Makefile:14: must set CVA6_REPO_DIR to point at the root of CVA6 sources and CVA6_TB_DIR to point here -- doing it for you...
LD_LIBRARY_PATH="$(realpath ../../tools/spike/lib):$LD_LIBRARY_PATH" \
	/home/server/RISCV/cva6/tools/spike/bin/spike --steps=2000000  --log-commits --isa=rv64gc_zba_zbb_zbs_zbc_zicsr_zifencei --priv=msu -l /home/server/RISCV/cva6/verif/sim/out/seed_1921/directed_asm_tests/new_seeds_1921_.o
[SPIKE] Max simulation steps: 2000000
[SPIKE] Proc 0 | ISA: rv64gc_zba_zbb_zbs_zbc_zicsr_zifencei PRIV: msu
[SPIKE] Initializing memories...
core   0: 0x0000000000010000 (0x00100413) li      s0, 1
core   0: 3 0x0000000000010000 (0x00100413) x8  0x0000000000000001
core   0: 0x0000000000010004 (0x01f41413) slli    s0, s0, 31
core   0: 3 0x0000000000010004 (0x01f41413) x8  0x0000000080000000
core   0: 0x0000000000010008 (0xf1402573) csrrs   a0, mhartid, zero
core   0: 3 0x0000000000010008 (0xf1402573) x10 0x0000000000000000
core   0: 0x000000000001000c (0x00000597) auipc   a1, 0x0
core   0: 3 0x000000000001000c (0x00000597) x11 0x000000000001000c
core   0: 0x0000000000010010 (0x07458593) addi    a1, a1, 116
core   0: 3 0x0000000000010010 (0x07458593) x11 0x0000000000010080
core   0: 0x0000000000010014 (0x00040067) jr      s0
core   0: 3 0x0000000000010014 (0x00040067)
core   0: >>>>  _start
core   0: 0x0000000080000000 (0x00004081) c.li    ra, 0
core   0: 3 0x0000000080000000 (0x4081) x1  0x0000000000000000
core   0: 0x0000000080000002 (0x00004101) c.li    sp, 0
core   0: 3 0x0000000080000002 (0x4101) x2  0x0000000000000000
core   0: 0x0000000080000004 (0x00004181) c.li    gp, 0
core   0: 3 0x0000000080000004 (0x4181) x3  0x0000000000000000
core   0: 0x0000000080000006 (0x00004201) c.li    tp, 0
core   0: 3 0x0000000080000006 (0x4201) x4  0x0000000000000000
core   0: 0x0000000080000008 (0x00004281) c.li    t0, 0
core   0: 3 0x0000000080000008 (0x4281) x5  0x0000000000000000
core   0: 0x000000008000000a (0x00004301) c.li    t1, 0
core   0: 3 0x000000008000000a (0x4301) x6  0x0000000000000000
core   0: 0x000000008000000c (0x00004381) c.li    t2, 0
core   0: 3 0x000000008000000c (0x4381) x7  0x0000000000000000
core   0: 0x000000008000000e (0x00004401) c.li    s0, 0
core   0: 3 0x000000008000000e (0x4401) x8  0x0000000000000000
core   0: 0x0000000080000010 (0x00004481) c.li    s1, 0
core   0: 3 0x0000000080000010 (0x4481) x9  0x0000000000000000
core   0: 0x0000000080000012 (0x00004501) c.li    a0, 0
core   0: 3 0x0000000080000012 (0x4501) x10 0x0000000000000000
core   0: 0x0000000080000014 (0x00004581) c.li    a1, 0
core   0: 3 0x0000000080000014 (0x4581) x11 0x0000000000000000
core   0: 0x0000000080000016 (0x00004601) c.li    a2, 0
core   0: 3 0x0000000080000016 (0x4601) x12 0x0000000000000000
core   0: 0x0000000080000018 (0x00004681) c.li    a3, 0
core   0: 3 0x0000000080000018 (0x4681) x13 0x0000000000000000
core   0: 0x000000008000001a (0x00004701) c.li    a4, 0
core   0: 3 0x000000008000001a (0x4701) x14 0x0000000000000000
core   0: 0x000000008000001c (0x00004781) c.li    a5, 0
core   0: 3 0x000000008000001c (0x4781) x15 0x0000000000000000
core   0: 0x000000008000001e (0x00004801) c.li    a6, 0
core   0: 3 0x000000008000001e (0x4801) x16 0x0000000000000000
core   0: 0x0000000080000020 (0x00004881) c.li    a7, 0
core   0: 3 0x0000000080000020 (0x4881) x17 0x0000000000000000
core   0: 0x0000000080000022 (0x00004901) c.li    s2, 0
core   0: 3 0x0000000080000022 (0x4901) x18 0x0000000000000000
core   0: 0x0000000080000024 (0x00004981) c.li    s3, 0
core   0: 3 0x0000000080000024 (0x4981) x19 0x0000000000000000
core   0: 0x0000000080000026 (0x00004a01) c.li    s4, 0
core   0: 3 0x0000000080000026 (0x4a01) x20 0x0000000000000000
core   0: 0x0000000080000028 (0x00004a81) c.li    s5, 0
core   0: 3 0x0000000080000028 (0x4a81) x21 0x0000000000000000
core   0: 0x000000008000002a (0x00004b01) c.li    s6, 0
core   0: 3 0x000000008000002a (0x4b01) x22 0x0000000000000000
core   0: 0x000000008000002c (0x00004b81) c.li    s7, 0
core   0: 3 0x000000008000002c (0x4b81) x23 0x0000000000000000
core   0: 0x000000008000002e (0x00004c01) c.li    s8, 0
core   0: 3 0x000000008000002e (0x4c01) x24 0x0000000000000000
core   0: 0x0000000080000030 (0x00004c81) c.li    s9, 0
core   0: 3 0x0000000080000030 (0x4c81) x25 0x0000000000000000
core   0: 0x0000000080000032 (0x00004d01) c.li    s10, 0
core   0: 3 0x0000000080000032 (0x4d01) x26 0x0000000000000000
core   0: 0x0000000080000034 (0x00004d81) c.li    s11, 0
core   0: 3 0x0000000080000034 (0x4d81) x27 0x0000000000000000
core   0: 0x0000000080000036 (0x00004e01) c.li    t3, 0
core   0: 3 0x0000000080000036 (0x4e01) x28 0x0000000000000000
core   0: 0x0000000080000038 (0x00004e81) c.li    t4, 0
core   0: 3 0x0000000080000038 (0x4e81) x29 0x0000000000000000
core   0: 0x000000008000003a (0x00004f01) c.li    t5, 0
core   0: 3 0x000000008000003a (0x4f01) x30 0x0000000000000000
core   0: 0x000000008000003c (0x00004f81) c.li    t6, 0
core   0: 3 0x000000008000003c (0x4f81) x31 0x0000000000000000
core   0: 0x000000008000003e (0x000062f9) c.lui   t0, 0x1e
core   0: 3 0x000000008000003e (0x62f9) x5  0x000000000001e000
core   0: 0x0000000080000040 (0x3002a073) csrrs   zero, mstatus, t0
core   0: 3 0x0000000080000040 (0x3002a073) c768_mstatus 0x8000000a00006000
core   0: 0x0000000080000044 (0x00004285) c.li    t0, 1
core   0: 3 0x0000000080000044 (0x4285) x5  0x0000000000000001
core   0: 0x0000000080000046 (0x000002fe) c.slli  t0, 31
core   0: 3 0x0000000080000046 (0x02fe) x5  0x0000000080000000
core   0: 0x0000000080000048 (0x0002d863) bge     t0, zero, pc + 16
core   0: 3 0x0000000080000048 (0x0002d863)
core   0: 0x0000000080000058 (0x00000297) auipc   t0, 0x0
core   0: 3 0x0000000080000058 (0x00000297) x5  0x0000000080000058
core   0: 0x000000008000005c (0x09028293) addi    t0, t0, 144
core   0: 3 0x000000008000005c (0x09028293) x5  0x00000000800000e8
core   0: 0x0000000080000060 (0x30529073) csrrw   zero, mtvec, t0
core   0: 3 0x0000000080000060 (0x30529073) c773_mtvec 0x00000000800000e8
core   0: 0x0000000080000064 (0x00301073) csrrw   zero, fcsr, zero
core   0: 3 0x0000000080000064 (0x00301073) c1_fflags 0x0000000000000000 c2_frm 0x0000000000000000
core   0: 0x0000000080000068 (0xf0000053) fmv.w.x ft0, zero
core   0: 3 0x0000000080000068 (0xf0000053) f0  0xffffffff00000000
core   0: 0x000000008000006c (0xf00000d3) fmv.w.x ft1, zero
core   0: 3 0x000000008000006c (0xf00000d3) f1  0xffffffff00000000
core   0: 0x0000000080000070 (0xf0000153) fmv.w.x ft2, zero
core   0: 3 0x0000000080000070 (0xf0000153) f2  0xffffffff00000000
core   0: 0x0000000080000074 (0xf00001d3) fmv.w.x ft3, zero
core   0: 3 0x0000000080000074 (0xf00001d3) f3  0xffffffff00000000
core   0: 0x0000000080000078 (0xf0000253) fmv.w.x ft4, zero
core   0: 3 0x0000000080000078 (0xf0000253) f4  0xffffffff00000000
core   0: 0x000000008000007c (0xf00002d3) fmv.w.x ft5, zero
core   0: 3 0x000000008000007c (0xf00002d3) f5  0xffffffff00000000
core   0: 0x0000000080000080 (0xf0000353) fmv.w.x ft6, zero
core   0: 3 0x0000000080000080 (0xf0000353) f6  0xffffffff00000000
core   0: 0x0000000080000084 (0xf00003d3) fmv.w.x ft7, zero
core   0: 3 0x0000000080000084 (0xf00003d3) f7  0xffffffff00000000
core   0: 0x0000000080000088 (0xf0000453) fmv.w.x fs0, zero
core   0: 3 0x0000000080000088 (0xf0000453) f8  0xffffffff00000000
core   0: 0x000000008000008c (0xf00004d3) fmv.w.x fs1, zero
core   0: 3 0x000000008000008c (0xf00004d3) f9  0xffffffff00000000
core   0: 0x0000000080000090 (0xf0000553) fmv.w.x fa0, zero
core   0: 3 0x0000000080000090 (0xf0000553) f10 0xffffffff00000000
core   0: 0x0000000080000094 (0xf00005d3) fmv.w.x fa1, zero
core   0: 3 0x0000000080000094 (0xf00005d3) f11 0xffffffff00000000
core   0: 0x0000000080000098 (0xf0000653) fmv.w.x fa2, zero
core   0: 3 0x0000000080000098 (0xf0000653) f12 0xffffffff00000000
core   0: 0x000000008000009c (0xf00006d3) fmv.w.x fa3, zero
core   0: 3 0x000000008000009c (0xf00006d3) f13 0xffffffff00000000
core   0: 0x00000000800000a0 (0xf0000753) fmv.w.x fa4, zero
core   0: 3 0x00000000800000a0 (0xf0000753) f14 0xffffffff00000000
core   0: 0x00000000800000a4 (0xf00007d3) fmv.w.x fa5, zero
core   0: 3 0x00000000800000a4 (0xf00007d3) f15 0xffffffff00000000
core   0: 0x00000000800000a8 (0xf0000853) fmv.w.x fa6, zero
core   0: 3 0x00000000800000a8 (0xf0000853) f16 0xffffffff00000000
core   0: 0x00000000800000ac (0xf00008d3) fmv.w.x fa7, zero
core   0: 3 0x00000000800000ac (0xf00008d3) f17 0xffffffff00000000
core   0: 0x00000000800000b0 (0xf0000953) fmv.w.x fs2, zero
core   0: 3 0x00000000800000b0 (0xf0000953) f18 0xffffffff00000000
core   0: 0x00000000800000b4 (0xf00009d3) fmv.w.x fs3, zero
core   0: 3 0x00000000800000b4 (0xf00009d3) f19 0xffffffff00000000
core   0: 0x00000000800000b8 (0xf0000a53) fmv.w.x fs4, zero
core   0: 3 0x00000000800000b8 (0xf0000a53) f20 0xffffffff00000000
core   0: 0x00000000800000bc (0xf0000ad3) fmv.w.x fs5, zero
core   0: 3 0x00000000800000bc (0xf0000ad3) f21 0xffffffff00000000
core   0: 0x00000000800000c0 (0xf0000b53) fmv.w.x fs6, zero
core   0: 3 0x00000000800000c0 (0xf0000b53) f22 0xffffffff00000000
core   0: 0x00000000800000c4 (0xf0000bd3) fmv.w.x fs7, zero
core   0: 3 0x00000000800000c4 (0xf0000bd3) f23 0xffffffff00000000
core   0: 0x00000000800000c8 (0xf0000c53) fmv.w.x fs8, zero
core   0: 3 0x00000000800000c8 (0xf0000c53) f24 0xffffffff00000000
core   0: 0x00000000800000cc (0xf0000cd3) fmv.w.x fs9, zero
core   0: 3 0x00000000800000cc (0xf0000cd3) f25 0xffffffff00000000
core   0: 0x00000000800000d0 (0xf0000d53) fmv.w.x fs10, zero
core   0: 3 0x00000000800000d0 (0xf0000d53) f26 0xffffffff00000000
core   0: 0x00000000800000d4 (0xf0000dd3) fmv.w.x fs11, zero
core   0: 3 0x00000000800000d4 (0xf0000dd3) f27 0xffffffff00000000
core   0: 0x00000000800000d8 (0xf0000e53) fmv.w.x ft8, zero
core   0: 3 0x00000000800000d8 (0xf0000e53) f28 0xffffffff00000000
core   0: 0x00000000800000dc (0xf0000ed3) fmv.w.x ft9, zero
core   0: 3 0x00000000800000dc (0xf0000ed3) f29 0xffffffff00000000
core   0: 0x00000000800000e0 (0xf0000f53) fmv.w.x ft10, zero
core   0: 3 0x00000000800000e0 (0xf0000f53) f30 0xffffffff00000000
core   0: 0x00000000800000e4 (0xf0000fd3) fmv.w.x ft11, zero
core   0: 3 0x00000000800000e4 (0xf0000fd3) f31 0xffffffff00000000
core   0: 0x00000000800000e8 (0x00000297) auipc   t0, 0x0
core   0: 3 0x00000000800000e8 (0x00000297) x5  0x00000000800000e8
core   0: 0x00000000800000ec (0x03c28293) addi    t0, t0, 60
core   0: 3 0x00000000800000ec (0x03c28293) x5  0x0000000080000124
core   0: 0x00000000800000f0 (0x30529073) csrrw   zero, mtvec, t0
core   0: 3 0x00000000800000f0 (0x30529073) c773_mtvec 0x0000000080000124
core   0: 0x00000000800000f4 (0x00012197) auipc   gp, 0x12
core   0: 3 0x00000000800000f4 (0x00012197) x3  0x00000000800120f4
core   0: 0x00000000800000f8 (0x73418193) addi    gp, gp, 1844
core   0: 3 0x00000000800000f8 (0x73418193) x3  0x0000000080012828
core   0: 0x00000000800000fc (0x00012217) auipc   tp, 0x12
core   0: 3 0x00000000800000fc (0x00012217) x4  0x00000000800120fc
core   0: 0x0000000080000100 (0xf8320213) addi    tp, tp, -125
core   0: 3 0x0000000080000100 (0xf8320213) x4  0x000000008001207f
core   0: 0x0000000080000104 (0xfc027213) andi    tp, tp, -64
core   0: 3 0x0000000080000104 (0xfc027213) x4  0x0000000080012040
core   0: 0x0000000080000108 (0xf1402573) csrrs   a0, mhartid, zero
core   0: 3 0x0000000080000108 (0xf1402573) x10 0x0000000000000000
core   0: 0x000000008000010c (0x00004585) c.li    a1, 1
core   0: 3 0x000000008000010c (0x4585) x11 0x0000000000000001
core   0: 0x000000008000010e (0x00b57063) bgeu    a0, a1, pc + 0
core   0: 3 0x000000008000010e (0x00b57063)
core   0: 0x0000000080000112 (0x00150113) addi    sp, a0, 1
core   0: 3 0x0000000080000112 (0x00150113) x2  0x0000000000000001
core   0: 0x0000000080000116 (0x00000146) c.slli  sp, 17
core   0: 3 0x0000000080000116 (0x0146) x2  0x0000000000020000
core   0: 0x0000000080000118 (0x00009112) c.add   sp, tp
core   0: 3 0x0000000080000118 (0x9112) x2  0x0000000080032040
core   0: 0x000000008000011a (0x01151613) slli    a2, a0, 17
core   0: 3 0x000000008000011a (0x01151613) x12 0x0000000000000000
core   0: 0x000000008000011e (0x00009232) c.add   tp, a2
core   0: 3 0x000000008000011e (0x9232) x4  0x0000000080012040
core   0: 0x0000000080000120 (0x31c0f06f) j       pc + 0xf31c
core   0: 3 0x0000000080000120 (0x31c0f06f)
core   0: >>>>  _init
core   0: 0x000000008000f43c (0x00007171) c.addi16sp sp, -176
core   0: 3 0x000000008000f43c (0x7171) x2  0x0000000080031f90
core   0: 0x000000008000f43e (0x0000f506) c.sdsp  ra, 168(sp)
core   0: 3 0x000000008000f43e (0xf506) mem 0x0000000080032038 0x0000000000000000
core   0: 0x000000008000f440 (0x0000f122) c.sdsp  s0, 160(sp)
core   0: 3 0x000000008000f440 (0xf122) mem 0x0000000080032030 0x0000000000000000
core   0: 0x000000008000f442 (0x0000ed26) c.sdsp  s1, 152(sp)
core   0: 3 0x000000008000f442 (0xed26) mem 0x0000000080032028 0x0000000000000000
core   0: 0x000000008000f444 (0x00001900) c.addi4spn s0, sp, 176
core   0: 3 0x000000008000f444 (0x1900) x8  0x0000000080032040
core   0: 0x000000008000f446 (0x000087aa) c.mv    a5, a0
core   0: 3 0x000000008000f446 (0x87aa) x15 0x0000000000000000
core   0: 0x000000008000f448 (0x0000872e) c.mv    a4, a1
core   0: 3 0x000000008000f448 (0x872e) x14 0x0000000000000001
core   0: 0x000000008000f44a (0xf4f42e23) sw      a5, -164(s0)
core   0: 3 0x000000008000f44a (0xf4f42e23) mem 0x0000000080031f9c 0x00000000
core   0: 0x000000008000f44e (0x000087ba) c.mv    a5, a4
core   0: 3 0x000000008000f44e (0x87ba) x15 0x0000000000000001
core   0: 0x000000008000f450 (0xf4f42c23) sw      a5, -168(s0)
core   0: 3 0x000000008000f450 (0xf4f42c23) mem 0x0000000080031f98 0x00000001
core   0: 0x000000008000f454 (0xfe040793) addi    a5, s0, -32
core   0: 3 0x000000008000f454 (0xfe040793) x15 0x0000000080032020
core   0: 0x000000008000f458 (0xf4f43823) sd      a5, -176(s0)
core   0: 3 0x000000008000f458 (0xf4f43823) mem 0x0000000080031f90 0x0000000080032020
core   0: 0x000000008000f45c (0xf5043783) ld      a5, -176(s0)
core   0: 3 0x000000008000f45c (0xf5043783) x15 0x0000000080032020 mem 0x0000000080031f90
core   0: 0x000000008000f460 (0xf8078793) addi    a5, a5, -128
core   0: 3 0x000000008000f460 (0xf8078793) x15 0x0000000080031fa0
core   0: 0x000000008000f464 (0x03f78793) addi    a5, a5, 63
core   0: 3 0x000000008000f464 (0x03f78793) x15 0x0000000080031fdf
core   0: 0x000000008000f468 (0x00008399) c.srli  a5, 6
core   0: 3 0x000000008000f468 (0x8399) x15 0x0000000002000c7f
core   0: 0x000000008000f46a (0x00679493) slli    s1, a5, 6
core   0: 3 0x000000008000f46a (0x00679493) x9  0x0000000080031fc0
core   0: 0x000000008000f46e (0xf65ff0ef) jal     pc - 0x9c
core   0: 3 0x000000008000f46e (0xf65ff0ef) x1  0x000000008000f472
core   0: >>>>  init_tls
core   0: 0x000000008000f3d2 (0x00001101) c.addi  sp, -32
core   0: 3 0x000000008000f3d2 (0x1101) x2  0x0000000080031f70
core   0: 0x000000008000f3d4 (0x0000ec06) c.sdsp  ra, 24(sp)
core   0: 3 0x000000008000f3d4 (0xec06) mem 0x0000000080031f88 0x000000008000f472
core   0: 0x000000008000f3d6 (0x0000e822) c.sdsp  s0, 16(sp)
core   0: 3 0x000000008000f3d6 (0xe822) mem 0x0000000080031f80 0x0000000080032040
core   0: 0x000000008000f3d8 (0x00001000) c.addi4spn s0, sp, 32
core   0: 3 0x000000008000f3d8 (0x1000) x8  0x0000000080031f90
core   0: 0x000000008000f3da (0x00003717) auipc   a4, 0x3
core   0: 3 0x000000008000f3da (0x00003717) x14 0x00000000800123da
core   0: 0x000000008000f3de (0xc4e70713) addi    a4, a4, -946
core   0: 3 0x000000008000f3de (0xc4e70713) x14 0x0000000080012028
core   0: 0x000000008000f3e2 (0x00003797) auipc   a5, 0x3
core   0: 3 0x000000008000f3e2 (0x00003797) x15 0x00000000800123e2
core   0: 0x000000008000f3e6 (0xc4678793) addi    a5, a5, -954
core   0: 3 0x000000008000f3e6 (0xc4678793) x15 0x0000000080012028
core   0: 0x000000008000f3ea (0x40f707b3) sub     a5, a4, a5
core   0: 3 0x000000008000f3ea (0x40f707b3) x15 0x0000000000000000
core   0: 0x000000008000f3ee (0xfef43423) sd      a5, -24(s0)
core   0: 3 0x000000008000f3ee (0xfef43423) mem 0x0000000080031f78 0x0000000000000000
core   0: 0x000000008000f3f2 (0x00008792) c.mv    a5, tp
core   0: 3 0x000000008000f3f2 (0x8792) x15 0x0000000080012040
core   0: 0x000000008000f3f4 (0xfe843603) ld      a2, -24(s0)
core   0: 3 0x000000008000f3f4 (0xfe843603) x12 0x0000000000000000 mem 0x0000000080031f78
core   0: 0x000000008000f3f8 (0x00003597) auipc   a1, 0x3
core   0: 3 0x000000008000f3f8 (0x00003597) x11 0x00000000800123f8
core   0: 0x000000008000f3fc (0xc3058593) addi    a1, a1, -976
core   0: 3 0x000000008000f3fc (0xc3058593) x11 0x0000000080012028
core   0: 0x000000008000f400 (0x0000853e) c.mv    a0, a5
core   0: 3 0x000000008000f400 (0x853e) x10 0x0000000080012040
core   0: 0x000000008000f402 (0x0f9000ef) jal     pc + 0x8f8
core   0: 3 0x000000008000f402 (0x0f9000ef) x1  0x000000008000f406
core   0: >>>>  memcpy
core   0: 0x000000008000fcfa (0x0000715d) c.addi16sp sp, -80
core   0: 3 0x000000008000fcfa (0x715d) x2  0x0000000080031f20
core   0: 0x000000008000fcfc (0x0000e4a2) c.sdsp  s0, 72(sp)
core   0: 3 0x000000008000fcfc (0xe4a2) mem 0x0000000080031f68 0x0000000080031f90
core   0: 0x000000008000fcfe (0x00000880) c.addi4spn s0, sp, 80
core   0: 3 0x000000008000fcfe (0x0880) x8  0x0000000080031f70
core   0: 0x000000008000fd00 (0xfca43423) sd      a0, -56(s0)
core   0: 3 0x000000008000fd00 (0xfca43423) mem 0x0000000080031f38 0x0000000080012040
core   0: 0x000000008000fd04 (0xfcb43023) sd      a1, -64(s0)
core   0: 3 0x000000008000fd04 (0xfcb43023) mem 0x0000000080031f30 0x0000000080012028
core   0: 0x000000008000fd08 (0xfac43c23) sd      a2, -72(s0)
core   0: 3 0x000000008000fd08 (0xfac43c23) mem 0x0000000080031f28 0x0000000000000000
core   0: 0x000000008000fd0c (0xfc843703) ld      a4, -56(s0)
core   0: 3 0x000000008000fd0c (0xfc843703) x14 0x0000000080012040 mem 0x0000000080031f38
core   0: 0x000000008000fd10 (0xfc043783) ld      a5, -64(s0)
core   0: 3 0x000000008000fd10 (0xfc043783) x15 0x0000000080012028 mem 0x0000000080031f30
core   0: 0x000000008000fd14 (0x00008f5d) c.or    a4, a5
core   0: 3 0x000000008000fd14 (0x8f5d) x14 0x0000000080012068
core   0: 0x000000008000fd16 (0xfb843783) ld      a5, -72(s0)
core   0: 3 0x000000008000fd16 (0xfb843783) x15 0x0000000000000000 mem 0x0000000080031f28
core   0: 0x000000008000fd1a (0x00008fd9) c.or    a5, a4
core   0: 3 0x000000008000fd1a (0x8fd9) x15 0x0000000080012068
core   0: 0x000000008000fd1c (0x00008b9d) c.andi  a5, 7
core   0: 3 0x000000008000fd1c (0x8b9d) x15 0x0000000000000000
core   0: 0x000000008000fd1e (0x0000e3b1) c.bnez  a5, pc + 68
core   0: 3 0x000000008000fd1e (0xe3b1)
core   0: 0x000000008000fd20 (0xfc043783) ld      a5, -64(s0)
core   0: 3 0x000000008000fd20 (0xfc043783) x15 0x0000000080012028 mem 0x0000000080031f30
core   0: 0x000000008000fd24 (0xfef43423) sd      a5, -24(s0)
core   0: 3 0x000000008000fd24 (0xfef43423) mem 0x0000000080031f58 0x0000000080012028
core   0: 0x000000008000fd28 (0xfc843783) ld      a5, -56(s0)
core   0: 3 0x000000008000fd28 (0xfc843783) x15 0x0000000080012040 mem 0x0000000080031f38
core   0: 0x000000008000fd2c (0xfef43023) sd      a5, -32(s0)
core   0: 3 0x000000008000fd2c (0xfef43023) mem 0x0000000080031f50 0x0000000080012040
core   0: 0x000000008000fd30 (0x0000a839) c.j     pc + 30
core   0: 3 0x000000008000fd30 (0xa839)
core   0: 0x000000008000fd4e (0xfc843703) ld      a4, -56(s0)
core   0: 3 0x000000008000fd4e (0xfc843703) x14 0x0000000080012040 mem 0x0000000080031f38
core   0: 0x000000008000fd52 (0xfb843783) ld      a5, -72(s0)
core   0: 3 0x000000008000fd52 (0xfb843783) x15 0x0000000000000000 mem 0x0000000080031f28
core   0: 0x000000008000fd56 (0x000097ba) c.add   a5, a4
core   0: 3 0x000000008000fd56 (0x97ba) x15 0x0000000080012040
core   0: 0x000000008000fd58 (0xfe043703) ld      a4, -32(s0)
core   0: 3 0x000000008000fd58 (0xfe043703) x14 0x0000000080012040 mem 0x0000000080031f50
core   0: 0x000000008000fd5c (0xfcf76be3) bltu    a4, a5, pc - 42
core   0: 3 0x000000008000fd5c (0xfcf76be3)
core   0: 0x000000008000fd60 (0x0000a099) c.j     pc + 70
core   0: 3 0x000000008000fd60 (0xa099)
core   0: 0x000000008000fda6 (0xfc843783) ld      a5, -56(s0)
core   0: 3 0x000000008000fda6 (0xfc843783) x15 0x0000000080012040 mem 0x0000000080031f38
core   0: 0x000000008000fdaa (0x0000853e) c.mv    a0, a5
core   0: 3 0x000000008000fdaa (0x853e) x10 0x0000000080012040
core   0: 0x000000008000fdac (0x00006426) c.ldsp  s0, 72(sp)
core   0: 3 0x000000008000fdac (0x6426) x8  0x0000000080031f90 mem 0x0000000080031f68
core   0: 0x000000008000fdae (0x00006161) c.addi16sp sp, 80
core   0: 3 0x000000008000fdae (0x6161) x2  0x0000000080031f70
core   0: 0x000000008000fdb0 (0x00008082) ret
core   0: 3 0x000000008000fdb0 (0x8082)
core   0: 0x000000008000f406 (0x00003717) auipc   a4, 0x3
core   0: 3 0x000000008000f406 (0x00003717) x14 0x0000000080012406
core   0: 0x000000008000f40a (0xcbe70713) addi    a4, a4, -834
core   0: 3 0x000000008000f40a (0xcbe70713) x14 0x00000000800120c4
core   0: 0x000000008000f40e (0x00003797) auipc   a5, 0x3
core   0: 3 0x000000008000f40e (0x00003797) x15 0x000000008001240e
core   0: 0x000000008000f412 (0xc1a78793) addi    a5, a5, -998
core   0: 3 0x000000008000f412 (0xc1a78793) x15 0x0000000080012028
core   0: 0x000000008000f416 (0x40f707b3) sub     a5, a4, a5
core   0: 3 0x000000008000f416 (0x40f707b3) x15 0x000000000000009c
core   0: 0x000000008000f41a (0xfef43023) sd      a5, -32(s0)
core   0: 3 0x000000008000f41a (0xfef43023) mem 0x0000000080031f70 0x000000000000009c
core   0: 0x000000008000f41e (0x00008712) c.mv    a4, tp
core   0: 3 0x000000008000f41e (0x8712) x14 0x0000000080012040
core   0: 0x000000008000f420 (0xfe843783) ld      a5, -24(s0)
core   0: 3 0x000000008000f420 (0xfe843783) x15 0x0000000000000000 mem 0x0000000080031f78
core   0: 0x000000008000f424 (0x000097ba) c.add   a5, a4
core   0: 3 0x000000008000f424 (0x97ba) x15 0x0000000080012040
core   0: 0x000000008000f426 (0xfe043603) ld      a2, -32(s0)
core   0: 3 0x000000008000f426 (0xfe043603) x12 0x000000000000009c mem 0x0000000080031f70
core   0: 0x000000008000f42a (0x00004581) c.li    a1, 0
core   0: 3 0x000000008000f42a (0x4581) x11 0x0000000000000000
core   0: 0x000000008000f42c (0x0000853e) c.mv    a0, a5
core   0: 3 0x000000008000f42c (0x853e) x10 0x0000000080012040
core   0: 0x000000008000f42e (0x185000ef) jal     pc + 0x984
core   0: 3 0x000000008000f42e (0x185000ef) x1  0x000000008000f432
core   0: >>>>  memset
core   0: 0x000000008000fdb2 (0x0000715d) c.addi16sp sp, -80
core   0: 3 0x000000008000fdb2 (0x715d) x2  0x0000000080031f20
core   0: 0x000000008000fdb4 (0x0000e4a2) c.sdsp  s0, 72(sp)
core   0: 3 0x000000008000fdb4 (0xe4a2) mem 0x0000000080031f68 0x0000000080031f90
core   0: 0x000000008000fdb6 (0x00000880) c.addi4spn s0, sp, 80
core   0: 3 0x000000008000fdb6 (0x0880) x8  0x0000000080031f70
core   0: 0x000000008000fdb8 (0xfca43423) sd      a0, -56(s0)
core   0: 3 0x000000008000fdb8 (0xfca43423) mem 0x0000000080031f38 0x0000000080012040
core   0: 0x000000008000fdbc (0x000087ae) c.mv    a5, a1
core   0: 3 0x000000008000fdbc (0x87ae) x15 0x0000000000000000
core   0: 0x000000008000fdbe (0xfac43c23) sd      a2, -72(s0)
core   0: 3 0x000000008000fdbe (0xfac43c23) mem 0x0000000080031f28 0x000000000000009c
core   0: 0x000000008000fdc2 (0xfcf42223) sw      a5, -60(s0)
core   0: 3 0x000000008000fdc2 (0xfcf42223) mem 0x0000000080031f34 0x00000000
core   0: 0x000000008000fdc6 (0xfc843703) ld      a4, -56(s0)
core   0: 3 0x000000008000fdc6 (0xfc843703) x14 0x0000000080012040 mem 0x0000000080031f38
core   0: 0x000000008000fdca (0xfb843783) ld      a5, -72(s0)
core   0: 3 0x000000008000fdca (0xfb843783) x15 0x000000000000009c mem 0x0000000080031f28
core   0: 0x000000008000fdce (0x00008fd9) c.or    a5, a4
core   0: 3 0x000000008000fdce (0x8fd9) x15 0x00000000800120dc
core   0: 0x000000008000fdd0 (0x00008b9d) c.andi  a5, 7
core   0: 3 0x000000008000fdd0 (0x8b9d) x15 0x0000000000000004
core   0: 0x000000008000fdd2 (0x0000e7bd) c.bnez  a5, pc + 110
core   0: 3 0x000000008000fdd2 (0xe7bd)
core   0: 0x000000008000fe40 (0xfc843783) ld      a5, -56(s0)
core   0: 3 0x000000008000fe40 (0xfc843783) x15 0x0000000080012040 mem 0x0000000080031f38
core   0: 0x000000008000fe44 (0xfef43023) sd      a5, -32(s0)
core   0: 3 0x000000008000fe44 (0xfef43023) mem 0x0000000080031f50 0x0000000080012040
core   0: 0x000000008000fe48 (0x0000a829) c.j     pc + 26
core   0: 3 0x000000008000fe48 (0xa829)
core   0: 0x000000008000fe62 (0xfc843703) ld      a4, -56(s0)
core   0: 3 0x000000008000fe62 (0xfc843703) x14 0x0000000080012040 mem 0x0000000080031f38
core   0: 0x000000008000fe66 (0xfb843783) ld      a5, -72(s0)
core   0: 3 0x000000008000fe66 (0xfb843783) x15 0x000000000000009c mem 0x0000000080031f28
core   0: 0x000000008000fe6a (0x000097ba) c.add   a5, a4
core   0: 3 0x000000008000fe6a (0x97ba) x15 0x00000000800120dc
core   0: 0x000000008000fe6c (0xfe043703) ld      a4, -32(s0)
core   0: 3 0x000000008000fe6c (0xfe043703) x14 0x0000000080012040 mem 0x0000000080031f50
core   0: 0x000000008000fe70 (0xfcf76de3) bltu    a4, a5, pc - 38
core   0: 3 0x000000008000fe70 (0xfcf76de3)
core   0: 0x000000008000fe4a (0xfe043783) ld      a5, -32(s0)
core   0: 3 0x000000008000fe4a (0xfe043783) x15 0x0000000080012040 mem 0x0000000080031f50
core   0: 0x000000008000fe4e (0x00178713) addi    a4, a5, 1
core   0: 3 0x000000008000fe4e (0x00178713) x14 0x0000000080012041
core   0: 0x000000008000fe52 (0xfee43023) sd      a4, -32(s0)
core   0: 3 0x000000008000fe52 (0xfee43023) mem 0x0000000080031f50 0x0000000080012041
core   0: 0x000000008000fe56 (0xfc442703) lw      a4, -60(s0)
core   0: 3 0x000000008000fe56 (0xfc442703) x14 0x0000000000000000 mem 0x0000000080031f34
core   0: 0x000000008000fe5a (0x0ff77713) andi    a4, a4, 255
core   0: 3 0x000000008000fe5a (0x0ff77713) x14 0x0000000000000000
core   0: 0x000000008000fe5e (0x00e78023) sb      a4, 0(a5)
core   0: 3 0x000000008000fe5e (0x00e78023) mem 0x0000000080012040 0x00
core   0: 0x000000008000fe62 (0xfc843703) ld      a4, -56(s0)
core   0: 3 0x000000008000fe62 (0xfc843703) x14 0x0000000080012040 mem 0x0000000080031f38
core   0: 0x000000008000fe66 (0xfb843783) ld      a5, -72(s0)
core   0: 3 0x000000008000fe66 (0xfb843783) x15 0x000000000000009c mem 0x0000000080031f28
core   0: 0x000000008000fe6a (0x000097ba) c.add   a5, a4
core   0: 3 0x000000008000fe6a (0x97ba) x15 0x00000000800120dc
core   0: 0x000000008000fe6c (0xfe043703) ld      a4, -32(s0)
core   0: 3 0x000000008000fe6c (0xfe043703) x14 0x0000000080012041 mem 0x0000000080031f50
core   0: 0x000000008000fe70 (0xfcf76de3) bltu    a4, a5, pc - 38
core   0: 3 0x000000008000fe70 (0xfcf76de3)
core   0: 0x000000008000fe4a (0xfe043783) ld      a5, -32(s0)
core   0: 3 0x000000008000fe4a (0xfe043783) x15 0x0000000080012041 mem 0x0000000080031f50
core   0: 0x000000008000fe4e (0x00178713) addi    a4, a5, 1
core   0: 3 0x000000008000fe4e (0x00178713) x14 0x0000000080012042
core   0: 0x000000008000fe52 (0xfee43023) sd      a4, -32(s0)
core   0: 3 0x000000008000fe52 (0xfee43023) mem 0x0000000080031f50 0x0000000080012042
core   0: 0x000000008000fe56 (0xfc442703) lw      a4, -60(s0)
core   0: 3 0x000000008000fe56 (0xfc442703) x14 0x0000000000000000 mem 0x0000000080031f34
core   0: 0x000000008000fe5a (0x0ff77713) andi    a4, a4, 255
core   0: 3 0x000000008000fe5a (0x0ff77713) x14 0x0000000000000000
core   0: 0x000000008000fe5e (0x00e78023) sb      a4, 0(a5)
core   0: 3 0x000000008000fe5e (0x00e78023) mem 0x0000000080012041 0x00
core   0: 0x000000008000fe62 (0xfc843703) ld      a4, -56(s0)
core   0: 3 0x000000008000fe62 (0xfc843703) x14 0x0000000080012040 mem 0x0000000080031f38
core   0: 0x000000008000fe66 (0xfb843783) ld      a5, -72(s0)
core   0: 3 0x000000008000fe66 (0xfb843783) x15 0x000000000000009c mem 0x0000000080031f28
core   0: 0x000000008000fe6a (0x000097ba) c.add   a5, a4
core   0: 3 0x000000008000fe6a (0x97ba) x15 0x00000000800120dc
core   0: 0x000000008000fe6c (0xfe043703) ld      a4, -32(s0)
core   0: 3 0x000000008000fe6c (0xfe043703) x14 0x0000000080012042 mem 0x0000000080031f50
core   0: 0x000000008000fe70 (0xfcf76de3) bltu    a4, a5, pc - 38
core   0: 3 0x000000008000fe70 (0xfcf76de3)
core   0: 0x000000008000fe4a (0xfe043783) ld      a5, -32(s0)
core   0: 3 0x000000008000fe4a (0xfe043783) x15 0x0000000080012042 mem 0x0000000080031f50
core   0: 0x000000008000fe4e (0x00178713) addi    a4, a5, 1
core   0: 3 0x000000008000fe4e (0x00178713) x14 0x0000000080012043
core   0: 0x000000008000fe52 (0xfee43023) sd      a4, -32(s0)
core   0: 3 0x000000008000fe52 (0xfee43023) mem 0x0000000080031f50 0x0000000080012043
core   0: 0x000000008000fe56 (0xfc442703) lw      a4, -60(s0)
core   0: 3 0x000000008000fe56 (0xfc442703) x14 0x0000000000000000 mem 0x0000000080031f34
core   0: 0x000000008000fe5a (0x0ff77713) andi    a4, a4, 255
core   0: 3 0x000000008000fe5a (0x0ff77713) x14 0x0000000000000000
core   0: 0x000000008000fe5e (0x00e78023) sb      a4, 0(a5)
core   0: 3 0x000000008000fe5e (0x00e78023) mem 0x0000000080012042 0x00
core   0: 0x000000008000fe62 (0xfc843703) ld      a4, -56(s0)
core   0: 3 0x000000008000fe62 (0xfc843703) x14 0x0000000080012040 mem 0x0000000080031f38
core   0: 0x000000008000fe66 (0xfb843783) ld      a5, -72(s0)
core   0: 3 0x000000008000fe66 (0xfb843783) x15 0x000000000000009c mem 0x0000000080031f28
core   0: 0x000000008000fe6a (0x000097ba) c.add   a5, a4
core   0: 3 0x000000008000fe6a (0x97ba) x15 0x00000000800120dc
core   0: 0x000000008000fe6c (0xfe043703) ld      a4, -32(s0)
core   0: 3 0x000000008000fe6c (0xfe043703) x14 0x0000000080012043 mem 0x0000000080031f50
core   0: 0x000000008000fe70 (0xfcf76de3) bltu    a4, a5, pc - 38
core   0: 3 0x000000008000fe70 (0xfcf76de3)
core   0: 0x000000008000fe4a (0xfe043783) ld      a5, -32(s0)
core   0: 3 0x000000008000fe4a (0xfe043783) x15 0x0000000080012043 mem 0x0000000080031f50
core   0: 0x000000008000fe4e (0x00178713) addi    a4, a5, 1
core   0: 3 0x000000008000fe4e (0x00178713) x14 0x0000000080012044
core   0: 0x000000008000fe52 (0xfee43023) sd      a4, -32(s0)
core   0: 3 0x000000008000fe52 (0xfee43023) mem 0x0000000080031f50 0x0000000080012044
core   0: 0x000000008000fe56 (0xfc442703) lw      a4, -60(s0)
core   0: 3 0x000000008000fe56 (0xfc442703) x14 0x0000000000000000 mem 0x0000000080031f34
core   0: 0x000000008000fe5a (0x0ff77713) andi    a4, a4, 255
core   0: 3 0x000000008000fe5a (0x0ff77713) x14 0x0000000000000000
core   0: 0x000000008000fe5e (0x00e78023) sb      a4, 0(a5)
core   0: 3 0x000000008000fe5e (0x00e78023) mem 0x0000000080012043 0x00
core   0: 0x000000008000fe62 (0xfc843703) ld      a4, -56(s0)
core   0: 3 0x000000008000fe62 (0xfc843703) x14 0x0000000080012040 mem 0x0000000080031f38
core   0: 0x000000008000fe66 (0xfb843783) ld      a5, -72(s0)
core   0: 3 0x000000008000fe66 (0xfb843783) x15 0x000000000000009c mem 0x0000000080031f28
core   0: 0x000000008000fe6a (0x000097ba) c.add   a5, a4
core   0: 3 0x000000008000fe6a (0x97ba) x15 0x00000000800120dc
core   0: 0x000000008000fe6c (0xfe043703) ld      a4, -32(s0)
core   0: 3 0x000000008000fe6c (0xfe043703) x14 0x0000000080012044 mem 0x0000000080031f50
core   0: 0x000000008000fe70 (0xfcf76de3) bltu    a4, a5, pc - 38
core   0: 3 0x000000008000fe70 (0xfcf76de3)
core   0: 0x000000008000fe4a (0xfe043783) ld      a5, -32(s0)
core   0: 3 0x000000008000fe4a (0xfe043783) x15 0x0000000080012044 mem 0x0000000080031f50
core   0: 0x000000008000fe4e (0x00178713) addi    a4, a5, 1
core   0: 3 0x000000008000fe4e (0x00178713) x14 0x0000000080012045
core   0: 0x000000008000fe52 (0xfee43023) sd      a4, -32(s0)
core   0: 3 0x000000008000fe52 (0xfee43023) mem 0x0000000080031f50 0x0000000080012045
core   0: 0x000000008000fe56 (0xfc442703) lw      a4, -60(s0)
core   0: 3 0x000000008000fe56 (0xfc442703) x14 0x0000000000000000 mem 0x0000000080031f34
core   0: 0x000000008000fe5a (0x0ff77713) andi    a4, a4, 255
core   0: 3 0x000000008000fe5a (0x0ff77713) x14 0x0000000000000000
core   0: 0x000000008000fe5e (0x00e78023) sb      a4, 0(a5)
core   0: 3 0x000000008000fe5e (0x00e78023) mem 0x0000000080012044 0x00
core   0: 0x000000008000fe62 (0xfc843703) ld      a4, -56(s0)
core   0: 3 0x000000008000fe62 (0xfc843703) x14 0x0000000080012040 mem 0x0000000080031f38
core   0: 0x000000008000fe66 (0xfb843783) ld      a5, -72(s0)
core   0: 3 0x000000008000fe66 (0xfb843783) x15 0x000000000000009c mem 0x0000000080031f28
core   0: 0x000000008000fe6a (0x000097ba) c.add   a5, a4
core   0: 3 0x000000008000fe6a (0x97ba) x15 0x00000000800120dc
core   0: 0x000000008000fe6c (0xfe043703) ld      a4, -32(s0)
core   0: 3 0x000000008000fe6c (0xfe043703) x14 0x0000000080012045 mem 0x0000000080031f50
core   0: 0x000000008000fe70 (0xfcf76de3) bltu    a4, a5, pc - 38
core   0: 3 0x000000008000fe70 (0xfcf76de3)
core   0: 0x000000008000fe4a (0xfe043783) ld      a5, -32(s0)
core   0: 3 0x000000008000fe4a (0xfe043783) x15 0x0000000080012045 mem 0x0000000080031f50
core   0: 0x000000008000fe4e (0x00178713) addi    a4, a5, 1
core   0: 3 0x000000008000fe4e (0x00178713) x14 0x0000000080012046
core   0: 0x000000008000fe52 (0xfee43023) sd      a4, -32(s0)
core   0: 3 0x000000008000fe52 (0xfee43023) mem 0x0000000080031f50 0x0000000080012046
core   0: 0x000000008000fe56 (0xfc442703) lw      a4, -60(s0)
core   0: 3 0x000000008000fe56 (0xfc442703) x14 0x0000000000000000 mem 0x0000000080031f34
core   0: 0x000000008000fe5a (0x0ff77713) andi    a4, a4, 255
core   0: 3 0x000000008000fe5a (0x0ff77713) x14 0x0000000000000000
core   0: 0x000000008000fe5e (0x00e78023) sb      a4, 0(a5)
core   0: 3 0x000000008000fe5e (0x00e78023) mem 0x0000000080012045 0x00
core   0: 0x000000008000fe62 (0xfc843703) ld      a4, -56(s0)
core   0: 3 0x000000008000fe62 (0xfc843703) x14 0x0000000080012040 mem 0x0000000080031f38
core   0: 0x000000008000fe66 (0xfb843783) ld      a5, -72(s0)
core   0: 3 0x000000008000fe66 (0xfb843783) x15 0x000000000000009c mem 0x0000000080031f28
core   0: 0x000000008000fe6a (0x000097ba) c.add   a5, a4
core   0: 3 0x000000008000fe6a (0x97ba) x15 0x00000000800120dc
core   0: 0x000000008000fe6c (0xfe043703) ld      a4, -32(s0)
core   0: 3 0x000000008000fe6c (0xfe043703) x14 0x0000000080012046 mem 0x0000000080031f50
core   0: 0x000000008000fe70 (0xfcf76de3) bltu    a4, a5, pc - 38
core   0: 3 0x000000008000fe70 (0xfcf76de3)
core   0: 0x000000008000fe4a (0xfe043783) ld      a5, -32(s0)
core   0: 3 0x000000008000fe4a (0xfe043783) x15 0x0000000080012046 mem 0x0000000080031f50
core   0: 0x000000008000fe4e (0x00178713) addi    a4, a5, 1
core   0: 3 0x000000008000fe4e (0x00178713) x14 0x0000000080012047
core   0: 0x000000008000fe52 (0xfee43023) sd      a4, -32(s0)
core   0: 3 0x000000008000fe52 (0xfee43023) mem 0x0000000080031f50 0x0000000080012047
core   0: 0x000000008000fe56 (0xfc442703) lw      a4, -60(s0)
core   0: 3 0x000000008000fe56 (0xfc442703) x14 0x0000000000000000 mem 0x0000000080031f34
core   0: 0x000000008000fe5a (0x0ff77713) andi    a4, a4, 255
core   0: 3 0x000000008000fe5a (0x0ff77713) x14 0x0000000000000000
core   0: 0x000000008000fe5e (0x00e78023) sb      a4, 0(a5)
core   0: 3 0x000000008000fe5e (0x00e78023) mem 0x0000000080012046 0x00
core   0: 0x000000008000fe62 (0xfc843703) ld      a4, -56(s0)
core   0: 3 0x000000008000fe62 (0xfc843703) x14 0x0000000080012040 mem 0x0000000080031f38
core   0: 0x000000008000fe66 (0xfb843783) ld      a5, -72(s0)
core   0: 3 0x000000008000fe66 (0xfb843783) x15 0x000000000000009c mem 0x0000000080031f28
core   0: 0x000000008000fe6a (0x000097ba) c.add   a5, a4
core   0: 3 0x000000008000fe6a (0x97ba) x15 0x00000000800120dc
core   0: 0x000000008000fe6c (0xfe043703) ld      a4, -32(s0)
core   0: 3 0x000000008000fe6c (0xfe043703) x14 0x0000000080012047 mem 0x0000000080031f50
core   0: 0x000000008000fe70 (0xfcf76de3) bltu    a4, a5, pc - 38
core   0: 3 0x000000008000fe70 (0xfcf76de3)
core   0: 0x000000008000fe4a (0xfe043783) ld      a5, -32(s0)
core   0: 3 0x000000008000fe4a (0xfe043783) x15 0x0000000080012047 mem 0x0000000080031f50
core   0: 0x000000008000fe4e (0x00178713) addi    a4, a5, 1
core   0: 3 0x000000008000fe4e (0x00178713) x14 0x0000000080012048
core   0: 0x000000008000fe52 (0xfee43023) sd      a4, -32(s0)
core   0: 3 0x000000008000fe52 (0xfee43023) mem 0x0000000080031f50 0x0000000080012048
core   0: 0x000000008000fe56 (0xfc442703) lw      a4, -60(s0)
core   0: 3 0x000000008000fe56 (0xfc442703) x14 0x0000000000000000 mem 0x0000000080031f34
core   0: 0x000000008000fe5a (0x0ff77713) andi    a4, a4, 255
core   0: 3 0x000000008000fe5a (0x0ff77713) x14 0x0000000000000000
core   0: 0x000000008000fe5e (0x00e78023) sb      a4, 0(a5)
core   0: 3 0x000000008000fe5e (0x00e78023) mem 0x0000000080012047 0x00
core   0: 0x000000008000fe62 (0xfc843703) ld      a4, -56(s0)
core   0: 3 0x000000008000fe62 (0xfc843703) x14 0x0000000080012040 mem 0x0000000080031f38
core   0: 0x000000008000fe66 (0xfb843783) ld      a5, -72(s0)
core   0: 3 0x000000008000fe66 (0xfb843783) x15 0x000000000000009c mem 0x0000000080031f28
core   0: 0x000000008000fe6a (0x000097ba) c.add   a5, a4
core   0: 3 0x000000008000fe6a (0x97ba) x15 0x00000000800120dc
core   0: 0x000000008000fe6c (0xfe043703) ld      a4, -32(s0)
core   0: 3 0x000000008000fe6c (0xfe043703) x14 0x0000000080012048 mem 0x0000000080031f50
core   0: 0x000000008000fe70 (0xfcf76de3) bltu    a4, a5, pc - 38
core   0: 3 0x000000008000fe70 (0xfcf76de3)
core   0: 0x000000008000fe4a (0xfe043783) ld      a5, -32(s0)
core   0: 3 0x000000008000fe4a (0xfe043783) x15 0x0000000080012048 mem 0x0000000080031f50
core   0: 0x000000008000fe4e (0x00178713) addi    a4, a5, 1
core   0: 3 0x000000008000fe4e (0x00178713) x14 0x0000000080012049
core   0: 0x000000008000fe52 (0xfee43023) sd      a4, -32(s0)
core   0: 3 0x000000008000fe52 (0xfee43023) mem 0x0000000080031f50 0x0000000080012049
core   0: 0x000000008000fe56 (0xfc442703) lw      a4, -60(s0)
core   0: 3 0x000000008000fe56 (0xfc442703) x14 0x0000000000000000 mem 0x0000000080031f34
core   0: 0x000000008000fe5a (0x0ff77713) andi    a4, a4, 255
core   0: 3 0x000000008000fe5a (0x0ff77713) x14 0x0000000000000000
core   0: 0x000000008000fe5e (0x00e78023) sb      a4, 0(a5)
core   0: 3 0x000000008000fe5e (0x00e78023) mem 0x0000000080012048 0x00
core   0: 0x000000008000fe62 (0xfc843703) ld      a4, -56(s0)
core   0: 3 0x000000008000fe62 (0xfc843703) x14 0x0000000080012040 mem 0x0000000080031f38
core   0: 0x000000008000fe66 (0xfb843783) ld      a5, -72(s0)
core   0: 3 0x000000008000fe66 (0xfb843783) x15 0x000000000000009c mem 0x0000000080031f28
core   0: 0x000000008000fe6a (0x000097ba) c.add   a5, a4
core   0: 3 0x000000008000fe6a (0x97ba) x15 0x00000000800120dc
core   0: 0x000000008000fe6c (0xfe043703) ld      a4, -32(s0)
core   0: 3 0x000000008000fe6c (0xfe043703) x14 0x0000000080012049 mem 0x0000000080031f50
core   0: 0x000000008000fe70 (0xfcf76de3) bltu    a4, a5, pc - 38
core   0: 3 0x000000008000fe70 (0xfcf76de3)
core   0: 0x000000008000fe4a (0xfe043783) ld      a5, -32(s0)
core   0: 3 0x000000008000fe4a (0xfe043783) x15 0x0000000080012049 mem 0x0000000080031f50
core   0: 0x000000008000fe4e (0x00178713) addi    a4, a5, 1
core   0: 3 0x000000008000fe4e (0x00178713) x14 0x000000008001204a
core   0: 0x000000008000fe52 (0xfee43023) sd      a4, -32(s0)
core   0: 3 0x000000008000fe52 (0xfee43023) mem 0x0000000080031f50 0x000000008001204a
core   0: 0x000000008000fe56 (0xfc442703) lw      a4, -60(s0)
core   0: 3 0x000000008000fe56 (0xfc442703) x14 0x0000000000000000 mem 0x0000000080031f34
core   0: 0x000000008000fe5a (0x0ff77713) andi    a4, a4, 255
core   0: 3 0x000000008000fe5a (0x0ff77713) x14 0x0000000000000000
core   0: 0x000000008000fe5e (0x00e78023) sb      a4, 0(a5)
core   0: 3 0x000000008000fe5e (0x00e78023) mem 0x0000000080012049 0x00
core   0: 0x000000008000fe62 (0xfc843703) ld      a4, -56(s0)
core   0: 3 0x000000008000fe62 (0xfc843703) x14 0x0000000080012040 mem 0x0000000080031f38
core   0: 0x000000008000fe66 (0xfb843783) ld      a5, -72(s0)
core   0: 3 0x000000008000fe66 (0xfb843783) x15 0x000000000000009c mem 0x0000000080031f28
core   0: 0x000000008000fe6a (0x000097ba) c.add   a5, a4
core   0: 3 0x000000008000fe6a (0x97ba) x15 0x00000000800120dc
core   0: 0x000000008000fe6c (0xfe043703) ld      a4, -32(s0)
core   0: 3 0x000000008000fe6c (0xfe043703) x14 0x000000008001204a mem 0x0000000080031f50
core   0: 0x000000008000fe70 (0xfcf76de3) bltu    a4, a5, pc - 38
core   0: 3 0x000000008000fe70 (0xfcf76de3)
core   0: 0x000000008000fe4a (0xfe043783) ld      a5, -32(s0)
core   0: 3 0x000000008000fe4a (0xfe043783) x15 0x000000008001204a mem 0x0000000080031f50
core   0: 0x000000008000fe4e (0x00178713) addi    a4, a5, 1
core   0: 3 0x000000008000fe4e (0x00178713) x14 0x000000008001204b
core   0: 0x000000008000fe52 (0xfee43023) sd      a4, -32(s0)
core   0: 3 0x000000008000fe52 (0xfee43023) mem 0x0000000080031f50 0x000000008001204b
core   0: 0x000000008000fe56 (0xfc442703) lw      a4, -60(s0)
core   0: 3 0x000000008000fe56 (0xfc442703) x14 0x0000000000000000 mem 0x0000000080031f34
core   0: 0x000000008000fe5a (0x0ff77713) andi    a4, a4, 255
core   0: 3 0x000000008000fe5a (0x0ff77713) x14 0x0000000000000000
core   0: 0x000000008000fe5e (0x00e78023) sb      a4, 0(a5)
core   0: 3 0x000000008000fe5e (0x00e78023) mem 0x000000008001204a 0x00
core   0: 0x000000008000fe62 (0xfc843703) ld      a4, -56(s0)
core   0: 3 0x000000008000fe62 (0xfc843703) x14 0x0000000080012040 mem 0x0000000080031f38
core   0: 0x000000008000fe66 (0xfb843783) ld      a5, -72(s0)
core   0: 3 0x000000008000fe66 (0xfb843783) x15 0x000000000000009c mem 0x0000000080031f28
core   0: 0x000000008000fe6a (0x000097ba) c.add   a5, a4
core   0: 3 0x000000008000fe6a (0x97ba) x15 0x00000000800120dc
core   0: 0x000000008000fe6c (0xfe043703) ld      a4, -32(s0)
core   0: 3 0x000000008000fe6c (0xfe043703) x14 0x000000008001204b mem 0x0000000080031f50
core   0: 0x000000008000fe70 (0xfcf76de3) bltu    a4, a5, pc - 38
core   0: 3 0x000000008000fe70 (0xfcf76de3)
core   0: 0x000000008000fe4a (0xfe043783) ld      a5, -32(s0)
core   0: 3 0x000000008000fe4a (0xfe043783) x15 0x000000008001204b mem 0x0000000080031f50
core   0: 0x000000008000fe4e (0x00178713) addi    a4, a5, 1
core   0: 3 0x000000008000fe4e (0x00178713) x14 0x000000008001204c
core   0: 0x000000008000fe52 (0xfee43023) sd      a4, -32(s0)
core   0: 3 0x000000008000fe52 (0xfee43023) mem 0x0000000080031f50 0x000000008001204c
core   0: 0x000000008000fe56 (0xfc442703) lw      a4, -60(s0)
core   0: 3 0x000000008000fe56 (0xfc442703) x14 0x0000000000000000 mem 0x0000000080031f34
core   0: 0x000000008000fe5a (0x0ff77713) andi    a4, a4, 255
core   0: 3 0x000000008000fe5a (0x0ff77713) x14 0x0000000000000000
core   0: 0x000000008000fe5e (0x00e78023) sb      a4, 0(a5)
core   0: 3 0x000000008000fe5e (0x00e78023) mem 0x000000008001204b 0x00
core   0: 0x000000008000fe62 (0xfc843703) ld      a4, -56(s0)
core   0: 3 0x000000008000fe62 (0xfc843703) x14 0x0000000080012040 mem 0x0000000080031f38
core   0: 0x000000008000fe66 (0xfb843783) ld      a5, -72(s0)
core   0: 3 0x000000008000fe66 (0xfb843783) x15 0x000000000000009c mem 0x0000000080031f28
core   0: 0x000000008000fe6a (0x000097ba) c.add   a5, a4
core   0: 3 0x000000008000fe6a (0x97ba) x15 0x00000000800120dc
core   0: 0x000000008000fe6c (0xfe043703) ld      a4, -32(s0)
core   0: 3 0x000000008000fe6c (0xfe043703) x14 0x000000008001204c mem 0x0000000080031f50
core   0: 0x000000008000fe70 (0xfcf76de3) bltu    a4, a5, pc - 38
core   0: 3 0x000000008000fe70 (0xfcf76de3)
core   0: 0x000000008000fe4a (0xfe043783) ld      a5, -32(s0)
core   0: 3 0x000000008000fe4a (0xfe043783) x15 0x000000008001204c mem 0x0000000080031f50
core   0: 0x000000008000fe4e (0x00178713) addi    a4, a5, 1
core   0: 3 0x000000008000fe4e (0x00178713) x14 0x000000008001204d
core   0: 0x000000008000fe52 (0xfee43023) sd      a4, -32(s0)
core   0: 3 0x000000008000fe52 (0xfee43023) mem 0x0000000080031f50 0x000000008001204d
core   0: 0x000000008000fe56 (0xfc442703) lw      a4, -60(s0)
core   0: 3 0x000000008000fe56 (0xfc442703) x14 0x0000000000000000 mem 0x0000000080031f34
core   0: 0x000000008000fe5a (0x0ff77713) andi    a4, a4, 255
core   0: 3 0x000000008000fe5a (0x0ff77713) x14 0x0000000000000000
core   0: 0x000000008000fe5e (0x00e78023) sb      a4, 0(a5)
core   0: 3 0x000000008000fe5e (0x00e78023) mem 0x000000008001204c 0x00
core   0: 0x000000008000fe62 (0xfc843703) ld      a4, -56(s0)
core   0: 3 0x000000008000fe62 (0xfc843703) x14 0x0000000080012040 mem 0x0000000080031f38
core   0: 0x000000008000fe66 (0xfb843783) ld      a5, -72(s0)
core   0: 3 0x000000008000fe66 (0xfb843783) x15 0x000000000000009c mem 0x0000000080031f28
core   0: 0x000000008000fe6a (0x000097ba) c.add   a5, a4
core   0: 3 0x000000008000fe6a (0x97ba) x15 0x00000000800120dc
core   0: 0x000000008000fe6c (0xfe043703) ld      a4, -32(s0)
core   0: 3 0x000000008000fe6c (0xfe043703) x14 0x000000008001204d mem 0x0000000080031f50
core   0: 0x000000008000fe70 (0xfcf76de3) bltu    a4, a5, pc - 38
core   0: 3 0x000000008000fe70 (0xfcf76de3)
core   0: 0x000000008000fe4a (0xfe043783) ld      a5, -32(s0)
core   0: 3 0x000000008000fe4a (0xfe043783) x15 0x000000008001204d mem 0x0000000080031f50
core   0: 0x000000008000fe4e (0x00178713) addi    a4, a5, 1
core   0: 3 0x000000008000fe4e (0x00178713) x14 0x000000008001204e
core   0: 0x000000008000fe52 (0xfee43023) sd      a4, -32(s0)
core   0: 3 0x000000008000fe52 (0xfee43023) mem 0x0000000080031f50 0x000000008001204e
core   0: 0x000000008000fe56 (0xfc442703) lw      a4, -60(s0)
core   0: 3 0x000000008000fe56 (0xfc442703) x14 0x0000000000000000 mem 0x0000000080031f34
core   0: 0x000000008000fe5a (0x0ff77713) andi    a4, a4, 255
core   0: 3 0x000000008000fe5a (0x0ff77713) x14 0x0000000000000000
core   0: 0x000000008000fe5e (0x00e78023) sb      a4, 0(a5)
core   0: 3 0x000000008000fe5e (0x00e78023) mem 0x000000008001204d 0x00
core   0: 0x000000008000fe62 (0xfc843703) ld      a4, -56(s0)
core   0: 3 0x000000008000fe62 (0xfc843703) x14 0x0000000080012040 mem 0x0000000080031f38
core   0: 0x000000008000fe66 (0xfb843783) ld      a5, -72(s0)
core   0: 3 0x000000008000fe66 (0xfb843783) x15 0x000000000000009c mem 0x0000000080031f28
core   0: 0x000000008000fe6a (0x000097ba) c.add   a5, a4
core   0: 3 0x000000008000fe6a (0x97ba) x15 0x00000000800120dc
core   0: 0x000000008000fe6c (0xfe043703) ld      a4, -32(s0)
core   0: 3 0x000000008000fe6c (0xfe043703) x14 0x000000008001204e mem 0x0000000080031f50
core   0: 0x000000008000fe70 (0xfcf76de3) bltu    a4, a5, pc - 38
core   0: 3 0x000000008000fe70 (0xfcf76de3)
core   0: 0x000000008000fe4a (0xfe043783) ld      a5, -32(s0)
core   0: 3 0x000000008000fe4a (0xfe043783) x15 0x000000008001204e mem 0x0000000080031f50
core   0: 0x000000008000fe4e (0x00178713) addi    a4, a5, 1
core   0: 3 0x000000008000fe4e (0x00178713) x14 0x000000008001204f
core   0: 0x000000008000fe52 (0xfee43023) sd      a4, -32(s0)
core   0: 3 0x000000008000fe52 (0xfee43023) mem 0x0000000080031f50 0x000000008001204f
core   0: 0x000000008000fe56 (0xfc442703) lw      a4, -60(s0)
core   0: 3 0x000000008000fe56 (0xfc442703) x14 0x0000000000000000 mem 0x0000000080031f34
core   0: 0x000000008000fe5a (0x0ff77713) andi    a4, a4, 255
core   0: 3 0x000000008000fe5a (0x0ff77713) x14 0x0000000000000000
core   0: 0x000000008000fe5e (0x00e78023) sb      a4, 0(a5)
core   0: 3 0x000000008000fe5e (0x00e78023) mem 0x000000008001204e 0x00
core   0: 0x000000008000fe62 (0xfc843703) ld      a4, -56(s0)
core   0: 3 0x000000008000fe62 (0xfc843703) x14 0x0000000080012040 mem 0x0000000080031f38
core   0: 0x000000008000fe66 (0xfb843783) ld      a5, -72(s0)
core   0: 3 0x000000008000fe66 (0xfb843783) x15 0x000000000000009c mem 0x0000000080031f28
core   0: 0x000000008000fe6a (0x000097ba) c.add   a5, a4
core   0: 3 0x000000008000fe6a (0x97ba) x15 0x00000000800120dc
core   0: 0x000000008000fe6c (0xfe043703) ld      a4, -32(s0)
core   0: 3 0x000000008000fe6c (0xfe043703) x14 0x000000008001204f mem 0x0000000080031f50
core   0: 0x000000008000fe70 (0xfcf76de3) bltu    a4, a5, pc - 38
core   0: 3 0x000000008000fe70 (0xfcf76de3)
core   0: 0x000000008000fe4a (0xfe043783) ld      a5, -32(s0)
core   0: 3 0x000000008000fe4a (0xfe043783) x15 0x000000008001204f mem 0x0000000080031f50
core   0: 0x000000008000fe4e (0x00178713) addi    a4, a5, 1
core   0: 3 0x000000008000fe4e (0x00178713) x14 0x0000000080012050
core   0: 0x000000008000fe52 (0xfee43023) sd      a4, -32(s0)
core   0: 3 0x000000008000fe52 (0xfee43023) mem 0x0000000080031f50 0x0000000080012050
core   0: 0x000000008000fe56 (0xfc442703) lw      a4, -60(s0)
core   0: 3 0x000000008000fe56 (0xfc442703) x14 0x0000000000000000 mem 0x0000000080031f34
core   0: 0x000000008000fe5a (0x0ff77713) andi    a4, a4, 255
core   0: 3 0x000000008000fe5a (0x0ff77713) x14 0x0000000000000000
core   0: 0x000000008000fe5e (0x00e78023) sb      a4, 0(a5)
core   0: 3 0x000000008000fe5e (0x00e78023) mem 0x000000008001204f 0x00
core   0: 0x000000008000fe62 (0xfc843703) ld      a4, -56(s0)
core   0: 3 0x000000008000fe62 (0xfc843703) x14 0x0000000080012040 mem 0x0000000080031f38
core   0: 0x000000008000fe66 (0xfb843783) ld      a5, -72(s0)
core   0: 3 0x000000008000fe66 (0xfb843783) x15 0x000000000000009c mem 0x0000000080031f28
core   0: 0x000000008000fe6a (0x000097ba) c.add   a5, a4
core   0: 3 0x000000008000fe6a (0x97ba) x15 0x00000000800120dc
core   0: 0x000000008000fe6c (0xfe043703) ld      a4, -32(s0)
core   0: 3 0x000000008000fe6c (0xfe043703) x14 0x0000000080012050 mem 0x0000000080031f50
core   0: 0x000000008000fe70 (0xfcf76de3) bltu    a4, a5, pc - 38
core   0: 3 0x000000008000fe70 (0xfcf76de3)
core   0: 0x000000008000fe4a (0xfe043783) ld      a5, -32(s0)
core   0: 3 0x000000008000fe4a (0xfe043783) x15 0x0000000080012050 mem 0x0000000080031f50
core   0: 0x000000008000fe4e (0x00178713) addi    a4, a5, 1
core   0: 3 0x000000008000fe4e (0x00178713) x14 0x0000000080012051
core   0: 0x000000008000fe52 (0xfee43023) sd      a4, -32(s0)
core   0: 3 0x000000008000fe52 (0xfee43023) mem 0x0000000080031f50 0x0000000080012051
core   0: 0x000000008000fe56 (0xfc442703) lw      a4, -60(s0)
core   0: 3 0x000000008000fe56 (0xfc442703) x14 0x0000000000000000 mem 0x0000000080031f34
core   0: 0x000000008000fe5a (0x0ff77713) andi    a4, a4, 255
core   0: 3 0x000000008000fe5a (0x0ff77713) x14 0x0000000000000000
core   0: 0x000000008000fe5e (0x00e78023) sb      a4, 0(a5)
core   0: 3 0x000000008000fe5e (0x00e78023) mem 0x0000000080012050 0x00
core   0: 0x000000008000fe62 (0xfc843703) ld      a4, -56(s0)
core   0: 3 0x000000008000fe62 (0xfc843703) x14 0x0000000080012040 mem 0x0000000080031f38
core   0: 0x000000008000fe66 (0xfb843783) ld      a5, -72(s0)
core   0: 3 0x000000008000fe66 (0xfb843783) x15 0x000000000000009c mem 0x0000000080031f28
core   0: 0x000000008000fe6a (0x000097ba) c.add   a5, a4
core   0: 3 0x000000008000fe6a (0x97ba) x15 0x00000000800120dc
core   0: 0x000000008000fe6c (0xfe043703) ld      a4, -32(s0)
core   0: 3 0x000000008000fe6c (0xfe043703) x14 0x0000000080012051 mem 0x0000000080031f50
core   0: 0x000000008000fe70 (0xfcf76de3) bltu    a4, a5, pc - 38
core   0: 3 0x000000008000fe70 (0xfcf76de3)
core   0: 0x000000008000fe4a (0xfe043783) ld      a5, -32(s0)
core   0: 3 0x000000008000fe4a (0xfe043783) x15 0x0000000080012051 mem 0x0000000080031f50
core   0: 0x000000008000fe4e (0x00178713) addi    a4, a5, 1
core   0: 3 0x000000008000fe4e (0x00178713) x14 0x0000000080012052
core   0: 0x000000008000fe52 (0xfee43023) sd      a4, -32(s0)
core   0: 3 0x000000008000fe52 (0xfee43023) mem 0x0000000080031f50 0x0000000080012052
core   0: 0x000000008000fe56 (0xfc442703) lw      a4, -60(s0)
core   0: 3 0x000000008000fe56 (0xfc442703) x14 0x0000000000000000 mem 0x0000000080031f34
core   0: 0x000000008000fe5a (0x0ff77713) andi    a4, a4, 255
core   0: 3 0x000000008000fe5a (0x0ff77713) x14 0x0000000000000000
core   0: 0x000000008000fe5e (0x00e78023) sb      a4, 0(a5)
core   0: 3 0x000000008000fe5e (0x00e78023) mem 0x0000000080012051 0x00
core   0: 0x000000008000fe62 (0xfc843703) ld      a4, -56(s0)
core   0: 3 0x000000008000fe62 (0xfc843703) x14 0x0000000080012040 mem 0x0000000080031f38
core   0: 0x000000008000fe66 (0xfb843783) ld      a5, -72(s0)
core   0: 3 0x000000008000fe66 (0xfb843783) x15 0x000000000000009c mem 0x0000000080031f28
core   0: 0x000000008000fe6a (0x000097ba) c.add   a5, a4
core   0: 3 0x000000008000fe6a (0x97ba) x15 0x00000000800120dc
core   0: 0x000000008000fe6c (0xfe043703) ld      a4, -32(s0)
core   0: 3 0x000000008000fe6c (0xfe043703) x14 0x0000000080012052 mem 0x0000000080031f50
core   0: 0x000000008000fe70 (0xfcf76de3) bltu    a4, a5, pc - 38
core   0: 3 0x000000008000fe70 (0xfcf76de3)
core   0: 0x000000008000fe4a (0xfe043783) ld      a5, -32(s0)
core   0: 3 0x000000008000fe4a (0xfe043783) x15 0x0000000080012052 mem 0x0000000080031f50
core   0: 0x000000008000fe4e (0x00178713) addi    a4, a5, 1
core   0: 3 0x000000008000fe4e (0x00178713) x14 0x0000000080012053
core   0: 0x000000008000fe52 (0xfee43023) sd      a4, -32(s0)
core   0: 3 0x000000008000fe52 (0xfee43023) mem 0x0000000080031f50 0x0000000080012053
core   0: 0x000000008000fe56 (0xfc442703) lw      a4, -60(s0)
core   0: 3 0x000000008000fe56 (0xfc442703) x14 0x0000000000000000 mem 0x0000000080031f34
core   0: 0x000000008000fe5a (0x0ff77713) andi    a4, a4, 255
core   0: 3 0x000000008000fe5a (0x0ff77713) x14 0x0000000000000000
core   0: 0x000000008000fe5e (0x00e78023) sb      a4, 0(a5)
core   0: 3 0x000000008000fe5e (0x00e78023) mem 0x0000000080012052 0x00
core   0: 0x000000008000fe62 (0xfc843703) ld      a4, -56(s0)
core   0: 3 0x000000008000fe62 (0xfc843703) x14 0x0000000080012040 mem 0x0000000080031f38
core   0: 0x000000008000fe66 (0xfb843783) ld      a5, -72(s0)
core   0: 3 0x000000008000fe66 (0xfb843783) x15 0x000000000000009c mem 0x0000000080031f28
core   0: 0x000000008000fe6a (0x000097ba) c.add   a5, a4
core   0: 3 0x000000008000fe6a (0x97ba) x15 0x00000000800120dc
core   0: 0x000000008000fe6c (0xfe043703) ld      a4, -32(s0)
core   0: 3 0x000000008000fe6c (0xfe043703) x14 0x0000000080012053 mem 0x0000000080031f50
core   0: 0x000000008000fe70 (0xfcf76de3) bltu    a4, a5, pc - 38
core   0: 3 0x000000008000fe70 (0xfcf76de3)
core   0: 0x000000008000fe4a (0xfe043783) ld      a5, -32(s0)
core   0: 3 0x000000008000fe4a (0xfe043783) x15 0x0000000080012053 mem 0x0000000080031f50
core   0: 0x000000008000fe4e (0x00178713) addi    a4, a5, 1
core   0: 3 0x000000008000fe4e (0x00178713) x14 0x0000000080012054
core   0: 0x000000008000fe52 (0xfee43023) sd      a4, -32(s0)
core   0: 3 0x000000008000fe52 (0xfee43023) mem 0x0000000080031f50 0x0000000080012054
core   0: 0x000000008000fe56 (0xfc442703) lw      a4, -60(s0)
core   0: 3 0x000000008000fe56 (0xfc442703) x14 0x0000000000000000 mem 0x0000000080031f34
core   0: 0x000000008000fe5a (0x0ff77713) andi    a4, a4, 255
core   0: 3 0x000000008000fe5a (0x0ff77713) x14 0x0000000000000000
core   0: 0x000000008000fe5e (0x00e78023) sb      a4, 0(a5)
core   0: 3 0x000000008000fe5e (0x00e78023) mem 0x0000000080012053 0x00
core   0: 0x000000008000fe62 (0xfc843703) ld      a4, -56(s0)
core   0: 3 0x000000008000fe62 (0xfc843703) x14 0x0000000080012040 mem 0x0000000080031f38
core   0: 0x000000008000fe66 (0xfb843783) ld      a5, -72(s0)
core   0: 3 0x000000008000fe66 (0xfb843783) x15 0x000000000000009c mem 0x0000000080031f28
core   0: 0x000000008000fe6a (0x000097ba) c.add   a5, a4
core   0: 3 0x000000008000fe6a (0x97ba) x15 0x00000000800120dc
core   0: 0x000000008000fe6c (0xfe043703) ld      a4, -32(s0)
core   0: 3 0x000000008000fe6c (0xfe043703) x14 0x0000000080012054 mem 0x0000000080031f50
core   0: 0x000000008000fe70 (0xfcf76de3) bltu    a4, a5, pc - 38
core   0: 3 0x000000008000fe70 (0xfcf76de3)
core   0: 0x000000008000fe4a (0xfe043783) ld      a5, -32(s0)
core   0: 3 0x000000008000fe4a (0xfe043783) x15 0x0000000080012054 mem 0x0000000080031f50
core   0: 0x000000008000fe4e (0x00178713) addi    a4, a5, 1
core   0: 3 0x000000008000fe4e (0x00178713) x14 0x0000000080012055
core   0: 0x000000008000fe52 (0xfee43023) sd      a4, -32(s0)
core   0: 3 0x000000008000fe52 (0xfee43023) mem 0x0000000080031f50 0x0000000080012055
core   0: 0x000000008000fe56 (0xfc442703) lw      a4, -60(s0)
core   0: 3 0x000000008000fe56 (0xfc442703) x14 0x0000000000000000 mem 0x0000000080031f34
core   0: 0x000000008000fe5a (0x0ff77713) andi    a4, a4, 255
core   0: 3 0x000000008000fe5a (0x0ff77713) x14 0x0000000000000000
core   0: 0x000000008000fe5e (0x00e78023) sb      a4, 0(a5)
core   0: 3 0x000000008000fe5e (0x00e78023) mem 0x0000000080012054 0x00
core   0: 0x000000008000fe62 (0xfc843703) ld      a4, -56(s0)
core   0: 3 0x000000008000fe62 (0xfc843703) x14 0x0000000080012040 mem 0x0000000080031f38
core   0: 0x000000008000fe66 (0xfb843783) ld      a5, -72(s0)
core   0: 3 0x000000008000fe66 (0xfb843783) x15 0x000000000000009c mem 0x0000000080031f28
core   0: 0x000000008000fe6a (0x000097ba) c.add   a5, a4
core   0: 3 0x000000008000fe6a (0x97ba) x15 0x00000000800120dc
core   0: 0x000000008000fe6c (0xfe043703) ld      a4, -32(s0)
core   0: 3 0x000000008000fe6c (0xfe043703) x14 0x0000000080012055 mem 0x0000000080031f50
core   0: 0x000000008000fe70 (0xfcf76de3) bltu    a4, a5, pc - 38
core   0: 3 0x000000008000fe70 (0xfcf76de3)
core   0: 0x000000008000fe4a (0xfe043783) ld      a5, -32(s0)
core   0: 3 0x000000008000fe4a (0xfe043783) x15 0x0000000080012055 mem 0x0000000080031f50
core   0: 0x000000008000fe4e (0x00178713) addi    a4, a5, 1
core   0: 3 0x000000008000fe4e (0x00178713) x14 0x0000000080012056
core   0: 0x000000008000fe52 (0xfee43023) sd      a4, -32(s0)
core   0: 3 0x000000008000fe52 (0xfee43023) mem 0x0000000080031f50 0x0000000080012056
core   0: 0x000000008000fe56 (0xfc442703) lw      a4, -60(s0)
core   0: 3 0x000000008000fe56 (0xfc442703) x14 0x0000000000000000 mem 0x0000000080031f34
core   0: 0x000000008000fe5a (0x0ff77713) andi    a4, a4, 255
core   0: 3 0x000000008000fe5a (0x0ff77713) x14 0x0000000000000000
core   0: 0x000000008000fe5e (0x00e78023) sb      a4, 0(a5)
core   0: 3 0x000000008000fe5e (0x00e78023) mem 0x0000000080012055 0x00
core   0: 0x000000008000fe62 (0xfc843703) ld      a4, -56(s0)
core   0: 3 0x000000008000fe62 (0xfc843703) x14 0x0000000080012040 mem 0x0000000080031f38
core   0: 0x000000008000fe66 (0xfb843783) ld      a5, -72(s0)
core   0: 3 0x000000008000fe66 (0xfb843783) x15 0x000000000000009c mem 0x0000000080031f28
core   0: 0x000000008000fe6a (0x000097ba) c.add   a5, a4
core   0: 3 0x000000008000fe6a (0x97ba) x15 0x00000000800120dc
core   0: 0x000000008000fe6c (0xfe043703) ld      a4, -32(s0)
core   0: 3 0x000000008000fe6c (0xfe043703) x14 0x0000000080012056 mem 0x0000000080031f50
core   0: 0x000000008000fe70 (0xfcf76de3) bltu    a4, a5, pc - 38
core   0: 3 0x000000008000fe70 (0xfcf76de3)
core   0: 0x000000008000fe4a (0xfe043783) ld      a5, -32(s0)
core   0: 3 0x000000008000fe4a (0xfe043783) x15 0x0000000080012056 mem 0x0000000080031f50
core   0: 0x000000008000fe4e (0x00178713) addi    a4, a5, 1
core   0: 3 0x000000008000fe4e (0x00178713) x14 0x0000000080012057
core   0: 0x000000008000fe52 (0xfee43023) sd      a4, -32(s0)
core   0: 3 0x000000008000fe52 (0xfee43023) mem 0x0000000080031f50 0x0000000080012057
core   0: 0x000000008000fe56 (0xfc442703) lw      a4, -60(s0)
core   0: 3 0x000000008000fe56 (0xfc442703) x14 0x0000000000000000 mem 0x0000000080031f34
core   0: 0x000000008000fe5a (0x0ff77713) andi    a4, a4, 255
core   0: 3 0x000000008000fe5a (0x0ff77713) x14 0x0000000000000000
core   0: 0x000000008000fe5e (0x00e78023) sb      a4, 0(a5)
core   0: 3 0x000000008000fe5e (0x00e78023) mem 0x0000000080012056 0x00
core   0: 0x000000008000fe62 (0xfc843703) ld      a4, -56(s0)
core   0: 3 0x000000008000fe62 (0xfc843703) x14 0x0000000080012040 mem 0x0000000080031f38
core   0: 0x000000008000fe66 (0xfb843783) ld      a5, -72(s0)
core   0: 3 0x000000008000fe66 (0xfb843783) x15 0x000000000000009c mem 0x0000000080031f28
core   0: 0x000000008000fe6a (0x000097ba) c.add   a5, a4
core   0: 3 0x000000008000fe6a (0x97ba) x15 0x00000000800120dc
core   0: 0x000000008000fe6c (0xfe043703) ld      a4, -32(s0)
core   0: 3 0x000000008000fe6c (0xfe043703) x14 0x0000000080012057 mem 0x0000000080031f50
core   0: 0x000000008000fe70 (0xfcf76de3) bltu    a4, a5, pc - 38
core   0: 3 0x000000008000fe70 (0xfcf76de3)
core   0: 0x000000008000fe4a (0xfe043783) ld      a5, -32(s0)
core   0: 3 0x000000008000fe4a (0xfe043783) x15 0x0000000080012057 mem 0x0000000080031f50
core   0: 0x000000008000fe4e (0x00178713) addi    a4, a5, 1
core   0: 3 0x000000008000fe4e (0x00178713) x14 0x0000000080012058
core   0: 0x000000008000fe52 (0xfee43023) sd      a4, -32(s0)
core   0: 3 0x000000008000fe52 (0xfee43023) mem 0x0000000080031f50 0x0000000080012058
core   0: 0x000000008000fe56 (0xfc442703) lw      a4, -60(s0)
core   0: 3 0x000000008000fe56 (0xfc442703) x14 0x0000000000000000 mem 0x0000000080031f34
core   0: 0x000000008000fe5a (0x0ff77713) andi    a4, a4, 255
core   0: 3 0x000000008000fe5a (0x0ff77713) x14 0x0000000000000000
core   0: 0x000000008000fe5e (0x00e78023) sb      a4, 0(a5)
core   0: 3 0x000000008000fe5e (0x00e78023) mem 0x0000000080012057 0x00
core   0: 0x000000008000fe62 (0xfc843703) ld      a4, -56(s0)
core   0: 3 0x000000008000fe62 (0xfc843703) x14 0x0000000080012040 mem 0x0000000080031f38
core   0: 0x000000008000fe66 (0xfb843783) ld      a5, -72(s0)
core   0: 3 0x000000008000fe66 (0xfb843783) x15 0x000000000000009c mem 0x0000000080031f28
core   0: 0x000000008000fe6a (0x000097ba) c.add   a5, a4
core   0: 3 0x000000008000fe6a (0x97ba) x15 0x00000000800120dc
core   0: 0x000000008000fe6c (0xfe043703) ld      a4, -32(s0)
core   0: 3 0x000000008000fe6c (0xfe043703) x14 0x0000000080012058 mem 0x0000000080031f50
core   0: 0x000000008000fe70 (0xfcf76de3) bltu    a4, a5, pc - 38
core   0: 3 0x000000008000fe70 (0xfcf76de3)
core   0: 0x000000008000fe4a (0xfe043783) ld      a5, -32(s0)
core   0: 3 0x000000008000fe4a (0xfe043783) x15 0x0000000080012058 mem 0x0000000080031f50
core   0: 0x000000008000fe4e (0x00178713) addi    a4, a5, 1
core   0: 3 0x000000008000fe4e (0x00178713) x14 0x0000000080012059
core   0: 0x000000008000fe52 (0xfee43023) sd      a4, -32(s0)
core   0: 3 0x000000008000fe52 (0xfee43023) mem 0x0000000080031f50 0x0000000080012059
core   0: 0x000000008000fe56 (0xfc442703) lw      a4, -60(s0)
core   0: 3 0x000000008000fe56 (0xfc442703) x14 0x0000000000000000 mem 0x0000000080031f34
core   0: 0x000000008000fe5a (0x0ff77713) andi    a4, a4, 255
core   0: 3 0x000000008000fe5a (0x0ff77713) x14 0x0000000000000000
core   0: 0x000000008000fe5e (0x00e78023) sb      a4, 0(a5)
core   0: 3 0x000000008000fe5e (0x00e78023) mem 0x0000000080012058 0x00
core   0: 0x000000008000fe62 (0xfc843703) ld      a4, -56(s0)
core   0: 3 0x000000008000fe62 (0xfc843703) x14 0x0000000080012040 mem 0x0000000080031f38
core   0: 0x000000008000fe66 (0xfb843783) ld      a5, -72(s0)
core   0: 3 0x000000008000fe66 (0xfb843783) x15 0x000000000000009c mem 0x0000000080031f28
core   0: 0x000000008000fe6a (0x000097ba) c.add   a5, a4
core   0: 3 0x000000008000fe6a (0x97ba) x15 0x00000000800120dc
core   0: 0x000000008000fe6c (0xfe043703) ld      a4, -32(s0)
core   0: 3 0x000000008000fe6c (0xfe043703) x14 0x0000000080012059 mem 0x0000000080031f50
core   0: 0x000000008000fe70 (0xfcf76de3) bltu    a4, a5, pc - 38
core   0: 3 0x000000008000fe70 (0xfcf76de3)
core   0: 0x000000008000fe4a (0xfe043783) ld      a5, -32(s0)
core   0: 3 0x000000008000fe4a (0xfe043783) x15 0x0000000080012059 mem 0x0000000080031f50
core   0: 0x000000008000fe4e (0x00178713) addi    a4, a5, 1
core   0: 3 0x000000008000fe4e (0x00178713) x14 0x000000008001205a
core   0: 0x000000008000fe52 (0xfee43023) sd      a4, -32(s0)
core   0: 3 0x000000008000fe52 (0xfee43023) mem 0x0000000080031f50 0x000000008001205a
core   0: 0x000000008000fe56 (0xfc442703) lw      a4, -60(s0)
core   0: 3 0x000000008000fe56 (0xfc442703) x14 0x0000000000000000 mem 0x0000000080031f34
core   0: 0x000000008000fe5a (0x0ff77713) andi    a4, a4, 255
core   0: 3 0x000000008000fe5a (0x0ff77713) x14 0x0000000000000000
core   0: 0x000000008000fe5e (0x00e78023) sb      a4, 0(a5)
core   0: 3 0x000000008000fe5e (0x00e78023) mem 0x0000000080012059 0x00
core   0: 0x000000008000fe62 (0xfc843703) ld      a4, -56(s0)
core   0: 3 0x000000008000fe62 (0xfc843703) x14 0x0000000080012040 mem 0x0000000080031f38
core   0: 0x000000008000fe66 (0xfb843783) ld      a5, -72(s0)
core   0: 3 0x000000008000fe66 (0xfb843783) x15 0x000000000000009c mem 0x0000000080031f28
core   0: 0x000000008000fe6a (0x000097ba) c.add   a5, a4
core   0: 3 0x000000008000fe6a (0x97ba) x15 0x00000000800120dc
core   0: 0x000000008000fe6c (0xfe043703) ld      a4, -32(s0)
core   0: 3 0x000000008000fe6c (0xfe043703) x14 0x000000008001205a mem 0x0000000080031f50
core   0: 0x000000008000fe70 (0xfcf76de3) bltu    a4, a5, pc - 38
core   0: 3 0x000000008000fe70 (0xfcf76de3)
core   0: 0x000000008000fe4a (0xfe043783) ld      a5, -32(s0)
core   0: 3 0x000000008000fe4a (0xfe043783) x15 0x000000008001205a mem 0x0000000080031f50
core   0: 0x000000008000fe4e (0x00178713) addi    a4, a5, 1
core   0: 3 0x000000008000fe4e (0x00178713) x14 0x000000008001205b
core   0: 0x000000008000fe52 (0xfee43023) sd      a4, -32(s0)
core   0: 3 0x000000008000fe52 (0xfee43023) mem 0x0000000080031f50 0x000000008001205b
core   0: 0x000000008000fe56 (0xfc442703) lw      a4, -60(s0)
core   0: 3 0x000000008000fe56 (0xfc442703) x14 0x0000000000000000 mem 0x0000000080031f34
core   0: 0x000000008000fe5a (0x0ff77713) andi    a4, a4, 255
core   0: 3 0x000000008000fe5a (0x0ff77713) x14 0x0000000000000000
core   0: 0x000000008000fe5e (0x00e78023) sb      a4, 0(a5)
core   0: 3 0x000000008000fe5e (0x00e78023) mem 0x000000008001205a 0x00
core   0: 0x000000008000fe62 (0xfc843703) ld      a4, -56(s0)
core   0: 3 0x000000008000fe62 (0xfc843703) x14 0x0000000080012040 mem 0x0000000080031f38
core   0: 0x000000008000fe66 (0xfb843783) ld      a5, -72(s0)
core   0: 3 0x000000008000fe66 (0xfb843783) x15 0x000000000000009c mem 0x0000000080031f28
core   0: 0x000000008000fe6a (0x000097ba) c.add   a5, a4
core   0: 3 0x000000008000fe6a (0x97ba) x15 0x00000000800120dc
core   0: 0x000000008000fe6c (0xfe043703) ld      a4, -32(s0)
core   0: 3 0x000000008000fe6c (0xfe043703) x14 0x000000008001205b mem 0x0000000080031f50
core   0: 0x000000008000fe70 (0xfcf76de3) bltu    a4, a5, pc - 38
core   0: 3 0x000000008000fe70 (0xfcf76de3)
core   0: 0x000000008000fe4a (0xfe043783) ld      a5, -32(s0)
core   0: 3 0x000000008000fe4a (0xfe043783) x15 0x000000008001205b mem 0x0000000080031f50
core   0: 0x000000008000fe4e (0x00178713) addi    a4, a5, 1
core   0: 3 0x000000008000fe4e (0x00178713) x14 0x000000008001205c
core   0: 0x000000008000fe52 (0xfee43023) sd      a4, -32(s0)
core   0: 3 0x000000008000fe52 (0xfee43023) mem 0x0000000080031f50 0x000000008001205c
core   0: 0x000000008000fe56 (0xfc442703) lw      a4, -60(s0)
core   0: 3 0x000000008000fe56 (0xfc442703) x14 0x0000000000000000 mem 0x0000000080031f34
core   0: 0x000000008000fe5a (0x0ff77713) andi    a4, a4, 255
core   0: 3 0x000000008000fe5a (0x0ff77713) x14 0x0000000000000000
core   0: 0x000000008000fe5e (0x00e78023) sb      a4, 0(a5)
core   0: 3 0x000000008000fe5e (0x00e78023) mem 0x000000008001205b 0x00
core   0: 0x000000008000fe62 (0xfc843703) ld      a4, -56(s0)
core   0: 3 0x000000008000fe62 (0xfc843703) x14 0x0000000080012040 mem 0x0000000080031f38
core   0: 0x000000008000fe66 (0xfb843783) ld      a5, -72(s0)
core   0: 3 0x000000008000fe66 (0xfb843783) x15 0x000000000000009c mem 0x0000000080031f28
core   0: 0x000000008000fe6a (0x000097ba) c.add   a5, a4
core   0: 3 0x000000008000fe6a (0x97ba) x15 0x00000000800120dc
core   0: 0x000000008000fe6c (0xfe043703) ld      a4, -32(s0)
core   0: 3 0x000000008000fe6c (0xfe043703) x14 0x000000008001205c mem 0x0000000080031f50
core   0: 0x000000008000fe70 (0xfcf76de3) bltu    a4, a5, pc - 38
core   0: 3 0x000000008000fe70 (0xfcf76de3)
core   0: 0x000000008000fe4a (0xfe043783) ld      a5, -32(s0)
core   0: 3 0x000000008000fe4a (0xfe043783) x15 0x000000008001205c mem 0x0000000080031f50
core   0: 0x000000008000fe4e (0x00178713) addi    a4, a5, 1
core   0: 3 0x000000008000fe4e (0x00178713) x14 0x000000008001205d
core   0: 0x000000008000fe52 (0xfee43023) sd      a4, -32(s0)
core   0: 3 0x000000008000fe52 (0xfee43023) mem 0x0000000080031f50 0x000000008001205d
core   0: 0x000000008000fe56 (0xfc442703) lw      a4, -60(s0)
core   0: 3 0x000000008000fe56 (0xfc442703) x14 0x0000000000000000 mem 0x0000000080031f34
core   0: 0x000000008000fe5a (0x0ff77713) andi    a4, a4, 255
core   0: 3 0x000000008000fe5a (0x0ff77713) x14 0x0000000000000000
core   0: 0x000000008000fe5e (0x00e78023) sb      a4, 0(a5)
core   0: 3 0x000000008000fe5e (0x00e78023) mem 0x000000008001205c 0x00
core   0: 0x000000008000fe62 (0xfc843703) ld      a4, -56(s0)
core   0: 3 0x000000008000fe62 (0xfc843703) x14 0x0000000080012040 mem 0x0000000080031f38
core   0: 0x000000008000fe66 (0xfb843783) ld      a5, -72(s0)
core   0: 3 0x000000008000fe66 (0xfb843783) x15 0x000000000000009c mem 0x0000000080031f28
core   0: 0x000000008000fe6a (0x000097ba) c.add   a5, a4
core   0: 3 0x000000008000fe6a (0x97ba) x15 0x00000000800120dc
core   0: 0x000000008000fe6c (0xfe043703) ld      a4, -32(s0)
core   0: 3 0x000000008000fe6c (0xfe043703) x14 0x000000008001205d mem 0x0000000080031f50
core   0: 0x000000008000fe70 (0xfcf76de3) bltu    a4, a5, pc - 38
core   0: 3 0x000000008000fe70 (0xfcf76de3)
core   0: 0x000000008000fe4a (0xfe043783) ld      a5, -32(s0)
core   0: 3 0x000000008000fe4a (0xfe043783) x15 0x000000008001205d mem 0x0000000080031f50
core   0: 0x000000008000fe4e (0x00178713) addi    a4, a5, 1
core   0: 3 0x000000008000fe4e (0x00178713) x14 0x000000008001205e
core   0: 0x000000008000fe52 (0xfee43023) sd      a4, -32(s0)
core   0: 3 0x000000008000fe52 (0xfee43023) mem 0x0000000080031f50 0x000000008001205e
core   0: 0x000000008000fe56 (0xfc442703) lw      a4, -60(s0)
core   0: 3 0x000000008000fe56 (0xfc442703) x14 0x0000000000000000 mem 0x0000000080031f34
core   0: 0x000000008000fe5a (0x0ff77713) andi    a4, a4, 255
core   0: 3 0x000000008000fe5a (0x0ff77713) x14 0x0000000000000000
core   0: 0x000000008000fe5e (0x00e78023) sb      a4, 0(a5)
core   0: 3 0x000000008000fe5e (0x00e78023) mem 0x000000008001205d 0x00
core   0: 0x000000008000fe62 (0xfc843703) ld      a4, -56(s0)
core   0: 3 0x000000008000fe62 (0xfc843703) x14 0x0000000080012040 mem 0x0000000080031f38
core   0: 0x000000008000fe66 (0xfb843783) ld      a5, -72(s0)
core   0: 3 0x000000008000fe66 (0xfb843783) x15 0x000000000000009c mem 0x0000000080031f28
core   0: 0x000000008000fe6a (0x000097ba) c.add   a5, a4
core   0: 3 0x000000008000fe6a (0x97ba) x15 0x00000000800120dc
core   0: 0x000000008000fe6c (0xfe043703) ld      a4, -32(s0)
core   0: 3 0x000000008000fe6c (0xfe043703) x14 0x000000008001205e mem 0x0000000080031f50
core   0: 0x000000008000fe70 (0xfcf76de3) bltu    a4, a5, pc - 38
core   0: 3 0x000000008000fe70 (0xfcf76de3)
core   0: 0x000000008000fe4a (0xfe043783) ld      a5, -32(s0)
core   0: 3 0x000000008000fe4a (0xfe043783) x15 0x000000008001205e mem 0x0000000080031f50
core   0: 0x000000008000fe4e (0x00178713) addi    a4, a5, 1
core   0: 3 0x000000008000fe4e (0x00178713) x14 0x000000008001205f
core   0: 0x000000008000fe52 (0xfee43023) sd      a4, -32(s0)
core   0: 3 0x000000008000fe52 (0xfee43023) mem 0x0000000080031f50 0x000000008001205f
core   0: 0x000000008000fe56 (0xfc442703) lw      a4, -60(s0)
core   0: 3 0x000000008000fe56 (0xfc442703) x14 0x0000000000000000 mem 0x0000000080031f34
core   0: 0x000000008000fe5a (0x0ff77713) andi    a4, a4, 255
core   0: 3 0x000000008000fe5a (0x0ff77713) x14 0x0000000000000000
core   0: 0x000000008000fe5e (0x00e78023) sb      a4, 0(a5)
core   0: 3 0x000000008000fe5e (0x00e78023) mem 0x000000008001205e 0x00
core   0: 0x000000008000fe62 (0xfc843703) ld      a4, -56(s0)
core   0: 3 0x000000008000fe62 (0xfc843703) x14 0x0000000080012040 mem 0x0000000080031f38
core   0: 0x000000008000fe66 (0xfb843783) ld      a5, -72(s0)
core   0: 3 0x000000008000fe66 (0xfb843783) x15 0x000000000000009c mem 0x0000000080031f28
core   0: 0x000000008000fe6a (0x000097ba) c.add   a5, a4
core   0: 3 0x000000008000fe6a (0x97ba) x15 0x00000000800120dc
core   0: 0x000000008000fe6c (0xfe043703) ld      a4, -32(s0)
core   0: 3 0x000000008000fe6c (0xfe043703) x14 0x000000008001205f mem 0x0000000080031f50
core   0: 0x000000008000fe70 (0xfcf76de3) bltu    a4, a5, pc - 38
core   0: 3 0x000000008000fe70 (0xfcf76de3)
core   0: 0x000000008000fe4a (0xfe043783) ld      a5, -32(s0)
core   0: 3 0x000000008000fe4a (0xfe043783) x15 0x000000008001205f mem 0x0000000080031f50
core   0: 0x000000008000fe4e (0x00178713) addi    a4, a5, 1
core   0: 3 0x000000008000fe4e (0x00178713) x14 0x0000000080012060
core   0: 0x000000008000fe52 (0xfee43023) sd      a4, -32(s0)
core   0: 3 0x000000008000fe52 (0xfee43023) mem 0x0000000080031f50 0x0000000080012060
core   0: 0x000000008000fe56 (0xfc442703) lw      a4, -60(s0)
core   0: 3 0x000000008000fe56 (0xfc442703) x14 0x0000000000000000 mem 0x0000000080031f34
core   0: 0x000000008000fe5a (0x0ff77713) andi    a4, a4, 255
core   0: 3 0x000000008000fe5a (0x0ff77713) x14 0x0000000000000000
core   0: 0x000000008000fe5e (0x00e78023) sb      a4, 0(a5)
core   0: 3 0x000000008000fe5e (0x00e78023) mem 0x000000008001205f 0x00
core   0: 0x000000008000fe62 (0xfc843703) ld      a4, -56(s0)
core   0: 3 0x000000008000fe62 (0xfc843703) x14 0x0000000080012040 mem 0x0000000080031f38
core   0: 0x000000008000fe66 (0xfb843783) ld      a5, -72(s0)
core   0: 3 0x000000008000fe66 (0xfb843783) x15 0x000000000000009c mem 0x0000000080031f28
core   0: 0x000000008000fe6a (0x000097ba) c.add   a5, a4
core   0: 3 0x000000008000fe6a (0x97ba) x15 0x00000000800120dc
core   0: 0x000000008000fe6c (0xfe043703) ld      a4, -32(s0)
core   0: 3 0x000000008000fe6c (0xfe043703) x14 0x0000000080012060 mem 0x0000000080031f50
core   0: 0x000000008000fe70 (0xfcf76de3) bltu    a4, a5, pc - 38
core   0: 3 0x000000008000fe70 (0xfcf76de3)
core   0: 0x000000008000fe4a (0xfe043783) ld      a5, -32(s0)
core   0: 3 0x000000008000fe4a (0xfe043783) x15 0x0000000080012060 mem 0x0000000080031f50
core   0: 0x000000008000fe4e (0x00178713) addi    a4, a5, 1
core   0: 3 0x000000008000fe4e (0x00178713) x14 0x0000000080012061
core   0: 0x000000008000fe52 (0xfee43023) sd      a4, -32(s0)
core   0: 3 0x000000008000fe52 (0xfee43023) mem 0x0000000080031f50 0x0000000080012061
core   0: 0x000000008000fe56 (0xfc442703) lw      a4, -60(s0)
core   0: 3 0x000000008000fe56 (0xfc442703) x14 0x0000000000000000 mem 0x0000000080031f34
core   0: 0x000000008000fe5a (0x0ff77713) andi    a4, a4, 255
core   0: 3 0x000000008000fe5a (0x0ff77713) x14 0x0000000000000000
core   0: 0x000000008000fe5e (0x00e78023) sb      a4, 0(a5)
core   0: 3 0x000000008000fe5e (0x00e78023) mem 0x0000000080012060 0x00
core   0: 0x000000008000fe62 (0xfc843703) ld      a4, -56(s0)
core   0: 3 0x000000008000fe62 (0xfc843703) x14 0x0000000080012040 mem 0x0000000080031f38
core   0: 0x000000008000fe66 (0xfb843783) ld      a5, -72(s0)
core   0: 3 0x000000008000fe66 (0xfb843783) x15 0x000000000000009c mem 0x0000000080031f28
core   0: 0x000000008000fe6a (0x000097ba) c.add   a5, a4
core   0: 3 0x000000008000fe6a (0x97ba) x15 0x00000000800120dc
core   0: 0x000000008000fe6c (0xfe043703) ld      a4, -32(s0)
core   0: 3 0x000000008000fe6c (0xfe043703) x14 0x0000000080012061 mem 0x0000000080031f50
core   0: 0x000000008000fe70 (0xfcf76de3) bltu    a4, a5, pc - 38
core   0: 3 0x000000008000fe70 (0xfcf76de3)
core   0: 0x000000008000fe4a (0xfe043783) ld      a5, -32(s0)
core   0: 3 0x000000008000fe4a (0xfe043783) x15 0x0000000080012061 mem 0x0000000080031f50
core   0: 0x000000008000fe4e (0x00178713) addi    a4, a5, 1
core   0: 3 0x000000008000fe4e (0x00178713) x14 0x0000000080012062
core   0: 0x000000008000fe52 (0xfee43023) sd      a4, -32(s0)
core   0: 3 0x000000008000fe52 (0xfee43023) mem 0x0000000080031f50 0x0000000080012062
core   0: 0x000000008000fe56 (0xfc442703) lw      a4, -60(s0)
core   0: 3 0x000000008000fe56 (0xfc442703) x14 0x0000000000000000 mem 0x0000000080031f34
core   0: 0x000000008000fe5a (0x0ff77713) andi    a4, a4, 255
core   0: 3 0x000000008000fe5a (0x0ff77713) x14 0x0000000000000000
core   0: 0x000000008000fe5e (0x00e78023) sb      a4, 0(a5)
core   0: 3 0x000000008000fe5e (0x00e78023) mem 0x0000000080012061 0x00
core   0: 0x000000008000fe62 (0xfc843703) ld      a4, -56(s0)
core   0: 3 0x000000008000fe62 (0xfc843703) x14 0x0000000080012040 mem 0x0000000080031f38
core   0: 0x000000008000fe66 (0xfb843783) ld      a5, -72(s0)
core   0: 3 0x000000008000fe66 (0xfb843783) x15 0x000000000000009c mem 0x0000000080031f28
core   0: 0x000000008000fe6a (0x000097ba) c.add   a5, a4
core   0: 3 0x000000008000fe6a (0x97ba) x15 0x00000000800120dc
core   0: 0x000000008000fe6c (0xfe043703) ld      a4, -32(s0)
core   0: 3 0x000000008000fe6c (0xfe043703) x14 0x0000000080012062 mem 0x0000000080031f50
core   0: 0x000000008000fe70 (0xfcf76de3) bltu    a4, a5, pc - 38
core   0: 3 0x000000008000fe70 (0xfcf76de3)
core   0: 0x000000008000fe4a (0xfe043783) ld      a5, -32(s0)
core   0: 3 0x000000008000fe4a (0xfe043783) x15 0x0000000080012062 mem 0x0000000080031f50
core   0: 0x000000008000fe4e (0x00178713) addi    a4, a5, 1
core   0: 3 0x000000008000fe4e (0x00178713) x14 0x0000000080012063
core   0: 0x000000008000fe52 (0xfee43023) sd      a4, -32(s0)
core   0: 3 0x000000008000fe52 (0xfee43023) mem 0x0000000080031f50 0x0000000080012063
core   0: 0x000000008000fe56 (0xfc442703) lw      a4, -60(s0)
core   0: 3 0x000000008000fe56 (0xfc442703) x14 0x0000000000000000 mem 0x0000000080031f34
core   0: 0x000000008000fe5a (0x0ff77713) andi    a4, a4, 255
core   0: 3 0x000000008000fe5a (0x0ff77713) x14 0x0000000000000000
core   0: 0x000000008000fe5e (0x00e78023) sb      a4, 0(a5)
core   0: 3 0x000000008000fe5e (0x00e78023) mem 0x0000000080012062 0x00
core   0: 0x000000008000fe62 (0xfc843703) ld      a4, -56(s0)
core   0: 3 0x000000008000fe62 (0xfc843703) x14 0x0000000080012040 mem 0x0000000080031f38
core   0: 0x000000008000fe66 (0xfb843783) ld      a5, -72(s0)
core   0: 3 0x000000008000fe66 (0xfb843783) x15 0x000000000000009c mem 0x0000000080031f28
core   0: 0x000000008000fe6a (0x000097ba) c.add   a5, a4
core   0: 3 0x000000008000fe6a (0x97ba) x15 0x00000000800120dc
core   0: 0x000000008000fe6c (0xfe043703) ld      a4, -32(s0)
core   0: 3 0x000000008000fe6c (0xfe043703) x14 0x0000000080012063 mem 0x0000000080031f50
core   0: 0x000000008000fe70 (0xfcf76de3) bltu    a4, a5, pc - 38
core   0: 3 0x000000008000fe70 (0xfcf76de3)
core   0: 0x000000008000fe4a (0xfe043783) ld      a5, -32(s0)
core   0: 3 0x000000008000fe4a (0xfe043783) x15 0x0000000080012063 mem 0x0000000080031f50
core   0: 0x000000008000fe4e (0x00178713) addi    a4, a5, 1
core   0: 3 0x000000008000fe4e (0x00178713) x14 0x0000000080012064
core   0: 0x000000008000fe52 (0xfee43023) sd      a4, -32(s0)
core   0: 3 0x000000008000fe52 (0xfee43023) mem 0x0000000080031f50 0x0000000080012064
core   0: 0x000000008000fe56 (0xfc442703) lw      a4, -60(s0)
core   0: 3 0x000000008000fe56 (0xfc442703) x14 0x0000000000000000 mem 0x0000000080031f34
core   0: 0x000000008000fe5a (0x0ff77713) andi    a4, a4, 255
core   0: 3 0x000000008000fe5a (0x0ff77713) x14 0x0000000000000000
core   0: 0x000000008000fe5e (0x00e78023) sb      a4, 0(a5)
core   0: 3 0x000000008000fe5e (0x00e78023) mem 0x0000000080012063 0x00
core   0: 0x000000008000fe62 (0xfc843703) ld      a4, -56(s0)
core   0: 3 0x000000008000fe62 (0xfc843703) x14 0x0000000080012040 mem 0x0000000080031f38
core   0: 0x000000008000fe66 (0xfb843783) ld      a5, -72(s0)
core   0: 3 0x000000008000fe66 (0xfb843783) x15 0x000000000000009c mem 0x0000000080031f28
core   0: 0x000000008000fe6a (0x000097ba) c.add   a5, a4
core   0: 3 0x000000008000fe6a (0x97ba) x15 0x00000000800120dc
core   0: 0x000000008000fe6c (0xfe043703) ld      a4, -32(s0)
core   0: 3 0x000000008000fe6c (0xfe043703) x14 0x0000000080012064 mem 0x0000000080031f50
core   0: 0x000000008000fe70 (0xfcf76de3) bltu    a4, a5, pc - 38
core   0: 3 0x000000008000fe70 (0xfcf76de3)
core   0: 0x000000008000fe4a (0xfe043783) ld      a5, -32(s0)
core   0: 3 0x000000008000fe4a (0xfe043783) x15 0x0000000080012064 mem 0x0000000080031f50
core   0: 0x000000008000fe4e (0x00178713) addi    a4, a5, 1
core   0: 3 0x000000008000fe4e (0x00178713) x14 0x0000000080012065
core   0: 0x000000008000fe52 (0xfee43023) sd      a4, -32(s0)
core   0: 3 0x000000008000fe52 (0xfee43023) mem 0x0000000080031f50 0x0000000080012065
core   0: 0x000000008000fe56 (0xfc442703) lw      a4, -60(s0)
core   0: 3 0x000000008000fe56 (0xfc442703) x14 0x0000000000000000 mem 0x0000000080031f34
core   0: 0x000000008000fe5a (0x0ff77713) andi    a4, a4, 255
core   0: 3 0x000000008000fe5a (0x0ff77713) x14 0x0000000000000000
core   0: 0x000000008000fe5e (0x00e78023) sb      a4, 0(a5)
core   0: 3 0x000000008000fe5e (0x00e78023) mem 0x0000000080012064 0x00
core   0: 0x000000008000fe62 (0xfc843703) ld      a4, -56(s0)
core   0: 3 0x000000008000fe62 (0xfc843703) x14 0x0000000080012040 mem 0x0000000080031f38
core   0: 0x000000008000fe66 (0xfb843783) ld      a5, -72(s0)
core   0: 3 0x000000008000fe66 (0xfb843783) x15 0x000000000000009c mem 0x0000000080031f28
core   0: 0x000000008000fe6a (0x000097ba) c.add   a5, a4
core   0: 3 0x000000008000fe6a (0x97ba) x15 0x00000000800120dc
core   0: 0x000000008000fe6c (0xfe043703) ld      a4, -32(s0)
core   0: 3 0x000000008000fe6c (0xfe043703) x14 0x0000000080012065 mem 0x0000000080031f50
core   0: 0x000000008000fe70 (0xfcf76de3) bltu    a4, a5, pc - 38
core   0: 3 0x000000008000fe70 (0xfcf76de3)
core   0: 0x000000008000fe4a (0xfe043783) ld      a5, -32(s0)
core   0: 3 0x000000008000fe4a (0xfe043783) x15 0x0000000080012065 mem 0x0000000080031f50
core   0: 0x000000008000fe4e (0x00178713) addi    a4, a5, 1
core   0: 3 0x000000008000fe4e (0x00178713) x14 0x0000000080012066
core   0: 0x000000008000fe52 (0xfee43023) sd      a4, -32(s0)
core   0: 3 0x000000008000fe52 (0xfee43023) mem 0x0000000080031f50 0x0000000080012066
core   0: 0x000000008000fe56 (0xfc442703) lw      a4, -60(s0)
core   0: 3 0x000000008000fe56 (0xfc442703) x14 0x0000000000000000 mem 0x0000000080031f34
core   0: 0x000000008000fe5a (0x0ff77713) andi    a4, a4, 255
core   0: 3 0x000000008000fe5a (0x0ff77713) x14 0x0000000000000000
core   0: 0x000000008000fe5e (0x00e78023) sb      a4, 0(a5)
core   0: 3 0x000000008000fe5e (0x00e78023) mem 0x0000000080012065 0x00
core   0: 0x000000008000fe62 (0xfc843703) ld      a4, -56(s0)
core   0: 3 0x000000008000fe62 (0xfc843703) x14 0x0000000080012040 mem 0x0000000080031f38
core   0: 0x000000008000fe66 (0xfb843783) ld      a5, -72(s0)
core   0: 3 0x000000008000fe66 (0xfb843783) x15 0x000000000000009c mem 0x0000000080031f28
core   0: 0x000000008000fe6a (0x000097ba) c.add   a5, a4
core   0: 3 0x000000008000fe6a (0x97ba) x15 0x00000000800120dc
core   0: 0x000000008000fe6c (0xfe043703) ld      a4, -32(s0)
core   0: 3 0x000000008000fe6c (0xfe043703) x14 0x0000000080012066 mem 0x0000000080031f50
core   0: 0x000000008000fe70 (0xfcf76de3) bltu    a4, a5, pc - 38
core   0: 3 0x000000008000fe70 (0xfcf76de3)
core   0: 0x000000008000fe4a (0xfe043783) ld      a5, -32(s0)
core   0: 3 0x000000008000fe4a (0xfe043783) x15 0x0000000080012066 mem 0x0000000080031f50
core   0: 0x000000008000fe4e (0x00178713) addi    a4, a5, 1
core   0: 3 0x000000008000fe4e (0x00178713) x14 0x0000000080012067
core   0: 0x000000008000fe52 (0xfee43023) sd      a4, -32(s0)
core   0: 3 0x000000008000fe52 (0xfee43023) mem 0x0000000080031f50 0x0000000080012067
core   0: 0x000000008000fe56 (0xfc442703) lw      a4, -60(s0)
core   0: 3 0x000000008000fe56 (0xfc442703) x14 0x0000000000000000 mem 0x0000000080031f34
core   0: 0x000000008000fe5a (0x0ff77713) andi    a4, a4, 255
core   0: 3 0x000000008000fe5a (0x0ff77713) x14 0x0000000000000000
core   0: 0x000000008000fe5e (0x00e78023) sb      a4, 0(a5)
core   0: 3 0x000000008000fe5e (0x00e78023) mem 0x0000000080012066 0x00
core   0: 0x000000008000fe62 (0xfc843703) ld      a4, -56(s0)
core   0: 3 0x000000008000fe62 (0xfc843703) x14 0x0000000080012040 mem 0x0000000080031f38
core   0: 0x000000008000fe66 (0xfb843783) ld      a5, -72(s0)
core   0: 3 0x000000008000fe66 (0xfb843783) x15 0x000000000000009c mem 0x0000000080031f28
core   0: 0x000000008000fe6a (0x000097ba) c.add   a5, a4
core   0: 3 0x000000008000fe6a (0x97ba) x15 0x00000000800120dc
core   0: 0x000000008000fe6c (0xfe043703) ld      a4, -32(s0)
core   0: 3 0x000000008000fe6c (0xfe043703) x14 0x0000000080012067 mem 0x0000000080031f50
core   0: 0x000000008000fe70 (0xfcf76de3) bltu    a4, a5, pc - 38
core   0: 3 0x000000008000fe70 (0xfcf76de3)
core   0: 0x000000008000fe4a (0xfe043783) ld      a5, -32(s0)
core   0: 3 0x000000008000fe4a (0xfe043783) x15 0x0000000080012067 mem 0x0000000080031f50
core   0: 0x000000008000fe4e (0x00178713) addi    a4, a5, 1
core   0: 3 0x000000008000fe4e (0x00178713) x14 0x0000000080012068
core   0: 0x000000008000fe52 (0xfee43023) sd      a4, -32(s0)
core   0: 3 0x000000008000fe52 (0xfee43023) mem 0x0000000080031f50 0x0000000080012068
core   0: 0x000000008000fe56 (0xfc442703) lw      a4, -60(s0)
core   0: 3 0x000000008000fe56 (0xfc442703) x14 0x0000000000000000 mem 0x0000000080031f34
core   0: 0x000000008000fe5a (0x0ff77713) andi    a4, a4, 255
core   0: 3 0x000000008000fe5a (0x0ff77713) x14 0x0000000000000000
core   0: 0x000000008000fe5e (0x00e78023) sb      a4, 0(a5)
core   0: 3 0x000000008000fe5e (0x00e78023) mem 0x0000000080012067 0x00
core   0: 0x000000008000fe62 (0xfc843703) ld      a4, -56(s0)
core   0: 3 0x000000008000fe62 (0xfc843703) x14 0x0000000080012040 mem 0x0000000080031f38
core   0: 0x000000008000fe66 (0xfb843783) ld      a5, -72(s0)
core   0: 3 0x000000008000fe66 (0xfb843783) x15 0x000000000000009c mem 0x0000000080031f28
core   0: 0x000000008000fe6a (0x000097ba) c.add   a5, a4
core   0: 3 0x000000008000fe6a (0x97ba) x15 0x00000000800120dc
core   0: 0x000000008000fe6c (0xfe043703) ld      a4, -32(s0)
core   0: 3 0x000000008000fe6c (0xfe043703) x14 0x0000000080012068 mem 0x0000000080031f50
core   0: 0x000000008000fe70 (0xfcf76de3) bltu    a4, a5, pc - 38
core   0: 3 0x000000008000fe70 (0xfcf76de3)
core   0: 0x000000008000fe4a (0xfe043783) ld      a5, -32(s0)
core   0: 3 0x000000008000fe4a (0xfe043783) x15 0x0000000080012068 mem 0x0000000080031f50
core   0: 0x000000008000fe4e (0x00178713) addi    a4, a5, 1
core   0: 3 0x000000008000fe4e (0x00178713) x14 0x0000000080012069
core   0: 0x000000008000fe52 (0xfee43023) sd      a4, -32(s0)
core   0: 3 0x000000008000fe52 (0xfee43023) mem 0x0000000080031f50 0x0000000080012069
core   0: 0x000000008000fe56 (0xfc442703) lw      a4, -60(s0)
core   0: 3 0x000000008000fe56 (0xfc442703) x14 0x0000000000000000 mem 0x0000000080031f34
core   0: 0x000000008000fe5a (0x0ff77713) andi    a4, a4, 255
core   0: 3 0x000000008000fe5a (0x0ff77713) x14 0x0000000000000000
core   0: 0x000000008000fe5e (0x00e78023) sb      a4, 0(a5)
core   0: 3 0x000000008000fe5e (0x00e78023) mem 0x0000000080012068 0x00
core   0: 0x000000008000fe62 (0xfc843703) ld      a4, -56(s0)
core   0: 3 0x000000008000fe62 (0xfc843703) x14 0x0000000080012040 mem 0x0000000080031f38
core   0: 0x000000008000fe66 (0xfb843783) ld      a5, -72(s0)
core   0: 3 0x000000008000fe66 (0xfb843783) x15 0x000000000000009c mem 0x0000000080031f28
core   0: 0x000000008000fe6a (0x000097ba) c.add   a5, a4
core   0: 3 0x000000008000fe6a (0x97ba) x15 0x00000000800120dc
core   0: 0x000000008000fe6c (0xfe043703) ld      a4, -32(s0)
core   0: 3 0x000000008000fe6c (0xfe043703) x14 0x0000000080012069 mem 0x0000000080031f50
core   0: 0x000000008000fe70 (0xfcf76de3) bltu    a4, a5, pc - 38
core   0: 3 0x000000008000fe70 (0xfcf76de3)
core   0: 0x000000008000fe4a (0xfe043783) ld      a5, -32(s0)
core   0: 3 0x000000008000fe4a (0xfe043783) x15 0x0000000080012069 mem 0x0000000080031f50
core   0: 0x000000008000fe4e (0x00178713) addi    a4, a5, 1
core   0: 3 0x000000008000fe4e (0x00178713) x14 0x000000008001206a
core   0: 0x000000008000fe52 (0xfee43023) sd      a4, -32(s0)
core   0: 3 0x000000008000fe52 (0xfee43023) mem 0x0000000080031f50 0x000000008001206a
core   0: 0x000000008000fe56 (0xfc442703) lw      a4, -60(s0)
core   0: 3 0x000000008000fe56 (0xfc442703) x14 0x0000000000000000 mem 0x0000000080031f34
core   0: 0x000000008000fe5a (0x0ff77713) andi    a4, a4, 255
core   0: 3 0x000000008000fe5a (0x0ff77713) x14 0x0000000000000000
core   0: 0x000000008000fe5e (0x00e78023) sb      a4, 0(a5)
core   0: 3 0x000000008000fe5e (0x00e78023) mem 0x0000000080012069 0x00
core   0: 0x000000008000fe62 (0xfc843703) ld      a4, -56(s0)
core   0: 3 0x000000008000fe62 (0xfc843703) x14 0x0000000080012040 mem 0x0000000080031f38
core   0: 0x000000008000fe66 (0xfb843783) ld      a5, -72(s0)
core   0: 3 0x000000008000fe66 (0xfb843783) x15 0x000000000000009c mem 0x0000000080031f28
core   0: 0x000000008000fe6a (0x000097ba) c.add   a5, a4
core   0: 3 0x000000008000fe6a (0x97ba) x15 0x00000000800120dc
core   0: 0x000000008000fe6c (0xfe043703) ld      a4, -32(s0)
core   0: 3 0x000000008000fe6c (0xfe043703) x14 0x000000008001206a mem 0x0000000080031f50
core   0: 0x000000008000fe70 (0xfcf76de3) bltu    a4, a5, pc - 38
core   0: 3 0x000000008000fe70 (0xfcf76de3)
core   0: 0x000000008000fe4a (0xfe043783) ld      a5, -32(s0)
core   0: 3 0x000000008000fe4a (0xfe043783) x15 0x000000008001206a mem 0x0000000080031f50
core   0: 0x000000008000fe4e (0x00178713) addi    a4, a5, 1
core   0: 3 0x000000008000fe4e (0x00178713) x14 0x000000008001206b
core   0: 0x000000008000fe52 (0xfee43023) sd      a4, -32(s0)
core   0: 3 0x000000008000fe52 (0xfee43023) mem 0x0000000080031f50 0x000000008001206b
core   0: 0x000000008000fe56 (0xfc442703) lw      a4, -60(s0)
core   0: 3 0x000000008000fe56 (0xfc442703) x14 0x0000000000000000 mem 0x0000000080031f34
core   0: 0x000000008000fe5a (0x0ff77713) andi    a4, a4, 255
core   0: 3 0x000000008000fe5a (0x0ff77713) x14 0x0000000000000000
core   0: 0x000000008000fe5e (0x00e78023) sb      a4, 0(a5)
core   0: 3 0x000000008000fe5e (0x00e78023) mem 0x000000008001206a 0x00
core   0: 0x000000008000fe62 (0xfc843703) ld      a4, -56(s0)
core   0: 3 0x000000008000fe62 (0xfc843703) x14 0x0000000080012040 mem 0x0000000080031f38
core   0: 0x000000008000fe66 (0xfb843783) ld      a5, -72(s0)
core   0: 3 0x000000008000fe66 (0xfb843783) x15 0x000000000000009c mem 0x0000000080031f28
core   0: 0x000000008000fe6a (0x000097ba) c.add   a5, a4
core   0: 3 0x000000008000fe6a (0x97ba) x15 0x00000000800120dc
core   0: 0x000000008000fe6c (0xfe043703) ld      a4, -32(s0)
core   0: 3 0x000000008000fe6c (0xfe043703) x14 0x000000008001206b mem 0x0000000080031f50
core   0: 0x000000008000fe70 (0xfcf76de3) bltu    a4, a5, pc - 38
core   0: 3 0x000000008000fe70 (0xfcf76de3)
core   0: 0x000000008000fe4a (0xfe043783) ld      a5, -32(s0)
core   0: 3 0x000000008000fe4a (0xfe043783) x15 0x000000008001206b mem 0x0000000080031f50
core   0: 0x000000008000fe4e (0x00178713) addi    a4, a5, 1
core   0: 3 0x000000008000fe4e (0x00178713) x14 0x000000008001206c
core   0: 0x000000008000fe52 (0xfee43023) sd      a4, -32(s0)
core   0: 3 0x000000008000fe52 (0xfee43023) mem 0x0000000080031f50 0x000000008001206c
core   0: 0x000000008000fe56 (0xfc442703) lw      a4, -60(s0)
core   0: 3 0x000000008000fe56 (0xfc442703) x14 0x0000000000000000 mem 0x0000000080031f34
core   0: 0x000000008000fe5a (0x0ff77713) andi    a4, a4, 255
core   0: 3 0x000000008000fe5a (0x0ff77713) x14 0x0000000000000000
core   0: 0x000000008000fe5e (0x00e78023) sb      a4, 0(a5)
core   0: 3 0x000000008000fe5e (0x00e78023) mem 0x000000008001206b 0x00
core   0: 0x000000008000fe62 (0xfc843703) ld      a4, -56(s0)
core   0: 3 0x000000008000fe62 (0xfc843703) x14 0x0000000080012040 mem 0x0000000080031f38
core   0: 0x000000008000fe66 (0xfb843783) ld      a5, -72(s0)
core   0: 3 0x000000008000fe66 (0xfb843783) x15 0x000000000000009c mem 0x0000000080031f28
core   0: 0x000000008000fe6a (0x000097ba) c.add   a5, a4
core   0: 3 0x000000008000fe6a (0x97ba) x15 0x00000000800120dc
core   0: 0x000000008000fe6c (0xfe043703) ld      a4, -32(s0)
core   0: 3 0x000000008000fe6c (0xfe043703) x14 0x000000008001206c mem 0x0000000080031f50
core   0: 0x000000008000fe70 (0xfcf76de3) bltu    a4, a5, pc - 38
core   0: 3 0x000000008000fe70 (0xfcf76de3)
core   0: 0x000000008000fe4a (0xfe043783) ld      a5, -32(s0)
core   0: 3 0x000000008000fe4a (0xfe043783) x15 0x000000008001206c mem 0x0000000080031f50
core   0: 0x000000008000fe4e (0x00178713) addi    a4, a5, 1
core   0: 3 0x000000008000fe4e (0x00178713) x14 0x000000008001206d
core   0: 0x000000008000fe52 (0xfee43023) sd      a4, -32(s0)
core   0: 3 0x000000008000fe52 (0xfee43023) mem 0x0000000080031f50 0x000000008001206d
core   0: 0x000000008000fe56 (0xfc442703) lw      a4, -60(s0)
core   0: 3 0x000000008000fe56 (0xfc442703) x14 0x0000000000000000 mem 0x0000000080031f34
core   0: 0x000000008000fe5a (0x0ff77713) andi    a4, a4, 255
core   0: 3 0x000000008000fe5a (0x0ff77713) x14 0x0000000000000000
core   0: 0x000000008000fe5e (0x00e78023) sb      a4, 0(a5)
core   0: 3 0x000000008000fe5e (0x00e78023) mem 0x000000008001206c 0x00
core   0: 0x000000008000fe62 (0xfc843703) ld      a4, -56(s0)
core   0: 3 0x000000008000fe62 (0xfc843703) x14 0x0000000080012040 mem 0x0000000080031f38
core   0: 0x000000008000fe66 (0xfb843783) ld      a5, -72(s0)
core   0: 3 0x000000008000fe66 (0xfb843783) x15 0x000000000000009c mem 0x0000000080031f28
core   0: 0x000000008000fe6a (0x000097ba) c.add   a5, a4
core   0: 3 0x000000008000fe6a (0x97ba) x15 0x00000000800120dc
core   0: 0x000000008000fe6c (0xfe043703) ld      a4, -32(s0)
core   0: 3 0x000000008000fe6c (0xfe043703) x14 0x000000008001206d mem 0x0000000080031f50
core   0: 0x000000008000fe70 (0xfcf76de3) bltu    a4, a5, pc - 38
core   0: 3 0x000000008000fe70 (0xfcf76de3)
core   0: 0x000000008000fe4a (0xfe043783) ld      a5, -32(s0)
core   0: 3 0x000000008000fe4a (0xfe043783) x15 0x000000008001206d mem 0x0000000080031f50
core   0: 0x000000008000fe4e (0x00178713) addi    a4, a5, 1
core   0: 3 0x000000008000fe4e (0x00178713) x14 0x000000008001206e
core   0: 0x000000008000fe52 (0xfee43023) sd      a4, -32(s0)
core   0: 3 0x000000008000fe52 (0xfee43023) mem 0x0000000080031f50 0x000000008001206e
core   0: 0x000000008000fe56 (0xfc442703) lw      a4, -60(s0)
core   0: 3 0x000000008000fe56 (0xfc442703) x14 0x0000000000000000 mem 0x0000000080031f34
core   0: 0x000000008000fe5a (0x0ff77713) andi    a4, a4, 255
core   0: 3 0x000000008000fe5a (0x0ff77713) x14 0x0000000000000000
core   0: 0x000000008000fe5e (0x00e78023) sb      a4, 0(a5)
core   0: 3 0x000000008000fe5e (0x00e78023) mem 0x000000008001206d 0x00
core   0: 0x000000008000fe62 (0xfc843703) ld      a4, -56(s0)
core   0: 3 0x000000008000fe62 (0xfc843703) x14 0x0000000080012040 mem 0x0000000080031f38
core   0: 0x000000008000fe66 (0xfb843783) ld      a5, -72(s0)
core   0: 3 0x000000008000fe66 (0xfb843783) x15 0x000000000000009c mem 0x0000000080031f28
core   0: 0x000000008000fe6a (0x000097ba) c.add   a5, a4
core   0: 3 0x000000008000fe6a (0x97ba) x15 0x00000000800120dc
core   0: 0x000000008000fe6c (0xfe043703) ld      a4, -32(s0)
core   0: 3 0x000000008000fe6c (0xfe043703) x14 0x000000008001206e mem 0x0000000080031f50
core   0: 0x000000008000fe70 (0xfcf76de3) bltu    a4, a5, pc - 38
core   0: 3 0x000000008000fe70 (0xfcf76de3)
core   0: 0x000000008000fe4a (0xfe043783) ld      a5, -32(s0)
core   0: 3 0x000000008000fe4a (0xfe043783) x15 0x000000008001206e mem 0x0000000080031f50
core   0: 0x000000008000fe4e (0x00178713) addi    a4, a5, 1
core   0: 3 0x000000008000fe4e (0x00178713) x14 0x000000008001206f
core   0: 0x000000008000fe52 (0xfee43023) sd      a4, -32(s0)
core   0: 3 0x000000008000fe52 (0xfee43023) mem 0x0000000080031f50 0x000000008001206f
core   0: 0x000000008000fe56 (0xfc442703) lw      a4, -60(s0)
core   0: 3 0x000000008000fe56 (0xfc442703) x14 0x0000000000000000 mem 0x0000000080031f34
core   0: 0x000000008000fe5a (0x0ff77713) andi    a4, a4, 255
core   0: 3 0x000000008000fe5a (0x0ff77713) x14 0x0000000000000000
core   0: 0x000000008000fe5e (0x00e78023) sb      a4, 0(a5)
core   0: 3 0x000000008000fe5e (0x00e78023) mem 0x000000008001206e 0x00
core   0: 0x000000008000fe62 (0xfc843703) ld      a4, -56(s0)
core   0: 3 0x000000008000fe62 (0xfc843703) x14 0x0000000080012040 mem 0x0000000080031f38
core   0: 0x000000008000fe66 (0xfb843783) ld      a5, -72(s0)
core   0: 3 0x000000008000fe66 (0xfb843783) x15 0x000000000000009c mem 0x0000000080031f28
core   0: 0x000000008000fe6a (0x000097ba) c.add   a5, a4
core   0: 3 0x000000008000fe6a (0x97ba) x15 0x00000000800120dc
core   0: 0x000000008000fe6c (0xfe043703) ld      a4, -32(s0)
core   0: 3 0x000000008000fe6c (0xfe043703) x14 0x000000008001206f mem 0x0000000080031f50
core   0: 0x000000008000fe70 (0xfcf76de3) bltu    a4, a5, pc - 38
core   0: 3 0x000000008000fe70 (0xfcf76de3)
core   0: 0x000000008000fe4a (0xfe043783) ld      a5, -32(s0)
core   0: 3 0x000000008000fe4a (0xfe043783) x15 0x000000008001206f mem 0x0000000080031f50
core   0: 0x000000008000fe4e (0x00178713) addi    a4, a5, 1
core   0: 3 0x000000008000fe4e (0x00178713) x14 0x0000000080012070
core   0: 0x000000008000fe52 (0xfee43023) sd      a4, -32(s0)
core   0: 3 0x000000008000fe52 (0xfee43023) mem 0x0000000080031f50 0x0000000080012070
core   0: 0x000000008000fe56 (0xfc442703) lw      a4, -60(s0)
core   0: 3 0x000000008000fe56 (0xfc442703) x14 0x0000000000000000 mem 0x0000000080031f34
core   0: 0x000000008000fe5a (0x0ff77713) andi    a4, a4, 255
core   0: 3 0x000000008000fe5a (0x0ff77713) x14 0x0000000000000000
core   0: 0x000000008000fe5e (0x00e78023) sb      a4, 0(a5)
core   0: 3 0x000000008000fe5e (0x00e78023) mem 0x000000008001206f 0x00
core   0: 0x000000008000fe62 (0xfc843703) ld      a4, -56(s0)
core   0: 3 0x000000008000fe62 (0xfc843703) x14 0x0000000080012040 mem 0x0000000080031f38
core   0: 0x000000008000fe66 (0xfb843783) ld      a5, -72(s0)
core   0: 3 0x000000008000fe66 (0xfb843783) x15 0x000000000000009c mem 0x0000000080031f28
core   0: 0x000000008000fe6a (0x000097ba) c.add   a5, a4
core   0: 3 0x000000008000fe6a (0x97ba) x15 0x00000000800120dc
core   0: 0x000000008000fe6c (0xfe043703) ld      a4, -32(s0)
core   0: 3 0x000000008000fe6c (0xfe043703) x14 0x0000000080012070 mem 0x0000000080031f50
core   0: 0x000000008000fe70 (0xfcf76de3) bltu    a4, a5, pc - 38
core   0: 3 0x000000008000fe70 (0xfcf76de3)
core   0: 0x000000008000fe4a (0xfe043783) ld      a5, -32(s0)
core   0: 3 0x000000008000fe4a (0xfe043783) x15 0x0000000080012070 mem 0x0000000080031f50
core   0: 0x000000008000fe4e (0x00178713) addi    a4, a5, 1
core   0: 3 0x000000008000fe4e (0x00178713) x14 0x0000000080012071
core   0: 0x000000008000fe52 (0xfee43023) sd      a4, -32(s0)
core   0: 3 0x000000008000fe52 (0xfee43023) mem 0x0000000080031f50 0x0000000080012071
core   0: 0x000000008000fe56 (0xfc442703) lw      a4, -60(s0)
core   0: 3 0x000000008000fe56 (0xfc442703) x14 0x0000000000000000 mem 0x0000000080031f34
core   0: 0x000000008000fe5a (0x0ff77713) andi    a4, a4, 255
core   0: 3 0x000000008000fe5a (0x0ff77713) x14 0x0000000000000000
core   0: 0x000000008000fe5e (0x00e78023) sb      a4, 0(a5)
core   0: 3 0x000000008000fe5e (0x00e78023) mem 0x0000000080012070 0x00
core   0: 0x000000008000fe62 (0xfc843703) ld      a4, -56(s0)
core   0: 3 0x000000008000fe62 (0xfc843703) x14 0x0000000080012040 mem 0x0000000080031f38
core   0: 0x000000008000fe66 (0xfb843783) ld      a5, -72(s0)
core   0: 3 0x000000008000fe66 (0xfb843783) x15 0x000000000000009c mem 0x0000000080031f28
core   0: 0x000000008000fe6a (0x000097ba) c.add   a5, a4
core   0: 3 0x000000008000fe6a (0x97ba) x15 0x00000000800120dc
core   0: 0x000000008000fe6c (0xfe043703) ld      a4, -32(s0)
core   0: 3 0x000000008000fe6c (0xfe043703) x14 0x0000000080012071 mem 0x0000000080031f50
core   0: 0x000000008000fe70 (0xfcf76de3) bltu    a4, a5, pc - 38
core   0: 3 0x000000008000fe70 (0xfcf76de3)
core   0: 0x000000008000fe4a (0xfe043783) ld      a5, -32(s0)
core   0: 3 0x000000008000fe4a (0xfe043783) x15 0x0000000080012071 mem 0x0000000080031f50
core   0: 0x000000008000fe4e (0x00178713) addi    a4, a5, 1
core   0: 3 0x000000008000fe4e (0x00178713) x14 0x0000000080012072
core   0: 0x000000008000fe52 (0xfee43023) sd      a4, -32(s0)
core   0: 3 0x000000008000fe52 (0xfee43023) mem 0x0000000080031f50 0x0000000080012072
core   0: 0x000000008000fe56 (0xfc442703) lw      a4, -60(s0)
core   0: 3 0x000000008000fe56 (0xfc442703) x14 0x0000000000000000 mem 0x0000000080031f34
core   0: 0x000000008000fe5a (0x0ff77713) andi    a4, a4, 255
core   0: 3 0x000000008000fe5a (0x0ff77713) x14 0x0000000000000000
core   0: 0x000000008000fe5e (0x00e78023) sb      a4, 0(a5)
core   0: 3 0x000000008000fe5e (0x00e78023) mem 0x0000000080012071 0x00
core   0: 0x000000008000fe62 (0xfc843703) ld      a4, -56(s0)
core   0: 3 0x000000008000fe62 (0xfc843703) x14 0x0000000080012040 mem 0x0000000080031f38
core   0: 0x000000008000fe66 (0xfb843783) ld      a5, -72(s0)
core   0: 3 0x000000008000fe66 (0xfb843783) x15 0x000000000000009c mem 0x0000000080031f28
core   0: 0x000000008000fe6a (0x000097ba) c.add   a5, a4
core   0: 3 0x000000008000fe6a (0x97ba) x15 0x00000000800120dc
core   0: 0x000000008000fe6c (0xfe043703) ld      a4, -32(s0)
core   0: 3 0x000000008000fe6c (0xfe043703) x14 0x0000000080012072 mem 0x0000000080031f50
core   0: 0x000000008000fe70 (0xfcf76de3) bltu    a4, a5, pc - 38
core   0: 3 0x000000008000fe70 (0xfcf76de3)
core   0: 0x000000008000fe4a (0xfe043783) ld      a5, -32(s0)
core   0: 3 0x000000008000fe4a (0xfe043783) x15 0x0000000080012072 mem 0x0000000080031f50
core   0: 0x000000008000fe4e (0x00178713) addi    a4, a5, 1
core   0: 3 0x000000008000fe4e (0x00178713) x14 0x0000000080012073
core   0: 0x000000008000fe52 (0xfee43023) sd      a4, -32(s0)
core   0: 3 0x000000008000fe52 (0xfee43023) mem 0x0000000080031f50 0x0000000080012073
core   0: 0x000000008000fe56 (0xfc442703) lw      a4, -60(s0)
core   0: 3 0x000000008000fe56 (0xfc442703) x14 0x0000000000000000 mem 0x0000000080031f34
core   0: 0x000000008000fe5a (0x0ff77713) andi    a4, a4, 255
core   0: 3 0x000000008000fe5a (0x0ff77713) x14 0x0000000000000000
core   0: 0x000000008000fe5e (0x00e78023) sb      a4, 0(a5)
core   0: 3 0x000000008000fe5e (0x00e78023) mem 0x0000000080012072 0x00
core   0: 0x000000008000fe62 (0xfc843703) ld      a4, -56(s0)
core   0: 3 0x000000008000fe62 (0xfc843703) x14 0x0000000080012040 mem 0x0000000080031f38
core   0: 0x000000008000fe66 (0xfb843783) ld      a5, -72(s0)
core   0: 3 0x000000008000fe66 (0xfb843783) x15 0x000000000000009c mem 0x0000000080031f28
core   0: 0x000000008000fe6a (0x000097ba) c.add   a5, a4
core   0: 3 0x000000008000fe6a (0x97ba) x15 0x00000000800120dc
core   0: 0x000000008000fe6c (0xfe043703) ld      a4, -32(s0)
core   0: 3 0x000000008000fe6c (0xfe043703) x14 0x0000000080012073 mem 0x0000000080031f50
core   0: 0x000000008000fe70 (0xfcf76de3) bltu    a4, a5, pc - 38
core   0: 3 0x000000008000fe70 (0xfcf76de3)
core   0: 0x000000008000fe4a (0xfe043783) ld      a5, -32(s0)
core   0: 3 0x000000008000fe4a (0xfe043783) x15 0x0000000080012073 mem 0x0000000080031f50
core   0: 0x000000008000fe4e (0x00178713) addi    a4, a5, 1
core   0: 3 0x000000008000fe4e (0x00178713) x14 0x0000000080012074
core   0: 0x000000008000fe52 (0xfee43023) sd      a4, -32(s0)
core   0: 3 0x000000008000fe52 (0xfee43023) mem 0x0000000080031f50 0x0000000080012074
core   0: 0x000000008000fe56 (0xfc442703) lw      a4, -60(s0)
core   0: 3 0x000000008000fe56 (0xfc442703) x14 0x0000000000000000 mem 0x0000000080031f34
core   0: 0x000000008000fe5a (0x0ff77713) andi    a4, a4, 255
core   0: 3 0x000000008000fe5a (0x0ff77713) x14 0x0000000000000000
core   0: 0x000000008000fe5e (0x00e78023) sb      a4, 0(a5)
core   0: 3 0x000000008000fe5e (0x00e78023) mem 0x0000000080012073 0x00
core   0: 0x000000008000fe62 (0xfc843703) ld      a4, -56(s0)
core   0: 3 0x000000008000fe62 (0xfc843703) x14 0x0000000080012040 mem 0x0000000080031f38
core   0: 0x000000008000fe66 (0xfb843783) ld      a5, -72(s0)
core   0: 3 0x000000008000fe66 (0xfb843783) x15 0x000000000000009c mem 0x0000000080031f28
core   0: 0x000000008000fe6a (0x000097ba) c.add   a5, a4
core   0: 3 0x000000008000fe6a (0x97ba) x15 0x00000000800120dc
core   0: 0x000000008000fe6c (0xfe043703) ld      a4, -32(s0)
core   0: 3 0x000000008000fe6c (0xfe043703) x14 0x0000000080012074 mem 0x0000000080031f50
core   0: 0x000000008000fe70 (0xfcf76de3) bltu    a4, a5, pc - 38
core   0: 3 0x000000008000fe70 (0xfcf76de3)
core   0: 0x000000008000fe4a (0xfe043783) ld      a5, -32(s0)
core   0: 3 0x000000008000fe4a (0xfe043783) x15 0x0000000080012074 mem 0x0000000080031f50
core   0: 0x000000008000fe4e (0x00178713) addi    a4, a5, 1
core   0: 3 0x000000008000fe4e (0x00178713) x14 0x0000000080012075
core   0: 0x000000008000fe52 (0xfee43023) sd      a4, -32(s0)
core   0: 3 0x000000008000fe52 (0xfee43023) mem 0x0000000080031f50 0x0000000080012075
core   0: 0x000000008000fe56 (0xfc442703) lw      a4, -60(s0)
core   0: 3 0x000000008000fe56 (0xfc442703) x14 0x0000000000000000 mem 0x0000000080031f34
core   0: 0x000000008000fe5a (0x0ff77713) andi    a4, a4, 255
core   0: 3 0x000000008000fe5a (0x0ff77713) x14 0x0000000000000000
core   0: 0x000000008000fe5e (0x00e78023) sb      a4, 0(a5)
core   0: 3 0x000000008000fe5e (0x00e78023) mem 0x0000000080012074 0x00
core   0: 0x000000008000fe62 (0xfc843703) ld      a4, -56(s0)
core   0: 3 0x000000008000fe62 (0xfc843703) x14 0x0000000080012040 mem 0x0000000080031f38
core   0: 0x000000008000fe66 (0xfb843783) ld      a5, -72(s0)
core   0: 3 0x000000008000fe66 (0xfb843783) x15 0x000000000000009c mem 0x0000000080031f28
core   0: 0x000000008000fe6a (0x000097ba) c.add   a5, a4
core   0: 3 0x000000008000fe6a (0x97ba) x15 0x00000000800120dc
core   0: 0x000000008000fe6c (0xfe043703) ld      a4, -32(s0)
core   0: 3 0x000000008000fe6c (0xfe043703) x14 0x0000000080012075 mem 0x0000000080031f50
core   0: 0x000000008000fe70 (0xfcf76de3) bltu    a4, a5, pc - 38
core   0: 3 0x000000008000fe70 (0xfcf76de3)
core   0: 0x000000008000fe4a (0xfe043783) ld      a5, -32(s0)
core   0: 3 0x000000008000fe4a (0xfe043783) x15 0x0000000080012075 mem 0x0000000080031f50
core   0: 0x000000008000fe4e (0x00178713) addi    a4, a5, 1
core   0: 3 0x000000008000fe4e (0x00178713) x14 0x0000000080012076
core   0: 0x000000008000fe52 (0xfee43023) sd      a4, -32(s0)
core   0: 3 0x000000008000fe52 (0xfee43023) mem 0x0000000080031f50 0x0000000080012076
core   0: 0x000000008000fe56 (0xfc442703) lw      a4, -60(s0)
core   0: 3 0x000000008000fe56 (0xfc442703) x14 0x0000000000000000 mem 0x0000000080031f34
core   0: 0x000000008000fe5a (0x0ff77713) andi    a4, a4, 255
core   0: 3 0x000000008000fe5a (0x0ff77713) x14 0x0000000000000000
core   0: 0x000000008000fe5e (0x00e78023) sb      a4, 0(a5)
core   0: 3 0x000000008000fe5e (0x00e78023) mem 0x0000000080012075 0x00
core   0: 0x000000008000fe62 (0xfc843703) ld      a4, -56(s0)
core   0: 3 0x000000008000fe62 (0xfc843703) x14 0x0000000080012040 mem 0x0000000080031f38
core   0: 0x000000008000fe66 (0xfb843783) ld      a5, -72(s0)
core   0: 3 0x000000008000fe66 (0xfb843783) x15 0x000000000000009c mem 0x0000000080031f28
core   0: 0x000000008000fe6a (0x000097ba) c.add   a5, a4
core   0: 3 0x000000008000fe6a (0x97ba) x15 0x00000000800120dc
core   0: 0x000000008000fe6c (0xfe043703) ld      a4, -32(s0)
core   0: 3 0x000000008000fe6c (0xfe043703) x14 0x0000000080012076 mem 0x0000000080031f50
core   0: 0x000000008000fe70 (0xfcf76de3) bltu    a4, a5, pc - 38
core   0: 3 0x000000008000fe70 (0xfcf76de3)
core   0: 0x000000008000fe4a (0xfe043783) ld      a5, -32(s0)
core   0: 3 0x000000008000fe4a (0xfe043783) x15 0x0000000080012076 mem 0x0000000080031f50
core   0: 0x000000008000fe4e (0x00178713) addi    a4, a5, 1
core   0: 3 0x000000008000fe4e (0x00178713) x14 0x0000000080012077
core   0: 0x000000008000fe52 (0xfee43023) sd      a4, -32(s0)
core   0: 3 0x000000008000fe52 (0xfee43023) mem 0x0000000080031f50 0x0000000080012077
core   0: 0x000000008000fe56 (0xfc442703) lw      a4, -60(s0)
core   0: 3 0x000000008000fe56 (0xfc442703) x14 0x0000000000000000 mem 0x0000000080031f34
core   0: 0x000000008000fe5a (0x0ff77713) andi    a4, a4, 255
core   0: 3 0x000000008000fe5a (0x0ff77713) x14 0x0000000000000000
core   0: 0x000000008000fe5e (0x00e78023) sb      a4, 0(a5)
core   0: 3 0x000000008000fe5e (0x00e78023) mem 0x0000000080012076 0x00
core   0: 0x000000008000fe62 (0xfc843703) ld      a4, -56(s0)
core   0: 3 0x000000008000fe62 (0xfc843703) x14 0x0000000080012040 mem 0x0000000080031f38
core   0: 0x000000008000fe66 (0xfb843783) ld      a5, -72(s0)
core   0: 3 0x000000008000fe66 (0xfb843783) x15 0x000000000000009c mem 0x0000000080031f28
core   0: 0x000000008000fe6a (0x000097ba) c.add   a5, a4
core   0: 3 0x000000008000fe6a (0x97ba) x15 0x00000000800120dc
core   0: 0x000000008000fe6c (0xfe043703) ld      a4, -32(s0)
core   0: 3 0x000000008000fe6c (0xfe043703) x14 0x0000000080012077 mem 0x0000000080031f50
core   0: 0x000000008000fe70 (0xfcf76de3) bltu    a4, a5, pc - 38
core   0: 3 0x000000008000fe70 (0xfcf76de3)
core   0: 0x000000008000fe4a (0xfe043783) ld      a5, -32(s0)
core   0: 3 0x000000008000fe4a (0xfe043783) x15 0x0000000080012077 mem 0x0000000080031f50
core   0: 0x000000008000fe4e (0x00178713) addi    a4, a5, 1
core   0: 3 0x000000008000fe4e (0x00178713) x14 0x0000000080012078
core   0: 0x000000008000fe52 (0xfee43023) sd      a4, -32(s0)
core   0: 3 0x000000008000fe52 (0xfee43023) mem 0x0000000080031f50 0x0000000080012078
core   0: 0x000000008000fe56 (0xfc442703) lw      a4, -60(s0)
core   0: 3 0x000000008000fe56 (0xfc442703) x14 0x0000000000000000 mem 0x0000000080031f34
core   0: 0x000000008000fe5a (0x0ff77713) andi    a4, a4, 255
core   0: 3 0x000000008000fe5a (0x0ff77713) x14 0x0000000000000000
core   0: 0x000000008000fe5e (0x00e78023) sb      a4, 0(a5)
core   0: 3 0x000000008000fe5e (0x00e78023) mem 0x0000000080012077 0x00
core   0: 0x000000008000fe62 (0xfc843703) ld      a4, -56(s0)
core   0: 3 0x000000008000fe62 (0xfc843703) x14 0x0000000080012040 mem 0x0000000080031f38
core   0: 0x000000008000fe66 (0xfb843783) ld      a5, -72(s0)
core   0: 3 0x000000008000fe66 (0xfb843783) x15 0x000000000000009c mem 0x0000000080031f28
core   0: 0x000000008000fe6a (0x000097ba) c.add   a5, a4
core   0: 3 0x000000008000fe6a (0x97ba) x15 0x00000000800120dc
core   0: 0x000000008000fe6c (0xfe043703) ld      a4, -32(s0)
core   0: 3 0x000000008000fe6c (0xfe043703) x14 0x0000000080012078 mem 0x0000000080031f50
core   0: 0x000000008000fe70 (0xfcf76de3) bltu    a4, a5, pc - 38
core   0: 3 0x000000008000fe70 (0xfcf76de3)
core   0: 0x000000008000fe4a (0xfe043783) ld      a5, -32(s0)
core   0: 3 0x000000008000fe4a (0xfe043783) x15 0x0000000080012078 mem 0x0000000080031f50
core   0: 0x000000008000fe4e (0x00178713) addi    a4, a5, 1
core   0: 3 0x000000008000fe4e (0x00178713) x14 0x0000000080012079
core   0: 0x000000008000fe52 (0xfee43023) sd      a4, -32(s0)
core   0: 3 0x000000008000fe52 (0xfee43023) mem 0x0000000080031f50 0x0000000080012079
core   0: 0x000000008000fe56 (0xfc442703) lw      a4, -60(s0)
core   0: 3 0x000000008000fe56 (0xfc442703) x14 0x0000000000000000 mem 0x0000000080031f34
core   0: 0x000000008000fe5a (0x0ff77713) andi    a4, a4, 255
core   0: 3 0x000000008000fe5a (0x0ff77713) x14 0x0000000000000000
core   0: 0x000000008000fe5e (0x00e78023) sb      a4, 0(a5)
core   0: 3 0x000000008000fe5e (0x00e78023) mem 0x0000000080012078 0x00
core   0: 0x000000008000fe62 (0xfc843703) ld      a4, -56(s0)
core   0: 3 0x000000008000fe62 (0xfc843703) x14 0x0000000080012040 mem 0x0000000080031f38
core   0: 0x000000008000fe66 (0xfb843783) ld      a5, -72(s0)
core   0: 3 0x000000008000fe66 (0xfb843783) x15 0x000000000000009c mem 0x0000000080031f28
core   0: 0x000000008000fe6a (0x000097ba) c.add   a5, a4
core   0: 3 0x000000008000fe6a (0x97ba) x15 0x00000000800120dc
core   0: 0x000000008000fe6c (0xfe043703) ld      a4, -32(s0)
core   0: 3 0x000000008000fe6c (0xfe043703) x14 0x0000000080012079 mem 0x0000000080031f50
core   0: 0x000000008000fe70 (0xfcf76de3) bltu    a4, a5, pc - 38
core   0: 3 0x000000008000fe70 (0xfcf76de3)
core   0: 0x000000008000fe4a (0xfe043783) ld      a5, -32(s0)
core   0: 3 0x000000008000fe4a (0xfe043783) x15 0x0000000080012079 mem 0x0000000080031f50
core   0: 0x000000008000fe4e (0x00178713) addi    a4, a5, 1
core   0: 3 0x000000008000fe4e (0x00178713) x14 0x000000008001207a
core   0: 0x000000008000fe52 (0xfee43023) sd      a4, -32(s0)
core   0: 3 0x000000008000fe52 (0xfee43023) mem 0x0000000080031f50 0x000000008001207a
core   0: 0x000000008000fe56 (0xfc442703) lw      a4, -60(s0)
core   0: 3 0x000000008000fe56 (0xfc442703) x14 0x0000000000000000 mem 0x0000000080031f34
core   0: 0x000000008000fe5a (0x0ff77713) andi    a4, a4, 255
core   0: 3 0x000000008000fe5a (0x0ff77713) x14 0x0000000000000000
core   0: 0x000000008000fe5e (0x00e78023) sb      a4, 0(a5)
core   0: 3 0x000000008000fe5e (0x00e78023) mem 0x0000000080012079 0x00
core   0: 0x000000008000fe62 (0xfc843703) ld      a4, -56(s0)
core   0: 3 0x000000008000fe62 (0xfc843703) x14 0x0000000080012040 mem 0x0000000080031f38
core   0: 0x000000008000fe66 (0xfb843783) ld      a5, -72(s0)
core   0: 3 0x000000008000fe66 (0xfb843783) x15 0x000000000000009c mem 0x0000000080031f28
core   0: 0x000000008000fe6a (0x000097ba) c.add   a5, a4
core   0: 3 0x000000008000fe6a (0x97ba) x15 0x00000000800120dc
core   0: 0x000000008000fe6c (0xfe043703) ld      a4, -32(s0)
core   0: 3 0x000000008000fe6c (0xfe043703) x14 0x000000008001207a mem 0x0000000080031f50
core   0: 0x000000008000fe70 (0xfcf76de3) bltu    a4, a5, pc - 38
core   0: 3 0x000000008000fe70 (0xfcf76de3)
core   0: 0x000000008000fe4a (0xfe043783) ld      a5, -32(s0)
core   0: 3 0x000000008000fe4a (0xfe043783) x15 0x000000008001207a mem 0x0000000080031f50
core   0: 0x000000008000fe4e (0x00178713) addi    a4, a5, 1
core   0: 3 0x000000008000fe4e (0x00178713) x14 0x000000008001207b
core   0: 0x000000008000fe52 (0xfee43023) sd      a4, -32(s0)
core   0: 3 0x000000008000fe52 (0xfee43023) mem 0x0000000080031f50 0x000000008001207b
core   0: 0x000000008000fe56 (0xfc442703) lw      a4, -60(s0)
core   0: 3 0x000000008000fe56 (0xfc442703) x14 0x0000000000000000 mem 0x0000000080031f34
core   0: 0x000000008000fe5a (0x0ff77713) andi    a4, a4, 255
core   0: 3 0x000000008000fe5a (0x0ff77713) x14 0x0000000000000000
core   0: 0x000000008000fe5e (0x00e78023) sb      a4, 0(a5)
core   0: 3 0x000000008000fe5e (0x00e78023) mem 0x000000008001207a 0x00
core   0: 0x000000008000fe62 (0xfc843703) ld      a4, -56(s0)
core   0: 3 0x000000008000fe62 (0xfc843703) x14 0x0000000080012040 mem 0x0000000080031f38
core   0: 0x000000008000fe66 (0xfb843783) ld      a5, -72(s0)
core   0: 3 0x000000008000fe66 (0xfb843783) x15 0x000000000000009c mem 0x0000000080031f28
core   0: 0x000000008000fe6a (0x000097ba) c.add   a5, a4
core   0: 3 0x000000008000fe6a (0x97ba) x15 0x00000000800120dc
core   0: 0x000000008000fe6c (0xfe043703) ld      a4, -32(s0)
core   0: 3 0x000000008000fe6c (0xfe043703) x14 0x000000008001207b mem 0x0000000080031f50
core   0: 0x000000008000fe70 (0xfcf76de3) bltu    a4, a5, pc - 38
core   0: 3 0x000000008000fe70 (0xfcf76de3)
core   0: 0x000000008000fe4a (0xfe043783) ld      a5, -32(s0)
core   0: 3 0x000000008000fe4a (0xfe043783) x15 0x000000008001207b mem 0x0000000080031f50
core   0: 0x000000008000fe4e (0x00178713) addi    a4, a5, 1
core   0: 3 0x000000008000fe4e (0x00178713) x14 0x000000008001207c
core   0: 0x000000008000fe52 (0xfee43023) sd      a4, -32(s0)
core   0: 3 0x000000008000fe52 (0xfee43023) mem 0x0000000080031f50 0x000000008001207c
core   0: 0x000000008000fe56 (0xfc442703) lw      a4, -60(s0)
core   0: 3 0x000000008000fe56 (0xfc442703) x14 0x0000000000000000 mem 0x0000000080031f34
core   0: 0x000000008000fe5a (0x0ff77713) andi    a4, a4, 255
core   0: 3 0x000000008000fe5a (0x0ff77713) x14 0x0000000000000000
core   0: 0x000000008000fe5e (0x00e78023) sb      a4, 0(a5)
core   0: 3 0x000000008000fe5e (0x00e78023) mem 0x000000008001207b 0x00
core   0: 0x000000008000fe62 (0xfc843703) ld      a4, -56(s0)
core   0: 3 0x000000008000fe62 (0xfc843703) x14 0x0000000080012040 mem 0x0000000080031f38
core   0: 0x000000008000fe66 (0xfb843783) ld      a5, -72(s0)
core   0: 3 0x000000008000fe66 (0xfb843783) x15 0x000000000000009c mem 0x0000000080031f28
core   0: 0x000000008000fe6a (0x000097ba) c.add   a5, a4
core   0: 3 0x000000008000fe6a (0x97ba) x15 0x00000000800120dc
core   0: 0x000000008000fe6c (0xfe043703) ld      a4, -32(s0)
core   0: 3 0x000000008000fe6c (0xfe043703) x14 0x000000008001207c mem 0x0000000080031f50
core   0: 0x000000008000fe70 (0xfcf76de3) bltu    a4, a5, pc - 38
core   0: 3 0x000000008000fe70 (0xfcf76de3)
core   0: 0x000000008000fe4a (0xfe043783) ld      a5, -32(s0)
core   0: 3 0x000000008000fe4a (0xfe043783) x15 0x000000008001207c mem 0x0000000080031f50
core   0: 0x000000008000fe4e (0x00178713) addi    a4, a5, 1
core   0: 3 0x000000008000fe4e (0x00178713) x14 0x000000008001207d
core   0: 0x000000008000fe52 (0xfee43023) sd      a4, -32(s0)
core   0: 3 0x000000008000fe52 (0xfee43023) mem 0x0000000080031f50 0x000000008001207d
core   0: 0x000000008000fe56 (0xfc442703) lw      a4, -60(s0)
core   0: 3 0x000000008000fe56 (0xfc442703) x14 0x0000000000000000 mem 0x0000000080031f34
core   0: 0x000000008000fe5a (0x0ff77713) andi    a4, a4, 255
core   0: 3 0x000000008000fe5a (0x0ff77713) x14 0x0000000000000000
core   0: 0x000000008000fe5e (0x00e78023) sb      a4, 0(a5)
core   0: 3 0x000000008000fe5e (0x00e78023) mem 0x000000008001207c 0x00
core   0: 0x000000008000fe62 (0xfc843703) ld      a4, -56(s0)
core   0: 3 0x000000008000fe62 (0xfc843703) x14 0x0000000080012040 mem 0x0000000080031f38
core   0: 0x000000008000fe66 (0xfb843783) ld      a5, -72(s0)
core   0: 3 0x000000008000fe66 (0xfb843783) x15 0x000000000000009c mem 0x0000000080031f28
core   0: 0x000000008000fe6a (0x000097ba) c.add   a5, a4
core   0: 3 0x000000008000fe6a (0x97ba) x15 0x00000000800120dc
core   0: 0x000000008000fe6c (0xfe043703) ld      a4, -32(s0)
core   0: 3 0x000000008000fe6c (0xfe043703) x14 0x000000008001207d mem 0x0000000080031f50
core   0: 0x000000008000fe70 (0xfcf76de3) bltu    a4, a5, pc - 38
core   0: 3 0x000000008000fe70 (0xfcf76de3)
core   0: 0x000000008000fe4a (0xfe043783) ld      a5, -32(s0)
core   0: 3 0x000000008000fe4a (0xfe043783) x15 0x000000008001207d mem 0x0000000080031f50
core   0: 0x000000008000fe4e (0x00178713) addi    a4, a5, 1
core   0: 3 0x000000008000fe4e (0x00178713) x14 0x000000008001207e
core   0: 0x000000008000fe52 (0xfee43023) sd      a4, -32(s0)
core   0: 3 0x000000008000fe52 (0xfee43023) mem 0x0000000080031f50 0x000000008001207e
core   0: 0x000000008000fe56 (0xfc442703) lw      a4, -60(s0)
core   0: 3 0x000000008000fe56 (0xfc442703) x14 0x0000000000000000 mem 0x0000000080031f34
core   0: 0x000000008000fe5a (0x0ff77713) andi    a4, a4, 255
core   0: 3 0x000000008000fe5a (0x0ff77713) x14 0x0000000000000000
core   0: 0x000000008000fe5e (0x00e78023) sb      a4, 0(a5)
core   0: 3 0x000000008000fe5e (0x00e78023) mem 0x000000008001207d 0x00
core   0: 0x000000008000fe62 (0xfc843703) ld      a4, -56(s0)
core   0: 3 0x000000008000fe62 (0xfc843703) x14 0x0000000080012040 mem 0x0000000080031f38
core   0: 0x000000008000fe66 (0xfb843783) ld      a5, -72(s0)
core   0: 3 0x000000008000fe66 (0xfb843783) x15 0x000000000000009c mem 0x0000000080031f28
core   0: 0x000000008000fe6a (0x000097ba) c.add   a5, a4
core   0: 3 0x000000008000fe6a (0x97ba) x15 0x00000000800120dc
core   0: 0x000000008000fe6c (0xfe043703) ld      a4, -32(s0)
core   0: 3 0x000000008000fe6c (0xfe043703) x14 0x000000008001207e mem 0x0000000080031f50
core   0: 0x000000008000fe70 (0xfcf76de3) bltu    a4, a5, pc - 38
core   0: 3 0x000000008000fe70 (0xfcf76de3)
core   0: 0x000000008000fe4a (0xfe043783) ld      a5, -32(s0)
core   0: 3 0x000000008000fe4a (0xfe043783) x15 0x000000008001207e mem 0x0000000080031f50
core   0: 0x000000008000fe4e (0x00178713) addi    a4, a5, 1
core   0: 3 0x000000008000fe4e (0x00178713) x14 0x000000008001207f
core   0: 0x000000008000fe52 (0xfee43023) sd      a4, -32(s0)
core   0: 3 0x000000008000fe52 (0xfee43023) mem 0x0000000080031f50 0x000000008001207f
core   0: 0x000000008000fe56 (0xfc442703) lw      a4, -60(s0)
core   0: 3 0x000000008000fe56 (0xfc442703) x14 0x0000000000000000 mem 0x0000000080031f34
core   0: 0x000000008000fe5a (0x0ff77713) andi    a4, a4, 255
core   0: 3 0x000000008000fe5a (0x0ff77713) x14 0x0000000000000000
core   0: 0x000000008000fe5e (0x00e78023) sb      a4, 0(a5)
core   0: 3 0x000000008000fe5e (0x00e78023) mem 0x000000008001207e 0x00
core   0: 0x000000008000fe62 (0xfc843703) ld      a4, -56(s0)
core   0: 3 0x000000008000fe62 (0xfc843703) x14 0x0000000080012040 mem 0x0000000080031f38
core   0: 0x000000008000fe66 (0xfb843783) ld      a5, -72(s0)
core   0: 3 0x000000008000fe66 (0xfb843783) x15 0x000000000000009c mem 0x0000000080031f28
core   0: 0x000000008000fe6a (0x000097ba) c.add   a5, a4
core   0: 3 0x000000008000fe6a (0x97ba) x15 0x00000000800120dc
core   0: 0x000000008000fe6c (0xfe043703) ld      a4, -32(s0)
core   0: 3 0x000000008000fe6c (0xfe043703) x14 0x000000008001207f mem 0x0000000080031f50
core   0: 0x000000008000fe70 (0xfcf76de3) bltu    a4, a5, pc - 38
core   0: 3 0x000000008000fe70 (0xfcf76de3)
core   0: 0x000000008000fe4a (0xfe043783) ld      a5, -32(s0)
core   0: 3 0x000000008000fe4a (0xfe043783) x15 0x000000008001207f mem 0x0000000080031f50
core   0: 0x000000008000fe4e (0x00178713) addi    a4, a5, 1
core   0: 3 0x000000008000fe4e (0x00178713) x14 0x0000000080012080
core   0: 0x000000008000fe52 (0xfee43023) sd      a4, -32(s0)
core   0: 3 0x000000008000fe52 (0xfee43023) mem 0x0000000080031f50 0x0000000080012080
core   0: 0x000000008000fe56 (0xfc442703) lw      a4, -60(s0)
core   0: 3 0x000000008000fe56 (0xfc442703) x14 0x0000000000000000 mem 0x0000000080031f34
core   0: 0x000000008000fe5a (0x0ff77713) andi    a4, a4, 255
core   0: 3 0x000000008000fe5a (0x0ff77713) x14 0x0000000000000000
core   0: 0x000000008000fe5e (0x00e78023) sb      a4, 0(a5)
core   0: 3 0x000000008000fe5e (0x00e78023) mem 0x000000008001207f 0x00
core   0: 0x000000008000fe62 (0xfc843703) ld      a4, -56(s0)
core   0: 3 0x000000008000fe62 (0xfc843703) x14 0x0000000080012040 mem 0x0000000080031f38
core   0: 0x000000008000fe66 (0xfb843783) ld      a5, -72(s0)
core   0: 3 0x000000008000fe66 (0xfb843783) x15 0x000000000000009c mem 0x0000000080031f28
core   0: 0x000000008000fe6a (0x000097ba) c.add   a5, a4
core   0: 3 0x000000008000fe6a (0x97ba) x15 0x00000000800120dc
core   0: 0x000000008000fe6c (0xfe043703) ld      a4, -32(s0)
core   0: 3 0x000000008000fe6c (0xfe043703) x14 0x0000000080012080 mem 0x0000000080031f50
core   0: 0x000000008000fe70 (0xfcf76de3) bltu    a4, a5, pc - 38
core   0: 3 0x000000008000fe70 (0xfcf76de3)
core   0: 0x000000008000fe4a (0xfe043783) ld      a5, -32(s0)
core   0: 3 0x000000008000fe4a (0xfe043783) x15 0x0000000080012080 mem 0x0000000080031f50
core   0: 0x000000008000fe4e (0x00178713) addi    a4, a5, 1
core   0: 3 0x000000008000fe4e (0x00178713) x14 0x0000000080012081
core   0: 0x000000008000fe52 (0xfee43023) sd      a4, -32(s0)
core   0: 3 0x000000008000fe52 (0xfee43023) mem 0x0000000080031f50 0x0000000080012081
core   0: 0x000000008000fe56 (0xfc442703) lw      a4, -60(s0)
core   0: 3 0x000000008000fe56 (0xfc442703) x14 0x0000000000000000 mem 0x0000000080031f34
core   0: 0x000000008000fe5a (0x0ff77713) andi    a4, a4, 255
core   0: 3 0x000000008000fe5a (0x0ff77713) x14 0x0000000000000000
core   0: 0x000000008000fe5e (0x00e78023) sb      a4, 0(a5)
core   0: 3 0x000000008000fe5e (0x00e78023) mem 0x0000000080012080 0x00
core   0: 0x000000008000fe62 (0xfc843703) ld      a4, -56(s0)
core   0: 3 0x000000008000fe62 (0xfc843703) x14 0x0000000080012040 mem 0x0000000080031f38
core   0: 0x000000008000fe66 (0xfb843783) ld      a5, -72(s0)
core   0: 3 0x000000008000fe66 (0xfb843783) x15 0x000000000000009c mem 0x0000000080031f28
core   0: 0x000000008000fe6a (0x000097ba) c.add   a5, a4
core   0: 3 0x000000008000fe6a (0x97ba) x15 0x00000000800120dc
core   0: 0x000000008000fe6c (0xfe043703) ld      a4, -32(s0)
core   0: 3 0x000000008000fe6c (0xfe043703) x14 0x0000000080012081 mem 0x0000000080031f50
core   0: 0x000000008000fe70 (0xfcf76de3) bltu    a4, a5, pc - 38
core   0: 3 0x000000008000fe70 (0xfcf76de3)
core   0: 0x000000008000fe4a (0xfe043783) ld      a5, -32(s0)
core   0: 3 0x000000008000fe4a (0xfe043783) x15 0x0000000080012081 mem 0x0000000080031f50
core   0: 0x000000008000fe4e (0x00178713) addi    a4, a5, 1
core   0: 3 0x000000008000fe4e (0x00178713) x14 0x0000000080012082
core   0: 0x000000008000fe52 (0xfee43023) sd      a4, -32(s0)
core   0: 3 0x000000008000fe52 (0xfee43023) mem 0x0000000080031f50 0x0000000080012082
core   0: 0x000000008000fe56 (0xfc442703) lw      a4, -60(s0)
core   0: 3 0x000000008000fe56 (0xfc442703) x14 0x0000000000000000 mem 0x0000000080031f34
core   0: 0x000000008000fe5a (0x0ff77713) andi    a4, a4, 255
core   0: 3 0x000000008000fe5a (0x0ff77713) x14 0x0000000000000000
core   0: 0x000000008000fe5e (0x00e78023) sb      a4, 0(a5)
core   0: 3 0x000000008000fe5e (0x00e78023) mem 0x0000000080012081 0x00
core   0: 0x000000008000fe62 (0xfc843703) ld      a4, -56(s0)
core   0: 3 0x000000008000fe62 (0xfc843703) x14 0x0000000080012040 mem 0x0000000080031f38
core   0: 0x000000008000fe66 (0xfb843783) ld      a5, -72(s0)
core   0: 3 0x000000008000fe66 (0xfb843783) x15 0x000000000000009c mem 0x0000000080031f28
core   0: 0x000000008000fe6a (0x000097ba) c.add   a5, a4
core   0: 3 0x000000008000fe6a (0x97ba) x15 0x00000000800120dc
core   0: 0x000000008000fe6c (0xfe043703) ld      a4, -32(s0)
core   0: 3 0x000000008000fe6c (0xfe043703) x14 0x0000000080012082 mem 0x0000000080031f50
core   0: 0x000000008000fe70 (0xfcf76de3) bltu    a4, a5, pc - 38
core   0: 3 0x000000008000fe70 (0xfcf76de3)
core   0: 0x000000008000fe4a (0xfe043783) ld      a5, -32(s0)
core   0: 3 0x000000008000fe4a (0xfe043783) x15 0x0000000080012082 mem 0x0000000080031f50
core   0: 0x000000008000fe4e (0x00178713) addi    a4, a5, 1
core   0: 3 0x000000008000fe4e (0x00178713) x14 0x0000000080012083
core   0: 0x000000008000fe52 (0xfee43023) sd      a4, -32(s0)
core   0: 3 0x000000008000fe52 (0xfee43023) mem 0x0000000080031f50 0x0000000080012083
core   0: 0x000000008000fe56 (0xfc442703) lw      a4, -60(s0)
core   0: 3 0x000000008000fe56 (0xfc442703) x14 0x0000000000000000 mem 0x0000000080031f34
core   0: 0x000000008000fe5a (0x0ff77713) andi    a4, a4, 255
core   0: 3 0x000000008000fe5a (0x0ff77713) x14 0x0000000000000000
core   0: 0x000000008000fe5e (0x00e78023) sb      a4, 0(a5)
core   0: 3 0x000000008000fe5e (0x00e78023) mem 0x0000000080012082 0x00
core   0: 0x000000008000fe62 (0xfc843703) ld      a4, -56(s0)
core   0: 3 0x000000008000fe62 (0xfc843703) x14 0x0000000080012040 mem 0x0000000080031f38
core   0: 0x000000008000fe66 (0xfb843783) ld      a5, -72(s0)
core   0: 3 0x000000008000fe66 (0xfb843783) x15 0x000000000000009c mem 0x0000000080031f28
core   0: 0x000000008000fe6a (0x000097ba) c.add   a5, a4
core   0: 3 0x000000008000fe6a (0x97ba) x15 0x00000000800120dc
core   0: 0x000000008000fe6c (0xfe043703) ld      a4, -32(s0)
core   0: 3 0x000000008000fe6c (0xfe043703) x14 0x0000000080012083 mem 0x0000000080031f50
core   0: 0x000000008000fe70 (0xfcf76de3) bltu    a4, a5, pc - 38
core   0: 3 0x000000008000fe70 (0xfcf76de3)
core   0: 0x000000008000fe4a (0xfe043783) ld      a5, -32(s0)
core   0: 3 0x000000008000fe4a (0xfe043783) x15 0x0000000080012083 mem 0x0000000080031f50
core   0: 0x000000008000fe4e (0x00178713) addi    a4, a5, 1
core   0: 3 0x000000008000fe4e (0x00178713) x14 0x0000000080012084
core   0: 0x000000008000fe52 (0xfee43023) sd      a4, -32(s0)
core   0: 3 0x000000008000fe52 (0xfee43023) mem 0x0000000080031f50 0x0000000080012084
core   0: 0x000000008000fe56 (0xfc442703) lw      a4, -60(s0)
core   0: 3 0x000000008000fe56 (0xfc442703) x14 0x0000000000000000 mem 0x0000000080031f34
core   0: 0x000000008000fe5a (0x0ff77713) andi    a4, a4, 255
core   0: 3 0x000000008000fe5a (0x0ff77713) x14 0x0000000000000000
core   0: 0x000000008000fe5e (0x00e78023) sb      a4, 0(a5)
core   0: 3 0x000000008000fe5e (0x00e78023) mem 0x0000000080012083 0x00
core   0: 0x000000008000fe62 (0xfc843703) ld      a4, -56(s0)
core   0: 3 0x000000008000fe62 (0xfc843703) x14 0x0000000080012040 mem 0x0000000080031f38
core   0: 0x000000008000fe66 (0xfb843783) ld      a5, -72(s0)
core   0: 3 0x000000008000fe66 (0xfb843783) x15 0x000000000000009c mem 0x0000000080031f28
core   0: 0x000000008000fe6a (0x000097ba) c.add   a5, a4
core   0: 3 0x000000008000fe6a (0x97ba) x15 0x00000000800120dc
core   0: 0x000000008000fe6c (0xfe043703) ld      a4, -32(s0)
core   0: 3 0x000000008000fe6c (0xfe043703) x14 0x0000000080012084 mem 0x0000000080031f50
core   0: 0x000000008000fe70 (0xfcf76de3) bltu    a4, a5, pc - 38
core   0: 3 0x000000008000fe70 (0xfcf76de3)
core   0: 0x000000008000fe4a (0xfe043783) ld      a5, -32(s0)
core   0: 3 0x000000008000fe4a (0xfe043783) x15 0x0000000080012084 mem 0x0000000080031f50
core   0: 0x000000008000fe4e (0x00178713) addi    a4, a5, 1
core   0: 3 0x000000008000fe4e (0x00178713) x14 0x0000000080012085
core   0: 0x000000008000fe52 (0xfee43023) sd      a4, -32(s0)
core   0: 3 0x000000008000fe52 (0xfee43023) mem 0x0000000080031f50 0x0000000080012085
core   0: 0x000000008000fe56 (0xfc442703) lw      a4, -60(s0)
core   0: 3 0x000000008000fe56 (0xfc442703) x14 0x0000000000000000 mem 0x0000000080031f34
core   0: 0x000000008000fe5a (0x0ff77713) andi    a4, a4, 255
core   0: 3 0x000000008000fe5a (0x0ff77713) x14 0x0000000000000000
core   0: 0x000000008000fe5e (0x00e78023) sb      a4, 0(a5)
core   0: 3 0x000000008000fe5e (0x00e78023) mem 0x0000000080012084 0x00
core   0: 0x000000008000fe62 (0xfc843703) ld      a4, -56(s0)
core   0: 3 0x000000008000fe62 (0xfc843703) x14 0x0000000080012040 mem 0x0000000080031f38
core   0: 0x000000008000fe66 (0xfb843783) ld      a5, -72(s0)
core   0: 3 0x000000008000fe66 (0xfb843783) x15 0x000000000000009c mem 0x0000000080031f28
core   0: 0x000000008000fe6a (0x000097ba) c.add   a5, a4
core   0: 3 0x000000008000fe6a (0x97ba) x15 0x00000000800120dc
core   0: 0x000000008000fe6c (0xfe043703) ld      a4, -32(s0)
core   0: 3 0x000000008000fe6c (0xfe043703) x14 0x0000000080012085 mem 0x0000000080031f50
core   0: 0x000000008000fe70 (0xfcf76de3) bltu    a4, a5, pc - 38
core   0: 3 0x000000008000fe70 (0xfcf76de3)
core   0: 0x000000008000fe4a (0xfe043783) ld      a5, -32(s0)
core   0: 3 0x000000008000fe4a (0xfe043783) x15 0x0000000080012085 mem 0x0000000080031f50
core   0: 0x000000008000fe4e (0x00178713) addi    a4, a5, 1
core   0: 3 0x000000008000fe4e (0x00178713) x14 0x0000000080012086
core   0: 0x000000008000fe52 (0xfee43023) sd      a4, -32(s0)
core   0: 3 0x000000008000fe52 (0xfee43023) mem 0x0000000080031f50 0x0000000080012086
core   0: 0x000000008000fe56 (0xfc442703) lw      a4, -60(s0)
core   0: 3 0x000000008000fe56 (0xfc442703) x14 0x0000000000000000 mem 0x0000000080031f34
core   0: 0x000000008000fe5a (0x0ff77713) andi    a4, a4, 255
core   0: 3 0x000000008000fe5a (0x0ff77713) x14 0x0000000000000000
core   0: 0x000000008000fe5e (0x00e78023) sb      a4, 0(a5)
core   0: 3 0x000000008000fe5e (0x00e78023) mem 0x0000000080012085 0x00
core   0: 0x000000008000fe62 (0xfc843703) ld      a4, -56(s0)
core   0: 3 0x000000008000fe62 (0xfc843703) x14 0x0000000080012040 mem 0x0000000080031f38
core   0: 0x000000008000fe66 (0xfb843783) ld      a5, -72(s0)
core   0: 3 0x000000008000fe66 (0xfb843783) x15 0x000000000000009c mem 0x0000000080031f28
core   0: 0x000000008000fe6a (0x000097ba) c.add   a5, a4
core   0: 3 0x000000008000fe6a (0x97ba) x15 0x00000000800120dc
core   0: 0x000000008000fe6c (0xfe043703) ld      a4, -32(s0)
core   0: 3 0x000000008000fe6c (0xfe043703) x14 0x0000000080012086 mem 0x0000000080031f50
core   0: 0x000000008000fe70 (0xfcf76de3) bltu    a4, a5, pc - 38
core   0: 3 0x000000008000fe70 (0xfcf76de3)
core   0: 0x000000008000fe4a (0xfe043783) ld      a5, -32(s0)
core   0: 3 0x000000008000fe4a (0xfe043783) x15 0x0000000080012086 mem 0x0000000080031f50
core   0: 0x000000008000fe4e (0x00178713) addi    a4, a5, 1
core   0: 3 0x000000008000fe4e (0x00178713) x14 0x0000000080012087
core   0: 0x000000008000fe52 (0xfee43023) sd      a4, -32(s0)
core   0: 3 0x000000008000fe52 (0xfee43023) mem 0x0000000080031f50 0x0000000080012087
core   0: 0x000000008000fe56 (0xfc442703) lw      a4, -60(s0)
core   0: 3 0x000000008000fe56 (0xfc442703) x14 0x0000000000000000 mem 0x0000000080031f34
core   0: 0x000000008000fe5a (0x0ff77713) andi    a4, a4, 255
core   0: 3 0x000000008000fe5a (0x0ff77713) x14 0x0000000000000000
core   0: 0x000000008000fe5e (0x00e78023) sb      a4, 0(a5)
core   0: 3 0x000000008000fe5e (0x00e78023) mem 0x0000000080012086 0x00
core   0: 0x000000008000fe62 (0xfc843703) ld      a4, -56(s0)
core   0: 3 0x000000008000fe62 (0xfc843703) x14 0x0000000080012040 mem 0x0000000080031f38
core   0: 0x000000008000fe66 (0xfb843783) ld      a5, -72(s0)
core   0: 3 0x000000008000fe66 (0xfb843783) x15 0x000000000000009c mem 0x0000000080031f28
core   0: 0x000000008000fe6a (0x000097ba) c.add   a5, a4
core   0: 3 0x000000008000fe6a (0x97ba) x15 0x00000000800120dc
core   0: 0x000000008000fe6c (0xfe043703) ld      a4, -32(s0)
core   0: 3 0x000000008000fe6c (0xfe043703) x14 0x0000000080012087 mem 0x0000000080031f50
core   0: 0x000000008000fe70 (0xfcf76de3) bltu    a4, a5, pc - 38
core   0: 3 0x000000008000fe70 (0xfcf76de3)
core   0: 0x000000008000fe4a (0xfe043783) ld      a5, -32(s0)
core   0: 3 0x000000008000fe4a (0xfe043783) x15 0x0000000080012087 mem 0x0000000080031f50
core   0: 0x000000008000fe4e (0x00178713) addi    a4, a5, 1
core   0: 3 0x000000008000fe4e (0x00178713) x14 0x0000000080012088
core   0: 0x000000008000fe52 (0xfee43023) sd      a4, -32(s0)
core   0: 3 0x000000008000fe52 (0xfee43023) mem 0x0000000080031f50 0x0000000080012088
core   0: 0x000000008000fe56 (0xfc442703) lw      a4, -60(s0)
core   0: 3 0x000000008000fe56 (0xfc442703) x14 0x0000000000000000 mem 0x0000000080031f34
core   0: 0x000000008000fe5a (0x0ff77713) andi    a4, a4, 255
core   0: 3 0x000000008000fe5a (0x0ff77713) x14 0x0000000000000000
core   0: 0x000000008000fe5e (0x00e78023) sb      a4, 0(a5)
core   0: 3 0x000000008000fe5e (0x00e78023) mem 0x0000000080012087 0x00
core   0: 0x000000008000fe62 (0xfc843703) ld      a4, -56(s0)
core   0: 3 0x000000008000fe62 (0xfc843703) x14 0x0000000080012040 mem 0x0000000080031f38
core   0: 0x000000008000fe66 (0xfb843783) ld      a5, -72(s0)
core   0: 3 0x000000008000fe66 (0xfb843783) x15 0x000000000000009c mem 0x0000000080031f28
core   0: 0x000000008000fe6a (0x000097ba) c.add   a5, a4
core   0: 3 0x000000008000fe6a (0x97ba) x15 0x00000000800120dc
core   0: 0x000000008000fe6c (0xfe043703) ld      a4, -32(s0)
core   0: 3 0x000000008000fe6c (0xfe043703) x14 0x0000000080012088 mem 0x0000000080031f50
core   0: 0x000000008000fe70 (0xfcf76de3) bltu    a4, a5, pc - 38
core   0: 3 0x000000008000fe70 (0xfcf76de3)
core   0: 0x000000008000fe4a (0xfe043783) ld      a5, -32(s0)
core   0: 3 0x000000008000fe4a (0xfe043783) x15 0x0000000080012088 mem 0x0000000080031f50
core   0: 0x000000008000fe4e (0x00178713) addi    a4, a5, 1
core   0: 3 0x000000008000fe4e (0x00178713) x14 0x0000000080012089
core   0: 0x000000008000fe52 (0xfee43023) sd      a4, -32(s0)
core   0: 3 0x000000008000fe52 (0xfee43023) mem 0x0000000080031f50 0x0000000080012089
core   0: 0x000000008000fe56 (0xfc442703) lw      a4, -60(s0)
core   0: 3 0x000000008000fe56 (0xfc442703) x14 0x0000000000000000 mem 0x0000000080031f34
core   0: 0x000000008000fe5a (0x0ff77713) andi    a4, a4, 255
core   0: 3 0x000000008000fe5a (0x0ff77713) x14 0x0000000000000000
core   0: 0x000000008000fe5e (0x00e78023) sb      a4, 0(a5)
core   0: 3 0x000000008000fe5e (0x00e78023) mem 0x0000000080012088 0x00
core   0: 0x000000008000fe62 (0xfc843703) ld      a4, -56(s0)
core   0: 3 0x000000008000fe62 (0xfc843703) x14 0x0000000080012040 mem 0x0000000080031f38
core   0: 0x000000008000fe66 (0xfb843783) ld      a5, -72(s0)
core   0: 3 0x000000008000fe66 (0xfb843783) x15 0x000000000000009c mem 0x0000000080031f28
core   0: 0x000000008000fe6a (0x000097ba) c.add   a5, a4
core   0: 3 0x000000008000fe6a (0x97ba) x15 0x00000000800120dc
core   0: 0x000000008000fe6c (0xfe043703) ld      a4, -32(s0)
core   0: 3 0x000000008000fe6c (0xfe043703) x14 0x0000000080012089 mem 0x0000000080031f50
core   0: 0x000000008000fe70 (0xfcf76de3) bltu    a4, a5, pc - 38
core   0: 3 0x000000008000fe70 (0xfcf76de3)
core   0: 0x000000008000fe4a (0xfe043783) ld      a5, -32(s0)
core   0: 3 0x000000008000fe4a (0xfe043783) x15 0x0000000080012089 mem 0x0000000080031f50
core   0: 0x000000008000fe4e (0x00178713) addi    a4, a5, 1
core   0: 3 0x000000008000fe4e (0x00178713) x14 0x000000008001208a
core   0: 0x000000008000fe52 (0xfee43023) sd      a4, -32(s0)
core   0: 3 0x000000008000fe52 (0xfee43023) mem 0x0000000080031f50 0x000000008001208a
core   0: 0x000000008000fe56 (0xfc442703) lw      a4, -60(s0)
core   0: 3 0x000000008000fe56 (0xfc442703) x14 0x0000000000000000 mem 0x0000000080031f34
core   0: 0x000000008000fe5a (0x0ff77713) andi    a4, a4, 255
core   0: 3 0x000000008000fe5a (0x0ff77713) x14 0x0000000000000000
core   0: 0x000000008000fe5e (0x00e78023) sb      a4, 0(a5)
core   0: 3 0x000000008000fe5e (0x00e78023) mem 0x0000000080012089 0x00
core   0: 0x000000008000fe62 (0xfc843703) ld      a4, -56(s0)
core   0: 3 0x000000008000fe62 (0xfc843703) x14 0x0000000080012040 mem 0x0000000080031f38
core   0: 0x000000008000fe66 (0xfb843783) ld      a5, -72(s0)
core   0: 3 0x000000008000fe66 (0xfb843783) x15 0x000000000000009c mem 0x0000000080031f28
core   0: 0x000000008000fe6a (0x000097ba) c.add   a5, a4
core   0: 3 0x000000008000fe6a (0x97ba) x15 0x00000000800120dc
core   0: 0x000000008000fe6c (0xfe043703) ld      a4, -32(s0)
core   0: 3 0x000000008000fe6c (0xfe043703) x14 0x000000008001208a mem 0x0000000080031f50
core   0: 0x000000008000fe70 (0xfcf76de3) bltu    a4, a5, pc - 38
core   0: 3 0x000000008000fe70 (0xfcf76de3)
core   0: 0x000000008000fe4a (0xfe043783) ld      a5, -32(s0)
core   0: 3 0x000000008000fe4a (0xfe043783) x15 0x000000008001208a mem 0x0000000080031f50
core   0: 0x000000008000fe4e (0x00178713) addi    a4, a5, 1
core   0: 3 0x000000008000fe4e (0x00178713) x14 0x000000008001208b
core   0: 0x000000008000fe52 (0xfee43023) sd      a4, -32(s0)
core   0: 3 0x000000008000fe52 (0xfee43023) mem 0x0000000080031f50 0x000000008001208b
core   0: 0x000000008000fe56 (0xfc442703) lw      a4, -60(s0)
core   0: 3 0x000000008000fe56 (0xfc442703) x14 0x0000000000000000 mem 0x0000000080031f34
core   0: 0x000000008000fe5a (0x0ff77713) andi    a4, a4, 255
core   0: 3 0x000000008000fe5a (0x0ff77713) x14 0x0000000000000000
core   0: 0x000000008000fe5e (0x00e78023) sb      a4, 0(a5)
core   0: 3 0x000000008000fe5e (0x00e78023) mem 0x000000008001208a 0x00
core   0: 0x000000008000fe62 (0xfc843703) ld      a4, -56(s0)
core   0: 3 0x000000008000fe62 (0xfc843703) x14 0x0000000080012040 mem 0x0000000080031f38
core   0: 0x000000008000fe66 (0xfb843783) ld      a5, -72(s0)
core   0: 3 0x000000008000fe66 (0xfb843783) x15 0x000000000000009c mem 0x0000000080031f28
core   0: 0x000000008000fe6a (0x000097ba) c.add   a5, a4
core   0: 3 0x000000008000fe6a (0x97ba) x15 0x00000000800120dc
core   0: 0x000000008000fe6c (0xfe043703) ld      a4, -32(s0)
core   0: 3 0x000000008000fe6c (0xfe043703) x14 0x000000008001208b mem 0x0000000080031f50
core   0: 0x000000008000fe70 (0xfcf76de3) bltu    a4, a5, pc - 38
core   0: 3 0x000000008000fe70 (0xfcf76de3)
core   0: 0x000000008000fe4a (0xfe043783) ld      a5, -32(s0)
core   0: 3 0x000000008000fe4a (0xfe043783) x15 0x000000008001208b mem 0x0000000080031f50
core   0: 0x000000008000fe4e (0x00178713) addi    a4, a5, 1
core   0: 3 0x000000008000fe4e (0x00178713) x14 0x000000008001208c
core   0: 0x000000008000fe52 (0xfee43023) sd      a4, -32(s0)
core   0: 3 0x000000008000fe52 (0xfee43023) mem 0x0000000080031f50 0x000000008001208c
core   0: 0x000000008000fe56 (0xfc442703) lw      a4, -60(s0)
core   0: 3 0x000000008000fe56 (0xfc442703) x14 0x0000000000000000 mem 0x0000000080031f34
core   0: 0x000000008000fe5a (0x0ff77713) andi    a4, a4, 255
core   0: 3 0x000000008000fe5a (0x0ff77713) x14 0x0000000000000000
core   0: 0x000000008000fe5e (0x00e78023) sb      a4, 0(a5)
core   0: 3 0x000000008000fe5e (0x00e78023) mem 0x000000008001208b 0x00
core   0: 0x000000008000fe62 (0xfc843703) ld      a4, -56(s0)
core   0: 3 0x000000008000fe62 (0xfc843703) x14 0x0000000080012040 mem 0x0000000080031f38
core   0: 0x000000008000fe66 (0xfb843783) ld      a5, -72(s0)
core   0: 3 0x000000008000fe66 (0xfb843783) x15 0x000000000000009c mem 0x0000000080031f28
core   0: 0x000000008000fe6a (0x000097ba) c.add   a5, a4
core   0: 3 0x000000008000fe6a (0x97ba) x15 0x00000000800120dc
core   0: 0x000000008000fe6c (0xfe043703) ld      a4, -32(s0)
core   0: 3 0x000000008000fe6c (0xfe043703) x14 0x000000008001208c mem 0x0000000080031f50
core   0: 0x000000008000fe70 (0xfcf76de3) bltu    a4, a5, pc - 38
core   0: 3 0x000000008000fe70 (0xfcf76de3)
core   0: 0x000000008000fe4a (0xfe043783) ld      a5, -32(s0)
core   0: 3 0x000000008000fe4a (0xfe043783) x15 0x000000008001208c mem 0x0000000080031f50
core   0: 0x000000008000fe4e (0x00178713) addi    a4, a5, 1
core   0: 3 0x000000008000fe4e (0x00178713) x14 0x000000008001208d
core   0: 0x000000008000fe52 (0xfee43023) sd      a4, -32(s0)
core   0: 3 0x000000008000fe52 (0xfee43023) mem 0x0000000080031f50 0x000000008001208d
core   0: 0x000000008000fe56 (0xfc442703) lw      a4, -60(s0)
core   0: 3 0x000000008000fe56 (0xfc442703) x14 0x0000000000000000 mem 0x0000000080031f34
core   0: 0x000000008000fe5a (0x0ff77713) andi    a4, a4, 255
core   0: 3 0x000000008000fe5a (0x0ff77713) x14 0x0000000000000000
core   0: 0x000000008000fe5e (0x00e78023) sb      a4, 0(a5)
core   0: 3 0x000000008000fe5e (0x00e78023) mem 0x000000008001208c 0x00
core   0: 0x000000008000fe62 (0xfc843703) ld      a4, -56(s0)
core   0: 3 0x000000008000fe62 (0xfc843703) x14 0x0000000080012040 mem 0x0000000080031f38
core   0: 0x000000008000fe66 (0xfb843783) ld      a5, -72(s0)
core   0: 3 0x000000008000fe66 (0xfb843783) x15 0x000000000000009c mem 0x0000000080031f28
core   0: 0x000000008000fe6a (0x000097ba) c.add   a5, a4
core   0: 3 0x000000008000fe6a (0x97ba) x15 0x00000000800120dc
core   0: 0x000000008000fe6c (0xfe043703) ld      a4, -32(s0)
core   0: 3 0x000000008000fe6c (0xfe043703) x14 0x000000008001208d mem 0x0000000080031f50
core   0: 0x000000008000fe70 (0xfcf76de3) bltu    a4, a5, pc - 38
core   0: 3 0x000000008000fe70 (0xfcf76de3)
core   0: 0x000000008000fe4a (0xfe043783) ld      a5, -32(s0)
core   0: 3 0x000000008000fe4a (0xfe043783) x15 0x000000008001208d mem 0x0000000080031f50
core   0: 0x000000008000fe4e (0x00178713) addi    a4, a5, 1
core   0: 3 0x000000008000fe4e (0x00178713) x14 0x000000008001208e
core   0: 0x000000008000fe52 (0xfee43023) sd      a4, -32(s0)
core   0: 3 0x000000008000fe52 (0xfee43023) mem 0x0000000080031f50 0x000000008001208e
core   0: 0x000000008000fe56 (0xfc442703) lw      a4, -60(s0)
core   0: 3 0x000000008000fe56 (0xfc442703) x14 0x0000000000000000 mem 0x0000000080031f34
core   0: 0x000000008000fe5a (0x0ff77713) andi    a4, a4, 255
core   0: 3 0x000000008000fe5a (0x0ff77713) x14 0x0000000000000000
core   0: 0x000000008000fe5e (0x00e78023) sb      a4, 0(a5)
core   0: 3 0x000000008000fe5e (0x00e78023) mem 0x000000008001208d 0x00
core   0: 0x000000008000fe62 (0xfc843703) ld      a4, -56(s0)
core   0: 3 0x000000008000fe62 (0xfc843703) x14 0x0000000080012040 mem 0x0000000080031f38
core   0: 0x000000008000fe66 (0xfb843783) ld      a5, -72(s0)
core   0: 3 0x000000008000fe66 (0xfb843783) x15 0x000000000000009c mem 0x0000000080031f28
core   0: 0x000000008000fe6a (0x000097ba) c.add   a5, a4
core   0: 3 0x000000008000fe6a (0x97ba) x15 0x00000000800120dc
core   0: 0x000000008000fe6c (0xfe043703) ld      a4, -32(s0)
core   0: 3 0x000000008000fe6c (0xfe043703) x14 0x000000008001208e mem 0x0000000080031f50
core   0: 0x000000008000fe70 (0xfcf76de3) bltu    a4, a5, pc - 38
core   0: 3 0x000000008000fe70 (0xfcf76de3)
core   0: 0x000000008000fe4a (0xfe043783) ld      a5, -32(s0)
core   0: 3 0x000000008000fe4a (0xfe043783) x15 0x000000008001208e mem 0x0000000080031f50
core   0: 0x000000008000fe4e (0x00178713) addi    a4, a5, 1
core   0: 3 0x000000008000fe4e (0x00178713) x14 0x000000008001208f
core   0: 0x000000008000fe52 (0xfee43023) sd      a4, -32(s0)
core   0: 3 0x000000008000fe52 (0xfee43023) mem 0x0000000080031f50 0x000000008001208f
core   0: 0x000000008000fe56 (0xfc442703) lw      a4, -60(s0)
core   0: 3 0x000000008000fe56 (0xfc442703) x14 0x0000000000000000 mem 0x0000000080031f34
core   0: 0x000000008000fe5a (0x0ff77713) andi    a4, a4, 255
core   0: 3 0x000000008000fe5a (0x0ff77713) x14 0x0000000000000000
core   0: 0x000000008000fe5e (0x00e78023) sb      a4, 0(a5)
core   0: 3 0x000000008000fe5e (0x00e78023) mem 0x000000008001208e 0x00
core   0: 0x000000008000fe62 (0xfc843703) ld      a4, -56(s0)
core   0: 3 0x000000008000fe62 (0xfc843703) x14 0x0000000080012040 mem 0x0000000080031f38
core   0: 0x000000008000fe66 (0xfb843783) ld      a5, -72(s0)
core   0: 3 0x000000008000fe66 (0xfb843783) x15 0x000000000000009c mem 0x0000000080031f28
core   0: 0x000000008000fe6a (0x000097ba) c.add   a5, a4
core   0: 3 0x000000008000fe6a (0x97ba) x15 0x00000000800120dc
core   0: 0x000000008000fe6c (0xfe043703) ld      a4, -32(s0)
core   0: 3 0x000000008000fe6c (0xfe043703) x14 0x000000008001208f mem 0x0000000080031f50
core   0: 0x000000008000fe70 (0xfcf76de3) bltu    a4, a5, pc - 38
core   0: 3 0x000000008000fe70 (0xfcf76de3)
core   0: 0x000000008000fe4a (0xfe043783) ld      a5, -32(s0)
core   0: 3 0x000000008000fe4a (0xfe043783) x15 0x000000008001208f mem 0x0000000080031f50
core   0: 0x000000008000fe4e (0x00178713) addi    a4, a5, 1
core   0: 3 0x000000008000fe4e (0x00178713) x14 0x0000000080012090
core   0: 0x000000008000fe52 (0xfee43023) sd      a4, -32(s0)
core   0: 3 0x000000008000fe52 (0xfee43023) mem 0x0000000080031f50 0x0000000080012090
core   0: 0x000000008000fe56 (0xfc442703) lw      a4, -60(s0)
core   0: 3 0x000000008000fe56 (0xfc442703) x14 0x0000000000000000 mem 0x0000000080031f34
core   0: 0x000000008000fe5a (0x0ff77713) andi    a4, a4, 255
core   0: 3 0x000000008000fe5a (0x0ff77713) x14 0x0000000000000000
core   0: 0x000000008000fe5e (0x00e78023) sb      a4, 0(a5)
core   0: 3 0x000000008000fe5e (0x00e78023) mem 0x000000008001208f 0x00
core   0: 0x000000008000fe62 (0xfc843703) ld      a4, -56(s0)
core   0: 3 0x000000008000fe62 (0xfc843703) x14 0x0000000080012040 mem 0x0000000080031f38
core   0: 0x000000008000fe66 (0xfb843783) ld      a5, -72(s0)
core   0: 3 0x000000008000fe66 (0xfb843783) x15 0x000000000000009c mem 0x0000000080031f28
core   0: 0x000000008000fe6a (0x000097ba) c.add   a5, a4
core   0: 3 0x000000008000fe6a (0x97ba) x15 0x00000000800120dc
core   0: 0x000000008000fe6c (0xfe043703) ld      a4, -32(s0)
core   0: 3 0x000000008000fe6c (0xfe043703) x14 0x0000000080012090 mem 0x0000000080031f50
core   0: 0x000000008000fe70 (0xfcf76de3) bltu    a4, a5, pc - 38
core   0: 3 0x000000008000fe70 (0xfcf76de3)
core   0: 0x000000008000fe4a (0xfe043783) ld      a5, -32(s0)
core   0: 3 0x000000008000fe4a (0xfe043783) x15 0x0000000080012090 mem 0x0000000080031f50
core   0: 0x000000008000fe4e (0x00178713) addi    a4, a5, 1
core   0: 3 0x000000008000fe4e (0x00178713) x14 0x0000000080012091
core   0: 0x000000008000fe52 (0xfee43023) sd      a4, -32(s0)
core   0: 3 0x000000008000fe52 (0xfee43023) mem 0x0000000080031f50 0x0000000080012091
core   0: 0x000000008000fe56 (0xfc442703) lw      a4, -60(s0)
core   0: 3 0x000000008000fe56 (0xfc442703) x14 0x0000000000000000 mem 0x0000000080031f34
core   0: 0x000000008000fe5a (0x0ff77713) andi    a4, a4, 255
core   0: 3 0x000000008000fe5a (0x0ff77713) x14 0x0000000000000000
core   0: 0x000000008000fe5e (0x00e78023) sb      a4, 0(a5)
core   0: 3 0x000000008000fe5e (0x00e78023) mem 0x0000000080012090 0x00
core   0: 0x000000008000fe62 (0xfc843703) ld      a4, -56(s0)
core   0: 3 0x000000008000fe62 (0xfc843703) x14 0x0000000080012040 mem 0x0000000080031f38
core   0: 0x000000008000fe66 (0xfb843783) ld      a5, -72(s0)
core   0: 3 0x000000008000fe66 (0xfb843783) x15 0x000000000000009c mem 0x0000000080031f28
core   0: 0x000000008000fe6a (0x000097ba) c.add   a5, a4
core   0: 3 0x000000008000fe6a (0x97ba) x15 0x00000000800120dc
core   0: 0x000000008000fe6c (0xfe043703) ld      a4, -32(s0)
core   0: 3 0x000000008000fe6c (0xfe043703) x14 0x0000000080012091 mem 0x0000000080031f50
core   0: 0x000000008000fe70 (0xfcf76de3) bltu    a4, a5, pc - 38
core   0: 3 0x000000008000fe70 (0xfcf76de3)
core   0: 0x000000008000fe4a (0xfe043783) ld      a5, -32(s0)
core   0: 3 0x000000008000fe4a (0xfe043783) x15 0x0000000080012091 mem 0x0000000080031f50
core   0: 0x000000008000fe4e (0x00178713) addi    a4, a5, 1
core   0: 3 0x000000008000fe4e (0x00178713) x14 0x0000000080012092
core   0: 0x000000008000fe52 (0xfee43023) sd      a4, -32(s0)
core   0: 3 0x000000008000fe52 (0xfee43023) mem 0x0000000080031f50 0x0000000080012092
core   0: 0x000000008000fe56 (0xfc442703) lw      a4, -60(s0)
core   0: 3 0x000000008000fe56 (0xfc442703) x14 0x0000000000000000 mem 0x0000000080031f34
core   0: 0x000000008000fe5a (0x0ff77713) andi    a4, a4, 255
core   0: 3 0x000000008000fe5a (0x0ff77713) x14 0x0000000000000000
core   0: 0x000000008000fe5e (0x00e78023) sb      a4, 0(a5)
core   0: 3 0x000000008000fe5e (0x00e78023) mem 0x0000000080012091 0x00
core   0: 0x000000008000fe62 (0xfc843703) ld      a4, -56(s0)
core   0: 3 0x000000008000fe62 (0xfc843703) x14 0x0000000080012040 mem 0x0000000080031f38
core   0: 0x000000008000fe66 (0xfb843783) ld      a5, -72(s0)
core   0: 3 0x000000008000fe66 (0xfb843783) x15 0x000000000000009c mem 0x0000000080031f28
core   0: 0x000000008000fe6a (0x000097ba) c.add   a5, a4
core   0: 3 0x000000008000fe6a (0x97ba) x15 0x00000000800120dc
core   0: 0x000000008000fe6c (0xfe043703) ld      a4, -32(s0)
core   0: 3 0x000000008000fe6c (0xfe043703) x14 0x0000000080012092 mem 0x0000000080031f50
core   0: 0x000000008000fe70 (0xfcf76de3) bltu    a4, a5, pc - 38
core   0: 3 0x000000008000fe70 (0xfcf76de3)
core   0: 0x000000008000fe4a (0xfe043783) ld      a5, -32(s0)
core   0: 3 0x000000008000fe4a (0xfe043783) x15 0x0000000080012092 mem 0x0000000080031f50
core   0: 0x000000008000fe4e (0x00178713) addi    a4, a5, 1
core   0: 3 0x000000008000fe4e (0x00178713) x14 0x0000000080012093
core   0: 0x000000008000fe52 (0xfee43023) sd      a4, -32(s0)
core   0: 3 0x000000008000fe52 (0xfee43023) mem 0x0000000080031f50 0x0000000080012093
core   0: 0x000000008000fe56 (0xfc442703) lw      a4, -60(s0)
core   0: 3 0x000000008000fe56 (0xfc442703) x14 0x0000000000000000 mem 0x0000000080031f34
core   0: 0x000000008000fe5a (0x0ff77713) andi    a4, a4, 255
core   0: 3 0x000000008000fe5a (0x0ff77713) x14 0x0000000000000000
core   0: 0x000000008000fe5e (0x00e78023) sb      a4, 0(a5)
core   0: 3 0x000000008000fe5e (0x00e78023) mem 0x0000000080012092 0x00
core   0: 0x000000008000fe62 (0xfc843703) ld      a4, -56(s0)
core   0: 3 0x000000008000fe62 (0xfc843703) x14 0x0000000080012040 mem 0x0000000080031f38
core   0: 0x000000008000fe66 (0xfb843783) ld      a5, -72(s0)
core   0: 3 0x000000008000fe66 (0xfb843783) x15 0x000000000000009c mem 0x0000000080031f28
core   0: 0x000000008000fe6a (0x000097ba) c.add   a5, a4
core   0: 3 0x000000008000fe6a (0x97ba) x15 0x00000000800120dc
core   0: 0x000000008000fe6c (0xfe043703) ld      a4, -32(s0)
core   0: 3 0x000000008000fe6c (0xfe043703) x14 0x0000000080012093 mem 0x0000000080031f50
core   0: 0x000000008000fe70 (0xfcf76de3) bltu    a4, a5, pc - 38
core   0: 3 0x000000008000fe70 (0xfcf76de3)
core   0: 0x000000008000fe4a (0xfe043783) ld      a5, -32(s0)
core   0: 3 0x000000008000fe4a (0xfe043783) x15 0x0000000080012093 mem 0x0000000080031f50
core   0: 0x000000008000fe4e (0x00178713) addi    a4, a5, 1
core   0: 3 0x000000008000fe4e (0x00178713) x14 0x0000000080012094
core   0: 0x000000008000fe52 (0xfee43023) sd      a4, -32(s0)
core   0: 3 0x000000008000fe52 (0xfee43023) mem 0x0000000080031f50 0x0000000080012094
core   0: 0x000000008000fe56 (0xfc442703) lw      a4, -60(s0)
core   0: 3 0x000000008000fe56 (0xfc442703) x14 0x0000000000000000 mem 0x0000000080031f34
core   0: 0x000000008000fe5a (0x0ff77713) andi    a4, a4, 255
core   0: 3 0x000000008000fe5a (0x0ff77713) x14 0x0000000000000000
core   0: 0x000000008000fe5e (0x00e78023) sb      a4, 0(a5)
core   0: 3 0x000000008000fe5e (0x00e78023) mem 0x0000000080012093 0x00
core   0: 0x000000008000fe62 (0xfc843703) ld      a4, -56(s0)
core   0: 3 0x000000008000fe62 (0xfc843703) x14 0x0000000080012040 mem 0x0000000080031f38
core   0: 0x000000008000fe66 (0xfb843783) ld      a5, -72(s0)
core   0: 3 0x000000008000fe66 (0xfb843783) x15 0x000000000000009c mem 0x0000000080031f28
core   0: 0x000000008000fe6a (0x000097ba) c.add   a5, a4
core   0: 3 0x000000008000fe6a (0x97ba) x15 0x00000000800120dc
core   0: 0x000000008000fe6c (0xfe043703) ld      a4, -32(s0)
core   0: 3 0x000000008000fe6c (0xfe043703) x14 0x0000000080012094 mem 0x0000000080031f50
core   0: 0x000000008000fe70 (0xfcf76de3) bltu    a4, a5, pc - 38
core   0: 3 0x000000008000fe70 (0xfcf76de3)
core   0: 0x000000008000fe4a (0xfe043783) ld      a5, -32(s0)
core   0: 3 0x000000008000fe4a (0xfe043783) x15 0x0000000080012094 mem 0x0000000080031f50
core   0: 0x000000008000fe4e (0x00178713) addi    a4, a5, 1
core   0: 3 0x000000008000fe4e (0x00178713) x14 0x0000000080012095
core   0: 0x000000008000fe52 (0xfee43023) sd      a4, -32(s0)
core   0: 3 0x000000008000fe52 (0xfee43023) mem 0x0000000080031f50 0x0000000080012095
core   0: 0x000000008000fe56 (0xfc442703) lw      a4, -60(s0)
core   0: 3 0x000000008000fe56 (0xfc442703) x14 0x0000000000000000 mem 0x0000000080031f34
core   0: 0x000000008000fe5a (0x0ff77713) andi    a4, a4, 255
core   0: 3 0x000000008000fe5a (0x0ff77713) x14 0x0000000000000000
core   0: 0x000000008000fe5e (0x00e78023) sb      a4, 0(a5)
core   0: 3 0x000000008000fe5e (0x00e78023) mem 0x0000000080012094 0x00
core   0: 0x000000008000fe62 (0xfc843703) ld      a4, -56(s0)
core   0: 3 0x000000008000fe62 (0xfc843703) x14 0x0000000080012040 mem 0x0000000080031f38
core   0: 0x000000008000fe66 (0xfb843783) ld      a5, -72(s0)
core   0: 3 0x000000008000fe66 (0xfb843783) x15 0x000000000000009c mem 0x0000000080031f28
core   0: 0x000000008000fe6a (0x000097ba) c.add   a5, a4
core   0: 3 0x000000008000fe6a (0x97ba) x15 0x00000000800120dc
core   0: 0x000000008000fe6c (0xfe043703) ld      a4, -32(s0)
core   0: 3 0x000000008000fe6c (0xfe043703) x14 0x0000000080012095 mem 0x0000000080031f50
core   0: 0x000000008000fe70 (0xfcf76de3) bltu    a4, a5, pc - 38
core   0: 3 0x000000008000fe70 (0xfcf76de3)
core   0: 0x000000008000fe4a (0xfe043783) ld      a5, -32(s0)
core   0: 3 0x000000008000fe4a (0xfe043783) x15 0x0000000080012095 mem 0x0000000080031f50
core   0: 0x000000008000fe4e (0x00178713) addi    a4, a5, 1
core   0: 3 0x000000008000fe4e (0x00178713) x14 0x0000000080012096
core   0: 0x000000008000fe52 (0xfee43023) sd      a4, -32(s0)
core   0: 3 0x000000008000fe52 (0xfee43023) mem 0x0000000080031f50 0x0000000080012096
core   0: 0x000000008000fe56 (0xfc442703) lw      a4, -60(s0)
core   0: 3 0x000000008000fe56 (0xfc442703) x14 0x0000000000000000 mem 0x0000000080031f34
core   0: 0x000000008000fe5a (0x0ff77713) andi    a4, a4, 255
core   0: 3 0x000000008000fe5a (0x0ff77713) x14 0x0000000000000000
core   0: 0x000000008000fe5e (0x00e78023) sb      a4, 0(a5)
core   0: 3 0x000000008000fe5e (0x00e78023) mem 0x0000000080012095 0x00
core   0: 0x000000008000fe62 (0xfc843703) ld      a4, -56(s0)
core   0: 3 0x000000008000fe62 (0xfc843703) x14 0x0000000080012040 mem 0x0000000080031f38
core   0: 0x000000008000fe66 (0xfb843783) ld      a5, -72(s0)
core   0: 3 0x000000008000fe66 (0xfb843783) x15 0x000000000000009c mem 0x0000000080031f28
core   0: 0x000000008000fe6a (0x000097ba) c.add   a5, a4
core   0: 3 0x000000008000fe6a (0x97ba) x15 0x00000000800120dc
core   0: 0x000000008000fe6c (0xfe043703) ld      a4, -32(s0)
core   0: 3 0x000000008000fe6c (0xfe043703) x14 0x0000000080012096 mem 0x0000000080031f50
core   0: 0x000000008000fe70 (0xfcf76de3) bltu    a4, a5, pc - 38
core   0: 3 0x000000008000fe70 (0xfcf76de3)
core   0: 0x000000008000fe4a (0xfe043783) ld      a5, -32(s0)
core   0: 3 0x000000008000fe4a (0xfe043783) x15 0x0000000080012096 mem 0x0000000080031f50
core   0: 0x000000008000fe4e (0x00178713) addi    a4, a5, 1
core   0: 3 0x000000008000fe4e (0x00178713) x14 0x0000000080012097
core   0: 0x000000008000fe52 (0xfee43023) sd      a4, -32(s0)
core   0: 3 0x000000008000fe52 (0xfee43023) mem 0x0000000080031f50 0x0000000080012097
core   0: 0x000000008000fe56 (0xfc442703) lw      a4, -60(s0)
core   0: 3 0x000000008000fe56 (0xfc442703) x14 0x0000000000000000 mem 0x0000000080031f34
core   0: 0x000000008000fe5a (0x0ff77713) andi    a4, a4, 255
core   0: 3 0x000000008000fe5a (0x0ff77713) x14 0x0000000000000000
core   0: 0x000000008000fe5e (0x00e78023) sb      a4, 0(a5)
core   0: 3 0x000000008000fe5e (0x00e78023) mem 0x0000000080012096 0x00
core   0: 0x000000008000fe62 (0xfc843703) ld      a4, -56(s0)
core   0: 3 0x000000008000fe62 (0xfc843703) x14 0x0000000080012040 mem 0x0000000080031f38
core   0: 0x000000008000fe66 (0xfb843783) ld      a5, -72(s0)
core   0: 3 0x000000008000fe66 (0xfb843783) x15 0x000000000000009c mem 0x0000000080031f28
core   0: 0x000000008000fe6a (0x000097ba) c.add   a5, a4
core   0: 3 0x000000008000fe6a (0x97ba) x15 0x00000000800120dc
core   0: 0x000000008000fe6c (0xfe043703) ld      a4, -32(s0)
core   0: 3 0x000000008000fe6c (0xfe043703) x14 0x0000000080012097 mem 0x0000000080031f50
core   0: 0x000000008000fe70 (0xfcf76de3) bltu    a4, a5, pc - 38
core   0: 3 0x000000008000fe70 (0xfcf76de3)
core   0: 0x000000008000fe4a (0xfe043783) ld      a5, -32(s0)
core   0: 3 0x000000008000fe4a (0xfe043783) x15 0x0000000080012097 mem 0x0000000080031f50
core   0: 0x000000008000fe4e (0x00178713) addi    a4, a5, 1
core   0: 3 0x000000008000fe4e (0x00178713) x14 0x0000000080012098
core   0: 0x000000008000fe52 (0xfee43023) sd      a4, -32(s0)
core   0: 3 0x000000008000fe52 (0xfee43023) mem 0x0000000080031f50 0x0000000080012098
core   0: 0x000000008000fe56 (0xfc442703) lw      a4, -60(s0)
core   0: 3 0x000000008000fe56 (0xfc442703) x14 0x0000000000000000 mem 0x0000000080031f34
core   0: 0x000000008000fe5a (0x0ff77713) andi    a4, a4, 255
core   0: 3 0x000000008000fe5a (0x0ff77713) x14 0x0000000000000000
core   0: 0x000000008000fe5e (0x00e78023) sb      a4, 0(a5)
core   0: 3 0x000000008000fe5e (0x00e78023) mem 0x0000000080012097 0x00
core   0: 0x000000008000fe62 (0xfc843703) ld      a4, -56(s0)
core   0: 3 0x000000008000fe62 (0xfc843703) x14 0x0000000080012040 mem 0x0000000080031f38
core   0: 0x000000008000fe66 (0xfb843783) ld      a5, -72(s0)
core   0: 3 0x000000008000fe66 (0xfb843783) x15 0x000000000000009c mem 0x0000000080031f28
core   0: 0x000000008000fe6a (0x000097ba) c.add   a5, a4
core   0: 3 0x000000008000fe6a (0x97ba) x15 0x00000000800120dc
core   0: 0x000000008000fe6c (0xfe043703) ld      a4, -32(s0)
core   0: 3 0x000000008000fe6c (0xfe043703) x14 0x0000000080012098 mem 0x0000000080031f50
core   0: 0x000000008000fe70 (0xfcf76de3) bltu    a4, a5, pc - 38
core   0: 3 0x000000008000fe70 (0xfcf76de3)
core   0: 0x000000008000fe4a (0xfe043783) ld      a5, -32(s0)
core   0: 3 0x000000008000fe4a (0xfe043783) x15 0x0000000080012098 mem 0x0000000080031f50
core   0: 0x000000008000fe4e (0x00178713) addi    a4, a5, 1
core   0: 3 0x000000008000fe4e (0x00178713) x14 0x0000000080012099
core   0: 0x000000008000fe52 (0xfee43023) sd      a4, -32(s0)
core   0: 3 0x000000008000fe52 (0xfee43023) mem 0x0000000080031f50 0x0000000080012099
core   0: 0x000000008000fe56 (0xfc442703) lw      a4, -60(s0)
core   0: 3 0x000000008000fe56 (0xfc442703) x14 0x0000000000000000 mem 0x0000000080031f34
core   0: 0x000000008000fe5a (0x0ff77713) andi    a4, a4, 255
core   0: 3 0x000000008000fe5a (0x0ff77713) x14 0x0000000000000000
core   0: 0x000000008000fe5e (0x00e78023) sb      a4, 0(a5)
core   0: 3 0x000000008000fe5e (0x00e78023) mem 0x0000000080012098 0x00
core   0: 0x000000008000fe62 (0xfc843703) ld      a4, -56(s0)
core   0: 3 0x000000008000fe62 (0xfc843703) x14 0x0000000080012040 mem 0x0000000080031f38
core   0: 0x000000008000fe66 (0xfb843783) ld      a5, -72(s0)
core   0: 3 0x000000008000fe66 (0xfb843783) x15 0x000000000000009c mem 0x0000000080031f28
core   0: 0x000000008000fe6a (0x000097ba) c.add   a5, a4
core   0: 3 0x000000008000fe6a (0x97ba) x15 0x00000000800120dc
core   0: 0x000000008000fe6c (0xfe043703) ld      a4, -32(s0)
core   0: 3 0x000000008000fe6c (0xfe043703) x14 0x0000000080012099 mem 0x0000000080031f50
core   0: 0x000000008000fe70 (0xfcf76de3) bltu    a4, a5, pc - 38
core   0: 3 0x000000008000fe70 (0xfcf76de3)
core   0: 0x000000008000fe4a (0xfe043783) ld      a5, -32(s0)
core   0: 3 0x000000008000fe4a (0xfe043783) x15 0x0000000080012099 mem 0x0000000080031f50
core   0: 0x000000008000fe4e (0x00178713) addi    a4, a5, 1
core   0: 3 0x000000008000fe4e (0x00178713) x14 0x000000008001209a
core   0: 0x000000008000fe52 (0xfee43023) sd      a4, -32(s0)
core   0: 3 0x000000008000fe52 (0xfee43023) mem 0x0000000080031f50 0x000000008001209a
core   0: 0x000000008000fe56 (0xfc442703) lw      a4, -60(s0)
core   0: 3 0x000000008000fe56 (0xfc442703) x14 0x0000000000000000 mem 0x0000000080031f34
core   0: 0x000000008000fe5a (0x0ff77713) andi    a4, a4, 255
core   0: 3 0x000000008000fe5a (0x0ff77713) x14 0x0000000000000000
core   0: 0x000000008000fe5e (0x00e78023) sb      a4, 0(a5)
core   0: 3 0x000000008000fe5e (0x00e78023) mem 0x0000000080012099 0x00
core   0: 0x000000008000fe62 (0xfc843703) ld      a4, -56(s0)
core   0: 3 0x000000008000fe62 (0xfc843703) x14 0x0000000080012040 mem 0x0000000080031f38
core   0: 0x000000008000fe66 (0xfb843783) ld      a5, -72(s0)
core   0: 3 0x000000008000fe66 (0xfb843783) x15 0x000000000000009c mem 0x0000000080031f28
core   0: 0x000000008000fe6a (0x000097ba) c.add   a5, a4
core   0: 3 0x000000008000fe6a (0x97ba) x15 0x00000000800120dc
core   0: 0x000000008000fe6c (0xfe043703) ld      a4, -32(s0)
core   0: 3 0x000000008000fe6c (0xfe043703) x14 0x000000008001209a mem 0x0000000080031f50
core   0: 0x000000008000fe70 (0xfcf76de3) bltu    a4, a5, pc - 38
core   0: 3 0x000000008000fe70 (0xfcf76de3)
core   0: 0x000000008000fe4a (0xfe043783) ld      a5, -32(s0)
core   0: 3 0x000000008000fe4a (0xfe043783) x15 0x000000008001209a mem 0x0000000080031f50
core   0: 0x000000008000fe4e (0x00178713) addi    a4, a5, 1
core   0: 3 0x000000008000fe4e (0x00178713) x14 0x000000008001209b
core   0: 0x000000008000fe52 (0xfee43023) sd      a4, -32(s0)
core   0: 3 0x000000008000fe52 (0xfee43023) mem 0x0000000080031f50 0x000000008001209b
core   0: 0x000000008000fe56 (0xfc442703) lw      a4, -60(s0)
core   0: 3 0x000000008000fe56 (0xfc442703) x14 0x0000000000000000 mem 0x0000000080031f34
core   0: 0x000000008000fe5a (0x0ff77713) andi    a4, a4, 255
core   0: 3 0x000000008000fe5a (0x0ff77713) x14 0x0000000000000000
core   0: 0x000000008000fe5e (0x00e78023) sb      a4, 0(a5)
core   0: 3 0x000000008000fe5e (0x00e78023) mem 0x000000008001209a 0x00
core   0: 0x000000008000fe62 (0xfc843703) ld      a4, -56(s0)
core   0: 3 0x000000008000fe62 (0xfc843703) x14 0x0000000080012040 mem 0x0000000080031f38
core   0: 0x000000008000fe66 (0xfb843783) ld      a5, -72(s0)
core   0: 3 0x000000008000fe66 (0xfb843783) x15 0x000000000000009c mem 0x0000000080031f28
core   0: 0x000000008000fe6a (0x000097ba) c.add   a5, a4
core   0: 3 0x000000008000fe6a (0x97ba) x15 0x00000000800120dc
core   0: 0x000000008000fe6c (0xfe043703) ld      a4, -32(s0)
core   0: 3 0x000000008000fe6c (0xfe043703) x14 0x000000008001209b mem 0x0000000080031f50
core   0: 0x000000008000fe70 (0xfcf76de3) bltu    a4, a5, pc - 38
core   0: 3 0x000000008000fe70 (0xfcf76de3)
core   0: 0x000000008000fe4a (0xfe043783) ld      a5, -32(s0)
core   0: 3 0x000000008000fe4a (0xfe043783) x15 0x000000008001209b mem 0x0000000080031f50
core   0: 0x000000008000fe4e (0x00178713) addi    a4, a5, 1
core   0: 3 0x000000008000fe4e (0x00178713) x14 0x000000008001209c
core   0: 0x000000008000fe52 (0xfee43023) sd      a4, -32(s0)
core   0: 3 0x000000008000fe52 (0xfee43023) mem 0x0000000080031f50 0x000000008001209c
core   0: 0x000000008000fe56 (0xfc442703) lw      a4, -60(s0)
core   0: 3 0x000000008000fe56 (0xfc442703) x14 0x0000000000000000 mem 0x0000000080031f34
core   0: 0x000000008000fe5a (0x0ff77713) andi    a4, a4, 255
core   0: 3 0x000000008000fe5a (0x0ff77713) x14 0x0000000000000000
core   0: 0x000000008000fe5e (0x00e78023) sb      a4, 0(a5)
core   0: 3 0x000000008000fe5e (0x00e78023) mem 0x000000008001209b 0x00
core   0: 0x000000008000fe62 (0xfc843703) ld      a4, -56(s0)
core   0: 3 0x000000008000fe62 (0xfc843703) x14 0x0000000080012040 mem 0x0000000080031f38
core   0: 0x000000008000fe66 (0xfb843783) ld      a5, -72(s0)
core   0: 3 0x000000008000fe66 (0xfb843783) x15 0x000000000000009c mem 0x0000000080031f28
core   0: 0x000000008000fe6a (0x000097ba) c.add   a5, a4
core   0: 3 0x000000008000fe6a (0x97ba) x15 0x00000000800120dc
core   0: 0x000000008000fe6c (0xfe043703) ld      a4, -32(s0)
core   0: 3 0x000000008000fe6c (0xfe043703) x14 0x000000008001209c mem 0x0000000080031f50
core   0: 0x000000008000fe70 (0xfcf76de3) bltu    a4, a5, pc - 38
core   0: 3 0x000000008000fe70 (0xfcf76de3)
core   0: 0x000000008000fe4a (0xfe043783) ld      a5, -32(s0)
core   0: 3 0x000000008000fe4a (0xfe043783) x15 0x000000008001209c mem 0x0000000080031f50
core   0: 0x000000008000fe4e (0x00178713) addi    a4, a5, 1
core   0: 3 0x000000008000fe4e (0x00178713) x14 0x000000008001209d
core   0: 0x000000008000fe52 (0xfee43023) sd      a4, -32(s0)
core   0: 3 0x000000008000fe52 (0xfee43023) mem 0x0000000080031f50 0x000000008001209d
core   0: 0x000000008000fe56 (0xfc442703) lw      a4, -60(s0)
core   0: 3 0x000000008000fe56 (0xfc442703) x14 0x0000000000000000 mem 0x0000000080031f34
core   0: 0x000000008000fe5a (0x0ff77713) andi    a4, a4, 255
core   0: 3 0x000000008000fe5a (0x0ff77713) x14 0x0000000000000000
core   0: 0x000000008000fe5e (0x00e78023) sb      a4, 0(a5)
core   0: 3 0x000000008000fe5e (0x00e78023) mem 0x000000008001209c 0x00
core   0: 0x000000008000fe62 (0xfc843703) ld      a4, -56(s0)
core   0: 3 0x000000008000fe62 (0xfc843703) x14 0x0000000080012040 mem 0x0000000080031f38
core   0: 0x000000008000fe66 (0xfb843783) ld      a5, -72(s0)
core   0: 3 0x000000008000fe66 (0xfb843783) x15 0x000000000000009c mem 0x0000000080031f28
core   0: 0x000000008000fe6a (0x000097ba) c.add   a5, a4
core   0: 3 0x000000008000fe6a (0x97ba) x15 0x00000000800120dc
core   0: 0x000000008000fe6c (0xfe043703) ld      a4, -32(s0)
core   0: 3 0x000000008000fe6c (0xfe043703) x14 0x000000008001209d mem 0x0000000080031f50
core   0: 0x000000008000fe70 (0xfcf76de3) bltu    a4, a5, pc - 38
core   0: 3 0x000000008000fe70 (0xfcf76de3)
core   0: 0x000000008000fe4a (0xfe043783) ld      a5, -32(s0)
core   0: 3 0x000000008000fe4a (0xfe043783) x15 0x000000008001209d mem 0x0000000080031f50
core   0: 0x000000008000fe4e (0x00178713) addi    a4, a5, 1
core   0: 3 0x000000008000fe4e (0x00178713) x14 0x000000008001209e
core   0: 0x000000008000fe52 (0xfee43023) sd      a4, -32(s0)
core   0: 3 0x000000008000fe52 (0xfee43023) mem 0x0000000080031f50 0x000000008001209e
core   0: 0x000000008000fe56 (0xfc442703) lw      a4, -60(s0)
core   0: 3 0x000000008000fe56 (0xfc442703) x14 0x0000000000000000 mem 0x0000000080031f34
core   0: 0x000000008000fe5a (0x0ff77713) andi    a4, a4, 255
core   0: 3 0x000000008000fe5a (0x0ff77713) x14 0x0000000000000000
core   0: 0x000000008000fe5e (0x00e78023) sb      a4, 0(a5)
core   0: 3 0x000000008000fe5e (0x00e78023) mem 0x000000008001209d 0x00
core   0: 0x000000008000fe62 (0xfc843703) ld      a4, -56(s0)
core   0: 3 0x000000008000fe62 (0xfc843703) x14 0x0000000080012040 mem 0x0000000080031f38
core   0: 0x000000008000fe66 (0xfb843783) ld      a5, -72(s0)
core   0: 3 0x000000008000fe66 (0xfb843783) x15 0x000000000000009c mem 0x0000000080031f28
core   0: 0x000000008000fe6a (0x000097ba) c.add   a5, a4
core   0: 3 0x000000008000fe6a (0x97ba) x15 0x00000000800120dc
core   0: 0x000000008000fe6c (0xfe043703) ld      a4, -32(s0)
core   0: 3 0x000000008000fe6c (0xfe043703) x14 0x000000008001209e mem 0x0000000080031f50
core   0: 0x000000008000fe70 (0xfcf76de3) bltu    a4, a5, pc - 38
core   0: 3 0x000000008000fe70 (0xfcf76de3)
core   0: 0x000000008000fe4a (0xfe043783) ld      a5, -32(s0)
core   0: 3 0x000000008000fe4a (0xfe043783) x15 0x000000008001209e mem 0x0000000080031f50
core   0: 0x000000008000fe4e (0x00178713) addi    a4, a5, 1
core   0: 3 0x000000008000fe4e (0x00178713) x14 0x000000008001209f
core   0: 0x000000008000fe52 (0xfee43023) sd      a4, -32(s0)
core   0: 3 0x000000008000fe52 (0xfee43023) mem 0x0000000080031f50 0x000000008001209f
core   0: 0x000000008000fe56 (0xfc442703) lw      a4, -60(s0)
core   0: 3 0x000000008000fe56 (0xfc442703) x14 0x0000000000000000 mem 0x0000000080031f34
core   0: 0x000000008000fe5a (0x0ff77713) andi    a4, a4, 255
core   0: 3 0x000000008000fe5a (0x0ff77713) x14 0x0000000000000000
core   0: 0x000000008000fe5e (0x00e78023) sb      a4, 0(a5)
core   0: 3 0x000000008000fe5e (0x00e78023) mem 0x000000008001209e 0x00
core   0: 0x000000008000fe62 (0xfc843703) ld      a4, -56(s0)
core   0: 3 0x000000008000fe62 (0xfc843703) x14 0x0000000080012040 mem 0x0000000080031f38
core   0: 0x000000008000fe66 (0xfb843783) ld      a5, -72(s0)
core   0: 3 0x000000008000fe66 (0xfb843783) x15 0x000000000000009c mem 0x0000000080031f28
core   0: 0x000000008000fe6a (0x000097ba) c.add   a5, a4
core   0: 3 0x000000008000fe6a (0x97ba) x15 0x00000000800120dc
core   0: 0x000000008000fe6c (0xfe043703) ld      a4, -32(s0)
core   0: 3 0x000000008000fe6c (0xfe043703) x14 0x000000008001209f mem 0x0000000080031f50
core   0: 0x000000008000fe70 (0xfcf76de3) bltu    a4, a5, pc - 38
core   0: 3 0x000000008000fe70 (0xfcf76de3)
core   0: 0x000000008000fe4a (0xfe043783) ld      a5, -32(s0)
core   0: 3 0x000000008000fe4a (0xfe043783) x15 0x000000008001209f mem 0x0000000080031f50
core   0: 0x000000008000fe4e (0x00178713) addi    a4, a5, 1
core   0: 3 0x000000008000fe4e (0x00178713) x14 0x00000000800120a0
core   0: 0x000000008000fe52 (0xfee43023) sd      a4, -32(s0)
core   0: 3 0x000000008000fe52 (0xfee43023) mem 0x0000000080031f50 0x00000000800120a0
core   0: 0x000000008000fe56 (0xfc442703) lw      a4, -60(s0)
core   0: 3 0x000000008000fe56 (0xfc442703) x14 0x0000000000000000 mem 0x0000000080031f34
core   0: 0x000000008000fe5a (0x0ff77713) andi    a4, a4, 255
core   0: 3 0x000000008000fe5a (0x0ff77713) x14 0x0000000000000000
core   0: 0x000000008000fe5e (0x00e78023) sb      a4, 0(a5)
core   0: 3 0x000000008000fe5e (0x00e78023) mem 0x000000008001209f 0x00
core   0: 0x000000008000fe62 (0xfc843703) ld      a4, -56(s0)
core   0: 3 0x000000008000fe62 (0xfc843703) x14 0x0000000080012040 mem 0x0000000080031f38
core   0: 0x000000008000fe66 (0xfb843783) ld      a5, -72(s0)
core   0: 3 0x000000008000fe66 (0xfb843783) x15 0x000000000000009c mem 0x0000000080031f28
core   0: 0x000000008000fe6a (0x000097ba) c.add   a5, a4
core   0: 3 0x000000008000fe6a (0x97ba) x15 0x00000000800120dc
core   0: 0x000000008000fe6c (0xfe043703) ld      a4, -32(s0)
core   0: 3 0x000000008000fe6c (0xfe043703) x14 0x00000000800120a0 mem 0x0000000080031f50
core   0: 0x000000008000fe70 (0xfcf76de3) bltu    a4, a5, pc - 38
core   0: 3 0x000000008000fe70 (0xfcf76de3)
core   0: 0x000000008000fe4a (0xfe043783) ld      a5, -32(s0)
core   0: 3 0x000000008000fe4a (0xfe043783) x15 0x00000000800120a0 mem 0x0000000080031f50
core   0: 0x000000008000fe4e (0x00178713) addi    a4, a5, 1
core   0: 3 0x000000008000fe4e (0x00178713) x14 0x00000000800120a1
core   0: 0x000000008000fe52 (0xfee43023) sd      a4, -32(s0)
core   0: 3 0x000000008000fe52 (0xfee43023) mem 0x0000000080031f50 0x00000000800120a1
core   0: 0x000000008000fe56 (0xfc442703) lw      a4, -60(s0)
core   0: 3 0x000000008000fe56 (0xfc442703) x14 0x0000000000000000 mem 0x0000000080031f34
core   0: 0x000000008000fe5a (0x0ff77713) andi    a4, a4, 255
core   0: 3 0x000000008000fe5a (0x0ff77713) x14 0x0000000000000000
core   0: 0x000000008000fe5e (0x00e78023) sb      a4, 0(a5)
core   0: 3 0x000000008000fe5e (0x00e78023) mem 0x00000000800120a0 0x00
core   0: 0x000000008000fe62 (0xfc843703) ld      a4, -56(s0)
core   0: 3 0x000000008000fe62 (0xfc843703) x14 0x0000000080012040 mem 0x0000000080031f38
core   0: 0x000000008000fe66 (0xfb843783) ld      a5, -72(s0)
core   0: 3 0x000000008000fe66 (0xfb843783) x15 0x000000000000009c mem 0x0000000080031f28
core   0: 0x000000008000fe6a (0x000097ba) c.add   a5, a4
core   0: 3 0x000000008000fe6a (0x97ba) x15 0x00000000800120dc
core   0: 0x000000008000fe6c (0xfe043703) ld      a4, -32(s0)
core   0: 3 0x000000008000fe6c (0xfe043703) x14 0x00000000800120a1 mem 0x0000000080031f50
core   0: 0x000000008000fe70 (0xfcf76de3) bltu    a4, a5, pc - 38
core   0: 3 0x000000008000fe70 (0xfcf76de3)
core   0: 0x000000008000fe4a (0xfe043783) ld      a5, -32(s0)
core   0: 3 0x000000008000fe4a (0xfe043783) x15 0x00000000800120a1 mem 0x0000000080031f50
core   0: 0x000000008000fe4e (0x00178713) addi    a4, a5, 1
core   0: 3 0x000000008000fe4e (0x00178713) x14 0x00000000800120a2
core   0: 0x000000008000fe52 (0xfee43023) sd      a4, -32(s0)
core   0: 3 0x000000008000fe52 (0xfee43023) mem 0x0000000080031f50 0x00000000800120a2
core   0: 0x000000008000fe56 (0xfc442703) lw      a4, -60(s0)
core   0: 3 0x000000008000fe56 (0xfc442703) x14 0x0000000000000000 mem 0x0000000080031f34
core   0: 0x000000008000fe5a (0x0ff77713) andi    a4, a4, 255
core   0: 3 0x000000008000fe5a (0x0ff77713) x14 0x0000000000000000
core   0: 0x000000008000fe5e (0x00e78023) sb      a4, 0(a5)
core   0: 3 0x000000008000fe5e (0x00e78023) mem 0x00000000800120a1 0x00
core   0: 0x000000008000fe62 (0xfc843703) ld      a4, -56(s0)
core   0: 3 0x000000008000fe62 (0xfc843703) x14 0x0000000080012040 mem 0x0000000080031f38
core   0: 0x000000008000fe66 (0xfb843783) ld      a5, -72(s0)
core   0: 3 0x000000008000fe66 (0xfb843783) x15 0x000000000000009c mem 0x0000000080031f28
core   0: 0x000000008000fe6a (0x000097ba) c.add   a5, a4
core   0: 3 0x000000008000fe6a (0x97ba) x15 0x00000000800120dc
core   0: 0x000000008000fe6c (0xfe043703) ld      a4, -32(s0)
core   0: 3 0x000000008000fe6c (0xfe043703) x14 0x00000000800120a2 mem 0x0000000080031f50
core   0: 0x000000008000fe70 (0xfcf76de3) bltu    a4, a5, pc - 38
core   0: 3 0x000000008000fe70 (0xfcf76de3)
core   0: 0x000000008000fe4a (0xfe043783) ld      a5, -32(s0)
core   0: 3 0x000000008000fe4a (0xfe043783) x15 0x00000000800120a2 mem 0x0000000080031f50
core   0: 0x000000008000fe4e (0x00178713) addi    a4, a5, 1
core   0: 3 0x000000008000fe4e (0x00178713) x14 0x00000000800120a3
core   0: 0x000000008000fe52 (0xfee43023) sd      a4, -32(s0)
core   0: 3 0x000000008000fe52 (0xfee43023) mem 0x0000000080031f50 0x00000000800120a3
core   0: 0x000000008000fe56 (0xfc442703) lw      a4, -60(s0)
core   0: 3 0x000000008000fe56 (0xfc442703) x14 0x0000000000000000 mem 0x0000000080031f34
core   0: 0x000000008000fe5a (0x0ff77713) andi    a4, a4, 255
core   0: 3 0x000000008000fe5a (0x0ff77713) x14 0x0000000000000000
core   0: 0x000000008000fe5e (0x00e78023) sb      a4, 0(a5)
core   0: 3 0x000000008000fe5e (0x00e78023) mem 0x00000000800120a2 0x00
core   0: 0x000000008000fe62 (0xfc843703) ld      a4, -56(s0)
core   0: 3 0x000000008000fe62 (0xfc843703) x14 0x0000000080012040 mem 0x0000000080031f38
core   0: 0x000000008000fe66 (0xfb843783) ld      a5, -72(s0)
core   0: 3 0x000000008000fe66 (0xfb843783) x15 0x000000000000009c mem 0x0000000080031f28
core   0: 0x000000008000fe6a (0x000097ba) c.add   a5, a4
core   0: 3 0x000000008000fe6a (0x97ba) x15 0x00000000800120dc
core   0: 0x000000008000fe6c (0xfe043703) ld      a4, -32(s0)
core   0: 3 0x000000008000fe6c (0xfe043703) x14 0x00000000800120a3 mem 0x0000000080031f50
core   0: 0x000000008000fe70 (0xfcf76de3) bltu    a4, a5, pc - 38
core   0: 3 0x000000008000fe70 (0xfcf76de3)
core   0: 0x000000008000fe4a (0xfe043783) ld      a5, -32(s0)
core   0: 3 0x000000008000fe4a (0xfe043783) x15 0x00000000800120a3 mem 0x0000000080031f50
core   0: 0x000000008000fe4e (0x00178713) addi    a4, a5, 1
core   0: 3 0x000000008000fe4e (0x00178713) x14 0x00000000800120a4
core   0: 0x000000008000fe52 (0xfee43023) sd      a4, -32(s0)
core   0: 3 0x000000008000fe52 (0xfee43023) mem 0x0000000080031f50 0x00000000800120a4
core   0: 0x000000008000fe56 (0xfc442703) lw      a4, -60(s0)
core   0: 3 0x000000008000fe56 (0xfc442703) x14 0x0000000000000000 mem 0x0000000080031f34
core   0: 0x000000008000fe5a (0x0ff77713) andi    a4, a4, 255
core   0: 3 0x000000008000fe5a (0x0ff77713) x14 0x0000000000000000
core   0: 0x000000008000fe5e (0x00e78023) sb      a4, 0(a5)
core   0: 3 0x000000008000fe5e (0x00e78023) mem 0x00000000800120a3 0x00
core   0: 0x000000008000fe62 (0xfc843703) ld      a4, -56(s0)
core   0: 3 0x000000008000fe62 (0xfc843703) x14 0x0000000080012040 mem 0x0000000080031f38
core   0: 0x000000008000fe66 (0xfb843783) ld      a5, -72(s0)
core   0: 3 0x000000008000fe66 (0xfb843783) x15 0x000000000000009c mem 0x0000000080031f28
core   0: 0x000000008000fe6a (0x000097ba) c.add   a5, a4
core   0: 3 0x000000008000fe6a (0x97ba) x15 0x00000000800120dc
core   0: 0x000000008000fe6c (0xfe043703) ld      a4, -32(s0)
core   0: 3 0x000000008000fe6c (0xfe043703) x14 0x00000000800120a4 mem 0x0000000080031f50
core   0: 0x000000008000fe70 (0xfcf76de3) bltu    a4, a5, pc - 38
core   0: 3 0x000000008000fe70 (0xfcf76de3)
core   0: 0x000000008000fe4a (0xfe043783) ld      a5, -32(s0)
core   0: 3 0x000000008000fe4a (0xfe043783) x15 0x00000000800120a4 mem 0x0000000080031f50
core   0: 0x000000008000fe4e (0x00178713) addi    a4, a5, 1
core   0: 3 0x000000008000fe4e (0x00178713) x14 0x00000000800120a5
core   0: 0x000000008000fe52 (0xfee43023) sd      a4, -32(s0)
core   0: 3 0x000000008000fe52 (0xfee43023) mem 0x0000000080031f50 0x00000000800120a5
core   0: 0x000000008000fe56 (0xfc442703) lw      a4, -60(s0)
core   0: 3 0x000000008000fe56 (0xfc442703) x14 0x0000000000000000 mem 0x0000000080031f34
core   0: 0x000000008000fe5a (0x0ff77713) andi    a4, a4, 255
core   0: 3 0x000000008000fe5a (0x0ff77713) x14 0x0000000000000000
core   0: 0x000000008000fe5e (0x00e78023) sb      a4, 0(a5)
core   0: 3 0x000000008000fe5e (0x00e78023) mem 0x00000000800120a4 0x00
core   0: 0x000000008000fe62 (0xfc843703) ld      a4, -56(s0)
core   0: 3 0x000000008000fe62 (0xfc843703) x14 0x0000000080012040 mem 0x0000000080031f38
core   0: 0x000000008000fe66 (0xfb843783) ld      a5, -72(s0)
core   0: 3 0x000000008000fe66 (0xfb843783) x15 0x000000000000009c mem 0x0000000080031f28
core   0: 0x000000008000fe6a (0x000097ba) c.add   a5, a4
core   0: 3 0x000000008000fe6a (0x97ba) x15 0x00000000800120dc
core   0: 0x000000008000fe6c (0xfe043703) ld      a4, -32(s0)
core   0: 3 0x000000008000fe6c (0xfe043703) x14 0x00000000800120a5 mem 0x0000000080031f50
core   0: 0x000000008000fe70 (0xfcf76de3) bltu    a4, a5, pc - 38
core   0: 3 0x000000008000fe70 (0xfcf76de3)
core   0: 0x000000008000fe4a (0xfe043783) ld      a5, -32(s0)
core   0: 3 0x000000008000fe4a (0xfe043783) x15 0x00000000800120a5 mem 0x0000000080031f50
core   0: 0x000000008000fe4e (0x00178713) addi    a4, a5, 1
core   0: 3 0x000000008000fe4e (0x00178713) x14 0x00000000800120a6
core   0: 0x000000008000fe52 (0xfee43023) sd      a4, -32(s0)
core   0: 3 0x000000008000fe52 (0xfee43023) mem 0x0000000080031f50 0x00000000800120a6
core   0: 0x000000008000fe56 (0xfc442703) lw      a4, -60(s0)
core   0: 3 0x000000008000fe56 (0xfc442703) x14 0x0000000000000000 mem 0x0000000080031f34
core   0: 0x000000008000fe5a (0x0ff77713) andi    a4, a4, 255
core   0: 3 0x000000008000fe5a (0x0ff77713) x14 0x0000000000000000
core   0: 0x000000008000fe5e (0x00e78023) sb      a4, 0(a5)
core   0: 3 0x000000008000fe5e (0x00e78023) mem 0x00000000800120a5 0x00
core   0: 0x000000008000fe62 (0xfc843703) ld      a4, -56(s0)
core   0: 3 0x000000008000fe62 (0xfc843703) x14 0x0000000080012040 mem 0x0000000080031f38
core   0: 0x000000008000fe66 (0xfb843783) ld      a5, -72(s0)
core   0: 3 0x000000008000fe66 (0xfb843783) x15 0x000000000000009c mem 0x0000000080031f28
core   0: 0x000000008000fe6a (0x000097ba) c.add   a5, a4
core   0: 3 0x000000008000fe6a (0x97ba) x15 0x00000000800120dc
core   0: 0x000000008000fe6c (0xfe043703) ld      a4, -32(s0)
core   0: 3 0x000000008000fe6c (0xfe043703) x14 0x00000000800120a6 mem 0x0000000080031f50
core   0: 0x000000008000fe70 (0xfcf76de3) bltu    a4, a5, pc - 38
core   0: 3 0x000000008000fe70 (0xfcf76de3)
core   0: 0x000000008000fe4a (0xfe043783) ld      a5, -32(s0)
core   0: 3 0x000000008000fe4a (0xfe043783) x15 0x00000000800120a6 mem 0x0000000080031f50
core   0: 0x000000008000fe4e (0x00178713) addi    a4, a5, 1
core   0: 3 0x000000008000fe4e (0x00178713) x14 0x00000000800120a7
core   0: 0x000000008000fe52 (0xfee43023) sd      a4, -32(s0)
core   0: 3 0x000000008000fe52 (0xfee43023) mem 0x0000000080031f50 0x00000000800120a7
core   0: 0x000000008000fe56 (0xfc442703) lw      a4, -60(s0)
core   0: 3 0x000000008000fe56 (0xfc442703) x14 0x0000000000000000 mem 0x0000000080031f34
core   0: 0x000000008000fe5a (0x0ff77713) andi    a4, a4, 255
core   0: 3 0x000000008000fe5a (0x0ff77713) x14 0x0000000000000000
core   0: 0x000000008000fe5e (0x00e78023) sb      a4, 0(a5)
core   0: 3 0x000000008000fe5e (0x00e78023) mem 0x00000000800120a6 0x00
core   0: 0x000000008000fe62 (0xfc843703) ld      a4, -56(s0)
core   0: 3 0x000000008000fe62 (0xfc843703) x14 0x0000000080012040 mem 0x0000000080031f38
core   0: 0x000000008000fe66 (0xfb843783) ld      a5, -72(s0)
core   0: 3 0x000000008000fe66 (0xfb843783) x15 0x000000000000009c mem 0x0000000080031f28
core   0: 0x000000008000fe6a (0x000097ba) c.add   a5, a4
core   0: 3 0x000000008000fe6a (0x97ba) x15 0x00000000800120dc
core   0: 0x000000008000fe6c (0xfe043703) ld      a4, -32(s0)
core   0: 3 0x000000008000fe6c (0xfe043703) x14 0x00000000800120a7 mem 0x0000000080031f50
core   0: 0x000000008000fe70 (0xfcf76de3) bltu    a4, a5, pc - 38
core   0: 3 0x000000008000fe70 (0xfcf76de3)
core   0: 0x000000008000fe4a (0xfe043783) ld      a5, -32(s0)
core   0: 3 0x000000008000fe4a (0xfe043783) x15 0x00000000800120a7 mem 0x0000000080031f50
core   0: 0x000000008000fe4e (0x00178713) addi    a4, a5, 1
core   0: 3 0x000000008000fe4e (0x00178713) x14 0x00000000800120a8
core   0: 0x000000008000fe52 (0xfee43023) sd      a4, -32(s0)
core   0: 3 0x000000008000fe52 (0xfee43023) mem 0x0000000080031f50 0x00000000800120a8
core   0: 0x000000008000fe56 (0xfc442703) lw      a4, -60(s0)
core   0: 3 0x000000008000fe56 (0xfc442703) x14 0x0000000000000000 mem 0x0000000080031f34
core   0: 0x000000008000fe5a (0x0ff77713) andi    a4, a4, 255
core   0: 3 0x000000008000fe5a (0x0ff77713) x14 0x0000000000000000
core   0: 0x000000008000fe5e (0x00e78023) sb      a4, 0(a5)
core   0: 3 0x000000008000fe5e (0x00e78023) mem 0x00000000800120a7 0x00
core   0: 0x000000008000fe62 (0xfc843703) ld      a4, -56(s0)
core   0: 3 0x000000008000fe62 (0xfc843703) x14 0x0000000080012040 mem 0x0000000080031f38
core   0: 0x000000008000fe66 (0xfb843783) ld      a5, -72(s0)
core   0: 3 0x000000008000fe66 (0xfb843783) x15 0x000000000000009c mem 0x0000000080031f28
core   0: 0x000000008000fe6a (0x000097ba) c.add   a5, a4
core   0: 3 0x000000008000fe6a (0x97ba) x15 0x00000000800120dc
core   0: 0x000000008000fe6c (0xfe043703) ld      a4, -32(s0)
core   0: 3 0x000000008000fe6c (0xfe043703) x14 0x00000000800120a8 mem 0x0000000080031f50
core   0: 0x000000008000fe70 (0xfcf76de3) bltu    a4, a5, pc - 38
core   0: 3 0x000000008000fe70 (0xfcf76de3)
core   0: 0x000000008000fe4a (0xfe043783) ld      a5, -32(s0)
core   0: 3 0x000000008000fe4a (0xfe043783) x15 0x00000000800120a8 mem 0x0000000080031f50
core   0: 0x000000008000fe4e (0x00178713) addi    a4, a5, 1
core   0: 3 0x000000008000fe4e (0x00178713) x14 0x00000000800120a9
core   0: 0x000000008000fe52 (0xfee43023) sd      a4, -32(s0)
core   0: 3 0x000000008000fe52 (0xfee43023) mem 0x0000000080031f50 0x00000000800120a9
core   0: 0x000000008000fe56 (0xfc442703) lw      a4, -60(s0)
core   0: 3 0x000000008000fe56 (0xfc442703) x14 0x0000000000000000 mem 0x0000000080031f34
core   0: 0x000000008000fe5a (0x0ff77713) andi    a4, a4, 255
core   0: 3 0x000000008000fe5a (0x0ff77713) x14 0x0000000000000000
core   0: 0x000000008000fe5e (0x00e78023) sb      a4, 0(a5)
core   0: 3 0x000000008000fe5e (0x00e78023) mem 0x00000000800120a8 0x00
core   0: 0x000000008000fe62 (0xfc843703) ld      a4, -56(s0)
core   0: 3 0x000000008000fe62 (0xfc843703) x14 0x0000000080012040 mem 0x0000000080031f38
core   0: 0x000000008000fe66 (0xfb843783) ld      a5, -72(s0)
core   0: 3 0x000000008000fe66 (0xfb843783) x15 0x000000000000009c mem 0x0000000080031f28
core   0: 0x000000008000fe6a (0x000097ba) c.add   a5, a4
core   0: 3 0x000000008000fe6a (0x97ba) x15 0x00000000800120dc
core   0: 0x000000008000fe6c (0xfe043703) ld      a4, -32(s0)
core   0: 3 0x000000008000fe6c (0xfe043703) x14 0x00000000800120a9 mem 0x0000000080031f50
core   0: 0x000000008000fe70 (0xfcf76de3) bltu    a4, a5, pc - 38
core   0: 3 0x000000008000fe70 (0xfcf76de3)
core   0: 0x000000008000fe4a (0xfe043783) ld      a5, -32(s0)
core   0: 3 0x000000008000fe4a (0xfe043783) x15 0x00000000800120a9 mem 0x0000000080031f50
core   0: 0x000000008000fe4e (0x00178713) addi    a4, a5, 1
core   0: 3 0x000000008000fe4e (0x00178713) x14 0x00000000800120aa
core   0: 0x000000008000fe52 (0xfee43023) sd      a4, -32(s0)
core   0: 3 0x000000008000fe52 (0xfee43023) mem 0x0000000080031f50 0x00000000800120aa
core   0: 0x000000008000fe56 (0xfc442703) lw      a4, -60(s0)
core   0: 3 0x000000008000fe56 (0xfc442703) x14 0x0000000000000000 mem 0x0000000080031f34
core   0: 0x000000008000fe5a (0x0ff77713) andi    a4, a4, 255
core   0: 3 0x000000008000fe5a (0x0ff77713) x14 0x0000000000000000
core   0: 0x000000008000fe5e (0x00e78023) sb      a4, 0(a5)
core   0: 3 0x000000008000fe5e (0x00e78023) mem 0x00000000800120a9 0x00
core   0: 0x000000008000fe62 (0xfc843703) ld      a4, -56(s0)
core   0: 3 0x000000008000fe62 (0xfc843703) x14 0x0000000080012040 mem 0x0000000080031f38
core   0: 0x000000008000fe66 (0xfb843783) ld      a5, -72(s0)
core   0: 3 0x000000008000fe66 (0xfb843783) x15 0x000000000000009c mem 0x0000000080031f28
core   0: 0x000000008000fe6a (0x000097ba) c.add   a5, a4
core   0: 3 0x000000008000fe6a (0x97ba) x15 0x00000000800120dc
core   0: 0x000000008000fe6c (0xfe043703) ld      a4, -32(s0)
core   0: 3 0x000000008000fe6c (0xfe043703) x14 0x00000000800120aa mem 0x0000000080031f50
core   0: 0x000000008000fe70 (0xfcf76de3) bltu    a4, a5, pc - 38
core   0: 3 0x000000008000fe70 (0xfcf76de3)
core   0: 0x000000008000fe4a (0xfe043783) ld      a5, -32(s0)
core   0: 3 0x000000008000fe4a (0xfe043783) x15 0x00000000800120aa mem 0x0000000080031f50
core   0: 0x000000008000fe4e (0x00178713) addi    a4, a5, 1
core   0: 3 0x000000008000fe4e (0x00178713) x14 0x00000000800120ab
core   0: 0x000000008000fe52 (0xfee43023) sd      a4, -32(s0)
core   0: 3 0x000000008000fe52 (0xfee43023) mem 0x0000000080031f50 0x00000000800120ab
core   0: 0x000000008000fe56 (0xfc442703) lw      a4, -60(s0)
core   0: 3 0x000000008000fe56 (0xfc442703) x14 0x0000000000000000 mem 0x0000000080031f34
core   0: 0x000000008000fe5a (0x0ff77713) andi    a4, a4, 255
core   0: 3 0x000000008000fe5a (0x0ff77713) x14 0x0000000000000000
core   0: 0x000000008000fe5e (0x00e78023) sb      a4, 0(a5)
core   0: 3 0x000000008000fe5e (0x00e78023) mem 0x00000000800120aa 0x00
core   0: 0x000000008000fe62 (0xfc843703) ld      a4, -56(s0)
core   0: 3 0x000000008000fe62 (0xfc843703) x14 0x0000000080012040 mem 0x0000000080031f38
core   0: 0x000000008000fe66 (0xfb843783) ld      a5, -72(s0)
core   0: 3 0x000000008000fe66 (0xfb843783) x15 0x000000000000009c mem 0x0000000080031f28
core   0: 0x000000008000fe6a (0x000097ba) c.add   a5, a4
core   0: 3 0x000000008000fe6a (0x97ba) x15 0x00000000800120dc
core   0: 0x000000008000fe6c (0xfe043703) ld      a4, -32(s0)
core   0: 3 0x000000008000fe6c (0xfe043703) x14 0x00000000800120ab mem 0x0000000080031f50
core   0: 0x000000008000fe70 (0xfcf76de3) bltu    a4, a5, pc - 38
core   0: 3 0x000000008000fe70 (0xfcf76de3)
core   0: 0x000000008000fe4a (0xfe043783) ld      a5, -32(s0)
core   0: 3 0x000000008000fe4a (0xfe043783) x15 0x00000000800120ab mem 0x0000000080031f50
core   0: 0x000000008000fe4e (0x00178713) addi    a4, a5, 1
core   0: 3 0x000000008000fe4e (0x00178713) x14 0x00000000800120ac
core   0: 0x000000008000fe52 (0xfee43023) sd      a4, -32(s0)
core   0: 3 0x000000008000fe52 (0xfee43023) mem 0x0000000080031f50 0x00000000800120ac
core   0: 0x000000008000fe56 (0xfc442703) lw      a4, -60(s0)
core   0: 3 0x000000008000fe56 (0xfc442703) x14 0x0000000000000000 mem 0x0000000080031f34
core   0: 0x000000008000fe5a (0x0ff77713) andi    a4, a4, 255
core   0: 3 0x000000008000fe5a (0x0ff77713) x14 0x0000000000000000
core   0: 0x000000008000fe5e (0x00e78023) sb      a4, 0(a5)
core   0: 3 0x000000008000fe5e (0x00e78023) mem 0x00000000800120ab 0x00
core   0: 0x000000008000fe62 (0xfc843703) ld      a4, -56(s0)
core   0: 3 0x000000008000fe62 (0xfc843703) x14 0x0000000080012040 mem 0x0000000080031f38
core   0: 0x000000008000fe66 (0xfb843783) ld      a5, -72(s0)
core   0: 3 0x000000008000fe66 (0xfb843783) x15 0x000000000000009c mem 0x0000000080031f28
core   0: 0x000000008000fe6a (0x000097ba) c.add   a5, a4
core   0: 3 0x000000008000fe6a (0x97ba) x15 0x00000000800120dc
core   0: 0x000000008000fe6c (0xfe043703) ld      a4, -32(s0)
core   0: 3 0x000000008000fe6c (0xfe043703) x14 0x00000000800120ac mem 0x0000000080031f50
core   0: 0x000000008000fe70 (0xfcf76de3) bltu    a4, a5, pc - 38
core   0: 3 0x000000008000fe70 (0xfcf76de3)
core   0: 0x000000008000fe4a (0xfe043783) ld      a5, -32(s0)
core   0: 3 0x000000008000fe4a (0xfe043783) x15 0x00000000800120ac mem 0x0000000080031f50
core   0: 0x000000008000fe4e (0x00178713) addi    a4, a5, 1
core   0: 3 0x000000008000fe4e (0x00178713) x14 0x00000000800120ad
core   0: 0x000000008000fe52 (0xfee43023) sd      a4, -32(s0)
core   0: 3 0x000000008000fe52 (0xfee43023) mem 0x0000000080031f50 0x00000000800120ad
core   0: 0x000000008000fe56 (0xfc442703) lw      a4, -60(s0)
core   0: 3 0x000000008000fe56 (0xfc442703) x14 0x0000000000000000 mem 0x0000000080031f34
core   0: 0x000000008000fe5a (0x0ff77713) andi    a4, a4, 255
core   0: 3 0x000000008000fe5a (0x0ff77713) x14 0x0000000000000000
core   0: 0x000000008000fe5e (0x00e78023) sb      a4, 0(a5)
core   0: 3 0x000000008000fe5e (0x00e78023) mem 0x00000000800120ac 0x00
core   0: 0x000000008000fe62 (0xfc843703) ld      a4, -56(s0)
core   0: 3 0x000000008000fe62 (0xfc843703) x14 0x0000000080012040 mem 0x0000000080031f38
core   0: 0x000000008000fe66 (0xfb843783) ld      a5, -72(s0)
core   0: 3 0x000000008000fe66 (0xfb843783) x15 0x000000000000009c mem 0x0000000080031f28
core   0: 0x000000008000fe6a (0x000097ba) c.add   a5, a4
core   0: 3 0x000000008000fe6a (0x97ba) x15 0x00000000800120dc
core   0: 0x000000008000fe6c (0xfe043703) ld      a4, -32(s0)
core   0: 3 0x000000008000fe6c (0xfe043703) x14 0x00000000800120ad mem 0x0000000080031f50
core   0: 0x000000008000fe70 (0xfcf76de3) bltu    a4, a5, pc - 38
core   0: 3 0x000000008000fe70 (0xfcf76de3)
core   0: 0x000000008000fe4a (0xfe043783) ld      a5, -32(s0)
core   0: 3 0x000000008000fe4a (0xfe043783) x15 0x00000000800120ad mem 0x0000000080031f50
core   0: 0x000000008000fe4e (0x00178713) addi    a4, a5, 1
core   0: 3 0x000000008000fe4e (0x00178713) x14 0x00000000800120ae
core   0: 0x000000008000fe52 (0xfee43023) sd      a4, -32(s0)
core   0: 3 0x000000008000fe52 (0xfee43023) mem 0x0000000080031f50 0x00000000800120ae
core   0: 0x000000008000fe56 (0xfc442703) lw      a4, -60(s0)
core   0: 3 0x000000008000fe56 (0xfc442703) x14 0x0000000000000000 mem 0x0000000080031f34
core   0: 0x000000008000fe5a (0x0ff77713) andi    a4, a4, 255
core   0: 3 0x000000008000fe5a (0x0ff77713) x14 0x0000000000000000
core   0: 0x000000008000fe5e (0x00e78023) sb      a4, 0(a5)
core   0: 3 0x000000008000fe5e (0x00e78023) mem 0x00000000800120ad 0x00
core   0: 0x000000008000fe62 (0xfc843703) ld      a4, -56(s0)
core   0: 3 0x000000008000fe62 (0xfc843703) x14 0x0000000080012040 mem 0x0000000080031f38
core   0: 0x000000008000fe66 (0xfb843783) ld      a5, -72(s0)
core   0: 3 0x000000008000fe66 (0xfb843783) x15 0x000000000000009c mem 0x0000000080031f28
core   0: 0x000000008000fe6a (0x000097ba) c.add   a5, a4
core   0: 3 0x000000008000fe6a (0x97ba) x15 0x00000000800120dc
core   0: 0x000000008000fe6c (0xfe043703) ld      a4, -32(s0)
core   0: 3 0x000000008000fe6c (0xfe043703) x14 0x00000000800120ae mem 0x0000000080031f50
core   0: 0x000000008000fe70 (0xfcf76de3) bltu    a4, a5, pc - 38
core   0: 3 0x000000008000fe70 (0xfcf76de3)
core   0: 0x000000008000fe4a (0xfe043783) ld      a5, -32(s0)
core   0: 3 0x000000008000fe4a (0xfe043783) x15 0x00000000800120ae mem 0x0000000080031f50
core   0: 0x000000008000fe4e (0x00178713) addi    a4, a5, 1
core   0: 3 0x000000008000fe4e (0x00178713) x14 0x00000000800120af
core   0: 0x000000008000fe52 (0xfee43023) sd      a4, -32(s0)
core   0: 3 0x000000008000fe52 (0xfee43023) mem 0x0000000080031f50 0x00000000800120af
core   0: 0x000000008000fe56 (0xfc442703) lw      a4, -60(s0)
core   0: 3 0x000000008000fe56 (0xfc442703) x14 0x0000000000000000 mem 0x0000000080031f34
core   0: 0x000000008000fe5a (0x0ff77713) andi    a4, a4, 255
core   0: 3 0x000000008000fe5a (0x0ff77713) x14 0x0000000000000000
core   0: 0x000000008000fe5e (0x00e78023) sb      a4, 0(a5)
core   0: 3 0x000000008000fe5e (0x00e78023) mem 0x00000000800120ae 0x00
core   0: 0x000000008000fe62 (0xfc843703) ld      a4, -56(s0)
core   0: 3 0x000000008000fe62 (0xfc843703) x14 0x0000000080012040 mem 0x0000000080031f38
core   0: 0x000000008000fe66 (0xfb843783) ld      a5, -72(s0)
core   0: 3 0x000000008000fe66 (0xfb843783) x15 0x000000000000009c mem 0x0000000080031f28
core   0: 0x000000008000fe6a (0x000097ba) c.add   a5, a4
core   0: 3 0x000000008000fe6a (0x97ba) x15 0x00000000800120dc
core   0: 0x000000008000fe6c (0xfe043703) ld      a4, -32(s0)
core   0: 3 0x000000008000fe6c (0xfe043703) x14 0x00000000800120af mem 0x0000000080031f50
core   0: 0x000000008000fe70 (0xfcf76de3) bltu    a4, a5, pc - 38
core   0: 3 0x000000008000fe70 (0xfcf76de3)
core   0: 0x000000008000fe4a (0xfe043783) ld      a5, -32(s0)
core   0: 3 0x000000008000fe4a (0xfe043783) x15 0x00000000800120af mem 0x0000000080031f50
core   0: 0x000000008000fe4e (0x00178713) addi    a4, a5, 1
core   0: 3 0x000000008000fe4e (0x00178713) x14 0x00000000800120b0
core   0: 0x000000008000fe52 (0xfee43023) sd      a4, -32(s0)
core   0: 3 0x000000008000fe52 (0xfee43023) mem 0x0000000080031f50 0x00000000800120b0
core   0: 0x000000008000fe56 (0xfc442703) lw      a4, -60(s0)
core   0: 3 0x000000008000fe56 (0xfc442703) x14 0x0000000000000000 mem 0x0000000080031f34
core   0: 0x000000008000fe5a (0x0ff77713) andi    a4, a4, 255
core   0: 3 0x000000008000fe5a (0x0ff77713) x14 0x0000000000000000
core   0: 0x000000008000fe5e (0x00e78023) sb      a4, 0(a5)
core   0: 3 0x000000008000fe5e (0x00e78023) mem 0x00000000800120af 0x00
core   0: 0x000000008000fe62 (0xfc843703) ld      a4, -56(s0)
core   0: 3 0x000000008000fe62 (0xfc843703) x14 0x0000000080012040 mem 0x0000000080031f38
core   0: 0x000000008000fe66 (0xfb843783) ld      a5, -72(s0)
core   0: 3 0x000000008000fe66 (0xfb843783) x15 0x000000000000009c mem 0x0000000080031f28
core   0: 0x000000008000fe6a (0x000097ba) c.add   a5, a4
core   0: 3 0x000000008000fe6a (0x97ba) x15 0x00000000800120dc
core   0: 0x000000008000fe6c (0xfe043703) ld      a4, -32(s0)
core   0: 3 0x000000008000fe6c (0xfe043703) x14 0x00000000800120b0 mem 0x0000000080031f50
core   0: 0x000000008000fe70 (0xfcf76de3) bltu    a4, a5, pc - 38
core   0: 3 0x000000008000fe70 (0xfcf76de3)
core   0: 0x000000008000fe4a (0xfe043783) ld      a5, -32(s0)
core   0: 3 0x000000008000fe4a (0xfe043783) x15 0x00000000800120b0 mem 0x0000000080031f50
core   0: 0x000000008000fe4e (0x00178713) addi    a4, a5, 1
core   0: 3 0x000000008000fe4e (0x00178713) x14 0x00000000800120b1
core   0: 0x000000008000fe52 (0xfee43023) sd      a4, -32(s0)
core   0: 3 0x000000008000fe52 (0xfee43023) mem 0x0000000080031f50 0x00000000800120b1
core   0: 0x000000008000fe56 (0xfc442703) lw      a4, -60(s0)
core   0: 3 0x000000008000fe56 (0xfc442703) x14 0x0000000000000000 mem 0x0000000080031f34
core   0: 0x000000008000fe5a (0x0ff77713) andi    a4, a4, 255
core   0: 3 0x000000008000fe5a (0x0ff77713) x14 0x0000000000000000
core   0: 0x000000008000fe5e (0x00e78023) sb      a4, 0(a5)
core   0: 3 0x000000008000fe5e (0x00e78023) mem 0x00000000800120b0 0x00
core   0: 0x000000008000fe62 (0xfc843703) ld      a4, -56(s0)
core   0: 3 0x000000008000fe62 (0xfc843703) x14 0x0000000080012040 mem 0x0000000080031f38
core   0: 0x000000008000fe66 (0xfb843783) ld      a5, -72(s0)
core   0: 3 0x000000008000fe66 (0xfb843783) x15 0x000000000000009c mem 0x0000000080031f28
core   0: 0x000000008000fe6a (0x000097ba) c.add   a5, a4
core   0: 3 0x000000008000fe6a (0x97ba) x15 0x00000000800120dc
core   0: 0x000000008000fe6c (0xfe043703) ld      a4, -32(s0)
core   0: 3 0x000000008000fe6c (0xfe043703) x14 0x00000000800120b1 mem 0x0000000080031f50
core   0: 0x000000008000fe70 (0xfcf76de3) bltu    a4, a5, pc - 38
core   0: 3 0x000000008000fe70 (0xfcf76de3)
core   0: 0x000000008000fe4a (0xfe043783) ld      a5, -32(s0)
core   0: 3 0x000000008000fe4a (0xfe043783) x15 0x00000000800120b1 mem 0x0000000080031f50
core   0: 0x000000008000fe4e (0x00178713) addi    a4, a5, 1
core   0: 3 0x000000008000fe4e (0x00178713) x14 0x00000000800120b2
core   0: 0x000000008000fe52 (0xfee43023) sd      a4, -32(s0)
core   0: 3 0x000000008000fe52 (0xfee43023) mem 0x0000000080031f50 0x00000000800120b2
core   0: 0x000000008000fe56 (0xfc442703) lw      a4, -60(s0)
core   0: 3 0x000000008000fe56 (0xfc442703) x14 0x0000000000000000 mem 0x0000000080031f34
core   0: 0x000000008000fe5a (0x0ff77713) andi    a4, a4, 255
core   0: 3 0x000000008000fe5a (0x0ff77713) x14 0x0000000000000000
core   0: 0x000000008000fe5e (0x00e78023) sb      a4, 0(a5)
core   0: 3 0x000000008000fe5e (0x00e78023) mem 0x00000000800120b1 0x00
core   0: 0x000000008000fe62 (0xfc843703) ld      a4, -56(s0)
core   0: 3 0x000000008000fe62 (0xfc843703) x14 0x0000000080012040 mem 0x0000000080031f38
core   0: 0x000000008000fe66 (0xfb843783) ld      a5, -72(s0)
core   0: 3 0x000000008000fe66 (0xfb843783) x15 0x000000000000009c mem 0x0000000080031f28
core   0: 0x000000008000fe6a (0x000097ba) c.add   a5, a4
core   0: 3 0x000000008000fe6a (0x97ba) x15 0x00000000800120dc
core   0: 0x000000008000fe6c (0xfe043703) ld      a4, -32(s0)
core   0: 3 0x000000008000fe6c (0xfe043703) x14 0x00000000800120b2 mem 0x0000000080031f50
core   0: 0x000000008000fe70 (0xfcf76de3) bltu    a4, a5, pc - 38
core   0: 3 0x000000008000fe70 (0xfcf76de3)
core   0: 0x000000008000fe4a (0xfe043783) ld      a5, -32(s0)
core   0: 3 0x000000008000fe4a (0xfe043783) x15 0x00000000800120b2 mem 0x0000000080031f50
core   0: 0x000000008000fe4e (0x00178713) addi    a4, a5, 1
core   0: 3 0x000000008000fe4e (0x00178713) x14 0x00000000800120b3
core   0: 0x000000008000fe52 (0xfee43023) sd      a4, -32(s0)
core   0: 3 0x000000008000fe52 (0xfee43023) mem 0x0000000080031f50 0x00000000800120b3
core   0: 0x000000008000fe56 (0xfc442703) lw      a4, -60(s0)
core   0: 3 0x000000008000fe56 (0xfc442703) x14 0x0000000000000000 mem 0x0000000080031f34
core   0: 0x000000008000fe5a (0x0ff77713) andi    a4, a4, 255
core   0: 3 0x000000008000fe5a (0x0ff77713) x14 0x0000000000000000
core   0: 0x000000008000fe5e (0x00e78023) sb      a4, 0(a5)
core   0: 3 0x000000008000fe5e (0x00e78023) mem 0x00000000800120b2 0x00
core   0: 0x000000008000fe62 (0xfc843703) ld      a4, -56(s0)
core   0: 3 0x000000008000fe62 (0xfc843703) x14 0x0000000080012040 mem 0x0000000080031f38
core   0: 0x000000008000fe66 (0xfb843783) ld      a5, -72(s0)
core   0: 3 0x000000008000fe66 (0xfb843783) x15 0x000000000000009c mem 0x0000000080031f28
core   0: 0x000000008000fe6a (0x000097ba) c.add   a5, a4
core   0: 3 0x000000008000fe6a (0x97ba) x15 0x00000000800120dc
core   0: 0x000000008000fe6c (0xfe043703) ld      a4, -32(s0)
core   0: 3 0x000000008000fe6c (0xfe043703) x14 0x00000000800120b3 mem 0x0000000080031f50
core   0: 0x000000008000fe70 (0xfcf76de3) bltu    a4, a5, pc - 38
core   0: 3 0x000000008000fe70 (0xfcf76de3)
core   0: 0x000000008000fe4a (0xfe043783) ld      a5, -32(s0)
core   0: 3 0x000000008000fe4a (0xfe043783) x15 0x00000000800120b3 mem 0x0000000080031f50
core   0: 0x000000008000fe4e (0x00178713) addi    a4, a5, 1
core   0: 3 0x000000008000fe4e (0x00178713) x14 0x00000000800120b4
core   0: 0x000000008000fe52 (0xfee43023) sd      a4, -32(s0)
core   0: 3 0x000000008000fe52 (0xfee43023) mem 0x0000000080031f50 0x00000000800120b4
core   0: 0x000000008000fe56 (0xfc442703) lw      a4, -60(s0)
core   0: 3 0x000000008000fe56 (0xfc442703) x14 0x0000000000000000 mem 0x0000000080031f34
core   0: 0x000000008000fe5a (0x0ff77713) andi    a4, a4, 255
core   0: 3 0x000000008000fe5a (0x0ff77713) x14 0x0000000000000000
core   0: 0x000000008000fe5e (0x00e78023) sb      a4, 0(a5)
core   0: 3 0x000000008000fe5e (0x00e78023) mem 0x00000000800120b3 0x00
core   0: 0x000000008000fe62 (0xfc843703) ld      a4, -56(s0)
core   0: 3 0x000000008000fe62 (0xfc843703) x14 0x0000000080012040 mem 0x0000000080031f38
core   0: 0x000000008000fe66 (0xfb843783) ld      a5, -72(s0)
core   0: 3 0x000000008000fe66 (0xfb843783) x15 0x000000000000009c mem 0x0000000080031f28
core   0: 0x000000008000fe6a (0x000097ba) c.add   a5, a4
core   0: 3 0x000000008000fe6a (0x97ba) x15 0x00000000800120dc
core   0: 0x000000008000fe6c (0xfe043703) ld      a4, -32(s0)
core   0: 3 0x000000008000fe6c (0xfe043703) x14 0x00000000800120b4 mem 0x0000000080031f50
core   0: 0x000000008000fe70 (0xfcf76de3) bltu    a4, a5, pc - 38
core   0: 3 0x000000008000fe70 (0xfcf76de3)
core   0: 0x000000008000fe4a (0xfe043783) ld      a5, -32(s0)
core   0: 3 0x000000008000fe4a (0xfe043783) x15 0x00000000800120b4 mem 0x0000000080031f50
core   0: 0x000000008000fe4e (0x00178713) addi    a4, a5, 1
core   0: 3 0x000000008000fe4e (0x00178713) x14 0x00000000800120b5
core   0: 0x000000008000fe52 (0xfee43023) sd      a4, -32(s0)
core   0: 3 0x000000008000fe52 (0xfee43023) mem 0x0000000080031f50 0x00000000800120b5
core   0: 0x000000008000fe56 (0xfc442703) lw      a4, -60(s0)
core   0: 3 0x000000008000fe56 (0xfc442703) x14 0x0000000000000000 mem 0x0000000080031f34
core   0: 0x000000008000fe5a (0x0ff77713) andi    a4, a4, 255
core   0: 3 0x000000008000fe5a (0x0ff77713) x14 0x0000000000000000
core   0: 0x000000008000fe5e (0x00e78023) sb      a4, 0(a5)
core   0: 3 0x000000008000fe5e (0x00e78023) mem 0x00000000800120b4 0x00
core   0: 0x000000008000fe62 (0xfc843703) ld      a4, -56(s0)
core   0: 3 0x000000008000fe62 (0xfc843703) x14 0x0000000080012040 mem 0x0000000080031f38
core   0: 0x000000008000fe66 (0xfb843783) ld      a5, -72(s0)
core   0: 3 0x000000008000fe66 (0xfb843783) x15 0x000000000000009c mem 0x0000000080031f28
core   0: 0x000000008000fe6a (0x000097ba) c.add   a5, a4
core   0: 3 0x000000008000fe6a (0x97ba) x15 0x00000000800120dc
core   0: 0x000000008000fe6c (0xfe043703) ld      a4, -32(s0)
core   0: 3 0x000000008000fe6c (0xfe043703) x14 0x00000000800120b5 mem 0x0000000080031f50
core   0: 0x000000008000fe70 (0xfcf76de3) bltu    a4, a5, pc - 38
core   0: 3 0x000000008000fe70 (0xfcf76de3)
core   0: 0x000000008000fe4a (0xfe043783) ld      a5, -32(s0)
core   0: 3 0x000000008000fe4a (0xfe043783) x15 0x00000000800120b5 mem 0x0000000080031f50
core   0: 0x000000008000fe4e (0x00178713) addi    a4, a5, 1
core   0: 3 0x000000008000fe4e (0x00178713) x14 0x00000000800120b6
core   0: 0x000000008000fe52 (0xfee43023) sd      a4, -32(s0)
core   0: 3 0x000000008000fe52 (0xfee43023) mem 0x0000000080031f50 0x00000000800120b6
core   0: 0x000000008000fe56 (0xfc442703) lw      a4, -60(s0)
core   0: 3 0x000000008000fe56 (0xfc442703) x14 0x0000000000000000 mem 0x0000000080031f34
core   0: 0x000000008000fe5a (0x0ff77713) andi    a4, a4, 255
core   0: 3 0x000000008000fe5a (0x0ff77713) x14 0x0000000000000000
core   0: 0x000000008000fe5e (0x00e78023) sb      a4, 0(a5)
core   0: 3 0x000000008000fe5e (0x00e78023) mem 0x00000000800120b5 0x00
core   0: 0x000000008000fe62 (0xfc843703) ld      a4, -56(s0)
core   0: 3 0x000000008000fe62 (0xfc843703) x14 0x0000000080012040 mem 0x0000000080031f38
core   0: 0x000000008000fe66 (0xfb843783) ld      a5, -72(s0)
core   0: 3 0x000000008000fe66 (0xfb843783) x15 0x000000000000009c mem 0x0000000080031f28
core   0: 0x000000008000fe6a (0x000097ba) c.add   a5, a4
core   0: 3 0x000000008000fe6a (0x97ba) x15 0x00000000800120dc
core   0: 0x000000008000fe6c (0xfe043703) ld      a4, -32(s0)
core   0: 3 0x000000008000fe6c (0xfe043703) x14 0x00000000800120b6 mem 0x0000000080031f50
core   0: 0x000000008000fe70 (0xfcf76de3) bltu    a4, a5, pc - 38
core   0: 3 0x000000008000fe70 (0xfcf76de3)
core   0: 0x000000008000fe4a (0xfe043783) ld      a5, -32(s0)
core   0: 3 0x000000008000fe4a (0xfe043783) x15 0x00000000800120b6 mem 0x0000000080031f50
core   0: 0x000000008000fe4e (0x00178713) addi    a4, a5, 1
core   0: 3 0x000000008000fe4e (0x00178713) x14 0x00000000800120b7
core   0: 0x000000008000fe52 (0xfee43023) sd      a4, -32(s0)
core   0: 3 0x000000008000fe52 (0xfee43023) mem 0x0000000080031f50 0x00000000800120b7
core   0: 0x000000008000fe56 (0xfc442703) lw      a4, -60(s0)
core   0: 3 0x000000008000fe56 (0xfc442703) x14 0x0000000000000000 mem 0x0000000080031f34
core   0: 0x000000008000fe5a (0x0ff77713) andi    a4, a4, 255
core   0: 3 0x000000008000fe5a (0x0ff77713) x14 0x0000000000000000
core   0: 0x000000008000fe5e (0x00e78023) sb      a4, 0(a5)
core   0: 3 0x000000008000fe5e (0x00e78023) mem 0x00000000800120b6 0x00
core   0: 0x000000008000fe62 (0xfc843703) ld      a4, -56(s0)
core   0: 3 0x000000008000fe62 (0xfc843703) x14 0x0000000080012040 mem 0x0000000080031f38
core   0: 0x000000008000fe66 (0xfb843783) ld      a5, -72(s0)
core   0: 3 0x000000008000fe66 (0xfb843783) x15 0x000000000000009c mem 0x0000000080031f28
core   0: 0x000000008000fe6a (0x000097ba) c.add   a5, a4
core   0: 3 0x000000008000fe6a (0x97ba) x15 0x00000000800120dc
core   0: 0x000000008000fe6c (0xfe043703) ld      a4, -32(s0)
core   0: 3 0x000000008000fe6c (0xfe043703) x14 0x00000000800120b7 mem 0x0000000080031f50
core   0: 0x000000008000fe70 (0xfcf76de3) bltu    a4, a5, pc - 38
core   0: 3 0x000000008000fe70 (0xfcf76de3)
core   0: 0x000000008000fe4a (0xfe043783) ld      a5, -32(s0)
core   0: 3 0x000000008000fe4a (0xfe043783) x15 0x00000000800120b7 mem 0x0000000080031f50
core   0: 0x000000008000fe4e (0x00178713) addi    a4, a5, 1
core   0: 3 0x000000008000fe4e (0x00178713) x14 0x00000000800120b8
core   0: 0x000000008000fe52 (0xfee43023) sd      a4, -32(s0)
core   0: 3 0x000000008000fe52 (0xfee43023) mem 0x0000000080031f50 0x00000000800120b8
core   0: 0x000000008000fe56 (0xfc442703) lw      a4, -60(s0)
core   0: 3 0x000000008000fe56 (0xfc442703) x14 0x0000000000000000 mem 0x0000000080031f34
core   0: 0x000000008000fe5a (0x0ff77713) andi    a4, a4, 255
core   0: 3 0x000000008000fe5a (0x0ff77713) x14 0x0000000000000000
core   0: 0x000000008000fe5e (0x00e78023) sb      a4, 0(a5)
core   0: 3 0x000000008000fe5e (0x00e78023) mem 0x00000000800120b7 0x00
core   0: 0x000000008000fe62 (0xfc843703) ld      a4, -56(s0)
core   0: 3 0x000000008000fe62 (0xfc843703) x14 0x0000000080012040 mem 0x0000000080031f38
core   0: 0x000000008000fe66 (0xfb843783) ld      a5, -72(s0)
core   0: 3 0x000000008000fe66 (0xfb843783) x15 0x000000000000009c mem 0x0000000080031f28
core   0: 0x000000008000fe6a (0x000097ba) c.add   a5, a4
core   0: 3 0x000000008000fe6a (0x97ba) x15 0x00000000800120dc
core   0: 0x000000008000fe6c (0xfe043703) ld      a4, -32(s0)
core   0: 3 0x000000008000fe6c (0xfe043703) x14 0x00000000800120b8 mem 0x0000000080031f50
core   0: 0x000000008000fe70 (0xfcf76de3) bltu    a4, a5, pc - 38
core   0: 3 0x000000008000fe70 (0xfcf76de3)
core   0: 0x000000008000fe4a (0xfe043783) ld      a5, -32(s0)
core   0: 3 0x000000008000fe4a (0xfe043783) x15 0x00000000800120b8 mem 0x0000000080031f50
core   0: 0x000000008000fe4e (0x00178713) addi    a4, a5, 1
core   0: 3 0x000000008000fe4e (0x00178713) x14 0x00000000800120b9
core   0: 0x000000008000fe52 (0xfee43023) sd      a4, -32(s0)
core   0: 3 0x000000008000fe52 (0xfee43023) mem 0x0000000080031f50 0x00000000800120b9
core   0: 0x000000008000fe56 (0xfc442703) lw      a4, -60(s0)
core   0: 3 0x000000008000fe56 (0xfc442703) x14 0x0000000000000000 mem 0x0000000080031f34
core   0: 0x000000008000fe5a (0x0ff77713) andi    a4, a4, 255
core   0: 3 0x000000008000fe5a (0x0ff77713) x14 0x0000000000000000
core   0: 0x000000008000fe5e (0x00e78023) sb      a4, 0(a5)
core   0: 3 0x000000008000fe5e (0x00e78023) mem 0x00000000800120b8 0x00
core   0: 0x000000008000fe62 (0xfc843703) ld      a4, -56(s0)
core   0: 3 0x000000008000fe62 (0xfc843703) x14 0x0000000080012040 mem 0x0000000080031f38
core   0: 0x000000008000fe66 (0xfb843783) ld      a5, -72(s0)
core   0: 3 0x000000008000fe66 (0xfb843783) x15 0x000000000000009c mem 0x0000000080031f28
core   0: 0x000000008000fe6a (0x000097ba) c.add   a5, a4
core   0: 3 0x000000008000fe6a (0x97ba) x15 0x00000000800120dc
core   0: 0x000000008000fe6c (0xfe043703) ld      a4, -32(s0)
core   0: 3 0x000000008000fe6c (0xfe043703) x14 0x00000000800120b9 mem 0x0000000080031f50
core   0: 0x000000008000fe70 (0xfcf76de3) bltu    a4, a5, pc - 38
core   0: 3 0x000000008000fe70 (0xfcf76de3)
core   0: 0x000000008000fe4a (0xfe043783) ld      a5, -32(s0)
core   0: 3 0x000000008000fe4a (0xfe043783) x15 0x00000000800120b9 mem 0x0000000080031f50
core   0: 0x000000008000fe4e (0x00178713) addi    a4, a5, 1
core   0: 3 0x000000008000fe4e (0x00178713) x14 0x00000000800120ba
core   0: 0x000000008000fe52 (0xfee43023) sd      a4, -32(s0)
core   0: 3 0x000000008000fe52 (0xfee43023) mem 0x0000000080031f50 0x00000000800120ba
core   0: 0x000000008000fe56 (0xfc442703) lw      a4, -60(s0)
core   0: 3 0x000000008000fe56 (0xfc442703) x14 0x0000000000000000 mem 0x0000000080031f34
core   0: 0x000000008000fe5a (0x0ff77713) andi    a4, a4, 255
core   0: 3 0x000000008000fe5a (0x0ff77713) x14 0x0000000000000000
core   0: 0x000000008000fe5e (0x00e78023) sb      a4, 0(a5)
core   0: 3 0x000000008000fe5e (0x00e78023) mem 0x00000000800120b9 0x00
core   0: 0x000000008000fe62 (0xfc843703) ld      a4, -56(s0)
core   0: 3 0x000000008000fe62 (0xfc843703) x14 0x0000000080012040 mem 0x0000000080031f38
core   0: 0x000000008000fe66 (0xfb843783) ld      a5, -72(s0)
core   0: 3 0x000000008000fe66 (0xfb843783) x15 0x000000000000009c mem 0x0000000080031f28
core   0: 0x000000008000fe6a (0x000097ba) c.add   a5, a4
core   0: 3 0x000000008000fe6a (0x97ba) x15 0x00000000800120dc
core   0: 0x000000008000fe6c (0xfe043703) ld      a4, -32(s0)
core   0: 3 0x000000008000fe6c (0xfe043703) x14 0x00000000800120ba mem 0x0000000080031f50
core   0: 0x000000008000fe70 (0xfcf76de3) bltu    a4, a5, pc - 38
core   0: 3 0x000000008000fe70 (0xfcf76de3)
core   0: 0x000000008000fe4a (0xfe043783) ld      a5, -32(s0)
core   0: 3 0x000000008000fe4a (0xfe043783) x15 0x00000000800120ba mem 0x0000000080031f50
core   0: 0x000000008000fe4e (0x00178713) addi    a4, a5, 1
core   0: 3 0x000000008000fe4e (0x00178713) x14 0x00000000800120bb
core   0: 0x000000008000fe52 (0xfee43023) sd      a4, -32(s0)
core   0: 3 0x000000008000fe52 (0xfee43023) mem 0x0000000080031f50 0x00000000800120bb
core   0: 0x000000008000fe56 (0xfc442703) lw      a4, -60(s0)
core   0: 3 0x000000008000fe56 (0xfc442703) x14 0x0000000000000000 mem 0x0000000080031f34
core   0: 0x000000008000fe5a (0x0ff77713) andi    a4, a4, 255
core   0: 3 0x000000008000fe5a (0x0ff77713) x14 0x0000000000000000
core   0: 0x000000008000fe5e (0x00e78023) sb      a4, 0(a5)
core   0: 3 0x000000008000fe5e (0x00e78023) mem 0x00000000800120ba 0x00
core   0: 0x000000008000fe62 (0xfc843703) ld      a4, -56(s0)
core   0: 3 0x000000008000fe62 (0xfc843703) x14 0x0000000080012040 mem 0x0000000080031f38
core   0: 0x000000008000fe66 (0xfb843783) ld      a5, -72(s0)
core   0: 3 0x000000008000fe66 (0xfb843783) x15 0x000000000000009c mem 0x0000000080031f28
core   0: 0x000000008000fe6a (0x000097ba) c.add   a5, a4
core   0: 3 0x000000008000fe6a (0x97ba) x15 0x00000000800120dc
core   0: 0x000000008000fe6c (0xfe043703) ld      a4, -32(s0)
core   0: 3 0x000000008000fe6c (0xfe043703) x14 0x00000000800120bb mem 0x0000000080031f50
core   0: 0x000000008000fe70 (0xfcf76de3) bltu    a4, a5, pc - 38
core   0: 3 0x000000008000fe70 (0xfcf76de3)
core   0: 0x000000008000fe4a (0xfe043783) ld      a5, -32(s0)
core   0: 3 0x000000008000fe4a (0xfe043783) x15 0x00000000800120bb mem 0x0000000080031f50
core   0: 0x000000008000fe4e (0x00178713) addi    a4, a5, 1
core   0: 3 0x000000008000fe4e (0x00178713) x14 0x00000000800120bc
core   0: 0x000000008000fe52 (0xfee43023) sd      a4, -32(s0)
core   0: 3 0x000000008000fe52 (0xfee43023) mem 0x0000000080031f50 0x00000000800120bc
core   0: 0x000000008000fe56 (0xfc442703) lw      a4, -60(s0)
core   0: 3 0x000000008000fe56 (0xfc442703) x14 0x0000000000000000 mem 0x0000000080031f34
core   0: 0x000000008000fe5a (0x0ff77713) andi    a4, a4, 255
core   0: 3 0x000000008000fe5a (0x0ff77713) x14 0x0000000000000000
core   0: 0x000000008000fe5e (0x00e78023) sb      a4, 0(a5)
core   0: 3 0x000000008000fe5e (0x00e78023) mem 0x00000000800120bb 0x00
core   0: 0x000000008000fe62 (0xfc843703) ld      a4, -56(s0)
core   0: 3 0x000000008000fe62 (0xfc843703) x14 0x0000000080012040 mem 0x0000000080031f38
core   0: 0x000000008000fe66 (0xfb843783) ld      a5, -72(s0)
core   0: 3 0x000000008000fe66 (0xfb843783) x15 0x000000000000009c mem 0x0000000080031f28
core   0: 0x000000008000fe6a (0x000097ba) c.add   a5, a4
core   0: 3 0x000000008000fe6a (0x97ba) x15 0x00000000800120dc
core   0: 0x000000008000fe6c (0xfe043703) ld      a4, -32(s0)
core   0: 3 0x000000008000fe6c (0xfe043703) x14 0x00000000800120bc mem 0x0000000080031f50
core   0: 0x000000008000fe70 (0xfcf76de3) bltu    a4, a5, pc - 38
core   0: 3 0x000000008000fe70 (0xfcf76de3)
core   0: 0x000000008000fe4a (0xfe043783) ld      a5, -32(s0)
core   0: 3 0x000000008000fe4a (0xfe043783) x15 0x00000000800120bc mem 0x0000000080031f50
core   0: 0x000000008000fe4e (0x00178713) addi    a4, a5, 1
core   0: 3 0x000000008000fe4e (0x00178713) x14 0x00000000800120bd
core   0: 0x000000008000fe52 (0xfee43023) sd      a4, -32(s0)
core   0: 3 0x000000008000fe52 (0xfee43023) mem 0x0000000080031f50 0x00000000800120bd
core   0: 0x000000008000fe56 (0xfc442703) lw      a4, -60(s0)
core   0: 3 0x000000008000fe56 (0xfc442703) x14 0x0000000000000000 mem 0x0000000080031f34
core   0: 0x000000008000fe5a (0x0ff77713) andi    a4, a4, 255
core   0: 3 0x000000008000fe5a (0x0ff77713) x14 0x0000000000000000
core   0: 0x000000008000fe5e (0x00e78023) sb      a4, 0(a5)
core   0: 3 0x000000008000fe5e (0x00e78023) mem 0x00000000800120bc 0x00
core   0: 0x000000008000fe62 (0xfc843703) ld      a4, -56(s0)
core   0: 3 0x000000008000fe62 (0xfc843703) x14 0x0000000080012040 mem 0x0000000080031f38
core   0: 0x000000008000fe66 (0xfb843783) ld      a5, -72(s0)
core   0: 3 0x000000008000fe66 (0xfb843783) x15 0x000000000000009c mem 0x0000000080031f28
core   0: 0x000000008000fe6a (0x000097ba) c.add   a5, a4
core   0: 3 0x000000008000fe6a (0x97ba) x15 0x00000000800120dc
core   0: 0x000000008000fe6c (0xfe043703) ld      a4, -32(s0)
core   0: 3 0x000000008000fe6c (0xfe043703) x14 0x00000000800120bd mem 0x0000000080031f50
core   0: 0x000000008000fe70 (0xfcf76de3) bltu    a4, a5, pc - 38
core   0: 3 0x000000008000fe70 (0xfcf76de3)
core   0: 0x000000008000fe4a (0xfe043783) ld      a5, -32(s0)
core   0: 3 0x000000008000fe4a (0xfe043783) x15 0x00000000800120bd mem 0x0000000080031f50
core   0: 0x000000008000fe4e (0x00178713) addi    a4, a5, 1
core   0: 3 0x000000008000fe4e (0x00178713) x14 0x00000000800120be
core   0: 0x000000008000fe52 (0xfee43023) sd      a4, -32(s0)
core   0: 3 0x000000008000fe52 (0xfee43023) mem 0x0000000080031f50 0x00000000800120be
core   0: 0x000000008000fe56 (0xfc442703) lw      a4, -60(s0)
core   0: 3 0x000000008000fe56 (0xfc442703) x14 0x0000000000000000 mem 0x0000000080031f34
core   0: 0x000000008000fe5a (0x0ff77713) andi    a4, a4, 255
core   0: 3 0x000000008000fe5a (0x0ff77713) x14 0x0000000000000000
core   0: 0x000000008000fe5e (0x00e78023) sb      a4, 0(a5)
core   0: 3 0x000000008000fe5e (0x00e78023) mem 0x00000000800120bd 0x00
core   0: 0x000000008000fe62 (0xfc843703) ld      a4, -56(s0)
core   0: 3 0x000000008000fe62 (0xfc843703) x14 0x0000000080012040 mem 0x0000000080031f38
core   0: 0x000000008000fe66 (0xfb843783) ld      a5, -72(s0)
core   0: 3 0x000000008000fe66 (0xfb843783) x15 0x000000000000009c mem 0x0000000080031f28
core   0: 0x000000008000fe6a (0x000097ba) c.add   a5, a4
core   0: 3 0x000000008000fe6a (0x97ba) x15 0x00000000800120dc
core   0: 0x000000008000fe6c (0xfe043703) ld      a4, -32(s0)
core   0: 3 0x000000008000fe6c (0xfe043703) x14 0x00000000800120be mem 0x0000000080031f50
core   0: 0x000000008000fe70 (0xfcf76de3) bltu    a4, a5, pc - 38
core   0: 3 0x000000008000fe70 (0xfcf76de3)
core   0: 0x000000008000fe4a (0xfe043783) ld      a5, -32(s0)
core   0: 3 0x000000008000fe4a (0xfe043783) x15 0x00000000800120be mem 0x0000000080031f50
core   0: 0x000000008000fe4e (0x00178713) addi    a4, a5, 1
core   0: 3 0x000000008000fe4e (0x00178713) x14 0x00000000800120bf
core   0: 0x000000008000fe52 (0xfee43023) sd      a4, -32(s0)
core   0: 3 0x000000008000fe52 (0xfee43023) mem 0x0000000080031f50 0x00000000800120bf
core   0: 0x000000008000fe56 (0xfc442703) lw      a4, -60(s0)
core   0: 3 0x000000008000fe56 (0xfc442703) x14 0x0000000000000000 mem 0x0000000080031f34
core   0: 0x000000008000fe5a (0x0ff77713) andi    a4, a4, 255
core   0: 3 0x000000008000fe5a (0x0ff77713) x14 0x0000000000000000
core   0: 0x000000008000fe5e (0x00e78023) sb      a4, 0(a5)
core   0: 3 0x000000008000fe5e (0x00e78023) mem 0x00000000800120be 0x00
core   0: 0x000000008000fe62 (0xfc843703) ld      a4, -56(s0)
core   0: 3 0x000000008000fe62 (0xfc843703) x14 0x0000000080012040 mem 0x0000000080031f38
core   0: 0x000000008000fe66 (0xfb843783) ld      a5, -72(s0)
core   0: 3 0x000000008000fe66 (0xfb843783) x15 0x000000000000009c mem 0x0000000080031f28
core   0: 0x000000008000fe6a (0x000097ba) c.add   a5, a4
core   0: 3 0x000000008000fe6a (0x97ba) x15 0x00000000800120dc
core   0: 0x000000008000fe6c (0xfe043703) ld      a4, -32(s0)
core   0: 3 0x000000008000fe6c (0xfe043703) x14 0x00000000800120bf mem 0x0000000080031f50
core   0: 0x000000008000fe70 (0xfcf76de3) bltu    a4, a5, pc - 38
core   0: 3 0x000000008000fe70 (0xfcf76de3)
core   0: 0x000000008000fe4a (0xfe043783) ld      a5, -32(s0)
core   0: 3 0x000000008000fe4a (0xfe043783) x15 0x00000000800120bf mem 0x0000000080031f50
core   0: 0x000000008000fe4e (0x00178713) addi    a4, a5, 1
core   0: 3 0x000000008000fe4e (0x00178713) x14 0x00000000800120c0
core   0: 0x000000008000fe52 (0xfee43023) sd      a4, -32(s0)
core   0: 3 0x000000008000fe52 (0xfee43023) mem 0x0000000080031f50 0x00000000800120c0
core   0: 0x000000008000fe56 (0xfc442703) lw      a4, -60(s0)
core   0: 3 0x000000008000fe56 (0xfc442703) x14 0x0000000000000000 mem 0x0000000080031f34
core   0: 0x000000008000fe5a (0x0ff77713) andi    a4, a4, 255
core   0: 3 0x000000008000fe5a (0x0ff77713) x14 0x0000000000000000
core   0: 0x000000008000fe5e (0x00e78023) sb      a4, 0(a5)
core   0: 3 0x000000008000fe5e (0x00e78023) mem 0x00000000800120bf 0x00
core   0: 0x000000008000fe62 (0xfc843703) ld      a4, -56(s0)
core   0: 3 0x000000008000fe62 (0xfc843703) x14 0x0000000080012040 mem 0x0000000080031f38
core   0: 0x000000008000fe66 (0xfb843783) ld      a5, -72(s0)
core   0: 3 0x000000008000fe66 (0xfb843783) x15 0x000000000000009c mem 0x0000000080031f28
core   0: 0x000000008000fe6a (0x000097ba) c.add   a5, a4
core   0: 3 0x000000008000fe6a (0x97ba) x15 0x00000000800120dc
core   0: 0x000000008000fe6c (0xfe043703) ld      a4, -32(s0)
core   0: 3 0x000000008000fe6c (0xfe043703) x14 0x00000000800120c0 mem 0x0000000080031f50
core   0: 0x000000008000fe70 (0xfcf76de3) bltu    a4, a5, pc - 38
core   0: 3 0x000000008000fe70 (0xfcf76de3)
core   0: 0x000000008000fe4a (0xfe043783) ld      a5, -32(s0)
core   0: 3 0x000000008000fe4a (0xfe043783) x15 0x00000000800120c0 mem 0x0000000080031f50
core   0: 0x000000008000fe4e (0x00178713) addi    a4, a5, 1
core   0: 3 0x000000008000fe4e (0x00178713) x14 0x00000000800120c1
core   0: 0x000000008000fe52 (0xfee43023) sd      a4, -32(s0)
core   0: 3 0x000000008000fe52 (0xfee43023) mem 0x0000000080031f50 0x00000000800120c1
core   0: 0x000000008000fe56 (0xfc442703) lw      a4, -60(s0)
core   0: 3 0x000000008000fe56 (0xfc442703) x14 0x0000000000000000 mem 0x0000000080031f34
core   0: 0x000000008000fe5a (0x0ff77713) andi    a4, a4, 255
core   0: 3 0x000000008000fe5a (0x0ff77713) x14 0x0000000000000000
core   0: 0x000000008000fe5e (0x00e78023) sb      a4, 0(a5)
core   0: 3 0x000000008000fe5e (0x00e78023) mem 0x00000000800120c0 0x00
core   0: 0x000000008000fe62 (0xfc843703) ld      a4, -56(s0)
core   0: 3 0x000000008000fe62 (0xfc843703) x14 0x0000000080012040 mem 0x0000000080031f38
core   0: 0x000000008000fe66 (0xfb843783) ld      a5, -72(s0)
core   0: 3 0x000000008000fe66 (0xfb843783) x15 0x000000000000009c mem 0x0000000080031f28
core   0: 0x000000008000fe6a (0x000097ba) c.add   a5, a4
core   0: 3 0x000000008000fe6a (0x97ba) x15 0x00000000800120dc
core   0: 0x000000008000fe6c (0xfe043703) ld      a4, -32(s0)
core   0: 3 0x000000008000fe6c (0xfe043703) x14 0x00000000800120c1 mem 0x0000000080031f50
core   0: 0x000000008000fe70 (0xfcf76de3) bltu    a4, a5, pc - 38
core   0: 3 0x000000008000fe70 (0xfcf76de3)
core   0: 0x000000008000fe4a (0xfe043783) ld      a5, -32(s0)
core   0: 3 0x000000008000fe4a (0xfe043783) x15 0x00000000800120c1 mem 0x0000000080031f50
core   0: 0x000000008000fe4e (0x00178713) addi    a4, a5, 1
core   0: 3 0x000000008000fe4e (0x00178713) x14 0x00000000800120c2
core   0: 0x000000008000fe52 (0xfee43023) sd      a4, -32(s0)
core   0: 3 0x000000008000fe52 (0xfee43023) mem 0x0000000080031f50 0x00000000800120c2
core   0: 0x000000008000fe56 (0xfc442703) lw      a4, -60(s0)
core   0: 3 0x000000008000fe56 (0xfc442703) x14 0x0000000000000000 mem 0x0000000080031f34
core   0: 0x000000008000fe5a (0x0ff77713) andi    a4, a4, 255
core   0: 3 0x000000008000fe5a (0x0ff77713) x14 0x0000000000000000
core   0: 0x000000008000fe5e (0x00e78023) sb      a4, 0(a5)
core   0: 3 0x000000008000fe5e (0x00e78023) mem 0x00000000800120c1 0x00
core   0: 0x000000008000fe62 (0xfc843703) ld      a4, -56(s0)
core   0: 3 0x000000008000fe62 (0xfc843703) x14 0x0000000080012040 mem 0x0000000080031f38
core   0: 0x000000008000fe66 (0xfb843783) ld      a5, -72(s0)
core   0: 3 0x000000008000fe66 (0xfb843783) x15 0x000000000000009c mem 0x0000000080031f28
core   0: 0x000000008000fe6a (0x000097ba) c.add   a5, a4
core   0: 3 0x000000008000fe6a (0x97ba) x15 0x00000000800120dc
core   0: 0x000000008000fe6c (0xfe043703) ld      a4, -32(s0)
core   0: 3 0x000000008000fe6c (0xfe043703) x14 0x00000000800120c2 mem 0x0000000080031f50
core   0: 0x000000008000fe70 (0xfcf76de3) bltu    a4, a5, pc - 38
core   0: 3 0x000000008000fe70 (0xfcf76de3)
core   0: 0x000000008000fe4a (0xfe043783) ld      a5, -32(s0)
core   0: 3 0x000000008000fe4a (0xfe043783) x15 0x00000000800120c2 mem 0x0000000080031f50
core   0: 0x000000008000fe4e (0x00178713) addi    a4, a5, 1
core   0: 3 0x000000008000fe4e (0x00178713) x14 0x00000000800120c3
core   0: 0x000000008000fe52 (0xfee43023) sd      a4, -32(s0)
core   0: 3 0x000000008000fe52 (0xfee43023) mem 0x0000000080031f50 0x00000000800120c3
core   0: 0x000000008000fe56 (0xfc442703) lw      a4, -60(s0)
core   0: 3 0x000000008000fe56 (0xfc442703) x14 0x0000000000000000 mem 0x0000000080031f34
core   0: 0x000000008000fe5a (0x0ff77713) andi    a4, a4, 255
core   0: 3 0x000000008000fe5a (0x0ff77713) x14 0x0000000000000000
core   0: 0x000000008000fe5e (0x00e78023) sb      a4, 0(a5)
core   0: 3 0x000000008000fe5e (0x00e78023) mem 0x00000000800120c2 0x00
core   0: 0x000000008000fe62 (0xfc843703) ld      a4, -56(s0)
core   0: 3 0x000000008000fe62 (0xfc843703) x14 0x0000000080012040 mem 0x0000000080031f38
core   0: 0x000000008000fe66 (0xfb843783) ld      a5, -72(s0)
core   0: 3 0x000000008000fe66 (0xfb843783) x15 0x000000000000009c mem 0x0000000080031f28
core   0: 0x000000008000fe6a (0x000097ba) c.add   a5, a4
core   0: 3 0x000000008000fe6a (0x97ba) x15 0x00000000800120dc
core   0: 0x000000008000fe6c (0xfe043703) ld      a4, -32(s0)
core   0: 3 0x000000008000fe6c (0xfe043703) x14 0x00000000800120c3 mem 0x0000000080031f50
core   0: 0x000000008000fe70 (0xfcf76de3) bltu    a4, a5, pc - 38
core   0: 3 0x000000008000fe70 (0xfcf76de3)
core   0: 0x000000008000fe4a (0xfe043783) ld      a5, -32(s0)
core   0: 3 0x000000008000fe4a (0xfe043783) x15 0x00000000800120c3 mem 0x0000000080031f50
core   0: 0x000000008000fe4e (0x00178713) addi    a4, a5, 1
core   0: 3 0x000000008000fe4e (0x00178713) x14 0x00000000800120c4
core   0: 0x000000008000fe52 (0xfee43023) sd      a4, -32(s0)
core   0: 3 0x000000008000fe52 (0xfee43023) mem 0x0000000080031f50 0x00000000800120c4
core   0: 0x000000008000fe56 (0xfc442703) lw      a4, -60(s0)
core   0: 3 0x000000008000fe56 (0xfc442703) x14 0x0000000000000000 mem 0x0000000080031f34
core   0: 0x000000008000fe5a (0x0ff77713) andi    a4, a4, 255
core   0: 3 0x000000008000fe5a (0x0ff77713) x14 0x0000000000000000
core   0: 0x000000008000fe5e (0x00e78023) sb      a4, 0(a5)
core   0: 3 0x000000008000fe5e (0x00e78023) mem 0x00000000800120c3 0x00
core   0: 0x000000008000fe62 (0xfc843703) ld      a4, -56(s0)
core   0: 3 0x000000008000fe62 (0xfc843703) x14 0x0000000080012040 mem 0x0000000080031f38
core   0: 0x000000008000fe66 (0xfb843783) ld      a5, -72(s0)
core   0: 3 0x000000008000fe66 (0xfb843783) x15 0x000000000000009c mem 0x0000000080031f28
core   0: 0x000000008000fe6a (0x000097ba) c.add   a5, a4
core   0: 3 0x000000008000fe6a (0x97ba) x15 0x00000000800120dc
core   0: 0x000000008000fe6c (0xfe043703) ld      a4, -32(s0)
core   0: 3 0x000000008000fe6c (0xfe043703) x14 0x00000000800120c4 mem 0x0000000080031f50
core   0: 0x000000008000fe70 (0xfcf76de3) bltu    a4, a5, pc - 38
core   0: 3 0x000000008000fe70 (0xfcf76de3)
core   0: 0x000000008000fe4a (0xfe043783) ld      a5, -32(s0)
core   0: 3 0x000000008000fe4a (0xfe043783) x15 0x00000000800120c4 mem 0x0000000080031f50
core   0: 0x000000008000fe4e (0x00178713) addi    a4, a5, 1
core   0: 3 0x000000008000fe4e (0x00178713) x14 0x00000000800120c5
core   0: 0x000000008000fe52 (0xfee43023) sd      a4, -32(s0)
core   0: 3 0x000000008000fe52 (0xfee43023) mem 0x0000000080031f50 0x00000000800120c5
core   0: 0x000000008000fe56 (0xfc442703) lw      a4, -60(s0)
core   0: 3 0x000000008000fe56 (0xfc442703) x14 0x0000000000000000 mem 0x0000000080031f34
core   0: 0x000000008000fe5a (0x0ff77713) andi    a4, a4, 255
core   0: 3 0x000000008000fe5a (0x0ff77713) x14 0x0000000000000000
core   0: 0x000000008000fe5e (0x00e78023) sb      a4, 0(a5)
core   0: 3 0x000000008000fe5e (0x00e78023) mem 0x00000000800120c4 0x00
core   0: 0x000000008000fe62 (0xfc843703) ld      a4, -56(s0)
core   0: 3 0x000000008000fe62 (0xfc843703) x14 0x0000000080012040 mem 0x0000000080031f38
core   0: 0x000000008000fe66 (0xfb843783) ld      a5, -72(s0)
core   0: 3 0x000000008000fe66 (0xfb843783) x15 0x000000000000009c mem 0x0000000080031f28
core   0: 0x000000008000fe6a (0x000097ba) c.add   a5, a4
core   0: 3 0x000000008000fe6a (0x97ba) x15 0x00000000800120dc
core   0: 0x000000008000fe6c (0xfe043703) ld      a4, -32(s0)
core   0: 3 0x000000008000fe6c (0xfe043703) x14 0x00000000800120c5 mem 0x0000000080031f50
core   0: 0x000000008000fe70 (0xfcf76de3) bltu    a4, a5, pc - 38
core   0: 3 0x000000008000fe70 (0xfcf76de3)
core   0: 0x000000008000fe4a (0xfe043783) ld      a5, -32(s0)
core   0: 3 0x000000008000fe4a (0xfe043783) x15 0x00000000800120c5 mem 0x0000000080031f50
core   0: 0x000000008000fe4e (0x00178713) addi    a4, a5, 1
core   0: 3 0x000000008000fe4e (0x00178713) x14 0x00000000800120c6
core   0: 0x000000008000fe52 (0xfee43023) sd      a4, -32(s0)
core   0: 3 0x000000008000fe52 (0xfee43023) mem 0x0000000080031f50 0x00000000800120c6
core   0: 0x000000008000fe56 (0xfc442703) lw      a4, -60(s0)
core   0: 3 0x000000008000fe56 (0xfc442703) x14 0x0000000000000000 mem 0x0000000080031f34
core   0: 0x000000008000fe5a (0x0ff77713) andi    a4, a4, 255
core   0: 3 0x000000008000fe5a (0x0ff77713) x14 0x0000000000000000
core   0: 0x000000008000fe5e (0x00e78023) sb      a4, 0(a5)
core   0: 3 0x000000008000fe5e (0x00e78023) mem 0x00000000800120c5 0x00
core   0: 0x000000008000fe62 (0xfc843703) ld      a4, -56(s0)
core   0: 3 0x000000008000fe62 (0xfc843703) x14 0x0000000080012040 mem 0x0000000080031f38
core   0: 0x000000008000fe66 (0xfb843783) ld      a5, -72(s0)
core   0: 3 0x000000008000fe66 (0xfb843783) x15 0x000000000000009c mem 0x0000000080031f28
core   0: 0x000000008000fe6a (0x000097ba) c.add   a5, a4
core   0: 3 0x000000008000fe6a (0x97ba) x15 0x00000000800120dc
core   0: 0x000000008000fe6c (0xfe043703) ld      a4, -32(s0)
core   0: 3 0x000000008000fe6c (0xfe043703) x14 0x00000000800120c6 mem 0x0000000080031f50
core   0: 0x000000008000fe70 (0xfcf76de3) bltu    a4, a5, pc - 38
core   0: 3 0x000000008000fe70 (0xfcf76de3)
core   0: 0x000000008000fe4a (0xfe043783) ld      a5, -32(s0)
core   0: 3 0x000000008000fe4a (0xfe043783) x15 0x00000000800120c6 mem 0x0000000080031f50
core   0: 0x000000008000fe4e (0x00178713) addi    a4, a5, 1
core   0: 3 0x000000008000fe4e (0x00178713) x14 0x00000000800120c7
core   0: 0x000000008000fe52 (0xfee43023) sd      a4, -32(s0)
core   0: 3 0x000000008000fe52 (0xfee43023) mem 0x0000000080031f50 0x00000000800120c7
core   0: 0x000000008000fe56 (0xfc442703) lw      a4, -60(s0)
core   0: 3 0x000000008000fe56 (0xfc442703) x14 0x0000000000000000 mem 0x0000000080031f34
core   0: 0x000000008000fe5a (0x0ff77713) andi    a4, a4, 255
core   0: 3 0x000000008000fe5a (0x0ff77713) x14 0x0000000000000000
core   0: 0x000000008000fe5e (0x00e78023) sb      a4, 0(a5)
core   0: 3 0x000000008000fe5e (0x00e78023) mem 0x00000000800120c6 0x00
core   0: 0x000000008000fe62 (0xfc843703) ld      a4, -56(s0)
core   0: 3 0x000000008000fe62 (0xfc843703) x14 0x0000000080012040 mem 0x0000000080031f38
core   0: 0x000000008000fe66 (0xfb843783) ld      a5, -72(s0)
core   0: 3 0x000000008000fe66 (0xfb843783) x15 0x000000000000009c mem 0x0000000080031f28
core   0: 0x000000008000fe6a (0x000097ba) c.add   a5, a4
core   0: 3 0x000000008000fe6a (0x97ba) x15 0x00000000800120dc
core   0: 0x000000008000fe6c (0xfe043703) ld      a4, -32(s0)
core   0: 3 0x000000008000fe6c (0xfe043703) x14 0x00000000800120c7 mem 0x0000000080031f50
core   0: 0x000000008000fe70 (0xfcf76de3) bltu    a4, a5, pc - 38
core   0: 3 0x000000008000fe70 (0xfcf76de3)
core   0: 0x000000008000fe4a (0xfe043783) ld      a5, -32(s0)
core   0: 3 0x000000008000fe4a (0xfe043783) x15 0x00000000800120c7 mem 0x0000000080031f50
core   0: 0x000000008000fe4e (0x00178713) addi    a4, a5, 1
core   0: 3 0x000000008000fe4e (0x00178713) x14 0x00000000800120c8
core   0: 0x000000008000fe52 (0xfee43023) sd      a4, -32(s0)
core   0: 3 0x000000008000fe52 (0xfee43023) mem 0x0000000080031f50 0x00000000800120c8
core   0: 0x000000008000fe56 (0xfc442703) lw      a4, -60(s0)
core   0: 3 0x000000008000fe56 (0xfc442703) x14 0x0000000000000000 mem 0x0000000080031f34
core   0: 0x000000008000fe5a (0x0ff77713) andi    a4, a4, 255
core   0: 3 0x000000008000fe5a (0x0ff77713) x14 0x0000000000000000
core   0: 0x000000008000fe5e (0x00e78023) sb      a4, 0(a5)
core   0: 3 0x000000008000fe5e (0x00e78023) mem 0x00000000800120c7 0x00
core   0: 0x000000008000fe62 (0xfc843703) ld      a4, -56(s0)
core   0: 3 0x000000008000fe62 (0xfc843703) x14 0x0000000080012040 mem 0x0000000080031f38
core   0: 0x000000008000fe66 (0xfb843783) ld      a5, -72(s0)
core   0: 3 0x000000008000fe66 (0xfb843783) x15 0x000000000000009c mem 0x0000000080031f28
core   0: 0x000000008000fe6a (0x000097ba) c.add   a5, a4
core   0: 3 0x000000008000fe6a (0x97ba) x15 0x00000000800120dc
core   0: 0x000000008000fe6c (0xfe043703) ld      a4, -32(s0)
core   0: 3 0x000000008000fe6c (0xfe043703) x14 0x00000000800120c8 mem 0x0000000080031f50
core   0: 0x000000008000fe70 (0xfcf76de3) bltu    a4, a5, pc - 38
core   0: 3 0x000000008000fe70 (0xfcf76de3)
core   0: 0x000000008000fe4a (0xfe043783) ld      a5, -32(s0)
core   0: 3 0x000000008000fe4a (0xfe043783) x15 0x00000000800120c8 mem 0x0000000080031f50
core   0: 0x000000008000fe4e (0x00178713) addi    a4, a5, 1
core   0: 3 0x000000008000fe4e (0x00178713) x14 0x00000000800120c9
core   0: 0x000000008000fe52 (0xfee43023) sd      a4, -32(s0)
core   0: 3 0x000000008000fe52 (0xfee43023) mem 0x0000000080031f50 0x00000000800120c9
core   0: 0x000000008000fe56 (0xfc442703) lw      a4, -60(s0)
core   0: 3 0x000000008000fe56 (0xfc442703) x14 0x0000000000000000 mem 0x0000000080031f34
core   0: 0x000000008000fe5a (0x0ff77713) andi    a4, a4, 255
core   0: 3 0x000000008000fe5a (0x0ff77713) x14 0x0000000000000000
core   0: 0x000000008000fe5e (0x00e78023) sb      a4, 0(a5)
core   0: 3 0x000000008000fe5e (0x00e78023) mem 0x00000000800120c8 0x00
core   0: 0x000000008000fe62 (0xfc843703) ld      a4, -56(s0)
core   0: 3 0x000000008000fe62 (0xfc843703) x14 0x0000000080012040 mem 0x0000000080031f38
core   0: 0x000000008000fe66 (0xfb843783) ld      a5, -72(s0)
core   0: 3 0x000000008000fe66 (0xfb843783) x15 0x000000000000009c mem 0x0000000080031f28
core   0: 0x000000008000fe6a (0x000097ba) c.add   a5, a4
core   0: 3 0x000000008000fe6a (0x97ba) x15 0x00000000800120dc
core   0: 0x000000008000fe6c (0xfe043703) ld      a4, -32(s0)
core   0: 3 0x000000008000fe6c (0xfe043703) x14 0x00000000800120c9 mem 0x0000000080031f50
core   0: 0x000000008000fe70 (0xfcf76de3) bltu    a4, a5, pc - 38
core   0: 3 0x000000008000fe70 (0xfcf76de3)
core   0: 0x000000008000fe4a (0xfe043783) ld      a5, -32(s0)
core   0: 3 0x000000008000fe4a (0xfe043783) x15 0x00000000800120c9 mem 0x0000000080031f50
core   0: 0x000000008000fe4e (0x00178713) addi    a4, a5, 1
core   0: 3 0x000000008000fe4e (0x00178713) x14 0x00000000800120ca
core   0: 0x000000008000fe52 (0xfee43023) sd      a4, -32(s0)
core   0: 3 0x000000008000fe52 (0xfee43023) mem 0x0000000080031f50 0x00000000800120ca
core   0: 0x000000008000fe56 (0xfc442703) lw      a4, -60(s0)
core   0: 3 0x000000008000fe56 (0xfc442703) x14 0x0000000000000000 mem 0x0000000080031f34
core   0: 0x000000008000fe5a (0x0ff77713) andi    a4, a4, 255
core   0: 3 0x000000008000fe5a (0x0ff77713) x14 0x0000000000000000
core   0: 0x000000008000fe5e (0x00e78023) sb      a4, 0(a5)
core   0: 3 0x000000008000fe5e (0x00e78023) mem 0x00000000800120c9 0x00
core   0: 0x000000008000fe62 (0xfc843703) ld      a4, -56(s0)
core   0: 3 0x000000008000fe62 (0xfc843703) x14 0x0000000080012040 mem 0x0000000080031f38
core   0: 0x000000008000fe66 (0xfb843783) ld      a5, -72(s0)
core   0: 3 0x000000008000fe66 (0xfb843783) x15 0x000000000000009c mem 0x0000000080031f28
core   0: 0x000000008000fe6a (0x000097ba) c.add   a5, a4
core   0: 3 0x000000008000fe6a (0x97ba) x15 0x00000000800120dc
core   0: 0x000000008000fe6c (0xfe043703) ld      a4, -32(s0)
core   0: 3 0x000000008000fe6c (0xfe043703) x14 0x00000000800120ca mem 0x0000000080031f50
core   0: 0x000000008000fe70 (0xfcf76de3) bltu    a4, a5, pc - 38
core   0: 3 0x000000008000fe70 (0xfcf76de3)
core   0: 0x000000008000fe4a (0xfe043783) ld      a5, -32(s0)
core   0: 3 0x000000008000fe4a (0xfe043783) x15 0x00000000800120ca mem 0x0000000080031f50
core   0: 0x000000008000fe4e (0x00178713) addi    a4, a5, 1
core   0: 3 0x000000008000fe4e (0x00178713) x14 0x00000000800120cb
core   0: 0x000000008000fe52 (0xfee43023) sd      a4, -32(s0)
core   0: 3 0x000000008000fe52 (0xfee43023) mem 0x0000000080031f50 0x00000000800120cb
core   0: 0x000000008000fe56 (0xfc442703) lw      a4, -60(s0)
core   0: 3 0x000000008000fe56 (0xfc442703) x14 0x0000000000000000 mem 0x0000000080031f34
core   0: 0x000000008000fe5a (0x0ff77713) andi    a4, a4, 255
core   0: 3 0x000000008000fe5a (0x0ff77713) x14 0x0000000000000000
core   0: 0x000000008000fe5e (0x00e78023) sb      a4, 0(a5)
core   0: 3 0x000000008000fe5e (0x00e78023) mem 0x00000000800120ca 0x00
core   0: 0x000000008000fe62 (0xfc843703) ld      a4, -56(s0)
core   0: 3 0x000000008000fe62 (0xfc843703) x14 0x0000000080012040 mem 0x0000000080031f38
core   0: 0x000000008000fe66 (0xfb843783) ld      a5, -72(s0)
core   0: 3 0x000000008000fe66 (0xfb843783) x15 0x000000000000009c mem 0x0000000080031f28
core   0: 0x000000008000fe6a (0x000097ba) c.add   a5, a4
core   0: 3 0x000000008000fe6a (0x97ba) x15 0x00000000800120dc
core   0: 0x000000008000fe6c (0xfe043703) ld      a4, -32(s0)
core   0: 3 0x000000008000fe6c (0xfe043703) x14 0x00000000800120cb mem 0x0000000080031f50
core   0: 0x000000008000fe70 (0xfcf76de3) bltu    a4, a5, pc - 38
core   0: 3 0x000000008000fe70 (0xfcf76de3)
core   0: 0x000000008000fe4a (0xfe043783) ld      a5, -32(s0)
core   0: 3 0x000000008000fe4a (0xfe043783) x15 0x00000000800120cb mem 0x0000000080031f50
core   0: 0x000000008000fe4e (0x00178713) addi    a4, a5, 1
core   0: 3 0x000000008000fe4e (0x00178713) x14 0x00000000800120cc
core   0: 0x000000008000fe52 (0xfee43023) sd      a4, -32(s0)
core   0: 3 0x000000008000fe52 (0xfee43023) mem 0x0000000080031f50 0x00000000800120cc
core   0: 0x000000008000fe56 (0xfc442703) lw      a4, -60(s0)
core   0: 3 0x000000008000fe56 (0xfc442703) x14 0x0000000000000000 mem 0x0000000080031f34
core   0: 0x000000008000fe5a (0x0ff77713) andi    a4, a4, 255
core   0: 3 0x000000008000fe5a (0x0ff77713) x14 0x0000000000000000
core   0: 0x000000008000fe5e (0x00e78023) sb      a4, 0(a5)
core   0: 3 0x000000008000fe5e (0x00e78023) mem 0x00000000800120cb 0x00
core   0: 0x000000008000fe62 (0xfc843703) ld      a4, -56(s0)
core   0: 3 0x000000008000fe62 (0xfc843703) x14 0x0000000080012040 mem 0x0000000080031f38
core   0: 0x000000008000fe66 (0xfb843783) ld      a5, -72(s0)
core   0: 3 0x000000008000fe66 (0xfb843783) x15 0x000000000000009c mem 0x0000000080031f28
core   0: 0x000000008000fe6a (0x000097ba) c.add   a5, a4
core   0: 3 0x000000008000fe6a (0x97ba) x15 0x00000000800120dc
core   0: 0x000000008000fe6c (0xfe043703) ld      a4, -32(s0)
core   0: 3 0x000000008000fe6c (0xfe043703) x14 0x00000000800120cc mem 0x0000000080031f50
core   0: 0x000000008000fe70 (0xfcf76de3) bltu    a4, a5, pc - 38
core   0: 3 0x000000008000fe70 (0xfcf76de3)
core   0: 0x000000008000fe4a (0xfe043783) ld      a5, -32(s0)
core   0: 3 0x000000008000fe4a (0xfe043783) x15 0x00000000800120cc mem 0x0000000080031f50
core   0: 0x000000008000fe4e (0x00178713) addi    a4, a5, 1
core   0: 3 0x000000008000fe4e (0x00178713) x14 0x00000000800120cd
core   0: 0x000000008000fe52 (0xfee43023) sd      a4, -32(s0)
core   0: 3 0x000000008000fe52 (0xfee43023) mem 0x0000000080031f50 0x00000000800120cd
core   0: 0x000000008000fe56 (0xfc442703) lw      a4, -60(s0)
core   0: 3 0x000000008000fe56 (0xfc442703) x14 0x0000000000000000 mem 0x0000000080031f34
core   0: 0x000000008000fe5a (0x0ff77713) andi    a4, a4, 255
core   0: 3 0x000000008000fe5a (0x0ff77713) x14 0x0000000000000000
core   0: 0x000000008000fe5e (0x00e78023) sb      a4, 0(a5)
core   0: 3 0x000000008000fe5e (0x00e78023) mem 0x00000000800120cc 0x00
core   0: 0x000000008000fe62 (0xfc843703) ld      a4, -56(s0)
core   0: 3 0x000000008000fe62 (0xfc843703) x14 0x0000000080012040 mem 0x0000000080031f38
core   0: 0x000000008000fe66 (0xfb843783) ld      a5, -72(s0)
core   0: 3 0x000000008000fe66 (0xfb843783) x15 0x000000000000009c mem 0x0000000080031f28
core   0: 0x000000008000fe6a (0x000097ba) c.add   a5, a4
core   0: 3 0x000000008000fe6a (0x97ba) x15 0x00000000800120dc
core   0: 0x000000008000fe6c (0xfe043703) ld      a4, -32(s0)
core   0: 3 0x000000008000fe6c (0xfe043703) x14 0x00000000800120cd mem 0x0000000080031f50
core   0: 0x000000008000fe70 (0xfcf76de3) bltu    a4, a5, pc - 38
core   0: 3 0x000000008000fe70 (0xfcf76de3)
core   0: 0x000000008000fe4a (0xfe043783) ld      a5, -32(s0)
core   0: 3 0x000000008000fe4a (0xfe043783) x15 0x00000000800120cd mem 0x0000000080031f50
core   0: 0x000000008000fe4e (0x00178713) addi    a4, a5, 1
core   0: 3 0x000000008000fe4e (0x00178713) x14 0x00000000800120ce
core   0: 0x000000008000fe52 (0xfee43023) sd      a4, -32(s0)
core   0: 3 0x000000008000fe52 (0xfee43023) mem 0x0000000080031f50 0x00000000800120ce
core   0: 0x000000008000fe56 (0xfc442703) lw      a4, -60(s0)
core   0: 3 0x000000008000fe56 (0xfc442703) x14 0x0000000000000000 mem 0x0000000080031f34
core   0: 0x000000008000fe5a (0x0ff77713) andi    a4, a4, 255
core   0: 3 0x000000008000fe5a (0x0ff77713) x14 0x0000000000000000
core   0: 0x000000008000fe5e (0x00e78023) sb      a4, 0(a5)
core   0: 3 0x000000008000fe5e (0x00e78023) mem 0x00000000800120cd 0x00
core   0: 0x000000008000fe62 (0xfc843703) ld      a4, -56(s0)
core   0: 3 0x000000008000fe62 (0xfc843703) x14 0x0000000080012040 mem 0x0000000080031f38
core   0: 0x000000008000fe66 (0xfb843783) ld      a5, -72(s0)
core   0: 3 0x000000008000fe66 (0xfb843783) x15 0x000000000000009c mem 0x0000000080031f28
core   0: 0x000000008000fe6a (0x000097ba) c.add   a5, a4
core   0: 3 0x000000008000fe6a (0x97ba) x15 0x00000000800120dc
core   0: 0x000000008000fe6c (0xfe043703) ld      a4, -32(s0)
core   0: 3 0x000000008000fe6c (0xfe043703) x14 0x00000000800120ce mem 0x0000000080031f50
core   0: 0x000000008000fe70 (0xfcf76de3) bltu    a4, a5, pc - 38
core   0: 3 0x000000008000fe70 (0xfcf76de3)
core   0: 0x000000008000fe4a (0xfe043783) ld      a5, -32(s0)
core   0: 3 0x000000008000fe4a (0xfe043783) x15 0x00000000800120ce mem 0x0000000080031f50
core   0: 0x000000008000fe4e (0x00178713) addi    a4, a5, 1
core   0: 3 0x000000008000fe4e (0x00178713) x14 0x00000000800120cf
core   0: 0x000000008000fe52 (0xfee43023) sd      a4, -32(s0)
core   0: 3 0x000000008000fe52 (0xfee43023) mem 0x0000000080031f50 0x00000000800120cf
core   0: 0x000000008000fe56 (0xfc442703) lw      a4, -60(s0)
core   0: 3 0x000000008000fe56 (0xfc442703) x14 0x0000000000000000 mem 0x0000000080031f34
core   0: 0x000000008000fe5a (0x0ff77713) andi    a4, a4, 255
core   0: 3 0x000000008000fe5a (0x0ff77713) x14 0x0000000000000000
core   0: 0x000000008000fe5e (0x00e78023) sb      a4, 0(a5)
core   0: 3 0x000000008000fe5e (0x00e78023) mem 0x00000000800120ce 0x00
core   0: 0x000000008000fe62 (0xfc843703) ld      a4, -56(s0)
core   0: 3 0x000000008000fe62 (0xfc843703) x14 0x0000000080012040 mem 0x0000000080031f38
core   0: 0x000000008000fe66 (0xfb843783) ld      a5, -72(s0)
core   0: 3 0x000000008000fe66 (0xfb843783) x15 0x000000000000009c mem 0x0000000080031f28
core   0: 0x000000008000fe6a (0x000097ba) c.add   a5, a4
core   0: 3 0x000000008000fe6a (0x97ba) x15 0x00000000800120dc
core   0: 0x000000008000fe6c (0xfe043703) ld      a4, -32(s0)
core   0: 3 0x000000008000fe6c (0xfe043703) x14 0x00000000800120cf mem 0x0000000080031f50
core   0: 0x000000008000fe70 (0xfcf76de3) bltu    a4, a5, pc - 38
core   0: 3 0x000000008000fe70 (0xfcf76de3)
core   0: 0x000000008000fe4a (0xfe043783) ld      a5, -32(s0)
core   0: 3 0x000000008000fe4a (0xfe043783) x15 0x00000000800120cf mem 0x0000000080031f50
core   0: 0x000000008000fe4e (0x00178713) addi    a4, a5, 1
core   0: 3 0x000000008000fe4e (0x00178713) x14 0x00000000800120d0
core   0: 0x000000008000fe52 (0xfee43023) sd      a4, -32(s0)
core   0: 3 0x000000008000fe52 (0xfee43023) mem 0x0000000080031f50 0x00000000800120d0
core   0: 0x000000008000fe56 (0xfc442703) lw      a4, -60(s0)
core   0: 3 0x000000008000fe56 (0xfc442703) x14 0x0000000000000000 mem 0x0000000080031f34
core   0: 0x000000008000fe5a (0x0ff77713) andi    a4, a4, 255
core   0: 3 0x000000008000fe5a (0x0ff77713) x14 0x0000000000000000
core   0: 0x000000008000fe5e (0x00e78023) sb      a4, 0(a5)
core   0: 3 0x000000008000fe5e (0x00e78023) mem 0x00000000800120cf 0x00
core   0: 0x000000008000fe62 (0xfc843703) ld      a4, -56(s0)
core   0: 3 0x000000008000fe62 (0xfc843703) x14 0x0000000080012040 mem 0x0000000080031f38
core   0: 0x000000008000fe66 (0xfb843783) ld      a5, -72(s0)
core   0: 3 0x000000008000fe66 (0xfb843783) x15 0x000000000000009c mem 0x0000000080031f28
core   0: 0x000000008000fe6a (0x000097ba) c.add   a5, a4
core   0: 3 0x000000008000fe6a (0x97ba) x15 0x00000000800120dc
core   0: 0x000000008000fe6c (0xfe043703) ld      a4, -32(s0)
core   0: 3 0x000000008000fe6c (0xfe043703) x14 0x00000000800120d0 mem 0x0000000080031f50
core   0: 0x000000008000fe70 (0xfcf76de3) bltu    a4, a5, pc - 38
core   0: 3 0x000000008000fe70 (0xfcf76de3)
core   0: 0x000000008000fe4a (0xfe043783) ld      a5, -32(s0)
core   0: 3 0x000000008000fe4a (0xfe043783) x15 0x00000000800120d0 mem 0x0000000080031f50
core   0: 0x000000008000fe4e (0x00178713) addi    a4, a5, 1
core   0: 3 0x000000008000fe4e (0x00178713) x14 0x00000000800120d1
core   0: 0x000000008000fe52 (0xfee43023) sd      a4, -32(s0)
core   0: 3 0x000000008000fe52 (0xfee43023) mem 0x0000000080031f50 0x00000000800120d1
core   0: 0x000000008000fe56 (0xfc442703) lw      a4, -60(s0)
core   0: 3 0x000000008000fe56 (0xfc442703) x14 0x0000000000000000 mem 0x0000000080031f34
core   0: 0x000000008000fe5a (0x0ff77713) andi    a4, a4, 255
core   0: 3 0x000000008000fe5a (0x0ff77713) x14 0x0000000000000000
core   0: 0x000000008000fe5e (0x00e78023) sb      a4, 0(a5)
core   0: 3 0x000000008000fe5e (0x00e78023) mem 0x00000000800120d0 0x00
core   0: 0x000000008000fe62 (0xfc843703) ld      a4, -56(s0)
core   0: 3 0x000000008000fe62 (0xfc843703) x14 0x0000000080012040 mem 0x0000000080031f38
core   0: 0x000000008000fe66 (0xfb843783) ld      a5, -72(s0)
core   0: 3 0x000000008000fe66 (0xfb843783) x15 0x000000000000009c mem 0x0000000080031f28
core   0: 0x000000008000fe6a (0x000097ba) c.add   a5, a4
core   0: 3 0x000000008000fe6a (0x97ba) x15 0x00000000800120dc
core   0: 0x000000008000fe6c (0xfe043703) ld      a4, -32(s0)
core   0: 3 0x000000008000fe6c (0xfe043703) x14 0x00000000800120d1 mem 0x0000000080031f50
core   0: 0x000000008000fe70 (0xfcf76de3) bltu    a4, a5, pc - 38
core   0: 3 0x000000008000fe70 (0xfcf76de3)
core   0: 0x000000008000fe4a (0xfe043783) ld      a5, -32(s0)
core   0: 3 0x000000008000fe4a (0xfe043783) x15 0x00000000800120d1 mem 0x0000000080031f50
core   0: 0x000000008000fe4e (0x00178713) addi    a4, a5, 1
core   0: 3 0x000000008000fe4e (0x00178713) x14 0x00000000800120d2
core   0: 0x000000008000fe52 (0xfee43023) sd      a4, -32(s0)
core   0: 3 0x000000008000fe52 (0xfee43023) mem 0x0000000080031f50 0x00000000800120d2
core   0: 0x000000008000fe56 (0xfc442703) lw      a4, -60(s0)
core   0: 3 0x000000008000fe56 (0xfc442703) x14 0x0000000000000000 mem 0x0000000080031f34
core   0: 0x000000008000fe5a (0x0ff77713) andi    a4, a4, 255
core   0: 3 0x000000008000fe5a (0x0ff77713) x14 0x0000000000000000
core   0: 0x000000008000fe5e (0x00e78023) sb      a4, 0(a5)
core   0: 3 0x000000008000fe5e (0x00e78023) mem 0x00000000800120d1 0x00
core   0: 0x000000008000fe62 (0xfc843703) ld      a4, -56(s0)
core   0: 3 0x000000008000fe62 (0xfc843703) x14 0x0000000080012040 mem 0x0000000080031f38
core   0: 0x000000008000fe66 (0xfb843783) ld      a5, -72(s0)
core   0: 3 0x000000008000fe66 (0xfb843783) x15 0x000000000000009c mem 0x0000000080031f28
core   0: 0x000000008000fe6a (0x000097ba) c.add   a5, a4
core   0: 3 0x000000008000fe6a (0x97ba) x15 0x00000000800120dc
core   0: 0x000000008000fe6c (0xfe043703) ld      a4, -32(s0)
core   0: 3 0x000000008000fe6c (0xfe043703) x14 0x00000000800120d2 mem 0x0000000080031f50
core   0: 0x000000008000fe70 (0xfcf76de3) bltu    a4, a5, pc - 38
core   0: 3 0x000000008000fe70 (0xfcf76de3)
core   0: 0x000000008000fe4a (0xfe043783) ld      a5, -32(s0)
core   0: 3 0x000000008000fe4a (0xfe043783) x15 0x00000000800120d2 mem 0x0000000080031f50
core   0: 0x000000008000fe4e (0x00178713) addi    a4, a5, 1
core   0: 3 0x000000008000fe4e (0x00178713) x14 0x00000000800120d3
core   0: 0x000000008000fe52 (0xfee43023) sd      a4, -32(s0)
core   0: 3 0x000000008000fe52 (0xfee43023) mem 0x0000000080031f50 0x00000000800120d3
core   0: 0x000000008000fe56 (0xfc442703) lw      a4, -60(s0)
core   0: 3 0x000000008000fe56 (0xfc442703) x14 0x0000000000000000 mem 0x0000000080031f34
core   0: 0x000000008000fe5a (0x0ff77713) andi    a4, a4, 255
core   0: 3 0x000000008000fe5a (0x0ff77713) x14 0x0000000000000000
core   0: 0x000000008000fe5e (0x00e78023) sb      a4, 0(a5)
core   0: 3 0x000000008000fe5e (0x00e78023) mem 0x00000000800120d2 0x00
core   0: 0x000000008000fe62 (0xfc843703) ld      a4, -56(s0)
core   0: 3 0x000000008000fe62 (0xfc843703) x14 0x0000000080012040 mem 0x0000000080031f38
core   0: 0x000000008000fe66 (0xfb843783) ld      a5, -72(s0)
core   0: 3 0x000000008000fe66 (0xfb843783) x15 0x000000000000009c mem 0x0000000080031f28
core   0: 0x000000008000fe6a (0x000097ba) c.add   a5, a4
core   0: 3 0x000000008000fe6a (0x97ba) x15 0x00000000800120dc
core   0: 0x000000008000fe6c (0xfe043703) ld      a4, -32(s0)
core   0: 3 0x000000008000fe6c (0xfe043703) x14 0x00000000800120d3 mem 0x0000000080031f50
core   0: 0x000000008000fe70 (0xfcf76de3) bltu    a4, a5, pc - 38
core   0: 3 0x000000008000fe70 (0xfcf76de3)
core   0: 0x000000008000fe4a (0xfe043783) ld      a5, -32(s0)
core   0: 3 0x000000008000fe4a (0xfe043783) x15 0x00000000800120d3 mem 0x0000000080031f50
core   0: 0x000000008000fe4e (0x00178713) addi    a4, a5, 1
core   0: 3 0x000000008000fe4e (0x00178713) x14 0x00000000800120d4
core   0: 0x000000008000fe52 (0xfee43023) sd      a4, -32(s0)
core   0: 3 0x000000008000fe52 (0xfee43023) mem 0x0000000080031f50 0x00000000800120d4
core   0: 0x000000008000fe56 (0xfc442703) lw      a4, -60(s0)
core   0: 3 0x000000008000fe56 (0xfc442703) x14 0x0000000000000000 mem 0x0000000080031f34
core   0: 0x000000008000fe5a (0x0ff77713) andi    a4, a4, 255
core   0: 3 0x000000008000fe5a (0x0ff77713) x14 0x0000000000000000
core   0: 0x000000008000fe5e (0x00e78023) sb      a4, 0(a5)
core   0: 3 0x000000008000fe5e (0x00e78023) mem 0x00000000800120d3 0x00
core   0: 0x000000008000fe62 (0xfc843703) ld      a4, -56(s0)
core   0: 3 0x000000008000fe62 (0xfc843703) x14 0x0000000080012040 mem 0x0000000080031f38
core   0: 0x000000008000fe66 (0xfb843783) ld      a5, -72(s0)
core   0: 3 0x000000008000fe66 (0xfb843783) x15 0x000000000000009c mem 0x0000000080031f28
core   0: 0x000000008000fe6a (0x000097ba) c.add   a5, a4
core   0: 3 0x000000008000fe6a (0x97ba) x15 0x00000000800120dc
core   0: 0x000000008000fe6c (0xfe043703) ld      a4, -32(s0)
core   0: 3 0x000000008000fe6c (0xfe043703) x14 0x00000000800120d4 mem 0x0000000080031f50
core   0: 0x000000008000fe70 (0xfcf76de3) bltu    a4, a5, pc - 38
core   0: 3 0x000000008000fe70 (0xfcf76de3)
core   0: 0x000000008000fe4a (0xfe043783) ld      a5, -32(s0)
core   0: 3 0x000000008000fe4a (0xfe043783) x15 0x00000000800120d4 mem 0x0000000080031f50
core   0: 0x000000008000fe4e (0x00178713) addi    a4, a5, 1
core   0: 3 0x000000008000fe4e (0x00178713) x14 0x00000000800120d5
core   0: 0x000000008000fe52 (0xfee43023) sd      a4, -32(s0)
core   0: 3 0x000000008000fe52 (0xfee43023) mem 0x0000000080031f50 0x00000000800120d5
core   0: 0x000000008000fe56 (0xfc442703) lw      a4, -60(s0)
core   0: 3 0x000000008000fe56 (0xfc442703) x14 0x0000000000000000 mem 0x0000000080031f34
core   0: 0x000000008000fe5a (0x0ff77713) andi    a4, a4, 255
core   0: 3 0x000000008000fe5a (0x0ff77713) x14 0x0000000000000000
core   0: 0x000000008000fe5e (0x00e78023) sb      a4, 0(a5)
core   0: 3 0x000000008000fe5e (0x00e78023) mem 0x00000000800120d4 0x00
core   0: 0x000000008000fe62 (0xfc843703) ld      a4, -56(s0)
core   0: 3 0x000000008000fe62 (0xfc843703) x14 0x0000000080012040 mem 0x0000000080031f38
core   0: 0x000000008000fe66 (0xfb843783) ld      a5, -72(s0)
core   0: 3 0x000000008000fe66 (0xfb843783) x15 0x000000000000009c mem 0x0000000080031f28
core   0: 0x000000008000fe6a (0x000097ba) c.add   a5, a4
core   0: 3 0x000000008000fe6a (0x97ba) x15 0x00000000800120dc
core   0: 0x000000008000fe6c (0xfe043703) ld      a4, -32(s0)
core   0: 3 0x000000008000fe6c (0xfe043703) x14 0x00000000800120d5 mem 0x0000000080031f50
core   0: 0x000000008000fe70 (0xfcf76de3) bltu    a4, a5, pc - 38
core   0: 3 0x000000008000fe70 (0xfcf76de3)
core   0: 0x000000008000fe4a (0xfe043783) ld      a5, -32(s0)
core   0: 3 0x000000008000fe4a (0xfe043783) x15 0x00000000800120d5 mem 0x0000000080031f50
core   0: 0x000000008000fe4e (0x00178713) addi    a4, a5, 1
core   0: 3 0x000000008000fe4e (0x00178713) x14 0x00000000800120d6
core   0: 0x000000008000fe52 (0xfee43023) sd      a4, -32(s0)
core   0: 3 0x000000008000fe52 (0xfee43023) mem 0x0000000080031f50 0x00000000800120d6
core   0: 0x000000008000fe56 (0xfc442703) lw      a4, -60(s0)
core   0: 3 0x000000008000fe56 (0xfc442703) x14 0x0000000000000000 mem 0x0000000080031f34
core   0: 0x000000008000fe5a (0x0ff77713) andi    a4, a4, 255
core   0: 3 0x000000008000fe5a (0x0ff77713) x14 0x0000000000000000
core   0: 0x000000008000fe5e (0x00e78023) sb      a4, 0(a5)
core   0: 3 0x000000008000fe5e (0x00e78023) mem 0x00000000800120d5 0x00
core   0: 0x000000008000fe62 (0xfc843703) ld      a4, -56(s0)
core   0: 3 0x000000008000fe62 (0xfc843703) x14 0x0000000080012040 mem 0x0000000080031f38
core   0: 0x000000008000fe66 (0xfb843783) ld      a5, -72(s0)
core   0: 3 0x000000008000fe66 (0xfb843783) x15 0x000000000000009c mem 0x0000000080031f28
core   0: 0x000000008000fe6a (0x000097ba) c.add   a5, a4
core   0: 3 0x000000008000fe6a (0x97ba) x15 0x00000000800120dc
core   0: 0x000000008000fe6c (0xfe043703) ld      a4, -32(s0)
core   0: 3 0x000000008000fe6c (0xfe043703) x14 0x00000000800120d6 mem 0x0000000080031f50
core   0: 0x000000008000fe70 (0xfcf76de3) bltu    a4, a5, pc - 38
core   0: 3 0x000000008000fe70 (0xfcf76de3)
core   0: 0x000000008000fe4a (0xfe043783) ld      a5, -32(s0)
core   0: 3 0x000000008000fe4a (0xfe043783) x15 0x00000000800120d6 mem 0x0000000080031f50
core   0: 0x000000008000fe4e (0x00178713) addi    a4, a5, 1
core   0: 3 0x000000008000fe4e (0x00178713) x14 0x00000000800120d7
core   0: 0x000000008000fe52 (0xfee43023) sd      a4, -32(s0)
core   0: 3 0x000000008000fe52 (0xfee43023) mem 0x0000000080031f50 0x00000000800120d7
core   0: 0x000000008000fe56 (0xfc442703) lw      a4, -60(s0)
core   0: 3 0x000000008000fe56 (0xfc442703) x14 0x0000000000000000 mem 0x0000000080031f34
core   0: 0x000000008000fe5a (0x0ff77713) andi    a4, a4, 255
core   0: 3 0x000000008000fe5a (0x0ff77713) x14 0x0000000000000000
core   0: 0x000000008000fe5e (0x00e78023) sb      a4, 0(a5)
core   0: 3 0x000000008000fe5e (0x00e78023) mem 0x00000000800120d6 0x00
core   0: 0x000000008000fe62 (0xfc843703) ld      a4, -56(s0)
core   0: 3 0x000000008000fe62 (0xfc843703) x14 0x0000000080012040 mem 0x0000000080031f38
core   0: 0x000000008000fe66 (0xfb843783) ld      a5, -72(s0)
core   0: 3 0x000000008000fe66 (0xfb843783) x15 0x000000000000009c mem 0x0000000080031f28
core   0: 0x000000008000fe6a (0x000097ba) c.add   a5, a4
core   0: 3 0x000000008000fe6a (0x97ba) x15 0x00000000800120dc
core   0: 0x000000008000fe6c (0xfe043703) ld      a4, -32(s0)
core   0: 3 0x000000008000fe6c (0xfe043703) x14 0x00000000800120d7 mem 0x0000000080031f50
core   0: 0x000000008000fe70 (0xfcf76de3) bltu    a4, a5, pc - 38
core   0: 3 0x000000008000fe70 (0xfcf76de3)
core   0: 0x000000008000fe4a (0xfe043783) ld      a5, -32(s0)
core   0: 3 0x000000008000fe4a (0xfe043783) x15 0x00000000800120d7 mem 0x0000000080031f50
core   0: 0x000000008000fe4e (0x00178713) addi    a4, a5, 1
core   0: 3 0x000000008000fe4e (0x00178713) x14 0x00000000800120d8
core   0: 0x000000008000fe52 (0xfee43023) sd      a4, -32(s0)
core   0: 3 0x000000008000fe52 (0xfee43023) mem 0x0000000080031f50 0x00000000800120d8
core   0: 0x000000008000fe56 (0xfc442703) lw      a4, -60(s0)
core   0: 3 0x000000008000fe56 (0xfc442703) x14 0x0000000000000000 mem 0x0000000080031f34
core   0: 0x000000008000fe5a (0x0ff77713) andi    a4, a4, 255
core   0: 3 0x000000008000fe5a (0x0ff77713) x14 0x0000000000000000
core   0: 0x000000008000fe5e (0x00e78023) sb      a4, 0(a5)
core   0: 3 0x000000008000fe5e (0x00e78023) mem 0x00000000800120d7 0x00
core   0: 0x000000008000fe62 (0xfc843703) ld      a4, -56(s0)
core   0: 3 0x000000008000fe62 (0xfc843703) x14 0x0000000080012040 mem 0x0000000080031f38
core   0: 0x000000008000fe66 (0xfb843783) ld      a5, -72(s0)
core   0: 3 0x000000008000fe66 (0xfb843783) x15 0x000000000000009c mem 0x0000000080031f28
core   0: 0x000000008000fe6a (0x000097ba) c.add   a5, a4
core   0: 3 0x000000008000fe6a (0x97ba) x15 0x00000000800120dc
core   0: 0x000000008000fe6c (0xfe043703) ld      a4, -32(s0)
core   0: 3 0x000000008000fe6c (0xfe043703) x14 0x00000000800120d8 mem 0x0000000080031f50
core   0: 0x000000008000fe70 (0xfcf76de3) bltu    a4, a5, pc - 38
core   0: 3 0x000000008000fe70 (0xfcf76de3)
core   0: 0x000000008000fe4a (0xfe043783) ld      a5, -32(s0)
core   0: 3 0x000000008000fe4a (0xfe043783) x15 0x00000000800120d8 mem 0x0000000080031f50
core   0: 0x000000008000fe4e (0x00178713) addi    a4, a5, 1
core   0: 3 0x000000008000fe4e (0x00178713) x14 0x00000000800120d9
core   0: 0x000000008000fe52 (0xfee43023) sd      a4, -32(s0)
core   0: 3 0x000000008000fe52 (0xfee43023) mem 0x0000000080031f50 0x00000000800120d9
core   0: 0x000000008000fe56 (0xfc442703) lw      a4, -60(s0)
core   0: 3 0x000000008000fe56 (0xfc442703) x14 0x0000000000000000 mem 0x0000000080031f34
core   0: 0x000000008000fe5a (0x0ff77713) andi    a4, a4, 255
core   0: 3 0x000000008000fe5a (0x0ff77713) x14 0x0000000000000000
core   0: 0x000000008000fe5e (0x00e78023) sb      a4, 0(a5)
core   0: 3 0x000000008000fe5e (0x00e78023) mem 0x00000000800120d8 0x00
core   0: 0x000000008000fe62 (0xfc843703) ld      a4, -56(s0)
core   0: 3 0x000000008000fe62 (0xfc843703) x14 0x0000000080012040 mem 0x0000000080031f38
core   0: 0x000000008000fe66 (0xfb843783) ld      a5, -72(s0)
core   0: 3 0x000000008000fe66 (0xfb843783) x15 0x000000000000009c mem 0x0000000080031f28
core   0: 0x000000008000fe6a (0x000097ba) c.add   a5, a4
core   0: 3 0x000000008000fe6a (0x97ba) x15 0x00000000800120dc
core   0: 0x000000008000fe6c (0xfe043703) ld      a4, -32(s0)
core   0: 3 0x000000008000fe6c (0xfe043703) x14 0x00000000800120d9 mem 0x0000000080031f50
core   0: 0x000000008000fe70 (0xfcf76de3) bltu    a4, a5, pc - 38
core   0: 3 0x000000008000fe70 (0xfcf76de3)
core   0: 0x000000008000fe4a (0xfe043783) ld      a5, -32(s0)
core   0: 3 0x000000008000fe4a (0xfe043783) x15 0x00000000800120d9 mem 0x0000000080031f50
core   0: 0x000000008000fe4e (0x00178713) addi    a4, a5, 1
core   0: 3 0x000000008000fe4e (0x00178713) x14 0x00000000800120da
core   0: 0x000000008000fe52 (0xfee43023) sd      a4, -32(s0)
core   0: 3 0x000000008000fe52 (0xfee43023) mem 0x0000000080031f50 0x00000000800120da
core   0: 0x000000008000fe56 (0xfc442703) lw      a4, -60(s0)
core   0: 3 0x000000008000fe56 (0xfc442703) x14 0x0000000000000000 mem 0x0000000080031f34
core   0: 0x000000008000fe5a (0x0ff77713) andi    a4, a4, 255
core   0: 3 0x000000008000fe5a (0x0ff77713) x14 0x0000000000000000
core   0: 0x000000008000fe5e (0x00e78023) sb      a4, 0(a5)
core   0: 3 0x000000008000fe5e (0x00e78023) mem 0x00000000800120d9 0x00
core   0: 0x000000008000fe62 (0xfc843703) ld      a4, -56(s0)
core   0: 3 0x000000008000fe62 (0xfc843703) x14 0x0000000080012040 mem 0x0000000080031f38
core   0: 0x000000008000fe66 (0xfb843783) ld      a5, -72(s0)
core   0: 3 0x000000008000fe66 (0xfb843783) x15 0x000000000000009c mem 0x0000000080031f28
core   0: 0x000000008000fe6a (0x000097ba) c.add   a5, a4
core   0: 3 0x000000008000fe6a (0x97ba) x15 0x00000000800120dc
core   0: 0x000000008000fe6c (0xfe043703) ld      a4, -32(s0)
core   0: 3 0x000000008000fe6c (0xfe043703) x14 0x00000000800120da mem 0x0000000080031f50
core   0: 0x000000008000fe70 (0xfcf76de3) bltu    a4, a5, pc - 38
core   0: 3 0x000000008000fe70 (0xfcf76de3)
core   0: 0x000000008000fe4a (0xfe043783) ld      a5, -32(s0)
core   0: 3 0x000000008000fe4a (0xfe043783) x15 0x00000000800120da mem 0x0000000080031f50
core   0: 0x000000008000fe4e (0x00178713) addi    a4, a5, 1
core   0: 3 0x000000008000fe4e (0x00178713) x14 0x00000000800120db
core   0: 0x000000008000fe52 (0xfee43023) sd      a4, -32(s0)
core   0: 3 0x000000008000fe52 (0xfee43023) mem 0x0000000080031f50 0x00000000800120db
core   0: 0x000000008000fe56 (0xfc442703) lw      a4, -60(s0)
core   0: 3 0x000000008000fe56 (0xfc442703) x14 0x0000000000000000 mem 0x0000000080031f34
core   0: 0x000000008000fe5a (0x0ff77713) andi    a4, a4, 255
core   0: 3 0x000000008000fe5a (0x0ff77713) x14 0x0000000000000000
core   0: 0x000000008000fe5e (0x00e78023) sb      a4, 0(a5)
core   0: 3 0x000000008000fe5e (0x00e78023) mem 0x00000000800120da 0x00
core   0: 0x000000008000fe62 (0xfc843703) ld      a4, -56(s0)
core   0: 3 0x000000008000fe62 (0xfc843703) x14 0x0000000080012040 mem 0x0000000080031f38
core   0: 0x000000008000fe66 (0xfb843783) ld      a5, -72(s0)
core   0: 3 0x000000008000fe66 (0xfb843783) x15 0x000000000000009c mem 0x0000000080031f28
core   0: 0x000000008000fe6a (0x000097ba) c.add   a5, a4
core   0: 3 0x000000008000fe6a (0x97ba) x15 0x00000000800120dc
core   0: 0x000000008000fe6c (0xfe043703) ld      a4, -32(s0)
core   0: 3 0x000000008000fe6c (0xfe043703) x14 0x00000000800120db mem 0x0000000080031f50
core   0: 0x000000008000fe70 (0xfcf76de3) bltu    a4, a5, pc - 38
core   0: 3 0x000000008000fe70 (0xfcf76de3)
core   0: 0x000000008000fe4a (0xfe043783) ld      a5, -32(s0)
core   0: 3 0x000000008000fe4a (0xfe043783) x15 0x00000000800120db mem 0x0000000080031f50
core   0: 0x000000008000fe4e (0x00178713) addi    a4, a5, 1
core   0: 3 0x000000008000fe4e (0x00178713) x14 0x00000000800120dc
core   0: 0x000000008000fe52 (0xfee43023) sd      a4, -32(s0)
core   0: 3 0x000000008000fe52 (0xfee43023) mem 0x0000000080031f50 0x00000000800120dc
core   0: 0x000000008000fe56 (0xfc442703) lw      a4, -60(s0)
core   0: 3 0x000000008000fe56 (0xfc442703) x14 0x0000000000000000 mem 0x0000000080031f34
core   0: 0x000000008000fe5a (0x0ff77713) andi    a4, a4, 255
core   0: 3 0x000000008000fe5a (0x0ff77713) x14 0x0000000000000000
core   0: 0x000000008000fe5e (0x00e78023) sb      a4, 0(a5)
core   0: 3 0x000000008000fe5e (0x00e78023) mem 0x00000000800120db 0x00
core   0: 0x000000008000fe62 (0xfc843703) ld      a4, -56(s0)
core   0: 3 0x000000008000fe62 (0xfc843703) x14 0x0000000080012040 mem 0x0000000080031f38
core   0: 0x000000008000fe66 (0xfb843783) ld      a5, -72(s0)
core   0: 3 0x000000008000fe66 (0xfb843783) x15 0x000000000000009c mem 0x0000000080031f28
core   0: 0x000000008000fe6a (0x000097ba) c.add   a5, a4
core   0: 3 0x000000008000fe6a (0x97ba) x15 0x00000000800120dc
core   0: 0x000000008000fe6c (0xfe043703) ld      a4, -32(s0)
core   0: 3 0x000000008000fe6c (0xfe043703) x14 0x00000000800120dc mem 0x0000000080031f50
core   0: 0x000000008000fe70 (0xfcf76de3) bltu    a4, a5, pc - 38
core   0: 3 0x000000008000fe70 (0xfcf76de3)
core   0: 0x000000008000fe74 (0xfc843783) ld      a5, -56(s0)
core   0: 3 0x000000008000fe74 (0xfc843783) x15 0x0000000080012040 mem 0x0000000080031f38
core   0: 0x000000008000fe78 (0x0000853e) c.mv    a0, a5
core   0: 3 0x000000008000fe78 (0x853e) x10 0x0000000080012040
core   0: 0x000000008000fe7a (0x00006426) c.ldsp  s0, 72(sp)
core   0: 3 0x000000008000fe7a (0x6426) x8  0x0000000080031f90 mem 0x0000000080031f68
core   0: 0x000000008000fe7c (0x00006161) c.addi16sp sp, 80
core   0: 3 0x000000008000fe7c (0x6161) x2  0x0000000080031f70
core   0: 0x000000008000fe7e (0x00008082) ret
core   0: 3 0x000000008000fe7e (0x8082)
core   0: 0x000000008000f432 (0x00000001) c.nop
core   0: 3 0x000000008000f432 (0x0001)
core   0: 0x000000008000f434 (0x000060e2) c.ldsp  ra, 24(sp)
core   0: 3 0x000000008000f434 (0x60e2) x1  0x000000008000f472 mem 0x0000000080031f88
core   0: 0x000000008000f436 (0x00006442) c.ldsp  s0, 16(sp)
core   0: 3 0x000000008000f436 (0x6442) x8  0x0000000080032040 mem 0x0000000080031f80
core   0: 0x000000008000f438 (0x00006105) c.addi16sp sp, 32
core   0: 3 0x000000008000f438 (0x6105) x2  0x0000000080031f90
core   0: 0x000000008000f43a (0x00008082) ret
core   0: 3 0x000000008000f43a (0x8082)
core   0: 0x000000008000f472 (0xf5842703) lw      a4, -168(s0)
core   0: 3 0x000000008000f472 (0xf5842703) x14 0x0000000000000001 mem 0x0000000080031f98
core   0: 0x000000008000f476 (0xf5c42783) lw      a5, -164(s0)
core   0: 3 0x000000008000f476 (0xf5c42783) x15 0x0000000000000000 mem 0x0000000080031f9c
core   0: 0x000000008000f47a (0x000085ba) c.mv    a1, a4
core   0: 3 0x000000008000f47a (0x85ba) x11 0x0000000000000001
core   0: 0x000000008000f47c (0x0000853e) c.mv    a0, a5
core   0: 3 0x000000008000f47c (0x853e) x10 0x0000000000000000
core   0: 0x000000008000f47e (0xf03ff0ef) jal     pc - 0xfe
core   0: 3 0x000000008000f47e (0xf03ff0ef) x1  0x000000008000f482
core   0: >>>>  thread_entry
core   0: 0x000000008000f380 (0x00001101) c.addi  sp, -32
core   0: 3 0x000000008000f380 (0x1101) x2  0x0000000080031f70
core   0: 0x000000008000f382 (0x0000ec22) c.sdsp  s0, 24(sp)
core   0: 3 0x000000008000f382 (0xec22) mem 0x0000000080031f88 0x0000000080032040
core   0: 0x000000008000f384 (0x00001000) c.addi4spn s0, sp, 32
core   0: 3 0x000000008000f384 (0x1000) x8  0x0000000080031f90
core   0: 0x000000008000f386 (0x000087aa) c.mv    a5, a0
core   0: 3 0x000000008000f386 (0x87aa) x15 0x0000000000000000
core   0: 0x000000008000f388 (0x0000872e) c.mv    a4, a1
core   0: 3 0x000000008000f388 (0x872e) x14 0x0000000000000001
core   0: 0x000000008000f38a (0xfef42623) sw      a5, -20(s0)
core   0: 3 0x000000008000f38a (0xfef42623) mem 0x0000000080031f7c 0x00000000
core   0: 0x000000008000f38e (0x000087ba) c.mv    a5, a4
core   0: 3 0x000000008000f38e (0x87ba) x15 0x0000000000000001
core   0: 0x000000008000f390 (0xfef42423) sw      a5, -24(s0)
core   0: 3 0x000000008000f390 (0xfef42423) mem 0x0000000080031f78 0x00000001
core   0: 0x000000008000f394 (0x00000001) c.nop
core   0: 3 0x000000008000f394 (0x0001)
core   0: 0x000000008000f396 (0xfec42783) lw      a5, -20(s0)
core   0: 3 0x000000008000f396 (0xfec42783) x15 0x0000000000000000 mem 0x0000000080031f7c
core   0: 0x000000008000f39a (0x00002781) c.addiw a5, 0
core   0: 3 0x000000008000f39a (0x2781) x15 0x0000000000000000
core   0: 0x000000008000f39c (0x0000ffed) c.bnez  a5, pc - 6
core   0: 3 0x000000008000f39c (0xffed)
core   0: 0x000000008000f39e (0x00000001) c.nop
core   0: 3 0x000000008000f39e (0x0001)
core   0: 0x000000008000f3a0 (0x00000001) c.nop
core   0: 3 0x000000008000f3a0 (0x0001)
core   0: 0x000000008000f3a2 (0x00006462) c.ldsp  s0, 24(sp)
core   0: 3 0x000000008000f3a2 (0x6462) x8  0x0000000080032040 mem 0x0000000080031f88
core   0: 0x000000008000f3a4 (0x00006105) c.addi16sp sp, 32
core   0: 3 0x000000008000f3a4 (0x6105) x2  0x0000000080031f90
core   0: 0x000000008000f3a6 (0x00008082) ret
core   0: 3 0x000000008000f3a6 (0x8082)
core   0: 0x000000008000f482 (0x00004581) c.li    a1, 0
core   0: 3 0x000000008000f482 (0x4581) x11 0x0000000000000000
core   0: 0x000000008000f484 (0x00004501) c.li    a0, 0
core   0: 3 0x000000008000f484 (0x4501) x10 0x0000000000000000
core   0: 0x000000008000f486 (0xb7bf20ef) jal     pc - 0xd486
core   0: 3 0x000000008000f486 (0xb7bf20ef) x1  0x000000008000f48a
core   0: >>>>  main
core   0: 0x0000000080002000 (0x00000001) c.nop
core   0: 3 0x0000000080002000 (0x0001)
core   0: >>>>  trap_vec_init
core   0: 0x0000000080002002 (0x00002797) auipc   a5, 0x2
core   0: 3 0x0000000080002002 (0x00002797) x15 0x0000000080004002
core   0: 0x0000000080002006 (0xffe78793) addi    a5, a5, -2
core   0: 3 0x0000000080002006 (0xffe78793) x15 0x0000000080004000
core   0: 0x000000008000200a (0x30579073) csrrw   zero, mtvec, a5
core   0: 3 0x000000008000200a (0x30579073) c773_mtvec 0x0000000080004000
core   0: >>>>  pmp_setup
core   0: 0x000000008000200e (0x00002c17) auipc   s8, 0x2
core   0: 3 0x000000008000200e (0x00002c17) x24 0x000000008000400e
core   0: 0x0000000080002012 (0x022c0c13) addi    s8, s8, 34
core   0: 3 0x0000000080002012 (0x022c0c13) x24 0x0000000080004030
core   0: 0x0000000080002016 (0x00004781) c.li    a5, 0
core   0: 3 0x0000000080002016 (0x4781) x15 0x0000000000000000
core   0: 0x0000000080002018 (0x00009c3e) c.add   s8, a5
core   0: 3 0x0000000080002018 (0x9c3e) x24 0x0000000080004030
core   0: 0x000000008000201a (0x3b0c1073) csrrw   zero, pmpaddr0, s8
core   0: 3 0x000000008000201a (0x3b0c1073) c944_pmpaddr0 0x0000000080004030
core   0: 0x000000008000201e (0x00004c3d) c.li    s8, 15
core   0: 3 0x000000008000201e (0x4c3d) x24 0x000000000000000f
core   0: 0x0000000080002020 (0x3a0c1073) csrrw   zero, pmpcfg0, s8
core   0: 3 0x0000000080002020 (0x3a0c1073) c928_pmpcfg0 0x000000000000000f
core   0: 0x0000000080002024 (0x12000073) sfence.vma zero, zero
core   0: 3 0x0000000080002024 (0x12000073)
core   0: >>>>  mepc_setup
core   0: 0x0000000080002028 (0x00002797) auipc   a5, 0x2
core   0: 3 0x0000000080002028 (0x00002797) x15 0x0000000080004028
core   0: 0x000000008000202c (0x00878793) addi    a5, a5, 8
core   0: 3 0x000000008000202c (0x00878793) x15 0x0000000080004030
core   0: 0x0000000080002030 (0x34179073) csrrw   zero, mepc, a5
core   0: 3 0x0000000080002030 (0x34179073) c833_mepc 0x0000000080004030
core   0: >>>>  custom_csr_setup
core   0: 0x0000000080002034 (0x00100f9b) addiw   t6, zero, 1
core   0: 3 0x0000000080002034 (0x00100f9b) x31 0x0000000000000001
core   0: 0x0000000080002038 (0x00000ffe) c.slli  t6, 31
core   0: 3 0x0000000080002038 (0x0ffe) x31 0x0000000080000000
core   0: 0x000000008000203a (0x00000001) c.nop
core   0: 3 0x000000008000203a (0x0001)
core   0: >>>>  init_s_mode
core   0: 0x000000008000203c (0xfff0079b) addiw   a5, zero, -1
core   0: 3 0x000000008000203c (0xfff0079b) x15 0xffffffffffffffff
core   0: 0x0000000080002040 (0x000017fe) c.slli  a5, 63
core   0: 3 0x0000000080002040 (0x17fe) x15 0x8000000000000000
core   0: 0x0000000080002042 (0x18079073) csrrw   zero, satp, a5
core   0: 3 0x0000000080002042 (0x18079073) c384_satp 0x8000000000000000
core   0: 0x0000000080002046 (0x0000f797) auipc   a5, 0xf
core   0: 3 0x0000000080002046 (0x0000f797) x15 0x0000000080011046
core   0: 0x000000008000204a (0xfba78793) addi    a5, a5, -70
core   0: 3 0x000000008000204a (0xfba78793) x15 0x0000000080011000
core   0: 0x000000008000204e (0x000083b1) c.srli  a5, 12
core   0: 3 0x000000008000204e (0x83b1) x15 0x0000000000080011
core   0: 0x0000000080002050 (0x0010061b) addiw   a2, zero, 1
core   0: 3 0x0000000080002050 (0x0010061b) x12 0x0000000000000001
core   0: 0x0000000080002054 (0x00001632) c.slli  a2, 44
core   0: 3 0x0000000080002054 (0x1632) x12 0x0000100000000000
core   0: 0x0000000080002056 (0x0000167d) c.addi  a2, -1
core   0: 3 0x0000000080002056 (0x167d) x12 0x00000fffffffffff
core   0: 0x0000000080002058 (0x00008ff1) c.and   a5, a2
core   0: 3 0x0000000080002058 (0x8ff1) x15 0x0000000000080011
core   0: 0x000000008000205a (0x1807a073) csrrs   zero, satp, a5
core   0: 3 0x000000008000205a (0x1807a073) c384_satp 0x8000000000080011
core   0: 0x000000008000205e (0x00a005b7) lui     a1, 0xa00
core   0: 3 0x000000008000205e (0x00a005b7) x11 0x0000000000a00000
core   0: 0x0000000080002062 (0x10b5859b) addiw   a1, a1, 267
core   0: 3 0x0000000080002062 (0x10b5859b) x11 0x0000000000a0010b
core   0: 0x0000000080002066 (0x000005b2) c.slli  a1, 12
core   0: 3 0x0000000080002066 (0x05b2) x11 0x0000000a0010b000
core   0: 0x0000000080002068 (0xa0058593) addi    a1, a1, -1536
core   0: 3 0x0000000080002068 (0xa0058593) x11 0x0000000a0010aa00
core   0: 0x000000008000206c (0x30059073) csrrw   zero, mstatus, a1
core   0: 3 0x000000008000206c (0x30059073) c768_mstatus 0x0000000a00102800
core   0: 0x0000000080002070 (0x30459073) csrrw   zero, mie, a1
core   0: 3 0x0000000080002070 (0x30459073) c772_mie 0x0000000000000a00
core   0: 0x0000000080002074 (0x00a005b7) lui     a1, 0xa00
core   0: 3 0x0000000080002074 (0x00a005b7) x11 0x0000000000a00000
core   0: 0x0000000080002078 (0x10b5859b) addiw   a1, a1, 267
core   0: 3 0x0000000080002078 (0x10b5859b) x11 0x0000000000a0010b
core   0: 0x000000008000207c (0x000005b2) c.slli  a1, 12
core   0: 3 0x000000008000207c (0x05b2) x11 0x0000000a0010b000
core   0: 0x000000008000207e (0xa0058593) addi    a1, a1, -1536
core   0: 3 0x000000008000207e (0xa0058593) x11 0x0000000a0010aa00
core   0: 0x0000000080002082 (0x10059073) csrrw   zero, sstatus, a1
core   0: 3 0x0000000080002082 (0x10059073) c768_mstatus 0x0000000a00102800
core   0: 0x0000000080002086 (0x10459073) csrrw   zero, sie, a1
core   0: 3 0x0000000080002086 (0x10459073) c772_mie 0x0000000000000a00
core   0: 0x000000008000208a (0x30200073) mret
core   0: 3 0x000000008000208a (0x30200073) c768_mstatus 0x0000000a00102080
core   0: >>>>  main_g
core   0: 0x0000000080004030 (0xd02cfad3) fcvt.s.l fs5, s9
core   0: 1 0x0000000080004030 (0xd02cfad3) c768_mstatus 0x8000000a00106080 f21 0xffffffff00000000
core   0: 0x0000000080004034 (0x0202d733) divu    a4, t0, zero
core   0: 1 0x0000000080004034 (0x0202d733) x14 0xffffffffffffffff
core   0: 0x0000000080004038 (0x409204bb) subw    s1, tp, s1
core   0: 1 0x0000000080004038 (0x409204bb) x9  0xfffffffffffe0080
core   0: 0x000000008000403c (0x030c5c33) divu    s8, s8, a6
core   0: 1 0x000000008000403c (0x030c5c33) x24 0xffffffffffffffff
core   0: 0x0000000080004040 (0x01d608b3) add     a7, a2, t4
core   0: 1 0x0000000080004040 (0x01d608b3) x17 0x00000fffffffffff
core   0: 0x0000000080004044 (0xf1402a73) csrrs   s4, mhartid, zero
core   0: exception trap_illegal_instruction, epc 0x0000000080004044
core   0:           tval 0x00000000f1402a73
core   0: >>>>  $xrv64i2p1_m2p0_a2p1_f2p2_d2p2_zicsr2p0_zifencei2p0_zmmul1p0_zba1p0_zbb1p0_zbc1p0_zbs1p0
core   0: 0x0000000080004000 (0x0080006f) j       pc + 0x8
core   0: 3 0x0000000080004000 (0x0080006f)
core   0: >>>>  mmode_exception_handler
core   0: 0x0000000080004008 (0x00002c17) auipc   s8, 0x2
core   0: 3 0x0000000080004008 (0x00002c17) x24 0x0000000080006008
core   0: 0x000000008000400c (0x108c0c13) addi    s8, s8, 264
core   0: 3 0x000000008000400c (0x108c0c13) x24 0x0000000080006110
core   0: 0x0000000080004010 (0x000c00e7) jalr    s8
core   0: 3 0x0000000080004010 (0x000c00e7) x1  0x0000000080004014
core   0: >>>>  any_handler
core   0: 0x0000000080006110 (0x341027f3) csrrs   a5, mepc, zero
core   0: 3 0x0000000080006110 (0x341027f3) x15 0x0000000080004044
core   0: 0x0000000080006114 (0x34202773) csrrs   a4, mcause, zero
core   0: 3 0x0000000080006114 (0x34202773) x14 0x0000000000000002
core   0: 0x0000000080006118 (0x142026f3) csrrs   a3, scause, zero
core   0: 3 0x0000000080006118 (0x142026f3) x13 0x0000000000000000
core   0: 0x000000008000611c (0x30402673) csrrs   a2, mie, zero
core   0: 3 0x000000008000611c (0x30402673) x12 0x0000000000000a00
core   0: 0x0000000080006120 (0x344025f3) csrrs   a1, mip, zero
core   0: 3 0x0000000080006120 (0x344025f3) x11 0x0000000000000080
core   0: 0x0000000080006124 (0x343025f3) csrrs   a1, mtval, zero
core   0: 3 0x0000000080006124 (0x343025f3) x11 0x00000000f1402a73
core   0: 0x0000000080006128 (0x14302573) csrrs   a0, stval, zero
core   0: 3 0x0000000080006128 (0x14302573) x10 0x0000000000000000
core   0: 0x000000008000612c (0xb02024f3) csrrs   s1, minstret, zero
core   0: 3 0x000000008000612c (0xb02024f3) x9  0x00000000000007d0
core   0: 0x0000000080006130 (0x0000a811) c.j     pc + 20
core   0: 3 0x0000000080006130 (0xa811)
core   0: >>>>  mepc_4
core   0: 0x0000000080006144 (0x00000791) c.addi  a5, 4
core   0: 3 0x0000000080006144 (0x0791) x15 0x0000000080004048
core   0: 0x0000000080006146 (0x34179073) csrrw   zero, mepc, a5
core   0: 3 0x0000000080006146 (0x34179073) c833_mepc 0x0000000080004048
core   0: 0x000000008000614a (0x30200073) mret
core   0: 3 0x000000008000614a (0x30200073) c768_mstatus 0x8000000a00106080
core   0: 0x0000000080004048 (0x0badfd53) fsub.d  fs10, fs11, fs10
core   0: 1 0x0000000080004048 (0x0badfd53) f26 0x7ff8000000000000
core   0: 0x000000008000404c (0xd2090a53) fcvt.d.w fs4, s2
core   0: 1 0x000000008000404c (0xd2090a53) f20 0x0000000000000000
core   0: 0x0000000080004050 (0x2b8f15d3) fmax.d  fa1, ft10, fs8
core   0: 1 0x0000000080004050 (0x2b8f15d3) f11 0x7ff8000000000000
core   0: 0x0000000080004054 (0x3d564913) xori    s2, a2, 981
core   0: 1 0x0000000080004054 (0x3d564913) x18 0x00000000000009d5
core   0: 0x0000000080004058 (0x03977933) remu    s2, a4, s9
core   0: 1 0x0000000080004058 (0x03977933) x18 0x0000000000000002
core   0: 0x000000008000405c (0x00096613) ori     a2, s2, 0
core   0: 1 0x000000008000405c (0x00096613) x12 0x0000000000000002
core   0: 0x0000000080004060 (0x8a9e4093) xori    ra, t3, -1879
core   0: 1 0x0000000080004060 (0x8a9e4093) x1  0xfffffffffffff8a9
core   0: 0x0000000080004064 (0xd21d0853) fcvt.d.wu fa6, s10
core   0: 1 0x0000000080004064 (0xd21d0853) f16 0x0000000000000000
core   0: 0x0000000080004068 (0x01d78cbb) addw    s9, a5, t4
core   0: 1 0x0000000080004068 (0x01d78cbb) x25 0xffffffff80004048
core   0: 0x000000008000406c (0xc205f253) fcvt.w.d tp, fa1
core   0: 1 0x000000008000406c (0xc205f253) c1_fflags 0x0000000000000010 x4  0x000000007fffffff
core   0: 0x0000000080004070 (0x00102d73) csrrs   s10, fflags, zero
core   0: 1 0x0000000080004070 (0x00102d73) x26 0x0000000000000010
core   0: 0x0000000080004074 (0x5e270813) addi    a6, a4, 1506
core   0: 1 0x0000000080004074 (0x5e270813) x16 0x00000000000005e4
core   0: 0x0000000080004078 (0x00e94cb3) xor     s9, s2, a4
core   0: 1 0x0000000080004078 (0x00e94cb3) x25 0x0000000000000000
core   0: 0x000000008000407c (0x02f2c433) div     s0, t0, a5
core   0: 1 0x000000008000407c (0x02f2c433) x8  0x0000000000000000
core   0: 0x0000000080004080 (0xa7edc613) xori    a2, s11, -1410
core   0: 1 0x0000000080004080 (0xa7edc613) x12 0xfffffffffffffa7e
core   0: 0x0000000080004084 (0x03495833) divu    a6, s2, s4
core   0: 1 0x0000000080004084 (0x03495833) x16 0xffffffffffffffff
core   0: 0x0000000080004088 (0xf20a03d3) fmv.d.x ft7, s4
core   0: 1 0x0000000080004088 (0xf20a03d3) f7  0x0000000000000000
core   0: 0x000000008000408c (0x02807bd3) fadd.d  fs7, ft0, fs0
core   0: 1 0x000000008000408c (0x02807bd3) f23 0x7ff8000000000000
core   0: 0x0000000080004090 (0x039b07bb) mulw    a5, s6, s9
core   0: 1 0x0000000080004090 (0x039b07bb) x15 0x0000000000000000
core   0: 0x0000000080004094 (0xc03ff8d3) fcvt.lu.s a7, ft11
core   0: 1 0x0000000080004094 (0xc03ff8d3) x17 0x0000000000000000
core   0: 0x0000000080004098 (0x00933733) sltu    a4, t1, s1
core   0: 1 0x0000000080004098 (0x00933733) x14 0x0000000000000001
core   0: 0x000000008000409c (0x00719b3b) sllw    s6, gp, t2
core   0: 1 0x000000008000409c (0x00719b3b) x22 0xffffffff80012828
core   0: 0x00000000800040a0 (0x001b9bf3) csrrw   s7, fflags, s7
core   0: 1 0x00000000800040a0 (0x001b9bf3) x23 0x0000000000000010 c1_fflags 0x0000000000000000
core   0: 0x00000000800040a4 (0x037b5313) srli    t1, s6, 55
core   0: 1 0x00000000800040a4 (0x037b5313) x6  0x00000000000001ff
core   0: 0x00000000800040a8 (0x0147debb) srlw    t4, a5, s4
core   0: 1 0x00000000800040a8 (0x0147debb) x29 0x0000000000000000
core   0: 0x00000000800040ac (0x03f35713) srli    a4, t1, 63
core   0: 1 0x00000000800040ac (0x03f35713) x14 0x0000000000000000
core   0: 0x00000000800040b0 (0x42f7da13) srai    s4, a5, 47
core   0: 1 0x00000000800040b0 (0x42f7da13) x20 0x0000000000000000
core   0: 0x00000000800040b4 (0x0a72f853) fsub.d  fa6, ft5, ft7
core   0: 1 0x00000000800040b4 (0x0a72f853) f16 0x7ff8000000000000
core   0: 0x00000000800040b8 (0x41f6d91b) sraiw   s2, a3, 31
core   0: 1 0x00000000800040b8 (0x41f6d91b) x18 0x0000000000000000
core   0: 0x00000000800040bc (0x5a0f7f53) fsqrt.d ft10, ft10
core   0: 1 0x00000000800040bc (0x5a0f7f53) f30 0x7ff8000000000000
core   0: 0x00000000800040c0 (0xa3ea0553) fle.d   a0, fs4, ft10
core   0: 1 0x00000000800040c0 (0xa3ea0553) c1_fflags 0x0000000000000010 x10 0x0000000000000000
core   0: 0x00000000800040c4 (0x05d8dbb7) lui     s7, 0x5d8d
core   0: 1 0x00000000800040c4 (0x05d8dbb7) x23 0x0000000005d8d000
core   0: 0x00000000800040c8 (0x2d9b8b9b) addiw   s7, s7, 729
core   0: 1 0x00000000800040c8 (0x2d9b8b9b) x23 0x0000000005d8d2d9
core   0: 0x00000000800040cc (0x00000bb2) c.slli  s7, 12
core   0: 1 0x00000000800040cc (0x0bb2) x23 0x0000005d8d2d9000
core   0: 0x00000000800040ce (0x95bb8b93) addi    s7, s7, -1701
core   0: 1 0x00000000800040ce (0x95bb8b93) x23 0x0000005d8d2d895b
core   0: 0x00000000800040d2 (0xfbebffcb) fnmsub.d ft11, fs7, ft10, ft11
core   0: 1 0x00000000800040d2 (0xfbebffcb) f31 0x7ff8000000000000
core   0: 0x00000000800040d6 (0x4015f7d3) fcvt.s.d fa5, fa1
core   0: 1 0x00000000800040d6 (0x4015f7d3) f15 0xffffffff7fc00000
core   0: 0x00000000800040da (0x5a2df143) fmadd.d ft2, fs11, ft2, fa1
core   0: 1 0x00000000800040da (0x5a2df143) f2  0x7ff8000000000000
core   0: 0x00000000800040de (0x03d7deb3) divu    t4, a5, t4
core   0: 1 0x00000000800040de (0x03d7deb3) x29 0xffffffffffffffff
core   0: 0x00000000800040e2 (0x4273d313) srai    t1, t2, 39
core   0: 1 0x00000000800040e2 (0x4273d313) x6  0x0000000000000000
core   0: 0x00000000800040e6 (0x1ada7b53) fdiv.d  fs6, fs4, fa3
core   0: 1 0x00000000800040e6 (0x1ada7b53) f22 0x7ff8000000000000
core   0: 0x00000000800040ea (0x0201a833) mulhsu  a6, gp, zero
core   0: 1 0x00000000800040ea (0x0201a833) x16 0x0000000000000000
core   0: 0x00000000800040ee (0xa77e7d93) andi    s11, t3, -1417
core   0: 1 0x00000000800040ee (0xa77e7d93) x27 0x0000000000000000
core   0: 0x00000000800040f2 (0xc2317553) fcvt.lu.d a0, ft2
core   0: 1 0x00000000800040f2 (0xc2317553) c1_fflags 0x0000000000000010 x10 0xffffffffffffffff
core   0: 0x00000000800040f6 (0x2a590953) fmin.d  fs2, fs2, ft5
core   0: 1 0x00000000800040f6 (0x2a590953) f18 0x7ff8000000000000
core   0: 0x00000000800040fa (0x000adb13) srli    s6, s5, 0
core   0: 1 0x00000000800040fa (0x000adb13) x22 0x0000000000000000
core   0: 0x00000000800040fe (0xc01a39f3) csrrc   s3, time, s4
core   0: exception trap_illegal_instruction, epc 0x00000000800040fe
core   0:           tval 0x00000000c01a39f3
core   0: >>>>  $xrv64i2p1_m2p0_a2p1_f2p2_d2p2_zicsr2p0_zifencei2p0_zmmul1p0_zba1p0_zbb1p0_zbc1p0_zbs1p0
core   0: 0x0000000080004000 (0x0080006f) j       pc + 0x8
core   0: 3 0x0000000080004000 (0x0080006f)
core   0: >>>>  mmode_exception_handler
core   0: 0x0000000080004008 (0x00002c17) auipc   s8, 0x2
core   0: 3 0x0000000080004008 (0x00002c17) x24 0x0000000080006008
core   0: 0x000000008000400c (0x108c0c13) addi    s8, s8, 264
core   0: 3 0x000000008000400c (0x108c0c13) x24 0x0000000080006110
core   0: 0x0000000080004010 (0x000c00e7) jalr    s8
core   0: 3 0x0000000080004010 (0x000c00e7) x1  0x0000000080004014
core   0: >>>>  any_handler
core   0: 0x0000000080006110 (0x341027f3) csrrs   a5, mepc, zero
core   0: 3 0x0000000080006110 (0x341027f3) x15 0x00000000800040fe
core   0: 0x0000000080006114 (0x34202773) csrrs   a4, mcause, zero
core   0: 3 0x0000000080006114 (0x34202773) x14 0x0000000000000002
core   0: 0x0000000080006118 (0x142026f3) csrrs   a3, scause, zero
core   0: 3 0x0000000080006118 (0x142026f3) x13 0x0000000000000000
core   0: 0x000000008000611c (0x30402673) csrrs   a2, mie, zero
core   0: 3 0x000000008000611c (0x30402673) x12 0x0000000000000a00
core   0: 0x0000000080006120 (0x344025f3) csrrs   a1, mip, zero
core   0: 3 0x0000000080006120 (0x344025f3) x11 0x0000000000000080
core   0: 0x0000000080006124 (0x343025f3) csrrs   a1, mtval, zero
core   0: 3 0x0000000080006124 (0x343025f3) x11 0x00000000c01a39f3
core   0: 0x0000000080006128 (0x14302573) csrrs   a0, stval, zero
core   0: 3 0x0000000080006128 (0x14302573) x10 0x0000000000000000
core   0: 0x000000008000612c (0xb02024f3) csrrs   s1, minstret, zero
core   0: 3 0x000000008000612c (0xb02024f3) x9  0x000000000000080e
core   0: 0x0000000080006130 (0x0000a811) c.j     pc + 20
core   0: 3 0x0000000080006130 (0xa811)
core   0: >>>>  mepc_4
core   0: 0x0000000080006144 (0x00000791) c.addi  a5, 4
core   0: 3 0x0000000080006144 (0x0791) x15 0x0000000080004102
core   0: 0x0000000080006146 (0x34179073) csrrw   zero, mepc, a5
core   0: 3 0x0000000080006146 (0x34179073) c833_mepc 0x0000000080004102
core   0: 0x000000008000614a (0x30200073) mret
core   0: 3 0x000000008000614a (0x30200073) c768_mstatus 0x8000000a00106080
core   0: 0x0000000080004102 (0x22d42653) fsgnjx.d fa2, fs0, fa3
core   0: 1 0x0000000080004102 (0x22d42653) f12 0x7fffffff00000000
core   0: 0x0000000080004106 (0x237ef4cf) fnmadd.d fs1, ft9, fs7, ft4
core   0: 1 0x0000000080004106 (0x237ef4cf) f9  0x7ff8000000000000
core   0: 0x000000008000410a (0x00202c73) csrrs   s8, frm, zero
core   0: 1 0x000000008000410a (0x00202c73) x24 0x0000000000000000
core   0: 0x000000008000410e (0x203c039b) addiw   t2, s8, 515
core   0: 1 0x000000008000410e (0x203c039b) x7  0x0000000000000203
core   0: 0x0000000080004112 (0x006e82bb) addw    t0, t4, t1
core   0: 1 0x0000000080004112 (0x006e82bb) x5  0xffffffffffffffff
core   0: 0x0000000080004116 (0xd21703d3) fcvt.d.wu ft7, a4
core   0: 1 0x0000000080004116 (0xd21703d3) f7  0x4000000000000000
core   0: 0x000000008000411a (0x0014541b) srliw   s0, s0, 1
core   0: 1 0x000000008000411a (0x0014541b) x8  0x0000000000000000
core   0: 0x000000008000411e (0xfa5d5917) auipc   s2, 0xfa5d5
core   0: 1 0x000000008000411e (0xfa5d5917) x18 0x000000007a5d911e
core   0: 0x0000000080004122 (0x00009a8e) c.add   s5, gp
core   0: 1 0x0000000080004122 (0x9a8e) x21 0x0000000080012828
core   0: 0x0000000080004124 (0x00000001) c.nop
core   0: 1 0x0000000080004124 (0x0001)
core   0: 0x0000000080004126 (0x02d4e6bb) remw    a3, s1, a3
core   0: 1 0x0000000080004126 (0x02d4e6bb) x13 0x000000000000080e
core   0: 0x000000008000412a (0x001d0b1b) addiw   s6, s10, 1
core   0: 1 0x000000008000412a (0x001d0b1b) x22 0x0000000000000011
core   0: 0x000000008000412e (0x40008033) sub     zero, ra, zero
core   0: 1 0x000000008000412e (0x40008033)
core   0: 0x0000000080004132 (0x0007569b) srliw   a3, a4, 0
core   0: 1 0x0000000080004132 (0x0007569b) x13 0x0000000000000002
core   0: 0x0000000080004136 (0x0306e2bb) remw    t0, a3, a6
core   0: 1 0x0000000080004136 (0x0306e2bb) x5  0x0000000000000002
core   0: 0x000000008000413a (0x00009d09) c.subw  a0, a0
core   0: 1 0x000000008000413a (0x9d09) x10 0x0000000000000000
core   0: 0x000000008000413c (0x143ee2f3) csrrsi  t0, stval, 29
core   0: 1 0x000000008000413c (0x143ee2f3) x5  0x0000000000000000 c323_stval 0x000000000000001d
core   0: 0x0000000080004140 (0xf2090a53) fmv.d.x fs4, s2
core   0: 1 0x0000000080004140 (0xf2090a53) f20 0x000000007a5d911e
core   0: 0x0000000080004144 (0x41f1d01b) sraiw   zero, gp, 31
core   0: 1 0x0000000080004144 (0x41f1d01b)
core   0: 0x0000000080004148 (0xd227f6d3) fcvt.d.l fa3, a5
core   0: 1 0x0000000080004148 (0xd227f6d3) f13 0x41e0000820400000
core   0: 0x000000008000414c (0x4001511b) sraiw   sp, sp, 0
core   0: 1 0x000000008000414c (0x4001511b) x2  0xffffffff80031f90
core   0: 0x0000000080004150 (0x0139fdb3) and     s11, s3, s3
core   0: 1 0x0000000080004150 (0x0139fdb3) x27 0x0000000000000000
core   0: 0x0000000080004154 (0x5dc93797) auipc   a5, 0x5dc93
core   0: 1 0x0000000080004154 (0x5dc93797) x15 0x00000000ddc97154
core   0: 0x0000000080004158 (0xc21e7c53) fcvt.wu.d s8, ft8
core   0: 1 0x0000000080004158 (0xc21e7c53) c1_fflags 0x0000000000000010 x24 0xffffffffffffffff
core   0: 0x000000008000415c (0xd2088e53) fcvt.d.w ft8, a7
core   0: 1 0x000000008000415c (0xd2088e53) f28 0x0000000000000000
core   0: 0x0000000080004160 (0x40fc0a33) sub     s4, s8, a5
core   0: 1 0x0000000080004160 (0x40fc0a33) x20 0xffffffff22368eab
core   0: 0x0000000080004164 (0x143ff6f3) csrrci  a3, stval, 31
core   0: 1 0x0000000080004164 (0x143ff6f3) x13 0x000000000000001d c323_stval 0x0000000000000000
core   0: 0x0000000080004168 (0x23359ed3) fsgnjn.d ft9, fa1, fs3
core   0: 1 0x0000000080004168 (0x23359ed3) f29 0x7ff8000000000000
core   0: 0x000000008000416c (0xa2f58553) fle.d   a0, fa1, fa5
core   0: 1 0x000000008000416c (0xa2f58553) c1_fflags 0x0000000000000010 x10 0x0000000000000000
core   0: 0x0000000080004170 (0x02f4c033) div     zero, s1, a5
core   0: 1 0x0000000080004170 (0x02f4c033)
core   0: 0x0000000080004174 (0x00039e13) slli    t3, t2, 0
core   0: 1 0x0000000080004174 (0x00039e13) x28 0x0000000000000203
core   0: 0x0000000080004178 (0x0ff0000f) fence   iorw,iorw
core   0: 1 0x0000000080004178 (0x0ff0000f)
core   0: 0x000000008000417c (0x02075cb3) divu    s9, a4, zero
core   0: 1 0x000000008000417c (0x02075cb3) x25 0xffffffffffffffff
core   0: 0x0000000080004180 (0x0ff0000f) fence   iorw,iorw
core   0: 1 0x0000000080004180 (0x0ff0000f)
core   0: 0x0000000080004184 (0x0165101b) slliw   zero, a0, 22
core   0: 1 0x0000000080004184 (0x0165101b)
core   0: 0x0000000080004188 (0x00425e1b) srliw   t3, tp, 4
core   0: 1 0x0000000080004188 (0x00425e1b) x28 0x0000000007ffffff
core   0: 0x000000008000418c (0x02336133) rem     sp, t1, gp
core   0: 1 0x000000008000418c (0x02336133) x2  0x0000000000000000
core   0: 0x0000000080004190 (0x03294c3b) divw    s8, s2, s2
core   0: 1 0x0000000080004190 (0x03294c3b) x24 0x0000000000000001
core   0: 0x0000000080004194 (0x00102073) csrrs   zero, fflags, zero
core   0: 1 0x0000000080004194 (0x00102073)
core   0: 0x0000000080004198 (0xd22ef6d3) fcvt.d.l fa3, t4
core   0: 1 0x0000000080004198 (0xd22ef6d3) f13 0xbff0000000000000
core   0: 0x000000008000419c (0x249efa93) andi    s5, t4, 585
core   0: 1 0x000000008000419c (0x249efa93) x21 0x0000000000000249
core   0: 0x00000000800041a0 (0x1043f013) andi    zero, t2, 260
core   0: 1 0x00000000800041a0 (0x1043f013)
core   0: 0x00000000800041a4 (0x400ad7b3) sra     a5, s5, zero
core   0: 1 0x00000000800041a4 (0x400ad7b3) x15 0x0000000000000249
core   0: 0x00000000800041a8 (0x000e519b) srliw   gp, t3, 0
core   0: 1 0x00000000800041a8 (0x000e519b) x3  0x0000000007ffffff
core   0: 0x00000000800041ac (0x40165593) srai    a1, a2, 1
core   0: 1 0x00000000800041ac (0x40165593) x11 0x0000000000000500
core   0: 0x00000000800041b0 (0x01e5951b) slliw   a0, a1, 30
core   0: 1 0x00000000800041b0 (0x01e5951b) x10 0x0000000000000000
core   0: 0x00000000800041b4 (0x13d6fbd3) fmul.d  fs7, fa3, ft9
core   0: 1 0x00000000800041b4 (0x13d6fbd3) f23 0x7ff8000000000000
core   0: 0x00000000800041b8 (0x03bdf153) fadd.d  ft2, fs11, fs11
core   0: 1 0x00000000800041b8 (0x03bdf153) f2  0x7ff8000000000000
core   0: 0x00000000800041bc (0x01651813) slli    a6, a0, 22
core   0: 1 0x00000000800041bc (0x01651813) x16 0x0000000000000000
core   0: 0x00000000800041c0 (0xd2357dd3) fcvt.d.lu fs11, a0
core   0: 1 0x00000000800041c0 (0xd2357dd3) f27 0x0000000000000000
core   0: 0x00000000800041c4 (0xd231f753) fcvt.d.lu fa4, gp
core   0: 1 0x00000000800041c4 (0xd231f753) f14 0x419ffffffc000000
core   0: 0x00000000800041c8 (0x01685a1b) srliw   s4, a6, 22
core   0: 1 0x00000000800041c8 (0x01685a1b) x20 0x0000000000000000
core   0: 0x00000000800041cc (0x00000001) c.nop
core   0: 1 0x00000000800041cc (0x0001)
core   0: 0x00000000800041ce (0x0294a133) mulhsu  sp, s1, s1
core   0: 1 0x00000000800041ce (0x0294a133) x2  0x0000000000000000
core   0: 0x00000000800041d2 (0xf13a1bf3) csrrw   s7, mimpid, s4
core   0: exception trap_illegal_instruction, epc 0x00000000800041d2
core   0:           tval 0x00000000f13a1bf3
core   0: >>>>  $xrv64i2p1_m2p0_a2p1_f2p2_d2p2_zicsr2p0_zifencei2p0_zmmul1p0_zba1p0_zbb1p0_zbc1p0_zbs1p0
core   0: 0x0000000080004000 (0x0080006f) j       pc + 0x8
core   0: 3 0x0000000080004000 (0x0080006f)
core   0: >>>>  mmode_exception_handler
core   0: 0x0000000080004008 (0x00002c17) auipc   s8, 0x2
core   0: 3 0x0000000080004008 (0x00002c17) x24 0x0000000080006008
core   0: 0x000000008000400c (0x108c0c13) addi    s8, s8, 264
core   0: 3 0x000000008000400c (0x108c0c13) x24 0x0000000080006110
core   0: 0x0000000080004010 (0x000c00e7) jalr    s8
core   0: 3 0x0000000080004010 (0x000c00e7) x1  0x0000000080004014
core   0: >>>>  any_handler
core   0: 0x0000000080006110 (0x341027f3) csrrs   a5, mepc, zero
core   0: 3 0x0000000080006110 (0x341027f3) x15 0x00000000800041d2
core   0: 0x0000000080006114 (0x34202773) csrrs   a4, mcause, zero
core   0: 3 0x0000000080006114 (0x34202773) x14 0x0000000000000002
core   0: 0x0000000080006118 (0x142026f3) csrrs   a3, scause, zero
core   0: 3 0x0000000080006118 (0x142026f3) x13 0x0000000000000000
core   0: 0x000000008000611c (0x30402673) csrrs   a2, mie, zero
core   0: 3 0x000000008000611c (0x30402673) x12 0x0000000000000a00
core   0: 0x0000000080006120 (0x344025f3) csrrs   a1, mip, zero
core   0: 3 0x0000000080006120 (0x344025f3) x11 0x0000000000000080
core   0: 0x0000000080006124 (0x343025f3) csrrs   a1, mtval, zero
core   0: 3 0x0000000080006124 (0x343025f3) x11 0x00000000f13a1bf3
core   0: 0x0000000080006128 (0x14302573) csrrs   a0, stval, zero
core   0: 3 0x0000000080006128 (0x14302573) x10 0x0000000000000000
core   0: 0x000000008000612c (0xb02024f3) csrrs   s1, minstret, zero
core   0: 3 0x000000008000612c (0xb02024f3) x9  0x0000000000000854
core   0: 0x0000000080006130 (0x0000a811) c.j     pc + 20
core   0: 3 0x0000000080006130 (0xa811)
core   0: >>>>  mepc_4
core   0: 0x0000000080006144 (0x00000791) c.addi  a5, 4
core   0: 3 0x0000000080006144 (0x0791) x15 0x00000000800041d6
core   0: 0x0000000080006146 (0x34179073) csrrw   zero, mepc, a5
core   0: 3 0x0000000080006146 (0x34179073) c833_mepc 0x00000000800041d6
core   0: 0x000000008000614a (0x30200073) mret
core   0: 3 0x000000008000614a (0x30200073) c768_mstatus 0x8000000a00106080
core   0: 0x00000000800041d6 (0x0329f0d3) fadd.d  ft1, fs3, fs2
core   0: 1 0x00000000800041d6 (0x0329f0d3) f1  0x7ff8000000000000
core   0: 0x00000000800041da (0x0128e333) or      t1, a7, s2
core   0: 1 0x00000000800041da (0x0128e333) x6  0x000000007a5d911e
core   0: 0x00000000800041de (0x02a8da13) srli    s4, a7, 42
core   0: 1 0x00000000800041de (0x02a8da13) x20 0x0000000000000000
core   0: 0x00000000800041e2 (0x0377c7b3) div     a5, a5, s7
core   0: 1 0x00000000800041e2 (0x0377c7b3) x15 0x0000000000000000
core   0: 0x00000000800041e6 (0x0ff0000f) fence   iorw,iorw
core   0: 1 0x00000000800041e6 (0x0ff0000f)
core   0: 0x00000000800041ea (0x22bd8653) fsgnj.d fa2, fs11, fa1
core   0: 1 0x00000000800041ea (0x22bd8653) f12 0x0000000000000000
core   0: 0x00000000800041ee (0x0372abb3) mulhsu  s7, t0, s7
core   0: 1 0x00000000800041ee (0x0372abb3) x23 0x0000000000000000
core   0: 0x00000000800041f2 (0x0012f013) andi    zero, t0, 1
core   0: 1 0x00000000800041f2 (0x0012f013)
core   0: 0x00000000800041f6 (0x01dad41b) srliw   s0, s5, 29
core   0: 1 0x00000000800041f6 (0x01dad41b) x8  0x0000000000000000
core   0: 0x00000000800041fa (0x00441a33) sll     s4, s0, tp
core   0: 1 0x00000000800041fa (0x00441a33) x20 0x0000000000000000
core   0: 0x00000000800041fe (0x038a4c33) div     s8, s4, s8
core   0: 1 0x00000000800041fe (0x038a4c33) x24 0x0000000000000000
core   0: 0x0000000080004202 (0x2b069553) fmax.d  fa0, fa3, fa6
core   0: 1 0x0000000080004202 (0x2b069553) f10 0xbff0000000000000
core   0: 0x0000000080004206 (0xd21400d3) fcvt.d.wu ft1, s0
core   0: 1 0x0000000080004206 (0xd21400d3) f1  0x0000000000000000
core   0: 0x000000008000420a (0xd0347a53) fcvt.s.lu fs4, s0
core   0: 1 0x000000008000420a (0xd0347a53) f20 0xffffffff00000000
core   0: 0x000000008000420e (0x00000001) c.nop
core   0: 1 0x000000008000420e (0x0001)
core   0: 0x0000000080004210 (0x62696337) lui     t1, 0x62696
core   0: 1 0x0000000080004210 (0x62696337) x6  0x0000000062696000
core   0: 0x0000000080004214 (0x00e58e3b) addw    t3, a1, a4
core   0: 1 0x0000000080004214 (0x00e58e3b) x28 0xfffffffff13a1bf5
core   0: 0x0000000080004218 (0xfff94393) not     t2, s2
core   0: 1 0x0000000080004218 (0xfff94393) x7  0xffffffff85a26ee1
core   0: 0x000000008000421c (0x0121573b) srlw    a4, sp, s2
core   0: 1 0x000000008000421c (0x0121573b) x14 0x0000000000000000
core   0: 0x0000000080004220 (0x012ad513) srli    a0, s5, 18
core   0: 1 0x0000000080004220 (0x012ad513) x10 0x0000000000000000
core   0: 0x0000000080004224 (0xc220f5d3) fcvt.l.d a1, ft1
core   0: 1 0x0000000080004224 (0xc220f5d3) x11 0x0000000000000000
core   0: 0x0000000080004228 (0x225e16d3) fsgnjn.d fa3, ft8, ft5
core   0: 1 0x0000000080004228 (0x225e16d3) f13 0x0000000000000000
core   0: 0x000000008000422c (0x401270d3) fcvt.s.d ft1, ft4
core   0: 1 0x000000008000422c (0x401270d3) f1  0xffffffff7fc00000
core   0: 0x0000000080004230 (0x0055ba33) sltu    s4, a1, t0
core   0: 1 0x0000000080004230 (0x0055ba33) x20 0x0000000000000000
core   0: 0x0000000080004234 (0x417306b3) sub     a3, t1, s7
core   0: 1 0x0000000080004234 (0x417306b3) x13 0x0000000062696000
core   0: 0x0000000080004238 (0xd2150e53) fcvt.d.wu ft8, a0
core   0: 1 0x0000000080004238 (0xd2150e53) f28 0x0000000000000000
core   0: 0x000000008000423c (0x019a7ab3) and     s5, s4, s9
core   0: 1 0x000000008000423c (0x019a7ab3) x21 0x0000000000000000
core   0: 0x0000000080004240 (0x00ddfcb3) and     s9, s11, a3
core   0: 1 0x0000000080004240 (0x00ddfcb3) x25 0x0000000000000000
core   0: 0x0000000080004244 (0x230e86d3) fsgnj.d fa3, ft9, fa6
core   0: 1 0x0000000080004244 (0x230e86d3) f13 0x7ff8000000000000
core   0: 0x0000000080004248 (0xd03d7053) fcvt.s.lu ft0, s10
core   0: 1 0x0000000080004248 (0xd03d7053) f0  0xffffffff41800000
core   0: 0x000000008000424c (0xc226f953) fcvt.l.d s2, fa3
core   0: 1 0x000000008000424c (0xc226f953) c1_fflags 0x0000000000000010 x18 0x7fffffffffffffff
core   0: 0x0000000080004250 (0x0320f0bb) remuw   ra, ra, s2
core   0: 1 0x0000000080004250 (0x0320f0bb) x1  0xffffffff80004014
core   0: 0x0000000080004254 (0x419101b3) sub     gp, sp, s9
core   0: 1 0x0000000080004254 (0x419101b3) x3  0x0000000000000000
core   0: 0x0000000080004258 (0xc0277353) fcvt.l.s t1, fa4
core   0: 1 0x0000000080004258 (0xc0277353) c1_fflags 0x0000000000000010 x6  0x7fffffffffffffff
core   0: 0x000000008000425c (0x02d1d893) srli    a7, gp, 45
core   0: 1 0x000000008000425c (0x02d1d893) x17 0x0000000000000000
core   0: 0x0000000080004260 (0x2b8801d3) fmin.d  ft3, fa6, fs8
core   0: 1 0x0000000080004260 (0x2b8801d3) f3  0x7ff8000000000000
core   0: 0x0000000080004264 (0x1423de73) csrrwi  t3, scause, 7
core   0: 1 0x0000000080004264 (0x1423de73) x28 0x0000000000000000 c322_scause 0x0000000000000007
core   0: 0x0000000080004268 (0x01a2d213) srli    tp, t0, 26
core   0: 1 0x0000000080004268 (0x01a2d213) x4  0x0000000000000000
core   0: 0x000000008000426c (0x01a543b3) xor     t2, a0, s10
core   0: 1 0x000000008000426c (0x01a543b3) x7  0x0000000000000010
core   0: 0x0000000080004270 (0xc02af353) fcvt.l.s t1, fs5
core   0: 1 0x0000000080004270 (0xc02af353) x6  0x0000000000000000
core   0: 0x0000000080004274 (0x5a0c7ed3) fsqrt.d ft9, fs8
core   0: 1 0x0000000080004274 (0x5a0c7ed3) f29 0x7ff8000000000000
core   0: 0x0000000080004278 (0x013686bb) addw    a3, a3, s3
core   0: 1 0x0000000080004278 (0x013686bb) x13 0x0000000062696000
core   0: 0x000000008000427c (0x41da5a1b) sraiw   s4, s4, 29
core   0: 1 0x000000008000427c (0x41da5a1b) x20 0x0000000000000000
core   0: 0x0000000080004280 (0xc217fdd3) fcvt.wu.d s11, fa5
core   0: 1 0x0000000080004280 (0xc217fdd3) c1_fflags 0x0000000000000010 x27 0xffffffffffffffff
core   0: 0x0000000080004284 (0xc392f2c3) fmadd.d ft5, ft5, fs9, fs8
core   0: 1 0x0000000080004284 (0xc392f2c3) f5  0x7ff8000000000000
core   0: 0x0000000080004288 (0x017c9cbb) sllw    s9, s9, s7
core   0: 1 0x0000000080004288 (0x017c9cbb) x25 0x0000000000000000
core   0: 0x000000008000428c (0x5a02f6d3) fsqrt.d fa3, ft5
core   0: 1 0x000000008000428c (0x5a02f6d3) f13 0x7ff8000000000000
core   0: 0x0000000080004290 (0x34035173) csrrwi  sp, mscratch, 6
core   0: exception trap_illegal_instruction, epc 0x0000000080004290
core   0:           tval 0x0000000034035173
core   0: >>>>  $xrv64i2p1_m2p0_a2p1_f2p2_d2p2_zicsr2p0_zifencei2p0_zmmul1p0_zba1p0_zbb1p0_zbc1p0_zbs1p0
core   0: 0x0000000080004000 (0x0080006f) j       pc + 0x8
core   0: 3 0x0000000080004000 (0x0080006f)
core   0: >>>>  mmode_exception_handler
core   0: 0x0000000080004008 (0x00002c17) auipc   s8, 0x2
core   0: 3 0x0000000080004008 (0x00002c17) x24 0x0000000080006008
core   0: 0x000000008000400c (0x108c0c13) addi    s8, s8, 264
core   0: 3 0x000000008000400c (0x108c0c13) x24 0x0000000080006110
core   0: 0x0000000080004010 (0x000c00e7) jalr    s8
core   0: 3 0x0000000080004010 (0x000c00e7) x1  0x0000000080004014
core   0: >>>>  any_handler
core   0: 0x0000000080006110 (0x341027f3) csrrs   a5, mepc, zero
core   0: 3 0x0000000080006110 (0x341027f3) x15 0x0000000080004290
core   0: 0x0000000080006114 (0x34202773) csrrs   a4, mcause, zero
core   0: 3 0x0000000080006114 (0x34202773) x14 0x0000000000000002
core   0: 0x0000000080006118 (0x142026f3) csrrs   a3, scause, zero
core   0: 3 0x0000000080006118 (0x142026f3) x13 0x0000000000000007
core   0: 0x000000008000611c (0x30402673) csrrs   a2, mie, zero
core   0: 3 0x000000008000611c (0x30402673) x12 0x0000000000000a00
core   0: 0x0000000080006120 (0x344025f3) csrrs   a1, mip, zero
core   0: 3 0x0000000080006120 (0x344025f3) x11 0x0000000000000080
core   0: 0x0000000080006124 (0x343025f3) csrrs   a1, mtval, zero
core   0: 3 0x0000000080006124 (0x343025f3) x11 0x0000000034035173
core   0: 0x0000000080006128 (0x14302573) csrrs   a0, stval, zero
core   0: 3 0x0000000080006128 (0x14302573) x10 0x0000000000000000
core   0: 0x000000008000612c (0xb02024f3) csrrs   s1, minstret, zero
core   0: 3 0x000000008000612c (0xb02024f3) x9  0x0000000000000893
core   0: 0x0000000080006130 (0x0000a811) c.j     pc + 20
core   0: 3 0x0000000080006130 (0xa811)
core   0: >>>>  mepc_4
core   0: 0x0000000080006144 (0x00000791) c.addi  a5, 4
core   0: 3 0x0000000080006144 (0x0791) x15 0x0000000080004294
core   0: 0x0000000080006146 (0x34179073) csrrw   zero, mepc, a5
core   0: 3 0x0000000080006146 (0x34179073) c833_mepc 0x0000000080004294
core   0: 0x000000008000614a (0x30200073) mret
core   0: 3 0x000000008000614a (0x30200073) c768_mstatus 0x8000000a00106080
core   0: 0x0000000080004294 (0x03616133) rem     sp, sp, s6
core   0: 1 0x0000000080004294 (0x03616133) x2  0x0000000000000000
core   0: 0x0000000080004298 (0x13077753) fmul.d  fa4, fa4, fa6
core   0: 1 0x0000000080004298 (0x13077753) f14 0x7ff8000000000000
core   0: 0x000000008000429c (0x0035f533) and     a0, a1, gp
core   0: 1 0x000000008000429c (0x0035f533) x10 0x0000000000000000
core   0: 0x00000000800042a0 (0xd20106d3) fcvt.d.w fa3, sp
core   0: 1 0x00000000800042a0 (0xd20106d3) f13 0x0000000000000000
core   0: 0x00000000800042a4 (0x00076713) ori     a4, a4, 0
core   0: 1 0x00000000800042a4 (0x00076713) x14 0x0000000000000002
core   0: 0x00000000800042a8 (0xa38a0453) fle.d   s0, fs4, fs8
core   0: 1 0x00000000800042a8 (0xa38a0453) c1_fflags 0x0000000000000010 x8  0x0000000000000000
core   0: 0x00000000800042ac (0x5a0cfe53) fsqrt.d ft8, fs9
core   0: 1 0x00000000800042ac (0x5a0cfe53) f28 0x7ff8000000000000
core   0: 0x00000000800042b0 (0x03ad2d33) mulhsu  s10, s10, s10
core   0: 1 0x00000000800042b0 (0x03ad2d33) x26 0x0000000000000000
core   0: 0x00000000800042b4 (0x344fe573) csrrsi  a0, mip, 31
core   0: exception trap_illegal_instruction, epc 0x00000000800042b4
core   0:           tval 0x00000000344fe573
core   0: >>>>  $xrv64i2p1_m2p0_a2p1_f2p2_d2p2_zicsr2p0_zifencei2p0_zmmul1p0_zba1p0_zbb1p0_zbc1p0_zbs1p0
core   0: 0x0000000080004000 (0x0080006f) j       pc + 0x8
core   0: 3 0x0000000080004000 (0x0080006f)
core   0: >>>>  mmode_exception_handler
core   0: 0x0000000080004008 (0x00002c17) auipc   s8, 0x2
core   0: 3 0x0000000080004008 (0x00002c17) x24 0x0000000080006008
core   0: 0x000000008000400c (0x108c0c13) addi    s8, s8, 264
core   0: 3 0x000000008000400c (0x108c0c13) x24 0x0000000080006110
core   0: 0x0000000080004010 (0x000c00e7) jalr    s8
core   0: 3 0x0000000080004010 (0x000c00e7) x1  0x0000000080004014
core   0: >>>>  any_handler
core   0: 0x0000000080006110 (0x341027f3) csrrs   a5, mepc, zero
core   0: 3 0x0000000080006110 (0x341027f3) x15 0x00000000800042b4
core   0: 0x0000000080006114 (0x34202773) csrrs   a4, mcause, zero
core   0: 3 0x0000000080006114 (0x34202773) x14 0x0000000000000002
core   0: 0x0000000080006118 (0x142026f3) csrrs   a3, scause, zero
core   0: 3 0x0000000080006118 (0x142026f3) x13 0x0000000000000007
core   0: 0x000000008000611c (0x30402673) csrrs   a2, mie, zero
core   0: 3 0x000000008000611c (0x30402673) x12 0x0000000000000a00
core   0: 0x0000000080006120 (0x344025f3) csrrs   a1, mip, zero
core   0: 3 0x0000000080006120 (0x344025f3) x11 0x0000000000000080
core   0: 0x0000000080006124 (0x343025f3) csrrs   a1, mtval, zero
core   0: 3 0x0000000080006124 (0x343025f3) x11 0x00000000344fe573
core   0: 0x0000000080006128 (0x14302573) csrrs   a0, stval, zero
core   0: 3 0x0000000080006128 (0x14302573) x10 0x0000000000000000
core   0: 0x000000008000612c (0xb02024f3) csrrs   s1, minstret, zero
core   0: 3 0x000000008000612c (0xb02024f3) x9  0x00000000000008ab
core   0: 0x0000000080006130 (0x0000a811) c.j     pc + 20
core   0: 3 0x0000000080006130 (0xa811)
core   0: >>>>  mepc_4
core   0: 0x0000000080006144 (0x00000791) c.addi  a5, 4
core   0: 3 0x0000000080006144 (0x0791) x15 0x00000000800042b8
core   0: 0x0000000080006146 (0x34179073) csrrw   zero, mepc, a5
core   0: 3 0x0000000080006146 (0x34179073) c833_mepc 0x00000000800042b8
core   0: 0x000000008000614a (0x30200073) mret
core   0: 3 0x000000008000614a (0x30200073) c768_mstatus 0x8000000a00106080
core   0: 0x00000000800042b8 (0x40155a9b) sraiw   s5, a0, 1
core   0: 1 0x00000000800042b8 (0x40155a9b) x21 0x0000000000000000
core   0: 0x00000000800042bc (0x66e78213) addi    tp, a5, 1646
core   0: 1 0x00000000800042bc (0x66e78213) x4  0x0000000080004926
core   0: 0x00000000800042c0 (0x22e72253) fsgnjx.d ft4, fa4, fa4
core   0: 1 0x00000000800042c0 (0x22e72253) f4  0x7ff8000000000000
core   0: 0x00000000800042c4 (0x415d8cb3) sub     s9, s11, s5
core   0: 1 0x00000000800042c4 (0x415d8cb3) x25 0xffffffffffffffff
core   0: 0x00000000800042c8 (0x0bdc7c53) fsub.d  fs8, fs8, ft9
core   0: 1 0x00000000800042c8 (0x0bdc7c53) f24 0x7ff8000000000000
core   0: 0x00000000800042cc (0x41670db3) sub     s11, a4, s6
core   0: 1 0x00000000800042cc (0x41670db3) x27 0xfffffffffffffff1
core   0: 0x00000000800042d0 (0x23dc2953) fsgnjx.d fs2, fs8, ft9
core   0: 1 0x00000000800042d0 (0x23dc2953) f18 0x7ff8000000000000
core   0: 0x00000000800042d4 (0x4010f2d3) fcvt.s.d ft5, ft1
core   0: 1 0x00000000800042d4 (0x4010f2d3) f5  0xffffffff7fc00000
core   0: 0x00000000800042d8 (0x01b50ab3) add     s5, a0, s11
core   0: 1 0x00000000800042d8 (0x01b50ab3) x21 0xfffffffffffffff1
core   0: 0x00000000800042dc (0x0364643b) remw    s0, s0, s6
core   0: 1 0x00000000800042dc (0x0364643b) x8  0x0000000000000000
core   0: 0x00000000800042e0 (0x0071591b) srliw   s2, sp, 7
core   0: 1 0x00000000800042e0 (0x0071591b) x18 0x0000000000000000
core   0: 0x00000000800042e4 (0xd2080cd3) fcvt.d.w fs9, a6
core   0: 1 0x00000000800042e4 (0xd2080cd3) f25 0x0000000000000000
core   0: 0x00000000800042e8 (0x344fd473) csrrwi  s0, mip, 31
core   0: exception trap_illegal_instruction, epc 0x00000000800042e8
core   0:           tval 0x00000000344fd473
core   0: >>>>  $xrv64i2p1_m2p0_a2p1_f2p2_d2p2_zicsr2p0_zifencei2p0_zmmul1p0_zba1p0_zbb1p0_zbc1p0_zbs1p0
core   0: 0x0000000080004000 (0x0080006f) j       pc + 0x8
core   0: 3 0x0000000080004000 (0x0080006f)
core   0: >>>>  mmode_exception_handler
core   0: 0x0000000080004008 (0x00002c17) auipc   s8, 0x2
core   0: 3 0x0000000080004008 (0x00002c17) x24 0x0000000080006008
core   0: 0x000000008000400c (0x108c0c13) addi    s8, s8, 264
core   0: 3 0x000000008000400c (0x108c0c13) x24 0x0000000080006110
core   0: 0x0000000080004010 (0x000c00e7) jalr    s8
core   0: 3 0x0000000080004010 (0x000c00e7) x1  0x0000000080004014
core   0: >>>>  any_handler
core   0: 0x0000000080006110 (0x341027f3) csrrs   a5, mepc, zero
core   0: 3 0x0000000080006110 (0x341027f3) x15 0x00000000800042e8
core   0: 0x0000000080006114 (0x34202773) csrrs   a4, mcause, zero
core   0: 3 0x0000000080006114 (0x34202773) x14 0x0000000000000002
core   0: 0x0000000080006118 (0x142026f3) csrrs   a3, scause, zero
core   0: 3 0x0000000080006118 (0x142026f3) x13 0x0000000000000007
core   0: 0x000000008000611c (0x30402673) csrrs   a2, mie, zero
core   0: 3 0x000000008000611c (0x30402673) x12 0x0000000000000a00
core   0: 0x0000000080006120 (0x344025f3) csrrs   a1, mip, zero
core   0: 3 0x0000000080006120 (0x344025f3) x11 0x0000000000000080
core   0: 0x0000000080006124 (0x343025f3) csrrs   a1, mtval, zero
core   0: 3 0x0000000080006124 (0x343025f3) x11 0x00000000344fd473
core   0: 0x0000000080006128 (0x14302573) csrrs   a0, stval, zero
core   0: 3 0x0000000080006128 (0x14302573) x10 0x0000000000000000
core   0: 0x000000008000612c (0xb02024f3) csrrs   s1, minstret, zero
core   0: 3 0x000000008000612c (0xb02024f3) x9  0x00000000000008c7
core   0: 0x0000000080006130 (0x0000a811) c.j     pc + 20
core   0: 3 0x0000000080006130 (0xa811)
core   0: >>>>  mepc_4
core   0: 0x0000000080006144 (0x00000791) c.addi  a5, 4
core   0: 3 0x0000000080006144 (0x0791) x15 0x00000000800042ec
core   0: 0x0000000080006146 (0x34179073) csrrw   zero, mepc, a5
core   0: 3 0x0000000080006146 (0x34179073) c833_mepc 0x00000000800042ec
core   0: 0x000000008000614a (0x30200073) mret
core   0: 3 0x000000008000614a (0x30200073) c768_mstatus 0x8000000a00106080
core   0: 0x00000000800042ec (0x406758bb) sraw    a7, a4, t1
core   0: 1 0x00000000800042ec (0x406758bb) x17 0x0000000000000002
core   0: 0x00000000800042f0 (0x01c6573b) srlw    a4, a2, t3
core   0: 1 0x00000000800042f0 (0x01c6573b) x14 0x0000000000000a00
core   0: 0x00000000800042f4 (0x001b7293) andi    t0, s6, 1
core   0: 1 0x00000000800042f4 (0x001b7293) x5  0x0000000000000001
core   0: 0x00000000800042f8 (0x00f78833) add     a6, a5, a5
core   0: 1 0x00000000800042f8 (0x00f78833) x16 0x00000001000085d8
core   0: 0x00000000800042fc (0x02a4853b) mulw    a0, s1, a0
core   0: 1 0x00000000800042fc (0x02a4853b) x10 0x0000000000000000
core   0: 0x0000000080004300 (0x4014fd53) fcvt.s.d fs10, fs1
core   0: 1 0x0000000080004300 (0x4014fd53) f26 0xffffffff7fc00000
core   0: 0x0000000080004304 (0xec490e93) addi    t4, s2, -316
core   0: 1 0x0000000080004304 (0xec490e93) x29 0xfffffffffffffec4
core   0: 0x0000000080004308 (0x0009111b) slliw   sp, s2, 0
core   0: 1 0x0000000080004308 (0x0009111b) x2  0x0000000000000000
core   0: 0x000000008000430c (0xc021f653) fcvt.l.s a2, ft3
core   0: 1 0x000000008000430c (0xc021f653) c1_fflags 0x0000000000000010 x12 0x7fffffffffffffff
core   0: 0x0000000080004310 (0x0ac97953) fsub.d  fs2, fs2, fa2
core   0: 1 0x0000000080004310 (0x0ac97953) f18 0x7ff8000000000000
core   0: 0x0000000080004314 (0x0294b0b3) mulhu   ra, s1, s1
core   0: 1 0x0000000080004314 (0x0294b0b3) x1  0x0000000000000000
core   0: 0x0000000080004318 (0x01d4de33) srl     t3, s1, t4
core   0: 1 0x0000000080004318 (0x01d4de33) x28 0x000000000000008c
core   0: 0x000000008000431c (0x01916237) lui     tp, 0x1916
core   0: 1 0x000000008000431c (0x01916237) x4  0x0000000001916000
core   0: 0x0000000080004320 (0x56b2021b) addiw   tp, tp, 1387
core   0: 1 0x0000000080004320 (0x56b2021b) x4  0x000000000191656b
core   0: 0x0000000080004324 (0x0000023a) c.slli  tp, 14
core   0: 1 0x0000000080004324 (0x023a) x4  0x00000064595ac000
core   0: 0x0000000080004326 (0x3f720213) addi    tp, tp, 1015
core   0: 1 0x0000000080004326 (0x3f720213) x4  0x00000064595ac3f7
core   0: 0x000000008000432a (0x223288d3) fsgnj.d fa7, ft5, ft3
core   0: 1 0x000000008000432a (0x223288d3) f17 0x7fffffff7fc00000
core   0: 0x000000008000432e (0x4296da93) srai    s5, a3, 41
core   0: 1 0x000000008000432e (0x4296da93) x21 0x0000000000000000
core   0: 0x0000000080004332 (0x6feb0917) auipc   s2, 0x6feb0
core   0: 1 0x0000000080004332 (0x6feb0917) x18 0x00000000efeb4332
core   0: 0x0000000080004336 (0x0bd77ed3) fsub.d  ft9, fa4, ft9
core   0: 1 0x0000000080004336 (0x0bd77ed3) f29 0x7ff8000000000000
core   0: 0x000000008000433a (0x02c487b7) lui     a5, 0x2c48
core   0: 1 0x000000008000433a (0x02c487b7) x15 0x0000000002c48000
core   0: 0x000000008000433e (0xeab7879b) addiw   a5, a5, -341
core   0: 1 0x000000008000433e (0xeab7879b) x15 0x0000000002c47eab
core   0: 0x0000000080004342 (0x000007b6) c.slli  a5, 13
core   0: 1 0x0000000080004342 (0x07b6) x15 0x000000588fd56000
core   0: 0x0000000080004344 (0x2db78793) addi    a5, a5, 731
core   0: 1 0x0000000080004344 (0x2db78793) x15 0x000000588fd562db
core   0: 0x0000000080004348 (0x8ae8f64b) fnmsub.d fa2, fa7, fa4, fa7
core   0: 1 0x0000000080004348 (0x8ae8f64b) f12 0x7ff8000000000000
core   0: 0x000000008000434c (0x4056d61b) sraiw   a2, a3, 5
core   0: 1 0x000000008000434c (0x4056d61b) x12 0x0000000000000000
core   0: 0x0000000080004350 (0xc8419597) auipc   a1, 0xc8419
core   0: 1 0x0000000080004350 (0xc8419597) x11 0x000000004841d350
core   0: 0x0000000080004354 (0x00c7e133) or      sp, a5, a2
core   0: 1 0x0000000080004354 (0x00c7e133) x2  0x000000588fd562db
core   0: 0x0000000080004358 (0x0026523b) srlw    tp, a2, sp
core   0: 1 0x0000000080004358 (0x0026523b) x4  0x0000000000000000
core   0: 0x000000008000435c (0x62c5f84f) fnmadd.d fa6, fa1, fa2, fa2
core   0: 1 0x000000008000435c (0x62c5f84f) f16 0x7ff8000000000000
core   0: 0x0000000080004360 (0x82c67fc3) fmadd.d ft11, fa2, fa2, fa6
core   0: 1 0x0000000080004360 (0x82c67fc3) f31 0x7ff8000000000000
core   0: 0x0000000080004364 (0x037cf8d3) fadd.d  fa7, fs9, fs7
core   0: 1 0x0000000080004364 (0x037cf8d3) f17 0x7ff8000000000000
core   0: 0x0000000080004368 (0x001012f3) csrrw   t0, fflags, zero
core   0: 1 0x0000000080004368 (0x001012f3) x5  0x0000000000000010 c1_fflags 0x0000000000000000
core   0: 0x000000008000436c (0x02596733) rem     a4, s2, t0
core   0: 1 0x000000008000436c (0x02596733) x14 0x0000000000000002
core   0: 0x0000000080004370 (0x033d69b3) rem     s3, s10, s3
core   0: 1 0x0000000080004370 (0x033d69b3) x19 0x0000000000000000
core   0: 0x0000000080004374 (0x013797bb) sllw    a5, a5, s3
core   0: 1 0x0000000080004374 (0x013797bb) x15 0xffffffff8fd562db
core   0: 0x0000000080004378 (0x00894db3) xor     s11, s2, s0
core   0: 1 0x0000000080004378 (0x00894db3) x27 0x00000000efeb4332
core   0: 0x000000008000437c (0x01bb5b33) srl     s6, s6, s11
core   0: 1 0x000000008000437c (0x01bb5b33) x22 0x0000000000000000
core   0: 0x0000000080004380 (0x2bee8553) fmin.d  fa0, ft9, ft10
core   0: 1 0x0000000080004380 (0x2bee8553) f10 0x7ff8000000000000
core   0: 0x0000000080004384 (0x00631e3b) sllw    t3, t1, t1
core   0: 1 0x0000000080004384 (0x00631e3b) x28 0x0000000000000000
core   0: 0x0000000080004388 (0x02e7fd33) remu    s10, a5, a4
core   0: 1 0x0000000080004388 (0x02e7fd33) x26 0x0000000000000001
core   0: 0x000000008000438c (0x63ce7e43) fmadd.d ft8, ft8, ft8, fa2
core   0: 1 0x000000008000438c (0x63ce7e43) f28 0x7ff8000000000000
core   0: 0x0000000080004390 (0x7ff74c13) xori    s8, a4, 2047
core   0: 1 0x0000000080004390 (0x7ff74c13) x24 0x00000000000007fd
core   0: 0x0000000080004394 (0x01031633) sll     a2, t1, a6
core   0: 1 0x0000000080004394 (0x01031633) x12 0x0000000000000000
core   0: 0x0000000080004398 (0x00a070b3) and     ra, zero, a0
core   0: 1 0x0000000080004398 (0x00a070b3) x1  0x0000000000000000
core   0: 0x000000008000439c (0xd02279d3) fcvt.s.l fs3, tp
core   0: 1 0x000000008000439c (0xd02279d3) f19 0xffffffff00000000
core   0: 0x00000000800043a0 (0xf13d36f3) csrrc   a3, mimpid, s10
core   0: exception trap_illegal_instruction, epc 0x00000000800043a0
core   0:           tval 0x00000000f13d36f3
core   0: >>>>  $xrv64i2p1_m2p0_a2p1_f2p2_d2p2_zicsr2p0_zifencei2p0_zmmul1p0_zba1p0_zbb1p0_zbc1p0_zbs1p0
core   0: 0x0000000080004000 (0x0080006f) j       pc + 0x8
core   0: 3 0x0000000080004000 (0x0080006f)
core   0: >>>>  mmode_exception_handler
core   0: 0x0000000080004008 (0x00002c17) auipc   s8, 0x2
core   0: 3 0x0000000080004008 (0x00002c17) x24 0x0000000080006008
core   0: 0x000000008000400c (0x108c0c13) addi    s8, s8, 264
core   0: 3 0x000000008000400c (0x108c0c13) x24 0x0000000080006110
core   0: 0x0000000080004010 (0x000c00e7) jalr    s8
core   0: 3 0x0000000080004010 (0x000c00e7) x1  0x0000000080004014
core   0: >>>>  any_handler
core   0: 0x0000000080006110 (0x341027f3) csrrs   a5, mepc, zero
core   0: 3 0x0000000080006110 (0x341027f3) x15 0x00000000800043a0
core   0: 0x0000000080006114 (0x34202773) csrrs   a4, mcause, zero
core   0: 3 0x0000000080006114 (0x34202773) x14 0x0000000000000002
core   0: 0x0000000080006118 (0x142026f3) csrrs   a3, scause, zero
core   0: 3 0x0000000080006118 (0x142026f3) x13 0x0000000000000007
core   0: 0x000000008000611c (0x30402673) csrrs   a2, mie, zero
core   0: 3 0x000000008000611c (0x30402673) x12 0x0000000000000a00
core   0: 0x0000000080006120 (0x344025f3) csrrs   a1, mip, zero
core   0: 3 0x0000000080006120 (0x344025f3) x11 0x0000000000000080
core   0: 0x0000000080006124 (0x343025f3) csrrs   a1, mtval, zero
core   0: 3 0x0000000080006124 (0x343025f3) x11 0x00000000f13d36f3
core   0: 0x0000000080006128 (0x14302573) csrrs   a0, stval, zero
core   0: 3 0x0000000080006128 (0x14302573) x10 0x0000000000000000
core   0: 0x000000008000612c (0xb02024f3) csrrs   s1, minstret, zero
core   0: 3 0x000000008000612c (0xb02024f3) x9  0x0000000000000905
core   0: 0x0000000080006130 (0x0000a811) c.j     pc + 20
core   0: 3 0x0000000080006130 (0xa811)
core   0: >>>>  mepc_4
core   0: 0x0000000080006144 (0x00000791) c.addi  a5, 4
core   0: 3 0x0000000080006144 (0x0791) x15 0x00000000800043a4
core   0: 0x0000000080006146 (0x34179073) csrrw   zero, mepc, a5
core   0: 3 0x0000000080006146 (0x34179073) c833_mepc 0x00000000800043a4
core   0: 0x000000008000614a (0x30200073) mret
core   0: 3 0x000000008000614a (0x30200073) c768_mstatus 0x8000000a00106080
core   0: 0x00000000800043a4 (0xf126b473) csrrc   s0, marchid, a3
core   0: exception trap_illegal_instruction, epc 0x00000000800043a4
core   0:           tval 0x00000000f126b473
core   0: >>>>  $xrv64i2p1_m2p0_a2p1_f2p2_d2p2_zicsr2p0_zifencei2p0_zmmul1p0_zba1p0_zbb1p0_zbc1p0_zbs1p0
core   0: 0x0000000080004000 (0x0080006f) j       pc + 0x8
core   0: 3 0x0000000080004000 (0x0080006f)
core   0: >>>>  mmode_exception_handler
core   0: 0x0000000080004008 (0x00002c17) auipc   s8, 0x2
core   0: 3 0x0000000080004008 (0x00002c17) x24 0x0000000080006008
core   0: 0x000000008000400c (0x108c0c13) addi    s8, s8, 264
core   0: 3 0x000000008000400c (0x108c0c13) x24 0x0000000080006110
core   0: 0x0000000080004010 (0x000c00e7) jalr    s8
core   0: 3 0x0000000080004010 (0x000c00e7) x1  0x0000000080004014
core   0: >>>>  any_handler
core   0: 0x0000000080006110 (0x341027f3) csrrs   a5, mepc, zero
core   0: 3 0x0000000080006110 (0x341027f3) x15 0x00000000800043a4
core   0: 0x0000000080006114 (0x34202773) csrrs   a4, mcause, zero
core   0: 3 0x0000000080006114 (0x34202773) x14 0x0000000000000002
core   0: 0x0000000080006118 (0x142026f3) csrrs   a3, scause, zero
core   0: 3 0x0000000080006118 (0x142026f3) x13 0x0000000000000007
core   0: 0x000000008000611c (0x30402673) csrrs   a2, mie, zero
core   0: 3 0x000000008000611c (0x30402673) x12 0x0000000000000a00
core   0: 0x0000000080006120 (0x344025f3) csrrs   a1, mip, zero
core   0: 3 0x0000000080006120 (0x344025f3) x11 0x0000000000000080
core   0: 0x0000000080006124 (0x343025f3) csrrs   a1, mtval, zero
core   0: 3 0x0000000080006124 (0x343025f3) x11 0x00000000f126b473
core   0: 0x0000000080006128 (0x14302573) csrrs   a0, stval, zero
core   0: 3 0x0000000080006128 (0x14302573) x10 0x0000000000000000
core   0: 0x000000008000612c (0xb02024f3) csrrs   s1, minstret, zero
core   0: 3 0x000000008000612c (0xb02024f3) x9  0x0000000000000915
core   0: 0x0000000080006130 (0x0000a811) c.j     pc + 20
core   0: 3 0x0000000080006130 (0xa811)
core   0: >>>>  mepc_4
core   0: 0x0000000080006144 (0x00000791) c.addi  a5, 4
core   0: 3 0x0000000080006144 (0x0791) x15 0x00000000800043a8
core   0: 0x0000000080006146 (0x34179073) csrrw   zero, mepc, a5
core   0: 3 0x0000000080006146 (0x34179073) c833_mepc 0x00000000800043a8
core   0: 0x000000008000614a (0x30200073) mret
core   0: 3 0x000000008000614a (0x30200073) c768_mstatus 0x8000000a00106080
core   0: 0x00000000800043a8 (0x0002d51b) srliw   a0, t0, 0
core   0: 1 0x00000000800043a8 (0x0002d51b) x10 0x0000000000000010
core   0: 0x00000000800043ac (0x416cdb93) srai    s7, s9, 22
core   0: 1 0x00000000800043ac (0x416cdb93) x23 0xffffffffffffffff
core   0: 0x00000000800043b0 (0x00235333) srl     t1, t1, sp
core   0: 1 0x00000000800043b0 (0x00235333) x6  0x0000000000000000
core   0: 0x00000000800043b4 (0x001025f3) csrrs   a1, fflags, zero
core   0: 1 0x00000000800043b4 (0x001025f3) x11 0x0000000000000000
core   0: 0x00000000800043b8 (0xc23277d3) fcvt.lu.d a5, ft4
core   0: 1 0x00000000800043b8 (0xc23277d3) c1_fflags 0x0000000000000010 x15 0xffffffffffffffff
core   0: 0x00000000800043bc (0x40250133) sub     sp, a0, sp
core   0: 1 0x00000000800043bc (0x40250133) x2  0xffffffa7702a9d35
core   0: 0x00000000800043c0 (0x41b45bbb) sraw    s7, s0, s11
core   0: 1 0x00000000800043c0 (0x41b45bbb) x23 0x0000000000000000
core   0: 0x00000000800043c4 (0xffb34037) lui     zero, 0xffb34
core   0: 1 0x00000000800043c4 (0xffb34037)
core   0: 0x00000000800043c8 (0xe150001b) addiw   zero, zero, -491
core   0: 1 0x00000000800043c8 (0xe150001b)
core   0: 0x00000000800043cc (0x00c01013) slli    zero, zero, 12
core   0: 1 0x00000000800043cc (0x00c01013)
core   0: 0x00000000800043d0 (0x66600013) li      zero, 1638
core   0: 1 0x00000000800043d0 (0x66600013)
core   0: 0x00000000800043d4 (0x034e0e33) mul     t3, t3, s4
core   0: 1 0x00000000800043d4 (0x034e0e33) x28 0x0000000000000000
core   0: 0x00000000800043d8 (0x23e68153) fsgnj.d ft2, fa3, ft10
core   0: 1 0x00000000800043d8 (0x23e68153) f2  0x0000000000000000
core   0: 0x00000000800043dc (0x0121983b) sllw    a6, gp, s2
core   0: 1 0x00000000800043dc (0x0121983b) x16 0x0000000000000000
core   0: 0x00000000800043e0 (0xef833637) lui     a2, 0xef833
core   0: 1 0x00000000800043e0 (0xef833637) x12 0xffffffffef833000
core   0: 0x00000000800043e4 (0x02c66c3b) remw    s8, a2, a2
core   0: 1 0x00000000800043e4 (0x02c66c3b) x24 0x0000000000000000
core   0: 0x00000000800043e8 (0x1b6b7dd3) fdiv.d  fs11, fs6, fs6
core   0: 1 0x00000000800043e8 (0x1b6b7dd3) f27 0x7ff8000000000000
core   0: 0x00000000800043ec (0x0296443b) divw    s0, a2, s1
core   0: 1 0x00000000800043ec (0x0296443b) x8  0xfffffffffffe2f42
core   0: 0x00000000800043f0 (0x023bd1b3) divu    gp, s7, gp
core   0: 1 0x00000000800043f0 (0x023bd1b3) x3  0xffffffffffffffff
core   0: 0x00000000800043f4 (0xfff38013) addi    zero, t2, -1
core   0: 1 0x00000000800043f4 (0xfff38013)
core   0: 0x00000000800043f8 (0x03c01e33) mulh    t3, zero, t3
core   0: 1 0x00000000800043f8 (0x03c01e33) x28 0x0000000000000000
core   0: 0x00000000800043fc (0x000b6c33) or      s8, s6, zero
core   0: 1 0x00000000800043fc (0x000b6c33) x24 0x0000000000000000
core   0: 0x0000000080004400 (0x128cf453) fmul.d  fs0, fs9, fs0
core   0: 1 0x0000000080004400 (0x128cf453) f8  0x7ff8000000000000
core   0: 0x0000000080004404 (0x415c56b3) sra     a3, s8, s5
core   0: 1 0x0000000080004404 (0x415c56b3) x13 0x0000000000000000
core   0: 0x0000000080004408 (0x415dd43b) sraw    s0, s11, s5
core   0: 1 0x0000000080004408 (0x415dd43b) x8  0xffffffffefeb4332
core   0: 0x000000008000440c (0x02aaa033) mulhsu  zero, s5, a0
core   0: 1 0x000000008000440c (0x02aaa033)
core   0: 0x0000000080004410 (0xd03d7dd3) fcvt.s.lu fs11, s10
core   0: 1 0x0000000080004410 (0xd03d7dd3) f27 0xffffffff3f800000
core   0: 0x0000000080004414 (0x5a0fff53) fsqrt.d ft10, ft11
core   0: 1 0x0000000080004414 (0x5a0fff53) f30 0x7ff8000000000000
core   0: 0x0000000080004418 (0x0aa67553) fsub.d  fa0, fa2, fa0
core   0: 1 0x0000000080004418 (0x0aa67553) f10 0x7ff8000000000000
core   0: 0x000000008000441c (0x000b9033) sll     zero, s7, zero
core   0: 1 0x000000008000441c (0x000b9033)
core   0: 0x0000000080004420 (0x40a2833b) subw    t1, t0, a0
core   0: 1 0x0000000080004420 (0x40a2833b) x6  0x0000000000000000
core   0: 0x0000000080004424 (0xd2028453) fcvt.d.w fs0, t0
core   0: 1 0x0000000080004424 (0xd2028453) f8  0x4030000000000000
core   0: 0x0000000080004428 (0xd231f2d3) fcvt.d.lu ft5, gp
core   0: 1 0x0000000080004428 (0xd231f2d3) c1_fflags 0x0000000000000011 f5  0x43f0000000000000
core   0: 0x000000008000442c (0x010d8dbb) addw    s11, s11, a6
core   0: 1 0x000000008000442c (0x010d8dbb) x27 0xffffffffefeb4332
core   0: 0x0000000080004430 (0x00eb56b3) srl     a3, s6, a4
core   0: 1 0x0000000080004430 (0x00eb56b3) x13 0x0000000000000000
core   0: 0x0000000080004434 (0xd0217ed3) fcvt.s.l ft9, sp
core   0: 1 0x0000000080004434 (0xd0217ed3) c1_fflags 0x0000000000000011 f29 0xffffffffd2b11fab
core   0: 0x0000000080004438 (0xd2068553) fcvt.d.w fa0, a3
core   0: 1 0x0000000080004438 (0xd2068553) f10 0x0000000000000000
core   0: 0x000000008000443c (0xdb6ffdcf) fnmadd.d fs11, ft11, fs6, fs11
core   0: 1 0x000000008000443c (0xdb6ffdcf) f27 0x7ff8000000000000
core   0: 0x0000000080004440 (0xd03ef5d3) fcvt.s.lu fa1, t4
core   0: 1 0x0000000080004440 (0xd03ef5d3) c1_fflags 0x0000000000000011 f11 0xffffffff5f800000
core   0: 0x0000000080004444 (0x0062023b) addw    tp, tp, t1
core   0: 1 0x0000000080004444 (0x0062023b) x4  0x0000000000000000
core   0: 0x0000000080004448 (0x06223bb7) lui     s7, 0x6223
core   0: 1 0x0000000080004448 (0x06223bb7) x23 0x0000000006223000
core   0: 0x000000008000444c (0x32fb8b9b) addiw   s7, s7, 815
core   0: 1 0x000000008000444c (0x32fb8b9b) x23 0x000000000622332f
core   0: 0x0000000080004450 (0x00000bb2) c.slli  s7, 12
core   0: 1 0x0000000080004450 (0x0bb2) x23 0x000000622332f000
core   0: 0x0000000080004452 (0x0f8b8b93) addi    s7, s7, 248
core   0: 1 0x0000000080004452 (0x0f8b8b93) x23 0x000000622332f0f8
core   0: 0x0000000080004456 (0x011c51bb) srlw    gp, s8, a7
core   0: 1 0x0000000080004456 (0x011c51bb) x3  0x0000000000000000
core   0: 0x000000008000445a (0x420e86d3) fcvt.d.s fa3, ft9
core   0: 1 0x000000008000445a (0x420e86d3) f13 0xc25623f560000000
core   0: 0x000000008000445e (0x01c82e33) slt     t3, a6, t3
core   0: 1 0x000000008000445e (0x01c82e33) x28 0x0000000000000000
core   0: 0x0000000080004462 (0x01819c3b) sllw    s8, gp, s8
core   0: 1 0x0000000080004462 (0x01819c3b) x24 0x0000000000000000
core   0: 0x0000000080004466 (0x002022f3) csrrs   t0, frm, zero
core   0: 1 0x0000000080004466 (0x002022f3) x5  0x0000000000000000
core   0: 0x000000008000446a (0x8be6e437) lui     s0, 0x8be6e
core   0: 1 0x000000008000446a (0x8be6e437) x8  0xffffffff8be6e000
core   0: 0x000000008000446e (0x227694d3) fsgnjn.d fs1, fa3, ft7
core   0: 1 0x000000008000446e (0x227694d3) f9  0xc25623f560000000
core   0: 0x0000000080004472 (0x420c0cd3) fcvt.d.s fs9, fs8
core   0: 1 0x0000000080004472 (0x420c0cd3) f25 0x7ff8000000000000
core   0: 0x0000000080004476 (0x80098a9b) addiw   s5, s3, -2048
core   0: 1 0x0000000080004476 (0x80098a9b) x21 0xfffffffffffff800
core   0: 0x000000008000447a (0x22d79c53) fsgnjn.d fs8, fa5, fa3
core   0: 1 0x000000008000447a (0x22d79c53) f24 0x7fffffff7fc00000
core   0: 0x000000008000447e (0x00202173) csrrs   sp, frm, zero
core   0: 1 0x000000008000447e (0x00202173) x2  0x0000000000000000
core   0: 0x0000000080004482 (0x0c99e613) ori     a2, s3, 201
core   0: 1 0x0000000080004482 (0x0c99e613) x12 0x00000000000000c9
core   0: 0x0000000080004486 (0x40b2db3b) sraw    s6, t0, a1
core   0: 1 0x0000000080004486 (0x40b2db3b) x22 0x0000000000000000
core   0: 0x000000008000448a (0x0014999b) slliw   s3, s1, 1
core   0: 1 0x000000008000448a (0x0014999b) x19 0x000000000000122a
core   0: 0x000000008000448e (0x0052d5bb) srlw    a1, t0, t0
core   0: 1 0x000000008000448e (0x0052d5bb) x11 0x0000000000000000
core   0: 0x0000000080004492 (0x00000001) c.nop
core   0: 1 0x0000000080004492 (0x0001)
core   0: 0x0000000080004494 (0x00129e73) csrrw   t3, fflags, t0
core   0: 1 0x0000000080004494 (0x00129e73) x28 0x0000000000000011 c1_fflags 0x0000000000000000
core   0: 0x0000000080004498 (0x23e6a6d3) fsgnjx.d fa3, fa3, ft10
core   0: 1 0x0000000080004498 (0x23e6a6d3) f13 0xc25623f560000000
core   0: 0x000000008000449c (0x0169d733) srl     a4, s3, s6
core   0: 1 0x000000008000449c (0x0169d733) x14 0x000000000000122a
core   0: 0x00000000800044a0 (0x41dd8abb) subw    s5, s11, t4
core   0: 1 0x00000000800044a0 (0x41dd8abb) x21 0xffffffffefeb446e
core   0: 0x00000000800044a4 (0x02fdd7b3) divu    a5, s11, a5
core   0: 1 0x00000000800044a4 (0x02fdd7b3) x15 0x0000000000000000
core   0: 0x00000000800044a8 (0x22d816d3) fsgnjn.d fa3, fa6, fa3
core   0: 1 0x00000000800044a8 (0x22d816d3) f13 0x7ff8000000000000
core   0: 0x00000000800044ac (0x02e1c1b3) div     gp, gp, a4
core   0: 1 0x00000000800044ac (0x02e1c1b3) x3  0x0000000000000000
core   0: 0x00000000800044b0 (0x0ff0000f) fence   iorw,iorw
core   0: 1 0x00000000800044b0 (0x0ff0000f)
core   0: 0x00000000800044b4 (0x418205bb) subw    a1, tp, s8
core   0: 1 0x00000000800044b4 (0x418205bb) x11 0x0000000000000000
core   0: 0x00000000800044b8 (0x42070653) fcvt.d.s fa2, fa4
core   0: 1 0x00000000800044b8 (0x42070653) f12 0x7ff8000000000000
core   0: 0x00000000800044bc (0xc032fbd3) fcvt.lu.s s7, ft5
core   0: 1 0x00000000800044bc (0xc032fbd3) c1_fflags 0x0000000000000010 x23 0xffffffffffffffff
core   0: 0x00000000800044c0 (0x40aed333) sra     t1, t4, a0
core   0: 1 0x00000000800044c0 (0x40aed333) x6  0xffffffffffffffff
core   0: 0x00000000800044c4 (0xc20df1d3) fcvt.w.d gp, fs11
core   0: 1 0x00000000800044c4 (0xc20df1d3) c1_fflags 0x0000000000000010 x3  0x000000007fffffff
core   0: 0x00000000800044c8 (0x41f2dd9b) sraiw   s11, t0, 31
core   0: 1 0x00000000800044c8 (0x41f2dd9b) x27 0x0000000000000000
core   0: 0x00000000800044cc (0xd22977d3) fcvt.d.l fa5, s2
core   0: 1 0x00000000800044cc (0xd22977d3) f15 0x41edfd6866400000
core   0: 0x00000000800044d0 (0x122777cb) fnmsub.d fa5, fa4, ft2, ft2
core   0: 1 0x00000000800044d0 (0x122777cb) f15 0x7ff8000000000000
core   0: 0x00000000800044d4 (0x036b77d3) fadd.d  fa5, fs6, fs6
core   0: 1 0x00000000800044d4 (0x036b77d3) f15 0x7ff8000000000000
core   0: 0x00000000800044d8 (0x23c70e53) fsgnj.d ft8, fa4, ft8
core   0: 1 0x00000000800044d8 (0x23c70e53) f28 0x7ff8000000000000
core   0: 0x00000000800044dc (0x7ff1c993) xori    s3, gp, 2047
core   0: 1 0x00000000800044dc (0x7ff1c993) x19 0x000000007ffff800
core   0: 0x00000000800044e0 (0x2bc38ed3) fmin.d  ft9, ft7, ft8
core   0: 1 0x00000000800044e0 (0x2bc38ed3) f29 0x4000000000000000
core   0: 0x00000000800044e4 (0xe2090cd3) fmv.x.d s9, fs2
core   0: 1 0x00000000800044e4 (0xe2090cd3) x25 0x7ff8000000000000
core   0: 0x00000000800044e8 (0x03a7573b) divuw   a4, a4, s10
core   0: 1 0x00000000800044e8 (0x03a7573b) x14 0x000000000000122a
core   0: 0x00000000800044ec (0x4116d433) sra     s0, a3, a7
core   0: 1 0x00000000800044ec (0x4116d433) x8  0x0000000000000000
core   0: 0x00000000800044f0 (0x02deca3b) divw    s4, t4, a3
core   0: 1 0x00000000800044f0 (0x02deca3b) x20 0xffffffffffffffff
core   0: 0x00000000800044f4 (0xd21c09d3) fcvt.d.wu fs3, s8
core   0: 1 0x00000000800044f4 (0xd21c09d3) f19 0x0000000000000000
core   0: 0x00000000800044f8 (0xc0327e53) fcvt.lu.s t3, ft4
core   0: 1 0x00000000800044f8 (0xc0327e53) c1_fflags 0x0000000000000010 x28 0xffffffffffffffff
core   0: 0x00000000800044fc (0x23ce87d3) fsgnj.d fa5, ft9, ft8
core   0: 1 0x00000000800044fc (0x23ce87d3) f15 0x4000000000000000
core   0: 0x0000000080004500 (0x40308833) sub     a6, ra, gp
core   0: 1 0x0000000080004500 (0x40308833) x16 0x0000000000004015
core   0: 0x0000000080004504 (0x22c70c53) fsgnj.d fs8, fa4, fa2
core   0: 1 0x0000000080004504 (0x22c70c53) f24 0x7ff8000000000000
core   0: 0x0000000080004508 (0x2b2988d3) fmin.d  fa7, fs3, fs2
core   0: 1 0x0000000080004508 (0x2b2988d3) f17 0x0000000000000000
core   0: 0x000000008000450c (0x0120d8b3) srl     a7, ra, s2
core   0: 1 0x000000008000450c (0x0120d8b3) x17 0x0000000000000000
core   0: 0x0000000080004510 (0x00ed539b) srliw   t2, s10, 14
core   0: 1 0x0000000080004510 (0x00ed539b) x7  0x0000000000000000
core   0: 0x0000000080004514 (0x0ba1fd53) fsub.d  fs10, ft3, fs10
core   0: 1 0x0000000080004514 (0x0ba1fd53) f26 0x7ff8000000000000
core   0: 0x0000000080004518 (0x0396dcb3) divu    s9, a3, s9
core   0: 1 0x0000000080004518 (0x0396dcb3) x25 0x0000000000000000
core   0: 0x000000008000451c (0x03087333) remu    t1, a6, a6
core   0: 1 0x000000008000451c (0x03087333) x6  0x0000000000000000
core   0: 0x0000000080004520 (0xe20d19d3) fclass.d s3, fs10
core   0: 1 0x0000000080004520 (0xe20d19d3) x19 0x0000000000000200
core   0: 0x0000000080004524 (0x0288d533) divu    a0, a7, s0
core   0: 1 0x0000000080004524 (0x0288d533) x10 0xffffffffffffffff
core   0: 0x0000000080004528 (0x96d56137) lui     sp, 0x96d56
core   0: 1 0x0000000080004528 (0x96d56137) x2  0xffffffff96d56000
core   0: 0x000000008000452c (0xc23c7b53) fcvt.lu.d s6, fs8
core   0: 1 0x000000008000452c (0xc23c7b53) c1_fflags 0x0000000000000010 x22 0xffffffffffffffff
core   0: 0x0000000080004530 (0x00abf0b7) lui     ra, 0xabf
core   0: 1 0x0000000080004530 (0x00abf0b7) x1  0x0000000000abf000
core   0: 0x0000000080004534 (0x47f0809b) addiw   ra, ra, 1151
core   0: 1 0x0000000080004534 (0x47f0809b) x1  0x0000000000abf47f
core   0: 0x0000000080004538 (0x000000b2) c.slli  ra, 12
core   0: 1 0x0000000080004538 (0x00b2) x1  0x0000000abf47f000
core   0: 0x000000008000453a (0xe0e08093) addi    ra, ra, -498
core   0: 1 0x000000008000453a (0xe0e08093) x1  0x0000000abf47ee0e
core   0: 0x000000008000453e (0x01e6d593) srli    a1, a3, 30
core   0: 1 0x000000008000453e (0x01e6d593) x11 0x0000000000000000
core   0: 0x0000000080004542 (0x02495233) divu    tp, s2, tp
core   0: 1 0x0000000080004542 (0x02495233) x4  0xffffffffffffffff
core   0: 0x0000000080004546 (0x0130133b) sllw    t1, zero, s3
core   0: 1 0x0000000080004546 (0x0130133b) x6  0x0000000000000000
core   0: 0x000000008000454a (0x014398bb) sllw    a7, t2, s4
core   0: 1 0x000000008000454a (0x014398bb) x17 0x0000000000000000
core   0: 0x000000008000454e (0x01174ab3) xor     s5, a4, a7
core   0: 1 0x000000008000454e (0x01174ab3) x21 0x000000000000122a
core   0: 0x0000000080004552 (0x419dddbb) sraw    s11, s11, s9
core   0: 1 0x0000000080004552 (0x419dddbb) x27 0x0000000000000000
core   0: 0x0000000080004556 (0x4163063b) subw    a2, t1, s6
core   0: 1 0x0000000080004556 (0x4163063b) x12 0x0000000000000001
core   0: 0x000000008000455a (0x0394dcb3) divu    s9, s1, s9
core   0: 1 0x000000008000455a (0x0394dcb3) x25 0xffffffffffffffff
core   0: 0x000000008000455e (0x00039413) slli    s0, t2, 0
core   0: 1 0x000000008000455e (0x00039413) x8  0x0000000000000000
core   0: 0x0000000080004562 (0xd2190e53) fcvt.d.wu ft8, s2
core   0: 1 0x0000000080004562 (0xd2190e53) f28 0x41edfd6866400000
core   0: 0x0000000080004566 (0x002029f3) csrrs   s3, frm, zero
core   0: 1 0x0000000080004566 (0x002029f3) x19 0x0000000000000000
core   0: 0x000000008000456a (0xf132a173) csrrs   sp, mimpid, t0
core   0: exception trap_illegal_instruction, epc 0x000000008000456a
core   0:           tval 0x00000000f132a173
core   0: >>>>  $xrv64i2p1_m2p0_a2p1_f2p2_d2p2_zicsr2p0_zifencei2p0_zmmul1p0_zba1p0_zbb1p0_zbc1p0_zbs1p0
core   0: 0x0000000080004000 (0x0080006f) j       pc + 0x8
core   0: 3 0x0000000080004000 (0x0080006f)
core   0: >>>>  mmode_exception_handler
core   0: 0x0000000080004008 (0x00002c17) auipc   s8, 0x2
core   0: 3 0x0000000080004008 (0x00002c17) x24 0x0000000080006008
core   0: 0x000000008000400c (0x108c0c13) addi    s8, s8, 264
core   0: 3 0x000000008000400c (0x108c0c13) x24 0x0000000080006110
core   0: 0x0000000080004010 (0x000c00e7) jalr    s8
core   0: 3 0x0000000080004010 (0x000c00e7) x1  0x0000000080004014
core   0: >>>>  any_handler
core   0: 0x0000000080006110 (0x341027f3) csrrs   a5, mepc, zero
core   0: 3 0x0000000080006110 (0x341027f3) x15 0x000000008000456a
core   0: 0x0000000080006114 (0x34202773) csrrs   a4, mcause, zero
core   0: 3 0x0000000080006114 (0x34202773) x14 0x0000000000000002
core   0: 0x0000000080006118 (0x142026f3) csrrs   a3, scause, zero
core   0: 3 0x0000000080006118 (0x142026f3) x13 0x0000000000000007
core   0: 0x000000008000611c (0x30402673) csrrs   a2, mie, zero
core   0: 3 0x000000008000611c (0x30402673) x12 0x0000000000000a00
core   0: 0x0000000080006120 (0x344025f3) csrrs   a1, mip, zero
core   0: 3 0x0000000080006120 (0x344025f3) x11 0x0000000000000080
core   0: 0x0000000080006124 (0x343025f3) csrrs   a1, mtval, zero
core   0: 3 0x0000000080006124 (0x343025f3) x11 0x00000000f132a173
core   0: 0x0000000080006128 (0x14302573) csrrs   a0, stval, zero
core   0: 3 0x0000000080006128 (0x14302573) x10 0x0000000000000000
core   0: 0x000000008000612c (0xb02024f3) csrrs   s1, minstret, zero
core   0: 3 0x000000008000612c (0xb02024f3) x9  0x0000000000000997
core   0: 0x0000000080006130 (0x0000a811) c.j     pc + 20
core   0: 3 0x0000000080006130 (0xa811)
core   0: >>>>  mepc_4
core   0: 0x0000000080006144 (0x00000791) c.addi  a5, 4
core   0: 3 0x0000000080006144 (0x0791) x15 0x000000008000456e
core   0: 0x0000000080006146 (0x34179073) csrrw   zero, mepc, a5
core   0: 3 0x0000000080006146 (0x34179073) c833_mepc 0x000000008000456e
core   0: 0x000000008000614a (0x30200073) mret
core   0: 3 0x000000008000614a (0x30200073) c768_mstatus 0x8000000a00106080
core   0: 0x000000008000456e (0x01158033) add     zero, a1, a7
core   0: 1 0x000000008000456e (0x01158033)
core   0: 0x0000000080004572 (0xd2207853) fcvt.d.l fa6, zero
core   0: 1 0x0000000080004572 (0xd2207853) f16 0x0000000000000000
core   0: 0x0000000080004576 (0xc80ab273) csrrc   tp, cycleh, s5
core   0: exception trap_illegal_instruction, epc 0x0000000080004576
core   0:           tval 0x00000000c80ab273
core   0: >>>>  $xrv64i2p1_m2p0_a2p1_f2p2_d2p2_zicsr2p0_zifencei2p0_zmmul1p0_zba1p0_zbb1p0_zbc1p0_zbs1p0
core   0: 0x0000000080004000 (0x0080006f) j       pc + 0x8
core   0: 3 0x0000000080004000 (0x0080006f)
core   0: >>>>  mmode_exception_handler
core   0: 0x0000000080004008 (0x00002c17) auipc   s8, 0x2
core   0: 3 0x0000000080004008 (0x00002c17) x24 0x0000000080006008
core   0: 0x000000008000400c (0x108c0c13) addi    s8, s8, 264
core   0: 3 0x000000008000400c (0x108c0c13) x24 0x0000000080006110
core   0: 0x0000000080004010 (0x000c00e7) jalr    s8
core   0: 3 0x0000000080004010 (0x000c00e7) x1  0x0000000080004014
core   0: >>>>  any_handler
core   0: 0x0000000080006110 (0x341027f3) csrrs   a5, mepc, zero
core   0: 3 0x0000000080006110 (0x341027f3) x15 0x0000000080004576
core   0: 0x0000000080006114 (0x34202773) csrrs   a4, mcause, zero
core   0: 3 0x0000000080006114 (0x34202773) x14 0x0000000000000002
core   0: 0x0000000080006118 (0x142026f3) csrrs   a3, scause, zero
core   0: 3 0x0000000080006118 (0x142026f3) x13 0x0000000000000007
core   0: 0x000000008000611c (0x30402673) csrrs   a2, mie, zero
core   0: 3 0x000000008000611c (0x30402673) x12 0x0000000000000a00
core   0: 0x0000000080006120 (0x344025f3) csrrs   a1, mip, zero
core   0: 3 0x0000000080006120 (0x344025f3) x11 0x0000000000000080
core   0: 0x0000000080006124 (0x343025f3) csrrs   a1, mtval, zero
core   0: 3 0x0000000080006124 (0x343025f3) x11 0x00000000c80ab273
core   0: 0x0000000080006128 (0x14302573) csrrs   a0, stval, zero
core   0: 3 0x0000000080006128 (0x14302573) x10 0x0000000000000000
core   0: 0x000000008000612c (0xb02024f3) csrrs   s1, minstret, zero
core   0: 3 0x000000008000612c (0xb02024f3) x9  0x00000000000009a9
core   0: 0x0000000080006130 (0x0000a811) c.j     pc + 20
core   0: 3 0x0000000080006130 (0xa811)
core   0: >>>>  mepc_4
core   0: 0x0000000080006144 (0x00000791) c.addi  a5, 4
core   0: 3 0x0000000080006144 (0x0791) x15 0x000000008000457a
core   0: 0x0000000080006146 (0x34179073) csrrw   zero, mepc, a5
core   0: 3 0x0000000080006146 (0x34179073) c833_mepc 0x000000008000457a
core   0: 0x000000008000614a (0x30200073) mret
core   0: 3 0x000000008000614a (0x30200073) c768_mstatus 0x8000000a00106080
core   0: 0x000000008000457a (0x00000001) c.nop
core   0: 1 0x000000008000457a (0x0001)
core   0: 0x000000008000457c (0x22480253) fsgnj.d ft4, fa6, ft4
core   0: 1 0x000000008000457c (0x22480253) f4  0x0000000000000000
core   0: 0x0000000080004580 (0xf20a8ed3) fmv.d.x ft9, s5
core   0: 1 0x0000000080004580 (0xf20a8ed3) f29 0x000000000000122a
core   0: 0x0000000080004584 (0x00005d33) srl     s10, zero, zero
core   0: 1 0x0000000080004584 (0x00005d33) x26 0x0000000000000000
core   0: 0x0000000080004588 (0x032d3333) mulhu   t1, s10, s2
core   0: 1 0x0000000080004588 (0x032d3333) x6  0x0000000000000000
core   0: 0x000000008000458c (0x40388c3b) subw    s8, a7, gp
core   0: 1 0x000000008000458c (0x40388c3b) x24 0xffffffff80000001
core   0: 0x0000000080004590 (0x40405dbb) sraw    s11, zero, tp
core   0: 1 0x0000000080004590 (0x40405dbb) x27 0x0000000000000000
core   0: 0x0000000080004594 (0xc20ef9d3) fcvt.w.d s3, ft9
core   0: 1 0x0000000080004594 (0xc20ef9d3) c1_fflags 0x0000000000000011 x19 0x0000000000000000
core   0: 0x0000000080004598 (0x0159c233) xor     tp, s3, s5
core   0: 1 0x0000000080004598 (0x0159c233) x4  0x000000000000122a
core   0: 0x000000008000459c (0x4025561b) sraiw   a2, a0, 2
core   0: 1 0x000000008000459c (0x4025561b) x12 0x0000000000000000
core   0: 0x00000000800045a0 (0x00000001) c.nop
core   0: 1 0x00000000800045a0 (0x0001)
core   0: 0x00000000800045a2 (0xd20309d3) fcvt.d.w fs3, t1
core   0: 1 0x00000000800045a2 (0xd20309d3) f19 0x0000000000000000
core   0: 0x00000000800045a6 (0x033907bb) mulw    a5, s2, s3
core   0: 1 0x00000000800045a6 (0x033907bb) x15 0x0000000000000000
core   0: 0x00000000800045aa (0x00e4c233) xor     tp, s1, a4
core   0: 1 0x00000000800045aa (0x00e4c233) x4  0x00000000000009ab
core   0: 0x00000000800045ae (0x840f3897) auipc   a7, 0x840f3
core   0: 1 0x00000000800045ae (0x840f3897) x17 0x00000000040f75ae
core   0: 0x00000000800045b2 (0x000b859b) sext.w  a1, s7
core   0: 1 0x00000000800045b2 (0x000b859b) x11 0xffffffffffffffff
core   0: 0x00000000800045b6 (0x40b306b3) sub     a3, t1, a1
core   0: 1 0x00000000800045b6 (0x40b306b3) x13 0x0000000000000001
core   0: 0x00000000800045ba (0xa2568cd3) fle.d   s9, fa3, ft5
core   0: 1 0x00000000800045ba (0xa2568cd3) c1_fflags 0x0000000000000011 x25 0x0000000000000000
core   0: 0x00000000800045be (0x003edd33) srl     s10, t4, gp
core   0: 1 0x00000000800045be (0x003edd33) x26 0x0000000000000001
core   0: 0x00000000800045c2 (0x01d81a3b) sllw    s4, a6, t4
core   0: 1 0x00000000800045c2 (0x01d81a3b) x20 0x0000000000040150
core   0: 0x00000000800045c6 (0xff8690b7) lui     ra, 0xff869
core   0: 1 0x00000000800045c6 (0xff8690b7) x1  0xffffffffff869000
core   0: 0x00000000800045ca (0x7190809b) addiw   ra, ra, 1817
core   0: 1 0x00000000800045ca (0x7190809b) x1  0xffffffffff869719
core   0: 0x00000000800045ce (0x000000be) c.slli  ra, 15
core   0: 1 0x00000000800045ce (0x00be) x1  0xffffffc34b8c8000
core   0: 0x00000000800045d0 (0x4d208093) addi    ra, ra, 1234
core   0: 1 0x00000000800045d0 (0x4d208093) x1  0xffffffc34b8c84d2
core   0: 0x00000000800045d4 (0x03ad1833) mulh    a6, s10, s10
core   0: 1 0x00000000800045d4 (0x03ad1833) x16 0x0000000000000000
core   0: 0x00000000800045d8 (0xc23c75d3) fcvt.lu.d a1, fs8
core   0: 1 0x00000000800045d8 (0xc23c75d3) c1_fflags 0x0000000000000011 x11 0xffffffffffffffff
core   0: 0x00000000800045dc (0x2d3be193) ori     gp, s7, 723
core   0: 1 0x00000000800045dc (0x2d3be193) x3  0xffffffffffffffff
core   0: 0x00000000800045e0 (0x0389f853) fadd.d  fa6, fs3, fs8
core   0: 1 0x00000000800045e0 (0x0389f853) f16 0x7ff8000000000000
core   0: 0x00000000800045e4 (0x2a1c4993) xori    s3, s8, 673
core   0: 1 0x00000000800045e4 (0x2a1c4993) x19 0xffffffff800002a0
core   0: 0x00000000800045e8 (0xc000e673) csrrsi  a2, cycle, 1
core   0: exception trap_illegal_instruction, epc 0x00000000800045e8
core   0:           tval 0x00000000c000e673
core   0: >>>>  $xrv64i2p1_m2p0_a2p1_f2p2_d2p2_zicsr2p0_zifencei2p0_zmmul1p0_zba1p0_zbb1p0_zbc1p0_zbs1p0
core   0: 0x0000000080004000 (0x0080006f) j       pc + 0x8
core   0: 3 0x0000000080004000 (0x0080006f)
core   0: >>>>  mmode_exception_handler
core   0: 0x0000000080004008 (0x00002c17) auipc   s8, 0x2
core   0: 3 0x0000000080004008 (0x00002c17) x24 0x0000000080006008
core   0: 0x000000008000400c (0x108c0c13) addi    s8, s8, 264
core   0: 3 0x000000008000400c (0x108c0c13) x24 0x0000000080006110
core   0: 0x0000000080004010 (0x000c00e7) jalr    s8
core   0: 3 0x0000000080004010 (0x000c00e7) x1  0x0000000080004014
core   0: >>>>  any_handler
core   0: 0x0000000080006110 (0x341027f3) csrrs   a5, mepc, zero
core   0: 3 0x0000000080006110 (0x341027f3) x15 0x00000000800045e8
core   0: 0x0000000080006114 (0x34202773) csrrs   a4, mcause, zero
core   0: 3 0x0000000080006114 (0x34202773) x14 0x0000000000000002
core   0: 0x0000000080006118 (0x142026f3) csrrs   a3, scause, zero
core   0: 3 0x0000000080006118 (0x142026f3) x13 0x0000000000000007
core   0: 0x000000008000611c (0x30402673) csrrs   a2, mie, zero
core   0: 3 0x000000008000611c (0x30402673) x12 0x0000000000000a00
core   0: 0x0000000080006120 (0x344025f3) csrrs   a1, mip, zero
core   0: 3 0x0000000080006120 (0x344025f3) x11 0x0000000000000080
core   0: 0x0000000080006124 (0x343025f3) csrrs   a1, mtval, zero
core   0: 3 0x0000000080006124 (0x343025f3) x11 0x00000000c000e673
core   0: 0x0000000080006128 (0x14302573) csrrs   a0, stval, zero
core   0: 3 0x0000000080006128 (0x14302573) x10 0x0000000000000000
core   0: 0x000000008000612c (0xb02024f3) csrrs   s1, minstret, zero
core   0: 3 0x000000008000612c (0xb02024f3) x9  0x00000000000009d6
core   0: 0x0000000080006130 (0x0000a811) c.j     pc + 20
core   0: 3 0x0000000080006130 (0xa811)
core   0: >>>>  mepc_4
core   0: 0x0000000080006144 (0x00000791) c.addi  a5, 4
core   0: 3 0x0000000080006144 (0x0791) x15 0x00000000800045ec
core   0: 0x0000000080006146 (0x34179073) csrrw   zero, mepc, a5
core   0: 3 0x0000000080006146 (0x34179073) c833_mepc 0x00000000800045ec
core   0: 0x000000008000614a (0x30200073) mret
core   0: 3 0x000000008000614a (0x30200073) c768_mstatus 0x8000000a00106080
core   0: 0x00000000800045ec (0x014997bb) sllw    a5, s3, s4
core   0: 1 0x00000000800045ec (0x014997bb) x15 0x0000000002a00000
core   0: 0x00000000800045f0 (0x001c129b) slliw   t0, s8, 1
core   0: 1 0x00000000800045f0 (0x001c129b) x5  0x000000000000c220
core   0: 0x00000000800045f4 (0xa53849b7) lui     s3, 0xa5384
core   0: 1 0x00000000800045f4 (0xa53849b7) x19 0xffffffffa5384000
core   0: 0x00000000800045f8 (0x03548c3b) mulw    s8, s1, s5
core   0: 1 0x00000000800045f8 (0x03548c3b) x24 0x0000000000b2a91c
core   0: 0x00000000800045fc (0x012e5cbb) srlw    s9, t3, s2
core   0: 1 0x00000000800045fc (0x012e5cbb) x25 0x0000000000003fff
core   0: 0x0000000080004600 (0x014a1633) sll     a2, s4, s4
core   0: 1 0x0000000080004600 (0x014a1633) x12 0x0000000401500000
core   0: 0x0000000080004604 (0x02da53bb) divuw   t2, s4, a3
core   0: 1 0x0000000080004604 (0x02da53bb) x7  0x0000000000009279
core   0: 0x0000000080004608 (0x00000001) c.nop
core   0: 1 0x0000000080004608 (0x0001)
core   0: 0x000000008000460a (0x014bd7bb) srlw    a5, s7, s4
core   0: 1 0x000000008000460a (0x014bd7bb) x15 0x000000000000ffff
core   0: 0x000000008000460e (0xf2010cd3) fmv.d.x fs9, sp
core   0: 1 0x000000008000460e (0xf2010cd3) f25 0xffffffff96d56000
core   0: 0x0000000080004612 (0x024145bb) divw    a1, sp, tp
core   0: 1 0x0000000080004612 (0x024145bb) x11 0xfffffffffff51f47
core   0: 0x0000000080004616 (0xd2277a53) fcvt.d.l fs4, a4
core   0: 1 0x0000000080004616 (0xd2277a53) f20 0x4000000000000000
core   0: 0x000000008000461a (0xd2038453) fcvt.d.w fs0, t2
core   0: 1 0x000000008000461a (0xd2038453) f8  0x40e24f2000000000
core   0: 0x000000008000461e (0xc0247b53) fcvt.l.s s6, fs0
core   0: 1 0x000000008000461e (0xc0247b53) c1_fflags 0x0000000000000011 x22 0x7fffffffffffffff
core   0: 0x0000000080004622 (0x024878b3) remu    a7, a6, tp
core   0: 1 0x0000000080004622 (0x024878b3) x17 0x0000000000000000
core   0: 0x0000000080004626 (0x01d78733) add     a4, a5, t4
core   0: 1 0x0000000080004626 (0x01d78733) x14 0x000000000000fec3
core   0: 0x000000008000462a (0x2a4710d3) fmax.d  ft1, fa4, ft4
core   0: 1 0x000000008000462a (0x2a4710d3) f1  0x0000000000000000
core   0: 0x000000008000462e (0xf20e85d3) fmv.d.x fa1, t4
core   0: 1 0x000000008000462e (0xf20e85d3) f11 0xfffffffffffffec4
core   0: 0x0000000080004632 (0x4317dd93) srai    s11, a5, 49
core   0: 1 0x0000000080004632 (0x4317dd93) x27 0x0000000000000000
core   0: 0x0000000080004636 (0xc230f1d3) fcvt.lu.d gp, ft1
core   0: 1 0x0000000080004636 (0xc230f1d3) x3  0x0000000000000000
core   0: 0x000000008000463a (0x00102c73) csrrs   s8, fflags, zero
core   0: 1 0x000000008000463a (0x00102c73) x24 0x0000000000000011
core   0: 0x000000008000463e (0x23ad19d3) fsgnjn.d fs3, fs10, fs10
core   0: 1 0x000000008000463e (0x23ad19d3) f19 0xfff8000000000000
core   0: 0x0000000080004642 (0x032cb3b3) mulhu   t2, s9, s2
core   0: 1 0x0000000080004642 (0x032cb3b3) x7  0x0000000000000000
core   0: 0x0000000080004646 (0xd03778d3) fcvt.s.lu fa7, a4
core   0: 1 0x0000000080004646 (0xd03778d3) f17 0xffffffff477ec300
core   0: 0x000000008000464a (0x40fd5833) sra     a6, s10, a5
core   0: 1 0x000000008000464a (0x40fd5833) x16 0x0000000000000000
core   0: 0x000000008000464e (0x00000001) c.nop
core   0: 1 0x000000008000464e (0x0001)
core   0: 0x0000000080004650 (0x00681b9b) slliw   s7, a6, 6
core   0: 1 0x0000000080004650 (0x00681b9b) x23 0x0000000000000000
core   0: 0x0000000080004654 (0x220c8453) fsgnj.d fs0, fs9, ft0
core   0: 1 0x0000000080004654 (0x220c8453) f8  0xffffffff96d56000
core   0: 0x0000000080004658 (0x00eb23b3) slt     t2, s6, a4
core   0: 1 0x0000000080004658 (0x00eb23b3) x7  0x0000000000000000
core   0: 0x000000008000465c (0x03fb9213) slli    tp, s7, 63
core   0: 1 0x000000008000465c (0x03fb9213) x4  0x0000000000000000
core   0: 0x0000000080004660 (0x4253dc93) srai    s9, t2, 37
core   0: 1 0x0000000080004660 (0x4253dc93) x25 0x0000000000000000
core   0: 0x0000000080004664 (0xfffcc513) not     a0, s9
core   0: 1 0x0000000080004664 (0xfffcc513) x10 0xffffffffffffffff
core   0: 0x0000000080004668 (0xc23073d3) fcvt.lu.d t2, ft0
core   0: 1 0x0000000080004668 (0xc23073d3) c1_fflags 0x0000000000000011 x7  0xffffffffffffffff
core   0: 0x000000008000466c (0x02fe15b3) mulh    a1, t3, a5
core   0: 1 0x000000008000466c (0x02fe15b3) x11 0xffffffffffffffff
core   0: 0x0000000080004670 (0x0225c03b) divw    zero, a1, sp
core   0: 1 0x0000000080004670 (0x0225c03b)
core   0: 0x0000000080004674 (0x0382d393) srli    t2, t0, 56
core   0: 1 0x0000000080004674 (0x0382d393) x7  0x0000000000000000
core   0: 0x0000000080004678 (0x2a921f53) fmax.d  ft10, ft4, fs1
core   0: 1 0x0000000080004678 (0x2a921f53) f30 0x0000000000000000
core   0: 0x000000008000467c (0x03a3ed3b) remw    s10, t2, s10
core   0: 1 0x000000008000467c (0x03a3ed3b) x26 0x0000000000000000
core   0: 0x0000000080004680 (0x0ff0000f) fence   iorw,iorw
core   0: 1 0x0000000080004680 (0x0ff0000f)
core   0: 0x0000000080004684 (0x00000001) c.nop
core   0: 1 0x0000000080004684 (0x0001)
core   0: 0x0000000080004686 (0x00941a3b) sllw    s4, s0, s1
core   0: 1 0x0000000080004686 (0x00941a3b) x20 0x0000000000000000
core   0: 0x000000008000468a (0x023b6b3b) remw    s6, s6, gp
core   0: 1 0x000000008000468a (0x023b6b3b) x22 0xffffffffffffffff
core   0: 0x000000008000468e (0xc21f7343) fmadd.d ft6, ft10, ft1, fs8
core   0: 1 0x000000008000468e (0xc21f7343) f6  0x7ff8000000000000
core   0: 0x0000000080004692 (0x40a3d39b) sraiw   t2, t2, 10
core   0: 1 0x0000000080004692 (0x40a3d39b) x7  0x0000000000000000
core   0: 0x0000000080004696 (0x4389de13) srai    t3, s3, 56
core   0: 1 0x0000000080004696 (0x4389de13) x28 0xffffffffffffffff
core   0: 0x000000008000469a (0x41d9d813) srai    a6, s3, 29
core   0: 1 0x000000008000469a (0x41d9d813) x16 0xfffffffffffffffd
core   0: 0x000000008000469e (0x8cac0793) addi    a5, s8, -1846
core   0: 1 0x000000008000469e (0x8cac0793) x15 0xfffffffffffff8db
core   0: 0x00000000800046a2 (0x035efd33) remu    s10, t4, s5
core   0: 1 0x00000000800046a2 (0x035efd33) x26 0x00000000000010fe
core   0: 0x00000000800046a6 (0x03d0c833) div     a6, ra, t4
core   0: 1 0x00000000800046a6 (0x03d0c833) x16 0xffffffffff984d92
core   0: 0x00000000800046aa (0x000a1013) slli    zero, s4, 0
core   0: 1 0x00000000800046aa (0x000a1013)
core   0: 0x00000000800046ae (0xd020fbd3) fcvt.s.l fs7, ra
core   0: 1 0x00000000800046ae (0xd020fbd3) c1_fflags 0x0000000000000011 f23 0xffffffff4f000040
core   0: 0x00000000800046b2 (0x00000001) c.nop
core   0: 1 0x00000000800046b2 (0x0001)
core   0: 0x00000000800046b4 (0xd03dfad3) fcvt.s.lu fs5, s11
core   0: 1 0x00000000800046b4 (0xd03dfad3) f21 0xffffffff00000000
core   0: 0x00000000800046b8 (0x00000001) c.nop
core   0: 1 0x00000000800046b8 (0x0001)
core   0: 0x00000000800046ba (0x42018fd3) fcvt.d.s ft11, ft3
core   0: 1 0x00000000800046ba (0x42018fd3) f31 0x7ff8000000000000
core   0: 0x00000000800046be (0x23f08353) fsgnj.d ft6, ft1, ft11
core   0: 1 0x00000000800046be (0x23f08353) f6  0x0000000000000000
core   0: 0x00000000800046c2 (0x02d232b3) mulhu   t0, tp, a3
core   0: 1 0x00000000800046c2 (0x02d232b3) x5  0x0000000000000000
core   0: 0x00000000800046c6 (0xc211fa53) fcvt.wu.d s4, ft3
core   0: 1 0x00000000800046c6 (0xc211fa53) c1_fflags 0x0000000000000011 x20 0xffffffffffffffff
core   0: 0x00000000800046ca (0xc03ff253) fcvt.lu.s tp, ft11
core   0: 1 0x00000000800046ca (0xc03ff253) c1_fflags 0x0000000000000011 x4  0xffffffffffffffff
core   0: 0x00000000800046ce (0x00be84bb) addw    s1, t4, a1
core   0: 1 0x00000000800046ce (0x00be84bb) x9  0xfffffffffffffec3
core   0: 0x00000000800046d2 (0x0378d693) srli    a3, a7, 55
core   0: 1 0x00000000800046d2 (0x0378d693) x13 0x0000000000000000
core   0: 0x00000000800046d6 (0x03e1d193) srli    gp, gp, 62
core   0: 1 0x00000000800046d6 (0x03e1d193) x3  0x0000000000000000
core   0: 0x00000000800046da (0x40b055bb) sraw    a1, zero, a1
core   0: 1 0x00000000800046da (0x40b055bb) x11 0x0000000000000000
core   0: 0x00000000800046de (0x001025f3) csrrs   a1, fflags, zero
core   0: 1 0x00000000800046de (0x001025f3) x11 0x0000000000000011
core   0: 0x00000000800046e2 (0x03a583bb) mulw    t2, a1, s10
core   0: 1 0x00000000800046e2 (0x03a583bb) x7  0x00000000000120de
core   0: 0x00000000800046e6 (0xd36d0a1b) addiw   s4, s10, -714
core   0: 1 0x00000000800046e6 (0xd36d0a1b) x20 0x0000000000000e34
core   0: 0x00000000800046ea (0xf37bfe4f) fnmadd.d ft8, fs7, fs7, ft10
core   0: 1 0x00000000800046ea (0xf37bfe4f) f28 0x7ff8000000000000
core   0: 0x00000000800046ee (0x002198f3) csrrw   a7, frm, gp
core   0: 1 0x00000000800046ee (0x002198f3) x17 0x0000000000000000 c2_frm 0x0000000000000000
core   0: 0x00000000800046f2 (0x01d3033b) addw    t1, t1, t4
core   0: 1 0x00000000800046f2 (0x01d3033b) x6  0xfffffffffffffec4
core   0: 0x00000000800046f6 (0x0038853b) addw    a0, a7, gp
core   0: 1 0x00000000800046f6 (0x0038853b) x10 0x0000000000000000
core   0: 0x00000000800046fa (0x0116f6b3) and     a3, a3, a7
core   0: 1 0x00000000800046fa (0x0116f6b3) x13 0x0000000000000000
core   0: 0x00000000800046fe (0x40025d9b) sraiw   s11, tp, 0
core   0: 1 0x00000000800046fe (0x40025d9b) x27 0xffffffffffffffff
core   0: 0x0000000080004702 (0x2bb112d3) fmax.d  ft5, ft2, fs11
core   0: 1 0x0000000080004702 (0x2bb112d3) f5  0x0000000000000000
core   0: 0x0000000080004706 (0x1b95fed3) fdiv.d  ft9, fa1, fs9
core   0: 1 0x0000000080004706 (0x1b95fed3) f29 0x7ff8000000000000
core   0: 0x000000008000470a (0x41aa541b) sraiw   s0, s4, 26
core   0: 1 0x000000008000470a (0x41aa541b) x8  0x0000000000000000
core   0: 0x000000008000470e (0x408958b3) sra     a7, s2, s0
core   0: 1 0x000000008000470e (0x408958b3) x17 0x00000000efeb4332
core   0: 0x0000000080004712 (0xc21cfcd3) fcvt.wu.d s9, fs9
core   0: 1 0x0000000080004712 (0xc21cfcd3) c1_fflags 0x0000000000000011 x25 0xffffffffffffffff
core   0: 0x0000000080004716 (0x4022db1b) sraiw   s6, t0, 2
core   0: 1 0x0000000080004716 (0x4022db1b) x22 0x0000000000000000
core   0: 0x000000008000471a (0x01ad0533) add     a0, s10, s10
core   0: 1 0x000000008000471a (0x01ad0533) x10 0x00000000000021fc
core   0: 0x000000008000471e (0xd20689d3) fcvt.d.w fs3, a3
core   0: 1 0x000000008000471e (0xd20689d3) f19 0x0000000000000000
core   0: 0x0000000080004722 (0xff369eb7) lui     t4, 0xff369
core   0: 1 0x0000000080004722 (0xff369eb7) x29 0xffffffffff369000
core   0: 0x0000000080004726 (0xd0de8e9b) addiw   t4, t4, -755
core   0: 1 0x0000000080004726 (0xd0de8e9b) x29 0xffffffffff368d0d
core   0: 0x000000008000472a (0x00000eb6) c.slli  t4, 13
core   0: 1 0x000000008000472a (0x0eb6) x29 0xffffffe6d1a1a000
core   0: 0x000000008000472c (0x2d7e8e93) addi    t4, t4, 727
core   0: 1 0x000000008000472c (0x2d7e8e93) x29 0xffffffe6d1a1a2d7
core   0: 0x0000000080004730 (0xf1123273) csrrc   tp, mvendorid, tp
core   0: exception trap_illegal_instruction, epc 0x0000000080004730
core   0:           tval 0x00000000f1123273
core   0: >>>>  $xrv64i2p1_m2p0_a2p1_f2p2_d2p2_zicsr2p0_zifencei2p0_zmmul1p0_zba1p0_zbb1p0_zbc1p0_zbs1p0
core   0: 0x0000000080004000 (0x0080006f) j       pc + 0x8
core   0: 3 0x0000000080004000 (0x0080006f)
core   0: >>>>  mmode_exception_handler
core   0: 0x0000000080004008 (0x00002c17) auipc   s8, 0x2
core   0: 3 0x0000000080004008 (0x00002c17) x24 0x0000000080006008
core   0: 0x000000008000400c (0x108c0c13) addi    s8, s8, 264
core   0: 3 0x000000008000400c (0x108c0c13) x24 0x0000000080006110
core   0: 0x0000000080004010 (0x000c00e7) jalr    s8
core   0: 3 0x0000000080004010 (0x000c00e7) x1  0x0000000080004014
core   0: >>>>  any_handler
core   0: 0x0000000080006110 (0x341027f3) csrrs   a5, mepc, zero
core   0: 3 0x0000000080006110 (0x341027f3) x15 0x0000000080004730
core   0: 0x0000000080006114 (0x34202773) csrrs   a4, mcause, zero
core   0: 3 0x0000000080006114 (0x34202773) x14 0x0000000000000002
core   0: 0x0000000080006118 (0x142026f3) csrrs   a3, scause, zero
core   0: 3 0x0000000080006118 (0x142026f3) x13 0x0000000000000007
core   0: 0x000000008000611c (0x30402673) csrrs   a2, mie, zero
core   0: 3 0x000000008000611c (0x30402673) x12 0x0000000000000a00
core   0: 0x0000000080006120 (0x344025f3) csrrs   a1, mip, zero
core   0: 3 0x0000000080006120 (0x344025f3) x11 0x0000000000000080
core   0: 0x0000000080006124 (0x343025f3) csrrs   a1, mtval, zero
core   0: 3 0x0000000080006124 (0x343025f3) x11 0x00000000f1123273
core   0: 0x0000000080006128 (0x14302573) csrrs   a0, stval, zero
core   0: 3 0x0000000080006128 (0x14302573) x10 0x0000000000000000
core   0: 0x000000008000612c (0xb02024f3) csrrs   s1, minstret, zero
core   0: 3 0x000000008000612c (0xb02024f3) x9  0x0000000000000a3a
core   0: 0x0000000080006130 (0x0000a811) c.j     pc + 20
core   0: 3 0x0000000080006130 (0xa811)
core   0: >>>>  mepc_4
core   0: 0x0000000080006144 (0x00000791) c.addi  a5, 4
core   0: 3 0x0000000080006144 (0x0791) x15 0x0000000080004734
core   0: 0x0000000080006146 (0x34179073) csrrw   zero, mepc, a5
core   0: 3 0x0000000080006146 (0x34179073) c833_mepc 0x0000000080004734
core   0: 0x000000008000614a (0x30200073) mret
core   0: 3 0x000000008000614a (0x30200073) c768_mstatus 0x8000000a00106080
core   0: 0x0000000080004734 (0x40eedc93) srai    s9, t4, 14
core   0: 1 0x0000000080004734 (0x40eedc93) x25 0xffffffffff9b4686
core   0: 0x0000000080004738 (0x5ed64213) xori    tp, a2, 1517
core   0: 1 0x0000000080004738 (0x5ed64213) x4  0x0000000000000fed
core   0: 0x000000008000473c (0x22028c53) fsgnj.d fs8, ft5, ft0
core   0: 1 0x000000008000473c (0x22028c53) f24 0x8000000000000000
core   0: 0x0000000080004740 (0xf06d5837) lui     a6, 0xf06d5
core   0: 1 0x0000000080004740 (0xf06d5837) x16 0xfffffffff06d5000
core   0: 0x0000000080004744 (0x035d9e33) mulh    t3, s11, s5
core   0: 1 0x0000000080004744 (0x035d9e33) x28 0xffffffffffffffff
core   0: 0x0000000080004748 (0x006cf733) and     a4, s9, t1
core   0: 1 0x0000000080004748 (0x006cf733) x14 0xffffffffff9b4684
core   0: 0x000000008000474c (0x5a0c7b53) fsqrt.d fs6, fs8
core   0: 1 0x000000008000474c (0x5a0c7b53) f22 0x8000000000000000
core   0: 0x0000000080004750 (0x002a0cb3) add     s9, s4, sp
core   0: 1 0x0000000080004750 (0x002a0cb3) x25 0xffffffff96d56e34
core   0: 0x0000000080004754 (0x03e75b13) srli    s6, a4, 62
core   0: 1 0x0000000080004754 (0x03e75b13) x22 0x0000000000000003
core   0: 0x0000000080004758 (0x418cdbbb) sraw    s7, s9, s8
core   0: 1 0x0000000080004758 (0x418cdbbb) x23 0xffffffffffff96d5
core   0: 0x000000008000475c (0x003b9993) slli    s3, s7, 3
core   0: 1 0x000000008000475c (0x003b9993) x19 0xfffffffffffcb6a8
core   0: 0x0000000080004760 (0x00219c73) csrrw   s8, frm, gp
core   0: 1 0x0000000080004760 (0x00219c73) x24 0x0000000000000000 c2_frm 0x0000000000000000
core   0: 0x0000000080004764 (0x1bb1f2d3) fdiv.d  ft5, ft3, fs11
core   0: 1 0x0000000080004764 (0x1bb1f2d3) f5  0x7ff8000000000000
core   0: 0x0000000080004768 (0x2a5002d3) fmin.d  ft5, ft0, ft5
core   0: 1 0x0000000080004768 (0x2a5002d3) f5  0x7ff8000000000000
core   0: 0x000000008000476c (0x001b991b) slliw   s2, s7, 1
core   0: 1 0x000000008000476c (0x001b991b) x18 0xffffffffffff2daa
core   0: 0x0000000080004770 (0x034158b3) divu    a7, sp, s4
core   0: 1 0x0000000080004770 (0x034158b3) x17 0x00120632213404e2
core   0: 0x0000000080004774 (0x01defeb3) and     t4, t4, t4
core   0: 1 0x0000000080004774 (0x01defeb3) x29 0xffffffe6d1a1a2d7
core   0: 0x0000000080004778 (0x01115133) srl     sp, sp, a7
core   0: 1 0x0000000080004778 (0x01115133) x2  0x000000003fffffff
core   0: 0x000000008000477c (0x0229093b) mulw    s2, s2, sp
core   0: 1 0x000000008000477c (0x0229093b) x18 0xffffffff8000d256
core   0: 0x0000000080004780 (0x0181e3b3) or      t2, gp, s8
core   0: 1 0x0000000080004780 (0x0181e3b3) x7  0x0000000000000000
core   0: 0x0000000080004784 (0x00311b3b) sllw    s6, sp, gp
core   0: 1 0x0000000080004784 (0x00311b3b) x22 0x000000003fffffff
core   0: 0x0000000080004788 (0x03cc1eb3) mulh    t4, s8, t3
core   0: 1 0x0000000080004788 (0x03cc1eb3) x29 0x0000000000000000
core   0: 0x000000008000478c (0xe2020e53) fmv.x.d t3, ft4
core   0: 1 0x000000008000478c (0xe2020e53) x28 0x0000000000000000
core   0: 0x0000000080004790 (0x222e8a53) fsgnj.d fs4, ft9, ft2
core   0: 1 0x0000000080004790 (0x222e8a53) f20 0x7ff8000000000000
core   0: 0x0000000080004794 (0x02d5cb33) div     s6, a1, a3
core   0: 1 0x0000000080004794 (0x02d5cb33) x22 0x0000000022705059
core   0: 0x0000000080004798 (0x0b43ff53) fsub.d  ft10, ft7, fs4
core   0: 1 0x0000000080004798 (0x0b43ff53) f30 0x7ff8000000000000
core   0: 0x000000008000479c (0x40117153) fcvt.s.d ft2, ft2
core   0: 1 0x000000008000479c (0x40117153) f2  0xffffffff00000000
core   0: 0x00000000800047a0 (0x03cb043b) mulw    s0, s6, t3
core   0: 1 0x00000000800047a0 (0x03cb043b) x8  0x0000000000000000
core   0: 0x00000000800047a4 (0x030e46bb) divw    a3, t3, a6
core   0: 1 0x00000000800047a4 (0x030e46bb) x13 0x0000000000000000
core   0: 0x00000000800047a8 (0x416685b3) sub     a1, a3, s6
core   0: 1 0x00000000800047a8 (0x416685b3) x11 0xffffffffdd8fafa7
core   0: 0x00000000800047ac (0x003a953b) sllw    a0, s5, gp
core   0: 1 0x00000000800047ac (0x003a953b) x10 0x000000000000122a
core   0: 0x00000000800047b0 (0x3a25754f) fnmadd.d fa0, fa0, ft2, ft7
core   0: 1 0x00000000800047b0 (0x3a25754f) f10 0x7ff8000000000000
core   0: 0x00000000800047b4 (0x0118a8b3) slt     a7, a7, a7
core   0: 1 0x00000000800047b4 (0x0118a8b3) x17 0x0000000000000000
core   0: 0x00000000800047b8 (0x006a8d33) add     s10, s5, t1
core   0: 1 0x00000000800047b8 (0x006a8d33) x26 0x00000000000010ee
core   0: 0x00000000800047bc (0x01a5e5b3) or      a1, a1, s10
core   0: 1 0x00000000800047bc (0x01a5e5b3) x11 0xffffffffdd8fbfef
core   0: 0x00000000800047c0 (0x5a007053) fsqrt.d ft0, ft0
core   0: 1 0x00000000800047c0 (0x5a007053) f0  0x7ff8000000000000
core   0: 0x00000000800047c4 (0x00202173) csrrs   sp, frm, zero
core   0: 1 0x00000000800047c4 (0x00202173) x2  0x0000000000000000
core   0: 0x00000000800047c8 (0x40b1053b) subw    a0, sp, a1
core   0: 1 0x00000000800047c8 (0x40b1053b) x10 0x0000000022704011
core   0: 0x00000000800047cc (0x2391a1d3) fsgnjx.d ft3, ft3, fs9
core   0: 1 0x00000000800047cc (0x2391a1d3) f3  0xfff8000000000000
core   0: 0x00000000800047d0 (0x00000001) c.nop
core   0: 1 0x00000000800047d0 (0x0001)
core   0: 0x00000000800047d2 (0x022bf1b3) remu    gp, s7, sp
core   0: 1 0x00000000800047d2 (0x022bf1b3) x3  0xffffffffffff96d5
core   0: 0x00000000800047d6 (0xc2097153) fcvt.w.d sp, fs2
core   0: 1 0x00000000800047d6 (0xc2097153) c1_fflags 0x0000000000000011 x2  0x000000007fffffff
core   0: 0x00000000800047da (0x00cdd293) srli    t0, s11, 12
core   0: 1 0x00000000800047da (0x00cdd293) x5  0x000fffffffffffff
core   0: 0x00000000800047de (0x142a55f3) csrrwi  a1, scause, 20
core   0: 1 0x00000000800047de (0x142a55f3) x11 0x0000000000000007 c322_scause 0x0000000000000014
core   0: 0x00000000800047e2 (0xd20e8ed3) fcvt.d.w ft9, t4
core   0: 1 0x00000000800047e2 (0xd20e8ed3) f29 0x0000000000000000
core   0: 0x00000000800047e6 (0xc23870d3) fcvt.lu.d ra, fa6
core   0: 1 0x00000000800047e6 (0xc23870d3) c1_fflags 0x0000000000000011 x1  0xffffffffffffffff
core   0: 0x00000000800047ea (0x00e1803b) addw    zero, gp, a4
core   0: 1 0x00000000800047ea (0x00e1803b)
core   0: 0x00000000800047ee (0xd02078d3) fcvt.s.l fa7, zero
core   0: 1 0x00000000800047ee (0xd02078d3) f17 0xffffffff00000000
core   0: 0x00000000800047f2 (0x29900637) lui     a2, 0x29900
core   0: 1 0x00000000800047f2 (0x29900637) x12 0x0000000029900000
core   0: 0x00000000800047f6 (0x01036c33) or      s8, t1, a6
core   0: 1 0x00000000800047f6 (0x01036c33) x24 0xfffffffffffffec4
core   0: 0x00000000800047fa (0xd22af453) fcvt.d.l fs0, s5
core   0: 1 0x00000000800047fa (0xd22af453) f8  0x40b22a0000000000
core   0: 0x00000000800047fe (0xd2048253) fcvt.d.w ft4, s1
core   0: 1 0x00000000800047fe (0xd2048253) f4  0x40a4740000000000
core   0: 0x0000000080004802 (0x0ac67953) fsub.d  fs2, fa2, fa2
core   0: 1 0x0000000080004802 (0x0ac67953) f18 0x7ff8000000000000
core   0: 0x0000000080004806 (0x40e88a3b) subw    s4, a7, a4
core   0: 1 0x0000000080004806 (0x40e88a3b) x20 0x000000000064b97c
core   0: 0x000000008000480a (0x83b97843) fmadd.d fa6, fs2, fs11, fa6
core   0: 1 0x000000008000480a (0x83b97843) f16 0x7ff8000000000000
core   0: 0x000000008000480e (0xc03a79d3) fcvt.lu.s s3, fs4
core   0: 1 0x000000008000480e (0xc03a79d3) c1_fflags 0x0000000000000011 x19 0xffffffffffffffff
core   0: 0x0000000080004812 (0x2269a5d3) fsgnjx.d fa1, fs3, ft6
core   0: 1 0x0000000080004812 (0x2269a5d3) f11 0x0000000000000000
core   0: 0x0000000080004816 (0x012d85b3) add     a1, s11, s2
core   0: 1 0x0000000080004816 (0x012d85b3) x11 0xffffffff8000d255
core   0: 0x000000008000481a (0x02bcfbb3) remu    s7, s9, a1
core   0: 1 0x000000008000481a (0x02bcfbb3) x23 0x0000000016d49bdf
core   0: 0x000000008000481e (0x00000001) c.nop
core   0: 1 0x000000008000481e (0x0001)
core   0: 0x0000000080004820 (0x40137e53) fcvt.s.d ft8, ft6
core   0: 1 0x0000000080004820 (0x40137e53) f28 0xffffffff00000000
core   0: 0x0000000080004824 (0x0a62f2d3) fsub.d  ft5, ft5, ft6
core   0: 1 0x0000000080004824 (0x0a62f2d3) f5  0x7ff8000000000000
core   0: 0x0000000080004828 (0x41585b33) sra     s6, a6, s5
core   0: 1 0x0000000080004828 (0x41585b33) x22 0xffffffffffffffff
core   0: 0x000000008000482c (0x0363febb) remuw   t4, t2, s6
core   0: 1 0x000000008000482c (0x0363febb) x29 0x0000000000000000
core   0: 0x0000000080004830 (0xd2180f53) fcvt.d.wu ft10, a6
core   0: 1 0x0000000080004830 (0xd2180f53) f30 0x41ee0daa00000000
core   0: 0x0000000080004834 (0x00d912b3) sll     t0, s2, a3
core   0: 1 0x0000000080004834 (0x00d912b3) x5  0xffffffff8000d256
core   0: 0x0000000080004838 (0x4087d9bb) sraw    s3, a5, s0
core   0: 1 0x0000000080004838 (0x4087d9bb) x19 0xffffffff80004734
core   0: 0x000000008000483c (0x01ced533) srl     a0, t4, t3
core   0: 1 0x000000008000483c (0x01ced533) x10 0x0000000000000000
core   0: 0x0000000080004840 (0x4070503b) sraw    zero, zero, t2
core   0: 1 0x0000000080004840 (0x4070503b)
core   0: 0x0000000080004844 (0x1433b5f3) csrrc   a1, stval, t2
core   0: 1 0x0000000080004844 (0x1433b5f3) x11 0x0000000000000000 c323_stval 0x0000000000000000
core   0: 0x0000000080004848 (0x01c59d1b) slliw   s10, a1, 28
core   0: 1 0x0000000080004848 (0x01c59d1b) x26 0x0000000000000000
core   0: 0x000000008000484c (0x00000001) c.nop
core   0: 1 0x000000008000484c (0x0001)
core   0: 0x000000008000484e (0x12597453) fmul.d  fs0, fs2, ft5
core   0: 1 0x000000008000484e (0x12597453) f8  0x7ff8000000000000
core   0: 0x0000000080004852 (0x13ef7cd3) fmul.d  fs9, ft10, ft10
core   0: 1 0x0000000080004852 (0x13ef7cd3) f25 0x43ec39a495a72000
core   0: 0x0000000080004856 (0x4196063b) subw    a2, a2, s9
core   0: 1 0x0000000080004856 (0x4196063b) x12 0xffffffff92ba91cc
core   0: 0x000000008000485a (0x401b549b) sraiw   s1, s6, 1
core   0: 1 0x000000008000485a (0x401b549b) x9  0xffffffffffffffff
core   0: 0x000000008000485e (0x007b501b) srliw   zero, s6, 7
core   0: 1 0x000000008000485e (0x007b501b)
core   0: 0x0000000080004862 (0x40635d13) srai    s10, t1, 6
core   0: 1 0x0000000080004862 (0x40635d13) x26 0xfffffffffffffffb
core   0: 0x0000000080004866 (0x01bdd9b3) srl     s3, s11, s11
core   0: 1 0x0000000080004866 (0x01bdd9b3) x19 0x0000000000000001
core   0: 0x000000008000486a (0x02054533) div     a0, a0, zero
core   0: 1 0x000000008000486a (0x02054533) x10 0xffffffffffffffff
core   0: 0x000000008000486e (0x0d8d4213) xori    tp, s10, 216
core   0: 1 0x000000008000486e (0x0d8d4213) x4  0xffffffffffffff23
core   0: 0x0000000080004872 (0x00009a12) c.add   s4, tp
core   0: 1 0x0000000080004872 (0x9a12) x20 0x000000000064b89f
core   0: 0x0000000080004874 (0x41fcdd9b) sraiw   s11, s9, 31
core   0: 1 0x0000000080004874 (0x41fcdd9b) x27 0xffffffffffffffff
core   0: 0x0000000080004878 (0x230617d3) fsgnjn.d fa5, fa2, fa6
core   0: 1 0x0000000080004878 (0x230617d3) f15 0xfff8000000000000
core   0: 0x000000008000487c (0xd028f2d3) fcvt.s.l ft5, a7
core   0: 1 0x000000008000487c (0xd028f2d3) f5  0xffffffff00000000
core   0: 0x0000000080004880 (0x00422eb3) slt     t4, tp, tp
core   0: 1 0x0000000080004880 (0x00422eb3) x29 0x0000000000000000
core   0: 0x0000000080004884 (0x41440033) sub     zero, s0, s4
core   0: 1 0x0000000080004884 (0x41440033)
core   0: 0x0000000080004888 (0x00201e73) csrrw   t3, frm, zero
core   0: 1 0x0000000080004888 (0x00201e73) x28 0x0000000000000000 c2_frm 0x0000000000000000
core   0: 0x000000008000488c (0x024cf9d3) fadd.d  fs3, fs9, ft4
core   0: 1 0x000000008000488c (0x024cf9d3) c1_fflags 0x0000000000000011 f19 0x43ec39a495a72001
core   0: 0x0000000080004890 (0xc027f353) fcvt.l.s t1, fa5
core   0: 1 0x0000000080004890 (0xc027f353) c1_fflags 0x0000000000000011 x6  0x7fffffffffffffff
core   0: 0x0000000080004894 (0x007597b7) lui     a5, 0x759
core   0: 1 0x0000000080004894 (0x007597b7) x15 0x0000000000759000
core   0: 0x0000000080004898 (0x4bd7879b) addiw   a5, a5, 1213
core   0: 1 0x0000000080004898 (0x4bd7879b) x15 0x00000000007594bd
core   0: 0x000000008000489c (0x000007c2) c.slli  a5, 16
core   0: 1 0x000000008000489c (0x07c2) x15 0x0000007594bd0000
core   0: 0x000000008000489e (0x13c78793) addi    a5, a5, 316
core   0: 1 0x000000008000489e (0x13c78793) x15 0x0000007594bd013c
core   0: 0x00000000800048a2 (0x0609071b) addiw   a4, s2, 96
core   0: 1 0x00000000800048a2 (0x0609071b) x14 0xffffffff8000d2b6
core   0: 0x00000000800048a6 (0x30309473) csrrw   s0, mideleg, ra
core   0: exception trap_illegal_instruction, epc 0x00000000800048a6
core   0:           tval 0x0000000030309473
core   0: >>>>  $xrv64i2p1_m2p0_a2p1_f2p2_d2p2_zicsr2p0_zifencei2p0_zmmul1p0_zba1p0_zbb1p0_zbc1p0_zbs1p0
core   0: 0x0000000080004000 (0x0080006f) j       pc + 0x8
core   0: 3 0x0000000080004000 (0x0080006f)
core   0: >>>>  mmode_exception_handler
core   0: 0x0000000080004008 (0x00002c17) auipc   s8, 0x2
core   0: 3 0x0000000080004008 (0x00002c17) x24 0x0000000080006008
core   0: 0x000000008000400c (0x108c0c13) addi    s8, s8, 264
core   0: 3 0x000000008000400c (0x108c0c13) x24 0x0000000080006110
core   0: 0x0000000080004010 (0x000c00e7) jalr    s8
core   0: 3 0x0000000080004010 (0x000c00e7) x1  0x0000000080004014
core   0: >>>>  any_handler
core   0: 0x0000000080006110 (0x341027f3) csrrs   a5, mepc, zero
core   0: 3 0x0000000080006110 (0x341027f3) x15 0x00000000800048a6
core   0: 0x0000000080006114 (0x34202773) csrrs   a4, mcause, zero
core   0: 3 0x0000000080006114 (0x34202773) x14 0x0000000000000002
core   0: 0x0000000080006118 (0x142026f3) csrrs   a3, scause, zero
core   0: 3 0x0000000080006118 (0x142026f3) x13 0x0000000000000014
core   0: 0x000000008000611c (0x30402673) csrrs   a2, mie, zero
core   0: 3 0x000000008000611c (0x30402673) x12 0x0000000000000a00
core   0: 0x0000000080006120 (0x344025f3) csrrs   a1, mip, zero
core   0: 3 0x0000000080006120 (0x344025f3) x11 0x0000000000000080
core   0: 0x0000000080006124 (0x343025f3) csrrs   a1, mtval, zero
core   0: 3 0x0000000080006124 (0x343025f3) x11 0x0000000030309473
core   0: 0x0000000080006128 (0x14302573) csrrs   a0, stval, zero
core   0: 3 0x0000000080006128 (0x14302573) x10 0x0000000000000000
core   0: 0x000000008000612c (0xb02024f3) csrrs   s1, minstret, zero
core   0: 3 0x000000008000612c (0xb02024f3) x9  0x0000000000000aa9
core   0: 0x0000000080006130 (0x0000a811) c.j     pc + 20
core   0: 3 0x0000000080006130 (0xa811)
core   0: >>>>  mepc_4
core   0: 0x0000000080006144 (0x00000791) c.addi  a5, 4
core   0: 3 0x0000000080006144 (0x0791) x15 0x00000000800048aa
core   0: 0x0000000080006146 (0x34179073) csrrw   zero, mepc, a5
core   0: 3 0x0000000080006146 (0x34179073) c833_mepc 0x00000000800048aa
core   0: 0x000000008000614a (0x30200073) mret
core   0: 3 0x000000008000614a (0x30200073) c768_mstatus 0x8000000a00106080
core   0: 0x00000000800048aa (0x0087573b) srlw    a4, a4, s0
core   0: 1 0x00000000800048aa (0x0087573b) x14 0x0000000000000002
core   0: 0x00000000800048ae (0xf5e5c393) xori    t2, a1, -162
core   0: 1 0x00000000800048ae (0xf5e5c393) x7  0xffffffffcfcf6b2d
core   0: 0x00000000800048b2 (0x23410653) fsgnj.d fa2, ft2, fs4
core   0: 1 0x00000000800048b2 (0x23410653) f12 0x7fffffff00000000
core   0: 0x00000000800048b6 (0x0273f1bb) remuw   gp, t2, t2
core   0: 1 0x00000000800048b6 (0x0273f1bb) x3  0x0000000000000000
core   0: 0x00000000800048ba (0xfff38e9b) addiw   t4, t2, -1
core   0: 1 0x00000000800048ba (0xfff38e9b) x29 0xffffffffcfcf6b2c
core   0: 0x00000000800048be (0x00e98a3b) addw    s4, s3, a4
core   0: 1 0x00000000800048be (0x00e98a3b) x20 0x0000000000000003
core   0: 0x00000000800048c2 (0x23b62fd3) fsgnjx.d ft11, fa2, fs11
core   0: 1 0x00000000800048c2 (0x23b62fd3) f31 0x7fffffff00000000
core   0: 0x00000000800048c6 (0x03c4c53b) divw    a0, s1, t3
core   0: 1 0x00000000800048c6 (0x03c4c53b) x10 0xffffffffffffffff
core   0: 0x00000000800048ca (0x3ddeee93) ori     t4, t4, 989
core   0: 1 0x00000000800048ca (0x3ddeee93) x29 0xffffffffcfcf6bfd
core   0: 0x00000000800048ce (0x000bdb9b) srliw   s7, s7, 0
core   0: 1 0x00000000800048ce (0x000bdb9b) x23 0x0000000016d49bdf
core   0: 0x00000000800048d2 (0x96605c97) auipc   s9, 0x96605
core   0: 1 0x00000000800048d2 (0x96605c97) x25 0x00000000166098d2
core   0: 0x00000000800048d6 (0x0007171b) slliw   a4, a4, 0
core   0: 1 0x00000000800048d6 (0x0007171b) x14 0x0000000000000002
core   0: 0x00000000800048da (0x0286d3bb) divuw   t2, a3, s0
core   0: 1 0x00000000800048da (0x0286d3bb) x7  0xffffffffffffffff
core   0: 0x00000000800048de (0x4f1d881b) addiw   a6, s11, 1265
core   0: 1 0x00000000800048de (0x4f1d881b) x16 0x00000000000004f0
core   0: 0x00000000800048e2 (0x03564eb3) div     t4, a2, s5
core   0: 1 0x00000000800048e2 (0x03564eb3) x29 0x0000000000000000
core   0: 0x00000000800048e6 (0xd03af753) fcvt.s.lu fa4, s5
core   0: 1 0x00000000800048e6 (0xd03af753) f14 0xffffffff45915000
core   0: 0x00000000800048ea (0x036af4d3) fadd.d  fs1, fs5, fs6
core   0: 1 0x00000000800048ea (0x036af4d3) f9  0x7ff8000000000000
core   0: 0x00000000800048ee (0x42048dd3) fcvt.d.s fs11, fs1
core   0: 1 0x00000000800048ee (0x42048dd3) f27 0x7ff8000000000000
core   0: 0x00000000800048f2 (0x9b9cf0cf) fnmadd.d ft1, fs9, fs9, fs3
core   0: 1 0x00000000800048f2 (0x9b9cf0cf) c1_fflags 0x0000000000000011 f1  0xc7e8e547db881c0f
core   0: 0x00000000800048f6 (0x015d1d1b) slliw   s10, s10, 21
core   0: 1 0x00000000800048f6 (0x015d1d1b) x26 0xffffffffff600000
core   0: 0x00000000800048fa (0x6b040e1b) addiw   t3, s0, 1712
core   0: 1 0x00000000800048fa (0x6b040e1b) x28 0x00000000000006b0
core   0: 0x00000000800048fe (0x01855393) srli    t2, a0, 24
core   0: 1 0x00000000800048fe (0x01855393) x7  0x000000ffffffffff
core   0: 0x0000000080004902 (0x41c3db93) srai    s7, t2, 28
core   0: 1 0x0000000080004902 (0x41c3db93) x23 0x0000000000000fff
core   0: 0x0000000080004906 (0x0331f153) fadd.d  ft2, ft3, fs3
core   0: 1 0x0000000080004906 (0x0331f153) f2  0x7ff8000000000000
core   0: 0x000000008000490a (0x40b3d59b) sraiw   a1, t2, 11
core   0: 1 0x000000008000490a (0x40b3d59b) x11 0xffffffffffffffff
core   0: 0x000000008000490e (0x2be79f53) fmax.d  ft10, fa5, ft10
core   0: 1 0x000000008000490e (0x2be79f53) f30 0x41ee0daa00000000
core   0: 0x0000000080004912 (0x8003879b) addiw   a5, t2, -2048
core   0: 1 0x0000000080004912 (0x8003879b) x15 0xfffffffffffff7ff
core   0: 0x0000000080004916 (0x022191b3) mulh    gp, gp, sp
core   0: 1 0x0000000080004916 (0x022191b3) x3  0x0000000000000000
core   0: 0x000000008000491a (0xff7ccbb7) lui     s7, 0xff7cc
core   0: 1 0x000000008000491a (0xff7ccbb7) x23 0xffffffffff7cc000
core   0: 0x000000008000491e (0x54fb8b9b) addiw   s7, s7, 1359
core   0: 1 0x000000008000491e (0x54fb8b9b) x23 0xffffffffff7cc54f
core   0: 0x0000000080004922 (0x00000bb2) c.slli  s7, 12
core   0: 1 0x0000000080004922 (0x0bb2) x23 0xfffffff7cc54f000
core   0: 0x0000000080004924 (0x996b8b93) addi    s7, s7, -1642
core   0: 1 0x0000000080004924 (0x996b8b93) x23 0xfffffff7cc54e996
core   0: 0x0000000080004928 (0x0224873b) mulw    a4, s1, sp
core   0: 1 0x0000000080004928 (0x0224873b) x14 0x000000007ffff557
core   0: 0x000000008000492c (0xf20a8953) fmv.d.x fs2, s5
core   0: 1 0x000000008000492c (0xf20a8953) f18 0x000000000000122a
core   0: 0x0000000080004930 (0x02e7043b) mulw    s0, a4, a4
core   0: 1 0x0000000080004930 (0x02e7043b) x8  0x000000000071a391
core   0: 0x0000000080004934 (0x00291973) csrrw   s2, frm, s2
core   0: 1 0x0000000080004934 (0x00291973) x18 0x0000000000000000 c2_frm 0x0000000000000006
core   0: 0x0000000080004938 (0x00840d33) add     s10, s0, s0
core   0: 1 0x0000000080004938 (0x00840d33) x26 0x0000000000e34722
core   0: 0x000000008000493c (0x001393f3) csrrw   t2, fflags, t2
core   0: 1 0x000000008000493c (0x001393f3) x7  0x0000000000000011 c1_fflags 0x000000000000001f
core   0: 0x0000000080004940 (0x1a23f653) fdiv.d  fa2, ft7, ft2
core   0: exception trap_illegal_instruction, epc 0x0000000080004940
core   0:           tval 0x000000001a23f653
core   0: >>>>  $xrv64i2p1_m2p0_a2p1_f2p2_d2p2_zicsr2p0_zifencei2p0_zmmul1p0_zba1p0_zbb1p0_zbc1p0_zbs1p0
core   0: 0x0000000080004000 (0x0080006f) j       pc + 0x8
core   0: 3 0x0000000080004000 (0x0080006f)
core   0: >>>>  mmode_exception_handler
core   0: 0x0000000080004008 (0x00002c17) auipc   s8, 0x2
core   0: 3 0x0000000080004008 (0x00002c17) x24 0x0000000080006008
core   0: 0x000000008000400c (0x108c0c13) addi    s8, s8, 264
core   0: 3 0x000000008000400c (0x108c0c13) x24 0x0000000080006110
core   0: 0x0000000080004010 (0x000c00e7) jalr    s8
core   0: 3 0x0000000080004010 (0x000c00e7) x1  0x0000000080004014
core   0: >>>>  any_handler
core   0: 0x0000000080006110 (0x341027f3) csrrs   a5, mepc, zero
core   0: 3 0x0000000080006110 (0x341027f3) x15 0x0000000080004940
core   0: 0x0000000080006114 (0x34202773) csrrs   a4, mcause, zero
core   0: 3 0x0000000080006114 (0x34202773) x14 0x0000000000000002
core   0: 0x0000000080006118 (0x142026f3) csrrs   a3, scause, zero
core   0: 3 0x0000000080006118 (0x142026f3) x13 0x0000000000000014
core   0: 0x000000008000611c (0x30402673) csrrs   a2, mie, zero
core   0: 3 0x000000008000611c (0x30402673) x12 0x0000000000000a00
core   0: 0x0000000080006120 (0x344025f3) csrrs   a1, mip, zero
core   0: 3 0x0000000080006120 (0x344025f3) x11 0x0000000000000080
core   0: 0x0000000080006124 (0x343025f3) csrrs   a1, mtval, zero
core   0: 3 0x0000000080006124 (0x343025f3) x11 0x000000001a23f653
core   0: 0x0000000080006128 (0x14302573) csrrs   a0, stval, zero
core   0: 3 0x0000000080006128 (0x14302573) x10 0x0000000000000000
core   0: 0x000000008000612c (0xb02024f3) csrrs   s1, minstret, zero
core   0: 3 0x000000008000612c (0xb02024f3) x9  0x0000000000000adf
core   0: 0x0000000080006130 (0x0000a811) c.j     pc + 20
core   0: 3 0x0000000080006130 (0xa811)
core   0: >>>>  mepc_4
core   0: 0x0000000080006144 (0x00000791) c.addi  a5, 4
core   0: 3 0x0000000080006144 (0x0791) x15 0x0000000080004944
core   0: 0x0000000080006146 (0x34179073) csrrw   zero, mepc, a5
core   0: 3 0x0000000080006146 (0x34179073) c833_mepc 0x0000000080004944
core   0: 0x000000008000614a (0x30200073) mret
core   0: 3 0x000000008000614a (0x30200073) c768_mstatus 0x8000000a00106080
core   0: 0x0000000080004944 (0x4003d71b) sraiw   a4, t2, 0
core   0: 1 0x0000000080004944 (0x4003d71b) x14 0x0000000000000011
core   0: 0x0000000080004948 (0x0ff0000f) fence   iorw,iorw
core   0: 1 0x0000000080004948 (0x0ff0000f)
core   0: 0x000000008000494c (0x0ff0000f) fence   iorw,iorw
core   0: 1 0x000000008000494c (0x0ff0000f)
core   0: 0x0000000080004950 (0x0276e6b3) rem     a3, a3, t2
core   0: 1 0x0000000080004950 (0x0276e6b3) x13 0x0000000000000003
core   0: 0x0000000080004954 (0xc20c7653) fcvt.w.d a2, fs8
core   0: exception trap_illegal_instruction, epc 0x0000000080004954
core   0:           tval 0x00000000c20c7653
core   0: >>>>  $xrv64i2p1_m2p0_a2p1_f2p2_d2p2_zicsr2p0_zifencei2p0_zmmul1p0_zba1p0_zbb1p0_zbc1p0_zbs1p0
core   0: 0x0000000080004000 (0x0080006f) j       pc + 0x8
core   0: 3 0x0000000080004000 (0x0080006f)
core   0: >>>>  mmode_exception_handler
core   0: 0x0000000080004008 (0x00002c17) auipc   s8, 0x2
core   0: 3 0x0000000080004008 (0x00002c17) x24 0x0000000080006008
core   0: 0x000000008000400c (0x108c0c13) addi    s8, s8, 264
core   0: 3 0x000000008000400c (0x108c0c13) x24 0x0000000080006110
core   0: 0x0000000080004010 (0x000c00e7) jalr    s8
core   0: 3 0x0000000080004010 (0x000c00e7) x1  0x0000000080004014
core   0: >>>>  any_handler
core   0: 0x0000000080006110 (0x341027f3) csrrs   a5, mepc, zero
core   0: 3 0x0000000080006110 (0x341027f3) x15 0x0000000080004954
core   0: 0x0000000080006114 (0x34202773) csrrs   a4, mcause, zero
core   0: 3 0x0000000080006114 (0x34202773) x14 0x0000000000000002
core   0: 0x0000000080006118 (0x142026f3) csrrs   a3, scause, zero
core   0: 3 0x0000000080006118 (0x142026f3) x13 0x0000000000000014
core   0: 0x000000008000611c (0x30402673) csrrs   a2, mie, zero
core   0: 3 0x000000008000611c (0x30402673) x12 0x0000000000000a00
core   0: 0x0000000080006120 (0x344025f3) csrrs   a1, mip, zero
core   0: 3 0x0000000080006120 (0x344025f3) x11 0x0000000000000080
core   0: 0x0000000080006124 (0x343025f3) csrrs   a1, mtval, zero
core   0: 3 0x0000000080006124 (0x343025f3) x11 0x00000000c20c7653
core   0: 0x0000000080006128 (0x14302573) csrrs   a0, stval, zero
core   0: 3 0x0000000080006128 (0x14302573) x10 0x0000000000000000
core   0: 0x000000008000612c (0xb02024f3) csrrs   s1, minstret, zero
core   0: 3 0x000000008000612c (0xb02024f3) x9  0x0000000000000af3
core   0: 0x0000000080006130 (0x0000a811) c.j     pc + 20
core   0: 3 0x0000000080006130 (0xa811)
core   0: >>>>  mepc_4
core   0: 0x0000000080006144 (0x00000791) c.addi  a5, 4
core   0: 3 0x0000000080006144 (0x0791) x15 0x0000000080004958
core   0: 0x0000000080006146 (0x34179073) csrrw   zero, mepc, a5
core   0: 3 0x0000000080006146 (0x34179073) c833_mepc 0x0000000080004958
core   0: 0x000000008000614a (0x30200073) mret
core   0: 3 0x000000008000614a (0x30200073) c768_mstatus 0x8000000a00106080
core   0: 0x0000000080004958 (0x420f80d3) fcvt.d.s ft1, ft11
core   0: 1 0x0000000080004958 (0x420f80d3) f1  0x7ff8000000000000
core   0: 0x000000008000495c (0x032379b7) lui     s3, 0x3237
core   0: 1 0x000000008000495c (0x032379b7) x19 0x0000000003237000
core   0: 0x0000000080004960 (0xd559899b) addiw   s3, s3, -683
core   0: 1 0x0000000080004960 (0xd559899b) x19 0x0000000003236d55
core   0: 0x0000000080004964 (0x000009b6) c.slli  s3, 13
core   0: 1 0x0000000080004964 (0x09b6) x19 0x000000646daaa000
core   0: 0x0000000080004966 (0x26298993) addi    s3, s3, 610
core   0: 1 0x0000000080004966 (0x26298993) x19 0x000000646daaa262
core   0: 0x000000008000496a (0x026773b3) remu    t2, a4, t1
core   0: 1 0x000000008000496a (0x026773b3) x7  0x0000000000000002
core   0: 0x000000008000496e (0x41f6d01b) sraiw   zero, a3, 31
core   0: 1 0x000000008000496e (0x41f6d01b)
core   0: 0x0000000080004972 (0x00008ce9) c.and   s1, a0
core   0: 1 0x0000000080004972 (0x8ce9) x9  0x0000000000000000
core   0: 0x0000000080004974 (0x0005de93) srli    t4, a1, 0
core   0: 1 0x0000000080004974 (0x0005de93) x29 0x00000000c20c7653
core   0: 0x0000000080004978 (0x0218a3b3) mulhsu  t2, a7, ra
core   0: 1 0x0000000080004978 (0x0218a3b3) x7  0x0000000000000000
core   0: 0x000000008000497c (0x0268c2b3) div     t0, a7, t1
core   0: 1 0x000000008000497c (0x0268c2b3) x5  0x0000000000000000
core   0: 0x0000000080004980 (0xd2297f53) fcvt.d.l ft10, s2
core   0: exception trap_illegal_instruction, epc 0x0000000080004980
core   0:           tval 0x00000000d2297f53
core   0: >>>>  $xrv64i2p1_m2p0_a2p1_f2p2_d2p2_zicsr2p0_zifencei2p0_zmmul1p0_zba1p0_zbb1p0_zbc1p0_zbs1p0
core   0: 0x0000000080004000 (0x0080006f) j       pc + 0x8
core   0: 3 0x0000000080004000 (0x0080006f)
core   0: >>>>  mmode_exception_handler
core   0: 0x0000000080004008 (0x00002c17) auipc   s8, 0x2
core   0: 3 0x0000000080004008 (0x00002c17) x24 0x0000000080006008
core   0: 0x000000008000400c (0x108c0c13) addi    s8, s8, 264
core   0: 3 0x000000008000400c (0x108c0c13) x24 0x0000000080006110
core   0: 0x0000000080004010 (0x000c00e7) jalr    s8
core   0: 3 0x0000000080004010 (0x000c00e7) x1  0x0000000080004014
core   0: >>>>  any_handler
core   0: 0x0000000080006110 (0x341027f3) csrrs   a5, mepc, zero
core   0: 3 0x0000000080006110 (0x341027f3) x15 0x0000000080004980
core   0: 0x0000000080006114 (0x34202773) csrrs   a4, mcause, zero
core   0: 3 0x0000000080006114 (0x34202773) x14 0x0000000000000002
core   0: 0x0000000080006118 (0x142026f3) csrrs   a3, scause, zero
core   0: 3 0x0000000080006118 (0x142026f3) x13 0x0000000000000014
core   0: 0x000000008000611c (0x30402673) csrrs   a2, mie, zero
core   0: 3 0x000000008000611c (0x30402673) x12 0x0000000000000a00
core   0: 0x0000000080006120 (0x344025f3) csrrs   a1, mip, zero
core   0: 3 0x0000000080006120 (0x344025f3) x11 0x0000000000000080
core   0: 0x0000000080006124 (0x343025f3) csrrs   a1, mtval, zero
core   0: 3 0x0000000080006124 (0x343025f3) x11 0x00000000d2297f53
core   0: 0x0000000080006128 (0x14302573) csrrs   a0, stval, zero
core   0: 3 0x0000000080006128 (0x14302573) x10 0x0000000000000000
core   0: 0x000000008000612c (0xb02024f3) csrrs   s1, minstret, zero
core   0: 3 0x000000008000612c (0xb02024f3) x9  0x0000000000000b0e
core   0: 0x0000000080006130 (0x0000a811) c.j     pc + 20
core   0: 3 0x0000000080006130 (0xa811)
core   0: >>>>  mepc_4
core   0: 0x0000000080006144 (0x00000791) c.addi  a5, 4
core   0: 3 0x0000000080006144 (0x0791) x15 0x0000000080004984
core   0: 0x0000000080006146 (0x34179073) csrrw   zero, mepc, a5
core   0: 3 0x0000000080006146 (0x34179073) c833_mepc 0x0000000080004984
core   0: 0x000000008000614a (0x30200073) mret
core   0: 3 0x000000008000614a (0x30200073) c768_mstatus 0x8000000a00106080
core   0: 0x0000000080004984 (0x025d783b) remuw   a6, s10, t0
core   0: 1 0x0000000080004984 (0x025d783b) x16 0x0000000000e34722
core   0: 0x0000000080004988 (0x2a2d0d53) fmin.d  fs10, fs10, ft2
core   0: 1 0x0000000080004988 (0x2a2d0d53) f26 0x7ff8000000000000
core   0: 0x000000008000498c (0x5a097953) fsqrt.d fs2, fs2
core   0: exception trap_illegal_instruction, epc 0x000000008000498c
core   0:           tval 0x000000005a097953
core   0: >>>>  $xrv64i2p1_m2p0_a2p1_f2p2_d2p2_zicsr2p0_zifencei2p0_zmmul1p0_zba1p0_zbb1p0_zbc1p0_zbs1p0
core   0: 0x0000000080004000 (0x0080006f) j       pc + 0x8
core   0: 3 0x0000000080004000 (0x0080006f)
core   0: >>>>  mmode_exception_handler
core   0: 0x0000000080004008 (0x00002c17) auipc   s8, 0x2
core   0: 3 0x0000000080004008 (0x00002c17) x24 0x0000000080006008
core   0: 0x000000008000400c (0x108c0c13) addi    s8, s8, 264
core   0: 3 0x000000008000400c (0x108c0c13) x24 0x0000000080006110
core   0: 0x0000000080004010 (0x000c00e7) jalr    s8
core   0: 3 0x0000000080004010 (0x000c00e7) x1  0x0000000080004014
core   0: >>>>  any_handler
core   0: 0x0000000080006110 (0x341027f3) csrrs   a5, mepc, zero
core   0: 3 0x0000000080006110 (0x341027f3) x15 0x000000008000498c
core   0: 0x0000000080006114 (0x34202773) csrrs   a4, mcause, zero
core   0: 3 0x0000000080006114 (0x34202773) x14 0x0000000000000002
core   0: 0x0000000080006118 (0x142026f3) csrrs   a3, scause, zero
core   0: 3 0x0000000080006118 (0x142026f3) x13 0x0000000000000014
core   0: 0x000000008000611c (0x30402673) csrrs   a2, mie, zero
core   0: 3 0x000000008000611c (0x30402673) x12 0x0000000000000a00
core   0: 0x0000000080006120 (0x344025f3) csrrs   a1, mip, zero
core   0: 3 0x0000000080006120 (0x344025f3) x11 0x0000000000000080
core   0: 0x0000000080006124 (0x343025f3) csrrs   a1, mtval, zero
core   0: 3 0x0000000080006124 (0x343025f3) x11 0x000000005a097953
core   0: 0x0000000080006128 (0x14302573) csrrs   a0, stval, zero
core   0: 3 0x0000000080006128 (0x14302573) x10 0x0000000000000000
core   0: 0x000000008000612c (0xb02024f3) csrrs   s1, minstret, zero
core   0: 3 0x000000008000612c (0xb02024f3) x9  0x0000000000000b20
core   0: 0x0000000080006130 (0x0000a811) c.j     pc + 20
core   0: 3 0x0000000080006130 (0xa811)
core   0: >>>>  mepc_4
core   0: 0x0000000080006144 (0x00000791) c.addi  a5, 4
core   0: 3 0x0000000080006144 (0x0791) x15 0x0000000080004990
core   0: 0x0000000080006146 (0x34179073) csrrw   zero, mepc, a5
core   0: 3 0x0000000080006146 (0x34179073) c833_mepc 0x0000000080004990
core   0: 0x000000008000614a (0x30200073) mret
core   0: 3 0x000000008000614a (0x30200073) c768_mstatus 0x8000000a00106080
core   0: 0x0000000080004990 (0x00b908bb) addw    a7, s2, a1
core   0: 1 0x0000000080004990 (0x00b908bb) x17 0x000000005a097953
core   0: 0x0000000080004994 (0xfefe0ab7) lui     s5, 0xfefe0
core   0: 1 0x0000000080004994 (0xfefe0ab7) x21 0xfffffffffefe0000
core   0: 0x0000000080004998 (0xa7fa8a9b) addiw   s5, s5, -1409
core   0: 1 0x0000000080004998 (0xa7fa8a9b) x21 0xfffffffffefdfa7f
core   0: 0x000000008000499c (0x00000ab6) c.slli  s5, 13
core   0: 1 0x000000008000499c (0x0ab6) x21 0xffffffdfbf4fe000
core   0: 0x000000008000499e (0xfc4a8a93) addi    s5, s5, -60
core   0: 1 0x000000008000499e (0xfc4a8a93) x21 0xffffffdfbf4fdfc4
core   0: 0x00000000800049a2 (0x22502f53) fsgnjx.d ft10, ft0, ft5
core   0: 1 0x00000000800049a2 (0x22502f53) f30 0xfff8000000000000
core   0: 0x00000000800049a6 (0x01d24233) xor     tp, tp, t4
core   0: 1 0x00000000800049a6 (0x01d24233) x4  0xffffffff3df38970
core   0: 0x00000000800049aa (0x00c1909b) slliw   ra, gp, 12
core   0: 1 0x00000000800049aa (0x00c1909b) x1  0x0000000000000000
core   0: 0x00000000800049ae (0x40020cbb) subw    s9, tp, zero
core   0: 1 0x00000000800049ae (0x40020cbb) x25 0x000000003df38970
core   0: 0x00000000800049b2 (0x0063063b) addw    a2, t1, t1
core   0: 1 0x00000000800049b2 (0x0063063b) x12 0xfffffffffffffffe
core   0: 0x00000000800049b6 (0x06162537) lui     a0, 0x6162
core   0: 1 0x00000000800049b6 (0x06162537) x10 0x0000000006162000
core   0: 0x00000000800049ba (0x7a15051b) addiw   a0, a0, 1953
core   0: 1 0x00000000800049ba (0x7a15051b) x10 0x00000000061627a1
core   0: 0x00000000800049be (0x00000532) c.slli  a0, 12
core   0: 1 0x00000000800049be (0x0532) x10 0x00000061627a1000
core   0: 0x00000000800049c0 (0x0df50513) addi    a0, a0, 223
core   0: 1 0x00000000800049c0 (0x0df50513) x10 0x00000061627a10df
core   0: 0x00000000800049c4 (0x039968bb) remw    a7, s2, s9
core   0: 1 0x00000000800049c4 (0x039968bb) x17 0x0000000000000000
core   0: 0x00000000800049c8 (0xebbac697) auipc   a3, 0xebbac
core   0: 1 0x00000000800049c8 (0xebbac697) x13 0x000000006bbb09c8
core   0: 0x00000000800049cc (0x00129d13) slli    s10, t0, 1
core   0: 1 0x00000000800049cc (0x00129d13) x26 0x0000000000000000
core   0: 0x00000000800049d0 (0x006e903b) sllw    zero, t4, t1
core   0: 1 0x00000000800049d0 (0x006e903b)
core   0: 0x00000000800049d4 (0x12a8fd53) fmul.d  fs10, fa7, fa0
core   0: exception trap_illegal_instruction, epc 0x00000000800049d4
core   0:           tval 0x0000000012a8fd53
core   0: >>>>  $xrv64i2p1_m2p0_a2p1_f2p2_d2p2_zicsr2p0_zifencei2p0_zmmul1p0_zba1p0_zbb1p0_zbc1p0_zbs1p0
core   0: 0x0000000080004000 (0x0080006f) j       pc + 0x8
core   0: 3 0x0000000080004000 (0x0080006f)
core   0: >>>>  mmode_exception_handler
core   0: 0x0000000080004008 (0x00002c17) auipc   s8, 0x2
core   0: 3 0x0000000080004008 (0x00002c17) x24 0x0000000080006008
core   0: 0x000000008000400c (0x108c0c13) addi    s8, s8, 264
core   0: 3 0x000000008000400c (0x108c0c13) x24 0x0000000080006110
core   0: 0x0000000080004010 (0x000c00e7) jalr    s8
core   0: 3 0x0000000080004010 (0x000c00e7) x1  0x0000000080004014
core   0: >>>>  any_handler
core   0: 0x0000000080006110 (0x341027f3) csrrs   a5, mepc, zero
core   0: 3 0x0000000080006110 (0x341027f3) x15 0x00000000800049d4
core   0: 0x0000000080006114 (0x34202773) csrrs   a4, mcause, zero
core   0: 3 0x0000000080006114 (0x34202773) x14 0x0000000000000002
core   0: 0x0000000080006118 (0x142026f3) csrrs   a3, scause, zero
core   0: 3 0x0000000080006118 (0x142026f3) x13 0x0000000000000014
core   0: 0x000000008000611c (0x30402673) csrrs   a2, mie, zero
core   0: 3 0x000000008000611c (0x30402673) x12 0x0000000000000a00
core   0: 0x0000000080006120 (0x344025f3) csrrs   a1, mip, zero
core   0: 3 0x0000000080006120 (0x344025f3) x11 0x0000000000000080
core   0: 0x0000000080006124 (0x343025f3) csrrs   a1, mtval, zero
core   0: 3 0x0000000080006124 (0x343025f3) x11 0x0000000012a8fd53
core   0: 0x0000000080006128 (0x14302573) csrrs   a0, stval, zero
core   0: 3 0x0000000080006128 (0x14302573) x10 0x0000000000000000
core   0: 0x000000008000612c (0xb02024f3) csrrs   s1, minstret, zero
core   0: 3 0x000000008000612c (0xb02024f3) x9  0x0000000000000b42
core   0: 0x0000000080006130 (0x0000a811) c.j     pc + 20
core   0: 3 0x0000000080006130 (0xa811)
core   0: >>>>  mepc_4
core   0: 0x0000000080006144 (0x00000791) c.addi  a5, 4
core   0: 3 0x0000000080006144 (0x0791) x15 0x00000000800049d8
core   0: 0x0000000080006146 (0x34179073) csrrw   zero, mepc, a5
core   0: 3 0x0000000080006146 (0x34179073) c833_mepc 0x00000000800049d8
core   0: 0x000000008000614a (0x30200073) mret
core   0: 3 0x000000008000614a (0x30200073) c768_mstatus 0x8000000a00106080
core   0: 0x00000000800049d8 (0x400e0533) sub     a0, t3, zero
core   0: 1 0x00000000800049d8 (0x400e0533) x10 0x00000000000006b0
core   0: 0x00000000800049dc (0x0315e5bb) remw    a1, a1, a7
core   0: 1 0x00000000800049dc (0x0315e5bb) x11 0x0000000012a8fd53
core   0: 0x00000000800049e0 (0x0188fa33) and     s4, a7, s8
core   0: 1 0x00000000800049e0 (0x0188fa33) x20 0x0000000000000000
core   0: 0x00000000800049e4 (0x0acd77d3) fsub.d  fa5, fs10, fa2
core   0: exception trap_illegal_instruction, epc 0x00000000800049e4
core   0:           tval 0x000000000acd77d3
core   0: >>>>  $xrv64i2p1_m2p0_a2p1_f2p2_d2p2_zicsr2p0_zifencei2p0_zmmul1p0_zba1p0_zbb1p0_zbc1p0_zbs1p0
core   0: 0x0000000080004000 (0x0080006f) j       pc + 0x8
core   0: 3 0x0000000080004000 (0x0080006f)
core   0: >>>>  mmode_exception_handler
core   0: 0x0000000080004008 (0x00002c17) auipc   s8, 0x2
core   0: 3 0x0000000080004008 (0x00002c17) x24 0x0000000080006008
core   0: 0x000000008000400c (0x108c0c13) addi    s8, s8, 264
core   0: 3 0x000000008000400c (0x108c0c13) x24 0x0000000080006110
core   0: 0x0000000080004010 (0x000c00e7) jalr    s8
core   0: 3 0x0000000080004010 (0x000c00e7) x1  0x0000000080004014
core   0: >>>>  any_handler
core   0: 0x0000000080006110 (0x341027f3) csrrs   a5, mepc, zero
core   0: 3 0x0000000080006110 (0x341027f3) x15 0x00000000800049e4
core   0: 0x0000000080006114 (0x34202773) csrrs   a4, mcause, zero
core   0: 3 0x0000000080006114 (0x34202773) x14 0x0000000000000002
core   0: 0x0000000080006118 (0x142026f3) csrrs   a3, scause, zero
core   0: 3 0x0000000080006118 (0x142026f3) x13 0x0000000000000014
core   0: 0x000000008000611c (0x30402673) csrrs   a2, mie, zero
core   0: 3 0x000000008000611c (0x30402673) x12 0x0000000000000a00
core   0: 0x0000000080006120 (0x344025f3) csrrs   a1, mip, zero
core   0: 3 0x0000000080006120 (0x344025f3) x11 0x0000000000000080
core   0: 0x0000000080006124 (0x343025f3) csrrs   a1, mtval, zero
core   0: 3 0x0000000080006124 (0x343025f3) x11 0x000000000acd77d3
core   0: 0x0000000080006128 (0x14302573) csrrs   a0, stval, zero
core   0: 3 0x0000000080006128 (0x14302573) x10 0x0000000000000000
core   0: 0x000000008000612c (0xb02024f3) csrrs   s1, minstret, zero
core   0: 3 0x000000008000612c (0xb02024f3) x9  0x0000000000000b55
core   0: 0x0000000080006130 (0x0000a811) c.j     pc + 20
core   0: 3 0x0000000080006130 (0xa811)
core   0: >>>>  mepc_4
core   0: 0x0000000080006144 (0x00000791) c.addi  a5, 4
core   0: 3 0x0000000080006144 (0x0791) x15 0x00000000800049e8
core   0: 0x0000000080006146 (0x34179073) csrrw   zero, mepc, a5
core   0: 3 0x0000000080006146 (0x34179073) c833_mepc 0x00000000800049e8
core   0: 0x000000008000614a (0x30200073) mret
core   0: 3 0x000000008000614a (0x30200073) c768_mstatus 0x8000000a00106080
core   0: 0x00000000800049e8 (0x41fada9b) sraiw   s5, s5, 31
core   0: 1 0x00000000800049e8 (0x41fada9b) x21 0xffffffffffffffff
core   0: 0x00000000800049ec (0x4111083b) subw    a6, sp, a7
core   0: 1 0x00000000800049ec (0x4111083b) x16 0x000000007fffffff
core   0: 0x00000000800049f0 (0xc2397053) fcvt.lu.d zero, fs2
core   0: exception trap_illegal_instruction, epc 0x00000000800049f0
core   0:           tval 0x00000000c2397053
core   0: >>>>  $xrv64i2p1_m2p0_a2p1_f2p2_d2p2_zicsr2p0_zifencei2p0_zmmul1p0_zba1p0_zbb1p0_zbc1p0_zbs1p0
core   0: 0x0000000080004000 (0x0080006f) j       pc + 0x8
core   0: 3 0x0000000080004000 (0x0080006f)
core   0: >>>>  mmode_exception_handler
core   0: 0x0000000080004008 (0x00002c17) auipc   s8, 0x2
core   0: 3 0x0000000080004008 (0x00002c17) x24 0x0000000080006008
core   0: 0x000000008000400c (0x108c0c13) addi    s8, s8, 264
core   0: 3 0x000000008000400c (0x108c0c13) x24 0x0000000080006110
core   0: 0x0000000080004010 (0x000c00e7) jalr    s8
core   0: 3 0x0000000080004010 (0x000c00e7) x1  0x0000000080004014
core   0: >>>>  any_handler
core   0: 0x0000000080006110 (0x341027f3) csrrs   a5, mepc, zero
core   0: 3 0x0000000080006110 (0x341027f3) x15 0x00000000800049f0
core   0: 0x0000000080006114 (0x34202773) csrrs   a4, mcause, zero
core   0: 3 0x0000000080006114 (0x34202773) x14 0x0000000000000002
core   0: 0x0000000080006118 (0x142026f3) csrrs   a3, scause, zero
core   0: 3 0x0000000080006118 (0x142026f3) x13 0x0000000000000014
core   0: 0x000000008000611c (0x30402673) csrrs   a2, mie, zero
core   0: 3 0x000000008000611c (0x30402673) x12 0x0000000000000a00
core   0: 0x0000000080006120 (0x344025f3) csrrs   a1, mip, zero
core   0: 3 0x0000000080006120 (0x344025f3) x11 0x0000000000000080
core   0: 0x0000000080006124 (0x343025f3) csrrs   a1, mtval, zero
core   0: 3 0x0000000080006124 (0x343025f3) x11 0x00000000c2397053
core   0: 0x0000000080006128 (0x14302573) csrrs   a0, stval, zero
core   0: 3 0x0000000080006128 (0x14302573) x10 0x0000000000000000
core   0: 0x000000008000612c (0xb02024f3) csrrs   s1, minstret, zero
core   0: 3 0x000000008000612c (0xb02024f3) x9  0x0000000000000b67
core   0: 0x0000000080006130 (0x0000a811) c.j     pc + 20
core   0: 3 0x0000000080006130 (0xa811)
core   0: >>>>  mepc_4
core   0: 0x0000000080006144 (0x00000791) c.addi  a5, 4
core   0: 3 0x0000000080006144 (0x0791) x15 0x00000000800049f4
core   0: 0x0000000080006146 (0x34179073) csrrw   zero, mepc, a5
core   0: 3 0x0000000080006146 (0x34179073) c833_mepc 0x00000000800049f4
core   0: 0x000000008000614a (0x30200073) mret
core   0: 3 0x000000008000614a (0x30200073) c768_mstatus 0x8000000a00106080
core   0: 0x00000000800049f4 (0x002e15f3) csrrw   a1, frm, t3
core   0: 1 0x00000000800049f4 (0x002e15f3) x11 0x0000000000000006 c2_frm 0x0000000000000000
core   0: 0x00000000800049f8 (0x007dddbb) srlw    s11, s11, t2
core   0: 1 0x00000000800049f8 (0x007dddbb) x27 0xffffffffffffffff
core   0: 0x00000000800049fc (0xd22c7ad3) fcvt.d.l fs5, s8
core   0: 1 0x00000000800049fc (0xd22c7ad3) f21 0x41e0000c22000000
core   0: 0x0000000080004a00 (0x00099a93) slli    s5, s3, 0
core   0: 1 0x0000000080004a00 (0x00099a93) x21 0x000000646daaa262
core   0: 0x0000000080004a04 (0x415a5d33) sra     s10, s4, s5
core   0: 1 0x0000000080004a04 (0x415a5d33) x26 0x0000000000000000
core   0: 0x0000000080004a08 (0x037b9733) mulh    a4, s7, s7
core   0: 1 0x0000000080004a08 (0x037b9733) x14 0x0000000000000043
core   0: 0x0000000080004a0c (0x000717b3) sll     a5, a4, zero
core   0: 1 0x0000000080004a0c (0x000717b3) x15 0x0000000000000043
core   0: 0x0000000080004a10 (0x42010fd3) fcvt.d.s ft11, ft2
core   0: 1 0x0000000080004a10 (0x42010fd3) f31 0x7ff8000000000000
core   0: 0x0000000080004a14 (0x010c1c33) sll     s8, s8, a6
core   0: 1 0x0000000080004a14 (0x010c1c33) x24 0x0000000000000000
core   0: 0x0000000080004a18 (0x140053f3) csrrwi  t2, sscratch, 0
core   0: 1 0x0000000080004a18 (0x140053f3) x7  0x0000000000000000 c320_sscratch 0x0000000000000000
core   0: 0x0000000080004a1c (0x420a0ad3) fcvt.d.s fs5, fs4
core   0: 1 0x0000000080004a1c (0x420a0ad3) f21 0x7ff8000000000000
core   0: 0x0000000080004a20 (0x022d9133) mulh    sp, s11, sp
core   0: 1 0x0000000080004a20 (0x022d9133) x2  0xffffffffffffffff
core   0: 0x0000000080004a24 (0x00000001) c.nop
core   0: 1 0x0000000080004a24 (0x0001)
core   0: 0x0000000080004a26 (0x016d1933) sll     s2, s10, s6
core   0: 1 0x0000000080004a26 (0x016d1933) x18 0x0000000000000000
core   0: 0x0000000080004a2a (0x5a09fc53) fsqrt.d fs8, fs3
core   0: 1 0x0000000080004a2a (0x5a09fc53) c1_fflags 0x000000000000001f f24 0x41ee0daa00000001
core   0: 0x0000000080004a2e (0x400bdc9b) sraiw   s9, s7, 0
core   0: 1 0x0000000080004a2e (0x400bdc9b) x25 0xffffffffcc54e996
core   0: 0x0000000080004a32 (0x03baca33) div     s4, s5, s11
core   0: 1 0x0000000080004a32 (0x03baca33) x20 0xffffff9b92555d9e
core   0: 0x0000000080004a36 (0x027a78bb) remuw   a7, s4, t2
core   0: 1 0x0000000080004a36 (0x027a78bb) x17 0xffffffff92555d9e
core   0: 0x0000000080004a3a (0x4888fa13) andi    s4, a7, 1160
core   0: 1 0x0000000080004a3a (0x4888fa13) x20 0x0000000000000488
core   0: 0x0000000080004a3e (0x41b6d6b3) sra     a3, a3, s11
core   0: 1 0x0000000080004a3e (0x41b6d6b3) x13 0x0000000000000000
core   0: 0x0000000080004a42 (0x2b919153) fmax.d  ft2, ft3, fs9
core   0: 1 0x0000000080004a42 (0x2b919153) f2  0x43ec39a495a72000
core   0: 0x0000000080004a46 (0x02015b93) srli    s7, sp, 32
core   0: 1 0x0000000080004a46 (0x02015b93) x23 0x00000000ffffffff
core   0: 0x0000000080004a4a (0x03da7a53) fadd.d  fs4, fs4, ft9
core   0: 1 0x0000000080004a4a (0x03da7a53) f20 0x7ff8000000000000
core   0: 0x0000000080004a4e (0x01c1143b) sllw    s0, sp, t3
core   0: 1 0x0000000080004a4e (0x01c1143b) x8  0xffffffffffff0000
core   0: 0x0000000080004a52 (0x2245a6d3) fsgnjx.d fa3, fa1, ft4
core   0: 1 0x0000000080004a52 (0x2245a6d3) f13 0x0000000000000000
core   0: 0x0000000080004a56 (0x0123f0b3) and     ra, t2, s2
core   0: 1 0x0000000080004a56 (0x0123f0b3) x1  0x0000000000000000
core   0: 0x0000000080004a5a (0x00841a3b) sllw    s4, s0, s0
core   0: 1 0x0000000080004a5a (0x00841a3b) x20 0xffffffffffff0000
core   0: 0x0000000080004a5e (0x5a0c7f53) fsqrt.d ft10, fs8
core   0: 1 0x0000000080004a5e (0x5a0c7f53) c1_fflags 0x000000000000001f f30 0x40ef02ec3fd27fe8
core   0: 0x0000000080004a62 (0x014d123b) sllw    tp, s10, s4
core   0: 1 0x0000000080004a62 (0x014d123b) x4  0x0000000000000000
core   0: 0x0000000080004a66 (0x420f07d3) fcvt.d.s fa5, ft10
core   0: 1 0x0000000080004a66 (0x420f07d3) f15 0x7ff8000000000000
core   0: 0x0000000080004a6a (0x5a07f253) fsqrt.d ft4, fa5
core   0: 1 0x0000000080004a6a (0x5a07f253) f4  0x7ff8000000000000
core   0: 0x0000000080004a6e (0x0ff0000f) fence   iorw,iorw
core   0: 1 0x0000000080004a6e (0x0ff0000f)
core   0: 0x0000000080004a72 (0x00251673) csrrw   a2, frm, a0
core   0: 1 0x0000000080004a72 (0x00251673) x12 0x0000000000000000 c2_frm 0x0000000000000000
core   0: 0x0000000080004a76 (0xf20103d3) fmv.d.x ft7, sp
core   0: 1 0x0000000080004a76 (0xf20103d3) f7  0xffffffffffffffff
core   0: 0x0000000080004a7a (0xa22106d3) fle.d   a3, ft2, ft2
core   0: 1 0x0000000080004a7a (0xa22106d3) x13 0x0000000000000001
core   0: 0x0000000080004a7e (0x00fa5c3b) srlw    s8, s4, a5
core   0: 1 0x0000000080004a7e (0x00fa5c3b) x24 0x000000001fffe000
core   0: 0x0000000080004a82 (0x415b84bb) subw    s1, s7, s5
core   0: 1 0x0000000080004a82 (0x415b84bb) x9  0xffffffff92555d9d
core   0: 0x0000000080004a86 (0x9ef48213) addi    tp, s1, -1553
core   0: 1 0x0000000080004a86 (0x9ef48213) x4  0xffffffff9255578c
core   0: 0x0000000080004a8a (0x02f03433) mulhu   s0, zero, a5
core   0: 1 0x0000000080004a8a (0x02f03433) x8  0x0000000000000000
core   0: 0x0000000080004a8e (0x0365d093) srli    ra, a1, 54
core   0: 1 0x0000000080004a8e (0x0365d093) x1  0x0000000000000000
core   0: 0x0000000080004a92 (0xd22afcd3) fcvt.d.l fs9, s5
core   0: 1 0x0000000080004a92 (0xd22afcd3) f25 0x42591b6aa8988000
core   0: 0x0000000080004a96 (0x0315f93b) remuw   s2, a1, a7
core   0: 1 0x0000000080004a96 (0x0315f93b) x18 0x0000000000000006
core   0: 0x0000000080004a9a (0x027eb2b3) mulhu   t0, t4, t2
core   0: 1 0x0000000080004a9a (0x027eb2b3) x5  0x0000000000000000
core   0: 0x0000000080004a9e (0xc20afed3) fcvt.w.d t4, fs5
core   0: 1 0x0000000080004a9e (0xc20afed3) c1_fflags 0x000000000000001f x29 0x000000007fffffff
core   0: 0x0000000080004aa2 (0x2758f193) andi    gp, a7, 629
core   0: 1 0x0000000080004aa2 (0x2758f193) x3  0x0000000000000014
core   0: 0x0000000080004aa6 (0x0ff0000f) fence   iorw,iorw
core   0: 1 0x0000000080004aa6 (0x0ff0000f)
core   0: 0x0000000080004aaa (0x002023f3) csrrs   t2, frm, zero
core   0: 1 0x0000000080004aaa (0x002023f3) x7  0x0000000000000000
core   0: 0x0000000080004aae (0x02239233) mulh    tp, t2, sp
core   0: 1 0x0000000080004aae (0x02239233) x4  0x0000000000000000
core   0: 0x0000000080004ab2 (0x00002c05) c.addiw s8, 1
core   0: 1 0x0000000080004ab2 (0x2c05) x24 0x000000001fffe001
core   0: 0x0000000080004ab4 (0x4081553b) sraw    a0, sp, s0
core   0: 1 0x0000000080004ab4 (0x4081553b) x10 0xffffffffffffffff
core   0: 0x0000000080004ab8 (0x017b9b9b) slliw   s7, s7, 23
core   0: 1 0x0000000080004ab8 (0x017b9b9b) x23 0xffffffffff800000
core   0: 0x0000000080004abc (0xc214f153) fcvt.wu.d sp, fs1
core   0: 1 0x0000000080004abc (0xc214f153) c1_fflags 0x000000000000001f x2  0xffffffffffffffff
core   0: 0x0000000080004ac0 (0x4015f1d3) fcvt.s.d ft3, fa1
core   0: 1 0x0000000080004ac0 (0x4015f1d3) f3  0xffffffff00000000
core   0: 0x0000000080004ac4 (0x0318f8bb) remuw   a7, a7, a7
core   0: 1 0x0000000080004ac4 (0x0318f8bb) x17 0x0000000000000000
core   0: 0x0000000080004ac8 (0x035400bb) mulw    ra, s0, s5
core   0: 1 0x0000000080004ac8 (0x035400bb) x1  0x0000000000000000
core   0: 0x0000000080004acc (0x0017171b) slliw   a4, a4, 1
core   0: 1 0x0000000080004acc (0x0017171b) x14 0x0000000000000086
core   0: 0x0000000080004ad0 (0x03feda93) srli    s5, t4, 63
core   0: 1 0x0000000080004ad0 (0x03feda93) x21 0x0000000000000000
core   0: 0x0000000080004ad4 (0x000a5893) srli    a7, s4, 0
core   0: 1 0x0000000080004ad4 (0x000a5893) x17 0xffffffffffff0000
core   0: 0x0000000080004ad8 (0xda7e881b) addiw   a6, t4, -601
core   0: 1 0x0000000080004ad8 (0xda7e881b) x16 0x000000007ffffda6
core   0: 0x0000000080004adc (0xa7dc4c93) xori    s9, s8, -1411
core   0: 1 0x0000000080004adc (0xa7dc4c93) x25 0xffffffffe0001a7c
core   0: 0x0000000080004ae0 (0x4138dd9b) sraiw   s11, a7, 19
core   0: 1 0x0000000080004ae0 (0x4138dd9b) x27 0xffffffffffffffff
core   0: 0x0000000080004ae4 (0x006b7c33) and     s8, s6, t1
core   0: 1 0x0000000080004ae4 (0x006b7c33) x24 0x7fffffffffffffff
core   0: 0x0000000080004ae8 (0x41fa5d1b) sraiw   s10, s4, 31
core   0: 1 0x0000000080004ae8 (0x41fa5d1b) x26 0xffffffffffffffff
core   0: 0x0000000080004aec (0x40b5d2bb) sraw    t0, a1, a1
core   0: 1 0x0000000080004aec (0x40b5d2bb) x5  0x0000000000000000
core   0: 0x0000000080004af0 (0x27ce7e13) andi    t3, t3, 636
core   0: 1 0x0000000080004af0 (0x27ce7e13) x28 0x0000000000000230
core   0: 0x0000000080004af4 (0xc0202cf3) csrrs   s9, instret, zero
core   0: exception trap_illegal_instruction, epc 0x0000000080004af4
core   0:           tval 0x00000000c0202cf3
core   0: >>>>  $xrv64i2p1_m2p0_a2p1_f2p2_d2p2_zicsr2p0_zifencei2p0_zmmul1p0_zba1p0_zbb1p0_zbc1p0_zbs1p0
core   0: 0x0000000080004000 (0x0080006f) j       pc + 0x8
core   0: 3 0x0000000080004000 (0x0080006f)
core   0: >>>>  mmode_exception_handler
core   0: 0x0000000080004008 (0x00002c17) auipc   s8, 0x2
core   0: 3 0x0000000080004008 (0x00002c17) x24 0x0000000080006008
core   0: 0x000000008000400c (0x108c0c13) addi    s8, s8, 264
core   0: 3 0x000000008000400c (0x108c0c13) x24 0x0000000080006110
core   0: 0x0000000080004010 (0x000c00e7) jalr    s8
core   0: 3 0x0000000080004010 (0x000c00e7) x1  0x0000000080004014
core   0: >>>>  any_handler
core   0: 0x0000000080006110 (0x341027f3) csrrs   a5, mepc, zero
core   0: 3 0x0000000080006110 (0x341027f3) x15 0x0000000080004af4
core   0: 0x0000000080006114 (0x34202773) csrrs   a4, mcause, zero
core   0: 3 0x0000000080006114 (0x34202773) x14 0x0000000000000002
core   0: 0x0000000080006118 (0x142026f3) csrrs   a3, scause, zero
core   0: 3 0x0000000080006118 (0x142026f3) x13 0x0000000000000014
core   0: 0x000000008000611c (0x30402673) csrrs   a2, mie, zero
core   0: 3 0x000000008000611c (0x30402673) x12 0x0000000000000a00
core   0: 0x0000000080006120 (0x344025f3) csrrs   a1, mip, zero
core   0: 3 0x0000000080006120 (0x344025f3) x11 0x0000000000000080
core   0: 0x0000000080006124 (0x343025f3) csrrs   a1, mtval, zero
core   0: 3 0x0000000080006124 (0x343025f3) x11 0x00000000c0202cf3
core   0: 0x0000000080006128 (0x14302573) csrrs   a0, stval, zero
core   0: 3 0x0000000080006128 (0x14302573) x10 0x0000000000000000
core   0: 0x000000008000612c (0xb02024f3) csrrs   s1, minstret, zero
core   0: 3 0x000000008000612c (0xb02024f3) x9  0x0000000000000bb8
core   0: 0x0000000080006130 (0x0000a811) c.j     pc + 20
core   0: 3 0x0000000080006130 (0xa811)
core   0: >>>>  mepc_4
core   0: 0x0000000080006144 (0x00000791) c.addi  a5, 4
core   0: 3 0x0000000080006144 (0x0791) x15 0x0000000080004af8
core   0: 0x0000000080006146 (0x34179073) csrrw   zero, mepc, a5
core   0: 3 0x0000000080006146 (0x34179073) c833_mepc 0x0000000080004af8
core   0: 0x000000008000614a (0x30200073) mret
core   0: 3 0x000000008000614a (0x30200073) c768_mstatus 0x8000000a00106080
core   0: 0x0000000080004af8 (0x018825b3) slt     a1, a6, s8
core   0: 1 0x0000000080004af8 (0x018825b3) x11 0x0000000000000001
core   0: 0x0000000080004afc (0xc341fc47) fmsub.d fs8, ft3, fs4, fs8
core   0: 1 0x0000000080004afc (0xc341fc47) f24 0x7ff8000000000000
core   0: 0x0000000080004b00 (0x0075989b) slliw   a7, a1, 7
core   0: 1 0x0000000080004b00 (0x0075989b) x17 0x0000000000000080
core   0: 0x0000000080004b04 (0x023ede33) divu    t3, t4, gp
core   0: 1 0x0000000080004b04 (0x023ede33) x28 0x0000000006666666
core   0: 0x0000000080004b08 (0x41c5dcb3) sra     s9, a1, t3
core   0: 1 0x0000000080004b08 (0x41c5dcb3) x25 0x0000000000000000
core   0: 0x0000000080004b0c (0x002718f3) csrrw   a7, frm, a4
core   0: 1 0x0000000080004b0c (0x002718f3) x17 0x0000000000000000 c2_frm 0x0000000000000002
core   0: 0x0000000080004b10 (0x002027f3) csrrs   a5, frm, zero
core   0: 1 0x0000000080004b10 (0x002027f3) x15 0x0000000000000002
core   0: 0x0000000080004b14 (0x43f0d713) srai    a4, ra, 63
core   0: 1 0x0000000080004b14 (0x43f0d713) x14 0x0000000000000000
core   0: 0x0000000080004b18 (0xc049b9f3) csrrc   s3, hpmcounter4, s3
core   0: exception trap_illegal_instruction, epc 0x0000000080004b18
core   0:           tval 0x00000000c049b9f3
core   0: >>>>  $xrv64i2p1_m2p0_a2p1_f2p2_d2p2_zicsr2p0_zifencei2p0_zmmul1p0_zba1p0_zbb1p0_zbc1p0_zbs1p0
core   0: 0x0000000080004000 (0x0080006f) j       pc + 0x8
core   0: 3 0x0000000080004000 (0x0080006f)
core   0: >>>>  mmode_exception_handler
core   0: 0x0000000080004008 (0x00002c17) auipc   s8, 0x2
core   0: 3 0x0000000080004008 (0x00002c17) x24 0x0000000080006008
core   0: 0x000000008000400c (0x108c0c13) addi    s8, s8, 264
core   0: 3 0x000000008000400c (0x108c0c13) x24 0x0000000080006110
core   0: 0x0000000080004010 (0x000c00e7) jalr    s8
core   0: 3 0x0000000080004010 (0x000c00e7) x1  0x0000000080004014
core   0: >>>>  any_handler
core   0: 0x0000000080006110 (0x341027f3) csrrs   a5, mepc, zero
core   0: 3 0x0000000080006110 (0x341027f3) x15 0x0000000080004b18
core   0: 0x0000000080006114 (0x34202773) csrrs   a4, mcause, zero
core   0: 3 0x0000000080006114 (0x34202773) x14 0x0000000000000002
core   0: 0x0000000080006118 (0x142026f3) csrrs   a3, scause, zero
core   0: 3 0x0000000080006118 (0x142026f3) x13 0x0000000000000014
core   0: 0x000000008000611c (0x30402673) csrrs   a2, mie, zero
core   0: 3 0x000000008000611c (0x30402673) x12 0x0000000000000a00
core   0: 0x0000000080006120 (0x344025f3) csrrs   a1, mip, zero
core   0: 3 0x0000000080006120 (0x344025f3) x11 0x0000000000000080
core   0: 0x0000000080006124 (0x343025f3) csrrs   a1, mtval, zero
core   0: 3 0x0000000080006124 (0x343025f3) x11 0x00000000c049b9f3
core   0: 0x0000000080006128 (0x14302573) csrrs   a0, stval, zero
core   0: 3 0x0000000080006128 (0x14302573) x10 0x0000000000000000
core   0: 0x000000008000612c (0xb02024f3) csrrs   s1, minstret, zero
core   0: 3 0x000000008000612c (0xb02024f3) x9  0x0000000000000bd0
core   0: 0x0000000080006130 (0x0000a811) c.j     pc + 20
core   0: 3 0x0000000080006130 (0xa811)
core   0: >>>>  mepc_4
core   0: 0x0000000080006144 (0x00000791) c.addi  a5, 4
core   0: 3 0x0000000080006144 (0x0791) x15 0x0000000080004b1c
core   0: 0x0000000080006146 (0x34179073) csrrw   zero, mepc, a5
core   0: 3 0x0000000080006146 (0x34179073) c833_mepc 0x0000000080004b1c
core   0: 0x000000008000614a (0x30200073) mret
core   0: 3 0x000000008000614a (0x30200073) c768_mstatus 0x8000000a00106080
core   0: 0x0000000080004b1c (0x71c70893) addi    a7, a4, 1820
core   0: 1 0x0000000080004b1c (0x71c70893) x17 0x000000000000071e
core   0: 0x0000000080004b20 (0x12e978d3) fmul.d  fa7, fs2, fa4
core   0: 1 0x0000000080004b20 (0x12e978d3) f17 0x7ff8000000000000
core   0: 0x0000000080004b24 (0x03bd8133) mul     sp, s11, s11
core   0: 1 0x0000000080004b24 (0x03bd8133) x2  0x0000000000000001
core   0: 0x0000000080004b28 (0xa2eeaa53) feq.d   s4, ft9, fa4
core   0: 1 0x0000000080004b28 (0xa2eeaa53) x20 0x0000000000000000
core   0: 0x0000000080004b2c (0x0013131b) slliw   t1, t1, 1
core   0: 1 0x0000000080004b2c (0x0013131b) x6  0xfffffffffffffffe
core   0: 0x0000000080004b30 (0x006809b3) add     s3, a6, t1
core   0: 1 0x0000000080004b30 (0x006809b3) x19 0x000000007ffffda4
core   0: 0x0000000080004b34 (0x022df933) remu    s2, s11, sp
core   0: 1 0x0000000080004b34 (0x022df933) x18 0x0000000000000000
core   0: 0x0000000080004b38 (0xf5890993) addi    s3, s2, -168
core   0: 1 0x0000000080004b38 (0xf5890993) x19 0xffffffffffffff58
core   0: 0x0000000080004b3c (0xd0297ad3) fcvt.s.l fs5, s2
core   0: 1 0x0000000080004b3c (0xd0297ad3) f21 0xffffffff00000000
core   0: 0x0000000080004b40 (0x001a031b) addiw   t1, s4, 1
core   0: 1 0x0000000080004b40 (0x001a031b) x6  0x0000000000000001
core   0: 0x0000000080004b44 (0xd0357e53) fcvt.s.lu ft8, a0
core   0: 1 0x0000000080004b44 (0xd0357e53) f28 0xffffffff00000000
core   0: 0x0000000080004b48 (0x00009e01) c.subw  a2, s0
core   0: 1 0x0000000080004b48 (0x9e01) x12 0x0000000000000a00
core   0: 0x0000000080004b4a (0x12217843) fmadd.d fa6, ft2, ft2, ft2
core   0: 1 0x0000000080004b4a (0x12217843) c1_fflags 0x000000000000001f f16 0x47e8e547db881c0e
core   0: 0x0000000080004b4e (0xd02dfd53) fcvt.s.l fs10, s11
core   0: 1 0x0000000080004b4e (0xd02dfd53) f26 0xffffffffbf800000
core   0: 0x0000000080004b52 (0x02cdc4b3) div     s1, s11, a2
core   0: 1 0x0000000080004b52 (0x02cdc4b3) x9  0x0000000000000000
core   0: 0x0000000080004b56 (0x000e989b) slliw   a7, t4, 0
core   0: 1 0x0000000080004b56 (0x000e989b) x17 0x000000007fffffff
core   0: 0x0000000080004b5a (0x2a1484d3) fmin.d  fs1, fs1, ft1
core   0: 1 0x0000000080004b5a (0x2a1484d3) f9  0x7ff8000000000000
core   0: 0x0000000080004b5e (0xf2c0f1c7) fmsub.d ft3, ft1, fa2, ft10
core   0: 1 0x0000000080004b5e (0xf2c0f1c7) f3  0x7ff8000000000000
core   0: 0x0000000080004b62 (0x00a8de13) srli    t3, a7, 10
core   0: 1 0x0000000080004b62 (0x00a8de13) x28 0x00000000001fffff
core   0: 0x0000000080004b66 (0xe20180d3) fmv.x.d ra, ft3
core   0: 1 0x0000000080004b66 (0xe20180d3) x1  0x7ff8000000000000
core   0: 0x0000000080004b6a (0x310111f3) csrrw   gp, mstatush, sp
core   0: exception trap_illegal_instruction, epc 0x0000000080004b6a
core   0:           tval 0x00000000310111f3
core   0: >>>>  $xrv64i2p1_m2p0_a2p1_f2p2_d2p2_zicsr2p0_zifencei2p0_zmmul1p0_zba1p0_zbb1p0_zbc1p0_zbs1p0
core   0: 0x0000000080004000 (0x0080006f) j       pc + 0x8
core   0: 3 0x0000000080004000 (0x0080006f)
core   0: >>>>  mmode_exception_handler
core   0: 0x0000000080004008 (0x00002c17) auipc   s8, 0x2
core   0: 3 0x0000000080004008 (0x00002c17) x24 0x0000000080006008
core   0: 0x000000008000400c (0x108c0c13) addi    s8, s8, 264
core   0: 3 0x000000008000400c (0x108c0c13) x24 0x0000000080006110
core   0: 0x0000000080004010 (0x000c00e7) jalr    s8
core   0: 3 0x0000000080004010 (0x000c00e7) x1  0x0000000080004014
core   0: >>>>  any_handler
core   0: 0x0000000080006110 (0x341027f3) csrrs   a5, mepc, zero
core   0: 3 0x0000000080006110 (0x341027f3) x15 0x0000000080004b6a
core   0: 0x0000000080006114 (0x34202773) csrrs   a4, mcause, zero
core   0: 3 0x0000000080006114 (0x34202773) x14 0x0000000000000002
core   0: 0x0000000080006118 (0x142026f3) csrrs   a3, scause, zero
core   0: 3 0x0000000080006118 (0x142026f3) x13 0x0000000000000014
core   0: 0x000000008000611c (0x30402673) csrrs   a2, mie, zero
core   0: 3 0x000000008000611c (0x30402673) x12 0x0000000000000a00
core   0: 0x0000000080006120 (0x344025f3) csrrs   a1, mip, zero
core   0: 3 0x0000000080006120 (0x344025f3) x11 0x0000000000000080
core   0: 0x0000000080006124 (0x343025f3) csrrs   a1, mtval, zero
core   0: 3 0x0000000080006124 (0x343025f3) x11 0x00000000310111f3
core   0: 0x0000000080006128 (0x14302573) csrrs   a0, stval, zero
core   0: 3 0x0000000080006128 (0x14302573) x10 0x0000000000000000
core   0: 0x000000008000612c (0xb02024f3) csrrs   s1, minstret, zero
core   0: 3 0x000000008000612c (0xb02024f3) x9  0x0000000000000bf4
core   0: 0x0000000080006130 (0x0000a811) c.j     pc + 20
core   0: 3 0x0000000080006130 (0xa811)
core   0: >>>>  mepc_4
core   0: 0x0000000080006144 (0x00000791) c.addi  a5, 4
core   0: 3 0x0000000080006144 (0x0791) x15 0x0000000080004b6e
core   0: 0x0000000080006146 (0x34179073) csrrw   zero, mepc, a5
core   0: 3 0x0000000080006146 (0x34179073) c833_mepc 0x0000000080004b6e
core   0: 0x000000008000614a (0x30200073) mret
core   0: 3 0x000000008000614a (0x30200073) c768_mstatus 0x8000000a00106080
core   0: 0x0000000080004b6e (0x00a0d81b) srliw   a6, ra, 10
core   0: 1 0x0000000080004b6e (0x00a0d81b) x16 0x0000000000200010
core   0: 0x0000000080004b72 (0xf2080953) fmv.d.x fs2, a6
core   0: 1 0x0000000080004b72 (0xf2080953) f18 0x0000000000200010
core   0: 0x0000000080004b76 (0xb9b43c37) lui     s8, 0xb9b43
core   0: 1 0x0000000080004b76 (0xb9b43c37) x24 0xffffffffb9b43000
core   0: 0x0000000080004b7a (0x027e0b33) mul     s6, t3, t2
core   0: 1 0x0000000080004b7a (0x027e0b33) x22 0x0000000000000000
core   0: 0x0000000080004b7e (0x038c1c33) mulh    s8, s8, s8
core   0: 1 0x0000000080004b7e (0x038c1c33) x24 0x0000000000000000
core   0: 0x0000000080004b82 (0x270b76b7) lui     a3, 0x270b7
core   0: 1 0x0000000080004b82 (0x270b76b7) x13 0x00000000270b7000
core   0: 0x0000000080004b86 (0x016e191b) slliw   s2, t3, 22
core   0: 1 0x0000000080004b86 (0x016e191b) x18 0xffffffffffc00000
core   0: 0x0000000080004b8a (0x416902b3) sub     t0, s2, s6
core   0: 1 0x0000000080004b8a (0x416902b3) x5  0xffffffffffc00000
core   0: 0x0000000080004b8e (0x40095abb) sraw    s5, s2, zero
core   0: 1 0x0000000080004b8e (0x40095abb) x21 0xffffffffffc00000
core   0: 0x0000000080004b92 (0xc021f7d3) fcvt.l.s a5, ft3
core   0: 1 0x0000000080004b92 (0xc021f7d3) c1_fflags 0x000000000000001f x15 0x7fffffffffffffff
core   0: 0x0000000080004b96 (0xe2090cd3) fmv.x.d s9, fs2
core   0: 1 0x0000000080004b96 (0xe2090cd3) x25 0x0000000000200010
core   0: 0x0000000080004b9a (0x03179bb3) mulh    s7, a5, a7
core   0: 1 0x0000000080004b9a (0x03179bb3) x23 0x000000003fffffff
core   0: 0x0000000080004b9e (0x132a76d3) fmul.d  fa3, fs4, fs2
core   0: 1 0x0000000080004b9e (0x132a76d3) f13 0x7ff8000000000000
core   0: 0x0000000080004ba2 (0x0383d013) srli    zero, t2, 56
core   0: 1 0x0000000080004ba2 (0x0383d013)
core   0: 0x0000000080004ba6 (0xc02bfad3) fcvt.l.s s5, fs7
core   0: 1 0x0000000080004ba6 (0xc02bfad3) x21 0x0000000080004000
core   0: 0x0000000080004baa (0x1a724393) xori    t2, tp, 423
core   0: 1 0x0000000080004baa (0x1a724393) x7  0x00000000000001a7
core   0: 0x0000000080004bae (0x00000001) c.nop
core   0: 1 0x0000000080004bae (0x0001)
core   0: 0x0000000080004bb0 (0x002593f3) csrrw   t2, frm, a1
core   0: 1 0x0000000080004bb0 (0x002593f3) x7  0x0000000000000002 c2_frm 0x0000000000000003
core   0: 0x0000000080004bb4 (0xd231f853) fcvt.d.lu fa6, gp
core   0: 1 0x0000000080004bb4 (0xd231f853) f16 0x4034000000000000
core   0: 0x0000000080004bb8 (0x02d8c8bb) divw    a7, a7, a3
core   0: 1 0x0000000080004bb8 (0x02d8c8bb) x17 0x0000000000000003
core   0: 0x0000000080004bbc (0x031bc43b) divw    s0, s7, a7
core   0: 1 0x0000000080004bbc (0x031bc43b) x8  0x0000000015555555
core   0: 0x0000000080004bc0 (0x0044e1b3) or      gp, s1, tp
core   0: 1 0x0000000080004bc0 (0x0044e1b3) x3  0x0000000000000bf4
core   0: 0x0000000080004bc4 (0x02b0c0b3) div     ra, ra, a1
core   0: 1 0x0000000080004bc4 (0x02b0c0b3) x1  0x0000000000000002
core   0: 0x0000000080004bc8 (0x2aa99ad3) fmax.d  fs5, fs3, fa0
core   0: 1 0x0000000080004bc8 (0x2aa99ad3) f21 0x43ec39a495a72001
core   0: 0x0000000080004bcc (0x01ba17bb) sllw    a5, s4, s11
core   0: 1 0x0000000080004bcc (0x01ba17bb) x15 0x0000000000000000
core   0: 0x0000000080004bd0 (0x02214133) div     sp, sp, sp
core   0: 1 0x0000000080004bd0 (0x02214133) x2  0x0000000000000001
core   0: 0x0000000080004bd4 (0x41738bb3) sub     s7, t2, s7
core   0: 1 0x0000000080004bd4 (0x41738bb3) x23 0xffffffffc0000003
core   0: 0x0000000080004bd8 (0x44e2f613) andi    a2, t0, 1102
core   0: 1 0x0000000080004bd8 (0x44e2f613) x12 0x0000000000000000
core   0: 0x0000000080004bdc (0x026b7e53) fadd.d  ft8, fs6, ft6
core   0: 1 0x0000000080004bdc (0x026b7e53) f28 0x0000000000000000
core   0: 0x0000000080004be0 (0x02a47fd3) fadd.d  ft11, fs0, fa0
core   0: 1 0x0000000080004be0 (0x02a47fd3) f31 0x7ff8000000000000
core   0: 0x0000000080004be4 (0x01ca833b) addw    t1, s5, t3
core   0: 1 0x0000000080004be4 (0x01ca833b) x6  0xffffffff80203fff
core   0: 0x0000000080004be8 (0x037d3bb3) mulhu   s7, s10, s7
core   0: 1 0x0000000080004be8 (0x037d3bb3) x23 0xffffffffc0000002
core   0: 0x0000000080004bec (0x036861bb) remw    gp, a6, s6
core   0: 1 0x0000000080004bec (0x036861bb) x3  0x0000000000200010
core   0: 0x0000000080004bf0 (0xa6998e97) auipc   t4, 0xa6998
core   0: 1 0x0000000080004bf0 (0xa6998e97) x29 0x000000002699cbf0
core   0: 0x0000000080004bf4 (0x401ed99b) sraiw   s3, t4, 1
core   0: 1 0x0000000080004bf4 (0x401ed99b) x19 0x00000000134ce5f8
core   0: 0x0000000080004bf8 (0x401c5d9b) sraiw   s11, s8, 1
core   0: 1 0x0000000080004bf8 (0x401c5d9b) x27 0x0000000000000000
core   0: 0x0000000080004bfc (0x03f15c13) srli    s8, sp, 63
core   0: 1 0x0000000080004bfc (0x03f15c13) x24 0x0000000000000000
core   0: 0x0000000080004c00 (0x00ca563b) srlw    a2, s4, a2
core   0: 1 0x0000000080004c00 (0x00ca563b) x12 0x0000000000000000
core   0: 0x0000000080004c04 (0x032e0e33) mul     t3, t3, s2
core   0: 1 0x0000000080004c04 (0x032e0e33) x28 0xfffff80000400000
core   0: 0x0000000080004c08 (0xc03977d3) fcvt.lu.s a5, fs2
core   0: 1 0x0000000080004c08 (0xc03977d3) c1_fflags 0x000000000000001f x15 0xffffffffffffffff
core   0: 0x0000000080004c0c (0x014880b3) add     ra, a7, s4
core   0: 1 0x0000000080004c0c (0x014880b3) x1  0x0000000000000003
core   0: 0x0000000080004c10 (0xc21ff453) fcvt.wu.d s0, ft11
core   0: 1 0x0000000080004c10 (0xc21ff453) c1_fflags 0x000000000000001f x8  0xffffffffffffffff
core   0: 0x0000000080004c14 (0x41c8581b) sraiw   a6, a6, 28
core   0: 1 0x0000000080004c14 (0x41c8581b) x16 0x0000000000000000
core   0: 0x0000000080004c18 (0x030cedbb) remw    s11, s9, a6
core   0: 1 0x0000000080004c18 (0x030cedbb) x27 0x0000000000200010
core   0: 0x0000000080004c1c (0x22e40dd3) fsgnj.d fs11, fs0, fa4
core   0: 1 0x0000000080004c1c (0x22e40dd3) f27 0xfff8000000000000
core   0: 0x0000000080004c20 (0xfe35fe37) lui     t3, 0xfe35f
core   0: 1 0x0000000080004c20 (0xfe35fe37) x28 0xfffffffffe35f000
core   0: 0x0000000080004c24 (0xdd7e0e1b) addiw   t3, t3, -553
core   0: 1 0x0000000080004c24 (0xdd7e0e1b) x28 0xfffffffffe35edd7
core   0: 0x0000000080004c28 (0x00000e32) c.slli  t3, 12
core   0: 1 0x0000000080004c28 (0x0e32) x28 0xffffffe35edd7000
core   0: 0x0000000080004c2a (0x244e0e13) addi    t3, t3, 580
core   0: 1 0x0000000080004c2a (0x244e0e13) x28 0xffffffe35edd7244
core   0: 0x0000000080004c2e (0x00000001) c.nop
core   0: 1 0x0000000080004c2e (0x0001)
core   0: 0x0000000080004c30 (0xa3630853) fle.d   a6, ft6, fs6
core   0: 1 0x0000000080004c30 (0xa3630853) x16 0x0000000000000001
core   0: 0x0000000080004c34 (0x030ee5bb) remw    a1, t4, a6
core   0: 1 0x0000000080004c34 (0x030ee5bb) x11 0x0000000000000000
core   0: 0x0000000080004c38 (0x41895b93) srai    s7, s2, 24
core   0: 1 0x0000000080004c38 (0x41895b93) x23 0xffffffffffffffff
core   0: 0x0000000080004c3c (0x80058713) addi    a4, a1, -2048
core   0: 1 0x0000000080004c3c (0x80058713) x14 0xfffffffffffff800
core   0: 0x0000000080004c40 (0x412802b3) sub     t0, a6, s2
core   0: 1 0x0000000080004c40 (0x412802b3) x5  0x0000000000400001
core   0: 0x0000000080004c44 (0x0348cb3b) divw    s6, a7, s4
core   0: 1 0x0000000080004c44 (0x0348cb3b) x22 0xffffffffffffffff
core   0: 0x0000000080004c48 (0x2bbdf2cf) fnmadd.d ft5, fs11, fs11, ft5
core   0: 1 0x0000000080004c48 (0x2bbdf2cf) f5  0x7ff8000000000000
core   0: 0x0000000080004c4c (0x1352f653) fmul.d  fa2, ft5, fs5
core   0: 1 0x0000000080004c4c (0x1352f653) f12 0x7ff8000000000000
core   0: 0x0000000080004c50 (0xf1265773) csrrwi  a4, marchid, 12
core   0: exception trap_illegal_instruction, epc 0x0000000080004c50
core   0:           tval 0x00000000f1265773
core   0: >>>>  $xrv64i2p1_m2p0_a2p1_f2p2_d2p2_zicsr2p0_zifencei2p0_zmmul1p0_zba1p0_zbb1p0_zbc1p0_zbs1p0
core   0: 0x0000000080004000 (0x0080006f) j       pc + 0x8
core   0: 3 0x0000000080004000 (0x0080006f)
core   0: >>>>  mmode_exception_handler
core   0: 0x0000000080004008 (0x00002c17) auipc   s8, 0x2
core   0: 3 0x0000000080004008 (0x00002c17) x24 0x0000000080006008
core   0: 0x000000008000400c (0x108c0c13) addi    s8, s8, 264
core   0: 3 0x000000008000400c (0x108c0c13) x24 0x0000000080006110
core   0: 0x0000000080004010 (0x000c00e7) jalr    s8
core   0: 3 0x0000000080004010 (0x000c00e7) x1  0x0000000080004014
core   0: >>>>  any_handler
core   0: 0x0000000080006110 (0x341027f3) csrrs   a5, mepc, zero
core   0: 3 0x0000000080006110 (0x341027f3) x15 0x0000000080004c50
core   0: 0x0000000080006114 (0x34202773) csrrs   a4, mcause, zero
core   0: 3 0x0000000080006114 (0x34202773) x14 0x0000000000000002
core   0: 0x0000000080006118 (0x142026f3) csrrs   a3, scause, zero
core   0: 3 0x0000000080006118 (0x142026f3) x13 0x0000000000000014
core   0: 0x000000008000611c (0x30402673) csrrs   a2, mie, zero
core   0: 3 0x000000008000611c (0x30402673) x12 0x0000000000000a00
core   0: 0x0000000080006120 (0x344025f3) csrrs   a1, mip, zero
core   0: 3 0x0000000080006120 (0x344025f3) x11 0x0000000000000080
core   0: 0x0000000080006124 (0x343025f3) csrrs   a1, mtval, zero
core   0: 3 0x0000000080006124 (0x343025f3) x11 0x00000000f1265773
core   0: 0x0000000080006128 (0x14302573) csrrs   a0, stval, zero
core   0: 3 0x0000000080006128 (0x14302573) x10 0x0000000000000000
core   0: 0x000000008000612c (0xb02024f3) csrrs   s1, minstret, zero
core   0: 3 0x000000008000612c (0xb02024f3) x9  0x0000000000000c3e
core   0: 0x0000000080006130 (0x0000a811) c.j     pc + 20
core   0: 3 0x0000000080006130 (0xa811)
core   0: >>>>  mepc_4
core   0: 0x0000000080006144 (0x00000791) c.addi  a5, 4
core   0: 3 0x0000000080006144 (0x0791) x15 0x0000000080004c54
core   0: 0x0000000080006146 (0x34179073) csrrw   zero, mepc, a5
core   0: 3 0x0000000080006146 (0x34179073) c833_mepc 0x0000000080004c54
core   0: 0x000000008000614a (0x30200073) mret
core   0: 3 0x000000008000614a (0x30200073) c768_mstatus 0x8000000a00106080
core   0: 0x0000000080004c54 (0x00b0e433) or      s0, ra, a1
core   0: 1 0x0000000080004c54 (0x00b0e433) x8  0x00000000f1265777
core   0: 0x0000000080004c58 (0x4010fdd3) fcvt.s.d fs11, ft1
core   0: 1 0x0000000080004c58 (0x4010fdd3) f27 0xffffffff7fc00000
core   0: 0x0000000080004c5c (0xc21dfbd3) fcvt.wu.d s7, fs11
core   0: 1 0x0000000080004c5c (0xc21dfbd3) c1_fflags 0x000000000000001f x23 0xffffffffffffffff
core   0: 0x0000000080004c60 (0xe2091bd3) fclass.d s7, fs2
core   0: 1 0x0000000080004c60 (0xe2091bd3) x23 0x0000000000000020
core   0: 0x0000000080004c64 (0x420b83d3) fcvt.d.s ft7, fs7
core   0: 1 0x0000000080004c64 (0x420b83d3) f7  0x41e0000800000000
core   0: 0x0000000080004c68 (0x02777cd3) fadd.d  fs9, fa4, ft7
core   0: 1 0x0000000080004c68 (0x02777cd3) f25 0x7ff8000000000000
core   0: 0x0000000080004c6c (0xc033f7d3) fcvt.lu.s a5, ft7
core   0: 1 0x0000000080004c6c (0xc033f7d3) c1_fflags 0x000000000000001f x15 0xffffffffffffffff
core   0: 0x0000000080004c70 (0x000096da) c.add   a3, s6
core   0: 1 0x0000000080004c70 (0x96da) x13 0x0000000000000013
core   0: 0x0000000080004c72 (0x41b5db93) srai    s7, a1, 27
core   0: 1 0x0000000080004c72 (0x41b5db93) x23 0x000000000000001e
core   0: 0x0000000080004c76 (0x03a7a033) mulhsu  zero, a5, s10
core   0: 1 0x0000000080004c76 (0x03a7a033)
core   0: 0x0000000080004c7a (0xd0307853) fcvt.s.lu fa6, zero
core   0: 1 0x0000000080004c7a (0xd0307853) f16 0xffffffff00000000
core   0: 0x0000000080004c7e (0x000bfe93) andi    t4, s7, 0
core   0: 1 0x0000000080004c7e (0x000bfe93) x29 0x0000000000000000
core   0: 0x0000000080004c82 (0x00097333) and     t1, s2, zero
core   0: 1 0x0000000080004c82 (0x00097333) x6  0x0000000000000000
core   0: 0x0000000080004c86 (0xd2000cd3) fcvt.d.w fs9, zero
core   0: 1 0x0000000080004c86 (0xd2000cd3) f25 0x0000000000000000
core   0: 0x0000000080004c8a (0x00000001) c.nop
core   0: 1 0x0000000080004c8a (0x0001)
core   0: 0x0000000080004c8c (0x0299a5b3) mulhsu  a1, s3, s1
core   0: 1 0x0000000080004c8c (0x0299a5b3) x11 0x0000000000000000
core   0: 0x0000000080004c90 (0x27b9fb93) andi    s7, s3, 635
core   0: 1 0x0000000080004c90 (0x27b9fb93) x23 0x0000000000000078
core   0: 0x0000000080004c94 (0x013986bb) addw    a3, s3, s3
core   0: 1 0x0000000080004c94 (0x013986bb) x13 0x000000002699cbf0
core   0: 0x0000000080004c98 (0x004c973b) sllw    a4, s9, tp
core   0: 1 0x0000000080004c98 (0x004c973b) x14 0x0000000000200010
core   0: 0x0000000080004c9c (0x02e6e4b3) rem     s1, a3, a4
core   0: 1 0x0000000080004c9c (0x02e6e4b3) x9  0x000000000019b8b0
core   0: 0x0000000080004ca0 (0x40f35313) srai    t1, t1, 15
core   0: 1 0x0000000080004ca0 (0x40f35313) x6  0x0000000000000000
core   0: 0x0000000080004ca4 (0x230e0b53) fsgnj.d fs6, ft8, fa6
core   0: 1 0x0000000080004ca4 (0x230e0b53) f22 0x8000000000000000
core   0: 0x0000000080004ca8 (0xb20b70c7) fmsub.d ft1, fs6, ft0, fs6
core   0: 1 0x0000000080004ca8 (0xb20b70c7) f1  0x7ff8000000000000
core   0: 0x0000000080004cac (0x14111af3) csrrw   s5, sepc, sp
core   0: 1 0x0000000080004cac (0x14111af3) x21 0x0000000000000000 c321_sepc 0x0000000000000000
core   0: 0x0000000080004cb0 (0x038ab233) mulhu   tp, s5, s8
core   0: 1 0x0000000080004cb0 (0x038ab233) x4  0x0000000000000000
core   0: 0x0000000080004cb4 (0x00421233) sll     tp, tp, tp
core   0: 1 0x0000000080004cb4 (0x00421233) x4  0x0000000000000000
core   0: 0x0000000080004cb8 (0x03a66633) rem     a2, a2, s10
core   0: 1 0x0000000080004cb8 (0x03a66633) x12 0x0000000000000000
core   0: 0x0000000080004cbc (0x00202973) csrrs   s2, frm, zero
core   0: 1 0x0000000080004cbc (0x00202973) x18 0x0000000000000003
core   0: 0x0000000080004cc0 (0x00345a3b) srlw    s4, s0, gp
core   0: 1 0x0000000080004cc0 (0x00345a3b) x20 0x000000000000f126
core   0: 0x0000000080004cc4 (0x2a540053) fmin.d  ft0, fs0, ft5
core   0: 1 0x0000000080004cc4 (0x2a540053) f0  0x7ff8000000000000
core   0: 0x0000000080004cc8 (0x1a23a117) auipc   sp, 0x1a23a
core   0: 1 0x0000000080004cc8 (0x1a23a117) x2  0x000000009a23ecc8
core   0: 0x0000000080004ccc (0x009174b3) and     s1, sp, s1
core   0: 1 0x0000000080004ccc (0x009174b3) x9  0x000000000001a880
core   0: 0x0000000080004cd0 (0x823101b7) lui     gp, 0x82310
core   0: 1 0x0000000080004cd0 (0x823101b7) x3  0xffffffff82310000
core   0: 0x0000000080004cd4 (0xe3c0f24f) fnmadd.d ft4, ft1, ft8, ft8
core   0: 1 0x0000000080004cd4 (0xe3c0f24f) f4  0x7ff8000000000000
core   0: 0x0000000080004cd8 (0xd031f853) fcvt.s.lu fa6, gp
core   0: 1 0x0000000080004cd8 (0xd031f853) c1_fflags 0x000000000000001f f16 0xffffffff5f800000
core   0: 0x0000000080004cdc (0x036bf0b3) remu    ra, s7, s6
core   0: 1 0x0000000080004cdc (0x036bf0b3) x1  0x0000000000000078
core   0: 0x0000000080004ce0 (0x02edf6b3) remu    a3, s11, a4
core   0: 1 0x0000000080004ce0 (0x02edf6b3) x13 0x0000000000000000
core   0: 0x0000000080004ce4 (0x13c57bd3) fmul.d  fs7, fa0, ft8
core   0: 1 0x0000000080004ce4 (0x13c57bd3) f23 0x7ff8000000000000
core   0: 0x0000000080004ce8 (0xd027f353) fcvt.s.l ft6, a5
core   0: 1 0x0000000080004ce8 (0xd027f353) f6  0xffffffffbf800000
core   0: 0x0000000080004cec (0x2ac7f647) fmsub.d fa2, fa5, fa2, ft5
core   0: 1 0x0000000080004cec (0x2ac7f647) f12 0x7ff8000000000000
core   0: 0x0000000080004cf0 (0xff8a32b7) lui     t0, 0xff8a3
core   0: 1 0x0000000080004cf0 (0xff8a32b7) x5  0xffffffffff8a3000
core   0: 0x0000000080004cf4 (0xb432829b) addiw   t0, t0, -1213
core   0: 1 0x0000000080004cf4 (0xb432829b) x5  0xffffffffff8a2b43
core   0: 0x0000000080004cf8 (0x000002c2) c.slli  t0, 16
core   0: 1 0x0000000080004cf8 (0x02c2) x5  0xffffff8a2b430000
core   0: 0x0000000080004cfa (0x60428293) addi    t0, t0, 1540
core   0: 1 0x0000000080004cfa (0x60428293) x5  0xffffff8a2b430604
core   0: 0x0000000080004cfe (0x1a607653) fdiv.d  fa2, ft0, ft6
core   0: 1 0x0000000080004cfe (0x1a607653) f12 0x7ff8000000000000
core   0: 0x0000000080004d02 (0x2a52724f) fnmadd.d ft4, ft4, ft5, ft5
core   0: 1 0x0000000080004d02 (0x2a52724f) f4  0x7ff8000000000000
core   0: 0x0000000080004d06 (0xd02b7a53) fcvt.s.l fs4, s6
core   0: 1 0x0000000080004d06 (0xd02b7a53) f20 0xffffffffbf800000
core   0: 0x0000000080004d0a (0xe20a8753) fmv.x.d a4, fs5
core   0: 1 0x0000000080004d0a (0xe20a8753) x14 0x43ec39a495a72001
core   0: 0x0000000080004d0e (0x4031d3b3) sra     t2, gp, gp
core   0: 1 0x0000000080004d0e (0x4031d3b3) x7  0xffffffff82310000
core   0: 0x0000000080004d12 (0xd228fb53) fcvt.d.l fs6, a7
core   0: 1 0x0000000080004d12 (0xd228fb53) f22 0x4008000000000000
core   0: 0x0000000080004d16 (0x032973bb) remuw   t2, s2, s2
core   0: 1 0x0000000080004d16 (0x032973bb) x7  0x0000000000000000
core   0: 0x0000000080004d1a (0x002026f3) csrrs   a3, frm, zero
core   0: 1 0x0000000080004d1a (0x002026f3) x13 0x0000000000000003
core   0: 0x0000000080004d1e (0x5215f5cb) fnmsub.d fa1, fa1, ft1, fa0
core   0: 1 0x0000000080004d1e (0x5215f5cb) f11 0x7ff8000000000000
core   0: 0x0000000080004d22 (0x03f6de93) srli    t4, a3, 63
core   0: 1 0x0000000080004d22 (0x03f6de93) x29 0x0000000000000000
core   0: 0x0000000080004d26 (0x917ec393) xori    t2, t4, -1769
core   0: 1 0x0000000080004d26 (0x917ec393) x7  0xfffffffffffff917
core   0: 0x0000000080004d2a (0x02d09a33) mulh    s4, ra, a3
core   0: 1 0x0000000080004d2a (0x02d09a33) x20 0x0000000000000000
core   0: 0x0000000080004d2e (0x1ac57653) fdiv.d  fa2, fa0, fa2
core   0: 1 0x0000000080004d2e (0x1ac57653) f12 0x7ff8000000000000
core   0: 0x0000000080004d32 (0x00ee9b13) slli    s6, t4, 14
core   0: 1 0x0000000080004d32 (0x00ee9b13) x22 0x0000000000000000
core   0: 0x0000000080004d36 (0x008b1c1b) slliw   s8, s6, 8
core   0: 1 0x0000000080004d36 (0x008b1c1b) x24 0x0000000000000000
core   0: 0x0000000080004d3a (0xc025f5d3) fcvt.l.s a1, fa1
core   0: 1 0x0000000080004d3a (0xc025f5d3) c1_fflags 0x000000000000001f x11 0x7fffffffffffffff
core   0: 0x0000000080004d3e (0xf2048c53) fmv.d.x fs8, s1
core   0: 1 0x0000000080004d3e (0xf2048c53) f24 0x000000000001a880
core   0: 0x0000000080004d42 (0xf20483d3) fmv.d.x ft7, s1
core   0: 1 0x0000000080004d42 (0xf20483d3) f7  0x000000000001a880
core   0: 0x0000000080004d46 (0x0005dc1b) srliw   s8, a1, 0
core   0: 1 0x0000000080004d46 (0x0005dc1b) x24 0xffffffffffffffff
core   0: 0x0000000080004d4a (0xa3fc0853) fle.d   a6, fs8, ft11
core   0: 1 0x0000000080004d4a (0xa3fc0853) c1_fflags 0x000000000000001f x16 0x0000000000000000
core   0: 0x0000000080004d4e (0xd0247bd3) fcvt.s.l fs7, s0
core   0: 1 0x0000000080004d4e (0xd0247bd3) c1_fflags 0x000000000000001f f23 0xffffffff4f712658
core   0: 0x0000000080004d52 (0x0007c993) xori    s3, a5, 0
core   0: 1 0x0000000080004d52 (0x0007c993) x19 0xffffffffffffffff
core   0: 0x0000000080004d56 (0x0375dbbb) divuw   s7, a1, s7
core   0: 1 0x0000000080004d56 (0x0375dbbb) x23 0x0000000002222222
core   0: 0x0000000080004d5a (0xc20973d3) fcvt.w.d t2, fs2
core   0: 1 0x0000000080004d5a (0xc20973d3) c1_fflags 0x000000000000001f x7  0x0000000000000001
core   0: 0x0000000080004d5e (0x01ab199b) slliw   s3, s6, 26
core   0: 1 0x0000000080004d5e (0x01ab199b) x19 0x0000000000000000
core   0: 0x0000000080004d62 (0x23a91b53) fsgnjn.d fs6, fs2, fs10
core   0: 1 0x0000000080004d62 (0x23a91b53) f22 0x0000000000200010
core   0: 0x0000000080004d66 (0x52e00b13) li      s6, 1326
core   0: 1 0x0000000080004d66 (0x52e00b13) x22 0x000000000000052e
core   0: 0x0000000080004d6a (0x00000001) c.nop
core   0: 1 0x0000000080004d6a (0x0001)
core   0: 0x0000000080004d6c (0x00000001) c.nop
core   0: 1 0x0000000080004d6c (0x0001)
core   0: 0x0000000080004d6e (0x037b0133) mul     sp, s6, s7
core   0: 1 0x0000000080004d6e (0x037b0133) x2  0x0000000b0ccccc1c
core   0: 0x0000000080004d72 (0xbbe01697) auipc   a3, 0xbbe01
core   0: 1 0x0000000080004d72 (0xbbe01697) x13 0x000000003be05d72
core   0: 0x0000000080004d76 (0x00561b3b) sllw    s6, a2, t0
core   0: 1 0x0000000080004d76 (0x00561b3b) x22 0x0000000000000000
core   0: 0x0000000080004d7a (0x03c61d13) slli    s10, a2, 60
core   0: 1 0x0000000080004d7a (0x03c61d13) x26 0x0000000000000000
core   0: 0x0000000080004d7e (0x00229893) slli    a7, t0, 2
core   0: 1 0x0000000080004d7e (0x00229893) x17 0xfffffe28ad0c1810
core   0: 0x0000000080004d82 (0x17999997) auipc   s3, 0x17999
core   0: 1 0x0000000080004d82 (0x17999997) x19 0x000000009799dd82
core   0: 0x0000000080004d86 (0xd2307653) fcvt.d.lu fa2, zero
core   0: 1 0x0000000080004d86 (0xd2307653) f12 0x0000000000000000
core   0: 0x0000000080004d8a (0x03140433) mul     s0, s0, a7
core   0: 1 0x0000000080004d8a (0x03140433) x8  0x04510a2a2f2c9f70
core   0: 0x0000000080004d8e (0x43967b47) fmsub.d fs6, fa2, fs9, fs0
core   0: 1 0x0000000080004d8e (0x43967b47) f22 0x7ff8000000000000
core   0: 0x0000000080004d92 (0x0ff0000f) fence   iorw,iorw
core   0: 1 0x0000000080004d92 (0x0ff0000f)
core   0: 0x0000000080004d96 (0x0000919a) c.add   gp, t1
core   0: 1 0x0000000080004d96 (0x919a) x3  0xffffffff82310000
core   0: 0x0000000080004d98 (0x2a1384d3) fmin.d  fs1, ft7, ft1
core   0: 1 0x0000000080004d98 (0x2a1384d3) f9  0x000000000001a880
core   0: 0x0000000080004d9c (0x00001693) slli    a3, zero, 0
core   0: 1 0x0000000080004d9c (0x00001693) x13 0x0000000000000000
core   0: 0x0000000080004da0 (0x00045c13) srli    s8, s0, 0
core   0: 1 0x0000000080004da0 (0x00045c13) x24 0x04510a2a2f2c9f70
core   0: 0x0000000080004da4 (0x334c4997) auipc   s3, 0x334c4
core   0: 1 0x0000000080004da4 (0x334c4997) x19 0x00000000b34c8da4
core   0: 0x0000000080004da8 (0x004d1db3) sll     s11, s10, tp
core   0: 1 0x0000000080004da8 (0x004d1db3) x27 0x0000000000000000
core   0: 0x0000000080004dac (0x035191b3) mulh    gp, gp, s5
core   0: 1 0x0000000080004dac (0x035191b3) x3  0x0000000000000000
core   0: 0x0000000080004db0 (0x2b260453) fmin.d  fs0, fa2, fs2
core   0: 1 0x0000000080004db0 (0x2b260453) f8  0x0000000000000000
core   0: 0x0000000080004db4 (0xd0297053) fcvt.s.l ft0, s2
core   0: 1 0x0000000080004db4 (0xd0297053) f0  0xffffffff40400000
core   0: 0x0000000080004db8 (0xa3200053) fle.d   zero, ft0, fs2
core   0: 1 0x0000000080004db8 (0xa3200053) c1_fflags 0x000000000000001f
core   0: 0x0000000080004dbc (0x0011da13) srli    s4, gp, 1
core   0: 1 0x0000000080004dbc (0x0011da13) x20 0x0000000000000000
core   0: 0x0000000080004dc0 (0x13f07a53) fmul.d  fs4, ft0, ft11
core   0: 1 0x0000000080004dc0 (0x13f07a53) f20 0x7ff8000000000000
core   0: 0x0000000080004dc4 (0x00000001) c.nop
core   0: 1 0x0000000080004dc4 (0x0001)
core   0: 0x0000000080004dc6 (0xc03ffad3) fcvt.lu.s s5, ft11
core   0: 1 0x0000000080004dc6 (0xc03ffad3) c1_fflags 0x000000000000001f x21 0xffffffffffffffff
core   0: 0x0000000080004dca (0x00ce0ab3) add     s5, t3, a2
core   0: 1 0x0000000080004dca (0x00ce0ab3) x21 0xffffffe35edd7244
core   0: 0x0000000080004dce (0x012efeb3) and     t4, t4, s2
core   0: 1 0x0000000080004dce (0x012efeb3) x29 0x0000000000000000
core   0: 0x0000000080004dd2 (0x01ac533b) srlw    t1, s8, s10
core   0: 1 0x0000000080004dd2 (0x01ac533b) x6  0x000000002f2c9f70
core   0: 0x0000000080004dd6 (0xc8101c73) csrrw   s8, timeh, zero
core   0: exception trap_illegal_instruction, epc 0x0000000080004dd6
core   0:           tval 0x00000000c8101c73
core   0: >>>>  $xrv64i2p1_m2p0_a2p1_f2p2_d2p2_zicsr2p0_zifencei2p0_zmmul1p0_zba1p0_zbb1p0_zbc1p0_zbs1p0
core   0: 0x0000000080004000 (0x0080006f) j       pc + 0x8
core   0: 3 0x0000000080004000 (0x0080006f)
core   0: >>>>  mmode_exception_handler
core   0: 0x0000000080004008 (0x00002c17) auipc   s8, 0x2
core   0: 3 0x0000000080004008 (0x00002c17) x24 0x0000000080006008
core   0: 0x000000008000400c (0x108c0c13) addi    s8, s8, 264
core   0: 3 0x000000008000400c (0x108c0c13) x24 0x0000000080006110
core   0: 0x0000000080004010 (0x000c00e7) jalr    s8
core   0: 3 0x0000000080004010 (0x000c00e7) x1  0x0000000080004014
core   0: >>>>  any_handler
core   0: 0x0000000080006110 (0x341027f3) csrrs   a5, mepc, zero
core   0: 3 0x0000000080006110 (0x341027f3) x15 0x0000000080004dd6
core   0: 0x0000000080006114 (0x34202773) csrrs   a4, mcause, zero
core   0: 3 0x0000000080006114 (0x34202773) x14 0x0000000000000002
core   0: 0x0000000080006118 (0x142026f3) csrrs   a3, scause, zero
core   0: 3 0x0000000080006118 (0x142026f3) x13 0x0000000000000014
core   0: 0x000000008000611c (0x30402673) csrrs   a2, mie, zero
core   0: 3 0x000000008000611c (0x30402673) x12 0x0000000000000a00
core   0: 0x0000000080006120 (0x344025f3) csrrs   a1, mip, zero
core   0: 3 0x0000000080006120 (0x344025f3) x11 0x0000000000000080
core   0: 0x0000000080006124 (0x343025f3) csrrs   a1, mtval, zero
core   0: 3 0x0000000080006124 (0x343025f3) x11 0x00000000c8101c73
core   0: 0x0000000080006128 (0x14302573) csrrs   a0, stval, zero
core   0: 3 0x0000000080006128 (0x14302573) x10 0x0000000000000000
core   0: 0x000000008000612c (0xb02024f3) csrrs   s1, minstret, zero
core   0: 3 0x000000008000612c (0xb02024f3) x9  0x0000000000000cb2
core   0: 0x0000000080006130 (0x0000a811) c.j     pc + 20
core   0: 3 0x0000000080006130 (0xa811)
core   0: >>>>  mepc_4
core   0: 0x0000000080006144 (0x00000791) c.addi  a5, 4
core   0: 3 0x0000000080006144 (0x0791) x15 0x0000000080004dda
core   0: 0x0000000080006146 (0x34179073) csrrw   zero, mepc, a5
core   0: 3 0x0000000080006146 (0x34179073) c833_mepc 0x0000000080004dda
core   0: 0x000000008000614a (0x30200073) mret
core   0: 3 0x000000008000614a (0x30200073) c768_mstatus 0x8000000a00106080
core   0: 0x0000000080004dda (0x47b16b37) lui     s6, 0x47b16
core   0: 1 0x0000000080004dda (0x47b16b37) x22 0x0000000047b16000
core   0: 0x0000000080004dde (0x003b0c3b) addw    s8, s6, gp
core   0: 1 0x0000000080004dde (0x003b0c3b) x24 0x0000000047b16000
core   0: 0x0000000080004de2 (0xfffc071b) addiw   a4, s8, -1
core   0: 1 0x0000000080004de2 (0xfffc071b) x14 0x0000000047b15fff
core   0: 0x0000000080004de6 (0x00191df3) csrrw   s11, fflags, s2
core   0: 1 0x0000000080004de6 (0x00191df3) x27 0x000000000000001f c1_fflags 0x0000000000000003
core   0: 0x0000000080004dea (0x220a08d3) fsgnj.d fa7, fs4, ft0
core   0: 1 0x0000000080004dea (0x220a08d3) f17 0xfff8000000000000
core   0: 0x0000000080004dee (0xe20506d3) fmv.x.d a3, fa0
core   0: 1 0x0000000080004dee (0xe20506d3) x13 0x7ff8000000000000
core   0: 0x0000000080004df2 (0x140f7c73) csrrci  s8, sscratch, 30
core   0: 1 0x0000000080004df2 (0x140f7c73) x24 0x0000000000000000 c320_sscratch 0x0000000000000000
core   0: 0x0000000080004df6 (0x00c04933) xor     s2, zero, a2
core   0: 1 0x0000000080004df6 (0x00c04933) x18 0x0000000000000a00
core   0: 0x0000000080004dfa (0x4185873b) subw    a4, a1, s8
core   0: 1 0x0000000080004dfa (0x4185873b) x14 0xffffffffc8101c73
core   0: 0x0000000080004dfe (0x00190413) addi    s0, s2, 1
core   0: 1 0x0000000080004dfe (0x00190413) x8  0x0000000000000a01
core   0: 0x0000000080004e02 (0xf39c794b) fnmsub.d fs2, fs8, fs9, ft10
core   0: 1 0x0000000080004e02 (0xf39c794b) f18 0x40ef02ec3fd27fe8
core   0: 0x0000000080004e06 (0xc060ac73) csrrs   s8, hpmcounter6, ra
core   0: exception trap_illegal_instruction, epc 0x0000000080004e06
core   0:           tval 0x00000000c060ac73
core   0: >>>>  $xrv64i2p1_m2p0_a2p1_f2p2_d2p2_zicsr2p0_zifencei2p0_zmmul1p0_zba1p0_zbb1p0_zbc1p0_zbs1p0
core   0: 0x0000000080004000 (0x0080006f) j       pc + 0x8
core   0: 3 0x0000000080004000 (0x0080006f)
core   0: >>>>  mmode_exception_handler
core   0: 0x0000000080004008 (0x00002c17) auipc   s8, 0x2
core   0: 3 0x0000000080004008 (0x00002c17) x24 0x0000000080006008
core   0: 0x000000008000400c (0x108c0c13) addi    s8, s8, 264
core   0: 3 0x000000008000400c (0x108c0c13) x24 0x0000000080006110
core   0: 0x0000000080004010 (0x000c00e7) jalr    s8
core   0: 3 0x0000000080004010 (0x000c00e7) x1  0x0000000080004014
core   0: >>>>  any_handler
core   0: 0x0000000080006110 (0x341027f3) csrrs   a5, mepc, zero
core   0: 3 0x0000000080006110 (0x341027f3) x15 0x0000000080004e06
core   0: 0x0000000080006114 (0x34202773) csrrs   a4, mcause, zero
core   0: 3 0x0000000080006114 (0x34202773) x14 0x0000000000000002
core   0: 0x0000000080006118 (0x142026f3) csrrs   a3, scause, zero
core   0: 3 0x0000000080006118 (0x142026f3) x13 0x0000000000000014
core   0: 0x000000008000611c (0x30402673) csrrs   a2, mie, zero
core   0: 3 0x000000008000611c (0x30402673) x12 0x0000000000000a00
core   0: 0x0000000080006120 (0x344025f3) csrrs   a1, mip, zero
core   0: 3 0x0000000080006120 (0x344025f3) x11 0x0000000000000080
core   0: 0x0000000080006124 (0x343025f3) csrrs   a1, mtval, zero
core   0: 3 0x0000000080006124 (0x343025f3) x11 0x00000000c060ac73
core   0: 0x0000000080006128 (0x14302573) csrrs   a0, stval, zero
core   0: 3 0x0000000080006128 (0x14302573) x10 0x0000000000000000
core   0: 0x000000008000612c (0xb02024f3) csrrs   s1, minstret, zero
core   0: 3 0x000000008000612c (0xb02024f3) x9  0x0000000000000ccd
core   0: 0x0000000080006130 (0x0000a811) c.j     pc + 20
core   0: 3 0x0000000080006130 (0xa811)
core   0: >>>>  mepc_4
core   0: 0x0000000080006144 (0x00000791) c.addi  a5, 4
core   0: 3 0x0000000080006144 (0x0791) x15 0x0000000080004e0a
core   0: 0x0000000080006146 (0x34179073) csrrw   zero, mepc, a5
core   0: 3 0x0000000080006146 (0x34179073) c833_mepc 0x0000000080004e0a
core   0: 0x000000008000614a (0x30200073) mret
core   0: 3 0x000000008000614a (0x30200073) c768_mstatus 0x8000000a00106080
core   0: 0x0000000080004e0a (0x2aee9ad3) fmax.d  fs5, ft9, fa4
core   0: 1 0x0000000080004e0a (0x2aee9ad3) f21 0x0000000000000000
core   0: 0x0000000080004e0e (0x004b563b) srlw    a2, s6, tp
core   0: 1 0x0000000080004e0e (0x004b563b) x12 0x0000000047b16000
core   0: 0x0000000080004e12 (0x0071943b) sllw    s0, gp, t2
core   0: 1 0x0000000080004e12 (0x0071943b) x8  0x0000000000000000
core   0: 0x0000000080004e16 (0x0016181b) slliw   a6, a2, 1
core   0: 1 0x0000000080004e16 (0x0016181b) x16 0xffffffff8f62c000
core   0: 0x0000000080004e1a (0x6b5773cf) fnmadd.d ft7, fa4, fs5, fa3
core   0: 1 0x0000000080004e1a (0x6b5773cf) f7  0x7ff8000000000000
core   0: 0x0000000080004e1e (0x033d1713) slli    a4, s10, 51
core   0: 1 0x0000000080004e1e (0x033d1713) x14 0x0000000000000000
core   0: 0x0000000080004e22 (0x01a5153b) sllw    a0, a0, s10
core   0: 1 0x0000000080004e22 (0x01a5153b) x10 0x0000000000000000
core   0: 0x0000000080004e26 (0x02aa4eb3) div     t4, s4, a0
core   0: 1 0x0000000080004e26 (0x02aa4eb3) x29 0xffffffffffffffff
core   0: 0x0000000080004e2a (0x001e9c93) slli    s9, t4, 1
core   0: 1 0x0000000080004e2a (0x001e9c93) x25 0xfffffffffffffffe
core   0: 0x0000000080004e2e (0x03ca2a33) mulhsu  s4, s4, t3
core   0: 1 0x0000000080004e2e (0x03ca2a33) x20 0x0000000000000000
core   0: 0x0000000080004e32 (0x038b7c3b) remuw   s8, s6, s8
core   0: 1 0x0000000080004e32 (0x038b7c3b) x24 0x0000000047b16000
core   0: 0x0000000080004e36 (0x002021f3) csrrs   gp, frm, zero
core   0: 1 0x0000000080004e36 (0x002021f3) x3  0x0000000000000003
core   0: 0x0000000080004e3a (0xd21c0b53) fcvt.d.wu fs6, s8
core   0: 1 0x0000000080004e3a (0xd21c0b53) f22 0x41d1ec5800000000
core   0: 0x0000000080004e3e (0x0012dd1b) srliw   s10, t0, 1
core   0: 1 0x0000000080004e3e (0x0012dd1b) x26 0x0000000015a18302
core   0: 0x0000000080004e42 (0x000e1e1b) slliw   t3, t3, 0
core   0: 1 0x0000000080004e42 (0x000e1e1b) x28 0x000000005edd7244
core   0: 0x0000000080004e46 (0x01ad2833) slt     a6, s10, s10
core   0: 1 0x0000000080004e46 (0x01ad2833) x16 0x0000000000000000
core   0: 0x0000000080004e4a (0x18778293) addi    t0, a5, 391
core   0: 1 0x0000000080004e4a (0x18778293) x5  0x0000000080004f91
core   0: 0x0000000080004e4e (0x01b7da1b) srliw   s4, a5, 27
core   0: 1 0x0000000080004e4e (0x01b7da1b) x20 0x0000000000000010
core   0: 0x0000000080004e52 (0x0088991b) slliw   s2, a7, 8
core   0: 1 0x0000000080004e52 (0x0088991b) x18 0x000000000c181000
core   0: 0x0000000080004e56 (0x41718d3b) subw    s10, gp, s7
core   0: 1 0x0000000080004e56 (0x41718d3b) x26 0xfffffffffddddde1
core   0: 0x0000000080004e5a (0xc2347253) fcvt.lu.d tp, fs0
core   0: 1 0x0000000080004e5a (0xc2347253) x4  0x0000000000000000
core   0: 0x0000000080004e5e (0x039027b3) mulhsu  a5, zero, s9
core   0: 1 0x0000000080004e5e (0x039027b3) x15 0x0000000000000000
core   0: 0x0000000080004e62 (0x401b77d3) fcvt.s.d fa5, fs6
core   0: 1 0x0000000080004e62 (0x401b77d3) f15 0xffffffff4e8f62c0
core   0: 0x0000000080004e66 (0xc224f153) fcvt.l.d sp, fs1
core   0: 1 0x0000000080004e66 (0xc224f153) c1_fflags 0x0000000000000003 x2  0x0000000000000001
core   0: 0x0000000080004e6a (0x4197d933) sra     s2, a5, s9
core   0: 1 0x0000000080004e6a (0x4197d933) x18 0x0000000000000000
core   0: 0x0000000080004e6e (0x03ad1833) mulh    a6, s10, s10
core   0: 1 0x0000000080004e6e (0x03ad1833) x16 0x0000000000000000
core   0: 0x0000000080004e72 (0x7a07f3c7) fmsub.d ft7, fa5, ft0, fa5
core   0: 1 0x0000000080004e72 (0x7a07f3c7) f7  0x7ff8000000000000
core   0: 0x0000000080004e76 (0x0ba1fdd3) fsub.d  fs11, ft3, fs10
core   0: 1 0x0000000080004e76 (0x0ba1fdd3) f27 0x7ff8000000000000
core   0: 0x0000000080004e7a (0x03a3533b) divuw   t1, t1, s10
core   0: 1 0x0000000080004e7a (0x03a3533b) x6  0x0000000000000000
core   0: 0x0000000080004e7e (0x001816f3) csrrw   a3, fflags, a6
core   0: 1 0x0000000080004e7e (0x001816f3) x13 0x0000000000000003 c1_fflags 0x0000000000000000
core   0: 0x0000000080004e82 (0x02159a13) slli    s4, a1, 33
core   0: 1 0x0000000080004e82 (0x02159a13) x20 0x80c158e600000000
core   0: 0x0000000080004e86 (0x7afb7b4b) fnmsub.d fs6, fs6, fa5, fa5
core   0: 1 0x0000000080004e86 (0x7afb7b4b) f22 0x7ff8000000000000
core   0: 0x0000000080004e8a (0x0024d03b) srlw    zero, s1, sp
core   0: 1 0x0000000080004e8a (0x0024d03b)
core   0: 0x0000000080004e8e (0x02408233) mul     tp, ra, tp
core   0: 1 0x0000000080004e8e (0x02408233) x4  0x0000000000000000
core   0: 0x0000000080004e92 (0x00091913) slli    s2, s2, 0
core   0: 1 0x0000000080004e92 (0x00091913) x18 0x0000000000000000
core   0: 0x0000000080004e96 (0xf20d0453) fmv.d.x fs0, s10
core   0: 1 0x0000000080004e96 (0xf20d0453) f8  0xfffffffffddddde1
core   0: 0x0000000080004e9a (0x01c44433) xor     s0, s0, t3
core   0: 1 0x0000000080004e9a (0x01c44433) x8  0x000000005edd7244
core   0: 0x0000000080004e9e (0x41b450bb) sraw    ra, s0, s11
core   0: 1 0x0000000080004e9e (0x41b450bb) x1  0x0000000000000000
core   0: 0x0000000080004ea2 (0x306061f3) csrrsi  gp, mcounteren, 0
core   0: exception trap_illegal_instruction, epc 0x0000000080004ea2
core   0:           tval 0x00000000306061f3
core   0: >>>>  $xrv64i2p1_m2p0_a2p1_f2p2_d2p2_zicsr2p0_zifencei2p0_zmmul1p0_zba1p0_zbb1p0_zbc1p0_zbs1p0
core   0: 0x0000000080004000 (0x0080006f) j       pc + 0x8
core   0: 3 0x0000000080004000 (0x0080006f)
core   0: >>>>  mmode_exception_handler
core   0: 0x0000000080004008 (0x00002c17) auipc   s8, 0x2
core   0: 3 0x0000000080004008 (0x00002c17) x24 0x0000000080006008
core   0: 0x000000008000400c (0x108c0c13) addi    s8, s8, 264
core   0: 3 0x000000008000400c (0x108c0c13) x24 0x0000000080006110
core   0: 0x0000000080004010 (0x000c00e7) jalr    s8
core   0: 3 0x0000000080004010 (0x000c00e7) x1  0x0000000080004014
core   0: >>>>  any_handler
core   0: 0x0000000080006110 (0x341027f3) csrrs   a5, mepc, zero
core   0: 3 0x0000000080006110 (0x341027f3) x15 0x0000000080004ea2
core   0: 0x0000000080006114 (0x34202773) csrrs   a4, mcause, zero
core   0: 3 0x0000000080006114 (0x34202773) x14 0x0000000000000002
core   0: 0x0000000080006118 (0x142026f3) csrrs   a3, scause, zero
core   0: 3 0x0000000080006118 (0x142026f3) x13 0x0000000000000014
core   0: 0x000000008000611c (0x30402673) csrrs   a2, mie, zero
core   0: 3 0x000000008000611c (0x30402673) x12 0x0000000000000a00
core   0: 0x0000000080006120 (0x344025f3) csrrs   a1, mip, zero
core   0: 3 0x0000000080006120 (0x344025f3) x11 0x0000000000000080
core   0: 0x0000000080006124 (0x343025f3) csrrs   a1, mtval, zero
core   0: 3 0x0000000080006124 (0x343025f3) x11 0x00000000306061f3
core   0: 0x0000000080006128 (0x14302573) csrrs   a0, stval, zero
core   0: 3 0x0000000080006128 (0x14302573) x10 0x0000000000000000
core   0: 0x000000008000612c (0xb02024f3) csrrs   s1, minstret, zero
core   0: 3 0x000000008000612c (0xb02024f3) x9  0x0000000000000d03
core   0: 0x0000000080006130 (0x0000a811) c.j     pc + 20
core   0: 3 0x0000000080006130 (0xa811)
core   0: >>>>  mepc_4
core   0: 0x0000000080006144 (0x00000791) c.addi  a5, 4
core   0: 3 0x0000000080006144 (0x0791) x15 0x0000000080004ea6
core   0: 0x0000000080006146 (0x34179073) csrrw   zero, mepc, a5
core   0: 3 0x0000000080006146 (0x34179073) c833_mepc 0x0000000080004ea6
core   0: 0x000000008000614a (0x30200073) mret
core   0: 3 0x000000008000614a (0x30200073) c768_mstatus 0x8000000a00106080
core   0: 0x0000000080004ea6 (0x0241f3bb) remuw   t2, gp, tp
core   0: 1 0x0000000080004ea6 (0x0241f3bb) x7  0x0000000000000003
core   0: 0x0000000080004eaa (0x4123823b) subw    tp, t2, s2
core   0: 1 0x0000000080004eaa (0x4123823b) x4  0x0000000000000003
core   0: 0x0000000080004eae (0x010b901b) slliw   zero, s7, 16
core   0: 1 0x0000000080004eae (0x010b901b)
core   0: 0x0000000080004eb2 (0xf20002d3) fmv.d.x ft5, zero
core   0: 1 0x0000000080004eb2 (0xf20002d3) f5  0x0000000000000000
core   0: 0x0000000080004eb6 (0xc033f753) fcvt.lu.s a4, ft7
core   0: 1 0x0000000080004eb6 (0xc033f753) c1_fflags 0x0000000000000010 x14 0xffffffffffffffff
core   0: 0x0000000080004eba (0x41bb0c3b) subw    s8, s6, s11
core   0: 1 0x0000000080004eba (0x41bb0c3b) x24 0x0000000047b15fe1
core   0: 0x0000000080004ebe (0xc223f153) fcvt.l.d sp, ft7
core   0: 1 0x0000000080004ebe (0xc223f153) c1_fflags 0x0000000000000010 x2  0x7fffffffffffffff
core   0: 0x0000000080004ec2 (0x923e8193) addi    gp, t4, -1757
core   0: 1 0x0000000080004ec2 (0x923e8193) x3  0xfffffffffffff922
core   0: 0x0000000080004ec6 (0xc20bf453) fcvt.w.d s0, fs7
core   0: 1 0x0000000080004ec6 (0xc20bf453) c1_fflags 0x0000000000000010 x8  0x000000007fffffff
core   0: 0x0000000080004eca (0x00000001) c.nop
core   0: 1 0x0000000080004eca (0x0001)
core   0: 0x0000000080004ecc (0x23188d9b) addiw   s11, a7, 561
core   0: 1 0x0000000080004ecc (0x23188d9b) x27 0xffffffffad0c1a41
core   0: 0x0000000080004ed0 (0xafde7693) andi    a3, t3, -1283
core   0: 1 0x0000000080004ed0 (0xafde7693) x13 0x000000005edd7244
core   0: 0x0000000080004ed4 (0xc233f1d3) fcvt.lu.d gp, ft7
core   0: 1 0x0000000080004ed4 (0xc233f1d3) c1_fflags 0x0000000000000010 x3  0xffffffffffffffff
core   0: 0x0000000080004ed8 (0xfc656837) lui     a6, 0xfc656
core   0: 1 0x0000000080004ed8 (0xfc656837) x16 0xfffffffffc656000
core   0: 0x0000000080004edc (0x1a98081b) addiw   a6, a6, 425
core   0: 1 0x0000000080004edc (0x1a98081b) x16 0xfffffffffc6561a9
core   0: 0x0000000080004ee0 (0x00000832) c.slli  a6, 12
core   0: 1 0x0000000080004ee0 (0x0832) x16 0xffffffc6561a9000
core   0: 0x0000000080004ee2 (0x08080813) addi    a6, a6, 128
core   0: 1 0x0000000080004ee2 (0x08080813) x16 0xffffffc6561a9080
core   0: 0x0000000080004ee6 (0x001d5013) srli    zero, s10, 1
core   0: 1 0x0000000080004ee6 (0x001d5013)
core   0: 0x0000000080004eea (0x03b5abb3) mulhsu  s7, a1, s11
core   0: 1 0x0000000080004eea (0x03b5abb3) x23 0x00000000306061f2
core   0: 0x0000000080004eee (0x0387da33) divu    s4, a5, s8
core   0: 1 0x0000000080004eee (0x0387da33) x20 0x0000000000000001
core   0: 0x0000000080004ef2 (0xd2100553) fcvt.d.wu fa0, zero
core   0: 1 0x0000000080004ef2 (0xd2100553) f10 0x0000000000000000
core   0: 0x0000000080004ef6 (0x02e05e93) srli    t4, zero, 46
core   0: 1 0x0000000080004ef6 (0x02e05e93) x29 0x0000000000000000
core   0: 0x0000000080004efa (0x4b82f447) fmsub.d fs0, ft5, fs8, fs1
core   0: 1 0x0000000080004efa (0x4b82f447) f8  0x800000000001a880
core   0: 0x0000000080004efe (0x02904233) div     tp, zero, s1
core   0: 1 0x0000000080004efe (0x02904233) x4  0x0000000000000000
core   0: 0x0000000080004f02 (0x406c093b) subw    s2, s8, t1
core   0: 1 0x0000000080004f02 (0x406c093b) x18 0x0000000047b15fe1
core   0: 0x0000000080004f06 (0x0002569b) srliw   a3, tp, 0
core   0: 1 0x0000000080004f06 (0x0002569b) x13 0x0000000000000000
core   0: 0x0000000080004f0a (0xc03d76d3) fcvt.lu.s a3, fs10
core   0: 1 0x0000000080004f0a (0xc03d76d3) c1_fflags 0x0000000000000010 x13 0x0000000000000000
core   0: 0x0000000080004f0e (0x771e6137) lui     sp, 0x771e6
core   0: 1 0x0000000080004f0e (0x771e6137) x2  0x00000000771e6000
core   0: 0x0000000080004f12 (0x42897d4b) fnmsub.d fs10, fs2, fs0, fs0
core   0: 1 0x0000000080004f12 (0x42897d4b) c1_fflags 0x0000000000000013 f26 0x000000019b611d7f
core   0: 0x0000000080004f16 (0x01690dbb) addw    s11, s2, s6
core   0: 1 0x0000000080004f16 (0x01690dbb) x27 0xffffffff8f62bfe1
core   0: 0x0000000080004f1a (0x0021193b) sllw    s2, sp, sp
core   0: 1 0x0000000080004f1a (0x0021193b) x18 0x00000000771e6000
core   0: 0x0000000080004f1e (0xd0297c53) fcvt.s.l fs8, s2
core   0: 1 0x0000000080004f1e (0xd0297c53) f24 0xffffffff4eee3cc0
core   0: 0x0000000080004f22 (0x002c1893) slli    a7, s8, 2
core   0: 1 0x0000000080004f22 (0x002c1893) x17 0x000000011ec57f84
core   0: 0x0000000080004f26 (0x001021f3) csrrs   gp, fflags, zero
core   0: 1 0x0000000080004f26 (0x001021f3) x3  0x0000000000000013
core   0: 0x0000000080004f2a (0x4121d83b) sraw    a6, gp, s2
core   0: 1 0x0000000080004f2a (0x4121d83b) x16 0x0000000000000013
core   0: 0x0000000080004f2e (0x0081941b) slliw   s0, gp, 8
core   0: 1 0x0000000080004f2e (0x0081941b) x8  0x0000000000001300
core   0: 0x0000000080004f32 (0x01aa51bb) srlw    gp, s4, s10
core   0: 1 0x0000000080004f32 (0x01aa51bb) x3  0x0000000000000000
core   0: 0x0000000080004f36 (0x000e1b93) slli    s7, t3, 0
core   0: 1 0x0000000080004f36 (0x000e1b93) x23 0x000000005edd7244
core   0: 0x0000000080004f3a (0x0b1e7653) fsub.d  fa2, ft8, fa7
core   0: 1 0x0000000080004f3a (0x0b1e7653) f12 0x7ff8000000000000
core   0: 0x0000000080004f3e (0xf2018253) fmv.d.x ft4, gp
core   0: 1 0x0000000080004f3e (0xf2018253) f4  0x0000000000000000
core   0: 0x0000000080004f42 (0x029c703b) remuw   zero, s8, s1
core   0: 1 0x0000000080004f42 (0x029c703b)
core   0: 0x0000000080004f46 (0x034cfabb) remuw   s5, s9, s4
core   0: 1 0x0000000080004f46 (0x034cfabb) x21 0x0000000000000000
core   0: 0x0000000080004f4a (0x038c0c33) mul     s8, s8, s8
core   0: 1 0x0000000080004f4a (0x038c0c33) x24 0x1413de14870ac3c1
core   0: 0x0000000080004f4e (0x018c0a3b) addw    s4, s8, s8
core   0: 1 0x0000000080004f4e (0x018c0a3b) x20 0x000000000e158782
core   0: 0x0000000080004f52 (0x3298f8cb) fnmsub.d fa7, fa7, fs1, ft6
core   0: 1 0x0000000080004f52 (0x3298f8cb) f17 0x7ff8000000000000
core   0: 0x0000000080004f56 (0x948a8a9b) addiw   s5, s5, -1720
core   0: 1 0x0000000080004f56 (0x948a8a9b) x21 0xfffffffffffff948
core   0: 0x0000000080004f5a (0xd23c7153) fcvt.d.lu ft2, s8
core   0: 1 0x0000000080004f5a (0xd23c7153) c1_fflags 0x0000000000000013 f2  0x43b413de14870ac4
core   0: 0x0000000080004f5e (0x42030a53) fcvt.d.s fs4, ft6
core   0: 1 0x0000000080004f5e (0x42030a53) f20 0xbff0000000000000
core   0: 0x0000000080004f62 (0x018dd613) srli    a2, s11, 24
core   0: 1 0x0000000080004f62 (0x018dd613) x12 0x000000ffffffff8f
core   0: 0x0000000080004f66 (0x42080ed3) fcvt.d.s ft9, fa6
core   0: 1 0x0000000080004f66 (0x42080ed3) f29 0x43f0000000000000
core   0: 0x0000000080004f6a (0x018c4d33) xor     s10, s8, s8
core   0: 1 0x0000000080004f6a (0x018c4d33) x26 0x0000000000000000
core   0: 0x0000000080004f6e (0x00caa7b3) slt     a5, s5, a2
core   0: 1 0x0000000080004f6e (0x00caa7b3) x15 0x0000000000000001
core   0: 0x0000000080004f72 (0x01fc141b) slliw   s0, s8, 31
core   0: 1 0x0000000080004f72 (0x01fc141b) x8  0xffffffff80000000
core   0: 0x0000000080004f76 (0x026e1933) mulh    s2, t3, t1
core   0: 1 0x0000000080004f76 (0x026e1933) x18 0x0000000000000000
core   0: 0x0000000080004f7a (0x003961b3) or      gp, s2, gp
core   0: 1 0x0000000080004f7a (0x003961b3) x3  0x0000000000000000
core   0: 0x0000000080004f7e (0x011cd61b) srliw   a2, s9, 17
core   0: 1 0x0000000080004f7e (0x011cd61b) x12 0x0000000000007fff
core   0: 0x0000000080004f82 (0xd23c7153) fcvt.d.lu ft2, s8
core   0: 1 0x0000000080004f82 (0xd23c7153) c1_fflags 0x0000000000000013 f2  0x43b413de14870ac4
core   0: 0x0000000080004f86 (0x1d0a61b7) lui     gp, 0x1d0a6
core   0: 1 0x0000000080004f86 (0x1d0a61b7) x3  0x000000001d0a6000
core   0: 0x0000000080004f8a (0xb821b6f3) csrrc   a3, minstreth, gp
core   0: exception trap_illegal_instruction, epc 0x0000000080004f8a
core   0:           tval 0x00000000b821b6f3
core   0: >>>>  $xrv64i2p1_m2p0_a2p1_f2p2_d2p2_zicsr2p0_zifencei2p0_zmmul1p0_zba1p0_zbb1p0_zbc1p0_zbs1p0
core   0: 0x0000000080004000 (0x0080006f) j       pc + 0x8
core   0: 3 0x0000000080004000 (0x0080006f)
core   0: >>>>  mmode_exception_handler
core   0: 0x0000000080004008 (0x00002c17) auipc   s8, 0x2
core   0: 3 0x0000000080004008 (0x00002c17) x24 0x0000000080006008
core   0: 0x000000008000400c (0x108c0c13) addi    s8, s8, 264
core   0: 3 0x000000008000400c (0x108c0c13) x24 0x0000000080006110
core   0: 0x0000000080004010 (0x000c00e7) jalr    s8
core   0: 3 0x0000000080004010 (0x000c00e7) x1  0x0000000080004014
core   0: >>>>  any_handler
core   0: 0x0000000080006110 (0x341027f3) csrrs   a5, mepc, zero
core   0: 3 0x0000000080006110 (0x341027f3) x15 0x0000000080004f8a
core   0: 0x0000000080006114 (0x34202773) csrrs   a4, mcause, zero
core   0: 3 0x0000000080006114 (0x34202773) x14 0x0000000000000002
core   0: 0x0000000080006118 (0x142026f3) csrrs   a3, scause, zero
core   0: 3 0x0000000080006118 (0x142026f3) x13 0x0000000000000014
core   0: 0x000000008000611c (0x30402673) csrrs   a2, mie, zero
core   0: 3 0x000000008000611c (0x30402673) x12 0x0000000000000a00
core   0: 0x0000000080006120 (0x344025f3) csrrs   a1, mip, zero
core   0: 3 0x0000000080006120 (0x344025f3) x11 0x0000000000000080
core   0: 0x0000000080006124 (0x343025f3) csrrs   a1, mtval, zero
core   0: 3 0x0000000080006124 (0x343025f3) x11 0x00000000b821b6f3
core   0: 0x0000000080006128 (0x14302573) csrrs   a0, stval, zero
core   0: 3 0x0000000080006128 (0x14302573) x10 0x0000000000000000
core   0: 0x000000008000612c (0xb02024f3) csrrs   s1, minstret, zero
core   0: 3 0x000000008000612c (0xb02024f3) x9  0x0000000000000d4d
core   0: 0x0000000080006130 (0x0000a811) c.j     pc + 20
core   0: 3 0x0000000080006130 (0xa811)
core   0: >>>>  mepc_4
core   0: 0x0000000080006144 (0x00000791) c.addi  a5, 4
core   0: 3 0x0000000080006144 (0x0791) x15 0x0000000080004f8e
core   0: 0x0000000080006146 (0x34179073) csrrw   zero, mepc, a5
core   0: 3 0x0000000080006146 (0x34179073) c833_mepc 0x0000000080004f8e
core   0: 0x000000008000614a (0x30200073) mret
core   0: 3 0x000000008000614a (0x30200073) c768_mstatus 0x8000000a00106080
core   0: 0x0000000080004f8e (0x0007571b) srliw   a4, a4, 0
core   0: 1 0x0000000080004f8e (0x0007571b) x14 0x0000000000000002
core   0: 0x0000000080004f92 (0xfe9cb3b7) lui     t2, 0xfe9cb
core   0: 1 0x0000000080004f92 (0xfe9cb3b7) x7  0xfffffffffe9cb000
core   0: 0x0000000080004f96 (0xa5d3839b) addiw   t2, t2, -1443
core   0: 1 0x0000000080004f96 (0xa5d3839b) x7  0xfffffffffe9caa5d
core   0: 0x0000000080004f9a (0x000003ba) c.slli  t2, 14
core   0: 1 0x0000000080004f9a (0x03ba) x7  0xffffffa72a974000
core   0: 0x0000000080004f9c (0x84238393) addi    t2, t2, -1982
core   0: 1 0x0000000080004f9c (0x84238393) x7  0xffffffa72a973842
core   0: 0x0000000080004fa0 (0x0294c033) div     zero, s1, s1
core   0: 1 0x0000000080004fa0 (0x0294c033)
core   0: 0x0000000080004fa4 (0x419a0cbb) subw    s9, s4, s9
core   0: 1 0x0000000080004fa4 (0x419a0cbb) x25 0x000000000e158784
core   0: 0x0000000080004fa8 (0xd2217fcf) fnmadd.d ft11, ft2, ft2, fs10
core   0: 1 0x0000000080004fa8 (0xd2217fcf) c1_fflags 0x0000000000000013 f31 0xc77931c3deccd561
core   0: 0x0000000080004fac (0x80076793) ori     a5, a4, -2048
core   0: 1 0x0000000080004fac (0x80076793) x15 0xfffffffffffff802
core   0: 0x0000000080004fb0 (0x2ba98053) fmin.d  ft0, fs3, fs10
core   0: 1 0x0000000080004fb0 (0x2ba98053) f0  0x000000019b611d7f
core   0: 0x0000000080004fb4 (0xc226f5d3) fcvt.l.d a1, fa3
core   0: 1 0x0000000080004fb4 (0xc226f5d3) c1_fflags 0x0000000000000013 x11 0x7fffffffffffffff
core   0: 0x0000000080004fb8 (0xc2267ad3) fcvt.l.d s5, fa2
core   0: 1 0x0000000080004fb8 (0xc2267ad3) c1_fflags 0x0000000000000013 x21 0x7fffffffffffffff
core   0: 0x0000000080004fbc (0x22efa253) fsgnjx.d ft4, ft11, fa4
core   0: 1 0x0000000080004fbc (0x22efa253) f4  0x477931c3deccd561
core   0: 0x0000000080004fc0 (0x00085b1b) srliw   s6, a6, 0
core   0: 1 0x0000000080004fc0 (0x00085b1b) x22 0x0000000000000013
core   0: 0x0000000080004fc4 (0x40dad6bb) sraw    a3, s5, a3
core   0: 1 0x0000000080004fc4 (0x40dad6bb) x13 0xffffffffffffffff
core   0: 0x0000000080004fc8 (0xc23a7e53) fcvt.lu.d t3, fs4
core   0: 1 0x0000000080004fc8 (0xc23a7e53) c1_fflags 0x0000000000000013 x28 0x0000000000000000
core   0: 0x0000000080004fcc (0x22027f4f) fnmadd.d ft10, ft4, ft0, ft4
core   0: 1 0x0000000080004fcc (0x22027f4f) c1_fflags 0x0000000000000013 f30 0xc77931c3deccd561
core   0: 0x0000000080004fd0 (0x03e279cb) fnmsub.d fs3, ft4, ft10, ft0
core   0: 1 0x0000000080004fd0 (0x03e279cb) c1_fflags 0x0000000000000013 f19 0x4f03d60f70a94a25
core   0: 0x0000000080004fd4 (0x0008579b) srliw   a5, a6, 0
core   0: 1 0x0000000080004fd4 (0x0008579b) x15 0x0000000000000013
core   0: 0x0000000080004fd8 (0xc03ffdd3) fcvt.lu.s s11, ft11
core   0: 1 0x0000000080004fd8 (0xc03ffdd3) c1_fflags 0x0000000000000013 x27 0xffffffffffffffff
core   0: 0x0000000080004fdc (0xc039f2d3) fcvt.lu.s t0, fs3
core   0: 1 0x0000000080004fdc (0xc039f2d3) c1_fflags 0x0000000000000013 x5  0xffffffffffffffff
core   0: 0x0000000080004fe0 (0x4094ddb3) sra     s11, s1, s1
core   0: 1 0x0000000080004fe0 (0x4094ddb3) x27 0x0000000000000000
core   0: 0x0000000080004fe4 (0x40be07b3) sub     a5, t3, a1
core   0: 1 0x0000000080004fe4 (0x40be07b3) x15 0x8000000000000001
core   0: 0x0000000080004fe8 (0x016e7c33) and     s8, t3, s6
core   0: 1 0x0000000080004fe8 (0x016e7c33) x24 0x0000000000000000
core   0: 0x0000000080004fec (0x0291b033) mulhu   zero, gp, s1
core   0: 1 0x0000000080004fec (0x0291b033)
core   0: 0x0000000080004ff0 (0xc2307ed3) fcvt.lu.d t4, ft0
core   0: 1 0x0000000080004ff0 (0xc2307ed3) c1_fflags 0x0000000000000013 x29 0x0000000000000001
core   0: 0x0000000080004ff4 (0xd2058853) fcvt.d.w fa6, a1
core   0: 1 0x0000000080004ff4 (0xd2058853) f16 0xbff0000000000000
core   0: 0x0000000080004ff8 (0xc04d27f3) csrrs   a5, hpmcounter4, s10
core   0: exception trap_illegal_instruction, epc 0x0000000080004ff8
core   0:           tval 0x00000000c04d27f3
core   0: >>>>  $xrv64i2p1_m2p0_a2p1_f2p2_d2p2_zicsr2p0_zifencei2p0_zmmul1p0_zba1p0_zbb1p0_zbc1p0_zbs1p0
core   0: 0x0000000080004000 (0x0080006f) j       pc + 0x8
core   0: 3 0x0000000080004000 (0x0080006f)
core   0: >>>>  mmode_exception_handler
core   0: 0x0000000080004008 (0x00002c17) auipc   s8, 0x2
core   0: 3 0x0000000080004008 (0x00002c17) x24 0x0000000080006008
core   0: 0x000000008000400c (0x108c0c13) addi    s8, s8, 264
core   0: 3 0x000000008000400c (0x108c0c13) x24 0x0000000080006110
core   0: 0x0000000080004010 (0x000c00e7) jalr    s8
core   0: 3 0x0000000080004010 (0x000c00e7) x1  0x0000000080004014
core   0: >>>>  any_handler
core   0: 0x0000000080006110 (0x341027f3) csrrs   a5, mepc, zero
core   0: 3 0x0000000080006110 (0x341027f3) x15 0x0000000080004ff8
core   0: 0x0000000080006114 (0x34202773) csrrs   a4, mcause, zero
core   0: 3 0x0000000080006114 (0x34202773) x14 0x0000000000000002
core   0: 0x0000000080006118 (0x142026f3) csrrs   a3, scause, zero
core   0: 3 0x0000000080006118 (0x142026f3) x13 0x0000000000000014
core   0: 0x000000008000611c (0x30402673) csrrs   a2, mie, zero
core   0: 3 0x000000008000611c (0x30402673) x12 0x0000000000000a00
core   0: 0x0000000080006120 (0x344025f3) csrrs   a1, mip, zero
core   0: 3 0x0000000080006120 (0x344025f3) x11 0x0000000000000080
core   0: 0x0000000080006124 (0x343025f3) csrrs   a1, mtval, zero
core   0: 3 0x0000000080006124 (0x343025f3) x11 0x00000000c04d27f3
core   0: 0x0000000080006128 (0x14302573) csrrs   a0, stval, zero
core   0: 3 0x0000000080006128 (0x14302573) x10 0x0000000000000000
core   0: 0x000000008000612c (0xb02024f3) csrrs   s1, minstret, zero
core   0: 3 0x000000008000612c (0xb02024f3) x9  0x0000000000000d78
core   0: 0x0000000080006130 (0x0000a811) c.j     pc + 20
core   0: 3 0x0000000080006130 (0xa811)
core   0: >>>>  mepc_4
core   0: 0x0000000080006144 (0x00000791) c.addi  a5, 4
core   0: 3 0x0000000080006144 (0x0791) x15 0x0000000080004ffc
core   0: 0x0000000080006146 (0x34179073) csrrw   zero, mepc, a5
core   0: 3 0x0000000080006146 (0x34179073) c833_mepc 0x0000000080004ffc
core   0: 0x000000008000614a (0x30200073) mret
core   0: 3 0x000000008000614a (0x30200073) c768_mstatus 0x8000000a00106080
core   0: 0x0000000080004ffc (0x0267a733) mulhsu  a4, a5, t1
core   0: 1 0x0000000080004ffc (0x0267a733) x14 0x0000000000000000
core   0: 0x0000000080005000 (0x02772cb3) mulhsu  s9, a4, t2
core   0: 1 0x0000000080005000 (0x02772cb3) x25 0x0000000000000000
core   0: 0x0000000080005004 (0x530d754f) fnmadd.d fa0, fs10, fa6, fa0
core   0: 1 0x0000000080005004 (0x530d754f) f10 0x000000019b611d7f
core   0: 0x0000000080005008 (0x023cfbd3) fadd.d  fs7, fs9, ft3
core   0: 1 0x0000000080005008 (0x023cfbd3) f23 0x7ff8000000000000
core   0: 0x000000008000500c (0xd0237553) fcvt.s.l fa0, t1
core   0: 1 0x000000008000500c (0xd0237553) f10 0xffffffff00000000
core   0: 0x0000000080005010 (0x7a9f7dc7) fmsub.d fs11, ft10, fs1, fa5
core   0: 1 0x0000000080005010 (0x7a9f7dc7) f27 0x7ff8000000000000
core   0: 0x0000000080005014 (0xa25c8453) fle.d   s0, fs9, ft5
core   0: 1 0x0000000080005014 (0xa25c8453) x8  0x0000000000000001
core   0: 0x0000000080005018 (0x00008d1e) c.mv    s10, t2
core   0: 1 0x0000000080005018 (0x8d1e) x26 0xffffffa72a973842
core   0: 0x000000008000501a (0x40565433) sra     s0, a2, t0
core   0: 1 0x000000008000501a (0x40565433) x8  0x0000000000000000
core   0: 0x000000008000501e (0x0907e217) auipc   tp, 0x907e
core   0: 1 0x000000008000501e (0x0907e217) x4  0x000000008908301e
core   0: 0x0000000080005022 (0x1294f753) fmul.d  fa4, fs1, fs1
core   0: 1 0x0000000080005022 (0x1294f753) c1_fflags 0x0000000000000013 f14 0x0000000000000001
core   0: 0x0000000080005026 (0x032c9db3) mulh    s11, s9, s2
core   0: 1 0x0000000080005026 (0x032c9db3) x27 0x0000000000000000
core   0: 0x000000008000502a (0x98b7879b) addiw   a5, a5, -1653
core   0: 1 0x000000008000502a (0x98b7879b) x15 0xffffffff80004987
core   0: 0x000000008000502e (0x039d0c3b) mulw    s8, s10, s9
core   0: 1 0x000000008000502e (0x039d0c3b) x24 0x0000000000000000
core   0: 0x0000000080005032 (0x412c5e3b) sraw    t3, s8, s2
core   0: 1 0x0000000080005032 (0x412c5e3b) x28 0x0000000000000000
core   0: 0x0000000080005036 (0x136afad3) fmul.d  fs5, fs5, fs6
core   0: 1 0x0000000080005036 (0x136afad3) f21 0x7ff8000000000000
core   0: 0x000000008000503a (0x010c2833) slt     a6, s8, a6
core   0: 1 0x000000008000503a (0x010c2833) x16 0x0000000000000001
core   0: 0x000000008000503e (0x02d683bb) mulw    t2, a3, a3
core   0: 1 0x000000008000503e (0x02d683bb) x7  0x0000000000000190
core   0: 0x0000000080005042 (0xfff2f793) andi    a5, t0, -1
core   0: 1 0x0000000080005042 (0xfff2f793) x15 0xffffffffffffffff
core   0: 0x0000000080005046 (0x001e9573) csrrw   a0, fflags, t4
core   0: 1 0x0000000080005046 (0x001e9573) x10 0x0000000000000013 c1_fflags 0x0000000000000001
core   0: 0x000000008000504a (0x40820b3b) subw    s6, tp, s0
core   0: 1 0x000000008000504a (0x40820b3b) x22 0xffffffff8908301e
core   0: 0x000000008000504e (0x0280663b) remw    a2, zero, s0
core   0: 1 0x000000008000504e (0x0280663b) x12 0x0000000000000000
core   0: 0x0000000080005052 (0x416983bb) subw    t2, s3, s6
core   0: 1 0x0000000080005052 (0x416983bb) x7  0x000000002a445d86
core   0: 0x0000000080005056 (0x0138e8b3) or      a7, a7, s3
core   0: 1 0x0000000080005056 (0x0138e8b3) x17 0x00000001bfcdffa4
core   0: 0x000000008000505a (0x0331f633) remu    a2, gp, s3
core   0: 1 0x000000008000505a (0x0331f633) x12 0x000000001d0a6000
core   0: 0x000000008000505e (0x03538eb3) mul     t4, t2, s5
core   0: 1 0x000000008000505e (0x03538eb3) x29 0xffffffffd5bba27a
core   0: 0x0000000080005062 (0x014eeb33) or      s6, t4, s4
core   0: 1 0x0000000080005062 (0x014eeb33) x22 0xffffffffdfbfa7fa
core   0: 0x0000000080005066 (0x01890abb) addw    s5, s2, s8
core   0: 1 0x0000000080005066 (0x01890abb) x21 0x0000000000000000
core   0: 0x000000008000506a (0x22ea9053) fsgnjn.d ft0, fs5, fa4
core   0: 1 0x000000008000506a (0x22ea9053) f0  0xfff8000000000000
core   0: 0x000000008000506e (0x01297c33) and     s8, s2, s2
core   0: 1 0x000000008000506e (0x01297c33) x24 0x0000000000000000
core   0: 0x0000000080005072 (0x139dfbd3) fmul.d  fs7, fs11, fs9
core   0: 1 0x0000000080005072 (0x139dfbd3) f23 0x7ff8000000000000
core   0: 0x0000000080005076 (0x03d894b3) mulh    s1, a7, t4
core   0: 1 0x0000000080005076 (0x03d894b3) x9  0xffffffffffffffff
core   0: 0x000000008000507a (0x41a8d63b) sraw    a2, a7, s10
core   0: 1 0x000000008000507a (0x41a8d63b) x12 0xffffffffeff37fe9
core   0: 0x000000008000507e (0x1b9fffd3) fdiv.d  ft11, ft11, fs9
core   0: 1 0x000000008000507e (0x1b9fffd3) c1_fflags 0x0000000000000009 f31 0xfff0000000000000
core   0: 0x0000000080005082 (0x34831c97) auipc   s9, 0x34831
core   0: 1 0x0000000080005082 (0x34831c97) x25 0x00000000b4836082
core   0: 0x0000000080005086 (0xfff48313) addi    t1, s1, -1
core   0: 1 0x0000000080005086 (0xfff48313) x6  0xfffffffffffffffe
core   0: 0x000000008000508a (0x0389ac33) mulhsu  s8, s3, s8
core   0: 1 0x000000008000508a (0x0389ac33) x24 0x0000000000000000
core   0: 0x000000008000508e (0x420d02d3) fcvt.d.s ft5, fs10
core   0: 1 0x000000008000508e (0x420d02d3) f5  0x7ff8000000000000
core   0: 0x0000000080005092 (0xe20b87d3) fmv.x.d a5, fs7
core   0: 1 0x0000000080005092 (0xe20b87d3) x15 0x7ff8000000000000
core   0: 0x0000000080005096 (0xe20284d3) fmv.x.d s1, ft5
core   0: 1 0x0000000080005096 (0xe20284d3) x9  0x7ff8000000000000
core   0: 0x000000008000509a (0x41ad5abb) sraw    s5, s10, s10
core   0: 1 0x000000008000509a (0x41ad5abb) x21 0x000000000aa5ce10
core   0: 0x000000008000509e (0x00000001) c.nop
core   0: 1 0x000000008000509e (0x0001)
core   0: 0x00000000800050a0 (0x0007119b) slliw   gp, a4, 0
core   0: 1 0x00000000800050a0 (0x0007119b) x3  0x0000000000000000
core   0: 0x00000000800050a4 (0x4118d03b) sraw    zero, a7, a7
core   0: 1 0x00000000800050a4 (0x4118d03b)
core   0: 0x00000000800050a8 (0x2a528653) fmin.d  fa2, ft5, ft5
core   0: 1 0x00000000800050a8 (0x2a528653) f12 0x7ff8000000000000
core   0: 0x00000000800050ac (0x30323273) csrrc   tp, mideleg, tp
core   0: exception trap_illegal_instruction, epc 0x00000000800050ac
core   0:           tval 0x0000000030323273
core   0: >>>>  $xrv64i2p1_m2p0_a2p1_f2p2_d2p2_zicsr2p0_zifencei2p0_zmmul1p0_zba1p0_zbb1p0_zbc1p0_zbs1p0
core   0: 0x0000000080004000 (0x0080006f) j       pc + 0x8
core   0: 3 0x0000000080004000 (0x0080006f)
core   0: >>>>  mmode_exception_handler
core   0: 0x0000000080004008 (0x00002c17) auipc   s8, 0x2
core   0: 3 0x0000000080004008 (0x00002c17) x24 0x0000000080006008
core   0: 0x000000008000400c (0x108c0c13) addi    s8, s8, 264
core   0: 3 0x000000008000400c (0x108c0c13) x24 0x0000000080006110
core   0: 0x0000000080004010 (0x000c00e7) jalr    s8
core   0: 3 0x0000000080004010 (0x000c00e7) x1  0x0000000080004014
core   0: >>>>  any_handler
core   0: 0x0000000080006110 (0x341027f3) csrrs   a5, mepc, zero
core   0: 3 0x0000000080006110 (0x341027f3) x15 0x00000000800050ac
core   0: 0x0000000080006114 (0x34202773) csrrs   a4, mcause, zero
core   0: 3 0x0000000080006114 (0x34202773) x14 0x0000000000000002
core   0: 0x0000000080006118 (0x142026f3) csrrs   a3, scause, zero
core   0: 3 0x0000000080006118 (0x142026f3) x13 0x0000000000000014
core   0: 0x000000008000611c (0x30402673) csrrs   a2, mie, zero
core   0: 3 0x000000008000611c (0x30402673) x12 0x0000000000000a00
core   0: 0x0000000080006120 (0x344025f3) csrrs   a1, mip, zero
core   0: 3 0x0000000080006120 (0x344025f3) x11 0x0000000000000080
core   0: 0x0000000080006124 (0x343025f3) csrrs   a1, mtval, zero
core   0: 3 0x0000000080006124 (0x343025f3) x11 0x0000000030323273
core   0: 0x0000000080006128 (0x14302573) csrrs   a0, stval, zero
core   0: 3 0x0000000080006128 (0x14302573) x10 0x0000000000000000
core   0: 0x000000008000612c (0xb02024f3) csrrs   s1, minstret, zero
core   0: 3 0x000000008000612c (0xb02024f3) x9  0x0000000000000db5
core   0: 0x0000000080006130 (0x0000a811) c.j     pc + 20
core   0: 3 0x0000000080006130 (0xa811)
core   0: >>>>  mepc_4
core   0: 0x0000000080006144 (0x00000791) c.addi  a5, 4
core   0: 3 0x0000000080006144 (0x0791) x15 0x00000000800050b0
core   0: 0x0000000080006146 (0x34179073) csrrw   zero, mepc, a5
core   0: 3 0x0000000080006146 (0x34179073) c833_mepc 0x00000000800050b0
core   0: 0x000000008000614a (0x30200073) mret
core   0: 3 0x000000008000614a (0x30200073) c768_mstatus 0x8000000a00106080
core   0: 0x00000000800050b0 (0x0319e333) rem     t1, s3, a7
core   0: 1 0x00000000800050b0 (0x0319e333) x6  0x00000000b34c8da4
core   0: 0x00000000800050b4 (0x00000001) c.nop
core   0: 1 0x00000000800050b4 (0x0001)
core   0: 0x00000000800050b6 (0xa2cf0b53) fle.d   s6, ft10, fa2
core   0: 1 0x00000000800050b6 (0xa2cf0b53) c1_fflags 0x0000000000000019 x22 0x0000000000000000
core   0: 0x00000000800050ba (0xd03b71d3) fcvt.s.lu ft3, s6
core   0: 1 0x00000000800050ba (0xd03b71d3) f3  0xffffffff00000000
core   0: 0x00000000800050be (0xd23c75d3) fcvt.d.lu fa1, s8
core   0: 1 0x00000000800050be (0xd23c75d3) f11 0x41e0000c22000000
core   0: 0x00000000800050c2 (0x00102573) csrrs   a0, fflags, zero
core   0: 1 0x00000000800050c2 (0x00102573) x10 0x0000000000000019
core   0: 0x00000000800050c6 (0x0a428493) addi    s1, t0, 164
core   0: 1 0x00000000800050c6 (0x0a428493) x9  0x00000000000000a3
core   0: 0x00000000800050ca (0xc239fc53) fcvt.lu.d s8, fs3
core   0: 1 0x00000000800050ca (0xc239fc53) c1_fflags 0x0000000000000019 x24 0xffffffffffffffff
core   0: 0x00000000800050ce (0x13d5f3d3) fmul.d  ft7, fa1, ft9
core   0: 1 0x00000000800050ce (0x13d5f3d3) f7  0x45e0000c22000000
core   0: 0x00000000800050d2 (0xe2098c53) fmv.x.d s8, fs3
core   0: 1 0x00000000800050d2 (0xe2098c53) x24 0x4f03d60f70a94a25
core   0: 0x00000000800050d6 (0x40157553) fcvt.s.d fa0, fa0
core   0: 1 0x00000000800050d6 (0x40157553) f10 0xffffffff7fc00000
core   0: 0x00000000800050da (0x9f0d0713) addi    a4, s10, -1552
core   0: 1 0x00000000800050da (0x9f0d0713) x14 0xffffffa72a973232
core   0: 0x00000000800050de (0x01649b3b) sllw    s6, s1, s6
core   0: 1 0x00000000800050de (0x01649b3b) x22 0x00000000000000a3
core   0: 0x00000000800050e2 (0x800bfb93) andi    s7, s7, -2048
core   0: 1 0x00000000800050e2 (0x800bfb93) x23 0x000000005edd7000
core   0: 0x00000000800050e6 (0xc229f053) fcvt.l.d zero, fs3
core   0: 1 0x00000000800050e6 (0xc229f053) c1_fflags 0x0000000000000019
core   0: 0x00000000800050ea (0x03954cb3) div     s9, a0, s9
core   0: 1 0x00000000800050ea (0x03954cb3) x25 0x0000000000000000
core   0: 0x00000000800050ee (0x005b9b33) sll     s6, s7, t0
core   0: 1 0x00000000800050ee (0x005b9b33) x22 0x0000000000000000
core   0: 0x00000000800050f2 (0x00f2579b) srliw   a5, tp, 15
core   0: 1 0x00000000800050f2 (0x00f2579b) x15 0x0000000000011210
core   0: 0x00000000800050f6 (0x1aaa7fd3) fdiv.d  ft11, fs4, fa0
core   0: 1 0x00000000800050f6 (0x1aaa7fd3) f31 0x7ff8000000000000
core   0: 0x00000000800050fa (0x03d21113) slli    sp, tp, 61
core   0: 1 0x00000000800050fa (0x03d21113) x2  0xc000000000000000
core   0: 0x00000000800050fe (0xd2138653) fcvt.d.wu fa2, t2
core   0: 1 0x00000000800050fe (0xd2138653) f12 0x41c5222ec3000000
core   0: 0x0000000080005102 (0x0231dabb) divuw   s5, gp, gp
core   0: 1 0x0000000080005102 (0x0231dabb) x21 0xffffffffffffffff
core   0: 0x0000000080005106 (0x23b60dd3) fsgnj.d fs11, fa2, fs11
core   0: 1 0x0000000080005106 (0x23b60dd3) f27 0x41c5222ec3000000
core   0: 0x000000008000510a (0x23ad0ad3) fsgnj.d fs5, fs10, fs10
core   0: 1 0x000000008000510a (0x23ad0ad3) f21 0x000000019b611d7f
core   0: 0x000000008000510e (0x8007ce13) xori    t3, a5, -2048
core   0: 1 0x000000008000510e (0x8007ce13) x28 0xfffffffffffeea10
core   0: 0x0000000080005112 (0xed540c13) addi    s8, s0, -299
core   0: 1 0x0000000080005112 (0xed540c13) x24 0xfffffffffffffed5
core   0: 0x0000000080005116 (0xe2098353) fmv.x.d t1, fs3
core   0: 1 0x0000000080005116 (0xe2098353) x6  0x4f03d60f70a94a25
core   0: 0x000000008000511a (0x000d901b) slliw   zero, s11, 0
core   0: 1 0x000000008000511a (0x000d901b)
core   0: 0x000000008000511e (0x02bb8d17) auipc   s10, 0x2bb8
core   0: 1 0x000000008000511e (0x02bb8d17) x26 0x0000000082bbd11e
core   0: 0x0000000080005122 (0xa707ac37) lui     s8, 0xa707a
core   0: 1 0x0000000080005122 (0xa707ac37) x24 0xffffffffa707a000
core   0: 0x0000000080005126 (0xa3a49653) flt.d   a2, fs1, fs10
core   0: 1 0x0000000080005126 (0xa3a49653) x12 0x0000000000000001
core   0: 0x000000008000512a (0x010c5333) srl     t1, s8, a6
core   0: 1 0x000000008000512a (0x010c5333) x6  0x7fffffffd383d000
core   0: 0x000000008000512e (0x00061993) slli    s3, a2, 0
core   0: 1 0x000000008000512e (0x00061993) x19 0x0000000000000001
core   0: 0x0000000080005132 (0xc022f053) fcvt.l.s zero, ft5
core   0: 1 0x0000000080005132 (0xc022f053) c1_fflags 0x0000000000000019
core   0: 0x0000000080005136 (0x413054bb) sraw    s1, zero, s3
core   0: 1 0x0000000080005136 (0x413054bb) x9  0x0000000000000000
core   0: 0x000000008000513a (0x00ea9abb) sllw    s5, s5, a4
core   0: 1 0x000000008000513a (0x00ea9abb) x21 0xfffffffffffc0000
core   0: 0x000000008000513e (0x0000d91b) srliw   s2, ra, 0
core   0: 1 0x000000008000513e (0x0000d91b) x18 0xffffffff80004014
core   0: 0x0000000080005142 (0x42018d53) fcvt.d.s fs10, ft3
core   0: 1 0x0000000080005142 (0x42018d53) f26 0x0000000000000000
core   0: 0x0000000080005146 (0x2bc98753) fmin.d  fa4, fs3, ft8
core   0: 1 0x0000000080005146 (0x2bc98753) f14 0x0000000000000000
core   0: 0x000000008000514a (0x0131cdb3) xor     s11, gp, s3
core   0: 1 0x000000008000514a (0x0131cdb3) x27 0x0000000000000001
core   0: 0x000000008000514e (0x400bd59b) sraiw   a1, s7, 0
core   0: 1 0x000000008000514e (0x400bd59b) x11 0x000000005edd7000
core   0: 0x0000000080005152 (0x41085d3b) sraw    s10, a6, a6
core   0: 1 0x0000000080005152 (0x41085d3b) x26 0x0000000000000000
core   0: 0x0000000080005156 (0xf6f85417) auipc   s0, 0xf6f85
core   0: 1 0x0000000080005156 (0xf6f85417) x8  0x0000000076f8a156
core   0: 0x000000008000515a (0xab96f6cf) fnmadd.d fa3, fa3, fs9, fs5
core   0: 1 0x000000008000515a (0xab96f6cf) f13 0x7ff8000000000000
core   0: 0x000000008000515e (0x41745bbb) sraw    s7, s0, s7
core   0: 1 0x000000008000515e (0x41745bbb) x23 0x0000000076f8a156
core   0: 0x0000000080005162 (0x417400bb) subw    ra, s0, s7
core   0: 1 0x0000000080005162 (0x417400bb) x1  0x0000000000000000
core   0: 0x0000000080005166 (0x000cd89b) srliw   a7, s9, 0
core   0: 1 0x0000000080005166 (0x000cd89b) x17 0x0000000000000000
core   0: 0x000000008000516a (0x0313edbb) remw    s11, t2, a7
core   0: 1 0x000000008000516a (0x0313edbb) x27 0x000000002a445d86
core   0: 0x000000008000516e (0x028267bb) remw    a5, tp, s0
core   0: 1 0x000000008000516e (0x028267bb) x15 0xffffffff8908301e
core   0: 0x0000000080005172 (0x00000001) c.nop
core   0: 1 0x0000000080005172 (0x0001)
core   0: 0x0000000080005174 (0x0704a3b7) lui     t2, 0x704a
core   0: 1 0x0000000080005174 (0x0704a3b7) x7  0x000000000704a000
core   0: 0x0000000080005178 (0xa133839b) addiw   t2, t2, -1517
core   0: 1 0x0000000080005178 (0xa133839b) x7  0x0000000007049a13
core   0: 0x000000008000517c (0x000003b2) c.slli  t2, 12
core   0: 1 0x000000008000517c (0x03b2) x7  0x0000007049a13000
core   0: 0x000000008000517e (0x9cc38393) addi    t2, t2, -1588
core   0: 1 0x000000008000517e (0x9cc38393) x7  0x0000007049a129cc
core   0: 0x0000000080005182 (0x0000870e) c.mv    a4, gp
core   0: 1 0x0000000080005182 (0x870e) x14 0x0000000000000000
core   0: 0x0000000080005184 (0x13b67dd3) fmul.d  fs11, fa2, fs11
core   0: 1 0x0000000080005184 (0x13b67dd3) c1_fflags 0x0000000000000019 f27 0x439bea03c7256a89
core   0: 0x0000000080005188 (0x0273d43b) divuw   s0, t2, t2
core   0: 1 0x0000000080005188 (0x0273d43b) x8  0x0000000000000001
core   0: 0x000000008000518c (0x0163a6b3) slt     a3, t2, s6
core   0: 1 0x000000008000518c (0x0163a6b3) x13 0x0000000000000000
core   0: 0x0000000080005190 (0xd23476d3) fcvt.d.lu fa3, s0
core   0: 1 0x0000000080005190 (0xd23476d3) f13 0x3ff0000000000000
core   0: 0x0000000080005194 (0x0088d43b) srlw    s0, a7, s0
core   0: 1 0x0000000080005194 (0x0088d43b) x8  0x0000000000000000
core   0: 0x0000000080005198 (0x0138f9b3) and     s3, a7, s3
core   0: 1 0x0000000080005198 (0x0138f9b3) x19 0x0000000000000000
core   0: 0x000000008000519c (0x125bfad3) fmul.d  fs5, fs7, ft5
core   0: 1 0x000000008000519c (0x125bfad3) f21 0x7ff8000000000000
core   0: 0x00000000800051a0 (0x007d53b3) srl     t2, s10, t2
core   0: 1 0x00000000800051a0 (0x007d53b3) x7  0x0000000000000000
core   0: 0x00000000800051a4 (0x2add9dd3) fmax.d  fs11, fs11, fa3
core   0: 1 0x00000000800051a4 (0x2add9dd3) f27 0x439bea03c7256a89
core   0: 0x00000000800051a8 (0x23bfa5d3) fsgnjx.d fa1, ft11, fs11
core   0: 1 0x00000000800051a8 (0x23bfa5d3) f11 0x7ff8000000000000
core   0: 0x00000000800051ac (0x032ef933) remu    s2, t4, s2
core   0: 1 0x00000000800051ac (0x032ef933) x18 0x0000000055bb6266
core   0: 0x00000000800051b0 (0xc032fe53) fcvt.lu.s t3, ft5
core   0: 1 0x00000000800051b0 (0xc032fe53) c1_fflags 0x0000000000000019 x28 0xffffffffffffffff
core   0: 0x00000000800051b4 (0x013b9533) sll     a0, s7, s3
core   0: 1 0x00000000800051b4 (0x013b9533) x10 0x0000000076f8a156
core   0: 0x00000000800051b8 (0xf13912f3) csrrw   t0, mimpid, s2
core   0: exception trap_illegal_instruction, epc 0x00000000800051b8
core   0:           tval 0x00000000f13912f3
core   0: >>>>  $xrv64i2p1_m2p0_a2p1_f2p2_d2p2_zicsr2p0_zifencei2p0_zmmul1p0_zba1p0_zbb1p0_zbc1p0_zbs1p0
core   0: 0x0000000080004000 (0x0080006f) j       pc + 0x8
core   0: 3 0x0000000080004000 (0x0080006f)
core   0: >>>>  mmode_exception_handler
core   0: 0x0000000080004008 (0x00002c17) auipc   s8, 0x2
core   0: 3 0x0000000080004008 (0x00002c17) x24 0x0000000080006008
core   0: 0x000000008000400c (0x108c0c13) addi    s8, s8, 264
core   0: 3 0x000000008000400c (0x108c0c13) x24 0x0000000080006110
core   0: 0x0000000080004010 (0x000c00e7) jalr    s8
core   0: 3 0x0000000080004010 (0x000c00e7) x1  0x0000000080004014
core   0: >>>>  any_handler
core   0: 0x0000000080006110 (0x341027f3) csrrs   a5, mepc, zero
core   0: 3 0x0000000080006110 (0x341027f3) x15 0x00000000800051b8
core   0: 0x0000000080006114 (0x34202773) csrrs   a4, mcause, zero
core   0: 3 0x0000000080006114 (0x34202773) x14 0x0000000000000002
core   0: 0x0000000080006118 (0x142026f3) csrrs   a3, scause, zero
core   0: 3 0x0000000080006118 (0x142026f3) x13 0x0000000000000014
core   0: 0x000000008000611c (0x30402673) csrrs   a2, mie, zero
core   0: 3 0x000000008000611c (0x30402673) x12 0x0000000000000a00
core   0: 0x0000000080006120 (0x344025f3) csrrs   a1, mip, zero
core   0: 3 0x0000000080006120 (0x344025f3) x11 0x0000000000000080
core   0: 0x0000000080006124 (0x343025f3) csrrs   a1, mtval, zero
core   0: 3 0x0000000080006124 (0x343025f3) x11 0x00000000f13912f3
core   0: 0x0000000080006128 (0x14302573) csrrs   a0, stval, zero
core   0: 3 0x0000000080006128 (0x14302573) x10 0x0000000000000000
core   0: 0x000000008000612c (0xb02024f3) csrrs   s1, minstret, zero
core   0: 3 0x000000008000612c (0xb02024f3) x9  0x0000000000000e09
core   0: 0x0000000080006130 (0x0000a811) c.j     pc + 20
core   0: 3 0x0000000080006130 (0xa811)
core   0: >>>>  mepc_4
core   0: 0x0000000080006144 (0x00000791) c.addi  a5, 4
core   0: 3 0x0000000080006144 (0x0791) x15 0x00000000800051bc
core   0: 0x0000000080006146 (0x34179073) csrrw   zero, mepc, a5
core   0: 3 0x0000000080006146 (0x34179073) c833_mepc 0x00000000800051bc
core   0: 0x000000008000614a (0x30200073) mret
core   0: 3 0x000000008000614a (0x30200073) c768_mstatus 0x8000000a00106080
core   0: 0x00000000800051bc (0x01a29cbb) sllw    s9, t0, s10
core   0: 1 0x00000000800051bc (0x01a29cbb) x25 0xffffffffffffffff
core   0: 0x00000000800051c0 (0x01ac853b) addw    a0, s9, s10
core   0: 1 0x00000000800051c0 (0x01ac853b) x10 0xffffffffffffffff
core   0: 0x00000000800051c4 (0x039b1cb3) mulh    s9, s6, s9
core   0: 1 0x00000000800051c4 (0x039b1cb3) x25 0x0000000000000000
core   0: 0x00000000800051c8 (0x03e55b13) srli    s6, a0, 62
core   0: 1 0x00000000800051c8 (0x03e55b13) x22 0x0000000000000003
core   0: 0x00000000800051cc (0xc225f4d3) fcvt.l.d s1, fa1
core   0: 1 0x00000000800051cc (0xc225f4d3) c1_fflags 0x0000000000000019 x9  0x7fffffffffffffff
core   0: 0x00000000800051d0 (0xaefcc713) xori    a4, s9, -1297
core   0: 1 0x00000000800051d0 (0xaefcc713) x14 0xfffffffffffffaef
core   0: 0x00000000800051d4 (0x400dd81b) sraiw   a6, s11, 0
core   0: 1 0x00000000800051d4 (0x400dd81b) x16 0x000000002a445d86
core   0: 0x00000000800051d8 (0x00202bf3) csrrs   s7, frm, zero
core   0: 1 0x00000000800051d8 (0x00202bf3) x23 0x0000000000000003
core   0: 0x00000000800051dc (0x306292f3) csrrw   t0, mcounteren, t0
core   0: exception trap_illegal_instruction, epc 0x00000000800051dc
core   0:           tval 0x00000000306292f3
core   0: >>>>  $xrv64i2p1_m2p0_a2p1_f2p2_d2p2_zicsr2p0_zifencei2p0_zmmul1p0_zba1p0_zbb1p0_zbc1p0_zbs1p0
core   0: 0x0000000080004000 (0x0080006f) j       pc + 0x8
core   0: 3 0x0000000080004000 (0x0080006f)
core   0: >>>>  mmode_exception_handler
core   0: 0x0000000080004008 (0x00002c17) auipc   s8, 0x2
core   0: 3 0x0000000080004008 (0x00002c17) x24 0x0000000080006008
core   0: 0x000000008000400c (0x108c0c13) addi    s8, s8, 264
core   0: 3 0x000000008000400c (0x108c0c13) x24 0x0000000080006110
core   0: 0x0000000080004010 (0x000c00e7) jalr    s8
core   0: 3 0x0000000080004010 (0x000c00e7) x1  0x0000000080004014
core   0: >>>>  any_handler
core   0: 0x0000000080006110 (0x341027f3) csrrs   a5, mepc, zero
core   0: 3 0x0000000080006110 (0x341027f3) x15 0x00000000800051dc
core   0: 0x0000000080006114 (0x34202773) csrrs   a4, mcause, zero
core   0: 3 0x0000000080006114 (0x34202773) x14 0x0000000000000002
core   0: 0x0000000080006118 (0x142026f3) csrrs   a3, scause, zero
core   0: 3 0x0000000080006118 (0x142026f3) x13 0x0000000000000014
core   0: 0x000000008000611c (0x30402673) csrrs   a2, mie, zero
core   0: 3 0x000000008000611c (0x30402673) x12 0x0000000000000a00
core   0: 0x0000000080006120 (0x344025f3) csrrs   a1, mip, zero
core   0: 3 0x0000000080006120 (0x344025f3) x11 0x0000000000000080
core   0: 0x0000000080006124 (0x343025f3) csrrs   a1, mtval, zero
core   0: 3 0x0000000080006124 (0x343025f3) x11 0x00000000306292f3
core   0: 0x0000000080006128 (0x14302573) csrrs   a0, stval, zero
core   0: 3 0x0000000080006128 (0x14302573) x10 0x0000000000000000
core   0: 0x000000008000612c (0xb02024f3) csrrs   s1, minstret, zero
core   0: 3 0x000000008000612c (0xb02024f3) x9  0x0000000000000e21
core   0: 0x0000000080006130 (0x0000a811) c.j     pc + 20
core   0: 3 0x0000000080006130 (0xa811)
core   0: >>>>  mepc_4
core   0: 0x0000000080006144 (0x00000791) c.addi  a5, 4
core   0: 3 0x0000000080006144 (0x0791) x15 0x00000000800051e0
core   0: 0x0000000080006146 (0x34179073) csrrw   zero, mepc, a5
core   0: 3 0x0000000080006146 (0x34179073) c833_mepc 0x00000000800051e0
core   0: 0x000000008000614a (0x30200073) mret
core   0: 3 0x000000008000614a (0x30200073) c768_mstatus 0x8000000a00106080
core   0: 0x00000000800051e0 (0x00202973) csrrs   s2, frm, zero
core   0: 1 0x00000000800051e0 (0x00202973) x18 0x0000000000000003
core   0: 0x00000000800051e4 (0x40167753) fcvt.s.d fa4, fa2
core   0: 1 0x00000000800051e4 (0x40167753) c1_fflags 0x0000000000000019 f14 0xffffffff4e291177
core   0: 0x00000000800051e8 (0xc2367253) fcvt.lu.d tp, fa2
core   0: 1 0x00000000800051e8 (0xc2367253) x4  0x000000002a445d86
core   0: 0x00000000800051ec (0x42060fd3) fcvt.d.s ft11, fa2
core   0: 1 0x00000000800051ec (0x42060fd3) f31 0x7ff8000000000000
core   0: 0x00000000800051f0 (0x5a0cf553) fsqrt.d fa0, fs9
core   0: 1 0x00000000800051f0 (0x5a0cf553) f10 0x0000000000000000
core   0: 0x00000000800051f4 (0x0189d29b) srliw   t0, s3, 24
core   0: 1 0x00000000800051f4 (0x0189d29b) x5  0x0000000000000000
core   0: 0x00000000800051f8 (0x5a0ff253) fsqrt.d ft4, ft11
core   0: 1 0x00000000800051f8 (0x5a0ff253) f4  0x7ff8000000000000
core   0: 0x00000000800051fc (0xa6a97d93) andi    s11, s2, -1430
core   0: 1 0x00000000800051fc (0xa6a97d93) x27 0x0000000000000002
core   0: 0x0000000080005200 (0x025da233) mulhsu  tp, s11, t0
core   0: 1 0x0000000080005200 (0x025da233) x4  0x0000000000000000
core   0: 0x0000000080005204 (0x01b090b3) sll     ra, ra, s11
core   0: 1 0x0000000080005204 (0x01b090b3) x1  0x0000000200010050
core   0: 0x0000000080005208 (0x29478613) addi    a2, a5, 660
core   0: 1 0x0000000080005208 (0x29478613) x12 0x0000000080005474
core   0: 0x000000008000520c (0x01bdc2b3) xor     t0, s11, s11
core   0: 1 0x000000008000520c (0x01bdc2b3) x5  0x0000000000000000
core   0: 0x0000000080005210 (0x0083f897) auipc   a7, 0x83f
core   0: 1 0x0000000080005210 (0x0083f897) x17 0x0000000080844210
core   0: 0x0000000080005214 (0x00681e93) slli    t4, a6, 6
core   0: 1 0x0000000080005214 (0x00681e93) x29 0x0000000a91176180
core   0: 0x0000000080005218 (0x01361633) sll     a2, a2, s3
core   0: 1 0x0000000080005218 (0x01361633) x12 0x0000000080005474
core   0: 0x000000008000521c (0x03ddedbb) remw    s11, s11, t4
core   0: 1 0x000000008000521c (0x03ddedbb) x27 0x0000000000000002
core   0: 0x0000000080005220 (0x0ff0000f) fence   iorw,iorw
core   0: 1 0x0000000080005220 (0x0ff0000f)
core   0: 0x0000000080005224 (0x1349f953) fmul.d  fs2, fs3, fs4
core   0: 1 0x0000000080005224 (0x1349f953) f18 0xcf03d60f70a94a25
core   0: 0x0000000080005228 (0x31adb2f3) csrrc   t0, menvcfgh, s11
core   0: exception trap_illegal_instruction, epc 0x0000000080005228
core   0:           tval 0x0000000031adb2f3
core   0: >>>>  $xrv64i2p1_m2p0_a2p1_f2p2_d2p2_zicsr2p0_zifencei2p0_zmmul1p0_zba1p0_zbb1p0_zbc1p0_zbs1p0
core   0: 0x0000000080004000 (0x0080006f) j       pc + 0x8
core   0: 3 0x0000000080004000 (0x0080006f)
core   0: >>>>  mmode_exception_handler
core   0: 0x0000000080004008 (0x00002c17) auipc   s8, 0x2
core   0: 3 0x0000000080004008 (0x00002c17) x24 0x0000000080006008
core   0: 0x000000008000400c (0x108c0c13) addi    s8, s8, 264
core   0: 3 0x000000008000400c (0x108c0c13) x24 0x0000000080006110
core   0: 0x0000000080004010 (0x000c00e7) jalr    s8
core   0: 3 0x0000000080004010 (0x000c00e7) x1  0x0000000080004014
core   0: >>>>  any_handler
core   0: 0x0000000080006110 (0x341027f3) csrrs   a5, mepc, zero
core   0: 3 0x0000000080006110 (0x341027f3) x15 0x0000000080005228
core   0: 0x0000000080006114 (0x34202773) csrrs   a4, mcause, zero
core   0: 3 0x0000000080006114 (0x34202773) x14 0x0000000000000002
core   0: 0x0000000080006118 (0x142026f3) csrrs   a3, scause, zero
core   0: 3 0x0000000080006118 (0x142026f3) x13 0x0000000000000014
core   0: 0x000000008000611c (0x30402673) csrrs   a2, mie, zero
core   0: 3 0x000000008000611c (0x30402673) x12 0x0000000000000a00
core   0: 0x0000000080006120 (0x344025f3) csrrs   a1, mip, zero
core   0: 3 0x0000000080006120 (0x344025f3) x11 0x0000000000000080
core   0: 0x0000000080006124 (0x343025f3) csrrs   a1, mtval, zero
core   0: 3 0x0000000080006124 (0x343025f3) x11 0x0000000031adb2f3
core   0: 0x0000000080006128 (0x14302573) csrrs   a0, stval, zero
core   0: 3 0x0000000080006128 (0x14302573) x10 0x0000000000000000
core   0: 0x000000008000612c (0xb02024f3) csrrs   s1, minstret, zero
core   0: 3 0x000000008000612c (0xb02024f3) x9  0x0000000000000e43
core   0: 0x0000000080006130 (0x0000a811) c.j     pc + 20
core   0: 3 0x0000000080006130 (0xa811)
core   0: >>>>  mepc_4
core   0: 0x0000000080006144 (0x00000791) c.addi  a5, 4
core   0: 3 0x0000000080006144 (0x0791) x15 0x000000008000522c
core   0: 0x0000000080006146 (0x34179073) csrrw   zero, mepc, a5
core   0: 3 0x0000000080006146 (0x34179073) c833_mepc 0x000000008000522c
core   0: 0x000000008000614a (0x30200073) mret
core   0: 3 0x000000008000614a (0x30200073) c768_mstatus 0x8000000a00106080
core   0: 0x000000008000522c (0x00000001) c.nop
core   0: 1 0x000000008000522c (0x0001)
core   0: 0x000000008000522e (0x000d1e93) slli    t4, s10, 0
core   0: 1 0x000000008000522e (0x000d1e93) x29 0x0000000000000000
core   0: 0x0000000080005232 (0xd032f2d3) fcvt.s.lu ft5, t0
core   0: 1 0x0000000080005232 (0xd032f2d3) f5  0xffffffff00000000
core   0: 0x0000000080005236 (0x0015c113) xori    sp, a1, 1
core   0: 1 0x0000000080005236 (0x0015c113) x2  0x0000000031adb2f2
core   0: 0x000000008000523a (0x015306bb) addw    a3, t1, s5
core   0: 1 0x000000008000523a (0x015306bb) x13 0xffffffffd37fd000
core   0: 0x000000008000523e (0x7eb4d297) auipc   t0, 0x7eb4d
core   0: 1 0x000000008000523e (0x7eb4d297) x5  0x00000000feb5223e
core   0: 0x0000000080005242 (0xc229f8d3) fcvt.l.d a7, fs3
core   0: 1 0x0000000080005242 (0xc229f8d3) c1_fflags 0x0000000000000019 x17 0x7fffffffffffffff
core   0: 0x0000000080005246 (0x025dbdb3) mulhu   s11, s11, t0
core   0: 1 0x0000000080005246 (0x025dbdb3) x27 0x0000000000000000
core   0: 0x000000008000524a (0x23158ed3) fsgnj.d ft9, fa1, fa7
core   0: 1 0x000000008000524a (0x23158ed3) f29 0x7ff8000000000000
core   0: 0x000000008000524e (0x01b2fc33) and     s8, t0, s11
core   0: 1 0x000000008000524e (0x01b2fc33) x24 0x0000000000000000
core   0: 0x0000000080005252 (0x03c8d793) srli    a5, a7, 60
core   0: 1 0x0000000080005252 (0x03c8d793) x15 0x0000000000000007
core   0: 0x0000000080005256 (0x4016da13) srai    s4, a3, 1
core   0: 1 0x0000000080005256 (0x4016da13) x20 0xffffffffe9bfe800
core   0: 0x000000008000525a (0x800c8093) addi    ra, s9, -2048
core   0: 1 0x000000008000525a (0x800c8093) x1  0xfffffffffffff800
core   0: 0x000000008000525e (0x026be533) rem     a0, s7, t1
core   0: 1 0x000000008000525e (0x026be533) x10 0x0000000000000003
core   0: 0x0000000080005262 (0x01c04c33) xor     s8, zero, t3
core   0: 1 0x0000000080005262 (0x01c04c33) x24 0xffffffffffffffff
core   0: 0x0000000080005266 (0x02601633) mulh    a2, zero, t1
core   0: 1 0x0000000080005266 (0x02601633) x12 0x0000000000000000
core   0: 0x000000008000526a (0x0ff0000f) fence   iorw,iorw
core   0: 1 0x000000008000526a (0x0ff0000f)
core   0: 0x000000008000526e (0x002898bb) sllw    a7, a7, sp
core   0: 1 0x000000008000526e (0x002898bb) x17 0xfffffffffffc0000
core   0: 0x0000000080005272 (0x0ff0000f) fence   iorw,iorw
core   0: 1 0x0000000080005272 (0x0ff0000f)
core   0: 0x0000000080005276 (0x00202973) csrrs   s2, frm, zero
core   0: 1 0x0000000080005276 (0x00202973) x18 0x0000000000000003
core   0: 0x000000008000527a (0xd02dfcd3) fcvt.s.l fs9, s11
core   0: 1 0x000000008000527a (0xd02dfcd3) f25 0xffffffff00000000
core   0: 0x000000008000527e (0x0ff0000f) fence   iorw,iorw
core   0: 1 0x000000008000527e (0x0ff0000f)
core   0: 0x0000000080005282 (0x00000001) c.nop
core   0: 1 0x0000000080005282 (0x0001)
core   0: 0x0000000080005284 (0x01c151bb) srlw    gp, sp, t3
core   0: 1 0x0000000080005284 (0x01c151bb) x3  0x0000000000000000
core   0: 0x0000000080005288 (0x0b92f2d3) fsub.d  ft5, ft5, fs9
core   0: 1 0x0000000080005288 (0x0b92f2d3) f5  0x7ff8000000000000
core   0: 0x000000008000528c (0x00102273) csrrs   tp, fflags, zero
core   0: 1 0x000000008000528c (0x00102273) x4  0x0000000000000019
core   0: 0x0000000080005290 (0xd032fd53) fcvt.s.lu fs10, t0
core   0: 1 0x0000000080005290 (0xd032fd53) c1_fflags 0x0000000000000019 f26 0xffffffff4f7eb523
core   0: 0x0000000080005294 (0xd2128d53) fcvt.d.wu fs10, t0
core   0: 1 0x0000000080005294 (0xd2128d53) f26 0x41efd6a447c00000
core   0: 0x0000000080005298 (0x00102ef3) csrrs   t4, fflags, zero
core   0: 1 0x0000000080005298 (0x00102ef3) x29 0x0000000000000019
core   0: 0x000000008000529c (0x5a06fa53) fsqrt.d fs4, fa3
core   0: 1 0x000000008000529c (0x5a06fa53) f20 0x3ff0000000000000
core   0: 0x00000000800052a0 (0xd2010fd3) fcvt.d.w ft11, sp
core   0: 1 0x00000000800052a0 (0xd2010fd3) f31 0x41c8d6d979000000
core   0: 0x00000000800052a4 (0x01ded4b3) srl     s1, t4, t4
core   0: 1 0x00000000800052a4 (0x01ded4b3) x9  0x0000000000000000
core   0: 0x00000000800052a8 (0x028468bb) remw    a7, s0, s0
core   0: 1 0x00000000800052a8 (0x028468bb) x17 0x0000000000000000
core   0: 0x00000000800052ac (0xc211f453) fcvt.wu.d s0, ft3
core   0: 1 0x00000000800052ac (0xc211f453) c1_fflags 0x0000000000000019 x8  0xffffffffffffffff
core   0: 0x00000000800052b0 (0x00000001) c.nop
core   0: 1 0x00000000800052b0 (0x0001)
core   0: 0x00000000800052b2 (0xc2267253) fcvt.l.d tp, fa2
core   0: 1 0x00000000800052b2 (0xc2267253) x4  0x000000002a445d86
core   0: 0x00000000800052b6 (0xc20df3d3) fcvt.w.d t2, fs11
core   0: 1 0x00000000800052b6 (0xc20df3d3) c1_fflags 0x0000000000000019 x7  0x000000007fffffff
core   0: 0x00000000800052ba (0x0262ec33) rem     s8, t0, t1
core   0: 1 0x00000000800052ba (0x0262ec33) x24 0x00000000feb5223e
core   0: 0x00000000800052be (0x011cc533) xor     a0, s9, a7
core   0: 1 0x00000000800052be (0x011cc533) x10 0x0000000000000000
core   0: 0x00000000800052c2 (0x4106de33) sra     t3, a3, a6
core   0: 1 0x00000000800052c2 (0x4106de33) x28 0xffffffffff4dff40
core   0: 0x00000000800052c6 (0x02a30ebb) mulw    t4, t1, a0
core   0: 1 0x00000000800052c6 (0x02a30ebb) x29 0x0000000000000000
core   0: 0x00000000800052ca (0x01c250bb) srlw    ra, tp, t3
core   0: 1 0x00000000800052ca (0x01c250bb) x1  0x000000002a445d86
core   0: 0x00000000800052ce (0xc20df5d3) fcvt.w.d a1, fs11
core   0: 1 0x00000000800052ce (0xc20df5d3) c1_fflags 0x0000000000000019 x11 0x000000007fffffff
core   0: 0x00000000800052d2 (0x0305d2b3) divu    t0, a1, a6
core   0: 1 0x00000000800052d2 (0x0305d2b3) x5  0x0000000000000003
core   0: 0x00000000800052d6 (0x0012fd93) andi    s11, t0, 1
core   0: 1 0x00000000800052d6 (0x0012fd93) x27 0x0000000000000001
core   0: 0x00000000800052da (0x5a0cf053) fsqrt.d ft0, fs9
core   0: 1 0x00000000800052da (0x5a0cf053) f0  0x7ff8000000000000
core   0: 0x00000000800052de (0x03ef7b4f) fnmadd.d fs6, ft10, ft10, ft0
core   0: 1 0x00000000800052de (0x03ef7b4f) f22 0x7ff8000000000000
core   0: 0x00000000800052e2 (0x00346833) or      a6, s0, gp
core   0: 1 0x00000000800052e2 (0x00346833) x16 0xffffffffffffffff
core   0: 0x00000000800052e6 (0x015e4c33) xor     s8, t3, s5
core   0: 1 0x00000000800052e6 (0x015e4c33) x24 0x0000000000b1ff40
core   0: 0x00000000800052ea (0x41bb08bb) subw    a7, s6, s11
core   0: 1 0x00000000800052ea (0x41bb08bb) x17 0x0000000000000002
core   0: 0x00000000800052ee (0x7b0896f3) csrrw   a3, dcsr, a7
core   0: exception trap_illegal_instruction, epc 0x00000000800052ee
core   0:           tval 0x000000007b0896f3
core   0: >>>>  $xrv64i2p1_m2p0_a2p1_f2p2_d2p2_zicsr2p0_zifencei2p0_zmmul1p0_zba1p0_zbb1p0_zbc1p0_zbs1p0
core   0: 0x0000000080004000 (0x0080006f) j       pc + 0x8
core   0: 3 0x0000000080004000 (0x0080006f)
core   0: >>>>  mmode_exception_handler
core   0: 0x0000000080004008 (0x00002c17) auipc   s8, 0x2
core   0: 3 0x0000000080004008 (0x00002c17) x24 0x0000000080006008
core   0: 0x000000008000400c (0x108c0c13) addi    s8, s8, 264
core   0: 3 0x000000008000400c (0x108c0c13) x24 0x0000000080006110
core   0: 0x0000000080004010 (0x000c00e7) jalr    s8
core   0: 3 0x0000000080004010 (0x000c00e7) x1  0x0000000080004014
core   0: >>>>  any_handler
core   0: 0x0000000080006110 (0x341027f3) csrrs   a5, mepc, zero
core   0: 3 0x0000000080006110 (0x341027f3) x15 0x00000000800052ee
core   0: 0x0000000080006114 (0x34202773) csrrs   a4, mcause, zero
core   0: 3 0x0000000080006114 (0x34202773) x14 0x0000000000000002
core   0: 0x0000000080006118 (0x142026f3) csrrs   a3, scause, zero
core   0: 3 0x0000000080006118 (0x142026f3) x13 0x0000000000000014
core   0: 0x000000008000611c (0x30402673) csrrs   a2, mie, zero
core   0: 3 0x000000008000611c (0x30402673) x12 0x0000000000000a00
core   0: 0x0000000080006120 (0x344025f3) csrrs   a1, mip, zero
core   0: 3 0x0000000080006120 (0x344025f3) x11 0x0000000000000080
core   0: 0x0000000080006124 (0x343025f3) csrrs   a1, mtval, zero
core   0: 3 0x0000000080006124 (0x343025f3) x11 0x000000007b0896f3
core   0: 0x0000000080006128 (0x14302573) csrrs   a0, stval, zero
core   0: 3 0x0000000080006128 (0x14302573) x10 0x0000000000000000
core   0: 0x000000008000612c (0xb02024f3) csrrs   s1, minstret, zero
core   0: 3 0x000000008000612c (0xb02024f3) x9  0x0000000000000e85
core   0: 0x0000000080006130 (0x0000a811) c.j     pc + 20
core   0: 3 0x0000000080006130 (0xa811)
core   0: >>>>  mepc_4
core   0: 0x0000000080006144 (0x00000791) c.addi  a5, 4
core   0: 3 0x0000000080006144 (0x0791) x15 0x00000000800052f2
core   0: 0x0000000080006146 (0x34179073) csrrw   zero, mepc, a5
core   0: 3 0x0000000080006146 (0x34179073) c833_mepc 0x00000000800052f2
core   0: 0x000000008000614a (0x30200073) mret
core   0: 3 0x000000008000614a (0x30200073) c768_mstatus 0x8000000a00106080
core   0: 0x00000000800052f2 (0x00071693) slli    a3, a4, 0
core   0: 1 0x00000000800052f2 (0x00071693) x13 0x0000000000000002
core   0: 0x00000000800052f6 (0x6b3a4cb7) lui     s9, 0x6b3a4
core   0: 1 0x00000000800052f6 (0x6b3a4cb7) x25 0x000000006b3a4000
core   0: 0x00000000800052fa (0x41940433) sub     s0, s0, s9
core   0: 1 0x00000000800052fa (0x41940433) x8  0xffffffff94c5bfff
core   0: 0x00000000800052fe (0xe729091b) addiw   s2, s2, -398
core   0: 1 0x00000000800052fe (0xe729091b) x18 0xfffffffffffffe75
core   0: 0x0000000080005302 (0x00f41113) slli    sp, s0, 15
core   0: 1 0x0000000080005302 (0x00f41113) x2  0xffffca62dfff8000
core   0: 0x0000000080005306 (0x002e63b3) or      t2, t3, sp
core   0: 1 0x0000000080005306 (0x002e63b3) x7  0xffffffffffffff40
core   0: 0x000000008000530a (0x03ca4d33) div     s10, s4, t3
core   0: 1 0x000000008000530a (0x03ca4d33) x26 0x0000000000000020
core   0: 0x000000008000530e (0xd22a7553) fcvt.d.l fa0, s4
core   0: 1 0x000000008000530e (0xd22a7553) f10 0xc1b6401800000000
core   0: 0x0000000080005312 (0x30605c73) csrrwi  s8, mcounteren, 0
core   0: exception trap_illegal_instruction, epc 0x0000000080005312
core   0:           tval 0x0000000030605c73
core   0: >>>>  $xrv64i2p1_m2p0_a2p1_f2p2_d2p2_zicsr2p0_zifencei2p0_zmmul1p0_zba1p0_zbb1p0_zbc1p0_zbs1p0
core   0: 0x0000000080004000 (0x0080006f) j       pc + 0x8
core   0: 3 0x0000000080004000 (0x0080006f)
core   0: >>>>  mmode_exception_handler
core   0: 0x0000000080004008 (0x00002c17) auipc   s8, 0x2
core   0: 3 0x0000000080004008 (0x00002c17) x24 0x0000000080006008
core   0: 0x000000008000400c (0x108c0c13) addi    s8, s8, 264
core   0: 3 0x000000008000400c (0x108c0c13) x24 0x0000000080006110
core   0: 0x0000000080004010 (0x000c00e7) jalr    s8
core   0: 3 0x0000000080004010 (0x000c00e7) x1  0x0000000080004014
core   0: >>>>  any_handler
core   0: 0x0000000080006110 (0x341027f3) csrrs   a5, mepc, zero
core   0: 3 0x0000000080006110 (0x341027f3) x15 0x0000000080005312
core   0: 0x0000000080006114 (0x34202773) csrrs   a4, mcause, zero
core   0: 3 0x0000000080006114 (0x34202773) x14 0x0000000000000002
core   0: 0x0000000080006118 (0x142026f3) csrrs   a3, scause, zero
core   0: 3 0x0000000080006118 (0x142026f3) x13 0x0000000000000014
core   0: 0x000000008000611c (0x30402673) csrrs   a2, mie, zero
core   0: 3 0x000000008000611c (0x30402673) x12 0x0000000000000a00
core   0: 0x0000000080006120 (0x344025f3) csrrs   a1, mip, zero
core   0: 3 0x0000000080006120 (0x344025f3) x11 0x0000000000000080
core   0: 0x0000000080006124 (0x343025f3) csrrs   a1, mtval, zero
core   0: 3 0x0000000080006124 (0x343025f3) x11 0x0000000030605c73
core   0: 0x0000000080006128 (0x14302573) csrrs   a0, stval, zero
core   0: 3 0x0000000080006128 (0x14302573) x10 0x0000000000000000
core   0: 0x000000008000612c (0xb02024f3) csrrs   s1, minstret, zero
core   0: 3 0x000000008000612c (0xb02024f3) x9  0x0000000000000e9d
core   0: 0x0000000080006130 (0x0000a811) c.j     pc + 20
core   0: 3 0x0000000080006130 (0xa811)
core   0: >>>>  mepc_4
core   0: 0x0000000080006144 (0x00000791) c.addi  a5, 4
core   0: 3 0x0000000080006144 (0x0791) x15 0x0000000080005316
core   0: 0x0000000080006146 (0x34179073) csrrw   zero, mepc, a5
core   0: 3 0x0000000080006146 (0x34179073) c833_mepc 0x0000000080005316
core   0: 0x000000008000614a (0x30200073) mret
core   0: 3 0x000000008000614a (0x30200073) c768_mstatus 0x8000000a00106080
core   0: 0x0000000080005316 (0x30daca93) xori    s5, s5, 781
core   0: 1 0x0000000080005316 (0x30daca93) x21 0xfffffffffffc030d
core   0: 0x000000008000531a (0xd2038653) fcvt.d.w fa2, t2
core   0: 1 0x000000008000531a (0xd2038653) f12 0xc068000000000000
core   0: 0x000000008000531e (0x00d4a4b3) slt     s1, s1, a3
core   0: 1 0x000000008000531e (0x00d4a4b3) x9  0x0000000000000000
core   0: 0x0000000080005322 (0xd2affd47) fmsub.d fs10, ft11, fa0, fs10
core   0: 1 0x0000000080005322 (0xd2affd47) c1_fflags 0x0000000000000019 f26 0xc3914575db3fef48
core   0: 0x0000000080005326 (0x018cdb33) srl     s6, s9, s8
core   0: 1 0x0000000080005326 (0x018cdb33) x22 0x0000000000006b3a
core   0: 0x000000008000532a (0x02c53033) mulhu   zero, a0, a2
core   0: 1 0x000000008000532a (0x02c53033)
core   0: 0x000000008000532e (0x0005131b) slliw   t1, a0, 0
core   0: 1 0x000000008000532e (0x0005131b) x6  0x0000000000000000
core   0: 0x0000000080005332 (0xfc048e97) auipc   t4, 0xfc048
core   0: 1 0x0000000080005332 (0xfc048e97) x29 0x000000007c04d332
core   0: 0x0000000080005336 (0x01199d3b) sllw    s10, s3, a7
core   0: 1 0x0000000080005336 (0x01199d3b) x26 0x0000000000000000
core   0: 0x000000008000533a (0x03a7ec3b) remw    s8, a5, s10
core   0: 1 0x000000008000533a (0x03a7ec3b) x24 0xffffffff80005316
core   0: 0x000000008000533e (0x001b1e9b) slliw   t4, s6, 1
core   0: 1 0x000000008000533e (0x001b1e9b) x29 0x000000000000d674
core   0: 0x0000000080005342 (0x03a3f2d3) fadd.d  ft5, ft7, fs10
core   0: 1 0x0000000080005342 (0x03a3f2d3) c1_fflags 0x0000000000000019 f5  0x45e0000c21ff75d5
core   0: 0x0000000080005346 (0x028edd3b) divuw   s10, t4, s0
core   0: 1 0x0000000080005346 (0x028edd3b) x26 0x0000000000000000
core   0: 0x000000008000534a (0x00167213) andi    tp, a2, 1
core   0: 1 0x000000008000534a (0x00167213) x4  0x0000000000000000
core   0: 0x000000008000534e (0x001e9e73) csrrw   t3, fflags, t4
core   0: 1 0x000000008000534e (0x001e9e73) x28 0x0000000000000019 c1_fflags 0x0000000000000014
core   0: 0x0000000080005352 (0x0016821b) addiw   tp, a3, 1
core   0: 1 0x0000000080005352 (0x0016821b) x4  0x0000000000000015
core   0: 0x0000000080005356 (0xf20b8353) fmv.d.x ft6, s7
core   0: 1 0x0000000080005356 (0xf20b8353) f6  0x0000000000000003
core   0: 0x000000008000535a (0x00051813) slli    a6, a0, 0
core   0: 1 0x000000008000535a (0x00051813) x16 0x0000000000000000
core   0: 0x000000008000535e (0x0018511b) srliw   sp, a6, 1
core   0: 1 0x000000008000535e (0x0018511b) x2  0x0000000000000000
core   0: 0x0000000080005362 (0x22b482d3) fsgnj.d ft5, fs1, fa1
core   0: 1 0x0000000080005362 (0x22b482d3) f5  0x000000000001a880
core   0: 0x0000000080005366 (0x0000881a) c.mv    a6, t1
core   0: 1 0x0000000080005366 (0x881a) x16 0x0000000000000000
core   0: 0x0000000080005368 (0x00a86533) or      a0, a6, a0
core   0: 1 0x0000000080005368 (0x00a86533) x10 0x0000000000000000
core   0: 0x000000008000536c (0x0b7afe53) fsub.d  ft8, fs5, fs7
core   0: 1 0x000000008000536c (0x0b7afe53) f28 0x7ff8000000000000
core   0: 0x0000000080005370 (0x00fc67b3) or      a5, s8, a5
core   0: 1 0x0000000080005370 (0x00fc67b3) x15 0xffffffff80005316
core   0: 0x0000000080005374 (0x00102773) csrrs   a4, fflags, zero
core   0: 1 0x0000000080005374 (0x00102773) x14 0x0000000000000014
core   0: 0x0000000080005378 (0x00f4fd33) and     s10, s1, a5
core   0: 1 0x0000000080005378 (0x00f4fd33) x26 0x0000000000000000
core   0: 0x000000008000537c (0xc38b73c7) fmsub.d ft7, fs6, fs8, fs8
core   0: 1 0x000000008000537c (0xc38b73c7) f7  0x7ff8000000000000
core   0: 0x0000000080005380 (0xd034fc53) fcvt.s.lu fs8, s1
core   0: 1 0x0000000080005380 (0xd034fc53) f24 0xffffffff00000000
core   0: 0x0000000080005384 (0xd23d7753) fcvt.d.lu fa4, s10
core   0: 1 0x0000000080005384 (0xd23d7753) f14 0x0000000000000000
core   0: 0x0000000080005388 (0xa3120d53) fle.d   s10, ft4, fa7
core   0: 1 0x0000000080005388 (0xa3120d53) c1_fflags 0x0000000000000014 x26 0x0000000000000000
core   0: 0x000000008000538c (0x026e0033) mul     zero, t3, t1
core   0: 1 0x000000008000538c (0x026e0033)
core   0: 0x0000000080005390 (0xd03379d3) fcvt.s.lu fs3, t1
core   0: 1 0x0000000080005390 (0xd03379d3) f19 0xffffffff00000000
core   0: 0x0000000080005394 (0x40e7591b) sraiw   s2, a4, 14
core   0: 1 0x0000000080005394 (0x40e7591b) x18 0x0000000000000000
core   0: 0x0000000080005398 (0x00591ab3) sll     s5, s2, t0
core   0: 1 0x0000000080005398 (0x00591ab3) x21 0x0000000000000000
core   0: 0x000000008000539c (0x4102de3b) sraw    t3, t0, a6
core   0: 1 0x000000008000539c (0x4102de3b) x28 0x0000000000000003
core   0: 0x00000000800053a0 (0xc03975d3) fcvt.lu.s a1, fs2
core   0: 1 0x00000000800053a0 (0xc03975d3) c1_fflags 0x0000000000000014 x11 0xffffffffffffffff
core   0: 0x00000000800053a4 (0xe2a38b13) addi    s6, t2, -470
core   0: 1 0x00000000800053a4 (0xe2a38b13) x22 0xfffffffffffffd6a
core   0: 0x00000000800053a8 (0xd02e7e53) fcvt.s.l ft8, t3
core   0: 1 0x00000000800053a8 (0xd02e7e53) f28 0xffffffff40400000
core   0: 0x00000000800053ac (0x9b37764f) fnmadd.d fa2, fa4, fs3, fs3
core   0: 1 0x00000000800053ac (0x9b37764f) f12 0x7ff8000000000000
core   0: 0x00000000800053b0 (0xc202f2d3) fcvt.w.d t0, ft5
core   0: 1 0x00000000800053b0 (0xc202f2d3) c1_fflags 0x0000000000000015 x5  0x0000000000000001
core   0: 0x00000000800053b4 (0x41fbd49b) sraiw   s1, s7, 31
core   0: 1 0x00000000800053b4 (0x41fbd49b) x9  0x0000000000000000
core   0: 0x00000000800053b8 (0x23f20dd3) fsgnj.d fs11, ft4, ft11
core   0: 1 0x00000000800053b8 (0x23f20dd3) f27 0x7ff8000000000000
core   0: 0x00000000800053bc (0x0296a6b3) mulhsu  a3, a3, s1
core   0: 1 0x00000000800053bc (0x0296a6b3) x13 0x0000000000000000
core   0: 0x00000000800053c0 (0x00d4a033) slt     zero, s1, a3
core   0: 1 0x00000000800053c0 (0x00d4a033)
core   0: 0x00000000800053c4 (0x02349cb3) mulh    s9, s1, gp
core   0: 1 0x00000000800053c4 (0x02349cb3) x25 0x0000000000000000
core   0: 0x00000000800053c8 (0xd02cf153) fcvt.s.l ft2, s9
core   0: 1 0x00000000800053c8 (0xd02cf153) f2  0xffffffff00000000
core   0: 0x00000000800053cc (0x4196d533) sra     a0, a3, s9
core   0: 1 0x00000000800053cc (0x4196d533) x10 0x0000000000000000
core   0: 0x00000000800053d0 (0x40145493) srai    s1, s0, 1
core   0: 1 0x00000000800053d0 (0x40145493) x9  0xffffffffca62dfff
core   0: 0x00000000800053d4 (0x5a047cd3) fsqrt.d fs9, fs0
core   0: 1 0x00000000800053d4 (0x5a047cd3) c1_fflags 0x0000000000000015 f25 0x7ff8000000000000
core   0: 0x00000000800053d8 (0x02a7083b) mulw    a6, a4, a0
core   0: 1 0x00000000800053d8 (0x02a7083b) x16 0x0000000000000000
core   0: 0x00000000800053dc (0x0000d393) srli    t2, ra, 0
core   0: 1 0x00000000800053dc (0x0000d393) x7  0x0000000080004014
core   0: 0x00000000800053e0 (0x014702bb) addw    t0, a4, s4
core   0: 1 0x00000000800053e0 (0x014702bb) x5  0xffffffffe9bfe814
core   0: 0x00000000800053e4 (0x00dc96b3) sll     a3, s9, a3
core   0: 1 0x00000000800053e4 (0x00dc96b3) x13 0x0000000000000000
core   0: 0x00000000800053e8 (0xc021fc53) fcvt.l.s s8, ft3
core   0: 1 0x00000000800053e8 (0xc021fc53) x24 0x0000000000000000
core   0: 0x00000000800053ec (0xe20e8ed3) fmv.x.d t4, ft9
core   0: 1 0x00000000800053ec (0xe20e8ed3) x29 0x7ff8000000000000
core   0: 0x00000000800053f0 (0x02a85533) divu    a0, a6, a0
core   0: 1 0x00000000800053f0 (0x02a85533) x10 0xffffffffffffffff
core   0: 0x00000000800053f4 (0x02b58533) mul     a0, a1, a1
core   0: 1 0x00000000800053f4 (0x02b58533) x10 0x0000000000000001
core   0: 0x00000000800053f8 (0x01ddfdb3) and     s11, s11, t4
core   0: 1 0x00000000800053f8 (0x01ddfdb3) x27 0x0000000000000000
core   0: 0x00000000800053fc (0x019ddd33) srl     s10, s11, s9
core   0: 1 0x00000000800053fc (0x019ddd33) x26 0x0000000000000000
core   0: 0x0000000080005400 (0x03fe5e93) srli    t4, t3, 63
core   0: 1 0x0000000080005400 (0x03fe5e93) x29 0x0000000000000000
core   0: 0x0000000080005404 (0x01dedc33) srl     s8, t4, t4
core   0: 1 0x0000000080005404 (0x01dedc33) x24 0x0000000000000000
core   0: 0x0000000080005408 (0x01875abb) srlw    s5, a4, s8
core   0: 1 0x0000000080005408 (0x01875abb) x21 0x0000000000000014
core   0: 0x000000008000540c (0x0267f2bb) remuw   t0, a5, t1
core   0: 1 0x000000008000540c (0x0267f2bb) x5  0xffffffff80005316
core   0: 0x0000000080005410 (0x23029c53) fsgnjn.d fs8, ft5, fa6
core   0: 1 0x0000000080005410 (0x23029c53) f24 0x000000000001a880
core   0: 0x0000000080005414 (0x00535b3b) srlw    s6, t1, t0
core   0: 1 0x0000000080005414 (0x00535b3b) x22 0x0000000000000000
core   0: 0x0000000080005418 (0xc22c7c53) fcvt.l.d s8, fs8
core   0: 1 0x0000000080005418 (0xc22c7c53) c1_fflags 0x0000000000000015 x24 0x0000000000000001
core   0: 0x000000008000541c (0x4a847447) fmsub.d fs0, fs0, fs0, fs1
core   0: 1 0x000000008000541c (0x4a847447) c1_fflags 0x0000000000000017 f8  0x800000000001a87f
core   0: 0x0000000080005420 (0x001d9173) csrrw   sp, fflags, s11
core   0: 1 0x0000000080005420 (0x001d9173) x2  0x0000000000000017 c1_fflags 0x0000000000000000
core   0: 0x0000000080005424 (0x140314f3) csrrw   s1, sscratch, t1
core   0: 1 0x0000000080005424 (0x140314f3) x9  0x0000000000000000 c320_sscratch 0x0000000000000000
core   0: 0x0000000080005428 (0x031a9cb3) mulh    s9, s5, a7
core   0: 1 0x0000000080005428 (0x031a9cb3) x25 0x0000000000000000
core   0: 0x000000008000542c (0x22bc2453) fsgnjx.d fs0, fs8, fa1
core   0: 1 0x000000008000542c (0x22bc2453) f8  0x000000000001a880
core   0: 0x0000000080005430 (0x0bee72c3) fmadd.d ft5, ft8, ft10, ft1
core   0: 1 0x0000000080005430 (0x0bee72c3) f5  0x7ff8000000000000
core   0: 0x0000000080005434 (0xa25f0453) fle.d   s0, ft10, ft5
core   0: 1 0x0000000080005434 (0xa25f0453) c1_fflags 0x0000000000000010 x8  0x0000000000000000
core   0: 0x0000000080005438 (0x003299bb) sllw    s3, t0, gp
core   0: 1 0x0000000080005438 (0x003299bb) x19 0xffffffff80005316
core   0: 0x000000008000543c (0xc20973d3) fcvt.w.d t2, fs2
core   0: 1 0x000000008000543c (0xc20973d3) c1_fflags 0x0000000000000010 x7  0xffffffff80000000
core   0: 0x0000000080005440 (0x019c8cbb) addw    s9, s9, s9
core   0: 1 0x0000000080005440 (0x019c8cbb) x25 0x0000000000000000
core   0: 0x0000000080005444 (0x03d98b3b) mulw    s6, s3, t4
core   0: 1 0x0000000080005444 (0x03d98b3b) x22 0x0000000000000000
core   0: 0x0000000080005448 (0x443d4693) xori    a3, s10, 1091
core   0: 1 0x0000000080005448 (0x443d4693) x13 0x0000000000000443
core   0: 0x000000008000544c (0x03c6c33b) divw    t1, a3, t3
core   0: 1 0x000000008000544c (0x03c6c33b) x6  0x000000000000016b
core   0: 0x0000000080005450 (0x22290c53) fsgnj.d fs8, fs2, ft2
core   0: 1 0x0000000080005450 (0x22290c53) f24 0xcf03d60f70a94a25
core   0: 0x0000000080005454 (0x417c593b) sraw    s2, s8, s7
core   0: 1 0x0000000080005454 (0x417c593b) x18 0x0000000000000000
core   0: 0x0000000080005458 (0x2f5cbc97) auipc   s9, 0x2f5cb
core   0: 1 0x0000000080005458 (0x2f5cbc97) x25 0x00000000af5d0458
core   0: 0x000000008000545c (0x0ff0000f) fence   iorw,iorw
core   0: 1 0x000000008000545c (0x0ff0000f)
core   0: 0x0000000080005460 (0x002c093b) addw    s2, s8, sp
core   0: 1 0x0000000080005460 (0x002c093b) x18 0x0000000000000018
core   0: 0x0000000080005464 (0x00102573) csrrs   a0, fflags, zero
core   0: 1 0x0000000080005464 (0x00102573) x10 0x0000000000000010
core   0: 0x0000000080005468 (0x10555cf3) csrrwi  s9, stvec, 10
core   0: 1 0x0000000080005468 (0x10555cf3) x25 0x0000000000000000 c261_stvec 0x0000000000000008
core   0: 0x000000008000546c (0xd23cf8d3) fcvt.d.lu fa7, s9
core   0: 1 0x000000008000546c (0xd23cf8d3) f17 0x0000000000000000
core   0: 0x0000000080005470 (0x00a52733) slt     a4, a0, a0
core   0: 1 0x0000000080005470 (0x00a52733) x14 0x0000000000000000
core   0: 0x0000000080005474 (0x001c9d73) csrrw   s10, fflags, s9
core   0: 1 0x0000000080005474 (0x001c9d73) x26 0x0000000000000010 c1_fflags 0x0000000000000000
core   0: 0x0000000080005478 (0x0024eab3) or      s5, s1, sp
core   0: 1 0x0000000080005478 (0x0024eab3) x21 0x0000000000000017
core   0: 0x000000008000547c (0x016add13) srli    s10, s5, 22
core   0: 1 0x000000008000547c (0x016add13) x26 0x0000000000000000
core   0: 0x0000000080005480 (0x412dd293) srai    t0, s11, 18
core   0: 1 0x0000000080005480 (0x412dd293) x5  0x0000000000000000
core   0: 0x0000000080005484 (0x0065023b) addw    tp, a0, t1
core   0: 1 0x0000000080005484 (0x0065023b) x4  0x000000000000017b
core   0: 0x0000000080005488 (0x00102d73) csrrs   s10, fflags, zero
core   0: 1 0x0000000080005488 (0x00102d73) x26 0x0000000000000000
core   0: 0x000000008000548c (0x4014fd53) fcvt.s.d fs10, fs1
core   0: 1 0x000000008000548c (0x4014fd53) c1_fflags 0x0000000000000003 f26 0xffffffff00000001
core   0: 0x0000000080005490 (0x015e9b3b) sllw    s6, t4, s5
core   0: 1 0x0000000080005490 (0x015e9b3b) x22 0x0000000000000000
core   0: 0x0000000080005494 (0x7b717bcf) fnmadd.d fs7, ft2, fs7, fa5
core   0: 1 0x0000000080005494 (0x7b717bcf) f23 0x7ff8000000000000
core   0: 0x0000000080005498 (0x0113131b) slliw   t1, t1, 17
core   0: 1 0x0000000080005498 (0x0113131b) x6  0x0000000002d60000
core   0: 0x000000008000549c (0x606a7393) andi    t2, s4, 1542
core   0: 1 0x000000008000549c (0x606a7393) x7  0x0000000000000000
core   0: 0x00000000800054a0 (0xf2048953) fmv.d.x fs2, s1
core   0: 1 0x00000000800054a0 (0xf2048953) f18 0x0000000000000000
core   0: 0x00000000800054a4 (0x40948733) sub     a4, s1, s1
core   0: 1 0x00000000800054a4 (0x40948733) x14 0x0000000000000000
core   0: 0x00000000800054a8 (0x41fe5e1b) sraiw   t3, t3, 31
core   0: 1 0x00000000800054a8 (0x41fe5e1b) x28 0x0000000000000000
core   0: 0x00000000800054ac (0x00000aba) c.slli  s5, 14
core   0: 1 0x00000000800054ac (0x0aba) x21 0x000000000005c000
core   0: 0x00000000800054ae (0x0150edb3) or      s11, ra, s5
core   0: 1 0x00000000800054ae (0x0150edb3) x27 0x000000008005c014
core   0: 0x00000000800054b2 (0x002029f3) csrrs   s3, frm, zero
core   0: 1 0x00000000800054b2 (0x002029f3) x19 0x0000000000000003
core   0: 0x00000000800054b6 (0x0206c733) div     a4, a3, zero
core   0: 1 0x00000000800054b6 (0x0206c733) x14 0xffffffffffffffff
core   0: 0x00000000800054ba (0x2a408953) fmin.d  fs2, ft1, ft4
core   0: 1 0x00000000800054ba (0x2a408953) f18 0x7ff8000000000000
core   0: 0x00000000800054be (0x3236e873) csrrsi  a6, mhpmevent3, 13
core   0: exception trap_illegal_instruction, epc 0x00000000800054be
core   0:           tval 0x000000003236e873
core   0: >>>>  $xrv64i2p1_m2p0_a2p1_f2p2_d2p2_zicsr2p0_zifencei2p0_zmmul1p0_zba1p0_zbb1p0_zbc1p0_zbs1p0
core   0: 0x0000000080004000 (0x0080006f) j       pc + 0x8
core   0: 3 0x0000000080004000 (0x0080006f)
core   0: >>>>  mmode_exception_handler
core   0: 0x0000000080004008 (0x00002c17) auipc   s8, 0x2
core   0: 3 0x0000000080004008 (0x00002c17) x24 0x0000000080006008
core   0: 0x000000008000400c (0x108c0c13) addi    s8, s8, 264
core   0: 3 0x000000008000400c (0x108c0c13) x24 0x0000000080006110
core   0: 0x0000000080004010 (0x000c00e7) jalr    s8
core   0: 3 0x0000000080004010 (0x000c00e7) x1  0x0000000080004014
core   0: >>>>  any_handler
core   0: 0x0000000080006110 (0x341027f3) csrrs   a5, mepc, zero
core   0: 3 0x0000000080006110 (0x341027f3) x15 0x00000000800054be
core   0: 0x0000000080006114 (0x34202773) csrrs   a4, mcause, zero
core   0: 3 0x0000000080006114 (0x34202773) x14 0x0000000000000002
core   0: 0x0000000080006118 (0x142026f3) csrrs   a3, scause, zero
core   0: 3 0x0000000080006118 (0x142026f3) x13 0x0000000000000014
core   0: 0x000000008000611c (0x30402673) csrrs   a2, mie, zero
core   0: 3 0x000000008000611c (0x30402673) x12 0x0000000000000a00
core   0: 0x0000000080006120 (0x344025f3) csrrs   a1, mip, zero
core   0: 3 0x0000000080006120 (0x344025f3) x11 0x0000000000000080
core   0: 0x0000000080006124 (0x343025f3) csrrs   a1, mtval, zero
core   0: 3 0x0000000080006124 (0x343025f3) x11 0x000000003236e873
core   0: 0x0000000080006128 (0x14302573) csrrs   a0, stval, zero
core   0: 3 0x0000000080006128 (0x14302573) x10 0x0000000000000000
core   0: 0x000000008000612c (0xb02024f3) csrrs   s1, minstret, zero
core   0: 3 0x000000008000612c (0xb02024f3) x9  0x0000000000000f18
core   0: 0x0000000080006130 (0x0000a811) c.j     pc + 20
core   0: 3 0x0000000080006130 (0xa811)
core   0: >>>>  mepc_4
core   0: 0x0000000080006144 (0x00000791) c.addi  a5, 4
core   0: 3 0x0000000080006144 (0x0791) x15 0x00000000800054c2
core   0: 0x0000000080006146 (0x34179073) csrrw   zero, mepc, a5
core   0: 3 0x0000000080006146 (0x34179073) c833_mepc 0x00000000800054c2
core   0: 0x000000008000614a (0x30200073) mret
core   0: 3 0x000000008000614a (0x30200073) c768_mstatus 0x8000000a00106080
core   0: 0x00000000800054c2 (0x002028f3) csrrs   a7, frm, zero
core   0: 1 0x00000000800054c2 (0x002028f3) x17 0x0000000000000003
core   0: 0x00000000800054c6 (0xc21cfe53) fcvt.wu.d t3, fs9
core   0: 1 0x00000000800054c6 (0xc21cfe53) c1_fflags 0x0000000000000013 x28 0xffffffffffffffff
core   0: 0x00000000800054ca (0x00015c13) srli    s8, sp, 0
core   0: 1 0x00000000800054ca (0x00015c13) x24 0x0000000000000017
core   0: 0x00000000800054ce (0x0011519b) srliw   gp, sp, 1
core   0: 1 0x00000000800054ce (0x0011519b) x3  0x000000000000000b
core   0: 0x00000000800054d2 (0x23191ed3) fsgnjn.d ft9, fs2, fa7
core   0: 1 0x00000000800054d2 (0x23191ed3) f29 0xfff8000000000000
core   0: 0x00000000800054d6 (0xc02cf0d3) fcvt.l.s ra, fs9
core   0: 1 0x00000000800054d6 (0xc02cf0d3) c1_fflags 0x0000000000000013 x1  0x7fffffffffffffff
core   0: 0x00000000800054da (0x00000001) c.nop
core   0: 1 0x00000000800054da (0x0001)
core   0: 0x00000000800054dc (0x023401b3) mul     gp, s0, gp
core   0: 1 0x00000000800054dc (0x023401b3) x3  0x0000000000000000
core   0: 0x00000000800054e0 (0x2a760f53) fmin.d  ft10, fa2, ft7
core   0: 1 0x00000000800054e0 (0x2a760f53) f30 0x7ff8000000000000
core   0: 0x00000000800054e4 (0x80040513) addi    a0, s0, -2048
core   0: 1 0x00000000800054e4 (0x80040513) x10 0xfffffffffffff800
core   0: 0x00000000800054e8 (0x40ab0e33) sub     t3, s6, a0
core   0: 1 0x00000000800054e8 (0x40ab0e33) x28 0x0000000000000800
core   0: 0x00000000800054ec (0x00000001) c.nop
core   0: 1 0x00000000800054ec (0x0001)
core   0: 0x00000000800054ee (0x5ec53637) lui     a2, 0x5ec53
core   0: 1 0x00000000800054ee (0x5ec53637) x12 0x000000005ec53000
core   0: 0x00000000800054f2 (0x028747b3) div     a5, a4, s0
core   0: 1 0x00000000800054f2 (0x028747b3) x15 0xffffffffffffffff
core   0: 0x00000000800054f6 (0x221585d3) fsgnj.d fa1, fa1, ft1
core   0: 1 0x00000000800054f6 (0x221585d3) f11 0x7ff8000000000000
core   0: 0x00000000800054fa (0x0350fad3) fadd.d  fs5, ft1, fs5
core   0: 1 0x00000000800054fa (0x0350fad3) f21 0x7ff8000000000000
core   0: 0x00000000800054fe (0x001d9df3) csrrw   s11, fflags, s11
core   0: 1 0x00000000800054fe (0x001d9df3) x27 0x0000000000000013 c1_fflags 0x0000000000000014
core   0: 0x0000000080005502 (0x4014fe53) fcvt.s.d ft8, fs1
core   0: 1 0x0000000080005502 (0x4014fe53) c1_fflags 0x0000000000000017 f28 0xffffffff00000001
core   0: 0x0000000080005506 (0xc23575d3) fcvt.lu.d a1, fa0
core   0: 1 0x0000000080005506 (0xc23575d3) c1_fflags 0x0000000000000017 x11 0x0000000000000000
core   0: 0x000000008000550a (0x406203b3) sub     t2, tp, t1
core   0: 1 0x000000008000550a (0x406203b3) x7  0xfffffffffd2a017b
core   0: 0x000000008000550e (0x0ff0000f) fence   iorw,iorw
core   0: 1 0x000000008000550e (0x0ff0000f)
core   0: 0x0000000080005512 (0x4094d43b) sraw    s0, s1, s1
core   0: 1 0x0000000080005512 (0x4094d43b) x8  0x0000000000000000
core   0: 0x0000000080005516 (0x00000001) c.nop
core   0: 1 0x0000000080005516 (0x0001)
core   0: 0x0000000080005518 (0x0651f493) andi    s1, gp, 101
core   0: 1 0x0000000080005518 (0x0651f493) x9  0x0000000000000000
core   0: 0x000000008000551c (0x8008089b) addiw   a7, a6, -2048
core   0: 1 0x000000008000551c (0x8008089b) x17 0xfffffffffffff800
core   0: 0x0000000080005520 (0xc211f853) fcvt.wu.d a6, ft3
core   0: 1 0x0000000080005520 (0xc211f853) c1_fflags 0x0000000000000017 x16 0xffffffffffffffff
core   0: 0x0000000080005524 (0x00785c33) srl     s8, a6, t2
core   0: 1 0x0000000080005524 (0x00785c33) x24 0x000000000000001f
core   0: 0x0000000080005528 (0xc03e79d3) fcvt.lu.s s3, ft8
core   0: 1 0x0000000080005528 (0xc03e79d3) c1_fflags 0x0000000000000017 x19 0x0000000000000001
core   0: 0x000000008000552c (0x0169dc9b) srliw   s9, s3, 22
core   0: 1 0x000000008000552c (0x0169dc9b) x25 0x0000000000000000
core   0: 0x0000000080005530 (0x7ff3031b) addiw   t1, t1, 2047
core   0: 1 0x0000000080005530 (0x7ff3031b) x6  0x0000000002d607ff
core   0: 0x0000000080005534 (0x5b7e7d43) fmadd.d fs10, ft8, fs7, fa1
core   0: 1 0x0000000080005534 (0x5b7e7d43) f26 0x7ff8000000000000
core   0: 0x0000000080005538 (0x02f907b3) mul     a5, s2, a5
core   0: 1 0x0000000080005538 (0x02f907b3) x15 0xffffffffffffffe8
core   0: 0x000000008000553c (0x00bdeab3) or      s5, s11, a1
core   0: 1 0x000000008000553c (0x00bdeab3) x21 0x0000000000000013
core   0: 0x0000000080005540 (0x0252f0bb) remuw   ra, t0, t0
core   0: 1 0x0000000080005540 (0x0252f0bb) x1  0x0000000000000000
core   0: 0x0000000080005544 (0x000088c6) c.mv    a7, a7
core   0: 1 0x0000000080005544 (0x88c6) x17 0xfffffffffffff800
core   0: 0x0000000080005546 (0x40bd599b) sraiw   s3, s10, 11
core   0: 1 0x0000000080005546 (0x40bd599b) x19 0x0000000000000000
core   0: 0x000000008000554a (0x5a01fd53) fsqrt.d fs10, ft3
core   0: 1 0x000000008000554a (0x5a01fd53) f26 0x7ff8000000000000
core   0: 0x000000008000554e (0x01dbee33) or      t3, s7, t4
core   0: 1 0x000000008000554e (0x01dbee33) x28 0x0000000000000003
core   0: 0x0000000080005552 (0x0012f5b3) and     a1, t0, ra
core   0: 1 0x0000000080005552 (0x0012f5b3) x11 0x0000000000000000
core   0: 0x0000000080005556 (0x031dd333) divu    t1, s11, a7
core   0: 1 0x0000000080005556 (0x031dd333) x6  0x0000000000000000
core   0: 0x000000008000555a (0x023581b3) mul     gp, a1, gp
core   0: 1 0x000000008000555a (0x023581b3) x3  0x0000000000000000
core   0: 0x000000008000555e (0xd21d8c53) fcvt.d.wu fs8, s11
core   0: 1 0x000000008000555e (0xd21d8c53) f24 0x4033000000000000
core   0: 0x0000000080005562 (0x403188b3) sub     a7, gp, gp
core   0: 1 0x0000000080005562 (0x403188b3) x17 0x0000000000000000
core   0: 0x0000000080005566 (0x023a0c33) mul     s8, s4, gp
core   0: 1 0x0000000080005566 (0x023a0c33) x24 0x0000000000000000
core   0: 0x000000008000556a (0x221885d3) fsgnj.d fa1, fa7, ft1
core   0: 1 0x000000008000556a (0x221885d3) f11 0x0000000000000000
core   0: 0x000000008000556e (0x000ed59b) srliw   a1, t4, 0
core   0: 1 0x000000008000556e (0x000ed59b) x11 0x0000000000000000
core   0: 0x0000000080005572 (0x00b092bb) sllw    t0, ra, a1
core   0: 1 0x0000000080005572 (0x00b092bb) x5  0x0000000000000000
core   0: 0x0000000080005576 (0xd022f253) fcvt.s.l ft4, t0
core   0: 1 0x0000000080005576 (0xd022f253) f4  0xffffffff00000000
core   0: 0x000000008000557a (0x4242d713) srai    a4, t0, 36
core   0: 1 0x000000008000557a (0x4242d713) x14 0x0000000000000000
core   0: 0x000000008000557e (0xe2058853) fmv.x.d a6, fa1
core   0: 1 0x000000008000557e (0xe2058853) x16 0x0000000000000000
core   0: 0x0000000080005582 (0x400b5c13) srai    s8, s6, 0
core   0: 1 0x0000000080005582 (0x400b5c13) x24 0x0000000000000000
core   0: 0x0000000080005586 (0x2b761cd3) fmax.d  fs9, fa2, fs7
core   0: 1 0x0000000080005586 (0x2b761cd3) f25 0x7ff8000000000000
core   0: 0x000000008000558a (0x2a490053) fmin.d  ft0, fs2, ft4
core   0: 1 0x000000008000558a (0x2a490053) f0  0x7ff8000000000000
core   0: 0x000000008000558e (0xbabd8137) lui     sp, 0xbabd8
core   0: 1 0x000000008000558e (0xbabd8137) x2  0xffffffffbabd8000
core   0: 0x0000000080005592 (0x036e20b3) mulhsu  ra, t3, s6
core   0: 1 0x0000000080005592 (0x036e20b3) x1  0x0000000000000000
core   0: 0x0000000080005596 (0x401c55bb) sraw    a1, s8, ra
core   0: 1 0x0000000080005596 (0x401c55bb) x11 0x0000000000000000
core   0: 0x000000008000559a (0x01c5d433) srl     s0, a1, t3
core   0: 1 0x000000008000559a (0x01c5d433) x8  0x0000000000000000
core   0: 0x000000008000559e (0xff81d637) lui     a2, 0xff81d
core   0: 1 0x000000008000559e (0xff81d637) x12 0xffffffffff81d000
core   0: 0x00000000800055a2 (0x8896061b) addiw   a2, a2, -1911
core   0: 1 0x00000000800055a2 (0x8896061b) x12 0xffffffffff81c889
core   0: 0x00000000800055a6 (0x00000642) c.slli  a2, 16
core   0: 1 0x00000000800055a6 (0x0642) x12 0xffffff81c8890000
core   0: 0x00000000800055a8 (0x0d760613) addi    a2, a2, 215
core   0: 1 0x00000000800055a8 (0x0d760613) x12 0xffffff81c88900d7
core   0: 0x00000000800055ac (0x01046433) or      s0, s0, a6
core   0: 1 0x00000000800055ac (0x01046433) x8  0x0000000000000000
core   0: 0x00000000800055b0 (0x00139a73) csrrw   s4, fflags, t2
core   0: 1 0x00000000800055b0 (0x00139a73) x20 0x0000000000000017 c1_fflags 0x000000000000001b
core   0: 0x00000000800055b4 (0x41420d3b) subw    s10, tp, s4
core   0: 1 0x00000000800055b4 (0x41420d3b) x26 0x0000000000000164
core   0: 0x00000000800055b8 (0xc23cf9d3) fcvt.lu.d s3, fs9
core   0: 1 0x00000000800055b8 (0xc23cf9d3) c1_fflags 0x000000000000001b x19 0xffffffffffffffff
core   0: 0x00000000800055bc (0xa20299d3) flt.d   s3, ft5, ft0
core   0: 1 0x00000000800055bc (0xa20299d3) c1_fflags 0x000000000000001b x19 0x0000000000000000
core   0: 0x00000000800055c0 (0x8baffc4f) fnmadd.d fs8, ft11, fs10, fa7
core   0: 1 0x00000000800055c0 (0x8baffc4f) f24 0x7ff8000000000000
core   0: 0x00000000800055c4 (0x02f5d2b7) lui     t0, 0x2f5d
core   0: 1 0x00000000800055c4 (0x02f5d2b7) x5  0x0000000002f5d000
core   0: 0x00000000800055c8 (0x9f12829b) addiw   t0, t0, -1551
core   0: 1 0x00000000800055c8 (0x9f12829b) x5  0x0000000002f5c9f1
core   0: 0x00000000800055cc (0x000002b2) c.slli  t0, 12
core   0: 1 0x00000000800055cc (0x02b2) x5  0x0000002f5c9f1000
core   0: 0x00000000800055ce (0xfb628293) addi    t0, t0, -74
core   0: 1 0x00000000800055ce (0xfb628293) x5  0x0000002f5c9f0fb6
core   0: 0x00000000800055d2 (0xa25f8853) fle.d   a6, ft11, ft5
core   0: 1 0x00000000800055d2 (0xa25f8853) c1_fflags 0x000000000000001b x16 0x0000000000000000
core   0: 0x00000000800055d6 (0x2a0d1453) fmax.d  fs0, fs10, ft0
core   0: 1 0x00000000800055d6 (0x2a0d1453) f8  0x7ff8000000000000
core   0: 0x00000000800055da (0x00202a73) csrrs   s4, frm, zero
core   0: 1 0x00000000800055da (0x00202a73) x20 0x0000000000000003
core   0: 0x00000000800055de (0xc20c76d3) fcvt.w.d a3, fs8
core   0: 1 0x00000000800055de (0xc20c76d3) c1_fflags 0x000000000000001b x13 0x000000007fffffff
core   0: 0x00000000800055e2 (0xc2107ad3) fcvt.wu.d s5, ft0
core   0: 1 0x00000000800055e2 (0xc2107ad3) c1_fflags 0x000000000000001b x21 0xffffffffffffffff
core   0: 0x00000000800055e6 (0xd23bf4d3) fcvt.d.lu fs1, s7
core   0: 1 0x00000000800055e6 (0xd23bf4d3) f9  0x4008000000000000
core   0: 0x00000000800055ea (0x00102473) csrrs   s0, fflags, zero
core   0: 1 0x00000000800055ea (0x00102473) x8  0x000000000000001b
core   0: 0x00000000800055ee (0x00ae9033) sll     zero, t4, a0
core   0: 1 0x00000000800055ee (0x00ae9033)
core   0: 0x00000000800055f2 (0x01c5d53b) srlw    a0, a1, t3
core   0: 1 0x00000000800055f2 (0x01c5d53b) x10 0x0000000000000000
core   0: 0x00000000800055f6 (0x00706bb3) or      s7, zero, t2
core   0: 1 0x00000000800055f6 (0x00706bb3) x23 0xfffffffffd2a017b
core   0: 0x00000000800055fa (0x10412573) csrrs   a0, sie, sp
core   0: 1 0x00000000800055fa (0x10412573) x10 0x0000000000000000 c772_mie 0x0000000000000a00
core   0: 0x00000000800055fe (0x401089b3) sub     s3, ra, ra
core   0: 1 0x00000000800055fe (0x401089b3) x19 0x0000000000000000
core   0: 0x0000000080005602 (0x303051f3) csrrwi  gp, mideleg, 0
core   0: exception trap_illegal_instruction, epc 0x0000000080005602
core   0:           tval 0x00000000303051f3
core   0: >>>>  $xrv64i2p1_m2p0_a2p1_f2p2_d2p2_zicsr2p0_zifencei2p0_zmmul1p0_zba1p0_zbb1p0_zbc1p0_zbs1p0
core   0: 0x0000000080004000 (0x0080006f) j       pc + 0x8
core   0: 3 0x0000000080004000 (0x0080006f)
core   0: >>>>  mmode_exception_handler
core   0: 0x0000000080004008 (0x00002c17) auipc   s8, 0x2
core   0: 3 0x0000000080004008 (0x00002c17) x24 0x0000000080006008
core   0: 0x000000008000400c (0x108c0c13) addi    s8, s8, 264
core   0: 3 0x000000008000400c (0x108c0c13) x24 0x0000000080006110
core   0: 0x0000000080004010 (0x000c00e7) jalr    s8
core   0: 3 0x0000000080004010 (0x000c00e7) x1  0x0000000080004014
core   0: >>>>  any_handler
core   0: 0x0000000080006110 (0x341027f3) csrrs   a5, mepc, zero
core   0: 3 0x0000000080006110 (0x341027f3) x15 0x0000000080005602
core   0: 0x0000000080006114 (0x34202773) csrrs   a4, mcause, zero
core   0: 3 0x0000000080006114 (0x34202773) x14 0x0000000000000002
core   0: 0x0000000080006118 (0x142026f3) csrrs   a3, scause, zero
core   0: 3 0x0000000080006118 (0x142026f3) x13 0x0000000000000014
core   0: 0x000000008000611c (0x30402673) csrrs   a2, mie, zero
core   0: 3 0x000000008000611c (0x30402673) x12 0x0000000000000a00
core   0: 0x0000000080006120 (0x344025f3) csrrs   a1, mip, zero
core   0: 3 0x0000000080006120 (0x344025f3) x11 0x0000000000000080
core   0: 0x0000000080006124 (0x343025f3) csrrs   a1, mtval, zero
core   0: 3 0x0000000080006124 (0x343025f3) x11 0x00000000303051f3
core   0: 0x0000000080006128 (0x14302573) csrrs   a0, stval, zero
core   0: 3 0x0000000080006128 (0x14302573) x10 0x0000000000000000
core   0: 0x000000008000612c (0xb02024f3) csrrs   s1, minstret, zero
core   0: 3 0x000000008000612c (0xb02024f3) x9  0x0000000000000f7b
core   0: 0x0000000080006130 (0x0000a811) c.j     pc + 20
core   0: 3 0x0000000080006130 (0xa811)
core   0: >>>>  mepc_4
core   0: 0x0000000080006144 (0x00000791) c.addi  a5, 4
core   0: 3 0x0000000080006144 (0x0791) x15 0x0000000080005606
core   0: 0x0000000080006146 (0x34179073) csrrw   zero, mepc, a5
core   0: 3 0x0000000080006146 (0x34179073) c833_mepc 0x0000000080005606
core   0: 0x000000008000614a (0x30200073) mret
core   0: 3 0x000000008000614a (0x30200073) c768_mstatus 0x8000000a00106080
core   0: 0x0000000080005606 (0x02bef4b3) remu    s1, t4, a1
core   0: 1 0x0000000080005606 (0x02bef4b3) x9  0x0000000000000000
core   0: 0x000000008000560a (0x37760c1b) addiw   s8, a2, 887
core   0: 1 0x000000008000560a (0x37760c1b) x24 0x0000000000000d77
core   0: 0x000000008000560e (0x03fa5393) srli    t2, s4, 63
core   0: 1 0x000000008000560e (0x03fa5393) x7  0x0000000000000000
core   0: 0x0000000080005612 (0x00da9dbb) sllw    s11, s5, a3
core   0: 1 0x0000000080005612 (0x00da9dbb) x27 0xfffffffffff00000
core   0: 0x0000000080005616 (0xe2040453) fmv.x.d s0, fs0
core   0: 1 0x0000000080005616 (0xe2040453) x8  0x7ff8000000000000
core   0: 0x000000008000561a (0xfff1009b) addiw   ra, sp, -1
core   0: 1 0x000000008000561a (0xfff1009b) x1  0xffffffffbabd7fff
core   0: 0x000000008000561e (0x00111993) slli    s3, sp, 1
core   0: 1 0x000000008000561e (0x00111993) x19 0xffffffff757b0000
core   0: 0x0000000080005622 (0x0ff0000f) fence   iorw,iorw
core   0: 1 0x0000000080005622 (0x0ff0000f)
core   0: 0x0000000080005626 (0x021110b3) mulh    ra, sp, ra
core   0: 1 0x0000000080005626 (0x021110b3) x1  0x0000000000000000
core   0: 0x000000008000562a (0x00e9f033) and     zero, s3, a4
core   0: 1 0x000000008000562a (0x00e9f033)
core   0: 0x000000008000562e (0x03ccce3b) divw    t3, s9, t3
core   0: 1 0x000000008000562e (0x03ccce3b) x28 0x0000000000000000
core   0: 0x0000000080005632 (0x001b4b13) xori    s6, s6, 1
core   0: 1 0x0000000080005632 (0x001b4b13) x22 0x0000000000000001
core   0: 0x0000000080005636 (0x727773c3) fmadd.d ft7, fa4, ft7, fa4
core   0: 1 0x0000000080005636 (0x727773c3) f7  0x7ff8000000000000
core   0: 0x000000008000563a (0x03798d3b) mulw    s10, s3, s7
core   0: 1 0x000000008000563a (0x03798d3b) x26 0xffffffffed190000
core   0: 0x000000008000563e (0x8000891b) addiw   s2, ra, -2048
core   0: 1 0x000000008000563e (0x8000891b) x18 0xfffffffffffff800
core   0: 0x0000000080005642 (0x5f3d3cb7) lui     s9, 0x5f3d3
core   0: 1 0x0000000080005642 (0x5f3d3cb7) x25 0x000000005f3d3000
core   0: 0x0000000080005646 (0x00202873) csrrs   a6, frm, zero
core   0: 1 0x0000000080005646 (0x00202873) x16 0x0000000000000003
core   0: 0x000000008000564a (0xf1333ef3) csrrc   t4, mimpid, t1
core   0: exception trap_illegal_instruction, epc 0x000000008000564a
core   0:           tval 0x00000000f1333ef3
core   0: >>>>  $xrv64i2p1_m2p0_a2p1_f2p2_d2p2_zicsr2p0_zifencei2p0_zmmul1p0_zba1p0_zbb1p0_zbc1p0_zbs1p0
core   0: 0x0000000080004000 (0x0080006f) j       pc + 0x8
core   0: 3 0x0000000080004000 (0x0080006f)
core   0: >>>>  mmode_exception_handler
core   0: 0x0000000080004008 (0x00002c17) auipc   s8, 0x2
core   0: 3 0x0000000080004008 (0x00002c17) x24 0x0000000080006008
core   0: 0x000000008000400c (0x108c0c13) addi    s8, s8, 264
core   0: 3 0x000000008000400c (0x108c0c13) x24 0x0000000080006110
core   0: 0x0000000080004010 (0x000c00e7) jalr    s8
core   0: 3 0x0000000080004010 (0x000c00e7) x1  0x0000000080004014
core   0: >>>>  any_handler
core   0: 0x0000000080006110 (0x341027f3) csrrs   a5, mepc, zero
core   0: 3 0x0000000080006110 (0x341027f3) x15 0x000000008000564a
core   0: 0x0000000080006114 (0x34202773) csrrs   a4, mcause, zero
core   0: 3 0x0000000080006114 (0x34202773) x14 0x0000000000000002
core   0: 0x0000000080006118 (0x142026f3) csrrs   a3, scause, zero
core   0: 3 0x0000000080006118 (0x142026f3) x13 0x0000000000000014
core   0: 0x000000008000611c (0x30402673) csrrs   a2, mie, zero
core   0: 3 0x000000008000611c (0x30402673) x12 0x0000000000000a00
core   0: 0x0000000080006120 (0x344025f3) csrrs   a1, mip, zero
core   0: 3 0x0000000080006120 (0x344025f3) x11 0x0000000000000080
core   0: 0x0000000080006124 (0x343025f3) csrrs   a1, mtval, zero
core   0: 3 0x0000000080006124 (0x343025f3) x11 0x00000000f1333ef3
core   0: 0x0000000080006128 (0x14302573) csrrs   a0, stval, zero
core   0: 3 0x0000000080006128 (0x14302573) x10 0x0000000000000000
core   0: 0x000000008000612c (0xb02024f3) csrrs   s1, minstret, zero
core   0: 3 0x000000008000612c (0xb02024f3) x9  0x0000000000000f9c
core   0: 0x0000000080006130 (0x0000a811) c.j     pc + 20
core   0: 3 0x0000000080006130 (0xa811)
core   0: >>>>  mepc_4
core   0: 0x0000000080006144 (0x00000791) c.addi  a5, 4
core   0: 3 0x0000000080006144 (0x0791) x15 0x000000008000564e
core   0: 0x0000000080006146 (0x34179073) csrrw   zero, mepc, a5
core   0: 3 0x0000000080006146 (0x34179073) c833_mepc 0x000000008000564e
core   0: 0x000000008000614a (0x30200073) mret
core   0: 3 0x000000008000614a (0x30200073) c768_mstatus 0x8000000a00106080
core   0: 0x000000008000564e (0xf2030d53) fmv.d.x fs10, t1
core   0: 1 0x000000008000564e (0xf2030d53) f26 0x0000000000000000
core   0: 0x0000000080005652 (0x0ff0000f) fence   iorw,iorw
core   0: 1 0x0000000080005652 (0x0ff0000f)
core   0: 0x0000000080005656 (0xd234f853) fcvt.d.lu fa6, s1
core   0: 1 0x0000000080005656 (0xd234f853) f16 0x40af380000000000
core   0: 0x000000008000565a (0x02756533) rem     a0, a0, t2
core   0: 1 0x000000008000565a (0x02756533) x10 0x0000000000000000
core   0: 0x000000008000565e (0x00202b73) csrrs   s6, frm, zero
core   0: 1 0x000000008000565e (0x00202b73) x22 0x0000000000000003
core   0: 0x0000000080005662 (0x1b8f7253) fdiv.d  ft4, ft10, fs8
core   0: 1 0x0000000080005662 (0x1b8f7253) f4  0x7ff8000000000000
core   0: 0x0000000080005666 (0x03a01d33) mulh    s10, zero, s10
core   0: 1 0x0000000080005666 (0x03a01d33) x26 0x0000000000000000
core   0: 0x000000008000566a (0x41d0dd33) sra     s10, ra, t4
core   0: 1 0x000000008000566a (0x41d0dd33) x26 0x0000000080004014
core   0: 0x000000008000566e (0x41b0d633) sra     a2, ra, s11
core   0: 1 0x000000008000566e (0x41b0d633) x12 0x0000000080004014
core   0: 0x0000000080005672 (0x00102973) csrrs   s2, fflags, zero
core   0: 1 0x0000000080005672 (0x00102973) x18 0x000000000000001b
core   0: 0x0000000080005676 (0x00b5d53b) srlw    a0, a1, a1
core   0: 1 0x0000000080005676 (0x00b5d53b) x10 0x0000000000001e26
core   0: 0x000000008000567a (0x401dfdd3) fcvt.s.d fs11, fs11
core   0: 1 0x000000008000567a (0x401dfdd3) f27 0xffffffff7fc00000
core   0: 0x000000008000567e (0x40e383bb) subw    t2, t2, a4
core   0: 1 0x000000008000567e (0x40e383bb) x7  0xfffffffffffffffe
core   0: 0x0000000080005682 (0xe20d0053) fmv.x.d zero, fs10
core   0: 1 0x0000000080005682 (0xe20d0053)
core   0: 0x0000000080005686 (0xc0287d53) fcvt.l.s s10, fa6
core   0: 1 0x0000000080005686 (0xc0287d53) c1_fflags 0x000000000000001b x26 0x7fffffffffffffff
core   0: 0x000000008000568a (0x00202ef3) csrrs   t4, frm, zero
core   0: 1 0x000000008000568a (0x00202ef3) x29 0x0000000000000003
core   0: 0x000000008000568e (0x00000001) c.nop
core   0: 1 0x000000008000568e (0x0001)
core   0: 0x0000000080005690 (0x03287933) remu    s2, a6, s2
core   0: 1 0x0000000080005690 (0x03287933) x18 0x0000000000000003
core   0: 0x0000000080005694 (0xc02df0d3) fcvt.l.s ra, fs11
core   0: 1 0x0000000080005694 (0xc02df0d3) c1_fflags 0x000000000000001b x1  0x7fffffffffffffff
core   0: 0x0000000080005698 (0x02b5cab3) div     s5, a1, a1
core   0: 1 0x0000000080005698 (0x02b5cab3) x21 0x0000000000000001
core   0: 0x000000008000569c (0x0094ca33) xor     s4, s1, s1
core   0: 1 0x000000008000569c (0x0094ca33) x20 0x0000000000000000
core   0: 0x00000000800056a0 (0x23792bd3) fsgnjx.d fs7, fs2, fs7
core   0: 1 0x00000000800056a0 (0x23792bd3) f23 0x7ff8000000000000
core   0: 0x00000000800056a4 (0xf9198193) addi    gp, s3, -111
core   0: 1 0x00000000800056a4 (0xf9198193) x3  0xffffffff757aff91
core   0: 0x00000000800056a8 (0x03cb16b3) mulh    a3, s6, t3
core   0: 1 0x00000000800056a8 (0x03cb16b3) x13 0x0000000000000000
core   0: 0x00000000800056ac (0x00000001) c.nop
core   0: 1 0x00000000800056ac (0x0001)
core   0: 0x00000000800056ae (0x220b1053) fsgnjn.d ft0, fs6, ft0
core   0: 1 0x00000000800056ae (0x220b1053) f0  0xfff8000000000000
core   0: 0x00000000800056b2 (0xd77a4993) xori    s3, s4, -649
core   0: 1 0x00000000800056b2 (0xd77a4993) x19 0xfffffffffffffd77
core   0: 0x00000000800056b6 (0x0139c3b3) xor     t2, s3, s3
core   0: 1 0x00000000800056b6 (0x0139c3b3) x7  0x0000000000000000
core   0: 0x00000000800056ba (0x0b9ffcd3) fsub.d  fs9, ft11, fs9
core   0: 1 0x00000000800056ba (0x0b9ffcd3) f25 0x7ff8000000000000
core   0: 0x00000000800056be (0x409381bb) subw    gp, t2, s1
core   0: 1 0x00000000800056be (0x409381bb) x3  0xfffffffffffff064
core   0: 0x00000000800056c2 (0x410282b3) sub     t0, t0, a6
core   0: 1 0x00000000800056c2 (0x410282b3) x5  0x0000002f5c9f0fb3
core   0: 0x00000000800056c6 (0xd2100ed3) fcvt.d.wu ft9, zero
core   0: 1 0x00000000800056c6 (0xd2100ed3) f29 0x0000000000000000
core   0: 0x00000000800056ca (0x0009919b) slliw   gp, s3, 0
core   0: 1 0x00000000800056ca (0x0009919b) x3  0xfffffffffffffd77
core   0: 0x00000000800056ce (0x0229e13b) remw    sp, s3, sp
core   0: 1 0x00000000800056ce (0x0229e13b) x2  0xfffffffffffffd77
core   0: 0x00000000800056d2 (0x417bdbb3) sra     s7, s7, s7
core   0: 1 0x00000000800056d2 (0x417bdbb3) x23 0xffffffffffffffff
core   0: 0x00000000800056d6 (0x0294e4bb) remw    s1, s1, s1
core   0: 1 0x00000000800056d6 (0x0294e4bb) x9  0x0000000000000000
core   0: 0x00000000800056da (0x5a00f453) fsqrt.d fs0, ft1
core   0: 1 0x00000000800056da (0x5a00f453) f8  0x7ff8000000000000
core   0: 0x00000000800056de (0xc20ff953) fcvt.w.d s2, ft11
core   0: 1 0x00000000800056de (0xc20ff953) x18 0x0000000031adb2f2
core   0: 0x00000000800056e2 (0xd3c60797) auipc   a5, 0xd3c60
core   0: 1 0x00000000800056e2 (0xd3c60797) x15 0x0000000053c656e2
core   0: 0x00000000800056e6 (0x01218ebb) addw    t4, gp, s2
core   0: 1 0x00000000800056e6 (0x01218ebb) x29 0x0000000031adb069
core   0: 0x00000000800056ea (0xd22effd3) fcvt.d.l ft11, t4
core   0: 1 0x00000000800056ea (0xd22effd3) f31 0x41c8d6d834800000
core   0: 0x00000000800056ee (0xd2267b53) fcvt.d.l fs6, a2
core   0: 1 0x00000000800056ee (0xd2267b53) f22 0x41e0000802800000
core   0: 0x00000000800056f2 (0x52a3f1cf) fnmadd.d ft3, ft7, fa0, fa0
core   0: 1 0x00000000800056f2 (0x52a3f1cf) f3  0x7ff8000000000000
core   0: 0x00000000800056f6 (0x0008103b) sllw    zero, a6, zero
core   0: 1 0x00000000800056f6 (0x0008103b)
core   0: 0x00000000800056fa (0x000c141b) slliw   s0, s8, 0
core   0: 1 0x00000000800056fa (0x000c141b) x8  0xffffffff80006110
core   0: 0x00000000800056fe (0x0243e23b) remw    tp, t2, tp
core   0: 1 0x00000000800056fe (0x0243e23b) x4  0x0000000000000000
core   0: 0x0000000080005702 (0x121d7253) fmul.d  ft4, fs10, ft1
core   0: 1 0x0000000080005702 (0x121d7253) f4  0x7ff8000000000000
core   0: 0x0000000080005706 (0x4125823b) subw    tp, a1, s2
core   0: 1 0x0000000080005706 (0x4125823b) x4  0xffffffffbf858c01
core   0: 0x000000008000570a (0x0042173b) sllw    a4, tp, tp
core   0: 1 0x000000008000570a (0x0042173b) x14 0x000000007f0b1802
core   0: 0x000000008000570e (0x0fc17993) andi    s3, sp, 252
core   0: 1 0x000000008000570e (0x0fc17993) x19 0x0000000000000074
core   0: 0x0000000080005712 (0xc231f7d3) fcvt.lu.d a5, ft3
core   0: 1 0x0000000080005712 (0xc231f7d3) c1_fflags 0x000000000000001b x15 0xffffffffffffffff
core   0: 0x0000000080005716 (0x0082143b) sllw    s0, tp, s0
core   0: 1 0x0000000080005716 (0x0082143b) x8  0xffffffff8c010000
core   0: 0x000000008000571a (0x12327ed3) fmul.d  ft9, ft4, ft3
core   0: 1 0x000000008000571a (0x12327ed3) f29 0x7ff8000000000000
core   0: 0x000000008000571e (0x5a08fb53) fsqrt.d fs6, fa7
core   0: 1 0x000000008000571e (0x5a08fb53) f22 0x0000000000000000
core   0: 0x0000000080005722 (0xc0fa4697) auipc   a3, 0xc0fa4
core   0: 1 0x0000000080005722 (0xc0fa4697) x13 0x0000000040fa9722
core   0: 0x0000000080005726 (0x00202373) csrrs   t1, frm, zero
core   0: 1 0x0000000080005726 (0x00202373) x6  0x0000000000000003
core   0: 0x000000008000572a (0x40b355bb) sraw    a1, t1, a1
core   0: 1 0x000000008000572a (0x40b355bb) x11 0x0000000000000000
core   0: 0x000000008000572e (0x019bd4bb) srlw    s1, s7, s9
core   0: 1 0x000000008000572e (0x019bd4bb) x9  0xffffffffffffffff
core   0: 0x0000000080005732 (0x01dc929b) slliw   t0, s9, 29
core   0: 1 0x0000000080005732 (0x01dc929b) x5  0x0000000000000000
core   0: 0x0000000080005736 (0x00119073) csrrw   zero, fflags, gp
core   0: 1 0x0000000080005736 (0x00119073) c1_fflags 0x0000000000000017
core   0: 0x000000008000573a (0x01beda9b) srliw   s5, t4, 27
core   0: 1 0x000000008000573a (0x01beda9b) x21 0x0000000000000006
core   0: 0x000000008000573e (0xd22ef3d3) fcvt.d.l ft7, t4
core   0: 1 0x000000008000573e (0xd22ef3d3) f7  0x41c8d6d834800000
core   0: 0x0000000080005742 (0xc2057a53) fcvt.w.d s4, fa0
core   0: 1 0x0000000080005742 (0xc2057a53) x20 0xffffffffe9bfe800
core   0: 0x0000000080005746 (0x00054b93) xori    s7, a0, 0
core   0: 1 0x0000000080005746 (0x00054b93) x23 0x0000000000001e26
core   0: 0x000000008000574a (0xa3da0413) addi    s0, s4, -1475
core   0: 1 0x000000008000574a (0xa3da0413) x8  0xffffffffe9bfe23d
core   0: 0x000000008000574e (0x00000001) c.nop
core   0: 1 0x000000008000574e (0x0001)
core   0: 0x0000000080005750 (0x006321b3) slt     gp, t1, t1
core   0: 1 0x0000000080005750 (0x006321b3) x3  0x0000000000000000
core   0: 0x0000000080005754 (0x00102773) csrrs   a4, fflags, zero
core   0: 1 0x0000000080005754 (0x00102773) x14 0x0000000000000017
core   0: 0x0000000080005758 (0x0003991b) slliw   s2, t2, 0
core   0: 1 0x0000000080005758 (0x0003991b) x18 0x0000000000000000
core   0: 0x000000008000575c (0x4125d2b3) sra     t0, a1, s2
core   0: 1 0x000000008000575c (0x4125d2b3) x5  0x0000000000000000
core   0: 0x0000000080005760 (0x03628b33) mul     s6, t0, s6
core   0: 1 0x0000000080005760 (0x03628b33) x22 0x0000000000000000
core   0: 0x0000000080005764 (0x49460a13) addi    s4, a2, 1172
core   0: 1 0x0000000080005764 (0x49460a13) x20 0x00000000800044a8
core   0: 0x0000000080005768 (0x141b2573) csrrs   a0, sepc, s6
core   0: 1 0x0000000080005768 (0x141b2573) x10 0x0000000000000000 c321_sepc 0x0000000000000000
core   0: 0x000000008000576c (0x03a0583b) divuw   a6, zero, s10
core   0: 1 0x000000008000576c (0x03a0583b) x16 0x0000000000000000
core   0: 0x0000000080005770 (0xc033fed3) fcvt.lu.s t4, ft7
core   0: 1 0x0000000080005770 (0xc033fed3) c1_fflags 0x0000000000000017 x29 0xffffffffffffffff
core   0: 0x0000000080005774 (0x3036d9f3) csrrwi  s3, mideleg, 13
core   0: exception trap_illegal_instruction, epc 0x0000000080005774
core   0:           tval 0x000000003036d9f3
core   0: >>>>  $xrv64i2p1_m2p0_a2p1_f2p2_d2p2_zicsr2p0_zifencei2p0_zmmul1p0_zba1p0_zbb1p0_zbc1p0_zbs1p0
core   0: 0x0000000080004000 (0x0080006f) j       pc + 0x8
core   0: 3 0x0000000080004000 (0x0080006f)
core   0: >>>>  mmode_exception_handler
core   0: 0x0000000080004008 (0x00002c17) auipc   s8, 0x2
core   0: 3 0x0000000080004008 (0x00002c17) x24 0x0000000080006008
core   0: 0x000000008000400c (0x108c0c13) addi    s8, s8, 264
core   0: 3 0x000000008000400c (0x108c0c13) x24 0x0000000080006110
core   0: 0x0000000080004010 (0x000c00e7) jalr    s8
core   0: 3 0x0000000080004010 (0x000c00e7) x1  0x0000000080004014
core   0: >>>>  any_handler
core   0: 0x0000000080006110 (0x341027f3) csrrs   a5, mepc, zero
core   0: 3 0x0000000080006110 (0x341027f3) x15 0x0000000080005774
core   0: 0x0000000080006114 (0x34202773) csrrs   a4, mcause, zero
core   0: 3 0x0000000080006114 (0x34202773) x14 0x0000000000000002
core   0: 0x0000000080006118 (0x142026f3) csrrs   a3, scause, zero
core   0: 3 0x0000000080006118 (0x142026f3) x13 0x0000000000000014
core   0: 0x000000008000611c (0x30402673) csrrs   a2, mie, zero
core   0: 3 0x000000008000611c (0x30402673) x12 0x0000000000000a00
core   0: 0x0000000080006120 (0x344025f3) csrrs   a1, mip, zero
core   0: 3 0x0000000080006120 (0x344025f3) x11 0x0000000000000080
core   0: 0x0000000080006124 (0x343025f3) csrrs   a1, mtval, zero
core   0: 3 0x0000000080006124 (0x343025f3) x11 0x000000003036d9f3
core   0: 0x0000000080006128 (0x14302573) csrrs   a0, stval, zero
core   0: 3 0x0000000080006128 (0x14302573) x10 0x0000000000000000
core   0: 0x000000008000612c (0xb02024f3) csrrs   s1, minstret, zero
core   0: 3 0x000000008000612c (0xb02024f3) x9  0x0000000000000ff7
core   0: 0x0000000080006130 (0x0000a811) c.j     pc + 20
core   0: 3 0x0000000080006130 (0xa811)
core   0: >>>>  mepc_4
core   0: 0x0000000080006144 (0x00000791) c.addi  a5, 4
core   0: 3 0x0000000080006144 (0x0791) x15 0x0000000080005778
core   0: 0x0000000080006146 (0x34179073) csrrw   zero, mepc, a5
core   0: 3 0x0000000080006146 (0x34179073) c833_mepc 0x0000000080005778
core   0: 0x000000008000614a (0x30200073) mret
core   0: 3 0x000000008000614a (0x30200073) c768_mstatus 0x8000000a00106080
core   0: 0x0000000080005778 (0x02aed8bb) divuw   a7, t4, a0
core   0: 1 0x0000000080005778 (0x02aed8bb) x17 0xffffffffffffffff
core   0: 0x000000008000577c (0x002894f3) csrrw   s1, frm, a7
core   0: 1 0x000000008000577c (0x002894f3) x9  0x0000000000000003 c2_frm 0x0000000000000007
core   0: 0x0000000080005780 (0xe2050953) fmv.x.d s2, fa0
core   0: 1 0x0000000080005780 (0xe2050953) x18 0xc1b6401800000000
core   0: 0x0000000080005784 (0x13cb72d3) fmul.d  ft5, fs6, ft8
core   0: exception trap_illegal_instruction, epc 0x0000000080005784
core   0:           tval 0x0000000013cb72d3
core   0: >>>>  $xrv64i2p1_m2p0_a2p1_f2p2_d2p2_zicsr2p0_zifencei2p0_zmmul1p0_zba1p0_zbb1p0_zbc1p0_zbs1p0
core   0: 0x0000000080004000 (0x0080006f) j       pc + 0x8
core   0: 3 0x0000000080004000 (0x0080006f)
core   0: >>>>  mmode_exception_handler
core   0: 0x0000000080004008 (0x00002c17) auipc   s8, 0x2
core   0: 3 0x0000000080004008 (0x00002c17) x24 0x0000000080006008
core   0: 0x000000008000400c (0x108c0c13) addi    s8, s8, 264
core   0: 3 0x000000008000400c (0x108c0c13) x24 0x0000000080006110
core   0: 0x0000000080004010 (0x000c00e7) jalr    s8
core   0: 3 0x0000000080004010 (0x000c00e7) x1  0x0000000080004014
core   0: >>>>  any_handler
core   0: 0x0000000080006110 (0x341027f3) csrrs   a5, mepc, zero
core   0: 3 0x0000000080006110 (0x341027f3) x15 0x0000000080005784
core   0: 0x0000000080006114 (0x34202773) csrrs   a4, mcause, zero
core   0: 3 0x0000000080006114 (0x34202773) x14 0x0000000000000002
core   0: 0x0000000080006118 (0x142026f3) csrrs   a3, scause, zero
core   0: 3 0x0000000080006118 (0x142026f3) x13 0x0000000000000014
core   0: 0x000000008000611c (0x30402673) csrrs   a2, mie, zero
core   0: 3 0x000000008000611c (0x30402673) x12 0x0000000000000a00
core   0: 0x0000000080006120 (0x344025f3) csrrs   a1, mip, zero
core   0: 3 0x0000000080006120 (0x344025f3) x11 0x0000000000000080
core   0: 0x0000000080006124 (0x343025f3) csrrs   a1, mtval, zero
core   0: 3 0x0000000080006124 (0x343025f3) x11 0x0000000013cb72d3
core   0: 0x0000000080006128 (0x14302573) csrrs   a0, stval, zero
core   0: 3 0x0000000080006128 (0x14302573) x10 0x0000000000000000
core   0: 0x000000008000612c (0xb02024f3) csrrs   s1, minstret, zero
core   0: 3 0x000000008000612c (0xb02024f3) x9  0x000000000000100a
core   0: 0x0000000080006130 (0x0000a811) c.j     pc + 20
core   0: 3 0x0000000080006130 (0xa811)
core   0: >>>>  mepc_4
core   0: 0x0000000080006144 (0x00000791) c.addi  a5, 4
core   0: 3 0x0000000080006144 (0x0791) x15 0x0000000080005788
core   0: 0x0000000080006146 (0x34179073) csrrw   zero, mepc, a5
core   0: 3 0x0000000080006146 (0x34179073) c833_mepc 0x0000000080005788
core   0: 0x000000008000614a (0x30200073) mret
core   0: 3 0x000000008000614a (0x30200073) c768_mstatus 0x8000000a00106080
core   0: 0x0000000080005788 (0x032de033) rem     zero, s11, s2
core   0: 1 0x0000000080005788 (0x032de033)
core   0: 0x000000008000578c (0x226e0353) fsgnj.d ft6, ft8, ft6
core   0: 1 0x000000008000578c (0x226e0353) f6  0x7fffffff00000001
core   0: 0x0000000080005790 (0xc2037253) fcvt.w.d tp, ft6
core   0: exception trap_illegal_instruction, epc 0x0000000080005790
core   0:           tval 0x00000000c2037253
core   0: >>>>  $xrv64i2p1_m2p0_a2p1_f2p2_d2p2_zicsr2p0_zifencei2p0_zmmul1p0_zba1p0_zbb1p0_zbc1p0_zbs1p0
core   0: 0x0000000080004000 (0x0080006f) j       pc + 0x8
core   0: 3 0x0000000080004000 (0x0080006f)
core   0: >>>>  mmode_exception_handler
core   0: 0x0000000080004008 (0x00002c17) auipc   s8, 0x2
core   0: 3 0x0000000080004008 (0x00002c17) x24 0x0000000080006008
core   0: 0x000000008000400c (0x108c0c13) addi    s8, s8, 264
core   0: 3 0x000000008000400c (0x108c0c13) x24 0x0000000080006110
core   0: 0x0000000080004010 (0x000c00e7) jalr    s8
core   0: 3 0x0000000080004010 (0x000c00e7) x1  0x0000000080004014
core   0: >>>>  any_handler
core   0: 0x0000000080006110 (0x341027f3) csrrs   a5, mepc, zero
core   0: 3 0x0000000080006110 (0x341027f3) x15 0x0000000080005790
core   0: 0x0000000080006114 (0x34202773) csrrs   a4, mcause, zero
core   0: 3 0x0000000080006114 (0x34202773) x14 0x0000000000000002
core   0: 0x0000000080006118 (0x142026f3) csrrs   a3, scause, zero
core   0: 3 0x0000000080006118 (0x142026f3) x13 0x0000000000000014
core   0: 0x000000008000611c (0x30402673) csrrs   a2, mie, zero
core   0: 3 0x000000008000611c (0x30402673) x12 0x0000000000000a00
core   0: 0x0000000080006120 (0x344025f3) csrrs   a1, mip, zero
core   0: 3 0x0000000080006120 (0x344025f3) x11 0x0000000000000080
core   0: 0x0000000080006124 (0x343025f3) csrrs   a1, mtval, zero
core   0: 3 0x0000000080006124 (0x343025f3) x11 0x00000000c2037253
core   0: 0x0000000080006128 (0x14302573) csrrs   a0, stval, zero
core   0: 3 0x0000000080006128 (0x14302573) x10 0x0000000000000000
core   0: 0x000000008000612c (0xb02024f3) csrrs   s1, minstret, zero
core   0: 3 0x000000008000612c (0xb02024f3) x9  0x000000000000101c
core   0: 0x0000000080006130 (0x0000a811) c.j     pc + 20
core   0: 3 0x0000000080006130 (0xa811)
core   0: >>>>  mepc_4
core   0: 0x0000000080006144 (0x00000791) c.addi  a5, 4
core   0: 3 0x0000000080006144 (0x0791) x15 0x0000000080005794
core   0: 0x0000000080006146 (0x34179073) csrrw   zero, mepc, a5
core   0: 3 0x0000000080006146 (0x34179073) c833_mepc 0x0000000080005794
core   0: 0x000000008000614a (0x30200073) mret
core   0: 3 0x000000008000614a (0x30200073) c768_mstatus 0x8000000a00106080
core   0: 0x0000000080005794 (0x00000001) c.nop
core   0: 1 0x0000000080005794 (0x0001)
core   0: 0x0000000080005796 (0x006076b3) and     a3, zero, t1
core   0: 1 0x0000000080005796 (0x006076b3) x13 0x0000000000000000
core   0: 0x000000008000579a (0x02d0f33b) remuw   t1, ra, a3
core   0: 1 0x000000008000579a (0x02d0f33b) x6  0xffffffff80004014
core   0: 0x000000008000579e (0x4007d893) srai    a7, a5, 0
core   0: 1 0x000000008000579e (0x4007d893) x17 0x0000000080005794
core   0: 0x00000000800057a2 (0x40e3dd33) sra     s10, t2, a4
core   0: 1 0x00000000800057a2 (0x40e3dd33) x26 0x0000000000000000
core   0: 0x00000000800057a6 (0x002022f3) csrrs   t0, frm, zero
core   0: 1 0x00000000800057a6 (0x002022f3) x5  0x0000000000000007
core   0: 0x00000000800057aa (0x0052833b) addw    t1, t0, t0
core   0: 1 0x00000000800057aa (0x0052833b) x6  0x000000000000000e
core   0: 0x00000000800057ae (0x0266a433) mulhsu  s0, a3, t1
core   0: 1 0x00000000800057ae (0x0266a433) x8  0x0000000000000000
core   0: 0x00000000800057b2 (0xc22bf253) fcvt.l.d tp, fs7
core   0: exception trap_illegal_instruction, epc 0x00000000800057b2
core   0:           tval 0x00000000c22bf253
core   0: >>>>  $xrv64i2p1_m2p0_a2p1_f2p2_d2p2_zicsr2p0_zifencei2p0_zmmul1p0_zba1p0_zbb1p0_zbc1p0_zbs1p0
core   0: 0x0000000080004000 (0x0080006f) j       pc + 0x8
core   0: 3 0x0000000080004000 (0x0080006f)
core   0: >>>>  mmode_exception_handler
core   0: 0x0000000080004008 (0x00002c17) auipc   s8, 0x2
core   0: 3 0x0000000080004008 (0x00002c17) x24 0x0000000080006008
core   0: 0x000000008000400c (0x108c0c13) addi    s8, s8, 264
core   0: 3 0x000000008000400c (0x108c0c13) x24 0x0000000080006110
core   0: 0x0000000080004010 (0x000c00e7) jalr    s8
core   0: 3 0x0000000080004010 (0x000c00e7) x1  0x0000000080004014
core   0: >>>>  any_handler
core   0: 0x0000000080006110 (0x341027f3) csrrs   a5, mepc, zero
core   0: 3 0x0000000080006110 (0x341027f3) x15 0x00000000800057b2
core   0: 0x0000000080006114 (0x34202773) csrrs   a4, mcause, zero
core   0: 3 0x0000000080006114 (0x34202773) x14 0x0000000000000002
core   0: 0x0000000080006118 (0x142026f3) csrrs   a3, scause, zero
core   0: 3 0x0000000080006118 (0x142026f3) x13 0x0000000000000014
core   0: 0x000000008000611c (0x30402673) csrrs   a2, mie, zero
core   0: 3 0x000000008000611c (0x30402673) x12 0x0000000000000a00
core   0: 0x0000000080006120 (0x344025f3) csrrs   a1, mip, zero
core   0: 3 0x0000000080006120 (0x344025f3) x11 0x0000000000000080
core   0: 0x0000000080006124 (0x343025f3) csrrs   a1, mtval, zero
core   0: 3 0x0000000080006124 (0x343025f3) x11 0x00000000c22bf253
core   0: 0x0000000080006128 (0x14302573) csrrs   a0, stval, zero
core   0: 3 0x0000000080006128 (0x14302573) x10 0x0000000000000000
core   0: 0x000000008000612c (0xb02024f3) csrrs   s1, minstret, zero
core   0: 3 0x000000008000612c (0xb02024f3) x9  0x0000000000001034
core   0: 0x0000000080006130 (0x0000a811) c.j     pc + 20
core   0: 3 0x0000000080006130 (0xa811)
core   0: >>>>  mepc_4
core   0: 0x0000000080006144 (0x00000791) c.addi  a5, 4
core   0: 3 0x0000000080006144 (0x0791) x15 0x00000000800057b6
core   0: 0x0000000080006146 (0x34179073) csrrw   zero, mepc, a5
core   0: 3 0x0000000080006146 (0x34179073) c833_mepc 0x00000000800057b6
core   0: 0x000000008000614a (0x30200073) mret
core   0: 3 0x000000008000614a (0x30200073) c768_mstatus 0x8000000a00106080
core   0: 0x00000000800057b6 (0x12537c43) fmadd.d fs8, ft6, ft5, ft2
core   0: exception trap_illegal_instruction, epc 0x00000000800057b6
core   0:           tval 0x0000000012537c43
core   0: >>>>  $xrv64i2p1_m2p0_a2p1_f2p2_d2p2_zicsr2p0_zifencei2p0_zmmul1p0_zba1p0_zbb1p0_zbc1p0_zbs1p0
core   0: 0x0000000080004000 (0x0080006f) j       pc + 0x8
core   0: 3 0x0000000080004000 (0x0080006f)
core   0: >>>>  mmode_exception_handler
core   0: 0x0000000080004008 (0x00002c17) auipc   s8, 0x2
core   0: 3 0x0000000080004008 (0x00002c17) x24 0x0000000080006008
core   0: 0x000000008000400c (0x108c0c13) addi    s8, s8, 264
core   0: 3 0x000000008000400c (0x108c0c13) x24 0x0000000080006110
core   0: 0x0000000080004010 (0x000c00e7) jalr    s8
core   0: 3 0x0000000080004010 (0x000c00e7) x1  0x0000000080004014
core   0: >>>>  any_handler
core   0: 0x0000000080006110 (0x341027f3) csrrs   a5, mepc, zero
core   0: 3 0x0000000080006110 (0x341027f3) x15 0x00000000800057b6
core   0: 0x0000000080006114 (0x34202773) csrrs   a4, mcause, zero
core   0: 3 0x0000000080006114 (0x34202773) x14 0x0000000000000002
core   0: 0x0000000080006118 (0x142026f3) csrrs   a3, scause, zero
core   0: 3 0x0000000080006118 (0x142026f3) x13 0x0000000000000014
core   0: 0x000000008000611c (0x30402673) csrrs   a2, mie, zero
core   0: 3 0x000000008000611c (0x30402673) x12 0x0000000000000a00
core   0: 0x0000000080006120 (0x344025f3) csrrs   a1, mip, zero
core   0: 3 0x0000000080006120 (0x344025f3) x11 0x0000000000000080
core   0: 0x0000000080006124 (0x343025f3) csrrs   a1, mtval, zero
core   0: 3 0x0000000080006124 (0x343025f3) x11 0x0000000012537c43
core   0: 0x0000000080006128 (0x14302573) csrrs   a0, stval, zero
core   0: 3 0x0000000080006128 (0x14302573) x10 0x0000000000000000
core   0: 0x000000008000612c (0xb02024f3) csrrs   s1, minstret, zero
core   0: 3 0x000000008000612c (0xb02024f3) x9  0x0000000000001044
core   0: 0x0000000080006130 (0x0000a811) c.j     pc + 20
core   0: 3 0x0000000080006130 (0xa811)
core   0: >>>>  mepc_4
core   0: 0x0000000080006144 (0x00000791) c.addi  a5, 4
core   0: 3 0x0000000080006144 (0x0791) x15 0x00000000800057ba
core   0: 0x0000000080006146 (0x34179073) csrrw   zero, mepc, a5
core   0: 3 0x0000000080006146 (0x34179073) c833_mepc 0x00000000800057ba
core   0: 0x000000008000614a (0x30200073) mret
core   0: 3 0x000000008000614a (0x30200073) c768_mstatus 0x8000000a00106080
core   0: 0x00000000800057ba (0x136bf4d3) fmul.d  fs1, fs7, fs6
core   0: exception trap_illegal_instruction, epc 0x00000000800057ba
core   0:           tval 0x00000000136bf4d3
core   0: >>>>  $xrv64i2p1_m2p0_a2p1_f2p2_d2p2_zicsr2p0_zifencei2p0_zmmul1p0_zba1p0_zbb1p0_zbc1p0_zbs1p0
core   0: 0x0000000080004000 (0x0080006f) j       pc + 0x8
core   0: 3 0x0000000080004000 (0x0080006f)
core   0: >>>>  mmode_exception_handler
core   0: 0x0000000080004008 (0x00002c17) auipc   s8, 0x2
core   0: 3 0x0000000080004008 (0x00002c17) x24 0x0000000080006008
core   0: 0x000000008000400c (0x108c0c13) addi    s8, s8, 264
core   0: 3 0x000000008000400c (0x108c0c13) x24 0x0000000080006110
core   0: 0x0000000080004010 (0x000c00e7) jalr    s8
core   0: 3 0x0000000080004010 (0x000c00e7) x1  0x0000000080004014
core   0: >>>>  any_handler
core   0: 0x0000000080006110 (0x341027f3) csrrs   a5, mepc, zero
core   0: 3 0x0000000080006110 (0x341027f3) x15 0x00000000800057ba
core   0: 0x0000000080006114 (0x34202773) csrrs   a4, mcause, zero
core   0: 3 0x0000000080006114 (0x34202773) x14 0x0000000000000002
core   0: 0x0000000080006118 (0x142026f3) csrrs   a3, scause, zero
core   0: 3 0x0000000080006118 (0x142026f3) x13 0x0000000000000014
core   0: 0x000000008000611c (0x30402673) csrrs   a2, mie, zero
core   0: 3 0x000000008000611c (0x30402673) x12 0x0000000000000a00
core   0: 0x0000000080006120 (0x344025f3) csrrs   a1, mip, zero
core   0: 3 0x0000000080006120 (0x344025f3) x11 0x0000000000000080
core   0: 0x0000000080006124 (0x343025f3) csrrs   a1, mtval, zero
core   0: 3 0x0000000080006124 (0x343025f3) x11 0x00000000136bf4d3
core   0: 0x0000000080006128 (0x14302573) csrrs   a0, stval, zero
core   0: 3 0x0000000080006128 (0x14302573) x10 0x0000000000000000
core   0: 0x000000008000612c (0xb02024f3) csrrs   s1, minstret, zero
core   0: 3 0x000000008000612c (0xb02024f3) x9  0x0000000000001054
core   0: 0x0000000080006130 (0x0000a811) c.j     pc + 20
core   0: 3 0x0000000080006130 (0xa811)
core   0: >>>>  mepc_4
core   0: 0x0000000080006144 (0x00000791) c.addi  a5, 4
core   0: 3 0x0000000080006144 (0x0791) x15 0x00000000800057be
core   0: 0x0000000080006146 (0x34179073) csrrw   zero, mepc, a5
core   0: 3 0x0000000080006146 (0x34179073) c833_mepc 0x00000000800057be
core   0: 0x000000008000614a (0x30200073) mret
core   0: 3 0x000000008000614a (0x30200073) c768_mstatus 0x8000000a00106080
core   0: 0x00000000800057be (0x22181f53) fsgnjn.d ft10, fa6, ft1
core   0: 1 0x00000000800057be (0x22181f53) f30 0xc0af380000000000
core   0: 0x00000000800057c2 (0xd350facf) fnmadd.d fs5, ft1, fs5, fs10
core   0: exception trap_illegal_instruction, epc 0x00000000800057c2
core   0:           tval 0x00000000d350facf
core   0: >>>>  $xrv64i2p1_m2p0_a2p1_f2p2_d2p2_zicsr2p0_zifencei2p0_zmmul1p0_zba1p0_zbb1p0_zbc1p0_zbs1p0
core   0: 0x0000000080004000 (0x0080006f) j       pc + 0x8
core   0: 3 0x0000000080004000 (0x0080006f)
core   0: >>>>  mmode_exception_handler
core   0: 0x0000000080004008 (0x00002c17) auipc   s8, 0x2
core   0: 3 0x0000000080004008 (0x00002c17) x24 0x0000000080006008
core   0: 0x000000008000400c (0x108c0c13) addi    s8, s8, 264
core   0: 3 0x000000008000400c (0x108c0c13) x24 0x0000000080006110
core   0: 0x0000000080004010 (0x000c00e7) jalr    s8
core   0: 3 0x0000000080004010 (0x000c00e7) x1  0x0000000080004014
core   0: >>>>  any_handler
core   0: 0x0000000080006110 (0x341027f3) csrrs   a5, mepc, zero
core   0: 3 0x0000000080006110 (0x341027f3) x15 0x00000000800057c2
core   0: 0x0000000080006114 (0x34202773) csrrs   a4, mcause, zero
core   0: 3 0x0000000080006114 (0x34202773) x14 0x0000000000000002
core   0: 0x0000000080006118 (0x142026f3) csrrs   a3, scause, zero
core   0: 3 0x0000000080006118 (0x142026f3) x13 0x0000000000000014
core   0: 0x000000008000611c (0x30402673) csrrs   a2, mie, zero
core   0: 3 0x000000008000611c (0x30402673) x12 0x0000000000000a00
core   0: 0x0000000080006120 (0x344025f3) csrrs   a1, mip, zero
core   0: 3 0x0000000080006120 (0x344025f3) x11 0x0000000000000080
core   0: 0x0000000080006124 (0x343025f3) csrrs   a1, mtval, zero
core   0: 3 0x0000000080006124 (0x343025f3) x11 0x00000000d350facf
core   0: 0x0000000080006128 (0x14302573) csrrs   a0, stval, zero
core   0: 3 0x0000000080006128 (0x14302573) x10 0x0000000000000000
core   0: 0x000000008000612c (0xb02024f3) csrrs   s1, minstret, zero
core   0: 3 0x000000008000612c (0xb02024f3) x9  0x0000000000001065
core   0: 0x0000000080006130 (0x0000a811) c.j     pc + 20
core   0: 3 0x0000000080006130 (0xa811)
core   0: >>>>  mepc_4
core   0: 0x0000000080006144 (0x00000791) c.addi  a5, 4
core   0: 3 0x0000000080006144 (0x0791) x15 0x00000000800057c6
core   0: 0x0000000080006146 (0x34179073) csrrw   zero, mepc, a5
core   0: 3 0x0000000080006146 (0x34179073) c833_mepc 0x00000000800057c6
core   0: 0x000000008000614a (0x30200073) mret
core   0: 3 0x000000008000614a (0x30200073) c768_mstatus 0x8000000a00106080
core   0: 0x00000000800057c6 (0x00844633) xor     a2, s0, s0
core   0: 1 0x00000000800057c6 (0x00844633) x12 0x0000000000000000
core   0: 0x00000000800057ca (0x40b588b3) sub     a7, a1, a1
core   0: 1 0x00000000800057ca (0x40b588b3) x17 0x0000000000000000
core   0: 0x00000000800057ce (0xc015abf3) csrrs   s7, time, a1
core   0: exception trap_illegal_instruction, epc 0x00000000800057ce
core   0:           tval 0x00000000c015abf3
core   0: >>>>  $xrv64i2p1_m2p0_a2p1_f2p2_d2p2_zicsr2p0_zifencei2p0_zmmul1p0_zba1p0_zbb1p0_zbc1p0_zbs1p0
core   0: 0x0000000080004000 (0x0080006f) j       pc + 0x8
core   0: 3 0x0000000080004000 (0x0080006f)
core   0: >>>>  mmode_exception_handler
core   0: 0x0000000080004008 (0x00002c17) auipc   s8, 0x2
core   0: 3 0x0000000080004008 (0x00002c17) x24 0x0000000080006008
core   0: 0x000000008000400c (0x108c0c13) addi    s8, s8, 264
core   0: 3 0x000000008000400c (0x108c0c13) x24 0x0000000080006110
core   0: 0x0000000080004010 (0x000c00e7) jalr    s8
core   0: 3 0x0000000080004010 (0x000c00e7) x1  0x0000000080004014
core   0: >>>>  any_handler
core   0: 0x0000000080006110 (0x341027f3) csrrs   a5, mepc, zero
core   0: 3 0x0000000080006110 (0x341027f3) x15 0x00000000800057ce
core   0: 0x0000000080006114 (0x34202773) csrrs   a4, mcause, zero
core   0: 3 0x0000000080006114 (0x34202773) x14 0x0000000000000002
core   0: 0x0000000080006118 (0x142026f3) csrrs   a3, scause, zero
core   0: 3 0x0000000080006118 (0x142026f3) x13 0x0000000000000014
core   0: 0x000000008000611c (0x30402673) csrrs   a2, mie, zero
core   0: 3 0x000000008000611c (0x30402673) x12 0x0000000000000a00
core   0: 0x0000000080006120 (0x344025f3) csrrs   a1, mip, zero
core   0: 3 0x0000000080006120 (0x344025f3) x11 0x0000000000000080
core   0: 0x0000000080006124 (0x343025f3) csrrs   a1, mtval, zero
core   0: 3 0x0000000080006124 (0x343025f3) x11 0x00000000c015abf3
core   0: 0x0000000080006128 (0x14302573) csrrs   a0, stval, zero
core   0: 3 0x0000000080006128 (0x14302573) x10 0x0000000000000000
core   0: 0x000000008000612c (0xb02024f3) csrrs   s1, minstret, zero
core   0: 3 0x000000008000612c (0xb02024f3) x9  0x0000000000001077
core   0: 0x0000000080006130 (0x0000a811) c.j     pc + 20
core   0: 3 0x0000000080006130 (0xa811)
core   0: >>>>  mepc_4
core   0: 0x0000000080006144 (0x00000791) c.addi  a5, 4
core   0: 3 0x0000000080006144 (0x0791) x15 0x00000000800057d2
core   0: 0x0000000080006146 (0x34179073) csrrw   zero, mepc, a5
core   0: 3 0x0000000080006146 (0x34179073) c833_mepc 0x00000000800057d2
core   0: 0x000000008000614a (0x30200073) mret
core   0: 3 0x000000008000614a (0x30200073) c768_mstatus 0x8000000a00106080
core   0: 0x00000000800057d2 (0x41968133) sub     sp, a3, s9
core   0: 1 0x00000000800057d2 (0x41968133) x2  0xffffffffa0c2d014
core   0: 0x00000000800057d6 (0xfe32d337) lui     t1, 0xfe32d
core   0: 1 0x00000000800057d6 (0xfe32d337) x6  0xfffffffffe32d000
core   0: 0x00000000800057da (0x023efed3) fadd.d  ft9, ft9, ft3
core   0: exception trap_illegal_instruction, epc 0x00000000800057da
core   0:           tval 0x00000000023efed3
core   0: >>>>  $xrv64i2p1_m2p0_a2p1_f2p2_d2p2_zicsr2p0_zifencei2p0_zmmul1p0_zba1p0_zbb1p0_zbc1p0_zbs1p0
core   0: 0x0000000080004000 (0x0080006f) j       pc + 0x8
core   0: 3 0x0000000080004000 (0x0080006f)
core   0: >>>>  mmode_exception_handler
core   0: 0x0000000080004008 (0x00002c17) auipc   s8, 0x2
core   0: 3 0x0000000080004008 (0x00002c17) x24 0x0000000080006008
core   0: 0x000000008000400c (0x108c0c13) addi    s8, s8, 264
core   0: 3 0x000000008000400c (0x108c0c13) x24 0x0000000080006110
core   0: 0x0000000080004010 (0x000c00e7) jalr    s8
core   0: 3 0x0000000080004010 (0x000c00e7) x1  0x0000000080004014
core   0: >>>>  any_handler
core   0: 0x0000000080006110 (0x341027f3) csrrs   a5, mepc, zero
core   0: 3 0x0000000080006110 (0x341027f3) x15 0x00000000800057da
core   0: 0x0000000080006114 (0x34202773) csrrs   a4, mcause, zero
core   0: 3 0x0000000080006114 (0x34202773) x14 0x0000000000000002
core   0: 0x0000000080006118 (0x142026f3) csrrs   a3, scause, zero
core   0: 3 0x0000000080006118 (0x142026f3) x13 0x0000000000000014
core   0: 0x000000008000611c (0x30402673) csrrs   a2, mie, zero
core   0: 3 0x000000008000611c (0x30402673) x12 0x0000000000000a00
core   0: 0x0000000080006120 (0x344025f3) csrrs   a1, mip, zero
core   0: 3 0x0000000080006120 (0x344025f3) x11 0x0000000000000080
core   0: 0x0000000080006124 (0x343025f3) csrrs   a1, mtval, zero
core   0: 3 0x0000000080006124 (0x343025f3) x11 0x00000000023efed3
core   0: 0x0000000080006128 (0x14302573) csrrs   a0, stval, zero
core   0: 3 0x0000000080006128 (0x14302573) x10 0x0000000000000000
core   0: 0x000000008000612c (0xb02024f3) csrrs   s1, minstret, zero
core   0: 3 0x000000008000612c (0xb02024f3) x9  0x0000000000001089
core   0: 0x0000000080006130 (0x0000a811) c.j     pc + 20
core   0: 3 0x0000000080006130 (0xa811)
core   0: >>>>  mepc_4
core   0: 0x0000000080006144 (0x00000791) c.addi  a5, 4
core   0: 3 0x0000000080006144 (0x0791) x15 0x00000000800057de
core   0: 0x0000000080006146 (0x34179073) csrrw   zero, mepc, a5
core   0: 3 0x0000000080006146 (0x34179073) c833_mepc 0x00000000800057de
core   0: 0x000000008000614a (0x30200073) mret
core   0: 3 0x000000008000614a (0x30200073) c768_mstatus 0x8000000a00106080
core   0: 0x00000000800057de (0x00000001) c.nop
core   0: 1 0x00000000800057de (0x0001)
core   0: 0x00000000800057e0 (0x40865d93) srai    s11, a2, 8
core   0: 1 0x00000000800057e0 (0x40865d93) x27 0x000000000000000a
core   0: 0x00000000800057e4 (0x00251373) csrrw   t1, frm, a0
core   0: 1 0x00000000800057e4 (0x00251373) x6  0x0000000000000007 c2_frm 0x0000000000000000
core   0: 0x00000000800057e8 (0x0264043b) mulw    s0, s0, t1
core   0: 1 0x00000000800057e8 (0x0264043b) x8  0x0000000000000000
core   0: 0x00000000800057ec (0x002025f3) csrrs   a1, frm, zero
core   0: 1 0x00000000800057ec (0x002025f3) x11 0x0000000000000000
core   0: 0x00000000800057f0 (0xd025f2d3) fcvt.s.l ft5, a1
core   0: 1 0x00000000800057f0 (0xd025f2d3) f5  0xffffffff00000000
core   0: 0x00000000800057f4 (0x01dea033) slt     zero, t4, t4
core   0: 1 0x00000000800057f4 (0x01dea033)
core   0: 0x00000000800057f8 (0xc23af953) fcvt.lu.d s2, fs5
core   0: 1 0x00000000800057f8 (0xc23af953) c1_fflags 0x0000000000000017 x18 0xffffffffffffffff
core   0: 0x00000000800057fc (0x03743cb3) mulhu   s9, s0, s7
core   0: 1 0x00000000800057fc (0x03743cb3) x25 0x0000000000000000
core   0: 0x0000000080005800 (0x22359d53) fsgnjn.d fs10, fa1, ft3
core   0: 1 0x0000000080005800 (0x22359d53) f26 0x8000000000000000
core   0: 0x0000000080005804 (0x0190503b) srlw    zero, zero, s9
core   0: 1 0x0000000080005804 (0x0190503b)
core   0: 0x0000000080005808 (0x029b7d53) fadd.d  fs10, fs6, fs1
core   0: 1 0x0000000080005808 (0x029b7d53) f26 0x4008000000000000
core   0: 0x000000008000580c (0xc214f453) fcvt.wu.d s0, fs1
core   0: 1 0x000000008000580c (0xc214f453) x8  0x0000000000000003
core   0: 0x0000000080005810 (0x01e4121b) slliw   tp, s0, 30
core   0: 1 0x0000000080005810 (0x01e4121b) x4  0xffffffffc0000000
core   0: 0x0000000080005814 (0x017490b3) sll     ra, s1, s7
core   0: 1 0x0000000080005814 (0x017490b3) x1  0x0004224000000000
core   0: 0x0000000080005818 (0x00000001) c.nop
core   0: 1 0x0000000080005818 (0x0001)
core   0: 0x000000008000581a (0x00360b33) add     s6, a2, gp
core   0: 1 0x000000008000581a (0x00360b33) x22 0x0000000000000a00
core   0: 0x000000008000581e (0x3f367893) andi    a7, a2, 1011
core   0: 1 0x000000008000581e (0x3f367893) x17 0x0000000000000200
core   0: 0x0000000080005822 (0x02c4413b) divw    sp, s0, a2
core   0: 1 0x0000000080005822 (0x02c4413b) x2  0x0000000000000000
core   0: 0x0000000080005826 (0x402b0abb) subw    s5, s6, sp
core   0: 1 0x0000000080005826 (0x402b0abb) x21 0x0000000000000a00
core   0: 0x000000008000582a (0x044ac913) xori    s2, s5, 68
core   0: 1 0x000000008000582a (0x044ac913) x18 0x0000000000000a44
core   0: 0x000000008000582e (0x32005673) csrrwi  a2, mcountinhibit, 0
core   0: exception trap_illegal_instruction, epc 0x000000008000582e
core   0:           tval 0x0000000032005673
core   0: >>>>  $xrv64i2p1_m2p0_a2p1_f2p2_d2p2_zicsr2p0_zifencei2p0_zmmul1p0_zba1p0_zbb1p0_zbc1p0_zbs1p0
core   0: 0x0000000080004000 (0x0080006f) j       pc + 0x8
core   0: 3 0x0000000080004000 (0x0080006f)
core   0: >>>>  mmode_exception_handler
core   0: 0x0000000080004008 (0x00002c17) auipc   s8, 0x2
core   0: 3 0x0000000080004008 (0x00002c17) x24 0x0000000080006008
core   0: 0x000000008000400c (0x108c0c13) addi    s8, s8, 264
core   0: 3 0x000000008000400c (0x108c0c13) x24 0x0000000080006110
core   0: 0x0000000080004010 (0x000c00e7) jalr    s8
core   0: 3 0x0000000080004010 (0x000c00e7) x1  0x0000000080004014
core   0: >>>>  any_handler
core   0: 0x0000000080006110 (0x341027f3) csrrs   a5, mepc, zero
core   0: 3 0x0000000080006110 (0x341027f3) x15 0x000000008000582e
core   0: 0x0000000080006114 (0x34202773) csrrs   a4, mcause, zero
core   0: 3 0x0000000080006114 (0x34202773) x14 0x0000000000000002
core   0: 0x0000000080006118 (0x142026f3) csrrs   a3, scause, zero
core   0: 3 0x0000000080006118 (0x142026f3) x13 0x0000000000000014
core   0: 0x000000008000611c (0x30402673) csrrs   a2, mie, zero
core   0: 3 0x000000008000611c (0x30402673) x12 0x0000000000000a00
core   0: 0x0000000080006120 (0x344025f3) csrrs   a1, mip, zero
core   0: 3 0x0000000080006120 (0x344025f3) x11 0x0000000000000080
core   0: 0x0000000080006124 (0x343025f3) csrrs   a1, mtval, zero
core   0: 3 0x0000000080006124 (0x343025f3) x11 0x0000000032005673
core   0: 0x0000000080006128 (0x14302573) csrrs   a0, stval, zero
core   0: 3 0x0000000080006128 (0x14302573) x10 0x0000000000000000
core   0: 0x000000008000612c (0xb02024f3) csrrs   s1, minstret, zero
core   0: 3 0x000000008000612c (0xb02024f3) x9  0x00000000000010ae
core   0: 0x0000000080006130 (0x0000a811) c.j     pc + 20
core   0: 3 0x0000000080006130 (0xa811)
core   0: >>>>  mepc_4
core   0: 0x0000000080006144 (0x00000791) c.addi  a5, 4
core   0: 3 0x0000000080006144 (0x0791) x15 0x0000000080005832
core   0: 0x0000000080006146 (0x34179073) csrrw   zero, mepc, a5
core   0: 3 0x0000000080006146 (0x34179073) c833_mepc 0x0000000080005832
core   0: 0x000000008000614a (0x30200073) mret
core   0: 3 0x000000008000614a (0x30200073) c768_mstatus 0x8000000a00106080
core   0: 0x0000000080005832 (0x12fd70d3) fmul.d  ft1, fs10, fa5
core   0: 1 0x0000000080005832 (0x12fd70d3) f1  0x7ff8000000000000
core   0: 0x0000000080005836 (0x0a18f8d3) fsub.d  fa7, fa7, ft1
core   0: 1 0x0000000080005836 (0x0a18f8d3) f17 0x7ff8000000000000
core   0: 0x000000008000583a (0x000ad69b) srliw   a3, s5, 0
core   0: 1 0x000000008000583a (0x000ad69b) x13 0x0000000000000a00
core   0: 0x000000008000583e (0x00169213) slli    tp, a3, 1
core   0: 1 0x000000008000583e (0x00169213) x4  0x0000000000001400
core   0: 0x0000000080005842 (0x000e5cb3) srl     s9, t3, zero
core   0: 1 0x0000000080005842 (0x000e5cb3) x25 0x0000000000000000
core   0: 0x0000000080005846 (0x41ce579b) sraiw   a5, t3, 28
core   0: 1 0x0000000080005846 (0x41ce579b) x15 0x0000000000000000
core   0: 0x000000008000584a (0xd21b83d3) fcvt.d.wu ft7, s7
core   0: 1 0x000000008000584a (0xd21b83d3) f7  0x40be260000000000
core   0: 0x000000008000584e (0xd73a8713) addi    a4, s5, -653
core   0: 1 0x000000008000584e (0xd73a8713) x14 0x0000000000000773
core   0: 0x0000000080005852 (0x40bd87b3) sub     a5, s11, a1
core   0: 1 0x0000000080005852 (0x40bd87b3) x15 0xffffffffcdffa997
core   0: 0x0000000080005856 (0x41dedebb) sraw    t4, t4, t4
core   0: 1 0x0000000080005856 (0x41dedebb) x29 0xffffffffffffffff
core   0: 0x000000008000585a (0x031506b3) mul     a3, a0, a7
core   0: 1 0x000000008000585a (0x031506b3) x13 0x0000000000000000
core   0: 0x000000008000585e (0x00a3c3b3) xor     t2, t2, a0
core   0: 1 0x000000008000585e (0x00a3c3b3) x7  0x0000000000000000
core   0: 0x0000000080005862 (0xf2048853) fmv.d.x fa6, s1
core   0: 1 0x0000000080005862 (0xf2048853) f16 0x00000000000010ae
core   0: 0x0000000080005866 (0x010b5b3b) srlw    s6, s6, a6
core   0: 1 0x0000000080005866 (0x010b5b3b) x22 0x0000000000000a00
core   0: 0x000000008000586a (0xb34f76cf) fnmadd.d fa3, ft10, fs4, fs6
core   0: 1 0x000000008000586a (0xb34f76cf) f13 0x40af380000000000
core   0: 0x000000008000586e (0x43067cc7) fmsub.d fs9, fa2, fa6, fs0
core   0: 1 0x000000008000586e (0x43067cc7) f25 0x7ff8000000000000
core   0: 0x0000000080005872 (0x00cb55bb) srlw    a1, s6, a2
core   0: 1 0x0000000080005872 (0x00cb55bb) x11 0x0000000000000a00
core   0: 0x0000000080005876 (0xd2170253) fcvt.d.wu ft4, a4
core   0: 1 0x0000000080005876 (0xd2170253) f4  0x409dcc0000000000
core   0: 0x000000008000587a (0x001c1d1b) slliw   s10, s8, 1
core   0: 1 0x000000008000587a (0x001c1d1b) x26 0x000000000000c220
core   0: 0x000000008000587e (0x6346764b) fnmsub.d fa2, fa2, fs4, fa2
core   0: 1 0x000000008000587e (0x6346764b) f12 0x7ff8000000000000
core   0: 0x0000000080005882 (0x40068bbb) subw    s7, a3, zero
core   0: 1 0x0000000080005882 (0x40068bbb) x23 0x0000000000000000
core   0: 0x0000000080005886 (0x02246433) rem     s0, s0, sp
core   0: 1 0x0000000080005886 (0x02246433) x8  0x0000000000000003
core   0: 0x000000008000588a (0x00091d9b) slliw   s11, s2, 0
core   0: 1 0x000000008000588a (0x00091d9b) x27 0x0000000000000a44
core   0: 0x000000008000588e (0xcbd473cf) fnmadd.d ft7, fs0, ft9, fs9
core   0: 1 0x000000008000588e (0xcbd473cf) f7  0x7ff8000000000000
core   0: 0x0000000080005892 (0x1b91f453) fdiv.d  fs0, ft3, fs9
core   0: 1 0x0000000080005892 (0x1b91f453) f8  0x7ff8000000000000
core   0: 0x0000000080005896 (0x003d80b3) add     ra, s11, gp
core   0: 1 0x0000000080005896 (0x003d80b3) x1  0x0000000000000a44
core   0: 0x000000008000589a (0x00b072b3) and     t0, zero, a1
core   0: 1 0x000000008000589a (0x00b072b3) x5  0x0000000000000000
core   0: 0x000000008000589e (0x01bcddb3) srl     s11, s9, s11
core   0: 1 0x000000008000589e (0x01bcddb3) x27 0x0000000000000000
core   0: 0x00000000800058a2 (0x007b5a3b) srlw    s4, s6, t2
core   0: 1 0x00000000800058a2 (0x007b5a3b) x20 0x0000000000000a00
core   0: 0x00000000800058a6 (0x420404d3) fcvt.d.s fs1, fs0
core   0: 1 0x00000000800058a6 (0x420404d3) f9  0x7ff8000000000000
core   0: 0x00000000800058aa (0x3b2af3cf) fnmadd.d ft7, fs5, fs2, ft7
core   0: 1 0x00000000800058aa (0x3b2af3cf) f7  0x7ff8000000000000
core   0: 0x00000000800058ae (0x0166581b) srliw   a6, a2, 22
core   0: 1 0x00000000800058ae (0x0166581b) x16 0x0000000000000000
core   0: 0x00000000800058b2 (0xd2010353) fcvt.d.w ft6, sp
core   0: 1 0x00000000800058b2 (0xd2010353) f6  0x0000000000000000
core   0: 0x00000000800058b6 (0x01255213) srli    tp, a0, 18
core   0: 1 0x00000000800058b6 (0x01255213) x4  0x0000000000000000
core   0: 0x00000000800058ba (0xc23bf353) fcvt.lu.d t1, fs7
core   0: 1 0x00000000800058ba (0xc23bf353) c1_fflags 0x0000000000000017 x6  0xffffffffffffffff
core   0: 0x00000000800058be (0x106db073) csrrc   zero, scounteren, s11
core   0: 1 0x00000000800058be (0x106db073) c262_scounteren 0x0000000000000000
core   0: 0x00000000800058c2 (0x000dd113) srli    sp, s11, 0
core   0: 1 0x00000000800058c2 (0x000dd113) x2  0x0000000000000000
core   0: 0x00000000800058c6 (0x04b0ac17) auipc   s8, 0x4b0a
core   0: 1 0x00000000800058c6 (0x04b0ac17) x24 0x0000000084b0f8c6
core   0: 0x00000000800058ca (0x13ff7bd3) fmul.d  fs7, ft10, ft11
core   0: 1 0x00000000800058ca (0x13ff7bd3) f23 0xc2883b996d37e000
core   0: 0x00000000800058ce (0xb52c0e1b) addiw   t3, s8, -1198
core   0: 1 0x00000000800058ce (0xb52c0e1b) x28 0xffffffff84b0f418
core   0: 0x00000000800058d2 (0xbab6f5cf) fnmadd.d fa1, fa3, fa1, fs7
core   0: 1 0x00000000800058d2 (0xbab6f5cf) f11 0x42883b996d37e000
core   0: 0x00000000800058d6 (0x401ffed3) fcvt.s.d ft9, ft11
core   0: 1 0x00000000800058d6 (0x401ffed3) c1_fflags 0x0000000000000017 f29 0xffffffff4e46b6c2
core   0: 0x00000000800058da (0x0007d79b) srliw   a5, a5, 0
core   0: 1 0x00000000800058da (0x0007d79b) x15 0xffffffffcdffa997
core   0: 0x00000000800058de (0x02b888bb) mulw    a7, a7, a1
core   0: 1 0x00000000800058de (0x02b888bb) x17 0x0000000000140000
core   0: 0x00000000800058e2 (0x130ef753) fmul.d  fa4, ft9, fa6
core   0: 1 0x00000000800058e2 (0x130ef753) f14 0x7ff8000000000000
core   0: 0x00000000800058e6 (0x001e9c73) csrrw   s8, fflags, t4
core   0: 1 0x00000000800058e6 (0x001e9c73) x24 0x0000000000000017 c1_fflags 0x000000000000001f
core   0: 0x00000000800058ea (0x236b0253) fsgnj.d ft4, fs6, fs6
core   0: 1 0x00000000800058ea (0x236b0253) f4  0x0000000000000000
core   0: 0x00000000800058ee (0xd02c7953) fcvt.s.l fs2, s8
core   0: 1 0x00000000800058ee (0xd02c7953) f18 0xffffffff41b80000
core   0: 0x00000000800058f2 (0x0190d1bb) srlw    gp, ra, s9
core   0: 1 0x00000000800058f2 (0x0190d1bb) x3  0x0000000000000a44
core   0: 0x00000000800058f6 (0xc2027153) fcvt.w.d sp, ft4
core   0: 1 0x00000000800058f6 (0xc2027153) x2  0x0000000000000000
core   0: 0x00000000800058fa (0x02249e93) slli    t4, s1, 34
core   0: 1 0x00000000800058fa (0x02249e93) x29 0x000042b800000000
core   0: 0x00000000800058fe (0x0014da1b) srliw   s4, s1, 1
core   0: 1 0x00000000800058fe (0x0014da1b) x20 0x0000000000000857
core   0: 0x0000000080005902 (0x000ef913) andi    s2, t4, 0
core   0: 1 0x0000000080005902 (0x000ef913) x18 0x0000000000000000
core   0: 0x0000000080005906 (0xc81ff2f3) csrrci  t0, timeh, 31
core   0: exception trap_illegal_instruction, epc 0x0000000080005906
core   0:           tval 0x00000000c81ff2f3
core   0: >>>>  $xrv64i2p1_m2p0_a2p1_f2p2_d2p2_zicsr2p0_zifencei2p0_zmmul1p0_zba1p0_zbb1p0_zbc1p0_zbs1p0
core   0: 0x0000000080004000 (0x0080006f) j       pc + 0x8
core   0: 3 0x0000000080004000 (0x0080006f)
core   0: >>>>  mmode_exception_handler
core   0: 0x0000000080004008 (0x00002c17) auipc   s8, 0x2
core   0: 3 0x0000000080004008 (0x00002c17) x24 0x0000000080006008
core   0: 0x000000008000400c (0x108c0c13) addi    s8, s8, 264
core   0: 3 0x000000008000400c (0x108c0c13) x24 0x0000000080006110
core   0: 0x0000000080004010 (0x000c00e7) jalr    s8
core   0: 3 0x0000000080004010 (0x000c00e7) x1  0x0000000080004014
core   0: >>>>  any_handler
core   0: 0x0000000080006110 (0x341027f3) csrrs   a5, mepc, zero
core   0: 3 0x0000000080006110 (0x341027f3) x15 0x0000000080005906
core   0: 0x0000000080006114 (0x34202773) csrrs   a4, mcause, zero
core   0: 3 0x0000000080006114 (0x34202773) x14 0x0000000000000002
core   0: 0x0000000080006118 (0x142026f3) csrrs   a3, scause, zero
core   0: 3 0x0000000080006118 (0x142026f3) x13 0x0000000000000014
core   0: 0x000000008000611c (0x30402673) csrrs   a2, mie, zero
core   0: 3 0x000000008000611c (0x30402673) x12 0x0000000000000a00
core   0: 0x0000000080006120 (0x344025f3) csrrs   a1, mip, zero
core   0: 3 0x0000000080006120 (0x344025f3) x11 0x0000000000000080
core   0: 0x0000000080006124 (0x343025f3) csrrs   a1, mtval, zero
core   0: 3 0x0000000080006124 (0x343025f3) x11 0x00000000c81ff2f3
core   0: 0x0000000080006128 (0x14302573) csrrs   a0, stval, zero
core   0: 3 0x0000000080006128 (0x14302573) x10 0x0000000000000000
core   0: 0x000000008000612c (0xb02024f3) csrrs   s1, minstret, zero
core   0: 3 0x000000008000612c (0xb02024f3) x9  0x00000000000010f3
core   0: 0x0000000080006130 (0x0000a811) c.j     pc + 20
core   0: 3 0x0000000080006130 (0xa811)
core   0: >>>>  mepc_4
core   0: 0x0000000080006144 (0x00000791) c.addi  a5, 4
core   0: 3 0x0000000080006144 (0x0791) x15 0x000000008000590a
core   0: 0x0000000080006146 (0x34179073) csrrw   zero, mepc, a5
core   0: 3 0x0000000080006146 (0x34179073) c833_mepc 0x000000008000590a
core   0: 0x000000008000614a (0x30200073) mret
core   0: 3 0x000000008000614a (0x30200073) c768_mstatus 0x8000000a00106080
core   0: 0x000000008000590a (0x4007d49b) sraiw   s1, a5, 0
core   0: 1 0x000000008000590a (0x4007d49b) x9  0xffffffff8000590a
core   0: 0x000000008000590e (0xcdacf797) auipc   a5, 0xcdacf
core   0: 1 0x000000008000590e (0xcdacf797) x15 0x000000004dad490e
core   0: 0x0000000080005912 (0x00e8d13b) srlw    sp, a7, a4
core   0: 1 0x0000000080005912 (0x00e8d13b) x2  0x0000000000050000
core   0: 0x0000000080005916 (0x00000001) c.nop
core   0: 1 0x0000000080005916 (0x0001)
core   0: 0x0000000080005918 (0x00102573) csrrs   a0, fflags, zero
core   0: 1 0x0000000080005918 (0x00102573) x10 0x000000000000001f
core   0: 0x000000008000591c (0x01d20933) add     s2, tp, t4
core   0: 1 0x000000008000591c (0x01d20933) x18 0x000042b800000000
core   0: 0x0000000080005920 (0x002916f3) csrrw   a3, frm, s2
core   0: 1 0x0000000080005920 (0x002916f3) x13 0x0000000000000000 c2_frm 0x0000000000000000
core   0: 0x0000000080005924 (0x001c1c73) csrrw   s8, fflags, s8
core   0: 1 0x0000000080005924 (0x001c1c73) x24 0x000000000000001f c1_fflags 0x0000000000000010
core   0: 0x0000000080005928 (0x00218ab7) lui     s5, 0x218
core   0: 1 0x0000000080005928 (0x00218ab7) x21 0x0000000000218000
core   0: 0x000000008000592c (0x59da8a9b) addiw   s5, s5, 1437
core   0: 1 0x000000008000592c (0x59da8a9b) x21 0x000000000021859d
core   0: 0x0000000080005930 (0x00000aba) c.slli  s5, 14
core   0: 1 0x0000000080005930 (0x0aba) x21 0x0000000861674000
core   0: 0x0000000080005932 (0x788a8a93) addi    s5, s5, 1928
core   0: 1 0x0000000080005932 (0x788a8a93) x21 0x0000000861674788
core   0: 0x0000000080005936 (0xc0347953) fcvt.lu.s s2, fs0
core   0: 1 0x0000000080005936 (0xc0347953) c1_fflags 0x0000000000000010 x18 0xffffffffffffffff
core   0: 0x000000008000593a (0x1440d8f3) csrrwi  a7, sip, 1
core   0: 1 0x000000008000593a (0x1440d8f3) x17 0x0000000000000000 c836_mip 0x0000000000000080
core   0: 0x000000008000593e (0xc0277053) fcvt.l.s zero, fa4
core   0: 1 0x000000008000593e (0xc0277053) c1_fflags 0x0000000000000010
core   0: 0x0000000080005942 (0x001e91f3) csrrw   gp, fflags, t4
core   0: 1 0x0000000080005942 (0x001e91f3) x3  0x0000000000000010 c1_fflags 0x0000000000000000
core   0: 0x0000000080005946 (0xfff6829b) addiw   t0, a3, -1
core   0: 1 0x0000000080005946 (0xfff6829b) x5  0xffffffffffffffff
core   0: 0x000000008000594a (0x00a6d69b) srliw   a3, a3, 10
core   0: 1 0x000000008000594a (0x00a6d69b) x13 0x0000000000000000
core   0: 0x000000008000594e (0x228a9353) fsgnjn.d ft6, fs5, fs0
core   0: 1 0x000000008000594e (0x228a9353) f6  0xfff8000000000000
core   0: 0x0000000080005952 (0x00f2191b) slliw   s2, tp, 15
core   0: 1 0x0000000080005952 (0x00f2191b) x18 0x0000000000000000
core   0: 0x0000000080005956 (0x012401bb) addw    gp, s0, s2
core   0: 1 0x0000000080005956 (0x012401bb) x3  0x0000000000000003
core   0: 0x000000008000595a (0x4170dd1b) sraiw   s10, ra, 23
core   0: 1 0x000000008000595a (0x4170dd1b) x26 0xffffffffffffff00
core   0: 0x000000008000595e (0x01f4949b) slliw   s1, s1, 31
core   0: 1 0x000000008000595e (0x01f4949b) x9  0x0000000000000000
core   0: 0x0000000080005962 (0x02d283bb) mulw    t2, t0, a3
core   0: 1 0x0000000080005962 (0x02d283bb) x7  0x0000000000000000
core   0: 0x0000000080005966 (0x0002c393) xori    t2, t0, 0
core   0: 1 0x0000000080005966 (0x0002c393) x7  0xffffffffffffffff
core   0: 0x000000008000596a (0x0273f7bb) remuw   a5, t2, t2
core   0: 1 0x000000008000596a (0x0273f7bb) x15 0x0000000000000000
core   0: 0x000000008000596e (0x227aa853) fsgnjx.d fa6, fs5, ft7
core   0: 1 0x000000008000596e (0x227aa853) f16 0x7ff8000000000000
core   0: 0x0000000080005972 (0x4008dc1b) sraiw   s8, a7, 0
core   0: 1 0x0000000080005972 (0x4008dc1b) x24 0x0000000000000000
core   0: 0x0000000080005976 (0x4009503b) sraw    zero, s2, zero
core   0: 1 0x0000000080005976 (0x4009503b)
core   0: 0x000000008000597a (0x132cf7d3) fmul.d  fa5, fs9, fs2
core   0: 1 0x000000008000597a (0x132cf7d3) f15 0x7ff8000000000000
core   0: 0x000000008000597e (0xe20e81d3) fmv.x.d gp, ft9
core   0: 1 0x000000008000597e (0xe20e81d3) x3  0xffffffff4e46b6c2
core   0: 0x0000000080005982 (0x01d2de93) srli    t4, t0, 29
core   0: 1 0x0000000080005982 (0x01d2de93) x29 0x00000007ffffffff
core   0: 0x0000000080005986 (0x4141513b) sraw    sp, sp, s4
core   0: 1 0x0000000080005986 (0x4141513b) x2  0x0000000000000000
core   0: 0x000000008000598a (0x00159573) csrrw   a0, fflags, a1
core   0: 1 0x000000008000598a (0x00159573) x10 0x0000000000000000 c1_fflags 0x0000000000000013
core   0: 0x000000008000598e (0x42068f53) fcvt.d.s ft10, fa3
core   0: 1 0x000000008000598e (0x42068f53) f30 0x7ff8000000000000
core   0: 0x0000000080005992 (0xe20401d3) fmv.x.d gp, fs0
core   0: 1 0x0000000080005992 (0xe20401d3) x3  0x7ff8000000000000
core   0: 0x0000000080005996 (0x96412737) lui     a4, 0x96412
core   0: 1 0x0000000080005996 (0x96412737) x14 0xffffffff96412000
core   0: 0x000000008000599a (0xc22f79d3) fcvt.l.d s3, ft10
core   0: 1 0x000000008000599a (0xc22f79d3) c1_fflags 0x0000000000000013 x19 0x7fffffffffffffff
core   0: 0x000000008000599e (0x00102a73) csrrs   s4, fflags, zero
core   0: 1 0x000000008000599e (0x00102a73) x20 0x0000000000000013
core   0: 0x00000000800059a2 (0x036a07bb) mulw    a5, s4, s6
core   0: 1 0x00000000800059a2 (0x036a07bb) x15 0x000000000000be00
core   0: 0x00000000800059a6 (0xd02cfa53) fcvt.s.l fs4, s9
core   0: 1 0x00000000800059a6 (0xd02cfa53) f20 0xffffffff00000000
core   0: 0x00000000800059aa (0xd035f0d3) fcvt.s.lu ft1, a1
core   0: 1 0x00000000800059aa (0xd035f0d3) c1_fflags 0x0000000000000013 f1  0xffffffff4f481ff3
core   0: 0x00000000800059ae (0xfffb061b) addiw   a2, s6, -1
core   0: 1 0x00000000800059ae (0xfffb061b) x12 0x00000000000009ff
core   0: 0x00000000800059b2 (0x1bbdf6c3) fmadd.d fa3, fs11, fs11, ft3
core   0: 1 0x00000000800059b2 (0x1bbdf6c3) f13 0x7ff8000000000000
core   0: 0x00000000800059b6 (0xd20a0ed3) fcvt.d.w ft9, s4
core   0: 1 0x00000000800059b6 (0xd20a0ed3) f29 0x4033000000000000
core   0: 0x00000000800059ba (0x025a12b3) mulh    t0, s4, t0
core   0: 1 0x00000000800059ba (0x025a12b3) x5  0xffffffffffffffff
core   0: 0x00000000800059be (0x0000927d) c.srli  a2, 63
core   0: 1 0x00000000800059be (0x927d) x12 0x0000000000000000
core   0: 0x00000000800059c0 (0x02d579bb) remuw   s3, a0, a3
core   0: 1 0x00000000800059c0 (0x02d579bb) x19 0x0000000000000000
core   0: 0x00000000800059c4 (0xc236f353) fcvt.lu.d t1, fa3
core   0: 1 0x00000000800059c4 (0xc236f353) c1_fflags 0x0000000000000013 x6  0xffffffffffffffff
core   0: 0x00000000800059c8 (0x03ad40bb) divw    ra, s10, s10
core   0: 1 0x00000000800059c8 (0x03ad40bb) x1  0x0000000000000001
core   0: 0x00000000800059cc (0x3482021b) addiw   tp, tp, 840
core   0: 1 0x00000000800059cc (0x3482021b) x4  0x0000000000000348
core   0: 0x00000000800059d0 (0x008a92b3) sll     t0, s5, s0
core   0: 1 0x00000000800059d0 (0x008a92b3) x5  0x000000430b3a3c40
core   0: 0x00000000800059d4 (0x01a67e33) and     t3, a2, s10
core   0: 1 0x00000000800059d4 (0x01a67e33) x28 0x0000000000000000
core   0: 0x00000000800059d8 (0x136b7f53) fmul.d  ft10, fs6, fs6
core   0: 1 0x00000000800059d8 (0x136b7f53) f30 0x0000000000000000
core   0: 0x00000000800059dc (0x40088abb) subw    s5, a7, zero
core   0: 1 0x00000000800059dc (0x40088abb) x21 0x0000000000000000
core   0: 0x00000000800059e0 (0x2bad0d53) fmin.d  fs10, fs10, fs10
core   0: 1 0x00000000800059e0 (0x2bad0d53) f26 0x4008000000000000
core   0: 0x00000000800059e4 (0x1bad7b53) fdiv.d  fs6, fs10, fs10
core   0: 1 0x00000000800059e4 (0x1bad7b53) f22 0x3ff0000000000000
core   0: 0x00000000800059e8 (0x396b089b) addiw   a7, s6, 918
core   0: 1 0x00000000800059e8 (0x396b089b) x17 0x0000000000000d96
core   0: 0x00000000800059ec (0x22ac9dd3) fsgnjn.d fs11, fs9, fa0
core   0: 1 0x00000000800059ec (0x22ac9dd3) f27 0x7ff8000000000000
core   0: 0x00000000800059f0 (0x0117583b) srlw    a6, a4, a7
core   0: 1 0x00000000800059f0 (0x0117583b) x16 0x0000000000000259
core   0: 0x00000000800059f4 (0xc216fbd3) fcvt.wu.d s7, fa3
core   0: 1 0x00000000800059f4 (0xc216fbd3) c1_fflags 0x0000000000000013 x23 0xffffffffffffffff
core   0: 0x00000000800059f8 (0xe2050453) fmv.x.d s0, fa0
core   0: 1 0x00000000800059f8 (0xe2050453) x8  0xc1b6401800000000
core   0: 0x00000000800059fc (0x00202473) csrrs   s0, frm, zero
core   0: 1 0x00000000800059fc (0x00202473) x8  0x0000000000000000
core   0: 0x0000000080005a00 (0xf2010ad3) fmv.d.x fs5, sp
core   0: 1 0x0000000080005a00 (0xf2010ad3) f21 0x0000000000000000
core   0: 0x0000000080005a04 (0x01635db3) srl     s11, t1, s6
core   0: 1 0x0000000080005a04 (0x01635db3) x27 0xffffffffffffffff
core   0: 0x0000000080005a08 (0x4170d7bb) sraw    a5, ra, s7
core   0: 1 0x0000000080005a08 (0x4170d7bb) x15 0x0000000000000000
core   0: 0x0000000080005a0c (0x01d12133) slt     sp, sp, t4
core   0: 1 0x0000000080005a0c (0x01d12133) x2  0x0000000000000001
core   0: 0x0000000080005a10 (0x0bb2fe53) fsub.d  ft8, ft5, fs11
core   0: 1 0x0000000080005a10 (0x0bb2fe53) f28 0x7ff8000000000000
core   0: 0x0000000080005a14 (0x00c474b3) and     s1, s0, a2
core   0: 1 0x0000000080005a14 (0x00c474b3) x9  0x0000000000000000
core   0: 0x0000000080005a18 (0x55257a93) andi    s5, a0, 1362
core   0: 1 0x0000000080005a18 (0x55257a93) x21 0x0000000000000000
core   0: 0x0000000080005a1c (0x1a61fbd3) fdiv.d  fs7, ft3, ft6
core   0: 1 0x0000000080005a1c (0x1a61fbd3) f23 0x7ff8000000000000
core   0: 0x0000000080005a20 (0x0095e933) or      s2, a1, s1
core   0: 1 0x0000000080005a20 (0x0095e933) x18 0x00000000c81ff2f3
core   0: 0x0000000080005a24 (0xc224f653) fcvt.l.d a2, fs1
core   0: 1 0x0000000080005a24 (0xc224f653) c1_fflags 0x0000000000000013 x12 0x7fffffffffffffff
core   0: 0x0000000080005a28 (0xd2028cd3) fcvt.d.w fs9, t0
core   0: 1 0x0000000080005a28 (0xd2028cd3) f25 0x41a6747880000000
core   0: 0x0000000080005a2c (0x43fe5513) srai    a0, t3, 63
core   0: 1 0x0000000080005a2c (0x43fe5513) x10 0x0000000000000000
core   0: 0x0000000080005a30 (0xf2070ed3) fmv.d.x ft9, a4
core   0: 1 0x0000000080005a30 (0xf2070ed3) f29 0xffffffff96412000
core   0: 0x0000000080005a34 (0x00f85b13) srli    s6, a6, 15
core   0: 1 0x0000000080005a34 (0x00f85b13) x22 0x0000000000000000
core   0: 0x0000000080005a38 (0x001a0abb) addw    s5, s4, ra
core   0: 1 0x0000000080005a38 (0x001a0abb) x21 0x0000000000000014
core   0: 0x0000000080005a3c (0x01d7f0b3) and     ra, a5, t4
core   0: 1 0x0000000080005a3c (0x01d7f0b3) x1  0x0000000000000000
core   0: 0x0000000080005a40 (0x02b3f3d3) fadd.d  ft7, ft7, fa1
core   0: 1 0x0000000080005a40 (0x02b3f3d3) f7  0x7ff8000000000000
core   0: 0x0000000080005a44 (0x00221273) csrrw   tp, frm, tp
core   0: 1 0x0000000080005a44 (0x00221273) x4  0x0000000000000000 c2_frm 0x0000000000000000
core   0: 0x0000000080005a48 (0x00202a73) csrrs   s4, frm, zero
core   0: 1 0x0000000080005a48 (0x00202a73) x20 0x0000000000000000
core   0: 0x0000000080005a4c (0x41665293) srai    t0, a2, 22
core   0: 1 0x0000000080005a4c (0x41665293) x5  0x000001ffffffffff
core   0: 0x0000000080005a50 (0xd03575d3) fcvt.s.lu fa1, a0
core   0: 1 0x0000000080005a50 (0xd03575d3) f11 0xffffffff00000000
core   0: 0x0000000080005a54 (0x12a5f153) fmul.d  ft2, fa1, fa0
core   0: 1 0x0000000080005a54 (0x12a5f153) f2  0x7ff8000000000000
core   0: 0x0000000080005a58 (0x002810f3) csrrw   ra, frm, a6
core   0: 1 0x0000000080005a58 (0x002810f3) x1  0x0000000000000000 c2_frm 0x0000000000000001
core   0: 0x0000000080005a5c (0xc1ba8613) addi    a2, s5, -997
core   0: 1 0x0000000080005a5c (0xc1ba8613) x12 0xfffffffffffffc2f
core   0: 0x0000000080005a60 (0x239781d3) fsgnj.d ft3, fa5, fs9
core   0: 1 0x0000000080005a60 (0x239781d3) f3  0x7ff8000000000000
core   0: 0x0000000080005a64 (0x40520613) addi    a2, tp, 1029
core   0: 1 0x0000000080005a64 (0x40520613) x12 0x0000000000000405
core   0: 0x0000000080005a68 (0xb6177813) andi    a6, a4, -1183
core   0: 1 0x0000000080005a68 (0xb6177813) x16 0xffffffff96412000
core   0: 0x0000000080005a6c (0xd0227ed3) fcvt.s.l ft9, tp
core   0: 1 0x0000000080005a6c (0xd0227ed3) f29 0xffffffff00000000
core   0: 0x0000000080005a70 (0x00000001) c.nop
core   0: 1 0x0000000080005a70 (0x0001)
core   0: 0x0000000080005a72 (0x01044433) xor     s0, s0, a6
core   0: 1 0x0000000080005a72 (0x01044433) x8  0xffffffff96412000
core   0: 0x0000000080005a76 (0x002a9af3) csrrw   s5, frm, s5
core   0: 1 0x0000000080005a76 (0x002a9af3) x21 0x0000000000000001 c2_frm 0x0000000000000004
core   0: 0x0000000080005a7a (0x4018f8d3) fcvt.s.d fa7, fa7
core   0: 1 0x0000000080005a7a (0x4018f8d3) f17 0xffffffff7fc00000
core   0: 0x0000000080005a7e (0xb21f1317) auipc   t1, 0xb21f1
core   0: 1 0x0000000080005a7e (0xb21f1317) x6  0x00000000321f6a7e
core   0: 0x0000000080005a82 (0x0279d1b3) divu    gp, s3, t2
core   0: 1 0x0000000080005a82 (0x0279d1b3) x3  0x0000000000000000
core   0: 0x0000000080005a86 (0x00202273) csrrs   tp, frm, zero
core   0: 1 0x0000000080005a86 (0x00202273) x4  0x0000000000000004
core   0: 0x0000000080005a8a (0x4010fcd3) fcvt.s.d fs9, ft1
core   0: 1 0x0000000080005a8a (0x4010fcd3) f25 0xffffffff7fc00000
core   0: 0x0000000080005a8e (0x02a8513b) divuw   sp, a6, a0
core   0: 1 0x0000000080005a8e (0x02a8513b) x2  0xffffffffffffffff
core   0: 0x0000000080005a92 (0x40015b13) srai    s6, sp, 0
core   0: 1 0x0000000080005a92 (0x40015b13) x22 0xffffffffffffffff
core   0: 0x0000000080005a96 (0x405e87bb) subw    a5, t4, t0
core   0: 1 0x0000000080005a96 (0x405e87bb) x15 0x0000000000000000
core   0: 0x0000000080005a9a (0x00000001) c.nop
core   0: 1 0x0000000080005a9a (0x0001)
core   0: 0x0000000080005a9c (0x0194509b) srliw   ra, s0, 25
core   0: 1 0x0000000080005a9c (0x0194509b) x1  0x000000000000004b
core   0: 0x0000000080005aa0 (0x0260833b) mulw    t1, ra, t1
core   0: 1 0x0000000080005aa0 (0x0260833b) x6  0xffffffffaf3432ea
core   0: 0x0000000080005aa4 (0x008e9a33) sll     s4, t4, s0
core   0: 1 0x0000000080005aa4 (0x008e9a33) x20 0x00000007ffffffff
core   0: 0x0000000080005aa8 (0x6f817113) andi    sp, sp, 1784
core   0: 1 0x0000000080005aa8 (0x6f817113) x2  0x00000000000006f8
core   0: 0x0000000080005aac (0x7ff2cb93) xori    s7, t0, 2047
core   0: 1 0x0000000080005aac (0x7ff2cb93) x23 0x000001fffffff800
core   0: 0x0000000080005ab0 (0xd2367953) fcvt.d.lu fs2, a2
core   0: 1 0x0000000080005ab0 (0xd2367953) f18 0x4090140000000000
core   0: 0x0000000080005ab4 (0x1b70f053) fdiv.d  ft0, ft1, fs7
core   0: 1 0x0000000080005ab4 (0x1b70f053) f0  0x7ff8000000000000
core   0: 0x0000000080005ab8 (0x4052dcbb) sraw    s9, t0, t0
core   0: 1 0x0000000080005ab8 (0x4052dcbb) x25 0xffffffffffffffff
core   0: 0x0000000080005abc (0x220905d3) fsgnj.d fa1, fs2, ft0
core   0: 1 0x0000000080005abc (0x220905d3) f11 0x4090140000000000
core   0: 0x0000000080005ac0 (0x035a66bb) remw    a3, s4, s5
core   0: 1 0x0000000080005ac0 (0x035a66bb) x13 0x0000000000000000
core   0: 0x0000000080005ac4 (0xc023fe53) fcvt.l.s t3, ft7
core   0: 1 0x0000000080005ac4 (0xc023fe53) c1_fflags 0x0000000000000013 x28 0x7fffffffffffffff
core   0: 0x0000000080005ac8 (0xc20d7cd3) fcvt.w.d s9, fs10
core   0: 1 0x0000000080005ac8 (0xc20d7cd3) x25 0x0000000000000003
core   0: 0x0000000080005acc (0x03f37bd3) fadd.d  fs7, ft6, ft11
core   0: 1 0x0000000080005acc (0x03f37bd3) f23 0x7ff8000000000000
core   0: 0x0000000080005ad0 (0x010cfa33) and     s4, s9, a6
core   0: 1 0x0000000080005ad0 (0x010cfa33) x20 0x0000000000000000
core   0: 0x0000000080005ad4 (0x000a5493) srli    s1, s4, 0
core   0: 1 0x0000000080005ad4 (0x000a5493) x9  0x0000000000000000
core   0: 0x0000000080005ad8 (0xc0237653) fcvt.l.s a2, ft6
core   0: 1 0x0000000080005ad8 (0xc0237653) c1_fflags 0x0000000000000013 x12 0x7fffffffffffffff
core   0: 0x0000000080005adc (0x00000001) c.nop
core   0: 1 0x0000000080005adc (0x0001)
core   0: 0x0000000080005ade (0x00009cde) c.add   s9, s7
core   0: 1 0x0000000080005ade (0x9cde) x25 0x000001fffffff803
core   0: 0x0000000080005ae0 (0x4008581b) sraiw   a6, a6, 0
core   0: 1 0x0000000080005ae0 (0x4008581b) x16 0xffffffff96412000
core   0: 0x0000000080005ae4 (0xd0377e53) fcvt.s.lu ft8, a4
core   0: 1 0x0000000080005ae4 (0xd0377e53) c1_fflags 0x0000000000000013 f28 0xffffffff5f800000
core   0: 0x0000000080005ae8 (0x420787d3) fcvt.d.s fa5, fa5
core   0: 1 0x0000000080005ae8 (0x420787d3) f15 0x7ff8000000000000
core   0: 0x0000000080005aec (0x41105313) srai    t1, zero, 17
core   0: 1 0x0000000080005aec (0x41105313) x6  0x0000000000000000
core   0: 0x0000000080005af0 (0x0307b9b3) mulhu   s3, a5, a6
core   0: 1 0x0000000080005af0 (0x0307b9b3) x19 0x0000000000000000
core   0: 0x0000000080005af4 (0x033dd1bb) divuw   gp, s11, s3
core   0: 1 0x0000000080005af4 (0x033dd1bb) x3  0xffffffffffffffff
core   0: 0x0000000080005af8 (0xe2071453) fclass.d s0, fa4
core   0: 1 0x0000000080005af8 (0xe2071453) x8  0x0000000000000200
core   0: 0x0000000080005afc (0xc8a5c193) xori    gp, a1, -886
core   0: 1 0x0000000080005afc (0xc8a5c193) x3  0xffffffff37e00e79
core   0: 0x0000000080005b00 (0x7ff1ce13) xori    t3, gp, 2047
core   0: 1 0x0000000080005b00 (0x7ff1ce13) x28 0xffffffff37e00986
core   0: 0x0000000080005b04 (0xc203f153) fcvt.w.d sp, ft7
core   0: 1 0x0000000080005b04 (0xc203f153) c1_fflags 0x0000000000000013 x2  0x000000007fffffff
core   0: 0x0000000080005b08 (0x022e33b3) mulhu   t2, t3, sp
core   0: 1 0x0000000080005b08 (0x022e33b3) x7  0x000000007ffffffe
core   0: 0x0000000080005b0c (0x00009b56) c.add   s6, s5
core   0: 1 0x0000000080005b0c (0x9b56) x22 0x0000000000000000
core   0: 0x0000000080005b0e (0x015a9c33) sll     s8, s5, s5
core   0: 1 0x0000000080005b0e (0x015a9c33) x24 0x0000000000000002
core   0: 0x0000000080005b12 (0x00dc191b) slliw   s2, s8, 13
core   0: 1 0x0000000080005b12 (0x00dc191b) x18 0x0000000000004000
core   0: 0x0000000080005b16 (0x0175aa33) slt     s4, a1, s7
core   0: 1 0x0000000080005b16 (0x0175aa33) x20 0x0000000000000001
core   0: 0x0000000080005b1a (0x001b519b) srliw   gp, s6, 1
core   0: 1 0x0000000080005b1a (0x001b519b) x3  0x0000000000000000
core   0: 0x0000000080005b1e (0xc238f253) fcvt.lu.d tp, fa7
core   0: 1 0x0000000080005b1e (0xc238f253) c1_fflags 0x0000000000000013 x4  0xffffffffffffffff
core   0: 0x0000000080005b22 (0x8b8e704b) fnmsub.d ft0, ft8, fs8, fa7
core   0: 1 0x0000000080005b22 (0x8b8e704b) f0  0x7ff8000000000000
core   0: 0x0000000080005b26 (0x416550bb) sraw    ra, a0, s6
core   0: 1 0x0000000080005b26 (0x416550bb) x1  0x0000000000000000
core   0: 0x0000000080005b2a (0x00c2e2b3) or      t0, t0, a2
core   0: 1 0x0000000080005b2a (0x00c2e2b3) x5  0x7fffffffffffffff
core   0: 0x0000000080005b2e (0xc20978d3) fcvt.w.d a7, fs2
core   0: 1 0x0000000080005b2e (0xc20978d3) x17 0x0000000000000405
core   0: 0x0000000080005b32 (0x031cfcb3) remu    s9, s9, a7
core   0: 1 0x0000000080005b32 (0x031cfcb3) x25 0x00000000000000ea
core   0: 0x0000000080005b36 (0x0000da1b) srliw   s4, ra, 0
core   0: 1 0x0000000080005b36 (0x0000da1b) x20 0x0000000000000000
core   0: 0x0000000080005b3a (0x01159d33) sll     s10, a1, a7
core   0: 1 0x0000000080005b3a (0x01159d33) x26 0x0000001903fe5e60
core   0: 0x0000000080005b3e (0x00000001) c.nop
core   0: 1 0x0000000080005b3e (0x0001)
core   0: 0x0000000080005b40 (0xc24ef04f) fnmadd.d ft0, ft9, ft4, fs8
core   0: 1 0x0000000080005b40 (0xc24ef04f) f0  0x7ff8000000000000
core   0: 0x0000000080005b44 (0x02620eb3) mul     t4, tp, t1
core   0: 1 0x0000000080005b44 (0x02620eb3) x29 0x0000000000000000
core   0: 0x0000000080005b48 (0x221e20d3) fsgnjx.d ft1, ft8, ft1
core   0: 1 0x0000000080005b48 (0x221e20d3) f1  0x7fffffff5f800000
core   0: 0x0000000080005b4c (0x0260d3bb) divuw   t2, ra, t1
core   0: 1 0x0000000080005b4c (0x0260d3bb) x7  0xffffffffffffffff
core   0: 0x0000000080005b50 (0x000c5413) srli    s0, s8, 0
core   0: 1 0x0000000080005b50 (0x000c5413) x8  0x0000000000000002
core   0: 0x0000000080005b54 (0xc200f953) fcvt.w.d s2, ft1
core   0: 1 0x0000000080005b54 (0xc200f953) c1_fflags 0x0000000000000013 x18 0x000000007fffffff
core   0: 0x0000000080005b58 (0x0120013b) addw    sp, zero, s2
core   0: 1 0x0000000080005b58 (0x0120013b) x2  0x000000007fffffff
core   0: 0x0000000080005b5c (0x2b6d1153) fmax.d  ft2, fs10, fs6
core   0: 1 0x0000000080005b5c (0x2b6d1153) f2  0x4008000000000000
core   0: 0x0000000080005b60 (0x001999f3) csrrw   s3, fflags, s3
core   0: 1 0x0000000080005b60 (0x001999f3) x19 0x0000000000000013 c1_fflags 0x0000000000000000
core   0: 0x0000000080005b64 (0x0013dd93) srli    s11, t2, 1
core   0: 1 0x0000000080005b64 (0x0013dd93) x27 0x7fffffffffffffff
core   0: 0x0000000080005b68 (0x00202973) csrrs   s2, frm, zero
core   0: 1 0x0000000080005b68 (0x00202973) x18 0x0000000000000004
core   0: 0x0000000080005b6c (0x02eae9bb) remw    s3, s5, a4
core   0: 1 0x0000000080005b6c (0x02eae9bb) x19 0x0000000000000001
core   0: 0x0000000080005b70 (0xf2098653) fmv.d.x fa2, s3
core   0: 1 0x0000000080005b70 (0xf2098653) f12 0x0000000000000001
core   0: 0x0000000080005b74 (0xd20c85d3) fcvt.d.w fa1, s9
core   0: 1 0x0000000080005b74 (0xd20c85d3) f11 0x406d400000000000
core   0: 0x0000000080005b78 (0x0258583b) divuw   a6, a6, t0
core   0: 1 0x0000000080005b78 (0x0258583b) x16 0x0000000000000000
core   0: 0x0000000080005b7c (0x40e80333) sub     t1, a6, a4
core   0: 1 0x0000000080005b7c (0x40e80333) x6  0x0000000069bee000
core   0: 0x0000000080005b80 (0x12b97953) fmul.d  fs2, fs2, fa1
core   0: 1 0x0000000080005b80 (0x12b97953) f18 0x410d649000000000
core   0: 0x0000000080005b84 (0x0b23fc53) fsub.d  fs8, ft7, fs2
core   0: 1 0x0000000080005b84 (0x0b23fc53) f24 0x7ff8000000000000
core   0: 0x0000000080005b88 (0xd029f053) fcvt.s.l ft0, s3
core   0: 1 0x0000000080005b88 (0xd029f053) f0  0xffffffff3f800000
core   0: 0x0000000080005b8c (0x0012809b) addiw   ra, t0, 1
core   0: 1 0x0000000080005b8c (0x0012809b) x1  0x0000000000000000
core   0: 0x0000000080005b90 (0x00009ea2) c.add   t4, s0
core   0: 1 0x0000000080005b90 (0x9ea2) x29 0x0000000000000002
core   0: 0x0000000080005b92 (0x00a191bb) sllw    gp, gp, a0
core   0: 1 0x0000000080005b92 (0x00a191bb) x3  0x0000000000000000
core   0: 0x0000000080005b96 (0x0039cb33) xor     s6, s3, gp
core   0: 1 0x0000000080005b96 (0x0039cb33) x22 0x0000000000000001
core   0: 0x0000000080005b9a (0x011b5b3b) srlw    s6, s6, a7
core   0: 1 0x0000000080005b9a (0x011b5b3b) x22 0x0000000000000000
core   0: 0x0000000080005b9e (0x0292f433) remu    s0, t0, s1
core   0: 1 0x0000000080005b9e (0x0292f433) x8  0x7fffffffffffffff
core   0: 0x0000000080005ba2 (0xaf0d2197) auipc   gp, 0xaf0d2
core   0: 1 0x0000000080005ba2 (0xaf0d2197) x3  0x000000002f0d7ba2
core   0: 0x0000000080005ba6 (0xe2088bd3) fmv.x.d s7, fa7
core   0: 1 0x0000000080005ba6 (0xe2088bd3) x23 0xffffffff7fc00000
core   0: 0x0000000080005baa (0x03ed5a13) srli    s4, s10, 62
core   0: 1 0x0000000080005baa (0x03ed5a13) x20 0x0000000000000000
core   0: 0x0000000080005bae (0x005c8eb3) add     t4, s9, t0
core   0: 1 0x0000000080005bae (0x005c8eb3) x29 0x80000000000000e9
core   0: 0x0000000080005bb2 (0x24a9e113) ori     sp, s3, 586
core   0: 1 0x0000000080005bb2 (0x24a9e113) x2  0x000000000000024b
core   0: 0x0000000080005bb6 (0x01345abb) srlw    s5, s0, s3
core   0: 1 0x0000000080005bb6 (0x01345abb) x21 0x000000007fffffff
core   0: 0x0000000080005bba (0x01d2d9b3) srl     s3, t0, t4
core   0: 1 0x0000000080005bba (0x01d2d9b3) x19 0x00000000003fffff
core   0: 0x0000000080005bbe (0xe1f4e313) ori     t1, s1, -481
core   0: 1 0x0000000080005bbe (0xe1f4e313) x6  0xfffffffffffffe1f
core   0: 0x0000000080005bc2 (0x0103d71b) srliw   a4, t2, 16
core   0: 1 0x0000000080005bc2 (0x0103d71b) x14 0x000000000000ffff
core   0: 0x0000000080005bc6 (0x0339d433) divu    s0, s3, s3
core   0: 1 0x0000000080005bc6 (0x0339d433) x8  0x0000000000000001
core   0: 0x0000000080005bca (0x002596f3) csrrw   a3, frm, a1
core   0: 1 0x0000000080005bca (0x002596f3) x13 0x0000000000000004 c2_frm 0x0000000000000003
core   0: 0x0000000080005bce (0x03fe1393) slli    t2, t3, 63
core   0: 1 0x0000000080005bce (0x03fe1393) x7  0x0000000000000000
core   0: 0x0000000080005bd2 (0x00d07133) and     sp, zero, a3
core   0: 1 0x0000000080005bd2 (0x00d07133) x2  0x0000000000000000
core   0: 0x0000000080005bd6 (0x022cca3b) divw    s4, s9, sp
core   0: 1 0x0000000080005bd6 (0x022cca3b) x20 0xffffffffffffffff
core   0: 0x0000000080005bda (0x1ab5f7d3) fdiv.d  fa5, fa1, fa1
core   0: 1 0x0000000080005bda (0x1ab5f7d3) f15 0x3ff0000000000000
core   0: 0x0000000080005bde (0x0198edb3) or      s11, a7, s9
core   0: 1 0x0000000080005bde (0x0198edb3) x27 0x00000000000004ef
core   0: 0x0000000080005be2 (0x04606c93) ori     s9, zero, 70
core   0: 1 0x0000000080005be2 (0x04606c93) x25 0x0000000000000046
core   0: 0x0000000080005be6 (0x033aa433) mulhsu  s0, s5, s3
core   0: 1 0x0000000080005be6 (0x033aa433) x8  0x0000000000000000
core   0: 0x0000000080005bea (0xd2267053) fcvt.d.l ft0, a2
core   0: 1 0x0000000080005bea (0xd2267053) c1_fflags 0x0000000000000001 f0  0x43e0000000000000
core   0: 0x0000000080005bee (0x40085d93) srai    s11, a6, 0
core   0: 1 0x0000000080005bee (0x40085d93) x27 0x0000000000000000
core   0: 0x0000000080005bf2 (0x00271633) sll     a2, a4, sp
core   0: 1 0x0000000080005bf2 (0x00271633) x12 0x000000000000ffff
core   0: 0x0000000080005bf6 (0x001b8d1b) addiw   s10, s7, 1
core   0: 1 0x0000000080005bf6 (0x001b8d1b) x26 0x000000007fc00001
core   0: 0x0000000080005bfa (0xc22ef553) fcvt.l.d a0, ft9
core   0: 1 0x0000000080005bfa (0xc22ef553) c1_fflags 0x0000000000000011 x10 0x7fffffffffffffff
core   0: 0x0000000080005bfe (0xd0317553) fcvt.s.lu fa0, sp
core   0: 1 0x0000000080005bfe (0xd0317553) f10 0xffffffff00000000
core   0: 0x0000000080005c02 (0x410500bb) subw    ra, a0, a6
core   0: 1 0x0000000080005c02 (0x410500bb) x1  0xffffffffffffffff
core   0: 0x0000000080005c06 (0x0005151b) slliw   a0, a0, 0
core   0: 1 0x0000000080005c06 (0x0005151b) x10 0xffffffffffffffff
core   0: 0x0000000080005c0a (0x00000001) c.nop
core   0: 1 0x0000000080005c0a (0x0001)
core   0: 0x0000000080005c0c (0x01bd9e3b) sllw    t3, s11, s11
core   0: 1 0x0000000080005c0c (0x01bd9e3b) x28 0x0000000000000000
core   0: 0x0000000080005c10 (0x4575071b) addiw   a4, a0, 1111
core   0: 1 0x0000000080005c10 (0x4575071b) x14 0x0000000000000456
core   0: 0x0000000080005c14 (0x3b7371cb) fnmsub.d ft3, ft6, fs7, ft7
core   0: 1 0x0000000080005c14 (0x3b7371cb) f3  0x7ff8000000000000
core   0: 0x0000000080005c18 (0x40025a93) srai    s5, tp, 0
core   0: 1 0x0000000080005c18 (0x40025a93) x21 0xffffffffffffffff
core   0: 0x0000000080005c1c (0x415b5333) sra     t1, s6, s5
core   0: 1 0x0000000080005c1c (0x415b5333) x6  0x0000000000000000
core   0: 0x0000000080005c20 (0xd2040ad3) fcvt.d.w fs5, s0
core   0: 1 0x0000000080005c20 (0xd2040ad3) f21 0x0000000000000000
core   0: 0x0000000080005c24 (0x40135113) srai    sp, t1, 1
core   0: 1 0x0000000080005c24 (0x40135113) x2  0x0000000000000000
core   0: 0x0000000080005c28 (0x0217f0b3) remu    ra, a5, ra
core   0: 1 0x0000000080005c28 (0x0217f0b3) x1  0x0000000000000000
core   0: 0x0000000080005c2c (0x00017033) and     zero, sp, zero
core   0: 1 0x0000000080005c2c (0x00017033)
core   0: 0x0000000080005c30 (0x0290d213) srli    tp, ra, 41
core   0: 1 0x0000000080005c30 (0x0290d213) x4  0x0000000000000000
core   0: 0x0000000080005c34 (0x00000001) c.nop
core   0: 1 0x0000000080005c34 (0x0001)
core   0: 0x0000000080005c36 (0x00a35793) srli    a5, t1, 10
core   0: 1 0x0000000080005c36 (0x00a35793) x15 0x0000000000000000
core   0: 0x0000000080005c3a (0x037000bb) mulw    ra, zero, s7
core   0: 1 0x0000000080005c3a (0x037000bb) x1  0x0000000000000000
core   0: 0x0000000080005c3e (0x2aaa80d3) fmin.d  ft1, fs5, fa0
core   0: 1 0x0000000080005c3e (0x2aaa80d3) f1  0x0000000000000000
core   0: 0x0000000080005c42 (0x352e8337) lui     t1, 0x352e8
core   0: 1 0x0000000080005c42 (0x352e8337) x6  0x00000000352e8000
core   0: 0x0000000080005c46 (0x40155913) srai    s2, a0, 1
core   0: 1 0x0000000080005c46 (0x40155913) x18 0xffffffffffffffff
core   0: 0x0000000080005c4a (0x004417b3) sll     a5, s0, tp
core   0: 1 0x0000000080005c4a (0x004417b3) x15 0x0000000000000000
core   0: 0x0000000080005c4e (0x00202ef3) csrrs   t4, frm, zero
core   0: 1 0x0000000080005c4e (0x00202ef3) x29 0x0000000000000003
core   0: 0x0000000080005c52 (0x0045d13b) srlw    sp, a1, tp
core   0: 1 0x0000000080005c52 (0x0045d13b) x2  0xffffffffc81ff2f3
core   0: 0x0000000080005c56 (0x7b016c73) csrrsi  s8, dcsr, 2
core   0: exception trap_illegal_instruction, epc 0x0000000080005c56
core   0:           tval 0x000000007b016c73
core   0: >>>>  $xrv64i2p1_m2p0_a2p1_f2p2_d2p2_zicsr2p0_zifencei2p0_zmmul1p0_zba1p0_zbb1p0_zbc1p0_zbs1p0
core   0: 0x0000000080004000 (0x0080006f) j       pc + 0x8
core   0: 3 0x0000000080004000 (0x0080006f)
core   0: >>>>  mmode_exception_handler
core   0: 0x0000000080004008 (0x00002c17) auipc   s8, 0x2
core   0: 3 0x0000000080004008 (0x00002c17) x24 0x0000000080006008
core   0: 0x000000008000400c (0x108c0c13) addi    s8, s8, 264
core   0: 3 0x000000008000400c (0x108c0c13) x24 0x0000000080006110
core   0: 0x0000000080004010 (0x000c00e7) jalr    s8
core   0: 3 0x0000000080004010 (0x000c00e7) x1  0x0000000080004014
core   0: >>>>  any_handler
core   0: 0x0000000080006110 (0x341027f3) csrrs   a5, mepc, zero
core   0: 3 0x0000000080006110 (0x341027f3) x15 0x0000000080005c56
core   0: 0x0000000080006114 (0x34202773) csrrs   a4, mcause, zero
core   0: 3 0x0000000080006114 (0x34202773) x14 0x0000000000000002
core   0: 0x0000000080006118 (0x142026f3) csrrs   a3, scause, zero
core   0: 3 0x0000000080006118 (0x142026f3) x13 0x0000000000000014
core   0: 0x000000008000611c (0x30402673) csrrs   a2, mie, zero
core   0: 3 0x000000008000611c (0x30402673) x12 0x0000000000000a00
core   0: 0x0000000080006120 (0x344025f3) csrrs   a1, mip, zero
core   0: 3 0x0000000080006120 (0x344025f3) x11 0x0000000000000080
core   0: 0x0000000080006124 (0x343025f3) csrrs   a1, mtval, zero
core   0: 3 0x0000000080006124 (0x343025f3) x11 0x000000007b016c73
core   0: 0x0000000080006128 (0x14302573) csrrs   a0, stval, zero
core   0: 3 0x0000000080006128 (0x14302573) x10 0x0000000000000000
core   0: 0x000000008000612c (0xb02024f3) csrrs   s1, minstret, zero
core   0: 3 0x000000008000612c (0xb02024f3) x9  0x00000000000011dc
core   0: 0x0000000080006130 (0x0000a811) c.j     pc + 20
core   0: 3 0x0000000080006130 (0xa811)
core   0: >>>>  mepc_4
core   0: 0x0000000080006144 (0x00000791) c.addi  a5, 4
core   0: 3 0x0000000080006144 (0x0791) x15 0x0000000080005c5a
core   0: 0x0000000080006146 (0x34179073) csrrw   zero, mepc, a5
core   0: 3 0x0000000080006146 (0x34179073) c833_mepc 0x0000000080005c5a
core   0: 0x000000008000614a (0x30200073) mret
core   0: 3 0x000000008000614a (0x30200073) c768_mstatus 0x8000000a00106080
core   0: 0x0000000080005c5a (0x4159d4b3) sra     s1, s3, s5
core   0: 1 0x0000000080005c5a (0x4159d4b3) x9  0x0000000000000000
core   0: 0x0000000080005c5e (0xf708f197) auipc   gp, 0xf708f
core   0: 1 0x0000000080005c5e (0xf708f197) x3  0x0000000077094c5e
core   0: 0x0000000080005c62 (0x0031dd33) srl     s10, gp, gp
core   0: 1 0x0000000080005c62 (0x0031dd33) x26 0x0000000000000001
core   0: 0x0000000080005c66 (0xc213f953) fcvt.wu.d s2, ft7
core   0: 1 0x0000000080005c66 (0xc213f953) c1_fflags 0x0000000000000011 x18 0xffffffffffffffff
core   0: 0x0000000080005c6a (0xc20afe53) fcvt.w.d t3, fs5
core   0: 1 0x0000000080005c6a (0xc20afe53) x28 0x0000000000000000
core   0: 0x0000000080005c6e (0x0ff0000f) fence   iorw,iorw
core   0: 1 0x0000000080005c6e (0x0ff0000f)
core   0: 0x0000000080005c72 (0x03dddb13) srli    s6, s11, 61
core   0: 1 0x0000000080005c72 (0x03dddb13) x22 0x0000000000000000
core   0: 0x0000000080005c76 (0x0373a2b3) mulhsu  t0, t2, s7
core   0: 1 0x0000000080005c76 (0x0373a2b3) x5  0x0000000000000000
core   0: 0x0000000080005c7a (0xbb04744f) fnmadd.d fs0, fs0, fa6, fs7
core   0: 1 0x0000000080005c7a (0xbb04744f) f8  0x7ff8000000000000
core   0: 0x0000000080005c7e (0x2a180453) fmin.d  fs0, fa6, ft1
core   0: 1 0x0000000080005c7e (0x2a180453) f8  0x0000000000000000
core   0: 0x0000000080005c82 (0x2bfa04d3) fmin.d  fs1, fs4, ft11
core   0: 1 0x0000000080005c82 (0x2bfa04d3) f9  0x41c8d6d834800000
core   0: 0x0000000080005c86 (0x002315f3) csrrw   a1, frm, t1
core   0: 1 0x0000000080005c86 (0x002315f3) x11 0x0000000000000003 c2_frm 0x0000000000000000
core   0: 0x0000000080005c8a (0xd2237253) fcvt.d.l ft4, t1
core   0: 1 0x0000000080005c8a (0xd2237253) f4  0x41ca974000000000
core   0: 0x0000000080005c8e (0x0210cebb) divw    t4, ra, ra
core   0: 1 0x0000000080005c8e (0x0210cebb) x29 0x0000000000000001
core   0: 0x0000000080005c92 (0x00d3d7b3) srl     a5, t2, a3
core   0: 1 0x0000000080005c92 (0x00d3d7b3) x15 0x0000000000000000
core   0: 0x0000000080005c96 (0x5a04f353) fsqrt.d ft6, fs1
core   0: 1 0x0000000080005c96 (0x5a04f353) c1_fflags 0x0000000000000011 f6  0x40dc31747147a34b
core   0: 0x0000000080005c9a (0x003ad033) srl     zero, s5, gp
core   0: 1 0x0000000080005c9a (0x003ad033)
core   0: 0x0000000080005c9e (0x0276ed3b) remw    s10, a3, t2
core   0: 1 0x0000000080005c9e (0x0276ed3b) x26 0x0000000000000014
core   0: 0x0000000080005ca2 (0x00c082bb) addw    t0, ra, a2
core   0: 1 0x0000000080005ca2 (0x00c082bb) x5  0xffffffff80004a14
core   0: 0x0000000080005ca6 (0xcbb67dcb) fnmsub.d fs11, fa2, fs11, fs9
core   0: 1 0x0000000080005ca6 (0xcbb67dcb) f27 0x7ff8000000000000
core   0: 0x0000000080005caa (0x00025393) srli    t2, tp, 0
core   0: 1 0x0000000080005caa (0x00025393) x7  0x0000000000000000
core   0: 0x0000000080005cae (0x0bbdf653) fsub.d  fa2, fs11, fs11
core   0: 1 0x0000000080005cae (0x0bbdf653) f12 0x7ff8000000000000
core   0: 0x0000000080005cb2 (0x003a9abb) sllw    s5, s5, gp
core   0: 1 0x0000000080005cb2 (0x003a9abb) x21 0xffffffffc0000000
core   0: 0x0000000080005cb6 (0x0005e5b3) or      a1, a1, zero
core   0: 1 0x0000000080005cb6 (0x0005e5b3) x11 0x0000000000000003
core   0: 0x0000000080005cba (0xc2167653) fcvt.wu.d a2, fa2
core   0: 1 0x0000000080005cba (0xc2167653) c1_fflags 0x0000000000000011 x12 0xffffffffffffffff
core   0: 0x0000000080005cbe (0xd035f3d3) fcvt.s.lu ft7, a1
core   0: 1 0x0000000080005cbe (0xd035f3d3) f7  0xffffffff40400000
core   0: 0x0000000080005cc2 (0xfe7f7037) lui     zero, 0xfe7f7
core   0: 1 0x0000000080005cc2 (0xfe7f7037)
core   0: 0x0000000080005cc6 (0x2050001b) addiw   zero, zero, 517
core   0: 1 0x0000000080005cc6 (0x2050001b)
core   0: 0x0000000080005cca (0x00e01013) slli    zero, zero, 14
core   0: 1 0x0000000080005cca (0x00e01013)
core   0: 0x0000000080005cce (0x5ad00013) li      zero, 1453
core   0: 1 0x0000000080005cce (0x5ad00013)
core   0: 0x0000000080005cd2 (0xd03df9d3) fcvt.s.lu fs3, s11
core   0: 1 0x0000000080005cd2 (0xd03df9d3) f19 0xffffffff00000000
core   0: 0x0000000080005cd6 (0x03f61e93) slli    t4, a2, 63
core   0: 1 0x0000000080005cd6 (0x03f61e93) x29 0x8000000000000000
core   0: 0x0000000080005cda (0x5847d117) auipc   sp, 0x5847d
core   0: 1 0x0000000080005cda (0x5847d117) x2  0x00000000d8482cda
core   0: 0x0000000080005cde (0x01c70333) add     t1, a4, t3
core   0: 1 0x0000000080005cde (0x01c70333) x6  0x0000000000000002
core   0: 0x0000000080005ce2 (0x017c1ebb) sllw    t4, s8, s7
core   0: 1 0x0000000080005ce2 (0x017c1ebb) x29 0xffffffff80006110
core   0: 0x0000000080005ce6 (0x23e585d3) fsgnj.d fa1, fa1, ft10
core   0: 1 0x0000000080005ce6 (0x23e585d3) f11 0x406d400000000000
core   0: 0x0000000080005cea (0xa6789917) auipc   s2, 0xa6789
core   0: 1 0x0000000080005cea (0xa6789917) x18 0x000000002678ecea
core   0: 0x0000000080005cee (0x001999f3) csrrw   s3, fflags, s3
core   0: 1 0x0000000080005cee (0x001999f3) x19 0x0000000000000011 c1_fflags 0x000000000000001f
core   0: 0x0000000080005cf2 (0x00000001) c.nop
core   0: 1 0x0000000080005cf2 (0x0001)
core   0: 0x0000000080005cf4 (0x0abd7d53) fsub.d  fs10, fs10, fa1
core   0: 1 0x0000000080005cf4 (0x0abd7d53) f26 0xc06ce00000000000
core   0: 0x0000000080005cf8 (0x40425233) sra     tp, tp, tp
core   0: 1 0x0000000080005cf8 (0x40425233) x4  0x0000000000000000
core   0: 0x0000000080005cfc (0x011e1e3b) sllw    t3, t3, a7
core   0: 1 0x0000000080005cfc (0x011e1e3b) x28 0x0000000000000000
core   0: 0x0000000080005d00 (0x400ed8bb) sraw    a7, t4, zero
core   0: 1 0x0000000080005d00 (0x400ed8bb) x17 0xffffffff80006110
core   0: 0x0000000080005d04 (0x013bd9bb) srlw    s3, s7, s3
core   0: 1 0x0000000080005d04 (0x013bd9bb) x19 0x0000000000003fe0
core   0: 0x0000000080005d08 (0x8003f393) andi    t2, t2, -2048
core   0: 1 0x0000000080005d08 (0x8003f393) x7  0x0000000000000000
core   0: 0x0000000080005d0c (0x03938533) mul     a0, t2, s9
core   0: 1 0x0000000080005d0c (0x03938533) x10 0x0000000000000000
core   0: 0x0000000080005d10 (0x01939c9b) slliw   s9, t2, 25
core   0: 1 0x0000000080005d10 (0x01939c9b) x25 0x0000000000000000
core   0: 0x0000000080005d14 (0x6e8357b7) lui     a5, 0x6e835
core   0: 1 0x0000000080005d14 (0x6e8357b7) x15 0x000000006e835000
core   0: 0x0000000080005d18 (0x1b67fb53) fdiv.d  fs6, fa5, fs6
core   0: 1 0x0000000080005d18 (0x1b67fb53) f22 0x3ff0000000000000
core   0: 0x0000000080005d1c (0xc20cf553) fcvt.w.d a0, fs9
core   0: 1 0x0000000080005d1c (0xc20cf553) c1_fflags 0x000000000000001f x10 0x000000007fffffff
core   0: 0x0000000080005d20 (0x12f4fed3) fmul.d  ft9, fs1, fa5
core   0: 1 0x0000000080005d20 (0x12f4fed3) f29 0x41c8d6d834800000
core   0: 0x0000000080005d24 (0x40c7d5b3) sra     a1, a5, a2
core   0: 1 0x0000000080005d24 (0x40c7d5b3) x11 0x0000000000000000
core   0: 0x0000000080005d28 (0xa2948cd3) fle.d   s9, fs1, fs1
core   0: 1 0x0000000080005d28 (0xa2948cd3) x25 0x0000000000000001
core   0: 0x0000000080005d2c (0x039d31b3) mulhu   gp, s10, s9
core   0: 1 0x0000000080005d2c (0x039d31b3) x3  0x0000000000000000
core   0: 0x0000000080005d30 (0x00249073) csrrw   zero, frm, s1
core   0: 1 0x0000000080005d30 (0x00249073) c2_frm 0x0000000000000000
core   0: 0x0000000080005d34 (0x2ab585d3) fmin.d  fa1, fa1, fa1
core   0: 1 0x0000000080005d34 (0x2ab585d3) f11 0x406d400000000000
core   0: 0x0000000080005d38 (0x0b7ef653) fsub.d  fa2, ft9, fs7
core   0: 1 0x0000000080005d38 (0x0b7ef653) f12 0x7ff8000000000000
core   0: 0x0000000080005d3c (0xd039f653) fcvt.s.lu fa2, s3
core   0: 1 0x0000000080005d3c (0xd039f653) f12 0xffffffff467f8000
core   0: 0x0000000080005d40 (0x43fff843) fmadd.d fa6, ft11, ft11, fs0
core   0: 1 0x0000000080005d40 (0x43fff843) c1_fflags 0x000000000000001f f16 0x43a347e6c032f516
core   0: 0x0000000080005d44 (0x41319317) auipc   t1, 0x41319
core   0: 1 0x0000000080005d44 (0x41319317) x6  0x00000000c131ed44
core   0: 0x0000000080005d48 (0x5199fa13) andi    s4, s3, 1305
core   0: 1 0x0000000080005d48 (0x5199fa13) x20 0x0000000000000500
core   0: 0x0000000080005d4c (0x40085d1b) sraiw   s10, a6, 0
core   0: 1 0x0000000080005d4c (0x40085d1b) x26 0x0000000000000000
core   0: 0x0000000080005d50 (0x40055993) srai    s3, a0, 0
core   0: 1 0x0000000080005d50 (0x40055993) x19 0x000000007fffffff
core   0: 0x0000000080005d54 (0x5a067453) fsqrt.d fs0, fa2
core   0: 1 0x0000000080005d54 (0x5a067453) f8  0x7ff8000000000000
core   0: 0x0000000080005d58 (0x21f28913) addi    s2, t0, 543
core   0: 1 0x0000000080005d58 (0x21f28913) x18 0xffffffff80004c33
core   0: 0x0000000080005d5c (0x4148d733) sra     a4, a7, s4
core   0: 1 0x0000000080005d5c (0x4148d733) x14 0xffffffff80006110
core   0: 0x0000000080005d60 (0xd02972d3) fcvt.s.l ft5, s2
core   0: 1 0x0000000080005d60 (0xd02972d3) c1_fflags 0x000000000000001f f5  0xffffffffceffff68
core   0: 0x0000000080005d64 (0xe61e79b7) lui     s3, 0xe61e7
core   0: 1 0x0000000080005d64 (0xe61e79b7) x19 0xffffffffe61e7000
core   0: 0x0000000080005d68 (0x00d396bb) sllw    a3, t2, a3
core   0: 1 0x0000000080005d68 (0x00d396bb) x13 0x0000000000000000
core   0: 0x0000000080005d6c (0x41d6de9b) sraiw   t4, a3, 29
core   0: 1 0x0000000080005d6c (0x41d6de9b) x29 0x0000000000000000
core   0: 0x0000000080005d70 (0x028660bb) remw    ra, a2, s0
core   0: 1 0x0000000080005d70 (0x028660bb) x1  0xffffffffffffffff
core   0: 0x0000000080005d74 (0xc202f7d3) fcvt.w.d a5, ft5
core   0: 1 0x0000000080005d74 (0xc202f7d3) c1_fflags 0x000000000000001f x15 0x000000007fffffff
core   0: 0x0000000080005d78 (0x4017d11b) sraiw   sp, a5, 1
core   0: 1 0x0000000080005d78 (0x4017d11b) x2  0x000000003fffffff
core   0: 0x0000000080005d7c (0x00025a1b) srliw   s4, tp, 0
core   0: 1 0x0000000080005d7c (0x00025a1b) x20 0x0000000000000000
core   0: 0x0000000080005d80 (0xb22a0793) addi    a5, s4, -1246
core   0: 1 0x0000000080005d80 (0xb22a0793) x15 0xfffffffffffffb22
core   0: 0x0000000080005d84 (0x0004541b) srliw   s0, s0, 0
core   0: 1 0x0000000080005d84 (0x0004541b) x8  0x0000000000000000
core   0: 0x0000000080005d88 (0xb5b68293) addi    t0, a3, -1189
core   0: 1 0x0000000080005d88 (0xb5b68293) x5  0xfffffffffffffb5b
core   0: 0x0000000080005d8c (0xff3a96b7) lui     a3, 0xff3a9
core   0: 1 0x0000000080005d8c (0xff3a96b7) x13 0xffffffffff3a9000
core   0: 0x0000000080005d90 (0xa9f6869b) addiw   a3, a3, -1377
core   0: 1 0x0000000080005d90 (0xa9f6869b) x13 0xffffffffff3a8a9f
core   0: 0x0000000080005d94 (0x000006b6) c.slli  a3, 13
core   0: 1 0x0000000080005d94 (0x06b6) x13 0xffffffe75153e000
core   0: 0x0000000080005d96 (0xd5c68693) addi    a3, a3, -676
core   0: 1 0x0000000080005d96 (0xd5c68693) x13 0xffffffe75153dd5c
core   0: 0x0000000080005d9a (0x00424d33) xor     s10, tp, tp
core   0: 1 0x0000000080005d9a (0x00424d33) x26 0x0000000000000000
core   0: 0x0000000080005d9e (0x4055dc33) sra     s8, a1, t0
core   0: 1 0x0000000080005d9e (0x4055dc33) x24 0x0000000000000000
core   0: 0x0000000080005da2 (0x22850553) fsgnj.d fa0, fa0, fs0
core   0: 1 0x0000000080005da2 (0x22850553) f10 0x7fffffff00000000
core   0: 0x0000000080005da6 (0xa2628253) fle.d   tp, ft5, ft6
core   0: 1 0x0000000080005da6 (0xa2628253) c1_fflags 0x000000000000001f x4  0x0000000000000000
core   0: 0x0000000080005daa (0x0264f6bb) remuw   a3, s1, t1
core   0: 1 0x0000000080005daa (0x0264f6bb) x13 0x0000000000000000
core   0: 0x0000000080005dae (0xc0367253) fcvt.lu.s tp, fa2
core   0: 1 0x0000000080005dae (0xc0367253) x4  0x0000000000003fe0
core   0: 0x0000000080005db2 (0x2aa31b53) fmax.d  fs6, ft6, fa0
core   0: 1 0x0000000080005db2 (0x2aa31b53) f22 0x40dc31747147a34b
core   0: 0x0000000080005db6 (0x00121973) csrrw   s2, fflags, tp
core   0: 1 0x0000000080005db6 (0x00121973) x18 0x000000000000001f c1_fflags 0x0000000000000000
core   0: 0x0000000080005dba (0x02693bb3) mulhu   s7, s2, t1
core   0: 1 0x0000000080005dba (0x02693bb3) x23 0x0000000000000000
core   0: 0x0000000080005dbe (0x40815c9b) sraiw   s9, sp, 8
core   0: 1 0x0000000080005dbe (0x40815c9b) x25 0x00000000003fffff
core   0: 0x0000000080005dc2 (0x4083043b) subw    s0, t1, s0
core   0: 1 0x0000000080005dc2 (0x4083043b) x8  0xffffffffc131ed44
core   0: 0x0000000080005dc6 (0x03026833) rem     a6, tp, a6
core   0: 1 0x0000000080005dc6 (0x03026833) x16 0x0000000000003fe0
core   0: 0x0000000080005dca (0xea2a714b) fnmsub.d ft2, fs4, ft2, ft9
core   0: 1 0x0000000080005dca (0xea2a714b) f2  0x7ff8000000000000
core   0: 0x0000000080005dce (0xca8cfd43) fmadd.d fs10, fs9, fs0, fs9
core   0: 1 0x0000000080005dce (0xca8cfd43) f26 0x7ff8000000000000
core   0: 0x0000000080005dd2 (0x010c1e33) sll     t3, s8, a6
core   0: 1 0x0000000080005dd2 (0x010c1e33) x28 0x0000000000000000
core   0: 0x0000000080005dd6 (0x00202373) csrrs   t1, frm, zero
core   0: 1 0x0000000080005dd6 (0x00202373) x6  0x0000000000000000
core   0: 0x0000000080005dda (0x004e74b3) and     s1, t3, tp
core   0: 1 0x0000000080005dda (0x004e74b3) x9  0x0000000000000000
core   0: 0x0000000080005dde (0x0ff0000f) fence   iorw,iorw
core   0: 1 0x0000000080005dde (0x0ff0000f)
core   0: 0x0000000080005de2 (0x00747e33) and     t3, s0, t2
core   0: 1 0x0000000080005de2 (0x00747e33) x28 0x0000000000000000
core   0: 0x0000000080005de6 (0xd227f9d3) fcvt.d.l fs3, a5
core   0: 1 0x0000000080005de6 (0xd227f9d3) f19 0xc093780000000000
core   0: 0x0000000080005dea (0x025b0a33) mul     s4, s6, t0
core   0: 1 0x0000000080005dea (0x025b0a33) x20 0x0000000000000000
core   0: 0x0000000080005dee (0x4771b097) auipc   ra, 0x4771b
core   0: 1 0x0000000080005dee (0x4771b097) x1  0x00000000c7720dee
core   0: 0x0000000080005df2 (0x024b46b3) div     a3, s6, tp
core   0: 1 0x0000000080005df2 (0x024b46b3) x13 0x0000000000000000
core   0: 0x0000000080005df6 (0xd037a517) auipc   a0, 0xd037a
core   0: 1 0x0000000080005df6 (0xd037a517) x10 0x000000005037fdf6
core   0: 0x0000000080005dfa (0xd0287e53) fcvt.s.l ft8, a6
core   0: 1 0x0000000080005dfa (0xd0287e53) f28 0xffffffff467f8000
core   0: 0x0000000080005dfe (0x43fed293) srai    t0, t4, 63
core   0: 1 0x0000000080005dfe (0x43fed293) x5  0x0000000000000000
core   0: 0x0000000080005e02 (0x009111b3) sll     gp, sp, s1
core   0: 1 0x0000000080005e02 (0x009111b3) x3  0x000000003fffffff
core   0: 0x0000000080005e06 (0x9bae7443) fmadd.d fs0, ft8, fs10, fs3
core   0: 1 0x0000000080005e06 (0x9bae7443) f8  0x7ff8000000000000
core   0: 0x0000000080005e0a (0x0052ad33) slt     s10, t0, t0
core   0: 1 0x0000000080005e0a (0x0052ad33) x26 0x0000000000000000
core   0: 0x0000000080005e0e (0xe20e0d53) fmv.x.d s10, ft8
core   0: 1 0x0000000080005e0e (0xe20e0d53) x26 0xffffffff467f8000
core   0: 0x0000000080005e12 (0x5a067fd3) fsqrt.d ft11, fa2
core   0: 1 0x0000000080005e12 (0x5a067fd3) f31 0x7ff8000000000000
core   0: 0x0000000080005e16 (0x00d86237) lui     tp, 0xd86
core   0: 1 0x0000000080005e16 (0x00d86237) x4  0x0000000000d86000
core   0: 0x0000000080005e1a (0x00003245) c.addiw tp, -15
core   0: 1 0x0000000080005e1a (0x3245) x4  0x0000000000d85ff1
core   0: 0x0000000080005e1c (0x0000023e) c.slli  tp, 15
core   0: 1 0x0000000080005e1c (0x023e) x4  0x0000006c2ff88000
core   0: 0x0000000080005e1e (0x0e520213) addi    tp, tp, 229
core   0: 1 0x0000000080005e1e (0x0e520213) x4  0x0000006c2ff880e5
core   0: 0x0000000080005e22 (0xc03778d3) fcvt.lu.s a7, fa4
core   0: 1 0x0000000080005e22 (0xc03778d3) c1_fflags 0x0000000000000010 x17 0xffffffffffffffff
core   0: 0x0000000080005e26 (0xd22e7ad3) fcvt.d.l fs5, t3
core   0: 1 0x0000000080005e26 (0xd22e7ad3) f21 0x0000000000000000
core   0: 0x0000000080005e2a (0x000cdc93) srli    s9, s9, 0
core   0: 1 0x0000000080005e2a (0x000cdc93) x25 0x00000000003fffff
core   0: 0x0000000080005e2e (0x01aedebb) srlw    t4, t4, s10
core   0: 1 0x0000000080005e2e (0x01aedebb) x29 0x0000000000000000
core   0: 0x0000000080005e32 (0xd22972d3) fcvt.d.l ft5, s2
core   0: 1 0x0000000080005e32 (0xd22972d3) f5  0x403f000000000000
core   0: 0x0000000080005e36 (0x00201a73) csrrw   s4, frm, zero
core   0: 1 0x0000000080005e36 (0x00201a73) x20 0x0000000000000000 c2_frm 0x0000000000000000
core   0: 0x0000000080005e3a (0xc0347453) fcvt.lu.s s0, fs0
core   0: 1 0x0000000080005e3a (0xc0347453) c1_fflags 0x0000000000000010 x8  0xffffffffffffffff
core   0: 0x0000000080005e3e (0x01baaeb3) slt     t4, s5, s11
core   0: 1 0x0000000080005e3e (0x01baaeb3) x29 0x0000000000000001
core   0: 0x0000000080005e42 (0x00229af3) csrrw   s5, frm, t0
core   0: 1 0x0000000080005e42 (0x00229af3) x21 0x0000000000000000 c2_frm 0x0000000000000000
core   0: 0x0000000080005e46 (0x1b9170d3) fdiv.d  ft1, ft2, fs9
core   0: 1 0x0000000080005e46 (0x1b9170d3) f1  0x7ff8000000000000
core   0: 0x0000000080005e4a (0x002e1b73) csrrw   s6, frm, t3
core   0: 1 0x0000000080005e4a (0x002e1b73) x22 0x0000000000000000 c2_frm 0x0000000000000000
core   0: 0x0000000080005e4e (0xc22df1d3) fcvt.l.d gp, fs11
core   0: 1 0x0000000080005e4e (0xc22df1d3) c1_fflags 0x0000000000000010 x3  0x7fffffffffffffff
core   0: 0x0000000080005e52 (0x0101f0b3) and     ra, gp, a6
core   0: 1 0x0000000080005e52 (0x0101f0b3) x1  0x0000000000003fe0
core   0: 0x0000000080005e56 (0x41b2dd3b) sraw    s10, t0, s11
core   0: 1 0x0000000080005e56 (0x41b2dd3b) x26 0x0000000000000000
core   0: 0x0000000080005e5a (0x0391f1d3) fadd.d  ft3, ft3, fs9
core   0: 1 0x0000000080005e5a (0x0391f1d3) f3  0x7ff8000000000000
core   0: 0x0000000080005e5e (0x00fe913b) sllw    sp, t4, a5
core   0: 1 0x0000000080005e5e (0x00fe913b) x2  0x0000000000000004
core   0: 0x0000000080005e62 (0x00000001) c.nop
core   0: 1 0x0000000080005e62 (0x0001)
core   0: 0x0000000080005e64 (0xfff1891b) addiw   s2, gp, -1
core   0: 1 0x0000000080005e64 (0xfff1891b) x18 0xfffffffffffffffe
core   0: 0x0000000080005e68 (0x96d96793) ori     a5, s2, -1683
core   0: 1 0x0000000080005e68 (0x96d96793) x15 0xffffffffffffffff
core   0: 0x0000000080005e6c (0x401d589b) sraiw   a7, s10, 1
core   0: 1 0x0000000080005e6c (0x401d589b) x17 0x0000000000000000
core   0: 0x0000000080005e70 (0xa3437a47) fmsub.d fs4, ft6, fs4, fs4
core   0: 1 0x0000000080005e70 (0xa3437a47) f20 0x7ff8000000000000
core   0: 0x0000000080005e74 (0x0084da3b) srlw    s4, s1, s0
core   0: 1 0x0000000080005e74 (0x0084da3b) x20 0x0000000000000000
core   0: 0x0000000080005e78 (0x403a563b) sraw    a2, s4, gp
core   0: 1 0x0000000080005e78 (0x403a563b) x12 0x0000000000000000
core   0: 0x0000000080005e7c (0x02cc24b3) mulhsu  s1, s8, a2
core   0: 1 0x0000000080005e7c (0x02cc24b3) x9  0x0000000000000000
core   0: 0x0000000080005e80 (0xc031fd53) fcvt.lu.s s10, ft3
core   0: 1 0x0000000080005e80 (0xc031fd53) c1_fflags 0x0000000000000010 x26 0xffffffffffffffff
core   0: 0x0000000080005e84 (0x0b667953) fsub.d  fs2, fa2, fs6
core   0: 1 0x0000000080005e84 (0x0b667953) f18 0x7ff8000000000000
core   0: 0x0000000080005e88 (0x00000001) c.nop
core   0: 1 0x0000000080005e88 (0x0001)
core   0: 0x0000000080005e8a (0x5760021b) addiw   tp, zero, 1398
core   0: 1 0x0000000080005e8a (0x5760021b) x4  0x0000000000000576
core   0: 0x0000000080005e8e (0x00102673) csrrs   a2, fflags, zero
core   0: 1 0x0000000080005e8e (0x00102673) x12 0x0000000000000010
core   0: 0x0000000080005e92 (0x4066db3b) sraw    s6, a3, t1
core   0: 1 0x0000000080005e92 (0x4066db3b) x22 0x0000000000000000
core   0: 0x0000000080005e96 (0xc20b7753) fcvt.w.d a4, fs6
core   0: 1 0x0000000080005e96 (0xc20b7753) c1_fflags 0x0000000000000011 x14 0x00000000000070c6
core   0: 0x0000000080005e9a (0x00202bf3) csrrs   s7, frm, zero
core   0: 1 0x0000000080005e9a (0x00202bf3) x23 0x0000000000000000
core   0: 0x0000000080005e9e (0x7ff32313) slti    t1, t1, 2047
core   0: 1 0x0000000080005e9e (0x7ff32313) x6  0x0000000000000001
core   0: 0x0000000080005ea2 (0x025bee33) rem     t3, s7, t0
core   0: 1 0x0000000080005ea2 (0x025bee33) x28 0x0000000000000000
core   0: 0x0000000080005ea6 (0x4b277ac7) fmsub.d fs5, fa4, fs2, fs1
core   0: 1 0x0000000080005ea6 (0x4b277ac7) f21 0x7ff8000000000000
core   0: 0x0000000080005eaa (0xd03bfdd3) fcvt.s.lu fs11, s7
core   0: 1 0x0000000080005eaa (0xd03bfdd3) f27 0xffffffff00000000
core   0: 0x0000000080005eae (0x34253573) csrrc   a0, mcause, a0
core   0: exception trap_illegal_instruction, epc 0x0000000080005eae
core   0:           tval 0x0000000034253573
core   0: >>>>  $xrv64i2p1_m2p0_a2p1_f2p2_d2p2_zicsr2p0_zifencei2p0_zmmul1p0_zba1p0_zbb1p0_zbc1p0_zbs1p0
core   0: 0x0000000080004000 (0x0080006f) j       pc + 0x8
core   0: 3 0x0000000080004000 (0x0080006f)
core   0: >>>>  mmode_exception_handler
core   0: 0x0000000080004008 (0x00002c17) auipc   s8, 0x2
core   0: 3 0x0000000080004008 (0x00002c17) x24 0x0000000080006008
core   0: 0x000000008000400c (0x108c0c13) addi    s8, s8, 264
core   0: 3 0x000000008000400c (0x108c0c13) x24 0x0000000080006110
core   0: 0x0000000080004010 (0x000c00e7) jalr    s8
core   0: 3 0x0000000080004010 (0x000c00e7) x1  0x0000000080004014
core   0: >>>>  any_handler
core   0: 0x0000000080006110 (0x341027f3) csrrs   a5, mepc, zero
core   0: 3 0x0000000080006110 (0x341027f3) x15 0x0000000080005eae
core   0: 0x0000000080006114 (0x34202773) csrrs   a4, mcause, zero
core   0: 3 0x0000000080006114 (0x34202773) x14 0x0000000000000002
core   0: 0x0000000080006118 (0x142026f3) csrrs   a3, scause, zero
core   0: 3 0x0000000080006118 (0x142026f3) x13 0x0000000000000014
core   0: 0x000000008000611c (0x30402673) csrrs   a2, mie, zero
core   0: 3 0x000000008000611c (0x30402673) x12 0x0000000000000a00
core   0: 0x0000000080006120 (0x344025f3) csrrs   a1, mip, zero
core   0: 3 0x0000000080006120 (0x344025f3) x11 0x0000000000000080
core   0: 0x0000000080006124 (0x343025f3) csrrs   a1, mtval, zero
core   0: 3 0x0000000080006124 (0x343025f3) x11 0x0000000034253573
core   0: 0x0000000080006128 (0x14302573) csrrs   a0, stval, zero
core   0: 3 0x0000000080006128 (0x14302573) x10 0x0000000000000000
core   0: 0x000000008000612c (0xb02024f3) csrrs   s1, minstret, zero
core   0: 3 0x000000008000612c (0xb02024f3) x9  0x0000000000001284
core   0: 0x0000000080006130 (0x0000a811) c.j     pc + 20
core   0: 3 0x0000000080006130 (0xa811)
core   0: >>>>  mepc_4
core   0: 0x0000000080006144 (0x00000791) c.addi  a5, 4
core   0: 3 0x0000000080006144 (0x0791) x15 0x0000000080005eb2
core   0: 0x0000000080006146 (0x34179073) csrrw   zero, mepc, a5
core   0: 3 0x0000000080006146 (0x34179073) c833_mepc 0x0000000080005eb2
core   0: 0x000000008000614a (0x30200073) mret
core   0: 3 0x000000008000614a (0x30200073) c768_mstatus 0x8000000a00106080
core   0: 0x0000000080005eb2 (0x00a40cb3) add     s9, s0, a0
core   0: 1 0x0000000080005eb2 (0x00a40cb3) x25 0xffffffffffffffff
core   0: 0x0000000080005eb6 (0xc0327953) fcvt.lu.s s2, ft4
core   0: 1 0x0000000080005eb6 (0xc0327953) c1_fflags 0x0000000000000011 x18 0xffffffffffffffff
core   0: 0x0000000080005eba (0x012c8833) add     a6, s9, s2
core   0: 1 0x0000000080005eba (0x012c8833) x16 0xfffffffffffffffe
core   0: 0x0000000080005ebe (0x00101073) csrrw   zero, fflags, zero
core   0: 1 0x0000000080005ebe (0x00101073) c1_fflags 0x0000000000000000
core   0: 0x0000000080005ec2 (0xa2a576c7) fmsub.d fa3, fa0, fa0, fs4
core   0: 1 0x0000000080005ec2 (0xa2a576c7) f13 0x7ff8000000000000
core   0: 0x0000000080005ec6 (0x02edfb3b) remuw   s6, s11, a4
core   0: 1 0x0000000080005ec6 (0x02edfb3b) x22 0x0000000000000000
core   0: 0x0000000080005eca (0x002025f3) csrrs   a1, frm, zero
core   0: 1 0x0000000080005eca (0x002025f3) x11 0x0000000000000000
core   0: 0x0000000080005ece (0x00000001) c.nop
core   0: 1 0x0000000080005ece (0x0001)
core   0: 0x0000000080005ed0 (0x00102573) csrrs   a0, fflags, zero
core   0: 1 0x0000000080005ed0 (0x00102573) x10 0x0000000000000000
core   0: 0x0000000080005ed4 (0x013add3b) srlw    s10, s5, s3
core   0: 1 0x0000000080005ed4 (0x013add3b) x26 0x0000000000000000
core   0: 0x0000000080005ed8 (0x5a057353) fsqrt.d ft6, fa0
core   0: 1 0x0000000080005ed8 (0x5a057353) f6  0x7ff8000000000000
core   0: 0x0000000080005edc (0xc026f353) fcvt.l.s t1, fa3
core   0: 1 0x0000000080005edc (0xc026f353) c1_fflags 0x0000000000000010 x6  0x7fffffffffffffff
core   0: 0x0000000080005ee0 (0x007cd3b3) srl     t2, s9, t2
core   0: 1 0x0000000080005ee0 (0x007cd3b3) x7  0xffffffffffffffff
core   0: 0x0000000080005ee4 (0x4fac819b) addiw   gp, s9, 1274
core   0: 1 0x0000000080005ee4 (0x4fac819b) x3  0x00000000000004f9
core   0: 0x0000000080005ee8 (0x02d57953) fadd.d  fs2, fa0, fa3
core   0: 1 0x0000000080005ee8 (0x02d57953) f18 0x7ff8000000000000
core   0: 0x0000000080005eec (0x027d9eb3) mulh    t4, s11, t2
core   0: 1 0x0000000080005eec (0x027d9eb3) x29 0x0000000000000000
core   0: 0x0000000080005ef0 (0xffda67b7) lui     a5, 0xffda6
core   0: 1 0x0000000080005ef0 (0xffda67b7) x15 0xffffffffffda6000
core   0: 0x0000000080005ef4 (0xf6d7879b) addiw   a5, a5, -147
core   0: 1 0x0000000080005ef4 (0xf6d7879b) x15 0xffffffffffda5f6d
core   0: 0x0000000080005ef8 (0x000007ba) c.slli  a5, 14
core   0: 1 0x0000000080005ef8 (0x07ba) x15 0xfffffff697db4000
core   0: 0x0000000080005efa (0x8fd78793) addi    a5, a5, -1795
core   0: 1 0x0000000080005efa (0x8fd78793) x15 0xfffffff697db38fd
core   0: 0x0000000080005efe (0x0015821b) addiw   tp, a1, 1
core   0: 1 0x0000000080005efe (0x0015821b) x4  0x0000000000000001
core   0: 0x0000000080005f02 (0x029de43b) remw    s0, s11, s1
core   0: 1 0x0000000080005f02 (0x029de43b) x8  0x0000000000000000
core   0: 0x0000000080005f06 (0x403506bb) subw    a3, a0, gp
core   0: 1 0x0000000080005f06 (0x403506bb) x13 0xfffffffffffffb07
core   0: 0x0000000080005f0a (0x0ff0000f) fence   iorw,iorw
core   0: 1 0x0000000080005f0a (0x0ff0000f)
core   0: 0x0000000080005f0e (0xfbf6fdcb) fnmsub.d fs11, fa3, ft11, ft11
core   0: 1 0x0000000080005f0e (0xfbf6fdcb) f27 0x7ff8000000000000
core   0: 0x0000000080005f12 (0x02c50e3b) mulw    t3, a0, a2
core   0: 1 0x0000000080005f12 (0x02c50e3b) x28 0x0000000000000000
core   0: 0x0000000080005f16 (0x00000001) c.nop
core   0: 1 0x0000000080005f16 (0x0001)
core   0: 0x0000000080005f18 (0x00202af3) csrrs   s5, frm, zero
core   0: 1 0x0000000080005f18 (0x00202af3) x21 0x0000000000000000
core   0: 0x0000000080005f1c (0x123b7b4f) fnmadd.d fs6, fs6, ft3, ft2
core   0: 1 0x0000000080005f1c (0x123b7b4f) f22 0x7ff8000000000000
core   0: 0x0000000080005f20 (0x400b5e1b) sraiw   t3, s6, 0
core   0: 1 0x0000000080005f20 (0x400b5e1b) x28 0x0000000000000000
core   0: 0x0000000080005f24 (0xc03175d3) fcvt.lu.s a1, ft2
core   0: 1 0x0000000080005f24 (0xc03175d3) c1_fflags 0x0000000000000010 x11 0xffffffffffffffff
core   0: 0x0000000080005f28 (0x00289af3) csrrw   s5, frm, a7
core   0: 1 0x0000000080005f28 (0x00289af3) x21 0x0000000000000000 c2_frm 0x0000000000000000
core   0: 0x0000000080005f2c (0x23610253) fsgnj.d ft4, ft2, fs6
core   0: 1 0x0000000080005f2c (0x23610253) f4  0x7ff8000000000000
core   0: 0x0000000080005f30 (0xd21d84d3) fcvt.d.wu fs1, s11
core   0: 1 0x0000000080005f30 (0xd21d84d3) f9  0x0000000000000000
core   0: 0x0000000080005f34 (0x025e6d33) rem     s10, t3, t0
core   0: 1 0x0000000080005f34 (0x025e6d33) x26 0x0000000000000000
core   0: 0x0000000080005f38 (0x1a77fb53) fdiv.d  fs6, fa5, ft7
core   0: 1 0x0000000080005f38 (0x1a77fb53) f22 0x7ff8000000000000
core   0: 0x0000000080005f3c (0x00009e72) c.add   t3, t3
core   0: 1 0x0000000080005f3c (0x9e72) x28 0x0000000000000000
core   0: 0x0000000080005f3e (0x037b93b3) mulh    t2, s7, s7
core   0: 1 0x0000000080005f3e (0x037b93b3) x7  0x0000000000000000
core   0: 0x0000000080005f42 (0x418384bb) subw    s1, t2, s8
core   0: 1 0x0000000080005f42 (0x418384bb) x9  0x000000007fff9ef0
core   0: 0x0000000080005f46 (0x4118d133) sra     sp, a7, a7
core   0: 1 0x0000000080005f46 (0x4118d133) x2  0x0000000000000000
core   0: 0x0000000080005f4a (0x02ec4abb) divw    s5, s8, a4
core   0: 1 0x0000000080005f4a (0x02ec4abb) x21 0xffffffffc0003088
core   0: 0x0000000080005f4e (0x0277fb3b) remuw   s6, a5, t2
core   0: 1 0x0000000080005f4e (0x0277fb3b) x22 0xffffffff97db38fd
core   0: 0x0000000080005f52 (0x40b0de1b) sraiw   t3, ra, 11
core   0: 1 0x0000000080005f52 (0x40b0de1b) x28 0xfffffffffff00008
core   0: 0x0000000080005f56 (0x02f7b333) mulhu   t1, a5, a5
core   0: 1 0x0000000080005f56 (0x02f7b333) x6  0xffffffed2fb67252
core   0: 0x0000000080005f5a (0x420b04d3) fcvt.d.s fs1, fs6
core   0: 1 0x0000000080005f5a (0x420b04d3) f9  0x7ff8000000000000
core   0: 0x0000000080005f5e (0x03c42d33) mulhsu  s10, s0, t3
core   0: 1 0x0000000080005f5e (0x03c42d33) x26 0x0000000000000000
core   0: 0x0000000080005f62 (0x9300f093) andi    ra, ra, -1744
core   0: 1 0x0000000080005f62 (0x9300f093) x1  0x0000000080004010
core   0: 0x0000000080005f66 (0x030b6b33) rem     s6, s6, a6
core   0: 1 0x0000000080005f66 (0x030b6b33) x22 0xffffffffffffffff
core   0: 0x0000000080005f6a (0xc03272d3) fcvt.lu.s t0, ft4
core   0: 1 0x0000000080005f6a (0xc03272d3) c1_fflags 0x0000000000000010 x5  0xffffffffffffffff
core   0: 0x0000000080005f6e (0x0018dd13) srli    s10, a7, 1
core   0: 1 0x0000000080005f6e (0x0018dd13) x26 0x0000000000000000
core   0: 0x0000000080005f72 (0x41cd883b) subw    a6, s11, t3
core   0: 1 0x0000000080005f72 (0x41cd883b) x16 0x00000000000ffff8
core   0: 0x0000000080005f76 (0x01a3da33) srl     s4, t2, s10
core   0: 1 0x0000000080005f76 (0x01a3da33) x20 0x0000000000000000
core   0: 0x0000000080005f7a (0xf9c01097) auipc   ra, 0xf9c01
core   0: 1 0x0000000080005f7a (0xf9c01097) x1  0x0000000079c06f7a
core   0: 0x0000000080005f7e (0x00658a33) add     s4, a1, t1
core   0: 1 0x0000000080005f7e (0x00658a33) x20 0xffffffed2fb67251
core   0: 0x0000000080005f82 (0x9332f2c3) fmadd.d ft5, ft5, fs3, fs2
core   0: 1 0x0000000080005f82 (0x9332f2c3) f5  0x7ff8000000000000
core   0: 0x0000000080005f86 (0x40215e1b) sraiw   t3, sp, 2
core   0: 1 0x0000000080005f86 (0x40215e1b) x28 0x0000000000000000
core   0: 0x0000000080005f8a (0xdc664793) xori    a5, a2, -570
core   0: 1 0x0000000080005f8a (0xdc664793) x15 0xfffffffffffff7c6
core   0: 0x0000000080005f8e (0x00000001) c.nop
core   0: 1 0x0000000080005f8e (0x0001)
core   0: 0x0000000080005f90 (0x00000001) c.nop
core   0: 1 0x0000000080005f90 (0x0001)
core   0: 0x0000000080005f92 (0x5a0977d3) fsqrt.d fa5, fs2
core   0: 1 0x0000000080005f92 (0x5a0977d3) f15 0x7ff8000000000000
core   0: 0x0000000080005f96 (0xd2297653) fcvt.d.l fa2, s2
core   0: 1 0x0000000080005f96 (0xd2297653) f12 0xbff0000000000000
core   0: 0x0000000080005f9a (0x80084313) xori    t1, a6, -2048
core   0: 1 0x0000000080005f9a (0x80084313) x6  0xfffffffffff007f8
core   0: 0x0000000080005f9e (0xc205fad3) fcvt.w.d s5, fa1
core   0: 1 0x0000000080005f9e (0xc205fad3) x21 0x00000000000000ea
core   0: 0x0000000080005fa2 (0xd2100fd3) fcvt.d.wu ft11, zero
core   0: 1 0x0000000080005fa2 (0xd2100fd3) f31 0x0000000000000000
core   0: 0x0000000080005fa6 (0x6347071b) addiw   a4, a4, 1588
core   0: 1 0x0000000080005fa6 (0x6347071b) x14 0x0000000000000636
core   0: 0x0000000080005faa (0x01b78833) add     a6, a5, s11
core   0: 1 0x0000000080005faa (0x01b78833) x16 0xfffffffffffff7c6
core   0: 0x0000000080005fae (0x00d5959b) slliw   a1, a1, 13
core   0: 1 0x0000000080005fae (0x00d5959b) x11 0xffffffffffffe000
core   0: 0x0000000080005fb2 (0xa2c20453) fle.d   s0, ft4, fa2
core   0: 1 0x0000000080005fb2 (0xa2c20453) c1_fflags 0x0000000000000010 x8  0x0000000000000000
core   0: 0x0000000080005fb6 (0x12adf153) fmul.d  ft2, fs11, fa0
core   0: 1 0x0000000080005fb6 (0x12adf153) f2  0x7ff8000000000000
core   0: 0x0000000080005fba (0xa3ff81d3) fle.d   gp, ft11, ft11
core   0: 1 0x0000000080005fba (0xa3ff81d3) x3  0x0000000000000001
core   0: 0x0000000080005fbe (0x7ff28713) addi    a4, t0, 2047
core   0: 1 0x0000000080005fbe (0x7ff28713) x14 0x00000000000007fe
core   0: 0x0000000080005fc2 (0x00be13bb) sllw    t2, t3, a1
core   0: 1 0x0000000080005fc2 (0x00be13bb) x7  0x0000000000000000
core   0: 0x0000000080005fc6 (0x00165913) srli    s2, a2, 1
core   0: 1 0x0000000080005fc6 (0x00165913) x18 0x0000000000000500
core   0: 0x0000000080005fca (0x02994633) div     a2, s2, s1
core   0: 1 0x0000000080005fca (0x02994633) x12 0x0000000000000000
core   0: 0x0000000080005fce (0x02cefb53) fadd.d  fs6, ft9, fa2
core   0: 1 0x0000000080005fce (0x02cefb53) f22 0x41c8d6d834000000
core   0: 0x0000000080005fd2 (0x3069bb73) csrrc   s6, mcounteren, s3
core   0: exception trap_illegal_instruction, epc 0x0000000080005fd2
core   0:           tval 0x000000003069bb73
core   0: >>>>  $xrv64i2p1_m2p0_a2p1_f2p2_d2p2_zicsr2p0_zifencei2p0_zmmul1p0_zba1p0_zbb1p0_zbc1p0_zbs1p0
core   0: 0x0000000080004000 (0x0080006f) j       pc + 0x8
core   0: 3 0x0000000080004000 (0x0080006f)
core   0: >>>>  mmode_exception_handler
core   0: 0x0000000080004008 (0x00002c17) auipc   s8, 0x2
core   0: 3 0x0000000080004008 (0x00002c17) x24 0x0000000080006008
core   0: 0x000000008000400c (0x108c0c13) addi    s8, s8, 264
core   0: 3 0x000000008000400c (0x108c0c13) x24 0x0000000080006110
core   0: 0x0000000080004010 (0x000c00e7) jalr    s8
core   0: 3 0x0000000080004010 (0x000c00e7) x1  0x0000000080004014
core   0: >>>>  any_handler
core   0: 0x0000000080006110 (0x341027f3) csrrs   a5, mepc, zero
core   0: 3 0x0000000080006110 (0x341027f3) x15 0x0000000080005fd2
core   0: 0x0000000080006114 (0x34202773) csrrs   a4, mcause, zero
core   0: 3 0x0000000080006114 (0x34202773) x14 0x0000000000000002
core   0: 0x0000000080006118 (0x142026f3) csrrs   a3, scause, zero
core   0: 3 0x0000000080006118 (0x142026f3) x13 0x0000000000000014
core   0: 0x000000008000611c (0x30402673) csrrs   a2, mie, zero
core   0: 3 0x000000008000611c (0x30402673) x12 0x0000000000000a00
core   0: 0x0000000080006120 (0x344025f3) csrrs   a1, mip, zero
core   0: 3 0x0000000080006120 (0x344025f3) x11 0x0000000000000080
core   0: 0x0000000080006124 (0x343025f3) csrrs   a1, mtval, zero
core   0: 3 0x0000000080006124 (0x343025f3) x11 0x000000003069bb73
core   0: 0x0000000080006128 (0x14302573) csrrs   a0, stval, zero
core   0: 3 0x0000000080006128 (0x14302573) x10 0x0000000000000000
core   0: 0x000000008000612c (0xb02024f3) csrrs   s1, minstret, zero
core   0: 3 0x000000008000612c (0xb02024f3) x9  0x00000000000012df
core   0: 0x0000000080006130 (0x0000a811) c.j     pc + 20
core   0: 3 0x0000000080006130 (0xa811)
core   0: >>>>  mepc_4
core   0: 0x0000000080006144 (0x00000791) c.addi  a5, 4
core   0: 3 0x0000000080006144 (0x0791) x15 0x0000000080005fd6
core   0: 0x0000000080006146 (0x34179073) csrrw   zero, mepc, a5
core   0: 3 0x0000000080006146 (0x34179073) c833_mepc 0x0000000080005fd6
core   0: 0x000000008000614a (0x30200073) mret
core   0: 3 0x000000008000614a (0x30200073) c768_mstatus 0x8000000a00106080
core   0: 0x0000000080005fd6 (0xc04df9f3) csrrci  s3, hpmcounter4, 27
core   0: exception trap_illegal_instruction, epc 0x0000000080005fd6
core   0:           tval 0x00000000c04df9f3
core   0: >>>>  $xrv64i2p1_m2p0_a2p1_f2p2_d2p2_zicsr2p0_zifencei2p0_zmmul1p0_zba1p0_zbb1p0_zbc1p0_zbs1p0
core   0: 0x0000000080004000 (0x0080006f) j       pc + 0x8
core   0: 3 0x0000000080004000 (0x0080006f)
core   0: >>>>  mmode_exception_handler
core   0: 0x0000000080004008 (0x00002c17) auipc   s8, 0x2
core   0: 3 0x0000000080004008 (0x00002c17) x24 0x0000000080006008
core   0: 0x000000008000400c (0x108c0c13) addi    s8, s8, 264
core   0: 3 0x000000008000400c (0x108c0c13) x24 0x0000000080006110
core   0: 0x0000000080004010 (0x000c00e7) jalr    s8
core   0: 3 0x0000000080004010 (0x000c00e7) x1  0x0000000080004014
core   0: >>>>  any_handler
core   0: 0x0000000080006110 (0x341027f3) csrrs   a5, mepc, zero
core   0: 3 0x0000000080006110 (0x341027f3) x15 0x0000000080005fd6
core   0: 0x0000000080006114 (0x34202773) csrrs   a4, mcause, zero
core   0: 3 0x0000000080006114 (0x34202773) x14 0x0000000000000002
core   0: 0x0000000080006118 (0x142026f3) csrrs   a3, scause, zero
core   0: 3 0x0000000080006118 (0x142026f3) x13 0x0000000000000014
core   0: 0x000000008000611c (0x30402673) csrrs   a2, mie, zero
core   0: 3 0x000000008000611c (0x30402673) x12 0x0000000000000a00
core   0: 0x0000000080006120 (0x344025f3) csrrs   a1, mip, zero
core   0: 3 0x0000000080006120 (0x344025f3) x11 0x0000000000000080
core   0: 0x0000000080006124 (0x343025f3) csrrs   a1, mtval, zero
core   0: 3 0x0000000080006124 (0x343025f3) x11 0x00000000c04df9f3
core   0: 0x0000000080006128 (0x14302573) csrrs   a0, stval, zero
core   0: 3 0x0000000080006128 (0x14302573) x10 0x0000000000000000
core   0: 0x000000008000612c (0xb02024f3) csrrs   s1, minstret, zero
core   0: 3 0x000000008000612c (0xb02024f3) x9  0x00000000000012ef
core   0: 0x0000000080006130 (0x0000a811) c.j     pc + 20
core   0: 3 0x0000000080006130 (0xa811)
core   0: >>>>  mepc_4
core   0: 0x0000000080006144 (0x00000791) c.addi  a5, 4
core   0: 3 0x0000000080006144 (0x0791) x15 0x0000000080005fda
core   0: 0x0000000080006146 (0x34179073) csrrw   zero, mepc, a5
core   0: 3 0x0000000080006146 (0x34179073) c833_mepc 0x0000000080005fda
core   0: 0x000000008000614a (0x30200073) mret
core   0: 3 0x000000008000614a (0x30200073) c768_mstatus 0x8000000a00106080
core   0: 0x0000000080005fda (0xd23b76d3) fcvt.d.lu fa3, s6
core   0: 1 0x0000000080005fda (0xd23b76d3) c1_fflags 0x0000000000000011 f13 0x43f0000000000000
core   0: 0x0000000080005fde (0x0369b3b3) mulhu   t2, s3, s6
core   0: 1 0x0000000080005fde (0x0369b3b3) x7  0xffffffffe61e6fff
core   0: 0x0000000080005fe2 (0x00000001) c.nop
core   0: 1 0x0000000080005fe2 (0x0001)
core   0: 0x0000000080005fe4 (0x0019819b) addiw   gp, s3, 1
core   0: 1 0x0000000080005fe4 (0x0019819b) x3  0xffffffffe61e7001
core   0: 0x0000000080005fe8 (0x408ddd9b) sraiw   s11, s11, 8
core   0: 1 0x0000000080005fe8 (0x408ddd9b) x27 0x0000000000000000
core   0: 0x0000000080005fec (0xc237f253) fcvt.lu.d tp, fa5
core   0: 1 0x0000000080005fec (0xc237f253) c1_fflags 0x0000000000000011 x4  0xffffffffffffffff
core   0: 0x0000000080005ff0 (0x40f4d5bb) sraw    a1, s1, a5
core   0: 1 0x0000000080005ff0 (0x40f4d5bb) x11 0x0000000000000000
core   0: 0x0000000080005ff4 (0x0095dcb3) srl     s9, a1, s1
core   0: 1 0x0000000080005ff4 (0x0095dcb3) x25 0x0000000000000000
core   0: 0x0000000080005ff8 (0x03d8aab3) mulhsu  s5, a7, t4
core   0: 1 0x0000000080005ff8 (0x03d8aab3) x21 0x0000000000000000
core   0: 0x0000000080005ffc (0x23af8d53) fsgnj.d fs10, ft11, fs10
core   0: 1 0x0000000080005ffc (0x23af8d53) f26 0x0000000000000000
core   0: 0x0000000080006000 (0xc206f2d3) fcvt.w.d t0, fa3
core   0: 1 0x0000000080006000 (0xc206f2d3) c1_fflags 0x0000000000000011 x5  0x000000007fffffff
core   0: 0x0000000080006004 (0x03195433) divu    s0, s2, a7
core   0: 1 0x0000000080006004 (0x03195433) x8  0xffffffffffffffff
core   0: 0x0000000080006008 (0x0012da9b) srliw   s5, t0, 1
core   0: 1 0x0000000080006008 (0x0012da9b) x21 0x000000003fffffff
core   0: 0x000000008000600c (0x00101273) csrrw   tp, fflags, zero
core   0: 1 0x000000008000600c (0x00101273) x4  0x0000000000000011 c1_fflags 0x0000000000000000
core   0: 0x0000000080006010 (0xe2078e53) fmv.x.d t3, fa5
core   0: 1 0x0000000080006010 (0xe2078e53) x28 0x7ff8000000000000
core   0: 0x0000000080006014 (0x00ab18bb) sllw    a7, s6, a0
core   0: 1 0x0000000080006014 (0x00ab18bb) x17 0xffffffffffffffff
core   0: 0x0000000080006018 (0x00ed2ab3) slt     s5, s10, a4
core   0: 1 0x0000000080006018 (0x00ed2ab3) x21 0x0000000000000001
core   0: 0x000000008000601c (0x01398d33) add     s10, s3, s3
core   0: 1 0x000000008000601c (0x01398d33) x26 0xffffffffcc3ce000
core   0: 0x0000000080006020 (0x0a704517) auipc   a0, 0xa704
core   0: 1 0x0000000080006020 (0x0a704517) x10 0x000000008a70a020
core   0: 0x0000000080006024 (0x000240b3) xor     ra, tp, zero
core   0: 1 0x0000000080006024 (0x000240b3) x1  0x0000000000000011
core   0: 0x0000000080006028 (0x000ccc93) xori    s9, s9, 0
core   0: 1 0x0000000080006028 (0x000ccc93) x25 0x0000000000000000
core   0: 0x000000008000602c (0x02fa8db3) mul     s11, s5, a5
core   0: 1 0x000000008000602c (0x02fa8db3) x27 0x0000000080005fda
core   0: 0x0000000080006030 (0x7ff5c313) xori    t1, a1, 2047
core   0: 1 0x0000000080006030 (0x7ff5c313) x6  0x00000000000007ff
core   0: 0x0000000080006034 (0xfffe0093) addi    ra, t3, -1
core   0: 1 0x0000000080006034 (0xfffe0093) x1  0x7ff7ffffffffffff
core   0: 0x0000000080006038 (0x22372653) fsgnjx.d fa2, fa4, ft3
core   0: 1 0x0000000080006038 (0x22372653) f12 0x7ff8000000000000
core   0: 0x000000008000603c (0x2b2603d3) fmin.d  ft7, fa2, fs2
core   0: 1 0x000000008000603c (0x2b2603d3) f7  0x7ff8000000000000
core   0: 0x0000000080006040 (0x000c5d1b) srliw   s10, s8, 0
core   0: 1 0x0000000080006040 (0x000c5d1b) x26 0xffffffff80006110
core   0: 0x0000000080006044 (0x0a7ff8d3) fsub.d  fa7, ft11, ft7
core   0: 1 0x0000000080006044 (0x0a7ff8d3) f17 0x7ff8000000000000
core   0: 0x0000000080006048 (0x9a86f44f) fnmadd.d fs0, fa3, fs0, fs3
core   0: 1 0x0000000080006048 (0x9a86f44f) f8  0x7ff8000000000000
core   0: 0x000000008000604c (0x6b4ed0b7) lui     ra, 0x6b4ed
core   0: 1 0x000000008000604c (0x6b4ed0b7) x1  0x000000006b4ed000
core   0: 0x0000000080006050 (0xd21d8c53) fcvt.d.wu fs8, s11
core   0: 1 0x0000000080006050 (0xd21d8c53) f24 0x41e0000bfb400000
core   0: 0x0000000080006054 (0x02d6f6b3) remu    a3, a3, a3
core   0: 1 0x0000000080006054 (0x02d6f6b3) x13 0x0000000000000000
core   0: 0x0000000080006058 (0x01b0a933) slt     s2, ra, s11
core   0: 1 0x0000000080006058 (0x01b0a933) x18 0x0000000000000001
core   0: 0x000000008000605c (0x00005813) srli    a6, zero, 0
core   0: 1 0x000000008000605c (0x00005813) x16 0x0000000000000000
core   0: 0x0000000080006060 (0x409a599b) sraiw   s3, s4, 9
core   0: 1 0x0000000080006060 (0x409a599b) x19 0x000000000017db39
core   0: 0x0000000080006064 (0xc228f353) fcvt.l.d t1, fa7
core   0: 1 0x0000000080006064 (0xc228f353) c1_fflags 0x0000000000000010 x6  0x7fffffffffffffff
core   0: 0x0000000080006068 (0xc210f0d3) fcvt.wu.d ra, ft1
core   0: 1 0x0000000080006068 (0xc210f0d3) c1_fflags 0x0000000000000010 x1  0xffffffffffffffff
core   0: 0x000000008000606c (0x0300e3bb) remw    t2, ra, a6
core   0: 1 0x000000008000606c (0x0300e3bb) x7  0xffffffffffffffff
core   0: 0x0000000080006070 (0x0116013b) addw    sp, a2, a7
core   0: 1 0x0000000080006070 (0x0116013b) x2  0x00000000000009ff
core   0: 0x0000000080006074 (0x7ffb4a93) xori    s5, s6, 2047
core   0: 1 0x0000000080006074 (0x7ffb4a93) x21 0xfffffffffffff800
core   0: 0x0000000080006078 (0x010c579b) srliw   a5, s8, 16
core   0: 1 0x0000000080006078 (0x010c579b) x15 0x0000000000008000
core   0: 0x000000008000607c (0x2ad59253) fmax.d  ft4, fa1, fa3
core   0: 1 0x000000008000607c (0x2ad59253) f4  0x43f0000000000000
core   0: 0x0000000080006080 (0x40db0633) sub     a2, s6, a3
core   0: 1 0x0000000080006080 (0x40db0633) x12 0xffffffffffffffff
core   0: 0x0000000080006084 (0x01760d3b) addw    s10, a2, s7
core   0: 1 0x0000000080006084 (0x01760d3b) x26 0xffffffffffffffff
core   0: 0x0000000080006088 (0x6a338037) lui     zero, 0x6a338
core   0: 1 0x0000000080006088 (0x6a338037)
core   0: 0x000000008000608c (0x0199c8b3) xor     a7, s3, s9
core   0: 1 0x000000008000608c (0x0199c8b3) x17 0x000000000017db39
core   0: 0x0000000080006090 (0x01106a33) or      s4, zero, a7
core   0: 1 0x0000000080006090 (0x01106a33) x20 0x000000000017db39
core   0: 0x0000000080006094 (0xd03afbd3) fcvt.s.lu fs7, s5
core   0: 1 0x0000000080006094 (0xd03afbd3) c1_fflags 0x0000000000000011 f23 0xffffffff5f800000
core   0: 0x0000000080006098 (0xc03f7dd3) fcvt.lu.s s11, ft10
core   0: 1 0x0000000080006098 (0xc03f7dd3) c1_fflags 0x0000000000000011 x27 0xffffffffffffffff
core   0: 0x000000008000609c (0x02189cb3) mulh    s9, a7, ra
core   0: 1 0x000000008000609c (0x02189cb3) x25 0xffffffffffffffff
core   0: 0x00000000800060a0 (0x5b757dcb) fnmsub.d fs11, fa0, fs7, fa1
core   0: 1 0x00000000800060a0 (0x5b757dcb) f27 0x7ff8000000000000
core   0: 0x00000000800060a4 (0x43fbd813) srai    a6, s7, 63
core   0: 1 0x00000000800060a4 (0x43fbd813) x16 0x0000000000000000
core   0: 0x00000000800060a8 (0xebd4fa4b) fnmsub.d fs4, fs1, ft9, ft9
core   0: 1 0x00000000800060a8 (0xebd4fa4b) f20 0x7ff8000000000000
core   0: 0x00000000800060ac (0x03befed3) fadd.d  ft9, ft9, fs11
core   0: 1 0x00000000800060ac (0x03befed3) f29 0x7ff8000000000000
core   0: 0x00000000800060b0 (0x6fd2e293) ori     t0, t0, 1789
core   0: 1 0x00000000800060b0 (0x6fd2e293) x5  0x000000007fffffff
core   0: 0x00000000800060b4 (0x00a637b7) lui     a5, 0xa63
core   0: 1 0x00000000800060b4 (0x00a637b7) x15 0x0000000000a63000
core   0: 0x00000000800060b8 (0xdcb7879b) addiw   a5, a5, -565
core   0: 1 0x00000000800060b8 (0xdcb7879b) x15 0x0000000000a62dcb
core   0: 0x00000000800060bc (0x000007ba) c.slli  a5, 14
core   0: 1 0x00000000800060bc (0x07ba) x15 0x000000298b72c000
core   0: 0x00000000800060be (0xa8178793) addi    a5, a5, -1407
core   0: 1 0x00000000800060be (0xa8178793) x15 0x000000298b72ba81
core   0: 0x00000000800060c2 (0x02f0033b) mulw    t1, zero, a5
core   0: 1 0x00000000800060c2 (0x02f0033b) x6  0x0000000000000000
core   0: 0x00000000800060c6 (0xc23a7cd3) fcvt.lu.d s9, fs4
core   0: 1 0x00000000800060c6 (0xc23a7cd3) c1_fflags 0x0000000000000011 x25 0xffffffffffffffff
core   0: 0x00000000800060ca (0x026308bb) mulw    a7, t1, t1
core   0: 1 0x00000000800060ca (0x026308bb) x17 0x0000000000000000
core   0: 0x00000000800060ce (0xf20b0cd3) fmv.d.x fs9, s6
core   0: 1 0x00000000800060ce (0xf20b0cd3) f25 0xffffffffffffffff
core   0: 0x00000000800060d2 (0x824cf1cb) fnmsub.d ft3, fs9, ft4, fa6
core   0: 1 0x00000000800060d2 (0x824cf1cb) f3  0x7ff8000000000000
core   0: 0x00000000800060d6 (0x0008d81b) srliw   a6, a7, 0
core   0: 1 0x00000000800060d6 (0x0008d81b) x16 0x0000000000000000
core   0: 0x00000000800060da (0x02a0753b) remuw   a0, zero, a0
core   0: 1 0x00000000800060da (0x02a0753b) x10 0x0000000000000000
core   0: 0x00000000800060de (0xd22376d3) fcvt.d.l fa3, t1
core   0: 1 0x00000000800060de (0xd22376d3) f13 0x0000000000000000
core   0: 0x00000000800060e2 (0xc2297cd3) fcvt.l.d s9, fs2
core   0: 1 0x00000000800060e2 (0xc2297cd3) c1_fflags 0x0000000000000011 x25 0x7fffffffffffffff
core   0: 0x00000000800060e6 (0x010c823b) addw    tp, s9, a6
core   0: 1 0x00000000800060e6 (0x010c823b) x4  0xffffffffffffffff
core   0: 0x00000000800060ea (0x00950ebb) addw    t4, a0, s1
core   0: 1 0x00000000800060ea (0x00950ebb) x29 0x00000000000012ef
core   0: 0x00000000800060ee (0xc039f6d3) fcvt.lu.s a3, fs3
core   0: 1 0x00000000800060ee (0xc039f6d3) c1_fflags 0x0000000000000011 x13 0xffffffffffffffff
core   0: 0x00000000800060f2 (0x001b7433) and     s0, s6, ra
core   0: 1 0x00000000800060f2 (0x001b7433) x8  0xffffffffffffffff
core   0: 0x00000000800060f6 (0x412589b3) sub     s3, a1, s2
core   0: 1 0x00000000800060f6 (0x412589b3) x19 0xffffffffffffffff
core   0: 0x00000000800060fa (0x00286133) or      sp, a6, sp
core   0: 1 0x00000000800060fa (0x00286133) x2  0x00000000000009ff
core   0: 0x00000000800060fe (0x0050f0b3) and     ra, ra, t0
core   0: 1 0x00000000800060fe (0x0050f0b3) x1  0x000000007fffffff
core   0: 0x0000000080006102 (0x4200d393) srai    t2, ra, 32
core   0: 1 0x0000000080006102 (0x4200d393) x7  0x0000000000000000
core   0: 0x0000000080006106 (0x02198eb3) mul     t4, s3, ra
core   0: 1 0x0000000080006106 (0x02198eb3) x29 0xffffffff80000001
core   0: >>>>  write_tohost
core   0: 0x000000008000610a (0x8dafa0ef) jal     pc - 0x5f26
core   0: 1 0x000000008000610a (0x8dafa0ef) x1  0x000000008000610e
core   0: >>>>  _exit
core   0: 0x00000000800001e4 (0x00004505) c.li    a0, 1
core   0: 1 0x00000000800001e4 (0x4505) x10 0x0000000000000001
core   0: 0x00000000800001e6 (0x00001f17) auipc   t5, 0x1
core   0: 1 0x00000000800001e6 (0x00001f17) x30 0x00000000800011e6
core   0: 0x00000000800001ea (0xe0af2d23) sw      a0, -486(t5)
core   0: 1 0x00000000800001ea (0xe0af2d23) mem 0x0000000080001000 0x00000001
cp /home/server/RISCV/cva6/verif/sim/out/seed_1921/spike_sim/new_seeds_1921_.cv64a6_imafdc_sv39.log.iss /home/server/RISCV/cva6/verif/sim/out/seed_1921/spike_sim/new_seeds_1921_.cv64a6_imafdc_sv39.log
