Makefile:14: must set CVA6_REPO_DIR to point at the root of CVA6 sources and CVA6_TB_DIR to point here -- doing it for you...
LD_LIBRARY_PATH="$(realpath ../../tools/spike/lib):$LD_LIBRARY_PATH" \
	/home/server/RISCV/cva6/tools/spike/bin/spike --steps=2000000  --log-commits --isa=rv64gc_zba_zbb_zbs_zbc_zicsr_zifencei --priv=msu -l /home/server/RISCV/cva6/verif/sim/out/seed_285/directed_asm_tests/new_seeds_285_.o
[SPIKE] Max simulation steps: 2000000
[SPIKE] Proc 0 | ISA: rv64gc_zba_zbb_zbs_zbc_zicsr_zifencei PRIV: msu
[SPIKE] Initializing memories...
core   0: 0x0000000000010000 (0x00100413) li      s0, 1
core   0: 3 0x0000000000010000 (0x00100413) x8  0x0000000000000001
core   0: 0x0000000000010004 (0x01f41413) slli    s0, s0, 31
core   0: 3 0x0000000000010004 (0x01f41413) x8  0x0000000080000000
core   0: 0x0000000000010008 (0xf1402573) csrrs   a0, mhartid, zero
core   0: 3 0x0000000000010008 (0xf1402573) x10 0x0000000000000000
core   0: 0x000000000001000c (0x00000597) auipc   a1, 0x0
core   0: 3 0x000000000001000c (0x00000597) x11 0x000000000001000c
core   0: 0x0000000000010010 (0x07458593) addi    a1, a1, 116
core   0: 3 0x0000000000010010 (0x07458593) x11 0x0000000000010080
core   0: 0x0000000000010014 (0x00040067) jr      s0
core   0: 3 0x0000000000010014 (0x00040067)
core   0: >>>>  _start
core   0: 0x0000000080000000 (0x00004081) c.li    ra, 0
core   0: 3 0x0000000080000000 (0x4081) x1  0x0000000000000000
core   0: 0x0000000080000002 (0x00004101) c.li    sp, 0
core   0: 3 0x0000000080000002 (0x4101) x2  0x0000000000000000
core   0: 0x0000000080000004 (0x00004181) c.li    gp, 0
core   0: 3 0x0000000080000004 (0x4181) x3  0x0000000000000000
core   0: 0x0000000080000006 (0x00004201) c.li    tp, 0
core   0: 3 0x0000000080000006 (0x4201) x4  0x0000000000000000
core   0: 0x0000000080000008 (0x00004281) c.li    t0, 0
core   0: 3 0x0000000080000008 (0x4281) x5  0x0000000000000000
core   0: 0x000000008000000a (0x00004301) c.li    t1, 0
core   0: 3 0x000000008000000a (0x4301) x6  0x0000000000000000
core   0: 0x000000008000000c (0x00004381) c.li    t2, 0
core   0: 3 0x000000008000000c (0x4381) x7  0x0000000000000000
core   0: 0x000000008000000e (0x00004401) c.li    s0, 0
core   0: 3 0x000000008000000e (0x4401) x8  0x0000000000000000
core   0: 0x0000000080000010 (0x00004481) c.li    s1, 0
core   0: 3 0x0000000080000010 (0x4481) x9  0x0000000000000000
core   0: 0x0000000080000012 (0x00004501) c.li    a0, 0
core   0: 3 0x0000000080000012 (0x4501) x10 0x0000000000000000
core   0: 0x0000000080000014 (0x00004581) c.li    a1, 0
core   0: 3 0x0000000080000014 (0x4581) x11 0x0000000000000000
core   0: 0x0000000080000016 (0x00004601) c.li    a2, 0
core   0: 3 0x0000000080000016 (0x4601) x12 0x0000000000000000
core   0: 0x0000000080000018 (0x00004681) c.li    a3, 0
core   0: 3 0x0000000080000018 (0x4681) x13 0x0000000000000000
core   0: 0x000000008000001a (0x00004701) c.li    a4, 0
core   0: 3 0x000000008000001a (0x4701) x14 0x0000000000000000
core   0: 0x000000008000001c (0x00004781) c.li    a5, 0
core   0: 3 0x000000008000001c (0x4781) x15 0x0000000000000000
core   0: 0x000000008000001e (0x00004801) c.li    a6, 0
core   0: 3 0x000000008000001e (0x4801) x16 0x0000000000000000
core   0: 0x0000000080000020 (0x00004881) c.li    a7, 0
core   0: 3 0x0000000080000020 (0x4881) x17 0x0000000000000000
core   0: 0x0000000080000022 (0x00004901) c.li    s2, 0
core   0: 3 0x0000000080000022 (0x4901) x18 0x0000000000000000
core   0: 0x0000000080000024 (0x00004981) c.li    s3, 0
core   0: 3 0x0000000080000024 (0x4981) x19 0x0000000000000000
core   0: 0x0000000080000026 (0x00004a01) c.li    s4, 0
core   0: 3 0x0000000080000026 (0x4a01) x20 0x0000000000000000
core   0: 0x0000000080000028 (0x00004a81) c.li    s5, 0
core   0: 3 0x0000000080000028 (0x4a81) x21 0x0000000000000000
core   0: 0x000000008000002a (0x00004b01) c.li    s6, 0
core   0: 3 0x000000008000002a (0x4b01) x22 0x0000000000000000
core   0: 0x000000008000002c (0x00004b81) c.li    s7, 0
core   0: 3 0x000000008000002c (0x4b81) x23 0x0000000000000000
core   0: 0x000000008000002e (0x00004c01) c.li    s8, 0
core   0: 3 0x000000008000002e (0x4c01) x24 0x0000000000000000
core   0: 0x0000000080000030 (0x00004c81) c.li    s9, 0
core   0: 3 0x0000000080000030 (0x4c81) x25 0x0000000000000000
core   0: 0x0000000080000032 (0x00004d01) c.li    s10, 0
core   0: 3 0x0000000080000032 (0x4d01) x26 0x0000000000000000
core   0: 0x0000000080000034 (0x00004d81) c.li    s11, 0
core   0: 3 0x0000000080000034 (0x4d81) x27 0x0000000000000000
core   0: 0x0000000080000036 (0x00004e01) c.li    t3, 0
core   0: 3 0x0000000080000036 (0x4e01) x28 0x0000000000000000
core   0: 0x0000000080000038 (0x00004e81) c.li    t4, 0
core   0: 3 0x0000000080000038 (0x4e81) x29 0x0000000000000000
core   0: 0x000000008000003a (0x00004f01) c.li    t5, 0
core   0: 3 0x000000008000003a (0x4f01) x30 0x0000000000000000
core   0: 0x000000008000003c (0x00004f81) c.li    t6, 0
core   0: 3 0x000000008000003c (0x4f81) x31 0x0000000000000000
core   0: 0x000000008000003e (0x000062f9) c.lui   t0, 0x1e
core   0: 3 0x000000008000003e (0x62f9) x5  0x000000000001e000
core   0: 0x0000000080000040 (0x3002a073) csrrs   zero, mstatus, t0
core   0: 3 0x0000000080000040 (0x3002a073) c768_mstatus 0x8000000a00006000
core   0: 0x0000000080000044 (0x00004285) c.li    t0, 1
core   0: 3 0x0000000080000044 (0x4285) x5  0x0000000000000001
core   0: 0x0000000080000046 (0x000002fe) c.slli  t0, 31
core   0: 3 0x0000000080000046 (0x02fe) x5  0x0000000080000000
core   0: 0x0000000080000048 (0x0002d863) bge     t0, zero, pc + 16
core   0: 3 0x0000000080000048 (0x0002d863)
core   0: 0x0000000080000058 (0x00000297) auipc   t0, 0x0
core   0: 3 0x0000000080000058 (0x00000297) x5  0x0000000080000058
core   0: 0x000000008000005c (0x09028293) addi    t0, t0, 144
core   0: 3 0x000000008000005c (0x09028293) x5  0x00000000800000e8
core   0: 0x0000000080000060 (0x30529073) csrrw   zero, mtvec, t0
core   0: 3 0x0000000080000060 (0x30529073) c773_mtvec 0x00000000800000e8
core   0: 0x0000000080000064 (0x00301073) csrrw   zero, fcsr, zero
core   0: 3 0x0000000080000064 (0x00301073) c1_fflags 0x0000000000000000 c2_frm 0x0000000000000000
core   0: 0x0000000080000068 (0xf0000053) fmv.w.x ft0, zero
core   0: 3 0x0000000080000068 (0xf0000053) f0  0xffffffff00000000
core   0: 0x000000008000006c (0xf00000d3) fmv.w.x ft1, zero
core   0: 3 0x000000008000006c (0xf00000d3) f1  0xffffffff00000000
core   0: 0x0000000080000070 (0xf0000153) fmv.w.x ft2, zero
core   0: 3 0x0000000080000070 (0xf0000153) f2  0xffffffff00000000
core   0: 0x0000000080000074 (0xf00001d3) fmv.w.x ft3, zero
core   0: 3 0x0000000080000074 (0xf00001d3) f3  0xffffffff00000000
core   0: 0x0000000080000078 (0xf0000253) fmv.w.x ft4, zero
core   0: 3 0x0000000080000078 (0xf0000253) f4  0xffffffff00000000
core   0: 0x000000008000007c (0xf00002d3) fmv.w.x ft5, zero
core   0: 3 0x000000008000007c (0xf00002d3) f5  0xffffffff00000000
core   0: 0x0000000080000080 (0xf0000353) fmv.w.x ft6, zero
core   0: 3 0x0000000080000080 (0xf0000353) f6  0xffffffff00000000
core   0: 0x0000000080000084 (0xf00003d3) fmv.w.x ft7, zero
core   0: 3 0x0000000080000084 (0xf00003d3) f7  0xffffffff00000000
core   0: 0x0000000080000088 (0xf0000453) fmv.w.x fs0, zero
core   0: 3 0x0000000080000088 (0xf0000453) f8  0xffffffff00000000
core   0: 0x000000008000008c (0xf00004d3) fmv.w.x fs1, zero
core   0: 3 0x000000008000008c (0xf00004d3) f9  0xffffffff00000000
core   0: 0x0000000080000090 (0xf0000553) fmv.w.x fa0, zero
core   0: 3 0x0000000080000090 (0xf0000553) f10 0xffffffff00000000
core   0: 0x0000000080000094 (0xf00005d3) fmv.w.x fa1, zero
core   0: 3 0x0000000080000094 (0xf00005d3) f11 0xffffffff00000000
core   0: 0x0000000080000098 (0xf0000653) fmv.w.x fa2, zero
core   0: 3 0x0000000080000098 (0xf0000653) f12 0xffffffff00000000
core   0: 0x000000008000009c (0xf00006d3) fmv.w.x fa3, zero
core   0: 3 0x000000008000009c (0xf00006d3) f13 0xffffffff00000000
core   0: 0x00000000800000a0 (0xf0000753) fmv.w.x fa4, zero
core   0: 3 0x00000000800000a0 (0xf0000753) f14 0xffffffff00000000
core   0: 0x00000000800000a4 (0xf00007d3) fmv.w.x fa5, zero
core   0: 3 0x00000000800000a4 (0xf00007d3) f15 0xffffffff00000000
core   0: 0x00000000800000a8 (0xf0000853) fmv.w.x fa6, zero
core   0: 3 0x00000000800000a8 (0xf0000853) f16 0xffffffff00000000
core   0: 0x00000000800000ac (0xf00008d3) fmv.w.x fa7, zero
core   0: 3 0x00000000800000ac (0xf00008d3) f17 0xffffffff00000000
core   0: 0x00000000800000b0 (0xf0000953) fmv.w.x fs2, zero
core   0: 3 0x00000000800000b0 (0xf0000953) f18 0xffffffff00000000
core   0: 0x00000000800000b4 (0xf00009d3) fmv.w.x fs3, zero
core   0: 3 0x00000000800000b4 (0xf00009d3) f19 0xffffffff00000000
core   0: 0x00000000800000b8 (0xf0000a53) fmv.w.x fs4, zero
core   0: 3 0x00000000800000b8 (0xf0000a53) f20 0xffffffff00000000
core   0: 0x00000000800000bc (0xf0000ad3) fmv.w.x fs5, zero
core   0: 3 0x00000000800000bc (0xf0000ad3) f21 0xffffffff00000000
core   0: 0x00000000800000c0 (0xf0000b53) fmv.w.x fs6, zero
core   0: 3 0x00000000800000c0 (0xf0000b53) f22 0xffffffff00000000
core   0: 0x00000000800000c4 (0xf0000bd3) fmv.w.x fs7, zero
core   0: 3 0x00000000800000c4 (0xf0000bd3) f23 0xffffffff00000000
core   0: 0x00000000800000c8 (0xf0000c53) fmv.w.x fs8, zero
core   0: 3 0x00000000800000c8 (0xf0000c53) f24 0xffffffff00000000
core   0: 0x00000000800000cc (0xf0000cd3) fmv.w.x fs9, zero
core   0: 3 0x00000000800000cc (0xf0000cd3) f25 0xffffffff00000000
core   0: 0x00000000800000d0 (0xf0000d53) fmv.w.x fs10, zero
core   0: 3 0x00000000800000d0 (0xf0000d53) f26 0xffffffff00000000
core   0: 0x00000000800000d4 (0xf0000dd3) fmv.w.x fs11, zero
core   0: 3 0x00000000800000d4 (0xf0000dd3) f27 0xffffffff00000000
core   0: 0x00000000800000d8 (0xf0000e53) fmv.w.x ft8, zero
core   0: 3 0x00000000800000d8 (0xf0000e53) f28 0xffffffff00000000
core   0: 0x00000000800000dc (0xf0000ed3) fmv.w.x ft9, zero
core   0: 3 0x00000000800000dc (0xf0000ed3) f29 0xffffffff00000000
core   0: 0x00000000800000e0 (0xf0000f53) fmv.w.x ft10, zero
core   0: 3 0x00000000800000e0 (0xf0000f53) f30 0xffffffff00000000
core   0: 0x00000000800000e4 (0xf0000fd3) fmv.w.x ft11, zero
core   0: 3 0x00000000800000e4 (0xf0000fd3) f31 0xffffffff00000000
core   0: 0x00000000800000e8 (0x00000297) auipc   t0, 0x0
core   0: 3 0x00000000800000e8 (0x00000297) x5  0x00000000800000e8
core   0: 0x00000000800000ec (0x03c28293) addi    t0, t0, 60
core   0: 3 0x00000000800000ec (0x03c28293) x5  0x0000000080000124
core   0: 0x00000000800000f0 (0x30529073) csrrw   zero, mtvec, t0
core   0: 3 0x00000000800000f0 (0x30529073) c773_mtvec 0x0000000080000124
core   0: 0x00000000800000f4 (0x00012197) auipc   gp, 0x12
core   0: 3 0x00000000800000f4 (0x00012197) x3  0x00000000800120f4
core   0: 0x00000000800000f8 (0x73418193) addi    gp, gp, 1844
core   0: 3 0x00000000800000f8 (0x73418193) x3  0x0000000080012828
core   0: 0x00000000800000fc (0x00012217) auipc   tp, 0x12
core   0: 3 0x00000000800000fc (0x00012217) x4  0x00000000800120fc
core   0: 0x0000000080000100 (0xf8320213) addi    tp, tp, -125
core   0: 3 0x0000000080000100 (0xf8320213) x4  0x000000008001207f
core   0: 0x0000000080000104 (0xfc027213) andi    tp, tp, -64
core   0: 3 0x0000000080000104 (0xfc027213) x4  0x0000000080012040
core   0: 0x0000000080000108 (0xf1402573) csrrs   a0, mhartid, zero
core   0: 3 0x0000000080000108 (0xf1402573) x10 0x0000000000000000
core   0: 0x000000008000010c (0x00004585) c.li    a1, 1
core   0: 3 0x000000008000010c (0x4585) x11 0x0000000000000001
core   0: 0x000000008000010e (0x00b57063) bgeu    a0, a1, pc + 0
core   0: 3 0x000000008000010e (0x00b57063)
core   0: 0x0000000080000112 (0x00150113) addi    sp, a0, 1
core   0: 3 0x0000000080000112 (0x00150113) x2  0x0000000000000001
core   0: 0x0000000080000116 (0x00000146) c.slli  sp, 17
core   0: 3 0x0000000080000116 (0x0146) x2  0x0000000000020000
core   0: 0x0000000080000118 (0x00009112) c.add   sp, tp
core   0: 3 0x0000000080000118 (0x9112) x2  0x0000000080032040
core   0: 0x000000008000011a (0x01151613) slli    a2, a0, 17
core   0: 3 0x000000008000011a (0x01151613) x12 0x0000000000000000
core   0: 0x000000008000011e (0x00009232) c.add   tp, a2
core   0: 3 0x000000008000011e (0x9232) x4  0x0000000080012040
core   0: 0x0000000080000120 (0x3d20f06f) j       pc + 0xf3d2
core   0: 3 0x0000000080000120 (0x3d20f06f)
core   0: >>>>  _init
core   0: 0x000000008000f4f2 (0x00007171) c.addi16sp sp, -176
core   0: 3 0x000000008000f4f2 (0x7171) x2  0x0000000080031f90
core   0: 0x000000008000f4f4 (0x0000f506) c.sdsp  ra, 168(sp)
core   0: 3 0x000000008000f4f4 (0xf506) mem 0x0000000080032038 0x0000000000000000
core   0: 0x000000008000f4f6 (0x0000f122) c.sdsp  s0, 160(sp)
core   0: 3 0x000000008000f4f6 (0xf122) mem 0x0000000080032030 0x0000000000000000
core   0: 0x000000008000f4f8 (0x0000ed26) c.sdsp  s1, 152(sp)
core   0: 3 0x000000008000f4f8 (0xed26) mem 0x0000000080032028 0x0000000000000000
core   0: 0x000000008000f4fa (0x00001900) c.addi4spn s0, sp, 176
core   0: 3 0x000000008000f4fa (0x1900) x8  0x0000000080032040
core   0: 0x000000008000f4fc (0x000087aa) c.mv    a5, a0
core   0: 3 0x000000008000f4fc (0x87aa) x15 0x0000000000000000
core   0: 0x000000008000f4fe (0x0000872e) c.mv    a4, a1
core   0: 3 0x000000008000f4fe (0x872e) x14 0x0000000000000001
core   0: 0x000000008000f500 (0xf4f42e23) sw      a5, -164(s0)
core   0: 3 0x000000008000f500 (0xf4f42e23) mem 0x0000000080031f9c 0x00000000
core   0: 0x000000008000f504 (0x000087ba) c.mv    a5, a4
core   0: 3 0x000000008000f504 (0x87ba) x15 0x0000000000000001
core   0: 0x000000008000f506 (0xf4f42c23) sw      a5, -168(s0)
core   0: 3 0x000000008000f506 (0xf4f42c23) mem 0x0000000080031f98 0x00000001
core   0: 0x000000008000f50a (0xfe040793) addi    a5, s0, -32
core   0: 3 0x000000008000f50a (0xfe040793) x15 0x0000000080032020
core   0: 0x000000008000f50e (0xf4f43823) sd      a5, -176(s0)
core   0: 3 0x000000008000f50e (0xf4f43823) mem 0x0000000080031f90 0x0000000080032020
core   0: 0x000000008000f512 (0xf5043783) ld      a5, -176(s0)
core   0: 3 0x000000008000f512 (0xf5043783) x15 0x0000000080032020 mem 0x0000000080031f90
core   0: 0x000000008000f516 (0xf8078793) addi    a5, a5, -128
core   0: 3 0x000000008000f516 (0xf8078793) x15 0x0000000080031fa0
core   0: 0x000000008000f51a (0x03f78793) addi    a5, a5, 63
core   0: 3 0x000000008000f51a (0x03f78793) x15 0x0000000080031fdf
core   0: 0x000000008000f51e (0x00008399) c.srli  a5, 6
core   0: 3 0x000000008000f51e (0x8399) x15 0x0000000002000c7f
core   0: 0x000000008000f520 (0x00679493) slli    s1, a5, 6
core   0: 3 0x000000008000f520 (0x00679493) x9  0x0000000080031fc0
core   0: 0x000000008000f524 (0xf65ff0ef) jal     pc - 0x9c
core   0: 3 0x000000008000f524 (0xf65ff0ef) x1  0x000000008000f528
core   0: >>>>  init_tls
core   0: 0x000000008000f488 (0x00001101) c.addi  sp, -32
core   0: 3 0x000000008000f488 (0x1101) x2  0x0000000080031f70
core   0: 0x000000008000f48a (0x0000ec06) c.sdsp  ra, 24(sp)
core   0: 3 0x000000008000f48a (0xec06) mem 0x0000000080031f88 0x000000008000f528
core   0: 0x000000008000f48c (0x0000e822) c.sdsp  s0, 16(sp)
core   0: 3 0x000000008000f48c (0xe822) mem 0x0000000080031f80 0x0000000080032040
core   0: 0x000000008000f48e (0x00001000) c.addi4spn s0, sp, 32
core   0: 3 0x000000008000f48e (0x1000) x8  0x0000000080031f90
core   0: 0x000000008000f490 (0x00003717) auipc   a4, 0x3
core   0: 3 0x000000008000f490 (0x00003717) x14 0x0000000080012490
core   0: 0x000000008000f494 (0xb9870713) addi    a4, a4, -1128
core   0: 3 0x000000008000f494 (0xb9870713) x14 0x0000000080012028
core   0: 0x000000008000f498 (0x00003797) auipc   a5, 0x3
core   0: 3 0x000000008000f498 (0x00003797) x15 0x0000000080012498
core   0: 0x000000008000f49c (0xb9078793) addi    a5, a5, -1136
core   0: 3 0x000000008000f49c (0xb9078793) x15 0x0000000080012028
core   0: 0x000000008000f4a0 (0x40f707b3) sub     a5, a4, a5
core   0: 3 0x000000008000f4a0 (0x40f707b3) x15 0x0000000000000000
core   0: 0x000000008000f4a4 (0xfef43423) sd      a5, -24(s0)
core   0: 3 0x000000008000f4a4 (0xfef43423) mem 0x0000000080031f78 0x0000000000000000
core   0: 0x000000008000f4a8 (0x00008792) c.mv    a5, tp
core   0: 3 0x000000008000f4a8 (0x8792) x15 0x0000000080012040
core   0: 0x000000008000f4aa (0xfe843603) ld      a2, -24(s0)
core   0: 3 0x000000008000f4aa (0xfe843603) x12 0x0000000000000000 mem 0x0000000080031f78
core   0: 0x000000008000f4ae (0x00003597) auipc   a1, 0x3
core   0: 3 0x000000008000f4ae (0x00003597) x11 0x00000000800124ae
core   0: 0x000000008000f4b2 (0xb7a58593) addi    a1, a1, -1158
core   0: 3 0x000000008000f4b2 (0xb7a58593) x11 0x0000000080012028
core   0: 0x000000008000f4b6 (0x0000853e) c.mv    a0, a5
core   0: 3 0x000000008000f4b6 (0x853e) x10 0x0000000080012040
core   0: 0x000000008000f4b8 (0x0f9000ef) jal     pc + 0x8f8
core   0: 3 0x000000008000f4b8 (0x0f9000ef) x1  0x000000008000f4bc
core   0: >>>>  memcpy
core   0: 0x000000008000fdb0 (0x0000715d) c.addi16sp sp, -80
core   0: 3 0x000000008000fdb0 (0x715d) x2  0x0000000080031f20
core   0: 0x000000008000fdb2 (0x0000e4a2) c.sdsp  s0, 72(sp)
core   0: 3 0x000000008000fdb2 (0xe4a2) mem 0x0000000080031f68 0x0000000080031f90
core   0: 0x000000008000fdb4 (0x00000880) c.addi4spn s0, sp, 80
core   0: 3 0x000000008000fdb4 (0x0880) x8  0x0000000080031f70
core   0: 0x000000008000fdb6 (0xfca43423) sd      a0, -56(s0)
core   0: 3 0x000000008000fdb6 (0xfca43423) mem 0x0000000080031f38 0x0000000080012040
core   0: 0x000000008000fdba (0xfcb43023) sd      a1, -64(s0)
core   0: 3 0x000000008000fdba (0xfcb43023) mem 0x0000000080031f30 0x0000000080012028
core   0: 0x000000008000fdbe (0xfac43c23) sd      a2, -72(s0)
core   0: 3 0x000000008000fdbe (0xfac43c23) mem 0x0000000080031f28 0x0000000000000000
core   0: 0x000000008000fdc2 (0xfc843703) ld      a4, -56(s0)
core   0: 3 0x000000008000fdc2 (0xfc843703) x14 0x0000000080012040 mem 0x0000000080031f38
core   0: 0x000000008000fdc6 (0xfc043783) ld      a5, -64(s0)
core   0: 3 0x000000008000fdc6 (0xfc043783) x15 0x0000000080012028 mem 0x0000000080031f30
core   0: 0x000000008000fdca (0x00008f5d) c.or    a4, a5
core   0: 3 0x000000008000fdca (0x8f5d) x14 0x0000000080012068
core   0: 0x000000008000fdcc (0xfb843783) ld      a5, -72(s0)
core   0: 3 0x000000008000fdcc (0xfb843783) x15 0x0000000000000000 mem 0x0000000080031f28
core   0: 0x000000008000fdd0 (0x00008fd9) c.or    a5, a4
core   0: 3 0x000000008000fdd0 (0x8fd9) x15 0x0000000080012068
core   0: 0x000000008000fdd2 (0x00008b9d) c.andi  a5, 7
core   0: 3 0x000000008000fdd2 (0x8b9d) x15 0x0000000000000000
core   0: 0x000000008000fdd4 (0x0000e3b1) c.bnez  a5, pc + 68
core   0: 3 0x000000008000fdd4 (0xe3b1)
core   0: 0x000000008000fdd6 (0xfc043783) ld      a5, -64(s0)
core   0: 3 0x000000008000fdd6 (0xfc043783) x15 0x0000000080012028 mem 0x0000000080031f30
core   0: 0x000000008000fdda (0xfef43423) sd      a5, -24(s0)
core   0: 3 0x000000008000fdda (0xfef43423) mem 0x0000000080031f58 0x0000000080012028
core   0: 0x000000008000fdde (0xfc843783) ld      a5, -56(s0)
core   0: 3 0x000000008000fdde (0xfc843783) x15 0x0000000080012040 mem 0x0000000080031f38
core   0: 0x000000008000fde2 (0xfef43023) sd      a5, -32(s0)
core   0: 3 0x000000008000fde2 (0xfef43023) mem 0x0000000080031f50 0x0000000080012040
core   0: 0x000000008000fde6 (0x0000a839) c.j     pc + 30
core   0: 3 0x000000008000fde6 (0xa839)
core   0: 0x000000008000fe04 (0xfc843703) ld      a4, -56(s0)
core   0: 3 0x000000008000fe04 (0xfc843703) x14 0x0000000080012040 mem 0x0000000080031f38
core   0: 0x000000008000fe08 (0xfb843783) ld      a5, -72(s0)
core   0: 3 0x000000008000fe08 (0xfb843783) x15 0x0000000000000000 mem 0x0000000080031f28
core   0: 0x000000008000fe0c (0x000097ba) c.add   a5, a4
core   0: 3 0x000000008000fe0c (0x97ba) x15 0x0000000080012040
core   0: 0x000000008000fe0e (0xfe043703) ld      a4, -32(s0)
core   0: 3 0x000000008000fe0e (0xfe043703) x14 0x0000000080012040 mem 0x0000000080031f50
core   0: 0x000000008000fe12 (0xfcf76be3) bltu    a4, a5, pc - 42
core   0: 3 0x000000008000fe12 (0xfcf76be3)
core   0: 0x000000008000fe16 (0x0000a099) c.j     pc + 70
core   0: 3 0x000000008000fe16 (0xa099)
core   0: 0x000000008000fe5c (0xfc843783) ld      a5, -56(s0)
core   0: 3 0x000000008000fe5c (0xfc843783) x15 0x0000000080012040 mem 0x0000000080031f38
core   0: 0x000000008000fe60 (0x0000853e) c.mv    a0, a5
core   0: 3 0x000000008000fe60 (0x853e) x10 0x0000000080012040
core   0: 0x000000008000fe62 (0x00006426) c.ldsp  s0, 72(sp)
core   0: 3 0x000000008000fe62 (0x6426) x8  0x0000000080031f90 mem 0x0000000080031f68
core   0: 0x000000008000fe64 (0x00006161) c.addi16sp sp, 80
core   0: 3 0x000000008000fe64 (0x6161) x2  0x0000000080031f70
core   0: 0x000000008000fe66 (0x00008082) ret
core   0: 3 0x000000008000fe66 (0x8082)
core   0: 0x000000008000f4bc (0x00003717) auipc   a4, 0x3
core   0: 3 0x000000008000f4bc (0x00003717) x14 0x00000000800124bc
core   0: 0x000000008000f4c0 (0xc0870713) addi    a4, a4, -1016
core   0: 3 0x000000008000f4c0 (0xc0870713) x14 0x00000000800120c4
core   0: 0x000000008000f4c4 (0x00003797) auipc   a5, 0x3
core   0: 3 0x000000008000f4c4 (0x00003797) x15 0x00000000800124c4
core   0: 0x000000008000f4c8 (0xb6478793) addi    a5, a5, -1180
core   0: 3 0x000000008000f4c8 (0xb6478793) x15 0x0000000080012028
core   0: 0x000000008000f4cc (0x40f707b3) sub     a5, a4, a5
core   0: 3 0x000000008000f4cc (0x40f707b3) x15 0x000000000000009c
core   0: 0x000000008000f4d0 (0xfef43023) sd      a5, -32(s0)
core   0: 3 0x000000008000f4d0 (0xfef43023) mem 0x0000000080031f70 0x000000000000009c
core   0: 0x000000008000f4d4 (0x00008712) c.mv    a4, tp
core   0: 3 0x000000008000f4d4 (0x8712) x14 0x0000000080012040
core   0: 0x000000008000f4d6 (0xfe843783) ld      a5, -24(s0)
core   0: 3 0x000000008000f4d6 (0xfe843783) x15 0x0000000000000000 mem 0x0000000080031f78
core   0: 0x000000008000f4da (0x000097ba) c.add   a5, a4
core   0: 3 0x000000008000f4da (0x97ba) x15 0x0000000080012040
core   0: 0x000000008000f4dc (0xfe043603) ld      a2, -32(s0)
core   0: 3 0x000000008000f4dc (0xfe043603) x12 0x000000000000009c mem 0x0000000080031f70
core   0: 0x000000008000f4e0 (0x00004581) c.li    a1, 0
core   0: 3 0x000000008000f4e0 (0x4581) x11 0x0000000000000000
core   0: 0x000000008000f4e2 (0x0000853e) c.mv    a0, a5
core   0: 3 0x000000008000f4e2 (0x853e) x10 0x0000000080012040
core   0: 0x000000008000f4e4 (0x185000ef) jal     pc + 0x984
core   0: 3 0x000000008000f4e4 (0x185000ef) x1  0x000000008000f4e8
core   0: >>>>  memset
core   0: 0x000000008000fe68 (0x0000715d) c.addi16sp sp, -80
core   0: 3 0x000000008000fe68 (0x715d) x2  0x0000000080031f20
core   0: 0x000000008000fe6a (0x0000e4a2) c.sdsp  s0, 72(sp)
core   0: 3 0x000000008000fe6a (0xe4a2) mem 0x0000000080031f68 0x0000000080031f90
core   0: 0x000000008000fe6c (0x00000880) c.addi4spn s0, sp, 80
core   0: 3 0x000000008000fe6c (0x0880) x8  0x0000000080031f70
core   0: 0x000000008000fe6e (0xfca43423) sd      a0, -56(s0)
core   0: 3 0x000000008000fe6e (0xfca43423) mem 0x0000000080031f38 0x0000000080012040
core   0: 0x000000008000fe72 (0x000087ae) c.mv    a5, a1
core   0: 3 0x000000008000fe72 (0x87ae) x15 0x0000000000000000
core   0: 0x000000008000fe74 (0xfac43c23) sd      a2, -72(s0)
core   0: 3 0x000000008000fe74 (0xfac43c23) mem 0x0000000080031f28 0x000000000000009c
core   0: 0x000000008000fe78 (0xfcf42223) sw      a5, -60(s0)
core   0: 3 0x000000008000fe78 (0xfcf42223) mem 0x0000000080031f34 0x00000000
core   0: 0x000000008000fe7c (0xfc843703) ld      a4, -56(s0)
core   0: 3 0x000000008000fe7c (0xfc843703) x14 0x0000000080012040 mem 0x0000000080031f38
core   0: 0x000000008000fe80 (0xfb843783) ld      a5, -72(s0)
core   0: 3 0x000000008000fe80 (0xfb843783) x15 0x000000000000009c mem 0x0000000080031f28
core   0: 0x000000008000fe84 (0x00008fd9) c.or    a5, a4
core   0: 3 0x000000008000fe84 (0x8fd9) x15 0x00000000800120dc
core   0: 0x000000008000fe86 (0x00008b9d) c.andi  a5, 7
core   0: 3 0x000000008000fe86 (0x8b9d) x15 0x0000000000000004
core   0: 0x000000008000fe88 (0x0000e7bd) c.bnez  a5, pc + 110
core   0: 3 0x000000008000fe88 (0xe7bd)
core   0: 0x000000008000fef6 (0xfc843783) ld      a5, -56(s0)
core   0: 3 0x000000008000fef6 (0xfc843783) x15 0x0000000080012040 mem 0x0000000080031f38
core   0: 0x000000008000fefa (0xfef43023) sd      a5, -32(s0)
core   0: 3 0x000000008000fefa (0xfef43023) mem 0x0000000080031f50 0x0000000080012040
core   0: 0x000000008000fefe (0x0000a829) c.j     pc + 26
core   0: 3 0x000000008000fefe (0xa829)
core   0: 0x000000008000ff18 (0xfc843703) ld      a4, -56(s0)
core   0: 3 0x000000008000ff18 (0xfc843703) x14 0x0000000080012040 mem 0x0000000080031f38
core   0: 0x000000008000ff1c (0xfb843783) ld      a5, -72(s0)
core   0: 3 0x000000008000ff1c (0xfb843783) x15 0x000000000000009c mem 0x0000000080031f28
core   0: 0x000000008000ff20 (0x000097ba) c.add   a5, a4
core   0: 3 0x000000008000ff20 (0x97ba) x15 0x00000000800120dc
core   0: 0x000000008000ff22 (0xfe043703) ld      a4, -32(s0)
core   0: 3 0x000000008000ff22 (0xfe043703) x14 0x0000000080012040 mem 0x0000000080031f50
core   0: 0x000000008000ff26 (0xfcf76de3) bltu    a4, a5, pc - 38
core   0: 3 0x000000008000ff26 (0xfcf76de3)
core   0: 0x000000008000ff00 (0xfe043783) ld      a5, -32(s0)
core   0: 3 0x000000008000ff00 (0xfe043783) x15 0x0000000080012040 mem 0x0000000080031f50
core   0: 0x000000008000ff04 (0x00178713) addi    a4, a5, 1
core   0: 3 0x000000008000ff04 (0x00178713) x14 0x0000000080012041
core   0: 0x000000008000ff08 (0xfee43023) sd      a4, -32(s0)
core   0: 3 0x000000008000ff08 (0xfee43023) mem 0x0000000080031f50 0x0000000080012041
core   0: 0x000000008000ff0c (0xfc442703) lw      a4, -60(s0)
core   0: 3 0x000000008000ff0c (0xfc442703) x14 0x0000000000000000 mem 0x0000000080031f34
core   0: 0x000000008000ff10 (0x0ff77713) andi    a4, a4, 255
core   0: 3 0x000000008000ff10 (0x0ff77713) x14 0x0000000000000000
core   0: 0x000000008000ff14 (0x00e78023) sb      a4, 0(a5)
core   0: 3 0x000000008000ff14 (0x00e78023) mem 0x0000000080012040 0x00
core   0: 0x000000008000ff18 (0xfc843703) ld      a4, -56(s0)
core   0: 3 0x000000008000ff18 (0xfc843703) x14 0x0000000080012040 mem 0x0000000080031f38
core   0: 0x000000008000ff1c (0xfb843783) ld      a5, -72(s0)
core   0: 3 0x000000008000ff1c (0xfb843783) x15 0x000000000000009c mem 0x0000000080031f28
core   0: 0x000000008000ff20 (0x000097ba) c.add   a5, a4
core   0: 3 0x000000008000ff20 (0x97ba) x15 0x00000000800120dc
core   0: 0x000000008000ff22 (0xfe043703) ld      a4, -32(s0)
core   0: 3 0x000000008000ff22 (0xfe043703) x14 0x0000000080012041 mem 0x0000000080031f50
core   0: 0x000000008000ff26 (0xfcf76de3) bltu    a4, a5, pc - 38
core   0: 3 0x000000008000ff26 (0xfcf76de3)
core   0: 0x000000008000ff00 (0xfe043783) ld      a5, -32(s0)
core   0: 3 0x000000008000ff00 (0xfe043783) x15 0x0000000080012041 mem 0x0000000080031f50
core   0: 0x000000008000ff04 (0x00178713) addi    a4, a5, 1
core   0: 3 0x000000008000ff04 (0x00178713) x14 0x0000000080012042
core   0: 0x000000008000ff08 (0xfee43023) sd      a4, -32(s0)
core   0: 3 0x000000008000ff08 (0xfee43023) mem 0x0000000080031f50 0x0000000080012042
core   0: 0x000000008000ff0c (0xfc442703) lw      a4, -60(s0)
core   0: 3 0x000000008000ff0c (0xfc442703) x14 0x0000000000000000 mem 0x0000000080031f34
core   0: 0x000000008000ff10 (0x0ff77713) andi    a4, a4, 255
core   0: 3 0x000000008000ff10 (0x0ff77713) x14 0x0000000000000000
core   0: 0x000000008000ff14 (0x00e78023) sb      a4, 0(a5)
core   0: 3 0x000000008000ff14 (0x00e78023) mem 0x0000000080012041 0x00
core   0: 0x000000008000ff18 (0xfc843703) ld      a4, -56(s0)
core   0: 3 0x000000008000ff18 (0xfc843703) x14 0x0000000080012040 mem 0x0000000080031f38
core   0: 0x000000008000ff1c (0xfb843783) ld      a5, -72(s0)
core   0: 3 0x000000008000ff1c (0xfb843783) x15 0x000000000000009c mem 0x0000000080031f28
core   0: 0x000000008000ff20 (0x000097ba) c.add   a5, a4
core   0: 3 0x000000008000ff20 (0x97ba) x15 0x00000000800120dc
core   0: 0x000000008000ff22 (0xfe043703) ld      a4, -32(s0)
core   0: 3 0x000000008000ff22 (0xfe043703) x14 0x0000000080012042 mem 0x0000000080031f50
core   0: 0x000000008000ff26 (0xfcf76de3) bltu    a4, a5, pc - 38
core   0: 3 0x000000008000ff26 (0xfcf76de3)
core   0: 0x000000008000ff00 (0xfe043783) ld      a5, -32(s0)
core   0: 3 0x000000008000ff00 (0xfe043783) x15 0x0000000080012042 mem 0x0000000080031f50
core   0: 0x000000008000ff04 (0x00178713) addi    a4, a5, 1
core   0: 3 0x000000008000ff04 (0x00178713) x14 0x0000000080012043
core   0: 0x000000008000ff08 (0xfee43023) sd      a4, -32(s0)
core   0: 3 0x000000008000ff08 (0xfee43023) mem 0x0000000080031f50 0x0000000080012043
core   0: 0x000000008000ff0c (0xfc442703) lw      a4, -60(s0)
core   0: 3 0x000000008000ff0c (0xfc442703) x14 0x0000000000000000 mem 0x0000000080031f34
core   0: 0x000000008000ff10 (0x0ff77713) andi    a4, a4, 255
core   0: 3 0x000000008000ff10 (0x0ff77713) x14 0x0000000000000000
core   0: 0x000000008000ff14 (0x00e78023) sb      a4, 0(a5)
core   0: 3 0x000000008000ff14 (0x00e78023) mem 0x0000000080012042 0x00
core   0: 0x000000008000ff18 (0xfc843703) ld      a4, -56(s0)
core   0: 3 0x000000008000ff18 (0xfc843703) x14 0x0000000080012040 mem 0x0000000080031f38
core   0: 0x000000008000ff1c (0xfb843783) ld      a5, -72(s0)
core   0: 3 0x000000008000ff1c (0xfb843783) x15 0x000000000000009c mem 0x0000000080031f28
core   0: 0x000000008000ff20 (0x000097ba) c.add   a5, a4
core   0: 3 0x000000008000ff20 (0x97ba) x15 0x00000000800120dc
core   0: 0x000000008000ff22 (0xfe043703) ld      a4, -32(s0)
core   0: 3 0x000000008000ff22 (0xfe043703) x14 0x0000000080012043 mem 0x0000000080031f50
core   0: 0x000000008000ff26 (0xfcf76de3) bltu    a4, a5, pc - 38
core   0: 3 0x000000008000ff26 (0xfcf76de3)
core   0: 0x000000008000ff00 (0xfe043783) ld      a5, -32(s0)
core   0: 3 0x000000008000ff00 (0xfe043783) x15 0x0000000080012043 mem 0x0000000080031f50
core   0: 0x000000008000ff04 (0x00178713) addi    a4, a5, 1
core   0: 3 0x000000008000ff04 (0x00178713) x14 0x0000000080012044
core   0: 0x000000008000ff08 (0xfee43023) sd      a4, -32(s0)
core   0: 3 0x000000008000ff08 (0xfee43023) mem 0x0000000080031f50 0x0000000080012044
core   0: 0x000000008000ff0c (0xfc442703) lw      a4, -60(s0)
core   0: 3 0x000000008000ff0c (0xfc442703) x14 0x0000000000000000 mem 0x0000000080031f34
core   0: 0x000000008000ff10 (0x0ff77713) andi    a4, a4, 255
core   0: 3 0x000000008000ff10 (0x0ff77713) x14 0x0000000000000000
core   0: 0x000000008000ff14 (0x00e78023) sb      a4, 0(a5)
core   0: 3 0x000000008000ff14 (0x00e78023) mem 0x0000000080012043 0x00
core   0: 0x000000008000ff18 (0xfc843703) ld      a4, -56(s0)
core   0: 3 0x000000008000ff18 (0xfc843703) x14 0x0000000080012040 mem 0x0000000080031f38
core   0: 0x000000008000ff1c (0xfb843783) ld      a5, -72(s0)
core   0: 3 0x000000008000ff1c (0xfb843783) x15 0x000000000000009c mem 0x0000000080031f28
core   0: 0x000000008000ff20 (0x000097ba) c.add   a5, a4
core   0: 3 0x000000008000ff20 (0x97ba) x15 0x00000000800120dc
core   0: 0x000000008000ff22 (0xfe043703) ld      a4, -32(s0)
core   0: 3 0x000000008000ff22 (0xfe043703) x14 0x0000000080012044 mem 0x0000000080031f50
core   0: 0x000000008000ff26 (0xfcf76de3) bltu    a4, a5, pc - 38
core   0: 3 0x000000008000ff26 (0xfcf76de3)
core   0: 0x000000008000ff00 (0xfe043783) ld      a5, -32(s0)
core   0: 3 0x000000008000ff00 (0xfe043783) x15 0x0000000080012044 mem 0x0000000080031f50
core   0: 0x000000008000ff04 (0x00178713) addi    a4, a5, 1
core   0: 3 0x000000008000ff04 (0x00178713) x14 0x0000000080012045
core   0: 0x000000008000ff08 (0xfee43023) sd      a4, -32(s0)
core   0: 3 0x000000008000ff08 (0xfee43023) mem 0x0000000080031f50 0x0000000080012045
core   0: 0x000000008000ff0c (0xfc442703) lw      a4, -60(s0)
core   0: 3 0x000000008000ff0c (0xfc442703) x14 0x0000000000000000 mem 0x0000000080031f34
core   0: 0x000000008000ff10 (0x0ff77713) andi    a4, a4, 255
core   0: 3 0x000000008000ff10 (0x0ff77713) x14 0x0000000000000000
core   0: 0x000000008000ff14 (0x00e78023) sb      a4, 0(a5)
core   0: 3 0x000000008000ff14 (0x00e78023) mem 0x0000000080012044 0x00
core   0: 0x000000008000ff18 (0xfc843703) ld      a4, -56(s0)
core   0: 3 0x000000008000ff18 (0xfc843703) x14 0x0000000080012040 mem 0x0000000080031f38
core   0: 0x000000008000ff1c (0xfb843783) ld      a5, -72(s0)
core   0: 3 0x000000008000ff1c (0xfb843783) x15 0x000000000000009c mem 0x0000000080031f28
core   0: 0x000000008000ff20 (0x000097ba) c.add   a5, a4
core   0: 3 0x000000008000ff20 (0x97ba) x15 0x00000000800120dc
core   0: 0x000000008000ff22 (0xfe043703) ld      a4, -32(s0)
core   0: 3 0x000000008000ff22 (0xfe043703) x14 0x0000000080012045 mem 0x0000000080031f50
core   0: 0x000000008000ff26 (0xfcf76de3) bltu    a4, a5, pc - 38
core   0: 3 0x000000008000ff26 (0xfcf76de3)
core   0: 0x000000008000ff00 (0xfe043783) ld      a5, -32(s0)
core   0: 3 0x000000008000ff00 (0xfe043783) x15 0x0000000080012045 mem 0x0000000080031f50
core   0: 0x000000008000ff04 (0x00178713) addi    a4, a5, 1
core   0: 3 0x000000008000ff04 (0x00178713) x14 0x0000000080012046
core   0: 0x000000008000ff08 (0xfee43023) sd      a4, -32(s0)
core   0: 3 0x000000008000ff08 (0xfee43023) mem 0x0000000080031f50 0x0000000080012046
core   0: 0x000000008000ff0c (0xfc442703) lw      a4, -60(s0)
core   0: 3 0x000000008000ff0c (0xfc442703) x14 0x0000000000000000 mem 0x0000000080031f34
core   0: 0x000000008000ff10 (0x0ff77713) andi    a4, a4, 255
core   0: 3 0x000000008000ff10 (0x0ff77713) x14 0x0000000000000000
core   0: 0x000000008000ff14 (0x00e78023) sb      a4, 0(a5)
core   0: 3 0x000000008000ff14 (0x00e78023) mem 0x0000000080012045 0x00
core   0: 0x000000008000ff18 (0xfc843703) ld      a4, -56(s0)
core   0: 3 0x000000008000ff18 (0xfc843703) x14 0x0000000080012040 mem 0x0000000080031f38
core   0: 0x000000008000ff1c (0xfb843783) ld      a5, -72(s0)
core   0: 3 0x000000008000ff1c (0xfb843783) x15 0x000000000000009c mem 0x0000000080031f28
core   0: 0x000000008000ff20 (0x000097ba) c.add   a5, a4
core   0: 3 0x000000008000ff20 (0x97ba) x15 0x00000000800120dc
core   0: 0x000000008000ff22 (0xfe043703) ld      a4, -32(s0)
core   0: 3 0x000000008000ff22 (0xfe043703) x14 0x0000000080012046 mem 0x0000000080031f50
core   0: 0x000000008000ff26 (0xfcf76de3) bltu    a4, a5, pc - 38
core   0: 3 0x000000008000ff26 (0xfcf76de3)
core   0: 0x000000008000ff00 (0xfe043783) ld      a5, -32(s0)
core   0: 3 0x000000008000ff00 (0xfe043783) x15 0x0000000080012046 mem 0x0000000080031f50
core   0: 0x000000008000ff04 (0x00178713) addi    a4, a5, 1
core   0: 3 0x000000008000ff04 (0x00178713) x14 0x0000000080012047
core   0: 0x000000008000ff08 (0xfee43023) sd      a4, -32(s0)
core   0: 3 0x000000008000ff08 (0xfee43023) mem 0x0000000080031f50 0x0000000080012047
core   0: 0x000000008000ff0c (0xfc442703) lw      a4, -60(s0)
core   0: 3 0x000000008000ff0c (0xfc442703) x14 0x0000000000000000 mem 0x0000000080031f34
core   0: 0x000000008000ff10 (0x0ff77713) andi    a4, a4, 255
core   0: 3 0x000000008000ff10 (0x0ff77713) x14 0x0000000000000000
core   0: 0x000000008000ff14 (0x00e78023) sb      a4, 0(a5)
core   0: 3 0x000000008000ff14 (0x00e78023) mem 0x0000000080012046 0x00
core   0: 0x000000008000ff18 (0xfc843703) ld      a4, -56(s0)
core   0: 3 0x000000008000ff18 (0xfc843703) x14 0x0000000080012040 mem 0x0000000080031f38
core   0: 0x000000008000ff1c (0xfb843783) ld      a5, -72(s0)
core   0: 3 0x000000008000ff1c (0xfb843783) x15 0x000000000000009c mem 0x0000000080031f28
core   0: 0x000000008000ff20 (0x000097ba) c.add   a5, a4
core   0: 3 0x000000008000ff20 (0x97ba) x15 0x00000000800120dc
core   0: 0x000000008000ff22 (0xfe043703) ld      a4, -32(s0)
core   0: 3 0x000000008000ff22 (0xfe043703) x14 0x0000000080012047 mem 0x0000000080031f50
core   0: 0x000000008000ff26 (0xfcf76de3) bltu    a4, a5, pc - 38
core   0: 3 0x000000008000ff26 (0xfcf76de3)
core   0: 0x000000008000ff00 (0xfe043783) ld      a5, -32(s0)
core   0: 3 0x000000008000ff00 (0xfe043783) x15 0x0000000080012047 mem 0x0000000080031f50
core   0: 0x000000008000ff04 (0x00178713) addi    a4, a5, 1
core   0: 3 0x000000008000ff04 (0x00178713) x14 0x0000000080012048
core   0: 0x000000008000ff08 (0xfee43023) sd      a4, -32(s0)
core   0: 3 0x000000008000ff08 (0xfee43023) mem 0x0000000080031f50 0x0000000080012048
core   0: 0x000000008000ff0c (0xfc442703) lw      a4, -60(s0)
core   0: 3 0x000000008000ff0c (0xfc442703) x14 0x0000000000000000 mem 0x0000000080031f34
core   0: 0x000000008000ff10 (0x0ff77713) andi    a4, a4, 255
core   0: 3 0x000000008000ff10 (0x0ff77713) x14 0x0000000000000000
core   0: 0x000000008000ff14 (0x00e78023) sb      a4, 0(a5)
core   0: 3 0x000000008000ff14 (0x00e78023) mem 0x0000000080012047 0x00
core   0: 0x000000008000ff18 (0xfc843703) ld      a4, -56(s0)
core   0: 3 0x000000008000ff18 (0xfc843703) x14 0x0000000080012040 mem 0x0000000080031f38
core   0: 0x000000008000ff1c (0xfb843783) ld      a5, -72(s0)
core   0: 3 0x000000008000ff1c (0xfb843783) x15 0x000000000000009c mem 0x0000000080031f28
core   0: 0x000000008000ff20 (0x000097ba) c.add   a5, a4
core   0: 3 0x000000008000ff20 (0x97ba) x15 0x00000000800120dc
core   0: 0x000000008000ff22 (0xfe043703) ld      a4, -32(s0)
core   0: 3 0x000000008000ff22 (0xfe043703) x14 0x0000000080012048 mem 0x0000000080031f50
core   0: 0x000000008000ff26 (0xfcf76de3) bltu    a4, a5, pc - 38
core   0: 3 0x000000008000ff26 (0xfcf76de3)
core   0: 0x000000008000ff00 (0xfe043783) ld      a5, -32(s0)
core   0: 3 0x000000008000ff00 (0xfe043783) x15 0x0000000080012048 mem 0x0000000080031f50
core   0: 0x000000008000ff04 (0x00178713) addi    a4, a5, 1
core   0: 3 0x000000008000ff04 (0x00178713) x14 0x0000000080012049
core   0: 0x000000008000ff08 (0xfee43023) sd      a4, -32(s0)
core   0: 3 0x000000008000ff08 (0xfee43023) mem 0x0000000080031f50 0x0000000080012049
core   0: 0x000000008000ff0c (0xfc442703) lw      a4, -60(s0)
core   0: 3 0x000000008000ff0c (0xfc442703) x14 0x0000000000000000 mem 0x0000000080031f34
core   0: 0x000000008000ff10 (0x0ff77713) andi    a4, a4, 255
core   0: 3 0x000000008000ff10 (0x0ff77713) x14 0x0000000000000000
core   0: 0x000000008000ff14 (0x00e78023) sb      a4, 0(a5)
core   0: 3 0x000000008000ff14 (0x00e78023) mem 0x0000000080012048 0x00
core   0: 0x000000008000ff18 (0xfc843703) ld      a4, -56(s0)
core   0: 3 0x000000008000ff18 (0xfc843703) x14 0x0000000080012040 mem 0x0000000080031f38
core   0: 0x000000008000ff1c (0xfb843783) ld      a5, -72(s0)
core   0: 3 0x000000008000ff1c (0xfb843783) x15 0x000000000000009c mem 0x0000000080031f28
core   0: 0x000000008000ff20 (0x000097ba) c.add   a5, a4
core   0: 3 0x000000008000ff20 (0x97ba) x15 0x00000000800120dc
core   0: 0x000000008000ff22 (0xfe043703) ld      a4, -32(s0)
core   0: 3 0x000000008000ff22 (0xfe043703) x14 0x0000000080012049 mem 0x0000000080031f50
core   0: 0x000000008000ff26 (0xfcf76de3) bltu    a4, a5, pc - 38
core   0: 3 0x000000008000ff26 (0xfcf76de3)
core   0: 0x000000008000ff00 (0xfe043783) ld      a5, -32(s0)
core   0: 3 0x000000008000ff00 (0xfe043783) x15 0x0000000080012049 mem 0x0000000080031f50
core   0: 0x000000008000ff04 (0x00178713) addi    a4, a5, 1
core   0: 3 0x000000008000ff04 (0x00178713) x14 0x000000008001204a
core   0: 0x000000008000ff08 (0xfee43023) sd      a4, -32(s0)
core   0: 3 0x000000008000ff08 (0xfee43023) mem 0x0000000080031f50 0x000000008001204a
core   0: 0x000000008000ff0c (0xfc442703) lw      a4, -60(s0)
core   0: 3 0x000000008000ff0c (0xfc442703) x14 0x0000000000000000 mem 0x0000000080031f34
core   0: 0x000000008000ff10 (0x0ff77713) andi    a4, a4, 255
core   0: 3 0x000000008000ff10 (0x0ff77713) x14 0x0000000000000000
core   0: 0x000000008000ff14 (0x00e78023) sb      a4, 0(a5)
core   0: 3 0x000000008000ff14 (0x00e78023) mem 0x0000000080012049 0x00
core   0: 0x000000008000ff18 (0xfc843703) ld      a4, -56(s0)
core   0: 3 0x000000008000ff18 (0xfc843703) x14 0x0000000080012040 mem 0x0000000080031f38
core   0: 0x000000008000ff1c (0xfb843783) ld      a5, -72(s0)
core   0: 3 0x000000008000ff1c (0xfb843783) x15 0x000000000000009c mem 0x0000000080031f28
core   0: 0x000000008000ff20 (0x000097ba) c.add   a5, a4
core   0: 3 0x000000008000ff20 (0x97ba) x15 0x00000000800120dc
core   0: 0x000000008000ff22 (0xfe043703) ld      a4, -32(s0)
core   0: 3 0x000000008000ff22 (0xfe043703) x14 0x000000008001204a mem 0x0000000080031f50
core   0: 0x000000008000ff26 (0xfcf76de3) bltu    a4, a5, pc - 38
core   0: 3 0x000000008000ff26 (0xfcf76de3)
core   0: 0x000000008000ff00 (0xfe043783) ld      a5, -32(s0)
core   0: 3 0x000000008000ff00 (0xfe043783) x15 0x000000008001204a mem 0x0000000080031f50
core   0: 0x000000008000ff04 (0x00178713) addi    a4, a5, 1
core   0: 3 0x000000008000ff04 (0x00178713) x14 0x000000008001204b
core   0: 0x000000008000ff08 (0xfee43023) sd      a4, -32(s0)
core   0: 3 0x000000008000ff08 (0xfee43023) mem 0x0000000080031f50 0x000000008001204b
core   0: 0x000000008000ff0c (0xfc442703) lw      a4, -60(s0)
core   0: 3 0x000000008000ff0c (0xfc442703) x14 0x0000000000000000 mem 0x0000000080031f34
core   0: 0x000000008000ff10 (0x0ff77713) andi    a4, a4, 255
core   0: 3 0x000000008000ff10 (0x0ff77713) x14 0x0000000000000000
core   0: 0x000000008000ff14 (0x00e78023) sb      a4, 0(a5)
core   0: 3 0x000000008000ff14 (0x00e78023) mem 0x000000008001204a 0x00
core   0: 0x000000008000ff18 (0xfc843703) ld      a4, -56(s0)
core   0: 3 0x000000008000ff18 (0xfc843703) x14 0x0000000080012040 mem 0x0000000080031f38
core   0: 0x000000008000ff1c (0xfb843783) ld      a5, -72(s0)
core   0: 3 0x000000008000ff1c (0xfb843783) x15 0x000000000000009c mem 0x0000000080031f28
core   0: 0x000000008000ff20 (0x000097ba) c.add   a5, a4
core   0: 3 0x000000008000ff20 (0x97ba) x15 0x00000000800120dc
core   0: 0x000000008000ff22 (0xfe043703) ld      a4, -32(s0)
core   0: 3 0x000000008000ff22 (0xfe043703) x14 0x000000008001204b mem 0x0000000080031f50
core   0: 0x000000008000ff26 (0xfcf76de3) bltu    a4, a5, pc - 38
core   0: 3 0x000000008000ff26 (0xfcf76de3)
core   0: 0x000000008000ff00 (0xfe043783) ld      a5, -32(s0)
core   0: 3 0x000000008000ff00 (0xfe043783) x15 0x000000008001204b mem 0x0000000080031f50
core   0: 0x000000008000ff04 (0x00178713) addi    a4, a5, 1
core   0: 3 0x000000008000ff04 (0x00178713) x14 0x000000008001204c
core   0: 0x000000008000ff08 (0xfee43023) sd      a4, -32(s0)
core   0: 3 0x000000008000ff08 (0xfee43023) mem 0x0000000080031f50 0x000000008001204c
core   0: 0x000000008000ff0c (0xfc442703) lw      a4, -60(s0)
core   0: 3 0x000000008000ff0c (0xfc442703) x14 0x0000000000000000 mem 0x0000000080031f34
core   0: 0x000000008000ff10 (0x0ff77713) andi    a4, a4, 255
core   0: 3 0x000000008000ff10 (0x0ff77713) x14 0x0000000000000000
core   0: 0x000000008000ff14 (0x00e78023) sb      a4, 0(a5)
core   0: 3 0x000000008000ff14 (0x00e78023) mem 0x000000008001204b 0x00
core   0: 0x000000008000ff18 (0xfc843703) ld      a4, -56(s0)
core   0: 3 0x000000008000ff18 (0xfc843703) x14 0x0000000080012040 mem 0x0000000080031f38
core   0: 0x000000008000ff1c (0xfb843783) ld      a5, -72(s0)
core   0: 3 0x000000008000ff1c (0xfb843783) x15 0x000000000000009c mem 0x0000000080031f28
core   0: 0x000000008000ff20 (0x000097ba) c.add   a5, a4
core   0: 3 0x000000008000ff20 (0x97ba) x15 0x00000000800120dc
core   0: 0x000000008000ff22 (0xfe043703) ld      a4, -32(s0)
core   0: 3 0x000000008000ff22 (0xfe043703) x14 0x000000008001204c mem 0x0000000080031f50
core   0: 0x000000008000ff26 (0xfcf76de3) bltu    a4, a5, pc - 38
core   0: 3 0x000000008000ff26 (0xfcf76de3)
core   0: 0x000000008000ff00 (0xfe043783) ld      a5, -32(s0)
core   0: 3 0x000000008000ff00 (0xfe043783) x15 0x000000008001204c mem 0x0000000080031f50
core   0: 0x000000008000ff04 (0x00178713) addi    a4, a5, 1
core   0: 3 0x000000008000ff04 (0x00178713) x14 0x000000008001204d
core   0: 0x000000008000ff08 (0xfee43023) sd      a4, -32(s0)
core   0: 3 0x000000008000ff08 (0xfee43023) mem 0x0000000080031f50 0x000000008001204d
core   0: 0x000000008000ff0c (0xfc442703) lw      a4, -60(s0)
core   0: 3 0x000000008000ff0c (0xfc442703) x14 0x0000000000000000 mem 0x0000000080031f34
core   0: 0x000000008000ff10 (0x0ff77713) andi    a4, a4, 255
core   0: 3 0x000000008000ff10 (0x0ff77713) x14 0x0000000000000000
core   0: 0x000000008000ff14 (0x00e78023) sb      a4, 0(a5)
core   0: 3 0x000000008000ff14 (0x00e78023) mem 0x000000008001204c 0x00
core   0: 0x000000008000ff18 (0xfc843703) ld      a4, -56(s0)
core   0: 3 0x000000008000ff18 (0xfc843703) x14 0x0000000080012040 mem 0x0000000080031f38
core   0: 0x000000008000ff1c (0xfb843783) ld      a5, -72(s0)
core   0: 3 0x000000008000ff1c (0xfb843783) x15 0x000000000000009c mem 0x0000000080031f28
core   0: 0x000000008000ff20 (0x000097ba) c.add   a5, a4
core   0: 3 0x000000008000ff20 (0x97ba) x15 0x00000000800120dc
core   0: 0x000000008000ff22 (0xfe043703) ld      a4, -32(s0)
core   0: 3 0x000000008000ff22 (0xfe043703) x14 0x000000008001204d mem 0x0000000080031f50
core   0: 0x000000008000ff26 (0xfcf76de3) bltu    a4, a5, pc - 38
core   0: 3 0x000000008000ff26 (0xfcf76de3)
core   0: 0x000000008000ff00 (0xfe043783) ld      a5, -32(s0)
core   0: 3 0x000000008000ff00 (0xfe043783) x15 0x000000008001204d mem 0x0000000080031f50
core   0: 0x000000008000ff04 (0x00178713) addi    a4, a5, 1
core   0: 3 0x000000008000ff04 (0x00178713) x14 0x000000008001204e
core   0: 0x000000008000ff08 (0xfee43023) sd      a4, -32(s0)
core   0: 3 0x000000008000ff08 (0xfee43023) mem 0x0000000080031f50 0x000000008001204e
core   0: 0x000000008000ff0c (0xfc442703) lw      a4, -60(s0)
core   0: 3 0x000000008000ff0c (0xfc442703) x14 0x0000000000000000 mem 0x0000000080031f34
core   0: 0x000000008000ff10 (0x0ff77713) andi    a4, a4, 255
core   0: 3 0x000000008000ff10 (0x0ff77713) x14 0x0000000000000000
core   0: 0x000000008000ff14 (0x00e78023) sb      a4, 0(a5)
core   0: 3 0x000000008000ff14 (0x00e78023) mem 0x000000008001204d 0x00
core   0: 0x000000008000ff18 (0xfc843703) ld      a4, -56(s0)
core   0: 3 0x000000008000ff18 (0xfc843703) x14 0x0000000080012040 mem 0x0000000080031f38
core   0: 0x000000008000ff1c (0xfb843783) ld      a5, -72(s0)
core   0: 3 0x000000008000ff1c (0xfb843783) x15 0x000000000000009c mem 0x0000000080031f28
core   0: 0x000000008000ff20 (0x000097ba) c.add   a5, a4
core   0: 3 0x000000008000ff20 (0x97ba) x15 0x00000000800120dc
core   0: 0x000000008000ff22 (0xfe043703) ld      a4, -32(s0)
core   0: 3 0x000000008000ff22 (0xfe043703) x14 0x000000008001204e mem 0x0000000080031f50
core   0: 0x000000008000ff26 (0xfcf76de3) bltu    a4, a5, pc - 38
core   0: 3 0x000000008000ff26 (0xfcf76de3)
core   0: 0x000000008000ff00 (0xfe043783) ld      a5, -32(s0)
core   0: 3 0x000000008000ff00 (0xfe043783) x15 0x000000008001204e mem 0x0000000080031f50
core   0: 0x000000008000ff04 (0x00178713) addi    a4, a5, 1
core   0: 3 0x000000008000ff04 (0x00178713) x14 0x000000008001204f
core   0: 0x000000008000ff08 (0xfee43023) sd      a4, -32(s0)
core   0: 3 0x000000008000ff08 (0xfee43023) mem 0x0000000080031f50 0x000000008001204f
core   0: 0x000000008000ff0c (0xfc442703) lw      a4, -60(s0)
core   0: 3 0x000000008000ff0c (0xfc442703) x14 0x0000000000000000 mem 0x0000000080031f34
core   0: 0x000000008000ff10 (0x0ff77713) andi    a4, a4, 255
core   0: 3 0x000000008000ff10 (0x0ff77713) x14 0x0000000000000000
core   0: 0x000000008000ff14 (0x00e78023) sb      a4, 0(a5)
core   0: 3 0x000000008000ff14 (0x00e78023) mem 0x000000008001204e 0x00
core   0: 0x000000008000ff18 (0xfc843703) ld      a4, -56(s0)
core   0: 3 0x000000008000ff18 (0xfc843703) x14 0x0000000080012040 mem 0x0000000080031f38
core   0: 0x000000008000ff1c (0xfb843783) ld      a5, -72(s0)
core   0: 3 0x000000008000ff1c (0xfb843783) x15 0x000000000000009c mem 0x0000000080031f28
core   0: 0x000000008000ff20 (0x000097ba) c.add   a5, a4
core   0: 3 0x000000008000ff20 (0x97ba) x15 0x00000000800120dc
core   0: 0x000000008000ff22 (0xfe043703) ld      a4, -32(s0)
core   0: 3 0x000000008000ff22 (0xfe043703) x14 0x000000008001204f mem 0x0000000080031f50
core   0: 0x000000008000ff26 (0xfcf76de3) bltu    a4, a5, pc - 38
core   0: 3 0x000000008000ff26 (0xfcf76de3)
core   0: 0x000000008000ff00 (0xfe043783) ld      a5, -32(s0)
core   0: 3 0x000000008000ff00 (0xfe043783) x15 0x000000008001204f mem 0x0000000080031f50
core   0: 0x000000008000ff04 (0x00178713) addi    a4, a5, 1
core   0: 3 0x000000008000ff04 (0x00178713) x14 0x0000000080012050
core   0: 0x000000008000ff08 (0xfee43023) sd      a4, -32(s0)
core   0: 3 0x000000008000ff08 (0xfee43023) mem 0x0000000080031f50 0x0000000080012050
core   0: 0x000000008000ff0c (0xfc442703) lw      a4, -60(s0)
core   0: 3 0x000000008000ff0c (0xfc442703) x14 0x0000000000000000 mem 0x0000000080031f34
core   0: 0x000000008000ff10 (0x0ff77713) andi    a4, a4, 255
core   0: 3 0x000000008000ff10 (0x0ff77713) x14 0x0000000000000000
core   0: 0x000000008000ff14 (0x00e78023) sb      a4, 0(a5)
core   0: 3 0x000000008000ff14 (0x00e78023) mem 0x000000008001204f 0x00
core   0: 0x000000008000ff18 (0xfc843703) ld      a4, -56(s0)
core   0: 3 0x000000008000ff18 (0xfc843703) x14 0x0000000080012040 mem 0x0000000080031f38
core   0: 0x000000008000ff1c (0xfb843783) ld      a5, -72(s0)
core   0: 3 0x000000008000ff1c (0xfb843783) x15 0x000000000000009c mem 0x0000000080031f28
core   0: 0x000000008000ff20 (0x000097ba) c.add   a5, a4
core   0: 3 0x000000008000ff20 (0x97ba) x15 0x00000000800120dc
core   0: 0x000000008000ff22 (0xfe043703) ld      a4, -32(s0)
core   0: 3 0x000000008000ff22 (0xfe043703) x14 0x0000000080012050 mem 0x0000000080031f50
core   0: 0x000000008000ff26 (0xfcf76de3) bltu    a4, a5, pc - 38
core   0: 3 0x000000008000ff26 (0xfcf76de3)
core   0: 0x000000008000ff00 (0xfe043783) ld      a5, -32(s0)
core   0: 3 0x000000008000ff00 (0xfe043783) x15 0x0000000080012050 mem 0x0000000080031f50
core   0: 0x000000008000ff04 (0x00178713) addi    a4, a5, 1
core   0: 3 0x000000008000ff04 (0x00178713) x14 0x0000000080012051
core   0: 0x000000008000ff08 (0xfee43023) sd      a4, -32(s0)
core   0: 3 0x000000008000ff08 (0xfee43023) mem 0x0000000080031f50 0x0000000080012051
core   0: 0x000000008000ff0c (0xfc442703) lw      a4, -60(s0)
core   0: 3 0x000000008000ff0c (0xfc442703) x14 0x0000000000000000 mem 0x0000000080031f34
core   0: 0x000000008000ff10 (0x0ff77713) andi    a4, a4, 255
core   0: 3 0x000000008000ff10 (0x0ff77713) x14 0x0000000000000000
core   0: 0x000000008000ff14 (0x00e78023) sb      a4, 0(a5)
core   0: 3 0x000000008000ff14 (0x00e78023) mem 0x0000000080012050 0x00
core   0: 0x000000008000ff18 (0xfc843703) ld      a4, -56(s0)
core   0: 3 0x000000008000ff18 (0xfc843703) x14 0x0000000080012040 mem 0x0000000080031f38
core   0: 0x000000008000ff1c (0xfb843783) ld      a5, -72(s0)
core   0: 3 0x000000008000ff1c (0xfb843783) x15 0x000000000000009c mem 0x0000000080031f28
core   0: 0x000000008000ff20 (0x000097ba) c.add   a5, a4
core   0: 3 0x000000008000ff20 (0x97ba) x15 0x00000000800120dc
core   0: 0x000000008000ff22 (0xfe043703) ld      a4, -32(s0)
core   0: 3 0x000000008000ff22 (0xfe043703) x14 0x0000000080012051 mem 0x0000000080031f50
core   0: 0x000000008000ff26 (0xfcf76de3) bltu    a4, a5, pc - 38
core   0: 3 0x000000008000ff26 (0xfcf76de3)
core   0: 0x000000008000ff00 (0xfe043783) ld      a5, -32(s0)
core   0: 3 0x000000008000ff00 (0xfe043783) x15 0x0000000080012051 mem 0x0000000080031f50
core   0: 0x000000008000ff04 (0x00178713) addi    a4, a5, 1
core   0: 3 0x000000008000ff04 (0x00178713) x14 0x0000000080012052
core   0: 0x000000008000ff08 (0xfee43023) sd      a4, -32(s0)
core   0: 3 0x000000008000ff08 (0xfee43023) mem 0x0000000080031f50 0x0000000080012052
core   0: 0x000000008000ff0c (0xfc442703) lw      a4, -60(s0)
core   0: 3 0x000000008000ff0c (0xfc442703) x14 0x0000000000000000 mem 0x0000000080031f34
core   0: 0x000000008000ff10 (0x0ff77713) andi    a4, a4, 255
core   0: 3 0x000000008000ff10 (0x0ff77713) x14 0x0000000000000000
core   0: 0x000000008000ff14 (0x00e78023) sb      a4, 0(a5)
core   0: 3 0x000000008000ff14 (0x00e78023) mem 0x0000000080012051 0x00
core   0: 0x000000008000ff18 (0xfc843703) ld      a4, -56(s0)
core   0: 3 0x000000008000ff18 (0xfc843703) x14 0x0000000080012040 mem 0x0000000080031f38
core   0: 0x000000008000ff1c (0xfb843783) ld      a5, -72(s0)
core   0: 3 0x000000008000ff1c (0xfb843783) x15 0x000000000000009c mem 0x0000000080031f28
core   0: 0x000000008000ff20 (0x000097ba) c.add   a5, a4
core   0: 3 0x000000008000ff20 (0x97ba) x15 0x00000000800120dc
core   0: 0x000000008000ff22 (0xfe043703) ld      a4, -32(s0)
core   0: 3 0x000000008000ff22 (0xfe043703) x14 0x0000000080012052 mem 0x0000000080031f50
core   0: 0x000000008000ff26 (0xfcf76de3) bltu    a4, a5, pc - 38
core   0: 3 0x000000008000ff26 (0xfcf76de3)
core   0: 0x000000008000ff00 (0xfe043783) ld      a5, -32(s0)
core   0: 3 0x000000008000ff00 (0xfe043783) x15 0x0000000080012052 mem 0x0000000080031f50
core   0: 0x000000008000ff04 (0x00178713) addi    a4, a5, 1
core   0: 3 0x000000008000ff04 (0x00178713) x14 0x0000000080012053
core   0: 0x000000008000ff08 (0xfee43023) sd      a4, -32(s0)
core   0: 3 0x000000008000ff08 (0xfee43023) mem 0x0000000080031f50 0x0000000080012053
core   0: 0x000000008000ff0c (0xfc442703) lw      a4, -60(s0)
core   0: 3 0x000000008000ff0c (0xfc442703) x14 0x0000000000000000 mem 0x0000000080031f34
core   0: 0x000000008000ff10 (0x0ff77713) andi    a4, a4, 255
core   0: 3 0x000000008000ff10 (0x0ff77713) x14 0x0000000000000000
core   0: 0x000000008000ff14 (0x00e78023) sb      a4, 0(a5)
core   0: 3 0x000000008000ff14 (0x00e78023) mem 0x0000000080012052 0x00
core   0: 0x000000008000ff18 (0xfc843703) ld      a4, -56(s0)
core   0: 3 0x000000008000ff18 (0xfc843703) x14 0x0000000080012040 mem 0x0000000080031f38
core   0: 0x000000008000ff1c (0xfb843783) ld      a5, -72(s0)
core   0: 3 0x000000008000ff1c (0xfb843783) x15 0x000000000000009c mem 0x0000000080031f28
core   0: 0x000000008000ff20 (0x000097ba) c.add   a5, a4
core   0: 3 0x000000008000ff20 (0x97ba) x15 0x00000000800120dc
core   0: 0x000000008000ff22 (0xfe043703) ld      a4, -32(s0)
core   0: 3 0x000000008000ff22 (0xfe043703) x14 0x0000000080012053 mem 0x0000000080031f50
core   0: 0x000000008000ff26 (0xfcf76de3) bltu    a4, a5, pc - 38
core   0: 3 0x000000008000ff26 (0xfcf76de3)
core   0: 0x000000008000ff00 (0xfe043783) ld      a5, -32(s0)
core   0: 3 0x000000008000ff00 (0xfe043783) x15 0x0000000080012053 mem 0x0000000080031f50
core   0: 0x000000008000ff04 (0x00178713) addi    a4, a5, 1
core   0: 3 0x000000008000ff04 (0x00178713) x14 0x0000000080012054
core   0: 0x000000008000ff08 (0xfee43023) sd      a4, -32(s0)
core   0: 3 0x000000008000ff08 (0xfee43023) mem 0x0000000080031f50 0x0000000080012054
core   0: 0x000000008000ff0c (0xfc442703) lw      a4, -60(s0)
core   0: 3 0x000000008000ff0c (0xfc442703) x14 0x0000000000000000 mem 0x0000000080031f34
core   0: 0x000000008000ff10 (0x0ff77713) andi    a4, a4, 255
core   0: 3 0x000000008000ff10 (0x0ff77713) x14 0x0000000000000000
core   0: 0x000000008000ff14 (0x00e78023) sb      a4, 0(a5)
core   0: 3 0x000000008000ff14 (0x00e78023) mem 0x0000000080012053 0x00
core   0: 0x000000008000ff18 (0xfc843703) ld      a4, -56(s0)
core   0: 3 0x000000008000ff18 (0xfc843703) x14 0x0000000080012040 mem 0x0000000080031f38
core   0: 0x000000008000ff1c (0xfb843783) ld      a5, -72(s0)
core   0: 3 0x000000008000ff1c (0xfb843783) x15 0x000000000000009c mem 0x0000000080031f28
core   0: 0x000000008000ff20 (0x000097ba) c.add   a5, a4
core   0: 3 0x000000008000ff20 (0x97ba) x15 0x00000000800120dc
core   0: 0x000000008000ff22 (0xfe043703) ld      a4, -32(s0)
core   0: 3 0x000000008000ff22 (0xfe043703) x14 0x0000000080012054 mem 0x0000000080031f50
core   0: 0x000000008000ff26 (0xfcf76de3) bltu    a4, a5, pc - 38
core   0: 3 0x000000008000ff26 (0xfcf76de3)
core   0: 0x000000008000ff00 (0xfe043783) ld      a5, -32(s0)
core   0: 3 0x000000008000ff00 (0xfe043783) x15 0x0000000080012054 mem 0x0000000080031f50
core   0: 0x000000008000ff04 (0x00178713) addi    a4, a5, 1
core   0: 3 0x000000008000ff04 (0x00178713) x14 0x0000000080012055
core   0: 0x000000008000ff08 (0xfee43023) sd      a4, -32(s0)
core   0: 3 0x000000008000ff08 (0xfee43023) mem 0x0000000080031f50 0x0000000080012055
core   0: 0x000000008000ff0c (0xfc442703) lw      a4, -60(s0)
core   0: 3 0x000000008000ff0c (0xfc442703) x14 0x0000000000000000 mem 0x0000000080031f34
core   0: 0x000000008000ff10 (0x0ff77713) andi    a4, a4, 255
core   0: 3 0x000000008000ff10 (0x0ff77713) x14 0x0000000000000000
core   0: 0x000000008000ff14 (0x00e78023) sb      a4, 0(a5)
core   0: 3 0x000000008000ff14 (0x00e78023) mem 0x0000000080012054 0x00
core   0: 0x000000008000ff18 (0xfc843703) ld      a4, -56(s0)
core   0: 3 0x000000008000ff18 (0xfc843703) x14 0x0000000080012040 mem 0x0000000080031f38
core   0: 0x000000008000ff1c (0xfb843783) ld      a5, -72(s0)
core   0: 3 0x000000008000ff1c (0xfb843783) x15 0x000000000000009c mem 0x0000000080031f28
core   0: 0x000000008000ff20 (0x000097ba) c.add   a5, a4
core   0: 3 0x000000008000ff20 (0x97ba) x15 0x00000000800120dc
core   0: 0x000000008000ff22 (0xfe043703) ld      a4, -32(s0)
core   0: 3 0x000000008000ff22 (0xfe043703) x14 0x0000000080012055 mem 0x0000000080031f50
core   0: 0x000000008000ff26 (0xfcf76de3) bltu    a4, a5, pc - 38
core   0: 3 0x000000008000ff26 (0xfcf76de3)
core   0: 0x000000008000ff00 (0xfe043783) ld      a5, -32(s0)
core   0: 3 0x000000008000ff00 (0xfe043783) x15 0x0000000080012055 mem 0x0000000080031f50
core   0: 0x000000008000ff04 (0x00178713) addi    a4, a5, 1
core   0: 3 0x000000008000ff04 (0x00178713) x14 0x0000000080012056
core   0: 0x000000008000ff08 (0xfee43023) sd      a4, -32(s0)
core   0: 3 0x000000008000ff08 (0xfee43023) mem 0x0000000080031f50 0x0000000080012056
core   0: 0x000000008000ff0c (0xfc442703) lw      a4, -60(s0)
core   0: 3 0x000000008000ff0c (0xfc442703) x14 0x0000000000000000 mem 0x0000000080031f34
core   0: 0x000000008000ff10 (0x0ff77713) andi    a4, a4, 255
core   0: 3 0x000000008000ff10 (0x0ff77713) x14 0x0000000000000000
core   0: 0x000000008000ff14 (0x00e78023) sb      a4, 0(a5)
core   0: 3 0x000000008000ff14 (0x00e78023) mem 0x0000000080012055 0x00
core   0: 0x000000008000ff18 (0xfc843703) ld      a4, -56(s0)
core   0: 3 0x000000008000ff18 (0xfc843703) x14 0x0000000080012040 mem 0x0000000080031f38
core   0: 0x000000008000ff1c (0xfb843783) ld      a5, -72(s0)
core   0: 3 0x000000008000ff1c (0xfb843783) x15 0x000000000000009c mem 0x0000000080031f28
core   0: 0x000000008000ff20 (0x000097ba) c.add   a5, a4
core   0: 3 0x000000008000ff20 (0x97ba) x15 0x00000000800120dc
core   0: 0x000000008000ff22 (0xfe043703) ld      a4, -32(s0)
core   0: 3 0x000000008000ff22 (0xfe043703) x14 0x0000000080012056 mem 0x0000000080031f50
core   0: 0x000000008000ff26 (0xfcf76de3) bltu    a4, a5, pc - 38
core   0: 3 0x000000008000ff26 (0xfcf76de3)
core   0: 0x000000008000ff00 (0xfe043783) ld      a5, -32(s0)
core   0: 3 0x000000008000ff00 (0xfe043783) x15 0x0000000080012056 mem 0x0000000080031f50
core   0: 0x000000008000ff04 (0x00178713) addi    a4, a5, 1
core   0: 3 0x000000008000ff04 (0x00178713) x14 0x0000000080012057
core   0: 0x000000008000ff08 (0xfee43023) sd      a4, -32(s0)
core   0: 3 0x000000008000ff08 (0xfee43023) mem 0x0000000080031f50 0x0000000080012057
core   0: 0x000000008000ff0c (0xfc442703) lw      a4, -60(s0)
core   0: 3 0x000000008000ff0c (0xfc442703) x14 0x0000000000000000 mem 0x0000000080031f34
core   0: 0x000000008000ff10 (0x0ff77713) andi    a4, a4, 255
core   0: 3 0x000000008000ff10 (0x0ff77713) x14 0x0000000000000000
core   0: 0x000000008000ff14 (0x00e78023) sb      a4, 0(a5)
core   0: 3 0x000000008000ff14 (0x00e78023) mem 0x0000000080012056 0x00
core   0: 0x000000008000ff18 (0xfc843703) ld      a4, -56(s0)
core   0: 3 0x000000008000ff18 (0xfc843703) x14 0x0000000080012040 mem 0x0000000080031f38
core   0: 0x000000008000ff1c (0xfb843783) ld      a5, -72(s0)
core   0: 3 0x000000008000ff1c (0xfb843783) x15 0x000000000000009c mem 0x0000000080031f28
core   0: 0x000000008000ff20 (0x000097ba) c.add   a5, a4
core   0: 3 0x000000008000ff20 (0x97ba) x15 0x00000000800120dc
core   0: 0x000000008000ff22 (0xfe043703) ld      a4, -32(s0)
core   0: 3 0x000000008000ff22 (0xfe043703) x14 0x0000000080012057 mem 0x0000000080031f50
core   0: 0x000000008000ff26 (0xfcf76de3) bltu    a4, a5, pc - 38
core   0: 3 0x000000008000ff26 (0xfcf76de3)
core   0: 0x000000008000ff00 (0xfe043783) ld      a5, -32(s0)
core   0: 3 0x000000008000ff00 (0xfe043783) x15 0x0000000080012057 mem 0x0000000080031f50
core   0: 0x000000008000ff04 (0x00178713) addi    a4, a5, 1
core   0: 3 0x000000008000ff04 (0x00178713) x14 0x0000000080012058
core   0: 0x000000008000ff08 (0xfee43023) sd      a4, -32(s0)
core   0: 3 0x000000008000ff08 (0xfee43023) mem 0x0000000080031f50 0x0000000080012058
core   0: 0x000000008000ff0c (0xfc442703) lw      a4, -60(s0)
core   0: 3 0x000000008000ff0c (0xfc442703) x14 0x0000000000000000 mem 0x0000000080031f34
core   0: 0x000000008000ff10 (0x0ff77713) andi    a4, a4, 255
core   0: 3 0x000000008000ff10 (0x0ff77713) x14 0x0000000000000000
core   0: 0x000000008000ff14 (0x00e78023) sb      a4, 0(a5)
core   0: 3 0x000000008000ff14 (0x00e78023) mem 0x0000000080012057 0x00
core   0: 0x000000008000ff18 (0xfc843703) ld      a4, -56(s0)
core   0: 3 0x000000008000ff18 (0xfc843703) x14 0x0000000080012040 mem 0x0000000080031f38
core   0: 0x000000008000ff1c (0xfb843783) ld      a5, -72(s0)
core   0: 3 0x000000008000ff1c (0xfb843783) x15 0x000000000000009c mem 0x0000000080031f28
core   0: 0x000000008000ff20 (0x000097ba) c.add   a5, a4
core   0: 3 0x000000008000ff20 (0x97ba) x15 0x00000000800120dc
core   0: 0x000000008000ff22 (0xfe043703) ld      a4, -32(s0)
core   0: 3 0x000000008000ff22 (0xfe043703) x14 0x0000000080012058 mem 0x0000000080031f50
core   0: 0x000000008000ff26 (0xfcf76de3) bltu    a4, a5, pc - 38
core   0: 3 0x000000008000ff26 (0xfcf76de3)
core   0: 0x000000008000ff00 (0xfe043783) ld      a5, -32(s0)
core   0: 3 0x000000008000ff00 (0xfe043783) x15 0x0000000080012058 mem 0x0000000080031f50
core   0: 0x000000008000ff04 (0x00178713) addi    a4, a5, 1
core   0: 3 0x000000008000ff04 (0x00178713) x14 0x0000000080012059
core   0: 0x000000008000ff08 (0xfee43023) sd      a4, -32(s0)
core   0: 3 0x000000008000ff08 (0xfee43023) mem 0x0000000080031f50 0x0000000080012059
core   0: 0x000000008000ff0c (0xfc442703) lw      a4, -60(s0)
core   0: 3 0x000000008000ff0c (0xfc442703) x14 0x0000000000000000 mem 0x0000000080031f34
core   0: 0x000000008000ff10 (0x0ff77713) andi    a4, a4, 255
core   0: 3 0x000000008000ff10 (0x0ff77713) x14 0x0000000000000000
core   0: 0x000000008000ff14 (0x00e78023) sb      a4, 0(a5)
core   0: 3 0x000000008000ff14 (0x00e78023) mem 0x0000000080012058 0x00
core   0: 0x000000008000ff18 (0xfc843703) ld      a4, -56(s0)
core   0: 3 0x000000008000ff18 (0xfc843703) x14 0x0000000080012040 mem 0x0000000080031f38
core   0: 0x000000008000ff1c (0xfb843783) ld      a5, -72(s0)
core   0: 3 0x000000008000ff1c (0xfb843783) x15 0x000000000000009c mem 0x0000000080031f28
core   0: 0x000000008000ff20 (0x000097ba) c.add   a5, a4
core   0: 3 0x000000008000ff20 (0x97ba) x15 0x00000000800120dc
core   0: 0x000000008000ff22 (0xfe043703) ld      a4, -32(s0)
core   0: 3 0x000000008000ff22 (0xfe043703) x14 0x0000000080012059 mem 0x0000000080031f50
core   0: 0x000000008000ff26 (0xfcf76de3) bltu    a4, a5, pc - 38
core   0: 3 0x000000008000ff26 (0xfcf76de3)
core   0: 0x000000008000ff00 (0xfe043783) ld      a5, -32(s0)
core   0: 3 0x000000008000ff00 (0xfe043783) x15 0x0000000080012059 mem 0x0000000080031f50
core   0: 0x000000008000ff04 (0x00178713) addi    a4, a5, 1
core   0: 3 0x000000008000ff04 (0x00178713) x14 0x000000008001205a
core   0: 0x000000008000ff08 (0xfee43023) sd      a4, -32(s0)
core   0: 3 0x000000008000ff08 (0xfee43023) mem 0x0000000080031f50 0x000000008001205a
core   0: 0x000000008000ff0c (0xfc442703) lw      a4, -60(s0)
core   0: 3 0x000000008000ff0c (0xfc442703) x14 0x0000000000000000 mem 0x0000000080031f34
core   0: 0x000000008000ff10 (0x0ff77713) andi    a4, a4, 255
core   0: 3 0x000000008000ff10 (0x0ff77713) x14 0x0000000000000000
core   0: 0x000000008000ff14 (0x00e78023) sb      a4, 0(a5)
core   0: 3 0x000000008000ff14 (0x00e78023) mem 0x0000000080012059 0x00
core   0: 0x000000008000ff18 (0xfc843703) ld      a4, -56(s0)
core   0: 3 0x000000008000ff18 (0xfc843703) x14 0x0000000080012040 mem 0x0000000080031f38
core   0: 0x000000008000ff1c (0xfb843783) ld      a5, -72(s0)
core   0: 3 0x000000008000ff1c (0xfb843783) x15 0x000000000000009c mem 0x0000000080031f28
core   0: 0x000000008000ff20 (0x000097ba) c.add   a5, a4
core   0: 3 0x000000008000ff20 (0x97ba) x15 0x00000000800120dc
core   0: 0x000000008000ff22 (0xfe043703) ld      a4, -32(s0)
core   0: 3 0x000000008000ff22 (0xfe043703) x14 0x000000008001205a mem 0x0000000080031f50
core   0: 0x000000008000ff26 (0xfcf76de3) bltu    a4, a5, pc - 38
core   0: 3 0x000000008000ff26 (0xfcf76de3)
core   0: 0x000000008000ff00 (0xfe043783) ld      a5, -32(s0)
core   0: 3 0x000000008000ff00 (0xfe043783) x15 0x000000008001205a mem 0x0000000080031f50
core   0: 0x000000008000ff04 (0x00178713) addi    a4, a5, 1
core   0: 3 0x000000008000ff04 (0x00178713) x14 0x000000008001205b
core   0: 0x000000008000ff08 (0xfee43023) sd      a4, -32(s0)
core   0: 3 0x000000008000ff08 (0xfee43023) mem 0x0000000080031f50 0x000000008001205b
core   0: 0x000000008000ff0c (0xfc442703) lw      a4, -60(s0)
core   0: 3 0x000000008000ff0c (0xfc442703) x14 0x0000000000000000 mem 0x0000000080031f34
core   0: 0x000000008000ff10 (0x0ff77713) andi    a4, a4, 255
core   0: 3 0x000000008000ff10 (0x0ff77713) x14 0x0000000000000000
core   0: 0x000000008000ff14 (0x00e78023) sb      a4, 0(a5)
core   0: 3 0x000000008000ff14 (0x00e78023) mem 0x000000008001205a 0x00
core   0: 0x000000008000ff18 (0xfc843703) ld      a4, -56(s0)
core   0: 3 0x000000008000ff18 (0xfc843703) x14 0x0000000080012040 mem 0x0000000080031f38
core   0: 0x000000008000ff1c (0xfb843783) ld      a5, -72(s0)
core   0: 3 0x000000008000ff1c (0xfb843783) x15 0x000000000000009c mem 0x0000000080031f28
core   0: 0x000000008000ff20 (0x000097ba) c.add   a5, a4
core   0: 3 0x000000008000ff20 (0x97ba) x15 0x00000000800120dc
core   0: 0x000000008000ff22 (0xfe043703) ld      a4, -32(s0)
core   0: 3 0x000000008000ff22 (0xfe043703) x14 0x000000008001205b mem 0x0000000080031f50
core   0: 0x000000008000ff26 (0xfcf76de3) bltu    a4, a5, pc - 38
core   0: 3 0x000000008000ff26 (0xfcf76de3)
core   0: 0x000000008000ff00 (0xfe043783) ld      a5, -32(s0)
core   0: 3 0x000000008000ff00 (0xfe043783) x15 0x000000008001205b mem 0x0000000080031f50
core   0: 0x000000008000ff04 (0x00178713) addi    a4, a5, 1
core   0: 3 0x000000008000ff04 (0x00178713) x14 0x000000008001205c
core   0: 0x000000008000ff08 (0xfee43023) sd      a4, -32(s0)
core   0: 3 0x000000008000ff08 (0xfee43023) mem 0x0000000080031f50 0x000000008001205c
core   0: 0x000000008000ff0c (0xfc442703) lw      a4, -60(s0)
core   0: 3 0x000000008000ff0c (0xfc442703) x14 0x0000000000000000 mem 0x0000000080031f34
core   0: 0x000000008000ff10 (0x0ff77713) andi    a4, a4, 255
core   0: 3 0x000000008000ff10 (0x0ff77713) x14 0x0000000000000000
core   0: 0x000000008000ff14 (0x00e78023) sb      a4, 0(a5)
core   0: 3 0x000000008000ff14 (0x00e78023) mem 0x000000008001205b 0x00
core   0: 0x000000008000ff18 (0xfc843703) ld      a4, -56(s0)
core   0: 3 0x000000008000ff18 (0xfc843703) x14 0x0000000080012040 mem 0x0000000080031f38
core   0: 0x000000008000ff1c (0xfb843783) ld      a5, -72(s0)
core   0: 3 0x000000008000ff1c (0xfb843783) x15 0x000000000000009c mem 0x0000000080031f28
core   0: 0x000000008000ff20 (0x000097ba) c.add   a5, a4
core   0: 3 0x000000008000ff20 (0x97ba) x15 0x00000000800120dc
core   0: 0x000000008000ff22 (0xfe043703) ld      a4, -32(s0)
core   0: 3 0x000000008000ff22 (0xfe043703) x14 0x000000008001205c mem 0x0000000080031f50
core   0: 0x000000008000ff26 (0xfcf76de3) bltu    a4, a5, pc - 38
core   0: 3 0x000000008000ff26 (0xfcf76de3)
core   0: 0x000000008000ff00 (0xfe043783) ld      a5, -32(s0)
core   0: 3 0x000000008000ff00 (0xfe043783) x15 0x000000008001205c mem 0x0000000080031f50
core   0: 0x000000008000ff04 (0x00178713) addi    a4, a5, 1
core   0: 3 0x000000008000ff04 (0x00178713) x14 0x000000008001205d
core   0: 0x000000008000ff08 (0xfee43023) sd      a4, -32(s0)
core   0: 3 0x000000008000ff08 (0xfee43023) mem 0x0000000080031f50 0x000000008001205d
core   0: 0x000000008000ff0c (0xfc442703) lw      a4, -60(s0)
core   0: 3 0x000000008000ff0c (0xfc442703) x14 0x0000000000000000 mem 0x0000000080031f34
core   0: 0x000000008000ff10 (0x0ff77713) andi    a4, a4, 255
core   0: 3 0x000000008000ff10 (0x0ff77713) x14 0x0000000000000000
core   0: 0x000000008000ff14 (0x00e78023) sb      a4, 0(a5)
core   0: 3 0x000000008000ff14 (0x00e78023) mem 0x000000008001205c 0x00
core   0: 0x000000008000ff18 (0xfc843703) ld      a4, -56(s0)
core   0: 3 0x000000008000ff18 (0xfc843703) x14 0x0000000080012040 mem 0x0000000080031f38
core   0: 0x000000008000ff1c (0xfb843783) ld      a5, -72(s0)
core   0: 3 0x000000008000ff1c (0xfb843783) x15 0x000000000000009c mem 0x0000000080031f28
core   0: 0x000000008000ff20 (0x000097ba) c.add   a5, a4
core   0: 3 0x000000008000ff20 (0x97ba) x15 0x00000000800120dc
core   0: 0x000000008000ff22 (0xfe043703) ld      a4, -32(s0)
core   0: 3 0x000000008000ff22 (0xfe043703) x14 0x000000008001205d mem 0x0000000080031f50
core   0: 0x000000008000ff26 (0xfcf76de3) bltu    a4, a5, pc - 38
core   0: 3 0x000000008000ff26 (0xfcf76de3)
core   0: 0x000000008000ff00 (0xfe043783) ld      a5, -32(s0)
core   0: 3 0x000000008000ff00 (0xfe043783) x15 0x000000008001205d mem 0x0000000080031f50
core   0: 0x000000008000ff04 (0x00178713) addi    a4, a5, 1
core   0: 3 0x000000008000ff04 (0x00178713) x14 0x000000008001205e
core   0: 0x000000008000ff08 (0xfee43023) sd      a4, -32(s0)
core   0: 3 0x000000008000ff08 (0xfee43023) mem 0x0000000080031f50 0x000000008001205e
core   0: 0x000000008000ff0c (0xfc442703) lw      a4, -60(s0)
core   0: 3 0x000000008000ff0c (0xfc442703) x14 0x0000000000000000 mem 0x0000000080031f34
core   0: 0x000000008000ff10 (0x0ff77713) andi    a4, a4, 255
core   0: 3 0x000000008000ff10 (0x0ff77713) x14 0x0000000000000000
core   0: 0x000000008000ff14 (0x00e78023) sb      a4, 0(a5)
core   0: 3 0x000000008000ff14 (0x00e78023) mem 0x000000008001205d 0x00
core   0: 0x000000008000ff18 (0xfc843703) ld      a4, -56(s0)
core   0: 3 0x000000008000ff18 (0xfc843703) x14 0x0000000080012040 mem 0x0000000080031f38
core   0: 0x000000008000ff1c (0xfb843783) ld      a5, -72(s0)
core   0: 3 0x000000008000ff1c (0xfb843783) x15 0x000000000000009c mem 0x0000000080031f28
core   0: 0x000000008000ff20 (0x000097ba) c.add   a5, a4
core   0: 3 0x000000008000ff20 (0x97ba) x15 0x00000000800120dc
core   0: 0x000000008000ff22 (0xfe043703) ld      a4, -32(s0)
core   0: 3 0x000000008000ff22 (0xfe043703) x14 0x000000008001205e mem 0x0000000080031f50
core   0: 0x000000008000ff26 (0xfcf76de3) bltu    a4, a5, pc - 38
core   0: 3 0x000000008000ff26 (0xfcf76de3)
core   0: 0x000000008000ff00 (0xfe043783) ld      a5, -32(s0)
core   0: 3 0x000000008000ff00 (0xfe043783) x15 0x000000008001205e mem 0x0000000080031f50
core   0: 0x000000008000ff04 (0x00178713) addi    a4, a5, 1
core   0: 3 0x000000008000ff04 (0x00178713) x14 0x000000008001205f
core   0: 0x000000008000ff08 (0xfee43023) sd      a4, -32(s0)
core   0: 3 0x000000008000ff08 (0xfee43023) mem 0x0000000080031f50 0x000000008001205f
core   0: 0x000000008000ff0c (0xfc442703) lw      a4, -60(s0)
core   0: 3 0x000000008000ff0c (0xfc442703) x14 0x0000000000000000 mem 0x0000000080031f34
core   0: 0x000000008000ff10 (0x0ff77713) andi    a4, a4, 255
core   0: 3 0x000000008000ff10 (0x0ff77713) x14 0x0000000000000000
core   0: 0x000000008000ff14 (0x00e78023) sb      a4, 0(a5)
core   0: 3 0x000000008000ff14 (0x00e78023) mem 0x000000008001205e 0x00
core   0: 0x000000008000ff18 (0xfc843703) ld      a4, -56(s0)
core   0: 3 0x000000008000ff18 (0xfc843703) x14 0x0000000080012040 mem 0x0000000080031f38
core   0: 0x000000008000ff1c (0xfb843783) ld      a5, -72(s0)
core   0: 3 0x000000008000ff1c (0xfb843783) x15 0x000000000000009c mem 0x0000000080031f28
core   0: 0x000000008000ff20 (0x000097ba) c.add   a5, a4
core   0: 3 0x000000008000ff20 (0x97ba) x15 0x00000000800120dc
core   0: 0x000000008000ff22 (0xfe043703) ld      a4, -32(s0)
core   0: 3 0x000000008000ff22 (0xfe043703) x14 0x000000008001205f mem 0x0000000080031f50
core   0: 0x000000008000ff26 (0xfcf76de3) bltu    a4, a5, pc - 38
core   0: 3 0x000000008000ff26 (0xfcf76de3)
core   0: 0x000000008000ff00 (0xfe043783) ld      a5, -32(s0)
core   0: 3 0x000000008000ff00 (0xfe043783) x15 0x000000008001205f mem 0x0000000080031f50
core   0: 0x000000008000ff04 (0x00178713) addi    a4, a5, 1
core   0: 3 0x000000008000ff04 (0x00178713) x14 0x0000000080012060
core   0: 0x000000008000ff08 (0xfee43023) sd      a4, -32(s0)
core   0: 3 0x000000008000ff08 (0xfee43023) mem 0x0000000080031f50 0x0000000080012060
core   0: 0x000000008000ff0c (0xfc442703) lw      a4, -60(s0)
core   0: 3 0x000000008000ff0c (0xfc442703) x14 0x0000000000000000 mem 0x0000000080031f34
core   0: 0x000000008000ff10 (0x0ff77713) andi    a4, a4, 255
core   0: 3 0x000000008000ff10 (0x0ff77713) x14 0x0000000000000000
core   0: 0x000000008000ff14 (0x00e78023) sb      a4, 0(a5)
core   0: 3 0x000000008000ff14 (0x00e78023) mem 0x000000008001205f 0x00
core   0: 0x000000008000ff18 (0xfc843703) ld      a4, -56(s0)
core   0: 3 0x000000008000ff18 (0xfc843703) x14 0x0000000080012040 mem 0x0000000080031f38
core   0: 0x000000008000ff1c (0xfb843783) ld      a5, -72(s0)
core   0: 3 0x000000008000ff1c (0xfb843783) x15 0x000000000000009c mem 0x0000000080031f28
core   0: 0x000000008000ff20 (0x000097ba) c.add   a5, a4
core   0: 3 0x000000008000ff20 (0x97ba) x15 0x00000000800120dc
core   0: 0x000000008000ff22 (0xfe043703) ld      a4, -32(s0)
core   0: 3 0x000000008000ff22 (0xfe043703) x14 0x0000000080012060 mem 0x0000000080031f50
core   0: 0x000000008000ff26 (0xfcf76de3) bltu    a4, a5, pc - 38
core   0: 3 0x000000008000ff26 (0xfcf76de3)
core   0: 0x000000008000ff00 (0xfe043783) ld      a5, -32(s0)
core   0: 3 0x000000008000ff00 (0xfe043783) x15 0x0000000080012060 mem 0x0000000080031f50
core   0: 0x000000008000ff04 (0x00178713) addi    a4, a5, 1
core   0: 3 0x000000008000ff04 (0x00178713) x14 0x0000000080012061
core   0: 0x000000008000ff08 (0xfee43023) sd      a4, -32(s0)
core   0: 3 0x000000008000ff08 (0xfee43023) mem 0x0000000080031f50 0x0000000080012061
core   0: 0x000000008000ff0c (0xfc442703) lw      a4, -60(s0)
core   0: 3 0x000000008000ff0c (0xfc442703) x14 0x0000000000000000 mem 0x0000000080031f34
core   0: 0x000000008000ff10 (0x0ff77713) andi    a4, a4, 255
core   0: 3 0x000000008000ff10 (0x0ff77713) x14 0x0000000000000000
core   0: 0x000000008000ff14 (0x00e78023) sb      a4, 0(a5)
core   0: 3 0x000000008000ff14 (0x00e78023) mem 0x0000000080012060 0x00
core   0: 0x000000008000ff18 (0xfc843703) ld      a4, -56(s0)
core   0: 3 0x000000008000ff18 (0xfc843703) x14 0x0000000080012040 mem 0x0000000080031f38
core   0: 0x000000008000ff1c (0xfb843783) ld      a5, -72(s0)
core   0: 3 0x000000008000ff1c (0xfb843783) x15 0x000000000000009c mem 0x0000000080031f28
core   0: 0x000000008000ff20 (0x000097ba) c.add   a5, a4
core   0: 3 0x000000008000ff20 (0x97ba) x15 0x00000000800120dc
core   0: 0x000000008000ff22 (0xfe043703) ld      a4, -32(s0)
core   0: 3 0x000000008000ff22 (0xfe043703) x14 0x0000000080012061 mem 0x0000000080031f50
core   0: 0x000000008000ff26 (0xfcf76de3) bltu    a4, a5, pc - 38
core   0: 3 0x000000008000ff26 (0xfcf76de3)
core   0: 0x000000008000ff00 (0xfe043783) ld      a5, -32(s0)
core   0: 3 0x000000008000ff00 (0xfe043783) x15 0x0000000080012061 mem 0x0000000080031f50
core   0: 0x000000008000ff04 (0x00178713) addi    a4, a5, 1
core   0: 3 0x000000008000ff04 (0x00178713) x14 0x0000000080012062
core   0: 0x000000008000ff08 (0xfee43023) sd      a4, -32(s0)
core   0: 3 0x000000008000ff08 (0xfee43023) mem 0x0000000080031f50 0x0000000080012062
core   0: 0x000000008000ff0c (0xfc442703) lw      a4, -60(s0)
core   0: 3 0x000000008000ff0c (0xfc442703) x14 0x0000000000000000 mem 0x0000000080031f34
core   0: 0x000000008000ff10 (0x0ff77713) andi    a4, a4, 255
core   0: 3 0x000000008000ff10 (0x0ff77713) x14 0x0000000000000000
core   0: 0x000000008000ff14 (0x00e78023) sb      a4, 0(a5)
core   0: 3 0x000000008000ff14 (0x00e78023) mem 0x0000000080012061 0x00
core   0: 0x000000008000ff18 (0xfc843703) ld      a4, -56(s0)
core   0: 3 0x000000008000ff18 (0xfc843703) x14 0x0000000080012040 mem 0x0000000080031f38
core   0: 0x000000008000ff1c (0xfb843783) ld      a5, -72(s0)
core   0: 3 0x000000008000ff1c (0xfb843783) x15 0x000000000000009c mem 0x0000000080031f28
core   0: 0x000000008000ff20 (0x000097ba) c.add   a5, a4
core   0: 3 0x000000008000ff20 (0x97ba) x15 0x00000000800120dc
core   0: 0x000000008000ff22 (0xfe043703) ld      a4, -32(s0)
core   0: 3 0x000000008000ff22 (0xfe043703) x14 0x0000000080012062 mem 0x0000000080031f50
core   0: 0x000000008000ff26 (0xfcf76de3) bltu    a4, a5, pc - 38
core   0: 3 0x000000008000ff26 (0xfcf76de3)
core   0: 0x000000008000ff00 (0xfe043783) ld      a5, -32(s0)
core   0: 3 0x000000008000ff00 (0xfe043783) x15 0x0000000080012062 mem 0x0000000080031f50
core   0: 0x000000008000ff04 (0x00178713) addi    a4, a5, 1
core   0: 3 0x000000008000ff04 (0x00178713) x14 0x0000000080012063
core   0: 0x000000008000ff08 (0xfee43023) sd      a4, -32(s0)
core   0: 3 0x000000008000ff08 (0xfee43023) mem 0x0000000080031f50 0x0000000080012063
core   0: 0x000000008000ff0c (0xfc442703) lw      a4, -60(s0)
core   0: 3 0x000000008000ff0c (0xfc442703) x14 0x0000000000000000 mem 0x0000000080031f34
core   0: 0x000000008000ff10 (0x0ff77713) andi    a4, a4, 255
core   0: 3 0x000000008000ff10 (0x0ff77713) x14 0x0000000000000000
core   0: 0x000000008000ff14 (0x00e78023) sb      a4, 0(a5)
core   0: 3 0x000000008000ff14 (0x00e78023) mem 0x0000000080012062 0x00
core   0: 0x000000008000ff18 (0xfc843703) ld      a4, -56(s0)
core   0: 3 0x000000008000ff18 (0xfc843703) x14 0x0000000080012040 mem 0x0000000080031f38
core   0: 0x000000008000ff1c (0xfb843783) ld      a5, -72(s0)
core   0: 3 0x000000008000ff1c (0xfb843783) x15 0x000000000000009c mem 0x0000000080031f28
core   0: 0x000000008000ff20 (0x000097ba) c.add   a5, a4
core   0: 3 0x000000008000ff20 (0x97ba) x15 0x00000000800120dc
core   0: 0x000000008000ff22 (0xfe043703) ld      a4, -32(s0)
core   0: 3 0x000000008000ff22 (0xfe043703) x14 0x0000000080012063 mem 0x0000000080031f50
core   0: 0x000000008000ff26 (0xfcf76de3) bltu    a4, a5, pc - 38
core   0: 3 0x000000008000ff26 (0xfcf76de3)
core   0: 0x000000008000ff00 (0xfe043783) ld      a5, -32(s0)
core   0: 3 0x000000008000ff00 (0xfe043783) x15 0x0000000080012063 mem 0x0000000080031f50
core   0: 0x000000008000ff04 (0x00178713) addi    a4, a5, 1
core   0: 3 0x000000008000ff04 (0x00178713) x14 0x0000000080012064
core   0: 0x000000008000ff08 (0xfee43023) sd      a4, -32(s0)
core   0: 3 0x000000008000ff08 (0xfee43023) mem 0x0000000080031f50 0x0000000080012064
core   0: 0x000000008000ff0c (0xfc442703) lw      a4, -60(s0)
core   0: 3 0x000000008000ff0c (0xfc442703) x14 0x0000000000000000 mem 0x0000000080031f34
core   0: 0x000000008000ff10 (0x0ff77713) andi    a4, a4, 255
core   0: 3 0x000000008000ff10 (0x0ff77713) x14 0x0000000000000000
core   0: 0x000000008000ff14 (0x00e78023) sb      a4, 0(a5)
core   0: 3 0x000000008000ff14 (0x00e78023) mem 0x0000000080012063 0x00
core   0: 0x000000008000ff18 (0xfc843703) ld      a4, -56(s0)
core   0: 3 0x000000008000ff18 (0xfc843703) x14 0x0000000080012040 mem 0x0000000080031f38
core   0: 0x000000008000ff1c (0xfb843783) ld      a5, -72(s0)
core   0: 3 0x000000008000ff1c (0xfb843783) x15 0x000000000000009c mem 0x0000000080031f28
core   0: 0x000000008000ff20 (0x000097ba) c.add   a5, a4
core   0: 3 0x000000008000ff20 (0x97ba) x15 0x00000000800120dc
core   0: 0x000000008000ff22 (0xfe043703) ld      a4, -32(s0)
core   0: 3 0x000000008000ff22 (0xfe043703) x14 0x0000000080012064 mem 0x0000000080031f50
core   0: 0x000000008000ff26 (0xfcf76de3) bltu    a4, a5, pc - 38
core   0: 3 0x000000008000ff26 (0xfcf76de3)
core   0: 0x000000008000ff00 (0xfe043783) ld      a5, -32(s0)
core   0: 3 0x000000008000ff00 (0xfe043783) x15 0x0000000080012064 mem 0x0000000080031f50
core   0: 0x000000008000ff04 (0x00178713) addi    a4, a5, 1
core   0: 3 0x000000008000ff04 (0x00178713) x14 0x0000000080012065
core   0: 0x000000008000ff08 (0xfee43023) sd      a4, -32(s0)
core   0: 3 0x000000008000ff08 (0xfee43023) mem 0x0000000080031f50 0x0000000080012065
core   0: 0x000000008000ff0c (0xfc442703) lw      a4, -60(s0)
core   0: 3 0x000000008000ff0c (0xfc442703) x14 0x0000000000000000 mem 0x0000000080031f34
core   0: 0x000000008000ff10 (0x0ff77713) andi    a4, a4, 255
core   0: 3 0x000000008000ff10 (0x0ff77713) x14 0x0000000000000000
core   0: 0x000000008000ff14 (0x00e78023) sb      a4, 0(a5)
core   0: 3 0x000000008000ff14 (0x00e78023) mem 0x0000000080012064 0x00
core   0: 0x000000008000ff18 (0xfc843703) ld      a4, -56(s0)
core   0: 3 0x000000008000ff18 (0xfc843703) x14 0x0000000080012040 mem 0x0000000080031f38
core   0: 0x000000008000ff1c (0xfb843783) ld      a5, -72(s0)
core   0: 3 0x000000008000ff1c (0xfb843783) x15 0x000000000000009c mem 0x0000000080031f28
core   0: 0x000000008000ff20 (0x000097ba) c.add   a5, a4
core   0: 3 0x000000008000ff20 (0x97ba) x15 0x00000000800120dc
core   0: 0x000000008000ff22 (0xfe043703) ld      a4, -32(s0)
core   0: 3 0x000000008000ff22 (0xfe043703) x14 0x0000000080012065 mem 0x0000000080031f50
core   0: 0x000000008000ff26 (0xfcf76de3) bltu    a4, a5, pc - 38
core   0: 3 0x000000008000ff26 (0xfcf76de3)
core   0: 0x000000008000ff00 (0xfe043783) ld      a5, -32(s0)
core   0: 3 0x000000008000ff00 (0xfe043783) x15 0x0000000080012065 mem 0x0000000080031f50
core   0: 0x000000008000ff04 (0x00178713) addi    a4, a5, 1
core   0: 3 0x000000008000ff04 (0x00178713) x14 0x0000000080012066
core   0: 0x000000008000ff08 (0xfee43023) sd      a4, -32(s0)
core   0: 3 0x000000008000ff08 (0xfee43023) mem 0x0000000080031f50 0x0000000080012066
core   0: 0x000000008000ff0c (0xfc442703) lw      a4, -60(s0)
core   0: 3 0x000000008000ff0c (0xfc442703) x14 0x0000000000000000 mem 0x0000000080031f34
core   0: 0x000000008000ff10 (0x0ff77713) andi    a4, a4, 255
core   0: 3 0x000000008000ff10 (0x0ff77713) x14 0x0000000000000000
core   0: 0x000000008000ff14 (0x00e78023) sb      a4, 0(a5)
core   0: 3 0x000000008000ff14 (0x00e78023) mem 0x0000000080012065 0x00
core   0: 0x000000008000ff18 (0xfc843703) ld      a4, -56(s0)
core   0: 3 0x000000008000ff18 (0xfc843703) x14 0x0000000080012040 mem 0x0000000080031f38
core   0: 0x000000008000ff1c (0xfb843783) ld      a5, -72(s0)
core   0: 3 0x000000008000ff1c (0xfb843783) x15 0x000000000000009c mem 0x0000000080031f28
core   0: 0x000000008000ff20 (0x000097ba) c.add   a5, a4
core   0: 3 0x000000008000ff20 (0x97ba) x15 0x00000000800120dc
core   0: 0x000000008000ff22 (0xfe043703) ld      a4, -32(s0)
core   0: 3 0x000000008000ff22 (0xfe043703) x14 0x0000000080012066 mem 0x0000000080031f50
core   0: 0x000000008000ff26 (0xfcf76de3) bltu    a4, a5, pc - 38
core   0: 3 0x000000008000ff26 (0xfcf76de3)
core   0: 0x000000008000ff00 (0xfe043783) ld      a5, -32(s0)
core   0: 3 0x000000008000ff00 (0xfe043783) x15 0x0000000080012066 mem 0x0000000080031f50
core   0: 0x000000008000ff04 (0x00178713) addi    a4, a5, 1
core   0: 3 0x000000008000ff04 (0x00178713) x14 0x0000000080012067
core   0: 0x000000008000ff08 (0xfee43023) sd      a4, -32(s0)
core   0: 3 0x000000008000ff08 (0xfee43023) mem 0x0000000080031f50 0x0000000080012067
core   0: 0x000000008000ff0c (0xfc442703) lw      a4, -60(s0)
core   0: 3 0x000000008000ff0c (0xfc442703) x14 0x0000000000000000 mem 0x0000000080031f34
core   0: 0x000000008000ff10 (0x0ff77713) andi    a4, a4, 255
core   0: 3 0x000000008000ff10 (0x0ff77713) x14 0x0000000000000000
core   0: 0x000000008000ff14 (0x00e78023) sb      a4, 0(a5)
core   0: 3 0x000000008000ff14 (0x00e78023) mem 0x0000000080012066 0x00
core   0: 0x000000008000ff18 (0xfc843703) ld      a4, -56(s0)
core   0: 3 0x000000008000ff18 (0xfc843703) x14 0x0000000080012040 mem 0x0000000080031f38
core   0: 0x000000008000ff1c (0xfb843783) ld      a5, -72(s0)
core   0: 3 0x000000008000ff1c (0xfb843783) x15 0x000000000000009c mem 0x0000000080031f28
core   0: 0x000000008000ff20 (0x000097ba) c.add   a5, a4
core   0: 3 0x000000008000ff20 (0x97ba) x15 0x00000000800120dc
core   0: 0x000000008000ff22 (0xfe043703) ld      a4, -32(s0)
core   0: 3 0x000000008000ff22 (0xfe043703) x14 0x0000000080012067 mem 0x0000000080031f50
core   0: 0x000000008000ff26 (0xfcf76de3) bltu    a4, a5, pc - 38
core   0: 3 0x000000008000ff26 (0xfcf76de3)
core   0: 0x000000008000ff00 (0xfe043783) ld      a5, -32(s0)
core   0: 3 0x000000008000ff00 (0xfe043783) x15 0x0000000080012067 mem 0x0000000080031f50
core   0: 0x000000008000ff04 (0x00178713) addi    a4, a5, 1
core   0: 3 0x000000008000ff04 (0x00178713) x14 0x0000000080012068
core   0: 0x000000008000ff08 (0xfee43023) sd      a4, -32(s0)
core   0: 3 0x000000008000ff08 (0xfee43023) mem 0x0000000080031f50 0x0000000080012068
core   0: 0x000000008000ff0c (0xfc442703) lw      a4, -60(s0)
core   0: 3 0x000000008000ff0c (0xfc442703) x14 0x0000000000000000 mem 0x0000000080031f34
core   0: 0x000000008000ff10 (0x0ff77713) andi    a4, a4, 255
core   0: 3 0x000000008000ff10 (0x0ff77713) x14 0x0000000000000000
core   0: 0x000000008000ff14 (0x00e78023) sb      a4, 0(a5)
core   0: 3 0x000000008000ff14 (0x00e78023) mem 0x0000000080012067 0x00
core   0: 0x000000008000ff18 (0xfc843703) ld      a4, -56(s0)
core   0: 3 0x000000008000ff18 (0xfc843703) x14 0x0000000080012040 mem 0x0000000080031f38
core   0: 0x000000008000ff1c (0xfb843783) ld      a5, -72(s0)
core   0: 3 0x000000008000ff1c (0xfb843783) x15 0x000000000000009c mem 0x0000000080031f28
core   0: 0x000000008000ff20 (0x000097ba) c.add   a5, a4
core   0: 3 0x000000008000ff20 (0x97ba) x15 0x00000000800120dc
core   0: 0x000000008000ff22 (0xfe043703) ld      a4, -32(s0)
core   0: 3 0x000000008000ff22 (0xfe043703) x14 0x0000000080012068 mem 0x0000000080031f50
core   0: 0x000000008000ff26 (0xfcf76de3) bltu    a4, a5, pc - 38
core   0: 3 0x000000008000ff26 (0xfcf76de3)
core   0: 0x000000008000ff00 (0xfe043783) ld      a5, -32(s0)
core   0: 3 0x000000008000ff00 (0xfe043783) x15 0x0000000080012068 mem 0x0000000080031f50
core   0: 0x000000008000ff04 (0x00178713) addi    a4, a5, 1
core   0: 3 0x000000008000ff04 (0x00178713) x14 0x0000000080012069
core   0: 0x000000008000ff08 (0xfee43023) sd      a4, -32(s0)
core   0: 3 0x000000008000ff08 (0xfee43023) mem 0x0000000080031f50 0x0000000080012069
core   0: 0x000000008000ff0c (0xfc442703) lw      a4, -60(s0)
core   0: 3 0x000000008000ff0c (0xfc442703) x14 0x0000000000000000 mem 0x0000000080031f34
core   0: 0x000000008000ff10 (0x0ff77713) andi    a4, a4, 255
core   0: 3 0x000000008000ff10 (0x0ff77713) x14 0x0000000000000000
core   0: 0x000000008000ff14 (0x00e78023) sb      a4, 0(a5)
core   0: 3 0x000000008000ff14 (0x00e78023) mem 0x0000000080012068 0x00
core   0: 0x000000008000ff18 (0xfc843703) ld      a4, -56(s0)
core   0: 3 0x000000008000ff18 (0xfc843703) x14 0x0000000080012040 mem 0x0000000080031f38
core   0: 0x000000008000ff1c (0xfb843783) ld      a5, -72(s0)
core   0: 3 0x000000008000ff1c (0xfb843783) x15 0x000000000000009c mem 0x0000000080031f28
core   0: 0x000000008000ff20 (0x000097ba) c.add   a5, a4
core   0: 3 0x000000008000ff20 (0x97ba) x15 0x00000000800120dc
core   0: 0x000000008000ff22 (0xfe043703) ld      a4, -32(s0)
core   0: 3 0x000000008000ff22 (0xfe043703) x14 0x0000000080012069 mem 0x0000000080031f50
core   0: 0x000000008000ff26 (0xfcf76de3) bltu    a4, a5, pc - 38
core   0: 3 0x000000008000ff26 (0xfcf76de3)
core   0: 0x000000008000ff00 (0xfe043783) ld      a5, -32(s0)
core   0: 3 0x000000008000ff00 (0xfe043783) x15 0x0000000080012069 mem 0x0000000080031f50
core   0: 0x000000008000ff04 (0x00178713) addi    a4, a5, 1
core   0: 3 0x000000008000ff04 (0x00178713) x14 0x000000008001206a
core   0: 0x000000008000ff08 (0xfee43023) sd      a4, -32(s0)
core   0: 3 0x000000008000ff08 (0xfee43023) mem 0x0000000080031f50 0x000000008001206a
core   0: 0x000000008000ff0c (0xfc442703) lw      a4, -60(s0)
core   0: 3 0x000000008000ff0c (0xfc442703) x14 0x0000000000000000 mem 0x0000000080031f34
core   0: 0x000000008000ff10 (0x0ff77713) andi    a4, a4, 255
core   0: 3 0x000000008000ff10 (0x0ff77713) x14 0x0000000000000000
core   0: 0x000000008000ff14 (0x00e78023) sb      a4, 0(a5)
core   0: 3 0x000000008000ff14 (0x00e78023) mem 0x0000000080012069 0x00
core   0: 0x000000008000ff18 (0xfc843703) ld      a4, -56(s0)
core   0: 3 0x000000008000ff18 (0xfc843703) x14 0x0000000080012040 mem 0x0000000080031f38
core   0: 0x000000008000ff1c (0xfb843783) ld      a5, -72(s0)
core   0: 3 0x000000008000ff1c (0xfb843783) x15 0x000000000000009c mem 0x0000000080031f28
core   0: 0x000000008000ff20 (0x000097ba) c.add   a5, a4
core   0: 3 0x000000008000ff20 (0x97ba) x15 0x00000000800120dc
core   0: 0x000000008000ff22 (0xfe043703) ld      a4, -32(s0)
core   0: 3 0x000000008000ff22 (0xfe043703) x14 0x000000008001206a mem 0x0000000080031f50
core   0: 0x000000008000ff26 (0xfcf76de3) bltu    a4, a5, pc - 38
core   0: 3 0x000000008000ff26 (0xfcf76de3)
core   0: 0x000000008000ff00 (0xfe043783) ld      a5, -32(s0)
core   0: 3 0x000000008000ff00 (0xfe043783) x15 0x000000008001206a mem 0x0000000080031f50
core   0: 0x000000008000ff04 (0x00178713) addi    a4, a5, 1
core   0: 3 0x000000008000ff04 (0x00178713) x14 0x000000008001206b
core   0: 0x000000008000ff08 (0xfee43023) sd      a4, -32(s0)
core   0: 3 0x000000008000ff08 (0xfee43023) mem 0x0000000080031f50 0x000000008001206b
core   0: 0x000000008000ff0c (0xfc442703) lw      a4, -60(s0)
core   0: 3 0x000000008000ff0c (0xfc442703) x14 0x0000000000000000 mem 0x0000000080031f34
core   0: 0x000000008000ff10 (0x0ff77713) andi    a4, a4, 255
core   0: 3 0x000000008000ff10 (0x0ff77713) x14 0x0000000000000000
core   0: 0x000000008000ff14 (0x00e78023) sb      a4, 0(a5)
core   0: 3 0x000000008000ff14 (0x00e78023) mem 0x000000008001206a 0x00
core   0: 0x000000008000ff18 (0xfc843703) ld      a4, -56(s0)
core   0: 3 0x000000008000ff18 (0xfc843703) x14 0x0000000080012040 mem 0x0000000080031f38
core   0: 0x000000008000ff1c (0xfb843783) ld      a5, -72(s0)
core   0: 3 0x000000008000ff1c (0xfb843783) x15 0x000000000000009c mem 0x0000000080031f28
core   0: 0x000000008000ff20 (0x000097ba) c.add   a5, a4
core   0: 3 0x000000008000ff20 (0x97ba) x15 0x00000000800120dc
core   0: 0x000000008000ff22 (0xfe043703) ld      a4, -32(s0)
core   0: 3 0x000000008000ff22 (0xfe043703) x14 0x000000008001206b mem 0x0000000080031f50
core   0: 0x000000008000ff26 (0xfcf76de3) bltu    a4, a5, pc - 38
core   0: 3 0x000000008000ff26 (0xfcf76de3)
core   0: 0x000000008000ff00 (0xfe043783) ld      a5, -32(s0)
core   0: 3 0x000000008000ff00 (0xfe043783) x15 0x000000008001206b mem 0x0000000080031f50
core   0: 0x000000008000ff04 (0x00178713) addi    a4, a5, 1
core   0: 3 0x000000008000ff04 (0x00178713) x14 0x000000008001206c
core   0: 0x000000008000ff08 (0xfee43023) sd      a4, -32(s0)
core   0: 3 0x000000008000ff08 (0xfee43023) mem 0x0000000080031f50 0x000000008001206c
core   0: 0x000000008000ff0c (0xfc442703) lw      a4, -60(s0)
core   0: 3 0x000000008000ff0c (0xfc442703) x14 0x0000000000000000 mem 0x0000000080031f34
core   0: 0x000000008000ff10 (0x0ff77713) andi    a4, a4, 255
core   0: 3 0x000000008000ff10 (0x0ff77713) x14 0x0000000000000000
core   0: 0x000000008000ff14 (0x00e78023) sb      a4, 0(a5)
core   0: 3 0x000000008000ff14 (0x00e78023) mem 0x000000008001206b 0x00
core   0: 0x000000008000ff18 (0xfc843703) ld      a4, -56(s0)
core   0: 3 0x000000008000ff18 (0xfc843703) x14 0x0000000080012040 mem 0x0000000080031f38
core   0: 0x000000008000ff1c (0xfb843783) ld      a5, -72(s0)
core   0: 3 0x000000008000ff1c (0xfb843783) x15 0x000000000000009c mem 0x0000000080031f28
core   0: 0x000000008000ff20 (0x000097ba) c.add   a5, a4
core   0: 3 0x000000008000ff20 (0x97ba) x15 0x00000000800120dc
core   0: 0x000000008000ff22 (0xfe043703) ld      a4, -32(s0)
core   0: 3 0x000000008000ff22 (0xfe043703) x14 0x000000008001206c mem 0x0000000080031f50
core   0: 0x000000008000ff26 (0xfcf76de3) bltu    a4, a5, pc - 38
core   0: 3 0x000000008000ff26 (0xfcf76de3)
core   0: 0x000000008000ff00 (0xfe043783) ld      a5, -32(s0)
core   0: 3 0x000000008000ff00 (0xfe043783) x15 0x000000008001206c mem 0x0000000080031f50
core   0: 0x000000008000ff04 (0x00178713) addi    a4, a5, 1
core   0: 3 0x000000008000ff04 (0x00178713) x14 0x000000008001206d
core   0: 0x000000008000ff08 (0xfee43023) sd      a4, -32(s0)
core   0: 3 0x000000008000ff08 (0xfee43023) mem 0x0000000080031f50 0x000000008001206d
core   0: 0x000000008000ff0c (0xfc442703) lw      a4, -60(s0)
core   0: 3 0x000000008000ff0c (0xfc442703) x14 0x0000000000000000 mem 0x0000000080031f34
core   0: 0x000000008000ff10 (0x0ff77713) andi    a4, a4, 255
core   0: 3 0x000000008000ff10 (0x0ff77713) x14 0x0000000000000000
core   0: 0x000000008000ff14 (0x00e78023) sb      a4, 0(a5)
core   0: 3 0x000000008000ff14 (0x00e78023) mem 0x000000008001206c 0x00
core   0: 0x000000008000ff18 (0xfc843703) ld      a4, -56(s0)
core   0: 3 0x000000008000ff18 (0xfc843703) x14 0x0000000080012040 mem 0x0000000080031f38
core   0: 0x000000008000ff1c (0xfb843783) ld      a5, -72(s0)
core   0: 3 0x000000008000ff1c (0xfb843783) x15 0x000000000000009c mem 0x0000000080031f28
core   0: 0x000000008000ff20 (0x000097ba) c.add   a5, a4
core   0: 3 0x000000008000ff20 (0x97ba) x15 0x00000000800120dc
core   0: 0x000000008000ff22 (0xfe043703) ld      a4, -32(s0)
core   0: 3 0x000000008000ff22 (0xfe043703) x14 0x000000008001206d mem 0x0000000080031f50
core   0: 0x000000008000ff26 (0xfcf76de3) bltu    a4, a5, pc - 38
core   0: 3 0x000000008000ff26 (0xfcf76de3)
core   0: 0x000000008000ff00 (0xfe043783) ld      a5, -32(s0)
core   0: 3 0x000000008000ff00 (0xfe043783) x15 0x000000008001206d mem 0x0000000080031f50
core   0: 0x000000008000ff04 (0x00178713) addi    a4, a5, 1
core   0: 3 0x000000008000ff04 (0x00178713) x14 0x000000008001206e
core   0: 0x000000008000ff08 (0xfee43023) sd      a4, -32(s0)
core   0: 3 0x000000008000ff08 (0xfee43023) mem 0x0000000080031f50 0x000000008001206e
core   0: 0x000000008000ff0c (0xfc442703) lw      a4, -60(s0)
core   0: 3 0x000000008000ff0c (0xfc442703) x14 0x0000000000000000 mem 0x0000000080031f34
core   0: 0x000000008000ff10 (0x0ff77713) andi    a4, a4, 255
core   0: 3 0x000000008000ff10 (0x0ff77713) x14 0x0000000000000000
core   0: 0x000000008000ff14 (0x00e78023) sb      a4, 0(a5)
core   0: 3 0x000000008000ff14 (0x00e78023) mem 0x000000008001206d 0x00
core   0: 0x000000008000ff18 (0xfc843703) ld      a4, -56(s0)
core   0: 3 0x000000008000ff18 (0xfc843703) x14 0x0000000080012040 mem 0x0000000080031f38
core   0: 0x000000008000ff1c (0xfb843783) ld      a5, -72(s0)
core   0: 3 0x000000008000ff1c (0xfb843783) x15 0x000000000000009c mem 0x0000000080031f28
core   0: 0x000000008000ff20 (0x000097ba) c.add   a5, a4
core   0: 3 0x000000008000ff20 (0x97ba) x15 0x00000000800120dc
core   0: 0x000000008000ff22 (0xfe043703) ld      a4, -32(s0)
core   0: 3 0x000000008000ff22 (0xfe043703) x14 0x000000008001206e mem 0x0000000080031f50
core   0: 0x000000008000ff26 (0xfcf76de3) bltu    a4, a5, pc - 38
core   0: 3 0x000000008000ff26 (0xfcf76de3)
core   0: 0x000000008000ff00 (0xfe043783) ld      a5, -32(s0)
core   0: 3 0x000000008000ff00 (0xfe043783) x15 0x000000008001206e mem 0x0000000080031f50
core   0: 0x000000008000ff04 (0x00178713) addi    a4, a5, 1
core   0: 3 0x000000008000ff04 (0x00178713) x14 0x000000008001206f
core   0: 0x000000008000ff08 (0xfee43023) sd      a4, -32(s0)
core   0: 3 0x000000008000ff08 (0xfee43023) mem 0x0000000080031f50 0x000000008001206f
core   0: 0x000000008000ff0c (0xfc442703) lw      a4, -60(s0)
core   0: 3 0x000000008000ff0c (0xfc442703) x14 0x0000000000000000 mem 0x0000000080031f34
core   0: 0x000000008000ff10 (0x0ff77713) andi    a4, a4, 255
core   0: 3 0x000000008000ff10 (0x0ff77713) x14 0x0000000000000000
core   0: 0x000000008000ff14 (0x00e78023) sb      a4, 0(a5)
core   0: 3 0x000000008000ff14 (0x00e78023) mem 0x000000008001206e 0x00
core   0: 0x000000008000ff18 (0xfc843703) ld      a4, -56(s0)
core   0: 3 0x000000008000ff18 (0xfc843703) x14 0x0000000080012040 mem 0x0000000080031f38
core   0: 0x000000008000ff1c (0xfb843783) ld      a5, -72(s0)
core   0: 3 0x000000008000ff1c (0xfb843783) x15 0x000000000000009c mem 0x0000000080031f28
core   0: 0x000000008000ff20 (0x000097ba) c.add   a5, a4
core   0: 3 0x000000008000ff20 (0x97ba) x15 0x00000000800120dc
core   0: 0x000000008000ff22 (0xfe043703) ld      a4, -32(s0)
core   0: 3 0x000000008000ff22 (0xfe043703) x14 0x000000008001206f mem 0x0000000080031f50
core   0: 0x000000008000ff26 (0xfcf76de3) bltu    a4, a5, pc - 38
core   0: 3 0x000000008000ff26 (0xfcf76de3)
core   0: 0x000000008000ff00 (0xfe043783) ld      a5, -32(s0)
core   0: 3 0x000000008000ff00 (0xfe043783) x15 0x000000008001206f mem 0x0000000080031f50
core   0: 0x000000008000ff04 (0x00178713) addi    a4, a5, 1
core   0: 3 0x000000008000ff04 (0x00178713) x14 0x0000000080012070
core   0: 0x000000008000ff08 (0xfee43023) sd      a4, -32(s0)
core   0: 3 0x000000008000ff08 (0xfee43023) mem 0x0000000080031f50 0x0000000080012070
core   0: 0x000000008000ff0c (0xfc442703) lw      a4, -60(s0)
core   0: 3 0x000000008000ff0c (0xfc442703) x14 0x0000000000000000 mem 0x0000000080031f34
core   0: 0x000000008000ff10 (0x0ff77713) andi    a4, a4, 255
core   0: 3 0x000000008000ff10 (0x0ff77713) x14 0x0000000000000000
core   0: 0x000000008000ff14 (0x00e78023) sb      a4, 0(a5)
core   0: 3 0x000000008000ff14 (0x00e78023) mem 0x000000008001206f 0x00
core   0: 0x000000008000ff18 (0xfc843703) ld      a4, -56(s0)
core   0: 3 0x000000008000ff18 (0xfc843703) x14 0x0000000080012040 mem 0x0000000080031f38
core   0: 0x000000008000ff1c (0xfb843783) ld      a5, -72(s0)
core   0: 3 0x000000008000ff1c (0xfb843783) x15 0x000000000000009c mem 0x0000000080031f28
core   0: 0x000000008000ff20 (0x000097ba) c.add   a5, a4
core   0: 3 0x000000008000ff20 (0x97ba) x15 0x00000000800120dc
core   0: 0x000000008000ff22 (0xfe043703) ld      a4, -32(s0)
core   0: 3 0x000000008000ff22 (0xfe043703) x14 0x0000000080012070 mem 0x0000000080031f50
core   0: 0x000000008000ff26 (0xfcf76de3) bltu    a4, a5, pc - 38
core   0: 3 0x000000008000ff26 (0xfcf76de3)
core   0: 0x000000008000ff00 (0xfe043783) ld      a5, -32(s0)
core   0: 3 0x000000008000ff00 (0xfe043783) x15 0x0000000080012070 mem 0x0000000080031f50
core   0: 0x000000008000ff04 (0x00178713) addi    a4, a5, 1
core   0: 3 0x000000008000ff04 (0x00178713) x14 0x0000000080012071
core   0: 0x000000008000ff08 (0xfee43023) sd      a4, -32(s0)
core   0: 3 0x000000008000ff08 (0xfee43023) mem 0x0000000080031f50 0x0000000080012071
core   0: 0x000000008000ff0c (0xfc442703) lw      a4, -60(s0)
core   0: 3 0x000000008000ff0c (0xfc442703) x14 0x0000000000000000 mem 0x0000000080031f34
core   0: 0x000000008000ff10 (0x0ff77713) andi    a4, a4, 255
core   0: 3 0x000000008000ff10 (0x0ff77713) x14 0x0000000000000000
core   0: 0x000000008000ff14 (0x00e78023) sb      a4, 0(a5)
core   0: 3 0x000000008000ff14 (0x00e78023) mem 0x0000000080012070 0x00
core   0: 0x000000008000ff18 (0xfc843703) ld      a4, -56(s0)
core   0: 3 0x000000008000ff18 (0xfc843703) x14 0x0000000080012040 mem 0x0000000080031f38
core   0: 0x000000008000ff1c (0xfb843783) ld      a5, -72(s0)
core   0: 3 0x000000008000ff1c (0xfb843783) x15 0x000000000000009c mem 0x0000000080031f28
core   0: 0x000000008000ff20 (0x000097ba) c.add   a5, a4
core   0: 3 0x000000008000ff20 (0x97ba) x15 0x00000000800120dc
core   0: 0x000000008000ff22 (0xfe043703) ld      a4, -32(s0)
core   0: 3 0x000000008000ff22 (0xfe043703) x14 0x0000000080012071 mem 0x0000000080031f50
core   0: 0x000000008000ff26 (0xfcf76de3) bltu    a4, a5, pc - 38
core   0: 3 0x000000008000ff26 (0xfcf76de3)
core   0: 0x000000008000ff00 (0xfe043783) ld      a5, -32(s0)
core   0: 3 0x000000008000ff00 (0xfe043783) x15 0x0000000080012071 mem 0x0000000080031f50
core   0: 0x000000008000ff04 (0x00178713) addi    a4, a5, 1
core   0: 3 0x000000008000ff04 (0x00178713) x14 0x0000000080012072
core   0: 0x000000008000ff08 (0xfee43023) sd      a4, -32(s0)
core   0: 3 0x000000008000ff08 (0xfee43023) mem 0x0000000080031f50 0x0000000080012072
core   0: 0x000000008000ff0c (0xfc442703) lw      a4, -60(s0)
core   0: 3 0x000000008000ff0c (0xfc442703) x14 0x0000000000000000 mem 0x0000000080031f34
core   0: 0x000000008000ff10 (0x0ff77713) andi    a4, a4, 255
core   0: 3 0x000000008000ff10 (0x0ff77713) x14 0x0000000000000000
core   0: 0x000000008000ff14 (0x00e78023) sb      a4, 0(a5)
core   0: 3 0x000000008000ff14 (0x00e78023) mem 0x0000000080012071 0x00
core   0: 0x000000008000ff18 (0xfc843703) ld      a4, -56(s0)
core   0: 3 0x000000008000ff18 (0xfc843703) x14 0x0000000080012040 mem 0x0000000080031f38
core   0: 0x000000008000ff1c (0xfb843783) ld      a5, -72(s0)
core   0: 3 0x000000008000ff1c (0xfb843783) x15 0x000000000000009c mem 0x0000000080031f28
core   0: 0x000000008000ff20 (0x000097ba) c.add   a5, a4
core   0: 3 0x000000008000ff20 (0x97ba) x15 0x00000000800120dc
core   0: 0x000000008000ff22 (0xfe043703) ld      a4, -32(s0)
core   0: 3 0x000000008000ff22 (0xfe043703) x14 0x0000000080012072 mem 0x0000000080031f50
core   0: 0x000000008000ff26 (0xfcf76de3) bltu    a4, a5, pc - 38
core   0: 3 0x000000008000ff26 (0xfcf76de3)
core   0: 0x000000008000ff00 (0xfe043783) ld      a5, -32(s0)
core   0: 3 0x000000008000ff00 (0xfe043783) x15 0x0000000080012072 mem 0x0000000080031f50
core   0: 0x000000008000ff04 (0x00178713) addi    a4, a5, 1
core   0: 3 0x000000008000ff04 (0x00178713) x14 0x0000000080012073
core   0: 0x000000008000ff08 (0xfee43023) sd      a4, -32(s0)
core   0: 3 0x000000008000ff08 (0xfee43023) mem 0x0000000080031f50 0x0000000080012073
core   0: 0x000000008000ff0c (0xfc442703) lw      a4, -60(s0)
core   0: 3 0x000000008000ff0c (0xfc442703) x14 0x0000000000000000 mem 0x0000000080031f34
core   0: 0x000000008000ff10 (0x0ff77713) andi    a4, a4, 255
core   0: 3 0x000000008000ff10 (0x0ff77713) x14 0x0000000000000000
core   0: 0x000000008000ff14 (0x00e78023) sb      a4, 0(a5)
core   0: 3 0x000000008000ff14 (0x00e78023) mem 0x0000000080012072 0x00
core   0: 0x000000008000ff18 (0xfc843703) ld      a4, -56(s0)
core   0: 3 0x000000008000ff18 (0xfc843703) x14 0x0000000080012040 mem 0x0000000080031f38
core   0: 0x000000008000ff1c (0xfb843783) ld      a5, -72(s0)
core   0: 3 0x000000008000ff1c (0xfb843783) x15 0x000000000000009c mem 0x0000000080031f28
core   0: 0x000000008000ff20 (0x000097ba) c.add   a5, a4
core   0: 3 0x000000008000ff20 (0x97ba) x15 0x00000000800120dc
core   0: 0x000000008000ff22 (0xfe043703) ld      a4, -32(s0)
core   0: 3 0x000000008000ff22 (0xfe043703) x14 0x0000000080012073 mem 0x0000000080031f50
core   0: 0x000000008000ff26 (0xfcf76de3) bltu    a4, a5, pc - 38
core   0: 3 0x000000008000ff26 (0xfcf76de3)
core   0: 0x000000008000ff00 (0xfe043783) ld      a5, -32(s0)
core   0: 3 0x000000008000ff00 (0xfe043783) x15 0x0000000080012073 mem 0x0000000080031f50
core   0: 0x000000008000ff04 (0x00178713) addi    a4, a5, 1
core   0: 3 0x000000008000ff04 (0x00178713) x14 0x0000000080012074
core   0: 0x000000008000ff08 (0xfee43023) sd      a4, -32(s0)
core   0: 3 0x000000008000ff08 (0xfee43023) mem 0x0000000080031f50 0x0000000080012074
core   0: 0x000000008000ff0c (0xfc442703) lw      a4, -60(s0)
core   0: 3 0x000000008000ff0c (0xfc442703) x14 0x0000000000000000 mem 0x0000000080031f34
core   0: 0x000000008000ff10 (0x0ff77713) andi    a4, a4, 255
core   0: 3 0x000000008000ff10 (0x0ff77713) x14 0x0000000000000000
core   0: 0x000000008000ff14 (0x00e78023) sb      a4, 0(a5)
core   0: 3 0x000000008000ff14 (0x00e78023) mem 0x0000000080012073 0x00
core   0: 0x000000008000ff18 (0xfc843703) ld      a4, -56(s0)
core   0: 3 0x000000008000ff18 (0xfc843703) x14 0x0000000080012040 mem 0x0000000080031f38
core   0: 0x000000008000ff1c (0xfb843783) ld      a5, -72(s0)
core   0: 3 0x000000008000ff1c (0xfb843783) x15 0x000000000000009c mem 0x0000000080031f28
core   0: 0x000000008000ff20 (0x000097ba) c.add   a5, a4
core   0: 3 0x000000008000ff20 (0x97ba) x15 0x00000000800120dc
core   0: 0x000000008000ff22 (0xfe043703) ld      a4, -32(s0)
core   0: 3 0x000000008000ff22 (0xfe043703) x14 0x0000000080012074 mem 0x0000000080031f50
core   0: 0x000000008000ff26 (0xfcf76de3) bltu    a4, a5, pc - 38
core   0: 3 0x000000008000ff26 (0xfcf76de3)
core   0: 0x000000008000ff00 (0xfe043783) ld      a5, -32(s0)
core   0: 3 0x000000008000ff00 (0xfe043783) x15 0x0000000080012074 mem 0x0000000080031f50
core   0: 0x000000008000ff04 (0x00178713) addi    a4, a5, 1
core   0: 3 0x000000008000ff04 (0x00178713) x14 0x0000000080012075
core   0: 0x000000008000ff08 (0xfee43023) sd      a4, -32(s0)
core   0: 3 0x000000008000ff08 (0xfee43023) mem 0x0000000080031f50 0x0000000080012075
core   0: 0x000000008000ff0c (0xfc442703) lw      a4, -60(s0)
core   0: 3 0x000000008000ff0c (0xfc442703) x14 0x0000000000000000 mem 0x0000000080031f34
core   0: 0x000000008000ff10 (0x0ff77713) andi    a4, a4, 255
core   0: 3 0x000000008000ff10 (0x0ff77713) x14 0x0000000000000000
core   0: 0x000000008000ff14 (0x00e78023) sb      a4, 0(a5)
core   0: 3 0x000000008000ff14 (0x00e78023) mem 0x0000000080012074 0x00
core   0: 0x000000008000ff18 (0xfc843703) ld      a4, -56(s0)
core   0: 3 0x000000008000ff18 (0xfc843703) x14 0x0000000080012040 mem 0x0000000080031f38
core   0: 0x000000008000ff1c (0xfb843783) ld      a5, -72(s0)
core   0: 3 0x000000008000ff1c (0xfb843783) x15 0x000000000000009c mem 0x0000000080031f28
core   0: 0x000000008000ff20 (0x000097ba) c.add   a5, a4
core   0: 3 0x000000008000ff20 (0x97ba) x15 0x00000000800120dc
core   0: 0x000000008000ff22 (0xfe043703) ld      a4, -32(s0)
core   0: 3 0x000000008000ff22 (0xfe043703) x14 0x0000000080012075 mem 0x0000000080031f50
core   0: 0x000000008000ff26 (0xfcf76de3) bltu    a4, a5, pc - 38
core   0: 3 0x000000008000ff26 (0xfcf76de3)
core   0: 0x000000008000ff00 (0xfe043783) ld      a5, -32(s0)
core   0: 3 0x000000008000ff00 (0xfe043783) x15 0x0000000080012075 mem 0x0000000080031f50
core   0: 0x000000008000ff04 (0x00178713) addi    a4, a5, 1
core   0: 3 0x000000008000ff04 (0x00178713) x14 0x0000000080012076
core   0: 0x000000008000ff08 (0xfee43023) sd      a4, -32(s0)
core   0: 3 0x000000008000ff08 (0xfee43023) mem 0x0000000080031f50 0x0000000080012076
core   0: 0x000000008000ff0c (0xfc442703) lw      a4, -60(s0)
core   0: 3 0x000000008000ff0c (0xfc442703) x14 0x0000000000000000 mem 0x0000000080031f34
core   0: 0x000000008000ff10 (0x0ff77713) andi    a4, a4, 255
core   0: 3 0x000000008000ff10 (0x0ff77713) x14 0x0000000000000000
core   0: 0x000000008000ff14 (0x00e78023) sb      a4, 0(a5)
core   0: 3 0x000000008000ff14 (0x00e78023) mem 0x0000000080012075 0x00
core   0: 0x000000008000ff18 (0xfc843703) ld      a4, -56(s0)
core   0: 3 0x000000008000ff18 (0xfc843703) x14 0x0000000080012040 mem 0x0000000080031f38
core   0: 0x000000008000ff1c (0xfb843783) ld      a5, -72(s0)
core   0: 3 0x000000008000ff1c (0xfb843783) x15 0x000000000000009c mem 0x0000000080031f28
core   0: 0x000000008000ff20 (0x000097ba) c.add   a5, a4
core   0: 3 0x000000008000ff20 (0x97ba) x15 0x00000000800120dc
core   0: 0x000000008000ff22 (0xfe043703) ld      a4, -32(s0)
core   0: 3 0x000000008000ff22 (0xfe043703) x14 0x0000000080012076 mem 0x0000000080031f50
core   0: 0x000000008000ff26 (0xfcf76de3) bltu    a4, a5, pc - 38
core   0: 3 0x000000008000ff26 (0xfcf76de3)
core   0: 0x000000008000ff00 (0xfe043783) ld      a5, -32(s0)
core   0: 3 0x000000008000ff00 (0xfe043783) x15 0x0000000080012076 mem 0x0000000080031f50
core   0: 0x000000008000ff04 (0x00178713) addi    a4, a5, 1
core   0: 3 0x000000008000ff04 (0x00178713) x14 0x0000000080012077
core   0: 0x000000008000ff08 (0xfee43023) sd      a4, -32(s0)
core   0: 3 0x000000008000ff08 (0xfee43023) mem 0x0000000080031f50 0x0000000080012077
core   0: 0x000000008000ff0c (0xfc442703) lw      a4, -60(s0)
core   0: 3 0x000000008000ff0c (0xfc442703) x14 0x0000000000000000 mem 0x0000000080031f34
core   0: 0x000000008000ff10 (0x0ff77713) andi    a4, a4, 255
core   0: 3 0x000000008000ff10 (0x0ff77713) x14 0x0000000000000000
core   0: 0x000000008000ff14 (0x00e78023) sb      a4, 0(a5)
core   0: 3 0x000000008000ff14 (0x00e78023) mem 0x0000000080012076 0x00
core   0: 0x000000008000ff18 (0xfc843703) ld      a4, -56(s0)
core   0: 3 0x000000008000ff18 (0xfc843703) x14 0x0000000080012040 mem 0x0000000080031f38
core   0: 0x000000008000ff1c (0xfb843783) ld      a5, -72(s0)
core   0: 3 0x000000008000ff1c (0xfb843783) x15 0x000000000000009c mem 0x0000000080031f28
core   0: 0x000000008000ff20 (0x000097ba) c.add   a5, a4
core   0: 3 0x000000008000ff20 (0x97ba) x15 0x00000000800120dc
core   0: 0x000000008000ff22 (0xfe043703) ld      a4, -32(s0)
core   0: 3 0x000000008000ff22 (0xfe043703) x14 0x0000000080012077 mem 0x0000000080031f50
core   0: 0x000000008000ff26 (0xfcf76de3) bltu    a4, a5, pc - 38
core   0: 3 0x000000008000ff26 (0xfcf76de3)
core   0: 0x000000008000ff00 (0xfe043783) ld      a5, -32(s0)
core   0: 3 0x000000008000ff00 (0xfe043783) x15 0x0000000080012077 mem 0x0000000080031f50
core   0: 0x000000008000ff04 (0x00178713) addi    a4, a5, 1
core   0: 3 0x000000008000ff04 (0x00178713) x14 0x0000000080012078
core   0: 0x000000008000ff08 (0xfee43023) sd      a4, -32(s0)
core   0: 3 0x000000008000ff08 (0xfee43023) mem 0x0000000080031f50 0x0000000080012078
core   0: 0x000000008000ff0c (0xfc442703) lw      a4, -60(s0)
core   0: 3 0x000000008000ff0c (0xfc442703) x14 0x0000000000000000 mem 0x0000000080031f34
core   0: 0x000000008000ff10 (0x0ff77713) andi    a4, a4, 255
core   0: 3 0x000000008000ff10 (0x0ff77713) x14 0x0000000000000000
core   0: 0x000000008000ff14 (0x00e78023) sb      a4, 0(a5)
core   0: 3 0x000000008000ff14 (0x00e78023) mem 0x0000000080012077 0x00
core   0: 0x000000008000ff18 (0xfc843703) ld      a4, -56(s0)
core   0: 3 0x000000008000ff18 (0xfc843703) x14 0x0000000080012040 mem 0x0000000080031f38
core   0: 0x000000008000ff1c (0xfb843783) ld      a5, -72(s0)
core   0: 3 0x000000008000ff1c (0xfb843783) x15 0x000000000000009c mem 0x0000000080031f28
core   0: 0x000000008000ff20 (0x000097ba) c.add   a5, a4
core   0: 3 0x000000008000ff20 (0x97ba) x15 0x00000000800120dc
core   0: 0x000000008000ff22 (0xfe043703) ld      a4, -32(s0)
core   0: 3 0x000000008000ff22 (0xfe043703) x14 0x0000000080012078 mem 0x0000000080031f50
core   0: 0x000000008000ff26 (0xfcf76de3) bltu    a4, a5, pc - 38
core   0: 3 0x000000008000ff26 (0xfcf76de3)
core   0: 0x000000008000ff00 (0xfe043783) ld      a5, -32(s0)
core   0: 3 0x000000008000ff00 (0xfe043783) x15 0x0000000080012078 mem 0x0000000080031f50
core   0: 0x000000008000ff04 (0x00178713) addi    a4, a5, 1
core   0: 3 0x000000008000ff04 (0x00178713) x14 0x0000000080012079
core   0: 0x000000008000ff08 (0xfee43023) sd      a4, -32(s0)
core   0: 3 0x000000008000ff08 (0xfee43023) mem 0x0000000080031f50 0x0000000080012079
core   0: 0x000000008000ff0c (0xfc442703) lw      a4, -60(s0)
core   0: 3 0x000000008000ff0c (0xfc442703) x14 0x0000000000000000 mem 0x0000000080031f34
core   0: 0x000000008000ff10 (0x0ff77713) andi    a4, a4, 255
core   0: 3 0x000000008000ff10 (0x0ff77713) x14 0x0000000000000000
core   0: 0x000000008000ff14 (0x00e78023) sb      a4, 0(a5)
core   0: 3 0x000000008000ff14 (0x00e78023) mem 0x0000000080012078 0x00
core   0: 0x000000008000ff18 (0xfc843703) ld      a4, -56(s0)
core   0: 3 0x000000008000ff18 (0xfc843703) x14 0x0000000080012040 mem 0x0000000080031f38
core   0: 0x000000008000ff1c (0xfb843783) ld      a5, -72(s0)
core   0: 3 0x000000008000ff1c (0xfb843783) x15 0x000000000000009c mem 0x0000000080031f28
core   0: 0x000000008000ff20 (0x000097ba) c.add   a5, a4
core   0: 3 0x000000008000ff20 (0x97ba) x15 0x00000000800120dc
core   0: 0x000000008000ff22 (0xfe043703) ld      a4, -32(s0)
core   0: 3 0x000000008000ff22 (0xfe043703) x14 0x0000000080012079 mem 0x0000000080031f50
core   0: 0x000000008000ff26 (0xfcf76de3) bltu    a4, a5, pc - 38
core   0: 3 0x000000008000ff26 (0xfcf76de3)
core   0: 0x000000008000ff00 (0xfe043783) ld      a5, -32(s0)
core   0: 3 0x000000008000ff00 (0xfe043783) x15 0x0000000080012079 mem 0x0000000080031f50
core   0: 0x000000008000ff04 (0x00178713) addi    a4, a5, 1
core   0: 3 0x000000008000ff04 (0x00178713) x14 0x000000008001207a
core   0: 0x000000008000ff08 (0xfee43023) sd      a4, -32(s0)
core   0: 3 0x000000008000ff08 (0xfee43023) mem 0x0000000080031f50 0x000000008001207a
core   0: 0x000000008000ff0c (0xfc442703) lw      a4, -60(s0)
core   0: 3 0x000000008000ff0c (0xfc442703) x14 0x0000000000000000 mem 0x0000000080031f34
core   0: 0x000000008000ff10 (0x0ff77713) andi    a4, a4, 255
core   0: 3 0x000000008000ff10 (0x0ff77713) x14 0x0000000000000000
core   0: 0x000000008000ff14 (0x00e78023) sb      a4, 0(a5)
core   0: 3 0x000000008000ff14 (0x00e78023) mem 0x0000000080012079 0x00
core   0: 0x000000008000ff18 (0xfc843703) ld      a4, -56(s0)
core   0: 3 0x000000008000ff18 (0xfc843703) x14 0x0000000080012040 mem 0x0000000080031f38
core   0: 0x000000008000ff1c (0xfb843783) ld      a5, -72(s0)
core   0: 3 0x000000008000ff1c (0xfb843783) x15 0x000000000000009c mem 0x0000000080031f28
core   0: 0x000000008000ff20 (0x000097ba) c.add   a5, a4
core   0: 3 0x000000008000ff20 (0x97ba) x15 0x00000000800120dc
core   0: 0x000000008000ff22 (0xfe043703) ld      a4, -32(s0)
core   0: 3 0x000000008000ff22 (0xfe043703) x14 0x000000008001207a mem 0x0000000080031f50
core   0: 0x000000008000ff26 (0xfcf76de3) bltu    a4, a5, pc - 38
core   0: 3 0x000000008000ff26 (0xfcf76de3)
core   0: 0x000000008000ff00 (0xfe043783) ld      a5, -32(s0)
core   0: 3 0x000000008000ff00 (0xfe043783) x15 0x000000008001207a mem 0x0000000080031f50
core   0: 0x000000008000ff04 (0x00178713) addi    a4, a5, 1
core   0: 3 0x000000008000ff04 (0x00178713) x14 0x000000008001207b
core   0: 0x000000008000ff08 (0xfee43023) sd      a4, -32(s0)
core   0: 3 0x000000008000ff08 (0xfee43023) mem 0x0000000080031f50 0x000000008001207b
core   0: 0x000000008000ff0c (0xfc442703) lw      a4, -60(s0)
core   0: 3 0x000000008000ff0c (0xfc442703) x14 0x0000000000000000 mem 0x0000000080031f34
core   0: 0x000000008000ff10 (0x0ff77713) andi    a4, a4, 255
core   0: 3 0x000000008000ff10 (0x0ff77713) x14 0x0000000000000000
core   0: 0x000000008000ff14 (0x00e78023) sb      a4, 0(a5)
core   0: 3 0x000000008000ff14 (0x00e78023) mem 0x000000008001207a 0x00
core   0: 0x000000008000ff18 (0xfc843703) ld      a4, -56(s0)
core   0: 3 0x000000008000ff18 (0xfc843703) x14 0x0000000080012040 mem 0x0000000080031f38
core   0: 0x000000008000ff1c (0xfb843783) ld      a5, -72(s0)
core   0: 3 0x000000008000ff1c (0xfb843783) x15 0x000000000000009c mem 0x0000000080031f28
core   0: 0x000000008000ff20 (0x000097ba) c.add   a5, a4
core   0: 3 0x000000008000ff20 (0x97ba) x15 0x00000000800120dc
core   0: 0x000000008000ff22 (0xfe043703) ld      a4, -32(s0)
core   0: 3 0x000000008000ff22 (0xfe043703) x14 0x000000008001207b mem 0x0000000080031f50
core   0: 0x000000008000ff26 (0xfcf76de3) bltu    a4, a5, pc - 38
core   0: 3 0x000000008000ff26 (0xfcf76de3)
core   0: 0x000000008000ff00 (0xfe043783) ld      a5, -32(s0)
core   0: 3 0x000000008000ff00 (0xfe043783) x15 0x000000008001207b mem 0x0000000080031f50
core   0: 0x000000008000ff04 (0x00178713) addi    a4, a5, 1
core   0: 3 0x000000008000ff04 (0x00178713) x14 0x000000008001207c
core   0: 0x000000008000ff08 (0xfee43023) sd      a4, -32(s0)
core   0: 3 0x000000008000ff08 (0xfee43023) mem 0x0000000080031f50 0x000000008001207c
core   0: 0x000000008000ff0c (0xfc442703) lw      a4, -60(s0)
core   0: 3 0x000000008000ff0c (0xfc442703) x14 0x0000000000000000 mem 0x0000000080031f34
core   0: 0x000000008000ff10 (0x0ff77713) andi    a4, a4, 255
core   0: 3 0x000000008000ff10 (0x0ff77713) x14 0x0000000000000000
core   0: 0x000000008000ff14 (0x00e78023) sb      a4, 0(a5)
core   0: 3 0x000000008000ff14 (0x00e78023) mem 0x000000008001207b 0x00
core   0: 0x000000008000ff18 (0xfc843703) ld      a4, -56(s0)
core   0: 3 0x000000008000ff18 (0xfc843703) x14 0x0000000080012040 mem 0x0000000080031f38
core   0: 0x000000008000ff1c (0xfb843783) ld      a5, -72(s0)
core   0: 3 0x000000008000ff1c (0xfb843783) x15 0x000000000000009c mem 0x0000000080031f28
core   0: 0x000000008000ff20 (0x000097ba) c.add   a5, a4
core   0: 3 0x000000008000ff20 (0x97ba) x15 0x00000000800120dc
core   0: 0x000000008000ff22 (0xfe043703) ld      a4, -32(s0)
core   0: 3 0x000000008000ff22 (0xfe043703) x14 0x000000008001207c mem 0x0000000080031f50
core   0: 0x000000008000ff26 (0xfcf76de3) bltu    a4, a5, pc - 38
core   0: 3 0x000000008000ff26 (0xfcf76de3)
core   0: 0x000000008000ff00 (0xfe043783) ld      a5, -32(s0)
core   0: 3 0x000000008000ff00 (0xfe043783) x15 0x000000008001207c mem 0x0000000080031f50
core   0: 0x000000008000ff04 (0x00178713) addi    a4, a5, 1
core   0: 3 0x000000008000ff04 (0x00178713) x14 0x000000008001207d
core   0: 0x000000008000ff08 (0xfee43023) sd      a4, -32(s0)
core   0: 3 0x000000008000ff08 (0xfee43023) mem 0x0000000080031f50 0x000000008001207d
core   0: 0x000000008000ff0c (0xfc442703) lw      a4, -60(s0)
core   0: 3 0x000000008000ff0c (0xfc442703) x14 0x0000000000000000 mem 0x0000000080031f34
core   0: 0x000000008000ff10 (0x0ff77713) andi    a4, a4, 255
core   0: 3 0x000000008000ff10 (0x0ff77713) x14 0x0000000000000000
core   0: 0x000000008000ff14 (0x00e78023) sb      a4, 0(a5)
core   0: 3 0x000000008000ff14 (0x00e78023) mem 0x000000008001207c 0x00
core   0: 0x000000008000ff18 (0xfc843703) ld      a4, -56(s0)
core   0: 3 0x000000008000ff18 (0xfc843703) x14 0x0000000080012040 mem 0x0000000080031f38
core   0: 0x000000008000ff1c (0xfb843783) ld      a5, -72(s0)
core   0: 3 0x000000008000ff1c (0xfb843783) x15 0x000000000000009c mem 0x0000000080031f28
core   0: 0x000000008000ff20 (0x000097ba) c.add   a5, a4
core   0: 3 0x000000008000ff20 (0x97ba) x15 0x00000000800120dc
core   0: 0x000000008000ff22 (0xfe043703) ld      a4, -32(s0)
core   0: 3 0x000000008000ff22 (0xfe043703) x14 0x000000008001207d mem 0x0000000080031f50
core   0: 0x000000008000ff26 (0xfcf76de3) bltu    a4, a5, pc - 38
core   0: 3 0x000000008000ff26 (0xfcf76de3)
core   0: 0x000000008000ff00 (0xfe043783) ld      a5, -32(s0)
core   0: 3 0x000000008000ff00 (0xfe043783) x15 0x000000008001207d mem 0x0000000080031f50
core   0: 0x000000008000ff04 (0x00178713) addi    a4, a5, 1
core   0: 3 0x000000008000ff04 (0x00178713) x14 0x000000008001207e
core   0: 0x000000008000ff08 (0xfee43023) sd      a4, -32(s0)
core   0: 3 0x000000008000ff08 (0xfee43023) mem 0x0000000080031f50 0x000000008001207e
core   0: 0x000000008000ff0c (0xfc442703) lw      a4, -60(s0)
core   0: 3 0x000000008000ff0c (0xfc442703) x14 0x0000000000000000 mem 0x0000000080031f34
core   0: 0x000000008000ff10 (0x0ff77713) andi    a4, a4, 255
core   0: 3 0x000000008000ff10 (0x0ff77713) x14 0x0000000000000000
core   0: 0x000000008000ff14 (0x00e78023) sb      a4, 0(a5)
core   0: 3 0x000000008000ff14 (0x00e78023) mem 0x000000008001207d 0x00
core   0: 0x000000008000ff18 (0xfc843703) ld      a4, -56(s0)
core   0: 3 0x000000008000ff18 (0xfc843703) x14 0x0000000080012040 mem 0x0000000080031f38
core   0: 0x000000008000ff1c (0xfb843783) ld      a5, -72(s0)
core   0: 3 0x000000008000ff1c (0xfb843783) x15 0x000000000000009c mem 0x0000000080031f28
core   0: 0x000000008000ff20 (0x000097ba) c.add   a5, a4
core   0: 3 0x000000008000ff20 (0x97ba) x15 0x00000000800120dc
core   0: 0x000000008000ff22 (0xfe043703) ld      a4, -32(s0)
core   0: 3 0x000000008000ff22 (0xfe043703) x14 0x000000008001207e mem 0x0000000080031f50
core   0: 0x000000008000ff26 (0xfcf76de3) bltu    a4, a5, pc - 38
core   0: 3 0x000000008000ff26 (0xfcf76de3)
core   0: 0x000000008000ff00 (0xfe043783) ld      a5, -32(s0)
core   0: 3 0x000000008000ff00 (0xfe043783) x15 0x000000008001207e mem 0x0000000080031f50
core   0: 0x000000008000ff04 (0x00178713) addi    a4, a5, 1
core   0: 3 0x000000008000ff04 (0x00178713) x14 0x000000008001207f
core   0: 0x000000008000ff08 (0xfee43023) sd      a4, -32(s0)
core   0: 3 0x000000008000ff08 (0xfee43023) mem 0x0000000080031f50 0x000000008001207f
core   0: 0x000000008000ff0c (0xfc442703) lw      a4, -60(s0)
core   0: 3 0x000000008000ff0c (0xfc442703) x14 0x0000000000000000 mem 0x0000000080031f34
core   0: 0x000000008000ff10 (0x0ff77713) andi    a4, a4, 255
core   0: 3 0x000000008000ff10 (0x0ff77713) x14 0x0000000000000000
core   0: 0x000000008000ff14 (0x00e78023) sb      a4, 0(a5)
core   0: 3 0x000000008000ff14 (0x00e78023) mem 0x000000008001207e 0x00
core   0: 0x000000008000ff18 (0xfc843703) ld      a4, -56(s0)
core   0: 3 0x000000008000ff18 (0xfc843703) x14 0x0000000080012040 mem 0x0000000080031f38
core   0: 0x000000008000ff1c (0xfb843783) ld      a5, -72(s0)
core   0: 3 0x000000008000ff1c (0xfb843783) x15 0x000000000000009c mem 0x0000000080031f28
core   0: 0x000000008000ff20 (0x000097ba) c.add   a5, a4
core   0: 3 0x000000008000ff20 (0x97ba) x15 0x00000000800120dc
core   0: 0x000000008000ff22 (0xfe043703) ld      a4, -32(s0)
core   0: 3 0x000000008000ff22 (0xfe043703) x14 0x000000008001207f mem 0x0000000080031f50
core   0: 0x000000008000ff26 (0xfcf76de3) bltu    a4, a5, pc - 38
core   0: 3 0x000000008000ff26 (0xfcf76de3)
core   0: 0x000000008000ff00 (0xfe043783) ld      a5, -32(s0)
core   0: 3 0x000000008000ff00 (0xfe043783) x15 0x000000008001207f mem 0x0000000080031f50
core   0: 0x000000008000ff04 (0x00178713) addi    a4, a5, 1
core   0: 3 0x000000008000ff04 (0x00178713) x14 0x0000000080012080
core   0: 0x000000008000ff08 (0xfee43023) sd      a4, -32(s0)
core   0: 3 0x000000008000ff08 (0xfee43023) mem 0x0000000080031f50 0x0000000080012080
core   0: 0x000000008000ff0c (0xfc442703) lw      a4, -60(s0)
core   0: 3 0x000000008000ff0c (0xfc442703) x14 0x0000000000000000 mem 0x0000000080031f34
core   0: 0x000000008000ff10 (0x0ff77713) andi    a4, a4, 255
core   0: 3 0x000000008000ff10 (0x0ff77713) x14 0x0000000000000000
core   0: 0x000000008000ff14 (0x00e78023) sb      a4, 0(a5)
core   0: 3 0x000000008000ff14 (0x00e78023) mem 0x000000008001207f 0x00
core   0: 0x000000008000ff18 (0xfc843703) ld      a4, -56(s0)
core   0: 3 0x000000008000ff18 (0xfc843703) x14 0x0000000080012040 mem 0x0000000080031f38
core   0: 0x000000008000ff1c (0xfb843783) ld      a5, -72(s0)
core   0: 3 0x000000008000ff1c (0xfb843783) x15 0x000000000000009c mem 0x0000000080031f28
core   0: 0x000000008000ff20 (0x000097ba) c.add   a5, a4
core   0: 3 0x000000008000ff20 (0x97ba) x15 0x00000000800120dc
core   0: 0x000000008000ff22 (0xfe043703) ld      a4, -32(s0)
core   0: 3 0x000000008000ff22 (0xfe043703) x14 0x0000000080012080 mem 0x0000000080031f50
core   0: 0x000000008000ff26 (0xfcf76de3) bltu    a4, a5, pc - 38
core   0: 3 0x000000008000ff26 (0xfcf76de3)
core   0: 0x000000008000ff00 (0xfe043783) ld      a5, -32(s0)
core   0: 3 0x000000008000ff00 (0xfe043783) x15 0x0000000080012080 mem 0x0000000080031f50
core   0: 0x000000008000ff04 (0x00178713) addi    a4, a5, 1
core   0: 3 0x000000008000ff04 (0x00178713) x14 0x0000000080012081
core   0: 0x000000008000ff08 (0xfee43023) sd      a4, -32(s0)
core   0: 3 0x000000008000ff08 (0xfee43023) mem 0x0000000080031f50 0x0000000080012081
core   0: 0x000000008000ff0c (0xfc442703) lw      a4, -60(s0)
core   0: 3 0x000000008000ff0c (0xfc442703) x14 0x0000000000000000 mem 0x0000000080031f34
core   0: 0x000000008000ff10 (0x0ff77713) andi    a4, a4, 255
core   0: 3 0x000000008000ff10 (0x0ff77713) x14 0x0000000000000000
core   0: 0x000000008000ff14 (0x00e78023) sb      a4, 0(a5)
core   0: 3 0x000000008000ff14 (0x00e78023) mem 0x0000000080012080 0x00
core   0: 0x000000008000ff18 (0xfc843703) ld      a4, -56(s0)
core   0: 3 0x000000008000ff18 (0xfc843703) x14 0x0000000080012040 mem 0x0000000080031f38
core   0: 0x000000008000ff1c (0xfb843783) ld      a5, -72(s0)
core   0: 3 0x000000008000ff1c (0xfb843783) x15 0x000000000000009c mem 0x0000000080031f28
core   0: 0x000000008000ff20 (0x000097ba) c.add   a5, a4
core   0: 3 0x000000008000ff20 (0x97ba) x15 0x00000000800120dc
core   0: 0x000000008000ff22 (0xfe043703) ld      a4, -32(s0)
core   0: 3 0x000000008000ff22 (0xfe043703) x14 0x0000000080012081 mem 0x0000000080031f50
core   0: 0x000000008000ff26 (0xfcf76de3) bltu    a4, a5, pc - 38
core   0: 3 0x000000008000ff26 (0xfcf76de3)
core   0: 0x000000008000ff00 (0xfe043783) ld      a5, -32(s0)
core   0: 3 0x000000008000ff00 (0xfe043783) x15 0x0000000080012081 mem 0x0000000080031f50
core   0: 0x000000008000ff04 (0x00178713) addi    a4, a5, 1
core   0: 3 0x000000008000ff04 (0x00178713) x14 0x0000000080012082
core   0: 0x000000008000ff08 (0xfee43023) sd      a4, -32(s0)
core   0: 3 0x000000008000ff08 (0xfee43023) mem 0x0000000080031f50 0x0000000080012082
core   0: 0x000000008000ff0c (0xfc442703) lw      a4, -60(s0)
core   0: 3 0x000000008000ff0c (0xfc442703) x14 0x0000000000000000 mem 0x0000000080031f34
core   0: 0x000000008000ff10 (0x0ff77713) andi    a4, a4, 255
core   0: 3 0x000000008000ff10 (0x0ff77713) x14 0x0000000000000000
core   0: 0x000000008000ff14 (0x00e78023) sb      a4, 0(a5)
core   0: 3 0x000000008000ff14 (0x00e78023) mem 0x0000000080012081 0x00
core   0: 0x000000008000ff18 (0xfc843703) ld      a4, -56(s0)
core   0: 3 0x000000008000ff18 (0xfc843703) x14 0x0000000080012040 mem 0x0000000080031f38
core   0: 0x000000008000ff1c (0xfb843783) ld      a5, -72(s0)
core   0: 3 0x000000008000ff1c (0xfb843783) x15 0x000000000000009c mem 0x0000000080031f28
core   0: 0x000000008000ff20 (0x000097ba) c.add   a5, a4
core   0: 3 0x000000008000ff20 (0x97ba) x15 0x00000000800120dc
core   0: 0x000000008000ff22 (0xfe043703) ld      a4, -32(s0)
core   0: 3 0x000000008000ff22 (0xfe043703) x14 0x0000000080012082 mem 0x0000000080031f50
core   0: 0x000000008000ff26 (0xfcf76de3) bltu    a4, a5, pc - 38
core   0: 3 0x000000008000ff26 (0xfcf76de3)
core   0: 0x000000008000ff00 (0xfe043783) ld      a5, -32(s0)
core   0: 3 0x000000008000ff00 (0xfe043783) x15 0x0000000080012082 mem 0x0000000080031f50
core   0: 0x000000008000ff04 (0x00178713) addi    a4, a5, 1
core   0: 3 0x000000008000ff04 (0x00178713) x14 0x0000000080012083
core   0: 0x000000008000ff08 (0xfee43023) sd      a4, -32(s0)
core   0: 3 0x000000008000ff08 (0xfee43023) mem 0x0000000080031f50 0x0000000080012083
core   0: 0x000000008000ff0c (0xfc442703) lw      a4, -60(s0)
core   0: 3 0x000000008000ff0c (0xfc442703) x14 0x0000000000000000 mem 0x0000000080031f34
core   0: 0x000000008000ff10 (0x0ff77713) andi    a4, a4, 255
core   0: 3 0x000000008000ff10 (0x0ff77713) x14 0x0000000000000000
core   0: 0x000000008000ff14 (0x00e78023) sb      a4, 0(a5)
core   0: 3 0x000000008000ff14 (0x00e78023) mem 0x0000000080012082 0x00
core   0: 0x000000008000ff18 (0xfc843703) ld      a4, -56(s0)
core   0: 3 0x000000008000ff18 (0xfc843703) x14 0x0000000080012040 mem 0x0000000080031f38
core   0: 0x000000008000ff1c (0xfb843783) ld      a5, -72(s0)
core   0: 3 0x000000008000ff1c (0xfb843783) x15 0x000000000000009c mem 0x0000000080031f28
core   0: 0x000000008000ff20 (0x000097ba) c.add   a5, a4
core   0: 3 0x000000008000ff20 (0x97ba) x15 0x00000000800120dc
core   0: 0x000000008000ff22 (0xfe043703) ld      a4, -32(s0)
core   0: 3 0x000000008000ff22 (0xfe043703) x14 0x0000000080012083 mem 0x0000000080031f50
core   0: 0x000000008000ff26 (0xfcf76de3) bltu    a4, a5, pc - 38
core   0: 3 0x000000008000ff26 (0xfcf76de3)
core   0: 0x000000008000ff00 (0xfe043783) ld      a5, -32(s0)
core   0: 3 0x000000008000ff00 (0xfe043783) x15 0x0000000080012083 mem 0x0000000080031f50
core   0: 0x000000008000ff04 (0x00178713) addi    a4, a5, 1
core   0: 3 0x000000008000ff04 (0x00178713) x14 0x0000000080012084
core   0: 0x000000008000ff08 (0xfee43023) sd      a4, -32(s0)
core   0: 3 0x000000008000ff08 (0xfee43023) mem 0x0000000080031f50 0x0000000080012084
core   0: 0x000000008000ff0c (0xfc442703) lw      a4, -60(s0)
core   0: 3 0x000000008000ff0c (0xfc442703) x14 0x0000000000000000 mem 0x0000000080031f34
core   0: 0x000000008000ff10 (0x0ff77713) andi    a4, a4, 255
core   0: 3 0x000000008000ff10 (0x0ff77713) x14 0x0000000000000000
core   0: 0x000000008000ff14 (0x00e78023) sb      a4, 0(a5)
core   0: 3 0x000000008000ff14 (0x00e78023) mem 0x0000000080012083 0x00
core   0: 0x000000008000ff18 (0xfc843703) ld      a4, -56(s0)
core   0: 3 0x000000008000ff18 (0xfc843703) x14 0x0000000080012040 mem 0x0000000080031f38
core   0: 0x000000008000ff1c (0xfb843783) ld      a5, -72(s0)
core   0: 3 0x000000008000ff1c (0xfb843783) x15 0x000000000000009c mem 0x0000000080031f28
core   0: 0x000000008000ff20 (0x000097ba) c.add   a5, a4
core   0: 3 0x000000008000ff20 (0x97ba) x15 0x00000000800120dc
core   0: 0x000000008000ff22 (0xfe043703) ld      a4, -32(s0)
core   0: 3 0x000000008000ff22 (0xfe043703) x14 0x0000000080012084 mem 0x0000000080031f50
core   0: 0x000000008000ff26 (0xfcf76de3) bltu    a4, a5, pc - 38
core   0: 3 0x000000008000ff26 (0xfcf76de3)
core   0: 0x000000008000ff00 (0xfe043783) ld      a5, -32(s0)
core   0: 3 0x000000008000ff00 (0xfe043783) x15 0x0000000080012084 mem 0x0000000080031f50
core   0: 0x000000008000ff04 (0x00178713) addi    a4, a5, 1
core   0: 3 0x000000008000ff04 (0x00178713) x14 0x0000000080012085
core   0: 0x000000008000ff08 (0xfee43023) sd      a4, -32(s0)
core   0: 3 0x000000008000ff08 (0xfee43023) mem 0x0000000080031f50 0x0000000080012085
core   0: 0x000000008000ff0c (0xfc442703) lw      a4, -60(s0)
core   0: 3 0x000000008000ff0c (0xfc442703) x14 0x0000000000000000 mem 0x0000000080031f34
core   0: 0x000000008000ff10 (0x0ff77713) andi    a4, a4, 255
core   0: 3 0x000000008000ff10 (0x0ff77713) x14 0x0000000000000000
core   0: 0x000000008000ff14 (0x00e78023) sb      a4, 0(a5)
core   0: 3 0x000000008000ff14 (0x00e78023) mem 0x0000000080012084 0x00
core   0: 0x000000008000ff18 (0xfc843703) ld      a4, -56(s0)
core   0: 3 0x000000008000ff18 (0xfc843703) x14 0x0000000080012040 mem 0x0000000080031f38
core   0: 0x000000008000ff1c (0xfb843783) ld      a5, -72(s0)
core   0: 3 0x000000008000ff1c (0xfb843783) x15 0x000000000000009c mem 0x0000000080031f28
core   0: 0x000000008000ff20 (0x000097ba) c.add   a5, a4
core   0: 3 0x000000008000ff20 (0x97ba) x15 0x00000000800120dc
core   0: 0x000000008000ff22 (0xfe043703) ld      a4, -32(s0)
core   0: 3 0x000000008000ff22 (0xfe043703) x14 0x0000000080012085 mem 0x0000000080031f50
core   0: 0x000000008000ff26 (0xfcf76de3) bltu    a4, a5, pc - 38
core   0: 3 0x000000008000ff26 (0xfcf76de3)
core   0: 0x000000008000ff00 (0xfe043783) ld      a5, -32(s0)
core   0: 3 0x000000008000ff00 (0xfe043783) x15 0x0000000080012085 mem 0x0000000080031f50
core   0: 0x000000008000ff04 (0x00178713) addi    a4, a5, 1
core   0: 3 0x000000008000ff04 (0x00178713) x14 0x0000000080012086
core   0: 0x000000008000ff08 (0xfee43023) sd      a4, -32(s0)
core   0: 3 0x000000008000ff08 (0xfee43023) mem 0x0000000080031f50 0x0000000080012086
core   0: 0x000000008000ff0c (0xfc442703) lw      a4, -60(s0)
core   0: 3 0x000000008000ff0c (0xfc442703) x14 0x0000000000000000 mem 0x0000000080031f34
core   0: 0x000000008000ff10 (0x0ff77713) andi    a4, a4, 255
core   0: 3 0x000000008000ff10 (0x0ff77713) x14 0x0000000000000000
core   0: 0x000000008000ff14 (0x00e78023) sb      a4, 0(a5)
core   0: 3 0x000000008000ff14 (0x00e78023) mem 0x0000000080012085 0x00
core   0: 0x000000008000ff18 (0xfc843703) ld      a4, -56(s0)
core   0: 3 0x000000008000ff18 (0xfc843703) x14 0x0000000080012040 mem 0x0000000080031f38
core   0: 0x000000008000ff1c (0xfb843783) ld      a5, -72(s0)
core   0: 3 0x000000008000ff1c (0xfb843783) x15 0x000000000000009c mem 0x0000000080031f28
core   0: 0x000000008000ff20 (0x000097ba) c.add   a5, a4
core   0: 3 0x000000008000ff20 (0x97ba) x15 0x00000000800120dc
core   0: 0x000000008000ff22 (0xfe043703) ld      a4, -32(s0)
core   0: 3 0x000000008000ff22 (0xfe043703) x14 0x0000000080012086 mem 0x0000000080031f50
core   0: 0x000000008000ff26 (0xfcf76de3) bltu    a4, a5, pc - 38
core   0: 3 0x000000008000ff26 (0xfcf76de3)
core   0: 0x000000008000ff00 (0xfe043783) ld      a5, -32(s0)
core   0: 3 0x000000008000ff00 (0xfe043783) x15 0x0000000080012086 mem 0x0000000080031f50
core   0: 0x000000008000ff04 (0x00178713) addi    a4, a5, 1
core   0: 3 0x000000008000ff04 (0x00178713) x14 0x0000000080012087
core   0: 0x000000008000ff08 (0xfee43023) sd      a4, -32(s0)
core   0: 3 0x000000008000ff08 (0xfee43023) mem 0x0000000080031f50 0x0000000080012087
core   0: 0x000000008000ff0c (0xfc442703) lw      a4, -60(s0)
core   0: 3 0x000000008000ff0c (0xfc442703) x14 0x0000000000000000 mem 0x0000000080031f34
core   0: 0x000000008000ff10 (0x0ff77713) andi    a4, a4, 255
core   0: 3 0x000000008000ff10 (0x0ff77713) x14 0x0000000000000000
core   0: 0x000000008000ff14 (0x00e78023) sb      a4, 0(a5)
core   0: 3 0x000000008000ff14 (0x00e78023) mem 0x0000000080012086 0x00
core   0: 0x000000008000ff18 (0xfc843703) ld      a4, -56(s0)
core   0: 3 0x000000008000ff18 (0xfc843703) x14 0x0000000080012040 mem 0x0000000080031f38
core   0: 0x000000008000ff1c (0xfb843783) ld      a5, -72(s0)
core   0: 3 0x000000008000ff1c (0xfb843783) x15 0x000000000000009c mem 0x0000000080031f28
core   0: 0x000000008000ff20 (0x000097ba) c.add   a5, a4
core   0: 3 0x000000008000ff20 (0x97ba) x15 0x00000000800120dc
core   0: 0x000000008000ff22 (0xfe043703) ld      a4, -32(s0)
core   0: 3 0x000000008000ff22 (0xfe043703) x14 0x0000000080012087 mem 0x0000000080031f50
core   0: 0x000000008000ff26 (0xfcf76de3) bltu    a4, a5, pc - 38
core   0: 3 0x000000008000ff26 (0xfcf76de3)
core   0: 0x000000008000ff00 (0xfe043783) ld      a5, -32(s0)
core   0: 3 0x000000008000ff00 (0xfe043783) x15 0x0000000080012087 mem 0x0000000080031f50
core   0: 0x000000008000ff04 (0x00178713) addi    a4, a5, 1
core   0: 3 0x000000008000ff04 (0x00178713) x14 0x0000000080012088
core   0: 0x000000008000ff08 (0xfee43023) sd      a4, -32(s0)
core   0: 3 0x000000008000ff08 (0xfee43023) mem 0x0000000080031f50 0x0000000080012088
core   0: 0x000000008000ff0c (0xfc442703) lw      a4, -60(s0)
core   0: 3 0x000000008000ff0c (0xfc442703) x14 0x0000000000000000 mem 0x0000000080031f34
core   0: 0x000000008000ff10 (0x0ff77713) andi    a4, a4, 255
core   0: 3 0x000000008000ff10 (0x0ff77713) x14 0x0000000000000000
core   0: 0x000000008000ff14 (0x00e78023) sb      a4, 0(a5)
core   0: 3 0x000000008000ff14 (0x00e78023) mem 0x0000000080012087 0x00
core   0: 0x000000008000ff18 (0xfc843703) ld      a4, -56(s0)
core   0: 3 0x000000008000ff18 (0xfc843703) x14 0x0000000080012040 mem 0x0000000080031f38
core   0: 0x000000008000ff1c (0xfb843783) ld      a5, -72(s0)
core   0: 3 0x000000008000ff1c (0xfb843783) x15 0x000000000000009c mem 0x0000000080031f28
core   0: 0x000000008000ff20 (0x000097ba) c.add   a5, a4
core   0: 3 0x000000008000ff20 (0x97ba) x15 0x00000000800120dc
core   0: 0x000000008000ff22 (0xfe043703) ld      a4, -32(s0)
core   0: 3 0x000000008000ff22 (0xfe043703) x14 0x0000000080012088 mem 0x0000000080031f50
core   0: 0x000000008000ff26 (0xfcf76de3) bltu    a4, a5, pc - 38
core   0: 3 0x000000008000ff26 (0xfcf76de3)
core   0: 0x000000008000ff00 (0xfe043783) ld      a5, -32(s0)
core   0: 3 0x000000008000ff00 (0xfe043783) x15 0x0000000080012088 mem 0x0000000080031f50
core   0: 0x000000008000ff04 (0x00178713) addi    a4, a5, 1
core   0: 3 0x000000008000ff04 (0x00178713) x14 0x0000000080012089
core   0: 0x000000008000ff08 (0xfee43023) sd      a4, -32(s0)
core   0: 3 0x000000008000ff08 (0xfee43023) mem 0x0000000080031f50 0x0000000080012089
core   0: 0x000000008000ff0c (0xfc442703) lw      a4, -60(s0)
core   0: 3 0x000000008000ff0c (0xfc442703) x14 0x0000000000000000 mem 0x0000000080031f34
core   0: 0x000000008000ff10 (0x0ff77713) andi    a4, a4, 255
core   0: 3 0x000000008000ff10 (0x0ff77713) x14 0x0000000000000000
core   0: 0x000000008000ff14 (0x00e78023) sb      a4, 0(a5)
core   0: 3 0x000000008000ff14 (0x00e78023) mem 0x0000000080012088 0x00
core   0: 0x000000008000ff18 (0xfc843703) ld      a4, -56(s0)
core   0: 3 0x000000008000ff18 (0xfc843703) x14 0x0000000080012040 mem 0x0000000080031f38
core   0: 0x000000008000ff1c (0xfb843783) ld      a5, -72(s0)
core   0: 3 0x000000008000ff1c (0xfb843783) x15 0x000000000000009c mem 0x0000000080031f28
core   0: 0x000000008000ff20 (0x000097ba) c.add   a5, a4
core   0: 3 0x000000008000ff20 (0x97ba) x15 0x00000000800120dc
core   0: 0x000000008000ff22 (0xfe043703) ld      a4, -32(s0)
core   0: 3 0x000000008000ff22 (0xfe043703) x14 0x0000000080012089 mem 0x0000000080031f50
core   0: 0x000000008000ff26 (0xfcf76de3) bltu    a4, a5, pc - 38
core   0: 3 0x000000008000ff26 (0xfcf76de3)
core   0: 0x000000008000ff00 (0xfe043783) ld      a5, -32(s0)
core   0: 3 0x000000008000ff00 (0xfe043783) x15 0x0000000080012089 mem 0x0000000080031f50
core   0: 0x000000008000ff04 (0x00178713) addi    a4, a5, 1
core   0: 3 0x000000008000ff04 (0x00178713) x14 0x000000008001208a
core   0: 0x000000008000ff08 (0xfee43023) sd      a4, -32(s0)
core   0: 3 0x000000008000ff08 (0xfee43023) mem 0x0000000080031f50 0x000000008001208a
core   0: 0x000000008000ff0c (0xfc442703) lw      a4, -60(s0)
core   0: 3 0x000000008000ff0c (0xfc442703) x14 0x0000000000000000 mem 0x0000000080031f34
core   0: 0x000000008000ff10 (0x0ff77713) andi    a4, a4, 255
core   0: 3 0x000000008000ff10 (0x0ff77713) x14 0x0000000000000000
core   0: 0x000000008000ff14 (0x00e78023) sb      a4, 0(a5)
core   0: 3 0x000000008000ff14 (0x00e78023) mem 0x0000000080012089 0x00
core   0: 0x000000008000ff18 (0xfc843703) ld      a4, -56(s0)
core   0: 3 0x000000008000ff18 (0xfc843703) x14 0x0000000080012040 mem 0x0000000080031f38
core   0: 0x000000008000ff1c (0xfb843783) ld      a5, -72(s0)
core   0: 3 0x000000008000ff1c (0xfb843783) x15 0x000000000000009c mem 0x0000000080031f28
core   0: 0x000000008000ff20 (0x000097ba) c.add   a5, a4
core   0: 3 0x000000008000ff20 (0x97ba) x15 0x00000000800120dc
core   0: 0x000000008000ff22 (0xfe043703) ld      a4, -32(s0)
core   0: 3 0x000000008000ff22 (0xfe043703) x14 0x000000008001208a mem 0x0000000080031f50
core   0: 0x000000008000ff26 (0xfcf76de3) bltu    a4, a5, pc - 38
core   0: 3 0x000000008000ff26 (0xfcf76de3)
core   0: 0x000000008000ff00 (0xfe043783) ld      a5, -32(s0)
core   0: 3 0x000000008000ff00 (0xfe043783) x15 0x000000008001208a mem 0x0000000080031f50
core   0: 0x000000008000ff04 (0x00178713) addi    a4, a5, 1
core   0: 3 0x000000008000ff04 (0x00178713) x14 0x000000008001208b
core   0: 0x000000008000ff08 (0xfee43023) sd      a4, -32(s0)
core   0: 3 0x000000008000ff08 (0xfee43023) mem 0x0000000080031f50 0x000000008001208b
core   0: 0x000000008000ff0c (0xfc442703) lw      a4, -60(s0)
core   0: 3 0x000000008000ff0c (0xfc442703) x14 0x0000000000000000 mem 0x0000000080031f34
core   0: 0x000000008000ff10 (0x0ff77713) andi    a4, a4, 255
core   0: 3 0x000000008000ff10 (0x0ff77713) x14 0x0000000000000000
core   0: 0x000000008000ff14 (0x00e78023) sb      a4, 0(a5)
core   0: 3 0x000000008000ff14 (0x00e78023) mem 0x000000008001208a 0x00
core   0: 0x000000008000ff18 (0xfc843703) ld      a4, -56(s0)
core   0: 3 0x000000008000ff18 (0xfc843703) x14 0x0000000080012040 mem 0x0000000080031f38
core   0: 0x000000008000ff1c (0xfb843783) ld      a5, -72(s0)
core   0: 3 0x000000008000ff1c (0xfb843783) x15 0x000000000000009c mem 0x0000000080031f28
core   0: 0x000000008000ff20 (0x000097ba) c.add   a5, a4
core   0: 3 0x000000008000ff20 (0x97ba) x15 0x00000000800120dc
core   0: 0x000000008000ff22 (0xfe043703) ld      a4, -32(s0)
core   0: 3 0x000000008000ff22 (0xfe043703) x14 0x000000008001208b mem 0x0000000080031f50
core   0: 0x000000008000ff26 (0xfcf76de3) bltu    a4, a5, pc - 38
core   0: 3 0x000000008000ff26 (0xfcf76de3)
core   0: 0x000000008000ff00 (0xfe043783) ld      a5, -32(s0)
core   0: 3 0x000000008000ff00 (0xfe043783) x15 0x000000008001208b mem 0x0000000080031f50
core   0: 0x000000008000ff04 (0x00178713) addi    a4, a5, 1
core   0: 3 0x000000008000ff04 (0x00178713) x14 0x000000008001208c
core   0: 0x000000008000ff08 (0xfee43023) sd      a4, -32(s0)
core   0: 3 0x000000008000ff08 (0xfee43023) mem 0x0000000080031f50 0x000000008001208c
core   0: 0x000000008000ff0c (0xfc442703) lw      a4, -60(s0)
core   0: 3 0x000000008000ff0c (0xfc442703) x14 0x0000000000000000 mem 0x0000000080031f34
core   0: 0x000000008000ff10 (0x0ff77713) andi    a4, a4, 255
core   0: 3 0x000000008000ff10 (0x0ff77713) x14 0x0000000000000000
core   0: 0x000000008000ff14 (0x00e78023) sb      a4, 0(a5)
core   0: 3 0x000000008000ff14 (0x00e78023) mem 0x000000008001208b 0x00
core   0: 0x000000008000ff18 (0xfc843703) ld      a4, -56(s0)
core   0: 3 0x000000008000ff18 (0xfc843703) x14 0x0000000080012040 mem 0x0000000080031f38
core   0: 0x000000008000ff1c (0xfb843783) ld      a5, -72(s0)
core   0: 3 0x000000008000ff1c (0xfb843783) x15 0x000000000000009c mem 0x0000000080031f28
core   0: 0x000000008000ff20 (0x000097ba) c.add   a5, a4
core   0: 3 0x000000008000ff20 (0x97ba) x15 0x00000000800120dc
core   0: 0x000000008000ff22 (0xfe043703) ld      a4, -32(s0)
core   0: 3 0x000000008000ff22 (0xfe043703) x14 0x000000008001208c mem 0x0000000080031f50
core   0: 0x000000008000ff26 (0xfcf76de3) bltu    a4, a5, pc - 38
core   0: 3 0x000000008000ff26 (0xfcf76de3)
core   0: 0x000000008000ff00 (0xfe043783) ld      a5, -32(s0)
core   0: 3 0x000000008000ff00 (0xfe043783) x15 0x000000008001208c mem 0x0000000080031f50
core   0: 0x000000008000ff04 (0x00178713) addi    a4, a5, 1
core   0: 3 0x000000008000ff04 (0x00178713) x14 0x000000008001208d
core   0: 0x000000008000ff08 (0xfee43023) sd      a4, -32(s0)
core   0: 3 0x000000008000ff08 (0xfee43023) mem 0x0000000080031f50 0x000000008001208d
core   0: 0x000000008000ff0c (0xfc442703) lw      a4, -60(s0)
core   0: 3 0x000000008000ff0c (0xfc442703) x14 0x0000000000000000 mem 0x0000000080031f34
core   0: 0x000000008000ff10 (0x0ff77713) andi    a4, a4, 255
core   0: 3 0x000000008000ff10 (0x0ff77713) x14 0x0000000000000000
core   0: 0x000000008000ff14 (0x00e78023) sb      a4, 0(a5)
core   0: 3 0x000000008000ff14 (0x00e78023) mem 0x000000008001208c 0x00
core   0: 0x000000008000ff18 (0xfc843703) ld      a4, -56(s0)
core   0: 3 0x000000008000ff18 (0xfc843703) x14 0x0000000080012040 mem 0x0000000080031f38
core   0: 0x000000008000ff1c (0xfb843783) ld      a5, -72(s0)
core   0: 3 0x000000008000ff1c (0xfb843783) x15 0x000000000000009c mem 0x0000000080031f28
core   0: 0x000000008000ff20 (0x000097ba) c.add   a5, a4
core   0: 3 0x000000008000ff20 (0x97ba) x15 0x00000000800120dc
core   0: 0x000000008000ff22 (0xfe043703) ld      a4, -32(s0)
core   0: 3 0x000000008000ff22 (0xfe043703) x14 0x000000008001208d mem 0x0000000080031f50
core   0: 0x000000008000ff26 (0xfcf76de3) bltu    a4, a5, pc - 38
core   0: 3 0x000000008000ff26 (0xfcf76de3)
core   0: 0x000000008000ff00 (0xfe043783) ld      a5, -32(s0)
core   0: 3 0x000000008000ff00 (0xfe043783) x15 0x000000008001208d mem 0x0000000080031f50
core   0: 0x000000008000ff04 (0x00178713) addi    a4, a5, 1
core   0: 3 0x000000008000ff04 (0x00178713) x14 0x000000008001208e
core   0: 0x000000008000ff08 (0xfee43023) sd      a4, -32(s0)
core   0: 3 0x000000008000ff08 (0xfee43023) mem 0x0000000080031f50 0x000000008001208e
core   0: 0x000000008000ff0c (0xfc442703) lw      a4, -60(s0)
core   0: 3 0x000000008000ff0c (0xfc442703) x14 0x0000000000000000 mem 0x0000000080031f34
core   0: 0x000000008000ff10 (0x0ff77713) andi    a4, a4, 255
core   0: 3 0x000000008000ff10 (0x0ff77713) x14 0x0000000000000000
core   0: 0x000000008000ff14 (0x00e78023) sb      a4, 0(a5)
core   0: 3 0x000000008000ff14 (0x00e78023) mem 0x000000008001208d 0x00
core   0: 0x000000008000ff18 (0xfc843703) ld      a4, -56(s0)
core   0: 3 0x000000008000ff18 (0xfc843703) x14 0x0000000080012040 mem 0x0000000080031f38
core   0: 0x000000008000ff1c (0xfb843783) ld      a5, -72(s0)
core   0: 3 0x000000008000ff1c (0xfb843783) x15 0x000000000000009c mem 0x0000000080031f28
core   0: 0x000000008000ff20 (0x000097ba) c.add   a5, a4
core   0: 3 0x000000008000ff20 (0x97ba) x15 0x00000000800120dc
core   0: 0x000000008000ff22 (0xfe043703) ld      a4, -32(s0)
core   0: 3 0x000000008000ff22 (0xfe043703) x14 0x000000008001208e mem 0x0000000080031f50
core   0: 0x000000008000ff26 (0xfcf76de3) bltu    a4, a5, pc - 38
core   0: 3 0x000000008000ff26 (0xfcf76de3)
core   0: 0x000000008000ff00 (0xfe043783) ld      a5, -32(s0)
core   0: 3 0x000000008000ff00 (0xfe043783) x15 0x000000008001208e mem 0x0000000080031f50
core   0: 0x000000008000ff04 (0x00178713) addi    a4, a5, 1
core   0: 3 0x000000008000ff04 (0x00178713) x14 0x000000008001208f
core   0: 0x000000008000ff08 (0xfee43023) sd      a4, -32(s0)
core   0: 3 0x000000008000ff08 (0xfee43023) mem 0x0000000080031f50 0x000000008001208f
core   0: 0x000000008000ff0c (0xfc442703) lw      a4, -60(s0)
core   0: 3 0x000000008000ff0c (0xfc442703) x14 0x0000000000000000 mem 0x0000000080031f34
core   0: 0x000000008000ff10 (0x0ff77713) andi    a4, a4, 255
core   0: 3 0x000000008000ff10 (0x0ff77713) x14 0x0000000000000000
core   0: 0x000000008000ff14 (0x00e78023) sb      a4, 0(a5)
core   0: 3 0x000000008000ff14 (0x00e78023) mem 0x000000008001208e 0x00
core   0: 0x000000008000ff18 (0xfc843703) ld      a4, -56(s0)
core   0: 3 0x000000008000ff18 (0xfc843703) x14 0x0000000080012040 mem 0x0000000080031f38
core   0: 0x000000008000ff1c (0xfb843783) ld      a5, -72(s0)
core   0: 3 0x000000008000ff1c (0xfb843783) x15 0x000000000000009c mem 0x0000000080031f28
core   0: 0x000000008000ff20 (0x000097ba) c.add   a5, a4
core   0: 3 0x000000008000ff20 (0x97ba) x15 0x00000000800120dc
core   0: 0x000000008000ff22 (0xfe043703) ld      a4, -32(s0)
core   0: 3 0x000000008000ff22 (0xfe043703) x14 0x000000008001208f mem 0x0000000080031f50
core   0: 0x000000008000ff26 (0xfcf76de3) bltu    a4, a5, pc - 38
core   0: 3 0x000000008000ff26 (0xfcf76de3)
core   0: 0x000000008000ff00 (0xfe043783) ld      a5, -32(s0)
core   0: 3 0x000000008000ff00 (0xfe043783) x15 0x000000008001208f mem 0x0000000080031f50
core   0: 0x000000008000ff04 (0x00178713) addi    a4, a5, 1
core   0: 3 0x000000008000ff04 (0x00178713) x14 0x0000000080012090
core   0: 0x000000008000ff08 (0xfee43023) sd      a4, -32(s0)
core   0: 3 0x000000008000ff08 (0xfee43023) mem 0x0000000080031f50 0x0000000080012090
core   0: 0x000000008000ff0c (0xfc442703) lw      a4, -60(s0)
core   0: 3 0x000000008000ff0c (0xfc442703) x14 0x0000000000000000 mem 0x0000000080031f34
core   0: 0x000000008000ff10 (0x0ff77713) andi    a4, a4, 255
core   0: 3 0x000000008000ff10 (0x0ff77713) x14 0x0000000000000000
core   0: 0x000000008000ff14 (0x00e78023) sb      a4, 0(a5)
core   0: 3 0x000000008000ff14 (0x00e78023) mem 0x000000008001208f 0x00
core   0: 0x000000008000ff18 (0xfc843703) ld      a4, -56(s0)
core   0: 3 0x000000008000ff18 (0xfc843703) x14 0x0000000080012040 mem 0x0000000080031f38
core   0: 0x000000008000ff1c (0xfb843783) ld      a5, -72(s0)
core   0: 3 0x000000008000ff1c (0xfb843783) x15 0x000000000000009c mem 0x0000000080031f28
core   0: 0x000000008000ff20 (0x000097ba) c.add   a5, a4
core   0: 3 0x000000008000ff20 (0x97ba) x15 0x00000000800120dc
core   0: 0x000000008000ff22 (0xfe043703) ld      a4, -32(s0)
core   0: 3 0x000000008000ff22 (0xfe043703) x14 0x0000000080012090 mem 0x0000000080031f50
core   0: 0x000000008000ff26 (0xfcf76de3) bltu    a4, a5, pc - 38
core   0: 3 0x000000008000ff26 (0xfcf76de3)
core   0: 0x000000008000ff00 (0xfe043783) ld      a5, -32(s0)
core   0: 3 0x000000008000ff00 (0xfe043783) x15 0x0000000080012090 mem 0x0000000080031f50
core   0: 0x000000008000ff04 (0x00178713) addi    a4, a5, 1
core   0: 3 0x000000008000ff04 (0x00178713) x14 0x0000000080012091
core   0: 0x000000008000ff08 (0xfee43023) sd      a4, -32(s0)
core   0: 3 0x000000008000ff08 (0xfee43023) mem 0x0000000080031f50 0x0000000080012091
core   0: 0x000000008000ff0c (0xfc442703) lw      a4, -60(s0)
core   0: 3 0x000000008000ff0c (0xfc442703) x14 0x0000000000000000 mem 0x0000000080031f34
core   0: 0x000000008000ff10 (0x0ff77713) andi    a4, a4, 255
core   0: 3 0x000000008000ff10 (0x0ff77713) x14 0x0000000000000000
core   0: 0x000000008000ff14 (0x00e78023) sb      a4, 0(a5)
core   0: 3 0x000000008000ff14 (0x00e78023) mem 0x0000000080012090 0x00
core   0: 0x000000008000ff18 (0xfc843703) ld      a4, -56(s0)
core   0: 3 0x000000008000ff18 (0xfc843703) x14 0x0000000080012040 mem 0x0000000080031f38
core   0: 0x000000008000ff1c (0xfb843783) ld      a5, -72(s0)
core   0: 3 0x000000008000ff1c (0xfb843783) x15 0x000000000000009c mem 0x0000000080031f28
core   0: 0x000000008000ff20 (0x000097ba) c.add   a5, a4
core   0: 3 0x000000008000ff20 (0x97ba) x15 0x00000000800120dc
core   0: 0x000000008000ff22 (0xfe043703) ld      a4, -32(s0)
core   0: 3 0x000000008000ff22 (0xfe043703) x14 0x0000000080012091 mem 0x0000000080031f50
core   0: 0x000000008000ff26 (0xfcf76de3) bltu    a4, a5, pc - 38
core   0: 3 0x000000008000ff26 (0xfcf76de3)
core   0: 0x000000008000ff00 (0xfe043783) ld      a5, -32(s0)
core   0: 3 0x000000008000ff00 (0xfe043783) x15 0x0000000080012091 mem 0x0000000080031f50
core   0: 0x000000008000ff04 (0x00178713) addi    a4, a5, 1
core   0: 3 0x000000008000ff04 (0x00178713) x14 0x0000000080012092
core   0: 0x000000008000ff08 (0xfee43023) sd      a4, -32(s0)
core   0: 3 0x000000008000ff08 (0xfee43023) mem 0x0000000080031f50 0x0000000080012092
core   0: 0x000000008000ff0c (0xfc442703) lw      a4, -60(s0)
core   0: 3 0x000000008000ff0c (0xfc442703) x14 0x0000000000000000 mem 0x0000000080031f34
core   0: 0x000000008000ff10 (0x0ff77713) andi    a4, a4, 255
core   0: 3 0x000000008000ff10 (0x0ff77713) x14 0x0000000000000000
core   0: 0x000000008000ff14 (0x00e78023) sb      a4, 0(a5)
core   0: 3 0x000000008000ff14 (0x00e78023) mem 0x0000000080012091 0x00
core   0: 0x000000008000ff18 (0xfc843703) ld      a4, -56(s0)
core   0: 3 0x000000008000ff18 (0xfc843703) x14 0x0000000080012040 mem 0x0000000080031f38
core   0: 0x000000008000ff1c (0xfb843783) ld      a5, -72(s0)
core   0: 3 0x000000008000ff1c (0xfb843783) x15 0x000000000000009c mem 0x0000000080031f28
core   0: 0x000000008000ff20 (0x000097ba) c.add   a5, a4
core   0: 3 0x000000008000ff20 (0x97ba) x15 0x00000000800120dc
core   0: 0x000000008000ff22 (0xfe043703) ld      a4, -32(s0)
core   0: 3 0x000000008000ff22 (0xfe043703) x14 0x0000000080012092 mem 0x0000000080031f50
core   0: 0x000000008000ff26 (0xfcf76de3) bltu    a4, a5, pc - 38
core   0: 3 0x000000008000ff26 (0xfcf76de3)
core   0: 0x000000008000ff00 (0xfe043783) ld      a5, -32(s0)
core   0: 3 0x000000008000ff00 (0xfe043783) x15 0x0000000080012092 mem 0x0000000080031f50
core   0: 0x000000008000ff04 (0x00178713) addi    a4, a5, 1
core   0: 3 0x000000008000ff04 (0x00178713) x14 0x0000000080012093
core   0: 0x000000008000ff08 (0xfee43023) sd      a4, -32(s0)
core   0: 3 0x000000008000ff08 (0xfee43023) mem 0x0000000080031f50 0x0000000080012093
core   0: 0x000000008000ff0c (0xfc442703) lw      a4, -60(s0)
core   0: 3 0x000000008000ff0c (0xfc442703) x14 0x0000000000000000 mem 0x0000000080031f34
core   0: 0x000000008000ff10 (0x0ff77713) andi    a4, a4, 255
core   0: 3 0x000000008000ff10 (0x0ff77713) x14 0x0000000000000000
core   0: 0x000000008000ff14 (0x00e78023) sb      a4, 0(a5)
core   0: 3 0x000000008000ff14 (0x00e78023) mem 0x0000000080012092 0x00
core   0: 0x000000008000ff18 (0xfc843703) ld      a4, -56(s0)
core   0: 3 0x000000008000ff18 (0xfc843703) x14 0x0000000080012040 mem 0x0000000080031f38
core   0: 0x000000008000ff1c (0xfb843783) ld      a5, -72(s0)
core   0: 3 0x000000008000ff1c (0xfb843783) x15 0x000000000000009c mem 0x0000000080031f28
core   0: 0x000000008000ff20 (0x000097ba) c.add   a5, a4
core   0: 3 0x000000008000ff20 (0x97ba) x15 0x00000000800120dc
core   0: 0x000000008000ff22 (0xfe043703) ld      a4, -32(s0)
core   0: 3 0x000000008000ff22 (0xfe043703) x14 0x0000000080012093 mem 0x0000000080031f50
core   0: 0x000000008000ff26 (0xfcf76de3) bltu    a4, a5, pc - 38
core   0: 3 0x000000008000ff26 (0xfcf76de3)
core   0: 0x000000008000ff00 (0xfe043783) ld      a5, -32(s0)
core   0: 3 0x000000008000ff00 (0xfe043783) x15 0x0000000080012093 mem 0x0000000080031f50
core   0: 0x000000008000ff04 (0x00178713) addi    a4, a5, 1
core   0: 3 0x000000008000ff04 (0x00178713) x14 0x0000000080012094
core   0: 0x000000008000ff08 (0xfee43023) sd      a4, -32(s0)
core   0: 3 0x000000008000ff08 (0xfee43023) mem 0x0000000080031f50 0x0000000080012094
core   0: 0x000000008000ff0c (0xfc442703) lw      a4, -60(s0)
core   0: 3 0x000000008000ff0c (0xfc442703) x14 0x0000000000000000 mem 0x0000000080031f34
core   0: 0x000000008000ff10 (0x0ff77713) andi    a4, a4, 255
core   0: 3 0x000000008000ff10 (0x0ff77713) x14 0x0000000000000000
core   0: 0x000000008000ff14 (0x00e78023) sb      a4, 0(a5)
core   0: 3 0x000000008000ff14 (0x00e78023) mem 0x0000000080012093 0x00
core   0: 0x000000008000ff18 (0xfc843703) ld      a4, -56(s0)
core   0: 3 0x000000008000ff18 (0xfc843703) x14 0x0000000080012040 mem 0x0000000080031f38
core   0: 0x000000008000ff1c (0xfb843783) ld      a5, -72(s0)
core   0: 3 0x000000008000ff1c (0xfb843783) x15 0x000000000000009c mem 0x0000000080031f28
core   0: 0x000000008000ff20 (0x000097ba) c.add   a5, a4
core   0: 3 0x000000008000ff20 (0x97ba) x15 0x00000000800120dc
core   0: 0x000000008000ff22 (0xfe043703) ld      a4, -32(s0)
core   0: 3 0x000000008000ff22 (0xfe043703) x14 0x0000000080012094 mem 0x0000000080031f50
core   0: 0x000000008000ff26 (0xfcf76de3) bltu    a4, a5, pc - 38
core   0: 3 0x000000008000ff26 (0xfcf76de3)
core   0: 0x000000008000ff00 (0xfe043783) ld      a5, -32(s0)
core   0: 3 0x000000008000ff00 (0xfe043783) x15 0x0000000080012094 mem 0x0000000080031f50
core   0: 0x000000008000ff04 (0x00178713) addi    a4, a5, 1
core   0: 3 0x000000008000ff04 (0x00178713) x14 0x0000000080012095
core   0: 0x000000008000ff08 (0xfee43023) sd      a4, -32(s0)
core   0: 3 0x000000008000ff08 (0xfee43023) mem 0x0000000080031f50 0x0000000080012095
core   0: 0x000000008000ff0c (0xfc442703) lw      a4, -60(s0)
core   0: 3 0x000000008000ff0c (0xfc442703) x14 0x0000000000000000 mem 0x0000000080031f34
core   0: 0x000000008000ff10 (0x0ff77713) andi    a4, a4, 255
core   0: 3 0x000000008000ff10 (0x0ff77713) x14 0x0000000000000000
core   0: 0x000000008000ff14 (0x00e78023) sb      a4, 0(a5)
core   0: 3 0x000000008000ff14 (0x00e78023) mem 0x0000000080012094 0x00
core   0: 0x000000008000ff18 (0xfc843703) ld      a4, -56(s0)
core   0: 3 0x000000008000ff18 (0xfc843703) x14 0x0000000080012040 mem 0x0000000080031f38
core   0: 0x000000008000ff1c (0xfb843783) ld      a5, -72(s0)
core   0: 3 0x000000008000ff1c (0xfb843783) x15 0x000000000000009c mem 0x0000000080031f28
core   0: 0x000000008000ff20 (0x000097ba) c.add   a5, a4
core   0: 3 0x000000008000ff20 (0x97ba) x15 0x00000000800120dc
core   0: 0x000000008000ff22 (0xfe043703) ld      a4, -32(s0)
core   0: 3 0x000000008000ff22 (0xfe043703) x14 0x0000000080012095 mem 0x0000000080031f50
core   0: 0x000000008000ff26 (0xfcf76de3) bltu    a4, a5, pc - 38
core   0: 3 0x000000008000ff26 (0xfcf76de3)
core   0: 0x000000008000ff00 (0xfe043783) ld      a5, -32(s0)
core   0: 3 0x000000008000ff00 (0xfe043783) x15 0x0000000080012095 mem 0x0000000080031f50
core   0: 0x000000008000ff04 (0x00178713) addi    a4, a5, 1
core   0: 3 0x000000008000ff04 (0x00178713) x14 0x0000000080012096
core   0: 0x000000008000ff08 (0xfee43023) sd      a4, -32(s0)
core   0: 3 0x000000008000ff08 (0xfee43023) mem 0x0000000080031f50 0x0000000080012096
core   0: 0x000000008000ff0c (0xfc442703) lw      a4, -60(s0)
core   0: 3 0x000000008000ff0c (0xfc442703) x14 0x0000000000000000 mem 0x0000000080031f34
core   0: 0x000000008000ff10 (0x0ff77713) andi    a4, a4, 255
core   0: 3 0x000000008000ff10 (0x0ff77713) x14 0x0000000000000000
core   0: 0x000000008000ff14 (0x00e78023) sb      a4, 0(a5)
core   0: 3 0x000000008000ff14 (0x00e78023) mem 0x0000000080012095 0x00
core   0: 0x000000008000ff18 (0xfc843703) ld      a4, -56(s0)
core   0: 3 0x000000008000ff18 (0xfc843703) x14 0x0000000080012040 mem 0x0000000080031f38
core   0: 0x000000008000ff1c (0xfb843783) ld      a5, -72(s0)
core   0: 3 0x000000008000ff1c (0xfb843783) x15 0x000000000000009c mem 0x0000000080031f28
core   0: 0x000000008000ff20 (0x000097ba) c.add   a5, a4
core   0: 3 0x000000008000ff20 (0x97ba) x15 0x00000000800120dc
core   0: 0x000000008000ff22 (0xfe043703) ld      a4, -32(s0)
core   0: 3 0x000000008000ff22 (0xfe043703) x14 0x0000000080012096 mem 0x0000000080031f50
core   0: 0x000000008000ff26 (0xfcf76de3) bltu    a4, a5, pc - 38
core   0: 3 0x000000008000ff26 (0xfcf76de3)
core   0: 0x000000008000ff00 (0xfe043783) ld      a5, -32(s0)
core   0: 3 0x000000008000ff00 (0xfe043783) x15 0x0000000080012096 mem 0x0000000080031f50
core   0: 0x000000008000ff04 (0x00178713) addi    a4, a5, 1
core   0: 3 0x000000008000ff04 (0x00178713) x14 0x0000000080012097
core   0: 0x000000008000ff08 (0xfee43023) sd      a4, -32(s0)
core   0: 3 0x000000008000ff08 (0xfee43023) mem 0x0000000080031f50 0x0000000080012097
core   0: 0x000000008000ff0c (0xfc442703) lw      a4, -60(s0)
core   0: 3 0x000000008000ff0c (0xfc442703) x14 0x0000000000000000 mem 0x0000000080031f34
core   0: 0x000000008000ff10 (0x0ff77713) andi    a4, a4, 255
core   0: 3 0x000000008000ff10 (0x0ff77713) x14 0x0000000000000000
core   0: 0x000000008000ff14 (0x00e78023) sb      a4, 0(a5)
core   0: 3 0x000000008000ff14 (0x00e78023) mem 0x0000000080012096 0x00
core   0: 0x000000008000ff18 (0xfc843703) ld      a4, -56(s0)
core   0: 3 0x000000008000ff18 (0xfc843703) x14 0x0000000080012040 mem 0x0000000080031f38
core   0: 0x000000008000ff1c (0xfb843783) ld      a5, -72(s0)
core   0: 3 0x000000008000ff1c (0xfb843783) x15 0x000000000000009c mem 0x0000000080031f28
core   0: 0x000000008000ff20 (0x000097ba) c.add   a5, a4
core   0: 3 0x000000008000ff20 (0x97ba) x15 0x00000000800120dc
core   0: 0x000000008000ff22 (0xfe043703) ld      a4, -32(s0)
core   0: 3 0x000000008000ff22 (0xfe043703) x14 0x0000000080012097 mem 0x0000000080031f50
core   0: 0x000000008000ff26 (0xfcf76de3) bltu    a4, a5, pc - 38
core   0: 3 0x000000008000ff26 (0xfcf76de3)
core   0: 0x000000008000ff00 (0xfe043783) ld      a5, -32(s0)
core   0: 3 0x000000008000ff00 (0xfe043783) x15 0x0000000080012097 mem 0x0000000080031f50
core   0: 0x000000008000ff04 (0x00178713) addi    a4, a5, 1
core   0: 3 0x000000008000ff04 (0x00178713) x14 0x0000000080012098
core   0: 0x000000008000ff08 (0xfee43023) sd      a4, -32(s0)
core   0: 3 0x000000008000ff08 (0xfee43023) mem 0x0000000080031f50 0x0000000080012098
core   0: 0x000000008000ff0c (0xfc442703) lw      a4, -60(s0)
core   0: 3 0x000000008000ff0c (0xfc442703) x14 0x0000000000000000 mem 0x0000000080031f34
core   0: 0x000000008000ff10 (0x0ff77713) andi    a4, a4, 255
core   0: 3 0x000000008000ff10 (0x0ff77713) x14 0x0000000000000000
core   0: 0x000000008000ff14 (0x00e78023) sb      a4, 0(a5)
core   0: 3 0x000000008000ff14 (0x00e78023) mem 0x0000000080012097 0x00
core   0: 0x000000008000ff18 (0xfc843703) ld      a4, -56(s0)
core   0: 3 0x000000008000ff18 (0xfc843703) x14 0x0000000080012040 mem 0x0000000080031f38
core   0: 0x000000008000ff1c (0xfb843783) ld      a5, -72(s0)
core   0: 3 0x000000008000ff1c (0xfb843783) x15 0x000000000000009c mem 0x0000000080031f28
core   0: 0x000000008000ff20 (0x000097ba) c.add   a5, a4
core   0: 3 0x000000008000ff20 (0x97ba) x15 0x00000000800120dc
core   0: 0x000000008000ff22 (0xfe043703) ld      a4, -32(s0)
core   0: 3 0x000000008000ff22 (0xfe043703) x14 0x0000000080012098 mem 0x0000000080031f50
core   0: 0x000000008000ff26 (0xfcf76de3) bltu    a4, a5, pc - 38
core   0: 3 0x000000008000ff26 (0xfcf76de3)
core   0: 0x000000008000ff00 (0xfe043783) ld      a5, -32(s0)
core   0: 3 0x000000008000ff00 (0xfe043783) x15 0x0000000080012098 mem 0x0000000080031f50
core   0: 0x000000008000ff04 (0x00178713) addi    a4, a5, 1
core   0: 3 0x000000008000ff04 (0x00178713) x14 0x0000000080012099
core   0: 0x000000008000ff08 (0xfee43023) sd      a4, -32(s0)
core   0: 3 0x000000008000ff08 (0xfee43023) mem 0x0000000080031f50 0x0000000080012099
core   0: 0x000000008000ff0c (0xfc442703) lw      a4, -60(s0)
core   0: 3 0x000000008000ff0c (0xfc442703) x14 0x0000000000000000 mem 0x0000000080031f34
core   0: 0x000000008000ff10 (0x0ff77713) andi    a4, a4, 255
core   0: 3 0x000000008000ff10 (0x0ff77713) x14 0x0000000000000000
core   0: 0x000000008000ff14 (0x00e78023) sb      a4, 0(a5)
core   0: 3 0x000000008000ff14 (0x00e78023) mem 0x0000000080012098 0x00
core   0: 0x000000008000ff18 (0xfc843703) ld      a4, -56(s0)
core   0: 3 0x000000008000ff18 (0xfc843703) x14 0x0000000080012040 mem 0x0000000080031f38
core   0: 0x000000008000ff1c (0xfb843783) ld      a5, -72(s0)
core   0: 3 0x000000008000ff1c (0xfb843783) x15 0x000000000000009c mem 0x0000000080031f28
core   0: 0x000000008000ff20 (0x000097ba) c.add   a5, a4
core   0: 3 0x000000008000ff20 (0x97ba) x15 0x00000000800120dc
core   0: 0x000000008000ff22 (0xfe043703) ld      a4, -32(s0)
core   0: 3 0x000000008000ff22 (0xfe043703) x14 0x0000000080012099 mem 0x0000000080031f50
core   0: 0x000000008000ff26 (0xfcf76de3) bltu    a4, a5, pc - 38
core   0: 3 0x000000008000ff26 (0xfcf76de3)
core   0: 0x000000008000ff00 (0xfe043783) ld      a5, -32(s0)
core   0: 3 0x000000008000ff00 (0xfe043783) x15 0x0000000080012099 mem 0x0000000080031f50
core   0: 0x000000008000ff04 (0x00178713) addi    a4, a5, 1
core   0: 3 0x000000008000ff04 (0x00178713) x14 0x000000008001209a
core   0: 0x000000008000ff08 (0xfee43023) sd      a4, -32(s0)
core   0: 3 0x000000008000ff08 (0xfee43023) mem 0x0000000080031f50 0x000000008001209a
core   0: 0x000000008000ff0c (0xfc442703) lw      a4, -60(s0)
core   0: 3 0x000000008000ff0c (0xfc442703) x14 0x0000000000000000 mem 0x0000000080031f34
core   0: 0x000000008000ff10 (0x0ff77713) andi    a4, a4, 255
core   0: 3 0x000000008000ff10 (0x0ff77713) x14 0x0000000000000000
core   0: 0x000000008000ff14 (0x00e78023) sb      a4, 0(a5)
core   0: 3 0x000000008000ff14 (0x00e78023) mem 0x0000000080012099 0x00
core   0: 0x000000008000ff18 (0xfc843703) ld      a4, -56(s0)
core   0: 3 0x000000008000ff18 (0xfc843703) x14 0x0000000080012040 mem 0x0000000080031f38
core   0: 0x000000008000ff1c (0xfb843783) ld      a5, -72(s0)
core   0: 3 0x000000008000ff1c (0xfb843783) x15 0x000000000000009c mem 0x0000000080031f28
core   0: 0x000000008000ff20 (0x000097ba) c.add   a5, a4
core   0: 3 0x000000008000ff20 (0x97ba) x15 0x00000000800120dc
core   0: 0x000000008000ff22 (0xfe043703) ld      a4, -32(s0)
core   0: 3 0x000000008000ff22 (0xfe043703) x14 0x000000008001209a mem 0x0000000080031f50
core   0: 0x000000008000ff26 (0xfcf76de3) bltu    a4, a5, pc - 38
core   0: 3 0x000000008000ff26 (0xfcf76de3)
core   0: 0x000000008000ff00 (0xfe043783) ld      a5, -32(s0)
core   0: 3 0x000000008000ff00 (0xfe043783) x15 0x000000008001209a mem 0x0000000080031f50
core   0: 0x000000008000ff04 (0x00178713) addi    a4, a5, 1
core   0: 3 0x000000008000ff04 (0x00178713) x14 0x000000008001209b
core   0: 0x000000008000ff08 (0xfee43023) sd      a4, -32(s0)
core   0: 3 0x000000008000ff08 (0xfee43023) mem 0x0000000080031f50 0x000000008001209b
core   0: 0x000000008000ff0c (0xfc442703) lw      a4, -60(s0)
core   0: 3 0x000000008000ff0c (0xfc442703) x14 0x0000000000000000 mem 0x0000000080031f34
core   0: 0x000000008000ff10 (0x0ff77713) andi    a4, a4, 255
core   0: 3 0x000000008000ff10 (0x0ff77713) x14 0x0000000000000000
core   0: 0x000000008000ff14 (0x00e78023) sb      a4, 0(a5)
core   0: 3 0x000000008000ff14 (0x00e78023) mem 0x000000008001209a 0x00
core   0: 0x000000008000ff18 (0xfc843703) ld      a4, -56(s0)
core   0: 3 0x000000008000ff18 (0xfc843703) x14 0x0000000080012040 mem 0x0000000080031f38
core   0: 0x000000008000ff1c (0xfb843783) ld      a5, -72(s0)
core   0: 3 0x000000008000ff1c (0xfb843783) x15 0x000000000000009c mem 0x0000000080031f28
core   0: 0x000000008000ff20 (0x000097ba) c.add   a5, a4
core   0: 3 0x000000008000ff20 (0x97ba) x15 0x00000000800120dc
core   0: 0x000000008000ff22 (0xfe043703) ld      a4, -32(s0)
core   0: 3 0x000000008000ff22 (0xfe043703) x14 0x000000008001209b mem 0x0000000080031f50
core   0: 0x000000008000ff26 (0xfcf76de3) bltu    a4, a5, pc - 38
core   0: 3 0x000000008000ff26 (0xfcf76de3)
core   0: 0x000000008000ff00 (0xfe043783) ld      a5, -32(s0)
core   0: 3 0x000000008000ff00 (0xfe043783) x15 0x000000008001209b mem 0x0000000080031f50
core   0: 0x000000008000ff04 (0x00178713) addi    a4, a5, 1
core   0: 3 0x000000008000ff04 (0x00178713) x14 0x000000008001209c
core   0: 0x000000008000ff08 (0xfee43023) sd      a4, -32(s0)
core   0: 3 0x000000008000ff08 (0xfee43023) mem 0x0000000080031f50 0x000000008001209c
core   0: 0x000000008000ff0c (0xfc442703) lw      a4, -60(s0)
core   0: 3 0x000000008000ff0c (0xfc442703) x14 0x0000000000000000 mem 0x0000000080031f34
core   0: 0x000000008000ff10 (0x0ff77713) andi    a4, a4, 255
core   0: 3 0x000000008000ff10 (0x0ff77713) x14 0x0000000000000000
core   0: 0x000000008000ff14 (0x00e78023) sb      a4, 0(a5)
core   0: 3 0x000000008000ff14 (0x00e78023) mem 0x000000008001209b 0x00
core   0: 0x000000008000ff18 (0xfc843703) ld      a4, -56(s0)
core   0: 3 0x000000008000ff18 (0xfc843703) x14 0x0000000080012040 mem 0x0000000080031f38
core   0: 0x000000008000ff1c (0xfb843783) ld      a5, -72(s0)
core   0: 3 0x000000008000ff1c (0xfb843783) x15 0x000000000000009c mem 0x0000000080031f28
core   0: 0x000000008000ff20 (0x000097ba) c.add   a5, a4
core   0: 3 0x000000008000ff20 (0x97ba) x15 0x00000000800120dc
core   0: 0x000000008000ff22 (0xfe043703) ld      a4, -32(s0)
core   0: 3 0x000000008000ff22 (0xfe043703) x14 0x000000008001209c mem 0x0000000080031f50
core   0: 0x000000008000ff26 (0xfcf76de3) bltu    a4, a5, pc - 38
core   0: 3 0x000000008000ff26 (0xfcf76de3)
core   0: 0x000000008000ff00 (0xfe043783) ld      a5, -32(s0)
core   0: 3 0x000000008000ff00 (0xfe043783) x15 0x000000008001209c mem 0x0000000080031f50
core   0: 0x000000008000ff04 (0x00178713) addi    a4, a5, 1
core   0: 3 0x000000008000ff04 (0x00178713) x14 0x000000008001209d
core   0: 0x000000008000ff08 (0xfee43023) sd      a4, -32(s0)
core   0: 3 0x000000008000ff08 (0xfee43023) mem 0x0000000080031f50 0x000000008001209d
core   0: 0x000000008000ff0c (0xfc442703) lw      a4, -60(s0)
core   0: 3 0x000000008000ff0c (0xfc442703) x14 0x0000000000000000 mem 0x0000000080031f34
core   0: 0x000000008000ff10 (0x0ff77713) andi    a4, a4, 255
core   0: 3 0x000000008000ff10 (0x0ff77713) x14 0x0000000000000000
core   0: 0x000000008000ff14 (0x00e78023) sb      a4, 0(a5)
core   0: 3 0x000000008000ff14 (0x00e78023) mem 0x000000008001209c 0x00
core   0: 0x000000008000ff18 (0xfc843703) ld      a4, -56(s0)
core   0: 3 0x000000008000ff18 (0xfc843703) x14 0x0000000080012040 mem 0x0000000080031f38
core   0: 0x000000008000ff1c (0xfb843783) ld      a5, -72(s0)
core   0: 3 0x000000008000ff1c (0xfb843783) x15 0x000000000000009c mem 0x0000000080031f28
core   0: 0x000000008000ff20 (0x000097ba) c.add   a5, a4
core   0: 3 0x000000008000ff20 (0x97ba) x15 0x00000000800120dc
core   0: 0x000000008000ff22 (0xfe043703) ld      a4, -32(s0)
core   0: 3 0x000000008000ff22 (0xfe043703) x14 0x000000008001209d mem 0x0000000080031f50
core   0: 0x000000008000ff26 (0xfcf76de3) bltu    a4, a5, pc - 38
core   0: 3 0x000000008000ff26 (0xfcf76de3)
core   0: 0x000000008000ff00 (0xfe043783) ld      a5, -32(s0)
core   0: 3 0x000000008000ff00 (0xfe043783) x15 0x000000008001209d mem 0x0000000080031f50
core   0: 0x000000008000ff04 (0x00178713) addi    a4, a5, 1
core   0: 3 0x000000008000ff04 (0x00178713) x14 0x000000008001209e
core   0: 0x000000008000ff08 (0xfee43023) sd      a4, -32(s0)
core   0: 3 0x000000008000ff08 (0xfee43023) mem 0x0000000080031f50 0x000000008001209e
core   0: 0x000000008000ff0c (0xfc442703) lw      a4, -60(s0)
core   0: 3 0x000000008000ff0c (0xfc442703) x14 0x0000000000000000 mem 0x0000000080031f34
core   0: 0x000000008000ff10 (0x0ff77713) andi    a4, a4, 255
core   0: 3 0x000000008000ff10 (0x0ff77713) x14 0x0000000000000000
core   0: 0x000000008000ff14 (0x00e78023) sb      a4, 0(a5)
core   0: 3 0x000000008000ff14 (0x00e78023) mem 0x000000008001209d 0x00
core   0: 0x000000008000ff18 (0xfc843703) ld      a4, -56(s0)
core   0: 3 0x000000008000ff18 (0xfc843703) x14 0x0000000080012040 mem 0x0000000080031f38
core   0: 0x000000008000ff1c (0xfb843783) ld      a5, -72(s0)
core   0: 3 0x000000008000ff1c (0xfb843783) x15 0x000000000000009c mem 0x0000000080031f28
core   0: 0x000000008000ff20 (0x000097ba) c.add   a5, a4
core   0: 3 0x000000008000ff20 (0x97ba) x15 0x00000000800120dc
core   0: 0x000000008000ff22 (0xfe043703) ld      a4, -32(s0)
core   0: 3 0x000000008000ff22 (0xfe043703) x14 0x000000008001209e mem 0x0000000080031f50
core   0: 0x000000008000ff26 (0xfcf76de3) bltu    a4, a5, pc - 38
core   0: 3 0x000000008000ff26 (0xfcf76de3)
core   0: 0x000000008000ff00 (0xfe043783) ld      a5, -32(s0)
core   0: 3 0x000000008000ff00 (0xfe043783) x15 0x000000008001209e mem 0x0000000080031f50
core   0: 0x000000008000ff04 (0x00178713) addi    a4, a5, 1
core   0: 3 0x000000008000ff04 (0x00178713) x14 0x000000008001209f
core   0: 0x000000008000ff08 (0xfee43023) sd      a4, -32(s0)
core   0: 3 0x000000008000ff08 (0xfee43023) mem 0x0000000080031f50 0x000000008001209f
core   0: 0x000000008000ff0c (0xfc442703) lw      a4, -60(s0)
core   0: 3 0x000000008000ff0c (0xfc442703) x14 0x0000000000000000 mem 0x0000000080031f34
core   0: 0x000000008000ff10 (0x0ff77713) andi    a4, a4, 255
core   0: 3 0x000000008000ff10 (0x0ff77713) x14 0x0000000000000000
core   0: 0x000000008000ff14 (0x00e78023) sb      a4, 0(a5)
core   0: 3 0x000000008000ff14 (0x00e78023) mem 0x000000008001209e 0x00
core   0: 0x000000008000ff18 (0xfc843703) ld      a4, -56(s0)
core   0: 3 0x000000008000ff18 (0xfc843703) x14 0x0000000080012040 mem 0x0000000080031f38
core   0: 0x000000008000ff1c (0xfb843783) ld      a5, -72(s0)
core   0: 3 0x000000008000ff1c (0xfb843783) x15 0x000000000000009c mem 0x0000000080031f28
core   0: 0x000000008000ff20 (0x000097ba) c.add   a5, a4
core   0: 3 0x000000008000ff20 (0x97ba) x15 0x00000000800120dc
core   0: 0x000000008000ff22 (0xfe043703) ld      a4, -32(s0)
core   0: 3 0x000000008000ff22 (0xfe043703) x14 0x000000008001209f mem 0x0000000080031f50
core   0: 0x000000008000ff26 (0xfcf76de3) bltu    a4, a5, pc - 38
core   0: 3 0x000000008000ff26 (0xfcf76de3)
core   0: 0x000000008000ff00 (0xfe043783) ld      a5, -32(s0)
core   0: 3 0x000000008000ff00 (0xfe043783) x15 0x000000008001209f mem 0x0000000080031f50
core   0: 0x000000008000ff04 (0x00178713) addi    a4, a5, 1
core   0: 3 0x000000008000ff04 (0x00178713) x14 0x00000000800120a0
core   0: 0x000000008000ff08 (0xfee43023) sd      a4, -32(s0)
core   0: 3 0x000000008000ff08 (0xfee43023) mem 0x0000000080031f50 0x00000000800120a0
core   0: 0x000000008000ff0c (0xfc442703) lw      a4, -60(s0)
core   0: 3 0x000000008000ff0c (0xfc442703) x14 0x0000000000000000 mem 0x0000000080031f34
core   0: 0x000000008000ff10 (0x0ff77713) andi    a4, a4, 255
core   0: 3 0x000000008000ff10 (0x0ff77713) x14 0x0000000000000000
core   0: 0x000000008000ff14 (0x00e78023) sb      a4, 0(a5)
core   0: 3 0x000000008000ff14 (0x00e78023) mem 0x000000008001209f 0x00
core   0: 0x000000008000ff18 (0xfc843703) ld      a4, -56(s0)
core   0: 3 0x000000008000ff18 (0xfc843703) x14 0x0000000080012040 mem 0x0000000080031f38
core   0: 0x000000008000ff1c (0xfb843783) ld      a5, -72(s0)
core   0: 3 0x000000008000ff1c (0xfb843783) x15 0x000000000000009c mem 0x0000000080031f28
core   0: 0x000000008000ff20 (0x000097ba) c.add   a5, a4
core   0: 3 0x000000008000ff20 (0x97ba) x15 0x00000000800120dc
core   0: 0x000000008000ff22 (0xfe043703) ld      a4, -32(s0)
core   0: 3 0x000000008000ff22 (0xfe043703) x14 0x00000000800120a0 mem 0x0000000080031f50
core   0: 0x000000008000ff26 (0xfcf76de3) bltu    a4, a5, pc - 38
core   0: 3 0x000000008000ff26 (0xfcf76de3)
core   0: 0x000000008000ff00 (0xfe043783) ld      a5, -32(s0)
core   0: 3 0x000000008000ff00 (0xfe043783) x15 0x00000000800120a0 mem 0x0000000080031f50
core   0: 0x000000008000ff04 (0x00178713) addi    a4, a5, 1
core   0: 3 0x000000008000ff04 (0x00178713) x14 0x00000000800120a1
core   0: 0x000000008000ff08 (0xfee43023) sd      a4, -32(s0)
core   0: 3 0x000000008000ff08 (0xfee43023) mem 0x0000000080031f50 0x00000000800120a1
core   0: 0x000000008000ff0c (0xfc442703) lw      a4, -60(s0)
core   0: 3 0x000000008000ff0c (0xfc442703) x14 0x0000000000000000 mem 0x0000000080031f34
core   0: 0x000000008000ff10 (0x0ff77713) andi    a4, a4, 255
core   0: 3 0x000000008000ff10 (0x0ff77713) x14 0x0000000000000000
core   0: 0x000000008000ff14 (0x00e78023) sb      a4, 0(a5)
core   0: 3 0x000000008000ff14 (0x00e78023) mem 0x00000000800120a0 0x00
core   0: 0x000000008000ff18 (0xfc843703) ld      a4, -56(s0)
core   0: 3 0x000000008000ff18 (0xfc843703) x14 0x0000000080012040 mem 0x0000000080031f38
core   0: 0x000000008000ff1c (0xfb843783) ld      a5, -72(s0)
core   0: 3 0x000000008000ff1c (0xfb843783) x15 0x000000000000009c mem 0x0000000080031f28
core   0: 0x000000008000ff20 (0x000097ba) c.add   a5, a4
core   0: 3 0x000000008000ff20 (0x97ba) x15 0x00000000800120dc
core   0: 0x000000008000ff22 (0xfe043703) ld      a4, -32(s0)
core   0: 3 0x000000008000ff22 (0xfe043703) x14 0x00000000800120a1 mem 0x0000000080031f50
core   0: 0x000000008000ff26 (0xfcf76de3) bltu    a4, a5, pc - 38
core   0: 3 0x000000008000ff26 (0xfcf76de3)
core   0: 0x000000008000ff00 (0xfe043783) ld      a5, -32(s0)
core   0: 3 0x000000008000ff00 (0xfe043783) x15 0x00000000800120a1 mem 0x0000000080031f50
core   0: 0x000000008000ff04 (0x00178713) addi    a4, a5, 1
core   0: 3 0x000000008000ff04 (0x00178713) x14 0x00000000800120a2
core   0: 0x000000008000ff08 (0xfee43023) sd      a4, -32(s0)
core   0: 3 0x000000008000ff08 (0xfee43023) mem 0x0000000080031f50 0x00000000800120a2
core   0: 0x000000008000ff0c (0xfc442703) lw      a4, -60(s0)
core   0: 3 0x000000008000ff0c (0xfc442703) x14 0x0000000000000000 mem 0x0000000080031f34
core   0: 0x000000008000ff10 (0x0ff77713) andi    a4, a4, 255
core   0: 3 0x000000008000ff10 (0x0ff77713) x14 0x0000000000000000
core   0: 0x000000008000ff14 (0x00e78023) sb      a4, 0(a5)
core   0: 3 0x000000008000ff14 (0x00e78023) mem 0x00000000800120a1 0x00
core   0: 0x000000008000ff18 (0xfc843703) ld      a4, -56(s0)
core   0: 3 0x000000008000ff18 (0xfc843703) x14 0x0000000080012040 mem 0x0000000080031f38
core   0: 0x000000008000ff1c (0xfb843783) ld      a5, -72(s0)
core   0: 3 0x000000008000ff1c (0xfb843783) x15 0x000000000000009c mem 0x0000000080031f28
core   0: 0x000000008000ff20 (0x000097ba) c.add   a5, a4
core   0: 3 0x000000008000ff20 (0x97ba) x15 0x00000000800120dc
core   0: 0x000000008000ff22 (0xfe043703) ld      a4, -32(s0)
core   0: 3 0x000000008000ff22 (0xfe043703) x14 0x00000000800120a2 mem 0x0000000080031f50
core   0: 0x000000008000ff26 (0xfcf76de3) bltu    a4, a5, pc - 38
core   0: 3 0x000000008000ff26 (0xfcf76de3)
core   0: 0x000000008000ff00 (0xfe043783) ld      a5, -32(s0)
core   0: 3 0x000000008000ff00 (0xfe043783) x15 0x00000000800120a2 mem 0x0000000080031f50
core   0: 0x000000008000ff04 (0x00178713) addi    a4, a5, 1
core   0: 3 0x000000008000ff04 (0x00178713) x14 0x00000000800120a3
core   0: 0x000000008000ff08 (0xfee43023) sd      a4, -32(s0)
core   0: 3 0x000000008000ff08 (0xfee43023) mem 0x0000000080031f50 0x00000000800120a3
core   0: 0x000000008000ff0c (0xfc442703) lw      a4, -60(s0)
core   0: 3 0x000000008000ff0c (0xfc442703) x14 0x0000000000000000 mem 0x0000000080031f34
core   0: 0x000000008000ff10 (0x0ff77713) andi    a4, a4, 255
core   0: 3 0x000000008000ff10 (0x0ff77713) x14 0x0000000000000000
core   0: 0x000000008000ff14 (0x00e78023) sb      a4, 0(a5)
core   0: 3 0x000000008000ff14 (0x00e78023) mem 0x00000000800120a2 0x00
core   0: 0x000000008000ff18 (0xfc843703) ld      a4, -56(s0)
core   0: 3 0x000000008000ff18 (0xfc843703) x14 0x0000000080012040 mem 0x0000000080031f38
core   0: 0x000000008000ff1c (0xfb843783) ld      a5, -72(s0)
core   0: 3 0x000000008000ff1c (0xfb843783) x15 0x000000000000009c mem 0x0000000080031f28
core   0: 0x000000008000ff20 (0x000097ba) c.add   a5, a4
core   0: 3 0x000000008000ff20 (0x97ba) x15 0x00000000800120dc
core   0: 0x000000008000ff22 (0xfe043703) ld      a4, -32(s0)
core   0: 3 0x000000008000ff22 (0xfe043703) x14 0x00000000800120a3 mem 0x0000000080031f50
core   0: 0x000000008000ff26 (0xfcf76de3) bltu    a4, a5, pc - 38
core   0: 3 0x000000008000ff26 (0xfcf76de3)
core   0: 0x000000008000ff00 (0xfe043783) ld      a5, -32(s0)
core   0: 3 0x000000008000ff00 (0xfe043783) x15 0x00000000800120a3 mem 0x0000000080031f50
core   0: 0x000000008000ff04 (0x00178713) addi    a4, a5, 1
core   0: 3 0x000000008000ff04 (0x00178713) x14 0x00000000800120a4
core   0: 0x000000008000ff08 (0xfee43023) sd      a4, -32(s0)
core   0: 3 0x000000008000ff08 (0xfee43023) mem 0x0000000080031f50 0x00000000800120a4
core   0: 0x000000008000ff0c (0xfc442703) lw      a4, -60(s0)
core   0: 3 0x000000008000ff0c (0xfc442703) x14 0x0000000000000000 mem 0x0000000080031f34
core   0: 0x000000008000ff10 (0x0ff77713) andi    a4, a4, 255
core   0: 3 0x000000008000ff10 (0x0ff77713) x14 0x0000000000000000
core   0: 0x000000008000ff14 (0x00e78023) sb      a4, 0(a5)
core   0: 3 0x000000008000ff14 (0x00e78023) mem 0x00000000800120a3 0x00
core   0: 0x000000008000ff18 (0xfc843703) ld      a4, -56(s0)
core   0: 3 0x000000008000ff18 (0xfc843703) x14 0x0000000080012040 mem 0x0000000080031f38
core   0: 0x000000008000ff1c (0xfb843783) ld      a5, -72(s0)
core   0: 3 0x000000008000ff1c (0xfb843783) x15 0x000000000000009c mem 0x0000000080031f28
core   0: 0x000000008000ff20 (0x000097ba) c.add   a5, a4
core   0: 3 0x000000008000ff20 (0x97ba) x15 0x00000000800120dc
core   0: 0x000000008000ff22 (0xfe043703) ld      a4, -32(s0)
core   0: 3 0x000000008000ff22 (0xfe043703) x14 0x00000000800120a4 mem 0x0000000080031f50
core   0: 0x000000008000ff26 (0xfcf76de3) bltu    a4, a5, pc - 38
core   0: 3 0x000000008000ff26 (0xfcf76de3)
core   0: 0x000000008000ff00 (0xfe043783) ld      a5, -32(s0)
core   0: 3 0x000000008000ff00 (0xfe043783) x15 0x00000000800120a4 mem 0x0000000080031f50
core   0: 0x000000008000ff04 (0x00178713) addi    a4, a5, 1
core   0: 3 0x000000008000ff04 (0x00178713) x14 0x00000000800120a5
core   0: 0x000000008000ff08 (0xfee43023) sd      a4, -32(s0)
core   0: 3 0x000000008000ff08 (0xfee43023) mem 0x0000000080031f50 0x00000000800120a5
core   0: 0x000000008000ff0c (0xfc442703) lw      a4, -60(s0)
core   0: 3 0x000000008000ff0c (0xfc442703) x14 0x0000000000000000 mem 0x0000000080031f34
core   0: 0x000000008000ff10 (0x0ff77713) andi    a4, a4, 255
core   0: 3 0x000000008000ff10 (0x0ff77713) x14 0x0000000000000000
core   0: 0x000000008000ff14 (0x00e78023) sb      a4, 0(a5)
core   0: 3 0x000000008000ff14 (0x00e78023) mem 0x00000000800120a4 0x00
core   0: 0x000000008000ff18 (0xfc843703) ld      a4, -56(s0)
core   0: 3 0x000000008000ff18 (0xfc843703) x14 0x0000000080012040 mem 0x0000000080031f38
core   0: 0x000000008000ff1c (0xfb843783) ld      a5, -72(s0)
core   0: 3 0x000000008000ff1c (0xfb843783) x15 0x000000000000009c mem 0x0000000080031f28
core   0: 0x000000008000ff20 (0x000097ba) c.add   a5, a4
core   0: 3 0x000000008000ff20 (0x97ba) x15 0x00000000800120dc
core   0: 0x000000008000ff22 (0xfe043703) ld      a4, -32(s0)
core   0: 3 0x000000008000ff22 (0xfe043703) x14 0x00000000800120a5 mem 0x0000000080031f50
core   0: 0x000000008000ff26 (0xfcf76de3) bltu    a4, a5, pc - 38
core   0: 3 0x000000008000ff26 (0xfcf76de3)
core   0: 0x000000008000ff00 (0xfe043783) ld      a5, -32(s0)
core   0: 3 0x000000008000ff00 (0xfe043783) x15 0x00000000800120a5 mem 0x0000000080031f50
core   0: 0x000000008000ff04 (0x00178713) addi    a4, a5, 1
core   0: 3 0x000000008000ff04 (0x00178713) x14 0x00000000800120a6
core   0: 0x000000008000ff08 (0xfee43023) sd      a4, -32(s0)
core   0: 3 0x000000008000ff08 (0xfee43023) mem 0x0000000080031f50 0x00000000800120a6
core   0: 0x000000008000ff0c (0xfc442703) lw      a4, -60(s0)
core   0: 3 0x000000008000ff0c (0xfc442703) x14 0x0000000000000000 mem 0x0000000080031f34
core   0: 0x000000008000ff10 (0x0ff77713) andi    a4, a4, 255
core   0: 3 0x000000008000ff10 (0x0ff77713) x14 0x0000000000000000
core   0: 0x000000008000ff14 (0x00e78023) sb      a4, 0(a5)
core   0: 3 0x000000008000ff14 (0x00e78023) mem 0x00000000800120a5 0x00
core   0: 0x000000008000ff18 (0xfc843703) ld      a4, -56(s0)
core   0: 3 0x000000008000ff18 (0xfc843703) x14 0x0000000080012040 mem 0x0000000080031f38
core   0: 0x000000008000ff1c (0xfb843783) ld      a5, -72(s0)
core   0: 3 0x000000008000ff1c (0xfb843783) x15 0x000000000000009c mem 0x0000000080031f28
core   0: 0x000000008000ff20 (0x000097ba) c.add   a5, a4
core   0: 3 0x000000008000ff20 (0x97ba) x15 0x00000000800120dc
core   0: 0x000000008000ff22 (0xfe043703) ld      a4, -32(s0)
core   0: 3 0x000000008000ff22 (0xfe043703) x14 0x00000000800120a6 mem 0x0000000080031f50
core   0: 0x000000008000ff26 (0xfcf76de3) bltu    a4, a5, pc - 38
core   0: 3 0x000000008000ff26 (0xfcf76de3)
core   0: 0x000000008000ff00 (0xfe043783) ld      a5, -32(s0)
core   0: 3 0x000000008000ff00 (0xfe043783) x15 0x00000000800120a6 mem 0x0000000080031f50
core   0: 0x000000008000ff04 (0x00178713) addi    a4, a5, 1
core   0: 3 0x000000008000ff04 (0x00178713) x14 0x00000000800120a7
core   0: 0x000000008000ff08 (0xfee43023) sd      a4, -32(s0)
core   0: 3 0x000000008000ff08 (0xfee43023) mem 0x0000000080031f50 0x00000000800120a7
core   0: 0x000000008000ff0c (0xfc442703) lw      a4, -60(s0)
core   0: 3 0x000000008000ff0c (0xfc442703) x14 0x0000000000000000 mem 0x0000000080031f34
core   0: 0x000000008000ff10 (0x0ff77713) andi    a4, a4, 255
core   0: 3 0x000000008000ff10 (0x0ff77713) x14 0x0000000000000000
core   0: 0x000000008000ff14 (0x00e78023) sb      a4, 0(a5)
core   0: 3 0x000000008000ff14 (0x00e78023) mem 0x00000000800120a6 0x00
core   0: 0x000000008000ff18 (0xfc843703) ld      a4, -56(s0)
core   0: 3 0x000000008000ff18 (0xfc843703) x14 0x0000000080012040 mem 0x0000000080031f38
core   0: 0x000000008000ff1c (0xfb843783) ld      a5, -72(s0)
core   0: 3 0x000000008000ff1c (0xfb843783) x15 0x000000000000009c mem 0x0000000080031f28
core   0: 0x000000008000ff20 (0x000097ba) c.add   a5, a4
core   0: 3 0x000000008000ff20 (0x97ba) x15 0x00000000800120dc
core   0: 0x000000008000ff22 (0xfe043703) ld      a4, -32(s0)
core   0: 3 0x000000008000ff22 (0xfe043703) x14 0x00000000800120a7 mem 0x0000000080031f50
core   0: 0x000000008000ff26 (0xfcf76de3) bltu    a4, a5, pc - 38
core   0: 3 0x000000008000ff26 (0xfcf76de3)
core   0: 0x000000008000ff00 (0xfe043783) ld      a5, -32(s0)
core   0: 3 0x000000008000ff00 (0xfe043783) x15 0x00000000800120a7 mem 0x0000000080031f50
core   0: 0x000000008000ff04 (0x00178713) addi    a4, a5, 1
core   0: 3 0x000000008000ff04 (0x00178713) x14 0x00000000800120a8
core   0: 0x000000008000ff08 (0xfee43023) sd      a4, -32(s0)
core   0: 3 0x000000008000ff08 (0xfee43023) mem 0x0000000080031f50 0x00000000800120a8
core   0: 0x000000008000ff0c (0xfc442703) lw      a4, -60(s0)
core   0: 3 0x000000008000ff0c (0xfc442703) x14 0x0000000000000000 mem 0x0000000080031f34
core   0: 0x000000008000ff10 (0x0ff77713) andi    a4, a4, 255
core   0: 3 0x000000008000ff10 (0x0ff77713) x14 0x0000000000000000
core   0: 0x000000008000ff14 (0x00e78023) sb      a4, 0(a5)
core   0: 3 0x000000008000ff14 (0x00e78023) mem 0x00000000800120a7 0x00
core   0: 0x000000008000ff18 (0xfc843703) ld      a4, -56(s0)
core   0: 3 0x000000008000ff18 (0xfc843703) x14 0x0000000080012040 mem 0x0000000080031f38
core   0: 0x000000008000ff1c (0xfb843783) ld      a5, -72(s0)
core   0: 3 0x000000008000ff1c (0xfb843783) x15 0x000000000000009c mem 0x0000000080031f28
core   0: 0x000000008000ff20 (0x000097ba) c.add   a5, a4
core   0: 3 0x000000008000ff20 (0x97ba) x15 0x00000000800120dc
core   0: 0x000000008000ff22 (0xfe043703) ld      a4, -32(s0)
core   0: 3 0x000000008000ff22 (0xfe043703) x14 0x00000000800120a8 mem 0x0000000080031f50
core   0: 0x000000008000ff26 (0xfcf76de3) bltu    a4, a5, pc - 38
core   0: 3 0x000000008000ff26 (0xfcf76de3)
core   0: 0x000000008000ff00 (0xfe043783) ld      a5, -32(s0)
core   0: 3 0x000000008000ff00 (0xfe043783) x15 0x00000000800120a8 mem 0x0000000080031f50
core   0: 0x000000008000ff04 (0x00178713) addi    a4, a5, 1
core   0: 3 0x000000008000ff04 (0x00178713) x14 0x00000000800120a9
core   0: 0x000000008000ff08 (0xfee43023) sd      a4, -32(s0)
core   0: 3 0x000000008000ff08 (0xfee43023) mem 0x0000000080031f50 0x00000000800120a9
core   0: 0x000000008000ff0c (0xfc442703) lw      a4, -60(s0)
core   0: 3 0x000000008000ff0c (0xfc442703) x14 0x0000000000000000 mem 0x0000000080031f34
core   0: 0x000000008000ff10 (0x0ff77713) andi    a4, a4, 255
core   0: 3 0x000000008000ff10 (0x0ff77713) x14 0x0000000000000000
core   0: 0x000000008000ff14 (0x00e78023) sb      a4, 0(a5)
core   0: 3 0x000000008000ff14 (0x00e78023) mem 0x00000000800120a8 0x00
core   0: 0x000000008000ff18 (0xfc843703) ld      a4, -56(s0)
core   0: 3 0x000000008000ff18 (0xfc843703) x14 0x0000000080012040 mem 0x0000000080031f38
core   0: 0x000000008000ff1c (0xfb843783) ld      a5, -72(s0)
core   0: 3 0x000000008000ff1c (0xfb843783) x15 0x000000000000009c mem 0x0000000080031f28
core   0: 0x000000008000ff20 (0x000097ba) c.add   a5, a4
core   0: 3 0x000000008000ff20 (0x97ba) x15 0x00000000800120dc
core   0: 0x000000008000ff22 (0xfe043703) ld      a4, -32(s0)
core   0: 3 0x000000008000ff22 (0xfe043703) x14 0x00000000800120a9 mem 0x0000000080031f50
core   0: 0x000000008000ff26 (0xfcf76de3) bltu    a4, a5, pc - 38
core   0: 3 0x000000008000ff26 (0xfcf76de3)
core   0: 0x000000008000ff00 (0xfe043783) ld      a5, -32(s0)
core   0: 3 0x000000008000ff00 (0xfe043783) x15 0x00000000800120a9 mem 0x0000000080031f50
core   0: 0x000000008000ff04 (0x00178713) addi    a4, a5, 1
core   0: 3 0x000000008000ff04 (0x00178713) x14 0x00000000800120aa
core   0: 0x000000008000ff08 (0xfee43023) sd      a4, -32(s0)
core   0: 3 0x000000008000ff08 (0xfee43023) mem 0x0000000080031f50 0x00000000800120aa
core   0: 0x000000008000ff0c (0xfc442703) lw      a4, -60(s0)
core   0: 3 0x000000008000ff0c (0xfc442703) x14 0x0000000000000000 mem 0x0000000080031f34
core   0: 0x000000008000ff10 (0x0ff77713) andi    a4, a4, 255
core   0: 3 0x000000008000ff10 (0x0ff77713) x14 0x0000000000000000
core   0: 0x000000008000ff14 (0x00e78023) sb      a4, 0(a5)
core   0: 3 0x000000008000ff14 (0x00e78023) mem 0x00000000800120a9 0x00
core   0: 0x000000008000ff18 (0xfc843703) ld      a4, -56(s0)
core   0: 3 0x000000008000ff18 (0xfc843703) x14 0x0000000080012040 mem 0x0000000080031f38
core   0: 0x000000008000ff1c (0xfb843783) ld      a5, -72(s0)
core   0: 3 0x000000008000ff1c (0xfb843783) x15 0x000000000000009c mem 0x0000000080031f28
core   0: 0x000000008000ff20 (0x000097ba) c.add   a5, a4
core   0: 3 0x000000008000ff20 (0x97ba) x15 0x00000000800120dc
core   0: 0x000000008000ff22 (0xfe043703) ld      a4, -32(s0)
core   0: 3 0x000000008000ff22 (0xfe043703) x14 0x00000000800120aa mem 0x0000000080031f50
core   0: 0x000000008000ff26 (0xfcf76de3) bltu    a4, a5, pc - 38
core   0: 3 0x000000008000ff26 (0xfcf76de3)
core   0: 0x000000008000ff00 (0xfe043783) ld      a5, -32(s0)
core   0: 3 0x000000008000ff00 (0xfe043783) x15 0x00000000800120aa mem 0x0000000080031f50
core   0: 0x000000008000ff04 (0x00178713) addi    a4, a5, 1
core   0: 3 0x000000008000ff04 (0x00178713) x14 0x00000000800120ab
core   0: 0x000000008000ff08 (0xfee43023) sd      a4, -32(s0)
core   0: 3 0x000000008000ff08 (0xfee43023) mem 0x0000000080031f50 0x00000000800120ab
core   0: 0x000000008000ff0c (0xfc442703) lw      a4, -60(s0)
core   0: 3 0x000000008000ff0c (0xfc442703) x14 0x0000000000000000 mem 0x0000000080031f34
core   0: 0x000000008000ff10 (0x0ff77713) andi    a4, a4, 255
core   0: 3 0x000000008000ff10 (0x0ff77713) x14 0x0000000000000000
core   0: 0x000000008000ff14 (0x00e78023) sb      a4, 0(a5)
core   0: 3 0x000000008000ff14 (0x00e78023) mem 0x00000000800120aa 0x00
core   0: 0x000000008000ff18 (0xfc843703) ld      a4, -56(s0)
core   0: 3 0x000000008000ff18 (0xfc843703) x14 0x0000000080012040 mem 0x0000000080031f38
core   0: 0x000000008000ff1c (0xfb843783) ld      a5, -72(s0)
core   0: 3 0x000000008000ff1c (0xfb843783) x15 0x000000000000009c mem 0x0000000080031f28
core   0: 0x000000008000ff20 (0x000097ba) c.add   a5, a4
core   0: 3 0x000000008000ff20 (0x97ba) x15 0x00000000800120dc
core   0: 0x000000008000ff22 (0xfe043703) ld      a4, -32(s0)
core   0: 3 0x000000008000ff22 (0xfe043703) x14 0x00000000800120ab mem 0x0000000080031f50
core   0: 0x000000008000ff26 (0xfcf76de3) bltu    a4, a5, pc - 38
core   0: 3 0x000000008000ff26 (0xfcf76de3)
core   0: 0x000000008000ff00 (0xfe043783) ld      a5, -32(s0)
core   0: 3 0x000000008000ff00 (0xfe043783) x15 0x00000000800120ab mem 0x0000000080031f50
core   0: 0x000000008000ff04 (0x00178713) addi    a4, a5, 1
core   0: 3 0x000000008000ff04 (0x00178713) x14 0x00000000800120ac
core   0: 0x000000008000ff08 (0xfee43023) sd      a4, -32(s0)
core   0: 3 0x000000008000ff08 (0xfee43023) mem 0x0000000080031f50 0x00000000800120ac
core   0: 0x000000008000ff0c (0xfc442703) lw      a4, -60(s0)
core   0: 3 0x000000008000ff0c (0xfc442703) x14 0x0000000000000000 mem 0x0000000080031f34
core   0: 0x000000008000ff10 (0x0ff77713) andi    a4, a4, 255
core   0: 3 0x000000008000ff10 (0x0ff77713) x14 0x0000000000000000
core   0: 0x000000008000ff14 (0x00e78023) sb      a4, 0(a5)
core   0: 3 0x000000008000ff14 (0x00e78023) mem 0x00000000800120ab 0x00
core   0: 0x000000008000ff18 (0xfc843703) ld      a4, -56(s0)
core   0: 3 0x000000008000ff18 (0xfc843703) x14 0x0000000080012040 mem 0x0000000080031f38
core   0: 0x000000008000ff1c (0xfb843783) ld      a5, -72(s0)
core   0: 3 0x000000008000ff1c (0xfb843783) x15 0x000000000000009c mem 0x0000000080031f28
core   0: 0x000000008000ff20 (0x000097ba) c.add   a5, a4
core   0: 3 0x000000008000ff20 (0x97ba) x15 0x00000000800120dc
core   0: 0x000000008000ff22 (0xfe043703) ld      a4, -32(s0)
core   0: 3 0x000000008000ff22 (0xfe043703) x14 0x00000000800120ac mem 0x0000000080031f50
core   0: 0x000000008000ff26 (0xfcf76de3) bltu    a4, a5, pc - 38
core   0: 3 0x000000008000ff26 (0xfcf76de3)
core   0: 0x000000008000ff00 (0xfe043783) ld      a5, -32(s0)
core   0: 3 0x000000008000ff00 (0xfe043783) x15 0x00000000800120ac mem 0x0000000080031f50
core   0: 0x000000008000ff04 (0x00178713) addi    a4, a5, 1
core   0: 3 0x000000008000ff04 (0x00178713) x14 0x00000000800120ad
core   0: 0x000000008000ff08 (0xfee43023) sd      a4, -32(s0)
core   0: 3 0x000000008000ff08 (0xfee43023) mem 0x0000000080031f50 0x00000000800120ad
core   0: 0x000000008000ff0c (0xfc442703) lw      a4, -60(s0)
core   0: 3 0x000000008000ff0c (0xfc442703) x14 0x0000000000000000 mem 0x0000000080031f34
core   0: 0x000000008000ff10 (0x0ff77713) andi    a4, a4, 255
core   0: 3 0x000000008000ff10 (0x0ff77713) x14 0x0000000000000000
core   0: 0x000000008000ff14 (0x00e78023) sb      a4, 0(a5)
core   0: 3 0x000000008000ff14 (0x00e78023) mem 0x00000000800120ac 0x00
core   0: 0x000000008000ff18 (0xfc843703) ld      a4, -56(s0)
core   0: 3 0x000000008000ff18 (0xfc843703) x14 0x0000000080012040 mem 0x0000000080031f38
core   0: 0x000000008000ff1c (0xfb843783) ld      a5, -72(s0)
core   0: 3 0x000000008000ff1c (0xfb843783) x15 0x000000000000009c mem 0x0000000080031f28
core   0: 0x000000008000ff20 (0x000097ba) c.add   a5, a4
core   0: 3 0x000000008000ff20 (0x97ba) x15 0x00000000800120dc
core   0: 0x000000008000ff22 (0xfe043703) ld      a4, -32(s0)
core   0: 3 0x000000008000ff22 (0xfe043703) x14 0x00000000800120ad mem 0x0000000080031f50
core   0: 0x000000008000ff26 (0xfcf76de3) bltu    a4, a5, pc - 38
core   0: 3 0x000000008000ff26 (0xfcf76de3)
core   0: 0x000000008000ff00 (0xfe043783) ld      a5, -32(s0)
core   0: 3 0x000000008000ff00 (0xfe043783) x15 0x00000000800120ad mem 0x0000000080031f50
core   0: 0x000000008000ff04 (0x00178713) addi    a4, a5, 1
core   0: 3 0x000000008000ff04 (0x00178713) x14 0x00000000800120ae
core   0: 0x000000008000ff08 (0xfee43023) sd      a4, -32(s0)
core   0: 3 0x000000008000ff08 (0xfee43023) mem 0x0000000080031f50 0x00000000800120ae
core   0: 0x000000008000ff0c (0xfc442703) lw      a4, -60(s0)
core   0: 3 0x000000008000ff0c (0xfc442703) x14 0x0000000000000000 mem 0x0000000080031f34
core   0: 0x000000008000ff10 (0x0ff77713) andi    a4, a4, 255
core   0: 3 0x000000008000ff10 (0x0ff77713) x14 0x0000000000000000
core   0: 0x000000008000ff14 (0x00e78023) sb      a4, 0(a5)
core   0: 3 0x000000008000ff14 (0x00e78023) mem 0x00000000800120ad 0x00
core   0: 0x000000008000ff18 (0xfc843703) ld      a4, -56(s0)
core   0: 3 0x000000008000ff18 (0xfc843703) x14 0x0000000080012040 mem 0x0000000080031f38
core   0: 0x000000008000ff1c (0xfb843783) ld      a5, -72(s0)
core   0: 3 0x000000008000ff1c (0xfb843783) x15 0x000000000000009c mem 0x0000000080031f28
core   0: 0x000000008000ff20 (0x000097ba) c.add   a5, a4
core   0: 3 0x000000008000ff20 (0x97ba) x15 0x00000000800120dc
core   0: 0x000000008000ff22 (0xfe043703) ld      a4, -32(s0)
core   0: 3 0x000000008000ff22 (0xfe043703) x14 0x00000000800120ae mem 0x0000000080031f50
core   0: 0x000000008000ff26 (0xfcf76de3) bltu    a4, a5, pc - 38
core   0: 3 0x000000008000ff26 (0xfcf76de3)
core   0: 0x000000008000ff00 (0xfe043783) ld      a5, -32(s0)
core   0: 3 0x000000008000ff00 (0xfe043783) x15 0x00000000800120ae mem 0x0000000080031f50
core   0: 0x000000008000ff04 (0x00178713) addi    a4, a5, 1
core   0: 3 0x000000008000ff04 (0x00178713) x14 0x00000000800120af
core   0: 0x000000008000ff08 (0xfee43023) sd      a4, -32(s0)
core   0: 3 0x000000008000ff08 (0xfee43023) mem 0x0000000080031f50 0x00000000800120af
core   0: 0x000000008000ff0c (0xfc442703) lw      a4, -60(s0)
core   0: 3 0x000000008000ff0c (0xfc442703) x14 0x0000000000000000 mem 0x0000000080031f34
core   0: 0x000000008000ff10 (0x0ff77713) andi    a4, a4, 255
core   0: 3 0x000000008000ff10 (0x0ff77713) x14 0x0000000000000000
core   0: 0x000000008000ff14 (0x00e78023) sb      a4, 0(a5)
core   0: 3 0x000000008000ff14 (0x00e78023) mem 0x00000000800120ae 0x00
core   0: 0x000000008000ff18 (0xfc843703) ld      a4, -56(s0)
core   0: 3 0x000000008000ff18 (0xfc843703) x14 0x0000000080012040 mem 0x0000000080031f38
core   0: 0x000000008000ff1c (0xfb843783) ld      a5, -72(s0)
core   0: 3 0x000000008000ff1c (0xfb843783) x15 0x000000000000009c mem 0x0000000080031f28
core   0: 0x000000008000ff20 (0x000097ba) c.add   a5, a4
core   0: 3 0x000000008000ff20 (0x97ba) x15 0x00000000800120dc
core   0: 0x000000008000ff22 (0xfe043703) ld      a4, -32(s0)
core   0: 3 0x000000008000ff22 (0xfe043703) x14 0x00000000800120af mem 0x0000000080031f50
core   0: 0x000000008000ff26 (0xfcf76de3) bltu    a4, a5, pc - 38
core   0: 3 0x000000008000ff26 (0xfcf76de3)
core   0: 0x000000008000ff00 (0xfe043783) ld      a5, -32(s0)
core   0: 3 0x000000008000ff00 (0xfe043783) x15 0x00000000800120af mem 0x0000000080031f50
core   0: 0x000000008000ff04 (0x00178713) addi    a4, a5, 1
core   0: 3 0x000000008000ff04 (0x00178713) x14 0x00000000800120b0
core   0: 0x000000008000ff08 (0xfee43023) sd      a4, -32(s0)
core   0: 3 0x000000008000ff08 (0xfee43023) mem 0x0000000080031f50 0x00000000800120b0
core   0: 0x000000008000ff0c (0xfc442703) lw      a4, -60(s0)
core   0: 3 0x000000008000ff0c (0xfc442703) x14 0x0000000000000000 mem 0x0000000080031f34
core   0: 0x000000008000ff10 (0x0ff77713) andi    a4, a4, 255
core   0: 3 0x000000008000ff10 (0x0ff77713) x14 0x0000000000000000
core   0: 0x000000008000ff14 (0x00e78023) sb      a4, 0(a5)
core   0: 3 0x000000008000ff14 (0x00e78023) mem 0x00000000800120af 0x00
core   0: 0x000000008000ff18 (0xfc843703) ld      a4, -56(s0)
core   0: 3 0x000000008000ff18 (0xfc843703) x14 0x0000000080012040 mem 0x0000000080031f38
core   0: 0x000000008000ff1c (0xfb843783) ld      a5, -72(s0)
core   0: 3 0x000000008000ff1c (0xfb843783) x15 0x000000000000009c mem 0x0000000080031f28
core   0: 0x000000008000ff20 (0x000097ba) c.add   a5, a4
core   0: 3 0x000000008000ff20 (0x97ba) x15 0x00000000800120dc
core   0: 0x000000008000ff22 (0xfe043703) ld      a4, -32(s0)
core   0: 3 0x000000008000ff22 (0xfe043703) x14 0x00000000800120b0 mem 0x0000000080031f50
core   0: 0x000000008000ff26 (0xfcf76de3) bltu    a4, a5, pc - 38
core   0: 3 0x000000008000ff26 (0xfcf76de3)
core   0: 0x000000008000ff00 (0xfe043783) ld      a5, -32(s0)
core   0: 3 0x000000008000ff00 (0xfe043783) x15 0x00000000800120b0 mem 0x0000000080031f50
core   0: 0x000000008000ff04 (0x00178713) addi    a4, a5, 1
core   0: 3 0x000000008000ff04 (0x00178713) x14 0x00000000800120b1
core   0: 0x000000008000ff08 (0xfee43023) sd      a4, -32(s0)
core   0: 3 0x000000008000ff08 (0xfee43023) mem 0x0000000080031f50 0x00000000800120b1
core   0: 0x000000008000ff0c (0xfc442703) lw      a4, -60(s0)
core   0: 3 0x000000008000ff0c (0xfc442703) x14 0x0000000000000000 mem 0x0000000080031f34
core   0: 0x000000008000ff10 (0x0ff77713) andi    a4, a4, 255
core   0: 3 0x000000008000ff10 (0x0ff77713) x14 0x0000000000000000
core   0: 0x000000008000ff14 (0x00e78023) sb      a4, 0(a5)
core   0: 3 0x000000008000ff14 (0x00e78023) mem 0x00000000800120b0 0x00
core   0: 0x000000008000ff18 (0xfc843703) ld      a4, -56(s0)
core   0: 3 0x000000008000ff18 (0xfc843703) x14 0x0000000080012040 mem 0x0000000080031f38
core   0: 0x000000008000ff1c (0xfb843783) ld      a5, -72(s0)
core   0: 3 0x000000008000ff1c (0xfb843783) x15 0x000000000000009c mem 0x0000000080031f28
core   0: 0x000000008000ff20 (0x000097ba) c.add   a5, a4
core   0: 3 0x000000008000ff20 (0x97ba) x15 0x00000000800120dc
core   0: 0x000000008000ff22 (0xfe043703) ld      a4, -32(s0)
core   0: 3 0x000000008000ff22 (0xfe043703) x14 0x00000000800120b1 mem 0x0000000080031f50
core   0: 0x000000008000ff26 (0xfcf76de3) bltu    a4, a5, pc - 38
core   0: 3 0x000000008000ff26 (0xfcf76de3)
core   0: 0x000000008000ff00 (0xfe043783) ld      a5, -32(s0)
core   0: 3 0x000000008000ff00 (0xfe043783) x15 0x00000000800120b1 mem 0x0000000080031f50
core   0: 0x000000008000ff04 (0x00178713) addi    a4, a5, 1
core   0: 3 0x000000008000ff04 (0x00178713) x14 0x00000000800120b2
core   0: 0x000000008000ff08 (0xfee43023) sd      a4, -32(s0)
core   0: 3 0x000000008000ff08 (0xfee43023) mem 0x0000000080031f50 0x00000000800120b2
core   0: 0x000000008000ff0c (0xfc442703) lw      a4, -60(s0)
core   0: 3 0x000000008000ff0c (0xfc442703) x14 0x0000000000000000 mem 0x0000000080031f34
core   0: 0x000000008000ff10 (0x0ff77713) andi    a4, a4, 255
core   0: 3 0x000000008000ff10 (0x0ff77713) x14 0x0000000000000000
core   0: 0x000000008000ff14 (0x00e78023) sb      a4, 0(a5)
core   0: 3 0x000000008000ff14 (0x00e78023) mem 0x00000000800120b1 0x00
core   0: 0x000000008000ff18 (0xfc843703) ld      a4, -56(s0)
core   0: 3 0x000000008000ff18 (0xfc843703) x14 0x0000000080012040 mem 0x0000000080031f38
core   0: 0x000000008000ff1c (0xfb843783) ld      a5, -72(s0)
core   0: 3 0x000000008000ff1c (0xfb843783) x15 0x000000000000009c mem 0x0000000080031f28
core   0: 0x000000008000ff20 (0x000097ba) c.add   a5, a4
core   0: 3 0x000000008000ff20 (0x97ba) x15 0x00000000800120dc
core   0: 0x000000008000ff22 (0xfe043703) ld      a4, -32(s0)
core   0: 3 0x000000008000ff22 (0xfe043703) x14 0x00000000800120b2 mem 0x0000000080031f50
core   0: 0x000000008000ff26 (0xfcf76de3) bltu    a4, a5, pc - 38
core   0: 3 0x000000008000ff26 (0xfcf76de3)
core   0: 0x000000008000ff00 (0xfe043783) ld      a5, -32(s0)
core   0: 3 0x000000008000ff00 (0xfe043783) x15 0x00000000800120b2 mem 0x0000000080031f50
core   0: 0x000000008000ff04 (0x00178713) addi    a4, a5, 1
core   0: 3 0x000000008000ff04 (0x00178713) x14 0x00000000800120b3
core   0: 0x000000008000ff08 (0xfee43023) sd      a4, -32(s0)
core   0: 3 0x000000008000ff08 (0xfee43023) mem 0x0000000080031f50 0x00000000800120b3
core   0: 0x000000008000ff0c (0xfc442703) lw      a4, -60(s0)
core   0: 3 0x000000008000ff0c (0xfc442703) x14 0x0000000000000000 mem 0x0000000080031f34
core   0: 0x000000008000ff10 (0x0ff77713) andi    a4, a4, 255
core   0: 3 0x000000008000ff10 (0x0ff77713) x14 0x0000000000000000
core   0: 0x000000008000ff14 (0x00e78023) sb      a4, 0(a5)
core   0: 3 0x000000008000ff14 (0x00e78023) mem 0x00000000800120b2 0x00
core   0: 0x000000008000ff18 (0xfc843703) ld      a4, -56(s0)
core   0: 3 0x000000008000ff18 (0xfc843703) x14 0x0000000080012040 mem 0x0000000080031f38
core   0: 0x000000008000ff1c (0xfb843783) ld      a5, -72(s0)
core   0: 3 0x000000008000ff1c (0xfb843783) x15 0x000000000000009c mem 0x0000000080031f28
core   0: 0x000000008000ff20 (0x000097ba) c.add   a5, a4
core   0: 3 0x000000008000ff20 (0x97ba) x15 0x00000000800120dc
core   0: 0x000000008000ff22 (0xfe043703) ld      a4, -32(s0)
core   0: 3 0x000000008000ff22 (0xfe043703) x14 0x00000000800120b3 mem 0x0000000080031f50
core   0: 0x000000008000ff26 (0xfcf76de3) bltu    a4, a5, pc - 38
core   0: 3 0x000000008000ff26 (0xfcf76de3)
core   0: 0x000000008000ff00 (0xfe043783) ld      a5, -32(s0)
core   0: 3 0x000000008000ff00 (0xfe043783) x15 0x00000000800120b3 mem 0x0000000080031f50
core   0: 0x000000008000ff04 (0x00178713) addi    a4, a5, 1
core   0: 3 0x000000008000ff04 (0x00178713) x14 0x00000000800120b4
core   0: 0x000000008000ff08 (0xfee43023) sd      a4, -32(s0)
core   0: 3 0x000000008000ff08 (0xfee43023) mem 0x0000000080031f50 0x00000000800120b4
core   0: 0x000000008000ff0c (0xfc442703) lw      a4, -60(s0)
core   0: 3 0x000000008000ff0c (0xfc442703) x14 0x0000000000000000 mem 0x0000000080031f34
core   0: 0x000000008000ff10 (0x0ff77713) andi    a4, a4, 255
core   0: 3 0x000000008000ff10 (0x0ff77713) x14 0x0000000000000000
core   0: 0x000000008000ff14 (0x00e78023) sb      a4, 0(a5)
core   0: 3 0x000000008000ff14 (0x00e78023) mem 0x00000000800120b3 0x00
core   0: 0x000000008000ff18 (0xfc843703) ld      a4, -56(s0)
core   0: 3 0x000000008000ff18 (0xfc843703) x14 0x0000000080012040 mem 0x0000000080031f38
core   0: 0x000000008000ff1c (0xfb843783) ld      a5, -72(s0)
core   0: 3 0x000000008000ff1c (0xfb843783) x15 0x000000000000009c mem 0x0000000080031f28
core   0: 0x000000008000ff20 (0x000097ba) c.add   a5, a4
core   0: 3 0x000000008000ff20 (0x97ba) x15 0x00000000800120dc
core   0: 0x000000008000ff22 (0xfe043703) ld      a4, -32(s0)
core   0: 3 0x000000008000ff22 (0xfe043703) x14 0x00000000800120b4 mem 0x0000000080031f50
core   0: 0x000000008000ff26 (0xfcf76de3) bltu    a4, a5, pc - 38
core   0: 3 0x000000008000ff26 (0xfcf76de3)
core   0: 0x000000008000ff00 (0xfe043783) ld      a5, -32(s0)
core   0: 3 0x000000008000ff00 (0xfe043783) x15 0x00000000800120b4 mem 0x0000000080031f50
core   0: 0x000000008000ff04 (0x00178713) addi    a4, a5, 1
core   0: 3 0x000000008000ff04 (0x00178713) x14 0x00000000800120b5
core   0: 0x000000008000ff08 (0xfee43023) sd      a4, -32(s0)
core   0: 3 0x000000008000ff08 (0xfee43023) mem 0x0000000080031f50 0x00000000800120b5
core   0: 0x000000008000ff0c (0xfc442703) lw      a4, -60(s0)
core   0: 3 0x000000008000ff0c (0xfc442703) x14 0x0000000000000000 mem 0x0000000080031f34
core   0: 0x000000008000ff10 (0x0ff77713) andi    a4, a4, 255
core   0: 3 0x000000008000ff10 (0x0ff77713) x14 0x0000000000000000
core   0: 0x000000008000ff14 (0x00e78023) sb      a4, 0(a5)
core   0: 3 0x000000008000ff14 (0x00e78023) mem 0x00000000800120b4 0x00
core   0: 0x000000008000ff18 (0xfc843703) ld      a4, -56(s0)
core   0: 3 0x000000008000ff18 (0xfc843703) x14 0x0000000080012040 mem 0x0000000080031f38
core   0: 0x000000008000ff1c (0xfb843783) ld      a5, -72(s0)
core   0: 3 0x000000008000ff1c (0xfb843783) x15 0x000000000000009c mem 0x0000000080031f28
core   0: 0x000000008000ff20 (0x000097ba) c.add   a5, a4
core   0: 3 0x000000008000ff20 (0x97ba) x15 0x00000000800120dc
core   0: 0x000000008000ff22 (0xfe043703) ld      a4, -32(s0)
core   0: 3 0x000000008000ff22 (0xfe043703) x14 0x00000000800120b5 mem 0x0000000080031f50
core   0: 0x000000008000ff26 (0xfcf76de3) bltu    a4, a5, pc - 38
core   0: 3 0x000000008000ff26 (0xfcf76de3)
core   0: 0x000000008000ff00 (0xfe043783) ld      a5, -32(s0)
core   0: 3 0x000000008000ff00 (0xfe043783) x15 0x00000000800120b5 mem 0x0000000080031f50
core   0: 0x000000008000ff04 (0x00178713) addi    a4, a5, 1
core   0: 3 0x000000008000ff04 (0x00178713) x14 0x00000000800120b6
core   0: 0x000000008000ff08 (0xfee43023) sd      a4, -32(s0)
core   0: 3 0x000000008000ff08 (0xfee43023) mem 0x0000000080031f50 0x00000000800120b6
core   0: 0x000000008000ff0c (0xfc442703) lw      a4, -60(s0)
core   0: 3 0x000000008000ff0c (0xfc442703) x14 0x0000000000000000 mem 0x0000000080031f34
core   0: 0x000000008000ff10 (0x0ff77713) andi    a4, a4, 255
core   0: 3 0x000000008000ff10 (0x0ff77713) x14 0x0000000000000000
core   0: 0x000000008000ff14 (0x00e78023) sb      a4, 0(a5)
core   0: 3 0x000000008000ff14 (0x00e78023) mem 0x00000000800120b5 0x00
core   0: 0x000000008000ff18 (0xfc843703) ld      a4, -56(s0)
core   0: 3 0x000000008000ff18 (0xfc843703) x14 0x0000000080012040 mem 0x0000000080031f38
core   0: 0x000000008000ff1c (0xfb843783) ld      a5, -72(s0)
core   0: 3 0x000000008000ff1c (0xfb843783) x15 0x000000000000009c mem 0x0000000080031f28
core   0: 0x000000008000ff20 (0x000097ba) c.add   a5, a4
core   0: 3 0x000000008000ff20 (0x97ba) x15 0x00000000800120dc
core   0: 0x000000008000ff22 (0xfe043703) ld      a4, -32(s0)
core   0: 3 0x000000008000ff22 (0xfe043703) x14 0x00000000800120b6 mem 0x0000000080031f50
core   0: 0x000000008000ff26 (0xfcf76de3) bltu    a4, a5, pc - 38
core   0: 3 0x000000008000ff26 (0xfcf76de3)
core   0: 0x000000008000ff00 (0xfe043783) ld      a5, -32(s0)
core   0: 3 0x000000008000ff00 (0xfe043783) x15 0x00000000800120b6 mem 0x0000000080031f50
core   0: 0x000000008000ff04 (0x00178713) addi    a4, a5, 1
core   0: 3 0x000000008000ff04 (0x00178713) x14 0x00000000800120b7
core   0: 0x000000008000ff08 (0xfee43023) sd      a4, -32(s0)
core   0: 3 0x000000008000ff08 (0xfee43023) mem 0x0000000080031f50 0x00000000800120b7
core   0: 0x000000008000ff0c (0xfc442703) lw      a4, -60(s0)
core   0: 3 0x000000008000ff0c (0xfc442703) x14 0x0000000000000000 mem 0x0000000080031f34
core   0: 0x000000008000ff10 (0x0ff77713) andi    a4, a4, 255
core   0: 3 0x000000008000ff10 (0x0ff77713) x14 0x0000000000000000
core   0: 0x000000008000ff14 (0x00e78023) sb      a4, 0(a5)
core   0: 3 0x000000008000ff14 (0x00e78023) mem 0x00000000800120b6 0x00
core   0: 0x000000008000ff18 (0xfc843703) ld      a4, -56(s0)
core   0: 3 0x000000008000ff18 (0xfc843703) x14 0x0000000080012040 mem 0x0000000080031f38
core   0: 0x000000008000ff1c (0xfb843783) ld      a5, -72(s0)
core   0: 3 0x000000008000ff1c (0xfb843783) x15 0x000000000000009c mem 0x0000000080031f28
core   0: 0x000000008000ff20 (0x000097ba) c.add   a5, a4
core   0: 3 0x000000008000ff20 (0x97ba) x15 0x00000000800120dc
core   0: 0x000000008000ff22 (0xfe043703) ld      a4, -32(s0)
core   0: 3 0x000000008000ff22 (0xfe043703) x14 0x00000000800120b7 mem 0x0000000080031f50
core   0: 0x000000008000ff26 (0xfcf76de3) bltu    a4, a5, pc - 38
core   0: 3 0x000000008000ff26 (0xfcf76de3)
core   0: 0x000000008000ff00 (0xfe043783) ld      a5, -32(s0)
core   0: 3 0x000000008000ff00 (0xfe043783) x15 0x00000000800120b7 mem 0x0000000080031f50
core   0: 0x000000008000ff04 (0x00178713) addi    a4, a5, 1
core   0: 3 0x000000008000ff04 (0x00178713) x14 0x00000000800120b8
core   0: 0x000000008000ff08 (0xfee43023) sd      a4, -32(s0)
core   0: 3 0x000000008000ff08 (0xfee43023) mem 0x0000000080031f50 0x00000000800120b8
core   0: 0x000000008000ff0c (0xfc442703) lw      a4, -60(s0)
core   0: 3 0x000000008000ff0c (0xfc442703) x14 0x0000000000000000 mem 0x0000000080031f34
core   0: 0x000000008000ff10 (0x0ff77713) andi    a4, a4, 255
core   0: 3 0x000000008000ff10 (0x0ff77713) x14 0x0000000000000000
core   0: 0x000000008000ff14 (0x00e78023) sb      a4, 0(a5)
core   0: 3 0x000000008000ff14 (0x00e78023) mem 0x00000000800120b7 0x00
core   0: 0x000000008000ff18 (0xfc843703) ld      a4, -56(s0)
core   0: 3 0x000000008000ff18 (0xfc843703) x14 0x0000000080012040 mem 0x0000000080031f38
core   0: 0x000000008000ff1c (0xfb843783) ld      a5, -72(s0)
core   0: 3 0x000000008000ff1c (0xfb843783) x15 0x000000000000009c mem 0x0000000080031f28
core   0: 0x000000008000ff20 (0x000097ba) c.add   a5, a4
core   0: 3 0x000000008000ff20 (0x97ba) x15 0x00000000800120dc
core   0: 0x000000008000ff22 (0xfe043703) ld      a4, -32(s0)
core   0: 3 0x000000008000ff22 (0xfe043703) x14 0x00000000800120b8 mem 0x0000000080031f50
core   0: 0x000000008000ff26 (0xfcf76de3) bltu    a4, a5, pc - 38
core   0: 3 0x000000008000ff26 (0xfcf76de3)
core   0: 0x000000008000ff00 (0xfe043783) ld      a5, -32(s0)
core   0: 3 0x000000008000ff00 (0xfe043783) x15 0x00000000800120b8 mem 0x0000000080031f50
core   0: 0x000000008000ff04 (0x00178713) addi    a4, a5, 1
core   0: 3 0x000000008000ff04 (0x00178713) x14 0x00000000800120b9
core   0: 0x000000008000ff08 (0xfee43023) sd      a4, -32(s0)
core   0: 3 0x000000008000ff08 (0xfee43023) mem 0x0000000080031f50 0x00000000800120b9
core   0: 0x000000008000ff0c (0xfc442703) lw      a4, -60(s0)
core   0: 3 0x000000008000ff0c (0xfc442703) x14 0x0000000000000000 mem 0x0000000080031f34
core   0: 0x000000008000ff10 (0x0ff77713) andi    a4, a4, 255
core   0: 3 0x000000008000ff10 (0x0ff77713) x14 0x0000000000000000
core   0: 0x000000008000ff14 (0x00e78023) sb      a4, 0(a5)
core   0: 3 0x000000008000ff14 (0x00e78023) mem 0x00000000800120b8 0x00
core   0: 0x000000008000ff18 (0xfc843703) ld      a4, -56(s0)
core   0: 3 0x000000008000ff18 (0xfc843703) x14 0x0000000080012040 mem 0x0000000080031f38
core   0: 0x000000008000ff1c (0xfb843783) ld      a5, -72(s0)
core   0: 3 0x000000008000ff1c (0xfb843783) x15 0x000000000000009c mem 0x0000000080031f28
core   0: 0x000000008000ff20 (0x000097ba) c.add   a5, a4
core   0: 3 0x000000008000ff20 (0x97ba) x15 0x00000000800120dc
core   0: 0x000000008000ff22 (0xfe043703) ld      a4, -32(s0)
core   0: 3 0x000000008000ff22 (0xfe043703) x14 0x00000000800120b9 mem 0x0000000080031f50
core   0: 0x000000008000ff26 (0xfcf76de3) bltu    a4, a5, pc - 38
core   0: 3 0x000000008000ff26 (0xfcf76de3)
core   0: 0x000000008000ff00 (0xfe043783) ld      a5, -32(s0)
core   0: 3 0x000000008000ff00 (0xfe043783) x15 0x00000000800120b9 mem 0x0000000080031f50
core   0: 0x000000008000ff04 (0x00178713) addi    a4, a5, 1
core   0: 3 0x000000008000ff04 (0x00178713) x14 0x00000000800120ba
core   0: 0x000000008000ff08 (0xfee43023) sd      a4, -32(s0)
core   0: 3 0x000000008000ff08 (0xfee43023) mem 0x0000000080031f50 0x00000000800120ba
core   0: 0x000000008000ff0c (0xfc442703) lw      a4, -60(s0)
core   0: 3 0x000000008000ff0c (0xfc442703) x14 0x0000000000000000 mem 0x0000000080031f34
core   0: 0x000000008000ff10 (0x0ff77713) andi    a4, a4, 255
core   0: 3 0x000000008000ff10 (0x0ff77713) x14 0x0000000000000000
core   0: 0x000000008000ff14 (0x00e78023) sb      a4, 0(a5)
core   0: 3 0x000000008000ff14 (0x00e78023) mem 0x00000000800120b9 0x00
core   0: 0x000000008000ff18 (0xfc843703) ld      a4, -56(s0)
core   0: 3 0x000000008000ff18 (0xfc843703) x14 0x0000000080012040 mem 0x0000000080031f38
core   0: 0x000000008000ff1c (0xfb843783) ld      a5, -72(s0)
core   0: 3 0x000000008000ff1c (0xfb843783) x15 0x000000000000009c mem 0x0000000080031f28
core   0: 0x000000008000ff20 (0x000097ba) c.add   a5, a4
core   0: 3 0x000000008000ff20 (0x97ba) x15 0x00000000800120dc
core   0: 0x000000008000ff22 (0xfe043703) ld      a4, -32(s0)
core   0: 3 0x000000008000ff22 (0xfe043703) x14 0x00000000800120ba mem 0x0000000080031f50
core   0: 0x000000008000ff26 (0xfcf76de3) bltu    a4, a5, pc - 38
core   0: 3 0x000000008000ff26 (0xfcf76de3)
core   0: 0x000000008000ff00 (0xfe043783) ld      a5, -32(s0)
core   0: 3 0x000000008000ff00 (0xfe043783) x15 0x00000000800120ba mem 0x0000000080031f50
core   0: 0x000000008000ff04 (0x00178713) addi    a4, a5, 1
core   0: 3 0x000000008000ff04 (0x00178713) x14 0x00000000800120bb
core   0: 0x000000008000ff08 (0xfee43023) sd      a4, -32(s0)
core   0: 3 0x000000008000ff08 (0xfee43023) mem 0x0000000080031f50 0x00000000800120bb
core   0: 0x000000008000ff0c (0xfc442703) lw      a4, -60(s0)
core   0: 3 0x000000008000ff0c (0xfc442703) x14 0x0000000000000000 mem 0x0000000080031f34
core   0: 0x000000008000ff10 (0x0ff77713) andi    a4, a4, 255
core   0: 3 0x000000008000ff10 (0x0ff77713) x14 0x0000000000000000
core   0: 0x000000008000ff14 (0x00e78023) sb      a4, 0(a5)
core   0: 3 0x000000008000ff14 (0x00e78023) mem 0x00000000800120ba 0x00
core   0: 0x000000008000ff18 (0xfc843703) ld      a4, -56(s0)
core   0: 3 0x000000008000ff18 (0xfc843703) x14 0x0000000080012040 mem 0x0000000080031f38
core   0: 0x000000008000ff1c (0xfb843783) ld      a5, -72(s0)
core   0: 3 0x000000008000ff1c (0xfb843783) x15 0x000000000000009c mem 0x0000000080031f28
core   0: 0x000000008000ff20 (0x000097ba) c.add   a5, a4
core   0: 3 0x000000008000ff20 (0x97ba) x15 0x00000000800120dc
core   0: 0x000000008000ff22 (0xfe043703) ld      a4, -32(s0)
core   0: 3 0x000000008000ff22 (0xfe043703) x14 0x00000000800120bb mem 0x0000000080031f50
core   0: 0x000000008000ff26 (0xfcf76de3) bltu    a4, a5, pc - 38
core   0: 3 0x000000008000ff26 (0xfcf76de3)
core   0: 0x000000008000ff00 (0xfe043783) ld      a5, -32(s0)
core   0: 3 0x000000008000ff00 (0xfe043783) x15 0x00000000800120bb mem 0x0000000080031f50
core   0: 0x000000008000ff04 (0x00178713) addi    a4, a5, 1
core   0: 3 0x000000008000ff04 (0x00178713) x14 0x00000000800120bc
core   0: 0x000000008000ff08 (0xfee43023) sd      a4, -32(s0)
core   0: 3 0x000000008000ff08 (0xfee43023) mem 0x0000000080031f50 0x00000000800120bc
core   0: 0x000000008000ff0c (0xfc442703) lw      a4, -60(s0)
core   0: 3 0x000000008000ff0c (0xfc442703) x14 0x0000000000000000 mem 0x0000000080031f34
core   0: 0x000000008000ff10 (0x0ff77713) andi    a4, a4, 255
core   0: 3 0x000000008000ff10 (0x0ff77713) x14 0x0000000000000000
core   0: 0x000000008000ff14 (0x00e78023) sb      a4, 0(a5)
core   0: 3 0x000000008000ff14 (0x00e78023) mem 0x00000000800120bb 0x00
core   0: 0x000000008000ff18 (0xfc843703) ld      a4, -56(s0)
core   0: 3 0x000000008000ff18 (0xfc843703) x14 0x0000000080012040 mem 0x0000000080031f38
core   0: 0x000000008000ff1c (0xfb843783) ld      a5, -72(s0)
core   0: 3 0x000000008000ff1c (0xfb843783) x15 0x000000000000009c mem 0x0000000080031f28
core   0: 0x000000008000ff20 (0x000097ba) c.add   a5, a4
core   0: 3 0x000000008000ff20 (0x97ba) x15 0x00000000800120dc
core   0: 0x000000008000ff22 (0xfe043703) ld      a4, -32(s0)
core   0: 3 0x000000008000ff22 (0xfe043703) x14 0x00000000800120bc mem 0x0000000080031f50
core   0: 0x000000008000ff26 (0xfcf76de3) bltu    a4, a5, pc - 38
core   0: 3 0x000000008000ff26 (0xfcf76de3)
core   0: 0x000000008000ff00 (0xfe043783) ld      a5, -32(s0)
core   0: 3 0x000000008000ff00 (0xfe043783) x15 0x00000000800120bc mem 0x0000000080031f50
core   0: 0x000000008000ff04 (0x00178713) addi    a4, a5, 1
core   0: 3 0x000000008000ff04 (0x00178713) x14 0x00000000800120bd
core   0: 0x000000008000ff08 (0xfee43023) sd      a4, -32(s0)
core   0: 3 0x000000008000ff08 (0xfee43023) mem 0x0000000080031f50 0x00000000800120bd
core   0: 0x000000008000ff0c (0xfc442703) lw      a4, -60(s0)
core   0: 3 0x000000008000ff0c (0xfc442703) x14 0x0000000000000000 mem 0x0000000080031f34
core   0: 0x000000008000ff10 (0x0ff77713) andi    a4, a4, 255
core   0: 3 0x000000008000ff10 (0x0ff77713) x14 0x0000000000000000
core   0: 0x000000008000ff14 (0x00e78023) sb      a4, 0(a5)
core   0: 3 0x000000008000ff14 (0x00e78023) mem 0x00000000800120bc 0x00
core   0: 0x000000008000ff18 (0xfc843703) ld      a4, -56(s0)
core   0: 3 0x000000008000ff18 (0xfc843703) x14 0x0000000080012040 mem 0x0000000080031f38
core   0: 0x000000008000ff1c (0xfb843783) ld      a5, -72(s0)
core   0: 3 0x000000008000ff1c (0xfb843783) x15 0x000000000000009c mem 0x0000000080031f28
core   0: 0x000000008000ff20 (0x000097ba) c.add   a5, a4
core   0: 3 0x000000008000ff20 (0x97ba) x15 0x00000000800120dc
core   0: 0x000000008000ff22 (0xfe043703) ld      a4, -32(s0)
core   0: 3 0x000000008000ff22 (0xfe043703) x14 0x00000000800120bd mem 0x0000000080031f50
core   0: 0x000000008000ff26 (0xfcf76de3) bltu    a4, a5, pc - 38
core   0: 3 0x000000008000ff26 (0xfcf76de3)
core   0: 0x000000008000ff00 (0xfe043783) ld      a5, -32(s0)
core   0: 3 0x000000008000ff00 (0xfe043783) x15 0x00000000800120bd mem 0x0000000080031f50
core   0: 0x000000008000ff04 (0x00178713) addi    a4, a5, 1
core   0: 3 0x000000008000ff04 (0x00178713) x14 0x00000000800120be
core   0: 0x000000008000ff08 (0xfee43023) sd      a4, -32(s0)
core   0: 3 0x000000008000ff08 (0xfee43023) mem 0x0000000080031f50 0x00000000800120be
core   0: 0x000000008000ff0c (0xfc442703) lw      a4, -60(s0)
core   0: 3 0x000000008000ff0c (0xfc442703) x14 0x0000000000000000 mem 0x0000000080031f34
core   0: 0x000000008000ff10 (0x0ff77713) andi    a4, a4, 255
core   0: 3 0x000000008000ff10 (0x0ff77713) x14 0x0000000000000000
core   0: 0x000000008000ff14 (0x00e78023) sb      a4, 0(a5)
core   0: 3 0x000000008000ff14 (0x00e78023) mem 0x00000000800120bd 0x00
core   0: 0x000000008000ff18 (0xfc843703) ld      a4, -56(s0)
core   0: 3 0x000000008000ff18 (0xfc843703) x14 0x0000000080012040 mem 0x0000000080031f38
core   0: 0x000000008000ff1c (0xfb843783) ld      a5, -72(s0)
core   0: 3 0x000000008000ff1c (0xfb843783) x15 0x000000000000009c mem 0x0000000080031f28
core   0: 0x000000008000ff20 (0x000097ba) c.add   a5, a4
core   0: 3 0x000000008000ff20 (0x97ba) x15 0x00000000800120dc
core   0: 0x000000008000ff22 (0xfe043703) ld      a4, -32(s0)
core   0: 3 0x000000008000ff22 (0xfe043703) x14 0x00000000800120be mem 0x0000000080031f50
core   0: 0x000000008000ff26 (0xfcf76de3) bltu    a4, a5, pc - 38
core   0: 3 0x000000008000ff26 (0xfcf76de3)
core   0: 0x000000008000ff00 (0xfe043783) ld      a5, -32(s0)
core   0: 3 0x000000008000ff00 (0xfe043783) x15 0x00000000800120be mem 0x0000000080031f50
core   0: 0x000000008000ff04 (0x00178713) addi    a4, a5, 1
core   0: 3 0x000000008000ff04 (0x00178713) x14 0x00000000800120bf
core   0: 0x000000008000ff08 (0xfee43023) sd      a4, -32(s0)
core   0: 3 0x000000008000ff08 (0xfee43023) mem 0x0000000080031f50 0x00000000800120bf
core   0: 0x000000008000ff0c (0xfc442703) lw      a4, -60(s0)
core   0: 3 0x000000008000ff0c (0xfc442703) x14 0x0000000000000000 mem 0x0000000080031f34
core   0: 0x000000008000ff10 (0x0ff77713) andi    a4, a4, 255
core   0: 3 0x000000008000ff10 (0x0ff77713) x14 0x0000000000000000
core   0: 0x000000008000ff14 (0x00e78023) sb      a4, 0(a5)
core   0: 3 0x000000008000ff14 (0x00e78023) mem 0x00000000800120be 0x00
core   0: 0x000000008000ff18 (0xfc843703) ld      a4, -56(s0)
core   0: 3 0x000000008000ff18 (0xfc843703) x14 0x0000000080012040 mem 0x0000000080031f38
core   0: 0x000000008000ff1c (0xfb843783) ld      a5, -72(s0)
core   0: 3 0x000000008000ff1c (0xfb843783) x15 0x000000000000009c mem 0x0000000080031f28
core   0: 0x000000008000ff20 (0x000097ba) c.add   a5, a4
core   0: 3 0x000000008000ff20 (0x97ba) x15 0x00000000800120dc
core   0: 0x000000008000ff22 (0xfe043703) ld      a4, -32(s0)
core   0: 3 0x000000008000ff22 (0xfe043703) x14 0x00000000800120bf mem 0x0000000080031f50
core   0: 0x000000008000ff26 (0xfcf76de3) bltu    a4, a5, pc - 38
core   0: 3 0x000000008000ff26 (0xfcf76de3)
core   0: 0x000000008000ff00 (0xfe043783) ld      a5, -32(s0)
core   0: 3 0x000000008000ff00 (0xfe043783) x15 0x00000000800120bf mem 0x0000000080031f50
core   0: 0x000000008000ff04 (0x00178713) addi    a4, a5, 1
core   0: 3 0x000000008000ff04 (0x00178713) x14 0x00000000800120c0
core   0: 0x000000008000ff08 (0xfee43023) sd      a4, -32(s0)
core   0: 3 0x000000008000ff08 (0xfee43023) mem 0x0000000080031f50 0x00000000800120c0
core   0: 0x000000008000ff0c (0xfc442703) lw      a4, -60(s0)
core   0: 3 0x000000008000ff0c (0xfc442703) x14 0x0000000000000000 mem 0x0000000080031f34
core   0: 0x000000008000ff10 (0x0ff77713) andi    a4, a4, 255
core   0: 3 0x000000008000ff10 (0x0ff77713) x14 0x0000000000000000
core   0: 0x000000008000ff14 (0x00e78023) sb      a4, 0(a5)
core   0: 3 0x000000008000ff14 (0x00e78023) mem 0x00000000800120bf 0x00
core   0: 0x000000008000ff18 (0xfc843703) ld      a4, -56(s0)
core   0: 3 0x000000008000ff18 (0xfc843703) x14 0x0000000080012040 mem 0x0000000080031f38
core   0: 0x000000008000ff1c (0xfb843783) ld      a5, -72(s0)
core   0: 3 0x000000008000ff1c (0xfb843783) x15 0x000000000000009c mem 0x0000000080031f28
core   0: 0x000000008000ff20 (0x000097ba) c.add   a5, a4
core   0: 3 0x000000008000ff20 (0x97ba) x15 0x00000000800120dc
core   0: 0x000000008000ff22 (0xfe043703) ld      a4, -32(s0)
core   0: 3 0x000000008000ff22 (0xfe043703) x14 0x00000000800120c0 mem 0x0000000080031f50
core   0: 0x000000008000ff26 (0xfcf76de3) bltu    a4, a5, pc - 38
core   0: 3 0x000000008000ff26 (0xfcf76de3)
core   0: 0x000000008000ff00 (0xfe043783) ld      a5, -32(s0)
core   0: 3 0x000000008000ff00 (0xfe043783) x15 0x00000000800120c0 mem 0x0000000080031f50
core   0: 0x000000008000ff04 (0x00178713) addi    a4, a5, 1
core   0: 3 0x000000008000ff04 (0x00178713) x14 0x00000000800120c1
core   0: 0x000000008000ff08 (0xfee43023) sd      a4, -32(s0)
core   0: 3 0x000000008000ff08 (0xfee43023) mem 0x0000000080031f50 0x00000000800120c1
core   0: 0x000000008000ff0c (0xfc442703) lw      a4, -60(s0)
core   0: 3 0x000000008000ff0c (0xfc442703) x14 0x0000000000000000 mem 0x0000000080031f34
core   0: 0x000000008000ff10 (0x0ff77713) andi    a4, a4, 255
core   0: 3 0x000000008000ff10 (0x0ff77713) x14 0x0000000000000000
core   0: 0x000000008000ff14 (0x00e78023) sb      a4, 0(a5)
core   0: 3 0x000000008000ff14 (0x00e78023) mem 0x00000000800120c0 0x00
core   0: 0x000000008000ff18 (0xfc843703) ld      a4, -56(s0)
core   0: 3 0x000000008000ff18 (0xfc843703) x14 0x0000000080012040 mem 0x0000000080031f38
core   0: 0x000000008000ff1c (0xfb843783) ld      a5, -72(s0)
core   0: 3 0x000000008000ff1c (0xfb843783) x15 0x000000000000009c mem 0x0000000080031f28
core   0: 0x000000008000ff20 (0x000097ba) c.add   a5, a4
core   0: 3 0x000000008000ff20 (0x97ba) x15 0x00000000800120dc
core   0: 0x000000008000ff22 (0xfe043703) ld      a4, -32(s0)
core   0: 3 0x000000008000ff22 (0xfe043703) x14 0x00000000800120c1 mem 0x0000000080031f50
core   0: 0x000000008000ff26 (0xfcf76de3) bltu    a4, a5, pc - 38
core   0: 3 0x000000008000ff26 (0xfcf76de3)
core   0: 0x000000008000ff00 (0xfe043783) ld      a5, -32(s0)
core   0: 3 0x000000008000ff00 (0xfe043783) x15 0x00000000800120c1 mem 0x0000000080031f50
core   0: 0x000000008000ff04 (0x00178713) addi    a4, a5, 1
core   0: 3 0x000000008000ff04 (0x00178713) x14 0x00000000800120c2
core   0: 0x000000008000ff08 (0xfee43023) sd      a4, -32(s0)
core   0: 3 0x000000008000ff08 (0xfee43023) mem 0x0000000080031f50 0x00000000800120c2
core   0: 0x000000008000ff0c (0xfc442703) lw      a4, -60(s0)
core   0: 3 0x000000008000ff0c (0xfc442703) x14 0x0000000000000000 mem 0x0000000080031f34
core   0: 0x000000008000ff10 (0x0ff77713) andi    a4, a4, 255
core   0: 3 0x000000008000ff10 (0x0ff77713) x14 0x0000000000000000
core   0: 0x000000008000ff14 (0x00e78023) sb      a4, 0(a5)
core   0: 3 0x000000008000ff14 (0x00e78023) mem 0x00000000800120c1 0x00
core   0: 0x000000008000ff18 (0xfc843703) ld      a4, -56(s0)
core   0: 3 0x000000008000ff18 (0xfc843703) x14 0x0000000080012040 mem 0x0000000080031f38
core   0: 0x000000008000ff1c (0xfb843783) ld      a5, -72(s0)
core   0: 3 0x000000008000ff1c (0xfb843783) x15 0x000000000000009c mem 0x0000000080031f28
core   0: 0x000000008000ff20 (0x000097ba) c.add   a5, a4
core   0: 3 0x000000008000ff20 (0x97ba) x15 0x00000000800120dc
core   0: 0x000000008000ff22 (0xfe043703) ld      a4, -32(s0)
core   0: 3 0x000000008000ff22 (0xfe043703) x14 0x00000000800120c2 mem 0x0000000080031f50
core   0: 0x000000008000ff26 (0xfcf76de3) bltu    a4, a5, pc - 38
core   0: 3 0x000000008000ff26 (0xfcf76de3)
core   0: 0x000000008000ff00 (0xfe043783) ld      a5, -32(s0)
core   0: 3 0x000000008000ff00 (0xfe043783) x15 0x00000000800120c2 mem 0x0000000080031f50
core   0: 0x000000008000ff04 (0x00178713) addi    a4, a5, 1
core   0: 3 0x000000008000ff04 (0x00178713) x14 0x00000000800120c3
core   0: 0x000000008000ff08 (0xfee43023) sd      a4, -32(s0)
core   0: 3 0x000000008000ff08 (0xfee43023) mem 0x0000000080031f50 0x00000000800120c3
core   0: 0x000000008000ff0c (0xfc442703) lw      a4, -60(s0)
core   0: 3 0x000000008000ff0c (0xfc442703) x14 0x0000000000000000 mem 0x0000000080031f34
core   0: 0x000000008000ff10 (0x0ff77713) andi    a4, a4, 255
core   0: 3 0x000000008000ff10 (0x0ff77713) x14 0x0000000000000000
core   0: 0x000000008000ff14 (0x00e78023) sb      a4, 0(a5)
core   0: 3 0x000000008000ff14 (0x00e78023) mem 0x00000000800120c2 0x00
core   0: 0x000000008000ff18 (0xfc843703) ld      a4, -56(s0)
core   0: 3 0x000000008000ff18 (0xfc843703) x14 0x0000000080012040 mem 0x0000000080031f38
core   0: 0x000000008000ff1c (0xfb843783) ld      a5, -72(s0)
core   0: 3 0x000000008000ff1c (0xfb843783) x15 0x000000000000009c mem 0x0000000080031f28
core   0: 0x000000008000ff20 (0x000097ba) c.add   a5, a4
core   0: 3 0x000000008000ff20 (0x97ba) x15 0x00000000800120dc
core   0: 0x000000008000ff22 (0xfe043703) ld      a4, -32(s0)
core   0: 3 0x000000008000ff22 (0xfe043703) x14 0x00000000800120c3 mem 0x0000000080031f50
core   0: 0x000000008000ff26 (0xfcf76de3) bltu    a4, a5, pc - 38
core   0: 3 0x000000008000ff26 (0xfcf76de3)
core   0: 0x000000008000ff00 (0xfe043783) ld      a5, -32(s0)
core   0: 3 0x000000008000ff00 (0xfe043783) x15 0x00000000800120c3 mem 0x0000000080031f50
core   0: 0x000000008000ff04 (0x00178713) addi    a4, a5, 1
core   0: 3 0x000000008000ff04 (0x00178713) x14 0x00000000800120c4
core   0: 0x000000008000ff08 (0xfee43023) sd      a4, -32(s0)
core   0: 3 0x000000008000ff08 (0xfee43023) mem 0x0000000080031f50 0x00000000800120c4
core   0: 0x000000008000ff0c (0xfc442703) lw      a4, -60(s0)
core   0: 3 0x000000008000ff0c (0xfc442703) x14 0x0000000000000000 mem 0x0000000080031f34
core   0: 0x000000008000ff10 (0x0ff77713) andi    a4, a4, 255
core   0: 3 0x000000008000ff10 (0x0ff77713) x14 0x0000000000000000
core   0: 0x000000008000ff14 (0x00e78023) sb      a4, 0(a5)
core   0: 3 0x000000008000ff14 (0x00e78023) mem 0x00000000800120c3 0x00
core   0: 0x000000008000ff18 (0xfc843703) ld      a4, -56(s0)
core   0: 3 0x000000008000ff18 (0xfc843703) x14 0x0000000080012040 mem 0x0000000080031f38
core   0: 0x000000008000ff1c (0xfb843783) ld      a5, -72(s0)
core   0: 3 0x000000008000ff1c (0xfb843783) x15 0x000000000000009c mem 0x0000000080031f28
core   0: 0x000000008000ff20 (0x000097ba) c.add   a5, a4
core   0: 3 0x000000008000ff20 (0x97ba) x15 0x00000000800120dc
core   0: 0x000000008000ff22 (0xfe043703) ld      a4, -32(s0)
core   0: 3 0x000000008000ff22 (0xfe043703) x14 0x00000000800120c4 mem 0x0000000080031f50
core   0: 0x000000008000ff26 (0xfcf76de3) bltu    a4, a5, pc - 38
core   0: 3 0x000000008000ff26 (0xfcf76de3)
core   0: 0x000000008000ff00 (0xfe043783) ld      a5, -32(s0)
core   0: 3 0x000000008000ff00 (0xfe043783) x15 0x00000000800120c4 mem 0x0000000080031f50
core   0: 0x000000008000ff04 (0x00178713) addi    a4, a5, 1
core   0: 3 0x000000008000ff04 (0x00178713) x14 0x00000000800120c5
core   0: 0x000000008000ff08 (0xfee43023) sd      a4, -32(s0)
core   0: 3 0x000000008000ff08 (0xfee43023) mem 0x0000000080031f50 0x00000000800120c5
core   0: 0x000000008000ff0c (0xfc442703) lw      a4, -60(s0)
core   0: 3 0x000000008000ff0c (0xfc442703) x14 0x0000000000000000 mem 0x0000000080031f34
core   0: 0x000000008000ff10 (0x0ff77713) andi    a4, a4, 255
core   0: 3 0x000000008000ff10 (0x0ff77713) x14 0x0000000000000000
core   0: 0x000000008000ff14 (0x00e78023) sb      a4, 0(a5)
core   0: 3 0x000000008000ff14 (0x00e78023) mem 0x00000000800120c4 0x00
core   0: 0x000000008000ff18 (0xfc843703) ld      a4, -56(s0)
core   0: 3 0x000000008000ff18 (0xfc843703) x14 0x0000000080012040 mem 0x0000000080031f38
core   0: 0x000000008000ff1c (0xfb843783) ld      a5, -72(s0)
core   0: 3 0x000000008000ff1c (0xfb843783) x15 0x000000000000009c mem 0x0000000080031f28
core   0: 0x000000008000ff20 (0x000097ba) c.add   a5, a4
core   0: 3 0x000000008000ff20 (0x97ba) x15 0x00000000800120dc
core   0: 0x000000008000ff22 (0xfe043703) ld      a4, -32(s0)
core   0: 3 0x000000008000ff22 (0xfe043703) x14 0x00000000800120c5 mem 0x0000000080031f50
core   0: 0x000000008000ff26 (0xfcf76de3) bltu    a4, a5, pc - 38
core   0: 3 0x000000008000ff26 (0xfcf76de3)
core   0: 0x000000008000ff00 (0xfe043783) ld      a5, -32(s0)
core   0: 3 0x000000008000ff00 (0xfe043783) x15 0x00000000800120c5 mem 0x0000000080031f50
core   0: 0x000000008000ff04 (0x00178713) addi    a4, a5, 1
core   0: 3 0x000000008000ff04 (0x00178713) x14 0x00000000800120c6
core   0: 0x000000008000ff08 (0xfee43023) sd      a4, -32(s0)
core   0: 3 0x000000008000ff08 (0xfee43023) mem 0x0000000080031f50 0x00000000800120c6
core   0: 0x000000008000ff0c (0xfc442703) lw      a4, -60(s0)
core   0: 3 0x000000008000ff0c (0xfc442703) x14 0x0000000000000000 mem 0x0000000080031f34
core   0: 0x000000008000ff10 (0x0ff77713) andi    a4, a4, 255
core   0: 3 0x000000008000ff10 (0x0ff77713) x14 0x0000000000000000
core   0: 0x000000008000ff14 (0x00e78023) sb      a4, 0(a5)
core   0: 3 0x000000008000ff14 (0x00e78023) mem 0x00000000800120c5 0x00
core   0: 0x000000008000ff18 (0xfc843703) ld      a4, -56(s0)
core   0: 3 0x000000008000ff18 (0xfc843703) x14 0x0000000080012040 mem 0x0000000080031f38
core   0: 0x000000008000ff1c (0xfb843783) ld      a5, -72(s0)
core   0: 3 0x000000008000ff1c (0xfb843783) x15 0x000000000000009c mem 0x0000000080031f28
core   0: 0x000000008000ff20 (0x000097ba) c.add   a5, a4
core   0: 3 0x000000008000ff20 (0x97ba) x15 0x00000000800120dc
core   0: 0x000000008000ff22 (0xfe043703) ld      a4, -32(s0)
core   0: 3 0x000000008000ff22 (0xfe043703) x14 0x00000000800120c6 mem 0x0000000080031f50
core   0: 0x000000008000ff26 (0xfcf76de3) bltu    a4, a5, pc - 38
core   0: 3 0x000000008000ff26 (0xfcf76de3)
core   0: 0x000000008000ff00 (0xfe043783) ld      a5, -32(s0)
core   0: 3 0x000000008000ff00 (0xfe043783) x15 0x00000000800120c6 mem 0x0000000080031f50
core   0: 0x000000008000ff04 (0x00178713) addi    a4, a5, 1
core   0: 3 0x000000008000ff04 (0x00178713) x14 0x00000000800120c7
core   0: 0x000000008000ff08 (0xfee43023) sd      a4, -32(s0)
core   0: 3 0x000000008000ff08 (0xfee43023) mem 0x0000000080031f50 0x00000000800120c7
core   0: 0x000000008000ff0c (0xfc442703) lw      a4, -60(s0)
core   0: 3 0x000000008000ff0c (0xfc442703) x14 0x0000000000000000 mem 0x0000000080031f34
core   0: 0x000000008000ff10 (0x0ff77713) andi    a4, a4, 255
core   0: 3 0x000000008000ff10 (0x0ff77713) x14 0x0000000000000000
core   0: 0x000000008000ff14 (0x00e78023) sb      a4, 0(a5)
core   0: 3 0x000000008000ff14 (0x00e78023) mem 0x00000000800120c6 0x00
core   0: 0x000000008000ff18 (0xfc843703) ld      a4, -56(s0)
core   0: 3 0x000000008000ff18 (0xfc843703) x14 0x0000000080012040 mem 0x0000000080031f38
core   0: 0x000000008000ff1c (0xfb843783) ld      a5, -72(s0)
core   0: 3 0x000000008000ff1c (0xfb843783) x15 0x000000000000009c mem 0x0000000080031f28
core   0: 0x000000008000ff20 (0x000097ba) c.add   a5, a4
core   0: 3 0x000000008000ff20 (0x97ba) x15 0x00000000800120dc
core   0: 0x000000008000ff22 (0xfe043703) ld      a4, -32(s0)
core   0: 3 0x000000008000ff22 (0xfe043703) x14 0x00000000800120c7 mem 0x0000000080031f50
core   0: 0x000000008000ff26 (0xfcf76de3) bltu    a4, a5, pc - 38
core   0: 3 0x000000008000ff26 (0xfcf76de3)
core   0: 0x000000008000ff00 (0xfe043783) ld      a5, -32(s0)
core   0: 3 0x000000008000ff00 (0xfe043783) x15 0x00000000800120c7 mem 0x0000000080031f50
core   0: 0x000000008000ff04 (0x00178713) addi    a4, a5, 1
core   0: 3 0x000000008000ff04 (0x00178713) x14 0x00000000800120c8
core   0: 0x000000008000ff08 (0xfee43023) sd      a4, -32(s0)
core   0: 3 0x000000008000ff08 (0xfee43023) mem 0x0000000080031f50 0x00000000800120c8
core   0: 0x000000008000ff0c (0xfc442703) lw      a4, -60(s0)
core   0: 3 0x000000008000ff0c (0xfc442703) x14 0x0000000000000000 mem 0x0000000080031f34
core   0: 0x000000008000ff10 (0x0ff77713) andi    a4, a4, 255
core   0: 3 0x000000008000ff10 (0x0ff77713) x14 0x0000000000000000
core   0: 0x000000008000ff14 (0x00e78023) sb      a4, 0(a5)
core   0: 3 0x000000008000ff14 (0x00e78023) mem 0x00000000800120c7 0x00
core   0: 0x000000008000ff18 (0xfc843703) ld      a4, -56(s0)
core   0: 3 0x000000008000ff18 (0xfc843703) x14 0x0000000080012040 mem 0x0000000080031f38
core   0: 0x000000008000ff1c (0xfb843783) ld      a5, -72(s0)
core   0: 3 0x000000008000ff1c (0xfb843783) x15 0x000000000000009c mem 0x0000000080031f28
core   0: 0x000000008000ff20 (0x000097ba) c.add   a5, a4
core   0: 3 0x000000008000ff20 (0x97ba) x15 0x00000000800120dc
core   0: 0x000000008000ff22 (0xfe043703) ld      a4, -32(s0)
core   0: 3 0x000000008000ff22 (0xfe043703) x14 0x00000000800120c8 mem 0x0000000080031f50
core   0: 0x000000008000ff26 (0xfcf76de3) bltu    a4, a5, pc - 38
core   0: 3 0x000000008000ff26 (0xfcf76de3)
core   0: 0x000000008000ff00 (0xfe043783) ld      a5, -32(s0)
core   0: 3 0x000000008000ff00 (0xfe043783) x15 0x00000000800120c8 mem 0x0000000080031f50
core   0: 0x000000008000ff04 (0x00178713) addi    a4, a5, 1
core   0: 3 0x000000008000ff04 (0x00178713) x14 0x00000000800120c9
core   0: 0x000000008000ff08 (0xfee43023) sd      a4, -32(s0)
core   0: 3 0x000000008000ff08 (0xfee43023) mem 0x0000000080031f50 0x00000000800120c9
core   0: 0x000000008000ff0c (0xfc442703) lw      a4, -60(s0)
core   0: 3 0x000000008000ff0c (0xfc442703) x14 0x0000000000000000 mem 0x0000000080031f34
core   0: 0x000000008000ff10 (0x0ff77713) andi    a4, a4, 255
core   0: 3 0x000000008000ff10 (0x0ff77713) x14 0x0000000000000000
core   0: 0x000000008000ff14 (0x00e78023) sb      a4, 0(a5)
core   0: 3 0x000000008000ff14 (0x00e78023) mem 0x00000000800120c8 0x00
core   0: 0x000000008000ff18 (0xfc843703) ld      a4, -56(s0)
core   0: 3 0x000000008000ff18 (0xfc843703) x14 0x0000000080012040 mem 0x0000000080031f38
core   0: 0x000000008000ff1c (0xfb843783) ld      a5, -72(s0)
core   0: 3 0x000000008000ff1c (0xfb843783) x15 0x000000000000009c mem 0x0000000080031f28
core   0: 0x000000008000ff20 (0x000097ba) c.add   a5, a4
core   0: 3 0x000000008000ff20 (0x97ba) x15 0x00000000800120dc
core   0: 0x000000008000ff22 (0xfe043703) ld      a4, -32(s0)
core   0: 3 0x000000008000ff22 (0xfe043703) x14 0x00000000800120c9 mem 0x0000000080031f50
core   0: 0x000000008000ff26 (0xfcf76de3) bltu    a4, a5, pc - 38
core   0: 3 0x000000008000ff26 (0xfcf76de3)
core   0: 0x000000008000ff00 (0xfe043783) ld      a5, -32(s0)
core   0: 3 0x000000008000ff00 (0xfe043783) x15 0x00000000800120c9 mem 0x0000000080031f50
core   0: 0x000000008000ff04 (0x00178713) addi    a4, a5, 1
core   0: 3 0x000000008000ff04 (0x00178713) x14 0x00000000800120ca
core   0: 0x000000008000ff08 (0xfee43023) sd      a4, -32(s0)
core   0: 3 0x000000008000ff08 (0xfee43023) mem 0x0000000080031f50 0x00000000800120ca
core   0: 0x000000008000ff0c (0xfc442703) lw      a4, -60(s0)
core   0: 3 0x000000008000ff0c (0xfc442703) x14 0x0000000000000000 mem 0x0000000080031f34
core   0: 0x000000008000ff10 (0x0ff77713) andi    a4, a4, 255
core   0: 3 0x000000008000ff10 (0x0ff77713) x14 0x0000000000000000
core   0: 0x000000008000ff14 (0x00e78023) sb      a4, 0(a5)
core   0: 3 0x000000008000ff14 (0x00e78023) mem 0x00000000800120c9 0x00
core   0: 0x000000008000ff18 (0xfc843703) ld      a4, -56(s0)
core   0: 3 0x000000008000ff18 (0xfc843703) x14 0x0000000080012040 mem 0x0000000080031f38
core   0: 0x000000008000ff1c (0xfb843783) ld      a5, -72(s0)
core   0: 3 0x000000008000ff1c (0xfb843783) x15 0x000000000000009c mem 0x0000000080031f28
core   0: 0x000000008000ff20 (0x000097ba) c.add   a5, a4
core   0: 3 0x000000008000ff20 (0x97ba) x15 0x00000000800120dc
core   0: 0x000000008000ff22 (0xfe043703) ld      a4, -32(s0)
core   0: 3 0x000000008000ff22 (0xfe043703) x14 0x00000000800120ca mem 0x0000000080031f50
core   0: 0x000000008000ff26 (0xfcf76de3) bltu    a4, a5, pc - 38
core   0: 3 0x000000008000ff26 (0xfcf76de3)
core   0: 0x000000008000ff00 (0xfe043783) ld      a5, -32(s0)
core   0: 3 0x000000008000ff00 (0xfe043783) x15 0x00000000800120ca mem 0x0000000080031f50
core   0: 0x000000008000ff04 (0x00178713) addi    a4, a5, 1
core   0: 3 0x000000008000ff04 (0x00178713) x14 0x00000000800120cb
core   0: 0x000000008000ff08 (0xfee43023) sd      a4, -32(s0)
core   0: 3 0x000000008000ff08 (0xfee43023) mem 0x0000000080031f50 0x00000000800120cb
core   0: 0x000000008000ff0c (0xfc442703) lw      a4, -60(s0)
core   0: 3 0x000000008000ff0c (0xfc442703) x14 0x0000000000000000 mem 0x0000000080031f34
core   0: 0x000000008000ff10 (0x0ff77713) andi    a4, a4, 255
core   0: 3 0x000000008000ff10 (0x0ff77713) x14 0x0000000000000000
core   0: 0x000000008000ff14 (0x00e78023) sb      a4, 0(a5)
core   0: 3 0x000000008000ff14 (0x00e78023) mem 0x00000000800120ca 0x00
core   0: 0x000000008000ff18 (0xfc843703) ld      a4, -56(s0)
core   0: 3 0x000000008000ff18 (0xfc843703) x14 0x0000000080012040 mem 0x0000000080031f38
core   0: 0x000000008000ff1c (0xfb843783) ld      a5, -72(s0)
core   0: 3 0x000000008000ff1c (0xfb843783) x15 0x000000000000009c mem 0x0000000080031f28
core   0: 0x000000008000ff20 (0x000097ba) c.add   a5, a4
core   0: 3 0x000000008000ff20 (0x97ba) x15 0x00000000800120dc
core   0: 0x000000008000ff22 (0xfe043703) ld      a4, -32(s0)
core   0: 3 0x000000008000ff22 (0xfe043703) x14 0x00000000800120cb mem 0x0000000080031f50
core   0: 0x000000008000ff26 (0xfcf76de3) bltu    a4, a5, pc - 38
core   0: 3 0x000000008000ff26 (0xfcf76de3)
core   0: 0x000000008000ff00 (0xfe043783) ld      a5, -32(s0)
core   0: 3 0x000000008000ff00 (0xfe043783) x15 0x00000000800120cb mem 0x0000000080031f50
core   0: 0x000000008000ff04 (0x00178713) addi    a4, a5, 1
core   0: 3 0x000000008000ff04 (0x00178713) x14 0x00000000800120cc
core   0: 0x000000008000ff08 (0xfee43023) sd      a4, -32(s0)
core   0: 3 0x000000008000ff08 (0xfee43023) mem 0x0000000080031f50 0x00000000800120cc
core   0: 0x000000008000ff0c (0xfc442703) lw      a4, -60(s0)
core   0: 3 0x000000008000ff0c (0xfc442703) x14 0x0000000000000000 mem 0x0000000080031f34
core   0: 0x000000008000ff10 (0x0ff77713) andi    a4, a4, 255
core   0: 3 0x000000008000ff10 (0x0ff77713) x14 0x0000000000000000
core   0: 0x000000008000ff14 (0x00e78023) sb      a4, 0(a5)
core   0: 3 0x000000008000ff14 (0x00e78023) mem 0x00000000800120cb 0x00
core   0: 0x000000008000ff18 (0xfc843703) ld      a4, -56(s0)
core   0: 3 0x000000008000ff18 (0xfc843703) x14 0x0000000080012040 mem 0x0000000080031f38
core   0: 0x000000008000ff1c (0xfb843783) ld      a5, -72(s0)
core   0: 3 0x000000008000ff1c (0xfb843783) x15 0x000000000000009c mem 0x0000000080031f28
core   0: 0x000000008000ff20 (0x000097ba) c.add   a5, a4
core   0: 3 0x000000008000ff20 (0x97ba) x15 0x00000000800120dc
core   0: 0x000000008000ff22 (0xfe043703) ld      a4, -32(s0)
core   0: 3 0x000000008000ff22 (0xfe043703) x14 0x00000000800120cc mem 0x0000000080031f50
core   0: 0x000000008000ff26 (0xfcf76de3) bltu    a4, a5, pc - 38
core   0: 3 0x000000008000ff26 (0xfcf76de3)
core   0: 0x000000008000ff00 (0xfe043783) ld      a5, -32(s0)
core   0: 3 0x000000008000ff00 (0xfe043783) x15 0x00000000800120cc mem 0x0000000080031f50
core   0: 0x000000008000ff04 (0x00178713) addi    a4, a5, 1
core   0: 3 0x000000008000ff04 (0x00178713) x14 0x00000000800120cd
core   0: 0x000000008000ff08 (0xfee43023) sd      a4, -32(s0)
core   0: 3 0x000000008000ff08 (0xfee43023) mem 0x0000000080031f50 0x00000000800120cd
core   0: 0x000000008000ff0c (0xfc442703) lw      a4, -60(s0)
core   0: 3 0x000000008000ff0c (0xfc442703) x14 0x0000000000000000 mem 0x0000000080031f34
core   0: 0x000000008000ff10 (0x0ff77713) andi    a4, a4, 255
core   0: 3 0x000000008000ff10 (0x0ff77713) x14 0x0000000000000000
core   0: 0x000000008000ff14 (0x00e78023) sb      a4, 0(a5)
core   0: 3 0x000000008000ff14 (0x00e78023) mem 0x00000000800120cc 0x00
core   0: 0x000000008000ff18 (0xfc843703) ld      a4, -56(s0)
core   0: 3 0x000000008000ff18 (0xfc843703) x14 0x0000000080012040 mem 0x0000000080031f38
core   0: 0x000000008000ff1c (0xfb843783) ld      a5, -72(s0)
core   0: 3 0x000000008000ff1c (0xfb843783) x15 0x000000000000009c mem 0x0000000080031f28
core   0: 0x000000008000ff20 (0x000097ba) c.add   a5, a4
core   0: 3 0x000000008000ff20 (0x97ba) x15 0x00000000800120dc
core   0: 0x000000008000ff22 (0xfe043703) ld      a4, -32(s0)
core   0: 3 0x000000008000ff22 (0xfe043703) x14 0x00000000800120cd mem 0x0000000080031f50
core   0: 0x000000008000ff26 (0xfcf76de3) bltu    a4, a5, pc - 38
core   0: 3 0x000000008000ff26 (0xfcf76de3)
core   0: 0x000000008000ff00 (0xfe043783) ld      a5, -32(s0)
core   0: 3 0x000000008000ff00 (0xfe043783) x15 0x00000000800120cd mem 0x0000000080031f50
core   0: 0x000000008000ff04 (0x00178713) addi    a4, a5, 1
core   0: 3 0x000000008000ff04 (0x00178713) x14 0x00000000800120ce
core   0: 0x000000008000ff08 (0xfee43023) sd      a4, -32(s0)
core   0: 3 0x000000008000ff08 (0xfee43023) mem 0x0000000080031f50 0x00000000800120ce
core   0: 0x000000008000ff0c (0xfc442703) lw      a4, -60(s0)
core   0: 3 0x000000008000ff0c (0xfc442703) x14 0x0000000000000000 mem 0x0000000080031f34
core   0: 0x000000008000ff10 (0x0ff77713) andi    a4, a4, 255
core   0: 3 0x000000008000ff10 (0x0ff77713) x14 0x0000000000000000
core   0: 0x000000008000ff14 (0x00e78023) sb      a4, 0(a5)
core   0: 3 0x000000008000ff14 (0x00e78023) mem 0x00000000800120cd 0x00
core   0: 0x000000008000ff18 (0xfc843703) ld      a4, -56(s0)
core   0: 3 0x000000008000ff18 (0xfc843703) x14 0x0000000080012040 mem 0x0000000080031f38
core   0: 0x000000008000ff1c (0xfb843783) ld      a5, -72(s0)
core   0: 3 0x000000008000ff1c (0xfb843783) x15 0x000000000000009c mem 0x0000000080031f28
core   0: 0x000000008000ff20 (0x000097ba) c.add   a5, a4
core   0: 3 0x000000008000ff20 (0x97ba) x15 0x00000000800120dc
core   0: 0x000000008000ff22 (0xfe043703) ld      a4, -32(s0)
core   0: 3 0x000000008000ff22 (0xfe043703) x14 0x00000000800120ce mem 0x0000000080031f50
core   0: 0x000000008000ff26 (0xfcf76de3) bltu    a4, a5, pc - 38
core   0: 3 0x000000008000ff26 (0xfcf76de3)
core   0: 0x000000008000ff00 (0xfe043783) ld      a5, -32(s0)
core   0: 3 0x000000008000ff00 (0xfe043783) x15 0x00000000800120ce mem 0x0000000080031f50
core   0: 0x000000008000ff04 (0x00178713) addi    a4, a5, 1
core   0: 3 0x000000008000ff04 (0x00178713) x14 0x00000000800120cf
core   0: 0x000000008000ff08 (0xfee43023) sd      a4, -32(s0)
core   0: 3 0x000000008000ff08 (0xfee43023) mem 0x0000000080031f50 0x00000000800120cf
core   0: 0x000000008000ff0c (0xfc442703) lw      a4, -60(s0)
core   0: 3 0x000000008000ff0c (0xfc442703) x14 0x0000000000000000 mem 0x0000000080031f34
core   0: 0x000000008000ff10 (0x0ff77713) andi    a4, a4, 255
core   0: 3 0x000000008000ff10 (0x0ff77713) x14 0x0000000000000000
core   0: 0x000000008000ff14 (0x00e78023) sb      a4, 0(a5)
core   0: 3 0x000000008000ff14 (0x00e78023) mem 0x00000000800120ce 0x00
core   0: 0x000000008000ff18 (0xfc843703) ld      a4, -56(s0)
core   0: 3 0x000000008000ff18 (0xfc843703) x14 0x0000000080012040 mem 0x0000000080031f38
core   0: 0x000000008000ff1c (0xfb843783) ld      a5, -72(s0)
core   0: 3 0x000000008000ff1c (0xfb843783) x15 0x000000000000009c mem 0x0000000080031f28
core   0: 0x000000008000ff20 (0x000097ba) c.add   a5, a4
core   0: 3 0x000000008000ff20 (0x97ba) x15 0x00000000800120dc
core   0: 0x000000008000ff22 (0xfe043703) ld      a4, -32(s0)
core   0: 3 0x000000008000ff22 (0xfe043703) x14 0x00000000800120cf mem 0x0000000080031f50
core   0: 0x000000008000ff26 (0xfcf76de3) bltu    a4, a5, pc - 38
core   0: 3 0x000000008000ff26 (0xfcf76de3)
core   0: 0x000000008000ff00 (0xfe043783) ld      a5, -32(s0)
core   0: 3 0x000000008000ff00 (0xfe043783) x15 0x00000000800120cf mem 0x0000000080031f50
core   0: 0x000000008000ff04 (0x00178713) addi    a4, a5, 1
core   0: 3 0x000000008000ff04 (0x00178713) x14 0x00000000800120d0
core   0: 0x000000008000ff08 (0xfee43023) sd      a4, -32(s0)
core   0: 3 0x000000008000ff08 (0xfee43023) mem 0x0000000080031f50 0x00000000800120d0
core   0: 0x000000008000ff0c (0xfc442703) lw      a4, -60(s0)
core   0: 3 0x000000008000ff0c (0xfc442703) x14 0x0000000000000000 mem 0x0000000080031f34
core   0: 0x000000008000ff10 (0x0ff77713) andi    a4, a4, 255
core   0: 3 0x000000008000ff10 (0x0ff77713) x14 0x0000000000000000
core   0: 0x000000008000ff14 (0x00e78023) sb      a4, 0(a5)
core   0: 3 0x000000008000ff14 (0x00e78023) mem 0x00000000800120cf 0x00
core   0: 0x000000008000ff18 (0xfc843703) ld      a4, -56(s0)
core   0: 3 0x000000008000ff18 (0xfc843703) x14 0x0000000080012040 mem 0x0000000080031f38
core   0: 0x000000008000ff1c (0xfb843783) ld      a5, -72(s0)
core   0: 3 0x000000008000ff1c (0xfb843783) x15 0x000000000000009c mem 0x0000000080031f28
core   0: 0x000000008000ff20 (0x000097ba) c.add   a5, a4
core   0: 3 0x000000008000ff20 (0x97ba) x15 0x00000000800120dc
core   0: 0x000000008000ff22 (0xfe043703) ld      a4, -32(s0)
core   0: 3 0x000000008000ff22 (0xfe043703) x14 0x00000000800120d0 mem 0x0000000080031f50
core   0: 0x000000008000ff26 (0xfcf76de3) bltu    a4, a5, pc - 38
core   0: 3 0x000000008000ff26 (0xfcf76de3)
core   0: 0x000000008000ff00 (0xfe043783) ld      a5, -32(s0)
core   0: 3 0x000000008000ff00 (0xfe043783) x15 0x00000000800120d0 mem 0x0000000080031f50
core   0: 0x000000008000ff04 (0x00178713) addi    a4, a5, 1
core   0: 3 0x000000008000ff04 (0x00178713) x14 0x00000000800120d1
core   0: 0x000000008000ff08 (0xfee43023) sd      a4, -32(s0)
core   0: 3 0x000000008000ff08 (0xfee43023) mem 0x0000000080031f50 0x00000000800120d1
core   0: 0x000000008000ff0c (0xfc442703) lw      a4, -60(s0)
core   0: 3 0x000000008000ff0c (0xfc442703) x14 0x0000000000000000 mem 0x0000000080031f34
core   0: 0x000000008000ff10 (0x0ff77713) andi    a4, a4, 255
core   0: 3 0x000000008000ff10 (0x0ff77713) x14 0x0000000000000000
core   0: 0x000000008000ff14 (0x00e78023) sb      a4, 0(a5)
core   0: 3 0x000000008000ff14 (0x00e78023) mem 0x00000000800120d0 0x00
core   0: 0x000000008000ff18 (0xfc843703) ld      a4, -56(s0)
core   0: 3 0x000000008000ff18 (0xfc843703) x14 0x0000000080012040 mem 0x0000000080031f38
core   0: 0x000000008000ff1c (0xfb843783) ld      a5, -72(s0)
core   0: 3 0x000000008000ff1c (0xfb843783) x15 0x000000000000009c mem 0x0000000080031f28
core   0: 0x000000008000ff20 (0x000097ba) c.add   a5, a4
core   0: 3 0x000000008000ff20 (0x97ba) x15 0x00000000800120dc
core   0: 0x000000008000ff22 (0xfe043703) ld      a4, -32(s0)
core   0: 3 0x000000008000ff22 (0xfe043703) x14 0x00000000800120d1 mem 0x0000000080031f50
core   0: 0x000000008000ff26 (0xfcf76de3) bltu    a4, a5, pc - 38
core   0: 3 0x000000008000ff26 (0xfcf76de3)
core   0: 0x000000008000ff00 (0xfe043783) ld      a5, -32(s0)
core   0: 3 0x000000008000ff00 (0xfe043783) x15 0x00000000800120d1 mem 0x0000000080031f50
core   0: 0x000000008000ff04 (0x00178713) addi    a4, a5, 1
core   0: 3 0x000000008000ff04 (0x00178713) x14 0x00000000800120d2
core   0: 0x000000008000ff08 (0xfee43023) sd      a4, -32(s0)
core   0: 3 0x000000008000ff08 (0xfee43023) mem 0x0000000080031f50 0x00000000800120d2
core   0: 0x000000008000ff0c (0xfc442703) lw      a4, -60(s0)
core   0: 3 0x000000008000ff0c (0xfc442703) x14 0x0000000000000000 mem 0x0000000080031f34
core   0: 0x000000008000ff10 (0x0ff77713) andi    a4, a4, 255
core   0: 3 0x000000008000ff10 (0x0ff77713) x14 0x0000000000000000
core   0: 0x000000008000ff14 (0x00e78023) sb      a4, 0(a5)
core   0: 3 0x000000008000ff14 (0x00e78023) mem 0x00000000800120d1 0x00
core   0: 0x000000008000ff18 (0xfc843703) ld      a4, -56(s0)
core   0: 3 0x000000008000ff18 (0xfc843703) x14 0x0000000080012040 mem 0x0000000080031f38
core   0: 0x000000008000ff1c (0xfb843783) ld      a5, -72(s0)
core   0: 3 0x000000008000ff1c (0xfb843783) x15 0x000000000000009c mem 0x0000000080031f28
core   0: 0x000000008000ff20 (0x000097ba) c.add   a5, a4
core   0: 3 0x000000008000ff20 (0x97ba) x15 0x00000000800120dc
core   0: 0x000000008000ff22 (0xfe043703) ld      a4, -32(s0)
core   0: 3 0x000000008000ff22 (0xfe043703) x14 0x00000000800120d2 mem 0x0000000080031f50
core   0: 0x000000008000ff26 (0xfcf76de3) bltu    a4, a5, pc - 38
core   0: 3 0x000000008000ff26 (0xfcf76de3)
core   0: 0x000000008000ff00 (0xfe043783) ld      a5, -32(s0)
core   0: 3 0x000000008000ff00 (0xfe043783) x15 0x00000000800120d2 mem 0x0000000080031f50
core   0: 0x000000008000ff04 (0x00178713) addi    a4, a5, 1
core   0: 3 0x000000008000ff04 (0x00178713) x14 0x00000000800120d3
core   0: 0x000000008000ff08 (0xfee43023) sd      a4, -32(s0)
core   0: 3 0x000000008000ff08 (0xfee43023) mem 0x0000000080031f50 0x00000000800120d3
core   0: 0x000000008000ff0c (0xfc442703) lw      a4, -60(s0)
core   0: 3 0x000000008000ff0c (0xfc442703) x14 0x0000000000000000 mem 0x0000000080031f34
core   0: 0x000000008000ff10 (0x0ff77713) andi    a4, a4, 255
core   0: 3 0x000000008000ff10 (0x0ff77713) x14 0x0000000000000000
core   0: 0x000000008000ff14 (0x00e78023) sb      a4, 0(a5)
core   0: 3 0x000000008000ff14 (0x00e78023) mem 0x00000000800120d2 0x00
core   0: 0x000000008000ff18 (0xfc843703) ld      a4, -56(s0)
core   0: 3 0x000000008000ff18 (0xfc843703) x14 0x0000000080012040 mem 0x0000000080031f38
core   0: 0x000000008000ff1c (0xfb843783) ld      a5, -72(s0)
core   0: 3 0x000000008000ff1c (0xfb843783) x15 0x000000000000009c mem 0x0000000080031f28
core   0: 0x000000008000ff20 (0x000097ba) c.add   a5, a4
core   0: 3 0x000000008000ff20 (0x97ba) x15 0x00000000800120dc
core   0: 0x000000008000ff22 (0xfe043703) ld      a4, -32(s0)
core   0: 3 0x000000008000ff22 (0xfe043703) x14 0x00000000800120d3 mem 0x0000000080031f50
core   0: 0x000000008000ff26 (0xfcf76de3) bltu    a4, a5, pc - 38
core   0: 3 0x000000008000ff26 (0xfcf76de3)
core   0: 0x000000008000ff00 (0xfe043783) ld      a5, -32(s0)
core   0: 3 0x000000008000ff00 (0xfe043783) x15 0x00000000800120d3 mem 0x0000000080031f50
core   0: 0x000000008000ff04 (0x00178713) addi    a4, a5, 1
core   0: 3 0x000000008000ff04 (0x00178713) x14 0x00000000800120d4
core   0: 0x000000008000ff08 (0xfee43023) sd      a4, -32(s0)
core   0: 3 0x000000008000ff08 (0xfee43023) mem 0x0000000080031f50 0x00000000800120d4
core   0: 0x000000008000ff0c (0xfc442703) lw      a4, -60(s0)
core   0: 3 0x000000008000ff0c (0xfc442703) x14 0x0000000000000000 mem 0x0000000080031f34
core   0: 0x000000008000ff10 (0x0ff77713) andi    a4, a4, 255
core   0: 3 0x000000008000ff10 (0x0ff77713) x14 0x0000000000000000
core   0: 0x000000008000ff14 (0x00e78023) sb      a4, 0(a5)
core   0: 3 0x000000008000ff14 (0x00e78023) mem 0x00000000800120d3 0x00
core   0: 0x000000008000ff18 (0xfc843703) ld      a4, -56(s0)
core   0: 3 0x000000008000ff18 (0xfc843703) x14 0x0000000080012040 mem 0x0000000080031f38
core   0: 0x000000008000ff1c (0xfb843783) ld      a5, -72(s0)
core   0: 3 0x000000008000ff1c (0xfb843783) x15 0x000000000000009c mem 0x0000000080031f28
core   0: 0x000000008000ff20 (0x000097ba) c.add   a5, a4
core   0: 3 0x000000008000ff20 (0x97ba) x15 0x00000000800120dc
core   0: 0x000000008000ff22 (0xfe043703) ld      a4, -32(s0)
core   0: 3 0x000000008000ff22 (0xfe043703) x14 0x00000000800120d4 mem 0x0000000080031f50
core   0: 0x000000008000ff26 (0xfcf76de3) bltu    a4, a5, pc - 38
core   0: 3 0x000000008000ff26 (0xfcf76de3)
core   0: 0x000000008000ff00 (0xfe043783) ld      a5, -32(s0)
core   0: 3 0x000000008000ff00 (0xfe043783) x15 0x00000000800120d4 mem 0x0000000080031f50
core   0: 0x000000008000ff04 (0x00178713) addi    a4, a5, 1
core   0: 3 0x000000008000ff04 (0x00178713) x14 0x00000000800120d5
core   0: 0x000000008000ff08 (0xfee43023) sd      a4, -32(s0)
core   0: 3 0x000000008000ff08 (0xfee43023) mem 0x0000000080031f50 0x00000000800120d5
core   0: 0x000000008000ff0c (0xfc442703) lw      a4, -60(s0)
core   0: 3 0x000000008000ff0c (0xfc442703) x14 0x0000000000000000 mem 0x0000000080031f34
core   0: 0x000000008000ff10 (0x0ff77713) andi    a4, a4, 255
core   0: 3 0x000000008000ff10 (0x0ff77713) x14 0x0000000000000000
core   0: 0x000000008000ff14 (0x00e78023) sb      a4, 0(a5)
core   0: 3 0x000000008000ff14 (0x00e78023) mem 0x00000000800120d4 0x00
core   0: 0x000000008000ff18 (0xfc843703) ld      a4, -56(s0)
core   0: 3 0x000000008000ff18 (0xfc843703) x14 0x0000000080012040 mem 0x0000000080031f38
core   0: 0x000000008000ff1c (0xfb843783) ld      a5, -72(s0)
core   0: 3 0x000000008000ff1c (0xfb843783) x15 0x000000000000009c mem 0x0000000080031f28
core   0: 0x000000008000ff20 (0x000097ba) c.add   a5, a4
core   0: 3 0x000000008000ff20 (0x97ba) x15 0x00000000800120dc
core   0: 0x000000008000ff22 (0xfe043703) ld      a4, -32(s0)
core   0: 3 0x000000008000ff22 (0xfe043703) x14 0x00000000800120d5 mem 0x0000000080031f50
core   0: 0x000000008000ff26 (0xfcf76de3) bltu    a4, a5, pc - 38
core   0: 3 0x000000008000ff26 (0xfcf76de3)
core   0: 0x000000008000ff00 (0xfe043783) ld      a5, -32(s0)
core   0: 3 0x000000008000ff00 (0xfe043783) x15 0x00000000800120d5 mem 0x0000000080031f50
core   0: 0x000000008000ff04 (0x00178713) addi    a4, a5, 1
core   0: 3 0x000000008000ff04 (0x00178713) x14 0x00000000800120d6
core   0: 0x000000008000ff08 (0xfee43023) sd      a4, -32(s0)
core   0: 3 0x000000008000ff08 (0xfee43023) mem 0x0000000080031f50 0x00000000800120d6
core   0: 0x000000008000ff0c (0xfc442703) lw      a4, -60(s0)
core   0: 3 0x000000008000ff0c (0xfc442703) x14 0x0000000000000000 mem 0x0000000080031f34
core   0: 0x000000008000ff10 (0x0ff77713) andi    a4, a4, 255
core   0: 3 0x000000008000ff10 (0x0ff77713) x14 0x0000000000000000
core   0: 0x000000008000ff14 (0x00e78023) sb      a4, 0(a5)
core   0: 3 0x000000008000ff14 (0x00e78023) mem 0x00000000800120d5 0x00
core   0: 0x000000008000ff18 (0xfc843703) ld      a4, -56(s0)
core   0: 3 0x000000008000ff18 (0xfc843703) x14 0x0000000080012040 mem 0x0000000080031f38
core   0: 0x000000008000ff1c (0xfb843783) ld      a5, -72(s0)
core   0: 3 0x000000008000ff1c (0xfb843783) x15 0x000000000000009c mem 0x0000000080031f28
core   0: 0x000000008000ff20 (0x000097ba) c.add   a5, a4
core   0: 3 0x000000008000ff20 (0x97ba) x15 0x00000000800120dc
core   0: 0x000000008000ff22 (0xfe043703) ld      a4, -32(s0)
core   0: 3 0x000000008000ff22 (0xfe043703) x14 0x00000000800120d6 mem 0x0000000080031f50
core   0: 0x000000008000ff26 (0xfcf76de3) bltu    a4, a5, pc - 38
core   0: 3 0x000000008000ff26 (0xfcf76de3)
core   0: 0x000000008000ff00 (0xfe043783) ld      a5, -32(s0)
core   0: 3 0x000000008000ff00 (0xfe043783) x15 0x00000000800120d6 mem 0x0000000080031f50
core   0: 0x000000008000ff04 (0x00178713) addi    a4, a5, 1
core   0: 3 0x000000008000ff04 (0x00178713) x14 0x00000000800120d7
core   0: 0x000000008000ff08 (0xfee43023) sd      a4, -32(s0)
core   0: 3 0x000000008000ff08 (0xfee43023) mem 0x0000000080031f50 0x00000000800120d7
core   0: 0x000000008000ff0c (0xfc442703) lw      a4, -60(s0)
core   0: 3 0x000000008000ff0c (0xfc442703) x14 0x0000000000000000 mem 0x0000000080031f34
core   0: 0x000000008000ff10 (0x0ff77713) andi    a4, a4, 255
core   0: 3 0x000000008000ff10 (0x0ff77713) x14 0x0000000000000000
core   0: 0x000000008000ff14 (0x00e78023) sb      a4, 0(a5)
core   0: 3 0x000000008000ff14 (0x00e78023) mem 0x00000000800120d6 0x00
core   0: 0x000000008000ff18 (0xfc843703) ld      a4, -56(s0)
core   0: 3 0x000000008000ff18 (0xfc843703) x14 0x0000000080012040 mem 0x0000000080031f38
core   0: 0x000000008000ff1c (0xfb843783) ld      a5, -72(s0)
core   0: 3 0x000000008000ff1c (0xfb843783) x15 0x000000000000009c mem 0x0000000080031f28
core   0: 0x000000008000ff20 (0x000097ba) c.add   a5, a4
core   0: 3 0x000000008000ff20 (0x97ba) x15 0x00000000800120dc
core   0: 0x000000008000ff22 (0xfe043703) ld      a4, -32(s0)
core   0: 3 0x000000008000ff22 (0xfe043703) x14 0x00000000800120d7 mem 0x0000000080031f50
core   0: 0x000000008000ff26 (0xfcf76de3) bltu    a4, a5, pc - 38
core   0: 3 0x000000008000ff26 (0xfcf76de3)
core   0: 0x000000008000ff00 (0xfe043783) ld      a5, -32(s0)
core   0: 3 0x000000008000ff00 (0xfe043783) x15 0x00000000800120d7 mem 0x0000000080031f50
core   0: 0x000000008000ff04 (0x00178713) addi    a4, a5, 1
core   0: 3 0x000000008000ff04 (0x00178713) x14 0x00000000800120d8
core   0: 0x000000008000ff08 (0xfee43023) sd      a4, -32(s0)
core   0: 3 0x000000008000ff08 (0xfee43023) mem 0x0000000080031f50 0x00000000800120d8
core   0: 0x000000008000ff0c (0xfc442703) lw      a4, -60(s0)
core   0: 3 0x000000008000ff0c (0xfc442703) x14 0x0000000000000000 mem 0x0000000080031f34
core   0: 0x000000008000ff10 (0x0ff77713) andi    a4, a4, 255
core   0: 3 0x000000008000ff10 (0x0ff77713) x14 0x0000000000000000
core   0: 0x000000008000ff14 (0x00e78023) sb      a4, 0(a5)
core   0: 3 0x000000008000ff14 (0x00e78023) mem 0x00000000800120d7 0x00
core   0: 0x000000008000ff18 (0xfc843703) ld      a4, -56(s0)
core   0: 3 0x000000008000ff18 (0xfc843703) x14 0x0000000080012040 mem 0x0000000080031f38
core   0: 0x000000008000ff1c (0xfb843783) ld      a5, -72(s0)
core   0: 3 0x000000008000ff1c (0xfb843783) x15 0x000000000000009c mem 0x0000000080031f28
core   0: 0x000000008000ff20 (0x000097ba) c.add   a5, a4
core   0: 3 0x000000008000ff20 (0x97ba) x15 0x00000000800120dc
core   0: 0x000000008000ff22 (0xfe043703) ld      a4, -32(s0)
core   0: 3 0x000000008000ff22 (0xfe043703) x14 0x00000000800120d8 mem 0x0000000080031f50
core   0: 0x000000008000ff26 (0xfcf76de3) bltu    a4, a5, pc - 38
core   0: 3 0x000000008000ff26 (0xfcf76de3)
core   0: 0x000000008000ff00 (0xfe043783) ld      a5, -32(s0)
core   0: 3 0x000000008000ff00 (0xfe043783) x15 0x00000000800120d8 mem 0x0000000080031f50
core   0: 0x000000008000ff04 (0x00178713) addi    a4, a5, 1
core   0: 3 0x000000008000ff04 (0x00178713) x14 0x00000000800120d9
core   0: 0x000000008000ff08 (0xfee43023) sd      a4, -32(s0)
core   0: 3 0x000000008000ff08 (0xfee43023) mem 0x0000000080031f50 0x00000000800120d9
core   0: 0x000000008000ff0c (0xfc442703) lw      a4, -60(s0)
core   0: 3 0x000000008000ff0c (0xfc442703) x14 0x0000000000000000 mem 0x0000000080031f34
core   0: 0x000000008000ff10 (0x0ff77713) andi    a4, a4, 255
core   0: 3 0x000000008000ff10 (0x0ff77713) x14 0x0000000000000000
core   0: 0x000000008000ff14 (0x00e78023) sb      a4, 0(a5)
core   0: 3 0x000000008000ff14 (0x00e78023) mem 0x00000000800120d8 0x00
core   0: 0x000000008000ff18 (0xfc843703) ld      a4, -56(s0)
core   0: 3 0x000000008000ff18 (0xfc843703) x14 0x0000000080012040 mem 0x0000000080031f38
core   0: 0x000000008000ff1c (0xfb843783) ld      a5, -72(s0)
core   0: 3 0x000000008000ff1c (0xfb843783) x15 0x000000000000009c mem 0x0000000080031f28
core   0: 0x000000008000ff20 (0x000097ba) c.add   a5, a4
core   0: 3 0x000000008000ff20 (0x97ba) x15 0x00000000800120dc
core   0: 0x000000008000ff22 (0xfe043703) ld      a4, -32(s0)
core   0: 3 0x000000008000ff22 (0xfe043703) x14 0x00000000800120d9 mem 0x0000000080031f50
core   0: 0x000000008000ff26 (0xfcf76de3) bltu    a4, a5, pc - 38
core   0: 3 0x000000008000ff26 (0xfcf76de3)
core   0: 0x000000008000ff00 (0xfe043783) ld      a5, -32(s0)
core   0: 3 0x000000008000ff00 (0xfe043783) x15 0x00000000800120d9 mem 0x0000000080031f50
core   0: 0x000000008000ff04 (0x00178713) addi    a4, a5, 1
core   0: 3 0x000000008000ff04 (0x00178713) x14 0x00000000800120da
core   0: 0x000000008000ff08 (0xfee43023) sd      a4, -32(s0)
core   0: 3 0x000000008000ff08 (0xfee43023) mem 0x0000000080031f50 0x00000000800120da
core   0: 0x000000008000ff0c (0xfc442703) lw      a4, -60(s0)
core   0: 3 0x000000008000ff0c (0xfc442703) x14 0x0000000000000000 mem 0x0000000080031f34
core   0: 0x000000008000ff10 (0x0ff77713) andi    a4, a4, 255
core   0: 3 0x000000008000ff10 (0x0ff77713) x14 0x0000000000000000
core   0: 0x000000008000ff14 (0x00e78023) sb      a4, 0(a5)
core   0: 3 0x000000008000ff14 (0x00e78023) mem 0x00000000800120d9 0x00
core   0: 0x000000008000ff18 (0xfc843703) ld      a4, -56(s0)
core   0: 3 0x000000008000ff18 (0xfc843703) x14 0x0000000080012040 mem 0x0000000080031f38
core   0: 0x000000008000ff1c (0xfb843783) ld      a5, -72(s0)
core   0: 3 0x000000008000ff1c (0xfb843783) x15 0x000000000000009c mem 0x0000000080031f28
core   0: 0x000000008000ff20 (0x000097ba) c.add   a5, a4
core   0: 3 0x000000008000ff20 (0x97ba) x15 0x00000000800120dc
core   0: 0x000000008000ff22 (0xfe043703) ld      a4, -32(s0)
core   0: 3 0x000000008000ff22 (0xfe043703) x14 0x00000000800120da mem 0x0000000080031f50
core   0: 0x000000008000ff26 (0xfcf76de3) bltu    a4, a5, pc - 38
core   0: 3 0x000000008000ff26 (0xfcf76de3)
core   0: 0x000000008000ff00 (0xfe043783) ld      a5, -32(s0)
core   0: 3 0x000000008000ff00 (0xfe043783) x15 0x00000000800120da mem 0x0000000080031f50
core   0: 0x000000008000ff04 (0x00178713) addi    a4, a5, 1
core   0: 3 0x000000008000ff04 (0x00178713) x14 0x00000000800120db
core   0: 0x000000008000ff08 (0xfee43023) sd      a4, -32(s0)
core   0: 3 0x000000008000ff08 (0xfee43023) mem 0x0000000080031f50 0x00000000800120db
core   0: 0x000000008000ff0c (0xfc442703) lw      a4, -60(s0)
core   0: 3 0x000000008000ff0c (0xfc442703) x14 0x0000000000000000 mem 0x0000000080031f34
core   0: 0x000000008000ff10 (0x0ff77713) andi    a4, a4, 255
core   0: 3 0x000000008000ff10 (0x0ff77713) x14 0x0000000000000000
core   0: 0x000000008000ff14 (0x00e78023) sb      a4, 0(a5)
core   0: 3 0x000000008000ff14 (0x00e78023) mem 0x00000000800120da 0x00
core   0: 0x000000008000ff18 (0xfc843703) ld      a4, -56(s0)
core   0: 3 0x000000008000ff18 (0xfc843703) x14 0x0000000080012040 mem 0x0000000080031f38
core   0: 0x000000008000ff1c (0xfb843783) ld      a5, -72(s0)
core   0: 3 0x000000008000ff1c (0xfb843783) x15 0x000000000000009c mem 0x0000000080031f28
core   0: 0x000000008000ff20 (0x000097ba) c.add   a5, a4
core   0: 3 0x000000008000ff20 (0x97ba) x15 0x00000000800120dc
core   0: 0x000000008000ff22 (0xfe043703) ld      a4, -32(s0)
core   0: 3 0x000000008000ff22 (0xfe043703) x14 0x00000000800120db mem 0x0000000080031f50
core   0: 0x000000008000ff26 (0xfcf76de3) bltu    a4, a5, pc - 38
core   0: 3 0x000000008000ff26 (0xfcf76de3)
core   0: 0x000000008000ff00 (0xfe043783) ld      a5, -32(s0)
core   0: 3 0x000000008000ff00 (0xfe043783) x15 0x00000000800120db mem 0x0000000080031f50
core   0: 0x000000008000ff04 (0x00178713) addi    a4, a5, 1
core   0: 3 0x000000008000ff04 (0x00178713) x14 0x00000000800120dc
core   0: 0x000000008000ff08 (0xfee43023) sd      a4, -32(s0)
core   0: 3 0x000000008000ff08 (0xfee43023) mem 0x0000000080031f50 0x00000000800120dc
core   0: 0x000000008000ff0c (0xfc442703) lw      a4, -60(s0)
core   0: 3 0x000000008000ff0c (0xfc442703) x14 0x0000000000000000 mem 0x0000000080031f34
core   0: 0x000000008000ff10 (0x0ff77713) andi    a4, a4, 255
core   0: 3 0x000000008000ff10 (0x0ff77713) x14 0x0000000000000000
core   0: 0x000000008000ff14 (0x00e78023) sb      a4, 0(a5)
core   0: 3 0x000000008000ff14 (0x00e78023) mem 0x00000000800120db 0x00
core   0: 0x000000008000ff18 (0xfc843703) ld      a4, -56(s0)
core   0: 3 0x000000008000ff18 (0xfc843703) x14 0x0000000080012040 mem 0x0000000080031f38
core   0: 0x000000008000ff1c (0xfb843783) ld      a5, -72(s0)
core   0: 3 0x000000008000ff1c (0xfb843783) x15 0x000000000000009c mem 0x0000000080031f28
core   0: 0x000000008000ff20 (0x000097ba) c.add   a5, a4
core   0: 3 0x000000008000ff20 (0x97ba) x15 0x00000000800120dc
core   0: 0x000000008000ff22 (0xfe043703) ld      a4, -32(s0)
core   0: 3 0x000000008000ff22 (0xfe043703) x14 0x00000000800120dc mem 0x0000000080031f50
core   0: 0x000000008000ff26 (0xfcf76de3) bltu    a4, a5, pc - 38
core   0: 3 0x000000008000ff26 (0xfcf76de3)
core   0: 0x000000008000ff2a (0xfc843783) ld      a5, -56(s0)
core   0: 3 0x000000008000ff2a (0xfc843783) x15 0x0000000080012040 mem 0x0000000080031f38
core   0: 0x000000008000ff2e (0x0000853e) c.mv    a0, a5
core   0: 3 0x000000008000ff2e (0x853e) x10 0x0000000080012040
core   0: 0x000000008000ff30 (0x00006426) c.ldsp  s0, 72(sp)
core   0: 3 0x000000008000ff30 (0x6426) x8  0x0000000080031f90 mem 0x0000000080031f68
core   0: 0x000000008000ff32 (0x00006161) c.addi16sp sp, 80
core   0: 3 0x000000008000ff32 (0x6161) x2  0x0000000080031f70
core   0: 0x000000008000ff34 (0x00008082) ret
core   0: 3 0x000000008000ff34 (0x8082)
core   0: 0x000000008000f4e8 (0x00000001) c.nop
core   0: 3 0x000000008000f4e8 (0x0001)
core   0: 0x000000008000f4ea (0x000060e2) c.ldsp  ra, 24(sp)
core   0: 3 0x000000008000f4ea (0x60e2) x1  0x000000008000f528 mem 0x0000000080031f88
core   0: 0x000000008000f4ec (0x00006442) c.ldsp  s0, 16(sp)
core   0: 3 0x000000008000f4ec (0x6442) x8  0x0000000080032040 mem 0x0000000080031f80
core   0: 0x000000008000f4ee (0x00006105) c.addi16sp sp, 32
core   0: 3 0x000000008000f4ee (0x6105) x2  0x0000000080031f90
core   0: 0x000000008000f4f0 (0x00008082) ret
core   0: 3 0x000000008000f4f0 (0x8082)
core   0: 0x000000008000f528 (0xf5842703) lw      a4, -168(s0)
core   0: 3 0x000000008000f528 (0xf5842703) x14 0x0000000000000001 mem 0x0000000080031f98
core   0: 0x000000008000f52c (0xf5c42783) lw      a5, -164(s0)
core   0: 3 0x000000008000f52c (0xf5c42783) x15 0x0000000000000000 mem 0x0000000080031f9c
core   0: 0x000000008000f530 (0x000085ba) c.mv    a1, a4
core   0: 3 0x000000008000f530 (0x85ba) x11 0x0000000000000001
core   0: 0x000000008000f532 (0x0000853e) c.mv    a0, a5
core   0: 3 0x000000008000f532 (0x853e) x10 0x0000000000000000
core   0: 0x000000008000f534 (0xf03ff0ef) jal     pc - 0xfe
core   0: 3 0x000000008000f534 (0xf03ff0ef) x1  0x000000008000f538
core   0: >>>>  thread_entry
core   0: 0x000000008000f436 (0x00001101) c.addi  sp, -32
core   0: 3 0x000000008000f436 (0x1101) x2  0x0000000080031f70
core   0: 0x000000008000f438 (0x0000ec22) c.sdsp  s0, 24(sp)
core   0: 3 0x000000008000f438 (0xec22) mem 0x0000000080031f88 0x0000000080032040
core   0: 0x000000008000f43a (0x00001000) c.addi4spn s0, sp, 32
core   0: 3 0x000000008000f43a (0x1000) x8  0x0000000080031f90
core   0: 0x000000008000f43c (0x000087aa) c.mv    a5, a0
core   0: 3 0x000000008000f43c (0x87aa) x15 0x0000000000000000
core   0: 0x000000008000f43e (0x0000872e) c.mv    a4, a1
core   0: 3 0x000000008000f43e (0x872e) x14 0x0000000000000001
core   0: 0x000000008000f440 (0xfef42623) sw      a5, -20(s0)
core   0: 3 0x000000008000f440 (0xfef42623) mem 0x0000000080031f7c 0x00000000
core   0: 0x000000008000f444 (0x000087ba) c.mv    a5, a4
core   0: 3 0x000000008000f444 (0x87ba) x15 0x0000000000000001
core   0: 0x000000008000f446 (0xfef42423) sw      a5, -24(s0)
core   0: 3 0x000000008000f446 (0xfef42423) mem 0x0000000080031f78 0x00000001
core   0: 0x000000008000f44a (0x00000001) c.nop
core   0: 3 0x000000008000f44a (0x0001)
core   0: 0x000000008000f44c (0xfec42783) lw      a5, -20(s0)
core   0: 3 0x000000008000f44c (0xfec42783) x15 0x0000000000000000 mem 0x0000000080031f7c
core   0: 0x000000008000f450 (0x00002781) c.addiw a5, 0
core   0: 3 0x000000008000f450 (0x2781) x15 0x0000000000000000
core   0: 0x000000008000f452 (0x0000ffed) c.bnez  a5, pc - 6
core   0: 3 0x000000008000f452 (0xffed)
core   0: 0x000000008000f454 (0x00000001) c.nop
core   0: 3 0x000000008000f454 (0x0001)
core   0: 0x000000008000f456 (0x00000001) c.nop
core   0: 3 0x000000008000f456 (0x0001)
core   0: 0x000000008000f458 (0x00006462) c.ldsp  s0, 24(sp)
core   0: 3 0x000000008000f458 (0x6462) x8  0x0000000080032040 mem 0x0000000080031f88
core   0: 0x000000008000f45a (0x00006105) c.addi16sp sp, 32
core   0: 3 0x000000008000f45a (0x6105) x2  0x0000000080031f90
core   0: 0x000000008000f45c (0x00008082) ret
core   0: 3 0x000000008000f45c (0x8082)
core   0: 0x000000008000f538 (0x00004581) c.li    a1, 0
core   0: 3 0x000000008000f538 (0x4581) x11 0x0000000000000000
core   0: 0x000000008000f53a (0x00004501) c.li    a0, 0
core   0: 3 0x000000008000f53a (0x4501) x10 0x0000000000000000
core   0: 0x000000008000f53c (0xac5f20ef) jal     pc - 0xd53c
core   0: 3 0x000000008000f53c (0xac5f20ef) x1  0x000000008000f540
core   0: >>>>  main
core   0: 0x0000000080002000 (0x00000001) c.nop
core   0: 3 0x0000000080002000 (0x0001)
core   0: >>>>  trap_vec_init
core   0: 0x0000000080002002 (0x00002797) auipc   a5, 0x2
core   0: 3 0x0000000080002002 (0x00002797) x15 0x0000000080004002
core   0: 0x0000000080002006 (0xffe78793) addi    a5, a5, -2
core   0: 3 0x0000000080002006 (0xffe78793) x15 0x0000000080004000
core   0: 0x000000008000200a (0x30579073) csrrw   zero, mtvec, a5
core   0: 3 0x000000008000200a (0x30579073) c773_mtvec 0x0000000080004000
core   0: >>>>  pmp_setup
core   0: 0x000000008000200e (0x00002c17) auipc   s8, 0x2
core   0: 3 0x000000008000200e (0x00002c17) x24 0x000000008000400e
core   0: 0x0000000080002012 (0x022c0c13) addi    s8, s8, 34
core   0: 3 0x0000000080002012 (0x022c0c13) x24 0x0000000080004030
core   0: 0x0000000080002016 (0x00004781) c.li    a5, 0
core   0: 3 0x0000000080002016 (0x4781) x15 0x0000000000000000
core   0: 0x0000000080002018 (0x00009c3e) c.add   s8, a5
core   0: 3 0x0000000080002018 (0x9c3e) x24 0x0000000080004030
core   0: 0x000000008000201a (0x3b0c1073) csrrw   zero, pmpaddr0, s8
core   0: 3 0x000000008000201a (0x3b0c1073) c944_pmpaddr0 0x0000000080004030
core   0: 0x000000008000201e (0x00004c3d) c.li    s8, 15
core   0: 3 0x000000008000201e (0x4c3d) x24 0x000000000000000f
core   0: 0x0000000080002020 (0x3a0c1073) csrrw   zero, pmpcfg0, s8
core   0: 3 0x0000000080002020 (0x3a0c1073) c928_pmpcfg0 0x000000000000000f
core   0: 0x0000000080002024 (0x12000073) sfence.vma zero, zero
core   0: 3 0x0000000080002024 (0x12000073)
core   0: >>>>  mepc_setup
core   0: 0x0000000080002028 (0x00002797) auipc   a5, 0x2
core   0: 3 0x0000000080002028 (0x00002797) x15 0x0000000080004028
core   0: 0x000000008000202c (0x00878793) addi    a5, a5, 8
core   0: 3 0x000000008000202c (0x00878793) x15 0x0000000080004030
core   0: 0x0000000080002030 (0x34179073) csrrw   zero, mepc, a5
core   0: 3 0x0000000080002030 (0x34179073) c833_mepc 0x0000000080004030
core   0: >>>>  custom_csr_setup
core   0: 0x0000000080002034 (0x00100f9b) addiw   t6, zero, 1
core   0: 3 0x0000000080002034 (0x00100f9b) x31 0x0000000000000001
core   0: 0x0000000080002038 (0x00000ffe) c.slli  t6, 31
core   0: 3 0x0000000080002038 (0x0ffe) x31 0x0000000080000000
core   0: 0x000000008000203a (0x00000001) c.nop
core   0: 3 0x000000008000203a (0x0001)
core   0: >>>>  init_s_mode
core   0: 0x000000008000203c (0xfff0079b) addiw   a5, zero, -1
core   0: 3 0x000000008000203c (0xfff0079b) x15 0xffffffffffffffff
core   0: 0x0000000080002040 (0x000017fe) c.slli  a5, 63
core   0: 3 0x0000000080002040 (0x17fe) x15 0x8000000000000000
core   0: 0x0000000080002042 (0x18079073) csrrw   zero, satp, a5
core   0: 3 0x0000000080002042 (0x18079073) c384_satp 0x8000000000000000
core   0: 0x0000000080002046 (0x0000f797) auipc   a5, 0xf
core   0: 3 0x0000000080002046 (0x0000f797) x15 0x0000000080011046
core   0: 0x000000008000204a (0xfba78793) addi    a5, a5, -70
core   0: 3 0x000000008000204a (0xfba78793) x15 0x0000000080011000
core   0: 0x000000008000204e (0x000083b1) c.srli  a5, 12
core   0: 3 0x000000008000204e (0x83b1) x15 0x0000000000080011
core   0: 0x0000000080002050 (0x0010061b) addiw   a2, zero, 1
core   0: 3 0x0000000080002050 (0x0010061b) x12 0x0000000000000001
core   0: 0x0000000080002054 (0x00001632) c.slli  a2, 44
core   0: 3 0x0000000080002054 (0x1632) x12 0x0000100000000000
core   0: 0x0000000080002056 (0x0000167d) c.addi  a2, -1
core   0: 3 0x0000000080002056 (0x167d) x12 0x00000fffffffffff
core   0: 0x0000000080002058 (0x00008ff1) c.and   a5, a2
core   0: 3 0x0000000080002058 (0x8ff1) x15 0x0000000000080011
core   0: 0x000000008000205a (0x1807a073) csrrs   zero, satp, a5
core   0: 3 0x000000008000205a (0x1807a073) c384_satp 0x8000000000080011
core   0: 0x000000008000205e (0x00a005b7) lui     a1, 0xa00
core   0: 3 0x000000008000205e (0x00a005b7) x11 0x0000000000a00000
core   0: 0x0000000080002062 (0x10b5859b) addiw   a1, a1, 267
core   0: 3 0x0000000080002062 (0x10b5859b) x11 0x0000000000a0010b
core   0: 0x0000000080002066 (0x000005b2) c.slli  a1, 12
core   0: 3 0x0000000080002066 (0x05b2) x11 0x0000000a0010b000
core   0: 0x0000000080002068 (0xa0058593) addi    a1, a1, -1536
core   0: 3 0x0000000080002068 (0xa0058593) x11 0x0000000a0010aa00
core   0: 0x000000008000206c (0x30059073) csrrw   zero, mstatus, a1
core   0: 3 0x000000008000206c (0x30059073) c768_mstatus 0x0000000a00102800
core   0: 0x0000000080002070 (0x30459073) csrrw   zero, mie, a1
core   0: 3 0x0000000080002070 (0x30459073) c772_mie 0x0000000000000a00
core   0: 0x0000000080002074 (0x00a005b7) lui     a1, 0xa00
core   0: 3 0x0000000080002074 (0x00a005b7) x11 0x0000000000a00000
core   0: 0x0000000080002078 (0x10b5859b) addiw   a1, a1, 267
core   0: 3 0x0000000080002078 (0x10b5859b) x11 0x0000000000a0010b
core   0: 0x000000008000207c (0x000005b2) c.slli  a1, 12
core   0: 3 0x000000008000207c (0x05b2) x11 0x0000000a0010b000
core   0: 0x000000008000207e (0xa0058593) addi    a1, a1, -1536
core   0: 3 0x000000008000207e (0xa0058593) x11 0x0000000a0010aa00
core   0: 0x0000000080002082 (0x10059073) csrrw   zero, sstatus, a1
core   0: 3 0x0000000080002082 (0x10059073) c768_mstatus 0x0000000a00102800
core   0: 0x0000000080002086 (0x10459073) csrrw   zero, sie, a1
core   0: 3 0x0000000080002086 (0x10459073) c772_mie 0x0000000000000a00
core   0: 0x000000008000208a (0x30200073) mret
core   0: 3 0x000000008000208a (0x30200073) c768_mstatus 0x0000000a00102080
core   0: >>>>  main_g
core   0: 0x0000000080004030 (0x039ec6b3) div     a3, t4, s9
core   0: 1 0x0000000080004030 (0x039ec6b3) x13 0xffffffffffffffff
core   0: 0x0000000080004034 (0x03d6c33b) divw    t1, a3, t4
core   0: 1 0x0000000080004034 (0x03d6c33b) x6  0xffffffffffffffff
core   0: 0x0000000080004038 (0xc20af353) fcvt.w.d t1, fs5
core   0: 1 0x0000000080004038 (0xc20af353) c1_fflags 0x0000000000000010 c768_mstatus 0x8000000a00106080 x6  0x000000007fffffff
core   0: 0x000000008000403c (0x01431abb) sllw    s5, t1, s4
core   0: 1 0x000000008000403c (0x01431abb) x21 0x000000007fffffff
core   0: 0x0000000080004040 (0x9c0d4617) auipc   a2, 0x9c0d4
core   0: 1 0x0000000080004040 (0x9c0d4617) x12 0x000000001c0d8040
core   0: 0x0000000080004044 (0x2a001053) fmax.d  ft0, ft0, ft0
core   0: 1 0x0000000080004044 (0x2a001053) f0  0x7ff8000000000000
core   0: 0x0000000080004048 (0x7ff56513) ori     a0, a0, 2047
core   0: 1 0x0000000080004048 (0x7ff56513) x10 0x00000000000007ff
core   0: 0x000000008000404c (0x220fa8d3) fsgnjx.d fa7, ft11, ft0
core   0: 1 0x000000008000404c (0x220fa8d3) f17 0xffffffff00000000
core   0: 0x0000000080004050 (0xc235f0d3) fcvt.lu.d ra, fa1
core   0: 1 0x0000000080004050 (0xc235f0d3) c1_fflags 0x0000000000000010 x1  0xffffffffffffffff
core   0: 0x0000000080004054 (0x41de0eb3) sub     t4, t3, t4
core   0: 1 0x0000000080004054 (0x41de0eb3) x29 0x0000000000000000
core   0: 0x0000000080004058 (0x02a5deb3) divu    t4, a1, a0
core   0: 1 0x0000000080004058 (0x02a5deb3) x29 0x0000000001402a1a
core   0: 0x000000008000405c (0x00261673) csrrw   a2, frm, a2
core   0: 1 0x000000008000405c (0x00261673) x12 0x0000000000000000 c2_frm 0x0000000000000000
core   0: 0x0000000080004060 (0x42088ad3) fcvt.d.s fs5, fa7
core   0: 1 0x0000000080004060 (0x42088ad3) f21 0x0000000000000000
core   0: 0x0000000080004064 (0x39bba897) auipc   a7, 0x39bba
core   0: 1 0x0000000080004064 (0x39bba897) x17 0x00000000b9bbe064
core   0: 0x0000000080004068 (0x00189af3) csrrw   s5, fflags, a7
core   0: 1 0x0000000080004068 (0x00189af3) x21 0x0000000000000010 c1_fflags 0x0000000000000004
core   0: 0x000000008000406c (0xfff9c713) not     a4, s3
core   0: 1 0x000000008000406c (0xfff9c713) x14 0xffffffffffffffff
core   0: 0x0000000080004070 (0x035cea3b) remw    s4, s9, s5
core   0: 1 0x0000000080004070 (0x035cea3b) x20 0x0000000000000000
core   0: 0x0000000080004074 (0x0377073b) mulw    a4, a4, s7
core   0: 1 0x0000000080004074 (0x0377073b) x14 0x0000000000000000
core   0: 0x0000000080004078 (0x23cf83d3) fsgnj.d ft7, ft11, ft8
core   0: 1 0x0000000080004078 (0x23cf83d3) f7  0xffffffff00000000
core   0: 0x000000008000407c (0x2a2f8f53) fmin.d  ft10, ft11, ft2
core   0: 1 0x000000008000407c (0x2a2f8f53) f30 0x7ff8000000000000
core   0: 0x0000000080004080 (0x2a5172c3) fmadd.d ft5, ft2, ft5, ft5
core   0: 1 0x0000000080004080 (0x2a5172c3) f5  0x7ff8000000000000
core   0: 0x0000000080004084 (0x402a5313) srai    t1, s4, 2
core   0: 1 0x0000000080004084 (0x402a5313) x6  0x0000000000000000
core   0: 0x0000000080004088 (0x40e35633) sra     a2, t1, a4
core   0: 1 0x0000000080004088 (0x40e35633) x12 0x0000000000000000
core   0: 0x000000008000408c (0x1ad576d3) fdiv.d  fa3, fa0, fa3
core   0: 1 0x000000008000408c (0x1ad576d3) f13 0x7ff8000000000000
core   0: 0x0000000080004090 (0x400eda93) srai    s5, t4, 0
core   0: 1 0x0000000080004090 (0x400eda93) x21 0x0000000001402a1a
core   0: 0x0000000080004094 (0xc022f853) fcvt.l.s a6, ft5
core   0: 1 0x0000000080004094 (0xc022f853) c1_fflags 0x0000000000000014 x16 0x7fffffffffffffff
core   0: 0x0000000080004098 (0xc2327dd3) fcvt.lu.d s11, ft4
core   0: 1 0x0000000080004098 (0xc2327dd3) c1_fflags 0x0000000000000014 x27 0xffffffffffffffff
core   0: 0x000000008000409c (0x2a529cd3) fmax.d  fs9, ft5, ft5
core   0: 1 0x000000008000409c (0x2a529cd3) f25 0x7ff8000000000000
core   0: 0x00000000800040a0 (0xc202f353) fcvt.w.d t1, ft5
core   0: 1 0x00000000800040a0 (0xc202f353) c1_fflags 0x0000000000000014 x6  0x000000007fffffff
core   0: 0x00000000800040a4 (0xc0357153) fcvt.lu.s sp, fa0
core   0: 1 0x00000000800040a4 (0xc0357153) x2  0x0000000000000000
core   0: 0x00000000800040a8 (0xfff7099b) addiw   s3, a4, -1
core   0: 1 0x00000000800040a8 (0xfff7099b) x19 0xffffffffffffffff
core   0: 0x00000000800040ac (0x002c9333) sll     t1, s9, sp
core   0: 1 0x00000000800040ac (0x002c9333) x6  0x0000000000000000
core   0: 0x00000000800040b0 (0xd029f7d3) fcvt.s.l fa5, s3
core   0: 1 0x00000000800040b0 (0xd029f7d3) f15 0xffffffffbf800000
core   0: 0x00000000800040b4 (0x02ccf63b) remuw   a2, s9, a2
core   0: 1 0x00000000800040b4 (0x02ccf63b) x12 0x0000000000000000
core   0: 0x00000000800040b8 (0x4097d493) srai    s1, a5, 9
core   0: 1 0x00000000800040b8 (0x4097d493) x9  0x0000000000000400
core   0: 0x00000000800040bc (0x013bdbbb) srlw    s7, s7, s3
core   0: 1 0x00000000800040bc (0x013bdbbb) x23 0x0000000000000000
core   0: 0x00000000800040c0 (0x00202a73) csrrs   s4, frm, zero
core   0: 1 0x00000000800040c0 (0x00202a73) x20 0x0000000000000000
core   0: 0x00000000800040c4 (0x02da5633) divu    a2, s4, a3
core   0: 1 0x00000000800040c4 (0x02da5633) x12 0x0000000000000000
core   0: 0x00000000800040c8 (0x00261573) csrrw   a0, frm, a2
core   0: 1 0x00000000800040c8 (0x00261573) x10 0x0000000000000000 c2_frm 0x0000000000000000
core   0: 0x00000000800040cc (0x0128ccb3) xor     s9, a7, s2
core   0: 1 0x00000000800040cc (0x0128ccb3) x25 0x00000000b9bbe064
core   0: 0x00000000800040d0 (0xfedcfd37) lui     s10, 0xfedcf
core   0: 1 0x00000000800040d0 (0xfedcfd37) x26 0xfffffffffedcf000
core   0: 0x00000000800040d4 (0x0f3d0d1b) addiw   s10, s10, 243
core   0: 1 0x00000000800040d4 (0x0f3d0d1b) x26 0xfffffffffedcf0f3
core   0: 0x00000000800040d8 (0x00000d3a) c.slli  s10, 14
core   0: 1 0x00000000800040d8 (0x0d3a) x26 0xffffffb73c3cc000
core   0: 0x00000000800040da (0x0d4d0d13) addi    s10, s10, 212
core   0: 1 0x00000000800040da (0x0d4d0d13) x26 0xffffffb73c3cc0d4
core   0: 0x00000000800040de (0xf2098ad3) fmv.d.x fs5, s3
core   0: 1 0x00000000800040de (0xf2098ad3) f21 0xffffffffffffffff
core   0: 0x00000000800040e2 (0xd2028353) fcvt.d.w ft6, t0
core   0: 1 0x00000000800040e2 (0xd2028353) f6  0xc1dfffffb7000000
core   0: 0x00000000800040e6 (0xb1169397) auipc   t2, 0xb1169
core   0: 1 0x00000000800040e6 (0xb1169397) x7  0x000000003116d0e6
core   0: 0x00000000800040ea (0xc2017253) fcvt.w.d tp, ft2
core   0: 1 0x00000000800040ea (0xc2017253) c1_fflags 0x0000000000000014 x4  0x000000007fffffff
core   0: 0x00000000800040ee (0x23d62653) fsgnjx.d fa2, fa2, ft9
core   0: 1 0x00000000800040ee (0x23d62653) f12 0x7fffffff00000000
core   0: 0x00000000800040f2 (0x31a063f3) csrrsi  t2, menvcfgh, 0
core   0: exception trap_illegal_instruction, epc 0x00000000800040f2
core   0:           tval 0x0000000031a063f3
core   0: >>>>  $xrv64i2p1_m2p0_a2p1_f2p2_d2p2_zicsr2p0_zifencei2p0_zmmul1p0_zba1p0_zbb1p0_zbc1p0_zbs1p0
core   0: 0x0000000080004000 (0x0080006f) j       pc + 0x8
core   0: 3 0x0000000080004000 (0x0080006f)
core   0: >>>>  mmode_exception_handler
core   0: 0x0000000080004008 (0x00002c17) auipc   s8, 0x2
core   0: 3 0x0000000080004008 (0x00002c17) x24 0x0000000080006008
core   0: 0x000000008000400c (0x052c0c13) addi    s8, s8, 82
core   0: 3 0x000000008000400c (0x052c0c13) x24 0x000000008000605a
core   0: 0x0000000080004010 (0x000c00e7) jalr    s8
core   0: 3 0x0000000080004010 (0x000c00e7) x1  0x0000000080004014
core   0: >>>>  any_handler
core   0: 0x000000008000605a (0x341027f3) csrrs   a5, mepc, zero
core   0: 3 0x000000008000605a (0x341027f3) x15 0x00000000800040f2
core   0: 0x000000008000605e (0x34202773) csrrs   a4, mcause, zero
core   0: 3 0x000000008000605e (0x34202773) x14 0x0000000000000002
core   0: 0x0000000080006062 (0x142026f3) csrrs   a3, scause, zero
core   0: 3 0x0000000080006062 (0x142026f3) x13 0x0000000000000000
core   0: 0x0000000080006066 (0x30402673) csrrs   a2, mie, zero
core   0: 3 0x0000000080006066 (0x30402673) x12 0x0000000000000a00
core   0: 0x000000008000606a (0x344025f3) csrrs   a1, mip, zero
core   0: 3 0x000000008000606a (0x344025f3) x11 0x0000000000000080
core   0: 0x000000008000606e (0x343025f3) csrrs   a1, mtval, zero
core   0: 3 0x000000008000606e (0x343025f3) x11 0x0000000031a063f3
core   0: 0x0000000080006072 (0x14302573) csrrs   a0, stval, zero
core   0: 3 0x0000000080006072 (0x14302573) x10 0x0000000000000000
core   0: 0x0000000080006076 (0xb02024f3) csrrs   s1, minstret, zero
core   0: 3 0x0000000080006076 (0xb02024f3) x9  0x00000000000007fc
core   0: 0x000000008000607a (0x0000a811) c.j     pc + 20
core   0: 3 0x000000008000607a (0xa811)
core   0: >>>>  mepc_4
core   0: 0x000000008000608e (0x00000791) c.addi  a5, 4
core   0: 3 0x000000008000608e (0x0791) x15 0x00000000800040f6
core   0: 0x0000000080006090 (0x34179073) csrrw   zero, mepc, a5
core   0: 3 0x0000000080006090 (0x34179073) c833_mepc 0x00000000800040f6
core   0: 0x0000000080006094 (0x30200073) mret
core   0: 3 0x0000000080006094 (0x30200073) c768_mstatus 0x8000000a00106080
core   0: 0x00000000800040f6 (0x22c82dd3) fsgnjx.d fs11, fa6, fa2
core   0: 1 0x00000000800040f6 (0x22c82dd3) f27 0xffffffff00000000
core   0: 0x00000000800040fa (0x00000833) add     a6, zero, zero
core   0: 1 0x00000000800040fa (0x00000833) x16 0x0000000000000000
core   0: 0x00000000800040fe (0x02fe37b3) mulhu   a5, t3, a5
core   0: 1 0x00000000800040fe (0x02fe37b3) x15 0x0000000000000000
core   0: 0x0000000080004102 (0xa38f0953) fle.d   s2, ft10, fs8
core   0: 1 0x0000000080004102 (0xa38f0953) c1_fflags 0x0000000000000014 x18 0x0000000000000000
core   0: 0x0000000080004106 (0x420d88d3) fcvt.d.s fa7, fs11
core   0: 1 0x0000000080004106 (0x420d88d3) f17 0x0000000000000000
core   0: 0x000000008000410a (0xf20b0cd3) fmv.d.x fs9, s6
core   0: 1 0x000000008000410a (0xf20b0cd3) f25 0x0000000000000000
core   0: 0x000000008000410e (0xfb857d4f) fnmadd.d fs10, fa0, fs8, ft11
core   0: 1 0x000000008000410e (0xfb857d4f) f26 0x7ff8000000000000
core   0: 0x0000000080004112 (0xfff7081b) addiw   a6, a4, -1
core   0: 1 0x0000000080004112 (0xfff7081b) x16 0x0000000000000001
core   0: 0x0000000080004116 (0x00b455bb) srlw    a1, s0, a1
core   0: 1 0x0000000080004116 (0x00b455bb) x11 0x0000000000001000
core   0: 0x000000008000411a (0xc2217853) fcvt.l.d a6, ft2
core   0: 1 0x000000008000411a (0xc2217853) c1_fflags 0x0000000000000014 x16 0x7fffffffffffffff
core   0: 0x000000008000411e (0x00102df3) csrrs   s11, fflags, zero
core   0: 1 0x000000008000411e (0x00102df3) x27 0x0000000000000014
core   0: 0x0000000080004122 (0x030db1b3) mulhu   gp, s11, a6
core   0: 1 0x0000000080004122 (0x030db1b3) x3  0x0000000000000009
core   0: 0x0000000080004126 (0xcfdd001b) addiw   zero, s10, -771
core   0: 1 0x0000000080004126 (0xcfdd001b)
core   0: 0x000000008000412a (0x0279c9b3) div     s3, s3, t2
core   0: 1 0x000000008000412a (0x0279c9b3) x19 0x0000000000000000
core   0: 0x000000008000412e (0x00e75dbb) srlw    s11, a4, a4
core   0: 1 0x000000008000412e (0x00e75dbb) x27 0x0000000000000000
core   0: 0x0000000080004132 (0x00d5d997) auipc   s3, 0xd5d
core   0: 1 0x0000000080004132 (0x00d5d997) x19 0x0000000080d61132
core   0: 0x0000000080004136 (0x43f05393) srai    t2, zero, 63
core   0: 1 0x0000000080004136 (0x43f05393) x7  0x0000000000000000
core   0: 0x000000008000413a (0x2b5b1053) fmax.d  ft0, fs6, fs5
core   0: 1 0x000000008000413a (0x2b5b1053) f0  0x7ff8000000000000
core   0: 0x000000008000413e (0x000d05bb) addw    a1, s10, zero
core   0: 1 0x000000008000413e (0x000d05bb) x11 0x000000003c3cc0d4
core   0: 0x0000000080004142 (0x2ba785d3) fmin.d  fa1, fa5, fs10
core   0: 1 0x0000000080004142 (0x2ba785d3) f11 0x7ff8000000000000
core   0: 0x0000000080004146 (0xd035f853) fcvt.s.lu fa6, a1
core   0: 1 0x0000000080004146 (0xd035f853) c1_fflags 0x0000000000000015 f16 0xffffffff4e70f303
core   0: 0x000000008000414a (0xd21d8e53) fcvt.d.wu ft8, s11
core   0: 1 0x000000008000414a (0xd21d8e53) f28 0x0000000000000000
core   0: 0x000000008000414e (0x401af9d3) fcvt.s.d fs3, fs5
core   0: 1 0x000000008000414e (0x401af9d3) f19 0xffffffff7fc00000
core   0: 0x0000000080004152 (0x2bbb88d3) fmin.d  fa7, fs7, fs11
core   0: 1 0x0000000080004152 (0x2bbb88d3) f17 0x7ff8000000000000
core   0: 0x0000000080004156 (0x42000f53) fcvt.d.s ft10, ft0
core   0: 1 0x0000000080004156 (0x42000f53) f30 0x7ff8000000000000
core   0: 0x000000008000415a (0x4003da1b) sraiw   s4, t2, 0
core   0: 1 0x000000008000415a (0x4003da1b) x20 0x0000000000000000
core   0: 0x000000008000415e (0xf13d1a73) csrrw   s4, mimpid, s10
core   0: exception trap_illegal_instruction, epc 0x000000008000415e
core   0:           tval 0x00000000f13d1a73
core   0: >>>>  $xrv64i2p1_m2p0_a2p1_f2p2_d2p2_zicsr2p0_zifencei2p0_zmmul1p0_zba1p0_zbb1p0_zbc1p0_zbs1p0
core   0: 0x0000000080004000 (0x0080006f) j       pc + 0x8
core   0: 3 0x0000000080004000 (0x0080006f)
core   0: >>>>  mmode_exception_handler
core   0: 0x0000000080004008 (0x00002c17) auipc   s8, 0x2
core   0: 3 0x0000000080004008 (0x00002c17) x24 0x0000000080006008
core   0: 0x000000008000400c (0x052c0c13) addi    s8, s8, 82
core   0: 3 0x000000008000400c (0x052c0c13) x24 0x000000008000605a
core   0: 0x0000000080004010 (0x000c00e7) jalr    s8
core   0: 3 0x0000000080004010 (0x000c00e7) x1  0x0000000080004014
core   0: >>>>  any_handler
core   0: 0x000000008000605a (0x341027f3) csrrs   a5, mepc, zero
core   0: 3 0x000000008000605a (0x341027f3) x15 0x000000008000415e
core   0: 0x000000008000605e (0x34202773) csrrs   a4, mcause, zero
core   0: 3 0x000000008000605e (0x34202773) x14 0x0000000000000002
core   0: 0x0000000080006062 (0x142026f3) csrrs   a3, scause, zero
core   0: 3 0x0000000080006062 (0x142026f3) x13 0x0000000000000000
core   0: 0x0000000080006066 (0x30402673) csrrs   a2, mie, zero
core   0: 3 0x0000000080006066 (0x30402673) x12 0x0000000000000a00
core   0: 0x000000008000606a (0x344025f3) csrrs   a1, mip, zero
core   0: 3 0x000000008000606a (0x344025f3) x11 0x0000000000000080
core   0: 0x000000008000606e (0x343025f3) csrrs   a1, mtval, zero
core   0: 3 0x000000008000606e (0x343025f3) x11 0x00000000f13d1a73
core   0: 0x0000000080006072 (0x14302573) csrrs   a0, stval, zero
core   0: 3 0x0000000080006072 (0x14302573) x10 0x0000000000000000
core   0: 0x0000000080006076 (0xb02024f3) csrrs   s1, minstret, zero
core   0: 3 0x0000000080006076 (0xb02024f3) x9  0x0000000000000826
core   0: 0x000000008000607a (0x0000a811) c.j     pc + 20
core   0: 3 0x000000008000607a (0xa811)
core   0: >>>>  mepc_4
core   0: 0x000000008000608e (0x00000791) c.addi  a5, 4
core   0: 3 0x000000008000608e (0x0791) x15 0x0000000080004162
core   0: 0x0000000080006090 (0x34179073) csrrw   zero, mepc, a5
core   0: 3 0x0000000080006090 (0x34179073) c833_mepc 0x0000000080004162
core   0: 0x0000000080006094 (0x30200073) mret
core   0: 3 0x0000000080006094 (0x30200073) c768_mstatus 0x8000000a00106080
core   0: 0x0000000080004162 (0x13ecf5d3) fmul.d  fa1, fs9, ft10
core   0: 1 0x0000000080004162 (0x13ecf5d3) f11 0x7ff8000000000000
core   0: 0x0000000080004166 (0x030a7333) remu    t1, s4, a6
core   0: 1 0x0000000080004166 (0x030a7333) x6  0x0000000000000000
core   0: 0x000000008000416a (0xd22af4d3) fcvt.d.l fs1, s5
core   0: 1 0x000000008000416a (0xd22af4d3) f9  0x417402a1a0000000
core   0: 0x000000008000416e (0x415a8ab3) sub     s5, s5, s5
core   0: 1 0x000000008000416e (0x415a8ab3) x21 0x0000000000000000
core   0: 0x0000000080004172 (0xc23b76d3) fcvt.lu.d a3, fs6
core   0: 1 0x0000000080004172 (0xc23b76d3) c1_fflags 0x0000000000000015 x13 0xffffffffffffffff
core   0: 0x0000000080004176 (0x0310f0bb) remuw   ra, ra, a7
core   0: 1 0x0000000080004176 (0x0310f0bb) x1  0xffffffff80004014
core   0: 0x000000008000417a (0x411686b3) sub     a3, a3, a7
core   0: 1 0x000000008000417a (0x411686b3) x13 0xffffffff46441f9b
core   0: 0x000000008000417e (0xd23078d3) fcvt.d.lu fa7, zero
core   0: 1 0x000000008000417e (0xd23078d3) f17 0x0000000000000000
core   0: 0x0000000080004182 (0x01c97033) and     zero, s2, t3
core   0: 1 0x0000000080004182 (0x01c97033)
core   0: 0x0000000080004186 (0x0091523b) srlw    tp, sp, s1
core   0: 1 0x0000000080004186 (0x0091523b) x4  0x0000000000000000
core   0: 0x000000008000418a (0x97dc011b) addiw   sp, s8, -1667
core   0: 1 0x000000008000418a (0x97dc011b) x2  0xffffffff800059d7
core   0: 0x000000008000418e (0x8d928613) addi    a2, t0, -1831
core   0: 1 0x000000008000418e (0x8d928613) x12 0x000000007ffff9fd
core   0: 0x0000000080004192 (0x5a0a71d3) fsqrt.d ft3, fs4
core   0: 1 0x0000000080004192 (0x5a0a71d3) f3  0x7ff8000000000000
core   0: 0x0000000080004196 (0xf20d0553) fmv.d.x fa0, s10
core   0: 1 0x0000000080004196 (0xf20d0553) f10 0xffffffb73c3cc0d4
core   0: 0x000000008000419a (0x41500b33) sub     s6, zero, s5
core   0: 1 0x000000008000419a (0x41500b33) x22 0x0000000000000000
core   0: 0x000000008000419e (0x033b3e33) mulhu   t3, s6, s3
core   0: 1 0x000000008000419e (0x033b3e33) x28 0x0000000000000000
core   0: 0x00000000800041a2 (0x402e0c3b) subw    s8, t3, sp
core   0: 1 0x00000000800041a2 (0x402e0c3b) x24 0x000000007fffa629
core   0: 0x00000000800041a6 (0x3dea0a1b) addiw   s4, s4, 990
core   0: 1 0x00000000800041a6 (0x3dea0a1b) x20 0x00000000000003de
core   0: 0x00000000800041aa (0x000dd69b) srliw   a3, s11, 0
core   0: 1 0x00000000800041aa (0x000dd69b) x13 0x0000000000000000
core   0: 0x00000000800041ae (0xc2257053) fcvt.l.d zero, fa0
core   0: 1 0x00000000800041ae (0xc2257053) c1_fflags 0x0000000000000015
core   0: 0x00000000800041b2 (0xf20383d3) fmv.d.x ft7, t2
core   0: 1 0x00000000800041b2 (0xf20383d3) f7  0x0000000000000000
core   0: 0x00000000800041b6 (0x31006bf3) csrrsi  s7, mstatush, 0
core   0: exception trap_illegal_instruction, epc 0x00000000800041b6
core   0:           tval 0x0000000031006bf3
core   0: >>>>  $xrv64i2p1_m2p0_a2p1_f2p2_d2p2_zicsr2p0_zifencei2p0_zmmul1p0_zba1p0_zbb1p0_zbc1p0_zbs1p0
core   0: 0x0000000080004000 (0x0080006f) j       pc + 0x8
core   0: 3 0x0000000080004000 (0x0080006f)
core   0: >>>>  mmode_exception_handler
core   0: 0x0000000080004008 (0x00002c17) auipc   s8, 0x2
core   0: 3 0x0000000080004008 (0x00002c17) x24 0x0000000080006008
core   0: 0x000000008000400c (0x052c0c13) addi    s8, s8, 82
core   0: 3 0x000000008000400c (0x052c0c13) x24 0x000000008000605a
core   0: 0x0000000080004010 (0x000c00e7) jalr    s8
core   0: 3 0x0000000080004010 (0x000c00e7) x1  0x0000000080004014
core   0: >>>>  any_handler
core   0: 0x000000008000605a (0x341027f3) csrrs   a5, mepc, zero
core   0: 3 0x000000008000605a (0x341027f3) x15 0x00000000800041b6
core   0: 0x000000008000605e (0x34202773) csrrs   a4, mcause, zero
core   0: 3 0x000000008000605e (0x34202773) x14 0x0000000000000002
core   0: 0x0000000080006062 (0x142026f3) csrrs   a3, scause, zero
core   0: 3 0x0000000080006062 (0x142026f3) x13 0x0000000000000000
core   0: 0x0000000080006066 (0x30402673) csrrs   a2, mie, zero
core   0: 3 0x0000000080006066 (0x30402673) x12 0x0000000000000a00
core   0: 0x000000008000606a (0x344025f3) csrrs   a1, mip, zero
core   0: 3 0x000000008000606a (0x344025f3) x11 0x0000000000000080
core   0: 0x000000008000606e (0x343025f3) csrrs   a1, mtval, zero
core   0: 3 0x000000008000606e (0x343025f3) x11 0x0000000031006bf3
core   0: 0x0000000080006072 (0x14302573) csrrs   a0, stval, zero
core   0: 3 0x0000000080006072 (0x14302573) x10 0x0000000000000000
core   0: 0x0000000080006076 (0xb02024f3) csrrs   s1, minstret, zero
core   0: 3 0x0000000080006076 (0xb02024f3) x9  0x000000000000084b
core   0: 0x000000008000607a (0x0000a811) c.j     pc + 20
core   0: 3 0x000000008000607a (0xa811)
core   0: >>>>  mepc_4
core   0: 0x000000008000608e (0x00000791) c.addi  a5, 4
core   0: 3 0x000000008000608e (0x0791) x15 0x00000000800041ba
core   0: 0x0000000080006090 (0x34179073) csrrw   zero, mepc, a5
core   0: 3 0x0000000080006090 (0x34179073) c833_mepc 0x00000000800041ba
core   0: 0x0000000080006094 (0x30200073) mret
core   0: 3 0x0000000080006094 (0x30200073) c768_mstatus 0x8000000a00106080
core   0: 0x00000000800041ba (0x7b0bfe73) csrrci  t3, dcsr, 23
core   0: exception trap_illegal_instruction, epc 0x00000000800041ba
core   0:           tval 0x000000007b0bfe73
core   0: >>>>  $xrv64i2p1_m2p0_a2p1_f2p2_d2p2_zicsr2p0_zifencei2p0_zmmul1p0_zba1p0_zbb1p0_zbc1p0_zbs1p0
core   0: 0x0000000080004000 (0x0080006f) j       pc + 0x8
core   0: 3 0x0000000080004000 (0x0080006f)
core   0: >>>>  mmode_exception_handler
core   0: 0x0000000080004008 (0x00002c17) auipc   s8, 0x2
core   0: 3 0x0000000080004008 (0x00002c17) x24 0x0000000080006008
core   0: 0x000000008000400c (0x052c0c13) addi    s8, s8, 82
core   0: 3 0x000000008000400c (0x052c0c13) x24 0x000000008000605a
core   0: 0x0000000080004010 (0x000c00e7) jalr    s8
core   0: 3 0x0000000080004010 (0x000c00e7) x1  0x0000000080004014
core   0: >>>>  any_handler
core   0: 0x000000008000605a (0x341027f3) csrrs   a5, mepc, zero
core   0: 3 0x000000008000605a (0x341027f3) x15 0x00000000800041ba
core   0: 0x000000008000605e (0x34202773) csrrs   a4, mcause, zero
core   0: 3 0x000000008000605e (0x34202773) x14 0x0000000000000002
core   0: 0x0000000080006062 (0x142026f3) csrrs   a3, scause, zero
core   0: 3 0x0000000080006062 (0x142026f3) x13 0x0000000000000000
core   0: 0x0000000080006066 (0x30402673) csrrs   a2, mie, zero
core   0: 3 0x0000000080006066 (0x30402673) x12 0x0000000000000a00
core   0: 0x000000008000606a (0x344025f3) csrrs   a1, mip, zero
core   0: 3 0x000000008000606a (0x344025f3) x11 0x0000000000000080
core   0: 0x000000008000606e (0x343025f3) csrrs   a1, mtval, zero
core   0: 3 0x000000008000606e (0x343025f3) x11 0x000000007b0bfe73
core   0: 0x0000000080006072 (0x14302573) csrrs   a0, stval, zero
core   0: 3 0x0000000080006072 (0x14302573) x10 0x0000000000000000
core   0: 0x0000000080006076 (0xb02024f3) csrrs   s1, minstret, zero
core   0: 3 0x0000000080006076 (0xb02024f3) x9  0x000000000000085b
core   0: 0x000000008000607a (0x0000a811) c.j     pc + 20
core   0: 3 0x000000008000607a (0xa811)
core   0: >>>>  mepc_4
core   0: 0x000000008000608e (0x00000791) c.addi  a5, 4
core   0: 3 0x000000008000608e (0x0791) x15 0x00000000800041be
core   0: 0x0000000080006090 (0x34179073) csrrw   zero, mepc, a5
core   0: 3 0x0000000080006090 (0x34179073) c833_mepc 0x00000000800041be
core   0: 0x0000000080006094 (0x30200073) mret
core   0: 3 0x0000000080006094 (0x30200073) c768_mstatus 0x8000000a00106080
core   0: 0x00000000800041be (0x0163cb33) xor     s6, t2, s6
core   0: 1 0x00000000800041be (0x0163cb33) x22 0x0000000000000000
core   0: 0x00000000800041c2 (0x016e6a33) or      s4, t3, s6
core   0: 1 0x00000000800041c2 (0x016e6a33) x20 0x0000000000000000
core   0: 0x00000000800041c6 (0xfdd87cb7) lui     s9, 0xfdd87
core   0: 1 0x00000000800041c6 (0xfdd87cb7) x25 0xfffffffffdd87000
core   0: 0x00000000800041ca (0xea5c8c9b) addiw   s9, s9, -347
core   0: 1 0x00000000800041ca (0xea5c8c9b) x25 0xfffffffffdd86ea5
core   0: 0x00000000800041ce (0x00000cb6) c.slli  s9, 13
core   0: 1 0x00000000800041ce (0x0cb6) x25 0xffffffbb0dd4a000
core   0: 0x00000000800041d0 (0x7edc8c93) addi    s9, s9, 2029
core   0: 1 0x00000000800041d0 (0x7edc8c93) x25 0xffffffbb0dd4a7ed
core   0: 0x00000000800041d4 (0x00111213) slli    tp, sp, 1
core   0: 1 0x00000000800041d4 (0x00111213) x4  0xffffffff0000b3ae
core   0: 0x00000000800041d8 (0x00061793) slli    a5, a2, 0
core   0: 1 0x00000000800041d8 (0x00061793) x15 0x0000000000000a00
core   0: 0x00000000800041dc (0x2aec00d3) fmin.d  ft1, fs8, fa4
core   0: 1 0x00000000800041dc (0x2aec00d3) f1  0x7ff8000000000000
core   0: 0x00000000800041e0 (0x02ee7e53) fadd.d  ft8, ft8, fa4
core   0: 1 0x00000000800041e0 (0x02ee7e53) f28 0x7ff8000000000000
core   0: 0x00000000800041e4 (0xc033f0d3) fcvt.lu.s ra, ft7
core   0: 1 0x00000000800041e4 (0xc033f0d3) c1_fflags 0x0000000000000015 x1  0xffffffffffffffff
core   0: 0x00000000800041e8 (0x8ae9cb13) xori    s6, s3, -1874
core   0: 1 0x00000000800041e8 (0x8ae9cb13) x22 0xffffffff7f29e99c
core   0: 0x00000000800041ec (0x00056c13) ori     s8, a0, 0
core   0: 1 0x00000000800041ec (0x00056c13) x24 0x0000000000000000
core   0: 0x00000000800041f0 (0xd22c73d3) fcvt.d.l ft7, s8
core   0: 1 0x00000000800041f0 (0xd22c73d3) f7  0x0000000000000000
core   0: 0x00000000800041f4 (0x0b23fdd3) fsub.d  fs11, ft7, fs2
core   0: 1 0x00000000800041f4 (0x0b23fdd3) f27 0x7ff8000000000000
core   0: 0x00000000800041f8 (0x00cec633) xor     a2, t4, a2
core   0: 1 0x00000000800041f8 (0x00cec633) x12 0x000000000140201a
core   0: 0x00000000800041fc (0x1a4ff753) fdiv.d  fa4, ft11, ft4
core   0: 1 0x00000000800041fc (0x1a4ff753) f14 0x7ff8000000000000
core   0: 0x0000000080004200 (0x0377e7bb) remw    a5, a5, s7
core   0: 1 0x0000000080004200 (0x0377e7bb) x15 0x0000000000000a00
core   0: 0x0000000080004204 (0x80078c9b) addiw   s9, a5, -2048
core   0: 1 0x0000000080004204 (0x80078c9b) x25 0x0000000000000200
core   0: 0x0000000080004208 (0xc235f953) fcvt.lu.d s2, fa1
core   0: 1 0x0000000080004208 (0xc235f953) c1_fflags 0x0000000000000015 x18 0xffffffffffffffff
core   0: 0x000000008000420c (0xf20c8c53) fmv.d.x fs8, s9
core   0: 1 0x000000008000420c (0xf20c8c53) f24 0x0000000000000200
core   0: 0x0000000080004210 (0x80494393) xori    t2, s2, -2044
core   0: 1 0x0000000080004210 (0x80494393) x7  0x00000000000007fb
core   0: 0x0000000080004214 (0x6ad9f6c3) fmadd.d fa3, fs3, fa3, fa3
core   0: 1 0x0000000080004214 (0x6ad9f6c3) f13 0x7ff8000000000000
core   0: 0x0000000080004218 (0xd20e05d3) fcvt.d.w fa1, t3
core   0: 1 0x0000000080004218 (0xd20e05d3) f11 0x0000000000000000
core   0: 0x000000008000421c (0x03a25c3b) divuw   s8, tp, s10
core   0: 1 0x000000008000421c (0x03a25c3b) x24 0x0000000000000000
core   0: 0x0000000080004220 (0x0ff0000f) fence   iorw,iorw
core   0: 1 0x0000000080004220 (0x0ff0000f)
core   0: 0x0000000080004224 (0xd22971d3) fcvt.d.l ft3, s2
core   0: 1 0x0000000080004224 (0xd22971d3) f3  0xbff0000000000000
core   0: 0x0000000080004228 (0x00da1a33) sll     s4, s4, a3
core   0: 1 0x0000000080004228 (0x00da1a33) x20 0x0000000000000000
core   0: 0x000000008000422c (0x4075d3b3) sra     t2, a1, t2
core   0: 1 0x000000008000422c (0x4075d3b3) x7  0x0000000000000000
core   0: 0x0000000080004230 (0x3ae7fd43) fmadd.d fs10, fa5, fa4, ft7
core   0: 1 0x0000000080004230 (0x3ae7fd43) f26 0x7ff8000000000000
core   0: 0x0000000080004234 (0x001021f3) csrrs   gp, fflags, zero
core   0: 1 0x0000000080004234 (0x001021f3) x3  0x0000000000000015
core   0: 0x0000000080004238 (0x02105db3) divu    s11, zero, ra
core   0: 1 0x0000000080004238 (0x02105db3) x27 0x0000000000000000
core   0: 0x000000008000423c (0xc0277453) fcvt.l.s s0, fa4
core   0: 1 0x000000008000423c (0xc0277453) c1_fflags 0x0000000000000015 x8  0x7fffffffffffffff
core   0: 0x0000000080004240 (0x41fed49b) sraiw   s1, t4, 31
core   0: 1 0x0000000080004240 (0x41fed49b) x9  0x0000000000000000
core   0: 0x0000000080004244 (0x409a8abb) subw    s5, s5, s1
core   0: 1 0x0000000080004244 (0x409a8abb) x21 0x0000000000000000
core   0: 0x0000000080004248 (0xc20d7a53) fcvt.w.d s4, fs10
core   0: 1 0x0000000080004248 (0xc20d7a53) c1_fflags 0x0000000000000015 x20 0x000000007fffffff
core   0: 0x000000008000424c (0x00fa86b3) add     a3, s5, a5
core   0: 1 0x000000008000424c (0x00fa86b3) x13 0x0000000000000a00
core   0: 0x0000000080004250 (0x03a70d33) mul     s10, a4, s10
core   0: 1 0x0000000080004250 (0x03a70d33) x26 0xffffff6e787981a8
core   0: 0x0000000080004254 (0xc211f653) fcvt.wu.d a2, ft3
core   0: 1 0x0000000080004254 (0xc211f653) c1_fflags 0x0000000000000015 x12 0x0000000000000000
core   0: 0x0000000080004258 (0x804df493) andi    s1, s11, -2044
core   0: 1 0x0000000080004258 (0x804df493) x9  0x0000000000000000
core   0: 0x000000008000425c (0x01dc8ebb) addw    t4, s9, t4
core   0: 1 0x000000008000425c (0x01dc8ebb) x29 0x0000000001402c1a
core   0: 0x0000000080004260 (0x0175c733) xor     a4, a1, s7
core   0: 1 0x0000000080004260 (0x0175c733) x14 0x000000007b0bfe73
core   0: 0x0000000080004264 (0x1ab77c53) fdiv.d  fs8, fa4, fa1
core   0: 1 0x0000000080004264 (0x1ab77c53) f24 0x7ff8000000000000
core   0: 0x0000000080004268 (0xa34d09d3) fle.d   s3, fs10, fs4
core   0: 1 0x0000000080004268 (0xa34d09d3) c1_fflags 0x0000000000000015 x19 0x0000000000000000
core   0: 0x000000008000426c (0x026bd113) srli    sp, s7, 38
core   0: 1 0x000000008000426c (0x026bd113) x2  0x0000000000000000
core   0: 0x0000000080004270 (0x01c1a1b3) slt     gp, gp, t3
core   0: 1 0x0000000080004270 (0x01c1a1b3) x3  0x0000000000000000
core   0: 0x0000000080004274 (0x23a59fd3) fsgnjn.d ft11, fa1, fs10
core   0: 1 0x0000000080004274 (0x23a59fd3) f31 0x8000000000000000
core   0: 0x0000000080004278 (0x00004033) xor     zero, zero, zero
core   0: 1 0x0000000080004278 (0x00004033)
core   0: 0x000000008000427c (0x00d76133) or      sp, a4, a3
core   0: 1 0x000000008000427c (0x00d76133) x2  0x000000007b0bfe73
core   0: 0x0000000080004280 (0x0bd176d3) fsub.d  fa3, ft2, ft9
core   0: 1 0x0000000080004280 (0x0bd176d3) f13 0x7ff8000000000000
core   0: 0x0000000080004284 (0x23ca84d3) fsgnj.d fs1, fs5, ft8
core   0: 1 0x0000000080004284 (0x23ca84d3) f9  0x7fffffffffffffff
core   0: 0x0000000080004288 (0x8006821b) addiw   tp, a3, -2048
core   0: 1 0x0000000080004288 (0x8006821b) x4  0x0000000000000200
core   0: 0x000000008000428c (0x40ecde13) srai    t3, s9, 14
core   0: 1 0x000000008000428c (0x40ecde13) x28 0x0000000000000000
core   0: 0x0000000080004290 (0x01be7933) and     s2, t3, s11
core   0: 1 0x0000000080004290 (0x01be7933) x18 0x0000000000000000
core   0: 0x0000000080004294 (0xd2020053) fcvt.d.w ft0, tp
core   0: 1 0x0000000080004294 (0xd2020053) f0  0x4080000000000000
core   0: 0x0000000080004298 (0x00025513) srli    a0, tp, 0
core   0: 1 0x0000000080004298 (0x00025513) x10 0x0000000000000200
core   0: 0x000000008000429c (0xa3caf5cf) fnmadd.d fa1, fs5, ft8, fs4
core   0: 1 0x000000008000429c (0xa3caf5cf) f11 0x7ff8000000000000
core   0: 0x00000000800042a0 (0x01420a3b) addw    s4, tp, s4
core   0: 1 0x00000000800042a0 (0x01420a3b) x20 0xffffffff800001ff
core   0: 0x00000000800042a4 (0xc02a74d3) fcvt.l.s s1, fs4
core   0: 1 0x00000000800042a4 (0xc02a74d3) x9  0x0000000000000000
core   0: 0x00000000800042a8 (0x00008872) c.mv    a6, t3
core   0: 1 0x00000000800042a8 (0x8872) x16 0x0000000000000000
core   0: 0x00000000800042aa (0x01da45b3) xor     a1, s4, t4
core   0: 1 0x00000000800042aa (0x01da45b3) x11 0xffffffff81402de5
core   0: 0x00000000800042ae (0x0168cab3) xor     s5, a7, s6
core   0: 1 0x00000000800042ae (0x0168cab3) x21 0xffffffffc69209f8
core   0: 0x00000000800042b2 (0x002021f3) csrrs   gp, frm, zero
core   0: 1 0x00000000800042b2 (0x002021f3) x3  0x0000000000000000
core   0: 0x00000000800042b6 (0x0a407d53) fsub.d  fs10, ft0, ft4
core   0: 1 0x00000000800042b6 (0x0a407d53) f26 0x7ff8000000000000
core   0: 0x00000000800042ba (0x02b1e93b) remw    s2, gp, a1
core   0: 1 0x00000000800042ba (0x02b1e93b) x18 0x0000000000000000
core   0: 0x00000000800042be (0x0231b233) mulhu   tp, gp, gp
core   0: 1 0x00000000800042be (0x0231b233) x4  0x0000000000000000
core   0: 0x00000000800042c2 (0x0714ee93) ori     t4, s1, 113
core   0: 1 0x00000000800042c2 (0x0714ee93) x29 0x0000000000000071
core   0: 0x00000000800042c6 (0x00ba561b) srliw   a2, s4, 11
core   0: 1 0x00000000800042c6 (0x00ba561b) x12 0x0000000000100000
core   0: 0x00000000800042ca (0x4de44413) xori    s0, s0, 1246
core   0: 1 0x00000000800042ca (0x4de44413) x8  0x7ffffffffffffb21
core   0: 0x00000000800042ce (0x11140113) addi    sp, s0, 273
core   0: 1 0x00000000800042ce (0x11140113) x2  0x7ffffffffffffc32
core   0: 0x00000000800042d2 (0x0008f593) andi    a1, a7, 0
core   0: 1 0x00000000800042d2 (0x0008f593) x11 0x0000000000000000
core   0: 0x00000000800042d6 (0xd2317c53) fcvt.d.lu fs8, sp
core   0: 1 0x00000000800042d6 (0xd2317c53) c1_fflags 0x0000000000000015 f24 0x43dfffffffffffff
core   0: 0x00000000800042da (0x002021f3) csrrs   gp, frm, zero
core   0: 1 0x00000000800042da (0x002021f3) x3  0x0000000000000000
core   0: 0x00000000800042de (0x138af3d3) fmul.d  ft7, fs5, fs8
core   0: 1 0x00000000800042de (0x138af3d3) f7  0x7ff8000000000000
core   0: 0x00000000800042e2 (0xb2f77a4f) fnmadd.d fs4, fa4, fa5, fs6
core   0: 1 0x00000000800042e2 (0xb2f77a4f) f20 0x7ff8000000000000
core   0: 0x00000000800042e6 (0xc067a7f3) csrrs   a5, hpmcounter6, a5
core   0: exception trap_illegal_instruction, epc 0x00000000800042e6
core   0:           tval 0x00000000c067a7f3
core   0: >>>>  $xrv64i2p1_m2p0_a2p1_f2p2_d2p2_zicsr2p0_zifencei2p0_zmmul1p0_zba1p0_zbb1p0_zbc1p0_zbs1p0
core   0: 0x0000000080004000 (0x0080006f) j       pc + 0x8
core   0: 3 0x0000000080004000 (0x0080006f)
core   0: >>>>  mmode_exception_handler
core   0: 0x0000000080004008 (0x00002c17) auipc   s8, 0x2
core   0: 3 0x0000000080004008 (0x00002c17) x24 0x0000000080006008
core   0: 0x000000008000400c (0x052c0c13) addi    s8, s8, 82
core   0: 3 0x000000008000400c (0x052c0c13) x24 0x000000008000605a
core   0: 0x0000000080004010 (0x000c00e7) jalr    s8
core   0: 3 0x0000000080004010 (0x000c00e7) x1  0x0000000080004014
core   0: >>>>  any_handler
core   0: 0x000000008000605a (0x341027f3) csrrs   a5, mepc, zero
core   0: 3 0x000000008000605a (0x341027f3) x15 0x00000000800042e6
core   0: 0x000000008000605e (0x34202773) csrrs   a4, mcause, zero
core   0: 3 0x000000008000605e (0x34202773) x14 0x0000000000000002
core   0: 0x0000000080006062 (0x142026f3) csrrs   a3, scause, zero
core   0: 3 0x0000000080006062 (0x142026f3) x13 0x0000000000000000
core   0: 0x0000000080006066 (0x30402673) csrrs   a2, mie, zero
core   0: 3 0x0000000080006066 (0x30402673) x12 0x0000000000000a00
core   0: 0x000000008000606a (0x344025f3) csrrs   a1, mip, zero
core   0: 3 0x000000008000606a (0x344025f3) x11 0x0000000000000080
core   0: 0x000000008000606e (0x343025f3) csrrs   a1, mtval, zero
core   0: 3 0x000000008000606e (0x343025f3) x11 0x00000000c067a7f3
core   0: 0x0000000080006072 (0x14302573) csrrs   a0, stval, zero
core   0: 3 0x0000000080006072 (0x14302573) x10 0x0000000000000000
core   0: 0x0000000080006076 (0xb02024f3) csrrs   s1, minstret, zero
core   0: 3 0x0000000080006076 (0xb02024f3) x9  0x00000000000008b6
core   0: 0x000000008000607a (0x0000a811) c.j     pc + 20
core   0: 3 0x000000008000607a (0xa811)
core   0: >>>>  mepc_4
core   0: 0x000000008000608e (0x00000791) c.addi  a5, 4
core   0: 3 0x000000008000608e (0x0791) x15 0x00000000800042ea
core   0: 0x0000000080006090 (0x34179073) csrrw   zero, mepc, a5
core   0: 3 0x0000000080006090 (0x34179073) c833_mepc 0x00000000800042ea
core   0: 0x0000000080006094 (0x30200073) mret
core   0: 3 0x0000000080006094 (0x30200073) c768_mstatus 0x8000000a00106080
core   0: 0x00000000800042ea (0x40f180bb) subw    ra, gp, a5
core   0: 1 0x00000000800042ea (0x40f180bb) x1  0x000000007fffbd16
core   0: 0x00000000800042ee (0xc22dfed3) fcvt.l.d t4, fs11
core   0: 1 0x00000000800042ee (0xc22dfed3) c1_fflags 0x0000000000000015 x29 0x7fffffffffffffff
core   0: 0x00000000800042f2 (0xc03573d3) fcvt.lu.s t2, fa0
core   0: 1 0x00000000800042f2 (0xc03573d3) c1_fflags 0x0000000000000015 x7  0xffffffffffffffff
core   0: 0x00000000800042f6 (0x14107273) csrrci  tp, sepc, 0
core   0: 1 0x00000000800042f6 (0x14107273) x4  0x0000000000000000
core   0: 0x00000000800042fa (0x22be0ad3) fsgnj.d fs5, ft8, fa1
core   0: 1 0x00000000800042fa (0x22be0ad3) f21 0x7ff8000000000000
core   0: 0x00000000800042fe (0x23559c53) fsgnjn.d fs8, fa1, fs5
core   0: 1 0x00000000800042fe (0x23559c53) f24 0xfff8000000000000
core   0: 0x0000000080004302 (0xc235f653) fcvt.lu.d a2, fa1
core   0: 1 0x0000000080004302 (0xc235f653) c1_fflags 0x0000000000000015 x12 0xffffffffffffffff
core   0: 0x0000000080004306 (0xc025fad3) fcvt.l.s s5, fa1
core   0: 1 0x0000000080004306 (0xc025fad3) c1_fflags 0x0000000000000015 x21 0x7fffffffffffffff
core   0: 0x000000008000430a (0xe5e55417) auipc   s0, 0xe5e55
core   0: 1 0x000000008000430a (0xe5e55417) x8  0x0000000065e5930a
core   0: 0x000000008000430e (0x3432ee73) csrrsi  t3, mtval, 5
core   0: exception trap_illegal_instruction, epc 0x000000008000430e
core   0:           tval 0x000000003432ee73
core   0: >>>>  $xrv64i2p1_m2p0_a2p1_f2p2_d2p2_zicsr2p0_zifencei2p0_zmmul1p0_zba1p0_zbb1p0_zbc1p0_zbs1p0
core   0: 0x0000000080004000 (0x0080006f) j       pc + 0x8
core   0: 3 0x0000000080004000 (0x0080006f)
core   0: >>>>  mmode_exception_handler
core   0: 0x0000000080004008 (0x00002c17) auipc   s8, 0x2
core   0: 3 0x0000000080004008 (0x00002c17) x24 0x0000000080006008
core   0: 0x000000008000400c (0x052c0c13) addi    s8, s8, 82
core   0: 3 0x000000008000400c (0x052c0c13) x24 0x000000008000605a
core   0: 0x0000000080004010 (0x000c00e7) jalr    s8
core   0: 3 0x0000000080004010 (0x000c00e7) x1  0x0000000080004014
core   0: >>>>  any_handler
core   0: 0x000000008000605a (0x341027f3) csrrs   a5, mepc, zero
core   0: 3 0x000000008000605a (0x341027f3) x15 0x000000008000430e
core   0: 0x000000008000605e (0x34202773) csrrs   a4, mcause, zero
core   0: 3 0x000000008000605e (0x34202773) x14 0x0000000000000002
core   0: 0x0000000080006062 (0x142026f3) csrrs   a3, scause, zero
core   0: 3 0x0000000080006062 (0x142026f3) x13 0x0000000000000000
core   0: 0x0000000080006066 (0x30402673) csrrs   a2, mie, zero
core   0: 3 0x0000000080006066 (0x30402673) x12 0x0000000000000a00
core   0: 0x000000008000606a (0x344025f3) csrrs   a1, mip, zero
core   0: 3 0x000000008000606a (0x344025f3) x11 0x0000000000000080
core   0: 0x000000008000606e (0x343025f3) csrrs   a1, mtval, zero
core   0: 3 0x000000008000606e (0x343025f3) x11 0x000000003432ee73
core   0: 0x0000000080006072 (0x14302573) csrrs   a0, stval, zero
core   0: 3 0x0000000080006072 (0x14302573) x10 0x0000000000000000
core   0: 0x0000000080006076 (0xb02024f3) csrrs   s1, minstret, zero
core   0: 3 0x0000000080006076 (0xb02024f3) x9  0x00000000000008cf
core   0: 0x000000008000607a (0x0000a811) c.j     pc + 20
core   0: 3 0x000000008000607a (0xa811)
core   0: >>>>  mepc_4
core   0: 0x000000008000608e (0x00000791) c.addi  a5, 4
core   0: 3 0x000000008000608e (0x0791) x15 0x0000000080004312
core   0: 0x0000000080006090 (0x34179073) csrrw   zero, mepc, a5
core   0: 3 0x0000000080006090 (0x34179073) c833_mepc 0x0000000080004312
core   0: 0x0000000080006094 (0x30200073) mret
core   0: 3 0x0000000080006094 (0x30200073) c768_mstatus 0x8000000a00106080
core   0: 0x0000000080004312 (0x0285e4b3) rem     s1, a1, s0
core   0: 1 0x0000000080004312 (0x0285e4b3) x9  0x000000003432ee73
core   0: 0x0000000080004316 (0xd235ffd3) fcvt.d.lu ft11, a1
core   0: 1 0x0000000080004316 (0xd235ffd3) f31 0x41ca197739800000
core   0: 0x000000008000431a (0xa2ff8bd3) fle.d   s7, ft11, fa5
core   0: 1 0x000000008000431a (0xa2ff8bd3) c1_fflags 0x0000000000000015 x23 0x0000000000000000
core   0: 0x000000008000431e (0xb8e2c513) xori    a0, t0, -1138
core   0: 1 0x000000008000431e (0xb8e2c513) x10 0xffffffff7ffffaaa
core   0: 0x0000000080004322 (0x0bfc71d3) fsub.d  ft3, fs8, ft11
core   0: 1 0x0000000080004322 (0x0bfc71d3) f3  0x7ff8000000000000
core   0: 0x0000000080004326 (0xca6a079b) addiw   a5, s4, -858
core   0: 1 0x0000000080004326 (0xca6a079b) x15 0x000000007ffffea5
core   0: 0x000000008000432a (0x00fe131b) slliw   t1, t3, 15
core   0: 1 0x000000008000432a (0x00fe131b) x6  0x0000000000000000
core   0: 0x000000008000432e (0x0ff0000f) fence   iorw,iorw
core   0: 1 0x000000008000432e (0x0ff0000f)
core   0: 0x0000000080004332 (0x026300b3) mul     ra, t1, t1
core   0: 1 0x0000000080004332 (0x026300b3) x1  0x0000000000000000
core   0: 0x0000000080004336 (0xc02ffed3) fcvt.l.s t4, ft11
core   0: 1 0x0000000080004336 (0xc02ffed3) c1_fflags 0x0000000000000015 x29 0x7fffffffffffffff
core   0: 0x000000008000433a (0xfffe889b) addiw   a7, t4, -1
core   0: 1 0x000000008000433a (0xfffe889b) x17 0xfffffffffffffffe
core   0: 0x000000008000433e (0x03aa9d33) mulh    s10, s5, s10
core   0: 1 0x000000008000433e (0x03aa9d33) x26 0xffffffb73c3cc0d4
core   0: 0x0000000080004342 (0x00ae8433) add     s0, t4, a0
core   0: 1 0x0000000080004342 (0x00ae8433) x8  0x7fffffff7ffffaa9
core   0: 0x0000000080004346 (0x829b7b4f) fnmadd.d fs6, fs6, fs1, fa6
core   0: 1 0x0000000080004346 (0x829b7b4f) f22 0x7ff8000000000000
core   0: 0x000000008000434a (0x17f44013) xori    zero, s0, 383
core   0: 1 0x000000008000434a (0x17f44013)
core   0: 0x000000008000434e (0x0101513b) srlw    sp, sp, a6
core   0: 1 0x000000008000434e (0x0101513b) x2  0xfffffffffffffc32
core   0: 0x0000000080004352 (0x0324c2bb) divw    t0, s1, s2
core   0: 1 0x0000000080004352 (0x0324c2bb) x5  0xffffffffffffffff
core   0: 0x0000000080004356 (0x0000179b) slliw   a5, zero, 0
core   0: 1 0x0000000080004356 (0x0000179b) x15 0x0000000000000000
core   0: 0x000000008000435a (0x401cfad3) fcvt.s.d fs5, fs9
core   0: 1 0x000000008000435a (0x401cfad3) f21 0xffffffff00000000
core   0: 0x000000008000435e (0x0397d13b) divuw   sp, a5, s9
core   0: 1 0x000000008000435e (0x0397d13b) x2  0x0000000000000000
core   0: 0x0000000080004362 (0x0195da33) srl     s4, a1, s9
core   0: 1 0x0000000080004362 (0x0195da33) x20 0x000000003432ee73
core   0: 0x0000000080004366 (0xc22d7553) fcvt.l.d a0, fs10
core   0: 1 0x0000000080004366 (0xc22d7553) c1_fflags 0x0000000000000015 x10 0x7fffffffffffffff
core   0: 0x000000008000436a (0x2b009f53) fmax.d  ft10, ft1, fa6
core   0: 1 0x000000008000436a (0x2b009f53) f30 0x7ff8000000000000
core   0: 0x000000008000436e (0x01c4591b) srliw   s2, s0, 28
core   0: 1 0x000000008000436e (0x01c4591b) x18 0x0000000000000007
core   0: 0x0000000080004372 (0x0010f5b3) and     a1, ra, ra
core   0: 1 0x0000000080004372 (0x0010f5b3) x11 0x0000000000000000
core   0: 0x0000000080004376 (0xfe196393) ori     t2, s2, -31
core   0: 1 0x0000000080004376 (0xfe196393) x7  0xffffffffffffffe7
core   0: 0x000000008000437a (0x0303ee33) rem     t3, t2, a6
core   0: 1 0x000000008000437a (0x0303ee33) x28 0xffffffffffffffe7
core   0: 0x000000008000437e (0x0009511b) srliw   sp, s2, 0
core   0: 1 0x000000008000437e (0x0009511b) x2  0x0000000000000007
core   0: 0x0000000080004382 (0x010c4833) xor     a6, s8, a6
core   0: 1 0x0000000080004382 (0x010c4833) x16 0x000000008000605a
core   0: 0x0000000080004386 (0x83c57d43) fmadd.d fs10, fa0, ft8, fa6
core   0: 1 0x0000000080004386 (0x83c57d43) f26 0x7ff8000000000000
core   0: 0x000000008000438a (0xd0217753) fcvt.s.l fa4, sp
core   0: 1 0x000000008000438a (0xd0217753) f14 0xffffffff40e00000
core   0: 0x000000008000438e (0x40127c53) fcvt.s.d fs8, ft4
core   0: 1 0x000000008000438e (0x40127c53) f24 0xffffffff7fc00000
core   0: 0x0000000080004392 (0x00c61633) sll     a2, a2, a2
core   0: 1 0x0000000080004392 (0x00c61633) x12 0x0000000000000a00
core   0: 0x0000000080004396 (0x40b2d893) srai    a7, t0, 11
core   0: 1 0x0000000080004396 (0x40b2d893) x17 0xffffffffffffffff
core   0: 0x000000008000439a (0x02707053) fadd.d  ft0, ft0, ft7
core   0: 1 0x000000008000439a (0x02707053) f0  0x7ff8000000000000
core   0: 0x000000008000439e (0xc2127153) fcvt.wu.d sp, ft4
core   0: 1 0x000000008000439e (0xc2127153) c1_fflags 0x0000000000000015 x2  0xffffffffffffffff
core   0: 0x00000000800043a2 (0x2a1c1453) fmax.d  fs0, fs8, ft1
core   0: 1 0x00000000800043a2 (0x2a1c1453) f8  0x7ff8000000000000
core   0: 0x00000000800043a6 (0xc218f253) fcvt.wu.d tp, fa7
core   0: 1 0x00000000800043a6 (0xc218f253) x4  0x0000000000000000
core   0: 0x00000000800043aa (0xd231fdd3) fcvt.d.lu fs11, gp
core   0: 1 0x00000000800043aa (0xd231fdd3) f27 0x0000000000000000
core   0: 0x00000000800043ae (0x401ff853) fcvt.s.d fa6, ft11
core   0: 1 0x00000000800043ae (0x401ff853) c1_fflags 0x0000000000000015 f16 0xffffffff4e50cbba
core   0: 0x00000000800043b2 (0x024348b3) div     a7, t1, tp
core   0: 1 0x00000000800043b2 (0x024348b3) x17 0xffffffffffffffff
core   0: 0x00000000800043b6 (0x0b650317) auipc   t1, 0xb650
core   0: 1 0x00000000800043b6 (0x0b650317) x6  0x000000008b6543b6
core   0: 0x00000000800043ba (0x40650533) sub     a0, a0, t1
core   0: 1 0x00000000800043ba (0x40650533) x10 0x7fffffff749abc49
core   0: 0x00000000800043be (0x000568b3) or      a7, a0, zero
core   0: 1 0x00000000800043be (0x000568b3) x17 0x7fffffff749abc49
core   0: 0x00000000800043c2 (0xf20486d3) fmv.d.x fa3, s1
core   0: 1 0x00000000800043c2 (0xf20486d3) f13 0x000000003432ee73
core   0: 0x00000000800043c6 (0xe20e0253) fmv.x.d tp, ft8
core   0: 1 0x00000000800043c6 (0xe20e0253) x4  0x7ff8000000000000
core   0: 0x00000000800043ca (0x004696bb) sllw    a3, a3, tp
core   0: 1 0x00000000800043ca (0x004696bb) x13 0x0000000000000000
core   0: 0x00000000800043ce (0xd2327453) fcvt.d.lu fs0, tp
core   0: 1 0x00000000800043ce (0xd2327453) f8  0x43dffe0000000000
core   0: 0x00000000800043d2 (0x00149cf3) csrrw   s9, fflags, s1
core   0: 1 0x00000000800043d2 (0x00149cf3) x25 0x0000000000000015 c1_fflags 0x0000000000000013
core   0: 0x00000000800043d6 (0x00000001) c.nop
core   0: 1 0x00000000800043d6 (0x0001)
core   0: 0x00000000800043d8 (0x9c2ee113) ori     sp, t4, -1598
core   0: 1 0x00000000800043d8 (0x9c2ee113) x2  0xffffffffffffffff
core   0: 0x00000000800043dc (0x011c8abb) addw    s5, s9, a7
core   0: 1 0x00000000800043dc (0x011c8abb) x21 0x00000000749abc5e
core   0: 0x00000000800043e0 (0x0001989b) slliw   a7, gp, 0
core   0: 1 0x00000000800043e0 (0x0001989b) x17 0x0000000000000000
core   0: 0x00000000800043e4 (0x01c982b3) add     t0, s3, t3
core   0: 1 0x00000000800043e4 (0x01c982b3) x5  0xffffffffffffffe7
core   0: 0x00000000800043e8 (0x5a0f7653) fsqrt.d fa2, ft10
core   0: 1 0x00000000800043e8 (0x5a0f7653) f12 0x7ff8000000000000
core   0: 0x00000000800043ec (0x2ec8dd17) auipc   s10, 0x2ec8d
core   0: 1 0x00000000800043ec (0x2ec8dd17) x26 0x00000000aec913ec
core   0: 0x00000000800043f0 (0xfffa0593) addi    a1, s4, -1
core   0: 1 0x00000000800043f0 (0xfffa0593) x11 0x000000003432ee72
core   0: 0x00000000800043f4 (0x414a843b) subw    s0, s5, s4
core   0: 1 0x00000000800043f4 (0x414a843b) x8  0x000000004067cdeb
core   0: 0x00000000800043f8 (0xc214f953) fcvt.wu.d s2, fs1
core   0: 1 0x00000000800043f8 (0xc214f953) c1_fflags 0x0000000000000013 x18 0xffffffffffffffff
core   0: 0x00000000800043fc (0x001090bb) sllw    ra, ra, ra
core   0: 1 0x00000000800043fc (0x001090bb) x1  0x0000000000000000
core   0: 0x0000000080004400 (0x0231f1b3) remu    gp, gp, gp
core   0: 1 0x0000000080004400 (0x0231f1b3) x3  0x0000000000000000
core   0: 0x0000000080004404 (0x03851c93) slli    s9, a0, 56
core   0: 1 0x0000000080004404 (0x03851c93) x25 0x4900000000000000
core   0: 0x0000000080004408 (0xc033f753) fcvt.lu.s a4, ft7
core   0: 1 0x0000000080004408 (0xc033f753) c1_fflags 0x0000000000000013 x14 0xffffffffffffffff
core   0: 0x000000008000440c (0x2aa60ad3) fmin.d  fs5, fa2, fa0
core   0: 1 0x000000008000440c (0x2aa60ad3) f21 0x7ff8000000000000
core   0: 0x0000000080004410 (0x310ee0f3) csrrsi  ra, mstatush, 29
core   0: exception trap_illegal_instruction, epc 0x0000000080004410
core   0:           tval 0x00000000310ee0f3
core   0: >>>>  $xrv64i2p1_m2p0_a2p1_f2p2_d2p2_zicsr2p0_zifencei2p0_zmmul1p0_zba1p0_zbb1p0_zbc1p0_zbs1p0
core   0: 0x0000000080004000 (0x0080006f) j       pc + 0x8
core   0: 3 0x0000000080004000 (0x0080006f)
core   0: >>>>  mmode_exception_handler
core   0: 0x0000000080004008 (0x00002c17) auipc   s8, 0x2
core   0: 3 0x0000000080004008 (0x00002c17) x24 0x0000000080006008
core   0: 0x000000008000400c (0x052c0c13) addi    s8, s8, 82
core   0: 3 0x000000008000400c (0x052c0c13) x24 0x000000008000605a
core   0: 0x0000000080004010 (0x000c00e7) jalr    s8
core   0: 3 0x0000000080004010 (0x000c00e7) x1  0x0000000080004014
core   0: >>>>  any_handler
core   0: 0x000000008000605a (0x341027f3) csrrs   a5, mepc, zero
core   0: 3 0x000000008000605a (0x341027f3) x15 0x0000000080004410
core   0: 0x000000008000605e (0x34202773) csrrs   a4, mcause, zero
core   0: 3 0x000000008000605e (0x34202773) x14 0x0000000000000002
core   0: 0x0000000080006062 (0x142026f3) csrrs   a3, scause, zero
core   0: 3 0x0000000080006062 (0x142026f3) x13 0x0000000000000000
core   0: 0x0000000080006066 (0x30402673) csrrs   a2, mie, zero
core   0: 3 0x0000000080006066 (0x30402673) x12 0x0000000000000a00
core   0: 0x000000008000606a (0x344025f3) csrrs   a1, mip, zero
core   0: 3 0x000000008000606a (0x344025f3) x11 0x0000000000000080
core   0: 0x000000008000606e (0x343025f3) csrrs   a1, mtval, zero
core   0: 3 0x000000008000606e (0x343025f3) x11 0x00000000310ee0f3
core   0: 0x0000000080006072 (0x14302573) csrrs   a0, stval, zero
core   0: 3 0x0000000080006072 (0x14302573) x10 0x0000000000000000
core   0: 0x0000000080006076 (0xb02024f3) csrrs   s1, minstret, zero
core   0: 3 0x0000000080006076 (0xb02024f3) x9  0x000000000000091f
core   0: 0x000000008000607a (0x0000a811) c.j     pc + 20
core   0: 3 0x000000008000607a (0xa811)
core   0: >>>>  mepc_4
core   0: 0x000000008000608e (0x00000791) c.addi  a5, 4
core   0: 3 0x000000008000608e (0x0791) x15 0x0000000080004414
core   0: 0x0000000080006090 (0x34179073) csrrw   zero, mepc, a5
core   0: 3 0x0000000080006090 (0x34179073) c833_mepc 0x0000000080004414
core   0: 0x0000000080006094 (0x30200073) mret
core   0: 3 0x0000000080006094 (0x30200073) c768_mstatus 0x8000000a00106080
core   0: 0x0000000080004414 (0x00000001) c.nop
core   0: 1 0x0000000080004414 (0x0001)
core   0: 0x0000000080004416 (0x187c8393) addi    t2, s9, 391
core   0: 1 0x0000000080004416 (0x187c8393) x7  0x4900000000000187
core   0: 0x000000008000441a (0x0314e533) rem     a0, s1, a7
core   0: 1 0x000000008000441a (0x0314e533) x10 0x000000000000091f
core   0: 0x000000008000441e (0x00ab4e33) xor     t3, s6, a0
core   0: 1 0x000000008000441e (0x00ab4e33) x28 0xffffffff7f29e083
core   0: 0x0000000080004422 (0x41cc5db3) sra     s11, s8, t3
core   0: 1 0x0000000080004422 (0x41cc5db3) x27 0x0000000010000c0b
core   0: 0x0000000080004426 (0x03ab60bb) remw    ra, s6, s10
core   0: 1 0x0000000080004426 (0x03ab60bb) x1  0x000000002df2fd88
core   0: 0x000000008000442a (0x001c081b) addiw   a6, s8, 1
core   0: 1 0x000000008000442a (0x001c081b) x16 0xffffffff8000605b
core   0: 0x000000008000442e (0xe2050953) fmv.x.d s2, fa0
core   0: 1 0x000000008000442e (0xe2050953) x18 0xffffffb73c3cc0d4
core   0: 0x0000000080004432 (0x03a41813) slli    a6, s0, 58
core   0: 1 0x0000000080004432 (0x03a41813) x16 0xac00000000000000
core   0: 0x0000000080004436 (0x0162d737) lui     a4, 0x162d
core   0: 1 0x0000000080004436 (0x0162d737) x14 0x000000000162d000
core   0: 0x000000008000443a (0xae77071b) addiw   a4, a4, -1305
core   0: 1 0x000000008000443a (0xae77071b) x14 0x000000000162cae7
core   0: 0x000000008000443e (0x00000736) c.slli  a4, 13
core   0: 1 0x000000008000443e (0x0736) x14 0x0000002c595ce000
core   0: 0x0000000080004440 (0x55c70713) addi    a4, a4, 1372
core   0: 1 0x0000000080004440 (0x55c70713) x14 0x0000002c595ce55c
core   0: 0x0000000080004444 (0x02a34cbb) divw    s9, t1, a0
core   0: 1 0x0000000080004444 (0x02a34cbb) x25 0xfffffffffff3374a
core   0: 0x0000000080004448 (0x105c99f3) csrrw   s3, stvec, s9
core   0: 1 0x0000000080004448 (0x105c99f3) x19 0x0000000000000000 c261_stvec 0xfffffffffff33748
core   0: 0x000000008000444c (0xd230f853) fcvt.d.lu fa6, ra
core   0: 1 0x000000008000444c (0xd230f853) f16 0x41c6f97ec4000000
core   0: 0x0000000080004450 (0x320bb973) csrrc   s2, mcountinhibit, s7
core   0: exception trap_illegal_instruction, epc 0x0000000080004450
core   0:           tval 0x00000000320bb973
core   0: >>>>  $xrv64i2p1_m2p0_a2p1_f2p2_d2p2_zicsr2p0_zifencei2p0_zmmul1p0_zba1p0_zbb1p0_zbc1p0_zbs1p0
core   0: 0x0000000080004000 (0x0080006f) j       pc + 0x8
core   0: 3 0x0000000080004000 (0x0080006f)
core   0: >>>>  mmode_exception_handler
core   0: 0x0000000080004008 (0x00002c17) auipc   s8, 0x2
core   0: 3 0x0000000080004008 (0x00002c17) x24 0x0000000080006008
core   0: 0x000000008000400c (0x052c0c13) addi    s8, s8, 82
core   0: 3 0x000000008000400c (0x052c0c13) x24 0x000000008000605a
core   0: 0x0000000080004010 (0x000c00e7) jalr    s8
core   0: 3 0x0000000080004010 (0x000c00e7) x1  0x0000000080004014
core   0: >>>>  any_handler
core   0: 0x000000008000605a (0x341027f3) csrrs   a5, mepc, zero
core   0: 3 0x000000008000605a (0x341027f3) x15 0x0000000080004450
core   0: 0x000000008000605e (0x34202773) csrrs   a4, mcause, zero
core   0: 3 0x000000008000605e (0x34202773) x14 0x0000000000000002
core   0: 0x0000000080006062 (0x142026f3) csrrs   a3, scause, zero
core   0: 3 0x0000000080006062 (0x142026f3) x13 0x0000000000000000
core   0: 0x0000000080006066 (0x30402673) csrrs   a2, mie, zero
core   0: 3 0x0000000080006066 (0x30402673) x12 0x0000000000000a00
core   0: 0x000000008000606a (0x344025f3) csrrs   a1, mip, zero
core   0: 3 0x000000008000606a (0x344025f3) x11 0x0000000000000080
core   0: 0x000000008000606e (0x343025f3) csrrs   a1, mtval, zero
core   0: 3 0x000000008000606e (0x343025f3) x11 0x00000000320bb973
core   0: 0x0000000080006072 (0x14302573) csrrs   a0, stval, zero
core   0: 3 0x0000000080006072 (0x14302573) x10 0x0000000000000000
core   0: 0x0000000080006076 (0xb02024f3) csrrs   s1, minstret, zero
core   0: 3 0x0000000080006076 (0xb02024f3) x9  0x000000000000093f
core   0: 0x000000008000607a (0x0000a811) c.j     pc + 20
core   0: 3 0x000000008000607a (0xa811)
core   0: >>>>  mepc_4
core   0: 0x000000008000608e (0x00000791) c.addi  a5, 4
core   0: 3 0x000000008000608e (0x0791) x15 0x0000000080004454
core   0: 0x0000000080006090 (0x34179073) csrrw   zero, mepc, a5
core   0: 3 0x0000000080006090 (0x34179073) c833_mepc 0x0000000080004454
core   0: 0x0000000080006094 (0x30200073) mret
core   0: 3 0x0000000080006094 (0x30200073) c768_mstatus 0x8000000a00106080
core   0: 0x0000000080004454 (0x0ff0000f) fence   iorw,iorw
core   0: 1 0x0000000080004454 (0x0ff0000f)
core   0: 0x0000000080004458 (0x00000001) c.nop
core   0: 1 0x0000000080004458 (0x0001)
core   0: 0x000000008000445a (0x7ab0809b) addiw   ra, ra, 1963
core   0: 1 0x000000008000445a (0x7ab0809b) x1  0xffffffff800047bf
core   0: 0x000000008000445e (0x0106043b) addw    s0, a2, a6
core   0: 1 0x000000008000445e (0x0106043b) x8  0x0000000000000a00
core   0: 0x0000000080004462 (0x31092773) csrrs   a4, mstatush, s2
core   0: exception trap_illegal_instruction, epc 0x0000000080004462
core   0:           tval 0x0000000031092773
core   0: >>>>  $xrv64i2p1_m2p0_a2p1_f2p2_d2p2_zicsr2p0_zifencei2p0_zmmul1p0_zba1p0_zbb1p0_zbc1p0_zbs1p0
core   0: 0x0000000080004000 (0x0080006f) j       pc + 0x8
core   0: 3 0x0000000080004000 (0x0080006f)
core   0: >>>>  mmode_exception_handler
core   0: 0x0000000080004008 (0x00002c17) auipc   s8, 0x2
core   0: 3 0x0000000080004008 (0x00002c17) x24 0x0000000080006008
core   0: 0x000000008000400c (0x052c0c13) addi    s8, s8, 82
core   0: 3 0x000000008000400c (0x052c0c13) x24 0x000000008000605a
core   0: 0x0000000080004010 (0x000c00e7) jalr    s8
core   0: 3 0x0000000080004010 (0x000c00e7) x1  0x0000000080004014
core   0: >>>>  any_handler
core   0: 0x000000008000605a (0x341027f3) csrrs   a5, mepc, zero
core   0: 3 0x000000008000605a (0x341027f3) x15 0x0000000080004462
core   0: 0x000000008000605e (0x34202773) csrrs   a4, mcause, zero
core   0: 3 0x000000008000605e (0x34202773) x14 0x0000000000000002
core   0: 0x0000000080006062 (0x142026f3) csrrs   a3, scause, zero
core   0: 3 0x0000000080006062 (0x142026f3) x13 0x0000000000000000
core   0: 0x0000000080006066 (0x30402673) csrrs   a2, mie, zero
core   0: 3 0x0000000080006066 (0x30402673) x12 0x0000000000000a00
core   0: 0x000000008000606a (0x344025f3) csrrs   a1, mip, zero
core   0: 3 0x000000008000606a (0x344025f3) x11 0x0000000000000080
core   0: 0x000000008000606e (0x343025f3) csrrs   a1, mtval, zero
core   0: 3 0x000000008000606e (0x343025f3) x11 0x0000000031092773
core   0: 0x0000000080006072 (0x14302573) csrrs   a0, stval, zero
core   0: 3 0x0000000080006072 (0x14302573) x10 0x0000000000000000
core   0: 0x0000000080006076 (0xb02024f3) csrrs   s1, minstret, zero
core   0: 3 0x0000000080006076 (0xb02024f3) x9  0x0000000000000953
core   0: 0x000000008000607a (0x0000a811) c.j     pc + 20
core   0: 3 0x000000008000607a (0xa811)
core   0: >>>>  mepc_4
core   0: 0x000000008000608e (0x00000791) c.addi  a5, 4
core   0: 3 0x000000008000608e (0x0791) x15 0x0000000080004466
core   0: 0x0000000080006090 (0x34179073) csrrw   zero, mepc, a5
core   0: 3 0x0000000080006090 (0x34179073) c833_mepc 0x0000000080004466
core   0: 0x0000000080006094 (0x30200073) mret
core   0: 3 0x0000000080006094 (0x30200073) c768_mstatus 0x8000000a00106080
core   0: 0x0000000080004466 (0x7b07fa43) fmadd.d fs4, fa5, fa6, fa5
core   0: 1 0x0000000080004466 (0x7b07fa43) f20 0x7ff8000000000000
core   0: 0x000000008000446a (0x03239333) mulh    t1, t2, s2
core   0: 1 0x000000008000446a (0x03239333) x6  0xffffffeb402d52fc
core   0: 0x000000008000446e (0xc2017053) fcvt.w.d zero, ft2
core   0: 1 0x000000008000446e (0xc2017053) c1_fflags 0x0000000000000013
core   0: 0x0000000080004472 (0x03f71113) slli    sp, a4, 63
core   0: 1 0x0000000080004472 (0x03f71113) x2  0x0000000000000000
core   0: 0x0000000080004476 (0x834d7dcf) fnmadd.d fs11, fs10, fs4, fa6
core   0: 1 0x0000000080004476 (0x834d7dcf) f27 0x7ff8000000000000
core   0: 0x000000008000447a (0xc2187d53) fcvt.wu.d s10, fa6
core   0: 1 0x000000008000447a (0xc2187d53) x26 0x000000002df2fd88
core   0: 0x000000008000447e (0xc028f553) fcvt.l.s a0, fa7
core   0: 1 0x000000008000447e (0xc028f553) c1_fflags 0x0000000000000013 x10 0x7fffffffffffffff
core   0: 0x0000000080004482 (0x001611f3) csrrw   gp, fflags, a2
core   0: 1 0x0000000080004482 (0x001611f3) x3  0x0000000000000013 c1_fflags 0x0000000000000000
core   0: 0x0000000080004486 (0xd0257d53) fcvt.s.l fs10, a0
core   0: 1 0x0000000080004486 (0xd0257d53) c1_fflags 0x0000000000000001 f26 0xffffffff5f000000
core   0: 0x000000008000448a (0xb6f1e713) ori     a4, gp, -1169
core   0: 1 0x000000008000448a (0xb6f1e713) x14 0xfffffffffffffb7f
core   0: 0x000000008000448e (0x007042b3) xor     t0, zero, t2
core   0: 1 0x000000008000448e (0x007042b3) x5  0x4900000000000187
core   0: 0x0000000080004492 (0x00549c33) sll     s8, s1, t0
core   0: 1 0x0000000080004492 (0x00549c33) x24 0x000000000004a980
core   0: 0x0000000080004496 (0x00000001) c.nop
core   0: 1 0x0000000080004496 (0x0001)
core   0: 0x0000000080004498 (0x00009e21) c.addw  a2, s0
core   0: 1 0x0000000080004498 (0x9e21) x12 0x0000000000001400
core   0: 0x000000008000449a (0x034decb3) rem     s9, s11, s4
core   0: 1 0x000000008000449a (0x034decb3) x25 0x0000000010000c0b
core   0: 0x000000008000449e (0x0b7c7a4f) fnmadd.d fs4, fs8, fs7, ft1
core   0: 1 0x000000008000449e (0x0b7c7a4f) f20 0x7ff8000000000000
core   0: 0x00000000800044a2 (0x022a6ebb) remw    t4, s4, sp
core   0: 1 0x00000000800044a2 (0x022a6ebb) x29 0x000000003432ee73
core   0: 0x00000000800044a6 (0x4091ddbb) sraw    s11, gp, s1
core   0: 1 0x00000000800044a6 (0x4091ddbb) x27 0x0000000000000000
core   0: 0x00000000800044aa (0x01be1d3b) sllw    s10, t3, s11
core   0: 1 0x00000000800044aa (0x01be1d3b) x26 0x000000007f29e083
core   0: 0x00000000800044ae (0xd2217253) fcvt.d.l ft4, sp
core   0: 1 0x00000000800044ae (0xd2217253) f4  0x0000000000000000
core   0: 0x00000000800044b2 (0x01c1969b) slliw   a3, gp, 28
core   0: 1 0x00000000800044b2 (0x01c1969b) x13 0x0000000030000000
core   0: 0x00000000800044b6 (0x5a097553) fsqrt.d fa0, fs2
core   0: 1 0x00000000800044b6 (0x5a097553) f10 0x7ff8000000000000
core   0: 0x00000000800044ba (0xc02273d3) fcvt.l.s t2, ft4
core   0: 1 0x00000000800044ba (0xc02273d3) c1_fflags 0x0000000000000011 x7  0x7fffffffffffffff
core   0: 0x00000000800044be (0x01c57233) and     tp, a0, t3
core   0: 1 0x00000000800044be (0x01c57233) x4  0x7fffffff7f29e083
core   0: 0x00000000800044c2 (0xd22570d3) fcvt.d.l ft1, a0
core   0: 1 0x00000000800044c2 (0xd22570d3) c1_fflags 0x0000000000000011 f1  0x43e0000000000000
core   0: 0x00000000800044c6 (0x00136313) ori     t1, t1, 1
core   0: 1 0x00000000800044c6 (0x00136313) x6  0xffffffeb402d52fd
core   0: 0x00000000800044ca (0xa39c8453) fle.d   s0, fs9, fs9
core   0: 1 0x00000000800044ca (0xa39c8453) x8  0x0000000000000001
core   0: 0x00000000800044ce (0x0144093b) addw    s2, s0, s4
core   0: 1 0x00000000800044ce (0x0144093b) x18 0x000000003432ee74
core   0: 0x00000000800044d2 (0x021348bb) divw    a7, t1, ra
core   0: 1 0x00000000800044d2 (0x021348bb) x17 0x0000000000000000
core   0: 0x00000000800044d6 (0x00000001) c.nop
core   0: 1 0x00000000800044d6 (0x0001)
core   0: 0x00000000800044d8 (0x00502eb3) slt     t4, zero, t0
core   0: 1 0x00000000800044d8 (0x00502eb3) x29 0x0000000000000001
core   0: 0x00000000800044dc (0x02dea7b3) mulhsu  a5, t4, a3
core   0: 1 0x00000000800044dc (0x02dea7b3) x15 0x0000000000000000
core   0: 0x00000000800044e0 (0x222c8153) fsgnj.d ft2, fs9, ft2
core   0: 1 0x00000000800044e0 (0x222c8153) f2  0x8000000000000000
core   0: 0x00000000800044e4 (0x2268add3) fsgnjx.d fs11, fa7, ft6
core   0: 1 0x00000000800044e4 (0x2268add3) f27 0x8000000000000000
core   0: 0x00000000800044e8 (0x00838733) add     a4, t2, s0
core   0: 1 0x00000000800044e8 (0x00838733) x14 0x8000000000000000
core   0: 0x00000000800044ec (0x74743bf3) csrrc   s7, mseccfg, s0
core   0: exception trap_illegal_instruction, epc 0x00000000800044ec
core   0:           tval 0x0000000074743bf3
core   0: >>>>  $xrv64i2p1_m2p0_a2p1_f2p2_d2p2_zicsr2p0_zifencei2p0_zmmul1p0_zba1p0_zbb1p0_zbc1p0_zbs1p0
core   0: 0x0000000080004000 (0x0080006f) j       pc + 0x8
core   0: 3 0x0000000080004000 (0x0080006f)
core   0: >>>>  mmode_exception_handler
core   0: 0x0000000080004008 (0x00002c17) auipc   s8, 0x2
core   0: 3 0x0000000080004008 (0x00002c17) x24 0x0000000080006008
core   0: 0x000000008000400c (0x052c0c13) addi    s8, s8, 82
core   0: 3 0x000000008000400c (0x052c0c13) x24 0x000000008000605a
core   0: 0x0000000080004010 (0x000c00e7) jalr    s8
core   0: 3 0x0000000080004010 (0x000c00e7) x1  0x0000000080004014
core   0: >>>>  any_handler
core   0: 0x000000008000605a (0x341027f3) csrrs   a5, mepc, zero
core   0: 3 0x000000008000605a (0x341027f3) x15 0x00000000800044ec
core   0: 0x000000008000605e (0x34202773) csrrs   a4, mcause, zero
core   0: 3 0x000000008000605e (0x34202773) x14 0x0000000000000002
core   0: 0x0000000080006062 (0x142026f3) csrrs   a3, scause, zero
core   0: 3 0x0000000080006062 (0x142026f3) x13 0x0000000000000000
core   0: 0x0000000080006066 (0x30402673) csrrs   a2, mie, zero
core   0: 3 0x0000000080006066 (0x30402673) x12 0x0000000000000a00
core   0: 0x000000008000606a (0x344025f3) csrrs   a1, mip, zero
core   0: 3 0x000000008000606a (0x344025f3) x11 0x0000000000000080
core   0: 0x000000008000606e (0x343025f3) csrrs   a1, mtval, zero
core   0: 3 0x000000008000606e (0x343025f3) x11 0x0000000074743bf3
core   0: 0x0000000080006072 (0x14302573) csrrs   a0, stval, zero
core   0: 3 0x0000000080006072 (0x14302573) x10 0x0000000000000000
core   0: 0x0000000080006076 (0xb02024f3) csrrs   s1, minstret, zero
core   0: 3 0x0000000080006076 (0xb02024f3) x9  0x0000000000000986
core   0: 0x000000008000607a (0x0000a811) c.j     pc + 20
core   0: 3 0x000000008000607a (0xa811)
core   0: >>>>  mepc_4
core   0: 0x000000008000608e (0x00000791) c.addi  a5, 4
core   0: 3 0x000000008000608e (0x0791) x15 0x00000000800044f0
core   0: 0x0000000080006090 (0x34179073) csrrw   zero, mepc, a5
core   0: 3 0x0000000080006090 (0x34179073) c833_mepc 0x00000000800044f0
core   0: 0x0000000080006094 (0x30200073) mret
core   0: 3 0x0000000080006094 (0x30200073) c768_mstatus 0x8000000a00106080
core   0: 0x00000000800044f0 (0x23032753) fsgnjx.d fa4, ft6, fa6
core   0: 1 0x00000000800044f0 (0x23032753) f14 0xc1dfffffb7000000
core   0: 0x00000000800044f4 (0x1a697bd3) fdiv.d  fs7, fs2, ft6
core   0: 1 0x00000000800044f4 (0x1a697bd3) f23 0x7ff8000000000000
core   0: 0x00000000800044f8 (0x03b29e93) slli    t4, t0, 59
core   0: 1 0x00000000800044f8 (0x03b29e93) x29 0x3800000000000000
core   0: 0x00000000800044fc (0x005793b3) sll     t2, a5, t0
core   0: 1 0x00000000800044fc (0x005793b3) x7  0x0000004000227800
core   0: 0x0000000080004500 (0x00000001) c.nop
core   0: 1 0x0000000080004500 (0x0001)
core   0: 0x0000000080004502 (0xc219fbd3) fcvt.wu.d s7, fs3
core   0: 1 0x0000000080004502 (0xc219fbd3) c1_fflags 0x0000000000000011 x23 0xffffffffffffffff
core   0: 0x0000000080004506 (0xd20b0b53) fcvt.d.w fs6, s6
core   0: 1 0x0000000080004506 (0xd20b0b53) f22 0x41dfca7a67000000
core   0: 0x000000008000450a (0x00ec4933) xor     s2, s8, a4
core   0: 1 0x000000008000450a (0x00ec4933) x18 0x0000000080006058
core   0: 0x000000008000450e (0x53b97e4f) fnmadd.d ft8, fs2, fs11, fa0
core   0: 1 0x000000008000450e (0x53b97e4f) f28 0x7ff8000000000000
core   0: 0x0000000080004512 (0x0181f3b3) and     t2, gp, s8
core   0: 1 0x0000000080004512 (0x0181f3b3) x7  0x0000000000000012
core   0: 0x0000000080004516 (0x01c6589b) srliw   a7, a2, 28
core   0: 1 0x0000000080004516 (0x01c6589b) x17 0x0000000000000000
core   0: 0x000000008000451a (0xf1581773) csrrw   a4, mconfigptr, a6
core   0: exception trap_illegal_instruction, epc 0x000000008000451a
core   0:           tval 0x00000000f1581773
core   0: >>>>  $xrv64i2p1_m2p0_a2p1_f2p2_d2p2_zicsr2p0_zifencei2p0_zmmul1p0_zba1p0_zbb1p0_zbc1p0_zbs1p0
core   0: 0x0000000080004000 (0x0080006f) j       pc + 0x8
core   0: 3 0x0000000080004000 (0x0080006f)
core   0: >>>>  mmode_exception_handler
core   0: 0x0000000080004008 (0x00002c17) auipc   s8, 0x2
core   0: 3 0x0000000080004008 (0x00002c17) x24 0x0000000080006008
core   0: 0x000000008000400c (0x052c0c13) addi    s8, s8, 82
core   0: 3 0x000000008000400c (0x052c0c13) x24 0x000000008000605a
core   0: 0x0000000080004010 (0x000c00e7) jalr    s8
core   0: 3 0x0000000080004010 (0x000c00e7) x1  0x0000000080004014
core   0: >>>>  any_handler
core   0: 0x000000008000605a (0x341027f3) csrrs   a5, mepc, zero
core   0: 3 0x000000008000605a (0x341027f3) x15 0x000000008000451a
core   0: 0x000000008000605e (0x34202773) csrrs   a4, mcause, zero
core   0: 3 0x000000008000605e (0x34202773) x14 0x0000000000000002
core   0: 0x0000000080006062 (0x142026f3) csrrs   a3, scause, zero
core   0: 3 0x0000000080006062 (0x142026f3) x13 0x0000000000000000
core   0: 0x0000000080006066 (0x30402673) csrrs   a2, mie, zero
core   0: 3 0x0000000080006066 (0x30402673) x12 0x0000000000000a00
core   0: 0x000000008000606a (0x344025f3) csrrs   a1, mip, zero
core   0: 3 0x000000008000606a (0x344025f3) x11 0x0000000000000080
core   0: 0x000000008000606e (0x343025f3) csrrs   a1, mtval, zero
core   0: 3 0x000000008000606e (0x343025f3) x11 0x00000000f1581773
core   0: 0x0000000080006072 (0x14302573) csrrs   a0, stval, zero
core   0: 3 0x0000000080006072 (0x14302573) x10 0x0000000000000000
core   0: 0x0000000080006076 (0xb02024f3) csrrs   s1, minstret, zero
core   0: 3 0x0000000080006076 (0xb02024f3) x9  0x00000000000009a1
core   0: 0x000000008000607a (0x0000a811) c.j     pc + 20
core   0: 3 0x000000008000607a (0xa811)
core   0: >>>>  mepc_4
core   0: 0x000000008000608e (0x00000791) c.addi  a5, 4
core   0: 3 0x000000008000608e (0x0791) x15 0x000000008000451e
core   0: 0x0000000080006090 (0x34179073) csrrw   zero, mepc, a5
core   0: 3 0x0000000080006090 (0x34179073) c833_mepc 0x000000008000451e
core   0: 0x0000000080006094 (0x30200073) mret
core   0: 3 0x0000000080006094 (0x30200073) c768_mstatus 0x8000000a00106080
core   0: 0x000000008000451e (0x000080c2) c.mv    ra, a6
core   0: 1 0x000000008000451e (0x80c2) x1  0xac00000000000000
core   0: 0x0000000080004520 (0x00708dbb) addw    s11, ra, t2
core   0: 1 0x0000000080004520 (0x00708dbb) x27 0x0000000000000012
core   0: 0x0000000080004524 (0x020e7243) fmadd.d ft4, ft8, ft0, ft0
core   0: 1 0x0000000080004524 (0x020e7243) f4  0x7ff8000000000000
core   0: 0x0000000080004528 (0x02278db3) mul     s11, a5, sp
core   0: 1 0x0000000080004528 (0x02278db3) x27 0x0000000000000000
core   0: 0x000000008000452c (0x22a78f53) fsgnj.d ft10, fa5, fa0
core   0: 1 0x000000008000452c (0x22a78f53) f30 0x7fffffffbf800000
core   0: 0x0000000080004530 (0xf20e8553) fmv.d.x fa0, t4
core   0: 1 0x0000000080004530 (0xf20e8553) f10 0x3800000000000000
core   0: 0x0000000080004534 (0x01f11a9b) slliw   s5, sp, 31
core   0: 1 0x0000000080004534 (0x01f11a9b) x21 0x0000000000000000
core   0: 0x0000000080004538 (0x401c74d3) fcvt.s.d fs1, fs8
core   0: 1 0x0000000080004538 (0x401c74d3) f9  0xffffffff7fc00000
core   0: 0x000000008000453c (0x41648b33) sub     s6, s1, s6
core   0: 1 0x000000008000453c (0x41648b33) x22 0x0000000080d62005
core   0: 0x0000000080004540 (0x4005d993) srai    s3, a1, 0
core   0: 1 0x0000000080004540 (0x4005d993) x19 0x00000000f1581773
core   0: 0x0000000080004544 (0x006b5a13) srli    s4, s6, 6
core   0: 1 0x0000000080004544 (0x006b5a13) x20 0x0000000002035880
core   0: 0x0000000080004548 (0xc02bf7d3) fcvt.l.s a5, fs7
core   0: 1 0x0000000080004548 (0xc02bf7d3) c1_fflags 0x0000000000000011 x15 0x7fffffffffffffff
core   0: 0x000000008000454c (0x0123519b) srliw   gp, t1, 18
core   0: 1 0x000000008000454c (0x0123519b) x3  0x000000000000100b
core   0: 0x0000000080004550 (0x00119df3) csrrw   s11, fflags, gp
core   0: 1 0x0000000080004550 (0x00119df3) x27 0x0000000000000011 c1_fflags 0x000000000000000b
core   0: 0x0000000080004554 (0x00202273) csrrs   tp, frm, zero
core   0: 1 0x0000000080004554 (0x00202273) x4  0x0000000000000000
core   0: 0x0000000080004558 (0x40215133) sra     sp, sp, sp
core   0: 1 0x0000000080004558 (0x40215133) x2  0x0000000000000000
core   0: 0x000000008000455c (0x00648dbb) addw    s11, s1, t1
core   0: 1 0x000000008000455c (0x00648dbb) x27 0x00000000402d5c9e
core   0: 0x0000000080004560 (0xc234fed3) fcvt.lu.d t4, fs1
core   0: 1 0x0000000080004560 (0xc234fed3) c1_fflags 0x000000000000001b x29 0xffffffffffffffff
core   0: 0x0000000080004564 (0x0b81fc53) fsub.d  fs8, ft3, fs8
core   0: 1 0x0000000080004564 (0x0b81fc53) f24 0x7ff8000000000000
core   0: 0x0000000080004568 (0x01ae5e33) srl     t3, t3, s10
core   0: 1 0x0000000080004568 (0x01ae5e33) x28 0x1fffffffefe53c10
core   0: 0x000000008000456c (0xc221f7d3) fcvt.l.d a5, ft3
core   0: 1 0x000000008000456c (0xc221f7d3) c1_fflags 0x000000000000001b x15 0x7fffffffffffffff
core   0: 0x0000000080004570 (0x224c8553) fsgnj.d fa0, fs9, ft4
core   0: 1 0x0000000080004570 (0x224c8553) f10 0x0000000000000000
core   0: 0x0000000080004574 (0x4134d813) srai    a6, s1, 19
core   0: 1 0x0000000080004574 (0x4134d813) x16 0x0000000000000000
core   0: 0x0000000080004578 (0x5a69cc13) xori    s8, s3, 1446
core   0: 1 0x0000000080004578 (0x5a69cc13) x24 0x00000000f15812d5
core   0: 0x000000008000457c (0xc029fed3) fcvt.l.s t4, fs3
core   0: 1 0x000000008000457c (0xc029fed3) c1_fflags 0x000000000000001b x29 0x7fffffffffffffff
core   0: 0x0000000080004580 (0xc038fad3) fcvt.lu.s s5, fa7
core   0: 1 0x0000000080004580 (0xc038fad3) c1_fflags 0x000000000000001b x21 0xffffffffffffffff
core   0: 0x0000000080004584 (0x0320073b) mulw    a4, zero, s2
core   0: 1 0x0000000080004584 (0x0320073b) x14 0x0000000000000000
core   0: 0x0000000080004588 (0x01535b9b) srliw   s7, t1, 21
core   0: 1 0x0000000080004588 (0x01535b9b) x23 0x0000000000000201
core   0: 0x000000008000458c (0x401570d3) fcvt.s.d ft1, fa0
core   0: 1 0x000000008000458c (0x401570d3) f1  0xffffffff00000000
core   0: 0x0000000080004590 (0x00845e3b) srlw    t3, s0, s0
core   0: 1 0x0000000080004590 (0x00845e3b) x28 0x0000000000000000
core   0: 0x0000000080004594 (0x01c56bb3) or      s7, a0, t3
core   0: 1 0x0000000080004594 (0x01c56bb3) x23 0x0000000000000000
core   0: 0x0000000080004598 (0xb4bf6637) lui     a2, 0xb4bf6
core   0: 1 0x0000000080004598 (0xb4bf6637) x12 0xffffffffb4bf6000
core   0: 0x000000008000459c (0x022353bb) divuw   t2, t1, sp
core   0: 1 0x000000008000459c (0x022353bb) x7  0xffffffffffffffff
core   0: 0x00000000800045a0 (0x00fe46b3) xor     a3, t3, a5
core   0: 1 0x00000000800045a0 (0x00fe46b3) x13 0x7fffffffffffffff
core   0: 0x00000000800045a4 (0x00f1fa33) and     s4, gp, a5
core   0: 1 0x00000000800045a4 (0x00f1fa33) x20 0x000000000000100b
core   0: 0x00000000800045a8 (0xf2048353) fmv.d.x ft6, s1
core   0: 1 0x00000000800045a8 (0xf2048353) f6  0x00000000000009a1
core   0: 0x00000000800045ac (0x00934733) xor     a4, t1, s1
core   0: 1 0x00000000800045ac (0x00934733) x14 0xffffffeb402d5b5c
core   0: 0x00000000800045b0 (0x02dd86bb) mulw    a3, s11, a3
core   0: 1 0x00000000800045b0 (0x02dd86bb) x13 0xffffffffbfd2a362
core   0: 0x00000000800045b4 (0x03aaf253) fadd.d  ft4, fs5, fs10
core   0: 1 0x00000000800045b4 (0x03aaf253) f4  0x7ff8000000000000
core   0: 0x00000000800045b8 (0x00ddac33) slt     s8, s11, a3
core   0: 1 0x00000000800045b8 (0x00ddac33) x24 0x0000000000000000
core   0: 0x00000000800045bc (0x6f7c7293) andi    t0, s8, 1783
core   0: 1 0x00000000800045bc (0x6f7c7293) x5  0x0000000000000000
core   0: 0x00000000800045c0 (0x02c2763b) remuw   a2, tp, a2
core   0: 1 0x00000000800045c0 (0x02c2763b) x12 0x0000000000000000
core   0: 0x00000000800045c4 (0xfff3c213) not     tp, t2
core   0: 1 0x00000000800045c4 (0xfff3c213) x4  0x0000000000000000
core   0: 0x00000000800045c8 (0x4049dd33) sra     s10, s3, tp
core   0: 1 0x00000000800045c8 (0x4049dd33) x26 0x00000000f1581773
core   0: 0x00000000800045cc (0x00025213) srli    tp, tp, 0
core   0: 1 0x00000000800045cc (0x00025213) x4  0x0000000000000000
core   0: 0x00000000800045d0 (0xfc9284b7) lui     s1, 0xfc928
core   0: 1 0x00000000800045d0 (0xfc9284b7) x9  0xfffffffffc928000
core   0: 0x00000000800045d4 (0xab74849b) addiw   s1, s1, -1353
core   0: 1 0x00000000800045d4 (0xab74849b) x9  0xfffffffffc927ab7
core   0: 0x00000000800045d8 (0x000004b6) c.slli  s1, 13
core   0: 1 0x00000000800045d8 (0x04b6) x9  0xffffff924f56e000
core   0: 0x00000000800045da (0xc7848493) addi    s1, s1, -904
core   0: 1 0x00000000800045da (0xc7848493) x9  0xffffff924f56dc78
core   0: 0x00000000800045de (0x00fb41b3) xor     gp, s6, a5
core   0: 1 0x00000000800045de (0x00fb41b3) x3  0x7fffffff7f29dffa
core   0: 0x00000000800045e2 (0x017e1e33) sll     t3, t3, s7
core   0: 1 0x00000000800045e2 (0x017e1e33) x28 0x0000000000000000
core   0: 0x00000000800045e6 (0xf8049db7) lui     s11, 0xf8049
core   0: 1 0x00000000800045e6 (0xf8049db7) x27 0xfffffffff8049000
core   0: 0x00000000800045ea (0xf21d8d9b) addiw   s11, s11, -223
core   0: 1 0x00000000800045ea (0xf21d8d9b) x27 0xfffffffff8048f21
core   0: 0x00000000800045ee (0x00000db2) c.slli  s11, 12
core   0: 1 0x00000000800045ee (0x0db2) x27 0xffffff8048f21000
core   0: 0x00000000800045f0 (0x8c1d8d93) addi    s11, s11, -1855
core   0: 1 0x00000000800045f0 (0x8c1d8d93) x27 0xffffff8048f208c1
core   0: 0x00000000800045f4 (0x00202673) csrrs   a2, frm, zero
core   0: 1 0x00000000800045f4 (0x00202673) x12 0x0000000000000000
core   0: 0x00000000800045f8 (0x80018e13) addi    t3, gp, -2048
core   0: 1 0x00000000800045f8 (0x80018e13) x28 0x7fffffff7f29d7fa
core   0: 0x00000000800045fc (0x014253b3) srl     t2, tp, s4
core   0: 1 0x00000000800045fc (0x014253b3) x7  0x0000000000000000
core   0: 0x0000000080004600 (0xab6bf0cb) fnmsub.d ft1, fs7, fs6, fs5
core   0: 1 0x0000000080004600 (0xab6bf0cb) f1  0x7ff8000000000000
core   0: 0x0000000080004604 (0x00448cbb) addw    s9, s1, tp
core   0: 1 0x0000000080004604 (0x00448cbb) x25 0x000000004f56dc78
core   0: 0x0000000080004608 (0x43d25613) srai    a2, tp, 61
core   0: 1 0x0000000080004608 (0x43d25613) x12 0x0000000000000000
core   0: 0x000000008000460c (0x030853bb) divuw   t2, a6, a6
core   0: 1 0x000000008000460c (0x030853bb) x7  0xffffffffffffffff
core   0: 0x0000000080004610 (0x000d9d13) slli    s10, s11, 0
core   0: 1 0x0000000080004610 (0x000d9d13) x26 0xffffff8048f208c1
core   0: 0x0000000080004614 (0x236b94d3) fsgnjn.d fs1, fs7, fs6
core   0: 1 0x0000000080004614 (0x236b94d3) f9  0xfff8000000000000
core   0: 0x0000000080004618 (0x028413b3) mulh    t2, s0, s0
core   0: 1 0x0000000080004618 (0x028413b3) x7  0x0000000000000000
core   0: 0x000000008000461c (0x0dd6f113) andi    sp, a3, 221
core   0: 1 0x000000008000461c (0x0dd6f113) x2  0x0000000000000040
core   0: 0x0000000080004620 (0x00051713) slli    a4, a0, 0
core   0: 1 0x0000000080004620 (0x00051713) x14 0x0000000000000000
core   0: 0x0000000080004624 (0x037e8233) mul     tp, t4, s7
core   0: 1 0x0000000080004624 (0x037e8233) x4  0x0000000000000000
core   0: 0x0000000080004628 (0xb2077047) fmsub.d ft0, fa4, ft0, fs6
core   0: 1 0x0000000080004628 (0xb2077047) f0  0x7ff8000000000000
core   0: 0x000000008000462c (0xc2107453) fcvt.wu.d s0, ft0
core   0: 1 0x000000008000462c (0xc2107453) c1_fflags 0x000000000000001b x8  0xffffffffffffffff
core   0: 0x0000000080004630 (0x001027f3) csrrs   a5, fflags, zero
core   0: 1 0x0000000080004630 (0x001027f3) x15 0x000000000000001b
core   0: 0x0000000080004634 (0x00000001) c.nop
core   0: 1 0x0000000080004634 (0x0001)
core   0: 0x0000000080004636 (0x00f1173b) sllw    a4, sp, a5
core   0: 1 0x0000000080004636 (0x00f1173b) x14 0x0000000000000000
core   0: 0x000000008000463a (0xe20706d3) fmv.x.d a3, fa4
core   0: 1 0x000000008000463a (0xe20706d3) x13 0xc1dfffffb7000000
core   0: 0x000000008000463e (0xfab975c3) fmadd.d fa1, fs2, fa1, ft11
core   0: 1 0x000000008000463e (0xfab975c3) f11 0x7ff8000000000000
core   0: 0x0000000080004642 (0x02887a33) remu    s4, a6, s0
core   0: 1 0x0000000080004642 (0x02887a33) x20 0x0000000000000000
core   0: 0x0000000080004646 (0xf2080d53) fmv.d.x fs10, a6
core   0: 1 0x0000000080004646 (0xf2080d53) f26 0x0000000000000000
core   0: 0x000000008000464a (0x027a7cb3) remu    s9, s4, t2
core   0: 1 0x000000008000464a (0x027a7cb3) x25 0x0000000000000000
core   0: 0x000000008000464e (0x4012d313) srai    t1, t0, 1
core   0: 1 0x000000008000464e (0x4012d313) x6  0x0000000000000000
core   0: 0x0000000080004652 (0x03e3ceb7) lui     t4, 0x3e3c
core   0: 1 0x0000000080004652 (0x03e3ceb7) x29 0x0000000003e3c000
core   0: 0x0000000080004656 (0x1a9e8e9b) addiw   t4, t4, 425
core   0: 1 0x0000000080004656 (0x1a9e8e9b) x29 0x0000000003e3c1a9
core   0: 0x000000008000465a (0x00000eb2) c.slli  t4, 12
core   0: 1 0x000000008000465a (0x0eb2) x29 0x0000003e3c1a9000
core   0: 0x000000008000465c (0xc2ae8e93) addi    t4, t4, -982
core   0: 1 0x000000008000465c (0xc2ae8e93) x29 0x0000003e3c1a8c2a
core   0: 0x0000000080004660 (0x40175593) srai    a1, a4, 1
core   0: 1 0x0000000080004660 (0x40175593) x11 0x0000000000000000
core   0: 0x0000000080004664 (0x021020b3) mulhsu  ra, zero, ra
core   0: 1 0x0000000080004664 (0x021020b3) x1  0x0000000000000000
core   0: 0x0000000080004668 (0x0201f1d3) fadd.d  ft3, ft3, ft0
core   0: 1 0x0000000080004668 (0x0201f1d3) f3  0x7ff8000000000000
core   0: 0x000000008000466c (0x00bd953b) sllw    a0, s11, a1
core   0: 1 0x000000008000466c (0x00bd953b) x10 0x0000000048f208c1
core   0: 0x0000000080004670 (0x0077a733) slt     a4, a5, t2
core   0: 1 0x0000000080004670 (0x0077a733) x14 0x0000000000000000
core   0: 0x0000000080004674 (0x02997933) remu    s2, s2, s1
core   0: 1 0x0000000080004674 (0x02997933) x18 0x0000000080006058
core   0: 0x0000000080004678 (0x014e6533) or      a0, t3, s4
core   0: 1 0x0000000080004678 (0x014e6533) x10 0x7fffffff7f29d7fa
core   0: 0x000000008000467c (0xc200f7d3) fcvt.w.d a5, ft1
core   0: 1 0x000000008000467c (0xc200f7d3) c1_fflags 0x000000000000001b x15 0x000000007fffffff
core   0: 0x0000000080004680 (0x1b6d7b53) fdiv.d  fs6, fs10, fs6
core   0: 1 0x0000000080004680 (0x1b6d7b53) f22 0x0000000000000000
core   0: 0x0000000080004684 (0x4003d99b) sraiw   s3, t2, 0
core   0: 1 0x0000000080004684 (0x4003d99b) x19 0x0000000000000000
core   0: 0x0000000080004688 (0x037c9b33) mulh    s6, s9, s7
core   0: 1 0x0000000080004688 (0x037c9b33) x22 0x0000000000000000
core   0: 0x000000008000468c (0x9a3d734f) fnmadd.d ft6, fs10, ft3, fs3
core   0: 1 0x000000008000468c (0x9a3d734f) f6  0x7ff8000000000000
core   0: 0x0000000080004690 (0x029c5013) srli    zero, s8, 41
core   0: 1 0x0000000080004690 (0x029c5013)
core   0: 0x0000000080004694 (0x420f01d3) fcvt.d.s ft3, ft10
core   0: 1 0x0000000080004694 (0x420f01d3) f3  0x7ff8000000000000
core   0: 0x0000000080004698 (0x4103d61b) sraiw   a2, t2, 16
core   0: 1 0x0000000080004698 (0x4103d61b) x12 0x0000000000000000
core   0: 0x000000008000469c (0xb251fdc7) fmsub.d fs11, ft3, ft5, fs6
core   0: 1 0x000000008000469c (0xb251fdc7) f27 0x7ff8000000000000
core   0: 0x00000000800046a0 (0x14333473) csrrc   s0, stval, t1
core   0: 1 0x00000000800046a0 (0x14333473) x8  0x0000000000000000 c323_stval 0x0000000000000000
core   0: 0x00000000800046a4 (0x225a2e53) fsgnjx.d ft8, fs4, ft5
core   0: 1 0x00000000800046a4 (0x225a2e53) f28 0x7ff8000000000000
core   0: 0x00000000800046a8 (0x003608b3) add     a7, a2, gp
core   0: 1 0x00000000800046a8 (0x003608b3) x17 0x7fffffff7f29dffa
core   0: 0x00000000800046ac (0x1bc875d3) fdiv.d  fa1, fa6, ft8
core   0: 1 0x00000000800046ac (0x1bc875d3) f11 0x7ff8000000000000
core   0: 0x00000000800046b0 (0x0073943b) sllw    s0, t2, t2
core   0: 1 0x00000000800046b0 (0x0073943b) x8  0x0000000000000000
core   0: 0x00000000800046b4 (0xd20e8cd3) fcvt.d.w fs9, t4
core   0: 1 0x00000000800046b4 (0xd20e8cd3) f25 0x41ce0d4615000000
core   0: 0x00000000800046b8 (0xc0443473) csrrc   s0, hpmcounter4, s0
core   0: exception trap_illegal_instruction, epc 0x00000000800046b8
core   0:           tval 0x00000000c0443473
core   0: >>>>  $xrv64i2p1_m2p0_a2p1_f2p2_d2p2_zicsr2p0_zifencei2p0_zmmul1p0_zba1p0_zbb1p0_zbc1p0_zbs1p0
core   0: 0x0000000080004000 (0x0080006f) j       pc + 0x8
core   0: 3 0x0000000080004000 (0x0080006f)
core   0: >>>>  mmode_exception_handler
core   0: 0x0000000080004008 (0x00002c17) auipc   s8, 0x2
core   0: 3 0x0000000080004008 (0x00002c17) x24 0x0000000080006008
core   0: 0x000000008000400c (0x052c0c13) addi    s8, s8, 82
core   0: 3 0x000000008000400c (0x052c0c13) x24 0x000000008000605a
core   0: 0x0000000080004010 (0x000c00e7) jalr    s8
core   0: 3 0x0000000080004010 (0x000c00e7) x1  0x0000000080004014
core   0: >>>>  any_handler
core   0: 0x000000008000605a (0x341027f3) csrrs   a5, mepc, zero
core   0: 3 0x000000008000605a (0x341027f3) x15 0x00000000800046b8
core   0: 0x000000008000605e (0x34202773) csrrs   a4, mcause, zero
core   0: 3 0x000000008000605e (0x34202773) x14 0x0000000000000002
core   0: 0x0000000080006062 (0x142026f3) csrrs   a3, scause, zero
core   0: 3 0x0000000080006062 (0x142026f3) x13 0x0000000000000000
core   0: 0x0000000080006066 (0x30402673) csrrs   a2, mie, zero
core   0: 3 0x0000000080006066 (0x30402673) x12 0x0000000000000a00
core   0: 0x000000008000606a (0x344025f3) csrrs   a1, mip, zero
core   0: 3 0x000000008000606a (0x344025f3) x11 0x0000000000000080
core   0: 0x000000008000606e (0x343025f3) csrrs   a1, mtval, zero
core   0: 3 0x000000008000606e (0x343025f3) x11 0x00000000c0443473
core   0: 0x0000000080006072 (0x14302573) csrrs   a0, stval, zero
core   0: 3 0x0000000080006072 (0x14302573) x10 0x0000000000000000
core   0: 0x0000000080006076 (0xb02024f3) csrrs   s1, minstret, zero
core   0: 3 0x0000000080006076 (0xb02024f3) x9  0x0000000000000a1a
core   0: 0x000000008000607a (0x0000a811) c.j     pc + 20
core   0: 3 0x000000008000607a (0xa811)
core   0: >>>>  mepc_4
core   0: 0x000000008000608e (0x00000791) c.addi  a5, 4
core   0: 3 0x000000008000608e (0x0791) x15 0x00000000800046bc
core   0: 0x0000000080006090 (0x34179073) csrrw   zero, mepc, a5
core   0: 3 0x0000000080006090 (0x34179073) c833_mepc 0x00000000800046bc
core   0: 0x0000000080006094 (0x30200073) mret
core   0: 3 0x0000000080006094 (0x30200073) c768_mstatus 0x8000000a00106080
core   0: 0x00000000800046bc (0x00d0863b) addw    a2, ra, a3
core   0: 1 0x00000000800046bc (0x00d0863b) x12 0xffffffff80004014
core   0: 0x00000000800046c0 (0x00067393) andi    t2, a2, 0
core   0: 1 0x00000000800046c0 (0x00067393) x7  0x0000000000000000
core   0: 0x00000000800046c4 (0x02b8f8b3) remu    a7, a7, a1
core   0: 1 0x00000000800046c4 (0x02b8f8b3) x17 0x0000000060e9967b
core   0: 0x00000000800046c8 (0x0078f4b7) lui     s1, 0x78f
core   0: 1 0x00000000800046c8 (0x0078f4b7) x9  0x000000000078f000
core   0: 0x00000000800046cc (0xfdf4849b) addiw   s1, s1, -33
core   0: 1 0x00000000800046cc (0xfdf4849b) x9  0x000000000078efdf
core   0: 0x00000000800046d0 (0x000004b6) c.slli  s1, 13
core   0: 1 0x00000000800046d0 (0x04b6) x9  0x0000000f1dfbe000
core   0: 0x00000000800046d2 (0x58248493) addi    s1, s1, 1410
core   0: 1 0x00000000800046d2 (0x58248493) x9  0x0000000f1dfbe582
core   0: 0x00000000800046d6 (0x0344833b) mulw    t1, s1, s4
core   0: 1 0x00000000800046d6 (0x0344833b) x6  0x0000000000000000
core   0: 0x00000000800046da (0x4065dabb) sraw    s5, a1, t1
core   0: 1 0x00000000800046da (0x4065dabb) x21 0xffffffffc0443473
core   0: 0x00000000800046de (0xd03effd3) fcvt.s.lu ft11, t4
core   0: 1 0x00000000800046de (0xd03effd3) c1_fflags 0x000000000000001b f31 0xffffffff5278f06a
core   0: 0x00000000800046e2 (0x017a9a33) sll     s4, s5, s7
core   0: 1 0x00000000800046e2 (0x017a9a33) x20 0xffffffffc0443473
core   0: 0x00000000800046e6 (0x03beaab3) mulhsu  s5, t4, s11
core   0: 1 0x00000000800046e6 (0x03beaab3) x21 0x0000003e3c1a6d1d
core   0: 0x00000000800046ea (0x0ff0000f) fence   iorw,iorw
core   0: 1 0x00000000800046ea (0x0ff0000f)
core   0: 0x00000000800046ee (0xf13c1c73) csrrw   s8, mimpid, s8
core   0: exception trap_illegal_instruction, epc 0x00000000800046ee
core   0:           tval 0x00000000f13c1c73
core   0: >>>>  $xrv64i2p1_m2p0_a2p1_f2p2_d2p2_zicsr2p0_zifencei2p0_zmmul1p0_zba1p0_zbb1p0_zbc1p0_zbs1p0
core   0: 0x0000000080004000 (0x0080006f) j       pc + 0x8
core   0: 3 0x0000000080004000 (0x0080006f)
core   0: >>>>  mmode_exception_handler
core   0: 0x0000000080004008 (0x00002c17) auipc   s8, 0x2
core   0: 3 0x0000000080004008 (0x00002c17) x24 0x0000000080006008
core   0: 0x000000008000400c (0x052c0c13) addi    s8, s8, 82
core   0: 3 0x000000008000400c (0x052c0c13) x24 0x000000008000605a
core   0: 0x0000000080004010 (0x000c00e7) jalr    s8
core   0: 3 0x0000000080004010 (0x000c00e7) x1  0x0000000080004014
core   0: >>>>  any_handler
core   0: 0x000000008000605a (0x341027f3) csrrs   a5, mepc, zero
core   0: 3 0x000000008000605a (0x341027f3) x15 0x00000000800046ee
core   0: 0x000000008000605e (0x34202773) csrrs   a4, mcause, zero
core   0: 3 0x000000008000605e (0x34202773) x14 0x0000000000000002
core   0: 0x0000000080006062 (0x142026f3) csrrs   a3, scause, zero
core   0: 3 0x0000000080006062 (0x142026f3) x13 0x0000000000000000
core   0: 0x0000000080006066 (0x30402673) csrrs   a2, mie, zero
core   0: 3 0x0000000080006066 (0x30402673) x12 0x0000000000000a00
core   0: 0x000000008000606a (0x344025f3) csrrs   a1, mip, zero
core   0: 3 0x000000008000606a (0x344025f3) x11 0x0000000000000080
core   0: 0x000000008000606e (0x343025f3) csrrs   a1, mtval, zero
core   0: 3 0x000000008000606e (0x343025f3) x11 0x00000000f13c1c73
core   0: 0x0000000080006072 (0x14302573) csrrs   a0, stval, zero
core   0: 3 0x0000000080006072 (0x14302573) x10 0x0000000000000000
core   0: 0x0000000080006076 (0xb02024f3) csrrs   s1, minstret, zero
core   0: 3 0x0000000080006076 (0xb02024f3) x9  0x0000000000000a37
core   0: 0x000000008000607a (0x0000a811) c.j     pc + 20
core   0: 3 0x000000008000607a (0xa811)
core   0: >>>>  mepc_4
core   0: 0x000000008000608e (0x00000791) c.addi  a5, 4
core   0: 3 0x000000008000608e (0x0791) x15 0x00000000800046f2
core   0: 0x0000000080006090 (0x34179073) csrrw   zero, mepc, a5
core   0: 3 0x0000000080006090 (0x34179073) c833_mepc 0x00000000800046f2
core   0: 0x0000000080006094 (0x30200073) mret
core   0: 3 0x0000000080006094 (0x30200073) c768_mstatus 0x8000000a00106080
core   0: 0x00000000800046f2 (0x23cca953) fsgnjx.d fs2, fs9, ft8
core   0: 1 0x00000000800046f2 (0x23cca953) f18 0x41ce0d4615000000
core   0: 0x00000000800046f6 (0xa3f18a53) fle.d   s4, ft3, ft11
core   0: 1 0x00000000800046f6 (0xa3f18a53) c1_fflags 0x000000000000001b x20 0x0000000000000000
core   0: 0x00000000800046fa (0x73070c93) addi    s9, a4, 1840
core   0: 1 0x00000000800046fa (0x73070c93) x25 0x0000000000000732
core   0: 0x00000000800046fe (0xc03e7e53) fcvt.lu.s t3, ft8
core   0: 1 0x00000000800046fe (0xc03e7e53) c1_fflags 0x000000000000001b x28 0xffffffffffffffff
core   0: 0x0000000080004702 (0x03c06cbb) remw    s9, zero, t3
core   0: 1 0x0000000080004702 (0x03c06cbb) x25 0x0000000000000000
core   0: 0x0000000080004706 (0x0000046a) c.slli  s0, 26
core   0: 1 0x0000000080004706 (0x046a) x8  0x0000000000000000
core   0: 0x0000000080004708 (0xa5347793) andi    a5, s0, -1453
core   0: 1 0x0000000080004708 (0xa5347793) x15 0x0000000000000000
core   0: 0x000000008000470c (0x02d35133) divu    sp, t1, a3
core   0: 1 0x000000008000470c (0x02d35133) x2  0xffffffffffffffff
core   0: 0x0000000080004710 (0x02b176bb) remuw   a3, sp, a1
core   0: 1 0x0000000080004710 (0x02b176bb) x13 0x000000000ec3e38c
core   0: 0x0000000080004714 (0x23250953) fsgnj.d fs2, fa0, fs2
core   0: 1 0x0000000080004714 (0x23250953) f18 0x0000000000000000
core   0: 0x0000000080004718 (0xc20d71d3) fcvt.w.d gp, fs10
core   0: 1 0x0000000080004718 (0xc20d71d3) x3  0x0000000000000000
core   0: 0x000000008000471c (0x038a97b3) mulh    a5, s5, s8
core   0: 1 0x000000008000471c (0x038a97b3) x15 0x000000000000001f
core   0: 0x0000000080004720 (0x9a1e7bc7) fmsub.d fs7, ft8, ft1, fs3
core   0: 1 0x0000000080004720 (0x9a1e7bc7) f23 0x7ff8000000000000
core   0: 0x0000000080004724 (0x034bfd3b) remuw   s10, s7, s4
core   0: 1 0x0000000080004724 (0x034bfd3b) x26 0x0000000000000000
core   0: 0x0000000080004728 (0x5a0dfdd3) fsqrt.d fs11, fs11
core   0: 1 0x0000000080004728 (0x5a0dfdd3) f27 0x7ff8000000000000
core   0: 0x000000008000472c (0x0349d9bb) divuw   s3, s3, s4
core   0: 1 0x000000008000472c (0x0349d9bb) x19 0xffffffffffffffff
core   0: 0x0000000080004730 (0x000d531b) srliw   t1, s10, 0
core   0: 1 0x0000000080004730 (0x000d531b) x6  0x0000000000000000
core   0: 0x0000000080004734 (0x02d275b3) remu    a1, tp, a3
core   0: 1 0x0000000080004734 (0x02d275b3) x11 0x0000000000000000
core   0: 0x0000000080004738 (0x2aa41653) fmax.d  fa2, fs0, fa0
core   0: 1 0x0000000080004738 (0x2aa41653) f12 0x43dffe0000000000
core   0: 0x000000008000473c (0xd032f2d3) fcvt.s.lu ft5, t0
core   0: 1 0x000000008000473c (0xd032f2d3) f5  0xffffffff00000000
core   0: 0x0000000080004740 (0xc02cb673) csrrc   a2, instret, s9
core   0: exception trap_illegal_instruction, epc 0x0000000080004740
core   0:           tval 0x00000000c02cb673
core   0: >>>>  $xrv64i2p1_m2p0_a2p1_f2p2_d2p2_zicsr2p0_zifencei2p0_zmmul1p0_zba1p0_zbb1p0_zbc1p0_zbs1p0
core   0: 0x0000000080004000 (0x0080006f) j       pc + 0x8
core   0: 3 0x0000000080004000 (0x0080006f)
core   0: >>>>  mmode_exception_handler
core   0: 0x0000000080004008 (0x00002c17) auipc   s8, 0x2
core   0: 3 0x0000000080004008 (0x00002c17) x24 0x0000000080006008
core   0: 0x000000008000400c (0x052c0c13) addi    s8, s8, 82
core   0: 3 0x000000008000400c (0x052c0c13) x24 0x000000008000605a
core   0: 0x0000000080004010 (0x000c00e7) jalr    s8
core   0: 3 0x0000000080004010 (0x000c00e7) x1  0x0000000080004014
core   0: >>>>  any_handler
core   0: 0x000000008000605a (0x341027f3) csrrs   a5, mepc, zero
core   0: 3 0x000000008000605a (0x341027f3) x15 0x0000000080004740
core   0: 0x000000008000605e (0x34202773) csrrs   a4, mcause, zero
core   0: 3 0x000000008000605e (0x34202773) x14 0x0000000000000002
core   0: 0x0000000080006062 (0x142026f3) csrrs   a3, scause, zero
core   0: 3 0x0000000080006062 (0x142026f3) x13 0x0000000000000000
core   0: 0x0000000080006066 (0x30402673) csrrs   a2, mie, zero
core   0: 3 0x0000000080006066 (0x30402673) x12 0x0000000000000a00
core   0: 0x000000008000606a (0x344025f3) csrrs   a1, mip, zero
core   0: 3 0x000000008000606a (0x344025f3) x11 0x0000000000000080
core   0: 0x000000008000606e (0x343025f3) csrrs   a1, mtval, zero
core   0: 3 0x000000008000606e (0x343025f3) x11 0x00000000c02cb673
core   0: 0x0000000080006072 (0x14302573) csrrs   a0, stval, zero
core   0: 3 0x0000000080006072 (0x14302573) x10 0x0000000000000000
core   0: 0x0000000080006076 (0xb02024f3) csrrs   s1, minstret, zero
core   0: 3 0x0000000080006076 (0xb02024f3) x9  0x0000000000000a5b
core   0: 0x000000008000607a (0x0000a811) c.j     pc + 20
core   0: 3 0x000000008000607a (0xa811)
core   0: >>>>  mepc_4
core   0: 0x000000008000608e (0x00000791) c.addi  a5, 4
core   0: 3 0x000000008000608e (0x0791) x15 0x0000000080004744
core   0: 0x0000000080006090 (0x34179073) csrrw   zero, mepc, a5
core   0: 3 0x0000000080006090 (0x34179073) c833_mepc 0x0000000080004744
core   0: 0x0000000080006094 (0x30200073) mret
core   0: 3 0x0000000080006094 (0x30200073) c768_mstatus 0x8000000a00106080
core   0: 0x0000000080004744 (0x03f85a13) srli    s4, a6, 63
core   0: 1 0x0000000080004744 (0x03f85a13) x20 0x0000000000000000
core   0: 0x0000000080004748 (0x01365c93) srli    s9, a2, 19
core   0: 1 0x0000000080004748 (0x01365c93) x25 0x0000000000000000
core   0: 0x000000008000474c (0x418a843b) subw    s0, s5, s8
core   0: 1 0x000000008000474c (0x418a843b) x8  0xffffffffbc1a0cc3
core   0: 0x0000000080004750 (0x41f5559b) sraiw   a1, a0, 31
core   0: 1 0x0000000080004750 (0x41f5559b) x11 0x0000000000000000
core   0: 0x0000000080004754 (0xc20df9d3) fcvt.w.d s3, fs11
core   0: 1 0x0000000080004754 (0xc20df9d3) c1_fflags 0x000000000000001b x19 0x000000007fffffff
core   0: 0x0000000080004758 (0xc05292f3) csrrw   t0, hpmcounter5, t0
core   0: exception trap_illegal_instruction, epc 0x0000000080004758
core   0:           tval 0x00000000c05292f3
core   0: >>>>  $xrv64i2p1_m2p0_a2p1_f2p2_d2p2_zicsr2p0_zifencei2p0_zmmul1p0_zba1p0_zbb1p0_zbc1p0_zbs1p0
core   0: 0x0000000080004000 (0x0080006f) j       pc + 0x8
core   0: 3 0x0000000080004000 (0x0080006f)
core   0: >>>>  mmode_exception_handler
core   0: 0x0000000080004008 (0x00002c17) auipc   s8, 0x2
core   0: 3 0x0000000080004008 (0x00002c17) x24 0x0000000080006008
core   0: 0x000000008000400c (0x052c0c13) addi    s8, s8, 82
core   0: 3 0x000000008000400c (0x052c0c13) x24 0x000000008000605a
core   0: 0x0000000080004010 (0x000c00e7) jalr    s8
core   0: 3 0x0000000080004010 (0x000c00e7) x1  0x0000000080004014
core   0: >>>>  any_handler
core   0: 0x000000008000605a (0x341027f3) csrrs   a5, mepc, zero
core   0: 3 0x000000008000605a (0x341027f3) x15 0x0000000080004758
core   0: 0x000000008000605e (0x34202773) csrrs   a4, mcause, zero
core   0: 3 0x000000008000605e (0x34202773) x14 0x0000000000000002
core   0: 0x0000000080006062 (0x142026f3) csrrs   a3, scause, zero
core   0: 3 0x0000000080006062 (0x142026f3) x13 0x0000000000000000
core   0: 0x0000000080006066 (0x30402673) csrrs   a2, mie, zero
core   0: 3 0x0000000080006066 (0x30402673) x12 0x0000000000000a00
core   0: 0x000000008000606a (0x344025f3) csrrs   a1, mip, zero
core   0: 3 0x000000008000606a (0x344025f3) x11 0x0000000000000080
core   0: 0x000000008000606e (0x343025f3) csrrs   a1, mtval, zero
core   0: 3 0x000000008000606e (0x343025f3) x11 0x00000000c05292f3
core   0: 0x0000000080006072 (0x14302573) csrrs   a0, stval, zero
core   0: 3 0x0000000080006072 (0x14302573) x10 0x0000000000000000
core   0: 0x0000000080006076 (0xb02024f3) csrrs   s1, minstret, zero
core   0: 3 0x0000000080006076 (0xb02024f3) x9  0x0000000000000a70
core   0: 0x000000008000607a (0x0000a811) c.j     pc + 20
core   0: 3 0x000000008000607a (0xa811)
core   0: >>>>  mepc_4
core   0: 0x000000008000608e (0x00000791) c.addi  a5, 4
core   0: 3 0x000000008000608e (0x0791) x15 0x000000008000475c
core   0: 0x0000000080006090 (0x34179073) csrrw   zero, mepc, a5
core   0: 3 0x0000000080006090 (0x34179073) c833_mepc 0x000000008000475c
core   0: 0x0000000080006094 (0x30200073) mret
core   0: 3 0x0000000080006094 (0x30200073) c768_mstatus 0x8000000a00106080
core   0: 0x000000008000475c (0x10026873) csrrsi  a6, sstatus, 4
core   0: 1 0x000000008000475c (0x10026873) x16 0x8000000200006000 c768_mstatus 0x8000000a00106080
core   0: 0x0000000080004760 (0x4012fdd3) fcvt.s.d fs11, ft5
core   0: 1 0x0000000080004760 (0x4012fdd3) f27 0xffffffff7fc00000
core   0: 0x0000000080004764 (0x01f8101b) slliw   zero, a6, 31
core   0: 1 0x0000000080004764 (0x01f8101b)
core   0: 0x0000000080004768 (0x40b5843b) subw    s0, a1, a1
core   0: 1 0x0000000080004768 (0x40b5843b) x8  0x0000000000000000
core   0: 0x000000008000476c (0x0325e3b3) rem     t2, a1, s2
core   0: 1 0x000000008000476c (0x0325e3b3) x7  0x000000004052329b
core   0: 0x0000000080004770 (0x0065a333) slt     t1, a1, t1
core   0: 1 0x0000000080004770 (0x0065a333) x6  0x0000000000000000
core   0: 0x0000000080004774 (0x22302653) fsgnjx.d fa2, ft0, ft3
core   0: 1 0x0000000080004774 (0x22302653) f12 0x7ff8000000000000
core   0: 0x0000000080004778 (0x00102ef3) csrrs   t4, fflags, zero
core   0: 1 0x0000000080004778 (0x00102ef3) x29 0x000000000000001b
core   0: 0x000000008000477c (0x407a53bb) sraw    t2, s4, t2
core   0: 1 0x000000008000477c (0x407a53bb) x7  0x0000000000000000
core   0: 0x0000000080004780 (0x406e8b3b) subw    s6, t4, t1
core   0: 1 0x0000000080004780 (0x406e8b3b) x22 0x000000000000001b
core   0: 0x0000000080004784 (0xd22b7ad3) fcvt.d.l fs5, s6
core   0: 1 0x0000000080004784 (0xd22b7ad3) f21 0x403b000000000000
core   0: 0x0000000080004788 (0xc211f4d3) fcvt.wu.d s1, ft3
core   0: 1 0x0000000080004788 (0xc211f4d3) c1_fflags 0x000000000000001b x9  0xffffffffffffffff
core   0: 0x000000008000478c (0xc8177713) andi    a4, a4, -895
core   0: 1 0x000000008000478c (0xc8177713) x14 0x0000000000000000
core   0: 0x0000000080004790 (0x030af053) fadd.d  ft0, fs5, fa6
core   0: 1 0x0000000080004790 (0x030af053) f0  0x41c6f97ed1800000
core   0: 0x0000000080004794 (0xa2360d53) fle.d   s10, fa2, ft3
core   0: 1 0x0000000080004794 (0xa2360d53) c1_fflags 0x000000000000001b x26 0x0000000000000000
core   0: 0x0000000080004798 (0xd035f2d3) fcvt.s.lu ft5, a1
core   0: 1 0x0000000080004798 (0xd035f2d3) c1_fflags 0x000000000000001b f5  0xffffffff4f405293
core   0: 0x000000008000479c (0x4019f5d3) fcvt.s.d fa1, fs3
core   0: 1 0x000000008000479c (0x4019f5d3) f11 0xffffffff7fc00000
core   0: 0x00000000800047a0 (0x6b3076c7) fmsub.d fa3, ft0, fs3, fa3
core   0: 1 0x00000000800047a0 (0x6b3076c7) f13 0x7ff8000000000000
core   0: 0x00000000800047a4 (0x437ede13) srai    t3, t4, 55
core   0: 1 0x00000000800047a4 (0x437ede13) x28 0x0000000000000000
core   0: 0x00000000800047a8 (0x00039513) slli    a0, t2, 0
core   0: 1 0x00000000800047a8 (0x00039513) x10 0x0000000000000000
core   0: 0x00000000800047ac (0xc0307653) fcvt.lu.s a2, ft0
core   0: 1 0x00000000800047ac (0xc0307653) c1_fflags 0x000000000000001b x12 0xffffffffffffffff
core   0: 0x00000000800047b0 (0xd03bfa53) fcvt.s.lu fs4, s7
core   0: 1 0x00000000800047b0 (0xd03bfa53) f20 0xffffffff00000000
core   0: 0x00000000800047b4 (0x019393bb) sllw    t2, t2, s9
core   0: 1 0x00000000800047b4 (0x019393bb) x7  0x0000000000000000
core   0: 0x00000000800047b8 (0x002c9373) csrrw   t1, frm, s9
core   0: 1 0x00000000800047b8 (0x002c9373) x6  0x0000000000000000 c2_frm 0x0000000000000000
core   0: 0x00000000800047bc (0xb02d3d73) csrrc   s10, minstret, s10
core   0: exception trap_illegal_instruction, epc 0x00000000800047bc
core   0:           tval 0x00000000b02d3d73
core   0: >>>>  $xrv64i2p1_m2p0_a2p1_f2p2_d2p2_zicsr2p0_zifencei2p0_zmmul1p0_zba1p0_zbb1p0_zbc1p0_zbs1p0
core   0: 0x0000000080004000 (0x0080006f) j       pc + 0x8
core   0: 3 0x0000000080004000 (0x0080006f)
core   0: >>>>  mmode_exception_handler
core   0: 0x0000000080004008 (0x00002c17) auipc   s8, 0x2
core   0: 3 0x0000000080004008 (0x00002c17) x24 0x0000000080006008
core   0: 0x000000008000400c (0x052c0c13) addi    s8, s8, 82
core   0: 3 0x000000008000400c (0x052c0c13) x24 0x000000008000605a
core   0: 0x0000000080004010 (0x000c00e7) jalr    s8
core   0: 3 0x0000000080004010 (0x000c00e7) x1  0x0000000080004014
core   0: >>>>  any_handler
core   0: 0x000000008000605a (0x341027f3) csrrs   a5, mepc, zero
core   0: 3 0x000000008000605a (0x341027f3) x15 0x00000000800047bc
core   0: 0x000000008000605e (0x34202773) csrrs   a4, mcause, zero
core   0: 3 0x000000008000605e (0x34202773) x14 0x0000000000000002
core   0: 0x0000000080006062 (0x142026f3) csrrs   a3, scause, zero
core   0: 3 0x0000000080006062 (0x142026f3) x13 0x0000000000000000
core   0: 0x0000000080006066 (0x30402673) csrrs   a2, mie, zero
core   0: 3 0x0000000080006066 (0x30402673) x12 0x0000000000000a00
core   0: 0x000000008000606a (0x344025f3) csrrs   a1, mip, zero
core   0: 3 0x000000008000606a (0x344025f3) x11 0x0000000000000080
core   0: 0x000000008000606e (0x343025f3) csrrs   a1, mtval, zero
core   0: 3 0x000000008000606e (0x343025f3) x11 0x00000000b02d3d73
core   0: 0x0000000080006072 (0x14302573) csrrs   a0, stval, zero
core   0: 3 0x0000000080006072 (0x14302573) x10 0x0000000000000000
core   0: 0x0000000080006076 (0xb02024f3) csrrs   s1, minstret, zero
core   0: 3 0x0000000080006076 (0xb02024f3) x9  0x0000000000000a98
core   0: 0x000000008000607a (0x0000a811) c.j     pc + 20
core   0: 3 0x000000008000607a (0xa811)
core   0: >>>>  mepc_4
core   0: 0x000000008000608e (0x00000791) c.addi  a5, 4
core   0: 3 0x000000008000608e (0x0791) x15 0x00000000800047c0
core   0: 0x0000000080006090 (0x34179073) csrrw   zero, mepc, a5
core   0: 3 0x0000000080006090 (0x34179073) c833_mepc 0x00000000800047c0
core   0: 0x0000000080006094 (0x30200073) mret
core   0: 3 0x0000000080006094 (0x30200073) c768_mstatus 0x8000000a00106080
core   0: 0x00000000800047c0 (0x02249813) slli    a6, s1, 34
core   0: 1 0x00000000800047c0 (0x02249813) x16 0x00002a6000000000
core   0: 0x00000000800047c4 (0x000d6713) ori     a4, s10, 0
core   0: 1 0x00000000800047c4 (0x000d6713) x14 0x0000000000000000
core   0: 0x00000000800047c8 (0x401280b3) sub     ra, t0, ra
core   0: 1 0x00000000800047c8 (0x401280b3) x1  0xffffffff7fffbfec
core   0: 0x00000000800047cc (0x00000001) c.nop
core   0: 1 0x00000000800047cc (0x0001)
core   0: 0x00000000800047ce (0xc2117ed3) fcvt.wu.d t4, ft2
core   0: 1 0x00000000800047ce (0xc2117ed3) x29 0x0000000000000000
core   0: 0x00000000800047d2 (0xd2277c53) fcvt.d.l fs8, a4
core   0: 1 0x00000000800047d2 (0xd2277c53) f24 0x0000000000000000
core   0: 0x00000000800047d6 (0x011ed633) srl     a2, t4, a7
core   0: 1 0x00000000800047d6 (0x011ed633) x12 0x0000000000000000
core   0: 0x00000000800047da (0xad7a871b) addiw   a4, s5, -1321
core   0: 1 0x00000000800047da (0xad7a871b) x14 0x000000003c1a67f4
core   0: 0x00000000800047de (0x0146e6b3) or      a3, a3, s4
core   0: 1 0x00000000800047de (0x0146e6b3) x13 0x0000000000000000
core   0: 0x00000000800047e2 (0x0031fb33) and     s6, gp, gp
core   0: 1 0x00000000800047e2 (0x0031fb33) x22 0x0000000000000000
core   0: 0x00000000800047e6 (0xf11fd273) csrrwi  tp, mvendorid, 31
core   0: exception trap_illegal_instruction, epc 0x00000000800047e6
core   0:           tval 0x00000000f11fd273
core   0: >>>>  $xrv64i2p1_m2p0_a2p1_f2p2_d2p2_zicsr2p0_zifencei2p0_zmmul1p0_zba1p0_zbb1p0_zbc1p0_zbs1p0
core   0: 0x0000000080004000 (0x0080006f) j       pc + 0x8
core   0: 3 0x0000000080004000 (0x0080006f)
core   0: >>>>  mmode_exception_handler
core   0: 0x0000000080004008 (0x00002c17) auipc   s8, 0x2
core   0: 3 0x0000000080004008 (0x00002c17) x24 0x0000000080006008
core   0: 0x000000008000400c (0x052c0c13) addi    s8, s8, 82
core   0: 3 0x000000008000400c (0x052c0c13) x24 0x000000008000605a
core   0: 0x0000000080004010 (0x000c00e7) jalr    s8
core   0: 3 0x0000000080004010 (0x000c00e7) x1  0x0000000080004014
core   0: >>>>  any_handler
core   0: 0x000000008000605a (0x341027f3) csrrs   a5, mepc, zero
core   0: 3 0x000000008000605a (0x341027f3) x15 0x00000000800047e6
core   0: 0x000000008000605e (0x34202773) csrrs   a4, mcause, zero
core   0: 3 0x000000008000605e (0x34202773) x14 0x0000000000000002
core   0: 0x0000000080006062 (0x142026f3) csrrs   a3, scause, zero
core   0: 3 0x0000000080006062 (0x142026f3) x13 0x0000000000000000
core   0: 0x0000000080006066 (0x30402673) csrrs   a2, mie, zero
core   0: 3 0x0000000080006066 (0x30402673) x12 0x0000000000000a00
core   0: 0x000000008000606a (0x344025f3) csrrs   a1, mip, zero
core   0: 3 0x000000008000606a (0x344025f3) x11 0x0000000000000080
core   0: 0x000000008000606e (0x343025f3) csrrs   a1, mtval, zero
core   0: 3 0x000000008000606e (0x343025f3) x11 0x00000000f11fd273
core   0: 0x0000000080006072 (0x14302573) csrrs   a0, stval, zero
core   0: 3 0x0000000080006072 (0x14302573) x10 0x0000000000000000
core   0: 0x0000000080006076 (0xb02024f3) csrrs   s1, minstret, zero
core   0: 3 0x0000000080006076 (0xb02024f3) x9  0x0000000000000ab2
core   0: 0x000000008000607a (0x0000a811) c.j     pc + 20
core   0: 3 0x000000008000607a (0xa811)
core   0: >>>>  mepc_4
core   0: 0x000000008000608e (0x00000791) c.addi  a5, 4
core   0: 3 0x000000008000608e (0x0791) x15 0x00000000800047ea
core   0: 0x0000000080006090 (0x34179073) csrrw   zero, mepc, a5
core   0: 3 0x0000000080006090 (0x34179073) c833_mepc 0x00000000800047ea
core   0: 0x0000000080006094 (0x30200073) mret
core   0: 3 0x0000000080006094 (0x30200073) c768_mstatus 0x8000000a00106080
core   0: 0x00000000800047ea (0x5b26f0c7) fmsub.d ft1, fa3, fs2, fa1
core   0: 1 0x00000000800047ea (0x5b26f0c7) f1  0x7ff8000000000000
core   0: 0x00000000800047ee (0x00ab153b) sllw    a0, s6, a0
core   0: 1 0x00000000800047ee (0x00ab153b) x10 0x0000000000000000
core   0: 0x00000000800047f2 (0x1af0f153) fdiv.d  ft2, ft1, fa5
core   0: 1 0x00000000800047f2 (0x1af0f153) f2  0x7ff8000000000000
core   0: 0x00000000800047f6 (0xc030f653) fcvt.lu.s a2, ft1
core   0: 1 0x00000000800047f6 (0xc030f653) c1_fflags 0x000000000000001b x12 0xffffffffffffffff
core   0: 0x00000000800047fa (0x015cd1bb) srlw    gp, s9, s5
core   0: 1 0x00000000800047fa (0x015cd1bb) x3  0x0000000000000000
core   0: 0x00000000800047fe (0xd22afd53) fcvt.d.l fs10, s5
core   0: 1 0x00000000800047fe (0xd22afd53) f26 0x424f1e0d368e8000
core   0: 0x0000000080004802 (0x731a7c47) fmsub.d fs8, fs4, fa7, fa4
core   0: 1 0x0000000080004802 (0x731a7c47) f24 0x7ff8000000000000
core   0: 0x0000000080004806 (0x40a6d09b) sraiw   ra, a3, 10
core   0: 1 0x0000000080004806 (0x40a6d09b) x1  0x0000000000000000
core   0: 0x000000008000480a (0xc0297bd3) fcvt.l.s s7, fs2
core   0: 1 0x000000008000480a (0xc0297bd3) c1_fflags 0x000000000000001b x23 0x7fffffffffffffff
core   0: 0x000000008000480e (0xcc504337) lui     t1, 0xcc504
core   0: 1 0x000000008000480e (0xcc504337) x6  0xffffffffcc504000
core   0: 0x0000000080004812 (0x014806bb) addw    a3, a6, s4
core   0: 1 0x0000000080004812 (0x014806bb) x13 0x0000000000000000
core   0: 0x0000000080004816 (0x0a33079b) addiw   a5, t1, 163
core   0: 1 0x0000000080004816 (0x0a33079b) x15 0xffffffffcc5040a3
core   0: 0x000000008000481a (0x229695d3) fsgnjn.d fa1, fa3, fs1
core   0: 1 0x000000008000481a (0x229695d3) f11 0x7ff8000000000000
core   0: 0x000000008000481e (0x00d590b3) sll     ra, a1, a3
core   0: 1 0x000000008000481e (0x00d590b3) x1  0x00000000f11fd273
core   0: 0x0000000080004822 (0x015383bb) addw    t2, t2, s5
core   0: 1 0x0000000080004822 (0x015383bb) x7  0x000000003c1a6d1d
core   0: 0x0000000080004826 (0x40147453) fcvt.s.d fs0, fs0
core   0: 1 0x0000000080004826 (0x40147453) f8  0xffffffff5efff000
core   0: 0x000000008000482a (0x007cd03b) srlw    zero, s9, t2
core   0: 1 0x000000008000482a (0x007cd03b)
core   0: 0x000000008000482e (0x01c1aa33) slt     s4, gp, t3
core   0: 1 0x000000008000482e (0x01c1aa33) x20 0x0000000000000000
core   0: 0x0000000080004832 (0x00202ef3) csrrs   t4, frm, zero
core   0: 1 0x0000000080004832 (0x00202ef3) x29 0x0000000000000000
core   0: 0x0000000080004836 (0x001c0793) addi    a5, s8, 1
core   0: 1 0x0000000080004836 (0x001c0793) x15 0x000000008000605b
core   0: 0x000000008000483a (0x00071b9b) slliw   s7, a4, 0
core   0: 1 0x000000008000483a (0x00071b9b) x23 0x0000000000000002
core   0: 0x000000008000483e (0x00e260b3) or      ra, tp, a4
core   0: 1 0x000000008000483e (0x00e260b3) x1  0x0000000000000002
core   0: 0x0000000080004842 (0x00000001) c.nop
core   0: 1 0x0000000080004842 (0x0001)
core   0: 0x0000000080004844 (0x0115843b) addw    s0, a1, a7
core   0: 1 0x0000000080004844 (0x0115843b) x8  0x00000000520968ee
core   0: 0x0000000080004848 (0xf20a8bd3) fmv.d.x fs7, s5
core   0: 1 0x0000000080004848 (0xf20a8bd3) f23 0x0000003e3c1a6d1d
core   0: 0x000000008000484c (0x40f4dc13) srai    s8, s1, 15
core   0: 1 0x000000008000484c (0x40f4dc13) x24 0x0000000000000000
core   0: 0x0000000080004850 (0x104ed473) csrrwi  s0, sie, 29
core   0: 1 0x0000000080004850 (0x104ed473) x8  0x0000000000000000 c772_mie 0x0000000000000a00
core   0: 0x0000000080004854 (0x00827033) and     zero, tp, s0
core   0: 1 0x0000000080004854 (0x00827033)
core   0: 0x0000000080004858 (0x005ada9b) srliw   s5, s5, 5
core   0: 1 0x0000000080004858 (0x005ada9b) x21 0x0000000001e0d368
core   0: 0x000000008000485c (0x42048553) fcvt.d.s fa0, fs1
core   0: 1 0x000000008000485c (0x42048553) f10 0x7ff8000000000000
core   0: 0x0000000080004860 (0x01ba8dbb) addw    s11, s5, s11
core   0: 1 0x0000000080004860 (0x01ba8dbb) x27 0x000000004ad2dc29
core   0: 0x0000000080004864 (0x00000001) c.nop
core   0: 1 0x0000000080004864 (0x0001)
core   0: 0x0000000080004866 (0x0003d39b) srliw   t2, t2, 0
core   0: 1 0x0000000080004866 (0x0003d39b) x7  0x000000003c1a6d1d
core   0: 0x000000008000486a (0xc02ef453) fcvt.l.s s0, ft9
core   0: 1 0x000000008000486a (0xc02ef453) x8  0x0000000000000000
core   0: 0x000000008000486e (0xd2090bd3) fcvt.d.w fs7, s2
core   0: 1 0x000000008000486e (0xd2090bd3) f23 0xc1dfffe7ea000000
core   0: 0x0000000080004872 (0x015a8a33) add     s4, s5, s5
core   0: 1 0x0000000080004872 (0x015a8a33) x20 0x0000000003c1a6d0
core   0: 0x0000000080004876 (0x014902bb) addw    t0, s2, s4
core   0: 1 0x0000000080004876 (0x014902bb) x5  0xffffffff83c20728
core   0: 0x000000008000487a (0x013ee9b3) or      s3, t4, s3
core   0: 1 0x000000008000487a (0x013ee9b3) x19 0x000000007fffffff
core   0: 0x000000008000487e (0x419983bb) subw    t2, s3, s9
core   0: 1 0x000000008000487e (0x419983bb) x7  0x000000007fffffff
core   0: 0x0000000080004882 (0x038c6c3b) remw    s8, s8, s8
core   0: 1 0x0000000080004882 (0x038c6c3b) x24 0x0000000000000000
core   0: 0x0000000080004886 (0xc22bfbd3) fcvt.l.d s7, fs7
core   0: 1 0x0000000080004886 (0xc22bfbd3) x23 0xffffffff80006058
core   0: 0x000000008000488a (0x5a85744b) fnmsub.d fs0, fa0, fs0, fa1
core   0: 1 0x000000008000488a (0x5a85744b) f8  0x7ff8000000000000
core   0: 0x000000008000488e (0x01aba033) slt     zero, s7, s10
core   0: 1 0x000000008000488e (0x01aba033)
core   0: 0x0000000080004892 (0x872bd217) auipc   tp, 0x872bd
core   0: 1 0x0000000080004892 (0x872bd217) x4  0x00000000072c1892
core   0: 0x0000000080004896 (0x0040163b) sllw    a2, zero, tp
core   0: 1 0x0000000080004896 (0x0040163b) x12 0x0000000000000000
core   0: 0x000000008000489a (0x00c4fa33) and     s4, s1, a2
core   0: 1 0x000000008000489a (0x00c4fa33) x20 0x0000000000000000
core   0: 0x000000008000489e (0x40005033) sra     zero, zero, zero
core   0: 1 0x000000008000489e (0x40005033)
core   0: 0x00000000800048a2 (0xfab4851b) addiw   a0, s1, -85
core   0: 1 0x00000000800048a2 (0xfab4851b) x10 0x0000000000000a5d
core   0: 0x00000000800048a6 (0x4019f9d3) fcvt.s.d fs3, fs3
core   0: 1 0x00000000800048a6 (0x4019f9d3) f19 0xffffffff7fc00000
core   0: 0x00000000800048aa (0x03648bb3) mul     s7, s1, s6
core   0: 1 0x00000000800048aa (0x03648bb3) x23 0x0000000000000000
core   0: 0x00000000800048ae (0xc02974d3) fcvt.l.s s1, fs2
core   0: 1 0x00000000800048ae (0xc02974d3) c1_fflags 0x000000000000001b x9  0x7fffffffffffffff
core   0: 0x00000000800048b2 (0x0b397853) fsub.d  fa6, fs2, fs3
core   0: 1 0x00000000800048b2 (0x0b397853) f16 0x7ff8000000000000
core   0: 0x00000000800048b6 (0x001b1a93) slli    s5, s6, 1
core   0: 1 0x00000000800048b6 (0x001b1a93) x21 0x0000000000000000
core   0: 0x00000000800048ba (0x00b5f3b3) and     t2, a1, a1
core   0: 1 0x00000000800048ba (0x00b5f3b3) x7  0x00000000f11fd273
core   0: 0x00000000800048be (0x41020433) sub     s0, tp, a6
core   0: 1 0x00000000800048be (0x41020433) x8  0xffffd5a0072c1892
core   0: 0x00000000800048c2 (0x40e458b3) sra     a7, s0, a4
core   0: 1 0x00000000800048c2 (0x40e458b3) x17 0xfffff56801cb0624
core   0: 0x00000000800048c6 (0x4113d33b) sraw    t1, t2, a7
core   0: 1 0x00000000800048c6 (0x4113d33b) x6  0xffffffffff11fd27
core   0: 0x00000000800048ca (0x026c41b3) div     gp, s8, t1
core   0: 1 0x00000000800048ca (0x026c41b3) x3  0x0000000000000000
core   0: 0x00000000800048ce (0xd021f0d3) fcvt.s.l ft1, gp
core   0: 1 0x00000000800048ce (0xd021f0d3) f1  0xffffffff00000000
core   0: 0x00000000800048d2 (0x4b3ff14f) fnmadd.d ft2, ft11, fs3, fs1
core   0: 1 0x00000000800048d2 (0x4b3ff14f) f2  0x7ff8000000000000
core   0: 0x00000000800048d6 (0x01c1901b) slliw   zero, gp, 28
core   0: 1 0x00000000800048d6 (0x01c1901b)
core   0: 0x00000000800048da (0x43dffec7) fmsub.d ft9, ft11, ft9, fs0
core   0: 1 0x00000000800048da (0x43dffec7) f29 0x7ff8000000000000
core   0: 0x00000000800048de (0xc224f3d3) fcvt.l.d t2, fs1
core   0: 1 0x00000000800048de (0xc224f3d3) c1_fflags 0x000000000000001b x7  0x7fffffffffffffff
core   0: 0x00000000800048e2 (0x401ad61b) sraiw   a2, s5, 1
core   0: 1 0x00000000800048e2 (0x401ad61b) x12 0x0000000000000000
core   0: 0x00000000800048e6 (0x036b623b) remw    tp, s6, s6
core   0: 1 0x00000000800048e6 (0x036b623b) x4  0x0000000000000000
core   0: 0x00000000800048ea (0x028e83b3) mul     t2, t4, s0
core   0: 1 0x00000000800048ea (0x028e83b3) x7  0x0000000000000000
core   0: 0x00000000800048ee (0x00000001) c.nop
core   0: 1 0x00000000800048ee (0x0001)
core   0: 0x00000000800048f0 (0x40a3d53b) sraw    a0, t2, a0
core   0: 1 0x00000000800048f0 (0x40a3d53b) x10 0x0000000000000000
core   0: 0x00000000800048f4 (0x01041213) slli    tp, s0, 16
core   0: 1 0x00000000800048f4 (0x01041213) x4  0xd5a0072c18920000
core   0: 0x00000000800048f8 (0x800cc013) xori    zero, s9, -2048
core   0: 1 0x00000000800048f8 (0x800cc013)
core   0: 0x00000000800048fc (0xd02df553) fcvt.s.l fa0, s11
core   0: 1 0x00000000800048fc (0xd02df553) c1_fflags 0x000000000000001b f10 0xffffffff4e95a5b8
core   0: 0x0000000080004900 (0xc0237553) fcvt.l.s a0, ft6
core   0: 1 0x0000000080004900 (0xc0237553) c1_fflags 0x000000000000001b x10 0x7fffffffffffffff
core   0: 0x0000000080004904 (0x4fa06a13) ori     s4, zero, 1274
core   0: 1 0x0000000080004904 (0x4fa06a13) x20 0x00000000000004fa
core   0: 0x0000000080004908 (0xa2a505d3) fle.d   a1, fa0, fa0
core   0: 1 0x0000000080004908 (0xa2a505d3) c1_fflags 0x000000000000001b x11 0x0000000000000000
core   0: 0x000000008000490c (0x000d1e13) slli    t3, s10, 0
core   0: 1 0x000000008000490c (0x000d1e13) x28 0x0000000000000000
core   0: 0x0000000080004910 (0x01bbcbb3) xor     s7, s7, s11
core   0: 1 0x0000000080004910 (0x01bbcbb3) x23 0x000000004ad2dc29
core   0: 0x0000000080004914 (0x642ef713) andi    a4, t4, 1602
core   0: 1 0x0000000080004914 (0x642ef713) x14 0x0000000000000000
core   0: 0x0000000080004918 (0xc221f8d3) fcvt.l.d a7, ft3
core   0: 1 0x0000000080004918 (0xc221f8d3) c1_fflags 0x000000000000001b x17 0x7fffffffffffffff
core   0: 0x000000008000491c (0x0089f2b3) and     t0, s3, s0
core   0: 1 0x000000008000491c (0x0089f2b3) x5  0x00000000072c1892
core   0: 0x0000000080004920 (0x0010a533) slt     a0, ra, ra
core   0: 1 0x0000000080004920 (0x0010a533) x10 0x0000000000000000
core   0: 0x0000000080004924 (0x4012f3d3) fcvt.s.d ft7, ft5
core   0: 1 0x0000000080004924 (0x4012f3d3) f7  0xffffffff7fc00000
core   0: 0x0000000080004928 (0x5a03f9d3) fsqrt.d fs3, ft7
core   0: 1 0x0000000080004928 (0x5a03f9d3) f19 0x7ff8000000000000
core   0: 0x000000008000492c (0xc22d77d3) fcvt.l.d a5, fs10
core   0: 1 0x000000008000492c (0xc22d77d3) x15 0x0000003e3c1a6d1d
core   0: 0x0000000080004930 (0xc7613713) sltiu   a4, sp, -906
core   0: 1 0x0000000080004930 (0xc7613713) x14 0x0000000000000000
core   0: 0x0000000080004934 (0xd229f353) fcvt.d.l ft6, s3
core   0: 1 0x0000000080004934 (0xd229f353) f6  0x41dfffffffc00000
core   0: 0x0000000080004938 (0x0043d3b3) srl     t2, t2, tp
core   0: 1 0x0000000080004938 (0x0043d3b3) x7  0x0000000000000000
core   0: 0x000000008000493c (0x00e1ec33) or      s8, gp, a4
core   0: 1 0x000000008000493c (0x00e1ec33) x24 0x0000000000000000
core   0: 0x0000000080004940 (0xfff1fd13) andi    s10, gp, -1
core   0: 1 0x0000000080004940 (0xfff1fd13) x26 0x0000000000000000
core   0: 0x0000000080004944 (0x22000d53) fsgnj.d fs10, ft0, ft0
core   0: 1 0x0000000080004944 (0x22000d53) f26 0x41c6f97ed1800000
core   0: 0x0000000080004948 (0x03ab2bb3) mulhsu  s7, s6, s10
core   0: 1 0x0000000080004948 (0x03ab2bb3) x23 0x0000000000000000
core   0: 0x000000008000494c (0x00e2c733) xor     a4, t0, a4
core   0: 1 0x000000008000494c (0x00e2c733) x14 0x00000000072c1892
core   0: 0x0000000080004950 (0x42010553) fcvt.d.s fa0, ft2
core   0: 1 0x0000000080004950 (0x42010553) f10 0x7ff8000000000000
core   0: 0x0000000080004954 (0x002713f3) csrrw   t2, frm, a4
core   0: 1 0x0000000080004954 (0x002713f3) x7  0x0000000000000000 c2_frm 0x0000000000000002
core   0: 0x0000000080004958 (0x002318b3) sll     a7, t1, sp
core   0: 1 0x0000000080004958 (0x002318b3) x17 0x8000000000000000
core   0: 0x000000008000495c (0x5a0172d3) fsqrt.d ft5, ft2
core   0: 1 0x000000008000495c (0x5a0172d3) f5  0x7ff8000000000000
core   0: 0x0000000080004960 (0x033a79d3) fadd.d  fs3, fs4, fs3
core   0: 1 0x0000000080004960 (0x033a79d3) f19 0x7ff8000000000000
core   0: 0x0000000080004964 (0x5a0fffd3) fsqrt.d ft11, ft11
core   0: 1 0x0000000080004964 (0x5a0fffd3) f31 0x7ff8000000000000
core   0: 0x0000000080004968 (0x2b0f02d3) fmin.d  ft5, ft10, fa6
core   0: 1 0x0000000080004968 (0x2b0f02d3) f5  0x7ff8000000000000
core   0: 0x000000008000496c (0x002e1b73) csrrw   s6, frm, t3
core   0: 1 0x000000008000496c (0x002e1b73) x22 0x0000000000000002 c2_frm 0x0000000000000000
core   0: 0x0000000080004970 (0x02c651bb) divuw   gp, a2, a2
core   0: 1 0x0000000080004970 (0x02c651bb) x3  0xffffffffffffffff
core   0: 0x0000000080004974 (0xceed0013) addi    zero, s10, -786
core   0: 1 0x0000000080004974 (0xceed0013)
core   0: 0x0000000080004978 (0x03d83eb3) mulhu   t4, a6, t4
core   0: 1 0x0000000080004978 (0x03d83eb3) x29 0x0000000000000000
core   0: 0x000000008000497c (0x1a5977d3) fdiv.d  fa5, fs2, ft5
core   0: 1 0x000000008000497c (0x1a5977d3) f15 0x7ff8000000000000
core   0: 0x0000000080004980 (0x014263b3) or      t2, tp, s4
core   0: 1 0x0000000080004980 (0x014263b3) x7  0xd5a0072c189204fa
core   0: 0x0000000080004984 (0xc0375ef3) csrrwi  t4, hpmcounter3, 14
core   0: exception trap_illegal_instruction, epc 0x0000000080004984
core   0:           tval 0x00000000c0375ef3
core   0: >>>>  $xrv64i2p1_m2p0_a2p1_f2p2_d2p2_zicsr2p0_zifencei2p0_zmmul1p0_zba1p0_zbb1p0_zbc1p0_zbs1p0
core   0: 0x0000000080004000 (0x0080006f) j       pc + 0x8
core   0: 3 0x0000000080004000 (0x0080006f)
core   0: >>>>  mmode_exception_handler
core   0: 0x0000000080004008 (0x00002c17) auipc   s8, 0x2
core   0: 3 0x0000000080004008 (0x00002c17) x24 0x0000000080006008
core   0: 0x000000008000400c (0x052c0c13) addi    s8, s8, 82
core   0: 3 0x000000008000400c (0x052c0c13) x24 0x000000008000605a
core   0: 0x0000000080004010 (0x000c00e7) jalr    s8
core   0: 3 0x0000000080004010 (0x000c00e7) x1  0x0000000080004014
core   0: >>>>  any_handler
core   0: 0x000000008000605a (0x341027f3) csrrs   a5, mepc, zero
core   0: 3 0x000000008000605a (0x341027f3) x15 0x0000000080004984
core   0: 0x000000008000605e (0x34202773) csrrs   a4, mcause, zero
core   0: 3 0x000000008000605e (0x34202773) x14 0x0000000000000002
core   0: 0x0000000080006062 (0x142026f3) csrrs   a3, scause, zero
core   0: 3 0x0000000080006062 (0x142026f3) x13 0x0000000000000000
core   0: 0x0000000080006066 (0x30402673) csrrs   a2, mie, zero
core   0: 3 0x0000000080006066 (0x30402673) x12 0x0000000000000a00
core   0: 0x000000008000606a (0x344025f3) csrrs   a1, mip, zero
core   0: 3 0x000000008000606a (0x344025f3) x11 0x0000000000000080
core   0: 0x000000008000606e (0x343025f3) csrrs   a1, mtval, zero
core   0: 3 0x000000008000606e (0x343025f3) x11 0x00000000c0375ef3
core   0: 0x0000000080006072 (0x14302573) csrrs   a0, stval, zero
core   0: 3 0x0000000080006072 (0x14302573) x10 0x0000000000000000
core   0: 0x0000000080006076 (0xb02024f3) csrrs   s1, minstret, zero
core   0: 3 0x0000000080006076 (0xb02024f3) x9  0x0000000000000b2a
core   0: 0x000000008000607a (0x0000a811) c.j     pc + 20
core   0: 3 0x000000008000607a (0xa811)
core   0: >>>>  mepc_4
core   0: 0x000000008000608e (0x00000791) c.addi  a5, 4
core   0: 3 0x000000008000608e (0x0791) x15 0x0000000080004988
core   0: 0x0000000080006090 (0x34179073) csrrw   zero, mepc, a5
core   0: 3 0x0000000080006090 (0x34179073) c833_mepc 0x0000000080004988
core   0: 0x0000000080006094 (0x30200073) mret
core   0: 3 0x0000000080006094 (0x30200073) c768_mstatus 0x8000000a00106080
core   0: 0x0000000080004988 (0x007744b3) xor     s1, a4, t2
core   0: 1 0x0000000080004988 (0x007744b3) x9  0xd5a0072c189204f8
core   0: 0x000000008000498c (0x026316b3) mulh    a3, t1, t1
core   0: 1 0x000000008000498c (0x026316b3) x13 0x0000000000000000
core   0: 0x0000000080004990 (0xc2087053) fcvt.w.d zero, fa6
core   0: 1 0x0000000080004990 (0xc2087053) c1_fflags 0x000000000000001b
core   0: 0x0000000080004994 (0x03b52433) mulhsu  s0, a0, s11
core   0: 1 0x0000000080004994 (0x03b52433) x8  0x0000000000000000
core   0: 0x0000000080004998 (0x0079989b) slliw   a7, s3, 7
core   0: 1 0x0000000080004998 (0x0079989b) x17 0xffffffffffffff80
core   0: 0x000000008000499c (0x41945cbb) sraw    s9, s0, s9
core   0: 1 0x000000008000499c (0x41945cbb) x25 0x0000000000000000
core   0: 0x00000000800049a0 (0x00619e3b) sllw    t3, gp, t1
core   0: 1 0x00000000800049a0 (0x00619e3b) x28 0xffffffffffffff80
core   0: 0x00000000800049a4 (0xd223fdd3) fcvt.d.l fs11, t2
core   0: 1 0x00000000800049a4 (0xd223fdd3) c1_fflags 0x000000000000001b f27 0xc3c52ffc69f3b6fe
core   0: 0x00000000800049a8 (0x02a842b3) div     t0, a6, a0
core   0: 1 0x00000000800049a8 (0x02a842b3) x5  0xffffffffffffffff
core   0: 0x00000000800049ac (0x00ccd03b) srlw    zero, s9, a2
core   0: 1 0x00000000800049ac (0x00ccd03b)
core   0: 0x00000000800049b0 (0xc22f70d3) fcvt.l.d ra, ft10
core   0: 1 0x00000000800049b0 (0xc22f70d3) c1_fflags 0x000000000000001b x1  0x7fffffffffffffff
core   0: 0x00000000800049b4 (0x03b0d0bb) divuw   ra, ra, s11
core   0: 1 0x00000000800049b4 (0x03b0d0bb) x1  0x0000000000000003
core   0: 0x00000000800049b8 (0x7ff20d93) addi    s11, tp, 2047
core   0: 1 0x00000000800049b8 (0x7ff20d93) x27 0xd5a0072c189207ff
core   0: 0x00000000800049bc (0xfff0b193) sltiu   gp, ra, -1
core   0: 1 0x00000000800049bc (0xfff0b193) x3  0x0000000000000001
core   0: 0x00000000800049c0 (0x03830c33) mul     s8, t1, s8
core   0: 1 0x00000000800049c0 (0x03830c33) x24 0xff88fe39eb419fb6
core   0: 0x00000000800049c4 (0x0389c933) div     s2, s3, s8
core   0: 1 0x00000000800049c4 (0x0389c933) x18 0x0000000000000000
core   0: 0x00000000800049c8 (0x000b1c93) slli    s9, s6, 0
core   0: 1 0x00000000800049c8 (0x000b1c93) x25 0x0000000000000002
core   0: 0x00000000800049cc (0x0271543b) divuw   s0, sp, t2
core   0: 1 0x00000000800049cc (0x0271543b) x8  0x000000000000000a
core   0: 0x00000000800049d0 (0x009c8abb) addw    s5, s9, s1
core   0: 1 0x00000000800049d0 (0x009c8abb) x21 0x00000000189204fa
core   0: 0x00000000800049d4 (0xf20c80d3) fmv.d.x ft1, s9
core   0: 1 0x00000000800049d4 (0xf20c80d3) f1  0x0000000000000002
core   0: 0x00000000800049d8 (0xc22a7cd3) fcvt.l.d s9, fs4
core   0: 1 0x00000000800049d8 (0xc22a7cd3) c1_fflags 0x000000000000001b x25 0x7fffffffffffffff
core   0: 0x00000000800049dc (0xd2150ed3) fcvt.d.wu ft9, a0
core   0: 1 0x00000000800049dc (0xd2150ed3) f29 0x0000000000000000
core   0: 0x00000000800049e0 (0x9c73839b) addiw   t2, t2, -1593
core   0: 1 0x00000000800049e0 (0x9c73839b) x7  0x000000001891fec1
core   0: 0x00000000800049e4 (0x008c873b) addw    a4, s9, s0
core   0: 1 0x00000000800049e4 (0x008c873b) x14 0x0000000000000009
core   0: 0x00000000800049e8 (0x41c35ebb) sraw    t4, t1, t3
core   0: 1 0x00000000800049e8 (0x41c35ebb) x29 0xffffffffff11fd27
core   0: 0x00000000800049ec (0x06e06a93) ori     s5, zero, 110
core   0: 1 0x00000000800049ec (0x06e06a93) x21 0x000000000000006e
core   0: 0x00000000800049f0 (0x404253bb) sraw    t2, tp, tp
core   0: 1 0x00000000800049f0 (0x404253bb) x7  0x0000000018920000
core   0: 0x00000000800049f4 (0xa273fa4f) fnmadd.d fs4, ft7, ft7, fs4
core   0: 1 0x00000000800049f4 (0xa273fa4f) f20 0x7ff8000000000000
core   0: 0x00000000800049f8 (0x420182d3) fcvt.d.s ft5, ft3
core   0: 1 0x00000000800049f8 (0x420182d3) f5  0x7ff8000000000000
core   0: 0x00000000800049fc (0x00d3893b) addw    s2, t2, a3
core   0: 1 0x00000000800049fc (0x00d3893b) x18 0x0000000018920000
core   0: 0x0000000080004a00 (0x0238a433) mulhsu  s0, a7, gp
core   0: 1 0x0000000080004a00 (0x0238a433) x8  0xffffffffffffffff
core   0: 0x0000000080004a04 (0x027853b3) divu    t2, a6, t2
core   0: 1 0x0000000080004a04 (0x027853b3) x7  0x000000000001b982
core   0: 0x0000000080004a08 (0x420484d3) fcvt.d.s fs1, fs1
core   0: 1 0x0000000080004a08 (0x420484d3) f9  0x7ff8000000000000
core   0: 0x0000000080004a0c (0x43135d93) srai    s11, t1, 49
core   0: 1 0x0000000080004a0c (0x43135d93) x27 0xffffffffffffffff
core   0: 0x0000000080004a10 (0x000594bb) sllw    s1, a1, zero
core   0: 1 0x0000000080004a10 (0x000594bb) x9  0xffffffffc0375ef3
core   0: 0x0000000080004a14 (0x01ad8633) add     a2, s11, s10
core   0: 1 0x0000000080004a14 (0x01ad8633) x12 0xffffffffffffffff
core   0: 0x0000000080004a18 (0x000d6c93) ori     s9, s10, 0
core   0: 1 0x0000000080004a18 (0x000d6c93) x25 0x0000000000000000
core   0: 0x0000000080004a1c (0xc029f053) fcvt.l.s zero, fs3
core   0: 1 0x0000000080004a1c (0xc029f053) c1_fflags 0x000000000000001b
core   0: 0x0000000080004a20 (0x236497d3) fsgnjn.d fa5, fs1, fs6
core   0: 1 0x0000000080004a20 (0x236497d3) f15 0xfff8000000000000
core   0: 0x0000000080004a24 (0x001c9c3b) sllw    s8, s9, ra
core   0: 1 0x0000000080004a24 (0x001c9c3b) x24 0x0000000000000000
core   0: 0x0000000080004a28 (0x007b41b3) xor     gp, s6, t2
core   0: 1 0x0000000080004a28 (0x007b41b3) x3  0x000000000001b980
core   0: 0x0000000080004a2c (0x10a92073) csrrs   zero, senvcfg, s2
core   0: 1 0x0000000080004a2c (0x10a92073) c266_senvcfg 0x0000000000000000
core   0: 0x0000000080004a30 (0x412cdcbb) sraw    s9, s9, s2
core   0: 1 0x0000000080004a30 (0x412cdcbb) x25 0x0000000000000000
core   0: 0x0000000080004a34 (0x0b0c7853) fsub.d  fa6, fs8, fa6
core   0: 1 0x0000000080004a34 (0x0b0c7853) f16 0x7ff8000000000000
core   0: 0x0000000080004a38 (0xc237f853) fcvt.lu.d a6, fa5
core   0: 1 0x0000000080004a38 (0xc237f853) c1_fflags 0x000000000000001b x16 0xffffffffffffffff
core   0: 0x0000000080004a3c (0x02f7e0b3) rem     ra, a5, a5
core   0: 1 0x0000000080004a3c (0x02f7e0b3) x1  0x0000000000000000
core   0: 0x0000000080004a40 (0x001717f3) csrrw   a5, fflags, a4
core   0: 1 0x0000000080004a40 (0x001717f3) x15 0x000000000000001b c1_fflags 0x0000000000000009
core   0: 0x0000000080004a44 (0x2ba816d3) fmax.d  fa3, fa6, fs10
core   0: 1 0x0000000080004a44 (0x2ba816d3) f13 0x41c6f97ed1800000
core   0: 0x0000000080004a48 (0x238f8253) fsgnj.d ft4, ft11, fs8
core   0: 1 0x0000000080004a48 (0x238f8253) f4  0x7ff8000000000000
core   0: 0x0000000080004a4c (0x00179e73) csrrw   t3, fflags, a5
core   0: 1 0x0000000080004a4c (0x00179e73) x28 0x0000000000000009 c1_fflags 0x000000000000001b
core   0: 0x0000000080004a50 (0x40d0d6bb) sraw    a3, ra, a3
core   0: 1 0x0000000080004a50 (0x40d0d6bb) x13 0x0000000000000000
core   0: 0x0000000080004a54 (0x2b8c0653) fmin.d  fa2, fs8, fs8
core   0: 1 0x0000000080004a54 (0x2b8c0653) f12 0x7ff8000000000000
core   0: 0x0000000080004a58 (0x0101aab3) slt     s5, gp, a6
core   0: 1 0x0000000080004a58 (0x0101aab3) x21 0x0000000000000000
core   0: 0x0000000080004a5c (0x1a1a7853) fdiv.d  fa6, fs4, ft1
core   0: 1 0x0000000080004a5c (0x1a1a7853) f16 0x7ff8000000000000
core   0: 0x0000000080004a60 (0x03942a33) mulhsu  s4, s0, s9
core   0: 1 0x0000000080004a60 (0x03942a33) x20 0x0000000000000000
core   0: 0x0000000080004a64 (0x400cdd93) srai    s11, s9, 0
core   0: 1 0x0000000080004a64 (0x400cdd93) x27 0x0000000000000000
core   0: 0x0000000080004a68 (0xd20e0b53) fcvt.d.w fs6, t3
core   0: 1 0x0000000080004a68 (0xd20e0b53) f22 0x4022000000000000
core   0: 0x0000000080004a6c (0x236aa5d3) fsgnjx.d fa1, fs5, fs6
core   0: 1 0x0000000080004a6c (0x236aa5d3) f11 0x403b000000000000
core   0: 0x0000000080004a70 (0x001a049b) addiw   s1, s4, 1
core   0: 1 0x0000000080004a70 (0x001a049b) x9  0x0000000000000001
core   0: 0x0000000080004a74 (0x4007529b) sraiw   t0, a4, 0
core   0: 1 0x0000000080004a74 (0x4007529b) x5  0x0000000000000009
core   0: 0x0000000080004a78 (0x02d0583b) divuw   a6, zero, a3
core   0: 1 0x0000000080004a78 (0x02d0583b) x16 0xffffffffffffffff
core   0: 0x0000000080004a7c (0x005d98bb) sllw    a7, s11, t0
core   0: 1 0x0000000080004a7c (0x005d98bb) x17 0x0000000000000000
core   0: 0x0000000080004a80 (0x40a387bb) subw    a5, t2, a0
core   0: 1 0x0000000080004a80 (0x40a387bb) x15 0x000000000001b982
core   0: 0x0000000080004a84 (0x03627453) fadd.d  fs0, ft4, fs6
core   0: 1 0x0000000080004a84 (0x03627453) f8  0x7ff8000000000000
core   0: 0x0000000080004a88 (0x012bd33b) srlw    t1, s7, s2
core   0: 1 0x0000000080004a88 (0x012bd33b) x6  0x0000000000000000
core   0: 0x0000000080004a8c (0xd23bf2d3) fcvt.d.lu ft5, s7
core   0: 1 0x0000000080004a8c (0xd23bf2d3) f5  0x0000000000000000
core   0: 0x0000000080004a90 (0x032d4d33) div     s10, s10, s2
core   0: 1 0x0000000080004a90 (0x032d4d33) x26 0x0000000000000000
core   0: 0x0000000080004a94 (0x036d7b3b) remuw   s6, s10, s6
core   0: 1 0x0000000080004a94 (0x036d7b3b) x22 0x0000000000000000
core   0: 0x0000000080004a98 (0x3060ec73) csrrsi  s8, mcounteren, 1
core   0: exception trap_illegal_instruction, epc 0x0000000080004a98
core   0:           tval 0x000000003060ec73
core   0: >>>>  $xrv64i2p1_m2p0_a2p1_f2p2_d2p2_zicsr2p0_zifencei2p0_zmmul1p0_zba1p0_zbb1p0_zbc1p0_zbs1p0
core   0: 0x0000000080004000 (0x0080006f) j       pc + 0x8
core   0: 3 0x0000000080004000 (0x0080006f)
core   0: >>>>  mmode_exception_handler
core   0: 0x0000000080004008 (0x00002c17) auipc   s8, 0x2
core   0: 3 0x0000000080004008 (0x00002c17) x24 0x0000000080006008
core   0: 0x000000008000400c (0x052c0c13) addi    s8, s8, 82
core   0: 3 0x000000008000400c (0x052c0c13) x24 0x000000008000605a
core   0: 0x0000000080004010 (0x000c00e7) jalr    s8
core   0: 3 0x0000000080004010 (0x000c00e7) x1  0x0000000080004014
core   0: >>>>  any_handler
core   0: 0x000000008000605a (0x341027f3) csrrs   a5, mepc, zero
core   0: 3 0x000000008000605a (0x341027f3) x15 0x0000000080004a98
core   0: 0x000000008000605e (0x34202773) csrrs   a4, mcause, zero
core   0: 3 0x000000008000605e (0x34202773) x14 0x0000000000000002
core   0: 0x0000000080006062 (0x142026f3) csrrs   a3, scause, zero
core   0: 3 0x0000000080006062 (0x142026f3) x13 0x0000000000000000
core   0: 0x0000000080006066 (0x30402673) csrrs   a2, mie, zero
core   0: 3 0x0000000080006066 (0x30402673) x12 0x0000000000000a00
core   0: 0x000000008000606a (0x344025f3) csrrs   a1, mip, zero
core   0: 3 0x000000008000606a (0x344025f3) x11 0x0000000000000080
core   0: 0x000000008000606e (0x343025f3) csrrs   a1, mtval, zero
core   0: 3 0x000000008000606e (0x343025f3) x11 0x000000003060ec73
core   0: 0x0000000080006072 (0x14302573) csrrs   a0, stval, zero
core   0: 3 0x0000000080006072 (0x14302573) x10 0x0000000000000000
core   0: 0x0000000080006076 (0xb02024f3) csrrs   s1, minstret, zero
core   0: 3 0x0000000080006076 (0xb02024f3) x9  0x0000000000000b7e
core   0: 0x000000008000607a (0x0000a811) c.j     pc + 20
core   0: 3 0x000000008000607a (0xa811)
core   0: >>>>  mepc_4
core   0: 0x000000008000608e (0x00000791) c.addi  a5, 4
core   0: 3 0x000000008000608e (0x0791) x15 0x0000000080004a9c
core   0: 0x0000000080006090 (0x34179073) csrrw   zero, mepc, a5
core   0: 3 0x0000000080006090 (0x34179073) c833_mepc 0x0000000080004a9c
core   0: 0x0000000080006094 (0x30200073) mret
core   0: 3 0x0000000080006094 (0x30200073) c768_mstatus 0x8000000a00106080
core   0: 0x0000000080004a9c (0x032b45bb) divw    a1, s6, s2
core   0: 1 0x0000000080004a9c (0x032b45bb) x11 0x0000000000000000
core   0: 0x0000000080004aa0 (0x3a78facf) fnmadd.d fs5, fa7, ft7, ft7
core   0: 1 0x0000000080004aa0 (0x3a78facf) f21 0x7ff8000000000000
core   0: 0x0000000080004aa4 (0xf2058253) fmv.d.x ft4, a1
core   0: 1 0x0000000080004aa4 (0xf2058253) f4  0x0000000000000000
core   0: 0x0000000080004aa8 (0x0201a533) mulhsu  a0, gp, zero
core   0: 1 0x0000000080004aa8 (0x0201a533) x10 0x0000000000000000
core   0: 0x0000000080004aac (0xd22574d3) fcvt.d.l fs1, a0
core   0: 1 0x0000000080004aac (0xd22574d3) f9  0x0000000000000000
core   0: 0x0000000080004ab0 (0x00241133) sll     sp, s0, sp
core   0: 1 0x0000000080004ab0 (0x00241133) x2  0x8000000000000000
core   0: 0x0000000080004ab4 (0x0053dbb3) srl     s7, t2, t0
core   0: 1 0x0000000080004ab4 (0x0053dbb3) x23 0x00000000000000dc
core   0: 0x0000000080004ab8 (0x4128893b) subw    s2, a7, s2
core   0: 1 0x0000000080004ab8 (0x4128893b) x18 0xffffffffe76e0000
core   0: 0x0000000080004abc (0x2243a3d3) fsgnjx.d ft7, ft7, ft4
core   0: 1 0x0000000080004abc (0x2243a3d3) f7  0xffffffff7fc00000
core   0: 0x0000000080004ac0 (0xd2377453) fcvt.d.lu fs0, a4
core   0: 1 0x0000000080004ac0 (0xd2377453) f8  0x4000000000000000
core   0: 0x0000000080004ac4 (0x40c7579b) sraiw   a5, a4, 12
core   0: 1 0x0000000080004ac4 (0x40c7579b) x15 0x0000000000000000
core   0: 0x0000000080004ac8 (0x00f90d3b) addw    s10, s2, a5
core   0: 1 0x0000000080004ac8 (0x00f90d3b) x26 0xffffffffe76e0000
core   0: 0x0000000080004acc (0x0179e0b3) or      ra, s3, s7
core   0: 1 0x0000000080004acc (0x0179e0b3) x1  0x000000007fffffff
core   0: 0x0000000080004ad0 (0x143bb973) csrrc   s2, stval, s7
core   0: 1 0x0000000080004ad0 (0x143bb973) x18 0x0000000000000000 c323_stval 0x0000000000000000
core   0: 0x0000000080004ad4 (0x01bc833b) addw    t1, s9, s11
core   0: 1 0x0000000080004ad4 (0x01bc833b) x6  0x0000000000000000
core   0: 0x0000000080004ad8 (0xc20870d3) fcvt.w.d ra, fa6
core   0: 1 0x0000000080004ad8 (0xc20870d3) c1_fflags 0x000000000000001b x1  0x000000007fffffff
core   0: 0x0000000080004adc (0x00e4f933) and     s2, s1, a4
core   0: 1 0x0000000080004adc (0x00e4f933) x18 0x0000000000000002
core   0: 0x0000000080004ae0 (0x00635833) srl     a6, t1, t1
core   0: 1 0x0000000080004ae0 (0x00635833) x16 0x0000000000000000
core   0: 0x0000000080004ae4 (0x418a5413) srai    s0, s4, 24
core   0: 1 0x0000000080004ae4 (0x418a5413) x8  0x0000000000000000
core   0: 0x0000000080004ae8 (0x00f35c1b) srliw   s8, t1, 15
core   0: 1 0x0000000080004ae8 (0x00f35c1b) x24 0x0000000000000000
core   0: 0x0000000080004aec (0x22162953) fsgnjx.d fs2, fa2, ft1
core   0: 1 0x0000000080004aec (0x22162953) f18 0x7ff8000000000000
core   0: 0x0000000080004af0 (0x417c0a33) sub     s4, s8, s7
core   0: 1 0x0000000080004af0 (0x417c0a33) x20 0xffffffffffffff24
core   0: 0x0000000080004af4 (0x03a859bb) divuw   s3, a6, s10
core   0: 1 0x0000000080004af4 (0x03a859bb) x19 0x0000000000000000
core   0: 0x0000000080004af8 (0x00396933) or      s2, s2, gp
core   0: 1 0x0000000080004af8 (0x00396933) x18 0x000000000001b982
core   0: 0x0000000080004afc (0x012b983b) sllw    a6, s7, s2
core   0: 1 0x0000000080004afc (0x012b983b) x16 0x0000000000000370
core   0: 0x0000000080004b00 (0x02054033) div     zero, a0, zero
core   0: 1 0x0000000080004b00 (0x02054033)
core   0: 0x0000000080004b04 (0x030ee633) rem     a2, t4, a6
core   0: 1 0x0000000080004b04 (0x030ee633) x12 0xfffffffffffffed7
core   0: 0x0000000080004b08 (0x237f3e37) lui     t3, 0x237f3
core   0: 1 0x0000000080004b08 (0x237f3e37) x28 0x00000000237f3000
core   0: 0x0000000080004b0c (0xc0397353) fcvt.lu.s t1, fs2
core   0: 1 0x0000000080004b0c (0xc0397353) c1_fflags 0x000000000000001b x6  0xffffffffffffffff
core   0: 0x0000000080004b10 (0x0185d733) srl     a4, a1, s8
core   0: 1 0x0000000080004b10 (0x0185d733) x14 0x0000000000000000
core   0: 0x0000000080004b14 (0x00091913) slli    s2, s2, 0
core   0: 1 0x0000000080004b14 (0x00091913) x18 0x000000000001b982
core   0: 0x0000000080004b18 (0x936eabb7) lui     s7, 0x936ea
core   0: 1 0x0000000080004b18 (0x936eabb7) x23 0xffffffff936ea000
core   0: 0x0000000080004b1c (0xc225f153) fcvt.l.d sp, fa1
core   0: 1 0x0000000080004b1c (0xc225f153) x2  0x000000000000001b
core   0: 0x0000000080004b20 (0x00e45733) srl     a4, s0, a4
core   0: 1 0x0000000080004b20 (0x00e45733) x14 0x0000000000000000
core   0: 0x0000000080004b24 (0x03db5b33) divu    s6, s6, t4
core   0: 1 0x0000000080004b24 (0x03db5b33) x22 0x0000000000000000
core   0: 0x0000000080004b28 (0xd20808d3) fcvt.d.w fa7, a6
core   0: 1 0x0000000080004b28 (0xd20808d3) f17 0x408b800000000000
core   0: 0x0000000080004b2c (0x03d11493) slli    s1, sp, 61
core   0: 1 0x0000000080004b2c (0x03d11493) x9  0x6000000000000000
core   0: 0x0000000080004b30 (0xea7b089b) addiw   a7, s6, -345
core   0: 1 0x0000000080004b30 (0xea7b089b) x17 0xfffffffffffffea7
core   0: 0x0000000080004b34 (0x01dd1d1b) slliw   s10, s10, 29
core   0: 1 0x0000000080004b34 (0x01dd1d1b) x26 0x0000000000000000
core   0: 0x0000000080004b38 (0x0270e3b3) rem     t2, ra, t2
core   0: 1 0x0000000080004b38 (0x0270e3b3) x7  0x0000000000019111
core   0: 0x0000000080004b3c (0x1d9c2117) auipc   sp, 0x1d9c2
core   0: 1 0x0000000080004b3c (0x1d9c2117) x2  0x000000009d9c6b3c
core   0: 0x0000000080004b40 (0x2a8a0fd3) fmin.d  ft11, fs4, fs0
core   0: 1 0x0000000080004b40 (0x2a8a0fd3) f31 0x4000000000000000
core   0: 0x0000000080004b44 (0x0117571b) srliw   a4, a4, 17
core   0: 1 0x0000000080004b44 (0x0117571b) x14 0x0000000000000000
core   0: 0x0000000080004b48 (0x42010b53) fcvt.d.s fs6, ft2
core   0: 1 0x0000000080004b48 (0x42010b53) f22 0x7ff8000000000000
core   0: 0x0000000080004b4c (0xff295e37) lui     t3, 0xff295
core   0: 1 0x0000000080004b4c (0xff295e37) x28 0xffffffffff295000
core   0: 0x0000000080004b50 (0x879e0e1b) addiw   t3, t3, -1927
core   0: 1 0x0000000080004b50 (0x879e0e1b) x28 0xffffffffff294879
core   0: 0x0000000080004b54 (0x00000e3e) c.slli  t3, 15
core   0: 1 0x0000000080004b54 (0x0e3e) x28 0xffffff94a43c8000
core   0: 0x0000000080004b56 (0x0f7e0e13) addi    t3, t3, 247
core   0: 1 0x0000000080004b56 (0x0f7e0e13) x28 0xffffff94a43c80f7
core   0: 0x0000000080004b5a (0x00129273) csrrw   tp, fflags, t0
core   0: 1 0x0000000080004b5a (0x00129273) x4  0x000000000000001b c1_fflags 0x0000000000000009
core   0: 0x0000000080004b5e (0xc03e73d3) fcvt.lu.s t2, ft8
core   0: 1 0x0000000080004b5e (0xc03e73d3) c1_fflags 0x0000000000000019 x7  0xffffffffffffffff
core   0: 0x0000000080004b62 (0x5a0b7353) fsqrt.d ft6, fs6
core   0: 1 0x0000000080004b62 (0x5a0b7353) f6  0x7ff8000000000000
core   0: 0x0000000080004b66 (0x012e0bbb) addw    s7, t3, s2
core   0: 1 0x0000000080004b66 (0x012e0bbb) x23 0xffffffffa43e3a79
core   0: 0x0000000080004b6a (0x03d1b4b3) mulhu   s1, gp, t4
core   0: 1 0x0000000080004b6a (0x03d1b4b3) x9  0x000000000001b97f
core   0: 0x0000000080004b6e (0xc213fe53) fcvt.wu.d t3, ft7
core   0: 1 0x0000000080004b6e (0xc213fe53) c1_fflags 0x0000000000000019 x28 0xffffffffffffffff
core   0: 0x0000000080004b72 (0xc0237553) fcvt.l.s a0, ft6
core   0: 1 0x0000000080004b72 (0xc0237553) c1_fflags 0x0000000000000019 x10 0x7fffffffffffffff
core   0: 0x0000000080004b76 (0x0046c333) xor     t1, a3, tp
core   0: 1 0x0000000080004b76 (0x0046c333) x6  0x000000000000001b
core   0: 0x0000000080004b7a (0x4036d2bb) sraw    t0, a3, gp
core   0: 1 0x0000000080004b7a (0x4036d2bb) x5  0x0000000000000000
core   0: 0x0000000080004b7e (0x0ff0000f) fence   iorw,iorw
core   0: 1 0x0000000080004b7e (0x0ff0000f)
core   0: 0x0000000080004b82 (0x00528433) add     s0, t0, t0
core   0: 1 0x0000000080004b82 (0x00528433) x8  0x0000000000000000
core   0: 0x0000000080004b86 (0x0082cc33) xor     s8, t0, s0
core   0: 1 0x0000000080004b86 (0x0082cc33) x24 0x0000000000000000
core   0: 0x0000000080004b8a (0x02c0d2b3) divu    t0, ra, a2
core   0: 1 0x0000000080004b8a (0x02c0d2b3) x5  0x0000000000000000
core   0: 0x0000000080004b8e (0x7ff28013) addi    zero, t0, 2047
core   0: 1 0x0000000080004b8e (0x7ff28013)
core   0: 0x0000000080004b92 (0x2b5498d3) fmax.d  fa7, fs1, fs5
core   0: 1 0x0000000080004b92 (0x2b5498d3) f17 0x0000000000000000
core   0: 0x0000000080004b96 (0x005619b3) sll     s3, a2, t0
core   0: 1 0x0000000080004b96 (0x005619b3) x19 0xfffffffffffffed7
core   0: 0x0000000080004b9a (0xc028f4d3) fcvt.l.s s1, fa7
core   0: 1 0x0000000080004b9a (0xc028f4d3) c1_fflags 0x0000000000000019 x9  0x7fffffffffffffff
core   0: 0x0000000080004b9e (0x01f9121b) slliw   tp, s2, 31
core   0: 1 0x0000000080004b9e (0x01f9121b) x4  0x0000000000000000
core   0: 0x0000000080004ba2 (0x929ce193) ori     gp, s9, -1751
core   0: 1 0x0000000080004ba2 (0x929ce193) x3  0xfffffffffffff929
core   0: 0x0000000080004ba6 (0x03db48bb) divw    a7, s6, t4
core   0: 1 0x0000000080004ba6 (0x03db48bb) x17 0x0000000000000000
core   0: 0x0000000080004baa (0xd02bffd3) fcvt.s.l ft11, s7
core   0: 1 0x0000000080004baa (0xd02bffd3) c1_fflags 0x0000000000000019 f31 0xffffffffceb7838b
core   0: 0x0000000080004bae (0xd021f953) fcvt.s.l fs2, gp
core   0: 1 0x0000000080004bae (0xd021f953) f18 0xffffffffc4dae000
core   0: 0x0000000080004bb2 (0x01100033) add     zero, zero, a7
core   0: 1 0x0000000080004bb2 (0x01100033)
core   0: 0x0000000080004bb6 (0x30629d73) csrrw   s10, mcounteren, t0
core   0: exception trap_illegal_instruction, epc 0x0000000080004bb6
core   0:           tval 0x0000000030629d73
core   0: >>>>  $xrv64i2p1_m2p0_a2p1_f2p2_d2p2_zicsr2p0_zifencei2p0_zmmul1p0_zba1p0_zbb1p0_zbc1p0_zbs1p0
core   0: 0x0000000080004000 (0x0080006f) j       pc + 0x8
core   0: 3 0x0000000080004000 (0x0080006f)
core   0: >>>>  mmode_exception_handler
core   0: 0x0000000080004008 (0x00002c17) auipc   s8, 0x2
core   0: 3 0x0000000080004008 (0x00002c17) x24 0x0000000080006008
core   0: 0x000000008000400c (0x052c0c13) addi    s8, s8, 82
core   0: 3 0x000000008000400c (0x052c0c13) x24 0x000000008000605a
core   0: 0x0000000080004010 (0x000c00e7) jalr    s8
core   0: 3 0x0000000080004010 (0x000c00e7) x1  0x0000000080004014
core   0: >>>>  any_handler
core   0: 0x000000008000605a (0x341027f3) csrrs   a5, mepc, zero
core   0: 3 0x000000008000605a (0x341027f3) x15 0x0000000080004bb6
core   0: 0x000000008000605e (0x34202773) csrrs   a4, mcause, zero
core   0: 3 0x000000008000605e (0x34202773) x14 0x0000000000000002
core   0: 0x0000000080006062 (0x142026f3) csrrs   a3, scause, zero
core   0: 3 0x0000000080006062 (0x142026f3) x13 0x0000000000000000
core   0: 0x0000000080006066 (0x30402673) csrrs   a2, mie, zero
core   0: 3 0x0000000080006066 (0x30402673) x12 0x0000000000000a00
core   0: 0x000000008000606a (0x344025f3) csrrs   a1, mip, zero
core   0: 3 0x000000008000606a (0x344025f3) x11 0x0000000000000080
core   0: 0x000000008000606e (0x343025f3) csrrs   a1, mtval, zero
core   0: 3 0x000000008000606e (0x343025f3) x11 0x0000000030629d73
core   0: 0x0000000080006072 (0x14302573) csrrs   a0, stval, zero
core   0: 3 0x0000000080006072 (0x14302573) x10 0x0000000000000000
core   0: 0x0000000080006076 (0xb02024f3) csrrs   s1, minstret, zero
core   0: 3 0x0000000080006076 (0xb02024f3) x9  0x0000000000000bd5
core   0: 0x000000008000607a (0x0000a811) c.j     pc + 20
core   0: 3 0x000000008000607a (0xa811)
core   0: >>>>  mepc_4
core   0: 0x000000008000608e (0x00000791) c.addi  a5, 4
core   0: 3 0x000000008000608e (0x0791) x15 0x0000000080004bba
core   0: 0x0000000080006090 (0x34179073) csrrw   zero, mepc, a5
core   0: 3 0x0000000080006090 (0x34179073) c833_mepc 0x0000000080004bba
core   0: 0x0000000080006094 (0x30200073) mret
core   0: 3 0x0000000080006094 (0x30200073) c768_mstatus 0x8000000a00106080
core   0: 0x0000000080004bba (0xa22901d3) fle.d   gp, fs2, ft2
core   0: 1 0x0000000080004bba (0xa22901d3) c1_fflags 0x0000000000000019 x3  0x0000000000000000
core   0: 0x0000000080004bbe (0x00202bf3) csrrs   s7, frm, zero
core   0: 1 0x0000000080004bbe (0x00202bf3) x23 0x0000000000000000
core   0: 0x0000000080004bc2 (0xe20f8653) fmv.x.d a2, ft11
core   0: 1 0x0000000080004bc2 (0xe20f8653) x12 0xffffffffceb7838b
core   0: 0x0000000080004bc6 (0x40065e9b) sraiw   t4, a2, 0
core   0: 1 0x0000000080004bc6 (0x40065e9b) x29 0xffffffffceb7838b
core   0: 0x0000000080004bca (0x00065033) srl     zero, a2, zero
core   0: 1 0x0000000080004bca (0x00065033)
core   0: 0x0000000080004bce (0x5a0cfcd3) fsqrt.d fs9, fs9
core   0: 1 0x0000000080004bce (0x5a0cfcd3) c1_fflags 0x0000000000000019 f25 0x40df02b8b2737042
core   0: 0x0000000080004bd2 (0x019982bb) addw    t0, s3, s9
core   0: 1 0x0000000080004bd2 (0x019982bb) x5  0xfffffffffffffed7
core   0: 0x0000000080004bd6 (0x400c823b) subw    tp, s9, zero
core   0: 1 0x0000000080004bd6 (0x400c823b) x4  0x0000000000000000
core   0: 0x0000000080004bda (0xce2c5737) lui     a4, 0xce2c5
core   0: 1 0x0000000080004bda (0xce2c5737) x14 0xffffffffce2c5000
core   0: 0x0000000080004bde (0x002717f3) csrrw   a5, frm, a4
core   0: 1 0x0000000080004bde (0x002717f3) x15 0x0000000000000000 c2_frm 0x0000000000000000
core   0: 0x0000000080004be2 (0xd20283d3) fcvt.d.w ft7, t0
core   0: 1 0x0000000080004be2 (0xd20283d3) f7  0xc072900000000000
core   0: 0x0000000080004be6 (0xd022f653) fcvt.s.l fa2, t0
core   0: 1 0x0000000080004be6 (0xd022f653) f12 0xffffffffc3948000
core   0: 0x0000000080004bea (0x00ac8eb3) add     t4, s9, a0
core   0: 1 0x0000000080004bea (0x00ac8eb3) x29 0x0000000000000000
core   0: 0x0000000080004bee (0x00202773) csrrs   a4, frm, zero
core   0: 1 0x0000000080004bee (0x00202773) x14 0x0000000000000000
core   0: 0x0000000080004bf2 (0x000095a9) c.srai  a1, 42
core   0: 1 0x0000000080004bf2 (0x95a9) x11 0x0000000000000000
core   0: 0x0000000080004bf4 (0x01b75b3b) srlw    s6, a4, s11
core   0: 1 0x0000000080004bf4 (0x01b75b3b) x22 0x0000000000000000
core   0: 0x0000000080004bf8 (0x03a311b3) mulh    gp, t1, s10
core   0: 1 0x0000000080004bf8 (0x03a311b3) x3  0x0000000000000000
core   0: 0x0000000080004bfc (0x036c583b) divuw   a6, s8, s6
core   0: 1 0x0000000080004bfc (0x036c583b) x16 0xffffffffffffffff
core   0: 0x0000000080004c00 (0x00000001) c.nop
core   0: 1 0x0000000080004c00 (0x0001)
core   0: 0x0000000080004c02 (0x02a3753b) remuw   a0, t1, a0
core   0: 1 0x0000000080004c02 (0x02a3753b) x10 0x000000000000001b
core   0: 0x0000000080004c06 (0x40355993) srai    s3, a0, 3
core   0: 1 0x0000000080004c06 (0x40355993) x19 0x0000000000000003
core   0: 0x0000000080004c0a (0x01b4979b) slliw   a5, s1, 27
core   0: 1 0x0000000080004c0a (0x01b4979b) x15 0xffffffffa8000000
core   0: 0x0000000080004c0e (0x00008c3d) c.xor   s0, a5
core   0: 1 0x0000000080004c0e (0x8c3d) x8  0xffffffffa8000000
core   0: 0x0000000080004c10 (0x7ff74713) xori    a4, a4, 2047
core   0: 1 0x0000000080004c10 (0x7ff74713) x14 0x00000000000007ff
core   0: 0x0000000080004c14 (0x02f995b3) mulh    a1, s3, a5
core   0: 1 0x0000000080004c14 (0x02f995b3) x11 0xffffffffffffffff
core   0: 0x0000000080004c18 (0x4113d3bb) sraw    t2, t2, a7
core   0: 1 0x0000000080004c18 (0x4113d3bb) x7  0xffffffffffffffff
core   0: 0x0000000080004c1c (0x00789db3) sll     s11, a7, t2
core   0: 1 0x0000000080004c1c (0x00789db3) x27 0x0000000000000000
core   0: 0x0000000080004c20 (0x000b5b13) srli    s6, s6, 0
core   0: 1 0x0000000080004c20 (0x000b5b13) x22 0x0000000000000000
core   0: 0x0000000080004c24 (0x02e8aab3) mulhsu  s5, a7, a4
core   0: 1 0x0000000080004c24 (0x02e8aab3) x21 0x0000000000000000
core   0: 0x0000000080004c28 (0x01578833) add     a6, a5, s5
core   0: 1 0x0000000080004c28 (0x01578833) x16 0xffffffffa8000000
core   0: 0x0000000080004c2c (0xd022ff53) fcvt.s.l ft10, t0
core   0: 1 0x0000000080004c2c (0xd022ff53) f30 0xffffffffc3948000
core   0: 0x0000000080004c30 (0xd0317ed3) fcvt.s.lu ft9, sp
core   0: 1 0x0000000080004c30 (0xd0317ed3) c1_fflags 0x0000000000000019 f29 0xffffffff4f1d9c6b
core   0: 0x0000000080004c34 (0x4017d39b) sraiw   t2, a5, 1
core   0: 1 0x0000000080004c34 (0x4017d39b) x7  0xffffffffd4000000
core   0: 0x0000000080004c38 (0x025a80b3) mul     ra, s5, t0
core   0: 1 0x0000000080004c38 (0x025a80b3) x1  0x0000000000000000
core   0: 0x0000000080004c3c (0xc04056f3) csrrwi  a3, hpmcounter4, 0
core   0: exception trap_illegal_instruction, epc 0x0000000080004c3c
core   0:           tval 0x00000000c04056f3
core   0: >>>>  $xrv64i2p1_m2p0_a2p1_f2p2_d2p2_zicsr2p0_zifencei2p0_zmmul1p0_zba1p0_zbb1p0_zbc1p0_zbs1p0
core   0: 0x0000000080004000 (0x0080006f) j       pc + 0x8
core   0: 3 0x0000000080004000 (0x0080006f)
core   0: >>>>  mmode_exception_handler
core   0: 0x0000000080004008 (0x00002c17) auipc   s8, 0x2
core   0: 3 0x0000000080004008 (0x00002c17) x24 0x0000000080006008
core   0: 0x000000008000400c (0x052c0c13) addi    s8, s8, 82
core   0: 3 0x000000008000400c (0x052c0c13) x24 0x000000008000605a
core   0: 0x0000000080004010 (0x000c00e7) jalr    s8
core   0: 3 0x0000000080004010 (0x000c00e7) x1  0x0000000080004014
core   0: >>>>  any_handler
core   0: 0x000000008000605a (0x341027f3) csrrs   a5, mepc, zero
core   0: 3 0x000000008000605a (0x341027f3) x15 0x0000000080004c3c
core   0: 0x000000008000605e (0x34202773) csrrs   a4, mcause, zero
core   0: 3 0x000000008000605e (0x34202773) x14 0x0000000000000002
core   0: 0x0000000080006062 (0x142026f3) csrrs   a3, scause, zero
core   0: 3 0x0000000080006062 (0x142026f3) x13 0x0000000000000000
core   0: 0x0000000080006066 (0x30402673) csrrs   a2, mie, zero
core   0: 3 0x0000000080006066 (0x30402673) x12 0x0000000000000a00
core   0: 0x000000008000606a (0x344025f3) csrrs   a1, mip, zero
core   0: 3 0x000000008000606a (0x344025f3) x11 0x0000000000000080
core   0: 0x000000008000606e (0x343025f3) csrrs   a1, mtval, zero
core   0: 3 0x000000008000606e (0x343025f3) x11 0x00000000c04056f3
core   0: 0x0000000080006072 (0x14302573) csrrs   a0, stval, zero
core   0: 3 0x0000000080006072 (0x14302573) x10 0x0000000000000000
core   0: 0x0000000080006076 (0xb02024f3) csrrs   s1, minstret, zero
core   0: 3 0x0000000080006076 (0xb02024f3) x9  0x0000000000000c07
core   0: 0x000000008000607a (0x0000a811) c.j     pc + 20
core   0: 3 0x000000008000607a (0xa811)
core   0: >>>>  mepc_4
core   0: 0x000000008000608e (0x00000791) c.addi  a5, 4
core   0: 3 0x000000008000608e (0x0791) x15 0x0000000080004c40
core   0: 0x0000000080006090 (0x34179073) csrrw   zero, mepc, a5
core   0: 3 0x0000000080006090 (0x34179073) c833_mepc 0x0000000080004c40
core   0: 0x0000000080006094 (0x30200073) mret
core   0: 3 0x0000000080006094 (0x30200073) c768_mstatus 0x8000000a00106080
core   0: 0x0000000080004c40 (0xd23d7053) fcvt.d.lu ft0, s10
core   0: 1 0x0000000080004c40 (0xd23d7053) f0  0x0000000000000000
core   0: 0x0000000080004c44 (0x0be8f953) fsub.d  fs2, fa7, ft10
core   0: 1 0x0000000080004c44 (0x0be8f953) f18 0x7ff8000000000000
core   0: 0x0000000080004c48 (0x02de3e33) mulhu   t3, t3, a3
core   0: 1 0x0000000080004c48 (0x02de3e33) x28 0x0000000000000000
core   0: 0x0000000080004c4c (0xd8e9f993) andi    s3, s3, -626
core   0: 1 0x0000000080004c4c (0xd8e9f993) x19 0x0000000000000002
core   0: 0x0000000080004c50 (0x0256f6d3) fadd.d  fa3, fa3, ft5
core   0: 1 0x0000000080004c50 (0x0256f6d3) f13 0x41c6f97ed1800000
core   0: 0x0000000080004c54 (0x2b664e93) xori    t4, a2, 694
core   0: 1 0x0000000080004c54 (0x2b664e93) x29 0x00000000000008b6
core   0: 0x0000000080004c58 (0x420f0dd3) fcvt.d.s fs11, ft10
core   0: 1 0x0000000080004c58 (0x420f0dd3) f27 0xc072900000000000
core   0: 0x0000000080004c5c (0x0031cb33) xor     s6, gp, gp
core   0: 1 0x0000000080004c5c (0x0031cb33) x22 0x0000000000000000
core   0: 0x0000000080004c60 (0x7bca7e4f) fnmadd.d ft8, fs4, ft8, fa5
core   0: 1 0x0000000080004c60 (0x7bca7e4f) f28 0x7ff8000000000000
core   0: 0x0000000080004c64 (0x41a75ab3) sra     s5, a4, s10
core   0: 1 0x0000000080004c64 (0x41a75ab3) x21 0x0000000000000002
core   0: 0x0000000080004c68 (0x015a1abb) sllw    s5, s4, s5
core   0: 1 0x0000000080004c68 (0x015a1abb) x21 0xfffffffffffffc90
core   0: 0x0000000080004c6c (0x01ccccb3) xor     s9, s9, t3
core   0: 1 0x0000000080004c6c (0x01ccccb3) x25 0x0000000000000000
core   0: 0x0000000080004c70 (0x01fc5b9b) srliw   s7, s8, 31
core   0: 1 0x0000000080004c70 (0x01fc5b9b) x23 0x0000000000000001
core   0: 0x0000000080004c74 (0x03cbf6b3) remu    a3, s7, t3
core   0: 1 0x0000000080004c74 (0x03cbf6b3) x13 0x0000000000000001
core   0: 0x0000000080004c78 (0x019ef133) and     sp, t4, s9
core   0: 1 0x0000000080004c78 (0x019ef133) x2  0x0000000000000000
core   0: 0x0000000080004c7c (0x001022f3) csrrs   t0, fflags, zero
core   0: 1 0x0000000080004c7c (0x001022f3) x5  0x0000000000000019
core   0: 0x0000000080004c80 (0xe3ca7347) fmsub.d ft6, fs4, ft8, ft8
core   0: 1 0x0000000080004c80 (0xe3ca7347) f6  0x7ff8000000000000
core   0: 0x0000000080004c84 (0x02520233) mul     tp, tp, t0
core   0: 1 0x0000000080004c84 (0x02520233) x4  0x0000000000000000
core   0: 0x0000000080004c88 (0x02db17b3) mulh    a5, s6, a3
core   0: 1 0x0000000080004c88 (0x02db17b3) x15 0x0000000000000000
core   0: 0x0000000080004c8c (0x00c1d23b) srlw    tp, gp, a2
core   0: 1 0x0000000080004c8c (0x00c1d23b) x4  0x0000000000000000
core   0: 0x0000000080004c90 (0x0102173b) sllw    a4, tp, a6
core   0: 1 0x0000000080004c90 (0x0102173b) x14 0x0000000000000000
core   0: 0x0000000080004c94 (0x130bf853) fmul.d  fa6, fs7, fa6
core   0: 1 0x0000000080004c94 (0x130bf853) f16 0x7ff8000000000000
core   0: 0x0000000080004c98 (0x004203bb) addw    t2, tp, tp
core   0: 1 0x0000000080004c98 (0x004203bb) x7  0x0000000000000000
core   0: 0x0000000080004c9c (0x00000001) c.nop
core   0: 1 0x0000000080004c9c (0x0001)
core   0: 0x0000000080004c9e (0x006d8abb) addw    s5, s11, t1
core   0: 1 0x0000000080004c9e (0x006d8abb) x21 0x000000000000001b
core   0: 0x0000000080004ca2 (0x002090f3) csrrw   ra, frm, ra
core   0: 1 0x0000000080004ca2 (0x002090f3) x1  0x0000000000000000 c2_frm 0x0000000000000004
core   0: 0x0000000080004ca6 (0x0bacf153) fsub.d  ft2, fs9, fs10
core   0: 1 0x0000000080004ca6 (0x0bacf153) c1_fflags 0x0000000000000019 f2  0xc1c6f940cc0e9b19
core   0: 0x0000000080004caa (0x0000d71b) srliw   a4, ra, 0
core   0: 1 0x0000000080004caa (0x0000d71b) x14 0x0000000000000000
core   0: 0x0000000080004cae (0x41608b33) sub     s6, ra, s6
core   0: 1 0x0000000080004cae (0x41608b33) x22 0x0000000000000000
core   0: 0x0000000080004cb2 (0x00187ab3) and     s5, a6, ra
core   0: 1 0x0000000080004cb2 (0x00187ab3) x21 0x0000000000000000
core   0: 0x0000000080004cb6 (0x2342774b) fnmsub.d fa4, ft4, fs4, ft4
core   0: 1 0x0000000080004cb6 (0x2342774b) f14 0x7ff8000000000000
core   0: 0x0000000080004cba (0x0063833b) addw    t1, t2, t1
core   0: 1 0x0000000080004cba (0x0063833b) x6  0x000000000000001b
core   0: 0x0000000080004cbe (0x00126713) ori     a4, tp, 1
core   0: 1 0x0000000080004cbe (0x00126713) x14 0x0000000000000001
core   0: 0x0000000080004cc2 (0x0041513b) srlw    sp, sp, tp
core   0: 1 0x0000000080004cc2 (0x0041513b) x2  0x0000000000000000
core   0: 0x0000000080004cc6 (0x002115f3) csrrw   a1, frm, sp
core   0: 1 0x0000000080004cc6 (0x002115f3) x11 0x0000000000000004 c2_frm 0x0000000000000000
core   0: 0x0000000080004cca (0x016e13bb) sllw    t2, t3, s6
core   0: 1 0x0000000080004cca (0x016e13bb) x7  0x0000000000000000
core   0: 0x0000000080004cce (0xc02478d3) fcvt.l.s a7, fs0
core   0: 1 0x0000000080004cce (0xc02478d3) c1_fflags 0x0000000000000019 x17 0x7fffffffffffffff
core   0: 0x0000000080004cd2 (0xd21b88d3) fcvt.d.wu fa7, s7
core   0: 1 0x0000000080004cd2 (0xd21b88d3) f17 0x3ff0000000000000
core   0: 0x0000000080004cd6 (0x025442bb) divw    t0, s0, t0
core   0: 1 0x0000000080004cd6 (0x025442bb) x5  0xfffffffffc7ae148
core   0: 0x0000000080004cda (0xe2070153) fmv.x.d sp, fa4
core   0: 1 0x0000000080004cda (0xe2070153) x2  0x7ff8000000000000
core   0: 0x0000000080004cde (0x74706b73) csrrsi  s6, mseccfg, 0
core   0: exception trap_illegal_instruction, epc 0x0000000080004cde
core   0:           tval 0x0000000074706b73
core   0: >>>>  $xrv64i2p1_m2p0_a2p1_f2p2_d2p2_zicsr2p0_zifencei2p0_zmmul1p0_zba1p0_zbb1p0_zbc1p0_zbs1p0
core   0: 0x0000000080004000 (0x0080006f) j       pc + 0x8
core   0: 3 0x0000000080004000 (0x0080006f)
core   0: >>>>  mmode_exception_handler
core   0: 0x0000000080004008 (0x00002c17) auipc   s8, 0x2
core   0: 3 0x0000000080004008 (0x00002c17) x24 0x0000000080006008
core   0: 0x000000008000400c (0x052c0c13) addi    s8, s8, 82
core   0: 3 0x000000008000400c (0x052c0c13) x24 0x000000008000605a
core   0: 0x0000000080004010 (0x000c00e7) jalr    s8
core   0: 3 0x0000000080004010 (0x000c00e7) x1  0x0000000080004014
core   0: >>>>  any_handler
core   0: 0x000000008000605a (0x341027f3) csrrs   a5, mepc, zero
core   0: 3 0x000000008000605a (0x341027f3) x15 0x0000000080004cde
core   0: 0x000000008000605e (0x34202773) csrrs   a4, mcause, zero
core   0: 3 0x000000008000605e (0x34202773) x14 0x0000000000000002
core   0: 0x0000000080006062 (0x142026f3) csrrs   a3, scause, zero
core   0: 3 0x0000000080006062 (0x142026f3) x13 0x0000000000000000
core   0: 0x0000000080006066 (0x30402673) csrrs   a2, mie, zero
core   0: 3 0x0000000080006066 (0x30402673) x12 0x0000000000000a00
core   0: 0x000000008000606a (0x344025f3) csrrs   a1, mip, zero
core   0: 3 0x000000008000606a (0x344025f3) x11 0x0000000000000080
core   0: 0x000000008000606e (0x343025f3) csrrs   a1, mtval, zero
core   0: 3 0x000000008000606e (0x343025f3) x11 0x0000000074706b73
core   0: 0x0000000080006072 (0x14302573) csrrs   a0, stval, zero
core   0: 3 0x0000000080006072 (0x14302573) x10 0x0000000000000000
core   0: 0x0000000080006076 (0xb02024f3) csrrs   s1, minstret, zero
core   0: 3 0x0000000080006076 (0xb02024f3) x9  0x0000000000000c3f
core   0: 0x000000008000607a (0x0000a811) c.j     pc + 20
core   0: 3 0x000000008000607a (0xa811)
core   0: >>>>  mepc_4
core   0: 0x000000008000608e (0x00000791) c.addi  a5, 4
core   0: 3 0x000000008000608e (0x0791) x15 0x0000000080004ce2
core   0: 0x0000000080006090 (0x34179073) csrrw   zero, mepc, a5
core   0: 3 0x0000000080006090 (0x34179073) c833_mepc 0x0000000080004ce2
core   0: 0x0000000080006094 (0x30200073) mret
core   0: 3 0x0000000080006094 (0x30200073) c768_mstatus 0x8000000a00106080
core   0: 0x0000000080004ce2 (0x5a0af053) fsqrt.d ft0, fs5
core   0: 1 0x0000000080004ce2 (0x5a0af053) f0  0x7ff8000000000000
core   0: 0x0000000080004ce6 (0x009b64b3) or      s1, s6, s1
core   0: 1 0x0000000080004ce6 (0x009b64b3) x9  0x0000000000000c3f
core   0: 0x0000000080004cea (0x00202cf3) csrrs   s9, frm, zero
core   0: 1 0x0000000080004cea (0x00202cf3) x25 0x0000000000000000
core   0: 0x0000000080004cee (0xc218fb53) fcvt.wu.d s6, fa7
core   0: 1 0x0000000080004cee (0xc218fb53) x22 0x0000000000000001
core   0: 0x0000000080004cf2 (0x02297453) fadd.d  fs0, fs2, ft2
core   0: 1 0x0000000080004cf2 (0x02297453) f8  0x7ff8000000000000
core   0: 0x0000000080004cf6 (0xc223fcd3) fcvt.l.d s9, ft7
core   0: 1 0x0000000080004cf6 (0xc223fcd3) x25 0xfffffffffffffed7
core   0: 0x0000000080004cfa (0xddae3497) auipc   s1, 0xddae3
core   0: 1 0x0000000080004cfa (0xddae3497) x9  0x000000005dae7cfa
core   0: 0x0000000080004cfe (0x00195a93) srli    s5, s2, 1
core   0: 1 0x0000000080004cfe (0x00195a93) x21 0x000000000000dcc1
core   0: 0x0000000080004d02 (0x0237e7bb) remw    a5, a5, gp
core   0: 1 0x0000000080004d02 (0x0237e7bb) x15 0xffffffff80004ce2
core   0: 0x0000000080004d06 (0x5a007cd3) fsqrt.d fs9, ft0
core   0: 1 0x0000000080004d06 (0x5a007cd3) f25 0x7ff8000000000000
core   0: 0x0000000080004d0a (0xd227f5d3) fcvt.d.l fa1, a5
core   0: 1 0x0000000080004d0a (0xd227f5d3) f11 0xc1dfffecc7800000
core   0: 0x0000000080004d0e (0xb8241b73) csrrw   s6, minstreth, s0
core   0: exception trap_illegal_instruction, epc 0x0000000080004d0e
core   0:           tval 0x00000000b8241b73
core   0: >>>>  $xrv64i2p1_m2p0_a2p1_f2p2_d2p2_zicsr2p0_zifencei2p0_zmmul1p0_zba1p0_zbb1p0_zbc1p0_zbs1p0
core   0: 0x0000000080004000 (0x0080006f) j       pc + 0x8
core   0: 3 0x0000000080004000 (0x0080006f)
core   0: >>>>  mmode_exception_handler
core   0: 0x0000000080004008 (0x00002c17) auipc   s8, 0x2
core   0: 3 0x0000000080004008 (0x00002c17) x24 0x0000000080006008
core   0: 0x000000008000400c (0x052c0c13) addi    s8, s8, 82
core   0: 3 0x000000008000400c (0x052c0c13) x24 0x000000008000605a
core   0: 0x0000000080004010 (0x000c00e7) jalr    s8
core   0: 3 0x0000000080004010 (0x000c00e7) x1  0x0000000080004014
core   0: >>>>  any_handler
core   0: 0x000000008000605a (0x341027f3) csrrs   a5, mepc, zero
core   0: 3 0x000000008000605a (0x341027f3) x15 0x0000000080004d0e
core   0: 0x000000008000605e (0x34202773) csrrs   a4, mcause, zero
core   0: 3 0x000000008000605e (0x34202773) x14 0x0000000000000002
core   0: 0x0000000080006062 (0x142026f3) csrrs   a3, scause, zero
core   0: 3 0x0000000080006062 (0x142026f3) x13 0x0000000000000000
core   0: 0x0000000080006066 (0x30402673) csrrs   a2, mie, zero
core   0: 3 0x0000000080006066 (0x30402673) x12 0x0000000000000a00
core   0: 0x000000008000606a (0x344025f3) csrrs   a1, mip, zero
core   0: 3 0x000000008000606a (0x344025f3) x11 0x0000000000000080
core   0: 0x000000008000606e (0x343025f3) csrrs   a1, mtval, zero
core   0: 3 0x000000008000606e (0x343025f3) x11 0x00000000b8241b73
core   0: 0x0000000080006072 (0x14302573) csrrs   a0, stval, zero
core   0: 3 0x0000000080006072 (0x14302573) x10 0x0000000000000000
core   0: 0x0000000080006076 (0xb02024f3) csrrs   s1, minstret, zero
core   0: 3 0x0000000080006076 (0xb02024f3) x9  0x0000000000000c5a
core   0: 0x000000008000607a (0x0000a811) c.j     pc + 20
core   0: 3 0x000000008000607a (0xa811)
core   0: >>>>  mepc_4
core   0: 0x000000008000608e (0x00000791) c.addi  a5, 4
core   0: 3 0x000000008000608e (0x0791) x15 0x0000000080004d12
core   0: 0x0000000080006090 (0x34179073) csrrw   zero, mepc, a5
core   0: 3 0x0000000080006090 (0x34179073) c833_mepc 0x0000000080004d12
core   0: 0x0000000080006094 (0x30200073) mret
core   0: 3 0x0000000080006094 (0x30200073) c768_mstatus 0x8000000a00106080
core   0: 0x0000000080004d12 (0x035b3633) mulhu   a2, s6, s5
core   0: 1 0x0000000080004d12 (0x035b3633) x12 0x0000000000000000
core   0: 0x0000000080004d16 (0xa3970cd3) fle.d   s9, fa4, fs9
core   0: 1 0x0000000080004d16 (0xa3970cd3) c1_fflags 0x0000000000000019 x25 0x0000000000000000
core   0: 0x0000000080004d1a (0x02667cbb) remuw   s9, a2, t1
core   0: 1 0x0000000080004d1a (0x02667cbb) x25 0x0000000000000000
core   0: 0x0000000080004d1e (0x01ad2d33) slt     s10, s10, s10
core   0: 1 0x0000000080004d1e (0x01ad2d33) x26 0x0000000000000000
core   0: 0x0000000080004d22 (0x00844733) xor     a4, s0, s0
core   0: 1 0x0000000080004d22 (0x00844733) x14 0x0000000000000000
core   0: 0x0000000080004d26 (0x00000001) c.nop
core   0: 1 0x0000000080004d26 (0x0001)
core   0: 0x0000000080004d28 (0xfff40d13) addi    s10, s0, -1
core   0: 1 0x0000000080004d28 (0xfff40d13) x26 0xffffffffa7ffffff
core   0: 0x0000000080004d2c (0x00047193) andi    gp, s0, 0
core   0: 1 0x0000000080004d2c (0x00047193) x3  0x0000000000000000
core   0: 0x0000000080004d30 (0xc2047653) fcvt.w.d a2, fs0
core   0: 1 0x0000000080004d30 (0xc2047653) c1_fflags 0x0000000000000019 x12 0x000000007fffffff
core   0: 0x0000000080004d34 (0xd2110bd3) fcvt.d.wu fs7, sp
core   0: 1 0x0000000080004d34 (0xd2110bd3) f23 0x0000000000000000
core   0: 0x0000000080004d38 (0x407b01b3) sub     gp, s6, t2
core   0: 1 0x0000000080004d38 (0x407b01b3) x3  0x0000000000000001
core   0: 0x0000000080004d3c (0x40fcdcb3) sra     s9, s9, a5
core   0: 1 0x0000000080004d3c (0x40fcdcb3) x25 0x0000000000000000
core   0: 0x0000000080004d40 (0x416a5a1b) sraiw   s4, s4, 22
core   0: 1 0x0000000080004d40 (0x416a5a1b) x20 0xffffffffffffffff
core   0: 0x0000000080004d44 (0x039a4dbb) divw    s11, s4, s9
core   0: 1 0x0000000080004d44 (0x039a4dbb) x27 0xffffffffffffffff
core   0: 0x0000000080004d48 (0x00229073) csrrw   zero, frm, t0
core   0: 1 0x0000000080004d48 (0x00229073) c2_frm 0x0000000000000000
core   0: 0x0000000080004d4c (0x420b0b53) fcvt.d.s fs6, fs6
core   0: 1 0x0000000080004d4c (0x420b0b53) f22 0x7ff8000000000000
core   0: 0x0000000080004d50 (0x0206b6b3) mulhu   a3, a3, zero
core   0: 1 0x0000000080004d50 (0x0206b6b3) x13 0x0000000000000000
core   0: 0x0000000080004d54 (0xd02c7a53) fcvt.s.l fs4, s8
core   0: 1 0x0000000080004d54 (0xd02c7a53) c1_fflags 0x0000000000000019 f20 0xffffffff4f000060
core   0: 0x0000000080004d58 (0x9ae07e47) fmsub.d ft8, ft0, fa4, fs3
core   0: 1 0x0000000080004d58 (0x9ae07e47) f28 0x7ff8000000000000
core   0: 0x0000000080004d5c (0x00000001) c.nop
core   0: 1 0x0000000080004d5c (0x0001)
core   0: 0x0000000080004d5e (0xe20b0153) fmv.x.d sp, fs6
core   0: 1 0x0000000080004d5e (0xe20b0153) x2  0x7ff8000000000000
core   0: 0x0000000080004d62 (0x415a8033) sub     zero, s5, s5
core   0: 1 0x0000000080004d62 (0x415a8033)
core   0: 0x0000000080004d66 (0x031bebb3) rem     s7, s7, a7
core   0: 1 0x0000000080004d66 (0x031bebb3) x23 0x0000000000000001
core   0: 0x0000000080004d6a (0x035b9e13) slli    t3, s7, 53
core   0: 1 0x0000000080004d6a (0x035b9e13) x28 0x0020000000000000
core   0: 0x0000000080004d6e (0x01401a33) sll     s4, zero, s4
core   0: 1 0x0000000080004d6e (0x01401a33) x20 0x0000000000000000
core   0: 0x0000000080004d72 (0xc20afdd3) fcvt.w.d s11, fs5
core   0: 1 0x0000000080004d72 (0xc20afdd3) c1_fflags 0x0000000000000019 x27 0x000000007fffffff
core   0: 0x0000000080004d76 (0x000adab3) srl     s5, s5, zero
core   0: 1 0x0000000080004d76 (0x000adab3) x21 0x000000000000dcc1
core   0: 0x0000000080004d7a (0x007a2133) slt     sp, s4, t2
core   0: 1 0x0000000080004d7a (0x007a2133) x2  0x0000000000000000
core   0: 0x0000000080004d7e (0x00000001) c.nop
core   0: 1 0x0000000080004d7e (0x0001)
core   0: 0x0000000080004d80 (0xc221f953) fcvt.l.d s2, ft3
core   0: 1 0x0000000080004d80 (0xc221f953) c1_fflags 0x0000000000000019 x18 0x7fffffffffffffff
core   0: 0x0000000080004d84 (0x2af714d3) fmax.d  fs1, fa4, fa5
core   0: 1 0x0000000080004d84 (0x2af714d3) f9  0x7ff8000000000000
core   0: 0x0000000080004d88 (0xa3349e53) flt.d   t3, fs1, fs3
core   0: 1 0x0000000080004d88 (0xa3349e53) c1_fflags 0x0000000000000019 x28 0x0000000000000000
core   0: 0x0000000080004d8c (0x401dd51b) sraiw   a0, s11, 1
core   0: 1 0x0000000080004d8c (0x401dd51b) x10 0x000000003fffffff
core   0: 0x0000000080004d90 (0xff9eac37) lui     s8, 0xff9ea
core   0: 1 0x0000000080004d90 (0xff9eac37) x24 0xffffffffff9ea000
core   0: 0x0000000080004d94 (0x00002c1d) c.addiw s8, 7
core   0: 1 0x0000000080004d94 (0x2c1d) x24 0xffffffffff9ea007
core   0: 0x0000000080004d96 (0x00000c32) c.slli  s8, 12
core   0: 1 0x0000000080004d96 (0x0c32) x24 0xfffffff9ea007000
core   0: 0x0000000080004d98 (0xcc5c0c13) addi    s8, s8, -827
core   0: 1 0x0000000080004d98 (0xcc5c0c13) x24 0xfffffff9ea006cc5
core   0: 0x0000000080004d9c (0x020571b3) remu    gp, a0, zero
core   0: 1 0x0000000080004d9c (0x020571b3) x3  0x000000003fffffff
core   0: 0x0000000080004da0 (0xb2f97d4f) fnmadd.d fs10, fs2, fa5, fs6
core   0: 1 0x0000000080004da0 (0xb2f97d4f) f26 0x7ff8000000000000
core   0: 0x0000000080004da4 (0x400bde1b) sraiw   t3, s7, 0
core   0: 1 0x0000000080004da4 (0x400bde1b) x28 0x0000000000000001
core   0: 0x0000000080004da8 (0x004e599b) srliw   s3, t3, 4
core   0: 1 0x0000000080004da8 (0x004e599b) x19 0x0000000000000000
core   0: 0x0000000080004dac (0x5369811b) addiw   sp, s3, 1334
core   0: 1 0x0000000080004dac (0x5369811b) x2  0x0000000000000536
core   0: 0x0000000080004db0 (0xc0347dd3) fcvt.lu.s s11, fs0
core   0: 1 0x0000000080004db0 (0xc0347dd3) c1_fflags 0x0000000000000019 x27 0xffffffffffffffff
core   0: 0x0000000080004db4 (0x0ff0000f) fence   iorw,iorw
core   0: 1 0x0000000080004db4 (0x0ff0000f)
core   0: 0x0000000080004db8 (0x008a9933) sll     s2, s5, s0
core   0: 1 0x0000000080004db8 (0x008a9933) x18 0x000000000000dcc1
core   0: 0x0000000080004dbc (0x008407bb) addw    a5, s0, s0
core   0: 1 0x0000000080004dbc (0x008407bb) x15 0x0000000050000000
core   0: 0x0000000080004dc0 (0x0298c93b) divw    s2, a7, s1
core   0: 1 0x0000000080004dc0 (0x0298c93b) x18 0x0000000000000000
core   0: 0x0000000080004dc4 (0xfffc841b) addiw   s0, s9, -1
core   0: 1 0x0000000080004dc4 (0xfffc841b) x8  0xffffffffffffffff
core   0: 0x0000000080004dc8 (0xd234fc53) fcvt.d.lu fs8, s1
core   0: 1 0x0000000080004dc8 (0xd234fc53) f24 0x40a8b40000000000
core   0: 0x0000000080004dcc (0xc02d7853) fcvt.l.s a6, fs10
core   0: 1 0x0000000080004dcc (0xc02d7853) c1_fflags 0x0000000000000019 x16 0x7fffffffffffffff
core   0: 0x0000000080004dd0 (0x01851cb3) sll     s9, a0, s8
core   0: 1 0x0000000080004dd0 (0x01851cb3) x25 0x00000007ffffffe0
core   0: 0x0000000080004dd4 (0x0165123b) sllw    tp, a0, s6
core   0: 1 0x0000000080004dd4 (0x0165123b) x4  0x000000007ffffffe
core   0: 0x0000000080004dd8 (0xe38ffe4b) fnmsub.d ft8, ft11, fs8, ft8
core   0: 1 0x0000000080004dd8 (0xe38ffe4b) f28 0x7ff8000000000000
core   0: 0x0000000080004ddc (0x4104511b) sraiw   sp, s0, 16
core   0: 1 0x0000000080004ddc (0x4104511b) x2  0xffffffffffffffff
core   0: 0x0000000080004de0 (0x7ffcf793) andi    a5, s9, 2047
core   0: 1 0x0000000080004de0 (0x7ffcf793) x15 0x00000000000007e0
core   0: 0x0000000080004de4 (0xc03bf1d3) fcvt.lu.s gp, fs7
core   0: 1 0x0000000080004de4 (0xc03bf1d3) c1_fflags 0x0000000000000019 x3  0xffffffffffffffff
core   0: 0x0000000080004de8 (0x3a1d70cb) fnmsub.d ft1, fs10, ft1, ft7
core   0: 1 0x0000000080004de8 (0x3a1d70cb) f1  0x7ff8000000000000
core   0: 0x0000000080004dec (0x5a01fcd3) fsqrt.d fs9, ft3
core   0: 1 0x0000000080004dec (0x5a01fcd3) f25 0x7ff8000000000000
core   0: 0x0000000080004df0 (0x224c2a53) fsgnjx.d fs4, fs8, ft4
core   0: 1 0x0000000080004df0 (0x224c2a53) f20 0x40a8b40000000000
core   0: 0x0000000080004df4 (0xfa007e37) lui     t3, 0xfa007
core   0: 1 0x0000000080004df4 (0xfa007e37) x28 0xfffffffffa007000
core   0: 0x0000000080004df8 (0xb6be0e1b) addiw   t3, t3, -1173
core   0: 1 0x0000000080004df8 (0xb6be0e1b) x28 0xfffffffffa006b6b
core   0: 0x0000000080004dfc (0x00000e32) c.slli  t3, 12
core   0: 1 0x0000000080004dfc (0x0e32) x28 0xffffffa006b6b000
core   0: 0x0000000080004dfe (0x8b3e0e13) addi    t3, t3, -1869
core   0: 1 0x0000000080004dfe (0x8b3e0e13) x28 0xffffffa006b6a8b3
core   0: 0x0000000080004e02 (0x4002db93) srai    s7, t0, 0
core   0: 1 0x0000000080004e02 (0x4002db93) x23 0xfffffffffc7ae148
core   0: 0x0000000080004e06 (0x0261b8b3) mulhu   a7, gp, t1
core   0: 1 0x0000000080004e06 (0x0261b8b3) x17 0x000000000000001a
core   0: 0x0000000080004e0a (0x5a01fad3) fsqrt.d fs5, ft3
core   0: 1 0x0000000080004e0a (0x5a01fad3) f21 0x7ff8000000000000
core   0: 0x0000000080004e0e (0x026363b3) rem     t2, t1, t1
core   0: 1 0x0000000080004e0e (0x026363b3) x7  0x0000000000000000
core   0: 0x0000000080004e12 (0x0125093b) addw    s2, a0, s2
core   0: 1 0x0000000080004e12 (0x0125093b) x18 0x000000003fffffff
core   0: 0x0000000080004e16 (0xa32a0c53) fle.d   s8, fs4, fs2
core   0: 1 0x0000000080004e16 (0xa32a0c53) c1_fflags 0x0000000000000019 x24 0x0000000000000000
core   0: 0x0000000080004e1a (0xc23a7453) fcvt.lu.d s0, fs4
core   0: 1 0x0000000080004e1a (0xc23a7453) x8  0x0000000000000c5a
core   0: 0x0000000080004e1e (0x4192529b) sraiw   t0, tp, 25
core   0: 1 0x0000000080004e1e (0x4192529b) x5  0x000000000000003f
core   0: 0x0000000080004e22 (0x137c7043) fmadd.d ft0, fs8, fs7, ft2
core   0: 1 0x0000000080004e22 (0x137c7043) f0  0xc1c6f940cc0e9b19
core   0: 0x0000000080004e26 (0x03dbf0b3) remu    ra, s7, t4
core   0: 1 0x0000000080004e26 (0x03dbf0b3) x1  0x000000000000045c
core   0: 0x0000000080004e2a (0x00f4d7b3) srl     a5, s1, a5
core   0: 1 0x0000000080004e2a (0x00f4d7b3) x15 0x0000000000000000
core   0: 0x0000000080004e2e (0x4004de33) sra     t3, s1, zero
core   0: 1 0x0000000080004e2e (0x4004de33) x28 0x0000000000000c5a
core   0: 0x0000000080004e32 (0xa34181d3) fle.d   gp, ft3, fs4
core   0: 1 0x0000000080004e32 (0xa34181d3) c1_fflags 0x0000000000000019 x3  0x0000000000000000
core   0: 0x0000000080004e36 (0xc23afcd3) fcvt.lu.d s9, fs5
core   0: 1 0x0000000080004e36 (0xc23afcd3) c1_fflags 0x0000000000000019 x25 0xffffffffffffffff
core   0: 0x0000000080004e3a (0x420a0653) fcvt.d.s fa2, fs4
core   0: 1 0x0000000080004e3a (0x420a0653) f12 0x7ff8000000000000
core   0: 0x0000000080004e3e (0x40420abb) subw    s5, tp, tp
core   0: 1 0x0000000080004e3e (0x40420abb) x21 0x0000000000000000
core   0: 0x0000000080004e42 (0x42068853) fcvt.d.s fa6, fa3
core   0: 1 0x0000000080004e42 (0x42068853) f16 0x7ff8000000000000
core   0: 0x0000000080004e46 (0x5087c737) lui     a4, 0x5087c
core   0: 1 0x0000000080004e46 (0x5087c737) x14 0x000000005087c000
core   0: 0x0000000080004e4a (0x414756b3) sra     a3, a4, s4
core   0: 1 0x0000000080004e4a (0x414756b3) x13 0x000000005087c000
core   0: 0x0000000080004e4e (0x8f6a8813) addi    a6, s5, -1802
core   0: 1 0x0000000080004e4e (0x8f6a8813) x16 0xfffffffffffff8f6
core   0: 0x0000000080004e52 (0x038c13b3) mulh    t2, s8, s8
core   0: 1 0x0000000080004e52 (0x038c13b3) x7  0x0000000000000000
core   0: 0x0000000080004e56 (0x00000001) c.nop
core   0: 1 0x0000000080004e56 (0x0001)
core   0: 0x0000000080004e58 (0x006e9d9b) slliw   s11, t4, 6
core   0: 1 0x0000000080004e58 (0x006e9d9b) x27 0x0000000000022d80
core   0: 0x0000000080004e5c (0xc2007653) fcvt.w.d a2, ft0
core   0: 1 0x0000000080004e5c (0xc2007653) c1_fflags 0x0000000000000019 x12 0xffffffffd20d7e68
core   0: 0x0000000080004e60 (0x000ddd3b) srlw    s10, s11, zero
core   0: 1 0x0000000080004e60 (0x000ddd3b) x26 0x0000000000022d80
core   0: 0x0000000080004e64 (0xa2d001d3) fle.d   gp, ft0, fa3
core   0: 1 0x0000000080004e64 (0xa2d001d3) x3  0x0000000000000001
core   0: 0x0000000080004e68 (0x032cfcb3) remu    s9, s9, s2
core   0: 1 0x0000000080004e68 (0x032cfcb3) x25 0x000000000000000f
core   0: 0x0000000080004e6c (0x22d69ad3) fsgnjn.d fs5, fa3, fa3
core   0: 1 0x0000000080004e6c (0x22d69ad3) f21 0xc1c6f97ed1800000
core   0: 0x0000000080004e70 (0x0ff0000f) fence   iorw,iorw
core   0: 1 0x0000000080004e70 (0x0ff0000f)
core   0: 0x0000000080004e74 (0x0ff0000f) fence   iorw,iorw
core   0: 1 0x0000000080004e74 (0x0ff0000f)
core   0: 0x0000000080004e78 (0x400cdb33) sra     s6, s9, zero
core   0: 1 0x0000000080004e78 (0x400cdb33) x22 0x000000000000000f
core   0: 0x0000000080004e7c (0x4147d233) sra     tp, a5, s4
core   0: 1 0x0000000080004e7c (0x4147d233) x4  0x0000000000000000
core   0: 0x0000000080004e80 (0x015181bb) addw    gp, gp, s5
core   0: 1 0x0000000080004e80 (0x015181bb) x3  0x0000000000000001
core   0: 0x0000000080004e84 (0x018c153b) sllw    a0, s8, s8
core   0: 1 0x0000000080004e84 (0x018c153b) x10 0x0000000000000000
core   0: 0x0000000080004e88 (0x41c75733) sra     a4, a4, t3
core   0: 1 0x0000000080004e88 (0x41c75733) x14 0x0000000000000014
core   0: 0x0000000080004e8c (0x0222d8b3) divu    a7, t0, sp
core   0: 1 0x0000000080004e8c (0x0222d8b3) x17 0x0000000000000000
core   0: 0x0000000080004e90 (0x443a0393) addi    t2, s4, 1091
core   0: 1 0x0000000080004e90 (0x443a0393) x7  0x0000000000000443
core   0: 0x0000000080004e94 (0x40f3d03b) sraw    zero, t2, a5
core   0: 1 0x0000000080004e94 (0x40f3d03b)
core   0: 0x0000000080004e98 (0x000095d2) c.add   a1, s4
core   0: 1 0x0000000080004e98 (0x95d2) x11 0x00000000b8241b73
core   0: 0x0000000080004e9a (0x00f56333) or      t1, a0, a5
core   0: 1 0x0000000080004e9a (0x00f56333) x6  0x0000000000000000
core   0: 0x0000000080004e9e (0x401150bb) sraw    ra, sp, ra
core   0: 1 0x0000000080004e9e (0x401150bb) x1  0xffffffffffffffff
core   0: 0x0000000080004ea2 (0xfb8fa4b7) lui     s1, 0xfb8fa
core   0: 1 0x0000000080004ea2 (0xfb8fa4b7) x9  0xfffffffffb8fa000
core   0: 0x0000000080004ea6 (0xb594849b) addiw   s1, s1, -1191
core   0: 1 0x0000000080004ea6 (0xb594849b) x9  0xfffffffffb8f9b59
core   0: 0x0000000080004eaa (0x000004b2) c.slli  s1, 12
core   0: 1 0x0000000080004eaa (0x04b2) x9  0xffffffb8f9b59000
core   0: 0x0000000080004eac (0x7b648493) addi    s1, s1, 1974
core   0: 1 0x0000000080004eac (0x7b648493) x9  0xffffffb8f9b597b6
core   0: 0x0000000080004eb0 (0x4008da33) sra     s4, a7, zero
core   0: 1 0x0000000080004eb0 (0x4008da33) x20 0x0000000000000000
core   0: 0x0000000080004eb4 (0x00bd1d3b) sllw    s10, s10, a1
core   0: 1 0x0000000080004eb4 (0x00bd1d3b) x26 0x000000006c000000
core   0: 0x0000000080004eb8 (0xc22afed3) fcvt.l.d t4, fs5
core   0: 1 0x0000000080004eb8 (0xc22afed3) x29 0xffffffffd20d025d
core   0: 0x0000000080004ebc (0x0000937d) c.srli  a4, 63
core   0: 1 0x0000000080004ebc (0x937d) x14 0x0000000000000000
core   0: 0x0000000080004ebe (0x9961cd13) xori    s10, gp, -1642
core   0: 1 0x0000000080004ebe (0x9961cd13) x26 0xfffffffffffff997
core   0: 0x0000000080004ec2 (0xf517069b) addiw   a3, a4, -175
core   0: 1 0x0000000080004ec2 (0xf517069b) x13 0xffffffffffffff51
core   0: 0x0000000080004ec6 (0xc20e7dd3) fcvt.w.d s11, ft8
core   0: 1 0x0000000080004ec6 (0xc20e7dd3) c1_fflags 0x0000000000000019 x27 0x000000007fffffff
core   0: 0x0000000080004eca (0xa3600cd3) fle.d   s9, ft0, fs6
core   0: 1 0x0000000080004eca (0xa3600cd3) c1_fflags 0x0000000000000019 x25 0x0000000000000000
core   0: 0x0000000080004ece (0xffef48b7) lui     a7, 0xffef4
core   0: 1 0x0000000080004ece (0xffef48b7) x17 0xffffffffffef4000
core   0: 0x0000000080004ed2 (0x4dd8889b) addiw   a7, a7, 1245
core   0: 1 0x0000000080004ed2 (0x4dd8889b) x17 0xffffffffffef44dd
core   0: 0x0000000080004ed6 (0x000008b2) c.slli  a7, 12
core   0: 1 0x0000000080004ed6 (0x08b2) x17 0xfffffffef44dd000
core   0: 0x0000000080004ed8 (0xe8088893) addi    a7, a7, -384
core   0: 1 0x0000000080004ed8 (0xe8088893) x17 0xfffffffef44dce80
core   0: 0x0000000080004edc (0x039af4b3) remu    s1, s5, s9
core   0: 1 0x0000000080004edc (0x039af4b3) x9  0x0000000000000000
core   0: 0x0000000080004ee0 (0x416c8b33) sub     s6, s9, s6
core   0: 1 0x0000000080004ee0 (0x416c8b33) x22 0xfffffffffffffff1
core   0: 0x0000000080004ee4 (0x2b6a88d3) fmin.d  fa7, fs5, fs6
core   0: 1 0x0000000080004ee4 (0x2b6a88d3) f17 0xc1c6f97ed1800000
core   0: 0x0000000080004ee8 (0x019cde3b) srlw    t3, s9, s9
core   0: 1 0x0000000080004ee8 (0x019cde3b) x28 0x0000000000000000
core   0: 0x0000000080004eec (0xd2058053) fcvt.d.w ft0, a1
core   0: 1 0x0000000080004eec (0xd2058053) f0  0xc1d1f6f923400000
core   0: 0x0000000080004ef0 (0x02e9da33) divu    s4, s3, a4
core   0: 1 0x0000000080004ef0 (0x02e9da33) x20 0xffffffffffffffff
core   0: 0x0000000080004ef4 (0x0a0075d3) fsub.d  fa1, ft0, ft0
core   0: 1 0x0000000080004ef4 (0x0a0075d3) f11 0x0000000000000000
core   0: 0x0000000080004ef8 (0x22411753) fsgnjn.d fa4, ft2, ft4
core   0: 1 0x0000000080004ef8 (0x22411753) f14 0xc1c6f940cc0e9b19
core   0: 0x0000000080004efc (0x034a6433) rem     s0, s4, s4
core   0: 1 0x0000000080004efc (0x034a6433) x8  0x0000000000000000
core   0: 0x0000000080004f00 (0x4168d89b) sraiw   a7, a7, 22
core   0: 1 0x0000000080004f00 (0x4168d89b) x17 0xffffffffffffffd1
core   0: 0x0000000080004f04 (0x039d5313) srli    t1, s10, 57
core   0: 1 0x0000000080004f04 (0x039d5313) x6  0x000000000000007f
core   0: 0x0000000080004f08 (0xe2000d53) fmv.x.d s10, ft0
core   0: 1 0x0000000080004f08 (0xe2000d53) x26 0xc1d1f6f923400000
core   0: 0x0000000080004f0c (0xa8d7e493) ori     s1, a5, -1395
core   0: 1 0x0000000080004f0c (0xa8d7e493) x9  0xfffffffffffffa8d
core   0: 0x0000000080004f10 (0x40080533) sub     a0, a6, zero
core   0: 1 0x0000000080004f10 (0x40080533) x10 0xfffffffffffff8f6
core   0: 0x0000000080004f14 (0xd0317ad3) fcvt.s.lu fs5, sp
core   0: 1 0x0000000080004f14 (0xd0317ad3) c1_fflags 0x0000000000000019 f21 0xffffffff5f800000
core   0: 0x0000000080004f18 (0x00057593) andi    a1, a0, 0
core   0: 1 0x0000000080004f18 (0x00057593) x11 0x0000000000000000
core   0: 0x0000000080004f1c (0xd2357b53) fcvt.d.lu fs6, a0
core   0: 1 0x0000000080004f1c (0xd2357b53) c1_fflags 0x0000000000000019 f22 0x43efffffffffffff
core   0: 0x0000000080004f20 (0x415b5b3b) sraw    s6, s6, s5
core   0: 1 0x0000000080004f20 (0x415b5b3b) x22 0xfffffffffffffff1
core   0: 0x0000000080004f24 (0x405adc3b) sraw    s8, s5, t0
core   0: 1 0x0000000080004f24 (0x405adc3b) x24 0x0000000000000000
core   0: 0x0000000080004f28 (0x00111d13) slli    s10, sp, 1
core   0: 1 0x0000000080004f28 (0x00111d13) x26 0xfffffffffffffffe
core   0: 0x0000000080004f2c (0x56d81b37) lui     s6, 0x56d81
core   0: 1 0x0000000080004f2c (0x56d81b37) x22 0x0000000056d81000
core   0: 0x0000000080004f30 (0x400bdb9b) sraiw   s7, s7, 0
core   0: 1 0x0000000080004f30 (0x400bdb9b) x23 0xfffffffffc7ae148
core   0: 0x0000000080004f34 (0x011b11bb) sllw    gp, s6, a7
core   0: 1 0x0000000080004f34 (0x011b11bb) x3  0x0000000020000000
core   0: 0x0000000080004f38 (0x00000001) c.nop
core   0: 1 0x0000000080004f38 (0x0001)
core   0: 0x0000000080004f3a (0x0231f3b3) remu    t2, gp, gp
core   0: 1 0x0000000080004f3a (0x0231f3b3) x7  0x0000000000000000
core   0: 0x0000000080004f3e (0xd2188353) fcvt.d.wu ft6, a7
core   0: 1 0x0000000080004f3e (0xd2188353) f6  0x41effffffa200000
core   0: 0x0000000080004f42 (0x00645b9b) srliw   s7, s0, 6
core   0: 1 0x0000000080004f42 (0x00645b9b) x23 0x0000000000000000
core   0: 0x0000000080004f46 (0x13defcd3) fmul.d  fs9, ft9, ft9
core   0: 1 0x0000000080004f46 (0x13defcd3) f25 0x7ff8000000000000
core   0: 0x0000000080004f4a (0x41278e3b) subw    t3, a5, s2
core   0: 1 0x0000000080004f4a (0x41278e3b) x28 0xffffffffc0000001
core   0: 0x0000000080004f4e (0x011e62b3) or      t0, t3, a7
core   0: 1 0x0000000080004f4e (0x011e62b3) x5  0xffffffffffffffd1
core   0: 0x0000000080004f52 (0x00202073) csrrs   zero, frm, zero
core   0: 1 0x0000000080004f52 (0x00202073)
core   0: 0x0000000080004f56 (0x0017e5b3) or      a1, a5, ra
core   0: 1 0x0000000080004f56 (0x0017e5b3) x11 0xffffffffffffffff
core   0: 0x0000000080004f5a (0x00f968b3) or      a7, s2, a5
core   0: 1 0x0000000080004f5a (0x00f968b3) x17 0x000000003fffffff
core   0: 0x0000000080004f5e (0x004944b3) xor     s1, s2, tp
core   0: 1 0x0000000080004f5e (0x004944b3) x9  0x000000003fffffff
core   0: 0x0000000080004f62 (0x0190903b) sllw    zero, ra, s9
core   0: 1 0x0000000080004f62 (0x0190903b)
core   0: 0x0000000080004f66 (0x00d8e133) or      sp, a7, a3
core   0: 1 0x0000000080004f66 (0x00d8e133) x2  0xffffffffffffffff
core   0: 0x0000000080004f6a (0xd2000e53) fcvt.d.w ft8, zero
core   0: 1 0x0000000080004f6a (0xd2000e53) f28 0x0000000000000000
core   0: 0x0000000080004f6e (0x4146d69b) sraiw   a3, a3, 20
core   0: 1 0x0000000080004f6e (0x4146d69b) x13 0xffffffffffffffff
core   0: 0x0000000080004f72 (0x00000001) c.nop
core   0: 1 0x0000000080004f72 (0x0001)
core   0: 0x0000000080004f74 (0xfaf2fbcb) fnmsub.d fs7, ft5, fa5, ft11
core   0: 1 0x0000000080004f74 (0xfaf2fbcb) f23 0x7ff8000000000000
core   0: 0x0000000080004f78 (0x0ff0000f) fence   iorw,iorw
core   0: 1 0x0000000080004f78 (0x0ff0000f)
core   0: 0x0000000080004f7c (0xc037f4d3) fcvt.lu.s s1, fa5
core   0: 1 0x0000000080004f7c (0xc037f4d3) c1_fflags 0x0000000000000019 x9  0xffffffffffffffff
core   0: 0x0000000080004f80 (0xd21b8053) fcvt.d.wu ft0, s7
core   0: 1 0x0000000080004f80 (0xd21b8053) f0  0x0000000000000000
core   0: 0x0000000080004f84 (0x03d4bd33) mulhu   s10, s1, t4
core   0: 1 0x0000000080004f84 (0x03d4bd33) x26 0xffffffffd20d025c
core   0: 0x0000000080004f88 (0x4000589b) sraiw   a7, zero, 0
core   0: 1 0x0000000080004f88 (0x4000589b) x17 0x0000000000000000
core   0: 0x0000000080004f8c (0x03ddcdb3) div     s11, s11, t4
core   0: 1 0x0000000080004f8c (0x03ddcdb3) x27 0xfffffffffffffffe
core   0: 0x0000000080004f90 (0x00c7563b) srlw    a2, a4, a2
core   0: 1 0x0000000080004f90 (0x00c7563b) x12 0x0000000000000000
core   0: 0x0000000080004f94 (0x0084543b) srlw    s0, s0, s0
core   0: 1 0x0000000080004f94 (0x0084543b) x8  0x0000000000000000
core   0: 0x0000000080004f98 (0x8c1e9cb7) lui     s9, 0x8c1e9
core   0: 1 0x0000000080004f98 (0x8c1e9cb7) x25 0xffffffff8c1e9000
core   0: 0x0000000080004f9c (0x007713bb) sllw    t2, a4, t2
core   0: 1 0x0000000080004f9c (0x007713bb) x7  0x0000000000000000
core   0: 0x0000000080004fa0 (0x00c52637) lui     a2, 0xc52
core   0: 1 0x0000000080004fa0 (0x00c52637) x12 0x0000000000c52000
core   0: 0x0000000080004fa4 (0x87f6061b) addiw   a2, a2, -1921
core   0: 1 0x0000000080004fa4 (0x87f6061b) x12 0x0000000000c5187f
core   0: 0x0000000080004fa8 (0x00000632) c.slli  a2, 12
core   0: 1 0x0000000080004fa8 (0x0632) x12 0x0000000c5187f000
core   0: 0x0000000080004faa (0xd7260613) addi    a2, a2, -654
core   0: 1 0x0000000080004faa (0xd7260613) x12 0x0000000c5187ed72
core   0: 0x0000000080004fae (0x0052e933) or      s2, t0, t0
core   0: 1 0x0000000080004fae (0x0052e933) x18 0xffffffffffffffd1
core   0: 0x0000000080004fb2 (0x00095c93) srli    s9, s2, 0
core   0: 1 0x0000000080004fb2 (0x00095c93) x25 0xffffffffffffffd1
core   0: 0x0000000080004fb6 (0xc03171d3) fcvt.lu.s gp, ft2
core   0: 1 0x0000000080004fb6 (0xc03171d3) c1_fflags 0x0000000000000019 x3  0xffffffffffffffff
core   0: 0x0000000080004fba (0x41a5d99b) sraiw   s3, a1, 26
core   0: 1 0x0000000080004fba (0x41a5d99b) x19 0xffffffffffffffff
core   0: 0x0000000080004fbe (0x220f8fd3) fsgnj.d ft11, ft11, ft0
core   0: 1 0x0000000080004fbe (0x220f8fd3) f31 0x7fffffffceb7838b
core   0: 0x0000000080004fc2 (0x0adff353) fsub.d  ft6, ft11, fa3
core   0: 1 0x0000000080004fc2 (0x0adff353) f6  0x7ff8000000000000
core   0: 0x0000000080004fc6 (0x028383b3) mul     t2, t2, s0
core   0: 1 0x0000000080004fc6 (0x028383b3) x7  0x0000000000000000
core   0: 0x0000000080004fca (0x2bf39653) fmax.d  fa2, ft7, ft11
core   0: 1 0x0000000080004fca (0x2bf39653) f12 0xc072900000000000
core   0: 0x0000000080004fce (0xc2367353) fcvt.lu.d t1, fa2
core   0: 1 0x0000000080004fce (0xc2367353) c1_fflags 0x0000000000000019 x6  0x0000000000000000
core   0: 0x0000000080004fd2 (0x006698b3) sll     a7, a3, t1
core   0: 1 0x0000000080004fd2 (0x006698b3) x17 0xffffffffffffffff
core   0: 0x0000000080004fd6 (0x0ff0000f) fence   iorw,iorw
core   0: 1 0x0000000080004fd6 (0x0ff0000f)
core   0: 0x0000000080004fda (0x00ca9d33) sll     s10, s5, a2
core   0: 1 0x0000000080004fda (0x00ca9d33) x26 0x0000000000000000
core   0: 0x0000000080004fde (0x4015f9d3) fcvt.s.d fs3, fa1
core   0: 1 0x0000000080004fde (0x4015f9d3) f19 0xffffffff00000000
core   0: 0x0000000080004fe2 (0x00a17133) and     sp, sp, a0
core   0: 1 0x0000000080004fe2 (0x00a17133) x2  0xfffffffffffff8f6
core   0: 0x0000000080004fe6 (0x4079d3bb) sraw    t2, s3, t2
core   0: 1 0x0000000080004fe6 (0x4079d3bb) x7  0xffffffffffffffff
core   0: 0x0000000080004fea (0x022158bb) divuw   a7, sp, sp
core   0: 1 0x0000000080004fea (0x022158bb) x17 0x0000000000000001
core   0: 0x0000000080004fee (0x037bcb33) div     s6, s7, s7
core   0: 1 0x0000000080004fee (0x037bcb33) x22 0xffffffffffffffff
core   0: 0x0000000080004ff2 (0x0bf5fcd3) fsub.d  fs9, fa1, ft11
core   0: 1 0x0000000080004ff2 (0x0bf5fcd3) f25 0x7ff8000000000000
core   0: 0x0000000080004ff6 (0x00009832) c.add   a6, a2
core   0: 1 0x0000000080004ff6 (0x9832) x16 0x0000000c5187e668
core   0: 0x0000000080004ff8 (0x0389f733) remu    a4, s3, s8
core   0: 1 0x0000000080004ff8 (0x0389f733) x14 0xffffffffffffffff
core   0: 0x0000000080004ffc (0x4013f653) fcvt.s.d fa2, ft7
core   0: 1 0x0000000080004ffc (0x4013f653) f12 0xffffffffc3948000
core   0: 0x0000000080005000 (0xc02976d3) fcvt.l.s a3, fs2
core   0: 1 0x0000000080005000 (0xc02976d3) c1_fflags 0x0000000000000019 x13 0x7fffffffffffffff
core   0: 0x0000000080005004 (0x400d5d1b) sraiw   s10, s10, 0
core   0: 1 0x0000000080005004 (0x400d5d1b) x26 0x0000000000000000
core   0: 0x0000000080005008 (0x4015d9bb) sraw    s3, a1, ra
core   0: 1 0x0000000080005008 (0x4015d9bb) x19 0xffffffffffffffff
core   0: 0x000000008000500c (0x2376feb7) lui     t4, 0x2376f
core   0: 1 0x000000008000500c (0x2376feb7) x29 0x000000002376f000
core   0: 0x0000000080005010 (0x013ecd33) xor     s10, t4, s3
core   0: 1 0x0000000080005010 (0x013ecd33) x26 0xffffffffdc890fff
core   0: 0x0000000080005014 (0xc206fdd3) fcvt.w.d s11, fa3
core   0: 1 0x0000000080005014 (0xc206fdd3) x27 0x000000002df2fda3
core   0: 0x0000000080005018 (0xfffbce13) not     t3, s7
core   0: 1 0x0000000080005018 (0xfffbce13) x28 0xffffffffffffffff
core   0: 0x000000008000501c (0x01be5bbb) srlw    s7, t3, s11
core   0: 1 0x000000008000501c (0x01be5bbb) x23 0x000000001fffffff
core   0: 0x0000000080005020 (0xc054f273) csrrci  tp, hpmcounter5, 9
core   0: exception trap_illegal_instruction, epc 0x0000000080005020
core   0:           tval 0x00000000c054f273
core   0: >>>>  $xrv64i2p1_m2p0_a2p1_f2p2_d2p2_zicsr2p0_zifencei2p0_zmmul1p0_zba1p0_zbb1p0_zbc1p0_zbs1p0
core   0: 0x0000000080004000 (0x0080006f) j       pc + 0x8
core   0: 3 0x0000000080004000 (0x0080006f)
core   0: >>>>  mmode_exception_handler
core   0: 0x0000000080004008 (0x00002c17) auipc   s8, 0x2
core   0: 3 0x0000000080004008 (0x00002c17) x24 0x0000000080006008
core   0: 0x000000008000400c (0x052c0c13) addi    s8, s8, 82
core   0: 3 0x000000008000400c (0x052c0c13) x24 0x000000008000605a
core   0: 0x0000000080004010 (0x000c00e7) jalr    s8
core   0: 3 0x0000000080004010 (0x000c00e7) x1  0x0000000080004014
core   0: >>>>  any_handler
core   0: 0x000000008000605a (0x341027f3) csrrs   a5, mepc, zero
core   0: 3 0x000000008000605a (0x341027f3) x15 0x0000000080005020
core   0: 0x000000008000605e (0x34202773) csrrs   a4, mcause, zero
core   0: 3 0x000000008000605e (0x34202773) x14 0x0000000000000002
core   0: 0x0000000080006062 (0x142026f3) csrrs   a3, scause, zero
core   0: 3 0x0000000080006062 (0x142026f3) x13 0x0000000000000000
core   0: 0x0000000080006066 (0x30402673) csrrs   a2, mie, zero
core   0: 3 0x0000000080006066 (0x30402673) x12 0x0000000000000a00
core   0: 0x000000008000606a (0x344025f3) csrrs   a1, mip, zero
core   0: 3 0x000000008000606a (0x344025f3) x11 0x0000000000000080
core   0: 0x000000008000606e (0x343025f3) csrrs   a1, mtval, zero
core   0: 3 0x000000008000606e (0x343025f3) x11 0x00000000c054f273
core   0: 0x0000000080006072 (0x14302573) csrrs   a0, stval, zero
core   0: 3 0x0000000080006072 (0x14302573) x10 0x0000000000000000
core   0: 0x0000000080006076 (0xb02024f3) csrrs   s1, minstret, zero
core   0: 3 0x0000000080006076 (0xb02024f3) x9  0x0000000000000d35
core   0: 0x000000008000607a (0x0000a811) c.j     pc + 20
core   0: 3 0x000000008000607a (0xa811)
core   0: >>>>  mepc_4
core   0: 0x000000008000608e (0x00000791) c.addi  a5, 4
core   0: 3 0x000000008000608e (0x0791) x15 0x0000000080005024
core   0: 0x0000000080006090 (0x34179073) csrrw   zero, mepc, a5
core   0: 3 0x0000000080006090 (0x34179073) c833_mepc 0x0000000080005024
core   0: 0x0000000080006094 (0x30200073) mret
core   0: 3 0x0000000080006094 (0x30200073) c768_mstatus 0x8000000a00106080
core   0: 0x0000000080005024 (0x00102c73) csrrs   s8, fflags, zero
core   0: 1 0x0000000080005024 (0x00102c73) x24 0x0000000000000019
core   0: 0x0000000080005028 (0x23261bd3) fsgnjn.d fs7, fa2, fs2
core   0: 1 0x0000000080005028 (0x23261bd3) f23 0xffffffffc3948000
core   0: 0x000000008000502c (0xd0327fd3) fcvt.s.lu ft11, tp
core   0: 1 0x000000008000502c (0xd0327fd3) f31 0xffffffff00000000
core   0: 0x0000000080005030 (0x4007db1b) sraiw   s6, a5, 0
core   0: 1 0x0000000080005030 (0x4007db1b) x22 0xffffffff80005024
core   0: 0x0000000080005034 (0x4187debb) sraw    t4, a5, s8
core   0: 1 0x0000000080005034 (0x4187debb) x29 0xffffffffffffffc0
core   0: 0x0000000080005038 (0x0161d533) srl     a0, gp, s6
core   0: 1 0x0000000080005038 (0x0161d533) x10 0x000000000fffffff
core   0: 0x000000008000503c (0x0ff0000f) fence   iorw,iorw
core   0: 1 0x000000008000503c (0x0ff0000f)
core   0: 0x0000000080005040 (0x002b13f3) csrrw   t2, frm, s6
core   0: 1 0x0000000080005040 (0x002b13f3) x7  0x0000000000000000 c2_frm 0x0000000000000004
core   0: 0x0000000080005044 (0x41ba0dbb) subw    s11, s4, s11
core   0: 1 0x0000000080005044 (0x41ba0dbb) x27 0xffffffffd20d025c
core   0: 0x0000000080005048 (0x0322bbb7) lui     s7, 0x322b
core   0: 1 0x0000000080005048 (0x0322bbb7) x23 0x000000000322b000
core   0: 0x000000008000504c (0x1d7b8b9b) addiw   s7, s7, 471
core   0: 1 0x000000008000504c (0x1d7b8b9b) x23 0x000000000322b1d7
core   0: 0x0000000080005050 (0x00000bb6) c.slli  s7, 13
core   0: 1 0x0000000080005050 (0x0bb6) x23 0x00000064563ae000
core   0: 0x0000000080005052 (0x6b9b8b93) addi    s7, s7, 1721
core   0: 1 0x0000000080005052 (0x6b9b8b93) x23 0x00000064563ae6b9
core   0: 0x0000000080005056 (0x2bd71f53) fmax.d  ft10, fa4, ft9
core   0: 1 0x0000000080005056 (0x2bd71f53) f30 0xc1c6f940cc0e9b19
core   0: 0x000000008000505a (0x140cebf3) csrrsi  s7, sscratch, 25
core   0: 1 0x000000008000505a (0x140cebf3) x23 0x0000000000000000 c320_sscratch 0x0000000000000019
core   0: 0x000000008000505e (0xa8d50493) addi    s1, a0, -1395
core   0: 1 0x000000008000505e (0xa8d50493) x9  0x000000000ffffa8c
core   0: 0x0000000080005062 (0xc20d7e53) fcvt.w.d t3, fs10
core   0: 1 0x0000000080005062 (0xc20d7e53) c1_fflags 0x0000000000000019 x28 0x000000007fffffff
core   0: 0x0000000080005066 (0x01b8f8b3) and     a7, a7, s11
core   0: 1 0x0000000080005066 (0x01b8f8b3) x17 0x0000000000000000
core   0: 0x000000008000506a (0x0ff0000f) fence   iorw,iorw
core   0: 1 0x000000008000506a (0x0ff0000f)
core   0: 0x000000008000506e (0x401f7ed3) fcvt.s.d ft9, ft10
core   0: 1 0x000000008000506e (0x401f7ed3) c1_fflags 0x0000000000000019 f29 0xffffffffce37ca06
core   0: 0x0000000080005072 (0x00cdd63b) srlw    a2, s11, a2
core   0: 1 0x0000000080005072 (0x00cdd63b) x12 0xffffffffd20d025c
core   0: 0x0000000080005076 (0xc228f053) fcvt.l.d zero, fa7
core   0: 1 0x0000000080005076 (0xc228f053)
core   0: 0x000000008000507a (0xd21183d3) fcvt.d.wu ft7, gp
core   0: 1 0x000000008000507a (0xd21183d3) f7  0x41efffffffe00000
core   0: 0x000000008000507e (0xa3d60dd3) fle.d   s11, fa2, ft9
core   0: 1 0x000000008000507e (0xa3d60dd3) c1_fflags 0x0000000000000019 x27 0x0000000000000000
core   0: 0x0000000080005082 (0x00202573) csrrs   a0, frm, zero
core   0: 1 0x0000000080005082 (0x00202573) x10 0x0000000000000004
core   0: 0x0000000080005086 (0x7ff3031b) addiw   t1, t1, 2047
core   0: 1 0x0000000080005086 (0x7ff3031b) x6  0x00000000000007ff
core   0: 0x000000008000508a (0x23d5f54b) fnmsub.d fa0, fa1, ft9, ft4
core   0: 1 0x000000008000508a (0x23d5f54b) f10 0x7ff8000000000000
core   0: 0x000000008000508e (0xd024f253) fcvt.s.l ft4, s1
core   0: 1 0x000000008000508e (0xd024f253) c1_fflags 0x0000000000000019 f4  0xffffffff4d7fffa9
core   0: 0x0000000080005092 (0x42028cd3) fcvt.d.s fs9, ft5
core   0: 1 0x0000000080005092 (0x42028cd3) f25 0x7ff8000000000000
core   0: 0x0000000080005096 (0xf13b2af3) csrrs   s5, mimpid, s6
core   0: exception trap_illegal_instruction, epc 0x0000000080005096
core   0:           tval 0x00000000f13b2af3
core   0: >>>>  $xrv64i2p1_m2p0_a2p1_f2p2_d2p2_zicsr2p0_zifencei2p0_zmmul1p0_zba1p0_zbb1p0_zbc1p0_zbs1p0
core   0: 0x0000000080004000 (0x0080006f) j       pc + 0x8
core   0: 3 0x0000000080004000 (0x0080006f)
core   0: >>>>  mmode_exception_handler
core   0: 0x0000000080004008 (0x00002c17) auipc   s8, 0x2
core   0: 3 0x0000000080004008 (0x00002c17) x24 0x0000000080006008
core   0: 0x000000008000400c (0x052c0c13) addi    s8, s8, 82
core   0: 3 0x000000008000400c (0x052c0c13) x24 0x000000008000605a
core   0: 0x0000000080004010 (0x000c00e7) jalr    s8
core   0: 3 0x0000000080004010 (0x000c00e7) x1  0x0000000080004014
core   0: >>>>  any_handler
core   0: 0x000000008000605a (0x341027f3) csrrs   a5, mepc, zero
core   0: 3 0x000000008000605a (0x341027f3) x15 0x0000000080005096
core   0: 0x000000008000605e (0x34202773) csrrs   a4, mcause, zero
core   0: 3 0x000000008000605e (0x34202773) x14 0x0000000000000002
core   0: 0x0000000080006062 (0x142026f3) csrrs   a3, scause, zero
core   0: 3 0x0000000080006062 (0x142026f3) x13 0x0000000000000000
core   0: 0x0000000080006066 (0x30402673) csrrs   a2, mie, zero
core   0: 3 0x0000000080006066 (0x30402673) x12 0x0000000000000a00
core   0: 0x000000008000606a (0x344025f3) csrrs   a1, mip, zero
core   0: 3 0x000000008000606a (0x344025f3) x11 0x0000000000000080
core   0: 0x000000008000606e (0x343025f3) csrrs   a1, mtval, zero
core   0: 3 0x000000008000606e (0x343025f3) x11 0x00000000f13b2af3
core   0: 0x0000000080006072 (0x14302573) csrrs   a0, stval, zero
core   0: 3 0x0000000080006072 (0x14302573) x10 0x0000000000000000
core   0: 0x0000000080006076 (0xb02024f3) csrrs   s1, minstret, zero
core   0: 3 0x0000000080006076 (0xb02024f3) x9  0x0000000000000d62
core   0: 0x000000008000607a (0x0000a811) c.j     pc + 20
core   0: 3 0x000000008000607a (0xa811)
core   0: >>>>  mepc_4
core   0: 0x000000008000608e (0x00000791) c.addi  a5, 4
core   0: 3 0x000000008000608e (0x0791) x15 0x000000008000509a
core   0: 0x0000000080006090 (0x34179073) csrrw   zero, mepc, a5
core   0: 3 0x0000000080006090 (0x34179073) c833_mepc 0x000000008000509a
core   0: 0x0000000080006094 (0x30200073) mret
core   0: 3 0x0000000080006094 (0x30200073) c768_mstatus 0x8000000a00106080
core   0: 0x000000008000509a (0x0015129b) slliw   t0, a0, 1
core   0: 1 0x000000008000509a (0x0015129b) x5  0x0000000000000000
core   0: 0x000000008000509e (0xd21a8753) fcvt.d.wu fa4, s5
core   0: 1 0x000000008000509e (0xd21a8753) f14 0x0000000000000000
core   0: 0x00000000800050a2 (0x0002951b) slliw   a0, t0, 0
core   0: 1 0x00000000800050a2 (0x0002951b) x10 0x0000000000000000
core   0: 0x00000000800050a6 (0xf20208d3) fmv.d.x fa7, tp
core   0: 1 0x00000000800050a6 (0xf20208d3) f17 0x0000000000000000
core   0: 0x00000000800050aa (0x0080d0b3) srl     ra, ra, s0
core   0: 1 0x00000000800050aa (0x0080d0b3) x1  0x0000000080004014
core   0: 0x00000000800050ae (0xb34b7a4f) fnmadd.d fs4, fs6, fs4, fs6
core   0: 1 0x00000000800050ae (0xb34b7a4f) c1_fflags 0x0000000000000019 f20 0xc4a8b5ffffffffff
core   0: 0x00000000800050b2 (0x9ac45497) auipc   s1, 0x9ac45
core   0: 1 0x00000000800050b2 (0x9ac45497) x9  0x000000001ac4a0b2
core   0: 0x00000000800050b6 (0xc233f153) fcvt.lu.d sp, ft7
core   0: 1 0x00000000800050b6 (0xc233f153) x2  0x00000000ffffffff
core   0: 0x00000000800050ba (0x0288cbb3) div     s7, a7, s0
core   0: 1 0x00000000800050ba (0x0288cbb3) x23 0xffffffffffffffff
core   0: 0x00000000800050be (0xa3470253) fle.d   tp, fa4, fs4
core   0: 1 0x00000000800050be (0xa3470253) x4  0x0000000000000000
core   0: 0x00000000800050c2 (0x00102ef3) csrrs   t4, fflags, zero
core   0: 1 0x00000000800050c2 (0x00102ef3) x29 0x0000000000000019
core   0: 0x00000000800050c6 (0xfffdc413) not     s0, s11
core   0: 1 0x00000000800050c6 (0xfffdc413) x8  0xffffffffffffffff
core   0: 0x00000000800050ca (0x419806b3) sub     a3, a6, s9
core   0: 1 0x00000000800050ca (0x419806b3) x13 0x0000000c5187e697
core   0: 0x00000000800050ce (0x00189073) csrrw   zero, fflags, a7
core   0: 1 0x00000000800050ce (0x00189073) c1_fflags 0x0000000000000000
core   0: 0x00000000800050d2 (0x0228b8b3) mulhu   a7, a7, sp
core   0: 1 0x00000000800050d2 (0x0228b8b3) x17 0x0000000000000000
core   0: 0x00000000800050d6 (0x34259373) csrrw   t1, mcause, a1
core   0: exception trap_illegal_instruction, epc 0x00000000800050d6
core   0:           tval 0x0000000034259373
core   0: >>>>  $xrv64i2p1_m2p0_a2p1_f2p2_d2p2_zicsr2p0_zifencei2p0_zmmul1p0_zba1p0_zbb1p0_zbc1p0_zbs1p0
core   0: 0x0000000080004000 (0x0080006f) j       pc + 0x8
core   0: 3 0x0000000080004000 (0x0080006f)
core   0: >>>>  mmode_exception_handler
core   0: 0x0000000080004008 (0x00002c17) auipc   s8, 0x2
core   0: 3 0x0000000080004008 (0x00002c17) x24 0x0000000080006008
core   0: 0x000000008000400c (0x052c0c13) addi    s8, s8, 82
core   0: 3 0x000000008000400c (0x052c0c13) x24 0x000000008000605a
core   0: 0x0000000080004010 (0x000c00e7) jalr    s8
core   0: 3 0x0000000080004010 (0x000c00e7) x1  0x0000000080004014
core   0: >>>>  any_handler
core   0: 0x000000008000605a (0x341027f3) csrrs   a5, mepc, zero
core   0: 3 0x000000008000605a (0x341027f3) x15 0x00000000800050d6
core   0: 0x000000008000605e (0x34202773) csrrs   a4, mcause, zero
core   0: 3 0x000000008000605e (0x34202773) x14 0x0000000000000002
core   0: 0x0000000080006062 (0x142026f3) csrrs   a3, scause, zero
core   0: 3 0x0000000080006062 (0x142026f3) x13 0x0000000000000000
core   0: 0x0000000080006066 (0x30402673) csrrs   a2, mie, zero
core   0: 3 0x0000000080006066 (0x30402673) x12 0x0000000000000a00
core   0: 0x000000008000606a (0x344025f3) csrrs   a1, mip, zero
core   0: 3 0x000000008000606a (0x344025f3) x11 0x0000000000000080
core   0: 0x000000008000606e (0x343025f3) csrrs   a1, mtval, zero
core   0: 3 0x000000008000606e (0x343025f3) x11 0x0000000034259373
core   0: 0x0000000080006072 (0x14302573) csrrs   a0, stval, zero
core   0: 3 0x0000000080006072 (0x14302573) x10 0x0000000000000000
core   0: 0x0000000080006076 (0xb02024f3) csrrs   s1, minstret, zero
core   0: 3 0x0000000080006076 (0xb02024f3) x9  0x0000000000000d81
core   0: 0x000000008000607a (0x0000a811) c.j     pc + 20
core   0: 3 0x000000008000607a (0xa811)
core   0: >>>>  mepc_4
core   0: 0x000000008000608e (0x00000791) c.addi  a5, 4
core   0: 3 0x000000008000608e (0x0791) x15 0x00000000800050da
core   0: 0x0000000080006090 (0x34179073) csrrw   zero, mepc, a5
core   0: 3 0x0000000080006090 (0x34179073) c833_mepc 0x00000000800050da
core   0: 0x0000000080006094 (0x30200073) mret
core   0: 3 0x0000000080006094 (0x30200073) c768_mstatus 0x8000000a00106080
core   0: 0x00000000800050da (0x00000001) c.nop
core   0: 1 0x00000000800050da (0x0001)
core   0: 0x00000000800050dc (0x5c479117) auipc   sp, 0x5c479
core   0: 1 0x00000000800050dc (0x5c479117) x2  0x00000000dc47e0dc
core   0: 0x00000000800050e0 (0x00037513) andi    a0, t1, 0
core   0: 1 0x00000000800050e0 (0x00037513) x10 0x0000000000000000
core   0: 0x00000000800050e4 (0x001020f3) csrrs   ra, fflags, zero
core   0: 1 0x00000000800050e4 (0x001020f3) x1  0x0000000000000000
core   0: 0x00000000800050e8 (0x310bac73) csrrs   s8, mstatush, s7
core   0: exception trap_illegal_instruction, epc 0x00000000800050e8
core   0:           tval 0x00000000310bac73
core   0: >>>>  $xrv64i2p1_m2p0_a2p1_f2p2_d2p2_zicsr2p0_zifencei2p0_zmmul1p0_zba1p0_zbb1p0_zbc1p0_zbs1p0
core   0: 0x0000000080004000 (0x0080006f) j       pc + 0x8
core   0: 3 0x0000000080004000 (0x0080006f)
core   0: >>>>  mmode_exception_handler
core   0: 0x0000000080004008 (0x00002c17) auipc   s8, 0x2
core   0: 3 0x0000000080004008 (0x00002c17) x24 0x0000000080006008
core   0: 0x000000008000400c (0x052c0c13) addi    s8, s8, 82
core   0: 3 0x000000008000400c (0x052c0c13) x24 0x000000008000605a
core   0: 0x0000000080004010 (0x000c00e7) jalr    s8
core   0: 3 0x0000000080004010 (0x000c00e7) x1  0x0000000080004014
core   0: >>>>  any_handler
core   0: 0x000000008000605a (0x341027f3) csrrs   a5, mepc, zero
core   0: 3 0x000000008000605a (0x341027f3) x15 0x00000000800050e8
core   0: 0x000000008000605e (0x34202773) csrrs   a4, mcause, zero
core   0: 3 0x000000008000605e (0x34202773) x14 0x0000000000000002
core   0: 0x0000000080006062 (0x142026f3) csrrs   a3, scause, zero
core   0: 3 0x0000000080006062 (0x142026f3) x13 0x0000000000000000
core   0: 0x0000000080006066 (0x30402673) csrrs   a2, mie, zero
core   0: 3 0x0000000080006066 (0x30402673) x12 0x0000000000000a00
core   0: 0x000000008000606a (0x344025f3) csrrs   a1, mip, zero
core   0: 3 0x000000008000606a (0x344025f3) x11 0x0000000000000080
core   0: 0x000000008000606e (0x343025f3) csrrs   a1, mtval, zero
core   0: 3 0x000000008000606e (0x343025f3) x11 0x00000000310bac73
core   0: 0x0000000080006072 (0x14302573) csrrs   a0, stval, zero
core   0: 3 0x0000000080006072 (0x14302573) x10 0x0000000000000000
core   0: 0x0000000080006076 (0xb02024f3) csrrs   s1, minstret, zero
core   0: 3 0x0000000080006076 (0xb02024f3) x9  0x0000000000000d95
core   0: 0x000000008000607a (0x0000a811) c.j     pc + 20
core   0: 3 0x000000008000607a (0xa811)
core   0: >>>>  mepc_4
core   0: 0x000000008000608e (0x00000791) c.addi  a5, 4
core   0: 3 0x000000008000608e (0x0791) x15 0x00000000800050ec
core   0: 0x0000000080006090 (0x34179073) csrrw   zero, mepc, a5
core   0: 3 0x0000000080006090 (0x34179073) c833_mepc 0x00000000800050ec
core   0: 0x0000000080006094 (0x30200073) mret
core   0: 3 0x0000000080006094 (0x30200073) c768_mstatus 0x8000000a00106080
core   0: 0x00000000800050ec (0x0072f4b3) and     s1, t0, t2
core   0: 1 0x00000000800050ec (0x0072f4b3) x9  0x0000000000000000
core   0: 0x00000000800050f0 (0x22882953) fsgnjx.d fs2, fa6, fs0
core   0: 1 0x00000000800050f0 (0x22882953) f18 0x7ff8000000000000
core   0: 0x00000000800050f4 (0x7337ea97) auipc   s5, 0x7337e
core   0: 1 0x00000000800050f4 (0x7337ea97) x21 0x00000000f33830f4
core   0: 0x00000000800050f8 (0x0108d993) srli    s3, a7, 16
core   0: 1 0x00000000800050f8 (0x0108d993) x19 0x0000000000000000
core   0: 0x00000000800050fc (0xc212fad3) fcvt.wu.d s5, ft5
core   0: 1 0x00000000800050fc (0xc212fad3) x21 0x0000000000000000
core   0: 0x0000000080005100 (0x014c559b) srliw   a1, s8, 20
core   0: 1 0x0000000080005100 (0x014c559b) x11 0x0000000000000800
core   0: 0x0000000080005104 (0xc219fe53) fcvt.wu.d t3, fs3
core   0: 1 0x0000000080005104 (0xc219fe53) c1_fflags 0x0000000000000010 x28 0xffffffffffffffff
core   0: 0x0000000080005108 (0x2a91f34f) fnmadd.d ft6, ft3, fs1, ft5
core   0: 1 0x0000000080005108 (0x2a91f34f) f6  0x7ff8000000000000
core   0: 0x000000008000510c (0x3413ec93) ori     s9, t2, 833
core   0: 1 0x000000008000510c (0x3413ec93) x25 0x0000000000000341
core   0: 0x0000000080005110 (0xc22873d3) fcvt.l.d t2, fa6
core   0: 1 0x0000000080005110 (0xc22873d3) c1_fflags 0x0000000000000010 x7  0x7fffffffffffffff
core   0: 0x0000000080005114 (0x01748733) add     a4, s1, s7
core   0: 1 0x0000000080005114 (0x01748733) x14 0xffffffffffffffff
core   0: 0x0000000080005118 (0x4011fa53) fcvt.s.d fs4, ft3
core   0: 1 0x0000000080005118 (0x4011fa53) f20 0xffffffff7fc00000
core   0: 0x000000008000511c (0xf2040853) fmv.d.x fa6, s0
core   0: 1 0x000000008000511c (0xf2040853) f16 0xffffffffffffffff
core   0: 0x0000000080005120 (0x5a027153) fsqrt.d ft2, ft4
core   0: 1 0x0000000080005120 (0x5a027153) f2  0x7ff8000000000000
core   0: 0x0000000080005124 (0x2ae89ad3) fmax.d  fs5, fa7, fa4
core   0: 1 0x0000000080005124 (0x2ae89ad3) f21 0x0000000000000000
core   0: 0x0000000080005128 (0x001b1873) csrrw   a6, fflags, s6
core   0: 1 0x0000000080005128 (0x001b1873) x16 0x0000000000000010 c1_fflags 0x0000000000000004
core   0: 0x000000008000512c (0x2ad11653) fmax.d  fa2, ft2, fa3
core   0: 1 0x000000008000512c (0x2ad11653) f12 0x41c6f97ed1800000
core   0: 0x0000000080005130 (0xc22afbd3) fcvt.l.d s7, fs5
core   0: 1 0x0000000080005130 (0xc22afbd3) x23 0x0000000000000000
core   0: 0x0000000080005134 (0x2d92b397) auipc   t2, 0x2d92b
core   0: 1 0x0000000080005134 (0x2d92b397) x7  0x00000000ad930134
core   0: 0x0000000080005138 (0x407d04b3) sub     s1, s10, t2
core   0: 1 0x0000000080005138 (0x407d04b3) x9  0xffffffff2ef60ecb
core   0: 0x000000008000513c (0x229cacd3) fsgnjx.d fs9, fs9, fs1
core   0: 1 0x000000008000513c (0x229cacd3) f25 0x7ff8000000000000
core   0: 0x0000000080005140 (0x417e5533) sra     a0, t3, s7
core   0: 1 0x0000000080005140 (0x417e5533) x10 0xffffffffffffffff
core   0: 0x0000000080005144 (0x41fd509b) sraiw   ra, s10, 31
core   0: 1 0x0000000080005144 (0x41fd509b) x1  0xffffffffffffffff
core   0: 0x0000000080005148 (0x01a57ab3) and     s5, a0, s10
core   0: 1 0x0000000080005148 (0x01a57ab3) x21 0xffffffffdc890fff
core   0: 0x000000008000514c (0x030ae33b) remw    t1, s5, a6
core   0: 1 0x000000008000514c (0x030ae33b) x6  0xffffffffffffffff
core   0: 0x0000000080005150 (0x0004e393) ori     t2, s1, 0
core   0: 1 0x0000000080005150 (0x0004e393) x7  0xffffffff2ef60ecb
core   0: 0x0000000080005154 (0x121770d3) fmul.d  ft1, fa4, ft1
core   0: 1 0x0000000080005154 (0x121770d3) f1  0x7ff8000000000000
core   0: 0x0000000080005158 (0x42068c53) fcvt.d.s fs8, fa3
core   0: 1 0x0000000080005158 (0x42068c53) f24 0x7ff8000000000000
core   0: 0x000000008000515c (0x1ede4d93) xori    s11, t3, 493
core   0: 1 0x000000008000515c (0x1ede4d93) x27 0xfffffffffffffe12
core   0: 0x0000000080005160 (0x0320f1b3) remu    gp, ra, s2
core   0: 1 0x0000000080005160 (0x0320f1b3) x3  0x000000000000002e
core   0: 0x0000000080005164 (0x00202e73) csrrs   t3, frm, zero
core   0: 1 0x0000000080005164 (0x00202e73) x28 0x0000000000000004
core   0: 0x0000000080005168 (0x41ced533) sra     a0, t4, t3
core   0: 1 0x0000000080005168 (0x41ced533) x10 0x0000000000000001
core   0: 0x000000008000516c (0xc0277053) fcvt.l.s zero, fa4
core   0: 1 0x000000008000516c (0xc0277053) c1_fflags 0x0000000000000014
core   0: 0x0000000080005170 (0x40505633) sra     a2, zero, t0
core   0: 1 0x0000000080005170 (0x40505633) x12 0x0000000000000000
core   0: 0x0000000080005174 (0x000c1eb3) sll     t4, s8, zero
core   0: 1 0x0000000080005174 (0x000c1eb3) x29 0x000000008000605a
core   0: 0x0000000080005178 (0x7ffc0e13) addi    t3, s8, 2047
core   0: 1 0x0000000080005178 (0x7ffc0e13) x28 0x0000000080006859
core   0: 0x000000008000517c (0x9b37734f) fnmadd.d ft6, fa4, fs3, fs3
core   0: 1 0x000000008000517c (0x9b37734f) f6  0x7ff8000000000000
core   0: 0x0000000080005180 (0x00f385bb) addw    a1, t2, a5
core   0: 1 0x0000000080005180 (0x00f385bb) x11 0xffffffffaef65fb7
core   0: 0x0000000080005184 (0x40b30133) sub     sp, t1, a1
core   0: 1 0x0000000080005184 (0x40b30133) x2  0x000000005109a048
core   0: 0x0000000080005188 (0xc02fe473) csrrsi  s0, instret, 31
core   0: exception trap_illegal_instruction, epc 0x0000000080005188
core   0:           tval 0x00000000c02fe473
core   0: >>>>  $xrv64i2p1_m2p0_a2p1_f2p2_d2p2_zicsr2p0_zifencei2p0_zmmul1p0_zba1p0_zbb1p0_zbc1p0_zbs1p0
core   0: 0x0000000080004000 (0x0080006f) j       pc + 0x8
core   0: 3 0x0000000080004000 (0x0080006f)
core   0: >>>>  mmode_exception_handler
core   0: 0x0000000080004008 (0x00002c17) auipc   s8, 0x2
core   0: 3 0x0000000080004008 (0x00002c17) x24 0x0000000080006008
core   0: 0x000000008000400c (0x052c0c13) addi    s8, s8, 82
core   0: 3 0x000000008000400c (0x052c0c13) x24 0x000000008000605a
core   0: 0x0000000080004010 (0x000c00e7) jalr    s8
core   0: 3 0x0000000080004010 (0x000c00e7) x1  0x0000000080004014
core   0: >>>>  any_handler
core   0: 0x000000008000605a (0x341027f3) csrrs   a5, mepc, zero
core   0: 3 0x000000008000605a (0x341027f3) x15 0x0000000080005188
core   0: 0x000000008000605e (0x34202773) csrrs   a4, mcause, zero
core   0: 3 0x000000008000605e (0x34202773) x14 0x0000000000000002
core   0: 0x0000000080006062 (0x142026f3) csrrs   a3, scause, zero
core   0: 3 0x0000000080006062 (0x142026f3) x13 0x0000000000000000
core   0: 0x0000000080006066 (0x30402673) csrrs   a2, mie, zero
core   0: 3 0x0000000080006066 (0x30402673) x12 0x0000000000000a00
core   0: 0x000000008000606a (0x344025f3) csrrs   a1, mip, zero
core   0: 3 0x000000008000606a (0x344025f3) x11 0x0000000000000080
core   0: 0x000000008000606e (0x343025f3) csrrs   a1, mtval, zero
core   0: 3 0x000000008000606e (0x343025f3) x11 0x00000000c02fe473
core   0: 0x0000000080006072 (0x14302573) csrrs   a0, stval, zero
core   0: 3 0x0000000080006072 (0x14302573) x10 0x0000000000000000
core   0: 0x0000000080006076 (0xb02024f3) csrrs   s1, minstret, zero
core   0: 3 0x0000000080006076 (0xb02024f3) x9  0x0000000000000dcc
core   0: 0x000000008000607a (0x0000a811) c.j     pc + 20
core   0: 3 0x000000008000607a (0xa811)
core   0: >>>>  mepc_4
core   0: 0x000000008000608e (0x00000791) c.addi  a5, 4
core   0: 3 0x000000008000608e (0x0791) x15 0x000000008000518c
core   0: 0x0000000080006090 (0x34179073) csrrw   zero, mepc, a5
core   0: 3 0x0000000080006090 (0x34179073) c833_mepc 0x000000008000518c
core   0: 0x0000000080006094 (0x30200073) mret
core   0: 3 0x0000000080006094 (0x30200073) c768_mstatus 0x8000000a00106080
core   0: 0x000000008000518c (0xd21886d3) fcvt.d.wu fa3, a7
core   0: 1 0x000000008000518c (0xd21886d3) f13 0x0000000000000000
core   0: 0x0000000080005190 (0x01b35213) srli    tp, t1, 27
core   0: 1 0x0000000080005190 (0x01b35213) x4  0x0000001fffffffff
core   0: 0x0000000080005194 (0x000e1013) slli    zero, t3, 0
core   0: 1 0x0000000080005194 (0x000e1013)
core   0: 0x0000000080005198 (0x5a077b53) fsqrt.d fs6, fa4
core   0: 1 0x0000000080005198 (0x5a077b53) f22 0x0000000000000000
core   0: 0x000000008000519c (0x00025db3) srl     s11, tp, zero
core   0: 1 0x000000008000519c (0x00025db3) x27 0x0000001fffffffff
core   0: 0x00000000800051a0 (0x0280563b) divuw   a2, zero, s0
core   0: 1 0x00000000800051a0 (0x0280563b) x12 0x0000000000000000
core   0: 0x00000000800051a4 (0xc2017553) fcvt.w.d a0, ft2
core   0: 1 0x00000000800051a4 (0xc2017553) c1_fflags 0x0000000000000014 x10 0x000000007fffffff
core   0: 0x00000000800051a8 (0x02203133) mulhu   sp, zero, sp
core   0: 1 0x00000000800051a8 (0x02203133) x2  0x0000000000000000
core   0: 0x00000000800051ac (0x00169473) csrrw   s0, fflags, a3
core   0: 1 0x00000000800051ac (0x00169473) x8  0x0000000000000014 c1_fflags 0x0000000000000000
core   0: 0x00000000800051b0 (0x0016ce13) xori    t3, a3, 1
core   0: 1 0x00000000800051b0 (0x0016ce13) x28 0x0000000000000001
core   0: 0x00000000800051b4 (0xf113aef3) csrrs   t4, mvendorid, t2
core   0: exception trap_illegal_instruction, epc 0x00000000800051b4
core   0:           tval 0x00000000f113aef3
core   0: >>>>  $xrv64i2p1_m2p0_a2p1_f2p2_d2p2_zicsr2p0_zifencei2p0_zmmul1p0_zba1p0_zbb1p0_zbc1p0_zbs1p0
core   0: 0x0000000080004000 (0x0080006f) j       pc + 0x8
core   0: 3 0x0000000080004000 (0x0080006f)
core   0: >>>>  mmode_exception_handler
core   0: 0x0000000080004008 (0x00002c17) auipc   s8, 0x2
core   0: 3 0x0000000080004008 (0x00002c17) x24 0x0000000080006008
core   0: 0x000000008000400c (0x052c0c13) addi    s8, s8, 82
core   0: 3 0x000000008000400c (0x052c0c13) x24 0x000000008000605a
core   0: 0x0000000080004010 (0x000c00e7) jalr    s8
core   0: 3 0x0000000080004010 (0x000c00e7) x1  0x0000000080004014
core   0: >>>>  any_handler
core   0: 0x000000008000605a (0x341027f3) csrrs   a5, mepc, zero
core   0: 3 0x000000008000605a (0x341027f3) x15 0x00000000800051b4
core   0: 0x000000008000605e (0x34202773) csrrs   a4, mcause, zero
core   0: 3 0x000000008000605e (0x34202773) x14 0x0000000000000002
core   0: 0x0000000080006062 (0x142026f3) csrrs   a3, scause, zero
core   0: 3 0x0000000080006062 (0x142026f3) x13 0x0000000000000000
core   0: 0x0000000080006066 (0x30402673) csrrs   a2, mie, zero
core   0: 3 0x0000000080006066 (0x30402673) x12 0x0000000000000a00
core   0: 0x000000008000606a (0x344025f3) csrrs   a1, mip, zero
core   0: 3 0x000000008000606a (0x344025f3) x11 0x0000000000000080
core   0: 0x000000008000606e (0x343025f3) csrrs   a1, mtval, zero
core   0: 3 0x000000008000606e (0x343025f3) x11 0x00000000f113aef3
core   0: 0x0000000080006072 (0x14302573) csrrs   a0, stval, zero
core   0: 3 0x0000000080006072 (0x14302573) x10 0x0000000000000000
core   0: 0x0000000080006076 (0xb02024f3) csrrs   s1, minstret, zero
core   0: 3 0x0000000080006076 (0xb02024f3) x9  0x0000000000000de6
core   0: 0x000000008000607a (0x0000a811) c.j     pc + 20
core   0: 3 0x000000008000607a (0xa811)
core   0: >>>>  mepc_4
core   0: 0x000000008000608e (0x00000791) c.addi  a5, 4
core   0: 3 0x000000008000608e (0x0791) x15 0x00000000800051b8
core   0: 0x0000000080006090 (0x34179073) csrrw   zero, mepc, a5
core   0: 3 0x0000000080006090 (0x34179073) c833_mepc 0x00000000800051b8
core   0: 0x0000000080006094 (0x30200073) mret
core   0: 3 0x0000000080006094 (0x30200073) c768_mstatus 0x8000000a00106080
core   0: 0x00000000800051b8 (0xc20776d3) fcvt.w.d a3, fa4
core   0: 1 0x00000000800051b8 (0xc20776d3) x13 0x0000000000000000
core   0: 0x00000000800051bc (0x6b6affcb) fnmsub.d ft11, fs5, fs6, fa3
core   0: 1 0x00000000800051bc (0x6b6affcb) f31 0x0000000000000000
core   0: 0x00000000800051c0 (0x1bf3f3d3) fdiv.d  ft7, ft7, ft11
core   0: 1 0x00000000800051c0 (0x1bf3f3d3) c1_fflags 0x0000000000000008 f7  0x7ff0000000000000
core   0: 0x00000000800051c4 (0xf20e8b53) fmv.d.x fs6, t4
core   0: 1 0x00000000800051c4 (0xf20e8b53) f22 0x000000008000605a
core   0: 0x00000000800051c8 (0xef7e8413) addi    s0, t4, -265
core   0: 1 0x00000000800051c8 (0xef7e8413) x8  0x0000000080005f51
core   0: 0x00000000800051cc (0xd0247f53) fcvt.s.l ft10, s0
core   0: 1 0x00000000800051cc (0xd0247f53) c1_fflags 0x0000000000000009 f30 0xffffffff4f00005f
core   0: 0x00000000800051d0 (0xd226fc53) fcvt.d.l fs8, a3
core   0: 1 0x00000000800051d0 (0xd226fc53) f24 0x0000000000000000
core   0: 0x00000000800051d4 (0x0271c13b) divw    sp, gp, t2
core   0: 1 0x00000000800051d4 (0x0271c13b) x2  0x0000000000000000
core   0: 0x00000000800051d8 (0x4026d23b) sraw    tp, a3, sp
core   0: 1 0x00000000800051d8 (0x4026d23b) x4  0x0000000000000000
core   0: 0x00000000800051dc (0xc022fad3) fcvt.l.s s5, ft5
core   0: 1 0x00000000800051dc (0xc022fad3) c1_fflags 0x0000000000000019 x21 0x7fffffffffffffff
core   0: 0x00000000800051e0 (0xc21b7cd3) fcvt.wu.d s9, fs6
core   0: 1 0x00000000800051e0 (0xc21b7cd3) c1_fflags 0x0000000000000019 x25 0x0000000000000000
core   0: 0x00000000800051e4 (0x007cddb3) srl     s11, s9, t2
core   0: 1 0x00000000800051e4 (0x007cddb3) x27 0x0000000000000000
core   0: 0x00000000800051e8 (0x4011d51b) sraiw   a0, gp, 1
core   0: 1 0x00000000800051e8 (0x4011d51b) x10 0x0000000000000017
core   0: 0x00000000800051ec (0xf0594a13) xori    s4, s2, -251
core   0: 1 0x00000000800051ec (0xf0594a13) x20 0x00000000000000d4
core   0: 0x00000000800051f0 (0xc22b7353) fcvt.l.d t1, fs6
core   0: 1 0x00000000800051f0 (0xc22b7353) c1_fflags 0x0000000000000019 x6  0x0000000000000000
core   0: 0x00000000800051f4 (0x40a2d53b) sraw    a0, t0, a0
core   0: 1 0x00000000800051f4 (0x40a2d53b) x10 0x0000000000000000
core   0: 0x00000000800051f8 (0x007b93bb) sllw    t2, s7, t2
core   0: 1 0x00000000800051f8 (0x007b93bb) x7  0x0000000000000000
core   0: 0x00000000800051fc (0x00131c93) slli    s9, t1, 1
core   0: 1 0x00000000800051fc (0x00131c93) x25 0x0000000000000000
core   0: 0x0000000080005200 (0xf1419973) csrrw   s2, mhartid, gp
core   0: exception trap_illegal_instruction, epc 0x0000000080005200
core   0:           tval 0x00000000f1419973
core   0: >>>>  $xrv64i2p1_m2p0_a2p1_f2p2_d2p2_zicsr2p0_zifencei2p0_zmmul1p0_zba1p0_zbb1p0_zbc1p0_zbs1p0
core   0: 0x0000000080004000 (0x0080006f) j       pc + 0x8
core   0: 3 0x0000000080004000 (0x0080006f)
core   0: >>>>  mmode_exception_handler
core   0: 0x0000000080004008 (0x00002c17) auipc   s8, 0x2
core   0: 3 0x0000000080004008 (0x00002c17) x24 0x0000000080006008
core   0: 0x000000008000400c (0x052c0c13) addi    s8, s8, 82
core   0: 3 0x000000008000400c (0x052c0c13) x24 0x000000008000605a
core   0: 0x0000000080004010 (0x000c00e7) jalr    s8
core   0: 3 0x0000000080004010 (0x000c00e7) x1  0x0000000080004014
core   0: >>>>  any_handler
core   0: 0x000000008000605a (0x341027f3) csrrs   a5, mepc, zero
core   0: 3 0x000000008000605a (0x341027f3) x15 0x0000000080005200
core   0: 0x000000008000605e (0x34202773) csrrs   a4, mcause, zero
core   0: 3 0x000000008000605e (0x34202773) x14 0x0000000000000002
core   0: 0x0000000080006062 (0x142026f3) csrrs   a3, scause, zero
core   0: 3 0x0000000080006062 (0x142026f3) x13 0x0000000000000000
core   0: 0x0000000080006066 (0x30402673) csrrs   a2, mie, zero
core   0: 3 0x0000000080006066 (0x30402673) x12 0x0000000000000a00
core   0: 0x000000008000606a (0x344025f3) csrrs   a1, mip, zero
core   0: 3 0x000000008000606a (0x344025f3) x11 0x0000000000000080
core   0: 0x000000008000606e (0x343025f3) csrrs   a1, mtval, zero
core   0: 3 0x000000008000606e (0x343025f3) x11 0x00000000f1419973
core   0: 0x0000000080006072 (0x14302573) csrrs   a0, stval, zero
core   0: 3 0x0000000080006072 (0x14302573) x10 0x0000000000000000
core   0: 0x0000000080006076 (0xb02024f3) csrrs   s1, minstret, zero
core   0: 3 0x0000000080006076 (0xb02024f3) x9  0x0000000000000e08
core   0: 0x000000008000607a (0x0000a811) c.j     pc + 20
core   0: 3 0x000000008000607a (0xa811)
core   0: >>>>  mepc_4
core   0: 0x000000008000608e (0x00000791) c.addi  a5, 4
core   0: 3 0x000000008000608e (0x0791) x15 0x0000000080005204
core   0: 0x0000000080006090 (0x34179073) csrrw   zero, mepc, a5
core   0: 3 0x0000000080006090 (0x34179073) c833_mepc 0x0000000080005204
core   0: 0x0000000080006094 (0x30200073) mret
core   0: 3 0x0000000080006094 (0x30200073) c768_mstatus 0x8000000a00106080
core   0: 0x0000000080005204 (0x4171d6bb) sraw    a3, gp, s7
core   0: 1 0x0000000080005204 (0x4171d6bb) x13 0x000000000000002e
core   0: 0x0000000080005208 (0x000094fd) c.srai  s1, 63
core   0: 1 0x0000000080005208 (0x94fd) x9  0x0000000000000000
core   0: 0x000000008000520a (0x3af6ee13) ori     t3, a3, 943
core   0: 1 0x000000008000520a (0x3af6ee13) x28 0x00000000000003af
core   0: 0x000000008000520e (0xc22f7e53) fcvt.l.d t3, ft10
core   0: 1 0x000000008000520e (0xc22f7e53) c1_fflags 0x0000000000000019 x28 0x7fffffffffffffff
core   0: 0x0000000080005212 (0x41c451b3) sra     gp, s0, t3
core   0: 1 0x0000000080005212 (0x41c451b3) x3  0x0000000000000000
core   0: 0x0000000080005216 (0x800e0293) addi    t0, t3, -2048
core   0: 1 0x0000000080005216 (0x800e0293) x5  0x7ffffffffffff7ff
core   0: 0x000000008000521a (0x0142da3b) srlw    s4, t0, s4
core   0: 1 0x000000008000521a (0x0142da3b) x20 0x0000000000000fff
core   0: 0x000000008000521e (0xd227ffd3) fcvt.d.l ft11, a5
core   0: 1 0x000000008000521e (0xd227ffd3) f31 0x41e0000a40800000
core   0: 0x0000000080005222 (0x0252b3b3) mulhu   t2, t0, t0
core   0: 1 0x0000000080005222 (0x0252b3b3) x7  0x3ffffffffffff7ff
core   0: 0x0000000080005226 (0xd0327a53) fcvt.s.lu fs4, tp
core   0: 1 0x0000000080005226 (0xd0327a53) f20 0xffffffff00000000
core   0: 0x000000008000522a (0x4166d71b) sraiw   a4, a3, 22
core   0: 1 0x000000008000522a (0x4166d71b) x14 0x0000000000000000
core   0: 0x000000008000522e (0x12b3fc53) fmul.d  fs8, ft7, fa1
core   0: 1 0x000000008000522e (0x12b3fc53) c1_fflags 0x0000000000000019 f24 0x7ff8000000000000
core   0: 0x0000000080005232 (0x2b848bd3) fmin.d  fs7, fs1, fs8
core   0: 1 0x0000000080005232 (0x2b848bd3) f23 0x7ff8000000000000
core   0: 0x0000000080005236 (0xd2170053) fcvt.d.wu ft0, a4
core   0: 1 0x0000000080005236 (0xd2170053) f0  0x0000000000000000
core   0: 0x000000008000523a (0x033779bb) remuw   s3, a4, s3
core   0: 1 0x000000008000523a (0x033779bb) x19 0x0000000000000000
core   0: 0x000000008000523e (0x01cc7e33) and     t3, s8, t3
core   0: 1 0x000000008000523e (0x01cc7e33) x28 0x000000008000605a
core   0: 0x0000000080005242 (0x039c25b3) mulhsu  a1, s8, s9
core   0: 1 0x0000000080005242 (0x039c25b3) x11 0x0000000000000000
core   0: 0x0000000080005246 (0x00138a9b) addiw   s5, t2, 1
core   0: 1 0x0000000080005246 (0x00138a9b) x21 0xfffffffffffff800
core   0: 0x000000008000524a (0xfffa8e9b) addiw   t4, s5, -1
core   0: 1 0x000000008000524a (0xfffa8e9b) x29 0xfffffffffffff7ff
core   0: 0x000000008000524e (0xd0347fd3) fcvt.s.lu ft11, s0
core   0: 1 0x000000008000524e (0xd0347fd3) c1_fflags 0x0000000000000019 f31 0xffffffff4f00005f
core   0: 0x0000000080005252 (0x00102773) csrrs   a4, fflags, zero
core   0: 1 0x0000000080005252 (0x00102773) x14 0x0000000000000019
core   0: 0x0000000080005256 (0x320461f3) csrrsi  gp, mcountinhibit, 8
core   0: exception trap_illegal_instruction, epc 0x0000000080005256
core   0:           tval 0x00000000320461f3
core   0: >>>>  $xrv64i2p1_m2p0_a2p1_f2p2_d2p2_zicsr2p0_zifencei2p0_zmmul1p0_zba1p0_zbb1p0_zbc1p0_zbs1p0
core   0: 0x0000000080004000 (0x0080006f) j       pc + 0x8
core   0: 3 0x0000000080004000 (0x0080006f)
core   0: >>>>  mmode_exception_handler
core   0: 0x0000000080004008 (0x00002c17) auipc   s8, 0x2
core   0: 3 0x0000000080004008 (0x00002c17) x24 0x0000000080006008
core   0: 0x000000008000400c (0x052c0c13) addi    s8, s8, 82
core   0: 3 0x000000008000400c (0x052c0c13) x24 0x000000008000605a
core   0: 0x0000000080004010 (0x000c00e7) jalr    s8
core   0: 3 0x0000000080004010 (0x000c00e7) x1  0x0000000080004014
core   0: >>>>  any_handler
core   0: 0x000000008000605a (0x341027f3) csrrs   a5, mepc, zero
core   0: 3 0x000000008000605a (0x341027f3) x15 0x0000000080005256
core   0: 0x000000008000605e (0x34202773) csrrs   a4, mcause, zero
core   0: 3 0x000000008000605e (0x34202773) x14 0x0000000000000002
core   0: 0x0000000080006062 (0x142026f3) csrrs   a3, scause, zero
core   0: 3 0x0000000080006062 (0x142026f3) x13 0x0000000000000000
core   0: 0x0000000080006066 (0x30402673) csrrs   a2, mie, zero
core   0: 3 0x0000000080006066 (0x30402673) x12 0x0000000000000a00
core   0: 0x000000008000606a (0x344025f3) csrrs   a1, mip, zero
core   0: 3 0x000000008000606a (0x344025f3) x11 0x0000000000000080
core   0: 0x000000008000606e (0x343025f3) csrrs   a1, mtval, zero
core   0: 3 0x000000008000606e (0x343025f3) x11 0x00000000320461f3
core   0: 0x0000000080006072 (0x14302573) csrrs   a0, stval, zero
core   0: 3 0x0000000080006072 (0x14302573) x10 0x0000000000000000
core   0: 0x0000000080006076 (0xb02024f3) csrrs   s1, minstret, zero
core   0: 3 0x0000000080006076 (0xb02024f3) x9  0x0000000000000e2d
core   0: 0x000000008000607a (0x0000a811) c.j     pc + 20
core   0: 3 0x000000008000607a (0xa811)
core   0: >>>>  mepc_4
core   0: 0x000000008000608e (0x00000791) c.addi  a5, 4
core   0: 3 0x000000008000608e (0x0791) x15 0x000000008000525a
core   0: 0x0000000080006090 (0x34179073) csrrw   zero, mepc, a5
core   0: 3 0x0000000080006090 (0x34179073) c833_mepc 0x000000008000525a
core   0: 0x0000000080006094 (0x30200073) mret
core   0: 3 0x0000000080006094 (0x30200073) c768_mstatus 0x8000000a00106080
core   0: 0x000000008000525a (0x0002d793) srli    a5, t0, 0
core   0: 1 0x000000008000525a (0x0002d793) x15 0x7ffffffffffff7ff
core   0: 0x000000008000525e (0x0300dcb3) divu    s9, ra, a6
core   0: 1 0x000000008000525e (0x0300dcb3) x25 0x0000000008000401
core   0: 0x0000000080005262 (0x401476d3) fcvt.s.d fa3, fs0
core   0: 1 0x0000000080005262 (0x401476d3) f13 0xffffffff7fc00000
core   0: 0x0000000080005266 (0x026cf8bb) remuw   a7, s9, t1
core   0: 1 0x0000000080005266 (0x026cf8bb) x17 0x0000000008000401
core   0: 0x000000008000526a (0x010c2133) slt     sp, s8, a6
core   0: 1 0x000000008000526a (0x010c2133) x2  0x0000000000000000
core   0: 0x000000008000526e (0x00000001) c.nop
core   0: 1 0x000000008000526e (0x0001)
core   0: 0x0000000080005270 (0x0118191b) slliw   s2, a6, 17
core   0: 1 0x0000000080005270 (0x0118191b) x18 0x0000000000200000
core   0: 0x0000000080005274 (0x002ae633) or      a2, s5, sp
core   0: 1 0x0000000080005274 (0x002ae633) x12 0xfffffffffffff800
core   0: 0x0000000080005278 (0x4014ff53) fcvt.s.d ft10, fs1
core   0: 1 0x0000000080005278 (0x4014ff53) f30 0xffffffff7fc00000
core   0: 0x000000008000527c (0x420f8ed3) fcvt.d.s ft9, ft11
core   0: 1 0x000000008000527c (0x420f8ed3) f29 0x41e0000be0000000
core   0: 0x0000000080005280 (0x4057803b) subw    zero, a5, t0
core   0: 1 0x0000000080005280 (0x4057803b)
core   0: 0x0000000080005284 (0x401ff853) fcvt.s.d fa6, ft11
core   0: 1 0x0000000080005284 (0x401ff853) f16 0xffffffff7fc00000
core   0: 0x0000000080005288 (0x2bfd03d3) fmin.d  ft7, fs10, ft11
core   0: 1 0x0000000080005288 (0x2bfd03d3) f7  0x7ff8000000000000
core   0: 0x000000008000528c (0x0ff0000f) fence   iorw,iorw
core   0: 1 0x000000008000528c (0x0ff0000f)
core   0: 0x0000000080005290 (0x0169139b) slliw   t2, s2, 22
core   0: 1 0x0000000080005290 (0x0169139b) x7  0x0000000000000000
core   0: 0x0000000080005294 (0x00081a9b) slliw   s5, a6, 0
core   0: 1 0x0000000080005294 (0x00081a9b) x21 0x0000000000000010
core   0: 0x0000000080005298 (0xc80371f3) csrrci  gp, cycleh, 6
core   0: exception trap_illegal_instruction, epc 0x0000000080005298
core   0:           tval 0x00000000c80371f3
core   0: >>>>  $xrv64i2p1_m2p0_a2p1_f2p2_d2p2_zicsr2p0_zifencei2p0_zmmul1p0_zba1p0_zbb1p0_zbc1p0_zbs1p0
core   0: 0x0000000080004000 (0x0080006f) j       pc + 0x8
core   0: 3 0x0000000080004000 (0x0080006f)
core   0: >>>>  mmode_exception_handler
core   0: 0x0000000080004008 (0x00002c17) auipc   s8, 0x2
core   0: 3 0x0000000080004008 (0x00002c17) x24 0x0000000080006008
core   0: 0x000000008000400c (0x052c0c13) addi    s8, s8, 82
core   0: 3 0x000000008000400c (0x052c0c13) x24 0x000000008000605a
core   0: 0x0000000080004010 (0x000c00e7) jalr    s8
core   0: 3 0x0000000080004010 (0x000c00e7) x1  0x0000000080004014
core   0: >>>>  any_handler
core   0: 0x000000008000605a (0x341027f3) csrrs   a5, mepc, zero
core   0: 3 0x000000008000605a (0x341027f3) x15 0x0000000080005298
core   0: 0x000000008000605e (0x34202773) csrrs   a4, mcause, zero
core   0: 3 0x000000008000605e (0x34202773) x14 0x0000000000000002
core   0: 0x0000000080006062 (0x142026f3) csrrs   a3, scause, zero
core   0: 3 0x0000000080006062 (0x142026f3) x13 0x0000000000000000
core   0: 0x0000000080006066 (0x30402673) csrrs   a2, mie, zero
core   0: 3 0x0000000080006066 (0x30402673) x12 0x0000000000000a00
core   0: 0x000000008000606a (0x344025f3) csrrs   a1, mip, zero
core   0: 3 0x000000008000606a (0x344025f3) x11 0x0000000000000080
core   0: 0x000000008000606e (0x343025f3) csrrs   a1, mtval, zero
core   0: 3 0x000000008000606e (0x343025f3) x11 0x00000000c80371f3
core   0: 0x0000000080006072 (0x14302573) csrrs   a0, stval, zero
core   0: 3 0x0000000080006072 (0x14302573) x10 0x0000000000000000
core   0: 0x0000000080006076 (0xb02024f3) csrrs   s1, minstret, zero
core   0: 3 0x0000000080006076 (0xb02024f3) x9  0x0000000000000e4d
core   0: 0x000000008000607a (0x0000a811) c.j     pc + 20
core   0: 3 0x000000008000607a (0xa811)
core   0: >>>>  mepc_4
core   0: 0x000000008000608e (0x00000791) c.addi  a5, 4
core   0: 3 0x000000008000608e (0x0791) x15 0x000000008000529c
core   0: 0x0000000080006090 (0x34179073) csrrw   zero, mepc, a5
core   0: 3 0x0000000080006090 (0x34179073) c833_mepc 0x000000008000529c
core   0: 0x0000000080006094 (0x30200073) mret
core   0: 3 0x0000000080006094 (0x30200073) c768_mstatus 0x8000000a00106080
core   0: 0x000000008000529c (0x02064633) div     a2, a2, zero
core   0: 1 0x000000008000529c (0x02064633) x12 0xffffffffffffffff
core   0: 0x00000000800052a0 (0x02c17db3) remu    s11, sp, a2
core   0: 1 0x00000000800052a0 (0x02c17db3) x27 0x0000000000000000
core   0: 0x00000000800052a4 (0x41b1d0bb) sraw    ra, gp, s11
core   0: 1 0x00000000800052a4 (0x41b1d0bb) x1  0x0000000000000000
core   0: 0x00000000800052a8 (0x1a13fb53) fdiv.d  fs6, ft7, ft1
core   0: 1 0x00000000800052a8 (0x1a13fb53) f22 0x7ff8000000000000
core   0: 0x00000000800052ac (0x004ad2bb) srlw    t0, s5, tp
core   0: 1 0x00000000800052ac (0x004ad2bb) x5  0x0000000000000010
core   0: 0x00000000800052b0 (0xfa624e93) xori    t4, tp, -90
core   0: 1 0x00000000800052b0 (0xfa624e93) x29 0xffffffffffffffa6
core   0: 0x00000000800052b4 (0x23dc0ad3) fsgnj.d fs5, fs8, ft9
core   0: 1 0x00000000800052b4 (0x23dc0ad3) f21 0x7ff8000000000000
core   0: 0x00000000800052b8 (0x420d8653) fcvt.d.s fa2, fs11
core   0: 1 0x00000000800052b8 (0x420d8653) f12 0x7ff8000000000000
core   0: 0x00000000800052bc (0xc02d7dd3) fcvt.l.s s11, fs10
core   0: 1 0x00000000800052bc (0xc02d7dd3) c1_fflags 0x0000000000000019 x27 0x7fffffffffffffff
core   0: 0x00000000800052c0 (0x41fdd21b) sraiw   tp, s11, 31
core   0: 1 0x00000000800052c0 (0x41fdd21b) x4  0xffffffffffffffff
core   0: 0x00000000800052c4 (0x03b25a3b) divuw   s4, tp, s11
core   0: 1 0x00000000800052c4 (0x03b25a3b) x20 0x0000000000000001
core   0: 0x00000000800052c8 (0x039c7e3b) remuw   t3, s8, s9
core   0: 1 0x00000000800052c8 (0x039c7e3b) x28 0x000000000000204a
core   0: 0x00000000800052cc (0x033c4133) div     sp, s8, s3
core   0: 1 0x00000000800052cc (0x033c4133) x2  0xffffffffffffffff
core   0: 0x00000000800052d0 (0x02d57db3) remu    s11, a0, a3
core   0: 1 0x00000000800052d0 (0x02d57db3) x27 0x0000000000000000
core   0: 0x00000000800052d4 (0x004e2e33) slt     t3, t3, tp
core   0: 1 0x00000000800052d4 (0x004e2e33) x28 0x0000000000000000
core   0: 0x00000000800052d8 (0x5a0876d3) fsqrt.d fa3, fa6
core   0: 1 0x00000000800052d8 (0x5a0876d3) f13 0x7ff8000000000000
core   0: 0x00000000800052dc (0xe20d0553) fmv.x.d a0, fs10
core   0: 1 0x00000000800052dc (0xe20d0553) x10 0x7ff8000000000000
core   0: 0x00000000800052e0 (0x01998e3b) addw    t3, s3, s9
core   0: 1 0x00000000800052e0 (0x01998e3b) x28 0x0000000008000401
core   0: 0x00000000800052e4 (0x013996b3) sll     a3, s3, s3
core   0: 1 0x00000000800052e4 (0x013996b3) x13 0x0000000000000000
core   0: 0x00000000800052e8 (0x00269373) csrrw   t1, frm, a3
core   0: 1 0x00000000800052e8 (0x00269373) x6  0x0000000000000004 c2_frm 0x0000000000000000
core   0: 0x00000000800052ec (0x000c189b) slliw   a7, s8, 0
core   0: 1 0x00000000800052ec (0x000c189b) x17 0xffffffff8000605a
core   0: 0x00000000800052f0 (0xf5dde413) ori     s0, s11, -163
core   0: 1 0x00000000800052f0 (0xf5dde413) x8  0xffffffffffffff5d
core   0: 0x00000000800052f4 (0x008494bb) sllw    s1, s1, s0
core   0: 1 0x00000000800052f4 (0x008494bb) x9  0xffffffffa0000000
core   0: 0x00000000800052f8 (0x22dd0753) fsgnj.d fa4, fs10, fa3
core   0: 1 0x00000000800052f8 (0x22dd0753) f14 0x7ff8000000000000
core   0: 0x00000000800052fc (0xa3a808d3) fle.d   a7, fa6, fs10
core   0: 1 0x00000000800052fc (0xa3a808d3) c1_fflags 0x0000000000000019 x17 0x0000000000000000
core   0: 0x0000000080005300 (0x1bb6f8d3) fdiv.d  fa7, fa3, fs11
core   0: 1 0x0000000080005300 (0x1bb6f8d3) f17 0x7ff8000000000000
core   0: 0x0000000080005304 (0x1ae9fc53) fdiv.d  fs8, fs3, fa4
core   0: 1 0x0000000080005304 (0x1ae9fc53) f24 0x7ff8000000000000
core   0: 0x0000000080005308 (0x67f4c313) xori    t1, s1, 1663
core   0: 1 0x0000000080005308 (0x67f4c313) x6  0xffffffffa000067f
core   0: 0x000000008000530c (0xd2000fd3) fcvt.d.w ft11, zero
core   0: 1 0x000000008000530c (0xd2000fd3) f31 0x0000000000000000
core   0: 0x0000000080005310 (0x00202a73) csrrs   s4, frm, zero
core   0: 1 0x0000000080005310 (0x00202a73) x20 0x0000000000000000
core   0: 0x0000000080005314 (0x035a6ab3) rem     s5, s4, s5
core   0: 1 0x0000000080005314 (0x035a6ab3) x21 0x0000000000000000
core   0: 0x0000000080005318 (0x1b4c7953) fdiv.d  fs2, fs8, fs4
core   0: 1 0x0000000080005318 (0x1b4c7953) f18 0x7ff8000000000000
core   0: 0x000000008000531c (0x015ad833) srl     a6, s5, s5
core   0: 1 0x000000008000531c (0x015ad833) x16 0x0000000000000000
core   0: 0x0000000080005320 (0x41a55cb3) sra     s9, a0, s10
core   0: 1 0x0000000080005320 (0x41a55cb3) x25 0x0000000000000000
core   0: 0x0000000080005324 (0xe8254a13) xori    s4, a0, -382
core   0: 1 0x0000000080005324 (0xe8254a13) x20 0x8007fffffffffe82
core   0: 0x0000000080005328 (0xc2197cd3) fcvt.wu.d s9, fs2
core   0: 1 0x0000000080005328 (0xc2197cd3) c1_fflags 0x0000000000000019 x25 0xffffffffffffffff
core   0: 0x000000008000532c (0xc023dbf3) csrrwi  s7, instret, 7
core   0: exception trap_illegal_instruction, epc 0x000000008000532c
core   0:           tval 0x00000000c023dbf3
core   0: >>>>  $xrv64i2p1_m2p0_a2p1_f2p2_d2p2_zicsr2p0_zifencei2p0_zmmul1p0_zba1p0_zbb1p0_zbc1p0_zbs1p0
core   0: 0x0000000080004000 (0x0080006f) j       pc + 0x8
core   0: 3 0x0000000080004000 (0x0080006f)
core   0: >>>>  mmode_exception_handler
core   0: 0x0000000080004008 (0x00002c17) auipc   s8, 0x2
core   0: 3 0x0000000080004008 (0x00002c17) x24 0x0000000080006008
core   0: 0x000000008000400c (0x052c0c13) addi    s8, s8, 82
core   0: 3 0x000000008000400c (0x052c0c13) x24 0x000000008000605a
core   0: 0x0000000080004010 (0x000c00e7) jalr    s8
core   0: 3 0x0000000080004010 (0x000c00e7) x1  0x0000000080004014
core   0: >>>>  any_handler
core   0: 0x000000008000605a (0x341027f3) csrrs   a5, mepc, zero
core   0: 3 0x000000008000605a (0x341027f3) x15 0x000000008000532c
core   0: 0x000000008000605e (0x34202773) csrrs   a4, mcause, zero
core   0: 3 0x000000008000605e (0x34202773) x14 0x0000000000000002
core   0: 0x0000000080006062 (0x142026f3) csrrs   a3, scause, zero
core   0: 3 0x0000000080006062 (0x142026f3) x13 0x0000000000000000
core   0: 0x0000000080006066 (0x30402673) csrrs   a2, mie, zero
core   0: 3 0x0000000080006066 (0x30402673) x12 0x0000000000000a00
core   0: 0x000000008000606a (0x344025f3) csrrs   a1, mip, zero
core   0: 3 0x000000008000606a (0x344025f3) x11 0x0000000000000080
core   0: 0x000000008000606e (0x343025f3) csrrs   a1, mtval, zero
core   0: 3 0x000000008000606e (0x343025f3) x11 0x00000000c023dbf3
core   0: 0x0000000080006072 (0x14302573) csrrs   a0, stval, zero
core   0: 3 0x0000000080006072 (0x14302573) x10 0x0000000000000000
core   0: 0x0000000080006076 (0xb02024f3) csrrs   s1, minstret, zero
core   0: 3 0x0000000080006076 (0xb02024f3) x9  0x0000000000000e81
core   0: 0x000000008000607a (0x0000a811) c.j     pc + 20
core   0: 3 0x000000008000607a (0xa811)
core   0: >>>>  mepc_4
core   0: 0x000000008000608e (0x00000791) c.addi  a5, 4
core   0: 3 0x000000008000608e (0x0791) x15 0x0000000080005330
core   0: 0x0000000080006090 (0x34179073) csrrw   zero, mepc, a5
core   0: 3 0x0000000080006090 (0x34179073) c833_mepc 0x0000000080005330
core   0: 0x0000000080006094 (0x30200073) mret
core   0: 3 0x0000000080006094 (0x30200073) c768_mstatus 0x8000000a00106080
core   0: 0x0000000080005330 (0x0217f533) remu    a0, a5, ra
core   0: 1 0x0000000080005330 (0x0217f533) x10 0x000000000000131c
core   0: 0x0000000080005334 (0xf11069f3) csrrsi  s3, mvendorid, 0
core   0: exception trap_illegal_instruction, epc 0x0000000080005334
core   0:           tval 0x00000000f11069f3
core   0: >>>>  $xrv64i2p1_m2p0_a2p1_f2p2_d2p2_zicsr2p0_zifencei2p0_zmmul1p0_zba1p0_zbb1p0_zbc1p0_zbs1p0
core   0: 0x0000000080004000 (0x0080006f) j       pc + 0x8
core   0: 3 0x0000000080004000 (0x0080006f)
core   0: >>>>  mmode_exception_handler
core   0: 0x0000000080004008 (0x00002c17) auipc   s8, 0x2
core   0: 3 0x0000000080004008 (0x00002c17) x24 0x0000000080006008
core   0: 0x000000008000400c (0x052c0c13) addi    s8, s8, 82
core   0: 3 0x000000008000400c (0x052c0c13) x24 0x000000008000605a
core   0: 0x0000000080004010 (0x000c00e7) jalr    s8
core   0: 3 0x0000000080004010 (0x000c00e7) x1  0x0000000080004014
core   0: >>>>  any_handler
core   0: 0x000000008000605a (0x341027f3) csrrs   a5, mepc, zero
core   0: 3 0x000000008000605a (0x341027f3) x15 0x0000000080005334
core   0: 0x000000008000605e (0x34202773) csrrs   a4, mcause, zero
core   0: 3 0x000000008000605e (0x34202773) x14 0x0000000000000002
core   0: 0x0000000080006062 (0x142026f3) csrrs   a3, scause, zero
core   0: 3 0x0000000080006062 (0x142026f3) x13 0x0000000000000000
core   0: 0x0000000080006066 (0x30402673) csrrs   a2, mie, zero
core   0: 3 0x0000000080006066 (0x30402673) x12 0x0000000000000a00
core   0: 0x000000008000606a (0x344025f3) csrrs   a1, mip, zero
core   0: 3 0x000000008000606a (0x344025f3) x11 0x0000000000000080
core   0: 0x000000008000606e (0x343025f3) csrrs   a1, mtval, zero
core   0: 3 0x000000008000606e (0x343025f3) x11 0x00000000f11069f3
core   0: 0x0000000080006072 (0x14302573) csrrs   a0, stval, zero
core   0: 3 0x0000000080006072 (0x14302573) x10 0x0000000000000000
core   0: 0x0000000080006076 (0xb02024f3) csrrs   s1, minstret, zero
core   0: 3 0x0000000080006076 (0xb02024f3) x9  0x0000000000000e92
core   0: 0x000000008000607a (0x0000a811) c.j     pc + 20
core   0: 3 0x000000008000607a (0xa811)
core   0: >>>>  mepc_4
core   0: 0x000000008000608e (0x00000791) c.addi  a5, 4
core   0: 3 0x000000008000608e (0x0791) x15 0x0000000080005338
core   0: 0x0000000080006090 (0x34179073) csrrw   zero, mepc, a5
core   0: 3 0x0000000080006090 (0x34179073) c833_mepc 0x0000000080005338
core   0: 0x0000000080006094 (0x30200073) mret
core   0: 3 0x0000000080006094 (0x30200073) c768_mstatus 0x8000000a00106080
core   0: 0x0000000080005338 (0xd2170453) fcvt.d.wu fs0, a4
core   0: 1 0x0000000080005338 (0xd2170453) f8  0x4000000000000000
core   0: 0x000000008000533c (0xc816ebf3) csrrsi  s7, timeh, 13
core   0: exception trap_illegal_instruction, epc 0x000000008000533c
core   0:           tval 0x00000000c816ebf3
core   0: >>>>  $xrv64i2p1_m2p0_a2p1_f2p2_d2p2_zicsr2p0_zifencei2p0_zmmul1p0_zba1p0_zbb1p0_zbc1p0_zbs1p0
core   0: 0x0000000080004000 (0x0080006f) j       pc + 0x8
core   0: 3 0x0000000080004000 (0x0080006f)
core   0: >>>>  mmode_exception_handler
core   0: 0x0000000080004008 (0x00002c17) auipc   s8, 0x2
core   0: 3 0x0000000080004008 (0x00002c17) x24 0x0000000080006008
core   0: 0x000000008000400c (0x052c0c13) addi    s8, s8, 82
core   0: 3 0x000000008000400c (0x052c0c13) x24 0x000000008000605a
core   0: 0x0000000080004010 (0x000c00e7) jalr    s8
core   0: 3 0x0000000080004010 (0x000c00e7) x1  0x0000000080004014
core   0: >>>>  any_handler
core   0: 0x000000008000605a (0x341027f3) csrrs   a5, mepc, zero
core   0: 3 0x000000008000605a (0x341027f3) x15 0x000000008000533c
core   0: 0x000000008000605e (0x34202773) csrrs   a4, mcause, zero
core   0: 3 0x000000008000605e (0x34202773) x14 0x0000000000000002
core   0: 0x0000000080006062 (0x142026f3) csrrs   a3, scause, zero
core   0: 3 0x0000000080006062 (0x142026f3) x13 0x0000000000000000
core   0: 0x0000000080006066 (0x30402673) csrrs   a2, mie, zero
core   0: 3 0x0000000080006066 (0x30402673) x12 0x0000000000000a00
core   0: 0x000000008000606a (0x344025f3) csrrs   a1, mip, zero
core   0: 3 0x000000008000606a (0x344025f3) x11 0x0000000000000080
core   0: 0x000000008000606e (0x343025f3) csrrs   a1, mtval, zero
core   0: 3 0x000000008000606e (0x343025f3) x11 0x00000000c816ebf3
core   0: 0x0000000080006072 (0x14302573) csrrs   a0, stval, zero
core   0: 3 0x0000000080006072 (0x14302573) x10 0x0000000000000000
core   0: 0x0000000080006076 (0xb02024f3) csrrs   s1, minstret, zero
core   0: 3 0x0000000080006076 (0xb02024f3) x9  0x0000000000000ea3
core   0: 0x000000008000607a (0x0000a811) c.j     pc + 20
core   0: 3 0x000000008000607a (0xa811)
core   0: >>>>  mepc_4
core   0: 0x000000008000608e (0x00000791) c.addi  a5, 4
core   0: 3 0x000000008000608e (0x0791) x15 0x0000000080005340
core   0: 0x0000000080006090 (0x34179073) csrrw   zero, mepc, a5
core   0: 3 0x0000000080006090 (0x34179073) c833_mepc 0x0000000080005340
core   0: 0x0000000080006094 (0x30200073) mret
core   0: 3 0x0000000080006094 (0x30200073) c768_mstatus 0x8000000a00106080
core   0: 0x0000000080005340 (0x017bfeb3) and     t4, s7, s7
core   0: 1 0x0000000080005340 (0x017bfeb3) x29 0x0000000000000000
core   0: 0x0000000080005344 (0x013478b3) and     a7, s0, s3
core   0: 1 0x0000000080005344 (0x013478b3) x17 0x0000000000000000
core   0: 0x0000000080005348 (0x03d00cbb) mulw    s9, zero, t4
core   0: 1 0x0000000080005348 (0x03d00cbb) x25 0x0000000000000000
core   0: 0x000000008000534c (0x2aa69c53) fmax.d  fs8, fa3, fa0
core   0: 1 0x000000008000534c (0x2aa69c53) f24 0x7ff8000000000000
core   0: 0x0000000080005350 (0x000ed41b) srliw   s0, t4, 0
core   0: 1 0x0000000080005350 (0x000ed41b) x8  0x0000000000000000
core   0: 0x0000000080005354 (0x22dc1ad3) fsgnjn.d fs5, fs8, fa3
core   0: 1 0x0000000080005354 (0x22dc1ad3) f21 0xfff8000000000000
core   0: 0x0000000080005358 (0xc20afad3) fcvt.w.d s5, fs5
core   0: 1 0x0000000080005358 (0xc20afad3) c1_fflags 0x0000000000000019 x21 0x000000007fffffff
core   0: 0x000000008000535c (0x00cbdd93) srli    s11, s7, 12
core   0: 1 0x000000008000535c (0x00cbdd93) x27 0x0000000000000000
core   0: 0x0000000080005360 (0x303069f3) csrrsi  s3, mideleg, 0
core   0: exception trap_illegal_instruction, epc 0x0000000080005360
core   0:           tval 0x00000000303069f3
core   0: >>>>  $xrv64i2p1_m2p0_a2p1_f2p2_d2p2_zicsr2p0_zifencei2p0_zmmul1p0_zba1p0_zbb1p0_zbc1p0_zbs1p0
core   0: 0x0000000080004000 (0x0080006f) j       pc + 0x8
core   0: 3 0x0000000080004000 (0x0080006f)
core   0: >>>>  mmode_exception_handler
core   0: 0x0000000080004008 (0x00002c17) auipc   s8, 0x2
core   0: 3 0x0000000080004008 (0x00002c17) x24 0x0000000080006008
core   0: 0x000000008000400c (0x052c0c13) addi    s8, s8, 82
core   0: 3 0x000000008000400c (0x052c0c13) x24 0x000000008000605a
core   0: 0x0000000080004010 (0x000c00e7) jalr    s8
core   0: 3 0x0000000080004010 (0x000c00e7) x1  0x0000000080004014
core   0: >>>>  any_handler
core   0: 0x000000008000605a (0x341027f3) csrrs   a5, mepc, zero
core   0: 3 0x000000008000605a (0x341027f3) x15 0x0000000080005360
core   0: 0x000000008000605e (0x34202773) csrrs   a4, mcause, zero
core   0: 3 0x000000008000605e (0x34202773) x14 0x0000000000000002
core   0: 0x0000000080006062 (0x142026f3) csrrs   a3, scause, zero
core   0: 3 0x0000000080006062 (0x142026f3) x13 0x0000000000000000
core   0: 0x0000000080006066 (0x30402673) csrrs   a2, mie, zero
core   0: 3 0x0000000080006066 (0x30402673) x12 0x0000000000000a00
core   0: 0x000000008000606a (0x344025f3) csrrs   a1, mip, zero
core   0: 3 0x000000008000606a (0x344025f3) x11 0x0000000000000080
core   0: 0x000000008000606e (0x343025f3) csrrs   a1, mtval, zero
core   0: 3 0x000000008000606e (0x343025f3) x11 0x00000000303069f3
core   0: 0x0000000080006072 (0x14302573) csrrs   a0, stval, zero
core   0: 3 0x0000000080006072 (0x14302573) x10 0x0000000000000000
core   0: 0x0000000080006076 (0xb02024f3) csrrs   s1, minstret, zero
core   0: 3 0x0000000080006076 (0xb02024f3) x9  0x0000000000000ebb
core   0: 0x000000008000607a (0x0000a811) c.j     pc + 20
core   0: 3 0x000000008000607a (0xa811)
core   0: >>>>  mepc_4
core   0: 0x000000008000608e (0x00000791) c.addi  a5, 4
core   0: 3 0x000000008000608e (0x0791) x15 0x0000000080005364
core   0: 0x0000000080006090 (0x34179073) csrrw   zero, mepc, a5
core   0: 3 0x0000000080006090 (0x34179073) c833_mepc 0x0000000080005364
core   0: 0x0000000080006094 (0x30200073) mret
core   0: 3 0x0000000080006094 (0x30200073) c768_mstatus 0x8000000a00106080
core   0: 0x0000000080005364 (0x235a92d3) fsgnjn.d ft5, fs5, fs5
core   0: 1 0x0000000080005364 (0x235a92d3) f5  0x7ff8000000000000
core   0: 0x0000000080005368 (0xe20384d3) fmv.x.d s1, ft7
core   0: 1 0x0000000080005368 (0xe20384d3) x9  0x7ff8000000000000
core   0: 0x000000008000536c (0xc02c7953) fcvt.l.s s2, fs8
core   0: 1 0x000000008000536c (0xc02c7953) c1_fflags 0x0000000000000019 x18 0x7fffffffffffffff
core   0: 0x0000000080005370 (0xbcc4fe13) andi    t3, s1, -1076
core   0: 1 0x0000000080005370 (0xbcc4fe13) x28 0x7ff8000000000000
core   0: 0x0000000080005374 (0xd0267cd3) fcvt.s.l fs9, a2
core   0: 1 0x0000000080005374 (0xd0267cd3) f25 0xffffffff45200000
core   0: 0x0000000080005378 (0x01099d1b) slliw   s10, s3, 16
core   0: 1 0x0000000080005378 (0x01099d1b) x26 0x0000000000000000
core   0: 0x000000008000537c (0x031bd693) srli    a3, s7, 49
core   0: 1 0x000000008000537c (0x031bd693) x13 0x0000000000000000
core   0: 0x0000000080005380 (0x002d12f3) csrrw   t0, frm, s10
core   0: 1 0x0000000080005380 (0x002d12f3) x5  0x0000000000000000 c2_frm 0x0000000000000000
core   0: 0x0000000080005384 (0xe278f343) fmadd.d ft6, fa7, ft7, ft8
core   0: 1 0x0000000080005384 (0xe278f343) f6  0x7ff8000000000000
core   0: 0x0000000080005388 (0x00d7a0b3) slt     ra, a5, a3
core   0: 1 0x0000000080005388 (0x00d7a0b3) x1  0x0000000000000000
core   0: 0x000000008000538c (0x4a9af4c7) fmsub.d fs1, fs5, fs1, fs1
core   0: 1 0x000000008000538c (0x4a9af4c7) f9  0x7ff8000000000000
core   0: 0x0000000080005390 (0xd233f553) fcvt.d.lu fa0, t2
core   0: 1 0x0000000080005390 (0xd233f553) f10 0x0000000000000000
core   0: 0x0000000080005394 (0x12637153) fmul.d  ft2, ft6, ft6
core   0: 1 0x0000000080005394 (0x12637153) f2  0x7ff8000000000000
core   0: 0x0000000080005398 (0x019cf4b3) and     s1, s9, s9
core   0: 1 0x0000000080005398 (0x019cf4b3) x9  0x0000000000000000
core   0: 0x000000008000539c (0x00b5de33) srl     t3, a1, a1
core   0: 1 0x000000008000539c (0x00b5de33) x28 0x0000000000000000
core   0: 0x00000000800053a0 (0xc213f6d3) fcvt.wu.d a3, ft7
core   0: 1 0x00000000800053a0 (0xc213f6d3) c1_fflags 0x0000000000000019 x13 0xffffffffffffffff
core   0: 0x00000000800053a4 (0x4138dc9b) sraiw   s9, a7, 19
core   0: 1 0x00000000800053a4 (0x4138dc9b) x25 0x0000000000000000
core   0: 0x00000000800053a8 (0x5a00fd53) fsqrt.d fs10, ft1
core   0: 1 0x00000000800053a8 (0x5a00fd53) f26 0x7ff8000000000000
core   0: 0x00000000800053ac (0xbbfd7147) fmsub.d ft2, fs10, ft11, fs7
core   0: 1 0x00000000800053ac (0xbbfd7147) f2  0x7ff8000000000000
core   0: 0x00000000800053b0 (0x418c05b3) sub     a1, s8, s8
core   0: 1 0x00000000800053b0 (0x418c05b3) x11 0x0000000000000000
core   0: 0x00000000800053b4 (0x02768533) mul     a0, a3, t2
core   0: 1 0x00000000800053b4 (0x02768533) x10 0x0000000000000000
core   0: 0x00000000800053b8 (0x03a2723b) remuw   tp, tp, s10
core   0: 1 0x00000000800053b8 (0x03a2723b) x4  0xffffffffffffffff
core   0: 0x00000000800053bc (0x222f89d3) fsgnj.d fs3, ft11, ft2
core   0: 1 0x00000000800053bc (0x222f89d3) f19 0x0000000000000000
core   0: 0x00000000800053c0 (0xc211fed3) fcvt.wu.d t4, ft3
core   0: 1 0x00000000800053c0 (0xc211fed3) c1_fflags 0x0000000000000019 x29 0xffffffffffffffff
core   0: 0x00000000800053c4 (0x029ee1b3) rem     gp, t4, s1
core   0: 1 0x00000000800053c4 (0x029ee1b3) x3  0xffffffffffffffff
core   0: 0x00000000800053c8 (0x006715b3) sll     a1, a4, t1
core   0: 1 0x00000000800053c8 (0x006715b3) x11 0x0000000000000000
core   0: 0x00000000800053cc (0x0b39f1d3) fsub.d  ft3, fs3, fs3
core   0: 1 0x00000000800053cc (0x0b39f1d3) f3  0x0000000000000000
core   0: 0x00000000800053d0 (0xd035f3d3) fcvt.s.lu ft7, a1
core   0: 1 0x00000000800053d0 (0xd035f3d3) f7  0xffffffff00000000
core   0: 0x00000000800053d4 (0x43f8d293) srai    t0, a7, 63
core   0: 1 0x00000000800053d4 (0x43f8d293) x5  0x0000000000000000
core   0: 0x00000000800053d8 (0x00000001) c.nop
core   0: 1 0x00000000800053d8 (0x0001)
core   0: 0x00000000800053da (0x0045f0b3) and     ra, a1, tp
core   0: 1 0x00000000800053da (0x0045f0b3) x1  0x0000000000000000
core   0: 0x00000000800053de (0x4050dcb3) sra     s9, ra, t0
core   0: 1 0x00000000800053de (0x4050dcb3) x25 0x0000000000000000
core   0: 0x00000000800053e2 (0x00490b3b) addw    s6, s2, tp
core   0: 1 0x00000000800053e2 (0x00490b3b) x22 0xfffffffffffffffe
core   0: 0x00000000800053e6 (0x00a70e3b) addw    t3, a4, a0
core   0: 1 0x00000000800053e6 (0x00a70e3b) x28 0x0000000000000002
core   0: 0x00000000800053ea (0xaa4c724b) fnmsub.d ft4, fs8, ft4, fs5
core   0: 1 0x00000000800053ea (0xaa4c724b) f4  0x7ff8000000000000
core   0: 0x00000000800053ee (0x037601b3) mul     gp, a2, s7
core   0: 1 0x00000000800053ee (0x037601b3) x3  0x0000000000000000
core   0: 0x00000000800053f2 (0x4005d53b) sraw    a0, a1, zero
core   0: 1 0x00000000800053f2 (0x4005d53b) x10 0x0000000000000000
core   0: 0x00000000800053f6 (0x02bc47b3) div     a5, s8, a1
core   0: 1 0x00000000800053f6 (0x02bc47b3) x15 0xffffffffffffffff
core   0: 0x00000000800053fa (0xa2000a53) fle.d   s4, ft0, ft0
core   0: 1 0x00000000800053fa (0xa2000a53) x20 0x0000000000000001
core   0: 0x00000000800053fe (0x00cd6eb3) or      t4, s10, a2
core   0: 1 0x00000000800053fe (0x00cd6eb3) x29 0x0000000000000a00
core   0: 0x0000000080005402 (0x00202273) csrrs   tp, frm, zero
core   0: 1 0x0000000080005402 (0x00202273) x4  0x0000000000000000
core   0: 0x0000000080005406 (0x3bd5041b) addiw   s0, a0, 957
core   0: 1 0x0000000080005406 (0x3bd5041b) x8  0x00000000000003bd
core   0: 0x000000008000540a (0xaa0bc837) lui     a6, 0xaa0bc
core   0: 1 0x000000008000540a (0xaa0bc837) x16 0xffffffffaa0bc000
core   0: 0x000000008000540e (0xe2000353) fmv.x.d t1, ft0
core   0: 1 0x000000008000540e (0xe2000353) x6  0x0000000000000000
core   0: 0x0000000080005412 (0x017853bb) srlw    t2, a6, s7
core   0: 1 0x0000000080005412 (0x017853bb) x7  0xffffffffaa0bc000
core   0: 0x0000000080005416 (0x002e9ef3) csrrw   t4, frm, t4
core   0: 1 0x0000000080005416 (0x002e9ef3) x29 0x0000000000000000 c2_frm 0x0000000000000000
core   0: 0x000000008000541a (0x41f0d11b) sraiw   sp, ra, 31
core   0: 1 0x000000008000541a (0x41f0d11b) x2  0x0000000000000000
core   0: 0x000000008000541e (0xc23f7bd3) fcvt.lu.d s7, ft10
core   0: 1 0x000000008000541e (0xc23f7bd3) c1_fflags 0x0000000000000019 x23 0xffffffffffffffff
core   0: 0x0000000080005422 (0xd2080453) fcvt.d.w fs0, a6
core   0: 1 0x0000000080005422 (0xd2080453) f8  0xc1d57d1000000000
core   0: 0x0000000080005426 (0x00000001) c.nop
core   0: 1 0x0000000080005426 (0x0001)
core   0: 0x0000000080005428 (0xd0287253) fcvt.s.l ft4, a6
core   0: 1 0x0000000080005428 (0xd0287253) f4  0xffffffffceabe880
core   0: 0x000000008000542c (0x00251eb3) sll     t4, a0, sp
core   0: 1 0x000000008000542c (0x00251eb3) x29 0x0000000000000000
core   0: 0x0000000080005430 (0x000e919b) slliw   gp, t4, 0
core   0: 1 0x0000000080005430 (0x000e919b) x3  0x0000000000000000
core   0: 0x0000000080005434 (0xfd64f337) lui     t1, 0xfd64f
core   0: 1 0x0000000080005434 (0xfd64f337) x6  0xfffffffffd64f000
core   0: 0x0000000080005438 (0x0393031b) addiw   t1, t1, 57
core   0: 1 0x0000000080005438 (0x0393031b) x6  0xfffffffffd64f039
core   0: 0x000000008000543c (0x00000332) c.slli  t1, 12
core   0: 1 0x000000008000543c (0x0332) x6  0xffffffd64f039000
core   0: 0x000000008000543e (0x42e30313) addi    t1, t1, 1070
core   0: 1 0x000000008000543e (0x42e30313) x6  0xffffffd64f03942e
core   0: 0x0000000080005442 (0x0088503b) srlw    zero, a6, s0
core   0: 1 0x0000000080005442 (0x0088503b)
core   0: 0x0000000080005446 (0x030d7d33) remu    s10, s10, a6
core   0: 1 0x0000000080005446 (0x030d7d33) x26 0x0000000000000000
core   0: 0x000000008000544a (0x43f75913) srai    s2, a4, 63
core   0: 1 0x000000008000544a (0x43f75913) x18 0x0000000000000000
core   0: 0x000000008000544e (0x01761cb3) sll     s9, a2, s7
core   0: 1 0x000000008000544e (0x01761cb3) x25 0x0000000000000000
core   0: 0x0000000080005452 (0xc23bf353) fcvt.lu.d t1, fs7
core   0: 1 0x0000000080005452 (0xc23bf353) c1_fflags 0x0000000000000019 x6  0xffffffffffffffff
core   0: 0x0000000080005456 (0x8d10e713) ori     a4, ra, -1839
core   0: 1 0x0000000080005456 (0x8d10e713) x14 0xfffffffffffff8d1
core   0: 0x000000008000545a (0x5a0bfb53) fsqrt.d fs6, fs7
core   0: 1 0x000000008000545a (0x5a0bfb53) f22 0x7ff8000000000000
core   0: 0x000000008000545e (0xc0237553) fcvt.l.s a0, ft6
core   0: 1 0x000000008000545e (0xc0237553) c1_fflags 0x0000000000000019 x10 0x7fffffffffffffff
core   0: 0x0000000080005462 (0x236f0a53) fsgnj.d fs4, ft10, fs6
core   0: 1 0x0000000080005462 (0x236f0a53) f20 0x7fffffff7fc00000
core   0: 0x0000000080005466 (0xc03ffed3) fcvt.lu.s t4, ft11
core   0: 1 0x0000000080005466 (0xc03ffed3) c1_fflags 0x0000000000000019 x29 0xffffffffffffffff
core   0: 0x000000008000546a (0x03d5b633) mulhu   a2, a1, t4
core   0: 1 0x000000008000546a (0x03d5b633) x12 0x0000000000000000
core   0: 0x000000008000546e (0x02213e33) mulhu   t3, sp, sp
core   0: 1 0x000000008000546e (0x02213e33) x28 0x0000000000000000
core   0: 0x0000000080005472 (0x01ccceb3) xor     t4, s9, t3
core   0: 1 0x0000000080005472 (0x01ccceb3) x29 0x0000000000000000
core   0: 0x0000000080005476 (0x40510eb3) sub     t4, sp, t0
core   0: 1 0x0000000080005476 (0x40510eb3) x29 0x0000000000000000
core   0: 0x000000008000547a (0x01d816bb) sllw    a3, a6, t4
core   0: 1 0x000000008000547a (0x01d816bb) x13 0xffffffffaa0bc000
core   0: 0x000000008000547e (0x0338483b) divw    a6, a6, s3
core   0: 1 0x000000008000547e (0x0338483b) x16 0xffffffffffffffff
core   0: 0x0000000080005482 (0x00b0503b) srlw    zero, zero, a1
core   0: 1 0x0000000080005482 (0x00b0503b)
core   0: 0x0000000080005486 (0x03867ab3) remu    s5, a2, s8
core   0: 1 0x0000000080005486 (0x03867ab3) x21 0x0000000000000000
core   0: 0x000000008000548a (0x0ff0000f) fence   iorw,iorw
core   0: 1 0x000000008000548a (0x0ff0000f)
core   0: 0x000000008000548e (0xa2057e93) andi    t4, a0, -1504
core   0: 1 0x000000008000548e (0xa2057e93) x29 0x7ffffffffffffa20
core   0: 0x0000000080005492 (0xbfb40693) addi    a3, s0, -1029
core   0: 1 0x0000000080005492 (0xbfb40693) x13 0xffffffffffffffb8
core   0: 0x0000000080005496 (0x036273d3) fadd.d  ft7, ft4, fs6
core   0: 1 0x0000000080005496 (0x036273d3) f7  0x7ff8000000000000
core   0: 0x000000008000549a (0x038c90b3) mulh    ra, s9, s8
core   0: 1 0x000000008000549a (0x038c90b3) x1  0x0000000000000000
core   0: 0x000000008000549e (0x00ac0633) add     a2, s8, a0
core   0: 1 0x000000008000549e (0x00ac0633) x12 0x8000000080006059
core   0: 0x00000000800054a2 (0xa2838d53) fle.d   s10, ft7, fs0
core   0: 1 0x00000000800054a2 (0xa2838d53) c1_fflags 0x0000000000000019 x26 0x0000000000000000
core   0: 0x00000000800054a6 (0x02920dbb) mulw    s11, tp, s1
core   0: 1 0x00000000800054a6 (0x02920dbb) x27 0x0000000000000000
core   0: 0x00000000800054aa (0x73c2869b) addiw   a3, t0, 1852
core   0: 1 0x00000000800054aa (0x73c2869b) x13 0x000000000000073c
core   0: 0x00000000800054ae (0x337872c3) fmadd.d ft5, fa6, fs7, ft6
core   0: 1 0x00000000800054ae (0x337872c3) f5  0x7ff8000000000000
core   0: 0x00000000800054b2 (0x02d5e5bb) remw    a1, a1, a3
core   0: 1 0x00000000800054b2 (0x02d5e5bb) x11 0x0000000000000000
core   0: 0x00000000800054b6 (0x02b0ea33) rem     s4, ra, a1
core   0: 1 0x00000000800054b6 (0x02b0ea33) x20 0x0000000000000000
core   0: 0x00000000800054ba (0xc22877d3) fcvt.l.d a5, fa6
core   0: 1 0x00000000800054ba (0xc22877d3) c1_fflags 0x0000000000000019 x15 0x7fffffffffffffff
core   0: 0x00000000800054be (0x7ffa0293) addi    t0, s4, 2047
core   0: 1 0x00000000800054be (0x7ffa0293) x5  0x00000000000007ff
core   0: 0x00000000800054c2 (0x80058e93) addi    t4, a1, -2048
core   0: 1 0x00000000800054c2 (0x80058e93) x29 0xfffffffffffff800
core   0: 0x00000000800054c6 (0x40578933) sub     s2, a5, t0
core   0: 1 0x00000000800054c6 (0x40578933) x18 0x7ffffffffffff800
core   0: 0x00000000800054ca (0x40035e1b) sraiw   t3, t1, 0
core   0: 1 0x00000000800054ca (0x40035e1b) x28 0xffffffffffffffff
core   0: 0x00000000800054ce (0x039d0533) mul     a0, s10, s9
core   0: 1 0x00000000800054ce (0x039d0533) x10 0x0000000000000000
core   0: 0x00000000800054d2 (0x1ae77753) fdiv.d  fa4, fa4, fa4
core   0: 1 0x00000000800054d2 (0x1ae77753) f14 0x7ff8000000000000
core   0: 0x00000000800054d6 (0x00041a1b) slliw   s4, s0, 0
core   0: 1 0x00000000800054d6 (0x00041a1b) x20 0x00000000000003bd
core   0: 0x00000000800054da (0xc2077953) fcvt.w.d s2, fa4
core   0: 1 0x00000000800054da (0xc2077953) c1_fflags 0x0000000000000019 x18 0x000000007fffffff
core   0: 0x00000000800054de (0xa30d8ed3) fle.d   t4, fs11, fa6
core   0: 1 0x00000000800054de (0xa30d8ed3) c1_fflags 0x0000000000000019 x29 0x0000000000000000
core   0: 0x00000000800054e2 (0xd23ef153) fcvt.d.lu ft2, t4
core   0: 1 0x00000000800054e2 (0xd23ef153) f2  0x0000000000000000
core   0: 0x00000000800054e6 (0x00000001) c.nop
core   0: 1 0x00000000800054e6 (0x0001)
core   0: 0x00000000800054e8 (0x00000001) c.nop
core   0: 1 0x00000000800054e8 (0x0001)
core   0: 0x00000000800054ea (0x02319033) mulh    zero, gp, gp
core   0: 1 0x00000000800054ea (0x02319033)
core   0: 0x00000000800054ee (0xc22a79d3) fcvt.l.d s3, fs4
core   0: 1 0x00000000800054ee (0xc22a79d3) c1_fflags 0x0000000000000019 x19 0x7fffffffffffffff
core   0: 0x00000000800054f2 (0x03c9ed33) rem     s10, s3, t3
core   0: 1 0x00000000800054f2 (0x03c9ed33) x26 0x0000000000000000
core   0: 0x00000000800054f6 (0x94940993) addi    s3, s0, -1719
core   0: 1 0x00000000800054f6 (0x94940993) x19 0xfffffffffffffd06
core   0: 0x00000000800054fa (0x401d5b1b) sraiw   s6, s10, 1
core   0: 1 0x00000000800054fa (0x401d5b1b) x22 0x0000000000000000
core   0: 0x00000000800054fe (0x401772d3) fcvt.s.d ft5, fa4
core   0: 1 0x00000000800054fe (0x401772d3) f5  0xffffffff7fc00000
core   0: 0x0000000080005502 (0xfff88a1b) addiw   s4, a7, -1
core   0: 1 0x0000000080005502 (0xfff88a1b) x20 0xffffffffffffffff
core   0: 0x0000000080005506 (0x2afe1e53) fmax.d  ft8, ft8, fa5
core   0: 1 0x0000000080005506 (0x2afe1e53) f28 0x0000000000000000
core   0: 0x000000008000550a (0x028b4813) xori    a6, s6, 40
core   0: 1 0x000000008000550a (0x028b4813) x16 0x0000000000000028
core   0: 0x000000008000550e (0x016b2133) slt     sp, s6, s6
core   0: 1 0x000000008000550e (0x016b2133) x2  0x0000000000000000
core   0: 0x0000000080005512 (0x5e5b0d13) addi    s10, s6, 1509
core   0: 1 0x0000000080005512 (0x5e5b0d13) x26 0x00000000000005e5
core   0: 0x0000000080005516 (0x4001591b) sraiw   s2, sp, 0
core   0: 1 0x0000000080005516 (0x4001591b) x18 0x0000000000000000
core   0: 0x000000008000551a (0x00895cb3) srl     s9, s2, s0
core   0: 1 0x000000008000551a (0x00895cb3) x25 0x0000000000000000
core   0: 0x000000008000551e (0xd2110853) fcvt.d.wu fa6, sp
core   0: 1 0x000000008000551e (0xd2110853) f16 0x0000000000000000
core   0: 0x0000000080005522 (0xc2137b53) fcvt.wu.d s6, ft6
core   0: 1 0x0000000080005522 (0xc2137b53) c1_fflags 0x0000000000000019 x22 0xffffffffffffffff
core   0: 0x0000000080005526 (0x0313ebbb) remw    s7, t2, a7
core   0: 1 0x0000000080005526 (0x0313ebbb) x23 0xffffffffaa0bc000
core   0: 0x000000008000552a (0xfd3d8a93) addi    s5, s11, -45
core   0: 1 0x000000008000552a (0xfd3d8a93) x21 0xffffffffffffffd3
core   0: 0x000000008000552e (0x22efadd3) fsgnjx.d fs11, ft11, fa4
core   0: 1 0x000000008000552e (0x22efadd3) f27 0x0000000000000000
core   0: 0x0000000080005532 (0x001e5113) srli    sp, t3, 1
core   0: 1 0x0000000080005532 (0x001e5113) x2  0x7fffffffffffffff
core   0: 0x0000000080005536 (0x00b054b3) srl     s1, zero, a1
core   0: 1 0x0000000080005536 (0x00b054b3) x9  0x0000000000000000
core   0: 0x000000008000553a (0x00000001) c.nop
core   0: 1 0x000000008000553a (0x0001)
core   0: 0x000000008000553c (0xd2048f53) fcvt.d.w ft10, s1
core   0: 1 0x000000008000553c (0xd2048f53) f30 0x0000000000000000
core   0: 0x0000000080005540 (0xc23ef1d3) fcvt.lu.d gp, ft9
core   0: 1 0x0000000080005540 (0xc23ef1d3) x3  0x0000000080005f00
core   0: 0x0000000080005544 (0x000015bb) sllw    a1, zero, zero
core   0: 1 0x0000000080005544 (0x000015bb) x11 0x0000000000000000
core   0: 0x0000000080005548 (0x001e1a1b) slliw   s4, t3, 1
core   0: 1 0x0000000080005548 (0x001e1a1b) x20 0xfffffffffffffffe
core   0: 0x000000008000554c (0x01a91933) sll     s2, s2, s10
core   0: 1 0x000000008000554c (0x01a91933) x18 0x0000000000000000
core   0: 0x0000000080005550 (0x028682b3) mul     t0, a3, s0
core   0: 1 0x0000000080005550 (0x028682b3) x5  0x00000000001b0b4c
core   0: 0x0000000080005554 (0x22092b53) fsgnjx.d fs6, fs2, ft0
core   0: 1 0x0000000080005554 (0x22092b53) f22 0x7ff8000000000000
core   0: 0x0000000080005558 (0xfc0af7b7) lui     a5, 0xfc0af
core   0: 1 0x0000000080005558 (0xfc0af7b7) x15 0xfffffffffc0af000
core   0: 0x000000008000555c (0xd497879b) addiw   a5, a5, -695
core   0: 1 0x000000008000555c (0xd497879b) x15 0xfffffffffc0aed49
core   0: 0x0000000080005560 (0x000007b6) c.slli  a5, 13
core   0: 1 0x0000000080005560 (0x07b6) x15 0xffffff815da92000
core   0: 0x0000000080005562 (0xe8178793) addi    a5, a5, -383
core   0: 1 0x0000000080005562 (0xe8178793) x15 0xffffff815da91e81
core   0: 0x0000000080005566 (0x401b7e53) fcvt.s.d ft8, fs6
core   0: 1 0x0000000080005566 (0x401b7e53) f28 0xffffffff7fc00000
core   0: 0x000000008000556a (0x40fbdc93) srai    s9, s7, 15
core   0: 1 0x000000008000556a (0x40fbdc93) x25 0xffffffffffff5417
core   0: 0x000000008000556e (0x2a220053) fmin.d  ft0, ft4, ft2
core   0: 1 0x000000008000556e (0x2a220053) f0  0x0000000000000000
core   0: 0x0000000080005572 (0x035ed13b) divuw   sp, t4, s5
core   0: 1 0x0000000080005572 (0x035ed13b) x2  0x0000000000000000
core   0: 0x0000000080005576 (0x2b29fe4f) fnmadd.d ft8, fs3, fs2, ft5
core   0: 1 0x0000000080005576 (0x2b29fe4f) f28 0x7ff8000000000000
core   0: 0x000000008000557a (0x0ae97fd3) fsub.d  ft11, fs2, fa4
core   0: 1 0x000000008000557a (0x0ae97fd3) f31 0x7ff8000000000000
core   0: 0x000000008000557e (0x40165c9b) sraiw   s9, a2, 1
core   0: 1 0x000000008000557e (0x40165c9b) x25 0xffffffffc000302c
core   0: 0x0000000080005582 (0x401bdd93) srai    s11, s7, 1
core   0: 1 0x0000000080005582 (0x401bdd93) x27 0xffffffffd505e000
core   0: 0x0000000080005586 (0xc227f1d3) fcvt.l.d gp, fa5
core   0: 1 0x0000000080005586 (0xc227f1d3) c1_fflags 0x0000000000000019 x3  0x7fffffffffffffff
core   0: 0x000000008000558a (0x0111d493) srli    s1, gp, 17
core   0: 1 0x000000008000558a (0x0111d493) x9  0x00003fffffffffff
core   0: 0x000000008000558e (0xd021f453) fcvt.s.l fs0, gp
core   0: 1 0x000000008000558e (0xd021f453) c1_fflags 0x0000000000000019 f8  0xffffffff5f000000
core   0: 0x0000000080005592 (0x9bcb8b93) addi    s7, s7, -1604
core   0: 1 0x0000000080005592 (0x9bcb8b93) x23 0xffffffffaa0bb9bc
core   0: 0x0000000080005596 (0x8006869b) addiw   a3, a3, -2048
core   0: 1 0x0000000080005596 (0x8006869b) x13 0xffffffffffffff3c
core   0: 0x000000008000559a (0x40155b1b) sraiw   s6, a0, 1
core   0: 1 0x000000008000559a (0x40155b1b) x22 0x0000000000000000
core   0: 0x000000008000559e (0x5a777593) andi    a1, a4, 1447
core   0: 1 0x000000008000559e (0x5a777593) x11 0x0000000000000081
core   0: 0x00000000800055a2 (0x14005a73) csrrwi  s4, sscratch, 0
core   0: 1 0x00000000800055a2 (0x14005a73) x20 0x0000000000000019 c320_sscratch 0x0000000000000000
core   0: 0x00000000800055a6 (0x40b50d3b) subw    s10, a0, a1
core   0: 1 0x00000000800055a6 (0x40b50d3b) x26 0xffffffffffffff7f
core   0: 0x00000000800055aa (0x4011d213) srai    tp, gp, 1
core   0: 1 0x00000000800055aa (0x4011d213) x4  0x3fffffffffffffff
core   0: 0x00000000800055ae (0x41f15e9b) sraiw   t4, sp, 31
core   0: 1 0x00000000800055ae (0x41f15e9b) x29 0x0000000000000000
core   0: 0x00000000800055b2 (0x00000001) c.nop
core   0: 1 0x00000000800055b2 (0x0001)
core   0: 0x00000000800055b4 (0x002677b3) and     a5, a2, sp
core   0: 1 0x00000000800055b4 (0x002677b3) x15 0x0000000000000000
core   0: 0x00000000800055b8 (0x2a4750b7) lui     ra, 0x2a475
core   0: 1 0x00000000800055b8 (0x2a4750b7) x1  0x000000002a475000
core   0: 0x00000000800055bc (0x018208bb) addw    a7, tp, s8
core   0: 1 0x00000000800055bc (0x018208bb) x17 0xffffffff80006059
core   0: 0x00000000800055c0 (0xc02673f3) csrrci  t2, instret, 12
core   0: exception trap_illegal_instruction, epc 0x00000000800055c0
core   0:           tval 0x00000000c02673f3
core   0: >>>>  $xrv64i2p1_m2p0_a2p1_f2p2_d2p2_zicsr2p0_zifencei2p0_zmmul1p0_zba1p0_zbb1p0_zbc1p0_zbs1p0
core   0: 0x0000000080004000 (0x0080006f) j       pc + 0x8
core   0: 3 0x0000000080004000 (0x0080006f)
core   0: >>>>  mmode_exception_handler
core   0: 0x0000000080004008 (0x00002c17) auipc   s8, 0x2
core   0: 3 0x0000000080004008 (0x00002c17) x24 0x0000000080006008
core   0: 0x000000008000400c (0x052c0c13) addi    s8, s8, 82
core   0: 3 0x000000008000400c (0x052c0c13) x24 0x000000008000605a
core   0: 0x0000000080004010 (0x000c00e7) jalr    s8
core   0: 3 0x0000000080004010 (0x000c00e7) x1  0x0000000080004014
core   0: >>>>  any_handler
core   0: 0x000000008000605a (0x341027f3) csrrs   a5, mepc, zero
core   0: 3 0x000000008000605a (0x341027f3) x15 0x00000000800055c0
core   0: 0x000000008000605e (0x34202773) csrrs   a4, mcause, zero
core   0: 3 0x000000008000605e (0x34202773) x14 0x0000000000000002
core   0: 0x0000000080006062 (0x142026f3) csrrs   a3, scause, zero
core   0: 3 0x0000000080006062 (0x142026f3) x13 0x0000000000000000
core   0: 0x0000000080006066 (0x30402673) csrrs   a2, mie, zero
core   0: 3 0x0000000080006066 (0x30402673) x12 0x0000000000000a00
core   0: 0x000000008000606a (0x344025f3) csrrs   a1, mip, zero
core   0: 3 0x000000008000606a (0x344025f3) x11 0x0000000000000080
core   0: 0x000000008000606e (0x343025f3) csrrs   a1, mtval, zero
core   0: 3 0x000000008000606e (0x343025f3) x11 0x00000000c02673f3
core   0: 0x0000000080006072 (0x14302573) csrrs   a0, stval, zero
core   0: 3 0x0000000080006072 (0x14302573) x10 0x0000000000000000
core   0: 0x0000000080006076 (0xb02024f3) csrrs   s1, minstret, zero
core   0: 3 0x0000000080006076 (0xb02024f3) x9  0x0000000000000f66
core   0: 0x000000008000607a (0x0000a811) c.j     pc + 20
core   0: 3 0x000000008000607a (0xa811)
core   0: >>>>  mepc_4
core   0: 0x000000008000608e (0x00000791) c.addi  a5, 4
core   0: 3 0x000000008000608e (0x0791) x15 0x00000000800055c4
core   0: 0x0000000080006090 (0x34179073) csrrw   zero, mepc, a5
core   0: 3 0x0000000080006090 (0x34179073) c833_mepc 0x00000000800055c4
core   0: 0x0000000080006094 (0x30200073) mret
core   0: 3 0x0000000080006094 (0x30200073) c768_mstatus 0x8000000a00106080
core   0: 0x00000000800055c4 (0x41c9593b) sraw    s2, s2, t3
core   0: 1 0x00000000800055c4 (0x41c9593b) x18 0x0000000000000000
core   0: 0x00000000800055c8 (0x5a0a7d53) fsqrt.d fs10, fs4
core   0: 1 0x00000000800055c8 (0x5a0a7d53) f26 0x7ff8000000000000
core   0: 0x00000000800055cc (0x401d8c3b) subw    s8, s11, ra
core   0: 1 0x00000000800055cc (0x401d8c3b) x24 0x0000000055059fec
core   0: 0x00000000800055d0 (0x4c8a4413) xori    s0, s4, 1224
core   0: 1 0x00000000800055d0 (0x4c8a4413) x8  0x00000000000004d1
core   0: 0x00000000800055d4 (0x00146a33) or      s4, s0, ra
core   0: 1 0x00000000800055d4 (0x00146a33) x20 0x00000000800044d5
core   0: 0x00000000800055d8 (0xc050fc73) csrrci  s8, hpmcounter5, 1
core   0: exception trap_illegal_instruction, epc 0x00000000800055d8
core   0:           tval 0x00000000c050fc73
core   0: >>>>  $xrv64i2p1_m2p0_a2p1_f2p2_d2p2_zicsr2p0_zifencei2p0_zmmul1p0_zba1p0_zbb1p0_zbc1p0_zbs1p0
core   0: 0x0000000080004000 (0x0080006f) j       pc + 0x8
core   0: 3 0x0000000080004000 (0x0080006f)
core   0: >>>>  mmode_exception_handler
core   0: 0x0000000080004008 (0x00002c17) auipc   s8, 0x2
core   0: 3 0x0000000080004008 (0x00002c17) x24 0x0000000080006008
core   0: 0x000000008000400c (0x052c0c13) addi    s8, s8, 82
core   0: 3 0x000000008000400c (0x052c0c13) x24 0x000000008000605a
core   0: 0x0000000080004010 (0x000c00e7) jalr    s8
core   0: 3 0x0000000080004010 (0x000c00e7) x1  0x0000000080004014
core   0: >>>>  any_handler
core   0: 0x000000008000605a (0x341027f3) csrrs   a5, mepc, zero
core   0: 3 0x000000008000605a (0x341027f3) x15 0x00000000800055d8
core   0: 0x000000008000605e (0x34202773) csrrs   a4, mcause, zero
core   0: 3 0x000000008000605e (0x34202773) x14 0x0000000000000002
core   0: 0x0000000080006062 (0x142026f3) csrrs   a3, scause, zero
core   0: 3 0x0000000080006062 (0x142026f3) x13 0x0000000000000000
core   0: 0x0000000080006066 (0x30402673) csrrs   a2, mie, zero
core   0: 3 0x0000000080006066 (0x30402673) x12 0x0000000000000a00
core   0: 0x000000008000606a (0x344025f3) csrrs   a1, mip, zero
core   0: 3 0x000000008000606a (0x344025f3) x11 0x0000000000000080
core   0: 0x000000008000606e (0x343025f3) csrrs   a1, mtval, zero
core   0: 3 0x000000008000606e (0x343025f3) x11 0x00000000c050fc73
core   0: 0x0000000080006072 (0x14302573) csrrs   a0, stval, zero
core   0: 3 0x0000000080006072 (0x14302573) x10 0x0000000000000000
core   0: 0x0000000080006076 (0xb02024f3) csrrs   s1, minstret, zero
core   0: 3 0x0000000080006076 (0xb02024f3) x9  0x0000000000000f7b
core   0: 0x000000008000607a (0x0000a811) c.j     pc + 20
core   0: 3 0x000000008000607a (0xa811)
core   0: >>>>  mepc_4
core   0: 0x000000008000608e (0x00000791) c.addi  a5, 4
core   0: 3 0x000000008000608e (0x0791) x15 0x00000000800055dc
core   0: 0x0000000080006090 (0x34179073) csrrw   zero, mepc, a5
core   0: 3 0x0000000080006090 (0x34179073) c833_mepc 0x00000000800055dc
core   0: 0x0000000080006094 (0x30200073) mret
core   0: 3 0x0000000080006094 (0x30200073) c768_mstatus 0x8000000a00106080
core   0: 0x00000000800055dc (0x00935a9b) srliw   s5, t1, 9
core   0: 1 0x00000000800055dc (0x00935a9b) x21 0x00000000007fffff
core   0: 0x00000000800055e0 (0x011cdbbb) srlw    s7, s9, a7
core   0: 1 0x00000000800055e0 (0x011cdbbb) x23 0x0000000000000060
core   0: 0x00000000800055e4 (0x0378c03b) divw    zero, a7, s7
core   0: 1 0x00000000800055e4 (0x0378c03b)
core   0: 0x00000000800055e8 (0xc205fb53) fcvt.w.d s6, fa1
core   0: 1 0x00000000800055e8 (0xc205fb53) x22 0x0000000000000000
core   0: 0x00000000800055ec (0x106e9073) csrrw   zero, scounteren, t4
core   0: 1 0x00000000800055ec (0x106e9073) c262_scounteren 0x0000000000000000
core   0: 0x00000000800055f0 (0x40e58bbb) subw    s7, a1, a4
core   0: 1 0x00000000800055f0 (0x40e58bbb) x23 0xffffffffc050fc71
core   0: 0x00000000800055f4 (0x1aa9f3d3) fdiv.d  ft7, fs3, fa0
core   0: 1 0x00000000800055f4 (0x1aa9f3d3) c1_fflags 0x0000000000000019 f7  0x7ff8000000000000
core   0: 0x00000000800055f8 (0x02b995b3) mulh    a1, s3, a1
core   0: 1 0x00000000800055f8 (0x02b995b3) x11 0xffffffffffffffff
core   0: 0x00000000800055fc (0x03be7ad3) fadd.d  fs5, ft8, fs11
core   0: 1 0x00000000800055fc (0x03be7ad3) f21 0x7ff8000000000000
core   0: 0x0000000080005600 (0x0b5c7053) fsub.d  ft0, fs8, fs5
core   0: 1 0x0000000080005600 (0x0b5c7053) f0  0x7ff8000000000000
core   0: 0x0000000080005604 (0xc2117353) fcvt.wu.d t1, ft2
core   0: 1 0x0000000080005604 (0xc2117353) x6  0x0000000000000000
core   0: 0x0000000080005608 (0x023c55b7) lui     a1, 0x23c5
core   0: 1 0x0000000080005608 (0x023c55b7) x11 0x00000000023c5000
core   0: 0x000000008000560c (0x1995859b) addiw   a1, a1, 409
core   0: 1 0x000000008000560c (0x1995859b) x11 0x00000000023c5199
core   0: 0x0000000080005610 (0x000005b6) c.slli  a1, 13
core   0: 1 0x0000000080005610 (0x05b6) x11 0x000000478a332000
core   0: 0x0000000080005612 (0x4b658593) addi    a1, a1, 1206
core   0: 1 0x0000000080005612 (0x4b658593) x11 0x000000478a3324b6
core   0: 0x0000000080005616 (0x320b70f3) csrrci  ra, mcountinhibit, 22
core   0: exception trap_illegal_instruction, epc 0x0000000080005616
core   0:           tval 0x00000000320b70f3
core   0: >>>>  $xrv64i2p1_m2p0_a2p1_f2p2_d2p2_zicsr2p0_zifencei2p0_zmmul1p0_zba1p0_zbb1p0_zbc1p0_zbs1p0
core   0: 0x0000000080004000 (0x0080006f) j       pc + 0x8
core   0: 3 0x0000000080004000 (0x0080006f)
core   0: >>>>  mmode_exception_handler
core   0: 0x0000000080004008 (0x00002c17) auipc   s8, 0x2
core   0: 3 0x0000000080004008 (0x00002c17) x24 0x0000000080006008
core   0: 0x000000008000400c (0x052c0c13) addi    s8, s8, 82
core   0: 3 0x000000008000400c (0x052c0c13) x24 0x000000008000605a
core   0: 0x0000000080004010 (0x000c00e7) jalr    s8
core   0: 3 0x0000000080004010 (0x000c00e7) x1  0x0000000080004014
core   0: >>>>  any_handler
core   0: 0x000000008000605a (0x341027f3) csrrs   a5, mepc, zero
core   0: 3 0x000000008000605a (0x341027f3) x15 0x0000000080005616
core   0: 0x000000008000605e (0x34202773) csrrs   a4, mcause, zero
core   0: 3 0x000000008000605e (0x34202773) x14 0x0000000000000002
core   0: 0x0000000080006062 (0x142026f3) csrrs   a3, scause, zero
core   0: 3 0x0000000080006062 (0x142026f3) x13 0x0000000000000000
core   0: 0x0000000080006066 (0x30402673) csrrs   a2, mie, zero
core   0: 3 0x0000000080006066 (0x30402673) x12 0x0000000000000a00
core   0: 0x000000008000606a (0x344025f3) csrrs   a1, mip, zero
core   0: 3 0x000000008000606a (0x344025f3) x11 0x0000000000000080
core   0: 0x000000008000606e (0x343025f3) csrrs   a1, mtval, zero
core   0: 3 0x000000008000606e (0x343025f3) x11 0x00000000320b70f3
core   0: 0x0000000080006072 (0x14302573) csrrs   a0, stval, zero
core   0: 3 0x0000000080006072 (0x14302573) x10 0x0000000000000000
core   0: 0x0000000080006076 (0xb02024f3) csrrs   s1, minstret, zero
core   0: 3 0x0000000080006076 (0xb02024f3) x9  0x0000000000000f9a
core   0: 0x000000008000607a (0x0000a811) c.j     pc + 20
core   0: 3 0x000000008000607a (0xa811)
core   0: >>>>  mepc_4
core   0: 0x000000008000608e (0x00000791) c.addi  a5, 4
core   0: 3 0x000000008000608e (0x0791) x15 0x000000008000561a
core   0: 0x0000000080006090 (0x34179073) csrrw   zero, mepc, a5
core   0: 3 0x0000000080006090 (0x34179073) c833_mepc 0x000000008000561a
core   0: 0x0000000080006094 (0x30200073) mret
core   0: 3 0x0000000080006094 (0x30200073) c768_mstatus 0x8000000a00106080
core   0: 0x000000008000561a (0x2b578a53) fmin.d  fs4, fa5, fs5
core   0: 1 0x000000008000561a (0x2b578a53) f20 0x7ff8000000000000
core   0: 0x000000008000561e (0x23e7a4d3) fsgnjx.d fs1, fa5, ft10
core   0: 1 0x000000008000561e (0x23e7a4d3) f9  0xfff8000000000000
core   0: 0x0000000080005622 (0xd02e7f53) fcvt.s.l ft10, t3
core   0: 1 0x0000000080005622 (0xd02e7f53) f30 0xffffffffbf800000
core   0: 0x0000000080005626 (0x00000001) c.nop
core   0: 1 0x0000000080005626 (0x0001)
core   0: 0x0000000080005628 (0x028e7eb3) remu    t4, t3, s0
core   0: 1 0x0000000080005628 (0x028e7eb3) x29 0x00000000000002e8
core   0: 0x000000008000562c (0x000e9913) slli    s2, t4, 0
core   0: 1 0x000000008000562c (0x000e9913) x18 0x00000000000002e8
core   0: 0x0000000080005630 (0x0292023b) mulw    tp, tp, s1
core   0: 1 0x0000000080005630 (0x0292023b) x4  0xfffffffffffff066
core   0: 0x0000000080005634 (0x1252fcd3) fmul.d  fs9, ft5, ft5
core   0: 1 0x0000000080005634 (0x1252fcd3) f25 0x7ff8000000000000
core   0: 0x0000000080005638 (0xd239fe53) fcvt.d.lu ft8, s3
core   0: 1 0x0000000080005638 (0xd239fe53) c1_fflags 0x0000000000000019 f28 0x43f0000000000000
core   0: 0x000000008000563c (0x43fcda13) srai    s4, s9, 63
core   0: 1 0x000000008000563c (0x43fcda13) x20 0xffffffffffffffff
core   0: 0x0000000080005640 (0x015a521b) srliw   tp, s4, 21
core   0: 1 0x0000000080005640 (0x015a521b) x4  0x00000000000007ff
core   0: 0x0000000080005644 (0x0242713b) remuw   sp, tp, tp
core   0: 1 0x0000000080005644 (0x0242713b) x2  0x0000000000000000
core   0: 0x0000000080005648 (0xa3cf06d3) fle.d   a3, ft10, ft8
core   0: 1 0x0000000080005648 (0xa3cf06d3) c1_fflags 0x0000000000000019 x13 0x0000000000000000
core   0: 0x000000008000564c (0x02dadbbb) divuw   s7, s5, a3
core   0: 1 0x000000008000564c (0x02dadbbb) x23 0xffffffffffffffff
core   0: 0x0000000080005650 (0xf27cf44b) fnmsub.d fs0, fs9, ft7, ft10
core   0: 1 0x0000000080005650 (0xf27cf44b) f8  0x7ff8000000000000
core   0: 0x0000000080005654 (0xa39a00d3) fle.d   ra, fs4, fs9
core   0: 1 0x0000000080005654 (0xa39a00d3) c1_fflags 0x0000000000000019 x1  0x0000000000000000
core   0: 0x0000000080005658 (0x02c88d33) mul     s10, a7, a2
core   0: 1 0x0000000080005658 (0x02c88d33) x26 0xfffffb0003c37a00
core   0: 0x000000008000565c (0x401d541b) sraiw   s0, s10, 1
core   0: 1 0x000000008000565c (0x401d541b) x8  0x0000000001e1bd00
core   0: 0x0000000080005660 (0x22ce9753) fsgnjn.d fa4, ft9, fa2
core   0: 1 0x0000000080005660 (0x22ce9753) f14 0xc1e0000be0000000
core   0: 0x0000000080005664 (0x00a19533) sll     a0, gp, a0
core   0: 1 0x0000000080005664 (0x00a19533) x10 0x7fffffffffffffff
core   0: 0x0000000080005668 (0x02acf23b) remuw   tp, s9, a0
core   0: 1 0x0000000080005668 (0x02acf23b) x4  0xffffffffc000302c
core   0: 0x000000008000566c (0xee318813) addi    a6, gp, -285
core   0: 1 0x000000008000566c (0xee318813) x16 0x7ffffffffffffee2
core   0: 0x0000000080005670 (0x005b1b3b) sllw    s6, s6, t0
core   0: 1 0x0000000080005670 (0x005b1b3b) x22 0x0000000000000000
core   0: 0x0000000080005674 (0x0161d1bb) srlw    gp, gp, s6
core   0: 1 0x0000000080005674 (0x0161d1bb) x3  0xffffffffffffffff
core   0: 0x0000000080005678 (0x005292bb) sllw    t0, t0, t0
core   0: 1 0x0000000080005678 (0x005292bb) x5  0xffffffffb0b4c000
core   0: 0x000000008000567c (0x0069e933) or      s2, s3, t1
core   0: 1 0x000000008000567c (0x0069e933) x18 0xfffffffffffffd06
core   0: 0x0000000080005680 (0x0282ecb3) rem     s9, t0, s0
core   0: 1 0x0000000080005680 (0x0282ecb3) x25 0xffffffffffbdc200
core   0: 0x0000000080005684 (0xfa06f8c7) fmsub.d fa7, fa3, ft0, ft11
core   0: 1 0x0000000080005684 (0xfa06f8c7) f17 0x7ff8000000000000
core   0: 0x0000000080005688 (0x0b89ed93) ori     s11, s3, 184
core   0: 1 0x0000000080005688 (0x0b89ed93) x27 0xfffffffffffffdbe
core   0: 0x000000008000568c (0x407383bb) subw    t2, t2, t2
core   0: 1 0x000000008000568c (0x407383bb) x7  0x0000000000000000
core   0: 0x0000000080005690 (0xf20c8953) fmv.d.x fs2, s9
core   0: 1 0x0000000080005690 (0xf20c8953) f18 0xffffffffffbdc200
core   0: 0x0000000080005694 (0xd0337ed3) fcvt.s.lu ft9, t1
core   0: 1 0x0000000080005694 (0xd0337ed3) f29 0xffffffff00000000
core   0: 0x0000000080005698 (0xd20d8ed3) fcvt.d.w ft9, s11
core   0: 1 0x0000000080005698 (0xd20d8ed3) f29 0xc082100000000000
core   0: 0x000000008000569c (0x6223c693) xori    a3, t2, 1570
core   0: 1 0x000000008000569c (0x6223c693) x13 0x0000000000000622
core   0: 0x00000000800056a0 (0x01931a13) slli    s4, t1, 25
core   0: 1 0x00000000800056a0 (0x01931a13) x20 0x0000000000000000
core   0: 0x00000000800056a4 (0xd21980d3) fcvt.d.wu ft1, s3
core   0: 1 0x00000000800056a4 (0xd21980d3) f1  0x41efffffa0c00000
core   0: 0x00000000800056a8 (0x007d5dbb) srlw    s11, s10, t2
core   0: 1 0x00000000800056a8 (0x007d5dbb) x27 0x0000000003c37a00
core   0: 0x00000000800056ac (0x0b50ff47) fmsub.d ft10, ft1, fs5, ft1
core   0: 1 0x00000000800056ac (0x0b50ff47) f30 0x7ff8000000000000
core   0: 0x00000000800056b0 (0x004adabb) srlw    s5, s5, tp
core   0: 1 0x00000000800056b0 (0x004adabb) x21 0x00000000000007ff
core   0: 0x00000000800056b4 (0x0287453b) divw    a0, a4, s0
core   0: 1 0x00000000800056b4 (0x0287453b) x10 0x0000000000000000
core   0: 0x00000000800056b8 (0x00279ef3) csrrw   t4, frm, a5
core   0: 1 0x00000000800056b8 (0x00279ef3) x29 0x0000000000000000 c2_frm 0x0000000000000002
core   0: 0x00000000800056bc (0x00000001) c.nop
core   0: 1 0x00000000800056bc (0x0001)
core   0: 0x00000000800056be (0xf2078dd3) fmv.d.x fs11, a5
core   0: 1 0x00000000800056be (0xf2078dd3) f27 0x000000008000561a
core   0: 0x00000000800056c2 (0xe20f8bd3) fmv.x.d s7, ft11
core   0: 1 0x00000000800056c2 (0xe20f8bd3) x23 0x7ff8000000000000
core   0: 0x00000000800056c6 (0xd20c0b53) fcvt.d.w fs6, s8
core   0: 1 0x00000000800056c6 (0xd20c0b53) f22 0xc1dfffe7e9800000
core   0: 0x00000000800056ca (0x001c1673) csrrw   a2, fflags, s8
core   0: 1 0x00000000800056ca (0x001c1673) x12 0x0000000000000019 c1_fflags 0x000000000000001a
core   0: 0x00000000800056ce (0x401085bb) subw    a1, ra, ra
core   0: 1 0x00000000800056ce (0x401085bb) x11 0x0000000000000000
core   0: 0x00000000800056d2 (0xd2108953) fcvt.d.wu fs2, ra
core   0: 1 0x00000000800056d2 (0xd2108953) f18 0x0000000000000000
core   0: 0x00000000800056d6 (0x15c5fe13) andi    t3, a1, 348
core   0: 1 0x00000000800056d6 (0x15c5fe13) x28 0x0000000000000000
core   0: 0x00000000800056da (0x236a24d3) fsgnjx.d fs1, fs4, fs6
core   0: 1 0x00000000800056da (0x236a24d3) f9  0xfff8000000000000
core   0: 0x00000000800056de (0x0269433b) divw    t1, s2, t1
core   0: 1 0x00000000800056de (0x0269433b) x6  0xffffffffffffffff
core   0: 0x00000000800056e2 (0xde723e97) auipc   t4, 0xde723
core   0: 1 0x00000000800056e2 (0xde723e97) x29 0x000000005e7286e2
core   0: 0x00000000800056e6 (0x017d583b) srlw    a6, s10, s7
core   0: 1 0x00000000800056e6 (0x017d583b) x16 0x0000000003c37a00
core   0: 0x00000000800056ea (0x00005393) srli    t2, zero, 0
core   0: 1 0x00000000800056ea (0x00005393) x7  0x0000000000000000
core   0: 0x00000000800056ee (0x002619f3) csrrw   s3, frm, a2
core   0: 1 0x00000000800056ee (0x002619f3) x19 0x0000000000000002 c2_frm 0x0000000000000001
core   0: 0x00000000800056f2 (0x136bf1d3) fmul.d  ft3, fs7, fs6
core   0: 1 0x00000000800056f2 (0x136bf1d3) f3  0x7ff8000000000000
core   0: 0x00000000800056f6 (0x00f6969b) slliw   a3, a3, 15
core   0: 1 0x00000000800056f6 (0x00f6969b) x13 0x0000000003110000
core   0: 0x00000000800056fa (0x03ca84b3) mul     s1, s5, t3
core   0: 1 0x00000000800056fa (0x03ca84b3) x9  0x0000000000000000
core   0: 0x00000000800056fe (0x0106983b) sllw    a6, a3, a6
core   0: 1 0x00000000800056fe (0x0106983b) x16 0x0000000003110000
core   0: 0x0000000080005702 (0xd0337353) fcvt.s.lu ft6, t1
core   0: 1 0x0000000080005702 (0xd0337353) c1_fflags 0x000000000000001b f6  0xffffffff5f7fffff
core   0: 0x0000000080005706 (0x02c8d393) srli    t2, a7, 44
core   0: 1 0x0000000080005706 (0x02c8d393) x7  0x00000000000fffff
core   0: 0x000000008000570a (0xd273724f) fnmadd.d ft4, ft6, ft7, fs10
core   0: 1 0x000000008000570a (0xd273724f) f4  0x7ff8000000000000
core   0: 0x000000008000570e (0x22a2a8d3) fsgnjx.d fa7, ft5, fa0
core   0: 1 0x000000008000570e (0x22a2a8d3) f17 0xffffffff7fc00000
core   0: 0x0000000080005712 (0x4021513b) sraw    sp, sp, sp
core   0: 1 0x0000000080005712 (0x4021513b) x2  0x0000000000000000
core   0: 0x0000000080005716 (0x1a527c53) fdiv.d  fs8, ft4, ft5
core   0: 1 0x0000000080005716 (0x1a527c53) f24 0x7ff8000000000000
core   0: 0x000000008000571a (0x9083fe13) andi    t3, t2, -1784
core   0: 1 0x000000008000571a (0x9083fe13) x28 0x00000000000ff908
core   0: 0x000000008000571e (0x7ffbf793) andi    a5, s7, 2047
core   0: 1 0x000000008000571e (0x7ffbf793) x15 0x0000000000000000
core   0: 0x0000000080005722 (0x224da853) fsgnjx.d fa6, fs11, ft4
core   0: 1 0x0000000080005722 (0x224da853) f16 0x000000008000561a
core   0: 0x0000000080005726 (0xc03bb573) csrrc   a0, hpmcounter3, s7
core   0: exception trap_illegal_instruction, epc 0x0000000080005726
core   0:           tval 0x00000000c03bb573
core   0: >>>>  $xrv64i2p1_m2p0_a2p1_f2p2_d2p2_zicsr2p0_zifencei2p0_zmmul1p0_zba1p0_zbb1p0_zbc1p0_zbs1p0
core   0: 0x0000000080004000 (0x0080006f) j       pc + 0x8
core   0: 3 0x0000000080004000 (0x0080006f)
core   0: >>>>  mmode_exception_handler
core   0: 0x0000000080004008 (0x00002c17) auipc   s8, 0x2
core   0: 3 0x0000000080004008 (0x00002c17) x24 0x0000000080006008
core   0: 0x000000008000400c (0x052c0c13) addi    s8, s8, 82
core   0: 3 0x000000008000400c (0x052c0c13) x24 0x000000008000605a
core   0: 0x0000000080004010 (0x000c00e7) jalr    s8
core   0: 3 0x0000000080004010 (0x000c00e7) x1  0x0000000080004014
core   0: >>>>  any_handler
core   0: 0x000000008000605a (0x341027f3) csrrs   a5, mepc, zero
core   0: 3 0x000000008000605a (0x341027f3) x15 0x0000000080005726
core   0: 0x000000008000605e (0x34202773) csrrs   a4, mcause, zero
core   0: 3 0x000000008000605e (0x34202773) x14 0x0000000000000002
core   0: 0x0000000080006062 (0x142026f3) csrrs   a3, scause, zero
core   0: 3 0x0000000080006062 (0x142026f3) x13 0x0000000000000000
core   0: 0x0000000080006066 (0x30402673) csrrs   a2, mie, zero
core   0: 3 0x0000000080006066 (0x30402673) x12 0x0000000000000a00
core   0: 0x000000008000606a (0x344025f3) csrrs   a1, mip, zero
core   0: 3 0x000000008000606a (0x344025f3) x11 0x0000000000000080
core   0: 0x000000008000606e (0x343025f3) csrrs   a1, mtval, zero
core   0: 3 0x000000008000606e (0x343025f3) x11 0x00000000c03bb573
core   0: 0x0000000080006072 (0x14302573) csrrs   a0, stval, zero
core   0: 3 0x0000000080006072 (0x14302573) x10 0x0000000000000000
core   0: 0x0000000080006076 (0xb02024f3) csrrs   s1, minstret, zero
core   0: 3 0x0000000080006076 (0xb02024f3) x9  0x0000000000000fee
core   0: 0x000000008000607a (0x0000a811) c.j     pc + 20
core   0: 3 0x000000008000607a (0xa811)
core   0: >>>>  mepc_4
core   0: 0x000000008000608e (0x00000791) c.addi  a5, 4
core   0: 3 0x000000008000608e (0x0791) x15 0x000000008000572a
core   0: 0x0000000080006090 (0x34179073) csrrw   zero, mepc, a5
core   0: 3 0x0000000080006090 (0x34179073) c833_mepc 0x000000008000572a
core   0: 0x0000000080006094 (0x30200073) mret
core   0: 3 0x0000000080006094 (0x30200073) c768_mstatus 0x8000000a00106080
core   0: 0x000000008000572a (0x438f7347) fmsub.d ft6, ft10, fs8, fs0
core   0: 1 0x000000008000572a (0x438f7347) f6  0x7ff8000000000000
core   0: 0x000000008000572e (0x033263b3) rem     t2, tp, s3
core   0: 1 0x000000008000572e (0x033263b3) x7  0x0000000000000000
core   0: 0x0000000080005732 (0x0362f753) fadd.d  fa4, ft5, fs6
core   0: 1 0x0000000080005732 (0x0362f753) f14 0x7ff8000000000000
core   0: 0x0000000080005736 (0x02f3fcb3) remu    s9, t2, a5
core   0: 1 0x0000000080005736 (0x02f3fcb3) x25 0x0000000000000000
core   0: 0x000000008000573a (0x10469673) csrrw   a2, sie, a3
core   0: 1 0x000000008000573a (0x10469673) x12 0x0000000000000000 c772_mie 0x0000000000000a00
core   0: 0x000000008000573e (0x05732937) lui     s2, 0x5732
core   0: 1 0x000000008000573e (0x05732937) x18 0x0000000005732000
core   0: 0x0000000080005742 (0xd019091b) addiw   s2, s2, -767
core   0: 1 0x0000000080005742 (0xd019091b) x18 0x0000000005731d01
core   0: 0x0000000080005746 (0x00000932) c.slli  s2, 12
core   0: 1 0x0000000080005746 (0x0932) x18 0x0000005731d01000
core   0: 0x0000000080005748 (0xdbf90913) addi    s2, s2, -577
core   0: 1 0x0000000080005748 (0xdbf90913) x18 0x0000005731d00dbf
core   0: 0x000000008000574c (0x403651bb) sraw    gp, a2, gp
core   0: 1 0x000000008000574c (0x403651bb) x3  0x0000000000000000
core   0: 0x0000000080005750 (0x00b5d01b) srliw   zero, a1, 11
core   0: 1 0x0000000080005750 (0x00b5d01b)
core   0: 0x0000000080005754 (0x0200593b) divuw   s2, zero, zero
core   0: 1 0x0000000080005754 (0x0200593b) x18 0xffffffffffffffff
core   0: 0x0000000080005758 (0x0122dbb3) srl     s7, t0, s2
core   0: 1 0x0000000080005758 (0x0122dbb3) x23 0x0000000000000001
core   0: 0x000000008000575c (0x2b958bd3) fmin.d  fs7, fa1, fs9
core   0: 1 0x000000008000575c (0x2b958bd3) f23 0x0000000000000000
core   0: 0x0000000080005760 (0x002b9293) slli    t0, s7, 2
core   0: 1 0x0000000080005760 (0x002b9293) x5  0x0000000000000004
core   0: 0x0000000080005764 (0x227d28d3) fsgnjx.d fa7, fs10, ft7
core   0: 1 0x0000000080005764 (0x227d28d3) f17 0x7ff8000000000000
core   0: 0x0000000080005768 (0x0ba97353) fsub.d  ft6, fs2, fs10
core   0: 1 0x0000000080005768 (0x0ba97353) f6  0x7ff8000000000000
core   0: 0x000000008000576c (0xe2058bd3) fmv.x.d s7, fa1
core   0: 1 0x000000008000576c (0xe2058bd3) x23 0x0000000000000000
core   0: 0x0000000080005770 (0x40b5d3bb) sraw    t2, a1, a1
core   0: 1 0x0000000080005770 (0x40b5d3bb) x7  0xfffffffffffff807
core   0: 0x0000000080005774 (0x0ff0000f) fence   iorw,iorw
core   0: 1 0x0000000080005774 (0x0ff0000f)
core   0: 0x0000000080005778 (0x027a7a33) remu    s4, s4, t2
core   0: 1 0x0000000080005778 (0x027a7a33) x20 0x0000000000000000
core   0: 0x000000008000577c (0x00e79dbb) sllw    s11, a5, a4
core   0: 1 0x000000008000577c (0x00e79dbb) x27 0x0000000000015ca8
core   0: 0x0000000080005780 (0x001d9573) csrrw   a0, fflags, s11
core   0: 1 0x0000000080005780 (0x001d9573) x10 0x000000000000001b c1_fflags 0x0000000000000008
core   0: 0x0000000080005784 (0x0375523b) divuw   tp, a0, s7
core   0: 1 0x0000000080005784 (0x0375523b) x4  0xffffffffffffffff
core   0: 0x0000000080005788 (0x02440eb3) mul     t4, s0, tp
core   0: 1 0x0000000080005788 (0x02440eb3) x29 0xfffffffffe1e4300
core   0: 0x000000008000578c (0x40d68cb3) sub     s9, a3, a3
core   0: 1 0x000000008000578c (0x40d68cb3) x25 0x0000000000000000
core   0: 0x0000000080005790 (0x01c82833) slt     a6, a6, t3
core   0: 1 0x0000000080005790 (0x01c82833) x16 0x0000000000000000
core   0: 0x0000000080005794 (0x00202ef3) csrrs   t4, frm, zero
core   0: 1 0x0000000080005794 (0x00202ef3) x29 0x0000000000000001
core   0: 0x0000000080005798 (0x032c2c33) mulhsu  s8, s8, s2
core   0: 1 0x0000000080005798 (0x032c2c33) x24 0x0000000080006059
core   0: 0x000000008000579c (0xc214fa53) fcvt.wu.d s4, fs1
core   0: 1 0x000000008000579c (0xc214fa53) c1_fflags 0x0000000000000018 x20 0xffffffffffffffff
core   0: 0x00000000800057a0 (0x007803bb) addw    t2, a6, t2
core   0: 1 0x00000000800057a0 (0x007803bb) x7  0xfffffffffffff807
core   0: 0x00000000800057a4 (0xc0337ad3) fcvt.lu.s s5, ft6
core   0: 1 0x00000000800057a4 (0xc0337ad3) c1_fflags 0x0000000000000018 x21 0xffffffffffffffff
core   0: 0x00000000800057a8 (0xc00e99f3) csrrw   s3, cycle, t4
core   0: exception trap_illegal_instruction, epc 0x00000000800057a8
core   0:           tval 0x00000000c00e99f3
core   0: >>>>  $xrv64i2p1_m2p0_a2p1_f2p2_d2p2_zicsr2p0_zifencei2p0_zmmul1p0_zba1p0_zbb1p0_zbc1p0_zbs1p0
core   0: 0x0000000080004000 (0x0080006f) j       pc + 0x8
core   0: 3 0x0000000080004000 (0x0080006f)
core   0: >>>>  mmode_exception_handler
core   0: 0x0000000080004008 (0x00002c17) auipc   s8, 0x2
core   0: 3 0x0000000080004008 (0x00002c17) x24 0x0000000080006008
core   0: 0x000000008000400c (0x052c0c13) addi    s8, s8, 82
core   0: 3 0x000000008000400c (0x052c0c13) x24 0x000000008000605a
core   0: 0x0000000080004010 (0x000c00e7) jalr    s8
core   0: 3 0x0000000080004010 (0x000c00e7) x1  0x0000000080004014
core   0: >>>>  any_handler
core   0: 0x000000008000605a (0x341027f3) csrrs   a5, mepc, zero
core   0: 3 0x000000008000605a (0x341027f3) x15 0x00000000800057a8
core   0: 0x000000008000605e (0x34202773) csrrs   a4, mcause, zero
core   0: 3 0x000000008000605e (0x34202773) x14 0x0000000000000002
core   0: 0x0000000080006062 (0x142026f3) csrrs   a3, scause, zero
core   0: 3 0x0000000080006062 (0x142026f3) x13 0x0000000000000000
core   0: 0x0000000080006066 (0x30402673) csrrs   a2, mie, zero
core   0: 3 0x0000000080006066 (0x30402673) x12 0x0000000000000a00
core   0: 0x000000008000606a (0x344025f3) csrrs   a1, mip, zero
core   0: 3 0x000000008000606a (0x344025f3) x11 0x0000000000000080
core   0: 0x000000008000606e (0x343025f3) csrrs   a1, mtval, zero
core   0: 3 0x000000008000606e (0x343025f3) x11 0x00000000c00e99f3
core   0: 0x0000000080006072 (0x14302573) csrrs   a0, stval, zero
core   0: 3 0x0000000080006072 (0x14302573) x10 0x0000000000000000
core   0: 0x0000000080006076 (0xb02024f3) csrrs   s1, minstret, zero
core   0: 3 0x0000000080006076 (0xb02024f3) x9  0x000000000000101e
core   0: 0x000000008000607a (0x0000a811) c.j     pc + 20
core   0: 3 0x000000008000607a (0xa811)
core   0: >>>>  mepc_4
core   0: 0x000000008000608e (0x00000791) c.addi  a5, 4
core   0: 3 0x000000008000608e (0x0791) x15 0x00000000800057ac
core   0: 0x0000000080006090 (0x34179073) csrrw   zero, mepc, a5
core   0: 3 0x0000000080006090 (0x34179073) c833_mepc 0x00000000800057ac
core   0: 0x0000000080006094 (0x30200073) mret
core   0: 3 0x0000000080006094 (0x30200073) c768_mstatus 0x8000000a00106080
core   0: 0x00000000800057ac (0xc21e7a53) fcvt.wu.d s4, ft8
core   0: 1 0x00000000800057ac (0xc21e7a53) c1_fflags 0x0000000000000018 x20 0xffffffffffffffff
core   0: 0x00000000800057b0 (0xe2098ad3) fmv.x.d s5, fs3
core   0: 1 0x00000000800057b0 (0xe2098ad3) x21 0x0000000000000000
core   0: 0x00000000800057b4 (0x3a088d1b) addiw   s10, a7, 928
core   0: 1 0x00000000800057b4 (0x3a088d1b) x26 0xffffffff800063f9
core   0: 0x00000000800057b8 (0x00075713) srli    a4, a4, 0
core   0: 1 0x00000000800057b8 (0x00075713) x14 0x0000000000000002
core   0: 0x00000000800057bc (0x0294bab3) mulhu   s5, s1, s1
core   0: 1 0x00000000800057bc (0x0294bab3) x21 0x0000000000000000
core   0: 0x00000000800057c0 (0x02f9fdb3) remu    s11, s3, a5
core   0: 1 0x00000000800057c0 (0x02f9fdb3) x27 0x0000000000000002
core   0: 0x00000000800057c4 (0xf20501d3) fmv.d.x ft3, a0
core   0: 1 0x00000000800057c4 (0xf20501d3) f3  0x0000000000000000
core   0: 0x00000000800057c8 (0x0ff0000f) fence   iorw,iorw
core   0: 1 0x00000000800057c8 (0x0ff0000f)
core   0: 0x00000000800057cc (0x2bdd1ed3) fmax.d  ft9, fs10, ft9
core   0: 1 0x00000000800057cc (0x2bdd1ed3) f29 0xc082100000000000
core   0: 0x00000000800057d0 (0xd2030f53) fcvt.d.w ft10, t1
core   0: 1 0x00000000800057d0 (0xd2030f53) f30 0xbff0000000000000
core   0: 0x00000000800057d4 (0x420a8ad3) fcvt.d.s fs5, fs5
core   0: 1 0x00000000800057d4 (0x420a8ad3) f21 0x7ff8000000000000
core   0: 0x00000000800057d8 (0x02fe453b) divw    a0, t3, a5
core   0: 1 0x00000000800057d8 (0x02fe453b) x10 0x0000000000000000
core   0: 0x00000000800057dc (0x00051a9b) slliw   s5, a0, 0
core   0: 1 0x00000000800057dc (0x00051a9b) x21 0x0000000000000000
core   0: 0x00000000800057e0 (0x0182981b) slliw   a6, t0, 24
core   0: 1 0x00000000800057e0 (0x0182981b) x16 0x0000000004000000
core   0: 0x00000000800057e4 (0x4061d8b3) sra     a7, gp, t1
core   0: 1 0x00000000800057e4 (0x4061d8b3) x17 0x0000000000000000
core   0: 0x00000000800057e8 (0x038c6733) rem     a4, s8, s8
core   0: 1 0x00000000800057e8 (0x038c6733) x14 0x0000000000000000
core   0: 0x00000000800057ec (0xa2df0dd3) fle.d   s11, ft10, fa3
core   0: 1 0x00000000800057ec (0xa2df0dd3) c1_fflags 0x0000000000000018 x27 0x0000000000000000
core   0: 0x00000000800057f0 (0xf2010c53) fmv.d.x fs8, sp
core   0: 1 0x00000000800057f0 (0xf2010c53) f24 0x0000000000000000
core   0: 0x00000000800057f4 (0xd02df2d3) fcvt.s.l ft5, s11
core   0: 1 0x00000000800057f4 (0xd02df2d3) f5  0xffffffff00000000
core   0: 0x00000000800057f8 (0x2326a953) fsgnjx.d fs2, fa3, fs2
core   0: 1 0x00000000800057f8 (0x2326a953) f18 0x7ff8000000000000
core   0: 0x00000000800057fc (0x000a141b) slliw   s0, s4, 0
core   0: 1 0x00000000800057fc (0x000a141b) x8  0xffffffffffffffff
core   0: 0x0000000080005800 (0x00202af3) csrrs   s5, frm, zero
core   0: 1 0x0000000080005800 (0x00202af3) x21 0x0000000000000001
core   0: 0x0000000080005804 (0x030d51b3) divu    gp, s10, a6
core   0: 1 0x0000000080005804 (0x030d51b3) x3  0x0000003fffffffe0
core   0: 0x0000000080005808 (0x2ab717d3) fmax.d  fa5, fa4, fa1
core   0: 1 0x0000000080005808 (0x2ab717d3) f15 0x0000000000000000
core   0: 0x000000008000580c (0x03c4753b) remuw   a0, s0, t3
core   0: 1 0x000000008000580c (0x03c4753b) x10 0x00000000000fa9cf
core   0: 0x0000000080005810 (0x0216b6b3) mulhu   a3, a3, ra
core   0: 1 0x0000000080005810 (0x0216b6b3) x13 0x0000000000000000
core   0: 0x0000000080005814 (0x41badab3) sra     s5, s5, s11
core   0: 1 0x0000000080005814 (0x41badab3) x21 0x0000000000000001
core   0: 0x0000000080005818 (0xc205f953) fcvt.w.d s2, fa1
core   0: 1 0x0000000080005818 (0xc205f953) x18 0x0000000000000000
core   0: 0x000000008000581c (0xe20985d3) fmv.x.d a1, fs3
core   0: 1 0x000000008000581c (0xe20985d3) x11 0x0000000000000000
core   0: 0x0000000080005820 (0xc035f953) fcvt.lu.s s2, fa1
core   0: 1 0x0000000080005820 (0xc035f953) c1_fflags 0x0000000000000018 x18 0xffffffffffffffff
core   0: 0x0000000080005824 (0x01a9519b) srliw   gp, s2, 26
core   0: 1 0x0000000080005824 (0x01a9519b) x3  0x000000000000003f
core   0: 0x0000000080005828 (0xc0387153) fcvt.lu.s sp, fa6
core   0: 1 0x0000000080005828 (0xc0387153) c1_fflags 0x0000000000000018 x2  0xffffffffffffffff
core   0: 0x000000008000582c (0xd9a3809b) addiw   ra, t2, -614
core   0: 1 0x000000008000582c (0xd9a3809b) x1  0xfffffffffffff5a1
core   0: 0x0000000080005830 (0x0ff0000f) fence   iorw,iorw
core   0: 1 0x0000000080005830 (0x0ff0000f)
core   0: 0x0000000080005834 (0x2235a1d3) fsgnjx.d ft3, fa1, ft3
core   0: 1 0x0000000080005834 (0x2235a1d3) f3  0x0000000000000000
core   0: 0x0000000080005838 (0x022ce63b) remw    a2, s9, sp
core   0: 1 0x0000000080005838 (0x022ce63b) x12 0x0000000000000000
core   0: 0x000000008000583c (0x2318f0cf) fnmadd.d ft1, fa7, fa7, ft4
core   0: 1 0x000000008000583c (0x2318f0cf) f1  0x7ff8000000000000
core   0: 0x0000000080005840 (0x02fa27b3) mulhsu  a5, s4, a5
core   0: 1 0x0000000080005840 (0x02fa27b3) x15 0xffffffffffffffff
core   0: 0x0000000080005844 (0xd23a7ed3) fcvt.d.lu ft9, s4
core   0: 1 0x0000000080005844 (0xd23a7ed3) c1_fflags 0x0000000000000019 f29 0x43efffffffffffff
core   0: 0x0000000080005848 (0x00b35cb3) srl     s9, t1, a1
core   0: 1 0x0000000080005848 (0x00b35cb3) x25 0xffffffffffffffff
core   0: 0x000000008000584c (0x401378d3) fcvt.s.d fa7, ft6
core   0: 1 0x000000008000584c (0x401378d3) f17 0xffffffff7fc00000
core   0: 0x0000000080005850 (0xf20306d3) fmv.d.x fa3, t1
core   0: 1 0x0000000080005850 (0xf20306d3) f13 0xffffffffffffffff
core   0: 0x0000000080005854 (0x15e5c593) xori    a1, a1, 350
core   0: 1 0x0000000080005854 (0x15e5c593) x11 0x000000000000015e
core   0: 0x0000000080005858 (0xe9be48b7) lui     a7, 0xe9be4
core   0: 1 0x0000000080005858 (0xe9be48b7) x17 0xffffffffe9be4000
core   0: 0x000000008000585c (0xd030f553) fcvt.s.lu fa0, ra
core   0: 1 0x000000008000585c (0xd030f553) c1_fflags 0x0000000000000019 f10 0xffffffff5f7fffff
core   0: 0x0000000080005860 (0x0009d31b) srliw   t1, s3, 0
core   0: 1 0x0000000080005860 (0x0009d31b) x6  0x0000000000000002
core   0: 0x0000000080005864 (0x010e5e3b) srlw    t3, t3, a6
core   0: 1 0x0000000080005864 (0x010e5e3b) x28 0x00000000000ff908
core   0: 0x0000000080005868 (0xd0367953) fcvt.s.lu fs2, a2
core   0: 1 0x0000000080005868 (0xd0367953) f18 0xffffffff00000000
core   0: 0x000000008000586c (0x40eb523b) sraw    tp, s6, a4
core   0: 1 0x000000008000586c (0x40eb523b) x4  0x0000000000000000
core   0: 0x0000000080005870 (0x012b583b) srlw    a6, s6, s2
core   0: 1 0x0000000080005870 (0x012b583b) x16 0x0000000000000000
core   0: 0x0000000080005874 (0x106d1073) csrrw   zero, scounteren, s10
core   0: 1 0x0000000080005874 (0x106d1073) c262_scounteren 0x0000000000000000
core   0: 0x0000000080005878 (0x40187ed3) fcvt.s.d ft9, fa6
core   0: 1 0x0000000080005878 (0x40187ed3) c1_fflags 0x000000000000001b f29 0xffffffff00000000
core   0: 0x000000008000587c (0xd02d79d3) fcvt.s.l fs3, s10
core   0: 1 0x000000008000587c (0xd02d79d3) c1_fflags 0x000000000000001b f19 0xffffffffceffff38
core   0: 0x0000000080005880 (0x0ff0000f) fence   iorw,iorw
core   0: 1 0x0000000080005880 (0x0ff0000f)
core   0: 0x0000000080005884 (0xc023f7d3) fcvt.l.s a5, ft7
core   0: 1 0x0000000080005884 (0xc023f7d3) c1_fflags 0x000000000000001b x15 0x7fffffffffffffff
core   0: 0x0000000080005888 (0x00102e73) csrrs   t3, fflags, zero
core   0: 1 0x0000000080005888 (0x00102e73) x28 0x000000000000001b
core   0: 0x000000008000588c (0xf2010053) fmv.d.x ft0, sp
core   0: 1 0x000000008000588c (0xf2010053) f0  0xffffffffffffffff
core   0: 0x0000000080005890 (0x00dc1c33) sll     s8, s8, a3
core   0: 1 0x0000000080005890 (0x00dc1c33) x24 0x000000008000605a
core   0: 0x0000000080005894 (0x4007511b) sraiw   sp, a4, 0
core   0: 1 0x0000000080005894 (0x4007511b) x2  0x0000000000000000
core   0: 0x0000000080005898 (0x00118b93) addi    s7, gp, 1
core   0: 1 0x0000000080005898 (0x00118b93) x23 0x0000000000000040
core   0: 0x000000008000589c (0x2bb509d3) fmin.d  fs3, fa0, fs11
core   0: 1 0x000000008000589c (0x2bb509d3) f19 0x000000008000561a
core   0: 0x00000000800058a0 (0x9adf73c3) fmadd.d ft7, ft10, fa3, fs3
core   0: 1 0x00000000800058a0 (0x9adf73c3) f7  0x7ff8000000000000
core   0: 0x00000000800058a4 (0x02fa6cb3) rem     s9, s4, a5
core   0: 1 0x00000000800058a4 (0x02fa6cb3) x25 0xffffffffffffffff
core   0: 0x00000000800058a8 (0x00048c1b) sext.w  s8, s1
core   0: 1 0x00000000800058a8 (0x00048c1b) x24 0x000000000000101e
core   0: 0x00000000800058ac (0x141c3673) csrrc   a2, sepc, s8
core   0: 1 0x00000000800058ac (0x141c3673) x12 0x0000000000000000 c321_sepc 0x0000000000000000
core   0: 0x00000000800058b0 (0x223585d3) fsgnj.d fa1, fa1, ft3
core   0: 1 0x00000000800058b0 (0x223585d3) f11 0x0000000000000000
core   0: 0x00000000800058b4 (0x0017da9b) srliw   s5, a5, 1
core   0: 1 0x00000000800058b4 (0x0017da9b) x21 0x000000007fffffff
core   0: 0x00000000800058b8 (0x00009eb6) c.add   t4, a3
core   0: 1 0x00000000800058b8 (0x9eb6) x29 0x0000000000000001
core   0: 0x00000000800058ba (0x00106213) ori     tp, zero, 1
core   0: 1 0x00000000800058ba (0x00106213) x4  0x0000000000000001
core   0: 0x00000000800058be (0x008e9433) sll     s0, t4, s0
core   0: 1 0x00000000800058be (0x008e9433) x8  0x8000000000000000
core   0: 0x00000000800058c2 (0x001027f3) csrrs   a5, fflags, zero
core   0: 1 0x00000000800058c2 (0x001027f3) x15 0x000000000000001b
core   0: 0x00000000800058c6 (0x0024113b) sllw    sp, s0, sp
core   0: 1 0x00000000800058c6 (0x0024113b) x2  0x0000000000000000
core   0: 0x00000000800058ca (0xb287e0b7) lui     ra, 0xb287e
core   0: 1 0x00000000800058ca (0xb287e0b7) x1  0xffffffffb287e000
core   0: 0x00000000800058ce (0xf20607d3) fmv.d.x fa5, a2
core   0: 1 0x00000000800058ce (0xf20607d3) f15 0x0000000000000000
core   0: 0x00000000800058d2 (0x40187cd3) fcvt.s.d fs9, fa6
core   0: 1 0x00000000800058d2 (0x40187cd3) c1_fflags 0x000000000000001b f25 0xffffffff00000000
core   0: 0x00000000800058d6 (0x02da46b3) div     a3, s4, a3
core   0: 1 0x00000000800058d6 (0x02da46b3) x13 0xffffffffffffffff
core   0: 0x00000000800058da (0x038c3b33) mulhu   s6, s8, s8
core   0: 1 0x00000000800058da (0x038c3b33) x22 0x0000000000000000
core   0: 0x00000000800058de (0xfa21b837) lui     a6, 0xfa21b
core   0: 1 0x00000000800058de (0xfa21b837) x16 0xfffffffffa21b000
core   0: 0x00000000800058e2 (0x4358081b) addiw   a6, a6, 1077
core   0: 1 0x00000000800058e2 (0x4358081b) x16 0xfffffffffa21b435
core   0: 0x00000000800058e6 (0x00000832) c.slli  a6, 12
core   0: 1 0x00000000800058e6 (0x0832) x16 0xffffffa21b435000
core   0: 0x00000000800058e8 (0xe8e80813) addi    a6, a6, -370
core   0: 1 0x00000000800058e8 (0xe8e80813) x16 0xffffffa21b434e8e
core   0: 0x00000000800058ec (0x4137053b) subw    a0, a4, s3
core   0: 1 0x00000000800058ec (0x4137053b) x10 0xfffffffffffffffe
core   0: 0x00000000800058f0 (0x00a754b3) srl     s1, a4, a0
core   0: 1 0x00000000800058f0 (0x00a754b3) x9  0x0000000000000000
core   0: 0x00000000800058f4 (0x25f70713) addi    a4, a4, 607
core   0: 1 0x00000000800058f4 (0x25f70713) x14 0x000000000000025f
core   0: 0x00000000800058f8 (0x1440ecf3) csrrsi  s9, sip, 1
core   0: 1 0x00000000800058f8 (0x1440ecf3) x25 0x0000000000000000 c836_mip 0x0000000000000080
core   0: 0x00000000800058fc (0x00967533) and     a0, a2, s1
core   0: 1 0x00000000800058fc (0x00967533) x10 0x0000000000000000
core   0: 0x0000000080005900 (0x13dcfed3) fmul.d  ft9, fs9, ft9
core   0: 1 0x0000000080005900 (0x13dcfed3) f29 0x7ff8000000000000
core   0: 0x0000000080005904 (0xd21c0f53) fcvt.d.wu ft10, s8
core   0: 1 0x0000000080005904 (0xd21c0f53) f30 0x40b01e0000000000
core   0: 0x0000000080005908 (0x0157c2b3) xor     t0, a5, s5
core   0: 1 0x0000000080005908 (0x0157c2b3) x5  0x000000007fffffe4
core   0: 0x000000008000590c (0x035d5413) srli    s0, s10, 53
core   0: 1 0x000000008000590c (0x035d5413) x8  0x00000000000007ff
core   0: 0x0000000080005910 (0x0020d1b3) srl     gp, ra, sp
core   0: 1 0x0000000080005910 (0x0020d1b3) x3  0xffffffffb287e000
core   0: 0x0000000080005914 (0x03458bbb) mulw    s7, a1, s4
core   0: 1 0x0000000080005914 (0x03458bbb) x23 0xfffffffffffffea2
core   0: 0x0000000080005918 (0xc30bf4cb) fnmsub.d fs1, fs7, fa6, fs8
core   0: 1 0x0000000080005918 (0xc30bf4cb) f9  0x0000000000000000
core   0: 0x000000008000591c (0xf7202ab7) lui     s5, 0xf7202
core   0: 1 0x000000008000591c (0xf7202ab7) x21 0xfffffffff7202000
core   0: 0x0000000080005920 (0x02f752b3) divu    t0, a4, a5
core   0: 1 0x0000000080005920 (0x02f752b3) x5  0x0000000000000016
core   0: 0x0000000080005924 (0x0122e133) or      sp, t0, s2
core   0: 1 0x0000000080005924 (0x0122e133) x2  0xffffffffffffffff
core   0: 0x0000000080005928 (0x005a5a3b) srlw    s4, s4, t0
core   0: 1 0x0000000080005928 (0x005a5a3b) x20 0x00000000000003ff
core   0: 0x000000008000592c (0xc2107153) fcvt.wu.d sp, ft0
core   0: 1 0x000000008000592c (0xc2107153) c1_fflags 0x000000000000001b x2  0xffffffffffffffff
core   0: 0x0000000080005930 (0x420d0153) fcvt.d.s ft2, fs10
core   0: 1 0x0000000080005930 (0x420d0153) f2  0x7ff8000000000000
core   0: 0x0000000080005934 (0x0bc2f0d3) fsub.d  ft1, ft5, ft8
core   0: 1 0x0000000080005934 (0x0bc2f0d3) f1  0x7ff8000000000000
core   0: 0x0000000080005938 (0xb5e28d13) addi    s10, t0, -1186
core   0: 1 0x0000000080005938 (0xb5e28d13) x26 0xfffffffffffffb74
core   0: 0x000000008000593c (0xd20d03d3) fcvt.d.w ft7, s10
core   0: 1 0x000000008000593c (0xd20d03d3) f7  0xc092300000000000
core   0: 0x0000000080005940 (0xe2080453) fmv.x.d s0, fa6
core   0: 1 0x0000000080005940 (0xe2080453) x8  0x000000008000561a
core   0: 0x0000000080005944 (0x01682433) slt     s0, a6, s6
core   0: 1 0x0000000080005944 (0x01682433) x8  0x0000000000000001
core   0: 0x0000000080005948 (0x401bf2d3) fcvt.s.d ft5, fs7
core   0: 1 0x0000000080005948 (0x401bf2d3) f5  0xffffffff00000000
core   0: 0x000000008000594c (0xf84a70b7) lui     ra, 0xf84a7
core   0: 1 0x000000008000594c (0xf84a70b7) x1  0xfffffffff84a7000
core   0: 0x0000000080005950 (0x16d0809b) addiw   ra, ra, 365
core   0: 1 0x0000000080005950 (0x16d0809b) x1  0xfffffffff84a716d
core   0: 0x0000000080005954 (0x000000b2) c.slli  ra, 12
core   0: 1 0x0000000080005954 (0x00b2) x1  0xffffff84a716d000
core   0: 0x0000000080005956 (0xf3c08093) addi    ra, ra, -196
core   0: 1 0x0000000080005956 (0xf3c08093) x1  0xffffff84a716cf3c
core   0: 0x000000008000595a (0x429ada93) srai    s5, s5, 41
core   0: 1 0x000000008000595a (0x429ada93) x21 0xffffffffffffffff
core   0: 0x000000008000595e (0x0259f9d3) fadd.d  fs3, fs3, ft5
core   0: 1 0x000000008000595e (0x0259f9d3) f19 0x7ff8000000000000
core   0: 0x0000000080005962 (0x2ac787d3) fmin.d  fa5, fa5, fa2
core   0: 1 0x0000000080005962 (0x2ac787d3) f15 0x0000000000000000
core   0: 0x0000000080005966 (0x004adc33) srl     s8, s5, tp
core   0: 1 0x0000000080005966 (0x004adc33) x24 0x7fffffffffffffff
core   0: 0x000000008000596a (0x0158123b) sllw    tp, a6, s5
core   0: 1 0x000000008000596a (0x0158123b) x4  0x0000000000000000
core   0: 0x000000008000596e (0x000d1e13) slli    t3, s10, 0
core   0: 1 0x000000008000596e (0x000d1e13) x28 0xfffffffffffffb74
core   0: 0x0000000080005972 (0xc20c70d3) fcvt.w.d ra, fs8
core   0: 1 0x0000000080005972 (0xc20c70d3) x1  0x0000000000000000
core   0: 0x0000000080005976 (0x6b67f047) fmsub.d ft0, fa5, fs6, fa3
core   0: 1 0x0000000080005976 (0x6b67f047) f0  0x7ff8000000000000
core   0: 0x000000008000597a (0xaecd0d93) addi    s11, s10, -1300
core   0: 1 0x000000008000597a (0xaecd0d93) x27 0xfffffffffffff660
core   0: 0x000000008000597e (0x0200a5b3) mulhsu  a1, ra, zero
core   0: 1 0x000000008000597e (0x0200a5b3) x11 0x0000000000000000
core   0: 0x0000000080005982 (0x009823b3) slt     t2, a6, s1
core   0: 1 0x0000000080005982 (0x009823b3) x7  0x0000000000000001
core   0: 0x0000000080005986 (0x0009119b) slliw   gp, s2, 0
core   0: 1 0x0000000080005986 (0x0009119b) x3  0xffffffffffffffff
core   0: 0x000000008000598a (0x003559bb) srlw    s3, a0, gp
core   0: 1 0x000000008000598a (0x003559bb) x19 0x0000000000000000
core   0: 0x000000008000598e (0xf12a14f3) csrrw   s1, marchid, s4
core   0: exception trap_illegal_instruction, epc 0x000000008000598e
core   0:           tval 0x00000000f12a14f3
core   0: >>>>  $xrv64i2p1_m2p0_a2p1_f2p2_d2p2_zicsr2p0_zifencei2p0_zmmul1p0_zba1p0_zbb1p0_zbc1p0_zbs1p0
core   0: 0x0000000080004000 (0x0080006f) j       pc + 0x8
core   0: 3 0x0000000080004000 (0x0080006f)
core   0: >>>>  mmode_exception_handler
core   0: 0x0000000080004008 (0x00002c17) auipc   s8, 0x2
core   0: 3 0x0000000080004008 (0x00002c17) x24 0x0000000080006008
core   0: 0x000000008000400c (0x052c0c13) addi    s8, s8, 82
core   0: 3 0x000000008000400c (0x052c0c13) x24 0x000000008000605a
core   0: 0x0000000080004010 (0x000c00e7) jalr    s8
core   0: 3 0x0000000080004010 (0x000c00e7) x1  0x0000000080004014
core   0: >>>>  any_handler
core   0: 0x000000008000605a (0x341027f3) csrrs   a5, mepc, zero
core   0: 3 0x000000008000605a (0x341027f3) x15 0x000000008000598e
core   0: 0x000000008000605e (0x34202773) csrrs   a4, mcause, zero
core   0: 3 0x000000008000605e (0x34202773) x14 0x0000000000000002
core   0: 0x0000000080006062 (0x142026f3) csrrs   a3, scause, zero
core   0: 3 0x0000000080006062 (0x142026f3) x13 0x0000000000000000
core   0: 0x0000000080006066 (0x30402673) csrrs   a2, mie, zero
core   0: 3 0x0000000080006066 (0x30402673) x12 0x0000000000000a00
core   0: 0x000000008000606a (0x344025f3) csrrs   a1, mip, zero
core   0: 3 0x000000008000606a (0x344025f3) x11 0x0000000000000080
core   0: 0x000000008000606e (0x343025f3) csrrs   a1, mtval, zero
core   0: 3 0x000000008000606e (0x343025f3) x11 0x00000000f12a14f3
core   0: 0x0000000080006072 (0x14302573) csrrs   a0, stval, zero
core   0: 3 0x0000000080006072 (0x14302573) x10 0x0000000000000000
core   0: 0x0000000080006076 (0xb02024f3) csrrs   s1, minstret, zero
core   0: 3 0x0000000080006076 (0xb02024f3) x9  0x00000000000010a8
core   0: 0x000000008000607a (0x0000a811) c.j     pc + 20
core   0: 3 0x000000008000607a (0xa811)
core   0: >>>>  mepc_4
core   0: 0x000000008000608e (0x00000791) c.addi  a5, 4
core   0: 3 0x000000008000608e (0x0791) x15 0x0000000080005992
core   0: 0x0000000080006090 (0x34179073) csrrw   zero, mepc, a5
core   0: 3 0x0000000080006090 (0x34179073) c833_mepc 0x0000000080005992
core   0: 0x0000000080006094 (0x30200073) mret
core   0: 3 0x0000000080006094 (0x30200073) c768_mstatus 0x8000000a00106080
core   0: 0x0000000080005992 (0x105056f3) csrrwi  a3, stvec, 0
core   0: 1 0x0000000080005992 (0x105056f3) x13 0xfffffffffff33748 c261_stvec 0x0000000000000000
core   0: 0x0000000080005996 (0xd2257c53) fcvt.d.l fs8, a0
core   0: 1 0x0000000080005996 (0xd2257c53) f24 0x0000000000000000
core   0: 0x000000008000599a (0x00219c73) csrrw   s8, frm, gp
core   0: 1 0x000000008000599a (0x00219c73) x24 0x0000000000000001 c2_frm 0x0000000000000007
core   0: 0x000000008000599e (0x2a3b9853) fmax.d  fa6, fs7, ft3
core   0: 1 0x000000008000599e (0x2a3b9853) f16 0x0000000000000000
core   0: 0x00000000800059a2 (0x0178989b) slliw   a7, a7, 23
core   0: 1 0x00000000800059a2 (0x0178989b) x17 0x0000000000000000
core   0: 0x00000000800059a6 (0x02e8e9b3) rem     s3, a7, a4
core   0: 1 0x00000000800059a6 (0x02e8e9b3) x19 0x0000000000000000
core   0: 0x00000000800059aa (0x0043939b) slliw   t2, t2, 4
core   0: 1 0x00000000800059aa (0x0043939b) x7  0x0000000000000010
core   0: 0x00000000800059ae (0x00a254b3) srl     s1, tp, a0
core   0: 1 0x00000000800059ae (0x00a254b3) x9  0x0000000000000000
core   0: 0x00000000800059b2 (0x01ad65b3) or      a1, s10, s10
core   0: 1 0x00000000800059b2 (0x01ad65b3) x11 0xfffffffffffffb74
core   0: 0x00000000800059b6 (0x0003951b) slliw   a0, t2, 0
core   0: 1 0x00000000800059b6 (0x0003951b) x10 0x0000000000000010
core   0: 0x00000000800059ba (0x010cdebb) srlw    t4, s9, a6
core   0: 1 0x00000000800059ba (0x010cdebb) x29 0x0000000000000000
core   0: 0x00000000800059be (0x306dcd93) xori    s11, s11, 774
core   0: 1 0x00000000800059be (0x306dcd93) x27 0xfffffffffffff566
core   0: 0x00000000800059c2 (0x03ddf233) remu    tp, s11, t4
core   0: 1 0x00000000800059c2 (0x03ddf233) x4  0xfffffffffffff566
core   0: 0x00000000800059c6 (0xfff9c993) not     s3, s3
core   0: 1 0x00000000800059c6 (0xfff9c993) x19 0xffffffffffffffff
core   0: 0x00000000800059ca (0x2b380f53) fmin.d  ft10, fa6, fs3
core   0: 1 0x00000000800059ca (0x2b380f53) f30 0x0000000000000000
core   0: 0x00000000800059ce (0xc038f053) fcvt.lu.s zero, fa7
core   0: exception trap_illegal_instruction, epc 0x00000000800059ce
core   0:           tval 0x00000000c038f053
core   0: >>>>  $xrv64i2p1_m2p0_a2p1_f2p2_d2p2_zicsr2p0_zifencei2p0_zmmul1p0_zba1p0_zbb1p0_zbc1p0_zbs1p0
core   0: 0x0000000080004000 (0x0080006f) j       pc + 0x8
core   0: 3 0x0000000080004000 (0x0080006f)
core   0: >>>>  mmode_exception_handler
core   0: 0x0000000080004008 (0x00002c17) auipc   s8, 0x2
core   0: 3 0x0000000080004008 (0x00002c17) x24 0x0000000080006008
core   0: 0x000000008000400c (0x052c0c13) addi    s8, s8, 82
core   0: 3 0x000000008000400c (0x052c0c13) x24 0x000000008000605a
core   0: 0x0000000080004010 (0x000c00e7) jalr    s8
core   0: 3 0x0000000080004010 (0x000c00e7) x1  0x0000000080004014
core   0: >>>>  any_handler
core   0: 0x000000008000605a (0x341027f3) csrrs   a5, mepc, zero
core   0: 3 0x000000008000605a (0x341027f3) x15 0x00000000800059ce
core   0: 0x000000008000605e (0x34202773) csrrs   a4, mcause, zero
core   0: 3 0x000000008000605e (0x34202773) x14 0x0000000000000002
core   0: 0x0000000080006062 (0x142026f3) csrrs   a3, scause, zero
core   0: 3 0x0000000080006062 (0x142026f3) x13 0x0000000000000000
core   0: 0x0000000080006066 (0x30402673) csrrs   a2, mie, zero
core   0: 3 0x0000000080006066 (0x30402673) x12 0x0000000000000a00
core   0: 0x000000008000606a (0x344025f3) csrrs   a1, mip, zero
core   0: 3 0x000000008000606a (0x344025f3) x11 0x0000000000000080
core   0: 0x000000008000606e (0x343025f3) csrrs   a1, mtval, zero
core   0: 3 0x000000008000606e (0x343025f3) x11 0x00000000c038f053
core   0: 0x0000000080006072 (0x14302573) csrrs   a0, stval, zero
core   0: 3 0x0000000080006072 (0x14302573) x10 0x0000000000000000
core   0: 0x0000000080006076 (0xb02024f3) csrrs   s1, minstret, zero
core   0: 3 0x0000000080006076 (0xb02024f3) x9  0x00000000000010c7
core   0: 0x000000008000607a (0x0000a811) c.j     pc + 20
core   0: 3 0x000000008000607a (0xa811)
core   0: >>>>  mepc_4
core   0: 0x000000008000608e (0x00000791) c.addi  a5, 4
core   0: 3 0x000000008000608e (0x0791) x15 0x00000000800059d2
core   0: 0x0000000080006090 (0x34179073) csrrw   zero, mepc, a5
core   0: 3 0x0000000080006090 (0x34179073) c833_mepc 0x00000000800059d2
core   0: 0x0000000080006094 (0x30200073) mret
core   0: 3 0x0000000080006094 (0x30200073) c768_mstatus 0x8000000a00106080
core   0: 0x00000000800059d2 (0x4019d993) srai    s3, s3, 1
core   0: 1 0x00000000800059d2 (0x4019d993) x19 0xffffffffffffffff
core   0: 0x00000000800059d6 (0x00261073) csrrw   zero, frm, a2
core   0: 1 0x00000000800059d6 (0x00261073) c2_frm 0x0000000000000000
core   0: 0x00000000800059da (0x00d928b3) slt     a7, s2, a3
core   0: 1 0x00000000800059da (0x00d928b3) x17 0x0000000000000001
core   0: 0x00000000800059de (0xd23c7b53) fcvt.d.lu fs6, s8
core   0: 1 0x00000000800059de (0xd23c7b53) f22 0x41e0000c0b400000
core   0: 0x00000000800059e2 (0x41c803b3) sub     t2, a6, t3
core   0: 1 0x00000000800059e2 (0x41c803b3) x7  0xffffffa21b43531a
core   0: 0x00000000800059e6 (0x001d5413) srli    s0, s10, 1
core   0: 1 0x00000000800059e6 (0x001d5413) x8  0x7ffffffffffffdba
core   0: 0x00000000800059ea (0x01b99dbb) sllw    s11, s3, s11
core   0: 1 0x00000000800059ea (0x01b99dbb) x27 0xffffffffffffffc0
core   0: 0x00000000800059ee (0x0335feb3) remu    t4, a1, s3
core   0: 1 0x00000000800059ee (0x0335feb3) x29 0x00000000c038f053
core   0: 0x00000000800059f2 (0xc20d7153) fcvt.w.d sp, fs10
core   0: 1 0x00000000800059f2 (0xc20d7153) c1_fflags 0x000000000000001b x2  0x000000007fffffff
core   0: 0x00000000800059f6 (0x0fa3e093) ori     ra, t2, 250
core   0: 1 0x00000000800059f6 (0x0fa3e093) x1  0xffffffa21b4353fa
core   0: 0x00000000800059fa (0x01f0989b) slliw   a7, ra, 31
core   0: 1 0x00000000800059fa (0x01f0989b) x17 0x0000000000000000
core   0: 0x00000000800059fe (0xd2217f53) fcvt.d.l ft10, sp
core   0: 1 0x00000000800059fe (0xd2217f53) f30 0x41dfffffffc00000
core   0: 0x0000000080005a02 (0x0001949b) slliw   s1, gp, 0
core   0: 1 0x0000000080005a02 (0x0001949b) x9  0xffffffffffffffff
core   0: 0x0000000080005a06 (0x033383bb) mulw    t2, t2, s3
core   0: 1 0x0000000080005a06 (0x033383bb) x7  0xffffffffe4bcace6
core   0: 0x0000000080005a0a (0x01f4d79b) srliw   a5, s1, 31
core   0: 1 0x0000000080005a0a (0x01f4d79b) x15 0x0000000000000001
core   0: 0x0000000080005a0e (0xd2078d53) fcvt.d.w fs10, a5
core   0: 1 0x0000000080005a0e (0xd2078d53) f26 0x3ff0000000000000
core   0: 0x0000000080005a12 (0x0ff0000f) fence   iorw,iorw
core   0: 1 0x0000000080005a12 (0x0ff0000f)
core   0: 0x0000000080005a16 (0x00f48833) add     a6, s1, a5
core   0: 1 0x0000000080005a16 (0x00f48833) x16 0x0000000000000000
core   0: 0x0000000080005a1a (0x016259bb) srlw    s3, tp, s6
core   0: 1 0x0000000080005a1a (0x016259bb) x19 0xfffffffffffff566
core   0: 0x0000000080005a1e (0xdaebc113) xori    sp, s7, -594
core   0: 1 0x0000000080005a1e (0xdaebc113) x2  0x000000000000030c
core   0: 0x0000000080005a22 (0x0376d293) srli    t0, a3, 55
core   0: 1 0x0000000080005a22 (0x0376d293) x5  0x0000000000000000
core   0: 0x0000000080005a26 (0x01295093) srli    ra, s2, 18
core   0: 1 0x0000000080005a26 (0x01295093) x1  0x00003fffffffffff
core   0: 0x0000000080005a2a (0x00b49b33) sll     s6, s1, a1
core   0: 1 0x0000000080005a2a (0x00b49b33) x22 0xfffffffffff80000
core   0: 0x0000000080005a2e (0x000094da) c.add   s1, s6
core   0: 1 0x0000000080005a2e (0x94da) x9  0xfffffffffff7ffff
core   0: 0x0000000080005a30 (0x0bd37cd3) fsub.d  fs9, ft6, ft9
core   0: 1 0x0000000080005a30 (0x0bd37cd3) f25 0x7ff8000000000000
core   0: 0x0000000080005a34 (0xe20f0253) fmv.x.d tp, ft10
core   0: 1 0x0000000080005a34 (0xe20f0253) x4  0x41dfffffffc00000
core   0: 0x0000000080005a38 (0x40197053) fcvt.s.d ft0, fs2
core   0: 1 0x0000000080005a38 (0x40197053) f0  0xffffffff7fc00000
core   0: 0x0000000080005a3c (0xf2038253) fmv.d.x ft4, t2
core   0: 1 0x0000000080005a3c (0xf2038253) f4  0xffffffffe4bcace6
core   0: 0x0000000080005a40 (0x03426a3b) remw    s4, tp, s4
core   0: 1 0x0000000080005a40 (0x03426a3b) x20 0xfffffffffffffffc
core   0: 0x0000000080005a44 (0x0ff0000f) fence   iorw,iorw
core   0: 1 0x0000000080005a44 (0x0ff0000f)
core   0: 0x0000000080005a48 (0x03c15113) srli    sp, sp, 60
core   0: 1 0x0000000080005a48 (0x03c15113) x2  0x0000000000000000
core   0: 0x0000000080005a4c (0x00000001) c.nop
core   0: 1 0x0000000080005a4c (0x0001)
core   0: 0x0000000080005a4e (0x40f500bb) subw    ra, a0, a5
core   0: 1 0x0000000080005a4e (0x40f500bb) x1  0xffffffffffffffff
core   0: 0x0000000080005a52 (0x00b94cb3) xor     s9, s2, a1
core   0: 1 0x0000000080005a52 (0x00b94cb3) x25 0xffffffff3fc70fac
core   0: 0x0000000080005a56 (0x02378233) mul     tp, a5, gp
core   0: 1 0x0000000080005a56 (0x02378233) x4  0xffffffffffffffff
core   0: 0x0000000080005a5a (0x00024713) xori    a4, tp, 0
core   0: 1 0x0000000080005a5a (0x00024713) x14 0xffffffffffffffff
core   0: 0x0000000080005a5e (0x02e7ed33) rem     s10, a5, a4
core   0: 1 0x0000000080005a5e (0x02e7ed33) x26 0x0000000000000000
core   0: 0x0000000080005a62 (0x6a8a6013) ori     zero, s4, 1704
core   0: 1 0x0000000080005a62 (0x6a8a6013)
core   0: 0x0000000080005a66 (0xd20886d3) fcvt.d.w fa3, a7
core   0: 1 0x0000000080005a66 (0xd20886d3) f13 0x0000000000000000
core   0: 0x0000000080005a6a (0x00000001) c.nop
core   0: 1 0x0000000080005a6a (0x0001)
core   0: 0x0000000080005a6c (0xa2d6add3) feq.d   s11, fa3, fa3
core   0: 1 0x0000000080005a6c (0xa2d6add3) x27 0x0000000000000001
core   0: 0x0000000080005a70 (0x2bfc1fd3) fmax.d  ft11, fs8, ft11
core   0: 1 0x0000000080005a70 (0x2bfc1fd3) f31 0x0000000000000000
core   0: 0x0000000080005a74 (0x020ad23b) divuw   tp, s5, zero
core   0: 1 0x0000000080005a74 (0x020ad23b) x4  0xffffffffffffffff
core   0: 0x0000000080005a78 (0x0158133b) sllw    t1, a6, s5
core   0: 1 0x0000000080005a78 (0x0158133b) x6  0x0000000000000000
core   0: 0x0000000080005a7c (0x1361ff53) fmul.d  ft10, ft3, fs6
core   0: 1 0x0000000080005a7c (0x1361ff53) f30 0x0000000000000000
core   0: 0x0000000080005a80 (0x0166d01b) srliw   zero, a3, 22
core   0: 1 0x0000000080005a80 (0x0166d01b)
core   0: 0x0000000080005a84 (0x002a1df3) csrrw   s11, frm, s4
core   0: 1 0x0000000080005a84 (0x002a1df3) x27 0x0000000000000000 c2_frm 0x0000000000000004
core   0: 0x0000000080005a88 (0x52aafd4b) fnmsub.d fs10, fs5, fa0, fa0
core   0: 1 0x0000000080005a88 (0x52aafd4b) f26 0x7ff8000000000000
core   0: 0x0000000080005a8c (0x033559b3) divu    s3, a0, s3
core   0: 1 0x0000000080005a8c (0x033559b3) x19 0x0000000000000000
core   0: 0x0000000080005a90 (0x0253cc3b) divw    s8, t2, t0
core   0: 1 0x0000000080005a90 (0x0253cc3b) x24 0xffffffffffffffff
core   0: 0x0000000080005a94 (0x0b5d73d3) fsub.d  ft7, fs10, fs5
core   0: 1 0x0000000080005a94 (0x0b5d73d3) f7  0x7ff8000000000000
core   0: 0x0000000080005a98 (0x5a0ef753) fsqrt.d fa4, ft9
core   0: 1 0x0000000080005a98 (0x5a0ef753) f14 0x7ff8000000000000
core   0: 0x0000000080005a9c (0x144bf6f3) csrrci  a3, sip, 23
core   0: 1 0x0000000080005a9c (0x144bf6f3) x13 0x0000000000000000 c836_mip 0x0000000000000080
core   0: 0x0000000080005aa0 (0x030cd493) srli    s1, s9, 48
core   0: 1 0x0000000080005aa0 (0x030cd493) x9  0x000000000000ffff
core   0: 0x0000000080005aa4 (0x0af9f7cb) fnmsub.d fa5, fs3, fa5, ft1
core   0: 1 0x0000000080005aa4 (0x0af9f7cb) f15 0x7ff8000000000000
core   0: 0x0000000080005aa8 (0x0231ceb3) div     t4, gp, gp
core   0: 1 0x0000000080005aa8 (0x0231ceb3) x29 0x0000000000000001
core   0: 0x0000000080005aac (0xd031fe53) fcvt.s.lu ft8, gp
core   0: 1 0x0000000080005aac (0xd031fe53) c1_fflags 0x000000000000001b f28 0xffffffff5f800000
core   0: 0x0000000080005ab0 (0x0005911b) slliw   sp, a1, 0
core   0: 1 0x0000000080005ab0 (0x0005911b) x2  0xffffffffc038f053
core   0: 0x0000000080005ab4 (0x22e61953) fsgnjn.d fs2, fa2, fa4
core   0: 1 0x0000000080005ab4 (0x22e61953) f18 0xfff8000000000000
core   0: 0x0000000080005ab8 (0x5a0af6d3) fsqrt.d fa3, fs5
core   0: 1 0x0000000080005ab8 (0x5a0af6d3) f13 0x7ff8000000000000
core   0: 0x0000000080005abc (0x002119b3) sll     s3, sp, sp
core   0: 1 0x0000000080005abc (0x002119b3) x19 0xfffe01c782980000
core   0: 0x0000000080005ac0 (0x0b66fe53) fsub.d  ft8, fa3, fs6
core   0: 1 0x0000000080005ac0 (0x0b66fe53) f28 0x7ff8000000000000
core   0: 0x0000000080005ac4 (0x41405a1b) sraiw   s4, zero, 20
core   0: 1 0x0000000080005ac4 (0x41405a1b) x20 0x0000000000000000
core   0: 0x0000000080005ac8 (0xeb2670cf) fnmadd.d ft1, fa2, fs2, ft9
core   0: 1 0x0000000080005ac8 (0xeb2670cf) f1  0x7ff8000000000000
core   0: 0x0000000080005acc (0x00ca7db3) and     s11, s4, a2
core   0: 1 0x0000000080005acc (0x00ca7db3) x27 0x0000000000000000
core   0: 0x0000000080005ad0 (0x400dd39b) sraiw   t2, s11, 0
core   0: 1 0x0000000080005ad0 (0x400dd39b) x7  0x0000000000000000
core   0: 0x0000000080005ad4 (0x0024043b) addw    s0, s0, sp
core   0: 1 0x0000000080005ad4 (0x0024043b) x8  0xffffffffc038ee0d
core   0: 0x0000000080005ad8 (0x00870d3b) addw    s10, a4, s0
core   0: 1 0x0000000080005ad8 (0x00870d3b) x26 0xffffffffc038ee0c
core   0: 0x0000000080005adc (0x01cb6e33) or      t3, s6, t3
core   0: 1 0x0000000080005adc (0x01cb6e33) x28 0xfffffffffffffb74
core   0: 0x0000000080005ae0 (0x00102673) csrrs   a2, fflags, zero
core   0: 1 0x0000000080005ae0 (0x00102673) x12 0x000000000000001b
core   0: 0x0000000080005ae4 (0xd23d7cd3) fcvt.d.lu fs9, s10
core   0: 1 0x0000000080005ae4 (0xd23d7cd3) c1_fflags 0x000000000000001b f25 0x43effffffff8071e
core   0: 0x0000000080005ae8 (0x41d4ddb3) sra     s11, s1, t4
core   0: 1 0x0000000080005ae8 (0x41d4ddb3) x27 0x0000000000007fff
core   0: 0x0000000080005aec (0xc200f8d3) fcvt.w.d a7, ft1
core   0: 1 0x0000000080005aec (0xc200f8d3) c1_fflags 0x000000000000001b x17 0x000000007fffffff
core   0: 0x0000000080005af0 (0x00e74933) xor     s2, a4, a4
core   0: 1 0x0000000080005af0 (0x00e74933) x18 0x0000000000000000
core   0: 0x0000000080005af4 (0xc23970d3) fcvt.lu.d ra, fs2
core   0: 1 0x0000000080005af4 (0xc23970d3) c1_fflags 0x000000000000001b x1  0xffffffffffffffff
core   0: 0x0000000080005af8 (0x0367ab33) mulhsu  s6, a5, s6
core   0: 1 0x0000000080005af8 (0x0367ab33) x22 0x0000000000000000
core   0: 0x0000000080005afc (0xfbf17fc3) fmadd.d ft11, ft2, ft11, ft11
core   0: 1 0x0000000080005afc (0xfbf17fc3) f31 0x7ff8000000000000
core   0: 0x0000000080005b00 (0x0133073b) addw    a4, t1, s3
core   0: 1 0x0000000080005b00 (0x0133073b) x14 0xffffffff82980000
core   0: 0x0000000080005b04 (0x00102473) csrrs   s0, fflags, zero
core   0: 1 0x0000000080005b04 (0x00102473) x8  0x000000000000001b
core   0: 0x0000000080005b08 (0x012957b3) srl     a5, s2, s2
core   0: 1 0x0000000080005b08 (0x012957b3) x15 0x0000000000000000
core   0: 0x0000000080005b0c (0x0153fab3) and     s5, t2, s5
core   0: 1 0x0000000080005b0c (0x0153fab3) x21 0x0000000000000000
core   0: 0x0000000080005b10 (0x5e57ec13) ori     s8, a5, 1509
core   0: 1 0x0000000080005b10 (0x5e57ec13) x24 0x00000000000005e5
core   0: 0x0000000080005b14 (0x00a52533) slt     a0, a0, a0
core   0: 1 0x0000000080005b14 (0x00a52533) x10 0x0000000000000000
core   0: 0x0000000080005b18 (0x17875997) auipc   s3, 0x17875
core   0: 1 0x0000000080005b18 (0x17875997) x19 0x000000009787ab18
core   0: 0x0000000080005b1c (0x1b457553) fdiv.d  fa0, fa0, fs4
core   0: 1 0x0000000080005b1c (0x1b457553) f10 0x7ff8000000000000
core   0: 0x0000000080005b20 (0x01d700b3) add     ra, a4, t4
core   0: 1 0x0000000080005b20 (0x01d700b3) x1  0xffffffff82980001
core   0: 0x0000000080005b24 (0x02e345bb) divw    a1, t1, a4
core   0: 1 0x0000000080005b24 (0x02e345bb) x11 0x0000000000000000
core   0: 0x0000000080005b28 (0x00202073) csrrs   zero, frm, zero
core   0: 1 0x0000000080005b28 (0x00202073)
core   0: 0x0000000080005b2c (0x0295cabb) divw    s5, a1, s1
core   0: 1 0x0000000080005b2c (0x0295cabb) x21 0x0000000000000000
core   0: 0x0000000080005b30 (0x00000001) c.nop
core   0: 1 0x0000000080005b30 (0x0001)
core   0: 0x0000000080005b32 (0x53f9f4cf) fnmadd.d fs1, fs3, ft11, fa0
core   0: 1 0x0000000080005b32 (0x53f9f4cf) f9  0x7ff8000000000000
core   0: 0x0000000080005b36 (0x0235f1bb) remuw   gp, a1, gp
core   0: 1 0x0000000080005b36 (0x0235f1bb) x3  0x0000000000000000
core   0: 0x0000000080005b3a (0x22002053) fsgnjx.d ft0, ft0, ft0
core   0: 1 0x0000000080005b3a (0x22002053) f0  0x7fffffff7fc00000
core   0: 0x0000000080005b3e (0xff8cb437) lui     s0, 0xff8cb
core   0: 1 0x0000000080005b3e (0xff8cb437) x8  0xffffffffff8cb000
core   0: 0x0000000080005b42 (0x6994041b) addiw   s0, s0, 1689
core   0: 1 0x0000000080005b42 (0x6994041b) x8  0xffffffffff8cb699
core   0: 0x0000000080005b46 (0x00000442) c.slli  s0, 16
core   0: 1 0x0000000080005b46 (0x0442) x8  0xffffff8cb6990000
core   0: 0x0000000080005b48 (0xdc440413) addi    s0, s0, -572
core   0: 1 0x0000000080005b48 (0xdc440413) x8  0xffffff8cb698fdc4
core   0: 0x0000000080005b4c (0xf20a8e53) fmv.d.x ft8, s5
core   0: 1 0x0000000080005b4c (0xf20a8e53) f28 0x0000000000000000
core   0: 0x0000000080005b50 (0x01a0983b) sllw    a6, ra, s10
core   0: 1 0x0000000080005b50 (0x01a0983b) x16 0xffffffff80001000
core   0: 0x0000000080005b54 (0x017e4e33) xor     t3, t3, s7
core   0: 1 0x0000000080005b54 (0x017e4e33) x28 0x00000000000005d6
core   0: 0x0000000080005b58 (0x01ad183b) sllw    a6, s10, s10
core   0: 1 0x0000000080005b58 (0x01ad183b) x16 0xffffffff8ee0c000
core   0: 0x0000000080005b5c (0x41d30eb3) sub     t4, t1, t4
core   0: 1 0x0000000080005b5c (0x41d30eb3) x29 0xffffffffffffffff
core   0: 0x0000000080005b60 (0x02873333) mulhu   t1, a4, s0
core   0: 1 0x0000000080005b60 (0x02873333) x6  0xffffff8c3930fdfc
core   0: 0x0000000080005b64 (0x012b911b) slliw   sp, s7, 18
core   0: 1 0x0000000080005b64 (0x012b911b) x2  0xfffffffffa880000
core   0: 0x0000000080005b68 (0x025770b3) remu    ra, a4, t0
core   0: 1 0x0000000080005b68 (0x025770b3) x1  0xffffffff82980000
core   0: 0x0000000080005b6c (0x02208a33) mul     s4, ra, sp
core   0: 1 0x0000000080005b6c (0x02208a33) x20 0x02add0c000000000
core   0: 0x0000000080005b70 (0x026a7033) remu    zero, s4, t1
core   0: 1 0x0000000080005b70 (0x026a7033)
core   0: 0x0000000080005b74 (0x00021233) sll     tp, tp, zero
core   0: 1 0x0000000080005b74 (0x00021233) x4  0xffffffffffffffff
core   0: 0x0000000080005b78 (0x42f4db13) srai    s6, s1, 47
core   0: 1 0x0000000080005b78 (0x42f4db13) x22 0x0000000000000000
core   0: 0x0000000080005b7c (0x125472d3) fmul.d  ft5, fs0, ft5
core   0: 1 0x0000000080005b7c (0x125472d3) f5  0x7ff8000000000000
core   0: 0x0000000080005b80 (0xf12b2773) csrrs   a4, marchid, s6
core   0: exception trap_illegal_instruction, epc 0x0000000080005b80
core   0:           tval 0x00000000f12b2773
core   0: >>>>  $xrv64i2p1_m2p0_a2p1_f2p2_d2p2_zicsr2p0_zifencei2p0_zmmul1p0_zba1p0_zbb1p0_zbc1p0_zbs1p0
core   0: 0x0000000080004000 (0x0080006f) j       pc + 0x8
core   0: 3 0x0000000080004000 (0x0080006f)
core   0: >>>>  mmode_exception_handler
core   0: 0x0000000080004008 (0x00002c17) auipc   s8, 0x2
core   0: 3 0x0000000080004008 (0x00002c17) x24 0x0000000080006008
core   0: 0x000000008000400c (0x052c0c13) addi    s8, s8, 82
core   0: 3 0x000000008000400c (0x052c0c13) x24 0x000000008000605a
core   0: 0x0000000080004010 (0x000c00e7) jalr    s8
core   0: 3 0x0000000080004010 (0x000c00e7) x1  0x0000000080004014
core   0: >>>>  any_handler
core   0: 0x000000008000605a (0x341027f3) csrrs   a5, mepc, zero
core   0: 3 0x000000008000605a (0x341027f3) x15 0x0000000080005b80
core   0: 0x000000008000605e (0x34202773) csrrs   a4, mcause, zero
core   0: 3 0x000000008000605e (0x34202773) x14 0x0000000000000002
core   0: 0x0000000080006062 (0x142026f3) csrrs   a3, scause, zero
core   0: 3 0x0000000080006062 (0x142026f3) x13 0x0000000000000000
core   0: 0x0000000080006066 (0x30402673) csrrs   a2, mie, zero
core   0: 3 0x0000000080006066 (0x30402673) x12 0x0000000000000a00
core   0: 0x000000008000606a (0x344025f3) csrrs   a1, mip, zero
core   0: 3 0x000000008000606a (0x344025f3) x11 0x0000000000000080
core   0: 0x000000008000606e (0x343025f3) csrrs   a1, mtval, zero
core   0: 3 0x000000008000606e (0x343025f3) x11 0x00000000f12b2773
core   0: 0x0000000080006072 (0x14302573) csrrs   a0, stval, zero
core   0: 3 0x0000000080006072 (0x14302573) x10 0x0000000000000000
core   0: 0x0000000080006076 (0xb02024f3) csrrs   s1, minstret, zero
core   0: 3 0x0000000080006076 (0xb02024f3) x9  0x0000000000001145
core   0: 0x000000008000607a (0x0000a811) c.j     pc + 20
core   0: 3 0x000000008000607a (0xa811)
core   0: >>>>  mepc_4
core   0: 0x000000008000608e (0x00000791) c.addi  a5, 4
core   0: 3 0x000000008000608e (0x0791) x15 0x0000000080005b84
core   0: 0x0000000080006090 (0x34179073) csrrw   zero, mepc, a5
core   0: 3 0x0000000080006090 (0x34179073) c833_mepc 0x0000000080005b84
core   0: 0x0000000080006094 (0x30200073) mret
core   0: 3 0x0000000080006094 (0x30200073) c768_mstatus 0x8000000a00106080
core   0: 0x0000000080005b84 (0x62ba0993) addi    s3, s4, 1579
core   0: 1 0x0000000080005b84 (0x62ba0993) x19 0x02add0c00000062b
core   0: 0x0000000080005b88 (0x014b72b3) and     t0, s6, s4
core   0: 1 0x0000000080005b88 (0x014b72b3) x5  0x0000000000000000
core   0: 0x0000000080005b8c (0x00000001) c.nop
core   0: 1 0x0000000080005b8c (0x0001)
core   0: 0x0000000080005b8e (0x9b075337) lui     t1, 0x9b075
core   0: 1 0x0000000080005b8e (0x9b075337) x6  0xffffffff9b075000
core   0: 0x0000000080005b92 (0x02c9c7b3) div     a5, s3, a2
core   0: 1 0x0000000080005b92 (0x02c9c7b3) x15 0x00004494e0000000
core   0: 0x0000000080005b96 (0x5a0ff553) fsqrt.d fa0, ft11
core   0: 1 0x0000000080005b96 (0x5a0ff553) f10 0x7ff8000000000000
core   0: 0x0000000080005b9a (0x0161583b) srlw    a6, sp, s6
core   0: 1 0x0000000080005b9a (0x0161583b) x16 0xfffffffffa880000
core   0: 0x0000000080005b9e (0xd027f3d3) fcvt.s.l ft7, a5
core   0: 1 0x0000000080005b9e (0xd027f3d3) f7  0xffffffff568929c0
core   0: 0x0000000080005ba2 (0x00111773) csrrw   a4, fflags, sp
core   0: 1 0x0000000080005ba2 (0x00111773) x14 0x000000000000001b c1_fflags 0x0000000000000000
core   0: 0x0000000080005ba6 (0xc2057e53) fcvt.w.d t3, fa0
core   0: 1 0x0000000080005ba6 (0xc2057e53) c1_fflags 0x0000000000000010 x28 0x000000007fffffff
core   0: 0x0000000080005baa (0x000b8c3b) addw    s8, s7, zero
core   0: 1 0x0000000080005baa (0x000b8c3b) x24 0xfffffffffffffea2
core   0: 0x0000000080005bae (0x00fe093b) addw    s2, t3, a5
core   0: 1 0x0000000080005bae (0x00fe093b) x18 0x000000005fffffff
core   0: 0x0000000080005bb2 (0x011c5dbb) srlw    s11, s8, a7
core   0: 1 0x0000000080005bb2 (0x011c5dbb) x27 0x0000000000000001
core   0: 0x0000000080005bb6 (0x01a75533) srl     a0, a4, s10
core   0: 1 0x0000000080005bb6 (0x01a75533) x10 0x0000000000000000
core   0: 0x0000000080005bba (0x0196c7b3) xor     a5, a3, s9
core   0: 1 0x0000000080005bba (0x0196c7b3) x15 0xffffffff3fc70fac
core   0: 0x0000000080005bbe (0xd2357253) fcvt.d.lu ft4, a0
core   0: 1 0x0000000080005bbe (0xd2357253) f4  0x0000000000000000
core   0: 0x0000000080005bc2 (0x8ce1ec13) ori     s8, gp, -1842
core   0: 1 0x0000000080005bc2 (0x8ce1ec13) x24 0xfffffffffffff8ce
core   0: 0x0000000080005bc6 (0xc0397bd3) fcvt.lu.s s7, fs2
core   0: 1 0x0000000080005bc6 (0xc0397bd3) c1_fflags 0x0000000000000010 x23 0xffffffffffffffff
core   0: 0x0000000080005bca (0x10599d73) csrrw   s10, stvec, s3
core   0: 1 0x0000000080005bca (0x10599d73) x26 0x0000000000000000 c261_stvec 0x02add0c000000629
core   0: 0x0000000080005bce (0x012d5933) srl     s2, s10, s2
core   0: 1 0x0000000080005bce (0x012d5933) x18 0x0000000000000000
core   0: 0x0000000080005bd2 (0x001595f3) csrrw   a1, fflags, a1
core   0: 1 0x0000000080005bd2 (0x001595f3) x11 0x0000000000000010 c1_fflags 0x0000000000000013
core   0: 0x0000000080005bd6 (0xd20a8253) fcvt.d.w ft4, s5
core   0: 1 0x0000000080005bd6 (0xd20a8253) f4  0x0000000000000000
core   0: 0x0000000080005bda (0x012b25b3) slt     a1, s6, s2
core   0: 1 0x0000000080005bda (0x012b25b3) x11 0x0000000000000000
core   0: 0x0000000080005bde (0x223a9553) fsgnjn.d fa0, fs5, ft3
core   0: 1 0x0000000080005bde (0x223a9553) f10 0xfff8000000000000
core   0: 0x0000000080005be2 (0x40ea541b) sraiw   s0, s4, 14
core   0: 1 0x0000000080005be2 (0x40ea541b) x8  0x0000000000000000
core   0: 0x0000000080005be6 (0xfff66e13) ori     t3, a2, -1
core   0: 1 0x0000000080005be6 (0xfff66e13) x28 0xffffffffffffffff
core   0: 0x0000000080005bea (0x4f844493) xori    s1, s0, 1272
core   0: 1 0x0000000080005bea (0x4f844493) x9  0x00000000000004f8
core   0: 0x0000000080005bee (0x4be7c597) auipc   a1, 0x4be7c
core   0: 1 0x0000000080005bee (0x4be7c597) x11 0x00000000cbe81bee
core   0: 0x0000000080005bf2 (0x00000001) c.nop
core   0: 1 0x0000000080005bf2 (0x0001)
core   0: 0x0000000080005bf4 (0x9777c1b7) lui     gp, 0x9777c
core   0: 1 0x0000000080005bf4 (0x9777c1b7) x3  0xffffffff9777c000
core   0: 0x0000000080005bf8 (0x012c093b) addw    s2, s8, s2
core   0: 1 0x0000000080005bf8 (0x012c093b) x18 0xfffffffffffff8ce
core   0: 0x0000000080005bfc (0x63f671c3) fmadd.d ft3, fa2, ft11, fa2
core   0: 1 0x0000000080005bfc (0x63f671c3) f3  0x7ff8000000000000
core   0: 0x0000000080005c00 (0x22659dd3) fsgnjn.d fs11, fa1, ft6
core   0: 1 0x0000000080005c00 (0x22659dd3) f27 0x8000000000000000
core   0: 0x0000000080005c04 (0x03b96dbb) remw    s11, s2, s11
core   0: 1 0x0000000080005c04 (0x03b96dbb) x27 0x0000000000000000
core   0: 0x0000000080005c08 (0xc2357053) fcvt.lu.d zero, fa0
core   0: 1 0x0000000080005c08 (0xc2357053) c1_fflags 0x0000000000000013
core   0: 0x0000000080005c0c (0x40f9559b) sraiw   a1, s2, 15
core   0: 1 0x0000000080005c0c (0x40f9559b) x11 0xffffffffffffffff
core   0: 0x0000000080005c10 (0x40b90e33) sub     t3, s2, a1
core   0: 1 0x0000000080005c10 (0x40b90e33) x28 0xfffffffffffff8cf
core   0: 0x0000000080005c14 (0x2b46f04f) fnmadd.d ft0, fa3, fs4, ft5
core   0: 1 0x0000000080005c14 (0x2b46f04f) f0  0x7ff8000000000000
core   0: 0x0000000080005c18 (0x003b1c33) sll     s8, s6, gp
core   0: 1 0x0000000080005c18 (0x003b1c33) x24 0x0000000000000000
core   0: 0x0000000080005c1c (0x018451b3) srl     gp, s0, s8
core   0: 1 0x0000000080005c1c (0x018451b3) x3  0x0000000000000000
core   0: 0x0000000080005c20 (0x40f7da13) srai    s4, a5, 15
core   0: 1 0x0000000080005c20 (0x40f7da13) x20 0xfffffffffffe7f8e
core   0: 0x0000000080005c24 (0xc0337453) fcvt.lu.s s0, ft6
core   0: 1 0x0000000080005c24 (0xc0337453) c1_fflags 0x0000000000000013 x8  0xffffffffffffffff
core   0: 0x0000000080005c28 (0x017828b3) slt     a7, a6, s7
core   0: 1 0x0000000080005c28 (0x017828b3) x17 0x0000000000000001
core   0: 0x0000000080005c2c (0x03005abb) divuw   s5, zero, a6
core   0: 1 0x0000000080005c2c (0x03005abb) x21 0x0000000000000000
core   0: 0x0000000080005c30 (0x9a49c717) auipc   a4, 0x9a49c
core   0: 1 0x0000000080005c30 (0x9a49c717) x14 0x000000001a4a1c30
core   0: 0x0000000080005c34 (0xf2068753) fmv.d.x fa4, a3
core   0: 1 0x0000000080005c34 (0xf2068753) f14 0x0000000000000000
core   0: 0x0000000080005c38 (0xc2167953) fcvt.wu.d s2, fa2
core   0: 1 0x0000000080005c38 (0xc2167953) c1_fflags 0x0000000000000013 x18 0xffffffffffffffff
core   0: 0x0000000080005c3c (0x7241f9c7) fmsub.d fs3, ft3, ft4, fa4
core   0: 1 0x0000000080005c3c (0x7241f9c7) f19 0x7ff8000000000000
core   0: 0x0000000080005c40 (0x9aaa72c3) fmadd.d ft5, fs4, fa0, fs3
core   0: 1 0x0000000080005c40 (0x9aaa72c3) f5  0x7ff8000000000000
core   0: 0x0000000080005c44 (0x4123d59b) sraiw   a1, t2, 18
core   0: 1 0x0000000080005c44 (0x4123d59b) x11 0x0000000000000000
core   0: 0x0000000080005c48 (0xd239f8d3) fcvt.d.lu fa7, s3
core   0: 1 0x0000000080005c48 (0xd239f8d3) c1_fflags 0x0000000000000013 f17 0x43856e8600000031
core   0: 0x0000000080005c4c (0x033b1213) slli    tp, s6, 51
core   0: 1 0x0000000080005c4c (0x033b1213) x4  0x0000000000000000
core   0: 0x0000000080005c50 (0x4001dd13) srai    s10, gp, 0
core   0: 1 0x0000000080005c50 (0x4001dd13) x26 0x0000000000000000
core   0: 0x0000000080005c54 (0x4ead7793) andi    a5, s10, 1258
core   0: 1 0x0000000080005c54 (0x4ead7793) x15 0x0000000000000000
core   0: 0x0000000080005c58 (0x0197fe33) and     t3, a5, s9
core   0: 1 0x0000000080005c58 (0x0197fe33) x28 0x0000000000000000
core   0: 0x0000000080005c5c (0x002e1a73) csrrw   s4, frm, t3
core   0: 1 0x0000000080005c5c (0x002e1a73) x20 0x0000000000000004 c2_frm 0x0000000000000000
core   0: 0x0000000080005c60 (0x5a057f53) fsqrt.d ft10, fa0
core   0: 1 0x0000000080005c60 (0x5a057f53) f30 0x7ff8000000000000
core   0: 0x0000000080005c64 (0x006e1c37) lui     s8, 0x6e1
core   0: 1 0x0000000080005c64 (0x006e1c37) x24 0x00000000006e1000
core   0: 0x0000000080005c68 (0x52bc0c1b) addiw   s8, s8, 1323
core   0: 1 0x0000000080005c68 (0x52bc0c1b) x24 0x00000000006e152b
core   0: 0x0000000080005c6c (0x00000c32) c.slli  s8, 12
core   0: 1 0x0000000080005c6c (0x0c32) x24 0x00000006e152b000
core   0: 0x0000000080005c6e (0x3dec0c13) addi    s8, s8, 990
core   0: 1 0x0000000080005c6e (0x3dec0c13) x24 0x00000006e152b3de
core   0: 0x0000000080005c72 (0xc02575d3) fcvt.l.s a1, fa0
core   0: 1 0x0000000080005c72 (0xc02575d3) c1_fflags 0x0000000000000013 x11 0x7fffffffffffffff
core   0: 0x0000000080005c76 (0x00009ee6) c.add   t4, s9
core   0: 1 0x0000000080005c76 (0x9ee6) x29 0xffffffff3fc70fab
core   0: 0x0000000080005c78 (0xc2157053) fcvt.wu.d zero, fa0
core   0: 1 0x0000000080005c78 (0xc2157053) c1_fflags 0x0000000000000013
core   0: 0x0000000080005c7c (0x00fcacb3) slt     s9, s9, a5
core   0: 1 0x0000000080005c7c (0x00fcacb3) x25 0x0000000000000001
core   0: 0x0000000080005c80 (0x00202af3) csrrs   s5, frm, zero
core   0: 1 0x0000000080005c80 (0x00202af3) x21 0x0000000000000000
core   0: 0x0000000080005c84 (0x41fc539b) sraiw   t2, s8, 31
core   0: 1 0x0000000080005c84 (0x41fc539b) x7  0xffffffffffffffff
core   0: 0x0000000080005c88 (0x40127b53) fcvt.s.d fs6, ft4
core   0: 1 0x0000000080005c88 (0x40127b53) f22 0xffffffff00000000
core   0: 0x0000000080005c8c (0xd0217753) fcvt.s.l fa4, sp
core   0: 1 0x0000000080005c8c (0xd0217753) f14 0xffffffffccaf0000
core   0: 0x0000000080005c90 (0x00002b33) slt     s6, zero, zero
core   0: 1 0x0000000080005c90 (0x00002b33) x22 0x0000000000000000
core   0: 0x0000000080005c94 (0xe20b0853) fmv.x.d a6, fs6
core   0: 1 0x0000000080005c94 (0xe20b0853) x16 0xffffffff00000000
core   0: 0x0000000080005c98 (0x8a40fdc3) fmadd.d fs11, ft1, ft4, fa7
core   0: 1 0x0000000080005c98 (0x8a40fdc3) f27 0x7ff8000000000000
core   0: 0x0000000080005c9c (0xa4710913) addi    s2, sp, -1465
core   0: 1 0x0000000080005c9c (0xa4710913) x18 0xfffffffffa87fa47
core   0: 0x0000000080005ca0 (0x0014141b) slliw   s0, s0, 1
core   0: 1 0x0000000080005ca0 (0x0014141b) x8  0xfffffffffffffffe
core   0: 0x0000000080005ca4 (0x0219c9b3) div     s3, s3, ra
core   0: 1 0x0000000080005ca4 (0x0219c9b3) x19 0x00000000055b9ed1
core   0: 0x0000000080005ca8 (0xc587e013) ori     zero, a5, -936
core   0: 1 0x0000000080005ca8 (0xc587e013)
core   0: 0x0000000080005cac (0xc02b7b53) fcvt.l.s s6, fs6
core   0: 1 0x0000000080005cac (0xc02b7b53) x22 0x0000000000000000
core   0: 0x0000000080005cb0 (0xd22cf4d3) fcvt.d.l fs1, s9
core   0: 1 0x0000000080005cb0 (0xd22cf4d3) f9  0x3ff0000000000000
core   0: 0x0000000080005cb4 (0x00db56bb) srlw    a3, s6, a3
core   0: 1 0x0000000080005cb4 (0x00db56bb) x13 0x0000000000000000
core   0: 0x0000000080005cb8 (0x417b0033) sub     zero, s6, s7
core   0: 1 0x0000000080005cb8 (0x417b0033)
core   0: 0x0000000080005cbc (0x92dd7a4f) fnmadd.d fs4, fs10, fa3, fs2
core   0: 1 0x0000000080005cbc (0x92dd7a4f) f20 0x7ff8000000000000
core   0: 0x0000000080005cc0 (0x41b00833) sub     a6, zero, s11
core   0: 1 0x0000000080005cc0 (0x41b00833) x16 0x0000000000000000
core   0: 0x0000000080005cc4 (0x002682bb) addw    t0, a3, sp
core   0: 1 0x0000000080005cc4 (0x002682bb) x5  0xfffffffffa880000
core   0: 0x0000000080005cc8 (0x4002da13) srai    s4, t0, 0
core   0: 1 0x0000000080005cc8 (0x4002da13) x20 0xfffffffffa880000
core   0: 0x0000000080005ccc (0xc21d76d3) fcvt.wu.d a3, fs10
core   0: 1 0x0000000080005ccc (0xc21d76d3) c1_fflags 0x0000000000000013 x13 0xffffffffffffffff
core   0: 0x0000000080005cd0 (0x00e28b3b) addw    s6, t0, a4
core   0: 1 0x0000000080005cd0 (0x00e28b3b) x22 0x0000000014d21c30
core   0: 0x0000000080005cd4 (0xe20c9dd3) fclass.d s11, fs9
core   0: 1 0x0000000080005cd4 (0xe20c9dd3) x27 0x0000000000000040
core   0: 0x0000000080005cd8 (0x01b7e233) or      tp, a5, s11
core   0: 1 0x0000000080005cd8 (0x01b7e233) x4  0x0000000000000040
core   0: 0x0000000080005cdc (0x42085313) srai    t1, a6, 32
core   0: 1 0x0000000080005cdc (0x42085313) x6  0x0000000000000000
core   0: 0x0000000080005ce0 (0x11487813) andi    a6, a6, 276
core   0: 1 0x0000000080005ce0 (0x11487813) x16 0x0000000000000000
core   0: 0x0000000080005ce4 (0x0100583b) srlw    a6, zero, a6
core   0: 1 0x0000000080005ce4 (0x0100583b) x16 0x0000000000000000
core   0: 0x0000000080005ce8 (0x6bb78893) addi    a7, a5, 1723
core   0: 1 0x0000000080005ce8 (0x6bb78893) x17 0x00000000000006bb
core   0: 0x0000000080005cec (0x2b498053) fmin.d  ft0, fs3, fs4
core   0: 1 0x0000000080005cec (0x2b498053) f0  0x7ff8000000000000
core   0: 0x0000000080005cf0 (0x00d8d813) srli    a6, a7, 13
core   0: 1 0x0000000080005cf0 (0x00d8d813) x16 0x0000000000000000
core   0: 0x0000000080005cf4 (0x420002d3) fcvt.d.s ft5, ft0
core   0: 1 0x0000000080005cf4 (0x420002d3) f5  0x7ff8000000000000
core   0: 0x0000000080005cf8 (0x0304c933) div     s2, s1, a6
core   0: 1 0x0000000080005cf8 (0x0304c933) x18 0xffffffffffffffff
core   0: 0x0000000080005cfc (0x0324c7bb) divw    a5, s1, s2
core   0: 1 0x0000000080005cfc (0x0324c7bb) x15 0xfffffffffffffb08
core   0: 0x0000000080005d00 (0xc03a70d3) fcvt.lu.s ra, fs4
core   0: 1 0x0000000080005d00 (0xc03a70d3) c1_fflags 0x0000000000000013 x1  0xffffffffffffffff
core   0: 0x0000000080005d04 (0x00102273) csrrs   tp, fflags, zero
core   0: 1 0x0000000080005d04 (0x00102273) x4  0x0000000000000013
core   0: 0x0000000080005d08 (0x02c21a93) slli    s5, tp, 44
core   0: 1 0x0000000080005d08 (0x02c21a93) x21 0x0001300000000000
core   0: 0x0000000080005d0c (0x51948d17) auipc   s10, 0x51948
core   0: 1 0x0000000080005d0c (0x51948d17) x26 0x00000000d194dd0c
core   0: 0x0000000080005d10 (0x019a88bb) addw    a7, s5, s9
core   0: 1 0x0000000080005d10 (0x019a88bb) x17 0x0000000000000001
core   0: 0x0000000080005d14 (0xc2317cd3) fcvt.lu.d s9, ft2
core   0: 1 0x0000000080005d14 (0xc2317cd3) c1_fflags 0x0000000000000013 x25 0xffffffffffffffff
core   0: 0x0000000080005d18 (0x00000001) c.nop
core   0: 1 0x0000000080005d18 (0x0001)
core   0: 0x0000000080005d1a (0x03c83e33) mulhu   t3, a6, t3
core   0: 1 0x0000000080005d1a (0x03c83e33) x28 0x0000000000000000
core   0: 0x0000000080005d1e (0x0ff0000f) fence   iorw,iorw
core   0: 1 0x0000000080005d1e (0x0ff0000f)
core   0: 0x0000000080005d22 (0x0181d1bb) srlw    gp, gp, s8
core   0: 1 0x0000000080005d22 (0x0181d1bb) x3  0x0000000000000000
core   0: 0x0000000080005d26 (0x227826d3) fsgnjx.d fa3, fa6, ft7
core   0: 1 0x0000000080005d26 (0x227826d3) f13 0x8000000000000000
core   0: 0x0000000080005d2a (0x01b495b3) sll     a1, s1, s11
core   0: 1 0x0000000080005d2a (0x01b495b3) x11 0x00000000000004f8
core   0: 0x0000000080005d2e (0x017597b3) sll     a5, a1, s7
core   0: 1 0x0000000080005d2e (0x017597b3) x15 0x0000000000000000
core   0: 0x0000000080005d32 (0x2a979bd3) fmax.d  fs7, fa5, fs1
core   0: 1 0x0000000080005d32 (0x2a979bd3) f23 0x3ff0000000000000
core   0: 0x0000000080005d36 (0xd21788d3) fcvt.d.wu fa7, a5
core   0: 1 0x0000000080005d36 (0xd21788d3) f17 0x0000000000000000
core   0: 0x0000000080005d3a (0x8b10714b) fnmsub.d ft2, ft0, fa7, fa7
core   0: 1 0x0000000080005d3a (0x8b10714b) f2  0x7ff8000000000000
core   0: 0x0000000080005d3e (0xd023f653) fcvt.s.l fa2, t2
core   0: 1 0x0000000080005d3e (0xd023f653) f12 0xffffffffbf800000
core   0: 0x0000000080005d42 (0x001918f3) csrrw   a7, fflags, s2
core   0: 1 0x0000000080005d42 (0x001918f3) x17 0x0000000000000013 c1_fflags 0x000000000000001f
core   0: 0x0000000080005d46 (0x00116437) lui     s0, 0x116
core   0: 1 0x0000000080005d46 (0x00116437) x8  0x0000000000116000
core   0: 0x0000000080005d4a (0x83b4041b) addiw   s0, s0, -1989
core   0: 1 0x0000000080005d4a (0x83b4041b) x8  0x000000000011583b
core   0: 0x0000000080005d4e (0x00000432) c.slli  s0, 12
core   0: 1 0x0000000080005d4e (0x0432) x8  0x000000011583b000
core   0: 0x0000000080005d50 (0x81b40413) addi    s0, s0, -2021
core   0: 1 0x0000000080005d50 (0x81b40413) x8  0x000000011583a81b
core   0: 0x0000000080005d54 (0x035021b3) mulhsu  gp, zero, s5
core   0: 1 0x0000000080005d54 (0x035021b3) x3  0x0000000000000000
core   0: 0x0000000080005d58 (0x6076d637) lui     a2, 0x6076d
core   0: 1 0x0000000080005d58 (0x6076d637) x12 0x000000006076d000
core   0: 0x0000000080005d5c (0x22052553) fsgnjx.d fa0, fa0, ft0
core   0: 1 0x0000000080005d5c (0x22052553) f10 0xfff8000000000000
core   0: 0x0000000080005d60 (0x00008132) c.mv    sp, a2
core   0: 1 0x0000000080005d60 (0x8132) x2  0x000000006076d000
core   0: 0x0000000080005d62 (0x00d6803b) addw    zero, a3, a3
core   0: 1 0x0000000080005d62 (0x00d6803b)
core   0: 0x0000000080005d66 (0xc05b6673) csrrsi  a2, hpmcounter5, 22
core   0: exception trap_illegal_instruction, epc 0x0000000080005d66
core   0:           tval 0x00000000c05b6673
core   0: >>>>  $xrv64i2p1_m2p0_a2p1_f2p2_d2p2_zicsr2p0_zifencei2p0_zmmul1p0_zba1p0_zbb1p0_zbc1p0_zbs1p0
core   0: 0x0000000080004000 (0x0080006f) j       pc + 0x8
core   0: 3 0x0000000080004000 (0x0080006f)
core   0: >>>>  mmode_exception_handler
core   0: 0x0000000080004008 (0x00002c17) auipc   s8, 0x2
core   0: 3 0x0000000080004008 (0x00002c17) x24 0x0000000080006008
core   0: 0x000000008000400c (0x052c0c13) addi    s8, s8, 82
core   0: 3 0x000000008000400c (0x052c0c13) x24 0x000000008000605a
core   0: 0x0000000080004010 (0x000c00e7) jalr    s8
core   0: 3 0x0000000080004010 (0x000c00e7) x1  0x0000000080004014
core   0: >>>>  any_handler
core   0: 0x000000008000605a (0x341027f3) csrrs   a5, mepc, zero
core   0: 3 0x000000008000605a (0x341027f3) x15 0x0000000080005d66
core   0: 0x000000008000605e (0x34202773) csrrs   a4, mcause, zero
core   0: 3 0x000000008000605e (0x34202773) x14 0x0000000000000002
core   0: 0x0000000080006062 (0x142026f3) csrrs   a3, scause, zero
core   0: 3 0x0000000080006062 (0x142026f3) x13 0x0000000000000000
core   0: 0x0000000080006066 (0x30402673) csrrs   a2, mie, zero
core   0: 3 0x0000000080006066 (0x30402673) x12 0x0000000000000a00
core   0: 0x000000008000606a (0x344025f3) csrrs   a1, mip, zero
core   0: 3 0x000000008000606a (0x344025f3) x11 0x0000000000000080
core   0: 0x000000008000606e (0x343025f3) csrrs   a1, mtval, zero
core   0: 3 0x000000008000606e (0x343025f3) x11 0x00000000c05b6673
core   0: 0x0000000080006072 (0x14302573) csrrs   a0, stval, zero
core   0: 3 0x0000000080006072 (0x14302573) x10 0x0000000000000000
core   0: 0x0000000080006076 (0xb02024f3) csrrs   s1, minstret, zero
core   0: 3 0x0000000080006076 (0xb02024f3) x9  0x00000000000011d1
core   0: 0x000000008000607a (0x0000a811) c.j     pc + 20
core   0: 3 0x000000008000607a (0xa811)
core   0: >>>>  mepc_4
core   0: 0x000000008000608e (0x00000791) c.addi  a5, 4
core   0: 3 0x000000008000608e (0x0791) x15 0x0000000080005d6a
core   0: 0x0000000080006090 (0x34179073) csrrw   zero, mepc, a5
core   0: 3 0x0000000080006090 (0x34179073) c833_mepc 0x0000000080005d6a
core   0: 0x0000000080006094 (0x30200073) mret
core   0: 3 0x0000000080006094 (0x30200073) c768_mstatus 0x8000000a00106080
core   0: 0x0000000080005d6a (0x31aab7f3) csrrc   a5, menvcfgh, s5
core   0: exception trap_illegal_instruction, epc 0x0000000080005d6a
core   0:           tval 0x0000000031aab7f3
core   0: >>>>  $xrv64i2p1_m2p0_a2p1_f2p2_d2p2_zicsr2p0_zifencei2p0_zmmul1p0_zba1p0_zbb1p0_zbc1p0_zbs1p0
core   0: 0x0000000080004000 (0x0080006f) j       pc + 0x8
core   0: 3 0x0000000080004000 (0x0080006f)
core   0: >>>>  mmode_exception_handler
core   0: 0x0000000080004008 (0x00002c17) auipc   s8, 0x2
core   0: 3 0x0000000080004008 (0x00002c17) x24 0x0000000080006008
core   0: 0x000000008000400c (0x052c0c13) addi    s8, s8, 82
core   0: 3 0x000000008000400c (0x052c0c13) x24 0x000000008000605a
core   0: 0x0000000080004010 (0x000c00e7) jalr    s8
core   0: 3 0x0000000080004010 (0x000c00e7) x1  0x0000000080004014
core   0: >>>>  any_handler
core   0: 0x000000008000605a (0x341027f3) csrrs   a5, mepc, zero
core   0: 3 0x000000008000605a (0x341027f3) x15 0x0000000080005d6a
core   0: 0x000000008000605e (0x34202773) csrrs   a4, mcause, zero
core   0: 3 0x000000008000605e (0x34202773) x14 0x0000000000000002
core   0: 0x0000000080006062 (0x142026f3) csrrs   a3, scause, zero
core   0: 3 0x0000000080006062 (0x142026f3) x13 0x0000000000000000
core   0: 0x0000000080006066 (0x30402673) csrrs   a2, mie, zero
core   0: 3 0x0000000080006066 (0x30402673) x12 0x0000000000000a00
core   0: 0x000000008000606a (0x344025f3) csrrs   a1, mip, zero
core   0: 3 0x000000008000606a (0x344025f3) x11 0x0000000000000080
core   0: 0x000000008000606e (0x343025f3) csrrs   a1, mtval, zero
core   0: 3 0x000000008000606e (0x343025f3) x11 0x0000000031aab7f3
core   0: 0x0000000080006072 (0x14302573) csrrs   a0, stval, zero
core   0: 3 0x0000000080006072 (0x14302573) x10 0x0000000000000000
core   0: 0x0000000080006076 (0xb02024f3) csrrs   s1, minstret, zero
core   0: 3 0x0000000080006076 (0xb02024f3) x9  0x00000000000011e1
core   0: 0x000000008000607a (0x0000a811) c.j     pc + 20
core   0: 3 0x000000008000607a (0xa811)
core   0: >>>>  mepc_4
core   0: 0x000000008000608e (0x00000791) c.addi  a5, 4
core   0: 3 0x000000008000608e (0x0791) x15 0x0000000080005d6e
core   0: 0x0000000080006090 (0x34179073) csrrw   zero, mepc, a5
core   0: 3 0x0000000080006090 (0x34179073) c833_mepc 0x0000000080005d6e
core   0: 0x0000000080006094 (0x30200073) mret
core   0: 3 0x0000000080006094 (0x30200073) c768_mstatus 0x8000000a00106080
core   0: 0x0000000080005d6e (0xfff0fe13) andi    t3, ra, -1
core   0: 1 0x0000000080005d6e (0xfff0fe13) x28 0x0000000080004014
core   0: 0x0000000080005d72 (0x00774a37) lui     s4, 0x774
core   0: 1 0x0000000080005d72 (0x00774a37) x20 0x0000000000774000
core   0: 0x0000000080005d76 (0xba1a0a1b) addiw   s4, s4, -1119
core   0: 1 0x0000000080005d76 (0xba1a0a1b) x20 0x0000000000773ba1
core   0: 0x0000000080005d7a (0x00000a36) c.slli  s4, 13
core   0: 1 0x0000000080005d7a (0x0a36) x20 0x0000000ee7742000
core   0: 0x0000000080005d7c (0xa9da0a13) addi    s4, s4, -1379
core   0: 1 0x0000000080005d7c (0xa9da0a13) x20 0x0000000ee7741a9d
core   0: 0x0000000080005d80 (0xc222f853) fcvt.l.d a6, ft5
core   0: 1 0x0000000080005d80 (0xc222f853) c1_fflags 0x000000000000001f x16 0x7fffffffffffffff
core   0: 0x0000000080005d84 (0x0018089b) addiw   a7, a6, 1
core   0: 1 0x0000000080005d84 (0x0018089b) x17 0x0000000000000000
core   0: 0x0000000080005d88 (0x4315e1b7) lui     gp, 0x4315e
core   0: 1 0x0000000080005d88 (0x4315e1b7) x3  0x000000004315e000
core   0: 0x0000000080005d8c (0x412ed0b3) sra     ra, t4, s2
core   0: 1 0x0000000080005d8c (0x412ed0b3) x1  0xffffffffffffffff
core   0: 0x0000000080005d90 (0x4009dc3b) sraw    s8, s3, zero
core   0: 1 0x0000000080005d90 (0x4009dc3b) x24 0x00000000055b9ed1
core   0: 0x0000000080005d94 (0x41335dbb) sraw    s11, t1, s3
core   0: 1 0x0000000080005d94 (0x41335dbb) x27 0x0000000000000000
core   0: 0x0000000080005d98 (0x002d99f3) csrrw   s3, frm, s11
core   0: 1 0x0000000080005d98 (0x002d99f3) x19 0x0000000000000000 c2_frm 0x0000000000000000
core   0: 0x0000000080005d9c (0x23122d53) fsgnjx.d fs10, ft4, fa7
core   0: 1 0x0000000080005d9c (0x23122d53) f26 0x0000000000000000
core   0: 0x0000000080005da0 (0x024730b3) mulhu   ra, a4, tp
core   0: 1 0x0000000080005da0 (0x024730b3) x1  0x0000000000000000
core   0: 0x0000000080005da4 (0x001ed6bb) srlw    a3, t4, ra
core   0: 1 0x0000000080005da4 (0x001ed6bb) x13 0x000000003fc70fab
core   0: 0x0000000080005da8 (0x00259a73) csrrw   s4, frm, a1
core   0: 1 0x0000000080005da8 (0x00259a73) x20 0x0000000000000000 c2_frm 0x0000000000000003
core   0: 0x0000000080005dac (0x032ce7b3) rem     a5, s9, s2
core   0: 1 0x0000000080005dac (0x032ce7b3) x15 0x0000000000000000
core   0: 0x0000000080005db0 (0xd03cf0d3) fcvt.s.lu ft1, s9
core   0: 1 0x0000000080005db0 (0xd03cf0d3) c1_fflags 0x000000000000001f f1  0xffffffff5f800000
core   0: 0x0000000080005db4 (0x231d1153) fsgnjn.d ft2, fs10, fa7
core   0: 1 0x0000000080005db4 (0x231d1153) f2  0x8000000000000000
core   0: 0x0000000080005db8 (0x02b1f8d3) fadd.d  fa7, ft3, fa1
core   0: 1 0x0000000080005db8 (0x02b1f8d3) f17 0x7ff8000000000000
core   0: 0x0000000080005dbc (0x00039a9b) slliw   s5, t2, 0
core   0: 1 0x0000000080005dbc (0x00039a9b) x21 0xffffffffffffffff
core   0: 0x0000000080005dc0 (0x00102a73) csrrs   s4, fflags, zero
core   0: 1 0x0000000080005dc0 (0x00102a73) x20 0x000000000000001f
core   0: 0x0000000080005dc4 (0x4018f753) fcvt.s.d fa4, fa7
core   0: 1 0x0000000080005dc4 (0x4018f753) f14 0xffffffff7fc00000
core   0: 0x0000000080005dc8 (0xa0b10717) auipc   a4, 0xa0b10
core   0: 1 0x0000000080005dc8 (0xa0b10717) x14 0x0000000020b15dc8
core   0: 0x0000000080005dcc (0x0070e837) lui     a6, 0x70e
core   0: 1 0x0000000080005dcc (0x0070e837) x16 0x000000000070e000
core   0: 0x0000000080005dd0 (0x9558081b) addiw   a6, a6, -1707
core   0: 1 0x0000000080005dd0 (0x9558081b) x16 0x000000000070d955
core   0: 0x0000000080005dd4 (0x0000083e) c.slli  a6, 15
core   0: 1 0x0000000080005dd4 (0x083e) x16 0x000000386caa8000
core   0: 0x0000000080005dd6 (0x91580813) addi    a6, a6, -1771
core   0: 1 0x0000000080005dd6 (0x91580813) x16 0x000000386caa7915
core   0: 0x0000000080005dda (0xd03e7d53) fcvt.s.lu fs10, t3
core   0: 1 0x0000000080005dda (0xd03e7d53) c1_fflags 0x000000000000001f f26 0xffffffff4f000041
core   0: 0x0000000080005dde (0x41a8083b) subw    a6, a6, s10
core   0: 1 0x0000000080005dde (0x41a8083b) x16 0xffffffff9b159c09
core   0: 0x0000000080005de2 (0xc02d7bd3) fcvt.l.s s7, fs10
core   0: 1 0x0000000080005de2 (0xc02d7bd3) x23 0x0000000080004100
core   0: 0x0000000080005de6 (0x02d26db3) rem     s11, tp, a3
core   0: 1 0x0000000080005de6 (0x02d26db3) x27 0x0000000000000013
core   0: 0x0000000080005dea (0xc050fe73) csrrci  t3, hpmcounter5, 1
core   0: exception trap_illegal_instruction, epc 0x0000000080005dea
core   0:           tval 0x00000000c050fe73
core   0: >>>>  $xrv64i2p1_m2p0_a2p1_f2p2_d2p2_zicsr2p0_zifencei2p0_zmmul1p0_zba1p0_zbb1p0_zbc1p0_zbs1p0
core   0: 0x0000000080004000 (0x0080006f) j       pc + 0x8
core   0: 3 0x0000000080004000 (0x0080006f)
core   0: >>>>  mmode_exception_handler
core   0: 0x0000000080004008 (0x00002c17) auipc   s8, 0x2
core   0: 3 0x0000000080004008 (0x00002c17) x24 0x0000000080006008
core   0: 0x000000008000400c (0x052c0c13) addi    s8, s8, 82
core   0: 3 0x000000008000400c (0x052c0c13) x24 0x000000008000605a
core   0: 0x0000000080004010 (0x000c00e7) jalr    s8
core   0: 3 0x0000000080004010 (0x000c00e7) x1  0x0000000080004014
core   0: >>>>  any_handler
core   0: 0x000000008000605a (0x341027f3) csrrs   a5, mepc, zero
core   0: 3 0x000000008000605a (0x341027f3) x15 0x0000000080005dea
core   0: 0x000000008000605e (0x34202773) csrrs   a4, mcause, zero
core   0: 3 0x000000008000605e (0x34202773) x14 0x0000000000000002
core   0: 0x0000000080006062 (0x142026f3) csrrs   a3, scause, zero
core   0: 3 0x0000000080006062 (0x142026f3) x13 0x0000000000000000
core   0: 0x0000000080006066 (0x30402673) csrrs   a2, mie, zero
core   0: 3 0x0000000080006066 (0x30402673) x12 0x0000000000000a00
core   0: 0x000000008000606a (0x344025f3) csrrs   a1, mip, zero
core   0: 3 0x000000008000606a (0x344025f3) x11 0x0000000000000080
core   0: 0x000000008000606e (0x343025f3) csrrs   a1, mtval, zero
core   0: 3 0x000000008000606e (0x343025f3) x11 0x00000000c050fe73
core   0: 0x0000000080006072 (0x14302573) csrrs   a0, stval, zero
core   0: 3 0x0000000080006072 (0x14302573) x10 0x0000000000000000
core   0: 0x0000000080006076 (0xb02024f3) csrrs   s1, minstret, zero
core   0: 3 0x0000000080006076 (0xb02024f3) x9  0x0000000000001211
core   0: 0x000000008000607a (0x0000a811) c.j     pc + 20
core   0: 3 0x000000008000607a (0xa811)
core   0: >>>>  mepc_4
core   0: 0x000000008000608e (0x00000791) c.addi  a5, 4
core   0: 3 0x000000008000608e (0x0791) x15 0x0000000080005dee
core   0: 0x0000000080006090 (0x34179073) csrrw   zero, mepc, a5
core   0: 3 0x0000000080006090 (0x34179073) c833_mepc 0x0000000080005dee
core   0: 0x0000000080006094 (0x30200073) mret
core   0: 3 0x0000000080006094 (0x30200073) c768_mstatus 0x8000000a00106080
core   0: 0x0000000080005dee (0x41cbd6bb) sraw    a3, s7, t3
core   0: 1 0x0000000080005dee (0x41cbd6bb) x13 0xfffffffffffff800
core   0: 0x0000000080005df2 (0x00000001) c.nop
core   0: 1 0x0000000080005df2 (0x0001)
core   0: 0x0000000080005df4 (0x01f6911b) slliw   sp, a3, 31
core   0: 1 0x0000000080005df4 (0x01f6911b) x2  0x0000000000000000
core   0: 0x0000000080005df8 (0x03c69d33) mulh    s10, a3, t3
core   0: 1 0x0000000080005df8 (0x03c69d33) x26 0xffffffffffffffff
core   0: 0x0000000080005dfc (0x01cb553b) srlw    a0, s6, t3
core   0: 1 0x0000000080005dfc (0x01cb553b) x10 0x000000000000014d
core   0: 0x0000000080005e00 (0x41fcdd9b) sraiw   s11, s9, 31
core   0: 1 0x0000000080005e00 (0x41fcdd9b) x27 0xffffffffffffffff
core   0: 0x0000000080005e04 (0x411c873b) subw    a4, s9, a7
core   0: 1 0x0000000080005e04 (0x411c873b) x14 0xffffffffffffffff
core   0: 0x0000000080005e08 (0xc22777d3) fcvt.l.d a5, fa4
core   0: 1 0x0000000080005e08 (0xc22777d3) c1_fflags 0x000000000000001f x15 0x7fffffffffffffff
core   0: 0x0000000080005e0c (0x4021513b) sraw    sp, sp, sp
core   0: 1 0x0000000080005e0c (0x4021513b) x2  0x0000000000000000
core   0: 0x0000000080005e10 (0x034c5613) srli    a2, s8, 52
core   0: 1 0x0000000080005e10 (0x034c5613) x12 0x0000000000000000
core   0: 0x0000000080005e14 (0xd23970d3) fcvt.d.lu ft1, s2
core   0: 1 0x0000000080005e14 (0xd23970d3) c1_fflags 0x000000000000001f f1  0x43f0000000000000
core   0: 0x0000000080005e18 (0x0b6bfbd3) fsub.d  fs7, fs7, fs6
core   0: 1 0x0000000080005e18 (0x0b6bfbd3) f23 0x7ff8000000000000
core   0: 0x0000000080005e1c (0x95d97113) andi    sp, s2, -1699
core   0: 1 0x0000000080005e1c (0x95d97113) x2  0xfffffffffffff95d
core   0: 0x0000000080005e20 (0x220b6793) ori     a5, s6, 544
core   0: 1 0x0000000080005e20 (0x220b6793) x15 0x0000000014d21e30
core   0: 0x0000000080005e24 (0x01bb1ebb) sllw    t4, s6, s11
core   0: 1 0x0000000080005e24 (0x01bb1ebb) x29 0x0000000000000000
core   0: 0x0000000080005e28 (0x2b3d1ad3) fmax.d  fs5, fs10, fs3
core   0: 1 0x0000000080005e28 (0x2b3d1ad3) f21 0x7ff8000000000000
core   0: 0x0000000080005e2c (0xfe87fd13) andi    s10, a5, -24
core   0: 1 0x0000000080005e2c (0xfe87fd13) x26 0x0000000014d21e20
core   0: 0x0000000080005e30 (0x00851533) sll     a0, a0, s0
core   0: 1 0x0000000080005e30 (0x00851533) x10 0x0000000a68000000
core   0: 0x0000000080005e34 (0x2bba98d3) fmax.d  fa7, fs5, fs11
core   0: 1 0x0000000080005e34 (0x2bba98d3) f17 0x7ff8000000000000
core   0: 0x0000000080005e38 (0x039b1613) slli    a2, s6, 57
core   0: 1 0x0000000080005e38 (0x039b1613) x12 0x6000000000000000
core   0: 0x0000000080005e3c (0x036b653b) remw    a0, s6, s6
core   0: 1 0x0000000080005e3c (0x036b653b) x10 0x0000000000000000
core   0: 0x0000000080005e40 (0xa81b8313) addi    t1, s7, -1407
core   0: 1 0x0000000080005e40 (0xa81b8313) x6  0x0000000080003b81
core   0: 0x0000000080005e44 (0x03a1c1b3) div     gp, gp, s10
core   0: 1 0x0000000080005e44 (0x03a1c1b3) x3  0x0000000000000003
core   0: 0x0000000080005e48 (0xf2637d4b) fnmsub.d fs10, ft6, ft6, ft10
core   0: 1 0x0000000080005e48 (0xf2637d4b) f26 0x7ff8000000000000
core   0: 0x0000000080005e4c (0x006909b3) add     s3, s2, t1
core   0: 1 0x0000000080005e4c (0x006909b3) x19 0x0000000080003b80
core   0: 0x0000000080005e50 (0xd23cf153) fcvt.d.lu ft2, s9
core   0: 1 0x0000000080005e50 (0xd23cf153) c1_fflags 0x000000000000001f f2  0x43f0000000000000
core   0: 0x0000000080005e54 (0x0009db1b) srliw   s6, s3, 0
core   0: 1 0x0000000080005e54 (0x0009db1b) x22 0xffffffff80003b80
core   0: 0x0000000080005e58 (0x001020f3) csrrs   ra, fflags, zero
core   0: 1 0x0000000080005e58 (0x001020f3) x1  0x000000000000001f
core   0: 0x0000000080005e5c (0x01c14e33) xor     t3, sp, t3
core   0: 1 0x0000000080005e5c (0x01c14e33) x28 0xffffffff7fffb949
core   0: 0x0000000080005e60 (0x00229273) csrrw   tp, frm, t0
core   0: 1 0x0000000080005e60 (0x00229273) x4  0x0000000000000003 c2_frm 0x0000000000000000
core   0: 0x0000000080005e64 (0x5a047a53) fsqrt.d fs4, fs0
core   0: 1 0x0000000080005e64 (0x5a047a53) f20 0x7ff8000000000000
core   0: 0x0000000080005e68 (0xd20b0cd3) fcvt.d.w fs9, s6
core   0: 1 0x0000000080005e68 (0xd20b0cd3) f25 0xc1dffff120000000
core   0: 0x0000000080005e6c (0xe20d0ad3) fmv.x.d s5, fs10
core   0: 1 0x0000000080005e6c (0xe20d0ad3) x21 0x7ff8000000000000
core   0: 0x0000000080005e70 (0x039d7c53) fadd.d  fs8, fs10, fs9
core   0: 1 0x0000000080005e70 (0x039d7c53) f24 0x7ff8000000000000
core   0: 0x0000000080005e74 (0x00015693) srli    a3, sp, 0
core   0: 1 0x0000000080005e74 (0x00015693) x13 0xfffffffffffff95d
core   0: 0x0000000080005e78 (0x123d7fc3) fmadd.d ft11, fs10, ft3, ft2
core   0: 1 0x0000000080005e78 (0x123d7fc3) f31 0x7ff8000000000000
core   0: 0x0000000080005e7c (0x0337c7b3) div     a5, a5, s3
core   0: 1 0x0000000080005e7c (0x0337c7b3) x15 0x0000000000000000
core   0: 0x0000000080005e80 (0x00d9d13b) srlw    sp, s3, a3
core   0: 1 0x0000000080005e80 (0x00d9d13b) x2  0x0000000000000004
core   0: 0x0000000080005e84 (0x5fcfc517) auipc   a0, 0x5fcfc
core   0: 1 0x0000000080005e84 (0x5fcfc517) x10 0x00000000dfd01e84
core   0: 0x0000000080005e88 (0xf8df8eb7) lui     t4, 0xf8df8
core   0: 1 0x0000000080005e88 (0xf8df8eb7) x29 0xfffffffff8df8000
core   0: 0x0000000080005e8c (0xe73e8e9b) addiw   t4, t4, -397
core   0: 1 0x0000000080005e8c (0xe73e8e9b) x29 0xfffffffff8df7e73
core   0: 0x0000000080005e90 (0x00000eb2) c.slli  t4, 12
core   0: 1 0x0000000080005e90 (0x0eb2) x29 0xffffff8df7e73000
core   0: 0x0000000080005e92 (0x700e8e93) addi    t4, t4, 1792
core   0: 1 0x0000000080005e92 (0x700e8e93) x29 0xffffff8df7e73700
core   0: 0x0000000080005e96 (0xf9d8ddb7) lui     s11, 0xf9d8d
core   0: 1 0x0000000080005e96 (0xf9d8ddb7) x27 0xfffffffff9d8d000
core   0: 0x0000000080005e9a (0xc211f153) fcvt.wu.d sp, ft3
core   0: 1 0x0000000080005e9a (0xc211f153) c1_fflags 0x000000000000001f x2  0xffffffffffffffff
core   0: 0x0000000080005e9e (0x4117573b) sraw    a4, a4, a7
core   0: 1 0x0000000080005e9e (0x4117573b) x14 0xffffffffffffffff
core   0: 0x0000000080005ea2 (0x00014c13) xori    s8, sp, 0
core   0: 1 0x0000000080005ea2 (0x00014c13) x24 0xffffffffffffffff
core   0: 0x0000000080005ea6 (0x01817a33) and     s4, sp, s8
core   0: 1 0x0000000080005ea6 (0x01817a33) x20 0xffffffffffffffff
core   0: 0x0000000080005eaa (0x03b2adb3) mulhsu  s11, t0, s11
core   0: 1 0x0000000080005eaa (0x03b2adb3) x27 0xfffffffffa880000
core   0: 0x0000000080005eae (0x41a15a3b) sraw    s4, sp, s10
core   0: 1 0x0000000080005eae (0x41a15a3b) x20 0xffffffffffffffff
core   0: 0x0000000080005eb2 (0x01435333) srl     t1, t1, s4
core   0: 1 0x0000000080005eb2 (0x01435333) x6  0x0000000000000000
core   0: 0x0000000080005eb6 (0x00b598bb) sllw    a7, a1, a1
core   0: 1 0x0000000080005eb6 (0x00b598bb) x17 0xfffffffff3980000
core   0: 0x0000000080005eba (0x0aeefe53) fsub.d  ft8, ft9, fa4
core   0: 1 0x0000000080005eba (0x0aeefe53) f28 0x7ff8000000000000
core   0: 0x0000000080005ebe (0x00b8acb3) slt     s9, a7, a1
core   0: 1 0x0000000080005ebe (0x00b8acb3) x25 0x0000000000000001
core   0: 0x0000000080005ec2 (0xd20d8753) fcvt.d.w fa4, s11
core   0: 1 0x0000000080005ec2 (0xd20d8753) f14 0xc195e00000000000
core   0: 0x0000000080005ec6 (0xbbfb0b1b) addiw   s6, s6, -1089
core   0: 1 0x0000000080005ec6 (0xbbfb0b1b) x22 0xffffffff8000373f
core   0: 0x0000000080005eca (0x0e076137) lui     sp, 0xe076
core   0: 1 0x0000000080005eca (0x0e076137) x2  0x000000000e076000
core   0: 0x0000000080005ece (0x00102cf3) csrrs   s9, fflags, zero
core   0: 1 0x0000000080005ece (0x00102cf3) x25 0x000000000000001f
core   0: 0x0000000080005ed2 (0x00185713) srli    a4, a6, 1
core   0: 1 0x0000000080005ed2 (0x00185713) x14 0x7fffffffcd8ace04
core   0: 0x0000000080005ed6 (0xd03bfdd3) fcvt.s.lu fs11, s7
core   0: 1 0x0000000080005ed6 (0xd03bfdd3) f27 0xffffffff4f000041
core   0: 0x0000000080005eda (0x028818b3) mulh    a7, a6, s0
core   0: 1 0x0000000080005eda (0x028818b3) x17 0xffffffffffffffff
core   0: 0x0000000080005ede (0x03c1e83b) remw    a6, gp, t3
core   0: 1 0x0000000080005ede (0x03c1e83b) x16 0x0000000000000003
core   0: 0x0000000080005ee2 (0xd21086d3) fcvt.d.wu fa3, ra
core   0: 1 0x0000000080005ee2 (0xd21086d3) f13 0x403f000000000000
core   0: 0x0000000080005ee6 (0x41c0d6bb) sraw    a3, ra, t3
core   0: 1 0x0000000080005ee6 (0x41c0d6bb) x13 0x0000000000000000
core   0: 0x0000000080005eea (0xa3467a47) fmsub.d fs4, fa2, fs4, fs4
core   0: 1 0x0000000080005eea (0xa3467a47) f20 0x7ff8000000000000
core   0: 0x0000000080005eee (0x00191d73) csrrw   s10, fflags, s2
core   0: 1 0x0000000080005eee (0x00191d73) x26 0x000000000000001f c1_fflags 0x000000000000001f
core   0: 0x0000000080005ef2 (0x12ecfcd3) fmul.d  fs9, fs9, fa4
core   0: 1 0x0000000080005ef2 (0x12ecfcd3) f25 0x4385dff5d4e00000
core   0: 0x0000000080005ef6 (0x03545bbb) divuw   s7, s0, s5
core   0: 1 0x0000000080005ef6 (0x03545bbb) x23 0xffffffffffffffff
core   0: 0x0000000080005efa (0x0129fb33) and     s6, s3, s2
core   0: 1 0x0000000080005efa (0x0129fb33) x22 0x0000000080003b80
core   0: 0x0000000080005efe (0x00e702b3) add     t0, a4, a4
core   0: 1 0x0000000080005efe (0x00e702b3) x5  0xffffffff9b159c08
core   0: 0x0000000080005f02 (0x416755b3) sra     a1, a4, s6
core   0: 1 0x0000000080005f02 (0x416755b3) x11 0x7fffffffcd8ace04
core   0: 0x0000000080005f06 (0x401cd0bb) sraw    ra, s9, ra
core   0: 1 0x0000000080005f06 (0x401cd0bb) x1  0x0000000000000000
core   0: 0x0000000080005f0a (0x036b7b33) remu    s6, s6, s6
core   0: 1 0x0000000080005f0a (0x036b7b33) x22 0x0000000000000000
core   0: 0x0000000080005f0e (0xc20a7dd3) fcvt.w.d s11, fs4
core   0: 1 0x0000000080005f0e (0xc20a7dd3) c1_fflags 0x000000000000001f x27 0x000000007fffffff
core   0: 0x0000000080005f12 (0xdea87813) andi    a6, a6, -534
core   0: 1 0x0000000080005f12 (0xdea87813) x16 0x0000000000000002
core   0: 0x0000000080005f16 (0x01bb5913) srli    s2, s6, 27
core   0: 1 0x0000000080005f16 (0x01bb5913) x18 0x0000000000000000
core   0: 0x0000000080005f1a (0x0ff0000f) fence   iorw,iorw
core   0: 1 0x0000000080005f1a (0x0ff0000f)
core   0: 0x0000000080005f1e (0x001020f3) csrrs   ra, fflags, zero
core   0: 1 0x0000000080005f1e (0x001020f3) x1  0x000000000000001f
core   0: 0x0000000080005f22 (0x01a4a9b3) slt     s3, s1, s10
core   0: 1 0x0000000080005f22 (0x01a4a9b3) x19 0x0000000000000000
core   0: 0x0000000080005f26 (0x412e83b3) sub     t2, t4, s2
core   0: 1 0x0000000080005f26 (0x412e83b3) x7  0xffffff8df7e73700
core   0: 0x0000000080005f2a (0x3e13801b) addiw   zero, t2, 993
core   0: 1 0x0000000080005f2a (0x3e13801b)
core   0: 0x0000000080005f2e (0x01c0fbb3) and     s7, ra, t3
core   0: 1 0x0000000080005f2e (0x01c0fbb3) x23 0x0000000000000009
core   0: 0x0000000080005f32 (0x41ae82bb) subw    t0, t4, s10
core   0: 1 0x0000000080005f32 (0x41ae82bb) x5  0xfffffffff7e736e1
core   0: 0x0000000080005f36 (0x43ebdd13) srai    s10, s7, 62
core   0: 1 0x0000000080005f36 (0x43ebdd13) x26 0x0000000000000000
core   0: 0x0000000080005f3a (0x00a108bb) addw    a7, sp, a0
core   0: 1 0x0000000080005f3a (0x00a108bb) x17 0xffffffffedd77e84
core   0: 0x0000000080005f3e (0x022a9c33) mulh    s8, s5, sp
core   0: 1 0x0000000080005f3e (0x022a9c33) x24 0x0000000007033fc5
core   0: 0x0000000080005f42 (0xa448c617) auipc   a2, 0xa448c
core   0: 1 0x0000000080005f42 (0xa448c617) x12 0x0000000024491f42
core   0: 0x0000000080005f46 (0x02b86b33) rem     s6, a6, a1
core   0: 1 0x0000000080005f46 (0x02b86b33) x22 0x0000000000000002
core   0: 0x0000000080005f4a (0x02a64bb3) div     s7, a2, a0
core   0: 1 0x0000000080005f4a (0x02a64bb3) x23 0x0000000000000000
core   0: 0x0000000080005f4e (0x000ee8b3) or      a7, t4, zero
core   0: 1 0x0000000080005f4e (0x000ee8b3) x17 0xffffff8df7e73700
core   0: 0x0000000080005f52 (0x00005d9b) srliw   s11, zero, 0
core   0: 1 0x0000000080005f52 (0x00005d9b) x27 0x0000000000000000
core   0: 0x0000000080005f56 (0xc0277253) fcvt.l.s tp, fa4
core   0: 1 0x0000000080005f56 (0xc0277253) c1_fflags 0x000000000000001f x4  0x7fffffffffffffff
core   0: 0x0000000080005f5a (0x7ffa0c93) addi    s9, s4, 2047
core   0: 1 0x0000000080005f5a (0x7ffa0c93) x25 0x00000000000007fe
core   0: 0x0000000080005f5e (0x010863b3) or      t2, a6, a6
core   0: 1 0x0000000080005f5e (0x010863b3) x7  0x0000000000000002
core   0: 0x0000000080005f62 (0x223aadd3) fsgnjx.d fs11, fs5, ft3
core   0: 1 0x0000000080005f62 (0x223aadd3) f27 0x7ff8000000000000
core   0: 0x0000000080005f66 (0xc02af553) fcvt.l.s a0, fs5
core   0: 1 0x0000000080005f66 (0xc02af553) c1_fflags 0x000000000000001f x10 0x7fffffffffffffff
core   0: 0x0000000080005f6a (0x43855d93) srai    s11, a0, 56
core   0: 1 0x0000000080005f6a (0x43855d93) x27 0x000000000000007f
core   0: 0x0000000080005f6e (0xd8ae0c93) addi    s9, t3, -630
core   0: 1 0x0000000080005f6e (0xd8ae0c93) x25 0xffffffff7fffb6d3
core   0: 0x0000000080005f72 (0x00102673) csrrs   a2, fflags, zero
core   0: 1 0x0000000080005f72 (0x00102673) x12 0x000000000000001f
core   0: 0x0000000080005f76 (0x00d6c433) xor     s0, a3, a3
core   0: 1 0x0000000080005f76 (0x00d6c433) x8  0x0000000000000000
core   0: 0x0000000080005f7a (0x0a9dfb53) fsub.d  fs6, fs11, fs1
core   0: 1 0x0000000080005f7a (0x0a9dfb53) f22 0x7ff8000000000000
core   0: 0x0000000080005f7e (0x0253043b) mulw    s0, t1, t0
core   0: 1 0x0000000080005f7e (0x0253043b) x8  0x0000000000000000
core   0: 0x0000000080005f82 (0x7ff2e013) ori     zero, t0, 2047
core   0: 1 0x0000000080005f82 (0x7ff2e013)
core   0: 0x0000000080005f86 (0x0005c513) xori    a0, a1, 0
core   0: 1 0x0000000080005f86 (0x0005c513) x10 0x7fffffffcd8ace04
core   0: 0x0000000080005f8a (0xc0327253) fcvt.lu.s tp, ft4
core   0: 1 0x0000000080005f8a (0xc0327253) c1_fflags 0x000000000000001f x4  0xffffffffffffffff
core   0: 0x0000000080005f8e (0x5a03f953) fsqrt.d fs2, ft7
core   0: 1 0x0000000080005f8e (0x5a03f953) f18 0x7ff8000000000000
core   0: 0x0000000080005f92 (0x0109193b) sllw    s2, s2, a6
core   0: 1 0x0000000080005f92 (0x0109193b) x18 0x0000000000000000
core   0: 0x0000000080005f96 (0x417b863b) subw    a2, s7, s7
core   0: 1 0x0000000080005f96 (0x417b863b) x12 0x0000000000000000
core   0: 0x0000000080005f9a (0x02707cbb) remuw   s9, zero, t2
core   0: 1 0x0000000080005f9a (0x02707cbb) x25 0x0000000000000000
core   0: 0x0000000080005f9e (0x7475e4f3) csrrsi  s1, mseccfg, 11
core   0: exception trap_illegal_instruction, epc 0x0000000080005f9e
core   0:           tval 0x000000007475e4f3
core   0: >>>>  $xrv64i2p1_m2p0_a2p1_f2p2_d2p2_zicsr2p0_zifencei2p0_zmmul1p0_zba1p0_zbb1p0_zbc1p0_zbs1p0
core   0: 0x0000000080004000 (0x0080006f) j       pc + 0x8
core   0: 3 0x0000000080004000 (0x0080006f)
core   0: >>>>  mmode_exception_handler
core   0: 0x0000000080004008 (0x00002c17) auipc   s8, 0x2
core   0: 3 0x0000000080004008 (0x00002c17) x24 0x0000000080006008
core   0: 0x000000008000400c (0x052c0c13) addi    s8, s8, 82
core   0: 3 0x000000008000400c (0x052c0c13) x24 0x000000008000605a
core   0: 0x0000000080004010 (0x000c00e7) jalr    s8
core   0: 3 0x0000000080004010 (0x000c00e7) x1  0x0000000080004014
core   0: >>>>  any_handler
core   0: 0x000000008000605a (0x341027f3) csrrs   a5, mepc, zero
core   0: 3 0x000000008000605a (0x341027f3) x15 0x0000000080005f9e
core   0: 0x000000008000605e (0x34202773) csrrs   a4, mcause, zero
core   0: 3 0x000000008000605e (0x34202773) x14 0x0000000000000002
core   0: 0x0000000080006062 (0x142026f3) csrrs   a3, scause, zero
core   0: 3 0x0000000080006062 (0x142026f3) x13 0x0000000000000000
core   0: 0x0000000080006066 (0x30402673) csrrs   a2, mie, zero
core   0: 3 0x0000000080006066 (0x30402673) x12 0x0000000000000a00
core   0: 0x000000008000606a (0x344025f3) csrrs   a1, mip, zero
core   0: 3 0x000000008000606a (0x344025f3) x11 0x0000000000000080
core   0: 0x000000008000606e (0x343025f3) csrrs   a1, mtval, zero
core   0: 3 0x000000008000606e (0x343025f3) x11 0x000000007475e4f3
core   0: 0x0000000080006072 (0x14302573) csrrs   a0, stval, zero
core   0: 3 0x0000000080006072 (0x14302573) x10 0x0000000000000000
core   0: 0x0000000080006076 (0xb02024f3) csrrs   s1, minstret, zero
core   0: 3 0x0000000080006076 (0xb02024f3) x9  0x000000000000128e
core   0: 0x000000008000607a (0x0000a811) c.j     pc + 20
core   0: 3 0x000000008000607a (0xa811)
core   0: >>>>  mepc_4
core   0: 0x000000008000608e (0x00000791) c.addi  a5, 4
core   0: 3 0x000000008000608e (0x0791) x15 0x0000000080005fa2
core   0: 0x0000000080006090 (0x34179073) csrrw   zero, mepc, a5
core   0: 3 0x0000000080006090 (0x34179073) c833_mepc 0x0000000080005fa2
core   0: 0x0000000080006094 (0x30200073) mret
core   0: 3 0x0000000080006094 (0x30200073) c768_mstatus 0x8000000a00106080
core   0: 0x0000000080005fa2 (0x03984b3b) divw    s6, a6, s9
core   0: 1 0x0000000080005fa2 (0x03984b3b) x22 0xffffffffffffffff
core   0: 0x0000000080005fa6 (0x00acc1b3) xor     gp, s9, a0
core   0: 1 0x0000000080005fa6 (0x00acc1b3) x3  0x0000000000000000
core   0: 0x0000000080005faa (0x7ff18c1b) addiw   s8, gp, 2047
core   0: 1 0x0000000080005faa (0x7ff18c1b) x24 0x00000000000007ff
core   0: 0x0000000080005fae (0x00102df3) csrrs   s11, fflags, zero
core   0: 1 0x0000000080005fae (0x00102df3) x27 0x000000000000001f
core   0: 0x0000000080005fb2 (0x00569bb3) sll     s7, a3, t0
core   0: 1 0x0000000080005fb2 (0x00569bb3) x23 0x0000000000000000
core   0: 0x0000000080005fb6 (0x420a0653) fcvt.d.s fa2, fs4
core   0: 1 0x0000000080005fb6 (0x420a0653) f12 0x7ff8000000000000
core   0: 0x0000000080005fba (0x86f28b1b) addiw   s6, t0, -1937
core   0: 1 0x0000000080005fba (0x86f28b1b) x22 0xfffffffff7e72f50
core   0: 0x0000000080005fbe (0x0366763b) remuw   a2, a2, s6
core   0: 1 0x0000000080005fbe (0x0366763b) x12 0x0000000000000a00
core   0: 0x0000000080005fc2 (0x939cfacb) fnmsub.d fs5, fs9, fs9, fs2
core   0: 1 0x0000000080005fc2 (0x939cfacb) f21 0x7ff8000000000000
core   0: 0x0000000080005fc6 (0x40f659b3) sra     s3, a2, a5
core   0: 1 0x0000000080005fc6 (0x40f659b3) x19 0x0000000000000000
core   0: 0x0000000080005fca (0xc0297453) fcvt.l.s s0, fs2
core   0: 1 0x0000000080005fca (0xc0297453) c1_fflags 0x000000000000001f x8  0x7fffffffffffffff
core   0: 0x0000000080005fce (0x00e27a33) and     s4, tp, a4
core   0: 1 0x0000000080005fce (0x00e27a33) x20 0x0000000000000002
core   0: 0x0000000080005fd2 (0x42985e13) srai    t3, a6, 41
core   0: 1 0x0000000080005fd2 (0x42985e13) x28 0x0000000000000000
core   0: 0x0000000080005fd6 (0x0bea7f53) fsub.d  ft10, fs4, ft10
core   0: 1 0x0000000080005fd6 (0x0bea7f53) f30 0x7ff8000000000000
core   0: 0x0000000080005fda (0x00151573) csrrw   a0, fflags, a0
core   0: 1 0x0000000080005fda (0x00151573) x10 0x000000000000001f c1_fflags 0x0000000000000000
core   0: 0x0000000080005fde (0xc02f7ad3) fcvt.l.s s5, ft10
core   0: 1 0x0000000080005fde (0xc02f7ad3) c1_fflags 0x0000000000000010 x21 0x7fffffffffffffff
core   0: 0x0000000080005fe2 (0x02a903bb) mulw    t2, s2, a0
core   0: 1 0x0000000080005fe2 (0x02a903bb) x7  0x0000000000000000
core   0: 0x0000000080005fe6 (0x00009172) c.add   sp, t3
core   0: 1 0x0000000080005fe6 (0x9172) x2  0x000000000e076000
core   0: 0x0000000080005fe8 (0x002025f3) csrrs   a1, frm, zero
core   0: 1 0x0000000080005fe8 (0x002025f3) x11 0x0000000000000000
core   0: 0x0000000080005fec (0x02587bd3) fadd.d  fs7, fa6, ft5
core   0: 1 0x0000000080005fec (0x02587bd3) f23 0x7ff8000000000000
core   0: 0x0000000080005ff0 (0x23442453) fsgnjx.d fs0, fs0, fs4
core   0: 1 0x0000000080005ff0 (0x23442453) f8  0x7ff8000000000000
core   0: 0x0000000080005ff4 (0x2b0f83d3) fmin.d  ft7, ft11, fa6
core   0: 1 0x0000000080005ff4 (0x2b0f83d3) f7  0x0000000000000000
core   0: 0x0000000080005ff8 (0x0359fd33) remu    s10, s3, s5
core   0: 1 0x0000000080005ff8 (0x0359fd33) x26 0x0000000000000000
core   0: 0x0000000080005ffc (0xc2097253) fcvt.w.d tp, fs2
core   0: 1 0x0000000080005ffc (0xc2097253) c1_fflags 0x0000000000000010 x4  0x000000007fffffff
core   0: 0x0000000080006000 (0x000dd91b) srliw   s2, s11, 0
core   0: 1 0x0000000080006000 (0x000dd91b) x18 0x000000000000001f
core   0: 0x0000000080006004 (0x4013fc53) fcvt.s.d fs8, ft7
core   0: 1 0x0000000080006004 (0x4013fc53) f24 0xffffffff00000000
core   0: 0x0000000080006008 (0x001027f3) csrrs   a5, fflags, zero
core   0: 1 0x0000000080006008 (0x001027f3) x15 0x0000000000000010
core   0: 0x000000008000600c (0xfff04013) not     zero, zero
core   0: 1 0x000000008000600c (0xfff04013)
core   0: 0x0000000080006010 (0x03415413) srli    s0, sp, 52
core   0: 1 0x0000000080006010 (0x03415413) x8  0x0000000000000000
core   0: 0x0000000080006014 (0xc21c7e53) fcvt.wu.d t3, fs8
core   0: 1 0x0000000080006014 (0xc21c7e53) c1_fflags 0x0000000000000010 x28 0xffffffffffffffff
core   0: 0x0000000080006018 (0x02b5ed3b) remw    s10, a1, a1
core   0: 1 0x0000000080006018 (0x02b5ed3b) x26 0x0000000000000000
core   0: 0x000000008000601c (0x00b5d0bb) srlw    ra, a1, a1
core   0: 1 0x000000008000601c (0x00b5d0bb) x1  0x0000000000000000
core   0: 0x0000000080006020 (0xb024a473) csrrs   s0, minstret, s1
core   0: exception trap_illegal_instruction, epc 0x0000000080006020
core   0:           tval 0x00000000b024a473
core   0: >>>>  $xrv64i2p1_m2p0_a2p1_f2p2_d2p2_zicsr2p0_zifencei2p0_zmmul1p0_zba1p0_zbb1p0_zbc1p0_zbs1p0
core   0: 0x0000000080004000 (0x0080006f) j       pc + 0x8
core   0: 3 0x0000000080004000 (0x0080006f)
core   0: >>>>  mmode_exception_handler
core   0: 0x0000000080004008 (0x00002c17) auipc   s8, 0x2
core   0: 3 0x0000000080004008 (0x00002c17) x24 0x0000000080006008
core   0: 0x000000008000400c (0x052c0c13) addi    s8, s8, 82
core   0: 3 0x000000008000400c (0x052c0c13) x24 0x000000008000605a
core   0: 0x0000000080004010 (0x000c00e7) jalr    s8
core   0: 3 0x0000000080004010 (0x000c00e7) x1  0x0000000080004014
core   0: >>>>  any_handler
core   0: 0x000000008000605a (0x341027f3) csrrs   a5, mepc, zero
core   0: 3 0x000000008000605a (0x341027f3) x15 0x0000000080006020
core   0: 0x000000008000605e (0x34202773) csrrs   a4, mcause, zero
core   0: 3 0x000000008000605e (0x34202773) x14 0x0000000000000002
core   0: 0x0000000080006062 (0x142026f3) csrrs   a3, scause, zero
core   0: 3 0x0000000080006062 (0x142026f3) x13 0x0000000000000000
core   0: 0x0000000080006066 (0x30402673) csrrs   a2, mie, zero
core   0: 3 0x0000000080006066 (0x30402673) x12 0x0000000000000a00
core   0: 0x000000008000606a (0x344025f3) csrrs   a1, mip, zero
core   0: 3 0x000000008000606a (0x344025f3) x11 0x0000000000000080
core   0: 0x000000008000606e (0x343025f3) csrrs   a1, mtval, zero
core   0: 3 0x000000008000606e (0x343025f3) x11 0x00000000b024a473
core   0: 0x0000000080006072 (0x14302573) csrrs   a0, stval, zero
core   0: 3 0x0000000080006072 (0x14302573) x10 0x0000000000000000
core   0: 0x0000000080006076 (0xb02024f3) csrrs   s1, minstret, zero
core   0: 3 0x0000000080006076 (0xb02024f3) x9  0x00000000000012be
core   0: 0x000000008000607a (0x0000a811) c.j     pc + 20
core   0: 3 0x000000008000607a (0xa811)
core   0: >>>>  mepc_4
core   0: 0x000000008000608e (0x00000791) c.addi  a5, 4
core   0: 3 0x000000008000608e (0x0791) x15 0x0000000080006024
core   0: 0x0000000080006090 (0x34179073) csrrw   zero, mepc, a5
core   0: 3 0x0000000080006090 (0x34179073) c833_mepc 0x0000000080006024
core   0: 0x0000000080006094 (0x30200073) mret
core   0: 3 0x0000000080006094 (0x30200073) c768_mstatus 0x8000000a00106080
core   0: 0x0000000080006024 (0x41e45a13) srai    s4, s0, 30
core   0: 1 0x0000000080006024 (0x41e45a13) x20 0x0000000000000000
core   0: 0x0000000080006028 (0x012b08bb) addw    a7, s6, s2
core   0: 1 0x0000000080006028 (0x012b08bb) x17 0xfffffffff7e72f6f
core   0: 0x000000008000602c (0x43f55693) srai    a3, a0, 63
core   0: 1 0x000000008000602c (0x43f55693) x13 0x0000000000000000
core   0: 0x0000000080006030 (0x004cb633) sltu    a2, s9, tp
core   0: 1 0x0000000080006030 (0x004cb633) x12 0x0000000000000001
core   0: 0x0000000080006034 (0xd03275d3) fcvt.s.lu fa1, tp
core   0: 1 0x0000000080006034 (0xd03275d3) c1_fflags 0x0000000000000011 f11 0xffffffff4f000000
core   0: 0x0000000080006038 (0xd2287153) fcvt.d.l ft2, a6
core   0: 1 0x0000000080006038 (0xd2287153) f2  0x4000000000000000
core   0: 0x000000008000603c (0x0084113b) sllw    sp, s0, s0
core   0: 1 0x000000008000603c (0x0084113b) x2  0x0000000000000000
core   0: 0x0000000080006040 (0xc02ff2d3) fcvt.l.s t0, ft11
core   0: 1 0x0000000080006040 (0xc02ff2d3) c1_fflags 0x0000000000000011 x5  0x7fffffffffffffff
core   0: 0x0000000080006044 (0xe2058953) fmv.x.d s2, fa1
core   0: 1 0x0000000080006044 (0xe2058953) x18 0xffffffff4f000000
core   0: 0x0000000080006048 (0x80007893) andi    a7, zero, -2048
core   0: 1 0x0000000080006048 (0x80007893) x17 0x0000000000000000
core   0: 0x000000008000604c (0x00202b73) csrrs   s6, frm, zero
core   0: 1 0x000000008000604c (0x00202b73) x22 0x0000000000000000
core   0: 0x0000000080006050 (0xc88a2cb7) lui     s9, 0xc88a2
core   0: 1 0x0000000080006050 (0xc88a2cb7) x25 0xffffffffc88a2000
core   0: >>>>  write_tohost
core   0: 0x0000000080006054 (0x990fa0ef) jal     pc - 0x5e70
core   0: 1 0x0000000080006054 (0x990fa0ef) x1  0x0000000080006058
core   0: >>>>  _exit
core   0: 0x00000000800001e4 (0x00004505) c.li    a0, 1
core   0: 1 0x00000000800001e4 (0x4505) x10 0x0000000000000001
core   0: 0x00000000800001e6 (0x00001f17) auipc   t5, 0x1
core   0: 1 0x00000000800001e6 (0x00001f17) x30 0x00000000800011e6
core   0: 0x00000000800001ea (0xe0af2d23) sw      a0, -486(t5)
core   0: 1 0x00000000800001ea (0xe0af2d23) mem 0x0000000080001000 0x00000001
cp /home/server/RISCV/cva6/verif/sim/out/seed_285/spike_sim/new_seeds_285_.cv64a6_imafdc_sv39.log.iss /home/server/RISCV/cva6/verif/sim/out/seed_285/spike_sim/new_seeds_285_.cv64a6_imafdc_sv39.log
