Makefile:14: must set CVA6_REPO_DIR to point at the root of CVA6 sources and CVA6_TB_DIR to point here -- doing it for you...
LD_LIBRARY_PATH="$(realpath ../../tools/spike/lib):$LD_LIBRARY_PATH" \
	/home/server/RISCV/cva6/tools/spike/bin/spike --steps=2000000  --log-commits --isa=rv64gc_zba_zbb_zbs_zbc_zicsr_zifencei --priv=msu -l /home/server/RISCV/cva6/verif/sim/out/seed_1106/directed_asm_tests/new_seeds_1106_.o
[SPIKE] Max simulation steps: 2000000
[SPIKE] Proc 0 | ISA: rv64gc_zba_zbb_zbs_zbc_zicsr_zifencei PRIV: msu
[SPIKE] Initializing memories...
core   0: 0x0000000000010000 (0x00100413) li      s0, 1
core   0: 3 0x0000000000010000 (0x00100413) x8  0x0000000000000001
core   0: 0x0000000000010004 (0x01f41413) slli    s0, s0, 31
core   0: 3 0x0000000000010004 (0x01f41413) x8  0x0000000080000000
core   0: 0x0000000000010008 (0xf1402573) csrrs   a0, mhartid, zero
core   0: 3 0x0000000000010008 (0xf1402573) x10 0x0000000000000000
core   0: 0x000000000001000c (0x00000597) auipc   a1, 0x0
core   0: 3 0x000000000001000c (0x00000597) x11 0x000000000001000c
core   0: 0x0000000000010010 (0x07458593) addi    a1, a1, 116
core   0: 3 0x0000000000010010 (0x07458593) x11 0x0000000000010080
core   0: 0x0000000000010014 (0x00040067) jr      s0
core   0: 3 0x0000000000010014 (0x00040067)
core   0: >>>>  _start
core   0: 0x0000000080000000 (0x00004081) c.li    ra, 0
core   0: 3 0x0000000080000000 (0x4081) x1  0x0000000000000000
core   0: 0x0000000080000002 (0x00004101) c.li    sp, 0
core   0: 3 0x0000000080000002 (0x4101) x2  0x0000000000000000
core   0: 0x0000000080000004 (0x00004181) c.li    gp, 0
core   0: 3 0x0000000080000004 (0x4181) x3  0x0000000000000000
core   0: 0x0000000080000006 (0x00004201) c.li    tp, 0
core   0: 3 0x0000000080000006 (0x4201) x4  0x0000000000000000
core   0: 0x0000000080000008 (0x00004281) c.li    t0, 0
core   0: 3 0x0000000080000008 (0x4281) x5  0x0000000000000000
core   0: 0x000000008000000a (0x00004301) c.li    t1, 0
core   0: 3 0x000000008000000a (0x4301) x6  0x0000000000000000
core   0: 0x000000008000000c (0x00004381) c.li    t2, 0
core   0: 3 0x000000008000000c (0x4381) x7  0x0000000000000000
core   0: 0x000000008000000e (0x00004401) c.li    s0, 0
core   0: 3 0x000000008000000e (0x4401) x8  0x0000000000000000
core   0: 0x0000000080000010 (0x00004481) c.li    s1, 0
core   0: 3 0x0000000080000010 (0x4481) x9  0x0000000000000000
core   0: 0x0000000080000012 (0x00004501) c.li    a0, 0
core   0: 3 0x0000000080000012 (0x4501) x10 0x0000000000000000
core   0: 0x0000000080000014 (0x00004581) c.li    a1, 0
core   0: 3 0x0000000080000014 (0x4581) x11 0x0000000000000000
core   0: 0x0000000080000016 (0x00004601) c.li    a2, 0
core   0: 3 0x0000000080000016 (0x4601) x12 0x0000000000000000
core   0: 0x0000000080000018 (0x00004681) c.li    a3, 0
core   0: 3 0x0000000080000018 (0x4681) x13 0x0000000000000000
core   0: 0x000000008000001a (0x00004701) c.li    a4, 0
core   0: 3 0x000000008000001a (0x4701) x14 0x0000000000000000
core   0: 0x000000008000001c (0x00004781) c.li    a5, 0
core   0: 3 0x000000008000001c (0x4781) x15 0x0000000000000000
core   0: 0x000000008000001e (0x00004801) c.li    a6, 0
core   0: 3 0x000000008000001e (0x4801) x16 0x0000000000000000
core   0: 0x0000000080000020 (0x00004881) c.li    a7, 0
core   0: 3 0x0000000080000020 (0x4881) x17 0x0000000000000000
core   0: 0x0000000080000022 (0x00004901) c.li    s2, 0
core   0: 3 0x0000000080000022 (0x4901) x18 0x0000000000000000
core   0: 0x0000000080000024 (0x00004981) c.li    s3, 0
core   0: 3 0x0000000080000024 (0x4981) x19 0x0000000000000000
core   0: 0x0000000080000026 (0x00004a01) c.li    s4, 0
core   0: 3 0x0000000080000026 (0x4a01) x20 0x0000000000000000
core   0: 0x0000000080000028 (0x00004a81) c.li    s5, 0
core   0: 3 0x0000000080000028 (0x4a81) x21 0x0000000000000000
core   0: 0x000000008000002a (0x00004b01) c.li    s6, 0
core   0: 3 0x000000008000002a (0x4b01) x22 0x0000000000000000
core   0: 0x000000008000002c (0x00004b81) c.li    s7, 0
core   0: 3 0x000000008000002c (0x4b81) x23 0x0000000000000000
core   0: 0x000000008000002e (0x00004c01) c.li    s8, 0
core   0: 3 0x000000008000002e (0x4c01) x24 0x0000000000000000
core   0: 0x0000000080000030 (0x00004c81) c.li    s9, 0
core   0: 3 0x0000000080000030 (0x4c81) x25 0x0000000000000000
core   0: 0x0000000080000032 (0x00004d01) c.li    s10, 0
core   0: 3 0x0000000080000032 (0x4d01) x26 0x0000000000000000
core   0: 0x0000000080000034 (0x00004d81) c.li    s11, 0
core   0: 3 0x0000000080000034 (0x4d81) x27 0x0000000000000000
core   0: 0x0000000080000036 (0x00004e01) c.li    t3, 0
core   0: 3 0x0000000080000036 (0x4e01) x28 0x0000000000000000
core   0: 0x0000000080000038 (0x00004e81) c.li    t4, 0
core   0: 3 0x0000000080000038 (0x4e81) x29 0x0000000000000000
core   0: 0x000000008000003a (0x00004f01) c.li    t5, 0
core   0: 3 0x000000008000003a (0x4f01) x30 0x0000000000000000
core   0: 0x000000008000003c (0x00004f81) c.li    t6, 0
core   0: 3 0x000000008000003c (0x4f81) x31 0x0000000000000000
core   0: 0x000000008000003e (0x000062f9) c.lui   t0, 0x1e
core   0: 3 0x000000008000003e (0x62f9) x5  0x000000000001e000
core   0: 0x0000000080000040 (0x3002a073) csrrs   zero, mstatus, t0
core   0: 3 0x0000000080000040 (0x3002a073) c768_mstatus 0x8000000a00006000
core   0: 0x0000000080000044 (0x00004285) c.li    t0, 1
core   0: 3 0x0000000080000044 (0x4285) x5  0x0000000000000001
core   0: 0x0000000080000046 (0x000002fe) c.slli  t0, 31
core   0: 3 0x0000000080000046 (0x02fe) x5  0x0000000080000000
core   0: 0x0000000080000048 (0x0002d863) bge     t0, zero, pc + 16
core   0: 3 0x0000000080000048 (0x0002d863)
core   0: 0x0000000080000058 (0x00000297) auipc   t0, 0x0
core   0: 3 0x0000000080000058 (0x00000297) x5  0x0000000080000058
core   0: 0x000000008000005c (0x09028293) addi    t0, t0, 144
core   0: 3 0x000000008000005c (0x09028293) x5  0x00000000800000e8
core   0: 0x0000000080000060 (0x30529073) csrrw   zero, mtvec, t0
core   0: 3 0x0000000080000060 (0x30529073) c773_mtvec 0x00000000800000e8
core   0: 0x0000000080000064 (0x00301073) csrrw   zero, fcsr, zero
core   0: 3 0x0000000080000064 (0x00301073) c1_fflags 0x0000000000000000 c2_frm 0x0000000000000000
core   0: 0x0000000080000068 (0xf0000053) fmv.w.x ft0, zero
core   0: 3 0x0000000080000068 (0xf0000053) f0  0xffffffff00000000
core   0: 0x000000008000006c (0xf00000d3) fmv.w.x ft1, zero
core   0: 3 0x000000008000006c (0xf00000d3) f1  0xffffffff00000000
core   0: 0x0000000080000070 (0xf0000153) fmv.w.x ft2, zero
core   0: 3 0x0000000080000070 (0xf0000153) f2  0xffffffff00000000
core   0: 0x0000000080000074 (0xf00001d3) fmv.w.x ft3, zero
core   0: 3 0x0000000080000074 (0xf00001d3) f3  0xffffffff00000000
core   0: 0x0000000080000078 (0xf0000253) fmv.w.x ft4, zero
core   0: 3 0x0000000080000078 (0xf0000253) f4  0xffffffff00000000
core   0: 0x000000008000007c (0xf00002d3) fmv.w.x ft5, zero
core   0: 3 0x000000008000007c (0xf00002d3) f5  0xffffffff00000000
core   0: 0x0000000080000080 (0xf0000353) fmv.w.x ft6, zero
core   0: 3 0x0000000080000080 (0xf0000353) f6  0xffffffff00000000
core   0: 0x0000000080000084 (0xf00003d3) fmv.w.x ft7, zero
core   0: 3 0x0000000080000084 (0xf00003d3) f7  0xffffffff00000000
core   0: 0x0000000080000088 (0xf0000453) fmv.w.x fs0, zero
core   0: 3 0x0000000080000088 (0xf0000453) f8  0xffffffff00000000
core   0: 0x000000008000008c (0xf00004d3) fmv.w.x fs1, zero
core   0: 3 0x000000008000008c (0xf00004d3) f9  0xffffffff00000000
core   0: 0x0000000080000090 (0xf0000553) fmv.w.x fa0, zero
core   0: 3 0x0000000080000090 (0xf0000553) f10 0xffffffff00000000
core   0: 0x0000000080000094 (0xf00005d3) fmv.w.x fa1, zero
core   0: 3 0x0000000080000094 (0xf00005d3) f11 0xffffffff00000000
core   0: 0x0000000080000098 (0xf0000653) fmv.w.x fa2, zero
core   0: 3 0x0000000080000098 (0xf0000653) f12 0xffffffff00000000
core   0: 0x000000008000009c (0xf00006d3) fmv.w.x fa3, zero
core   0: 3 0x000000008000009c (0xf00006d3) f13 0xffffffff00000000
core   0: 0x00000000800000a0 (0xf0000753) fmv.w.x fa4, zero
core   0: 3 0x00000000800000a0 (0xf0000753) f14 0xffffffff00000000
core   0: 0x00000000800000a4 (0xf00007d3) fmv.w.x fa5, zero
core   0: 3 0x00000000800000a4 (0xf00007d3) f15 0xffffffff00000000
core   0: 0x00000000800000a8 (0xf0000853) fmv.w.x fa6, zero
core   0: 3 0x00000000800000a8 (0xf0000853) f16 0xffffffff00000000
core   0: 0x00000000800000ac (0xf00008d3) fmv.w.x fa7, zero
core   0: 3 0x00000000800000ac (0xf00008d3) f17 0xffffffff00000000
core   0: 0x00000000800000b0 (0xf0000953) fmv.w.x fs2, zero
core   0: 3 0x00000000800000b0 (0xf0000953) f18 0xffffffff00000000
core   0: 0x00000000800000b4 (0xf00009d3) fmv.w.x fs3, zero
core   0: 3 0x00000000800000b4 (0xf00009d3) f19 0xffffffff00000000
core   0: 0x00000000800000b8 (0xf0000a53) fmv.w.x fs4, zero
core   0: 3 0x00000000800000b8 (0xf0000a53) f20 0xffffffff00000000
core   0: 0x00000000800000bc (0xf0000ad3) fmv.w.x fs5, zero
core   0: 3 0x00000000800000bc (0xf0000ad3) f21 0xffffffff00000000
core   0: 0x00000000800000c0 (0xf0000b53) fmv.w.x fs6, zero
core   0: 3 0x00000000800000c0 (0xf0000b53) f22 0xffffffff00000000
core   0: 0x00000000800000c4 (0xf0000bd3) fmv.w.x fs7, zero
core   0: 3 0x00000000800000c4 (0xf0000bd3) f23 0xffffffff00000000
core   0: 0x00000000800000c8 (0xf0000c53) fmv.w.x fs8, zero
core   0: 3 0x00000000800000c8 (0xf0000c53) f24 0xffffffff00000000
core   0: 0x00000000800000cc (0xf0000cd3) fmv.w.x fs9, zero
core   0: 3 0x00000000800000cc (0xf0000cd3) f25 0xffffffff00000000
core   0: 0x00000000800000d0 (0xf0000d53) fmv.w.x fs10, zero
core   0: 3 0x00000000800000d0 (0xf0000d53) f26 0xffffffff00000000
core   0: 0x00000000800000d4 (0xf0000dd3) fmv.w.x fs11, zero
core   0: 3 0x00000000800000d4 (0xf0000dd3) f27 0xffffffff00000000
core   0: 0x00000000800000d8 (0xf0000e53) fmv.w.x ft8, zero
core   0: 3 0x00000000800000d8 (0xf0000e53) f28 0xffffffff00000000
core   0: 0x00000000800000dc (0xf0000ed3) fmv.w.x ft9, zero
core   0: 3 0x00000000800000dc (0xf0000ed3) f29 0xffffffff00000000
core   0: 0x00000000800000e0 (0xf0000f53) fmv.w.x ft10, zero
core   0: 3 0x00000000800000e0 (0xf0000f53) f30 0xffffffff00000000
core   0: 0x00000000800000e4 (0xf0000fd3) fmv.w.x ft11, zero
core   0: 3 0x00000000800000e4 (0xf0000fd3) f31 0xffffffff00000000
core   0: 0x00000000800000e8 (0x00000297) auipc   t0, 0x0
core   0: 3 0x00000000800000e8 (0x00000297) x5  0x00000000800000e8
core   0: 0x00000000800000ec (0x03c28293) addi    t0, t0, 60
core   0: 3 0x00000000800000ec (0x03c28293) x5  0x0000000080000124
core   0: 0x00000000800000f0 (0x30529073) csrrw   zero, mtvec, t0
core   0: 3 0x00000000800000f0 (0x30529073) c773_mtvec 0x0000000080000124
core   0: 0x00000000800000f4 (0x00012197) auipc   gp, 0x12
core   0: 3 0x00000000800000f4 (0x00012197) x3  0x00000000800120f4
core   0: 0x00000000800000f8 (0x73418193) addi    gp, gp, 1844
core   0: 3 0x00000000800000f8 (0x73418193) x3  0x0000000080012828
core   0: 0x00000000800000fc (0x00012217) auipc   tp, 0x12
core   0: 3 0x00000000800000fc (0x00012217) x4  0x00000000800120fc
core   0: 0x0000000080000100 (0xf8320213) addi    tp, tp, -125
core   0: 3 0x0000000080000100 (0xf8320213) x4  0x000000008001207f
core   0: 0x0000000080000104 (0xfc027213) andi    tp, tp, -64
core   0: 3 0x0000000080000104 (0xfc027213) x4  0x0000000080012040
core   0: 0x0000000080000108 (0xf1402573) csrrs   a0, mhartid, zero
core   0: 3 0x0000000080000108 (0xf1402573) x10 0x0000000000000000
core   0: 0x000000008000010c (0x00004585) c.li    a1, 1
core   0: 3 0x000000008000010c (0x4585) x11 0x0000000000000001
core   0: 0x000000008000010e (0x00b57063) bgeu    a0, a1, pc + 0
core   0: 3 0x000000008000010e (0x00b57063)
core   0: 0x0000000080000112 (0x00150113) addi    sp, a0, 1
core   0: 3 0x0000000080000112 (0x00150113) x2  0x0000000000000001
core   0: 0x0000000080000116 (0x00000146) c.slli  sp, 17
core   0: 3 0x0000000080000116 (0x0146) x2  0x0000000000020000
core   0: 0x0000000080000118 (0x00009112) c.add   sp, tp
core   0: 3 0x0000000080000118 (0x9112) x2  0x0000000080032040
core   0: 0x000000008000011a (0x01151613) slli    a2, a0, 17
core   0: 3 0x000000008000011a (0x01151613) x12 0x0000000000000000
core   0: 0x000000008000011e (0x00009232) c.add   tp, a2
core   0: 3 0x000000008000011e (0x9232) x4  0x0000000080012040
core   0: 0x0000000080000120 (0x4160f06f) j       pc + 0xf416
core   0: 3 0x0000000080000120 (0x4160f06f)
core   0: >>>>  _init
core   0: 0x000000008000f536 (0x00007171) c.addi16sp sp, -176
core   0: 3 0x000000008000f536 (0x7171) x2  0x0000000080031f90
core   0: 0x000000008000f538 (0x0000f506) c.sdsp  ra, 168(sp)
core   0: 3 0x000000008000f538 (0xf506) mem 0x0000000080032038 0x0000000000000000
core   0: 0x000000008000f53a (0x0000f122) c.sdsp  s0, 160(sp)
core   0: 3 0x000000008000f53a (0xf122) mem 0x0000000080032030 0x0000000000000000
core   0: 0x000000008000f53c (0x0000ed26) c.sdsp  s1, 152(sp)
core   0: 3 0x000000008000f53c (0xed26) mem 0x0000000080032028 0x0000000000000000
core   0: 0x000000008000f53e (0x00001900) c.addi4spn s0, sp, 176
core   0: 3 0x000000008000f53e (0x1900) x8  0x0000000080032040
core   0: 0x000000008000f540 (0x000087aa) c.mv    a5, a0
core   0: 3 0x000000008000f540 (0x87aa) x15 0x0000000000000000
core   0: 0x000000008000f542 (0x0000872e) c.mv    a4, a1
core   0: 3 0x000000008000f542 (0x872e) x14 0x0000000000000001
core   0: 0x000000008000f544 (0xf4f42e23) sw      a5, -164(s0)
core   0: 3 0x000000008000f544 (0xf4f42e23) mem 0x0000000080031f9c 0x00000000
core   0: 0x000000008000f548 (0x000087ba) c.mv    a5, a4
core   0: 3 0x000000008000f548 (0x87ba) x15 0x0000000000000001
core   0: 0x000000008000f54a (0xf4f42c23) sw      a5, -168(s0)
core   0: 3 0x000000008000f54a (0xf4f42c23) mem 0x0000000080031f98 0x00000001
core   0: 0x000000008000f54e (0xfe040793) addi    a5, s0, -32
core   0: 3 0x000000008000f54e (0xfe040793) x15 0x0000000080032020
core   0: 0x000000008000f552 (0xf4f43823) sd      a5, -176(s0)
core   0: 3 0x000000008000f552 (0xf4f43823) mem 0x0000000080031f90 0x0000000080032020
core   0: 0x000000008000f556 (0xf5043783) ld      a5, -176(s0)
core   0: 3 0x000000008000f556 (0xf5043783) x15 0x0000000080032020 mem 0x0000000080031f90
core   0: 0x000000008000f55a (0xf8078793) addi    a5, a5, -128
core   0: 3 0x000000008000f55a (0xf8078793) x15 0x0000000080031fa0
core   0: 0x000000008000f55e (0x03f78793) addi    a5, a5, 63
core   0: 3 0x000000008000f55e (0x03f78793) x15 0x0000000080031fdf
core   0: 0x000000008000f562 (0x00008399) c.srli  a5, 6
core   0: 3 0x000000008000f562 (0x8399) x15 0x0000000002000c7f
core   0: 0x000000008000f564 (0x00679493) slli    s1, a5, 6
core   0: 3 0x000000008000f564 (0x00679493) x9  0x0000000080031fc0
core   0: 0x000000008000f568 (0xf65ff0ef) jal     pc - 0x9c
core   0: 3 0x000000008000f568 (0xf65ff0ef) x1  0x000000008000f56c
core   0: >>>>  init_tls
core   0: 0x000000008000f4cc (0x00001101) c.addi  sp, -32
core   0: 3 0x000000008000f4cc (0x1101) x2  0x0000000080031f70
core   0: 0x000000008000f4ce (0x0000ec06) c.sdsp  ra, 24(sp)
core   0: 3 0x000000008000f4ce (0xec06) mem 0x0000000080031f88 0x000000008000f56c
core   0: 0x000000008000f4d0 (0x0000e822) c.sdsp  s0, 16(sp)
core   0: 3 0x000000008000f4d0 (0xe822) mem 0x0000000080031f80 0x0000000080032040
core   0: 0x000000008000f4d2 (0x00001000) c.addi4spn s0, sp, 32
core   0: 3 0x000000008000f4d2 (0x1000) x8  0x0000000080031f90
core   0: 0x000000008000f4d4 (0x00003717) auipc   a4, 0x3
core   0: 3 0x000000008000f4d4 (0x00003717) x14 0x00000000800124d4
core   0: 0x000000008000f4d8 (0xb5470713) addi    a4, a4, -1196
core   0: 3 0x000000008000f4d8 (0xb5470713) x14 0x0000000080012028
core   0: 0x000000008000f4dc (0x00003797) auipc   a5, 0x3
core   0: 3 0x000000008000f4dc (0x00003797) x15 0x00000000800124dc
core   0: 0x000000008000f4e0 (0xb4c78793) addi    a5, a5, -1204
core   0: 3 0x000000008000f4e0 (0xb4c78793) x15 0x0000000080012028
core   0: 0x000000008000f4e4 (0x40f707b3) sub     a5, a4, a5
core   0: 3 0x000000008000f4e4 (0x40f707b3) x15 0x0000000000000000
core   0: 0x000000008000f4e8 (0xfef43423) sd      a5, -24(s0)
core   0: 3 0x000000008000f4e8 (0xfef43423) mem 0x0000000080031f78 0x0000000000000000
core   0: 0x000000008000f4ec (0x00008792) c.mv    a5, tp
core   0: 3 0x000000008000f4ec (0x8792) x15 0x0000000080012040
core   0: 0x000000008000f4ee (0xfe843603) ld      a2, -24(s0)
core   0: 3 0x000000008000f4ee (0xfe843603) x12 0x0000000000000000 mem 0x0000000080031f78
core   0: 0x000000008000f4f2 (0x00003597) auipc   a1, 0x3
core   0: 3 0x000000008000f4f2 (0x00003597) x11 0x00000000800124f2
core   0: 0x000000008000f4f6 (0xb3658593) addi    a1, a1, -1226
core   0: 3 0x000000008000f4f6 (0xb3658593) x11 0x0000000080012028
core   0: 0x000000008000f4fa (0x0000853e) c.mv    a0, a5
core   0: 3 0x000000008000f4fa (0x853e) x10 0x0000000080012040
core   0: 0x000000008000f4fc (0x0f9000ef) jal     pc + 0x8f8
core   0: 3 0x000000008000f4fc (0x0f9000ef) x1  0x000000008000f500
core   0: >>>>  memcpy
core   0: 0x000000008000fdf4 (0x0000715d) c.addi16sp sp, -80
core   0: 3 0x000000008000fdf4 (0x715d) x2  0x0000000080031f20
core   0: 0x000000008000fdf6 (0x0000e4a2) c.sdsp  s0, 72(sp)
core   0: 3 0x000000008000fdf6 (0xe4a2) mem 0x0000000080031f68 0x0000000080031f90
core   0: 0x000000008000fdf8 (0x00000880) c.addi4spn s0, sp, 80
core   0: 3 0x000000008000fdf8 (0x0880) x8  0x0000000080031f70
core   0: 0x000000008000fdfa (0xfca43423) sd      a0, -56(s0)
core   0: 3 0x000000008000fdfa (0xfca43423) mem 0x0000000080031f38 0x0000000080012040
core   0: 0x000000008000fdfe (0xfcb43023) sd      a1, -64(s0)
core   0: 3 0x000000008000fdfe (0xfcb43023) mem 0x0000000080031f30 0x0000000080012028
core   0: 0x000000008000fe02 (0xfac43c23) sd      a2, -72(s0)
core   0: 3 0x000000008000fe02 (0xfac43c23) mem 0x0000000080031f28 0x0000000000000000
core   0: 0x000000008000fe06 (0xfc843703) ld      a4, -56(s0)
core   0: 3 0x000000008000fe06 (0xfc843703) x14 0x0000000080012040 mem 0x0000000080031f38
core   0: 0x000000008000fe0a (0xfc043783) ld      a5, -64(s0)
core   0: 3 0x000000008000fe0a (0xfc043783) x15 0x0000000080012028 mem 0x0000000080031f30
core   0: 0x000000008000fe0e (0x00008f5d) c.or    a4, a5
core   0: 3 0x000000008000fe0e (0x8f5d) x14 0x0000000080012068
core   0: 0x000000008000fe10 (0xfb843783) ld      a5, -72(s0)
core   0: 3 0x000000008000fe10 (0xfb843783) x15 0x0000000000000000 mem 0x0000000080031f28
core   0: 0x000000008000fe14 (0x00008fd9) c.or    a5, a4
core   0: 3 0x000000008000fe14 (0x8fd9) x15 0x0000000080012068
core   0: 0x000000008000fe16 (0x00008b9d) c.andi  a5, 7
core   0: 3 0x000000008000fe16 (0x8b9d) x15 0x0000000000000000
core   0: 0x000000008000fe18 (0x0000e3b1) c.bnez  a5, pc + 68
core   0: 3 0x000000008000fe18 (0xe3b1)
core   0: 0x000000008000fe1a (0xfc043783) ld      a5, -64(s0)
core   0: 3 0x000000008000fe1a (0xfc043783) x15 0x0000000080012028 mem 0x0000000080031f30
core   0: 0x000000008000fe1e (0xfef43423) sd      a5, -24(s0)
core   0: 3 0x000000008000fe1e (0xfef43423) mem 0x0000000080031f58 0x0000000080012028
core   0: 0x000000008000fe22 (0xfc843783) ld      a5, -56(s0)
core   0: 3 0x000000008000fe22 (0xfc843783) x15 0x0000000080012040 mem 0x0000000080031f38
core   0: 0x000000008000fe26 (0xfef43023) sd      a5, -32(s0)
core   0: 3 0x000000008000fe26 (0xfef43023) mem 0x0000000080031f50 0x0000000080012040
core   0: 0x000000008000fe2a (0x0000a839) c.j     pc + 30
core   0: 3 0x000000008000fe2a (0xa839)
core   0: 0x000000008000fe48 (0xfc843703) ld      a4, -56(s0)
core   0: 3 0x000000008000fe48 (0xfc843703) x14 0x0000000080012040 mem 0x0000000080031f38
core   0: 0x000000008000fe4c (0xfb843783) ld      a5, -72(s0)
core   0: 3 0x000000008000fe4c (0xfb843783) x15 0x0000000000000000 mem 0x0000000080031f28
core   0: 0x000000008000fe50 (0x000097ba) c.add   a5, a4
core   0: 3 0x000000008000fe50 (0x97ba) x15 0x0000000080012040
core   0: 0x000000008000fe52 (0xfe043703) ld      a4, -32(s0)
core   0: 3 0x000000008000fe52 (0xfe043703) x14 0x0000000080012040 mem 0x0000000080031f50
core   0: 0x000000008000fe56 (0xfcf76be3) bltu    a4, a5, pc - 42
core   0: 3 0x000000008000fe56 (0xfcf76be3)
core   0: 0x000000008000fe5a (0x0000a099) c.j     pc + 70
core   0: 3 0x000000008000fe5a (0xa099)
core   0: 0x000000008000fea0 (0xfc843783) ld      a5, -56(s0)
core   0: 3 0x000000008000fea0 (0xfc843783) x15 0x0000000080012040 mem 0x0000000080031f38
core   0: 0x000000008000fea4 (0x0000853e) c.mv    a0, a5
core   0: 3 0x000000008000fea4 (0x853e) x10 0x0000000080012040
core   0: 0x000000008000fea6 (0x00006426) c.ldsp  s0, 72(sp)
core   0: 3 0x000000008000fea6 (0x6426) x8  0x0000000080031f90 mem 0x0000000080031f68
core   0: 0x000000008000fea8 (0x00006161) c.addi16sp sp, 80
core   0: 3 0x000000008000fea8 (0x6161) x2  0x0000000080031f70
core   0: 0x000000008000feaa (0x00008082) ret
core   0: 3 0x000000008000feaa (0x8082)
core   0: 0x000000008000f500 (0x00003717) auipc   a4, 0x3
core   0: 3 0x000000008000f500 (0x00003717) x14 0x0000000080012500
core   0: 0x000000008000f504 (0xbc470713) addi    a4, a4, -1084
core   0: 3 0x000000008000f504 (0xbc470713) x14 0x00000000800120c4
core   0: 0x000000008000f508 (0x00003797) auipc   a5, 0x3
core   0: 3 0x000000008000f508 (0x00003797) x15 0x0000000080012508
core   0: 0x000000008000f50c (0xb2078793) addi    a5, a5, -1248
core   0: 3 0x000000008000f50c (0xb2078793) x15 0x0000000080012028
core   0: 0x000000008000f510 (0x40f707b3) sub     a5, a4, a5
core   0: 3 0x000000008000f510 (0x40f707b3) x15 0x000000000000009c
core   0: 0x000000008000f514 (0xfef43023) sd      a5, -32(s0)
core   0: 3 0x000000008000f514 (0xfef43023) mem 0x0000000080031f70 0x000000000000009c
core   0: 0x000000008000f518 (0x00008712) c.mv    a4, tp
core   0: 3 0x000000008000f518 (0x8712) x14 0x0000000080012040
core   0: 0x000000008000f51a (0xfe843783) ld      a5, -24(s0)
core   0: 3 0x000000008000f51a (0xfe843783) x15 0x0000000000000000 mem 0x0000000080031f78
core   0: 0x000000008000f51e (0x000097ba) c.add   a5, a4
core   0: 3 0x000000008000f51e (0x97ba) x15 0x0000000080012040
core   0: 0x000000008000f520 (0xfe043603) ld      a2, -32(s0)
core   0: 3 0x000000008000f520 (0xfe043603) x12 0x000000000000009c mem 0x0000000080031f70
core   0: 0x000000008000f524 (0x00004581) c.li    a1, 0
core   0: 3 0x000000008000f524 (0x4581) x11 0x0000000000000000
core   0: 0x000000008000f526 (0x0000853e) c.mv    a0, a5
core   0: 3 0x000000008000f526 (0x853e) x10 0x0000000080012040
core   0: 0x000000008000f528 (0x185000ef) jal     pc + 0x984
core   0: 3 0x000000008000f528 (0x185000ef) x1  0x000000008000f52c
core   0: >>>>  memset
core   0: 0x000000008000feac (0x0000715d) c.addi16sp sp, -80
core   0: 3 0x000000008000feac (0x715d) x2  0x0000000080031f20
core   0: 0x000000008000feae (0x0000e4a2) c.sdsp  s0, 72(sp)
core   0: 3 0x000000008000feae (0xe4a2) mem 0x0000000080031f68 0x0000000080031f90
core   0: 0x000000008000feb0 (0x00000880) c.addi4spn s0, sp, 80
core   0: 3 0x000000008000feb0 (0x0880) x8  0x0000000080031f70
core   0: 0x000000008000feb2 (0xfca43423) sd      a0, -56(s0)
core   0: 3 0x000000008000feb2 (0xfca43423) mem 0x0000000080031f38 0x0000000080012040
core   0: 0x000000008000feb6 (0x000087ae) c.mv    a5, a1
core   0: 3 0x000000008000feb6 (0x87ae) x15 0x0000000000000000
core   0: 0x000000008000feb8 (0xfac43c23) sd      a2, -72(s0)
core   0: 3 0x000000008000feb8 (0xfac43c23) mem 0x0000000080031f28 0x000000000000009c
core   0: 0x000000008000febc (0xfcf42223) sw      a5, -60(s0)
core   0: 3 0x000000008000febc (0xfcf42223) mem 0x0000000080031f34 0x00000000
core   0: 0x000000008000fec0 (0xfc843703) ld      a4, -56(s0)
core   0: 3 0x000000008000fec0 (0xfc843703) x14 0x0000000080012040 mem 0x0000000080031f38
core   0: 0x000000008000fec4 (0xfb843783) ld      a5, -72(s0)
core   0: 3 0x000000008000fec4 (0xfb843783) x15 0x000000000000009c mem 0x0000000080031f28
core   0: 0x000000008000fec8 (0x00008fd9) c.or    a5, a4
core   0: 3 0x000000008000fec8 (0x8fd9) x15 0x00000000800120dc
core   0: 0x000000008000feca (0x00008b9d) c.andi  a5, 7
core   0: 3 0x000000008000feca (0x8b9d) x15 0x0000000000000004
core   0: 0x000000008000fecc (0x0000e7bd) c.bnez  a5, pc + 110
core   0: 3 0x000000008000fecc (0xe7bd)
core   0: 0x000000008000ff3a (0xfc843783) ld      a5, -56(s0)
core   0: 3 0x000000008000ff3a (0xfc843783) x15 0x0000000080012040 mem 0x0000000080031f38
core   0: 0x000000008000ff3e (0xfef43023) sd      a5, -32(s0)
core   0: 3 0x000000008000ff3e (0xfef43023) mem 0x0000000080031f50 0x0000000080012040
core   0: 0x000000008000ff42 (0x0000a829) c.j     pc + 26
core   0: 3 0x000000008000ff42 (0xa829)
core   0: 0x000000008000ff5c (0xfc843703) ld      a4, -56(s0)
core   0: 3 0x000000008000ff5c (0xfc843703) x14 0x0000000080012040 mem 0x0000000080031f38
core   0: 0x000000008000ff60 (0xfb843783) ld      a5, -72(s0)
core   0: 3 0x000000008000ff60 (0xfb843783) x15 0x000000000000009c mem 0x0000000080031f28
core   0: 0x000000008000ff64 (0x000097ba) c.add   a5, a4
core   0: 3 0x000000008000ff64 (0x97ba) x15 0x00000000800120dc
core   0: 0x000000008000ff66 (0xfe043703) ld      a4, -32(s0)
core   0: 3 0x000000008000ff66 (0xfe043703) x14 0x0000000080012040 mem 0x0000000080031f50
core   0: 0x000000008000ff6a (0xfcf76de3) bltu    a4, a5, pc - 38
core   0: 3 0x000000008000ff6a (0xfcf76de3)
core   0: 0x000000008000ff44 (0xfe043783) ld      a5, -32(s0)
core   0: 3 0x000000008000ff44 (0xfe043783) x15 0x0000000080012040 mem 0x0000000080031f50
core   0: 0x000000008000ff48 (0x00178713) addi    a4, a5, 1
core   0: 3 0x000000008000ff48 (0x00178713) x14 0x0000000080012041
core   0: 0x000000008000ff4c (0xfee43023) sd      a4, -32(s0)
core   0: 3 0x000000008000ff4c (0xfee43023) mem 0x0000000080031f50 0x0000000080012041
core   0: 0x000000008000ff50 (0xfc442703) lw      a4, -60(s0)
core   0: 3 0x000000008000ff50 (0xfc442703) x14 0x0000000000000000 mem 0x0000000080031f34
core   0: 0x000000008000ff54 (0x0ff77713) andi    a4, a4, 255
core   0: 3 0x000000008000ff54 (0x0ff77713) x14 0x0000000000000000
core   0: 0x000000008000ff58 (0x00e78023) sb      a4, 0(a5)
core   0: 3 0x000000008000ff58 (0x00e78023) mem 0x0000000080012040 0x00
core   0: 0x000000008000ff5c (0xfc843703) ld      a4, -56(s0)
core   0: 3 0x000000008000ff5c (0xfc843703) x14 0x0000000080012040 mem 0x0000000080031f38
core   0: 0x000000008000ff60 (0xfb843783) ld      a5, -72(s0)
core   0: 3 0x000000008000ff60 (0xfb843783) x15 0x000000000000009c mem 0x0000000080031f28
core   0: 0x000000008000ff64 (0x000097ba) c.add   a5, a4
core   0: 3 0x000000008000ff64 (0x97ba) x15 0x00000000800120dc
core   0: 0x000000008000ff66 (0xfe043703) ld      a4, -32(s0)
core   0: 3 0x000000008000ff66 (0xfe043703) x14 0x0000000080012041 mem 0x0000000080031f50
core   0: 0x000000008000ff6a (0xfcf76de3) bltu    a4, a5, pc - 38
core   0: 3 0x000000008000ff6a (0xfcf76de3)
core   0: 0x000000008000ff44 (0xfe043783) ld      a5, -32(s0)
core   0: 3 0x000000008000ff44 (0xfe043783) x15 0x0000000080012041 mem 0x0000000080031f50
core   0: 0x000000008000ff48 (0x00178713) addi    a4, a5, 1
core   0: 3 0x000000008000ff48 (0x00178713) x14 0x0000000080012042
core   0: 0x000000008000ff4c (0xfee43023) sd      a4, -32(s0)
core   0: 3 0x000000008000ff4c (0xfee43023) mem 0x0000000080031f50 0x0000000080012042
core   0: 0x000000008000ff50 (0xfc442703) lw      a4, -60(s0)
core   0: 3 0x000000008000ff50 (0xfc442703) x14 0x0000000000000000 mem 0x0000000080031f34
core   0: 0x000000008000ff54 (0x0ff77713) andi    a4, a4, 255
core   0: 3 0x000000008000ff54 (0x0ff77713) x14 0x0000000000000000
core   0: 0x000000008000ff58 (0x00e78023) sb      a4, 0(a5)
core   0: 3 0x000000008000ff58 (0x00e78023) mem 0x0000000080012041 0x00
core   0: 0x000000008000ff5c (0xfc843703) ld      a4, -56(s0)
core   0: 3 0x000000008000ff5c (0xfc843703) x14 0x0000000080012040 mem 0x0000000080031f38
core   0: 0x000000008000ff60 (0xfb843783) ld      a5, -72(s0)
core   0: 3 0x000000008000ff60 (0xfb843783) x15 0x000000000000009c mem 0x0000000080031f28
core   0: 0x000000008000ff64 (0x000097ba) c.add   a5, a4
core   0: 3 0x000000008000ff64 (0x97ba) x15 0x00000000800120dc
core   0: 0x000000008000ff66 (0xfe043703) ld      a4, -32(s0)
core   0: 3 0x000000008000ff66 (0xfe043703) x14 0x0000000080012042 mem 0x0000000080031f50
core   0: 0x000000008000ff6a (0xfcf76de3) bltu    a4, a5, pc - 38
core   0: 3 0x000000008000ff6a (0xfcf76de3)
core   0: 0x000000008000ff44 (0xfe043783) ld      a5, -32(s0)
core   0: 3 0x000000008000ff44 (0xfe043783) x15 0x0000000080012042 mem 0x0000000080031f50
core   0: 0x000000008000ff48 (0x00178713) addi    a4, a5, 1
core   0: 3 0x000000008000ff48 (0x00178713) x14 0x0000000080012043
core   0: 0x000000008000ff4c (0xfee43023) sd      a4, -32(s0)
core   0: 3 0x000000008000ff4c (0xfee43023) mem 0x0000000080031f50 0x0000000080012043
core   0: 0x000000008000ff50 (0xfc442703) lw      a4, -60(s0)
core   0: 3 0x000000008000ff50 (0xfc442703) x14 0x0000000000000000 mem 0x0000000080031f34
core   0: 0x000000008000ff54 (0x0ff77713) andi    a4, a4, 255
core   0: 3 0x000000008000ff54 (0x0ff77713) x14 0x0000000000000000
core   0: 0x000000008000ff58 (0x00e78023) sb      a4, 0(a5)
core   0: 3 0x000000008000ff58 (0x00e78023) mem 0x0000000080012042 0x00
core   0: 0x000000008000ff5c (0xfc843703) ld      a4, -56(s0)
core   0: 3 0x000000008000ff5c (0xfc843703) x14 0x0000000080012040 mem 0x0000000080031f38
core   0: 0x000000008000ff60 (0xfb843783) ld      a5, -72(s0)
core   0: 3 0x000000008000ff60 (0xfb843783) x15 0x000000000000009c mem 0x0000000080031f28
core   0: 0x000000008000ff64 (0x000097ba) c.add   a5, a4
core   0: 3 0x000000008000ff64 (0x97ba) x15 0x00000000800120dc
core   0: 0x000000008000ff66 (0xfe043703) ld      a4, -32(s0)
core   0: 3 0x000000008000ff66 (0xfe043703) x14 0x0000000080012043 mem 0x0000000080031f50
core   0: 0x000000008000ff6a (0xfcf76de3) bltu    a4, a5, pc - 38
core   0: 3 0x000000008000ff6a (0xfcf76de3)
core   0: 0x000000008000ff44 (0xfe043783) ld      a5, -32(s0)
core   0: 3 0x000000008000ff44 (0xfe043783) x15 0x0000000080012043 mem 0x0000000080031f50
core   0: 0x000000008000ff48 (0x00178713) addi    a4, a5, 1
core   0: 3 0x000000008000ff48 (0x00178713) x14 0x0000000080012044
core   0: 0x000000008000ff4c (0xfee43023) sd      a4, -32(s0)
core   0: 3 0x000000008000ff4c (0xfee43023) mem 0x0000000080031f50 0x0000000080012044
core   0: 0x000000008000ff50 (0xfc442703) lw      a4, -60(s0)
core   0: 3 0x000000008000ff50 (0xfc442703) x14 0x0000000000000000 mem 0x0000000080031f34
core   0: 0x000000008000ff54 (0x0ff77713) andi    a4, a4, 255
core   0: 3 0x000000008000ff54 (0x0ff77713) x14 0x0000000000000000
core   0: 0x000000008000ff58 (0x00e78023) sb      a4, 0(a5)
core   0: 3 0x000000008000ff58 (0x00e78023) mem 0x0000000080012043 0x00
core   0: 0x000000008000ff5c (0xfc843703) ld      a4, -56(s0)
core   0: 3 0x000000008000ff5c (0xfc843703) x14 0x0000000080012040 mem 0x0000000080031f38
core   0: 0x000000008000ff60 (0xfb843783) ld      a5, -72(s0)
core   0: 3 0x000000008000ff60 (0xfb843783) x15 0x000000000000009c mem 0x0000000080031f28
core   0: 0x000000008000ff64 (0x000097ba) c.add   a5, a4
core   0: 3 0x000000008000ff64 (0x97ba) x15 0x00000000800120dc
core   0: 0x000000008000ff66 (0xfe043703) ld      a4, -32(s0)
core   0: 3 0x000000008000ff66 (0xfe043703) x14 0x0000000080012044 mem 0x0000000080031f50
core   0: 0x000000008000ff6a (0xfcf76de3) bltu    a4, a5, pc - 38
core   0: 3 0x000000008000ff6a (0xfcf76de3)
core   0: 0x000000008000ff44 (0xfe043783) ld      a5, -32(s0)
core   0: 3 0x000000008000ff44 (0xfe043783) x15 0x0000000080012044 mem 0x0000000080031f50
core   0: 0x000000008000ff48 (0x00178713) addi    a4, a5, 1
core   0: 3 0x000000008000ff48 (0x00178713) x14 0x0000000080012045
core   0: 0x000000008000ff4c (0xfee43023) sd      a4, -32(s0)
core   0: 3 0x000000008000ff4c (0xfee43023) mem 0x0000000080031f50 0x0000000080012045
core   0: 0x000000008000ff50 (0xfc442703) lw      a4, -60(s0)
core   0: 3 0x000000008000ff50 (0xfc442703) x14 0x0000000000000000 mem 0x0000000080031f34
core   0: 0x000000008000ff54 (0x0ff77713) andi    a4, a4, 255
core   0: 3 0x000000008000ff54 (0x0ff77713) x14 0x0000000000000000
core   0: 0x000000008000ff58 (0x00e78023) sb      a4, 0(a5)
core   0: 3 0x000000008000ff58 (0x00e78023) mem 0x0000000080012044 0x00
core   0: 0x000000008000ff5c (0xfc843703) ld      a4, -56(s0)
core   0: 3 0x000000008000ff5c (0xfc843703) x14 0x0000000080012040 mem 0x0000000080031f38
core   0: 0x000000008000ff60 (0xfb843783) ld      a5, -72(s0)
core   0: 3 0x000000008000ff60 (0xfb843783) x15 0x000000000000009c mem 0x0000000080031f28
core   0: 0x000000008000ff64 (0x000097ba) c.add   a5, a4
core   0: 3 0x000000008000ff64 (0x97ba) x15 0x00000000800120dc
core   0: 0x000000008000ff66 (0xfe043703) ld      a4, -32(s0)
core   0: 3 0x000000008000ff66 (0xfe043703) x14 0x0000000080012045 mem 0x0000000080031f50
core   0: 0x000000008000ff6a (0xfcf76de3) bltu    a4, a5, pc - 38
core   0: 3 0x000000008000ff6a (0xfcf76de3)
core   0: 0x000000008000ff44 (0xfe043783) ld      a5, -32(s0)
core   0: 3 0x000000008000ff44 (0xfe043783) x15 0x0000000080012045 mem 0x0000000080031f50
core   0: 0x000000008000ff48 (0x00178713) addi    a4, a5, 1
core   0: 3 0x000000008000ff48 (0x00178713) x14 0x0000000080012046
core   0: 0x000000008000ff4c (0xfee43023) sd      a4, -32(s0)
core   0: 3 0x000000008000ff4c (0xfee43023) mem 0x0000000080031f50 0x0000000080012046
core   0: 0x000000008000ff50 (0xfc442703) lw      a4, -60(s0)
core   0: 3 0x000000008000ff50 (0xfc442703) x14 0x0000000000000000 mem 0x0000000080031f34
core   0: 0x000000008000ff54 (0x0ff77713) andi    a4, a4, 255
core   0: 3 0x000000008000ff54 (0x0ff77713) x14 0x0000000000000000
core   0: 0x000000008000ff58 (0x00e78023) sb      a4, 0(a5)
core   0: 3 0x000000008000ff58 (0x00e78023) mem 0x0000000080012045 0x00
core   0: 0x000000008000ff5c (0xfc843703) ld      a4, -56(s0)
core   0: 3 0x000000008000ff5c (0xfc843703) x14 0x0000000080012040 mem 0x0000000080031f38
core   0: 0x000000008000ff60 (0xfb843783) ld      a5, -72(s0)
core   0: 3 0x000000008000ff60 (0xfb843783) x15 0x000000000000009c mem 0x0000000080031f28
core   0: 0x000000008000ff64 (0x000097ba) c.add   a5, a4
core   0: 3 0x000000008000ff64 (0x97ba) x15 0x00000000800120dc
core   0: 0x000000008000ff66 (0xfe043703) ld      a4, -32(s0)
core   0: 3 0x000000008000ff66 (0xfe043703) x14 0x0000000080012046 mem 0x0000000080031f50
core   0: 0x000000008000ff6a (0xfcf76de3) bltu    a4, a5, pc - 38
core   0: 3 0x000000008000ff6a (0xfcf76de3)
core   0: 0x000000008000ff44 (0xfe043783) ld      a5, -32(s0)
core   0: 3 0x000000008000ff44 (0xfe043783) x15 0x0000000080012046 mem 0x0000000080031f50
core   0: 0x000000008000ff48 (0x00178713) addi    a4, a5, 1
core   0: 3 0x000000008000ff48 (0x00178713) x14 0x0000000080012047
core   0: 0x000000008000ff4c (0xfee43023) sd      a4, -32(s0)
core   0: 3 0x000000008000ff4c (0xfee43023) mem 0x0000000080031f50 0x0000000080012047
core   0: 0x000000008000ff50 (0xfc442703) lw      a4, -60(s0)
core   0: 3 0x000000008000ff50 (0xfc442703) x14 0x0000000000000000 mem 0x0000000080031f34
core   0: 0x000000008000ff54 (0x0ff77713) andi    a4, a4, 255
core   0: 3 0x000000008000ff54 (0x0ff77713) x14 0x0000000000000000
core   0: 0x000000008000ff58 (0x00e78023) sb      a4, 0(a5)
core   0: 3 0x000000008000ff58 (0x00e78023) mem 0x0000000080012046 0x00
core   0: 0x000000008000ff5c (0xfc843703) ld      a4, -56(s0)
core   0: 3 0x000000008000ff5c (0xfc843703) x14 0x0000000080012040 mem 0x0000000080031f38
core   0: 0x000000008000ff60 (0xfb843783) ld      a5, -72(s0)
core   0: 3 0x000000008000ff60 (0xfb843783) x15 0x000000000000009c mem 0x0000000080031f28
core   0: 0x000000008000ff64 (0x000097ba) c.add   a5, a4
core   0: 3 0x000000008000ff64 (0x97ba) x15 0x00000000800120dc
core   0: 0x000000008000ff66 (0xfe043703) ld      a4, -32(s0)
core   0: 3 0x000000008000ff66 (0xfe043703) x14 0x0000000080012047 mem 0x0000000080031f50
core   0: 0x000000008000ff6a (0xfcf76de3) bltu    a4, a5, pc - 38
core   0: 3 0x000000008000ff6a (0xfcf76de3)
core   0: 0x000000008000ff44 (0xfe043783) ld      a5, -32(s0)
core   0: 3 0x000000008000ff44 (0xfe043783) x15 0x0000000080012047 mem 0x0000000080031f50
core   0: 0x000000008000ff48 (0x00178713) addi    a4, a5, 1
core   0: 3 0x000000008000ff48 (0x00178713) x14 0x0000000080012048
core   0: 0x000000008000ff4c (0xfee43023) sd      a4, -32(s0)
core   0: 3 0x000000008000ff4c (0xfee43023) mem 0x0000000080031f50 0x0000000080012048
core   0: 0x000000008000ff50 (0xfc442703) lw      a4, -60(s0)
core   0: 3 0x000000008000ff50 (0xfc442703) x14 0x0000000000000000 mem 0x0000000080031f34
core   0: 0x000000008000ff54 (0x0ff77713) andi    a4, a4, 255
core   0: 3 0x000000008000ff54 (0x0ff77713) x14 0x0000000000000000
core   0: 0x000000008000ff58 (0x00e78023) sb      a4, 0(a5)
core   0: 3 0x000000008000ff58 (0x00e78023) mem 0x0000000080012047 0x00
core   0: 0x000000008000ff5c (0xfc843703) ld      a4, -56(s0)
core   0: 3 0x000000008000ff5c (0xfc843703) x14 0x0000000080012040 mem 0x0000000080031f38
core   0: 0x000000008000ff60 (0xfb843783) ld      a5, -72(s0)
core   0: 3 0x000000008000ff60 (0xfb843783) x15 0x000000000000009c mem 0x0000000080031f28
core   0: 0x000000008000ff64 (0x000097ba) c.add   a5, a4
core   0: 3 0x000000008000ff64 (0x97ba) x15 0x00000000800120dc
core   0: 0x000000008000ff66 (0xfe043703) ld      a4, -32(s0)
core   0: 3 0x000000008000ff66 (0xfe043703) x14 0x0000000080012048 mem 0x0000000080031f50
core   0: 0x000000008000ff6a (0xfcf76de3) bltu    a4, a5, pc - 38
core   0: 3 0x000000008000ff6a (0xfcf76de3)
core   0: 0x000000008000ff44 (0xfe043783) ld      a5, -32(s0)
core   0: 3 0x000000008000ff44 (0xfe043783) x15 0x0000000080012048 mem 0x0000000080031f50
core   0: 0x000000008000ff48 (0x00178713) addi    a4, a5, 1
core   0: 3 0x000000008000ff48 (0x00178713) x14 0x0000000080012049
core   0: 0x000000008000ff4c (0xfee43023) sd      a4, -32(s0)
core   0: 3 0x000000008000ff4c (0xfee43023) mem 0x0000000080031f50 0x0000000080012049
core   0: 0x000000008000ff50 (0xfc442703) lw      a4, -60(s0)
core   0: 3 0x000000008000ff50 (0xfc442703) x14 0x0000000000000000 mem 0x0000000080031f34
core   0: 0x000000008000ff54 (0x0ff77713) andi    a4, a4, 255
core   0: 3 0x000000008000ff54 (0x0ff77713) x14 0x0000000000000000
core   0: 0x000000008000ff58 (0x00e78023) sb      a4, 0(a5)
core   0: 3 0x000000008000ff58 (0x00e78023) mem 0x0000000080012048 0x00
core   0: 0x000000008000ff5c (0xfc843703) ld      a4, -56(s0)
core   0: 3 0x000000008000ff5c (0xfc843703) x14 0x0000000080012040 mem 0x0000000080031f38
core   0: 0x000000008000ff60 (0xfb843783) ld      a5, -72(s0)
core   0: 3 0x000000008000ff60 (0xfb843783) x15 0x000000000000009c mem 0x0000000080031f28
core   0: 0x000000008000ff64 (0x000097ba) c.add   a5, a4
core   0: 3 0x000000008000ff64 (0x97ba) x15 0x00000000800120dc
core   0: 0x000000008000ff66 (0xfe043703) ld      a4, -32(s0)
core   0: 3 0x000000008000ff66 (0xfe043703) x14 0x0000000080012049 mem 0x0000000080031f50
core   0: 0x000000008000ff6a (0xfcf76de3) bltu    a4, a5, pc - 38
core   0: 3 0x000000008000ff6a (0xfcf76de3)
core   0: 0x000000008000ff44 (0xfe043783) ld      a5, -32(s0)
core   0: 3 0x000000008000ff44 (0xfe043783) x15 0x0000000080012049 mem 0x0000000080031f50
core   0: 0x000000008000ff48 (0x00178713) addi    a4, a5, 1
core   0: 3 0x000000008000ff48 (0x00178713) x14 0x000000008001204a
core   0: 0x000000008000ff4c (0xfee43023) sd      a4, -32(s0)
core   0: 3 0x000000008000ff4c (0xfee43023) mem 0x0000000080031f50 0x000000008001204a
core   0: 0x000000008000ff50 (0xfc442703) lw      a4, -60(s0)
core   0: 3 0x000000008000ff50 (0xfc442703) x14 0x0000000000000000 mem 0x0000000080031f34
core   0: 0x000000008000ff54 (0x0ff77713) andi    a4, a4, 255
core   0: 3 0x000000008000ff54 (0x0ff77713) x14 0x0000000000000000
core   0: 0x000000008000ff58 (0x00e78023) sb      a4, 0(a5)
core   0: 3 0x000000008000ff58 (0x00e78023) mem 0x0000000080012049 0x00
core   0: 0x000000008000ff5c (0xfc843703) ld      a4, -56(s0)
core   0: 3 0x000000008000ff5c (0xfc843703) x14 0x0000000080012040 mem 0x0000000080031f38
core   0: 0x000000008000ff60 (0xfb843783) ld      a5, -72(s0)
core   0: 3 0x000000008000ff60 (0xfb843783) x15 0x000000000000009c mem 0x0000000080031f28
core   0: 0x000000008000ff64 (0x000097ba) c.add   a5, a4
core   0: 3 0x000000008000ff64 (0x97ba) x15 0x00000000800120dc
core   0: 0x000000008000ff66 (0xfe043703) ld      a4, -32(s0)
core   0: 3 0x000000008000ff66 (0xfe043703) x14 0x000000008001204a mem 0x0000000080031f50
core   0: 0x000000008000ff6a (0xfcf76de3) bltu    a4, a5, pc - 38
core   0: 3 0x000000008000ff6a (0xfcf76de3)
core   0: 0x000000008000ff44 (0xfe043783) ld      a5, -32(s0)
core   0: 3 0x000000008000ff44 (0xfe043783) x15 0x000000008001204a mem 0x0000000080031f50
core   0: 0x000000008000ff48 (0x00178713) addi    a4, a5, 1
core   0: 3 0x000000008000ff48 (0x00178713) x14 0x000000008001204b
core   0: 0x000000008000ff4c (0xfee43023) sd      a4, -32(s0)
core   0: 3 0x000000008000ff4c (0xfee43023) mem 0x0000000080031f50 0x000000008001204b
core   0: 0x000000008000ff50 (0xfc442703) lw      a4, -60(s0)
core   0: 3 0x000000008000ff50 (0xfc442703) x14 0x0000000000000000 mem 0x0000000080031f34
core   0: 0x000000008000ff54 (0x0ff77713) andi    a4, a4, 255
core   0: 3 0x000000008000ff54 (0x0ff77713) x14 0x0000000000000000
core   0: 0x000000008000ff58 (0x00e78023) sb      a4, 0(a5)
core   0: 3 0x000000008000ff58 (0x00e78023) mem 0x000000008001204a 0x00
core   0: 0x000000008000ff5c (0xfc843703) ld      a4, -56(s0)
core   0: 3 0x000000008000ff5c (0xfc843703) x14 0x0000000080012040 mem 0x0000000080031f38
core   0: 0x000000008000ff60 (0xfb843783) ld      a5, -72(s0)
core   0: 3 0x000000008000ff60 (0xfb843783) x15 0x000000000000009c mem 0x0000000080031f28
core   0: 0x000000008000ff64 (0x000097ba) c.add   a5, a4
core   0: 3 0x000000008000ff64 (0x97ba) x15 0x00000000800120dc
core   0: 0x000000008000ff66 (0xfe043703) ld      a4, -32(s0)
core   0: 3 0x000000008000ff66 (0xfe043703) x14 0x000000008001204b mem 0x0000000080031f50
core   0: 0x000000008000ff6a (0xfcf76de3) bltu    a4, a5, pc - 38
core   0: 3 0x000000008000ff6a (0xfcf76de3)
core   0: 0x000000008000ff44 (0xfe043783) ld      a5, -32(s0)
core   0: 3 0x000000008000ff44 (0xfe043783) x15 0x000000008001204b mem 0x0000000080031f50
core   0: 0x000000008000ff48 (0x00178713) addi    a4, a5, 1
core   0: 3 0x000000008000ff48 (0x00178713) x14 0x000000008001204c
core   0: 0x000000008000ff4c (0xfee43023) sd      a4, -32(s0)
core   0: 3 0x000000008000ff4c (0xfee43023) mem 0x0000000080031f50 0x000000008001204c
core   0: 0x000000008000ff50 (0xfc442703) lw      a4, -60(s0)
core   0: 3 0x000000008000ff50 (0xfc442703) x14 0x0000000000000000 mem 0x0000000080031f34
core   0: 0x000000008000ff54 (0x0ff77713) andi    a4, a4, 255
core   0: 3 0x000000008000ff54 (0x0ff77713) x14 0x0000000000000000
core   0: 0x000000008000ff58 (0x00e78023) sb      a4, 0(a5)
core   0: 3 0x000000008000ff58 (0x00e78023) mem 0x000000008001204b 0x00
core   0: 0x000000008000ff5c (0xfc843703) ld      a4, -56(s0)
core   0: 3 0x000000008000ff5c (0xfc843703) x14 0x0000000080012040 mem 0x0000000080031f38
core   0: 0x000000008000ff60 (0xfb843783) ld      a5, -72(s0)
core   0: 3 0x000000008000ff60 (0xfb843783) x15 0x000000000000009c mem 0x0000000080031f28
core   0: 0x000000008000ff64 (0x000097ba) c.add   a5, a4
core   0: 3 0x000000008000ff64 (0x97ba) x15 0x00000000800120dc
core   0: 0x000000008000ff66 (0xfe043703) ld      a4, -32(s0)
core   0: 3 0x000000008000ff66 (0xfe043703) x14 0x000000008001204c mem 0x0000000080031f50
core   0: 0x000000008000ff6a (0xfcf76de3) bltu    a4, a5, pc - 38
core   0: 3 0x000000008000ff6a (0xfcf76de3)
core   0: 0x000000008000ff44 (0xfe043783) ld      a5, -32(s0)
core   0: 3 0x000000008000ff44 (0xfe043783) x15 0x000000008001204c mem 0x0000000080031f50
core   0: 0x000000008000ff48 (0x00178713) addi    a4, a5, 1
core   0: 3 0x000000008000ff48 (0x00178713) x14 0x000000008001204d
core   0: 0x000000008000ff4c (0xfee43023) sd      a4, -32(s0)
core   0: 3 0x000000008000ff4c (0xfee43023) mem 0x0000000080031f50 0x000000008001204d
core   0: 0x000000008000ff50 (0xfc442703) lw      a4, -60(s0)
core   0: 3 0x000000008000ff50 (0xfc442703) x14 0x0000000000000000 mem 0x0000000080031f34
core   0: 0x000000008000ff54 (0x0ff77713) andi    a4, a4, 255
core   0: 3 0x000000008000ff54 (0x0ff77713) x14 0x0000000000000000
core   0: 0x000000008000ff58 (0x00e78023) sb      a4, 0(a5)
core   0: 3 0x000000008000ff58 (0x00e78023) mem 0x000000008001204c 0x00
core   0: 0x000000008000ff5c (0xfc843703) ld      a4, -56(s0)
core   0: 3 0x000000008000ff5c (0xfc843703) x14 0x0000000080012040 mem 0x0000000080031f38
core   0: 0x000000008000ff60 (0xfb843783) ld      a5, -72(s0)
core   0: 3 0x000000008000ff60 (0xfb843783) x15 0x000000000000009c mem 0x0000000080031f28
core   0: 0x000000008000ff64 (0x000097ba) c.add   a5, a4
core   0: 3 0x000000008000ff64 (0x97ba) x15 0x00000000800120dc
core   0: 0x000000008000ff66 (0xfe043703) ld      a4, -32(s0)
core   0: 3 0x000000008000ff66 (0xfe043703) x14 0x000000008001204d mem 0x0000000080031f50
core   0: 0x000000008000ff6a (0xfcf76de3) bltu    a4, a5, pc - 38
core   0: 3 0x000000008000ff6a (0xfcf76de3)
core   0: 0x000000008000ff44 (0xfe043783) ld      a5, -32(s0)
core   0: 3 0x000000008000ff44 (0xfe043783) x15 0x000000008001204d mem 0x0000000080031f50
core   0: 0x000000008000ff48 (0x00178713) addi    a4, a5, 1
core   0: 3 0x000000008000ff48 (0x00178713) x14 0x000000008001204e
core   0: 0x000000008000ff4c (0xfee43023) sd      a4, -32(s0)
core   0: 3 0x000000008000ff4c (0xfee43023) mem 0x0000000080031f50 0x000000008001204e
core   0: 0x000000008000ff50 (0xfc442703) lw      a4, -60(s0)
core   0: 3 0x000000008000ff50 (0xfc442703) x14 0x0000000000000000 mem 0x0000000080031f34
core   0: 0x000000008000ff54 (0x0ff77713) andi    a4, a4, 255
core   0: 3 0x000000008000ff54 (0x0ff77713) x14 0x0000000000000000
core   0: 0x000000008000ff58 (0x00e78023) sb      a4, 0(a5)
core   0: 3 0x000000008000ff58 (0x00e78023) mem 0x000000008001204d 0x00
core   0: 0x000000008000ff5c (0xfc843703) ld      a4, -56(s0)
core   0: 3 0x000000008000ff5c (0xfc843703) x14 0x0000000080012040 mem 0x0000000080031f38
core   0: 0x000000008000ff60 (0xfb843783) ld      a5, -72(s0)
core   0: 3 0x000000008000ff60 (0xfb843783) x15 0x000000000000009c mem 0x0000000080031f28
core   0: 0x000000008000ff64 (0x000097ba) c.add   a5, a4
core   0: 3 0x000000008000ff64 (0x97ba) x15 0x00000000800120dc
core   0: 0x000000008000ff66 (0xfe043703) ld      a4, -32(s0)
core   0: 3 0x000000008000ff66 (0xfe043703) x14 0x000000008001204e mem 0x0000000080031f50
core   0: 0x000000008000ff6a (0xfcf76de3) bltu    a4, a5, pc - 38
core   0: 3 0x000000008000ff6a (0xfcf76de3)
core   0: 0x000000008000ff44 (0xfe043783) ld      a5, -32(s0)
core   0: 3 0x000000008000ff44 (0xfe043783) x15 0x000000008001204e mem 0x0000000080031f50
core   0: 0x000000008000ff48 (0x00178713) addi    a4, a5, 1
core   0: 3 0x000000008000ff48 (0x00178713) x14 0x000000008001204f
core   0: 0x000000008000ff4c (0xfee43023) sd      a4, -32(s0)
core   0: 3 0x000000008000ff4c (0xfee43023) mem 0x0000000080031f50 0x000000008001204f
core   0: 0x000000008000ff50 (0xfc442703) lw      a4, -60(s0)
core   0: 3 0x000000008000ff50 (0xfc442703) x14 0x0000000000000000 mem 0x0000000080031f34
core   0: 0x000000008000ff54 (0x0ff77713) andi    a4, a4, 255
core   0: 3 0x000000008000ff54 (0x0ff77713) x14 0x0000000000000000
core   0: 0x000000008000ff58 (0x00e78023) sb      a4, 0(a5)
core   0: 3 0x000000008000ff58 (0x00e78023) mem 0x000000008001204e 0x00
core   0: 0x000000008000ff5c (0xfc843703) ld      a4, -56(s0)
core   0: 3 0x000000008000ff5c (0xfc843703) x14 0x0000000080012040 mem 0x0000000080031f38
core   0: 0x000000008000ff60 (0xfb843783) ld      a5, -72(s0)
core   0: 3 0x000000008000ff60 (0xfb843783) x15 0x000000000000009c mem 0x0000000080031f28
core   0: 0x000000008000ff64 (0x000097ba) c.add   a5, a4
core   0: 3 0x000000008000ff64 (0x97ba) x15 0x00000000800120dc
core   0: 0x000000008000ff66 (0xfe043703) ld      a4, -32(s0)
core   0: 3 0x000000008000ff66 (0xfe043703) x14 0x000000008001204f mem 0x0000000080031f50
core   0: 0x000000008000ff6a (0xfcf76de3) bltu    a4, a5, pc - 38
core   0: 3 0x000000008000ff6a (0xfcf76de3)
core   0: 0x000000008000ff44 (0xfe043783) ld      a5, -32(s0)
core   0: 3 0x000000008000ff44 (0xfe043783) x15 0x000000008001204f mem 0x0000000080031f50
core   0: 0x000000008000ff48 (0x00178713) addi    a4, a5, 1
core   0: 3 0x000000008000ff48 (0x00178713) x14 0x0000000080012050
core   0: 0x000000008000ff4c (0xfee43023) sd      a4, -32(s0)
core   0: 3 0x000000008000ff4c (0xfee43023) mem 0x0000000080031f50 0x0000000080012050
core   0: 0x000000008000ff50 (0xfc442703) lw      a4, -60(s0)
core   0: 3 0x000000008000ff50 (0xfc442703) x14 0x0000000000000000 mem 0x0000000080031f34
core   0: 0x000000008000ff54 (0x0ff77713) andi    a4, a4, 255
core   0: 3 0x000000008000ff54 (0x0ff77713) x14 0x0000000000000000
core   0: 0x000000008000ff58 (0x00e78023) sb      a4, 0(a5)
core   0: 3 0x000000008000ff58 (0x00e78023) mem 0x000000008001204f 0x00
core   0: 0x000000008000ff5c (0xfc843703) ld      a4, -56(s0)
core   0: 3 0x000000008000ff5c (0xfc843703) x14 0x0000000080012040 mem 0x0000000080031f38
core   0: 0x000000008000ff60 (0xfb843783) ld      a5, -72(s0)
core   0: 3 0x000000008000ff60 (0xfb843783) x15 0x000000000000009c mem 0x0000000080031f28
core   0: 0x000000008000ff64 (0x000097ba) c.add   a5, a4
core   0: 3 0x000000008000ff64 (0x97ba) x15 0x00000000800120dc
core   0: 0x000000008000ff66 (0xfe043703) ld      a4, -32(s0)
core   0: 3 0x000000008000ff66 (0xfe043703) x14 0x0000000080012050 mem 0x0000000080031f50
core   0: 0x000000008000ff6a (0xfcf76de3) bltu    a4, a5, pc - 38
core   0: 3 0x000000008000ff6a (0xfcf76de3)
core   0: 0x000000008000ff44 (0xfe043783) ld      a5, -32(s0)
core   0: 3 0x000000008000ff44 (0xfe043783) x15 0x0000000080012050 mem 0x0000000080031f50
core   0: 0x000000008000ff48 (0x00178713) addi    a4, a5, 1
core   0: 3 0x000000008000ff48 (0x00178713) x14 0x0000000080012051
core   0: 0x000000008000ff4c (0xfee43023) sd      a4, -32(s0)
core   0: 3 0x000000008000ff4c (0xfee43023) mem 0x0000000080031f50 0x0000000080012051
core   0: 0x000000008000ff50 (0xfc442703) lw      a4, -60(s0)
core   0: 3 0x000000008000ff50 (0xfc442703) x14 0x0000000000000000 mem 0x0000000080031f34
core   0: 0x000000008000ff54 (0x0ff77713) andi    a4, a4, 255
core   0: 3 0x000000008000ff54 (0x0ff77713) x14 0x0000000000000000
core   0: 0x000000008000ff58 (0x00e78023) sb      a4, 0(a5)
core   0: 3 0x000000008000ff58 (0x00e78023) mem 0x0000000080012050 0x00
core   0: 0x000000008000ff5c (0xfc843703) ld      a4, -56(s0)
core   0: 3 0x000000008000ff5c (0xfc843703) x14 0x0000000080012040 mem 0x0000000080031f38
core   0: 0x000000008000ff60 (0xfb843783) ld      a5, -72(s0)
core   0: 3 0x000000008000ff60 (0xfb843783) x15 0x000000000000009c mem 0x0000000080031f28
core   0: 0x000000008000ff64 (0x000097ba) c.add   a5, a4
core   0: 3 0x000000008000ff64 (0x97ba) x15 0x00000000800120dc
core   0: 0x000000008000ff66 (0xfe043703) ld      a4, -32(s0)
core   0: 3 0x000000008000ff66 (0xfe043703) x14 0x0000000080012051 mem 0x0000000080031f50
core   0: 0x000000008000ff6a (0xfcf76de3) bltu    a4, a5, pc - 38
core   0: 3 0x000000008000ff6a (0xfcf76de3)
core   0: 0x000000008000ff44 (0xfe043783) ld      a5, -32(s0)
core   0: 3 0x000000008000ff44 (0xfe043783) x15 0x0000000080012051 mem 0x0000000080031f50
core   0: 0x000000008000ff48 (0x00178713) addi    a4, a5, 1
core   0: 3 0x000000008000ff48 (0x00178713) x14 0x0000000080012052
core   0: 0x000000008000ff4c (0xfee43023) sd      a4, -32(s0)
core   0: 3 0x000000008000ff4c (0xfee43023) mem 0x0000000080031f50 0x0000000080012052
core   0: 0x000000008000ff50 (0xfc442703) lw      a4, -60(s0)
core   0: 3 0x000000008000ff50 (0xfc442703) x14 0x0000000000000000 mem 0x0000000080031f34
core   0: 0x000000008000ff54 (0x0ff77713) andi    a4, a4, 255
core   0: 3 0x000000008000ff54 (0x0ff77713) x14 0x0000000000000000
core   0: 0x000000008000ff58 (0x00e78023) sb      a4, 0(a5)
core   0: 3 0x000000008000ff58 (0x00e78023) mem 0x0000000080012051 0x00
core   0: 0x000000008000ff5c (0xfc843703) ld      a4, -56(s0)
core   0: 3 0x000000008000ff5c (0xfc843703) x14 0x0000000080012040 mem 0x0000000080031f38
core   0: 0x000000008000ff60 (0xfb843783) ld      a5, -72(s0)
core   0: 3 0x000000008000ff60 (0xfb843783) x15 0x000000000000009c mem 0x0000000080031f28
core   0: 0x000000008000ff64 (0x000097ba) c.add   a5, a4
core   0: 3 0x000000008000ff64 (0x97ba) x15 0x00000000800120dc
core   0: 0x000000008000ff66 (0xfe043703) ld      a4, -32(s0)
core   0: 3 0x000000008000ff66 (0xfe043703) x14 0x0000000080012052 mem 0x0000000080031f50
core   0: 0x000000008000ff6a (0xfcf76de3) bltu    a4, a5, pc - 38
core   0: 3 0x000000008000ff6a (0xfcf76de3)
core   0: 0x000000008000ff44 (0xfe043783) ld      a5, -32(s0)
core   0: 3 0x000000008000ff44 (0xfe043783) x15 0x0000000080012052 mem 0x0000000080031f50
core   0: 0x000000008000ff48 (0x00178713) addi    a4, a5, 1
core   0: 3 0x000000008000ff48 (0x00178713) x14 0x0000000080012053
core   0: 0x000000008000ff4c (0xfee43023) sd      a4, -32(s0)
core   0: 3 0x000000008000ff4c (0xfee43023) mem 0x0000000080031f50 0x0000000080012053
core   0: 0x000000008000ff50 (0xfc442703) lw      a4, -60(s0)
core   0: 3 0x000000008000ff50 (0xfc442703) x14 0x0000000000000000 mem 0x0000000080031f34
core   0: 0x000000008000ff54 (0x0ff77713) andi    a4, a4, 255
core   0: 3 0x000000008000ff54 (0x0ff77713) x14 0x0000000000000000
core   0: 0x000000008000ff58 (0x00e78023) sb      a4, 0(a5)
core   0: 3 0x000000008000ff58 (0x00e78023) mem 0x0000000080012052 0x00
core   0: 0x000000008000ff5c (0xfc843703) ld      a4, -56(s0)
core   0: 3 0x000000008000ff5c (0xfc843703) x14 0x0000000080012040 mem 0x0000000080031f38
core   0: 0x000000008000ff60 (0xfb843783) ld      a5, -72(s0)
core   0: 3 0x000000008000ff60 (0xfb843783) x15 0x000000000000009c mem 0x0000000080031f28
core   0: 0x000000008000ff64 (0x000097ba) c.add   a5, a4
core   0: 3 0x000000008000ff64 (0x97ba) x15 0x00000000800120dc
core   0: 0x000000008000ff66 (0xfe043703) ld      a4, -32(s0)
core   0: 3 0x000000008000ff66 (0xfe043703) x14 0x0000000080012053 mem 0x0000000080031f50
core   0: 0x000000008000ff6a (0xfcf76de3) bltu    a4, a5, pc - 38
core   0: 3 0x000000008000ff6a (0xfcf76de3)
core   0: 0x000000008000ff44 (0xfe043783) ld      a5, -32(s0)
core   0: 3 0x000000008000ff44 (0xfe043783) x15 0x0000000080012053 mem 0x0000000080031f50
core   0: 0x000000008000ff48 (0x00178713) addi    a4, a5, 1
core   0: 3 0x000000008000ff48 (0x00178713) x14 0x0000000080012054
core   0: 0x000000008000ff4c (0xfee43023) sd      a4, -32(s0)
core   0: 3 0x000000008000ff4c (0xfee43023) mem 0x0000000080031f50 0x0000000080012054
core   0: 0x000000008000ff50 (0xfc442703) lw      a4, -60(s0)
core   0: 3 0x000000008000ff50 (0xfc442703) x14 0x0000000000000000 mem 0x0000000080031f34
core   0: 0x000000008000ff54 (0x0ff77713) andi    a4, a4, 255
core   0: 3 0x000000008000ff54 (0x0ff77713) x14 0x0000000000000000
core   0: 0x000000008000ff58 (0x00e78023) sb      a4, 0(a5)
core   0: 3 0x000000008000ff58 (0x00e78023) mem 0x0000000080012053 0x00
core   0: 0x000000008000ff5c (0xfc843703) ld      a4, -56(s0)
core   0: 3 0x000000008000ff5c (0xfc843703) x14 0x0000000080012040 mem 0x0000000080031f38
core   0: 0x000000008000ff60 (0xfb843783) ld      a5, -72(s0)
core   0: 3 0x000000008000ff60 (0xfb843783) x15 0x000000000000009c mem 0x0000000080031f28
core   0: 0x000000008000ff64 (0x000097ba) c.add   a5, a4
core   0: 3 0x000000008000ff64 (0x97ba) x15 0x00000000800120dc
core   0: 0x000000008000ff66 (0xfe043703) ld      a4, -32(s0)
core   0: 3 0x000000008000ff66 (0xfe043703) x14 0x0000000080012054 mem 0x0000000080031f50
core   0: 0x000000008000ff6a (0xfcf76de3) bltu    a4, a5, pc - 38
core   0: 3 0x000000008000ff6a (0xfcf76de3)
core   0: 0x000000008000ff44 (0xfe043783) ld      a5, -32(s0)
core   0: 3 0x000000008000ff44 (0xfe043783) x15 0x0000000080012054 mem 0x0000000080031f50
core   0: 0x000000008000ff48 (0x00178713) addi    a4, a5, 1
core   0: 3 0x000000008000ff48 (0x00178713) x14 0x0000000080012055
core   0: 0x000000008000ff4c (0xfee43023) sd      a4, -32(s0)
core   0: 3 0x000000008000ff4c (0xfee43023) mem 0x0000000080031f50 0x0000000080012055
core   0: 0x000000008000ff50 (0xfc442703) lw      a4, -60(s0)
core   0: 3 0x000000008000ff50 (0xfc442703) x14 0x0000000000000000 mem 0x0000000080031f34
core   0: 0x000000008000ff54 (0x0ff77713) andi    a4, a4, 255
core   0: 3 0x000000008000ff54 (0x0ff77713) x14 0x0000000000000000
core   0: 0x000000008000ff58 (0x00e78023) sb      a4, 0(a5)
core   0: 3 0x000000008000ff58 (0x00e78023) mem 0x0000000080012054 0x00
core   0: 0x000000008000ff5c (0xfc843703) ld      a4, -56(s0)
core   0: 3 0x000000008000ff5c (0xfc843703) x14 0x0000000080012040 mem 0x0000000080031f38
core   0: 0x000000008000ff60 (0xfb843783) ld      a5, -72(s0)
core   0: 3 0x000000008000ff60 (0xfb843783) x15 0x000000000000009c mem 0x0000000080031f28
core   0: 0x000000008000ff64 (0x000097ba) c.add   a5, a4
core   0: 3 0x000000008000ff64 (0x97ba) x15 0x00000000800120dc
core   0: 0x000000008000ff66 (0xfe043703) ld      a4, -32(s0)
core   0: 3 0x000000008000ff66 (0xfe043703) x14 0x0000000080012055 mem 0x0000000080031f50
core   0: 0x000000008000ff6a (0xfcf76de3) bltu    a4, a5, pc - 38
core   0: 3 0x000000008000ff6a (0xfcf76de3)
core   0: 0x000000008000ff44 (0xfe043783) ld      a5, -32(s0)
core   0: 3 0x000000008000ff44 (0xfe043783) x15 0x0000000080012055 mem 0x0000000080031f50
core   0: 0x000000008000ff48 (0x00178713) addi    a4, a5, 1
core   0: 3 0x000000008000ff48 (0x00178713) x14 0x0000000080012056
core   0: 0x000000008000ff4c (0xfee43023) sd      a4, -32(s0)
core   0: 3 0x000000008000ff4c (0xfee43023) mem 0x0000000080031f50 0x0000000080012056
core   0: 0x000000008000ff50 (0xfc442703) lw      a4, -60(s0)
core   0: 3 0x000000008000ff50 (0xfc442703) x14 0x0000000000000000 mem 0x0000000080031f34
core   0: 0x000000008000ff54 (0x0ff77713) andi    a4, a4, 255
core   0: 3 0x000000008000ff54 (0x0ff77713) x14 0x0000000000000000
core   0: 0x000000008000ff58 (0x00e78023) sb      a4, 0(a5)
core   0: 3 0x000000008000ff58 (0x00e78023) mem 0x0000000080012055 0x00
core   0: 0x000000008000ff5c (0xfc843703) ld      a4, -56(s0)
core   0: 3 0x000000008000ff5c (0xfc843703) x14 0x0000000080012040 mem 0x0000000080031f38
core   0: 0x000000008000ff60 (0xfb843783) ld      a5, -72(s0)
core   0: 3 0x000000008000ff60 (0xfb843783) x15 0x000000000000009c mem 0x0000000080031f28
core   0: 0x000000008000ff64 (0x000097ba) c.add   a5, a4
core   0: 3 0x000000008000ff64 (0x97ba) x15 0x00000000800120dc
core   0: 0x000000008000ff66 (0xfe043703) ld      a4, -32(s0)
core   0: 3 0x000000008000ff66 (0xfe043703) x14 0x0000000080012056 mem 0x0000000080031f50
core   0: 0x000000008000ff6a (0xfcf76de3) bltu    a4, a5, pc - 38
core   0: 3 0x000000008000ff6a (0xfcf76de3)
core   0: 0x000000008000ff44 (0xfe043783) ld      a5, -32(s0)
core   0: 3 0x000000008000ff44 (0xfe043783) x15 0x0000000080012056 mem 0x0000000080031f50
core   0: 0x000000008000ff48 (0x00178713) addi    a4, a5, 1
core   0: 3 0x000000008000ff48 (0x00178713) x14 0x0000000080012057
core   0: 0x000000008000ff4c (0xfee43023) sd      a4, -32(s0)
core   0: 3 0x000000008000ff4c (0xfee43023) mem 0x0000000080031f50 0x0000000080012057
core   0: 0x000000008000ff50 (0xfc442703) lw      a4, -60(s0)
core   0: 3 0x000000008000ff50 (0xfc442703) x14 0x0000000000000000 mem 0x0000000080031f34
core   0: 0x000000008000ff54 (0x0ff77713) andi    a4, a4, 255
core   0: 3 0x000000008000ff54 (0x0ff77713) x14 0x0000000000000000
core   0: 0x000000008000ff58 (0x00e78023) sb      a4, 0(a5)
core   0: 3 0x000000008000ff58 (0x00e78023) mem 0x0000000080012056 0x00
core   0: 0x000000008000ff5c (0xfc843703) ld      a4, -56(s0)
core   0: 3 0x000000008000ff5c (0xfc843703) x14 0x0000000080012040 mem 0x0000000080031f38
core   0: 0x000000008000ff60 (0xfb843783) ld      a5, -72(s0)
core   0: 3 0x000000008000ff60 (0xfb843783) x15 0x000000000000009c mem 0x0000000080031f28
core   0: 0x000000008000ff64 (0x000097ba) c.add   a5, a4
core   0: 3 0x000000008000ff64 (0x97ba) x15 0x00000000800120dc
core   0: 0x000000008000ff66 (0xfe043703) ld      a4, -32(s0)
core   0: 3 0x000000008000ff66 (0xfe043703) x14 0x0000000080012057 mem 0x0000000080031f50
core   0: 0x000000008000ff6a (0xfcf76de3) bltu    a4, a5, pc - 38
core   0: 3 0x000000008000ff6a (0xfcf76de3)
core   0: 0x000000008000ff44 (0xfe043783) ld      a5, -32(s0)
core   0: 3 0x000000008000ff44 (0xfe043783) x15 0x0000000080012057 mem 0x0000000080031f50
core   0: 0x000000008000ff48 (0x00178713) addi    a4, a5, 1
core   0: 3 0x000000008000ff48 (0x00178713) x14 0x0000000080012058
core   0: 0x000000008000ff4c (0xfee43023) sd      a4, -32(s0)
core   0: 3 0x000000008000ff4c (0xfee43023) mem 0x0000000080031f50 0x0000000080012058
core   0: 0x000000008000ff50 (0xfc442703) lw      a4, -60(s0)
core   0: 3 0x000000008000ff50 (0xfc442703) x14 0x0000000000000000 mem 0x0000000080031f34
core   0: 0x000000008000ff54 (0x0ff77713) andi    a4, a4, 255
core   0: 3 0x000000008000ff54 (0x0ff77713) x14 0x0000000000000000
core   0: 0x000000008000ff58 (0x00e78023) sb      a4, 0(a5)
core   0: 3 0x000000008000ff58 (0x00e78023) mem 0x0000000080012057 0x00
core   0: 0x000000008000ff5c (0xfc843703) ld      a4, -56(s0)
core   0: 3 0x000000008000ff5c (0xfc843703) x14 0x0000000080012040 mem 0x0000000080031f38
core   0: 0x000000008000ff60 (0xfb843783) ld      a5, -72(s0)
core   0: 3 0x000000008000ff60 (0xfb843783) x15 0x000000000000009c mem 0x0000000080031f28
core   0: 0x000000008000ff64 (0x000097ba) c.add   a5, a4
core   0: 3 0x000000008000ff64 (0x97ba) x15 0x00000000800120dc
core   0: 0x000000008000ff66 (0xfe043703) ld      a4, -32(s0)
core   0: 3 0x000000008000ff66 (0xfe043703) x14 0x0000000080012058 mem 0x0000000080031f50
core   0: 0x000000008000ff6a (0xfcf76de3) bltu    a4, a5, pc - 38
core   0: 3 0x000000008000ff6a (0xfcf76de3)
core   0: 0x000000008000ff44 (0xfe043783) ld      a5, -32(s0)
core   0: 3 0x000000008000ff44 (0xfe043783) x15 0x0000000080012058 mem 0x0000000080031f50
core   0: 0x000000008000ff48 (0x00178713) addi    a4, a5, 1
core   0: 3 0x000000008000ff48 (0x00178713) x14 0x0000000080012059
core   0: 0x000000008000ff4c (0xfee43023) sd      a4, -32(s0)
core   0: 3 0x000000008000ff4c (0xfee43023) mem 0x0000000080031f50 0x0000000080012059
core   0: 0x000000008000ff50 (0xfc442703) lw      a4, -60(s0)
core   0: 3 0x000000008000ff50 (0xfc442703) x14 0x0000000000000000 mem 0x0000000080031f34
core   0: 0x000000008000ff54 (0x0ff77713) andi    a4, a4, 255
core   0: 3 0x000000008000ff54 (0x0ff77713) x14 0x0000000000000000
core   0: 0x000000008000ff58 (0x00e78023) sb      a4, 0(a5)
core   0: 3 0x000000008000ff58 (0x00e78023) mem 0x0000000080012058 0x00
core   0: 0x000000008000ff5c (0xfc843703) ld      a4, -56(s0)
core   0: 3 0x000000008000ff5c (0xfc843703) x14 0x0000000080012040 mem 0x0000000080031f38
core   0: 0x000000008000ff60 (0xfb843783) ld      a5, -72(s0)
core   0: 3 0x000000008000ff60 (0xfb843783) x15 0x000000000000009c mem 0x0000000080031f28
core   0: 0x000000008000ff64 (0x000097ba) c.add   a5, a4
core   0: 3 0x000000008000ff64 (0x97ba) x15 0x00000000800120dc
core   0: 0x000000008000ff66 (0xfe043703) ld      a4, -32(s0)
core   0: 3 0x000000008000ff66 (0xfe043703) x14 0x0000000080012059 mem 0x0000000080031f50
core   0: 0x000000008000ff6a (0xfcf76de3) bltu    a4, a5, pc - 38
core   0: 3 0x000000008000ff6a (0xfcf76de3)
core   0: 0x000000008000ff44 (0xfe043783) ld      a5, -32(s0)
core   0: 3 0x000000008000ff44 (0xfe043783) x15 0x0000000080012059 mem 0x0000000080031f50
core   0: 0x000000008000ff48 (0x00178713) addi    a4, a5, 1
core   0: 3 0x000000008000ff48 (0x00178713) x14 0x000000008001205a
core   0: 0x000000008000ff4c (0xfee43023) sd      a4, -32(s0)
core   0: 3 0x000000008000ff4c (0xfee43023) mem 0x0000000080031f50 0x000000008001205a
core   0: 0x000000008000ff50 (0xfc442703) lw      a4, -60(s0)
core   0: 3 0x000000008000ff50 (0xfc442703) x14 0x0000000000000000 mem 0x0000000080031f34
core   0: 0x000000008000ff54 (0x0ff77713) andi    a4, a4, 255
core   0: 3 0x000000008000ff54 (0x0ff77713) x14 0x0000000000000000
core   0: 0x000000008000ff58 (0x00e78023) sb      a4, 0(a5)
core   0: 3 0x000000008000ff58 (0x00e78023) mem 0x0000000080012059 0x00
core   0: 0x000000008000ff5c (0xfc843703) ld      a4, -56(s0)
core   0: 3 0x000000008000ff5c (0xfc843703) x14 0x0000000080012040 mem 0x0000000080031f38
core   0: 0x000000008000ff60 (0xfb843783) ld      a5, -72(s0)
core   0: 3 0x000000008000ff60 (0xfb843783) x15 0x000000000000009c mem 0x0000000080031f28
core   0: 0x000000008000ff64 (0x000097ba) c.add   a5, a4
core   0: 3 0x000000008000ff64 (0x97ba) x15 0x00000000800120dc
core   0: 0x000000008000ff66 (0xfe043703) ld      a4, -32(s0)
core   0: 3 0x000000008000ff66 (0xfe043703) x14 0x000000008001205a mem 0x0000000080031f50
core   0: 0x000000008000ff6a (0xfcf76de3) bltu    a4, a5, pc - 38
core   0: 3 0x000000008000ff6a (0xfcf76de3)
core   0: 0x000000008000ff44 (0xfe043783) ld      a5, -32(s0)
core   0: 3 0x000000008000ff44 (0xfe043783) x15 0x000000008001205a mem 0x0000000080031f50
core   0: 0x000000008000ff48 (0x00178713) addi    a4, a5, 1
core   0: 3 0x000000008000ff48 (0x00178713) x14 0x000000008001205b
core   0: 0x000000008000ff4c (0xfee43023) sd      a4, -32(s0)
core   0: 3 0x000000008000ff4c (0xfee43023) mem 0x0000000080031f50 0x000000008001205b
core   0: 0x000000008000ff50 (0xfc442703) lw      a4, -60(s0)
core   0: 3 0x000000008000ff50 (0xfc442703) x14 0x0000000000000000 mem 0x0000000080031f34
core   0: 0x000000008000ff54 (0x0ff77713) andi    a4, a4, 255
core   0: 3 0x000000008000ff54 (0x0ff77713) x14 0x0000000000000000
core   0: 0x000000008000ff58 (0x00e78023) sb      a4, 0(a5)
core   0: 3 0x000000008000ff58 (0x00e78023) mem 0x000000008001205a 0x00
core   0: 0x000000008000ff5c (0xfc843703) ld      a4, -56(s0)
core   0: 3 0x000000008000ff5c (0xfc843703) x14 0x0000000080012040 mem 0x0000000080031f38
core   0: 0x000000008000ff60 (0xfb843783) ld      a5, -72(s0)
core   0: 3 0x000000008000ff60 (0xfb843783) x15 0x000000000000009c mem 0x0000000080031f28
core   0: 0x000000008000ff64 (0x000097ba) c.add   a5, a4
core   0: 3 0x000000008000ff64 (0x97ba) x15 0x00000000800120dc
core   0: 0x000000008000ff66 (0xfe043703) ld      a4, -32(s0)
core   0: 3 0x000000008000ff66 (0xfe043703) x14 0x000000008001205b mem 0x0000000080031f50
core   0: 0x000000008000ff6a (0xfcf76de3) bltu    a4, a5, pc - 38
core   0: 3 0x000000008000ff6a (0xfcf76de3)
core   0: 0x000000008000ff44 (0xfe043783) ld      a5, -32(s0)
core   0: 3 0x000000008000ff44 (0xfe043783) x15 0x000000008001205b mem 0x0000000080031f50
core   0: 0x000000008000ff48 (0x00178713) addi    a4, a5, 1
core   0: 3 0x000000008000ff48 (0x00178713) x14 0x000000008001205c
core   0: 0x000000008000ff4c (0xfee43023) sd      a4, -32(s0)
core   0: 3 0x000000008000ff4c (0xfee43023) mem 0x0000000080031f50 0x000000008001205c
core   0: 0x000000008000ff50 (0xfc442703) lw      a4, -60(s0)
core   0: 3 0x000000008000ff50 (0xfc442703) x14 0x0000000000000000 mem 0x0000000080031f34
core   0: 0x000000008000ff54 (0x0ff77713) andi    a4, a4, 255
core   0: 3 0x000000008000ff54 (0x0ff77713) x14 0x0000000000000000
core   0: 0x000000008000ff58 (0x00e78023) sb      a4, 0(a5)
core   0: 3 0x000000008000ff58 (0x00e78023) mem 0x000000008001205b 0x00
core   0: 0x000000008000ff5c (0xfc843703) ld      a4, -56(s0)
core   0: 3 0x000000008000ff5c (0xfc843703) x14 0x0000000080012040 mem 0x0000000080031f38
core   0: 0x000000008000ff60 (0xfb843783) ld      a5, -72(s0)
core   0: 3 0x000000008000ff60 (0xfb843783) x15 0x000000000000009c mem 0x0000000080031f28
core   0: 0x000000008000ff64 (0x000097ba) c.add   a5, a4
core   0: 3 0x000000008000ff64 (0x97ba) x15 0x00000000800120dc
core   0: 0x000000008000ff66 (0xfe043703) ld      a4, -32(s0)
core   0: 3 0x000000008000ff66 (0xfe043703) x14 0x000000008001205c mem 0x0000000080031f50
core   0: 0x000000008000ff6a (0xfcf76de3) bltu    a4, a5, pc - 38
core   0: 3 0x000000008000ff6a (0xfcf76de3)
core   0: 0x000000008000ff44 (0xfe043783) ld      a5, -32(s0)
core   0: 3 0x000000008000ff44 (0xfe043783) x15 0x000000008001205c mem 0x0000000080031f50
core   0: 0x000000008000ff48 (0x00178713) addi    a4, a5, 1
core   0: 3 0x000000008000ff48 (0x00178713) x14 0x000000008001205d
core   0: 0x000000008000ff4c (0xfee43023) sd      a4, -32(s0)
core   0: 3 0x000000008000ff4c (0xfee43023) mem 0x0000000080031f50 0x000000008001205d
core   0: 0x000000008000ff50 (0xfc442703) lw      a4, -60(s0)
core   0: 3 0x000000008000ff50 (0xfc442703) x14 0x0000000000000000 mem 0x0000000080031f34
core   0: 0x000000008000ff54 (0x0ff77713) andi    a4, a4, 255
core   0: 3 0x000000008000ff54 (0x0ff77713) x14 0x0000000000000000
core   0: 0x000000008000ff58 (0x00e78023) sb      a4, 0(a5)
core   0: 3 0x000000008000ff58 (0x00e78023) mem 0x000000008001205c 0x00
core   0: 0x000000008000ff5c (0xfc843703) ld      a4, -56(s0)
core   0: 3 0x000000008000ff5c (0xfc843703) x14 0x0000000080012040 mem 0x0000000080031f38
core   0: 0x000000008000ff60 (0xfb843783) ld      a5, -72(s0)
core   0: 3 0x000000008000ff60 (0xfb843783) x15 0x000000000000009c mem 0x0000000080031f28
core   0: 0x000000008000ff64 (0x000097ba) c.add   a5, a4
core   0: 3 0x000000008000ff64 (0x97ba) x15 0x00000000800120dc
core   0: 0x000000008000ff66 (0xfe043703) ld      a4, -32(s0)
core   0: 3 0x000000008000ff66 (0xfe043703) x14 0x000000008001205d mem 0x0000000080031f50
core   0: 0x000000008000ff6a (0xfcf76de3) bltu    a4, a5, pc - 38
core   0: 3 0x000000008000ff6a (0xfcf76de3)
core   0: 0x000000008000ff44 (0xfe043783) ld      a5, -32(s0)
core   0: 3 0x000000008000ff44 (0xfe043783) x15 0x000000008001205d mem 0x0000000080031f50
core   0: 0x000000008000ff48 (0x00178713) addi    a4, a5, 1
core   0: 3 0x000000008000ff48 (0x00178713) x14 0x000000008001205e
core   0: 0x000000008000ff4c (0xfee43023) sd      a4, -32(s0)
core   0: 3 0x000000008000ff4c (0xfee43023) mem 0x0000000080031f50 0x000000008001205e
core   0: 0x000000008000ff50 (0xfc442703) lw      a4, -60(s0)
core   0: 3 0x000000008000ff50 (0xfc442703) x14 0x0000000000000000 mem 0x0000000080031f34
core   0: 0x000000008000ff54 (0x0ff77713) andi    a4, a4, 255
core   0: 3 0x000000008000ff54 (0x0ff77713) x14 0x0000000000000000
core   0: 0x000000008000ff58 (0x00e78023) sb      a4, 0(a5)
core   0: 3 0x000000008000ff58 (0x00e78023) mem 0x000000008001205d 0x00
core   0: 0x000000008000ff5c (0xfc843703) ld      a4, -56(s0)
core   0: 3 0x000000008000ff5c (0xfc843703) x14 0x0000000080012040 mem 0x0000000080031f38
core   0: 0x000000008000ff60 (0xfb843783) ld      a5, -72(s0)
core   0: 3 0x000000008000ff60 (0xfb843783) x15 0x000000000000009c mem 0x0000000080031f28
core   0: 0x000000008000ff64 (0x000097ba) c.add   a5, a4
core   0: 3 0x000000008000ff64 (0x97ba) x15 0x00000000800120dc
core   0: 0x000000008000ff66 (0xfe043703) ld      a4, -32(s0)
core   0: 3 0x000000008000ff66 (0xfe043703) x14 0x000000008001205e mem 0x0000000080031f50
core   0: 0x000000008000ff6a (0xfcf76de3) bltu    a4, a5, pc - 38
core   0: 3 0x000000008000ff6a (0xfcf76de3)
core   0: 0x000000008000ff44 (0xfe043783) ld      a5, -32(s0)
core   0: 3 0x000000008000ff44 (0xfe043783) x15 0x000000008001205e mem 0x0000000080031f50
core   0: 0x000000008000ff48 (0x00178713) addi    a4, a5, 1
core   0: 3 0x000000008000ff48 (0x00178713) x14 0x000000008001205f
core   0: 0x000000008000ff4c (0xfee43023) sd      a4, -32(s0)
core   0: 3 0x000000008000ff4c (0xfee43023) mem 0x0000000080031f50 0x000000008001205f
core   0: 0x000000008000ff50 (0xfc442703) lw      a4, -60(s0)
core   0: 3 0x000000008000ff50 (0xfc442703) x14 0x0000000000000000 mem 0x0000000080031f34
core   0: 0x000000008000ff54 (0x0ff77713) andi    a4, a4, 255
core   0: 3 0x000000008000ff54 (0x0ff77713) x14 0x0000000000000000
core   0: 0x000000008000ff58 (0x00e78023) sb      a4, 0(a5)
core   0: 3 0x000000008000ff58 (0x00e78023) mem 0x000000008001205e 0x00
core   0: 0x000000008000ff5c (0xfc843703) ld      a4, -56(s0)
core   0: 3 0x000000008000ff5c (0xfc843703) x14 0x0000000080012040 mem 0x0000000080031f38
core   0: 0x000000008000ff60 (0xfb843783) ld      a5, -72(s0)
core   0: 3 0x000000008000ff60 (0xfb843783) x15 0x000000000000009c mem 0x0000000080031f28
core   0: 0x000000008000ff64 (0x000097ba) c.add   a5, a4
core   0: 3 0x000000008000ff64 (0x97ba) x15 0x00000000800120dc
core   0: 0x000000008000ff66 (0xfe043703) ld      a4, -32(s0)
core   0: 3 0x000000008000ff66 (0xfe043703) x14 0x000000008001205f mem 0x0000000080031f50
core   0: 0x000000008000ff6a (0xfcf76de3) bltu    a4, a5, pc - 38
core   0: 3 0x000000008000ff6a (0xfcf76de3)
core   0: 0x000000008000ff44 (0xfe043783) ld      a5, -32(s0)
core   0: 3 0x000000008000ff44 (0xfe043783) x15 0x000000008001205f mem 0x0000000080031f50
core   0: 0x000000008000ff48 (0x00178713) addi    a4, a5, 1
core   0: 3 0x000000008000ff48 (0x00178713) x14 0x0000000080012060
core   0: 0x000000008000ff4c (0xfee43023) sd      a4, -32(s0)
core   0: 3 0x000000008000ff4c (0xfee43023) mem 0x0000000080031f50 0x0000000080012060
core   0: 0x000000008000ff50 (0xfc442703) lw      a4, -60(s0)
core   0: 3 0x000000008000ff50 (0xfc442703) x14 0x0000000000000000 mem 0x0000000080031f34
core   0: 0x000000008000ff54 (0x0ff77713) andi    a4, a4, 255
core   0: 3 0x000000008000ff54 (0x0ff77713) x14 0x0000000000000000
core   0: 0x000000008000ff58 (0x00e78023) sb      a4, 0(a5)
core   0: 3 0x000000008000ff58 (0x00e78023) mem 0x000000008001205f 0x00
core   0: 0x000000008000ff5c (0xfc843703) ld      a4, -56(s0)
core   0: 3 0x000000008000ff5c (0xfc843703) x14 0x0000000080012040 mem 0x0000000080031f38
core   0: 0x000000008000ff60 (0xfb843783) ld      a5, -72(s0)
core   0: 3 0x000000008000ff60 (0xfb843783) x15 0x000000000000009c mem 0x0000000080031f28
core   0: 0x000000008000ff64 (0x000097ba) c.add   a5, a4
core   0: 3 0x000000008000ff64 (0x97ba) x15 0x00000000800120dc
core   0: 0x000000008000ff66 (0xfe043703) ld      a4, -32(s0)
core   0: 3 0x000000008000ff66 (0xfe043703) x14 0x0000000080012060 mem 0x0000000080031f50
core   0: 0x000000008000ff6a (0xfcf76de3) bltu    a4, a5, pc - 38
core   0: 3 0x000000008000ff6a (0xfcf76de3)
core   0: 0x000000008000ff44 (0xfe043783) ld      a5, -32(s0)
core   0: 3 0x000000008000ff44 (0xfe043783) x15 0x0000000080012060 mem 0x0000000080031f50
core   0: 0x000000008000ff48 (0x00178713) addi    a4, a5, 1
core   0: 3 0x000000008000ff48 (0x00178713) x14 0x0000000080012061
core   0: 0x000000008000ff4c (0xfee43023) sd      a4, -32(s0)
core   0: 3 0x000000008000ff4c (0xfee43023) mem 0x0000000080031f50 0x0000000080012061
core   0: 0x000000008000ff50 (0xfc442703) lw      a4, -60(s0)
core   0: 3 0x000000008000ff50 (0xfc442703) x14 0x0000000000000000 mem 0x0000000080031f34
core   0: 0x000000008000ff54 (0x0ff77713) andi    a4, a4, 255
core   0: 3 0x000000008000ff54 (0x0ff77713) x14 0x0000000000000000
core   0: 0x000000008000ff58 (0x00e78023) sb      a4, 0(a5)
core   0: 3 0x000000008000ff58 (0x00e78023) mem 0x0000000080012060 0x00
core   0: 0x000000008000ff5c (0xfc843703) ld      a4, -56(s0)
core   0: 3 0x000000008000ff5c (0xfc843703) x14 0x0000000080012040 mem 0x0000000080031f38
core   0: 0x000000008000ff60 (0xfb843783) ld      a5, -72(s0)
core   0: 3 0x000000008000ff60 (0xfb843783) x15 0x000000000000009c mem 0x0000000080031f28
core   0: 0x000000008000ff64 (0x000097ba) c.add   a5, a4
core   0: 3 0x000000008000ff64 (0x97ba) x15 0x00000000800120dc
core   0: 0x000000008000ff66 (0xfe043703) ld      a4, -32(s0)
core   0: 3 0x000000008000ff66 (0xfe043703) x14 0x0000000080012061 mem 0x0000000080031f50
core   0: 0x000000008000ff6a (0xfcf76de3) bltu    a4, a5, pc - 38
core   0: 3 0x000000008000ff6a (0xfcf76de3)
core   0: 0x000000008000ff44 (0xfe043783) ld      a5, -32(s0)
core   0: 3 0x000000008000ff44 (0xfe043783) x15 0x0000000080012061 mem 0x0000000080031f50
core   0: 0x000000008000ff48 (0x00178713) addi    a4, a5, 1
core   0: 3 0x000000008000ff48 (0x00178713) x14 0x0000000080012062
core   0: 0x000000008000ff4c (0xfee43023) sd      a4, -32(s0)
core   0: 3 0x000000008000ff4c (0xfee43023) mem 0x0000000080031f50 0x0000000080012062
core   0: 0x000000008000ff50 (0xfc442703) lw      a4, -60(s0)
core   0: 3 0x000000008000ff50 (0xfc442703) x14 0x0000000000000000 mem 0x0000000080031f34
core   0: 0x000000008000ff54 (0x0ff77713) andi    a4, a4, 255
core   0: 3 0x000000008000ff54 (0x0ff77713) x14 0x0000000000000000
core   0: 0x000000008000ff58 (0x00e78023) sb      a4, 0(a5)
core   0: 3 0x000000008000ff58 (0x00e78023) mem 0x0000000080012061 0x00
core   0: 0x000000008000ff5c (0xfc843703) ld      a4, -56(s0)
core   0: 3 0x000000008000ff5c (0xfc843703) x14 0x0000000080012040 mem 0x0000000080031f38
core   0: 0x000000008000ff60 (0xfb843783) ld      a5, -72(s0)
core   0: 3 0x000000008000ff60 (0xfb843783) x15 0x000000000000009c mem 0x0000000080031f28
core   0: 0x000000008000ff64 (0x000097ba) c.add   a5, a4
core   0: 3 0x000000008000ff64 (0x97ba) x15 0x00000000800120dc
core   0: 0x000000008000ff66 (0xfe043703) ld      a4, -32(s0)
core   0: 3 0x000000008000ff66 (0xfe043703) x14 0x0000000080012062 mem 0x0000000080031f50
core   0: 0x000000008000ff6a (0xfcf76de3) bltu    a4, a5, pc - 38
core   0: 3 0x000000008000ff6a (0xfcf76de3)
core   0: 0x000000008000ff44 (0xfe043783) ld      a5, -32(s0)
core   0: 3 0x000000008000ff44 (0xfe043783) x15 0x0000000080012062 mem 0x0000000080031f50
core   0: 0x000000008000ff48 (0x00178713) addi    a4, a5, 1
core   0: 3 0x000000008000ff48 (0x00178713) x14 0x0000000080012063
core   0: 0x000000008000ff4c (0xfee43023) sd      a4, -32(s0)
core   0: 3 0x000000008000ff4c (0xfee43023) mem 0x0000000080031f50 0x0000000080012063
core   0: 0x000000008000ff50 (0xfc442703) lw      a4, -60(s0)
core   0: 3 0x000000008000ff50 (0xfc442703) x14 0x0000000000000000 mem 0x0000000080031f34
core   0: 0x000000008000ff54 (0x0ff77713) andi    a4, a4, 255
core   0: 3 0x000000008000ff54 (0x0ff77713) x14 0x0000000000000000
core   0: 0x000000008000ff58 (0x00e78023) sb      a4, 0(a5)
core   0: 3 0x000000008000ff58 (0x00e78023) mem 0x0000000080012062 0x00
core   0: 0x000000008000ff5c (0xfc843703) ld      a4, -56(s0)
core   0: 3 0x000000008000ff5c (0xfc843703) x14 0x0000000080012040 mem 0x0000000080031f38
core   0: 0x000000008000ff60 (0xfb843783) ld      a5, -72(s0)
core   0: 3 0x000000008000ff60 (0xfb843783) x15 0x000000000000009c mem 0x0000000080031f28
core   0: 0x000000008000ff64 (0x000097ba) c.add   a5, a4
core   0: 3 0x000000008000ff64 (0x97ba) x15 0x00000000800120dc
core   0: 0x000000008000ff66 (0xfe043703) ld      a4, -32(s0)
core   0: 3 0x000000008000ff66 (0xfe043703) x14 0x0000000080012063 mem 0x0000000080031f50
core   0: 0x000000008000ff6a (0xfcf76de3) bltu    a4, a5, pc - 38
core   0: 3 0x000000008000ff6a (0xfcf76de3)
core   0: 0x000000008000ff44 (0xfe043783) ld      a5, -32(s0)
core   0: 3 0x000000008000ff44 (0xfe043783) x15 0x0000000080012063 mem 0x0000000080031f50
core   0: 0x000000008000ff48 (0x00178713) addi    a4, a5, 1
core   0: 3 0x000000008000ff48 (0x00178713) x14 0x0000000080012064
core   0: 0x000000008000ff4c (0xfee43023) sd      a4, -32(s0)
core   0: 3 0x000000008000ff4c (0xfee43023) mem 0x0000000080031f50 0x0000000080012064
core   0: 0x000000008000ff50 (0xfc442703) lw      a4, -60(s0)
core   0: 3 0x000000008000ff50 (0xfc442703) x14 0x0000000000000000 mem 0x0000000080031f34
core   0: 0x000000008000ff54 (0x0ff77713) andi    a4, a4, 255
core   0: 3 0x000000008000ff54 (0x0ff77713) x14 0x0000000000000000
core   0: 0x000000008000ff58 (0x00e78023) sb      a4, 0(a5)
core   0: 3 0x000000008000ff58 (0x00e78023) mem 0x0000000080012063 0x00
core   0: 0x000000008000ff5c (0xfc843703) ld      a4, -56(s0)
core   0: 3 0x000000008000ff5c (0xfc843703) x14 0x0000000080012040 mem 0x0000000080031f38
core   0: 0x000000008000ff60 (0xfb843783) ld      a5, -72(s0)
core   0: 3 0x000000008000ff60 (0xfb843783) x15 0x000000000000009c mem 0x0000000080031f28
core   0: 0x000000008000ff64 (0x000097ba) c.add   a5, a4
core   0: 3 0x000000008000ff64 (0x97ba) x15 0x00000000800120dc
core   0: 0x000000008000ff66 (0xfe043703) ld      a4, -32(s0)
core   0: 3 0x000000008000ff66 (0xfe043703) x14 0x0000000080012064 mem 0x0000000080031f50
core   0: 0x000000008000ff6a (0xfcf76de3) bltu    a4, a5, pc - 38
core   0: 3 0x000000008000ff6a (0xfcf76de3)
core   0: 0x000000008000ff44 (0xfe043783) ld      a5, -32(s0)
core   0: 3 0x000000008000ff44 (0xfe043783) x15 0x0000000080012064 mem 0x0000000080031f50
core   0: 0x000000008000ff48 (0x00178713) addi    a4, a5, 1
core   0: 3 0x000000008000ff48 (0x00178713) x14 0x0000000080012065
core   0: 0x000000008000ff4c (0xfee43023) sd      a4, -32(s0)
core   0: 3 0x000000008000ff4c (0xfee43023) mem 0x0000000080031f50 0x0000000080012065
core   0: 0x000000008000ff50 (0xfc442703) lw      a4, -60(s0)
core   0: 3 0x000000008000ff50 (0xfc442703) x14 0x0000000000000000 mem 0x0000000080031f34
core   0: 0x000000008000ff54 (0x0ff77713) andi    a4, a4, 255
core   0: 3 0x000000008000ff54 (0x0ff77713) x14 0x0000000000000000
core   0: 0x000000008000ff58 (0x00e78023) sb      a4, 0(a5)
core   0: 3 0x000000008000ff58 (0x00e78023) mem 0x0000000080012064 0x00
core   0: 0x000000008000ff5c (0xfc843703) ld      a4, -56(s0)
core   0: 3 0x000000008000ff5c (0xfc843703) x14 0x0000000080012040 mem 0x0000000080031f38
core   0: 0x000000008000ff60 (0xfb843783) ld      a5, -72(s0)
core   0: 3 0x000000008000ff60 (0xfb843783) x15 0x000000000000009c mem 0x0000000080031f28
core   0: 0x000000008000ff64 (0x000097ba) c.add   a5, a4
core   0: 3 0x000000008000ff64 (0x97ba) x15 0x00000000800120dc
core   0: 0x000000008000ff66 (0xfe043703) ld      a4, -32(s0)
core   0: 3 0x000000008000ff66 (0xfe043703) x14 0x0000000080012065 mem 0x0000000080031f50
core   0: 0x000000008000ff6a (0xfcf76de3) bltu    a4, a5, pc - 38
core   0: 3 0x000000008000ff6a (0xfcf76de3)
core   0: 0x000000008000ff44 (0xfe043783) ld      a5, -32(s0)
core   0: 3 0x000000008000ff44 (0xfe043783) x15 0x0000000080012065 mem 0x0000000080031f50
core   0: 0x000000008000ff48 (0x00178713) addi    a4, a5, 1
core   0: 3 0x000000008000ff48 (0x00178713) x14 0x0000000080012066
core   0: 0x000000008000ff4c (0xfee43023) sd      a4, -32(s0)
core   0: 3 0x000000008000ff4c (0xfee43023) mem 0x0000000080031f50 0x0000000080012066
core   0: 0x000000008000ff50 (0xfc442703) lw      a4, -60(s0)
core   0: 3 0x000000008000ff50 (0xfc442703) x14 0x0000000000000000 mem 0x0000000080031f34
core   0: 0x000000008000ff54 (0x0ff77713) andi    a4, a4, 255
core   0: 3 0x000000008000ff54 (0x0ff77713) x14 0x0000000000000000
core   0: 0x000000008000ff58 (0x00e78023) sb      a4, 0(a5)
core   0: 3 0x000000008000ff58 (0x00e78023) mem 0x0000000080012065 0x00
core   0: 0x000000008000ff5c (0xfc843703) ld      a4, -56(s0)
core   0: 3 0x000000008000ff5c (0xfc843703) x14 0x0000000080012040 mem 0x0000000080031f38
core   0: 0x000000008000ff60 (0xfb843783) ld      a5, -72(s0)
core   0: 3 0x000000008000ff60 (0xfb843783) x15 0x000000000000009c mem 0x0000000080031f28
core   0: 0x000000008000ff64 (0x000097ba) c.add   a5, a4
core   0: 3 0x000000008000ff64 (0x97ba) x15 0x00000000800120dc
core   0: 0x000000008000ff66 (0xfe043703) ld      a4, -32(s0)
core   0: 3 0x000000008000ff66 (0xfe043703) x14 0x0000000080012066 mem 0x0000000080031f50
core   0: 0x000000008000ff6a (0xfcf76de3) bltu    a4, a5, pc - 38
core   0: 3 0x000000008000ff6a (0xfcf76de3)
core   0: 0x000000008000ff44 (0xfe043783) ld      a5, -32(s0)
core   0: 3 0x000000008000ff44 (0xfe043783) x15 0x0000000080012066 mem 0x0000000080031f50
core   0: 0x000000008000ff48 (0x00178713) addi    a4, a5, 1
core   0: 3 0x000000008000ff48 (0x00178713) x14 0x0000000080012067
core   0: 0x000000008000ff4c (0xfee43023) sd      a4, -32(s0)
core   0: 3 0x000000008000ff4c (0xfee43023) mem 0x0000000080031f50 0x0000000080012067
core   0: 0x000000008000ff50 (0xfc442703) lw      a4, -60(s0)
core   0: 3 0x000000008000ff50 (0xfc442703) x14 0x0000000000000000 mem 0x0000000080031f34
core   0: 0x000000008000ff54 (0x0ff77713) andi    a4, a4, 255
core   0: 3 0x000000008000ff54 (0x0ff77713) x14 0x0000000000000000
core   0: 0x000000008000ff58 (0x00e78023) sb      a4, 0(a5)
core   0: 3 0x000000008000ff58 (0x00e78023) mem 0x0000000080012066 0x00
core   0: 0x000000008000ff5c (0xfc843703) ld      a4, -56(s0)
core   0: 3 0x000000008000ff5c (0xfc843703) x14 0x0000000080012040 mem 0x0000000080031f38
core   0: 0x000000008000ff60 (0xfb843783) ld      a5, -72(s0)
core   0: 3 0x000000008000ff60 (0xfb843783) x15 0x000000000000009c mem 0x0000000080031f28
core   0: 0x000000008000ff64 (0x000097ba) c.add   a5, a4
core   0: 3 0x000000008000ff64 (0x97ba) x15 0x00000000800120dc
core   0: 0x000000008000ff66 (0xfe043703) ld      a4, -32(s0)
core   0: 3 0x000000008000ff66 (0xfe043703) x14 0x0000000080012067 mem 0x0000000080031f50
core   0: 0x000000008000ff6a (0xfcf76de3) bltu    a4, a5, pc - 38
core   0: 3 0x000000008000ff6a (0xfcf76de3)
core   0: 0x000000008000ff44 (0xfe043783) ld      a5, -32(s0)
core   0: 3 0x000000008000ff44 (0xfe043783) x15 0x0000000080012067 mem 0x0000000080031f50
core   0: 0x000000008000ff48 (0x00178713) addi    a4, a5, 1
core   0: 3 0x000000008000ff48 (0x00178713) x14 0x0000000080012068
core   0: 0x000000008000ff4c (0xfee43023) sd      a4, -32(s0)
core   0: 3 0x000000008000ff4c (0xfee43023) mem 0x0000000080031f50 0x0000000080012068
core   0: 0x000000008000ff50 (0xfc442703) lw      a4, -60(s0)
core   0: 3 0x000000008000ff50 (0xfc442703) x14 0x0000000000000000 mem 0x0000000080031f34
core   0: 0x000000008000ff54 (0x0ff77713) andi    a4, a4, 255
core   0: 3 0x000000008000ff54 (0x0ff77713) x14 0x0000000000000000
core   0: 0x000000008000ff58 (0x00e78023) sb      a4, 0(a5)
core   0: 3 0x000000008000ff58 (0x00e78023) mem 0x0000000080012067 0x00
core   0: 0x000000008000ff5c (0xfc843703) ld      a4, -56(s0)
core   0: 3 0x000000008000ff5c (0xfc843703) x14 0x0000000080012040 mem 0x0000000080031f38
core   0: 0x000000008000ff60 (0xfb843783) ld      a5, -72(s0)
core   0: 3 0x000000008000ff60 (0xfb843783) x15 0x000000000000009c mem 0x0000000080031f28
core   0: 0x000000008000ff64 (0x000097ba) c.add   a5, a4
core   0: 3 0x000000008000ff64 (0x97ba) x15 0x00000000800120dc
core   0: 0x000000008000ff66 (0xfe043703) ld      a4, -32(s0)
core   0: 3 0x000000008000ff66 (0xfe043703) x14 0x0000000080012068 mem 0x0000000080031f50
core   0: 0x000000008000ff6a (0xfcf76de3) bltu    a4, a5, pc - 38
core   0: 3 0x000000008000ff6a (0xfcf76de3)
core   0: 0x000000008000ff44 (0xfe043783) ld      a5, -32(s0)
core   0: 3 0x000000008000ff44 (0xfe043783) x15 0x0000000080012068 mem 0x0000000080031f50
core   0: 0x000000008000ff48 (0x00178713) addi    a4, a5, 1
core   0: 3 0x000000008000ff48 (0x00178713) x14 0x0000000080012069
core   0: 0x000000008000ff4c (0xfee43023) sd      a4, -32(s0)
core   0: 3 0x000000008000ff4c (0xfee43023) mem 0x0000000080031f50 0x0000000080012069
core   0: 0x000000008000ff50 (0xfc442703) lw      a4, -60(s0)
core   0: 3 0x000000008000ff50 (0xfc442703) x14 0x0000000000000000 mem 0x0000000080031f34
core   0: 0x000000008000ff54 (0x0ff77713) andi    a4, a4, 255
core   0: 3 0x000000008000ff54 (0x0ff77713) x14 0x0000000000000000
core   0: 0x000000008000ff58 (0x00e78023) sb      a4, 0(a5)
core   0: 3 0x000000008000ff58 (0x00e78023) mem 0x0000000080012068 0x00
core   0: 0x000000008000ff5c (0xfc843703) ld      a4, -56(s0)
core   0: 3 0x000000008000ff5c (0xfc843703) x14 0x0000000080012040 mem 0x0000000080031f38
core   0: 0x000000008000ff60 (0xfb843783) ld      a5, -72(s0)
core   0: 3 0x000000008000ff60 (0xfb843783) x15 0x000000000000009c mem 0x0000000080031f28
core   0: 0x000000008000ff64 (0x000097ba) c.add   a5, a4
core   0: 3 0x000000008000ff64 (0x97ba) x15 0x00000000800120dc
core   0: 0x000000008000ff66 (0xfe043703) ld      a4, -32(s0)
core   0: 3 0x000000008000ff66 (0xfe043703) x14 0x0000000080012069 mem 0x0000000080031f50
core   0: 0x000000008000ff6a (0xfcf76de3) bltu    a4, a5, pc - 38
core   0: 3 0x000000008000ff6a (0xfcf76de3)
core   0: 0x000000008000ff44 (0xfe043783) ld      a5, -32(s0)
core   0: 3 0x000000008000ff44 (0xfe043783) x15 0x0000000080012069 mem 0x0000000080031f50
core   0: 0x000000008000ff48 (0x00178713) addi    a4, a5, 1
core   0: 3 0x000000008000ff48 (0x00178713) x14 0x000000008001206a
core   0: 0x000000008000ff4c (0xfee43023) sd      a4, -32(s0)
core   0: 3 0x000000008000ff4c (0xfee43023) mem 0x0000000080031f50 0x000000008001206a
core   0: 0x000000008000ff50 (0xfc442703) lw      a4, -60(s0)
core   0: 3 0x000000008000ff50 (0xfc442703) x14 0x0000000000000000 mem 0x0000000080031f34
core   0: 0x000000008000ff54 (0x0ff77713) andi    a4, a4, 255
core   0: 3 0x000000008000ff54 (0x0ff77713) x14 0x0000000000000000
core   0: 0x000000008000ff58 (0x00e78023) sb      a4, 0(a5)
core   0: 3 0x000000008000ff58 (0x00e78023) mem 0x0000000080012069 0x00
core   0: 0x000000008000ff5c (0xfc843703) ld      a4, -56(s0)
core   0: 3 0x000000008000ff5c (0xfc843703) x14 0x0000000080012040 mem 0x0000000080031f38
core   0: 0x000000008000ff60 (0xfb843783) ld      a5, -72(s0)
core   0: 3 0x000000008000ff60 (0xfb843783) x15 0x000000000000009c mem 0x0000000080031f28
core   0: 0x000000008000ff64 (0x000097ba) c.add   a5, a4
core   0: 3 0x000000008000ff64 (0x97ba) x15 0x00000000800120dc
core   0: 0x000000008000ff66 (0xfe043703) ld      a4, -32(s0)
core   0: 3 0x000000008000ff66 (0xfe043703) x14 0x000000008001206a mem 0x0000000080031f50
core   0: 0x000000008000ff6a (0xfcf76de3) bltu    a4, a5, pc - 38
core   0: 3 0x000000008000ff6a (0xfcf76de3)
core   0: 0x000000008000ff44 (0xfe043783) ld      a5, -32(s0)
core   0: 3 0x000000008000ff44 (0xfe043783) x15 0x000000008001206a mem 0x0000000080031f50
core   0: 0x000000008000ff48 (0x00178713) addi    a4, a5, 1
core   0: 3 0x000000008000ff48 (0x00178713) x14 0x000000008001206b
core   0: 0x000000008000ff4c (0xfee43023) sd      a4, -32(s0)
core   0: 3 0x000000008000ff4c (0xfee43023) mem 0x0000000080031f50 0x000000008001206b
core   0: 0x000000008000ff50 (0xfc442703) lw      a4, -60(s0)
core   0: 3 0x000000008000ff50 (0xfc442703) x14 0x0000000000000000 mem 0x0000000080031f34
core   0: 0x000000008000ff54 (0x0ff77713) andi    a4, a4, 255
core   0: 3 0x000000008000ff54 (0x0ff77713) x14 0x0000000000000000
core   0: 0x000000008000ff58 (0x00e78023) sb      a4, 0(a5)
core   0: 3 0x000000008000ff58 (0x00e78023) mem 0x000000008001206a 0x00
core   0: 0x000000008000ff5c (0xfc843703) ld      a4, -56(s0)
core   0: 3 0x000000008000ff5c (0xfc843703) x14 0x0000000080012040 mem 0x0000000080031f38
core   0: 0x000000008000ff60 (0xfb843783) ld      a5, -72(s0)
core   0: 3 0x000000008000ff60 (0xfb843783) x15 0x000000000000009c mem 0x0000000080031f28
core   0: 0x000000008000ff64 (0x000097ba) c.add   a5, a4
core   0: 3 0x000000008000ff64 (0x97ba) x15 0x00000000800120dc
core   0: 0x000000008000ff66 (0xfe043703) ld      a4, -32(s0)
core   0: 3 0x000000008000ff66 (0xfe043703) x14 0x000000008001206b mem 0x0000000080031f50
core   0: 0x000000008000ff6a (0xfcf76de3) bltu    a4, a5, pc - 38
core   0: 3 0x000000008000ff6a (0xfcf76de3)
core   0: 0x000000008000ff44 (0xfe043783) ld      a5, -32(s0)
core   0: 3 0x000000008000ff44 (0xfe043783) x15 0x000000008001206b mem 0x0000000080031f50
core   0: 0x000000008000ff48 (0x00178713) addi    a4, a5, 1
core   0: 3 0x000000008000ff48 (0x00178713) x14 0x000000008001206c
core   0: 0x000000008000ff4c (0xfee43023) sd      a4, -32(s0)
core   0: 3 0x000000008000ff4c (0xfee43023) mem 0x0000000080031f50 0x000000008001206c
core   0: 0x000000008000ff50 (0xfc442703) lw      a4, -60(s0)
core   0: 3 0x000000008000ff50 (0xfc442703) x14 0x0000000000000000 mem 0x0000000080031f34
core   0: 0x000000008000ff54 (0x0ff77713) andi    a4, a4, 255
core   0: 3 0x000000008000ff54 (0x0ff77713) x14 0x0000000000000000
core   0: 0x000000008000ff58 (0x00e78023) sb      a4, 0(a5)
core   0: 3 0x000000008000ff58 (0x00e78023) mem 0x000000008001206b 0x00
core   0: 0x000000008000ff5c (0xfc843703) ld      a4, -56(s0)
core   0: 3 0x000000008000ff5c (0xfc843703) x14 0x0000000080012040 mem 0x0000000080031f38
core   0: 0x000000008000ff60 (0xfb843783) ld      a5, -72(s0)
core   0: 3 0x000000008000ff60 (0xfb843783) x15 0x000000000000009c mem 0x0000000080031f28
core   0: 0x000000008000ff64 (0x000097ba) c.add   a5, a4
core   0: 3 0x000000008000ff64 (0x97ba) x15 0x00000000800120dc
core   0: 0x000000008000ff66 (0xfe043703) ld      a4, -32(s0)
core   0: 3 0x000000008000ff66 (0xfe043703) x14 0x000000008001206c mem 0x0000000080031f50
core   0: 0x000000008000ff6a (0xfcf76de3) bltu    a4, a5, pc - 38
core   0: 3 0x000000008000ff6a (0xfcf76de3)
core   0: 0x000000008000ff44 (0xfe043783) ld      a5, -32(s0)
core   0: 3 0x000000008000ff44 (0xfe043783) x15 0x000000008001206c mem 0x0000000080031f50
core   0: 0x000000008000ff48 (0x00178713) addi    a4, a5, 1
core   0: 3 0x000000008000ff48 (0x00178713) x14 0x000000008001206d
core   0: 0x000000008000ff4c (0xfee43023) sd      a4, -32(s0)
core   0: 3 0x000000008000ff4c (0xfee43023) mem 0x0000000080031f50 0x000000008001206d
core   0: 0x000000008000ff50 (0xfc442703) lw      a4, -60(s0)
core   0: 3 0x000000008000ff50 (0xfc442703) x14 0x0000000000000000 mem 0x0000000080031f34
core   0: 0x000000008000ff54 (0x0ff77713) andi    a4, a4, 255
core   0: 3 0x000000008000ff54 (0x0ff77713) x14 0x0000000000000000
core   0: 0x000000008000ff58 (0x00e78023) sb      a4, 0(a5)
core   0: 3 0x000000008000ff58 (0x00e78023) mem 0x000000008001206c 0x00
core   0: 0x000000008000ff5c (0xfc843703) ld      a4, -56(s0)
core   0: 3 0x000000008000ff5c (0xfc843703) x14 0x0000000080012040 mem 0x0000000080031f38
core   0: 0x000000008000ff60 (0xfb843783) ld      a5, -72(s0)
core   0: 3 0x000000008000ff60 (0xfb843783) x15 0x000000000000009c mem 0x0000000080031f28
core   0: 0x000000008000ff64 (0x000097ba) c.add   a5, a4
core   0: 3 0x000000008000ff64 (0x97ba) x15 0x00000000800120dc
core   0: 0x000000008000ff66 (0xfe043703) ld      a4, -32(s0)
core   0: 3 0x000000008000ff66 (0xfe043703) x14 0x000000008001206d mem 0x0000000080031f50
core   0: 0x000000008000ff6a (0xfcf76de3) bltu    a4, a5, pc - 38
core   0: 3 0x000000008000ff6a (0xfcf76de3)
core   0: 0x000000008000ff44 (0xfe043783) ld      a5, -32(s0)
core   0: 3 0x000000008000ff44 (0xfe043783) x15 0x000000008001206d mem 0x0000000080031f50
core   0: 0x000000008000ff48 (0x00178713) addi    a4, a5, 1
core   0: 3 0x000000008000ff48 (0x00178713) x14 0x000000008001206e
core   0: 0x000000008000ff4c (0xfee43023) sd      a4, -32(s0)
core   0: 3 0x000000008000ff4c (0xfee43023) mem 0x0000000080031f50 0x000000008001206e
core   0: 0x000000008000ff50 (0xfc442703) lw      a4, -60(s0)
core   0: 3 0x000000008000ff50 (0xfc442703) x14 0x0000000000000000 mem 0x0000000080031f34
core   0: 0x000000008000ff54 (0x0ff77713) andi    a4, a4, 255
core   0: 3 0x000000008000ff54 (0x0ff77713) x14 0x0000000000000000
core   0: 0x000000008000ff58 (0x00e78023) sb      a4, 0(a5)
core   0: 3 0x000000008000ff58 (0x00e78023) mem 0x000000008001206d 0x00
core   0: 0x000000008000ff5c (0xfc843703) ld      a4, -56(s0)
core   0: 3 0x000000008000ff5c (0xfc843703) x14 0x0000000080012040 mem 0x0000000080031f38
core   0: 0x000000008000ff60 (0xfb843783) ld      a5, -72(s0)
core   0: 3 0x000000008000ff60 (0xfb843783) x15 0x000000000000009c mem 0x0000000080031f28
core   0: 0x000000008000ff64 (0x000097ba) c.add   a5, a4
core   0: 3 0x000000008000ff64 (0x97ba) x15 0x00000000800120dc
core   0: 0x000000008000ff66 (0xfe043703) ld      a4, -32(s0)
core   0: 3 0x000000008000ff66 (0xfe043703) x14 0x000000008001206e mem 0x0000000080031f50
core   0: 0x000000008000ff6a (0xfcf76de3) bltu    a4, a5, pc - 38
core   0: 3 0x000000008000ff6a (0xfcf76de3)
core   0: 0x000000008000ff44 (0xfe043783) ld      a5, -32(s0)
core   0: 3 0x000000008000ff44 (0xfe043783) x15 0x000000008001206e mem 0x0000000080031f50
core   0: 0x000000008000ff48 (0x00178713) addi    a4, a5, 1
core   0: 3 0x000000008000ff48 (0x00178713) x14 0x000000008001206f
core   0: 0x000000008000ff4c (0xfee43023) sd      a4, -32(s0)
core   0: 3 0x000000008000ff4c (0xfee43023) mem 0x0000000080031f50 0x000000008001206f
core   0: 0x000000008000ff50 (0xfc442703) lw      a4, -60(s0)
core   0: 3 0x000000008000ff50 (0xfc442703) x14 0x0000000000000000 mem 0x0000000080031f34
core   0: 0x000000008000ff54 (0x0ff77713) andi    a4, a4, 255
core   0: 3 0x000000008000ff54 (0x0ff77713) x14 0x0000000000000000
core   0: 0x000000008000ff58 (0x00e78023) sb      a4, 0(a5)
core   0: 3 0x000000008000ff58 (0x00e78023) mem 0x000000008001206e 0x00
core   0: 0x000000008000ff5c (0xfc843703) ld      a4, -56(s0)
core   0: 3 0x000000008000ff5c (0xfc843703) x14 0x0000000080012040 mem 0x0000000080031f38
core   0: 0x000000008000ff60 (0xfb843783) ld      a5, -72(s0)
core   0: 3 0x000000008000ff60 (0xfb843783) x15 0x000000000000009c mem 0x0000000080031f28
core   0: 0x000000008000ff64 (0x000097ba) c.add   a5, a4
core   0: 3 0x000000008000ff64 (0x97ba) x15 0x00000000800120dc
core   0: 0x000000008000ff66 (0xfe043703) ld      a4, -32(s0)
core   0: 3 0x000000008000ff66 (0xfe043703) x14 0x000000008001206f mem 0x0000000080031f50
core   0: 0x000000008000ff6a (0xfcf76de3) bltu    a4, a5, pc - 38
core   0: 3 0x000000008000ff6a (0xfcf76de3)
core   0: 0x000000008000ff44 (0xfe043783) ld      a5, -32(s0)
core   0: 3 0x000000008000ff44 (0xfe043783) x15 0x000000008001206f mem 0x0000000080031f50
core   0: 0x000000008000ff48 (0x00178713) addi    a4, a5, 1
core   0: 3 0x000000008000ff48 (0x00178713) x14 0x0000000080012070
core   0: 0x000000008000ff4c (0xfee43023) sd      a4, -32(s0)
core   0: 3 0x000000008000ff4c (0xfee43023) mem 0x0000000080031f50 0x0000000080012070
core   0: 0x000000008000ff50 (0xfc442703) lw      a4, -60(s0)
core   0: 3 0x000000008000ff50 (0xfc442703) x14 0x0000000000000000 mem 0x0000000080031f34
core   0: 0x000000008000ff54 (0x0ff77713) andi    a4, a4, 255
core   0: 3 0x000000008000ff54 (0x0ff77713) x14 0x0000000000000000
core   0: 0x000000008000ff58 (0x00e78023) sb      a4, 0(a5)
core   0: 3 0x000000008000ff58 (0x00e78023) mem 0x000000008001206f 0x00
core   0: 0x000000008000ff5c (0xfc843703) ld      a4, -56(s0)
core   0: 3 0x000000008000ff5c (0xfc843703) x14 0x0000000080012040 mem 0x0000000080031f38
core   0: 0x000000008000ff60 (0xfb843783) ld      a5, -72(s0)
core   0: 3 0x000000008000ff60 (0xfb843783) x15 0x000000000000009c mem 0x0000000080031f28
core   0: 0x000000008000ff64 (0x000097ba) c.add   a5, a4
core   0: 3 0x000000008000ff64 (0x97ba) x15 0x00000000800120dc
core   0: 0x000000008000ff66 (0xfe043703) ld      a4, -32(s0)
core   0: 3 0x000000008000ff66 (0xfe043703) x14 0x0000000080012070 mem 0x0000000080031f50
core   0: 0x000000008000ff6a (0xfcf76de3) bltu    a4, a5, pc - 38
core   0: 3 0x000000008000ff6a (0xfcf76de3)
core   0: 0x000000008000ff44 (0xfe043783) ld      a5, -32(s0)
core   0: 3 0x000000008000ff44 (0xfe043783) x15 0x0000000080012070 mem 0x0000000080031f50
core   0: 0x000000008000ff48 (0x00178713) addi    a4, a5, 1
core   0: 3 0x000000008000ff48 (0x00178713) x14 0x0000000080012071
core   0: 0x000000008000ff4c (0xfee43023) sd      a4, -32(s0)
core   0: 3 0x000000008000ff4c (0xfee43023) mem 0x0000000080031f50 0x0000000080012071
core   0: 0x000000008000ff50 (0xfc442703) lw      a4, -60(s0)
core   0: 3 0x000000008000ff50 (0xfc442703) x14 0x0000000000000000 mem 0x0000000080031f34
core   0: 0x000000008000ff54 (0x0ff77713) andi    a4, a4, 255
core   0: 3 0x000000008000ff54 (0x0ff77713) x14 0x0000000000000000
core   0: 0x000000008000ff58 (0x00e78023) sb      a4, 0(a5)
core   0: 3 0x000000008000ff58 (0x00e78023) mem 0x0000000080012070 0x00
core   0: 0x000000008000ff5c (0xfc843703) ld      a4, -56(s0)
core   0: 3 0x000000008000ff5c (0xfc843703) x14 0x0000000080012040 mem 0x0000000080031f38
core   0: 0x000000008000ff60 (0xfb843783) ld      a5, -72(s0)
core   0: 3 0x000000008000ff60 (0xfb843783) x15 0x000000000000009c mem 0x0000000080031f28
core   0: 0x000000008000ff64 (0x000097ba) c.add   a5, a4
core   0: 3 0x000000008000ff64 (0x97ba) x15 0x00000000800120dc
core   0: 0x000000008000ff66 (0xfe043703) ld      a4, -32(s0)
core   0: 3 0x000000008000ff66 (0xfe043703) x14 0x0000000080012071 mem 0x0000000080031f50
core   0: 0x000000008000ff6a (0xfcf76de3) bltu    a4, a5, pc - 38
core   0: 3 0x000000008000ff6a (0xfcf76de3)
core   0: 0x000000008000ff44 (0xfe043783) ld      a5, -32(s0)
core   0: 3 0x000000008000ff44 (0xfe043783) x15 0x0000000080012071 mem 0x0000000080031f50
core   0: 0x000000008000ff48 (0x00178713) addi    a4, a5, 1
core   0: 3 0x000000008000ff48 (0x00178713) x14 0x0000000080012072
core   0: 0x000000008000ff4c (0xfee43023) sd      a4, -32(s0)
core   0: 3 0x000000008000ff4c (0xfee43023) mem 0x0000000080031f50 0x0000000080012072
core   0: 0x000000008000ff50 (0xfc442703) lw      a4, -60(s0)
core   0: 3 0x000000008000ff50 (0xfc442703) x14 0x0000000000000000 mem 0x0000000080031f34
core   0: 0x000000008000ff54 (0x0ff77713) andi    a4, a4, 255
core   0: 3 0x000000008000ff54 (0x0ff77713) x14 0x0000000000000000
core   0: 0x000000008000ff58 (0x00e78023) sb      a4, 0(a5)
core   0: 3 0x000000008000ff58 (0x00e78023) mem 0x0000000080012071 0x00
core   0: 0x000000008000ff5c (0xfc843703) ld      a4, -56(s0)
core   0: 3 0x000000008000ff5c (0xfc843703) x14 0x0000000080012040 mem 0x0000000080031f38
core   0: 0x000000008000ff60 (0xfb843783) ld      a5, -72(s0)
core   0: 3 0x000000008000ff60 (0xfb843783) x15 0x000000000000009c mem 0x0000000080031f28
core   0: 0x000000008000ff64 (0x000097ba) c.add   a5, a4
core   0: 3 0x000000008000ff64 (0x97ba) x15 0x00000000800120dc
core   0: 0x000000008000ff66 (0xfe043703) ld      a4, -32(s0)
core   0: 3 0x000000008000ff66 (0xfe043703) x14 0x0000000080012072 mem 0x0000000080031f50
core   0: 0x000000008000ff6a (0xfcf76de3) bltu    a4, a5, pc - 38
core   0: 3 0x000000008000ff6a (0xfcf76de3)
core   0: 0x000000008000ff44 (0xfe043783) ld      a5, -32(s0)
core   0: 3 0x000000008000ff44 (0xfe043783) x15 0x0000000080012072 mem 0x0000000080031f50
core   0: 0x000000008000ff48 (0x00178713) addi    a4, a5, 1
core   0: 3 0x000000008000ff48 (0x00178713) x14 0x0000000080012073
core   0: 0x000000008000ff4c (0xfee43023) sd      a4, -32(s0)
core   0: 3 0x000000008000ff4c (0xfee43023) mem 0x0000000080031f50 0x0000000080012073
core   0: 0x000000008000ff50 (0xfc442703) lw      a4, -60(s0)
core   0: 3 0x000000008000ff50 (0xfc442703) x14 0x0000000000000000 mem 0x0000000080031f34
core   0: 0x000000008000ff54 (0x0ff77713) andi    a4, a4, 255
core   0: 3 0x000000008000ff54 (0x0ff77713) x14 0x0000000000000000
core   0: 0x000000008000ff58 (0x00e78023) sb      a4, 0(a5)
core   0: 3 0x000000008000ff58 (0x00e78023) mem 0x0000000080012072 0x00
core   0: 0x000000008000ff5c (0xfc843703) ld      a4, -56(s0)
core   0: 3 0x000000008000ff5c (0xfc843703) x14 0x0000000080012040 mem 0x0000000080031f38
core   0: 0x000000008000ff60 (0xfb843783) ld      a5, -72(s0)
core   0: 3 0x000000008000ff60 (0xfb843783) x15 0x000000000000009c mem 0x0000000080031f28
core   0: 0x000000008000ff64 (0x000097ba) c.add   a5, a4
core   0: 3 0x000000008000ff64 (0x97ba) x15 0x00000000800120dc
core   0: 0x000000008000ff66 (0xfe043703) ld      a4, -32(s0)
core   0: 3 0x000000008000ff66 (0xfe043703) x14 0x0000000080012073 mem 0x0000000080031f50
core   0: 0x000000008000ff6a (0xfcf76de3) bltu    a4, a5, pc - 38
core   0: 3 0x000000008000ff6a (0xfcf76de3)
core   0: 0x000000008000ff44 (0xfe043783) ld      a5, -32(s0)
core   0: 3 0x000000008000ff44 (0xfe043783) x15 0x0000000080012073 mem 0x0000000080031f50
core   0: 0x000000008000ff48 (0x00178713) addi    a4, a5, 1
core   0: 3 0x000000008000ff48 (0x00178713) x14 0x0000000080012074
core   0: 0x000000008000ff4c (0xfee43023) sd      a4, -32(s0)
core   0: 3 0x000000008000ff4c (0xfee43023) mem 0x0000000080031f50 0x0000000080012074
core   0: 0x000000008000ff50 (0xfc442703) lw      a4, -60(s0)
core   0: 3 0x000000008000ff50 (0xfc442703) x14 0x0000000000000000 mem 0x0000000080031f34
core   0: 0x000000008000ff54 (0x0ff77713) andi    a4, a4, 255
core   0: 3 0x000000008000ff54 (0x0ff77713) x14 0x0000000000000000
core   0: 0x000000008000ff58 (0x00e78023) sb      a4, 0(a5)
core   0: 3 0x000000008000ff58 (0x00e78023) mem 0x0000000080012073 0x00
core   0: 0x000000008000ff5c (0xfc843703) ld      a4, -56(s0)
core   0: 3 0x000000008000ff5c (0xfc843703) x14 0x0000000080012040 mem 0x0000000080031f38
core   0: 0x000000008000ff60 (0xfb843783) ld      a5, -72(s0)
core   0: 3 0x000000008000ff60 (0xfb843783) x15 0x000000000000009c mem 0x0000000080031f28
core   0: 0x000000008000ff64 (0x000097ba) c.add   a5, a4
core   0: 3 0x000000008000ff64 (0x97ba) x15 0x00000000800120dc
core   0: 0x000000008000ff66 (0xfe043703) ld      a4, -32(s0)
core   0: 3 0x000000008000ff66 (0xfe043703) x14 0x0000000080012074 mem 0x0000000080031f50
core   0: 0x000000008000ff6a (0xfcf76de3) bltu    a4, a5, pc - 38
core   0: 3 0x000000008000ff6a (0xfcf76de3)
core   0: 0x000000008000ff44 (0xfe043783) ld      a5, -32(s0)
core   0: 3 0x000000008000ff44 (0xfe043783) x15 0x0000000080012074 mem 0x0000000080031f50
core   0: 0x000000008000ff48 (0x00178713) addi    a4, a5, 1
core   0: 3 0x000000008000ff48 (0x00178713) x14 0x0000000080012075
core   0: 0x000000008000ff4c (0xfee43023) sd      a4, -32(s0)
core   0: 3 0x000000008000ff4c (0xfee43023) mem 0x0000000080031f50 0x0000000080012075
core   0: 0x000000008000ff50 (0xfc442703) lw      a4, -60(s0)
core   0: 3 0x000000008000ff50 (0xfc442703) x14 0x0000000000000000 mem 0x0000000080031f34
core   0: 0x000000008000ff54 (0x0ff77713) andi    a4, a4, 255
core   0: 3 0x000000008000ff54 (0x0ff77713) x14 0x0000000000000000
core   0: 0x000000008000ff58 (0x00e78023) sb      a4, 0(a5)
core   0: 3 0x000000008000ff58 (0x00e78023) mem 0x0000000080012074 0x00
core   0: 0x000000008000ff5c (0xfc843703) ld      a4, -56(s0)
core   0: 3 0x000000008000ff5c (0xfc843703) x14 0x0000000080012040 mem 0x0000000080031f38
core   0: 0x000000008000ff60 (0xfb843783) ld      a5, -72(s0)
core   0: 3 0x000000008000ff60 (0xfb843783) x15 0x000000000000009c mem 0x0000000080031f28
core   0: 0x000000008000ff64 (0x000097ba) c.add   a5, a4
core   0: 3 0x000000008000ff64 (0x97ba) x15 0x00000000800120dc
core   0: 0x000000008000ff66 (0xfe043703) ld      a4, -32(s0)
core   0: 3 0x000000008000ff66 (0xfe043703) x14 0x0000000080012075 mem 0x0000000080031f50
core   0: 0x000000008000ff6a (0xfcf76de3) bltu    a4, a5, pc - 38
core   0: 3 0x000000008000ff6a (0xfcf76de3)
core   0: 0x000000008000ff44 (0xfe043783) ld      a5, -32(s0)
core   0: 3 0x000000008000ff44 (0xfe043783) x15 0x0000000080012075 mem 0x0000000080031f50
core   0: 0x000000008000ff48 (0x00178713) addi    a4, a5, 1
core   0: 3 0x000000008000ff48 (0x00178713) x14 0x0000000080012076
core   0: 0x000000008000ff4c (0xfee43023) sd      a4, -32(s0)
core   0: 3 0x000000008000ff4c (0xfee43023) mem 0x0000000080031f50 0x0000000080012076
core   0: 0x000000008000ff50 (0xfc442703) lw      a4, -60(s0)
core   0: 3 0x000000008000ff50 (0xfc442703) x14 0x0000000000000000 mem 0x0000000080031f34
core   0: 0x000000008000ff54 (0x0ff77713) andi    a4, a4, 255
core   0: 3 0x000000008000ff54 (0x0ff77713) x14 0x0000000000000000
core   0: 0x000000008000ff58 (0x00e78023) sb      a4, 0(a5)
core   0: 3 0x000000008000ff58 (0x00e78023) mem 0x0000000080012075 0x00
core   0: 0x000000008000ff5c (0xfc843703) ld      a4, -56(s0)
core   0: 3 0x000000008000ff5c (0xfc843703) x14 0x0000000080012040 mem 0x0000000080031f38
core   0: 0x000000008000ff60 (0xfb843783) ld      a5, -72(s0)
core   0: 3 0x000000008000ff60 (0xfb843783) x15 0x000000000000009c mem 0x0000000080031f28
core   0: 0x000000008000ff64 (0x000097ba) c.add   a5, a4
core   0: 3 0x000000008000ff64 (0x97ba) x15 0x00000000800120dc
core   0: 0x000000008000ff66 (0xfe043703) ld      a4, -32(s0)
core   0: 3 0x000000008000ff66 (0xfe043703) x14 0x0000000080012076 mem 0x0000000080031f50
core   0: 0x000000008000ff6a (0xfcf76de3) bltu    a4, a5, pc - 38
core   0: 3 0x000000008000ff6a (0xfcf76de3)
core   0: 0x000000008000ff44 (0xfe043783) ld      a5, -32(s0)
core   0: 3 0x000000008000ff44 (0xfe043783) x15 0x0000000080012076 mem 0x0000000080031f50
core   0: 0x000000008000ff48 (0x00178713) addi    a4, a5, 1
core   0: 3 0x000000008000ff48 (0x00178713) x14 0x0000000080012077
core   0: 0x000000008000ff4c (0xfee43023) sd      a4, -32(s0)
core   0: 3 0x000000008000ff4c (0xfee43023) mem 0x0000000080031f50 0x0000000080012077
core   0: 0x000000008000ff50 (0xfc442703) lw      a4, -60(s0)
core   0: 3 0x000000008000ff50 (0xfc442703) x14 0x0000000000000000 mem 0x0000000080031f34
core   0: 0x000000008000ff54 (0x0ff77713) andi    a4, a4, 255
core   0: 3 0x000000008000ff54 (0x0ff77713) x14 0x0000000000000000
core   0: 0x000000008000ff58 (0x00e78023) sb      a4, 0(a5)
core   0: 3 0x000000008000ff58 (0x00e78023) mem 0x0000000080012076 0x00
core   0: 0x000000008000ff5c (0xfc843703) ld      a4, -56(s0)
core   0: 3 0x000000008000ff5c (0xfc843703) x14 0x0000000080012040 mem 0x0000000080031f38
core   0: 0x000000008000ff60 (0xfb843783) ld      a5, -72(s0)
core   0: 3 0x000000008000ff60 (0xfb843783) x15 0x000000000000009c mem 0x0000000080031f28
core   0: 0x000000008000ff64 (0x000097ba) c.add   a5, a4
core   0: 3 0x000000008000ff64 (0x97ba) x15 0x00000000800120dc
core   0: 0x000000008000ff66 (0xfe043703) ld      a4, -32(s0)
core   0: 3 0x000000008000ff66 (0xfe043703) x14 0x0000000080012077 mem 0x0000000080031f50
core   0: 0x000000008000ff6a (0xfcf76de3) bltu    a4, a5, pc - 38
core   0: 3 0x000000008000ff6a (0xfcf76de3)
core   0: 0x000000008000ff44 (0xfe043783) ld      a5, -32(s0)
core   0: 3 0x000000008000ff44 (0xfe043783) x15 0x0000000080012077 mem 0x0000000080031f50
core   0: 0x000000008000ff48 (0x00178713) addi    a4, a5, 1
core   0: 3 0x000000008000ff48 (0x00178713) x14 0x0000000080012078
core   0: 0x000000008000ff4c (0xfee43023) sd      a4, -32(s0)
core   0: 3 0x000000008000ff4c (0xfee43023) mem 0x0000000080031f50 0x0000000080012078
core   0: 0x000000008000ff50 (0xfc442703) lw      a4, -60(s0)
core   0: 3 0x000000008000ff50 (0xfc442703) x14 0x0000000000000000 mem 0x0000000080031f34
core   0: 0x000000008000ff54 (0x0ff77713) andi    a4, a4, 255
core   0: 3 0x000000008000ff54 (0x0ff77713) x14 0x0000000000000000
core   0: 0x000000008000ff58 (0x00e78023) sb      a4, 0(a5)
core   0: 3 0x000000008000ff58 (0x00e78023) mem 0x0000000080012077 0x00
core   0: 0x000000008000ff5c (0xfc843703) ld      a4, -56(s0)
core   0: 3 0x000000008000ff5c (0xfc843703) x14 0x0000000080012040 mem 0x0000000080031f38
core   0: 0x000000008000ff60 (0xfb843783) ld      a5, -72(s0)
core   0: 3 0x000000008000ff60 (0xfb843783) x15 0x000000000000009c mem 0x0000000080031f28
core   0: 0x000000008000ff64 (0x000097ba) c.add   a5, a4
core   0: 3 0x000000008000ff64 (0x97ba) x15 0x00000000800120dc
core   0: 0x000000008000ff66 (0xfe043703) ld      a4, -32(s0)
core   0: 3 0x000000008000ff66 (0xfe043703) x14 0x0000000080012078 mem 0x0000000080031f50
core   0: 0x000000008000ff6a (0xfcf76de3) bltu    a4, a5, pc - 38
core   0: 3 0x000000008000ff6a (0xfcf76de3)
core   0: 0x000000008000ff44 (0xfe043783) ld      a5, -32(s0)
core   0: 3 0x000000008000ff44 (0xfe043783) x15 0x0000000080012078 mem 0x0000000080031f50
core   0: 0x000000008000ff48 (0x00178713) addi    a4, a5, 1
core   0: 3 0x000000008000ff48 (0x00178713) x14 0x0000000080012079
core   0: 0x000000008000ff4c (0xfee43023) sd      a4, -32(s0)
core   0: 3 0x000000008000ff4c (0xfee43023) mem 0x0000000080031f50 0x0000000080012079
core   0: 0x000000008000ff50 (0xfc442703) lw      a4, -60(s0)
core   0: 3 0x000000008000ff50 (0xfc442703) x14 0x0000000000000000 mem 0x0000000080031f34
core   0: 0x000000008000ff54 (0x0ff77713) andi    a4, a4, 255
core   0: 3 0x000000008000ff54 (0x0ff77713) x14 0x0000000000000000
core   0: 0x000000008000ff58 (0x00e78023) sb      a4, 0(a5)
core   0: 3 0x000000008000ff58 (0x00e78023) mem 0x0000000080012078 0x00
core   0: 0x000000008000ff5c (0xfc843703) ld      a4, -56(s0)
core   0: 3 0x000000008000ff5c (0xfc843703) x14 0x0000000080012040 mem 0x0000000080031f38
core   0: 0x000000008000ff60 (0xfb843783) ld      a5, -72(s0)
core   0: 3 0x000000008000ff60 (0xfb843783) x15 0x000000000000009c mem 0x0000000080031f28
core   0: 0x000000008000ff64 (0x000097ba) c.add   a5, a4
core   0: 3 0x000000008000ff64 (0x97ba) x15 0x00000000800120dc
core   0: 0x000000008000ff66 (0xfe043703) ld      a4, -32(s0)
core   0: 3 0x000000008000ff66 (0xfe043703) x14 0x0000000080012079 mem 0x0000000080031f50
core   0: 0x000000008000ff6a (0xfcf76de3) bltu    a4, a5, pc - 38
core   0: 3 0x000000008000ff6a (0xfcf76de3)
core   0: 0x000000008000ff44 (0xfe043783) ld      a5, -32(s0)
core   0: 3 0x000000008000ff44 (0xfe043783) x15 0x0000000080012079 mem 0x0000000080031f50
core   0: 0x000000008000ff48 (0x00178713) addi    a4, a5, 1
core   0: 3 0x000000008000ff48 (0x00178713) x14 0x000000008001207a
core   0: 0x000000008000ff4c (0xfee43023) sd      a4, -32(s0)
core   0: 3 0x000000008000ff4c (0xfee43023) mem 0x0000000080031f50 0x000000008001207a
core   0: 0x000000008000ff50 (0xfc442703) lw      a4, -60(s0)
core   0: 3 0x000000008000ff50 (0xfc442703) x14 0x0000000000000000 mem 0x0000000080031f34
core   0: 0x000000008000ff54 (0x0ff77713) andi    a4, a4, 255
core   0: 3 0x000000008000ff54 (0x0ff77713) x14 0x0000000000000000
core   0: 0x000000008000ff58 (0x00e78023) sb      a4, 0(a5)
core   0: 3 0x000000008000ff58 (0x00e78023) mem 0x0000000080012079 0x00
core   0: 0x000000008000ff5c (0xfc843703) ld      a4, -56(s0)
core   0: 3 0x000000008000ff5c (0xfc843703) x14 0x0000000080012040 mem 0x0000000080031f38
core   0: 0x000000008000ff60 (0xfb843783) ld      a5, -72(s0)
core   0: 3 0x000000008000ff60 (0xfb843783) x15 0x000000000000009c mem 0x0000000080031f28
core   0: 0x000000008000ff64 (0x000097ba) c.add   a5, a4
core   0: 3 0x000000008000ff64 (0x97ba) x15 0x00000000800120dc
core   0: 0x000000008000ff66 (0xfe043703) ld      a4, -32(s0)
core   0: 3 0x000000008000ff66 (0xfe043703) x14 0x000000008001207a mem 0x0000000080031f50
core   0: 0x000000008000ff6a (0xfcf76de3) bltu    a4, a5, pc - 38
core   0: 3 0x000000008000ff6a (0xfcf76de3)
core   0: 0x000000008000ff44 (0xfe043783) ld      a5, -32(s0)
core   0: 3 0x000000008000ff44 (0xfe043783) x15 0x000000008001207a mem 0x0000000080031f50
core   0: 0x000000008000ff48 (0x00178713) addi    a4, a5, 1
core   0: 3 0x000000008000ff48 (0x00178713) x14 0x000000008001207b
core   0: 0x000000008000ff4c (0xfee43023) sd      a4, -32(s0)
core   0: 3 0x000000008000ff4c (0xfee43023) mem 0x0000000080031f50 0x000000008001207b
core   0: 0x000000008000ff50 (0xfc442703) lw      a4, -60(s0)
core   0: 3 0x000000008000ff50 (0xfc442703) x14 0x0000000000000000 mem 0x0000000080031f34
core   0: 0x000000008000ff54 (0x0ff77713) andi    a4, a4, 255
core   0: 3 0x000000008000ff54 (0x0ff77713) x14 0x0000000000000000
core   0: 0x000000008000ff58 (0x00e78023) sb      a4, 0(a5)
core   0: 3 0x000000008000ff58 (0x00e78023) mem 0x000000008001207a 0x00
core   0: 0x000000008000ff5c (0xfc843703) ld      a4, -56(s0)
core   0: 3 0x000000008000ff5c (0xfc843703) x14 0x0000000080012040 mem 0x0000000080031f38
core   0: 0x000000008000ff60 (0xfb843783) ld      a5, -72(s0)
core   0: 3 0x000000008000ff60 (0xfb843783) x15 0x000000000000009c mem 0x0000000080031f28
core   0: 0x000000008000ff64 (0x000097ba) c.add   a5, a4
core   0: 3 0x000000008000ff64 (0x97ba) x15 0x00000000800120dc
core   0: 0x000000008000ff66 (0xfe043703) ld      a4, -32(s0)
core   0: 3 0x000000008000ff66 (0xfe043703) x14 0x000000008001207b mem 0x0000000080031f50
core   0: 0x000000008000ff6a (0xfcf76de3) bltu    a4, a5, pc - 38
core   0: 3 0x000000008000ff6a (0xfcf76de3)
core   0: 0x000000008000ff44 (0xfe043783) ld      a5, -32(s0)
core   0: 3 0x000000008000ff44 (0xfe043783) x15 0x000000008001207b mem 0x0000000080031f50
core   0: 0x000000008000ff48 (0x00178713) addi    a4, a5, 1
core   0: 3 0x000000008000ff48 (0x00178713) x14 0x000000008001207c
core   0: 0x000000008000ff4c (0xfee43023) sd      a4, -32(s0)
core   0: 3 0x000000008000ff4c (0xfee43023) mem 0x0000000080031f50 0x000000008001207c
core   0: 0x000000008000ff50 (0xfc442703) lw      a4, -60(s0)
core   0: 3 0x000000008000ff50 (0xfc442703) x14 0x0000000000000000 mem 0x0000000080031f34
core   0: 0x000000008000ff54 (0x0ff77713) andi    a4, a4, 255
core   0: 3 0x000000008000ff54 (0x0ff77713) x14 0x0000000000000000
core   0: 0x000000008000ff58 (0x00e78023) sb      a4, 0(a5)
core   0: 3 0x000000008000ff58 (0x00e78023) mem 0x000000008001207b 0x00
core   0: 0x000000008000ff5c (0xfc843703) ld      a4, -56(s0)
core   0: 3 0x000000008000ff5c (0xfc843703) x14 0x0000000080012040 mem 0x0000000080031f38
core   0: 0x000000008000ff60 (0xfb843783) ld      a5, -72(s0)
core   0: 3 0x000000008000ff60 (0xfb843783) x15 0x000000000000009c mem 0x0000000080031f28
core   0: 0x000000008000ff64 (0x000097ba) c.add   a5, a4
core   0: 3 0x000000008000ff64 (0x97ba) x15 0x00000000800120dc
core   0: 0x000000008000ff66 (0xfe043703) ld      a4, -32(s0)
core   0: 3 0x000000008000ff66 (0xfe043703) x14 0x000000008001207c mem 0x0000000080031f50
core   0: 0x000000008000ff6a (0xfcf76de3) bltu    a4, a5, pc - 38
core   0: 3 0x000000008000ff6a (0xfcf76de3)
core   0: 0x000000008000ff44 (0xfe043783) ld      a5, -32(s0)
core   0: 3 0x000000008000ff44 (0xfe043783) x15 0x000000008001207c mem 0x0000000080031f50
core   0: 0x000000008000ff48 (0x00178713) addi    a4, a5, 1
core   0: 3 0x000000008000ff48 (0x00178713) x14 0x000000008001207d
core   0: 0x000000008000ff4c (0xfee43023) sd      a4, -32(s0)
core   0: 3 0x000000008000ff4c (0xfee43023) mem 0x0000000080031f50 0x000000008001207d
core   0: 0x000000008000ff50 (0xfc442703) lw      a4, -60(s0)
core   0: 3 0x000000008000ff50 (0xfc442703) x14 0x0000000000000000 mem 0x0000000080031f34
core   0: 0x000000008000ff54 (0x0ff77713) andi    a4, a4, 255
core   0: 3 0x000000008000ff54 (0x0ff77713) x14 0x0000000000000000
core   0: 0x000000008000ff58 (0x00e78023) sb      a4, 0(a5)
core   0: 3 0x000000008000ff58 (0x00e78023) mem 0x000000008001207c 0x00
core   0: 0x000000008000ff5c (0xfc843703) ld      a4, -56(s0)
core   0: 3 0x000000008000ff5c (0xfc843703) x14 0x0000000080012040 mem 0x0000000080031f38
core   0: 0x000000008000ff60 (0xfb843783) ld      a5, -72(s0)
core   0: 3 0x000000008000ff60 (0xfb843783) x15 0x000000000000009c mem 0x0000000080031f28
core   0: 0x000000008000ff64 (0x000097ba) c.add   a5, a4
core   0: 3 0x000000008000ff64 (0x97ba) x15 0x00000000800120dc
core   0: 0x000000008000ff66 (0xfe043703) ld      a4, -32(s0)
core   0: 3 0x000000008000ff66 (0xfe043703) x14 0x000000008001207d mem 0x0000000080031f50
core   0: 0x000000008000ff6a (0xfcf76de3) bltu    a4, a5, pc - 38
core   0: 3 0x000000008000ff6a (0xfcf76de3)
core   0: 0x000000008000ff44 (0xfe043783) ld      a5, -32(s0)
core   0: 3 0x000000008000ff44 (0xfe043783) x15 0x000000008001207d mem 0x0000000080031f50
core   0: 0x000000008000ff48 (0x00178713) addi    a4, a5, 1
core   0: 3 0x000000008000ff48 (0x00178713) x14 0x000000008001207e
core   0: 0x000000008000ff4c (0xfee43023) sd      a4, -32(s0)
core   0: 3 0x000000008000ff4c (0xfee43023) mem 0x0000000080031f50 0x000000008001207e
core   0: 0x000000008000ff50 (0xfc442703) lw      a4, -60(s0)
core   0: 3 0x000000008000ff50 (0xfc442703) x14 0x0000000000000000 mem 0x0000000080031f34
core   0: 0x000000008000ff54 (0x0ff77713) andi    a4, a4, 255
core   0: 3 0x000000008000ff54 (0x0ff77713) x14 0x0000000000000000
core   0: 0x000000008000ff58 (0x00e78023) sb      a4, 0(a5)
core   0: 3 0x000000008000ff58 (0x00e78023) mem 0x000000008001207d 0x00
core   0: 0x000000008000ff5c (0xfc843703) ld      a4, -56(s0)
core   0: 3 0x000000008000ff5c (0xfc843703) x14 0x0000000080012040 mem 0x0000000080031f38
core   0: 0x000000008000ff60 (0xfb843783) ld      a5, -72(s0)
core   0: 3 0x000000008000ff60 (0xfb843783) x15 0x000000000000009c mem 0x0000000080031f28
core   0: 0x000000008000ff64 (0x000097ba) c.add   a5, a4
core   0: 3 0x000000008000ff64 (0x97ba) x15 0x00000000800120dc
core   0: 0x000000008000ff66 (0xfe043703) ld      a4, -32(s0)
core   0: 3 0x000000008000ff66 (0xfe043703) x14 0x000000008001207e mem 0x0000000080031f50
core   0: 0x000000008000ff6a (0xfcf76de3) bltu    a4, a5, pc - 38
core   0: 3 0x000000008000ff6a (0xfcf76de3)
core   0: 0x000000008000ff44 (0xfe043783) ld      a5, -32(s0)
core   0: 3 0x000000008000ff44 (0xfe043783) x15 0x000000008001207e mem 0x0000000080031f50
core   0: 0x000000008000ff48 (0x00178713) addi    a4, a5, 1
core   0: 3 0x000000008000ff48 (0x00178713) x14 0x000000008001207f
core   0: 0x000000008000ff4c (0xfee43023) sd      a4, -32(s0)
core   0: 3 0x000000008000ff4c (0xfee43023) mem 0x0000000080031f50 0x000000008001207f
core   0: 0x000000008000ff50 (0xfc442703) lw      a4, -60(s0)
core   0: 3 0x000000008000ff50 (0xfc442703) x14 0x0000000000000000 mem 0x0000000080031f34
core   0: 0x000000008000ff54 (0x0ff77713) andi    a4, a4, 255
core   0: 3 0x000000008000ff54 (0x0ff77713) x14 0x0000000000000000
core   0: 0x000000008000ff58 (0x00e78023) sb      a4, 0(a5)
core   0: 3 0x000000008000ff58 (0x00e78023) mem 0x000000008001207e 0x00
core   0: 0x000000008000ff5c (0xfc843703) ld      a4, -56(s0)
core   0: 3 0x000000008000ff5c (0xfc843703) x14 0x0000000080012040 mem 0x0000000080031f38
core   0: 0x000000008000ff60 (0xfb843783) ld      a5, -72(s0)
core   0: 3 0x000000008000ff60 (0xfb843783) x15 0x000000000000009c mem 0x0000000080031f28
core   0: 0x000000008000ff64 (0x000097ba) c.add   a5, a4
core   0: 3 0x000000008000ff64 (0x97ba) x15 0x00000000800120dc
core   0: 0x000000008000ff66 (0xfe043703) ld      a4, -32(s0)
core   0: 3 0x000000008000ff66 (0xfe043703) x14 0x000000008001207f mem 0x0000000080031f50
core   0: 0x000000008000ff6a (0xfcf76de3) bltu    a4, a5, pc - 38
core   0: 3 0x000000008000ff6a (0xfcf76de3)
core   0: 0x000000008000ff44 (0xfe043783) ld      a5, -32(s0)
core   0: 3 0x000000008000ff44 (0xfe043783) x15 0x000000008001207f mem 0x0000000080031f50
core   0: 0x000000008000ff48 (0x00178713) addi    a4, a5, 1
core   0: 3 0x000000008000ff48 (0x00178713) x14 0x0000000080012080
core   0: 0x000000008000ff4c (0xfee43023) sd      a4, -32(s0)
core   0: 3 0x000000008000ff4c (0xfee43023) mem 0x0000000080031f50 0x0000000080012080
core   0: 0x000000008000ff50 (0xfc442703) lw      a4, -60(s0)
core   0: 3 0x000000008000ff50 (0xfc442703) x14 0x0000000000000000 mem 0x0000000080031f34
core   0: 0x000000008000ff54 (0x0ff77713) andi    a4, a4, 255
core   0: 3 0x000000008000ff54 (0x0ff77713) x14 0x0000000000000000
core   0: 0x000000008000ff58 (0x00e78023) sb      a4, 0(a5)
core   0: 3 0x000000008000ff58 (0x00e78023) mem 0x000000008001207f 0x00
core   0: 0x000000008000ff5c (0xfc843703) ld      a4, -56(s0)
core   0: 3 0x000000008000ff5c (0xfc843703) x14 0x0000000080012040 mem 0x0000000080031f38
core   0: 0x000000008000ff60 (0xfb843783) ld      a5, -72(s0)
core   0: 3 0x000000008000ff60 (0xfb843783) x15 0x000000000000009c mem 0x0000000080031f28
core   0: 0x000000008000ff64 (0x000097ba) c.add   a5, a4
core   0: 3 0x000000008000ff64 (0x97ba) x15 0x00000000800120dc
core   0: 0x000000008000ff66 (0xfe043703) ld      a4, -32(s0)
core   0: 3 0x000000008000ff66 (0xfe043703) x14 0x0000000080012080 mem 0x0000000080031f50
core   0: 0x000000008000ff6a (0xfcf76de3) bltu    a4, a5, pc - 38
core   0: 3 0x000000008000ff6a (0xfcf76de3)
core   0: 0x000000008000ff44 (0xfe043783) ld      a5, -32(s0)
core   0: 3 0x000000008000ff44 (0xfe043783) x15 0x0000000080012080 mem 0x0000000080031f50
core   0: 0x000000008000ff48 (0x00178713) addi    a4, a5, 1
core   0: 3 0x000000008000ff48 (0x00178713) x14 0x0000000080012081
core   0: 0x000000008000ff4c (0xfee43023) sd      a4, -32(s0)
core   0: 3 0x000000008000ff4c (0xfee43023) mem 0x0000000080031f50 0x0000000080012081
core   0: 0x000000008000ff50 (0xfc442703) lw      a4, -60(s0)
core   0: 3 0x000000008000ff50 (0xfc442703) x14 0x0000000000000000 mem 0x0000000080031f34
core   0: 0x000000008000ff54 (0x0ff77713) andi    a4, a4, 255
core   0: 3 0x000000008000ff54 (0x0ff77713) x14 0x0000000000000000
core   0: 0x000000008000ff58 (0x00e78023) sb      a4, 0(a5)
core   0: 3 0x000000008000ff58 (0x00e78023) mem 0x0000000080012080 0x00
core   0: 0x000000008000ff5c (0xfc843703) ld      a4, -56(s0)
core   0: 3 0x000000008000ff5c (0xfc843703) x14 0x0000000080012040 mem 0x0000000080031f38
core   0: 0x000000008000ff60 (0xfb843783) ld      a5, -72(s0)
core   0: 3 0x000000008000ff60 (0xfb843783) x15 0x000000000000009c mem 0x0000000080031f28
core   0: 0x000000008000ff64 (0x000097ba) c.add   a5, a4
core   0: 3 0x000000008000ff64 (0x97ba) x15 0x00000000800120dc
core   0: 0x000000008000ff66 (0xfe043703) ld      a4, -32(s0)
core   0: 3 0x000000008000ff66 (0xfe043703) x14 0x0000000080012081 mem 0x0000000080031f50
core   0: 0x000000008000ff6a (0xfcf76de3) bltu    a4, a5, pc - 38
core   0: 3 0x000000008000ff6a (0xfcf76de3)
core   0: 0x000000008000ff44 (0xfe043783) ld      a5, -32(s0)
core   0: 3 0x000000008000ff44 (0xfe043783) x15 0x0000000080012081 mem 0x0000000080031f50
core   0: 0x000000008000ff48 (0x00178713) addi    a4, a5, 1
core   0: 3 0x000000008000ff48 (0x00178713) x14 0x0000000080012082
core   0: 0x000000008000ff4c (0xfee43023) sd      a4, -32(s0)
core   0: 3 0x000000008000ff4c (0xfee43023) mem 0x0000000080031f50 0x0000000080012082
core   0: 0x000000008000ff50 (0xfc442703) lw      a4, -60(s0)
core   0: 3 0x000000008000ff50 (0xfc442703) x14 0x0000000000000000 mem 0x0000000080031f34
core   0: 0x000000008000ff54 (0x0ff77713) andi    a4, a4, 255
core   0: 3 0x000000008000ff54 (0x0ff77713) x14 0x0000000000000000
core   0: 0x000000008000ff58 (0x00e78023) sb      a4, 0(a5)
core   0: 3 0x000000008000ff58 (0x00e78023) mem 0x0000000080012081 0x00
core   0: 0x000000008000ff5c (0xfc843703) ld      a4, -56(s0)
core   0: 3 0x000000008000ff5c (0xfc843703) x14 0x0000000080012040 mem 0x0000000080031f38
core   0: 0x000000008000ff60 (0xfb843783) ld      a5, -72(s0)
core   0: 3 0x000000008000ff60 (0xfb843783) x15 0x000000000000009c mem 0x0000000080031f28
core   0: 0x000000008000ff64 (0x000097ba) c.add   a5, a4
core   0: 3 0x000000008000ff64 (0x97ba) x15 0x00000000800120dc
core   0: 0x000000008000ff66 (0xfe043703) ld      a4, -32(s0)
core   0: 3 0x000000008000ff66 (0xfe043703) x14 0x0000000080012082 mem 0x0000000080031f50
core   0: 0x000000008000ff6a (0xfcf76de3) bltu    a4, a5, pc - 38
core   0: 3 0x000000008000ff6a (0xfcf76de3)
core   0: 0x000000008000ff44 (0xfe043783) ld      a5, -32(s0)
core   0: 3 0x000000008000ff44 (0xfe043783) x15 0x0000000080012082 mem 0x0000000080031f50
core   0: 0x000000008000ff48 (0x00178713) addi    a4, a5, 1
core   0: 3 0x000000008000ff48 (0x00178713) x14 0x0000000080012083
core   0: 0x000000008000ff4c (0xfee43023) sd      a4, -32(s0)
core   0: 3 0x000000008000ff4c (0xfee43023) mem 0x0000000080031f50 0x0000000080012083
core   0: 0x000000008000ff50 (0xfc442703) lw      a4, -60(s0)
core   0: 3 0x000000008000ff50 (0xfc442703) x14 0x0000000000000000 mem 0x0000000080031f34
core   0: 0x000000008000ff54 (0x0ff77713) andi    a4, a4, 255
core   0: 3 0x000000008000ff54 (0x0ff77713) x14 0x0000000000000000
core   0: 0x000000008000ff58 (0x00e78023) sb      a4, 0(a5)
core   0: 3 0x000000008000ff58 (0x00e78023) mem 0x0000000080012082 0x00
core   0: 0x000000008000ff5c (0xfc843703) ld      a4, -56(s0)
core   0: 3 0x000000008000ff5c (0xfc843703) x14 0x0000000080012040 mem 0x0000000080031f38
core   0: 0x000000008000ff60 (0xfb843783) ld      a5, -72(s0)
core   0: 3 0x000000008000ff60 (0xfb843783) x15 0x000000000000009c mem 0x0000000080031f28
core   0: 0x000000008000ff64 (0x000097ba) c.add   a5, a4
core   0: 3 0x000000008000ff64 (0x97ba) x15 0x00000000800120dc
core   0: 0x000000008000ff66 (0xfe043703) ld      a4, -32(s0)
core   0: 3 0x000000008000ff66 (0xfe043703) x14 0x0000000080012083 mem 0x0000000080031f50
core   0: 0x000000008000ff6a (0xfcf76de3) bltu    a4, a5, pc - 38
core   0: 3 0x000000008000ff6a (0xfcf76de3)
core   0: 0x000000008000ff44 (0xfe043783) ld      a5, -32(s0)
core   0: 3 0x000000008000ff44 (0xfe043783) x15 0x0000000080012083 mem 0x0000000080031f50
core   0: 0x000000008000ff48 (0x00178713) addi    a4, a5, 1
core   0: 3 0x000000008000ff48 (0x00178713) x14 0x0000000080012084
core   0: 0x000000008000ff4c (0xfee43023) sd      a4, -32(s0)
core   0: 3 0x000000008000ff4c (0xfee43023) mem 0x0000000080031f50 0x0000000080012084
core   0: 0x000000008000ff50 (0xfc442703) lw      a4, -60(s0)
core   0: 3 0x000000008000ff50 (0xfc442703) x14 0x0000000000000000 mem 0x0000000080031f34
core   0: 0x000000008000ff54 (0x0ff77713) andi    a4, a4, 255
core   0: 3 0x000000008000ff54 (0x0ff77713) x14 0x0000000000000000
core   0: 0x000000008000ff58 (0x00e78023) sb      a4, 0(a5)
core   0: 3 0x000000008000ff58 (0x00e78023) mem 0x0000000080012083 0x00
core   0: 0x000000008000ff5c (0xfc843703) ld      a4, -56(s0)
core   0: 3 0x000000008000ff5c (0xfc843703) x14 0x0000000080012040 mem 0x0000000080031f38
core   0: 0x000000008000ff60 (0xfb843783) ld      a5, -72(s0)
core   0: 3 0x000000008000ff60 (0xfb843783) x15 0x000000000000009c mem 0x0000000080031f28
core   0: 0x000000008000ff64 (0x000097ba) c.add   a5, a4
core   0: 3 0x000000008000ff64 (0x97ba) x15 0x00000000800120dc
core   0: 0x000000008000ff66 (0xfe043703) ld      a4, -32(s0)
core   0: 3 0x000000008000ff66 (0xfe043703) x14 0x0000000080012084 mem 0x0000000080031f50
core   0: 0x000000008000ff6a (0xfcf76de3) bltu    a4, a5, pc - 38
core   0: 3 0x000000008000ff6a (0xfcf76de3)
core   0: 0x000000008000ff44 (0xfe043783) ld      a5, -32(s0)
core   0: 3 0x000000008000ff44 (0xfe043783) x15 0x0000000080012084 mem 0x0000000080031f50
core   0: 0x000000008000ff48 (0x00178713) addi    a4, a5, 1
core   0: 3 0x000000008000ff48 (0x00178713) x14 0x0000000080012085
core   0: 0x000000008000ff4c (0xfee43023) sd      a4, -32(s0)
core   0: 3 0x000000008000ff4c (0xfee43023) mem 0x0000000080031f50 0x0000000080012085
core   0: 0x000000008000ff50 (0xfc442703) lw      a4, -60(s0)
core   0: 3 0x000000008000ff50 (0xfc442703) x14 0x0000000000000000 mem 0x0000000080031f34
core   0: 0x000000008000ff54 (0x0ff77713) andi    a4, a4, 255
core   0: 3 0x000000008000ff54 (0x0ff77713) x14 0x0000000000000000
core   0: 0x000000008000ff58 (0x00e78023) sb      a4, 0(a5)
core   0: 3 0x000000008000ff58 (0x00e78023) mem 0x0000000080012084 0x00
core   0: 0x000000008000ff5c (0xfc843703) ld      a4, -56(s0)
core   0: 3 0x000000008000ff5c (0xfc843703) x14 0x0000000080012040 mem 0x0000000080031f38
core   0: 0x000000008000ff60 (0xfb843783) ld      a5, -72(s0)
core   0: 3 0x000000008000ff60 (0xfb843783) x15 0x000000000000009c mem 0x0000000080031f28
core   0: 0x000000008000ff64 (0x000097ba) c.add   a5, a4
core   0: 3 0x000000008000ff64 (0x97ba) x15 0x00000000800120dc
core   0: 0x000000008000ff66 (0xfe043703) ld      a4, -32(s0)
core   0: 3 0x000000008000ff66 (0xfe043703) x14 0x0000000080012085 mem 0x0000000080031f50
core   0: 0x000000008000ff6a (0xfcf76de3) bltu    a4, a5, pc - 38
core   0: 3 0x000000008000ff6a (0xfcf76de3)
core   0: 0x000000008000ff44 (0xfe043783) ld      a5, -32(s0)
core   0: 3 0x000000008000ff44 (0xfe043783) x15 0x0000000080012085 mem 0x0000000080031f50
core   0: 0x000000008000ff48 (0x00178713) addi    a4, a5, 1
core   0: 3 0x000000008000ff48 (0x00178713) x14 0x0000000080012086
core   0: 0x000000008000ff4c (0xfee43023) sd      a4, -32(s0)
core   0: 3 0x000000008000ff4c (0xfee43023) mem 0x0000000080031f50 0x0000000080012086
core   0: 0x000000008000ff50 (0xfc442703) lw      a4, -60(s0)
core   0: 3 0x000000008000ff50 (0xfc442703) x14 0x0000000000000000 mem 0x0000000080031f34
core   0: 0x000000008000ff54 (0x0ff77713) andi    a4, a4, 255
core   0: 3 0x000000008000ff54 (0x0ff77713) x14 0x0000000000000000
core   0: 0x000000008000ff58 (0x00e78023) sb      a4, 0(a5)
core   0: 3 0x000000008000ff58 (0x00e78023) mem 0x0000000080012085 0x00
core   0: 0x000000008000ff5c (0xfc843703) ld      a4, -56(s0)
core   0: 3 0x000000008000ff5c (0xfc843703) x14 0x0000000080012040 mem 0x0000000080031f38
core   0: 0x000000008000ff60 (0xfb843783) ld      a5, -72(s0)
core   0: 3 0x000000008000ff60 (0xfb843783) x15 0x000000000000009c mem 0x0000000080031f28
core   0: 0x000000008000ff64 (0x000097ba) c.add   a5, a4
core   0: 3 0x000000008000ff64 (0x97ba) x15 0x00000000800120dc
core   0: 0x000000008000ff66 (0xfe043703) ld      a4, -32(s0)
core   0: 3 0x000000008000ff66 (0xfe043703) x14 0x0000000080012086 mem 0x0000000080031f50
core   0: 0x000000008000ff6a (0xfcf76de3) bltu    a4, a5, pc - 38
core   0: 3 0x000000008000ff6a (0xfcf76de3)
core   0: 0x000000008000ff44 (0xfe043783) ld      a5, -32(s0)
core   0: 3 0x000000008000ff44 (0xfe043783) x15 0x0000000080012086 mem 0x0000000080031f50
core   0: 0x000000008000ff48 (0x00178713) addi    a4, a5, 1
core   0: 3 0x000000008000ff48 (0x00178713) x14 0x0000000080012087
core   0: 0x000000008000ff4c (0xfee43023) sd      a4, -32(s0)
core   0: 3 0x000000008000ff4c (0xfee43023) mem 0x0000000080031f50 0x0000000080012087
core   0: 0x000000008000ff50 (0xfc442703) lw      a4, -60(s0)
core   0: 3 0x000000008000ff50 (0xfc442703) x14 0x0000000000000000 mem 0x0000000080031f34
core   0: 0x000000008000ff54 (0x0ff77713) andi    a4, a4, 255
core   0: 3 0x000000008000ff54 (0x0ff77713) x14 0x0000000000000000
core   0: 0x000000008000ff58 (0x00e78023) sb      a4, 0(a5)
core   0: 3 0x000000008000ff58 (0x00e78023) mem 0x0000000080012086 0x00
core   0: 0x000000008000ff5c (0xfc843703) ld      a4, -56(s0)
core   0: 3 0x000000008000ff5c (0xfc843703) x14 0x0000000080012040 mem 0x0000000080031f38
core   0: 0x000000008000ff60 (0xfb843783) ld      a5, -72(s0)
core   0: 3 0x000000008000ff60 (0xfb843783) x15 0x000000000000009c mem 0x0000000080031f28
core   0: 0x000000008000ff64 (0x000097ba) c.add   a5, a4
core   0: 3 0x000000008000ff64 (0x97ba) x15 0x00000000800120dc
core   0: 0x000000008000ff66 (0xfe043703) ld      a4, -32(s0)
core   0: 3 0x000000008000ff66 (0xfe043703) x14 0x0000000080012087 mem 0x0000000080031f50
core   0: 0x000000008000ff6a (0xfcf76de3) bltu    a4, a5, pc - 38
core   0: 3 0x000000008000ff6a (0xfcf76de3)
core   0: 0x000000008000ff44 (0xfe043783) ld      a5, -32(s0)
core   0: 3 0x000000008000ff44 (0xfe043783) x15 0x0000000080012087 mem 0x0000000080031f50
core   0: 0x000000008000ff48 (0x00178713) addi    a4, a5, 1
core   0: 3 0x000000008000ff48 (0x00178713) x14 0x0000000080012088
core   0: 0x000000008000ff4c (0xfee43023) sd      a4, -32(s0)
core   0: 3 0x000000008000ff4c (0xfee43023) mem 0x0000000080031f50 0x0000000080012088
core   0: 0x000000008000ff50 (0xfc442703) lw      a4, -60(s0)
core   0: 3 0x000000008000ff50 (0xfc442703) x14 0x0000000000000000 mem 0x0000000080031f34
core   0: 0x000000008000ff54 (0x0ff77713) andi    a4, a4, 255
core   0: 3 0x000000008000ff54 (0x0ff77713) x14 0x0000000000000000
core   0: 0x000000008000ff58 (0x00e78023) sb      a4, 0(a5)
core   0: 3 0x000000008000ff58 (0x00e78023) mem 0x0000000080012087 0x00
core   0: 0x000000008000ff5c (0xfc843703) ld      a4, -56(s0)
core   0: 3 0x000000008000ff5c (0xfc843703) x14 0x0000000080012040 mem 0x0000000080031f38
core   0: 0x000000008000ff60 (0xfb843783) ld      a5, -72(s0)
core   0: 3 0x000000008000ff60 (0xfb843783) x15 0x000000000000009c mem 0x0000000080031f28
core   0: 0x000000008000ff64 (0x000097ba) c.add   a5, a4
core   0: 3 0x000000008000ff64 (0x97ba) x15 0x00000000800120dc
core   0: 0x000000008000ff66 (0xfe043703) ld      a4, -32(s0)
core   0: 3 0x000000008000ff66 (0xfe043703) x14 0x0000000080012088 mem 0x0000000080031f50
core   0: 0x000000008000ff6a (0xfcf76de3) bltu    a4, a5, pc - 38
core   0: 3 0x000000008000ff6a (0xfcf76de3)
core   0: 0x000000008000ff44 (0xfe043783) ld      a5, -32(s0)
core   0: 3 0x000000008000ff44 (0xfe043783) x15 0x0000000080012088 mem 0x0000000080031f50
core   0: 0x000000008000ff48 (0x00178713) addi    a4, a5, 1
core   0: 3 0x000000008000ff48 (0x00178713) x14 0x0000000080012089
core   0: 0x000000008000ff4c (0xfee43023) sd      a4, -32(s0)
core   0: 3 0x000000008000ff4c (0xfee43023) mem 0x0000000080031f50 0x0000000080012089
core   0: 0x000000008000ff50 (0xfc442703) lw      a4, -60(s0)
core   0: 3 0x000000008000ff50 (0xfc442703) x14 0x0000000000000000 mem 0x0000000080031f34
core   0: 0x000000008000ff54 (0x0ff77713) andi    a4, a4, 255
core   0: 3 0x000000008000ff54 (0x0ff77713) x14 0x0000000000000000
core   0: 0x000000008000ff58 (0x00e78023) sb      a4, 0(a5)
core   0: 3 0x000000008000ff58 (0x00e78023) mem 0x0000000080012088 0x00
core   0: 0x000000008000ff5c (0xfc843703) ld      a4, -56(s0)
core   0: 3 0x000000008000ff5c (0xfc843703) x14 0x0000000080012040 mem 0x0000000080031f38
core   0: 0x000000008000ff60 (0xfb843783) ld      a5, -72(s0)
core   0: 3 0x000000008000ff60 (0xfb843783) x15 0x000000000000009c mem 0x0000000080031f28
core   0: 0x000000008000ff64 (0x000097ba) c.add   a5, a4
core   0: 3 0x000000008000ff64 (0x97ba) x15 0x00000000800120dc
core   0: 0x000000008000ff66 (0xfe043703) ld      a4, -32(s0)
core   0: 3 0x000000008000ff66 (0xfe043703) x14 0x0000000080012089 mem 0x0000000080031f50
core   0: 0x000000008000ff6a (0xfcf76de3) bltu    a4, a5, pc - 38
core   0: 3 0x000000008000ff6a (0xfcf76de3)
core   0: 0x000000008000ff44 (0xfe043783) ld      a5, -32(s0)
core   0: 3 0x000000008000ff44 (0xfe043783) x15 0x0000000080012089 mem 0x0000000080031f50
core   0: 0x000000008000ff48 (0x00178713) addi    a4, a5, 1
core   0: 3 0x000000008000ff48 (0x00178713) x14 0x000000008001208a
core   0: 0x000000008000ff4c (0xfee43023) sd      a4, -32(s0)
core   0: 3 0x000000008000ff4c (0xfee43023) mem 0x0000000080031f50 0x000000008001208a
core   0: 0x000000008000ff50 (0xfc442703) lw      a4, -60(s0)
core   0: 3 0x000000008000ff50 (0xfc442703) x14 0x0000000000000000 mem 0x0000000080031f34
core   0: 0x000000008000ff54 (0x0ff77713) andi    a4, a4, 255
core   0: 3 0x000000008000ff54 (0x0ff77713) x14 0x0000000000000000
core   0: 0x000000008000ff58 (0x00e78023) sb      a4, 0(a5)
core   0: 3 0x000000008000ff58 (0x00e78023) mem 0x0000000080012089 0x00
core   0: 0x000000008000ff5c (0xfc843703) ld      a4, -56(s0)
core   0: 3 0x000000008000ff5c (0xfc843703) x14 0x0000000080012040 mem 0x0000000080031f38
core   0: 0x000000008000ff60 (0xfb843783) ld      a5, -72(s0)
core   0: 3 0x000000008000ff60 (0xfb843783) x15 0x000000000000009c mem 0x0000000080031f28
core   0: 0x000000008000ff64 (0x000097ba) c.add   a5, a4
core   0: 3 0x000000008000ff64 (0x97ba) x15 0x00000000800120dc
core   0: 0x000000008000ff66 (0xfe043703) ld      a4, -32(s0)
core   0: 3 0x000000008000ff66 (0xfe043703) x14 0x000000008001208a mem 0x0000000080031f50
core   0: 0x000000008000ff6a (0xfcf76de3) bltu    a4, a5, pc - 38
core   0: 3 0x000000008000ff6a (0xfcf76de3)
core   0: 0x000000008000ff44 (0xfe043783) ld      a5, -32(s0)
core   0: 3 0x000000008000ff44 (0xfe043783) x15 0x000000008001208a mem 0x0000000080031f50
core   0: 0x000000008000ff48 (0x00178713) addi    a4, a5, 1
core   0: 3 0x000000008000ff48 (0x00178713) x14 0x000000008001208b
core   0: 0x000000008000ff4c (0xfee43023) sd      a4, -32(s0)
core   0: 3 0x000000008000ff4c (0xfee43023) mem 0x0000000080031f50 0x000000008001208b
core   0: 0x000000008000ff50 (0xfc442703) lw      a4, -60(s0)
core   0: 3 0x000000008000ff50 (0xfc442703) x14 0x0000000000000000 mem 0x0000000080031f34
core   0: 0x000000008000ff54 (0x0ff77713) andi    a4, a4, 255
core   0: 3 0x000000008000ff54 (0x0ff77713) x14 0x0000000000000000
core   0: 0x000000008000ff58 (0x00e78023) sb      a4, 0(a5)
core   0: 3 0x000000008000ff58 (0x00e78023) mem 0x000000008001208a 0x00
core   0: 0x000000008000ff5c (0xfc843703) ld      a4, -56(s0)
core   0: 3 0x000000008000ff5c (0xfc843703) x14 0x0000000080012040 mem 0x0000000080031f38
core   0: 0x000000008000ff60 (0xfb843783) ld      a5, -72(s0)
core   0: 3 0x000000008000ff60 (0xfb843783) x15 0x000000000000009c mem 0x0000000080031f28
core   0: 0x000000008000ff64 (0x000097ba) c.add   a5, a4
core   0: 3 0x000000008000ff64 (0x97ba) x15 0x00000000800120dc
core   0: 0x000000008000ff66 (0xfe043703) ld      a4, -32(s0)
core   0: 3 0x000000008000ff66 (0xfe043703) x14 0x000000008001208b mem 0x0000000080031f50
core   0: 0x000000008000ff6a (0xfcf76de3) bltu    a4, a5, pc - 38
core   0: 3 0x000000008000ff6a (0xfcf76de3)
core   0: 0x000000008000ff44 (0xfe043783) ld      a5, -32(s0)
core   0: 3 0x000000008000ff44 (0xfe043783) x15 0x000000008001208b mem 0x0000000080031f50
core   0: 0x000000008000ff48 (0x00178713) addi    a4, a5, 1
core   0: 3 0x000000008000ff48 (0x00178713) x14 0x000000008001208c
core   0: 0x000000008000ff4c (0xfee43023) sd      a4, -32(s0)
core   0: 3 0x000000008000ff4c (0xfee43023) mem 0x0000000080031f50 0x000000008001208c
core   0: 0x000000008000ff50 (0xfc442703) lw      a4, -60(s0)
core   0: 3 0x000000008000ff50 (0xfc442703) x14 0x0000000000000000 mem 0x0000000080031f34
core   0: 0x000000008000ff54 (0x0ff77713) andi    a4, a4, 255
core   0: 3 0x000000008000ff54 (0x0ff77713) x14 0x0000000000000000
core   0: 0x000000008000ff58 (0x00e78023) sb      a4, 0(a5)
core   0: 3 0x000000008000ff58 (0x00e78023) mem 0x000000008001208b 0x00
core   0: 0x000000008000ff5c (0xfc843703) ld      a4, -56(s0)
core   0: 3 0x000000008000ff5c (0xfc843703) x14 0x0000000080012040 mem 0x0000000080031f38
core   0: 0x000000008000ff60 (0xfb843783) ld      a5, -72(s0)
core   0: 3 0x000000008000ff60 (0xfb843783) x15 0x000000000000009c mem 0x0000000080031f28
core   0: 0x000000008000ff64 (0x000097ba) c.add   a5, a4
core   0: 3 0x000000008000ff64 (0x97ba) x15 0x00000000800120dc
core   0: 0x000000008000ff66 (0xfe043703) ld      a4, -32(s0)
core   0: 3 0x000000008000ff66 (0xfe043703) x14 0x000000008001208c mem 0x0000000080031f50
core   0: 0x000000008000ff6a (0xfcf76de3) bltu    a4, a5, pc - 38
core   0: 3 0x000000008000ff6a (0xfcf76de3)
core   0: 0x000000008000ff44 (0xfe043783) ld      a5, -32(s0)
core   0: 3 0x000000008000ff44 (0xfe043783) x15 0x000000008001208c mem 0x0000000080031f50
core   0: 0x000000008000ff48 (0x00178713) addi    a4, a5, 1
core   0: 3 0x000000008000ff48 (0x00178713) x14 0x000000008001208d
core   0: 0x000000008000ff4c (0xfee43023) sd      a4, -32(s0)
core   0: 3 0x000000008000ff4c (0xfee43023) mem 0x0000000080031f50 0x000000008001208d
core   0: 0x000000008000ff50 (0xfc442703) lw      a4, -60(s0)
core   0: 3 0x000000008000ff50 (0xfc442703) x14 0x0000000000000000 mem 0x0000000080031f34
core   0: 0x000000008000ff54 (0x0ff77713) andi    a4, a4, 255
core   0: 3 0x000000008000ff54 (0x0ff77713) x14 0x0000000000000000
core   0: 0x000000008000ff58 (0x00e78023) sb      a4, 0(a5)
core   0: 3 0x000000008000ff58 (0x00e78023) mem 0x000000008001208c 0x00
core   0: 0x000000008000ff5c (0xfc843703) ld      a4, -56(s0)
core   0: 3 0x000000008000ff5c (0xfc843703) x14 0x0000000080012040 mem 0x0000000080031f38
core   0: 0x000000008000ff60 (0xfb843783) ld      a5, -72(s0)
core   0: 3 0x000000008000ff60 (0xfb843783) x15 0x000000000000009c mem 0x0000000080031f28
core   0: 0x000000008000ff64 (0x000097ba) c.add   a5, a4
core   0: 3 0x000000008000ff64 (0x97ba) x15 0x00000000800120dc
core   0: 0x000000008000ff66 (0xfe043703) ld      a4, -32(s0)
core   0: 3 0x000000008000ff66 (0xfe043703) x14 0x000000008001208d mem 0x0000000080031f50
core   0: 0x000000008000ff6a (0xfcf76de3) bltu    a4, a5, pc - 38
core   0: 3 0x000000008000ff6a (0xfcf76de3)
core   0: 0x000000008000ff44 (0xfe043783) ld      a5, -32(s0)
core   0: 3 0x000000008000ff44 (0xfe043783) x15 0x000000008001208d mem 0x0000000080031f50
core   0: 0x000000008000ff48 (0x00178713) addi    a4, a5, 1
core   0: 3 0x000000008000ff48 (0x00178713) x14 0x000000008001208e
core   0: 0x000000008000ff4c (0xfee43023) sd      a4, -32(s0)
core   0: 3 0x000000008000ff4c (0xfee43023) mem 0x0000000080031f50 0x000000008001208e
core   0: 0x000000008000ff50 (0xfc442703) lw      a4, -60(s0)
core   0: 3 0x000000008000ff50 (0xfc442703) x14 0x0000000000000000 mem 0x0000000080031f34
core   0: 0x000000008000ff54 (0x0ff77713) andi    a4, a4, 255
core   0: 3 0x000000008000ff54 (0x0ff77713) x14 0x0000000000000000
core   0: 0x000000008000ff58 (0x00e78023) sb      a4, 0(a5)
core   0: 3 0x000000008000ff58 (0x00e78023) mem 0x000000008001208d 0x00
core   0: 0x000000008000ff5c (0xfc843703) ld      a4, -56(s0)
core   0: 3 0x000000008000ff5c (0xfc843703) x14 0x0000000080012040 mem 0x0000000080031f38
core   0: 0x000000008000ff60 (0xfb843783) ld      a5, -72(s0)
core   0: 3 0x000000008000ff60 (0xfb843783) x15 0x000000000000009c mem 0x0000000080031f28
core   0: 0x000000008000ff64 (0x000097ba) c.add   a5, a4
core   0: 3 0x000000008000ff64 (0x97ba) x15 0x00000000800120dc
core   0: 0x000000008000ff66 (0xfe043703) ld      a4, -32(s0)
core   0: 3 0x000000008000ff66 (0xfe043703) x14 0x000000008001208e mem 0x0000000080031f50
core   0: 0x000000008000ff6a (0xfcf76de3) bltu    a4, a5, pc - 38
core   0: 3 0x000000008000ff6a (0xfcf76de3)
core   0: 0x000000008000ff44 (0xfe043783) ld      a5, -32(s0)
core   0: 3 0x000000008000ff44 (0xfe043783) x15 0x000000008001208e mem 0x0000000080031f50
core   0: 0x000000008000ff48 (0x00178713) addi    a4, a5, 1
core   0: 3 0x000000008000ff48 (0x00178713) x14 0x000000008001208f
core   0: 0x000000008000ff4c (0xfee43023) sd      a4, -32(s0)
core   0: 3 0x000000008000ff4c (0xfee43023) mem 0x0000000080031f50 0x000000008001208f
core   0: 0x000000008000ff50 (0xfc442703) lw      a4, -60(s0)
core   0: 3 0x000000008000ff50 (0xfc442703) x14 0x0000000000000000 mem 0x0000000080031f34
core   0: 0x000000008000ff54 (0x0ff77713) andi    a4, a4, 255
core   0: 3 0x000000008000ff54 (0x0ff77713) x14 0x0000000000000000
core   0: 0x000000008000ff58 (0x00e78023) sb      a4, 0(a5)
core   0: 3 0x000000008000ff58 (0x00e78023) mem 0x000000008001208e 0x00
core   0: 0x000000008000ff5c (0xfc843703) ld      a4, -56(s0)
core   0: 3 0x000000008000ff5c (0xfc843703) x14 0x0000000080012040 mem 0x0000000080031f38
core   0: 0x000000008000ff60 (0xfb843783) ld      a5, -72(s0)
core   0: 3 0x000000008000ff60 (0xfb843783) x15 0x000000000000009c mem 0x0000000080031f28
core   0: 0x000000008000ff64 (0x000097ba) c.add   a5, a4
core   0: 3 0x000000008000ff64 (0x97ba) x15 0x00000000800120dc
core   0: 0x000000008000ff66 (0xfe043703) ld      a4, -32(s0)
core   0: 3 0x000000008000ff66 (0xfe043703) x14 0x000000008001208f mem 0x0000000080031f50
core   0: 0x000000008000ff6a (0xfcf76de3) bltu    a4, a5, pc - 38
core   0: 3 0x000000008000ff6a (0xfcf76de3)
core   0: 0x000000008000ff44 (0xfe043783) ld      a5, -32(s0)
core   0: 3 0x000000008000ff44 (0xfe043783) x15 0x000000008001208f mem 0x0000000080031f50
core   0: 0x000000008000ff48 (0x00178713) addi    a4, a5, 1
core   0: 3 0x000000008000ff48 (0x00178713) x14 0x0000000080012090
core   0: 0x000000008000ff4c (0xfee43023) sd      a4, -32(s0)
core   0: 3 0x000000008000ff4c (0xfee43023) mem 0x0000000080031f50 0x0000000080012090
core   0: 0x000000008000ff50 (0xfc442703) lw      a4, -60(s0)
core   0: 3 0x000000008000ff50 (0xfc442703) x14 0x0000000000000000 mem 0x0000000080031f34
core   0: 0x000000008000ff54 (0x0ff77713) andi    a4, a4, 255
core   0: 3 0x000000008000ff54 (0x0ff77713) x14 0x0000000000000000
core   0: 0x000000008000ff58 (0x00e78023) sb      a4, 0(a5)
core   0: 3 0x000000008000ff58 (0x00e78023) mem 0x000000008001208f 0x00
core   0: 0x000000008000ff5c (0xfc843703) ld      a4, -56(s0)
core   0: 3 0x000000008000ff5c (0xfc843703) x14 0x0000000080012040 mem 0x0000000080031f38
core   0: 0x000000008000ff60 (0xfb843783) ld      a5, -72(s0)
core   0: 3 0x000000008000ff60 (0xfb843783) x15 0x000000000000009c mem 0x0000000080031f28
core   0: 0x000000008000ff64 (0x000097ba) c.add   a5, a4
core   0: 3 0x000000008000ff64 (0x97ba) x15 0x00000000800120dc
core   0: 0x000000008000ff66 (0xfe043703) ld      a4, -32(s0)
core   0: 3 0x000000008000ff66 (0xfe043703) x14 0x0000000080012090 mem 0x0000000080031f50
core   0: 0x000000008000ff6a (0xfcf76de3) bltu    a4, a5, pc - 38
core   0: 3 0x000000008000ff6a (0xfcf76de3)
core   0: 0x000000008000ff44 (0xfe043783) ld      a5, -32(s0)
core   0: 3 0x000000008000ff44 (0xfe043783) x15 0x0000000080012090 mem 0x0000000080031f50
core   0: 0x000000008000ff48 (0x00178713) addi    a4, a5, 1
core   0: 3 0x000000008000ff48 (0x00178713) x14 0x0000000080012091
core   0: 0x000000008000ff4c (0xfee43023) sd      a4, -32(s0)
core   0: 3 0x000000008000ff4c (0xfee43023) mem 0x0000000080031f50 0x0000000080012091
core   0: 0x000000008000ff50 (0xfc442703) lw      a4, -60(s0)
core   0: 3 0x000000008000ff50 (0xfc442703) x14 0x0000000000000000 mem 0x0000000080031f34
core   0: 0x000000008000ff54 (0x0ff77713) andi    a4, a4, 255
core   0: 3 0x000000008000ff54 (0x0ff77713) x14 0x0000000000000000
core   0: 0x000000008000ff58 (0x00e78023) sb      a4, 0(a5)
core   0: 3 0x000000008000ff58 (0x00e78023) mem 0x0000000080012090 0x00
core   0: 0x000000008000ff5c (0xfc843703) ld      a4, -56(s0)
core   0: 3 0x000000008000ff5c (0xfc843703) x14 0x0000000080012040 mem 0x0000000080031f38
core   0: 0x000000008000ff60 (0xfb843783) ld      a5, -72(s0)
core   0: 3 0x000000008000ff60 (0xfb843783) x15 0x000000000000009c mem 0x0000000080031f28
core   0: 0x000000008000ff64 (0x000097ba) c.add   a5, a4
core   0: 3 0x000000008000ff64 (0x97ba) x15 0x00000000800120dc
core   0: 0x000000008000ff66 (0xfe043703) ld      a4, -32(s0)
core   0: 3 0x000000008000ff66 (0xfe043703) x14 0x0000000080012091 mem 0x0000000080031f50
core   0: 0x000000008000ff6a (0xfcf76de3) bltu    a4, a5, pc - 38
core   0: 3 0x000000008000ff6a (0xfcf76de3)
core   0: 0x000000008000ff44 (0xfe043783) ld      a5, -32(s0)
core   0: 3 0x000000008000ff44 (0xfe043783) x15 0x0000000080012091 mem 0x0000000080031f50
core   0: 0x000000008000ff48 (0x00178713) addi    a4, a5, 1
core   0: 3 0x000000008000ff48 (0x00178713) x14 0x0000000080012092
core   0: 0x000000008000ff4c (0xfee43023) sd      a4, -32(s0)
core   0: 3 0x000000008000ff4c (0xfee43023) mem 0x0000000080031f50 0x0000000080012092
core   0: 0x000000008000ff50 (0xfc442703) lw      a4, -60(s0)
core   0: 3 0x000000008000ff50 (0xfc442703) x14 0x0000000000000000 mem 0x0000000080031f34
core   0: 0x000000008000ff54 (0x0ff77713) andi    a4, a4, 255
core   0: 3 0x000000008000ff54 (0x0ff77713) x14 0x0000000000000000
core   0: 0x000000008000ff58 (0x00e78023) sb      a4, 0(a5)
core   0: 3 0x000000008000ff58 (0x00e78023) mem 0x0000000080012091 0x00
core   0: 0x000000008000ff5c (0xfc843703) ld      a4, -56(s0)
core   0: 3 0x000000008000ff5c (0xfc843703) x14 0x0000000080012040 mem 0x0000000080031f38
core   0: 0x000000008000ff60 (0xfb843783) ld      a5, -72(s0)
core   0: 3 0x000000008000ff60 (0xfb843783) x15 0x000000000000009c mem 0x0000000080031f28
core   0: 0x000000008000ff64 (0x000097ba) c.add   a5, a4
core   0: 3 0x000000008000ff64 (0x97ba) x15 0x00000000800120dc
core   0: 0x000000008000ff66 (0xfe043703) ld      a4, -32(s0)
core   0: 3 0x000000008000ff66 (0xfe043703) x14 0x0000000080012092 mem 0x0000000080031f50
core   0: 0x000000008000ff6a (0xfcf76de3) bltu    a4, a5, pc - 38
core   0: 3 0x000000008000ff6a (0xfcf76de3)
core   0: 0x000000008000ff44 (0xfe043783) ld      a5, -32(s0)
core   0: 3 0x000000008000ff44 (0xfe043783) x15 0x0000000080012092 mem 0x0000000080031f50
core   0: 0x000000008000ff48 (0x00178713) addi    a4, a5, 1
core   0: 3 0x000000008000ff48 (0x00178713) x14 0x0000000080012093
core   0: 0x000000008000ff4c (0xfee43023) sd      a4, -32(s0)
core   0: 3 0x000000008000ff4c (0xfee43023) mem 0x0000000080031f50 0x0000000080012093
core   0: 0x000000008000ff50 (0xfc442703) lw      a4, -60(s0)
core   0: 3 0x000000008000ff50 (0xfc442703) x14 0x0000000000000000 mem 0x0000000080031f34
core   0: 0x000000008000ff54 (0x0ff77713) andi    a4, a4, 255
core   0: 3 0x000000008000ff54 (0x0ff77713) x14 0x0000000000000000
core   0: 0x000000008000ff58 (0x00e78023) sb      a4, 0(a5)
core   0: 3 0x000000008000ff58 (0x00e78023) mem 0x0000000080012092 0x00
core   0: 0x000000008000ff5c (0xfc843703) ld      a4, -56(s0)
core   0: 3 0x000000008000ff5c (0xfc843703) x14 0x0000000080012040 mem 0x0000000080031f38
core   0: 0x000000008000ff60 (0xfb843783) ld      a5, -72(s0)
core   0: 3 0x000000008000ff60 (0xfb843783) x15 0x000000000000009c mem 0x0000000080031f28
core   0: 0x000000008000ff64 (0x000097ba) c.add   a5, a4
core   0: 3 0x000000008000ff64 (0x97ba) x15 0x00000000800120dc
core   0: 0x000000008000ff66 (0xfe043703) ld      a4, -32(s0)
core   0: 3 0x000000008000ff66 (0xfe043703) x14 0x0000000080012093 mem 0x0000000080031f50
core   0: 0x000000008000ff6a (0xfcf76de3) bltu    a4, a5, pc - 38
core   0: 3 0x000000008000ff6a (0xfcf76de3)
core   0: 0x000000008000ff44 (0xfe043783) ld      a5, -32(s0)
core   0: 3 0x000000008000ff44 (0xfe043783) x15 0x0000000080012093 mem 0x0000000080031f50
core   0: 0x000000008000ff48 (0x00178713) addi    a4, a5, 1
core   0: 3 0x000000008000ff48 (0x00178713) x14 0x0000000080012094
core   0: 0x000000008000ff4c (0xfee43023) sd      a4, -32(s0)
core   0: 3 0x000000008000ff4c (0xfee43023) mem 0x0000000080031f50 0x0000000080012094
core   0: 0x000000008000ff50 (0xfc442703) lw      a4, -60(s0)
core   0: 3 0x000000008000ff50 (0xfc442703) x14 0x0000000000000000 mem 0x0000000080031f34
core   0: 0x000000008000ff54 (0x0ff77713) andi    a4, a4, 255
core   0: 3 0x000000008000ff54 (0x0ff77713) x14 0x0000000000000000
core   0: 0x000000008000ff58 (0x00e78023) sb      a4, 0(a5)
core   0: 3 0x000000008000ff58 (0x00e78023) mem 0x0000000080012093 0x00
core   0: 0x000000008000ff5c (0xfc843703) ld      a4, -56(s0)
core   0: 3 0x000000008000ff5c (0xfc843703) x14 0x0000000080012040 mem 0x0000000080031f38
core   0: 0x000000008000ff60 (0xfb843783) ld      a5, -72(s0)
core   0: 3 0x000000008000ff60 (0xfb843783) x15 0x000000000000009c mem 0x0000000080031f28
core   0: 0x000000008000ff64 (0x000097ba) c.add   a5, a4
core   0: 3 0x000000008000ff64 (0x97ba) x15 0x00000000800120dc
core   0: 0x000000008000ff66 (0xfe043703) ld      a4, -32(s0)
core   0: 3 0x000000008000ff66 (0xfe043703) x14 0x0000000080012094 mem 0x0000000080031f50
core   0: 0x000000008000ff6a (0xfcf76de3) bltu    a4, a5, pc - 38
core   0: 3 0x000000008000ff6a (0xfcf76de3)
core   0: 0x000000008000ff44 (0xfe043783) ld      a5, -32(s0)
core   0: 3 0x000000008000ff44 (0xfe043783) x15 0x0000000080012094 mem 0x0000000080031f50
core   0: 0x000000008000ff48 (0x00178713) addi    a4, a5, 1
core   0: 3 0x000000008000ff48 (0x00178713) x14 0x0000000080012095
core   0: 0x000000008000ff4c (0xfee43023) sd      a4, -32(s0)
core   0: 3 0x000000008000ff4c (0xfee43023) mem 0x0000000080031f50 0x0000000080012095
core   0: 0x000000008000ff50 (0xfc442703) lw      a4, -60(s0)
core   0: 3 0x000000008000ff50 (0xfc442703) x14 0x0000000000000000 mem 0x0000000080031f34
core   0: 0x000000008000ff54 (0x0ff77713) andi    a4, a4, 255
core   0: 3 0x000000008000ff54 (0x0ff77713) x14 0x0000000000000000
core   0: 0x000000008000ff58 (0x00e78023) sb      a4, 0(a5)
core   0: 3 0x000000008000ff58 (0x00e78023) mem 0x0000000080012094 0x00
core   0: 0x000000008000ff5c (0xfc843703) ld      a4, -56(s0)
core   0: 3 0x000000008000ff5c (0xfc843703) x14 0x0000000080012040 mem 0x0000000080031f38
core   0: 0x000000008000ff60 (0xfb843783) ld      a5, -72(s0)
core   0: 3 0x000000008000ff60 (0xfb843783) x15 0x000000000000009c mem 0x0000000080031f28
core   0: 0x000000008000ff64 (0x000097ba) c.add   a5, a4
core   0: 3 0x000000008000ff64 (0x97ba) x15 0x00000000800120dc
core   0: 0x000000008000ff66 (0xfe043703) ld      a4, -32(s0)
core   0: 3 0x000000008000ff66 (0xfe043703) x14 0x0000000080012095 mem 0x0000000080031f50
core   0: 0x000000008000ff6a (0xfcf76de3) bltu    a4, a5, pc - 38
core   0: 3 0x000000008000ff6a (0xfcf76de3)
core   0: 0x000000008000ff44 (0xfe043783) ld      a5, -32(s0)
core   0: 3 0x000000008000ff44 (0xfe043783) x15 0x0000000080012095 mem 0x0000000080031f50
core   0: 0x000000008000ff48 (0x00178713) addi    a4, a5, 1
core   0: 3 0x000000008000ff48 (0x00178713) x14 0x0000000080012096
core   0: 0x000000008000ff4c (0xfee43023) sd      a4, -32(s0)
core   0: 3 0x000000008000ff4c (0xfee43023) mem 0x0000000080031f50 0x0000000080012096
core   0: 0x000000008000ff50 (0xfc442703) lw      a4, -60(s0)
core   0: 3 0x000000008000ff50 (0xfc442703) x14 0x0000000000000000 mem 0x0000000080031f34
core   0: 0x000000008000ff54 (0x0ff77713) andi    a4, a4, 255
core   0: 3 0x000000008000ff54 (0x0ff77713) x14 0x0000000000000000
core   0: 0x000000008000ff58 (0x00e78023) sb      a4, 0(a5)
core   0: 3 0x000000008000ff58 (0x00e78023) mem 0x0000000080012095 0x00
core   0: 0x000000008000ff5c (0xfc843703) ld      a4, -56(s0)
core   0: 3 0x000000008000ff5c (0xfc843703) x14 0x0000000080012040 mem 0x0000000080031f38
core   0: 0x000000008000ff60 (0xfb843783) ld      a5, -72(s0)
core   0: 3 0x000000008000ff60 (0xfb843783) x15 0x000000000000009c mem 0x0000000080031f28
core   0: 0x000000008000ff64 (0x000097ba) c.add   a5, a4
core   0: 3 0x000000008000ff64 (0x97ba) x15 0x00000000800120dc
core   0: 0x000000008000ff66 (0xfe043703) ld      a4, -32(s0)
core   0: 3 0x000000008000ff66 (0xfe043703) x14 0x0000000080012096 mem 0x0000000080031f50
core   0: 0x000000008000ff6a (0xfcf76de3) bltu    a4, a5, pc - 38
core   0: 3 0x000000008000ff6a (0xfcf76de3)
core   0: 0x000000008000ff44 (0xfe043783) ld      a5, -32(s0)
core   0: 3 0x000000008000ff44 (0xfe043783) x15 0x0000000080012096 mem 0x0000000080031f50
core   0: 0x000000008000ff48 (0x00178713) addi    a4, a5, 1
core   0: 3 0x000000008000ff48 (0x00178713) x14 0x0000000080012097
core   0: 0x000000008000ff4c (0xfee43023) sd      a4, -32(s0)
core   0: 3 0x000000008000ff4c (0xfee43023) mem 0x0000000080031f50 0x0000000080012097
core   0: 0x000000008000ff50 (0xfc442703) lw      a4, -60(s0)
core   0: 3 0x000000008000ff50 (0xfc442703) x14 0x0000000000000000 mem 0x0000000080031f34
core   0: 0x000000008000ff54 (0x0ff77713) andi    a4, a4, 255
core   0: 3 0x000000008000ff54 (0x0ff77713) x14 0x0000000000000000
core   0: 0x000000008000ff58 (0x00e78023) sb      a4, 0(a5)
core   0: 3 0x000000008000ff58 (0x00e78023) mem 0x0000000080012096 0x00
core   0: 0x000000008000ff5c (0xfc843703) ld      a4, -56(s0)
core   0: 3 0x000000008000ff5c (0xfc843703) x14 0x0000000080012040 mem 0x0000000080031f38
core   0: 0x000000008000ff60 (0xfb843783) ld      a5, -72(s0)
core   0: 3 0x000000008000ff60 (0xfb843783) x15 0x000000000000009c mem 0x0000000080031f28
core   0: 0x000000008000ff64 (0x000097ba) c.add   a5, a4
core   0: 3 0x000000008000ff64 (0x97ba) x15 0x00000000800120dc
core   0: 0x000000008000ff66 (0xfe043703) ld      a4, -32(s0)
core   0: 3 0x000000008000ff66 (0xfe043703) x14 0x0000000080012097 mem 0x0000000080031f50
core   0: 0x000000008000ff6a (0xfcf76de3) bltu    a4, a5, pc - 38
core   0: 3 0x000000008000ff6a (0xfcf76de3)
core   0: 0x000000008000ff44 (0xfe043783) ld      a5, -32(s0)
core   0: 3 0x000000008000ff44 (0xfe043783) x15 0x0000000080012097 mem 0x0000000080031f50
core   0: 0x000000008000ff48 (0x00178713) addi    a4, a5, 1
core   0: 3 0x000000008000ff48 (0x00178713) x14 0x0000000080012098
core   0: 0x000000008000ff4c (0xfee43023) sd      a4, -32(s0)
core   0: 3 0x000000008000ff4c (0xfee43023) mem 0x0000000080031f50 0x0000000080012098
core   0: 0x000000008000ff50 (0xfc442703) lw      a4, -60(s0)
core   0: 3 0x000000008000ff50 (0xfc442703) x14 0x0000000000000000 mem 0x0000000080031f34
core   0: 0x000000008000ff54 (0x0ff77713) andi    a4, a4, 255
core   0: 3 0x000000008000ff54 (0x0ff77713) x14 0x0000000000000000
core   0: 0x000000008000ff58 (0x00e78023) sb      a4, 0(a5)
core   0: 3 0x000000008000ff58 (0x00e78023) mem 0x0000000080012097 0x00
core   0: 0x000000008000ff5c (0xfc843703) ld      a4, -56(s0)
core   0: 3 0x000000008000ff5c (0xfc843703) x14 0x0000000080012040 mem 0x0000000080031f38
core   0: 0x000000008000ff60 (0xfb843783) ld      a5, -72(s0)
core   0: 3 0x000000008000ff60 (0xfb843783) x15 0x000000000000009c mem 0x0000000080031f28
core   0: 0x000000008000ff64 (0x000097ba) c.add   a5, a4
core   0: 3 0x000000008000ff64 (0x97ba) x15 0x00000000800120dc
core   0: 0x000000008000ff66 (0xfe043703) ld      a4, -32(s0)
core   0: 3 0x000000008000ff66 (0xfe043703) x14 0x0000000080012098 mem 0x0000000080031f50
core   0: 0x000000008000ff6a (0xfcf76de3) bltu    a4, a5, pc - 38
core   0: 3 0x000000008000ff6a (0xfcf76de3)
core   0: 0x000000008000ff44 (0xfe043783) ld      a5, -32(s0)
core   0: 3 0x000000008000ff44 (0xfe043783) x15 0x0000000080012098 mem 0x0000000080031f50
core   0: 0x000000008000ff48 (0x00178713) addi    a4, a5, 1
core   0: 3 0x000000008000ff48 (0x00178713) x14 0x0000000080012099
core   0: 0x000000008000ff4c (0xfee43023) sd      a4, -32(s0)
core   0: 3 0x000000008000ff4c (0xfee43023) mem 0x0000000080031f50 0x0000000080012099
core   0: 0x000000008000ff50 (0xfc442703) lw      a4, -60(s0)
core   0: 3 0x000000008000ff50 (0xfc442703) x14 0x0000000000000000 mem 0x0000000080031f34
core   0: 0x000000008000ff54 (0x0ff77713) andi    a4, a4, 255
core   0: 3 0x000000008000ff54 (0x0ff77713) x14 0x0000000000000000
core   0: 0x000000008000ff58 (0x00e78023) sb      a4, 0(a5)
core   0: 3 0x000000008000ff58 (0x00e78023) mem 0x0000000080012098 0x00
core   0: 0x000000008000ff5c (0xfc843703) ld      a4, -56(s0)
core   0: 3 0x000000008000ff5c (0xfc843703) x14 0x0000000080012040 mem 0x0000000080031f38
core   0: 0x000000008000ff60 (0xfb843783) ld      a5, -72(s0)
core   0: 3 0x000000008000ff60 (0xfb843783) x15 0x000000000000009c mem 0x0000000080031f28
core   0: 0x000000008000ff64 (0x000097ba) c.add   a5, a4
core   0: 3 0x000000008000ff64 (0x97ba) x15 0x00000000800120dc
core   0: 0x000000008000ff66 (0xfe043703) ld      a4, -32(s0)
core   0: 3 0x000000008000ff66 (0xfe043703) x14 0x0000000080012099 mem 0x0000000080031f50
core   0: 0x000000008000ff6a (0xfcf76de3) bltu    a4, a5, pc - 38
core   0: 3 0x000000008000ff6a (0xfcf76de3)
core   0: 0x000000008000ff44 (0xfe043783) ld      a5, -32(s0)
core   0: 3 0x000000008000ff44 (0xfe043783) x15 0x0000000080012099 mem 0x0000000080031f50
core   0: 0x000000008000ff48 (0x00178713) addi    a4, a5, 1
core   0: 3 0x000000008000ff48 (0x00178713) x14 0x000000008001209a
core   0: 0x000000008000ff4c (0xfee43023) sd      a4, -32(s0)
core   0: 3 0x000000008000ff4c (0xfee43023) mem 0x0000000080031f50 0x000000008001209a
core   0: 0x000000008000ff50 (0xfc442703) lw      a4, -60(s0)
core   0: 3 0x000000008000ff50 (0xfc442703) x14 0x0000000000000000 mem 0x0000000080031f34
core   0: 0x000000008000ff54 (0x0ff77713) andi    a4, a4, 255
core   0: 3 0x000000008000ff54 (0x0ff77713) x14 0x0000000000000000
core   0: 0x000000008000ff58 (0x00e78023) sb      a4, 0(a5)
core   0: 3 0x000000008000ff58 (0x00e78023) mem 0x0000000080012099 0x00
core   0: 0x000000008000ff5c (0xfc843703) ld      a4, -56(s0)
core   0: 3 0x000000008000ff5c (0xfc843703) x14 0x0000000080012040 mem 0x0000000080031f38
core   0: 0x000000008000ff60 (0xfb843783) ld      a5, -72(s0)
core   0: 3 0x000000008000ff60 (0xfb843783) x15 0x000000000000009c mem 0x0000000080031f28
core   0: 0x000000008000ff64 (0x000097ba) c.add   a5, a4
core   0: 3 0x000000008000ff64 (0x97ba) x15 0x00000000800120dc
core   0: 0x000000008000ff66 (0xfe043703) ld      a4, -32(s0)
core   0: 3 0x000000008000ff66 (0xfe043703) x14 0x000000008001209a mem 0x0000000080031f50
core   0: 0x000000008000ff6a (0xfcf76de3) bltu    a4, a5, pc - 38
core   0: 3 0x000000008000ff6a (0xfcf76de3)
core   0: 0x000000008000ff44 (0xfe043783) ld      a5, -32(s0)
core   0: 3 0x000000008000ff44 (0xfe043783) x15 0x000000008001209a mem 0x0000000080031f50
core   0: 0x000000008000ff48 (0x00178713) addi    a4, a5, 1
core   0: 3 0x000000008000ff48 (0x00178713) x14 0x000000008001209b
core   0: 0x000000008000ff4c (0xfee43023) sd      a4, -32(s0)
core   0: 3 0x000000008000ff4c (0xfee43023) mem 0x0000000080031f50 0x000000008001209b
core   0: 0x000000008000ff50 (0xfc442703) lw      a4, -60(s0)
core   0: 3 0x000000008000ff50 (0xfc442703) x14 0x0000000000000000 mem 0x0000000080031f34
core   0: 0x000000008000ff54 (0x0ff77713) andi    a4, a4, 255
core   0: 3 0x000000008000ff54 (0x0ff77713) x14 0x0000000000000000
core   0: 0x000000008000ff58 (0x00e78023) sb      a4, 0(a5)
core   0: 3 0x000000008000ff58 (0x00e78023) mem 0x000000008001209a 0x00
core   0: 0x000000008000ff5c (0xfc843703) ld      a4, -56(s0)
core   0: 3 0x000000008000ff5c (0xfc843703) x14 0x0000000080012040 mem 0x0000000080031f38
core   0: 0x000000008000ff60 (0xfb843783) ld      a5, -72(s0)
core   0: 3 0x000000008000ff60 (0xfb843783) x15 0x000000000000009c mem 0x0000000080031f28
core   0: 0x000000008000ff64 (0x000097ba) c.add   a5, a4
core   0: 3 0x000000008000ff64 (0x97ba) x15 0x00000000800120dc
core   0: 0x000000008000ff66 (0xfe043703) ld      a4, -32(s0)
core   0: 3 0x000000008000ff66 (0xfe043703) x14 0x000000008001209b mem 0x0000000080031f50
core   0: 0x000000008000ff6a (0xfcf76de3) bltu    a4, a5, pc - 38
core   0: 3 0x000000008000ff6a (0xfcf76de3)
core   0: 0x000000008000ff44 (0xfe043783) ld      a5, -32(s0)
core   0: 3 0x000000008000ff44 (0xfe043783) x15 0x000000008001209b mem 0x0000000080031f50
core   0: 0x000000008000ff48 (0x00178713) addi    a4, a5, 1
core   0: 3 0x000000008000ff48 (0x00178713) x14 0x000000008001209c
core   0: 0x000000008000ff4c (0xfee43023) sd      a4, -32(s0)
core   0: 3 0x000000008000ff4c (0xfee43023) mem 0x0000000080031f50 0x000000008001209c
core   0: 0x000000008000ff50 (0xfc442703) lw      a4, -60(s0)
core   0: 3 0x000000008000ff50 (0xfc442703) x14 0x0000000000000000 mem 0x0000000080031f34
core   0: 0x000000008000ff54 (0x0ff77713) andi    a4, a4, 255
core   0: 3 0x000000008000ff54 (0x0ff77713) x14 0x0000000000000000
core   0: 0x000000008000ff58 (0x00e78023) sb      a4, 0(a5)
core   0: 3 0x000000008000ff58 (0x00e78023) mem 0x000000008001209b 0x00
core   0: 0x000000008000ff5c (0xfc843703) ld      a4, -56(s0)
core   0: 3 0x000000008000ff5c (0xfc843703) x14 0x0000000080012040 mem 0x0000000080031f38
core   0: 0x000000008000ff60 (0xfb843783) ld      a5, -72(s0)
core   0: 3 0x000000008000ff60 (0xfb843783) x15 0x000000000000009c mem 0x0000000080031f28
core   0: 0x000000008000ff64 (0x000097ba) c.add   a5, a4
core   0: 3 0x000000008000ff64 (0x97ba) x15 0x00000000800120dc
core   0: 0x000000008000ff66 (0xfe043703) ld      a4, -32(s0)
core   0: 3 0x000000008000ff66 (0xfe043703) x14 0x000000008001209c mem 0x0000000080031f50
core   0: 0x000000008000ff6a (0xfcf76de3) bltu    a4, a5, pc - 38
core   0: 3 0x000000008000ff6a (0xfcf76de3)
core   0: 0x000000008000ff44 (0xfe043783) ld      a5, -32(s0)
core   0: 3 0x000000008000ff44 (0xfe043783) x15 0x000000008001209c mem 0x0000000080031f50
core   0: 0x000000008000ff48 (0x00178713) addi    a4, a5, 1
core   0: 3 0x000000008000ff48 (0x00178713) x14 0x000000008001209d
core   0: 0x000000008000ff4c (0xfee43023) sd      a4, -32(s0)
core   0: 3 0x000000008000ff4c (0xfee43023) mem 0x0000000080031f50 0x000000008001209d
core   0: 0x000000008000ff50 (0xfc442703) lw      a4, -60(s0)
core   0: 3 0x000000008000ff50 (0xfc442703) x14 0x0000000000000000 mem 0x0000000080031f34
core   0: 0x000000008000ff54 (0x0ff77713) andi    a4, a4, 255
core   0: 3 0x000000008000ff54 (0x0ff77713) x14 0x0000000000000000
core   0: 0x000000008000ff58 (0x00e78023) sb      a4, 0(a5)
core   0: 3 0x000000008000ff58 (0x00e78023) mem 0x000000008001209c 0x00
core   0: 0x000000008000ff5c (0xfc843703) ld      a4, -56(s0)
core   0: 3 0x000000008000ff5c (0xfc843703) x14 0x0000000080012040 mem 0x0000000080031f38
core   0: 0x000000008000ff60 (0xfb843783) ld      a5, -72(s0)
core   0: 3 0x000000008000ff60 (0xfb843783) x15 0x000000000000009c mem 0x0000000080031f28
core   0: 0x000000008000ff64 (0x000097ba) c.add   a5, a4
core   0: 3 0x000000008000ff64 (0x97ba) x15 0x00000000800120dc
core   0: 0x000000008000ff66 (0xfe043703) ld      a4, -32(s0)
core   0: 3 0x000000008000ff66 (0xfe043703) x14 0x000000008001209d mem 0x0000000080031f50
core   0: 0x000000008000ff6a (0xfcf76de3) bltu    a4, a5, pc - 38
core   0: 3 0x000000008000ff6a (0xfcf76de3)
core   0: 0x000000008000ff44 (0xfe043783) ld      a5, -32(s0)
core   0: 3 0x000000008000ff44 (0xfe043783) x15 0x000000008001209d mem 0x0000000080031f50
core   0: 0x000000008000ff48 (0x00178713) addi    a4, a5, 1
core   0: 3 0x000000008000ff48 (0x00178713) x14 0x000000008001209e
core   0: 0x000000008000ff4c (0xfee43023) sd      a4, -32(s0)
core   0: 3 0x000000008000ff4c (0xfee43023) mem 0x0000000080031f50 0x000000008001209e
core   0: 0x000000008000ff50 (0xfc442703) lw      a4, -60(s0)
core   0: 3 0x000000008000ff50 (0xfc442703) x14 0x0000000000000000 mem 0x0000000080031f34
core   0: 0x000000008000ff54 (0x0ff77713) andi    a4, a4, 255
core   0: 3 0x000000008000ff54 (0x0ff77713) x14 0x0000000000000000
core   0: 0x000000008000ff58 (0x00e78023) sb      a4, 0(a5)
core   0: 3 0x000000008000ff58 (0x00e78023) mem 0x000000008001209d 0x00
core   0: 0x000000008000ff5c (0xfc843703) ld      a4, -56(s0)
core   0: 3 0x000000008000ff5c (0xfc843703) x14 0x0000000080012040 mem 0x0000000080031f38
core   0: 0x000000008000ff60 (0xfb843783) ld      a5, -72(s0)
core   0: 3 0x000000008000ff60 (0xfb843783) x15 0x000000000000009c mem 0x0000000080031f28
core   0: 0x000000008000ff64 (0x000097ba) c.add   a5, a4
core   0: 3 0x000000008000ff64 (0x97ba) x15 0x00000000800120dc
core   0: 0x000000008000ff66 (0xfe043703) ld      a4, -32(s0)
core   0: 3 0x000000008000ff66 (0xfe043703) x14 0x000000008001209e mem 0x0000000080031f50
core   0: 0x000000008000ff6a (0xfcf76de3) bltu    a4, a5, pc - 38
core   0: 3 0x000000008000ff6a (0xfcf76de3)
core   0: 0x000000008000ff44 (0xfe043783) ld      a5, -32(s0)
core   0: 3 0x000000008000ff44 (0xfe043783) x15 0x000000008001209e mem 0x0000000080031f50
core   0: 0x000000008000ff48 (0x00178713) addi    a4, a5, 1
core   0: 3 0x000000008000ff48 (0x00178713) x14 0x000000008001209f
core   0: 0x000000008000ff4c (0xfee43023) sd      a4, -32(s0)
core   0: 3 0x000000008000ff4c (0xfee43023) mem 0x0000000080031f50 0x000000008001209f
core   0: 0x000000008000ff50 (0xfc442703) lw      a4, -60(s0)
core   0: 3 0x000000008000ff50 (0xfc442703) x14 0x0000000000000000 mem 0x0000000080031f34
core   0: 0x000000008000ff54 (0x0ff77713) andi    a4, a4, 255
core   0: 3 0x000000008000ff54 (0x0ff77713) x14 0x0000000000000000
core   0: 0x000000008000ff58 (0x00e78023) sb      a4, 0(a5)
core   0: 3 0x000000008000ff58 (0x00e78023) mem 0x000000008001209e 0x00
core   0: 0x000000008000ff5c (0xfc843703) ld      a4, -56(s0)
core   0: 3 0x000000008000ff5c (0xfc843703) x14 0x0000000080012040 mem 0x0000000080031f38
core   0: 0x000000008000ff60 (0xfb843783) ld      a5, -72(s0)
core   0: 3 0x000000008000ff60 (0xfb843783) x15 0x000000000000009c mem 0x0000000080031f28
core   0: 0x000000008000ff64 (0x000097ba) c.add   a5, a4
core   0: 3 0x000000008000ff64 (0x97ba) x15 0x00000000800120dc
core   0: 0x000000008000ff66 (0xfe043703) ld      a4, -32(s0)
core   0: 3 0x000000008000ff66 (0xfe043703) x14 0x000000008001209f mem 0x0000000080031f50
core   0: 0x000000008000ff6a (0xfcf76de3) bltu    a4, a5, pc - 38
core   0: 3 0x000000008000ff6a (0xfcf76de3)
core   0: 0x000000008000ff44 (0xfe043783) ld      a5, -32(s0)
core   0: 3 0x000000008000ff44 (0xfe043783) x15 0x000000008001209f mem 0x0000000080031f50
core   0: 0x000000008000ff48 (0x00178713) addi    a4, a5, 1
core   0: 3 0x000000008000ff48 (0x00178713) x14 0x00000000800120a0
core   0: 0x000000008000ff4c (0xfee43023) sd      a4, -32(s0)
core   0: 3 0x000000008000ff4c (0xfee43023) mem 0x0000000080031f50 0x00000000800120a0
core   0: 0x000000008000ff50 (0xfc442703) lw      a4, -60(s0)
core   0: 3 0x000000008000ff50 (0xfc442703) x14 0x0000000000000000 mem 0x0000000080031f34
core   0: 0x000000008000ff54 (0x0ff77713) andi    a4, a4, 255
core   0: 3 0x000000008000ff54 (0x0ff77713) x14 0x0000000000000000
core   0: 0x000000008000ff58 (0x00e78023) sb      a4, 0(a5)
core   0: 3 0x000000008000ff58 (0x00e78023) mem 0x000000008001209f 0x00
core   0: 0x000000008000ff5c (0xfc843703) ld      a4, -56(s0)
core   0: 3 0x000000008000ff5c (0xfc843703) x14 0x0000000080012040 mem 0x0000000080031f38
core   0: 0x000000008000ff60 (0xfb843783) ld      a5, -72(s0)
core   0: 3 0x000000008000ff60 (0xfb843783) x15 0x000000000000009c mem 0x0000000080031f28
core   0: 0x000000008000ff64 (0x000097ba) c.add   a5, a4
core   0: 3 0x000000008000ff64 (0x97ba) x15 0x00000000800120dc
core   0: 0x000000008000ff66 (0xfe043703) ld      a4, -32(s0)
core   0: 3 0x000000008000ff66 (0xfe043703) x14 0x00000000800120a0 mem 0x0000000080031f50
core   0: 0x000000008000ff6a (0xfcf76de3) bltu    a4, a5, pc - 38
core   0: 3 0x000000008000ff6a (0xfcf76de3)
core   0: 0x000000008000ff44 (0xfe043783) ld      a5, -32(s0)
core   0: 3 0x000000008000ff44 (0xfe043783) x15 0x00000000800120a0 mem 0x0000000080031f50
core   0: 0x000000008000ff48 (0x00178713) addi    a4, a5, 1
core   0: 3 0x000000008000ff48 (0x00178713) x14 0x00000000800120a1
core   0: 0x000000008000ff4c (0xfee43023) sd      a4, -32(s0)
core   0: 3 0x000000008000ff4c (0xfee43023) mem 0x0000000080031f50 0x00000000800120a1
core   0: 0x000000008000ff50 (0xfc442703) lw      a4, -60(s0)
core   0: 3 0x000000008000ff50 (0xfc442703) x14 0x0000000000000000 mem 0x0000000080031f34
core   0: 0x000000008000ff54 (0x0ff77713) andi    a4, a4, 255
core   0: 3 0x000000008000ff54 (0x0ff77713) x14 0x0000000000000000
core   0: 0x000000008000ff58 (0x00e78023) sb      a4, 0(a5)
core   0: 3 0x000000008000ff58 (0x00e78023) mem 0x00000000800120a0 0x00
core   0: 0x000000008000ff5c (0xfc843703) ld      a4, -56(s0)
core   0: 3 0x000000008000ff5c (0xfc843703) x14 0x0000000080012040 mem 0x0000000080031f38
core   0: 0x000000008000ff60 (0xfb843783) ld      a5, -72(s0)
core   0: 3 0x000000008000ff60 (0xfb843783) x15 0x000000000000009c mem 0x0000000080031f28
core   0: 0x000000008000ff64 (0x000097ba) c.add   a5, a4
core   0: 3 0x000000008000ff64 (0x97ba) x15 0x00000000800120dc
core   0: 0x000000008000ff66 (0xfe043703) ld      a4, -32(s0)
core   0: 3 0x000000008000ff66 (0xfe043703) x14 0x00000000800120a1 mem 0x0000000080031f50
core   0: 0x000000008000ff6a (0xfcf76de3) bltu    a4, a5, pc - 38
core   0: 3 0x000000008000ff6a (0xfcf76de3)
core   0: 0x000000008000ff44 (0xfe043783) ld      a5, -32(s0)
core   0: 3 0x000000008000ff44 (0xfe043783) x15 0x00000000800120a1 mem 0x0000000080031f50
core   0: 0x000000008000ff48 (0x00178713) addi    a4, a5, 1
core   0: 3 0x000000008000ff48 (0x00178713) x14 0x00000000800120a2
core   0: 0x000000008000ff4c (0xfee43023) sd      a4, -32(s0)
core   0: 3 0x000000008000ff4c (0xfee43023) mem 0x0000000080031f50 0x00000000800120a2
core   0: 0x000000008000ff50 (0xfc442703) lw      a4, -60(s0)
core   0: 3 0x000000008000ff50 (0xfc442703) x14 0x0000000000000000 mem 0x0000000080031f34
core   0: 0x000000008000ff54 (0x0ff77713) andi    a4, a4, 255
core   0: 3 0x000000008000ff54 (0x0ff77713) x14 0x0000000000000000
core   0: 0x000000008000ff58 (0x00e78023) sb      a4, 0(a5)
core   0: 3 0x000000008000ff58 (0x00e78023) mem 0x00000000800120a1 0x00
core   0: 0x000000008000ff5c (0xfc843703) ld      a4, -56(s0)
core   0: 3 0x000000008000ff5c (0xfc843703) x14 0x0000000080012040 mem 0x0000000080031f38
core   0: 0x000000008000ff60 (0xfb843783) ld      a5, -72(s0)
core   0: 3 0x000000008000ff60 (0xfb843783) x15 0x000000000000009c mem 0x0000000080031f28
core   0: 0x000000008000ff64 (0x000097ba) c.add   a5, a4
core   0: 3 0x000000008000ff64 (0x97ba) x15 0x00000000800120dc
core   0: 0x000000008000ff66 (0xfe043703) ld      a4, -32(s0)
core   0: 3 0x000000008000ff66 (0xfe043703) x14 0x00000000800120a2 mem 0x0000000080031f50
core   0: 0x000000008000ff6a (0xfcf76de3) bltu    a4, a5, pc - 38
core   0: 3 0x000000008000ff6a (0xfcf76de3)
core   0: 0x000000008000ff44 (0xfe043783) ld      a5, -32(s0)
core   0: 3 0x000000008000ff44 (0xfe043783) x15 0x00000000800120a2 mem 0x0000000080031f50
core   0: 0x000000008000ff48 (0x00178713) addi    a4, a5, 1
core   0: 3 0x000000008000ff48 (0x00178713) x14 0x00000000800120a3
core   0: 0x000000008000ff4c (0xfee43023) sd      a4, -32(s0)
core   0: 3 0x000000008000ff4c (0xfee43023) mem 0x0000000080031f50 0x00000000800120a3
core   0: 0x000000008000ff50 (0xfc442703) lw      a4, -60(s0)
core   0: 3 0x000000008000ff50 (0xfc442703) x14 0x0000000000000000 mem 0x0000000080031f34
core   0: 0x000000008000ff54 (0x0ff77713) andi    a4, a4, 255
core   0: 3 0x000000008000ff54 (0x0ff77713) x14 0x0000000000000000
core   0: 0x000000008000ff58 (0x00e78023) sb      a4, 0(a5)
core   0: 3 0x000000008000ff58 (0x00e78023) mem 0x00000000800120a2 0x00
core   0: 0x000000008000ff5c (0xfc843703) ld      a4, -56(s0)
core   0: 3 0x000000008000ff5c (0xfc843703) x14 0x0000000080012040 mem 0x0000000080031f38
core   0: 0x000000008000ff60 (0xfb843783) ld      a5, -72(s0)
core   0: 3 0x000000008000ff60 (0xfb843783) x15 0x000000000000009c mem 0x0000000080031f28
core   0: 0x000000008000ff64 (0x000097ba) c.add   a5, a4
core   0: 3 0x000000008000ff64 (0x97ba) x15 0x00000000800120dc
core   0: 0x000000008000ff66 (0xfe043703) ld      a4, -32(s0)
core   0: 3 0x000000008000ff66 (0xfe043703) x14 0x00000000800120a3 mem 0x0000000080031f50
core   0: 0x000000008000ff6a (0xfcf76de3) bltu    a4, a5, pc - 38
core   0: 3 0x000000008000ff6a (0xfcf76de3)
core   0: 0x000000008000ff44 (0xfe043783) ld      a5, -32(s0)
core   0: 3 0x000000008000ff44 (0xfe043783) x15 0x00000000800120a3 mem 0x0000000080031f50
core   0: 0x000000008000ff48 (0x00178713) addi    a4, a5, 1
core   0: 3 0x000000008000ff48 (0x00178713) x14 0x00000000800120a4
core   0: 0x000000008000ff4c (0xfee43023) sd      a4, -32(s0)
core   0: 3 0x000000008000ff4c (0xfee43023) mem 0x0000000080031f50 0x00000000800120a4
core   0: 0x000000008000ff50 (0xfc442703) lw      a4, -60(s0)
core   0: 3 0x000000008000ff50 (0xfc442703) x14 0x0000000000000000 mem 0x0000000080031f34
core   0: 0x000000008000ff54 (0x0ff77713) andi    a4, a4, 255
core   0: 3 0x000000008000ff54 (0x0ff77713) x14 0x0000000000000000
core   0: 0x000000008000ff58 (0x00e78023) sb      a4, 0(a5)
core   0: 3 0x000000008000ff58 (0x00e78023) mem 0x00000000800120a3 0x00
core   0: 0x000000008000ff5c (0xfc843703) ld      a4, -56(s0)
core   0: 3 0x000000008000ff5c (0xfc843703) x14 0x0000000080012040 mem 0x0000000080031f38
core   0: 0x000000008000ff60 (0xfb843783) ld      a5, -72(s0)
core   0: 3 0x000000008000ff60 (0xfb843783) x15 0x000000000000009c mem 0x0000000080031f28
core   0: 0x000000008000ff64 (0x000097ba) c.add   a5, a4
core   0: 3 0x000000008000ff64 (0x97ba) x15 0x00000000800120dc
core   0: 0x000000008000ff66 (0xfe043703) ld      a4, -32(s0)
core   0: 3 0x000000008000ff66 (0xfe043703) x14 0x00000000800120a4 mem 0x0000000080031f50
core   0: 0x000000008000ff6a (0xfcf76de3) bltu    a4, a5, pc - 38
core   0: 3 0x000000008000ff6a (0xfcf76de3)
core   0: 0x000000008000ff44 (0xfe043783) ld      a5, -32(s0)
core   0: 3 0x000000008000ff44 (0xfe043783) x15 0x00000000800120a4 mem 0x0000000080031f50
core   0: 0x000000008000ff48 (0x00178713) addi    a4, a5, 1
core   0: 3 0x000000008000ff48 (0x00178713) x14 0x00000000800120a5
core   0: 0x000000008000ff4c (0xfee43023) sd      a4, -32(s0)
core   0: 3 0x000000008000ff4c (0xfee43023) mem 0x0000000080031f50 0x00000000800120a5
core   0: 0x000000008000ff50 (0xfc442703) lw      a4, -60(s0)
core   0: 3 0x000000008000ff50 (0xfc442703) x14 0x0000000000000000 mem 0x0000000080031f34
core   0: 0x000000008000ff54 (0x0ff77713) andi    a4, a4, 255
core   0: 3 0x000000008000ff54 (0x0ff77713) x14 0x0000000000000000
core   0: 0x000000008000ff58 (0x00e78023) sb      a4, 0(a5)
core   0: 3 0x000000008000ff58 (0x00e78023) mem 0x00000000800120a4 0x00
core   0: 0x000000008000ff5c (0xfc843703) ld      a4, -56(s0)
core   0: 3 0x000000008000ff5c (0xfc843703) x14 0x0000000080012040 mem 0x0000000080031f38
core   0: 0x000000008000ff60 (0xfb843783) ld      a5, -72(s0)
core   0: 3 0x000000008000ff60 (0xfb843783) x15 0x000000000000009c mem 0x0000000080031f28
core   0: 0x000000008000ff64 (0x000097ba) c.add   a5, a4
core   0: 3 0x000000008000ff64 (0x97ba) x15 0x00000000800120dc
core   0: 0x000000008000ff66 (0xfe043703) ld      a4, -32(s0)
core   0: 3 0x000000008000ff66 (0xfe043703) x14 0x00000000800120a5 mem 0x0000000080031f50
core   0: 0x000000008000ff6a (0xfcf76de3) bltu    a4, a5, pc - 38
core   0: 3 0x000000008000ff6a (0xfcf76de3)
core   0: 0x000000008000ff44 (0xfe043783) ld      a5, -32(s0)
core   0: 3 0x000000008000ff44 (0xfe043783) x15 0x00000000800120a5 mem 0x0000000080031f50
core   0: 0x000000008000ff48 (0x00178713) addi    a4, a5, 1
core   0: 3 0x000000008000ff48 (0x00178713) x14 0x00000000800120a6
core   0: 0x000000008000ff4c (0xfee43023) sd      a4, -32(s0)
core   0: 3 0x000000008000ff4c (0xfee43023) mem 0x0000000080031f50 0x00000000800120a6
core   0: 0x000000008000ff50 (0xfc442703) lw      a4, -60(s0)
core   0: 3 0x000000008000ff50 (0xfc442703) x14 0x0000000000000000 mem 0x0000000080031f34
core   0: 0x000000008000ff54 (0x0ff77713) andi    a4, a4, 255
core   0: 3 0x000000008000ff54 (0x0ff77713) x14 0x0000000000000000
core   0: 0x000000008000ff58 (0x00e78023) sb      a4, 0(a5)
core   0: 3 0x000000008000ff58 (0x00e78023) mem 0x00000000800120a5 0x00
core   0: 0x000000008000ff5c (0xfc843703) ld      a4, -56(s0)
core   0: 3 0x000000008000ff5c (0xfc843703) x14 0x0000000080012040 mem 0x0000000080031f38
core   0: 0x000000008000ff60 (0xfb843783) ld      a5, -72(s0)
core   0: 3 0x000000008000ff60 (0xfb843783) x15 0x000000000000009c mem 0x0000000080031f28
core   0: 0x000000008000ff64 (0x000097ba) c.add   a5, a4
core   0: 3 0x000000008000ff64 (0x97ba) x15 0x00000000800120dc
core   0: 0x000000008000ff66 (0xfe043703) ld      a4, -32(s0)
core   0: 3 0x000000008000ff66 (0xfe043703) x14 0x00000000800120a6 mem 0x0000000080031f50
core   0: 0x000000008000ff6a (0xfcf76de3) bltu    a4, a5, pc - 38
core   0: 3 0x000000008000ff6a (0xfcf76de3)
core   0: 0x000000008000ff44 (0xfe043783) ld      a5, -32(s0)
core   0: 3 0x000000008000ff44 (0xfe043783) x15 0x00000000800120a6 mem 0x0000000080031f50
core   0: 0x000000008000ff48 (0x00178713) addi    a4, a5, 1
core   0: 3 0x000000008000ff48 (0x00178713) x14 0x00000000800120a7
core   0: 0x000000008000ff4c (0xfee43023) sd      a4, -32(s0)
core   0: 3 0x000000008000ff4c (0xfee43023) mem 0x0000000080031f50 0x00000000800120a7
core   0: 0x000000008000ff50 (0xfc442703) lw      a4, -60(s0)
core   0: 3 0x000000008000ff50 (0xfc442703) x14 0x0000000000000000 mem 0x0000000080031f34
core   0: 0x000000008000ff54 (0x0ff77713) andi    a4, a4, 255
core   0: 3 0x000000008000ff54 (0x0ff77713) x14 0x0000000000000000
core   0: 0x000000008000ff58 (0x00e78023) sb      a4, 0(a5)
core   0: 3 0x000000008000ff58 (0x00e78023) mem 0x00000000800120a6 0x00
core   0: 0x000000008000ff5c (0xfc843703) ld      a4, -56(s0)
core   0: 3 0x000000008000ff5c (0xfc843703) x14 0x0000000080012040 mem 0x0000000080031f38
core   0: 0x000000008000ff60 (0xfb843783) ld      a5, -72(s0)
core   0: 3 0x000000008000ff60 (0xfb843783) x15 0x000000000000009c mem 0x0000000080031f28
core   0: 0x000000008000ff64 (0x000097ba) c.add   a5, a4
core   0: 3 0x000000008000ff64 (0x97ba) x15 0x00000000800120dc
core   0: 0x000000008000ff66 (0xfe043703) ld      a4, -32(s0)
core   0: 3 0x000000008000ff66 (0xfe043703) x14 0x00000000800120a7 mem 0x0000000080031f50
core   0: 0x000000008000ff6a (0xfcf76de3) bltu    a4, a5, pc - 38
core   0: 3 0x000000008000ff6a (0xfcf76de3)
core   0: 0x000000008000ff44 (0xfe043783) ld      a5, -32(s0)
core   0: 3 0x000000008000ff44 (0xfe043783) x15 0x00000000800120a7 mem 0x0000000080031f50
core   0: 0x000000008000ff48 (0x00178713) addi    a4, a5, 1
core   0: 3 0x000000008000ff48 (0x00178713) x14 0x00000000800120a8
core   0: 0x000000008000ff4c (0xfee43023) sd      a4, -32(s0)
core   0: 3 0x000000008000ff4c (0xfee43023) mem 0x0000000080031f50 0x00000000800120a8
core   0: 0x000000008000ff50 (0xfc442703) lw      a4, -60(s0)
core   0: 3 0x000000008000ff50 (0xfc442703) x14 0x0000000000000000 mem 0x0000000080031f34
core   0: 0x000000008000ff54 (0x0ff77713) andi    a4, a4, 255
core   0: 3 0x000000008000ff54 (0x0ff77713) x14 0x0000000000000000
core   0: 0x000000008000ff58 (0x00e78023) sb      a4, 0(a5)
core   0: 3 0x000000008000ff58 (0x00e78023) mem 0x00000000800120a7 0x00
core   0: 0x000000008000ff5c (0xfc843703) ld      a4, -56(s0)
core   0: 3 0x000000008000ff5c (0xfc843703) x14 0x0000000080012040 mem 0x0000000080031f38
core   0: 0x000000008000ff60 (0xfb843783) ld      a5, -72(s0)
core   0: 3 0x000000008000ff60 (0xfb843783) x15 0x000000000000009c mem 0x0000000080031f28
core   0: 0x000000008000ff64 (0x000097ba) c.add   a5, a4
core   0: 3 0x000000008000ff64 (0x97ba) x15 0x00000000800120dc
core   0: 0x000000008000ff66 (0xfe043703) ld      a4, -32(s0)
core   0: 3 0x000000008000ff66 (0xfe043703) x14 0x00000000800120a8 mem 0x0000000080031f50
core   0: 0x000000008000ff6a (0xfcf76de3) bltu    a4, a5, pc - 38
core   0: 3 0x000000008000ff6a (0xfcf76de3)
core   0: 0x000000008000ff44 (0xfe043783) ld      a5, -32(s0)
core   0: 3 0x000000008000ff44 (0xfe043783) x15 0x00000000800120a8 mem 0x0000000080031f50
core   0: 0x000000008000ff48 (0x00178713) addi    a4, a5, 1
core   0: 3 0x000000008000ff48 (0x00178713) x14 0x00000000800120a9
core   0: 0x000000008000ff4c (0xfee43023) sd      a4, -32(s0)
core   0: 3 0x000000008000ff4c (0xfee43023) mem 0x0000000080031f50 0x00000000800120a9
core   0: 0x000000008000ff50 (0xfc442703) lw      a4, -60(s0)
core   0: 3 0x000000008000ff50 (0xfc442703) x14 0x0000000000000000 mem 0x0000000080031f34
core   0: 0x000000008000ff54 (0x0ff77713) andi    a4, a4, 255
core   0: 3 0x000000008000ff54 (0x0ff77713) x14 0x0000000000000000
core   0: 0x000000008000ff58 (0x00e78023) sb      a4, 0(a5)
core   0: 3 0x000000008000ff58 (0x00e78023) mem 0x00000000800120a8 0x00
core   0: 0x000000008000ff5c (0xfc843703) ld      a4, -56(s0)
core   0: 3 0x000000008000ff5c (0xfc843703) x14 0x0000000080012040 mem 0x0000000080031f38
core   0: 0x000000008000ff60 (0xfb843783) ld      a5, -72(s0)
core   0: 3 0x000000008000ff60 (0xfb843783) x15 0x000000000000009c mem 0x0000000080031f28
core   0: 0x000000008000ff64 (0x000097ba) c.add   a5, a4
core   0: 3 0x000000008000ff64 (0x97ba) x15 0x00000000800120dc
core   0: 0x000000008000ff66 (0xfe043703) ld      a4, -32(s0)
core   0: 3 0x000000008000ff66 (0xfe043703) x14 0x00000000800120a9 mem 0x0000000080031f50
core   0: 0x000000008000ff6a (0xfcf76de3) bltu    a4, a5, pc - 38
core   0: 3 0x000000008000ff6a (0xfcf76de3)
core   0: 0x000000008000ff44 (0xfe043783) ld      a5, -32(s0)
core   0: 3 0x000000008000ff44 (0xfe043783) x15 0x00000000800120a9 mem 0x0000000080031f50
core   0: 0x000000008000ff48 (0x00178713) addi    a4, a5, 1
core   0: 3 0x000000008000ff48 (0x00178713) x14 0x00000000800120aa
core   0: 0x000000008000ff4c (0xfee43023) sd      a4, -32(s0)
core   0: 3 0x000000008000ff4c (0xfee43023) mem 0x0000000080031f50 0x00000000800120aa
core   0: 0x000000008000ff50 (0xfc442703) lw      a4, -60(s0)
core   0: 3 0x000000008000ff50 (0xfc442703) x14 0x0000000000000000 mem 0x0000000080031f34
core   0: 0x000000008000ff54 (0x0ff77713) andi    a4, a4, 255
core   0: 3 0x000000008000ff54 (0x0ff77713) x14 0x0000000000000000
core   0: 0x000000008000ff58 (0x00e78023) sb      a4, 0(a5)
core   0: 3 0x000000008000ff58 (0x00e78023) mem 0x00000000800120a9 0x00
core   0: 0x000000008000ff5c (0xfc843703) ld      a4, -56(s0)
core   0: 3 0x000000008000ff5c (0xfc843703) x14 0x0000000080012040 mem 0x0000000080031f38
core   0: 0x000000008000ff60 (0xfb843783) ld      a5, -72(s0)
core   0: 3 0x000000008000ff60 (0xfb843783) x15 0x000000000000009c mem 0x0000000080031f28
core   0: 0x000000008000ff64 (0x000097ba) c.add   a5, a4
core   0: 3 0x000000008000ff64 (0x97ba) x15 0x00000000800120dc
core   0: 0x000000008000ff66 (0xfe043703) ld      a4, -32(s0)
core   0: 3 0x000000008000ff66 (0xfe043703) x14 0x00000000800120aa mem 0x0000000080031f50
core   0: 0x000000008000ff6a (0xfcf76de3) bltu    a4, a5, pc - 38
core   0: 3 0x000000008000ff6a (0xfcf76de3)
core   0: 0x000000008000ff44 (0xfe043783) ld      a5, -32(s0)
core   0: 3 0x000000008000ff44 (0xfe043783) x15 0x00000000800120aa mem 0x0000000080031f50
core   0: 0x000000008000ff48 (0x00178713) addi    a4, a5, 1
core   0: 3 0x000000008000ff48 (0x00178713) x14 0x00000000800120ab
core   0: 0x000000008000ff4c (0xfee43023) sd      a4, -32(s0)
core   0: 3 0x000000008000ff4c (0xfee43023) mem 0x0000000080031f50 0x00000000800120ab
core   0: 0x000000008000ff50 (0xfc442703) lw      a4, -60(s0)
core   0: 3 0x000000008000ff50 (0xfc442703) x14 0x0000000000000000 mem 0x0000000080031f34
core   0: 0x000000008000ff54 (0x0ff77713) andi    a4, a4, 255
core   0: 3 0x000000008000ff54 (0x0ff77713) x14 0x0000000000000000
core   0: 0x000000008000ff58 (0x00e78023) sb      a4, 0(a5)
core   0: 3 0x000000008000ff58 (0x00e78023) mem 0x00000000800120aa 0x00
core   0: 0x000000008000ff5c (0xfc843703) ld      a4, -56(s0)
core   0: 3 0x000000008000ff5c (0xfc843703) x14 0x0000000080012040 mem 0x0000000080031f38
core   0: 0x000000008000ff60 (0xfb843783) ld      a5, -72(s0)
core   0: 3 0x000000008000ff60 (0xfb843783) x15 0x000000000000009c mem 0x0000000080031f28
core   0: 0x000000008000ff64 (0x000097ba) c.add   a5, a4
core   0: 3 0x000000008000ff64 (0x97ba) x15 0x00000000800120dc
core   0: 0x000000008000ff66 (0xfe043703) ld      a4, -32(s0)
core   0: 3 0x000000008000ff66 (0xfe043703) x14 0x00000000800120ab mem 0x0000000080031f50
core   0: 0x000000008000ff6a (0xfcf76de3) bltu    a4, a5, pc - 38
core   0: 3 0x000000008000ff6a (0xfcf76de3)
core   0: 0x000000008000ff44 (0xfe043783) ld      a5, -32(s0)
core   0: 3 0x000000008000ff44 (0xfe043783) x15 0x00000000800120ab mem 0x0000000080031f50
core   0: 0x000000008000ff48 (0x00178713) addi    a4, a5, 1
core   0: 3 0x000000008000ff48 (0x00178713) x14 0x00000000800120ac
core   0: 0x000000008000ff4c (0xfee43023) sd      a4, -32(s0)
core   0: 3 0x000000008000ff4c (0xfee43023) mem 0x0000000080031f50 0x00000000800120ac
core   0: 0x000000008000ff50 (0xfc442703) lw      a4, -60(s0)
core   0: 3 0x000000008000ff50 (0xfc442703) x14 0x0000000000000000 mem 0x0000000080031f34
core   0: 0x000000008000ff54 (0x0ff77713) andi    a4, a4, 255
core   0: 3 0x000000008000ff54 (0x0ff77713) x14 0x0000000000000000
core   0: 0x000000008000ff58 (0x00e78023) sb      a4, 0(a5)
core   0: 3 0x000000008000ff58 (0x00e78023) mem 0x00000000800120ab 0x00
core   0: 0x000000008000ff5c (0xfc843703) ld      a4, -56(s0)
core   0: 3 0x000000008000ff5c (0xfc843703) x14 0x0000000080012040 mem 0x0000000080031f38
core   0: 0x000000008000ff60 (0xfb843783) ld      a5, -72(s0)
core   0: 3 0x000000008000ff60 (0xfb843783) x15 0x000000000000009c mem 0x0000000080031f28
core   0: 0x000000008000ff64 (0x000097ba) c.add   a5, a4
core   0: 3 0x000000008000ff64 (0x97ba) x15 0x00000000800120dc
core   0: 0x000000008000ff66 (0xfe043703) ld      a4, -32(s0)
core   0: 3 0x000000008000ff66 (0xfe043703) x14 0x00000000800120ac mem 0x0000000080031f50
core   0: 0x000000008000ff6a (0xfcf76de3) bltu    a4, a5, pc - 38
core   0: 3 0x000000008000ff6a (0xfcf76de3)
core   0: 0x000000008000ff44 (0xfe043783) ld      a5, -32(s0)
core   0: 3 0x000000008000ff44 (0xfe043783) x15 0x00000000800120ac mem 0x0000000080031f50
core   0: 0x000000008000ff48 (0x00178713) addi    a4, a5, 1
core   0: 3 0x000000008000ff48 (0x00178713) x14 0x00000000800120ad
core   0: 0x000000008000ff4c (0xfee43023) sd      a4, -32(s0)
core   0: 3 0x000000008000ff4c (0xfee43023) mem 0x0000000080031f50 0x00000000800120ad
core   0: 0x000000008000ff50 (0xfc442703) lw      a4, -60(s0)
core   0: 3 0x000000008000ff50 (0xfc442703) x14 0x0000000000000000 mem 0x0000000080031f34
core   0: 0x000000008000ff54 (0x0ff77713) andi    a4, a4, 255
core   0: 3 0x000000008000ff54 (0x0ff77713) x14 0x0000000000000000
core   0: 0x000000008000ff58 (0x00e78023) sb      a4, 0(a5)
core   0: 3 0x000000008000ff58 (0x00e78023) mem 0x00000000800120ac 0x00
core   0: 0x000000008000ff5c (0xfc843703) ld      a4, -56(s0)
core   0: 3 0x000000008000ff5c (0xfc843703) x14 0x0000000080012040 mem 0x0000000080031f38
core   0: 0x000000008000ff60 (0xfb843783) ld      a5, -72(s0)
core   0: 3 0x000000008000ff60 (0xfb843783) x15 0x000000000000009c mem 0x0000000080031f28
core   0: 0x000000008000ff64 (0x000097ba) c.add   a5, a4
core   0: 3 0x000000008000ff64 (0x97ba) x15 0x00000000800120dc
core   0: 0x000000008000ff66 (0xfe043703) ld      a4, -32(s0)
core   0: 3 0x000000008000ff66 (0xfe043703) x14 0x00000000800120ad mem 0x0000000080031f50
core   0: 0x000000008000ff6a (0xfcf76de3) bltu    a4, a5, pc - 38
core   0: 3 0x000000008000ff6a (0xfcf76de3)
core   0: 0x000000008000ff44 (0xfe043783) ld      a5, -32(s0)
core   0: 3 0x000000008000ff44 (0xfe043783) x15 0x00000000800120ad mem 0x0000000080031f50
core   0: 0x000000008000ff48 (0x00178713) addi    a4, a5, 1
core   0: 3 0x000000008000ff48 (0x00178713) x14 0x00000000800120ae
core   0: 0x000000008000ff4c (0xfee43023) sd      a4, -32(s0)
core   0: 3 0x000000008000ff4c (0xfee43023) mem 0x0000000080031f50 0x00000000800120ae
core   0: 0x000000008000ff50 (0xfc442703) lw      a4, -60(s0)
core   0: 3 0x000000008000ff50 (0xfc442703) x14 0x0000000000000000 mem 0x0000000080031f34
core   0: 0x000000008000ff54 (0x0ff77713) andi    a4, a4, 255
core   0: 3 0x000000008000ff54 (0x0ff77713) x14 0x0000000000000000
core   0: 0x000000008000ff58 (0x00e78023) sb      a4, 0(a5)
core   0: 3 0x000000008000ff58 (0x00e78023) mem 0x00000000800120ad 0x00
core   0: 0x000000008000ff5c (0xfc843703) ld      a4, -56(s0)
core   0: 3 0x000000008000ff5c (0xfc843703) x14 0x0000000080012040 mem 0x0000000080031f38
core   0: 0x000000008000ff60 (0xfb843783) ld      a5, -72(s0)
core   0: 3 0x000000008000ff60 (0xfb843783) x15 0x000000000000009c mem 0x0000000080031f28
core   0: 0x000000008000ff64 (0x000097ba) c.add   a5, a4
core   0: 3 0x000000008000ff64 (0x97ba) x15 0x00000000800120dc
core   0: 0x000000008000ff66 (0xfe043703) ld      a4, -32(s0)
core   0: 3 0x000000008000ff66 (0xfe043703) x14 0x00000000800120ae mem 0x0000000080031f50
core   0: 0x000000008000ff6a (0xfcf76de3) bltu    a4, a5, pc - 38
core   0: 3 0x000000008000ff6a (0xfcf76de3)
core   0: 0x000000008000ff44 (0xfe043783) ld      a5, -32(s0)
core   0: 3 0x000000008000ff44 (0xfe043783) x15 0x00000000800120ae mem 0x0000000080031f50
core   0: 0x000000008000ff48 (0x00178713) addi    a4, a5, 1
core   0: 3 0x000000008000ff48 (0x00178713) x14 0x00000000800120af
core   0: 0x000000008000ff4c (0xfee43023) sd      a4, -32(s0)
core   0: 3 0x000000008000ff4c (0xfee43023) mem 0x0000000080031f50 0x00000000800120af
core   0: 0x000000008000ff50 (0xfc442703) lw      a4, -60(s0)
core   0: 3 0x000000008000ff50 (0xfc442703) x14 0x0000000000000000 mem 0x0000000080031f34
core   0: 0x000000008000ff54 (0x0ff77713) andi    a4, a4, 255
core   0: 3 0x000000008000ff54 (0x0ff77713) x14 0x0000000000000000
core   0: 0x000000008000ff58 (0x00e78023) sb      a4, 0(a5)
core   0: 3 0x000000008000ff58 (0x00e78023) mem 0x00000000800120ae 0x00
core   0: 0x000000008000ff5c (0xfc843703) ld      a4, -56(s0)
core   0: 3 0x000000008000ff5c (0xfc843703) x14 0x0000000080012040 mem 0x0000000080031f38
core   0: 0x000000008000ff60 (0xfb843783) ld      a5, -72(s0)
core   0: 3 0x000000008000ff60 (0xfb843783) x15 0x000000000000009c mem 0x0000000080031f28
core   0: 0x000000008000ff64 (0x000097ba) c.add   a5, a4
core   0: 3 0x000000008000ff64 (0x97ba) x15 0x00000000800120dc
core   0: 0x000000008000ff66 (0xfe043703) ld      a4, -32(s0)
core   0: 3 0x000000008000ff66 (0xfe043703) x14 0x00000000800120af mem 0x0000000080031f50
core   0: 0x000000008000ff6a (0xfcf76de3) bltu    a4, a5, pc - 38
core   0: 3 0x000000008000ff6a (0xfcf76de3)
core   0: 0x000000008000ff44 (0xfe043783) ld      a5, -32(s0)
core   0: 3 0x000000008000ff44 (0xfe043783) x15 0x00000000800120af mem 0x0000000080031f50
core   0: 0x000000008000ff48 (0x00178713) addi    a4, a5, 1
core   0: 3 0x000000008000ff48 (0x00178713) x14 0x00000000800120b0
core   0: 0x000000008000ff4c (0xfee43023) sd      a4, -32(s0)
core   0: 3 0x000000008000ff4c (0xfee43023) mem 0x0000000080031f50 0x00000000800120b0
core   0: 0x000000008000ff50 (0xfc442703) lw      a4, -60(s0)
core   0: 3 0x000000008000ff50 (0xfc442703) x14 0x0000000000000000 mem 0x0000000080031f34
core   0: 0x000000008000ff54 (0x0ff77713) andi    a4, a4, 255
core   0: 3 0x000000008000ff54 (0x0ff77713) x14 0x0000000000000000
core   0: 0x000000008000ff58 (0x00e78023) sb      a4, 0(a5)
core   0: 3 0x000000008000ff58 (0x00e78023) mem 0x00000000800120af 0x00
core   0: 0x000000008000ff5c (0xfc843703) ld      a4, -56(s0)
core   0: 3 0x000000008000ff5c (0xfc843703) x14 0x0000000080012040 mem 0x0000000080031f38
core   0: 0x000000008000ff60 (0xfb843783) ld      a5, -72(s0)
core   0: 3 0x000000008000ff60 (0xfb843783) x15 0x000000000000009c mem 0x0000000080031f28
core   0: 0x000000008000ff64 (0x000097ba) c.add   a5, a4
core   0: 3 0x000000008000ff64 (0x97ba) x15 0x00000000800120dc
core   0: 0x000000008000ff66 (0xfe043703) ld      a4, -32(s0)
core   0: 3 0x000000008000ff66 (0xfe043703) x14 0x00000000800120b0 mem 0x0000000080031f50
core   0: 0x000000008000ff6a (0xfcf76de3) bltu    a4, a5, pc - 38
core   0: 3 0x000000008000ff6a (0xfcf76de3)
core   0: 0x000000008000ff44 (0xfe043783) ld      a5, -32(s0)
core   0: 3 0x000000008000ff44 (0xfe043783) x15 0x00000000800120b0 mem 0x0000000080031f50
core   0: 0x000000008000ff48 (0x00178713) addi    a4, a5, 1
core   0: 3 0x000000008000ff48 (0x00178713) x14 0x00000000800120b1
core   0: 0x000000008000ff4c (0xfee43023) sd      a4, -32(s0)
core   0: 3 0x000000008000ff4c (0xfee43023) mem 0x0000000080031f50 0x00000000800120b1
core   0: 0x000000008000ff50 (0xfc442703) lw      a4, -60(s0)
core   0: 3 0x000000008000ff50 (0xfc442703) x14 0x0000000000000000 mem 0x0000000080031f34
core   0: 0x000000008000ff54 (0x0ff77713) andi    a4, a4, 255
core   0: 3 0x000000008000ff54 (0x0ff77713) x14 0x0000000000000000
core   0: 0x000000008000ff58 (0x00e78023) sb      a4, 0(a5)
core   0: 3 0x000000008000ff58 (0x00e78023) mem 0x00000000800120b0 0x00
core   0: 0x000000008000ff5c (0xfc843703) ld      a4, -56(s0)
core   0: 3 0x000000008000ff5c (0xfc843703) x14 0x0000000080012040 mem 0x0000000080031f38
core   0: 0x000000008000ff60 (0xfb843783) ld      a5, -72(s0)
core   0: 3 0x000000008000ff60 (0xfb843783) x15 0x000000000000009c mem 0x0000000080031f28
core   0: 0x000000008000ff64 (0x000097ba) c.add   a5, a4
core   0: 3 0x000000008000ff64 (0x97ba) x15 0x00000000800120dc
core   0: 0x000000008000ff66 (0xfe043703) ld      a4, -32(s0)
core   0: 3 0x000000008000ff66 (0xfe043703) x14 0x00000000800120b1 mem 0x0000000080031f50
core   0: 0x000000008000ff6a (0xfcf76de3) bltu    a4, a5, pc - 38
core   0: 3 0x000000008000ff6a (0xfcf76de3)
core   0: 0x000000008000ff44 (0xfe043783) ld      a5, -32(s0)
core   0: 3 0x000000008000ff44 (0xfe043783) x15 0x00000000800120b1 mem 0x0000000080031f50
core   0: 0x000000008000ff48 (0x00178713) addi    a4, a5, 1
core   0: 3 0x000000008000ff48 (0x00178713) x14 0x00000000800120b2
core   0: 0x000000008000ff4c (0xfee43023) sd      a4, -32(s0)
core   0: 3 0x000000008000ff4c (0xfee43023) mem 0x0000000080031f50 0x00000000800120b2
core   0: 0x000000008000ff50 (0xfc442703) lw      a4, -60(s0)
core   0: 3 0x000000008000ff50 (0xfc442703) x14 0x0000000000000000 mem 0x0000000080031f34
core   0: 0x000000008000ff54 (0x0ff77713) andi    a4, a4, 255
core   0: 3 0x000000008000ff54 (0x0ff77713) x14 0x0000000000000000
core   0: 0x000000008000ff58 (0x00e78023) sb      a4, 0(a5)
core   0: 3 0x000000008000ff58 (0x00e78023) mem 0x00000000800120b1 0x00
core   0: 0x000000008000ff5c (0xfc843703) ld      a4, -56(s0)
core   0: 3 0x000000008000ff5c (0xfc843703) x14 0x0000000080012040 mem 0x0000000080031f38
core   0: 0x000000008000ff60 (0xfb843783) ld      a5, -72(s0)
core   0: 3 0x000000008000ff60 (0xfb843783) x15 0x000000000000009c mem 0x0000000080031f28
core   0: 0x000000008000ff64 (0x000097ba) c.add   a5, a4
core   0: 3 0x000000008000ff64 (0x97ba) x15 0x00000000800120dc
core   0: 0x000000008000ff66 (0xfe043703) ld      a4, -32(s0)
core   0: 3 0x000000008000ff66 (0xfe043703) x14 0x00000000800120b2 mem 0x0000000080031f50
core   0: 0x000000008000ff6a (0xfcf76de3) bltu    a4, a5, pc - 38
core   0: 3 0x000000008000ff6a (0xfcf76de3)
core   0: 0x000000008000ff44 (0xfe043783) ld      a5, -32(s0)
core   0: 3 0x000000008000ff44 (0xfe043783) x15 0x00000000800120b2 mem 0x0000000080031f50
core   0: 0x000000008000ff48 (0x00178713) addi    a4, a5, 1
core   0: 3 0x000000008000ff48 (0x00178713) x14 0x00000000800120b3
core   0: 0x000000008000ff4c (0xfee43023) sd      a4, -32(s0)
core   0: 3 0x000000008000ff4c (0xfee43023) mem 0x0000000080031f50 0x00000000800120b3
core   0: 0x000000008000ff50 (0xfc442703) lw      a4, -60(s0)
core   0: 3 0x000000008000ff50 (0xfc442703) x14 0x0000000000000000 mem 0x0000000080031f34
core   0: 0x000000008000ff54 (0x0ff77713) andi    a4, a4, 255
core   0: 3 0x000000008000ff54 (0x0ff77713) x14 0x0000000000000000
core   0: 0x000000008000ff58 (0x00e78023) sb      a4, 0(a5)
core   0: 3 0x000000008000ff58 (0x00e78023) mem 0x00000000800120b2 0x00
core   0: 0x000000008000ff5c (0xfc843703) ld      a4, -56(s0)
core   0: 3 0x000000008000ff5c (0xfc843703) x14 0x0000000080012040 mem 0x0000000080031f38
core   0: 0x000000008000ff60 (0xfb843783) ld      a5, -72(s0)
core   0: 3 0x000000008000ff60 (0xfb843783) x15 0x000000000000009c mem 0x0000000080031f28
core   0: 0x000000008000ff64 (0x000097ba) c.add   a5, a4
core   0: 3 0x000000008000ff64 (0x97ba) x15 0x00000000800120dc
core   0: 0x000000008000ff66 (0xfe043703) ld      a4, -32(s0)
core   0: 3 0x000000008000ff66 (0xfe043703) x14 0x00000000800120b3 mem 0x0000000080031f50
core   0: 0x000000008000ff6a (0xfcf76de3) bltu    a4, a5, pc - 38
core   0: 3 0x000000008000ff6a (0xfcf76de3)
core   0: 0x000000008000ff44 (0xfe043783) ld      a5, -32(s0)
core   0: 3 0x000000008000ff44 (0xfe043783) x15 0x00000000800120b3 mem 0x0000000080031f50
core   0: 0x000000008000ff48 (0x00178713) addi    a4, a5, 1
core   0: 3 0x000000008000ff48 (0x00178713) x14 0x00000000800120b4
core   0: 0x000000008000ff4c (0xfee43023) sd      a4, -32(s0)
core   0: 3 0x000000008000ff4c (0xfee43023) mem 0x0000000080031f50 0x00000000800120b4
core   0: 0x000000008000ff50 (0xfc442703) lw      a4, -60(s0)
core   0: 3 0x000000008000ff50 (0xfc442703) x14 0x0000000000000000 mem 0x0000000080031f34
core   0: 0x000000008000ff54 (0x0ff77713) andi    a4, a4, 255
core   0: 3 0x000000008000ff54 (0x0ff77713) x14 0x0000000000000000
core   0: 0x000000008000ff58 (0x00e78023) sb      a4, 0(a5)
core   0: 3 0x000000008000ff58 (0x00e78023) mem 0x00000000800120b3 0x00
core   0: 0x000000008000ff5c (0xfc843703) ld      a4, -56(s0)
core   0: 3 0x000000008000ff5c (0xfc843703) x14 0x0000000080012040 mem 0x0000000080031f38
core   0: 0x000000008000ff60 (0xfb843783) ld      a5, -72(s0)
core   0: 3 0x000000008000ff60 (0xfb843783) x15 0x000000000000009c mem 0x0000000080031f28
core   0: 0x000000008000ff64 (0x000097ba) c.add   a5, a4
core   0: 3 0x000000008000ff64 (0x97ba) x15 0x00000000800120dc
core   0: 0x000000008000ff66 (0xfe043703) ld      a4, -32(s0)
core   0: 3 0x000000008000ff66 (0xfe043703) x14 0x00000000800120b4 mem 0x0000000080031f50
core   0: 0x000000008000ff6a (0xfcf76de3) bltu    a4, a5, pc - 38
core   0: 3 0x000000008000ff6a (0xfcf76de3)
core   0: 0x000000008000ff44 (0xfe043783) ld      a5, -32(s0)
core   0: 3 0x000000008000ff44 (0xfe043783) x15 0x00000000800120b4 mem 0x0000000080031f50
core   0: 0x000000008000ff48 (0x00178713) addi    a4, a5, 1
core   0: 3 0x000000008000ff48 (0x00178713) x14 0x00000000800120b5
core   0: 0x000000008000ff4c (0xfee43023) sd      a4, -32(s0)
core   0: 3 0x000000008000ff4c (0xfee43023) mem 0x0000000080031f50 0x00000000800120b5
core   0: 0x000000008000ff50 (0xfc442703) lw      a4, -60(s0)
core   0: 3 0x000000008000ff50 (0xfc442703) x14 0x0000000000000000 mem 0x0000000080031f34
core   0: 0x000000008000ff54 (0x0ff77713) andi    a4, a4, 255
core   0: 3 0x000000008000ff54 (0x0ff77713) x14 0x0000000000000000
core   0: 0x000000008000ff58 (0x00e78023) sb      a4, 0(a5)
core   0: 3 0x000000008000ff58 (0x00e78023) mem 0x00000000800120b4 0x00
core   0: 0x000000008000ff5c (0xfc843703) ld      a4, -56(s0)
core   0: 3 0x000000008000ff5c (0xfc843703) x14 0x0000000080012040 mem 0x0000000080031f38
core   0: 0x000000008000ff60 (0xfb843783) ld      a5, -72(s0)
core   0: 3 0x000000008000ff60 (0xfb843783) x15 0x000000000000009c mem 0x0000000080031f28
core   0: 0x000000008000ff64 (0x000097ba) c.add   a5, a4
core   0: 3 0x000000008000ff64 (0x97ba) x15 0x00000000800120dc
core   0: 0x000000008000ff66 (0xfe043703) ld      a4, -32(s0)
core   0: 3 0x000000008000ff66 (0xfe043703) x14 0x00000000800120b5 mem 0x0000000080031f50
core   0: 0x000000008000ff6a (0xfcf76de3) bltu    a4, a5, pc - 38
core   0: 3 0x000000008000ff6a (0xfcf76de3)
core   0: 0x000000008000ff44 (0xfe043783) ld      a5, -32(s0)
core   0: 3 0x000000008000ff44 (0xfe043783) x15 0x00000000800120b5 mem 0x0000000080031f50
core   0: 0x000000008000ff48 (0x00178713) addi    a4, a5, 1
core   0: 3 0x000000008000ff48 (0x00178713) x14 0x00000000800120b6
core   0: 0x000000008000ff4c (0xfee43023) sd      a4, -32(s0)
core   0: 3 0x000000008000ff4c (0xfee43023) mem 0x0000000080031f50 0x00000000800120b6
core   0: 0x000000008000ff50 (0xfc442703) lw      a4, -60(s0)
core   0: 3 0x000000008000ff50 (0xfc442703) x14 0x0000000000000000 mem 0x0000000080031f34
core   0: 0x000000008000ff54 (0x0ff77713) andi    a4, a4, 255
core   0: 3 0x000000008000ff54 (0x0ff77713) x14 0x0000000000000000
core   0: 0x000000008000ff58 (0x00e78023) sb      a4, 0(a5)
core   0: 3 0x000000008000ff58 (0x00e78023) mem 0x00000000800120b5 0x00
core   0: 0x000000008000ff5c (0xfc843703) ld      a4, -56(s0)
core   0: 3 0x000000008000ff5c (0xfc843703) x14 0x0000000080012040 mem 0x0000000080031f38
core   0: 0x000000008000ff60 (0xfb843783) ld      a5, -72(s0)
core   0: 3 0x000000008000ff60 (0xfb843783) x15 0x000000000000009c mem 0x0000000080031f28
core   0: 0x000000008000ff64 (0x000097ba) c.add   a5, a4
core   0: 3 0x000000008000ff64 (0x97ba) x15 0x00000000800120dc
core   0: 0x000000008000ff66 (0xfe043703) ld      a4, -32(s0)
core   0: 3 0x000000008000ff66 (0xfe043703) x14 0x00000000800120b6 mem 0x0000000080031f50
core   0: 0x000000008000ff6a (0xfcf76de3) bltu    a4, a5, pc - 38
core   0: 3 0x000000008000ff6a (0xfcf76de3)
core   0: 0x000000008000ff44 (0xfe043783) ld      a5, -32(s0)
core   0: 3 0x000000008000ff44 (0xfe043783) x15 0x00000000800120b6 mem 0x0000000080031f50
core   0: 0x000000008000ff48 (0x00178713) addi    a4, a5, 1
core   0: 3 0x000000008000ff48 (0x00178713) x14 0x00000000800120b7
core   0: 0x000000008000ff4c (0xfee43023) sd      a4, -32(s0)
core   0: 3 0x000000008000ff4c (0xfee43023) mem 0x0000000080031f50 0x00000000800120b7
core   0: 0x000000008000ff50 (0xfc442703) lw      a4, -60(s0)
core   0: 3 0x000000008000ff50 (0xfc442703) x14 0x0000000000000000 mem 0x0000000080031f34
core   0: 0x000000008000ff54 (0x0ff77713) andi    a4, a4, 255
core   0: 3 0x000000008000ff54 (0x0ff77713) x14 0x0000000000000000
core   0: 0x000000008000ff58 (0x00e78023) sb      a4, 0(a5)
core   0: 3 0x000000008000ff58 (0x00e78023) mem 0x00000000800120b6 0x00
core   0: 0x000000008000ff5c (0xfc843703) ld      a4, -56(s0)
core   0: 3 0x000000008000ff5c (0xfc843703) x14 0x0000000080012040 mem 0x0000000080031f38
core   0: 0x000000008000ff60 (0xfb843783) ld      a5, -72(s0)
core   0: 3 0x000000008000ff60 (0xfb843783) x15 0x000000000000009c mem 0x0000000080031f28
core   0: 0x000000008000ff64 (0x000097ba) c.add   a5, a4
core   0: 3 0x000000008000ff64 (0x97ba) x15 0x00000000800120dc
core   0: 0x000000008000ff66 (0xfe043703) ld      a4, -32(s0)
core   0: 3 0x000000008000ff66 (0xfe043703) x14 0x00000000800120b7 mem 0x0000000080031f50
core   0: 0x000000008000ff6a (0xfcf76de3) bltu    a4, a5, pc - 38
core   0: 3 0x000000008000ff6a (0xfcf76de3)
core   0: 0x000000008000ff44 (0xfe043783) ld      a5, -32(s0)
core   0: 3 0x000000008000ff44 (0xfe043783) x15 0x00000000800120b7 mem 0x0000000080031f50
core   0: 0x000000008000ff48 (0x00178713) addi    a4, a5, 1
core   0: 3 0x000000008000ff48 (0x00178713) x14 0x00000000800120b8
core   0: 0x000000008000ff4c (0xfee43023) sd      a4, -32(s0)
core   0: 3 0x000000008000ff4c (0xfee43023) mem 0x0000000080031f50 0x00000000800120b8
core   0: 0x000000008000ff50 (0xfc442703) lw      a4, -60(s0)
core   0: 3 0x000000008000ff50 (0xfc442703) x14 0x0000000000000000 mem 0x0000000080031f34
core   0: 0x000000008000ff54 (0x0ff77713) andi    a4, a4, 255
core   0: 3 0x000000008000ff54 (0x0ff77713) x14 0x0000000000000000
core   0: 0x000000008000ff58 (0x00e78023) sb      a4, 0(a5)
core   0: 3 0x000000008000ff58 (0x00e78023) mem 0x00000000800120b7 0x00
core   0: 0x000000008000ff5c (0xfc843703) ld      a4, -56(s0)
core   0: 3 0x000000008000ff5c (0xfc843703) x14 0x0000000080012040 mem 0x0000000080031f38
core   0: 0x000000008000ff60 (0xfb843783) ld      a5, -72(s0)
core   0: 3 0x000000008000ff60 (0xfb843783) x15 0x000000000000009c mem 0x0000000080031f28
core   0: 0x000000008000ff64 (0x000097ba) c.add   a5, a4
core   0: 3 0x000000008000ff64 (0x97ba) x15 0x00000000800120dc
core   0: 0x000000008000ff66 (0xfe043703) ld      a4, -32(s0)
core   0: 3 0x000000008000ff66 (0xfe043703) x14 0x00000000800120b8 mem 0x0000000080031f50
core   0: 0x000000008000ff6a (0xfcf76de3) bltu    a4, a5, pc - 38
core   0: 3 0x000000008000ff6a (0xfcf76de3)
core   0: 0x000000008000ff44 (0xfe043783) ld      a5, -32(s0)
core   0: 3 0x000000008000ff44 (0xfe043783) x15 0x00000000800120b8 mem 0x0000000080031f50
core   0: 0x000000008000ff48 (0x00178713) addi    a4, a5, 1
core   0: 3 0x000000008000ff48 (0x00178713) x14 0x00000000800120b9
core   0: 0x000000008000ff4c (0xfee43023) sd      a4, -32(s0)
core   0: 3 0x000000008000ff4c (0xfee43023) mem 0x0000000080031f50 0x00000000800120b9
core   0: 0x000000008000ff50 (0xfc442703) lw      a4, -60(s0)
core   0: 3 0x000000008000ff50 (0xfc442703) x14 0x0000000000000000 mem 0x0000000080031f34
core   0: 0x000000008000ff54 (0x0ff77713) andi    a4, a4, 255
core   0: 3 0x000000008000ff54 (0x0ff77713) x14 0x0000000000000000
core   0: 0x000000008000ff58 (0x00e78023) sb      a4, 0(a5)
core   0: 3 0x000000008000ff58 (0x00e78023) mem 0x00000000800120b8 0x00
core   0: 0x000000008000ff5c (0xfc843703) ld      a4, -56(s0)
core   0: 3 0x000000008000ff5c (0xfc843703) x14 0x0000000080012040 mem 0x0000000080031f38
core   0: 0x000000008000ff60 (0xfb843783) ld      a5, -72(s0)
core   0: 3 0x000000008000ff60 (0xfb843783) x15 0x000000000000009c mem 0x0000000080031f28
core   0: 0x000000008000ff64 (0x000097ba) c.add   a5, a4
core   0: 3 0x000000008000ff64 (0x97ba) x15 0x00000000800120dc
core   0: 0x000000008000ff66 (0xfe043703) ld      a4, -32(s0)
core   0: 3 0x000000008000ff66 (0xfe043703) x14 0x00000000800120b9 mem 0x0000000080031f50
core   0: 0x000000008000ff6a (0xfcf76de3) bltu    a4, a5, pc - 38
core   0: 3 0x000000008000ff6a (0xfcf76de3)
core   0: 0x000000008000ff44 (0xfe043783) ld      a5, -32(s0)
core   0: 3 0x000000008000ff44 (0xfe043783) x15 0x00000000800120b9 mem 0x0000000080031f50
core   0: 0x000000008000ff48 (0x00178713) addi    a4, a5, 1
core   0: 3 0x000000008000ff48 (0x00178713) x14 0x00000000800120ba
core   0: 0x000000008000ff4c (0xfee43023) sd      a4, -32(s0)
core   0: 3 0x000000008000ff4c (0xfee43023) mem 0x0000000080031f50 0x00000000800120ba
core   0: 0x000000008000ff50 (0xfc442703) lw      a4, -60(s0)
core   0: 3 0x000000008000ff50 (0xfc442703) x14 0x0000000000000000 mem 0x0000000080031f34
core   0: 0x000000008000ff54 (0x0ff77713) andi    a4, a4, 255
core   0: 3 0x000000008000ff54 (0x0ff77713) x14 0x0000000000000000
core   0: 0x000000008000ff58 (0x00e78023) sb      a4, 0(a5)
core   0: 3 0x000000008000ff58 (0x00e78023) mem 0x00000000800120b9 0x00
core   0: 0x000000008000ff5c (0xfc843703) ld      a4, -56(s0)
core   0: 3 0x000000008000ff5c (0xfc843703) x14 0x0000000080012040 mem 0x0000000080031f38
core   0: 0x000000008000ff60 (0xfb843783) ld      a5, -72(s0)
core   0: 3 0x000000008000ff60 (0xfb843783) x15 0x000000000000009c mem 0x0000000080031f28
core   0: 0x000000008000ff64 (0x000097ba) c.add   a5, a4
core   0: 3 0x000000008000ff64 (0x97ba) x15 0x00000000800120dc
core   0: 0x000000008000ff66 (0xfe043703) ld      a4, -32(s0)
core   0: 3 0x000000008000ff66 (0xfe043703) x14 0x00000000800120ba mem 0x0000000080031f50
core   0: 0x000000008000ff6a (0xfcf76de3) bltu    a4, a5, pc - 38
core   0: 3 0x000000008000ff6a (0xfcf76de3)
core   0: 0x000000008000ff44 (0xfe043783) ld      a5, -32(s0)
core   0: 3 0x000000008000ff44 (0xfe043783) x15 0x00000000800120ba mem 0x0000000080031f50
core   0: 0x000000008000ff48 (0x00178713) addi    a4, a5, 1
core   0: 3 0x000000008000ff48 (0x00178713) x14 0x00000000800120bb
core   0: 0x000000008000ff4c (0xfee43023) sd      a4, -32(s0)
core   0: 3 0x000000008000ff4c (0xfee43023) mem 0x0000000080031f50 0x00000000800120bb
core   0: 0x000000008000ff50 (0xfc442703) lw      a4, -60(s0)
core   0: 3 0x000000008000ff50 (0xfc442703) x14 0x0000000000000000 mem 0x0000000080031f34
core   0: 0x000000008000ff54 (0x0ff77713) andi    a4, a4, 255
core   0: 3 0x000000008000ff54 (0x0ff77713) x14 0x0000000000000000
core   0: 0x000000008000ff58 (0x00e78023) sb      a4, 0(a5)
core   0: 3 0x000000008000ff58 (0x00e78023) mem 0x00000000800120ba 0x00
core   0: 0x000000008000ff5c (0xfc843703) ld      a4, -56(s0)
core   0: 3 0x000000008000ff5c (0xfc843703) x14 0x0000000080012040 mem 0x0000000080031f38
core   0: 0x000000008000ff60 (0xfb843783) ld      a5, -72(s0)
core   0: 3 0x000000008000ff60 (0xfb843783) x15 0x000000000000009c mem 0x0000000080031f28
core   0: 0x000000008000ff64 (0x000097ba) c.add   a5, a4
core   0: 3 0x000000008000ff64 (0x97ba) x15 0x00000000800120dc
core   0: 0x000000008000ff66 (0xfe043703) ld      a4, -32(s0)
core   0: 3 0x000000008000ff66 (0xfe043703) x14 0x00000000800120bb mem 0x0000000080031f50
core   0: 0x000000008000ff6a (0xfcf76de3) bltu    a4, a5, pc - 38
core   0: 3 0x000000008000ff6a (0xfcf76de3)
core   0: 0x000000008000ff44 (0xfe043783) ld      a5, -32(s0)
core   0: 3 0x000000008000ff44 (0xfe043783) x15 0x00000000800120bb mem 0x0000000080031f50
core   0: 0x000000008000ff48 (0x00178713) addi    a4, a5, 1
core   0: 3 0x000000008000ff48 (0x00178713) x14 0x00000000800120bc
core   0: 0x000000008000ff4c (0xfee43023) sd      a4, -32(s0)
core   0: 3 0x000000008000ff4c (0xfee43023) mem 0x0000000080031f50 0x00000000800120bc
core   0: 0x000000008000ff50 (0xfc442703) lw      a4, -60(s0)
core   0: 3 0x000000008000ff50 (0xfc442703) x14 0x0000000000000000 mem 0x0000000080031f34
core   0: 0x000000008000ff54 (0x0ff77713) andi    a4, a4, 255
core   0: 3 0x000000008000ff54 (0x0ff77713) x14 0x0000000000000000
core   0: 0x000000008000ff58 (0x00e78023) sb      a4, 0(a5)
core   0: 3 0x000000008000ff58 (0x00e78023) mem 0x00000000800120bb 0x00
core   0: 0x000000008000ff5c (0xfc843703) ld      a4, -56(s0)
core   0: 3 0x000000008000ff5c (0xfc843703) x14 0x0000000080012040 mem 0x0000000080031f38
core   0: 0x000000008000ff60 (0xfb843783) ld      a5, -72(s0)
core   0: 3 0x000000008000ff60 (0xfb843783) x15 0x000000000000009c mem 0x0000000080031f28
core   0: 0x000000008000ff64 (0x000097ba) c.add   a5, a4
core   0: 3 0x000000008000ff64 (0x97ba) x15 0x00000000800120dc
core   0: 0x000000008000ff66 (0xfe043703) ld      a4, -32(s0)
core   0: 3 0x000000008000ff66 (0xfe043703) x14 0x00000000800120bc mem 0x0000000080031f50
core   0: 0x000000008000ff6a (0xfcf76de3) bltu    a4, a5, pc - 38
core   0: 3 0x000000008000ff6a (0xfcf76de3)
core   0: 0x000000008000ff44 (0xfe043783) ld      a5, -32(s0)
core   0: 3 0x000000008000ff44 (0xfe043783) x15 0x00000000800120bc mem 0x0000000080031f50
core   0: 0x000000008000ff48 (0x00178713) addi    a4, a5, 1
core   0: 3 0x000000008000ff48 (0x00178713) x14 0x00000000800120bd
core   0: 0x000000008000ff4c (0xfee43023) sd      a4, -32(s0)
core   0: 3 0x000000008000ff4c (0xfee43023) mem 0x0000000080031f50 0x00000000800120bd
core   0: 0x000000008000ff50 (0xfc442703) lw      a4, -60(s0)
core   0: 3 0x000000008000ff50 (0xfc442703) x14 0x0000000000000000 mem 0x0000000080031f34
core   0: 0x000000008000ff54 (0x0ff77713) andi    a4, a4, 255
core   0: 3 0x000000008000ff54 (0x0ff77713) x14 0x0000000000000000
core   0: 0x000000008000ff58 (0x00e78023) sb      a4, 0(a5)
core   0: 3 0x000000008000ff58 (0x00e78023) mem 0x00000000800120bc 0x00
core   0: 0x000000008000ff5c (0xfc843703) ld      a4, -56(s0)
core   0: 3 0x000000008000ff5c (0xfc843703) x14 0x0000000080012040 mem 0x0000000080031f38
core   0: 0x000000008000ff60 (0xfb843783) ld      a5, -72(s0)
core   0: 3 0x000000008000ff60 (0xfb843783) x15 0x000000000000009c mem 0x0000000080031f28
core   0: 0x000000008000ff64 (0x000097ba) c.add   a5, a4
core   0: 3 0x000000008000ff64 (0x97ba) x15 0x00000000800120dc
core   0: 0x000000008000ff66 (0xfe043703) ld      a4, -32(s0)
core   0: 3 0x000000008000ff66 (0xfe043703) x14 0x00000000800120bd mem 0x0000000080031f50
core   0: 0x000000008000ff6a (0xfcf76de3) bltu    a4, a5, pc - 38
core   0: 3 0x000000008000ff6a (0xfcf76de3)
core   0: 0x000000008000ff44 (0xfe043783) ld      a5, -32(s0)
core   0: 3 0x000000008000ff44 (0xfe043783) x15 0x00000000800120bd mem 0x0000000080031f50
core   0: 0x000000008000ff48 (0x00178713) addi    a4, a5, 1
core   0: 3 0x000000008000ff48 (0x00178713) x14 0x00000000800120be
core   0: 0x000000008000ff4c (0xfee43023) sd      a4, -32(s0)
core   0: 3 0x000000008000ff4c (0xfee43023) mem 0x0000000080031f50 0x00000000800120be
core   0: 0x000000008000ff50 (0xfc442703) lw      a4, -60(s0)
core   0: 3 0x000000008000ff50 (0xfc442703) x14 0x0000000000000000 mem 0x0000000080031f34
core   0: 0x000000008000ff54 (0x0ff77713) andi    a4, a4, 255
core   0: 3 0x000000008000ff54 (0x0ff77713) x14 0x0000000000000000
core   0: 0x000000008000ff58 (0x00e78023) sb      a4, 0(a5)
core   0: 3 0x000000008000ff58 (0x00e78023) mem 0x00000000800120bd 0x00
core   0: 0x000000008000ff5c (0xfc843703) ld      a4, -56(s0)
core   0: 3 0x000000008000ff5c (0xfc843703) x14 0x0000000080012040 mem 0x0000000080031f38
core   0: 0x000000008000ff60 (0xfb843783) ld      a5, -72(s0)
core   0: 3 0x000000008000ff60 (0xfb843783) x15 0x000000000000009c mem 0x0000000080031f28
core   0: 0x000000008000ff64 (0x000097ba) c.add   a5, a4
core   0: 3 0x000000008000ff64 (0x97ba) x15 0x00000000800120dc
core   0: 0x000000008000ff66 (0xfe043703) ld      a4, -32(s0)
core   0: 3 0x000000008000ff66 (0xfe043703) x14 0x00000000800120be mem 0x0000000080031f50
core   0: 0x000000008000ff6a (0xfcf76de3) bltu    a4, a5, pc - 38
core   0: 3 0x000000008000ff6a (0xfcf76de3)
core   0: 0x000000008000ff44 (0xfe043783) ld      a5, -32(s0)
core   0: 3 0x000000008000ff44 (0xfe043783) x15 0x00000000800120be mem 0x0000000080031f50
core   0: 0x000000008000ff48 (0x00178713) addi    a4, a5, 1
core   0: 3 0x000000008000ff48 (0x00178713) x14 0x00000000800120bf
core   0: 0x000000008000ff4c (0xfee43023) sd      a4, -32(s0)
core   0: 3 0x000000008000ff4c (0xfee43023) mem 0x0000000080031f50 0x00000000800120bf
core   0: 0x000000008000ff50 (0xfc442703) lw      a4, -60(s0)
core   0: 3 0x000000008000ff50 (0xfc442703) x14 0x0000000000000000 mem 0x0000000080031f34
core   0: 0x000000008000ff54 (0x0ff77713) andi    a4, a4, 255
core   0: 3 0x000000008000ff54 (0x0ff77713) x14 0x0000000000000000
core   0: 0x000000008000ff58 (0x00e78023) sb      a4, 0(a5)
core   0: 3 0x000000008000ff58 (0x00e78023) mem 0x00000000800120be 0x00
core   0: 0x000000008000ff5c (0xfc843703) ld      a4, -56(s0)
core   0: 3 0x000000008000ff5c (0xfc843703) x14 0x0000000080012040 mem 0x0000000080031f38
core   0: 0x000000008000ff60 (0xfb843783) ld      a5, -72(s0)
core   0: 3 0x000000008000ff60 (0xfb843783) x15 0x000000000000009c mem 0x0000000080031f28
core   0: 0x000000008000ff64 (0x000097ba) c.add   a5, a4
core   0: 3 0x000000008000ff64 (0x97ba) x15 0x00000000800120dc
core   0: 0x000000008000ff66 (0xfe043703) ld      a4, -32(s0)
core   0: 3 0x000000008000ff66 (0xfe043703) x14 0x00000000800120bf mem 0x0000000080031f50
core   0: 0x000000008000ff6a (0xfcf76de3) bltu    a4, a5, pc - 38
core   0: 3 0x000000008000ff6a (0xfcf76de3)
core   0: 0x000000008000ff44 (0xfe043783) ld      a5, -32(s0)
core   0: 3 0x000000008000ff44 (0xfe043783) x15 0x00000000800120bf mem 0x0000000080031f50
core   0: 0x000000008000ff48 (0x00178713) addi    a4, a5, 1
core   0: 3 0x000000008000ff48 (0x00178713) x14 0x00000000800120c0
core   0: 0x000000008000ff4c (0xfee43023) sd      a4, -32(s0)
core   0: 3 0x000000008000ff4c (0xfee43023) mem 0x0000000080031f50 0x00000000800120c0
core   0: 0x000000008000ff50 (0xfc442703) lw      a4, -60(s0)
core   0: 3 0x000000008000ff50 (0xfc442703) x14 0x0000000000000000 mem 0x0000000080031f34
core   0: 0x000000008000ff54 (0x0ff77713) andi    a4, a4, 255
core   0: 3 0x000000008000ff54 (0x0ff77713) x14 0x0000000000000000
core   0: 0x000000008000ff58 (0x00e78023) sb      a4, 0(a5)
core   0: 3 0x000000008000ff58 (0x00e78023) mem 0x00000000800120bf 0x00
core   0: 0x000000008000ff5c (0xfc843703) ld      a4, -56(s0)
core   0: 3 0x000000008000ff5c (0xfc843703) x14 0x0000000080012040 mem 0x0000000080031f38
core   0: 0x000000008000ff60 (0xfb843783) ld      a5, -72(s0)
core   0: 3 0x000000008000ff60 (0xfb843783) x15 0x000000000000009c mem 0x0000000080031f28
core   0: 0x000000008000ff64 (0x000097ba) c.add   a5, a4
core   0: 3 0x000000008000ff64 (0x97ba) x15 0x00000000800120dc
core   0: 0x000000008000ff66 (0xfe043703) ld      a4, -32(s0)
core   0: 3 0x000000008000ff66 (0xfe043703) x14 0x00000000800120c0 mem 0x0000000080031f50
core   0: 0x000000008000ff6a (0xfcf76de3) bltu    a4, a5, pc - 38
core   0: 3 0x000000008000ff6a (0xfcf76de3)
core   0: 0x000000008000ff44 (0xfe043783) ld      a5, -32(s0)
core   0: 3 0x000000008000ff44 (0xfe043783) x15 0x00000000800120c0 mem 0x0000000080031f50
core   0: 0x000000008000ff48 (0x00178713) addi    a4, a5, 1
core   0: 3 0x000000008000ff48 (0x00178713) x14 0x00000000800120c1
core   0: 0x000000008000ff4c (0xfee43023) sd      a4, -32(s0)
core   0: 3 0x000000008000ff4c (0xfee43023) mem 0x0000000080031f50 0x00000000800120c1
core   0: 0x000000008000ff50 (0xfc442703) lw      a4, -60(s0)
core   0: 3 0x000000008000ff50 (0xfc442703) x14 0x0000000000000000 mem 0x0000000080031f34
core   0: 0x000000008000ff54 (0x0ff77713) andi    a4, a4, 255
core   0: 3 0x000000008000ff54 (0x0ff77713) x14 0x0000000000000000
core   0: 0x000000008000ff58 (0x00e78023) sb      a4, 0(a5)
core   0: 3 0x000000008000ff58 (0x00e78023) mem 0x00000000800120c0 0x00
core   0: 0x000000008000ff5c (0xfc843703) ld      a4, -56(s0)
core   0: 3 0x000000008000ff5c (0xfc843703) x14 0x0000000080012040 mem 0x0000000080031f38
core   0: 0x000000008000ff60 (0xfb843783) ld      a5, -72(s0)
core   0: 3 0x000000008000ff60 (0xfb843783) x15 0x000000000000009c mem 0x0000000080031f28
core   0: 0x000000008000ff64 (0x000097ba) c.add   a5, a4
core   0: 3 0x000000008000ff64 (0x97ba) x15 0x00000000800120dc
core   0: 0x000000008000ff66 (0xfe043703) ld      a4, -32(s0)
core   0: 3 0x000000008000ff66 (0xfe043703) x14 0x00000000800120c1 mem 0x0000000080031f50
core   0: 0x000000008000ff6a (0xfcf76de3) bltu    a4, a5, pc - 38
core   0: 3 0x000000008000ff6a (0xfcf76de3)
core   0: 0x000000008000ff44 (0xfe043783) ld      a5, -32(s0)
core   0: 3 0x000000008000ff44 (0xfe043783) x15 0x00000000800120c1 mem 0x0000000080031f50
core   0: 0x000000008000ff48 (0x00178713) addi    a4, a5, 1
core   0: 3 0x000000008000ff48 (0x00178713) x14 0x00000000800120c2
core   0: 0x000000008000ff4c (0xfee43023) sd      a4, -32(s0)
core   0: 3 0x000000008000ff4c (0xfee43023) mem 0x0000000080031f50 0x00000000800120c2
core   0: 0x000000008000ff50 (0xfc442703) lw      a4, -60(s0)
core   0: 3 0x000000008000ff50 (0xfc442703) x14 0x0000000000000000 mem 0x0000000080031f34
core   0: 0x000000008000ff54 (0x0ff77713) andi    a4, a4, 255
core   0: 3 0x000000008000ff54 (0x0ff77713) x14 0x0000000000000000
core   0: 0x000000008000ff58 (0x00e78023) sb      a4, 0(a5)
core   0: 3 0x000000008000ff58 (0x00e78023) mem 0x00000000800120c1 0x00
core   0: 0x000000008000ff5c (0xfc843703) ld      a4, -56(s0)
core   0: 3 0x000000008000ff5c (0xfc843703) x14 0x0000000080012040 mem 0x0000000080031f38
core   0: 0x000000008000ff60 (0xfb843783) ld      a5, -72(s0)
core   0: 3 0x000000008000ff60 (0xfb843783) x15 0x000000000000009c mem 0x0000000080031f28
core   0: 0x000000008000ff64 (0x000097ba) c.add   a5, a4
core   0: 3 0x000000008000ff64 (0x97ba) x15 0x00000000800120dc
core   0: 0x000000008000ff66 (0xfe043703) ld      a4, -32(s0)
core   0: 3 0x000000008000ff66 (0xfe043703) x14 0x00000000800120c2 mem 0x0000000080031f50
core   0: 0x000000008000ff6a (0xfcf76de3) bltu    a4, a5, pc - 38
core   0: 3 0x000000008000ff6a (0xfcf76de3)
core   0: 0x000000008000ff44 (0xfe043783) ld      a5, -32(s0)
core   0: 3 0x000000008000ff44 (0xfe043783) x15 0x00000000800120c2 mem 0x0000000080031f50
core   0: 0x000000008000ff48 (0x00178713) addi    a4, a5, 1
core   0: 3 0x000000008000ff48 (0x00178713) x14 0x00000000800120c3
core   0: 0x000000008000ff4c (0xfee43023) sd      a4, -32(s0)
core   0: 3 0x000000008000ff4c (0xfee43023) mem 0x0000000080031f50 0x00000000800120c3
core   0: 0x000000008000ff50 (0xfc442703) lw      a4, -60(s0)
core   0: 3 0x000000008000ff50 (0xfc442703) x14 0x0000000000000000 mem 0x0000000080031f34
core   0: 0x000000008000ff54 (0x0ff77713) andi    a4, a4, 255
core   0: 3 0x000000008000ff54 (0x0ff77713) x14 0x0000000000000000
core   0: 0x000000008000ff58 (0x00e78023) sb      a4, 0(a5)
core   0: 3 0x000000008000ff58 (0x00e78023) mem 0x00000000800120c2 0x00
core   0: 0x000000008000ff5c (0xfc843703) ld      a4, -56(s0)
core   0: 3 0x000000008000ff5c (0xfc843703) x14 0x0000000080012040 mem 0x0000000080031f38
core   0: 0x000000008000ff60 (0xfb843783) ld      a5, -72(s0)
core   0: 3 0x000000008000ff60 (0xfb843783) x15 0x000000000000009c mem 0x0000000080031f28
core   0: 0x000000008000ff64 (0x000097ba) c.add   a5, a4
core   0: 3 0x000000008000ff64 (0x97ba) x15 0x00000000800120dc
core   0: 0x000000008000ff66 (0xfe043703) ld      a4, -32(s0)
core   0: 3 0x000000008000ff66 (0xfe043703) x14 0x00000000800120c3 mem 0x0000000080031f50
core   0: 0x000000008000ff6a (0xfcf76de3) bltu    a4, a5, pc - 38
core   0: 3 0x000000008000ff6a (0xfcf76de3)
core   0: 0x000000008000ff44 (0xfe043783) ld      a5, -32(s0)
core   0: 3 0x000000008000ff44 (0xfe043783) x15 0x00000000800120c3 mem 0x0000000080031f50
core   0: 0x000000008000ff48 (0x00178713) addi    a4, a5, 1
core   0: 3 0x000000008000ff48 (0x00178713) x14 0x00000000800120c4
core   0: 0x000000008000ff4c (0xfee43023) sd      a4, -32(s0)
core   0: 3 0x000000008000ff4c (0xfee43023) mem 0x0000000080031f50 0x00000000800120c4
core   0: 0x000000008000ff50 (0xfc442703) lw      a4, -60(s0)
core   0: 3 0x000000008000ff50 (0xfc442703) x14 0x0000000000000000 mem 0x0000000080031f34
core   0: 0x000000008000ff54 (0x0ff77713) andi    a4, a4, 255
core   0: 3 0x000000008000ff54 (0x0ff77713) x14 0x0000000000000000
core   0: 0x000000008000ff58 (0x00e78023) sb      a4, 0(a5)
core   0: 3 0x000000008000ff58 (0x00e78023) mem 0x00000000800120c3 0x00
core   0: 0x000000008000ff5c (0xfc843703) ld      a4, -56(s0)
core   0: 3 0x000000008000ff5c (0xfc843703) x14 0x0000000080012040 mem 0x0000000080031f38
core   0: 0x000000008000ff60 (0xfb843783) ld      a5, -72(s0)
core   0: 3 0x000000008000ff60 (0xfb843783) x15 0x000000000000009c mem 0x0000000080031f28
core   0: 0x000000008000ff64 (0x000097ba) c.add   a5, a4
core   0: 3 0x000000008000ff64 (0x97ba) x15 0x00000000800120dc
core   0: 0x000000008000ff66 (0xfe043703) ld      a4, -32(s0)
core   0: 3 0x000000008000ff66 (0xfe043703) x14 0x00000000800120c4 mem 0x0000000080031f50
core   0: 0x000000008000ff6a (0xfcf76de3) bltu    a4, a5, pc - 38
core   0: 3 0x000000008000ff6a (0xfcf76de3)
core   0: 0x000000008000ff44 (0xfe043783) ld      a5, -32(s0)
core   0: 3 0x000000008000ff44 (0xfe043783) x15 0x00000000800120c4 mem 0x0000000080031f50
core   0: 0x000000008000ff48 (0x00178713) addi    a4, a5, 1
core   0: 3 0x000000008000ff48 (0x00178713) x14 0x00000000800120c5
core   0: 0x000000008000ff4c (0xfee43023) sd      a4, -32(s0)
core   0: 3 0x000000008000ff4c (0xfee43023) mem 0x0000000080031f50 0x00000000800120c5
core   0: 0x000000008000ff50 (0xfc442703) lw      a4, -60(s0)
core   0: 3 0x000000008000ff50 (0xfc442703) x14 0x0000000000000000 mem 0x0000000080031f34
core   0: 0x000000008000ff54 (0x0ff77713) andi    a4, a4, 255
core   0: 3 0x000000008000ff54 (0x0ff77713) x14 0x0000000000000000
core   0: 0x000000008000ff58 (0x00e78023) sb      a4, 0(a5)
core   0: 3 0x000000008000ff58 (0x00e78023) mem 0x00000000800120c4 0x00
core   0: 0x000000008000ff5c (0xfc843703) ld      a4, -56(s0)
core   0: 3 0x000000008000ff5c (0xfc843703) x14 0x0000000080012040 mem 0x0000000080031f38
core   0: 0x000000008000ff60 (0xfb843783) ld      a5, -72(s0)
core   0: 3 0x000000008000ff60 (0xfb843783) x15 0x000000000000009c mem 0x0000000080031f28
core   0: 0x000000008000ff64 (0x000097ba) c.add   a5, a4
core   0: 3 0x000000008000ff64 (0x97ba) x15 0x00000000800120dc
core   0: 0x000000008000ff66 (0xfe043703) ld      a4, -32(s0)
core   0: 3 0x000000008000ff66 (0xfe043703) x14 0x00000000800120c5 mem 0x0000000080031f50
core   0: 0x000000008000ff6a (0xfcf76de3) bltu    a4, a5, pc - 38
core   0: 3 0x000000008000ff6a (0xfcf76de3)
core   0: 0x000000008000ff44 (0xfe043783) ld      a5, -32(s0)
core   0: 3 0x000000008000ff44 (0xfe043783) x15 0x00000000800120c5 mem 0x0000000080031f50
core   0: 0x000000008000ff48 (0x00178713) addi    a4, a5, 1
core   0: 3 0x000000008000ff48 (0x00178713) x14 0x00000000800120c6
core   0: 0x000000008000ff4c (0xfee43023) sd      a4, -32(s0)
core   0: 3 0x000000008000ff4c (0xfee43023) mem 0x0000000080031f50 0x00000000800120c6
core   0: 0x000000008000ff50 (0xfc442703) lw      a4, -60(s0)
core   0: 3 0x000000008000ff50 (0xfc442703) x14 0x0000000000000000 mem 0x0000000080031f34
core   0: 0x000000008000ff54 (0x0ff77713) andi    a4, a4, 255
core   0: 3 0x000000008000ff54 (0x0ff77713) x14 0x0000000000000000
core   0: 0x000000008000ff58 (0x00e78023) sb      a4, 0(a5)
core   0: 3 0x000000008000ff58 (0x00e78023) mem 0x00000000800120c5 0x00
core   0: 0x000000008000ff5c (0xfc843703) ld      a4, -56(s0)
core   0: 3 0x000000008000ff5c (0xfc843703) x14 0x0000000080012040 mem 0x0000000080031f38
core   0: 0x000000008000ff60 (0xfb843783) ld      a5, -72(s0)
core   0: 3 0x000000008000ff60 (0xfb843783) x15 0x000000000000009c mem 0x0000000080031f28
core   0: 0x000000008000ff64 (0x000097ba) c.add   a5, a4
core   0: 3 0x000000008000ff64 (0x97ba) x15 0x00000000800120dc
core   0: 0x000000008000ff66 (0xfe043703) ld      a4, -32(s0)
core   0: 3 0x000000008000ff66 (0xfe043703) x14 0x00000000800120c6 mem 0x0000000080031f50
core   0: 0x000000008000ff6a (0xfcf76de3) bltu    a4, a5, pc - 38
core   0: 3 0x000000008000ff6a (0xfcf76de3)
core   0: 0x000000008000ff44 (0xfe043783) ld      a5, -32(s0)
core   0: 3 0x000000008000ff44 (0xfe043783) x15 0x00000000800120c6 mem 0x0000000080031f50
core   0: 0x000000008000ff48 (0x00178713) addi    a4, a5, 1
core   0: 3 0x000000008000ff48 (0x00178713) x14 0x00000000800120c7
core   0: 0x000000008000ff4c (0xfee43023) sd      a4, -32(s0)
core   0: 3 0x000000008000ff4c (0xfee43023) mem 0x0000000080031f50 0x00000000800120c7
core   0: 0x000000008000ff50 (0xfc442703) lw      a4, -60(s0)
core   0: 3 0x000000008000ff50 (0xfc442703) x14 0x0000000000000000 mem 0x0000000080031f34
core   0: 0x000000008000ff54 (0x0ff77713) andi    a4, a4, 255
core   0: 3 0x000000008000ff54 (0x0ff77713) x14 0x0000000000000000
core   0: 0x000000008000ff58 (0x00e78023) sb      a4, 0(a5)
core   0: 3 0x000000008000ff58 (0x00e78023) mem 0x00000000800120c6 0x00
core   0: 0x000000008000ff5c (0xfc843703) ld      a4, -56(s0)
core   0: 3 0x000000008000ff5c (0xfc843703) x14 0x0000000080012040 mem 0x0000000080031f38
core   0: 0x000000008000ff60 (0xfb843783) ld      a5, -72(s0)
core   0: 3 0x000000008000ff60 (0xfb843783) x15 0x000000000000009c mem 0x0000000080031f28
core   0: 0x000000008000ff64 (0x000097ba) c.add   a5, a4
core   0: 3 0x000000008000ff64 (0x97ba) x15 0x00000000800120dc
core   0: 0x000000008000ff66 (0xfe043703) ld      a4, -32(s0)
core   0: 3 0x000000008000ff66 (0xfe043703) x14 0x00000000800120c7 mem 0x0000000080031f50
core   0: 0x000000008000ff6a (0xfcf76de3) bltu    a4, a5, pc - 38
core   0: 3 0x000000008000ff6a (0xfcf76de3)
core   0: 0x000000008000ff44 (0xfe043783) ld      a5, -32(s0)
core   0: 3 0x000000008000ff44 (0xfe043783) x15 0x00000000800120c7 mem 0x0000000080031f50
core   0: 0x000000008000ff48 (0x00178713) addi    a4, a5, 1
core   0: 3 0x000000008000ff48 (0x00178713) x14 0x00000000800120c8
core   0: 0x000000008000ff4c (0xfee43023) sd      a4, -32(s0)
core   0: 3 0x000000008000ff4c (0xfee43023) mem 0x0000000080031f50 0x00000000800120c8
core   0: 0x000000008000ff50 (0xfc442703) lw      a4, -60(s0)
core   0: 3 0x000000008000ff50 (0xfc442703) x14 0x0000000000000000 mem 0x0000000080031f34
core   0: 0x000000008000ff54 (0x0ff77713) andi    a4, a4, 255
core   0: 3 0x000000008000ff54 (0x0ff77713) x14 0x0000000000000000
core   0: 0x000000008000ff58 (0x00e78023) sb      a4, 0(a5)
core   0: 3 0x000000008000ff58 (0x00e78023) mem 0x00000000800120c7 0x00
core   0: 0x000000008000ff5c (0xfc843703) ld      a4, -56(s0)
core   0: 3 0x000000008000ff5c (0xfc843703) x14 0x0000000080012040 mem 0x0000000080031f38
core   0: 0x000000008000ff60 (0xfb843783) ld      a5, -72(s0)
core   0: 3 0x000000008000ff60 (0xfb843783) x15 0x000000000000009c mem 0x0000000080031f28
core   0: 0x000000008000ff64 (0x000097ba) c.add   a5, a4
core   0: 3 0x000000008000ff64 (0x97ba) x15 0x00000000800120dc
core   0: 0x000000008000ff66 (0xfe043703) ld      a4, -32(s0)
core   0: 3 0x000000008000ff66 (0xfe043703) x14 0x00000000800120c8 mem 0x0000000080031f50
core   0: 0x000000008000ff6a (0xfcf76de3) bltu    a4, a5, pc - 38
core   0: 3 0x000000008000ff6a (0xfcf76de3)
core   0: 0x000000008000ff44 (0xfe043783) ld      a5, -32(s0)
core   0: 3 0x000000008000ff44 (0xfe043783) x15 0x00000000800120c8 mem 0x0000000080031f50
core   0: 0x000000008000ff48 (0x00178713) addi    a4, a5, 1
core   0: 3 0x000000008000ff48 (0x00178713) x14 0x00000000800120c9
core   0: 0x000000008000ff4c (0xfee43023) sd      a4, -32(s0)
core   0: 3 0x000000008000ff4c (0xfee43023) mem 0x0000000080031f50 0x00000000800120c9
core   0: 0x000000008000ff50 (0xfc442703) lw      a4, -60(s0)
core   0: 3 0x000000008000ff50 (0xfc442703) x14 0x0000000000000000 mem 0x0000000080031f34
core   0: 0x000000008000ff54 (0x0ff77713) andi    a4, a4, 255
core   0: 3 0x000000008000ff54 (0x0ff77713) x14 0x0000000000000000
core   0: 0x000000008000ff58 (0x00e78023) sb      a4, 0(a5)
core   0: 3 0x000000008000ff58 (0x00e78023) mem 0x00000000800120c8 0x00
core   0: 0x000000008000ff5c (0xfc843703) ld      a4, -56(s0)
core   0: 3 0x000000008000ff5c (0xfc843703) x14 0x0000000080012040 mem 0x0000000080031f38
core   0: 0x000000008000ff60 (0xfb843783) ld      a5, -72(s0)
core   0: 3 0x000000008000ff60 (0xfb843783) x15 0x000000000000009c mem 0x0000000080031f28
core   0: 0x000000008000ff64 (0x000097ba) c.add   a5, a4
core   0: 3 0x000000008000ff64 (0x97ba) x15 0x00000000800120dc
core   0: 0x000000008000ff66 (0xfe043703) ld      a4, -32(s0)
core   0: 3 0x000000008000ff66 (0xfe043703) x14 0x00000000800120c9 mem 0x0000000080031f50
core   0: 0x000000008000ff6a (0xfcf76de3) bltu    a4, a5, pc - 38
core   0: 3 0x000000008000ff6a (0xfcf76de3)
core   0: 0x000000008000ff44 (0xfe043783) ld      a5, -32(s0)
core   0: 3 0x000000008000ff44 (0xfe043783) x15 0x00000000800120c9 mem 0x0000000080031f50
core   0: 0x000000008000ff48 (0x00178713) addi    a4, a5, 1
core   0: 3 0x000000008000ff48 (0x00178713) x14 0x00000000800120ca
core   0: 0x000000008000ff4c (0xfee43023) sd      a4, -32(s0)
core   0: 3 0x000000008000ff4c (0xfee43023) mem 0x0000000080031f50 0x00000000800120ca
core   0: 0x000000008000ff50 (0xfc442703) lw      a4, -60(s0)
core   0: 3 0x000000008000ff50 (0xfc442703) x14 0x0000000000000000 mem 0x0000000080031f34
core   0: 0x000000008000ff54 (0x0ff77713) andi    a4, a4, 255
core   0: 3 0x000000008000ff54 (0x0ff77713) x14 0x0000000000000000
core   0: 0x000000008000ff58 (0x00e78023) sb      a4, 0(a5)
core   0: 3 0x000000008000ff58 (0x00e78023) mem 0x00000000800120c9 0x00
core   0: 0x000000008000ff5c (0xfc843703) ld      a4, -56(s0)
core   0: 3 0x000000008000ff5c (0xfc843703) x14 0x0000000080012040 mem 0x0000000080031f38
core   0: 0x000000008000ff60 (0xfb843783) ld      a5, -72(s0)
core   0: 3 0x000000008000ff60 (0xfb843783) x15 0x000000000000009c mem 0x0000000080031f28
core   0: 0x000000008000ff64 (0x000097ba) c.add   a5, a4
core   0: 3 0x000000008000ff64 (0x97ba) x15 0x00000000800120dc
core   0: 0x000000008000ff66 (0xfe043703) ld      a4, -32(s0)
core   0: 3 0x000000008000ff66 (0xfe043703) x14 0x00000000800120ca mem 0x0000000080031f50
core   0: 0x000000008000ff6a (0xfcf76de3) bltu    a4, a5, pc - 38
core   0: 3 0x000000008000ff6a (0xfcf76de3)
core   0: 0x000000008000ff44 (0xfe043783) ld      a5, -32(s0)
core   0: 3 0x000000008000ff44 (0xfe043783) x15 0x00000000800120ca mem 0x0000000080031f50
core   0: 0x000000008000ff48 (0x00178713) addi    a4, a5, 1
core   0: 3 0x000000008000ff48 (0x00178713) x14 0x00000000800120cb
core   0: 0x000000008000ff4c (0xfee43023) sd      a4, -32(s0)
core   0: 3 0x000000008000ff4c (0xfee43023) mem 0x0000000080031f50 0x00000000800120cb
core   0: 0x000000008000ff50 (0xfc442703) lw      a4, -60(s0)
core   0: 3 0x000000008000ff50 (0xfc442703) x14 0x0000000000000000 mem 0x0000000080031f34
core   0: 0x000000008000ff54 (0x0ff77713) andi    a4, a4, 255
core   0: 3 0x000000008000ff54 (0x0ff77713) x14 0x0000000000000000
core   0: 0x000000008000ff58 (0x00e78023) sb      a4, 0(a5)
core   0: 3 0x000000008000ff58 (0x00e78023) mem 0x00000000800120ca 0x00
core   0: 0x000000008000ff5c (0xfc843703) ld      a4, -56(s0)
core   0: 3 0x000000008000ff5c (0xfc843703) x14 0x0000000080012040 mem 0x0000000080031f38
core   0: 0x000000008000ff60 (0xfb843783) ld      a5, -72(s0)
core   0: 3 0x000000008000ff60 (0xfb843783) x15 0x000000000000009c mem 0x0000000080031f28
core   0: 0x000000008000ff64 (0x000097ba) c.add   a5, a4
core   0: 3 0x000000008000ff64 (0x97ba) x15 0x00000000800120dc
core   0: 0x000000008000ff66 (0xfe043703) ld      a4, -32(s0)
core   0: 3 0x000000008000ff66 (0xfe043703) x14 0x00000000800120cb mem 0x0000000080031f50
core   0: 0x000000008000ff6a (0xfcf76de3) bltu    a4, a5, pc - 38
core   0: 3 0x000000008000ff6a (0xfcf76de3)
core   0: 0x000000008000ff44 (0xfe043783) ld      a5, -32(s0)
core   0: 3 0x000000008000ff44 (0xfe043783) x15 0x00000000800120cb mem 0x0000000080031f50
core   0: 0x000000008000ff48 (0x00178713) addi    a4, a5, 1
core   0: 3 0x000000008000ff48 (0x00178713) x14 0x00000000800120cc
core   0: 0x000000008000ff4c (0xfee43023) sd      a4, -32(s0)
core   0: 3 0x000000008000ff4c (0xfee43023) mem 0x0000000080031f50 0x00000000800120cc
core   0: 0x000000008000ff50 (0xfc442703) lw      a4, -60(s0)
core   0: 3 0x000000008000ff50 (0xfc442703) x14 0x0000000000000000 mem 0x0000000080031f34
core   0: 0x000000008000ff54 (0x0ff77713) andi    a4, a4, 255
core   0: 3 0x000000008000ff54 (0x0ff77713) x14 0x0000000000000000
core   0: 0x000000008000ff58 (0x00e78023) sb      a4, 0(a5)
core   0: 3 0x000000008000ff58 (0x00e78023) mem 0x00000000800120cb 0x00
core   0: 0x000000008000ff5c (0xfc843703) ld      a4, -56(s0)
core   0: 3 0x000000008000ff5c (0xfc843703) x14 0x0000000080012040 mem 0x0000000080031f38
core   0: 0x000000008000ff60 (0xfb843783) ld      a5, -72(s0)
core   0: 3 0x000000008000ff60 (0xfb843783) x15 0x000000000000009c mem 0x0000000080031f28
core   0: 0x000000008000ff64 (0x000097ba) c.add   a5, a4
core   0: 3 0x000000008000ff64 (0x97ba) x15 0x00000000800120dc
core   0: 0x000000008000ff66 (0xfe043703) ld      a4, -32(s0)
core   0: 3 0x000000008000ff66 (0xfe043703) x14 0x00000000800120cc mem 0x0000000080031f50
core   0: 0x000000008000ff6a (0xfcf76de3) bltu    a4, a5, pc - 38
core   0: 3 0x000000008000ff6a (0xfcf76de3)
core   0: 0x000000008000ff44 (0xfe043783) ld      a5, -32(s0)
core   0: 3 0x000000008000ff44 (0xfe043783) x15 0x00000000800120cc mem 0x0000000080031f50
core   0: 0x000000008000ff48 (0x00178713) addi    a4, a5, 1
core   0: 3 0x000000008000ff48 (0x00178713) x14 0x00000000800120cd
core   0: 0x000000008000ff4c (0xfee43023) sd      a4, -32(s0)
core   0: 3 0x000000008000ff4c (0xfee43023) mem 0x0000000080031f50 0x00000000800120cd
core   0: 0x000000008000ff50 (0xfc442703) lw      a4, -60(s0)
core   0: 3 0x000000008000ff50 (0xfc442703) x14 0x0000000000000000 mem 0x0000000080031f34
core   0: 0x000000008000ff54 (0x0ff77713) andi    a4, a4, 255
core   0: 3 0x000000008000ff54 (0x0ff77713) x14 0x0000000000000000
core   0: 0x000000008000ff58 (0x00e78023) sb      a4, 0(a5)
core   0: 3 0x000000008000ff58 (0x00e78023) mem 0x00000000800120cc 0x00
core   0: 0x000000008000ff5c (0xfc843703) ld      a4, -56(s0)
core   0: 3 0x000000008000ff5c (0xfc843703) x14 0x0000000080012040 mem 0x0000000080031f38
core   0: 0x000000008000ff60 (0xfb843783) ld      a5, -72(s0)
core   0: 3 0x000000008000ff60 (0xfb843783) x15 0x000000000000009c mem 0x0000000080031f28
core   0: 0x000000008000ff64 (0x000097ba) c.add   a5, a4
core   0: 3 0x000000008000ff64 (0x97ba) x15 0x00000000800120dc
core   0: 0x000000008000ff66 (0xfe043703) ld      a4, -32(s0)
core   0: 3 0x000000008000ff66 (0xfe043703) x14 0x00000000800120cd mem 0x0000000080031f50
core   0: 0x000000008000ff6a (0xfcf76de3) bltu    a4, a5, pc - 38
core   0: 3 0x000000008000ff6a (0xfcf76de3)
core   0: 0x000000008000ff44 (0xfe043783) ld      a5, -32(s0)
core   0: 3 0x000000008000ff44 (0xfe043783) x15 0x00000000800120cd mem 0x0000000080031f50
core   0: 0x000000008000ff48 (0x00178713) addi    a4, a5, 1
core   0: 3 0x000000008000ff48 (0x00178713) x14 0x00000000800120ce
core   0: 0x000000008000ff4c (0xfee43023) sd      a4, -32(s0)
core   0: 3 0x000000008000ff4c (0xfee43023) mem 0x0000000080031f50 0x00000000800120ce
core   0: 0x000000008000ff50 (0xfc442703) lw      a4, -60(s0)
core   0: 3 0x000000008000ff50 (0xfc442703) x14 0x0000000000000000 mem 0x0000000080031f34
core   0: 0x000000008000ff54 (0x0ff77713) andi    a4, a4, 255
core   0: 3 0x000000008000ff54 (0x0ff77713) x14 0x0000000000000000
core   0: 0x000000008000ff58 (0x00e78023) sb      a4, 0(a5)
core   0: 3 0x000000008000ff58 (0x00e78023) mem 0x00000000800120cd 0x00
core   0: 0x000000008000ff5c (0xfc843703) ld      a4, -56(s0)
core   0: 3 0x000000008000ff5c (0xfc843703) x14 0x0000000080012040 mem 0x0000000080031f38
core   0: 0x000000008000ff60 (0xfb843783) ld      a5, -72(s0)
core   0: 3 0x000000008000ff60 (0xfb843783) x15 0x000000000000009c mem 0x0000000080031f28
core   0: 0x000000008000ff64 (0x000097ba) c.add   a5, a4
core   0: 3 0x000000008000ff64 (0x97ba) x15 0x00000000800120dc
core   0: 0x000000008000ff66 (0xfe043703) ld      a4, -32(s0)
core   0: 3 0x000000008000ff66 (0xfe043703) x14 0x00000000800120ce mem 0x0000000080031f50
core   0: 0x000000008000ff6a (0xfcf76de3) bltu    a4, a5, pc - 38
core   0: 3 0x000000008000ff6a (0xfcf76de3)
core   0: 0x000000008000ff44 (0xfe043783) ld      a5, -32(s0)
core   0: 3 0x000000008000ff44 (0xfe043783) x15 0x00000000800120ce mem 0x0000000080031f50
core   0: 0x000000008000ff48 (0x00178713) addi    a4, a5, 1
core   0: 3 0x000000008000ff48 (0x00178713) x14 0x00000000800120cf
core   0: 0x000000008000ff4c (0xfee43023) sd      a4, -32(s0)
core   0: 3 0x000000008000ff4c (0xfee43023) mem 0x0000000080031f50 0x00000000800120cf
core   0: 0x000000008000ff50 (0xfc442703) lw      a4, -60(s0)
core   0: 3 0x000000008000ff50 (0xfc442703) x14 0x0000000000000000 mem 0x0000000080031f34
core   0: 0x000000008000ff54 (0x0ff77713) andi    a4, a4, 255
core   0: 3 0x000000008000ff54 (0x0ff77713) x14 0x0000000000000000
core   0: 0x000000008000ff58 (0x00e78023) sb      a4, 0(a5)
core   0: 3 0x000000008000ff58 (0x00e78023) mem 0x00000000800120ce 0x00
core   0: 0x000000008000ff5c (0xfc843703) ld      a4, -56(s0)
core   0: 3 0x000000008000ff5c (0xfc843703) x14 0x0000000080012040 mem 0x0000000080031f38
core   0: 0x000000008000ff60 (0xfb843783) ld      a5, -72(s0)
core   0: 3 0x000000008000ff60 (0xfb843783) x15 0x000000000000009c mem 0x0000000080031f28
core   0: 0x000000008000ff64 (0x000097ba) c.add   a5, a4
core   0: 3 0x000000008000ff64 (0x97ba) x15 0x00000000800120dc
core   0: 0x000000008000ff66 (0xfe043703) ld      a4, -32(s0)
core   0: 3 0x000000008000ff66 (0xfe043703) x14 0x00000000800120cf mem 0x0000000080031f50
core   0: 0x000000008000ff6a (0xfcf76de3) bltu    a4, a5, pc - 38
core   0: 3 0x000000008000ff6a (0xfcf76de3)
core   0: 0x000000008000ff44 (0xfe043783) ld      a5, -32(s0)
core   0: 3 0x000000008000ff44 (0xfe043783) x15 0x00000000800120cf mem 0x0000000080031f50
core   0: 0x000000008000ff48 (0x00178713) addi    a4, a5, 1
core   0: 3 0x000000008000ff48 (0x00178713) x14 0x00000000800120d0
core   0: 0x000000008000ff4c (0xfee43023) sd      a4, -32(s0)
core   0: 3 0x000000008000ff4c (0xfee43023) mem 0x0000000080031f50 0x00000000800120d0
core   0: 0x000000008000ff50 (0xfc442703) lw      a4, -60(s0)
core   0: 3 0x000000008000ff50 (0xfc442703) x14 0x0000000000000000 mem 0x0000000080031f34
core   0: 0x000000008000ff54 (0x0ff77713) andi    a4, a4, 255
core   0: 3 0x000000008000ff54 (0x0ff77713) x14 0x0000000000000000
core   0: 0x000000008000ff58 (0x00e78023) sb      a4, 0(a5)
core   0: 3 0x000000008000ff58 (0x00e78023) mem 0x00000000800120cf 0x00
core   0: 0x000000008000ff5c (0xfc843703) ld      a4, -56(s0)
core   0: 3 0x000000008000ff5c (0xfc843703) x14 0x0000000080012040 mem 0x0000000080031f38
core   0: 0x000000008000ff60 (0xfb843783) ld      a5, -72(s0)
core   0: 3 0x000000008000ff60 (0xfb843783) x15 0x000000000000009c mem 0x0000000080031f28
core   0: 0x000000008000ff64 (0x000097ba) c.add   a5, a4
core   0: 3 0x000000008000ff64 (0x97ba) x15 0x00000000800120dc
core   0: 0x000000008000ff66 (0xfe043703) ld      a4, -32(s0)
core   0: 3 0x000000008000ff66 (0xfe043703) x14 0x00000000800120d0 mem 0x0000000080031f50
core   0: 0x000000008000ff6a (0xfcf76de3) bltu    a4, a5, pc - 38
core   0: 3 0x000000008000ff6a (0xfcf76de3)
core   0: 0x000000008000ff44 (0xfe043783) ld      a5, -32(s0)
core   0: 3 0x000000008000ff44 (0xfe043783) x15 0x00000000800120d0 mem 0x0000000080031f50
core   0: 0x000000008000ff48 (0x00178713) addi    a4, a5, 1
core   0: 3 0x000000008000ff48 (0x00178713) x14 0x00000000800120d1
core   0: 0x000000008000ff4c (0xfee43023) sd      a4, -32(s0)
core   0: 3 0x000000008000ff4c (0xfee43023) mem 0x0000000080031f50 0x00000000800120d1
core   0: 0x000000008000ff50 (0xfc442703) lw      a4, -60(s0)
core   0: 3 0x000000008000ff50 (0xfc442703) x14 0x0000000000000000 mem 0x0000000080031f34
core   0: 0x000000008000ff54 (0x0ff77713) andi    a4, a4, 255
core   0: 3 0x000000008000ff54 (0x0ff77713) x14 0x0000000000000000
core   0: 0x000000008000ff58 (0x00e78023) sb      a4, 0(a5)
core   0: 3 0x000000008000ff58 (0x00e78023) mem 0x00000000800120d0 0x00
core   0: 0x000000008000ff5c (0xfc843703) ld      a4, -56(s0)
core   0: 3 0x000000008000ff5c (0xfc843703) x14 0x0000000080012040 mem 0x0000000080031f38
core   0: 0x000000008000ff60 (0xfb843783) ld      a5, -72(s0)
core   0: 3 0x000000008000ff60 (0xfb843783) x15 0x000000000000009c mem 0x0000000080031f28
core   0: 0x000000008000ff64 (0x000097ba) c.add   a5, a4
core   0: 3 0x000000008000ff64 (0x97ba) x15 0x00000000800120dc
core   0: 0x000000008000ff66 (0xfe043703) ld      a4, -32(s0)
core   0: 3 0x000000008000ff66 (0xfe043703) x14 0x00000000800120d1 mem 0x0000000080031f50
core   0: 0x000000008000ff6a (0xfcf76de3) bltu    a4, a5, pc - 38
core   0: 3 0x000000008000ff6a (0xfcf76de3)
core   0: 0x000000008000ff44 (0xfe043783) ld      a5, -32(s0)
core   0: 3 0x000000008000ff44 (0xfe043783) x15 0x00000000800120d1 mem 0x0000000080031f50
core   0: 0x000000008000ff48 (0x00178713) addi    a4, a5, 1
core   0: 3 0x000000008000ff48 (0x00178713) x14 0x00000000800120d2
core   0: 0x000000008000ff4c (0xfee43023) sd      a4, -32(s0)
core   0: 3 0x000000008000ff4c (0xfee43023) mem 0x0000000080031f50 0x00000000800120d2
core   0: 0x000000008000ff50 (0xfc442703) lw      a4, -60(s0)
core   0: 3 0x000000008000ff50 (0xfc442703) x14 0x0000000000000000 mem 0x0000000080031f34
core   0: 0x000000008000ff54 (0x0ff77713) andi    a4, a4, 255
core   0: 3 0x000000008000ff54 (0x0ff77713) x14 0x0000000000000000
core   0: 0x000000008000ff58 (0x00e78023) sb      a4, 0(a5)
core   0: 3 0x000000008000ff58 (0x00e78023) mem 0x00000000800120d1 0x00
core   0: 0x000000008000ff5c (0xfc843703) ld      a4, -56(s0)
core   0: 3 0x000000008000ff5c (0xfc843703) x14 0x0000000080012040 mem 0x0000000080031f38
core   0: 0x000000008000ff60 (0xfb843783) ld      a5, -72(s0)
core   0: 3 0x000000008000ff60 (0xfb843783) x15 0x000000000000009c mem 0x0000000080031f28
core   0: 0x000000008000ff64 (0x000097ba) c.add   a5, a4
core   0: 3 0x000000008000ff64 (0x97ba) x15 0x00000000800120dc
core   0: 0x000000008000ff66 (0xfe043703) ld      a4, -32(s0)
core   0: 3 0x000000008000ff66 (0xfe043703) x14 0x00000000800120d2 mem 0x0000000080031f50
core   0: 0x000000008000ff6a (0xfcf76de3) bltu    a4, a5, pc - 38
core   0: 3 0x000000008000ff6a (0xfcf76de3)
core   0: 0x000000008000ff44 (0xfe043783) ld      a5, -32(s0)
core   0: 3 0x000000008000ff44 (0xfe043783) x15 0x00000000800120d2 mem 0x0000000080031f50
core   0: 0x000000008000ff48 (0x00178713) addi    a4, a5, 1
core   0: 3 0x000000008000ff48 (0x00178713) x14 0x00000000800120d3
core   0: 0x000000008000ff4c (0xfee43023) sd      a4, -32(s0)
core   0: 3 0x000000008000ff4c (0xfee43023) mem 0x0000000080031f50 0x00000000800120d3
core   0: 0x000000008000ff50 (0xfc442703) lw      a4, -60(s0)
core   0: 3 0x000000008000ff50 (0xfc442703) x14 0x0000000000000000 mem 0x0000000080031f34
core   0: 0x000000008000ff54 (0x0ff77713) andi    a4, a4, 255
core   0: 3 0x000000008000ff54 (0x0ff77713) x14 0x0000000000000000
core   0: 0x000000008000ff58 (0x00e78023) sb      a4, 0(a5)
core   0: 3 0x000000008000ff58 (0x00e78023) mem 0x00000000800120d2 0x00
core   0: 0x000000008000ff5c (0xfc843703) ld      a4, -56(s0)
core   0: 3 0x000000008000ff5c (0xfc843703) x14 0x0000000080012040 mem 0x0000000080031f38
core   0: 0x000000008000ff60 (0xfb843783) ld      a5, -72(s0)
core   0: 3 0x000000008000ff60 (0xfb843783) x15 0x000000000000009c mem 0x0000000080031f28
core   0: 0x000000008000ff64 (0x000097ba) c.add   a5, a4
core   0: 3 0x000000008000ff64 (0x97ba) x15 0x00000000800120dc
core   0: 0x000000008000ff66 (0xfe043703) ld      a4, -32(s0)
core   0: 3 0x000000008000ff66 (0xfe043703) x14 0x00000000800120d3 mem 0x0000000080031f50
core   0: 0x000000008000ff6a (0xfcf76de3) bltu    a4, a5, pc - 38
core   0: 3 0x000000008000ff6a (0xfcf76de3)
core   0: 0x000000008000ff44 (0xfe043783) ld      a5, -32(s0)
core   0: 3 0x000000008000ff44 (0xfe043783) x15 0x00000000800120d3 mem 0x0000000080031f50
core   0: 0x000000008000ff48 (0x00178713) addi    a4, a5, 1
core   0: 3 0x000000008000ff48 (0x00178713) x14 0x00000000800120d4
core   0: 0x000000008000ff4c (0xfee43023) sd      a4, -32(s0)
core   0: 3 0x000000008000ff4c (0xfee43023) mem 0x0000000080031f50 0x00000000800120d4
core   0: 0x000000008000ff50 (0xfc442703) lw      a4, -60(s0)
core   0: 3 0x000000008000ff50 (0xfc442703) x14 0x0000000000000000 mem 0x0000000080031f34
core   0: 0x000000008000ff54 (0x0ff77713) andi    a4, a4, 255
core   0: 3 0x000000008000ff54 (0x0ff77713) x14 0x0000000000000000
core   0: 0x000000008000ff58 (0x00e78023) sb      a4, 0(a5)
core   0: 3 0x000000008000ff58 (0x00e78023) mem 0x00000000800120d3 0x00
core   0: 0x000000008000ff5c (0xfc843703) ld      a4, -56(s0)
core   0: 3 0x000000008000ff5c (0xfc843703) x14 0x0000000080012040 mem 0x0000000080031f38
core   0: 0x000000008000ff60 (0xfb843783) ld      a5, -72(s0)
core   0: 3 0x000000008000ff60 (0xfb843783) x15 0x000000000000009c mem 0x0000000080031f28
core   0: 0x000000008000ff64 (0x000097ba) c.add   a5, a4
core   0: 3 0x000000008000ff64 (0x97ba) x15 0x00000000800120dc
core   0: 0x000000008000ff66 (0xfe043703) ld      a4, -32(s0)
core   0: 3 0x000000008000ff66 (0xfe043703) x14 0x00000000800120d4 mem 0x0000000080031f50
core   0: 0x000000008000ff6a (0xfcf76de3) bltu    a4, a5, pc - 38
core   0: 3 0x000000008000ff6a (0xfcf76de3)
core   0: 0x000000008000ff44 (0xfe043783) ld      a5, -32(s0)
core   0: 3 0x000000008000ff44 (0xfe043783) x15 0x00000000800120d4 mem 0x0000000080031f50
core   0: 0x000000008000ff48 (0x00178713) addi    a4, a5, 1
core   0: 3 0x000000008000ff48 (0x00178713) x14 0x00000000800120d5
core   0: 0x000000008000ff4c (0xfee43023) sd      a4, -32(s0)
core   0: 3 0x000000008000ff4c (0xfee43023) mem 0x0000000080031f50 0x00000000800120d5
core   0: 0x000000008000ff50 (0xfc442703) lw      a4, -60(s0)
core   0: 3 0x000000008000ff50 (0xfc442703) x14 0x0000000000000000 mem 0x0000000080031f34
core   0: 0x000000008000ff54 (0x0ff77713) andi    a4, a4, 255
core   0: 3 0x000000008000ff54 (0x0ff77713) x14 0x0000000000000000
core   0: 0x000000008000ff58 (0x00e78023) sb      a4, 0(a5)
core   0: 3 0x000000008000ff58 (0x00e78023) mem 0x00000000800120d4 0x00
core   0: 0x000000008000ff5c (0xfc843703) ld      a4, -56(s0)
core   0: 3 0x000000008000ff5c (0xfc843703) x14 0x0000000080012040 mem 0x0000000080031f38
core   0: 0x000000008000ff60 (0xfb843783) ld      a5, -72(s0)
core   0: 3 0x000000008000ff60 (0xfb843783) x15 0x000000000000009c mem 0x0000000080031f28
core   0: 0x000000008000ff64 (0x000097ba) c.add   a5, a4
core   0: 3 0x000000008000ff64 (0x97ba) x15 0x00000000800120dc
core   0: 0x000000008000ff66 (0xfe043703) ld      a4, -32(s0)
core   0: 3 0x000000008000ff66 (0xfe043703) x14 0x00000000800120d5 mem 0x0000000080031f50
core   0: 0x000000008000ff6a (0xfcf76de3) bltu    a4, a5, pc - 38
core   0: 3 0x000000008000ff6a (0xfcf76de3)
core   0: 0x000000008000ff44 (0xfe043783) ld      a5, -32(s0)
core   0: 3 0x000000008000ff44 (0xfe043783) x15 0x00000000800120d5 mem 0x0000000080031f50
core   0: 0x000000008000ff48 (0x00178713) addi    a4, a5, 1
core   0: 3 0x000000008000ff48 (0x00178713) x14 0x00000000800120d6
core   0: 0x000000008000ff4c (0xfee43023) sd      a4, -32(s0)
core   0: 3 0x000000008000ff4c (0xfee43023) mem 0x0000000080031f50 0x00000000800120d6
core   0: 0x000000008000ff50 (0xfc442703) lw      a4, -60(s0)
core   0: 3 0x000000008000ff50 (0xfc442703) x14 0x0000000000000000 mem 0x0000000080031f34
core   0: 0x000000008000ff54 (0x0ff77713) andi    a4, a4, 255
core   0: 3 0x000000008000ff54 (0x0ff77713) x14 0x0000000000000000
core   0: 0x000000008000ff58 (0x00e78023) sb      a4, 0(a5)
core   0: 3 0x000000008000ff58 (0x00e78023) mem 0x00000000800120d5 0x00
core   0: 0x000000008000ff5c (0xfc843703) ld      a4, -56(s0)
core   0: 3 0x000000008000ff5c (0xfc843703) x14 0x0000000080012040 mem 0x0000000080031f38
core   0: 0x000000008000ff60 (0xfb843783) ld      a5, -72(s0)
core   0: 3 0x000000008000ff60 (0xfb843783) x15 0x000000000000009c mem 0x0000000080031f28
core   0: 0x000000008000ff64 (0x000097ba) c.add   a5, a4
core   0: 3 0x000000008000ff64 (0x97ba) x15 0x00000000800120dc
core   0: 0x000000008000ff66 (0xfe043703) ld      a4, -32(s0)
core   0: 3 0x000000008000ff66 (0xfe043703) x14 0x00000000800120d6 mem 0x0000000080031f50
core   0: 0x000000008000ff6a (0xfcf76de3) bltu    a4, a5, pc - 38
core   0: 3 0x000000008000ff6a (0xfcf76de3)
core   0: 0x000000008000ff44 (0xfe043783) ld      a5, -32(s0)
core   0: 3 0x000000008000ff44 (0xfe043783) x15 0x00000000800120d6 mem 0x0000000080031f50
core   0: 0x000000008000ff48 (0x00178713) addi    a4, a5, 1
core   0: 3 0x000000008000ff48 (0x00178713) x14 0x00000000800120d7
core   0: 0x000000008000ff4c (0xfee43023) sd      a4, -32(s0)
core   0: 3 0x000000008000ff4c (0xfee43023) mem 0x0000000080031f50 0x00000000800120d7
core   0: 0x000000008000ff50 (0xfc442703) lw      a4, -60(s0)
core   0: 3 0x000000008000ff50 (0xfc442703) x14 0x0000000000000000 mem 0x0000000080031f34
core   0: 0x000000008000ff54 (0x0ff77713) andi    a4, a4, 255
core   0: 3 0x000000008000ff54 (0x0ff77713) x14 0x0000000000000000
core   0: 0x000000008000ff58 (0x00e78023) sb      a4, 0(a5)
core   0: 3 0x000000008000ff58 (0x00e78023) mem 0x00000000800120d6 0x00
core   0: 0x000000008000ff5c (0xfc843703) ld      a4, -56(s0)
core   0: 3 0x000000008000ff5c (0xfc843703) x14 0x0000000080012040 mem 0x0000000080031f38
core   0: 0x000000008000ff60 (0xfb843783) ld      a5, -72(s0)
core   0: 3 0x000000008000ff60 (0xfb843783) x15 0x000000000000009c mem 0x0000000080031f28
core   0: 0x000000008000ff64 (0x000097ba) c.add   a5, a4
core   0: 3 0x000000008000ff64 (0x97ba) x15 0x00000000800120dc
core   0: 0x000000008000ff66 (0xfe043703) ld      a4, -32(s0)
core   0: 3 0x000000008000ff66 (0xfe043703) x14 0x00000000800120d7 mem 0x0000000080031f50
core   0: 0x000000008000ff6a (0xfcf76de3) bltu    a4, a5, pc - 38
core   0: 3 0x000000008000ff6a (0xfcf76de3)
core   0: 0x000000008000ff44 (0xfe043783) ld      a5, -32(s0)
core   0: 3 0x000000008000ff44 (0xfe043783) x15 0x00000000800120d7 mem 0x0000000080031f50
core   0: 0x000000008000ff48 (0x00178713) addi    a4, a5, 1
core   0: 3 0x000000008000ff48 (0x00178713) x14 0x00000000800120d8
core   0: 0x000000008000ff4c (0xfee43023) sd      a4, -32(s0)
core   0: 3 0x000000008000ff4c (0xfee43023) mem 0x0000000080031f50 0x00000000800120d8
core   0: 0x000000008000ff50 (0xfc442703) lw      a4, -60(s0)
core   0: 3 0x000000008000ff50 (0xfc442703) x14 0x0000000000000000 mem 0x0000000080031f34
core   0: 0x000000008000ff54 (0x0ff77713) andi    a4, a4, 255
core   0: 3 0x000000008000ff54 (0x0ff77713) x14 0x0000000000000000
core   0: 0x000000008000ff58 (0x00e78023) sb      a4, 0(a5)
core   0: 3 0x000000008000ff58 (0x00e78023) mem 0x00000000800120d7 0x00
core   0: 0x000000008000ff5c (0xfc843703) ld      a4, -56(s0)
core   0: 3 0x000000008000ff5c (0xfc843703) x14 0x0000000080012040 mem 0x0000000080031f38
core   0: 0x000000008000ff60 (0xfb843783) ld      a5, -72(s0)
core   0: 3 0x000000008000ff60 (0xfb843783) x15 0x000000000000009c mem 0x0000000080031f28
core   0: 0x000000008000ff64 (0x000097ba) c.add   a5, a4
core   0: 3 0x000000008000ff64 (0x97ba) x15 0x00000000800120dc
core   0: 0x000000008000ff66 (0xfe043703) ld      a4, -32(s0)
core   0: 3 0x000000008000ff66 (0xfe043703) x14 0x00000000800120d8 mem 0x0000000080031f50
core   0: 0x000000008000ff6a (0xfcf76de3) bltu    a4, a5, pc - 38
core   0: 3 0x000000008000ff6a (0xfcf76de3)
core   0: 0x000000008000ff44 (0xfe043783) ld      a5, -32(s0)
core   0: 3 0x000000008000ff44 (0xfe043783) x15 0x00000000800120d8 mem 0x0000000080031f50
core   0: 0x000000008000ff48 (0x00178713) addi    a4, a5, 1
core   0: 3 0x000000008000ff48 (0x00178713) x14 0x00000000800120d9
core   0: 0x000000008000ff4c (0xfee43023) sd      a4, -32(s0)
core   0: 3 0x000000008000ff4c (0xfee43023) mem 0x0000000080031f50 0x00000000800120d9
core   0: 0x000000008000ff50 (0xfc442703) lw      a4, -60(s0)
core   0: 3 0x000000008000ff50 (0xfc442703) x14 0x0000000000000000 mem 0x0000000080031f34
core   0: 0x000000008000ff54 (0x0ff77713) andi    a4, a4, 255
core   0: 3 0x000000008000ff54 (0x0ff77713) x14 0x0000000000000000
core   0: 0x000000008000ff58 (0x00e78023) sb      a4, 0(a5)
core   0: 3 0x000000008000ff58 (0x00e78023) mem 0x00000000800120d8 0x00
core   0: 0x000000008000ff5c (0xfc843703) ld      a4, -56(s0)
core   0: 3 0x000000008000ff5c (0xfc843703) x14 0x0000000080012040 mem 0x0000000080031f38
core   0: 0x000000008000ff60 (0xfb843783) ld      a5, -72(s0)
core   0: 3 0x000000008000ff60 (0xfb843783) x15 0x000000000000009c mem 0x0000000080031f28
core   0: 0x000000008000ff64 (0x000097ba) c.add   a5, a4
core   0: 3 0x000000008000ff64 (0x97ba) x15 0x00000000800120dc
core   0: 0x000000008000ff66 (0xfe043703) ld      a4, -32(s0)
core   0: 3 0x000000008000ff66 (0xfe043703) x14 0x00000000800120d9 mem 0x0000000080031f50
core   0: 0x000000008000ff6a (0xfcf76de3) bltu    a4, a5, pc - 38
core   0: 3 0x000000008000ff6a (0xfcf76de3)
core   0: 0x000000008000ff44 (0xfe043783) ld      a5, -32(s0)
core   0: 3 0x000000008000ff44 (0xfe043783) x15 0x00000000800120d9 mem 0x0000000080031f50
core   0: 0x000000008000ff48 (0x00178713) addi    a4, a5, 1
core   0: 3 0x000000008000ff48 (0x00178713) x14 0x00000000800120da
core   0: 0x000000008000ff4c (0xfee43023) sd      a4, -32(s0)
core   0: 3 0x000000008000ff4c (0xfee43023) mem 0x0000000080031f50 0x00000000800120da
core   0: 0x000000008000ff50 (0xfc442703) lw      a4, -60(s0)
core   0: 3 0x000000008000ff50 (0xfc442703) x14 0x0000000000000000 mem 0x0000000080031f34
core   0: 0x000000008000ff54 (0x0ff77713) andi    a4, a4, 255
core   0: 3 0x000000008000ff54 (0x0ff77713) x14 0x0000000000000000
core   0: 0x000000008000ff58 (0x00e78023) sb      a4, 0(a5)
core   0: 3 0x000000008000ff58 (0x00e78023) mem 0x00000000800120d9 0x00
core   0: 0x000000008000ff5c (0xfc843703) ld      a4, -56(s0)
core   0: 3 0x000000008000ff5c (0xfc843703) x14 0x0000000080012040 mem 0x0000000080031f38
core   0: 0x000000008000ff60 (0xfb843783) ld      a5, -72(s0)
core   0: 3 0x000000008000ff60 (0xfb843783) x15 0x000000000000009c mem 0x0000000080031f28
core   0: 0x000000008000ff64 (0x000097ba) c.add   a5, a4
core   0: 3 0x000000008000ff64 (0x97ba) x15 0x00000000800120dc
core   0: 0x000000008000ff66 (0xfe043703) ld      a4, -32(s0)
core   0: 3 0x000000008000ff66 (0xfe043703) x14 0x00000000800120da mem 0x0000000080031f50
core   0: 0x000000008000ff6a (0xfcf76de3) bltu    a4, a5, pc - 38
core   0: 3 0x000000008000ff6a (0xfcf76de3)
core   0: 0x000000008000ff44 (0xfe043783) ld      a5, -32(s0)
core   0: 3 0x000000008000ff44 (0xfe043783) x15 0x00000000800120da mem 0x0000000080031f50
core   0: 0x000000008000ff48 (0x00178713) addi    a4, a5, 1
core   0: 3 0x000000008000ff48 (0x00178713) x14 0x00000000800120db
core   0: 0x000000008000ff4c (0xfee43023) sd      a4, -32(s0)
core   0: 3 0x000000008000ff4c (0xfee43023) mem 0x0000000080031f50 0x00000000800120db
core   0: 0x000000008000ff50 (0xfc442703) lw      a4, -60(s0)
core   0: 3 0x000000008000ff50 (0xfc442703) x14 0x0000000000000000 mem 0x0000000080031f34
core   0: 0x000000008000ff54 (0x0ff77713) andi    a4, a4, 255
core   0: 3 0x000000008000ff54 (0x0ff77713) x14 0x0000000000000000
core   0: 0x000000008000ff58 (0x00e78023) sb      a4, 0(a5)
core   0: 3 0x000000008000ff58 (0x00e78023) mem 0x00000000800120da 0x00
core   0: 0x000000008000ff5c (0xfc843703) ld      a4, -56(s0)
core   0: 3 0x000000008000ff5c (0xfc843703) x14 0x0000000080012040 mem 0x0000000080031f38
core   0: 0x000000008000ff60 (0xfb843783) ld      a5, -72(s0)
core   0: 3 0x000000008000ff60 (0xfb843783) x15 0x000000000000009c mem 0x0000000080031f28
core   0: 0x000000008000ff64 (0x000097ba) c.add   a5, a4
core   0: 3 0x000000008000ff64 (0x97ba) x15 0x00000000800120dc
core   0: 0x000000008000ff66 (0xfe043703) ld      a4, -32(s0)
core   0: 3 0x000000008000ff66 (0xfe043703) x14 0x00000000800120db mem 0x0000000080031f50
core   0: 0x000000008000ff6a (0xfcf76de3) bltu    a4, a5, pc - 38
core   0: 3 0x000000008000ff6a (0xfcf76de3)
core   0: 0x000000008000ff44 (0xfe043783) ld      a5, -32(s0)
core   0: 3 0x000000008000ff44 (0xfe043783) x15 0x00000000800120db mem 0x0000000080031f50
core   0: 0x000000008000ff48 (0x00178713) addi    a4, a5, 1
core   0: 3 0x000000008000ff48 (0x00178713) x14 0x00000000800120dc
core   0: 0x000000008000ff4c (0xfee43023) sd      a4, -32(s0)
core   0: 3 0x000000008000ff4c (0xfee43023) mem 0x0000000080031f50 0x00000000800120dc
core   0: 0x000000008000ff50 (0xfc442703) lw      a4, -60(s0)
core   0: 3 0x000000008000ff50 (0xfc442703) x14 0x0000000000000000 mem 0x0000000080031f34
core   0: 0x000000008000ff54 (0x0ff77713) andi    a4, a4, 255
core   0: 3 0x000000008000ff54 (0x0ff77713) x14 0x0000000000000000
core   0: 0x000000008000ff58 (0x00e78023) sb      a4, 0(a5)
core   0: 3 0x000000008000ff58 (0x00e78023) mem 0x00000000800120db 0x00
core   0: 0x000000008000ff5c (0xfc843703) ld      a4, -56(s0)
core   0: 3 0x000000008000ff5c (0xfc843703) x14 0x0000000080012040 mem 0x0000000080031f38
core   0: 0x000000008000ff60 (0xfb843783) ld      a5, -72(s0)
core   0: 3 0x000000008000ff60 (0xfb843783) x15 0x000000000000009c mem 0x0000000080031f28
core   0: 0x000000008000ff64 (0x000097ba) c.add   a5, a4
core   0: 3 0x000000008000ff64 (0x97ba) x15 0x00000000800120dc
core   0: 0x000000008000ff66 (0xfe043703) ld      a4, -32(s0)
core   0: 3 0x000000008000ff66 (0xfe043703) x14 0x00000000800120dc mem 0x0000000080031f50
core   0: 0x000000008000ff6a (0xfcf76de3) bltu    a4, a5, pc - 38
core   0: 3 0x000000008000ff6a (0xfcf76de3)
core   0: 0x000000008000ff6e (0xfc843783) ld      a5, -56(s0)
core   0: 3 0x000000008000ff6e (0xfc843783) x15 0x0000000080012040 mem 0x0000000080031f38
core   0: 0x000000008000ff72 (0x0000853e) c.mv    a0, a5
core   0: 3 0x000000008000ff72 (0x853e) x10 0x0000000080012040
core   0: 0x000000008000ff74 (0x00006426) c.ldsp  s0, 72(sp)
core   0: 3 0x000000008000ff74 (0x6426) x8  0x0000000080031f90 mem 0x0000000080031f68
core   0: 0x000000008000ff76 (0x00006161) c.addi16sp sp, 80
core   0: 3 0x000000008000ff76 (0x6161) x2  0x0000000080031f70
core   0: 0x000000008000ff78 (0x00008082) ret
core   0: 3 0x000000008000ff78 (0x8082)
core   0: 0x000000008000f52c (0x00000001) c.nop
core   0: 3 0x000000008000f52c (0x0001)
core   0: 0x000000008000f52e (0x000060e2) c.ldsp  ra, 24(sp)
core   0: 3 0x000000008000f52e (0x60e2) x1  0x000000008000f56c mem 0x0000000080031f88
core   0: 0x000000008000f530 (0x00006442) c.ldsp  s0, 16(sp)
core   0: 3 0x000000008000f530 (0x6442) x8  0x0000000080032040 mem 0x0000000080031f80
core   0: 0x000000008000f532 (0x00006105) c.addi16sp sp, 32
core   0: 3 0x000000008000f532 (0x6105) x2  0x0000000080031f90
core   0: 0x000000008000f534 (0x00008082) ret
core   0: 3 0x000000008000f534 (0x8082)
core   0: 0x000000008000f56c (0xf5842703) lw      a4, -168(s0)
core   0: 3 0x000000008000f56c (0xf5842703) x14 0x0000000000000001 mem 0x0000000080031f98
core   0: 0x000000008000f570 (0xf5c42783) lw      a5, -164(s0)
core   0: 3 0x000000008000f570 (0xf5c42783) x15 0x0000000000000000 mem 0x0000000080031f9c
core   0: 0x000000008000f574 (0x000085ba) c.mv    a1, a4
core   0: 3 0x000000008000f574 (0x85ba) x11 0x0000000000000001
core   0: 0x000000008000f576 (0x0000853e) c.mv    a0, a5
core   0: 3 0x000000008000f576 (0x853e) x10 0x0000000000000000
core   0: 0x000000008000f578 (0xf03ff0ef) jal     pc - 0xfe
core   0: 3 0x000000008000f578 (0xf03ff0ef) x1  0x000000008000f57c
core   0: >>>>  thread_entry
core   0: 0x000000008000f47a (0x00001101) c.addi  sp, -32
core   0: 3 0x000000008000f47a (0x1101) x2  0x0000000080031f70
core   0: 0x000000008000f47c (0x0000ec22) c.sdsp  s0, 24(sp)
core   0: 3 0x000000008000f47c (0xec22) mem 0x0000000080031f88 0x0000000080032040
core   0: 0x000000008000f47e (0x00001000) c.addi4spn s0, sp, 32
core   0: 3 0x000000008000f47e (0x1000) x8  0x0000000080031f90
core   0: 0x000000008000f480 (0x000087aa) c.mv    a5, a0
core   0: 3 0x000000008000f480 (0x87aa) x15 0x0000000000000000
core   0: 0x000000008000f482 (0x0000872e) c.mv    a4, a1
core   0: 3 0x000000008000f482 (0x872e) x14 0x0000000000000001
core   0: 0x000000008000f484 (0xfef42623) sw      a5, -20(s0)
core   0: 3 0x000000008000f484 (0xfef42623) mem 0x0000000080031f7c 0x00000000
core   0: 0x000000008000f488 (0x000087ba) c.mv    a5, a4
core   0: 3 0x000000008000f488 (0x87ba) x15 0x0000000000000001
core   0: 0x000000008000f48a (0xfef42423) sw      a5, -24(s0)
core   0: 3 0x000000008000f48a (0xfef42423) mem 0x0000000080031f78 0x00000001
core   0: 0x000000008000f48e (0x00000001) c.nop
core   0: 3 0x000000008000f48e (0x0001)
core   0: 0x000000008000f490 (0xfec42783) lw      a5, -20(s0)
core   0: 3 0x000000008000f490 (0xfec42783) x15 0x0000000000000000 mem 0x0000000080031f7c
core   0: 0x000000008000f494 (0x00002781) c.addiw a5, 0
core   0: 3 0x000000008000f494 (0x2781) x15 0x0000000000000000
core   0: 0x000000008000f496 (0x0000ffed) c.bnez  a5, pc - 6
core   0: 3 0x000000008000f496 (0xffed)
core   0: 0x000000008000f498 (0x00000001) c.nop
core   0: 3 0x000000008000f498 (0x0001)
core   0: 0x000000008000f49a (0x00000001) c.nop
core   0: 3 0x000000008000f49a (0x0001)
core   0: 0x000000008000f49c (0x00006462) c.ldsp  s0, 24(sp)
core   0: 3 0x000000008000f49c (0x6462) x8  0x0000000080032040 mem 0x0000000080031f88
core   0: 0x000000008000f49e (0x00006105) c.addi16sp sp, 32
core   0: 3 0x000000008000f49e (0x6105) x2  0x0000000080031f90
core   0: 0x000000008000f4a0 (0x00008082) ret
core   0: 3 0x000000008000f4a0 (0x8082)
core   0: 0x000000008000f57c (0x00004581) c.li    a1, 0
core   0: 3 0x000000008000f57c (0x4581) x11 0x0000000000000000
core   0: 0x000000008000f57e (0x00004501) c.li    a0, 0
core   0: 3 0x000000008000f57e (0x4501) x10 0x0000000000000000
core   0: 0x000000008000f580 (0xa81f20ef) jal     pc - 0xd580
core   0: 3 0x000000008000f580 (0xa81f20ef) x1  0x000000008000f584
core   0: >>>>  main
core   0: 0x0000000080002000 (0x00000001) c.nop
core   0: 3 0x0000000080002000 (0x0001)
core   0: >>>>  trap_vec_init
core   0: 0x0000000080002002 (0x00002797) auipc   a5, 0x2
core   0: 3 0x0000000080002002 (0x00002797) x15 0x0000000080004002
core   0: 0x0000000080002006 (0xffe78793) addi    a5, a5, -2
core   0: 3 0x0000000080002006 (0xffe78793) x15 0x0000000080004000
core   0: 0x000000008000200a (0x30579073) csrrw   zero, mtvec, a5
core   0: 3 0x000000008000200a (0x30579073) c773_mtvec 0x0000000080004000
core   0: >>>>  pmp_setup
core   0: 0x000000008000200e (0x00002c17) auipc   s8, 0x2
core   0: 3 0x000000008000200e (0x00002c17) x24 0x000000008000400e
core   0: 0x0000000080002012 (0x022c0c13) addi    s8, s8, 34
core   0: 3 0x0000000080002012 (0x022c0c13) x24 0x0000000080004030
core   0: 0x0000000080002016 (0x00004781) c.li    a5, 0
core   0: 3 0x0000000080002016 (0x4781) x15 0x0000000000000000
core   0: 0x0000000080002018 (0x00009c3e) c.add   s8, a5
core   0: 3 0x0000000080002018 (0x9c3e) x24 0x0000000080004030
core   0: 0x000000008000201a (0x3b0c1073) csrrw   zero, pmpaddr0, s8
core   0: 3 0x000000008000201a (0x3b0c1073) c944_pmpaddr0 0x0000000080004030
core   0: 0x000000008000201e (0x00004c3d) c.li    s8, 15
core   0: 3 0x000000008000201e (0x4c3d) x24 0x000000000000000f
core   0: 0x0000000080002020 (0x3a0c1073) csrrw   zero, pmpcfg0, s8
core   0: 3 0x0000000080002020 (0x3a0c1073) c928_pmpcfg0 0x000000000000000f
core   0: 0x0000000080002024 (0x12000073) sfence.vma zero, zero
core   0: 3 0x0000000080002024 (0x12000073)
core   0: >>>>  mepc_setup
core   0: 0x0000000080002028 (0x00002797) auipc   a5, 0x2
core   0: 3 0x0000000080002028 (0x00002797) x15 0x0000000080004028
core   0: 0x000000008000202c (0x00878793) addi    a5, a5, 8
core   0: 3 0x000000008000202c (0x00878793) x15 0x0000000080004030
core   0: 0x0000000080002030 (0x34179073) csrrw   zero, mepc, a5
core   0: 3 0x0000000080002030 (0x34179073) c833_mepc 0x0000000080004030
core   0: >>>>  custom_csr_setup
core   0: 0x0000000080002034 (0x00100f9b) addiw   t6, zero, 1
core   0: 3 0x0000000080002034 (0x00100f9b) x31 0x0000000000000001
core   0: 0x0000000080002038 (0x00000ffe) c.slli  t6, 31
core   0: 3 0x0000000080002038 (0x0ffe) x31 0x0000000080000000
core   0: 0x000000008000203a (0x00000001) c.nop
core   0: 3 0x000000008000203a (0x0001)
core   0: >>>>  init_s_mode
core   0: 0x000000008000203c (0xfff0079b) addiw   a5, zero, -1
core   0: 3 0x000000008000203c (0xfff0079b) x15 0xffffffffffffffff
core   0: 0x0000000080002040 (0x000017fe) c.slli  a5, 63
core   0: 3 0x0000000080002040 (0x17fe) x15 0x8000000000000000
core   0: 0x0000000080002042 (0x18079073) csrrw   zero, satp, a5
core   0: 3 0x0000000080002042 (0x18079073) c384_satp 0x8000000000000000
core   0: 0x0000000080002046 (0x0000f797) auipc   a5, 0xf
core   0: 3 0x0000000080002046 (0x0000f797) x15 0x0000000080011046
core   0: 0x000000008000204a (0xfba78793) addi    a5, a5, -70
core   0: 3 0x000000008000204a (0xfba78793) x15 0x0000000080011000
core   0: 0x000000008000204e (0x000083b1) c.srli  a5, 12
core   0: 3 0x000000008000204e (0x83b1) x15 0x0000000000080011
core   0: 0x0000000080002050 (0x0010061b) addiw   a2, zero, 1
core   0: 3 0x0000000080002050 (0x0010061b) x12 0x0000000000000001
core   0: 0x0000000080002054 (0x00001632) c.slli  a2, 44
core   0: 3 0x0000000080002054 (0x1632) x12 0x0000100000000000
core   0: 0x0000000080002056 (0x0000167d) c.addi  a2, -1
core   0: 3 0x0000000080002056 (0x167d) x12 0x00000fffffffffff
core   0: 0x0000000080002058 (0x00008ff1) c.and   a5, a2
core   0: 3 0x0000000080002058 (0x8ff1) x15 0x0000000000080011
core   0: 0x000000008000205a (0x1807a073) csrrs   zero, satp, a5
core   0: 3 0x000000008000205a (0x1807a073) c384_satp 0x8000000000080011
core   0: 0x000000008000205e (0x00a005b7) lui     a1, 0xa00
core   0: 3 0x000000008000205e (0x00a005b7) x11 0x0000000000a00000
core   0: 0x0000000080002062 (0x10b5859b) addiw   a1, a1, 267
core   0: 3 0x0000000080002062 (0x10b5859b) x11 0x0000000000a0010b
core   0: 0x0000000080002066 (0x000005b2) c.slli  a1, 12
core   0: 3 0x0000000080002066 (0x05b2) x11 0x0000000a0010b000
core   0: 0x0000000080002068 (0xa0058593) addi    a1, a1, -1536
core   0: 3 0x0000000080002068 (0xa0058593) x11 0x0000000a0010aa00
core   0: 0x000000008000206c (0x30059073) csrrw   zero, mstatus, a1
core   0: 3 0x000000008000206c (0x30059073) c768_mstatus 0x0000000a00102800
core   0: 0x0000000080002070 (0x30459073) csrrw   zero, mie, a1
core   0: 3 0x0000000080002070 (0x30459073) c772_mie 0x0000000000000a00
core   0: 0x0000000080002074 (0x00a005b7) lui     a1, 0xa00
core   0: 3 0x0000000080002074 (0x00a005b7) x11 0x0000000000a00000
core   0: 0x0000000080002078 (0x10b5859b) addiw   a1, a1, 267
core   0: 3 0x0000000080002078 (0x10b5859b) x11 0x0000000000a0010b
core   0: 0x000000008000207c (0x000005b2) c.slli  a1, 12
core   0: 3 0x000000008000207c (0x05b2) x11 0x0000000a0010b000
core   0: 0x000000008000207e (0xa0058593) addi    a1, a1, -1536
core   0: 3 0x000000008000207e (0xa0058593) x11 0x0000000a0010aa00
core   0: 0x0000000080002082 (0x10059073) csrrw   zero, sstatus, a1
core   0: 3 0x0000000080002082 (0x10059073) c768_mstatus 0x0000000a00102800
core   0: 0x0000000080002086 (0x10459073) csrrw   zero, sie, a1
core   0: 3 0x0000000080002086 (0x10459073) c772_mie 0x0000000000000a00
core   0: 0x000000008000208a (0x30200073) mret
core   0: 3 0x000000008000208a (0x30200073) c768_mstatus 0x0000000a00102080
core   0: >>>>  main_g
core   0: 0x0000000080004030 (0x123cf9d3) fmul.d  fs3, fs9, ft3
core   0: 1 0x0000000080004030 (0x123cf9d3) c768_mstatus 0x8000000a00106080 f19 0x7ff8000000000000
core   0: 0x0000000080004034 (0x0118e7b3) or      a5, a7, a7
core   0: 1 0x0000000080004034 (0x0118e7b3) x15 0x0000000000000000
core   0: 0x0000000080004038 (0x2a6786d3) fmin.d  fa3, fa5, ft6
core   0: 1 0x0000000080004038 (0x2a6786d3) f13 0x7ff8000000000000
core   0: 0x000000008000403c (0x01cb1d9b) slliw   s11, s6, 28
core   0: 1 0x000000008000403c (0x01cb1d9b) x27 0x0000000000000000
core   0: 0x0000000080004040 (0xfff87093) andi    ra, a6, -1
core   0: 1 0x0000000080004040 (0xfff87093) x1  0x0000000000000000
core   0: 0x0000000080004044 (0xc2277d53) fcvt.l.d s10, fa4
core   0: 1 0x0000000080004044 (0xc2277d53) c1_fflags 0x0000000000000010 x26 0x7fffffffffffffff
core   0: 0x0000000080004048 (0x0b77fbd3) fsub.d  fs7, fa5, fs7
core   0: 1 0x0000000080004048 (0x0b77fbd3) f23 0x7ff8000000000000
core   0: 0x000000008000404c (0x23ee03d3) fsgnj.d ft7, ft8, ft10
core   0: 1 0x000000008000404c (0x23ee03d3) f7  0xffffffff00000000
core   0: 0x0000000080004050 (0x5a007dd3) fsqrt.d fs11, ft0
core   0: 1 0x0000000080004050 (0x5a007dd3) f27 0x7ff8000000000000
core   0: 0x0000000080004054 (0x02ed7c3b) remuw   s8, s10, a4
core   0: 1 0x0000000080004054 (0x02ed7c3b) x24 0x0000000000000000
core   0: 0x0000000080004058 (0x02f6043b) mulw    s0, a2, a5
core   0: 1 0x0000000080004058 (0x02f6043b) x8  0x0000000000000000
core   0: 0x000000008000405c (0x8f81c893) xori    a7, gp, -1800
core   0: 1 0x000000008000405c (0x8f81c893) x17 0xffffffff7ffed0d0
core   0: 0x0000000080004060 (0x02579833) mulh    a6, a5, t0
core   0: 1 0x0000000080004060 (0x02579833) x16 0x0000000000000000
core   0: 0x0000000080004064 (0xe20a0953) fmv.x.d s2, fs4
core   0: 1 0x0000000080004064 (0xe20a0953) x18 0xffffffff00000000
core   0: 0x0000000080004068 (0xc02970d3) fcvt.l.s ra, fs2
core   0: 1 0x0000000080004068 (0xc02970d3) x1  0x0000000000000000
core   0: 0x000000008000406c (0x0a397293) andi    t0, s2, 163
core   0: 1 0x000000008000406c (0x0a397293) x5  0x0000000000000000
core   0: 0x0000000080004070 (0x030b4c33) div     s8, s6, a6
core   0: 1 0x0000000080004070 (0x030b4c33) x24 0xffffffffffffffff
core   0: 0x0000000080004074 (0x006a2333) slt     t1, s4, t1
core   0: 1 0x0000000080004074 (0x006a2333) x6  0x0000000000000000
core   0: 0x0000000080004078 (0x00fe56b3) srl     a3, t3, a5
core   0: 1 0x0000000080004078 (0x00fe56b3) x13 0x0000000000000000
core   0: 0x000000008000407c (0x00ba9893) slli    a7, s5, 11
core   0: 1 0x000000008000407c (0x00ba9893) x17 0x0000000000000000
core   0: 0x0000000080004080 (0x000099b2) c.add   s3, a2
core   0: 1 0x0000000080004080 (0x99b2) x19 0x00000fffffffffff
core   0: 0x0000000080004082 (0x0005843b) addw    s0, a1, zero
core   0: 1 0x0000000080004082 (0x0005843b) x8  0x000000000010aa00
core   0: 0x0000000080004086 (0x0a1d7d4f) fnmadd.d fs10, fs10, ft1, ft1
core   0: 1 0x0000000080004086 (0x0a1d7d4f) f26 0x7ff8000000000000
core   0: 0x000000008000408a (0x00000001) c.nop
core   0: 1 0x000000008000408a (0x0001)
core   0: 0x000000008000408c (0x4039033b) subw    t1, s2, gp
core   0: 1 0x000000008000408c (0x4039033b) x6  0x000000007ffed7d8
core   0: 0x0000000080004090 (0x00139573) csrrw   a0, fflags, t2
core   0: 1 0x0000000080004090 (0x00139573) x10 0x0000000000000010 c1_fflags 0x0000000000000000
core   0: 0x0000000080004094 (0x412950bb) sraw    ra, s2, s2
core   0: 1 0x0000000080004094 (0x412950bb) x1  0x0000000000000000
core   0: 0x0000000080004098 (0xd0357dd3) fcvt.s.lu fs11, a0
core   0: 1 0x0000000080004098 (0xd0357dd3) f27 0xffffffff41800000
core   0: 0x000000008000409c (0xb1c57cb7) lui     s9, 0xb1c57
core   0: 1 0x000000008000409c (0xb1c57cb7) x25 0xffffffffb1c57000
core   0: 0x00000000800040a0 (0xa3f30613) addi    a2, t1, -1473
core   0: 1 0x00000000800040a0 (0xa3f30613) x12 0x000000007ffed217
core   0: 0x00000000800040a4 (0x144624f3) csrrs   s1, sip, a2
core   0: 1 0x00000000800040a4 (0x144624f3) x9  0x0000000000000000 c836_mip 0x0000000000000080
core   0: 0x00000000800040a8 (0x0310603b) remw    zero, zero, a7
core   0: 1 0x00000000800040a8 (0x0310603b)
core   0: 0x00000000800040ac (0x002016f3) csrrw   a3, frm, zero
core   0: 1 0x00000000800040ac (0x002016f3) x13 0x0000000000000000 c2_frm 0x0000000000000000
core   0: 0x00000000800040b0 (0x03205ab3) divu    s5, zero, s2
core   0: 1 0x00000000800040b0 (0x03205ab3) x21 0x0000000000000000
core   0: 0x00000000800040b4 (0x0137519b) srliw   gp, a4, 19
core   0: 1 0x00000000800040b4 (0x0137519b) x3  0x0000000000000000
core   0: 0x00000000800040b8 (0x005712b3) sll     t0, a4, t0
core   0: 1 0x00000000800040b8 (0x005712b3) x5  0x0000000000000001
core   0: 0x00000000800040bc (0x2c3a8393) addi    t2, s5, 707
core   0: 1 0x00000000800040bc (0x2c3a8393) x7  0x00000000000002c3
core   0: 0x00000000800040c0 (0x0001919b) slliw   gp, gp, 0
core   0: 1 0x00000000800040c0 (0x0001919b) x3  0x0000000000000000
core   0: 0x00000000800040c4 (0xc226fdd3) fcvt.l.d s11, fa3
core   0: 1 0x00000000800040c4 (0xc226fdd3) c1_fflags 0x0000000000000010 x27 0x7fffffffffffffff
core   0: 0x00000000800040c8 (0x485df593) andi    a1, s11, 1157
core   0: 1 0x00000000800040c8 (0x485df593) x11 0x0000000000000485
core   0: 0x00000000800040cc (0x12a67053) fmul.d  ft0, fa2, fa0
core   0: 1 0x00000000800040cc (0x12a67053) f0  0x7ff8000000000000
core   0: 0x00000000800040d0 (0x000ab533) sltu    a0, s5, zero
core   0: 1 0x00000000800040d0 (0x000ab533) x10 0x0000000000000000
core   0: 0x00000000800040d4 (0xfff60c9b) addiw   s9, a2, -1
core   0: 1 0x00000000800040d4 (0xfff60c9b) x25 0x000000007ffed216
core   0: 0x00000000800040d8 (0xfff1c793) not     a5, gp
core   0: 1 0x00000000800040d8 (0xfff1c793) x15 0xffffffffffffffff
core   0: 0x00000000800040dc (0x41b48db3) sub     s11, s1, s11
core   0: 1 0x00000000800040dc (0x41b48db3) x27 0x8000000000000001
core   0: 0x00000000800040e0 (0x800a4713) xori    a4, s4, -2048
core   0: 1 0x00000000800040e0 (0x800a4713) x14 0xfffffffffffff800
core   0: 0x00000000800040e4 (0xd2170ed3) fcvt.d.wu ft9, a4
core   0: 1 0x00000000800040e4 (0xd2170ed3) f29 0x41efffff00000000
core   0: 0x00000000800040e8 (0x027d93b3) mulh    t2, s11, t2
core   0: 1 0x00000000800040e8 (0x027d93b3) x7  0xfffffffffffffe9e
core   0: 0x00000000800040ec (0xec1a8b37) lui     s6, 0xec1a8
core   0: 1 0x00000000800040ec (0xec1a8b37) x22 0xffffffffec1a8000
core   0: 0x00000000800040f0 (0xff4f1637) lui     a2, 0xff4f1
core   0: 1 0x00000000800040f0 (0xff4f1637) x12 0xffffffffff4f1000
core   0: 0x00000000800040f4 (0xbab6061b) addiw   a2, a2, -1109
core   0: 1 0x00000000800040f4 (0xbab6061b) x12 0xffffffffff4f0bab
core   0: 0x00000000800040f8 (0x00000632) c.slli  a2, 12
core   0: 1 0x00000000800040f8 (0x0632) x12 0xfffffff4f0bab000
core   0: 0x00000000800040fa (0x69b60613) addi    a2, a2, 1691
core   0: 1 0x00000000800040fa (0x69b60613) x12 0xfffffff4f0bab69b
core   0: 0x00000000800040fe (0x220e91d3) fsgnjn.d ft3, ft9, ft0
core   0: 1 0x00000000800040fe (0x220e91d3) f3  0xc1efffff00000000
core   0: 0x0000000080004102 (0x223efb4f) fnmadd.d fs6, ft9, ft3, ft4
core   0: 1 0x0000000080004102 (0x223efb4f) f22 0x7ff8000000000000
core   0: 0x0000000080004106 (0x00000001) c.nop
core   0: 1 0x0000000080004106 (0x0001)
core   0: 0x0000000080004108 (0x0329d6bb) divuw   a3, s3, s2
core   0: 1 0x0000000080004108 (0x0329d6bb) x13 0xffffffffffffffff
core   0: 0x000000008000410c (0xd6147a93) andi    s5, s0, -671
core   0: 1 0x000000008000410c (0xd6147a93) x21 0x000000000010a800
core   0: 0x0000000080004110 (0x43f05d93) srai    s11, zero, 63
core   0: 1 0x0000000080004110 (0x43f05d93) x27 0x0000000000000000
core   0: 0x0000000080004114 (0xbb67774b) fnmsub.d fa4, fa4, fs6, fs7
core   0: 1 0x0000000080004114 (0xbb67774b) f14 0x7ff8000000000000
core   0: 0x0000000080004118 (0x401b7c53) fcvt.s.d fs8, fs6
core   0: 1 0x0000000080004118 (0x401b7c53) f24 0xffffffff7fc00000
core   0: 0x000000008000411c (0x235b0753) fsgnj.d fa4, fs6, fs5
core   0: 1 0x000000008000411c (0x235b0753) f14 0xfff8000000000000
core   0: 0x0000000080004120 (0x937973b7) lui     t2, 0x93797
core   0: 1 0x0000000080004120 (0x937973b7) x7  0xffffffff93797000
core   0: 0x0000000080004124 (0x02b595b3) mulh    a1, a1, a1
core   0: 1 0x0000000080004124 (0x02b595b3) x11 0x0000000000000000
core   0: 0x0000000080004128 (0x01bc9cb3) sll     s9, s9, s11
core   0: 1 0x0000000080004128 (0x01bc9cb3) x25 0x000000007ffed216
core   0: 0x000000008000412c (0x0b6bf9d3) fsub.d  fs3, fs7, fs6
core   0: 1 0x000000008000412c (0x0b6bf9d3) f19 0x7ff8000000000000
core   0: 0x0000000080004130 (0x416cd1b3) sra     gp, s9, s6
core   0: 1 0x0000000080004130 (0x416cd1b3) x3  0x000000007ffed216
core   0: 0x0000000080004134 (0x00d1e133) or      sp, gp, a3
core   0: 1 0x0000000080004134 (0x00d1e133) x2  0xffffffffffffffff
core   0: 0x0000000080004138 (0x5c707513) andi    a0, zero, 1479
core   0: 1 0x0000000080004138 (0x5c707513) x10 0x0000000000000000
core   0: 0x000000008000413c (0xd221fc53) fcvt.d.l fs8, gp
core   0: 1 0x000000008000413c (0xd221fc53) f24 0x41dfffb485800000
core   0: 0x0000000080004140 (0x0107d09b) srliw   ra, a5, 16
core   0: 1 0x0000000080004140 (0x0107d09b) x1  0x000000000000ffff
core   0: 0x0000000080004144 (0x03f0d693) srli    a3, ra, 63
core   0: 1 0x0000000080004144 (0x03f0d693) x13 0x0000000000000000
core   0: 0x0000000080004148 (0x1420eaf3) csrrsi  s5, scause, 1
core   0: 1 0x0000000080004148 (0x1420eaf3) x21 0x0000000000000000 c322_scause 0x0000000000000001
core   0: 0x000000008000414c (0x005129b3) slt     s3, sp, t0
core   0: 1 0x000000008000414c (0x005129b3) x19 0x0000000000000001
core   0: 0x0000000080004150 (0x4094d533) sra     a0, s1, s1
core   0: 1 0x0000000080004150 (0x4094d533) x10 0x0000000000000000
core   0: 0x0000000080004154 (0x40420933) sub     s2, tp, tp
core   0: 1 0x0000000080004154 (0x40420933) x18 0x0000000000000000
core   0: 0x0000000080004158 (0x00cac9b3) xor     s3, s5, a2
core   0: 1 0x0000000080004158 (0x00cac9b3) x19 0xfffffff4f0bab69b
core   0: 0x000000008000415c (0x5c25ba97) auipc   s5, 0x5c25b
core   0: 1 0x000000008000415c (0x5c25ba97) x21 0x00000000dc25f15c
core   0: 0x0000000080004160 (0xd029f6d3) fcvt.s.l fa3, s3
core   0: 1 0x0000000080004160 (0xd029f6d3) c1_fflags 0x0000000000000011 f13 0xffffffffd130f455
core   0: 0x0000000080004164 (0xd03af2d3) fcvt.s.lu ft5, s5
core   0: 1 0x0000000080004164 (0xd03af2d3) c1_fflags 0x0000000000000011 f5  0xffffffff4f5c25f1
core   0: 0x0000000080004168 (0xff008597) auipc   a1, 0xff008
core   0: 1 0x0000000080004168 (0xff008597) x11 0x000000007f00c168
core   0: 0x000000008000416c (0x007e1813) slli    a6, t3, 7
core   0: 1 0x000000008000416c (0x007e1813) x16 0x0000000000000000
core   0: 0x0000000080004170 (0x01dcad33) slt     s10, s9, t4
core   0: 1 0x0000000080004170 (0x01dcad33) x26 0x0000000000000000
core   0: 0x0000000080004174 (0x020a553b) divuw   a0, s4, zero
core   0: 1 0x0000000080004174 (0x020a553b) x10 0xffffffffffffffff
core   0: 0x0000000080004178 (0x22628bd3) fsgnj.d fs7, ft5, ft6
core   0: 1 0x0000000080004178 (0x22628bd3) f23 0xffffffff4f5c25f1
core   0: 0x000000008000417c (0x420a0dd3) fcvt.d.s fs11, fs4
core   0: 1 0x000000008000417c (0x420a0dd3) f27 0x0000000000000000
core   0: 0x0000000080004180 (0x024b5c93) srli    s9, s6, 36
core   0: 1 0x0000000080004180 (0x024b5c93) x25 0x000000000fffffff
core   0: 0x0000000080004184 (0x409c8dbb) subw    s11, s9, s1
core   0: 1 0x0000000080004184 (0x409c8dbb) x27 0x000000000fffffff
core   0: 0x0000000080004188 (0xe7ae4b37) lui     s6, 0xe7ae4
core   0: 1 0x0000000080004188 (0xe7ae4b37) x22 0xffffffffe7ae4000
core   0: 0x000000008000418c (0xc0103873) csrrc   a6, time, zero
core   0: exception trap_illegal_instruction, epc 0x000000008000418c
core   0:           tval 0x00000000c0103873
core   0: >>>>  $xrv64i2p1_m2p0_a2p1_f2p2_d2p2_zicsr2p0_zifencei2p0_zmmul1p0_zba1p0_zbb1p0_zbc1p0_zbs1p0
core   0: 0x0000000080004000 (0x0080006f) j       pc + 0x8
core   0: 3 0x0000000080004000 (0x0080006f)
core   0: >>>>  mmode_exception_handler
core   0: 0x0000000080004008 (0x00002c17) auipc   s8, 0x2
core   0: 3 0x0000000080004008 (0x00002c17) x24 0x0000000080006008
core   0: 0x000000008000400c (0x00ec0c13) addi    s8, s8, 14
core   0: 3 0x000000008000400c (0x00ec0c13) x24 0x0000000080006016
core   0: 0x0000000080004010 (0x000c00e7) jalr    s8
core   0: 3 0x0000000080004010 (0x000c00e7) x1  0x0000000080004014
core   0: >>>>  any_handler
core   0: 0x0000000080006016 (0x341027f3) csrrs   a5, mepc, zero
core   0: 3 0x0000000080006016 (0x341027f3) x15 0x000000008000418c
core   0: 0x000000008000601a (0x34202773) csrrs   a4, mcause, zero
core   0: 3 0x000000008000601a (0x34202773) x14 0x0000000000000002
core   0: 0x000000008000601e (0x142026f3) csrrs   a3, scause, zero
core   0: 3 0x000000008000601e (0x142026f3) x13 0x0000000000000001
core   0: 0x0000000080006022 (0x30402673) csrrs   a2, mie, zero
core   0: 3 0x0000000080006022 (0x30402673) x12 0x0000000000000a00
core   0: 0x0000000080006026 (0x344025f3) csrrs   a1, mip, zero
core   0: 3 0x0000000080006026 (0x344025f3) x11 0x0000000000000080
core   0: 0x000000008000602a (0x343025f3) csrrs   a1, mtval, zero
core   0: 3 0x000000008000602a (0x343025f3) x11 0x00000000c0103873
core   0: 0x000000008000602e (0x14302573) csrrs   a0, stval, zero
core   0: 3 0x000000008000602e (0x14302573) x10 0x0000000000000000
core   0: 0x0000000080006032 (0xb02024f3) csrrs   s1, minstret, zero
core   0: 3 0x0000000080006032 (0xb02024f3) x9  0x0000000000000824
core   0: 0x0000000080006036 (0x0000a811) c.j     pc + 20
core   0: 3 0x0000000080006036 (0xa811)
core   0: >>>>  mepc_4
core   0: 0x000000008000604a (0x00000791) c.addi  a5, 4
core   0: 3 0x000000008000604a (0x0791) x15 0x0000000080004190
core   0: 0x000000008000604c (0x34179073) csrrw   zero, mepc, a5
core   0: 3 0x000000008000604c (0x34179073) c833_mepc 0x0000000080004190
core   0: 0x0000000080006050 (0x30200073) mret
core   0: 3 0x0000000080006050 (0x30200073) c768_mstatus 0x8000000a00106080
core   0: 0x0000000080004190 (0x2b7c96d3) fmax.d  fa3, fs9, fs7
core   0: 1 0x0000000080004190 (0x2b7c96d3) f13 0x7ff8000000000000
core   0: 0x0000000080004194 (0x43f45013) srai    zero, s0, 63
core   0: 1 0x0000000080004194 (0x43f45013)
core   0: 0x0000000080004198 (0xc20bfb53) fcvt.w.d s6, fs7
core   0: 1 0x0000000080004198 (0xc20bfb53) c1_fflags 0x0000000000000011 x22 0x000000007fffffff
core   0: 0x000000008000419c (0xba86f047) fmsub.d ft0, fa3, fs0, fs7
core   0: 1 0x000000008000419c (0xba86f047) f0  0x7ff8000000000000
core   0: 0x00000000800041a0 (0x5a104893) xori    a7, zero, 1441
core   0: 1 0x00000000800041a0 (0x5a104893) x17 0x00000000000005a1
core   0: 0x00000000800041a4 (0x43fddd13) srai    s10, s11, 63
core   0: 1 0x00000000800041a4 (0x43fddd13) x26 0x0000000000000000
core   0: 0x00000000800041a8 (0xd03cf4d3) fcvt.s.lu fs1, s9
core   0: 1 0x00000000800041a8 (0xd03cf4d3) c1_fflags 0x0000000000000011 f9  0xffffffff4d800000
core   0: 0x00000000800041ac (0x031163bb) remw    t2, sp, a7
core   0: 1 0x00000000800041ac (0x031163bb) x7  0xffffffffffffffff
core   0: 0x00000000800041b0 (0xd20980d3) fcvt.d.w ft1, s3
core   0: 1 0x00000000800041b0 (0xd20980d3) f1  0xc1ae8a92ca000000
core   0: 0x00000000800041b4 (0xc239fb53) fcvt.lu.d s6, fs3
core   0: 1 0x00000000800041b4 (0xc239fb53) c1_fflags 0x0000000000000011 x22 0xffffffffffffffff
core   0: 0x00000000800041b8 (0xd22b7dd3) fcvt.d.l fs11, s6
core   0: 1 0x00000000800041b8 (0xd22b7dd3) f27 0xbff0000000000000
core   0: 0x00000000800041bc (0xc224fe53) fcvt.l.d t3, fs1
core   0: 1 0x00000000800041bc (0xc224fe53) c1_fflags 0x0000000000000011 x28 0x7fffffffffffffff
core   0: 0x00000000800041c0 (0x039d7cd3) fadd.d  fs9, fs10, fs9
core   0: 1 0x00000000800041c0 (0x039d7cd3) f25 0x7ff8000000000000
core   0: 0x00000000800041c4 (0x00b2943b) sllw    s0, t0, a1
core   0: 1 0x00000000800041c4 (0x00b2943b) x8  0x0000000000080000
core   0: 0x00000000800041c8 (0xc039fb53) fcvt.lu.s s6, fs3
core   0: 1 0x00000000800041c8 (0xc039fb53) c1_fflags 0x0000000000000011 x22 0xffffffffffffffff
core   0: 0x00000000800041cc (0xf23dff43) fmadd.d ft10, fs11, ft3, ft10
core   0: 1 0x00000000800041cc (0xf23dff43) f30 0x7ff8000000000000
core   0: 0x00000000800041d0 (0x22318b53) fsgnj.d fs6, ft3, ft3
core   0: 1 0x00000000800041d0 (0x22318b53) f22 0xc1efffff00000000
core   0: 0x00000000800041d4 (0xa24e0753) fle.d   a4, ft8, ft4
core   0: 1 0x00000000800041d4 (0xa24e0753) c1_fflags 0x0000000000000011 x14 0x0000000000000000
core   0: 0x00000000800041d8 (0x02132333) mulhsu  t1, t1, ra
core   0: 1 0x00000000800041d8 (0x02132333) x6  0x0000000000000000
core   0: 0x00000000800041dc (0x406cd233) sra     tp, s9, t1
core   0: 1 0x00000000800041dc (0x406cd233) x4  0x000000000fffffff
core   0: 0x00000000800041e0 (0x783ff197) auipc   gp, 0x783ff
core   0: 1 0x00000000800041e0 (0x783ff197) x3  0x00000000f84031e0
core   0: 0x00000000800041e4 (0xab7bfec7) fmsub.d ft9, fs7, fs7, fs5
core   0: 1 0x00000000800041e4 (0xab7bfec7) f29 0x7ff8000000000000
core   0: 0x00000000800041e8 (0x02b40133) mul     sp, s0, a1
core   0: 1 0x00000000800041e8 (0x02b40133) x2  0x00060081c3980000
core   0: 0x00000000800041ec (0x00b1d03b) srlw    zero, gp, a1
core   0: 1 0x00000000800041ec (0x00b1d03b)
core   0: 0x00000000800041f0 (0x00116493) ori     s1, sp, 1
core   0: 1 0x00000000800041f0 (0x00116493) x9  0x00060081c3980001
core   0: 0x00000000800041f4 (0x40085cbb) sraw    s9, a6, zero
core   0: 1 0x00000000800041f4 (0x40085cbb) x25 0x0000000000000000
core   0: 0x00000000800041f8 (0x216f5e17) auipc   t3, 0x216f5
core   0: 1 0x00000000800041f8 (0x216f5e17) x28 0x00000000a16f91f8
core   0: 0x00000000800041fc (0x0ff0000f) fence   iorw,iorw
core   0: 1 0x00000000800041fc (0x0ff0000f)
core   0: 0x0000000080004200 (0x00426633) or      a2, tp, tp
core   0: 1 0x0000000080004200 (0x00426633) x12 0x000000000fffffff
core   0: 0x0000000080004204 (0x001494f3) csrrw   s1, fflags, s1
core   0: 1 0x0000000080004204 (0x001494f3) x9  0x0000000000000011 c1_fflags 0x0000000000000001
core   0: 0x0000000080004208 (0xd2367553) fcvt.d.lu fa0, a2
core   0: 1 0x0000000080004208 (0xd2367553) f10 0x41affffffe000000
core   0: 0x000000008000420c (0xf233ffcf) fnmadd.d ft11, ft7, ft3, ft10
core   0: 1 0x000000008000420c (0xf233ffcf) f31 0x7ff8000000000000
core   0: 0x0000000080004210 (0x00f47833) and     a6, s0, a5
core   0: 1 0x0000000080004210 (0x00f47833) x16 0x0000000000000000
core   0: 0x0000000080004214 (0x00008e26) c.mv    t3, s1
core   0: 1 0x0000000080004214 (0x8e26) x28 0x0000000000000011
core   0: 0x0000000080004216 (0x84110697) auipc   a3, 0x84110
core   0: 1 0x0000000080004216 (0x84110697) x13 0x0000000004114216
core   0: 0x000000008000421a (0x23c08a53) fsgnj.d fs4, ft1, ft8
core   0: 1 0x000000008000421a (0x23c08a53) f20 0xc1ae8a92ca000000
core   0: 0x000000008000421e (0x340d7af3) csrrci  s5, mscratch, 26
core   0: exception trap_illegal_instruction, epc 0x000000008000421e
core   0:           tval 0x00000000340d7af3
core   0: >>>>  $xrv64i2p1_m2p0_a2p1_f2p2_d2p2_zicsr2p0_zifencei2p0_zmmul1p0_zba1p0_zbb1p0_zbc1p0_zbs1p0
core   0: 0x0000000080004000 (0x0080006f) j       pc + 0x8
core   0: 3 0x0000000080004000 (0x0080006f)
core   0: >>>>  mmode_exception_handler
core   0: 0x0000000080004008 (0x00002c17) auipc   s8, 0x2
core   0: 3 0x0000000080004008 (0x00002c17) x24 0x0000000080006008
core   0: 0x000000008000400c (0x00ec0c13) addi    s8, s8, 14
core   0: 3 0x000000008000400c (0x00ec0c13) x24 0x0000000080006016
core   0: 0x0000000080004010 (0x000c00e7) jalr    s8
core   0: 3 0x0000000080004010 (0x000c00e7) x1  0x0000000080004014
core   0: >>>>  any_handler
core   0: 0x0000000080006016 (0x341027f3) csrrs   a5, mepc, zero
core   0: 3 0x0000000080006016 (0x341027f3) x15 0x000000008000421e
core   0: 0x000000008000601a (0x34202773) csrrs   a4, mcause, zero
core   0: 3 0x000000008000601a (0x34202773) x14 0x0000000000000002
core   0: 0x000000008000601e (0x142026f3) csrrs   a3, scause, zero
core   0: 3 0x000000008000601e (0x142026f3) x13 0x0000000000000001
core   0: 0x0000000080006022 (0x30402673) csrrs   a2, mie, zero
core   0: 3 0x0000000080006022 (0x30402673) x12 0x0000000000000a00
core   0: 0x0000000080006026 (0x344025f3) csrrs   a1, mip, zero
core   0: 3 0x0000000080006026 (0x344025f3) x11 0x0000000000000080
core   0: 0x000000008000602a (0x343025f3) csrrs   a1, mtval, zero
core   0: 3 0x000000008000602a (0x343025f3) x11 0x00000000340d7af3
core   0: 0x000000008000602e (0x14302573) csrrs   a0, stval, zero
core   0: 3 0x000000008000602e (0x14302573) x10 0x0000000000000000
core   0: 0x0000000080006032 (0xb02024f3) csrrs   s1, minstret, zero
core   0: 3 0x0000000080006032 (0xb02024f3) x9  0x0000000000000858
core   0: 0x0000000080006036 (0x0000a811) c.j     pc + 20
core   0: 3 0x0000000080006036 (0xa811)
core   0: >>>>  mepc_4
core   0: 0x000000008000604a (0x00000791) c.addi  a5, 4
core   0: 3 0x000000008000604a (0x0791) x15 0x0000000080004222
core   0: 0x000000008000604c (0x34179073) csrrw   zero, mepc, a5
core   0: 3 0x000000008000604c (0x34179073) c833_mepc 0x0000000080004222
core   0: 0x0000000080006050 (0x30200073) mret
core   0: 3 0x0000000080006050 (0x30200073) c768_mstatus 0x8000000a00106080
core   0: 0x0000000080004222 (0xc0471773) csrrw   a4, hpmcounter4, a4
core   0: exception trap_illegal_instruction, epc 0x0000000080004222
core   0:           tval 0x00000000c0471773
core   0: >>>>  $xrv64i2p1_m2p0_a2p1_f2p2_d2p2_zicsr2p0_zifencei2p0_zmmul1p0_zba1p0_zbb1p0_zbc1p0_zbs1p0
core   0: 0x0000000080004000 (0x0080006f) j       pc + 0x8
core   0: 3 0x0000000080004000 (0x0080006f)
core   0: >>>>  mmode_exception_handler
core   0: 0x0000000080004008 (0x00002c17) auipc   s8, 0x2
core   0: 3 0x0000000080004008 (0x00002c17) x24 0x0000000080006008
core   0: 0x000000008000400c (0x00ec0c13) addi    s8, s8, 14
core   0: 3 0x000000008000400c (0x00ec0c13) x24 0x0000000080006016
core   0: 0x0000000080004010 (0x000c00e7) jalr    s8
core   0: 3 0x0000000080004010 (0x000c00e7) x1  0x0000000080004014
core   0: >>>>  any_handler
core   0: 0x0000000080006016 (0x341027f3) csrrs   a5, mepc, zero
core   0: 3 0x0000000080006016 (0x341027f3) x15 0x0000000080004222
core   0: 0x000000008000601a (0x34202773) csrrs   a4, mcause, zero
core   0: 3 0x000000008000601a (0x34202773) x14 0x0000000000000002
core   0: 0x000000008000601e (0x142026f3) csrrs   a3, scause, zero
core   0: 3 0x000000008000601e (0x142026f3) x13 0x0000000000000001
core   0: 0x0000000080006022 (0x30402673) csrrs   a2, mie, zero
core   0: 3 0x0000000080006022 (0x30402673) x12 0x0000000000000a00
core   0: 0x0000000080006026 (0x344025f3) csrrs   a1, mip, zero
core   0: 3 0x0000000080006026 (0x344025f3) x11 0x0000000000000080
core   0: 0x000000008000602a (0x343025f3) csrrs   a1, mtval, zero
core   0: 3 0x000000008000602a (0x343025f3) x11 0x00000000c0471773
core   0: 0x000000008000602e (0x14302573) csrrs   a0, stval, zero
core   0: 3 0x000000008000602e (0x14302573) x10 0x0000000000000000
core   0: 0x0000000080006032 (0xb02024f3) csrrs   s1, minstret, zero
core   0: 3 0x0000000080006032 (0xb02024f3) x9  0x0000000000000868
core   0: 0x0000000080006036 (0x0000a811) c.j     pc + 20
core   0: 3 0x0000000080006036 (0xa811)
core   0: >>>>  mepc_4
core   0: 0x000000008000604a (0x00000791) c.addi  a5, 4
core   0: 3 0x000000008000604a (0x0791) x15 0x0000000080004226
core   0: 0x000000008000604c (0x34179073) csrrw   zero, mepc, a5
core   0: 3 0x000000008000604c (0x34179073) c833_mepc 0x0000000080004226
core   0: 0x0000000080006050 (0x30200073) mret
core   0: 3 0x0000000080006050 (0x30200073) c768_mstatus 0x8000000a00106080
core   0: 0x0000000080004226 (0x4092d71b) sraiw   a4, t0, 9
core   0: 1 0x0000000080004226 (0x4092d71b) x14 0x0000000000000000
core   0: 0x000000008000422a (0x02c482b3) mul     t0, s1, a2
core   0: 1 0x000000008000422a (0x02c482b3) x5  0x0000000000541000
core   0: 0x000000008000422e (0x007dd59b) srliw   a1, s11, 7
core   0: 1 0x000000008000422e (0x007dd59b) x11 0x00000000001fffff
core   0: 0x0000000080004232 (0x016baeb7) lui     t4, 0x16ba
core   0: 1 0x0000000080004232 (0x016baeb7) x29 0x00000000016ba000
core   0: 0x0000000080004236 (0x817e8e9b) addiw   t4, t4, -2025
core   0: 1 0x0000000080004236 (0x817e8e9b) x29 0x00000000016b9817
core   0: 0x000000008000423a (0x00000eba) c.slli  t4, 14
core   0: 1 0x000000008000423a (0x0eba) x29 0x0000005ae605c000
core   0: 0x000000008000423c (0x48ee8e93) addi    t4, t4, 1166
core   0: 1 0x000000008000423c (0x48ee8e93) x29 0x0000005ae605c48e
core   0: 0x0000000080004240 (0xd2130453) fcvt.d.wu fs0, t1
core   0: 1 0x0000000080004240 (0xd2130453) f8  0x0000000000000000
core   0: 0x0000000080004244 (0xd23778d3) fcvt.d.lu fa7, a4
core   0: 1 0x0000000080004244 (0xd23778d3) f17 0x0000000000000000
core   0: 0x0000000080004248 (0xd22dffd3) fcvt.d.l ft11, s11
core   0: 1 0x0000000080004248 (0xd22dffd3) f31 0x41affffffe000000
core   0: 0x000000008000424c (0xc221f1d3) fcvt.l.d gp, ft3
core   0: 1 0x000000008000424c (0xc221f1d3) x3  0xffffffff00000800
core   0: 0x0000000080004250 (0x01cc1d3b) sllw    s10, s8, t3
core   0: 1 0x0000000080004250 (0x01cc1d3b) x26 0xffffffffc02c0000
core   0: 0x0000000080004254 (0xdf36e313) ori     t1, a3, -525
core   0: 1 0x0000000080004254 (0xdf36e313) x6  0xfffffffffffffdf3
core   0: 0x0000000080004258 (0xaaa34913) xori    s2, t1, -1366
core   0: 1 0x0000000080004258 (0xaaa34913) x18 0x0000000000000759
core   0: 0x000000008000425c (0xab547acb) fnmsub.d fs5, fs0, fs5, fs5
core   0: 1 0x000000008000425c (0xab547acb) f21 0x7ff8000000000000
core   0: 0x0000000080004260 (0x02c327b3) mulhsu  a5, t1, a2
core   0: 1 0x0000000080004260 (0x02c327b3) x15 0xffffffffffffffff
core   0: 0x0000000080004264 (0xc220fcd3) fcvt.l.d s9, ft1
core   0: 1 0x0000000080004264 (0xc220fcd3) x25 0xfffffffff0bab69b
core   0: 0x0000000080004268 (0x017d7133) and     sp, s10, s7
core   0: 1 0x0000000080004268 (0x017d7133) x2  0x0000000000000000
core   0: 0x000000008000426c (0x03725a33) divu    s4, tp, s7
core   0: 1 0x000000008000426c (0x03725a33) x20 0xffffffffffffffff
core   0: 0x0000000080004270 (0xd02d76d3) fcvt.s.l fa3, s10
core   0: 1 0x0000000080004270 (0xd02d76d3) f13 0xffffffffce7f5000
core   0: 0x0000000080004274 (0x02b1443b) divw    s0, sp, a1
core   0: 1 0x0000000080004274 (0x02b1443b) x8  0x0000000000000000
core   0: 0x0000000080004278 (0x00ee9e9b) slliw   t4, t4, 14
core   0: 1 0x0000000080004278 (0x00ee9e9b) x29 0x0000000071238000
core   0: 0x000000008000427c (0xd23ef7d3) fcvt.d.lu fa5, t4
core   0: 1 0x000000008000427c (0xd23ef7d3) f15 0x41dc48e000000000
core   0: 0x0000000080004280 (0xc20e7bd3) fcvt.w.d s7, ft8
core   0: 1 0x0000000080004280 (0xc20e7bd3) c1_fflags 0x0000000000000011 x23 0x000000007fffffff
core   0: 0x0000000080004284 (0xa23f7a97) auipc   s5, 0xa23f7
core   0: 1 0x0000000080004284 (0xa23f7a97) x21 0x00000000223fb284
core   0: 0x0000000080004288 (0x035af2b3) remu    t0, s5, s5
core   0: 1 0x0000000080004288 (0x035af2b3) x5  0x0000000000000000
core   0: 0x000000008000428c (0x03857bbb) remuw   s7, a0, s8
core   0: 1 0x000000008000428c (0x03857bbb) x23 0x0000000000000000
core   0: 0x0000000080004290 (0x037a65bb) remw    a1, s4, s7
core   0: 1 0x0000000080004290 (0x037a65bb) x11 0xffffffffffffffff
core   0: 0x0000000080004294 (0x43f7da93) srai    s5, a5, 63
core   0: 1 0x0000000080004294 (0x43f7da93) x21 0xffffffffffffffff
core   0: 0x0000000080004298 (0x02b575bb) remuw   a1, a0, a1
core   0: 1 0x0000000080004298 (0x02b575bb) x11 0x0000000000000000
core   0: 0x000000008000429c (0x0309c2bb) divw    t0, s3, a6
core   0: 1 0x000000008000429c (0x0309c2bb) x5  0xffffffffffffffff
core   0: 0x00000000800042a0 (0x0180de3b) srlw    t3, ra, s8
core   0: 1 0x00000000800042a0 (0x0180de3b) x28 0x0000000000000200
core   0: 0x00000000800042a4 (0x03260cbb) mulw    s9, a2, s2
core   0: 1 0x00000000800042a4 (0x03260cbb) x25 0x0000000000497a00
core   0: 0x00000000800042a8 (0x0387f3d3) fadd.d  ft7, fa5, fs8
core   0: 1 0x00000000800042a8 (0x0387f3d3) f7  0x41ee244a42c00000
core   0: 0x00000000800042ac (0xd225fcd3) fcvt.d.l fs9, a1
core   0: 1 0x00000000800042ac (0xd225fcd3) f25 0x0000000000000000
core   0: 0x00000000800042b0 (0x4069563b) sraw    a2, s2, t1
core   0: 1 0x00000000800042b0 (0x4069563b) x12 0x0000000000000000
core   0: 0x00000000800042b4 (0x00a57333) and     t1, a0, a0
core   0: 1 0x00000000800042b4 (0x00a57333) x6  0x0000000000000000
core   0: 0x00000000800042b8 (0x03220933) mul     s2, tp, s2
core   0: 1 0x00000000800042b8 (0x03220933) x18 0x000000758ffff8a7
core   0: 0x00000000800042bc (0x000e9b3b) sllw    s6, t4, zero
core   0: 1 0x00000000800042bc (0x000e9b3b) x22 0x0000000071238000
core   0: 0x00000000800042c0 (0x016bf733) and     a4, s7, s6
core   0: 1 0x00000000800042c0 (0x016bf733) x14 0x0000000000000000
core   0: 0x00000000800042c4 (0x009c9cb3) sll     s9, s9, s1
core   0: 1 0x00000000800042c4 (0x009c9cb3) x25 0x497a000000000000
core   0: 0x00000000800042c8 (0x5a0078d3) fsqrt.d fa7, ft0
core   0: 1 0x00000000800042c8 (0x5a0078d3) f17 0x7ff8000000000000
core   0: 0x00000000800042cc (0x40c7de93) srai    t4, a5, 12
core   0: 1 0x00000000800042cc (0x40c7de93) x29 0xffffffffffffffff
core   0: 0x00000000800042d0 (0x3367cb13) xori    s6, a5, 822
core   0: 1 0x00000000800042d0 (0x3367cb13) x22 0xfffffffffffffcc9
core   0: 0x00000000800042d4 (0x405752b3) sra     t0, a4, t0
core   0: 1 0x00000000800042d4 (0x405752b3) x5  0x0000000000000000
core   0: 0x00000000800042d8 (0x0375e3b3) rem     t2, a1, s7
core   0: 1 0x00000000800042d8 (0x0375e3b3) x7  0x0000000000000000
core   0: 0x00000000800042dc (0x03869b13) slli    s6, a3, 56
core   0: 1 0x00000000800042dc (0x03869b13) x22 0x0100000000000000
core   0: 0x00000000800042e0 (0x4006d49b) sraiw   s1, a3, 0
core   0: 1 0x00000000800042e0 (0x4006d49b) x9  0x0000000000000001
core   0: 0x00000000800042e4 (0xd233f053) fcvt.d.lu ft0, t2
core   0: 1 0x00000000800042e4 (0xd233f053) f0  0x0000000000000000
core   0: 0x00000000800042e8 (0x13987a53) fmul.d  fs4, fa6, fs9
core   0: 1 0x00000000800042e8 (0x13987a53) f20 0x7ff8000000000000
core   0: 0x00000000800042ec (0x03346cb3) rem     s9, s0, s3
core   0: 1 0x00000000800042ec (0x03346cb3) x25 0x0000000000000000
core   0: 0x00000000800042f0 (0xdad6fdcb) fnmsub.d fs11, fa3, fa3, fs11
core   0: 1 0x00000000800042f0 (0xdad6fdcb) f27 0x7ff8000000000000
core   0: 0x00000000800042f4 (0x0077529b) srliw   t0, a4, 7
core   0: 1 0x00000000800042f4 (0x0077529b) x5  0x0000000000000000
core   0: 0x00000000800042f8 (0x0ff0000f) fence   iorw,iorw
core   0: 1 0x00000000800042f8 (0x0ff0000f)
core   0: 0x00000000800042fc (0x22261653) fsgnjn.d fa2, fa2, ft2
core   0: 1 0x00000000800042fc (0x22261653) f12 0x7fffffff00000000
core   0: 0x0000000080004300 (0x0082de1b) srliw   t3, t0, 8
core   0: 1 0x0000000080004300 (0x0082de1b) x28 0x0000000000000000
core   0: 0x0000000080004304 (0x40a40133) sub     sp, s0, a0
core   0: 1 0x0000000080004304 (0x40a40133) x2  0x0000000000000000
core   0: 0x0000000080004308 (0x407e8833) sub     a6, t4, t2
core   0: 1 0x0000000080004308 (0x407e8833) x16 0xffffffffffffffff
core   0: 0x000000008000430c (0xd03bf553) fcvt.s.lu fa0, s7
core   0: 1 0x000000008000430c (0xd03bf553) f10 0xffffffff00000000
core   0: 0x0000000080004310 (0x403bd1bb) sraw    gp, s7, gp
core   0: 1 0x0000000080004310 (0x403bd1bb) x3  0x0000000000000000
core   0: 0x0000000080004314 (0x2ac797d3) fmax.d  fa5, fa5, fa2
core   0: 1 0x0000000080004314 (0x2ac797d3) f15 0x41dc48e000000000
core   0: 0x0000000080004318 (0x03981593) slli    a1, a6, 57
core   0: 1 0x0000000080004318 (0x03981593) x11 0xfe00000000000000
core   0: 0x000000008000431c (0x2a951b53) fmax.d  fs6, fa0, fs1
core   0: 1 0x000000008000431c (0x2a951b53) f22 0x7ff8000000000000
core   0: 0x0000000080004320 (0xe28ed5b7) lui     a1, 0xe28ed
core   0: 1 0x0000000080004320 (0xe28ed5b7) x11 0xffffffffe28ed000
core   0: 0x0000000080004324 (0x41aa813b) subw    sp, s5, s10
core   0: 1 0x0000000080004324 (0x41aa813b) x2  0x000000003fd3ffff
core   0: 0x0000000080004328 (0x025e76b3) remu    a3, t3, t0
core   0: 1 0x0000000080004328 (0x025e76b3) x13 0x0000000000000000
core   0: 0x000000008000432c (0x001e0db3) add     s11, t3, ra
core   0: 1 0x000000008000432c (0x001e0db3) x27 0x0000000080004014
core   0: 0x0000000080004330 (0x0002de1b) srliw   t3, t0, 0
core   0: 1 0x0000000080004330 (0x0002de1b) x28 0x0000000000000000
core   0: 0x0000000080004334 (0x018c45b3) xor     a1, s8, s8
core   0: 1 0x0000000080004334 (0x018c45b3) x11 0x0000000000000000
core   0: 0x0000000080004338 (0x00640533) add     a0, s0, t1
core   0: 1 0x0000000080004338 (0x00640533) x10 0x0000000000000000
core   0: 0x000000008000433c (0x40c605bb) subw    a1, a2, a2
core   0: 1 0x000000008000433c (0x40c605bb) x11 0x0000000000000000
core   0: 0x0000000080004340 (0x031478b3) remu    a7, s0, a7
core   0: 1 0x0000000080004340 (0x031478b3) x17 0x0000000000000000
core   0: 0x0000000080004344 (0x03537ab3) remu    s5, t1, s5
core   0: 1 0x0000000080004344 (0x03537ab3) x21 0x0000000000000000
core   0: 0x0000000080004348 (0x03b797b3) mulh    a5, a5, s11
core   0: 1 0x0000000080004348 (0x03b797b3) x15 0xffffffffffffffff
core   0: 0x000000008000434c (0xc20b7453) fcvt.w.d s0, fs6
core   0: 1 0x000000008000434c (0xc20b7453) c1_fflags 0x0000000000000011 x8  0x000000007fffffff
core   0: 0x0000000080004350 (0xd22278d3) fcvt.d.l fa7, tp
core   0: 1 0x0000000080004350 (0xd22278d3) f17 0x41affffffe000000
core   0: 0x0000000080004354 (0x4007d893) srai    a7, a5, 0
core   0: 1 0x0000000080004354 (0x4007d893) x17 0xffffffffffffffff
core   0: 0x0000000080004358 (0x0a17754b) fnmsub.d fa0, fa4, ft1, ft1
core   0: 1 0x0000000080004358 (0x0a17754b) f10 0x7ff8000000000000
core   0: 0x000000008000435c (0xc230f153) fcvt.lu.d sp, ft1
core   0: 1 0x000000008000435c (0xc230f153) c1_fflags 0x0000000000000011 x2  0x0000000000000000
core   0: 0x0000000080004360 (0x02e42737) lui     a4, 0x2e42
core   0: 1 0x0000000080004360 (0x02e42737) x14 0x0000000002e42000
core   0: 0x0000000080004364 (0xd017071b) addiw   a4, a4, -767
core   0: 1 0x0000000080004364 (0xd017071b) x14 0x0000000002e41d01
core   0: 0x0000000080004368 (0x00000736) c.slli  a4, 13
core   0: 1 0x0000000080004368 (0x0736) x14 0x0000005c83a02000
core   0: 0x000000008000436a (0x86970713) addi    a4, a4, -1943
core   0: 1 0x000000008000436a (0x86970713) x14 0x0000005c83a01869
core   0: 0x000000008000436e (0x031e0e3b) mulw    t3, t3, a7
core   0: 1 0x000000008000436e (0x031e0e3b) x28 0x0000000000000000
core   0: 0x0000000080004372 (0xf20500d3) fmv.d.x ft1, a0
core   0: 1 0x0000000080004372 (0xf20500d3) f1  0x0000000000000000
core   0: 0x0000000080004376 (0x31adbc73) csrrc   s8, menvcfgh, s11
core   0: exception trap_illegal_instruction, epc 0x0000000080004376
core   0:           tval 0x0000000031adbc73
core   0: >>>>  $xrv64i2p1_m2p0_a2p1_f2p2_d2p2_zicsr2p0_zifencei2p0_zmmul1p0_zba1p0_zbb1p0_zbc1p0_zbs1p0
core   0: 0x0000000080004000 (0x0080006f) j       pc + 0x8
core   0: 3 0x0000000080004000 (0x0080006f)
core   0: >>>>  mmode_exception_handler
core   0: 0x0000000080004008 (0x00002c17) auipc   s8, 0x2
core   0: 3 0x0000000080004008 (0x00002c17) x24 0x0000000080006008
core   0: 0x000000008000400c (0x00ec0c13) addi    s8, s8, 14
core   0: 3 0x000000008000400c (0x00ec0c13) x24 0x0000000080006016
core   0: 0x0000000080004010 (0x000c00e7) jalr    s8
core   0: 3 0x0000000080004010 (0x000c00e7) x1  0x0000000080004014
core   0: >>>>  any_handler
core   0: 0x0000000080006016 (0x341027f3) csrrs   a5, mepc, zero
core   0: 3 0x0000000080006016 (0x341027f3) x15 0x0000000080004376
core   0: 0x000000008000601a (0x34202773) csrrs   a4, mcause, zero
core   0: 3 0x000000008000601a (0x34202773) x14 0x0000000000000002
core   0: 0x000000008000601e (0x142026f3) csrrs   a3, scause, zero
core   0: 3 0x000000008000601e (0x142026f3) x13 0x0000000000000001
core   0: 0x0000000080006022 (0x30402673) csrrs   a2, mie, zero
core   0: 3 0x0000000080006022 (0x30402673) x12 0x0000000000000a00
core   0: 0x0000000080006026 (0x344025f3) csrrs   a1, mip, zero
core   0: 3 0x0000000080006026 (0x344025f3) x11 0x0000000000000080
core   0: 0x000000008000602a (0x343025f3) csrrs   a1, mtval, zero
core   0: 3 0x000000008000602a (0x343025f3) x11 0x0000000031adbc73
core   0: 0x000000008000602e (0x14302573) csrrs   a0, stval, zero
core   0: 3 0x000000008000602e (0x14302573) x10 0x0000000000000000
core   0: 0x0000000080006032 (0xb02024f3) csrrs   s1, minstret, zero
core   0: 3 0x0000000080006032 (0xb02024f3) x9  0x00000000000008cd
core   0: 0x0000000080006036 (0x0000a811) c.j     pc + 20
core   0: 3 0x0000000080006036 (0xa811)
core   0: >>>>  mepc_4
core   0: 0x000000008000604a (0x00000791) c.addi  a5, 4
core   0: 3 0x000000008000604a (0x0791) x15 0x000000008000437a
core   0: 0x000000008000604c (0x34179073) csrrw   zero, mepc, a5
core   0: 3 0x000000008000604c (0x34179073) c833_mepc 0x000000008000437a
core   0: 0x0000000080006050 (0x30200073) mret
core   0: 3 0x0000000080006050 (0x30200073) c768_mstatus 0x8000000a00106080
core   0: 0x000000008000437a (0x00000001) c.nop
core   0: 1 0x000000008000437a (0x0001)
core   0: 0x000000008000437c (0x03d950b7) lui     ra, 0x3d95
core   0: 1 0x000000008000437c (0x03d950b7) x1  0x0000000003d95000
core   0: 0x0000000080004380 (0xe750809b) addiw   ra, ra, -395
core   0: 1 0x0000000080004380 (0xe750809b) x1  0x0000000003d94e75
core   0: 0x0000000080004384 (0x000000b2) c.slli  ra, 12
core   0: 1 0x0000000080004384 (0x00b2) x1  0x0000003d94e75000
core   0: 0x0000000080004386 (0x4b908093) addi    ra, ra, 1209
core   0: 1 0x0000000080004386 (0x4b908093) x1  0x0000003d94e754b9
core   0: 0x000000008000438a (0x01787833) and     a6, a6, s7
core   0: 1 0x000000008000438a (0x01787833) x16 0x0000000000000000
core   0: 0x000000008000438e (0xe2099653) fclass.d a2, fs3
core   0: 1 0x000000008000438e (0xe2099653) x12 0x0000000000000200
core   0: 0x0000000080004392 (0x0a67c213) xori    tp, a5, 166
core   0: 1 0x0000000080004392 (0x0a67c213) x4  0x00000000800043dc
core   0: 0x0000000080004396 (0x4013013b) subw    sp, t1, ra
core   0: 1 0x0000000080004396 (0x4013013b) x2  0x000000006b18ab47
core   0: 0x000000008000439a (0x0003d993) srli    s3, t2, 0
core   0: 1 0x000000008000439a (0x0003d993) x19 0x0000000000000000
core   0: 0x000000008000439e (0x0051153b) sllw    a0, sp, t0
core   0: 1 0x000000008000439e (0x0051153b) x10 0x000000006b18ab47
core   0: 0x00000000800043a2 (0x0019e393) ori     t2, s3, 1
core   0: 1 0x00000000800043a2 (0x0019e393) x7  0x0000000000000001
core   0: 0x00000000800043a6 (0x00a786bb) addw    a3, a5, a0
core   0: 1 0x00000000800043a6 (0x00a786bb) x13 0xffffffffeb18eec1
core   0: 0x00000000800043aa (0x23c216d3) fsgnjn.d fa3, ft4, ft8
core   0: 1 0x00000000800043aa (0x23c216d3) f13 0x7fffffff00000000
core   0: 0x00000000800043ae (0xd036fb53) fcvt.s.lu fs6, a3
core   0: 1 0x00000000800043ae (0xd036fb53) c1_fflags 0x0000000000000011 f22 0xffffffff5f800000
core   0: 0x00000000800043b2 (0x40e6d81b) sraiw   a6, a3, 14
core   0: 1 0x00000000800043b2 (0x40e6d81b) x16 0xffffffffffffac63
core   0: 0x00000000800043b6 (0x03476933) rem     s2, a4, s4
core   0: 1 0x00000000800043b6 (0x03476933) x18 0x0000000000000000
core   0: 0x00000000800043ba (0x0000553b) srlw    a0, zero, zero
core   0: 1 0x00000000800043ba (0x0000553b) x10 0x0000000000000000
core   0: 0x00000000800043be (0x0002863b) addw    a2, t0, zero
core   0: 1 0x00000000800043be (0x0002863b) x12 0x0000000000000000
core   0: 0x00000000800043c2 (0x22888dd3) fsgnj.d fs11, fa7, fs0
core   0: 1 0x00000000800043c2 (0x22888dd3) f27 0x41affffffe000000
core   0: 0x00000000800043c6 (0x010b1ab3) sll     s5, s6, a6
core   0: 1 0x00000000800043c6 (0x010b1ab3) x21 0x0000000000000000
core   0: 0x00000000800043ca (0x2bb3f1c3) fmadd.d ft3, ft7, fs11, ft5
core   0: 1 0x00000000800043ca (0x2bb3f1c3) f3  0x7ff8000000000000
core   0: 0x00000000800043ce (0xc02b2973) csrrs   s2, instret, s6
core   0: exception trap_illegal_instruction, epc 0x00000000800043ce
core   0:           tval 0x00000000c02b2973
core   0: >>>>  $xrv64i2p1_m2p0_a2p1_f2p2_d2p2_zicsr2p0_zifencei2p0_zmmul1p0_zba1p0_zbb1p0_zbc1p0_zbs1p0
core   0: 0x0000000080004000 (0x0080006f) j       pc + 0x8
core   0: 3 0x0000000080004000 (0x0080006f)
core   0: >>>>  mmode_exception_handler
core   0: 0x0000000080004008 (0x00002c17) auipc   s8, 0x2
core   0: 3 0x0000000080004008 (0x00002c17) x24 0x0000000080006008
core   0: 0x000000008000400c (0x00ec0c13) addi    s8, s8, 14
core   0: 3 0x000000008000400c (0x00ec0c13) x24 0x0000000080006016
core   0: 0x0000000080004010 (0x000c00e7) jalr    s8
core   0: 3 0x0000000080004010 (0x000c00e7) x1  0x0000000080004014
core   0: >>>>  any_handler
core   0: 0x0000000080006016 (0x341027f3) csrrs   a5, mepc, zero
core   0: 3 0x0000000080006016 (0x341027f3) x15 0x00000000800043ce
core   0: 0x000000008000601a (0x34202773) csrrs   a4, mcause, zero
core   0: 3 0x000000008000601a (0x34202773) x14 0x0000000000000002
core   0: 0x000000008000601e (0x142026f3) csrrs   a3, scause, zero
core   0: 3 0x000000008000601e (0x142026f3) x13 0x0000000000000001
core   0: 0x0000000080006022 (0x30402673) csrrs   a2, mie, zero
core   0: 3 0x0000000080006022 (0x30402673) x12 0x0000000000000a00
core   0: 0x0000000080006026 (0x344025f3) csrrs   a1, mip, zero
core   0: 3 0x0000000080006026 (0x344025f3) x11 0x0000000000000080
core   0: 0x000000008000602a (0x343025f3) csrrs   a1, mtval, zero
core   0: 3 0x000000008000602a (0x343025f3) x11 0x00000000c02b2973
core   0: 0x000000008000602e (0x14302573) csrrs   a0, stval, zero
core   0: 3 0x000000008000602e (0x14302573) x10 0x0000000000000000
core   0: 0x0000000080006032 (0xb02024f3) csrrs   s1, minstret, zero
core   0: 3 0x0000000080006032 (0xb02024f3) x9  0x00000000000008f3
core   0: 0x0000000080006036 (0x0000a811) c.j     pc + 20
core   0: 3 0x0000000080006036 (0xa811)
core   0: >>>>  mepc_4
core   0: 0x000000008000604a (0x00000791) c.addi  a5, 4
core   0: 3 0x000000008000604a (0x0791) x15 0x00000000800043d2
core   0: 0x000000008000604c (0x34179073) csrrw   zero, mepc, a5
core   0: 3 0x000000008000604c (0x34179073) c833_mepc 0x00000000800043d2
core   0: 0x0000000080006050 (0x30200073) mret
core   0: 3 0x0000000080006050 (0x30200073) c768_mstatus 0x8000000a00106080
core   0: 0x00000000800043d2 (0x02dac433) div     s0, s5, a3
core   0: 1 0x00000000800043d2 (0x02dac433) x8  0x0000000000000000
core   0: 0x00000000800043d6 (0x027219b3) mulh    s3, tp, t2
core   0: 1 0x00000000800043d6 (0x027219b3) x19 0x0000000000000000
core   0: 0x00000000800043da (0x01e2159b) slliw   a1, tp, 30
core   0: 1 0x00000000800043da (0x01e2159b) x11 0x0000000000000000
core   0: 0x00000000800043de (0xd034fcd3) fcvt.s.lu fs9, s1
core   0: 1 0x00000000800043de (0xd034fcd3) f25 0xffffffff450f3000
core   0: 0x00000000800043e2 (0x4011f0d3) fcvt.s.d ft1, ft3
core   0: 1 0x00000000800043e2 (0x4011f0d3) f1  0xffffffff7fc00000
core   0: 0x00000000800043e6 (0x0303b2b3) mulhu   t0, t2, a6
core   0: 1 0x00000000800043e6 (0x0303b2b3) x5  0x0000000000000000
core   0: 0x00000000800043ea (0x01a6fd33) and     s10, a3, s10
core   0: 1 0x00000000800043ea (0x01a6fd33) x26 0x0000000000000000
core   0: 0x00000000800043ee (0x0339c7bb) divw    a5, s3, s3
core   0: 1 0x00000000800043ee (0x0339c7bb) x15 0xffffffffffffffff
core   0: 0x00000000800043f2 (0xd20b0753) fcvt.d.w fa4, s6
core   0: 1 0x00000000800043f2 (0xd20b0753) f14 0x0000000000000000
core   0: 0x00000000800043f6 (0x0082d093) srli    ra, t0, 8
core   0: 1 0x00000000800043f6 (0x0082d093) x1  0x0000000000000000
core   0: 0x00000000800043fa (0x23149c53) fsgnjn.d fs8, fs1, fa7
core   0: 1 0x00000000800043fa (0x23149c53) f24 0xffffffff4d800000
core   0: 0x00000000800043fe (0xc20e7e53) fcvt.w.d t3, ft8
core   0: 1 0x00000000800043fe (0xc20e7e53) c1_fflags 0x0000000000000011 x28 0x000000007fffffff
core   0: 0x0000000080004402 (0x016e17bb) sllw    a5, t3, s6
core   0: 1 0x0000000080004402 (0x016e17bb) x15 0x000000007fffffff
core   0: 0x0000000080004406 (0xd223fb53) fcvt.d.l fs6, t2
core   0: 1 0x0000000080004406 (0xd223fb53) f22 0x3ff0000000000000
core   0: 0x000000008000440a (0xd2058753) fcvt.d.w fa4, a1
core   0: 1 0x000000008000440a (0xd2058753) f14 0x0000000000000000
core   0: 0x000000008000440e (0x001bfb33) and     s6, s7, ra
core   0: 1 0x000000008000440e (0x001bfb33) x22 0x0000000000000000
core   0: 0x0000000080004412 (0x02507abb) remuw   s5, zero, t0
core   0: 1 0x0000000080004412 (0x02507abb) x21 0x0000000000000000
core   0: 0x0000000080004416 (0x400b569b) sraiw   a3, s6, 0
core   0: 1 0x0000000080004416 (0x400b569b) x13 0x0000000000000000
core   0: 0x000000008000441a (0x0108083b) addw    a6, a6, a6
core   0: 1 0x000000008000441a (0x0108083b) x16 0xffffffffffff58c6
core   0: 0x000000008000441e (0xf1241273) csrrw   tp, marchid, s0
core   0: exception trap_illegal_instruction, epc 0x000000008000441e
core   0:           tval 0x00000000f1241273
core   0: >>>>  $xrv64i2p1_m2p0_a2p1_f2p2_d2p2_zicsr2p0_zifencei2p0_zmmul1p0_zba1p0_zbb1p0_zbc1p0_zbs1p0
core   0: 0x0000000080004000 (0x0080006f) j       pc + 0x8
core   0: 3 0x0000000080004000 (0x0080006f)
core   0: >>>>  mmode_exception_handler
core   0: 0x0000000080004008 (0x00002c17) auipc   s8, 0x2
core   0: 3 0x0000000080004008 (0x00002c17) x24 0x0000000080006008
core   0: 0x000000008000400c (0x00ec0c13) addi    s8, s8, 14
core   0: 3 0x000000008000400c (0x00ec0c13) x24 0x0000000080006016
core   0: 0x0000000080004010 (0x000c00e7) jalr    s8
core   0: 3 0x0000000080004010 (0x000c00e7) x1  0x0000000080004014
core   0: >>>>  any_handler
core   0: 0x0000000080006016 (0x341027f3) csrrs   a5, mepc, zero
core   0: 3 0x0000000080006016 (0x341027f3) x15 0x000000008000441e
core   0: 0x000000008000601a (0x34202773) csrrs   a4, mcause, zero
core   0: 3 0x000000008000601a (0x34202773) x14 0x0000000000000002
core   0: 0x000000008000601e (0x142026f3) csrrs   a3, scause, zero
core   0: 3 0x000000008000601e (0x142026f3) x13 0x0000000000000001
core   0: 0x0000000080006022 (0x30402673) csrrs   a2, mie, zero
core   0: 3 0x0000000080006022 (0x30402673) x12 0x0000000000000a00
core   0: 0x0000000080006026 (0x344025f3) csrrs   a1, mip, zero
core   0: 3 0x0000000080006026 (0x344025f3) x11 0x0000000000000080
core   0: 0x000000008000602a (0x343025f3) csrrs   a1, mtval, zero
core   0: 3 0x000000008000602a (0x343025f3) x11 0x00000000f1241273
core   0: 0x000000008000602e (0x14302573) csrrs   a0, stval, zero
core   0: 3 0x000000008000602e (0x14302573) x10 0x0000000000000000
core   0: 0x0000000080006032 (0xb02024f3) csrrs   s1, minstret, zero
core   0: 3 0x0000000080006032 (0xb02024f3) x9  0x0000000000000916
core   0: 0x0000000080006036 (0x0000a811) c.j     pc + 20
core   0: 3 0x0000000080006036 (0xa811)
core   0: >>>>  mepc_4
core   0: 0x000000008000604a (0x00000791) c.addi  a5, 4
core   0: 3 0x000000008000604a (0x0791) x15 0x0000000080004422
core   0: 0x000000008000604c (0x34179073) csrrw   zero, mepc, a5
core   0: 3 0x000000008000604c (0x34179073) c833_mepc 0x0000000080004422
core   0: 0x0000000080006050 (0x30200073) mret
core   0: 3 0x0000000080006050 (0x30200073) c768_mstatus 0x8000000a00106080
core   0: 0x0000000080004422 (0x413506bb) subw    a3, a0, s3
core   0: 1 0x0000000080004422 (0x413506bb) x13 0x0000000000000000
core   0: 0x0000000080004426 (0x000008ae) c.slli  a7, 11
core   0: 1 0x0000000080004426 (0x08ae) x17 0xfffffffffffff800
core   0: 0x0000000080004428 (0x5a077353) fsqrt.d ft6, fa4
core   0: 1 0x0000000080004428 (0x5a077353) f6  0x0000000000000000
core   0: 0x000000008000442c (0xf120fa73) csrrci  s4, marchid, 1
core   0: exception trap_illegal_instruction, epc 0x000000008000442c
core   0:           tval 0x00000000f120fa73
core   0: >>>>  $xrv64i2p1_m2p0_a2p1_f2p2_d2p2_zicsr2p0_zifencei2p0_zmmul1p0_zba1p0_zbb1p0_zbc1p0_zbs1p0
core   0: 0x0000000080004000 (0x0080006f) j       pc + 0x8
core   0: 3 0x0000000080004000 (0x0080006f)
core   0: >>>>  mmode_exception_handler
core   0: 0x0000000080004008 (0x00002c17) auipc   s8, 0x2
core   0: 3 0x0000000080004008 (0x00002c17) x24 0x0000000080006008
core   0: 0x000000008000400c (0x00ec0c13) addi    s8, s8, 14
core   0: 3 0x000000008000400c (0x00ec0c13) x24 0x0000000080006016
core   0: 0x0000000080004010 (0x000c00e7) jalr    s8
core   0: 3 0x0000000080004010 (0x000c00e7) x1  0x0000000080004014
core   0: >>>>  any_handler
core   0: 0x0000000080006016 (0x341027f3) csrrs   a5, mepc, zero
core   0: 3 0x0000000080006016 (0x341027f3) x15 0x000000008000442c
core   0: 0x000000008000601a (0x34202773) csrrs   a4, mcause, zero
core   0: 3 0x000000008000601a (0x34202773) x14 0x0000000000000002
core   0: 0x000000008000601e (0x142026f3) csrrs   a3, scause, zero
core   0: 3 0x000000008000601e (0x142026f3) x13 0x0000000000000001
core   0: 0x0000000080006022 (0x30402673) csrrs   a2, mie, zero
core   0: 3 0x0000000080006022 (0x30402673) x12 0x0000000000000a00
core   0: 0x0000000080006026 (0x344025f3) csrrs   a1, mip, zero
core   0: 3 0x0000000080006026 (0x344025f3) x11 0x0000000000000080
core   0: 0x000000008000602a (0x343025f3) csrrs   a1, mtval, zero
core   0: 3 0x000000008000602a (0x343025f3) x11 0x00000000f120fa73
core   0: 0x000000008000602e (0x14302573) csrrs   a0, stval, zero
core   0: 3 0x000000008000602e (0x14302573) x10 0x0000000000000000
core   0: 0x0000000080006032 (0xb02024f3) csrrs   s1, minstret, zero
core   0: 3 0x0000000080006032 (0xb02024f3) x9  0x0000000000000929
core   0: 0x0000000080006036 (0x0000a811) c.j     pc + 20
core   0: 3 0x0000000080006036 (0xa811)
core   0: >>>>  mepc_4
core   0: 0x000000008000604a (0x00000791) c.addi  a5, 4
core   0: 3 0x000000008000604a (0x0791) x15 0x0000000080004430
core   0: 0x000000008000604c (0x34179073) csrrw   zero, mepc, a5
core   0: 3 0x000000008000604c (0x34179073) c833_mepc 0x0000000080004430
core   0: 0x0000000080006050 (0x30200073) mret
core   0: 3 0x0000000080006050 (0x30200073) c768_mstatus 0x8000000a00106080
core   0: 0x0000000080004430 (0x03ce15b3) mulh    a1, t3, t3
core   0: 1 0x0000000080004430 (0x03ce15b3) x11 0x0000000000000000
core   0: 0x0000000080004434 (0x07038393) addi    t2, t2, 112
core   0: 1 0x0000000080004434 (0x07038393) x7  0x0000000000000071
core   0: 0x0000000080004438 (0xd0247f53) fcvt.s.l ft10, s0
core   0: 1 0x0000000080004438 (0xd0247f53) f30 0xffffffff00000000
core   0: 0x000000008000443c (0x002d9173) csrrw   sp, frm, s11
core   0: 1 0x000000008000443c (0x002d9173) x2  0x0000000000000000 c2_frm 0x0000000000000004
core   0: 0x0000000080004440 (0x01f21d1b) slliw   s10, tp, 31
core   0: 1 0x0000000080004440 (0x01f21d1b) x26 0x0000000000000000
core   0: 0x0000000080004444 (0xa3ec8653) fle.d   a2, fs9, ft10
core   0: 1 0x0000000080004444 (0xa3ec8653) c1_fflags 0x0000000000000011 x12 0x0000000000000000
core   0: 0x0000000080004448 (0x01f21a9b) slliw   s5, tp, 31
core   0: 1 0x0000000080004448 (0x01f21a9b) x21 0x0000000000000000
core   0: 0x000000008000444c (0x02f5053b) mulw    a0, a0, a5
core   0: 1 0x000000008000444c (0x02f5053b) x10 0x0000000000000000
core   0: 0x0000000080004450 (0x03bdddbb) divuw   s11, s11, s11
core   0: 1 0x0000000080004450 (0x03bdddbb) x27 0x0000000000000001
core   0: 0x0000000080004454 (0x024783b3) mul     t2, a5, tp
core   0: 1 0x0000000080004454 (0x024783b3) x7  0x4000440612132940
core   0: 0x0000000080004458 (0x4093d2b3) sra     t0, t2, s1
core   0: 1 0x0000000080004458 (0x4093d2b3) x5  0x0000000000200022
core   0: 0x000000008000445c (0x0ff0000f) fence   iorw,iorw
core   0: 1 0x000000008000445c (0x0ff0000f)
core   0: 0x0000000080004460 (0x02dcdb33) divu    s6, s9, a3
core   0: 1 0x0000000080004460 (0x02dcdb33) x22 0x0000000000000000
core   0: 0x0000000080004464 (0x2a349ed3) fmax.d  ft9, fs1, ft3
core   0: 1 0x0000000080004464 (0x2a349ed3) f29 0x7ff8000000000000
core   0: 0x0000000080004468 (0x02825033) divu    zero, tp, s0
core   0: 1 0x0000000080004468 (0x02825033)
core   0: 0x000000008000446c (0x34307573) csrrci  a0, mtval, 0
core   0: exception trap_illegal_instruction, epc 0x000000008000446c
core   0:           tval 0x0000000034307573
core   0: >>>>  $xrv64i2p1_m2p0_a2p1_f2p2_d2p2_zicsr2p0_zifencei2p0_zmmul1p0_zba1p0_zbb1p0_zbc1p0_zbs1p0
core   0: 0x0000000080004000 (0x0080006f) j       pc + 0x8
core   0: 3 0x0000000080004000 (0x0080006f)
core   0: >>>>  mmode_exception_handler
core   0: 0x0000000080004008 (0x00002c17) auipc   s8, 0x2
core   0: 3 0x0000000080004008 (0x00002c17) x24 0x0000000080006008
core   0: 0x000000008000400c (0x00ec0c13) addi    s8, s8, 14
core   0: 3 0x000000008000400c (0x00ec0c13) x24 0x0000000080006016
core   0: 0x0000000080004010 (0x000c00e7) jalr    s8
core   0: 3 0x0000000080004010 (0x000c00e7) x1  0x0000000080004014
core   0: >>>>  any_handler
core   0: 0x0000000080006016 (0x341027f3) csrrs   a5, mepc, zero
core   0: 3 0x0000000080006016 (0x341027f3) x15 0x000000008000446c
core   0: 0x000000008000601a (0x34202773) csrrs   a4, mcause, zero
core   0: 3 0x000000008000601a (0x34202773) x14 0x0000000000000002
core   0: 0x000000008000601e (0x142026f3) csrrs   a3, scause, zero
core   0: 3 0x000000008000601e (0x142026f3) x13 0x0000000000000001
core   0: 0x0000000080006022 (0x30402673) csrrs   a2, mie, zero
core   0: 3 0x0000000080006022 (0x30402673) x12 0x0000000000000a00
core   0: 0x0000000080006026 (0x344025f3) csrrs   a1, mip, zero
core   0: 3 0x0000000080006026 (0x344025f3) x11 0x0000000000000080
core   0: 0x000000008000602a (0x343025f3) csrrs   a1, mtval, zero
core   0: 3 0x000000008000602a (0x343025f3) x11 0x0000000034307573
core   0: 0x000000008000602e (0x14302573) csrrs   a0, stval, zero
core   0: 3 0x000000008000602e (0x14302573) x10 0x0000000000000000
core   0: 0x0000000080006032 (0xb02024f3) csrrs   s1, minstret, zero
core   0: 3 0x0000000080006032 (0xb02024f3) x9  0x0000000000000948
core   0: 0x0000000080006036 (0x0000a811) c.j     pc + 20
core   0: 3 0x0000000080006036 (0xa811)
core   0: >>>>  mepc_4
core   0: 0x000000008000604a (0x00000791) c.addi  a5, 4
core   0: 3 0x000000008000604a (0x0791) x15 0x0000000080004470
core   0: 0x000000008000604c (0x34179073) csrrw   zero, mepc, a5
core   0: 3 0x000000008000604c (0x34179073) c833_mepc 0x0000000080004470
core   0: 0x0000000080006050 (0x30200073) mret
core   0: 3 0x0000000080006050 (0x30200073) c768_mstatus 0x8000000a00106080
core   0: 0x0000000080004470 (0x41a60433) sub     s0, a2, s10
core   0: 1 0x0000000080004470 (0x41a60433) x8  0x0000000000000a00
core   0: 0x0000000080004474 (0x0304683b) remw    a6, s0, a6
core   0: 1 0x0000000080004474 (0x0304683b) x16 0x0000000000000a00
core   0: 0x0000000080004478 (0x02337db3) remu    s11, t1, gp
core   0: 1 0x0000000080004478 (0x02337db3) x27 0x0000000000000000
core   0: 0x000000008000447c (0x2be08f53) fmin.d  ft10, ft1, ft10
core   0: 1 0x000000008000447c (0x2be08f53) f30 0x7ff8000000000000
core   0: 0x0000000080004480 (0x01b48eb3) add     t4, s1, s11
core   0: 1 0x0000000080004480 (0x01b48eb3) x29 0x0000000000000948
core   0: 0x0000000080004484 (0x03f91713) slli    a4, s2, 63
core   0: 1 0x0000000080004484 (0x03f91713) x14 0x0000000000000000
core   0: 0x0000000080004488 (0x0011831b) addiw   t1, gp, 1
core   0: 1 0x0000000080004488 (0x0011831b) x6  0x0000000000000001
core   0: 0x000000008000448c (0xd3a07d4b) fnmsub.d fs10, ft0, fs10, fs10
core   0: 1 0x000000008000448c (0xd3a07d4b) f26 0x7ff8000000000000
core   0: 0x0000000080004490 (0x0bbfffd3) fsub.d  ft11, ft11, fs11
core   0: 1 0x0000000080004490 (0x0bbfffd3) f31 0x0000000000000000
core   0: 0x0000000080004494 (0xd2190453) fcvt.d.wu fs0, s2
core   0: 1 0x0000000080004494 (0xd2190453) f8  0x0000000000000000
core   0: 0x0000000080004498 (0x411d0d3b) subw    s10, s10, a7
core   0: 1 0x0000000080004498 (0x411d0d3b) x26 0x0000000000000800
core   0: 0x000000008000449c (0x0ff0000f) fence   iorw,iorw
core   0: 1 0x000000008000449c (0x0ff0000f)
core   0: 0x00000000800044a0 (0x40d48bb3) sub     s7, s1, a3
core   0: 1 0x00000000800044a0 (0x40d48bb3) x23 0x0000000000000947
core   0: 0x00000000800044a4 (0x020c6233) rem     tp, s8, zero
core   0: 1 0x00000000800044a4 (0x020c6233) x4  0x0000000080006016
core   0: 0x00000000800044a8 (0xc3547443) fmadd.d fs0, fs0, fs5, fs8
core   0: 1 0x00000000800044a8 (0xc3547443) f8  0x7ff8000000000000
core   0: 0x00000000800044ac (0xda057ec3) fmadd.d ft9, fa0, ft0, fs11
core   0: 1 0x00000000800044ac (0xda057ec3) f29 0x7ff8000000000000
core   0: 0x00000000800044b0 (0x01f75c1b) srliw   s8, a4, 31
core   0: 1 0x00000000800044b0 (0x01f75c1b) x24 0x0000000000000000
core   0: 0x00000000800044b4 (0x41415633) sra     a2, sp, s4
core   0: 1 0x00000000800044b4 (0x41415633) x12 0x0000000000000000
core   0: 0x00000000800044b8 (0x02466e33) rem     t3, a2, tp
core   0: 1 0x00000000800044b8 (0x02466e33) x28 0x0000000000000000
core   0: 0x00000000800044bc (0x00615b3b) srlw    s6, sp, t1
core   0: 1 0x00000000800044bc (0x00615b3b) x22 0x0000000000000000
core   0: 0x00000000800044c0 (0x0b8f7053) fsub.d  ft0, ft10, fs8
core   0: 1 0x00000000800044c0 (0x0b8f7053) f0  0x7ff8000000000000
core   0: 0x00000000800044c4 (0x41425a33) sra     s4, tp, s4
core   0: 1 0x00000000800044c4 (0x41425a33) x20 0x0000000000000000
core   0: 0x00000000800044c8 (0x42090153) fcvt.d.s ft2, fs2
core   0: 1 0x00000000800044c8 (0x42090153) f2  0x0000000000000000
core   0: 0x00000000800044cc (0x02fe0c3b) mulw    s8, t3, a5
core   0: 1 0x00000000800044cc (0x02fe0c3b) x24 0x0000000000000000
core   0: 0x00000000800044d0 (0x002599f3) csrrw   s3, frm, a1
core   0: 1 0x00000000800044d0 (0x002599f3) x19 0x0000000000000004 c2_frm 0x0000000000000003
core   0: 0x00000000800044d4 (0x0214e3bb) remw    t2, s1, ra
core   0: 1 0x00000000800044d4 (0x0214e3bb) x7  0x0000000000000948
core   0: 0x00000000800044d8 (0x01bdc6b3) xor     a3, s11, s11
core   0: 1 0x00000000800044d8 (0x01bdc6b3) x13 0x0000000000000000
core   0: 0x00000000800044dc (0x41dadabb) sraw    s5, s5, t4
core   0: 1 0x00000000800044dc (0x41dadabb) x21 0x0000000000000000
core   0: 0x00000000800044e0 (0x00000001) c.nop
core   0: 1 0x00000000800044e0 (0x0001)
core   0: 0x00000000800044e2 (0x5a017953) fsqrt.d fs2, ft2
core   0: 1 0x00000000800044e2 (0x5a017953) f18 0x0000000000000000
core   0: 0x00000000800044e6 (0x00601033) sll     zero, zero, t1
core   0: 1 0x00000000800044e6 (0x00601033)
core   0: 0x00000000800044ea (0x00bc1ebb) sllw    t4, s8, a1
core   0: 1 0x00000000800044ea (0x00bc1ebb) x29 0x0000000000000000
core   0: 0x00000000800044ee (0x00d7581b) srliw   a6, a4, 13
core   0: 1 0x00000000800044ee (0x00d7581b) x16 0x0000000000000000
core   0: 0x00000000800044f2 (0xc036f2d3) fcvt.lu.s t0, fa3
core   0: 1 0x00000000800044f2 (0xc036f2d3) c1_fflags 0x0000000000000011 x5  0xffffffffffffffff
core   0: 0x00000000800044f6 (0x002619b3) sll     s3, a2, sp
core   0: 1 0x00000000800044f6 (0x002619b3) x19 0x0000000000000000
core   0: 0x00000000800044fa (0xc039f2d3) fcvt.lu.s t0, fs3
core   0: 1 0x00000000800044fa (0xc039f2d3) c1_fflags 0x0000000000000011 x5  0xffffffffffffffff
core   0: 0x00000000800044fe (0x9b2df4cb) fnmsub.d fs1, fs11, fs2, fs3
core   0: 1 0x00000000800044fe (0x9b2df4cb) f9  0x7ff8000000000000
core   0: 0x0000000080004502 (0x0119509b) srliw   ra, s2, 17
core   0: 1 0x0000000080004502 (0x0119509b) x1  0x0000000000000000
core   0: 0x0000000080004506 (0x19479b37) lui     s6, 0x19479
core   0: 1 0x0000000080004506 (0x19479b37) x22 0x0000000019479000
core   0: 0x000000008000450a (0xc039f1d3) fcvt.lu.s gp, fs3
core   0: 1 0x000000008000450a (0xc039f1d3) c1_fflags 0x0000000000000011 x3  0xffffffffffffffff
core   0: 0x000000008000450e (0x00102cf3) csrrs   s9, fflags, zero
core   0: 1 0x000000008000450e (0x00102cf3) x25 0x0000000000000011
core   0: 0x0000000080004512 (0x00a71833) sll     a6, a4, a0
core   0: 1 0x0000000080004512 (0x00a71833) x16 0x0000000000000000
core   0: 0x0000000080004516 (0x03461713) slli    a4, a2, 52
core   0: 1 0x0000000080004516 (0x03461713) x14 0x0000000000000000
core   0: 0x000000008000451a (0x007664b3) or      s1, a2, t2
core   0: 1 0x000000008000451a (0x007664b3) x9  0x0000000000000948
core   0: 0x000000008000451e (0x42048d53) fcvt.d.s fs10, fs1
core   0: 1 0x000000008000451e (0x42048d53) f26 0x7ff8000000000000
core   0: 0x0000000080004522 (0x0a4cf8d3) fsub.d  fa7, fs9, ft4
core   0: 1 0x0000000080004522 (0x0a4cf8d3) f17 0x7ff8000000000000
core   0: 0x0000000080004526 (0x02152533) mulhsu  a0, a0, ra
core   0: 1 0x0000000080004526 (0x02152533) x10 0x0000000000000000
core   0: 0x000000008000452a (0x00102073) csrrs   zero, fflags, zero
core   0: 1 0x000000008000452a (0x00102073)
core   0: 0x000000008000452e (0x0136161b) slliw   a2, a2, 19
core   0: 1 0x000000008000452e (0x0136161b) x12 0x0000000000000000
core   0: 0x0000000080004532 (0x01b674b3) and     s1, a2, s11
core   0: 1 0x0000000080004532 (0x01b674b3) x9  0x0000000000000000
core   0: 0x0000000080004536 (0xb04d841b) addiw   s0, s11, -1276
core   0: 1 0x0000000080004536 (0xb04d841b) x8  0xfffffffffffffb04
core   0: 0x000000008000453a (0xc2347053) fcvt.lu.d zero, fs0
core   0: 1 0x000000008000453a (0xc2347053) c1_fflags 0x0000000000000011
core   0: 0x000000008000453e (0x005353b3) srl     t2, t1, t0
core   0: 1 0x000000008000453e (0x005353b3) x7  0x0000000000000000
core   0: 0x0000000080004542 (0x02d02833) mulhsu  a6, zero, a3
core   0: 1 0x0000000080004542 (0x02d02833) x16 0x0000000000000000
core   0: 0x0000000080004546 (0xd2000bd3) fcvt.d.w fs7, zero
core   0: 1 0x0000000080004546 (0xd2000bd3) f23 0x0000000000000000
core   0: 0x000000008000454a (0xf2068253) fmv.d.x ft4, a3
core   0: 1 0x000000008000454a (0xf2068253) f4  0x0000000000000000
core   0: 0x000000008000454e (0x5a07f653) fsqrt.d fa2, fa5
core   0: 1 0x000000008000454e (0x5a07f653) c1_fflags 0x0000000000000011 f12 0x40e545f9231018f7
core   0: 0x0000000080004552 (0x00241c73) csrrw   s8, frm, s0
core   0: 1 0x0000000080004552 (0x00241c73) x24 0x0000000000000003 c2_frm 0x0000000000000004
core   0: 0x0000000080004556 (0x03f29413) slli    s0, t0, 63
core   0: 1 0x0000000080004556 (0x03f29413) x8  0x8000000000000000
core   0: 0x000000008000455a (0x0ff0000f) fence   iorw,iorw
core   0: 1 0x000000008000455a (0x0ff0000f)
core   0: 0x000000008000455e (0xd03bf453) fcvt.s.lu fs0, s7
core   0: 1 0x000000008000455e (0xd03bf453) f8  0xffffffff45147000
core   0: 0x0000000080004562 (0x2a4405d3) fmin.d  fa1, fs0, ft4
core   0: 1 0x0000000080004562 (0x2a4405d3) f11 0x0000000000000000
core   0: 0x0000000080004566 (0x407107bb) subw    a5, sp, t2
core   0: 1 0x0000000080004566 (0x407107bb) x15 0x0000000000000000
core   0: 0x000000008000456a (0x00ec9733) sll     a4, s9, a4
core   0: 1 0x000000008000456a (0x00ec9733) x14 0x0000000000000011
core   0: 0x000000008000456e (0x225e82d3) fsgnj.d ft5, ft9, ft5
core   0: 1 0x000000008000456e (0x225e82d3) f5  0xfff8000000000000
core   0: 0x0000000080004572 (0x01892c33) slt     s8, s2, s8
core   0: 1 0x0000000080004572 (0x01892c33) x24 0x0000000000000001
core   0: 0x0000000080004576 (0xc20ef4d3) fcvt.w.d s1, ft9
core   0: 1 0x0000000080004576 (0xc20ef4d3) c1_fflags 0x0000000000000011 x9  0x000000007fffffff
core   0: 0x000000008000457a (0xc21af253) fcvt.wu.d tp, fs5
core   0: 1 0x000000008000457a (0xc21af253) c1_fflags 0x0000000000000011 x4  0xffffffffffffffff
core   0: 0x000000008000457e (0x0bd2fd53) fsub.d  fs10, ft5, ft9
core   0: 1 0x000000008000457e (0x0bd2fd53) f26 0x7ff8000000000000
core   0: 0x0000000080004582 (0x0034d69b) srliw   a3, s1, 3
core   0: 1 0x0000000080004582 (0x0034d69b) x13 0x000000000fffffff
core   0: 0x0000000080004586 (0x006813bb) sllw    t2, a6, t1
core   0: 1 0x0000000080004586 (0x006813bb) x7  0x0000000000000000
core   0: 0x000000008000458a (0xd03bf953) fcvt.s.lu fs2, s7
core   0: 1 0x000000008000458a (0xd03bf953) f18 0xffffffff45147000
core   0: 0x000000008000458e (0xf2653737) lui     a4, 0xf2653
core   0: 1 0x000000008000458e (0xf2653737) x14 0xfffffffff2653000
core   0: 0x0000000080004592 (0x41ba0eb3) sub     t4, s4, s11
core   0: 1 0x0000000080004592 (0x41ba0eb3) x29 0x0000000000000000
core   0: 0x0000000080004596 (0x4003599b) sraiw   s3, t1, 0
core   0: 1 0x0000000080004596 (0x4003599b) x19 0x0000000000000001
core   0: 0x000000008000459a (0x030352bb) divuw   t0, t1, a6
core   0: 1 0x000000008000459a (0x030352bb) x5  0xffffffffffffffff
core   0: 0x000000008000459e (0x42020253) fcvt.d.s ft4, ft4
core   0: 1 0x000000008000459e (0x42020253) f4  0x7ff8000000000000
core   0: 0x00000000800045a2 (0x4102da3b) sraw    s4, t0, a6
core   0: 1 0x00000000800045a2 (0x4102da3b) x20 0xffffffffffffffff
core   0: 0x00000000800045a6 (0x310115f3) csrrw   a1, mstatush, sp
core   0: exception trap_illegal_instruction, epc 0x00000000800045a6
core   0:           tval 0x00000000310115f3
core   0: >>>>  $xrv64i2p1_m2p0_a2p1_f2p2_d2p2_zicsr2p0_zifencei2p0_zmmul1p0_zba1p0_zbb1p0_zbc1p0_zbs1p0
core   0: 0x0000000080004000 (0x0080006f) j       pc + 0x8
core   0: 3 0x0000000080004000 (0x0080006f)
core   0: >>>>  mmode_exception_handler
core   0: 0x0000000080004008 (0x00002c17) auipc   s8, 0x2
core   0: 3 0x0000000080004008 (0x00002c17) x24 0x0000000080006008
core   0: 0x000000008000400c (0x00ec0c13) addi    s8, s8, 14
core   0: 3 0x000000008000400c (0x00ec0c13) x24 0x0000000080006016
core   0: 0x0000000080004010 (0x000c00e7) jalr    s8
core   0: 3 0x0000000080004010 (0x000c00e7) x1  0x0000000080004014
core   0: >>>>  any_handler
core   0: 0x0000000080006016 (0x341027f3) csrrs   a5, mepc, zero
core   0: 3 0x0000000080006016 (0x341027f3) x15 0x00000000800045a6
core   0: 0x000000008000601a (0x34202773) csrrs   a4, mcause, zero
core   0: 3 0x000000008000601a (0x34202773) x14 0x0000000000000002
core   0: 0x000000008000601e (0x142026f3) csrrs   a3, scause, zero
core   0: 3 0x000000008000601e (0x142026f3) x13 0x0000000000000001
core   0: 0x0000000080006022 (0x30402673) csrrs   a2, mie, zero
core   0: 3 0x0000000080006022 (0x30402673) x12 0x0000000000000a00
core   0: 0x0000000080006026 (0x344025f3) csrrs   a1, mip, zero
core   0: 3 0x0000000080006026 (0x344025f3) x11 0x0000000000000080
core   0: 0x000000008000602a (0x343025f3) csrrs   a1, mtval, zero
core   0: 3 0x000000008000602a (0x343025f3) x11 0x00000000310115f3
core   0: 0x000000008000602e (0x14302573) csrrs   a0, stval, zero
core   0: 3 0x000000008000602e (0x14302573) x10 0x0000000000000000
core   0: 0x0000000080006032 (0xb02024f3) csrrs   s1, minstret, zero
core   0: 3 0x0000000080006032 (0xb02024f3) x9  0x00000000000009a6
core   0: 0x0000000080006036 (0x0000a811) c.j     pc + 20
core   0: 3 0x0000000080006036 (0xa811)
core   0: >>>>  mepc_4
core   0: 0x000000008000604a (0x00000791) c.addi  a5, 4
core   0: 3 0x000000008000604a (0x0791) x15 0x00000000800045aa
core   0: 0x000000008000604c (0x34179073) csrrw   zero, mepc, a5
core   0: 3 0x000000008000604c (0x34179073) c833_mepc 0x00000000800045aa
core   0: 0x0000000080006050 (0x30200073) mret
core   0: 3 0x0000000080006050 (0x30200073) c768_mstatus 0x8000000a00106080
core   0: 0x00000000800045aa (0x024ff3d3) fadd.d  ft7, ft11, ft4
core   0: 1 0x00000000800045aa (0x024ff3d3) f7  0x7ff8000000000000
core   0: 0x00000000800045ae (0x4045523b) sraw    tp, a0, tp
core   0: 1 0x00000000800045ae (0x4045523b) x4  0x0000000000000000
core   0: 0x00000000800045b2 (0x024833b3) mulhu   t2, a6, tp
core   0: 1 0x00000000800045b2 (0x024833b3) x7  0x0000000000000000
core   0: 0x00000000800045b6 (0x0021133b) sllw    t1, sp, sp
core   0: 1 0x00000000800045b6 (0x0021133b) x6  0x0000000000000000
core   0: 0x00000000800045ba (0x400c5b1b) sraiw   s6, s8, 0
core   0: 1 0x00000000800045ba (0x400c5b1b) x22 0xffffffff80006016
core   0: 0x00000000800045be (0xc20972d3) fcvt.w.d t0, fs2
core   0: 1 0x00000000800045be (0xc20972d3) c1_fflags 0x0000000000000011 x5  0x000000007fffffff
core   0: 0x00000000800045c2 (0x5a0377d3) fsqrt.d fa5, ft6
core   0: 1 0x00000000800045c2 (0x5a0377d3) f15 0x0000000000000000
core   0: 0x00000000800045c6 (0x4017f953) fcvt.s.d fs2, fa5
core   0: 1 0x00000000800045c6 (0x4017f953) f18 0xffffffff00000000
core   0: 0x00000000800045ca (0x001595f3) csrrw   a1, fflags, a1
core   0: 1 0x00000000800045ca (0x001595f3) x11 0x0000000000000011 c1_fflags 0x0000000000000013
core   0: 0x00000000800045ce (0xe2068cd3) fmv.x.d s9, fa3
core   0: 1 0x00000000800045ce (0xe2068cd3) x25 0x7fffffff00000000
core   0: 0x00000000800045d2 (0xd03df853) fcvt.s.lu fa6, s11
core   0: 1 0x00000000800045d2 (0xd03df853) f16 0xffffffff00000000
core   0: 0x00000000800045d6 (0xf151a2f3) csrrs   t0, mconfigptr, gp
core   0: exception trap_illegal_instruction, epc 0x00000000800045d6
core   0:           tval 0x00000000f151a2f3
core   0: >>>>  $xrv64i2p1_m2p0_a2p1_f2p2_d2p2_zicsr2p0_zifencei2p0_zmmul1p0_zba1p0_zbb1p0_zbc1p0_zbs1p0
core   0: 0x0000000080004000 (0x0080006f) j       pc + 0x8
core   0: 3 0x0000000080004000 (0x0080006f)
core   0: >>>>  mmode_exception_handler
core   0: 0x0000000080004008 (0x00002c17) auipc   s8, 0x2
core   0: 3 0x0000000080004008 (0x00002c17) x24 0x0000000080006008
core   0: 0x000000008000400c (0x00ec0c13) addi    s8, s8, 14
core   0: 3 0x000000008000400c (0x00ec0c13) x24 0x0000000080006016
core   0: 0x0000000080004010 (0x000c00e7) jalr    s8
core   0: 3 0x0000000080004010 (0x000c00e7) x1  0x0000000080004014
core   0: >>>>  any_handler
core   0: 0x0000000080006016 (0x341027f3) csrrs   a5, mepc, zero
core   0: 3 0x0000000080006016 (0x341027f3) x15 0x00000000800045d6
core   0: 0x000000008000601a (0x34202773) csrrs   a4, mcause, zero
core   0: 3 0x000000008000601a (0x34202773) x14 0x0000000000000002
core   0: 0x000000008000601e (0x142026f3) csrrs   a3, scause, zero
core   0: 3 0x000000008000601e (0x142026f3) x13 0x0000000000000001
core   0: 0x0000000080006022 (0x30402673) csrrs   a2, mie, zero
core   0: 3 0x0000000080006022 (0x30402673) x12 0x0000000000000a00
core   0: 0x0000000080006026 (0x344025f3) csrrs   a1, mip, zero
core   0: 3 0x0000000080006026 (0x344025f3) x11 0x0000000000000080
core   0: 0x000000008000602a (0x343025f3) csrrs   a1, mtval, zero
core   0: 3 0x000000008000602a (0x343025f3) x11 0x00000000f151a2f3
core   0: 0x000000008000602e (0x14302573) csrrs   a0, stval, zero
core   0: 3 0x000000008000602e (0x14302573) x10 0x0000000000000000
core   0: 0x0000000080006032 (0xb02024f3) csrrs   s1, minstret, zero
core   0: 3 0x0000000080006032 (0xb02024f3) x9  0x00000000000009c1
core   0: 0x0000000080006036 (0x0000a811) c.j     pc + 20
core   0: 3 0x0000000080006036 (0xa811)
core   0: >>>>  mepc_4
core   0: 0x000000008000604a (0x00000791) c.addi  a5, 4
core   0: 3 0x000000008000604a (0x0791) x15 0x00000000800045da
core   0: 0x000000008000604c (0x34179073) csrrw   zero, mepc, a5
core   0: 3 0x000000008000604c (0x34179073) c833_mepc 0x00000000800045da
core   0: 0x0000000080006050 (0x30200073) mret
core   0: 3 0x0000000080006050 (0x30200073) c768_mstatus 0x8000000a00106080
core   0: 0x00000000800045da (0xc32c7347) fmsub.d ft6, fs8, fs2, fs8
core   0: 1 0x00000000800045da (0xc32c7347) f6  0x7ff8000000000000
core   0: 0x00000000800045de (0x800d0a93) addi    s5, s10, -2048
core   0: 1 0x00000000800045de (0x800d0a93) x21 0x0000000000000000
core   0: 0x00000000800045e2 (0x0391f1bb) remuw   gp, gp, s9
core   0: 1 0x00000000800045e2 (0x0391f1bb) x3  0xffffffffffffffff
core   0: 0x00000000800045e6 (0x03436b3b) remw    s6, t1, s4
core   0: 1 0x00000000800045e6 (0x03436b3b) x22 0x0000000000000000
core   0: 0x00000000800045ea (0xd2030ad3) fcvt.d.w fs5, t1
core   0: 1 0x00000000800045ea (0xd2030ad3) f21 0x0000000000000000
core   0: 0x00000000800045ee (0xc33f73cf) fnmadd.d ft7, ft10, fs3, fs8
core   0: 1 0x00000000800045ee (0xc33f73cf) f7  0x7ff8000000000000
core   0: 0x00000000800045f2 (0x420f0253) fcvt.d.s ft4, ft10
core   0: 1 0x00000000800045f2 (0x420f0253) f4  0x7ff8000000000000
core   0: 0x00000000800045f6 (0x00908233) add     tp, ra, s1
core   0: 1 0x00000000800045f6 (0x00908233) x4  0x00000000800049d5
core   0: 0x00000000800045fa (0xff1e9a37) lui     s4, 0xff1e9
core   0: 1 0x00000000800045fa (0xff1e9a37) x20 0xffffffffff1e9000
core   0: 0x00000000800045fe (0xbfba0a1b) addiw   s4, s4, -1029
core   0: 1 0x00000000800045fe (0xbfba0a1b) x20 0xffffffffff1e8bfb
core   0: 0x0000000080004602 (0x00000a32) c.slli  s4, 12
core   0: 1 0x0000000080004602 (0x0a32) x20 0xfffffff1e8bfb000
core   0: 0x0000000080004604 (0x5d9a0a13) addi    s4, s4, 1497
core   0: 1 0x0000000080004604 (0x5d9a0a13) x20 0xfffffff1e8bfb5d9
core   0: 0x0000000080004608 (0x03081db3) mulh    s11, a6, a6
core   0: 1 0x0000000080004608 (0x03081db3) x27 0x0000000000000000
core   0: 0x000000008000460c (0x73b5859b) addiw   a1, a1, 1851
core   0: 1 0x000000008000460c (0x73b5859b) x11 0xfffffffff151aa2e
core   0: 0x0000000080004610 (0x3065cb13) xori    s6, a1, 774
core   0: 1 0x0000000080004610 (0x3065cb13) x22 0xfffffffff151a928
core   0: 0x0000000080004614 (0x141052f3) csrrwi  t0, sepc, 0
core   0: 1 0x0000000080004614 (0x141052f3) x5  0x0000000000000000 c321_sepc 0x0000000000000000
core   0: 0x0000000080004618 (0x0022d433) srl     s0, t0, sp
core   0: 1 0x0000000080004618 (0x0022d433) x8  0x0000000000000000
core   0: 0x000000008000461c (0x4fb20a97) auipc   s5, 0x4fb20
core   0: 1 0x000000008000461c (0x4fb20a97) x21 0x00000000cfb2461c
core   0: 0x0000000080004620 (0x238e0353) fsgnj.d ft6, ft8, fs8
core   0: 1 0x0000000080004620 (0x238e0353) f6  0xffffffff00000000
core   0: 0x0000000080004624 (0x7ef8d337) lui     t1, 0x7ef8d
core   0: 1 0x0000000080004624 (0x7ef8d337) x6  0x000000007ef8d000
core   0: 0x0000000080004628 (0x2305ab53) fsgnjx.d fs6, fa1, fa6
core   0: 1 0x0000000080004628 (0x2305ab53) f22 0x8000000000000000
core   0: 0x000000008000462c (0x0032debb) srlw    t4, t0, gp
core   0: 1 0x000000008000462c (0x0032debb) x29 0x0000000000000000
core   0: 0x0000000080004630 (0x00000001) c.nop
core   0: 1 0x0000000080004630 (0x0001)
core   0: 0x0000000080004632 (0x411d073b) subw    a4, s10, a7
core   0: 1 0x0000000080004632 (0x411d073b) x14 0x0000000000001000
core   0: 0x0000000080004636 (0x00109493) slli    s1, ra, 1
core   0: 1 0x0000000080004636 (0x00109493) x9  0x0000000100008028
core   0: 0x000000008000463a (0x016e6a33) or      s4, t3, s6
core   0: 1 0x000000008000463a (0x016e6a33) x20 0xfffffffff151a928
core   0: 0x000000008000463e (0xaba6a713) slti    a4, a3, -1350
core   0: 1 0x000000008000463e (0xaba6a713) x14 0x0000000000000000
core   0: 0x0000000080004642 (0x01776bb3) or      s7, a4, s7
core   0: 1 0x0000000080004642 (0x01776bb3) x23 0x0000000000000947
core   0: 0x0000000080004646 (0x7ff8f213) andi    tp, a7, 2047
core   0: 1 0x0000000080004646 (0x7ff8f213) x4  0x0000000000000000
core   0: 0x000000008000464a (0xab5aed17) auipc   s10, 0xab5ae
core   0: 1 0x000000008000464a (0xab5aed17) x26 0x000000002b5b264a
core   0: 0x000000008000464e (0x34065bf3) csrrwi  s7, mscratch, 12
core   0: exception trap_illegal_instruction, epc 0x000000008000464e
core   0:           tval 0x0000000034065bf3
core   0: >>>>  $xrv64i2p1_m2p0_a2p1_f2p2_d2p2_zicsr2p0_zifencei2p0_zmmul1p0_zba1p0_zbb1p0_zbc1p0_zbs1p0
core   0: 0x0000000080004000 (0x0080006f) j       pc + 0x8
core   0: 3 0x0000000080004000 (0x0080006f)
core   0: >>>>  mmode_exception_handler
core   0: 0x0000000080004008 (0x00002c17) auipc   s8, 0x2
core   0: 3 0x0000000080004008 (0x00002c17) x24 0x0000000080006008
core   0: 0x000000008000400c (0x00ec0c13) addi    s8, s8, 14
core   0: 3 0x000000008000400c (0x00ec0c13) x24 0x0000000080006016
core   0: 0x0000000080004010 (0x000c00e7) jalr    s8
core   0: 3 0x0000000080004010 (0x000c00e7) x1  0x0000000080004014
core   0: >>>>  any_handler
core   0: 0x0000000080006016 (0x341027f3) csrrs   a5, mepc, zero
core   0: 3 0x0000000080006016 (0x341027f3) x15 0x000000008000464e
core   0: 0x000000008000601a (0x34202773) csrrs   a4, mcause, zero
core   0: 3 0x000000008000601a (0x34202773) x14 0x0000000000000002
core   0: 0x000000008000601e (0x142026f3) csrrs   a3, scause, zero
core   0: 3 0x000000008000601e (0x142026f3) x13 0x0000000000000001
core   0: 0x0000000080006022 (0x30402673) csrrs   a2, mie, zero
core   0: 3 0x0000000080006022 (0x30402673) x12 0x0000000000000a00
core   0: 0x0000000080006026 (0x344025f3) csrrs   a1, mip, zero
core   0: 3 0x0000000080006026 (0x344025f3) x11 0x0000000000000080
core   0: 0x000000008000602a (0x343025f3) csrrs   a1, mtval, zero
core   0: 3 0x000000008000602a (0x343025f3) x11 0x0000000034065bf3
core   0: 0x000000008000602e (0x14302573) csrrs   a0, stval, zero
core   0: 3 0x000000008000602e (0x14302573) x10 0x0000000000000000
core   0: 0x0000000080006032 (0xb02024f3) csrrs   s1, minstret, zero
core   0: 3 0x0000000080006032 (0xb02024f3) x9  0x00000000000009ef
core   0: 0x0000000080006036 (0x0000a811) c.j     pc + 20
core   0: 3 0x0000000080006036 (0xa811)
core   0: >>>>  mepc_4
core   0: 0x000000008000604a (0x00000791) c.addi  a5, 4
core   0: 3 0x000000008000604a (0x0791) x15 0x0000000080004652
core   0: 0x000000008000604c (0x34179073) csrrw   zero, mepc, a5
core   0: 3 0x000000008000604c (0x34179073) c833_mepc 0x0000000080004652
core   0: 0x0000000080006050 (0x30200073) mret
core   0: 3 0x0000000080006050 (0x30200073) c768_mstatus 0x8000000a00106080
core   0: 0x0000000080004652 (0x00059993) slli    s3, a1, 0
core   0: 1 0x0000000080004652 (0x00059993) x19 0x0000000034065bf3
core   0: 0x0000000080004656 (0x030d9b93) slli    s7, s11, 48
core   0: 1 0x0000000080004656 (0x030d9b93) x23 0x0000000000000000
core   0: 0x000000008000465a (0x14091ef3) csrrw   t4, sscratch, s2
core   0: 1 0x000000008000465a (0x14091ef3) x29 0x0000000000000000 c320_sscratch 0x0000000000000000
core   0: 0x000000008000465e (0xd2190d53) fcvt.d.wu fs10, s2
core   0: 1 0x000000008000465e (0xd2190d53) f26 0x0000000000000000
core   0: 0x0000000080004662 (0xb1a48193) addi    gp, s1, -1254
core   0: 1 0x0000000080004662 (0xb1a48193) x3  0x0000000000000509
core   0: 0x0000000080004666 (0x410b01bb) subw    gp, s6, a6
core   0: 1 0x0000000080004666 (0x410b01bb) x3  0xfffffffff151a928
core   0: 0x000000008000466a (0x1b097353) fdiv.d  ft6, fs2, fa6
core   0: 1 0x000000008000466a (0x1b097353) f6  0x7ff8000000000000
core   0: 0x000000008000466e (0x00000001) c.nop
core   0: 1 0x000000008000466e (0x0001)
core   0: 0x0000000080004670 (0x0135d133) srl     sp, a1, s3
core   0: 1 0x0000000080004670 (0x0135d133) x2  0x0000000000000000
core   0: 0x0000000080004674 (0x1b2d7853) fdiv.d  fa6, fs10, fs2
core   0: 1 0x0000000080004674 (0x1b2d7853) f16 0x7ff8000000000000
core   0: 0x0000000080004678 (0x01ce0e3b) addw    t3, t3, t3
core   0: 1 0x0000000080004678 (0x01ce0e3b) x28 0x0000000000000000
core   0: 0x000000008000467c (0xd21e0ed3) fcvt.d.wu ft9, t3
core   0: 1 0x000000008000467c (0xd21e0ed3) f29 0x0000000000000000
core   0: 0x0000000080004680 (0x400455b3) sra     a1, s0, zero
core   0: 1 0x0000000080004680 (0x400455b3) x11 0x0000000000000000
core   0: 0x0000000080004684 (0xc03026f3) csrrs   a3, hpmcounter3, zero
core   0: exception trap_illegal_instruction, epc 0x0000000080004684
core   0:           tval 0x00000000c03026f3
core   0: >>>>  $xrv64i2p1_m2p0_a2p1_f2p2_d2p2_zicsr2p0_zifencei2p0_zmmul1p0_zba1p0_zbb1p0_zbc1p0_zbs1p0
core   0: 0x0000000080004000 (0x0080006f) j       pc + 0x8
core   0: 3 0x0000000080004000 (0x0080006f)
core   0: >>>>  mmode_exception_handler
core   0: 0x0000000080004008 (0x00002c17) auipc   s8, 0x2
core   0: 3 0x0000000080004008 (0x00002c17) x24 0x0000000080006008
core   0: 0x000000008000400c (0x00ec0c13) addi    s8, s8, 14
core   0: 3 0x000000008000400c (0x00ec0c13) x24 0x0000000080006016
core   0: 0x0000000080004010 (0x000c00e7) jalr    s8
core   0: 3 0x0000000080004010 (0x000c00e7) x1  0x0000000080004014
core   0: >>>>  any_handler
core   0: 0x0000000080006016 (0x341027f3) csrrs   a5, mepc, zero
core   0: 3 0x0000000080006016 (0x341027f3) x15 0x0000000080004684
core   0: 0x000000008000601a (0x34202773) csrrs   a4, mcause, zero
core   0: 3 0x000000008000601a (0x34202773) x14 0x0000000000000002
core   0: 0x000000008000601e (0x142026f3) csrrs   a3, scause, zero
core   0: 3 0x000000008000601e (0x142026f3) x13 0x0000000000000001
core   0: 0x0000000080006022 (0x30402673) csrrs   a2, mie, zero
core   0: 3 0x0000000080006022 (0x30402673) x12 0x0000000000000a00
core   0: 0x0000000080006026 (0x344025f3) csrrs   a1, mip, zero
core   0: 3 0x0000000080006026 (0x344025f3) x11 0x0000000000000080
core   0: 0x000000008000602a (0x343025f3) csrrs   a1, mtval, zero
core   0: 3 0x000000008000602a (0x343025f3) x11 0x00000000c03026f3
core   0: 0x000000008000602e (0x14302573) csrrs   a0, stval, zero
core   0: 3 0x000000008000602e (0x14302573) x10 0x0000000000000000
core   0: 0x0000000080006032 (0xb02024f3) csrrs   s1, minstret, zero
core   0: 3 0x0000000080006032 (0xb02024f3) x9  0x0000000000000a0c
core   0: 0x0000000080006036 (0x0000a811) c.j     pc + 20
core   0: 3 0x0000000080006036 (0xa811)
core   0: >>>>  mepc_4
core   0: 0x000000008000604a (0x00000791) c.addi  a5, 4
core   0: 3 0x000000008000604a (0x0791) x15 0x0000000080004688
core   0: 0x000000008000604c (0x34179073) csrrw   zero, mepc, a5
core   0: 3 0x000000008000604c (0x34179073) c833_mepc 0x0000000080004688
core   0: 0x0000000080006050 (0x30200073) mret
core   0: 3 0x0000000080006050 (0x30200073) c768_mstatus 0x8000000a00106080
core   0: 0x0000000080004688 (0x00f01e1b) slliw   t3, zero, 15
core   0: 1 0x0000000080004688 (0x00f01e1b) x28 0x0000000000000000
core   0: 0x000000008000468c (0x5a0af2d3) fsqrt.d ft5, fs5
core   0: 1 0x000000008000468c (0x5a0af2d3) f5  0x0000000000000000
core   0: 0x0000000080004690 (0x401c7c53) fcvt.s.d fs8, fs8
core   0: 1 0x0000000080004690 (0x401c7c53) f24 0xffffffff7fc00000
core   0: 0x0000000080004694 (0x4306d793) srai    a5, a3, 48
core   0: 1 0x0000000080004694 (0x4306d793) x15 0x0000000000000000
core   0: 0x0000000080004698 (0x42018d53) fcvt.d.s fs10, ft3
core   0: 1 0x0000000080004698 (0x42018d53) f26 0x7ff8000000000000
core   0: 0x000000008000469c (0x4086843b) subw    s0, a3, s0
core   0: 1 0x000000008000469c (0x4086843b) x8  0x0000000000000001
core   0: 0x00000000800046a0 (0x02fbcbbb) divw    s7, s7, a5
core   0: 1 0x00000000800046a0 (0x02fbcbbb) x23 0xffffffffffffffff
core   0: 0x00000000800046a4 (0x4019f553) fcvt.s.d fa0, fs3
core   0: 1 0x00000000800046a4 (0x4019f553) f10 0xffffffff7fc00000
core   0: 0x00000000800046a8 (0x03dff2d3) fadd.d  ft5, ft11, ft9
core   0: 1 0x00000000800046a8 (0x03dff2d3) f5  0x0000000000000000
core   0: 0x00000000800046ac (0x1b8477d3) fdiv.d  fa5, fs0, fs8
core   0: 1 0x00000000800046ac (0x1b8477d3) f15 0x7ff8000000000000
core   0: 0x00000000800046b0 (0x02f263b3) rem     t2, tp, a5
core   0: 1 0x00000000800046b0 (0x02f263b3) x7  0x0000000000000000
core   0: 0x00000000800046b4 (0x4181d69b) sraiw   a3, gp, 24
core   0: 1 0x00000000800046b4 (0x4181d69b) x13 0xfffffffffffffff1
core   0: 0x00000000800046b8 (0x0260653b) remw    a0, zero, t1
core   0: 1 0x00000000800046b8 (0x0260653b) x10 0x0000000000000000
core   0: 0x00000000800046bc (0x123cf8d3) fmul.d  fa7, fs9, ft3
core   0: 1 0x00000000800046bc (0x123cf8d3) f17 0x7ff8000000000000
core   0: 0x00000000800046c0 (0xc22e7c53) fcvt.l.d s8, ft8
core   0: 1 0x00000000800046c0 (0xc22e7c53) c1_fflags 0x0000000000000013 x24 0x7fffffffffffffff
core   0: 0x00000000800046c4 (0xf11e7473) csrrci  s0, mvendorid, 28
core   0: exception trap_illegal_instruction, epc 0x00000000800046c4
core   0:           tval 0x00000000f11e7473
core   0: >>>>  $xrv64i2p1_m2p0_a2p1_f2p2_d2p2_zicsr2p0_zifencei2p0_zmmul1p0_zba1p0_zbb1p0_zbc1p0_zbs1p0
core   0: 0x0000000080004000 (0x0080006f) j       pc + 0x8
core   0: 3 0x0000000080004000 (0x0080006f)
core   0: >>>>  mmode_exception_handler
core   0: 0x0000000080004008 (0x00002c17) auipc   s8, 0x2
core   0: 3 0x0000000080004008 (0x00002c17) x24 0x0000000080006008
core   0: 0x000000008000400c (0x00ec0c13) addi    s8, s8, 14
core   0: 3 0x000000008000400c (0x00ec0c13) x24 0x0000000080006016
core   0: 0x0000000080004010 (0x000c00e7) jalr    s8
core   0: 3 0x0000000080004010 (0x000c00e7) x1  0x0000000080004014
core   0: >>>>  any_handler
core   0: 0x0000000080006016 (0x341027f3) csrrs   a5, mepc, zero
core   0: 3 0x0000000080006016 (0x341027f3) x15 0x00000000800046c4
core   0: 0x000000008000601a (0x34202773) csrrs   a4, mcause, zero
core   0: 3 0x000000008000601a (0x34202773) x14 0x0000000000000002
core   0: 0x000000008000601e (0x142026f3) csrrs   a3, scause, zero
core   0: 3 0x000000008000601e (0x142026f3) x13 0x0000000000000001
core   0: 0x0000000080006022 (0x30402673) csrrs   a2, mie, zero
core   0: 3 0x0000000080006022 (0x30402673) x12 0x0000000000000a00
core   0: 0x0000000080006026 (0x344025f3) csrrs   a1, mip, zero
core   0: 3 0x0000000080006026 (0x344025f3) x11 0x0000000000000080
core   0: 0x000000008000602a (0x343025f3) csrrs   a1, mtval, zero
core   0: 3 0x000000008000602a (0x343025f3) x11 0x00000000f11e7473
core   0: 0x000000008000602e (0x14302573) csrrs   a0, stval, zero
core   0: 3 0x000000008000602e (0x14302573) x10 0x0000000000000000
core   0: 0x0000000080006032 (0xb02024f3) csrrs   s1, minstret, zero
core   0: 3 0x0000000080006032 (0xb02024f3) x9  0x0000000000000a2b
core   0: 0x0000000080006036 (0x0000a811) c.j     pc + 20
core   0: 3 0x0000000080006036 (0xa811)
core   0: >>>>  mepc_4
core   0: 0x000000008000604a (0x00000791) c.addi  a5, 4
core   0: 3 0x000000008000604a (0x0791) x15 0x00000000800046c8
core   0: 0x000000008000604c (0x34179073) csrrw   zero, mepc, a5
core   0: 3 0x000000008000604c (0x34179073) c833_mepc 0x00000000800046c8
core   0: 0x0000000080006050 (0x30200073) mret
core   0: 3 0x0000000080006050 (0x30200073) c768_mstatus 0x8000000a00106080
core   0: 0x00000000800046c8 (0x8008c613) xori    a2, a7, -2048
core   0: 1 0x00000000800046c8 (0x8008c613) x12 0x0000000000000000
core   0: 0x00000000800046cc (0xc204f9d3) fcvt.w.d s3, fs1
core   0: 1 0x00000000800046cc (0xc204f9d3) c1_fflags 0x0000000000000013 x19 0x000000007fffffff
core   0: 0x00000000800046d0 (0x00ec8c33) add     s8, s9, a4
core   0: 1 0x00000000800046d0 (0x00ec8c33) x24 0x7fffffff00000002
core   0: 0x00000000800046d4 (0xc234fd53) fcvt.lu.d s10, fs1
core   0: 1 0x00000000800046d4 (0xc234fd53) c1_fflags 0x0000000000000013 x26 0xffffffffffffffff
core   0: 0x00000000800046d8 (0x0011c0b3) xor     ra, gp, ra
core   0: 1 0x00000000800046d8 (0x0011c0b3) x1  0xffffffff7151e93c
core   0: 0x00000000800046dc (0x0ff0000f) fence   iorw,iorw
core   0: 1 0x00000000800046dc (0x0ff0000f)
core   0: 0x00000000800046e0 (0x01156333) or      t1, a0, a7
core   0: 1 0x00000000800046e0 (0x01156333) x6  0xfffffffffffff800
core   0: 0x00000000800046e4 (0x23c282d3) fsgnj.d ft5, ft5, ft8
core   0: 1 0x00000000800046e4 (0x23c282d3) f5  0x8000000000000000
core   0: 0x00000000800046e8 (0x006056b3) srl     a3, zero, t1
core   0: 1 0x00000000800046e8 (0x006056b3) x13 0x0000000000000000
core   0: 0x00000000800046ec (0x0017579b) srliw   a5, a4, 1
core   0: 1 0x00000000800046ec (0x0017579b) x15 0x0000000000000001
core   0: 0x00000000800046f0 (0xd2237653) fcvt.d.l fa2, t1
core   0: 1 0x00000000800046f0 (0xd2237653) f12 0xc0a0000000000000
core   0: 0x00000000800046f4 (0x40e7523b) sraw    tp, a4, a4
core   0: 1 0x00000000800046f4 (0x40e7523b) x4  0x0000000000000000
core   0: 0x00000000800046f8 (0x80027d93) andi    s11, tp, -2048
core   0: 1 0x00000000800046f8 (0x80027d93) x27 0x0000000000000000
core   0: 0x00000000800046fc (0x0202a0b3) mulhsu  ra, t0, zero
core   0: 1 0x00000000800046fc (0x0202a0b3) x1  0x0000000000000000
core   0: 0x0000000080004700 (0xb29dff4f) fnmadd.d ft10, fs11, fs1, fs6
core   0: 1 0x0000000080004700 (0xb29dff4f) f30 0x7ff8000000000000
core   0: 0x0000000080004704 (0xf4a56017) auipc   zero, 0xf4a56
core   0: 1 0x0000000080004704 (0xf4a56017)
core   0: 0x0000000080004708 (0x22390d53) fsgnj.d fs10, fs2, ft3
core   0: 1 0x0000000080004708 (0x22390d53) f26 0x7fffffff00000000
core   0: 0x000000008000470c (0x01725733) srl     a4, tp, s7
core   0: 1 0x000000008000470c (0x01725733) x14 0x0000000000000000
core   0: 0x0000000080004710 (0x00000001) c.nop
core   0: 1 0x0000000080004710 (0x0001)
core   0: 0x0000000080004712 (0xd0327c53) fcvt.s.lu fs8, tp
core   0: 1 0x0000000080004712 (0xd0327c53) f24 0xffffffff00000000
core   0: 0x0000000080004716 (0x00000001) c.nop
core   0: 1 0x0000000080004716 (0x0001)
core   0: 0x0000000080004718 (0x41865c33) sra     s8, a2, s8
core   0: 1 0x0000000080004718 (0x41865c33) x24 0x0000000000000000
core   0: 0x000000008000471c (0x4009da1b) sraiw   s4, s3, 0
core   0: 1 0x000000008000471c (0x4009da1b) x20 0x000000007fffffff
core   0: 0x0000000080004720 (0xc208f8d3) fcvt.w.d a7, fa7
core   0: 1 0x0000000080004720 (0xc208f8d3) c1_fflags 0x0000000000000013 x17 0x000000007fffffff
core   0: 0x0000000080004724 (0x001cde9b) srliw   t4, s9, 1
core   0: 1 0x0000000080004724 (0x001cde9b) x29 0x0000000000000000
core   0: 0x0000000080004728 (0x00000001) c.nop
core   0: 1 0x0000000080004728 (0x0001)
core   0: 0x000000008000472a (0x00281b73) csrrw   s6, frm, a6
core   0: 1 0x000000008000472a (0x00281b73) x22 0x0000000000000004 c2_frm 0x0000000000000000
core   0: 0x000000008000472e (0xd23d71d3) fcvt.d.lu ft3, s10
core   0: 1 0x000000008000472e (0xd23d71d3) c1_fflags 0x0000000000000013 f3  0x43f0000000000000
core   0: 0x0000000080004732 (0x4179063b) subw    a2, s2, s7
core   0: 1 0x0000000080004732 (0x4179063b) x12 0x0000000000000001
core   0: 0x0000000080004736 (0x01c26d33) or      s10, tp, t3
core   0: 1 0x0000000080004736 (0x01c26d33) x26 0x0000000000000000
core   0: 0x000000008000473a (0x928e3497) auipc   s1, 0x928e3
core   0: 1 0x000000008000473a (0x928e3497) x9  0x00000000128e773a
core   0: 0x000000008000473e (0x2348aa53) fsgnjx.d fs4, fa7, fs4
core   0: 1 0x000000008000473e (0x2348aa53) f20 0x7ff8000000000000
core   0: 0x0000000080004742 (0x00129113) slli    sp, t0, 1
core   0: 1 0x0000000080004742 (0x00129113) x2  0x0000000000000000
core   0: 0x0000000080004746 (0x01752533) slt     a0, a0, s7
core   0: 1 0x0000000080004746 (0x01752533) x10 0x0000000000000000
core   0: 0x000000008000474a (0x00d4113b) sllw    sp, s0, a3
core   0: 1 0x000000008000474a (0x00d4113b) x2  0x0000000000000001
core   0: 0x000000008000474e (0xfd69f9b7) lui     s3, 0xfd69f
core   0: 1 0x000000008000474e (0xfd69f9b7) x19 0xfffffffffd69f000
core   0: 0x0000000080004752 (0xab59899b) addiw   s3, s3, -1355
core   0: 1 0x0000000080004752 (0xab59899b) x19 0xfffffffffd69eab5
core   0: 0x0000000080004756 (0x000009b2) c.slli  s3, 12
core   0: 1 0x0000000080004756 (0x09b2) x19 0xffffffd69eab5000
core   0: 0x0000000080004758 (0x78198993) addi    s3, s3, 1921
core   0: 1 0x0000000080004758 (0x78198993) x19 0xffffffd69eab5781
core   0: 0x000000008000475c (0x41320cbb) subw    s9, tp, s3
core   0: 1 0x000000008000475c (0x41320cbb) x25 0x000000006154a87f
core   0: 0x0000000080004760 (0x00102873) csrrs   a6, fflags, zero
core   0: 1 0x0000000080004760 (0x00102873) x16 0x0000000000000013
core   0: 0x0000000080004764 (0x00dae9b3) or      s3, s5, a3
core   0: 1 0x0000000080004764 (0x00dae9b3) x19 0x00000000cfb2461c
core   0: 0x0000000080004768 (0x0007d693) srli    a3, a5, 0
core   0: 1 0x0000000080004768 (0x0007d693) x13 0x0000000000000001
core   0: 0x000000008000476c (0x0005f213) andi    tp, a1, 0
core   0: 1 0x000000008000476c (0x0005f213) x4  0x0000000000000000
core   0: 0x0000000080004770 (0x5a08fed3) fsqrt.d ft9, fa7
core   0: 1 0x0000000080004770 (0x5a08fed3) f29 0x7ff8000000000000
core   0: 0x0000000080004774 (0x001022f3) csrrs   t0, fflags, zero
core   0: 1 0x0000000080004774 (0x001022f3) x5  0x0000000000000013
core   0: 0x0000000080004778 (0x18eec413) xori    s0, t4, 398
core   0: 1 0x0000000080004778 (0x18eec413) x8  0x000000000000018e
core   0: 0x000000008000477c (0xa2494213) xori    tp, s2, -1500
core   0: 1 0x000000008000477c (0xa2494213) x4  0xfffffffffffffa24
core   0: 0x0000000080004780 (0xc20978d3) fcvt.w.d a7, fs2
core   0: 1 0x0000000080004780 (0xc20978d3) c1_fflags 0x0000000000000013 x17 0x000000007fffffff
core   0: 0x0000000080004784 (0x00189ef3) csrrw   t4, fflags, a7
core   0: 1 0x0000000080004784 (0x00189ef3) x29 0x0000000000000013 c1_fflags 0x000000000000001f
core   0: 0x0000000080004788 (0x005b17bb) sllw    a5, s6, t0
core   0: 1 0x0000000080004788 (0x005b17bb) x15 0x0000000000200000
core   0: 0x000000008000478c (0x1b47f7d3) fdiv.d  fa5, fa5, fs4
core   0: 1 0x000000008000478c (0x1b47f7d3) f15 0x7ff8000000000000
core   0: 0x0000000080004790 (0x01ea151b) slliw   a0, s4, 30
core   0: 1 0x0000000080004790 (0x01ea151b) x10 0xffffffffc0000000
core   0: 0x0000000080004794 (0xa24df74b) fnmsub.d fa4, fs11, ft4, fs4
core   0: 1 0x0000000080004794 (0xa24df74b) f14 0x7ff8000000000000
core   0: 0x0000000080004798 (0x40025893) srai    a7, tp, 0
core   0: 1 0x0000000080004798 (0x40025893) x17 0xfffffffffffffa24
core   0: 0x000000008000479c (0x00211ef3) csrrw   t4, frm, sp
core   0: 1 0x000000008000479c (0x00211ef3) x29 0x0000000000000000 c2_frm 0x0000000000000001
core   0: 0x00000000800047a0 (0xc2257b53) fcvt.l.d s6, fa0
core   0: 1 0x00000000800047a0 (0xc2257b53) c1_fflags 0x000000000000001f x22 0x7fffffffffffffff
core   0: 0x00000000800047a4 (0x00000001) c.nop
core   0: 1 0x00000000800047a4 (0x0001)
core   0: 0x00000000800047a6 (0x005a2ab3) slt     s5, s4, t0
core   0: 1 0x00000000800047a6 (0x005a2ab3) x21 0x0000000000000000
core   0: 0x00000000800047aa (0x41ab063b) subw    a2, s6, s10
core   0: 1 0x00000000800047aa (0x41ab063b) x12 0xffffffffffffffff
core   0: 0x00000000800047ae (0x40147353) fcvt.s.d ft6, fs0
core   0: 1 0x00000000800047ae (0x40147353) f6  0xffffffff7fc00000
core   0: 0x00000000800047b2 (0x231518d3) fsgnjn.d fa7, fa0, fa7
core   0: 1 0x00000000800047b2 (0x231518d3) f17 0xffffffff7fc00000
core   0: 0x00000000800047b6 (0x037adbb3) divu    s7, s5, s7
core   0: 1 0x00000000800047b6 (0x037adbb3) x23 0x0000000000000000
core   0: 0x00000000800047ba (0xfebd53b7) lui     t2, 0xfebd5
core   0: 1 0x00000000800047ba (0xfebd53b7) x7  0xfffffffffebd5000
core   0: 0x00000000800047be (0xbc13839b) addiw   t2, t2, -1087
core   0: 1 0x00000000800047be (0xbc13839b) x7  0xfffffffffebd4bc1
core   0: 0x00000000800047c2 (0x000003b2) c.slli  t2, 12
core   0: 1 0x00000000800047c2 (0x03b2) x7  0xffffffebd4bc1000
core   0: 0x00000000800047c4 (0xb2138393) addi    t2, t2, -1247
core   0: 1 0x00000000800047c4 (0xb2138393) x7  0xffffffebd4bc0b21
core   0: 0x00000000800047c8 (0x00f7dbbb) srlw    s7, a5, a5
core   0: 1 0x00000000800047c8 (0x00f7dbbb) x23 0x0000000000200000
core   0: 0x00000000800047cc (0x22b8aa53) fsgnjx.d fs4, fa7, fa1
core   0: 1 0x00000000800047cc (0x22b8aa53) f20 0xffffffff7fc00000
core   0: 0x00000000800047d0 (0x400dd31b) sraiw   t1, s11, 0
core   0: 1 0x00000000800047d0 (0x400dd31b) x6  0x0000000000000000
core   0: 0x00000000800047d4 (0x037c47bb) divw    a5, s8, s7
core   0: 1 0x00000000800047d4 (0x037c47bb) x15 0x0000000000000000
core   0: 0x00000000800047d8 (0x0ff0000f) fence   iorw,iorw
core   0: 1 0x00000000800047d8 (0x0ff0000f)
core   0: 0x00000000800047dc (0x00007e33) and     t3, zero, zero
core   0: 1 0x00000000800047dc (0x00007e33) x28 0x0000000000000000
core   0: 0x00000000800047e0 (0x412c0ab3) sub     s5, s8, s2
core   0: 1 0x00000000800047e0 (0x412c0ab3) x21 0x0000000000000000
core   0: 0x00000000800047e4 (0x00cad63b) srlw    a2, s5, a2
core   0: 1 0x00000000800047e4 (0x00cad63b) x12 0x0000000000000000
core   0: 0x00000000800047e8 (0x03c61b93) slli    s7, a2, 60
core   0: 1 0x00000000800047e8 (0x03c61b93) x23 0x0000000000000000
core   0: 0x00000000800047ec (0x40ebdcb3) sra     s9, s7, a4
core   0: 1 0x00000000800047ec (0x40ebdcb3) x25 0x0000000000000000
core   0: 0x00000000800047f0 (0xee660e13) addi    t3, a2, -282
core   0: 1 0x00000000800047f0 (0xee660e13) x28 0xfffffffffffffee6
core   0: 0x00000000800047f4 (0x01ee5513) srli    a0, t3, 30
core   0: 1 0x00000000800047f4 (0x01ee5513) x10 0x00000003ffffffff
core   0: 0x00000000800047f8 (0x00000001) c.nop
core   0: 1 0x00000000800047f8 (0x0001)
core   0: 0x00000000800047fa (0xa24a73c7) fmsub.d ft7, fs4, ft4, fs4
core   0: 1 0x00000000800047fa (0xa24a73c7) f7  0x7ff8000000000000
core   0: 0x00000000800047fe (0x0007d793) srli    a5, a5, 0
core   0: 1 0x00000000800047fe (0x0007d793) x15 0x0000000000000000
core   0: 0x0000000080004802 (0x949f5317) auipc   t1, 0x949f5
core   0: 1 0x0000000080004802 (0x949f5317) x6  0x00000000149f9802
core   0: 0x0000000080004806 (0x00102573) csrrs   a0, fflags, zero
core   0: 1 0x0000000080004806 (0x00102573) x10 0x000000000000001f
core   0: 0x000000008000480a (0x00109173) csrrw   sp, fflags, ra
core   0: 1 0x000000008000480a (0x00109173) x2  0x000000000000001f c1_fflags 0x0000000000000000
core   0: 0x000000008000480e (0x406a873b) subw    a4, s5, t1
core   0: 1 0x000000008000480e (0x406a873b) x14 0xffffffffeb6067fe
core   0: 0x0000000080004812 (0x033333b3) mulhu   t2, t1, s3
core   0: 1 0x0000000080004812 (0x033333b3) x7  0x0000000000000000
core   0: 0x0000000080004816 (0x411d5b33) sra     s6, s10, a7
core   0: 1 0x0000000080004816 (0x411d5b33) x22 0x0000000000000000
core   0: 0x000000008000481a (0xe57d019b) addiw   gp, s10, -425
core   0: 1 0x000000008000481a (0xe57d019b) x3  0xfffffffffffffe57
core   0: 0x000000008000481e (0xd2010053) fcvt.d.w ft0, sp
core   0: 1 0x000000008000481e (0xd2010053) f0  0x403f000000000000
core   0: 0x0000000080004822 (0x0031da1b) srliw   s4, gp, 3
core   0: 1 0x0000000080004822 (0x0031da1b) x20 0x000000001fffffca
core   0: 0x0000000080004826 (0x32c07647) fmsub.d fa2, ft0, fa2, ft6
core   0: 1 0x0000000080004826 (0x32c07647) f12 0x7ff8000000000000
core   0: 0x000000008000482a (0x41a3d593) srai    a1, t2, 26
core   0: 1 0x000000008000482a (0x41a3d593) x11 0x0000000000000000
core   0: 0x000000008000482e (0x031a48b3) div     a7, s4, a7
core   0: 1 0x000000008000482e (0x031a48b3) x17 0xfffffffffffa89e7
core   0: 0x0000000080004832 (0x0352f3b3) remu    t2, t0, s5
core   0: 1 0x0000000080004832 (0x0352f3b3) x7  0x0000000000000013
core   0: 0x0000000080004836 (0xa2fa05d3) fle.d   a1, fs4, fa5
core   0: 1 0x0000000080004836 (0xa2fa05d3) c1_fflags 0x0000000000000010 x11 0x0000000000000000
core   0: 0x000000008000483a (0xd02c7853) fcvt.s.l fa6, s8
core   0: 1 0x000000008000483a (0xd02c7853) f16 0xffffffff00000000
core   0: 0x000000008000483e (0x340eaef3) csrrs   t4, mscratch, t4
core   0: exception trap_illegal_instruction, epc 0x000000008000483e
core   0:           tval 0x00000000340eaef3
core   0: >>>>  $xrv64i2p1_m2p0_a2p1_f2p2_d2p2_zicsr2p0_zifencei2p0_zmmul1p0_zba1p0_zbb1p0_zbc1p0_zbs1p0
core   0: 0x0000000080004000 (0x0080006f) j       pc + 0x8
core   0: 3 0x0000000080004000 (0x0080006f)
core   0: >>>>  mmode_exception_handler
core   0: 0x0000000080004008 (0x00002c17) auipc   s8, 0x2
core   0: 3 0x0000000080004008 (0x00002c17) x24 0x0000000080006008
core   0: 0x000000008000400c (0x00ec0c13) addi    s8, s8, 14
core   0: 3 0x000000008000400c (0x00ec0c13) x24 0x0000000080006016
core   0: 0x0000000080004010 (0x000c00e7) jalr    s8
core   0: 3 0x0000000080004010 (0x000c00e7) x1  0x0000000080004014
core   0: >>>>  any_handler
core   0: 0x0000000080006016 (0x341027f3) csrrs   a5, mepc, zero
core   0: 3 0x0000000080006016 (0x341027f3) x15 0x000000008000483e
core   0: 0x000000008000601a (0x34202773) csrrs   a4, mcause, zero
core   0: 3 0x000000008000601a (0x34202773) x14 0x0000000000000002
core   0: 0x000000008000601e (0x142026f3) csrrs   a3, scause, zero
core   0: 3 0x000000008000601e (0x142026f3) x13 0x0000000000000001
core   0: 0x0000000080006022 (0x30402673) csrrs   a2, mie, zero
core   0: 3 0x0000000080006022 (0x30402673) x12 0x0000000000000a00
core   0: 0x0000000080006026 (0x344025f3) csrrs   a1, mip, zero
core   0: 3 0x0000000080006026 (0x344025f3) x11 0x0000000000000080
core   0: 0x000000008000602a (0x343025f3) csrrs   a1, mtval, zero
core   0: 3 0x000000008000602a (0x343025f3) x11 0x00000000340eaef3
core   0: 0x000000008000602e (0x14302573) csrrs   a0, stval, zero
core   0: 3 0x000000008000602e (0x14302573) x10 0x0000000000000000
core   0: 0x0000000080006032 (0xb02024f3) csrrs   s1, minstret, zero
core   0: 3 0x0000000080006032 (0xb02024f3) x9  0x0000000000000a9c
core   0: 0x0000000080006036 (0x0000a811) c.j     pc + 20
core   0: 3 0x0000000080006036 (0xa811)
core   0: >>>>  mepc_4
core   0: 0x000000008000604a (0x00000791) c.addi  a5, 4
core   0: 3 0x000000008000604a (0x0791) x15 0x0000000080004842
core   0: 0x000000008000604c (0x34179073) csrrw   zero, mepc, a5
core   0: 3 0x000000008000604c (0x34179073) c833_mepc 0x0000000080004842
core   0: 0x0000000080006050 (0x30200073) mret
core   0: 3 0x0000000080006050 (0x30200073) c768_mstatus 0x8000000a00106080
core   0: 0x0000000080004842 (0x821c72c7) fmsub.d ft5, fs8, ft1, fa6
core   0: 1 0x0000000080004842 (0x821c72c7) f5  0x7ff8000000000000
core   0: 0x0000000080004846 (0xd21b0153) fcvt.d.wu ft2, s6
core   0: 1 0x0000000080004846 (0xd21b0153) f2  0x0000000000000000
core   0: 0x000000008000484a (0xfffb809b) addiw   ra, s7, -1
core   0: 1 0x000000008000484a (0xfffb809b) x1  0xffffffffffffffff
core   0: 0x000000008000484e (0x019191bb) sllw    gp, gp, s9
core   0: 1 0x000000008000484e (0x019191bb) x3  0xfffffffffffffe57
core   0: 0x0000000080004852 (0x1b8bfd47) fmsub.d fs10, fs7, fs8, ft3
core   0: 1 0x0000000080004852 (0x1b8bfd47) f26 0x7ff8000000000000
core   0: 0x0000000080004856 (0x800b0813) addi    a6, s6, -2048
core   0: 1 0x0000000080004856 (0x800b0813) x16 0xfffffffffffff800
core   0: 0x000000008000485a (0x40040033) sub     zero, s0, zero
core   0: 1 0x000000008000485a (0x40040033)
core   0: 0x000000008000485e (0x000a99bb) sllw    s3, s5, zero
core   0: 1 0x000000008000485e (0x000a99bb) x19 0x0000000000000000
core   0: 0x0000000080004862 (0x6e418e1b) addiw   t3, gp, 1764
core   0: 1 0x0000000080004862 (0x6e418e1b) x28 0x000000000000053b
core   0: 0x0000000080004866 (0x0318c8b3) div     a7, a7, a7
core   0: 1 0x0000000080004866 (0x0318c8b3) x17 0x0000000000000001
core   0: 0x000000008000486a (0x0106ec33) or      s8, a3, a6
core   0: 1 0x000000008000486a (0x0106ec33) x24 0xfffffffffffff801
core   0: 0x000000008000486e (0x02f70eb7) lui     t4, 0x2f70
core   0: 1 0x000000008000486e (0x02f70eb7) x29 0x0000000002f70000
core   0: 0x0000000080004872 (0x9ade8e9b) addiw   t4, t4, -1619
core   0: 1 0x0000000080004872 (0x9ade8e9b) x29 0x0000000002f6f9ad
core   0: 0x0000000080004876 (0x00000eb6) c.slli  t4, 13
core   0: 1 0x0000000080004876 (0x0eb6) x29 0x0000005edf35a000
core   0: 0x0000000080004878 (0xac6e8e93) addi    t4, t4, -1338
core   0: 1 0x0000000080004878 (0xac6e8e93) x29 0x0000005edf359ac6
core   0: 0x000000008000487c (0x4050dbbb) sraw    s7, ra, t0
core   0: 1 0x000000008000487c (0x4050dbbb) x23 0xffffffffffffffff
core   0: 0x0000000080004880 (0x02c47453) fadd.d  fs0, fs0, fa2
core   0: 1 0x0000000080004880 (0x02c47453) f8  0x7ff8000000000000
core   0: 0x0000000080004884 (0x01676ab3) or      s5, a4, s6
core   0: 1 0x0000000080004884 (0x01676ab3) x21 0x0000000000000002
core   0: 0x0000000080004888 (0x0ff0000f) fence   iorw,iorw
core   0: 1 0x0000000080004888 (0x0ff0000f)
core   0: 0x000000008000488c (0x22caa653) fsgnjx.d fa2, fs5, fa2
core   0: 1 0x000000008000488c (0x22caa653) f12 0x0000000000000000
core   0: 0x0000000080004890 (0xd23af353) fcvt.d.lu ft6, s5
core   0: 1 0x0000000080004890 (0xd23af353) f6  0x4000000000000000
core   0: 0x0000000080004894 (0xc02377d3) fcvt.l.s a5, ft6
core   0: 1 0x0000000080004894 (0xc02377d3) c1_fflags 0x0000000000000010 x15 0x7fffffffffffffff
core   0: 0x0000000080004898 (0xd03674d3) fcvt.s.lu fs1, a2
core   0: 1 0x0000000080004898 (0xd03674d3) f9  0xffffffff45200000
core   0: 0x000000008000489c (0xd22e7a53) fcvt.d.l fs4, t3
core   0: 1 0x000000008000489c (0xd22e7a53) f20 0x4094ec0000000000
core   0: 0x00000000800048a0 (0x408a8ab3) sub     s5, s5, s0
core   0: 1 0x00000000800048a0 (0x408a8ab3) x21 0xfffffffffffffe74
core   0: 0x00000000800048a4 (0x41e5d11b) sraiw   sp, a1, 30
core   0: 1 0x00000000800048a4 (0x41e5d11b) x2  0x0000000000000000
core   0: 0x00000000800048a8 (0xd2178953) fcvt.d.wu fs2, a5
core   0: 1 0x00000000800048a8 (0xd2178953) f18 0x41efffffffe00000
core   0: 0x00000000800048ac (0xfffac2b7) lui     t0, 0xfffac
core   0: 1 0x00000000800048ac (0xfffac2b7) x5  0xfffffffffffac000
core   0: 0x00000000800048b0 (0xd532829b) addiw   t0, t0, -685
core   0: 1 0x00000000800048b0 (0xd532829b) x5  0xfffffffffffabd53
core   0: 0x00000000800048b4 (0x000002b6) c.slli  t0, 13
core   0: 1 0x00000000800048b4 (0x02b6) x5  0xffffffff57aa6000
core   0: 0x00000000800048b6 (0x04628293) addi    t0, t0, 70
core   0: 1 0x00000000800048b6 (0x04628293) x5  0xffffffff57aa6046
core   0: 0x00000000800048ba (0x00c64ab3) xor     s5, a2, a2
core   0: 1 0x00000000800048ba (0x00c64ab3) x21 0x0000000000000000
core   0: 0x00000000800048be (0x0353f03b) remuw   zero, t2, s5
core   0: 1 0x00000000800048be (0x0353f03b)
core   0: 0x00000000800048c2 (0x001620b3) slt     ra, a2, ra
core   0: 1 0x00000000800048c2 (0x001620b3) x1  0x0000000000000000
core   0: 0x00000000800048c6 (0x2b790253) fmin.d  ft4, fs2, fs7
core   0: 1 0x00000000800048c6 (0x2b790253) f4  0x0000000000000000
core   0: 0x00000000800048ca (0x01bad0bb) srlw    ra, s5, s11
core   0: 1 0x00000000800048ca (0x01bad0bb) x1  0x0000000000000000
core   0: 0x00000000800048ce (0x03124a33) div     s4, tp, a7
core   0: 1 0x00000000800048ce (0x03124a33) x20 0xfffffffffffffa24
core   0: 0x00000000800048d2 (0x00ec8db7) lui     s11, 0xec8
core   0: 1 0x00000000800048d2 (0x00ec8db7) x27 0x0000000000ec8000
core   0: 0x00000000800048d6 (0x509d8d9b) addiw   s11, s11, 1289
core   0: 1 0x00000000800048d6 (0x509d8d9b) x27 0x0000000000ec8509
core   0: 0x00000000800048da (0x00000db6) c.slli  s11, 13
core   0: 1 0x00000000800048da (0x0db6) x27 0x0000001d90a12000
core   0: 0x00000000800048dc (0xd2ed8d93) addi    s11, s11, -722
core   0: 1 0x00000000800048dc (0xd2ed8d93) x27 0x0000001d90a11d2e
core   0: 0x00000000800048e0 (0x00000001) c.nop
core   0: 1 0x00000000800048e0 (0x0001)
core   0: 0x00000000800048e2 (0xd20e80d3) fcvt.d.w ft1, t4
core   0: 1 0x00000000800048e2 (0xd20e80d3) f1  0xc1c065329d000000
core   0: 0x00000000800048e6 (0xd23372d3) fcvt.d.lu ft5, t1
core   0: 1 0x00000000800048e6 (0xd23372d3) f5  0x41b49f9802000000
core   0: 0x00000000800048ea (0x005322b3) slt     t0, t1, t0
core   0: 1 0x00000000800048ea (0x005322b3) x5  0x0000000000000000
core   0: 0x00000000800048ee (0x00131873) csrrw   a6, fflags, t1
core   0: 1 0x00000000800048ee (0x00131873) x16 0x0000000000000010 c1_fflags 0x0000000000000002
core   0: 0x00000000800048f2 (0x41b5da33) sra     s4, a1, s11
core   0: 1 0x00000000800048f2 (0x41b5da33) x20 0x0000000000000000
core   0: 0x00000000800048f6 (0xf12db2f3) csrrc   t0, marchid, s11
core   0: exception trap_illegal_instruction, epc 0x00000000800048f6
core   0:           tval 0x00000000f12db2f3
core   0: >>>>  $xrv64i2p1_m2p0_a2p1_f2p2_d2p2_zicsr2p0_zifencei2p0_zmmul1p0_zba1p0_zbb1p0_zbc1p0_zbs1p0
core   0: 0x0000000080004000 (0x0080006f) j       pc + 0x8
core   0: 3 0x0000000080004000 (0x0080006f)
core   0: >>>>  mmode_exception_handler
core   0: 0x0000000080004008 (0x00002c17) auipc   s8, 0x2
core   0: 3 0x0000000080004008 (0x00002c17) x24 0x0000000080006008
core   0: 0x000000008000400c (0x00ec0c13) addi    s8, s8, 14
core   0: 3 0x000000008000400c (0x00ec0c13) x24 0x0000000080006016
core   0: 0x0000000080004010 (0x000c00e7) jalr    s8
core   0: 3 0x0000000080004010 (0x000c00e7) x1  0x0000000080004014
core   0: >>>>  any_handler
core   0: 0x0000000080006016 (0x341027f3) csrrs   a5, mepc, zero
core   0: 3 0x0000000080006016 (0x341027f3) x15 0x00000000800048f6
core   0: 0x000000008000601a (0x34202773) csrrs   a4, mcause, zero
core   0: 3 0x000000008000601a (0x34202773) x14 0x0000000000000002
core   0: 0x000000008000601e (0x142026f3) csrrs   a3, scause, zero
core   0: 3 0x000000008000601e (0x142026f3) x13 0x0000000000000001
core   0: 0x0000000080006022 (0x30402673) csrrs   a2, mie, zero
core   0: 3 0x0000000080006022 (0x30402673) x12 0x0000000000000a00
core   0: 0x0000000080006026 (0x344025f3) csrrs   a1, mip, zero
core   0: 3 0x0000000080006026 (0x344025f3) x11 0x0000000000000080
core   0: 0x000000008000602a (0x343025f3) csrrs   a1, mtval, zero
core   0: 3 0x000000008000602a (0x343025f3) x11 0x00000000f12db2f3
core   0: 0x000000008000602e (0x14302573) csrrs   a0, stval, zero
core   0: 3 0x000000008000602e (0x14302573) x10 0x0000000000000000
core   0: 0x0000000080006032 (0xb02024f3) csrrs   s1, minstret, zero
core   0: 3 0x0000000080006032 (0xb02024f3) x9  0x0000000000000adb
core   0: 0x0000000080006036 (0x0000a811) c.j     pc + 20
core   0: 3 0x0000000080006036 (0xa811)
core   0: >>>>  mepc_4
core   0: 0x000000008000604a (0x00000791) c.addi  a5, 4
core   0: 3 0x000000008000604a (0x0791) x15 0x00000000800048fa
core   0: 0x000000008000604c (0x34179073) csrrw   zero, mepc, a5
core   0: 3 0x000000008000604c (0x34179073) c833_mepc 0x00000000800048fa
core   0: 0x0000000080006050 (0x30200073) mret
core   0: 3 0x0000000080006050 (0x30200073) c768_mstatus 0x8000000a00106080
core   0: 0x00000000800048fa (0x01b0dd1b) srliw   s10, ra, 27
core   0: 1 0x00000000800048fa (0x01b0dd1b) x26 0x0000000000000010
core   0: 0x00000000800048fe (0xfeb47237) lui     tp, 0xfeb47
core   0: 1 0x00000000800048fe (0xfeb47237) x4  0xfffffffffeb47000
core   0: 0x0000000080004902 (0x4812021b) addiw   tp, tp, 1153
core   0: 1 0x0000000080004902 (0x4812021b) x4  0xfffffffffeb47481
core   0: 0x0000000080004906 (0x0000023a) c.slli  tp, 14
core   0: 1 0x0000000080004906 (0x023a) x4  0xffffffad1d204000
core   0: 0x0000000080004908 (0x12620213) addi    tp, tp, 294
core   0: 1 0x0000000080004908 (0x12620213) x4  0xffffffad1d204126
core   0: 0x000000008000490c (0x3cf20e93) addi    t4, tp, 975
core   0: 1 0x000000008000490c (0x3cf20e93) x29 0xffffffad1d2044f5
core   0: 0x0000000080004910 (0x415608b3) sub     a7, a2, s5
core   0: 1 0x0000000080004910 (0x415608b3) x17 0x0000000000000a00
core   0: 0x0000000080004914 (0x225809d3) fsgnj.d fs3, fa6, ft5
core   0: 1 0x0000000080004914 (0x225809d3) f19 0x7fffffff00000000
core   0: 0x0000000080004918 (0x0ff0000f) fence   iorw,iorw
core   0: 1 0x0000000080004918 (0x0ff0000f)
core   0: 0x000000008000491c (0xf2050dd3) fmv.d.x fs11, a0
core   0: 1 0x000000008000491c (0xf2050dd3) f27 0x0000000000000000
core   0: 0x0000000080004920 (0x015f4b37) lui     s6, 0x15f4
core   0: 1 0x0000000080004920 (0x015f4b37) x22 0x00000000015f4000
core   0: 0x0000000080004924 (0x24bb0b1b) addiw   s6, s6, 587
core   0: 1 0x0000000080004924 (0x24bb0b1b) x22 0x00000000015f424b
core   0: 0x0000000080004928 (0x00000b32) c.slli  s6, 12
core   0: 1 0x0000000080004928 (0x0b32) x22 0x00000015f424b000
core   0: 0x000000008000492a (0x6acb0b13) addi    s6, s6, 1708
core   0: 1 0x000000008000492a (0x6acb0b13) x22 0x00000015f424b6ac
core   0: 0x000000008000492e (0x4148d4bb) sraw    s1, a7, s4
core   0: 1 0x000000008000492e (0x4148d4bb) x9  0x0000000000000a00
core   0: 0x0000000080004932 (0x23b58353) fsgnj.d ft6, fa1, fs11
core   0: 1 0x0000000080004932 (0x23b58353) f6  0x0000000000000000
core   0: 0x0000000080004936 (0xd238f6d3) fcvt.d.lu fa3, a7
core   0: 1 0x0000000080004936 (0xd238f6d3) f13 0x40a4000000000000
core   0: 0x000000008000493a (0x409b03b3) sub     t2, s6, s1
core   0: 1 0x000000008000493a (0x409b03b3) x7  0x00000015f424acac
core   0: 0x000000008000493e (0x00145993) srli    s3, s0, 1
core   0: 1 0x000000008000493e (0x00145993) x19 0x00000000000000c7
core   0: 0x0000000080004942 (0x0ff0000f) fence   iorw,iorw
core   0: 1 0x0000000080004942 (0x0ff0000f)
core   0: 0x0000000080004946 (0x03778333) mul     t1, a5, s7
core   0: 1 0x0000000080004946 (0x03778333) x6  0xffffffff7fffb706
core   0: 0x000000008000494a (0x01bb0033) add     zero, s6, s11
core   0: 1 0x000000008000494a (0x01bb0033)
core   0: 0x000000008000494e (0x41fb581b) sraiw   a6, s6, 31
core   0: 1 0x000000008000494e (0x41fb581b) x16 0xffffffffffffffff
core   0: 0x0000000080004952 (0x0bfdff53) fsub.d  ft10, fs11, ft11
core   0: 1 0x0000000080004952 (0x0bfdff53) f30 0x0000000000000000
core   0: 0x0000000080004956 (0x002dcbb3) xor     s7, s11, sp
core   0: 1 0x0000000080004956 (0x002dcbb3) x23 0x0000001d90a11d2e
core   0: 0x000000008000495a (0x51887993) andi    s3, a6, 1304
core   0: 1 0x000000008000495a (0x51887993) x19 0x0000000000000518
core   0: 0x000000008000495e (0x00202573) csrrs   a0, frm, zero
core   0: 1 0x000000008000495e (0x00202573) x10 0x0000000000000001
core   0: 0x0000000080004962 (0xdacefacf) fnmadd.d fs5, ft9, fa2, fs11
core   0: 1 0x0000000080004962 (0xdacefacf) f21 0x7ff8000000000000
core   0: 0x0000000080004966 (0x00a7d7b3) srl     a5, a5, a0
core   0: 1 0x0000000080004966 (0x00a7d7b3) x15 0x000000004000247d
core   0: 0x000000008000496a (0xd21b8853) fcvt.d.wu fa6, s7
core   0: 1 0x000000008000496a (0xd21b8853) f16 0x41e21423a5c00000
core   0: 0x000000008000496e (0x2ac10ed3) fmin.d  ft9, ft2, fa2
core   0: 1 0x000000008000496e (0x2ac10ed3) f29 0x0000000000000000
core   0: 0x0000000080004972 (0x00000001) c.nop
core   0: 1 0x0000000080004972 (0x0001)
core   0: 0x0000000080004974 (0x03f85393) srli    t2, a6, 63
core   0: 1 0x0000000080004974 (0x03f85393) x7  0x0000000000000001
core   0: 0x0000000080004978 (0x1bdfffd3) fdiv.d  ft11, ft11, ft9
core   0: 1 0x0000000080004978 (0x1bdfffd3) c1_fflags 0x0000000000000012 f31 0x7ff8000000000000
core   0: 0x000000008000497c (0x23cb2053) fsgnjx.d ft0, fs6, ft8
core   0: 1 0x000000008000497c (0x23cb2053) f0  0x0000000000000000
core   0: 0x0000000080004980 (0x014d113b) sllw    sp, s10, s4
core   0: 1 0x0000000080004980 (0x014d113b) x2  0x0000000000000010
core   0: 0x0000000080004984 (0xd20582d3) fcvt.d.w ft5, a1
core   0: 1 0x0000000080004984 (0xd20582d3) f5  0xc1ada49a1a000000
core   0: 0x0000000080004988 (0x01b5fcb3) and     s9, a1, s11
core   0: 1 0x0000000080004988 (0x01b5fcb3) x25 0x0000000090211022
core   0: 0x000000008000498c (0xa25502d3) fle.d   t0, fa0, ft5
core   0: 1 0x000000008000498c (0xa25502d3) c1_fflags 0x0000000000000012 x5  0x0000000000000000
core   0: 0x0000000080004990 (0x4182dc3b) sraw    s8, t0, s8
core   0: 1 0x0000000080004990 (0x4182dc3b) x24 0x0000000000000000
core   0: 0x0000000080004994 (0x0ff0000f) fence   iorw,iorw
core   0: 1 0x0000000080004994 (0x0ff0000f)
core   0: 0x0000000080004998 (0x03d8ee3b) remw    t3, a7, t4
core   0: 1 0x0000000080004998 (0x03d8ee3b) x28 0x0000000000000a00
core   0: 0x000000008000499c (0x41fed81b) sraiw   a6, t4, 31
core   0: 1 0x000000008000499c (0x41fed81b) x16 0x0000000000000000
core   0: 0x00000000800049a0 (0x01485a13) srli    s4, a6, 20
core   0: 1 0x00000000800049a0 (0x01485a13) x20 0x0000000000000000
core   0: 0x00000000800049a4 (0xa21e8253) fle.d   tp, ft9, ft1
core   0: 1 0x00000000800049a4 (0xa21e8253) x4  0x0000000000000000
core   0: 0x00000000800049a8 (0x033349b3) div     s3, t1, s3
core   0: 1 0x00000000800049a8 (0x033349b3) x19 0xffffffffffe6def7
core   0: 0x00000000800049ac (0xd20203d3) fcvt.d.w ft7, tp
core   0: 1 0x00000000800049ac (0xd20203d3) f7  0x0000000000000000
core   0: 0x00000000800049b0 (0x413a82bb) subw    t0, s5, s3
core   0: 1 0x00000000800049b0 (0x413a82bb) x5  0x0000000000192109
core   0: 0x00000000800049b4 (0xd02c76d3) fcvt.s.l fa3, s8
core   0: 1 0x00000000800049b4 (0xd02c76d3) f13 0xffffffff00000000
core   0: 0x00000000800049b8 (0x420d8dd3) fcvt.d.s fs11, fs11
core   0: 1 0x00000000800049b8 (0x420d8dd3) f27 0x7ff8000000000000
core   0: 0x00000000800049bc (0x923ef8cb) fnmsub.d fa7, ft9, ft3, fs2
core   0: 1 0x00000000800049bc (0x923ef8cb) f17 0x41efffffffe00000
core   0: 0x00000000800049c0 (0x8002e593) ori     a1, t0, -2048
core   0: 1 0x00000000800049c0 (0x8002e593) x11 0xfffffffffffff909
core   0: 0x00000000800049c4 (0x00ce17bb) sllw    a5, t3, a2
core   0: 1 0x00000000800049c4 (0x00ce17bb) x15 0x0000000000000a00
core   0: 0x00000000800049c8 (0x02fc6433) rem     s0, s8, a5
core   0: 1 0x00000000800049c8 (0x02fc6433) x8  0x0000000000000000
core   0: 0x00000000800049cc (0x029ce8b3) rem     a7, s9, s1
core   0: 1 0x00000000800049cc (0x029ce8b3) x17 0x0000000000000822
core   0: 0x00000000800049d0 (0x7ffa8d1b) addiw   s10, s5, 2047
core   0: 1 0x00000000800049d0 (0x7ffa8d1b) x26 0x00000000000007ff
core   0: 0x00000000800049d4 (0xd22cfcd3) fcvt.d.l fs9, s9
core   0: 1 0x00000000800049d4 (0xd22cfcd3) f25 0x41e2042204400000
core   0: 0x00000000800049d8 (0x00c84833) xor     a6, a6, a2
core   0: 1 0x00000000800049d8 (0x00c84833) x16 0x0000000000000a00
core   0: 0x00000000800049dc (0x41480233) sub     tp, a6, s4
core   0: 1 0x00000000800049dc (0x41480233) x4  0x0000000000000a00
core   0: 0x00000000800049e0 (0xc02872d3) fcvt.l.s t0, fa6
core   0: 1 0x00000000800049e0 (0xc02872d3) c1_fflags 0x0000000000000012 x5  0x7fffffffffffffff
core   0: 0x00000000800049e4 (0x0201713b) remuw   sp, sp, zero
core   0: 1 0x00000000800049e4 (0x0201713b) x2  0x0000000000000010
core   0: 0x00000000800049e8 (0x01f1199b) slliw   s3, sp, 31
core   0: 1 0x00000000800049e8 (0x01f1199b) x19 0x0000000000000000
core   0: 0x00000000800049ec (0x402188bb) subw    a7, gp, sp
core   0: 1 0x00000000800049ec (0x402188bb) x17 0xfffffffffffffe47
core   0: 0x00000000800049f0 (0x00be2533) slt     a0, t3, a1
core   0: 1 0x00000000800049f0 (0x00be2533) x10 0x0000000000000000
core   0: 0x00000000800049f4 (0xc20cfdd3) fcvt.w.d s11, fs9
core   0: 1 0x00000000800049f4 (0xc20cfdd3) c1_fflags 0x0000000000000012 x27 0x000000007fffffff
core   0: 0x00000000800049f8 (0x0ff0000f) fence   iorw,iorw
core   0: 1 0x00000000800049f8 (0x0ff0000f)
core   0: 0x00000000800049fc (0x0355f553) fadd.d  fa0, fa1, fs5
core   0: 1 0x00000000800049fc (0x0355f553) f10 0x7ff8000000000000
core   0: 0x0000000080004a00 (0x00079a13) slli    s4, a5, 0
core   0: 1 0x0000000080004a00 (0x00079a13) x20 0x0000000000000a00
core   0: 0x0000000080004a04 (0x001a1073) csrrw   zero, fflags, s4
core   0: 1 0x0000000080004a04 (0x001a1073) c1_fflags 0x0000000000000000
core   0: 0x0000000080004a08 (0x000715bb) sllw    a1, a4, zero
core   0: 1 0x0000000080004a08 (0x000715bb) x11 0x0000000000000002
core   0: 0x0000000080004a0c (0x2e152297) auipc   t0, 0x2e152
core   0: 1 0x0000000080004a0c (0x2e152297) x5  0x00000000ae156a0c
core   0: 0x0000000080004a10 (0x405584bb) subw    s1, a1, t0
core   0: 1 0x0000000080004a10 (0x405584bb) x9  0x0000000051ea95f6
core   0: 0x0000000080004a14 (0x420c0d53) fcvt.d.s fs10, fs8
core   0: 1 0x0000000080004a14 (0x420c0d53) f26 0x0000000000000000
core   0: 0x0000000080004a18 (0x0254f1b3) remu    gp, s1, t0
core   0: 1 0x0000000080004a18 (0x0254f1b3) x3  0x0000000051ea95f6
core   0: 0x0000000080004a1c (0xd22ef4d3) fcvt.d.l fs1, t4
core   0: 1 0x0000000080004a1c (0xd22ef4d3) f9  0xc254b8b7eec2c000
core   0: 0x0000000080004a20 (0x5a0b7b53) fsqrt.d fs6, fs6
core   0: 1 0x0000000080004a20 (0x5a0b7b53) f22 0x8000000000000000
core   0: 0x0000000080004a24 (0xc0297ed3) fcvt.l.s t4, fs2
core   0: 1 0x0000000080004a24 (0xc0297ed3) c1_fflags 0x0000000000000010 x29 0x7fffffffffffffff
core   0: 0x0000000080004a28 (0x02c30a3b) mulw    s4, t1, a2
core   0: 1 0x0000000080004a28 (0x02c30a3b) x20 0xfffffffffd263c00
core   0: 0x0000000080004a2c (0x00c1d1bb) srlw    gp, gp, a2
core   0: 1 0x0000000080004a2c (0x00c1d1bb) x3  0x0000000051ea95f6
core   0: 0x0000000080004a30 (0x04ca22b7) lui     t0, 0x4ca2
core   0: 1 0x0000000080004a30 (0x04ca22b7) x5  0x0000000004ca2000
core   0: 0x0000000080004a34 (0x15d2829b) addiw   t0, t0, 349
core   0: 1 0x0000000080004a34 (0x15d2829b) x5  0x0000000004ca215d
core   0: 0x0000000080004a38 (0x000002b2) c.slli  t0, 12
core   0: 1 0x0000000080004a38 (0x02b2) x5  0x0000004ca215d000
core   0: 0x0000000080004a3a (0x2ef28293) addi    t0, t0, 751
core   0: 1 0x0000000080004a3a (0x2ef28293) x5  0x0000004ca215d2ef
core   0: 0x0000000080004a3e (0x236d98d3) fsgnjn.d fa7, fs11, fs6
core   0: 1 0x0000000080004a3e (0x236d98d3) f17 0x7ff8000000000000
core   0: 0x0000000080004a42 (0x00000001) c.nop
core   0: 1 0x0000000080004a42 (0x0001)
core   0: 0x0000000080004a44 (0x415ad3bb) sraw    t2, s5, s5
core   0: 1 0x0000000080004a44 (0x415ad3bb) x7  0x0000000000000000
core   0: 0x0000000080004a48 (0x002384bb) addw    s1, t2, sp
core   0: 1 0x0000000080004a48 (0x002384bb) x9  0x0000000000000010
core   0: 0x0000000080004a4c (0x0011571b) srliw   a4, sp, 1
core   0: 1 0x0000000080004a4c (0x0011571b) x14 0x0000000000000008
core   0: 0x0000000080004a50 (0x4197d23b) sraw    tp, a5, s9
core   0: 1 0x0000000080004a50 (0x4197d23b) x4  0x0000000000000280
core   0: 0x0000000080004a54 (0x01d89337) lui     t1, 0x1d89
core   0: 1 0x0000000080004a54 (0x01d89337) x6  0x0000000001d89000
core   0: 0x0000000080004a58 (0xabb3031b) addiw   t1, t1, -1349
core   0: 1 0x0000000080004a58 (0xabb3031b) x6  0x0000000001d88abb
core   0: 0x0000000080004a5c (0x00000332) c.slli  t1, 12
core   0: 1 0x0000000080004a5c (0x0332) x6  0x0000001d88abb000
core   0: 0x0000000080004a5e (0xeac30313) addi    t1, t1, -340
core   0: 1 0x0000000080004a5e (0xeac30313) x6  0x0000001d88abaeac
core   0: 0x0000000080004a62 (0x7105031b) addiw   t1, a0, 1808
core   0: 1 0x0000000080004a62 (0x7105031b) x6  0x0000000000000710
core   0: 0x0000000080004a66 (0xfb195437) lui     s0, 0xfb195
core   0: 1 0x0000000080004a66 (0xfb195437) x8  0xfffffffffb195000
core   0: 0x0000000080004a6a (0xfa14041b) addiw   s0, s0, -95
core   0: 1 0x0000000080004a6a (0xfa14041b) x8  0xfffffffffb194fa1
core   0: 0x0000000080004a6e (0x00000432) c.slli  s0, 12
core   0: 1 0x0000000080004a6e (0x0432) x8  0xffffffb194fa1000
core   0: 0x0000000080004a70 (0xb9440413) addi    s0, s0, -1132
core   0: 1 0x0000000080004a70 (0xb9440413) x8  0xffffffb194fa0b94
core   0: 0x0000000080004a74 (0xd03271d3) fcvt.s.lu ft3, tp
core   0: 1 0x0000000080004a74 (0xd03271d3) f3  0xffffffff44200000
core   0: 0x0000000080004a78 (0x23119a53) fsgnjn.d fs4, ft3, fa7
core   0: 1 0x0000000080004a78 (0x23119a53) f20 0xffffffff44200000
core   0: 0x0000000080004a7c (0x5a02fe53) fsqrt.d ft8, ft5
core   0: 1 0x0000000080004a7c (0x5a02fe53) c1_fflags 0x0000000000000010 f28 0x7ff8000000000000
core   0: 0x0000000080004a80 (0xd0337a53) fcvt.s.lu fs4, t1
core   0: 1 0x0000000080004a80 (0xd0337a53) f20 0xffffffff44e20000
core   0: 0x0000000080004a84 (0x2b090953) fmin.d  fs2, fs2, fa6
core   0: 1 0x0000000080004a84 (0x2b090953) f18 0x41e21423a5c00000
core   0: 0x0000000080004a88 (0x0283ebbb) remw    s7, t2, s0
core   0: 1 0x0000000080004a88 (0x0283ebbb) x23 0x0000000000000000
core   0: 0x0000000080004a8c (0x0065599b) srliw   s3, a0, 6
core   0: 1 0x0000000080004a8c (0x0065599b) x19 0x0000000000000000
core   0: 0x0000000080004a90 (0x0279c5bb) divw    a1, s3, t2
core   0: 1 0x0000000080004a90 (0x0279c5bb) x11 0xffffffffffffffff
core   0: 0x0000000080004a94 (0x1b0c7f53) fdiv.d  ft10, fs8, fa6
core   0: 1 0x0000000080004a94 (0x1b0c7f53) f30 0x7ff8000000000000
core   0: 0x0000000080004a98 (0x48e26c13) ori     s8, tp, 1166
core   0: 1 0x0000000080004a98 (0x48e26c13) x24 0x000000000000068e
core   0: 0x0000000080004a9c (0x0224c1bb) divw    gp, s1, sp
core   0: 1 0x0000000080004a9c (0x0224c1bb) x3  0x0000000000000001
core   0: 0x0000000080004aa0 (0x896c4a13) xori    s4, s8, -1898
core   0: 1 0x0000000080004aa0 (0x896c4a13) x20 0xfffffffffffffe18
core   0: 0x0000000080004aa4 (0x138c78d3) fmul.d  fa7, fs8, fs8
core   0: 1 0x0000000080004aa4 (0x138c78d3) f17 0x7ff8000000000000
core   0: 0x0000000080004aa8 (0x4018fcd3) fcvt.s.d fs9, fa7
core   0: 1 0x0000000080004aa8 (0x4018fcd3) f25 0xffffffff7fc00000
core   0: 0x0000000080004aac (0x00000001) c.nop
core   0: 1 0x0000000080004aac (0x0001)
core   0: 0x0000000080004aae (0x143c30b7) lui     ra, 0x143c3
core   0: 1 0x0000000080004aae (0x143c30b7) x1  0x00000000143c3000
core   0: 0x0000000080004ab2 (0x03a8feb3) remu    t4, a7, s10
core   0: 1 0x0000000080004ab2 (0x03a8feb3) x29 0x0000000000000047
core   0: 0x0000000080004ab6 (0x40195c1b) sraiw   s8, s2, 1
core   0: 1 0x0000000080004ab6 (0x40195c1b) x24 0x0000000000000000
core   0: 0x0000000080004aba (0x0ff0000f) fence   iorw,iorw
core   0: 1 0x0000000080004aba (0x0ff0000f)
core   0: 0x0000000080004abe (0x00202473) csrrs   s0, frm, zero
core   0: 1 0x0000000080004abe (0x00202473) x8  0x0000000000000001
core   0: 0x0000000080004ac2 (0x239892d3) fsgnjn.d ft5, fa7, fs9
core   0: 1 0x0000000080004ac2 (0x239892d3) f5  0x7ff8000000000000
core   0: 0x0000000080004ac6 (0xf20e03d3) fmv.d.x ft7, t3
core   0: 1 0x0000000080004ac6 (0xf20e03d3) f7  0x0000000000000a00
core   0: 0x0000000080004aca (0x0324c93b) divw    s2, s1, s2
core   0: 1 0x0000000080004aca (0x0324c93b) x18 0xffffffffffffffff
core   0: 0x0000000080004ace (0x41c75d33) sra     s10, a4, t3
core   0: 1 0x0000000080004ace (0x41c75d33) x26 0x0000000000000008
core   0: 0x0000000080004ad2 (0x40e90c3b) subw    s8, s2, a4
core   0: 1 0x0000000080004ad2 (0x40e90c3b) x24 0xfffffffffffffff7
core   0: 0x0000000080004ad6 (0x018d5a33) srl     s4, s10, s8
core   0: 1 0x0000000080004ad6 (0x018d5a33) x20 0x0000000000000000
core   0: 0x0000000080004ada (0xc233f153) fcvt.lu.d sp, ft7
core   0: 1 0x0000000080004ada (0xc233f153) c1_fflags 0x0000000000000011 x2  0x0000000000000000
core   0: 0x0000000080004ade (0xc02e79d3) fcvt.l.s s3, ft8
core   0: 1 0x0000000080004ade (0xc02e79d3) c1_fflags 0x0000000000000011 x19 0x7fffffffffffffff
core   0: 0x0000000080004ae2 (0x00000001) c.nop
core   0: 1 0x0000000080004ae2 (0x0001)
core   0: 0x0000000080004ae4 (0x105bf0b7) lui     ra, 0x105bf
core   0: 1 0x0000000080004ae4 (0x105bf0b7) x1  0x00000000105bf000
core   0: 0x0000000080004ae8 (0x032754bb) divuw   s1, a4, s2
core   0: 1 0x0000000080004ae8 (0x032754bb) x9  0x0000000000000000
core   0: 0x0000000080004aec (0xd2008053) fcvt.d.w ft0, ra
core   0: 1 0x0000000080004aec (0xd2008053) f0  0x41b05bf000000000
core   0: 0x0000000080004af0 (0x00975b9b) srliw   s7, a4, 9
core   0: 1 0x0000000080004af0 (0x00975b9b) x23 0x0000000000000000
core   0: 0x0000000080004af4 (0x0194dd3b) srlw    s10, s1, s9
core   0: 1 0x0000000080004af4 (0x0194dd3b) x26 0x0000000000000000
core   0: 0x0000000080004af8 (0x41a05ab3) sra     s5, zero, s10
core   0: 1 0x0000000080004af8 (0x41a05ab3) x21 0x0000000000000000
core   0: 0x0000000080004afc (0x409c0e3b) subw    t3, s8, s1
core   0: 1 0x0000000080004afc (0x409c0e3b) x28 0xfffffffffffffff7
core   0: 0x0000000080004b00 (0x035e03b3) mul     t2, t3, s5
core   0: 1 0x0000000080004b00 (0x035e03b3) x7  0x0000000000000000
core   0: 0x0000000080004b04 (0x414e02b3) sub     t0, t3, s4
core   0: 1 0x0000000080004b04 (0x414e02b3) x5  0xfffffffffffffff7
core   0: 0x0000000080004b08 (0x02d9003b) mulw    zero, s2, a3
core   0: 1 0x0000000080004b08 (0x02d9003b)
core   0: 0x0000000080004b0c (0xe20909d3) fmv.x.d s3, fs2
core   0: 1 0x0000000080004b0c (0xe20909d3) x19 0x41e21423a5c00000
core   0: 0x0000000080004b10 (0x0229ee33) rem     t3, s3, sp
core   0: 1 0x0000000080004b10 (0x0229ee33) x28 0x41e21423a5c00000
core   0: 0x0000000080004b14 (0x00000001) c.nop
core   0: 1 0x0000000080004b14 (0x0001)
core   0: 0x0000000080004b16 (0xa36284d3) fle.d   s1, ft5, fs6
core   0: 1 0x0000000080004b16 (0xa36284d3) c1_fflags 0x0000000000000011 x9  0x0000000000000000
core   0: 0x0000000080004b1a (0x134a7dd3) fmul.d  fs11, fs4, fs4
core   0: 1 0x0000000080004b1a (0x134a7dd3) f27 0x7ff8000000000000
core   0: 0x0000000080004b1e (0xc23df2d3) fcvt.lu.d t0, fs11
core   0: 1 0x0000000080004b1e (0xc23df2d3) c1_fflags 0x0000000000000011 x5  0xffffffffffffffff
core   0: 0x0000000080004b22 (0x80028a1b) addiw   s4, t0, -2048
core   0: 1 0x0000000080004b22 (0x80028a1b) x20 0xfffffffffffff7ff
core   0: 0x0000000080004b26 (0x2b0f8bd3) fmin.d  fs7, ft11, fa6
core   0: 1 0x0000000080004b26 (0x2b0f8bd3) f23 0x41e21423a5c00000
core   0: 0x0000000080004b2a (0x4004d013) srai    zero, s1, 0
core   0: 1 0x0000000080004b2a (0x4004d013)
core   0: 0x0000000080004b2e (0x020e77b3) remu    a5, t3, zero
core   0: 1 0x0000000080004b2e (0x020e77b3) x15 0x41e21423a5c00000
core   0: 0x0000000080004b32 (0x2acf94d3) fmax.d  fs1, ft11, fa2
core   0: 1 0x0000000080004b32 (0x2acf94d3) f9  0x0000000000000000
core   0: 0x0000000080004b36 (0x020d5d3b) divuw   s10, s10, zero
core   0: 1 0x0000000080004b36 (0x020d5d3b) x26 0xffffffffffffffff
core   0: 0x0000000080004b3a (0x023d4933) div     s2, s10, gp
core   0: 1 0x0000000080004b3a (0x023d4933) x18 0xffffffffffffffff
core   0: 0x0000000080004b3e (0x40d95033) sra     zero, s2, a3
core   0: 1 0x0000000080004b3e (0x40d95033)
core   0: 0x0000000080004b42 (0xc21bf853) fcvt.wu.d a6, fs7
core   0: 1 0x0000000080004b42 (0xc21bf853) x16 0xffffffff90a11d2e
core   0: 0x0000000080004b46 (0x0ff0000f) fence   iorw,iorw
core   0: 1 0x0000000080004b46 (0x0ff0000f)
core   0: 0x0000000080004b4a (0x028d29b3) mulhsu  s3, s10, s0
core   0: 1 0x0000000080004b4a (0x028d29b3) x19 0xffffffffffffffff
core   0: 0x0000000080004b4e (0x012adb3b) srlw    s6, s5, s2
core   0: 1 0x0000000080004b4e (0x012adb3b) x22 0x0000000000000000
core   0: 0x0000000080004b52 (0xc234f6d3) fcvt.lu.d a3, fs1
core   0: 1 0x0000000080004b52 (0xc234f6d3) x13 0x0000000000000000
core   0: 0x0000000080004b56 (0xc0267153) fcvt.l.s sp, fa2
core   0: 1 0x0000000080004b56 (0xc0267153) c1_fflags 0x0000000000000011 x2  0x7fffffffffffffff
core   0: 0x0000000080004b5a (0x0009dc93) srli    s9, s3, 0
core   0: 1 0x0000000080004b5a (0x0009dc93) x25 0xffffffffffffffff
core   0: 0x0000000080004b5e (0x01ad29b3) slt     s3, s10, s10
core   0: 1 0x0000000080004b5e (0x01ad29b3) x19 0x0000000000000000
core   0: 0x0000000080004b62 (0xd21d86d3) fcvt.d.wu fa3, s11
core   0: 1 0x0000000080004b62 (0xd21d86d3) f13 0x41dfffffffc00000
core   0: 0x0000000080004b66 (0x8006f793) andi    a5, a3, -2048
core   0: 1 0x0000000080004b66 (0x8006f793) x15 0x0000000000000000
core   0: 0x0000000080004b6a (0x03a8e633) rem     a2, a7, s10
core   0: 1 0x0000000080004b6a (0x03a8e633) x12 0x0000000000000000
core   0: 0x0000000080004b6e (0x40f981bb) subw    gp, s3, a5
core   0: 1 0x0000000080004b6e (0x40f981bb) x3  0x0000000000000000
core   0: 0x0000000080004b72 (0xfff9851b) addiw   a0, s3, -1
core   0: 1 0x0000000080004b72 (0xfff9851b) x10 0xffffffffffffffff
core   0: 0x0000000080004b76 (0xfba6f693) andi    a3, a3, -70
core   0: 1 0x0000000080004b76 (0xfba6f693) x13 0x0000000000000000
core   0: 0x0000000080004b7a (0x02d9e5bb) remw    a1, s3, a3
core   0: 1 0x0000000080004b7a (0x02d9e5bb) x11 0x0000000000000000
core   0: 0x0000000080004b7e (0x23bb89d3) fsgnj.d fs3, fs7, fs11
core   0: 1 0x0000000080004b7e (0x23bb89d3) f19 0x41e21423a5c00000
core   0: 0x0000000080004b82 (0x25099497) auipc   s1, 0x25099
core   0: 1 0x0000000080004b82 (0x25099497) x9  0x00000000a509db82
core   0: 0x0000000080004b86 (0x01b50dbb) addw    s11, a0, s11
core   0: 1 0x0000000080004b86 (0x01b50dbb) x27 0x000000007ffffffe
core   0: 0x0000000080004b8a (0x0356c6b3) div     a3, a3, s5
core   0: 1 0x0000000080004b8a (0x0356c6b3) x13 0xffffffffffffffff
core   0: 0x0000000080004b8e (0xd0397b53) fcvt.s.lu fs6, s2
core   0: 1 0x0000000080004b8e (0xd0397b53) c1_fflags 0x0000000000000011 f22 0xffffffff5f7fffff
core   0: 0x0000000080004b92 (0x00cd6d33) or      s10, s10, a2
core   0: 1 0x0000000080004b92 (0x00cd6d33) x26 0xffffffffffffffff
core   0: 0x0000000080004b96 (0x03914033) div     zero, sp, s9
core   0: 1 0x0000000080004b96 (0x03914033)
core   0: 0x0000000080004b9a (0x01967233) and     tp, a2, s9
core   0: 1 0x0000000080004b9a (0x01967233) x4  0x0000000000000000
core   0: 0x0000000080004b9e (0x00181873) csrrw   a6, fflags, a6
core   0: 1 0x0000000080004b9e (0x00181873) x16 0x0000000000000011 c1_fflags 0x000000000000000e
core   0: 0x0000000080004ba2 (0x1b75f5d3) fdiv.d  fa1, fa1, fs7
core   0: 1 0x0000000080004ba2 (0x1b75f5d3) f11 0x0000000000000000
core   0: 0x0000000080004ba6 (0x00da19b3) sll     s3, s4, a3
core   0: 1 0x0000000080004ba6 (0x00da19b3) x19 0x8000000000000000
core   0: 0x0000000080004baa (0x00a20bbb) addw    s7, tp, a0
core   0: 1 0x0000000080004baa (0x00a20bbb) x23 0xffffffffffffffff
core   0: 0x0000000080004bae (0xd6286093) ori     ra, a6, -670
core   0: 1 0x0000000080004bae (0xd6286093) x1  0xfffffffffffffd73
core   0: 0x0000000080004bb2 (0xd03277d3) fcvt.s.lu fa5, tp
core   0: 1 0x0000000080004bb2 (0xd03277d3) f15 0xffffffff00000000
core   0: 0x0000000080004bb6 (0x0106db9b) srliw   s7, a3, 16
core   0: 1 0x0000000080004bb6 (0x0106db9b) x23 0x000000000000ffff
core   0: 0x0000000080004bba (0x0010983b) sllw    a6, ra, ra
core   0: 1 0x0000000080004bba (0x0010983b) x16 0xffffffffeb980000
core   0: 0x0000000080004bbe (0xa0aa6e13) ori     t3, s4, -1526
core   0: 1 0x0000000080004bbe (0xa0aa6e13) x28 0xffffffffffffffff
core   0: 0x0000000080004bc2 (0xd2188b53) fcvt.d.wu fs6, a7
core   0: 1 0x0000000080004bc2 (0xd2188b53) f22 0x41efffffc8e00000
core   0: 0x0000000080004bc6 (0x01290e3b) addw    t3, s2, s2
core   0: 1 0x0000000080004bc6 (0x01290e3b) x28 0xfffffffffffffffe
core   0: 0x0000000080004bca (0x2b019e53) fmax.d  ft8, ft3, fa6
core   0: 1 0x0000000080004bca (0x2b019e53) f28 0x41e21423a5c00000
core   0: 0x0000000080004bce (0x02c663b3) rem     t2, a2, a2
core   0: 1 0x0000000080004bce (0x02c663b3) x7  0x0000000000000000
core   0: 0x0000000080004bd2 (0xd2367953) fcvt.d.lu fs2, a2
core   0: 1 0x0000000080004bd2 (0xd2367953) f18 0x0000000000000000
core   0: 0x0000000080004bd6 (0x02d2493b) divw    s2, tp, a3
core   0: 1 0x0000000080004bd6 (0x02d2493b) x18 0x0000000000000000
core   0: 0x0000000080004bda (0x00d05bbb) srlw    s7, zero, a3
core   0: 1 0x0000000080004bda (0x00d05bbb) x23 0x0000000000000000
core   0: 0x0000000080004bde (0x033b0a3b) mulw    s4, s6, s3
core   0: 1 0x0000000080004bde (0x033b0a3b) x20 0x0000000000000000
core   0: 0x0000000080004be2 (0x00146313) ori     t1, s0, 1
core   0: 1 0x0000000080004be2 (0x00146313) x6  0x0000000000000001
core   0: 0x0000000080004be6 (0x02a5093b) mulw    s2, a0, a0
core   0: 1 0x0000000080004be6 (0x02a5093b) x18 0x0000000000000001
core   0: 0x0000000080004bea (0x5a0179d3) fsqrt.d fs3, ft2
core   0: 1 0x0000000080004bea (0x5a0179d3) f19 0x0000000000000000
core   0: 0x0000000080004bee (0x00179273) csrrw   tp, fflags, a5
core   0: 1 0x0000000080004bee (0x00179273) x4  0x000000000000000e c1_fflags 0x0000000000000000
core   0: 0x0000000080004bf2 (0x02525693) srli    a3, tp, 37
core   0: 1 0x0000000080004bf2 (0x02525693) x13 0x0000000000000000
core   0: 0x0000000080004bf6 (0xd021f1d3) fcvt.s.l ft3, gp
core   0: 1 0x0000000080004bf6 (0xd021f1d3) f3  0xffffffff00000000
core   0: 0x0000000080004bfa (0x00171a73) csrrw   s4, fflags, a4
core   0: 1 0x0000000080004bfa (0x00171a73) x20 0x0000000000000000 c1_fflags 0x0000000000000008
core   0: 0x0000000080004bfe (0x02a893b3) mulh    t2, a7, a0
core   0: 1 0x0000000080004bfe (0x02a893b3) x7  0x0000000000000000
core   0: 0x0000000080004c02 (0x033c4e33) div     t3, s8, s3
core   0: 1 0x0000000080004c02 (0x033c4e33) x28 0x0000000000000000
core   0: 0x0000000080004c06 (0x8b39f0cb) fnmsub.d ft1, fs3, fs3, fa7
core   0: 1 0x0000000080004c06 (0x8b39f0cb) f1  0x7ff8000000000000
core   0: 0x0000000080004c0a (0x01dd7d33) and     s10, s10, t4
core   0: 1 0x0000000080004c0a (0x01dd7d33) x26 0x0000000000000047
core   0: 0x0000000080004c0e (0x41d505b3) sub     a1, a0, t4
core   0: 1 0x0000000080004c0e (0x41d505b3) x11 0xffffffffffffffb8
core   0: 0x0000000080004c12 (0x41a0003b) subw    zero, zero, s10
core   0: 1 0x0000000080004c12 (0x41a0003b)
core   0: 0x0000000080004c16 (0x7331f74b) fnmsub.d fa4, ft3, fs3, fa4
core   0: 1 0x0000000080004c16 (0x7331f74b) f14 0x7ff8000000000000
core   0: 0x0000000080004c1a (0x424bdb93) srai    s7, s7, 36
core   0: 1 0x0000000080004c1a (0x424bdb93) x23 0x0000000000000000
core   0: 0x0000000080004c1e (0x038c5c33) divu    s8, s8, s8
core   0: 1 0x0000000080004c1e (0x038c5c33) x24 0x0000000000000001
core   0: 0x0000000080004c22 (0x03f0f7d3) fadd.d  fa5, ft1, ft11
core   0: 1 0x0000000080004c22 (0x03f0f7d3) f15 0x7ff8000000000000
core   0: 0x0000000080004c26 (0xc03976d3) fcvt.lu.s a3, fs2
core   0: 1 0x0000000080004c26 (0xc03976d3) c1_fflags 0x0000000000000018 x13 0xffffffffffffffff
core   0: 0x0000000080004c2a (0x0299da3b) divuw   s4, s3, s1
core   0: 1 0x0000000080004c2a (0x0299da3b) x20 0x0000000000000000
core   0: 0x0000000080004c2e (0x41c6581b) sraiw   a6, a2, 28
core   0: 1 0x0000000080004c2e (0x41c6581b) x16 0x0000000000000000
core   0: 0x0000000080004c32 (0xd02e7dd3) fcvt.s.l fs11, t3
core   0: 1 0x0000000080004c32 (0xd02e7dd3) f27 0xffffffff00000000
core   0: 0x0000000080004c36 (0x01197933) and     s2, s2, a7
core   0: 1 0x0000000080004c36 (0x01197933) x18 0x0000000000000001
core   0: 0x0000000080004c3a (0x4016dd9b) sraiw   s11, a3, 1
core   0: 1 0x0000000080004c3a (0x4016dd9b) x27 0xffffffffffffffff
core   0: 0x0000000080004c3e (0x420d8c53) fcvt.d.s fs8, fs11
core   0: 1 0x0000000080004c3e (0x420d8c53) f24 0x0000000000000000
core   0: 0x0000000080004c42 (0x027a5e93) srli    t4, s4, 39
core   0: 1 0x0000000080004c42 (0x027a5e93) x29 0x0000000000000000
core   0: 0x0000000080004c46 (0xfffd4213) not     tp, s10
core   0: 1 0x0000000080004c46 (0xfffd4213) x4  0xffffffffffffffb8
core   0: 0x0000000080004c4a (0x8f0e4a37) lui     s4, 0x8f0e4
core   0: 1 0x0000000080004c4a (0x8f0e4a37) x20 0xffffffff8f0e4000
core   0: 0x0000000080004c4e (0x02024dbb) divw    s11, tp, zero
core   0: 1 0x0000000080004c4e (0x02024dbb) x27 0xffffffffffffffff
core   0: 0x0000000080004c52 (0xfff64613) not     a2, a2
core   0: 1 0x0000000080004c52 (0xfff64613) x12 0xffffffffffffffff
core   0: 0x0000000080004c56 (0x41205593) srai    a1, zero, 18
core   0: 1 0x0000000080004c56 (0x41205593) x11 0x0000000000000000
core   0: 0x0000000080004c5a (0x40760333) sub     t1, a2, t2
core   0: 1 0x0000000080004c5a (0x40760333) x6  0xffffffffffffffff
core   0: 0x0000000080004c5e (0x52b1f1cf) fnmadd.d ft3, ft3, fa1, fa0
core   0: 1 0x0000000080004c5e (0x52b1f1cf) f3  0x7ff8000000000000
core   0: 0x0000000080004c62 (0xaae46693) ori     a3, s0, -1362
core   0: 1 0x0000000080004c62 (0xaae46693) x13 0xfffffffffffffaaf
core   0: 0x0000000080004c66 (0x02dac833) div     a6, s5, a3
core   0: 1 0x0000000080004c66 (0x02dac833) x16 0x0000000000000000
core   0: 0x0000000080004c6a (0x23e5724b) fnmsub.d ft4, fa0, ft10, ft4
core   0: 1 0x0000000080004c6a (0x23e5724b) f4  0x7ff8000000000000
core   0: 0x0000000080004c6e (0xd22efa53) fcvt.d.l fs4, t4
core   0: 1 0x0000000080004c6e (0xd22efa53) f20 0x0000000000000000
core   0: 0x0000000080004c72 (0xc0237353) fcvt.l.s t1, ft6
core   0: 1 0x0000000080004c72 (0xc0237353) c1_fflags 0x0000000000000018 x6  0x7fffffffffffffff
core   0: 0x0000000080004c76 (0x00000001) c.nop
core   0: 1 0x0000000080004c76 (0x0001)
core   0: 0x0000000080004c78 (0x01d97d33) and     s10, s2, t4
core   0: 1 0x0000000080004c78 (0x01d97d33) x26 0x0000000000000000
core   0: 0x0000000080004c7c (0xb433051b) addiw   a0, t1, -1213
core   0: 1 0x0000000080004c7c (0xb433051b) x10 0xfffffffffffffb42
core   0: 0x0000000080004c80 (0x03a5673b) remw    a4, a0, s10
core   0: 1 0x0000000080004c80 (0x03a5673b) x14 0xfffffffffffffb42
core   0: 0x0000000080004c84 (0x120cf053) fmul.d  ft0, fs9, ft0
core   0: 1 0x0000000080004c84 (0x120cf053) f0  0x7ff8000000000000
core   0: 0x0000000080004c88 (0x4084da3b) sraw    s4, s1, s0
core   0: 1 0x0000000080004c88 (0x4084da3b) x20 0xffffffffd284edc1
core   0: 0x0000000080004c8c (0x8b0e5bb7) lui     s7, 0x8b0e5
core   0: 1 0x0000000080004c8c (0x8b0e5bb7) x23 0xffffffff8b0e5000
core   0: 0x0000000080004c90 (0x001b90bb) sllw    ra, s7, ra
core   0: 1 0x0000000080004c90 (0x001b90bb) x1  0xffffffff80000000
core   0: 0x0000000080004c94 (0x03a01c93) slli    s9, zero, 58
core   0: 1 0x0000000080004c94 (0x03a01c93) x25 0x0000000000000000
core   0: 0x0000000080004c98 (0x031d76cf) fnmadd.d fa3, fs10, fa7, ft0
core   0: 1 0x0000000080004c98 (0x031d76cf) f13 0x7ff8000000000000
core   0: 0x0000000080004c9c (0x40e757b3) sra     a5, a4, a4
core   0: 1 0x0000000080004c9c (0x40e757b3) x15 0xfffffffffffffed0
core   0: 0x0000000080004ca0 (0xe20100d3) fmv.x.d ra, ft2
core   0: 1 0x0000000080004ca0 (0xe20100d3) x1  0x0000000000000000
core   0: 0x0000000080004ca4 (0x00ae853b) addw    a0, t4, a0
core   0: 1 0x0000000080004ca4 (0x00ae853b) x10 0xfffffffffffffb42
core   0: 0x0000000080004ca8 (0x9c412c17) auipc   s8, 0x9c412
core   0: 1 0x0000000080004ca8 (0x9c412c17) x24 0x000000001c416ca8
core   0: 0x0000000080004cac (0xe20185d3) fmv.x.d a1, ft3
core   0: 1 0x0000000080004cac (0xe20185d3) x11 0x7ff8000000000000
core   0: 0x0000000080004cb0 (0x5f5a6e93) ori     t4, s4, 1525
core   0: 1 0x0000000080004cb0 (0x5f5a6e93) x29 0xffffffffd284edf5
core   0: 0x0000000080004cb4 (0xf62b0b17) auipc   s6, 0xf62b0
core   0: 1 0x0000000080004cb4 (0xf62b0b17) x22 0x00000000762b4cb4
core   0: 0x0000000080004cb8 (0x03b9b433) mulhu   s0, s3, s11
core   0: 1 0x0000000080004cb8 (0x03b9b433) x8  0x7fffffffffffffff
core   0: 0x0000000080004cbc (0x0017da33) srl     s4, a5, ra
core   0: 1 0x0000000080004cbc (0x0017da33) x20 0xfffffffffffffed0
core   0: 0x0000000080004cc0 (0xc02d7ad3) fcvt.l.s s5, fs10
core   0: 1 0x0000000080004cc0 (0xc02d7ad3) c1_fflags 0x0000000000000018 x21 0x7fffffffffffffff
core   0: 0x0000000080004cc4 (0xd220f753) fcvt.d.l fa4, ra
core   0: 1 0x0000000080004cc4 (0xd220f753) f14 0x0000000000000000
core   0: 0x0000000080004cc8 (0x00102d73) csrrs   s10, fflags, zero
core   0: 1 0x0000000080004cc8 (0x00102d73) x26 0x0000000000000018
core   0: 0x0000000080004ccc (0xe63d6213) ori     tp, s10, -413
core   0: 1 0x0000000080004ccc (0xe63d6213) x4  0xfffffffffffffe7b
core   0: 0x0000000080004cd0 (0x038a543b) divuw   s0, s4, s8
core   0: 1 0x0000000080004cd0 (0x038a543b) x8  0x0000000000000009
core   0: 0x0000000080004cd4 (0x00167d33) and     s10, a2, ra
core   0: 1 0x0000000080004cd4 (0x00167d33) x26 0x0000000000000000
core   0: 0x0000000080004cd8 (0x22360653) fsgnj.d fa2, fa2, ft3
core   0: 1 0x0000000080004cd8 (0x22360653) f12 0x0000000000000000
core   0: 0x0000000080004cdc (0x4166501b) sraiw   zero, a2, 22
core   0: 1 0x0000000080004cdc (0x4166501b)
core   0: 0x0000000080004ce0 (0xd237f353) fcvt.d.lu ft6, a5
core   0: 1 0x0000000080004ce0 (0xd237f353) c1_fflags 0x0000000000000019 f6  0x43efffffffffffff
core   0: 0x0000000080004ce4 (0xd027fbd3) fcvt.s.l fs7, a5
core   0: 1 0x0000000080004ce4 (0xd027fbd3) f23 0xffffffffc3980000
core   0: 0x0000000080004ce8 (0xa37b82d3) fle.d   t0, fs7, fs7
core   0: 1 0x0000000080004ce8 (0xa37b82d3) c1_fflags 0x0000000000000019 x5  0x0000000000000000
core   0: 0x0000000080004cec (0x4003873b) subw    a4, t2, zero
core   0: 1 0x0000000080004cec (0x4003873b) x14 0x0000000000000000
core   0: 0x0000000080004cf0 (0xc036fc53) fcvt.lu.s s8, fa3
core   0: 1 0x0000000080004cf0 (0xc036fc53) c1_fflags 0x0000000000000019 x24 0xffffffffffffffff
core   0: 0x0000000080004cf4 (0x022161b3) rem     gp, sp, sp
core   0: 1 0x0000000080004cf4 (0x022161b3) x3  0x0000000000000000
core   0: 0x0000000080004cf8 (0x02907433) remu    s0, zero, s1
core   0: 1 0x0000000080004cf8 (0x02907433) x8  0x0000000000000000
core   0: 0x0000000080004cfc (0xb612f613) andi    a2, t0, -1183
core   0: 1 0x0000000080004cfc (0xb612f613) x12 0x0000000000000000
core   0: 0x0000000080004d00 (0x0280f433) remu    s0, ra, s0
core   0: 1 0x0000000080004d00 (0x0280f433) x8  0x0000000000000000
core   0: 0x0000000080004d04 (0x00ecd2b3) srl     t0, s9, a4
core   0: 1 0x0000000080004d04 (0x00ecd2b3) x5  0x0000000000000000
core   0: 0x0000000080004d08 (0x404adab3) sra     s5, s5, tp
core   0: 1 0x0000000080004d08 (0x404adab3) x21 0x000000000000000f
core   0: 0x0000000080004d0c (0x5b85f5cf) fnmadd.d fa1, fa1, fs8, fa1
core   0: 1 0x0000000080004d0c (0x5b85f5cf) f11 0x8000000000000000
core   0: 0x0000000080004d10 (0x420006d3) fcvt.d.s fa3, ft0
core   0: 1 0x0000000080004d10 (0x420006d3) f13 0x7ff8000000000000
core   0: 0x0000000080004d14 (0x00009492) c.add   s1, tp
core   0: 1 0x0000000080004d14 (0x9492) x9  0x00000000a509d9fd
core   0: 0x0000000080004d16 (0xd235f0d3) fcvt.d.lu ft1, a1
core   0: 1 0x0000000080004d16 (0xd235f0d3) f1  0x43dffe0000000000
core   0: 0x0000000080004d1a (0x0008fc93) andi    s9, a7, 0
core   0: 1 0x0000000080004d1a (0x0008fc93) x25 0x0000000000000000
core   0: 0x0000000080004d1e (0x020c93b3) mulh    t2, s9, zero
core   0: 1 0x0000000080004d1e (0x020c93b3) x7  0x0000000000000000
core   0: 0x0000000080004d22 (0x008ada93) srli    s5, s5, 8
core   0: 1 0x0000000080004d22 (0x008ada93) x21 0x0000000000000000
core   0: 0x0000000080004d26 (0x2ab31353) fmax.d  ft6, ft6, fa1
core   0: 1 0x0000000080004d26 (0x2ab31353) f6  0x43efffffffffffff
core   0: 0x0000000080004d2a (0x003aa833) slt     a6, s5, gp
core   0: 1 0x0000000080004d2a (0x003aa833) x16 0x0000000000000000
core   0: 0x0000000080004d2e (0x0071da1b) srliw   s4, gp, 7
core   0: 1 0x0000000080004d2e (0x0071da1b) x20 0x0000000000000000
core   0: 0x0000000080004d32 (0x00102cf3) csrrs   s9, fflags, zero
core   0: 1 0x0000000080004d32 (0x00102cf3) x25 0x0000000000000019
core   0: 0x0000000080004d36 (0x00241b73) csrrw   s6, frm, s0
core   0: 1 0x0000000080004d36 (0x00241b73) x22 0x0000000000000001 c2_frm 0x0000000000000000
core   0: 0x0000000080004d3a (0x0004d99b) srliw   s3, s1, 0
core   0: 1 0x0000000080004d3a (0x0004d99b) x19 0xffffffffa509d9fd
core   0: 0x0000000080004d3e (0x326376cb) fnmsub.d fa3, ft6, ft6, ft6
core   0: 1 0x0000000080004d3e (0x326376cb) c1_fflags 0x0000000000000019 f13 0xc7effffffffffffe
core   0: 0x0000000080004d42 (0x5a0c7dd3) fsqrt.d fs11, fs8
core   0: 1 0x0000000080004d42 (0x5a0c7dd3) f27 0x0000000000000000
core   0: 0x0000000080004d46 (0x029081bb) mulw    gp, ra, s1
core   0: 1 0x0000000080004d46 (0x029081bb) x3  0x0000000000000000
core   0: 0x0000000080004d4a (0x0ff0000f) fence   iorw,iorw
core   0: 1 0x0000000080004d4a (0x0ff0000f)
core   0: 0x0000000080004d4e (0x00000001) c.nop
core   0: 1 0x0000000080004d4e (0x0001)
core   0: 0x0000000080004d50 (0x00374633) xor     a2, a4, gp
core   0: 1 0x0000000080004d50 (0x00374633) x12 0x0000000000000000
core   0: 0x0000000080004d54 (0xc229f953) fcvt.l.d s2, fs3
core   0: 1 0x0000000080004d54 (0xc229f953) x18 0x0000000000000000
core   0: 0x0000000080004d58 (0x6204f7c3) fmadd.d fa5, fs1, ft0, fa2
core   0: 1 0x0000000080004d58 (0x6204f7c3) f15 0x7ff8000000000000
core   0: 0x0000000080004d5c (0xd02977d3) fcvt.s.l fa5, s2
core   0: 1 0x0000000080004d5c (0xd02977d3) f15 0xffffffff00000000
core   0: 0x0000000080004d60 (0x5a017c53) fsqrt.d fs8, ft2
core   0: 1 0x0000000080004d60 (0x5a017c53) f24 0x0000000000000000
core   0: 0x0000000080004d64 (0x01476b33) or      s6, a4, s4
core   0: 1 0x0000000080004d64 (0x01476b33) x22 0x0000000000000000
core   0: 0x0000000080004d68 (0x0bbb79d3) fsub.d  fs3, fs6, fs11
core   0: 1 0x0000000080004d68 (0x0bbb79d3) f19 0x41efffffc8e00000
core   0: 0x0000000080004d6c (0x800ae993) ori     s3, s5, -2048
core   0: 1 0x0000000080004d6c (0x800ae993) x19 0xfffffffffffff800
core   0: 0x0000000080004d70 (0x22ad8e53) fsgnj.d ft8, fs11, fa0
core   0: 1 0x0000000080004d70 (0x22ad8e53) f28 0x0000000000000000
core   0: 0x0000000080004d74 (0xd9234ab7) lui     s5, 0xd9234
core   0: 1 0x0000000080004d74 (0xd9234ab7) x21 0xffffffffd9234000
core   0: 0x0000000080004d78 (0x14307a73) csrrci  s4, stval, 0
core   0: 1 0x0000000080004d78 (0x14307a73) x20 0x0000000000000000
core   0: 0x0000000080004d7c (0x015af333) and     t1, s5, s5
core   0: 1 0x0000000080004d7c (0x015af333) x6  0xffffffffd9234000
core   0: 0x0000000080004d80 (0xd20a0353) fcvt.d.w ft6, s4
core   0: 1 0x0000000080004d80 (0xd20a0353) f6  0x0000000000000000
core   0: 0x0000000080004d84 (0x03dff253) fadd.d  ft4, ft11, ft9
core   0: 1 0x0000000080004d84 (0x03dff253) f4  0x7ff8000000000000
core   0: 0x0000000080004d88 (0x0020953b) sllw    a0, ra, sp
core   0: 1 0x0000000080004d88 (0x0020953b) x10 0x0000000000000000
core   0: 0x0000000080004d8c (0x02eb4133) div     sp, s6, a4
core   0: 1 0x0000000080004d8c (0x02eb4133) x2  0xffffffffffffffff
core   0: 0x0000000080004d90 (0x01f55d9b) srliw   s11, a0, 31
core   0: 1 0x0000000080004d90 (0x01f55d9b) x27 0x0000000000000000
core   0: 0x0000000080004d94 (0x001140b3) xor     ra, sp, ra
core   0: 1 0x0000000080004d94 (0x001140b3) x1  0xffffffffffffffff
core   0: 0x0000000080004d98 (0xb02b2b73) csrrs   s6, minstret, s6
core   0: exception trap_illegal_instruction, epc 0x0000000080004d98
core   0:           tval 0x00000000b02b2b73
core   0: >>>>  $xrv64i2p1_m2p0_a2p1_f2p2_d2p2_zicsr2p0_zifencei2p0_zmmul1p0_zba1p0_zbb1p0_zbc1p0_zbs1p0
core   0: 0x0000000080004000 (0x0080006f) j       pc + 0x8
core   0: 3 0x0000000080004000 (0x0080006f)
core   0: >>>>  mmode_exception_handler
core   0: 0x0000000080004008 (0x00002c17) auipc   s8, 0x2
core   0: 3 0x0000000080004008 (0x00002c17) x24 0x0000000080006008
core   0: 0x000000008000400c (0x00ec0c13) addi    s8, s8, 14
core   0: 3 0x000000008000400c (0x00ec0c13) x24 0x0000000080006016
core   0: 0x0000000080004010 (0x000c00e7) jalr    s8
core   0: 3 0x0000000080004010 (0x000c00e7) x1  0x0000000080004014
core   0: >>>>  any_handler
core   0: 0x0000000080006016 (0x341027f3) csrrs   a5, mepc, zero
core   0: 3 0x0000000080006016 (0x341027f3) x15 0x0000000080004d98
core   0: 0x000000008000601a (0x34202773) csrrs   a4, mcause, zero
core   0: 3 0x000000008000601a (0x34202773) x14 0x0000000000000002
core   0: 0x000000008000601e (0x142026f3) csrrs   a3, scause, zero
core   0: 3 0x000000008000601e (0x142026f3) x13 0x0000000000000001
core   0: 0x0000000080006022 (0x30402673) csrrs   a2, mie, zero
core   0: 3 0x0000000080006022 (0x30402673) x12 0x0000000000000a00
core   0: 0x0000000080006026 (0x344025f3) csrrs   a1, mip, zero
core   0: 3 0x0000000080006026 (0x344025f3) x11 0x0000000000000080
core   0: 0x000000008000602a (0x343025f3) csrrs   a1, mtval, zero
core   0: 3 0x000000008000602a (0x343025f3) x11 0x00000000b02b2b73
core   0: 0x000000008000602e (0x14302573) csrrs   a0, stval, zero
core   0: 3 0x000000008000602e (0x14302573) x10 0x0000000000000000
core   0: 0x0000000080006032 (0xb02024f3) csrrs   s1, minstret, zero
core   0: 3 0x0000000080006032 (0xb02024f3) x9  0x0000000000000c19
core   0: 0x0000000080006036 (0x0000a811) c.j     pc + 20
core   0: 3 0x0000000080006036 (0xa811)
core   0: >>>>  mepc_4
core   0: 0x000000008000604a (0x00000791) c.addi  a5, 4
core   0: 3 0x000000008000604a (0x0791) x15 0x0000000080004d9c
core   0: 0x000000008000604c (0x34179073) csrrw   zero, mepc, a5
core   0: 3 0x000000008000604c (0x34179073) c833_mepc 0x0000000080004d9c
core   0: 0x0000000080006050 (0x30200073) mret
core   0: 3 0x0000000080006050 (0x30200073) c768_mstatus 0x8000000a00106080
core   0: 0x0000000080004d9c (0xd238fe53) fcvt.d.lu ft8, a7
core   0: 1 0x0000000080004d9c (0xd238fe53) c1_fflags 0x0000000000000019 f28 0x43f0000000000000
core   0: 0x0000000080004da0 (0xfff74c93) not     s9, a4
core   0: 1 0x0000000080004da0 (0xfff74c93) x25 0xfffffffffffffffd
core   0: 0x0000000080004da4 (0x014cd6bb) srlw    a3, s9, s4
core   0: 1 0x0000000080004da4 (0x014cd6bb) x13 0xfffffffffffffffd
core   0: 0x0000000080004da8 (0x02fb0833) mul     a6, s6, a5
core   0: 1 0x0000000080004da8 (0x02fb0833) x16 0x0000000000000000
core   0: 0x0000000080004dac (0x02d81493) slli    s1, a6, 45
core   0: 1 0x0000000080004dac (0x02d81493) x9  0x0000000000000000
core   0: 0x0000000080004db0 (0x0394fc3b) remuw   s8, s1, s9
core   0: 1 0x0000000080004db0 (0x0394fc3b) x24 0x0000000000000000
core   0: 0x0000000080004db4 (0x0384da33) divu    s4, s1, s8
core   0: 1 0x0000000080004db4 (0x0384da33) x20 0xffffffffffffffff
core   0: 0x0000000080004db8 (0x00000001) c.nop
core   0: 1 0x0000000080004db8 (0x0001)
core   0: 0x0000000080004dba (0x015a8abb) addw    s5, s5, s5
core   0: 1 0x0000000080004dba (0x015a8abb) x21 0xffffffffb2468000
core   0: 0x0000000080004dbe (0x0321cb33) div     s6, gp, s2
core   0: 1 0x0000000080004dbe (0x0321cb33) x22 0xffffffffffffffff
core   0: 0x0000000080004dc2 (0x021b2b33) mulhsu  s6, s6, ra
core   0: 1 0x0000000080004dc2 (0x021b2b33) x22 0xffffffffffffffff
core   0: 0x0000000080004dc6 (0xf70c9297) auipc   t0, 0xf70c9
core   0: 1 0x0000000080004dc6 (0xf70c9297) x5  0x00000000770cddc6
core   0: 0x0000000080004dca (0xc0347853) fcvt.lu.s a6, fs0
core   0: 1 0x0000000080004dca (0xc0347853) c1_fflags 0x0000000000000019 x16 0xffffffffffffffff
core   0: 0x0000000080004dce (0x028819b3) mulh    s3, a6, s0
core   0: 1 0x0000000080004dce (0x028819b3) x19 0x0000000000000000
core   0: 0x0000000080004dd2 (0x000b1c13) slli    s8, s6, 0
core   0: 1 0x0000000080004dd2 (0x000b1c13) x24 0xffffffffffffffff
core   0: 0x0000000080004dd6 (0xc03e7bd3) fcvt.lu.s s7, ft8
core   0: 1 0x0000000080004dd6 (0xc03e7bd3) c1_fflags 0x0000000000000019 x23 0xffffffffffffffff
core   0: 0x0000000080004dda (0x00a15033) srl     zero, sp, a0
core   0: 1 0x0000000080004dda (0x00a15033)
core   0: 0x0000000080004dde (0x001a509b) srliw   ra, s4, 1
core   0: 1 0x0000000080004dde (0x001a509b) x1  0x000000007fffffff
core   0: 0x0000000080004de2 (0xe2807b4b) fnmsub.d fs6, ft0, fs0, ft8
core   0: 1 0x0000000080004de2 (0xe2807b4b) f22 0x7ff8000000000000
core   0: 0x0000000080004de6 (0xb327ac13) slti    s8, a5, -1230
core   0: 1 0x0000000080004de6 (0xb327ac13) x24 0x0000000000000000
core   0: 0x0000000080004dea (0x03b9cb3b) divw    s6, s3, s11
core   0: 1 0x0000000080004dea (0x03b9cb3b) x22 0xffffffffffffffff
core   0: 0x0000000080004dee (0x011d969b) slliw   a3, s11, 17
core   0: 1 0x0000000080004dee (0x011d969b) x13 0x0000000000000000
core   0: 0x0000000080004df2 (0x00e146b3) xor     a3, sp, a4
core   0: 1 0x0000000080004df2 (0x00e146b3) x13 0xfffffffffffffffd
core   0: 0x0000000080004df6 (0xd0287cd3) fcvt.s.l fs9, a6
core   0: 1 0x0000000080004df6 (0xd0287cd3) f25 0xffffffffbf800000
core   0: 0x0000000080004dfa (0x0ff0000f) fence   iorw,iorw
core   0: 1 0x0000000080004dfa (0x0ff0000f)
core   0: 0x0000000080004dfe (0x00199b9b) slliw   s7, s3, 1
core   0: 1 0x0000000080004dfe (0x00199b9b) x23 0x0000000000000000
core   0: 0x0000000080004e02 (0x401cf3d3) fcvt.s.d ft7, fs9
core   0: 1 0x0000000080004e02 (0x401cf3d3) f7  0xffffffff7fc00000
core   0: 0x0000000080004e06 (0x00138e13) addi    t3, t2, 1
core   0: 1 0x0000000080004e06 (0x00138e13) x28 0x0000000000000001
core   0: 0x0000000080004e0a (0xe33afa47) fmsub.d fs4, fs5, fs3, ft8
core   0: 1 0x0000000080004e0a (0xe33afa47) f20 0x7ff8000000000000
core   0: 0x0000000080004e0e (0x00000001) c.nop
core   0: 1 0x0000000080004e0e (0x0001)
core   0: 0x0000000080004e10 (0x02b2593b) divuw   s2, tp, a1
core   0: 1 0x0000000080004e10 (0x02b2593b) x18 0x0000000000000001
core   0: 0x0000000080004e14 (0x01915b33) srl     s6, sp, s9
core   0: 1 0x0000000080004e14 (0x01915b33) x22 0x0000000000000007
core   0: 0x0000000080004e18 (0x22c393d3) fsgnjn.d ft7, ft7, fa2
core   0: 1 0x0000000080004e18 (0x22c393d3) f7  0xffffffff7fc00000
core   0: 0x0000000080004e1c (0xe2060453) fmv.x.d s0, fa2
core   0: 1 0x0000000080004e1c (0xe2060453) x8  0x0000000000000000
core   0: 0x0000000080004e20 (0x001410f3) csrrw   ra, fflags, s0
core   0: 1 0x0000000080004e20 (0x001410f3) x1  0x0000000000000019 c1_fflags 0x0000000000000000
core   0: 0x0000000080004e24 (0x401bffd3) fcvt.s.d ft11, fs7
core   0: 1 0x0000000080004e24 (0x401bffd3) f31 0xffffffff7fc00000
core   0: 0x0000000080004e28 (0xc23b73d3) fcvt.lu.d t2, fs6
core   0: 1 0x0000000080004e28 (0xc23b73d3) c1_fflags 0x0000000000000010 x7  0xffffffffffffffff
core   0: 0x0000000080004e2c (0xa3f38b53) fle.d   s6, ft7, ft11
core   0: 1 0x0000000080004e2c (0xa3f38b53) c1_fflags 0x0000000000000010 x22 0x0000000000000000
core   0: 0x0000000080004e30 (0x02a6eabb) remw    s5, a3, a0
core   0: 1 0x0000000080004e30 (0x02a6eabb) x21 0xfffffffffffffffd
core   0: 0x0000000080004e34 (0xd2050453) fcvt.d.w fs0, a0
core   0: 1 0x0000000080004e34 (0xd2050453) f8  0x0000000000000000
core   0: 0x0000000080004e38 (0xe1eee713) ori     a4, t4, -482
core   0: 1 0x0000000080004e38 (0xe1eee713) x14 0xffffffffffffffff
core   0: 0x0000000080004e3c (0xe20f85d3) fmv.x.d a1, ft11
core   0: 1 0x0000000080004e3c (0xe20f85d3) x11 0xffffffff7fc00000
core   0: 0x0000000080004e40 (0x03ab4433) div     s0, s6, s10
core   0: 1 0x0000000080004e40 (0x03ab4433) x8  0xffffffffffffffff
core   0: 0x0000000080004e44 (0x00231df3) csrrw   s11, frm, t1
core   0: 1 0x0000000080004e44 (0x00231df3) x27 0x0000000000000000 c2_frm 0x0000000000000000
core   0: 0x0000000080004e48 (0x60b2b113) sltiu   sp, t0, 1547
core   0: 1 0x0000000080004e48 (0x60b2b113) x2  0x0000000000000000
core   0: 0x0000000080004e4c (0xc20ff0d3) fcvt.w.d ra, ft11
core   0: 1 0x0000000080004e4c (0xc20ff0d3) c1_fflags 0x0000000000000010 x1  0x000000007fffffff
core   0: 0x0000000080004e50 (0x0220e2b3) rem     t0, ra, sp
core   0: 1 0x0000000080004e50 (0x0220e2b3) x5  0x000000007fffffff
core   0: 0x0000000080004e54 (0x40195dbb) sraw    s11, s2, ra
core   0: 1 0x0000000080004e54 (0x40195dbb) x27 0x0000000000000000
core   0: 0x0000000080004e58 (0x0018c8b3) xor     a7, a7, ra
core   0: 1 0x0000000080004e58 (0x0018c8b3) x17 0xffffffff800001b8
core   0: 0x0000000080004e5c (0x00102cf3) csrrs   s9, fflags, zero
core   0: 1 0x0000000080004e5c (0x00102cf3) x25 0x0000000000000010
core   0: 0x0000000080004e60 (0x0063123b) sllw    tp, t1, t1
core   0: 1 0x0000000080004e60 (0x0063123b) x4  0xffffffffd9234000
core   0: 0x0000000080004e64 (0x03d75b3b) divuw   s6, a4, t4
core   0: 1 0x0000000080004e64 (0x03d75b3b) x22 0x0000000000000001
core   0: 0x0000000080004e68 (0x4196563b) sraw    a2, a2, s9
core   0: 1 0x0000000080004e68 (0x4196563b) x12 0x0000000000000000
core   0: 0x0000000080004e6c (0x420381d3) fcvt.d.s ft3, ft7
core   0: 1 0x0000000080004e6c (0x420381d3) f3  0x7ff8000000000000
core   0: 0x0000000080004e70 (0x0018e893) ori     a7, a7, 1
core   0: 1 0x0000000080004e70 (0x0018e893) x17 0xffffffff800001b9
core   0: 0x0000000080004e74 (0xc21a7dd3) fcvt.wu.d s11, fs4
core   0: 1 0x0000000080004e74 (0xc21a7dd3) c1_fflags 0x0000000000000010 x27 0xffffffffffffffff
core   0: 0x0000000080004e78 (0x2b831653) fmax.d  fa2, ft6, fs8
core   0: 1 0x0000000080004e78 (0x2b831653) f12 0x0000000000000000
core   0: 0x0000000080004e7c (0xd03dfad3) fcvt.s.lu fs5, s11
core   0: 1 0x0000000080004e7c (0xd03dfad3) c1_fflags 0x0000000000000011 f21 0xffffffff5f800000
core   0: 0x0000000080004e80 (0xd1348e1b) addiw   t3, s1, -749
core   0: 1 0x0000000080004e80 (0xd1348e1b) x28 0xfffffffffffffd13
core   0: 0x0000000080004e84 (0x2a500053) fmin.d  ft0, ft0, ft5
core   0: 1 0x0000000080004e84 (0x2a500053) f0  0x7ff8000000000000
core   0: 0x0000000080004e88 (0x0004899b) sext.w  s3, s1
core   0: 1 0x0000000080004e88 (0x0004899b) x19 0x0000000000000000
core   0: 0x0000000080004e8c (0x00747bb3) and     s7, s0, t2
core   0: 1 0x0000000080004e8c (0x00747bb3) x23 0xffffffffffffffff
core   0: 0x0000000080004e90 (0x01f6171b) slliw   a4, a2, 31
core   0: 1 0x0000000080004e90 (0x01f6171b) x14 0x0000000000000000
core   0: 0x0000000080004e94 (0x00102ef3) csrrs   t4, fflags, zero
core   0: 1 0x0000000080004e94 (0x00102ef3) x29 0x0000000000000011
core   0: 0x0000000080004e98 (0x2d2e8a13) addi    s4, t4, 722
core   0: 1 0x0000000080004e98 (0x2d2e8a13) x20 0x00000000000002e3
core   0: 0x0000000080004e9c (0x002190f3) csrrw   ra, frm, gp
core   0: 1 0x0000000080004e9c (0x002190f3) x1  0x0000000000000000 c2_frm 0x0000000000000000
core   0: 0x0000000080004ea0 (0x29a5081b) addiw   a6, a0, 666
core   0: 1 0x0000000080004ea0 (0x29a5081b) x16 0x000000000000029a
core   0: 0x0000000080004ea4 (0x002450b3) srl     ra, s0, sp
core   0: 1 0x0000000080004ea4 (0x002450b3) x1  0xffffffffffffffff
core   0: 0x0000000080004ea8 (0x0190d913) srli    s2, ra, 25
core   0: 1 0x0000000080004ea8 (0x0190d913) x18 0x0000007fffffffff
core   0: 0x0000000080004eac (0xc36bfc4b) fnmsub.d fs8, fs7, fs6, fs8
core   0: 1 0x0000000080004eac (0xc36bfc4b) f24 0x7ff8000000000000
core   0: 0x0000000080004eb0 (0x420006d3) fcvt.d.s fa3, ft0
core   0: 1 0x0000000080004eb0 (0x420006d3) f13 0x7ff8000000000000
core   0: 0x0000000080004eb4 (0xb2cb70c3) fmadd.d ft1, fs6, fa2, fs6
core   0: 1 0x0000000080004eb4 (0xb2cb70c3) f1  0x7ff8000000000000
core   0: 0x0000000080004eb8 (0x02d60d3b) mulw    s10, a2, a3
core   0: 1 0x0000000080004eb8 (0x02d60d3b) x26 0x0000000000000000
core   0: 0x0000000080004ebc (0x40d55013) srai    zero, a0, 13
core   0: 1 0x0000000080004ebc (0x40d55013)
core   0: 0x0000000080004ec0 (0x31a050f3) csrrwi  ra, menvcfgh, 0
core   0: exception trap_illegal_instruction, epc 0x0000000080004ec0
core   0:           tval 0x0000000031a050f3
core   0: >>>>  $xrv64i2p1_m2p0_a2p1_f2p2_d2p2_zicsr2p0_zifencei2p0_zmmul1p0_zba1p0_zbb1p0_zbc1p0_zbs1p0
core   0: 0x0000000080004000 (0x0080006f) j       pc + 0x8
core   0: 3 0x0000000080004000 (0x0080006f)
core   0: >>>>  mmode_exception_handler
core   0: 0x0000000080004008 (0x00002c17) auipc   s8, 0x2
core   0: 3 0x0000000080004008 (0x00002c17) x24 0x0000000080006008
core   0: 0x000000008000400c (0x00ec0c13) addi    s8, s8, 14
core   0: 3 0x000000008000400c (0x00ec0c13) x24 0x0000000080006016
core   0: 0x0000000080004010 (0x000c00e7) jalr    s8
core   0: 3 0x0000000080004010 (0x000c00e7) x1  0x0000000080004014
core   0: >>>>  any_handler
core   0: 0x0000000080006016 (0x341027f3) csrrs   a5, mepc, zero
core   0: 3 0x0000000080006016 (0x341027f3) x15 0x0000000080004ec0
core   0: 0x000000008000601a (0x34202773) csrrs   a4, mcause, zero
core   0: 3 0x000000008000601a (0x34202773) x14 0x0000000000000002
core   0: 0x000000008000601e (0x142026f3) csrrs   a3, scause, zero
core   0: 3 0x000000008000601e (0x142026f3) x13 0x0000000000000001
core   0: 0x0000000080006022 (0x30402673) csrrs   a2, mie, zero
core   0: 3 0x0000000080006022 (0x30402673) x12 0x0000000000000a00
core   0: 0x0000000080006026 (0x344025f3) csrrs   a1, mip, zero
core   0: 3 0x0000000080006026 (0x344025f3) x11 0x0000000000000080
core   0: 0x000000008000602a (0x343025f3) csrrs   a1, mtval, zero
core   0: 3 0x000000008000602a (0x343025f3) x11 0x0000000031a050f3
core   0: 0x000000008000602e (0x14302573) csrrs   a0, stval, zero
core   0: 3 0x000000008000602e (0x14302573) x10 0x0000000000000000
core   0: 0x0000000080006032 (0xb02024f3) csrrs   s1, minstret, zero
core   0: 3 0x0000000080006032 (0xb02024f3) x9  0x0000000000000c73
core   0: 0x0000000080006036 (0x0000a811) c.j     pc + 20
core   0: 3 0x0000000080006036 (0xa811)
core   0: >>>>  mepc_4
core   0: 0x000000008000604a (0x00000791) c.addi  a5, 4
core   0: 3 0x000000008000604a (0x0791) x15 0x0000000080004ec4
core   0: 0x000000008000604c (0x34179073) csrrw   zero, mepc, a5
core   0: 3 0x000000008000604c (0x34179073) c833_mepc 0x0000000080004ec4
core   0: 0x0000000080006050 (0x30200073) mret
core   0: 3 0x0000000080006050 (0x30200073) c768_mstatus 0x8000000a00106080
core   0: 0x0000000080004ec4 (0x0322c033) div     zero, t0, s2
core   0: 1 0x0000000080004ec4 (0x0322c033)
core   0: 0x0000000080004ec8 (0x013d5433) srl     s0, s10, s3
core   0: 1 0x0000000080004ec8 (0x013d5433) x8  0x0000000000000000
core   0: 0x0000000080004ecc (0xa38f8cd3) fle.d   s9, ft11, fs8
core   0: 1 0x0000000080004ecc (0xa38f8cd3) c1_fflags 0x0000000000000011 x25 0x0000000000000000
core   0: 0x0000000080004ed0 (0x0390b0b3) mulhu   ra, ra, s9
core   0: 1 0x0000000080004ed0 (0x0390b0b3) x1  0x0000000000000000
core   0: 0x0000000080004ed4 (0x9893aa93) slti    s5, t2, -1655
core   0: 1 0x0000000080004ed4 (0x9893aa93) x21 0x0000000000000000
core   0: 0x0000000080004ed8 (0xd2118c53) fcvt.d.wu fs8, gp
core   0: 1 0x0000000080004ed8 (0xd2118c53) f24 0x0000000000000000
core   0: 0x0000000080004edc (0x00122bb3) slt     s7, tp, ra
core   0: 1 0x0000000080004edc (0x00122bb3) x23 0x0000000000000001
core   0: 0x0000000080004ee0 (0x00117233) and     tp, sp, ra
core   0: 1 0x0000000080004ee0 (0x00117233) x4  0x0000000000000000
core   0: 0x0000000080004ee4 (0x0000959e) c.add   a1, t2
core   0: 1 0x0000000080004ee4 (0x959e) x11 0x0000000031a050f2
core   0: 0x0000000080004ee6 (0xfda7f437) lui     s0, 0xfda7f
core   0: 1 0x0000000080004ee6 (0xfda7f437) x8  0xfffffffffda7f000
core   0: 0x0000000080004eea (0x4854041b) addiw   s0, s0, 1157
core   0: 1 0x0000000080004eea (0x4854041b) x8  0xfffffffffda7f485
core   0: 0x0000000080004eee (0x00000436) c.slli  s0, 13
core   0: 1 0x0000000080004eee (0x0436) x8  0xffffffb4fe90a000
core   0: 0x0000000080004ef0 (0x8d740413) addi    s0, s0, -1833
core   0: 1 0x0000000080004ef0 (0x8d740413) x8  0xffffffb4fe9098d7
core   0: 0x0000000080004ef4 (0x00202673) csrrs   a2, frm, zero
core   0: 1 0x0000000080004ef4 (0x00202673) x12 0x0000000000000000
core   0: 0x0000000080004ef8 (0x41f9551b) sraiw   a0, s2, 31
core   0: 1 0x0000000080004ef8 (0x41f9551b) x10 0xffffffffffffffff
core   0: 0x0000000080004efc (0xe20608d3) fmv.x.d a7, fa2
core   0: 1 0x0000000080004efc (0xe20608d3) x17 0x0000000000000000
core   0: 0x0000000080004f00 (0x135af4d3) fmul.d  fs1, fs5, fs5
core   0: 1 0x0000000080004f00 (0x135af4d3) f9  0x7ff8000000000000
core   0: 0x0000000080004f04 (0x0ff0000f) fence   iorw,iorw
core   0: 1 0x0000000080004f04 (0x0ff0000f)
core   0: 0x0000000080004f08 (0x00202173) csrrs   sp, frm, zero
core   0: 1 0x0000000080004f08 (0x00202173) x2  0x0000000000000000
core   0: 0x0000000080004f0c (0x02f4b4b3) mulhu   s1, s1, a5
core   0: 1 0x0000000080004f0c (0x02f4b4b3) x9  0x0000000000000000
core   0: 0x0000000080004f10 (0x022a92b3) mulh    t0, s5, sp
core   0: 1 0x0000000080004f10 (0x022a92b3) x5  0x0000000000000000
core   0: 0x0000000080004f14 (0x00001a7a) c.slli  s4, 62
core   0: 1 0x0000000080004f14 (0x1a7a) x20 0xc000000000000000
core   0: 0x0000000080004f16 (0xc023f253) fcvt.l.s tp, ft7
core   0: 1 0x0000000080004f16 (0xc023f253) c1_fflags 0x0000000000000011 x4  0x7fffffffffffffff
core   0: 0x0000000080004f1a (0x00000001) c.nop
core   0: 1 0x0000000080004f1a (0x0001)
core   0: 0x0000000080004f1c (0xfed8cbb7) lui     s7, 0xfed8c
core   0: 1 0x0000000080004f1c (0xfed8cbb7) x23 0xfffffffffed8c000
core   0: 0x0000000080004f20 (0xcadb8b9b) addiw   s7, s7, -851
core   0: 1 0x0000000080004f20 (0xcadb8b9b) x23 0xfffffffffed8bcad
core   0: 0x0000000080004f24 (0x00000bb6) c.slli  s7, 13
core   0: 1 0x0000000080004f24 (0x0bb6) x23 0xffffffdb1795a000
core   0: 0x0000000080004f26 (0xea1b8b93) addi    s7, s7, -351
core   0: 1 0x0000000080004f26 (0xea1b8b93) x23 0xffffffdb17959ea1
core   0: 0x0000000080004f2a (0x03701db3) mulh    s11, zero, s7
core   0: 1 0x0000000080004f2a (0x03701db3) x27 0x0000000000000000
core   0: 0x0000000080004f2e (0x41c68433) sub     s0, a3, t3
core   0: 1 0x0000000080004f2e (0x41c68433) x8  0x00000000000002ee
core   0: 0x0000000080004f32 (0x40d28233) sub     tp, t0, a3
core   0: 1 0x0000000080004f32 (0x40d28233) x4  0xffffffffffffffff
core   0: 0x0000000080004f36 (0x0008991b) slliw   s2, a7, 0
core   0: 1 0x0000000080004f36 (0x0008991b) x18 0x0000000000000000
core   0: 0x0000000080004f3a (0xad496213) ori     tp, s2, -1324
core   0: 1 0x0000000080004f3a (0xad496213) x4  0xfffffffffffffad4
core   0: 0x0000000080004f3e (0x412953bb) sraw    t2, s2, s2
core   0: 1 0x0000000080004f3e (0x412953bb) x7  0x0000000000000000
core   0: 0x0000000080004f42 (0x5ba8fd4f) fnmadd.d fs10, fa7, fs10, fa1
core   0: 1 0x0000000080004f42 (0x5ba8fd4f) f26 0x7ff8000000000000
core   0: 0x0000000080004f46 (0xa1f2e613) ori     a2, t0, -1505
core   0: 1 0x0000000080004f46 (0xa1f2e613) x12 0xfffffffffffffa1f
core   0: 0x0000000080004f4a (0x035c5cb3) divu    s9, s8, s5
core   0: 1 0x0000000080004f4a (0x035c5cb3) x25 0xffffffffffffffff
core   0: 0x0000000080004f4e (0x5a097f53) fsqrt.d ft10, fs2
core   0: 1 0x0000000080004f4e (0x5a097f53) f30 0x0000000000000000
core   0: 0x0000000080004f52 (0x13a6f153) fmul.d  ft2, fa3, fs10
core   0: 1 0x0000000080004f52 (0x13a6f153) f2  0x7ff8000000000000
core   0: 0x0000000080004f56 (0xb8255b73) csrrwi  s6, minstreth, 10
core   0: exception trap_illegal_instruction, epc 0x0000000080004f56
core   0:           tval 0x00000000b8255b73
core   0: >>>>  $xrv64i2p1_m2p0_a2p1_f2p2_d2p2_zicsr2p0_zifencei2p0_zmmul1p0_zba1p0_zbb1p0_zbc1p0_zbs1p0
core   0: 0x0000000080004000 (0x0080006f) j       pc + 0x8
core   0: 3 0x0000000080004000 (0x0080006f)
core   0: >>>>  mmode_exception_handler
core   0: 0x0000000080004008 (0x00002c17) auipc   s8, 0x2
core   0: 3 0x0000000080004008 (0x00002c17) x24 0x0000000080006008
core   0: 0x000000008000400c (0x00ec0c13) addi    s8, s8, 14
core   0: 3 0x000000008000400c (0x00ec0c13) x24 0x0000000080006016
core   0: 0x0000000080004010 (0x000c00e7) jalr    s8
core   0: 3 0x0000000080004010 (0x000c00e7) x1  0x0000000080004014
core   0: >>>>  any_handler
core   0: 0x0000000080006016 (0x341027f3) csrrs   a5, mepc, zero
core   0: 3 0x0000000080006016 (0x341027f3) x15 0x0000000080004f56
core   0: 0x000000008000601a (0x34202773) csrrs   a4, mcause, zero
core   0: 3 0x000000008000601a (0x34202773) x14 0x0000000000000002
core   0: 0x000000008000601e (0x142026f3) csrrs   a3, scause, zero
core   0: 3 0x000000008000601e (0x142026f3) x13 0x0000000000000001
core   0: 0x0000000080006022 (0x30402673) csrrs   a2, mie, zero
core   0: 3 0x0000000080006022 (0x30402673) x12 0x0000000000000a00
core   0: 0x0000000080006026 (0x344025f3) csrrs   a1, mip, zero
core   0: 3 0x0000000080006026 (0x344025f3) x11 0x0000000000000080
core   0: 0x000000008000602a (0x343025f3) csrrs   a1, mtval, zero
core   0: 3 0x000000008000602a (0x343025f3) x11 0x00000000b8255b73
core   0: 0x000000008000602e (0x14302573) csrrs   a0, stval, zero
core   0: 3 0x000000008000602e (0x14302573) x10 0x0000000000000000
core   0: 0x0000000080006032 (0xb02024f3) csrrs   s1, minstret, zero
core   0: 3 0x0000000080006032 (0xb02024f3) x9  0x0000000000000caa
core   0: 0x0000000080006036 (0x0000a811) c.j     pc + 20
core   0: 3 0x0000000080006036 (0xa811)
core   0: >>>>  mepc_4
core   0: 0x000000008000604a (0x00000791) c.addi  a5, 4
core   0: 3 0x000000008000604a (0x0791) x15 0x0000000080004f5a
core   0: 0x000000008000604c (0x34179073) csrrw   zero, mepc, a5
core   0: 3 0x000000008000604c (0x34179073) c833_mepc 0x0000000080004f5a
core   0: 0x0000000080006050 (0x30200073) mret
core   0: 3 0x0000000080006050 (0x30200073) c768_mstatus 0x8000000a00106080
core   0: 0x0000000080004f5a (0x41e25593) srai    a1, tp, 30
core   0: 1 0x0000000080004f5a (0x41e25593) x11 0xffffffffffffffff
core   0: 0x0000000080004f5e (0x02be9eb3) mulh    t4, t4, a1
core   0: 1 0x0000000080004f5e (0x02be9eb3) x29 0xffffffffffffffff
core   0: 0x0000000080004f62 (0xc03971d3) fcvt.lu.s gp, fs2
core   0: 1 0x0000000080004f62 (0xc03971d3) c1_fflags 0x0000000000000011 x3  0xffffffffffffffff
core   0: 0x0000000080004f66 (0x001210bb) sllw    ra, tp, ra
core   0: 1 0x0000000080004f66 (0x001210bb) x1  0xffffffffad400000
core   0: 0x0000000080004f6a (0xbe01f513) andi    a0, gp, -1056
core   0: 1 0x0000000080004f6a (0xbe01f513) x10 0xfffffffffffffbe0
core   0: 0x0000000080004f6e (0x022afcd3) fadd.d  fs9, fs5, ft2
core   0: 1 0x0000000080004f6e (0x022afcd3) f25 0x7ff8000000000000
core   0: 0x0000000080004f72 (0xc220fc53) fcvt.l.d s8, ft1
core   0: 1 0x0000000080004f72 (0xc220fc53) c1_fflags 0x0000000000000011 x24 0x7fffffffffffffff
core   0: 0x0000000080004f76 (0x00f87133) and     sp, a6, a5
core   0: 1 0x0000000080004f76 (0x00f87133) x2  0x000000000000021a
core   0: 0x0000000080004f7a (0x01f69e9b) slliw   t4, a3, 31
core   0: 1 0x0000000080004f7a (0x01f69e9b) x29 0xffffffff80000000
core   0: 0x0000000080004f7e (0x00000001) c.nop
core   0: 1 0x0000000080004f7e (0x0001)
core   0: 0x0000000080004f80 (0x02985c33) divu    s8, a6, s1
core   0: 1 0x0000000080004f80 (0x02985c33) x24 0x0000000000000000
core   0: 0x0000000080004f84 (0x40bd5733) sra     a4, s10, a1
core   0: 1 0x0000000080004f84 (0x40bd5733) x14 0x0000000000000000
core   0: 0x0000000080004f88 (0xc0257153) fcvt.l.s sp, fa0
core   0: 1 0x0000000080004f88 (0xc0257153) c1_fflags 0x0000000000000011 x2  0x7fffffffffffffff
core   0: 0x0000000080004f8c (0x00245433) srl     s0, s0, sp
core   0: 1 0x0000000080004f8c (0x00245433) x8  0x0000000000000000
core   0: 0x0000000080004f90 (0x4015d793) srai    a5, a1, 1
core   0: 1 0x0000000080004f90 (0x4015d793) x15 0xffffffffffffffff
core   0: 0x0000000080004f94 (0x5a00f053) fsqrt.d ft0, ft1
core   0: 1 0x0000000080004f94 (0x5a00f053) f0  0x7ff8000000000000
core   0: 0x0000000080004f98 (0x01141333) sll     t1, s0, a7
core   0: 1 0x0000000080004f98 (0x01141333) x6  0x0000000000000000
core   0: 0x0000000080004f9c (0x236129d3) fsgnjx.d fs3, ft2, fs6
core   0: 1 0x0000000080004f9c (0x236129d3) f19 0x7ff8000000000000
core   0: 0x0000000080004fa0 (0xf3e27247) fmsub.d ft4, ft4, ft10, ft10
core   0: 1 0x0000000080004fa0 (0xf3e27247) f4  0x7ff8000000000000
core   0: 0x0000000080004fa4 (0x40185b9b) sraiw   s7, a6, 1
core   0: 1 0x0000000080004fa4 (0x40185b9b) x23 0x000000000000014d
core   0: 0x0000000080004fa8 (0xa29982d3) fle.d   t0, fs3, fs1
core   0: 1 0x0000000080004fa8 (0xa29982d3) c1_fflags 0x0000000000000011 x5  0x0000000000000000
core   0: 0x0000000080004fac (0xf20c0553) fmv.d.x fa0, s8
core   0: 1 0x0000000080004fac (0xf20c0553) f10 0x0000000000000000
core   0: 0x0000000080004fb0 (0x00000001) c.nop
core   0: 1 0x0000000080004fb0 (0x0001)
core   0: 0x0000000080004fb2 (0xd20d03d3) fcvt.d.w ft7, s10
core   0: 1 0x0000000080004fb2 (0xd20d03d3) f7  0x0000000000000000
core   0: 0x0000000080004fb6 (0x01199e13) slli    t3, s3, 17
core   0: 1 0x0000000080004fb6 (0x01199e13) x28 0x0000000000000000
core   0: 0x0000000080004fba (0xd20206d3) fcvt.d.w fa3, tp
core   0: 1 0x0000000080004fba (0xd20206d3) f13 0xc094b00000000000
core   0: 0x0000000080004fbe (0x015edeb3) srl     t4, t4, s5
core   0: 1 0x0000000080004fbe (0x015edeb3) x29 0xffffffff80000000
core   0: 0x0000000080004fc2 (0x418d0e3b) subw    t3, s10, s8
core   0: 1 0x0000000080004fc2 (0x418d0e3b) x28 0x0000000000000000
core   0: 0x0000000080004fc6 (0x40e782b3) sub     t0, a5, a4
core   0: 1 0x0000000080004fc6 (0x40e782b3) x5  0xffffffffffffffff
core   0: 0x0000000080004fca (0x034a5933) divu    s2, s4, s4
core   0: 1 0x0000000080004fca (0x034a5933) x18 0x0000000000000001
core   0: 0x0000000080004fce (0x012563b3) or      t2, a0, s2
core   0: 1 0x0000000080004fce (0x012563b3) x7  0xfffffffffffffbe1
core   0: 0x0000000080004fd2 (0x03320433) mul     s0, tp, s3
core   0: 1 0x0000000080004fd2 (0x03320433) x8  0x0000000000000000
core   0: 0x0000000080004fd6 (0x0027d233) srl     tp, a5, sp
core   0: 1 0x0000000080004fd6 (0x0027d233) x4  0x0000000000000001
core   0: 0x0000000080004fda (0x024df43b) remuw   s0, s11, tp
core   0: 1 0x0000000080004fda (0x024df43b) x8  0x0000000000000000
core   0: 0x0000000080004fde (0x016209b3) add     s3, tp, s6
core   0: 1 0x0000000080004fde (0x016209b3) x19 0x0000000000000002
core   0: 0x0000000080004fe2 (0x40a8073b) subw    a4, a6, a0
core   0: 1 0x0000000080004fe2 (0x40a8073b) x14 0x00000000000006ba
core   0: 0x0000000080004fe6 (0x1b9a7e53) fdiv.d  ft8, fs4, fs9
core   0: 1 0x0000000080004fe6 (0x1b9a7e53) f28 0x7ff8000000000000
core   0: 0x0000000080004fea (0x800d899b) addiw   s3, s11, -2048
core   0: 1 0x0000000080004fea (0x800d899b) x19 0xfffffffffffff800
core   0: 0x0000000080004fee (0x01d29c9b) slliw   s9, t0, 29
core   0: 1 0x0000000080004fee (0x01d29c9b) x25 0xffffffffe0000000
core   0: 0x0000000080004ff2 (0x037d4e3b) divw    t3, s10, s7
core   0: 1 0x0000000080004ff2 (0x037d4e3b) x28 0x0000000000000000
core   0: 0x0000000080004ff6 (0xd2000fd3) fcvt.d.w ft11, zero
core   0: 1 0x0000000080004ff6 (0xd2000fd3) f31 0x0000000000000000
core   0: 0x0000000080004ffa (0xd03d79d3) fcvt.s.lu fs3, s10
core   0: 1 0x0000000080004ffa (0xd03d79d3) f19 0xffffffff00000000
core   0: 0x0000000080004ffe (0x00202473) csrrs   s0, frm, zero
core   0: 1 0x0000000080004ffe (0x00202473) x8  0x0000000000000000
core   0: 0x0000000080005002 (0x00000001) c.nop
core   0: 1 0x0000000080005002 (0x0001)
core   0: 0x0000000080005004 (0xc02bf1d3) fcvt.l.s gp, fs7
core   0: 1 0x0000000080005004 (0xc02bf1d3) x3  0xfffffffffffffed0
core   0: 0x0000000080005008 (0x032c093b) mulw    s2, s8, s2
core   0: 1 0x0000000080005008 (0x032c093b) x18 0x0000000000000000
core   0: 0x000000008000500c (0x037bc5bb) divw    a1, s7, s7
core   0: 1 0x000000008000500c (0x037bc5bb) x11 0x0000000000000001
core   0: 0x0000000080005010 (0x406d8233) sub     tp, s11, t1
core   0: 1 0x0000000080005010 (0x406d8233) x4  0x0000000000000000
core   0: 0x0000000080005014 (0xd025f753) fcvt.s.l fa4, a1
core   0: 1 0x0000000080005014 (0xd025f753) f14 0xffffffff3f800000
core   0: 0x0000000080005018 (0x084ebd97) auipc   s11, 0x84eb
core   0: 1 0x0000000080005018 (0x084ebd97) x27 0x00000000884f0018
core   0: 0x000000008000501c (0x003a16bb) sllw    a3, s4, gp
core   0: 1 0x000000008000501c (0x003a16bb) x13 0x0000000000000000
core   0: 0x0000000080005020 (0xc2177053) fcvt.wu.d zero, fa4
core   0: 1 0x0000000080005020 (0xc2177053) c1_fflags 0x0000000000000011
core   0: 0x0000000080005024 (0xa30c93d3) flt.d   t2, fs9, fa6
core   0: 1 0x0000000080005024 (0xa30c93d3) c1_fflags 0x0000000000000011 x7  0x0000000000000000
core   0: 0x0000000080005028 (0x737bfb47) fmsub.d fs6, fs7, fs7, fa4
core   0: 1 0x0000000080005028 (0x737bfb47) f22 0x7ff8000000000000
core   0: 0x000000008000502c (0x55d4011b) addiw   sp, s0, 1373
core   0: 1 0x000000008000502c (0x55d4011b) x2  0x000000000000055d
core   0: 0x0000000080005030 (0x00145e13) srli    t3, s0, 1
core   0: 1 0x0000000080005030 (0x00145e13) x28 0x0000000000000000
core   0: 0x0000000080005034 (0x2541049b) addiw   s1, sp, 596
core   0: 1 0x0000000080005034 (0x2541049b) x9  0x00000000000007b1
core   0: 0x0000000080005038 (0x00bcf7b3) and     a5, s9, a1
core   0: 1 0x0000000080005038 (0x00bcf7b3) x15 0x0000000000000000
core   0: 0x000000008000503c (0xc2177053) fcvt.wu.d zero, fa4
core   0: 1 0x000000008000503c (0xc2177053) c1_fflags 0x0000000000000011
core   0: 0x0000000080005040 (0x02ec75d3) fadd.d  fa1, fs8, fa4
core   0: 1 0x0000000080005040 (0x02ec75d3) f11 0x7ff8000000000000
core   0: 0x0000000080005044 (0xfff06713) ori     a4, zero, -1
core   0: 1 0x0000000080005044 (0xfff06713) x14 0xffffffffffffffff
core   0: 0x0000000080005048 (0xc98b7e93) andi    t4, s6, -872
core   0: 1 0x0000000080005048 (0xc98b7e93) x29 0x0000000000000000
core   0: 0x000000008000504c (0x00202373) csrrs   t1, frm, zero
core   0: 1 0x000000008000504c (0x00202373) x6  0x0000000000000000
core   0: 0x0000000080005050 (0x41f15b9b) sraiw   s7, sp, 31
core   0: 1 0x0000000080005050 (0x41f15b9b) x23 0x0000000000000000
core   0: 0x0000000080005054 (0x02f3839b) addiw   t2, t2, 47
core   0: 1 0x0000000080005054 (0x02f3839b) x7  0x000000000000002f
core   0: 0x0000000080005058 (0x5a027953) fsqrt.d fs2, ft4
core   0: 1 0x0000000080005058 (0x5a027953) f18 0x7ff8000000000000
core   0: 0x000000008000505c (0xd22bfad3) fcvt.d.l fs5, s7
core   0: 1 0x000000008000505c (0xd22bfad3) f21 0x0000000000000000
core   0: 0x0000000080005060 (0x00000001) c.nop
core   0: 1 0x0000000080005060 (0x0001)
core   0: 0x0000000080005062 (0x007408bb) addw    a7, s0, t2
core   0: 1 0x0000000080005062 (0x007408bb) x17 0x000000000000002f
core   0: 0x0000000080005066 (0x002422b3) slt     t0, s0, sp
core   0: 1 0x0000000080005066 (0x002422b3) x5  0x0000000000000001
core   0: 0x000000008000506a (0xd230f453) fcvt.d.lu fs0, ra
core   0: 1 0x000000008000506a (0xd230f453) f8  0x43effffffff5a800
core   0: 0x000000008000506e (0x0172cdb3) xor     s11, t0, s7
core   0: 1 0x000000008000506e (0x0172cdb3) x27 0x0000000000000001
core   0: 0x0000000080005072 (0x1b78f9d3) fdiv.d  fs3, fa7, fs7
core   0: 1 0x0000000080005072 (0x1b78f9d3) f19 0x7ff8000000000000
core   0: 0x0000000080005076 (0x80028b13) addi    s6, t0, -2048
core   0: 1 0x0000000080005076 (0x80028b13) x22 0xfffffffffffff801
core   0: 0x000000008000507a (0x2b788253) fmin.d  ft4, fa7, fs7
core   0: 1 0x000000008000507a (0x2b788253) f4  0x7ff8000000000000
core   0: 0x000000008000507e (0x032c743b) remuw   s0, s8, s2
core   0: 1 0x000000008000507e (0x032c743b) x8  0x0000000000000000
core   0: 0x0000000080005082 (0x029a74b3) remu    s1, s4, s1
core   0: 1 0x0000000080005082 (0x029a74b3) x9  0x000000000000048f
core   0: 0x0000000080005086 (0x43fa5013) srai    zero, s4, 63
core   0: 1 0x0000000080005086 (0x43fa5013)
core   0: 0x000000008000508a (0x00ba993b) sllw    s2, s5, a1
core   0: 1 0x000000008000508a (0x00ba993b) x18 0x0000000000000000
core   0: 0x000000008000508e (0x1a1ff047) fmsub.d ft0, ft11, ft1, ft3
core   0: 1 0x000000008000508e (0x1a1ff047) f0  0x7ff8000000000000
core   0: 0x0000000080005092 (0x402ed81b) sraiw   a6, t4, 2
core   0: 1 0x0000000080005092 (0x402ed81b) x16 0x0000000000000000
core   0: 0x0000000080005096 (0xfaa0e7b7) lui     a5, 0xfaa0e
core   0: 1 0x0000000080005096 (0xfaa0e7b7) x15 0xfffffffffaa0e000
core   0: 0x000000008000509a (0x41d7879b) addiw   a5, a5, 1053
core   0: 1 0x000000008000509a (0x41d7879b) x15 0xfffffffffaa0e41d
core   0: 0x000000008000509e (0x000007b2) c.slli  a5, 12
core   0: 1 0x000000008000509e (0x07b2) x15 0xffffffaa0e41d000
core   0: 0x00000000800050a0 (0x70578793) addi    a5, a5, 1797
core   0: 1 0x00000000800050a0 (0x70578793) x15 0xffffffaa0e41d705
core   0: 0x00000000800050a4 (0xd2008c53) fcvt.d.w fs8, ra
core   0: 1 0x00000000800050a4 (0xd2008c53) f24 0xc1d4b00000000000
core   0: 0x00000000800050a8 (0x320e34f3) csrrc   s1, mcountinhibit, t3
core   0: exception trap_illegal_instruction, epc 0x00000000800050a8
core   0:           tval 0x00000000320e34f3
core   0: >>>>  $xrv64i2p1_m2p0_a2p1_f2p2_d2p2_zicsr2p0_zifencei2p0_zmmul1p0_zba1p0_zbb1p0_zbc1p0_zbs1p0
core   0: 0x0000000080004000 (0x0080006f) j       pc + 0x8
core   0: 3 0x0000000080004000 (0x0080006f)
core   0: >>>>  mmode_exception_handler
core   0: 0x0000000080004008 (0x00002c17) auipc   s8, 0x2
core   0: 3 0x0000000080004008 (0x00002c17) x24 0x0000000080006008
core   0: 0x000000008000400c (0x00ec0c13) addi    s8, s8, 14
core   0: 3 0x000000008000400c (0x00ec0c13) x24 0x0000000080006016
core   0: 0x0000000080004010 (0x000c00e7) jalr    s8
core   0: 3 0x0000000080004010 (0x000c00e7) x1  0x0000000080004014
core   0: >>>>  any_handler
core   0: 0x0000000080006016 (0x341027f3) csrrs   a5, mepc, zero
core   0: 3 0x0000000080006016 (0x341027f3) x15 0x00000000800050a8
core   0: 0x000000008000601a (0x34202773) csrrs   a4, mcause, zero
core   0: 3 0x000000008000601a (0x34202773) x14 0x0000000000000002
core   0: 0x000000008000601e (0x142026f3) csrrs   a3, scause, zero
core   0: 3 0x000000008000601e (0x142026f3) x13 0x0000000000000001
core   0: 0x0000000080006022 (0x30402673) csrrs   a2, mie, zero
core   0: 3 0x0000000080006022 (0x30402673) x12 0x0000000000000a00
core   0: 0x0000000080006026 (0x344025f3) csrrs   a1, mip, zero
core   0: 3 0x0000000080006026 (0x344025f3) x11 0x0000000000000080
core   0: 0x000000008000602a (0x343025f3) csrrs   a1, mtval, zero
core   0: 3 0x000000008000602a (0x343025f3) x11 0x00000000320e34f3
core   0: 0x000000008000602e (0x14302573) csrrs   a0, stval, zero
core   0: 3 0x000000008000602e (0x14302573) x10 0x0000000000000000
core   0: 0x0000000080006032 (0xb02024f3) csrrs   s1, minstret, zero
core   0: 3 0x0000000080006032 (0xb02024f3) x9  0x0000000000000d10
core   0: 0x0000000080006036 (0x0000a811) c.j     pc + 20
core   0: 3 0x0000000080006036 (0xa811)
core   0: >>>>  mepc_4
core   0: 0x000000008000604a (0x00000791) c.addi  a5, 4
core   0: 3 0x000000008000604a (0x0791) x15 0x00000000800050ac
core   0: 0x000000008000604c (0x34179073) csrrw   zero, mepc, a5
core   0: 3 0x000000008000604c (0x34179073) c833_mepc 0x00000000800050ac
core   0: 0x0000000080006050 (0x30200073) mret
core   0: 3 0x0000000080006050 (0x30200073) c768_mstatus 0x8000000a00106080
core   0: 0x00000000800050ac (0x019cedb3) or      s11, s9, s9
core   0: 1 0x00000000800050ac (0x019cedb3) x27 0xffffffffe0000000
core   0: 0x00000000800050b0 (0x0021113b) sllw    sp, sp, sp
core   0: 1 0x00000000800050b0 (0x0021113b) x2  0xffffffffa0000000
core   0: 0x00000000800050b4 (0xe6b14193) xori    gp, sp, -405
core   0: 1 0x00000000800050b4 (0xe6b14193) x3  0x000000005ffffe6b
core   0: 0x00000000800050b8 (0x0339d733) divu    a4, s3, s3
core   0: 1 0x00000000800050b8 (0x0339d733) x14 0x0000000000000001
core   0: 0x00000000800050bc (0x00209a73) csrrw   s4, frm, ra
core   0: 1 0x00000000800050bc (0x00209a73) x20 0x0000000000000000 c2_frm 0x0000000000000004
core   0: 0x00000000800050c0 (0x414ad53b) sraw    a0, s5, s4
core   0: 1 0x00000000800050c0 (0x414ad53b) x10 0x0000000000000000
core   0: 0x00000000800050c4 (0xfffde213) ori     tp, s11, -1
core   0: 1 0x00000000800050c4 (0xfffde213) x4  0xffffffffffffffff
core   0: 0x00000000800050c8 (0x8002029b) addiw   t0, tp, -2048
core   0: 1 0x00000000800050c8 (0x8002029b) x5  0xfffffffffffff7ff
core   0: 0x00000000800050cc (0xc05fddf3) csrrwi  s11, hpmcounter5, 31
core   0: exception trap_illegal_instruction, epc 0x00000000800050cc
core   0:           tval 0x00000000c05fddf3
core   0: >>>>  $xrv64i2p1_m2p0_a2p1_f2p2_d2p2_zicsr2p0_zifencei2p0_zmmul1p0_zba1p0_zbb1p0_zbc1p0_zbs1p0
core   0: 0x0000000080004000 (0x0080006f) j       pc + 0x8
core   0: 3 0x0000000080004000 (0x0080006f)
core   0: >>>>  mmode_exception_handler
core   0: 0x0000000080004008 (0x00002c17) auipc   s8, 0x2
core   0: 3 0x0000000080004008 (0x00002c17) x24 0x0000000080006008
core   0: 0x000000008000400c (0x00ec0c13) addi    s8, s8, 14
core   0: 3 0x000000008000400c (0x00ec0c13) x24 0x0000000080006016
core   0: 0x0000000080004010 (0x000c00e7) jalr    s8
core   0: 3 0x0000000080004010 (0x000c00e7) x1  0x0000000080004014
core   0: >>>>  any_handler
core   0: 0x0000000080006016 (0x341027f3) csrrs   a5, mepc, zero
core   0: 3 0x0000000080006016 (0x341027f3) x15 0x00000000800050cc
core   0: 0x000000008000601a (0x34202773) csrrs   a4, mcause, zero
core   0: 3 0x000000008000601a (0x34202773) x14 0x0000000000000002
core   0: 0x000000008000601e (0x142026f3) csrrs   a3, scause, zero
core   0: 3 0x000000008000601e (0x142026f3) x13 0x0000000000000001
core   0: 0x0000000080006022 (0x30402673) csrrs   a2, mie, zero
core   0: 3 0x0000000080006022 (0x30402673) x12 0x0000000000000a00
core   0: 0x0000000080006026 (0x344025f3) csrrs   a1, mip, zero
core   0: 3 0x0000000080006026 (0x344025f3) x11 0x0000000000000080
core   0: 0x000000008000602a (0x343025f3) csrrs   a1, mtval, zero
core   0: 3 0x000000008000602a (0x343025f3) x11 0x00000000c05fddf3
core   0: 0x000000008000602e (0x14302573) csrrs   a0, stval, zero
core   0: 3 0x000000008000602e (0x14302573) x10 0x0000000000000000
core   0: 0x0000000080006032 (0xb02024f3) csrrs   s1, minstret, zero
core   0: 3 0x0000000080006032 (0xb02024f3) x9  0x0000000000000d28
core   0: 0x0000000080006036 (0x0000a811) c.j     pc + 20
core   0: 3 0x0000000080006036 (0xa811)
core   0: >>>>  mepc_4
core   0: 0x000000008000604a (0x00000791) c.addi  a5, 4
core   0: 3 0x000000008000604a (0x0791) x15 0x00000000800050d0
core   0: 0x000000008000604c (0x34179073) csrrw   zero, mepc, a5
core   0: 3 0x000000008000604c (0x34179073) c833_mepc 0x00000000800050d0
core   0: 0x0000000080006050 (0x30200073) mret
core   0: 3 0x0000000080006050 (0x30200073) c768_mstatus 0x8000000a00106080
core   0: 0x00000000800050d0 (0x40360cb3) sub     s9, a2, gp
core   0: 1 0x00000000800050d0 (0x40360cb3) x25 0xffffffffa0000b95
core   0: 0x00000000800050d4 (0x002a9b73) csrrw   s6, frm, s5
core   0: 1 0x00000000800050d4 (0x002a9b73) x22 0x0000000000000004 c2_frm 0x0000000000000000
core   0: 0x00000000800050d8 (0x00000001) c.nop
core   0: 1 0x00000000800050d8 (0x0001)
core   0: 0x00000000800050da (0x42000853) fcvt.d.s fa6, ft0
core   0: 1 0x00000000800050da (0x42000853) f16 0x7ff8000000000000
core   0: 0x00000000800050de (0xfc8a57b7) lui     a5, 0xfc8a5
core   0: 1 0x00000000800050de (0xfc8a57b7) x15 0xfffffffffc8a5000
core   0: 0x00000000800050e2 (0x5ab7879b) addiw   a5, a5, 1451
core   0: 1 0x00000000800050e2 (0x5ab7879b) x15 0xfffffffffc8a55ab
core   0: 0x00000000800050e6 (0x000007b6) c.slli  a5, 13
core   0: 1 0x00000000800050e6 (0x07b6) x15 0xffffff914ab56000
core   0: 0x00000000800050e8 (0x9d078793) addi    a5, a5, -1584
core   0: 1 0x00000000800050e8 (0x9d078793) x15 0xffffff914ab559d0
core   0: 0x00000000800050ec (0x00ecdc3b) srlw    s8, s9, a4
core   0: 1 0x00000000800050ec (0x00ecdc3b) x24 0x00000000280002e5
core   0: 0x00000000800050f0 (0x00b09493) slli    s1, ra, 11
core   0: 1 0x00000000800050f0 (0x00b09493) x9  0x000004000200a000
core   0: 0x00000000800050f4 (0x00bf75b7) lui     a1, 0xbf7
core   0: 1 0x00000000800050f4 (0x00bf75b7) x11 0x0000000000bf7000
core   0: 0x00000000800050f8 (0x1ef5859b) addiw   a1, a1, 495
core   0: 1 0x00000000800050f8 (0x1ef5859b) x11 0x0000000000bf71ef
core   0: 0x00000000800050fc (0x000005ba) c.slli  a1, 14
core   0: 1 0x00000000800050fc (0x05ba) x11 0x0000002fdc7bc000
core   0: 0x00000000800050fe (0xd0958593) addi    a1, a1, -759
core   0: 1 0x00000000800050fe (0xd0958593) x11 0x0000002fdc7bbd09
core   0: 0x0000000080005102 (0xc05067f3) csrrsi  a5, hpmcounter5, 0
core   0: exception trap_illegal_instruction, epc 0x0000000080005102
core   0:           tval 0x00000000c05067f3
core   0: >>>>  $xrv64i2p1_m2p0_a2p1_f2p2_d2p2_zicsr2p0_zifencei2p0_zmmul1p0_zba1p0_zbb1p0_zbc1p0_zbs1p0
core   0: 0x0000000080004000 (0x0080006f) j       pc + 0x8
core   0: 3 0x0000000080004000 (0x0080006f)
core   0: >>>>  mmode_exception_handler
core   0: 0x0000000080004008 (0x00002c17) auipc   s8, 0x2
core   0: 3 0x0000000080004008 (0x00002c17) x24 0x0000000080006008
core   0: 0x000000008000400c (0x00ec0c13) addi    s8, s8, 14
core   0: 3 0x000000008000400c (0x00ec0c13) x24 0x0000000080006016
core   0: 0x0000000080004010 (0x000c00e7) jalr    s8
core   0: 3 0x0000000080004010 (0x000c00e7) x1  0x0000000080004014
core   0: >>>>  any_handler
core   0: 0x0000000080006016 (0x341027f3) csrrs   a5, mepc, zero
core   0: 3 0x0000000080006016 (0x341027f3) x15 0x0000000080005102
core   0: 0x000000008000601a (0x34202773) csrrs   a4, mcause, zero
core   0: 3 0x000000008000601a (0x34202773) x14 0x0000000000000002
core   0: 0x000000008000601e (0x142026f3) csrrs   a3, scause, zero
core   0: 3 0x000000008000601e (0x142026f3) x13 0x0000000000000001
core   0: 0x0000000080006022 (0x30402673) csrrs   a2, mie, zero
core   0: 3 0x0000000080006022 (0x30402673) x12 0x0000000000000a00
core   0: 0x0000000080006026 (0x344025f3) csrrs   a1, mip, zero
core   0: 3 0x0000000080006026 (0x344025f3) x11 0x0000000000000080
core   0: 0x000000008000602a (0x343025f3) csrrs   a1, mtval, zero
core   0: 3 0x000000008000602a (0x343025f3) x11 0x00000000c05067f3
core   0: 0x000000008000602e (0x14302573) csrrs   a0, stval, zero
core   0: 3 0x000000008000602e (0x14302573) x10 0x0000000000000000
core   0: 0x0000000080006032 (0xb02024f3) csrrs   s1, minstret, zero
core   0: 3 0x0000000080006032 (0xb02024f3) x9  0x0000000000000d46
core   0: 0x0000000080006036 (0x0000a811) c.j     pc + 20
core   0: 3 0x0000000080006036 (0xa811)
core   0: >>>>  mepc_4
core   0: 0x000000008000604a (0x00000791) c.addi  a5, 4
core   0: 3 0x000000008000604a (0x0791) x15 0x0000000080005106
core   0: 0x000000008000604c (0x34179073) csrrw   zero, mepc, a5
core   0: 3 0x000000008000604c (0x34179073) c833_mepc 0x0000000080005106
core   0: 0x0000000080006050 (0x30200073) mret
core   0: 3 0x0000000080006050 (0x30200073) c768_mstatus 0x8000000a00106080
core   0: 0x0000000080005106 (0x00001ac6) c.slli  s5, 49
core   0: 1 0x0000000080005106 (0x1ac6) x21 0x0000000000000000
core   0: 0x0000000080005108 (0x4b230937) lui     s2, 0x4b230
core   0: 1 0x0000000080005108 (0x4b230937) x18 0x000000004b230000
core   0: 0x000000008000510c (0x0136d99b) srliw   s3, a3, 19
core   0: 1 0x000000008000510c (0x0136d99b) x19 0x0000000000000000
core   0: 0x0000000080005110 (0x035beab3) rem     s5, s7, s5
core   0: 1 0x0000000080005110 (0x035beab3) x21 0x0000000000000000
core   0: 0x0000000080005114 (0x0ff0000f) fence   iorw,iorw
core   0: 1 0x0000000080005114 (0x0ff0000f)
core   0: 0x0000000080005118 (0xb3096713) ori     a4, s2, -1232
core   0: 1 0x0000000080005118 (0xb3096713) x14 0xfffffffffffffb30
core   0: 0x000000008000511c (0x13007053) fmul.d  ft0, ft0, fa6
core   0: 1 0x000000008000511c (0x13007053) f0  0x7ff8000000000000
core   0: 0x0000000080005120 (0xc0307453) fcvt.lu.s s0, ft0
core   0: 1 0x0000000080005120 (0xc0307453) c1_fflags 0x0000000000000011 x8  0xffffffffffffffff
core   0: 0x0000000080005124 (0x0245733b) remuw   t1, a0, tp
core   0: 1 0x0000000080005124 (0x0245733b) x6  0x0000000000000000
core   0: 0x0000000080005128 (0xc03c7c53) fcvt.lu.s s8, fs8
core   0: 1 0x0000000080005128 (0xc03c7c53) c1_fflags 0x0000000000000011 x24 0xffffffffffffffff
core   0: 0x000000008000512c (0xc22ef8d3) fcvt.l.d a7, ft9
core   0: 1 0x000000008000512c (0xc22ef8d3) x17 0x0000000000000000
core   0: 0x0000000080005130 (0x42e0db13) srai    s6, ra, 46
core   0: 1 0x0000000080005130 (0x42e0db13) x22 0x0000000000000000
core   0: 0x0000000080005134 (0x40115d9b) sraiw   s11, sp, 1
core   0: 1 0x0000000080005134 (0x40115d9b) x27 0xffffffffd0000000
core   0: 0x0000000080005138 (0xc0207cd3) fcvt.l.s s9, ft0
core   0: 1 0x0000000080005138 (0xc0207cd3) c1_fflags 0x0000000000000011 x25 0x7fffffffffffffff
core   0: 0x000000008000513c (0x0ae7fad3) fsub.d  fs5, fa5, fa4
core   0: 1 0x000000008000513c (0x0ae7fad3) f21 0x7ff8000000000000
core   0: 0x0000000080005140 (0x018cfeb3) and     t4, s9, s8
core   0: 1 0x0000000080005140 (0x018cfeb3) x29 0x7fffffffffffffff
core   0: 0x0000000080005144 (0xc04b1af3) csrrw   s5, hpmcounter4, s6
core   0: exception trap_illegal_instruction, epc 0x0000000080005144
core   0:           tval 0x00000000c04b1af3
core   0: >>>>  $xrv64i2p1_m2p0_a2p1_f2p2_d2p2_zicsr2p0_zifencei2p0_zmmul1p0_zba1p0_zbb1p0_zbc1p0_zbs1p0
core   0: 0x0000000080004000 (0x0080006f) j       pc + 0x8
core   0: 3 0x0000000080004000 (0x0080006f)
core   0: >>>>  mmode_exception_handler
core   0: 0x0000000080004008 (0x00002c17) auipc   s8, 0x2
core   0: 3 0x0000000080004008 (0x00002c17) x24 0x0000000080006008
core   0: 0x000000008000400c (0x00ec0c13) addi    s8, s8, 14
core   0: 3 0x000000008000400c (0x00ec0c13) x24 0x0000000080006016
core   0: 0x0000000080004010 (0x000c00e7) jalr    s8
core   0: 3 0x0000000080004010 (0x000c00e7) x1  0x0000000080004014
core   0: >>>>  any_handler
core   0: 0x0000000080006016 (0x341027f3) csrrs   a5, mepc, zero
core   0: 3 0x0000000080006016 (0x341027f3) x15 0x0000000080005144
core   0: 0x000000008000601a (0x34202773) csrrs   a4, mcause, zero
core   0: 3 0x000000008000601a (0x34202773) x14 0x0000000000000002
core   0: 0x000000008000601e (0x142026f3) csrrs   a3, scause, zero
core   0: 3 0x000000008000601e (0x142026f3) x13 0x0000000000000001
core   0: 0x0000000080006022 (0x30402673) csrrs   a2, mie, zero
core   0: 3 0x0000000080006022 (0x30402673) x12 0x0000000000000a00
core   0: 0x0000000080006026 (0x344025f3) csrrs   a1, mip, zero
core   0: 3 0x0000000080006026 (0x344025f3) x11 0x0000000000000080
core   0: 0x000000008000602a (0x343025f3) csrrs   a1, mtval, zero
core   0: 3 0x000000008000602a (0x343025f3) x11 0x00000000c04b1af3
core   0: 0x000000008000602e (0x14302573) csrrs   a0, stval, zero
core   0: 3 0x000000008000602e (0x14302573) x10 0x0000000000000000
core   0: 0x0000000080006032 (0xb02024f3) csrrs   s1, minstret, zero
core   0: 3 0x0000000080006032 (0xb02024f3) x9  0x0000000000000d66
core   0: 0x0000000080006036 (0x0000a811) c.j     pc + 20
core   0: 3 0x0000000080006036 (0xa811)
core   0: >>>>  mepc_4
core   0: 0x000000008000604a (0x00000791) c.addi  a5, 4
core   0: 3 0x000000008000604a (0x0791) x15 0x0000000080005148
core   0: 0x000000008000604c (0x34179073) csrrw   zero, mepc, a5
core   0: 3 0x000000008000604c (0x34179073) c833_mepc 0x0000000080005148
core   0: 0x0000000080006050 (0x30200073) mret
core   0: 3 0x0000000080006050 (0x30200073) c768_mstatus 0x8000000a00106080
core   0: 0x0000000080005148 (0xa2000053) fle.d   zero, ft0, ft0
core   0: 1 0x0000000080005148 (0xa2000053) c1_fflags 0x0000000000000011
core   0: 0x000000008000514c (0x0214cdb3) div     s11, s1, ra
core   0: 1 0x000000008000514c (0x0214cdb3) x27 0x0000000000000000
core   0: 0x0000000080005150 (0x41ba803b) subw    zero, s5, s11
core   0: 1 0x0000000080005150 (0x41ba803b)
core   0: 0x0000000080005154 (0x00189b93) slli    s7, a7, 1
core   0: 1 0x0000000080005154 (0x00189b93) x23 0x0000000000000000
core   0: 0x0000000080005158 (0x00000001) c.nop
core   0: 1 0x0000000080005158 (0x0001)
core   0: 0x000000008000515a (0x9b5a7447) fmsub.d fs0, fs4, fs5, fs3
core   0: 1 0x000000008000515a (0x9b5a7447) f8  0x7ff8000000000000
core   0: 0x000000008000515e (0x017790b3) sll     ra, a5, s7
core   0: 1 0x000000008000515e (0x017790b3) x1  0x0000000080005148
core   0: 0x0000000080005162 (0xd03bfdd3) fcvt.s.lu fs11, s7
core   0: 1 0x0000000080005162 (0xd03bfdd3) f27 0xffffffff00000000
core   0: 0x0000000080005166 (0x31a0dc73) csrrwi  s8, menvcfgh, 1
core   0: exception trap_illegal_instruction, epc 0x0000000080005166
core   0:           tval 0x0000000031a0dc73
core   0: >>>>  $xrv64i2p1_m2p0_a2p1_f2p2_d2p2_zicsr2p0_zifencei2p0_zmmul1p0_zba1p0_zbb1p0_zbc1p0_zbs1p0
core   0: 0x0000000080004000 (0x0080006f) j       pc + 0x8
core   0: 3 0x0000000080004000 (0x0080006f)
core   0: >>>>  mmode_exception_handler
core   0: 0x0000000080004008 (0x00002c17) auipc   s8, 0x2
core   0: 3 0x0000000080004008 (0x00002c17) x24 0x0000000080006008
core   0: 0x000000008000400c (0x00ec0c13) addi    s8, s8, 14
core   0: 3 0x000000008000400c (0x00ec0c13) x24 0x0000000080006016
core   0: 0x0000000080004010 (0x000c00e7) jalr    s8
core   0: 3 0x0000000080004010 (0x000c00e7) x1  0x0000000080004014
core   0: >>>>  any_handler
core   0: 0x0000000080006016 (0x341027f3) csrrs   a5, mepc, zero
core   0: 3 0x0000000080006016 (0x341027f3) x15 0x0000000080005166
core   0: 0x000000008000601a (0x34202773) csrrs   a4, mcause, zero
core   0: 3 0x000000008000601a (0x34202773) x14 0x0000000000000002
core   0: 0x000000008000601e (0x142026f3) csrrs   a3, scause, zero
core   0: 3 0x000000008000601e (0x142026f3) x13 0x0000000000000001
core   0: 0x0000000080006022 (0x30402673) csrrs   a2, mie, zero
core   0: 3 0x0000000080006022 (0x30402673) x12 0x0000000000000a00
core   0: 0x0000000080006026 (0x344025f3) csrrs   a1, mip, zero
core   0: 3 0x0000000080006026 (0x344025f3) x11 0x0000000000000080
core   0: 0x000000008000602a (0x343025f3) csrrs   a1, mtval, zero
core   0: 3 0x000000008000602a (0x343025f3) x11 0x0000000031a0dc73
core   0: 0x000000008000602e (0x14302573) csrrs   a0, stval, zero
core   0: 3 0x000000008000602e (0x14302573) x10 0x0000000000000000
core   0: 0x0000000080006032 (0xb02024f3) csrrs   s1, minstret, zero
core   0: 3 0x0000000080006032 (0xb02024f3) x9  0x0000000000000d7e
core   0: 0x0000000080006036 (0x0000a811) c.j     pc + 20
core   0: 3 0x0000000080006036 (0xa811)
core   0: >>>>  mepc_4
core   0: 0x000000008000604a (0x00000791) c.addi  a5, 4
core   0: 3 0x000000008000604a (0x0791) x15 0x000000008000516a
core   0: 0x000000008000604c (0x34179073) csrrw   zero, mepc, a5
core   0: 3 0x000000008000604c (0x34179073) c833_mepc 0x000000008000516a
core   0: 0x0000000080006050 (0x30200073) mret
core   0: 3 0x0000000080006050 (0x30200073) c768_mstatus 0x8000000a00106080
core   0: 0x000000008000516a (0x4054d233) sra     tp, s1, t0
core   0: 1 0x000000008000516a (0x4054d233) x4  0x0000000000000000
core   0: 0x000000008000516e (0xe23bf043) fmadd.d ft0, fs7, ft3, ft8
core   0: 1 0x000000008000516e (0xe23bf043) f0  0x7ff8000000000000
core   0: 0x0000000080005172 (0x03537353) fadd.d  ft6, ft6, fs5
core   0: 1 0x0000000080005172 (0x03537353) f6  0x7ff8000000000000
core   0: 0x0000000080005176 (0xd0327953) fcvt.s.lu fs2, tp
core   0: 1 0x0000000080005176 (0xd0327953) f18 0xffffffff00000000
core   0: 0x000000008000517a (0x03084833) div     a6, a6, a6
core   0: 1 0x000000008000517a (0x03084833) x16 0xffffffffffffffff
core   0: 0x000000008000517e (0x008cf9b3) and     s3, s9, s0
core   0: 1 0x000000008000517e (0x008cf9b3) x19 0x7fffffffffffffff
core   0: 0x0000000080005182 (0x134a7a53) fmul.d  fs4, fs4, fs4
core   0: 1 0x0000000080005182 (0x134a7a53) f20 0x7ff8000000000000
core   0: 0x0000000080005186 (0x00102df3) csrrs   s11, fflags, zero
core   0: 1 0x0000000080005186 (0x00102df3) x27 0x0000000000000011
core   0: 0x000000008000518a (0x0221fcd3) fadd.d  fs9, ft3, ft2
core   0: 1 0x000000008000518a (0x0221fcd3) f25 0x7ff8000000000000
core   0: 0x000000008000518e (0x401d5e93) srai    t4, s10, 1
core   0: 1 0x000000008000518e (0x401d5e93) x29 0x0000000000000000
core   0: 0x0000000080005192 (0xcd0dc293) xori    t0, s11, -816
core   0: 1 0x0000000080005192 (0xcd0dc293) x5  0xfffffffffffffcc1
core   0: 0x0000000080005196 (0x023dec33) rem     s8, s11, gp
core   0: 1 0x0000000080005196 (0x023dec33) x24 0x0000000000000011
core   0: 0x000000008000519a (0x02cc6e3b) remw    t3, s8, a2
core   0: 1 0x000000008000519a (0x02cc6e3b) x28 0x0000000000000011
core   0: 0x000000008000519e (0x41dc0333) sub     t1, s8, t4
core   0: 1 0x000000008000519e (0x41dc0333) x6  0x0000000000000011
core   0: 0x00000000800051a2 (0x0ff0000f) fence   iorw,iorw
core   0: 1 0x00000000800051a2 (0x0ff0000f)
core   0: 0x00000000800051a6 (0x001e10b3) sll     ra, t3, ra
core   0: 1 0x00000000800051a6 (0x001e10b3) x1  0x0000000001100000
core   0: 0x00000000800051aa (0x036456b3) divu    a3, s0, s6
core   0: 1 0x00000000800051aa (0x036456b3) x13 0xffffffffffffffff
core   0: 0x00000000800051ae (0x002024f3) csrrs   s1, frm, zero
core   0: 1 0x00000000800051ae (0x002024f3) x9  0x0000000000000000
core   0: 0x00000000800051b2 (0xb8cb6c93) ori     s9, s6, -1140
core   0: 1 0x00000000800051b2 (0xb8cb6c93) x25 0xfffffffffffffb8c
core   0: 0x00000000800051b6 (0x0395073b) mulw    a4, a0, s9
core   0: 1 0x00000000800051b6 (0x0395073b) x14 0x0000000000000000
core   0: 0x00000000800051ba (0xc20c72d3) fcvt.w.d t0, fs8
core   0: 1 0x00000000800051ba (0xc20c72d3) x5  0xffffffffad400000
core   0: 0x00000000800051be (0xd020fdd3) fcvt.s.l fs11, ra
core   0: 1 0x00000000800051be (0xd020fdd3) f27 0xffffffff4b880000
core   0: 0x00000000800051c2 (0x0276ed37) lui     s10, 0x276e
core   0: 1 0x00000000800051c2 (0x0276ed37) x26 0x000000000276e000
core   0: 0x00000000800051c6 (0xddfd0d1b) addiw   s10, s10, -545
core   0: 1 0x00000000800051c6 (0xddfd0d1b) x26 0x000000000276dddf
core   0: 0x00000000800051ca (0x00000d32) c.slli  s10, 12
core   0: 1 0x00000000800051ca (0x0d32) x26 0x000000276dddf000
core   0: 0x00000000800051cc (0xeedd0d13) addi    s10, s10, -275
core   0: 1 0x00000000800051cc (0xeedd0d13) x26 0x000000276dddeeed
core   0: 0x00000000800051d0 (0x017ee7b3) or      a5, t4, s7
core   0: 1 0x00000000800051d0 (0x017ee7b3) x15 0x0000000000000000
core   0: 0x00000000800051d4 (0x40f48e33) sub     t3, s1, a5
core   0: 1 0x00000000800051d4 (0x40f48e33) x28 0x0000000000000000
core   0: 0x00000000800051d8 (0x001b7b13) andi    s6, s6, 1
core   0: 1 0x00000000800051d8 (0x001b7b13) x22 0x0000000000000000
core   0: 0x00000000800051dc (0xe2028553) fmv.x.d a0, ft5
core   0: 1 0x00000000800051dc (0xe2028553) x10 0x7ff8000000000000
core   0: 0x00000000800051e0 (0x002a9473) csrrw   s0, frm, s5
core   0: 1 0x00000000800051e0 (0x002a9473) x8  0x0000000000000000 c2_frm 0x0000000000000000
core   0: 0x00000000800051e4 (0xc21e7ad3) fcvt.wu.d s5, ft8
core   0: 1 0x00000000800051e4 (0xc21e7ad3) c1_fflags 0x0000000000000011 x21 0xffffffffffffffff
core   0: 0x00000000800051e8 (0xc025fed3) fcvt.l.s t4, fa1
core   0: 1 0x00000000800051e8 (0xc025fed3) c1_fflags 0x0000000000000011 x29 0x7fffffffffffffff
core   0: 0x00000000800051ec (0xd0387453) fcvt.s.lu fs0, a6
core   0: 1 0x00000000800051ec (0xd0387453) c1_fflags 0x0000000000000011 f8  0xffffffff5f800000
core   0: 0x00000000800051f0 (0xc21577d3) fcvt.wu.d a5, fa0
core   0: 1 0x00000000800051f0 (0xc21577d3) x15 0x0000000000000000
core   0: 0x00000000800051f4 (0x001798f3) csrrw   a7, fflags, a5
core   0: 1 0x00000000800051f4 (0x001798f3) x17 0x0000000000000011 c1_fflags 0x0000000000000000
core   0: 0x00000000800051f8 (0x02b426b3) mulhsu  a3, s0, a1
core   0: 1 0x00000000800051f8 (0x02b426b3) x13 0x0000000000000000
core   0: 0x00000000800051fc (0x414cde9b) sraiw   t4, s9, 20
core   0: 1 0x00000000800051fc (0x414cde9b) x29 0xffffffffffffffff
core   0: 0x0000000080005200 (0x2a8592d3) fmax.d  ft5, fa1, fs0
core   0: 1 0x0000000080005200 (0x2a8592d3) f5  0x7ff8000000000000
core   0: 0x0000000080005204 (0x2bde86d3) fmin.d  fa3, ft9, ft9
core   0: 1 0x0000000080005204 (0x2bde86d3) f13 0x0000000000000000
core   0: 0x0000000080005208 (0x03287a33) remu    s4, a6, s2
core   0: 1 0x0000000080005208 (0x03287a33) x20 0x000000002422ffff
core   0: 0x000000008000520c (0x1ba6fc53) fdiv.d  fs8, fa3, fs10
core   0: 1 0x000000008000520c (0x1ba6fc53) f24 0x7ff8000000000000
core   0: 0x0000000080005210 (0x00102df3) csrrs   s11, fflags, zero
core   0: 1 0x0000000080005210 (0x00102df3) x27 0x0000000000000000
core   0: 0x0000000080005214 (0x2b3d0953) fmin.d  fs2, fs10, fs3
core   0: 1 0x0000000080005214 (0x2b3d0953) f18 0x7ff8000000000000
core   0: 0x0000000080005218 (0xc03976d3) fcvt.lu.s a3, fs2
core   0: 1 0x0000000080005218 (0xc03976d3) c1_fflags 0x0000000000000010 x13 0xffffffffffffffff
core   0: 0x000000008000521c (0x022041bb) divw    gp, zero, sp
core   0: 1 0x000000008000521c (0x022041bb) x3  0x0000000000000000
core   0: 0x0000000080005220 (0x02559833) mulh    a6, a1, t0
core   0: 1 0x0000000080005220 (0x02559833) x16 0xffffffffffffffff
core   0: 0x0000000080005224 (0x025c4c33) div     s8, s8, t0
core   0: 1 0x0000000080005224 (0x025c4c33) x24 0x0000000000000000
core   0: 0x0000000080005228 (0x2b491cd3) fmax.d  fs9, fs2, fs4
core   0: 1 0x0000000080005228 (0x2b491cd3) f25 0x7ff8000000000000
core   0: 0x000000008000522c (0x018c0cbb) addw    s9, s8, s8
core   0: 1 0x000000008000522c (0x018c0cbb) x25 0x0000000000000000
core   0: 0x0000000080005230 (0x007e7e33) and     t3, t3, t2
core   0: 1 0x0000000080005230 (0x007e7e33) x28 0x0000000000000000
core   0: 0x0000000080005234 (0x023291b3) mulh    gp, t0, gp
core   0: 1 0x0000000080005234 (0x023291b3) x3  0x0000000000000000
core   0: 0x0000000080005238 (0xcaaa7347) fmsub.d ft6, fs4, fa0, fs9
core   0: 1 0x0000000080005238 (0xcaaa7347) f6  0x7ff8000000000000
core   0: 0x000000008000523c (0x01a16e33) or      t3, sp, s10
core   0: 1 0x000000008000523c (0x01a16e33) x28 0xffffffffedddeeed
core   0: 0x0000000080005240 (0x420282d3) fcvt.d.s ft5, ft5
core   0: 1 0x0000000080005240 (0x420282d3) f5  0x7ff8000000000000
core   0: 0x0000000080005244 (0x0021f9b3) and     s3, gp, sp
core   0: 1 0x0000000080005244 (0x0021f9b3) x19 0x0000000000000000
core   0: 0x0000000080005248 (0xd238f853) fcvt.d.lu fa6, a7
core   0: 1 0x0000000080005248 (0xd238f853) f16 0x4031000000000000
core   0: 0x000000008000524c (0xff0687b7) lui     a5, 0xff068
core   0: 1 0x000000008000524c (0xff0687b7) x15 0xffffffffff068000
core   0: 0x0000000080005250 (0x6f77879b) addiw   a5, a5, 1783
core   0: 1 0x0000000080005250 (0x6f77879b) x15 0xffffffffff0686f7
core   0: 0x0000000080005254 (0x000007ba) c.slli  a5, 14
core   0: 1 0x0000000080005254 (0x07ba) x15 0xffffffc1a1bdc000
core   0: 0x0000000080005256 (0x43c78793) addi    a5, a5, 1084
core   0: 1 0x0000000080005256 (0x43c78793) x15 0xffffffc1a1bdc43c
core   0: 0x000000008000525a (0x00000001) c.nop
core   0: 1 0x000000008000525a (0x0001)
core   0: 0x000000008000525c (0x400d521b) sraiw   tp, s10, 0
core   0: 1 0x000000008000525c (0x400d521b) x4  0x000000006dddeeed
core   0: 0x0000000080005260 (0xd21002d3) fcvt.d.wu ft5, zero
core   0: 1 0x0000000080005260 (0xd21002d3) f5  0x0000000000000000
core   0: 0x0000000080005264 (0x01801813) slli    a6, zero, 24
core   0: 1 0x0000000080005264 (0x01801813) x16 0x0000000000000000
core   0: 0x0000000080005268 (0xe0117197) auipc   gp, 0xe0117
core   0: 1 0x0000000080005268 (0xe0117197) x3  0x000000006011c268
core   0: 0x000000008000526c (0x02c1ea3b) remw    s4, gp, a2
core   0: 1 0x000000008000526c (0x02c1ea3b) x20 0x0000000000000268
core   0: 0x0000000080005270 (0x1411f5f3) csrrci  a1, sepc, 3
core   0: 1 0x0000000080005270 (0x1411f5f3) x11 0x0000000000000000 c321_sepc 0x0000000000000000
core   0: 0x0000000080005274 (0xf110d473) csrrwi  s0, mvendorid, 1
core   0: exception trap_illegal_instruction, epc 0x0000000080005274
core   0:           tval 0x00000000f110d473
core   0: >>>>  $xrv64i2p1_m2p0_a2p1_f2p2_d2p2_zicsr2p0_zifencei2p0_zmmul1p0_zba1p0_zbb1p0_zbc1p0_zbs1p0
core   0: 0x0000000080004000 (0x0080006f) j       pc + 0x8
core   0: 3 0x0000000080004000 (0x0080006f)
core   0: >>>>  mmode_exception_handler
core   0: 0x0000000080004008 (0x00002c17) auipc   s8, 0x2
core   0: 3 0x0000000080004008 (0x00002c17) x24 0x0000000080006008
core   0: 0x000000008000400c (0x00ec0c13) addi    s8, s8, 14
core   0: 3 0x000000008000400c (0x00ec0c13) x24 0x0000000080006016
core   0: 0x0000000080004010 (0x000c00e7) jalr    s8
core   0: 3 0x0000000080004010 (0x000c00e7) x1  0x0000000080004014
core   0: >>>>  any_handler
core   0: 0x0000000080006016 (0x341027f3) csrrs   a5, mepc, zero
core   0: 3 0x0000000080006016 (0x341027f3) x15 0x0000000080005274
core   0: 0x000000008000601a (0x34202773) csrrs   a4, mcause, zero
core   0: 3 0x000000008000601a (0x34202773) x14 0x0000000000000002
core   0: 0x000000008000601e (0x142026f3) csrrs   a3, scause, zero
core   0: 3 0x000000008000601e (0x142026f3) x13 0x0000000000000001
core   0: 0x0000000080006022 (0x30402673) csrrs   a2, mie, zero
core   0: 3 0x0000000080006022 (0x30402673) x12 0x0000000000000a00
core   0: 0x0000000080006026 (0x344025f3) csrrs   a1, mip, zero
core   0: 3 0x0000000080006026 (0x344025f3) x11 0x0000000000000080
core   0: 0x000000008000602a (0x343025f3) csrrs   a1, mtval, zero
core   0: 3 0x000000008000602a (0x343025f3) x11 0x00000000f110d473
core   0: 0x000000008000602e (0x14302573) csrrs   a0, stval, zero
core   0: 3 0x000000008000602e (0x14302573) x10 0x0000000000000000
core   0: 0x0000000080006032 (0xb02024f3) csrrs   s1, minstret, zero
core   0: 3 0x0000000080006032 (0xb02024f3) x9  0x0000000000000dd2
core   0: 0x0000000080006036 (0x0000a811) c.j     pc + 20
core   0: 3 0x0000000080006036 (0xa811)
core   0: >>>>  mepc_4
core   0: 0x000000008000604a (0x00000791) c.addi  a5, 4
core   0: 3 0x000000008000604a (0x0791) x15 0x0000000080005278
core   0: 0x000000008000604c (0x34179073) csrrw   zero, mepc, a5
core   0: 3 0x000000008000604c (0x34179073) c833_mepc 0x0000000080005278
core   0: 0x0000000080006050 (0x30200073) mret
core   0: 3 0x0000000080006050 (0x30200073) c768_mstatus 0x8000000a00106080
core   0: 0x0000000080005278 (0xc3396b13) ori     s6, s2, -973
core   0: 1 0x0000000080005278 (0xc3396b13) x22 0xfffffffffffffc33
core   0: 0x000000008000527c (0x41dd0cb3) sub     s9, s10, t4
core   0: 1 0x000000008000527c (0x41dd0cb3) x25 0x000000276dddeeee
core   0: 0x0000000080005280 (0x420d8dd3) fcvt.d.s fs11, fs11
core   0: 1 0x0000000080005280 (0x420d8dd3) f27 0x4171000000000000
core   0: 0x0000000080005284 (0xa2ce8053) fle.d   zero, ft9, fa2
core   0: 1 0x0000000080005284 (0xa2ce8053)
core   0: 0x0000000080005288 (0x40f0553b) sraw    a0, zero, a5
core   0: 1 0x0000000080005288 (0x40f0553b) x10 0x0000000000000000
core   0: 0x000000008000528c (0x0000923e) c.add   tp, a5
core   0: 1 0x000000008000528c (0x923e) x4  0x00000000edde4165
core   0: 0x000000008000528e (0x02911d97) auipc   s11, 0x2911
core   0: 1 0x000000008000528e (0x02911d97) x27 0x000000008291628e
core   0: 0x0000000080005292 (0xc027ba73) csrrc   s4, instret, a5
core   0: exception trap_illegal_instruction, epc 0x0000000080005292
core   0:           tval 0x00000000c027ba73
core   0: >>>>  $xrv64i2p1_m2p0_a2p1_f2p2_d2p2_zicsr2p0_zifencei2p0_zmmul1p0_zba1p0_zbb1p0_zbc1p0_zbs1p0
core   0: 0x0000000080004000 (0x0080006f) j       pc + 0x8
core   0: 3 0x0000000080004000 (0x0080006f)
core   0: >>>>  mmode_exception_handler
core   0: 0x0000000080004008 (0x00002c17) auipc   s8, 0x2
core   0: 3 0x0000000080004008 (0x00002c17) x24 0x0000000080006008
core   0: 0x000000008000400c (0x00ec0c13) addi    s8, s8, 14
core   0: 3 0x000000008000400c (0x00ec0c13) x24 0x0000000080006016
core   0: 0x0000000080004010 (0x000c00e7) jalr    s8
core   0: 3 0x0000000080004010 (0x000c00e7) x1  0x0000000080004014
core   0: >>>>  any_handler
core   0: 0x0000000080006016 (0x341027f3) csrrs   a5, mepc, zero
core   0: 3 0x0000000080006016 (0x341027f3) x15 0x0000000080005292
core   0: 0x000000008000601a (0x34202773) csrrs   a4, mcause, zero
core   0: 3 0x000000008000601a (0x34202773) x14 0x0000000000000002
core   0: 0x000000008000601e (0x142026f3) csrrs   a3, scause, zero
core   0: 3 0x000000008000601e (0x142026f3) x13 0x0000000000000001
core   0: 0x0000000080006022 (0x30402673) csrrs   a2, mie, zero
core   0: 3 0x0000000080006022 (0x30402673) x12 0x0000000000000a00
core   0: 0x0000000080006026 (0x344025f3) csrrs   a1, mip, zero
core   0: 3 0x0000000080006026 (0x344025f3) x11 0x0000000000000080
core   0: 0x000000008000602a (0x343025f3) csrrs   a1, mtval, zero
core   0: 3 0x000000008000602a (0x343025f3) x11 0x00000000c027ba73
core   0: 0x000000008000602e (0x14302573) csrrs   a0, stval, zero
core   0: 3 0x000000008000602e (0x14302573) x10 0x0000000000000000
core   0: 0x0000000080006032 (0xb02024f3) csrrs   s1, minstret, zero
core   0: 3 0x0000000080006032 (0xb02024f3) x9  0x0000000000000de9
core   0: 0x0000000080006036 (0x0000a811) c.j     pc + 20
core   0: 3 0x0000000080006036 (0xa811)
core   0: >>>>  mepc_4
core   0: 0x000000008000604a (0x00000791) c.addi  a5, 4
core   0: 3 0x000000008000604a (0x0791) x15 0x0000000080005296
core   0: 0x000000008000604c (0x34179073) csrrw   zero, mepc, a5
core   0: 3 0x000000008000604c (0x34179073) c833_mepc 0x0000000080005296
core   0: 0x0000000080006050 (0x30200073) mret
core   0: 3 0x0000000080006050 (0x30200073) c768_mstatus 0x8000000a00106080
core   0: 0x0000000080005296 (0x004df433) and     s0, s11, tp
core   0: 1 0x0000000080005296 (0x004df433) x8  0x0000000080904004
core   0: 0x000000008000529a (0x80030793) addi    a5, t1, -2048
core   0: 1 0x000000008000529a (0x80030793) x15 0xfffffffffffff811
core   0: 0x000000008000529e (0x00dd9913) slli    s2, s11, 13
core   0: 1 0x000000008000529e (0x00dd9913) x18 0x000010522c51c000
core   0: 0x00000000800052a2 (0x02b5053b) mulw    a0, a0, a1
core   0: 1 0x00000000800052a2 (0x02b5053b) x10 0x0000000000000000
core   0: 0x00000000800052a6 (0x1bf2fd53) fdiv.d  fs10, ft5, ft11
core   0: 1 0x00000000800052a6 (0x1bf2fd53) c1_fflags 0x0000000000000010 f26 0x7ff8000000000000
core   0: 0x00000000800052aa (0x009a74b3) and     s1, s4, s1
core   0: 1 0x00000000800052aa (0x009a74b3) x9  0x0000000000000068
core   0: 0x00000000800052ae (0x00131c9b) slliw   s9, t1, 1
core   0: 1 0x00000000800052ae (0x00131c9b) x25 0x0000000000000022
core   0: 0x00000000800052b2 (0x018c5abb) srlw    s5, s8, s8
core   0: 1 0x00000000800052b2 (0x018c5abb) x21 0x0000000000000200
core   0: 0x00000000800052b6 (0xc02ef5d3) fcvt.l.s a1, ft9
core   0: 1 0x00000000800052b6 (0xc02ef5d3) c1_fflags 0x0000000000000010 x11 0x7fffffffffffffff
core   0: 0x00000000800052ba (0x03894e3b) divw    t3, s2, s8
core   0: 1 0x00000000800052ba (0x03894e3b) x28 0x0000000000000000
core   0: 0x00000000800052be (0x4009d993) srai    s3, s3, 0
core   0: 1 0x00000000800052be (0x4009d993) x19 0x0000000000000000
core   0: 0x00000000800052c2 (0xd2188453) fcvt.d.wu fs0, a7
core   0: 1 0x00000000800052c2 (0xd2188453) f8  0x4031000000000000
core   0: 0x00000000800052c6 (0x420082d3) fcvt.d.s ft5, ft1
core   0: 1 0x00000000800052c6 (0x420082d3) f5  0x7ff8000000000000
core   0: 0x00000000800052ca (0xc81f56f3) csrrwi  a3, timeh, 30
core   0: exception trap_illegal_instruction, epc 0x00000000800052ca
core   0:           tval 0x00000000c81f56f3
core   0: >>>>  $xrv64i2p1_m2p0_a2p1_f2p2_d2p2_zicsr2p0_zifencei2p0_zmmul1p0_zba1p0_zbb1p0_zbc1p0_zbs1p0
core   0: 0x0000000080004000 (0x0080006f) j       pc + 0x8
core   0: 3 0x0000000080004000 (0x0080006f)
core   0: >>>>  mmode_exception_handler
core   0: 0x0000000080004008 (0x00002c17) auipc   s8, 0x2
core   0: 3 0x0000000080004008 (0x00002c17) x24 0x0000000080006008
core   0: 0x000000008000400c (0x00ec0c13) addi    s8, s8, 14
core   0: 3 0x000000008000400c (0x00ec0c13) x24 0x0000000080006016
core   0: 0x0000000080004010 (0x000c00e7) jalr    s8
core   0: 3 0x0000000080004010 (0x000c00e7) x1  0x0000000080004014
core   0: >>>>  any_handler
core   0: 0x0000000080006016 (0x341027f3) csrrs   a5, mepc, zero
core   0: 3 0x0000000080006016 (0x341027f3) x15 0x00000000800052ca
core   0: 0x000000008000601a (0x34202773) csrrs   a4, mcause, zero
core   0: 3 0x000000008000601a (0x34202773) x14 0x0000000000000002
core   0: 0x000000008000601e (0x142026f3) csrrs   a3, scause, zero
core   0: 3 0x000000008000601e (0x142026f3) x13 0x0000000000000001
core   0: 0x0000000080006022 (0x30402673) csrrs   a2, mie, zero
core   0: 3 0x0000000080006022 (0x30402673) x12 0x0000000000000a00
core   0: 0x0000000080006026 (0x344025f3) csrrs   a1, mip, zero
core   0: 3 0x0000000080006026 (0x344025f3) x11 0x0000000000000080
core   0: 0x000000008000602a (0x343025f3) csrrs   a1, mtval, zero
core   0: 3 0x000000008000602a (0x343025f3) x11 0x00000000c81f56f3
core   0: 0x000000008000602e (0x14302573) csrrs   a0, stval, zero
core   0: 3 0x000000008000602e (0x14302573) x10 0x0000000000000000
core   0: 0x0000000080006032 (0xb02024f3) csrrs   s1, minstret, zero
core   0: 3 0x0000000080006032 (0xb02024f3) x9  0x0000000000000e06
core   0: 0x0000000080006036 (0x0000a811) c.j     pc + 20
core   0: 3 0x0000000080006036 (0xa811)
core   0: >>>>  mepc_4
core   0: 0x000000008000604a (0x00000791) c.addi  a5, 4
core   0: 3 0x000000008000604a (0x0791) x15 0x00000000800052ce
core   0: 0x000000008000604c (0x34179073) csrrw   zero, mepc, a5
core   0: 3 0x000000008000604c (0x34179073) c833_mepc 0x00000000800052ce
core   0: 0x0000000080006050 (0x30200073) mret
core   0: 3 0x0000000080006050 (0x30200073) c768_mstatus 0x8000000a00106080
core   0: 0x00000000800052ce (0x238da653) fsgnjx.d fa2, fs11, fs8
core   0: 1 0x00000000800052ce (0x238da653) f12 0x4171000000000000
core   0: 0x00000000800052d2 (0x32061ef3) csrrw   t4, mcountinhibit, a2
core   0: exception trap_illegal_instruction, epc 0x00000000800052d2
core   0:           tval 0x0000000032061ef3
core   0: >>>>  $xrv64i2p1_m2p0_a2p1_f2p2_d2p2_zicsr2p0_zifencei2p0_zmmul1p0_zba1p0_zbb1p0_zbc1p0_zbs1p0
core   0: 0x0000000080004000 (0x0080006f) j       pc + 0x8
core   0: 3 0x0000000080004000 (0x0080006f)
core   0: >>>>  mmode_exception_handler
core   0: 0x0000000080004008 (0x00002c17) auipc   s8, 0x2
core   0: 3 0x0000000080004008 (0x00002c17) x24 0x0000000080006008
core   0: 0x000000008000400c (0x00ec0c13) addi    s8, s8, 14
core   0: 3 0x000000008000400c (0x00ec0c13) x24 0x0000000080006016
core   0: 0x0000000080004010 (0x000c00e7) jalr    s8
core   0: 3 0x0000000080004010 (0x000c00e7) x1  0x0000000080004014
core   0: >>>>  any_handler
core   0: 0x0000000080006016 (0x341027f3) csrrs   a5, mepc, zero
core   0: 3 0x0000000080006016 (0x341027f3) x15 0x00000000800052d2
core   0: 0x000000008000601a (0x34202773) csrrs   a4, mcause, zero
core   0: 3 0x000000008000601a (0x34202773) x14 0x0000000000000002
core   0: 0x000000008000601e (0x142026f3) csrrs   a3, scause, zero
core   0: 3 0x000000008000601e (0x142026f3) x13 0x0000000000000001
core   0: 0x0000000080006022 (0x30402673) csrrs   a2, mie, zero
core   0: 3 0x0000000080006022 (0x30402673) x12 0x0000000000000a00
core   0: 0x0000000080006026 (0x344025f3) csrrs   a1, mip, zero
core   0: 3 0x0000000080006026 (0x344025f3) x11 0x0000000000000080
core   0: 0x000000008000602a (0x343025f3) csrrs   a1, mtval, zero
core   0: 3 0x000000008000602a (0x343025f3) x11 0x0000000032061ef3
core   0: 0x000000008000602e (0x14302573) csrrs   a0, stval, zero
core   0: 3 0x000000008000602e (0x14302573) x10 0x0000000000000000
core   0: 0x0000000080006032 (0xb02024f3) csrrs   s1, minstret, zero
core   0: 3 0x0000000080006032 (0xb02024f3) x9  0x0000000000000e17
core   0: 0x0000000080006036 (0x0000a811) c.j     pc + 20
core   0: 3 0x0000000080006036 (0xa811)
core   0: >>>>  mepc_4
core   0: 0x000000008000604a (0x00000791) c.addi  a5, 4
core   0: 3 0x000000008000604a (0x0791) x15 0x00000000800052d6
core   0: 0x000000008000604c (0x34179073) csrrw   zero, mepc, a5
core   0: 3 0x000000008000604c (0x34179073) c833_mepc 0x00000000800052d6
core   0: 0x0000000080006050 (0x30200073) mret
core   0: 3 0x0000000080006050 (0x30200073) c768_mstatus 0x8000000a00106080
core   0: 0x00000000800052d6 (0x03a78d33) mul     s10, a5, s10
core   0: 1 0x00000000800052d6 (0x03a78d33) x26 0xb6fbb99d6e0da41e
core   0: 0x00000000800052da (0x002197f3) csrrw   a5, frm, gp
core   0: 1 0x00000000800052da (0x002197f3) x15 0x0000000000000000 c2_frm 0x0000000000000000
core   0: 0x00000000800052de (0x0187dab3) srl     s5, a5, s8
core   0: 1 0x00000000800052de (0x0187dab3) x21 0x0000000000000000
core   0: 0x00000000800052e2 (0xcb9c7ccf) fnmadd.d fs9, fs8, fs9, fs9
core   0: 1 0x00000000800052e2 (0xcb9c7ccf) f25 0x7ff8000000000000
core   0: 0x00000000800052e6 (0x023d9993) slli    s3, s11, 35
core   0: 1 0x00000000800052e6 (0x023d9993) x19 0x148b147000000000
core   0: 0x00000000800052ea (0x00202ef3) csrrs   t4, frm, zero
core   0: 1 0x00000000800052ea (0x00202ef3) x29 0x0000000000000000
core   0: 0x00000000800052ee (0xc232f853) fcvt.lu.d a6, ft5
core   0: 1 0x00000000800052ee (0xc232f853) c1_fflags 0x0000000000000010 x16 0xffffffffffffffff
core   0: 0x00000000800052f2 (0x2b361ed3) fmax.d  ft9, fa2, fs3
core   0: 1 0x00000000800052f2 (0x2b361ed3) f29 0x4171000000000000
core   0: 0x00000000800052f6 (0xd2080c53) fcvt.d.w fs8, a6
core   0: 1 0x00000000800052f6 (0xd2080c53) f24 0xbff0000000000000
core   0: 0x00000000800052fa (0x41d6d2b3) sra     t0, a3, t4
core   0: 1 0x00000000800052fa (0x41d6d2b3) x5  0x0000000000000001
core   0: 0x00000000800052fe (0x62ca764f) fnmadd.d fa2, fs4, fa2, fa2
core   0: 1 0x00000000800052fe (0x62ca764f) f12 0x7ff8000000000000
core   0: 0x0000000080005302 (0x055a53b7) lui     t2, 0x55a5
core   0: 1 0x0000000080005302 (0x055a53b7) x7  0x00000000055a5000
core   0: 0x0000000080005306 (0x6073839b) addiw   t2, t2, 1543
core   0: 1 0x0000000080005306 (0x6073839b) x7  0x00000000055a5607
core   0: 0x000000008000530a (0x000003b2) c.slli  t2, 12
core   0: 1 0x000000008000530a (0x03b2) x7  0x00000055a5607000
core   0: 0x000000008000530c (0x2d438393) addi    t2, t2, 724
core   0: 1 0x000000008000530c (0x2d438393) x7  0x00000055a56072d4
core   0: 0x0000000080005310 (0x015aa0b3) slt     ra, s5, s5
core   0: 1 0x0000000080005310 (0x015aa0b3) x1  0x0000000000000000
core   0: 0x0000000080005314 (0xa3e900d3) fle.d   ra, fs2, ft10
core   0: 1 0x0000000080005314 (0xa3e900d3) c1_fflags 0x0000000000000010 x1  0x0000000000000000
core   0: 0x0000000080005318 (0x22560b53) fsgnj.d fs6, fa2, ft5
core   0: 1 0x0000000080005318 (0x22560b53) f22 0x7ff8000000000000
core   0: 0x000000008000531c (0x37e5fc97) auipc   s9, 0x37e5f
core   0: 1 0x000000008000531c (0x37e5fc97) x25 0x00000000b7e6431c
core   0: 0x0000000080005320 (0x00106293) ori     t0, zero, 1
core   0: 1 0x0000000080005320 (0x00106293) x5  0x0000000000000001
core   0: 0x0000000080005324 (0xec93ee13) ori     t3, t2, -311
core   0: 1 0x0000000080005324 (0xec93ee13) x28 0xfffffffffffffedd
core   0: 0x0000000080005328 (0x001cf313) andi    t1, s9, 1
core   0: 1 0x0000000080005328 (0x001cf313) x6  0x0000000000000000
core   0: 0x000000008000532c (0x62a97acf) fnmadd.d fs5, fs2, fa0, fa2
core   0: 1 0x000000008000532c (0x62a97acf) f21 0x7ff8000000000000
core   0: 0x0000000080005330 (0xd2130cd3) fcvt.d.wu fs9, t1
core   0: 1 0x0000000080005330 (0xd2130cd3) f25 0x0000000000000000
core   0: 0x0000000080005334 (0x1f4bfb93) andi    s7, s7, 500
core   0: 1 0x0000000080005334 (0x1f4bfb93) x23 0x0000000000000000
core   0: 0x0000000080005338 (0x22f27a43) fmadd.d fs4, ft4, fa5, ft4
core   0: 1 0x0000000080005338 (0x22f27a43) f20 0x7ff8000000000000
core   0: 0x000000008000533c (0x00055b93) srli    s7, a0, 0
core   0: 1 0x000000008000533c (0x00055b93) x23 0x0000000000000000
core   0: 0x0000000080005340 (0x00000001) c.nop
core   0: 1 0x0000000080005340 (0x0001)
core   0: 0x0000000080005342 (0x2a529dd3) fmax.d  fs11, ft5, ft5
core   0: 1 0x0000000080005342 (0x2a529dd3) f27 0x7ff8000000000000
core   0: 0x0000000080005346 (0x034df853) fadd.d  fa6, fs11, fs4
core   0: 1 0x0000000080005346 (0x034df853) f16 0x7ff8000000000000
core   0: 0x000000008000534a (0x0ff0000f) fence   iorw,iorw
core   0: 1 0x000000008000534a (0x0ff0000f)
core   0: 0x000000008000534e (0x2bd29153) fmax.d  ft2, ft5, ft9
core   0: 1 0x000000008000534e (0x2bd29153) f2  0x4171000000000000
core   0: 0x0000000080005352 (0x8004c493) xori    s1, s1, -2048
core   0: 1 0x0000000080005352 (0x8004c493) x9  0xfffffffffffff617
core   0: 0x0000000080005356 (0x02eb1e93) slli    t4, s6, 46
core   0: 1 0x0000000080005356 (0x02eb1e93) x29 0xff0cc00000000000
core   0: 0x000000008000535a (0x42e0db93) srai    s7, ra, 46
core   0: 1 0x000000008000535a (0x42e0db93) x23 0x0000000000000000
core   0: 0x000000008000535e (0x00cdadb3) slt     s11, s11, a2
core   0: 1 0x000000008000535e (0x00cdadb3) x27 0x0000000000000000
core   0: 0x0000000080005362 (0x0ff0000f) fence   iorw,iorw
core   0: 1 0x0000000080005362 (0x0ff0000f)
core   0: 0x0000000080005366 (0x407685b3) sub     a1, a3, t2
core   0: 1 0x0000000080005366 (0x407685b3) x11 0xffffffaa5a9f8d2d
core   0: 0x000000008000536a (0xe2000053) fmv.x.d zero, ft0
core   0: 1 0x000000008000536a (0xe2000053)
core   0: 0x000000008000536e (0x3a5473cf) fnmadd.d ft7, fs0, ft5, ft7
core   0: 1 0x000000008000536e (0x3a5473cf) f7  0x7ff8000000000000
core   0: 0x0000000080005372 (0x00000001) c.nop
core   0: 1 0x0000000080005372 (0x0001)
core   0: 0x0000000080005374 (0x40108cbb) subw    s9, ra, ra
core   0: 1 0x0000000080005374 (0x40108cbb) x25 0x0000000000000000
core   0: 0x0000000080005378 (0x2ae709d3) fmin.d  fs3, fa4, fa4
core   0: 1 0x0000000080005378 (0x2ae709d3) f19 0x7ff8000000000000
core   0: 0x000000008000537c (0x0ff0000f) fence   iorw,iorw
core   0: 1 0x000000008000537c (0x0ff0000f)
core   0: 0x0000000080005380 (0x416d8033) sub     zero, s11, s6
core   0: 1 0x0000000080005380 (0x416d8033)
core   0: 0x0000000080005384 (0x1404b5f3) csrrc   a1, sscratch, s1
core   0: 1 0x0000000080005384 (0x1404b5f3) x11 0x0000000000000000 c320_sscratch 0x0000000000000000
core   0: 0x0000000080005388 (0x414b0b33) sub     s6, s6, s4
core   0: 1 0x0000000080005388 (0x414b0b33) x22 0xfffffffffffff9cb
core   0: 0x000000008000538c (0x06ca86b7) lui     a3, 0x6ca8
core   0: 1 0x000000008000538c (0x06ca86b7) x13 0x0000000006ca8000
core   0: 0x0000000080005390 (0xb4d6869b) addiw   a3, a3, -1203
core   0: 1 0x0000000080005390 (0xb4d6869b) x13 0x0000000006ca7b4d
core   0: 0x0000000080005394 (0x000006b2) c.slli  a3, 12
core   0: 1 0x0000000080005394 (0x06b2) x13 0x0000006ca7b4d000
core   0: 0x0000000080005396 (0x1b668693) addi    a3, a3, 438
core   0: 1 0x0000000080005396 (0x1b668693) x13 0x0000006ca7b4d1b6
core   0: 0x000000008000539a (0x23272453) fsgnjx.d fs0, fa4, fs2
core   0: 1 0x000000008000539a (0x23272453) f8  0xffffffff3f800000
core   0: 0x000000008000539e (0xc02df9d3) fcvt.l.s s3, fs11
core   0: 1 0x000000008000539e (0xc02df9d3) c1_fflags 0x0000000000000010 x19 0x7fffffffffffffff
core   0: 0x00000000800053a2 (0x41d808b3) sub     a7, a6, t4
core   0: 1 0x00000000800053a2 (0x41d808b3) x17 0x00f33fffffffffff
core   0: 0x00000000800053a6 (0x03b97c53) fadd.d  fs8, fs2, fs11
core   0: 1 0x00000000800053a6 (0x03b97c53) f24 0x7ff8000000000000
core   0: 0x00000000800053aa (0x03dc753b) remuw   a0, s8, t4
core   0: 1 0x00000000800053aa (0x03dc753b) x10 0xffffffff80006016
core   0: 0x00000000800053ae (0x02535633) divu    a2, t1, t0
core   0: 1 0x00000000800053ae (0x02535633) x12 0x0000000000000000
core   0: 0x00000000800053b2 (0x013176b3) and     a3, sp, s3
core   0: 1 0x00000000800053b2 (0x013176b3) x13 0x7fffffffa0000000
core   0: 0x00000000800053b6 (0x036b7b53) fadd.d  fs6, fs6, fs6
core   0: 1 0x00000000800053b6 (0x036b7b53) f22 0x7ff8000000000000
core   0: 0x00000000800053ba (0x0189d5b3) srl     a1, s3, s8
core   0: 1 0x00000000800053ba (0x0189d5b3) x11 0x000001ffffffffff
core   0: 0x00000000800053be (0x00000486) c.slli  s1, 1
core   0: 1 0x00000000800053be (0x0486) x9  0xffffffffffffec2e
core   0: 0x00000000800053c0 (0x2b8c0153) fmin.d  ft2, fs8, fs8
core   0: 1 0x00000000800053c0 (0x2b8c0153) f2  0x7ff8000000000000
core   0: 0x00000000800053c4 (0x036e3233) mulhu   tp, t3, s6
core   0: 1 0x00000000800053c4 (0x036e3233) x4  0xfffffffffffff8a8
core   0: 0x00000000800053c8 (0x016b6bb3) or      s7, s6, s6
core   0: 1 0x00000000800053c8 (0x016b6bb3) x23 0xfffffffffffff9cb
core   0: 0x00000000800053cc (0x00000001) c.nop
core   0: 1 0x00000000800053cc (0x0001)
core   0: 0x00000000800053ce (0x00000001) c.nop
core   0: 1 0x00000000800053ce (0x0001)
core   0: 0x00000000800053d0 (0xf8ba001b) addiw   zero, s4, -117
core   0: 1 0x00000000800053d0 (0xf8ba001b)
core   0: 0x00000000800053d4 (0x0331583b) divuw   a6, sp, s3
core   0: 1 0x00000000800053d4 (0x0331583b) x16 0x0000000000000000
core   0: 0x00000000800053d8 (0x225b1753) fsgnjn.d fa4, fs6, ft5
core   0: 1 0x00000000800053d8 (0x225b1753) f14 0xfff8000000000000
core   0: 0x00000000800053dc (0x0a21019b) addiw   gp, sp, 162
core   0: 1 0x00000000800053dc (0x0a21019b) x3  0xffffffffa00000a2
core   0: 0x00000000800053e0 (0xa38f8cd3) fle.d   s9, ft11, fs8
core   0: 1 0x00000000800053e0 (0xa38f8cd3) c1_fflags 0x0000000000000010 x25 0x0000000000000000
core   0: 0x00000000800053e4 (0x005dcdb3) xor     s11, s11, t0
core   0: 1 0x00000000800053e4 (0x005dcdb3) x27 0x0000000000000001
core   0: 0x00000000800053e8 (0x0ff0000f) fence   iorw,iorw
core   0: 1 0x00000000800053e8 (0x0ff0000f)
core   0: 0x00000000800053ec (0x7251f8c7) fmsub.d fa7, ft3, ft5, fa4
core   0: 1 0x00000000800053ec (0x7251f8c7) f17 0x7ff8000000000000
core   0: 0x00000000800053f0 (0x00000001) c.nop
core   0: 1 0x00000000800053f0 (0x0001)
core   0: 0x00000000800053f2 (0x40a2d53b) sraw    a0, t0, a0
core   0: 1 0x00000000800053f2 (0x40a2d53b) x10 0x0000000000000000
core   0: 0x00000000800053f6 (0xd20403d3) fcvt.d.w ft7, s0
core   0: 1 0x00000000800053f6 (0xd20403d3) f7  0xc1dfdbefff000000
core   0: 0x00000000800053fa (0x02651133) mulh    sp, a0, t1
core   0: 1 0x00000000800053fa (0x02651133) x2  0x0000000000000000
core   0: 0x00000000800053fe (0x0a087753) fsub.d  fa4, fa6, ft0
core   0: 1 0x00000000800053fe (0x0a087753) f14 0x7ff8000000000000
core   0: 0x0000000080005402 (0xd2317753) fcvt.d.lu fa4, sp
core   0: 1 0x0000000080005402 (0xd2317753) f14 0x0000000000000000
core   0: 0x0000000080005406 (0x5a0b7653) fsqrt.d fa2, fs6
core   0: 1 0x0000000080005406 (0x5a0b7653) f12 0x7ff8000000000000
core   0: 0x000000008000540a (0x00065c13) srli    s8, a2, 0
core   0: 1 0x000000008000540a (0x00065c13) x24 0x0000000000000000
core   0: 0x000000008000540e (0x001b9673) csrrw   a2, fflags, s7
core   0: 1 0x000000008000540e (0x001b9673) x12 0x0000000000000010 c1_fflags 0x000000000000000b
core   0: 0x0000000080005412 (0x41fada1b) sraiw   s4, s5, 31
core   0: 1 0x0000000080005412 (0x41fada1b) x20 0x0000000000000000
core   0: 0x0000000080005416 (0x0008db93) srli    s7, a7, 0
core   0: 1 0x0000000080005416 (0x0008db93) x23 0x00f33fffffffffff
core   0: 0x000000008000541a (0x47203cb7) lui     s9, 0x47203
core   0: 1 0x000000008000541a (0x47203cb7) x25 0x0000000047203000
core   0: 0x000000008000541e (0x004203b3) add     t2, tp, tp
core   0: 1 0x000000008000541e (0x004203b3) x7  0xfffffffffffff150
core   0: 0x0000000080005422 (0xa777e037) lui     zero, 0xa777e
core   0: 1 0x0000000080005422 (0xa777e037)
core   0: 0x0000000080005426 (0x00015c93) srli    s9, sp, 0
core   0: 1 0x0000000080005426 (0x00015c93) x25 0x0000000000000000
core   0: 0x000000008000542a (0x0104551b) srliw   a0, s0, 16
core   0: 1 0x000000008000542a (0x0104551b) x10 0x0000000000008090
core   0: 0x000000008000542e (0x239eadd3) fsgnjx.d fs11, ft9, fs9
core   0: 1 0x000000008000542e (0x239eadd3) f27 0x4171000000000000
core   0: 0x0000000080005432 (0xf120dcf3) csrrwi  s9, marchid, 1
core   0: exception trap_illegal_instruction, epc 0x0000000080005432
core   0:           tval 0x00000000f120dcf3
core   0: >>>>  $xrv64i2p1_m2p0_a2p1_f2p2_d2p2_zicsr2p0_zifencei2p0_zmmul1p0_zba1p0_zbb1p0_zbc1p0_zbs1p0
core   0: 0x0000000080004000 (0x0080006f) j       pc + 0x8
core   0: 3 0x0000000080004000 (0x0080006f)
core   0: >>>>  mmode_exception_handler
core   0: 0x0000000080004008 (0x00002c17) auipc   s8, 0x2
core   0: 3 0x0000000080004008 (0x00002c17) x24 0x0000000080006008
core   0: 0x000000008000400c (0x00ec0c13) addi    s8, s8, 14
core   0: 3 0x000000008000400c (0x00ec0c13) x24 0x0000000080006016
core   0: 0x0000000080004010 (0x000c00e7) jalr    s8
core   0: 3 0x0000000080004010 (0x000c00e7) x1  0x0000000080004014
core   0: >>>>  any_handler
core   0: 0x0000000080006016 (0x341027f3) csrrs   a5, mepc, zero
core   0: 3 0x0000000080006016 (0x341027f3) x15 0x0000000080005432
core   0: 0x000000008000601a (0x34202773) csrrs   a4, mcause, zero
core   0: 3 0x000000008000601a (0x34202773) x14 0x0000000000000002
core   0: 0x000000008000601e (0x142026f3) csrrs   a3, scause, zero
core   0: 3 0x000000008000601e (0x142026f3) x13 0x0000000000000001
core   0: 0x0000000080006022 (0x30402673) csrrs   a2, mie, zero
core   0: 3 0x0000000080006022 (0x30402673) x12 0x0000000000000a00
core   0: 0x0000000080006026 (0x344025f3) csrrs   a1, mip, zero
core   0: 3 0x0000000080006026 (0x344025f3) x11 0x0000000000000080
core   0: 0x000000008000602a (0x343025f3) csrrs   a1, mtval, zero
core   0: 3 0x000000008000602a (0x343025f3) x11 0x00000000f120dcf3
core   0: 0x000000008000602e (0x14302573) csrrs   a0, stval, zero
core   0: 3 0x000000008000602e (0x14302573) x10 0x0000000000000000
core   0: 0x0000000080006032 (0xb02024f3) csrrs   s1, minstret, zero
core   0: 3 0x0000000080006032 (0xb02024f3) x9  0x0000000000000e82
core   0: 0x0000000080006036 (0x0000a811) c.j     pc + 20
core   0: 3 0x0000000080006036 (0xa811)
core   0: >>>>  mepc_4
core   0: 0x000000008000604a (0x00000791) c.addi  a5, 4
core   0: 3 0x000000008000604a (0x0791) x15 0x0000000080005436
core   0: 0x000000008000604c (0x34179073) csrrw   zero, mepc, a5
core   0: 3 0x000000008000604c (0x34179073) c833_mepc 0x0000000080005436
core   0: 0x0000000080006050 (0x30200073) mret
core   0: 3 0x0000000080006050 (0x30200073) c768_mstatus 0x8000000a00106080
core   0: 0x0000000080005436 (0xf4281417) auipc   s0, 0xf4281
core   0: 1 0x0000000080005436 (0xf4281417) x8  0x0000000074286436
core   0: 0x000000008000543a (0x00ad9e33) sll     t3, s11, a0
core   0: 1 0x000000008000543a (0x00ad9e33) x28 0x0000000000000001
core   0: 0x000000008000543e (0x00000001) c.nop
core   0: 1 0x000000008000543e (0x0001)
core   0: 0x0000000080005440 (0x413cdeb3) sra     t4, s9, s3
core   0: 1 0x0000000080005440 (0x413cdeb3) x29 0x0000000000000000
core   0: 0x0000000080005444 (0xd21889d3) fcvt.d.wu fs3, a7
core   0: 1 0x0000000080005444 (0xd21889d3) f19 0x41efffffffe00000
core   0: 0x0000000080005448 (0x00f8e7b3) or      a5, a7, a5
core   0: 1 0x0000000080005448 (0x00f8e7b3) x15 0x00f33fffffffffff
core   0: 0x000000008000544c (0xa3cc83d3) fle.d   t2, fs9, ft8
core   0: 1 0x000000008000544c (0xa3cc83d3) c1_fflags 0x000000000000001b x7  0x0000000000000000
core   0: 0x0000000080005450 (0xf1339ef3) csrrw   t4, mimpid, t2
core   0: exception trap_illegal_instruction, epc 0x0000000080005450
core   0:           tval 0x00000000f1339ef3
core   0: >>>>  $xrv64i2p1_m2p0_a2p1_f2p2_d2p2_zicsr2p0_zifencei2p0_zmmul1p0_zba1p0_zbb1p0_zbc1p0_zbs1p0
core   0: 0x0000000080004000 (0x0080006f) j       pc + 0x8
core   0: 3 0x0000000080004000 (0x0080006f)
core   0: >>>>  mmode_exception_handler
core   0: 0x0000000080004008 (0x00002c17) auipc   s8, 0x2
core   0: 3 0x0000000080004008 (0x00002c17) x24 0x0000000080006008
core   0: 0x000000008000400c (0x00ec0c13) addi    s8, s8, 14
core   0: 3 0x000000008000400c (0x00ec0c13) x24 0x0000000080006016
core   0: 0x0000000080004010 (0x000c00e7) jalr    s8
core   0: 3 0x0000000080004010 (0x000c00e7) x1  0x0000000080004014
core   0: >>>>  any_handler
core   0: 0x0000000080006016 (0x341027f3) csrrs   a5, mepc, zero
core   0: 3 0x0000000080006016 (0x341027f3) x15 0x0000000080005450
core   0: 0x000000008000601a (0x34202773) csrrs   a4, mcause, zero
core   0: 3 0x000000008000601a (0x34202773) x14 0x0000000000000002
core   0: 0x000000008000601e (0x142026f3) csrrs   a3, scause, zero
core   0: 3 0x000000008000601e (0x142026f3) x13 0x0000000000000001
core   0: 0x0000000080006022 (0x30402673) csrrs   a2, mie, zero
core   0: 3 0x0000000080006022 (0x30402673) x12 0x0000000000000a00
core   0: 0x0000000080006026 (0x344025f3) csrrs   a1, mip, zero
core   0: 3 0x0000000080006026 (0x344025f3) x11 0x0000000000000080
core   0: 0x000000008000602a (0x343025f3) csrrs   a1, mtval, zero
core   0: 3 0x000000008000602a (0x343025f3) x11 0x00000000f1339ef3
core   0: 0x000000008000602e (0x14302573) csrrs   a0, stval, zero
core   0: 3 0x000000008000602e (0x14302573) x10 0x0000000000000000
core   0: 0x0000000080006032 (0xb02024f3) csrrs   s1, minstret, zero
core   0: 3 0x0000000080006032 (0xb02024f3) x9  0x0000000000000e99
core   0: 0x0000000080006036 (0x0000a811) c.j     pc + 20
core   0: 3 0x0000000080006036 (0xa811)
core   0: >>>>  mepc_4
core   0: 0x000000008000604a (0x00000791) c.addi  a5, 4
core   0: 3 0x000000008000604a (0x0791) x15 0x0000000080005454
core   0: 0x000000008000604c (0x34179073) csrrw   zero, mepc, a5
core   0: 3 0x000000008000604c (0x34179073) c833_mepc 0x0000000080005454
core   0: 0x0000000080006050 (0x30200073) mret
core   0: 3 0x0000000080006050 (0x30200073) c768_mstatus 0x8000000a00106080
core   0: 0x0000000080005454 (0x014797bb) sllw    a5, a5, s4
core   0: 1 0x0000000080005454 (0x014797bb) x15 0xffffffff80005454
core   0: 0x0000000080005458 (0x0af9fd53) fsub.d  fs10, fs3, fa5
core   0: 1 0x0000000080005458 (0x0af9fd53) f26 0x7ff8000000000000
core   0: 0x000000008000545c (0xfa9fffcb) fnmsub.d ft11, ft11, fs1, ft11
core   0: 1 0x000000008000545c (0xfa9fffcb) f31 0x7ff8000000000000
core   0: 0x0000000080005460 (0x42028fd3) fcvt.d.s ft11, ft5
core   0: 1 0x0000000080005460 (0x42028fd3) f31 0x7ff8000000000000
core   0: 0x0000000080005464 (0x0190d0bb) srlw    ra, ra, s9
core   0: 1 0x0000000080005464 (0x0190d0bb) x1  0xffffffff80004014
core   0: 0x0000000080005468 (0x039cd6b3) divu    a3, s9, s9
core   0: 1 0x0000000080005468 (0x039cd6b3) x13 0xffffffffffffffff
core   0: 0x000000008000546c (0xc02ef9d3) fcvt.l.s s3, ft9
core   0: 1 0x000000008000546c (0xc02ef9d3) c1_fflags 0x000000000000001b x19 0x7fffffffffffffff
core   0: 0x0000000080005470 (0x00021e9b) slliw   t4, tp, 0
core   0: 1 0x0000000080005470 (0x00021e9b) x29 0xfffffffffffff8a8
core   0: 0x0000000080005474 (0x0117d733) srl     a4, a5, a7
core   0: 1 0x0000000080005474 (0x0117d733) x14 0x0000000000000001
core   0: 0x0000000080005478 (0x41a75cbb) sraw    s9, a4, s10
core   0: 1 0x0000000080005478 (0x41a75cbb) x25 0x0000000000000000
core   0: 0x000000008000547c (0x00001d26) c.slli  s10, 41
core   0: 1 0x000000008000547c (0x1d26) x26 0x1b483c0000000000
core   0: 0x000000008000547e (0x002d161b) slliw   a2, s10, 2
core   0: 1 0x000000008000547e (0x002d161b) x12 0x0000000000000000
core   0: 0x0000000080005482 (0x2689ec93) ori     s9, s3, 616
core   0: 1 0x0000000080005482 (0x2689ec93) x25 0x7fffffffffffffff
core   0: 0x0000000080005486 (0x00202573) csrrs   a0, frm, zero
core   0: 1 0x0000000080005486 (0x00202573) x10 0x0000000000000000
core   0: 0x000000008000548a (0x0b6c7e97) auipc   t4, 0xb6c7
core   0: 1 0x000000008000548a (0x0b6c7e97) x29 0x000000008b6cc48a
core   0: 0x000000008000548e (0xe20d05d3) fmv.x.d a1, fs10
core   0: 1 0x000000008000548e (0xe20d05d3) x11 0x7ff8000000000000
core   0: 0x0000000080005492 (0x404bdc9b) sraiw   s9, s7, 4
core   0: 1 0x0000000080005492 (0x404bdc9b) x25 0xffffffffffffffff
core   0: 0x0000000080005496 (0x420a8a53) fcvt.d.s fs4, fs5
core   0: 1 0x0000000080005496 (0x420a8a53) f20 0x7ff8000000000000
core   0: 0x000000008000549a (0x00b0003b) addw    zero, zero, a1
core   0: 1 0x000000008000549a (0x00b0003b)
core   0: 0x000000008000549e (0xd033f953) fcvt.s.lu fs2, t2
core   0: 1 0x000000008000549e (0xd033f953) f18 0xffffffff00000000
core   0: 0x00000000800054a2 (0x03a16d3b) remw    s10, sp, s10
core   0: 1 0x00000000800054a2 (0x03a16d3b) x26 0x0000000000000000
core   0: 0x00000000800054a6 (0xb026ea73) csrrsi  s4, minstret, 13
core   0: exception trap_illegal_instruction, epc 0x00000000800054a6
core   0:           tval 0x00000000b026ea73
core   0: >>>>  $xrv64i2p1_m2p0_a2p1_f2p2_d2p2_zicsr2p0_zifencei2p0_zmmul1p0_zba1p0_zbb1p0_zbc1p0_zbs1p0
core   0: 0x0000000080004000 (0x0080006f) j       pc + 0x8
core   0: 3 0x0000000080004000 (0x0080006f)
core   0: >>>>  mmode_exception_handler
core   0: 0x0000000080004008 (0x00002c17) auipc   s8, 0x2
core   0: 3 0x0000000080004008 (0x00002c17) x24 0x0000000080006008
core   0: 0x000000008000400c (0x00ec0c13) addi    s8, s8, 14
core   0: 3 0x000000008000400c (0x00ec0c13) x24 0x0000000080006016
core   0: 0x0000000080004010 (0x000c00e7) jalr    s8
core   0: 3 0x0000000080004010 (0x000c00e7) x1  0x0000000080004014
core   0: >>>>  any_handler
core   0: 0x0000000080006016 (0x341027f3) csrrs   a5, mepc, zero
core   0: 3 0x0000000080006016 (0x341027f3) x15 0x00000000800054a6
core   0: 0x000000008000601a (0x34202773) csrrs   a4, mcause, zero
core   0: 3 0x000000008000601a (0x34202773) x14 0x0000000000000002
core   0: 0x000000008000601e (0x142026f3) csrrs   a3, scause, zero
core   0: 3 0x000000008000601e (0x142026f3) x13 0x0000000000000001
core   0: 0x0000000080006022 (0x30402673) csrrs   a2, mie, zero
core   0: 3 0x0000000080006022 (0x30402673) x12 0x0000000000000a00
core   0: 0x0000000080006026 (0x344025f3) csrrs   a1, mip, zero
core   0: 3 0x0000000080006026 (0x344025f3) x11 0x0000000000000080
core   0: 0x000000008000602a (0x343025f3) csrrs   a1, mtval, zero
core   0: 3 0x000000008000602a (0x343025f3) x11 0x00000000b026ea73
core   0: 0x000000008000602e (0x14302573) csrrs   a0, stval, zero
core   0: 3 0x000000008000602e (0x14302573) x10 0x0000000000000000
core   0: 0x0000000080006032 (0xb02024f3) csrrs   s1, minstret, zero
core   0: 3 0x0000000080006032 (0xb02024f3) x9  0x0000000000000ebe
core   0: 0x0000000080006036 (0x0000a811) c.j     pc + 20
core   0: 3 0x0000000080006036 (0xa811)
core   0: >>>>  mepc_4
core   0: 0x000000008000604a (0x00000791) c.addi  a5, 4
core   0: 3 0x000000008000604a (0x0791) x15 0x00000000800054aa
core   0: 0x000000008000604c (0x34179073) csrrw   zero, mepc, a5
core   0: 3 0x000000008000604c (0x34179073) c833_mepc 0x00000000800054aa
core   0: 0x0000000080006050 (0x30200073) mret
core   0: 3 0x0000000080006050 (0x30200073) c768_mstatus 0x8000000a00106080
core   0: 0x00000000800054aa (0x000098ee) c.add   a7, s11
core   0: 1 0x00000000800054aa (0x98ee) x17 0x00f3400000000000
core   0: 0x00000000800054ac (0xc21c7753) fcvt.wu.d a4, fs8
core   0: 1 0x00000000800054ac (0xc21c7753) c1_fflags 0x000000000000001b x14 0xffffffffffffffff
core   0: 0x00000000800054b0 (0x420989d3) fcvt.d.s fs3, fs3
core   0: 1 0x00000000800054b0 (0x420989d3) f19 0x7ff8000000000000
core   0: 0x00000000800054b4 (0xc23ef4d3) fcvt.lu.d s1, ft9
core   0: 1 0x00000000800054b4 (0xc23ef4d3) x9  0x0000000001100000
core   0: 0x00000000800054b8 (0x011126b3) slt     a3, sp, a7
core   0: 1 0x00000000800054b8 (0x011126b3) x13 0x0000000000000001
core   0: 0x00000000800054bc (0x400b5693) srai    a3, s6, 0
core   0: 1 0x00000000800054bc (0x400b5693) x13 0xfffffffffffff9cb
core   0: 0x00000000800054c0 (0x0049863b) addw    a2, s3, tp
core   0: 1 0x00000000800054c0 (0x0049863b) x12 0xfffffffffffff8a7
core   0: 0x00000000800054c4 (0x0235f1d3) fadd.d  ft3, fa1, ft3
core   0: 1 0x00000000800054c4 (0x0235f1d3) f3  0x7ff8000000000000
core   0: 0x00000000800054c8 (0xd21608d3) fcvt.d.wu fa7, a2
core   0: 1 0x00000000800054c8 (0xd21608d3) f17 0x41efffff14e00000
core   0: 0x00000000800054cc (0x00f5913b) sllw    sp, a1, a5
core   0: 1 0x00000000800054cc (0x00f5913b) x2  0xffffffff9ba9cc00
core   0: 0x00000000800054d0 (0x4162023b) subw    tp, tp, s6
core   0: 1 0x00000000800054d0 (0x4162023b) x4  0xfffffffffffffedd
core   0: 0x00000000800054d4 (0xd2198253) fcvt.d.wu ft4, s3
core   0: 1 0x00000000800054d4 (0xd2198253) f4  0x41efffffffe00000
core   0: 0x00000000800054d8 (0x016b9b33) sll     s6, s7, s6
core   0: 1 0x00000000800054d8 (0x016b9b33) x22 0x99fffffffffff800
core   0: 0x00000000800054dc (0x030ba733) mulhsu  a4, s7, a6
core   0: 1 0x00000000800054dc (0x030ba733) x14 0x0000000000000000
core   0: 0x00000000800054e0 (0xc035e4f3) csrrsi  s1, hpmcounter3, 11
core   0: exception trap_illegal_instruction, epc 0x00000000800054e0
core   0:           tval 0x00000000c035e4f3
core   0: >>>>  $xrv64i2p1_m2p0_a2p1_f2p2_d2p2_zicsr2p0_zifencei2p0_zmmul1p0_zba1p0_zbb1p0_zbc1p0_zbs1p0
core   0: 0x0000000080004000 (0x0080006f) j       pc + 0x8
core   0: 3 0x0000000080004000 (0x0080006f)
core   0: >>>>  mmode_exception_handler
core   0: 0x0000000080004008 (0x00002c17) auipc   s8, 0x2
core   0: 3 0x0000000080004008 (0x00002c17) x24 0x0000000080006008
core   0: 0x000000008000400c (0x00ec0c13) addi    s8, s8, 14
core   0: 3 0x000000008000400c (0x00ec0c13) x24 0x0000000080006016
core   0: 0x0000000080004010 (0x000c00e7) jalr    s8
core   0: 3 0x0000000080004010 (0x000c00e7) x1  0x0000000080004014
core   0: >>>>  any_handler
core   0: 0x0000000080006016 (0x341027f3) csrrs   a5, mepc, zero
core   0: 3 0x0000000080006016 (0x341027f3) x15 0x00000000800054e0
core   0: 0x000000008000601a (0x34202773) csrrs   a4, mcause, zero
core   0: 3 0x000000008000601a (0x34202773) x14 0x0000000000000002
core   0: 0x000000008000601e (0x142026f3) csrrs   a3, scause, zero
core   0: 3 0x000000008000601e (0x142026f3) x13 0x0000000000000001
core   0: 0x0000000080006022 (0x30402673) csrrs   a2, mie, zero
core   0: 3 0x0000000080006022 (0x30402673) x12 0x0000000000000a00
core   0: 0x0000000080006026 (0x344025f3) csrrs   a1, mip, zero
core   0: 3 0x0000000080006026 (0x344025f3) x11 0x0000000000000080
core   0: 0x000000008000602a (0x343025f3) csrrs   a1, mtval, zero
core   0: 3 0x000000008000602a (0x343025f3) x11 0x00000000c035e4f3
core   0: 0x000000008000602e (0x14302573) csrrs   a0, stval, zero
core   0: 3 0x000000008000602e (0x14302573) x10 0x0000000000000000
core   0: 0x0000000080006032 (0xb02024f3) csrrs   s1, minstret, zero
core   0: 3 0x0000000080006032 (0xb02024f3) x9  0x0000000000000edc
core   0: 0x0000000080006036 (0x0000a811) c.j     pc + 20
core   0: 3 0x0000000080006036 (0xa811)
core   0: >>>>  mepc_4
core   0: 0x000000008000604a (0x00000791) c.addi  a5, 4
core   0: 3 0x000000008000604a (0x0791) x15 0x00000000800054e4
core   0: 0x000000008000604c (0x34179073) csrrw   zero, mepc, a5
core   0: 3 0x000000008000604c (0x34179073) c833_mepc 0x00000000800054e4
core   0: 0x0000000080006050 (0x30200073) mret
core   0: 3 0x0000000080006050 (0x30200073) c768_mstatus 0x8000000a00106080
core   0: 0x00000000800054e4 (0xc21471d3) fcvt.wu.d gp, fs0
core   0: 1 0x00000000800054e4 (0xc21471d3) c1_fflags 0x000000000000001b x3  0xffffffffffffffff
core   0: 0x00000000800054e8 (0x5a0bfc53) fsqrt.d fs8, fs7
core   0: 1 0x00000000800054e8 (0x5a0bfc53) f24 0x7ff8000000000000
core   0: 0x00000000800054ec (0x413c81bb) subw    gp, s9, s3
core   0: 1 0x00000000800054ec (0x413c81bb) x3  0x0000000000000000
core   0: 0x00000000800054f0 (0x008d131b) slliw   t1, s10, 8
core   0: 1 0x00000000800054f0 (0x008d131b) x6  0x0000000000000000
core   0: 0x00000000800054f4 (0x01f95a13) srli    s4, s2, 31
core   0: 1 0x00000000800054f4 (0x01f95a13) x20 0x00000000000020a4
core   0: 0x00000000800054f8 (0x00cd563b) srlw    a2, s10, a2
core   0: 1 0x00000000800054f8 (0x00cd563b) x12 0x0000000000000000
core   0: 0x00000000800054fc (0x03d0f433) remu    s0, ra, t4
core   0: 1 0x00000000800054fc (0x03d0f433) x8  0x0000000080004014
core   0: 0x0000000080005500 (0xd23c76d3) fcvt.d.lu fa3, s8
core   0: 1 0x0000000080005500 (0xd23c76d3) f13 0x41e0000c02c00000
core   0: 0x0000000080005504 (0xc2167e53) fcvt.wu.d t3, fa2
core   0: 1 0x0000000080005504 (0xc2167e53) c1_fflags 0x000000000000001b x28 0xffffffffffffffff
core   0: 0x0000000080005508 (0xfe5ee293) ori     t0, t4, -27
core   0: 1 0x0000000080005508 (0xfe5ee293) x5  0xffffffffffffffef
core   0: 0x000000008000550c (0xc02efdd3) fcvt.l.s s11, ft9
core   0: 1 0x000000008000550c (0xc02efdd3) c1_fflags 0x000000000000001b x27 0x7fffffffffffffff
core   0: 0x0000000080005510 (0x2a430353) fmin.d  ft6, ft6, ft4
core   0: 1 0x0000000080005510 (0x2a430353) f6  0x41efffffffe00000
core   0: 0x0000000080005514 (0x0005551b) srliw   a0, a0, 0
core   0: 1 0x0000000080005514 (0x0005551b) x10 0x0000000000000000
core   0: 0x0000000080005518 (0x22c692d3) fsgnjn.d ft5, fa3, fa2
core   0: 1 0x0000000080005518 (0x22c692d3) f5  0xc1e0000c02c00000
core   0: 0x000000008000551c (0x0ab5fa53) fsub.d  fs4, fa1, fa1
core   0: 1 0x000000008000551c (0x0ab5fa53) f20 0x7ff8000000000000
core   0: 0x0000000080005520 (0x001a1a73) csrrw   s4, fflags, s4
core   0: 1 0x0000000080005520 (0x001a1a73) x20 0x000000000000001b c1_fflags 0x0000000000000004
core   0: 0x0000000080005524 (0x0000926a) c.add   tp, s10
core   0: 1 0x0000000080005524 (0x926a) x4  0xfffffffffffffedd
core   0: 0x0000000080005526 (0x34032873) csrrs   a6, mscratch, t1
core   0: exception trap_illegal_instruction, epc 0x0000000080005526
core   0:           tval 0x0000000034032873
core   0: >>>>  $xrv64i2p1_m2p0_a2p1_f2p2_d2p2_zicsr2p0_zifencei2p0_zmmul1p0_zba1p0_zbb1p0_zbc1p0_zbs1p0
core   0: 0x0000000080004000 (0x0080006f) j       pc + 0x8
core   0: 3 0x0000000080004000 (0x0080006f)
core   0: >>>>  mmode_exception_handler
core   0: 0x0000000080004008 (0x00002c17) auipc   s8, 0x2
core   0: 3 0x0000000080004008 (0x00002c17) x24 0x0000000080006008
core   0: 0x000000008000400c (0x00ec0c13) addi    s8, s8, 14
core   0: 3 0x000000008000400c (0x00ec0c13) x24 0x0000000080006016
core   0: 0x0000000080004010 (0x000c00e7) jalr    s8
core   0: 3 0x0000000080004010 (0x000c00e7) x1  0x0000000080004014
core   0: >>>>  any_handler
core   0: 0x0000000080006016 (0x341027f3) csrrs   a5, mepc, zero
core   0: 3 0x0000000080006016 (0x341027f3) x15 0x0000000080005526
core   0: 0x000000008000601a (0x34202773) csrrs   a4, mcause, zero
core   0: 3 0x000000008000601a (0x34202773) x14 0x0000000000000002
core   0: 0x000000008000601e (0x142026f3) csrrs   a3, scause, zero
core   0: 3 0x000000008000601e (0x142026f3) x13 0x0000000000000001
core   0: 0x0000000080006022 (0x30402673) csrrs   a2, mie, zero
core   0: 3 0x0000000080006022 (0x30402673) x12 0x0000000000000a00
core   0: 0x0000000080006026 (0x344025f3) csrrs   a1, mip, zero
core   0: 3 0x0000000080006026 (0x344025f3) x11 0x0000000000000080
core   0: 0x000000008000602a (0x343025f3) csrrs   a1, mtval, zero
core   0: 3 0x000000008000602a (0x343025f3) x11 0x0000000034032873
core   0: 0x000000008000602e (0x14302573) csrrs   a0, stval, zero
core   0: 3 0x000000008000602e (0x14302573) x10 0x0000000000000000
core   0: 0x0000000080006032 (0xb02024f3) csrrs   s1, minstret, zero
core   0: 3 0x0000000080006032 (0xb02024f3) x9  0x0000000000000efd
core   0: 0x0000000080006036 (0x0000a811) c.j     pc + 20
core   0: 3 0x0000000080006036 (0xa811)
core   0: >>>>  mepc_4
core   0: 0x000000008000604a (0x00000791) c.addi  a5, 4
core   0: 3 0x000000008000604a (0x0791) x15 0x000000008000552a
core   0: 0x000000008000604c (0x34179073) csrrw   zero, mepc, a5
core   0: 3 0x000000008000604c (0x34179073) c833_mepc 0x000000008000552a
core   0: 0x0000000080006050 (0x30200073) mret
core   0: 3 0x0000000080006050 (0x30200073) c768_mstatus 0x8000000a00106080
core   0: 0x000000008000552a (0x0165cb33) xor     s6, a1, s6
core   0: 1 0x000000008000552a (0x0165cb33) x22 0x99ffffffcbfcd073
core   0: 0x000000008000552e (0x03d13eb3) mulhu   t4, sp, t4
core   0: 1 0x000000008000552e (0x03d13eb3) x29 0x000000008b6cc489
core   0: 0x0000000080005532 (0x00319b3b) sllw    s6, gp, gp
core   0: 1 0x0000000080005532 (0x00319b3b) x22 0x0000000000000000
core   0: 0x0000000080005536 (0x027ca3b3) mulhsu  t2, s9, t2
core   0: 1 0x0000000080005536 (0x027ca3b3) x7  0x0000000000000000
core   0: 0x000000008000553a (0x30f34d97) auipc   s11, 0x30f34
core   0: 1 0x000000008000553a (0x30f34d97) x27 0x00000000b0f3953a
core   0: 0x000000008000553e (0x0aa5f5d3) fsub.d  fa1, fa1, fa0
core   0: 1 0x000000008000553e (0x0aa5f5d3) f11 0x7ff8000000000000
core   0: 0x0000000080005542 (0xd2030ad3) fcvt.d.w fs5, t1
core   0: 1 0x0000000080005542 (0xd2030ad3) f21 0x0000000000000000
core   0: 0x0000000080005546 (0x0383c5bb) divw    a1, t2, s8
core   0: 1 0x0000000080005546 (0x0383c5bb) x11 0x0000000000000000
core   0: 0x000000008000554a (0xb22afec7) fmsub.d ft9, fs5, ft2, fs6
core   0: 1 0x000000008000554a (0xb22afec7) f29 0x7ff8000000000000
core   0: 0x000000008000554e (0x001026f3) csrrs   a3, fflags, zero
core   0: 1 0x000000008000554e (0x001026f3) x13 0x0000000000000004
core   0: 0x0000000080005552 (0x4052d93b) sraw    s2, t0, t0
core   0: 1 0x0000000080005552 (0x4052d93b) x18 0xffffffffffffffff
core   0: 0x0000000080005556 (0x03b01533) mulh    a0, zero, s11
core   0: 1 0x0000000080005556 (0x03b01533) x10 0x0000000000000000
core   0: 0x000000008000555a (0xc025f9d3) fcvt.l.s s3, fa1
core   0: 1 0x000000008000555a (0xc025f9d3) c1_fflags 0x0000000000000014 x19 0x7fffffffffffffff
core   0: 0x000000008000555e (0x0b65f753) fsub.d  fa4, fa1, fs6
core   0: 1 0x000000008000555e (0x0b65f753) f14 0x7ff8000000000000
core   0: 0x0000000080005562 (0xf20b0a53) fmv.d.x fs4, s6
core   0: 1 0x0000000080005562 (0xf20b0a53) f20 0x0000000000000000
core   0: 0x0000000080005566 (0x4163d3bb) sraw    t2, t2, s6
core   0: 1 0x0000000080005566 (0x4163d3bb) x7  0x0000000000000000
core   0: 0x000000008000556a (0xc222f9d3) fcvt.l.d s3, ft5
core   0: 1 0x000000008000556a (0xc222f9d3) x19 0xffffffff7fff9fea
core   0: 0x000000008000556e (0x4079d333) sra     t1, s3, t2
core   0: 1 0x000000008000556e (0x4079d333) x6  0xffffffff7fff9fea
core   0: 0x0000000080005572 (0xc212f453) fcvt.wu.d s0, ft5
core   0: 1 0x0000000080005572 (0xc212f453) c1_fflags 0x0000000000000014 x8  0x0000000000000000
core   0: 0x0000000080005576 (0xd029f353) fcvt.s.l ft6, s3
core   0: 1 0x0000000080005576 (0xd029f353) c1_fflags 0x0000000000000015 f6  0xffffffffcf000060
core   0: 0x000000008000557a (0x0070f3b3) and     t2, ra, t2
core   0: 1 0x000000008000557a (0x0070f3b3) x7  0x0000000000000000
core   0: 0x000000008000557e (0x133270d3) fmul.d  ft1, ft4, fs3
core   0: 1 0x000000008000557e (0x133270d3) f1  0x7ff8000000000000
core   0: 0x0000000080005582 (0x029be5bb) remw    a1, s7, s1
core   0: 1 0x0000000080005582 (0x029be5bb) x11 0xffffffffffffffff
core   0: 0x0000000080005586 (0x4010d2bb) sraw    t0, ra, ra
core   0: 1 0x0000000080005586 (0x4010d2bb) x5  0xfffffffffffff800
core   0: 0x000000008000558a (0x01da1d33) sll     s10, s4, t4
core   0: 1 0x000000008000558a (0x01da1d33) x26 0x0000000000003600
core   0: 0x000000008000558e (0x001021f3) csrrs   gp, fflags, zero
core   0: 1 0x000000008000558e (0x001021f3) x3  0x0000000000000015
core   0: 0x0000000080005592 (0xd021f553) fcvt.s.l fa0, gp
core   0: 1 0x0000000080005592 (0xd021f553) f10 0xffffffff41a80000
core   0: 0x0000000080005596 (0x00202df3) csrrs   s11, frm, zero
core   0: 1 0x0000000080005596 (0x00202df3) x27 0x0000000000000000
core   0: 0x000000008000559a (0x018c563b) srlw    a2, s8, s8
core   0: 1 0x000000008000559a (0x018c563b) x12 0x0000000000000200
core   0: 0x000000008000559e (0x02609813) slli    a6, ra, 38
core   0: 1 0x000000008000559e (0x02609813) x16 0x0010050000000000
core   0: 0x00000000800055a2 (0x4015da9b) sraiw   s5, a1, 1
core   0: 1 0x00000000800055a2 (0x4015da9b) x21 0xffffffffffffffff
core   0: 0x00000000800055a6 (0x2a9b0b53) fmin.d  fs6, fs6, fs1
core   0: 1 0x00000000800055a6 (0x2a9b0b53) f22 0x7ff8000000000000
core   0: 0x00000000800055aa (0xd21082d3) fcvt.d.wu ft5, ra
core   0: 1 0x00000000800055aa (0xd21082d3) f5  0x41e0000802800000
core   0: 0x00000000800055ae (0x03884733) div     a4, a6, s8
core   0: 1 0x00000000800055ae (0x03884733) x14 0x00000000002009e7
core   0: 0x00000000800055b2 (0x00a6563b) srlw    a2, a2, a0
core   0: 1 0x00000000800055b2 (0x00a6563b) x12 0x0000000000000200
core   0: 0x00000000800055b6 (0x01080dbb) addw    s11, a6, a6
core   0: 1 0x00000000800055b6 (0x01080dbb) x27 0x0000000000000000
core   0: 0x00000000800055ba (0x0ff0000f) fence   iorw,iorw
core   0: 1 0x00000000800055ba (0x0ff0000f)
core   0: 0x00000000800055be (0x1390f5d3) fmul.d  fa1, ft1, fs9
core   0: 1 0x00000000800055be (0x1390f5d3) f11 0x7ff8000000000000
core   0: 0x00000000800055c2 (0x40540133) sub     sp, s0, t0
core   0: 1 0x00000000800055c2 (0x40540133) x2  0x0000000000000800
core   0: 0x00000000800055c6 (0x03a970b3) remu    ra, s2, s10
core   0: 1 0x00000000800055c6 (0x03a970b3) x1  0x00000000000003ff
core   0: 0x00000000800055ca (0xc23cf653) fcvt.lu.d a2, fs9
core   0: 1 0x00000000800055ca (0xc23cf653) x12 0x0000000000000000
core   0: 0x00000000800055ce (0x4012513b) sraw    sp, tp, ra
core   0: 1 0x00000000800055ce (0x4012513b) x2  0xffffffffffffffff
core   0: 0x00000000800055d2 (0x00000001) c.nop
core   0: 1 0x00000000800055d2 (0x0001)
core   0: 0x00000000800055d4 (0xc21b7853) fcvt.wu.d a6, fs6
core   0: 1 0x00000000800055d4 (0xc21b7853) c1_fflags 0x0000000000000015 x16 0xffffffffffffffff
core   0: 0x00000000800055d8 (0x3103e113) ori     sp, t2, 784
core   0: 1 0x00000000800055d8 (0x3103e113) x2  0x0000000000000310
core   0: 0x00000000800055dc (0xf8e6eb13) ori     s6, a3, -114
core   0: 1 0x00000000800055dc (0xf8e6eb13) x22 0xffffffffffffff8e
core   0: 0x00000000800055e0 (0x035a1d33) mulh    s10, s4, s5
core   0: 1 0x00000000800055e0 (0x035a1d33) x26 0xffffffffffffffff
core   0: 0x00000000800055e4 (0xdaa1754b) fnmsub.d fa0, ft2, fa0, fs11
core   0: 1 0x00000000800055e4 (0xdaa1754b) f10 0x7ff8000000000000
core   0: 0x00000000800055e8 (0x03433033) mulhu   zero, t1, s4
core   0: 1 0x00000000800055e8 (0x03433033)
core   0: 0x00000000800055ec (0xd21b0253) fcvt.d.wu ft4, s6
core   0: 1 0x00000000800055ec (0xd21b0253) f4  0x41effffff1c00000
core   0: 0x00000000800055f0 (0xd20605d3) fcvt.d.w fa1, a2
core   0: 1 0x00000000800055f0 (0xd20605d3) f11 0x0000000000000000
core   0: 0x00000000800055f4 (0x0b857753) fsub.d  fa4, fa0, fs8
core   0: 1 0x00000000800055f4 (0x0b857753) f14 0x7ff8000000000000
core   0: 0x00000000800055f8 (0x0093883b) addw    a6, t2, s1
core   0: 1 0x00000000800055f8 (0x0093883b) x16 0x0000000000000efd
core   0: 0x00000000800055fc (0x03076a33) rem     s4, a4, a6
core   0: 1 0x00000000800055fc (0x03076a33) x20 0x0000000000000350
core   0: 0x0000000080005600 (0x002112f3) csrrw   t0, frm, sp
core   0: 1 0x0000000080005600 (0x002112f3) x5  0x0000000000000000 c2_frm 0x0000000000000000
core   0: 0x0000000080005604 (0x005ddab3) srl     s5, s11, t0
core   0: 1 0x0000000080005604 (0x005ddab3) x21 0x0000000000000000
core   0: 0x0000000080005608 (0x42020253) fcvt.d.s ft4, ft4
core   0: 1 0x0000000080005608 (0x42020253) f4  0x7ff8000000000000
core   0: 0x000000008000560c (0x00102473) csrrs   s0, fflags, zero
core   0: 1 0x000000008000560c (0x00102473) x8  0x0000000000000015
core   0: 0x0000000080005610 (0x12cc0a1b) addiw   s4, s8, 300
core   0: 1 0x0000000080005610 (0x12cc0a1b) x20 0xffffffff80006142
core   0: 0x0000000080005614 (0x01617ab3) and     s5, sp, s6
core   0: 1 0x0000000080005614 (0x01617ab3) x21 0x0000000000000300
core   0: 0x0000000080005618 (0x03c17133) remu    sp, sp, t3
core   0: 1 0x0000000080005618 (0x03c17133) x2  0x0000000000000310
core   0: 0x000000008000561c (0xd030fd53) fcvt.s.lu fs10, ra
core   0: 1 0x000000008000561c (0xd030fd53) f26 0xffffffff447fc000
core   0: 0x0000000080005620 (0x0207403b) divw    zero, a4, zero
core   0: 1 0x0000000080005620 (0x0207403b)
core   0: 0x0000000080005624 (0x00279d73) csrrw   s10, frm, a5
core   0: 1 0x0000000080005624 (0x00279d73) x26 0x0000000000000000 c2_frm 0x0000000000000002
core   0: 0x0000000080005628 (0x324d4093) xori    ra, s10, 804
core   0: 1 0x0000000080005628 (0x324d4093) x1  0x0000000000000324
core   0: 0x000000008000562c (0x02d6d83b) divuw   a6, a3, a3
core   0: 1 0x000000008000562c (0x02d6d83b) x16 0x0000000000000001
core   0: 0x0000000080005630 (0x02737133) remu    sp, t1, t2
core   0: 1 0x0000000080005630 (0x02737133) x2  0xffffffff7fff9fea
core   0: 0x0000000080005634 (0x004a9cb3) sll     s9, s5, tp
core   0: 1 0x0000000080005634 (0x004a9cb3) x25 0x0000006000000000
core   0: 0x0000000080005638 (0x2bb787d3) fmin.d  fa5, fa5, fs11
core   0: 1 0x0000000080005638 (0x2bb787d3) f15 0x4171000000000000
core   0: 0x000000008000563c (0x00ece733) or      a4, s9, a4
core   0: 1 0x000000008000563c (0x00ece733) x14 0x00000060002009e7
core   0: 0x0000000080005640 (0x40468833) sub     a6, a3, tp
core   0: 1 0x0000000080005640 (0x40468833) x16 0x0000000000000127
core   0: 0x0000000080005644 (0x5393f24f) fnmadd.d ft4, ft7, fs9, fa0
core   0: 1 0x0000000080005644 (0x5393f24f) f4  0x7ff8000000000000
core   0: 0x0000000080005648 (0x52af79cf) fnmadd.d fs3, ft10, fa0, fa0
core   0: 1 0x0000000080005648 (0x52af79cf) f19 0x7ff8000000000000
core   0: 0x000000008000564c (0x0092951b) slliw   a0, t0, 9
core   0: 1 0x000000008000564c (0x0092951b) x10 0x0000000000000000
core   0: 0x0000000080005650 (0x41468b3b) subw    s6, a3, s4
core   0: 1 0x0000000080005650 (0x41468b3b) x22 0x000000007fff9ec2
core   0: 0x0000000080005654 (0xc0227753) fcvt.l.s a4, ft4
core   0: 1 0x0000000080005654 (0xc0227753) c1_fflags 0x0000000000000015 x14 0x7fffffffffffffff
core   0: 0x0000000080005658 (0x02a01033) mulh    zero, zero, a0
core   0: 1 0x0000000080005658 (0x02a01033)
core   0: 0x000000008000565c (0x36e0009b) addiw   ra, zero, 878
core   0: 1 0x000000008000565c (0x36e0009b) x1  0x000000000000036e
core   0: 0x0000000080005660 (0x0010831b) addiw   t1, ra, 1
core   0: 1 0x0000000080005660 (0x0010831b) x6  0x000000000000036f
core   0: 0x0000000080005664 (0x2294cb93) xori    s7, s1, 553
core   0: 1 0x0000000080005664 (0x2294cb93) x23 0x0000000000000cd4
core   0: 0x0000000080005668 (0xc23572d3) fcvt.lu.d t0, fa0
core   0: 1 0x0000000080005668 (0xc23572d3) c1_fflags 0x0000000000000015 x5  0xffffffffffffffff
core   0: 0x000000008000566c (0x414751bb) sraw    gp, a4, s4
core   0: 1 0x000000008000566c (0x414751bb) x3  0xffffffffffffffff
core   0: 0x0000000080005670 (0x432dd513) srai    a0, s11, 50
core   0: 1 0x0000000080005670 (0x432dd513) x10 0x0000000000000000
core   0: 0x0000000080005674 (0x01c27633) and     a2, tp, t3
core   0: 1 0x0000000080005674 (0x01c27633) x12 0xfffffffffffffedd
core   0: 0x0000000080005678 (0x00ec7733) and     a4, s8, a4
core   0: 1 0x0000000080005678 (0x00ec7733) x14 0x0000000080006016
core   0: 0x000000008000567c (0x0044d0bb) srlw    ra, s1, tp
core   0: 1 0x000000008000567c (0x0044d0bb) x1  0x0000000000000000
core   0: 0x0000000080005680 (0x40fc06b3) sub     a3, s8, a5
core   0: 1 0x0000000080005680 (0x40fc06b3) x13 0x0000000000000aec
core   0: 0x0000000080005684 (0x0007571b) srliw   a4, a4, 0
core   0: 1 0x0000000080005684 (0x0007571b) x14 0xffffffff80006016
core   0: 0x0000000080005688 (0xec90f693) andi    a3, ra, -311
core   0: 1 0x0000000080005688 (0xec90f693) x13 0x0000000000000000
core   0: 0x000000008000568c (0x019d1abb) sllw    s5, s10, s9
core   0: 1 0x000000008000568c (0x019d1abb) x21 0x0000000000000000
core   0: 0x0000000080005690 (0x01ad103b) sllw    zero, s10, s10
core   0: 1 0x0000000080005690 (0x01ad103b)
core   0: 0x0000000080005694 (0xc03277d3) fcvt.lu.s a5, ft4
core   0: 1 0x0000000080005694 (0xc03277d3) c1_fflags 0x0000000000000015 x15 0xffffffffffffffff
core   0: 0x0000000080005698 (0x4135501b) sraiw   zero, a0, 19
core   0: 1 0x0000000080005698 (0x4135501b)
core   0: 0x000000008000569c (0x00330bbb) addw    s7, t1, gp
core   0: 1 0x000000008000569c (0x00330bbb) x23 0x000000000000036e
core   0: 0x00000000800056a0 (0xc212f553) fcvt.wu.d a0, ft5
core   0: 1 0x00000000800056a0 (0xc212f553) x10 0xffffffff80004014
core   0: 0x00000000800056a4 (0xe2050bd3) fmv.x.d s7, fa0
core   0: 1 0x00000000800056a4 (0xe2050bd3) x23 0x7ff8000000000000
core   0: 0x00000000800056a8 (0xdf707b37) lui     s6, 0xdf707
core   0: 1 0x00000000800056a8 (0xdf707b37) x22 0xffffffffdf707000
core   0: 0x00000000800056ac (0x00181e9b) slliw   t4, a6, 1
core   0: 1 0x00000000800056ac (0x00181e9b) x29 0x000000000000024e
core   0: 0x00000000800056b0 (0x0103d933) srl     s2, t2, a6
core   0: 1 0x00000000800056b0 (0x0103d933) x18 0x0000000000000000
core   0: 0x00000000800056b4 (0x01cb1abb) sllw    s5, s6, t3
core   0: 1 0x00000000800056b4 (0x01cb1abb) x21 0x0000000000000000
core   0: 0x00000000800056b8 (0x0017c793) xori    a5, a5, 1
core   0: 1 0x00000000800056b8 (0x0017c793) x15 0xfffffffffffffffe
core   0: 0x00000000800056bc (0x7ff8f893) andi    a7, a7, 2047
core   0: 1 0x00000000800056bc (0x7ff8f893) x17 0x0000000000000000
core   0: 0x00000000800056c0 (0x00229a73) csrrw   s4, frm, t0
core   0: 1 0x00000000800056c0 (0x00229a73) x20 0x0000000000000002 c2_frm 0x0000000000000007
core   0: 0x00000000800056c4 (0xd22a71d3) fcvt.d.l ft3, s4
core   0: exception trap_illegal_instruction, epc 0x00000000800056c4
core   0:           tval 0x00000000d22a71d3
core   0: >>>>  $xrv64i2p1_m2p0_a2p1_f2p2_d2p2_zicsr2p0_zifencei2p0_zmmul1p0_zba1p0_zbb1p0_zbc1p0_zbs1p0
core   0: 0x0000000080004000 (0x0080006f) j       pc + 0x8
core   0: 3 0x0000000080004000 (0x0080006f)
core   0: >>>>  mmode_exception_handler
core   0: 0x0000000080004008 (0x00002c17) auipc   s8, 0x2
core   0: 3 0x0000000080004008 (0x00002c17) x24 0x0000000080006008
core   0: 0x000000008000400c (0x00ec0c13) addi    s8, s8, 14
core   0: 3 0x000000008000400c (0x00ec0c13) x24 0x0000000080006016
core   0: 0x0000000080004010 (0x000c00e7) jalr    s8
core   0: 3 0x0000000080004010 (0x000c00e7) x1  0x0000000080004014
core   0: >>>>  any_handler
core   0: 0x0000000080006016 (0x341027f3) csrrs   a5, mepc, zero
core   0: 3 0x0000000080006016 (0x341027f3) x15 0x00000000800056c4
core   0: 0x000000008000601a (0x34202773) csrrs   a4, mcause, zero
core   0: 3 0x000000008000601a (0x34202773) x14 0x0000000000000002
core   0: 0x000000008000601e (0x142026f3) csrrs   a3, scause, zero
core   0: 3 0x000000008000601e (0x142026f3) x13 0x0000000000000001
core   0: 0x0000000080006022 (0x30402673) csrrs   a2, mie, zero
core   0: 3 0x0000000080006022 (0x30402673) x12 0x0000000000000a00
core   0: 0x0000000080006026 (0x344025f3) csrrs   a1, mip, zero
core   0: 3 0x0000000080006026 (0x344025f3) x11 0x0000000000000080
core   0: 0x000000008000602a (0x343025f3) csrrs   a1, mtval, zero
core   0: 3 0x000000008000602a (0x343025f3) x11 0x00000000d22a71d3
core   0: 0x000000008000602e (0x14302573) csrrs   a0, stval, zero
core   0: 3 0x000000008000602e (0x14302573) x10 0x0000000000000000
core   0: 0x0000000080006032 (0xb02024f3) csrrs   s1, minstret, zero
core   0: 3 0x0000000080006032 (0xb02024f3) x9  0x0000000000000f74
core   0: 0x0000000080006036 (0x0000a811) c.j     pc + 20
core   0: 3 0x0000000080006036 (0xa811)
core   0: >>>>  mepc_4
core   0: 0x000000008000604a (0x00000791) c.addi  a5, 4
core   0: 3 0x000000008000604a (0x0791) x15 0x00000000800056c8
core   0: 0x000000008000604c (0x34179073) csrrw   zero, mepc, a5
core   0: 3 0x000000008000604c (0x34179073) c833_mepc 0x00000000800056c8
core   0: 0x0000000080006050 (0x30200073) mret
core   0: 3 0x0000000080006050 (0x30200073) c768_mstatus 0x8000000a00106080
core   0: 0x00000000800056c8 (0xd3abfe13) andi    t3, s7, -710
core   0: 1 0x00000000800056c8 (0xd3abfe13) x28 0x7ff8000000000000
core   0: 0x00000000800056cc (0xf921cb13) xori    s6, gp, -110
core   0: 1 0x00000000800056cc (0xf921cb13) x22 0x000000000000006d
core   0: 0x00000000800056d0 (0xc00110f3) csrrw   ra, cycle, sp
core   0: exception trap_illegal_instruction, epc 0x00000000800056d0
core   0:           tval 0x00000000c00110f3
core   0: >>>>  $xrv64i2p1_m2p0_a2p1_f2p2_d2p2_zicsr2p0_zifencei2p0_zmmul1p0_zba1p0_zbb1p0_zbc1p0_zbs1p0
core   0: 0x0000000080004000 (0x0080006f) j       pc + 0x8
core   0: 3 0x0000000080004000 (0x0080006f)
core   0: >>>>  mmode_exception_handler
core   0: 0x0000000080004008 (0x00002c17) auipc   s8, 0x2
core   0: 3 0x0000000080004008 (0x00002c17) x24 0x0000000080006008
core   0: 0x000000008000400c (0x00ec0c13) addi    s8, s8, 14
core   0: 3 0x000000008000400c (0x00ec0c13) x24 0x0000000080006016
core   0: 0x0000000080004010 (0x000c00e7) jalr    s8
core   0: 3 0x0000000080004010 (0x000c00e7) x1  0x0000000080004014
core   0: >>>>  any_handler
core   0: 0x0000000080006016 (0x341027f3) csrrs   a5, mepc, zero
core   0: 3 0x0000000080006016 (0x341027f3) x15 0x00000000800056d0
core   0: 0x000000008000601a (0x34202773) csrrs   a4, mcause, zero
core   0: 3 0x000000008000601a (0x34202773) x14 0x0000000000000002
core   0: 0x000000008000601e (0x142026f3) csrrs   a3, scause, zero
core   0: 3 0x000000008000601e (0x142026f3) x13 0x0000000000000001
core   0: 0x0000000080006022 (0x30402673) csrrs   a2, mie, zero
core   0: 3 0x0000000080006022 (0x30402673) x12 0x0000000000000a00
core   0: 0x0000000080006026 (0x344025f3) csrrs   a1, mip, zero
core   0: 3 0x0000000080006026 (0x344025f3) x11 0x0000000000000080
core   0: 0x000000008000602a (0x343025f3) csrrs   a1, mtval, zero
core   0: 3 0x000000008000602a (0x343025f3) x11 0x00000000c00110f3
core   0: 0x000000008000602e (0x14302573) csrrs   a0, stval, zero
core   0: 3 0x000000008000602e (0x14302573) x10 0x0000000000000000
core   0: 0x0000000080006032 (0xb02024f3) csrrs   s1, minstret, zero
core   0: 3 0x0000000080006032 (0xb02024f3) x9  0x0000000000000f86
core   0: 0x0000000080006036 (0x0000a811) c.j     pc + 20
core   0: 3 0x0000000080006036 (0xa811)
core   0: >>>>  mepc_4
core   0: 0x000000008000604a (0x00000791) c.addi  a5, 4
core   0: 3 0x000000008000604a (0x0791) x15 0x00000000800056d4
core   0: 0x000000008000604c (0x34179073) csrrw   zero, mepc, a5
core   0: 3 0x000000008000604c (0x34179073) c833_mepc 0x00000000800056d4
core   0: 0x0000000080006050 (0x30200073) mret
core   0: 3 0x0000000080006050 (0x30200073) c768_mstatus 0x8000000a00106080
core   0: 0x00000000800056d4 (0xd20085d3) fcvt.d.w fa1, ra
core   0: 1 0x00000000800056d4 (0xd20085d3) f11 0xc1dfffeffb000000
core   0: 0x00000000800056d8 (0x23fe11d3) fsgnjn.d ft3, ft8, ft11
core   0: 1 0x00000000800056d8 (0x23fe11d3) f3  0xfff8000000000000
core   0: 0x00000000800056dc (0x00031e1b) slliw   t3, t1, 0
core   0: 1 0x00000000800056dc (0x00031e1b) x28 0x000000000000036f
core   0: 0x00000000800056e0 (0xd03e7fd3) fcvt.s.lu ft11, t3
core   0: exception trap_illegal_instruction, epc 0x00000000800056e0
core   0:           tval 0x00000000d03e7fd3
core   0: >>>>  $xrv64i2p1_m2p0_a2p1_f2p2_d2p2_zicsr2p0_zifencei2p0_zmmul1p0_zba1p0_zbb1p0_zbc1p0_zbs1p0
core   0: 0x0000000080004000 (0x0080006f) j       pc + 0x8
core   0: 3 0x0000000080004000 (0x0080006f)
core   0: >>>>  mmode_exception_handler
core   0: 0x0000000080004008 (0x00002c17) auipc   s8, 0x2
core   0: 3 0x0000000080004008 (0x00002c17) x24 0x0000000080006008
core   0: 0x000000008000400c (0x00ec0c13) addi    s8, s8, 14
core   0: 3 0x000000008000400c (0x00ec0c13) x24 0x0000000080006016
core   0: 0x0000000080004010 (0x000c00e7) jalr    s8
core   0: 3 0x0000000080004010 (0x000c00e7) x1  0x0000000080004014
core   0: >>>>  any_handler
core   0: 0x0000000080006016 (0x341027f3) csrrs   a5, mepc, zero
core   0: 3 0x0000000080006016 (0x341027f3) x15 0x00000000800056e0
core   0: 0x000000008000601a (0x34202773) csrrs   a4, mcause, zero
core   0: 3 0x000000008000601a (0x34202773) x14 0x0000000000000002
core   0: 0x000000008000601e (0x142026f3) csrrs   a3, scause, zero
core   0: 3 0x000000008000601e (0x142026f3) x13 0x0000000000000001
core   0: 0x0000000080006022 (0x30402673) csrrs   a2, mie, zero
core   0: 3 0x0000000080006022 (0x30402673) x12 0x0000000000000a00
core   0: 0x0000000080006026 (0x344025f3) csrrs   a1, mip, zero
core   0: 3 0x0000000080006026 (0x344025f3) x11 0x0000000000000080
core   0: 0x000000008000602a (0x343025f3) csrrs   a1, mtval, zero
core   0: 3 0x000000008000602a (0x343025f3) x11 0x00000000d03e7fd3
core   0: 0x000000008000602e (0x14302573) csrrs   a0, stval, zero
core   0: 3 0x000000008000602e (0x14302573) x10 0x0000000000000000
core   0: 0x0000000080006032 (0xb02024f3) csrrs   s1, minstret, zero
core   0: 3 0x0000000080006032 (0xb02024f3) x9  0x0000000000000f99
core   0: 0x0000000080006036 (0x0000a811) c.j     pc + 20
core   0: 3 0x0000000080006036 (0xa811)
core   0: >>>>  mepc_4
core   0: 0x000000008000604a (0x00000791) c.addi  a5, 4
core   0: 3 0x000000008000604a (0x0791) x15 0x00000000800056e4
core   0: 0x000000008000604c (0x34179073) csrrw   zero, mepc, a5
core   0: 3 0x000000008000604c (0x34179073) c833_mepc 0x00000000800056e4
core   0: 0x0000000080006050 (0x30200073) mret
core   0: 3 0x0000000080006050 (0x30200073) c768_mstatus 0x8000000a00106080
core   0: 0x00000000800056e4 (0x140e1af3) csrrw   s5, sscratch, t3
core   0: 1 0x00000000800056e4 (0x140e1af3) x21 0x0000000000000000 c320_sscratch 0x000000000000036f
core   0: 0x00000000800056e8 (0x1bfbf1c7) fmsub.d ft3, fs7, ft11, ft3
core   0: exception trap_illegal_instruction, epc 0x00000000800056e8
core   0:           tval 0x000000001bfbf1c7
core   0: >>>>  $xrv64i2p1_m2p0_a2p1_f2p2_d2p2_zicsr2p0_zifencei2p0_zmmul1p0_zba1p0_zbb1p0_zbc1p0_zbs1p0
core   0: 0x0000000080004000 (0x0080006f) j       pc + 0x8
core   0: 3 0x0000000080004000 (0x0080006f)
core   0: >>>>  mmode_exception_handler
core   0: 0x0000000080004008 (0x00002c17) auipc   s8, 0x2
core   0: 3 0x0000000080004008 (0x00002c17) x24 0x0000000080006008
core   0: 0x000000008000400c (0x00ec0c13) addi    s8, s8, 14
core   0: 3 0x000000008000400c (0x00ec0c13) x24 0x0000000080006016
core   0: 0x0000000080004010 (0x000c00e7) jalr    s8
core   0: 3 0x0000000080004010 (0x000c00e7) x1  0x0000000080004014
core   0: >>>>  any_handler
core   0: 0x0000000080006016 (0x341027f3) csrrs   a5, mepc, zero
core   0: 3 0x0000000080006016 (0x341027f3) x15 0x00000000800056e8
core   0: 0x000000008000601a (0x34202773) csrrs   a4, mcause, zero
core   0: 3 0x000000008000601a (0x34202773) x14 0x0000000000000002
core   0: 0x000000008000601e (0x142026f3) csrrs   a3, scause, zero
core   0: 3 0x000000008000601e (0x142026f3) x13 0x0000000000000001
core   0: 0x0000000080006022 (0x30402673) csrrs   a2, mie, zero
core   0: 3 0x0000000080006022 (0x30402673) x12 0x0000000000000a00
core   0: 0x0000000080006026 (0x344025f3) csrrs   a1, mip, zero
core   0: 3 0x0000000080006026 (0x344025f3) x11 0x0000000000000080
core   0: 0x000000008000602a (0x343025f3) csrrs   a1, mtval, zero
core   0: 3 0x000000008000602a (0x343025f3) x11 0x000000001bfbf1c7
core   0: 0x000000008000602e (0x14302573) csrrs   a0, stval, zero
core   0: 3 0x000000008000602e (0x14302573) x10 0x0000000000000000
core   0: 0x0000000080006032 (0xb02024f3) csrrs   s1, minstret, zero
core   0: 3 0x0000000080006032 (0xb02024f3) x9  0x0000000000000faa
core   0: 0x0000000080006036 (0x0000a811) c.j     pc + 20
core   0: 3 0x0000000080006036 (0xa811)
core   0: >>>>  mepc_4
core   0: 0x000000008000604a (0x00000791) c.addi  a5, 4
core   0: 3 0x000000008000604a (0x0791) x15 0x00000000800056ec
core   0: 0x000000008000604c (0x34179073) csrrw   zero, mepc, a5
core   0: 3 0x000000008000604c (0x34179073) c833_mepc 0x00000000800056ec
core   0: 0x0000000080006050 (0x30200073) mret
core   0: 3 0x0000000080006050 (0x30200073) c768_mstatus 0x8000000a00106080
core   0: 0x00000000800056ec (0x4176db1b) sraiw   s6, a3, 23
core   0: 1 0x00000000800056ec (0x4176db1b) x22 0x0000000000000000
core   0: 0x00000000800056f0 (0x0081f837) lui     a6, 0x81f
core   0: 1 0x00000000800056f0 (0x0081f837) x16 0x000000000081f000
core   0: 0x00000000800056f4 (0x6038081b) addiw   a6, a6, 1539
core   0: 1 0x00000000800056f4 (0x6038081b) x16 0x000000000081f603
core   0: 0x00000000800056f8 (0x00000836) c.slli  a6, 13
core   0: 1 0x00000000800056f8 (0x0836) x16 0x000000103ec06000
core   0: 0x00000000800056fa (0x51b80813) addi    a6, a6, 1307
core   0: 1 0x00000000800056fa (0x51b80813) x16 0x000000103ec0651b
core   0: 0x00000000800056fe (0xf1419ef3) csrrw   t4, mhartid, gp
core   0: exception trap_illegal_instruction, epc 0x00000000800056fe
core   0:           tval 0x00000000f1419ef3
core   0: >>>>  $xrv64i2p1_m2p0_a2p1_f2p2_d2p2_zicsr2p0_zifencei2p0_zmmul1p0_zba1p0_zbb1p0_zbc1p0_zbs1p0
core   0: 0x0000000080004000 (0x0080006f) j       pc + 0x8
core   0: 3 0x0000000080004000 (0x0080006f)
core   0: >>>>  mmode_exception_handler
core   0: 0x0000000080004008 (0x00002c17) auipc   s8, 0x2
core   0: 3 0x0000000080004008 (0x00002c17) x24 0x0000000080006008
core   0: 0x000000008000400c (0x00ec0c13) addi    s8, s8, 14
core   0: 3 0x000000008000400c (0x00ec0c13) x24 0x0000000080006016
core   0: 0x0000000080004010 (0x000c00e7) jalr    s8
core   0: 3 0x0000000080004010 (0x000c00e7) x1  0x0000000080004014
core   0: >>>>  any_handler
core   0: 0x0000000080006016 (0x341027f3) csrrs   a5, mepc, zero
core   0: 3 0x0000000080006016 (0x341027f3) x15 0x00000000800056fe
core   0: 0x000000008000601a (0x34202773) csrrs   a4, mcause, zero
core   0: 3 0x000000008000601a (0x34202773) x14 0x0000000000000002
core   0: 0x000000008000601e (0x142026f3) csrrs   a3, scause, zero
core   0: 3 0x000000008000601e (0x142026f3) x13 0x0000000000000001
core   0: 0x0000000080006022 (0x30402673) csrrs   a2, mie, zero
core   0: 3 0x0000000080006022 (0x30402673) x12 0x0000000000000a00
core   0: 0x0000000080006026 (0x344025f3) csrrs   a1, mip, zero
core   0: 3 0x0000000080006026 (0x344025f3) x11 0x0000000000000080
core   0: 0x000000008000602a (0x343025f3) csrrs   a1, mtval, zero
core   0: 3 0x000000008000602a (0x343025f3) x11 0x00000000f1419ef3
core   0: 0x000000008000602e (0x14302573) csrrs   a0, stval, zero
core   0: 3 0x000000008000602e (0x14302573) x10 0x0000000000000000
core   0: 0x0000000080006032 (0xb02024f3) csrrs   s1, minstret, zero
core   0: 3 0x0000000080006032 (0xb02024f3) x9  0x0000000000000fbf
core   0: 0x0000000080006036 (0x0000a811) c.j     pc + 20
core   0: 3 0x0000000080006036 (0xa811)
core   0: >>>>  mepc_4
core   0: 0x000000008000604a (0x00000791) c.addi  a5, 4
core   0: 3 0x000000008000604a (0x0791) x15 0x0000000080005702
core   0: 0x000000008000604c (0x34179073) csrrw   zero, mepc, a5
core   0: 3 0x000000008000604c (0x34179073) c833_mepc 0x0000000080005702
core   0: 0x0000000080006050 (0x30200073) mret
core   0: 3 0x0000000080006050 (0x30200073) c768_mstatus 0x8000000a00106080
core   0: 0x0000000080005702 (0x016c5cbb) srlw    s9, s8, s6
core   0: 1 0x0000000080005702 (0x016c5cbb) x25 0xffffffff80006016
core   0: 0x0000000080005706 (0xfac1f247) fmsub.d ft4, ft3, fa2, ft11
core   0: exception trap_illegal_instruction, epc 0x0000000080005706
core   0:           tval 0x00000000fac1f247
core   0: >>>>  $xrv64i2p1_m2p0_a2p1_f2p2_d2p2_zicsr2p0_zifencei2p0_zmmul1p0_zba1p0_zbb1p0_zbc1p0_zbs1p0
core   0: 0x0000000080004000 (0x0080006f) j       pc + 0x8
core   0: 3 0x0000000080004000 (0x0080006f)
core   0: >>>>  mmode_exception_handler
core   0: 0x0000000080004008 (0x00002c17) auipc   s8, 0x2
core   0: 3 0x0000000080004008 (0x00002c17) x24 0x0000000080006008
core   0: 0x000000008000400c (0x00ec0c13) addi    s8, s8, 14
core   0: 3 0x000000008000400c (0x00ec0c13) x24 0x0000000080006016
core   0: 0x0000000080004010 (0x000c00e7) jalr    s8
core   0: 3 0x0000000080004010 (0x000c00e7) x1  0x0000000080004014
core   0: >>>>  any_handler
core   0: 0x0000000080006016 (0x341027f3) csrrs   a5, mepc, zero
core   0: 3 0x0000000080006016 (0x341027f3) x15 0x0000000080005706
core   0: 0x000000008000601a (0x34202773) csrrs   a4, mcause, zero
core   0: 3 0x000000008000601a (0x34202773) x14 0x0000000000000002
core   0: 0x000000008000601e (0x142026f3) csrrs   a3, scause, zero
core   0: 3 0x000000008000601e (0x142026f3) x13 0x0000000000000001
core   0: 0x0000000080006022 (0x30402673) csrrs   a2, mie, zero
core   0: 3 0x0000000080006022 (0x30402673) x12 0x0000000000000a00
core   0: 0x0000000080006026 (0x344025f3) csrrs   a1, mip, zero
core   0: 3 0x0000000080006026 (0x344025f3) x11 0x0000000000000080
core   0: 0x000000008000602a (0x343025f3) csrrs   a1, mtval, zero
core   0: 3 0x000000008000602a (0x343025f3) x11 0x00000000fac1f247
core   0: 0x000000008000602e (0x14302573) csrrs   a0, stval, zero
core   0: 3 0x000000008000602e (0x14302573) x10 0x0000000000000000
core   0: 0x0000000080006032 (0xb02024f3) csrrs   s1, minstret, zero
core   0: 3 0x0000000080006032 (0xb02024f3) x9  0x0000000000000fd0
core   0: 0x0000000080006036 (0x0000a811) c.j     pc + 20
core   0: 3 0x0000000080006036 (0xa811)
core   0: >>>>  mepc_4
core   0: 0x000000008000604a (0x00000791) c.addi  a5, 4
core   0: 3 0x000000008000604a (0x0791) x15 0x000000008000570a
core   0: 0x000000008000604c (0x34179073) csrrw   zero, mepc, a5
core   0: 3 0x000000008000604c (0x34179073) c833_mepc 0x000000008000570a
core   0: 0x0000000080006050 (0x30200073) mret
core   0: 3 0x0000000080006050 (0x30200073) c768_mstatus 0x8000000a00106080
core   0: 0x000000008000570a (0x001021f3) csrrs   gp, fflags, zero
core   0: 1 0x000000008000570a (0x001021f3) x3  0x0000000000000015
core   0: 0x000000008000570e (0x016ad71b) srliw   a4, s5, 22
core   0: 1 0x000000008000570e (0x016ad71b) x14 0x0000000000000000
core   0: 0x0000000080005712 (0x624ffcc3) fmadd.d fs9, ft11, ft4, fa2
core   0: exception trap_illegal_instruction, epc 0x0000000080005712
core   0:           tval 0x00000000624ffcc3
core   0: >>>>  $xrv64i2p1_m2p0_a2p1_f2p2_d2p2_zicsr2p0_zifencei2p0_zmmul1p0_zba1p0_zbb1p0_zbc1p0_zbs1p0
core   0: 0x0000000080004000 (0x0080006f) j       pc + 0x8
core   0: 3 0x0000000080004000 (0x0080006f)
core   0: >>>>  mmode_exception_handler
core   0: 0x0000000080004008 (0x00002c17) auipc   s8, 0x2
core   0: 3 0x0000000080004008 (0x00002c17) x24 0x0000000080006008
core   0: 0x000000008000400c (0x00ec0c13) addi    s8, s8, 14
core   0: 3 0x000000008000400c (0x00ec0c13) x24 0x0000000080006016
core   0: 0x0000000080004010 (0x000c00e7) jalr    s8
core   0: 3 0x0000000080004010 (0x000c00e7) x1  0x0000000080004014
core   0: >>>>  any_handler
core   0: 0x0000000080006016 (0x341027f3) csrrs   a5, mepc, zero
core   0: 3 0x0000000080006016 (0x341027f3) x15 0x0000000080005712
core   0: 0x000000008000601a (0x34202773) csrrs   a4, mcause, zero
core   0: 3 0x000000008000601a (0x34202773) x14 0x0000000000000002
core   0: 0x000000008000601e (0x142026f3) csrrs   a3, scause, zero
core   0: 3 0x000000008000601e (0x142026f3) x13 0x0000000000000001
core   0: 0x0000000080006022 (0x30402673) csrrs   a2, mie, zero
core   0: 3 0x0000000080006022 (0x30402673) x12 0x0000000000000a00
core   0: 0x0000000080006026 (0x344025f3) csrrs   a1, mip, zero
core   0: 3 0x0000000080006026 (0x344025f3) x11 0x0000000000000080
core   0: 0x000000008000602a (0x343025f3) csrrs   a1, mtval, zero
core   0: 3 0x000000008000602a (0x343025f3) x11 0x00000000624ffcc3
core   0: 0x000000008000602e (0x14302573) csrrs   a0, stval, zero
core   0: 3 0x000000008000602e (0x14302573) x10 0x0000000000000000
core   0: 0x0000000080006032 (0xb02024f3) csrrs   s1, minstret, zero
core   0: 3 0x0000000080006032 (0xb02024f3) x9  0x0000000000000fe2
core   0: 0x0000000080006036 (0x0000a811) c.j     pc + 20
core   0: 3 0x0000000080006036 (0xa811)
core   0: >>>>  mepc_4
core   0: 0x000000008000604a (0x00000791) c.addi  a5, 4
core   0: 3 0x000000008000604a (0x0791) x15 0x0000000080005716
core   0: 0x000000008000604c (0x34179073) csrrw   zero, mepc, a5
core   0: 3 0x000000008000604c (0x34179073) c833_mepc 0x0000000080005716
core   0: 0x0000000080006050 (0x30200073) mret
core   0: 3 0x0000000080006050 (0x30200073) c768_mstatus 0x8000000a00106080
core   0: 0x0000000080005716 (0x420583d3) fcvt.d.s ft7, fa1
core   0: 1 0x0000000080005716 (0x420583d3) f7  0x7ff8000000000000
core   0: 0x000000008000571a (0x025682bb) mulw    t0, a3, t0
core   0: 1 0x000000008000571a (0x025682bb) x5  0xffffffffffffffff
core   0: 0x000000008000571e (0xc225f3d3) fcvt.l.d t2, fa1
core   0: exception trap_illegal_instruction, epc 0x000000008000571e
core   0:           tval 0x00000000c225f3d3
core   0: >>>>  $xrv64i2p1_m2p0_a2p1_f2p2_d2p2_zicsr2p0_zifencei2p0_zmmul1p0_zba1p0_zbb1p0_zbc1p0_zbs1p0
core   0: 0x0000000080004000 (0x0080006f) j       pc + 0x8
core   0: 3 0x0000000080004000 (0x0080006f)
core   0: >>>>  mmode_exception_handler
core   0: 0x0000000080004008 (0x00002c17) auipc   s8, 0x2
core   0: 3 0x0000000080004008 (0x00002c17) x24 0x0000000080006008
core   0: 0x000000008000400c (0x00ec0c13) addi    s8, s8, 14
core   0: 3 0x000000008000400c (0x00ec0c13) x24 0x0000000080006016
core   0: 0x0000000080004010 (0x000c00e7) jalr    s8
core   0: 3 0x0000000080004010 (0x000c00e7) x1  0x0000000080004014
core   0: >>>>  any_handler
core   0: 0x0000000080006016 (0x341027f3) csrrs   a5, mepc, zero
core   0: 3 0x0000000080006016 (0x341027f3) x15 0x000000008000571e
core   0: 0x000000008000601a (0x34202773) csrrs   a4, mcause, zero
core   0: 3 0x000000008000601a (0x34202773) x14 0x0000000000000002
core   0: 0x000000008000601e (0x142026f3) csrrs   a3, scause, zero
core   0: 3 0x000000008000601e (0x142026f3) x13 0x0000000000000001
core   0: 0x0000000080006022 (0x30402673) csrrs   a2, mie, zero
core   0: 3 0x0000000080006022 (0x30402673) x12 0x0000000000000a00
core   0: 0x0000000080006026 (0x344025f3) csrrs   a1, mip, zero
core   0: 3 0x0000000080006026 (0x344025f3) x11 0x0000000000000080
core   0: 0x000000008000602a (0x343025f3) csrrs   a1, mtval, zero
core   0: 3 0x000000008000602a (0x343025f3) x11 0x00000000c225f3d3
core   0: 0x000000008000602e (0x14302573) csrrs   a0, stval, zero
core   0: 3 0x000000008000602e (0x14302573) x10 0x0000000000000000
core   0: 0x0000000080006032 (0xb02024f3) csrrs   s1, minstret, zero
core   0: 3 0x0000000080006032 (0xb02024f3) x9  0x0000000000000ff4
core   0: 0x0000000080006036 (0x0000a811) c.j     pc + 20
core   0: 3 0x0000000080006036 (0xa811)
core   0: >>>>  mepc_4
core   0: 0x000000008000604a (0x00000791) c.addi  a5, 4
core   0: 3 0x000000008000604a (0x0791) x15 0x0000000080005722
core   0: 0x000000008000604c (0x34179073) csrrw   zero, mepc, a5
core   0: 3 0x000000008000604c (0x34179073) c833_mepc 0x0000000080005722
core   0: 0x0000000080006050 (0x30200073) mret
core   0: 3 0x0000000080006050 (0x30200073) c768_mstatus 0x8000000a00106080
core   0: 0x0000000080005722 (0x409d0133) sub     sp, s10, s1
core   0: 1 0x0000000080005722 (0x409d0133) x2  0xfffffffffffff00c
core   0: 0x0000000080005726 (0x02ee76bb) remuw   a3, t3, a4
core   0: 1 0x0000000080005726 (0x02ee76bb) x13 0x0000000000000001
core   0: 0x000000008000572a (0xf2068e53) fmv.d.x ft8, a3
core   0: 1 0x000000008000572a (0xf2068e53) f28 0x0000000000000001
core   0: 0x000000008000572e (0xd038f253) fcvt.s.lu ft4, a7
core   0: exception trap_illegal_instruction, epc 0x000000008000572e
core   0:           tval 0x00000000d038f253
core   0: >>>>  $xrv64i2p1_m2p0_a2p1_f2p2_d2p2_zicsr2p0_zifencei2p0_zmmul1p0_zba1p0_zbb1p0_zbc1p0_zbs1p0
core   0: 0x0000000080004000 (0x0080006f) j       pc + 0x8
core   0: 3 0x0000000080004000 (0x0080006f)
core   0: >>>>  mmode_exception_handler
core   0: 0x0000000080004008 (0x00002c17) auipc   s8, 0x2
core   0: 3 0x0000000080004008 (0x00002c17) x24 0x0000000080006008
core   0: 0x000000008000400c (0x00ec0c13) addi    s8, s8, 14
core   0: 3 0x000000008000400c (0x00ec0c13) x24 0x0000000080006016
core   0: 0x0000000080004010 (0x000c00e7) jalr    s8
core   0: 3 0x0000000080004010 (0x000c00e7) x1  0x0000000080004014
core   0: >>>>  any_handler
core   0: 0x0000000080006016 (0x341027f3) csrrs   a5, mepc, zero
core   0: 3 0x0000000080006016 (0x341027f3) x15 0x000000008000572e
core   0: 0x000000008000601a (0x34202773) csrrs   a4, mcause, zero
core   0: 3 0x000000008000601a (0x34202773) x14 0x0000000000000002
core   0: 0x000000008000601e (0x142026f3) csrrs   a3, scause, zero
core   0: 3 0x000000008000601e (0x142026f3) x13 0x0000000000000001
core   0: 0x0000000080006022 (0x30402673) csrrs   a2, mie, zero
core   0: 3 0x0000000080006022 (0x30402673) x12 0x0000000000000a00
core   0: 0x0000000080006026 (0x344025f3) csrrs   a1, mip, zero
core   0: 3 0x0000000080006026 (0x344025f3) x11 0x0000000000000080
core   0: 0x000000008000602a (0x343025f3) csrrs   a1, mtval, zero
core   0: 3 0x000000008000602a (0x343025f3) x11 0x00000000d038f253
core   0: 0x000000008000602e (0x14302573) csrrs   a0, stval, zero
core   0: 3 0x000000008000602e (0x14302573) x10 0x0000000000000000
core   0: 0x0000000080006032 (0xb02024f3) csrrs   s1, minstret, zero
core   0: 3 0x0000000080006032 (0xb02024f3) x9  0x0000000000001007
core   0: 0x0000000080006036 (0x0000a811) c.j     pc + 20
core   0: 3 0x0000000080006036 (0xa811)
core   0: >>>>  mepc_4
core   0: 0x000000008000604a (0x00000791) c.addi  a5, 4
core   0: 3 0x000000008000604a (0x0791) x15 0x0000000080005732
core   0: 0x000000008000604c (0x34179073) csrrw   zero, mepc, a5
core   0: 3 0x000000008000604c (0x34179073) c833_mepc 0x0000000080005732
core   0: 0x0000000080006050 (0x30200073) mret
core   0: 3 0x0000000080006050 (0x30200073) c768_mstatus 0x8000000a00106080
core   0: 0x0000000080005732 (0x414152b3) sra     t0, sp, s4
core   0: 1 0x0000000080005732 (0x414152b3) x5  0xfffffffffffffc03
core   0: 0x0000000080005736 (0x035afc33) remu    s8, s5, s5
core   0: 1 0x0000000080005736 (0x035afc33) x24 0x0000000000000000
core   0: 0x000000008000573a (0x5a037dd3) fsqrt.d fs11, ft6
core   0: exception trap_illegal_instruction, epc 0x000000008000573a
core   0:           tval 0x000000005a037dd3
core   0: >>>>  $xrv64i2p1_m2p0_a2p1_f2p2_d2p2_zicsr2p0_zifencei2p0_zmmul1p0_zba1p0_zbb1p0_zbc1p0_zbs1p0
core   0: 0x0000000080004000 (0x0080006f) j       pc + 0x8
core   0: 3 0x0000000080004000 (0x0080006f)
core   0: >>>>  mmode_exception_handler
core   0: 0x0000000080004008 (0x00002c17) auipc   s8, 0x2
core   0: 3 0x0000000080004008 (0x00002c17) x24 0x0000000080006008
core   0: 0x000000008000400c (0x00ec0c13) addi    s8, s8, 14
core   0: 3 0x000000008000400c (0x00ec0c13) x24 0x0000000080006016
core   0: 0x0000000080004010 (0x000c00e7) jalr    s8
core   0: 3 0x0000000080004010 (0x000c00e7) x1  0x0000000080004014
core   0: >>>>  any_handler
core   0: 0x0000000080006016 (0x341027f3) csrrs   a5, mepc, zero
core   0: 3 0x0000000080006016 (0x341027f3) x15 0x000000008000573a
core   0: 0x000000008000601a (0x34202773) csrrs   a4, mcause, zero
core   0: 3 0x000000008000601a (0x34202773) x14 0x0000000000000002
core   0: 0x000000008000601e (0x142026f3) csrrs   a3, scause, zero
core   0: 3 0x000000008000601e (0x142026f3) x13 0x0000000000000001
core   0: 0x0000000080006022 (0x30402673) csrrs   a2, mie, zero
core   0: 3 0x0000000080006022 (0x30402673) x12 0x0000000000000a00
core   0: 0x0000000080006026 (0x344025f3) csrrs   a1, mip, zero
core   0: 3 0x0000000080006026 (0x344025f3) x11 0x0000000000000080
core   0: 0x000000008000602a (0x343025f3) csrrs   a1, mtval, zero
core   0: 3 0x000000008000602a (0x343025f3) x11 0x000000005a037dd3
core   0: 0x000000008000602e (0x14302573) csrrs   a0, stval, zero
core   0: 3 0x000000008000602e (0x14302573) x10 0x0000000000000000
core   0: 0x0000000080006032 (0xb02024f3) csrrs   s1, minstret, zero
core   0: 3 0x0000000080006032 (0xb02024f3) x9  0x0000000000001019
core   0: 0x0000000080006036 (0x0000a811) c.j     pc + 20
core   0: 3 0x0000000080006036 (0xa811)
core   0: >>>>  mepc_4
core   0: 0x000000008000604a (0x00000791) c.addi  a5, 4
core   0: 3 0x000000008000604a (0x0791) x15 0x000000008000573e
core   0: 0x000000008000604c (0x34179073) csrrw   zero, mepc, a5
core   0: 3 0x000000008000604c (0x34179073) c833_mepc 0x000000008000573e
core   0: 0x0000000080006050 (0x30200073) mret
core   0: 3 0x0000000080006050 (0x30200073) c768_mstatus 0x8000000a00106080
core   0: 0x000000008000573e (0x00202373) csrrs   t1, frm, zero
core   0: 1 0x000000008000573e (0x00202373) x6  0x0000000000000007
core   0: 0x0000000080005742 (0x2aee0153) fmin.d  ft2, ft8, fa4
core   0: 1 0x0000000080005742 (0x2aee0153) f2  0x0000000000000001
core   0: 0x0000000080005746 (0xc025f8d3) fcvt.l.s a7, fa1
core   0: exception trap_illegal_instruction, epc 0x0000000080005746
core   0:           tval 0x00000000c025f8d3
core   0: >>>>  $xrv64i2p1_m2p0_a2p1_f2p2_d2p2_zicsr2p0_zifencei2p0_zmmul1p0_zba1p0_zbb1p0_zbc1p0_zbs1p0
core   0: 0x0000000080004000 (0x0080006f) j       pc + 0x8
core   0: 3 0x0000000080004000 (0x0080006f)
core   0: >>>>  mmode_exception_handler
core   0: 0x0000000080004008 (0x00002c17) auipc   s8, 0x2
core   0: 3 0x0000000080004008 (0x00002c17) x24 0x0000000080006008
core   0: 0x000000008000400c (0x00ec0c13) addi    s8, s8, 14
core   0: 3 0x000000008000400c (0x00ec0c13) x24 0x0000000080006016
core   0: 0x0000000080004010 (0x000c00e7) jalr    s8
core   0: 3 0x0000000080004010 (0x000c00e7) x1  0x0000000080004014
core   0: >>>>  any_handler
core   0: 0x0000000080006016 (0x341027f3) csrrs   a5, mepc, zero
core   0: 3 0x0000000080006016 (0x341027f3) x15 0x0000000080005746
core   0: 0x000000008000601a (0x34202773) csrrs   a4, mcause, zero
core   0: 3 0x000000008000601a (0x34202773) x14 0x0000000000000002
core   0: 0x000000008000601e (0x142026f3) csrrs   a3, scause, zero
core   0: 3 0x000000008000601e (0x142026f3) x13 0x0000000000000001
core   0: 0x0000000080006022 (0x30402673) csrrs   a2, mie, zero
core   0: 3 0x0000000080006022 (0x30402673) x12 0x0000000000000a00
core   0: 0x0000000080006026 (0x344025f3) csrrs   a1, mip, zero
core   0: 3 0x0000000080006026 (0x344025f3) x11 0x0000000000000080
core   0: 0x000000008000602a (0x343025f3) csrrs   a1, mtval, zero
core   0: 3 0x000000008000602a (0x343025f3) x11 0x00000000c025f8d3
core   0: 0x000000008000602e (0x14302573) csrrs   a0, stval, zero
core   0: 3 0x000000008000602e (0x14302573) x10 0x0000000000000000
core   0: 0x0000000080006032 (0xb02024f3) csrrs   s1, minstret, zero
core   0: 3 0x0000000080006032 (0xb02024f3) x9  0x000000000000102b
core   0: 0x0000000080006036 (0x0000a811) c.j     pc + 20
core   0: 3 0x0000000080006036 (0xa811)
core   0: >>>>  mepc_4
core   0: 0x000000008000604a (0x00000791) c.addi  a5, 4
core   0: 3 0x000000008000604a (0x0791) x15 0x000000008000574a
core   0: 0x000000008000604c (0x34179073) csrrw   zero, mepc, a5
core   0: 3 0x000000008000604c (0x34179073) c833_mepc 0x000000008000574a
core   0: 0x0000000080006050 (0x30200073) mret
core   0: 3 0x0000000080006050 (0x30200073) c768_mstatus 0x8000000a00106080
core   0: 0x000000008000574a (0xf11a14f3) csrrw   s1, mvendorid, s4
core   0: exception trap_illegal_instruction, epc 0x000000008000574a
core   0:           tval 0x00000000f11a14f3
core   0: >>>>  $xrv64i2p1_m2p0_a2p1_f2p2_d2p2_zicsr2p0_zifencei2p0_zmmul1p0_zba1p0_zbb1p0_zbc1p0_zbs1p0
core   0: 0x0000000080004000 (0x0080006f) j       pc + 0x8
core   0: 3 0x0000000080004000 (0x0080006f)
core   0: >>>>  mmode_exception_handler
core   0: 0x0000000080004008 (0x00002c17) auipc   s8, 0x2
core   0: 3 0x0000000080004008 (0x00002c17) x24 0x0000000080006008
core   0: 0x000000008000400c (0x00ec0c13) addi    s8, s8, 14
core   0: 3 0x000000008000400c (0x00ec0c13) x24 0x0000000080006016
core   0: 0x0000000080004010 (0x000c00e7) jalr    s8
core   0: 3 0x0000000080004010 (0x000c00e7) x1  0x0000000080004014
core   0: >>>>  any_handler
core   0: 0x0000000080006016 (0x341027f3) csrrs   a5, mepc, zero
core   0: 3 0x0000000080006016 (0x341027f3) x15 0x000000008000574a
core   0: 0x000000008000601a (0x34202773) csrrs   a4, mcause, zero
core   0: 3 0x000000008000601a (0x34202773) x14 0x0000000000000002
core   0: 0x000000008000601e (0x142026f3) csrrs   a3, scause, zero
core   0: 3 0x000000008000601e (0x142026f3) x13 0x0000000000000001
core   0: 0x0000000080006022 (0x30402673) csrrs   a2, mie, zero
core   0: 3 0x0000000080006022 (0x30402673) x12 0x0000000000000a00
core   0: 0x0000000080006026 (0x344025f3) csrrs   a1, mip, zero
core   0: 3 0x0000000080006026 (0x344025f3) x11 0x0000000000000080
core   0: 0x000000008000602a (0x343025f3) csrrs   a1, mtval, zero
core   0: 3 0x000000008000602a (0x343025f3) x11 0x00000000f11a14f3
core   0: 0x000000008000602e (0x14302573) csrrs   a0, stval, zero
core   0: 3 0x000000008000602e (0x14302573) x10 0x0000000000000000
core   0: 0x0000000080006032 (0xb02024f3) csrrs   s1, minstret, zero
core   0: 3 0x0000000080006032 (0xb02024f3) x9  0x000000000000103b
core   0: 0x0000000080006036 (0x0000a811) c.j     pc + 20
core   0: 3 0x0000000080006036 (0xa811)
core   0: >>>>  mepc_4
core   0: 0x000000008000604a (0x00000791) c.addi  a5, 4
core   0: 3 0x000000008000604a (0x0791) x15 0x000000008000574e
core   0: 0x000000008000604c (0x34179073) csrrw   zero, mepc, a5
core   0: 3 0x000000008000604c (0x34179073) c833_mepc 0x000000008000574e
core   0: 0x0000000080006050 (0x30200073) mret
core   0: 3 0x0000000080006050 (0x30200073) c768_mstatus 0x8000000a00106080
core   0: 0x000000008000574e (0xc03cfe53) fcvt.lu.s t3, fs9
core   0: exception trap_illegal_instruction, epc 0x000000008000574e
core   0:           tval 0x00000000c03cfe53
core   0: >>>>  $xrv64i2p1_m2p0_a2p1_f2p2_d2p2_zicsr2p0_zifencei2p0_zmmul1p0_zba1p0_zbb1p0_zbc1p0_zbs1p0
core   0: 0x0000000080004000 (0x0080006f) j       pc + 0x8
core   0: 3 0x0000000080004000 (0x0080006f)
core   0: >>>>  mmode_exception_handler
core   0: 0x0000000080004008 (0x00002c17) auipc   s8, 0x2
core   0: 3 0x0000000080004008 (0x00002c17) x24 0x0000000080006008
core   0: 0x000000008000400c (0x00ec0c13) addi    s8, s8, 14
core   0: 3 0x000000008000400c (0x00ec0c13) x24 0x0000000080006016
core   0: 0x0000000080004010 (0x000c00e7) jalr    s8
core   0: 3 0x0000000080004010 (0x000c00e7) x1  0x0000000080004014
core   0: >>>>  any_handler
core   0: 0x0000000080006016 (0x341027f3) csrrs   a5, mepc, zero
core   0: 3 0x0000000080006016 (0x341027f3) x15 0x000000008000574e
core   0: 0x000000008000601a (0x34202773) csrrs   a4, mcause, zero
core   0: 3 0x000000008000601a (0x34202773) x14 0x0000000000000002
core   0: 0x000000008000601e (0x142026f3) csrrs   a3, scause, zero
core   0: 3 0x000000008000601e (0x142026f3) x13 0x0000000000000001
core   0: 0x0000000080006022 (0x30402673) csrrs   a2, mie, zero
core   0: 3 0x0000000080006022 (0x30402673) x12 0x0000000000000a00
core   0: 0x0000000080006026 (0x344025f3) csrrs   a1, mip, zero
core   0: 3 0x0000000080006026 (0x344025f3) x11 0x0000000000000080
core   0: 0x000000008000602a (0x343025f3) csrrs   a1, mtval, zero
core   0: 3 0x000000008000602a (0x343025f3) x11 0x00000000c03cfe53
core   0: 0x000000008000602e (0x14302573) csrrs   a0, stval, zero
core   0: 3 0x000000008000602e (0x14302573) x10 0x0000000000000000
core   0: 0x0000000080006032 (0xb02024f3) csrrs   s1, minstret, zero
core   0: 3 0x0000000080006032 (0xb02024f3) x9  0x000000000000104b
core   0: 0x0000000080006036 (0x0000a811) c.j     pc + 20
core   0: 3 0x0000000080006036 (0xa811)
core   0: >>>>  mepc_4
core   0: 0x000000008000604a (0x00000791) c.addi  a5, 4
core   0: 3 0x000000008000604a (0x0791) x15 0x0000000080005752
core   0: 0x000000008000604c (0x34179073) csrrw   zero, mepc, a5
core   0: 3 0x000000008000604c (0x34179073) c833_mepc 0x0000000080005752
core   0: 0x0000000080006050 (0x30200073) mret
core   0: 3 0x0000000080006050 (0x30200073) c768_mstatus 0x8000000a00106080
core   0: 0x0000000080005752 (0x5a07f053) fsqrt.d ft0, fa5
core   0: exception trap_illegal_instruction, epc 0x0000000080005752
core   0:           tval 0x000000005a07f053
core   0: >>>>  $xrv64i2p1_m2p0_a2p1_f2p2_d2p2_zicsr2p0_zifencei2p0_zmmul1p0_zba1p0_zbb1p0_zbc1p0_zbs1p0
core   0: 0x0000000080004000 (0x0080006f) j       pc + 0x8
core   0: 3 0x0000000080004000 (0x0080006f)
core   0: >>>>  mmode_exception_handler
core   0: 0x0000000080004008 (0x00002c17) auipc   s8, 0x2
core   0: 3 0x0000000080004008 (0x00002c17) x24 0x0000000080006008
core   0: 0x000000008000400c (0x00ec0c13) addi    s8, s8, 14
core   0: 3 0x000000008000400c (0x00ec0c13) x24 0x0000000080006016
core   0: 0x0000000080004010 (0x000c00e7) jalr    s8
core   0: 3 0x0000000080004010 (0x000c00e7) x1  0x0000000080004014
core   0: >>>>  any_handler
core   0: 0x0000000080006016 (0x341027f3) csrrs   a5, mepc, zero
core   0: 3 0x0000000080006016 (0x341027f3) x15 0x0000000080005752
core   0: 0x000000008000601a (0x34202773) csrrs   a4, mcause, zero
core   0: 3 0x000000008000601a (0x34202773) x14 0x0000000000000002
core   0: 0x000000008000601e (0x142026f3) csrrs   a3, scause, zero
core   0: 3 0x000000008000601e (0x142026f3) x13 0x0000000000000001
core   0: 0x0000000080006022 (0x30402673) csrrs   a2, mie, zero
core   0: 3 0x0000000080006022 (0x30402673) x12 0x0000000000000a00
core   0: 0x0000000080006026 (0x344025f3) csrrs   a1, mip, zero
core   0: 3 0x0000000080006026 (0x344025f3) x11 0x0000000000000080
core   0: 0x000000008000602a (0x343025f3) csrrs   a1, mtval, zero
core   0: 3 0x000000008000602a (0x343025f3) x11 0x000000005a07f053
core   0: 0x000000008000602e (0x14302573) csrrs   a0, stval, zero
core   0: 3 0x000000008000602e (0x14302573) x10 0x0000000000000000
core   0: 0x0000000080006032 (0xb02024f3) csrrs   s1, minstret, zero
core   0: 3 0x0000000080006032 (0xb02024f3) x9  0x000000000000105b
core   0: 0x0000000080006036 (0x0000a811) c.j     pc + 20
core   0: 3 0x0000000080006036 (0xa811)
core   0: >>>>  mepc_4
core   0: 0x000000008000604a (0x00000791) c.addi  a5, 4
core   0: 3 0x000000008000604a (0x0791) x15 0x0000000080005756
core   0: 0x000000008000604c (0x34179073) csrrw   zero, mepc, a5
core   0: 3 0x000000008000604c (0x34179073) c833_mepc 0x0000000080005756
core   0: 0x0000000080006050 (0x30200073) mret
core   0: 3 0x0000000080006050 (0x30200073) c768_mstatus 0x8000000a00106080
core   0: 0x0000000080005756 (0x1a3a7ecb) fnmsub.d ft9, fs4, ft3, ft3
core   0: exception trap_illegal_instruction, epc 0x0000000080005756
core   0:           tval 0x000000001a3a7ecb
core   0: >>>>  $xrv64i2p1_m2p0_a2p1_f2p2_d2p2_zicsr2p0_zifencei2p0_zmmul1p0_zba1p0_zbb1p0_zbc1p0_zbs1p0
core   0: 0x0000000080004000 (0x0080006f) j       pc + 0x8
core   0: 3 0x0000000080004000 (0x0080006f)
core   0: >>>>  mmode_exception_handler
core   0: 0x0000000080004008 (0x00002c17) auipc   s8, 0x2
core   0: 3 0x0000000080004008 (0x00002c17) x24 0x0000000080006008
core   0: 0x000000008000400c (0x00ec0c13) addi    s8, s8, 14
core   0: 3 0x000000008000400c (0x00ec0c13) x24 0x0000000080006016
core   0: 0x0000000080004010 (0x000c00e7) jalr    s8
core   0: 3 0x0000000080004010 (0x000c00e7) x1  0x0000000080004014
core   0: >>>>  any_handler
core   0: 0x0000000080006016 (0x341027f3) csrrs   a5, mepc, zero
core   0: 3 0x0000000080006016 (0x341027f3) x15 0x0000000080005756
core   0: 0x000000008000601a (0x34202773) csrrs   a4, mcause, zero
core   0: 3 0x000000008000601a (0x34202773) x14 0x0000000000000002
core   0: 0x000000008000601e (0x142026f3) csrrs   a3, scause, zero
core   0: 3 0x000000008000601e (0x142026f3) x13 0x0000000000000001
core   0: 0x0000000080006022 (0x30402673) csrrs   a2, mie, zero
core   0: 3 0x0000000080006022 (0x30402673) x12 0x0000000000000a00
core   0: 0x0000000080006026 (0x344025f3) csrrs   a1, mip, zero
core   0: 3 0x0000000080006026 (0x344025f3) x11 0x0000000000000080
core   0: 0x000000008000602a (0x343025f3) csrrs   a1, mtval, zero
core   0: 3 0x000000008000602a (0x343025f3) x11 0x000000001a3a7ecb
core   0: 0x000000008000602e (0x14302573) csrrs   a0, stval, zero
core   0: 3 0x000000008000602e (0x14302573) x10 0x0000000000000000
core   0: 0x0000000080006032 (0xb02024f3) csrrs   s1, minstret, zero
core   0: 3 0x0000000080006032 (0xb02024f3) x9  0x000000000000106b
core   0: 0x0000000080006036 (0x0000a811) c.j     pc + 20
core   0: 3 0x0000000080006036 (0xa811)
core   0: >>>>  mepc_4
core   0: 0x000000008000604a (0x00000791) c.addi  a5, 4
core   0: 3 0x000000008000604a (0x0791) x15 0x000000008000575a
core   0: 0x000000008000604c (0x34179073) csrrw   zero, mepc, a5
core   0: 3 0x000000008000604c (0x34179073) c833_mepc 0x000000008000575a
core   0: 0x0000000080006050 (0x30200073) mret
core   0: 3 0x0000000080006050 (0x30200073) c768_mstatus 0x8000000a00106080
core   0: 0x000000008000575a (0x03807a3b) remuw   s4, zero, s8
core   0: 1 0x000000008000575a (0x03807a3b) x20 0x0000000000000000
core   0: 0x000000008000575e (0x400d5d1b) sraiw   s10, s10, 0
core   0: 1 0x000000008000575e (0x400d5d1b) x26 0x0000000000000000
core   0: 0x0000000080005762 (0x00000001) c.nop
core   0: 1 0x0000000080005762 (0x0001)
core   0: 0x0000000080005764 (0x002d1673) csrrw   a2, frm, s10
core   0: 1 0x0000000080005764 (0x002d1673) x12 0x0000000000000007 c2_frm 0x0000000000000000
core   0: 0x0000000080005768 (0xd03cf4d3) fcvt.s.lu fs1, s9
core   0: 1 0x0000000080005768 (0xd03cf4d3) c1_fflags 0x0000000000000015 f9  0xffffffff5f800000
core   0: 0x000000008000576c (0xb4396db7) lui     s11, 0xb4396
core   0: 1 0x000000008000576c (0xb4396db7) x27 0xffffffffb4396000
core   0: 0x0000000080005770 (0x40005013) srai    zero, zero, 0
core   0: 1 0x0000000080005770 (0x40005013)
core   0: 0x0000000080005774 (0x00fd8abb) addw    s5, s11, a5
core   0: 1 0x0000000080005774 (0x00fd8abb) x21 0x000000003439b75a
core   0: 0x0000000080005778 (0x00000001) c.nop
core   0: 1 0x0000000080005778 (0x0001)
core   0: 0x000000008000577a (0x00d058b3) srl     a7, zero, a3
core   0: 1 0x000000008000577a (0x00d058b3) x17 0x0000000000000000
core   0: 0x000000008000577e (0x2cf0e093) ori     ra, ra, 719
core   0: 1 0x000000008000577e (0x2cf0e093) x1  0x00000000800042df
core   0: 0x0000000080005782 (0x000087c6) c.mv    a5, a7
core   0: 1 0x0000000080005782 (0x87c6) x15 0x0000000000000000
core   0: 0x0000000080005784 (0x21b0871b) addiw   a4, ra, 539
core   0: 1 0x0000000080005784 (0x21b0871b) x14 0xffffffff800044fa
core   0: 0x0000000080005788 (0x41de8dbb) subw    s11, t4, t4
core   0: 1 0x0000000080005788 (0x41de8dbb) x27 0x0000000000000000
core   0: 0x000000008000578c (0xc02ef3d3) fcvt.l.s t2, ft9
core   0: 1 0x000000008000578c (0xc02ef3d3) c1_fflags 0x0000000000000015 x7  0x7fffffffffffffff
core   0: 0x0000000080005790 (0x03b7d2bb) divuw   t0, a5, s11
core   0: 1 0x0000000080005790 (0x03b7d2bb) x5  0xffffffffffffffff
core   0: 0x0000000080005794 (0x01504033) xor     zero, zero, s5
core   0: 1 0x0000000080005794 (0x01504033)
core   0: 0x0000000080005798 (0x401174d3) fcvt.s.d fs1, ft2
core   0: 1 0x0000000080005798 (0x401174d3) c1_fflags 0x0000000000000017 f9  0xffffffff00000000
core   0: 0x000000008000579c (0x02e85333) divu    t1, a6, a4
core   0: 1 0x000000008000579c (0x02e85333) x6  0x0000000000000000
core   0: 0x00000000800057a0 (0xbbf00a1b) addiw   s4, zero, -1089
core   0: 1 0x00000000800057a0 (0xbbf00a1b) x20 0xfffffffffffffbbf
core   0: 0x00000000800057a4 (0x23ce1553) fsgnjn.d fa0, ft8, ft8
core   0: 1 0x00000000800057a4 (0x23ce1553) f10 0x8000000000000001
core   0: 0x00000000800057a8 (0x4142883b) subw    a6, t0, s4
core   0: 1 0x00000000800057a8 (0x4142883b) x16 0x0000000000000440
core   0: 0x00000000800057ac (0x00000001) c.nop
core   0: 1 0x00000000800057ac (0x0001)
core   0: 0x00000000800057ae (0xc20e71d3) fcvt.w.d gp, ft8
core   0: 1 0x00000000800057ae (0xc20e71d3) c1_fflags 0x0000000000000017 x3  0x0000000000000000
core   0: 0x00000000800057b2 (0x01630d3b) addw    s10, t1, s6
core   0: 1 0x00000000800057b2 (0x01630d3b) x26 0x0000000000000000
core   0: 0x00000000800057b6 (0xa2e50ad3) fle.d   s5, fa0, fa4
core   0: 1 0x00000000800057b6 (0xa2e50ad3) c1_fflags 0x0000000000000017 x21 0x0000000000000000
core   0: 0x00000000800057ba (0x03a1bd33) mulhu   s10, gp, s10
core   0: 1 0x00000000800057ba (0x03a1bd33) x26 0x0000000000000000
core   0: 0x00000000800057be (0xc20370d3) fcvt.w.d ra, ft6
core   0: 1 0x00000000800057be (0xc20370d3) c1_fflags 0x0000000000000017 x1  0x000000007fffffff
core   0: 0x00000000800057c2 (0xd2008a53) fcvt.d.w fs4, ra
core   0: 1 0x00000000800057c2 (0xd2008a53) f20 0x41dfffffffc00000
core   0: 0x00000000800057c6 (0x039ebcb3) mulhu   s9, t4, s9
core   0: 1 0x00000000800057c6 (0x039ebcb3) x25 0x000000000000024d
core   0: 0x00000000800057ca (0x5a007753) fsqrt.d fa4, ft0
core   0: 1 0x00000000800057ca (0x5a007753) f14 0x7ff8000000000000
core   0: 0x00000000800057ce (0x031ea8b3) mulhsu  a7, t4, a7
core   0: 1 0x00000000800057ce (0x031ea8b3) x17 0x0000000000000000
core   0: 0x00000000800057d2 (0x13def3d3) fmul.d  ft7, ft9, ft9
core   0: 1 0x00000000800057d2 (0x13def3d3) f7  0x7ff8000000000000
core   0: 0x00000000800057d6 (0x00019513) slli    a0, gp, 0
core   0: 1 0x00000000800057d6 (0x00019513) x10 0x0000000000000000
core   0: 0x00000000800057da (0x1a84f4d3) fdiv.d  fs1, fs1, fs0
core   0: 1 0x00000000800057da (0x1a84f4d3) f9  0x7ff8000000000000
core   0: 0x00000000800057de (0xc801e573) csrrsi  a0, cycleh, 3
core   0: exception trap_illegal_instruction, epc 0x00000000800057de
core   0:           tval 0x00000000c801e573
core   0: >>>>  $xrv64i2p1_m2p0_a2p1_f2p2_d2p2_zicsr2p0_zifencei2p0_zmmul1p0_zba1p0_zbb1p0_zbc1p0_zbs1p0
core   0: 0x0000000080004000 (0x0080006f) j       pc + 0x8
core   0: 3 0x0000000080004000 (0x0080006f)
core   0: >>>>  mmode_exception_handler
core   0: 0x0000000080004008 (0x00002c17) auipc   s8, 0x2
core   0: 3 0x0000000080004008 (0x00002c17) x24 0x0000000080006008
core   0: 0x000000008000400c (0x00ec0c13) addi    s8, s8, 14
core   0: 3 0x000000008000400c (0x00ec0c13) x24 0x0000000080006016
core   0: 0x0000000080004010 (0x000c00e7) jalr    s8
core   0: 3 0x0000000080004010 (0x000c00e7) x1  0x0000000080004014
core   0: >>>>  any_handler
core   0: 0x0000000080006016 (0x341027f3) csrrs   a5, mepc, zero
core   0: 3 0x0000000080006016 (0x341027f3) x15 0x00000000800057de
core   0: 0x000000008000601a (0x34202773) csrrs   a4, mcause, zero
core   0: 3 0x000000008000601a (0x34202773) x14 0x0000000000000002
core   0: 0x000000008000601e (0x142026f3) csrrs   a3, scause, zero
core   0: 3 0x000000008000601e (0x142026f3) x13 0x0000000000000001
core   0: 0x0000000080006022 (0x30402673) csrrs   a2, mie, zero
core   0: 3 0x0000000080006022 (0x30402673) x12 0x0000000000000a00
core   0: 0x0000000080006026 (0x344025f3) csrrs   a1, mip, zero
core   0: 3 0x0000000080006026 (0x344025f3) x11 0x0000000000000080
core   0: 0x000000008000602a (0x343025f3) csrrs   a1, mtval, zero
core   0: 3 0x000000008000602a (0x343025f3) x11 0x00000000c801e573
core   0: 0x000000008000602e (0x14302573) csrrs   a0, stval, zero
core   0: 3 0x000000008000602e (0x14302573) x10 0x0000000000000000
core   0: 0x0000000080006032 (0xb02024f3) csrrs   s1, minstret, zero
core   0: 3 0x0000000080006032 (0xb02024f3) x9  0x000000000000109e
core   0: 0x0000000080006036 (0x0000a811) c.j     pc + 20
core   0: 3 0x0000000080006036 (0xa811)
core   0: >>>>  mepc_4
core   0: 0x000000008000604a (0x00000791) c.addi  a5, 4
core   0: 3 0x000000008000604a (0x0791) x15 0x00000000800057e2
core   0: 0x000000008000604c (0x34179073) csrrw   zero, mepc, a5
core   0: 3 0x000000008000604c (0x34179073) c833_mepc 0x00000000800057e2
core   0: 0x0000000080006050 (0x30200073) mret
core   0: 3 0x0000000080006050 (0x30200073) c768_mstatus 0x8000000a00106080
core   0: 0x00000000800057e2 (0x0044e433) or      s0, s1, tp
core   0: 1 0x00000000800057e2 (0x0044e433) x8  0xfffffffffffffedf
core   0: 0x00000000800057e6 (0x021210b3) mulh    ra, tp, ra
core   0: 1 0x00000000800057e6 (0x021210b3) x1  0xffffffffffffffff
core   0: 0x00000000800057ea (0x0a33f1d3) fsub.d  ft3, ft7, ft3
core   0: 1 0x00000000800057ea (0x0a33f1d3) f3  0x7ff8000000000000
core   0: 0x00000000800057ee (0x03bce23b) remw    tp, s9, s11
core   0: 1 0x00000000800057ee (0x03bce23b) x4  0x000000000000024d
core   0: 0x00000000800057f2 (0x223080d3) fsgnj.d ft1, ft1, ft3
core   0: 1 0x00000000800057f2 (0x223080d3) f1  0x7ff8000000000000
core   0: 0x00000000800057f6 (0x40cd5d1b) sraiw   s10, s10, 12
core   0: 1 0x00000000800057f6 (0x40cd5d1b) x26 0x0000000000000000
core   0: 0x00000000800057fa (0x01ab7433) and     s0, s6, s10
core   0: 1 0x00000000800057fa (0x01ab7433) x8  0x0000000000000000
core   0: 0x00000000800057fe (0xf2030453) fmv.d.x fs0, t1
core   0: 1 0x00000000800057fe (0xf2030453) f8  0x0000000000000000
core   0: 0x0000000080005802 (0x0ff0000f) fence   iorw,iorw
core   0: 1 0x0000000080005802 (0x0ff0000f)
core   0: 0x0000000080005806 (0xd22b7c53) fcvt.d.l fs8, s6
core   0: 1 0x0000000080005806 (0xd22b7c53) f24 0x0000000000000000
core   0: 0x000000008000580a (0xfe1c4697) auipc   a3, 0xfe1c4
core   0: 1 0x000000008000580a (0xfe1c4697) x13 0x000000007e1c980a
core   0: 0x000000008000580e (0x015a0233) add     tp, s4, s5
core   0: 1 0x000000008000580e (0x015a0233) x4  0xfffffffffffffbbf
core   0: 0x0000000080005812 (0x01ba139b) slliw   t2, s4, 27
core   0: 1 0x0000000080005812 (0x01ba139b) x7  0xfffffffff8000000
core   0: 0x0000000080005816 (0x01889c33) sll     s8, a7, s8
core   0: 1 0x0000000080005816 (0x01889c33) x24 0x0000000000000000
core   0: 0x000000008000581a (0x00000001) c.nop
core   0: 1 0x000000008000581a (0x0001)
core   0: 0x000000008000581c (0x0ff0000f) fence   iorw,iorw
core   0: 1 0x000000008000581c (0x0ff0000f)
core   0: 0x0000000080005820 (0x005333b7) lui     t2, 0x533
core   0: 1 0x0000000080005820 (0x005333b7) x7  0x0000000000533000
core   0: 0x0000000080005824 (0x66d3839b) addiw   t2, t2, 1645
core   0: 1 0x0000000080005824 (0x66d3839b) x7  0x000000000053366d
core   0: 0x0000000080005828 (0x000003b6) c.slli  t2, 13
core   0: 1 0x0000000080005828 (0x03b6) x7  0x0000000a66cda000
core   0: 0x000000008000582a (0x3d338393) addi    t2, t2, 979
core   0: 1 0x000000008000582a (0x3d338393) x7  0x0000000a66cda3d3
core   0: 0x000000008000582e (0xe333fd13) andi    s10, t2, -461
core   0: 1 0x000000008000582e (0xe333fd13) x26 0x0000000a66cda213
core   0: 0x0000000080005832 (0x0ff0000f) fence   iorw,iorw
core   0: 1 0x0000000080005832 (0x0ff0000f)
core   0: 0x0000000080005836 (0x008868b3) or      a7, a6, s0
core   0: 1 0x0000000080005836 (0x008868b3) x17 0x0000000000000440
core   0: 0x000000008000583a (0x03f75313) srli    t1, a4, 63
core   0: 1 0x000000008000583a (0x03f75313) x6  0x0000000000000000
core   0: 0x000000008000583e (0xd0237b53) fcvt.s.l fs6, t1
core   0: 1 0x000000008000583e (0xd0237b53) f22 0xffffffff00000000
core   0: 0x0000000080005842 (0xa6eb0493) addi    s1, s6, -1426
core   0: 1 0x0000000080005842 (0xa6eb0493) x9  0xfffffffffffffa6e
core   0: 0x0000000080005846 (0xf14be2f3) csrrsi  t0, mhartid, 23
core   0: exception trap_illegal_instruction, epc 0x0000000080005846
core   0:           tval 0x00000000f14be2f3
core   0: >>>>  $xrv64i2p1_m2p0_a2p1_f2p2_d2p2_zicsr2p0_zifencei2p0_zmmul1p0_zba1p0_zbb1p0_zbc1p0_zbs1p0
core   0: 0x0000000080004000 (0x0080006f) j       pc + 0x8
core   0: 3 0x0000000080004000 (0x0080006f)
core   0: >>>>  mmode_exception_handler
core   0: 0x0000000080004008 (0x00002c17) auipc   s8, 0x2
core   0: 3 0x0000000080004008 (0x00002c17) x24 0x0000000080006008
core   0: 0x000000008000400c (0x00ec0c13) addi    s8, s8, 14
core   0: 3 0x000000008000400c (0x00ec0c13) x24 0x0000000080006016
core   0: 0x0000000080004010 (0x000c00e7) jalr    s8
core   0: 3 0x0000000080004010 (0x000c00e7) x1  0x0000000080004014
core   0: >>>>  any_handler
core   0: 0x0000000080006016 (0x341027f3) csrrs   a5, mepc, zero
core   0: 3 0x0000000080006016 (0x341027f3) x15 0x0000000080005846
core   0: 0x000000008000601a (0x34202773) csrrs   a4, mcause, zero
core   0: 3 0x000000008000601a (0x34202773) x14 0x0000000000000002
core   0: 0x000000008000601e (0x142026f3) csrrs   a3, scause, zero
core   0: 3 0x000000008000601e (0x142026f3) x13 0x0000000000000001
core   0: 0x0000000080006022 (0x30402673) csrrs   a2, mie, zero
core   0: 3 0x0000000080006022 (0x30402673) x12 0x0000000000000a00
core   0: 0x0000000080006026 (0x344025f3) csrrs   a1, mip, zero
core   0: 3 0x0000000080006026 (0x344025f3) x11 0x0000000000000080
core   0: 0x000000008000602a (0x343025f3) csrrs   a1, mtval, zero
core   0: 3 0x000000008000602a (0x343025f3) x11 0x00000000f14be2f3
core   0: 0x000000008000602e (0x14302573) csrrs   a0, stval, zero
core   0: 3 0x000000008000602e (0x14302573) x10 0x0000000000000000
core   0: 0x0000000080006032 (0xb02024f3) csrrs   s1, minstret, zero
core   0: 3 0x0000000080006032 (0xb02024f3) x9  0x00000000000010c8
core   0: 0x0000000080006036 (0x0000a811) c.j     pc + 20
core   0: 3 0x0000000080006036 (0xa811)
core   0: >>>>  mepc_4
core   0: 0x000000008000604a (0x00000791) c.addi  a5, 4
core   0: 3 0x000000008000604a (0x0791) x15 0x000000008000584a
core   0: 0x000000008000604c (0x34179073) csrrw   zero, mepc, a5
core   0: 3 0x000000008000604c (0x34179073) c833_mepc 0x000000008000584a
core   0: 0x0000000080006050 (0x30200073) mret
core   0: 3 0x0000000080006050 (0x30200073) c768_mstatus 0x8000000a00106080
core   0: 0x000000008000584a (0xc239fcd3) fcvt.lu.d s9, fs3
core   0: 1 0x000000008000584a (0xc239fcd3) c1_fflags 0x0000000000000017 x25 0xffffffffffffffff
core   0: 0x000000008000584e (0x00365dbb) srlw    s11, a2, gp
core   0: 1 0x000000008000584e (0x00365dbb) x27 0x0000000000000a00
core   0: 0x0000000080005852 (0xc02470d3) fcvt.l.s ra, fs0
core   0: 1 0x0000000080005852 (0xc02470d3) c1_fflags 0x0000000000000017 x1  0x7fffffffffffffff
core   0: 0x0000000080005856 (0x01930c3b) addw    s8, t1, s9
core   0: 1 0x0000000080005856 (0x01930c3b) x24 0xffffffffffffffff
core   0: 0x000000008000585a (0x4007dd1b) sraiw   s10, a5, 0
core   0: 1 0x000000008000585a (0x4007dd1b) x26 0xffffffff8000584a
core   0: 0x000000008000585e (0x001d1173) csrrw   sp, fflags, s10
core   0: 1 0x000000008000585e (0x001d1173) x2  0x0000000000000017 c1_fflags 0x000000000000000a
core   0: 0x0000000080005862 (0x4013d793) srai    a5, t2, 1
core   0: 1 0x0000000080005862 (0x4013d793) x15 0x000000053366d1e9
core   0: 0x0000000080005866 (0xc039f3d3) fcvt.lu.s t2, fs3
core   0: 1 0x0000000080005866 (0xc039f3d3) c1_fflags 0x000000000000001a x7  0xffffffffffffffff
core   0: 0x000000008000586a (0x007915b3) sll     a1, s2, t2
core   0: 1 0x000000008000586a (0x007915b3) x11 0x0000000000000000
core   0: 0x000000008000586e (0x0ff0000f) fence   iorw,iorw
core   0: 1 0x000000008000586e (0x0ff0000f)
core   0: 0x0000000080005872 (0xe20406d3) fmv.x.d a3, fs0
core   0: 1 0x0000000080005872 (0xe20406d3) x13 0x0000000000000000
core   0: 0x0000000080005876 (0xc2147c53) fcvt.wu.d s8, fs0
core   0: 1 0x0000000080005876 (0xc2147c53) x24 0x0000000000000000
core   0: 0x000000008000587a (0x026dddb3) divu    s11, s11, t1
core   0: 1 0x000000008000587a (0x026dddb3) x27 0xffffffffffffffff
core   0: 0x000000008000587e (0x420788d3) fcvt.d.s fa7, fa5
core   0: 1 0x000000008000587e (0x420788d3) f17 0x7ff8000000000000
core   0: 0x0000000080005882 (0x00cdd393) srli    t2, s11, 12
core   0: 1 0x0000000080005882 (0x00cdd393) x7  0x000fffffffffffff
core   0: 0x0000000080005886 (0x00145a1b) srliw   s4, s0, 1
core   0: 1 0x0000000080005886 (0x00145a1b) x20 0x0000000000000000
core   0: 0x000000008000588a (0xfa54f4c7) fmsub.d fs1, fs1, ft5, ft11
core   0: 1 0x000000008000588a (0xfa54f4c7) f9  0x7ff8000000000000
core   0: 0x000000008000588e (0x00102173) csrrs   sp, fflags, zero
core   0: 1 0x000000008000588e (0x00102173) x2  0x000000000000001a
core   0: 0x0000000080005892 (0xc2067453) fcvt.w.d s0, fa2
core   0: 1 0x0000000080005892 (0xc2067453) c1_fflags 0x000000000000001a x8  0x000000007fffffff
core   0: 0x0000000080005896 (0x224d07d3) fsgnj.d fa5, fs10, ft4
core   0: 1 0x0000000080005896 (0x224d07d3) f15 0x7fffffff447fc000
core   0: 0x000000008000589a (0x4a946113) ori     sp, s0, 1193
core   0: 1 0x000000008000589a (0x4a946113) x2  0x000000007fffffff
core   0: 0x000000008000589e (0x2af51a53) fmax.d  fs4, fa0, fa5
core   0: 1 0x000000008000589e (0x2af51a53) f20 0x8000000000000001
core   0: 0x00000000800058a2 (0x00269bf3) csrrw   s7, frm, a3
core   0: 1 0x00000000800058a2 (0x00269bf3) x23 0x0000000000000000 c2_frm 0x0000000000000000
core   0: 0x00000000800058a6 (0x00f783bb) addw    t2, a5, a5
core   0: 1 0x00000000800058a6 (0x00f783bb) x7  0x0000000066cda3d2
core   0: 0x00000000800058aa (0xf20b8553) fmv.d.x fa0, s7
core   0: 1 0x00000000800058aa (0xf20b8553) f10 0x0000000000000000
core   0: 0x00000000800058ae (0x029af23b) remuw   tp, s5, s1
core   0: 1 0x00000000800058ae (0x029af23b) x4  0x0000000000000000
core   0: 0x00000000800058b2 (0x2a9204d3) fmin.d  fs1, ft4, fs1
core   0: 1 0x00000000800058b2 (0x2a9204d3) f9  0x7ff8000000000000
core   0: 0x00000000800058b6 (0xc20af3d3) fcvt.w.d t2, fs5
core   0: 1 0x00000000800058b6 (0xc20af3d3) x7  0x0000000000000000
core   0: 0x00000000800058ba (0x4162583b) sraw    a6, tp, s6
core   0: 1 0x00000000800058ba (0x4162583b) x16 0x0000000000000000
core   0: 0x00000000800058be (0xc063ec73) csrrsi  s8, hpmcounter6, 7
core   0: exception trap_illegal_instruction, epc 0x00000000800058be
core   0:           tval 0x00000000c063ec73
core   0: >>>>  $xrv64i2p1_m2p0_a2p1_f2p2_d2p2_zicsr2p0_zifencei2p0_zmmul1p0_zba1p0_zbb1p0_zbc1p0_zbs1p0
core   0: 0x0000000080004000 (0x0080006f) j       pc + 0x8
core   0: 3 0x0000000080004000 (0x0080006f)
core   0: >>>>  mmode_exception_handler
core   0: 0x0000000080004008 (0x00002c17) auipc   s8, 0x2
core   0: 3 0x0000000080004008 (0x00002c17) x24 0x0000000080006008
core   0: 0x000000008000400c (0x00ec0c13) addi    s8, s8, 14
core   0: 3 0x000000008000400c (0x00ec0c13) x24 0x0000000080006016
core   0: 0x0000000080004010 (0x000c00e7) jalr    s8
core   0: 3 0x0000000080004010 (0x000c00e7) x1  0x0000000080004014
core   0: >>>>  any_handler
core   0: 0x0000000080006016 (0x341027f3) csrrs   a5, mepc, zero
core   0: 3 0x0000000080006016 (0x341027f3) x15 0x00000000800058be
core   0: 0x000000008000601a (0x34202773) csrrs   a4, mcause, zero
core   0: 3 0x000000008000601a (0x34202773) x14 0x0000000000000002
core   0: 0x000000008000601e (0x142026f3) csrrs   a3, scause, zero
core   0: 3 0x000000008000601e (0x142026f3) x13 0x0000000000000001
core   0: 0x0000000080006022 (0x30402673) csrrs   a2, mie, zero
core   0: 3 0x0000000080006022 (0x30402673) x12 0x0000000000000a00
core   0: 0x0000000080006026 (0x344025f3) csrrs   a1, mip, zero
core   0: 3 0x0000000080006026 (0x344025f3) x11 0x0000000000000080
core   0: 0x000000008000602a (0x343025f3) csrrs   a1, mtval, zero
core   0: 3 0x000000008000602a (0x343025f3) x11 0x00000000c063ec73
core   0: 0x000000008000602e (0x14302573) csrrs   a0, stval, zero
core   0: 3 0x000000008000602e (0x14302573) x10 0x0000000000000000
core   0: 0x0000000080006032 (0xb02024f3) csrrs   s1, minstret, zero
core   0: 3 0x0000000080006032 (0xb02024f3) x9  0x00000000000010f5
core   0: 0x0000000080006036 (0x0000a811) c.j     pc + 20
core   0: 3 0x0000000080006036 (0xa811)
core   0: >>>>  mepc_4
core   0: 0x000000008000604a (0x00000791) c.addi  a5, 4
core   0: 3 0x000000008000604a (0x0791) x15 0x00000000800058c2
core   0: 0x000000008000604c (0x34179073) csrrw   zero, mepc, a5
core   0: 3 0x000000008000604c (0x34179073) c833_mepc 0x00000000800058c2
core   0: 0x0000000080006050 (0x30200073) mret
core   0: 3 0x0000000080006050 (0x30200073) c768_mstatus 0x8000000a00106080
core   0: 0x00000000800058c2 (0x017dedb3) or      s11, s11, s7
core   0: 1 0x00000000800058c2 (0x017dedb3) x27 0xffffffffffffffff
core   0: 0x00000000800058c6 (0x01bde3b3) or      t2, s11, s11
core   0: 1 0x00000000800058c6 (0x01bde3b3) x7  0xffffffffffffffff
core   0: 0x00000000800058ca (0xf136f6f3) csrrci  a3, mimpid, 13
core   0: exception trap_illegal_instruction, epc 0x00000000800058ca
core   0:           tval 0x00000000f136f6f3
core   0: >>>>  $xrv64i2p1_m2p0_a2p1_f2p2_d2p2_zicsr2p0_zifencei2p0_zmmul1p0_zba1p0_zbb1p0_zbc1p0_zbs1p0
core   0: 0x0000000080004000 (0x0080006f) j       pc + 0x8
core   0: 3 0x0000000080004000 (0x0080006f)
core   0: >>>>  mmode_exception_handler
core   0: 0x0000000080004008 (0x00002c17) auipc   s8, 0x2
core   0: 3 0x0000000080004008 (0x00002c17) x24 0x0000000080006008
core   0: 0x000000008000400c (0x00ec0c13) addi    s8, s8, 14
core   0: 3 0x000000008000400c (0x00ec0c13) x24 0x0000000080006016
core   0: 0x0000000080004010 (0x000c00e7) jalr    s8
core   0: 3 0x0000000080004010 (0x000c00e7) x1  0x0000000080004014
core   0: >>>>  any_handler
core   0: 0x0000000080006016 (0x341027f3) csrrs   a5, mepc, zero
core   0: 3 0x0000000080006016 (0x341027f3) x15 0x00000000800058ca
core   0: 0x000000008000601a (0x34202773) csrrs   a4, mcause, zero
core   0: 3 0x000000008000601a (0x34202773) x14 0x0000000000000002
core   0: 0x000000008000601e (0x142026f3) csrrs   a3, scause, zero
core   0: 3 0x000000008000601e (0x142026f3) x13 0x0000000000000001
core   0: 0x0000000080006022 (0x30402673) csrrs   a2, mie, zero
core   0: 3 0x0000000080006022 (0x30402673) x12 0x0000000000000a00
core   0: 0x0000000080006026 (0x344025f3) csrrs   a1, mip, zero
core   0: 3 0x0000000080006026 (0x344025f3) x11 0x0000000000000080
core   0: 0x000000008000602a (0x343025f3) csrrs   a1, mtval, zero
core   0: 3 0x000000008000602a (0x343025f3) x11 0x00000000f136f6f3
core   0: 0x000000008000602e (0x14302573) csrrs   a0, stval, zero
core   0: 3 0x000000008000602e (0x14302573) x10 0x0000000000000000
core   0: 0x0000000080006032 (0xb02024f3) csrrs   s1, minstret, zero
core   0: 3 0x0000000080006032 (0xb02024f3) x9  0x0000000000001107
core   0: 0x0000000080006036 (0x0000a811) c.j     pc + 20
core   0: 3 0x0000000080006036 (0xa811)
core   0: >>>>  mepc_4
core   0: 0x000000008000604a (0x00000791) c.addi  a5, 4
core   0: 3 0x000000008000604a (0x0791) x15 0x00000000800058ce
core   0: 0x000000008000604c (0x34179073) csrrw   zero, mepc, a5
core   0: 3 0x000000008000604c (0x34179073) c833_mepc 0x00000000800058ce
core   0: 0x0000000080006050 (0x30200073) mret
core   0: 3 0x0000000080006050 (0x30200073) c768_mstatus 0x8000000a00106080
core   0: 0x00000000800058ce (0x002817f3) csrrw   a5, frm, a6
core   0: 1 0x00000000800058ce (0x002817f3) x15 0x0000000000000000 c2_frm 0x0000000000000000
core   0: 0x00000000800058d2 (0xf716f513) andi    a0, a3, -143
core   0: 1 0x00000000800058d2 (0xf716f513) x10 0x0000000000000001
core   0: 0x00000000800058d6 (0x03557f53) fadd.d  ft10, fa0, fs5
core   0: 1 0x00000000800058d6 (0x03557f53) f30 0x0000000000000000
core   0: 0x00000000800058da (0x0148941b) slliw   s0, a7, 20
core   0: 1 0x00000000800058da (0x0148941b) x8  0x0000000044000000
core   0: 0x00000000800058de (0x0354603b) remw    zero, s0, s5
core   0: 1 0x00000000800058de (0x0354603b)
core   0: 0x00000000800058e2 (0x0284f733) remu    a4, s1, s0
core   0: 1 0x00000000800058e2 (0x0284f733) x14 0x0000000000001107
core   0: 0x00000000800058e6 (0x229f1e53) fsgnjn.d ft8, ft10, fs1
core   0: 1 0x00000000800058e6 (0x229f1e53) f28 0x8000000000000000
core   0: 0x00000000800058ea (0x02842db3) mulhsu  s11, s0, s0
core   0: 1 0x00000000800058ea (0x02842db3) x27 0x0000000000000000
core   0: 0x00000000800058ee (0x00102af3) csrrs   s5, fflags, zero
core   0: 1 0x00000000800058ee (0x00102af3) x21 0x000000000000001a
core   0: 0x00000000800058f2 (0x00cc013b) addw    sp, s8, a2
core   0: 1 0x00000000800058f2 (0x00cc013b) x2  0xffffffff80006a16
core   0: 0x00000000800058f6 (0x014a62b3) or      t0, s4, s4
core   0: 1 0x00000000800058f6 (0x014a62b3) x5  0x0000000000000000
core   0: 0x00000000800058fa (0x001026f3) csrrs   a3, fflags, zero
core   0: 1 0x00000000800058fa (0x001026f3) x13 0x000000000000001a
core   0: 0x00000000800058fe (0xbbfe7dcf) fnmadd.d fs11, ft8, ft11, fs7
core   0: 1 0x00000000800058fe (0xbbfe7dcf) f27 0x7ff8000000000000
core   0: 0x0000000080005902 (0x0286f6d3) fadd.d  fa3, fa3, fs0
core   0: 1 0x0000000080005902 (0x0286f6d3) f13 0x41e0000c02c00000
core   0: 0x0000000080005906 (0x025cfcd3) fadd.d  fs9, fs9, ft5
core   0: 1 0x0000000080005906 (0x025cfcd3) f25 0x41e0000802800000
core   0: 0x000000008000590a (0x0206f1d3) fadd.d  ft3, fa3, ft0
core   0: 1 0x000000008000590a (0x0206f1d3) f3  0x7ff8000000000000
core   0: 0x000000008000590e (0x212c1937) lui     s2, 0x212c1
core   0: 1 0x000000008000590e (0x212c1937) x18 0x00000000212c1000
core   0: 0x0000000080005912 (0x002a9173) csrrw   sp, frm, s5
core   0: 1 0x0000000080005912 (0x002a9173) x2  0x0000000000000000 c2_frm 0x0000000000000002
core   0: 0x0000000080005916 (0x029b48bb) divw    a7, s6, s1
core   0: 1 0x0000000080005916 (0x029b48bb) x17 0x0000000000000000
core   0: 0x000000008000591a (0x01b9183b) sllw    a6, s2, s11
core   0: 1 0x000000008000591a (0x01b9183b) x16 0x00000000212c1000
core   0: 0x000000008000591e (0x0140949b) slliw   s1, ra, 20
core   0: 1 0x000000008000591e (0x0140949b) x9  0x0000000001400000
core   0: 0x0000000080005922 (0xc208fcd3) fcvt.w.d s9, fa7
core   0: 1 0x0000000080005922 (0xc208fcd3) c1_fflags 0x000000000000001a x25 0x000000007fffffff
core   0: 0x0000000080005926 (0xc23571d3) fcvt.lu.d gp, fa0
core   0: 1 0x0000000080005926 (0xc23571d3) x3  0x0000000000000000
core   0: 0x000000008000592a (0x0307f933) remu    s2, a5, a6
core   0: 1 0x000000008000592a (0x0307f933) x18 0x0000000000000000
core   0: 0x000000008000592e (0xc22cfbd3) fcvt.l.d s7, fs9
core   0: 1 0x000000008000592e (0xc22cfbd3) x23 0x0000000080004014
core   0: 0x0000000080005932 (0x23859dd3) fsgnjn.d fs11, fa1, fs8
core   0: 1 0x0000000080005932 (0x23859dd3) f27 0xc1dfffeffb000000
core   0: 0x0000000080005936 (0x417b813b) subw    sp, s7, s7
core   0: 1 0x0000000080005936 (0x417b813b) x2  0x0000000000000000
core   0: 0x000000008000593a (0x96d71497) auipc   s1, 0x96d71
core   0: 1 0x000000008000593a (0x96d71497) x9  0x0000000016d7693a
core   0: 0x000000008000593e (0x007b8233) add     tp, s7, t2
core   0: 1 0x000000008000593e (0x007b8233) x4  0x0000000080004013
core   0: 0x0000000080005942 (0x00000001) c.nop
core   0: 1 0x0000000080005942 (0x0001)
core   0: 0x0000000080005944 (0x0095943b) sllw    s0, a1, s1
core   0: 1 0x0000000080005944 (0x0095943b) x8  0xffffffffcc000000
core   0: 0x0000000080005948 (0xf2000853) fmv.d.x fa6, zero
core   0: 1 0x0000000080005948 (0xf2000853) f16 0x0000000000000000
core   0: 0x000000008000594c (0x01d41a1b) slliw   s4, s0, 29
core   0: 1 0x000000008000594c (0x01d41a1b) x20 0x0000000000000000
core   0: 0x0000000080005950 (0x00c4d4b3) srl     s1, s1, a2
core   0: 1 0x0000000080005950 (0x00c4d4b3) x9  0x0000000016d7693a
core   0: 0x0000000080005954 (0x0032d23b) srlw    tp, t0, gp
core   0: 1 0x0000000080005954 (0x0032d23b) x4  0x0000000000000000
core   0: 0x0000000080005958 (0x002022f3) csrrs   t0, frm, zero
core   0: 1 0x0000000080005958 (0x002022f3) x5  0x0000000000000002
core   0: 0x000000008000595c (0x22090e53) fsgnj.d ft8, fs2, ft0
core   0: 1 0x000000008000595c (0x22090e53) f28 0x7fffffff00000000
core   0: 0x0000000080005960 (0x01f8109b) slliw   ra, a6, 31
core   0: 1 0x0000000080005960 (0x01f8109b) x1  0x0000000000000000
core   0: 0x0000000080005964 (0x00366633) or      a2, a2, gp
core   0: 1 0x0000000080005964 (0x00366633) x12 0x0000000000000a00
core   0: 0x0000000080005968 (0x03f29013) slli    zero, t0, 63
core   0: 1 0x0000000080005968 (0x03f29013)
core   0: 0x000000008000596c (0xd20008d3) fcvt.d.w fa7, zero
core   0: 1 0x000000008000596c (0xd20008d3) f17 0x0000000000000000
core   0: 0x0000000080005970 (0x420c8c53) fcvt.d.s fs8, fs9
core   0: 1 0x0000000080005970 (0x420c8c53) f24 0x7ff8000000000000
core   0: 0x0000000080005974 (0x405752b3) sra     t0, a4, t0
core   0: 1 0x0000000080005974 (0x405752b3) x5  0x0000000000000441
core   0: 0x0000000080005978 (0xc02cfb53) fcvt.l.s s6, fs9
core   0: 1 0x0000000080005978 (0xc02cfb53) c1_fflags 0x000000000000001a x22 0x7fffffffffffffff
core   0: 0x000000008000597c (0x004ca233) slt     tp, s9, tp
core   0: 1 0x000000008000597c (0x004ca233) x4  0x0000000000000000
core   0: 0x0000000080005980 (0x10531ef3) csrrw   t4, stvec, t1
core   0: 1 0x0000000080005980 (0x10531ef3) x29 0x0000000000000000 c261_stvec 0x0000000000000000
core   0: 0x0000000080005984 (0x022796b3) mulh    a3, a5, sp
core   0: 1 0x0000000080005984 (0x022796b3) x13 0x0000000000000000
core   0: 0x0000000080005988 (0x00000001) c.nop
core   0: 1 0x0000000080005988 (0x0001)
core   0: 0x000000008000598a (0xc23b7453) fcvt.lu.d s0, fs6
core   0: 1 0x000000008000598a (0xc23b7453) c1_fflags 0x000000000000001a x8  0xffffffffffffffff
core   0: 0x000000008000598e (0xc21870d3) fcvt.wu.d ra, fa6
core   0: 1 0x000000008000598e (0xc21870d3) x1  0x0000000000000000
core   0: 0x0000000080005992 (0x03a19d33) mulh    s10, gp, s10
core   0: 1 0x0000000080005992 (0x03a19d33) x26 0x0000000000000000
core   0: 0x0000000080005996 (0x4002521b) sraiw   tp, tp, 0
core   0: 1 0x0000000080005996 (0x4002521b) x4  0x0000000000000000
core   0: 0x000000008000599a (0x0386ebb3) rem     s7, a3, s8
core   0: 1 0x000000008000599a (0x0386ebb3) x23 0x0000000000000000
core   0: 0x000000008000599e (0x41f5de9b) sraiw   t4, a1, 31
core   0: 1 0x000000008000599e (0x41f5de9b) x29 0xffffffffffffffff
core   0: 0x00000000800059a2 (0x2a759153) fmax.d  ft2, fa1, ft7
core   0: 1 0x00000000800059a2 (0x2a759153) f2  0xc1dfffeffb000000
core   0: 0x00000000800059a6 (0x6ad6f24b) fnmsub.d ft4, fa3, fa3, fa3
core   0: 1 0x00000000800059a6 (0x6ad6f24b) c1_fflags 0x000000000000001b f4  0xc3d0001805690409
core   0: 0x00000000800059aa (0x0310f8bb) remuw   a7, ra, a7
core   0: 1 0x00000000800059aa (0x0310f8bb) x17 0x0000000000000000
core   0: 0x00000000800059ae (0x800c8b13) addi    s6, s9, -2048
core   0: 1 0x00000000800059ae (0x800c8b13) x22 0x000000007ffff7ff
core   0: 0x00000000800059b2 (0xc229f6d3) fcvt.l.d a3, fs3
core   0: 1 0x00000000800059b2 (0xc229f6d3) c1_fflags 0x000000000000001b x13 0x7fffffffffffffff
core   0: 0x00000000800059b6 (0xb187011b) addiw   sp, a4, -1256
core   0: 1 0x00000000800059b6 (0xb187011b) x2  0x0000000000000c1f
core   0: 0x00000000800059ba (0x01811793) slli    a5, sp, 24
core   0: 1 0x00000000800059ba (0x01811793) x15 0x0000000c1f000000
core   0: 0x00000000800059be (0x00fcdeb3) srl     t4, s9, a5
core   0: 1 0x00000000800059be (0x00fcdeb3) x29 0x000000007fffffff
core   0: 0x00000000800059c2 (0x22a989d3) fsgnj.d fs3, fs3, fa0
core   0: 1 0x00000000800059c2 (0x22a989d3) f19 0x7ff8000000000000
core   0: 0x00000000800059c6 (0x0059f6b3) and     a3, s3, t0
core   0: 1 0x00000000800059c6 (0x0059f6b3) x13 0x0000000000000440
core   0: 0x00000000800059ca (0x00009481) c.srai  s1, 32
core   0: 1 0x00000000800059ca (0x9481) x9  0x0000000000000000
core   0: 0x00000000800059cc (0x5a05f853) fsqrt.d fa6, fa1
core   0: 1 0x00000000800059cc (0x5a05f853) c1_fflags 0x000000000000001b f16 0x7ff8000000000000
core   0: 0x00000000800059d0 (0xa2c60ad3) fle.d   s5, fa2, fa2
core   0: 1 0x00000000800059d0 (0xa2c60ad3) c1_fflags 0x000000000000001b x21 0x0000000000000000
core   0: 0x00000000800059d4 (0x0067d91b) srliw   s2, a5, 6
core   0: 1 0x00000000800059d4 (0x0067d91b) x18 0x00000000007c0000
core   0: 0x00000000800059d8 (0x0252ea33) rem     s4, t0, t0
core   0: 1 0x00000000800059d8 (0x0252ea33) x20 0x0000000000000000
core   0: 0x00000000800059dc (0x01b504b3) add     s1, a0, s11
core   0: 1 0x00000000800059dc (0x01b504b3) x9  0x0000000000000001
core   0: 0x00000000800059e0 (0x012c4133) xor     sp, s8, s2
core   0: 1 0x00000000800059e0 (0x012c4133) x2  0x00000000807c6016
core   0: 0x00000000800059e4 (0x0aeb7cd3) fsub.d  fs9, fs6, fa4
core   0: 1 0x00000000800059e4 (0x0aeb7cd3) f25 0x7ff8000000000000
core   0: 0x00000000800059e8 (0x02912cb3) mulhsu  s9, sp, s1
core   0: 1 0x00000000800059e8 (0x02912cb3) x25 0x0000000000000000
core   0: 0x00000000800059ec (0x409cd81b) sraiw   a6, s9, 9
core   0: 1 0x00000000800059ec (0x409cd81b) x16 0x0000000000000000
core   0: 0x00000000800059f0 (0xc20477d3) fcvt.w.d a5, fs0
core   0: 1 0x00000000800059f0 (0xc20477d3) x15 0x0000000000000000
core   0: 0x00000000800059f4 (0xa2692a53) feq.d   s4, fs2, ft6
core   0: 1 0x00000000800059f4 (0xa2692a53) x20 0x0000000000000000
core   0: 0x00000000800059f8 (0x039bf9b3) remu    s3, s7, s9
core   0: 1 0x00000000800059f8 (0x039bf9b3) x19 0x0000000000000000
core   0: 0x00000000800059fc (0x31ac2c73) csrrs   s8, menvcfgh, s8
core   0: exception trap_illegal_instruction, epc 0x00000000800059fc
core   0:           tval 0x0000000031ac2c73
core   0: >>>>  $xrv64i2p1_m2p0_a2p1_f2p2_d2p2_zicsr2p0_zifencei2p0_zmmul1p0_zba1p0_zbb1p0_zbc1p0_zbs1p0
core   0: 0x0000000080004000 (0x0080006f) j       pc + 0x8
core   0: 3 0x0000000080004000 (0x0080006f)
core   0: >>>>  mmode_exception_handler
core   0: 0x0000000080004008 (0x00002c17) auipc   s8, 0x2
core   0: 3 0x0000000080004008 (0x00002c17) x24 0x0000000080006008
core   0: 0x000000008000400c (0x00ec0c13) addi    s8, s8, 14
core   0: 3 0x000000008000400c (0x00ec0c13) x24 0x0000000080006016
core   0: 0x0000000080004010 (0x000c00e7) jalr    s8
core   0: 3 0x0000000080004010 (0x000c00e7) x1  0x0000000080004014
core   0: >>>>  any_handler
core   0: 0x0000000080006016 (0x341027f3) csrrs   a5, mepc, zero
core   0: 3 0x0000000080006016 (0x341027f3) x15 0x00000000800059fc
core   0: 0x000000008000601a (0x34202773) csrrs   a4, mcause, zero
core   0: 3 0x000000008000601a (0x34202773) x14 0x0000000000000002
core   0: 0x000000008000601e (0x142026f3) csrrs   a3, scause, zero
core   0: 3 0x000000008000601e (0x142026f3) x13 0x0000000000000001
core   0: 0x0000000080006022 (0x30402673) csrrs   a2, mie, zero
core   0: 3 0x0000000080006022 (0x30402673) x12 0x0000000000000a00
core   0: 0x0000000080006026 (0x344025f3) csrrs   a1, mip, zero
core   0: 3 0x0000000080006026 (0x344025f3) x11 0x0000000000000080
core   0: 0x000000008000602a (0x343025f3) csrrs   a1, mtval, zero
core   0: 3 0x000000008000602a (0x343025f3) x11 0x0000000031ac2c73
core   0: 0x000000008000602e (0x14302573) csrrs   a0, stval, zero
core   0: 3 0x000000008000602e (0x14302573) x10 0x0000000000000000
core   0: 0x0000000080006032 (0xb02024f3) csrrs   s1, minstret, zero
core   0: 3 0x0000000080006032 (0xb02024f3) x9  0x0000000000001164
core   0: 0x0000000080006036 (0x0000a811) c.j     pc + 20
core   0: 3 0x0000000080006036 (0xa811)
core   0: >>>>  mepc_4
core   0: 0x000000008000604a (0x00000791) c.addi  a5, 4
core   0: 3 0x000000008000604a (0x0791) x15 0x0000000080005a00
core   0: 0x000000008000604c (0x34179073) csrrw   zero, mepc, a5
core   0: 3 0x000000008000604c (0x34179073) c833_mepc 0x0000000080005a00
core   0: 0x0000000080006050 (0x30200073) mret
core   0: 3 0x0000000080006050 (0x30200073) c768_mstatus 0x8000000a00106080
core   0: 0x0000000080005a00 (0x02105bb3) divu    s7, zero, ra
core   0: 1 0x0000000080005a00 (0x02105bb3) x23 0x0000000000000000
core   0: 0x0000000080005a04 (0xfb801537) lui     a0, 0xfb801
core   0: 1 0x0000000080005a04 (0xfb801537) x10 0xfffffffffb801000
core   0: 0x0000000080005a08 (0xa0d5051b) addiw   a0, a0, -1523
core   0: 1 0x0000000080005a08 (0xa0d5051b) x10 0xfffffffffb800a0d
core   0: 0x0000000080005a0c (0x00000532) c.slli  a0, 12
core   0: 1 0x0000000080005a0c (0x0532) x10 0xffffffb800a0d000
core   0: 0x0000000080005a0e (0xecb50513) addi    a0, a0, -309
core   0: 1 0x0000000080005a0e (0xecb50513) x10 0xffffffb800a0cecb
core   0: 0x0000000080005a12 (0x00d51d93) slli    s11, a0, 13
core   0: 1 0x0000000080005a12 (0x00d51d93) x27 0xfff7001419d96000
core   0: 0x0000000080005a16 (0x02a607b3) mul     a5, a2, a0
core   0: 1 0x0000000080005a16 (0x02a607b3) x15 0xfffd30064813ee00
core   0: 0x0000000080005a1a (0x00325233) srl     tp, tp, gp
core   0: 1 0x0000000080005a1a (0x00325233) x4  0x0000000000000000
core   0: 0x0000000080005a1e (0x00aa539b) srliw   t2, s4, 10
core   0: 1 0x0000000080005a1e (0x00aa539b) x7  0x0000000000000000
core   0: 0x0000000080005a22 (0x02a7f333) remu    t1, a5, a0
core   0: 1 0x0000000080005a22 (0x02a7f333) x6  0xfffd30064813ee00
core   0: 0x0000000080005a26 (0x400e5e1b) sraiw   t3, t3, 0
core   0: 1 0x0000000080005a26 (0x400e5e1b) x28 0x000000000000036f
core   0: 0x0000000080005a2a (0x00b8823b) addw    tp, a7, a1
core   0: 1 0x0000000080005a2a (0x00b8823b) x4  0x0000000031ac2c73
core   0: 0x0000000080005a2e (0x41be043b) subw    s0, t3, s11
core   0: 1 0x0000000080005a2e (0x41be043b) x8  0xffffffffe626a36f
core   0: 0x0000000080005a32 (0x4044083b) subw    a6, s0, tp
core   0: 1 0x0000000080005a32 (0x4044083b) x16 0xffffffffb47a76fc
core   0: 0x0000000080005a36 (0xc17b7b93) andi    s7, s6, -1001
core   0: 1 0x0000000080005a36 (0xc17b7b93) x23 0x000000007ffff417
core   0: 0x0000000080005a3a (0x2258a3d3) fsgnjx.d ft7, fa7, ft5
core   0: 1 0x0000000080005a3a (0x2258a3d3) f7  0x0000000000000000
core   0: 0x0000000080005a3e (0x000d5a1b) srliw   s4, s10, 0
core   0: 1 0x0000000080005a3e (0x000d5a1b) x20 0x0000000000000000
core   0: 0x0000000080005a42 (0x0340c9b3) div     s3, ra, s4
core   0: 1 0x0000000080005a42 (0x0340c9b3) x19 0xffffffffffffffff
core   0: 0x0000000080005a46 (0x016b56bb) srlw    a3, s6, s6
core   0: 1 0x0000000080005a46 (0x016b56bb) x13 0x0000000000000000
core   0: 0x0000000080005a4a (0x0336de13) srli    t3, a3, 51
core   0: 1 0x0000000080005a4a (0x0336de13) x28 0x0000000000000000
core   0: 0x0000000080005a4e (0x44ee6613) ori     a2, t3, 1102
core   0: 1 0x0000000080005a4e (0x44ee6613) x12 0x000000000000044e
core   0: 0x0000000080005a52 (0x00202073) csrrs   zero, frm, zero
core   0: 1 0x0000000080005a52 (0x00202073)
core   0: 0x0000000080005a56 (0x030c9633) mulh    a2, s9, a6
core   0: 1 0x0000000080005a56 (0x030c9633) x12 0x0000000000000000
core   0: 0x0000000080005a5a (0x0ff0000f) fence   iorw,iorw
core   0: 1 0x0000000080005a5a (0x0ff0000f)
core   0: 0x0000000080005a5e (0x0208f8d3) fadd.d  fa7, fa7, ft0
core   0: 1 0x0000000080005a5e (0x0208f8d3) f17 0x7ff8000000000000
core   0: 0x0000000080005a62 (0x01fb531b) srliw   t1, s6, 31
core   0: 1 0x0000000080005a62 (0x01fb531b) x6  0x0000000000000000
core   0: 0x0000000080005a66 (0x0141d393) srli    t2, gp, 20
core   0: 1 0x0000000080005a66 (0x0141d393) x7  0x0000000000000000
core   0: 0x0000000080005a6a (0x228fa1d3) fsgnjx.d ft3, ft11, fs0
core   0: 1 0x0000000080005a6a (0x228fa1d3) f3  0x7ff8000000000000
core   0: 0x0000000080005a6e (0x8a847747) fmsub.d fa4, fs0, fs0, fa7
core   0: 1 0x0000000080005a6e (0x8a847747) f14 0x7ff8000000000000
core   0: 0x0000000080005a72 (0x42040ad3) fcvt.d.s fs5, fs0
core   0: 1 0x0000000080005a72 (0x42040ad3) f21 0x7ff8000000000000
core   0: 0x0000000080005a76 (0x01f5dd9b) srliw   s11, a1, 31
core   0: 1 0x0000000080005a76 (0x01f5dd9b) x27 0x0000000000000000
core   0: 0x0000000080005a7a (0x01bddabb) srlw    s5, s11, s11
core   0: 1 0x0000000080005a7a (0x01bddabb) x21 0x0000000000000000
core   0: 0x0000000080005a7e (0xc226f053) fcvt.l.d zero, fa3
core   0: 1 0x0000000080005a7e (0xc226f053)
core   0: 0x0000000080005a82 (0x10aa5073) csrrwi  zero, senvcfg, 20
core   0: 1 0x0000000080005a82 (0x10aa5073) c266_senvcfg 0x0000000000000000
core   0: 0x0000000080005a86 (0x0009d193) srli    gp, s3, 0
core   0: 1 0x0000000080005a86 (0x0009d193) x3  0xffffffffffffffff
core   0: 0x0000000080005a8a (0xd026f6d3) fcvt.s.l fa3, a3
core   0: 1 0x0000000080005a8a (0xd026f6d3) f13 0xffffffff00000000
core   0: 0x0000000080005a8e (0x1acdfcd3) fdiv.d  fs9, fs11, fa2
core   0: 1 0x0000000080005a8e (0x1acdfcd3) f25 0x7ff8000000000000
core   0: 0x0000000080005a92 (0xd026f953) fcvt.s.l fs2, a3
core   0: 1 0x0000000080005a92 (0xd026f953) f18 0xffffffff00000000
core   0: 0x0000000080005a96 (0xd02bf4d3) fcvt.s.l fs1, s7
core   0: 1 0x0000000080005a96 (0xd02bf4d3) c1_fflags 0x000000000000001b f9  0xffffffff4effffe8
core   0: 0x0000000080005a9a (0xd21c00d3) fcvt.d.wu ft1, s8
core   0: 1 0x0000000080005a9a (0xd21c00d3) f1  0x41e0000c02c00000
core   0: 0x0000000080005a9e (0x00000001) c.nop
core   0: 1 0x0000000080005a9e (0x0001)
core   0: 0x0000000080005aa0 (0x01398833) add     a6, s3, s3
core   0: 1 0x0000000080005aa0 (0x01398833) x16 0xfffffffffffffffe
core   0: 0x0000000080005aa4 (0x00000001) c.nop
core   0: 1 0x0000000080005aa4 (0x0001)
core   0: 0x0000000080005aa6 (0xe20a0a53) fmv.x.d s4, fs4
core   0: 1 0x0000000080005aa6 (0xe20a0a53) x20 0x8000000000000001
core   0: 0x0000000080005aaa (0x010854b3) srl     s1, a6, a6
core   0: 1 0x0000000080005aaa (0x010854b3) x9  0x0000000000000003
core   0: 0x0000000080005aae (0x4064d69b) sraiw   a3, s1, 6
core   0: 1 0x0000000080005aae (0x4064d69b) x13 0x0000000000000000
core   0: 0x0000000080005ab2 (0x00000001) c.nop
core   0: 1 0x0000000080005ab2 (0x0001)
core   0: 0x0000000080005ab4 (0xd02a75d3) fcvt.s.l fa1, s4
core   0: 1 0x0000000080005ab4 (0xd02a75d3) c1_fflags 0x000000000000001b f11 0xffffffffdf000000
core   0: 0x0000000080005ab8 (0x23df8c53) fsgnj.d fs8, ft11, ft9
core   0: 1 0x0000000080005ab8 (0x23df8c53) f24 0x7ff8000000000000
core   0: 0x0000000080005abc (0xf2048c53) fmv.d.x fs8, s1
core   0: 1 0x0000000080005abc (0xf2048c53) f24 0x0000000000000003
core   0: 0x0000000080005ac0 (0x02b85c93) srli    s9, a6, 43
core   0: 1 0x0000000080005ac0 (0x02b85c93) x25 0x00000000001fffff
core   0: 0x0000000080005ac4 (0x00d090b3) sll     ra, ra, a3
core   0: 1 0x0000000080005ac4 (0x00d090b3) x1  0x0000000080004014
core   0: 0x0000000080005ac8 (0x7ff14293) xori    t0, sp, 2047
core   0: 1 0x0000000080005ac8 (0x7ff14293) x5  0x00000000807c67e9
core   0: 0x0000000080005acc (0x0bfc7fd3) fsub.d  ft11, fs8, ft11
core   0: 1 0x0000000080005acc (0x0bfc7fd3) f31 0x7ff8000000000000
core   0: 0x0000000080005ad0 (0x4be3f447) fmsub.d fs0, ft7, ft10, fs1
core   0: 1 0x0000000080005ad0 (0x4be3f447) f8  0x7ff8000000000000
core   0: 0x0000000080005ad4 (0x22ffa3d3) fsgnjx.d ft7, ft11, fa5
core   0: 1 0x0000000080005ad4 (0x22ffa3d3) f7  0x7ff8000000000000
core   0: 0x0000000080005ad8 (0x23f0a817) auipc   a6, 0x23f0a
core   0: 1 0x0000000080005ad8 (0x23f0a817) x16 0x00000000a3f0fad8
core   0: 0x0000000080005adc (0xf11a9bf3) csrrw   s7, mvendorid, s5
core   0: exception trap_illegal_instruction, epc 0x0000000080005adc
core   0:           tval 0x00000000f11a9bf3
core   0: >>>>  $xrv64i2p1_m2p0_a2p1_f2p2_d2p2_zicsr2p0_zifencei2p0_zmmul1p0_zba1p0_zbb1p0_zbc1p0_zbs1p0
core   0: 0x0000000080004000 (0x0080006f) j       pc + 0x8
core   0: 3 0x0000000080004000 (0x0080006f)
core   0: >>>>  mmode_exception_handler
core   0: 0x0000000080004008 (0x00002c17) auipc   s8, 0x2
core   0: 3 0x0000000080004008 (0x00002c17) x24 0x0000000080006008
core   0: 0x000000008000400c (0x00ec0c13) addi    s8, s8, 14
core   0: 3 0x000000008000400c (0x00ec0c13) x24 0x0000000080006016
core   0: 0x0000000080004010 (0x000c00e7) jalr    s8
core   0: 3 0x0000000080004010 (0x000c00e7) x1  0x0000000080004014
core   0: >>>>  any_handler
core   0: 0x0000000080006016 (0x341027f3) csrrs   a5, mepc, zero
core   0: 3 0x0000000080006016 (0x341027f3) x15 0x0000000080005adc
core   0: 0x000000008000601a (0x34202773) csrrs   a4, mcause, zero
core   0: 3 0x000000008000601a (0x34202773) x14 0x0000000000000002
core   0: 0x000000008000601e (0x142026f3) csrrs   a3, scause, zero
core   0: 3 0x000000008000601e (0x142026f3) x13 0x0000000000000001
core   0: 0x0000000080006022 (0x30402673) csrrs   a2, mie, zero
core   0: 3 0x0000000080006022 (0x30402673) x12 0x0000000000000a00
core   0: 0x0000000080006026 (0x344025f3) csrrs   a1, mip, zero
core   0: 3 0x0000000080006026 (0x344025f3) x11 0x0000000000000080
core   0: 0x000000008000602a (0x343025f3) csrrs   a1, mtval, zero
core   0: 3 0x000000008000602a (0x343025f3) x11 0x00000000f11a9bf3
core   0: 0x000000008000602e (0x14302573) csrrs   a0, stval, zero
core   0: 3 0x000000008000602e (0x14302573) x10 0x0000000000000000
core   0: 0x0000000080006032 (0xb02024f3) csrrs   s1, minstret, zero
core   0: 3 0x0000000080006032 (0xb02024f3) x9  0x00000000000011ad
core   0: 0x0000000080006036 (0x0000a811) c.j     pc + 20
core   0: 3 0x0000000080006036 (0xa811)
core   0: >>>>  mepc_4
core   0: 0x000000008000604a (0x00000791) c.addi  a5, 4
core   0: 3 0x000000008000604a (0x0791) x15 0x0000000080005ae0
core   0: 0x000000008000604c (0x34179073) csrrw   zero, mepc, a5
core   0: 3 0x000000008000604c (0x34179073) c833_mepc 0x0000000080005ae0
core   0: 0x0000000080006050 (0x30200073) mret
core   0: 3 0x0000000080006050 (0x30200073) c768_mstatus 0x8000000a00106080
core   0: 0x0000000080005ae0 (0x03514abb) divw    s5, sp, s5
core   0: 1 0x0000000080005ae0 (0x03514abb) x21 0xffffffffffffffff
core   0: 0x0000000080005ae4 (0x4153d0bb) sraw    ra, t2, s5
core   0: 1 0x0000000080005ae4 (0x4153d0bb) x1  0x0000000000000000
core   0: 0x0000000080005ae8 (0x141d64f3) csrrsi  s1, sepc, 26
core   0: 1 0x0000000080005ae8 (0x141d64f3) x9  0x0000000000000000 c321_sepc 0x000000000000001a
core   0: 0x0000000080005aec (0x49c1089b) addiw   a7, sp, 1180
core   0: 1 0x0000000080005aec (0x49c1089b) x17 0xffffffff807c64b2
core   0: 0x0000000080005af0 (0xe7db0213) addi    tp, s6, -387
core   0: 1 0x0000000080005af0 (0xe7db0213) x4  0x000000007ffff67c
core   0: 0x0000000080005af4 (0x006c9dbb) sllw    s11, s9, t1
core   0: 1 0x0000000080005af4 (0x006c9dbb) x27 0x00000000001fffff
core   0: 0x0000000080005af8 (0xe2078653) fmv.x.d a2, fa5
core   0: 1 0x0000000080005af8 (0xe2078653) x12 0x7fffffff447fc000
core   0: 0x0000000080005afc (0xd20882d3) fcvt.d.w ft5, a7
core   0: 1 0x0000000080005afc (0xd20882d3) f5  0xc1dfe0e6d3800000
core   0: 0x0000000080005b00 (0x418dd13b) sraw    sp, s11, s8
core   0: 1 0x0000000080005b00 (0x418dd13b) x2  0x0000000000000000
core   0: 0x0000000080005b04 (0xd22df153) fcvt.d.l ft2, s11
core   0: 1 0x0000000080005b04 (0xd22df153) f2  0x413fffff00000000
core   0: 0x0000000080005b08 (0xd21c86d3) fcvt.d.wu fa3, s9
core   0: 1 0x0000000080005b08 (0xd21c86d3) f13 0x413fffff00000000
core   0: 0x0000000080005b0c (0x02d156b3) divu    a3, sp, a3
core   0: 1 0x0000000080005b0c (0x02d156b3) x13 0x0000000000000000
core   0: 0x0000000080005b10 (0xf20c0e53) fmv.d.x ft8, s8
core   0: 1 0x0000000080005b10 (0xf20c0e53) f28 0x0000000080006016
core   0: 0x0000000080005b14 (0x018c1abb) sllw    s5, s8, s8
core   0: 1 0x0000000080005b14 (0x018c1abb) x21 0x0000000005800000
core   0: 0x0000000080005b18 (0x37813d93) sltiu   s11, sp, 888
core   0: 1 0x0000000080005b18 (0x37813d93) x27 0x0000000000000001
core   0: 0x0000000080005b1c (0x06a14a93) xori    s5, sp, 106
core   0: 1 0x0000000080005b1c (0x06a14a93) x21 0x000000000000006a
core   0: 0x0000000080005b20 (0x0122013b) addw    sp, tp, s2
core   0: 1 0x0000000080005b20 (0x0122013b) x2  0xffffffff807bf67c
core   0: 0x0000000080005b24 (0xe71d8c13) addi    s8, s11, -399
core   0: 1 0x0000000080005b24 (0xe71d8c13) x24 0xfffffffffffffe72
core   0: 0x0000000080005b28 (0x230725d3) fsgnjx.d fa1, fa4, fa6
core   0: 1 0x0000000080005b28 (0x230725d3) f11 0x7ff8000000000000
core   0: 0x0000000080005b2c (0xa30e0d53) fle.d   s10, ft8, fa6
core   0: 1 0x0000000080005b2c (0xa30e0d53) c1_fflags 0x000000000000001b x26 0x0000000000000000
core   0: 0x0000000080005b30 (0x012bdb9b) srliw   s7, s7, 18
core   0: 1 0x0000000080005b30 (0x012bdb9b) x23 0x0000000000001fff
core   0: 0x0000000080005b34 (0x03cadab3) divu    s5, s5, t3
core   0: 1 0x0000000080005b34 (0x03cadab3) x21 0xffffffffffffffff
core   0: 0x0000000080005b38 (0x4db0f093) andi    ra, ra, 1243
core   0: 1 0x0000000080005b38 (0x4db0f093) x1  0x0000000000000000
core   0: 0x0000000080005b3c (0x03c22e33) mulhsu  t3, tp, t3
core   0: 1 0x0000000080005b3c (0x03c22e33) x28 0x0000000000000000
core   0: 0x0000000080005b40 (0xc031f653) fcvt.lu.s a2, ft3
core   0: 1 0x0000000080005b40 (0xc031f653) c1_fflags 0x000000000000001b x12 0xffffffffffffffff
core   0: 0x0000000080005b44 (0x5bb5f1c7) fmsub.d ft3, fa1, fs11, fa1
core   0: 1 0x0000000080005b44 (0x5bb5f1c7) f3  0x7ff8000000000000
core   0: 0x0000000080005b48 (0x013b80b3) add     ra, s7, s3
core   0: 1 0x0000000080005b48 (0x013b80b3) x1  0x0000000000001ffe
core   0: 0x0000000080005b4c (0xc03df6d3) fcvt.lu.s a3, fs11
core   0: 1 0x0000000080005b4c (0xc03df6d3) c1_fflags 0x000000000000001b x13 0xffffffffffffffff
core   0: 0x0000000080005b50 (0x018dcdb3) xor     s11, s11, s8
core   0: 1 0x0000000080005b50 (0x018dcdb3) x27 0xfffffffffffffe73
core   0: 0x0000000080005b54 (0xce54079b) addiw   a5, s0, -795
core   0: 1 0x0000000080005b54 (0xce54079b) x15 0xffffffffe626a054
core   0: 0x0000000080005b58 (0x12017143) fmadd.d ft2, ft2, ft0, ft2
core   0: 1 0x0000000080005b58 (0x12017143) f2  0x7ff8000000000000
core   0: 0x0000000080005b5c (0x0145151b) slliw   a0, a0, 20
core   0: 1 0x0000000080005b5c (0x0145151b) x10 0x0000000000000000
core   0: 0x0000000080005b60 (0x00011d1b) slliw   s10, sp, 0
core   0: 1 0x0000000080005b60 (0x00011d1b) x26 0xffffffff807bf67c
core   0: 0x0000000080005b64 (0x22460e53) fsgnj.d ft8, fa2, ft4
core   0: 1 0x0000000080005b64 (0x22460e53) f28 0xfff8000000000000
core   0: 0x0000000080005b68 (0x00156413) ori     s0, a0, 1
core   0: 1 0x0000000080005b68 (0x00156413) x8  0x0000000000000001
core   0: 0x0000000080005b6c (0x40ed0c3b) subw    s8, s10, a4
core   0: 1 0x0000000080005b6c (0x40ed0c3b) x24 0xffffffff807bf67a
core   0: 0x0000000080005b70 (0x418ed633) sra     a2, t4, s8
core   0: 1 0x0000000080005b70 (0x418ed633) x12 0x0000000000000000
core   0: 0x0000000080005b74 (0x0234ba33) mulhu   s4, s1, gp
core   0: 1 0x0000000080005b74 (0x0234ba33) x20 0x0000000000000000
core   0: 0x0000000080005b78 (0x018b5b3b) srlw    s6, s6, s8
core   0: 1 0x0000000080005b78 (0x018b5b3b) x22 0x000000000000001f
core   0: 0x0000000080005b7c (0x2bc69d53) fmax.d  fs10, fa3, ft8
core   0: 1 0x0000000080005b7c (0x2bc69d53) f26 0x413fffff00000000
core   0: 0x0000000080005b80 (0x15e3b197) auipc   gp, 0x15e3b
core   0: 1 0x0000000080005b80 (0x15e3b197) x3  0x0000000095e40b80
core   0: 0x0000000080005b84 (0x0be2f553) fsub.d  fa0, ft5, ft10
core   0: 1 0x0000000080005b84 (0x0be2f553) f10 0xc1dfe0e6d3800000
core   0: 0x0000000080005b88 (0xd2148953) fcvt.d.wu fs2, s1
core   0: 1 0x0000000080005b88 (0xd2148953) f18 0x0000000000000000
core   0: 0x0000000080005b8c (0x00000001) c.nop
core   0: 1 0x0000000080005b8c (0x0001)
core   0: 0x0000000080005b8e (0x00000001) c.nop
core   0: 1 0x0000000080005b8e (0x0001)
core   0: 0x0000000080005b90 (0xd21a8bd3) fcvt.d.wu fs7, s5
core   0: 1 0x0000000080005b90 (0xd21a8bd3) f23 0x41efffffffe00000
core   0: 0x0000000080005b94 (0x4001db93) srai    s7, gp, 0
core   0: 1 0x0000000080005b94 (0x4001db93) x23 0x0000000095e40b80
core   0: 0x0000000080005b98 (0x0167f9b3) and     s3, a5, s6
core   0: 1 0x0000000080005b98 (0x0167f9b3) x19 0x0000000000000014
core   0: 0x0000000080005b9c (0x02e8f733) remu    a4, a7, a4
core   0: 1 0x0000000080005b9c (0x02e8f733) x14 0x0000000000000000
core   0: 0x0000000080005ba0 (0x2b069cd3) fmax.d  fs9, fa3, fa6
core   0: 1 0x0000000080005ba0 (0x2b069cd3) f25 0x413fffff00000000
core   0: 0x0000000080005ba4 (0x02e7fa33) remu    s4, a5, a4
core   0: 1 0x0000000080005ba4 (0x02e7fa33) x20 0xffffffffe626a054
core   0: 0x0000000080005ba8 (0x000a579b) srliw   a5, s4, 0
core   0: 1 0x0000000080005ba8 (0x000a579b) x15 0xffffffffe626a054
core   0: 0x0000000080005bac (0x00059293) slli    t0, a1, 0
core   0: 1 0x0000000080005bac (0x00059293) x5  0x00000000f11a9bf3
core   0: 0x0000000080005bb0 (0x55c57393) andi    t2, a0, 1372
core   0: 1 0x0000000080005bb0 (0x55c57393) x7  0x0000000000000000
core   0: 0x0000000080005bb4 (0x0214c633) div     a2, s1, ra
core   0: 1 0x0000000080005bb4 (0x0214c633) x12 0x0000000000000000
core   0: 0x0000000080005bb8 (0x02c3053b) mulw    a0, t1, a2
core   0: 1 0x0000000080005bb8 (0x02c3053b) x10 0x0000000000000000
core   0: 0x0000000080005bbc (0x0052e2b3) or      t0, t0, t0
core   0: 1 0x0000000080005bbc (0x0052e2b3) x5  0x00000000f11a9bf3
core   0: 0x0000000080005bc0 (0xf6486913) ori     s2, a6, -156
core   0: 1 0x0000000080005bc0 (0xf6486913) x18 0xfffffffffffffffc
core   0: 0x0000000080005bc4 (0x00102573) csrrs   a0, fflags, zero
core   0: 1 0x0000000080005bc4 (0x00102573) x10 0x000000000000001b
core   0: 0x0000000080005bc8 (0x42040253) fcvt.d.s ft4, fs0
core   0: 1 0x0000000080005bc8 (0x42040253) f4  0x7ff8000000000000
core   0: 0x0000000080005bcc (0xc02bf153) fcvt.l.s sp, fs7
core   0: 1 0x0000000080005bcc (0xc02bf153) c1_fflags 0x000000000000001b x2  0x7fffffffffffffff
core   0: 0x0000000080005bd0 (0x0229b4b3) mulhu   s1, s3, sp
core   0: 1 0x0000000080005bd0 (0x0229b4b3) x9  0x0000000000000009
core   0: 0x0000000080005bd4 (0x00289d3b) sllw    s10, a7, sp
core   0: 1 0x0000000080005bd4 (0x00289d3b) x26 0x0000000000000000
core   0: 0x0000000080005bd8 (0x1b877743) fmadd.d fa4, fa4, fs8, ft3
core   0: 1 0x0000000080005bd8 (0x1b877743) f14 0x7ff8000000000000
core   0: 0x0000000080005bdc (0x003c5933) srl     s2, s8, gp
core   0: 1 0x0000000080005bdc (0x003c5933) x18 0xffffffff807bf67a
core   0: 0x0000000080005be0 (0xd20c0f53) fcvt.d.w ft10, s8
core   0: 1 0x0000000080005be0 (0xd20c0f53) f30 0xc1dfe10261800000
core   0: 0x0000000080005be4 (0xd22bf553) fcvt.d.l fa0, s7
core   0: 1 0x0000000080005be4 (0xd22bf553) f10 0x41e2bc8170000000
core   0: 0x0000000080005be8 (0x0ff0000f) fence   iorw,iorw
core   0: 1 0x0000000080005be8 (0x0ff0000f)
core   0: 0x0000000080005bec (0x01cd921b) slliw   tp, s11, 28
core   0: 1 0x0000000080005bec (0x01cd921b) x4  0x0000000030000000
core   0: 0x0000000080005bf0 (0x028a7b33) remu    s6, s4, s0
core   0: 1 0x0000000080005bf0 (0x028a7b33) x22 0x0000000000000000
core   0: 0x0000000080005bf4 (0x00000001) c.nop
core   0: 1 0x0000000080005bf4 (0x0001)
core   0: 0x0000000080005bf6 (0xd21b0a53) fcvt.d.wu fs4, s6
core   0: 1 0x0000000080005bf6 (0xd21b0a53) f20 0x0000000000000000
core   0: 0x0000000080005bfa (0xc03df853) fcvt.lu.s a6, fs11
core   0: 1 0x0000000080005bfa (0xc03df853) c1_fflags 0x000000000000001b x16 0xffffffffffffffff
core   0: 0x0000000080005bfe (0x2bc21453) fmax.d  fs0, ft4, ft8
core   0: 1 0x0000000080005bfe (0x2bc21453) f8  0x7ff8000000000000
core   0: 0x0000000080005c02 (0x030839b3) mulhu   s3, a6, a6
core   0: 1 0x0000000080005c02 (0x030839b3) x19 0xfffffffffffffffe
core   0: 0x0000000080005c06 (0x401278d3) fcvt.s.d fa7, ft4
core   0: 1 0x0000000080005c06 (0x401278d3) f17 0xffffffff7fc00000
core   0: 0x0000000080005c0a (0x40b5033b) subw    t1, a0, a1
core   0: 1 0x0000000080005c0a (0x40b5033b) x6  0x000000000ee56428
core   0: 0x0000000080005c0e (0x41bd8ebb) subw    t4, s11, s11
core   0: 1 0x0000000080005c0e (0x41bd8ebb) x29 0x0000000000000000
core   0: 0x0000000080005c12 (0x00384b33) xor     s6, a6, gp
core   0: 1 0x0000000080005c12 (0x00384b33) x22 0xffffffff6a1bf47f
core   0: 0x0000000080005c16 (0x0059d9bb) srlw    s3, s3, t0
core   0: 1 0x0000000080005c16 (0x0059d9bb) x19 0x0000000000001fff
core   0: 0x0000000080005c1a (0x039cd6b3) divu    a3, s9, s9
core   0: 1 0x0000000080005c1a (0x039cd6b3) x13 0x0000000000000001
core   0: 0x0000000080005c1e (0x80016793) ori     a5, sp, -2048
core   0: 1 0x0000000080005c1e (0x80016793) x15 0xffffffffffffffff
core   0: 0x0000000080005c22 (0xfff7029b) addiw   t0, a4, -1
core   0: 1 0x0000000080005c22 (0xfff7029b) x5  0xffffffffffffffff
core   0: 0x0000000080005c26 (0x0b18f3d3) fsub.d  ft7, fa7, fa7
core   0: 1 0x0000000080005c26 (0x0b18f3d3) f7  0x7ff8000000000000
core   0: 0x0000000080005c2a (0x03f29493) slli    s1, t0, 63
core   0: 1 0x0000000080005c2a (0x03f29493) x9  0x8000000000000000
core   0: 0x0000000080005c2e (0x00565913) srli    s2, a2, 5
core   0: 1 0x0000000080005c2e (0x00565913) x18 0x0000000000000000
core   0: 0x0000000080005c32 (0x2402c237) lui     tp, 0x2402c
core   0: 1 0x0000000080005c32 (0x2402c237) x4  0x000000002402c000
core   0: 0x0000000080005c36 (0xc50b8b93) addi    s7, s7, -944
core   0: 1 0x0000000080005c36 (0xc50b8b93) x23 0x0000000095e407d0
core   0: 0x0000000080005c3a (0xd0287cd3) fcvt.s.l fs9, a6
core   0: 1 0x0000000080005c3a (0xd0287cd3) f25 0xffffffffbf800000
core   0: 0x0000000080005c3e (0x48450513) addi    a0, a0, 1156
core   0: 1 0x0000000080005c3e (0x48450513) x10 0x000000000000049f
core   0: 0x0000000080005c42 (0x4b6df243) fmadd.d ft4, fs11, fs6, fs1
core   0: 1 0x0000000080005c42 (0x4b6df243) f4  0x7ff8000000000000
core   0: 0x0000000080005c46 (0x00ae6033) or      zero, t3, a0
core   0: 1 0x0000000080005c46 (0x00ae6033)
core   0: 0x0000000080005c4a (0x01dda8b3) slt     a7, s11, t4
core   0: 1 0x0000000080005c4a (0x01dda8b3) x17 0x0000000000000001
core   0: 0x0000000080005c4e (0xe20c8353) fmv.x.d t1, fs9
core   0: 1 0x0000000080005c4e (0xe20c8353) x6  0xffffffffbf800000
core   0: 0x0000000080005c52 (0xd225ffd3) fcvt.d.l ft11, a1
core   0: 1 0x0000000080005c52 (0xd225ffd3) f31 0x41ee23537e600000
core   0: 0x0000000080005c56 (0xc21ffcd3) fcvt.wu.d s9, ft11
core   0: 1 0x0000000080005c56 (0xc21ffcd3) x25 0xfffffffff11a9bf3
core   0: 0x0000000080005c5a (0xc20b72d3) fcvt.w.d t0, fs6
core   0: 1 0x0000000080005c5a (0xc20b72d3) c1_fflags 0x000000000000001b x5  0x000000007fffffff
core   0: 0x0000000080005c5e (0x2bf88553) fmin.d  fa0, fa7, ft11
core   0: 1 0x0000000080005c5e (0x2bf88553) f10 0x41ee23537e600000
core   0: 0x0000000080005c62 (0x00169773) csrrw   a4, fflags, a3
core   0: 1 0x0000000080005c62 (0x00169773) x14 0x000000000000001b c1_fflags 0x0000000000000001
core   0: 0x0000000080005c66 (0x02625333) divu    t1, tp, t1
core   0: 1 0x0000000080005c66 (0x02625333) x6  0x0000000000000000
core   0: 0x0000000080005c6a (0x00285693) srli    a3, a6, 2
core   0: 1 0x0000000080005c6a (0x00285693) x13 0x3fffffffffffffff
core   0: 0x0000000080005c6e (0xd03e7153) fcvt.s.lu ft2, t3
core   0: 1 0x0000000080005c6e (0xd03e7153) f2  0xffffffff00000000
core   0: 0x0000000080005c72 (0x000d1533) sll     a0, s10, zero
core   0: 1 0x0000000080005c72 (0x000d1533) x10 0x0000000000000000
core   0: 0x0000000080005c76 (0x003d8237) lui     tp, 0x3d8
core   0: 1 0x0000000080005c76 (0x003d8237) x4  0x00000000003d8000
core   0: 0x0000000080005c7a (0x9b52021b) addiw   tp, tp, -1611
core   0: 1 0x0000000080005c7a (0x9b52021b) x4  0x00000000003d79b5
core   0: 0x0000000080005c7e (0x00000242) c.slli  tp, 16
core   0: 1 0x0000000080005c7e (0x0242) x4  0x0000003d79b50000
core   0: 0x0000000080005c80 (0xdd620213) addi    tp, tp, -554
core   0: 1 0x0000000080005c80 (0xdd620213) x4  0x0000003d79b4fdd6
core   0: 0x0000000080005c84 (0x007d00b7) lui     ra, 0x7d0
core   0: 1 0x0000000080005c84 (0x007d00b7) x1  0x00000000007d0000
core   0: 0x0000000080005c88 (0xe0f0809b) addiw   ra, ra, -497
core   0: 1 0x0000000080005c88 (0xe0f0809b) x1  0x00000000007cfe0f
core   0: 0x0000000080005c8c (0x000000be) c.slli  ra, 15
core   0: 1 0x0000000080005c8c (0x00be) x1  0x0000003e7f078000
core   0: 0x0000000080005c8e (0x02408093) addi    ra, ra, 36
core   0: 1 0x0000000080005c8e (0x02408093) x1  0x0000003e7f078024
core   0: 0x0000000080005c92 (0x00170633) add     a2, a4, ra
core   0: 1 0x0000000080005c92 (0x00170633) x12 0x0000003e7f07803f
core   0: 0x0000000080005c96 (0x00675c33) srl     s8, a4, t1
core   0: 1 0x0000000080005c96 (0x00675c33) x24 0x000000000000001b
core   0: 0x0000000080005c9a (0x01947d33) and     s10, s0, s9
core   0: 1 0x0000000080005c9a (0x01947d33) x26 0x0000000000000001
core   0: 0x0000000080005c9e (0xd2297253) fcvt.d.l ft4, s2
core   0: 1 0x0000000080005c9e (0xd2297253) f4  0x0000000000000000
core   0: 0x0000000080005ca2 (0x22762b53) fsgnjx.d fs6, fa2, ft7
core   0: 1 0x0000000080005ca2 (0x22762b53) f22 0x7ff8000000000000
core   0: 0x0000000080005ca6 (0x4019581b) sraiw   a6, s2, 1
core   0: 1 0x0000000080005ca6 (0x4019581b) x16 0x0000000000000000
core   0: 0x0000000080005caa (0x7397fd37) lui     s10, 0x7397f
core   0: 1 0x0000000080005caa (0x7397fd37) x26 0x000000007397f000
core   0: 0x0000000080005cae (0xfcb58917) auipc   s2, 0xfcb58
core   0: 1 0x0000000080005cae (0xfcb58917) x18 0x000000007cb5dcae
core   0: 0x0000000080005cb2 (0x227903d3) fsgnj.d ft7, fs2, ft7
core   0: 1 0x0000000080005cb2 (0x227903d3) f7  0x0000000000000000
core   0: 0x0000000080005cb6 (0x019c2c33) slt     s8, s8, s9
core   0: 1 0x0000000080005cb6 (0x019c2c33) x24 0x0000000000000000
core   0: 0x0000000080005cba (0x32d8f243) fmadd.d ft4, fa7, fa3, ft6
core   0: 1 0x0000000080005cba (0x32d8f243) f4  0x7ff8000000000000
core   0: 0x0000000080005cbe (0x230827d3) fsgnjx.d fa5, fa6, fa6
core   0: 1 0x0000000080005cbe (0x230827d3) f15 0x7ff8000000000000
core   0: 0x0000000080005cc2 (0xd2090953) fcvt.d.w fs2, s2
core   0: 1 0x0000000080005cc2 (0xd2090953) f18 0x41df2d772b800000
core   0: 0x0000000080005cc6 (0x8ad8f6cf) fnmadd.d fa3, fa7, fa3, fa7
core   0: 1 0x0000000080005cc6 (0x8ad8f6cf) f13 0x7ff8000000000000
core   0: 0x0000000080005cca (0x03297cd3) fadd.d  fs9, fs2, fs2
core   0: 1 0x0000000080005cca (0x03297cd3) f25 0x41ef2d772b800000
core   0: 0x0000000080005cce (0x032c56bb) divuw   a3, s8, s2
core   0: 1 0x0000000080005cce (0x032c56bb) x13 0x0000000000000000
core   0: 0x0000000080005cd2 (0xc0277ed3) fcvt.l.s t4, fa4
core   0: 1 0x0000000080005cd2 (0xc0277ed3) c1_fflags 0x0000000000000011 x29 0x7fffffffffffffff
core   0: 0x0000000080005cd6 (0x02d07253) fadd.d  ft4, ft0, fa3
core   0: 1 0x0000000080005cd6 (0x02d07253) f4  0x7ff8000000000000
core   0: 0x0000000080005cda (0x02d6d9bb) divuw   s3, a3, a3
core   0: 1 0x0000000080005cda (0x02d6d9bb) x19 0xffffffffffffffff
core   0: 0x0000000080005cde (0x4060dc1b) sraiw   s8, ra, 6
core   0: 1 0x0000000080005cde (0x4060dc1b) x24 0x0000000001fc1e00
core   0: 0x0000000080005ce2 (0x02d0653b) remw    a0, zero, a3
core   0: 1 0x0000000080005ce2 (0x02d0653b) x10 0x0000000000000000
core   0: 0x0000000080005ce6 (0x420a0a53) fcvt.d.s fs4, fs4
core   0: 1 0x0000000080005ce6 (0x420a0a53) f20 0x7ff8000000000000
core   0: 0x0000000080005cea (0x1a972437) lui     s0, 0x1a972
core   0: 1 0x0000000080005cea (0x1a972437) x8  0x000000001a972000
core   0: 0x0000000080005cee (0x011452b3) srl     t0, s0, a7
core   0: 1 0x0000000080005cee (0x011452b3) x5  0x000000000d4b9000
core   0: 0x0000000080005cf2 (0x4e217793) andi    a5, sp, 1250
core   0: 1 0x0000000080005cf2 (0x4e217793) x15 0x00000000000004e2
core   0: 0x0000000080005cf6 (0x03b275bb) remuw   a1, tp, s11
core   0: 1 0x0000000080005cf6 (0x03b275bb) x11 0x0000000079b4fdd6
core   0: 0x0000000080005cfa (0x4134d49b) sraiw   s1, s1, 19
core   0: 1 0x0000000080005cfa (0x4134d49b) x9  0x0000000000000000
core   0: 0x0000000080005cfe (0x6a86f44b) fnmsub.d fs0, fa3, fs0, fa3
core   0: 1 0x0000000080005cfe (0x6a86f44b) f8  0x7ff8000000000000
core   0: 0x0000000080005d02 (0x00136d93) ori     s11, t1, 1
core   0: 1 0x0000000080005d02 (0x00136d93) x27 0x0000000000000001
core   0: 0x0000000080005d06 (0x4094d1bb) sraw    gp, s1, s1
core   0: 1 0x0000000080005d06 (0x4094d1bb) x3  0x0000000000000000
core   0: 0x0000000080005d0a (0x00102773) csrrs   a4, fflags, zero
core   0: 1 0x0000000080005d0a (0x00102773) x14 0x0000000000000011
core   0: 0x0000000080005d0e (0x420a04d3) fcvt.d.s fs1, fs4
core   0: 1 0x0000000080005d0e (0x420a04d3) f9  0x7ff8000000000000
core   0: 0x0000000080005d12 (0xfdd6fe37) lui     t3, 0xfdd6f
core   0: 1 0x0000000080005d12 (0xfdd6fe37) x28 0xfffffffffdd6f000
core   0: 0x0000000080005d16 (0x721e0e1b) addiw   t3, t3, 1825
core   0: 1 0x0000000080005d16 (0x721e0e1b) x28 0xfffffffffdd6f721
core   0: 0x0000000080005d1a (0x00000e36) c.slli  t3, 13
core   0: 1 0x0000000080005d1a (0x0e36) x28 0xffffffbadee42000
core   0: 0x0000000080005d1c (0x73de0e13) addi    t3, t3, 1853
core   0: 1 0x0000000080005d1c (0x73de0e13) x28 0xffffffbadee4273d
core   0: 0x0000000080005d20 (0xd20e87d3) fcvt.d.w fa5, t4
core   0: 1 0x0000000080005d20 (0xd20e87d3) f15 0xbff0000000000000
core   0: 0x0000000080005d24 (0x0363b3b3) mulhu   t2, t2, s6
core   0: 1 0x0000000080005d24 (0x0363b3b3) x7  0x0000000000000000
core   0: 0x0000000080005d28 (0x41c756bb) sraw    a3, a4, t3
core   0: 1 0x0000000080005d28 (0x41c756bb) x13 0x0000000000000000
core   0: 0x0000000080005d2c (0xd023f553) fcvt.s.l fa0, t2
core   0: 1 0x0000000080005d2c (0xd023f553) f10 0xffffffff00000000
core   0: 0x0000000080005d30 (0x409e523b) sraw    tp, t3, s1
core   0: 1 0x0000000080005d30 (0x409e523b) x4  0xffffffffdee4273d
core   0: 0x0000000080005d34 (0x37336197) auipc   gp, 0x37336
core   0: 1 0x0000000080005d34 (0x37336197) x3  0x00000000b733bd34
core   0: 0x0000000080005d38 (0x40925ab3) sra     s5, tp, s1
core   0: 1 0x0000000080005d38 (0x40925ab3) x21 0xffffffffdee4273d
core   0: 0x0000000080005d3c (0x02a884bb) mulw    s1, a7, a0
core   0: 1 0x0000000080005d3c (0x02a884bb) x9  0x0000000000000000
core   0: 0x0000000080005d40 (0x00c2d0b3) srl     ra, t0, a2
core   0: 1 0x0000000080005d40 (0x00c2d0b3) x1  0x0000000000000000
core   0: 0x0000000080005d44 (0x00000001) c.nop
core   0: 1 0x0000000080005d44 (0x0001)
core   0: 0x0000000080005d46 (0x03534733) div     a4, t1, s5
core   0: 1 0x0000000080005d46 (0x03534733) x14 0x0000000000000000
core   0: 0x0000000080005d4a (0x002494f3) csrrw   s1, frm, s1
core   0: 1 0x0000000080005d4a (0x002494f3) x9  0x0000000000000002 c2_frm 0x0000000000000000
core   0: 0x0000000080005d4e (0x416ada13) srai    s4, s5, 22
core   0: 1 0x0000000080005d4e (0x416ada13) x20 0xffffffffffffff7b
core   0: 0x0000000080005d52 (0xbbddc893) xori    a7, s11, -1091
core   0: 1 0x0000000080005d52 (0xbbddc893) x17 0xfffffffffffffbbc
core   0: 0x0000000080005d56 (0x42cddb93) srai    s7, s11, 44
core   0: 1 0x0000000080005d56 (0x42cddb93) x23 0x0000000000000000
core   0: 0x0000000080005d5a (0x024d61b3) rem     gp, s10, tp
core   0: 1 0x0000000080005d5a (0x024d61b3) x3  0x00000000104465b7
core   0: 0x0000000080005d5e (0xff407ab7) lui     s5, 0xff407
core   0: 1 0x0000000080005d5e (0xff407ab7) x21 0xffffffffff407000
core   0: 0x0000000080005d62 (0x891a8a9b) addiw   s5, s5, -1903
core   0: 1 0x0000000080005d62 (0x891a8a9b) x21 0xffffffffff406891
core   0: 0x0000000080005d66 (0x00000ab2) c.slli  s5, 12
core   0: 1 0x0000000080005d66 (0x0ab2) x21 0xfffffff406891000
core   0: 0x0000000080005d68 (0xc7ca8a93) addi    s5, s5, -900
core   0: 1 0x0000000080005d68 (0xc7ca8a93) x21 0xfffffff406890c7c
core   0: 0x0000000080005d6c (0x02e3beb3) mulhu   t4, t2, a4
core   0: 1 0x0000000080005d6c (0x02e3beb3) x29 0x0000000000000000
core   0: 0x0000000080005d70 (0x420a82d3) fcvt.d.s ft5, fs5
core   0: 1 0x0000000080005d70 (0x420a82d3) f5  0x7ff8000000000000
core   0: 0x0000000080005d74 (0x40a5d53b) sraw    a0, a1, a0
core   0: 1 0x0000000080005d74 (0x40a5d53b) x10 0x0000000079b4fdd6
core   0: 0x0000000080005d78 (0x00108a1b) addiw   s4, ra, 1
core   0: 1 0x0000000080005d78 (0x00108a1b) x20 0x0000000000000001
core   0: 0x0000000080005d7c (0xc212f253) fcvt.wu.d tp, ft5
core   0: 1 0x0000000080005d7c (0xc212f253) c1_fflags 0x0000000000000011 x4  0xffffffffffffffff
core   0: 0x0000000080005d80 (0xfff48113) addi    sp, s1, -1
core   0: 1 0x0000000080005d80 (0xfff48113) x2  0x0000000000000001
core   0: 0x0000000080005d84 (0xc204f7d3) fcvt.w.d a5, fs1
core   0: 1 0x0000000080005d84 (0xc204f7d3) c1_fflags 0x0000000000000011 x15 0x000000007fffffff
core   0: 0x0000000080005d88 (0xc23ef3d3) fcvt.lu.d t2, ft9
core   0: 1 0x0000000080005d88 (0xc23ef3d3) c1_fflags 0x0000000000000011 x7  0xffffffffffffffff
core   0: 0x0000000080005d8c (0x22a78c53) fsgnj.d fs8, fa5, fa0
core   0: 1 0x0000000080005d8c (0x22a78c53) f24 0xbff0000000000000
core   0: 0x0000000080005d90 (0x017b42b3) xor     t0, s6, s7
core   0: 1 0x0000000080005d90 (0x017b42b3) x5  0xffffffff6a1bf47f
core   0: 0x0000000080005d94 (0x00000001) c.nop
core   0: 1 0x0000000080005d94 (0x0001)
core   0: 0x0000000080005d96 (0xc7cc4993) xori    s3, s8, -900
core   0: 1 0x0000000080005d96 (0xc7cc4993) x19 0xfffffffffe03e27c
core   0: 0x0000000080005d9a (0x03bdb433) mulhu   s0, s11, s11
core   0: 1 0x0000000080005d9a (0x03bdb433) x8  0x0000000000000000
core   0: 0x0000000080005d9e (0x0199e833) or      a6, s3, s9
core   0: 1 0x0000000080005d9e (0x0199e833) x16 0xffffffffff1bfbff
core   0: 0x0000000080005da2 (0xe2028ed3) fmv.x.d t4, ft5
core   0: 1 0x0000000080005da2 (0xe2028ed3) x29 0x7ff8000000000000
core   0: 0x0000000080005da6 (0x419cd69b) sraiw   a3, s9, 25
core   0: 1 0x0000000080005da6 (0x419cd69b) x13 0xfffffffffffffff8
core   0: 0x0000000080005daa (0x5a0d71d3) fsqrt.d ft3, fs10
core   0: 1 0x0000000080005daa (0x5a0d71d3) c1_fflags 0x0000000000000011 f3  0x4096a09e0bfcc17e
core   0: 0x0000000080005dae (0x01d6c233) xor     tp, a3, t4
core   0: 1 0x0000000080005dae (0x01d6c233) x4  0x8007fffffffffff8
core   0: 0x0000000080005db2 (0xd036f7d3) fcvt.s.lu fa5, a3
core   0: 1 0x0000000080005db2 (0xd036f7d3) c1_fflags 0x0000000000000011 f15 0xffffffff5f800000
core   0: 0x0000000080005db6 (0x0346aab3) mulhsu  s5, a3, s4
core   0: 1 0x0000000080005db6 (0x0346aab3) x21 0xffffffffffffffff
core   0: 0x0000000080005dba (0x00121673) csrrw   a2, fflags, tp
core   0: 1 0x0000000080005dba (0x00121673) x12 0x0000000000000011 c1_fflags 0x0000000000000018
core   0: 0x0000000080005dbe (0x0283f253) fadd.d  ft4, ft7, fs0
core   0: 1 0x0000000080005dbe (0x0283f253) f4  0x7ff8000000000000
core   0: 0x0000000080005dc2 (0x012e5e1b) srliw   t3, t3, 18
core   0: 1 0x0000000080005dc2 (0x012e5e1b) x28 0x00000000000037b9
core   0: 0x0000000080005dc6 (0x238a85d3) fsgnj.d fa1, fs5, fs8
core   0: 1 0x0000000080005dc6 (0x238a85d3) f11 0xfff8000000000000
core   0: 0x0000000080005dca (0x0013019b) addiw   gp, t1, 1
core   0: 1 0x0000000080005dca (0x0013019b) x3  0x0000000000000001
core   0: 0x0000000080005dce (0x2b7c9153) fmax.d  ft2, fs9, fs7
core   0: 1 0x0000000080005dce (0x2b7c9153) f2  0x41efffffffe00000
core   0: 0x0000000080005dd2 (0x01ce2533) slt     a0, t3, t3
core   0: 1 0x0000000080005dd2 (0x01ce2533) x10 0x0000000000000000
core   0: 0x0000000080005dd6 (0x0150d733) srl     a4, ra, s5
core   0: 1 0x0000000080005dd6 (0x0150d733) x14 0x0000000000000000
core   0: 0x0000000080005dda (0xc0205e73) csrrwi  t3, instret, 0
core   0: exception trap_illegal_instruction, epc 0x0000000080005dda
core   0:           tval 0x00000000c0205e73
core   0: >>>>  $xrv64i2p1_m2p0_a2p1_f2p2_d2p2_zicsr2p0_zifencei2p0_zmmul1p0_zba1p0_zbb1p0_zbc1p0_zbs1p0
core   0: 0x0000000080004000 (0x0080006f) j       pc + 0x8
core   0: 3 0x0000000080004000 (0x0080006f)
core   0: >>>>  mmode_exception_handler
core   0: 0x0000000080004008 (0x00002c17) auipc   s8, 0x2
core   0: 3 0x0000000080004008 (0x00002c17) x24 0x0000000080006008
core   0: 0x000000008000400c (0x00ec0c13) addi    s8, s8, 14
core   0: 3 0x000000008000400c (0x00ec0c13) x24 0x0000000080006016
core   0: 0x0000000080004010 (0x000c00e7) jalr    s8
core   0: 3 0x0000000080004010 (0x000c00e7) x1  0x0000000080004014
core   0: >>>>  any_handler
core   0: 0x0000000080006016 (0x341027f3) csrrs   a5, mepc, zero
core   0: 3 0x0000000080006016 (0x341027f3) x15 0x0000000080005dda
core   0: 0x000000008000601a (0x34202773) csrrs   a4, mcause, zero
core   0: 3 0x000000008000601a (0x34202773) x14 0x0000000000000002
core   0: 0x000000008000601e (0x142026f3) csrrs   a3, scause, zero
core   0: 3 0x000000008000601e (0x142026f3) x13 0x0000000000000001
core   0: 0x0000000080006022 (0x30402673) csrrs   a2, mie, zero
core   0: 3 0x0000000080006022 (0x30402673) x12 0x0000000000000a00
core   0: 0x0000000080006026 (0x344025f3) csrrs   a1, mip, zero
core   0: 3 0x0000000080006026 (0x344025f3) x11 0x0000000000000080
core   0: 0x000000008000602a (0x343025f3) csrrs   a1, mtval, zero
core   0: 3 0x000000008000602a (0x343025f3) x11 0x00000000c0205e73
core   0: 0x000000008000602e (0x14302573) csrrs   a0, stval, zero
core   0: 3 0x000000008000602e (0x14302573) x10 0x0000000000000000
core   0: 0x0000000080006032 (0xb02024f3) csrrs   s1, minstret, zero
core   0: 3 0x0000000080006032 (0xb02024f3) x9  0x0000000000001280
core   0: 0x0000000080006036 (0x0000a811) c.j     pc + 20
core   0: 3 0x0000000080006036 (0xa811)
core   0: >>>>  mepc_4
core   0: 0x000000008000604a (0x00000791) c.addi  a5, 4
core   0: 3 0x000000008000604a (0x0791) x15 0x0000000080005dde
core   0: 0x000000008000604c (0x34179073) csrrw   zero, mepc, a5
core   0: 3 0x000000008000604c (0x34179073) c833_mepc 0x0000000080005dde
core   0: 0x0000000080006050 (0x30200073) mret
core   0: 3 0x0000000080006050 (0x30200073) c768_mstatus 0x8000000a00106080
core   0: 0x0000000080005dde (0x02ee5933) divu    s2, t3, a4
core   0: 1 0x0000000080005dde (0x02ee5933) x18 0x0000000000001bdc
core   0: 0x0000000080005de2 (0xaed90413) addi    s0, s2, -1299
core   0: 1 0x0000000080005de2 (0xaed90413) x8  0x00000000000016c9
core   0: 0x0000000080005de6 (0x012912b3) sll     t0, s2, s2
core   0: 1 0x0000000080005de6 (0x012912b3) x5  0x000001bdc0000000
core   0: 0x0000000080005dea (0xfd96d5b7) lui     a1, 0xfd96d
core   0: 1 0x0000000080005dea (0xfd96d5b7) x11 0xfffffffffd96d000
core   0: 0x0000000080005dee (0x2d95859b) addiw   a1, a1, 729
core   0: 1 0x0000000080005dee (0x2d95859b) x11 0xfffffffffd96d2d9
core   0: 0x0000000080005df2 (0x000005b2) c.slli  a1, 12
core   0: 1 0x0000000080005df2 (0x05b2) x11 0xffffffd96d2d9000
core   0: 0x0000000080005df4 (0xa4758593) addi    a1, a1, -1465
core   0: 1 0x0000000080005df4 (0xa4758593) x11 0xffffffd96d2d8a47
core   0: 0x0000000080005df8 (0xc2337153) fcvt.lu.d sp, ft6
core   0: 1 0x0000000080005df8 (0xc2337153) c1_fflags 0x0000000000000018 x2  0xffffffffffffffff
core   0: 0x0000000080005dfc (0x23029853) fsgnjn.d fa6, ft5, fa6
core   0: 1 0x0000000080005dfc (0x23029853) f16 0xfff8000000000000
core   0: 0x0000000080005e00 (0x0a228d9b) addiw   s11, t0, 162
core   0: 1 0x0000000080005e00 (0x0a228d9b) x27 0xffffffffc00000a2
core   0: 0x0000000080005e04 (0x9cd54ab7) lui     s5, 0x9cd54
core   0: 1 0x0000000080005e04 (0x9cd54ab7) x21 0xffffffff9cd54000
core   0: 0x0000000080005e08 (0xc9f46993) ori     s3, s0, -865
core   0: 1 0x0000000080005e08 (0xc9f46993) x19 0xfffffffffffffedf
core   0: 0x0000000080005e0c (0x221923d3) fsgnjx.d ft7, fs2, ft1
core   0: 1 0x0000000080005e0c (0x221923d3) f7  0x41df2d772b800000
core   0: 0x0000000080005e10 (0x03ad7d33) remu    s10, s10, s10
core   0: 1 0x0000000080005e10 (0x03ad7d33) x26 0x0000000000000000
core   0: 0x0000000080005e14 (0x0018d11b) srliw   sp, a7, 1
core   0: 1 0x0000000080005e14 (0x0018d11b) x2  0x000000007ffffdde
core   0: 0x0000000080005e18 (0x40187453) fcvt.s.d fs0, fa6
core   0: 1 0x0000000080005e18 (0x40187453) f8  0xffffffff7fc00000
core   0: 0x0000000080005e1c (0xfff9e293) ori     t0, s3, -1
core   0: 1 0x0000000080005e1c (0xfff9e293) x5  0xffffffffffffffff
core   0: 0x0000000080005e20 (0x013cdcb3) srl     s9, s9, s3
core   0: 1 0x0000000080005e20 (0x013cdcb3) x25 0x00000001ffffffff
core   0: 0x0000000080005e24 (0xe2080a53) fmv.x.d s4, fa6
core   0: 1 0x0000000080005e24 (0xe2080a53) x20 0xfff8000000000000
core   0: 0x0000000080005e28 (0x03b4413b) divw    sp, s0, s11
core   0: 1 0x0000000080005e28 (0x03b4413b) x2  0x0000000000000000
core   0: 0x0000000080005e2c (0x22bd9253) fsgnjn.d ft4, fs11, fa1
core   0: 1 0x0000000080005e2c (0x22bd9253) f4  0x41dfffeffb000000
core   0: 0x0000000080005e30 (0x002d8033) add     zero, s11, sp
core   0: 1 0x0000000080005e30 (0x002d8033)
core   0: 0x0000000080005e34 (0x221218d3) fsgnjn.d fa7, ft4, ft1
core   0: 1 0x0000000080005e34 (0x221218d3) f17 0xc1dfffeffb000000
core   0: 0x0000000080005e38 (0x02a05a3b) divuw   s4, zero, a0
core   0: 1 0x0000000080005e38 (0x02a05a3b) x20 0xffffffffffffffff
core   0: 0x0000000080005e3c (0x43f55693) srai    a3, a0, 63
core   0: 1 0x0000000080005e3c (0x43f55693) x13 0x0000000000000000
core   0: 0x0000000080005e40 (0x839efdcf) fnmadd.d fs11, ft9, fs9, fa6
core   0: 1 0x0000000080005e40 (0x839efdcf) f27 0x7ff8000000000000
core   0: 0x0000000080005e44 (0x036df8d3) fadd.d  fa7, fs11, fs6
core   0: 1 0x0000000080005e44 (0x036df8d3) f17 0x7ff8000000000000
core   0: 0x0000000080005e48 (0xda79f44f) fnmadd.d fs0, fs3, ft7, fs11
core   0: 1 0x0000000080005e48 (0xda79f44f) f8  0x7ff8000000000000
core   0: 0x0000000080005e4c (0x002c94f3) csrrw   s1, frm, s9
core   0: 1 0x0000000080005e4c (0x002c94f3) x9  0x0000000000000000 c2_frm 0x0000000000000007
core   0: 0x0000000080005e50 (0x3a81fac7) fmsub.d fs5, ft3, fs0, ft7
core   0: exception trap_illegal_instruction, epc 0x0000000080005e50
core   0:           tval 0x000000003a81fac7
core   0: >>>>  $xrv64i2p1_m2p0_a2p1_f2p2_d2p2_zicsr2p0_zifencei2p0_zmmul1p0_zba1p0_zbb1p0_zbc1p0_zbs1p0
core   0: 0x0000000080004000 (0x0080006f) j       pc + 0x8
core   0: 3 0x0000000080004000 (0x0080006f)
core   0: >>>>  mmode_exception_handler
core   0: 0x0000000080004008 (0x00002c17) auipc   s8, 0x2
core   0: 3 0x0000000080004008 (0x00002c17) x24 0x0000000080006008
core   0: 0x000000008000400c (0x00ec0c13) addi    s8, s8, 14
core   0: 3 0x000000008000400c (0x00ec0c13) x24 0x0000000080006016
core   0: 0x0000000080004010 (0x000c00e7) jalr    s8
core   0: 3 0x0000000080004010 (0x000c00e7) x1  0x0000000080004014
core   0: >>>>  any_handler
core   0: 0x0000000080006016 (0x341027f3) csrrs   a5, mepc, zero
core   0: 3 0x0000000080006016 (0x341027f3) x15 0x0000000080005e50
core   0: 0x000000008000601a (0x34202773) csrrs   a4, mcause, zero
core   0: 3 0x000000008000601a (0x34202773) x14 0x0000000000000002
core   0: 0x000000008000601e (0x142026f3) csrrs   a3, scause, zero
core   0: 3 0x000000008000601e (0x142026f3) x13 0x0000000000000001
core   0: 0x0000000080006022 (0x30402673) csrrs   a2, mie, zero
core   0: 3 0x0000000080006022 (0x30402673) x12 0x0000000000000a00
core   0: 0x0000000080006026 (0x344025f3) csrrs   a1, mip, zero
core   0: 3 0x0000000080006026 (0x344025f3) x11 0x0000000000000080
core   0: 0x000000008000602a (0x343025f3) csrrs   a1, mtval, zero
core   0: 3 0x000000008000602a (0x343025f3) x11 0x000000003a81fac7
core   0: 0x000000008000602e (0x14302573) csrrs   a0, stval, zero
core   0: 3 0x000000008000602e (0x14302573) x10 0x0000000000000000
core   0: 0x0000000080006032 (0xb02024f3) csrrs   s1, minstret, zero
core   0: 3 0x0000000080006032 (0xb02024f3) x9  0x00000000000012ad
core   0: 0x0000000080006036 (0x0000a811) c.j     pc + 20
core   0: 3 0x0000000080006036 (0xa811)
core   0: >>>>  mepc_4
core   0: 0x000000008000604a (0x00000791) c.addi  a5, 4
core   0: 3 0x000000008000604a (0x0791) x15 0x0000000080005e54
core   0: 0x000000008000604c (0x34179073) csrrw   zero, mepc, a5
core   0: 3 0x000000008000604c (0x34179073) c833_mepc 0x0000000080005e54
core   0: 0x0000000080006050 (0x30200073) mret
core   0: 3 0x0000000080006050 (0x30200073) c768_mstatus 0x8000000a00106080
core   0: 0x0000000080005e54 (0x00135313) srli    t1, t1, 1
core   0: 1 0x0000000080005e54 (0x00135313) x6  0x0000000000000000
core   0: 0x0000000080005e58 (0x4008581b) sraiw   a6, a6, 0
core   0: 1 0x0000000080005e58 (0x4008581b) x16 0xffffffffff1bfbff
core   0: 0x0000000080005e5c (0x02521c13) slli    s8, tp, 37
core   0: 1 0x0000000080005e5c (0x02521c13) x24 0xffffff0000000000
core   0: 0x0000000080005e60 (0x002c1a73) csrrw   s4, frm, s8
core   0: 1 0x0000000080005e60 (0x002c1a73) x20 0x0000000000000007 c2_frm 0x0000000000000000
core   0: 0x0000000080005e64 (0x414e8533) sub     a0, t4, s4
core   0: 1 0x0000000080005e64 (0x414e8533) x10 0x7ff7fffffffffff9
core   0: 0x0000000080005e68 (0x011509b3) add     s3, a0, a7
core   0: 1 0x0000000080005e68 (0x011509b3) x19 0x7ff7fffffffffbb5
core   0: 0x0000000080005e6c (0x00eed19b) srliw   gp, t4, 14
core   0: 1 0x0000000080005e6c (0x00eed19b) x3  0x0000000000000000
core   0: 0x0000000080005e70 (0xd230f653) fcvt.d.lu fa2, ra
core   0: 1 0x0000000080005e70 (0xd230f653) f12 0x41e0000802800000
core   0: 0x0000000080005e74 (0xc038f7d3) fcvt.lu.s a5, fa7
core   0: 1 0x0000000080005e74 (0xc038f7d3) c1_fflags 0x0000000000000018 x15 0xffffffffffffffff
core   0: 0x0000000080005e78 (0x00000001) c.nop
core   0: 1 0x0000000080005e78 (0x0001)
core   0: 0x0000000080005e7a (0xe3787a4f) fnmadd.d fs4, fa6, fs7, ft8
core   0: 1 0x0000000080005e7a (0xe3787a4f) f20 0x7ff8000000000000
core   0: 0x0000000080005e7e (0x9c170a97) auipc   s5, 0x9c170
core   0: 1 0x0000000080005e7e (0x9c170a97) x21 0x000000001c175e7e
core   0: 0x0000000080005e82 (0x00039dbb) sllw    s11, t2, zero
core   0: 1 0x0000000080005e82 (0x00039dbb) x27 0xffffffffffffffff
core   0: 0x0000000080005e86 (0x00000001) c.nop
core   0: 1 0x0000000080005e86 (0x0001)
core   0: 0x0000000080005e88 (0x6e2f9317) auipc   t1, 0x6e2f9
core   0: 1 0x0000000080005e88 (0x6e2f9317) x6  0x00000000ee2fee88
core   0: 0x0000000080005e8c (0x50f62897) auipc   a7, 0x50f62
core   0: 1 0x0000000080005e8c (0x50f62897) x17 0x00000000d0f67e8c
core   0: 0x0000000080005e90 (0x00000001) c.nop
core   0: 1 0x0000000080005e90 (0x0001)
core   0: 0x0000000080005e92 (0x00105eb7) lui     t4, 0x105
core   0: 1 0x0000000080005e92 (0x00105eb7) x29 0x0000000000105000
core   0: 0x0000000080005e96 (0x3a7e8e9b) addiw   t4, t4, 935
core   0: 1 0x0000000080005e96 (0x3a7e8e9b) x29 0x00000000001053a7
core   0: 0x0000000080005e9a (0x00000eb2) c.slli  t4, 12
core   0: 1 0x0000000080005e9a (0x0eb2) x29 0x00000001053a7000
core   0: 0x0000000080005e9c (0x2cee8e93) addi    t4, t4, 718
core   0: 1 0x0000000080005e9c (0x2cee8e93) x29 0x00000001053a72ce
core   0: 0x0000000080005ea0 (0x01dda633) slt     a2, s11, t4
core   0: 1 0x0000000080005ea0 (0x01dda633) x12 0x0000000000000001
core   0: 0x0000000080005ea4 (0x036b1033) mulh    zero, s6, s6
core   0: 1 0x0000000080005ea4 (0x036b1033)
core   0: 0x0000000080005ea8 (0xc03bf9d3) fcvt.lu.s s3, fs7
core   0: 1 0x0000000080005ea8 (0xc03bf9d3) c1_fflags 0x0000000000000018 x19 0xffffffffffffffff
core   0: 0x0000000080005eac (0x0ff0000f) fence   iorw,iorw
core   0: 1 0x0000000080005eac (0x0ff0000f)
core   0: 0x0000000080005eb0 (0x00051113) slli    sp, a0, 0
core   0: 1 0x0000000080005eb0 (0x00051113) x2  0x7ff7fffffffffff9
core   0: 0x0000000080005eb4 (0x0ff0000f) fence   iorw,iorw
core   0: 1 0x0000000080005eb4 (0x0ff0000f)
core   0: 0x0000000080005eb8 (0x000d949b) slliw   s1, s11, 0
core   0: 1 0x0000000080005eb8 (0x000d949b) x9  0xffffffffffffffff
core   0: 0x0000000080005ebc (0x00a1d7bb) srlw    a5, gp, a0
core   0: 1 0x0000000080005ebc (0x00a1d7bb) x15 0x0000000000000000
core   0: 0x0000000080005ec0 (0x01b798b3) sll     a7, a5, s11
core   0: 1 0x0000000080005ec0 (0x01b798b3) x17 0x0000000000000000
core   0: 0x0000000080005ec4 (0x4bc2f4c3) fmadd.d fs1, ft5, ft8, fs1
core   0: 1 0x0000000080005ec4 (0x4bc2f4c3) f9  0x7ff8000000000000
core   0: 0x0000000080005ec8 (0x00202873) csrrs   a6, frm, zero
core   0: 1 0x0000000080005ec8 (0x00202873) x16 0x0000000000000000
core   0: 0x0000000080005ecc (0x01a78933) add     s2, a5, s10
core   0: 1 0x0000000080005ecc (0x01a78933) x18 0x0000000000000000
core   0: 0x0000000080005ed0 (0x83700197) auipc   gp, 0x83700
core   0: 1 0x0000000080005ed0 (0x83700197) x3  0x0000000003705ed0
core   0: 0x0000000080005ed4 (0xfd5bfbb7) lui     s7, 0xfd5bf
core   0: 1 0x0000000080005ed4 (0xfd5bfbb7) x23 0xfffffffffd5bf000
core   0: 0x0000000080005ed8 (0xdbdb8b9b) addiw   s7, s7, -579
core   0: 1 0x0000000080005ed8 (0xdbdb8b9b) x23 0xfffffffffd5bedbd
core   0: 0x0000000080005edc (0x00000bb2) c.slli  s7, 12
core   0: 1 0x0000000080005edc (0x0bb2) x23 0xffffffd5bedbd000
core   0: 0x0000000080005ede (0xeb5b8b93) addi    s7, s7, -331
core   0: 1 0x0000000080005ede (0xeb5b8b93) x23 0xffffffd5bedbceb5
core   0: 0x0000000080005ee2 (0x017188b3) add     a7, gp, s7
core   0: 1 0x0000000080005ee2 (0x017188b3) x17 0xffffffd5c24c2d85
core   0: 0x0000000080005ee6 (0x0ae77553) fsub.d  fa0, fa4, fa4
core   0: 1 0x0000000080005ee6 (0x0ae77553) f10 0x7ff8000000000000
core   0: 0x0000000080005eea (0x02857533) remu    a0, a0, s0
core   0: 1 0x0000000080005eea (0x02857533) x10 0x0000000000000590
core   0: 0x0000000080005eee (0x411383bb) subw    t2, t2, a7
core   0: 1 0x0000000080005eee (0x411383bb) x7  0x000000003db3d27a
core   0: 0x0000000080005ef2 (0x00000001) c.nop
core   0: 1 0x0000000080005ef2 (0x0001)
core   0: 0x0000000080005ef4 (0x02ef7f53) fadd.d  ft10, ft10, fa4
core   0: 1 0x0000000080005ef4 (0x02ef7f53) f30 0x7ff8000000000000
core   0: 0x0000000080005ef8 (0x0ff0000f) fence   iorw,iorw
core   0: 1 0x0000000080005ef8 (0x0ff0000f)
core   0: 0x0000000080005efc (0xfaaac2b7) lui     t0, 0xfaaac
core   0: 1 0x0000000080005efc (0xfaaac2b7) x5  0xfffffffffaaac000
core   0: 0x0000000080005f00 (0x5f92829b) addiw   t0, t0, 1529
core   0: 1 0x0000000080005f00 (0x5f92829b) x5  0xfffffffffaaac5f9
core   0: 0x0000000080005f04 (0x000002b2) c.slli  t0, 12
core   0: 1 0x0000000080005f04 (0x02b2) x5  0xffffffaaac5f9000
core   0: 0x0000000080005f06 (0x40828293) addi    t0, t0, 1032
core   0: 1 0x0000000080005f06 (0x40828293) x5  0xffffffaaac5f9408
core   0: 0x0000000080005f0a (0x1a3571d3) fdiv.d  ft3, fa0, ft3
core   0: 1 0x0000000080005f0a (0x1a3571d3) f3  0x7ff8000000000000
core   0: 0x0000000080005f0e (0x02797bbb) remuw   s7, s2, t2
core   0: 1 0x0000000080005f0e (0x02797bbb) x23 0x0000000000000000
core   0: 0x0000000080005f12 (0x02f509b3) mul     s3, a0, a5
core   0: 1 0x0000000080005f12 (0x02f509b3) x19 0x0000000000000000
core   0: 0x0000000080005f16 (0xc0257c53) fcvt.l.s s8, fa0
core   0: 1 0x0000000080005f16 (0xc0257c53) c1_fflags 0x0000000000000018 x24 0x7fffffffffffffff
core   0: 0x0000000080005f1a (0xc03578d3) fcvt.lu.s a7, fa0
core   0: 1 0x0000000080005f1a (0xc03578d3) c1_fflags 0x0000000000000018 x17 0xffffffffffffffff
core   0: 0x0000000080005f1e (0xd2ae0d93) addi    s11, t3, -726
core   0: 1 0x0000000080005f1e (0xd2ae0d93) x27 0x00000000000034e3
core   0: 0x0000000080005f22 (0x01268d33) add     s10, a3, s2
core   0: 1 0x0000000080005f22 (0x01268d33) x26 0x0000000000000001
core   0: 0x0000000080005f26 (0x4013d31b) sraiw   t1, t2, 1
core   0: 1 0x0000000080005f26 (0x4013d31b) x6  0x000000001ed9e93d
core   0: 0x0000000080005f2a (0x43fede93) srai    t4, t4, 63
core   0: 1 0x0000000080005f2a (0x43fede93) x29 0x0000000000000000
core   0: 0x0000000080005f2e (0xff11c437) lui     s0, 0xff11c
core   0: 1 0x0000000080005f2e (0xff11c437) x8  0xffffffffff11c000
core   0: 0x0000000080005f32 (0xded4041b) addiw   s0, s0, -531
core   0: 1 0x0000000080005f32 (0xded4041b) x8  0xffffffffff11bded
core   0: 0x0000000080005f36 (0x0000043a) c.slli  s0, 14
core   0: 1 0x0000000080005f36 (0x043a) x8  0xffffffc46f7b4000
core   0: 0x0000000080005f38 (0x8f240413) addi    s0, s0, -1806
core   0: 1 0x0000000080005f38 (0x8f240413) x8  0xffffffc46f7b38f2
core   0: 0x0000000080005f3c (0x40da0e3b) subw    t3, s4, a3
core   0: 1 0x0000000080005f3c (0x40da0e3b) x28 0x0000000000000006
core   0: 0x0000000080005f40 (0x0adefed3) fsub.d  ft9, ft9, fa3
core   0: 1 0x0000000080005f40 (0x0adefed3) f29 0x7ff8000000000000
core   0: 0x0000000080005f44 (0x401ff8d3) fcvt.s.d fa7, ft11
core   0: 1 0x0000000080005f44 (0x401ff8d3) c1_fflags 0x0000000000000019 f17 0xffffffff4f711a9c
core   0: 0x0000000080005f48 (0x4011dc13) srai    s8, gp, 1
core   0: 1 0x0000000080005f48 (0x4011dc13) x24 0x0000000001b82f68
core   0: 0x0000000080005f4c (0x0319f4b3) remu    s1, s3, a7
core   0: 1 0x0000000080005f4c (0x0319f4b3) x9  0x0000000000000000
core   0: 0x0000000080005f50 (0x00cd1b3b) sllw    s6, s10, a2
core   0: 1 0x0000000080005f50 (0x00cd1b3b) x22 0x0000000000000002
core   0: 0x0000000080005f54 (0x009481b3) add     gp, s1, s1
core   0: 1 0x0000000080005f54 (0x009481b3) x3  0x0000000000000000
core   0: 0x0000000080005f58 (0x022c6433) rem     s0, s8, sp
core   0: 1 0x0000000080005f58 (0x022c6433) x8  0x0000000001b82f68
core   0: 0x0000000080005f5c (0x159c4193) xori    gp, s8, 345
core   0: 1 0x0000000080005f5c (0x159c4193) x3  0x0000000001b82e31
core   0: 0x0000000080005f60 (0x027477b3) remu    a5, s0, t2
core   0: 1 0x0000000080005f60 (0x027477b3) x15 0x0000000001b82f68
core   0: 0x0000000080005f64 (0xd2397953) fcvt.d.lu fs2, s2
core   0: 1 0x0000000080005f64 (0xd2397953) f18 0x0000000000000000
core   0: 0x0000000080005f68 (0x22a51553) fsgnjn.d fa0, fa0, fa0
core   0: 1 0x0000000080005f68 (0x22a51553) f10 0xfff8000000000000
core   0: 0x0000000080005f6c (0x003336b7) lui     a3, 0x333
core   0: 1 0x0000000080005f6c (0x003336b7) x13 0x0000000000333000
core   0: 0x0000000080005f70 (0xa036869b) addiw   a3, a3, -1533
core   0: 1 0x0000000080005f70 (0xa036869b) x13 0x0000000000332a03
core   0: 0x0000000080005f74 (0x000006b6) c.slli  a3, 13
core   0: 1 0x0000000080005f74 (0x06b6) x13 0x0000000665406000
core   0: 0x0000000080005f76 (0x95068693) addi    a3, a3, -1712
core   0: 1 0x0000000080005f76 (0x95068693) x13 0x0000000665405950
core   0: 0x0000000080005f7a (0x00077413) andi    s0, a4, 0
core   0: 1 0x0000000080005f7a (0x00077413) x8  0x0000000000000000
core   0: 0x0000000080005f7e (0x00716833) or      a6, sp, t2
core   0: 1 0x0000000080005f7e (0x00716833) x16 0x7ff7fffffffffffb
core   0: 0x0000000080005f82 (0x00139df3) csrrw   s11, fflags, t2
core   0: 1 0x0000000080005f82 (0x00139df3) x27 0x0000000000000019 c1_fflags 0x000000000000001a
core   0: 0x0000000080005f86 (0x0008d01b) srliw   zero, a7, 0
core   0: 1 0x0000000080005f86 (0x0008d01b)
core   0: 0x0000000080005f8a (0x41815133) sra     sp, sp, s8
core   0: 1 0x0000000080005f8a (0x41815133) x2  0x00000000007ff7ff
core   0: 0x0000000080005f8e (0xfff48713) addi    a4, s1, -1
core   0: 1 0x0000000080005f8e (0xfff48713) x14 0xffffffffffffffff
core   0: 0x0000000080005f92 (0xd3957143) fmadd.d ft2, fa0, fs9, fs10
core   0: 1 0x0000000080005f92 (0xd3957143) f2  0x7ff8000000000000
core   0: 0x0000000080005f96 (0x4005521b) sraiw   tp, a0, 0
core   0: 1 0x0000000080005f96 (0x4005521b) x4  0x0000000000000590
core   0: 0x0000000080005f9a (0x00008ebd) c.xor   a3, a5
core   0: 1 0x0000000080005f9a (0x8ebd) x13 0x0000000664f87638
core   0: 0x0000000080005f9c (0x836bb9b7) lui     s3, 0x836bb
core   0: 1 0x0000000080005f9c (0x836bb9b7) x19 0xffffffff836bb000
core   0: 0x0000000080005fa0 (0x40d9dab3) sra     s5, s3, a3
core   0: 1 0x0000000080005fa0 (0x40d9dab3) x21 0xffffffffffffffff
core   0: 0x0000000080005fa4 (0xc22576d3) fcvt.l.d a3, fa0
core   0: 1 0x0000000080005fa4 (0xc22576d3) c1_fflags 0x000000000000001a x13 0x7fffffffffffffff
core   0: 0x0000000080005fa8 (0x4000803b) subw    zero, ra, zero
core   0: 1 0x0000000080005fa8 (0x4000803b)
core   0: 0x0000000080005fac (0x008b2333) slt     t1, s6, s0
core   0: 1 0x0000000080005fac (0x008b2333) x6  0x0000000000000000
core   0: 0x0000000080005fb0 (0x01612cb3) slt     s9, sp, s6
core   0: 1 0x0000000080005fb0 (0x01612cb3) x25 0x0000000000000000
core   0: 0x0000000080005fb4 (0x4003d393) srai    t2, t2, 0
core   0: 1 0x0000000080005fb4 (0x4003d393) x7  0x000000003db3d27a
core   0: 0x0000000080005fb8 (0x40ce5513) srai    a0, t3, 12
core   0: 1 0x0000000080005fb8 (0x40ce5513) x10 0x0000000000000000
core   0: 0x0000000080005fbc (0x00000001) c.nop
core   0: 1 0x0000000080005fbc (0x0001)
core   0: 0x0000000080005fbe (0x412987bb) subw    a5, s3, s2
core   0: 1 0x0000000080005fbe (0x412987bb) x15 0xffffffff836bb000
core   0: 0x0000000080005fc2 (0x00202873) csrrs   a6, frm, zero
core   0: 1 0x0000000080005fc2 (0x00202873) x16 0x0000000000000000
core   0: 0x0000000080005fc6 (0xd20782d3) fcvt.d.w ft5, a5
core   0: 1 0x0000000080005fc6 (0xd20782d3) f5  0xc1df251400000000
core   0: 0x0000000080005fca (0x0173e3b3) or      t2, t2, s7
core   0: 1 0x0000000080005fca (0x0173e3b3) x7  0x000000003db3d27a
core   0: 0x0000000080005fce (0x333b7643) fmadd.d fa2, fs6, fs3, ft6
core   0: 1 0x0000000080005fce (0x333b7643) f12 0x7ff8000000000000
core   0: 0x0000000080005fd2 (0x31b8041b) addiw   s0, a6, 795
core   0: 1 0x0000000080005fd2 (0x31b8041b) x8  0x000000000000031b
core   0: 0x0000000080005fd6 (0x000890bb) sllw    ra, a7, zero
core   0: 1 0x0000000080005fd6 (0x000890bb) x1  0xffffffffffffffff
core   0: 0x0000000080005fda (0x00000001) c.nop
core   0: 1 0x0000000080005fda (0x0001)
core   0: 0x0000000080005fdc (0x008d7e33) and     t3, s10, s0
core   0: 1 0x0000000080005fdc (0x008d7e33) x28 0x0000000000000001
core   0: 0x0000000080005fe0 (0x00000001) c.nop
core   0: 1 0x0000000080005fe0 (0x0001)
core   0: 0x0000000080005fe2 (0x15f67393) andi    t2, a2, 351
core   0: 1 0x0000000080005fe2 (0x15f67393) x7  0x0000000000000001
core   0: 0x0000000080005fe6 (0x00000001) c.nop
core   0: 1 0x0000000080005fe6 (0x0001)
core   0: 0x0000000080005fe8 (0x037380b3) mul     ra, t2, s7
core   0: 1 0x0000000080005fe8 (0x037380b3) x1  0x0000000000000000
core   0: 0x0000000080005fec (0x0ff0000f) fence   iorw,iorw
core   0: 1 0x0000000080005fec (0x0ff0000f)
core   0: 0x0000000080005ff0 (0xe4747d17) auipc   s10, 0xe4747
core   0: 1 0x0000000080005ff0 (0xe4747d17) x26 0x000000006474cff0
core   0: 0x0000000080005ff4 (0xdb617113) andi    sp, sp, -586
core   0: 1 0x0000000080005ff4 (0xdb617113) x2  0x00000000007ff5b6
core   0: 0x0000000080005ff8 (0x03508a3b) mulw    s4, ra, s5
core   0: 1 0x0000000080005ff8 (0x03508a3b) x20 0x0000000000000000
core   0: 0x0000000080005ffc (0x4157d7b3) sra     a5, a5, s5
core   0: 1 0x0000000080005ffc (0x4157d7b3) x15 0xffffffffffffffff
core   0: 0x0000000080006000 (0x0ff0000f) fence   iorw,iorw
core   0: 1 0x0000000080006000 (0x0ff0000f)
core   0: 0x0000000080006004 (0x02b2ecbb) remw    s9, t0, a1
core   0: 1 0x0000000080006004 (0x02b2ecbb) x25 0xffffffffe6e18ecf
core   0: 0x0000000080006008 (0x43625593) srai    a1, tp, 54
core   0: 1 0x0000000080006008 (0x43625593) x11 0x0000000000000000
core   0: 0x000000008000600c (0xc23b76d3) fcvt.lu.d a3, fs6
core   0: 1 0x000000008000600c (0xc23b76d3) c1_fflags 0x000000000000001a x13 0xffffffffffffffff
core   0: >>>>  write_tohost
core   0: 0x0000000080006010 (0x9d4fa0ef) jal     pc - 0x5e2c
core   0: 1 0x0000000080006010 (0x9d4fa0ef) x1  0x0000000080006014
core   0: >>>>  _exit
core   0: 0x00000000800001e4 (0x00004505) c.li    a0, 1
core   0: 1 0x00000000800001e4 (0x4505) x10 0x0000000000000001
core   0: 0x00000000800001e6 (0x00001f17) auipc   t5, 0x1
core   0: 1 0x00000000800001e6 (0x00001f17) x30 0x00000000800011e6
core   0: 0x00000000800001ea (0xe0af2d23) sw      a0, -486(t5)
core   0: 1 0x00000000800001ea (0xe0af2d23) mem 0x0000000080001000 0x00000001
cp /home/server/RISCV/cva6/verif/sim/out/seed_1106/spike_sim/new_seeds_1106_.cv64a6_imafdc_sv39.log.iss /home/server/RISCV/cva6/verif/sim/out/seed_1106/spike_sim/new_seeds_1106_.cv64a6_imafdc_sv39.log
