Makefile:14: must set CVA6_REPO_DIR to point at the root of CVA6 sources and CVA6_TB_DIR to point here -- doing it for you...
LD_LIBRARY_PATH="$(realpath ../../tools/spike/lib):$LD_LIBRARY_PATH" \
	/home/server/RISCV/cva6/tools/spike/bin/spike --steps=2000000  --log-commits --isa=rv64gc_zba_zbb_zbs_zbc_zicsr_zifencei --priv=msu -l /home/server/RISCV/cva6/verif/sim/out/seed_797/directed_asm_tests/new_seeds_797_.o
[SPIKE] Max simulation steps: 2000000
[SPIKE] Proc 0 | ISA: rv64gc_zba_zbb_zbs_zbc_zicsr_zifencei PRIV: msu
[SPIKE] Initializing memories...
core   0: 0x0000000000010000 (0x00100413) li      s0, 1
core   0: 3 0x0000000000010000 (0x00100413) x8  0x0000000000000001
core   0: 0x0000000000010004 (0x01f41413) slli    s0, s0, 31
core   0: 3 0x0000000000010004 (0x01f41413) x8  0x0000000080000000
core   0: 0x0000000000010008 (0xf1402573) csrrs   a0, mhartid, zero
core   0: 3 0x0000000000010008 (0xf1402573) x10 0x0000000000000000
core   0: 0x000000000001000c (0x00000597) auipc   a1, 0x0
core   0: 3 0x000000000001000c (0x00000597) x11 0x000000000001000c
core   0: 0x0000000000010010 (0x07458593) addi    a1, a1, 116
core   0: 3 0x0000000000010010 (0x07458593) x11 0x0000000000010080
core   0: 0x0000000000010014 (0x00040067) jr      s0
core   0: 3 0x0000000000010014 (0x00040067)
core   0: >>>>  _start
core   0: 0x0000000080000000 (0x00004081) c.li    ra, 0
core   0: 3 0x0000000080000000 (0x4081) x1  0x0000000000000000
core   0: 0x0000000080000002 (0x00004101) c.li    sp, 0
core   0: 3 0x0000000080000002 (0x4101) x2  0x0000000000000000
core   0: 0x0000000080000004 (0x00004181) c.li    gp, 0
core   0: 3 0x0000000080000004 (0x4181) x3  0x0000000000000000
core   0: 0x0000000080000006 (0x00004201) c.li    tp, 0
core   0: 3 0x0000000080000006 (0x4201) x4  0x0000000000000000
core   0: 0x0000000080000008 (0x00004281) c.li    t0, 0
core   0: 3 0x0000000080000008 (0x4281) x5  0x0000000000000000
core   0: 0x000000008000000a (0x00004301) c.li    t1, 0
core   0: 3 0x000000008000000a (0x4301) x6  0x0000000000000000
core   0: 0x000000008000000c (0x00004381) c.li    t2, 0
core   0: 3 0x000000008000000c (0x4381) x7  0x0000000000000000
core   0: 0x000000008000000e (0x00004401) c.li    s0, 0
core   0: 3 0x000000008000000e (0x4401) x8  0x0000000000000000
core   0: 0x0000000080000010 (0x00004481) c.li    s1, 0
core   0: 3 0x0000000080000010 (0x4481) x9  0x0000000000000000
core   0: 0x0000000080000012 (0x00004501) c.li    a0, 0
core   0: 3 0x0000000080000012 (0x4501) x10 0x0000000000000000
core   0: 0x0000000080000014 (0x00004581) c.li    a1, 0
core   0: 3 0x0000000080000014 (0x4581) x11 0x0000000000000000
core   0: 0x0000000080000016 (0x00004601) c.li    a2, 0
core   0: 3 0x0000000080000016 (0x4601) x12 0x0000000000000000
core   0: 0x0000000080000018 (0x00004681) c.li    a3, 0
core   0: 3 0x0000000080000018 (0x4681) x13 0x0000000000000000
core   0: 0x000000008000001a (0x00004701) c.li    a4, 0
core   0: 3 0x000000008000001a (0x4701) x14 0x0000000000000000
core   0: 0x000000008000001c (0x00004781) c.li    a5, 0
core   0: 3 0x000000008000001c (0x4781) x15 0x0000000000000000
core   0: 0x000000008000001e (0x00004801) c.li    a6, 0
core   0: 3 0x000000008000001e (0x4801) x16 0x0000000000000000
core   0: 0x0000000080000020 (0x00004881) c.li    a7, 0
core   0: 3 0x0000000080000020 (0x4881) x17 0x0000000000000000
core   0: 0x0000000080000022 (0x00004901) c.li    s2, 0
core   0: 3 0x0000000080000022 (0x4901) x18 0x0000000000000000
core   0: 0x0000000080000024 (0x00004981) c.li    s3, 0
core   0: 3 0x0000000080000024 (0x4981) x19 0x0000000000000000
core   0: 0x0000000080000026 (0x00004a01) c.li    s4, 0
core   0: 3 0x0000000080000026 (0x4a01) x20 0x0000000000000000
core   0: 0x0000000080000028 (0x00004a81) c.li    s5, 0
core   0: 3 0x0000000080000028 (0x4a81) x21 0x0000000000000000
core   0: 0x000000008000002a (0x00004b01) c.li    s6, 0
core   0: 3 0x000000008000002a (0x4b01) x22 0x0000000000000000
core   0: 0x000000008000002c (0x00004b81) c.li    s7, 0
core   0: 3 0x000000008000002c (0x4b81) x23 0x0000000000000000
core   0: 0x000000008000002e (0x00004c01) c.li    s8, 0
core   0: 3 0x000000008000002e (0x4c01) x24 0x0000000000000000
core   0: 0x0000000080000030 (0x00004c81) c.li    s9, 0
core   0: 3 0x0000000080000030 (0x4c81) x25 0x0000000000000000
core   0: 0x0000000080000032 (0x00004d01) c.li    s10, 0
core   0: 3 0x0000000080000032 (0x4d01) x26 0x0000000000000000
core   0: 0x0000000080000034 (0x00004d81) c.li    s11, 0
core   0: 3 0x0000000080000034 (0x4d81) x27 0x0000000000000000
core   0: 0x0000000080000036 (0x00004e01) c.li    t3, 0
core   0: 3 0x0000000080000036 (0x4e01) x28 0x0000000000000000
core   0: 0x0000000080000038 (0x00004e81) c.li    t4, 0
core   0: 3 0x0000000080000038 (0x4e81) x29 0x0000000000000000
core   0: 0x000000008000003a (0x00004f01) c.li    t5, 0
core   0: 3 0x000000008000003a (0x4f01) x30 0x0000000000000000
core   0: 0x000000008000003c (0x00004f81) c.li    t6, 0
core   0: 3 0x000000008000003c (0x4f81) x31 0x0000000000000000
core   0: 0x000000008000003e (0x000062f9) c.lui   t0, 0x1e
core   0: 3 0x000000008000003e (0x62f9) x5  0x000000000001e000
core   0: 0x0000000080000040 (0x3002a073) csrrs   zero, mstatus, t0
core   0: 3 0x0000000080000040 (0x3002a073) c768_mstatus 0x8000000a00006000
core   0: 0x0000000080000044 (0x00004285) c.li    t0, 1
core   0: 3 0x0000000080000044 (0x4285) x5  0x0000000000000001
core   0: 0x0000000080000046 (0x000002fe) c.slli  t0, 31
core   0: 3 0x0000000080000046 (0x02fe) x5  0x0000000080000000
core   0: 0x0000000080000048 (0x0002d863) bge     t0, zero, pc + 16
core   0: 3 0x0000000080000048 (0x0002d863)
core   0: 0x0000000080000058 (0x00000297) auipc   t0, 0x0
core   0: 3 0x0000000080000058 (0x00000297) x5  0x0000000080000058
core   0: 0x000000008000005c (0x09028293) addi    t0, t0, 144
core   0: 3 0x000000008000005c (0x09028293) x5  0x00000000800000e8
core   0: 0x0000000080000060 (0x30529073) csrrw   zero, mtvec, t0
core   0: 3 0x0000000080000060 (0x30529073) c773_mtvec 0x00000000800000e8
core   0: 0x0000000080000064 (0x00301073) csrrw   zero, fcsr, zero
core   0: 3 0x0000000080000064 (0x00301073) c1_fflags 0x0000000000000000 c2_frm 0x0000000000000000
core   0: 0x0000000080000068 (0xf0000053) fmv.w.x ft0, zero
core   0: 3 0x0000000080000068 (0xf0000053) f0  0xffffffff00000000
core   0: 0x000000008000006c (0xf00000d3) fmv.w.x ft1, zero
core   0: 3 0x000000008000006c (0xf00000d3) f1  0xffffffff00000000
core   0: 0x0000000080000070 (0xf0000153) fmv.w.x ft2, zero
core   0: 3 0x0000000080000070 (0xf0000153) f2  0xffffffff00000000
core   0: 0x0000000080000074 (0xf00001d3) fmv.w.x ft3, zero
core   0: 3 0x0000000080000074 (0xf00001d3) f3  0xffffffff00000000
core   0: 0x0000000080000078 (0xf0000253) fmv.w.x ft4, zero
core   0: 3 0x0000000080000078 (0xf0000253) f4  0xffffffff00000000
core   0: 0x000000008000007c (0xf00002d3) fmv.w.x ft5, zero
core   0: 3 0x000000008000007c (0xf00002d3) f5  0xffffffff00000000
core   0: 0x0000000080000080 (0xf0000353) fmv.w.x ft6, zero
core   0: 3 0x0000000080000080 (0xf0000353) f6  0xffffffff00000000
core   0: 0x0000000080000084 (0xf00003d3) fmv.w.x ft7, zero
core   0: 3 0x0000000080000084 (0xf00003d3) f7  0xffffffff00000000
core   0: 0x0000000080000088 (0xf0000453) fmv.w.x fs0, zero
core   0: 3 0x0000000080000088 (0xf0000453) f8  0xffffffff00000000
core   0: 0x000000008000008c (0xf00004d3) fmv.w.x fs1, zero
core   0: 3 0x000000008000008c (0xf00004d3) f9  0xffffffff00000000
core   0: 0x0000000080000090 (0xf0000553) fmv.w.x fa0, zero
core   0: 3 0x0000000080000090 (0xf0000553) f10 0xffffffff00000000
core   0: 0x0000000080000094 (0xf00005d3) fmv.w.x fa1, zero
core   0: 3 0x0000000080000094 (0xf00005d3) f11 0xffffffff00000000
core   0: 0x0000000080000098 (0xf0000653) fmv.w.x fa2, zero
core   0: 3 0x0000000080000098 (0xf0000653) f12 0xffffffff00000000
core   0: 0x000000008000009c (0xf00006d3) fmv.w.x fa3, zero
core   0: 3 0x000000008000009c (0xf00006d3) f13 0xffffffff00000000
core   0: 0x00000000800000a0 (0xf0000753) fmv.w.x fa4, zero
core   0: 3 0x00000000800000a0 (0xf0000753) f14 0xffffffff00000000
core   0: 0x00000000800000a4 (0xf00007d3) fmv.w.x fa5, zero
core   0: 3 0x00000000800000a4 (0xf00007d3) f15 0xffffffff00000000
core   0: 0x00000000800000a8 (0xf0000853) fmv.w.x fa6, zero
core   0: 3 0x00000000800000a8 (0xf0000853) f16 0xffffffff00000000
core   0: 0x00000000800000ac (0xf00008d3) fmv.w.x fa7, zero
core   0: 3 0x00000000800000ac (0xf00008d3) f17 0xffffffff00000000
core   0: 0x00000000800000b0 (0xf0000953) fmv.w.x fs2, zero
core   0: 3 0x00000000800000b0 (0xf0000953) f18 0xffffffff00000000
core   0: 0x00000000800000b4 (0xf00009d3) fmv.w.x fs3, zero
core   0: 3 0x00000000800000b4 (0xf00009d3) f19 0xffffffff00000000
core   0: 0x00000000800000b8 (0xf0000a53) fmv.w.x fs4, zero
core   0: 3 0x00000000800000b8 (0xf0000a53) f20 0xffffffff00000000
core   0: 0x00000000800000bc (0xf0000ad3) fmv.w.x fs5, zero
core   0: 3 0x00000000800000bc (0xf0000ad3) f21 0xffffffff00000000
core   0: 0x00000000800000c0 (0xf0000b53) fmv.w.x fs6, zero
core   0: 3 0x00000000800000c0 (0xf0000b53) f22 0xffffffff00000000
core   0: 0x00000000800000c4 (0xf0000bd3) fmv.w.x fs7, zero
core   0: 3 0x00000000800000c4 (0xf0000bd3) f23 0xffffffff00000000
core   0: 0x00000000800000c8 (0xf0000c53) fmv.w.x fs8, zero
core   0: 3 0x00000000800000c8 (0xf0000c53) f24 0xffffffff00000000
core   0: 0x00000000800000cc (0xf0000cd3) fmv.w.x fs9, zero
core   0: 3 0x00000000800000cc (0xf0000cd3) f25 0xffffffff00000000
core   0: 0x00000000800000d0 (0xf0000d53) fmv.w.x fs10, zero
core   0: 3 0x00000000800000d0 (0xf0000d53) f26 0xffffffff00000000
core   0: 0x00000000800000d4 (0xf0000dd3) fmv.w.x fs11, zero
core   0: 3 0x00000000800000d4 (0xf0000dd3) f27 0xffffffff00000000
core   0: 0x00000000800000d8 (0xf0000e53) fmv.w.x ft8, zero
core   0: 3 0x00000000800000d8 (0xf0000e53) f28 0xffffffff00000000
core   0: 0x00000000800000dc (0xf0000ed3) fmv.w.x ft9, zero
core   0: 3 0x00000000800000dc (0xf0000ed3) f29 0xffffffff00000000
core   0: 0x00000000800000e0 (0xf0000f53) fmv.w.x ft10, zero
core   0: 3 0x00000000800000e0 (0xf0000f53) f30 0xffffffff00000000
core   0: 0x00000000800000e4 (0xf0000fd3) fmv.w.x ft11, zero
core   0: 3 0x00000000800000e4 (0xf0000fd3) f31 0xffffffff00000000
core   0: 0x00000000800000e8 (0x00000297) auipc   t0, 0x0
core   0: 3 0x00000000800000e8 (0x00000297) x5  0x00000000800000e8
core   0: 0x00000000800000ec (0x03c28293) addi    t0, t0, 60
core   0: 3 0x00000000800000ec (0x03c28293) x5  0x0000000080000124
core   0: 0x00000000800000f0 (0x30529073) csrrw   zero, mtvec, t0
core   0: 3 0x00000000800000f0 (0x30529073) c773_mtvec 0x0000000080000124
core   0: 0x00000000800000f4 (0x00012197) auipc   gp, 0x12
core   0: 3 0x00000000800000f4 (0x00012197) x3  0x00000000800120f4
core   0: 0x00000000800000f8 (0x73418193) addi    gp, gp, 1844
core   0: 3 0x00000000800000f8 (0x73418193) x3  0x0000000080012828
core   0: 0x00000000800000fc (0x00012217) auipc   tp, 0x12
core   0: 3 0x00000000800000fc (0x00012217) x4  0x00000000800120fc
core   0: 0x0000000080000100 (0xf8320213) addi    tp, tp, -125
core   0: 3 0x0000000080000100 (0xf8320213) x4  0x000000008001207f
core   0: 0x0000000080000104 (0xfc027213) andi    tp, tp, -64
core   0: 3 0x0000000080000104 (0xfc027213) x4  0x0000000080012040
core   0: 0x0000000080000108 (0xf1402573) csrrs   a0, mhartid, zero
core   0: 3 0x0000000080000108 (0xf1402573) x10 0x0000000000000000
core   0: 0x000000008000010c (0x00004585) c.li    a1, 1
core   0: 3 0x000000008000010c (0x4585) x11 0x0000000000000001
core   0: 0x000000008000010e (0x00b57063) bgeu    a0, a1, pc + 0
core   0: 3 0x000000008000010e (0x00b57063)
core   0: 0x0000000080000112 (0x00150113) addi    sp, a0, 1
core   0: 3 0x0000000080000112 (0x00150113) x2  0x0000000000000001
core   0: 0x0000000080000116 (0x00000146) c.slli  sp, 17
core   0: 3 0x0000000080000116 (0x0146) x2  0x0000000000020000
core   0: 0x0000000080000118 (0x00009112) c.add   sp, tp
core   0: 3 0x0000000080000118 (0x9112) x2  0x0000000080032040
core   0: 0x000000008000011a (0x01151613) slli    a2, a0, 17
core   0: 3 0x000000008000011a (0x01151613) x12 0x0000000000000000
core   0: 0x000000008000011e (0x00009232) c.add   tp, a2
core   0: 3 0x000000008000011e (0x9232) x4  0x0000000080012040
core   0: 0x0000000080000120 (0x38a0f06f) j       pc + 0xf38a
core   0: 3 0x0000000080000120 (0x38a0f06f)
core   0: >>>>  _init
core   0: 0x000000008000f4aa (0x00007171) c.addi16sp sp, -176
core   0: 3 0x000000008000f4aa (0x7171) x2  0x0000000080031f90
core   0: 0x000000008000f4ac (0x0000f506) c.sdsp  ra, 168(sp)
core   0: 3 0x000000008000f4ac (0xf506) mem 0x0000000080032038 0x0000000000000000
core   0: 0x000000008000f4ae (0x0000f122) c.sdsp  s0, 160(sp)
core   0: 3 0x000000008000f4ae (0xf122) mem 0x0000000080032030 0x0000000000000000
core   0: 0x000000008000f4b0 (0x0000ed26) c.sdsp  s1, 152(sp)
core   0: 3 0x000000008000f4b0 (0xed26) mem 0x0000000080032028 0x0000000000000000
core   0: 0x000000008000f4b2 (0x00001900) c.addi4spn s0, sp, 176
core   0: 3 0x000000008000f4b2 (0x1900) x8  0x0000000080032040
core   0: 0x000000008000f4b4 (0x000087aa) c.mv    a5, a0
core   0: 3 0x000000008000f4b4 (0x87aa) x15 0x0000000000000000
core   0: 0x000000008000f4b6 (0x0000872e) c.mv    a4, a1
core   0: 3 0x000000008000f4b6 (0x872e) x14 0x0000000000000001
core   0: 0x000000008000f4b8 (0xf4f42e23) sw      a5, -164(s0)
core   0: 3 0x000000008000f4b8 (0xf4f42e23) mem 0x0000000080031f9c 0x00000000
core   0: 0x000000008000f4bc (0x000087ba) c.mv    a5, a4
core   0: 3 0x000000008000f4bc (0x87ba) x15 0x0000000000000001
core   0: 0x000000008000f4be (0xf4f42c23) sw      a5, -168(s0)
core   0: 3 0x000000008000f4be (0xf4f42c23) mem 0x0000000080031f98 0x00000001
core   0: 0x000000008000f4c2 (0xfe040793) addi    a5, s0, -32
core   0: 3 0x000000008000f4c2 (0xfe040793) x15 0x0000000080032020
core   0: 0x000000008000f4c6 (0xf4f43823) sd      a5, -176(s0)
core   0: 3 0x000000008000f4c6 (0xf4f43823) mem 0x0000000080031f90 0x0000000080032020
core   0: 0x000000008000f4ca (0xf5043783) ld      a5, -176(s0)
core   0: 3 0x000000008000f4ca (0xf5043783) x15 0x0000000080032020 mem 0x0000000080031f90
core   0: 0x000000008000f4ce (0xf8078793) addi    a5, a5, -128
core   0: 3 0x000000008000f4ce (0xf8078793) x15 0x0000000080031fa0
core   0: 0x000000008000f4d2 (0x03f78793) addi    a5, a5, 63
core   0: 3 0x000000008000f4d2 (0x03f78793) x15 0x0000000080031fdf
core   0: 0x000000008000f4d6 (0x00008399) c.srli  a5, 6
core   0: 3 0x000000008000f4d6 (0x8399) x15 0x0000000002000c7f
core   0: 0x000000008000f4d8 (0x00679493) slli    s1, a5, 6
core   0: 3 0x000000008000f4d8 (0x00679493) x9  0x0000000080031fc0
core   0: 0x000000008000f4dc (0xf65ff0ef) jal     pc - 0x9c
core   0: 3 0x000000008000f4dc (0xf65ff0ef) x1  0x000000008000f4e0
core   0: >>>>  init_tls
core   0: 0x000000008000f440 (0x00001101) c.addi  sp, -32
core   0: 3 0x000000008000f440 (0x1101) x2  0x0000000080031f70
core   0: 0x000000008000f442 (0x0000ec06) c.sdsp  ra, 24(sp)
core   0: 3 0x000000008000f442 (0xec06) mem 0x0000000080031f88 0x000000008000f4e0
core   0: 0x000000008000f444 (0x0000e822) c.sdsp  s0, 16(sp)
core   0: 3 0x000000008000f444 (0xe822) mem 0x0000000080031f80 0x0000000080032040
core   0: 0x000000008000f446 (0x00001000) c.addi4spn s0, sp, 32
core   0: 3 0x000000008000f446 (0x1000) x8  0x0000000080031f90
core   0: 0x000000008000f448 (0x00003717) auipc   a4, 0x3
core   0: 3 0x000000008000f448 (0x00003717) x14 0x0000000080012448
core   0: 0x000000008000f44c (0xbe070713) addi    a4, a4, -1056
core   0: 3 0x000000008000f44c (0xbe070713) x14 0x0000000080012028
core   0: 0x000000008000f450 (0x00003797) auipc   a5, 0x3
core   0: 3 0x000000008000f450 (0x00003797) x15 0x0000000080012450
core   0: 0x000000008000f454 (0xbd878793) addi    a5, a5, -1064
core   0: 3 0x000000008000f454 (0xbd878793) x15 0x0000000080012028
core   0: 0x000000008000f458 (0x40f707b3) sub     a5, a4, a5
core   0: 3 0x000000008000f458 (0x40f707b3) x15 0x0000000000000000
core   0: 0x000000008000f45c (0xfef43423) sd      a5, -24(s0)
core   0: 3 0x000000008000f45c (0xfef43423) mem 0x0000000080031f78 0x0000000000000000
core   0: 0x000000008000f460 (0x00008792) c.mv    a5, tp
core   0: 3 0x000000008000f460 (0x8792) x15 0x0000000080012040
core   0: 0x000000008000f462 (0xfe843603) ld      a2, -24(s0)
core   0: 3 0x000000008000f462 (0xfe843603) x12 0x0000000000000000 mem 0x0000000080031f78
core   0: 0x000000008000f466 (0x00003597) auipc   a1, 0x3
core   0: 3 0x000000008000f466 (0x00003597) x11 0x0000000080012466
core   0: 0x000000008000f46a (0xbc258593) addi    a1, a1, -1086
core   0: 3 0x000000008000f46a (0xbc258593) x11 0x0000000080012028
core   0: 0x000000008000f46e (0x0000853e) c.mv    a0, a5
core   0: 3 0x000000008000f46e (0x853e) x10 0x0000000080012040
core   0: 0x000000008000f470 (0x0f9000ef) jal     pc + 0x8f8
core   0: 3 0x000000008000f470 (0x0f9000ef) x1  0x000000008000f474
core   0: >>>>  memcpy
core   0: 0x000000008000fd68 (0x0000715d) c.addi16sp sp, -80
core   0: 3 0x000000008000fd68 (0x715d) x2  0x0000000080031f20
core   0: 0x000000008000fd6a (0x0000e4a2) c.sdsp  s0, 72(sp)
core   0: 3 0x000000008000fd6a (0xe4a2) mem 0x0000000080031f68 0x0000000080031f90
core   0: 0x000000008000fd6c (0x00000880) c.addi4spn s0, sp, 80
core   0: 3 0x000000008000fd6c (0x0880) x8  0x0000000080031f70
core   0: 0x000000008000fd6e (0xfca43423) sd      a0, -56(s0)
core   0: 3 0x000000008000fd6e (0xfca43423) mem 0x0000000080031f38 0x0000000080012040
core   0: 0x000000008000fd72 (0xfcb43023) sd      a1, -64(s0)
core   0: 3 0x000000008000fd72 (0xfcb43023) mem 0x0000000080031f30 0x0000000080012028
core   0: 0x000000008000fd76 (0xfac43c23) sd      a2, -72(s0)
core   0: 3 0x000000008000fd76 (0xfac43c23) mem 0x0000000080031f28 0x0000000000000000
core   0: 0x000000008000fd7a (0xfc843703) ld      a4, -56(s0)
core   0: 3 0x000000008000fd7a (0xfc843703) x14 0x0000000080012040 mem 0x0000000080031f38
core   0: 0x000000008000fd7e (0xfc043783) ld      a5, -64(s0)
core   0: 3 0x000000008000fd7e (0xfc043783) x15 0x0000000080012028 mem 0x0000000080031f30
core   0: 0x000000008000fd82 (0x00008f5d) c.or    a4, a5
core   0: 3 0x000000008000fd82 (0x8f5d) x14 0x0000000080012068
core   0: 0x000000008000fd84 (0xfb843783) ld      a5, -72(s0)
core   0: 3 0x000000008000fd84 (0xfb843783) x15 0x0000000000000000 mem 0x0000000080031f28
core   0: 0x000000008000fd88 (0x00008fd9) c.or    a5, a4
core   0: 3 0x000000008000fd88 (0x8fd9) x15 0x0000000080012068
core   0: 0x000000008000fd8a (0x00008b9d) c.andi  a5, 7
core   0: 3 0x000000008000fd8a (0x8b9d) x15 0x0000000000000000
core   0: 0x000000008000fd8c (0x0000e3b1) c.bnez  a5, pc + 68
core   0: 3 0x000000008000fd8c (0xe3b1)
core   0: 0x000000008000fd8e (0xfc043783) ld      a5, -64(s0)
core   0: 3 0x000000008000fd8e (0xfc043783) x15 0x0000000080012028 mem 0x0000000080031f30
core   0: 0x000000008000fd92 (0xfef43423) sd      a5, -24(s0)
core   0: 3 0x000000008000fd92 (0xfef43423) mem 0x0000000080031f58 0x0000000080012028
core   0: 0x000000008000fd96 (0xfc843783) ld      a5, -56(s0)
core   0: 3 0x000000008000fd96 (0xfc843783) x15 0x0000000080012040 mem 0x0000000080031f38
core   0: 0x000000008000fd9a (0xfef43023) sd      a5, -32(s0)
core   0: 3 0x000000008000fd9a (0xfef43023) mem 0x0000000080031f50 0x0000000080012040
core   0: 0x000000008000fd9e (0x0000a839) c.j     pc + 30
core   0: 3 0x000000008000fd9e (0xa839)
core   0: 0x000000008000fdbc (0xfc843703) ld      a4, -56(s0)
core   0: 3 0x000000008000fdbc (0xfc843703) x14 0x0000000080012040 mem 0x0000000080031f38
core   0: 0x000000008000fdc0 (0xfb843783) ld      a5, -72(s0)
core   0: 3 0x000000008000fdc0 (0xfb843783) x15 0x0000000000000000 mem 0x0000000080031f28
core   0: 0x000000008000fdc4 (0x000097ba) c.add   a5, a4
core   0: 3 0x000000008000fdc4 (0x97ba) x15 0x0000000080012040
core   0: 0x000000008000fdc6 (0xfe043703) ld      a4, -32(s0)
core   0: 3 0x000000008000fdc6 (0xfe043703) x14 0x0000000080012040 mem 0x0000000080031f50
core   0: 0x000000008000fdca (0xfcf76be3) bltu    a4, a5, pc - 42
core   0: 3 0x000000008000fdca (0xfcf76be3)
core   0: 0x000000008000fdce (0x0000a099) c.j     pc + 70
core   0: 3 0x000000008000fdce (0xa099)
core   0: 0x000000008000fe14 (0xfc843783) ld      a5, -56(s0)
core   0: 3 0x000000008000fe14 (0xfc843783) x15 0x0000000080012040 mem 0x0000000080031f38
core   0: 0x000000008000fe18 (0x0000853e) c.mv    a0, a5
core   0: 3 0x000000008000fe18 (0x853e) x10 0x0000000080012040
core   0: 0x000000008000fe1a (0x00006426) c.ldsp  s0, 72(sp)
core   0: 3 0x000000008000fe1a (0x6426) x8  0x0000000080031f90 mem 0x0000000080031f68
core   0: 0x000000008000fe1c (0x00006161) c.addi16sp sp, 80
core   0: 3 0x000000008000fe1c (0x6161) x2  0x0000000080031f70
core   0: 0x000000008000fe1e (0x00008082) ret
core   0: 3 0x000000008000fe1e (0x8082)
core   0: 0x000000008000f474 (0x00003717) auipc   a4, 0x3
core   0: 3 0x000000008000f474 (0x00003717) x14 0x0000000080012474
core   0: 0x000000008000f478 (0xc5070713) addi    a4, a4, -944
core   0: 3 0x000000008000f478 (0xc5070713) x14 0x00000000800120c4
core   0: 0x000000008000f47c (0x00003797) auipc   a5, 0x3
core   0: 3 0x000000008000f47c (0x00003797) x15 0x000000008001247c
core   0: 0x000000008000f480 (0xbac78793) addi    a5, a5, -1108
core   0: 3 0x000000008000f480 (0xbac78793) x15 0x0000000080012028
core   0: 0x000000008000f484 (0x40f707b3) sub     a5, a4, a5
core   0: 3 0x000000008000f484 (0x40f707b3) x15 0x000000000000009c
core   0: 0x000000008000f488 (0xfef43023) sd      a5, -32(s0)
core   0: 3 0x000000008000f488 (0xfef43023) mem 0x0000000080031f70 0x000000000000009c
core   0: 0x000000008000f48c (0x00008712) c.mv    a4, tp
core   0: 3 0x000000008000f48c (0x8712) x14 0x0000000080012040
core   0: 0x000000008000f48e (0xfe843783) ld      a5, -24(s0)
core   0: 3 0x000000008000f48e (0xfe843783) x15 0x0000000000000000 mem 0x0000000080031f78
core   0: 0x000000008000f492 (0x000097ba) c.add   a5, a4
core   0: 3 0x000000008000f492 (0x97ba) x15 0x0000000080012040
core   0: 0x000000008000f494 (0xfe043603) ld      a2, -32(s0)
core   0: 3 0x000000008000f494 (0xfe043603) x12 0x000000000000009c mem 0x0000000080031f70
core   0: 0x000000008000f498 (0x00004581) c.li    a1, 0
core   0: 3 0x000000008000f498 (0x4581) x11 0x0000000000000000
core   0: 0x000000008000f49a (0x0000853e) c.mv    a0, a5
core   0: 3 0x000000008000f49a (0x853e) x10 0x0000000080012040
core   0: 0x000000008000f49c (0x185000ef) jal     pc + 0x984
core   0: 3 0x000000008000f49c (0x185000ef) x1  0x000000008000f4a0
core   0: >>>>  memset
core   0: 0x000000008000fe20 (0x0000715d) c.addi16sp sp, -80
core   0: 3 0x000000008000fe20 (0x715d) x2  0x0000000080031f20
core   0: 0x000000008000fe22 (0x0000e4a2) c.sdsp  s0, 72(sp)
core   0: 3 0x000000008000fe22 (0xe4a2) mem 0x0000000080031f68 0x0000000080031f90
core   0: 0x000000008000fe24 (0x00000880) c.addi4spn s0, sp, 80
core   0: 3 0x000000008000fe24 (0x0880) x8  0x0000000080031f70
core   0: 0x000000008000fe26 (0xfca43423) sd      a0, -56(s0)
core   0: 3 0x000000008000fe26 (0xfca43423) mem 0x0000000080031f38 0x0000000080012040
core   0: 0x000000008000fe2a (0x000087ae) c.mv    a5, a1
core   0: 3 0x000000008000fe2a (0x87ae) x15 0x0000000000000000
core   0: 0x000000008000fe2c (0xfac43c23) sd      a2, -72(s0)
core   0: 3 0x000000008000fe2c (0xfac43c23) mem 0x0000000080031f28 0x000000000000009c
core   0: 0x000000008000fe30 (0xfcf42223) sw      a5, -60(s0)
core   0: 3 0x000000008000fe30 (0xfcf42223) mem 0x0000000080031f34 0x00000000
core   0: 0x000000008000fe34 (0xfc843703) ld      a4, -56(s0)
core   0: 3 0x000000008000fe34 (0xfc843703) x14 0x0000000080012040 mem 0x0000000080031f38
core   0: 0x000000008000fe38 (0xfb843783) ld      a5, -72(s0)
core   0: 3 0x000000008000fe38 (0xfb843783) x15 0x000000000000009c mem 0x0000000080031f28
core   0: 0x000000008000fe3c (0x00008fd9) c.or    a5, a4
core   0: 3 0x000000008000fe3c (0x8fd9) x15 0x00000000800120dc
core   0: 0x000000008000fe3e (0x00008b9d) c.andi  a5, 7
core   0: 3 0x000000008000fe3e (0x8b9d) x15 0x0000000000000004
core   0: 0x000000008000fe40 (0x0000e7bd) c.bnez  a5, pc + 110
core   0: 3 0x000000008000fe40 (0xe7bd)
core   0: 0x000000008000feae (0xfc843783) ld      a5, -56(s0)
core   0: 3 0x000000008000feae (0xfc843783) x15 0x0000000080012040 mem 0x0000000080031f38
core   0: 0x000000008000feb2 (0xfef43023) sd      a5, -32(s0)
core   0: 3 0x000000008000feb2 (0xfef43023) mem 0x0000000080031f50 0x0000000080012040
core   0: 0x000000008000feb6 (0x0000a829) c.j     pc + 26
core   0: 3 0x000000008000feb6 (0xa829)
core   0: 0x000000008000fed0 (0xfc843703) ld      a4, -56(s0)
core   0: 3 0x000000008000fed0 (0xfc843703) x14 0x0000000080012040 mem 0x0000000080031f38
core   0: 0x000000008000fed4 (0xfb843783) ld      a5, -72(s0)
core   0: 3 0x000000008000fed4 (0xfb843783) x15 0x000000000000009c mem 0x0000000080031f28
core   0: 0x000000008000fed8 (0x000097ba) c.add   a5, a4
core   0: 3 0x000000008000fed8 (0x97ba) x15 0x00000000800120dc
core   0: 0x000000008000feda (0xfe043703) ld      a4, -32(s0)
core   0: 3 0x000000008000feda (0xfe043703) x14 0x0000000080012040 mem 0x0000000080031f50
core   0: 0x000000008000fede (0xfcf76de3) bltu    a4, a5, pc - 38
core   0: 3 0x000000008000fede (0xfcf76de3)
core   0: 0x000000008000feb8 (0xfe043783) ld      a5, -32(s0)
core   0: 3 0x000000008000feb8 (0xfe043783) x15 0x0000000080012040 mem 0x0000000080031f50
core   0: 0x000000008000febc (0x00178713) addi    a4, a5, 1
core   0: 3 0x000000008000febc (0x00178713) x14 0x0000000080012041
core   0: 0x000000008000fec0 (0xfee43023) sd      a4, -32(s0)
core   0: 3 0x000000008000fec0 (0xfee43023) mem 0x0000000080031f50 0x0000000080012041
core   0: 0x000000008000fec4 (0xfc442703) lw      a4, -60(s0)
core   0: 3 0x000000008000fec4 (0xfc442703) x14 0x0000000000000000 mem 0x0000000080031f34
core   0: 0x000000008000fec8 (0x0ff77713) andi    a4, a4, 255
core   0: 3 0x000000008000fec8 (0x0ff77713) x14 0x0000000000000000
core   0: 0x000000008000fecc (0x00e78023) sb      a4, 0(a5)
core   0: 3 0x000000008000fecc (0x00e78023) mem 0x0000000080012040 0x00
core   0: 0x000000008000fed0 (0xfc843703) ld      a4, -56(s0)
core   0: 3 0x000000008000fed0 (0xfc843703) x14 0x0000000080012040 mem 0x0000000080031f38
core   0: 0x000000008000fed4 (0xfb843783) ld      a5, -72(s0)
core   0: 3 0x000000008000fed4 (0xfb843783) x15 0x000000000000009c mem 0x0000000080031f28
core   0: 0x000000008000fed8 (0x000097ba) c.add   a5, a4
core   0: 3 0x000000008000fed8 (0x97ba) x15 0x00000000800120dc
core   0: 0x000000008000feda (0xfe043703) ld      a4, -32(s0)
core   0: 3 0x000000008000feda (0xfe043703) x14 0x0000000080012041 mem 0x0000000080031f50
core   0: 0x000000008000fede (0xfcf76de3) bltu    a4, a5, pc - 38
core   0: 3 0x000000008000fede (0xfcf76de3)
core   0: 0x000000008000feb8 (0xfe043783) ld      a5, -32(s0)
core   0: 3 0x000000008000feb8 (0xfe043783) x15 0x0000000080012041 mem 0x0000000080031f50
core   0: 0x000000008000febc (0x00178713) addi    a4, a5, 1
core   0: 3 0x000000008000febc (0x00178713) x14 0x0000000080012042
core   0: 0x000000008000fec0 (0xfee43023) sd      a4, -32(s0)
core   0: 3 0x000000008000fec0 (0xfee43023) mem 0x0000000080031f50 0x0000000080012042
core   0: 0x000000008000fec4 (0xfc442703) lw      a4, -60(s0)
core   0: 3 0x000000008000fec4 (0xfc442703) x14 0x0000000000000000 mem 0x0000000080031f34
core   0: 0x000000008000fec8 (0x0ff77713) andi    a4, a4, 255
core   0: 3 0x000000008000fec8 (0x0ff77713) x14 0x0000000000000000
core   0: 0x000000008000fecc (0x00e78023) sb      a4, 0(a5)
core   0: 3 0x000000008000fecc (0x00e78023) mem 0x0000000080012041 0x00
core   0: 0x000000008000fed0 (0xfc843703) ld      a4, -56(s0)
core   0: 3 0x000000008000fed0 (0xfc843703) x14 0x0000000080012040 mem 0x0000000080031f38
core   0: 0x000000008000fed4 (0xfb843783) ld      a5, -72(s0)
core   0: 3 0x000000008000fed4 (0xfb843783) x15 0x000000000000009c mem 0x0000000080031f28
core   0: 0x000000008000fed8 (0x000097ba) c.add   a5, a4
core   0: 3 0x000000008000fed8 (0x97ba) x15 0x00000000800120dc
core   0: 0x000000008000feda (0xfe043703) ld      a4, -32(s0)
core   0: 3 0x000000008000feda (0xfe043703) x14 0x0000000080012042 mem 0x0000000080031f50
core   0: 0x000000008000fede (0xfcf76de3) bltu    a4, a5, pc - 38
core   0: 3 0x000000008000fede (0xfcf76de3)
core   0: 0x000000008000feb8 (0xfe043783) ld      a5, -32(s0)
core   0: 3 0x000000008000feb8 (0xfe043783) x15 0x0000000080012042 mem 0x0000000080031f50
core   0: 0x000000008000febc (0x00178713) addi    a4, a5, 1
core   0: 3 0x000000008000febc (0x00178713) x14 0x0000000080012043
core   0: 0x000000008000fec0 (0xfee43023) sd      a4, -32(s0)
core   0: 3 0x000000008000fec0 (0xfee43023) mem 0x0000000080031f50 0x0000000080012043
core   0: 0x000000008000fec4 (0xfc442703) lw      a4, -60(s0)
core   0: 3 0x000000008000fec4 (0xfc442703) x14 0x0000000000000000 mem 0x0000000080031f34
core   0: 0x000000008000fec8 (0x0ff77713) andi    a4, a4, 255
core   0: 3 0x000000008000fec8 (0x0ff77713) x14 0x0000000000000000
core   0: 0x000000008000fecc (0x00e78023) sb      a4, 0(a5)
core   0: 3 0x000000008000fecc (0x00e78023) mem 0x0000000080012042 0x00
core   0: 0x000000008000fed0 (0xfc843703) ld      a4, -56(s0)
core   0: 3 0x000000008000fed0 (0xfc843703) x14 0x0000000080012040 mem 0x0000000080031f38
core   0: 0x000000008000fed4 (0xfb843783) ld      a5, -72(s0)
core   0: 3 0x000000008000fed4 (0xfb843783) x15 0x000000000000009c mem 0x0000000080031f28
core   0: 0x000000008000fed8 (0x000097ba) c.add   a5, a4
core   0: 3 0x000000008000fed8 (0x97ba) x15 0x00000000800120dc
core   0: 0x000000008000feda (0xfe043703) ld      a4, -32(s0)
core   0: 3 0x000000008000feda (0xfe043703) x14 0x0000000080012043 mem 0x0000000080031f50
core   0: 0x000000008000fede (0xfcf76de3) bltu    a4, a5, pc - 38
core   0: 3 0x000000008000fede (0xfcf76de3)
core   0: 0x000000008000feb8 (0xfe043783) ld      a5, -32(s0)
core   0: 3 0x000000008000feb8 (0xfe043783) x15 0x0000000080012043 mem 0x0000000080031f50
core   0: 0x000000008000febc (0x00178713) addi    a4, a5, 1
core   0: 3 0x000000008000febc (0x00178713) x14 0x0000000080012044
core   0: 0x000000008000fec0 (0xfee43023) sd      a4, -32(s0)
core   0: 3 0x000000008000fec0 (0xfee43023) mem 0x0000000080031f50 0x0000000080012044
core   0: 0x000000008000fec4 (0xfc442703) lw      a4, -60(s0)
core   0: 3 0x000000008000fec4 (0xfc442703) x14 0x0000000000000000 mem 0x0000000080031f34
core   0: 0x000000008000fec8 (0x0ff77713) andi    a4, a4, 255
core   0: 3 0x000000008000fec8 (0x0ff77713) x14 0x0000000000000000
core   0: 0x000000008000fecc (0x00e78023) sb      a4, 0(a5)
core   0: 3 0x000000008000fecc (0x00e78023) mem 0x0000000080012043 0x00
core   0: 0x000000008000fed0 (0xfc843703) ld      a4, -56(s0)
core   0: 3 0x000000008000fed0 (0xfc843703) x14 0x0000000080012040 mem 0x0000000080031f38
core   0: 0x000000008000fed4 (0xfb843783) ld      a5, -72(s0)
core   0: 3 0x000000008000fed4 (0xfb843783) x15 0x000000000000009c mem 0x0000000080031f28
core   0: 0x000000008000fed8 (0x000097ba) c.add   a5, a4
core   0: 3 0x000000008000fed8 (0x97ba) x15 0x00000000800120dc
core   0: 0x000000008000feda (0xfe043703) ld      a4, -32(s0)
core   0: 3 0x000000008000feda (0xfe043703) x14 0x0000000080012044 mem 0x0000000080031f50
core   0: 0x000000008000fede (0xfcf76de3) bltu    a4, a5, pc - 38
core   0: 3 0x000000008000fede (0xfcf76de3)
core   0: 0x000000008000feb8 (0xfe043783) ld      a5, -32(s0)
core   0: 3 0x000000008000feb8 (0xfe043783) x15 0x0000000080012044 mem 0x0000000080031f50
core   0: 0x000000008000febc (0x00178713) addi    a4, a5, 1
core   0: 3 0x000000008000febc (0x00178713) x14 0x0000000080012045
core   0: 0x000000008000fec0 (0xfee43023) sd      a4, -32(s0)
core   0: 3 0x000000008000fec0 (0xfee43023) mem 0x0000000080031f50 0x0000000080012045
core   0: 0x000000008000fec4 (0xfc442703) lw      a4, -60(s0)
core   0: 3 0x000000008000fec4 (0xfc442703) x14 0x0000000000000000 mem 0x0000000080031f34
core   0: 0x000000008000fec8 (0x0ff77713) andi    a4, a4, 255
core   0: 3 0x000000008000fec8 (0x0ff77713) x14 0x0000000000000000
core   0: 0x000000008000fecc (0x00e78023) sb      a4, 0(a5)
core   0: 3 0x000000008000fecc (0x00e78023) mem 0x0000000080012044 0x00
core   0: 0x000000008000fed0 (0xfc843703) ld      a4, -56(s0)
core   0: 3 0x000000008000fed0 (0xfc843703) x14 0x0000000080012040 mem 0x0000000080031f38
core   0: 0x000000008000fed4 (0xfb843783) ld      a5, -72(s0)
core   0: 3 0x000000008000fed4 (0xfb843783) x15 0x000000000000009c mem 0x0000000080031f28
core   0: 0x000000008000fed8 (0x000097ba) c.add   a5, a4
core   0: 3 0x000000008000fed8 (0x97ba) x15 0x00000000800120dc
core   0: 0x000000008000feda (0xfe043703) ld      a4, -32(s0)
core   0: 3 0x000000008000feda (0xfe043703) x14 0x0000000080012045 mem 0x0000000080031f50
core   0: 0x000000008000fede (0xfcf76de3) bltu    a4, a5, pc - 38
core   0: 3 0x000000008000fede (0xfcf76de3)
core   0: 0x000000008000feb8 (0xfe043783) ld      a5, -32(s0)
core   0: 3 0x000000008000feb8 (0xfe043783) x15 0x0000000080012045 mem 0x0000000080031f50
core   0: 0x000000008000febc (0x00178713) addi    a4, a5, 1
core   0: 3 0x000000008000febc (0x00178713) x14 0x0000000080012046
core   0: 0x000000008000fec0 (0xfee43023) sd      a4, -32(s0)
core   0: 3 0x000000008000fec0 (0xfee43023) mem 0x0000000080031f50 0x0000000080012046
core   0: 0x000000008000fec4 (0xfc442703) lw      a4, -60(s0)
core   0: 3 0x000000008000fec4 (0xfc442703) x14 0x0000000000000000 mem 0x0000000080031f34
core   0: 0x000000008000fec8 (0x0ff77713) andi    a4, a4, 255
core   0: 3 0x000000008000fec8 (0x0ff77713) x14 0x0000000000000000
core   0: 0x000000008000fecc (0x00e78023) sb      a4, 0(a5)
core   0: 3 0x000000008000fecc (0x00e78023) mem 0x0000000080012045 0x00
core   0: 0x000000008000fed0 (0xfc843703) ld      a4, -56(s0)
core   0: 3 0x000000008000fed0 (0xfc843703) x14 0x0000000080012040 mem 0x0000000080031f38
core   0: 0x000000008000fed4 (0xfb843783) ld      a5, -72(s0)
core   0: 3 0x000000008000fed4 (0xfb843783) x15 0x000000000000009c mem 0x0000000080031f28
core   0: 0x000000008000fed8 (0x000097ba) c.add   a5, a4
core   0: 3 0x000000008000fed8 (0x97ba) x15 0x00000000800120dc
core   0: 0x000000008000feda (0xfe043703) ld      a4, -32(s0)
core   0: 3 0x000000008000feda (0xfe043703) x14 0x0000000080012046 mem 0x0000000080031f50
core   0: 0x000000008000fede (0xfcf76de3) bltu    a4, a5, pc - 38
core   0: 3 0x000000008000fede (0xfcf76de3)
core   0: 0x000000008000feb8 (0xfe043783) ld      a5, -32(s0)
core   0: 3 0x000000008000feb8 (0xfe043783) x15 0x0000000080012046 mem 0x0000000080031f50
core   0: 0x000000008000febc (0x00178713) addi    a4, a5, 1
core   0: 3 0x000000008000febc (0x00178713) x14 0x0000000080012047
core   0: 0x000000008000fec0 (0xfee43023) sd      a4, -32(s0)
core   0: 3 0x000000008000fec0 (0xfee43023) mem 0x0000000080031f50 0x0000000080012047
core   0: 0x000000008000fec4 (0xfc442703) lw      a4, -60(s0)
core   0: 3 0x000000008000fec4 (0xfc442703) x14 0x0000000000000000 mem 0x0000000080031f34
core   0: 0x000000008000fec8 (0x0ff77713) andi    a4, a4, 255
core   0: 3 0x000000008000fec8 (0x0ff77713) x14 0x0000000000000000
core   0: 0x000000008000fecc (0x00e78023) sb      a4, 0(a5)
core   0: 3 0x000000008000fecc (0x00e78023) mem 0x0000000080012046 0x00
core   0: 0x000000008000fed0 (0xfc843703) ld      a4, -56(s0)
core   0: 3 0x000000008000fed0 (0xfc843703) x14 0x0000000080012040 mem 0x0000000080031f38
core   0: 0x000000008000fed4 (0xfb843783) ld      a5, -72(s0)
core   0: 3 0x000000008000fed4 (0xfb843783) x15 0x000000000000009c mem 0x0000000080031f28
core   0: 0x000000008000fed8 (0x000097ba) c.add   a5, a4
core   0: 3 0x000000008000fed8 (0x97ba) x15 0x00000000800120dc
core   0: 0x000000008000feda (0xfe043703) ld      a4, -32(s0)
core   0: 3 0x000000008000feda (0xfe043703) x14 0x0000000080012047 mem 0x0000000080031f50
core   0: 0x000000008000fede (0xfcf76de3) bltu    a4, a5, pc - 38
core   0: 3 0x000000008000fede (0xfcf76de3)
core   0: 0x000000008000feb8 (0xfe043783) ld      a5, -32(s0)
core   0: 3 0x000000008000feb8 (0xfe043783) x15 0x0000000080012047 mem 0x0000000080031f50
core   0: 0x000000008000febc (0x00178713) addi    a4, a5, 1
core   0: 3 0x000000008000febc (0x00178713) x14 0x0000000080012048
core   0: 0x000000008000fec0 (0xfee43023) sd      a4, -32(s0)
core   0: 3 0x000000008000fec0 (0xfee43023) mem 0x0000000080031f50 0x0000000080012048
core   0: 0x000000008000fec4 (0xfc442703) lw      a4, -60(s0)
core   0: 3 0x000000008000fec4 (0xfc442703) x14 0x0000000000000000 mem 0x0000000080031f34
core   0: 0x000000008000fec8 (0x0ff77713) andi    a4, a4, 255
core   0: 3 0x000000008000fec8 (0x0ff77713) x14 0x0000000000000000
core   0: 0x000000008000fecc (0x00e78023) sb      a4, 0(a5)
core   0: 3 0x000000008000fecc (0x00e78023) mem 0x0000000080012047 0x00
core   0: 0x000000008000fed0 (0xfc843703) ld      a4, -56(s0)
core   0: 3 0x000000008000fed0 (0xfc843703) x14 0x0000000080012040 mem 0x0000000080031f38
core   0: 0x000000008000fed4 (0xfb843783) ld      a5, -72(s0)
core   0: 3 0x000000008000fed4 (0xfb843783) x15 0x000000000000009c mem 0x0000000080031f28
core   0: 0x000000008000fed8 (0x000097ba) c.add   a5, a4
core   0: 3 0x000000008000fed8 (0x97ba) x15 0x00000000800120dc
core   0: 0x000000008000feda (0xfe043703) ld      a4, -32(s0)
core   0: 3 0x000000008000feda (0xfe043703) x14 0x0000000080012048 mem 0x0000000080031f50
core   0: 0x000000008000fede (0xfcf76de3) bltu    a4, a5, pc - 38
core   0: 3 0x000000008000fede (0xfcf76de3)
core   0: 0x000000008000feb8 (0xfe043783) ld      a5, -32(s0)
core   0: 3 0x000000008000feb8 (0xfe043783) x15 0x0000000080012048 mem 0x0000000080031f50
core   0: 0x000000008000febc (0x00178713) addi    a4, a5, 1
core   0: 3 0x000000008000febc (0x00178713) x14 0x0000000080012049
core   0: 0x000000008000fec0 (0xfee43023) sd      a4, -32(s0)
core   0: 3 0x000000008000fec0 (0xfee43023) mem 0x0000000080031f50 0x0000000080012049
core   0: 0x000000008000fec4 (0xfc442703) lw      a4, -60(s0)
core   0: 3 0x000000008000fec4 (0xfc442703) x14 0x0000000000000000 mem 0x0000000080031f34
core   0: 0x000000008000fec8 (0x0ff77713) andi    a4, a4, 255
core   0: 3 0x000000008000fec8 (0x0ff77713) x14 0x0000000000000000
core   0: 0x000000008000fecc (0x00e78023) sb      a4, 0(a5)
core   0: 3 0x000000008000fecc (0x00e78023) mem 0x0000000080012048 0x00
core   0: 0x000000008000fed0 (0xfc843703) ld      a4, -56(s0)
core   0: 3 0x000000008000fed0 (0xfc843703) x14 0x0000000080012040 mem 0x0000000080031f38
core   0: 0x000000008000fed4 (0xfb843783) ld      a5, -72(s0)
core   0: 3 0x000000008000fed4 (0xfb843783) x15 0x000000000000009c mem 0x0000000080031f28
core   0: 0x000000008000fed8 (0x000097ba) c.add   a5, a4
core   0: 3 0x000000008000fed8 (0x97ba) x15 0x00000000800120dc
core   0: 0x000000008000feda (0xfe043703) ld      a4, -32(s0)
core   0: 3 0x000000008000feda (0xfe043703) x14 0x0000000080012049 mem 0x0000000080031f50
core   0: 0x000000008000fede (0xfcf76de3) bltu    a4, a5, pc - 38
core   0: 3 0x000000008000fede (0xfcf76de3)
core   0: 0x000000008000feb8 (0xfe043783) ld      a5, -32(s0)
core   0: 3 0x000000008000feb8 (0xfe043783) x15 0x0000000080012049 mem 0x0000000080031f50
core   0: 0x000000008000febc (0x00178713) addi    a4, a5, 1
core   0: 3 0x000000008000febc (0x00178713) x14 0x000000008001204a
core   0: 0x000000008000fec0 (0xfee43023) sd      a4, -32(s0)
core   0: 3 0x000000008000fec0 (0xfee43023) mem 0x0000000080031f50 0x000000008001204a
core   0: 0x000000008000fec4 (0xfc442703) lw      a4, -60(s0)
core   0: 3 0x000000008000fec4 (0xfc442703) x14 0x0000000000000000 mem 0x0000000080031f34
core   0: 0x000000008000fec8 (0x0ff77713) andi    a4, a4, 255
core   0: 3 0x000000008000fec8 (0x0ff77713) x14 0x0000000000000000
core   0: 0x000000008000fecc (0x00e78023) sb      a4, 0(a5)
core   0: 3 0x000000008000fecc (0x00e78023) mem 0x0000000080012049 0x00
core   0: 0x000000008000fed0 (0xfc843703) ld      a4, -56(s0)
core   0: 3 0x000000008000fed0 (0xfc843703) x14 0x0000000080012040 mem 0x0000000080031f38
core   0: 0x000000008000fed4 (0xfb843783) ld      a5, -72(s0)
core   0: 3 0x000000008000fed4 (0xfb843783) x15 0x000000000000009c mem 0x0000000080031f28
core   0: 0x000000008000fed8 (0x000097ba) c.add   a5, a4
core   0: 3 0x000000008000fed8 (0x97ba) x15 0x00000000800120dc
core   0: 0x000000008000feda (0xfe043703) ld      a4, -32(s0)
core   0: 3 0x000000008000feda (0xfe043703) x14 0x000000008001204a mem 0x0000000080031f50
core   0: 0x000000008000fede (0xfcf76de3) bltu    a4, a5, pc - 38
core   0: 3 0x000000008000fede (0xfcf76de3)
core   0: 0x000000008000feb8 (0xfe043783) ld      a5, -32(s0)
core   0: 3 0x000000008000feb8 (0xfe043783) x15 0x000000008001204a mem 0x0000000080031f50
core   0: 0x000000008000febc (0x00178713) addi    a4, a5, 1
core   0: 3 0x000000008000febc (0x00178713) x14 0x000000008001204b
core   0: 0x000000008000fec0 (0xfee43023) sd      a4, -32(s0)
core   0: 3 0x000000008000fec0 (0xfee43023) mem 0x0000000080031f50 0x000000008001204b
core   0: 0x000000008000fec4 (0xfc442703) lw      a4, -60(s0)
core   0: 3 0x000000008000fec4 (0xfc442703) x14 0x0000000000000000 mem 0x0000000080031f34
core   0: 0x000000008000fec8 (0x0ff77713) andi    a4, a4, 255
core   0: 3 0x000000008000fec8 (0x0ff77713) x14 0x0000000000000000
core   0: 0x000000008000fecc (0x00e78023) sb      a4, 0(a5)
core   0: 3 0x000000008000fecc (0x00e78023) mem 0x000000008001204a 0x00
core   0: 0x000000008000fed0 (0xfc843703) ld      a4, -56(s0)
core   0: 3 0x000000008000fed0 (0xfc843703) x14 0x0000000080012040 mem 0x0000000080031f38
core   0: 0x000000008000fed4 (0xfb843783) ld      a5, -72(s0)
core   0: 3 0x000000008000fed4 (0xfb843783) x15 0x000000000000009c mem 0x0000000080031f28
core   0: 0x000000008000fed8 (0x000097ba) c.add   a5, a4
core   0: 3 0x000000008000fed8 (0x97ba) x15 0x00000000800120dc
core   0: 0x000000008000feda (0xfe043703) ld      a4, -32(s0)
core   0: 3 0x000000008000feda (0xfe043703) x14 0x000000008001204b mem 0x0000000080031f50
core   0: 0x000000008000fede (0xfcf76de3) bltu    a4, a5, pc - 38
core   0: 3 0x000000008000fede (0xfcf76de3)
core   0: 0x000000008000feb8 (0xfe043783) ld      a5, -32(s0)
core   0: 3 0x000000008000feb8 (0xfe043783) x15 0x000000008001204b mem 0x0000000080031f50
core   0: 0x000000008000febc (0x00178713) addi    a4, a5, 1
core   0: 3 0x000000008000febc (0x00178713) x14 0x000000008001204c
core   0: 0x000000008000fec0 (0xfee43023) sd      a4, -32(s0)
core   0: 3 0x000000008000fec0 (0xfee43023) mem 0x0000000080031f50 0x000000008001204c
core   0: 0x000000008000fec4 (0xfc442703) lw      a4, -60(s0)
core   0: 3 0x000000008000fec4 (0xfc442703) x14 0x0000000000000000 mem 0x0000000080031f34
core   0: 0x000000008000fec8 (0x0ff77713) andi    a4, a4, 255
core   0: 3 0x000000008000fec8 (0x0ff77713) x14 0x0000000000000000
core   0: 0x000000008000fecc (0x00e78023) sb      a4, 0(a5)
core   0: 3 0x000000008000fecc (0x00e78023) mem 0x000000008001204b 0x00
core   0: 0x000000008000fed0 (0xfc843703) ld      a4, -56(s0)
core   0: 3 0x000000008000fed0 (0xfc843703) x14 0x0000000080012040 mem 0x0000000080031f38
core   0: 0x000000008000fed4 (0xfb843783) ld      a5, -72(s0)
core   0: 3 0x000000008000fed4 (0xfb843783) x15 0x000000000000009c mem 0x0000000080031f28
core   0: 0x000000008000fed8 (0x000097ba) c.add   a5, a4
core   0: 3 0x000000008000fed8 (0x97ba) x15 0x00000000800120dc
core   0: 0x000000008000feda (0xfe043703) ld      a4, -32(s0)
core   0: 3 0x000000008000feda (0xfe043703) x14 0x000000008001204c mem 0x0000000080031f50
core   0: 0x000000008000fede (0xfcf76de3) bltu    a4, a5, pc - 38
core   0: 3 0x000000008000fede (0xfcf76de3)
core   0: 0x000000008000feb8 (0xfe043783) ld      a5, -32(s0)
core   0: 3 0x000000008000feb8 (0xfe043783) x15 0x000000008001204c mem 0x0000000080031f50
core   0: 0x000000008000febc (0x00178713) addi    a4, a5, 1
core   0: 3 0x000000008000febc (0x00178713) x14 0x000000008001204d
core   0: 0x000000008000fec0 (0xfee43023) sd      a4, -32(s0)
core   0: 3 0x000000008000fec0 (0xfee43023) mem 0x0000000080031f50 0x000000008001204d
core   0: 0x000000008000fec4 (0xfc442703) lw      a4, -60(s0)
core   0: 3 0x000000008000fec4 (0xfc442703) x14 0x0000000000000000 mem 0x0000000080031f34
core   0: 0x000000008000fec8 (0x0ff77713) andi    a4, a4, 255
core   0: 3 0x000000008000fec8 (0x0ff77713) x14 0x0000000000000000
core   0: 0x000000008000fecc (0x00e78023) sb      a4, 0(a5)
core   0: 3 0x000000008000fecc (0x00e78023) mem 0x000000008001204c 0x00
core   0: 0x000000008000fed0 (0xfc843703) ld      a4, -56(s0)
core   0: 3 0x000000008000fed0 (0xfc843703) x14 0x0000000080012040 mem 0x0000000080031f38
core   0: 0x000000008000fed4 (0xfb843783) ld      a5, -72(s0)
core   0: 3 0x000000008000fed4 (0xfb843783) x15 0x000000000000009c mem 0x0000000080031f28
core   0: 0x000000008000fed8 (0x000097ba) c.add   a5, a4
core   0: 3 0x000000008000fed8 (0x97ba) x15 0x00000000800120dc
core   0: 0x000000008000feda (0xfe043703) ld      a4, -32(s0)
core   0: 3 0x000000008000feda (0xfe043703) x14 0x000000008001204d mem 0x0000000080031f50
core   0: 0x000000008000fede (0xfcf76de3) bltu    a4, a5, pc - 38
core   0: 3 0x000000008000fede (0xfcf76de3)
core   0: 0x000000008000feb8 (0xfe043783) ld      a5, -32(s0)
core   0: 3 0x000000008000feb8 (0xfe043783) x15 0x000000008001204d mem 0x0000000080031f50
core   0: 0x000000008000febc (0x00178713) addi    a4, a5, 1
core   0: 3 0x000000008000febc (0x00178713) x14 0x000000008001204e
core   0: 0x000000008000fec0 (0xfee43023) sd      a4, -32(s0)
core   0: 3 0x000000008000fec0 (0xfee43023) mem 0x0000000080031f50 0x000000008001204e
core   0: 0x000000008000fec4 (0xfc442703) lw      a4, -60(s0)
core   0: 3 0x000000008000fec4 (0xfc442703) x14 0x0000000000000000 mem 0x0000000080031f34
core   0: 0x000000008000fec8 (0x0ff77713) andi    a4, a4, 255
core   0: 3 0x000000008000fec8 (0x0ff77713) x14 0x0000000000000000
core   0: 0x000000008000fecc (0x00e78023) sb      a4, 0(a5)
core   0: 3 0x000000008000fecc (0x00e78023) mem 0x000000008001204d 0x00
core   0: 0x000000008000fed0 (0xfc843703) ld      a4, -56(s0)
core   0: 3 0x000000008000fed0 (0xfc843703) x14 0x0000000080012040 mem 0x0000000080031f38
core   0: 0x000000008000fed4 (0xfb843783) ld      a5, -72(s0)
core   0: 3 0x000000008000fed4 (0xfb843783) x15 0x000000000000009c mem 0x0000000080031f28
core   0: 0x000000008000fed8 (0x000097ba) c.add   a5, a4
core   0: 3 0x000000008000fed8 (0x97ba) x15 0x00000000800120dc
core   0: 0x000000008000feda (0xfe043703) ld      a4, -32(s0)
core   0: 3 0x000000008000feda (0xfe043703) x14 0x000000008001204e mem 0x0000000080031f50
core   0: 0x000000008000fede (0xfcf76de3) bltu    a4, a5, pc - 38
core   0: 3 0x000000008000fede (0xfcf76de3)
core   0: 0x000000008000feb8 (0xfe043783) ld      a5, -32(s0)
core   0: 3 0x000000008000feb8 (0xfe043783) x15 0x000000008001204e mem 0x0000000080031f50
core   0: 0x000000008000febc (0x00178713) addi    a4, a5, 1
core   0: 3 0x000000008000febc (0x00178713) x14 0x000000008001204f
core   0: 0x000000008000fec0 (0xfee43023) sd      a4, -32(s0)
core   0: 3 0x000000008000fec0 (0xfee43023) mem 0x0000000080031f50 0x000000008001204f
core   0: 0x000000008000fec4 (0xfc442703) lw      a4, -60(s0)
core   0: 3 0x000000008000fec4 (0xfc442703) x14 0x0000000000000000 mem 0x0000000080031f34
core   0: 0x000000008000fec8 (0x0ff77713) andi    a4, a4, 255
core   0: 3 0x000000008000fec8 (0x0ff77713) x14 0x0000000000000000
core   0: 0x000000008000fecc (0x00e78023) sb      a4, 0(a5)
core   0: 3 0x000000008000fecc (0x00e78023) mem 0x000000008001204e 0x00
core   0: 0x000000008000fed0 (0xfc843703) ld      a4, -56(s0)
core   0: 3 0x000000008000fed0 (0xfc843703) x14 0x0000000080012040 mem 0x0000000080031f38
core   0: 0x000000008000fed4 (0xfb843783) ld      a5, -72(s0)
core   0: 3 0x000000008000fed4 (0xfb843783) x15 0x000000000000009c mem 0x0000000080031f28
core   0: 0x000000008000fed8 (0x000097ba) c.add   a5, a4
core   0: 3 0x000000008000fed8 (0x97ba) x15 0x00000000800120dc
core   0: 0x000000008000feda (0xfe043703) ld      a4, -32(s0)
core   0: 3 0x000000008000feda (0xfe043703) x14 0x000000008001204f mem 0x0000000080031f50
core   0: 0x000000008000fede (0xfcf76de3) bltu    a4, a5, pc - 38
core   0: 3 0x000000008000fede (0xfcf76de3)
core   0: 0x000000008000feb8 (0xfe043783) ld      a5, -32(s0)
core   0: 3 0x000000008000feb8 (0xfe043783) x15 0x000000008001204f mem 0x0000000080031f50
core   0: 0x000000008000febc (0x00178713) addi    a4, a5, 1
core   0: 3 0x000000008000febc (0x00178713) x14 0x0000000080012050
core   0: 0x000000008000fec0 (0xfee43023) sd      a4, -32(s0)
core   0: 3 0x000000008000fec0 (0xfee43023) mem 0x0000000080031f50 0x0000000080012050
core   0: 0x000000008000fec4 (0xfc442703) lw      a4, -60(s0)
core   0: 3 0x000000008000fec4 (0xfc442703) x14 0x0000000000000000 mem 0x0000000080031f34
core   0: 0x000000008000fec8 (0x0ff77713) andi    a4, a4, 255
core   0: 3 0x000000008000fec8 (0x0ff77713) x14 0x0000000000000000
core   0: 0x000000008000fecc (0x00e78023) sb      a4, 0(a5)
core   0: 3 0x000000008000fecc (0x00e78023) mem 0x000000008001204f 0x00
core   0: 0x000000008000fed0 (0xfc843703) ld      a4, -56(s0)
core   0: 3 0x000000008000fed0 (0xfc843703) x14 0x0000000080012040 mem 0x0000000080031f38
core   0: 0x000000008000fed4 (0xfb843783) ld      a5, -72(s0)
core   0: 3 0x000000008000fed4 (0xfb843783) x15 0x000000000000009c mem 0x0000000080031f28
core   0: 0x000000008000fed8 (0x000097ba) c.add   a5, a4
core   0: 3 0x000000008000fed8 (0x97ba) x15 0x00000000800120dc
core   0: 0x000000008000feda (0xfe043703) ld      a4, -32(s0)
core   0: 3 0x000000008000feda (0xfe043703) x14 0x0000000080012050 mem 0x0000000080031f50
core   0: 0x000000008000fede (0xfcf76de3) bltu    a4, a5, pc - 38
core   0: 3 0x000000008000fede (0xfcf76de3)
core   0: 0x000000008000feb8 (0xfe043783) ld      a5, -32(s0)
core   0: 3 0x000000008000feb8 (0xfe043783) x15 0x0000000080012050 mem 0x0000000080031f50
core   0: 0x000000008000febc (0x00178713) addi    a4, a5, 1
core   0: 3 0x000000008000febc (0x00178713) x14 0x0000000080012051
core   0: 0x000000008000fec0 (0xfee43023) sd      a4, -32(s0)
core   0: 3 0x000000008000fec0 (0xfee43023) mem 0x0000000080031f50 0x0000000080012051
core   0: 0x000000008000fec4 (0xfc442703) lw      a4, -60(s0)
core   0: 3 0x000000008000fec4 (0xfc442703) x14 0x0000000000000000 mem 0x0000000080031f34
core   0: 0x000000008000fec8 (0x0ff77713) andi    a4, a4, 255
core   0: 3 0x000000008000fec8 (0x0ff77713) x14 0x0000000000000000
core   0: 0x000000008000fecc (0x00e78023) sb      a4, 0(a5)
core   0: 3 0x000000008000fecc (0x00e78023) mem 0x0000000080012050 0x00
core   0: 0x000000008000fed0 (0xfc843703) ld      a4, -56(s0)
core   0: 3 0x000000008000fed0 (0xfc843703) x14 0x0000000080012040 mem 0x0000000080031f38
core   0: 0x000000008000fed4 (0xfb843783) ld      a5, -72(s0)
core   0: 3 0x000000008000fed4 (0xfb843783) x15 0x000000000000009c mem 0x0000000080031f28
core   0: 0x000000008000fed8 (0x000097ba) c.add   a5, a4
core   0: 3 0x000000008000fed8 (0x97ba) x15 0x00000000800120dc
core   0: 0x000000008000feda (0xfe043703) ld      a4, -32(s0)
core   0: 3 0x000000008000feda (0xfe043703) x14 0x0000000080012051 mem 0x0000000080031f50
core   0: 0x000000008000fede (0xfcf76de3) bltu    a4, a5, pc - 38
core   0: 3 0x000000008000fede (0xfcf76de3)
core   0: 0x000000008000feb8 (0xfe043783) ld      a5, -32(s0)
core   0: 3 0x000000008000feb8 (0xfe043783) x15 0x0000000080012051 mem 0x0000000080031f50
core   0: 0x000000008000febc (0x00178713) addi    a4, a5, 1
core   0: 3 0x000000008000febc (0x00178713) x14 0x0000000080012052
core   0: 0x000000008000fec0 (0xfee43023) sd      a4, -32(s0)
core   0: 3 0x000000008000fec0 (0xfee43023) mem 0x0000000080031f50 0x0000000080012052
core   0: 0x000000008000fec4 (0xfc442703) lw      a4, -60(s0)
core   0: 3 0x000000008000fec4 (0xfc442703) x14 0x0000000000000000 mem 0x0000000080031f34
core   0: 0x000000008000fec8 (0x0ff77713) andi    a4, a4, 255
core   0: 3 0x000000008000fec8 (0x0ff77713) x14 0x0000000000000000
core   0: 0x000000008000fecc (0x00e78023) sb      a4, 0(a5)
core   0: 3 0x000000008000fecc (0x00e78023) mem 0x0000000080012051 0x00
core   0: 0x000000008000fed0 (0xfc843703) ld      a4, -56(s0)
core   0: 3 0x000000008000fed0 (0xfc843703) x14 0x0000000080012040 mem 0x0000000080031f38
core   0: 0x000000008000fed4 (0xfb843783) ld      a5, -72(s0)
core   0: 3 0x000000008000fed4 (0xfb843783) x15 0x000000000000009c mem 0x0000000080031f28
core   0: 0x000000008000fed8 (0x000097ba) c.add   a5, a4
core   0: 3 0x000000008000fed8 (0x97ba) x15 0x00000000800120dc
core   0: 0x000000008000feda (0xfe043703) ld      a4, -32(s0)
core   0: 3 0x000000008000feda (0xfe043703) x14 0x0000000080012052 mem 0x0000000080031f50
core   0: 0x000000008000fede (0xfcf76de3) bltu    a4, a5, pc - 38
core   0: 3 0x000000008000fede (0xfcf76de3)
core   0: 0x000000008000feb8 (0xfe043783) ld      a5, -32(s0)
core   0: 3 0x000000008000feb8 (0xfe043783) x15 0x0000000080012052 mem 0x0000000080031f50
core   0: 0x000000008000febc (0x00178713) addi    a4, a5, 1
core   0: 3 0x000000008000febc (0x00178713) x14 0x0000000080012053
core   0: 0x000000008000fec0 (0xfee43023) sd      a4, -32(s0)
core   0: 3 0x000000008000fec0 (0xfee43023) mem 0x0000000080031f50 0x0000000080012053
core   0: 0x000000008000fec4 (0xfc442703) lw      a4, -60(s0)
core   0: 3 0x000000008000fec4 (0xfc442703) x14 0x0000000000000000 mem 0x0000000080031f34
core   0: 0x000000008000fec8 (0x0ff77713) andi    a4, a4, 255
core   0: 3 0x000000008000fec8 (0x0ff77713) x14 0x0000000000000000
core   0: 0x000000008000fecc (0x00e78023) sb      a4, 0(a5)
core   0: 3 0x000000008000fecc (0x00e78023) mem 0x0000000080012052 0x00
core   0: 0x000000008000fed0 (0xfc843703) ld      a4, -56(s0)
core   0: 3 0x000000008000fed0 (0xfc843703) x14 0x0000000080012040 mem 0x0000000080031f38
core   0: 0x000000008000fed4 (0xfb843783) ld      a5, -72(s0)
core   0: 3 0x000000008000fed4 (0xfb843783) x15 0x000000000000009c mem 0x0000000080031f28
core   0: 0x000000008000fed8 (0x000097ba) c.add   a5, a4
core   0: 3 0x000000008000fed8 (0x97ba) x15 0x00000000800120dc
core   0: 0x000000008000feda (0xfe043703) ld      a4, -32(s0)
core   0: 3 0x000000008000feda (0xfe043703) x14 0x0000000080012053 mem 0x0000000080031f50
core   0: 0x000000008000fede (0xfcf76de3) bltu    a4, a5, pc - 38
core   0: 3 0x000000008000fede (0xfcf76de3)
core   0: 0x000000008000feb8 (0xfe043783) ld      a5, -32(s0)
core   0: 3 0x000000008000feb8 (0xfe043783) x15 0x0000000080012053 mem 0x0000000080031f50
core   0: 0x000000008000febc (0x00178713) addi    a4, a5, 1
core   0: 3 0x000000008000febc (0x00178713) x14 0x0000000080012054
core   0: 0x000000008000fec0 (0xfee43023) sd      a4, -32(s0)
core   0: 3 0x000000008000fec0 (0xfee43023) mem 0x0000000080031f50 0x0000000080012054
core   0: 0x000000008000fec4 (0xfc442703) lw      a4, -60(s0)
core   0: 3 0x000000008000fec4 (0xfc442703) x14 0x0000000000000000 mem 0x0000000080031f34
core   0: 0x000000008000fec8 (0x0ff77713) andi    a4, a4, 255
core   0: 3 0x000000008000fec8 (0x0ff77713) x14 0x0000000000000000
core   0: 0x000000008000fecc (0x00e78023) sb      a4, 0(a5)
core   0: 3 0x000000008000fecc (0x00e78023) mem 0x0000000080012053 0x00
core   0: 0x000000008000fed0 (0xfc843703) ld      a4, -56(s0)
core   0: 3 0x000000008000fed0 (0xfc843703) x14 0x0000000080012040 mem 0x0000000080031f38
core   0: 0x000000008000fed4 (0xfb843783) ld      a5, -72(s0)
core   0: 3 0x000000008000fed4 (0xfb843783) x15 0x000000000000009c mem 0x0000000080031f28
core   0: 0x000000008000fed8 (0x000097ba) c.add   a5, a4
core   0: 3 0x000000008000fed8 (0x97ba) x15 0x00000000800120dc
core   0: 0x000000008000feda (0xfe043703) ld      a4, -32(s0)
core   0: 3 0x000000008000feda (0xfe043703) x14 0x0000000080012054 mem 0x0000000080031f50
core   0: 0x000000008000fede (0xfcf76de3) bltu    a4, a5, pc - 38
core   0: 3 0x000000008000fede (0xfcf76de3)
core   0: 0x000000008000feb8 (0xfe043783) ld      a5, -32(s0)
core   0: 3 0x000000008000feb8 (0xfe043783) x15 0x0000000080012054 mem 0x0000000080031f50
core   0: 0x000000008000febc (0x00178713) addi    a4, a5, 1
core   0: 3 0x000000008000febc (0x00178713) x14 0x0000000080012055
core   0: 0x000000008000fec0 (0xfee43023) sd      a4, -32(s0)
core   0: 3 0x000000008000fec0 (0xfee43023) mem 0x0000000080031f50 0x0000000080012055
core   0: 0x000000008000fec4 (0xfc442703) lw      a4, -60(s0)
core   0: 3 0x000000008000fec4 (0xfc442703) x14 0x0000000000000000 mem 0x0000000080031f34
core   0: 0x000000008000fec8 (0x0ff77713) andi    a4, a4, 255
core   0: 3 0x000000008000fec8 (0x0ff77713) x14 0x0000000000000000
core   0: 0x000000008000fecc (0x00e78023) sb      a4, 0(a5)
core   0: 3 0x000000008000fecc (0x00e78023) mem 0x0000000080012054 0x00
core   0: 0x000000008000fed0 (0xfc843703) ld      a4, -56(s0)
core   0: 3 0x000000008000fed0 (0xfc843703) x14 0x0000000080012040 mem 0x0000000080031f38
core   0: 0x000000008000fed4 (0xfb843783) ld      a5, -72(s0)
core   0: 3 0x000000008000fed4 (0xfb843783) x15 0x000000000000009c mem 0x0000000080031f28
core   0: 0x000000008000fed8 (0x000097ba) c.add   a5, a4
core   0: 3 0x000000008000fed8 (0x97ba) x15 0x00000000800120dc
core   0: 0x000000008000feda (0xfe043703) ld      a4, -32(s0)
core   0: 3 0x000000008000feda (0xfe043703) x14 0x0000000080012055 mem 0x0000000080031f50
core   0: 0x000000008000fede (0xfcf76de3) bltu    a4, a5, pc - 38
core   0: 3 0x000000008000fede (0xfcf76de3)
core   0: 0x000000008000feb8 (0xfe043783) ld      a5, -32(s0)
core   0: 3 0x000000008000feb8 (0xfe043783) x15 0x0000000080012055 mem 0x0000000080031f50
core   0: 0x000000008000febc (0x00178713) addi    a4, a5, 1
core   0: 3 0x000000008000febc (0x00178713) x14 0x0000000080012056
core   0: 0x000000008000fec0 (0xfee43023) sd      a4, -32(s0)
core   0: 3 0x000000008000fec0 (0xfee43023) mem 0x0000000080031f50 0x0000000080012056
core   0: 0x000000008000fec4 (0xfc442703) lw      a4, -60(s0)
core   0: 3 0x000000008000fec4 (0xfc442703) x14 0x0000000000000000 mem 0x0000000080031f34
core   0: 0x000000008000fec8 (0x0ff77713) andi    a4, a4, 255
core   0: 3 0x000000008000fec8 (0x0ff77713) x14 0x0000000000000000
core   0: 0x000000008000fecc (0x00e78023) sb      a4, 0(a5)
core   0: 3 0x000000008000fecc (0x00e78023) mem 0x0000000080012055 0x00
core   0: 0x000000008000fed0 (0xfc843703) ld      a4, -56(s0)
core   0: 3 0x000000008000fed0 (0xfc843703) x14 0x0000000080012040 mem 0x0000000080031f38
core   0: 0x000000008000fed4 (0xfb843783) ld      a5, -72(s0)
core   0: 3 0x000000008000fed4 (0xfb843783) x15 0x000000000000009c mem 0x0000000080031f28
core   0: 0x000000008000fed8 (0x000097ba) c.add   a5, a4
core   0: 3 0x000000008000fed8 (0x97ba) x15 0x00000000800120dc
core   0: 0x000000008000feda (0xfe043703) ld      a4, -32(s0)
core   0: 3 0x000000008000feda (0xfe043703) x14 0x0000000080012056 mem 0x0000000080031f50
core   0: 0x000000008000fede (0xfcf76de3) bltu    a4, a5, pc - 38
core   0: 3 0x000000008000fede (0xfcf76de3)
core   0: 0x000000008000feb8 (0xfe043783) ld      a5, -32(s0)
core   0: 3 0x000000008000feb8 (0xfe043783) x15 0x0000000080012056 mem 0x0000000080031f50
core   0: 0x000000008000febc (0x00178713) addi    a4, a5, 1
core   0: 3 0x000000008000febc (0x00178713) x14 0x0000000080012057
core   0: 0x000000008000fec0 (0xfee43023) sd      a4, -32(s0)
core   0: 3 0x000000008000fec0 (0xfee43023) mem 0x0000000080031f50 0x0000000080012057
core   0: 0x000000008000fec4 (0xfc442703) lw      a4, -60(s0)
core   0: 3 0x000000008000fec4 (0xfc442703) x14 0x0000000000000000 mem 0x0000000080031f34
core   0: 0x000000008000fec8 (0x0ff77713) andi    a4, a4, 255
core   0: 3 0x000000008000fec8 (0x0ff77713) x14 0x0000000000000000
core   0: 0x000000008000fecc (0x00e78023) sb      a4, 0(a5)
core   0: 3 0x000000008000fecc (0x00e78023) mem 0x0000000080012056 0x00
core   0: 0x000000008000fed0 (0xfc843703) ld      a4, -56(s0)
core   0: 3 0x000000008000fed0 (0xfc843703) x14 0x0000000080012040 mem 0x0000000080031f38
core   0: 0x000000008000fed4 (0xfb843783) ld      a5, -72(s0)
core   0: 3 0x000000008000fed4 (0xfb843783) x15 0x000000000000009c mem 0x0000000080031f28
core   0: 0x000000008000fed8 (0x000097ba) c.add   a5, a4
core   0: 3 0x000000008000fed8 (0x97ba) x15 0x00000000800120dc
core   0: 0x000000008000feda (0xfe043703) ld      a4, -32(s0)
core   0: 3 0x000000008000feda (0xfe043703) x14 0x0000000080012057 mem 0x0000000080031f50
core   0: 0x000000008000fede (0xfcf76de3) bltu    a4, a5, pc - 38
core   0: 3 0x000000008000fede (0xfcf76de3)
core   0: 0x000000008000feb8 (0xfe043783) ld      a5, -32(s0)
core   0: 3 0x000000008000feb8 (0xfe043783) x15 0x0000000080012057 mem 0x0000000080031f50
core   0: 0x000000008000febc (0x00178713) addi    a4, a5, 1
core   0: 3 0x000000008000febc (0x00178713) x14 0x0000000080012058
core   0: 0x000000008000fec0 (0xfee43023) sd      a4, -32(s0)
core   0: 3 0x000000008000fec0 (0xfee43023) mem 0x0000000080031f50 0x0000000080012058
core   0: 0x000000008000fec4 (0xfc442703) lw      a4, -60(s0)
core   0: 3 0x000000008000fec4 (0xfc442703) x14 0x0000000000000000 mem 0x0000000080031f34
core   0: 0x000000008000fec8 (0x0ff77713) andi    a4, a4, 255
core   0: 3 0x000000008000fec8 (0x0ff77713) x14 0x0000000000000000
core   0: 0x000000008000fecc (0x00e78023) sb      a4, 0(a5)
core   0: 3 0x000000008000fecc (0x00e78023) mem 0x0000000080012057 0x00
core   0: 0x000000008000fed0 (0xfc843703) ld      a4, -56(s0)
core   0: 3 0x000000008000fed0 (0xfc843703) x14 0x0000000080012040 mem 0x0000000080031f38
core   0: 0x000000008000fed4 (0xfb843783) ld      a5, -72(s0)
core   0: 3 0x000000008000fed4 (0xfb843783) x15 0x000000000000009c mem 0x0000000080031f28
core   0: 0x000000008000fed8 (0x000097ba) c.add   a5, a4
core   0: 3 0x000000008000fed8 (0x97ba) x15 0x00000000800120dc
core   0: 0x000000008000feda (0xfe043703) ld      a4, -32(s0)
core   0: 3 0x000000008000feda (0xfe043703) x14 0x0000000080012058 mem 0x0000000080031f50
core   0: 0x000000008000fede (0xfcf76de3) bltu    a4, a5, pc - 38
core   0: 3 0x000000008000fede (0xfcf76de3)
core   0: 0x000000008000feb8 (0xfe043783) ld      a5, -32(s0)
core   0: 3 0x000000008000feb8 (0xfe043783) x15 0x0000000080012058 mem 0x0000000080031f50
core   0: 0x000000008000febc (0x00178713) addi    a4, a5, 1
core   0: 3 0x000000008000febc (0x00178713) x14 0x0000000080012059
core   0: 0x000000008000fec0 (0xfee43023) sd      a4, -32(s0)
core   0: 3 0x000000008000fec0 (0xfee43023) mem 0x0000000080031f50 0x0000000080012059
core   0: 0x000000008000fec4 (0xfc442703) lw      a4, -60(s0)
core   0: 3 0x000000008000fec4 (0xfc442703) x14 0x0000000000000000 mem 0x0000000080031f34
core   0: 0x000000008000fec8 (0x0ff77713) andi    a4, a4, 255
core   0: 3 0x000000008000fec8 (0x0ff77713) x14 0x0000000000000000
core   0: 0x000000008000fecc (0x00e78023) sb      a4, 0(a5)
core   0: 3 0x000000008000fecc (0x00e78023) mem 0x0000000080012058 0x00
core   0: 0x000000008000fed0 (0xfc843703) ld      a4, -56(s0)
core   0: 3 0x000000008000fed0 (0xfc843703) x14 0x0000000080012040 mem 0x0000000080031f38
core   0: 0x000000008000fed4 (0xfb843783) ld      a5, -72(s0)
core   0: 3 0x000000008000fed4 (0xfb843783) x15 0x000000000000009c mem 0x0000000080031f28
core   0: 0x000000008000fed8 (0x000097ba) c.add   a5, a4
core   0: 3 0x000000008000fed8 (0x97ba) x15 0x00000000800120dc
core   0: 0x000000008000feda (0xfe043703) ld      a4, -32(s0)
core   0: 3 0x000000008000feda (0xfe043703) x14 0x0000000080012059 mem 0x0000000080031f50
core   0: 0x000000008000fede (0xfcf76de3) bltu    a4, a5, pc - 38
core   0: 3 0x000000008000fede (0xfcf76de3)
core   0: 0x000000008000feb8 (0xfe043783) ld      a5, -32(s0)
core   0: 3 0x000000008000feb8 (0xfe043783) x15 0x0000000080012059 mem 0x0000000080031f50
core   0: 0x000000008000febc (0x00178713) addi    a4, a5, 1
core   0: 3 0x000000008000febc (0x00178713) x14 0x000000008001205a
core   0: 0x000000008000fec0 (0xfee43023) sd      a4, -32(s0)
core   0: 3 0x000000008000fec0 (0xfee43023) mem 0x0000000080031f50 0x000000008001205a
core   0: 0x000000008000fec4 (0xfc442703) lw      a4, -60(s0)
core   0: 3 0x000000008000fec4 (0xfc442703) x14 0x0000000000000000 mem 0x0000000080031f34
core   0: 0x000000008000fec8 (0x0ff77713) andi    a4, a4, 255
core   0: 3 0x000000008000fec8 (0x0ff77713) x14 0x0000000000000000
core   0: 0x000000008000fecc (0x00e78023) sb      a4, 0(a5)
core   0: 3 0x000000008000fecc (0x00e78023) mem 0x0000000080012059 0x00
core   0: 0x000000008000fed0 (0xfc843703) ld      a4, -56(s0)
core   0: 3 0x000000008000fed0 (0xfc843703) x14 0x0000000080012040 mem 0x0000000080031f38
core   0: 0x000000008000fed4 (0xfb843783) ld      a5, -72(s0)
core   0: 3 0x000000008000fed4 (0xfb843783) x15 0x000000000000009c mem 0x0000000080031f28
core   0: 0x000000008000fed8 (0x000097ba) c.add   a5, a4
core   0: 3 0x000000008000fed8 (0x97ba) x15 0x00000000800120dc
core   0: 0x000000008000feda (0xfe043703) ld      a4, -32(s0)
core   0: 3 0x000000008000feda (0xfe043703) x14 0x000000008001205a mem 0x0000000080031f50
core   0: 0x000000008000fede (0xfcf76de3) bltu    a4, a5, pc - 38
core   0: 3 0x000000008000fede (0xfcf76de3)
core   0: 0x000000008000feb8 (0xfe043783) ld      a5, -32(s0)
core   0: 3 0x000000008000feb8 (0xfe043783) x15 0x000000008001205a mem 0x0000000080031f50
core   0: 0x000000008000febc (0x00178713) addi    a4, a5, 1
core   0: 3 0x000000008000febc (0x00178713) x14 0x000000008001205b
core   0: 0x000000008000fec0 (0xfee43023) sd      a4, -32(s0)
core   0: 3 0x000000008000fec0 (0xfee43023) mem 0x0000000080031f50 0x000000008001205b
core   0: 0x000000008000fec4 (0xfc442703) lw      a4, -60(s0)
core   0: 3 0x000000008000fec4 (0xfc442703) x14 0x0000000000000000 mem 0x0000000080031f34
core   0: 0x000000008000fec8 (0x0ff77713) andi    a4, a4, 255
core   0: 3 0x000000008000fec8 (0x0ff77713) x14 0x0000000000000000
core   0: 0x000000008000fecc (0x00e78023) sb      a4, 0(a5)
core   0: 3 0x000000008000fecc (0x00e78023) mem 0x000000008001205a 0x00
core   0: 0x000000008000fed0 (0xfc843703) ld      a4, -56(s0)
core   0: 3 0x000000008000fed0 (0xfc843703) x14 0x0000000080012040 mem 0x0000000080031f38
core   0: 0x000000008000fed4 (0xfb843783) ld      a5, -72(s0)
core   0: 3 0x000000008000fed4 (0xfb843783) x15 0x000000000000009c mem 0x0000000080031f28
core   0: 0x000000008000fed8 (0x000097ba) c.add   a5, a4
core   0: 3 0x000000008000fed8 (0x97ba) x15 0x00000000800120dc
core   0: 0x000000008000feda (0xfe043703) ld      a4, -32(s0)
core   0: 3 0x000000008000feda (0xfe043703) x14 0x000000008001205b mem 0x0000000080031f50
core   0: 0x000000008000fede (0xfcf76de3) bltu    a4, a5, pc - 38
core   0: 3 0x000000008000fede (0xfcf76de3)
core   0: 0x000000008000feb8 (0xfe043783) ld      a5, -32(s0)
core   0: 3 0x000000008000feb8 (0xfe043783) x15 0x000000008001205b mem 0x0000000080031f50
core   0: 0x000000008000febc (0x00178713) addi    a4, a5, 1
core   0: 3 0x000000008000febc (0x00178713) x14 0x000000008001205c
core   0: 0x000000008000fec0 (0xfee43023) sd      a4, -32(s0)
core   0: 3 0x000000008000fec0 (0xfee43023) mem 0x0000000080031f50 0x000000008001205c
core   0: 0x000000008000fec4 (0xfc442703) lw      a4, -60(s0)
core   0: 3 0x000000008000fec4 (0xfc442703) x14 0x0000000000000000 mem 0x0000000080031f34
core   0: 0x000000008000fec8 (0x0ff77713) andi    a4, a4, 255
core   0: 3 0x000000008000fec8 (0x0ff77713) x14 0x0000000000000000
core   0: 0x000000008000fecc (0x00e78023) sb      a4, 0(a5)
core   0: 3 0x000000008000fecc (0x00e78023) mem 0x000000008001205b 0x00
core   0: 0x000000008000fed0 (0xfc843703) ld      a4, -56(s0)
core   0: 3 0x000000008000fed0 (0xfc843703) x14 0x0000000080012040 mem 0x0000000080031f38
core   0: 0x000000008000fed4 (0xfb843783) ld      a5, -72(s0)
core   0: 3 0x000000008000fed4 (0xfb843783) x15 0x000000000000009c mem 0x0000000080031f28
core   0: 0x000000008000fed8 (0x000097ba) c.add   a5, a4
core   0: 3 0x000000008000fed8 (0x97ba) x15 0x00000000800120dc
core   0: 0x000000008000feda (0xfe043703) ld      a4, -32(s0)
core   0: 3 0x000000008000feda (0xfe043703) x14 0x000000008001205c mem 0x0000000080031f50
core   0: 0x000000008000fede (0xfcf76de3) bltu    a4, a5, pc - 38
core   0: 3 0x000000008000fede (0xfcf76de3)
core   0: 0x000000008000feb8 (0xfe043783) ld      a5, -32(s0)
core   0: 3 0x000000008000feb8 (0xfe043783) x15 0x000000008001205c mem 0x0000000080031f50
core   0: 0x000000008000febc (0x00178713) addi    a4, a5, 1
core   0: 3 0x000000008000febc (0x00178713) x14 0x000000008001205d
core   0: 0x000000008000fec0 (0xfee43023) sd      a4, -32(s0)
core   0: 3 0x000000008000fec0 (0xfee43023) mem 0x0000000080031f50 0x000000008001205d
core   0: 0x000000008000fec4 (0xfc442703) lw      a4, -60(s0)
core   0: 3 0x000000008000fec4 (0xfc442703) x14 0x0000000000000000 mem 0x0000000080031f34
core   0: 0x000000008000fec8 (0x0ff77713) andi    a4, a4, 255
core   0: 3 0x000000008000fec8 (0x0ff77713) x14 0x0000000000000000
core   0: 0x000000008000fecc (0x00e78023) sb      a4, 0(a5)
core   0: 3 0x000000008000fecc (0x00e78023) mem 0x000000008001205c 0x00
core   0: 0x000000008000fed0 (0xfc843703) ld      a4, -56(s0)
core   0: 3 0x000000008000fed0 (0xfc843703) x14 0x0000000080012040 mem 0x0000000080031f38
core   0: 0x000000008000fed4 (0xfb843783) ld      a5, -72(s0)
core   0: 3 0x000000008000fed4 (0xfb843783) x15 0x000000000000009c mem 0x0000000080031f28
core   0: 0x000000008000fed8 (0x000097ba) c.add   a5, a4
core   0: 3 0x000000008000fed8 (0x97ba) x15 0x00000000800120dc
core   0: 0x000000008000feda (0xfe043703) ld      a4, -32(s0)
core   0: 3 0x000000008000feda (0xfe043703) x14 0x000000008001205d mem 0x0000000080031f50
core   0: 0x000000008000fede (0xfcf76de3) bltu    a4, a5, pc - 38
core   0: 3 0x000000008000fede (0xfcf76de3)
core   0: 0x000000008000feb8 (0xfe043783) ld      a5, -32(s0)
core   0: 3 0x000000008000feb8 (0xfe043783) x15 0x000000008001205d mem 0x0000000080031f50
core   0: 0x000000008000febc (0x00178713) addi    a4, a5, 1
core   0: 3 0x000000008000febc (0x00178713) x14 0x000000008001205e
core   0: 0x000000008000fec0 (0xfee43023) sd      a4, -32(s0)
core   0: 3 0x000000008000fec0 (0xfee43023) mem 0x0000000080031f50 0x000000008001205e
core   0: 0x000000008000fec4 (0xfc442703) lw      a4, -60(s0)
core   0: 3 0x000000008000fec4 (0xfc442703) x14 0x0000000000000000 mem 0x0000000080031f34
core   0: 0x000000008000fec8 (0x0ff77713) andi    a4, a4, 255
core   0: 3 0x000000008000fec8 (0x0ff77713) x14 0x0000000000000000
core   0: 0x000000008000fecc (0x00e78023) sb      a4, 0(a5)
core   0: 3 0x000000008000fecc (0x00e78023) mem 0x000000008001205d 0x00
core   0: 0x000000008000fed0 (0xfc843703) ld      a4, -56(s0)
core   0: 3 0x000000008000fed0 (0xfc843703) x14 0x0000000080012040 mem 0x0000000080031f38
core   0: 0x000000008000fed4 (0xfb843783) ld      a5, -72(s0)
core   0: 3 0x000000008000fed4 (0xfb843783) x15 0x000000000000009c mem 0x0000000080031f28
core   0: 0x000000008000fed8 (0x000097ba) c.add   a5, a4
core   0: 3 0x000000008000fed8 (0x97ba) x15 0x00000000800120dc
core   0: 0x000000008000feda (0xfe043703) ld      a4, -32(s0)
core   0: 3 0x000000008000feda (0xfe043703) x14 0x000000008001205e mem 0x0000000080031f50
core   0: 0x000000008000fede (0xfcf76de3) bltu    a4, a5, pc - 38
core   0: 3 0x000000008000fede (0xfcf76de3)
core   0: 0x000000008000feb8 (0xfe043783) ld      a5, -32(s0)
core   0: 3 0x000000008000feb8 (0xfe043783) x15 0x000000008001205e mem 0x0000000080031f50
core   0: 0x000000008000febc (0x00178713) addi    a4, a5, 1
core   0: 3 0x000000008000febc (0x00178713) x14 0x000000008001205f
core   0: 0x000000008000fec0 (0xfee43023) sd      a4, -32(s0)
core   0: 3 0x000000008000fec0 (0xfee43023) mem 0x0000000080031f50 0x000000008001205f
core   0: 0x000000008000fec4 (0xfc442703) lw      a4, -60(s0)
core   0: 3 0x000000008000fec4 (0xfc442703) x14 0x0000000000000000 mem 0x0000000080031f34
core   0: 0x000000008000fec8 (0x0ff77713) andi    a4, a4, 255
core   0: 3 0x000000008000fec8 (0x0ff77713) x14 0x0000000000000000
core   0: 0x000000008000fecc (0x00e78023) sb      a4, 0(a5)
core   0: 3 0x000000008000fecc (0x00e78023) mem 0x000000008001205e 0x00
core   0: 0x000000008000fed0 (0xfc843703) ld      a4, -56(s0)
core   0: 3 0x000000008000fed0 (0xfc843703) x14 0x0000000080012040 mem 0x0000000080031f38
core   0: 0x000000008000fed4 (0xfb843783) ld      a5, -72(s0)
core   0: 3 0x000000008000fed4 (0xfb843783) x15 0x000000000000009c mem 0x0000000080031f28
core   0: 0x000000008000fed8 (0x000097ba) c.add   a5, a4
core   0: 3 0x000000008000fed8 (0x97ba) x15 0x00000000800120dc
core   0: 0x000000008000feda (0xfe043703) ld      a4, -32(s0)
core   0: 3 0x000000008000feda (0xfe043703) x14 0x000000008001205f mem 0x0000000080031f50
core   0: 0x000000008000fede (0xfcf76de3) bltu    a4, a5, pc - 38
core   0: 3 0x000000008000fede (0xfcf76de3)
core   0: 0x000000008000feb8 (0xfe043783) ld      a5, -32(s0)
core   0: 3 0x000000008000feb8 (0xfe043783) x15 0x000000008001205f mem 0x0000000080031f50
core   0: 0x000000008000febc (0x00178713) addi    a4, a5, 1
core   0: 3 0x000000008000febc (0x00178713) x14 0x0000000080012060
core   0: 0x000000008000fec0 (0xfee43023) sd      a4, -32(s0)
core   0: 3 0x000000008000fec0 (0xfee43023) mem 0x0000000080031f50 0x0000000080012060
core   0: 0x000000008000fec4 (0xfc442703) lw      a4, -60(s0)
core   0: 3 0x000000008000fec4 (0xfc442703) x14 0x0000000000000000 mem 0x0000000080031f34
core   0: 0x000000008000fec8 (0x0ff77713) andi    a4, a4, 255
core   0: 3 0x000000008000fec8 (0x0ff77713) x14 0x0000000000000000
core   0: 0x000000008000fecc (0x00e78023) sb      a4, 0(a5)
core   0: 3 0x000000008000fecc (0x00e78023) mem 0x000000008001205f 0x00
core   0: 0x000000008000fed0 (0xfc843703) ld      a4, -56(s0)
core   0: 3 0x000000008000fed0 (0xfc843703) x14 0x0000000080012040 mem 0x0000000080031f38
core   0: 0x000000008000fed4 (0xfb843783) ld      a5, -72(s0)
core   0: 3 0x000000008000fed4 (0xfb843783) x15 0x000000000000009c mem 0x0000000080031f28
core   0: 0x000000008000fed8 (0x000097ba) c.add   a5, a4
core   0: 3 0x000000008000fed8 (0x97ba) x15 0x00000000800120dc
core   0: 0x000000008000feda (0xfe043703) ld      a4, -32(s0)
core   0: 3 0x000000008000feda (0xfe043703) x14 0x0000000080012060 mem 0x0000000080031f50
core   0: 0x000000008000fede (0xfcf76de3) bltu    a4, a5, pc - 38
core   0: 3 0x000000008000fede (0xfcf76de3)
core   0: 0x000000008000feb8 (0xfe043783) ld      a5, -32(s0)
core   0: 3 0x000000008000feb8 (0xfe043783) x15 0x0000000080012060 mem 0x0000000080031f50
core   0: 0x000000008000febc (0x00178713) addi    a4, a5, 1
core   0: 3 0x000000008000febc (0x00178713) x14 0x0000000080012061
core   0: 0x000000008000fec0 (0xfee43023) sd      a4, -32(s0)
core   0: 3 0x000000008000fec0 (0xfee43023) mem 0x0000000080031f50 0x0000000080012061
core   0: 0x000000008000fec4 (0xfc442703) lw      a4, -60(s0)
core   0: 3 0x000000008000fec4 (0xfc442703) x14 0x0000000000000000 mem 0x0000000080031f34
core   0: 0x000000008000fec8 (0x0ff77713) andi    a4, a4, 255
core   0: 3 0x000000008000fec8 (0x0ff77713) x14 0x0000000000000000
core   0: 0x000000008000fecc (0x00e78023) sb      a4, 0(a5)
core   0: 3 0x000000008000fecc (0x00e78023) mem 0x0000000080012060 0x00
core   0: 0x000000008000fed0 (0xfc843703) ld      a4, -56(s0)
core   0: 3 0x000000008000fed0 (0xfc843703) x14 0x0000000080012040 mem 0x0000000080031f38
core   0: 0x000000008000fed4 (0xfb843783) ld      a5, -72(s0)
core   0: 3 0x000000008000fed4 (0xfb843783) x15 0x000000000000009c mem 0x0000000080031f28
core   0: 0x000000008000fed8 (0x000097ba) c.add   a5, a4
core   0: 3 0x000000008000fed8 (0x97ba) x15 0x00000000800120dc
core   0: 0x000000008000feda (0xfe043703) ld      a4, -32(s0)
core   0: 3 0x000000008000feda (0xfe043703) x14 0x0000000080012061 mem 0x0000000080031f50
core   0: 0x000000008000fede (0xfcf76de3) bltu    a4, a5, pc - 38
core   0: 3 0x000000008000fede (0xfcf76de3)
core   0: 0x000000008000feb8 (0xfe043783) ld      a5, -32(s0)
core   0: 3 0x000000008000feb8 (0xfe043783) x15 0x0000000080012061 mem 0x0000000080031f50
core   0: 0x000000008000febc (0x00178713) addi    a4, a5, 1
core   0: 3 0x000000008000febc (0x00178713) x14 0x0000000080012062
core   0: 0x000000008000fec0 (0xfee43023) sd      a4, -32(s0)
core   0: 3 0x000000008000fec0 (0xfee43023) mem 0x0000000080031f50 0x0000000080012062
core   0: 0x000000008000fec4 (0xfc442703) lw      a4, -60(s0)
core   0: 3 0x000000008000fec4 (0xfc442703) x14 0x0000000000000000 mem 0x0000000080031f34
core   0: 0x000000008000fec8 (0x0ff77713) andi    a4, a4, 255
core   0: 3 0x000000008000fec8 (0x0ff77713) x14 0x0000000000000000
core   0: 0x000000008000fecc (0x00e78023) sb      a4, 0(a5)
core   0: 3 0x000000008000fecc (0x00e78023) mem 0x0000000080012061 0x00
core   0: 0x000000008000fed0 (0xfc843703) ld      a4, -56(s0)
core   0: 3 0x000000008000fed0 (0xfc843703) x14 0x0000000080012040 mem 0x0000000080031f38
core   0: 0x000000008000fed4 (0xfb843783) ld      a5, -72(s0)
core   0: 3 0x000000008000fed4 (0xfb843783) x15 0x000000000000009c mem 0x0000000080031f28
core   0: 0x000000008000fed8 (0x000097ba) c.add   a5, a4
core   0: 3 0x000000008000fed8 (0x97ba) x15 0x00000000800120dc
core   0: 0x000000008000feda (0xfe043703) ld      a4, -32(s0)
core   0: 3 0x000000008000feda (0xfe043703) x14 0x0000000080012062 mem 0x0000000080031f50
core   0: 0x000000008000fede (0xfcf76de3) bltu    a4, a5, pc - 38
core   0: 3 0x000000008000fede (0xfcf76de3)
core   0: 0x000000008000feb8 (0xfe043783) ld      a5, -32(s0)
core   0: 3 0x000000008000feb8 (0xfe043783) x15 0x0000000080012062 mem 0x0000000080031f50
core   0: 0x000000008000febc (0x00178713) addi    a4, a5, 1
core   0: 3 0x000000008000febc (0x00178713) x14 0x0000000080012063
core   0: 0x000000008000fec0 (0xfee43023) sd      a4, -32(s0)
core   0: 3 0x000000008000fec0 (0xfee43023) mem 0x0000000080031f50 0x0000000080012063
core   0: 0x000000008000fec4 (0xfc442703) lw      a4, -60(s0)
core   0: 3 0x000000008000fec4 (0xfc442703) x14 0x0000000000000000 mem 0x0000000080031f34
core   0: 0x000000008000fec8 (0x0ff77713) andi    a4, a4, 255
core   0: 3 0x000000008000fec8 (0x0ff77713) x14 0x0000000000000000
core   0: 0x000000008000fecc (0x00e78023) sb      a4, 0(a5)
core   0: 3 0x000000008000fecc (0x00e78023) mem 0x0000000080012062 0x00
core   0: 0x000000008000fed0 (0xfc843703) ld      a4, -56(s0)
core   0: 3 0x000000008000fed0 (0xfc843703) x14 0x0000000080012040 mem 0x0000000080031f38
core   0: 0x000000008000fed4 (0xfb843783) ld      a5, -72(s0)
core   0: 3 0x000000008000fed4 (0xfb843783) x15 0x000000000000009c mem 0x0000000080031f28
core   0: 0x000000008000fed8 (0x000097ba) c.add   a5, a4
core   0: 3 0x000000008000fed8 (0x97ba) x15 0x00000000800120dc
core   0: 0x000000008000feda (0xfe043703) ld      a4, -32(s0)
core   0: 3 0x000000008000feda (0xfe043703) x14 0x0000000080012063 mem 0x0000000080031f50
core   0: 0x000000008000fede (0xfcf76de3) bltu    a4, a5, pc - 38
core   0: 3 0x000000008000fede (0xfcf76de3)
core   0: 0x000000008000feb8 (0xfe043783) ld      a5, -32(s0)
core   0: 3 0x000000008000feb8 (0xfe043783) x15 0x0000000080012063 mem 0x0000000080031f50
core   0: 0x000000008000febc (0x00178713) addi    a4, a5, 1
core   0: 3 0x000000008000febc (0x00178713) x14 0x0000000080012064
core   0: 0x000000008000fec0 (0xfee43023) sd      a4, -32(s0)
core   0: 3 0x000000008000fec0 (0xfee43023) mem 0x0000000080031f50 0x0000000080012064
core   0: 0x000000008000fec4 (0xfc442703) lw      a4, -60(s0)
core   0: 3 0x000000008000fec4 (0xfc442703) x14 0x0000000000000000 mem 0x0000000080031f34
core   0: 0x000000008000fec8 (0x0ff77713) andi    a4, a4, 255
core   0: 3 0x000000008000fec8 (0x0ff77713) x14 0x0000000000000000
core   0: 0x000000008000fecc (0x00e78023) sb      a4, 0(a5)
core   0: 3 0x000000008000fecc (0x00e78023) mem 0x0000000080012063 0x00
core   0: 0x000000008000fed0 (0xfc843703) ld      a4, -56(s0)
core   0: 3 0x000000008000fed0 (0xfc843703) x14 0x0000000080012040 mem 0x0000000080031f38
core   0: 0x000000008000fed4 (0xfb843783) ld      a5, -72(s0)
core   0: 3 0x000000008000fed4 (0xfb843783) x15 0x000000000000009c mem 0x0000000080031f28
core   0: 0x000000008000fed8 (0x000097ba) c.add   a5, a4
core   0: 3 0x000000008000fed8 (0x97ba) x15 0x00000000800120dc
core   0: 0x000000008000feda (0xfe043703) ld      a4, -32(s0)
core   0: 3 0x000000008000feda (0xfe043703) x14 0x0000000080012064 mem 0x0000000080031f50
core   0: 0x000000008000fede (0xfcf76de3) bltu    a4, a5, pc - 38
core   0: 3 0x000000008000fede (0xfcf76de3)
core   0: 0x000000008000feb8 (0xfe043783) ld      a5, -32(s0)
core   0: 3 0x000000008000feb8 (0xfe043783) x15 0x0000000080012064 mem 0x0000000080031f50
core   0: 0x000000008000febc (0x00178713) addi    a4, a5, 1
core   0: 3 0x000000008000febc (0x00178713) x14 0x0000000080012065
core   0: 0x000000008000fec0 (0xfee43023) sd      a4, -32(s0)
core   0: 3 0x000000008000fec0 (0xfee43023) mem 0x0000000080031f50 0x0000000080012065
core   0: 0x000000008000fec4 (0xfc442703) lw      a4, -60(s0)
core   0: 3 0x000000008000fec4 (0xfc442703) x14 0x0000000000000000 mem 0x0000000080031f34
core   0: 0x000000008000fec8 (0x0ff77713) andi    a4, a4, 255
core   0: 3 0x000000008000fec8 (0x0ff77713) x14 0x0000000000000000
core   0: 0x000000008000fecc (0x00e78023) sb      a4, 0(a5)
core   0: 3 0x000000008000fecc (0x00e78023) mem 0x0000000080012064 0x00
core   0: 0x000000008000fed0 (0xfc843703) ld      a4, -56(s0)
core   0: 3 0x000000008000fed0 (0xfc843703) x14 0x0000000080012040 mem 0x0000000080031f38
core   0: 0x000000008000fed4 (0xfb843783) ld      a5, -72(s0)
core   0: 3 0x000000008000fed4 (0xfb843783) x15 0x000000000000009c mem 0x0000000080031f28
core   0: 0x000000008000fed8 (0x000097ba) c.add   a5, a4
core   0: 3 0x000000008000fed8 (0x97ba) x15 0x00000000800120dc
core   0: 0x000000008000feda (0xfe043703) ld      a4, -32(s0)
core   0: 3 0x000000008000feda (0xfe043703) x14 0x0000000080012065 mem 0x0000000080031f50
core   0: 0x000000008000fede (0xfcf76de3) bltu    a4, a5, pc - 38
core   0: 3 0x000000008000fede (0xfcf76de3)
core   0: 0x000000008000feb8 (0xfe043783) ld      a5, -32(s0)
core   0: 3 0x000000008000feb8 (0xfe043783) x15 0x0000000080012065 mem 0x0000000080031f50
core   0: 0x000000008000febc (0x00178713) addi    a4, a5, 1
core   0: 3 0x000000008000febc (0x00178713) x14 0x0000000080012066
core   0: 0x000000008000fec0 (0xfee43023) sd      a4, -32(s0)
core   0: 3 0x000000008000fec0 (0xfee43023) mem 0x0000000080031f50 0x0000000080012066
core   0: 0x000000008000fec4 (0xfc442703) lw      a4, -60(s0)
core   0: 3 0x000000008000fec4 (0xfc442703) x14 0x0000000000000000 mem 0x0000000080031f34
core   0: 0x000000008000fec8 (0x0ff77713) andi    a4, a4, 255
core   0: 3 0x000000008000fec8 (0x0ff77713) x14 0x0000000000000000
core   0: 0x000000008000fecc (0x00e78023) sb      a4, 0(a5)
core   0: 3 0x000000008000fecc (0x00e78023) mem 0x0000000080012065 0x00
core   0: 0x000000008000fed0 (0xfc843703) ld      a4, -56(s0)
core   0: 3 0x000000008000fed0 (0xfc843703) x14 0x0000000080012040 mem 0x0000000080031f38
core   0: 0x000000008000fed4 (0xfb843783) ld      a5, -72(s0)
core   0: 3 0x000000008000fed4 (0xfb843783) x15 0x000000000000009c mem 0x0000000080031f28
core   0: 0x000000008000fed8 (0x000097ba) c.add   a5, a4
core   0: 3 0x000000008000fed8 (0x97ba) x15 0x00000000800120dc
core   0: 0x000000008000feda (0xfe043703) ld      a4, -32(s0)
core   0: 3 0x000000008000feda (0xfe043703) x14 0x0000000080012066 mem 0x0000000080031f50
core   0: 0x000000008000fede (0xfcf76de3) bltu    a4, a5, pc - 38
core   0: 3 0x000000008000fede (0xfcf76de3)
core   0: 0x000000008000feb8 (0xfe043783) ld      a5, -32(s0)
core   0: 3 0x000000008000feb8 (0xfe043783) x15 0x0000000080012066 mem 0x0000000080031f50
core   0: 0x000000008000febc (0x00178713) addi    a4, a5, 1
core   0: 3 0x000000008000febc (0x00178713) x14 0x0000000080012067
core   0: 0x000000008000fec0 (0xfee43023) sd      a4, -32(s0)
core   0: 3 0x000000008000fec0 (0xfee43023) mem 0x0000000080031f50 0x0000000080012067
core   0: 0x000000008000fec4 (0xfc442703) lw      a4, -60(s0)
core   0: 3 0x000000008000fec4 (0xfc442703) x14 0x0000000000000000 mem 0x0000000080031f34
core   0: 0x000000008000fec8 (0x0ff77713) andi    a4, a4, 255
core   0: 3 0x000000008000fec8 (0x0ff77713) x14 0x0000000000000000
core   0: 0x000000008000fecc (0x00e78023) sb      a4, 0(a5)
core   0: 3 0x000000008000fecc (0x00e78023) mem 0x0000000080012066 0x00
core   0: 0x000000008000fed0 (0xfc843703) ld      a4, -56(s0)
core   0: 3 0x000000008000fed0 (0xfc843703) x14 0x0000000080012040 mem 0x0000000080031f38
core   0: 0x000000008000fed4 (0xfb843783) ld      a5, -72(s0)
core   0: 3 0x000000008000fed4 (0xfb843783) x15 0x000000000000009c mem 0x0000000080031f28
core   0: 0x000000008000fed8 (0x000097ba) c.add   a5, a4
core   0: 3 0x000000008000fed8 (0x97ba) x15 0x00000000800120dc
core   0: 0x000000008000feda (0xfe043703) ld      a4, -32(s0)
core   0: 3 0x000000008000feda (0xfe043703) x14 0x0000000080012067 mem 0x0000000080031f50
core   0: 0x000000008000fede (0xfcf76de3) bltu    a4, a5, pc - 38
core   0: 3 0x000000008000fede (0xfcf76de3)
core   0: 0x000000008000feb8 (0xfe043783) ld      a5, -32(s0)
core   0: 3 0x000000008000feb8 (0xfe043783) x15 0x0000000080012067 mem 0x0000000080031f50
core   0: 0x000000008000febc (0x00178713) addi    a4, a5, 1
core   0: 3 0x000000008000febc (0x00178713) x14 0x0000000080012068
core   0: 0x000000008000fec0 (0xfee43023) sd      a4, -32(s0)
core   0: 3 0x000000008000fec0 (0xfee43023) mem 0x0000000080031f50 0x0000000080012068
core   0: 0x000000008000fec4 (0xfc442703) lw      a4, -60(s0)
core   0: 3 0x000000008000fec4 (0xfc442703) x14 0x0000000000000000 mem 0x0000000080031f34
core   0: 0x000000008000fec8 (0x0ff77713) andi    a4, a4, 255
core   0: 3 0x000000008000fec8 (0x0ff77713) x14 0x0000000000000000
core   0: 0x000000008000fecc (0x00e78023) sb      a4, 0(a5)
core   0: 3 0x000000008000fecc (0x00e78023) mem 0x0000000080012067 0x00
core   0: 0x000000008000fed0 (0xfc843703) ld      a4, -56(s0)
core   0: 3 0x000000008000fed0 (0xfc843703) x14 0x0000000080012040 mem 0x0000000080031f38
core   0: 0x000000008000fed4 (0xfb843783) ld      a5, -72(s0)
core   0: 3 0x000000008000fed4 (0xfb843783) x15 0x000000000000009c mem 0x0000000080031f28
core   0: 0x000000008000fed8 (0x000097ba) c.add   a5, a4
core   0: 3 0x000000008000fed8 (0x97ba) x15 0x00000000800120dc
core   0: 0x000000008000feda (0xfe043703) ld      a4, -32(s0)
core   0: 3 0x000000008000feda (0xfe043703) x14 0x0000000080012068 mem 0x0000000080031f50
core   0: 0x000000008000fede (0xfcf76de3) bltu    a4, a5, pc - 38
core   0: 3 0x000000008000fede (0xfcf76de3)
core   0: 0x000000008000feb8 (0xfe043783) ld      a5, -32(s0)
core   0: 3 0x000000008000feb8 (0xfe043783) x15 0x0000000080012068 mem 0x0000000080031f50
core   0: 0x000000008000febc (0x00178713) addi    a4, a5, 1
core   0: 3 0x000000008000febc (0x00178713) x14 0x0000000080012069
core   0: 0x000000008000fec0 (0xfee43023) sd      a4, -32(s0)
core   0: 3 0x000000008000fec0 (0xfee43023) mem 0x0000000080031f50 0x0000000080012069
core   0: 0x000000008000fec4 (0xfc442703) lw      a4, -60(s0)
core   0: 3 0x000000008000fec4 (0xfc442703) x14 0x0000000000000000 mem 0x0000000080031f34
core   0: 0x000000008000fec8 (0x0ff77713) andi    a4, a4, 255
core   0: 3 0x000000008000fec8 (0x0ff77713) x14 0x0000000000000000
core   0: 0x000000008000fecc (0x00e78023) sb      a4, 0(a5)
core   0: 3 0x000000008000fecc (0x00e78023) mem 0x0000000080012068 0x00
core   0: 0x000000008000fed0 (0xfc843703) ld      a4, -56(s0)
core   0: 3 0x000000008000fed0 (0xfc843703) x14 0x0000000080012040 mem 0x0000000080031f38
core   0: 0x000000008000fed4 (0xfb843783) ld      a5, -72(s0)
core   0: 3 0x000000008000fed4 (0xfb843783) x15 0x000000000000009c mem 0x0000000080031f28
core   0: 0x000000008000fed8 (0x000097ba) c.add   a5, a4
core   0: 3 0x000000008000fed8 (0x97ba) x15 0x00000000800120dc
core   0: 0x000000008000feda (0xfe043703) ld      a4, -32(s0)
core   0: 3 0x000000008000feda (0xfe043703) x14 0x0000000080012069 mem 0x0000000080031f50
core   0: 0x000000008000fede (0xfcf76de3) bltu    a4, a5, pc - 38
core   0: 3 0x000000008000fede (0xfcf76de3)
core   0: 0x000000008000feb8 (0xfe043783) ld      a5, -32(s0)
core   0: 3 0x000000008000feb8 (0xfe043783) x15 0x0000000080012069 mem 0x0000000080031f50
core   0: 0x000000008000febc (0x00178713) addi    a4, a5, 1
core   0: 3 0x000000008000febc (0x00178713) x14 0x000000008001206a
core   0: 0x000000008000fec0 (0xfee43023) sd      a4, -32(s0)
core   0: 3 0x000000008000fec0 (0xfee43023) mem 0x0000000080031f50 0x000000008001206a
core   0: 0x000000008000fec4 (0xfc442703) lw      a4, -60(s0)
core   0: 3 0x000000008000fec4 (0xfc442703) x14 0x0000000000000000 mem 0x0000000080031f34
core   0: 0x000000008000fec8 (0x0ff77713) andi    a4, a4, 255
core   0: 3 0x000000008000fec8 (0x0ff77713) x14 0x0000000000000000
core   0: 0x000000008000fecc (0x00e78023) sb      a4, 0(a5)
core   0: 3 0x000000008000fecc (0x00e78023) mem 0x0000000080012069 0x00
core   0: 0x000000008000fed0 (0xfc843703) ld      a4, -56(s0)
core   0: 3 0x000000008000fed0 (0xfc843703) x14 0x0000000080012040 mem 0x0000000080031f38
core   0: 0x000000008000fed4 (0xfb843783) ld      a5, -72(s0)
core   0: 3 0x000000008000fed4 (0xfb843783) x15 0x000000000000009c mem 0x0000000080031f28
core   0: 0x000000008000fed8 (0x000097ba) c.add   a5, a4
core   0: 3 0x000000008000fed8 (0x97ba) x15 0x00000000800120dc
core   0: 0x000000008000feda (0xfe043703) ld      a4, -32(s0)
core   0: 3 0x000000008000feda (0xfe043703) x14 0x000000008001206a mem 0x0000000080031f50
core   0: 0x000000008000fede (0xfcf76de3) bltu    a4, a5, pc - 38
core   0: 3 0x000000008000fede (0xfcf76de3)
core   0: 0x000000008000feb8 (0xfe043783) ld      a5, -32(s0)
core   0: 3 0x000000008000feb8 (0xfe043783) x15 0x000000008001206a mem 0x0000000080031f50
core   0: 0x000000008000febc (0x00178713) addi    a4, a5, 1
core   0: 3 0x000000008000febc (0x00178713) x14 0x000000008001206b
core   0: 0x000000008000fec0 (0xfee43023) sd      a4, -32(s0)
core   0: 3 0x000000008000fec0 (0xfee43023) mem 0x0000000080031f50 0x000000008001206b
core   0: 0x000000008000fec4 (0xfc442703) lw      a4, -60(s0)
core   0: 3 0x000000008000fec4 (0xfc442703) x14 0x0000000000000000 mem 0x0000000080031f34
core   0: 0x000000008000fec8 (0x0ff77713) andi    a4, a4, 255
core   0: 3 0x000000008000fec8 (0x0ff77713) x14 0x0000000000000000
core   0: 0x000000008000fecc (0x00e78023) sb      a4, 0(a5)
core   0: 3 0x000000008000fecc (0x00e78023) mem 0x000000008001206a 0x00
core   0: 0x000000008000fed0 (0xfc843703) ld      a4, -56(s0)
core   0: 3 0x000000008000fed0 (0xfc843703) x14 0x0000000080012040 mem 0x0000000080031f38
core   0: 0x000000008000fed4 (0xfb843783) ld      a5, -72(s0)
core   0: 3 0x000000008000fed4 (0xfb843783) x15 0x000000000000009c mem 0x0000000080031f28
core   0: 0x000000008000fed8 (0x000097ba) c.add   a5, a4
core   0: 3 0x000000008000fed8 (0x97ba) x15 0x00000000800120dc
core   0: 0x000000008000feda (0xfe043703) ld      a4, -32(s0)
core   0: 3 0x000000008000feda (0xfe043703) x14 0x000000008001206b mem 0x0000000080031f50
core   0: 0x000000008000fede (0xfcf76de3) bltu    a4, a5, pc - 38
core   0: 3 0x000000008000fede (0xfcf76de3)
core   0: 0x000000008000feb8 (0xfe043783) ld      a5, -32(s0)
core   0: 3 0x000000008000feb8 (0xfe043783) x15 0x000000008001206b mem 0x0000000080031f50
core   0: 0x000000008000febc (0x00178713) addi    a4, a5, 1
core   0: 3 0x000000008000febc (0x00178713) x14 0x000000008001206c
core   0: 0x000000008000fec0 (0xfee43023) sd      a4, -32(s0)
core   0: 3 0x000000008000fec0 (0xfee43023) mem 0x0000000080031f50 0x000000008001206c
core   0: 0x000000008000fec4 (0xfc442703) lw      a4, -60(s0)
core   0: 3 0x000000008000fec4 (0xfc442703) x14 0x0000000000000000 mem 0x0000000080031f34
core   0: 0x000000008000fec8 (0x0ff77713) andi    a4, a4, 255
core   0: 3 0x000000008000fec8 (0x0ff77713) x14 0x0000000000000000
core   0: 0x000000008000fecc (0x00e78023) sb      a4, 0(a5)
core   0: 3 0x000000008000fecc (0x00e78023) mem 0x000000008001206b 0x00
core   0: 0x000000008000fed0 (0xfc843703) ld      a4, -56(s0)
core   0: 3 0x000000008000fed0 (0xfc843703) x14 0x0000000080012040 mem 0x0000000080031f38
core   0: 0x000000008000fed4 (0xfb843783) ld      a5, -72(s0)
core   0: 3 0x000000008000fed4 (0xfb843783) x15 0x000000000000009c mem 0x0000000080031f28
core   0: 0x000000008000fed8 (0x000097ba) c.add   a5, a4
core   0: 3 0x000000008000fed8 (0x97ba) x15 0x00000000800120dc
core   0: 0x000000008000feda (0xfe043703) ld      a4, -32(s0)
core   0: 3 0x000000008000feda (0xfe043703) x14 0x000000008001206c mem 0x0000000080031f50
core   0: 0x000000008000fede (0xfcf76de3) bltu    a4, a5, pc - 38
core   0: 3 0x000000008000fede (0xfcf76de3)
core   0: 0x000000008000feb8 (0xfe043783) ld      a5, -32(s0)
core   0: 3 0x000000008000feb8 (0xfe043783) x15 0x000000008001206c mem 0x0000000080031f50
core   0: 0x000000008000febc (0x00178713) addi    a4, a5, 1
core   0: 3 0x000000008000febc (0x00178713) x14 0x000000008001206d
core   0: 0x000000008000fec0 (0xfee43023) sd      a4, -32(s0)
core   0: 3 0x000000008000fec0 (0xfee43023) mem 0x0000000080031f50 0x000000008001206d
core   0: 0x000000008000fec4 (0xfc442703) lw      a4, -60(s0)
core   0: 3 0x000000008000fec4 (0xfc442703) x14 0x0000000000000000 mem 0x0000000080031f34
core   0: 0x000000008000fec8 (0x0ff77713) andi    a4, a4, 255
core   0: 3 0x000000008000fec8 (0x0ff77713) x14 0x0000000000000000
core   0: 0x000000008000fecc (0x00e78023) sb      a4, 0(a5)
core   0: 3 0x000000008000fecc (0x00e78023) mem 0x000000008001206c 0x00
core   0: 0x000000008000fed0 (0xfc843703) ld      a4, -56(s0)
core   0: 3 0x000000008000fed0 (0xfc843703) x14 0x0000000080012040 mem 0x0000000080031f38
core   0: 0x000000008000fed4 (0xfb843783) ld      a5, -72(s0)
core   0: 3 0x000000008000fed4 (0xfb843783) x15 0x000000000000009c mem 0x0000000080031f28
core   0: 0x000000008000fed8 (0x000097ba) c.add   a5, a4
core   0: 3 0x000000008000fed8 (0x97ba) x15 0x00000000800120dc
core   0: 0x000000008000feda (0xfe043703) ld      a4, -32(s0)
core   0: 3 0x000000008000feda (0xfe043703) x14 0x000000008001206d mem 0x0000000080031f50
core   0: 0x000000008000fede (0xfcf76de3) bltu    a4, a5, pc - 38
core   0: 3 0x000000008000fede (0xfcf76de3)
core   0: 0x000000008000feb8 (0xfe043783) ld      a5, -32(s0)
core   0: 3 0x000000008000feb8 (0xfe043783) x15 0x000000008001206d mem 0x0000000080031f50
core   0: 0x000000008000febc (0x00178713) addi    a4, a5, 1
core   0: 3 0x000000008000febc (0x00178713) x14 0x000000008001206e
core   0: 0x000000008000fec0 (0xfee43023) sd      a4, -32(s0)
core   0: 3 0x000000008000fec0 (0xfee43023) mem 0x0000000080031f50 0x000000008001206e
core   0: 0x000000008000fec4 (0xfc442703) lw      a4, -60(s0)
core   0: 3 0x000000008000fec4 (0xfc442703) x14 0x0000000000000000 mem 0x0000000080031f34
core   0: 0x000000008000fec8 (0x0ff77713) andi    a4, a4, 255
core   0: 3 0x000000008000fec8 (0x0ff77713) x14 0x0000000000000000
core   0: 0x000000008000fecc (0x00e78023) sb      a4, 0(a5)
core   0: 3 0x000000008000fecc (0x00e78023) mem 0x000000008001206d 0x00
core   0: 0x000000008000fed0 (0xfc843703) ld      a4, -56(s0)
core   0: 3 0x000000008000fed0 (0xfc843703) x14 0x0000000080012040 mem 0x0000000080031f38
core   0: 0x000000008000fed4 (0xfb843783) ld      a5, -72(s0)
core   0: 3 0x000000008000fed4 (0xfb843783) x15 0x000000000000009c mem 0x0000000080031f28
core   0: 0x000000008000fed8 (0x000097ba) c.add   a5, a4
core   0: 3 0x000000008000fed8 (0x97ba) x15 0x00000000800120dc
core   0: 0x000000008000feda (0xfe043703) ld      a4, -32(s0)
core   0: 3 0x000000008000feda (0xfe043703) x14 0x000000008001206e mem 0x0000000080031f50
core   0: 0x000000008000fede (0xfcf76de3) bltu    a4, a5, pc - 38
core   0: 3 0x000000008000fede (0xfcf76de3)
core   0: 0x000000008000feb8 (0xfe043783) ld      a5, -32(s0)
core   0: 3 0x000000008000feb8 (0xfe043783) x15 0x000000008001206e mem 0x0000000080031f50
core   0: 0x000000008000febc (0x00178713) addi    a4, a5, 1
core   0: 3 0x000000008000febc (0x00178713) x14 0x000000008001206f
core   0: 0x000000008000fec0 (0xfee43023) sd      a4, -32(s0)
core   0: 3 0x000000008000fec0 (0xfee43023) mem 0x0000000080031f50 0x000000008001206f
core   0: 0x000000008000fec4 (0xfc442703) lw      a4, -60(s0)
core   0: 3 0x000000008000fec4 (0xfc442703) x14 0x0000000000000000 mem 0x0000000080031f34
core   0: 0x000000008000fec8 (0x0ff77713) andi    a4, a4, 255
core   0: 3 0x000000008000fec8 (0x0ff77713) x14 0x0000000000000000
core   0: 0x000000008000fecc (0x00e78023) sb      a4, 0(a5)
core   0: 3 0x000000008000fecc (0x00e78023) mem 0x000000008001206e 0x00
core   0: 0x000000008000fed0 (0xfc843703) ld      a4, -56(s0)
core   0: 3 0x000000008000fed0 (0xfc843703) x14 0x0000000080012040 mem 0x0000000080031f38
core   0: 0x000000008000fed4 (0xfb843783) ld      a5, -72(s0)
core   0: 3 0x000000008000fed4 (0xfb843783) x15 0x000000000000009c mem 0x0000000080031f28
core   0: 0x000000008000fed8 (0x000097ba) c.add   a5, a4
core   0: 3 0x000000008000fed8 (0x97ba) x15 0x00000000800120dc
core   0: 0x000000008000feda (0xfe043703) ld      a4, -32(s0)
core   0: 3 0x000000008000feda (0xfe043703) x14 0x000000008001206f mem 0x0000000080031f50
core   0: 0x000000008000fede (0xfcf76de3) bltu    a4, a5, pc - 38
core   0: 3 0x000000008000fede (0xfcf76de3)
core   0: 0x000000008000feb8 (0xfe043783) ld      a5, -32(s0)
core   0: 3 0x000000008000feb8 (0xfe043783) x15 0x000000008001206f mem 0x0000000080031f50
core   0: 0x000000008000febc (0x00178713) addi    a4, a5, 1
core   0: 3 0x000000008000febc (0x00178713) x14 0x0000000080012070
core   0: 0x000000008000fec0 (0xfee43023) sd      a4, -32(s0)
core   0: 3 0x000000008000fec0 (0xfee43023) mem 0x0000000080031f50 0x0000000080012070
core   0: 0x000000008000fec4 (0xfc442703) lw      a4, -60(s0)
core   0: 3 0x000000008000fec4 (0xfc442703) x14 0x0000000000000000 mem 0x0000000080031f34
core   0: 0x000000008000fec8 (0x0ff77713) andi    a4, a4, 255
core   0: 3 0x000000008000fec8 (0x0ff77713) x14 0x0000000000000000
core   0: 0x000000008000fecc (0x00e78023) sb      a4, 0(a5)
core   0: 3 0x000000008000fecc (0x00e78023) mem 0x000000008001206f 0x00
core   0: 0x000000008000fed0 (0xfc843703) ld      a4, -56(s0)
core   0: 3 0x000000008000fed0 (0xfc843703) x14 0x0000000080012040 mem 0x0000000080031f38
core   0: 0x000000008000fed4 (0xfb843783) ld      a5, -72(s0)
core   0: 3 0x000000008000fed4 (0xfb843783) x15 0x000000000000009c mem 0x0000000080031f28
core   0: 0x000000008000fed8 (0x000097ba) c.add   a5, a4
core   0: 3 0x000000008000fed8 (0x97ba) x15 0x00000000800120dc
core   0: 0x000000008000feda (0xfe043703) ld      a4, -32(s0)
core   0: 3 0x000000008000feda (0xfe043703) x14 0x0000000080012070 mem 0x0000000080031f50
core   0: 0x000000008000fede (0xfcf76de3) bltu    a4, a5, pc - 38
core   0: 3 0x000000008000fede (0xfcf76de3)
core   0: 0x000000008000feb8 (0xfe043783) ld      a5, -32(s0)
core   0: 3 0x000000008000feb8 (0xfe043783) x15 0x0000000080012070 mem 0x0000000080031f50
core   0: 0x000000008000febc (0x00178713) addi    a4, a5, 1
core   0: 3 0x000000008000febc (0x00178713) x14 0x0000000080012071
core   0: 0x000000008000fec0 (0xfee43023) sd      a4, -32(s0)
core   0: 3 0x000000008000fec0 (0xfee43023) mem 0x0000000080031f50 0x0000000080012071
core   0: 0x000000008000fec4 (0xfc442703) lw      a4, -60(s0)
core   0: 3 0x000000008000fec4 (0xfc442703) x14 0x0000000000000000 mem 0x0000000080031f34
core   0: 0x000000008000fec8 (0x0ff77713) andi    a4, a4, 255
core   0: 3 0x000000008000fec8 (0x0ff77713) x14 0x0000000000000000
core   0: 0x000000008000fecc (0x00e78023) sb      a4, 0(a5)
core   0: 3 0x000000008000fecc (0x00e78023) mem 0x0000000080012070 0x00
core   0: 0x000000008000fed0 (0xfc843703) ld      a4, -56(s0)
core   0: 3 0x000000008000fed0 (0xfc843703) x14 0x0000000080012040 mem 0x0000000080031f38
core   0: 0x000000008000fed4 (0xfb843783) ld      a5, -72(s0)
core   0: 3 0x000000008000fed4 (0xfb843783) x15 0x000000000000009c mem 0x0000000080031f28
core   0: 0x000000008000fed8 (0x000097ba) c.add   a5, a4
core   0: 3 0x000000008000fed8 (0x97ba) x15 0x00000000800120dc
core   0: 0x000000008000feda (0xfe043703) ld      a4, -32(s0)
core   0: 3 0x000000008000feda (0xfe043703) x14 0x0000000080012071 mem 0x0000000080031f50
core   0: 0x000000008000fede (0xfcf76de3) bltu    a4, a5, pc - 38
core   0: 3 0x000000008000fede (0xfcf76de3)
core   0: 0x000000008000feb8 (0xfe043783) ld      a5, -32(s0)
core   0: 3 0x000000008000feb8 (0xfe043783) x15 0x0000000080012071 mem 0x0000000080031f50
core   0: 0x000000008000febc (0x00178713) addi    a4, a5, 1
core   0: 3 0x000000008000febc (0x00178713) x14 0x0000000080012072
core   0: 0x000000008000fec0 (0xfee43023) sd      a4, -32(s0)
core   0: 3 0x000000008000fec0 (0xfee43023) mem 0x0000000080031f50 0x0000000080012072
core   0: 0x000000008000fec4 (0xfc442703) lw      a4, -60(s0)
core   0: 3 0x000000008000fec4 (0xfc442703) x14 0x0000000000000000 mem 0x0000000080031f34
core   0: 0x000000008000fec8 (0x0ff77713) andi    a4, a4, 255
core   0: 3 0x000000008000fec8 (0x0ff77713) x14 0x0000000000000000
core   0: 0x000000008000fecc (0x00e78023) sb      a4, 0(a5)
core   0: 3 0x000000008000fecc (0x00e78023) mem 0x0000000080012071 0x00
core   0: 0x000000008000fed0 (0xfc843703) ld      a4, -56(s0)
core   0: 3 0x000000008000fed0 (0xfc843703) x14 0x0000000080012040 mem 0x0000000080031f38
core   0: 0x000000008000fed4 (0xfb843783) ld      a5, -72(s0)
core   0: 3 0x000000008000fed4 (0xfb843783) x15 0x000000000000009c mem 0x0000000080031f28
core   0: 0x000000008000fed8 (0x000097ba) c.add   a5, a4
core   0: 3 0x000000008000fed8 (0x97ba) x15 0x00000000800120dc
core   0: 0x000000008000feda (0xfe043703) ld      a4, -32(s0)
core   0: 3 0x000000008000feda (0xfe043703) x14 0x0000000080012072 mem 0x0000000080031f50
core   0: 0x000000008000fede (0xfcf76de3) bltu    a4, a5, pc - 38
core   0: 3 0x000000008000fede (0xfcf76de3)
core   0: 0x000000008000feb8 (0xfe043783) ld      a5, -32(s0)
core   0: 3 0x000000008000feb8 (0xfe043783) x15 0x0000000080012072 mem 0x0000000080031f50
core   0: 0x000000008000febc (0x00178713) addi    a4, a5, 1
core   0: 3 0x000000008000febc (0x00178713) x14 0x0000000080012073
core   0: 0x000000008000fec0 (0xfee43023) sd      a4, -32(s0)
core   0: 3 0x000000008000fec0 (0xfee43023) mem 0x0000000080031f50 0x0000000080012073
core   0: 0x000000008000fec4 (0xfc442703) lw      a4, -60(s0)
core   0: 3 0x000000008000fec4 (0xfc442703) x14 0x0000000000000000 mem 0x0000000080031f34
core   0: 0x000000008000fec8 (0x0ff77713) andi    a4, a4, 255
core   0: 3 0x000000008000fec8 (0x0ff77713) x14 0x0000000000000000
core   0: 0x000000008000fecc (0x00e78023) sb      a4, 0(a5)
core   0: 3 0x000000008000fecc (0x00e78023) mem 0x0000000080012072 0x00
core   0: 0x000000008000fed0 (0xfc843703) ld      a4, -56(s0)
core   0: 3 0x000000008000fed0 (0xfc843703) x14 0x0000000080012040 mem 0x0000000080031f38
core   0: 0x000000008000fed4 (0xfb843783) ld      a5, -72(s0)
core   0: 3 0x000000008000fed4 (0xfb843783) x15 0x000000000000009c mem 0x0000000080031f28
core   0: 0x000000008000fed8 (0x000097ba) c.add   a5, a4
core   0: 3 0x000000008000fed8 (0x97ba) x15 0x00000000800120dc
core   0: 0x000000008000feda (0xfe043703) ld      a4, -32(s0)
core   0: 3 0x000000008000feda (0xfe043703) x14 0x0000000080012073 mem 0x0000000080031f50
core   0: 0x000000008000fede (0xfcf76de3) bltu    a4, a5, pc - 38
core   0: 3 0x000000008000fede (0xfcf76de3)
core   0: 0x000000008000feb8 (0xfe043783) ld      a5, -32(s0)
core   0: 3 0x000000008000feb8 (0xfe043783) x15 0x0000000080012073 mem 0x0000000080031f50
core   0: 0x000000008000febc (0x00178713) addi    a4, a5, 1
core   0: 3 0x000000008000febc (0x00178713) x14 0x0000000080012074
core   0: 0x000000008000fec0 (0xfee43023) sd      a4, -32(s0)
core   0: 3 0x000000008000fec0 (0xfee43023) mem 0x0000000080031f50 0x0000000080012074
core   0: 0x000000008000fec4 (0xfc442703) lw      a4, -60(s0)
core   0: 3 0x000000008000fec4 (0xfc442703) x14 0x0000000000000000 mem 0x0000000080031f34
core   0: 0x000000008000fec8 (0x0ff77713) andi    a4, a4, 255
core   0: 3 0x000000008000fec8 (0x0ff77713) x14 0x0000000000000000
core   0: 0x000000008000fecc (0x00e78023) sb      a4, 0(a5)
core   0: 3 0x000000008000fecc (0x00e78023) mem 0x0000000080012073 0x00
core   0: 0x000000008000fed0 (0xfc843703) ld      a4, -56(s0)
core   0: 3 0x000000008000fed0 (0xfc843703) x14 0x0000000080012040 mem 0x0000000080031f38
core   0: 0x000000008000fed4 (0xfb843783) ld      a5, -72(s0)
core   0: 3 0x000000008000fed4 (0xfb843783) x15 0x000000000000009c mem 0x0000000080031f28
core   0: 0x000000008000fed8 (0x000097ba) c.add   a5, a4
core   0: 3 0x000000008000fed8 (0x97ba) x15 0x00000000800120dc
core   0: 0x000000008000feda (0xfe043703) ld      a4, -32(s0)
core   0: 3 0x000000008000feda (0xfe043703) x14 0x0000000080012074 mem 0x0000000080031f50
core   0: 0x000000008000fede (0xfcf76de3) bltu    a4, a5, pc - 38
core   0: 3 0x000000008000fede (0xfcf76de3)
core   0: 0x000000008000feb8 (0xfe043783) ld      a5, -32(s0)
core   0: 3 0x000000008000feb8 (0xfe043783) x15 0x0000000080012074 mem 0x0000000080031f50
core   0: 0x000000008000febc (0x00178713) addi    a4, a5, 1
core   0: 3 0x000000008000febc (0x00178713) x14 0x0000000080012075
core   0: 0x000000008000fec0 (0xfee43023) sd      a4, -32(s0)
core   0: 3 0x000000008000fec0 (0xfee43023) mem 0x0000000080031f50 0x0000000080012075
core   0: 0x000000008000fec4 (0xfc442703) lw      a4, -60(s0)
core   0: 3 0x000000008000fec4 (0xfc442703) x14 0x0000000000000000 mem 0x0000000080031f34
core   0: 0x000000008000fec8 (0x0ff77713) andi    a4, a4, 255
core   0: 3 0x000000008000fec8 (0x0ff77713) x14 0x0000000000000000
core   0: 0x000000008000fecc (0x00e78023) sb      a4, 0(a5)
core   0: 3 0x000000008000fecc (0x00e78023) mem 0x0000000080012074 0x00
core   0: 0x000000008000fed0 (0xfc843703) ld      a4, -56(s0)
core   0: 3 0x000000008000fed0 (0xfc843703) x14 0x0000000080012040 mem 0x0000000080031f38
core   0: 0x000000008000fed4 (0xfb843783) ld      a5, -72(s0)
core   0: 3 0x000000008000fed4 (0xfb843783) x15 0x000000000000009c mem 0x0000000080031f28
core   0: 0x000000008000fed8 (0x000097ba) c.add   a5, a4
core   0: 3 0x000000008000fed8 (0x97ba) x15 0x00000000800120dc
core   0: 0x000000008000feda (0xfe043703) ld      a4, -32(s0)
core   0: 3 0x000000008000feda (0xfe043703) x14 0x0000000080012075 mem 0x0000000080031f50
core   0: 0x000000008000fede (0xfcf76de3) bltu    a4, a5, pc - 38
core   0: 3 0x000000008000fede (0xfcf76de3)
core   0: 0x000000008000feb8 (0xfe043783) ld      a5, -32(s0)
core   0: 3 0x000000008000feb8 (0xfe043783) x15 0x0000000080012075 mem 0x0000000080031f50
core   0: 0x000000008000febc (0x00178713) addi    a4, a5, 1
core   0: 3 0x000000008000febc (0x00178713) x14 0x0000000080012076
core   0: 0x000000008000fec0 (0xfee43023) sd      a4, -32(s0)
core   0: 3 0x000000008000fec0 (0xfee43023) mem 0x0000000080031f50 0x0000000080012076
core   0: 0x000000008000fec4 (0xfc442703) lw      a4, -60(s0)
core   0: 3 0x000000008000fec4 (0xfc442703) x14 0x0000000000000000 mem 0x0000000080031f34
core   0: 0x000000008000fec8 (0x0ff77713) andi    a4, a4, 255
core   0: 3 0x000000008000fec8 (0x0ff77713) x14 0x0000000000000000
core   0: 0x000000008000fecc (0x00e78023) sb      a4, 0(a5)
core   0: 3 0x000000008000fecc (0x00e78023) mem 0x0000000080012075 0x00
core   0: 0x000000008000fed0 (0xfc843703) ld      a4, -56(s0)
core   0: 3 0x000000008000fed0 (0xfc843703) x14 0x0000000080012040 mem 0x0000000080031f38
core   0: 0x000000008000fed4 (0xfb843783) ld      a5, -72(s0)
core   0: 3 0x000000008000fed4 (0xfb843783) x15 0x000000000000009c mem 0x0000000080031f28
core   0: 0x000000008000fed8 (0x000097ba) c.add   a5, a4
core   0: 3 0x000000008000fed8 (0x97ba) x15 0x00000000800120dc
core   0: 0x000000008000feda (0xfe043703) ld      a4, -32(s0)
core   0: 3 0x000000008000feda (0xfe043703) x14 0x0000000080012076 mem 0x0000000080031f50
core   0: 0x000000008000fede (0xfcf76de3) bltu    a4, a5, pc - 38
core   0: 3 0x000000008000fede (0xfcf76de3)
core   0: 0x000000008000feb8 (0xfe043783) ld      a5, -32(s0)
core   0: 3 0x000000008000feb8 (0xfe043783) x15 0x0000000080012076 mem 0x0000000080031f50
core   0: 0x000000008000febc (0x00178713) addi    a4, a5, 1
core   0: 3 0x000000008000febc (0x00178713) x14 0x0000000080012077
core   0: 0x000000008000fec0 (0xfee43023) sd      a4, -32(s0)
core   0: 3 0x000000008000fec0 (0xfee43023) mem 0x0000000080031f50 0x0000000080012077
core   0: 0x000000008000fec4 (0xfc442703) lw      a4, -60(s0)
core   0: 3 0x000000008000fec4 (0xfc442703) x14 0x0000000000000000 mem 0x0000000080031f34
core   0: 0x000000008000fec8 (0x0ff77713) andi    a4, a4, 255
core   0: 3 0x000000008000fec8 (0x0ff77713) x14 0x0000000000000000
core   0: 0x000000008000fecc (0x00e78023) sb      a4, 0(a5)
core   0: 3 0x000000008000fecc (0x00e78023) mem 0x0000000080012076 0x00
core   0: 0x000000008000fed0 (0xfc843703) ld      a4, -56(s0)
core   0: 3 0x000000008000fed0 (0xfc843703) x14 0x0000000080012040 mem 0x0000000080031f38
core   0: 0x000000008000fed4 (0xfb843783) ld      a5, -72(s0)
core   0: 3 0x000000008000fed4 (0xfb843783) x15 0x000000000000009c mem 0x0000000080031f28
core   0: 0x000000008000fed8 (0x000097ba) c.add   a5, a4
core   0: 3 0x000000008000fed8 (0x97ba) x15 0x00000000800120dc
core   0: 0x000000008000feda (0xfe043703) ld      a4, -32(s0)
core   0: 3 0x000000008000feda (0xfe043703) x14 0x0000000080012077 mem 0x0000000080031f50
core   0: 0x000000008000fede (0xfcf76de3) bltu    a4, a5, pc - 38
core   0: 3 0x000000008000fede (0xfcf76de3)
core   0: 0x000000008000feb8 (0xfe043783) ld      a5, -32(s0)
core   0: 3 0x000000008000feb8 (0xfe043783) x15 0x0000000080012077 mem 0x0000000080031f50
core   0: 0x000000008000febc (0x00178713) addi    a4, a5, 1
core   0: 3 0x000000008000febc (0x00178713) x14 0x0000000080012078
core   0: 0x000000008000fec0 (0xfee43023) sd      a4, -32(s0)
core   0: 3 0x000000008000fec0 (0xfee43023) mem 0x0000000080031f50 0x0000000080012078
core   0: 0x000000008000fec4 (0xfc442703) lw      a4, -60(s0)
core   0: 3 0x000000008000fec4 (0xfc442703) x14 0x0000000000000000 mem 0x0000000080031f34
core   0: 0x000000008000fec8 (0x0ff77713) andi    a4, a4, 255
core   0: 3 0x000000008000fec8 (0x0ff77713) x14 0x0000000000000000
core   0: 0x000000008000fecc (0x00e78023) sb      a4, 0(a5)
core   0: 3 0x000000008000fecc (0x00e78023) mem 0x0000000080012077 0x00
core   0: 0x000000008000fed0 (0xfc843703) ld      a4, -56(s0)
core   0: 3 0x000000008000fed0 (0xfc843703) x14 0x0000000080012040 mem 0x0000000080031f38
core   0: 0x000000008000fed4 (0xfb843783) ld      a5, -72(s0)
core   0: 3 0x000000008000fed4 (0xfb843783) x15 0x000000000000009c mem 0x0000000080031f28
core   0: 0x000000008000fed8 (0x000097ba) c.add   a5, a4
core   0: 3 0x000000008000fed8 (0x97ba) x15 0x00000000800120dc
core   0: 0x000000008000feda (0xfe043703) ld      a4, -32(s0)
core   0: 3 0x000000008000feda (0xfe043703) x14 0x0000000080012078 mem 0x0000000080031f50
core   0: 0x000000008000fede (0xfcf76de3) bltu    a4, a5, pc - 38
core   0: 3 0x000000008000fede (0xfcf76de3)
core   0: 0x000000008000feb8 (0xfe043783) ld      a5, -32(s0)
core   0: 3 0x000000008000feb8 (0xfe043783) x15 0x0000000080012078 mem 0x0000000080031f50
core   0: 0x000000008000febc (0x00178713) addi    a4, a5, 1
core   0: 3 0x000000008000febc (0x00178713) x14 0x0000000080012079
core   0: 0x000000008000fec0 (0xfee43023) sd      a4, -32(s0)
core   0: 3 0x000000008000fec0 (0xfee43023) mem 0x0000000080031f50 0x0000000080012079
core   0: 0x000000008000fec4 (0xfc442703) lw      a4, -60(s0)
core   0: 3 0x000000008000fec4 (0xfc442703) x14 0x0000000000000000 mem 0x0000000080031f34
core   0: 0x000000008000fec8 (0x0ff77713) andi    a4, a4, 255
core   0: 3 0x000000008000fec8 (0x0ff77713) x14 0x0000000000000000
core   0: 0x000000008000fecc (0x00e78023) sb      a4, 0(a5)
core   0: 3 0x000000008000fecc (0x00e78023) mem 0x0000000080012078 0x00
core   0: 0x000000008000fed0 (0xfc843703) ld      a4, -56(s0)
core   0: 3 0x000000008000fed0 (0xfc843703) x14 0x0000000080012040 mem 0x0000000080031f38
core   0: 0x000000008000fed4 (0xfb843783) ld      a5, -72(s0)
core   0: 3 0x000000008000fed4 (0xfb843783) x15 0x000000000000009c mem 0x0000000080031f28
core   0: 0x000000008000fed8 (0x000097ba) c.add   a5, a4
core   0: 3 0x000000008000fed8 (0x97ba) x15 0x00000000800120dc
core   0: 0x000000008000feda (0xfe043703) ld      a4, -32(s0)
core   0: 3 0x000000008000feda (0xfe043703) x14 0x0000000080012079 mem 0x0000000080031f50
core   0: 0x000000008000fede (0xfcf76de3) bltu    a4, a5, pc - 38
core   0: 3 0x000000008000fede (0xfcf76de3)
core   0: 0x000000008000feb8 (0xfe043783) ld      a5, -32(s0)
core   0: 3 0x000000008000feb8 (0xfe043783) x15 0x0000000080012079 mem 0x0000000080031f50
core   0: 0x000000008000febc (0x00178713) addi    a4, a5, 1
core   0: 3 0x000000008000febc (0x00178713) x14 0x000000008001207a
core   0: 0x000000008000fec0 (0xfee43023) sd      a4, -32(s0)
core   0: 3 0x000000008000fec0 (0xfee43023) mem 0x0000000080031f50 0x000000008001207a
core   0: 0x000000008000fec4 (0xfc442703) lw      a4, -60(s0)
core   0: 3 0x000000008000fec4 (0xfc442703) x14 0x0000000000000000 mem 0x0000000080031f34
core   0: 0x000000008000fec8 (0x0ff77713) andi    a4, a4, 255
core   0: 3 0x000000008000fec8 (0x0ff77713) x14 0x0000000000000000
core   0: 0x000000008000fecc (0x00e78023) sb      a4, 0(a5)
core   0: 3 0x000000008000fecc (0x00e78023) mem 0x0000000080012079 0x00
core   0: 0x000000008000fed0 (0xfc843703) ld      a4, -56(s0)
core   0: 3 0x000000008000fed0 (0xfc843703) x14 0x0000000080012040 mem 0x0000000080031f38
core   0: 0x000000008000fed4 (0xfb843783) ld      a5, -72(s0)
core   0: 3 0x000000008000fed4 (0xfb843783) x15 0x000000000000009c mem 0x0000000080031f28
core   0: 0x000000008000fed8 (0x000097ba) c.add   a5, a4
core   0: 3 0x000000008000fed8 (0x97ba) x15 0x00000000800120dc
core   0: 0x000000008000feda (0xfe043703) ld      a4, -32(s0)
core   0: 3 0x000000008000feda (0xfe043703) x14 0x000000008001207a mem 0x0000000080031f50
core   0: 0x000000008000fede (0xfcf76de3) bltu    a4, a5, pc - 38
core   0: 3 0x000000008000fede (0xfcf76de3)
core   0: 0x000000008000feb8 (0xfe043783) ld      a5, -32(s0)
core   0: 3 0x000000008000feb8 (0xfe043783) x15 0x000000008001207a mem 0x0000000080031f50
core   0: 0x000000008000febc (0x00178713) addi    a4, a5, 1
core   0: 3 0x000000008000febc (0x00178713) x14 0x000000008001207b
core   0: 0x000000008000fec0 (0xfee43023) sd      a4, -32(s0)
core   0: 3 0x000000008000fec0 (0xfee43023) mem 0x0000000080031f50 0x000000008001207b
core   0: 0x000000008000fec4 (0xfc442703) lw      a4, -60(s0)
core   0: 3 0x000000008000fec4 (0xfc442703) x14 0x0000000000000000 mem 0x0000000080031f34
core   0: 0x000000008000fec8 (0x0ff77713) andi    a4, a4, 255
core   0: 3 0x000000008000fec8 (0x0ff77713) x14 0x0000000000000000
core   0: 0x000000008000fecc (0x00e78023) sb      a4, 0(a5)
core   0: 3 0x000000008000fecc (0x00e78023) mem 0x000000008001207a 0x00
core   0: 0x000000008000fed0 (0xfc843703) ld      a4, -56(s0)
core   0: 3 0x000000008000fed0 (0xfc843703) x14 0x0000000080012040 mem 0x0000000080031f38
core   0: 0x000000008000fed4 (0xfb843783) ld      a5, -72(s0)
core   0: 3 0x000000008000fed4 (0xfb843783) x15 0x000000000000009c mem 0x0000000080031f28
core   0: 0x000000008000fed8 (0x000097ba) c.add   a5, a4
core   0: 3 0x000000008000fed8 (0x97ba) x15 0x00000000800120dc
core   0: 0x000000008000feda (0xfe043703) ld      a4, -32(s0)
core   0: 3 0x000000008000feda (0xfe043703) x14 0x000000008001207b mem 0x0000000080031f50
core   0: 0x000000008000fede (0xfcf76de3) bltu    a4, a5, pc - 38
core   0: 3 0x000000008000fede (0xfcf76de3)
core   0: 0x000000008000feb8 (0xfe043783) ld      a5, -32(s0)
core   0: 3 0x000000008000feb8 (0xfe043783) x15 0x000000008001207b mem 0x0000000080031f50
core   0: 0x000000008000febc (0x00178713) addi    a4, a5, 1
core   0: 3 0x000000008000febc (0x00178713) x14 0x000000008001207c
core   0: 0x000000008000fec0 (0xfee43023) sd      a4, -32(s0)
core   0: 3 0x000000008000fec0 (0xfee43023) mem 0x0000000080031f50 0x000000008001207c
core   0: 0x000000008000fec4 (0xfc442703) lw      a4, -60(s0)
core   0: 3 0x000000008000fec4 (0xfc442703) x14 0x0000000000000000 mem 0x0000000080031f34
core   0: 0x000000008000fec8 (0x0ff77713) andi    a4, a4, 255
core   0: 3 0x000000008000fec8 (0x0ff77713) x14 0x0000000000000000
core   0: 0x000000008000fecc (0x00e78023) sb      a4, 0(a5)
core   0: 3 0x000000008000fecc (0x00e78023) mem 0x000000008001207b 0x00
core   0: 0x000000008000fed0 (0xfc843703) ld      a4, -56(s0)
core   0: 3 0x000000008000fed0 (0xfc843703) x14 0x0000000080012040 mem 0x0000000080031f38
core   0: 0x000000008000fed4 (0xfb843783) ld      a5, -72(s0)
core   0: 3 0x000000008000fed4 (0xfb843783) x15 0x000000000000009c mem 0x0000000080031f28
core   0: 0x000000008000fed8 (0x000097ba) c.add   a5, a4
core   0: 3 0x000000008000fed8 (0x97ba) x15 0x00000000800120dc
core   0: 0x000000008000feda (0xfe043703) ld      a4, -32(s0)
core   0: 3 0x000000008000feda (0xfe043703) x14 0x000000008001207c mem 0x0000000080031f50
core   0: 0x000000008000fede (0xfcf76de3) bltu    a4, a5, pc - 38
core   0: 3 0x000000008000fede (0xfcf76de3)
core   0: 0x000000008000feb8 (0xfe043783) ld      a5, -32(s0)
core   0: 3 0x000000008000feb8 (0xfe043783) x15 0x000000008001207c mem 0x0000000080031f50
core   0: 0x000000008000febc (0x00178713) addi    a4, a5, 1
core   0: 3 0x000000008000febc (0x00178713) x14 0x000000008001207d
core   0: 0x000000008000fec0 (0xfee43023) sd      a4, -32(s0)
core   0: 3 0x000000008000fec0 (0xfee43023) mem 0x0000000080031f50 0x000000008001207d
core   0: 0x000000008000fec4 (0xfc442703) lw      a4, -60(s0)
core   0: 3 0x000000008000fec4 (0xfc442703) x14 0x0000000000000000 mem 0x0000000080031f34
core   0: 0x000000008000fec8 (0x0ff77713) andi    a4, a4, 255
core   0: 3 0x000000008000fec8 (0x0ff77713) x14 0x0000000000000000
core   0: 0x000000008000fecc (0x00e78023) sb      a4, 0(a5)
core   0: 3 0x000000008000fecc (0x00e78023) mem 0x000000008001207c 0x00
core   0: 0x000000008000fed0 (0xfc843703) ld      a4, -56(s0)
core   0: 3 0x000000008000fed0 (0xfc843703) x14 0x0000000080012040 mem 0x0000000080031f38
core   0: 0x000000008000fed4 (0xfb843783) ld      a5, -72(s0)
core   0: 3 0x000000008000fed4 (0xfb843783) x15 0x000000000000009c mem 0x0000000080031f28
core   0: 0x000000008000fed8 (0x000097ba) c.add   a5, a4
core   0: 3 0x000000008000fed8 (0x97ba) x15 0x00000000800120dc
core   0: 0x000000008000feda (0xfe043703) ld      a4, -32(s0)
core   0: 3 0x000000008000feda (0xfe043703) x14 0x000000008001207d mem 0x0000000080031f50
core   0: 0x000000008000fede (0xfcf76de3) bltu    a4, a5, pc - 38
core   0: 3 0x000000008000fede (0xfcf76de3)
core   0: 0x000000008000feb8 (0xfe043783) ld      a5, -32(s0)
core   0: 3 0x000000008000feb8 (0xfe043783) x15 0x000000008001207d mem 0x0000000080031f50
core   0: 0x000000008000febc (0x00178713) addi    a4, a5, 1
core   0: 3 0x000000008000febc (0x00178713) x14 0x000000008001207e
core   0: 0x000000008000fec0 (0xfee43023) sd      a4, -32(s0)
core   0: 3 0x000000008000fec0 (0xfee43023) mem 0x0000000080031f50 0x000000008001207e
core   0: 0x000000008000fec4 (0xfc442703) lw      a4, -60(s0)
core   0: 3 0x000000008000fec4 (0xfc442703) x14 0x0000000000000000 mem 0x0000000080031f34
core   0: 0x000000008000fec8 (0x0ff77713) andi    a4, a4, 255
core   0: 3 0x000000008000fec8 (0x0ff77713) x14 0x0000000000000000
core   0: 0x000000008000fecc (0x00e78023) sb      a4, 0(a5)
core   0: 3 0x000000008000fecc (0x00e78023) mem 0x000000008001207d 0x00
core   0: 0x000000008000fed0 (0xfc843703) ld      a4, -56(s0)
core   0: 3 0x000000008000fed0 (0xfc843703) x14 0x0000000080012040 mem 0x0000000080031f38
core   0: 0x000000008000fed4 (0xfb843783) ld      a5, -72(s0)
core   0: 3 0x000000008000fed4 (0xfb843783) x15 0x000000000000009c mem 0x0000000080031f28
core   0: 0x000000008000fed8 (0x000097ba) c.add   a5, a4
core   0: 3 0x000000008000fed8 (0x97ba) x15 0x00000000800120dc
core   0: 0x000000008000feda (0xfe043703) ld      a4, -32(s0)
core   0: 3 0x000000008000feda (0xfe043703) x14 0x000000008001207e mem 0x0000000080031f50
core   0: 0x000000008000fede (0xfcf76de3) bltu    a4, a5, pc - 38
core   0: 3 0x000000008000fede (0xfcf76de3)
core   0: 0x000000008000feb8 (0xfe043783) ld      a5, -32(s0)
core   0: 3 0x000000008000feb8 (0xfe043783) x15 0x000000008001207e mem 0x0000000080031f50
core   0: 0x000000008000febc (0x00178713) addi    a4, a5, 1
core   0: 3 0x000000008000febc (0x00178713) x14 0x000000008001207f
core   0: 0x000000008000fec0 (0xfee43023) sd      a4, -32(s0)
core   0: 3 0x000000008000fec0 (0xfee43023) mem 0x0000000080031f50 0x000000008001207f
core   0: 0x000000008000fec4 (0xfc442703) lw      a4, -60(s0)
core   0: 3 0x000000008000fec4 (0xfc442703) x14 0x0000000000000000 mem 0x0000000080031f34
core   0: 0x000000008000fec8 (0x0ff77713) andi    a4, a4, 255
core   0: 3 0x000000008000fec8 (0x0ff77713) x14 0x0000000000000000
core   0: 0x000000008000fecc (0x00e78023) sb      a4, 0(a5)
core   0: 3 0x000000008000fecc (0x00e78023) mem 0x000000008001207e 0x00
core   0: 0x000000008000fed0 (0xfc843703) ld      a4, -56(s0)
core   0: 3 0x000000008000fed0 (0xfc843703) x14 0x0000000080012040 mem 0x0000000080031f38
core   0: 0x000000008000fed4 (0xfb843783) ld      a5, -72(s0)
core   0: 3 0x000000008000fed4 (0xfb843783) x15 0x000000000000009c mem 0x0000000080031f28
core   0: 0x000000008000fed8 (0x000097ba) c.add   a5, a4
core   0: 3 0x000000008000fed8 (0x97ba) x15 0x00000000800120dc
core   0: 0x000000008000feda (0xfe043703) ld      a4, -32(s0)
core   0: 3 0x000000008000feda (0xfe043703) x14 0x000000008001207f mem 0x0000000080031f50
core   0: 0x000000008000fede (0xfcf76de3) bltu    a4, a5, pc - 38
core   0: 3 0x000000008000fede (0xfcf76de3)
core   0: 0x000000008000feb8 (0xfe043783) ld      a5, -32(s0)
core   0: 3 0x000000008000feb8 (0xfe043783) x15 0x000000008001207f mem 0x0000000080031f50
core   0: 0x000000008000febc (0x00178713) addi    a4, a5, 1
core   0: 3 0x000000008000febc (0x00178713) x14 0x0000000080012080
core   0: 0x000000008000fec0 (0xfee43023) sd      a4, -32(s0)
core   0: 3 0x000000008000fec0 (0xfee43023) mem 0x0000000080031f50 0x0000000080012080
core   0: 0x000000008000fec4 (0xfc442703) lw      a4, -60(s0)
core   0: 3 0x000000008000fec4 (0xfc442703) x14 0x0000000000000000 mem 0x0000000080031f34
core   0: 0x000000008000fec8 (0x0ff77713) andi    a4, a4, 255
core   0: 3 0x000000008000fec8 (0x0ff77713) x14 0x0000000000000000
core   0: 0x000000008000fecc (0x00e78023) sb      a4, 0(a5)
core   0: 3 0x000000008000fecc (0x00e78023) mem 0x000000008001207f 0x00
core   0: 0x000000008000fed0 (0xfc843703) ld      a4, -56(s0)
core   0: 3 0x000000008000fed0 (0xfc843703) x14 0x0000000080012040 mem 0x0000000080031f38
core   0: 0x000000008000fed4 (0xfb843783) ld      a5, -72(s0)
core   0: 3 0x000000008000fed4 (0xfb843783) x15 0x000000000000009c mem 0x0000000080031f28
core   0: 0x000000008000fed8 (0x000097ba) c.add   a5, a4
core   0: 3 0x000000008000fed8 (0x97ba) x15 0x00000000800120dc
core   0: 0x000000008000feda (0xfe043703) ld      a4, -32(s0)
core   0: 3 0x000000008000feda (0xfe043703) x14 0x0000000080012080 mem 0x0000000080031f50
core   0: 0x000000008000fede (0xfcf76de3) bltu    a4, a5, pc - 38
core   0: 3 0x000000008000fede (0xfcf76de3)
core   0: 0x000000008000feb8 (0xfe043783) ld      a5, -32(s0)
core   0: 3 0x000000008000feb8 (0xfe043783) x15 0x0000000080012080 mem 0x0000000080031f50
core   0: 0x000000008000febc (0x00178713) addi    a4, a5, 1
core   0: 3 0x000000008000febc (0x00178713) x14 0x0000000080012081
core   0: 0x000000008000fec0 (0xfee43023) sd      a4, -32(s0)
core   0: 3 0x000000008000fec0 (0xfee43023) mem 0x0000000080031f50 0x0000000080012081
core   0: 0x000000008000fec4 (0xfc442703) lw      a4, -60(s0)
core   0: 3 0x000000008000fec4 (0xfc442703) x14 0x0000000000000000 mem 0x0000000080031f34
core   0: 0x000000008000fec8 (0x0ff77713) andi    a4, a4, 255
core   0: 3 0x000000008000fec8 (0x0ff77713) x14 0x0000000000000000
core   0: 0x000000008000fecc (0x00e78023) sb      a4, 0(a5)
core   0: 3 0x000000008000fecc (0x00e78023) mem 0x0000000080012080 0x00
core   0: 0x000000008000fed0 (0xfc843703) ld      a4, -56(s0)
core   0: 3 0x000000008000fed0 (0xfc843703) x14 0x0000000080012040 mem 0x0000000080031f38
core   0: 0x000000008000fed4 (0xfb843783) ld      a5, -72(s0)
core   0: 3 0x000000008000fed4 (0xfb843783) x15 0x000000000000009c mem 0x0000000080031f28
core   0: 0x000000008000fed8 (0x000097ba) c.add   a5, a4
core   0: 3 0x000000008000fed8 (0x97ba) x15 0x00000000800120dc
core   0: 0x000000008000feda (0xfe043703) ld      a4, -32(s0)
core   0: 3 0x000000008000feda (0xfe043703) x14 0x0000000080012081 mem 0x0000000080031f50
core   0: 0x000000008000fede (0xfcf76de3) bltu    a4, a5, pc - 38
core   0: 3 0x000000008000fede (0xfcf76de3)
core   0: 0x000000008000feb8 (0xfe043783) ld      a5, -32(s0)
core   0: 3 0x000000008000feb8 (0xfe043783) x15 0x0000000080012081 mem 0x0000000080031f50
core   0: 0x000000008000febc (0x00178713) addi    a4, a5, 1
core   0: 3 0x000000008000febc (0x00178713) x14 0x0000000080012082
core   0: 0x000000008000fec0 (0xfee43023) sd      a4, -32(s0)
core   0: 3 0x000000008000fec0 (0xfee43023) mem 0x0000000080031f50 0x0000000080012082
core   0: 0x000000008000fec4 (0xfc442703) lw      a4, -60(s0)
core   0: 3 0x000000008000fec4 (0xfc442703) x14 0x0000000000000000 mem 0x0000000080031f34
core   0: 0x000000008000fec8 (0x0ff77713) andi    a4, a4, 255
core   0: 3 0x000000008000fec8 (0x0ff77713) x14 0x0000000000000000
core   0: 0x000000008000fecc (0x00e78023) sb      a4, 0(a5)
core   0: 3 0x000000008000fecc (0x00e78023) mem 0x0000000080012081 0x00
core   0: 0x000000008000fed0 (0xfc843703) ld      a4, -56(s0)
core   0: 3 0x000000008000fed0 (0xfc843703) x14 0x0000000080012040 mem 0x0000000080031f38
core   0: 0x000000008000fed4 (0xfb843783) ld      a5, -72(s0)
core   0: 3 0x000000008000fed4 (0xfb843783) x15 0x000000000000009c mem 0x0000000080031f28
core   0: 0x000000008000fed8 (0x000097ba) c.add   a5, a4
core   0: 3 0x000000008000fed8 (0x97ba) x15 0x00000000800120dc
core   0: 0x000000008000feda (0xfe043703) ld      a4, -32(s0)
core   0: 3 0x000000008000feda (0xfe043703) x14 0x0000000080012082 mem 0x0000000080031f50
core   0: 0x000000008000fede (0xfcf76de3) bltu    a4, a5, pc - 38
core   0: 3 0x000000008000fede (0xfcf76de3)
core   0: 0x000000008000feb8 (0xfe043783) ld      a5, -32(s0)
core   0: 3 0x000000008000feb8 (0xfe043783) x15 0x0000000080012082 mem 0x0000000080031f50
core   0: 0x000000008000febc (0x00178713) addi    a4, a5, 1
core   0: 3 0x000000008000febc (0x00178713) x14 0x0000000080012083
core   0: 0x000000008000fec0 (0xfee43023) sd      a4, -32(s0)
core   0: 3 0x000000008000fec0 (0xfee43023) mem 0x0000000080031f50 0x0000000080012083
core   0: 0x000000008000fec4 (0xfc442703) lw      a4, -60(s0)
core   0: 3 0x000000008000fec4 (0xfc442703) x14 0x0000000000000000 mem 0x0000000080031f34
core   0: 0x000000008000fec8 (0x0ff77713) andi    a4, a4, 255
core   0: 3 0x000000008000fec8 (0x0ff77713) x14 0x0000000000000000
core   0: 0x000000008000fecc (0x00e78023) sb      a4, 0(a5)
core   0: 3 0x000000008000fecc (0x00e78023) mem 0x0000000080012082 0x00
core   0: 0x000000008000fed0 (0xfc843703) ld      a4, -56(s0)
core   0: 3 0x000000008000fed0 (0xfc843703) x14 0x0000000080012040 mem 0x0000000080031f38
core   0: 0x000000008000fed4 (0xfb843783) ld      a5, -72(s0)
core   0: 3 0x000000008000fed4 (0xfb843783) x15 0x000000000000009c mem 0x0000000080031f28
core   0: 0x000000008000fed8 (0x000097ba) c.add   a5, a4
core   0: 3 0x000000008000fed8 (0x97ba) x15 0x00000000800120dc
core   0: 0x000000008000feda (0xfe043703) ld      a4, -32(s0)
core   0: 3 0x000000008000feda (0xfe043703) x14 0x0000000080012083 mem 0x0000000080031f50
core   0: 0x000000008000fede (0xfcf76de3) bltu    a4, a5, pc - 38
core   0: 3 0x000000008000fede (0xfcf76de3)
core   0: 0x000000008000feb8 (0xfe043783) ld      a5, -32(s0)
core   0: 3 0x000000008000feb8 (0xfe043783) x15 0x0000000080012083 mem 0x0000000080031f50
core   0: 0x000000008000febc (0x00178713) addi    a4, a5, 1
core   0: 3 0x000000008000febc (0x00178713) x14 0x0000000080012084
core   0: 0x000000008000fec0 (0xfee43023) sd      a4, -32(s0)
core   0: 3 0x000000008000fec0 (0xfee43023) mem 0x0000000080031f50 0x0000000080012084
core   0: 0x000000008000fec4 (0xfc442703) lw      a4, -60(s0)
core   0: 3 0x000000008000fec4 (0xfc442703) x14 0x0000000000000000 mem 0x0000000080031f34
core   0: 0x000000008000fec8 (0x0ff77713) andi    a4, a4, 255
core   0: 3 0x000000008000fec8 (0x0ff77713) x14 0x0000000000000000
core   0: 0x000000008000fecc (0x00e78023) sb      a4, 0(a5)
core   0: 3 0x000000008000fecc (0x00e78023) mem 0x0000000080012083 0x00
core   0: 0x000000008000fed0 (0xfc843703) ld      a4, -56(s0)
core   0: 3 0x000000008000fed0 (0xfc843703) x14 0x0000000080012040 mem 0x0000000080031f38
core   0: 0x000000008000fed4 (0xfb843783) ld      a5, -72(s0)
core   0: 3 0x000000008000fed4 (0xfb843783) x15 0x000000000000009c mem 0x0000000080031f28
core   0: 0x000000008000fed8 (0x000097ba) c.add   a5, a4
core   0: 3 0x000000008000fed8 (0x97ba) x15 0x00000000800120dc
core   0: 0x000000008000feda (0xfe043703) ld      a4, -32(s0)
core   0: 3 0x000000008000feda (0xfe043703) x14 0x0000000080012084 mem 0x0000000080031f50
core   0: 0x000000008000fede (0xfcf76de3) bltu    a4, a5, pc - 38
core   0: 3 0x000000008000fede (0xfcf76de3)
core   0: 0x000000008000feb8 (0xfe043783) ld      a5, -32(s0)
core   0: 3 0x000000008000feb8 (0xfe043783) x15 0x0000000080012084 mem 0x0000000080031f50
core   0: 0x000000008000febc (0x00178713) addi    a4, a5, 1
core   0: 3 0x000000008000febc (0x00178713) x14 0x0000000080012085
core   0: 0x000000008000fec0 (0xfee43023) sd      a4, -32(s0)
core   0: 3 0x000000008000fec0 (0xfee43023) mem 0x0000000080031f50 0x0000000080012085
core   0: 0x000000008000fec4 (0xfc442703) lw      a4, -60(s0)
core   0: 3 0x000000008000fec4 (0xfc442703) x14 0x0000000000000000 mem 0x0000000080031f34
core   0: 0x000000008000fec8 (0x0ff77713) andi    a4, a4, 255
core   0: 3 0x000000008000fec8 (0x0ff77713) x14 0x0000000000000000
core   0: 0x000000008000fecc (0x00e78023) sb      a4, 0(a5)
core   0: 3 0x000000008000fecc (0x00e78023) mem 0x0000000080012084 0x00
core   0: 0x000000008000fed0 (0xfc843703) ld      a4, -56(s0)
core   0: 3 0x000000008000fed0 (0xfc843703) x14 0x0000000080012040 mem 0x0000000080031f38
core   0: 0x000000008000fed4 (0xfb843783) ld      a5, -72(s0)
core   0: 3 0x000000008000fed4 (0xfb843783) x15 0x000000000000009c mem 0x0000000080031f28
core   0: 0x000000008000fed8 (0x000097ba) c.add   a5, a4
core   0: 3 0x000000008000fed8 (0x97ba) x15 0x00000000800120dc
core   0: 0x000000008000feda (0xfe043703) ld      a4, -32(s0)
core   0: 3 0x000000008000feda (0xfe043703) x14 0x0000000080012085 mem 0x0000000080031f50
core   0: 0x000000008000fede (0xfcf76de3) bltu    a4, a5, pc - 38
core   0: 3 0x000000008000fede (0xfcf76de3)
core   0: 0x000000008000feb8 (0xfe043783) ld      a5, -32(s0)
core   0: 3 0x000000008000feb8 (0xfe043783) x15 0x0000000080012085 mem 0x0000000080031f50
core   0: 0x000000008000febc (0x00178713) addi    a4, a5, 1
core   0: 3 0x000000008000febc (0x00178713) x14 0x0000000080012086
core   0: 0x000000008000fec0 (0xfee43023) sd      a4, -32(s0)
core   0: 3 0x000000008000fec0 (0xfee43023) mem 0x0000000080031f50 0x0000000080012086
core   0: 0x000000008000fec4 (0xfc442703) lw      a4, -60(s0)
core   0: 3 0x000000008000fec4 (0xfc442703) x14 0x0000000000000000 mem 0x0000000080031f34
core   0: 0x000000008000fec8 (0x0ff77713) andi    a4, a4, 255
core   0: 3 0x000000008000fec8 (0x0ff77713) x14 0x0000000000000000
core   0: 0x000000008000fecc (0x00e78023) sb      a4, 0(a5)
core   0: 3 0x000000008000fecc (0x00e78023) mem 0x0000000080012085 0x00
core   0: 0x000000008000fed0 (0xfc843703) ld      a4, -56(s0)
core   0: 3 0x000000008000fed0 (0xfc843703) x14 0x0000000080012040 mem 0x0000000080031f38
core   0: 0x000000008000fed4 (0xfb843783) ld      a5, -72(s0)
core   0: 3 0x000000008000fed4 (0xfb843783) x15 0x000000000000009c mem 0x0000000080031f28
core   0: 0x000000008000fed8 (0x000097ba) c.add   a5, a4
core   0: 3 0x000000008000fed8 (0x97ba) x15 0x00000000800120dc
core   0: 0x000000008000feda (0xfe043703) ld      a4, -32(s0)
core   0: 3 0x000000008000feda (0xfe043703) x14 0x0000000080012086 mem 0x0000000080031f50
core   0: 0x000000008000fede (0xfcf76de3) bltu    a4, a5, pc - 38
core   0: 3 0x000000008000fede (0xfcf76de3)
core   0: 0x000000008000feb8 (0xfe043783) ld      a5, -32(s0)
core   0: 3 0x000000008000feb8 (0xfe043783) x15 0x0000000080012086 mem 0x0000000080031f50
core   0: 0x000000008000febc (0x00178713) addi    a4, a5, 1
core   0: 3 0x000000008000febc (0x00178713) x14 0x0000000080012087
core   0: 0x000000008000fec0 (0xfee43023) sd      a4, -32(s0)
core   0: 3 0x000000008000fec0 (0xfee43023) mem 0x0000000080031f50 0x0000000080012087
core   0: 0x000000008000fec4 (0xfc442703) lw      a4, -60(s0)
core   0: 3 0x000000008000fec4 (0xfc442703) x14 0x0000000000000000 mem 0x0000000080031f34
core   0: 0x000000008000fec8 (0x0ff77713) andi    a4, a4, 255
core   0: 3 0x000000008000fec8 (0x0ff77713) x14 0x0000000000000000
core   0: 0x000000008000fecc (0x00e78023) sb      a4, 0(a5)
core   0: 3 0x000000008000fecc (0x00e78023) mem 0x0000000080012086 0x00
core   0: 0x000000008000fed0 (0xfc843703) ld      a4, -56(s0)
core   0: 3 0x000000008000fed0 (0xfc843703) x14 0x0000000080012040 mem 0x0000000080031f38
core   0: 0x000000008000fed4 (0xfb843783) ld      a5, -72(s0)
core   0: 3 0x000000008000fed4 (0xfb843783) x15 0x000000000000009c mem 0x0000000080031f28
core   0: 0x000000008000fed8 (0x000097ba) c.add   a5, a4
core   0: 3 0x000000008000fed8 (0x97ba) x15 0x00000000800120dc
core   0: 0x000000008000feda (0xfe043703) ld      a4, -32(s0)
core   0: 3 0x000000008000feda (0xfe043703) x14 0x0000000080012087 mem 0x0000000080031f50
core   0: 0x000000008000fede (0xfcf76de3) bltu    a4, a5, pc - 38
core   0: 3 0x000000008000fede (0xfcf76de3)
core   0: 0x000000008000feb8 (0xfe043783) ld      a5, -32(s0)
core   0: 3 0x000000008000feb8 (0xfe043783) x15 0x0000000080012087 mem 0x0000000080031f50
core   0: 0x000000008000febc (0x00178713) addi    a4, a5, 1
core   0: 3 0x000000008000febc (0x00178713) x14 0x0000000080012088
core   0: 0x000000008000fec0 (0xfee43023) sd      a4, -32(s0)
core   0: 3 0x000000008000fec0 (0xfee43023) mem 0x0000000080031f50 0x0000000080012088
core   0: 0x000000008000fec4 (0xfc442703) lw      a4, -60(s0)
core   0: 3 0x000000008000fec4 (0xfc442703) x14 0x0000000000000000 mem 0x0000000080031f34
core   0: 0x000000008000fec8 (0x0ff77713) andi    a4, a4, 255
core   0: 3 0x000000008000fec8 (0x0ff77713) x14 0x0000000000000000
core   0: 0x000000008000fecc (0x00e78023) sb      a4, 0(a5)
core   0: 3 0x000000008000fecc (0x00e78023) mem 0x0000000080012087 0x00
core   0: 0x000000008000fed0 (0xfc843703) ld      a4, -56(s0)
core   0: 3 0x000000008000fed0 (0xfc843703) x14 0x0000000080012040 mem 0x0000000080031f38
core   0: 0x000000008000fed4 (0xfb843783) ld      a5, -72(s0)
core   0: 3 0x000000008000fed4 (0xfb843783) x15 0x000000000000009c mem 0x0000000080031f28
core   0: 0x000000008000fed8 (0x000097ba) c.add   a5, a4
core   0: 3 0x000000008000fed8 (0x97ba) x15 0x00000000800120dc
core   0: 0x000000008000feda (0xfe043703) ld      a4, -32(s0)
core   0: 3 0x000000008000feda (0xfe043703) x14 0x0000000080012088 mem 0x0000000080031f50
core   0: 0x000000008000fede (0xfcf76de3) bltu    a4, a5, pc - 38
core   0: 3 0x000000008000fede (0xfcf76de3)
core   0: 0x000000008000feb8 (0xfe043783) ld      a5, -32(s0)
core   0: 3 0x000000008000feb8 (0xfe043783) x15 0x0000000080012088 mem 0x0000000080031f50
core   0: 0x000000008000febc (0x00178713) addi    a4, a5, 1
core   0: 3 0x000000008000febc (0x00178713) x14 0x0000000080012089
core   0: 0x000000008000fec0 (0xfee43023) sd      a4, -32(s0)
core   0: 3 0x000000008000fec0 (0xfee43023) mem 0x0000000080031f50 0x0000000080012089
core   0: 0x000000008000fec4 (0xfc442703) lw      a4, -60(s0)
core   0: 3 0x000000008000fec4 (0xfc442703) x14 0x0000000000000000 mem 0x0000000080031f34
core   0: 0x000000008000fec8 (0x0ff77713) andi    a4, a4, 255
core   0: 3 0x000000008000fec8 (0x0ff77713) x14 0x0000000000000000
core   0: 0x000000008000fecc (0x00e78023) sb      a4, 0(a5)
core   0: 3 0x000000008000fecc (0x00e78023) mem 0x0000000080012088 0x00
core   0: 0x000000008000fed0 (0xfc843703) ld      a4, -56(s0)
core   0: 3 0x000000008000fed0 (0xfc843703) x14 0x0000000080012040 mem 0x0000000080031f38
core   0: 0x000000008000fed4 (0xfb843783) ld      a5, -72(s0)
core   0: 3 0x000000008000fed4 (0xfb843783) x15 0x000000000000009c mem 0x0000000080031f28
core   0: 0x000000008000fed8 (0x000097ba) c.add   a5, a4
core   0: 3 0x000000008000fed8 (0x97ba) x15 0x00000000800120dc
core   0: 0x000000008000feda (0xfe043703) ld      a4, -32(s0)
core   0: 3 0x000000008000feda (0xfe043703) x14 0x0000000080012089 mem 0x0000000080031f50
core   0: 0x000000008000fede (0xfcf76de3) bltu    a4, a5, pc - 38
core   0: 3 0x000000008000fede (0xfcf76de3)
core   0: 0x000000008000feb8 (0xfe043783) ld      a5, -32(s0)
core   0: 3 0x000000008000feb8 (0xfe043783) x15 0x0000000080012089 mem 0x0000000080031f50
core   0: 0x000000008000febc (0x00178713) addi    a4, a5, 1
core   0: 3 0x000000008000febc (0x00178713) x14 0x000000008001208a
core   0: 0x000000008000fec0 (0xfee43023) sd      a4, -32(s0)
core   0: 3 0x000000008000fec0 (0xfee43023) mem 0x0000000080031f50 0x000000008001208a
core   0: 0x000000008000fec4 (0xfc442703) lw      a4, -60(s0)
core   0: 3 0x000000008000fec4 (0xfc442703) x14 0x0000000000000000 mem 0x0000000080031f34
core   0: 0x000000008000fec8 (0x0ff77713) andi    a4, a4, 255
core   0: 3 0x000000008000fec8 (0x0ff77713) x14 0x0000000000000000
core   0: 0x000000008000fecc (0x00e78023) sb      a4, 0(a5)
core   0: 3 0x000000008000fecc (0x00e78023) mem 0x0000000080012089 0x00
core   0: 0x000000008000fed0 (0xfc843703) ld      a4, -56(s0)
core   0: 3 0x000000008000fed0 (0xfc843703) x14 0x0000000080012040 mem 0x0000000080031f38
core   0: 0x000000008000fed4 (0xfb843783) ld      a5, -72(s0)
core   0: 3 0x000000008000fed4 (0xfb843783) x15 0x000000000000009c mem 0x0000000080031f28
core   0: 0x000000008000fed8 (0x000097ba) c.add   a5, a4
core   0: 3 0x000000008000fed8 (0x97ba) x15 0x00000000800120dc
core   0: 0x000000008000feda (0xfe043703) ld      a4, -32(s0)
core   0: 3 0x000000008000feda (0xfe043703) x14 0x000000008001208a mem 0x0000000080031f50
core   0: 0x000000008000fede (0xfcf76de3) bltu    a4, a5, pc - 38
core   0: 3 0x000000008000fede (0xfcf76de3)
core   0: 0x000000008000feb8 (0xfe043783) ld      a5, -32(s0)
core   0: 3 0x000000008000feb8 (0xfe043783) x15 0x000000008001208a mem 0x0000000080031f50
core   0: 0x000000008000febc (0x00178713) addi    a4, a5, 1
core   0: 3 0x000000008000febc (0x00178713) x14 0x000000008001208b
core   0: 0x000000008000fec0 (0xfee43023) sd      a4, -32(s0)
core   0: 3 0x000000008000fec0 (0xfee43023) mem 0x0000000080031f50 0x000000008001208b
core   0: 0x000000008000fec4 (0xfc442703) lw      a4, -60(s0)
core   0: 3 0x000000008000fec4 (0xfc442703) x14 0x0000000000000000 mem 0x0000000080031f34
core   0: 0x000000008000fec8 (0x0ff77713) andi    a4, a4, 255
core   0: 3 0x000000008000fec8 (0x0ff77713) x14 0x0000000000000000
core   0: 0x000000008000fecc (0x00e78023) sb      a4, 0(a5)
core   0: 3 0x000000008000fecc (0x00e78023) mem 0x000000008001208a 0x00
core   0: 0x000000008000fed0 (0xfc843703) ld      a4, -56(s0)
core   0: 3 0x000000008000fed0 (0xfc843703) x14 0x0000000080012040 mem 0x0000000080031f38
core   0: 0x000000008000fed4 (0xfb843783) ld      a5, -72(s0)
core   0: 3 0x000000008000fed4 (0xfb843783) x15 0x000000000000009c mem 0x0000000080031f28
core   0: 0x000000008000fed8 (0x000097ba) c.add   a5, a4
core   0: 3 0x000000008000fed8 (0x97ba) x15 0x00000000800120dc
core   0: 0x000000008000feda (0xfe043703) ld      a4, -32(s0)
core   0: 3 0x000000008000feda (0xfe043703) x14 0x000000008001208b mem 0x0000000080031f50
core   0: 0x000000008000fede (0xfcf76de3) bltu    a4, a5, pc - 38
core   0: 3 0x000000008000fede (0xfcf76de3)
core   0: 0x000000008000feb8 (0xfe043783) ld      a5, -32(s0)
core   0: 3 0x000000008000feb8 (0xfe043783) x15 0x000000008001208b mem 0x0000000080031f50
core   0: 0x000000008000febc (0x00178713) addi    a4, a5, 1
core   0: 3 0x000000008000febc (0x00178713) x14 0x000000008001208c
core   0: 0x000000008000fec0 (0xfee43023) sd      a4, -32(s0)
core   0: 3 0x000000008000fec0 (0xfee43023) mem 0x0000000080031f50 0x000000008001208c
core   0: 0x000000008000fec4 (0xfc442703) lw      a4, -60(s0)
core   0: 3 0x000000008000fec4 (0xfc442703) x14 0x0000000000000000 mem 0x0000000080031f34
core   0: 0x000000008000fec8 (0x0ff77713) andi    a4, a4, 255
core   0: 3 0x000000008000fec8 (0x0ff77713) x14 0x0000000000000000
core   0: 0x000000008000fecc (0x00e78023) sb      a4, 0(a5)
core   0: 3 0x000000008000fecc (0x00e78023) mem 0x000000008001208b 0x00
core   0: 0x000000008000fed0 (0xfc843703) ld      a4, -56(s0)
core   0: 3 0x000000008000fed0 (0xfc843703) x14 0x0000000080012040 mem 0x0000000080031f38
core   0: 0x000000008000fed4 (0xfb843783) ld      a5, -72(s0)
core   0: 3 0x000000008000fed4 (0xfb843783) x15 0x000000000000009c mem 0x0000000080031f28
core   0: 0x000000008000fed8 (0x000097ba) c.add   a5, a4
core   0: 3 0x000000008000fed8 (0x97ba) x15 0x00000000800120dc
core   0: 0x000000008000feda (0xfe043703) ld      a4, -32(s0)
core   0: 3 0x000000008000feda (0xfe043703) x14 0x000000008001208c mem 0x0000000080031f50
core   0: 0x000000008000fede (0xfcf76de3) bltu    a4, a5, pc - 38
core   0: 3 0x000000008000fede (0xfcf76de3)
core   0: 0x000000008000feb8 (0xfe043783) ld      a5, -32(s0)
core   0: 3 0x000000008000feb8 (0xfe043783) x15 0x000000008001208c mem 0x0000000080031f50
core   0: 0x000000008000febc (0x00178713) addi    a4, a5, 1
core   0: 3 0x000000008000febc (0x00178713) x14 0x000000008001208d
core   0: 0x000000008000fec0 (0xfee43023) sd      a4, -32(s0)
core   0: 3 0x000000008000fec0 (0xfee43023) mem 0x0000000080031f50 0x000000008001208d
core   0: 0x000000008000fec4 (0xfc442703) lw      a4, -60(s0)
core   0: 3 0x000000008000fec4 (0xfc442703) x14 0x0000000000000000 mem 0x0000000080031f34
core   0: 0x000000008000fec8 (0x0ff77713) andi    a4, a4, 255
core   0: 3 0x000000008000fec8 (0x0ff77713) x14 0x0000000000000000
core   0: 0x000000008000fecc (0x00e78023) sb      a4, 0(a5)
core   0: 3 0x000000008000fecc (0x00e78023) mem 0x000000008001208c 0x00
core   0: 0x000000008000fed0 (0xfc843703) ld      a4, -56(s0)
core   0: 3 0x000000008000fed0 (0xfc843703) x14 0x0000000080012040 mem 0x0000000080031f38
core   0: 0x000000008000fed4 (0xfb843783) ld      a5, -72(s0)
core   0: 3 0x000000008000fed4 (0xfb843783) x15 0x000000000000009c mem 0x0000000080031f28
core   0: 0x000000008000fed8 (0x000097ba) c.add   a5, a4
core   0: 3 0x000000008000fed8 (0x97ba) x15 0x00000000800120dc
core   0: 0x000000008000feda (0xfe043703) ld      a4, -32(s0)
core   0: 3 0x000000008000feda (0xfe043703) x14 0x000000008001208d mem 0x0000000080031f50
core   0: 0x000000008000fede (0xfcf76de3) bltu    a4, a5, pc - 38
core   0: 3 0x000000008000fede (0xfcf76de3)
core   0: 0x000000008000feb8 (0xfe043783) ld      a5, -32(s0)
core   0: 3 0x000000008000feb8 (0xfe043783) x15 0x000000008001208d mem 0x0000000080031f50
core   0: 0x000000008000febc (0x00178713) addi    a4, a5, 1
core   0: 3 0x000000008000febc (0x00178713) x14 0x000000008001208e
core   0: 0x000000008000fec0 (0xfee43023) sd      a4, -32(s0)
core   0: 3 0x000000008000fec0 (0xfee43023) mem 0x0000000080031f50 0x000000008001208e
core   0: 0x000000008000fec4 (0xfc442703) lw      a4, -60(s0)
core   0: 3 0x000000008000fec4 (0xfc442703) x14 0x0000000000000000 mem 0x0000000080031f34
core   0: 0x000000008000fec8 (0x0ff77713) andi    a4, a4, 255
core   0: 3 0x000000008000fec8 (0x0ff77713) x14 0x0000000000000000
core   0: 0x000000008000fecc (0x00e78023) sb      a4, 0(a5)
core   0: 3 0x000000008000fecc (0x00e78023) mem 0x000000008001208d 0x00
core   0: 0x000000008000fed0 (0xfc843703) ld      a4, -56(s0)
core   0: 3 0x000000008000fed0 (0xfc843703) x14 0x0000000080012040 mem 0x0000000080031f38
core   0: 0x000000008000fed4 (0xfb843783) ld      a5, -72(s0)
core   0: 3 0x000000008000fed4 (0xfb843783) x15 0x000000000000009c mem 0x0000000080031f28
core   0: 0x000000008000fed8 (0x000097ba) c.add   a5, a4
core   0: 3 0x000000008000fed8 (0x97ba) x15 0x00000000800120dc
core   0: 0x000000008000feda (0xfe043703) ld      a4, -32(s0)
core   0: 3 0x000000008000feda (0xfe043703) x14 0x000000008001208e mem 0x0000000080031f50
core   0: 0x000000008000fede (0xfcf76de3) bltu    a4, a5, pc - 38
core   0: 3 0x000000008000fede (0xfcf76de3)
core   0: 0x000000008000feb8 (0xfe043783) ld      a5, -32(s0)
core   0: 3 0x000000008000feb8 (0xfe043783) x15 0x000000008001208e mem 0x0000000080031f50
core   0: 0x000000008000febc (0x00178713) addi    a4, a5, 1
core   0: 3 0x000000008000febc (0x00178713) x14 0x000000008001208f
core   0: 0x000000008000fec0 (0xfee43023) sd      a4, -32(s0)
core   0: 3 0x000000008000fec0 (0xfee43023) mem 0x0000000080031f50 0x000000008001208f
core   0: 0x000000008000fec4 (0xfc442703) lw      a4, -60(s0)
core   0: 3 0x000000008000fec4 (0xfc442703) x14 0x0000000000000000 mem 0x0000000080031f34
core   0: 0x000000008000fec8 (0x0ff77713) andi    a4, a4, 255
core   0: 3 0x000000008000fec8 (0x0ff77713) x14 0x0000000000000000
core   0: 0x000000008000fecc (0x00e78023) sb      a4, 0(a5)
core   0: 3 0x000000008000fecc (0x00e78023) mem 0x000000008001208e 0x00
core   0: 0x000000008000fed0 (0xfc843703) ld      a4, -56(s0)
core   0: 3 0x000000008000fed0 (0xfc843703) x14 0x0000000080012040 mem 0x0000000080031f38
core   0: 0x000000008000fed4 (0xfb843783) ld      a5, -72(s0)
core   0: 3 0x000000008000fed4 (0xfb843783) x15 0x000000000000009c mem 0x0000000080031f28
core   0: 0x000000008000fed8 (0x000097ba) c.add   a5, a4
core   0: 3 0x000000008000fed8 (0x97ba) x15 0x00000000800120dc
core   0: 0x000000008000feda (0xfe043703) ld      a4, -32(s0)
core   0: 3 0x000000008000feda (0xfe043703) x14 0x000000008001208f mem 0x0000000080031f50
core   0: 0x000000008000fede (0xfcf76de3) bltu    a4, a5, pc - 38
core   0: 3 0x000000008000fede (0xfcf76de3)
core   0: 0x000000008000feb8 (0xfe043783) ld      a5, -32(s0)
core   0: 3 0x000000008000feb8 (0xfe043783) x15 0x000000008001208f mem 0x0000000080031f50
core   0: 0x000000008000febc (0x00178713) addi    a4, a5, 1
core   0: 3 0x000000008000febc (0x00178713) x14 0x0000000080012090
core   0: 0x000000008000fec0 (0xfee43023) sd      a4, -32(s0)
core   0: 3 0x000000008000fec0 (0xfee43023) mem 0x0000000080031f50 0x0000000080012090
core   0: 0x000000008000fec4 (0xfc442703) lw      a4, -60(s0)
core   0: 3 0x000000008000fec4 (0xfc442703) x14 0x0000000000000000 mem 0x0000000080031f34
core   0: 0x000000008000fec8 (0x0ff77713) andi    a4, a4, 255
core   0: 3 0x000000008000fec8 (0x0ff77713) x14 0x0000000000000000
core   0: 0x000000008000fecc (0x00e78023) sb      a4, 0(a5)
core   0: 3 0x000000008000fecc (0x00e78023) mem 0x000000008001208f 0x00
core   0: 0x000000008000fed0 (0xfc843703) ld      a4, -56(s0)
core   0: 3 0x000000008000fed0 (0xfc843703) x14 0x0000000080012040 mem 0x0000000080031f38
core   0: 0x000000008000fed4 (0xfb843783) ld      a5, -72(s0)
core   0: 3 0x000000008000fed4 (0xfb843783) x15 0x000000000000009c mem 0x0000000080031f28
core   0: 0x000000008000fed8 (0x000097ba) c.add   a5, a4
core   0: 3 0x000000008000fed8 (0x97ba) x15 0x00000000800120dc
core   0: 0x000000008000feda (0xfe043703) ld      a4, -32(s0)
core   0: 3 0x000000008000feda (0xfe043703) x14 0x0000000080012090 mem 0x0000000080031f50
core   0: 0x000000008000fede (0xfcf76de3) bltu    a4, a5, pc - 38
core   0: 3 0x000000008000fede (0xfcf76de3)
core   0: 0x000000008000feb8 (0xfe043783) ld      a5, -32(s0)
core   0: 3 0x000000008000feb8 (0xfe043783) x15 0x0000000080012090 mem 0x0000000080031f50
core   0: 0x000000008000febc (0x00178713) addi    a4, a5, 1
core   0: 3 0x000000008000febc (0x00178713) x14 0x0000000080012091
core   0: 0x000000008000fec0 (0xfee43023) sd      a4, -32(s0)
core   0: 3 0x000000008000fec0 (0xfee43023) mem 0x0000000080031f50 0x0000000080012091
core   0: 0x000000008000fec4 (0xfc442703) lw      a4, -60(s0)
core   0: 3 0x000000008000fec4 (0xfc442703) x14 0x0000000000000000 mem 0x0000000080031f34
core   0: 0x000000008000fec8 (0x0ff77713) andi    a4, a4, 255
core   0: 3 0x000000008000fec8 (0x0ff77713) x14 0x0000000000000000
core   0: 0x000000008000fecc (0x00e78023) sb      a4, 0(a5)
core   0: 3 0x000000008000fecc (0x00e78023) mem 0x0000000080012090 0x00
core   0: 0x000000008000fed0 (0xfc843703) ld      a4, -56(s0)
core   0: 3 0x000000008000fed0 (0xfc843703) x14 0x0000000080012040 mem 0x0000000080031f38
core   0: 0x000000008000fed4 (0xfb843783) ld      a5, -72(s0)
core   0: 3 0x000000008000fed4 (0xfb843783) x15 0x000000000000009c mem 0x0000000080031f28
core   0: 0x000000008000fed8 (0x000097ba) c.add   a5, a4
core   0: 3 0x000000008000fed8 (0x97ba) x15 0x00000000800120dc
core   0: 0x000000008000feda (0xfe043703) ld      a4, -32(s0)
core   0: 3 0x000000008000feda (0xfe043703) x14 0x0000000080012091 mem 0x0000000080031f50
core   0: 0x000000008000fede (0xfcf76de3) bltu    a4, a5, pc - 38
core   0: 3 0x000000008000fede (0xfcf76de3)
core   0: 0x000000008000feb8 (0xfe043783) ld      a5, -32(s0)
core   0: 3 0x000000008000feb8 (0xfe043783) x15 0x0000000080012091 mem 0x0000000080031f50
core   0: 0x000000008000febc (0x00178713) addi    a4, a5, 1
core   0: 3 0x000000008000febc (0x00178713) x14 0x0000000080012092
core   0: 0x000000008000fec0 (0xfee43023) sd      a4, -32(s0)
core   0: 3 0x000000008000fec0 (0xfee43023) mem 0x0000000080031f50 0x0000000080012092
core   0: 0x000000008000fec4 (0xfc442703) lw      a4, -60(s0)
core   0: 3 0x000000008000fec4 (0xfc442703) x14 0x0000000000000000 mem 0x0000000080031f34
core   0: 0x000000008000fec8 (0x0ff77713) andi    a4, a4, 255
core   0: 3 0x000000008000fec8 (0x0ff77713) x14 0x0000000000000000
core   0: 0x000000008000fecc (0x00e78023) sb      a4, 0(a5)
core   0: 3 0x000000008000fecc (0x00e78023) mem 0x0000000080012091 0x00
core   0: 0x000000008000fed0 (0xfc843703) ld      a4, -56(s0)
core   0: 3 0x000000008000fed0 (0xfc843703) x14 0x0000000080012040 mem 0x0000000080031f38
core   0: 0x000000008000fed4 (0xfb843783) ld      a5, -72(s0)
core   0: 3 0x000000008000fed4 (0xfb843783) x15 0x000000000000009c mem 0x0000000080031f28
core   0: 0x000000008000fed8 (0x000097ba) c.add   a5, a4
core   0: 3 0x000000008000fed8 (0x97ba) x15 0x00000000800120dc
core   0: 0x000000008000feda (0xfe043703) ld      a4, -32(s0)
core   0: 3 0x000000008000feda (0xfe043703) x14 0x0000000080012092 mem 0x0000000080031f50
core   0: 0x000000008000fede (0xfcf76de3) bltu    a4, a5, pc - 38
core   0: 3 0x000000008000fede (0xfcf76de3)
core   0: 0x000000008000feb8 (0xfe043783) ld      a5, -32(s0)
core   0: 3 0x000000008000feb8 (0xfe043783) x15 0x0000000080012092 mem 0x0000000080031f50
core   0: 0x000000008000febc (0x00178713) addi    a4, a5, 1
core   0: 3 0x000000008000febc (0x00178713) x14 0x0000000080012093
core   0: 0x000000008000fec0 (0xfee43023) sd      a4, -32(s0)
core   0: 3 0x000000008000fec0 (0xfee43023) mem 0x0000000080031f50 0x0000000080012093
core   0: 0x000000008000fec4 (0xfc442703) lw      a4, -60(s0)
core   0: 3 0x000000008000fec4 (0xfc442703) x14 0x0000000000000000 mem 0x0000000080031f34
core   0: 0x000000008000fec8 (0x0ff77713) andi    a4, a4, 255
core   0: 3 0x000000008000fec8 (0x0ff77713) x14 0x0000000000000000
core   0: 0x000000008000fecc (0x00e78023) sb      a4, 0(a5)
core   0: 3 0x000000008000fecc (0x00e78023) mem 0x0000000080012092 0x00
core   0: 0x000000008000fed0 (0xfc843703) ld      a4, -56(s0)
core   0: 3 0x000000008000fed0 (0xfc843703) x14 0x0000000080012040 mem 0x0000000080031f38
core   0: 0x000000008000fed4 (0xfb843783) ld      a5, -72(s0)
core   0: 3 0x000000008000fed4 (0xfb843783) x15 0x000000000000009c mem 0x0000000080031f28
core   0: 0x000000008000fed8 (0x000097ba) c.add   a5, a4
core   0: 3 0x000000008000fed8 (0x97ba) x15 0x00000000800120dc
core   0: 0x000000008000feda (0xfe043703) ld      a4, -32(s0)
core   0: 3 0x000000008000feda (0xfe043703) x14 0x0000000080012093 mem 0x0000000080031f50
core   0: 0x000000008000fede (0xfcf76de3) bltu    a4, a5, pc - 38
core   0: 3 0x000000008000fede (0xfcf76de3)
core   0: 0x000000008000feb8 (0xfe043783) ld      a5, -32(s0)
core   0: 3 0x000000008000feb8 (0xfe043783) x15 0x0000000080012093 mem 0x0000000080031f50
core   0: 0x000000008000febc (0x00178713) addi    a4, a5, 1
core   0: 3 0x000000008000febc (0x00178713) x14 0x0000000080012094
core   0: 0x000000008000fec0 (0xfee43023) sd      a4, -32(s0)
core   0: 3 0x000000008000fec0 (0xfee43023) mem 0x0000000080031f50 0x0000000080012094
core   0: 0x000000008000fec4 (0xfc442703) lw      a4, -60(s0)
core   0: 3 0x000000008000fec4 (0xfc442703) x14 0x0000000000000000 mem 0x0000000080031f34
core   0: 0x000000008000fec8 (0x0ff77713) andi    a4, a4, 255
core   0: 3 0x000000008000fec8 (0x0ff77713) x14 0x0000000000000000
core   0: 0x000000008000fecc (0x00e78023) sb      a4, 0(a5)
core   0: 3 0x000000008000fecc (0x00e78023) mem 0x0000000080012093 0x00
core   0: 0x000000008000fed0 (0xfc843703) ld      a4, -56(s0)
core   0: 3 0x000000008000fed0 (0xfc843703) x14 0x0000000080012040 mem 0x0000000080031f38
core   0: 0x000000008000fed4 (0xfb843783) ld      a5, -72(s0)
core   0: 3 0x000000008000fed4 (0xfb843783) x15 0x000000000000009c mem 0x0000000080031f28
core   0: 0x000000008000fed8 (0x000097ba) c.add   a5, a4
core   0: 3 0x000000008000fed8 (0x97ba) x15 0x00000000800120dc
core   0: 0x000000008000feda (0xfe043703) ld      a4, -32(s0)
core   0: 3 0x000000008000feda (0xfe043703) x14 0x0000000080012094 mem 0x0000000080031f50
core   0: 0x000000008000fede (0xfcf76de3) bltu    a4, a5, pc - 38
core   0: 3 0x000000008000fede (0xfcf76de3)
core   0: 0x000000008000feb8 (0xfe043783) ld      a5, -32(s0)
core   0: 3 0x000000008000feb8 (0xfe043783) x15 0x0000000080012094 mem 0x0000000080031f50
core   0: 0x000000008000febc (0x00178713) addi    a4, a5, 1
core   0: 3 0x000000008000febc (0x00178713) x14 0x0000000080012095
core   0: 0x000000008000fec0 (0xfee43023) sd      a4, -32(s0)
core   0: 3 0x000000008000fec0 (0xfee43023) mem 0x0000000080031f50 0x0000000080012095
core   0: 0x000000008000fec4 (0xfc442703) lw      a4, -60(s0)
core   0: 3 0x000000008000fec4 (0xfc442703) x14 0x0000000000000000 mem 0x0000000080031f34
core   0: 0x000000008000fec8 (0x0ff77713) andi    a4, a4, 255
core   0: 3 0x000000008000fec8 (0x0ff77713) x14 0x0000000000000000
core   0: 0x000000008000fecc (0x00e78023) sb      a4, 0(a5)
core   0: 3 0x000000008000fecc (0x00e78023) mem 0x0000000080012094 0x00
core   0: 0x000000008000fed0 (0xfc843703) ld      a4, -56(s0)
core   0: 3 0x000000008000fed0 (0xfc843703) x14 0x0000000080012040 mem 0x0000000080031f38
core   0: 0x000000008000fed4 (0xfb843783) ld      a5, -72(s0)
core   0: 3 0x000000008000fed4 (0xfb843783) x15 0x000000000000009c mem 0x0000000080031f28
core   0: 0x000000008000fed8 (0x000097ba) c.add   a5, a4
core   0: 3 0x000000008000fed8 (0x97ba) x15 0x00000000800120dc
core   0: 0x000000008000feda (0xfe043703) ld      a4, -32(s0)
core   0: 3 0x000000008000feda (0xfe043703) x14 0x0000000080012095 mem 0x0000000080031f50
core   0: 0x000000008000fede (0xfcf76de3) bltu    a4, a5, pc - 38
core   0: 3 0x000000008000fede (0xfcf76de3)
core   0: 0x000000008000feb8 (0xfe043783) ld      a5, -32(s0)
core   0: 3 0x000000008000feb8 (0xfe043783) x15 0x0000000080012095 mem 0x0000000080031f50
core   0: 0x000000008000febc (0x00178713) addi    a4, a5, 1
core   0: 3 0x000000008000febc (0x00178713) x14 0x0000000080012096
core   0: 0x000000008000fec0 (0xfee43023) sd      a4, -32(s0)
core   0: 3 0x000000008000fec0 (0xfee43023) mem 0x0000000080031f50 0x0000000080012096
core   0: 0x000000008000fec4 (0xfc442703) lw      a4, -60(s0)
core   0: 3 0x000000008000fec4 (0xfc442703) x14 0x0000000000000000 mem 0x0000000080031f34
core   0: 0x000000008000fec8 (0x0ff77713) andi    a4, a4, 255
core   0: 3 0x000000008000fec8 (0x0ff77713) x14 0x0000000000000000
core   0: 0x000000008000fecc (0x00e78023) sb      a4, 0(a5)
core   0: 3 0x000000008000fecc (0x00e78023) mem 0x0000000080012095 0x00
core   0: 0x000000008000fed0 (0xfc843703) ld      a4, -56(s0)
core   0: 3 0x000000008000fed0 (0xfc843703) x14 0x0000000080012040 mem 0x0000000080031f38
core   0: 0x000000008000fed4 (0xfb843783) ld      a5, -72(s0)
core   0: 3 0x000000008000fed4 (0xfb843783) x15 0x000000000000009c mem 0x0000000080031f28
core   0: 0x000000008000fed8 (0x000097ba) c.add   a5, a4
core   0: 3 0x000000008000fed8 (0x97ba) x15 0x00000000800120dc
core   0: 0x000000008000feda (0xfe043703) ld      a4, -32(s0)
core   0: 3 0x000000008000feda (0xfe043703) x14 0x0000000080012096 mem 0x0000000080031f50
core   0: 0x000000008000fede (0xfcf76de3) bltu    a4, a5, pc - 38
core   0: 3 0x000000008000fede (0xfcf76de3)
core   0: 0x000000008000feb8 (0xfe043783) ld      a5, -32(s0)
core   0: 3 0x000000008000feb8 (0xfe043783) x15 0x0000000080012096 mem 0x0000000080031f50
core   0: 0x000000008000febc (0x00178713) addi    a4, a5, 1
core   0: 3 0x000000008000febc (0x00178713) x14 0x0000000080012097
core   0: 0x000000008000fec0 (0xfee43023) sd      a4, -32(s0)
core   0: 3 0x000000008000fec0 (0xfee43023) mem 0x0000000080031f50 0x0000000080012097
core   0: 0x000000008000fec4 (0xfc442703) lw      a4, -60(s0)
core   0: 3 0x000000008000fec4 (0xfc442703) x14 0x0000000000000000 mem 0x0000000080031f34
core   0: 0x000000008000fec8 (0x0ff77713) andi    a4, a4, 255
core   0: 3 0x000000008000fec8 (0x0ff77713) x14 0x0000000000000000
core   0: 0x000000008000fecc (0x00e78023) sb      a4, 0(a5)
core   0: 3 0x000000008000fecc (0x00e78023) mem 0x0000000080012096 0x00
core   0: 0x000000008000fed0 (0xfc843703) ld      a4, -56(s0)
core   0: 3 0x000000008000fed0 (0xfc843703) x14 0x0000000080012040 mem 0x0000000080031f38
core   0: 0x000000008000fed4 (0xfb843783) ld      a5, -72(s0)
core   0: 3 0x000000008000fed4 (0xfb843783) x15 0x000000000000009c mem 0x0000000080031f28
core   0: 0x000000008000fed8 (0x000097ba) c.add   a5, a4
core   0: 3 0x000000008000fed8 (0x97ba) x15 0x00000000800120dc
core   0: 0x000000008000feda (0xfe043703) ld      a4, -32(s0)
core   0: 3 0x000000008000feda (0xfe043703) x14 0x0000000080012097 mem 0x0000000080031f50
core   0: 0x000000008000fede (0xfcf76de3) bltu    a4, a5, pc - 38
core   0: 3 0x000000008000fede (0xfcf76de3)
core   0: 0x000000008000feb8 (0xfe043783) ld      a5, -32(s0)
core   0: 3 0x000000008000feb8 (0xfe043783) x15 0x0000000080012097 mem 0x0000000080031f50
core   0: 0x000000008000febc (0x00178713) addi    a4, a5, 1
core   0: 3 0x000000008000febc (0x00178713) x14 0x0000000080012098
core   0: 0x000000008000fec0 (0xfee43023) sd      a4, -32(s0)
core   0: 3 0x000000008000fec0 (0xfee43023) mem 0x0000000080031f50 0x0000000080012098
core   0: 0x000000008000fec4 (0xfc442703) lw      a4, -60(s0)
core   0: 3 0x000000008000fec4 (0xfc442703) x14 0x0000000000000000 mem 0x0000000080031f34
core   0: 0x000000008000fec8 (0x0ff77713) andi    a4, a4, 255
core   0: 3 0x000000008000fec8 (0x0ff77713) x14 0x0000000000000000
core   0: 0x000000008000fecc (0x00e78023) sb      a4, 0(a5)
core   0: 3 0x000000008000fecc (0x00e78023) mem 0x0000000080012097 0x00
core   0: 0x000000008000fed0 (0xfc843703) ld      a4, -56(s0)
core   0: 3 0x000000008000fed0 (0xfc843703) x14 0x0000000080012040 mem 0x0000000080031f38
core   0: 0x000000008000fed4 (0xfb843783) ld      a5, -72(s0)
core   0: 3 0x000000008000fed4 (0xfb843783) x15 0x000000000000009c mem 0x0000000080031f28
core   0: 0x000000008000fed8 (0x000097ba) c.add   a5, a4
core   0: 3 0x000000008000fed8 (0x97ba) x15 0x00000000800120dc
core   0: 0x000000008000feda (0xfe043703) ld      a4, -32(s0)
core   0: 3 0x000000008000feda (0xfe043703) x14 0x0000000080012098 mem 0x0000000080031f50
core   0: 0x000000008000fede (0xfcf76de3) bltu    a4, a5, pc - 38
core   0: 3 0x000000008000fede (0xfcf76de3)
core   0: 0x000000008000feb8 (0xfe043783) ld      a5, -32(s0)
core   0: 3 0x000000008000feb8 (0xfe043783) x15 0x0000000080012098 mem 0x0000000080031f50
core   0: 0x000000008000febc (0x00178713) addi    a4, a5, 1
core   0: 3 0x000000008000febc (0x00178713) x14 0x0000000080012099
core   0: 0x000000008000fec0 (0xfee43023) sd      a4, -32(s0)
core   0: 3 0x000000008000fec0 (0xfee43023) mem 0x0000000080031f50 0x0000000080012099
core   0: 0x000000008000fec4 (0xfc442703) lw      a4, -60(s0)
core   0: 3 0x000000008000fec4 (0xfc442703) x14 0x0000000000000000 mem 0x0000000080031f34
core   0: 0x000000008000fec8 (0x0ff77713) andi    a4, a4, 255
core   0: 3 0x000000008000fec8 (0x0ff77713) x14 0x0000000000000000
core   0: 0x000000008000fecc (0x00e78023) sb      a4, 0(a5)
core   0: 3 0x000000008000fecc (0x00e78023) mem 0x0000000080012098 0x00
core   0: 0x000000008000fed0 (0xfc843703) ld      a4, -56(s0)
core   0: 3 0x000000008000fed0 (0xfc843703) x14 0x0000000080012040 mem 0x0000000080031f38
core   0: 0x000000008000fed4 (0xfb843783) ld      a5, -72(s0)
core   0: 3 0x000000008000fed4 (0xfb843783) x15 0x000000000000009c mem 0x0000000080031f28
core   0: 0x000000008000fed8 (0x000097ba) c.add   a5, a4
core   0: 3 0x000000008000fed8 (0x97ba) x15 0x00000000800120dc
core   0: 0x000000008000feda (0xfe043703) ld      a4, -32(s0)
core   0: 3 0x000000008000feda (0xfe043703) x14 0x0000000080012099 mem 0x0000000080031f50
core   0: 0x000000008000fede (0xfcf76de3) bltu    a4, a5, pc - 38
core   0: 3 0x000000008000fede (0xfcf76de3)
core   0: 0x000000008000feb8 (0xfe043783) ld      a5, -32(s0)
core   0: 3 0x000000008000feb8 (0xfe043783) x15 0x0000000080012099 mem 0x0000000080031f50
core   0: 0x000000008000febc (0x00178713) addi    a4, a5, 1
core   0: 3 0x000000008000febc (0x00178713) x14 0x000000008001209a
core   0: 0x000000008000fec0 (0xfee43023) sd      a4, -32(s0)
core   0: 3 0x000000008000fec0 (0xfee43023) mem 0x0000000080031f50 0x000000008001209a
core   0: 0x000000008000fec4 (0xfc442703) lw      a4, -60(s0)
core   0: 3 0x000000008000fec4 (0xfc442703) x14 0x0000000000000000 mem 0x0000000080031f34
core   0: 0x000000008000fec8 (0x0ff77713) andi    a4, a4, 255
core   0: 3 0x000000008000fec8 (0x0ff77713) x14 0x0000000000000000
core   0: 0x000000008000fecc (0x00e78023) sb      a4, 0(a5)
core   0: 3 0x000000008000fecc (0x00e78023) mem 0x0000000080012099 0x00
core   0: 0x000000008000fed0 (0xfc843703) ld      a4, -56(s0)
core   0: 3 0x000000008000fed0 (0xfc843703) x14 0x0000000080012040 mem 0x0000000080031f38
core   0: 0x000000008000fed4 (0xfb843783) ld      a5, -72(s0)
core   0: 3 0x000000008000fed4 (0xfb843783) x15 0x000000000000009c mem 0x0000000080031f28
core   0: 0x000000008000fed8 (0x000097ba) c.add   a5, a4
core   0: 3 0x000000008000fed8 (0x97ba) x15 0x00000000800120dc
core   0: 0x000000008000feda (0xfe043703) ld      a4, -32(s0)
core   0: 3 0x000000008000feda (0xfe043703) x14 0x000000008001209a mem 0x0000000080031f50
core   0: 0x000000008000fede (0xfcf76de3) bltu    a4, a5, pc - 38
core   0: 3 0x000000008000fede (0xfcf76de3)
core   0: 0x000000008000feb8 (0xfe043783) ld      a5, -32(s0)
core   0: 3 0x000000008000feb8 (0xfe043783) x15 0x000000008001209a mem 0x0000000080031f50
core   0: 0x000000008000febc (0x00178713) addi    a4, a5, 1
core   0: 3 0x000000008000febc (0x00178713) x14 0x000000008001209b
core   0: 0x000000008000fec0 (0xfee43023) sd      a4, -32(s0)
core   0: 3 0x000000008000fec0 (0xfee43023) mem 0x0000000080031f50 0x000000008001209b
core   0: 0x000000008000fec4 (0xfc442703) lw      a4, -60(s0)
core   0: 3 0x000000008000fec4 (0xfc442703) x14 0x0000000000000000 mem 0x0000000080031f34
core   0: 0x000000008000fec8 (0x0ff77713) andi    a4, a4, 255
core   0: 3 0x000000008000fec8 (0x0ff77713) x14 0x0000000000000000
core   0: 0x000000008000fecc (0x00e78023) sb      a4, 0(a5)
core   0: 3 0x000000008000fecc (0x00e78023) mem 0x000000008001209a 0x00
core   0: 0x000000008000fed0 (0xfc843703) ld      a4, -56(s0)
core   0: 3 0x000000008000fed0 (0xfc843703) x14 0x0000000080012040 mem 0x0000000080031f38
core   0: 0x000000008000fed4 (0xfb843783) ld      a5, -72(s0)
core   0: 3 0x000000008000fed4 (0xfb843783) x15 0x000000000000009c mem 0x0000000080031f28
core   0: 0x000000008000fed8 (0x000097ba) c.add   a5, a4
core   0: 3 0x000000008000fed8 (0x97ba) x15 0x00000000800120dc
core   0: 0x000000008000feda (0xfe043703) ld      a4, -32(s0)
core   0: 3 0x000000008000feda (0xfe043703) x14 0x000000008001209b mem 0x0000000080031f50
core   0: 0x000000008000fede (0xfcf76de3) bltu    a4, a5, pc - 38
core   0: 3 0x000000008000fede (0xfcf76de3)
core   0: 0x000000008000feb8 (0xfe043783) ld      a5, -32(s0)
core   0: 3 0x000000008000feb8 (0xfe043783) x15 0x000000008001209b mem 0x0000000080031f50
core   0: 0x000000008000febc (0x00178713) addi    a4, a5, 1
core   0: 3 0x000000008000febc (0x00178713) x14 0x000000008001209c
core   0: 0x000000008000fec0 (0xfee43023) sd      a4, -32(s0)
core   0: 3 0x000000008000fec0 (0xfee43023) mem 0x0000000080031f50 0x000000008001209c
core   0: 0x000000008000fec4 (0xfc442703) lw      a4, -60(s0)
core   0: 3 0x000000008000fec4 (0xfc442703) x14 0x0000000000000000 mem 0x0000000080031f34
core   0: 0x000000008000fec8 (0x0ff77713) andi    a4, a4, 255
core   0: 3 0x000000008000fec8 (0x0ff77713) x14 0x0000000000000000
core   0: 0x000000008000fecc (0x00e78023) sb      a4, 0(a5)
core   0: 3 0x000000008000fecc (0x00e78023) mem 0x000000008001209b 0x00
core   0: 0x000000008000fed0 (0xfc843703) ld      a4, -56(s0)
core   0: 3 0x000000008000fed0 (0xfc843703) x14 0x0000000080012040 mem 0x0000000080031f38
core   0: 0x000000008000fed4 (0xfb843783) ld      a5, -72(s0)
core   0: 3 0x000000008000fed4 (0xfb843783) x15 0x000000000000009c mem 0x0000000080031f28
core   0: 0x000000008000fed8 (0x000097ba) c.add   a5, a4
core   0: 3 0x000000008000fed8 (0x97ba) x15 0x00000000800120dc
core   0: 0x000000008000feda (0xfe043703) ld      a4, -32(s0)
core   0: 3 0x000000008000feda (0xfe043703) x14 0x000000008001209c mem 0x0000000080031f50
core   0: 0x000000008000fede (0xfcf76de3) bltu    a4, a5, pc - 38
core   0: 3 0x000000008000fede (0xfcf76de3)
core   0: 0x000000008000feb8 (0xfe043783) ld      a5, -32(s0)
core   0: 3 0x000000008000feb8 (0xfe043783) x15 0x000000008001209c mem 0x0000000080031f50
core   0: 0x000000008000febc (0x00178713) addi    a4, a5, 1
core   0: 3 0x000000008000febc (0x00178713) x14 0x000000008001209d
core   0: 0x000000008000fec0 (0xfee43023) sd      a4, -32(s0)
core   0: 3 0x000000008000fec0 (0xfee43023) mem 0x0000000080031f50 0x000000008001209d
core   0: 0x000000008000fec4 (0xfc442703) lw      a4, -60(s0)
core   0: 3 0x000000008000fec4 (0xfc442703) x14 0x0000000000000000 mem 0x0000000080031f34
core   0: 0x000000008000fec8 (0x0ff77713) andi    a4, a4, 255
core   0: 3 0x000000008000fec8 (0x0ff77713) x14 0x0000000000000000
core   0: 0x000000008000fecc (0x00e78023) sb      a4, 0(a5)
core   0: 3 0x000000008000fecc (0x00e78023) mem 0x000000008001209c 0x00
core   0: 0x000000008000fed0 (0xfc843703) ld      a4, -56(s0)
core   0: 3 0x000000008000fed0 (0xfc843703) x14 0x0000000080012040 mem 0x0000000080031f38
core   0: 0x000000008000fed4 (0xfb843783) ld      a5, -72(s0)
core   0: 3 0x000000008000fed4 (0xfb843783) x15 0x000000000000009c mem 0x0000000080031f28
core   0: 0x000000008000fed8 (0x000097ba) c.add   a5, a4
core   0: 3 0x000000008000fed8 (0x97ba) x15 0x00000000800120dc
core   0: 0x000000008000feda (0xfe043703) ld      a4, -32(s0)
core   0: 3 0x000000008000feda (0xfe043703) x14 0x000000008001209d mem 0x0000000080031f50
core   0: 0x000000008000fede (0xfcf76de3) bltu    a4, a5, pc - 38
core   0: 3 0x000000008000fede (0xfcf76de3)
core   0: 0x000000008000feb8 (0xfe043783) ld      a5, -32(s0)
core   0: 3 0x000000008000feb8 (0xfe043783) x15 0x000000008001209d mem 0x0000000080031f50
core   0: 0x000000008000febc (0x00178713) addi    a4, a5, 1
core   0: 3 0x000000008000febc (0x00178713) x14 0x000000008001209e
core   0: 0x000000008000fec0 (0xfee43023) sd      a4, -32(s0)
core   0: 3 0x000000008000fec0 (0xfee43023) mem 0x0000000080031f50 0x000000008001209e
core   0: 0x000000008000fec4 (0xfc442703) lw      a4, -60(s0)
core   0: 3 0x000000008000fec4 (0xfc442703) x14 0x0000000000000000 mem 0x0000000080031f34
core   0: 0x000000008000fec8 (0x0ff77713) andi    a4, a4, 255
core   0: 3 0x000000008000fec8 (0x0ff77713) x14 0x0000000000000000
core   0: 0x000000008000fecc (0x00e78023) sb      a4, 0(a5)
core   0: 3 0x000000008000fecc (0x00e78023) mem 0x000000008001209d 0x00
core   0: 0x000000008000fed0 (0xfc843703) ld      a4, -56(s0)
core   0: 3 0x000000008000fed0 (0xfc843703) x14 0x0000000080012040 mem 0x0000000080031f38
core   0: 0x000000008000fed4 (0xfb843783) ld      a5, -72(s0)
core   0: 3 0x000000008000fed4 (0xfb843783) x15 0x000000000000009c mem 0x0000000080031f28
core   0: 0x000000008000fed8 (0x000097ba) c.add   a5, a4
core   0: 3 0x000000008000fed8 (0x97ba) x15 0x00000000800120dc
core   0: 0x000000008000feda (0xfe043703) ld      a4, -32(s0)
core   0: 3 0x000000008000feda (0xfe043703) x14 0x000000008001209e mem 0x0000000080031f50
core   0: 0x000000008000fede (0xfcf76de3) bltu    a4, a5, pc - 38
core   0: 3 0x000000008000fede (0xfcf76de3)
core   0: 0x000000008000feb8 (0xfe043783) ld      a5, -32(s0)
core   0: 3 0x000000008000feb8 (0xfe043783) x15 0x000000008001209e mem 0x0000000080031f50
core   0: 0x000000008000febc (0x00178713) addi    a4, a5, 1
core   0: 3 0x000000008000febc (0x00178713) x14 0x000000008001209f
core   0: 0x000000008000fec0 (0xfee43023) sd      a4, -32(s0)
core   0: 3 0x000000008000fec0 (0xfee43023) mem 0x0000000080031f50 0x000000008001209f
core   0: 0x000000008000fec4 (0xfc442703) lw      a4, -60(s0)
core   0: 3 0x000000008000fec4 (0xfc442703) x14 0x0000000000000000 mem 0x0000000080031f34
core   0: 0x000000008000fec8 (0x0ff77713) andi    a4, a4, 255
core   0: 3 0x000000008000fec8 (0x0ff77713) x14 0x0000000000000000
core   0: 0x000000008000fecc (0x00e78023) sb      a4, 0(a5)
core   0: 3 0x000000008000fecc (0x00e78023) mem 0x000000008001209e 0x00
core   0: 0x000000008000fed0 (0xfc843703) ld      a4, -56(s0)
core   0: 3 0x000000008000fed0 (0xfc843703) x14 0x0000000080012040 mem 0x0000000080031f38
core   0: 0x000000008000fed4 (0xfb843783) ld      a5, -72(s0)
core   0: 3 0x000000008000fed4 (0xfb843783) x15 0x000000000000009c mem 0x0000000080031f28
core   0: 0x000000008000fed8 (0x000097ba) c.add   a5, a4
core   0: 3 0x000000008000fed8 (0x97ba) x15 0x00000000800120dc
core   0: 0x000000008000feda (0xfe043703) ld      a4, -32(s0)
core   0: 3 0x000000008000feda (0xfe043703) x14 0x000000008001209f mem 0x0000000080031f50
core   0: 0x000000008000fede (0xfcf76de3) bltu    a4, a5, pc - 38
core   0: 3 0x000000008000fede (0xfcf76de3)
core   0: 0x000000008000feb8 (0xfe043783) ld      a5, -32(s0)
core   0: 3 0x000000008000feb8 (0xfe043783) x15 0x000000008001209f mem 0x0000000080031f50
core   0: 0x000000008000febc (0x00178713) addi    a4, a5, 1
core   0: 3 0x000000008000febc (0x00178713) x14 0x00000000800120a0
core   0: 0x000000008000fec0 (0xfee43023) sd      a4, -32(s0)
core   0: 3 0x000000008000fec0 (0xfee43023) mem 0x0000000080031f50 0x00000000800120a0
core   0: 0x000000008000fec4 (0xfc442703) lw      a4, -60(s0)
core   0: 3 0x000000008000fec4 (0xfc442703) x14 0x0000000000000000 mem 0x0000000080031f34
core   0: 0x000000008000fec8 (0x0ff77713) andi    a4, a4, 255
core   0: 3 0x000000008000fec8 (0x0ff77713) x14 0x0000000000000000
core   0: 0x000000008000fecc (0x00e78023) sb      a4, 0(a5)
core   0: 3 0x000000008000fecc (0x00e78023) mem 0x000000008001209f 0x00
core   0: 0x000000008000fed0 (0xfc843703) ld      a4, -56(s0)
core   0: 3 0x000000008000fed0 (0xfc843703) x14 0x0000000080012040 mem 0x0000000080031f38
core   0: 0x000000008000fed4 (0xfb843783) ld      a5, -72(s0)
core   0: 3 0x000000008000fed4 (0xfb843783) x15 0x000000000000009c mem 0x0000000080031f28
core   0: 0x000000008000fed8 (0x000097ba) c.add   a5, a4
core   0: 3 0x000000008000fed8 (0x97ba) x15 0x00000000800120dc
core   0: 0x000000008000feda (0xfe043703) ld      a4, -32(s0)
core   0: 3 0x000000008000feda (0xfe043703) x14 0x00000000800120a0 mem 0x0000000080031f50
core   0: 0x000000008000fede (0xfcf76de3) bltu    a4, a5, pc - 38
core   0: 3 0x000000008000fede (0xfcf76de3)
core   0: 0x000000008000feb8 (0xfe043783) ld      a5, -32(s0)
core   0: 3 0x000000008000feb8 (0xfe043783) x15 0x00000000800120a0 mem 0x0000000080031f50
core   0: 0x000000008000febc (0x00178713) addi    a4, a5, 1
core   0: 3 0x000000008000febc (0x00178713) x14 0x00000000800120a1
core   0: 0x000000008000fec0 (0xfee43023) sd      a4, -32(s0)
core   0: 3 0x000000008000fec0 (0xfee43023) mem 0x0000000080031f50 0x00000000800120a1
core   0: 0x000000008000fec4 (0xfc442703) lw      a4, -60(s0)
core   0: 3 0x000000008000fec4 (0xfc442703) x14 0x0000000000000000 mem 0x0000000080031f34
core   0: 0x000000008000fec8 (0x0ff77713) andi    a4, a4, 255
core   0: 3 0x000000008000fec8 (0x0ff77713) x14 0x0000000000000000
core   0: 0x000000008000fecc (0x00e78023) sb      a4, 0(a5)
core   0: 3 0x000000008000fecc (0x00e78023) mem 0x00000000800120a0 0x00
core   0: 0x000000008000fed0 (0xfc843703) ld      a4, -56(s0)
core   0: 3 0x000000008000fed0 (0xfc843703) x14 0x0000000080012040 mem 0x0000000080031f38
core   0: 0x000000008000fed4 (0xfb843783) ld      a5, -72(s0)
core   0: 3 0x000000008000fed4 (0xfb843783) x15 0x000000000000009c mem 0x0000000080031f28
core   0: 0x000000008000fed8 (0x000097ba) c.add   a5, a4
core   0: 3 0x000000008000fed8 (0x97ba) x15 0x00000000800120dc
core   0: 0x000000008000feda (0xfe043703) ld      a4, -32(s0)
core   0: 3 0x000000008000feda (0xfe043703) x14 0x00000000800120a1 mem 0x0000000080031f50
core   0: 0x000000008000fede (0xfcf76de3) bltu    a4, a5, pc - 38
core   0: 3 0x000000008000fede (0xfcf76de3)
core   0: 0x000000008000feb8 (0xfe043783) ld      a5, -32(s0)
core   0: 3 0x000000008000feb8 (0xfe043783) x15 0x00000000800120a1 mem 0x0000000080031f50
core   0: 0x000000008000febc (0x00178713) addi    a4, a5, 1
core   0: 3 0x000000008000febc (0x00178713) x14 0x00000000800120a2
core   0: 0x000000008000fec0 (0xfee43023) sd      a4, -32(s0)
core   0: 3 0x000000008000fec0 (0xfee43023) mem 0x0000000080031f50 0x00000000800120a2
core   0: 0x000000008000fec4 (0xfc442703) lw      a4, -60(s0)
core   0: 3 0x000000008000fec4 (0xfc442703) x14 0x0000000000000000 mem 0x0000000080031f34
core   0: 0x000000008000fec8 (0x0ff77713) andi    a4, a4, 255
core   0: 3 0x000000008000fec8 (0x0ff77713) x14 0x0000000000000000
core   0: 0x000000008000fecc (0x00e78023) sb      a4, 0(a5)
core   0: 3 0x000000008000fecc (0x00e78023) mem 0x00000000800120a1 0x00
core   0: 0x000000008000fed0 (0xfc843703) ld      a4, -56(s0)
core   0: 3 0x000000008000fed0 (0xfc843703) x14 0x0000000080012040 mem 0x0000000080031f38
core   0: 0x000000008000fed4 (0xfb843783) ld      a5, -72(s0)
core   0: 3 0x000000008000fed4 (0xfb843783) x15 0x000000000000009c mem 0x0000000080031f28
core   0: 0x000000008000fed8 (0x000097ba) c.add   a5, a4
core   0: 3 0x000000008000fed8 (0x97ba) x15 0x00000000800120dc
core   0: 0x000000008000feda (0xfe043703) ld      a4, -32(s0)
core   0: 3 0x000000008000feda (0xfe043703) x14 0x00000000800120a2 mem 0x0000000080031f50
core   0: 0x000000008000fede (0xfcf76de3) bltu    a4, a5, pc - 38
core   0: 3 0x000000008000fede (0xfcf76de3)
core   0: 0x000000008000feb8 (0xfe043783) ld      a5, -32(s0)
core   0: 3 0x000000008000feb8 (0xfe043783) x15 0x00000000800120a2 mem 0x0000000080031f50
core   0: 0x000000008000febc (0x00178713) addi    a4, a5, 1
core   0: 3 0x000000008000febc (0x00178713) x14 0x00000000800120a3
core   0: 0x000000008000fec0 (0xfee43023) sd      a4, -32(s0)
core   0: 3 0x000000008000fec0 (0xfee43023) mem 0x0000000080031f50 0x00000000800120a3
core   0: 0x000000008000fec4 (0xfc442703) lw      a4, -60(s0)
core   0: 3 0x000000008000fec4 (0xfc442703) x14 0x0000000000000000 mem 0x0000000080031f34
core   0: 0x000000008000fec8 (0x0ff77713) andi    a4, a4, 255
core   0: 3 0x000000008000fec8 (0x0ff77713) x14 0x0000000000000000
core   0: 0x000000008000fecc (0x00e78023) sb      a4, 0(a5)
core   0: 3 0x000000008000fecc (0x00e78023) mem 0x00000000800120a2 0x00
core   0: 0x000000008000fed0 (0xfc843703) ld      a4, -56(s0)
core   0: 3 0x000000008000fed0 (0xfc843703) x14 0x0000000080012040 mem 0x0000000080031f38
core   0: 0x000000008000fed4 (0xfb843783) ld      a5, -72(s0)
core   0: 3 0x000000008000fed4 (0xfb843783) x15 0x000000000000009c mem 0x0000000080031f28
core   0: 0x000000008000fed8 (0x000097ba) c.add   a5, a4
core   0: 3 0x000000008000fed8 (0x97ba) x15 0x00000000800120dc
core   0: 0x000000008000feda (0xfe043703) ld      a4, -32(s0)
core   0: 3 0x000000008000feda (0xfe043703) x14 0x00000000800120a3 mem 0x0000000080031f50
core   0: 0x000000008000fede (0xfcf76de3) bltu    a4, a5, pc - 38
core   0: 3 0x000000008000fede (0xfcf76de3)
core   0: 0x000000008000feb8 (0xfe043783) ld      a5, -32(s0)
core   0: 3 0x000000008000feb8 (0xfe043783) x15 0x00000000800120a3 mem 0x0000000080031f50
core   0: 0x000000008000febc (0x00178713) addi    a4, a5, 1
core   0: 3 0x000000008000febc (0x00178713) x14 0x00000000800120a4
core   0: 0x000000008000fec0 (0xfee43023) sd      a4, -32(s0)
core   0: 3 0x000000008000fec0 (0xfee43023) mem 0x0000000080031f50 0x00000000800120a4
core   0: 0x000000008000fec4 (0xfc442703) lw      a4, -60(s0)
core   0: 3 0x000000008000fec4 (0xfc442703) x14 0x0000000000000000 mem 0x0000000080031f34
core   0: 0x000000008000fec8 (0x0ff77713) andi    a4, a4, 255
core   0: 3 0x000000008000fec8 (0x0ff77713) x14 0x0000000000000000
core   0: 0x000000008000fecc (0x00e78023) sb      a4, 0(a5)
core   0: 3 0x000000008000fecc (0x00e78023) mem 0x00000000800120a3 0x00
core   0: 0x000000008000fed0 (0xfc843703) ld      a4, -56(s0)
core   0: 3 0x000000008000fed0 (0xfc843703) x14 0x0000000080012040 mem 0x0000000080031f38
core   0: 0x000000008000fed4 (0xfb843783) ld      a5, -72(s0)
core   0: 3 0x000000008000fed4 (0xfb843783) x15 0x000000000000009c mem 0x0000000080031f28
core   0: 0x000000008000fed8 (0x000097ba) c.add   a5, a4
core   0: 3 0x000000008000fed8 (0x97ba) x15 0x00000000800120dc
core   0: 0x000000008000feda (0xfe043703) ld      a4, -32(s0)
core   0: 3 0x000000008000feda (0xfe043703) x14 0x00000000800120a4 mem 0x0000000080031f50
core   0: 0x000000008000fede (0xfcf76de3) bltu    a4, a5, pc - 38
core   0: 3 0x000000008000fede (0xfcf76de3)
core   0: 0x000000008000feb8 (0xfe043783) ld      a5, -32(s0)
core   0: 3 0x000000008000feb8 (0xfe043783) x15 0x00000000800120a4 mem 0x0000000080031f50
core   0: 0x000000008000febc (0x00178713) addi    a4, a5, 1
core   0: 3 0x000000008000febc (0x00178713) x14 0x00000000800120a5
core   0: 0x000000008000fec0 (0xfee43023) sd      a4, -32(s0)
core   0: 3 0x000000008000fec0 (0xfee43023) mem 0x0000000080031f50 0x00000000800120a5
core   0: 0x000000008000fec4 (0xfc442703) lw      a4, -60(s0)
core   0: 3 0x000000008000fec4 (0xfc442703) x14 0x0000000000000000 mem 0x0000000080031f34
core   0: 0x000000008000fec8 (0x0ff77713) andi    a4, a4, 255
core   0: 3 0x000000008000fec8 (0x0ff77713) x14 0x0000000000000000
core   0: 0x000000008000fecc (0x00e78023) sb      a4, 0(a5)
core   0: 3 0x000000008000fecc (0x00e78023) mem 0x00000000800120a4 0x00
core   0: 0x000000008000fed0 (0xfc843703) ld      a4, -56(s0)
core   0: 3 0x000000008000fed0 (0xfc843703) x14 0x0000000080012040 mem 0x0000000080031f38
core   0: 0x000000008000fed4 (0xfb843783) ld      a5, -72(s0)
core   0: 3 0x000000008000fed4 (0xfb843783) x15 0x000000000000009c mem 0x0000000080031f28
core   0: 0x000000008000fed8 (0x000097ba) c.add   a5, a4
core   0: 3 0x000000008000fed8 (0x97ba) x15 0x00000000800120dc
core   0: 0x000000008000feda (0xfe043703) ld      a4, -32(s0)
core   0: 3 0x000000008000feda (0xfe043703) x14 0x00000000800120a5 mem 0x0000000080031f50
core   0: 0x000000008000fede (0xfcf76de3) bltu    a4, a5, pc - 38
core   0: 3 0x000000008000fede (0xfcf76de3)
core   0: 0x000000008000feb8 (0xfe043783) ld      a5, -32(s0)
core   0: 3 0x000000008000feb8 (0xfe043783) x15 0x00000000800120a5 mem 0x0000000080031f50
core   0: 0x000000008000febc (0x00178713) addi    a4, a5, 1
core   0: 3 0x000000008000febc (0x00178713) x14 0x00000000800120a6
core   0: 0x000000008000fec0 (0xfee43023) sd      a4, -32(s0)
core   0: 3 0x000000008000fec0 (0xfee43023) mem 0x0000000080031f50 0x00000000800120a6
core   0: 0x000000008000fec4 (0xfc442703) lw      a4, -60(s0)
core   0: 3 0x000000008000fec4 (0xfc442703) x14 0x0000000000000000 mem 0x0000000080031f34
core   0: 0x000000008000fec8 (0x0ff77713) andi    a4, a4, 255
core   0: 3 0x000000008000fec8 (0x0ff77713) x14 0x0000000000000000
core   0: 0x000000008000fecc (0x00e78023) sb      a4, 0(a5)
core   0: 3 0x000000008000fecc (0x00e78023) mem 0x00000000800120a5 0x00
core   0: 0x000000008000fed0 (0xfc843703) ld      a4, -56(s0)
core   0: 3 0x000000008000fed0 (0xfc843703) x14 0x0000000080012040 mem 0x0000000080031f38
core   0: 0x000000008000fed4 (0xfb843783) ld      a5, -72(s0)
core   0: 3 0x000000008000fed4 (0xfb843783) x15 0x000000000000009c mem 0x0000000080031f28
core   0: 0x000000008000fed8 (0x000097ba) c.add   a5, a4
core   0: 3 0x000000008000fed8 (0x97ba) x15 0x00000000800120dc
core   0: 0x000000008000feda (0xfe043703) ld      a4, -32(s0)
core   0: 3 0x000000008000feda (0xfe043703) x14 0x00000000800120a6 mem 0x0000000080031f50
core   0: 0x000000008000fede (0xfcf76de3) bltu    a4, a5, pc - 38
core   0: 3 0x000000008000fede (0xfcf76de3)
core   0: 0x000000008000feb8 (0xfe043783) ld      a5, -32(s0)
core   0: 3 0x000000008000feb8 (0xfe043783) x15 0x00000000800120a6 mem 0x0000000080031f50
core   0: 0x000000008000febc (0x00178713) addi    a4, a5, 1
core   0: 3 0x000000008000febc (0x00178713) x14 0x00000000800120a7
core   0: 0x000000008000fec0 (0xfee43023) sd      a4, -32(s0)
core   0: 3 0x000000008000fec0 (0xfee43023) mem 0x0000000080031f50 0x00000000800120a7
core   0: 0x000000008000fec4 (0xfc442703) lw      a4, -60(s0)
core   0: 3 0x000000008000fec4 (0xfc442703) x14 0x0000000000000000 mem 0x0000000080031f34
core   0: 0x000000008000fec8 (0x0ff77713) andi    a4, a4, 255
core   0: 3 0x000000008000fec8 (0x0ff77713) x14 0x0000000000000000
core   0: 0x000000008000fecc (0x00e78023) sb      a4, 0(a5)
core   0: 3 0x000000008000fecc (0x00e78023) mem 0x00000000800120a6 0x00
core   0: 0x000000008000fed0 (0xfc843703) ld      a4, -56(s0)
core   0: 3 0x000000008000fed0 (0xfc843703) x14 0x0000000080012040 mem 0x0000000080031f38
core   0: 0x000000008000fed4 (0xfb843783) ld      a5, -72(s0)
core   0: 3 0x000000008000fed4 (0xfb843783) x15 0x000000000000009c mem 0x0000000080031f28
core   0: 0x000000008000fed8 (0x000097ba) c.add   a5, a4
core   0: 3 0x000000008000fed8 (0x97ba) x15 0x00000000800120dc
core   0: 0x000000008000feda (0xfe043703) ld      a4, -32(s0)
core   0: 3 0x000000008000feda (0xfe043703) x14 0x00000000800120a7 mem 0x0000000080031f50
core   0: 0x000000008000fede (0xfcf76de3) bltu    a4, a5, pc - 38
core   0: 3 0x000000008000fede (0xfcf76de3)
core   0: 0x000000008000feb8 (0xfe043783) ld      a5, -32(s0)
core   0: 3 0x000000008000feb8 (0xfe043783) x15 0x00000000800120a7 mem 0x0000000080031f50
core   0: 0x000000008000febc (0x00178713) addi    a4, a5, 1
core   0: 3 0x000000008000febc (0x00178713) x14 0x00000000800120a8
core   0: 0x000000008000fec0 (0xfee43023) sd      a4, -32(s0)
core   0: 3 0x000000008000fec0 (0xfee43023) mem 0x0000000080031f50 0x00000000800120a8
core   0: 0x000000008000fec4 (0xfc442703) lw      a4, -60(s0)
core   0: 3 0x000000008000fec4 (0xfc442703) x14 0x0000000000000000 mem 0x0000000080031f34
core   0: 0x000000008000fec8 (0x0ff77713) andi    a4, a4, 255
core   0: 3 0x000000008000fec8 (0x0ff77713) x14 0x0000000000000000
core   0: 0x000000008000fecc (0x00e78023) sb      a4, 0(a5)
core   0: 3 0x000000008000fecc (0x00e78023) mem 0x00000000800120a7 0x00
core   0: 0x000000008000fed0 (0xfc843703) ld      a4, -56(s0)
core   0: 3 0x000000008000fed0 (0xfc843703) x14 0x0000000080012040 mem 0x0000000080031f38
core   0: 0x000000008000fed4 (0xfb843783) ld      a5, -72(s0)
core   0: 3 0x000000008000fed4 (0xfb843783) x15 0x000000000000009c mem 0x0000000080031f28
core   0: 0x000000008000fed8 (0x000097ba) c.add   a5, a4
core   0: 3 0x000000008000fed8 (0x97ba) x15 0x00000000800120dc
core   0: 0x000000008000feda (0xfe043703) ld      a4, -32(s0)
core   0: 3 0x000000008000feda (0xfe043703) x14 0x00000000800120a8 mem 0x0000000080031f50
core   0: 0x000000008000fede (0xfcf76de3) bltu    a4, a5, pc - 38
core   0: 3 0x000000008000fede (0xfcf76de3)
core   0: 0x000000008000feb8 (0xfe043783) ld      a5, -32(s0)
core   0: 3 0x000000008000feb8 (0xfe043783) x15 0x00000000800120a8 mem 0x0000000080031f50
core   0: 0x000000008000febc (0x00178713) addi    a4, a5, 1
core   0: 3 0x000000008000febc (0x00178713) x14 0x00000000800120a9
core   0: 0x000000008000fec0 (0xfee43023) sd      a4, -32(s0)
core   0: 3 0x000000008000fec0 (0xfee43023) mem 0x0000000080031f50 0x00000000800120a9
core   0: 0x000000008000fec4 (0xfc442703) lw      a4, -60(s0)
core   0: 3 0x000000008000fec4 (0xfc442703) x14 0x0000000000000000 mem 0x0000000080031f34
core   0: 0x000000008000fec8 (0x0ff77713) andi    a4, a4, 255
core   0: 3 0x000000008000fec8 (0x0ff77713) x14 0x0000000000000000
core   0: 0x000000008000fecc (0x00e78023) sb      a4, 0(a5)
core   0: 3 0x000000008000fecc (0x00e78023) mem 0x00000000800120a8 0x00
core   0: 0x000000008000fed0 (0xfc843703) ld      a4, -56(s0)
core   0: 3 0x000000008000fed0 (0xfc843703) x14 0x0000000080012040 mem 0x0000000080031f38
core   0: 0x000000008000fed4 (0xfb843783) ld      a5, -72(s0)
core   0: 3 0x000000008000fed4 (0xfb843783) x15 0x000000000000009c mem 0x0000000080031f28
core   0: 0x000000008000fed8 (0x000097ba) c.add   a5, a4
core   0: 3 0x000000008000fed8 (0x97ba) x15 0x00000000800120dc
core   0: 0x000000008000feda (0xfe043703) ld      a4, -32(s0)
core   0: 3 0x000000008000feda (0xfe043703) x14 0x00000000800120a9 mem 0x0000000080031f50
core   0: 0x000000008000fede (0xfcf76de3) bltu    a4, a5, pc - 38
core   0: 3 0x000000008000fede (0xfcf76de3)
core   0: 0x000000008000feb8 (0xfe043783) ld      a5, -32(s0)
core   0: 3 0x000000008000feb8 (0xfe043783) x15 0x00000000800120a9 mem 0x0000000080031f50
core   0: 0x000000008000febc (0x00178713) addi    a4, a5, 1
core   0: 3 0x000000008000febc (0x00178713) x14 0x00000000800120aa
core   0: 0x000000008000fec0 (0xfee43023) sd      a4, -32(s0)
core   0: 3 0x000000008000fec0 (0xfee43023) mem 0x0000000080031f50 0x00000000800120aa
core   0: 0x000000008000fec4 (0xfc442703) lw      a4, -60(s0)
core   0: 3 0x000000008000fec4 (0xfc442703) x14 0x0000000000000000 mem 0x0000000080031f34
core   0: 0x000000008000fec8 (0x0ff77713) andi    a4, a4, 255
core   0: 3 0x000000008000fec8 (0x0ff77713) x14 0x0000000000000000
core   0: 0x000000008000fecc (0x00e78023) sb      a4, 0(a5)
core   0: 3 0x000000008000fecc (0x00e78023) mem 0x00000000800120a9 0x00
core   0: 0x000000008000fed0 (0xfc843703) ld      a4, -56(s0)
core   0: 3 0x000000008000fed0 (0xfc843703) x14 0x0000000080012040 mem 0x0000000080031f38
core   0: 0x000000008000fed4 (0xfb843783) ld      a5, -72(s0)
core   0: 3 0x000000008000fed4 (0xfb843783) x15 0x000000000000009c mem 0x0000000080031f28
core   0: 0x000000008000fed8 (0x000097ba) c.add   a5, a4
core   0: 3 0x000000008000fed8 (0x97ba) x15 0x00000000800120dc
core   0: 0x000000008000feda (0xfe043703) ld      a4, -32(s0)
core   0: 3 0x000000008000feda (0xfe043703) x14 0x00000000800120aa mem 0x0000000080031f50
core   0: 0x000000008000fede (0xfcf76de3) bltu    a4, a5, pc - 38
core   0: 3 0x000000008000fede (0xfcf76de3)
core   0: 0x000000008000feb8 (0xfe043783) ld      a5, -32(s0)
core   0: 3 0x000000008000feb8 (0xfe043783) x15 0x00000000800120aa mem 0x0000000080031f50
core   0: 0x000000008000febc (0x00178713) addi    a4, a5, 1
core   0: 3 0x000000008000febc (0x00178713) x14 0x00000000800120ab
core   0: 0x000000008000fec0 (0xfee43023) sd      a4, -32(s0)
core   0: 3 0x000000008000fec0 (0xfee43023) mem 0x0000000080031f50 0x00000000800120ab
core   0: 0x000000008000fec4 (0xfc442703) lw      a4, -60(s0)
core   0: 3 0x000000008000fec4 (0xfc442703) x14 0x0000000000000000 mem 0x0000000080031f34
core   0: 0x000000008000fec8 (0x0ff77713) andi    a4, a4, 255
core   0: 3 0x000000008000fec8 (0x0ff77713) x14 0x0000000000000000
core   0: 0x000000008000fecc (0x00e78023) sb      a4, 0(a5)
core   0: 3 0x000000008000fecc (0x00e78023) mem 0x00000000800120aa 0x00
core   0: 0x000000008000fed0 (0xfc843703) ld      a4, -56(s0)
core   0: 3 0x000000008000fed0 (0xfc843703) x14 0x0000000080012040 mem 0x0000000080031f38
core   0: 0x000000008000fed4 (0xfb843783) ld      a5, -72(s0)
core   0: 3 0x000000008000fed4 (0xfb843783) x15 0x000000000000009c mem 0x0000000080031f28
core   0: 0x000000008000fed8 (0x000097ba) c.add   a5, a4
core   0: 3 0x000000008000fed8 (0x97ba) x15 0x00000000800120dc
core   0: 0x000000008000feda (0xfe043703) ld      a4, -32(s0)
core   0: 3 0x000000008000feda (0xfe043703) x14 0x00000000800120ab mem 0x0000000080031f50
core   0: 0x000000008000fede (0xfcf76de3) bltu    a4, a5, pc - 38
core   0: 3 0x000000008000fede (0xfcf76de3)
core   0: 0x000000008000feb8 (0xfe043783) ld      a5, -32(s0)
core   0: 3 0x000000008000feb8 (0xfe043783) x15 0x00000000800120ab mem 0x0000000080031f50
core   0: 0x000000008000febc (0x00178713) addi    a4, a5, 1
core   0: 3 0x000000008000febc (0x00178713) x14 0x00000000800120ac
core   0: 0x000000008000fec0 (0xfee43023) sd      a4, -32(s0)
core   0: 3 0x000000008000fec0 (0xfee43023) mem 0x0000000080031f50 0x00000000800120ac
core   0: 0x000000008000fec4 (0xfc442703) lw      a4, -60(s0)
core   0: 3 0x000000008000fec4 (0xfc442703) x14 0x0000000000000000 mem 0x0000000080031f34
core   0: 0x000000008000fec8 (0x0ff77713) andi    a4, a4, 255
core   0: 3 0x000000008000fec8 (0x0ff77713) x14 0x0000000000000000
core   0: 0x000000008000fecc (0x00e78023) sb      a4, 0(a5)
core   0: 3 0x000000008000fecc (0x00e78023) mem 0x00000000800120ab 0x00
core   0: 0x000000008000fed0 (0xfc843703) ld      a4, -56(s0)
core   0: 3 0x000000008000fed0 (0xfc843703) x14 0x0000000080012040 mem 0x0000000080031f38
core   0: 0x000000008000fed4 (0xfb843783) ld      a5, -72(s0)
core   0: 3 0x000000008000fed4 (0xfb843783) x15 0x000000000000009c mem 0x0000000080031f28
core   0: 0x000000008000fed8 (0x000097ba) c.add   a5, a4
core   0: 3 0x000000008000fed8 (0x97ba) x15 0x00000000800120dc
core   0: 0x000000008000feda (0xfe043703) ld      a4, -32(s0)
core   0: 3 0x000000008000feda (0xfe043703) x14 0x00000000800120ac mem 0x0000000080031f50
core   0: 0x000000008000fede (0xfcf76de3) bltu    a4, a5, pc - 38
core   0: 3 0x000000008000fede (0xfcf76de3)
core   0: 0x000000008000feb8 (0xfe043783) ld      a5, -32(s0)
core   0: 3 0x000000008000feb8 (0xfe043783) x15 0x00000000800120ac mem 0x0000000080031f50
core   0: 0x000000008000febc (0x00178713) addi    a4, a5, 1
core   0: 3 0x000000008000febc (0x00178713) x14 0x00000000800120ad
core   0: 0x000000008000fec0 (0xfee43023) sd      a4, -32(s0)
core   0: 3 0x000000008000fec0 (0xfee43023) mem 0x0000000080031f50 0x00000000800120ad
core   0: 0x000000008000fec4 (0xfc442703) lw      a4, -60(s0)
core   0: 3 0x000000008000fec4 (0xfc442703) x14 0x0000000000000000 mem 0x0000000080031f34
core   0: 0x000000008000fec8 (0x0ff77713) andi    a4, a4, 255
core   0: 3 0x000000008000fec8 (0x0ff77713) x14 0x0000000000000000
core   0: 0x000000008000fecc (0x00e78023) sb      a4, 0(a5)
core   0: 3 0x000000008000fecc (0x00e78023) mem 0x00000000800120ac 0x00
core   0: 0x000000008000fed0 (0xfc843703) ld      a4, -56(s0)
core   0: 3 0x000000008000fed0 (0xfc843703) x14 0x0000000080012040 mem 0x0000000080031f38
core   0: 0x000000008000fed4 (0xfb843783) ld      a5, -72(s0)
core   0: 3 0x000000008000fed4 (0xfb843783) x15 0x000000000000009c mem 0x0000000080031f28
core   0: 0x000000008000fed8 (0x000097ba) c.add   a5, a4
core   0: 3 0x000000008000fed8 (0x97ba) x15 0x00000000800120dc
core   0: 0x000000008000feda (0xfe043703) ld      a4, -32(s0)
core   0: 3 0x000000008000feda (0xfe043703) x14 0x00000000800120ad mem 0x0000000080031f50
core   0: 0x000000008000fede (0xfcf76de3) bltu    a4, a5, pc - 38
core   0: 3 0x000000008000fede (0xfcf76de3)
core   0: 0x000000008000feb8 (0xfe043783) ld      a5, -32(s0)
core   0: 3 0x000000008000feb8 (0xfe043783) x15 0x00000000800120ad mem 0x0000000080031f50
core   0: 0x000000008000febc (0x00178713) addi    a4, a5, 1
core   0: 3 0x000000008000febc (0x00178713) x14 0x00000000800120ae
core   0: 0x000000008000fec0 (0xfee43023) sd      a4, -32(s0)
core   0: 3 0x000000008000fec0 (0xfee43023) mem 0x0000000080031f50 0x00000000800120ae
core   0: 0x000000008000fec4 (0xfc442703) lw      a4, -60(s0)
core   0: 3 0x000000008000fec4 (0xfc442703) x14 0x0000000000000000 mem 0x0000000080031f34
core   0: 0x000000008000fec8 (0x0ff77713) andi    a4, a4, 255
core   0: 3 0x000000008000fec8 (0x0ff77713) x14 0x0000000000000000
core   0: 0x000000008000fecc (0x00e78023) sb      a4, 0(a5)
core   0: 3 0x000000008000fecc (0x00e78023) mem 0x00000000800120ad 0x00
core   0: 0x000000008000fed0 (0xfc843703) ld      a4, -56(s0)
core   0: 3 0x000000008000fed0 (0xfc843703) x14 0x0000000080012040 mem 0x0000000080031f38
core   0: 0x000000008000fed4 (0xfb843783) ld      a5, -72(s0)
core   0: 3 0x000000008000fed4 (0xfb843783) x15 0x000000000000009c mem 0x0000000080031f28
core   0: 0x000000008000fed8 (0x000097ba) c.add   a5, a4
core   0: 3 0x000000008000fed8 (0x97ba) x15 0x00000000800120dc
core   0: 0x000000008000feda (0xfe043703) ld      a4, -32(s0)
core   0: 3 0x000000008000feda (0xfe043703) x14 0x00000000800120ae mem 0x0000000080031f50
core   0: 0x000000008000fede (0xfcf76de3) bltu    a4, a5, pc - 38
core   0: 3 0x000000008000fede (0xfcf76de3)
core   0: 0x000000008000feb8 (0xfe043783) ld      a5, -32(s0)
core   0: 3 0x000000008000feb8 (0xfe043783) x15 0x00000000800120ae mem 0x0000000080031f50
core   0: 0x000000008000febc (0x00178713) addi    a4, a5, 1
core   0: 3 0x000000008000febc (0x00178713) x14 0x00000000800120af
core   0: 0x000000008000fec0 (0xfee43023) sd      a4, -32(s0)
core   0: 3 0x000000008000fec0 (0xfee43023) mem 0x0000000080031f50 0x00000000800120af
core   0: 0x000000008000fec4 (0xfc442703) lw      a4, -60(s0)
core   0: 3 0x000000008000fec4 (0xfc442703) x14 0x0000000000000000 mem 0x0000000080031f34
core   0: 0x000000008000fec8 (0x0ff77713) andi    a4, a4, 255
core   0: 3 0x000000008000fec8 (0x0ff77713) x14 0x0000000000000000
core   0: 0x000000008000fecc (0x00e78023) sb      a4, 0(a5)
core   0: 3 0x000000008000fecc (0x00e78023) mem 0x00000000800120ae 0x00
core   0: 0x000000008000fed0 (0xfc843703) ld      a4, -56(s0)
core   0: 3 0x000000008000fed0 (0xfc843703) x14 0x0000000080012040 mem 0x0000000080031f38
core   0: 0x000000008000fed4 (0xfb843783) ld      a5, -72(s0)
core   0: 3 0x000000008000fed4 (0xfb843783) x15 0x000000000000009c mem 0x0000000080031f28
core   0: 0x000000008000fed8 (0x000097ba) c.add   a5, a4
core   0: 3 0x000000008000fed8 (0x97ba) x15 0x00000000800120dc
core   0: 0x000000008000feda (0xfe043703) ld      a4, -32(s0)
core   0: 3 0x000000008000feda (0xfe043703) x14 0x00000000800120af mem 0x0000000080031f50
core   0: 0x000000008000fede (0xfcf76de3) bltu    a4, a5, pc - 38
core   0: 3 0x000000008000fede (0xfcf76de3)
core   0: 0x000000008000feb8 (0xfe043783) ld      a5, -32(s0)
core   0: 3 0x000000008000feb8 (0xfe043783) x15 0x00000000800120af mem 0x0000000080031f50
core   0: 0x000000008000febc (0x00178713) addi    a4, a5, 1
core   0: 3 0x000000008000febc (0x00178713) x14 0x00000000800120b0
core   0: 0x000000008000fec0 (0xfee43023) sd      a4, -32(s0)
core   0: 3 0x000000008000fec0 (0xfee43023) mem 0x0000000080031f50 0x00000000800120b0
core   0: 0x000000008000fec4 (0xfc442703) lw      a4, -60(s0)
core   0: 3 0x000000008000fec4 (0xfc442703) x14 0x0000000000000000 mem 0x0000000080031f34
core   0: 0x000000008000fec8 (0x0ff77713) andi    a4, a4, 255
core   0: 3 0x000000008000fec8 (0x0ff77713) x14 0x0000000000000000
core   0: 0x000000008000fecc (0x00e78023) sb      a4, 0(a5)
core   0: 3 0x000000008000fecc (0x00e78023) mem 0x00000000800120af 0x00
core   0: 0x000000008000fed0 (0xfc843703) ld      a4, -56(s0)
core   0: 3 0x000000008000fed0 (0xfc843703) x14 0x0000000080012040 mem 0x0000000080031f38
core   0: 0x000000008000fed4 (0xfb843783) ld      a5, -72(s0)
core   0: 3 0x000000008000fed4 (0xfb843783) x15 0x000000000000009c mem 0x0000000080031f28
core   0: 0x000000008000fed8 (0x000097ba) c.add   a5, a4
core   0: 3 0x000000008000fed8 (0x97ba) x15 0x00000000800120dc
core   0: 0x000000008000feda (0xfe043703) ld      a4, -32(s0)
core   0: 3 0x000000008000feda (0xfe043703) x14 0x00000000800120b0 mem 0x0000000080031f50
core   0: 0x000000008000fede (0xfcf76de3) bltu    a4, a5, pc - 38
core   0: 3 0x000000008000fede (0xfcf76de3)
core   0: 0x000000008000feb8 (0xfe043783) ld      a5, -32(s0)
core   0: 3 0x000000008000feb8 (0xfe043783) x15 0x00000000800120b0 mem 0x0000000080031f50
core   0: 0x000000008000febc (0x00178713) addi    a4, a5, 1
core   0: 3 0x000000008000febc (0x00178713) x14 0x00000000800120b1
core   0: 0x000000008000fec0 (0xfee43023) sd      a4, -32(s0)
core   0: 3 0x000000008000fec0 (0xfee43023) mem 0x0000000080031f50 0x00000000800120b1
core   0: 0x000000008000fec4 (0xfc442703) lw      a4, -60(s0)
core   0: 3 0x000000008000fec4 (0xfc442703) x14 0x0000000000000000 mem 0x0000000080031f34
core   0: 0x000000008000fec8 (0x0ff77713) andi    a4, a4, 255
core   0: 3 0x000000008000fec8 (0x0ff77713) x14 0x0000000000000000
core   0: 0x000000008000fecc (0x00e78023) sb      a4, 0(a5)
core   0: 3 0x000000008000fecc (0x00e78023) mem 0x00000000800120b0 0x00
core   0: 0x000000008000fed0 (0xfc843703) ld      a4, -56(s0)
core   0: 3 0x000000008000fed0 (0xfc843703) x14 0x0000000080012040 mem 0x0000000080031f38
core   0: 0x000000008000fed4 (0xfb843783) ld      a5, -72(s0)
core   0: 3 0x000000008000fed4 (0xfb843783) x15 0x000000000000009c mem 0x0000000080031f28
core   0: 0x000000008000fed8 (0x000097ba) c.add   a5, a4
core   0: 3 0x000000008000fed8 (0x97ba) x15 0x00000000800120dc
core   0: 0x000000008000feda (0xfe043703) ld      a4, -32(s0)
core   0: 3 0x000000008000feda (0xfe043703) x14 0x00000000800120b1 mem 0x0000000080031f50
core   0: 0x000000008000fede (0xfcf76de3) bltu    a4, a5, pc - 38
core   0: 3 0x000000008000fede (0xfcf76de3)
core   0: 0x000000008000feb8 (0xfe043783) ld      a5, -32(s0)
core   0: 3 0x000000008000feb8 (0xfe043783) x15 0x00000000800120b1 mem 0x0000000080031f50
core   0: 0x000000008000febc (0x00178713) addi    a4, a5, 1
core   0: 3 0x000000008000febc (0x00178713) x14 0x00000000800120b2
core   0: 0x000000008000fec0 (0xfee43023) sd      a4, -32(s0)
core   0: 3 0x000000008000fec0 (0xfee43023) mem 0x0000000080031f50 0x00000000800120b2
core   0: 0x000000008000fec4 (0xfc442703) lw      a4, -60(s0)
core   0: 3 0x000000008000fec4 (0xfc442703) x14 0x0000000000000000 mem 0x0000000080031f34
core   0: 0x000000008000fec8 (0x0ff77713) andi    a4, a4, 255
core   0: 3 0x000000008000fec8 (0x0ff77713) x14 0x0000000000000000
core   0: 0x000000008000fecc (0x00e78023) sb      a4, 0(a5)
core   0: 3 0x000000008000fecc (0x00e78023) mem 0x00000000800120b1 0x00
core   0: 0x000000008000fed0 (0xfc843703) ld      a4, -56(s0)
core   0: 3 0x000000008000fed0 (0xfc843703) x14 0x0000000080012040 mem 0x0000000080031f38
core   0: 0x000000008000fed4 (0xfb843783) ld      a5, -72(s0)
core   0: 3 0x000000008000fed4 (0xfb843783) x15 0x000000000000009c mem 0x0000000080031f28
core   0: 0x000000008000fed8 (0x000097ba) c.add   a5, a4
core   0: 3 0x000000008000fed8 (0x97ba) x15 0x00000000800120dc
core   0: 0x000000008000feda (0xfe043703) ld      a4, -32(s0)
core   0: 3 0x000000008000feda (0xfe043703) x14 0x00000000800120b2 mem 0x0000000080031f50
core   0: 0x000000008000fede (0xfcf76de3) bltu    a4, a5, pc - 38
core   0: 3 0x000000008000fede (0xfcf76de3)
core   0: 0x000000008000feb8 (0xfe043783) ld      a5, -32(s0)
core   0: 3 0x000000008000feb8 (0xfe043783) x15 0x00000000800120b2 mem 0x0000000080031f50
core   0: 0x000000008000febc (0x00178713) addi    a4, a5, 1
core   0: 3 0x000000008000febc (0x00178713) x14 0x00000000800120b3
core   0: 0x000000008000fec0 (0xfee43023) sd      a4, -32(s0)
core   0: 3 0x000000008000fec0 (0xfee43023) mem 0x0000000080031f50 0x00000000800120b3
core   0: 0x000000008000fec4 (0xfc442703) lw      a4, -60(s0)
core   0: 3 0x000000008000fec4 (0xfc442703) x14 0x0000000000000000 mem 0x0000000080031f34
core   0: 0x000000008000fec8 (0x0ff77713) andi    a4, a4, 255
core   0: 3 0x000000008000fec8 (0x0ff77713) x14 0x0000000000000000
core   0: 0x000000008000fecc (0x00e78023) sb      a4, 0(a5)
core   0: 3 0x000000008000fecc (0x00e78023) mem 0x00000000800120b2 0x00
core   0: 0x000000008000fed0 (0xfc843703) ld      a4, -56(s0)
core   0: 3 0x000000008000fed0 (0xfc843703) x14 0x0000000080012040 mem 0x0000000080031f38
core   0: 0x000000008000fed4 (0xfb843783) ld      a5, -72(s0)
core   0: 3 0x000000008000fed4 (0xfb843783) x15 0x000000000000009c mem 0x0000000080031f28
core   0: 0x000000008000fed8 (0x000097ba) c.add   a5, a4
core   0: 3 0x000000008000fed8 (0x97ba) x15 0x00000000800120dc
core   0: 0x000000008000feda (0xfe043703) ld      a4, -32(s0)
core   0: 3 0x000000008000feda (0xfe043703) x14 0x00000000800120b3 mem 0x0000000080031f50
core   0: 0x000000008000fede (0xfcf76de3) bltu    a4, a5, pc - 38
core   0: 3 0x000000008000fede (0xfcf76de3)
core   0: 0x000000008000feb8 (0xfe043783) ld      a5, -32(s0)
core   0: 3 0x000000008000feb8 (0xfe043783) x15 0x00000000800120b3 mem 0x0000000080031f50
core   0: 0x000000008000febc (0x00178713) addi    a4, a5, 1
core   0: 3 0x000000008000febc (0x00178713) x14 0x00000000800120b4
core   0: 0x000000008000fec0 (0xfee43023) sd      a4, -32(s0)
core   0: 3 0x000000008000fec0 (0xfee43023) mem 0x0000000080031f50 0x00000000800120b4
core   0: 0x000000008000fec4 (0xfc442703) lw      a4, -60(s0)
core   0: 3 0x000000008000fec4 (0xfc442703) x14 0x0000000000000000 mem 0x0000000080031f34
core   0: 0x000000008000fec8 (0x0ff77713) andi    a4, a4, 255
core   0: 3 0x000000008000fec8 (0x0ff77713) x14 0x0000000000000000
core   0: 0x000000008000fecc (0x00e78023) sb      a4, 0(a5)
core   0: 3 0x000000008000fecc (0x00e78023) mem 0x00000000800120b3 0x00
core   0: 0x000000008000fed0 (0xfc843703) ld      a4, -56(s0)
core   0: 3 0x000000008000fed0 (0xfc843703) x14 0x0000000080012040 mem 0x0000000080031f38
core   0: 0x000000008000fed4 (0xfb843783) ld      a5, -72(s0)
core   0: 3 0x000000008000fed4 (0xfb843783) x15 0x000000000000009c mem 0x0000000080031f28
core   0: 0x000000008000fed8 (0x000097ba) c.add   a5, a4
core   0: 3 0x000000008000fed8 (0x97ba) x15 0x00000000800120dc
core   0: 0x000000008000feda (0xfe043703) ld      a4, -32(s0)
core   0: 3 0x000000008000feda (0xfe043703) x14 0x00000000800120b4 mem 0x0000000080031f50
core   0: 0x000000008000fede (0xfcf76de3) bltu    a4, a5, pc - 38
core   0: 3 0x000000008000fede (0xfcf76de3)
core   0: 0x000000008000feb8 (0xfe043783) ld      a5, -32(s0)
core   0: 3 0x000000008000feb8 (0xfe043783) x15 0x00000000800120b4 mem 0x0000000080031f50
core   0: 0x000000008000febc (0x00178713) addi    a4, a5, 1
core   0: 3 0x000000008000febc (0x00178713) x14 0x00000000800120b5
core   0: 0x000000008000fec0 (0xfee43023) sd      a4, -32(s0)
core   0: 3 0x000000008000fec0 (0xfee43023) mem 0x0000000080031f50 0x00000000800120b5
core   0: 0x000000008000fec4 (0xfc442703) lw      a4, -60(s0)
core   0: 3 0x000000008000fec4 (0xfc442703) x14 0x0000000000000000 mem 0x0000000080031f34
core   0: 0x000000008000fec8 (0x0ff77713) andi    a4, a4, 255
core   0: 3 0x000000008000fec8 (0x0ff77713) x14 0x0000000000000000
core   0: 0x000000008000fecc (0x00e78023) sb      a4, 0(a5)
core   0: 3 0x000000008000fecc (0x00e78023) mem 0x00000000800120b4 0x00
core   0: 0x000000008000fed0 (0xfc843703) ld      a4, -56(s0)
core   0: 3 0x000000008000fed0 (0xfc843703) x14 0x0000000080012040 mem 0x0000000080031f38
core   0: 0x000000008000fed4 (0xfb843783) ld      a5, -72(s0)
core   0: 3 0x000000008000fed4 (0xfb843783) x15 0x000000000000009c mem 0x0000000080031f28
core   0: 0x000000008000fed8 (0x000097ba) c.add   a5, a4
core   0: 3 0x000000008000fed8 (0x97ba) x15 0x00000000800120dc
core   0: 0x000000008000feda (0xfe043703) ld      a4, -32(s0)
core   0: 3 0x000000008000feda (0xfe043703) x14 0x00000000800120b5 mem 0x0000000080031f50
core   0: 0x000000008000fede (0xfcf76de3) bltu    a4, a5, pc - 38
core   0: 3 0x000000008000fede (0xfcf76de3)
core   0: 0x000000008000feb8 (0xfe043783) ld      a5, -32(s0)
core   0: 3 0x000000008000feb8 (0xfe043783) x15 0x00000000800120b5 mem 0x0000000080031f50
core   0: 0x000000008000febc (0x00178713) addi    a4, a5, 1
core   0: 3 0x000000008000febc (0x00178713) x14 0x00000000800120b6
core   0: 0x000000008000fec0 (0xfee43023) sd      a4, -32(s0)
core   0: 3 0x000000008000fec0 (0xfee43023) mem 0x0000000080031f50 0x00000000800120b6
core   0: 0x000000008000fec4 (0xfc442703) lw      a4, -60(s0)
core   0: 3 0x000000008000fec4 (0xfc442703) x14 0x0000000000000000 mem 0x0000000080031f34
core   0: 0x000000008000fec8 (0x0ff77713) andi    a4, a4, 255
core   0: 3 0x000000008000fec8 (0x0ff77713) x14 0x0000000000000000
core   0: 0x000000008000fecc (0x00e78023) sb      a4, 0(a5)
core   0: 3 0x000000008000fecc (0x00e78023) mem 0x00000000800120b5 0x00
core   0: 0x000000008000fed0 (0xfc843703) ld      a4, -56(s0)
core   0: 3 0x000000008000fed0 (0xfc843703) x14 0x0000000080012040 mem 0x0000000080031f38
core   0: 0x000000008000fed4 (0xfb843783) ld      a5, -72(s0)
core   0: 3 0x000000008000fed4 (0xfb843783) x15 0x000000000000009c mem 0x0000000080031f28
core   0: 0x000000008000fed8 (0x000097ba) c.add   a5, a4
core   0: 3 0x000000008000fed8 (0x97ba) x15 0x00000000800120dc
core   0: 0x000000008000feda (0xfe043703) ld      a4, -32(s0)
core   0: 3 0x000000008000feda (0xfe043703) x14 0x00000000800120b6 mem 0x0000000080031f50
core   0: 0x000000008000fede (0xfcf76de3) bltu    a4, a5, pc - 38
core   0: 3 0x000000008000fede (0xfcf76de3)
core   0: 0x000000008000feb8 (0xfe043783) ld      a5, -32(s0)
core   0: 3 0x000000008000feb8 (0xfe043783) x15 0x00000000800120b6 mem 0x0000000080031f50
core   0: 0x000000008000febc (0x00178713) addi    a4, a5, 1
core   0: 3 0x000000008000febc (0x00178713) x14 0x00000000800120b7
core   0: 0x000000008000fec0 (0xfee43023) sd      a4, -32(s0)
core   0: 3 0x000000008000fec0 (0xfee43023) mem 0x0000000080031f50 0x00000000800120b7
core   0: 0x000000008000fec4 (0xfc442703) lw      a4, -60(s0)
core   0: 3 0x000000008000fec4 (0xfc442703) x14 0x0000000000000000 mem 0x0000000080031f34
core   0: 0x000000008000fec8 (0x0ff77713) andi    a4, a4, 255
core   0: 3 0x000000008000fec8 (0x0ff77713) x14 0x0000000000000000
core   0: 0x000000008000fecc (0x00e78023) sb      a4, 0(a5)
core   0: 3 0x000000008000fecc (0x00e78023) mem 0x00000000800120b6 0x00
core   0: 0x000000008000fed0 (0xfc843703) ld      a4, -56(s0)
core   0: 3 0x000000008000fed0 (0xfc843703) x14 0x0000000080012040 mem 0x0000000080031f38
core   0: 0x000000008000fed4 (0xfb843783) ld      a5, -72(s0)
core   0: 3 0x000000008000fed4 (0xfb843783) x15 0x000000000000009c mem 0x0000000080031f28
core   0: 0x000000008000fed8 (0x000097ba) c.add   a5, a4
core   0: 3 0x000000008000fed8 (0x97ba) x15 0x00000000800120dc
core   0: 0x000000008000feda (0xfe043703) ld      a4, -32(s0)
core   0: 3 0x000000008000feda (0xfe043703) x14 0x00000000800120b7 mem 0x0000000080031f50
core   0: 0x000000008000fede (0xfcf76de3) bltu    a4, a5, pc - 38
core   0: 3 0x000000008000fede (0xfcf76de3)
core   0: 0x000000008000feb8 (0xfe043783) ld      a5, -32(s0)
core   0: 3 0x000000008000feb8 (0xfe043783) x15 0x00000000800120b7 mem 0x0000000080031f50
core   0: 0x000000008000febc (0x00178713) addi    a4, a5, 1
core   0: 3 0x000000008000febc (0x00178713) x14 0x00000000800120b8
core   0: 0x000000008000fec0 (0xfee43023) sd      a4, -32(s0)
core   0: 3 0x000000008000fec0 (0xfee43023) mem 0x0000000080031f50 0x00000000800120b8
core   0: 0x000000008000fec4 (0xfc442703) lw      a4, -60(s0)
core   0: 3 0x000000008000fec4 (0xfc442703) x14 0x0000000000000000 mem 0x0000000080031f34
core   0: 0x000000008000fec8 (0x0ff77713) andi    a4, a4, 255
core   0: 3 0x000000008000fec8 (0x0ff77713) x14 0x0000000000000000
core   0: 0x000000008000fecc (0x00e78023) sb      a4, 0(a5)
core   0: 3 0x000000008000fecc (0x00e78023) mem 0x00000000800120b7 0x00
core   0: 0x000000008000fed0 (0xfc843703) ld      a4, -56(s0)
core   0: 3 0x000000008000fed0 (0xfc843703) x14 0x0000000080012040 mem 0x0000000080031f38
core   0: 0x000000008000fed4 (0xfb843783) ld      a5, -72(s0)
core   0: 3 0x000000008000fed4 (0xfb843783) x15 0x000000000000009c mem 0x0000000080031f28
core   0: 0x000000008000fed8 (0x000097ba) c.add   a5, a4
core   0: 3 0x000000008000fed8 (0x97ba) x15 0x00000000800120dc
core   0: 0x000000008000feda (0xfe043703) ld      a4, -32(s0)
core   0: 3 0x000000008000feda (0xfe043703) x14 0x00000000800120b8 mem 0x0000000080031f50
core   0: 0x000000008000fede (0xfcf76de3) bltu    a4, a5, pc - 38
core   0: 3 0x000000008000fede (0xfcf76de3)
core   0: 0x000000008000feb8 (0xfe043783) ld      a5, -32(s0)
core   0: 3 0x000000008000feb8 (0xfe043783) x15 0x00000000800120b8 mem 0x0000000080031f50
core   0: 0x000000008000febc (0x00178713) addi    a4, a5, 1
core   0: 3 0x000000008000febc (0x00178713) x14 0x00000000800120b9
core   0: 0x000000008000fec0 (0xfee43023) sd      a4, -32(s0)
core   0: 3 0x000000008000fec0 (0xfee43023) mem 0x0000000080031f50 0x00000000800120b9
core   0: 0x000000008000fec4 (0xfc442703) lw      a4, -60(s0)
core   0: 3 0x000000008000fec4 (0xfc442703) x14 0x0000000000000000 mem 0x0000000080031f34
core   0: 0x000000008000fec8 (0x0ff77713) andi    a4, a4, 255
core   0: 3 0x000000008000fec8 (0x0ff77713) x14 0x0000000000000000
core   0: 0x000000008000fecc (0x00e78023) sb      a4, 0(a5)
core   0: 3 0x000000008000fecc (0x00e78023) mem 0x00000000800120b8 0x00
core   0: 0x000000008000fed0 (0xfc843703) ld      a4, -56(s0)
core   0: 3 0x000000008000fed0 (0xfc843703) x14 0x0000000080012040 mem 0x0000000080031f38
core   0: 0x000000008000fed4 (0xfb843783) ld      a5, -72(s0)
core   0: 3 0x000000008000fed4 (0xfb843783) x15 0x000000000000009c mem 0x0000000080031f28
core   0: 0x000000008000fed8 (0x000097ba) c.add   a5, a4
core   0: 3 0x000000008000fed8 (0x97ba) x15 0x00000000800120dc
core   0: 0x000000008000feda (0xfe043703) ld      a4, -32(s0)
core   0: 3 0x000000008000feda (0xfe043703) x14 0x00000000800120b9 mem 0x0000000080031f50
core   0: 0x000000008000fede (0xfcf76de3) bltu    a4, a5, pc - 38
core   0: 3 0x000000008000fede (0xfcf76de3)
core   0: 0x000000008000feb8 (0xfe043783) ld      a5, -32(s0)
core   0: 3 0x000000008000feb8 (0xfe043783) x15 0x00000000800120b9 mem 0x0000000080031f50
core   0: 0x000000008000febc (0x00178713) addi    a4, a5, 1
core   0: 3 0x000000008000febc (0x00178713) x14 0x00000000800120ba
core   0: 0x000000008000fec0 (0xfee43023) sd      a4, -32(s0)
core   0: 3 0x000000008000fec0 (0xfee43023) mem 0x0000000080031f50 0x00000000800120ba
core   0: 0x000000008000fec4 (0xfc442703) lw      a4, -60(s0)
core   0: 3 0x000000008000fec4 (0xfc442703) x14 0x0000000000000000 mem 0x0000000080031f34
core   0: 0x000000008000fec8 (0x0ff77713) andi    a4, a4, 255
core   0: 3 0x000000008000fec8 (0x0ff77713) x14 0x0000000000000000
core   0: 0x000000008000fecc (0x00e78023) sb      a4, 0(a5)
core   0: 3 0x000000008000fecc (0x00e78023) mem 0x00000000800120b9 0x00
core   0: 0x000000008000fed0 (0xfc843703) ld      a4, -56(s0)
core   0: 3 0x000000008000fed0 (0xfc843703) x14 0x0000000080012040 mem 0x0000000080031f38
core   0: 0x000000008000fed4 (0xfb843783) ld      a5, -72(s0)
core   0: 3 0x000000008000fed4 (0xfb843783) x15 0x000000000000009c mem 0x0000000080031f28
core   0: 0x000000008000fed8 (0x000097ba) c.add   a5, a4
core   0: 3 0x000000008000fed8 (0x97ba) x15 0x00000000800120dc
core   0: 0x000000008000feda (0xfe043703) ld      a4, -32(s0)
core   0: 3 0x000000008000feda (0xfe043703) x14 0x00000000800120ba mem 0x0000000080031f50
core   0: 0x000000008000fede (0xfcf76de3) bltu    a4, a5, pc - 38
core   0: 3 0x000000008000fede (0xfcf76de3)
core   0: 0x000000008000feb8 (0xfe043783) ld      a5, -32(s0)
core   0: 3 0x000000008000feb8 (0xfe043783) x15 0x00000000800120ba mem 0x0000000080031f50
core   0: 0x000000008000febc (0x00178713) addi    a4, a5, 1
core   0: 3 0x000000008000febc (0x00178713) x14 0x00000000800120bb
core   0: 0x000000008000fec0 (0xfee43023) sd      a4, -32(s0)
core   0: 3 0x000000008000fec0 (0xfee43023) mem 0x0000000080031f50 0x00000000800120bb
core   0: 0x000000008000fec4 (0xfc442703) lw      a4, -60(s0)
core   0: 3 0x000000008000fec4 (0xfc442703) x14 0x0000000000000000 mem 0x0000000080031f34
core   0: 0x000000008000fec8 (0x0ff77713) andi    a4, a4, 255
core   0: 3 0x000000008000fec8 (0x0ff77713) x14 0x0000000000000000
core   0: 0x000000008000fecc (0x00e78023) sb      a4, 0(a5)
core   0: 3 0x000000008000fecc (0x00e78023) mem 0x00000000800120ba 0x00
core   0: 0x000000008000fed0 (0xfc843703) ld      a4, -56(s0)
core   0: 3 0x000000008000fed0 (0xfc843703) x14 0x0000000080012040 mem 0x0000000080031f38
core   0: 0x000000008000fed4 (0xfb843783) ld      a5, -72(s0)
core   0: 3 0x000000008000fed4 (0xfb843783) x15 0x000000000000009c mem 0x0000000080031f28
core   0: 0x000000008000fed8 (0x000097ba) c.add   a5, a4
core   0: 3 0x000000008000fed8 (0x97ba) x15 0x00000000800120dc
core   0: 0x000000008000feda (0xfe043703) ld      a4, -32(s0)
core   0: 3 0x000000008000feda (0xfe043703) x14 0x00000000800120bb mem 0x0000000080031f50
core   0: 0x000000008000fede (0xfcf76de3) bltu    a4, a5, pc - 38
core   0: 3 0x000000008000fede (0xfcf76de3)
core   0: 0x000000008000feb8 (0xfe043783) ld      a5, -32(s0)
core   0: 3 0x000000008000feb8 (0xfe043783) x15 0x00000000800120bb mem 0x0000000080031f50
core   0: 0x000000008000febc (0x00178713) addi    a4, a5, 1
core   0: 3 0x000000008000febc (0x00178713) x14 0x00000000800120bc
core   0: 0x000000008000fec0 (0xfee43023) sd      a4, -32(s0)
core   0: 3 0x000000008000fec0 (0xfee43023) mem 0x0000000080031f50 0x00000000800120bc
core   0: 0x000000008000fec4 (0xfc442703) lw      a4, -60(s0)
core   0: 3 0x000000008000fec4 (0xfc442703) x14 0x0000000000000000 mem 0x0000000080031f34
core   0: 0x000000008000fec8 (0x0ff77713) andi    a4, a4, 255
core   0: 3 0x000000008000fec8 (0x0ff77713) x14 0x0000000000000000
core   0: 0x000000008000fecc (0x00e78023) sb      a4, 0(a5)
core   0: 3 0x000000008000fecc (0x00e78023) mem 0x00000000800120bb 0x00
core   0: 0x000000008000fed0 (0xfc843703) ld      a4, -56(s0)
core   0: 3 0x000000008000fed0 (0xfc843703) x14 0x0000000080012040 mem 0x0000000080031f38
core   0: 0x000000008000fed4 (0xfb843783) ld      a5, -72(s0)
core   0: 3 0x000000008000fed4 (0xfb843783) x15 0x000000000000009c mem 0x0000000080031f28
core   0: 0x000000008000fed8 (0x000097ba) c.add   a5, a4
core   0: 3 0x000000008000fed8 (0x97ba) x15 0x00000000800120dc
core   0: 0x000000008000feda (0xfe043703) ld      a4, -32(s0)
core   0: 3 0x000000008000feda (0xfe043703) x14 0x00000000800120bc mem 0x0000000080031f50
core   0: 0x000000008000fede (0xfcf76de3) bltu    a4, a5, pc - 38
core   0: 3 0x000000008000fede (0xfcf76de3)
core   0: 0x000000008000feb8 (0xfe043783) ld      a5, -32(s0)
core   0: 3 0x000000008000feb8 (0xfe043783) x15 0x00000000800120bc mem 0x0000000080031f50
core   0: 0x000000008000febc (0x00178713) addi    a4, a5, 1
core   0: 3 0x000000008000febc (0x00178713) x14 0x00000000800120bd
core   0: 0x000000008000fec0 (0xfee43023) sd      a4, -32(s0)
core   0: 3 0x000000008000fec0 (0xfee43023) mem 0x0000000080031f50 0x00000000800120bd
core   0: 0x000000008000fec4 (0xfc442703) lw      a4, -60(s0)
core   0: 3 0x000000008000fec4 (0xfc442703) x14 0x0000000000000000 mem 0x0000000080031f34
core   0: 0x000000008000fec8 (0x0ff77713) andi    a4, a4, 255
core   0: 3 0x000000008000fec8 (0x0ff77713) x14 0x0000000000000000
core   0: 0x000000008000fecc (0x00e78023) sb      a4, 0(a5)
core   0: 3 0x000000008000fecc (0x00e78023) mem 0x00000000800120bc 0x00
core   0: 0x000000008000fed0 (0xfc843703) ld      a4, -56(s0)
core   0: 3 0x000000008000fed0 (0xfc843703) x14 0x0000000080012040 mem 0x0000000080031f38
core   0: 0x000000008000fed4 (0xfb843783) ld      a5, -72(s0)
core   0: 3 0x000000008000fed4 (0xfb843783) x15 0x000000000000009c mem 0x0000000080031f28
core   0: 0x000000008000fed8 (0x000097ba) c.add   a5, a4
core   0: 3 0x000000008000fed8 (0x97ba) x15 0x00000000800120dc
core   0: 0x000000008000feda (0xfe043703) ld      a4, -32(s0)
core   0: 3 0x000000008000feda (0xfe043703) x14 0x00000000800120bd mem 0x0000000080031f50
core   0: 0x000000008000fede (0xfcf76de3) bltu    a4, a5, pc - 38
core   0: 3 0x000000008000fede (0xfcf76de3)
core   0: 0x000000008000feb8 (0xfe043783) ld      a5, -32(s0)
core   0: 3 0x000000008000feb8 (0xfe043783) x15 0x00000000800120bd mem 0x0000000080031f50
core   0: 0x000000008000febc (0x00178713) addi    a4, a5, 1
core   0: 3 0x000000008000febc (0x00178713) x14 0x00000000800120be
core   0: 0x000000008000fec0 (0xfee43023) sd      a4, -32(s0)
core   0: 3 0x000000008000fec0 (0xfee43023) mem 0x0000000080031f50 0x00000000800120be
core   0: 0x000000008000fec4 (0xfc442703) lw      a4, -60(s0)
core   0: 3 0x000000008000fec4 (0xfc442703) x14 0x0000000000000000 mem 0x0000000080031f34
core   0: 0x000000008000fec8 (0x0ff77713) andi    a4, a4, 255
core   0: 3 0x000000008000fec8 (0x0ff77713) x14 0x0000000000000000
core   0: 0x000000008000fecc (0x00e78023) sb      a4, 0(a5)
core   0: 3 0x000000008000fecc (0x00e78023) mem 0x00000000800120bd 0x00
core   0: 0x000000008000fed0 (0xfc843703) ld      a4, -56(s0)
core   0: 3 0x000000008000fed0 (0xfc843703) x14 0x0000000080012040 mem 0x0000000080031f38
core   0: 0x000000008000fed4 (0xfb843783) ld      a5, -72(s0)
core   0: 3 0x000000008000fed4 (0xfb843783) x15 0x000000000000009c mem 0x0000000080031f28
core   0: 0x000000008000fed8 (0x000097ba) c.add   a5, a4
core   0: 3 0x000000008000fed8 (0x97ba) x15 0x00000000800120dc
core   0: 0x000000008000feda (0xfe043703) ld      a4, -32(s0)
core   0: 3 0x000000008000feda (0xfe043703) x14 0x00000000800120be mem 0x0000000080031f50
core   0: 0x000000008000fede (0xfcf76de3) bltu    a4, a5, pc - 38
core   0: 3 0x000000008000fede (0xfcf76de3)
core   0: 0x000000008000feb8 (0xfe043783) ld      a5, -32(s0)
core   0: 3 0x000000008000feb8 (0xfe043783) x15 0x00000000800120be mem 0x0000000080031f50
core   0: 0x000000008000febc (0x00178713) addi    a4, a5, 1
core   0: 3 0x000000008000febc (0x00178713) x14 0x00000000800120bf
core   0: 0x000000008000fec0 (0xfee43023) sd      a4, -32(s0)
core   0: 3 0x000000008000fec0 (0xfee43023) mem 0x0000000080031f50 0x00000000800120bf
core   0: 0x000000008000fec4 (0xfc442703) lw      a4, -60(s0)
core   0: 3 0x000000008000fec4 (0xfc442703) x14 0x0000000000000000 mem 0x0000000080031f34
core   0: 0x000000008000fec8 (0x0ff77713) andi    a4, a4, 255
core   0: 3 0x000000008000fec8 (0x0ff77713) x14 0x0000000000000000
core   0: 0x000000008000fecc (0x00e78023) sb      a4, 0(a5)
core   0: 3 0x000000008000fecc (0x00e78023) mem 0x00000000800120be 0x00
core   0: 0x000000008000fed0 (0xfc843703) ld      a4, -56(s0)
core   0: 3 0x000000008000fed0 (0xfc843703) x14 0x0000000080012040 mem 0x0000000080031f38
core   0: 0x000000008000fed4 (0xfb843783) ld      a5, -72(s0)
core   0: 3 0x000000008000fed4 (0xfb843783) x15 0x000000000000009c mem 0x0000000080031f28
core   0: 0x000000008000fed8 (0x000097ba) c.add   a5, a4
core   0: 3 0x000000008000fed8 (0x97ba) x15 0x00000000800120dc
core   0: 0x000000008000feda (0xfe043703) ld      a4, -32(s0)
core   0: 3 0x000000008000feda (0xfe043703) x14 0x00000000800120bf mem 0x0000000080031f50
core   0: 0x000000008000fede (0xfcf76de3) bltu    a4, a5, pc - 38
core   0: 3 0x000000008000fede (0xfcf76de3)
core   0: 0x000000008000feb8 (0xfe043783) ld      a5, -32(s0)
core   0: 3 0x000000008000feb8 (0xfe043783) x15 0x00000000800120bf mem 0x0000000080031f50
core   0: 0x000000008000febc (0x00178713) addi    a4, a5, 1
core   0: 3 0x000000008000febc (0x00178713) x14 0x00000000800120c0
core   0: 0x000000008000fec0 (0xfee43023) sd      a4, -32(s0)
core   0: 3 0x000000008000fec0 (0xfee43023) mem 0x0000000080031f50 0x00000000800120c0
core   0: 0x000000008000fec4 (0xfc442703) lw      a4, -60(s0)
core   0: 3 0x000000008000fec4 (0xfc442703) x14 0x0000000000000000 mem 0x0000000080031f34
core   0: 0x000000008000fec8 (0x0ff77713) andi    a4, a4, 255
core   0: 3 0x000000008000fec8 (0x0ff77713) x14 0x0000000000000000
core   0: 0x000000008000fecc (0x00e78023) sb      a4, 0(a5)
core   0: 3 0x000000008000fecc (0x00e78023) mem 0x00000000800120bf 0x00
core   0: 0x000000008000fed0 (0xfc843703) ld      a4, -56(s0)
core   0: 3 0x000000008000fed0 (0xfc843703) x14 0x0000000080012040 mem 0x0000000080031f38
core   0: 0x000000008000fed4 (0xfb843783) ld      a5, -72(s0)
core   0: 3 0x000000008000fed4 (0xfb843783) x15 0x000000000000009c mem 0x0000000080031f28
core   0: 0x000000008000fed8 (0x000097ba) c.add   a5, a4
core   0: 3 0x000000008000fed8 (0x97ba) x15 0x00000000800120dc
core   0: 0x000000008000feda (0xfe043703) ld      a4, -32(s0)
core   0: 3 0x000000008000feda (0xfe043703) x14 0x00000000800120c0 mem 0x0000000080031f50
core   0: 0x000000008000fede (0xfcf76de3) bltu    a4, a5, pc - 38
core   0: 3 0x000000008000fede (0xfcf76de3)
core   0: 0x000000008000feb8 (0xfe043783) ld      a5, -32(s0)
core   0: 3 0x000000008000feb8 (0xfe043783) x15 0x00000000800120c0 mem 0x0000000080031f50
core   0: 0x000000008000febc (0x00178713) addi    a4, a5, 1
core   0: 3 0x000000008000febc (0x00178713) x14 0x00000000800120c1
core   0: 0x000000008000fec0 (0xfee43023) sd      a4, -32(s0)
core   0: 3 0x000000008000fec0 (0xfee43023) mem 0x0000000080031f50 0x00000000800120c1
core   0: 0x000000008000fec4 (0xfc442703) lw      a4, -60(s0)
core   0: 3 0x000000008000fec4 (0xfc442703) x14 0x0000000000000000 mem 0x0000000080031f34
core   0: 0x000000008000fec8 (0x0ff77713) andi    a4, a4, 255
core   0: 3 0x000000008000fec8 (0x0ff77713) x14 0x0000000000000000
core   0: 0x000000008000fecc (0x00e78023) sb      a4, 0(a5)
core   0: 3 0x000000008000fecc (0x00e78023) mem 0x00000000800120c0 0x00
core   0: 0x000000008000fed0 (0xfc843703) ld      a4, -56(s0)
core   0: 3 0x000000008000fed0 (0xfc843703) x14 0x0000000080012040 mem 0x0000000080031f38
core   0: 0x000000008000fed4 (0xfb843783) ld      a5, -72(s0)
core   0: 3 0x000000008000fed4 (0xfb843783) x15 0x000000000000009c mem 0x0000000080031f28
core   0: 0x000000008000fed8 (0x000097ba) c.add   a5, a4
core   0: 3 0x000000008000fed8 (0x97ba) x15 0x00000000800120dc
core   0: 0x000000008000feda (0xfe043703) ld      a4, -32(s0)
core   0: 3 0x000000008000feda (0xfe043703) x14 0x00000000800120c1 mem 0x0000000080031f50
core   0: 0x000000008000fede (0xfcf76de3) bltu    a4, a5, pc - 38
core   0: 3 0x000000008000fede (0xfcf76de3)
core   0: 0x000000008000feb8 (0xfe043783) ld      a5, -32(s0)
core   0: 3 0x000000008000feb8 (0xfe043783) x15 0x00000000800120c1 mem 0x0000000080031f50
core   0: 0x000000008000febc (0x00178713) addi    a4, a5, 1
core   0: 3 0x000000008000febc (0x00178713) x14 0x00000000800120c2
core   0: 0x000000008000fec0 (0xfee43023) sd      a4, -32(s0)
core   0: 3 0x000000008000fec0 (0xfee43023) mem 0x0000000080031f50 0x00000000800120c2
core   0: 0x000000008000fec4 (0xfc442703) lw      a4, -60(s0)
core   0: 3 0x000000008000fec4 (0xfc442703) x14 0x0000000000000000 mem 0x0000000080031f34
core   0: 0x000000008000fec8 (0x0ff77713) andi    a4, a4, 255
core   0: 3 0x000000008000fec8 (0x0ff77713) x14 0x0000000000000000
core   0: 0x000000008000fecc (0x00e78023) sb      a4, 0(a5)
core   0: 3 0x000000008000fecc (0x00e78023) mem 0x00000000800120c1 0x00
core   0: 0x000000008000fed0 (0xfc843703) ld      a4, -56(s0)
core   0: 3 0x000000008000fed0 (0xfc843703) x14 0x0000000080012040 mem 0x0000000080031f38
core   0: 0x000000008000fed4 (0xfb843783) ld      a5, -72(s0)
core   0: 3 0x000000008000fed4 (0xfb843783) x15 0x000000000000009c mem 0x0000000080031f28
core   0: 0x000000008000fed8 (0x000097ba) c.add   a5, a4
core   0: 3 0x000000008000fed8 (0x97ba) x15 0x00000000800120dc
core   0: 0x000000008000feda (0xfe043703) ld      a4, -32(s0)
core   0: 3 0x000000008000feda (0xfe043703) x14 0x00000000800120c2 mem 0x0000000080031f50
core   0: 0x000000008000fede (0xfcf76de3) bltu    a4, a5, pc - 38
core   0: 3 0x000000008000fede (0xfcf76de3)
core   0: 0x000000008000feb8 (0xfe043783) ld      a5, -32(s0)
core   0: 3 0x000000008000feb8 (0xfe043783) x15 0x00000000800120c2 mem 0x0000000080031f50
core   0: 0x000000008000febc (0x00178713) addi    a4, a5, 1
core   0: 3 0x000000008000febc (0x00178713) x14 0x00000000800120c3
core   0: 0x000000008000fec0 (0xfee43023) sd      a4, -32(s0)
core   0: 3 0x000000008000fec0 (0xfee43023) mem 0x0000000080031f50 0x00000000800120c3
core   0: 0x000000008000fec4 (0xfc442703) lw      a4, -60(s0)
core   0: 3 0x000000008000fec4 (0xfc442703) x14 0x0000000000000000 mem 0x0000000080031f34
core   0: 0x000000008000fec8 (0x0ff77713) andi    a4, a4, 255
core   0: 3 0x000000008000fec8 (0x0ff77713) x14 0x0000000000000000
core   0: 0x000000008000fecc (0x00e78023) sb      a4, 0(a5)
core   0: 3 0x000000008000fecc (0x00e78023) mem 0x00000000800120c2 0x00
core   0: 0x000000008000fed0 (0xfc843703) ld      a4, -56(s0)
core   0: 3 0x000000008000fed0 (0xfc843703) x14 0x0000000080012040 mem 0x0000000080031f38
core   0: 0x000000008000fed4 (0xfb843783) ld      a5, -72(s0)
core   0: 3 0x000000008000fed4 (0xfb843783) x15 0x000000000000009c mem 0x0000000080031f28
core   0: 0x000000008000fed8 (0x000097ba) c.add   a5, a4
core   0: 3 0x000000008000fed8 (0x97ba) x15 0x00000000800120dc
core   0: 0x000000008000feda (0xfe043703) ld      a4, -32(s0)
core   0: 3 0x000000008000feda (0xfe043703) x14 0x00000000800120c3 mem 0x0000000080031f50
core   0: 0x000000008000fede (0xfcf76de3) bltu    a4, a5, pc - 38
core   0: 3 0x000000008000fede (0xfcf76de3)
core   0: 0x000000008000feb8 (0xfe043783) ld      a5, -32(s0)
core   0: 3 0x000000008000feb8 (0xfe043783) x15 0x00000000800120c3 mem 0x0000000080031f50
core   0: 0x000000008000febc (0x00178713) addi    a4, a5, 1
core   0: 3 0x000000008000febc (0x00178713) x14 0x00000000800120c4
core   0: 0x000000008000fec0 (0xfee43023) sd      a4, -32(s0)
core   0: 3 0x000000008000fec0 (0xfee43023) mem 0x0000000080031f50 0x00000000800120c4
core   0: 0x000000008000fec4 (0xfc442703) lw      a4, -60(s0)
core   0: 3 0x000000008000fec4 (0xfc442703) x14 0x0000000000000000 mem 0x0000000080031f34
core   0: 0x000000008000fec8 (0x0ff77713) andi    a4, a4, 255
core   0: 3 0x000000008000fec8 (0x0ff77713) x14 0x0000000000000000
core   0: 0x000000008000fecc (0x00e78023) sb      a4, 0(a5)
core   0: 3 0x000000008000fecc (0x00e78023) mem 0x00000000800120c3 0x00
core   0: 0x000000008000fed0 (0xfc843703) ld      a4, -56(s0)
core   0: 3 0x000000008000fed0 (0xfc843703) x14 0x0000000080012040 mem 0x0000000080031f38
core   0: 0x000000008000fed4 (0xfb843783) ld      a5, -72(s0)
core   0: 3 0x000000008000fed4 (0xfb843783) x15 0x000000000000009c mem 0x0000000080031f28
core   0: 0x000000008000fed8 (0x000097ba) c.add   a5, a4
core   0: 3 0x000000008000fed8 (0x97ba) x15 0x00000000800120dc
core   0: 0x000000008000feda (0xfe043703) ld      a4, -32(s0)
core   0: 3 0x000000008000feda (0xfe043703) x14 0x00000000800120c4 mem 0x0000000080031f50
core   0: 0x000000008000fede (0xfcf76de3) bltu    a4, a5, pc - 38
core   0: 3 0x000000008000fede (0xfcf76de3)
core   0: 0x000000008000feb8 (0xfe043783) ld      a5, -32(s0)
core   0: 3 0x000000008000feb8 (0xfe043783) x15 0x00000000800120c4 mem 0x0000000080031f50
core   0: 0x000000008000febc (0x00178713) addi    a4, a5, 1
core   0: 3 0x000000008000febc (0x00178713) x14 0x00000000800120c5
core   0: 0x000000008000fec0 (0xfee43023) sd      a4, -32(s0)
core   0: 3 0x000000008000fec0 (0xfee43023) mem 0x0000000080031f50 0x00000000800120c5
core   0: 0x000000008000fec4 (0xfc442703) lw      a4, -60(s0)
core   0: 3 0x000000008000fec4 (0xfc442703) x14 0x0000000000000000 mem 0x0000000080031f34
core   0: 0x000000008000fec8 (0x0ff77713) andi    a4, a4, 255
core   0: 3 0x000000008000fec8 (0x0ff77713) x14 0x0000000000000000
core   0: 0x000000008000fecc (0x00e78023) sb      a4, 0(a5)
core   0: 3 0x000000008000fecc (0x00e78023) mem 0x00000000800120c4 0x00
core   0: 0x000000008000fed0 (0xfc843703) ld      a4, -56(s0)
core   0: 3 0x000000008000fed0 (0xfc843703) x14 0x0000000080012040 mem 0x0000000080031f38
core   0: 0x000000008000fed4 (0xfb843783) ld      a5, -72(s0)
core   0: 3 0x000000008000fed4 (0xfb843783) x15 0x000000000000009c mem 0x0000000080031f28
core   0: 0x000000008000fed8 (0x000097ba) c.add   a5, a4
core   0: 3 0x000000008000fed8 (0x97ba) x15 0x00000000800120dc
core   0: 0x000000008000feda (0xfe043703) ld      a4, -32(s0)
core   0: 3 0x000000008000feda (0xfe043703) x14 0x00000000800120c5 mem 0x0000000080031f50
core   0: 0x000000008000fede (0xfcf76de3) bltu    a4, a5, pc - 38
core   0: 3 0x000000008000fede (0xfcf76de3)
core   0: 0x000000008000feb8 (0xfe043783) ld      a5, -32(s0)
core   0: 3 0x000000008000feb8 (0xfe043783) x15 0x00000000800120c5 mem 0x0000000080031f50
core   0: 0x000000008000febc (0x00178713) addi    a4, a5, 1
core   0: 3 0x000000008000febc (0x00178713) x14 0x00000000800120c6
core   0: 0x000000008000fec0 (0xfee43023) sd      a4, -32(s0)
core   0: 3 0x000000008000fec0 (0xfee43023) mem 0x0000000080031f50 0x00000000800120c6
core   0: 0x000000008000fec4 (0xfc442703) lw      a4, -60(s0)
core   0: 3 0x000000008000fec4 (0xfc442703) x14 0x0000000000000000 mem 0x0000000080031f34
core   0: 0x000000008000fec8 (0x0ff77713) andi    a4, a4, 255
core   0: 3 0x000000008000fec8 (0x0ff77713) x14 0x0000000000000000
core   0: 0x000000008000fecc (0x00e78023) sb      a4, 0(a5)
core   0: 3 0x000000008000fecc (0x00e78023) mem 0x00000000800120c5 0x00
core   0: 0x000000008000fed0 (0xfc843703) ld      a4, -56(s0)
core   0: 3 0x000000008000fed0 (0xfc843703) x14 0x0000000080012040 mem 0x0000000080031f38
core   0: 0x000000008000fed4 (0xfb843783) ld      a5, -72(s0)
core   0: 3 0x000000008000fed4 (0xfb843783) x15 0x000000000000009c mem 0x0000000080031f28
core   0: 0x000000008000fed8 (0x000097ba) c.add   a5, a4
core   0: 3 0x000000008000fed8 (0x97ba) x15 0x00000000800120dc
core   0: 0x000000008000feda (0xfe043703) ld      a4, -32(s0)
core   0: 3 0x000000008000feda (0xfe043703) x14 0x00000000800120c6 mem 0x0000000080031f50
core   0: 0x000000008000fede (0xfcf76de3) bltu    a4, a5, pc - 38
core   0: 3 0x000000008000fede (0xfcf76de3)
core   0: 0x000000008000feb8 (0xfe043783) ld      a5, -32(s0)
core   0: 3 0x000000008000feb8 (0xfe043783) x15 0x00000000800120c6 mem 0x0000000080031f50
core   0: 0x000000008000febc (0x00178713) addi    a4, a5, 1
core   0: 3 0x000000008000febc (0x00178713) x14 0x00000000800120c7
core   0: 0x000000008000fec0 (0xfee43023) sd      a4, -32(s0)
core   0: 3 0x000000008000fec0 (0xfee43023) mem 0x0000000080031f50 0x00000000800120c7
core   0: 0x000000008000fec4 (0xfc442703) lw      a4, -60(s0)
core   0: 3 0x000000008000fec4 (0xfc442703) x14 0x0000000000000000 mem 0x0000000080031f34
core   0: 0x000000008000fec8 (0x0ff77713) andi    a4, a4, 255
core   0: 3 0x000000008000fec8 (0x0ff77713) x14 0x0000000000000000
core   0: 0x000000008000fecc (0x00e78023) sb      a4, 0(a5)
core   0: 3 0x000000008000fecc (0x00e78023) mem 0x00000000800120c6 0x00
core   0: 0x000000008000fed0 (0xfc843703) ld      a4, -56(s0)
core   0: 3 0x000000008000fed0 (0xfc843703) x14 0x0000000080012040 mem 0x0000000080031f38
core   0: 0x000000008000fed4 (0xfb843783) ld      a5, -72(s0)
core   0: 3 0x000000008000fed4 (0xfb843783) x15 0x000000000000009c mem 0x0000000080031f28
core   0: 0x000000008000fed8 (0x000097ba) c.add   a5, a4
core   0: 3 0x000000008000fed8 (0x97ba) x15 0x00000000800120dc
core   0: 0x000000008000feda (0xfe043703) ld      a4, -32(s0)
core   0: 3 0x000000008000feda (0xfe043703) x14 0x00000000800120c7 mem 0x0000000080031f50
core   0: 0x000000008000fede (0xfcf76de3) bltu    a4, a5, pc - 38
core   0: 3 0x000000008000fede (0xfcf76de3)
core   0: 0x000000008000feb8 (0xfe043783) ld      a5, -32(s0)
core   0: 3 0x000000008000feb8 (0xfe043783) x15 0x00000000800120c7 mem 0x0000000080031f50
core   0: 0x000000008000febc (0x00178713) addi    a4, a5, 1
core   0: 3 0x000000008000febc (0x00178713) x14 0x00000000800120c8
core   0: 0x000000008000fec0 (0xfee43023) sd      a4, -32(s0)
core   0: 3 0x000000008000fec0 (0xfee43023) mem 0x0000000080031f50 0x00000000800120c8
core   0: 0x000000008000fec4 (0xfc442703) lw      a4, -60(s0)
core   0: 3 0x000000008000fec4 (0xfc442703) x14 0x0000000000000000 mem 0x0000000080031f34
core   0: 0x000000008000fec8 (0x0ff77713) andi    a4, a4, 255
core   0: 3 0x000000008000fec8 (0x0ff77713) x14 0x0000000000000000
core   0: 0x000000008000fecc (0x00e78023) sb      a4, 0(a5)
core   0: 3 0x000000008000fecc (0x00e78023) mem 0x00000000800120c7 0x00
core   0: 0x000000008000fed0 (0xfc843703) ld      a4, -56(s0)
core   0: 3 0x000000008000fed0 (0xfc843703) x14 0x0000000080012040 mem 0x0000000080031f38
core   0: 0x000000008000fed4 (0xfb843783) ld      a5, -72(s0)
core   0: 3 0x000000008000fed4 (0xfb843783) x15 0x000000000000009c mem 0x0000000080031f28
core   0: 0x000000008000fed8 (0x000097ba) c.add   a5, a4
core   0: 3 0x000000008000fed8 (0x97ba) x15 0x00000000800120dc
core   0: 0x000000008000feda (0xfe043703) ld      a4, -32(s0)
core   0: 3 0x000000008000feda (0xfe043703) x14 0x00000000800120c8 mem 0x0000000080031f50
core   0: 0x000000008000fede (0xfcf76de3) bltu    a4, a5, pc - 38
core   0: 3 0x000000008000fede (0xfcf76de3)
core   0: 0x000000008000feb8 (0xfe043783) ld      a5, -32(s0)
core   0: 3 0x000000008000feb8 (0xfe043783) x15 0x00000000800120c8 mem 0x0000000080031f50
core   0: 0x000000008000febc (0x00178713) addi    a4, a5, 1
core   0: 3 0x000000008000febc (0x00178713) x14 0x00000000800120c9
core   0: 0x000000008000fec0 (0xfee43023) sd      a4, -32(s0)
core   0: 3 0x000000008000fec0 (0xfee43023) mem 0x0000000080031f50 0x00000000800120c9
core   0: 0x000000008000fec4 (0xfc442703) lw      a4, -60(s0)
core   0: 3 0x000000008000fec4 (0xfc442703) x14 0x0000000000000000 mem 0x0000000080031f34
core   0: 0x000000008000fec8 (0x0ff77713) andi    a4, a4, 255
core   0: 3 0x000000008000fec8 (0x0ff77713) x14 0x0000000000000000
core   0: 0x000000008000fecc (0x00e78023) sb      a4, 0(a5)
core   0: 3 0x000000008000fecc (0x00e78023) mem 0x00000000800120c8 0x00
core   0: 0x000000008000fed0 (0xfc843703) ld      a4, -56(s0)
core   0: 3 0x000000008000fed0 (0xfc843703) x14 0x0000000080012040 mem 0x0000000080031f38
core   0: 0x000000008000fed4 (0xfb843783) ld      a5, -72(s0)
core   0: 3 0x000000008000fed4 (0xfb843783) x15 0x000000000000009c mem 0x0000000080031f28
core   0: 0x000000008000fed8 (0x000097ba) c.add   a5, a4
core   0: 3 0x000000008000fed8 (0x97ba) x15 0x00000000800120dc
core   0: 0x000000008000feda (0xfe043703) ld      a4, -32(s0)
core   0: 3 0x000000008000feda (0xfe043703) x14 0x00000000800120c9 mem 0x0000000080031f50
core   0: 0x000000008000fede (0xfcf76de3) bltu    a4, a5, pc - 38
core   0: 3 0x000000008000fede (0xfcf76de3)
core   0: 0x000000008000feb8 (0xfe043783) ld      a5, -32(s0)
core   0: 3 0x000000008000feb8 (0xfe043783) x15 0x00000000800120c9 mem 0x0000000080031f50
core   0: 0x000000008000febc (0x00178713) addi    a4, a5, 1
core   0: 3 0x000000008000febc (0x00178713) x14 0x00000000800120ca
core   0: 0x000000008000fec0 (0xfee43023) sd      a4, -32(s0)
core   0: 3 0x000000008000fec0 (0xfee43023) mem 0x0000000080031f50 0x00000000800120ca
core   0: 0x000000008000fec4 (0xfc442703) lw      a4, -60(s0)
core   0: 3 0x000000008000fec4 (0xfc442703) x14 0x0000000000000000 mem 0x0000000080031f34
core   0: 0x000000008000fec8 (0x0ff77713) andi    a4, a4, 255
core   0: 3 0x000000008000fec8 (0x0ff77713) x14 0x0000000000000000
core   0: 0x000000008000fecc (0x00e78023) sb      a4, 0(a5)
core   0: 3 0x000000008000fecc (0x00e78023) mem 0x00000000800120c9 0x00
core   0: 0x000000008000fed0 (0xfc843703) ld      a4, -56(s0)
core   0: 3 0x000000008000fed0 (0xfc843703) x14 0x0000000080012040 mem 0x0000000080031f38
core   0: 0x000000008000fed4 (0xfb843783) ld      a5, -72(s0)
core   0: 3 0x000000008000fed4 (0xfb843783) x15 0x000000000000009c mem 0x0000000080031f28
core   0: 0x000000008000fed8 (0x000097ba) c.add   a5, a4
core   0: 3 0x000000008000fed8 (0x97ba) x15 0x00000000800120dc
core   0: 0x000000008000feda (0xfe043703) ld      a4, -32(s0)
core   0: 3 0x000000008000feda (0xfe043703) x14 0x00000000800120ca mem 0x0000000080031f50
core   0: 0x000000008000fede (0xfcf76de3) bltu    a4, a5, pc - 38
core   0: 3 0x000000008000fede (0xfcf76de3)
core   0: 0x000000008000feb8 (0xfe043783) ld      a5, -32(s0)
core   0: 3 0x000000008000feb8 (0xfe043783) x15 0x00000000800120ca mem 0x0000000080031f50
core   0: 0x000000008000febc (0x00178713) addi    a4, a5, 1
core   0: 3 0x000000008000febc (0x00178713) x14 0x00000000800120cb
core   0: 0x000000008000fec0 (0xfee43023) sd      a4, -32(s0)
core   0: 3 0x000000008000fec0 (0xfee43023) mem 0x0000000080031f50 0x00000000800120cb
core   0: 0x000000008000fec4 (0xfc442703) lw      a4, -60(s0)
core   0: 3 0x000000008000fec4 (0xfc442703) x14 0x0000000000000000 mem 0x0000000080031f34
core   0: 0x000000008000fec8 (0x0ff77713) andi    a4, a4, 255
core   0: 3 0x000000008000fec8 (0x0ff77713) x14 0x0000000000000000
core   0: 0x000000008000fecc (0x00e78023) sb      a4, 0(a5)
core   0: 3 0x000000008000fecc (0x00e78023) mem 0x00000000800120ca 0x00
core   0: 0x000000008000fed0 (0xfc843703) ld      a4, -56(s0)
core   0: 3 0x000000008000fed0 (0xfc843703) x14 0x0000000080012040 mem 0x0000000080031f38
core   0: 0x000000008000fed4 (0xfb843783) ld      a5, -72(s0)
core   0: 3 0x000000008000fed4 (0xfb843783) x15 0x000000000000009c mem 0x0000000080031f28
core   0: 0x000000008000fed8 (0x000097ba) c.add   a5, a4
core   0: 3 0x000000008000fed8 (0x97ba) x15 0x00000000800120dc
core   0: 0x000000008000feda (0xfe043703) ld      a4, -32(s0)
core   0: 3 0x000000008000feda (0xfe043703) x14 0x00000000800120cb mem 0x0000000080031f50
core   0: 0x000000008000fede (0xfcf76de3) bltu    a4, a5, pc - 38
core   0: 3 0x000000008000fede (0xfcf76de3)
core   0: 0x000000008000feb8 (0xfe043783) ld      a5, -32(s0)
core   0: 3 0x000000008000feb8 (0xfe043783) x15 0x00000000800120cb mem 0x0000000080031f50
core   0: 0x000000008000febc (0x00178713) addi    a4, a5, 1
core   0: 3 0x000000008000febc (0x00178713) x14 0x00000000800120cc
core   0: 0x000000008000fec0 (0xfee43023) sd      a4, -32(s0)
core   0: 3 0x000000008000fec0 (0xfee43023) mem 0x0000000080031f50 0x00000000800120cc
core   0: 0x000000008000fec4 (0xfc442703) lw      a4, -60(s0)
core   0: 3 0x000000008000fec4 (0xfc442703) x14 0x0000000000000000 mem 0x0000000080031f34
core   0: 0x000000008000fec8 (0x0ff77713) andi    a4, a4, 255
core   0: 3 0x000000008000fec8 (0x0ff77713) x14 0x0000000000000000
core   0: 0x000000008000fecc (0x00e78023) sb      a4, 0(a5)
core   0: 3 0x000000008000fecc (0x00e78023) mem 0x00000000800120cb 0x00
core   0: 0x000000008000fed0 (0xfc843703) ld      a4, -56(s0)
core   0: 3 0x000000008000fed0 (0xfc843703) x14 0x0000000080012040 mem 0x0000000080031f38
core   0: 0x000000008000fed4 (0xfb843783) ld      a5, -72(s0)
core   0: 3 0x000000008000fed4 (0xfb843783) x15 0x000000000000009c mem 0x0000000080031f28
core   0: 0x000000008000fed8 (0x000097ba) c.add   a5, a4
core   0: 3 0x000000008000fed8 (0x97ba) x15 0x00000000800120dc
core   0: 0x000000008000feda (0xfe043703) ld      a4, -32(s0)
core   0: 3 0x000000008000feda (0xfe043703) x14 0x00000000800120cc mem 0x0000000080031f50
core   0: 0x000000008000fede (0xfcf76de3) bltu    a4, a5, pc - 38
core   0: 3 0x000000008000fede (0xfcf76de3)
core   0: 0x000000008000feb8 (0xfe043783) ld      a5, -32(s0)
core   0: 3 0x000000008000feb8 (0xfe043783) x15 0x00000000800120cc mem 0x0000000080031f50
core   0: 0x000000008000febc (0x00178713) addi    a4, a5, 1
core   0: 3 0x000000008000febc (0x00178713) x14 0x00000000800120cd
core   0: 0x000000008000fec0 (0xfee43023) sd      a4, -32(s0)
core   0: 3 0x000000008000fec0 (0xfee43023) mem 0x0000000080031f50 0x00000000800120cd
core   0: 0x000000008000fec4 (0xfc442703) lw      a4, -60(s0)
core   0: 3 0x000000008000fec4 (0xfc442703) x14 0x0000000000000000 mem 0x0000000080031f34
core   0: 0x000000008000fec8 (0x0ff77713) andi    a4, a4, 255
core   0: 3 0x000000008000fec8 (0x0ff77713) x14 0x0000000000000000
core   0: 0x000000008000fecc (0x00e78023) sb      a4, 0(a5)
core   0: 3 0x000000008000fecc (0x00e78023) mem 0x00000000800120cc 0x00
core   0: 0x000000008000fed0 (0xfc843703) ld      a4, -56(s0)
core   0: 3 0x000000008000fed0 (0xfc843703) x14 0x0000000080012040 mem 0x0000000080031f38
core   0: 0x000000008000fed4 (0xfb843783) ld      a5, -72(s0)
core   0: 3 0x000000008000fed4 (0xfb843783) x15 0x000000000000009c mem 0x0000000080031f28
core   0: 0x000000008000fed8 (0x000097ba) c.add   a5, a4
core   0: 3 0x000000008000fed8 (0x97ba) x15 0x00000000800120dc
core   0: 0x000000008000feda (0xfe043703) ld      a4, -32(s0)
core   0: 3 0x000000008000feda (0xfe043703) x14 0x00000000800120cd mem 0x0000000080031f50
core   0: 0x000000008000fede (0xfcf76de3) bltu    a4, a5, pc - 38
core   0: 3 0x000000008000fede (0xfcf76de3)
core   0: 0x000000008000feb8 (0xfe043783) ld      a5, -32(s0)
core   0: 3 0x000000008000feb8 (0xfe043783) x15 0x00000000800120cd mem 0x0000000080031f50
core   0: 0x000000008000febc (0x00178713) addi    a4, a5, 1
core   0: 3 0x000000008000febc (0x00178713) x14 0x00000000800120ce
core   0: 0x000000008000fec0 (0xfee43023) sd      a4, -32(s0)
core   0: 3 0x000000008000fec0 (0xfee43023) mem 0x0000000080031f50 0x00000000800120ce
core   0: 0x000000008000fec4 (0xfc442703) lw      a4, -60(s0)
core   0: 3 0x000000008000fec4 (0xfc442703) x14 0x0000000000000000 mem 0x0000000080031f34
core   0: 0x000000008000fec8 (0x0ff77713) andi    a4, a4, 255
core   0: 3 0x000000008000fec8 (0x0ff77713) x14 0x0000000000000000
core   0: 0x000000008000fecc (0x00e78023) sb      a4, 0(a5)
core   0: 3 0x000000008000fecc (0x00e78023) mem 0x00000000800120cd 0x00
core   0: 0x000000008000fed0 (0xfc843703) ld      a4, -56(s0)
core   0: 3 0x000000008000fed0 (0xfc843703) x14 0x0000000080012040 mem 0x0000000080031f38
core   0: 0x000000008000fed4 (0xfb843783) ld      a5, -72(s0)
core   0: 3 0x000000008000fed4 (0xfb843783) x15 0x000000000000009c mem 0x0000000080031f28
core   0: 0x000000008000fed8 (0x000097ba) c.add   a5, a4
core   0: 3 0x000000008000fed8 (0x97ba) x15 0x00000000800120dc
core   0: 0x000000008000feda (0xfe043703) ld      a4, -32(s0)
core   0: 3 0x000000008000feda (0xfe043703) x14 0x00000000800120ce mem 0x0000000080031f50
core   0: 0x000000008000fede (0xfcf76de3) bltu    a4, a5, pc - 38
core   0: 3 0x000000008000fede (0xfcf76de3)
core   0: 0x000000008000feb8 (0xfe043783) ld      a5, -32(s0)
core   0: 3 0x000000008000feb8 (0xfe043783) x15 0x00000000800120ce mem 0x0000000080031f50
core   0: 0x000000008000febc (0x00178713) addi    a4, a5, 1
core   0: 3 0x000000008000febc (0x00178713) x14 0x00000000800120cf
core   0: 0x000000008000fec0 (0xfee43023) sd      a4, -32(s0)
core   0: 3 0x000000008000fec0 (0xfee43023) mem 0x0000000080031f50 0x00000000800120cf
core   0: 0x000000008000fec4 (0xfc442703) lw      a4, -60(s0)
core   0: 3 0x000000008000fec4 (0xfc442703) x14 0x0000000000000000 mem 0x0000000080031f34
core   0: 0x000000008000fec8 (0x0ff77713) andi    a4, a4, 255
core   0: 3 0x000000008000fec8 (0x0ff77713) x14 0x0000000000000000
core   0: 0x000000008000fecc (0x00e78023) sb      a4, 0(a5)
core   0: 3 0x000000008000fecc (0x00e78023) mem 0x00000000800120ce 0x00
core   0: 0x000000008000fed0 (0xfc843703) ld      a4, -56(s0)
core   0: 3 0x000000008000fed0 (0xfc843703) x14 0x0000000080012040 mem 0x0000000080031f38
core   0: 0x000000008000fed4 (0xfb843783) ld      a5, -72(s0)
core   0: 3 0x000000008000fed4 (0xfb843783) x15 0x000000000000009c mem 0x0000000080031f28
core   0: 0x000000008000fed8 (0x000097ba) c.add   a5, a4
core   0: 3 0x000000008000fed8 (0x97ba) x15 0x00000000800120dc
core   0: 0x000000008000feda (0xfe043703) ld      a4, -32(s0)
core   0: 3 0x000000008000feda (0xfe043703) x14 0x00000000800120cf mem 0x0000000080031f50
core   0: 0x000000008000fede (0xfcf76de3) bltu    a4, a5, pc - 38
core   0: 3 0x000000008000fede (0xfcf76de3)
core   0: 0x000000008000feb8 (0xfe043783) ld      a5, -32(s0)
core   0: 3 0x000000008000feb8 (0xfe043783) x15 0x00000000800120cf mem 0x0000000080031f50
core   0: 0x000000008000febc (0x00178713) addi    a4, a5, 1
core   0: 3 0x000000008000febc (0x00178713) x14 0x00000000800120d0
core   0: 0x000000008000fec0 (0xfee43023) sd      a4, -32(s0)
core   0: 3 0x000000008000fec0 (0xfee43023) mem 0x0000000080031f50 0x00000000800120d0
core   0: 0x000000008000fec4 (0xfc442703) lw      a4, -60(s0)
core   0: 3 0x000000008000fec4 (0xfc442703) x14 0x0000000000000000 mem 0x0000000080031f34
core   0: 0x000000008000fec8 (0x0ff77713) andi    a4, a4, 255
core   0: 3 0x000000008000fec8 (0x0ff77713) x14 0x0000000000000000
core   0: 0x000000008000fecc (0x00e78023) sb      a4, 0(a5)
core   0: 3 0x000000008000fecc (0x00e78023) mem 0x00000000800120cf 0x00
core   0: 0x000000008000fed0 (0xfc843703) ld      a4, -56(s0)
core   0: 3 0x000000008000fed0 (0xfc843703) x14 0x0000000080012040 mem 0x0000000080031f38
core   0: 0x000000008000fed4 (0xfb843783) ld      a5, -72(s0)
core   0: 3 0x000000008000fed4 (0xfb843783) x15 0x000000000000009c mem 0x0000000080031f28
core   0: 0x000000008000fed8 (0x000097ba) c.add   a5, a4
core   0: 3 0x000000008000fed8 (0x97ba) x15 0x00000000800120dc
core   0: 0x000000008000feda (0xfe043703) ld      a4, -32(s0)
core   0: 3 0x000000008000feda (0xfe043703) x14 0x00000000800120d0 mem 0x0000000080031f50
core   0: 0x000000008000fede (0xfcf76de3) bltu    a4, a5, pc - 38
core   0: 3 0x000000008000fede (0xfcf76de3)
core   0: 0x000000008000feb8 (0xfe043783) ld      a5, -32(s0)
core   0: 3 0x000000008000feb8 (0xfe043783) x15 0x00000000800120d0 mem 0x0000000080031f50
core   0: 0x000000008000febc (0x00178713) addi    a4, a5, 1
core   0: 3 0x000000008000febc (0x00178713) x14 0x00000000800120d1
core   0: 0x000000008000fec0 (0xfee43023) sd      a4, -32(s0)
core   0: 3 0x000000008000fec0 (0xfee43023) mem 0x0000000080031f50 0x00000000800120d1
core   0: 0x000000008000fec4 (0xfc442703) lw      a4, -60(s0)
core   0: 3 0x000000008000fec4 (0xfc442703) x14 0x0000000000000000 mem 0x0000000080031f34
core   0: 0x000000008000fec8 (0x0ff77713) andi    a4, a4, 255
core   0: 3 0x000000008000fec8 (0x0ff77713) x14 0x0000000000000000
core   0: 0x000000008000fecc (0x00e78023) sb      a4, 0(a5)
core   0: 3 0x000000008000fecc (0x00e78023) mem 0x00000000800120d0 0x00
core   0: 0x000000008000fed0 (0xfc843703) ld      a4, -56(s0)
core   0: 3 0x000000008000fed0 (0xfc843703) x14 0x0000000080012040 mem 0x0000000080031f38
core   0: 0x000000008000fed4 (0xfb843783) ld      a5, -72(s0)
core   0: 3 0x000000008000fed4 (0xfb843783) x15 0x000000000000009c mem 0x0000000080031f28
core   0: 0x000000008000fed8 (0x000097ba) c.add   a5, a4
core   0: 3 0x000000008000fed8 (0x97ba) x15 0x00000000800120dc
core   0: 0x000000008000feda (0xfe043703) ld      a4, -32(s0)
core   0: 3 0x000000008000feda (0xfe043703) x14 0x00000000800120d1 mem 0x0000000080031f50
core   0: 0x000000008000fede (0xfcf76de3) bltu    a4, a5, pc - 38
core   0: 3 0x000000008000fede (0xfcf76de3)
core   0: 0x000000008000feb8 (0xfe043783) ld      a5, -32(s0)
core   0: 3 0x000000008000feb8 (0xfe043783) x15 0x00000000800120d1 mem 0x0000000080031f50
core   0: 0x000000008000febc (0x00178713) addi    a4, a5, 1
core   0: 3 0x000000008000febc (0x00178713) x14 0x00000000800120d2
core   0: 0x000000008000fec0 (0xfee43023) sd      a4, -32(s0)
core   0: 3 0x000000008000fec0 (0xfee43023) mem 0x0000000080031f50 0x00000000800120d2
core   0: 0x000000008000fec4 (0xfc442703) lw      a4, -60(s0)
core   0: 3 0x000000008000fec4 (0xfc442703) x14 0x0000000000000000 mem 0x0000000080031f34
core   0: 0x000000008000fec8 (0x0ff77713) andi    a4, a4, 255
core   0: 3 0x000000008000fec8 (0x0ff77713) x14 0x0000000000000000
core   0: 0x000000008000fecc (0x00e78023) sb      a4, 0(a5)
core   0: 3 0x000000008000fecc (0x00e78023) mem 0x00000000800120d1 0x00
core   0: 0x000000008000fed0 (0xfc843703) ld      a4, -56(s0)
core   0: 3 0x000000008000fed0 (0xfc843703) x14 0x0000000080012040 mem 0x0000000080031f38
core   0: 0x000000008000fed4 (0xfb843783) ld      a5, -72(s0)
core   0: 3 0x000000008000fed4 (0xfb843783) x15 0x000000000000009c mem 0x0000000080031f28
core   0: 0x000000008000fed8 (0x000097ba) c.add   a5, a4
core   0: 3 0x000000008000fed8 (0x97ba) x15 0x00000000800120dc
core   0: 0x000000008000feda (0xfe043703) ld      a4, -32(s0)
core   0: 3 0x000000008000feda (0xfe043703) x14 0x00000000800120d2 mem 0x0000000080031f50
core   0: 0x000000008000fede (0xfcf76de3) bltu    a4, a5, pc - 38
core   0: 3 0x000000008000fede (0xfcf76de3)
core   0: 0x000000008000feb8 (0xfe043783) ld      a5, -32(s0)
core   0: 3 0x000000008000feb8 (0xfe043783) x15 0x00000000800120d2 mem 0x0000000080031f50
core   0: 0x000000008000febc (0x00178713) addi    a4, a5, 1
core   0: 3 0x000000008000febc (0x00178713) x14 0x00000000800120d3
core   0: 0x000000008000fec0 (0xfee43023) sd      a4, -32(s0)
core   0: 3 0x000000008000fec0 (0xfee43023) mem 0x0000000080031f50 0x00000000800120d3
core   0: 0x000000008000fec4 (0xfc442703) lw      a4, -60(s0)
core   0: 3 0x000000008000fec4 (0xfc442703) x14 0x0000000000000000 mem 0x0000000080031f34
core   0: 0x000000008000fec8 (0x0ff77713) andi    a4, a4, 255
core   0: 3 0x000000008000fec8 (0x0ff77713) x14 0x0000000000000000
core   0: 0x000000008000fecc (0x00e78023) sb      a4, 0(a5)
core   0: 3 0x000000008000fecc (0x00e78023) mem 0x00000000800120d2 0x00
core   0: 0x000000008000fed0 (0xfc843703) ld      a4, -56(s0)
core   0: 3 0x000000008000fed0 (0xfc843703) x14 0x0000000080012040 mem 0x0000000080031f38
core   0: 0x000000008000fed4 (0xfb843783) ld      a5, -72(s0)
core   0: 3 0x000000008000fed4 (0xfb843783) x15 0x000000000000009c mem 0x0000000080031f28
core   0: 0x000000008000fed8 (0x000097ba) c.add   a5, a4
core   0: 3 0x000000008000fed8 (0x97ba) x15 0x00000000800120dc
core   0: 0x000000008000feda (0xfe043703) ld      a4, -32(s0)
core   0: 3 0x000000008000feda (0xfe043703) x14 0x00000000800120d3 mem 0x0000000080031f50
core   0: 0x000000008000fede (0xfcf76de3) bltu    a4, a5, pc - 38
core   0: 3 0x000000008000fede (0xfcf76de3)
core   0: 0x000000008000feb8 (0xfe043783) ld      a5, -32(s0)
core   0: 3 0x000000008000feb8 (0xfe043783) x15 0x00000000800120d3 mem 0x0000000080031f50
core   0: 0x000000008000febc (0x00178713) addi    a4, a5, 1
core   0: 3 0x000000008000febc (0x00178713) x14 0x00000000800120d4
core   0: 0x000000008000fec0 (0xfee43023) sd      a4, -32(s0)
core   0: 3 0x000000008000fec0 (0xfee43023) mem 0x0000000080031f50 0x00000000800120d4
core   0: 0x000000008000fec4 (0xfc442703) lw      a4, -60(s0)
core   0: 3 0x000000008000fec4 (0xfc442703) x14 0x0000000000000000 mem 0x0000000080031f34
core   0: 0x000000008000fec8 (0x0ff77713) andi    a4, a4, 255
core   0: 3 0x000000008000fec8 (0x0ff77713) x14 0x0000000000000000
core   0: 0x000000008000fecc (0x00e78023) sb      a4, 0(a5)
core   0: 3 0x000000008000fecc (0x00e78023) mem 0x00000000800120d3 0x00
core   0: 0x000000008000fed0 (0xfc843703) ld      a4, -56(s0)
core   0: 3 0x000000008000fed0 (0xfc843703) x14 0x0000000080012040 mem 0x0000000080031f38
core   0: 0x000000008000fed4 (0xfb843783) ld      a5, -72(s0)
core   0: 3 0x000000008000fed4 (0xfb843783) x15 0x000000000000009c mem 0x0000000080031f28
core   0: 0x000000008000fed8 (0x000097ba) c.add   a5, a4
core   0: 3 0x000000008000fed8 (0x97ba) x15 0x00000000800120dc
core   0: 0x000000008000feda (0xfe043703) ld      a4, -32(s0)
core   0: 3 0x000000008000feda (0xfe043703) x14 0x00000000800120d4 mem 0x0000000080031f50
core   0: 0x000000008000fede (0xfcf76de3) bltu    a4, a5, pc - 38
core   0: 3 0x000000008000fede (0xfcf76de3)
core   0: 0x000000008000feb8 (0xfe043783) ld      a5, -32(s0)
core   0: 3 0x000000008000feb8 (0xfe043783) x15 0x00000000800120d4 mem 0x0000000080031f50
core   0: 0x000000008000febc (0x00178713) addi    a4, a5, 1
core   0: 3 0x000000008000febc (0x00178713) x14 0x00000000800120d5
core   0: 0x000000008000fec0 (0xfee43023) sd      a4, -32(s0)
core   0: 3 0x000000008000fec0 (0xfee43023) mem 0x0000000080031f50 0x00000000800120d5
core   0: 0x000000008000fec4 (0xfc442703) lw      a4, -60(s0)
core   0: 3 0x000000008000fec4 (0xfc442703) x14 0x0000000000000000 mem 0x0000000080031f34
core   0: 0x000000008000fec8 (0x0ff77713) andi    a4, a4, 255
core   0: 3 0x000000008000fec8 (0x0ff77713) x14 0x0000000000000000
core   0: 0x000000008000fecc (0x00e78023) sb      a4, 0(a5)
core   0: 3 0x000000008000fecc (0x00e78023) mem 0x00000000800120d4 0x00
core   0: 0x000000008000fed0 (0xfc843703) ld      a4, -56(s0)
core   0: 3 0x000000008000fed0 (0xfc843703) x14 0x0000000080012040 mem 0x0000000080031f38
core   0: 0x000000008000fed4 (0xfb843783) ld      a5, -72(s0)
core   0: 3 0x000000008000fed4 (0xfb843783) x15 0x000000000000009c mem 0x0000000080031f28
core   0: 0x000000008000fed8 (0x000097ba) c.add   a5, a4
core   0: 3 0x000000008000fed8 (0x97ba) x15 0x00000000800120dc
core   0: 0x000000008000feda (0xfe043703) ld      a4, -32(s0)
core   0: 3 0x000000008000feda (0xfe043703) x14 0x00000000800120d5 mem 0x0000000080031f50
core   0: 0x000000008000fede (0xfcf76de3) bltu    a4, a5, pc - 38
core   0: 3 0x000000008000fede (0xfcf76de3)
core   0: 0x000000008000feb8 (0xfe043783) ld      a5, -32(s0)
core   0: 3 0x000000008000feb8 (0xfe043783) x15 0x00000000800120d5 mem 0x0000000080031f50
core   0: 0x000000008000febc (0x00178713) addi    a4, a5, 1
core   0: 3 0x000000008000febc (0x00178713) x14 0x00000000800120d6
core   0: 0x000000008000fec0 (0xfee43023) sd      a4, -32(s0)
core   0: 3 0x000000008000fec0 (0xfee43023) mem 0x0000000080031f50 0x00000000800120d6
core   0: 0x000000008000fec4 (0xfc442703) lw      a4, -60(s0)
core   0: 3 0x000000008000fec4 (0xfc442703) x14 0x0000000000000000 mem 0x0000000080031f34
core   0: 0x000000008000fec8 (0x0ff77713) andi    a4, a4, 255
core   0: 3 0x000000008000fec8 (0x0ff77713) x14 0x0000000000000000
core   0: 0x000000008000fecc (0x00e78023) sb      a4, 0(a5)
core   0: 3 0x000000008000fecc (0x00e78023) mem 0x00000000800120d5 0x00
core   0: 0x000000008000fed0 (0xfc843703) ld      a4, -56(s0)
core   0: 3 0x000000008000fed0 (0xfc843703) x14 0x0000000080012040 mem 0x0000000080031f38
core   0: 0x000000008000fed4 (0xfb843783) ld      a5, -72(s0)
core   0: 3 0x000000008000fed4 (0xfb843783) x15 0x000000000000009c mem 0x0000000080031f28
core   0: 0x000000008000fed8 (0x000097ba) c.add   a5, a4
core   0: 3 0x000000008000fed8 (0x97ba) x15 0x00000000800120dc
core   0: 0x000000008000feda (0xfe043703) ld      a4, -32(s0)
core   0: 3 0x000000008000feda (0xfe043703) x14 0x00000000800120d6 mem 0x0000000080031f50
core   0: 0x000000008000fede (0xfcf76de3) bltu    a4, a5, pc - 38
core   0: 3 0x000000008000fede (0xfcf76de3)
core   0: 0x000000008000feb8 (0xfe043783) ld      a5, -32(s0)
core   0: 3 0x000000008000feb8 (0xfe043783) x15 0x00000000800120d6 mem 0x0000000080031f50
core   0: 0x000000008000febc (0x00178713) addi    a4, a5, 1
core   0: 3 0x000000008000febc (0x00178713) x14 0x00000000800120d7
core   0: 0x000000008000fec0 (0xfee43023) sd      a4, -32(s0)
core   0: 3 0x000000008000fec0 (0xfee43023) mem 0x0000000080031f50 0x00000000800120d7
core   0: 0x000000008000fec4 (0xfc442703) lw      a4, -60(s0)
core   0: 3 0x000000008000fec4 (0xfc442703) x14 0x0000000000000000 mem 0x0000000080031f34
core   0: 0x000000008000fec8 (0x0ff77713) andi    a4, a4, 255
core   0: 3 0x000000008000fec8 (0x0ff77713) x14 0x0000000000000000
core   0: 0x000000008000fecc (0x00e78023) sb      a4, 0(a5)
core   0: 3 0x000000008000fecc (0x00e78023) mem 0x00000000800120d6 0x00
core   0: 0x000000008000fed0 (0xfc843703) ld      a4, -56(s0)
core   0: 3 0x000000008000fed0 (0xfc843703) x14 0x0000000080012040 mem 0x0000000080031f38
core   0: 0x000000008000fed4 (0xfb843783) ld      a5, -72(s0)
core   0: 3 0x000000008000fed4 (0xfb843783) x15 0x000000000000009c mem 0x0000000080031f28
core   0: 0x000000008000fed8 (0x000097ba) c.add   a5, a4
core   0: 3 0x000000008000fed8 (0x97ba) x15 0x00000000800120dc
core   0: 0x000000008000feda (0xfe043703) ld      a4, -32(s0)
core   0: 3 0x000000008000feda (0xfe043703) x14 0x00000000800120d7 mem 0x0000000080031f50
core   0: 0x000000008000fede (0xfcf76de3) bltu    a4, a5, pc - 38
core   0: 3 0x000000008000fede (0xfcf76de3)
core   0: 0x000000008000feb8 (0xfe043783) ld      a5, -32(s0)
core   0: 3 0x000000008000feb8 (0xfe043783) x15 0x00000000800120d7 mem 0x0000000080031f50
core   0: 0x000000008000febc (0x00178713) addi    a4, a5, 1
core   0: 3 0x000000008000febc (0x00178713) x14 0x00000000800120d8
core   0: 0x000000008000fec0 (0xfee43023) sd      a4, -32(s0)
core   0: 3 0x000000008000fec0 (0xfee43023) mem 0x0000000080031f50 0x00000000800120d8
core   0: 0x000000008000fec4 (0xfc442703) lw      a4, -60(s0)
core   0: 3 0x000000008000fec4 (0xfc442703) x14 0x0000000000000000 mem 0x0000000080031f34
core   0: 0x000000008000fec8 (0x0ff77713) andi    a4, a4, 255
core   0: 3 0x000000008000fec8 (0x0ff77713) x14 0x0000000000000000
core   0: 0x000000008000fecc (0x00e78023) sb      a4, 0(a5)
core   0: 3 0x000000008000fecc (0x00e78023) mem 0x00000000800120d7 0x00
core   0: 0x000000008000fed0 (0xfc843703) ld      a4, -56(s0)
core   0: 3 0x000000008000fed0 (0xfc843703) x14 0x0000000080012040 mem 0x0000000080031f38
core   0: 0x000000008000fed4 (0xfb843783) ld      a5, -72(s0)
core   0: 3 0x000000008000fed4 (0xfb843783) x15 0x000000000000009c mem 0x0000000080031f28
core   0: 0x000000008000fed8 (0x000097ba) c.add   a5, a4
core   0: 3 0x000000008000fed8 (0x97ba) x15 0x00000000800120dc
core   0: 0x000000008000feda (0xfe043703) ld      a4, -32(s0)
core   0: 3 0x000000008000feda (0xfe043703) x14 0x00000000800120d8 mem 0x0000000080031f50
core   0: 0x000000008000fede (0xfcf76de3) bltu    a4, a5, pc - 38
core   0: 3 0x000000008000fede (0xfcf76de3)
core   0: 0x000000008000feb8 (0xfe043783) ld      a5, -32(s0)
core   0: 3 0x000000008000feb8 (0xfe043783) x15 0x00000000800120d8 mem 0x0000000080031f50
core   0: 0x000000008000febc (0x00178713) addi    a4, a5, 1
core   0: 3 0x000000008000febc (0x00178713) x14 0x00000000800120d9
core   0: 0x000000008000fec0 (0xfee43023) sd      a4, -32(s0)
core   0: 3 0x000000008000fec0 (0xfee43023) mem 0x0000000080031f50 0x00000000800120d9
core   0: 0x000000008000fec4 (0xfc442703) lw      a4, -60(s0)
core   0: 3 0x000000008000fec4 (0xfc442703) x14 0x0000000000000000 mem 0x0000000080031f34
core   0: 0x000000008000fec8 (0x0ff77713) andi    a4, a4, 255
core   0: 3 0x000000008000fec8 (0x0ff77713) x14 0x0000000000000000
core   0: 0x000000008000fecc (0x00e78023) sb      a4, 0(a5)
core   0: 3 0x000000008000fecc (0x00e78023) mem 0x00000000800120d8 0x00
core   0: 0x000000008000fed0 (0xfc843703) ld      a4, -56(s0)
core   0: 3 0x000000008000fed0 (0xfc843703) x14 0x0000000080012040 mem 0x0000000080031f38
core   0: 0x000000008000fed4 (0xfb843783) ld      a5, -72(s0)
core   0: 3 0x000000008000fed4 (0xfb843783) x15 0x000000000000009c mem 0x0000000080031f28
core   0: 0x000000008000fed8 (0x000097ba) c.add   a5, a4
core   0: 3 0x000000008000fed8 (0x97ba) x15 0x00000000800120dc
core   0: 0x000000008000feda (0xfe043703) ld      a4, -32(s0)
core   0: 3 0x000000008000feda (0xfe043703) x14 0x00000000800120d9 mem 0x0000000080031f50
core   0: 0x000000008000fede (0xfcf76de3) bltu    a4, a5, pc - 38
core   0: 3 0x000000008000fede (0xfcf76de3)
core   0: 0x000000008000feb8 (0xfe043783) ld      a5, -32(s0)
core   0: 3 0x000000008000feb8 (0xfe043783) x15 0x00000000800120d9 mem 0x0000000080031f50
core   0: 0x000000008000febc (0x00178713) addi    a4, a5, 1
core   0: 3 0x000000008000febc (0x00178713) x14 0x00000000800120da
core   0: 0x000000008000fec0 (0xfee43023) sd      a4, -32(s0)
core   0: 3 0x000000008000fec0 (0xfee43023) mem 0x0000000080031f50 0x00000000800120da
core   0: 0x000000008000fec4 (0xfc442703) lw      a4, -60(s0)
core   0: 3 0x000000008000fec4 (0xfc442703) x14 0x0000000000000000 mem 0x0000000080031f34
core   0: 0x000000008000fec8 (0x0ff77713) andi    a4, a4, 255
core   0: 3 0x000000008000fec8 (0x0ff77713) x14 0x0000000000000000
core   0: 0x000000008000fecc (0x00e78023) sb      a4, 0(a5)
core   0: 3 0x000000008000fecc (0x00e78023) mem 0x00000000800120d9 0x00
core   0: 0x000000008000fed0 (0xfc843703) ld      a4, -56(s0)
core   0: 3 0x000000008000fed0 (0xfc843703) x14 0x0000000080012040 mem 0x0000000080031f38
core   0: 0x000000008000fed4 (0xfb843783) ld      a5, -72(s0)
core   0: 3 0x000000008000fed4 (0xfb843783) x15 0x000000000000009c mem 0x0000000080031f28
core   0: 0x000000008000fed8 (0x000097ba) c.add   a5, a4
core   0: 3 0x000000008000fed8 (0x97ba) x15 0x00000000800120dc
core   0: 0x000000008000feda (0xfe043703) ld      a4, -32(s0)
core   0: 3 0x000000008000feda (0xfe043703) x14 0x00000000800120da mem 0x0000000080031f50
core   0: 0x000000008000fede (0xfcf76de3) bltu    a4, a5, pc - 38
core   0: 3 0x000000008000fede (0xfcf76de3)
core   0: 0x000000008000feb8 (0xfe043783) ld      a5, -32(s0)
core   0: 3 0x000000008000feb8 (0xfe043783) x15 0x00000000800120da mem 0x0000000080031f50
core   0: 0x000000008000febc (0x00178713) addi    a4, a5, 1
core   0: 3 0x000000008000febc (0x00178713) x14 0x00000000800120db
core   0: 0x000000008000fec0 (0xfee43023) sd      a4, -32(s0)
core   0: 3 0x000000008000fec0 (0xfee43023) mem 0x0000000080031f50 0x00000000800120db
core   0: 0x000000008000fec4 (0xfc442703) lw      a4, -60(s0)
core   0: 3 0x000000008000fec4 (0xfc442703) x14 0x0000000000000000 mem 0x0000000080031f34
core   0: 0x000000008000fec8 (0x0ff77713) andi    a4, a4, 255
core   0: 3 0x000000008000fec8 (0x0ff77713) x14 0x0000000000000000
core   0: 0x000000008000fecc (0x00e78023) sb      a4, 0(a5)
core   0: 3 0x000000008000fecc (0x00e78023) mem 0x00000000800120da 0x00
core   0: 0x000000008000fed0 (0xfc843703) ld      a4, -56(s0)
core   0: 3 0x000000008000fed0 (0xfc843703) x14 0x0000000080012040 mem 0x0000000080031f38
core   0: 0x000000008000fed4 (0xfb843783) ld      a5, -72(s0)
core   0: 3 0x000000008000fed4 (0xfb843783) x15 0x000000000000009c mem 0x0000000080031f28
core   0: 0x000000008000fed8 (0x000097ba) c.add   a5, a4
core   0: 3 0x000000008000fed8 (0x97ba) x15 0x00000000800120dc
core   0: 0x000000008000feda (0xfe043703) ld      a4, -32(s0)
core   0: 3 0x000000008000feda (0xfe043703) x14 0x00000000800120db mem 0x0000000080031f50
core   0: 0x000000008000fede (0xfcf76de3) bltu    a4, a5, pc - 38
core   0: 3 0x000000008000fede (0xfcf76de3)
core   0: 0x000000008000feb8 (0xfe043783) ld      a5, -32(s0)
core   0: 3 0x000000008000feb8 (0xfe043783) x15 0x00000000800120db mem 0x0000000080031f50
core   0: 0x000000008000febc (0x00178713) addi    a4, a5, 1
core   0: 3 0x000000008000febc (0x00178713) x14 0x00000000800120dc
core   0: 0x000000008000fec0 (0xfee43023) sd      a4, -32(s0)
core   0: 3 0x000000008000fec0 (0xfee43023) mem 0x0000000080031f50 0x00000000800120dc
core   0: 0x000000008000fec4 (0xfc442703) lw      a4, -60(s0)
core   0: 3 0x000000008000fec4 (0xfc442703) x14 0x0000000000000000 mem 0x0000000080031f34
core   0: 0x000000008000fec8 (0x0ff77713) andi    a4, a4, 255
core   0: 3 0x000000008000fec8 (0x0ff77713) x14 0x0000000000000000
core   0: 0x000000008000fecc (0x00e78023) sb      a4, 0(a5)
core   0: 3 0x000000008000fecc (0x00e78023) mem 0x00000000800120db 0x00
core   0: 0x000000008000fed0 (0xfc843703) ld      a4, -56(s0)
core   0: 3 0x000000008000fed0 (0xfc843703) x14 0x0000000080012040 mem 0x0000000080031f38
core   0: 0x000000008000fed4 (0xfb843783) ld      a5, -72(s0)
core   0: 3 0x000000008000fed4 (0xfb843783) x15 0x000000000000009c mem 0x0000000080031f28
core   0: 0x000000008000fed8 (0x000097ba) c.add   a5, a4
core   0: 3 0x000000008000fed8 (0x97ba) x15 0x00000000800120dc
core   0: 0x000000008000feda (0xfe043703) ld      a4, -32(s0)
core   0: 3 0x000000008000feda (0xfe043703) x14 0x00000000800120dc mem 0x0000000080031f50
core   0: 0x000000008000fede (0xfcf76de3) bltu    a4, a5, pc - 38
core   0: 3 0x000000008000fede (0xfcf76de3)
core   0: 0x000000008000fee2 (0xfc843783) ld      a5, -56(s0)
core   0: 3 0x000000008000fee2 (0xfc843783) x15 0x0000000080012040 mem 0x0000000080031f38
core   0: 0x000000008000fee6 (0x0000853e) c.mv    a0, a5
core   0: 3 0x000000008000fee6 (0x853e) x10 0x0000000080012040
core   0: 0x000000008000fee8 (0x00006426) c.ldsp  s0, 72(sp)
core   0: 3 0x000000008000fee8 (0x6426) x8  0x0000000080031f90 mem 0x0000000080031f68
core   0: 0x000000008000feea (0x00006161) c.addi16sp sp, 80
core   0: 3 0x000000008000feea (0x6161) x2  0x0000000080031f70
core   0: 0x000000008000feec (0x00008082) ret
core   0: 3 0x000000008000feec (0x8082)
core   0: 0x000000008000f4a0 (0x00000001) c.nop
core   0: 3 0x000000008000f4a0 (0x0001)
core   0: 0x000000008000f4a2 (0x000060e2) c.ldsp  ra, 24(sp)
core   0: 3 0x000000008000f4a2 (0x60e2) x1  0x000000008000f4e0 mem 0x0000000080031f88
core   0: 0x000000008000f4a4 (0x00006442) c.ldsp  s0, 16(sp)
core   0: 3 0x000000008000f4a4 (0x6442) x8  0x0000000080032040 mem 0x0000000080031f80
core   0: 0x000000008000f4a6 (0x00006105) c.addi16sp sp, 32
core   0: 3 0x000000008000f4a6 (0x6105) x2  0x0000000080031f90
core   0: 0x000000008000f4a8 (0x00008082) ret
core   0: 3 0x000000008000f4a8 (0x8082)
core   0: 0x000000008000f4e0 (0xf5842703) lw      a4, -168(s0)
core   0: 3 0x000000008000f4e0 (0xf5842703) x14 0x0000000000000001 mem 0x0000000080031f98
core   0: 0x000000008000f4e4 (0xf5c42783) lw      a5, -164(s0)
core   0: 3 0x000000008000f4e4 (0xf5c42783) x15 0x0000000000000000 mem 0x0000000080031f9c
core   0: 0x000000008000f4e8 (0x000085ba) c.mv    a1, a4
core   0: 3 0x000000008000f4e8 (0x85ba) x11 0x0000000000000001
core   0: 0x000000008000f4ea (0x0000853e) c.mv    a0, a5
core   0: 3 0x000000008000f4ea (0x853e) x10 0x0000000000000000
core   0: 0x000000008000f4ec (0xf03ff0ef) jal     pc - 0xfe
core   0: 3 0x000000008000f4ec (0xf03ff0ef) x1  0x000000008000f4f0
core   0: >>>>  thread_entry
core   0: 0x000000008000f3ee (0x00001101) c.addi  sp, -32
core   0: 3 0x000000008000f3ee (0x1101) x2  0x0000000080031f70
core   0: 0x000000008000f3f0 (0x0000ec22) c.sdsp  s0, 24(sp)
core   0: 3 0x000000008000f3f0 (0xec22) mem 0x0000000080031f88 0x0000000080032040
core   0: 0x000000008000f3f2 (0x00001000) c.addi4spn s0, sp, 32
core   0: 3 0x000000008000f3f2 (0x1000) x8  0x0000000080031f90
core   0: 0x000000008000f3f4 (0x000087aa) c.mv    a5, a0
core   0: 3 0x000000008000f3f4 (0x87aa) x15 0x0000000000000000
core   0: 0x000000008000f3f6 (0x0000872e) c.mv    a4, a1
core   0: 3 0x000000008000f3f6 (0x872e) x14 0x0000000000000001
core   0: 0x000000008000f3f8 (0xfef42623) sw      a5, -20(s0)
core   0: 3 0x000000008000f3f8 (0xfef42623) mem 0x0000000080031f7c 0x00000000
core   0: 0x000000008000f3fc (0x000087ba) c.mv    a5, a4
core   0: 3 0x000000008000f3fc (0x87ba) x15 0x0000000000000001
core   0: 0x000000008000f3fe (0xfef42423) sw      a5, -24(s0)
core   0: 3 0x000000008000f3fe (0xfef42423) mem 0x0000000080031f78 0x00000001
core   0: 0x000000008000f402 (0x00000001) c.nop
core   0: 3 0x000000008000f402 (0x0001)
core   0: 0x000000008000f404 (0xfec42783) lw      a5, -20(s0)
core   0: 3 0x000000008000f404 (0xfec42783) x15 0x0000000000000000 mem 0x0000000080031f7c
core   0: 0x000000008000f408 (0x00002781) c.addiw a5, 0
core   0: 3 0x000000008000f408 (0x2781) x15 0x0000000000000000
core   0: 0x000000008000f40a (0x0000ffed) c.bnez  a5, pc - 6
core   0: 3 0x000000008000f40a (0xffed)
core   0: 0x000000008000f40c (0x00000001) c.nop
core   0: 3 0x000000008000f40c (0x0001)
core   0: 0x000000008000f40e (0x00000001) c.nop
core   0: 3 0x000000008000f40e (0x0001)
core   0: 0x000000008000f410 (0x00006462) c.ldsp  s0, 24(sp)
core   0: 3 0x000000008000f410 (0x6462) x8  0x0000000080032040 mem 0x0000000080031f88
core   0: 0x000000008000f412 (0x00006105) c.addi16sp sp, 32
core   0: 3 0x000000008000f412 (0x6105) x2  0x0000000080031f90
core   0: 0x000000008000f414 (0x00008082) ret
core   0: 3 0x000000008000f414 (0x8082)
core   0: 0x000000008000f4f0 (0x00004581) c.li    a1, 0
core   0: 3 0x000000008000f4f0 (0x4581) x11 0x0000000000000000
core   0: 0x000000008000f4f2 (0x00004501) c.li    a0, 0
core   0: 3 0x000000008000f4f2 (0x4501) x10 0x0000000000000000
core   0: 0x000000008000f4f4 (0xb0df20ef) jal     pc - 0xd4f4
core   0: 3 0x000000008000f4f4 (0xb0df20ef) x1  0x000000008000f4f8
core   0: >>>>  main
core   0: 0x0000000080002000 (0x00000001) c.nop
core   0: 3 0x0000000080002000 (0x0001)
core   0: >>>>  trap_vec_init
core   0: 0x0000000080002002 (0x00002797) auipc   a5, 0x2
core   0: 3 0x0000000080002002 (0x00002797) x15 0x0000000080004002
core   0: 0x0000000080002006 (0xffe78793) addi    a5, a5, -2
core   0: 3 0x0000000080002006 (0xffe78793) x15 0x0000000080004000
core   0: 0x000000008000200a (0x30579073) csrrw   zero, mtvec, a5
core   0: 3 0x000000008000200a (0x30579073) c773_mtvec 0x0000000080004000
core   0: >>>>  pmp_setup
core   0: 0x000000008000200e (0x00002c17) auipc   s8, 0x2
core   0: 3 0x000000008000200e (0x00002c17) x24 0x000000008000400e
core   0: 0x0000000080002012 (0x022c0c13) addi    s8, s8, 34
core   0: 3 0x0000000080002012 (0x022c0c13) x24 0x0000000080004030
core   0: 0x0000000080002016 (0x00004781) c.li    a5, 0
core   0: 3 0x0000000080002016 (0x4781) x15 0x0000000000000000
core   0: 0x0000000080002018 (0x00009c3e) c.add   s8, a5
core   0: 3 0x0000000080002018 (0x9c3e) x24 0x0000000080004030
core   0: 0x000000008000201a (0x3b0c1073) csrrw   zero, pmpaddr0, s8
core   0: 3 0x000000008000201a (0x3b0c1073) c944_pmpaddr0 0x0000000080004030
core   0: 0x000000008000201e (0x00004c3d) c.li    s8, 15
core   0: 3 0x000000008000201e (0x4c3d) x24 0x000000000000000f
core   0: 0x0000000080002020 (0x3a0c1073) csrrw   zero, pmpcfg0, s8
core   0: 3 0x0000000080002020 (0x3a0c1073) c928_pmpcfg0 0x000000000000000f
core   0: 0x0000000080002024 (0x12000073) sfence.vma zero, zero
core   0: 3 0x0000000080002024 (0x12000073)
core   0: >>>>  mepc_setup
core   0: 0x0000000080002028 (0x00002797) auipc   a5, 0x2
core   0: 3 0x0000000080002028 (0x00002797) x15 0x0000000080004028
core   0: 0x000000008000202c (0x00878793) addi    a5, a5, 8
core   0: 3 0x000000008000202c (0x00878793) x15 0x0000000080004030
core   0: 0x0000000080002030 (0x34179073) csrrw   zero, mepc, a5
core   0: 3 0x0000000080002030 (0x34179073) c833_mepc 0x0000000080004030
core   0: >>>>  custom_csr_setup
core   0: 0x0000000080002034 (0x00100f9b) addiw   t6, zero, 1
core   0: 3 0x0000000080002034 (0x00100f9b) x31 0x0000000000000001
core   0: 0x0000000080002038 (0x00000ffe) c.slli  t6, 31
core   0: 3 0x0000000080002038 (0x0ffe) x31 0x0000000080000000
core   0: 0x000000008000203a (0x00000001) c.nop
core   0: 3 0x000000008000203a (0x0001)
core   0: >>>>  init_s_mode
core   0: 0x000000008000203c (0xfff0079b) addiw   a5, zero, -1
core   0: 3 0x000000008000203c (0xfff0079b) x15 0xffffffffffffffff
core   0: 0x0000000080002040 (0x000017fe) c.slli  a5, 63
core   0: 3 0x0000000080002040 (0x17fe) x15 0x8000000000000000
core   0: 0x0000000080002042 (0x18079073) csrrw   zero, satp, a5
core   0: 3 0x0000000080002042 (0x18079073) c384_satp 0x8000000000000000
core   0: 0x0000000080002046 (0x0000f797) auipc   a5, 0xf
core   0: 3 0x0000000080002046 (0x0000f797) x15 0x0000000080011046
core   0: 0x000000008000204a (0xfba78793) addi    a5, a5, -70
core   0: 3 0x000000008000204a (0xfba78793) x15 0x0000000080011000
core   0: 0x000000008000204e (0x000083b1) c.srli  a5, 12
core   0: 3 0x000000008000204e (0x83b1) x15 0x0000000000080011
core   0: 0x0000000080002050 (0x0010061b) addiw   a2, zero, 1
core   0: 3 0x0000000080002050 (0x0010061b) x12 0x0000000000000001
core   0: 0x0000000080002054 (0x00001632) c.slli  a2, 44
core   0: 3 0x0000000080002054 (0x1632) x12 0x0000100000000000
core   0: 0x0000000080002056 (0x0000167d) c.addi  a2, -1
core   0: 3 0x0000000080002056 (0x167d) x12 0x00000fffffffffff
core   0: 0x0000000080002058 (0x00008ff1) c.and   a5, a2
core   0: 3 0x0000000080002058 (0x8ff1) x15 0x0000000000080011
core   0: 0x000000008000205a (0x1807a073) csrrs   zero, satp, a5
core   0: 3 0x000000008000205a (0x1807a073) c384_satp 0x8000000000080011
core   0: 0x000000008000205e (0x00a005b7) lui     a1, 0xa00
core   0: 3 0x000000008000205e (0x00a005b7) x11 0x0000000000a00000
core   0: 0x0000000080002062 (0x10b5859b) addiw   a1, a1, 267
core   0: 3 0x0000000080002062 (0x10b5859b) x11 0x0000000000a0010b
core   0: 0x0000000080002066 (0x000005b2) c.slli  a1, 12
core   0: 3 0x0000000080002066 (0x05b2) x11 0x0000000a0010b000
core   0: 0x0000000080002068 (0xa0058593) addi    a1, a1, -1536
core   0: 3 0x0000000080002068 (0xa0058593) x11 0x0000000a0010aa00
core   0: 0x000000008000206c (0x30059073) csrrw   zero, mstatus, a1
core   0: 3 0x000000008000206c (0x30059073) c768_mstatus 0x0000000a00102800
core   0: 0x0000000080002070 (0x30459073) csrrw   zero, mie, a1
core   0: 3 0x0000000080002070 (0x30459073) c772_mie 0x0000000000000a00
core   0: 0x0000000080002074 (0x00a005b7) lui     a1, 0xa00
core   0: 3 0x0000000080002074 (0x00a005b7) x11 0x0000000000a00000
core   0: 0x0000000080002078 (0x10b5859b) addiw   a1, a1, 267
core   0: 3 0x0000000080002078 (0x10b5859b) x11 0x0000000000a0010b
core   0: 0x000000008000207c (0x000005b2) c.slli  a1, 12
core   0: 3 0x000000008000207c (0x05b2) x11 0x0000000a0010b000
core   0: 0x000000008000207e (0xa0058593) addi    a1, a1, -1536
core   0: 3 0x000000008000207e (0xa0058593) x11 0x0000000a0010aa00
core   0: 0x0000000080002082 (0x10059073) csrrw   zero, sstatus, a1
core   0: 3 0x0000000080002082 (0x10059073) c768_mstatus 0x0000000a00102800
core   0: 0x0000000080002086 (0x10459073) csrrw   zero, sie, a1
core   0: 3 0x0000000080002086 (0x10459073) c772_mie 0x0000000000000a00
core   0: 0x000000008000208a (0x30200073) mret
core   0: 3 0x000000008000208a (0x30200073) c768_mstatus 0x0000000a00102080
core   0: >>>>  main_g
core   0: 0x0000000080004030 (0x00000001) c.nop
core   0: 1 0x0000000080004030 (0x0001)
core   0: 0x0000000080004032 (0x038c72b3) remu    t0, s8, s8
core   0: 1 0x0000000080004032 (0x038c72b3) x5  0x0000000000000000
core   0: 0x0000000080004036 (0x010b5b1b) srliw   s6, s6, 16
core   0: 1 0x0000000080004036 (0x010b5b1b) x22 0x0000000000000000
core   0: 0x000000008000403a (0xc21b77d3) fcvt.wu.d a5, fs6
core   0: 1 0x000000008000403a (0xc21b77d3) c1_fflags 0x0000000000000010 c768_mstatus 0x8000000a00106080 x15 0xffffffffffffffff
core   0: 0x000000008000403e (0x8297f293) andi    t0, a5, -2007
core   0: 1 0x000000008000403e (0x8297f293) x5  0xfffffffffffff829
core   0: 0x0000000080004042 (0xa44b6693) ori     a3, s6, -1468
core   0: 1 0x0000000080004042 (0xa44b6693) x13 0xfffffffffffffa44
core   0: 0x0000000080004046 (0x00008e5d) c.or    a2, a5
core   0: 1 0x0000000080004046 (0x8e5d) x12 0xffffffffffffffff
core   0: 0x0000000080004048 (0x00000001) c.nop
core   0: 1 0x0000000080004048 (0x0001)
core   0: 0x000000008000404a (0x02db46b3) div     a3, s6, a3
core   0: 1 0x000000008000404a (0x02db46b3) x13 0x0000000000000000
core   0: 0x000000008000404e (0xd22870d3) fcvt.d.l ft1, a6
core   0: 1 0x000000008000404e (0xd22870d3) f1  0x0000000000000000
core   0: 0x0000000080004052 (0xe7658b93) addi    s7, a1, -394
core   0: 1 0x0000000080004052 (0xe7658b93) x23 0x0000000a0010a876
core   0: 0x0000000080004056 (0x002b9773) csrrw   a4, frm, s7
core   0: 1 0x0000000080004056 (0x002b9773) x14 0x0000000000000000 c2_frm 0x0000000000000006
core   0: 0x000000008000405a (0xc2047353) fcvt.w.d t1, fs0
core   0: exception trap_illegal_instruction, epc 0x000000008000405a
core   0:           tval 0x00000000c2047353
core   0: >>>>  $xrv64i2p1_m2p0_a2p1_f2p2_d2p2_zicsr2p0_zifencei2p0_zmmul1p0_zba1p0_zbb1p0_zbc1p0_zbs1p0
core   0: 0x0000000080004000 (0x0080006f) j       pc + 0x8
core   0: 3 0x0000000080004000 (0x0080006f)
core   0: >>>>  mmode_exception_handler
core   0: 0x0000000080004008 (0x00002c17) auipc   s8, 0x2
core   0: 3 0x0000000080004008 (0x00002c17) x24 0x0000000080006008
core   0: 0x000000008000400c (0x09ac0c13) addi    s8, s8, 154
core   0: 3 0x000000008000400c (0x09ac0c13) x24 0x00000000800060a2
core   0: 0x0000000080004010 (0x000c00e7) jalr    s8
core   0: 3 0x0000000080004010 (0x000c00e7) x1  0x0000000080004014
core   0: >>>>  any_handler
core   0: 0x00000000800060a2 (0x341027f3) csrrs   a5, mepc, zero
core   0: 3 0x00000000800060a2 (0x341027f3) x15 0x000000008000405a
core   0: 0x00000000800060a6 (0x34202773) csrrs   a4, mcause, zero
core   0: 3 0x00000000800060a6 (0x34202773) x14 0x0000000000000002
core   0: 0x00000000800060aa (0x142026f3) csrrs   a3, scause, zero
core   0: 3 0x00000000800060aa (0x142026f3) x13 0x0000000000000000
core   0: 0x00000000800060ae (0x30402673) csrrs   a2, mie, zero
core   0: 3 0x00000000800060ae (0x30402673) x12 0x0000000000000a00
core   0: 0x00000000800060b2 (0x344025f3) csrrs   a1, mip, zero
core   0: 3 0x00000000800060b2 (0x344025f3) x11 0x0000000000000080
core   0: 0x00000000800060b6 (0x343025f3) csrrs   a1, mtval, zero
core   0: 3 0x00000000800060b6 (0x343025f3) x11 0x00000000c2047353
core   0: 0x00000000800060ba (0x14302573) csrrs   a0, stval, zero
core   0: 3 0x00000000800060ba (0x14302573) x10 0x0000000000000000
core   0: 0x00000000800060be (0xb02024f3) csrrs   s1, minstret, zero
core   0: 3 0x00000000800060be (0xb02024f3) x9  0x00000000000007d7
core   0: 0x00000000800060c2 (0x0000a811) c.j     pc + 20
core   0: 3 0x00000000800060c2 (0xa811)
core   0: >>>>  mepc_4
core   0: 0x00000000800060d6 (0x00000791) c.addi  a5, 4
core   0: 3 0x00000000800060d6 (0x0791) x15 0x000000008000405e
core   0: 0x00000000800060d8 (0x34179073) csrrw   zero, mepc, a5
core   0: 3 0x00000000800060d8 (0x34179073) c833_mepc 0x000000008000405e
core   0: 0x00000000800060dc (0x30200073) mret
core   0: 3 0x00000000800060dc (0x30200073) c768_mstatus 0x8000000a00106080
core   0: 0x000000008000405e (0x004994bb) sllw    s1, s3, tp
core   0: 1 0x000000008000405e (0x004994bb) x9  0x0000000000000000
core   0: 0x0000000080004062 (0x4010fed3) fcvt.s.d ft9, ft1
core   0: exception trap_illegal_instruction, epc 0x0000000080004062
core   0:           tval 0x000000004010fed3
core   0: >>>>  $xrv64i2p1_m2p0_a2p1_f2p2_d2p2_zicsr2p0_zifencei2p0_zmmul1p0_zba1p0_zbb1p0_zbc1p0_zbs1p0
core   0: 0x0000000080004000 (0x0080006f) j       pc + 0x8
core   0: 3 0x0000000080004000 (0x0080006f)
core   0: >>>>  mmode_exception_handler
core   0: 0x0000000080004008 (0x00002c17) auipc   s8, 0x2
core   0: 3 0x0000000080004008 (0x00002c17) x24 0x0000000080006008
core   0: 0x000000008000400c (0x09ac0c13) addi    s8, s8, 154
core   0: 3 0x000000008000400c (0x09ac0c13) x24 0x00000000800060a2
core   0: 0x0000000080004010 (0x000c00e7) jalr    s8
core   0: 3 0x0000000080004010 (0x000c00e7) x1  0x0000000080004014
core   0: >>>>  any_handler
core   0: 0x00000000800060a2 (0x341027f3) csrrs   a5, mepc, zero
core   0: 3 0x00000000800060a2 (0x341027f3) x15 0x0000000080004062
core   0: 0x00000000800060a6 (0x34202773) csrrs   a4, mcause, zero
core   0: 3 0x00000000800060a6 (0x34202773) x14 0x0000000000000002
core   0: 0x00000000800060aa (0x142026f3) csrrs   a3, scause, zero
core   0: 3 0x00000000800060aa (0x142026f3) x13 0x0000000000000000
core   0: 0x00000000800060ae (0x30402673) csrrs   a2, mie, zero
core   0: 3 0x00000000800060ae (0x30402673) x12 0x0000000000000a00
core   0: 0x00000000800060b2 (0x344025f3) csrrs   a1, mip, zero
core   0: 3 0x00000000800060b2 (0x344025f3) x11 0x0000000000000080
core   0: 0x00000000800060b6 (0x343025f3) csrrs   a1, mtval, zero
core   0: 3 0x00000000800060b6 (0x343025f3) x11 0x000000004010fed3
core   0: 0x00000000800060ba (0x14302573) csrrs   a0, stval, zero
core   0: 3 0x00000000800060ba (0x14302573) x10 0x0000000000000000
core   0: 0x00000000800060be (0xb02024f3) csrrs   s1, minstret, zero
core   0: 3 0x00000000800060be (0xb02024f3) x9  0x00000000000007e8
core   0: 0x00000000800060c2 (0x0000a811) c.j     pc + 20
core   0: 3 0x00000000800060c2 (0xa811)
core   0: >>>>  mepc_4
core   0: 0x00000000800060d6 (0x00000791) c.addi  a5, 4
core   0: 3 0x00000000800060d6 (0x0791) x15 0x0000000080004066
core   0: 0x00000000800060d8 (0x34179073) csrrw   zero, mepc, a5
core   0: 3 0x00000000800060d8 (0x34179073) c833_mepc 0x0000000080004066
core   0: 0x00000000800060dc (0x30200073) mret
core   0: 3 0x00000000800060dc (0x30200073) c768_mstatus 0x8000000a00106080
core   0: 0x0000000080004066 (0xd229f6d3) fcvt.d.l fa3, s3
core   0: exception trap_illegal_instruction, epc 0x0000000080004066
core   0:           tval 0x00000000d229f6d3
core   0: >>>>  $xrv64i2p1_m2p0_a2p1_f2p2_d2p2_zicsr2p0_zifencei2p0_zmmul1p0_zba1p0_zbb1p0_zbc1p0_zbs1p0
core   0: 0x0000000080004000 (0x0080006f) j       pc + 0x8
core   0: 3 0x0000000080004000 (0x0080006f)
core   0: >>>>  mmode_exception_handler
core   0: 0x0000000080004008 (0x00002c17) auipc   s8, 0x2
core   0: 3 0x0000000080004008 (0x00002c17) x24 0x0000000080006008
core   0: 0x000000008000400c (0x09ac0c13) addi    s8, s8, 154
core   0: 3 0x000000008000400c (0x09ac0c13) x24 0x00000000800060a2
core   0: 0x0000000080004010 (0x000c00e7) jalr    s8
core   0: 3 0x0000000080004010 (0x000c00e7) x1  0x0000000080004014
core   0: >>>>  any_handler
core   0: 0x00000000800060a2 (0x341027f3) csrrs   a5, mepc, zero
core   0: 3 0x00000000800060a2 (0x341027f3) x15 0x0000000080004066
core   0: 0x00000000800060a6 (0x34202773) csrrs   a4, mcause, zero
core   0: 3 0x00000000800060a6 (0x34202773) x14 0x0000000000000002
core   0: 0x00000000800060aa (0x142026f3) csrrs   a3, scause, zero
core   0: 3 0x00000000800060aa (0x142026f3) x13 0x0000000000000000
core   0: 0x00000000800060ae (0x30402673) csrrs   a2, mie, zero
core   0: 3 0x00000000800060ae (0x30402673) x12 0x0000000000000a00
core   0: 0x00000000800060b2 (0x344025f3) csrrs   a1, mip, zero
core   0: 3 0x00000000800060b2 (0x344025f3) x11 0x0000000000000080
core   0: 0x00000000800060b6 (0x343025f3) csrrs   a1, mtval, zero
core   0: 3 0x00000000800060b6 (0x343025f3) x11 0x00000000d229f6d3
core   0: 0x00000000800060ba (0x14302573) csrrs   a0, stval, zero
core   0: 3 0x00000000800060ba (0x14302573) x10 0x0000000000000000
core   0: 0x00000000800060be (0xb02024f3) csrrs   s1, minstret, zero
core   0: 3 0x00000000800060be (0xb02024f3) x9  0x00000000000007f8
core   0: 0x00000000800060c2 (0x0000a811) c.j     pc + 20
core   0: 3 0x00000000800060c2 (0xa811)
core   0: >>>>  mepc_4
core   0: 0x00000000800060d6 (0x00000791) c.addi  a5, 4
core   0: 3 0x00000000800060d6 (0x0791) x15 0x000000008000406a
core   0: 0x00000000800060d8 (0x34179073) csrrw   zero, mepc, a5
core   0: 3 0x00000000800060d8 (0x34179073) c833_mepc 0x000000008000406a
core   0: 0x00000000800060dc (0x30200073) mret
core   0: 3 0x00000000800060dc (0x30200073) c768_mstatus 0x8000000a00106080
core   0: 0x000000008000406a (0x221219d3) fsgnjn.d fs3, ft4, ft1
core   0: 1 0x000000008000406a (0x221219d3) f19 0xffffffff00000000
core   0: 0x000000008000406e (0x0091f5b3) and     a1, gp, s1
core   0: 1 0x000000008000406e (0x0091f5b3) x11 0x0000000000000028
core   0: 0x0000000080004072 (0x234d8953) fsgnj.d fs2, fs11, fs4
core   0: 1 0x0000000080004072 (0x234d8953) f18 0xffffffff00000000
core   0: 0x0000000080004076 (0x225d9d53) fsgnjn.d fs10, fs11, ft5
core   0: 1 0x0000000080004076 (0x225d9d53) f26 0x7fffffff00000000
core   0: 0x000000008000407a (0x037008b3) mul     a7, zero, s7
core   0: 1 0x000000008000407a (0x037008b3) x17 0x0000000000000000
core   0: 0x000000008000407e (0xd2000453) fcvt.d.w fs0, zero
core   0: 1 0x000000008000407e (0xd2000453) f8  0x0000000000000000
core   0: 0x0000000080004082 (0x00102d73) csrrs   s10, fflags, zero
core   0: 1 0x0000000080004082 (0x00102d73) x26 0x0000000000000010
core   0: 0x0000000080004086 (0x00bb54bb) srlw    s1, s6, a1
core   0: 1 0x0000000080004086 (0x00bb54bb) x9  0x0000000000000000
core   0: 0x000000008000408a (0x428b7ec3) fmadd.d ft9, fs6, fs0, fs0
core   0: exception trap_illegal_instruction, epc 0x000000008000408a
core   0:           tval 0x00000000428b7ec3
core   0: >>>>  $xrv64i2p1_m2p0_a2p1_f2p2_d2p2_zicsr2p0_zifencei2p0_zmmul1p0_zba1p0_zbb1p0_zbc1p0_zbs1p0
core   0: 0x0000000080004000 (0x0080006f) j       pc + 0x8
core   0: 3 0x0000000080004000 (0x0080006f)
core   0: >>>>  mmode_exception_handler
core   0: 0x0000000080004008 (0x00002c17) auipc   s8, 0x2
core   0: 3 0x0000000080004008 (0x00002c17) x24 0x0000000080006008
core   0: 0x000000008000400c (0x09ac0c13) addi    s8, s8, 154
core   0: 3 0x000000008000400c (0x09ac0c13) x24 0x00000000800060a2
core   0: 0x0000000080004010 (0x000c00e7) jalr    s8
core   0: 3 0x0000000080004010 (0x000c00e7) x1  0x0000000080004014
core   0: >>>>  any_handler
core   0: 0x00000000800060a2 (0x341027f3) csrrs   a5, mepc, zero
core   0: 3 0x00000000800060a2 (0x341027f3) x15 0x000000008000408a
core   0: 0x00000000800060a6 (0x34202773) csrrs   a4, mcause, zero
core   0: 3 0x00000000800060a6 (0x34202773) x14 0x0000000000000002
core   0: 0x00000000800060aa (0x142026f3) csrrs   a3, scause, zero
core   0: 3 0x00000000800060aa (0x142026f3) x13 0x0000000000000000
core   0: 0x00000000800060ae (0x30402673) csrrs   a2, mie, zero
core   0: 3 0x00000000800060ae (0x30402673) x12 0x0000000000000a00
core   0: 0x00000000800060b2 (0x344025f3) csrrs   a1, mip, zero
core   0: 3 0x00000000800060b2 (0x344025f3) x11 0x0000000000000080
core   0: 0x00000000800060b6 (0x343025f3) csrrs   a1, mtval, zero
core   0: 3 0x00000000800060b6 (0x343025f3) x11 0x00000000428b7ec3
core   0: 0x00000000800060ba (0x14302573) csrrs   a0, stval, zero
core   0: 3 0x00000000800060ba (0x14302573) x10 0x0000000000000000
core   0: 0x00000000800060be (0xb02024f3) csrrs   s1, minstret, zero
core   0: 3 0x00000000800060be (0xb02024f3) x9  0x0000000000000810
core   0: 0x00000000800060c2 (0x0000a811) c.j     pc + 20
core   0: 3 0x00000000800060c2 (0xa811)
core   0: >>>>  mepc_4
core   0: 0x00000000800060d6 (0x00000791) c.addi  a5, 4
core   0: 3 0x00000000800060d6 (0x0791) x15 0x000000008000408e
core   0: 0x00000000800060d8 (0x34179073) csrrw   zero, mepc, a5
core   0: 3 0x00000000800060d8 (0x34179073) c833_mepc 0x000000008000408e
core   0: 0x00000000800060dc (0x30200073) mret
core   0: 3 0x00000000800060dc (0x30200073) c768_mstatus 0x8000000a00106080
core   0: 0x000000008000408e (0x00000001) c.nop
core   0: 1 0x000000008000408e (0x0001)
core   0: 0x0000000080004090 (0x00d48833) add     a6, s1, a3
core   0: 1 0x0000000080004090 (0x00d48833) x16 0x0000000000000810
core   0: 0x0000000080004094 (0x03a49133) mulh    sp, s1, s10
core   0: 1 0x0000000080004094 (0x03a49133) x2  0x0000000000000000
core   0: 0x0000000080004098 (0x40d8509b) sraiw   ra, a6, 13
core   0: 1 0x0000000080004098 (0x40d8509b) x1  0x0000000000000000
core   0: 0x000000008000409c (0x0008f393) andi    t2, a7, 0
core   0: 1 0x000000008000409c (0x0008f393) x7  0x0000000000000000
core   0: 0x00000000800040a0 (0x001e12f3) csrrw   t0, fflags, t3
core   0: 1 0x00000000800040a0 (0x001e12f3) x5  0x0000000000000010 c1_fflags 0x0000000000000000
core   0: 0x00000000800040a4 (0xf14f75f3) csrrci  a1, mhartid, 30
core   0: exception trap_illegal_instruction, epc 0x00000000800040a4
core   0:           tval 0x00000000f14f75f3
core   0: >>>>  $xrv64i2p1_m2p0_a2p1_f2p2_d2p2_zicsr2p0_zifencei2p0_zmmul1p0_zba1p0_zbb1p0_zbc1p0_zbs1p0
core   0: 0x0000000080004000 (0x0080006f) j       pc + 0x8
core   0: 3 0x0000000080004000 (0x0080006f)
core   0: >>>>  mmode_exception_handler
core   0: 0x0000000080004008 (0x00002c17) auipc   s8, 0x2
core   0: 3 0x0000000080004008 (0x00002c17) x24 0x0000000080006008
core   0: 0x000000008000400c (0x09ac0c13) addi    s8, s8, 154
core   0: 3 0x000000008000400c (0x09ac0c13) x24 0x00000000800060a2
core   0: 0x0000000080004010 (0x000c00e7) jalr    s8
core   0: 3 0x0000000080004010 (0x000c00e7) x1  0x0000000080004014
core   0: >>>>  any_handler
core   0: 0x00000000800060a2 (0x341027f3) csrrs   a5, mepc, zero
core   0: 3 0x00000000800060a2 (0x341027f3) x15 0x00000000800040a4
core   0: 0x00000000800060a6 (0x34202773) csrrs   a4, mcause, zero
core   0: 3 0x00000000800060a6 (0x34202773) x14 0x0000000000000002
core   0: 0x00000000800060aa (0x142026f3) csrrs   a3, scause, zero
core   0: 3 0x00000000800060aa (0x142026f3) x13 0x0000000000000000
core   0: 0x00000000800060ae (0x30402673) csrrs   a2, mie, zero
core   0: 3 0x00000000800060ae (0x30402673) x12 0x0000000000000a00
core   0: 0x00000000800060b2 (0x344025f3) csrrs   a1, mip, zero
core   0: 3 0x00000000800060b2 (0x344025f3) x11 0x0000000000000080
core   0: 0x00000000800060b6 (0x343025f3) csrrs   a1, mtval, zero
core   0: 3 0x00000000800060b6 (0x343025f3) x11 0x00000000f14f75f3
core   0: 0x00000000800060ba (0x14302573) csrrs   a0, stval, zero
core   0: 3 0x00000000800060ba (0x14302573) x10 0x0000000000000000
core   0: 0x00000000800060be (0xb02024f3) csrrs   s1, minstret, zero
core   0: 3 0x00000000800060be (0xb02024f3) x9  0x0000000000000826
core   0: 0x00000000800060c2 (0x0000a811) c.j     pc + 20
core   0: 3 0x00000000800060c2 (0xa811)
core   0: >>>>  mepc_4
core   0: 0x00000000800060d6 (0x00000791) c.addi  a5, 4
core   0: 3 0x00000000800060d6 (0x0791) x15 0x00000000800040a8
core   0: 0x00000000800060d8 (0x34179073) csrrw   zero, mepc, a5
core   0: 3 0x00000000800060d8 (0x34179073) c833_mepc 0x00000000800040a8
core   0: 0x00000000800060dc (0x30200073) mret
core   0: 3 0x00000000800060dc (0x30200073) c768_mstatus 0x8000000a00106080
core   0: 0x00000000800040a8 (0x417606bb) subw    a3, a2, s7
core   0: 1 0x00000000800040a8 (0x417606bb) x13 0xffffffffffef618a
core   0: 0x00000000800040ac (0x9f0355b7) lui     a1, 0x9f035
core   0: 1 0x00000000800040ac (0x9f0355b7) x11 0xffffffff9f035000
core   0: 0x00000000800040b0 (0x03d77753) fadd.d  fa4, fa4, ft9
core   0: exception trap_illegal_instruction, epc 0x00000000800040b0
core   0:           tval 0x0000000003d77753
core   0: >>>>  $xrv64i2p1_m2p0_a2p1_f2p2_d2p2_zicsr2p0_zifencei2p0_zmmul1p0_zba1p0_zbb1p0_zbc1p0_zbs1p0
core   0: 0x0000000080004000 (0x0080006f) j       pc + 0x8
core   0: 3 0x0000000080004000 (0x0080006f)
core   0: >>>>  mmode_exception_handler
core   0: 0x0000000080004008 (0x00002c17) auipc   s8, 0x2
core   0: 3 0x0000000080004008 (0x00002c17) x24 0x0000000080006008
core   0: 0x000000008000400c (0x09ac0c13) addi    s8, s8, 154
core   0: 3 0x000000008000400c (0x09ac0c13) x24 0x00000000800060a2
core   0: 0x0000000080004010 (0x000c00e7) jalr    s8
core   0: 3 0x0000000080004010 (0x000c00e7) x1  0x0000000080004014
core   0: >>>>  any_handler
core   0: 0x00000000800060a2 (0x341027f3) csrrs   a5, mepc, zero
core   0: 3 0x00000000800060a2 (0x341027f3) x15 0x00000000800040b0
core   0: 0x00000000800060a6 (0x34202773) csrrs   a4, mcause, zero
core   0: 3 0x00000000800060a6 (0x34202773) x14 0x0000000000000002
core   0: 0x00000000800060aa (0x142026f3) csrrs   a3, scause, zero
core   0: 3 0x00000000800060aa (0x142026f3) x13 0x0000000000000000
core   0: 0x00000000800060ae (0x30402673) csrrs   a2, mie, zero
core   0: 3 0x00000000800060ae (0x30402673) x12 0x0000000000000a00
core   0: 0x00000000800060b2 (0x344025f3) csrrs   a1, mip, zero
core   0: 3 0x00000000800060b2 (0x344025f3) x11 0x0000000000000080
core   0: 0x00000000800060b6 (0x343025f3) csrrs   a1, mtval, zero
core   0: 3 0x00000000800060b6 (0x343025f3) x11 0x0000000003d77753
core   0: 0x00000000800060ba (0x14302573) csrrs   a0, stval, zero
core   0: 3 0x00000000800060ba (0x14302573) x10 0x0000000000000000
core   0: 0x00000000800060be (0xb02024f3) csrrs   s1, minstret, zero
core   0: 3 0x00000000800060be (0xb02024f3) x9  0x0000000000000838
core   0: 0x00000000800060c2 (0x0000a811) c.j     pc + 20
core   0: 3 0x00000000800060c2 (0xa811)
core   0: >>>>  mepc_4
core   0: 0x00000000800060d6 (0x00000791) c.addi  a5, 4
core   0: 3 0x00000000800060d6 (0x0791) x15 0x00000000800040b4
core   0: 0x00000000800060d8 (0x34179073) csrrw   zero, mepc, a5
core   0: 3 0x00000000800060d8 (0x34179073) c833_mepc 0x00000000800040b4
core   0: 0x00000000800060dc (0x30200073) mret
core   0: 3 0x00000000800060dc (0x30200073) c768_mstatus 0x8000000a00106080
core   0: 0x00000000800040b4 (0x41678b33) sub     s6, a5, s6
core   0: 1 0x00000000800040b4 (0x41678b33) x22 0x00000000800040b4
core   0: 0x00000000800040b8 (0xd0337b53) fcvt.s.lu fs6, t1
core   0: exception trap_illegal_instruction, epc 0x00000000800040b8
core   0:           tval 0x00000000d0337b53
core   0: >>>>  $xrv64i2p1_m2p0_a2p1_f2p2_d2p2_zicsr2p0_zifencei2p0_zmmul1p0_zba1p0_zbb1p0_zbc1p0_zbs1p0
core   0: 0x0000000080004000 (0x0080006f) j       pc + 0x8
core   0: 3 0x0000000080004000 (0x0080006f)
core   0: >>>>  mmode_exception_handler
core   0: 0x0000000080004008 (0x00002c17) auipc   s8, 0x2
core   0: 3 0x0000000080004008 (0x00002c17) x24 0x0000000080006008
core   0: 0x000000008000400c (0x09ac0c13) addi    s8, s8, 154
core   0: 3 0x000000008000400c (0x09ac0c13) x24 0x00000000800060a2
core   0: 0x0000000080004010 (0x000c00e7) jalr    s8
core   0: 3 0x0000000080004010 (0x000c00e7) x1  0x0000000080004014
core   0: >>>>  any_handler
core   0: 0x00000000800060a2 (0x341027f3) csrrs   a5, mepc, zero
core   0: 3 0x00000000800060a2 (0x341027f3) x15 0x00000000800040b8
core   0: 0x00000000800060a6 (0x34202773) csrrs   a4, mcause, zero
core   0: 3 0x00000000800060a6 (0x34202773) x14 0x0000000000000002
core   0: 0x00000000800060aa (0x142026f3) csrrs   a3, scause, zero
core   0: 3 0x00000000800060aa (0x142026f3) x13 0x0000000000000000
core   0: 0x00000000800060ae (0x30402673) csrrs   a2, mie, zero
core   0: 3 0x00000000800060ae (0x30402673) x12 0x0000000000000a00
core   0: 0x00000000800060b2 (0x344025f3) csrrs   a1, mip, zero
core   0: 3 0x00000000800060b2 (0x344025f3) x11 0x0000000000000080
core   0: 0x00000000800060b6 (0x343025f3) csrrs   a1, mtval, zero
core   0: 3 0x00000000800060b6 (0x343025f3) x11 0x00000000d0337b53
core   0: 0x00000000800060ba (0x14302573) csrrs   a0, stval, zero
core   0: 3 0x00000000800060ba (0x14302573) x10 0x0000000000000000
core   0: 0x00000000800060be (0xb02024f3) csrrs   s1, minstret, zero
core   0: 3 0x00000000800060be (0xb02024f3) x9  0x0000000000000849
core   0: 0x00000000800060c2 (0x0000a811) c.j     pc + 20
core   0: 3 0x00000000800060c2 (0xa811)
core   0: >>>>  mepc_4
core   0: 0x00000000800060d6 (0x00000791) c.addi  a5, 4
core   0: 3 0x00000000800060d6 (0x0791) x15 0x00000000800040bc
core   0: 0x00000000800060d8 (0x34179073) csrrw   zero, mepc, a5
core   0: 3 0x00000000800060d8 (0x34179073) c833_mepc 0x00000000800040bc
core   0: 0x00000000800060dc (0x30200073) mret
core   0: 3 0x00000000800060dc (0x30200073) c768_mstatus 0x8000000a00106080
core   0: 0x00000000800040bc (0x1b2e7ed3) fdiv.d  ft9, ft8, fs2
core   0: exception trap_illegal_instruction, epc 0x00000000800040bc
core   0:           tval 0x000000001b2e7ed3
core   0: >>>>  $xrv64i2p1_m2p0_a2p1_f2p2_d2p2_zicsr2p0_zifencei2p0_zmmul1p0_zba1p0_zbb1p0_zbc1p0_zbs1p0
core   0: 0x0000000080004000 (0x0080006f) j       pc + 0x8
core   0: 3 0x0000000080004000 (0x0080006f)
core   0: >>>>  mmode_exception_handler
core   0: 0x0000000080004008 (0x00002c17) auipc   s8, 0x2
core   0: 3 0x0000000080004008 (0x00002c17) x24 0x0000000080006008
core   0: 0x000000008000400c (0x09ac0c13) addi    s8, s8, 154
core   0: 3 0x000000008000400c (0x09ac0c13) x24 0x00000000800060a2
core   0: 0x0000000080004010 (0x000c00e7) jalr    s8
core   0: 3 0x0000000080004010 (0x000c00e7) x1  0x0000000080004014
core   0: >>>>  any_handler
core   0: 0x00000000800060a2 (0x341027f3) csrrs   a5, mepc, zero
core   0: 3 0x00000000800060a2 (0x341027f3) x15 0x00000000800040bc
core   0: 0x00000000800060a6 (0x34202773) csrrs   a4, mcause, zero
core   0: 3 0x00000000800060a6 (0x34202773) x14 0x0000000000000002
core   0: 0x00000000800060aa (0x142026f3) csrrs   a3, scause, zero
core   0: 3 0x00000000800060aa (0x142026f3) x13 0x0000000000000000
core   0: 0x00000000800060ae (0x30402673) csrrs   a2, mie, zero
core   0: 3 0x00000000800060ae (0x30402673) x12 0x0000000000000a00
core   0: 0x00000000800060b2 (0x344025f3) csrrs   a1, mip, zero
core   0: 3 0x00000000800060b2 (0x344025f3) x11 0x0000000000000080
core   0: 0x00000000800060b6 (0x343025f3) csrrs   a1, mtval, zero
core   0: 3 0x00000000800060b6 (0x343025f3) x11 0x000000001b2e7ed3
core   0: 0x00000000800060ba (0x14302573) csrrs   a0, stval, zero
core   0: 3 0x00000000800060ba (0x14302573) x10 0x0000000000000000
core   0: 0x00000000800060be (0xb02024f3) csrrs   s1, minstret, zero
core   0: 3 0x00000000800060be (0xb02024f3) x9  0x0000000000000859
core   0: 0x00000000800060c2 (0x0000a811) c.j     pc + 20
core   0: 3 0x00000000800060c2 (0xa811)
core   0: >>>>  mepc_4
core   0: 0x00000000800060d6 (0x00000791) c.addi  a5, 4
core   0: 3 0x00000000800060d6 (0x0791) x15 0x00000000800040c0
core   0: 0x00000000800060d8 (0x34179073) csrrw   zero, mepc, a5
core   0: 3 0x00000000800060d8 (0x34179073) c833_mepc 0x00000000800040c0
core   0: 0x00000000800060dc (0x30200073) mret
core   0: 3 0x00000000800060dc (0x30200073) c768_mstatus 0x8000000a00106080
core   0: 0x00000000800040c0 (0x00fe21b3) slt     gp, t3, a5
core   0: 1 0x00000000800040c0 (0x00fe21b3) x3  0x0000000000000001
core   0: 0x00000000800040c4 (0xd2e5891b) addiw   s2, a1, -722
core   0: 1 0x00000000800040c4 (0xd2e5891b) x18 0x000000001b2e7c01
core   0: 0x00000000800040c8 (0x41f1d89b) sraiw   a7, gp, 31
core   0: 1 0x00000000800040c8 (0x41f1d89b) x17 0x0000000000000000
core   0: 0x00000000800040cc (0x23210753) fsgnj.d fa4, ft2, fs2
core   0: 1 0x00000000800040cc (0x23210753) f14 0xffffffff00000000
core   0: 0x00000000800040d0 (0x0ff0000f) fence   iorw,iorw
core   0: 1 0x00000000800040d0 (0x0ff0000f)
core   0: 0x00000000800040d4 (0x0006d19b) srliw   gp, a3, 0
core   0: 1 0x00000000800040d4 (0x0006d19b) x3  0x0000000000000000
core   0: 0x00000000800040d8 (0x41845733) sra     a4, s0, s8
core   0: 1 0x00000000800040d8 (0x41845733) x14 0x0000000000000000
core   0: 0x00000000800040dc (0x0257573b) divuw   a4, a4, t0
core   0: 1 0x00000000800040dc (0x0257573b) x14 0x0000000000000000
core   0: 0x00000000800040e0 (0x01b0501b) srliw   zero, zero, 27
core   0: 1 0x00000000800040e0 (0x01b0501b)
core   0: 0x00000000800040e4 (0x00186d93) ori     s11, a6, 1
core   0: 1 0x00000000800040e4 (0x00186d93) x27 0x0000000000000811
core   0: 0x00000000800040e8 (0x401972d3) fcvt.s.d ft5, fs2
core   0: exception trap_illegal_instruction, epc 0x00000000800040e8
core   0:           tval 0x00000000401972d3
core   0: >>>>  $xrv64i2p1_m2p0_a2p1_f2p2_d2p2_zicsr2p0_zifencei2p0_zmmul1p0_zba1p0_zbb1p0_zbc1p0_zbs1p0
core   0: 0x0000000080004000 (0x0080006f) j       pc + 0x8
core   0: 3 0x0000000080004000 (0x0080006f)
core   0: >>>>  mmode_exception_handler
core   0: 0x0000000080004008 (0x00002c17) auipc   s8, 0x2
core   0: 3 0x0000000080004008 (0x00002c17) x24 0x0000000080006008
core   0: 0x000000008000400c (0x09ac0c13) addi    s8, s8, 154
core   0: 3 0x000000008000400c (0x09ac0c13) x24 0x00000000800060a2
core   0: 0x0000000080004010 (0x000c00e7) jalr    s8
core   0: 3 0x0000000080004010 (0x000c00e7) x1  0x0000000080004014
core   0: >>>>  any_handler
core   0: 0x00000000800060a2 (0x341027f3) csrrs   a5, mepc, zero
core   0: 3 0x00000000800060a2 (0x341027f3) x15 0x00000000800040e8
core   0: 0x00000000800060a6 (0x34202773) csrrs   a4, mcause, zero
core   0: 3 0x00000000800060a6 (0x34202773) x14 0x0000000000000002
core   0: 0x00000000800060aa (0x142026f3) csrrs   a3, scause, zero
core   0: 3 0x00000000800060aa (0x142026f3) x13 0x0000000000000000
core   0: 0x00000000800060ae (0x30402673) csrrs   a2, mie, zero
core   0: 3 0x00000000800060ae (0x30402673) x12 0x0000000000000a00
core   0: 0x00000000800060b2 (0x344025f3) csrrs   a1, mip, zero
core   0: 3 0x00000000800060b2 (0x344025f3) x11 0x0000000000000080
core   0: 0x00000000800060b6 (0x343025f3) csrrs   a1, mtval, zero
core   0: 3 0x00000000800060b6 (0x343025f3) x11 0x00000000401972d3
core   0: 0x00000000800060ba (0x14302573) csrrs   a0, stval, zero
core   0: 3 0x00000000800060ba (0x14302573) x10 0x0000000000000000
core   0: 0x00000000800060be (0xb02024f3) csrrs   s1, minstret, zero
core   0: 3 0x00000000800060be (0xb02024f3) x9  0x0000000000000873
core   0: 0x00000000800060c2 (0x0000a811) c.j     pc + 20
core   0: 3 0x00000000800060c2 (0xa811)
core   0: >>>>  mepc_4
core   0: 0x00000000800060d6 (0x00000791) c.addi  a5, 4
core   0: 3 0x00000000800060d6 (0x0791) x15 0x00000000800040ec
core   0: 0x00000000800060d8 (0x34179073) csrrw   zero, mepc, a5
core   0: 3 0x00000000800060d8 (0x34179073) c833_mepc 0x00000000800040ec
core   0: 0x00000000800060dc (0x30200073) mret
core   0: 3 0x00000000800060dc (0x30200073) c768_mstatus 0x8000000a00106080
core   0: 0x00000000800040ec (0x4010511b) sraiw   sp, zero, 1
core   0: 1 0x00000000800040ec (0x4010511b) x2  0x0000000000000000
core   0: 0x00000000800040f0 (0xd2180f53) fcvt.d.wu ft10, a6
core   0: 1 0x00000000800040f0 (0xd2180f53) f30 0x40a0200000000000
core   0: 0x00000000800040f4 (0x126a7a4f) fnmadd.d fs4, fs4, ft6, ft2
core   0: exception trap_illegal_instruction, epc 0x00000000800040f4
core   0:           tval 0x00000000126a7a4f
core   0: >>>>  $xrv64i2p1_m2p0_a2p1_f2p2_d2p2_zicsr2p0_zifencei2p0_zmmul1p0_zba1p0_zbb1p0_zbc1p0_zbs1p0
core   0: 0x0000000080004000 (0x0080006f) j       pc + 0x8
core   0: 3 0x0000000080004000 (0x0080006f)
core   0: >>>>  mmode_exception_handler
core   0: 0x0000000080004008 (0x00002c17) auipc   s8, 0x2
core   0: 3 0x0000000080004008 (0x00002c17) x24 0x0000000080006008
core   0: 0x000000008000400c (0x09ac0c13) addi    s8, s8, 154
core   0: 3 0x000000008000400c (0x09ac0c13) x24 0x00000000800060a2
core   0: 0x0000000080004010 (0x000c00e7) jalr    s8
core   0: 3 0x0000000080004010 (0x000c00e7) x1  0x0000000080004014
core   0: >>>>  any_handler
core   0: 0x00000000800060a2 (0x341027f3) csrrs   a5, mepc, zero
core   0: 3 0x00000000800060a2 (0x341027f3) x15 0x00000000800040f4
core   0: 0x00000000800060a6 (0x34202773) csrrs   a4, mcause, zero
core   0: 3 0x00000000800060a6 (0x34202773) x14 0x0000000000000002
core   0: 0x00000000800060aa (0x142026f3) csrrs   a3, scause, zero
core   0: 3 0x00000000800060aa (0x142026f3) x13 0x0000000000000000
core   0: 0x00000000800060ae (0x30402673) csrrs   a2, mie, zero
core   0: 3 0x00000000800060ae (0x30402673) x12 0x0000000000000a00
core   0: 0x00000000800060b2 (0x344025f3) csrrs   a1, mip, zero
core   0: 3 0x00000000800060b2 (0x344025f3) x11 0x0000000000000080
core   0: 0x00000000800060b6 (0x343025f3) csrrs   a1, mtval, zero
core   0: 3 0x00000000800060b6 (0x343025f3) x11 0x00000000126a7a4f
core   0: 0x00000000800060ba (0x14302573) csrrs   a0, stval, zero
core   0: 3 0x00000000800060ba (0x14302573) x10 0x0000000000000000
core   0: 0x00000000800060be (0xb02024f3) csrrs   s1, minstret, zero
core   0: 3 0x00000000800060be (0xb02024f3) x9  0x0000000000000885
core   0: 0x00000000800060c2 (0x0000a811) c.j     pc + 20
core   0: 3 0x00000000800060c2 (0xa811)
core   0: >>>>  mepc_4
core   0: 0x00000000800060d6 (0x00000791) c.addi  a5, 4
core   0: 3 0x00000000800060d6 (0x0791) x15 0x00000000800040f8
core   0: 0x00000000800060d8 (0x34179073) csrrw   zero, mepc, a5
core   0: 3 0x00000000800060d8 (0x34179073) c833_mepc 0x00000000800040f8
core   0: 0x00000000800060dc (0x30200073) mret
core   0: 3 0x00000000800060dc (0x30200073) c768_mstatus 0x8000000a00106080
core   0: 0x00000000800040f8 (0xc03a7253) fcvt.lu.s tp, fs4
core   0: exception trap_illegal_instruction, epc 0x00000000800040f8
core   0:           tval 0x00000000c03a7253
core   0: >>>>  $xrv64i2p1_m2p0_a2p1_f2p2_d2p2_zicsr2p0_zifencei2p0_zmmul1p0_zba1p0_zbb1p0_zbc1p0_zbs1p0
core   0: 0x0000000080004000 (0x0080006f) j       pc + 0x8
core   0: 3 0x0000000080004000 (0x0080006f)
core   0: >>>>  mmode_exception_handler
core   0: 0x0000000080004008 (0x00002c17) auipc   s8, 0x2
core   0: 3 0x0000000080004008 (0x00002c17) x24 0x0000000080006008
core   0: 0x000000008000400c (0x09ac0c13) addi    s8, s8, 154
core   0: 3 0x000000008000400c (0x09ac0c13) x24 0x00000000800060a2
core   0: 0x0000000080004010 (0x000c00e7) jalr    s8
core   0: 3 0x0000000080004010 (0x000c00e7) x1  0x0000000080004014
core   0: >>>>  any_handler
core   0: 0x00000000800060a2 (0x341027f3) csrrs   a5, mepc, zero
core   0: 3 0x00000000800060a2 (0x341027f3) x15 0x00000000800040f8
core   0: 0x00000000800060a6 (0x34202773) csrrs   a4, mcause, zero
core   0: 3 0x00000000800060a6 (0x34202773) x14 0x0000000000000002
core   0: 0x00000000800060aa (0x142026f3) csrrs   a3, scause, zero
core   0: 3 0x00000000800060aa (0x142026f3) x13 0x0000000000000000
core   0: 0x00000000800060ae (0x30402673) csrrs   a2, mie, zero
core   0: 3 0x00000000800060ae (0x30402673) x12 0x0000000000000a00
core   0: 0x00000000800060b2 (0x344025f3) csrrs   a1, mip, zero
core   0: 3 0x00000000800060b2 (0x344025f3) x11 0x0000000000000080
core   0: 0x00000000800060b6 (0x343025f3) csrrs   a1, mtval, zero
core   0: 3 0x00000000800060b6 (0x343025f3) x11 0x00000000c03a7253
core   0: 0x00000000800060ba (0x14302573) csrrs   a0, stval, zero
core   0: 3 0x00000000800060ba (0x14302573) x10 0x0000000000000000
core   0: 0x00000000800060be (0xb02024f3) csrrs   s1, minstret, zero
core   0: 3 0x00000000800060be (0xb02024f3) x9  0x0000000000000895
core   0: 0x00000000800060c2 (0x0000a811) c.j     pc + 20
core   0: 3 0x00000000800060c2 (0xa811)
core   0: >>>>  mepc_4
core   0: 0x00000000800060d6 (0x00000791) c.addi  a5, 4
core   0: 3 0x00000000800060d6 (0x0791) x15 0x00000000800040fc
core   0: 0x00000000800060d8 (0x34179073) csrrw   zero, mepc, a5
core   0: 3 0x00000000800060d8 (0x34179073) c833_mepc 0x00000000800040fc
core   0: 0x00000000800060dc (0x30200073) mret
core   0: 3 0x00000000800060dc (0x30200073) c768_mstatus 0x8000000a00106080
core   0: 0x00000000800040fc (0xf85ed7b7) lui     a5, 0xf85ed
core   0: 1 0x00000000800040fc (0xf85ed7b7) x15 0xfffffffff85ed000
core   0: 0x0000000080004100 (0xf837879b) addiw   a5, a5, -125
core   0: 1 0x0000000080004100 (0xf837879b) x15 0xfffffffff85ecf83
core   0: 0x0000000080004104 (0x000007b2) c.slli  a5, 12
core   0: 1 0x0000000080004104 (0x07b2) x15 0xffffff85ecf83000
core   0: 0x0000000080004106 (0xdd578793) addi    a5, a5, -555
core   0: 1 0x0000000080004106 (0xdd578793) x15 0xffffff85ecf82dd5
core   0: 0x000000008000410a (0x02d682bb) mulw    t0, a3, a3
core   0: 1 0x000000008000410a (0x02d682bb) x5  0x0000000000000000
core   0: 0x000000008000410e (0xf2068bd3) fmv.d.x fs7, a3
core   0: 1 0x000000008000410e (0xf2068bd3) f23 0x0000000000000000
core   0: 0x0000000080004112 (0xd2237cd3) fcvt.d.l fs9, t1
core   0: exception trap_illegal_instruction, epc 0x0000000080004112
core   0:           tval 0x00000000d2237cd3
core   0: >>>>  $xrv64i2p1_m2p0_a2p1_f2p2_d2p2_zicsr2p0_zifencei2p0_zmmul1p0_zba1p0_zbb1p0_zbc1p0_zbs1p0
core   0: 0x0000000080004000 (0x0080006f) j       pc + 0x8
core   0: 3 0x0000000080004000 (0x0080006f)
core   0: >>>>  mmode_exception_handler
core   0: 0x0000000080004008 (0x00002c17) auipc   s8, 0x2
core   0: 3 0x0000000080004008 (0x00002c17) x24 0x0000000080006008
core   0: 0x000000008000400c (0x09ac0c13) addi    s8, s8, 154
core   0: 3 0x000000008000400c (0x09ac0c13) x24 0x00000000800060a2
core   0: 0x0000000080004010 (0x000c00e7) jalr    s8
core   0: 3 0x0000000080004010 (0x000c00e7) x1  0x0000000080004014
core   0: >>>>  any_handler
core   0: 0x00000000800060a2 (0x341027f3) csrrs   a5, mepc, zero
core   0: 3 0x00000000800060a2 (0x341027f3) x15 0x0000000080004112
core   0: 0x00000000800060a6 (0x34202773) csrrs   a4, mcause, zero
core   0: 3 0x00000000800060a6 (0x34202773) x14 0x0000000000000002
core   0: 0x00000000800060aa (0x142026f3) csrrs   a3, scause, zero
core   0: 3 0x00000000800060aa (0x142026f3) x13 0x0000000000000000
core   0: 0x00000000800060ae (0x30402673) csrrs   a2, mie, zero
core   0: 3 0x00000000800060ae (0x30402673) x12 0x0000000000000a00
core   0: 0x00000000800060b2 (0x344025f3) csrrs   a1, mip, zero
core   0: 3 0x00000000800060b2 (0x344025f3) x11 0x0000000000000080
core   0: 0x00000000800060b6 (0x343025f3) csrrs   a1, mtval, zero
core   0: 3 0x00000000800060b6 (0x343025f3) x11 0x00000000d2237cd3
core   0: 0x00000000800060ba (0x14302573) csrrs   a0, stval, zero
core   0: 3 0x00000000800060ba (0x14302573) x10 0x0000000000000000
core   0: 0x00000000800060be (0xb02024f3) csrrs   s1, minstret, zero
core   0: 3 0x00000000800060be (0xb02024f3) x9  0x00000000000008ab
core   0: 0x00000000800060c2 (0x0000a811) c.j     pc + 20
core   0: 3 0x00000000800060c2 (0xa811)
core   0: >>>>  mepc_4
core   0: 0x00000000800060d6 (0x00000791) c.addi  a5, 4
core   0: 3 0x00000000800060d6 (0x0791) x15 0x0000000080004116
core   0: 0x00000000800060d8 (0x34179073) csrrw   zero, mepc, a5
core   0: 3 0x00000000800060d8 (0x34179073) c833_mepc 0x0000000080004116
core   0: 0x00000000800060dc (0x30200073) mret
core   0: 3 0x00000000800060dc (0x30200073) c768_mstatus 0x8000000a00106080
core   0: 0x0000000080004116 (0x00000001) c.nop
core   0: 1 0x0000000080004116 (0x0001)
core   0: 0x0000000080004118 (0x02d80bbb) mulw    s7, a6, a3
core   0: 1 0x0000000080004118 (0x02d80bbb) x23 0x0000000000000000
core   0: 0x000000008000411c (0xc20df4d3) fcvt.w.d s1, fs11
core   0: exception trap_illegal_instruction, epc 0x000000008000411c
core   0:           tval 0x00000000c20df4d3
core   0: >>>>  $xrv64i2p1_m2p0_a2p1_f2p2_d2p2_zicsr2p0_zifencei2p0_zmmul1p0_zba1p0_zbb1p0_zbc1p0_zbs1p0
core   0: 0x0000000080004000 (0x0080006f) j       pc + 0x8
core   0: 3 0x0000000080004000 (0x0080006f)
core   0: >>>>  mmode_exception_handler
core   0: 0x0000000080004008 (0x00002c17) auipc   s8, 0x2
core   0: 3 0x0000000080004008 (0x00002c17) x24 0x0000000080006008
core   0: 0x000000008000400c (0x09ac0c13) addi    s8, s8, 154
core   0: 3 0x000000008000400c (0x09ac0c13) x24 0x00000000800060a2
core   0: 0x0000000080004010 (0x000c00e7) jalr    s8
core   0: 3 0x0000000080004010 (0x000c00e7) x1  0x0000000080004014
core   0: >>>>  any_handler
core   0: 0x00000000800060a2 (0x341027f3) csrrs   a5, mepc, zero
core   0: 3 0x00000000800060a2 (0x341027f3) x15 0x000000008000411c
core   0: 0x00000000800060a6 (0x34202773) csrrs   a4, mcause, zero
core   0: 3 0x00000000800060a6 (0x34202773) x14 0x0000000000000002
core   0: 0x00000000800060aa (0x142026f3) csrrs   a3, scause, zero
core   0: 3 0x00000000800060aa (0x142026f3) x13 0x0000000000000000
core   0: 0x00000000800060ae (0x30402673) csrrs   a2, mie, zero
core   0: 3 0x00000000800060ae (0x30402673) x12 0x0000000000000a00
core   0: 0x00000000800060b2 (0x344025f3) csrrs   a1, mip, zero
core   0: 3 0x00000000800060b2 (0x344025f3) x11 0x0000000000000080
core   0: 0x00000000800060b6 (0x343025f3) csrrs   a1, mtval, zero
core   0: 3 0x00000000800060b6 (0x343025f3) x11 0x00000000c20df4d3
core   0: 0x00000000800060ba (0x14302573) csrrs   a0, stval, zero
core   0: 3 0x00000000800060ba (0x14302573) x10 0x0000000000000000
core   0: 0x00000000800060be (0xb02024f3) csrrs   s1, minstret, zero
core   0: 3 0x00000000800060be (0xb02024f3) x9  0x00000000000008bd
core   0: 0x00000000800060c2 (0x0000a811) c.j     pc + 20
core   0: 3 0x00000000800060c2 (0xa811)
core   0: >>>>  mepc_4
core   0: 0x00000000800060d6 (0x00000791) c.addi  a5, 4
core   0: 3 0x00000000800060d6 (0x0791) x15 0x0000000080004120
core   0: 0x00000000800060d8 (0x34179073) csrrw   zero, mepc, a5
core   0: 3 0x00000000800060d8 (0x34179073) c833_mepc 0x0000000080004120
core   0: 0x00000000800060dc (0x30200073) mret
core   0: 3 0x00000000800060dc (0x30200073) c768_mstatus 0x8000000a00106080
core   0: 0x0000000080004120 (0xc23cf3d3) fcvt.lu.d t2, fs9
core   0: exception trap_illegal_instruction, epc 0x0000000080004120
core   0:           tval 0x00000000c23cf3d3
core   0: >>>>  $xrv64i2p1_m2p0_a2p1_f2p2_d2p2_zicsr2p0_zifencei2p0_zmmul1p0_zba1p0_zbb1p0_zbc1p0_zbs1p0
core   0: 0x0000000080004000 (0x0080006f) j       pc + 0x8
core   0: 3 0x0000000080004000 (0x0080006f)
core   0: >>>>  mmode_exception_handler
core   0: 0x0000000080004008 (0x00002c17) auipc   s8, 0x2
core   0: 3 0x0000000080004008 (0x00002c17) x24 0x0000000080006008
core   0: 0x000000008000400c (0x09ac0c13) addi    s8, s8, 154
core   0: 3 0x000000008000400c (0x09ac0c13) x24 0x00000000800060a2
core   0: 0x0000000080004010 (0x000c00e7) jalr    s8
core   0: 3 0x0000000080004010 (0x000c00e7) x1  0x0000000080004014
core   0: >>>>  any_handler
core   0: 0x00000000800060a2 (0x341027f3) csrrs   a5, mepc, zero
core   0: 3 0x00000000800060a2 (0x341027f3) x15 0x0000000080004120
core   0: 0x00000000800060a6 (0x34202773) csrrs   a4, mcause, zero
core   0: 3 0x00000000800060a6 (0x34202773) x14 0x0000000000000002
core   0: 0x00000000800060aa (0x142026f3) csrrs   a3, scause, zero
core   0: 3 0x00000000800060aa (0x142026f3) x13 0x0000000000000000
core   0: 0x00000000800060ae (0x30402673) csrrs   a2, mie, zero
core   0: 3 0x00000000800060ae (0x30402673) x12 0x0000000000000a00
core   0: 0x00000000800060b2 (0x344025f3) csrrs   a1, mip, zero
core   0: 3 0x00000000800060b2 (0x344025f3) x11 0x0000000000000080
core   0: 0x00000000800060b6 (0x343025f3) csrrs   a1, mtval, zero
core   0: 3 0x00000000800060b6 (0x343025f3) x11 0x00000000c23cf3d3
core   0: 0x00000000800060ba (0x14302573) csrrs   a0, stval, zero
core   0: 3 0x00000000800060ba (0x14302573) x10 0x0000000000000000
core   0: 0x00000000800060be (0xb02024f3) csrrs   s1, minstret, zero
core   0: 3 0x00000000800060be (0xb02024f3) x9  0x00000000000008cd
core   0: 0x00000000800060c2 (0x0000a811) c.j     pc + 20
core   0: 3 0x00000000800060c2 (0xa811)
core   0: >>>>  mepc_4
core   0: 0x00000000800060d6 (0x00000791) c.addi  a5, 4
core   0: 3 0x00000000800060d6 (0x0791) x15 0x0000000080004124
core   0: 0x00000000800060d8 (0x34179073) csrrw   zero, mepc, a5
core   0: 3 0x00000000800060d8 (0x34179073) c833_mepc 0x0000000080004124
core   0: 0x00000000800060dc (0x30200073) mret
core   0: 3 0x00000000800060dc (0x30200073) c768_mstatus 0x8000000a00106080
core   0: 0x0000000080004124 (0x00008f25) c.xor   a4, s1
core   0: 1 0x0000000080004124 (0x8f25) x14 0x00000000000008cf
core   0: 0x0000000080004126 (0x23fe8fd3) fsgnj.d ft11, ft9, ft11
core   0: 1 0x0000000080004126 (0x23fe8fd3) f31 0xffffffff00000000
core   0: 0x000000008000412a (0x000c9b13) slli    s6, s9, 0
core   0: 1 0x000000008000412a (0x000c9b13) x22 0x0000000000000000
core   0: 0x000000008000412e (0x12e67a53) fmul.d  fs4, fa2, fa4
core   0: exception trap_illegal_instruction, epc 0x000000008000412e
core   0:           tval 0x0000000012e67a53
core   0: >>>>  $xrv64i2p1_m2p0_a2p1_f2p2_d2p2_zicsr2p0_zifencei2p0_zmmul1p0_zba1p0_zbb1p0_zbc1p0_zbs1p0
core   0: 0x0000000080004000 (0x0080006f) j       pc + 0x8
core   0: 3 0x0000000080004000 (0x0080006f)
core   0: >>>>  mmode_exception_handler
core   0: 0x0000000080004008 (0x00002c17) auipc   s8, 0x2
core   0: 3 0x0000000080004008 (0x00002c17) x24 0x0000000080006008
core   0: 0x000000008000400c (0x09ac0c13) addi    s8, s8, 154
core   0: 3 0x000000008000400c (0x09ac0c13) x24 0x00000000800060a2
core   0: 0x0000000080004010 (0x000c00e7) jalr    s8
core   0: 3 0x0000000080004010 (0x000c00e7) x1  0x0000000080004014
core   0: >>>>  any_handler
core   0: 0x00000000800060a2 (0x341027f3) csrrs   a5, mepc, zero
core   0: 3 0x00000000800060a2 (0x341027f3) x15 0x000000008000412e
core   0: 0x00000000800060a6 (0x34202773) csrrs   a4, mcause, zero
core   0: 3 0x00000000800060a6 (0x34202773) x14 0x0000000000000002
core   0: 0x00000000800060aa (0x142026f3) csrrs   a3, scause, zero
core   0: 3 0x00000000800060aa (0x142026f3) x13 0x0000000000000000
core   0: 0x00000000800060ae (0x30402673) csrrs   a2, mie, zero
core   0: 3 0x00000000800060ae (0x30402673) x12 0x0000000000000a00
core   0: 0x00000000800060b2 (0x344025f3) csrrs   a1, mip, zero
core   0: 3 0x00000000800060b2 (0x344025f3) x11 0x0000000000000080
core   0: 0x00000000800060b6 (0x343025f3) csrrs   a1, mtval, zero
core   0: 3 0x00000000800060b6 (0x343025f3) x11 0x0000000012e67a53
core   0: 0x00000000800060ba (0x14302573) csrrs   a0, stval, zero
core   0: 3 0x00000000800060ba (0x14302573) x10 0x0000000000000000
core   0: 0x00000000800060be (0xb02024f3) csrrs   s1, minstret, zero
core   0: 3 0x00000000800060be (0xb02024f3) x9  0x00000000000008e0
core   0: 0x00000000800060c2 (0x0000a811) c.j     pc + 20
core   0: 3 0x00000000800060c2 (0xa811)
core   0: >>>>  mepc_4
core   0: 0x00000000800060d6 (0x00000791) c.addi  a5, 4
core   0: 3 0x00000000800060d6 (0x0791) x15 0x0000000080004132
core   0: 0x00000000800060d8 (0x34179073) csrrw   zero, mepc, a5
core   0: 3 0x00000000800060d8 (0x34179073) c833_mepc 0x0000000080004132
core   0: 0x00000000800060dc (0x30200073) mret
core   0: 3 0x00000000800060dc (0x30200073) c768_mstatus 0x8000000a00106080
core   0: 0x0000000080004132 (0x01c25833) srl     a6, tp, t3
core   0: 1 0x0000000080004132 (0x01c25833) x16 0x0000000080012040
core   0: 0x0000000080004136 (0xbb740213) addi    tp, s0, -1097
core   0: 1 0x0000000080004136 (0xbb740213) x4  0x0000000080031bf7
core   0: 0x000000008000413a (0x410d0d33) sub     s10, s10, a6
core   0: 1 0x000000008000413a (0x410d0d33) x26 0xffffffff7ffedfd0
core   0: 0x000000008000413e (0xba0afc43) fmadd.d fs8, fs5, ft0, fs7
core   0: exception trap_illegal_instruction, epc 0x000000008000413e
core   0:           tval 0x00000000ba0afc43
core   0: >>>>  $xrv64i2p1_m2p0_a2p1_f2p2_d2p2_zicsr2p0_zifencei2p0_zmmul1p0_zba1p0_zbb1p0_zbc1p0_zbs1p0
core   0: 0x0000000080004000 (0x0080006f) j       pc + 0x8
core   0: 3 0x0000000080004000 (0x0080006f)
core   0: >>>>  mmode_exception_handler
core   0: 0x0000000080004008 (0x00002c17) auipc   s8, 0x2
core   0: 3 0x0000000080004008 (0x00002c17) x24 0x0000000080006008
core   0: 0x000000008000400c (0x09ac0c13) addi    s8, s8, 154
core   0: 3 0x000000008000400c (0x09ac0c13) x24 0x00000000800060a2
core   0: 0x0000000080004010 (0x000c00e7) jalr    s8
core   0: 3 0x0000000080004010 (0x000c00e7) x1  0x0000000080004014
core   0: >>>>  any_handler
core   0: 0x00000000800060a2 (0x341027f3) csrrs   a5, mepc, zero
core   0: 3 0x00000000800060a2 (0x341027f3) x15 0x000000008000413e
core   0: 0x00000000800060a6 (0x34202773) csrrs   a4, mcause, zero
core   0: 3 0x00000000800060a6 (0x34202773) x14 0x0000000000000002
core   0: 0x00000000800060aa (0x142026f3) csrrs   a3, scause, zero
core   0: 3 0x00000000800060aa (0x142026f3) x13 0x0000000000000000
core   0: 0x00000000800060ae (0x30402673) csrrs   a2, mie, zero
core   0: 3 0x00000000800060ae (0x30402673) x12 0x0000000000000a00
core   0: 0x00000000800060b2 (0x344025f3) csrrs   a1, mip, zero
core   0: 3 0x00000000800060b2 (0x344025f3) x11 0x0000000000000080
core   0: 0x00000000800060b6 (0x343025f3) csrrs   a1, mtval, zero
core   0: 3 0x00000000800060b6 (0x343025f3) x11 0x00000000ba0afc43
core   0: 0x00000000800060ba (0x14302573) csrrs   a0, stval, zero
core   0: 3 0x00000000800060ba (0x14302573) x10 0x0000000000000000
core   0: 0x00000000800060be (0xb02024f3) csrrs   s1, minstret, zero
core   0: 3 0x00000000800060be (0xb02024f3) x9  0x00000000000008f3
core   0: 0x00000000800060c2 (0x0000a811) c.j     pc + 20
core   0: 3 0x00000000800060c2 (0xa811)
core   0: >>>>  mepc_4
core   0: 0x00000000800060d6 (0x00000791) c.addi  a5, 4
core   0: 3 0x00000000800060d6 (0x0791) x15 0x0000000080004142
core   0: 0x00000000800060d8 (0x34179073) csrrw   zero, mepc, a5
core   0: 3 0x00000000800060d8 (0x34179073) c833_mepc 0x0000000080004142
core   0: 0x00000000800060dc (0x30200073) mret
core   0: 3 0x00000000800060dc (0x30200073) c768_mstatus 0x8000000a00106080
core   0: 0x0000000080004142 (0x2bf792d3) fmax.d  ft5, fa5, ft11
core   0: 1 0x0000000080004142 (0x2bf792d3) f5  0x7ff8000000000000
core   0: 0x0000000080004146 (0x002d1973) csrrw   s2, frm, s10
core   0: 1 0x0000000080004146 (0x002d1973) x18 0x0000000000000006 c2_frm 0x0000000000000000
core   0: 0x000000008000414a (0x02632b33) mulhsu  s6, t1, t1
core   0: 1 0x000000008000414a (0x02632b33) x22 0x0000000000000000
core   0: 0x000000008000414e (0xf114fe73) csrrci  t3, mvendorid, 9
core   0: exception trap_illegal_instruction, epc 0x000000008000414e
core   0:           tval 0x00000000f114fe73
core   0: >>>>  $xrv64i2p1_m2p0_a2p1_f2p2_d2p2_zicsr2p0_zifencei2p0_zmmul1p0_zba1p0_zbb1p0_zbc1p0_zbs1p0
core   0: 0x0000000080004000 (0x0080006f) j       pc + 0x8
core   0: 3 0x0000000080004000 (0x0080006f)
core   0: >>>>  mmode_exception_handler
core   0: 0x0000000080004008 (0x00002c17) auipc   s8, 0x2
core   0: 3 0x0000000080004008 (0x00002c17) x24 0x0000000080006008
core   0: 0x000000008000400c (0x09ac0c13) addi    s8, s8, 154
core   0: 3 0x000000008000400c (0x09ac0c13) x24 0x00000000800060a2
core   0: 0x0000000080004010 (0x000c00e7) jalr    s8
core   0: 3 0x0000000080004010 (0x000c00e7) x1  0x0000000080004014
core   0: >>>>  any_handler
core   0: 0x00000000800060a2 (0x341027f3) csrrs   a5, mepc, zero
core   0: 3 0x00000000800060a2 (0x341027f3) x15 0x000000008000414e
core   0: 0x00000000800060a6 (0x34202773) csrrs   a4, mcause, zero
core   0: 3 0x00000000800060a6 (0x34202773) x14 0x0000000000000002
core   0: 0x00000000800060aa (0x142026f3) csrrs   a3, scause, zero
core   0: 3 0x00000000800060aa (0x142026f3) x13 0x0000000000000000
core   0: 0x00000000800060ae (0x30402673) csrrs   a2, mie, zero
core   0: 3 0x00000000800060ae (0x30402673) x12 0x0000000000000a00
core   0: 0x00000000800060b2 (0x344025f3) csrrs   a1, mip, zero
core   0: 3 0x00000000800060b2 (0x344025f3) x11 0x0000000000000080
core   0: 0x00000000800060b6 (0x343025f3) csrrs   a1, mtval, zero
core   0: 3 0x00000000800060b6 (0x343025f3) x11 0x00000000f114fe73
core   0: 0x00000000800060ba (0x14302573) csrrs   a0, stval, zero
core   0: 3 0x00000000800060ba (0x14302573) x10 0x0000000000000000
core   0: 0x00000000800060be (0xb02024f3) csrrs   s1, minstret, zero
core   0: 3 0x00000000800060be (0xb02024f3) x9  0x0000000000000906
core   0: 0x00000000800060c2 (0x0000a811) c.j     pc + 20
core   0: 3 0x00000000800060c2 (0xa811)
core   0: >>>>  mepc_4
core   0: 0x00000000800060d6 (0x00000791) c.addi  a5, 4
core   0: 3 0x00000000800060d6 (0x0791) x15 0x0000000080004152
core   0: 0x00000000800060d8 (0x34179073) csrrw   zero, mepc, a5
core   0: 3 0x00000000800060d8 (0x34179073) c833_mepc 0x0000000080004152
core   0: 0x00000000800060dc (0x30200073) mret
core   0: 3 0x00000000800060dc (0x30200073) c768_mstatus 0x8000000a00106080
core   0: 0x0000000080004152 (0x402683bb) subw    t2, a3, sp
core   0: 1 0x0000000080004152 (0x402683bb) x7  0x0000000000000000
core   0: 0x0000000080004156 (0x00510dbb) addw    s11, sp, t0
core   0: 1 0x0000000080004156 (0x00510dbb) x27 0x0000000000000000
core   0: 0x000000008000415a (0x4369db13) srai    s6, s3, 54
core   0: 1 0x000000008000415a (0x4369db13) x22 0x0000000000000000
core   0: 0x000000008000415e (0x2af6f44f) fnmadd.d fs0, fa3, fa5, ft5
core   0: 1 0x000000008000415e (0x2af6f44f) f8  0x7ff8000000000000
core   0: 0x0000000080004162 (0x2bd6f4cb) fnmsub.d fs1, fa3, ft9, ft5
core   0: 1 0x0000000080004162 (0x2bd6f4cb) f9  0x7ff8000000000000
core   0: 0x0000000080004166 (0x0163fc33) and     s8, t2, s6
core   0: 1 0x0000000080004166 (0x0163fc33) x24 0x0000000000000000
core   0: 0x000000008000416a (0x001e10f3) csrrw   ra, fflags, t3
core   0: 1 0x000000008000416a (0x001e10f3) x1  0x0000000000000000 c1_fflags 0x0000000000000000
core   0: 0x000000008000416e (0x892b4093) xori    ra, s6, -1902
core   0: 1 0x000000008000416e (0x892b4093) x1  0xfffffffffffff892
core   0: 0x0000000080004172 (0xa28a0c53) fle.d   s8, fs4, fs0
core   0: 1 0x0000000080004172 (0xa28a0c53) c1_fflags 0x0000000000000010 x24 0x0000000000000000
core   0: 0x0000000080004176 (0x340b3e73) csrrc   t3, mscratch, s6
core   0: exception trap_illegal_instruction, epc 0x0000000080004176
core   0:           tval 0x00000000340b3e73
core   0: >>>>  $xrv64i2p1_m2p0_a2p1_f2p2_d2p2_zicsr2p0_zifencei2p0_zmmul1p0_zba1p0_zbb1p0_zbc1p0_zbs1p0
core   0: 0x0000000080004000 (0x0080006f) j       pc + 0x8
core   0: 3 0x0000000080004000 (0x0080006f)
core   0: >>>>  mmode_exception_handler
core   0: 0x0000000080004008 (0x00002c17) auipc   s8, 0x2
core   0: 3 0x0000000080004008 (0x00002c17) x24 0x0000000080006008
core   0: 0x000000008000400c (0x09ac0c13) addi    s8, s8, 154
core   0: 3 0x000000008000400c (0x09ac0c13) x24 0x00000000800060a2
core   0: 0x0000000080004010 (0x000c00e7) jalr    s8
core   0: 3 0x0000000080004010 (0x000c00e7) x1  0x0000000080004014
core   0: >>>>  any_handler
core   0: 0x00000000800060a2 (0x341027f3) csrrs   a5, mepc, zero
core   0: 3 0x00000000800060a2 (0x341027f3) x15 0x0000000080004176
core   0: 0x00000000800060a6 (0x34202773) csrrs   a4, mcause, zero
core   0: 3 0x00000000800060a6 (0x34202773) x14 0x0000000000000002
core   0: 0x00000000800060aa (0x142026f3) csrrs   a3, scause, zero
core   0: 3 0x00000000800060aa (0x142026f3) x13 0x0000000000000000
core   0: 0x00000000800060ae (0x30402673) csrrs   a2, mie, zero
core   0: 3 0x00000000800060ae (0x30402673) x12 0x0000000000000a00
core   0: 0x00000000800060b2 (0x344025f3) csrrs   a1, mip, zero
core   0: 3 0x00000000800060b2 (0x344025f3) x11 0x0000000000000080
core   0: 0x00000000800060b6 (0x343025f3) csrrs   a1, mtval, zero
core   0: 3 0x00000000800060b6 (0x343025f3) x11 0x00000000340b3e73
core   0: 0x00000000800060ba (0x14302573) csrrs   a0, stval, zero
core   0: 3 0x00000000800060ba (0x14302573) x10 0x0000000000000000
core   0: 0x00000000800060be (0xb02024f3) csrrs   s1, minstret, zero
core   0: 3 0x00000000800060be (0xb02024f3) x9  0x000000000000091f
core   0: 0x00000000800060c2 (0x0000a811) c.j     pc + 20
core   0: 3 0x00000000800060c2 (0xa811)
core   0: >>>>  mepc_4
core   0: 0x00000000800060d6 (0x00000791) c.addi  a5, 4
core   0: 3 0x00000000800060d6 (0x0791) x15 0x000000008000417a
core   0: 0x00000000800060d8 (0x34179073) csrrw   zero, mepc, a5
core   0: 3 0x00000000800060d8 (0x34179073) c833_mepc 0x000000008000417a
core   0: 0x00000000800060dc (0x30200073) mret
core   0: 3 0x00000000800060dc (0x30200073) c768_mstatus 0x8000000a00106080
core   0: 0x000000008000417a (0x002d96f3) csrrw   a3, frm, s11
core   0: 1 0x000000008000417a (0x002d96f3) x13 0x0000000000000000 c2_frm 0x0000000000000000
core   0: 0x000000008000417e (0xd2018c53) fcvt.d.w fs8, gp
core   0: 1 0x000000008000417e (0xd2018c53) f24 0x0000000000000000
core   0: 0x0000000080004182 (0x0ff0000f) fence   iorw,iorw
core   0: 1 0x0000000080004182 (0x0ff0000f)
core   0: 0x0000000080004186 (0x226d9dd3) fsgnjn.d fs11, fs11, ft6
core   0: 1 0x0000000080004186 (0x226d9dd3) f27 0x7fffffff00000000
core   0: 0x000000008000418a (0x00009cb5) c.addw  s1, a3
core   0: 1 0x000000008000418a (0x9cb5) x9  0x000000000000091f
core   0: 0x000000008000418c (0x03d5033b) mulw    t1, a0, t4
core   0: 1 0x000000008000418c (0x03d5033b) x6  0x0000000000000000
core   0: 0x0000000080004190 (0xd027f553) fcvt.s.l fa0, a5
core   0: 1 0x0000000080004190 (0xd027f553) c1_fflags 0x0000000000000011 f10 0xffffffff4f000041
core   0: 0x0000000080004194 (0x4001db93) srai    s7, gp, 0
core   0: 1 0x0000000080004194 (0x4001db93) x23 0x0000000000000000
core   0: 0x0000000080004198 (0x002026f3) csrrs   a3, frm, zero
core   0: 1 0x0000000080004198 (0x002026f3) x13 0x0000000000000000
core   0: 0x000000008000419c (0x00102673) csrrs   a2, fflags, zero
core   0: 1 0x000000008000419c (0x00102673) x12 0x0000000000000011
core   0: 0x00000000800041a0 (0x00000001) c.nop
core   0: 1 0x00000000800041a0 (0x0001)
core   0: 0x00000000800041a2 (0x00102373) csrrs   t1, fflags, zero
core   0: 1 0x00000000800041a2 (0x00102373) x6  0x0000000000000011
core   0: 0x00000000800041a6 (0x340fe673) csrrsi  a2, mscratch, 31
core   0: exception trap_illegal_instruction, epc 0x00000000800041a6
core   0:           tval 0x00000000340fe673
core   0: >>>>  $xrv64i2p1_m2p0_a2p1_f2p2_d2p2_zicsr2p0_zifencei2p0_zmmul1p0_zba1p0_zbb1p0_zbc1p0_zbs1p0
core   0: 0x0000000080004000 (0x0080006f) j       pc + 0x8
core   0: 3 0x0000000080004000 (0x0080006f)
core   0: >>>>  mmode_exception_handler
core   0: 0x0000000080004008 (0x00002c17) auipc   s8, 0x2
core   0: 3 0x0000000080004008 (0x00002c17) x24 0x0000000080006008
core   0: 0x000000008000400c (0x09ac0c13) addi    s8, s8, 154
core   0: 3 0x000000008000400c (0x09ac0c13) x24 0x00000000800060a2
core   0: 0x0000000080004010 (0x000c00e7) jalr    s8
core   0: 3 0x0000000080004010 (0x000c00e7) x1  0x0000000080004014
core   0: >>>>  any_handler
core   0: 0x00000000800060a2 (0x341027f3) csrrs   a5, mepc, zero
core   0: 3 0x00000000800060a2 (0x341027f3) x15 0x00000000800041a6
core   0: 0x00000000800060a6 (0x34202773) csrrs   a4, mcause, zero
core   0: 3 0x00000000800060a6 (0x34202773) x14 0x0000000000000002
core   0: 0x00000000800060aa (0x142026f3) csrrs   a3, scause, zero
core   0: 3 0x00000000800060aa (0x142026f3) x13 0x0000000000000000
core   0: 0x00000000800060ae (0x30402673) csrrs   a2, mie, zero
core   0: 3 0x00000000800060ae (0x30402673) x12 0x0000000000000a00
core   0: 0x00000000800060b2 (0x344025f3) csrrs   a1, mip, zero
core   0: 3 0x00000000800060b2 (0x344025f3) x11 0x0000000000000080
core   0: 0x00000000800060b6 (0x343025f3) csrrs   a1, mtval, zero
core   0: 3 0x00000000800060b6 (0x343025f3) x11 0x00000000340fe673
core   0: 0x00000000800060ba (0x14302573) csrrs   a0, stval, zero
core   0: 3 0x00000000800060ba (0x14302573) x10 0x0000000000000000
core   0: 0x00000000800060be (0xb02024f3) csrrs   s1, minstret, zero
core   0: 3 0x00000000800060be (0xb02024f3) x9  0x000000000000093b
core   0: 0x00000000800060c2 (0x0000a811) c.j     pc + 20
core   0: 3 0x00000000800060c2 (0xa811)
core   0: >>>>  mepc_4
core   0: 0x00000000800060d6 (0x00000791) c.addi  a5, 4
core   0: 3 0x00000000800060d6 (0x0791) x15 0x00000000800041aa
core   0: 0x00000000800060d8 (0x34179073) csrrw   zero, mepc, a5
core   0: 3 0x00000000800060d8 (0x34179073) c833_mepc 0x00000000800041aa
core   0: 0x00000000800060dc (0x30200073) mret
core   0: 3 0x00000000800060dc (0x30200073) c768_mstatus 0x8000000a00106080
core   0: 0x00000000800041aa (0x10463c73) csrrc   s8, sie, a2
core   0: 1 0x00000000800041aa (0x10463c73) x24 0x0000000000000000 c772_mie 0x0000000000000a00
core   0: 0x00000000800041ae (0x00054513) xori    a0, a0, 0
core   0: 1 0x00000000800041ae (0x00054513) x10 0x0000000000000000
core   0: 0x00000000800041b2 (0x02e92233) mulhsu  tp, s2, a4
core   0: 1 0x00000000800041b2 (0x02e92233) x4  0x0000000000000000
core   0: 0x00000000800041b6 (0x00935333) srl     t1, t1, s1
core   0: 1 0x00000000800041b6 (0x00935333) x6  0x0000000000000000
core   0: 0x00000000800041ba (0x01284cb3) xor     s9, a6, s2
core   0: 1 0x00000000800041ba (0x01284cb3) x25 0x0000000080012046
core   0: 0x00000000800041be (0x2aae8ed3) fmin.d  ft9, ft9, fa0
core   0: 1 0x00000000800041be (0x2aae8ed3) f29 0x7ff8000000000000
core   0: 0x00000000800041c2 (0xd02d7b53) fcvt.s.l fs6, s10
core   0: 1 0x00000000800041c2 (0xd02d7b53) c1_fflags 0x0000000000000011 f22 0xffffffffcf000120
core   0: 0x00000000800041c6 (0x0107d39b) srliw   t2, a5, 16
core   0: 1 0x00000000800041c6 (0x0107d39b) x7  0x0000000000008000
core   0: 0x00000000800041ca (0x025080b3) mul     ra, ra, t0
core   0: 1 0x00000000800041ca (0x025080b3) x1  0x0000000000000000
core   0: 0x00000000800041ce (0x029e1a13) slli    s4, t3, 41
core   0: 1 0x00000000800041ce (0x029e1a13) x20 0x0000000000000000
core   0: 0x00000000800041d2 (0x0add7253) fsub.d  ft4, fs10, fa3
core   0: 1 0x00000000800041d2 (0x0add7253) f4  0x7ff8000000000000
core   0: 0x00000000800041d6 (0xd247f1cb) fnmsub.d ft3, fa5, ft4, fs10
core   0: 1 0x00000000800041d6 (0xd247f1cb) f3  0x7ff8000000000000
core   0: 0x00000000800041da (0x43fa5213) srai    tp, s4, 63
core   0: 1 0x00000000800041da (0x43fa5213) x4  0x0000000000000000
core   0: 0x00000000800041de (0xd20b8053) fcvt.d.w ft0, s7
core   0: 1 0x00000000800041de (0xd20b8053) f0  0x0000000000000000
core   0: 0x00000000800041e2 (0x0242553b) divuw   a0, tp, tp
core   0: 1 0x00000000800041e2 (0x0242553b) x10 0xffffffffffffffff
core   0: 0x00000000800041e6 (0x036ccb33) div     s6, s9, s6
core   0: 1 0x00000000800041e6 (0x036ccb33) x22 0xffffffffffffffff
core   0: 0x00000000800041ea (0xe2088053) fmv.x.d zero, fa7
core   0: 1 0x00000000800041ea (0xe2088053)
core   0: 0x00000000800041ee (0x000078b3) and     a7, zero, zero
core   0: 1 0x00000000800041ee (0x000078b3) x17 0x0000000000000000
core   0: 0x00000000800041f2 (0xe20b81d3) fmv.x.d gp, fs7
core   0: 1 0x00000000800041f2 (0xe20b81d3) x3  0x0000000000000000
core   0: 0x00000000800041f6 (0x013a7333) and     t1, s4, s3
core   0: 1 0x00000000800041f6 (0x013a7333) x6  0x0000000000000000
core   0: 0x00000000800041fa (0x0031d693) srli    a3, gp, 3
core   0: 1 0x00000000800041fa (0x0031d693) x13 0x0000000000000000
core   0: 0x00000000800041fe (0xd02df353) fcvt.s.l ft6, s11
core   0: 1 0x00000000800041fe (0xd02df353) f6  0xffffffff00000000
core   0: 0x0000000080004202 (0x01c37333) and     t1, t1, t3
core   0: 1 0x0000000080004202 (0x01c37333) x6  0x0000000000000000
core   0: 0x0000000080004206 (0x0ff0000f) fence   iorw,iorw
core   0: 1 0x0000000080004206 (0x0ff0000f)
core   0: 0x000000008000420a (0x410d083b) subw    a6, s10, a6
core   0: 1 0x000000008000420a (0x410d083b) x16 0xfffffffffffdbf90
core   0: 0x000000008000420e (0x2ada0a53) fmin.d  fs4, fs4, fa3
core   0: 1 0x000000008000420e (0x2ada0a53) f20 0x7ff8000000000000
core   0: 0x0000000080004212 (0x0a69f9cf) fnmadd.d fs3, fs3, ft6, ft1
core   0: 1 0x0000000080004212 (0x0a69f9cf) f19 0x7ff8000000000000
core   0: 0x0000000080004216 (0x6727a317) auipc   t1, 0x6727a
core   0: 1 0x0000000080004216 (0x6727a317) x6  0x00000000e727e216
core   0: 0x000000008000421a (0x0019159b) slliw   a1, s2, 1
core   0: 1 0x000000008000421a (0x0019159b) x11 0x000000000000000c
core   0: 0x000000008000421e (0x03137633) remu    a2, t1, a7
core   0: 1 0x000000008000421e (0x03137633) x12 0x00000000e727e216
core   0: 0x0000000080004222 (0x0b7c74d3) fsub.d  fs1, fs8, fs7
core   0: 1 0x0000000080004222 (0x0b7c74d3) f9  0x0000000000000000
core   0: 0x0000000080004226 (0xc219fc53) fcvt.wu.d s8, fs3
core   0: 1 0x0000000080004226 (0xc219fc53) c1_fflags 0x0000000000000011 x24 0xffffffffffffffff
core   0: 0x000000008000422a (0x00566133) or      sp, a2, t0
core   0: 1 0x000000008000422a (0x00566133) x2  0x00000000e727e216
core   0: 0x000000008000422e (0x018c5a33) srl     s4, s8, s8
core   0: 1 0x000000008000422e (0x018c5a33) x20 0x0000000000000001
core   0: 0x0000000080004232 (0x40115e1b) sraiw   t3, sp, 1
core   0: 1 0x0000000080004232 (0x40115e1b) x28 0xfffffffff393f10b
core   0: 0x0000000080004236 (0x003e1b3b) sllw    s6, t3, gp
core   0: 1 0x0000000080004236 (0x003e1b3b) x22 0xfffffffff393f10b
core   0: 0x000000008000423a (0x75de6213) ori     tp, t3, 1885
core   0: 1 0x000000008000423a (0x75de6213) x4  0xfffffffff393f75f
core   0: 0x000000008000423e (0xc22c72d3) fcvt.l.d t0, fs8
core   0: 1 0x000000008000423e (0xc22c72d3) x5  0x0000000000000000
core   0: 0x0000000080004242 (0x00165533) srl     a0, a2, ra
core   0: 1 0x0000000080004242 (0x00165533) x10 0x00000000e727e216
core   0: 0x0000000080004246 (0x0cdac737) lui     a4, 0xcdac
core   0: 1 0x0000000080004246 (0x0cdac737) x14 0x000000000cdac000
core   0: 0x000000008000424a (0x9958c8b7) lui     a7, 0x9958c
core   0: 1 0x000000008000424a (0x9958c8b7) x17 0xffffffff9958c000
core   0: 0x000000008000424e (0x000b57b3) srl     a5, s6, zero
core   0: 1 0x000000008000424e (0x000b57b3) x15 0xfffffffff393f10b
core   0: 0x0000000080004252 (0x401dff53) fcvt.s.d ft10, fs11
core   0: 1 0x0000000080004252 (0x401dff53) f30 0xffffffff7fc00000
core   0: 0x0000000080004256 (0x40035c33) sra     s8, t1, zero
core   0: 1 0x0000000080004256 (0x40035c33) x24 0x00000000e727e216
core   0: 0x000000008000425a (0x00bd913b) sllw    sp, s11, a1
core   0: 1 0x000000008000425a (0x00bd913b) x2  0x0000000000000000
core   0: 0x000000008000425e (0x23d3a153) fsgnjx.d ft2, ft7, ft9
core   0: 1 0x000000008000425e (0x23d3a153) f2  0xffffffff00000000
core   0: 0x0000000080004262 (0x42000053) fcvt.d.s ft0, ft0
core   0: 1 0x0000000080004262 (0x42000053) f0  0x7ff8000000000000
core   0: 0x0000000080004266 (0x40fcd49b) sraiw   s1, s9, 15
core   0: 1 0x0000000080004266 (0x40fcd49b) x9  0xffffffffffff0002
core   0: 0x000000008000426a (0xd0217f53) fcvt.s.l ft10, sp
core   0: 1 0x000000008000426a (0xd0217f53) f30 0xffffffff00000000
core   0: 0x000000008000426e (0xc02d73d3) fcvt.l.s t2, fs10
core   0: 1 0x000000008000426e (0xc02d73d3) c1_fflags 0x0000000000000011 x7  0x7fffffffffffffff
core   0: 0x0000000080004272 (0x03cdcdbb) divw    s11, s11, t3
core   0: 1 0x0000000080004272 (0x03cdcdbb) x27 0x0000000000000000
core   0: 0x0000000080004276 (0x401af153) fcvt.s.d ft2, fs5
core   0: 1 0x0000000080004276 (0x401af153) f2  0xffffffff7fc00000
core   0: 0x000000008000427a (0x033187bb) mulw    a5, gp, s3
core   0: 1 0x000000008000427a (0x033187bb) x15 0x0000000000000000
core   0: 0x000000008000427e (0x00fc93b3) sll     t2, s9, a5
core   0: 1 0x000000008000427e (0x00fc93b3) x7  0x0000000080012046
core   0: 0x0000000080004282 (0x0318a7b3) mulhsu  a5, a7, a7
core   0: 1 0x0000000080004282 (0x0318a7b3) x15 0xffffffff9958c000
core   0: 0x0000000080004286 (0x0ff0000f) fence   iorw,iorw
core   0: 1 0x0000000080004286 (0x0ff0000f)
core   0: 0x000000008000428a (0x407084b3) sub     s1, ra, t2
core   0: 1 0x000000008000428a (0x407084b3) x9  0xffffffff7ffedfba
core   0: 0x000000008000428e (0x0143533b) srlw    t1, t1, s4
core   0: 1 0x000000008000428e (0x0143533b) x6  0x000000007393f10b
core   0: 0x0000000080004292 (0x0120d193) srli    gp, ra, 18
core   0: 1 0x0000000080004292 (0x0120d193) x3  0x0000000000000000
core   0: 0x0000000080004296 (0x407382b3) sub     t0, t2, t2
core   0: 1 0x0000000080004296 (0x407382b3) x5  0x0000000000000000
core   0: 0x000000008000429a (0xf11be373) csrrsi  t1, mvendorid, 23
core   0: exception trap_illegal_instruction, epc 0x000000008000429a
core   0:           tval 0x00000000f11be373
core   0: >>>>  $xrv64i2p1_m2p0_a2p1_f2p2_d2p2_zicsr2p0_zifencei2p0_zmmul1p0_zba1p0_zbb1p0_zbc1p0_zbs1p0
core   0: 0x0000000080004000 (0x0080006f) j       pc + 0x8
core   0: 3 0x0000000080004000 (0x0080006f)
core   0: >>>>  mmode_exception_handler
core   0: 0x0000000080004008 (0x00002c17) auipc   s8, 0x2
core   0: 3 0x0000000080004008 (0x00002c17) x24 0x0000000080006008
core   0: 0x000000008000400c (0x09ac0c13) addi    s8, s8, 154
core   0: 3 0x000000008000400c (0x09ac0c13) x24 0x00000000800060a2
core   0: 0x0000000080004010 (0x000c00e7) jalr    s8
core   0: 3 0x0000000080004010 (0x000c00e7) x1  0x0000000080004014
core   0: >>>>  any_handler
core   0: 0x00000000800060a2 (0x341027f3) csrrs   a5, mepc, zero
core   0: 3 0x00000000800060a2 (0x341027f3) x15 0x000000008000429a
core   0: 0x00000000800060a6 (0x34202773) csrrs   a4, mcause, zero
core   0: 3 0x00000000800060a6 (0x34202773) x14 0x0000000000000002
core   0: 0x00000000800060aa (0x142026f3) csrrs   a3, scause, zero
core   0: 3 0x00000000800060aa (0x142026f3) x13 0x0000000000000000
core   0: 0x00000000800060ae (0x30402673) csrrs   a2, mie, zero
core   0: 3 0x00000000800060ae (0x30402673) x12 0x0000000000000a00
core   0: 0x00000000800060b2 (0x344025f3) csrrs   a1, mip, zero
core   0: 3 0x00000000800060b2 (0x344025f3) x11 0x0000000000000080
core   0: 0x00000000800060b6 (0x343025f3) csrrs   a1, mtval, zero
core   0: 3 0x00000000800060b6 (0x343025f3) x11 0x00000000f11be373
core   0: 0x00000000800060ba (0x14302573) csrrs   a0, stval, zero
core   0: 3 0x00000000800060ba (0x14302573) x10 0x0000000000000000
core   0: 0x00000000800060be (0xb02024f3) csrrs   s1, minstret, zero
core   0: 3 0x00000000800060be (0xb02024f3) x9  0x0000000000000987
core   0: 0x00000000800060c2 (0x0000a811) c.j     pc + 20
core   0: 3 0x00000000800060c2 (0xa811)
core   0: >>>>  mepc_4
core   0: 0x00000000800060d6 (0x00000791) c.addi  a5, 4
core   0: 3 0x00000000800060d6 (0x0791) x15 0x000000008000429e
core   0: 0x00000000800060d8 (0x34179073) csrrw   zero, mepc, a5
core   0: 3 0x00000000800060d8 (0x34179073) c833_mepc 0x000000008000429e
core   0: 0x00000000800060dc (0x30200073) mret
core   0: 3 0x00000000800060dc (0x30200073) c768_mstatus 0x8000000a00106080
core   0: 0x000000008000429e (0x0166179b) slliw   a5, a2, 22
core   0: 1 0x000000008000429e (0x0166179b) x15 0xffffffff80000000
core   0: 0x00000000800042a2 (0xc020e0f3) csrrsi  ra, instret, 1
core   0: exception trap_illegal_instruction, epc 0x00000000800042a2
core   0:           tval 0x00000000c020e0f3
core   0: >>>>  $xrv64i2p1_m2p0_a2p1_f2p2_d2p2_zicsr2p0_zifencei2p0_zmmul1p0_zba1p0_zbb1p0_zbc1p0_zbs1p0
core   0: 0x0000000080004000 (0x0080006f) j       pc + 0x8
core   0: 3 0x0000000080004000 (0x0080006f)
core   0: >>>>  mmode_exception_handler
core   0: 0x0000000080004008 (0x00002c17) auipc   s8, 0x2
core   0: 3 0x0000000080004008 (0x00002c17) x24 0x0000000080006008
core   0: 0x000000008000400c (0x09ac0c13) addi    s8, s8, 154
core   0: 3 0x000000008000400c (0x09ac0c13) x24 0x00000000800060a2
core   0: 0x0000000080004010 (0x000c00e7) jalr    s8
core   0: 3 0x0000000080004010 (0x000c00e7) x1  0x0000000080004014
core   0: >>>>  any_handler
core   0: 0x00000000800060a2 (0x341027f3) csrrs   a5, mepc, zero
core   0: 3 0x00000000800060a2 (0x341027f3) x15 0x00000000800042a2
core   0: 0x00000000800060a6 (0x34202773) csrrs   a4, mcause, zero
core   0: 3 0x00000000800060a6 (0x34202773) x14 0x0000000000000002
core   0: 0x00000000800060aa (0x142026f3) csrrs   a3, scause, zero
core   0: 3 0x00000000800060aa (0x142026f3) x13 0x0000000000000000
core   0: 0x00000000800060ae (0x30402673) csrrs   a2, mie, zero
core   0: 3 0x00000000800060ae (0x30402673) x12 0x0000000000000a00
core   0: 0x00000000800060b2 (0x344025f3) csrrs   a1, mip, zero
core   0: 3 0x00000000800060b2 (0x344025f3) x11 0x0000000000000080
core   0: 0x00000000800060b6 (0x343025f3) csrrs   a1, mtval, zero
core   0: 3 0x00000000800060b6 (0x343025f3) x11 0x00000000c020e0f3
core   0: 0x00000000800060ba (0x14302573) csrrs   a0, stval, zero
core   0: 3 0x00000000800060ba (0x14302573) x10 0x0000000000000000
core   0: 0x00000000800060be (0xb02024f3) csrrs   s1, minstret, zero
core   0: 3 0x00000000800060be (0xb02024f3) x9  0x0000000000000998
core   0: 0x00000000800060c2 (0x0000a811) c.j     pc + 20
core   0: 3 0x00000000800060c2 (0xa811)
core   0: >>>>  mepc_4
core   0: 0x00000000800060d6 (0x00000791) c.addi  a5, 4
core   0: 3 0x00000000800060d6 (0x0791) x15 0x00000000800042a6
core   0: 0x00000000800060d8 (0x34179073) csrrw   zero, mepc, a5
core   0: 3 0x00000000800060d8 (0x34179073) c833_mepc 0x00000000800042a6
core   0: 0x00000000800060dc (0x30200073) mret
core   0: 3 0x00000000800060dc (0x30200073) c768_mstatus 0x8000000a00106080
core   0: 0x00000000800042a6 (0x00f10233) add     tp, sp, a5
core   0: 1 0x00000000800042a6 (0x00f10233) x4  0x00000000800042a6
core   0: 0x00000000800042aa (0x03740733) mul     a4, s0, s7
core   0: 1 0x00000000800042aa (0x03740733) x14 0x0000000000000000
core   0: 0x00000000800042ae (0xe20a8bd3) fmv.x.d s7, fs5
core   0: 1 0x00000000800042ae (0xe20a8bd3) x23 0xffffffff00000000
core   0: 0x00000000800042b2 (0x025294b3) mulh    s1, t0, t0
core   0: 1 0x00000000800042b2 (0x025294b3) x9  0x0000000000000000
core   0: 0x00000000800042b6 (0x0041d99b) srliw   s3, gp, 4
core   0: 1 0x00000000800042b6 (0x0041d99b) x19 0x0000000000000000
core   0: 0x00000000800042ba (0x4227774f) fnmadd.d fa4, fa4, ft2, fs0
core   0: 1 0x00000000800042ba (0x4227774f) f14 0x7ff8000000000000
core   0: 0x00000000800042be (0x5a0f7ad3) fsqrt.d fs5, ft10
core   0: 1 0x00000000800042be (0x5a0f7ad3) f21 0x7ff8000000000000
core   0: 0x00000000800042c2 (0x01628dbb) addw    s11, t0, s6
core   0: 1 0x00000000800042c2 (0x01628dbb) x27 0xfffffffff393f10b
core   0: 0x00000000800042c6 (0x012d961b) slliw   a2, s11, 18
core   0: 1 0x00000000800042c6 (0x012d961b) x12 0xffffffffc42c0000
core   0: 0x00000000800042ca (0x00202473) csrrs   s0, frm, zero
core   0: 1 0x00000000800042ca (0x00202473) x8  0x0000000000000000
core   0: 0x00000000800042ce (0x1a9d74d3) fdiv.d  fs1, fs10, fs1
core   0: 1 0x00000000800042ce (0x1a9d74d3) f9  0x7ff8000000000000
core   0: 0x00000000800042d2 (0x41540833) sub     a6, s0, s5
core   0: 1 0x00000000800042d2 (0x41540833) x16 0x0000000000000000
core   0: 0x00000000800042d6 (0x4033d733) sra     a4, t2, gp
core   0: 1 0x00000000800042d6 (0x4033d733) x14 0x0000000080012046
core   0: 0x00000000800042da (0xd22aff53) fcvt.d.l ft10, s5
core   0: 1 0x00000000800042da (0xd22aff53) f30 0x0000000000000000
core   0: 0x00000000800042de (0x40c65933) sra     s2, a2, a2
core   0: 1 0x00000000800042de (0x40c65933) x18 0xffffffffc42c0000
core   0: 0x00000000800042e2 (0x029285b3) mul     a1, t0, s1
core   0: 1 0x00000000800042e2 (0x029285b3) x11 0x0000000000000000
core   0: 0x00000000800042e6 (0x5a04f1d3) fsqrt.d ft3, fs1
core   0: 1 0x00000000800042e6 (0x5a04f1d3) f3  0x7ff8000000000000
core   0: 0x00000000800042ea (0x000e003b) addw    zero, t3, zero
core   0: 1 0x00000000800042ea (0x000e003b)
core   0: 0x00000000800042ee (0xd2148553) fcvt.d.wu fa0, s1
core   0: 1 0x00000000800042ee (0xd2148553) f10 0x0000000000000000
core   0: 0x00000000800042f2 (0x0008d51b) srliw   a0, a7, 0
core   0: 1 0x00000000800042f2 (0x0008d51b) x10 0xffffffff9958c000
core   0: 0x00000000800042f6 (0x00188b1b) addiw   s6, a7, 1
core   0: 1 0x00000000800042f6 (0x00188b1b) x22 0xffffffff9958c001
core   0: 0x00000000800042fa (0x419e519b) sraiw   gp, t3, 25
core   0: 1 0x00000000800042fa (0x419e519b) x3  0xfffffffffffffff9
core   0: 0x00000000800042fe (0x00c15c33) srl     s8, sp, a2
core   0: 1 0x00000000800042fe (0x00c15c33) x24 0x0000000000000000
core   0: 0x0000000080004302 (0x008bed33) or      s10, s7, s0
core   0: 1 0x0000000080004302 (0x008bed33) x26 0xffffffff00000000
core   0: 0x0000000080004306 (0xc024f6d3) fcvt.l.s a3, fs1
core   0: 1 0x0000000080004306 (0xc024f6d3) c1_fflags 0x0000000000000011 x13 0x7fffffffffffffff
core   0: 0x000000008000430a (0x032d4b33) div     s6, s10, s2
core   0: 1 0x000000008000430a (0x032d4b33) x22 0x0000000000000004
core   0: 0x000000008000430e (0x400c5013) srai    zero, s8, 0
core   0: 1 0x000000008000430e (0x400c5013)
core   0: 0x0000000080004312 (0x000e949b) slliw   s1, t4, 0
core   0: 1 0x0000000080004312 (0x000e949b) x9  0x0000000000000000
core   0: 0x0000000080004316 (0xd20902d3) fcvt.d.w ft5, s2
core   0: 1 0x0000000080004316 (0xd20902d3) f5  0xc1cdea0000000000
core   0: 0x000000008000431a (0x03fc1513) slli    a0, s8, 63
core   0: 1 0x000000008000431a (0x03fc1513) x10 0x0000000000000000
core   0: 0x000000008000431e (0x0ff0000f) fence   iorw,iorw
core   0: 1 0x000000008000431e (0x0ff0000f)
core   0: 0x0000000080004322 (0x00c656b3) srl     a3, a2, a2
core   0: 1 0x0000000080004322 (0x00c656b3) x13 0xffffffffc42c0000
core   0: 0x0000000080004326 (0xd3097dc3) fmadd.d fs11, fs2, fa6, fs10
core   0: 1 0x0000000080004326 (0xd3097dc3) f27 0x7ff8000000000000
core   0: 0x000000008000432a (0x1b3af0d3) fdiv.d  ft1, fs5, fs3
core   0: 1 0x000000008000432a (0x1b3af0d3) f1  0x7ff8000000000000
core   0: 0x000000008000432e (0x01376eb3) or      t4, a4, s3
core   0: 1 0x000000008000432e (0x01376eb3) x29 0x0000000080012046
core   0: 0x0000000080004332 (0x003c97bb) sllw    a5, s9, gp
core   0: 1 0x0000000080004332 (0x003c97bb) x15 0xffffffff8c000000
core   0: 0x0000000080004336 (0x4166d6bb) sraw    a3, a3, s6
core   0: 1 0x0000000080004336 (0x4166d6bb) x13 0xfffffffffc42c000
core   0: 0x000000008000433a (0x393773b7) lui     t2, 0x39377
core   0: 1 0x000000008000433a (0x393773b7) x7  0x0000000039377000
core   0: 0x000000008000433e (0x2aa50253) fmin.d  ft4, fa0, fa0
core   0: 1 0x000000008000433e (0x2aa50253) f4  0x0000000000000000
core   0: 0x0000000080004342 (0x323ffef3) csrrci  t4, mhpmevent3, 31
core   0: exception trap_illegal_instruction, epc 0x0000000080004342
core   0:           tval 0x00000000323ffef3
core   0: >>>>  $xrv64i2p1_m2p0_a2p1_f2p2_d2p2_zicsr2p0_zifencei2p0_zmmul1p0_zba1p0_zbb1p0_zbc1p0_zbs1p0
core   0: 0x0000000080004000 (0x0080006f) j       pc + 0x8
core   0: 3 0x0000000080004000 (0x0080006f)
core   0: >>>>  mmode_exception_handler
core   0: 0x0000000080004008 (0x00002c17) auipc   s8, 0x2
core   0: 3 0x0000000080004008 (0x00002c17) x24 0x0000000080006008
core   0: 0x000000008000400c (0x09ac0c13) addi    s8, s8, 154
core   0: 3 0x000000008000400c (0x09ac0c13) x24 0x00000000800060a2
core   0: 0x0000000080004010 (0x000c00e7) jalr    s8
core   0: 3 0x0000000080004010 (0x000c00e7) x1  0x0000000080004014
core   0: >>>>  any_handler
core   0: 0x00000000800060a2 (0x341027f3) csrrs   a5, mepc, zero
core   0: 3 0x00000000800060a2 (0x341027f3) x15 0x0000000080004342
core   0: 0x00000000800060a6 (0x34202773) csrrs   a4, mcause, zero
core   0: 3 0x00000000800060a6 (0x34202773) x14 0x0000000000000002
core   0: 0x00000000800060aa (0x142026f3) csrrs   a3, scause, zero
core   0: 3 0x00000000800060aa (0x142026f3) x13 0x0000000000000000
core   0: 0x00000000800060ae (0x30402673) csrrs   a2, mie, zero
core   0: 3 0x00000000800060ae (0x30402673) x12 0x0000000000000a00
core   0: 0x00000000800060b2 (0x344025f3) csrrs   a1, mip, zero
core   0: 3 0x00000000800060b2 (0x344025f3) x11 0x0000000000000080
core   0: 0x00000000800060b6 (0x343025f3) csrrs   a1, mtval, zero
core   0: 3 0x00000000800060b6 (0x343025f3) x11 0x00000000323ffef3
core   0: 0x00000000800060ba (0x14302573) csrrs   a0, stval, zero
core   0: 3 0x00000000800060ba (0x14302573) x10 0x0000000000000000
core   0: 0x00000000800060be (0xb02024f3) csrrs   s1, minstret, zero
core   0: 3 0x00000000800060be (0xb02024f3) x9  0x00000000000009cf
core   0: 0x00000000800060c2 (0x0000a811) c.j     pc + 20
core   0: 3 0x00000000800060c2 (0xa811)
core   0: >>>>  mepc_4
core   0: 0x00000000800060d6 (0x00000791) c.addi  a5, 4
core   0: 3 0x00000000800060d6 (0x0791) x15 0x0000000080004346
core   0: 0x00000000800060d8 (0x34179073) csrrw   zero, mepc, a5
core   0: 3 0x00000000800060d8 (0x34179073) c833_mepc 0x0000000080004346
core   0: 0x00000000800060dc (0x30200073) mret
core   0: 3 0x00000000800060dc (0x30200073) c768_mstatus 0x8000000a00106080
core   0: 0x0000000080004346 (0x401ed51b) sraiw   a0, t4, 1
core   0: 1 0x0000000080004346 (0x401ed51b) x10 0xffffffffc0009023
core   0: 0x000000008000434a (0xc20ef1d3) fcvt.w.d gp, ft9
core   0: 1 0x000000008000434a (0xc20ef1d3) c1_fflags 0x0000000000000011 x3  0x000000007fffffff
core   0: 0x000000008000434e (0x40b55d3b) sraw    s10, a0, a1
core   0: 1 0x000000008000434e (0x40b55d3b) x26 0xfffffffffffff800
core   0: 0x0000000080004352 (0x22358f53) fsgnj.d ft10, fa1, ft3
core   0: 1 0x0000000080004352 (0x22358f53) f30 0x7fffffff00000000
core   0: 0x0000000080004356 (0x023c7b33) remu    s6, s8, gp
core   0: 1 0x0000000080004356 (0x023c7b33) x22 0x00000000000060a3
core   0: 0x000000008000435a (0x018552b3) srl     t0, a0, s8
core   0: 1 0x000000008000435a (0x018552b3) x5  0x000000003fffffff
core   0: 0x000000008000435e (0x0309dab3) divu    s5, s3, a6
core   0: 1 0x000000008000435e (0x0309dab3) x21 0xffffffffffffffff
core   0: 0x0000000080004362 (0x02d388b7) lui     a7, 0x2d38
core   0: 1 0x0000000080004362 (0x02d388b7) x17 0x0000000002d38000
core   0: 0x0000000080004366 (0xb898889b) addiw   a7, a7, -1143
core   0: 1 0x0000000080004366 (0xb898889b) x17 0x0000000002d37b89
core   0: 0x000000008000436a (0x000008b2) c.slli  a7, 12
core   0: 1 0x000000008000436a (0x08b2) x17 0x0000002d37b89000
core   0: 0x000000008000436c (0x90f88893) addi    a7, a7, -1777
core   0: 1 0x000000008000436c (0x90f88893) x17 0x0000002d37b8890f
core   0: 0x0000000080004370 (0x001028f3) csrrs   a7, fflags, zero
core   0: 1 0x0000000080004370 (0x001028f3) x17 0x0000000000000011
core   0: 0x0000000080004374 (0x014a6833) or      a6, s4, s4
core   0: 1 0x0000000080004374 (0x014a6833) x16 0x0000000000000001
core   0: 0x0000000080004378 (0xb103b197) auipc   gp, 0xb103b
core   0: 1 0x0000000080004378 (0xb103b197) x3  0x000000003103f378
core   0: 0x000000008000437c (0x411e00bb) subw    ra, t3, a7
core   0: 1 0x000000008000437c (0x411e00bb) x1  0xfffffffff393f0fa
core   0: 0x0000000080004380 (0x07812d37) lui     s10, 0x7812
core   0: 1 0x0000000080004380 (0x07812d37) x26 0x0000000007812000
core   0: 0x0000000080004384 (0x71dd0d1b) addiw   s10, s10, 1821
core   0: 1 0x0000000080004384 (0x71dd0d1b) x26 0x000000000781271d
core   0: 0x0000000080004388 (0x00000d32) c.slli  s10, 12
core   0: 1 0x0000000080004388 (0x0d32) x26 0x000000781271d000
core   0: 0x000000008000438a (0x273d0d13) addi    s10, s10, 627
core   0: 1 0x000000008000438a (0x273d0d13) x26 0x000000781271d273
core   0: 0x000000008000438e (0x00085293) srli    t0, a6, 0
core   0: 1 0x000000008000438e (0x00085293) x5  0x0000000000000001
core   0: 0x0000000080004392 (0x23eb1b53) fsgnjn.d fs6, fs6, ft10
core   0: 1 0x0000000080004392 (0x23eb1b53) f22 0xffffffffcf000120
core   0: 0x0000000080004396 (0x008e9ebb) sllw    t4, t4, s0
core   0: 1 0x0000000080004396 (0x008e9ebb) x29 0xffffffff80012046
core   0: 0x000000008000439a (0xc20b7d53) fcvt.w.d s10, fs6
core   0: 1 0x000000008000439a (0xc20b7d53) c1_fflags 0x0000000000000011 x26 0x000000007fffffff
core   0: 0x000000008000439e (0xfffdf093) andi    ra, s11, -1
core   0: 1 0x000000008000439e (0xfffdf093) x1  0xfffffffff393f10b
core   0: 0x00000000800043a2 (0x40168733) sub     a4, a3, ra
core   0: 1 0x00000000800043a2 (0x40168733) x14 0x000000000c6c0ef5
core   0: 0x00000000800043a6 (0x4123d31b) sraiw   t1, t2, 18
core   0: 1 0x00000000800043a6 (0x4123d31b) x6  0x0000000000000e4d
core   0: 0x00000000800043aa (0xc0267853) fcvt.l.s a6, fa2
core   0: 1 0x00000000800043aa (0xc0267853) x16 0x0000000000000000
core   0: 0x00000000800043ae (0xd0237253) fcvt.s.l ft4, t1
core   0: 1 0x00000000800043ae (0xd0237253) f4  0xffffffff4564d000
core   0: 0x00000000800043b2 (0x40a55b33) sra     s6, a0, a0
core   0: 1 0x00000000800043b2 (0x40a55b33) x22 0xffffffffffffffff
core   0: 0x00000000800043b6 (0xc22f70d3) fcvt.l.d ra, ft10
core   0: 1 0x00000000800043b6 (0xc22f70d3) c1_fflags 0x0000000000000011 x1  0x7fffffffffffffff
core   0: 0x00000000800043ba (0xc02cf753) fcvt.l.s a4, fs9
core   0: 1 0x00000000800043ba (0xc02cf753) x14 0x0000000000000000
core   0: 0x00000000800043be (0x1415a4f3) csrrs   s1, sepc, a1
core   0: 1 0x00000000800043be (0x1415a4f3) x9  0x0000000000000000 c321_sepc 0x00000000323ffef2
core   0: 0x00000000800043c2 (0xd2337253) fcvt.d.lu ft4, t1
core   0: 1 0x00000000800043c2 (0xd2337253) f4  0x40ac9a0000000000
core   0: 0x00000000800043c6 (0xe91e06b7) lui     a3, 0xe91e0
core   0: 1 0x00000000800043c6 (0xe91e06b7) x13 0xffffffffe91e0000
core   0: 0x00000000800043ca (0x8001871b) addiw   a4, gp, -2048
core   0: 1 0x00000000800043ca (0x8001871b) x14 0x000000003103eb78
core   0: 0x00000000800043ce (0x02d497b3) mulh    a5, s1, a3
core   0: 1 0x00000000800043ce (0x02d497b3) x15 0x0000000000000000
core   0: 0x00000000800043d2 (0x004717b3) sll     a5, a4, tp
core   0: 1 0x00000000800043d2 (0x004717b3) x15 0x40fade0000000000
core   0: 0x00000000800043d6 (0x22220153) fsgnj.d ft2, ft4, ft2
core   0: 1 0x00000000800043d6 (0x22220153) f2  0xc0ac9a0000000000
core   0: 0x00000000800043da (0xf2068fd3) fmv.d.x ft11, a3
core   0: 1 0x00000000800043da (0xf2068fd3) f31 0xffffffffe91e0000
core   0: 0x00000000800043de (0x4016d01b) sraiw   zero, a3, 1
core   0: 1 0x00000000800043de (0x4016d01b)
core   0: 0x00000000800043e2 (0x0207633b) remw    t1, a4, zero
core   0: 1 0x00000000800043e2 (0x0207633b) x6  0x000000003103eb78
core   0: 0x00000000800043e6 (0xa2657147) fmsub.d ft2, fa0, ft6, fs4
core   0: 1 0x00000000800043e6 (0xa2657147) f2  0x7ff8000000000000
core   0: 0x00000000800043ea (0x00102073) csrrs   zero, fflags, zero
core   0: 1 0x00000000800043ea (0x00102073)
core   0: 0x00000000800043ee (0x4013501b) sraiw   zero, t1, 1
core   0: 1 0x00000000800043ee (0x4013501b)
core   0: 0x00000000800043f2 (0x004becb3) or      s9, s7, tp
core   0: 1 0x00000000800043f2 (0x004becb3) x25 0xffffffff800042a6
core   0: 0x00000000800043f6 (0x30677e73) csrrci  t3, mcounteren, 14
core   0: exception trap_illegal_instruction, epc 0x00000000800043f6
core   0:           tval 0x0000000030677e73
core   0: >>>>  $xrv64i2p1_m2p0_a2p1_f2p2_d2p2_zicsr2p0_zifencei2p0_zmmul1p0_zba1p0_zbb1p0_zbc1p0_zbs1p0
core   0: 0x0000000080004000 (0x0080006f) j       pc + 0x8
core   0: 3 0x0000000080004000 (0x0080006f)
core   0: >>>>  mmode_exception_handler
core   0: 0x0000000080004008 (0x00002c17) auipc   s8, 0x2
core   0: 3 0x0000000080004008 (0x00002c17) x24 0x0000000080006008
core   0: 0x000000008000400c (0x09ac0c13) addi    s8, s8, 154
core   0: 3 0x000000008000400c (0x09ac0c13) x24 0x00000000800060a2
core   0: 0x0000000080004010 (0x000c00e7) jalr    s8
core   0: 3 0x0000000080004010 (0x000c00e7) x1  0x0000000080004014
core   0: >>>>  any_handler
core   0: 0x00000000800060a2 (0x341027f3) csrrs   a5, mepc, zero
core   0: 3 0x00000000800060a2 (0x341027f3) x15 0x00000000800043f6
core   0: 0x00000000800060a6 (0x34202773) csrrs   a4, mcause, zero
core   0: 3 0x00000000800060a6 (0x34202773) x14 0x0000000000000002
core   0: 0x00000000800060aa (0x142026f3) csrrs   a3, scause, zero
core   0: 3 0x00000000800060aa (0x142026f3) x13 0x0000000000000000
core   0: 0x00000000800060ae (0x30402673) csrrs   a2, mie, zero
core   0: 3 0x00000000800060ae (0x30402673) x12 0x0000000000000a00
core   0: 0x00000000800060b2 (0x344025f3) csrrs   a1, mip, zero
core   0: 3 0x00000000800060b2 (0x344025f3) x11 0x0000000000000080
core   0: 0x00000000800060b6 (0x343025f3) csrrs   a1, mtval, zero
core   0: 3 0x00000000800060b6 (0x343025f3) x11 0x0000000030677e73
core   0: 0x00000000800060ba (0x14302573) csrrs   a0, stval, zero
core   0: 3 0x00000000800060ba (0x14302573) x10 0x0000000000000000
core   0: 0x00000000800060be (0xb02024f3) csrrs   s1, minstret, zero
core   0: 3 0x00000000800060be (0xb02024f3) x9  0x0000000000000a0c
core   0: 0x00000000800060c2 (0x0000a811) c.j     pc + 20
core   0: 3 0x00000000800060c2 (0xa811)
core   0: >>>>  mepc_4
core   0: 0x00000000800060d6 (0x00000791) c.addi  a5, 4
core   0: 3 0x00000000800060d6 (0x0791) x15 0x00000000800043fa
core   0: 0x00000000800060d8 (0x34179073) csrrw   zero, mepc, a5
core   0: 3 0x00000000800060d8 (0x34179073) c833_mepc 0x00000000800043fa
core   0: 0x00000000800060dc (0x30200073) mret
core   0: 3 0x00000000800060dc (0x30200073) c768_mstatus 0x8000000a00106080
core   0: 0x00000000800043fa (0x010e56bb) srlw    a3, t3, a6
core   0: 1 0x00000000800043fa (0x010e56bb) x13 0xfffffffff393f10b
core   0: 0x00000000800043fe (0x49f8f113) andi    sp, a7, 1183
core   0: 1 0x00000000800043fe (0x49f8f113) x2  0x0000000000000011
core   0: 0x0000000080004402 (0x00102af3) csrrs   s5, fflags, zero
core   0: 1 0x0000000080004402 (0x00102af3) x21 0x0000000000000011
core   0: 0x0000000080004406 (0x01a494bb) sllw    s1, s1, s10
core   0: 1 0x0000000080004406 (0x01a494bb) x9  0x0000000000000000
core   0: 0x000000008000440a (0x400ad113) srai    sp, s5, 0
core   0: 1 0x000000008000440a (0x400ad113) x2  0x0000000000000011
core   0: 0x000000008000440e (0xd02a7c53) fcvt.s.l fs8, s4
core   0: 1 0x000000008000440e (0xd02a7c53) f24 0xffffffff3f800000
core   0: 0x0000000080004412 (0xa37003d3) fle.d   t2, ft0, fs7
core   0: 1 0x0000000080004412 (0xa37003d3) c1_fflags 0x0000000000000011 x7  0x0000000000000000
core   0: 0x0000000080004416 (0xaa117093) andi    ra, sp, -1375
core   0: 1 0x0000000080004416 (0xaa117093) x1  0x0000000000000001
core   0: 0x000000008000441a (0x0350a633) mulhsu  a2, ra, s5
core   0: 1 0x000000008000441a (0x0350a633) x12 0x0000000000000000
core   0: 0x000000008000441e (0x026625b3) mulhsu  a1, a2, t1
core   0: 1 0x000000008000441e (0x026625b3) x11 0x0000000000000000
core   0: 0x0000000080004422 (0x88a2fd97) auipc   s11, 0x88a2f
core   0: 1 0x0000000080004422 (0x88a2fd97) x27 0x0000000008a33422
core   0: 0x0000000080004426 (0x00cdf0b3) and     ra, s11, a2
core   0: 1 0x0000000080004426 (0x00cdf0b3) x1  0x0000000000000000
core   0: 0x000000008000442a (0x3420fbf3) csrrci  s7, mcause, 1
core   0: exception trap_illegal_instruction, epc 0x000000008000442a
core   0:           tval 0x000000003420fbf3
core   0: >>>>  $xrv64i2p1_m2p0_a2p1_f2p2_d2p2_zicsr2p0_zifencei2p0_zmmul1p0_zba1p0_zbb1p0_zbc1p0_zbs1p0
core   0: 0x0000000080004000 (0x0080006f) j       pc + 0x8
core   0: 3 0x0000000080004000 (0x0080006f)
core   0: >>>>  mmode_exception_handler
core   0: 0x0000000080004008 (0x00002c17) auipc   s8, 0x2
core   0: 3 0x0000000080004008 (0x00002c17) x24 0x0000000080006008
core   0: 0x000000008000400c (0x09ac0c13) addi    s8, s8, 154
core   0: 3 0x000000008000400c (0x09ac0c13) x24 0x00000000800060a2
core   0: 0x0000000080004010 (0x000c00e7) jalr    s8
core   0: 3 0x0000000080004010 (0x000c00e7) x1  0x0000000080004014
core   0: >>>>  any_handler
core   0: 0x00000000800060a2 (0x341027f3) csrrs   a5, mepc, zero
core   0: 3 0x00000000800060a2 (0x341027f3) x15 0x000000008000442a
core   0: 0x00000000800060a6 (0x34202773) csrrs   a4, mcause, zero
core   0: 3 0x00000000800060a6 (0x34202773) x14 0x0000000000000002
core   0: 0x00000000800060aa (0x142026f3) csrrs   a3, scause, zero
core   0: 3 0x00000000800060aa (0x142026f3) x13 0x0000000000000000
core   0: 0x00000000800060ae (0x30402673) csrrs   a2, mie, zero
core   0: 3 0x00000000800060ae (0x30402673) x12 0x0000000000000a00
core   0: 0x00000000800060b2 (0x344025f3) csrrs   a1, mip, zero
core   0: 3 0x00000000800060b2 (0x344025f3) x11 0x0000000000000080
core   0: 0x00000000800060b6 (0x343025f3) csrrs   a1, mtval, zero
core   0: 3 0x00000000800060b6 (0x343025f3) x11 0x000000003420fbf3
core   0: 0x00000000800060ba (0x14302573) csrrs   a0, stval, zero
core   0: 3 0x00000000800060ba (0x14302573) x10 0x0000000000000000
core   0: 0x00000000800060be (0xb02024f3) csrrs   s1, minstret, zero
core   0: 3 0x00000000800060be (0xb02024f3) x9  0x0000000000000a28
core   0: 0x00000000800060c2 (0x0000a811) c.j     pc + 20
core   0: 3 0x00000000800060c2 (0xa811)
core   0: >>>>  mepc_4
core   0: 0x00000000800060d6 (0x00000791) c.addi  a5, 4
core   0: 3 0x00000000800060d6 (0x0791) x15 0x000000008000442e
core   0: 0x00000000800060d8 (0x34179073) csrrw   zero, mepc, a5
core   0: 3 0x00000000800060d8 (0x34179073) c833_mepc 0x000000008000442e
core   0: 0x00000000800060dc (0x30200073) mret
core   0: 3 0x00000000800060dc (0x30200073) c768_mstatus 0x8000000a00106080
core   0: 0x000000008000442e (0x52abffcf) fnmadd.d ft11, fs7, fa0, fa0
core   0: 1 0x000000008000442e (0x52abffcf) f31 0x8000000000000000
core   0: 0x0000000080004432 (0x02d70233) mul     tp, a4, a3
core   0: 1 0x0000000080004432 (0x02d70233) x4  0x0000000000000000
core   0: 0x0000000080004436 (0x006b85bb) addw    a1, s7, t1
core   0: 1 0x0000000080004436 (0x006b85bb) x11 0x000000003103eb78
core   0: 0x000000008000443a (0x41fad99b) sraiw   s3, s5, 31
core   0: 1 0x000000008000443a (0x41fad99b) x19 0x0000000000000000
core   0: 0x000000008000443e (0x0ff0000f) fence   iorw,iorw
core   0: 1 0x000000008000443e (0x0ff0000f)
core   0: 0x0000000080004442 (0x1b9bfcd3) fdiv.d  fs9, fs7, fs9
core   0: 1 0x0000000080004442 (0x1b9bfcd3) f25 0x7ff8000000000000
core   0: 0x0000000080004446 (0xec908213) addi    tp, ra, -311
core   0: 1 0x0000000080004446 (0xec908213) x4  0x0000000080003edd
core   0: 0x000000008000444a (0x0304543b) divuw   s0, s0, a6
core   0: 1 0x000000008000444a (0x0304543b) x8  0xffffffffffffffff
core   0: 0x000000008000444e (0x0000958e) c.add   a1, gp
core   0: 1 0x000000008000444e (0x958e) x11 0x000000006207def0
core   0: 0x0000000080004450 (0x00009f25) c.addw  a4, s1
core   0: 1 0x0000000080004450 (0x9f25) x14 0x0000000000000a2a
core   0: 0x0000000080004452 (0x000b081b) sext.w  a6, s6
core   0: 1 0x0000000080004452 (0x000b081b) x16 0xffffffffffffffff
core   0: 0x0000000080004456 (0xc21cfbd3) fcvt.wu.d s7, fs9
core   0: 1 0x0000000080004456 (0xc21cfbd3) c1_fflags 0x0000000000000011 x23 0xffffffffffffffff
core   0: 0x000000008000445a (0x00191273) csrrw   tp, fflags, s2
core   0: 1 0x000000008000445a (0x00191273) x4  0x0000000000000011 c1_fflags 0x0000000000000000
core   0: 0x000000008000445e (0xc20a7e53) fcvt.w.d t3, fs4
core   0: 1 0x000000008000445e (0xc20a7e53) c1_fflags 0x0000000000000010 x28 0x000000007fffffff
core   0: 0x0000000080004462 (0x001e1313) slli    t1, t3, 1
core   0: 1 0x0000000080004462 (0x001e1313) x6  0x00000000fffffffe
core   0: 0x0000000080004466 (0xe2010d53) fmv.x.d s10, ft2
core   0: 1 0x0000000080004466 (0xe2010d53) x26 0x7ff8000000000000
core   0: 0x000000008000446a (0x01d65533) srl     a0, a2, t4
core   0: 1 0x000000008000446a (0x01d65533) x10 0x0000000000000028
core   0: 0x000000008000446e (0x2bfc1b53) fmax.d  fs6, fs8, ft11
core   0: 1 0x000000008000446e (0x2bfc1b53) f22 0x8000000000000000
core   0: 0x0000000080004472 (0x000cfa93) andi    s5, s9, 0
core   0: 1 0x0000000080004472 (0x000cfa93) x21 0x0000000000000000
core   0: 0x0000000080004476 (0x00c4c333) xor     t1, s1, a2
core   0: 1 0x0000000080004476 (0x00c4c333) x6  0x0000000000000028
core   0: 0x000000008000447a (0x0afefa53) fsub.d  fs4, ft9, fa5
core   0: 1 0x000000008000447a (0x0afefa53) f20 0x7ff8000000000000
core   0: 0x000000008000447e (0x00e31193) slli    gp, t1, 14
core   0: 1 0x000000008000447e (0x00e31193) x3  0x00000000000a0000
core   0: 0x0000000080004482 (0x0000953e) c.add   a0, a5
core   0: 1 0x0000000080004482 (0x953e) x10 0x0000000080004456
core   0: 0x0000000080004484 (0x001023f3) csrrs   t2, fflags, zero
core   0: 1 0x0000000080004484 (0x001023f3) x7  0x0000000000000010
core   0: 0x0000000080004488 (0x00219bf3) csrrw   s7, frm, gp
core   0: 1 0x0000000080004488 (0x00219bf3) x23 0x0000000000000000 c2_frm 0x0000000000000000
core   0: 0x000000008000448c (0x008e903b) sllw    zero, t4, s0
core   0: 1 0x000000008000448c (0x008e903b)
core   0: 0x0000000080004490 (0x4017fe53) fcvt.s.d ft8, fa5
core   0: 1 0x0000000080004490 (0x4017fe53) f28 0xffffffff7fc00000
core   0: 0x0000000080004494 (0xc23ef253) fcvt.lu.d tp, ft9
core   0: 1 0x0000000080004494 (0xc23ef253) c1_fflags 0x0000000000000010 x4  0xffffffffffffffff
core   0: 0x0000000080004498 (0x9793e393) ori     t2, t2, -1671
core   0: 1 0x0000000080004498 (0x9793e393) x7  0xfffffffffffff979
core   0: 0x000000008000449c (0x024b5493) srli    s1, s6, 36
core   0: 1 0x000000008000449c (0x024b5493) x9  0x000000000fffffff
core   0: 0x00000000800044a0 (0x015e92b3) sll     t0, t4, s5
core   0: 1 0x00000000800044a0 (0x015e92b3) x5  0xffffffff80012046
core   0: 0x00000000800044a4 (0x13fffdcf) fnmadd.d fs11, ft11, ft11, ft2
core   0: 1 0x00000000800044a4 (0x13fffdcf) f27 0x7ff8000000000000
core   0: 0x00000000800044a8 (0x00000001) c.nop
core   0: 1 0x00000000800044a8 (0x0001)
core   0: 0x00000000800044aa (0x009c8c33) add     s8, s9, s1
core   0: 1 0x00000000800044aa (0x009c8c33) x24 0xffffffff900042a5
core   0: 0x00000000800044ae (0x01a27233) and     tp, tp, s10
core   0: 1 0x00000000800044ae (0x01a27233) x4  0x7ff8000000000000
core   0: 0x00000000800044b2 (0xcc910a1b) addiw   s4, sp, -823
core   0: 1 0x00000000800044b2 (0xcc910a1b) x20 0xfffffffffffffcda
core   0: 0x00000000800044b6 (0xc0287dd3) fcvt.l.s s11, fa6
core   0: 1 0x00000000800044b6 (0xc0287dd3) x27 0x0000000000000000
core   0: 0x00000000800044ba (0x001ed0bb) srlw    ra, t4, ra
core   0: 1 0x00000000800044ba (0x001ed0bb) x1  0x0000000000000800
core   0: 0x00000000800044be (0x4000d313) srai    t1, ra, 0
core   0: 1 0x00000000800044be (0x4000d313) x6  0x0000000000000800
core   0: 0x00000000800044c2 (0x23510a53) fsgnj.d fs4, ft2, fs5
core   0: 1 0x00000000800044c2 (0x23510a53) f20 0x7ff8000000000000
core   0: 0x00000000800044c6 (0x51439017) auipc   zero, 0x51439
core   0: 1 0x00000000800044c6 (0x51439017)
core   0: 0x00000000800044ca (0x0211e033) rem     zero, gp, ra
core   0: 1 0x00000000800044ca (0x0211e033)
core   0: 0x00000000800044ce (0xda4c6713) ori     a4, s8, -604
core   0: 1 0x00000000800044ce (0xda4c6713) x14 0xffffffffffffffa5
core   0: 0x00000000800044d2 (0x03277ab3) remu    s5, a4, s2
core   0: 1 0x00000000800044d2 (0x03277ab3) x21 0x000000003bd3ffa5
core   0: 0x00000000800044d6 (0xc034fdd3) fcvt.lu.s s11, fs1
core   0: 1 0x00000000800044d6 (0xc034fdd3) c1_fflags 0x0000000000000010 x27 0xffffffffffffffff
core   0: 0x00000000800044da (0x015b523b) srlw    tp, s6, s5
core   0: 1 0x00000000800044da (0x015b523b) x4  0x0000000007ffffff
core   0: 0x00000000800044de (0x00005c3b) srlw    s8, zero, zero
core   0: 1 0x00000000800044de (0x00005c3b) x24 0x0000000000000000
core   0: 0x00000000800044e2 (0x02dc5433) divu    s0, s8, a3
core   0: 1 0x00000000800044e2 (0x02dc5433) x8  0xffffffffffffffff
core   0: 0x00000000800044e6 (0x0319c0b3) div     ra, s3, a7
core   0: 1 0x00000000800044e6 (0x0319c0b3) x1  0x0000000000000000
core   0: 0x00000000800044ea (0x013c15bb) sllw    a1, s8, s3
core   0: 1 0x00000000800044ea (0x013c15bb) x11 0x0000000000000000
core   0: 0x00000000800044ee (0xc03a75d3) fcvt.lu.s a1, fs4
core   0: 1 0x00000000800044ee (0xc03a75d3) c1_fflags 0x0000000000000010 x11 0xffffffffffffffff
core   0: 0x00000000800044f2 (0xc00361f3) csrrsi  gp, cycle, 6
core   0: exception trap_illegal_instruction, epc 0x00000000800044f2
core   0:           tval 0x00000000c00361f3
core   0: >>>>  $xrv64i2p1_m2p0_a2p1_f2p2_d2p2_zicsr2p0_zifencei2p0_zmmul1p0_zba1p0_zbb1p0_zbc1p0_zbs1p0
core   0: 0x0000000080004000 (0x0080006f) j       pc + 0x8
core   0: 3 0x0000000080004000 (0x0080006f)
core   0: >>>>  mmode_exception_handler
core   0: 0x0000000080004008 (0x00002c17) auipc   s8, 0x2
core   0: 3 0x0000000080004008 (0x00002c17) x24 0x0000000080006008
core   0: 0x000000008000400c (0x09ac0c13) addi    s8, s8, 154
core   0: 3 0x000000008000400c (0x09ac0c13) x24 0x00000000800060a2
core   0: 0x0000000080004010 (0x000c00e7) jalr    s8
core   0: 3 0x0000000080004010 (0x000c00e7) x1  0x0000000080004014
core   0: >>>>  any_handler
core   0: 0x00000000800060a2 (0x341027f3) csrrs   a5, mepc, zero
core   0: 3 0x00000000800060a2 (0x341027f3) x15 0x00000000800044f2
core   0: 0x00000000800060a6 (0x34202773) csrrs   a4, mcause, zero
core   0: 3 0x00000000800060a6 (0x34202773) x14 0x0000000000000002
core   0: 0x00000000800060aa (0x142026f3) csrrs   a3, scause, zero
core   0: 3 0x00000000800060aa (0x142026f3) x13 0x0000000000000000
core   0: 0x00000000800060ae (0x30402673) csrrs   a2, mie, zero
core   0: 3 0x00000000800060ae (0x30402673) x12 0x0000000000000a00
core   0: 0x00000000800060b2 (0x344025f3) csrrs   a1, mip, zero
core   0: 3 0x00000000800060b2 (0x344025f3) x11 0x0000000000000080
core   0: 0x00000000800060b6 (0x343025f3) csrrs   a1, mtval, zero
core   0: 3 0x00000000800060b6 (0x343025f3) x11 0x00000000c00361f3
core   0: 0x00000000800060ba (0x14302573) csrrs   a0, stval, zero
core   0: 3 0x00000000800060ba (0x14302573) x10 0x0000000000000000
core   0: 0x00000000800060be (0xb02024f3) csrrs   s1, minstret, zero
core   0: 3 0x00000000800060be (0xb02024f3) x9  0x0000000000000a6b
core   0: 0x00000000800060c2 (0x0000a811) c.j     pc + 20
core   0: 3 0x00000000800060c2 (0xa811)
core   0: >>>>  mepc_4
core   0: 0x00000000800060d6 (0x00000791) c.addi  a5, 4
core   0: 3 0x00000000800060d6 (0x0791) x15 0x00000000800044f6
core   0: 0x00000000800060d8 (0x34179073) csrrw   zero, mepc, a5
core   0: 3 0x00000000800060d8 (0x34179073) c833_mepc 0x00000000800044f6
core   0: 0x00000000800060dc (0x30200073) mret
core   0: 3 0x00000000800060dc (0x30200073) c768_mstatus 0x8000000a00106080
core   0: 0x00000000800044f6 (0x0ff0000f) fence   iorw,iorw
core   0: 1 0x00000000800044f6 (0x0ff0000f)
core   0: 0x00000000800044fa (0x52ed7c47) fmsub.d fs8, fs10, fa4, fa0
core   0: 1 0x00000000800044fa (0x52ed7c47) f24 0x7ff8000000000000
core   0: 0x00000000800044fe (0xa2e70353) fle.d   t1, fa4, fa4
core   0: 1 0x00000000800044fe (0xa2e70353) c1_fflags 0x0000000000000010 x6  0x0000000000000000
core   0: 0x0000000080004502 (0x01b9a533) slt     a0, s3, s11
core   0: 1 0x0000000080004502 (0x01b9a533) x10 0x0000000000000000
core   0: 0x0000000080004506 (0x008a161b) slliw   a2, s4, 8
core   0: 1 0x0000000080004506 (0x008a161b) x12 0xfffffffffffcda00
core   0: 0x000000008000450a (0x0032dc33) srl     s8, t0, gp
core   0: 1 0x000000008000450a (0x0032dc33) x24 0xffffffff80012046
core   0: 0x000000008000450e (0xc2d9f443) fmadd.d fs0, fs3, fa3, fs8
core   0: 1 0x000000008000450e (0xc2d9f443) f8  0x7ff8000000000000
core   0: 0x0000000080004512 (0x0073a533) slt     a0, t2, t2
core   0: 1 0x0000000080004512 (0x0073a533) x10 0x0000000000000000
core   0: 0x0000000080004516 (0x01a1e7b3) or      a5, gp, s10
core   0: 1 0x0000000080004516 (0x01a1e7b3) x15 0x7ff80000000a0000
core   0: 0x000000008000451a (0x40a55b33) sra     s6, a0, a0
core   0: 1 0x000000008000451a (0x40a55b33) x22 0x0000000000000000
core   0: 0x000000008000451e (0x800ded93) ori     s11, s11, -2048
core   0: 1 0x000000008000451e (0x800ded93) x27 0xffffffffffffffff
core   0: 0x0000000080004522 (0x002b0c33) add     s8, s6, sp
core   0: 1 0x0000000080004522 (0x002b0c33) x24 0x0000000000000011
core   0: 0x0000000080004526 (0x41cbdd33) sra     s10, s7, t3
core   0: 1 0x0000000080004526 (0x41cbdd33) x26 0x0000000000000000
core   0: 0x000000008000452a (0xd031ff53) fcvt.s.lu ft10, gp
core   0: 1 0x000000008000452a (0xd031ff53) f30 0xffffffff49200000
core   0: 0x000000008000452e (0x0339b333) mulhu   t1, s3, s3
core   0: 1 0x000000008000452e (0x0339b333) x6  0x0000000000000000
core   0: 0x0000000080004532 (0x0009541b) srliw   s0, s2, 0
core   0: 1 0x0000000080004532 (0x0009541b) x8  0xffffffffc42c0000
core   0: 0x0000000080004536 (0x424cdc93) srai    s9, s9, 36
core   0: 1 0x0000000080004536 (0x424cdc93) x25 0xffffffffffffffff
core   0: 0x000000008000453a (0x00c0adb3) slt     s11, ra, a2
core   0: 1 0x000000008000453a (0x00c0adb3) x27 0x0000000000000000
core   0: 0x000000008000453e (0x23ff8553) fsgnj.d fa0, ft11, ft11
core   0: 1 0x000000008000453e (0x23ff8553) f10 0x8000000000000000
core   0: 0x0000000080004542 (0x021a053b) mulw    a0, s4, ra
core   0: 1 0x0000000080004542 (0x021a053b) x10 0xffffffffff364108
core   0: 0x0000000080004546 (0x40ad5b33) sra     s6, s10, a0
core   0: 1 0x0000000080004546 (0x40ad5b33) x22 0x0000000000000000
core   0: 0x000000008000454a (0x5a0ff053) fsqrt.d ft0, ft11
core   0: 1 0x000000008000454a (0x5a0ff053) f0  0x8000000000000000
core   0: 0x000000008000454e (0x02d0fd53) fadd.d  fs10, ft1, fa3
core   0: 1 0x000000008000454e (0x02d0fd53) f26 0x7ff8000000000000
core   0: 0x0000000080004552 (0x00000001) c.nop
core   0: 1 0x0000000080004552 (0x0001)
core   0: 0x0000000080004554 (0x026c6bbb) remw    s7, s8, t1
core   0: 1 0x0000000080004554 (0x026c6bbb) x23 0x0000000000000011
core   0: 0x0000000080004558 (0x00102173) csrrs   sp, fflags, zero
core   0: 1 0x0000000080004558 (0x00102173) x2  0x0000000000000010
core   0: 0x000000008000455c (0xc038f4d3) fcvt.lu.s s1, fa7
core   0: 1 0x000000008000455c (0xc038f4d3) x9  0x0000000000000000
core   0: 0x0000000080004560 (0xac0e8213) addi    tp, t4, -1344
core   0: 1 0x0000000080004560 (0xac0e8213) x4  0xffffffff80011b06
core   0: 0x0000000080004564 (0x7b00f0f3) csrrci  ra, dcsr, 1
core   0: exception trap_illegal_instruction, epc 0x0000000080004564
core   0:           tval 0x000000007b00f0f3
core   0: >>>>  $xrv64i2p1_m2p0_a2p1_f2p2_d2p2_zicsr2p0_zifencei2p0_zmmul1p0_zba1p0_zbb1p0_zbc1p0_zbs1p0
core   0: 0x0000000080004000 (0x0080006f) j       pc + 0x8
core   0: 3 0x0000000080004000 (0x0080006f)
core   0: >>>>  mmode_exception_handler
core   0: 0x0000000080004008 (0x00002c17) auipc   s8, 0x2
core   0: 3 0x0000000080004008 (0x00002c17) x24 0x0000000080006008
core   0: 0x000000008000400c (0x09ac0c13) addi    s8, s8, 154
core   0: 3 0x000000008000400c (0x09ac0c13) x24 0x00000000800060a2
core   0: 0x0000000080004010 (0x000c00e7) jalr    s8
core   0: 3 0x0000000080004010 (0x000c00e7) x1  0x0000000080004014
core   0: >>>>  any_handler
core   0: 0x00000000800060a2 (0x341027f3) csrrs   a5, mepc, zero
core   0: 3 0x00000000800060a2 (0x341027f3) x15 0x0000000080004564
core   0: 0x00000000800060a6 (0x34202773) csrrs   a4, mcause, zero
core   0: 3 0x00000000800060a6 (0x34202773) x14 0x0000000000000002
core   0: 0x00000000800060aa (0x142026f3) csrrs   a3, scause, zero
core   0: 3 0x00000000800060aa (0x142026f3) x13 0x0000000000000000
core   0: 0x00000000800060ae (0x30402673) csrrs   a2, mie, zero
core   0: 3 0x00000000800060ae (0x30402673) x12 0x0000000000000a00
core   0: 0x00000000800060b2 (0x344025f3) csrrs   a1, mip, zero
core   0: 3 0x00000000800060b2 (0x344025f3) x11 0x0000000000000080
core   0: 0x00000000800060b6 (0x343025f3) csrrs   a1, mtval, zero
core   0: 3 0x00000000800060b6 (0x343025f3) x11 0x000000007b00f0f3
core   0: 0x00000000800060ba (0x14302573) csrrs   a0, stval, zero
core   0: 3 0x00000000800060ba (0x14302573) x10 0x0000000000000000
core   0: 0x00000000800060be (0xb02024f3) csrrs   s1, minstret, zero
core   0: 3 0x00000000800060be (0xb02024f3) x9  0x0000000000000a97
core   0: 0x00000000800060c2 (0x0000a811) c.j     pc + 20
core   0: 3 0x00000000800060c2 (0xa811)
core   0: >>>>  mepc_4
core   0: 0x00000000800060d6 (0x00000791) c.addi  a5, 4
core   0: 3 0x00000000800060d6 (0x0791) x15 0x0000000080004568
core   0: 0x00000000800060d8 (0x34179073) csrrw   zero, mepc, a5
core   0: 3 0x00000000800060d8 (0x34179073) c833_mepc 0x0000000080004568
core   0: 0x00000000800060dc (0x30200073) mret
core   0: 3 0x00000000800060dc (0x30200073) c768_mstatus 0x8000000a00106080
core   0: 0x0000000080004568 (0x0a95f753) fsub.d  fa4, fa1, fs1
core   0: 1 0x0000000080004568 (0x0a95f753) f14 0x7ff8000000000000
core   0: 0x000000008000456c (0xd03c74d3) fcvt.s.lu fs1, s8
core   0: 1 0x000000008000456c (0xd03c74d3) c1_fflags 0x0000000000000011 f9  0xffffffff4f000061
core   0: 0x0000000080004570 (0x00c34e33) xor     t3, t1, a2
core   0: 1 0x0000000080004570 (0x00c34e33) x28 0x0000000000000a00
core   0: 0x0000000080004574 (0xd20e0a53) fcvt.d.w fs4, t3
core   0: 1 0x0000000080004574 (0xd20e0a53) f20 0x40a4000000000000
core   0: 0x0000000080004578 (0x0067539b) srliw   t2, a4, 6
core   0: 1 0x0000000080004578 (0x0067539b) x7  0x0000000000000000
core   0: 0x000000008000457c (0x6102f117) auipc   sp, 0x6102f
core   0: 1 0x000000008000457c (0x6102f117) x2  0x00000000e103357c
core   0: 0x0000000080004580 (0x00ec5b33) srl     s6, s8, a4
core   0: 1 0x0000000080004580 (0x00ec5b33) x22 0x0000000020001828
core   0: 0x0000000080004584 (0x00000001) c.nop
core   0: 1 0x0000000080004584 (0x0001)
core   0: 0x0000000080004586 (0x41cd0233) sub     tp, s10, t3
core   0: 1 0x0000000080004586 (0x41cd0233) x4  0xfffffffffffff600
core   0: 0x000000008000458a (0x00d68433) add     s0, a3, a3
core   0: 1 0x000000008000458a (0x00d68433) x8  0x0000000000000000
core   0: 0x000000008000458e (0x2a9787d3) fmin.d  fa5, fa5, fs1
core   0: 1 0x000000008000458e (0x2a9787d3) f15 0x7ff8000000000000
core   0: 0x0000000080004592 (0x41840cb3) sub     s9, s0, s8
core   0: 1 0x0000000080004592 (0x41840cb3) x25 0xffffffff7fff9f5e
core   0: 0x0000000080004596 (0xc02dfed3) fcvt.l.s t4, fs11
core   0: 1 0x0000000080004596 (0xc02dfed3) c1_fflags 0x0000000000000011 x29 0x7fffffffffffffff
core   0: 0x000000008000459a (0xfe62c737) lui     a4, 0xfe62c
core   0: 1 0x000000008000459a (0xfe62c737) x14 0xfffffffffe62c000
core   0: 0x000000008000459e (0x9c17071b) addiw   a4, a4, -1599
core   0: 1 0x000000008000459e (0x9c17071b) x14 0xfffffffffe62b9c1
core   0: 0x00000000800045a2 (0x0000073a) c.slli  a4, 14
core   0: 1 0x00000000800045a2 (0x073a) x14 0xffffff98ae704000
core   0: 0x00000000800045a4 (0xb2970713) addi    a4, a4, -1239
core   0: 1 0x00000000800045a4 (0xb2970713) x14 0xffffff98ae703b29
core   0: 0x00000000800045a8 (0xc5b6e4b7) lui     s1, 0xc5b6e
core   0: 1 0x00000000800045a8 (0xc5b6e4b7) x9  0xffffffffc5b6e000
core   0: 0x00000000800045ac (0x00139a1b) slliw   s4, t2, 1
core   0: 1 0x00000000800045ac (0x00139a1b) x20 0x0000000000000000
core   0: 0x00000000800045b0 (0x001b9b73) csrrw   s6, fflags, s7
core   0: 1 0x00000000800045b0 (0x001b9b73) x22 0x0000000000000011 c1_fflags 0x0000000000000011
core   0: 0x00000000800045b4 (0x00b955bb) srlw    a1, s2, a1
core   0: 1 0x00000000800045b4 (0x00b955bb) x11 0x0000000000001885
core   0: 0x00000000800045b8 (0x6395f5c7) fmsub.d fa1, fa1, fs9, fa2
core   0: 1 0x00000000800045b8 (0x6395f5c7) f11 0x7ff8000000000000
core   0: 0x00000000800045bc (0x02638cb3) mul     s9, t2, t1
core   0: 1 0x00000000800045bc (0x02638cb3) x25 0x0000000000000000
core   0: 0x00000000800045c0 (0x03537b53) fadd.d  fs6, ft6, fs5
core   0: 1 0x00000000800045c0 (0x03537b53) f22 0x7ff8000000000000
core   0: 0x00000000800045c4 (0xa2900dd3) fle.d   s11, ft0, fs1
core   0: 1 0x00000000800045c4 (0xa2900dd3) c1_fflags 0x0000000000000011 x27 0x0000000000000000
core   0: 0x00000000800045c8 (0x000e1e93) slli    t4, t3, 0
core   0: 1 0x00000000800045c8 (0x000e1e93) x29 0x0000000000000a00
core   0: 0x00000000800045cc (0x42028ed3) fcvt.d.s ft9, ft5
core   0: 1 0x00000000800045cc (0x42028ed3) f29 0x7ff8000000000000
core   0: 0x00000000800045d0 (0x5a576d93) ori     s11, a4, 1445
core   0: 1 0x00000000800045d0 (0x5a576d93) x27 0xffffff98ae703fad
core   0: 0x00000000800045d4 (0x1048bc73) csrrc   s8, sie, a7
core   0: 1 0x00000000800045d4 (0x1048bc73) x24 0x0000000000000000 c772_mie 0x0000000000000a00
core   0: 0x00000000800045d8 (0xb354fdcb) fnmsub.d fs11, fs1, fs5, fs6
core   0: 1 0x00000000800045d8 (0xb354fdcb) f27 0x7ff8000000000000
core   0: 0x00000000800045dc (0x00102073) csrrs   zero, fflags, zero
core   0: 1 0x00000000800045dc (0x00102073)
core   0: 0x00000000800045e0 (0xd220f153) fcvt.d.l ft2, ra
core   0: 1 0x00000000800045e0 (0xd220f153) f2  0x41e0000802800000
core   0: 0x00000000800045e4 (0xc2067e53) fcvt.w.d t3, fa2
core   0: 1 0x00000000800045e4 (0xc2067e53) c1_fflags 0x0000000000000011 x28 0x000000007fffffff
core   0: 0x00000000800045e8 (0x03cbc733) div     a4, s7, t3
core   0: 1 0x00000000800045e8 (0x03cbc733) x14 0x0000000000000000
core   0: 0x00000000800045ec (0x10a07073) csrrci  zero, senvcfg, 0
core   0: 1 0x00000000800045ec (0x10a07073)
core   0: 0x00000000800045f0 (0x0a10f0d3) fsub.d  ft1, ft1, ft1
core   0: 1 0x00000000800045f0 (0x0a10f0d3) f1  0x7ff8000000000000
core   0: 0x00000000800045f4 (0x22289153) fsgnjn.d ft2, fa7, ft2
core   0: 1 0x00000000800045f4 (0x22289153) f2  0xffffffff00000000
core   0: 0x00000000800045f8 (0xd23c7cd3) fcvt.d.lu fs9, s8
core   0: 1 0x00000000800045f8 (0xd23c7cd3) f25 0x0000000000000000
core   0: 0x00000000800045fc (0xc0307bd3) fcvt.lu.s s7, ft0
core   0: 1 0x00000000800045fc (0xc0307bd3) c1_fflags 0x0000000000000011 x23 0xffffffffffffffff
core   0: 0x0000000080004600 (0xd038fdd3) fcvt.s.lu fs11, a7
core   0: 1 0x0000000080004600 (0xd038fdd3) f27 0xffffffff41880000
core   0: 0x0000000080004604 (0x0000810a) c.mv    sp, sp
core   0: 1 0x0000000080004604 (0x810a) x2  0x00000000e103357c
core   0: 0x0000000080004606 (0x02555533) divu    a0, a0, t0
core   0: 1 0x0000000080004606 (0x02555533) x10 0x0000000000000000
core   0: 0x000000008000460a (0x03ce5e33) divu    t3, t3, t3
core   0: 1 0x000000008000460a (0x03ce5e33) x28 0x0000000000000001
core   0: 0x000000008000460e (0x1b5dfd53) fdiv.d  fs10, fs11, fs5
core   0: 1 0x000000008000460e (0x1b5dfd53) f26 0x7ff8000000000000
core   0: 0x0000000080004612 (0x02f1d713) srli    a4, gp, 47
core   0: 1 0x0000000080004612 (0x02f1d713) x14 0x0000000000000000
core   0: 0x0000000080004616 (0x32073df3) csrrc   s11, mcountinhibit, a4
core   0: exception trap_illegal_instruction, epc 0x0000000080004616
core   0:           tval 0x0000000032073df3
core   0: >>>>  $xrv64i2p1_m2p0_a2p1_f2p2_d2p2_zicsr2p0_zifencei2p0_zmmul1p0_zba1p0_zbb1p0_zbc1p0_zbs1p0
core   0: 0x0000000080004000 (0x0080006f) j       pc + 0x8
core   0: 3 0x0000000080004000 (0x0080006f)
core   0: >>>>  mmode_exception_handler
core   0: 0x0000000080004008 (0x00002c17) auipc   s8, 0x2
core   0: 3 0x0000000080004008 (0x00002c17) x24 0x0000000080006008
core   0: 0x000000008000400c (0x09ac0c13) addi    s8, s8, 154
core   0: 3 0x000000008000400c (0x09ac0c13) x24 0x00000000800060a2
core   0: 0x0000000080004010 (0x000c00e7) jalr    s8
core   0: 3 0x0000000080004010 (0x000c00e7) x1  0x0000000080004014
core   0: >>>>  any_handler
core   0: 0x00000000800060a2 (0x341027f3) csrrs   a5, mepc, zero
core   0: 3 0x00000000800060a2 (0x341027f3) x15 0x0000000080004616
core   0: 0x00000000800060a6 (0x34202773) csrrs   a4, mcause, zero
core   0: 3 0x00000000800060a6 (0x34202773) x14 0x0000000000000002
core   0: 0x00000000800060aa (0x142026f3) csrrs   a3, scause, zero
core   0: 3 0x00000000800060aa (0x142026f3) x13 0x0000000000000000
core   0: 0x00000000800060ae (0x30402673) csrrs   a2, mie, zero
core   0: 3 0x00000000800060ae (0x30402673) x12 0x0000000000000a00
core   0: 0x00000000800060b2 (0x344025f3) csrrs   a1, mip, zero
core   0: 3 0x00000000800060b2 (0x344025f3) x11 0x0000000000000080
core   0: 0x00000000800060b6 (0x343025f3) csrrs   a1, mtval, zero
core   0: 3 0x00000000800060b6 (0x343025f3) x11 0x0000000032073df3
core   0: 0x00000000800060ba (0x14302573) csrrs   a0, stval, zero
core   0: 3 0x00000000800060ba (0x14302573) x10 0x0000000000000000
core   0: 0x00000000800060be (0xb02024f3) csrrs   s1, minstret, zero
core   0: 3 0x00000000800060be (0xb02024f3) x9  0x0000000000000ad4
core   0: 0x00000000800060c2 (0x0000a811) c.j     pc + 20
core   0: 3 0x00000000800060c2 (0xa811)
core   0: >>>>  mepc_4
core   0: 0x00000000800060d6 (0x00000791) c.addi  a5, 4
core   0: 3 0x00000000800060d6 (0x0791) x15 0x000000008000461a
core   0: 0x00000000800060d8 (0x34179073) csrrw   zero, mepc, a5
core   0: 3 0x00000000800060d8 (0x34179073) c833_mepc 0x000000008000461a
core   0: 0x00000000800060dc (0x30200073) mret
core   0: 3 0x00000000800060dc (0x30200073) c768_mstatus 0x8000000a00106080
core   0: 0x000000008000461a (0xc224f053) fcvt.l.d zero, fs1
core   0: 1 0x000000008000461a (0xc224f053) c1_fflags 0x0000000000000011
core   0: 0x000000008000461e (0x00000001) c.nop
core   0: 1 0x000000008000461e (0x0001)
core   0: 0x0000000080004620 (0x00e710bb) sllw    ra, a4, a4
core   0: 1 0x0000000080004620 (0x00e710bb) x1  0x0000000000000008
core   0: 0x0000000080004624 (0x01740d33) add     s10, s0, s7
core   0: 1 0x0000000080004624 (0x01740d33) x26 0xffffffffffffffff
core   0: 0x0000000080004628 (0xf214091b) addiw   s2, s0, -223
core   0: 1 0x0000000080004628 (0xf214091b) x18 0xffffffffffffff21
core   0: 0x000000008000462c (0x23cca5d3) fsgnjx.d fa1, fs9, ft8
core   0: 1 0x000000008000462c (0x23cca5d3) f11 0x8000000000000000
core   0: 0x0000000080004630 (0x023c71b3) remu    gp, s8, gp
core   0: 1 0x0000000080004630 (0x023c71b3) x3  0x00000000000860a2
core   0: 0x0000000080004634 (0x401176d3) fcvt.s.d fa3, ft2
core   0: 1 0x0000000080004634 (0x401176d3) f13 0xffffffff7fc00000
core   0: 0x0000000080004638 (0x0b7c7bd3) fsub.d  fs7, fs8, fs7
core   0: 1 0x0000000080004638 (0x0b7c7bd3) f23 0x7ff8000000000000
core   0: 0x000000008000463c (0x40e4573b) sraw    a4, s0, a4
core   0: 1 0x000000008000463c (0x40e4573b) x14 0x0000000000000000
core   0: 0x0000000080004640 (0x22c62dd3) fsgnjx.d fs11, fa2, fa2
core   0: 1 0x0000000080004640 (0x22c62dd3) f27 0x7fffffff00000000
core   0: 0x0000000080004644 (0x01e7159b) slliw   a1, a4, 30
core   0: 1 0x0000000080004644 (0x01e7159b) x11 0x0000000000000000
core   0: 0x0000000080004648 (0xd02779d3) fcvt.s.l fs3, a4
core   0: 1 0x0000000080004648 (0xd02779d3) f19 0xffffffff00000000
core   0: 0x000000008000464c (0x23caa9d3) fsgnjx.d fs3, fs5, ft8
core   0: 1 0x000000008000464c (0x23caa9d3) f19 0xfff8000000000000
core   0: 0x0000000080004650 (0x0130163b) sllw    a2, zero, s3
core   0: 1 0x0000000080004650 (0x0130163b) x12 0x0000000000000000
core   0: 0x0000000080004654 (0xffe15ab7) lui     s5, 0xffe15
core   0: 1 0x0000000080004654 (0xffe15ab7) x21 0xffffffffffe15000
core   0: 0x0000000080004658 (0xf13a8a9b) addiw   s5, s5, -237
core   0: 1 0x0000000080004658 (0xf13a8a9b) x21 0xffffffffffe14f13
core   0: 0x000000008000465c (0x00000aca) c.slli  s5, 18
core   0: 1 0x000000008000465c (0x0aca) x21 0xffffff853c4c0000
core   0: 0x000000008000465e (0xbe8a8a93) addi    s5, s5, -1048
core   0: 1 0x000000008000465e (0xbe8a8a93) x21 0xffffff853c4bfbe8
core   0: 0x0000000080004662 (0x00000001) c.nop
core   0: 1 0x0000000080004662 (0x0001)
core   0: 0x0000000080004664 (0x00202073) csrrs   zero, frm, zero
core   0: 1 0x0000000080004664 (0x00202073)
core   0: 0x0000000080004668 (0x001a4a13) xori    s4, s4, 1
core   0: 1 0x0000000080004668 (0x001a4a13) x20 0x0000000000000001
core   0: 0x000000008000466c (0x014b7733) and     a4, s6, s4
core   0: 1 0x000000008000466c (0x014b7733) x14 0x0000000000000001
core   0: 0x0000000080004670 (0x23371753) fsgnjn.d fa4, fa4, fs3
core   0: 1 0x0000000080004670 (0x23371753) f14 0x7ff8000000000000
core   0: 0x0000000080004674 (0xd22771d3) fcvt.d.l ft3, a4
core   0: 1 0x0000000080004674 (0xd22771d3) f3  0x3ff0000000000000
core   0: 0x0000000080004678 (0xa27188d3) fle.d   a7, ft3, ft7
core   0: 1 0x0000000080004678 (0xa27188d3) c1_fflags 0x0000000000000011 x17 0x0000000000000000
core   0: 0x000000008000467c (0xc22e72d3) fcvt.l.d t0, ft8
core   0: 1 0x000000008000467c (0xc22e72d3) c1_fflags 0x0000000000000011 x5  0x7fffffffffffffff
core   0: 0x0000000080004680 (0x407ad833) sra     a6, s5, t2
core   0: 1 0x0000000080004680 (0x407ad833) x16 0xffffff853c4bfbe8
core   0: 0x0000000080004684 (0x01087633) and     a2, a6, a6
core   0: 1 0x0000000080004684 (0x01087633) x12 0xffffff853c4bfbe8
core   0: 0x0000000080004688 (0x0001991b) slliw   s2, gp, 0
core   0: 1 0x0000000080004688 (0x0001991b) x18 0x00000000000860a2
core   0: 0x000000008000468c (0x1a39f453) fdiv.d  fs0, fs3, ft3
core   0: 1 0x000000008000468c (0x1a39f453) f8  0x7ff8000000000000
core   0: 0x0000000080004690 (0x1554dab7) lui     s5, 0x1554d
core   0: 1 0x0000000080004690 (0x1554dab7) x21 0x000000001554d000
core   0: 0x0000000080004694 (0xc229f853) fcvt.l.d a6, fs3
core   0: 1 0x0000000080004694 (0xc229f853) c1_fflags 0x0000000000000011 x16 0x7fffffffffffffff
core   0: 0x0000000080004698 (0x004727b3) slt     a5, a4, tp
core   0: 1 0x0000000080004698 (0x004727b3) x15 0x0000000000000000
core   0: 0x000000008000469c (0x0017dd9b) srliw   s11, a5, 1
core   0: 1 0x000000008000469c (0x0017dd9b) x27 0x0000000000000000
core   0: 0x00000000800046a0 (0x01d799b3) sll     s3, a5, t4
core   0: 1 0x00000000800046a0 (0x01d799b3) x19 0x0000000000000000
core   0: 0x00000000800046a4 (0xc65b8c37) lui     s8, 0xc65b8
core   0: 1 0x00000000800046a4 (0xc65b8c37) x24 0xffffffffc65b8000
core   0: 0x00000000800046a8 (0xe20701d3) fmv.x.d gp, fa4
core   0: 1 0x00000000800046a8 (0xe20701d3) x3  0x7ff8000000000000
core   0: 0x00000000800046ac (0x41658eb3) sub     t4, a1, s6
core   0: 1 0x00000000800046ac (0x41658eb3) x29 0xffffffffffffffef
core   0: 0x00000000800046b0 (0xd038f053) fcvt.s.lu ft0, a7
core   0: 1 0x00000000800046b0 (0xd038f053) f0  0xffffffff00000000
core   0: 0x00000000800046b4 (0x000c1393) slli    t2, s8, 0
core   0: 1 0x00000000800046b4 (0x000c1393) x7  0xffffffffc65b8000
core   0: 0x00000000800046b8 (0xd224f5d3) fcvt.d.l fa1, s1
core   0: 1 0x00000000800046b8 (0xd224f5d3) f11 0x40a5a80000000000
core   0: 0x00000000800046bc (0x03a8cd3b) divw    s10, a7, s10
core   0: 1 0x00000000800046bc (0x03a8cd3b) x26 0x0000000000000000
core   0: 0x00000000800046c0 (0x018c8cbb) addw    s9, s9, s8
core   0: 1 0x00000000800046c0 (0x018c8cbb) x25 0xffffffffc65b8000
core   0: 0x00000000800046c4 (0x03f81c93) slli    s9, a6, 63
core   0: 1 0x00000000800046c4 (0x03f81c93) x25 0x8000000000000000
core   0: 0x00000000800046c8 (0x001029f3) csrrs   s3, fflags, zero
core   0: 1 0x00000000800046c8 (0x001029f3) x19 0x0000000000000011
core   0: 0x00000000800046cc (0x01d0dc1b) srliw   s8, ra, 29
core   0: 1 0x00000000800046cc (0x01d0dc1b) x24 0x0000000000000000
core   0: 0x00000000800046d0 (0x00bbd5bb) srlw    a1, s7, a1
core   0: 1 0x00000000800046d0 (0x00bbd5bb) x11 0xffffffffffffffff
core   0: 0x00000000800046d4 (0x5a0471d3) fsqrt.d ft3, fs0
core   0: 1 0x00000000800046d4 (0x5a0471d3) f3  0x7ff8000000000000
core   0: 0x00000000800046d8 (0x0034d83b) srlw    a6, s1, gp
core   0: 1 0x00000000800046d8 (0x0034d83b) x16 0x0000000000000ad4
core   0: 0x00000000800046dc (0x087f3437) lui     s0, 0x87f3
core   0: 1 0x00000000800046dc (0x087f3437) x8  0x00000000087f3000
core   0: 0x00000000800046e0 (0x5b927b47) fmsub.d fs6, ft4, fs9, fa1
core   0: 1 0x00000000800046e0 (0x5b927b47) f22 0xc0a5a80000000000
core   0: 0x00000000800046e4 (0x003cda3b) srlw    s4, s9, gp
core   0: 1 0x00000000800046e4 (0x003cda3b) x20 0x0000000000000000
core   0: 0x00000000800046e8 (0x4a2af14f) fnmadd.d ft2, fs5, ft2, fs1
core   0: 1 0x00000000800046e8 (0x4a2af14f) f2  0x7ff8000000000000
core   0: 0x00000000800046ec (0x00091e3b) sllw    t3, s2, zero
core   0: 1 0x00000000800046ec (0x00091e3b) x28 0x00000000000860a2
core   0: 0x00000000800046f0 (0x800e7993) andi    s3, t3, -2048
core   0: 1 0x00000000800046f0 (0x800e7993) x19 0x0000000000086000
core   0: 0x00000000800046f4 (0x7ff40113) addi    sp, s0, 2047
core   0: 1 0x00000000800046f4 (0x7ff40113) x2  0x00000000087f37ff
core   0: 0x00000000800046f8 (0x413e0d3b) subw    s10, t3, s3
core   0: 1 0x00000000800046f8 (0x413e0d3b) x26 0x00000000000000a2
core   0: 0x00000000800046fc (0xda37794f) fnmadd.d fs2, fa4, ft3, fs11
core   0: 1 0x00000000800046fc (0xda37794f) f18 0x7ff8000000000000
core   0: 0x0000000080004700 (0x002a9af3) csrrw   s5, frm, s5
core   0: 1 0x0000000080004700 (0x002a9af3) x21 0x0000000000000000 c2_frm 0x0000000000000000
core   0: 0x0000000080004704 (0x00000001) c.nop
core   0: 1 0x0000000080004704 (0x0001)
core   0: 0x0000000080004706 (0x005292bb) sllw    t0, t0, t0
core   0: 1 0x0000000080004706 (0x005292bb) x5  0xffffffff80000000
core   0: 0x000000008000470a (0x4184561b) sraiw   a2, s0, 24
core   0: 1 0x000000008000470a (0x4184561b) x12 0x0000000000000008
core   0: 0x000000008000470e (0x13cdf653) fmul.d  fa2, fs11, ft8
core   0: 1 0x000000008000470e (0x13cdf653) f12 0x7ff8000000000000
core   0: 0x0000000080004712 (0xd20b85d3) fcvt.d.w fa1, s7
core   0: 1 0x0000000080004712 (0xd20b85d3) f11 0xbff0000000000000
core   0: 0x0000000080004716 (0xe20e0253) fmv.x.d tp, ft8
core   0: 1 0x0000000080004716 (0xe20e0253) x4  0xffffffff7fc00000
core   0: 0x000000008000471a (0x00cb5ebb) srlw    t4, s6, a2
core   0: 1 0x000000008000471a (0x00cb5ebb) x29 0x0000000000000000
core   0: 0x000000008000471e (0x2bc10f53) fmin.d  ft10, ft2, ft8
core   0: 1 0x000000008000471e (0x2bc10f53) f30 0x7ff8000000000000
core   0: 0x0000000080004722 (0x009e9cbb) sllw    s9, t4, s1
core   0: 1 0x0000000080004722 (0x009e9cbb) x25 0x0000000000000000
core   0: 0x0000000080004726 (0x00065e1b) srliw   t3, a2, 0
core   0: 1 0x0000000080004726 (0x00065e1b) x28 0x0000000000000008
core   0: 0x000000008000472a (0xd20908d3) fcvt.d.w fa7, s2
core   0: 1 0x000000008000472a (0xd20908d3) f17 0x4120c14400000000
core   0: 0x000000008000472e (0x000d1d13) slli    s10, s10, 0
core   0: 1 0x000000008000472e (0x000d1d13) x26 0x00000000000000a2
core   0: 0x0000000080004732 (0x00a0db9b) srliw   s7, ra, 10
core   0: 1 0x0000000080004732 (0x00a0db9b) x23 0x0000000000000000
core   0: 0x0000000080004736 (0xd22cf2d3) fcvt.d.l ft5, s9
core   0: 1 0x0000000080004736 (0xd22cf2d3) f5  0x0000000000000000
core   0: 0x000000008000473a (0x1bd379c3) fmadd.d fs3, ft6, ft9, ft3
core   0: 1 0x000000008000473a (0x1bd379c3) f19 0x7ff8000000000000
core   0: 0x000000008000473e (0x5a09f8d3) fsqrt.d fa7, fs3
core   0: 1 0x000000008000473e (0x5a09f8d3) f17 0x7ff8000000000000
core   0: 0x0000000080004742 (0x5a0efed3) fsqrt.d ft9, ft9
core   0: 1 0x0000000080004742 (0x5a0efed3) f29 0x7ff8000000000000
core   0: 0x0000000080004746 (0xa2a50e53) fle.d   t3, fa0, fa0
core   0: 1 0x0000000080004746 (0xa2a50e53) x28 0x0000000000000001
core   0: 0x000000008000474a (0xfdaf51b7) lui     gp, 0xfdaf5
core   0: 1 0x000000008000474a (0xfdaf51b7) x3  0xfffffffffdaf5000
core   0: 0x000000008000474e (0x404257bb) sraw    a5, tp, tp
core   0: 1 0x000000008000474e (0x404257bb) x15 0x000000007fc00000
core   0: 0x0000000080004752 (0x01a6d7bb) srlw    a5, a3, s10
core   0: 1 0x0000000080004752 (0x01a6d7bb) x15 0x0000000000000000
core   0: 0x0000000080004756 (0x00189473) csrrw   s0, fflags, a7
core   0: 1 0x0000000080004756 (0x00189473) x8  0x0000000000000011 c1_fflags 0x0000000000000000
core   0: 0x000000008000475a (0x222a0153) fsgnj.d ft2, fs4, ft2
core   0: 1 0x000000008000475a (0x222a0153) f2  0x40a4000000000000
core   0: 0x000000008000475e (0x019ad6bb) srlw    a3, s5, s9
core   0: 1 0x000000008000475e (0x019ad6bb) x13 0x0000000000000000
core   0: 0x0000000080004762 (0xd036f053) fcvt.s.lu ft0, a3
core   0: 1 0x0000000080004762 (0xd036f053) f0  0xffffffff00000000
core   0: 0x0000000080004766 (0xc22179d3) fcvt.l.d s3, ft2
core   0: 1 0x0000000080004766 (0xc22179d3) x19 0x0000000000000a00
core   0: 0x000000008000476a (0xd229fbd3) fcvt.d.l fs7, s3
core   0: 1 0x000000008000476a (0xd229fbd3) f23 0x40a4000000000000
core   0: 0x000000008000476e (0xc32b70b7) lui     ra, 0xc32b7
core   0: 1 0x000000008000476e (0xc32b70b7) x1  0xffffffffc32b7000
core   0: 0x0000000080004772 (0x32382b73) csrrs   s6, mhpmevent3, a6
core   0: exception trap_illegal_instruction, epc 0x0000000080004772
core   0:           tval 0x0000000032382b73
core   0: >>>>  $xrv64i2p1_m2p0_a2p1_f2p2_d2p2_zicsr2p0_zifencei2p0_zmmul1p0_zba1p0_zbb1p0_zbc1p0_zbs1p0
core   0: 0x0000000080004000 (0x0080006f) j       pc + 0x8
core   0: 3 0x0000000080004000 (0x0080006f)
core   0: >>>>  mmode_exception_handler
core   0: 0x0000000080004008 (0x00002c17) auipc   s8, 0x2
core   0: 3 0x0000000080004008 (0x00002c17) x24 0x0000000080006008
core   0: 0x000000008000400c (0x09ac0c13) addi    s8, s8, 154
core   0: 3 0x000000008000400c (0x09ac0c13) x24 0x00000000800060a2
core   0: 0x0000000080004010 (0x000c00e7) jalr    s8
core   0: 3 0x0000000080004010 (0x000c00e7) x1  0x0000000080004014
core   0: >>>>  any_handler
core   0: 0x00000000800060a2 (0x341027f3) csrrs   a5, mepc, zero
core   0: 3 0x00000000800060a2 (0x341027f3) x15 0x0000000080004772
core   0: 0x00000000800060a6 (0x34202773) csrrs   a4, mcause, zero
core   0: 3 0x00000000800060a6 (0x34202773) x14 0x0000000000000002
core   0: 0x00000000800060aa (0x142026f3) csrrs   a3, scause, zero
core   0: 3 0x00000000800060aa (0x142026f3) x13 0x0000000000000000
core   0: 0x00000000800060ae (0x30402673) csrrs   a2, mie, zero
core   0: 3 0x00000000800060ae (0x30402673) x12 0x0000000000000a00
core   0: 0x00000000800060b2 (0x344025f3) csrrs   a1, mip, zero
core   0: 3 0x00000000800060b2 (0x344025f3) x11 0x0000000000000080
core   0: 0x00000000800060b6 (0x343025f3) csrrs   a1, mtval, zero
core   0: 3 0x00000000800060b6 (0x343025f3) x11 0x0000000032382b73
core   0: 0x00000000800060ba (0x14302573) csrrs   a0, stval, zero
core   0: 3 0x00000000800060ba (0x14302573) x10 0x0000000000000000
core   0: 0x00000000800060be (0xb02024f3) csrrs   s1, minstret, zero
core   0: 3 0x00000000800060be (0xb02024f3) x9  0x0000000000000b3c
core   0: 0x00000000800060c2 (0x0000a811) c.j     pc + 20
core   0: 3 0x00000000800060c2 (0xa811)
core   0: >>>>  mepc_4
core   0: 0x00000000800060d6 (0x00000791) c.addi  a5, 4
core   0: 3 0x00000000800060d6 (0x0791) x15 0x0000000080004776
core   0: 0x00000000800060d8 (0x34179073) csrrw   zero, mepc, a5
core   0: 3 0x00000000800060d8 (0x34179073) c833_mepc 0x0000000080004776
core   0: 0x00000000800060dc (0x30200073) mret
core   0: 3 0x00000000800060dc (0x30200073) c768_mstatus 0x8000000a00106080
core   0: 0x0000000080004776 (0xbbe176c3) fmadd.d fa3, ft2, ft10, fs7
core   0: 1 0x0000000080004776 (0xbbe176c3) f13 0x7ff8000000000000
core   0: 0x000000008000477a (0x01d55a93) srli    s5, a0, 29
core   0: 1 0x000000008000477a (0x01d55a93) x21 0x0000000000000000
core   0: 0x000000008000477e (0x40fe52bb) sraw    t0, t3, a5
core   0: 1 0x000000008000477e (0x40fe52bb) x5  0x0000000000000000
core   0: 0x0000000080004782 (0x91006997) auipc   s3, 0x91006
core   0: 1 0x0000000080004782 (0x91006997) x19 0x000000001100a782
core   0: 0x0000000080004786 (0xc0365b73) csrrwi  s6, hpmcounter3, 12
core   0: exception trap_illegal_instruction, epc 0x0000000080004786
core   0:           tval 0x00000000c0365b73
core   0: >>>>  $xrv64i2p1_m2p0_a2p1_f2p2_d2p2_zicsr2p0_zifencei2p0_zmmul1p0_zba1p0_zbb1p0_zbc1p0_zbs1p0
core   0: 0x0000000080004000 (0x0080006f) j       pc + 0x8
core   0: 3 0x0000000080004000 (0x0080006f)
core   0: >>>>  mmode_exception_handler
core   0: 0x0000000080004008 (0x00002c17) auipc   s8, 0x2
core   0: 3 0x0000000080004008 (0x00002c17) x24 0x0000000080006008
core   0: 0x000000008000400c (0x09ac0c13) addi    s8, s8, 154
core   0: 3 0x000000008000400c (0x09ac0c13) x24 0x00000000800060a2
core   0: 0x0000000080004010 (0x000c00e7) jalr    s8
core   0: 3 0x0000000080004010 (0x000c00e7) x1  0x0000000080004014
core   0: >>>>  any_handler
core   0: 0x00000000800060a2 (0x341027f3) csrrs   a5, mepc, zero
core   0: 3 0x00000000800060a2 (0x341027f3) x15 0x0000000080004786
core   0: 0x00000000800060a6 (0x34202773) csrrs   a4, mcause, zero
core   0: 3 0x00000000800060a6 (0x34202773) x14 0x0000000000000002
core   0: 0x00000000800060aa (0x142026f3) csrrs   a3, scause, zero
core   0: 3 0x00000000800060aa (0x142026f3) x13 0x0000000000000000
core   0: 0x00000000800060ae (0x30402673) csrrs   a2, mie, zero
core   0: 3 0x00000000800060ae (0x30402673) x12 0x0000000000000a00
core   0: 0x00000000800060b2 (0x344025f3) csrrs   a1, mip, zero
core   0: 3 0x00000000800060b2 (0x344025f3) x11 0x0000000000000080
core   0: 0x00000000800060b6 (0x343025f3) csrrs   a1, mtval, zero
core   0: 3 0x00000000800060b6 (0x343025f3) x11 0x00000000c0365b73
core   0: 0x00000000800060ba (0x14302573) csrrs   a0, stval, zero
core   0: 3 0x00000000800060ba (0x14302573) x10 0x0000000000000000
core   0: 0x00000000800060be (0xb02024f3) csrrs   s1, minstret, zero
core   0: 3 0x00000000800060be (0xb02024f3) x9  0x0000000000000b50
core   0: 0x00000000800060c2 (0x0000a811) c.j     pc + 20
core   0: 3 0x00000000800060c2 (0xa811)
core   0: >>>>  mepc_4
core   0: 0x00000000800060d6 (0x00000791) c.addi  a5, 4
core   0: 3 0x00000000800060d6 (0x0791) x15 0x000000008000478a
core   0: 0x00000000800060d8 (0x34179073) csrrw   zero, mepc, a5
core   0: 3 0x00000000800060d8 (0x34179073) c833_mepc 0x000000008000478a
core   0: 0x00000000800060dc (0x30200073) mret
core   0: 3 0x00000000800060dc (0x30200073) c768_mstatus 0x8000000a00106080
core   0: 0x000000008000478a (0xa2030353) fle.d   t1, ft6, ft0
core   0: 1 0x000000008000478a (0xa2030353) c1_fflags 0x0000000000000010 x6  0x0000000000000000
core   0: 0x000000008000478e (0x2b2b8953) fmin.d  fs2, fs7, fs2
core   0: 1 0x000000008000478e (0x2b2b8953) f18 0x40a4000000000000
core   0: 0x0000000080004792 (0x401b78d3) fcvt.s.d fa7, fs6
core   0: 1 0x0000000080004792 (0x401b78d3) f17 0xffffffffc52d4000
core   0: 0x0000000080004796 (0x00000001) c.nop
core   0: 1 0x0000000080004796 (0x0001)
core   0: 0x0000000080004798 (0xc214fe53) fcvt.wu.d t3, fs1
core   0: 1 0x0000000080004798 (0xc214fe53) c1_fflags 0x0000000000000010 x28 0xffffffffffffffff
core   0: 0x000000008000479c (0x03d164b3) rem     s1, sp, t4
core   0: 1 0x000000008000479c (0x03d164b3) x9  0x00000000087f37ff
core   0: 0x00000000800047a0 (0xc220fc53) fcvt.l.d s8, ft1
core   0: 1 0x00000000800047a0 (0xc220fc53) c1_fflags 0x0000000000000010 x24 0x7fffffffffffffff
core   0: 0x00000000800047a4 (0x01528d37) lui     s10, 0x1528
core   0: 1 0x00000000800047a4 (0x01528d37) x26 0x0000000001528000
core   0: 0x00000000800047a8 (0x8e1d0d1b) addiw   s10, s10, -1823
core   0: 1 0x00000000800047a8 (0x8e1d0d1b) x26 0x00000000015278e1
core   0: 0x00000000800047ac (0x00000d36) c.slli  s10, 13
core   0: 1 0x00000000800047ac (0x0d36) x26 0x0000002a4f1c2000
core   0: 0x00000000800047ae (0xb92d0d13) addi    s10, s10, -1134
core   0: 1 0x00000000800047ae (0xb92d0d13) x26 0x0000002a4f1c1b92
core   0: 0x00000000800047b2 (0x36ad039b) addiw   t2, s10, 874
core   0: 1 0x00000000800047b2 (0x36ad039b) x7  0x000000004f1c1efc
core   0: 0x00000000800047b6 (0xc02b7ad3) fcvt.l.s s5, fs6
core   0: 1 0x00000000800047b6 (0xc02b7ad3) c1_fflags 0x0000000000000010 x21 0x7fffffffffffffff
core   0: 0x00000000800047ba (0xc218f453) fcvt.wu.d s0, fa7
core   0: 1 0x00000000800047ba (0xc218f453) c1_fflags 0x0000000000000010 x8  0xffffffffffffffff
core   0: 0x00000000800047be (0xd2257453) fcvt.d.l fs0, a0
core   0: 1 0x00000000800047be (0xd2257453) f8  0x0000000000000000
core   0: 0x00000000800047c2 (0x415702b3) sub     t0, a4, s5
core   0: 1 0x00000000800047c2 (0x415702b3) x5  0x8000000000000003
core   0: 0x00000000800047c6 (0x0280b7b3) mulhu   a5, ra, s0
core   0: 1 0x00000000800047c6 (0x0280b7b3) x15 0x0000000080004013
core   0: 0x00000000800047ca (0xc20bf1d3) fcvt.w.d gp, fs7
core   0: 1 0x00000000800047ca (0xc20bf1d3) x3  0x0000000000000a00
core   0: 0x00000000800047ce (0x00e7d91b) srliw   s2, a5, 14
core   0: 1 0x00000000800047ce (0x00e7d91b) x18 0x0000000000020001
core   0: 0x00000000800047d2 (0x00000001) c.nop
core   0: 1 0x00000000800047d2 (0x0001)
core   0: 0x00000000800047d4 (0x003e88b3) add     a7, t4, gp
core   0: 1 0x00000000800047d4 (0x003e88b3) x17 0x0000000000000a00
core   0: 0x00000000800047d8 (0x01f8141b) slliw   s0, a6, 31
core   0: 1 0x00000000800047d8 (0x01f8141b) x8  0x0000000000000000
core   0: 0x00000000800047dc (0x00009d93) slli    s11, ra, 0
core   0: 1 0x00000000800047dc (0x00009d93) x27 0x0000000080004014
core   0: 0x00000000800047e0 (0xc23df353) fcvt.lu.d t1, fs11
core   0: 1 0x00000000800047e0 (0xc23df353) c1_fflags 0x0000000000000010 x6  0xffffffffffffffff
core   0: 0x00000000800047e4 (0x0034ae33) slt     t3, s1, gp
core   0: 1 0x00000000800047e4 (0x0034ae33) x28 0x0000000000000000
core   0: 0x00000000800047e8 (0xd20e0653) fcvt.d.w fa2, t3
core   0: 1 0x00000000800047e8 (0xd20e0653) f12 0x0000000000000000
core   0: 0x00000000800047ec (0x01de053b) addw    a0, t3, t4
core   0: 1 0x00000000800047ec (0x01de053b) x10 0x0000000000000000
core   0: 0x00000000800047f0 (0xf2020953) fmv.d.x fs2, tp
core   0: 1 0x00000000800047f0 (0xf2020953) f18 0xffffffff7fc00000
core   0: 0x00000000800047f4 (0x02305133) divu    sp, zero, gp
core   0: 1 0x00000000800047f4 (0x02305133) x2  0x0000000000000000
core   0: 0x00000000800047f8 (0x0ac9f653) fsub.d  fa2, fs3, fa2
core   0: 1 0x00000000800047f8 (0x0ac9f653) f12 0x7ff8000000000000
core   0: 0x00000000800047fc (0xd024f353) fcvt.s.l ft6, s1
core   0: 1 0x00000000800047fc (0xd024f353) c1_fflags 0x0000000000000011 f6  0xffffffff4d07f380
core   0: 0x0000000080004800 (0x0000032a) c.slli  t1, 10
core   0: 1 0x0000000080004800 (0x032a) x6  0xfffffffffffffc00
core   0: 0x0000000080004802 (0xd750cc93) xori    s9, ra, -651
core   0: 1 0x0000000080004802 (0xd750cc93) x25 0xffffffff7fffbd61
core   0: 0x0000000080004806 (0x00015693) srli    a3, sp, 0
core   0: 1 0x0000000080004806 (0x00015693) x13 0x0000000000000000
core   0: 0x000000008000480a (0x02b75733) divu    a4, a4, a1
core   0: 1 0x000000008000480a (0x02b75733) x14 0x0000000000000000
core   0: 0x000000008000480e (0x0398043b) mulw    s0, a6, s9
core   0: 1 0x000000008000480e (0x0398043b) x8  0xfffffffffd2e9e54
core   0: 0x0000000080004812 (0x001024f3) csrrs   s1, fflags, zero
core   0: 1 0x0000000080004812 (0x001024f3) x9  0x0000000000000011
core   0: 0x0000000080004816 (0xc207fe53) fcvt.w.d t3, fa5
core   0: 1 0x0000000080004816 (0xc207fe53) c1_fflags 0x0000000000000011 x28 0x000000007fffffff
core   0: 0x000000008000481a (0xe20c0cd3) fmv.x.d s9, fs8
core   0: 1 0x000000008000481a (0xe20c0cd3) x25 0x7ff8000000000000
core   0: 0x000000008000481e (0x011874b3) and     s1, a6, a7
core   0: 1 0x000000008000481e (0x011874b3) x9  0x0000000000000a00
core   0: 0x0000000080004822 (0x012b8033) add     zero, s7, s2
core   0: 1 0x0000000080004822 (0x012b8033)
core   0: 0x0000000080004826 (0xfa104eb7) lui     t4, 0xfa104
core   0: 1 0x0000000080004826 (0xfa104eb7) x29 0xfffffffffa104000
core   0: 0x000000008000482a (0x5bbe8e9b) addiw   t4, t4, 1467
core   0: 1 0x000000008000482a (0x5bbe8e9b) x29 0xfffffffffa1045bb
core   0: 0x000000008000482e (0x00000eb2) c.slli  t4, 12
core   0: 1 0x000000008000482e (0x0eb2) x29 0xffffffa1045bb000
core   0: 0x0000000080004830 (0xe72e8e93) addi    t4, t4, -398
core   0: 1 0x0000000080004830 (0xe72e8e93) x29 0xffffffa1045bae72
core   0: 0x0000000080004834 (0xf1597473) csrrci  s0, mconfigptr, 18
core   0: exception trap_illegal_instruction, epc 0x0000000080004834
core   0:           tval 0x00000000f1597473
core   0: >>>>  $xrv64i2p1_m2p0_a2p1_f2p2_d2p2_zicsr2p0_zifencei2p0_zmmul1p0_zba1p0_zbb1p0_zbc1p0_zbs1p0
core   0: 0x0000000080004000 (0x0080006f) j       pc + 0x8
core   0: 3 0x0000000080004000 (0x0080006f)
core   0: >>>>  mmode_exception_handler
core   0: 0x0000000080004008 (0x00002c17) auipc   s8, 0x2
core   0: 3 0x0000000080004008 (0x00002c17) x24 0x0000000080006008
core   0: 0x000000008000400c (0x09ac0c13) addi    s8, s8, 154
core   0: 3 0x000000008000400c (0x09ac0c13) x24 0x00000000800060a2
core   0: 0x0000000080004010 (0x000c00e7) jalr    s8
core   0: 3 0x0000000080004010 (0x000c00e7) x1  0x0000000080004014
core   0: >>>>  any_handler
core   0: 0x00000000800060a2 (0x341027f3) csrrs   a5, mepc, zero
core   0: 3 0x00000000800060a2 (0x341027f3) x15 0x0000000080004834
core   0: 0x00000000800060a6 (0x34202773) csrrs   a4, mcause, zero
core   0: 3 0x00000000800060a6 (0x34202773) x14 0x0000000000000002
core   0: 0x00000000800060aa (0x142026f3) csrrs   a3, scause, zero
core   0: 3 0x00000000800060aa (0x142026f3) x13 0x0000000000000000
core   0: 0x00000000800060ae (0x30402673) csrrs   a2, mie, zero
core   0: 3 0x00000000800060ae (0x30402673) x12 0x0000000000000a00
core   0: 0x00000000800060b2 (0x344025f3) csrrs   a1, mip, zero
core   0: 3 0x00000000800060b2 (0x344025f3) x11 0x0000000000000080
core   0: 0x00000000800060b6 (0x343025f3) csrrs   a1, mtval, zero
core   0: 3 0x00000000800060b6 (0x343025f3) x11 0x00000000f1597473
core   0: 0x00000000800060ba (0x14302573) csrrs   a0, stval, zero
core   0: 3 0x00000000800060ba (0x14302573) x10 0x0000000000000000
core   0: 0x00000000800060be (0xb02024f3) csrrs   s1, minstret, zero
core   0: 3 0x00000000800060be (0xb02024f3) x9  0x0000000000000b8d
core   0: 0x00000000800060c2 (0x0000a811) c.j     pc + 20
core   0: 3 0x00000000800060c2 (0xa811)
core   0: >>>>  mepc_4
core   0: 0x00000000800060d6 (0x00000791) c.addi  a5, 4
core   0: 3 0x00000000800060d6 (0x0791) x15 0x0000000080004838
core   0: 0x00000000800060d8 (0x34179073) csrrw   zero, mepc, a5
core   0: 3 0x00000000800060d8 (0x34179073) c833_mepc 0x0000000080004838
core   0: 0x00000000800060dc (0x30200073) mret
core   0: 3 0x00000000800060dc (0x30200073) c768_mstatus 0x8000000a00106080
core   0: 0x0000000080004838 (0x0280c0bb) divw    ra, ra, s0
core   0: 1 0x0000000080004838 (0x0280c0bb) x1  0x000000000000002d
core   0: 0x000000008000483c (0xd0357653) fcvt.s.lu fa2, a0
core   0: 1 0x000000008000483c (0xd0357653) f12 0xffffffff00000000
core   0: 0x0000000080004840 (0x0ff0000f) fence   iorw,iorw
core   0: 1 0x0000000080004840 (0x0ff0000f)
core   0: 0x0000000080004844 (0x7ff00013) li      zero, 2047
core   0: 1 0x0000000080004844 (0x7ff00013)
core   0: 0x0000000080004848 (0xabaff747) fmsub.d fa4, ft11, fs10, fs5
core   0: 1 0x0000000080004848 (0xabaff747) f14 0x7ff8000000000000
core   0: 0x000000008000484c (0x405582b3) sub     t0, a1, t0
core   0: 1 0x000000008000484c (0x405582b3) x5  0x80000000f1597470
core   0: 0x0000000080004850 (0x40050533) sub     a0, a0, zero
core   0: 1 0x0000000080004850 (0x40050533) x10 0x0000000000000000
core   0: 0x0000000080004854 (0x02d6f6b3) remu    a3, a3, a3
core   0: 1 0x0000000080004854 (0x02d6f6b3) x13 0x0000000000000000
core   0: 0x0000000080004858 (0x22cd95d3) fsgnjn.d fa1, fs11, fa2
core   0: 1 0x0000000080004858 (0x22cd95d3) f11 0x7fffffff00000000
core   0: 0x000000008000485c (0x1b47ad17) auipc   s10, 0x1b47a
core   0: 1 0x000000008000485c (0x1b47ad17) x26 0x000000009b47e85c
core   0: 0x0000000080004860 (0x401bd71b) sraiw   a4, s7, 1
core   0: 1 0x0000000080004860 (0x401bd71b) x14 0x0000000000000000
core   0: 0x0000000080004864 (0x417c5c33) sra     s8, s8, s7
core   0: 1 0x0000000080004864 (0x417c5c33) x24 0x00000000800060a2
core   0: 0x0000000080004868 (0x00ae5d3b) srlw    s10, t3, a0
core   0: 1 0x0000000080004868 (0x00ae5d3b) x26 0x000000007fffffff
core   0: 0x000000008000486c (0x420b8ed3) fcvt.d.s ft9, fs7
core   0: 1 0x000000008000486c (0x420b8ed3) f29 0x7ff8000000000000
core   0: 0x0000000080004870 (0xc0377cd3) fcvt.lu.s s9, fa4
core   0: 1 0x0000000080004870 (0xc0377cd3) c1_fflags 0x0000000000000011 x25 0xffffffffffffffff
core   0: 0x0000000080004874 (0xf20702d3) fmv.d.x ft5, a4
core   0: 1 0x0000000080004874 (0xf20702d3) f5  0x0000000000000000
core   0: 0x0000000080004878 (0xc22ef053) fcvt.l.d zero, ft9
core   0: 1 0x0000000080004878 (0xc22ef053) c1_fflags 0x0000000000000011
core   0: 0x000000008000487c (0x0179c8b3) xor     a7, s3, s7
core   0: 1 0x000000008000487c (0x0179c8b3) x17 0x000000001100a782
core   0: 0x0000000080004880 (0x0018db13) srli    s6, a7, 1
core   0: 1 0x0000000080004880 (0x0018db13) x22 0x00000000088053c1
core   0: 0x0000000080004884 (0x40a65633) sra     a2, a2, a0
core   0: 1 0x0000000080004884 (0x40a65633) x12 0x0000000000000a00
core   0: 0x0000000080004888 (0x40de843b) subw    s0, t4, a3
core   0: 1 0x0000000080004888 (0x40de843b) x8  0x00000000045bae72
core   0: 0x000000008000488c (0xc212f7d3) fcvt.wu.d a5, ft5
core   0: 1 0x000000008000488c (0xc212f7d3) x15 0x0000000000000000
core   0: 0x0000000080004890 (0x01f8901b) slliw   zero, a7, 31
core   0: 1 0x0000000080004890 (0x01f8901b)
core   0: 0x0000000080004894 (0x2a49724f) fnmadd.d ft4, fs2, ft4, ft5
core   0: 1 0x0000000080004894 (0x2a49724f) f4  0x7ff8000000000000
core   0: 0x0000000080004898 (0x4018f153) fcvt.s.d ft2, fa7
core   0: 1 0x0000000080004898 (0x4018f153) f2  0xffffffff7fc00000
core   0: 0x000000008000489c (0x01fbdb1b) srliw   s6, s7, 31
core   0: 1 0x000000008000489c (0x01fbdb1b) x22 0x0000000000000000
core   0: 0x00000000800048a0 (0x00009cbd) c.addw  s1, a5
core   0: 1 0x00000000800048a0 (0x9cbd) x9  0x0000000000000b8d
core   0: 0x00000000800048a2 (0x032bf6bb) remuw   a3, s7, s2
core   0: 1 0x00000000800048a2 (0x032bf6bb) x13 0x0000000000000000
core   0: 0x00000000800048a6 (0x0019de1b) srliw   t3, s3, 1
core   0: 1 0x00000000800048a6 (0x0019de1b) x28 0x00000000088053c1
core   0: 0x00000000800048aa (0x01ab8533) add     a0, s7, s10
core   0: 1 0x00000000800048aa (0x01ab8533) x10 0x000000007fffffff
core   0: 0x00000000800048ae (0x00ce163b) sllw    a2, t3, a2
core   0: 1 0x00000000800048ae (0x00ce163b) x12 0x00000000088053c1
core   0: 0x00000000800048b2 (0x5a0a7a53) fsqrt.d fs4, fs4
core   0: 1 0x00000000800048b2 (0x5a0a7a53) c1_fflags 0x0000000000000011 f20 0x40494c583ada5b53
core   0: 0x00000000800048b6 (0x00a12433) slt     s0, sp, a0
core   0: 1 0x00000000800048b6 (0x00a12433) x8  0x0000000000000001
core   0: 0x00000000800048ba (0x0174e237) lui     tp, 0x174e
core   0: 1 0x00000000800048ba (0x0174e237) x4  0x000000000174e000
core   0: 0x00000000800048be (0x86b2021b) addiw   tp, tp, -1941
core   0: 1 0x00000000800048be (0x86b2021b) x4  0x000000000174d86b
core   0: 0x00000000800048c2 (0x00000236) c.slli  tp, 13
core   0: 1 0x00000000800048c2 (0x0236) x4  0x0000002e9b0d6000
core   0: 0x00000000800048c4 (0x35b20213) addi    tp, tp, 859
core   0: 1 0x00000000800048c4 (0x35b20213) x4  0x0000002e9b0d635b
core   0: 0x00000000800048c8 (0x9a346d93) ori     s11, s0, -1629
core   0: 1 0x00000000800048c8 (0x9a346d93) x27 0xfffffffffffff9a3
core   0: 0x00000000800048cc (0xc0317153) fcvt.lu.s sp, ft2
core   0: 1 0x00000000800048cc (0xc0317153) c1_fflags 0x0000000000000011 x2  0xffffffffffffffff
core   0: 0x00000000800048d0 (0x001d6a13) ori     s4, s10, 1
core   0: 1 0x00000000800048d0 (0x001d6a13) x20 0x000000007fffffff
core   0: 0x00000000800048d4 (0x023dd833) divu    a6, s11, gp
core   0: 1 0x00000000800048d4 (0x023dd833) x16 0x0019999999999998
core   0: 0x00000000800048d8 (0x0b7f71d3) fsub.d  ft3, ft10, fs7
core   0: 1 0x00000000800048d8 (0x0b7f71d3) f3  0x7ff8000000000000
core   0: 0x00000000800048dc (0x2af11153) fmax.d  ft2, ft2, fa5
core   0: 1 0x00000000800048dc (0x2af11153) f2  0x7ff8000000000000
core   0: 0x00000000800048e0 (0x002dcab3) xor     s5, s11, sp
core   0: 1 0x00000000800048e0 (0x002dcab3) x21 0x000000000000065c
core   0: 0x00000000800048e4 (0xe13630b7) lui     ra, 0xe1363
core   0: 1 0x00000000800048e4 (0xe13630b7) x1  0xffffffffe1363000
core   0: 0x00000000800048e8 (0xc2ff1617) auipc   a2, 0xc2ff1
core   0: 1 0x00000000800048e8 (0xc2ff1617) x12 0x0000000042ff58e8
core   0: 0x00000000800048ec (0x3aac7e43) fmadd.d ft8, fs8, fa0, ft7
core   0: 1 0x00000000800048ec (0x3aac7e43) f28 0x7ff8000000000000
core   0: 0x00000000800048f0 (0x0380dc3b) divuw   s8, ra, s8
core   0: 1 0x00000000800048f0 (0x0380dc3b) x24 0x0000000000000001
core   0: 0x00000000800048f4 (0x22c122d3) fsgnjx.d ft5, ft2, fa2
core   0: 1 0x00000000800048f4 (0x22c122d3) f5  0xfff8000000000000
core   0: 0x00000000800048f8 (0xf2090053) fmv.d.x ft0, s2
core   0: 1 0x00000000800048f8 (0xf2090053) f0  0x0000000000020001
core   0: 0x00000000800048fc (0x2a029d53) fmax.d  fs10, ft5, ft0
core   0: 1 0x00000000800048fc (0x2a029d53) f26 0x0000000000020001
core   0: 0x0000000080004900 (0x0006599b) srliw   s3, a2, 0
core   0: 1 0x0000000080004900 (0x0006599b) x19 0x0000000042ff58e8
core   0: 0x0000000080004904 (0xd0377fd3) fcvt.s.lu ft11, a4
core   0: 1 0x0000000080004904 (0xd0377fd3) f31 0xffffffff00000000
core   0: 0x0000000080004908 (0x00102e73) csrrs   t3, fflags, zero
core   0: 1 0x0000000080004908 (0x00102e73) x28 0x0000000000000011
core   0: 0x000000008000490c (0x0070d293) srli    t0, ra, 7
core   0: 1 0x000000008000490c (0x0070d293) x5  0x01ffffffffc26c60
core   0: 0x0000000080004910 (0x021ee733) rem     a4, t4, ra
core   0: 1 0x0000000080004910 (0x021ee733) x14 0xffffffffe859be72
core   0: 0x0000000080004914 (0x0142581b) srliw   a6, tp, 20
core   0: 1 0x0000000080004914 (0x0142581b) x16 0x00000000000009b0
core   0: 0x0000000080004918 (0x001028f3) csrrs   a7, fflags, zero
core   0: 1 0x0000000080004918 (0x001028f3) x17 0x0000000000000011
core   0: 0x000000008000491c (0x00845013) srli    zero, s0, 8
core   0: 1 0x000000008000491c (0x00845013)
core   0: 0x0000000080004920 (0x002593f3) csrrw   t2, frm, a1
core   0: 1 0x0000000080004920 (0x002593f3) x7  0x0000000000000000 c2_frm 0x0000000000000003
core   0: 0x0000000080004924 (0x343c6573) csrrsi  a0, mtval, 24
core   0: exception trap_illegal_instruction, epc 0x0000000080004924
core   0:           tval 0x00000000343c6573
core   0: >>>>  $xrv64i2p1_m2p0_a2p1_f2p2_d2p2_zicsr2p0_zifencei2p0_zmmul1p0_zba1p0_zbb1p0_zbc1p0_zbs1p0
core   0: 0x0000000080004000 (0x0080006f) j       pc + 0x8
core   0: 3 0x0000000080004000 (0x0080006f)
core   0: >>>>  mmode_exception_handler
core   0: 0x0000000080004008 (0x00002c17) auipc   s8, 0x2
core   0: 3 0x0000000080004008 (0x00002c17) x24 0x0000000080006008
core   0: 0x000000008000400c (0x09ac0c13) addi    s8, s8, 154
core   0: 3 0x000000008000400c (0x09ac0c13) x24 0x00000000800060a2
core   0: 0x0000000080004010 (0x000c00e7) jalr    s8
core   0: 3 0x0000000080004010 (0x000c00e7) x1  0x0000000080004014
core   0: >>>>  any_handler
core   0: 0x00000000800060a2 (0x341027f3) csrrs   a5, mepc, zero
core   0: 3 0x00000000800060a2 (0x341027f3) x15 0x0000000080004924
core   0: 0x00000000800060a6 (0x34202773) csrrs   a4, mcause, zero
core   0: 3 0x00000000800060a6 (0x34202773) x14 0x0000000000000002
core   0: 0x00000000800060aa (0x142026f3) csrrs   a3, scause, zero
core   0: 3 0x00000000800060aa (0x142026f3) x13 0x0000000000000000
core   0: 0x00000000800060ae (0x30402673) csrrs   a2, mie, zero
core   0: 3 0x00000000800060ae (0x30402673) x12 0x0000000000000a00
core   0: 0x00000000800060b2 (0x344025f3) csrrs   a1, mip, zero
core   0: 3 0x00000000800060b2 (0x344025f3) x11 0x0000000000000080
core   0: 0x00000000800060b6 (0x343025f3) csrrs   a1, mtval, zero
core   0: 3 0x00000000800060b6 (0x343025f3) x11 0x00000000343c6573
core   0: 0x00000000800060ba (0x14302573) csrrs   a0, stval, zero
core   0: 3 0x00000000800060ba (0x14302573) x10 0x0000000000000000
core   0: 0x00000000800060be (0xb02024f3) csrrs   s1, minstret, zero
core   0: 3 0x00000000800060be (0xb02024f3) x9  0x0000000000000bd9
core   0: 0x00000000800060c2 (0x0000a811) c.j     pc + 20
core   0: 3 0x00000000800060c2 (0xa811)
core   0: >>>>  mepc_4
core   0: 0x00000000800060d6 (0x00000791) c.addi  a5, 4
core   0: 3 0x00000000800060d6 (0x0791) x15 0x0000000080004928
core   0: 0x00000000800060d8 (0x34179073) csrrw   zero, mepc, a5
core   0: 3 0x00000000800060d8 (0x34179073) c833_mepc 0x0000000080004928
core   0: 0x00000000800060dc (0x30200073) mret
core   0: 3 0x00000000800060dc (0x30200073) c768_mstatus 0x8000000a00106080
core   0: 0x0000000080004928 (0x00004c13) xori    s8, zero, 0
core   0: 1 0x0000000080004928 (0x00004c13) x24 0x0000000000000000
core   0: 0x000000008000492c (0x0285e43b) remw    s0, a1, s0
core   0: 1 0x000000008000492c (0x0285e43b) x8  0x0000000000000000
core   0: 0x0000000080004930 (0xffb6d0b7) lui     ra, 0xffb6d
core   0: 1 0x0000000080004930 (0xffb6d0b7) x1  0xffffffffffb6d000
core   0: 0x0000000080004934 (0x51f0809b) addiw   ra, ra, 1311
core   0: 1 0x0000000080004934 (0x51f0809b) x1  0xffffffffffb6d51f
core   0: 0x0000000080004938 (0x000000b2) c.slli  ra, 12
core   0: 1 0x0000000080004938 (0x00b2) x1  0xfffffffb6d51f000
core   0: 0x000000008000493a (0x21708093) addi    ra, ra, 535
core   0: 1 0x000000008000493a (0x21708093) x1  0xfffffffb6d51f217
core   0: 0x000000008000493e (0x01244d33) xor     s10, s0, s2
core   0: 1 0x000000008000493e (0x01244d33) x26 0x0000000000020001
core   0: 0x0000000080004942 (0x40fcdd3b) sraw    s10, s9, a5
core   0: 1 0x0000000080004942 (0x40fcdd3b) x26 0xffffffffffffffff
core   0: 0x0000000080004946 (0x0000f093) andi    ra, ra, 0
core   0: 1 0x0000000080004946 (0x0000f093) x1  0x0000000000000000
core   0: 0x000000008000494a (0x017b6a33) or      s4, s6, s7
core   0: 1 0x000000008000494a (0x017b6a33) x20 0x0000000000000000
core   0: 0x000000008000494e (0x005becb3) or      s9, s7, t0
core   0: 1 0x000000008000494e (0x005becb3) x25 0x01ffffffffc26c60
core   0: 0x0000000080004952 (0x038d1e93) slli    t4, s10, 56
core   0: 1 0x0000000080004952 (0x038d1e93) x29 0xff00000000000000
core   0: 0x0000000080004956 (0x01c9f1b3) and     gp, s3, t3
core   0: 1 0x0000000080004956 (0x01c9f1b3) x3  0x0000000000000000
core   0: 0x000000008000495a (0xfbac70cb) fnmsub.d ft1, fs8, fs10, ft11
core   0: 1 0x000000008000495a (0xfbac70cb) f1  0x7ff8000000000000
core   0: 0x000000008000495e (0x0bf87843) fmadd.d fa6, fa6, ft11, ft1
core   0: 1 0x000000008000495e (0x0bf87843) f16 0x7ff8000000000000
core   0: 0x0000000080004962 (0x03466e33) rem     t3, a2, s4
core   0: 1 0x0000000080004962 (0x03466e33) x28 0x0000000000000a00
core   0: 0x0000000080004966 (0xc21d7253) fcvt.wu.d tp, fs10
core   0: 1 0x0000000080004966 (0xc21d7253) c1_fflags 0x0000000000000011 x4  0x0000000000000001
core   0: 0x000000008000496a (0x0ff0000f) fence   iorw,iorw
core   0: 1 0x000000008000496a (0x0ff0000f)
core   0: 0x000000008000496e (0x01d55493) srli    s1, a0, 29
core   0: 1 0x000000008000496e (0x01d55493) x9  0x0000000000000000
core   0: 0x0000000080004972 (0x0a1e7ed3) fsub.d  ft9, ft8, ft1
core   0: 1 0x0000000080004972 (0x0a1e7ed3) f29 0x7ff8000000000000
core   0: 0x0000000080004976 (0xe3087ac3) fmadd.d fs5, fa6, fa6, ft8
core   0: 1 0x0000000080004976 (0xe3087ac3) f21 0x7ff8000000000000
core   0: 0x000000008000497a (0x40075013) srai    zero, a4, 0
core   0: 1 0x000000008000497a (0x40075013)
core   0: 0x000000008000497e (0xd0207053) fcvt.s.l ft0, zero
core   0: 1 0x000000008000497e (0xd0207053) f0  0xffffffff00000000
core   0: 0x0000000080004982 (0x2b9b0dd3) fmin.d  fs11, fs6, fs9
core   0: 1 0x0000000080004982 (0x2b9b0dd3) f27 0xc0a5a80000000000
core   0: 0x0000000080004986 (0xc22ef9d3) fcvt.l.d s3, ft9
core   0: 1 0x0000000080004986 (0xc22ef9d3) c1_fflags 0x0000000000000011 x19 0x7fffffffffffffff
core   0: 0x000000008000498a (0xc02df3d3) fcvt.l.s t2, fs11
core   0: 1 0x000000008000498a (0xc02df3d3) c1_fflags 0x0000000000000011 x7  0x7fffffffffffffff
core   0: 0x000000008000498e (0x01741d93) slli    s11, s0, 23
core   0: 1 0x000000008000498e (0x01741d93) x27 0x0000000000000000
core   0: 0x0000000080004992 (0x020f70c3) fmadd.d ft1, ft10, ft0, ft0
core   0: 1 0x0000000080004992 (0x020f70c3) f1  0x7ff8000000000000
core   0: 0x0000000080004996 (0x001e9c9b) slliw   s9, t4, 1
core   0: 1 0x0000000080004996 (0x001e9c9b) x25 0x0000000000000000
core   0: 0x000000008000499a (0x01947bb3) and     s7, s0, s9
core   0: 1 0x000000008000499a (0x01947bb3) x23 0x0000000000000000
core   0: 0x000000008000499e (0xc020f0d3) fcvt.l.s ra, ft1
core   0: 1 0x000000008000499e (0xc020f0d3) c1_fflags 0x0000000000000011 x1  0x7fffffffffffffff
core   0: 0x00000000800049a2 (0xc203f853) fcvt.w.d a6, ft7
core   0: 1 0x00000000800049a2 (0xc203f853) c1_fflags 0x0000000000000011 x16 0x000000007fffffff
core   0: 0x00000000800049a6 (0x014c5c33) srl     s8, s8, s4
core   0: 1 0x00000000800049a6 (0x014c5c33) x24 0x0000000000000000
core   0: 0x00000000800049aa (0xc232f5d3) fcvt.lu.d a1, ft5
core   0: 1 0x00000000800049aa (0xc232f5d3) c1_fflags 0x0000000000000011 x11 0xffffffffffffffff
core   0: 0x00000000800049ae (0x420b02d3) fcvt.d.s ft5, fs6
core   0: 1 0x00000000800049ae (0x420b02d3) f5  0x7ff8000000000000
core   0: 0x00000000800049b2 (0xd2138553) fcvt.d.wu fa0, t2
core   0: 1 0x00000000800049b2 (0xd2138553) f10 0x41efffffffe00000
core   0: 0x00000000800049b6 (0xc203f2d3) fcvt.w.d t0, ft7
core   0: 1 0x00000000800049b6 (0xc203f2d3) c1_fflags 0x0000000000000011 x5  0x000000007fffffff
core   0: 0x00000000800049ba (0x00bb8d33) add     s10, s7, a1
core   0: 1 0x00000000800049ba (0x00bb8d33) x26 0xffffffffffffffff
core   0: 0x00000000800049be (0xc21e78d3) fcvt.wu.d a7, ft8
core   0: 1 0x00000000800049be (0xc21e78d3) c1_fflags 0x0000000000000011 x17 0xffffffffffffffff
core   0: 0x00000000800049c2 (0xee7e0e1b) addiw   t3, t3, -281
core   0: 1 0x00000000800049c2 (0xee7e0e1b) x28 0x00000000000008e7
core   0: 0x00000000800049c6 (0x43fe5113) srai    sp, t3, 63
core   0: 1 0x00000000800049c6 (0x43fe5113) x2  0x0000000000000000
core   0: 0x00000000800049ca (0x0c3e001b) addiw   zero, t3, 195
core   0: 1 0x00000000800049ca (0x0c3e001b)
core   0: 0x00000000800049ce (0x000bdd13) srli    s10, s7, 0
core   0: 1 0x00000000800049ce (0x000bdd13) x26 0x0000000000000000
core   0: 0x00000000800049d2 (0x016090b3) sll     ra, ra, s6
core   0: 1 0x00000000800049d2 (0x016090b3) x1  0x7fffffffffffffff
core   0: 0x00000000800049d6 (0x41455333) sra     t1, a0, s4
core   0: 1 0x00000000800049d6 (0x41455333) x6  0x0000000000000000
core   0: 0x00000000800049da (0x00000001) c.nop
core   0: 1 0x00000000800049da (0x0001)
core   0: 0x00000000800049dc (0x00d3c0b7) lui     ra, 0xd3c
core   0: 1 0x00000000800049dc (0x00d3c0b7) x1  0x0000000000d3c000
core   0: 0x00000000800049e0 (0xfc10809b) addiw   ra, ra, -63
core   0: 1 0x00000000800049e0 (0xfc10809b) x1  0x0000000000d3bfc1
core   0: 0x00000000800049e4 (0x000000b2) c.slli  ra, 12
core   0: 1 0x00000000800049e4 (0x00b2) x1  0x0000000d3bfc1000
core   0: 0x00000000800049e6 (0x24b08093) addi    ra, ra, 587
core   0: 1 0x00000000800049e6 (0x24b08093) x1  0x0000000d3bfc124b
core   0: 0x00000000800049ea (0x016bc2b3) xor     t0, s7, s6
core   0: 1 0x00000000800049ea (0x016bc2b3) x5  0x0000000000000000
core   0: 0x00000000800049ee (0x03a29093) slli    ra, t0, 58
core   0: 1 0x00000000800049ee (0x03a29093) x1  0x0000000000000000
core   0: 0x00000000800049f2 (0x00009486) c.add   s1, ra
core   0: 1 0x00000000800049f2 (0x9486) x9  0x0000000000000000
core   0: 0x00000000800049f4 (0x00102373) csrrs   t1, fflags, zero
core   0: 1 0x00000000800049f4 (0x00102373) x6  0x0000000000000011
core   0: 0x00000000800049f8 (0x403b503b) sraw    zero, s6, gp
core   0: 1 0x00000000800049f8 (0x403b503b)
core   0: 0x00000000800049fc (0x0ac87853) fsub.d  fa6, fa6, fa2
core   0: 1 0x00000000800049fc (0x0ac87853) f16 0x7ff8000000000000
core   0: 0x0000000080004a00 (0x001b5c1b) srliw   s8, s6, 1
core   0: 1 0x0000000080004a00 (0x001b5c1b) x24 0x0000000000000000
core   0: 0x0000000080004a04 (0xd23072d3) fcvt.d.lu ft5, zero
core   0: 1 0x0000000080004a04 (0xd23072d3) f5  0x0000000000000000
core   0: 0x0000000080004a08 (0x00dc16bb) sllw    a3, s8, a3
core   0: 1 0x0000000080004a08 (0x00dc16bb) x13 0x0000000000000000
core   0: 0x0000000080004a0c (0x001021f3) csrrs   gp, fflags, zero
core   0: 1 0x0000000080004a0c (0x001021f3) x3  0x0000000000000011
core   0: 0x0000000080004a10 (0x0151d73b) srlw    a4, gp, s5
core   0: 1 0x0000000080004a10 (0x0151d73b) x14 0x0000000000000000
core   0: 0x0000000080004a14 (0x01b39d33) sll     s10, t2, s11
core   0: 1 0x0000000080004a14 (0x01b39d33) x26 0x7fffffffffffffff
core   0: 0x0000000080004a18 (0x41f9da1b) sraiw   s4, s3, 31
core   0: 1 0x0000000080004a18 (0x41f9da1b) x20 0xffffffffffffffff
core   0: 0x0000000080004a1c (0x00000001) c.nop
core   0: 1 0x0000000080004a1c (0x0001)
core   0: 0x0000000080004a1e (0xdc314d93) xori    s11, sp, -573
core   0: 1 0x0000000080004a1e (0xdc314d93) x27 0xfffffffffffffdc3
core   0: 0x0000000080004a22 (0x2b8c08d3) fmin.d  fa7, fs8, fs8
core   0: 1 0x0000000080004a22 (0x2b8c08d3) f17 0x7ff8000000000000
core   0: 0x0000000080004a26 (0xc22c7d53) fcvt.l.d s10, fs8
core   0: 1 0x0000000080004a26 (0xc22c7d53) c1_fflags 0x0000000000000011 x26 0x7fffffffffffffff
core   0: 0x0000000080004a2a (0x1a5f7f53) fdiv.d  ft10, ft10, ft5
core   0: 1 0x0000000080004a2a (0x1a5f7f53) f30 0x7ff8000000000000
core   0: 0x0000000080004a2e (0x02c301b3) mul     gp, t1, a2
core   0: 1 0x0000000080004a2e (0x02c301b3) x3  0x000000000000aa00
core   0: 0x0000000080004a32 (0x001451b3) srl     gp, s0, ra
core   0: 1 0x0000000080004a32 (0x001451b3) x3  0x0000000000000000
core   0: 0x0000000080004a36 (0xd02a7bd3) fcvt.s.l fs7, s4
core   0: 1 0x0000000080004a36 (0xd02a7bd3) f23 0xffffffffbf800000
core   0: 0x0000000080004a3a (0x4012f7d3) fcvt.s.d fa5, ft5
core   0: 1 0x0000000080004a3a (0x4012f7d3) f15 0xffffffff00000000
core   0: 0x0000000080004a3e (0xd23975d3) fcvt.d.lu fa1, s2
core   0: 1 0x0000000080004a3e (0xd23975d3) f11 0x4100000800000000
core   0: 0x0000000080004a42 (0xc000aef3) csrrs   t4, cycle, ra
core   0: exception trap_illegal_instruction, epc 0x0000000080004a42
core   0:           tval 0x00000000c000aef3
core   0: >>>>  $xrv64i2p1_m2p0_a2p1_f2p2_d2p2_zicsr2p0_zifencei2p0_zmmul1p0_zba1p0_zbb1p0_zbc1p0_zbs1p0
core   0: 0x0000000080004000 (0x0080006f) j       pc + 0x8
core   0: 3 0x0000000080004000 (0x0080006f)
core   0: >>>>  mmode_exception_handler
core   0: 0x0000000080004008 (0x00002c17) auipc   s8, 0x2
core   0: 3 0x0000000080004008 (0x00002c17) x24 0x0000000080006008
core   0: 0x000000008000400c (0x09ac0c13) addi    s8, s8, 154
core   0: 3 0x000000008000400c (0x09ac0c13) x24 0x00000000800060a2
core   0: 0x0000000080004010 (0x000c00e7) jalr    s8
core   0: 3 0x0000000080004010 (0x000c00e7) x1  0x0000000080004014
core   0: >>>>  any_handler
core   0: 0x00000000800060a2 (0x341027f3) csrrs   a5, mepc, zero
core   0: 3 0x00000000800060a2 (0x341027f3) x15 0x0000000080004a42
core   0: 0x00000000800060a6 (0x34202773) csrrs   a4, mcause, zero
core   0: 3 0x00000000800060a6 (0x34202773) x14 0x0000000000000002
core   0: 0x00000000800060aa (0x142026f3) csrrs   a3, scause, zero
core   0: 3 0x00000000800060aa (0x142026f3) x13 0x0000000000000000
core   0: 0x00000000800060ae (0x30402673) csrrs   a2, mie, zero
core   0: 3 0x00000000800060ae (0x30402673) x12 0x0000000000000a00
core   0: 0x00000000800060b2 (0x344025f3) csrrs   a1, mip, zero
core   0: 3 0x00000000800060b2 (0x344025f3) x11 0x0000000000000080
core   0: 0x00000000800060b6 (0x343025f3) csrrs   a1, mtval, zero
core   0: 3 0x00000000800060b6 (0x343025f3) x11 0x00000000c000aef3
core   0: 0x00000000800060ba (0x14302573) csrrs   a0, stval, zero
core   0: 3 0x00000000800060ba (0x14302573) x10 0x0000000000000000
core   0: 0x00000000800060be (0xb02024f3) csrrs   s1, minstret, zero
core   0: 3 0x00000000800060be (0xb02024f3) x9  0x0000000000000c32
core   0: 0x00000000800060c2 (0x0000a811) c.j     pc + 20
core   0: 3 0x00000000800060c2 (0xa811)
core   0: >>>>  mepc_4
core   0: 0x00000000800060d6 (0x00000791) c.addi  a5, 4
core   0: 3 0x00000000800060d6 (0x0791) x15 0x0000000080004a46
core   0: 0x00000000800060d8 (0x34179073) csrrw   zero, mepc, a5
core   0: 3 0x00000000800060d8 (0x34179073) c833_mepc 0x0000000080004a46
core   0: 0x00000000800060dc (0x30200073) mret
core   0: 3 0x00000000800060dc (0x30200073) c768_mstatus 0x8000000a00106080
core   0: 0x0000000080004a46 (0x82ac784f) fnmadd.d fa6, fs8, fa0, fa6
core   0: 1 0x0000000080004a46 (0x82ac784f) f16 0x7ff8000000000000
core   0: 0x0000000080004a4a (0x41b18033) sub     zero, gp, s11
core   0: 1 0x0000000080004a4a (0x41b18033)
core   0: 0x0000000080004a4e (0x00000001) c.nop
core   0: 1 0x0000000080004a4e (0x0001)
core   0: 0x0000000080004a50 (0x000e949b) slliw   s1, t4, 0
core   0: 1 0x0000000080004a50 (0x000e949b) x9  0x0000000000000000
core   0: 0x0000000080004a54 (0x40157753) fcvt.s.d fa4, fa0
core   0: 1 0x0000000080004a54 (0x40157753) c1_fflags 0x0000000000000011 f14 0xffffffff4f800000
core   0: 0x0000000080004a58 (0x400ed11b) sraiw   sp, t4, 0
core   0: 1 0x0000000080004a58 (0x400ed11b) x2  0x0000000000000000
core   0: 0x0000000080004a5c (0x73fff0cf) fnmadd.d ft1, ft11, ft11, fa4
core   0: 1 0x0000000080004a5c (0x73fff0cf) f1  0x7ff8000000000000
core   0: 0x0000000080004a60 (0xc210f353) fcvt.wu.d t1, ft1
core   0: 1 0x0000000080004a60 (0xc210f353) c1_fflags 0x0000000000000011 x6  0xffffffffffffffff
core   0: 0x0000000080004a64 (0xc224f553) fcvt.l.d a0, fs1
core   0: 1 0x0000000080004a64 (0xc224f553) c1_fflags 0x0000000000000011 x10 0x7fffffffffffffff
core   0: 0x0000000080004a68 (0x00008cbd) c.xor   s1, a5
core   0: 1 0x0000000080004a68 (0x8cbd) x9  0x0000000080004a46
core   0: 0x0000000080004a6a (0xc030f353) fcvt.lu.s t1, ft1
core   0: 1 0x0000000080004a6a (0xc030f353) c1_fflags 0x0000000000000011 x6  0xffffffffffffffff
core   0: 0x0000000080004a6e (0xd7f4e413) ori     s0, s1, -641
core   0: 1 0x0000000080004a6e (0xd7f4e413) x8  0xffffffffffffff7f
core   0: 0x0000000080004a72 (0x221c2c53) fsgnjx.d fs8, fs8, ft1
core   0: 1 0x0000000080004a72 (0x221c2c53) f24 0x7ff8000000000000
core   0: 0x0000000080004a76 (0x4012fc53) fcvt.s.d fs8, ft5
core   0: 1 0x0000000080004a76 (0x4012fc53) f24 0xffffffff00000000
core   0: 0x0000000080004a7a (0x4014dc1b) sraiw   s8, s1, 1
core   0: 1 0x0000000080004a7a (0x4014dc1b) x24 0xffffffffc0002523
core   0: 0x0000000080004a7e (0x22199553) fsgnjn.d fa0, fs3, ft1
core   0: 1 0x0000000080004a7e (0x22199553) f10 0xfff8000000000000
core   0: 0x0000000080004a82 (0x029284bb) mulw    s1, t0, s1
core   0: 1 0x0000000080004a82 (0x029284bb) x9  0x0000000000000000
core   0: 0x0000000080004a86 (0xd022ff53) fcvt.s.l ft10, t0
core   0: 1 0x0000000080004a86 (0xd022ff53) f30 0xffffffff00000000
core   0: 0x0000000080004a8a (0x00000001) c.nop
core   0: 1 0x0000000080004a8a (0x0001)
core   0: 0x0000000080004a8c (0x42070753) fcvt.d.s fa4, fa4
core   0: 1 0x0000000080004a8c (0x42070753) f14 0x41f0000000000000
core   0: 0x0000000080004a90 (0xd222f3d3) fcvt.d.l ft7, t0
core   0: 1 0x0000000080004a90 (0xd222f3d3) f7  0x0000000000000000
core   0: 0x0000000080004a94 (0x428470c7) fmsub.d ft1, fs0, fs0, fs0
core   0: 1 0x0000000080004a94 (0x428470c7) f1  0x0000000000000000
core   0: 0x0000000080004a98 (0x405a0d3b) subw    s10, s4, t0
core   0: 1 0x0000000080004a98 (0x405a0d3b) x26 0xffffffffffffffff
core   0: 0x0000000080004a9c (0x027bebb3) rem     s7, s7, t2
core   0: 1 0x0000000080004a9c (0x027bebb3) x23 0x0000000000000000
core   0: 0x0000000080004aa0 (0x0181ac33) slt     s8, gp, s8
core   0: 1 0x0000000080004aa0 (0x0181ac33) x24 0x0000000000000000
core   0: 0x0000000080004aa4 (0xd23e7dd3) fcvt.d.lu fs11, t3
core   0: 1 0x0000000080004aa4 (0xd23e7dd3) f27 0x40a1ce0000000000
core   0: 0x0000000080004aa8 (0xc0307453) fcvt.lu.s s0, ft0
core   0: 1 0x0000000080004aa8 (0xc0307453) x8  0x0000000000000000
core   0: 0x0000000080004aac (0x0000916a) c.add   sp, s10
core   0: 1 0x0000000080004aac (0x916a) x2  0xffffffffffffffff
core   0: 0x0000000080004aae (0xa2b58153) fle.d   sp, fa1, fa1
core   0: 1 0x0000000080004aae (0xa2b58153) x2  0x0000000000000001
core   0: 0x0000000080004ab2 (0xc030f7d3) fcvt.lu.s a5, ft1
core   0: 1 0x0000000080004ab2 (0xc030f7d3) c1_fflags 0x0000000000000011 x15 0xffffffffffffffff
core   0: 0x0000000080004ab6 (0x03ca0b33) mul     s6, s4, t3
core   0: 1 0x0000000080004ab6 (0x03ca0b33) x22 0xfffffffffffff719
core   0: 0x0000000080004aba (0x009864b3) or      s1, a6, s1
core   0: 1 0x0000000080004aba (0x009864b3) x9  0x000000007fffffff
core   0: 0x0000000080004abe (0x032e4933) div     s2, t3, s2
core   0: 1 0x0000000080004abe (0x032e4933) x18 0x0000000000000000
core   0: 0x0000000080004ac2 (0x222e2153) fsgnjx.d ft2, ft8, ft2
core   0: 1 0x0000000080004ac2 (0x222e2153) f2  0x7ff8000000000000
core   0: 0x0000000080004ac6 (0x0362e7b3) rem     a5, t0, s6
core   0: 1 0x0000000080004ac6 (0x0362e7b3) x15 0x0000000000000000
core   0: 0x0000000080004aca (0xc222f1d3) fcvt.l.d gp, ft5
core   0: 1 0x0000000080004aca (0xc222f1d3) x3  0x0000000000000000
core   0: 0x0000000080004ace (0x43f7da93) srai    s5, a5, 63
core   0: 1 0x0000000080004ace (0x43f7da93) x21 0x0000000000000000
core   0: 0x0000000080004ad2 (0x439c5d93) srai    s11, s8, 57
core   0: 1 0x0000000080004ad2 (0x439c5d93) x27 0x0000000000000000
core   0: 0x0000000080004ad6 (0x13d47fd3) fmul.d  ft11, fs0, ft9
core   0: 1 0x0000000080004ad6 (0x13d47fd3) f31 0x7ff8000000000000
core   0: 0x0000000080004ada (0xd23c73d3) fcvt.d.lu ft7, s8
core   0: 1 0x0000000080004ada (0xd23c73d3) f7  0x0000000000000000
core   0: 0x0000000080004ade (0x19357513) andi    a0, a0, 403
core   0: 1 0x0000000080004ade (0x19357513) x10 0x0000000000000193
core   0: 0x0000000080004ae2 (0x001024f3) csrrs   s1, fflags, zero
core   0: 1 0x0000000080004ae2 (0x001024f3) x9  0x0000000000000011
core   0: 0x0000000080004ae6 (0x00248cb3) add     s9, s1, sp
core   0: 1 0x0000000080004ae6 (0x00248cb3) x25 0x0000000000000012
core   0: 0x0000000080004aea (0x002c81bb) addw    gp, s9, sp
core   0: 1 0x0000000080004aea (0x002c81bb) x3  0x0000000000000013
core   0: 0x0000000080004aee (0x4a89879b) addiw   a5, s3, 1192
core   0: 1 0x0000000080004aee (0x4a89879b) x15 0x00000000000004a7
core   0: 0x0000000080004af2 (0x0396043b) mulw    s0, a2, s9
core   0: 1 0x0000000080004af2 (0x0396043b) x8  0x000000000000b400
core   0: 0x0000000080004af6 (0xd21c85d3) fcvt.d.wu fa1, s9
core   0: 1 0x0000000080004af6 (0xd21c85d3) f11 0x4032000000000000
core   0: 0x0000000080004afa (0x00000001) c.nop
core   0: 1 0x0000000080004afa (0x0001)
core   0: 0x0000000080004afc (0x23ff9b53) fsgnjn.d fs6, ft11, ft11
core   0: 1 0x0000000080004afc (0x23ff9b53) f22 0xfff8000000000000
core   0: 0x0000000080004b00 (0x03309333) mulh    t1, ra, s3
core   0: 1 0x0000000080004b00 (0x03309333) x6  0x0000000040002009
core   0: 0x0000000080004b04 (0x4139833b) subw    t1, s3, s3
core   0: 1 0x0000000080004b04 (0x4139833b) x6  0x0000000000000000
core   0: 0x0000000080004b08 (0x4015f153) fcvt.s.d ft2, fa1
core   0: 1 0x0000000080004b08 (0x4015f153) f2  0xffffffff41900000
core   0: 0x0000000080004b0c (0x2a7ae013) ori     zero, s5, 679
core   0: 1 0x0000000080004b0c (0x2a7ae013)
core   0: 0x0000000080004b10 (0x222613d3) fsgnjn.d ft7, fa2, ft2
core   0: 1 0x0000000080004b10 (0x222613d3) f7  0x7fffffff00000000
core   0: 0x0000000080004b14 (0x000c111b) slliw   sp, s8, 0
core   0: 1 0x0000000080004b14 (0x000c111b) x2  0x0000000000000000
core   0: 0x0000000080004b18 (0x9baac7b7) lui     a5, 0x9baac
core   0: 1 0x0000000080004b18 (0x9baac7b7) x15 0xffffffff9baac000
core   0: 0x0000000080004b1c (0xc03af853) fcvt.lu.s a6, fs5
core   0: 1 0x0000000080004b1c (0xc03af853) c1_fflags 0x0000000000000011 x16 0xffffffffffffffff
core   0: 0x0000000080004b20 (0xc03c75d3) fcvt.lu.s a1, fs8
core   0: 1 0x0000000080004b20 (0xc03c75d3) x11 0x0000000000000000
core   0: 0x0000000080004b24 (0x0147d19b) srliw   gp, a5, 20
core   0: 1 0x0000000080004b24 (0x0147d19b) x3  0x00000000000009ba
core   0: 0x0000000080004b28 (0x408584bb) subw    s1, a1, s0
core   0: 1 0x0000000080004b28 (0x408584bb) x9  0xffffffffffff4c00
core   0: 0x0000000080004b2c (0x0149063b) addw    a2, s2, s4
core   0: 1 0x0000000080004b2c (0x0149063b) x12 0xffffffffffffffff
core   0: 0x0000000080004b30 (0x401b7653) fcvt.s.d fa2, fs6
core   0: 1 0x0000000080004b30 (0x401b7653) f12 0xffffffff7fc00000
core   0: 0x0000000080004b34 (0x400ad2bb) sraw    t0, s5, zero
core   0: 1 0x0000000080004b34 (0x400ad2bb) x5  0x0000000000000000
core   0: 0x0000000080004b38 (0x0006d093) srli    ra, a3, 0
core   0: 1 0x0000000080004b38 (0x0006d093) x1  0x0000000000000000
core   0: 0x0000000080004b3c (0xd2120cd3) fcvt.d.wu fs9, tp
core   0: 1 0x0000000080004b3c (0xd2120cd3) f25 0x3ff0000000000000
core   0: 0x0000000080004b40 (0x03b9433b) divw    t1, s2, s11
core   0: 1 0x0000000080004b40 (0x03b9433b) x6  0xffffffffffffffff
core   0: 0x0000000080004b44 (0x02c319b3) mulh    s3, t1, a2
core   0: 1 0x0000000080004b44 (0x02c319b3) x19 0x0000000000000000
core   0: 0x0000000080004b48 (0x407681bb) subw    gp, a3, t2
core   0: 1 0x0000000080004b48 (0x407681bb) x3  0x0000000000000001
core   0: 0x0000000080004b4c (0xe20c8b53) fmv.x.d s6, fs9
core   0: 1 0x0000000080004b4c (0xe20c8b53) x22 0x3ff0000000000000
core   0: 0x0000000080004b50 (0x416cdcbb) sraw    s9, s9, s6
core   0: 1 0x0000000080004b50 (0x416cdcbb) x25 0x0000000000000012
core   0: 0x0000000080004b54 (0xcbef7143) fmadd.d ft2, ft10, ft10, fs9
core   0: 1 0x0000000080004b54 (0xcbef7143) f2  0x7ff8000000000000
core   0: 0x0000000080004b58 (0xc22dfe53) fcvt.l.d t3, fs11
core   0: 1 0x0000000080004b58 (0xc22dfe53) x28 0x00000000000008e7
core   0: 0x0000000080004b5c (0x222816d3) fsgnjn.d fa3, fa6, ft2
core   0: 1 0x0000000080004b5c (0x222816d3) f13 0xfff8000000000000
core   0: 0x0000000080004b60 (0x7ff8e693) ori     a3, a7, 2047
core   0: 1 0x0000000080004b60 (0x7ff8e693) x13 0xffffffffffffffff
core   0: 0x0000000080004b64 (0x830ff64f) fnmadd.d fa2, ft11, fa6, fa6
core   0: 1 0x0000000080004b64 (0x830ff64f) f12 0x7ff8000000000000
core   0: 0x0000000080004b68 (0x1bb27353) fdiv.d  ft6, ft4, fs11
core   0: 1 0x0000000080004b68 (0x1bb27353) f6  0x7ff8000000000000
core   0: 0x0000000080004b6c (0x229df847) fmsub.d fa6, fs11, fs1, ft4
core   0: 1 0x0000000080004b6c (0x229df847) f16 0x7ff8000000000000
core   0: 0x0000000080004b70 (0x226e80d3) fsgnj.d ft1, ft9, ft6
core   0: 1 0x0000000080004b70 (0x226e80d3) f1  0x7ff8000000000000
core   0: 0x0000000080004b74 (0x0007d41b) srliw   s0, a5, 0
core   0: 1 0x0000000080004b74 (0x0007d41b) x8  0xffffffff9baac000
core   0: 0x0000000080004b78 (0xc21b7153) fcvt.wu.d sp, fs6
core   0: 1 0x0000000080004b78 (0xc21b7153) c1_fflags 0x0000000000000011 x2  0xffffffffffffffff
core   0: 0x0000000080004b7c (0x02a16cb3) rem     s9, sp, a0
core   0: 1 0x0000000080004b7c (0x02a16cb3) x25 0xffffffffffffffff
core   0: 0x0000000080004b80 (0x034542bb) divw    t0, a0, s4
core   0: 1 0x0000000080004b80 (0x034542bb) x5  0xfffffffffffffe6d
core   0: 0x0000000080004b84 (0x01950bb3) add     s7, a0, s9
core   0: 1 0x0000000080004b84 (0x01950bb3) x23 0x0000000000000192
core   0: 0x0000000080004b88 (0x03daed33) rem     s10, s5, t4
core   0: 1 0x0000000080004b88 (0x03daed33) x26 0x0000000000000000
core   0: 0x0000000080004b8c (0x0a187e53) fsub.d  ft8, fa6, ft1
core   0: 1 0x0000000080004b8c (0x0a187e53) f28 0x7ff8000000000000
core   0: 0x0000000080004b90 (0x13c5fc53) fmul.d  fs8, fa1, ft8
core   0: 1 0x0000000080004b90 (0x13c5fc53) f24 0x7ff8000000000000
core   0: 0x0000000080004b94 (0xe9c96193) ori     gp, s2, -356
core   0: 1 0x0000000080004b94 (0xe9c96193) x3  0xfffffffffffffe9c
core   0: 0x0000000080004b98 (0xacdd7813) andi    a6, s10, -1331
core   0: 1 0x0000000080004b98 (0xacdd7813) x16 0x0000000000000000
core   0: 0x0000000080004b9c (0x00d07533) and     a0, zero, a3
core   0: 1 0x0000000080004b9c (0x00d07533) x10 0x0000000000000000
core   0: 0x0000000080004ba0 (0x4056d09b) sraiw   ra, a3, 5
core   0: 1 0x0000000080004ba0 (0x4056d09b) x1  0xffffffffffffffff
core   0: 0x0000000080004ba4 (0x001a7e13) andi    t3, s4, 1
core   0: 1 0x0000000080004ba4 (0x001a7e13) x28 0x0000000000000001
core   0: 0x0000000080004ba8 (0x00c61293) slli    t0, a2, 12
core   0: 1 0x0000000080004ba8 (0x00c61293) x5  0xfffffffffffff000
core   0: 0x0000000080004bac (0xd03679d3) fcvt.s.lu fs3, a2
core   0: 1 0x0000000080004bac (0xd03679d3) c1_fflags 0x0000000000000011 f19 0xffffffff5f800000
core   0: 0x0000000080004bb0 (0x01bf6eb7) lui     t4, 0x1bf6
core   0: 1 0x0000000080004bb0 (0x01bf6eb7) x29 0x0000000001bf6000
core   0: 0x0000000080004bb4 (0xc03e7953) fcvt.lu.s s2, ft8
core   0: 1 0x0000000080004bb4 (0xc03e7953) c1_fflags 0x0000000000000011 x18 0xffffffffffffffff
core   0: 0x0000000080004bb8 (0x001b1c73) csrrw   s8, fflags, s6
core   0: 1 0x0000000080004bb8 (0x001b1c73) x24 0x0000000000000011 c1_fflags 0x0000000000000000
core   0: 0x0000000080004bbc (0x5a04f3d3) fsqrt.d ft7, fs1
core   0: 1 0x0000000080004bbc (0x5a04f3d3) f7  0x7ff8000000000000
core   0: 0x0000000080004bc0 (0xc203f0d3) fcvt.w.d ra, ft7
core   0: 1 0x0000000080004bc0 (0xc203f0d3) c1_fflags 0x0000000000000010 x1  0x000000007fffffff
core   0: 0x0000000080004bc4 (0x0346f6b3) remu    a3, a3, s4
core   0: 1 0x0000000080004bc4 (0x0346f6b3) x13 0x0000000000000000
core   0: 0x0000000080004bc8 (0x00000001) c.nop
core   0: 1 0x0000000080004bc8 (0x0001)
core   0: 0x0000000080004bca (0x24980b9b) addiw   s7, a6, 585
core   0: 1 0x0000000080004bca (0x24980b9b) x23 0x0000000000000249
core   0: 0x0000000080004bce (0x0307e1bb) remw    gp, a5, a6
core   0: 1 0x0000000080004bce (0x0307e1bb) x3  0xffffffff9baac000
core   0: 0x0000000080004bd2 (0x030d4033) div     zero, s10, a6
core   0: 1 0x0000000080004bd2 (0x030d4033)
core   0: 0x0000000080004bd6 (0x003d0b3b) addw    s6, s10, gp
core   0: 1 0x0000000080004bd6 (0x003d0b3b) x22 0xffffffff9baac000
core   0: 0x0000000080004bda (0x036738b3) mulhu   a7, a4, s6
core   0: 1 0x0000000080004bda (0x036738b3) x17 0x0000000000000001
core   0: 0x0000000080004bde (0xc0327453) fcvt.lu.s s0, ft4
core   0: 1 0x0000000080004bde (0xc0327453) c1_fflags 0x0000000000000010 x8  0xffffffffffffffff
core   0: 0x0000000080004be2 (0x0067131b) slliw   t1, a4, 6
core   0: 1 0x0000000080004be2 (0x0067131b) x6  0x0000000000000080
core   0: 0x0000000080004be6 (0x42020453) fcvt.d.s fs0, ft4
core   0: 1 0x0000000080004be6 (0x42020453) f8  0x7ff8000000000000
core   0: 0x0000000080004bea (0x0169559b) srliw   a1, s2, 22
core   0: 1 0x0000000080004bea (0x0169559b) x11 0x00000000000003ff
core   0: 0x0000000080004bee (0x0008ed93) ori     s11, a7, 0
core   0: 1 0x0000000080004bee (0x0008ed93) x27 0x0000000000000001
core   0: 0x0000000080004bf2 (0xc21f7853) fcvt.wu.d a6, ft10
core   0: 1 0x0000000080004bf2 (0xc21f7853) c1_fflags 0x0000000000000010 x16 0xffffffffffffffff
core   0: 0x0000000080004bf6 (0x026c3c33) mulhu   s8, s8, t1
core   0: 1 0x0000000080004bf6 (0x026c3c33) x24 0x0000000000000000
core   0: 0x0000000080004bfa (0xd21c0553) fcvt.d.wu fa0, s8
core   0: 1 0x0000000080004bfa (0xd21c0553) f10 0x0000000000000000
core   0: 0x0000000080004bfe (0x03927453) fadd.d  fs0, ft4, fs9
core   0: 1 0x0000000080004bfe (0x03927453) f8  0x7ff8000000000000
core   0: 0x0000000080004c02 (0xeb937517) auipc   a0, 0xeb937
core   0: 1 0x0000000080004c02 (0xeb937517) x10 0x000000006b93bc02
core   0: 0x0000000080004c06 (0xf1253273) csrrc   tp, marchid, a0
core   0: exception trap_illegal_instruction, epc 0x0000000080004c06
core   0:           tval 0x00000000f1253273
core   0: >>>>  $xrv64i2p1_m2p0_a2p1_f2p2_d2p2_zicsr2p0_zifencei2p0_zmmul1p0_zba1p0_zbb1p0_zbc1p0_zbs1p0
core   0: 0x0000000080004000 (0x0080006f) j       pc + 0x8
core   0: 3 0x0000000080004000 (0x0080006f)
core   0: >>>>  mmode_exception_handler
core   0: 0x0000000080004008 (0x00002c17) auipc   s8, 0x2
core   0: 3 0x0000000080004008 (0x00002c17) x24 0x0000000080006008
core   0: 0x000000008000400c (0x09ac0c13) addi    s8, s8, 154
core   0: 3 0x000000008000400c (0x09ac0c13) x24 0x00000000800060a2
core   0: 0x0000000080004010 (0x000c00e7) jalr    s8
core   0: 3 0x0000000080004010 (0x000c00e7) x1  0x0000000080004014
core   0: >>>>  any_handler
core   0: 0x00000000800060a2 (0x341027f3) csrrs   a5, mepc, zero
core   0: 3 0x00000000800060a2 (0x341027f3) x15 0x0000000080004c06
core   0: 0x00000000800060a6 (0x34202773) csrrs   a4, mcause, zero
core   0: 3 0x00000000800060a6 (0x34202773) x14 0x0000000000000002
core   0: 0x00000000800060aa (0x142026f3) csrrs   a3, scause, zero
core   0: 3 0x00000000800060aa (0x142026f3) x13 0x0000000000000000
core   0: 0x00000000800060ae (0x30402673) csrrs   a2, mie, zero
core   0: 3 0x00000000800060ae (0x30402673) x12 0x0000000000000a00
core   0: 0x00000000800060b2 (0x344025f3) csrrs   a1, mip, zero
core   0: 3 0x00000000800060b2 (0x344025f3) x11 0x0000000000000080
core   0: 0x00000000800060b6 (0x343025f3) csrrs   a1, mtval, zero
core   0: 3 0x00000000800060b6 (0x343025f3) x11 0x00000000f1253273
core   0: 0x00000000800060ba (0x14302573) csrrs   a0, stval, zero
core   0: 3 0x00000000800060ba (0x14302573) x10 0x0000000000000000
core   0: 0x00000000800060be (0xb02024f3) csrrs   s1, minstret, zero
core   0: 3 0x00000000800060be (0xb02024f3) x9  0x0000000000000cb5
core   0: 0x00000000800060c2 (0x0000a811) c.j     pc + 20
core   0: 3 0x00000000800060c2 (0xa811)
core   0: >>>>  mepc_4
core   0: 0x00000000800060d6 (0x00000791) c.addi  a5, 4
core   0: 3 0x00000000800060d6 (0x0791) x15 0x0000000080004c0a
core   0: 0x00000000800060d8 (0x34179073) csrrw   zero, mepc, a5
core   0: 3 0x00000000800060d8 (0x34179073) c833_mepc 0x0000000080004c0a
core   0: 0x00000000800060dc (0x30200073) mret
core   0: 3 0x00000000800060dc (0x30200073) c768_mstatus 0x8000000a00106080
core   0: 0x0000000080004c0a (0x0115129b) slliw   t0, a0, 17
core   0: 1 0x0000000080004c0a (0x0115129b) x5  0x0000000000000000
core   0: 0x0000000080004c0e (0x011b1633) sll     a2, s6, a7
core   0: 1 0x0000000080004c0e (0x011b1633) x12 0xffffffff37558000
core   0: 0x0000000080004c12 (0x2a8099d3) fmax.d  fs3, ft1, fs0
core   0: 1 0x0000000080004c12 (0x2a8099d3) f19 0x7ff8000000000000
core   0: 0x0000000080004c16 (0x0358fabb) remuw   s5, a7, s5
core   0: 1 0x0000000080004c16 (0x0358fabb) x21 0x0000000000000001
core   0: 0x0000000080004c1a (0x13347ad3) fmul.d  fs5, fs0, fs3
core   0: 1 0x0000000080004c1a (0x13347ad3) f21 0x7ff8000000000000
core   0: 0x0000000080004c1e (0x00a5503b) srlw    zero, a0, a0
core   0: 1 0x0000000080004c1e (0x00a5503b)
core   0: 0x0000000080004c22 (0x00006333) or      t1, zero, zero
core   0: 1 0x0000000080004c22 (0x00006333) x6  0x0000000000000000
core   0: 0x0000000080004c26 (0xf6b6ee37) lui     t3, 0xf6b6e
core   0: 1 0x0000000080004c26 (0xf6b6ee37) x28 0xfffffffff6b6e000
core   0: 0x0000000080004c2a (0xbece0e1b) addiw   t3, t3, -1044
core   0: 1 0x0000000080004c2a (0xbece0e1b) x28 0xfffffffff6b6dbec
core   0: 0x0000000080004c2e (0x0017979b) slliw   a5, a5, 1
core   0: 1 0x0000000080004c2e (0x0017979b) x15 0x0000000000009814
core   0: 0x0000000080004c32 (0x00f000bb) addw    ra, zero, a5
core   0: 1 0x0000000080004c32 (0x00f000bb) x1  0x0000000000009814
core   0: 0x0000000080004c36 (0x403ad1bb) sraw    gp, s5, gp
core   0: 1 0x0000000080004c36 (0x403ad1bb) x3  0x0000000000000001
core   0: 0x0000000080004c3a (0x00000001) c.nop
core   0: 1 0x0000000080004c3a (0x0001)
core   0: 0x0000000080004c3c (0xa35084d3) fle.d   s1, ft1, fs5
core   0: 1 0x0000000080004c3c (0xa35084d3) c1_fflags 0x0000000000000010 x9  0x0000000000000000
core   0: 0x0000000080004c40 (0x0369001b) addiw   zero, s2, 54
core   0: 1 0x0000000080004c40 (0x0369001b)
core   0: 0x0000000080004c44 (0x420a87d3) fcvt.d.s fa5, fs5
core   0: 1 0x0000000080004c44 (0x420a87d3) f15 0x7ff8000000000000
core   0: 0x0000000080004c48 (0xc2147953) fcvt.wu.d s2, fs0
core   0: 1 0x0000000080004c48 (0xc2147953) c1_fflags 0x0000000000000010 x18 0xffffffffffffffff
core   0: 0x0000000080004c4c (0x010bd713) srli    a4, s7, 16
core   0: 1 0x0000000080004c4c (0x010bd713) x14 0x0000000000000000
core   0: 0x0000000080004c50 (0x40c689b3) sub     s3, a3, a2
core   0: 1 0x0000000080004c50 (0x40c689b3) x19 0x00000000c8aa8000
core   0: 0x0000000080004c54 (0x413bdabb) sraw    s5, s7, s3
core   0: 1 0x0000000080004c54 (0x413bdabb) x21 0x0000000000000249
core   0: 0x0000000080004c58 (0x7b092973) csrrs   s2, dcsr, s2
core   0: exception trap_illegal_instruction, epc 0x0000000080004c58
core   0:           tval 0x000000007b092973
core   0: >>>>  $xrv64i2p1_m2p0_a2p1_f2p2_d2p2_zicsr2p0_zifencei2p0_zmmul1p0_zba1p0_zbb1p0_zbc1p0_zbs1p0
core   0: 0x0000000080004000 (0x0080006f) j       pc + 0x8
core   0: 3 0x0000000080004000 (0x0080006f)
core   0: >>>>  mmode_exception_handler
core   0: 0x0000000080004008 (0x00002c17) auipc   s8, 0x2
core   0: 3 0x0000000080004008 (0x00002c17) x24 0x0000000080006008
core   0: 0x000000008000400c (0x09ac0c13) addi    s8, s8, 154
core   0: 3 0x000000008000400c (0x09ac0c13) x24 0x00000000800060a2
core   0: 0x0000000080004010 (0x000c00e7) jalr    s8
core   0: 3 0x0000000080004010 (0x000c00e7) x1  0x0000000080004014
core   0: >>>>  any_handler
core   0: 0x00000000800060a2 (0x341027f3) csrrs   a5, mepc, zero
core   0: 3 0x00000000800060a2 (0x341027f3) x15 0x0000000080004c58
core   0: 0x00000000800060a6 (0x34202773) csrrs   a4, mcause, zero
core   0: 3 0x00000000800060a6 (0x34202773) x14 0x0000000000000002
core   0: 0x00000000800060aa (0x142026f3) csrrs   a3, scause, zero
core   0: 3 0x00000000800060aa (0x142026f3) x13 0x0000000000000000
core   0: 0x00000000800060ae (0x30402673) csrrs   a2, mie, zero
core   0: 3 0x00000000800060ae (0x30402673) x12 0x0000000000000a00
core   0: 0x00000000800060b2 (0x344025f3) csrrs   a1, mip, zero
core   0: 3 0x00000000800060b2 (0x344025f3) x11 0x0000000000000080
core   0: 0x00000000800060b6 (0x343025f3) csrrs   a1, mtval, zero
core   0: 3 0x00000000800060b6 (0x343025f3) x11 0x000000007b092973
core   0: 0x00000000800060ba (0x14302573) csrrs   a0, stval, zero
core   0: 3 0x00000000800060ba (0x14302573) x10 0x0000000000000000
core   0: 0x00000000800060be (0xb02024f3) csrrs   s1, minstret, zero
core   0: 3 0x00000000800060be (0xb02024f3) x9  0x0000000000000cd9
core   0: 0x00000000800060c2 (0x0000a811) c.j     pc + 20
core   0: 3 0x00000000800060c2 (0xa811)
core   0: >>>>  mepc_4
core   0: 0x00000000800060d6 (0x00000791) c.addi  a5, 4
core   0: 3 0x00000000800060d6 (0x0791) x15 0x0000000080004c5c
core   0: 0x00000000800060d8 (0x34179073) csrrw   zero, mepc, a5
core   0: 3 0x00000000800060d8 (0x34179073) c833_mepc 0x0000000080004c5c
core   0: 0x00000000800060dc (0x30200073) mret
core   0: 3 0x00000000800060dc (0x30200073) c768_mstatus 0x8000000a00106080
core   0: 0x0000000080004c5c (0x41d2561b) sraiw   a2, tp, 29
core   0: 1 0x0000000080004c5c (0x41d2561b) x12 0x0000000000000000
core   0: 0x0000000080004c60 (0x412c551b) sraiw   a0, s8, 18
core   0: 1 0x0000000080004c60 (0x412c551b) x10 0xffffffffffffe000
core   0: 0x0000000080004c64 (0x7ffbca13) xori    s4, s7, 2047
core   0: 1 0x0000000080004c64 (0x7ffbca13) x20 0x00000000000005b6
core   0: 0x0000000080004c68 (0xd22a7b53) fcvt.d.l fs6, s4
core   0: 1 0x0000000080004c68 (0xd22a7b53) f22 0x4096d80000000000
core   0: 0x0000000080004c6c (0x02c56933) rem     s2, a0, a2
core   0: 1 0x0000000080004c6c (0x02c56933) x18 0xffffffffffffe000
core   0: 0x0000000080004c70 (0x032bfbbb) remuw   s7, s7, s2
core   0: 1 0x0000000080004c70 (0x032bfbbb) x23 0x0000000000000249
core   0: 0x0000000080004c74 (0x000b9493) slli    s1, s7, 0
core   0: 1 0x0000000080004c74 (0x000b9493) x9  0x0000000000000249
core   0: 0x0000000080004c78 (0x0098eab3) or      s5, a7, s1
core   0: 1 0x0000000080004c78 (0x0098eab3) x21 0x0000000000000249
core   0: 0x0000000080004c7c (0x01aada33) srl     s4, s5, s10
core   0: 1 0x0000000080004c7c (0x01aada33) x20 0x0000000000000249
core   0: 0x0000000080004c80 (0x8bfa8493) addi    s1, s5, -1857
core   0: 1 0x0000000080004c80 (0x8bfa8493) x9  0xfffffffffffffb08
core   0: 0x0000000080004c84 (0x4ad77713) andi    a4, a4, 1197
core   0: 1 0x0000000080004c84 (0x4ad77713) x14 0x0000000000000000
core   0: 0x0000000080004c88 (0x01aa57bb) srlw    a5, s4, s10
core   0: 1 0x0000000080004c88 (0x01aa57bb) x15 0x0000000000000249
core   0: 0x0000000080004c8c (0x800a0993) addi    s3, s4, -2048
core   0: 1 0x0000000080004c8c (0x800a0993) x19 0xfffffffffffffa49
core   0: 0x0000000080004c90 (0xc230f7d3) fcvt.lu.d a5, ft1
core   0: 1 0x0000000080004c90 (0xc230f7d3) c1_fflags 0x0000000000000010 x15 0xffffffffffffffff
core   0: 0x0000000080004c94 (0x005d50bb) srlw    ra, s10, t0
core   0: 1 0x0000000080004c94 (0x005d50bb) x1  0x0000000000000000
core   0: 0x0000000080004c98 (0x00fa9113) slli    sp, s5, 15
core   0: 1 0x0000000080004c98 (0x00fa9113) x2  0x0000000001248000
core   0: 0x0000000080004c9c (0x0180ecb3) or      s9, ra, s8
core   0: 1 0x0000000080004c9c (0x0180ecb3) x25 0x00000000800060a2
core   0: 0x0000000080004ca0 (0x000c803b) addw    zero, s9, zero
core   0: 1 0x0000000080004ca0 (0x000c803b)
core   0: 0x0000000080004ca4 (0x03ccfe3b) remuw   t3, s9, t3
core   0: 1 0x0000000080004ca4 (0x03ccfe3b) x28 0xffffffff800060a2
core   0: 0x0000000080004ca8 (0x002e93f3) csrrw   t2, frm, t4
core   0: 1 0x0000000080004ca8 (0x002e93f3) x7  0x0000000000000003 c2_frm 0x0000000000000000
core   0: 0x0000000080004cac (0x8f3b72b7) lui     t0, 0x8f3b7
core   0: 1 0x0000000080004cac (0x8f3b72b7) x5  0xffffffff8f3b7000
core   0: 0x0000000080004cb0 (0x404d551b) sraiw   a0, s10, 4
core   0: 1 0x0000000080004cb0 (0x404d551b) x10 0x0000000000000000
core   0: 0x0000000080004cb4 (0x22f687d3) fsgnj.d fa5, fa3, fa5
core   0: 1 0x0000000080004cb4 (0x22f687d3) f15 0x7ff8000000000000
core   0: 0x0000000080004cb8 (0x0ce8f113) andi    sp, a7, 206
core   0: 1 0x0000000080004cb8 (0x0ce8f113) x2  0x0000000000000000
core   0: 0x0000000080004cbc (0xd2188753) fcvt.d.wu fa4, a7
core   0: 1 0x0000000080004cbc (0xd2188753) f14 0x3ff0000000000000
core   0: 0x0000000080004cc0 (0xd02df2d3) fcvt.s.l ft5, s11
core   0: 1 0x0000000080004cc0 (0xd02df2d3) f5  0xffffffff3f800000
core   0: 0x0000000080004cc4 (0x5a02f4d3) fsqrt.d fs1, ft5
core   0: 1 0x0000000080004cc4 (0x5a02f4d3) f9  0x7ff8000000000000
core   0: 0x0000000080004cc8 (0xc027f453) fcvt.l.s s0, fa5
core   0: 1 0x0000000080004cc8 (0xc027f453) c1_fflags 0x0000000000000010 x8  0x7fffffffffffffff
core   0: 0x0000000080004ccc (0x0a557553) fsub.d  fa0, fa0, ft5
core   0: 1 0x0000000080004ccc (0x0a557553) f10 0x7ff8000000000000
core   0: 0x0000000080004cd0 (0x4085813b) subw    sp, a1, s0
core   0: 1 0x0000000080004cd0 (0x4085813b) x2  0x000000007b092974
core   0: 0x0000000080004cd4 (0x409b8bbb) subw    s7, s7, s1
core   0: 1 0x0000000080004cd4 (0x409b8bbb) x23 0x0000000000000741
core   0: 0x0000000080004cd8 (0x417d54b3) sra     s1, s10, s7
core   0: 1 0x0000000080004cd8 (0x417d54b3) x9  0x0000000000000000
core   0: 0x0000000080004cdc (0xc23ff453) fcvt.lu.d s0, ft11
core   0: 1 0x0000000080004cdc (0xc23ff453) c1_fflags 0x0000000000000010 x8  0xffffffffffffffff
core   0: 0x0000000080004ce0 (0x4014f4d3) fcvt.s.d fs1, fs1
core   0: 1 0x0000000080004ce0 (0x4014f4d3) f9  0xffffffff7fc00000
core   0: 0x0000000080004ce4 (0x0004d2b3) srl     t0, s1, zero
core   0: 1 0x0000000080004ce4 (0x0004d2b3) x5  0x0000000000000000
core   0: 0x0000000080004ce8 (0xc0227653) fcvt.l.s a2, ft4
core   0: 1 0x0000000080004ce8 (0xc0227653) c1_fflags 0x0000000000000010 x12 0x7fffffffffffffff
core   0: 0x0000000080004cec (0xfee19b37) lui     s6, 0xfee19
core   0: 1 0x0000000080004cec (0xfee19b37) x22 0xfffffffffee19000
core   0: 0x0000000080004cf0 (0x77db0b1b) addiw   s6, s6, 1917
core   0: 1 0x0000000080004cf0 (0x77db0b1b) x22 0xfffffffffee1977d
core   0: 0x0000000080004cf4 (0x00000b32) c.slli  s6, 12
core   0: 1 0x0000000080004cf4 (0x0b32) x22 0xffffffee1977d000
core   0: 0x0000000080004cf6 (0x6c9b0b13) addi    s6, s6, 1737
core   0: 1 0x0000000080004cf6 (0x6c9b0b13) x22 0xffffffee1977d6c9
core   0: 0x0000000080004cfa (0x23080ad3) fsgnj.d fs5, fa6, fa6
core   0: 1 0x0000000080004cfa (0x23080ad3) f21 0x7ff8000000000000
core   0: 0x0000000080004cfe (0x2a3f1f53) fmax.d  ft10, ft10, ft3
core   0: 1 0x0000000080004cfe (0x2a3f1f53) f30 0x7ff8000000000000
core   0: 0x0000000080004d02 (0xc023f353) fcvt.l.s t1, ft7
core   0: 1 0x0000000080004d02 (0xc023f353) c1_fflags 0x0000000000000010 x6  0x7fffffffffffffff
core   0: 0x0000000080004d06 (0x40a1013b) subw    sp, sp, a0
core   0: 1 0x0000000080004d06 (0x40a1013b) x2  0x000000007b092974
core   0: 0x0000000080004d0a (0x03c1513b) divuw   sp, sp, t3
core   0: 1 0x0000000080004d0a (0x03c1513b) x2  0x0000000000000000
core   0: 0x0000000080004d0e (0x233509d3) fsgnj.d fs3, fa0, fs3
core   0: 1 0x0000000080004d0e (0x233509d3) f19 0x7ff8000000000000
core   0: 0x0000000080004d12 (0x02789413) slli    s0, a7, 39
core   0: 1 0x0000000080004d12 (0x02789413) x8  0x0000008000000000
core   0: 0x0000000080004d16 (0x015302bb) addw    t0, t1, s5
core   0: 1 0x0000000080004d16 (0x015302bb) x5  0x0000000000000248
core   0: 0x0000000080004d1a (0x03f2da13) srli    s4, t0, 63
core   0: 1 0x0000000080004d1a (0x03f2da13) x20 0x0000000000000000
core   0: 0x0000000080004d1e (0xd222f4d3) fcvt.d.l fs1, t0
core   0: 1 0x0000000080004d1e (0xd222f4d3) f9  0x4082400000000000
core   0: 0x0000000080004d22 (0xc2067553) fcvt.w.d a0, fa2
core   0: 1 0x0000000080004d22 (0xc2067553) c1_fflags 0x0000000000000010 x10 0x000000007fffffff
core   0: 0x0000000080004d26 (0x00085413) srli    s0, a6, 0
core   0: 1 0x0000000080004d26 (0x00085413) x8  0xffffffffffffffff
core   0: 0x0000000080004d2a (0x03684b33) div     s6, a6, s6
core   0: 1 0x0000000080004d2a (0x03684b33) x22 0x0000000000000000
core   0: 0x0000000080004d2e (0x40175e13) srai    t3, a4, 1
core   0: 1 0x0000000080004d2e (0x40175e13) x28 0x0000000000000000
core   0: 0x0000000080004d32 (0x01381c9b) slliw   s9, a6, 19
core   0: 1 0x0000000080004d32 (0x01381c9b) x25 0xfffffffffff80000
core   0: 0x0000000080004d36 (0x00000001) c.nop
core   0: 1 0x0000000080004d36 (0x0001)
core   0: 0x0000000080004d38 (0x7cc56b13) ori     s6, a0, 1996
core   0: 1 0x0000000080004d38 (0x7cc56b13) x22 0x000000007fffffff
core   0: 0x0000000080004d3c (0x649c10b7) lui     ra, 0x649c1
core   0: 1 0x0000000080004d3c (0x649c10b7) x1  0x00000000649c1000
core   0: 0x0000000080004d40 (0x4a44fac7) fmsub.d fs5, fs1, ft4, fs1
core   0: 1 0x0000000080004d40 (0x4a44fac7) f21 0x7ff8000000000000
core   0: 0x0000000080004d44 (0x01717bb3) and     s7, sp, s7
core   0: 1 0x0000000080004d44 (0x01717bb3) x23 0x0000000000000000
core   0: 0x0000000080004d48 (0x006a979b) slliw   a5, s5, 6
core   0: 1 0x0000000080004d48 (0x006a979b) x15 0x0000000000009240
core   0: 0x0000000080004d4c (0x22caf34f) fnmadd.d ft6, fs5, fa2, ft4
core   0: 1 0x0000000080004d4c (0x22caf34f) f6  0x7ff8000000000000
core   0: 0x0000000080004d50 (0xf8ba011b) addiw   sp, s4, -117
core   0: 1 0x0000000080004d50 (0xf8ba011b) x2  0xffffffffffffff8b
core   0: 0x0000000080004d54 (0xaa9af1c3) fmadd.d ft3, fs5, fs1, fs5
core   0: 1 0x0000000080004d54 (0xaa9af1c3) f3  0x7ff8000000000000
core   0: 0x0000000080004d58 (0xcfdb9a97) auipc   s5, 0xcfdb9
core   0: 1 0x0000000080004d58 (0xcfdb9a97) x21 0x000000004fdbdd58
core   0: 0x0000000080004d5c (0x00202e73) csrrs   t3, frm, zero
core   0: 1 0x0000000080004d5c (0x00202e73) x28 0x0000000000000000
core   0: 0x0000000080004d60 (0x002026f3) csrrs   a3, frm, zero
core   0: 1 0x0000000080004d60 (0x002026f3) x13 0x0000000000000000
core   0: 0x0000000080004d64 (0x001e4d13) xori    s10, t3, 1
core   0: 1 0x0000000080004d64 (0x001e4d13) x26 0x0000000000000001
core   0: 0x0000000080004d68 (0xd0c6e493) ori     s1, a3, -756
core   0: 1 0x0000000080004d68 (0xd0c6e493) x9  0xfffffffffffffd0c
core   0: 0x0000000080004d6c (0x014bda33) srl     s4, s7, s4
core   0: 1 0x0000000080004d6c (0x014bda33) x20 0x0000000000000000
core   0: 0x0000000080004d70 (0x0143591b) srliw   s2, t1, 20
core   0: 1 0x0000000080004d70 (0x0143591b) x18 0x0000000000000fff
core   0: 0x0000000080004d74 (0x021c1ab7) lui     s5, 0x21c1
core   0: 1 0x0000000080004d74 (0x021c1ab7) x21 0x00000000021c1000
core   0: 0x0000000080004d78 (0x00003ae5) c.addiw s5, -7
core   0: 1 0x0000000080004d78 (0x3ae5) x21 0x00000000021c0ff9
core   0: 0x0000000080004d7a (0x00000ab2) c.slli  s5, 12
core   0: 1 0x0000000080004d7a (0x0ab2) x21 0x00000021c0ff9000
core   0: 0x0000000080004d7c (0xc58a8a93) addi    s5, s5, -936
core   0: 1 0x0000000080004d7c (0xc58a8a93) x21 0x00000021c0ff8c58
core   0: 0x0000000080004d80 (0x420d07d3) fcvt.d.s fa5, fs10
core   0: 1 0x0000000080004d80 (0x420d07d3) f15 0x7ff8000000000000
core   0: 0x0000000080004d84 (0x23459fd3) fsgnjn.d ft11, fa1, fs4
core   0: 1 0x0000000080004d84 (0x23459fd3) f31 0xc032000000000000
core   0: 0x0000000080004d88 (0x0231fc3b) remuw   s8, gp, gp
core   0: 1 0x0000000080004d88 (0x0231fc3b) x24 0x0000000000000000
core   0: 0x0000000080004d8c (0x001c011b) addiw   sp, s8, 1
core   0: 1 0x0000000080004d8c (0x001c011b) x2  0x0000000000000001
core   0: 0x0000000080004d90 (0x001619f3) csrrw   s3, fflags, a2
core   0: 1 0x0000000080004d90 (0x001619f3) x19 0x0000000000000010 c1_fflags 0x000000000000001f
core   0: 0x0000000080004d94 (0x43447a4f) fnmadd.d fs4, fs0, fs4, fs0
core   0: 1 0x0000000080004d94 (0x43447a4f) f20 0x7ff8000000000000
core   0: 0x0000000080004d98 (0x41378bb3) sub     s7, a5, s3
core   0: 1 0x0000000080004d98 (0x41378bb3) x23 0x0000000000009230
core   0: 0x0000000080004d9c (0x00102df3) csrrs   s11, fflags, zero
core   0: 1 0x0000000080004d9c (0x00102df3) x27 0x000000000000001f
core   0: 0x0000000080004da0 (0x016b4b33) xor     s6, s6, s6
core   0: 1 0x0000000080004da0 (0x016b4b33) x22 0x0000000000000000
core   0: 0x0000000080004da4 (0x0170959b) slliw   a1, ra, 23
core   0: 1 0x0000000080004da4 (0x0170959b) x11 0x0000000000000000
core   0: 0x0000000080004da8 (0x2336a9d3) fsgnjx.d fs3, fa3, fs3
core   0: 1 0x0000000080004da8 (0x2336a9d3) f19 0xfff8000000000000
core   0: 0x0000000080004dac (0x00000001) c.nop
core   0: 1 0x0000000080004dac (0x0001)
core   0: 0x0000000080004dae (0xc203f653) fcvt.w.d a2, ft7
core   0: 1 0x0000000080004dae (0xc203f653) c1_fflags 0x000000000000001f x12 0x000000007fffffff
core   0: 0x0000000080004db2 (0x02c672bb) remuw   t0, a2, a2
core   0: 1 0x0000000080004db2 (0x02c672bb) x5  0x0000000000000000
core   0: 0x0000000080004db6 (0x4018fd53) fcvt.s.d fs10, fa7
core   0: 1 0x0000000080004db6 (0x4018fd53) f26 0xffffffff7fc00000
core   0: 0x0000000080004dba (0x22678d53) fsgnj.d fs10, fa5, ft6
core   0: 1 0x0000000080004dba (0x22678d53) f26 0x7ff8000000000000
core   0: 0x0000000080004dbe (0x001612f3) csrrw   t0, fflags, a2
core   0: 1 0x0000000080004dbe (0x001612f3) x5  0x000000000000001f c1_fflags 0x000000000000001f
core   0: 0x0000000080004dc2 (0x0ff0000f) fence   iorw,iorw
core   0: 1 0x0000000080004dc2 (0x0ff0000f)
core   0: 0x0000000080004dc6 (0x000097f6) c.add   a5, t4
core   0: 1 0x0000000080004dc6 (0x97f6) x15 0x0000000001bff240
core   0: 0x0000000080004dc8 (0x00e2dc33) srl     s8, t0, a4
core   0: 1 0x0000000080004dc8 (0x00e2dc33) x24 0x000000000000001f
core   0: 0x0000000080004dcc (0xc036f6d3) fcvt.lu.s a3, fa3
core   0: 1 0x0000000080004dcc (0xc036f6d3) c1_fflags 0x000000000000001f x13 0xffffffffffffffff
core   0: 0x0000000080004dd0 (0xe2068353) fmv.x.d t1, fa3
core   0: 1 0x0000000080004dd0 (0xe2068353) x6  0xfff8000000000000
core   0: 0x0000000080004dd4 (0xd22572d3) fcvt.d.l ft5, a0
core   0: 1 0x0000000080004dd4 (0xd22572d3) f5  0x41dfffffffc00000
core   0: 0x0000000080004dd8 (0x00202a73) csrrs   s4, frm, zero
core   0: 1 0x0000000080004dd8 (0x00202a73) x20 0x0000000000000000
core   0: 0x0000000080004ddc (0x01bb8633) add     a2, s7, s11
core   0: 1 0x0000000080004ddc (0x01bb8633) x12 0x000000000000924f
core   0: 0x0000000080004de0 (0x400ada9b) sraiw   s5, s5, 0
core   0: 1 0x0000000080004de0 (0x400ada9b) x21 0xffffffffc0ff8c58
core   0: 0x0000000080004de4 (0x23f49fd3) fsgnjn.d ft11, fs1, ft11
core   0: 1 0x0000000080004de4 (0x23f49fd3) f31 0x4082400000000000
core   0: 0x0000000080004de8 (0x4009d99b) sraiw   s3, s3, 0
core   0: 1 0x0000000080004de8 (0x4009d99b) x19 0x0000000000000010
core   0: 0x0000000080004dec (0x00ddc5b3) xor     a1, s11, a3
core   0: 1 0x0000000080004dec (0x00ddc5b3) x11 0xffffffffffffffe0
core   0: 0x0000000080004df0 (0x008de433) or      s0, s11, s0
core   0: 1 0x0000000080004df0 (0x008de433) x8  0xffffffffffffffff
core   0: 0x0000000080004df4 (0x0003e613) ori     a2, t2, 0
core   0: 1 0x0000000080004df4 (0x0003e613) x12 0x0000000000000003
core   0: 0x0000000080004df8 (0x408457b3) sra     a5, s0, s0
core   0: 1 0x0000000080004df8 (0x408457b3) x15 0xffffffffffffffff
core   0: 0x0000000080004dfc (0xc212fcd3) fcvt.wu.d s9, ft5
core   0: 1 0x0000000080004dfc (0xc212fcd3) x25 0x000000007fffffff
core   0: 0x0000000080004e00 (0x26b6cb37) lui     s6, 0x26b6c
core   0: 1 0x0000000080004e00 (0x26b6cb37) x22 0x0000000026b6c000
core   0: 0x0000000080004e04 (0x001c1abb) sllw    s5, s8, ra
core   0: 1 0x0000000080004e04 (0x001c1abb) x21 0x000000000000001f
core   0: 0x0000000080004e08 (0xc20bf753) fcvt.w.d a4, fs7
core   0: 1 0x0000000080004e08 (0xc20bf753) c1_fflags 0x000000000000001f x14 0x000000007fffffff
core   0: 0x0000000080004e0c (0x025aebbb) remw    s7, s5, t0
core   0: 1 0x0000000080004e0c (0x025aebbb) x23 0x0000000000000000
core   0: 0x0000000080004e10 (0xd20708d3) fcvt.d.w fa7, a4
core   0: 1 0x0000000080004e10 (0xd20708d3) f17 0x41dfffffffc00000
core   0: 0x0000000080004e14 (0x019727b3) slt     a5, a4, s9
core   0: 1 0x0000000080004e14 (0x019727b3) x15 0x0000000000000000
core   0: 0x0000000080004e18 (0xc2337d53) fcvt.lu.d s10, ft6
core   0: 1 0x0000000080004e18 (0xc2337d53) c1_fflags 0x000000000000001f x26 0xffffffffffffffff
core   0: 0x0000000080004e1c (0x000e9913) slli    s2, t4, 0
core   0: 1 0x0000000080004e1c (0x000e9913) x18 0x0000000001bf6000
core   0: 0x0000000080004e20 (0x00f912b3) sll     t0, s2, a5
core   0: 1 0x0000000080004e20 (0x00f912b3) x5  0x0000000001bf6000
core   0: 0x0000000080004e24 (0x00000001) c.nop
core   0: 1 0x0000000080004e24 (0x0001)
core   0: 0x0000000080004e26 (0x00d2e9b3) or      s3, t0, a3
core   0: 1 0x0000000080004e26 (0x00d2e9b3) x19 0xffffffffffffffff
core   0: 0x0000000080004e2a (0x025b8b33) mul     s6, s7, t0
core   0: 1 0x0000000080004e2a (0x025b8b33) x22 0x0000000000000000
core   0: 0x0000000080004e2e (0x5a0b7bd3) fsqrt.d fs7, fs6
core   0: 1 0x0000000080004e2e (0x5a0b7bd3) c1_fflags 0x000000000000001f f23 0x40431e38ce65316a
core   0: 0x0000000080004e32 (0x001650b3) srl     ra, a2, ra
core   0: 1 0x0000000080004e32 (0x001650b3) x1  0x0000000000000003
core   0: 0x0000000080004e36 (0x00b45033) srl     zero, s0, a1
core   0: 1 0x0000000080004e36 (0x00b45033)
core   0: 0x0000000080004e3a (0xfde264b7) lui     s1, 0xfde26
core   0: 1 0x0000000080004e3a (0xfde264b7) x9  0xfffffffffde26000
core   0: 0x0000000080004e3e (0xb934849b) addiw   s1, s1, -1133
core   0: 1 0x0000000080004e3e (0xb934849b) x9  0xfffffffffde25b93
core   0: 0x0000000080004e42 (0x000004b2) c.slli  s1, 12
core   0: 1 0x0000000080004e42 (0x04b2) x9  0xffffffde25b93000
core   0: 0x0000000080004e44 (0xb5248493) addi    s1, s1, -1198
core   0: 1 0x0000000080004e44 (0xb5248493) x9  0xffffffde25b92b52
core   0: 0x0000000080004e48 (0x008c9c9b) slliw   s9, s9, 8
core   0: 1 0x0000000080004e48 (0x008c9c9b) x25 0xffffffffffffff00
core   0: 0x0000000080004e4c (0x02c8c2bb) divw    t0, a7, a2
core   0: 1 0x0000000080004e4c (0x02c8c2bb) x5  0x0000000000000000
core   0: 0x0000000080004e50 (0x0252b7b3) mulhu   a5, t0, t0
core   0: 1 0x0000000080004e50 (0x0252b7b3) x15 0x0000000000000000
core   0: 0x0000000080004e54 (0x00000001) c.nop
core   0: 1 0x0000000080004e54 (0x0001)
core   0: 0x0000000080004e56 (0x4007d81b) sraiw   a6, a5, 0
core   0: 1 0x0000000080004e56 (0x4007d81b) x16 0x0000000000000000
core   0: 0x0000000080004e5a (0x0264593b) divuw   s2, s0, t1
core   0: 1 0x0000000080004e5a (0x0264593b) x18 0xffffffffffffffff
core   0: 0x0000000080004e5e (0x409cd19b) sraiw   gp, s9, 9
core   0: 1 0x0000000080004e5e (0x409cd19b) x3  0xffffffffffffffff
core   0: 0x0000000080004e62 (0xc219f553) fcvt.wu.d a0, fs3
core   0: 1 0x0000000080004e62 (0xc219f553) c1_fflags 0x000000000000001f x10 0xffffffffffffffff
core   0: 0x0000000080004e66 (0x032c9eb3) mulh    t4, s9, s2
core   0: 1 0x0000000080004e66 (0x032c9eb3) x29 0x0000000000000000
core   0: 0x0000000080004e6a (0x10553cf3) csrrc   s9, stvec, a0
core   0: 1 0x0000000080004e6a (0x10553cf3) x25 0x0000000000000000 c261_stvec 0x0000000000000000
core   0: 0x0000000080004e6e (0x1b3b78d3) fdiv.d  fa7, fs6, fs3
core   0: 1 0x0000000080004e6e (0x1b3b78d3) f17 0x7ff8000000000000
core   0: 0x0000000080004e72 (0x420e8153) fcvt.d.s ft2, ft9
core   0: 1 0x0000000080004e72 (0x420e8153) f2  0x7ff8000000000000
core   0: 0x0000000080004e76 (0xc0237bd3) fcvt.l.s s7, ft6
core   0: 1 0x0000000080004e76 (0xc0237bd3) c1_fflags 0x000000000000001f x23 0x7fffffffffffffff
core   0: 0x0000000080004e7a (0x2b888c53) fmin.d  fs8, fa7, fs8
core   0: 1 0x0000000080004e7a (0x2b888c53) f24 0x7ff8000000000000
core   0: 0x0000000080004e7e (0x2a230053) fmin.d  ft0, ft6, ft2
core   0: 1 0x0000000080004e7e (0x2a230053) f0  0x7ff8000000000000
core   0: 0x0000000080004e82 (0x01a65ab3) srl     s5, a2, s10
core   0: 1 0x0000000080004e82 (0x01a65ab3) x21 0x0000000000000000
core   0: 0x0000000080004e86 (0x419155b3) sra     a1, sp, s9
core   0: 1 0x0000000080004e86 (0x419155b3) x11 0x0000000000000001
core   0: 0x0000000080004e8a (0x00202673) csrrs   a2, frm, zero
core   0: 1 0x0000000080004e8a (0x00202673) x12 0x0000000000000000
core   0: 0x0000000080004e8e (0x22c029d3) fsgnjx.d fs3, ft0, fa2
core   0: 1 0x0000000080004e8e (0x22c029d3) f19 0x7ff8000000000000
core   0: 0x0000000080004e92 (0x40660033) sub     zero, a2, t1
core   0: 1 0x0000000080004e92 (0x40660033)
core   0: 0x0000000080004e96 (0xd02870d3) fcvt.s.l ft1, a6
core   0: 1 0x0000000080004e96 (0xd02870d3) f1  0xffffffff00000000
core   0: 0x0000000080004e9a (0x0a1ef143) fmadd.d ft2, ft9, ft1, ft1
core   0: 1 0x0000000080004e9a (0x0a1ef143) f2  0x7ff8000000000000
core   0: 0x0000000080004e9e (0x7a04774f) fnmadd.d fa4, fs0, ft0, fa5
core   0: 1 0x0000000080004e9e (0x7a04774f) f14 0x7ff8000000000000
core   0: 0x0000000080004ea2 (0xfff10093) addi    ra, sp, -1
core   0: 1 0x0000000080004ea2 (0xfff10093) x1  0x0000000000000000
core   0: 0x0000000080004ea6 (0x02a21e13) slli    t3, tp, 42
core   0: 1 0x0000000080004ea6 (0x02a21e13) x28 0x0000040000000000
core   0: 0x0000000080004eaa (0x72e3f543) fmadd.d fa0, ft7, fa4, fa4
core   0: 1 0x0000000080004eaa (0x72e3f543) f10 0x7ff8000000000000
core   0: 0x0000000080004eae (0x001214f3) csrrw   s1, fflags, tp
core   0: 1 0x0000000080004eae (0x001214f3) x9  0x000000000000001f c1_fflags 0x0000000000000001
core   0: 0x0000000080004eb2 (0x60de6a13) ori     s4, t3, 1549
core   0: 1 0x0000000080004eb2 (0x60de6a13) x20 0x000004000000060d
core   0: 0x0000000080004eb6 (0x018c18bb) sllw    a7, s8, s8
core   0: 1 0x0000000080004eb6 (0x018c18bb) x17 0xffffffff80000000
core   0: 0x0000000080004eba (0x132e7e53) fmul.d  ft8, ft8, fs2
core   0: 1 0x0000000080004eba (0x132e7e53) f28 0x7ff8000000000000
core   0: 0x0000000080004ebe (0xc0267e73) csrrci  t3, instret, 12
core   0: exception trap_illegal_instruction, epc 0x0000000080004ebe
core   0:           tval 0x00000000c0267e73
core   0: >>>>  $xrv64i2p1_m2p0_a2p1_f2p2_d2p2_zicsr2p0_zifencei2p0_zmmul1p0_zba1p0_zbb1p0_zbc1p0_zbs1p0
core   0: 0x0000000080004000 (0x0080006f) j       pc + 0x8
core   0: 3 0x0000000080004000 (0x0080006f)
core   0: >>>>  mmode_exception_handler
core   0: 0x0000000080004008 (0x00002c17) auipc   s8, 0x2
core   0: 3 0x0000000080004008 (0x00002c17) x24 0x0000000080006008
core   0: 0x000000008000400c (0x09ac0c13) addi    s8, s8, 154
core   0: 3 0x000000008000400c (0x09ac0c13) x24 0x00000000800060a2
core   0: 0x0000000080004010 (0x000c00e7) jalr    s8
core   0: 3 0x0000000080004010 (0x000c00e7) x1  0x0000000080004014
core   0: >>>>  any_handler
core   0: 0x00000000800060a2 (0x341027f3) csrrs   a5, mepc, zero
core   0: 3 0x00000000800060a2 (0x341027f3) x15 0x0000000080004ebe
core   0: 0x00000000800060a6 (0x34202773) csrrs   a4, mcause, zero
core   0: 3 0x00000000800060a6 (0x34202773) x14 0x0000000000000002
core   0: 0x00000000800060aa (0x142026f3) csrrs   a3, scause, zero
core   0: 3 0x00000000800060aa (0x142026f3) x13 0x0000000000000000
core   0: 0x00000000800060ae (0x30402673) csrrs   a2, mie, zero
core   0: 3 0x00000000800060ae (0x30402673) x12 0x0000000000000a00
core   0: 0x00000000800060b2 (0x344025f3) csrrs   a1, mip, zero
core   0: 3 0x00000000800060b2 (0x344025f3) x11 0x0000000000000080
core   0: 0x00000000800060b6 (0x343025f3) csrrs   a1, mtval, zero
core   0: 3 0x00000000800060b6 (0x343025f3) x11 0x00000000c0267e73
core   0: 0x00000000800060ba (0x14302573) csrrs   a0, stval, zero
core   0: 3 0x00000000800060ba (0x14302573) x10 0x0000000000000000
core   0: 0x00000000800060be (0xb02024f3) csrrs   s1, minstret, zero
core   0: 3 0x00000000800060be (0xb02024f3) x9  0x0000000000000d86
core   0: 0x00000000800060c2 (0x0000a811) c.j     pc + 20
core   0: 3 0x00000000800060c2 (0xa811)
core   0: >>>>  mepc_4
core   0: 0x00000000800060d6 (0x00000791) c.addi  a5, 4
core   0: 3 0x00000000800060d6 (0x0791) x15 0x0000000080004ec2
core   0: 0x00000000800060d8 (0x34179073) csrrw   zero, mepc, a5
core   0: 3 0x00000000800060d8 (0x34179073) c833_mepc 0x0000000080004ec2
core   0: 0x00000000800060dc (0x30200073) mret
core   0: 3 0x00000000800060dc (0x30200073) c768_mstatus 0x8000000a00106080
core   0: 0x0000000080004ec2 (0x00cd75b3) and     a1, s10, a2
core   0: 1 0x0000000080004ec2 (0x00cd75b3) x11 0x0000000000000a00
core   0: 0x0000000080004ec6 (0x00159b33) sll     s6, a1, ra
core   0: 1 0x0000000080004ec6 (0x00159b33) x22 0x00000000a0000000
core   0: 0x0000000080004eca (0xd232f153) fcvt.d.lu ft2, t0
core   0: 1 0x0000000080004eca (0xd232f153) f2  0x0000000000000000
core   0: 0x0000000080004ece (0x404554b3) sra     s1, a0, tp
core   0: 1 0x0000000080004ece (0x404554b3) x9  0x0000000000000000
core   0: 0x0000000080004ed2 (0x000e0b33) add     s6, t3, zero
core   0: 1 0x0000000080004ed2 (0x000e0b33) x22 0x0000040000000000
core   0: 0x0000000080004ed6 (0x014243b3) xor     t2, tp, s4
core   0: 1 0x0000000080004ed6 (0x014243b3) x7  0x000004000000060c
core   0: 0x0000000080004eda (0x03bc01b3) mul     gp, s8, s11
core   0: 1 0x0000000080004eda (0x03bc01b3) x3  0x0000000f800bb39e
core   0: 0x0000000080004ede (0x402dd793) srai    a5, s11, 2
core   0: 1 0x0000000080004ede (0x402dd793) x15 0x0000000000000007
core   0: 0x0000000080004ee2 (0xe20588d3) fmv.x.d a7, fa1
core   0: 1 0x0000000080004ee2 (0xe20588d3) x17 0x4032000000000000
core   0: 0x0000000080004ee6 (0x0007599b) srliw   s3, a4, 0
core   0: 1 0x0000000080004ee6 (0x0007599b) x19 0x0000000000000002
core   0: 0x0000000080004eea (0x024cfbb3) remu    s7, s9, tp
core   0: 1 0x0000000080004eea (0x024cfbb3) x23 0x0000000000000000
core   0: 0x0000000080004eee (0xbcfe8513) addi    a0, t4, -1073
core   0: 1 0x0000000080004eee (0xbcfe8513) x10 0xfffffffffffffbcf
core   0: 0x0000000080004ef2 (0x03a69d33) mulh    s10, a3, s10
core   0: 1 0x0000000080004ef2 (0x03a69d33) x26 0x0000000000000000
core   0: 0x0000000080004ef6 (0xd0357053) fcvt.s.lu ft0, a0
core   0: 1 0x0000000080004ef6 (0xd0357053) c1_fflags 0x0000000000000001 f0  0xffffffff5f800000
core   0: 0x0000000080004efa (0x0be87f53) fsub.d  ft10, fa6, ft10
core   0: 1 0x0000000080004efa (0x0be87f53) f30 0x7ff8000000000000
core   0: 0x0000000080004efe (0x40bd04b3) sub     s1, s10, a1
core   0: 1 0x0000000080004efe (0x40bd04b3) x9  0xfffffffffffff600
core   0: 0x0000000080004f02 (0x00341d13) slli    s10, s0, 3
core   0: 1 0x0000000080004f02 (0x00341d13) x26 0xfffffffffffffff8
core   0: 0x0000000080004f06 (0x0000836e) c.mv    t1, s11
core   0: 1 0x0000000080004f06 (0x836e) x6  0x000000000000001f
core   0: 0x0000000080004f08 (0x02854633) div     a2, a0, s0
core   0: 1 0x0000000080004f08 (0x02854633) x12 0x0000000000000431
core   0: 0x0000000080004f0c (0xd1bb4593) xori    a1, s6, -741
core   0: 1 0x0000000080004f0c (0xd1bb4593) x11 0xfffffbfffffffd1b
core   0: 0x0000000080004f10 (0x00d69ebb) sllw    t4, a3, a3
core   0: 1 0x0000000080004f10 (0x00d69ebb) x29 0x0000000000000000
core   0: 0x0000000080004f14 (0x00102d73) csrrs   s10, fflags, zero
core   0: 1 0x0000000080004f14 (0x00102d73) x26 0x0000000000000001
core   0: 0x0000000080004f18 (0x011d4eb3) xor     t4, s10, a7
core   0: 1 0x0000000080004f18 (0x011d4eb3) x29 0x4032000000000001
core   0: 0x0000000080004f1c (0x01237db3) and     s11, t1, s2
core   0: 1 0x0000000080004f1c (0x01237db3) x27 0x000000000000001f
core   0: 0x0000000080004f20 (0xd03bfb53) fcvt.s.lu fs6, s7
core   0: 1 0x0000000080004f20 (0xd03bfb53) f22 0xffffffff00000000
core   0: 0x0000000080004f24 (0x02e279bb) remuw   s3, tp, a4
core   0: 1 0x0000000080004f24 (0x02e279bb) x19 0x0000000000000001
core   0: 0x0000000080004f28 (0x40055e13) srai    t3, a0, 0
core   0: 1 0x0000000080004f28 (0x40055e13) x28 0xfffffffffffffbcf
core   0: 0x0000000080004f2c (0xd03bf453) fcvt.s.lu fs0, s7
core   0: 1 0x0000000080004f2c (0xd03bf453) f8  0xffffffff00000000
core   0: 0x0000000080004f30 (0x0d560613) addi    a2, a2, 213
core   0: 1 0x0000000080004f30 (0x0d560613) x12 0x0000000000000506
core   0: 0x0000000080004f34 (0x01c60a33) add     s4, a2, t3
core   0: 1 0x0000000080004f34 (0x01c60a33) x20 0x00000000000000d5
core   0: 0x0000000080004f38 (0x019d1d1b) slliw   s10, s10, 25
core   0: 1 0x0000000080004f38 (0x019d1d1b) x26 0x0000000002000000
core   0: 0x0000000080004f3c (0x022abab3) mulhu   s5, s5, sp
core   0: 1 0x0000000080004f3c (0x022abab3) x21 0x0000000000000000
core   0: 0x0000000080004f40 (0xc23f7653) fcvt.lu.d a2, ft10
core   0: 1 0x0000000080004f40 (0xc23f7653) c1_fflags 0x0000000000000011 x12 0xffffffffffffffff
core   0: 0x0000000080004f44 (0x2be49353) fmax.d  ft6, fs1, ft10
core   0: 1 0x0000000080004f44 (0x2be49353) f6  0x4082400000000000
core   0: 0x0000000080004f48 (0x2b9c8253) fmin.d  ft4, fs9, fs9
core   0: 1 0x0000000080004f48 (0x2b9c8253) f4  0x3ff0000000000000
core   0: 0x0000000080004f4c (0x00095e13) srli    t3, s2, 0
core   0: 1 0x0000000080004f4c (0x00095e13) x28 0xffffffffffffffff
core   0: 0x0000000080004f50 (0x00065493) srli    s1, a2, 0
core   0: 1 0x0000000080004f50 (0x00065493) x9  0xffffffffffffffff
core   0: 0x0000000080004f54 (0x001e151b) slliw   a0, t3, 1
core   0: 1 0x0000000080004f54 (0x001e151b) x10 0xfffffffffffffffe
core   0: 0x0000000080004f58 (0x01c51d33) sll     s10, a0, t3
core   0: 1 0x0000000080004f58 (0x01c51d33) x26 0x0000000000000000
core   0: 0x0000000080004f5c (0x22b408d3) fsgnj.d fa7, fs0, fa1
core   0: 1 0x0000000080004f5c (0x22b408d3) f17 0x7fffffff00000000
core   0: 0x0000000080004f60 (0x43e8d893) srai    a7, a7, 62
core   0: 1 0x0000000080004f60 (0x43e8d893) x17 0x0000000000000001
core   0: 0x0000000080004f64 (0x1a4af953) fdiv.d  fs2, fs5, ft4
core   0: 1 0x0000000080004f64 (0x1a4af953) f18 0x7ff8000000000000
core   0: 0x0000000080004f68 (0x41aad23b) sraw    tp, s5, s10
core   0: 1 0x0000000080004f68 (0x41aad23b) x4  0x0000000000000000
core   0: 0x0000000080004f6c (0x413add1b) sraiw   s10, s5, 19
core   0: 1 0x0000000080004f6c (0x413add1b) x26 0x0000000000000000
core   0: 0x0000000080004f70 (0x024202bb) mulw    t0, tp, tp
core   0: 1 0x0000000080004f70 (0x024202bb) x5  0x0000000000000000
core   0: 0x0000000080004f74 (0xc239fa53) fcvt.lu.d s4, fs3
core   0: 1 0x0000000080004f74 (0xc239fa53) c1_fflags 0x0000000000000011 x20 0xffffffffffffffff
core   0: 0x0000000080004f78 (0x401379d3) fcvt.s.d fs3, ft6
core   0: 1 0x0000000080004f78 (0x401379d3) f19 0xffffffff44120000
core   0: 0x0000000080004f7c (0xd20586d3) fcvt.d.w fa3, a1
core   0: 1 0x0000000080004f7c (0xd20586d3) f13 0xc087280000000000
core   0: 0x0000000080004f80 (0x0126dabb) srlw    s5, a3, s2
core   0: 1 0x0000000080004f80 (0x0126dabb) x21 0x0000000000000000
core   0: 0x0000000080004f84 (0x001691f3) csrrw   gp, fflags, a3
core   0: 1 0x0000000080004f84 (0x001691f3) x3  0x0000000000000011 c1_fflags 0x0000000000000000
core   0: 0x0000000080004f88 (0x0008a8b3) slt     a7, a7, zero
core   0: 1 0x0000000080004f88 (0x0008a8b3) x17 0x0000000000000000
core   0: 0x0000000080004f8c (0xc219fdd3) fcvt.wu.d s11, fs3
core   0: 1 0x0000000080004f8c (0xc219fdd3) c1_fflags 0x0000000000000010 x27 0xffffffffffffffff
core   0: 0x0000000080004f90 (0x0213c8bb) divw    a7, t2, ra
core   0: 1 0x0000000080004f90 (0x0213c8bb) x17 0x0000000000000000
core   0: 0x0000000080004f94 (0xfabffb47) fmsub.d fs6, ft11, fa1, ft11
core   0: 1 0x0000000080004f94 (0xfabffb47) f22 0x40c3640000000000
core   0: 0x0000000080004f98 (0x239492d3) fsgnjn.d ft5, fs1, fs9
core   0: 1 0x0000000080004f98 (0x239492d3) f5  0xc082400000000000
core   0: 0x0000000080004f9c (0xd22cf8d3) fcvt.d.l fa7, s9
core   0: 1 0x0000000080004f9c (0xd22cf8d3) f17 0x0000000000000000
core   0: 0x0000000080004fa0 (0xc279f9cb) fnmsub.d fs3, fs3, ft7, fs8
core   0: 1 0x0000000080004fa0 (0xc279f9cb) f19 0x7ff8000000000000
core   0: 0x0000000080004fa4 (0xf20e0753) fmv.d.x fa4, t3
core   0: 1 0x0000000080004fa4 (0xf20e0753) f14 0xffffffffffffffff
core   0: 0x0000000080004fa8 (0xa27006d3) fle.d   a3, ft0, ft7
core   0: 1 0x0000000080004fa8 (0xa27006d3) c1_fflags 0x0000000000000010 x13 0x0000000000000000
core   0: 0x0000000080004fac (0x00de2e33) slt     t3, t3, a3
core   0: 1 0x0000000080004fac (0x00de2e33) x28 0x0000000000000001
core   0: 0x0000000080004fb0 (0x017a1e3b) sllw    t3, s4, s7
core   0: 1 0x0000000080004fb0 (0x017a1e3b) x28 0xffffffffffffffff
core   0: 0x0000000080004fb4 (0x00000001) c.nop
core   0: 1 0x0000000080004fb4 (0x0001)
core   0: 0x0000000080004fb6 (0x00102ef3) csrrs   t4, fflags, zero
core   0: 1 0x0000000080004fb6 (0x00102ef3) x29 0x0000000000000010
core   0: 0x0000000080004fba (0x0231b733) mulhu   a4, gp, gp
core   0: 1 0x0000000080004fba (0x0231b733) x14 0x0000000000000000
core   0: 0x0000000080004fbe (0x1ad37ad3) fdiv.d  fs5, ft6, fa3
core   0: 1 0x0000000080004fbe (0x1ad37ad3) c1_fflags 0x0000000000000011 f21 0xbfe9385026b19385
core   0: 0x0000000080004fc2 (0x0a4ff753) fsub.d  fa4, ft11, ft4
core   0: 1 0x0000000080004fc2 (0x0a4ff753) f14 0x4082380000000000
core   0: 0x0000000080004fc6 (0x2252a653) fsgnjx.d fa2, ft5, ft5
core   0: 1 0x0000000080004fc6 (0x2252a653) f12 0x4082400000000000
core   0: 0x0000000080004fca (0x05020137) lui     sp, 0x5020
core   0: 1 0x0000000080004fca (0x05020137) x2  0x0000000005020000
core   0: 0x0000000080004fce (0xbf71011b) addiw   sp, sp, -1033
core   0: 1 0x0000000080004fce (0xbf71011b) x2  0x000000000501fbf7
core   0: 0x0000000080004fd2 (0x00000132) c.slli  sp, 12
core   0: 1 0x0000000080004fd2 (0x0132) x2  0x000000501fbf7000
core   0: 0x0000000080004fd4 (0xd9c10113) addi    sp, sp, -612
core   0: 1 0x0000000080004fd4 (0xd9c10113) x2  0x000000501fbf6d9c
core   0: 0x0000000080004fd8 (0xc23ffbd3) fcvt.lu.d s7, ft11
core   0: 1 0x0000000080004fd8 (0xc23ffbd3) x23 0x0000000000000248
core   0: 0x0000000080004fdc (0x026ab733) mulhu   a4, s5, t1
core   0: 1 0x0000000080004fdc (0x026ab733) x14 0x0000000000000000
core   0: 0x0000000080004fe0 (0x00102cf3) csrrs   s9, fflags, zero
core   0: 1 0x0000000080004fe0 (0x00102cf3) x25 0x0000000000000011
core   0: 0x0000000080004fe4 (0x00000001) c.nop
core   0: 1 0x0000000080004fe4 (0x0001)
core   0: 0x0000000080004fe6 (0x009b94bb) sllw    s1, s7, s1
core   0: 1 0x0000000080004fe6 (0x009b94bb) x9  0x0000000000000000
core   0: 0x0000000080004fea (0x0314e1bb) remw    gp, s1, a7
core   0: 1 0x0000000080004fea (0x0314e1bb) x3  0x0000000000000000
core   0: 0x0000000080004fee (0x2bf29ad3) fmax.d  fs5, ft5, ft11
core   0: 1 0x0000000080004fee (0x2bf29ad3) f21 0x4082400000000000
core   0: 0x0000000080004ff2 (0xc22a7453) fcvt.l.d s0, fs4
core   0: 1 0x0000000080004ff2 (0xc22a7453) c1_fflags 0x0000000000000011 x8  0x7fffffffffffffff
core   0: 0x0000000080004ff6 (0xc024f653) fcvt.l.s a2, fs1
core   0: 1 0x0000000080004ff6 (0xc024f653) c1_fflags 0x0000000000000011 x12 0x7fffffffffffffff
core   0: 0x0000000080004ffa (0x0001d2b3) srl     t0, gp, zero
core   0: 1 0x0000000080004ffa (0x0001d2b3) x5  0x0000000000000000
core   0: 0x0000000080004ffe (0x125af0d3) fmul.d  ft1, fs5, ft5
core   0: 1 0x0000000080004ffe (0x125af0d3) f1  0xc114d10000000000
core   0: 0x0000000080005002 (0x400453bb) sraw    t2, s0, zero
core   0: 1 0x0000000080005002 (0x400453bb) x7  0xffffffffffffffff
core   0: 0x0000000080005006 (0x02006233) rem     tp, zero, zero
core   0: 1 0x0000000080005006 (0x02006233) x4  0x0000000000000000
core   0: 0x000000008000500a (0x024b6db3) rem     s11, s6, tp
core   0: 1 0x000000008000500a (0x024b6db3) x27 0x0000040000000000
core   0: 0x000000008000500e (0x01cedcbb) srlw    s9, t4, t3
core   0: 1 0x000000008000500e (0x01cedcbb) x25 0x0000000000000000
core   0: 0x0000000080005012 (0xfc9499b7) lui     s3, 0xfc949
core   0: 1 0x0000000080005012 (0xfc9499b7) x19 0xfffffffffc949000
core   0: 0x0000000080005016 (0x2019899b) addiw   s3, s3, 513
core   0: 1 0x0000000080005016 (0x2019899b) x19 0xfffffffffc949201
core   0: 0x000000008000501a (0x000009b2) c.slli  s3, 12
core   0: 1 0x000000008000501a (0x09b2) x19 0xffffffc949201000
core   0: 0x000000008000501c (0x77198993) addi    s3, s3, 1905
core   0: 1 0x000000008000501c (0x77198993) x19 0xffffffc949201771
core   0: 0x0000000080005020 (0x01be893b) addw    s2, t4, s11
core   0: 1 0x0000000080005020 (0x01be893b) x18 0x0000000000000010
core   0: 0x0000000080005024 (0x0ac672d3) fsub.d  ft5, fa2, fa2
core   0: 1 0x0000000080005024 (0x0ac672d3) f5  0x0000000000000000
core   0: 0x0000000080005028 (0x00102073) csrrs   zero, fflags, zero
core   0: 1 0x0000000080005028 (0x00102073)
core   0: 0x000000008000502c (0x140ff373) csrrci  t1, sscratch, 31
core   0: 1 0x000000008000502c (0x140ff373) x6  0x0000000000000000 c320_sscratch 0x0000000000000000
core   0: 0x0000000080005030 (0xc03b7cd3) fcvt.lu.s s9, fs6
core   0: 1 0x0000000080005030 (0xc03b7cd3) c1_fflags 0x0000000000000011 x25 0xffffffffffffffff
core   0: 0x0000000080005034 (0x00076093) ori     ra, a4, 0
core   0: 1 0x0000000080005034 (0x00076093) x1  0x0000000000000000
core   0: 0x0000000080005038 (0x00b098b3) sll     a7, ra, a1
core   0: 1 0x0000000080005038 (0x00b098b3) x17 0x0000000000000000
core   0: 0x000000008000503c (0x0231ba33) mulhu   s4, gp, gp
core   0: 1 0x000000008000503c (0x0231ba33) x20 0x0000000000000000
core   0: 0x0000000080005040 (0x401c75d3) fcvt.s.d fa1, fs8
core   0: 1 0x0000000080005040 (0x401c75d3) f11 0xffffffff7fc00000
core   0: 0x0000000080005044 (0x008e2ab3) slt     s5, t3, s0
core   0: 1 0x0000000080005044 (0x008e2ab3) x21 0x0000000000000001
core   0: 0x0000000080005048 (0x5a0a7653) fsqrt.d fa2, fs4
core   0: 1 0x0000000080005048 (0x5a0a7653) f12 0x7ff8000000000000
core   0: 0x000000008000504c (0x027532b3) mulhu   t0, a0, t2
core   0: 1 0x000000008000504c (0x027532b3) x5  0xfffffffffffffffd
core   0: 0x0000000080005050 (0xc20b78d3) fcvt.w.d a7, fs6
core   0: 1 0x0000000080005050 (0xc20b78d3) x17 0x00000000000026c8
core   0: 0x0000000080005054 (0x0ff0000f) fence   iorw,iorw
core   0: 1 0x0000000080005054 (0x0ff0000f)
core   0: 0x0000000080005058 (0x0013d39b) srliw   t2, t2, 1
core   0: 1 0x0000000080005058 (0x0013d39b) x7  0x000000007fffffff
core   0: 0x000000008000505c (0x00221273) csrrw   tp, frm, tp
core   0: 1 0x000000008000505c (0x00221273) x4  0x0000000000000000 c2_frm 0x0000000000000000
core   0: 0x0000000080005060 (0xd3967d47) fmsub.d fs10, fa2, fs9, fs10
core   0: 1 0x0000000080005060 (0xd3967d47) f26 0x7ff8000000000000
core   0: 0x0000000080005064 (0x1bdd7ed3) fdiv.d  ft9, fs10, ft9
core   0: 1 0x0000000080005064 (0x1bdd7ed3) f29 0x7ff8000000000000
core   0: 0x0000000080005068 (0x001197bb) sllw    a5, gp, ra
core   0: 1 0x0000000080005068 (0x001197bb) x15 0x0000000000000000
core   0: 0x000000008000506c (0x400ada9b) sraiw   s5, s5, 0
core   0: 1 0x000000008000506c (0x400ada9b) x21 0x0000000000000001
core   0: 0x0000000080005070 (0x13d2f913) andi    s2, t0, 317
core   0: 1 0x0000000080005070 (0x13d2f913) x18 0x000000000000013d
core   0: 0x0000000080005074 (0x8b6b7b47) fmsub.d fs6, fs6, fs6, fa7
core   0: 1 0x0000000080005074 (0x8b6b7b47) f22 0x41977ff100000000
core   0: 0x0000000080005078 (0x02529c33) mulh    s8, t0, t0
core   0: 1 0x0000000080005078 (0x02529c33) x24 0x0000000000000000
core   0: 0x000000008000507c (0x5a0a7c53) fsqrt.d fs8, fs4
core   0: 1 0x000000008000507c (0x5a0a7c53) f24 0x7ff8000000000000
core   0: 0x0000000080005080 (0x1316f6d3) fmul.d  fa3, fa3, fa7
core   0: 1 0x0000000080005080 (0x1316f6d3) f13 0x8000000000000000
core   0: 0x0000000080005084 (0x43f3d713) srai    a4, t2, 63
core   0: 1 0x0000000080005084 (0x43f3d713) x14 0x0000000000000000
core   0: 0x0000000080005088 (0x002026f3) csrrs   a3, frm, zero
core   0: 1 0x0000000080005088 (0x002026f3) x13 0x0000000000000000
core   0: 0x000000008000508c (0x002c8d3b) addw    s10, s9, sp
core   0: 1 0x000000008000508c (0x002c8d3b) x26 0x000000001fbf6d9b
core   0: 0x0000000080005090 (0x022bfd33) remu    s10, s7, sp
core   0: 1 0x0000000080005090 (0x022bfd33) x26 0x0000000000000248
core   0: 0x0000000080005094 (0x001026f3) csrrs   a3, fflags, zero
core   0: 1 0x0000000080005094 (0x001026f3) x13 0x0000000000000011
core   0: 0x0000000080005098 (0x015b6b33) or      s6, s6, s5
core   0: 1 0x0000000080005098 (0x015b6b33) x22 0x0000040000000001
core   0: 0x000000008000509c (0x53a37547) fmsub.d fa0, ft6, fs10, fa0
core   0: 1 0x000000008000509c (0x53a37547) f10 0x7ff8000000000000
core   0: 0x00000000800050a0 (0xfa3afe4f) fnmadd.d ft8, fs5, ft3, ft11
core   0: 1 0x00000000800050a0 (0xfa3afe4f) f28 0x7ff8000000000000
core   0: 0x00000000800050a4 (0x411ad8bb) sraw    a7, s5, a7
core   0: 1 0x00000000800050a4 (0x411ad8bb) x17 0x0000000000000000
core   0: 0x00000000800050a8 (0x01cdc2b3) xor     t0, s11, t3
core   0: 1 0x00000000800050a8 (0x01cdc2b3) x5  0xfffffbffffffffff
core   0: 0x00000000800050ac (0x0270f333) remu    t1, ra, t2
core   0: 1 0x00000000800050ac (0x0270f333) x6  0x0000000000000000
core   0: 0x00000000800050b0 (0x428f7f4f) fnmadd.d ft10, ft10, fs0, fs0
core   0: 1 0x00000000800050b0 (0x428f7f4f) f30 0x7ff8000000000000
core   0: 0x00000000800050b4 (0x00c277b3) and     a5, tp, a2
core   0: 1 0x00000000800050b4 (0x00c277b3) x15 0x0000000000000000
core   0: 0x00000000800050b8 (0x0276e133) rem     sp, a3, t2
core   0: 1 0x00000000800050b8 (0x0276e133) x2  0x0000000000000011
core   0: 0x00000000800050bc (0xe2060ed3) fmv.x.d t4, fa2
core   0: 1 0x00000000800050bc (0xe2060ed3) x29 0x7ff8000000000000
core   0: 0x00000000800050c0 (0x8a5f7d43) fmadd.d fs10, ft10, ft5, fa7
core   0: 1 0x00000000800050c0 (0x8a5f7d43) f26 0x7ff8000000000000
core   0: 0x00000000800050c4 (0x93ad784f) fnmadd.d fa6, fs10, fs10, fs2
core   0: 1 0x00000000800050c4 (0x93ad784f) f16 0x7ff8000000000000
core   0: 0x00000000800050c8 (0x8d545637) lui     a2, 0x8d545
core   0: 1 0x00000000800050c8 (0x8d545637) x12 0xffffffff8d545000
core   0: 0x00000000800050cc (0x01881c3b) sllw    s8, a6, s8
core   0: 1 0x00000000800050cc (0x01881c3b) x24 0x0000000000000000
core   0: 0x00000000800050d0 (0x00c622b3) slt     t0, a2, a2
core   0: 1 0x00000000800050d0 (0x00c622b3) x5  0x0000000000000000
core   0: 0x00000000800050d4 (0x018284bb) addw    s1, t0, s8
core   0: 1 0x00000000800050d4 (0x018284bb) x9  0x0000000000000000
core   0: 0x00000000800050d8 (0xa3fd0953) fle.d   s2, fs10, ft11
core   0: 1 0x00000000800050d8 (0xa3fd0953) c1_fflags 0x0000000000000011 x18 0x0000000000000000
core   0: 0x00000000800050dc (0x7b67fb4b) fnmsub.d fs6, fa5, fs6, fa5
core   0: 1 0x00000000800050dc (0x7b67fb4b) f22 0x7ff8000000000000
core   0: 0x00000000800050e0 (0x01620bbb) addw    s7, tp, s6
core   0: 1 0x00000000800050e0 (0x01620bbb) x23 0x0000000000000001
core   0: 0x00000000800050e4 (0x4184043b) subw    s0, s0, s8
core   0: 1 0x00000000800050e4 (0x4184043b) x8  0xffffffffffffffff
core   0: 0x00000000800050e8 (0x01ce173b) sllw    a4, t3, t3
core   0: 1 0x00000000800050e8 (0x01ce173b) x14 0xffffffff80000000
core   0: 0x00000000800050ec (0x2b1b93d3) fmax.d  ft7, fs7, fa7
core   0: 1 0x00000000800050ec (0x2b1b93d3) f7  0x40431e38ce65316a
core   0: 0x00000000800050f0 (0x001bd51b) srliw   a0, s7, 1
core   0: 1 0x00000000800050f0 (0x001bd51b) x10 0x0000000000000000
core   0: 0x00000000800050f4 (0x00a99333) sll     t1, s3, a0
core   0: 1 0x00000000800050f4 (0x00a99333) x6  0xffffffc949201771
core   0: 0x00000000800050f8 (0x0131a433) slt     s0, gp, s3
core   0: 1 0x00000000800050f8 (0x0131a433) x8  0x0000000000000000
core   0: 0x00000000800050fc (0x03ad5d3b) divuw   s10, s10, s10
core   0: 1 0x00000000800050fc (0x03ad5d3b) x26 0x0000000000000001
core   0: 0x0000000080005100 (0xc22070d3) fcvt.l.d ra, ft0
core   0: 1 0x0000000080005100 (0xc22070d3) c1_fflags 0x0000000000000011 x1  0x7fffffffffffffff
core   0: 0x0000000080005104 (0x033bba33) mulhu   s4, s7, s3
core   0: 1 0x0000000080005104 (0x033bba33) x20 0x0000000000000000
core   0: 0x0000000080005108 (0x02423233) mulhu   tp, tp, tp
core   0: 1 0x0000000080005108 (0x02423233) x4  0x0000000000000000
core   0: 0x000000008000510c (0x0ff0000f) fence   iorw,iorw
core   0: 1 0x000000008000510c (0x0ff0000f)
core   0: 0x0000000080005110 (0x3be8f44b) fnmsub.d fs0, fa7, ft10, ft7
core   0: 1 0x0000000080005110 (0x3be8f44b) f8  0x7ff8000000000000
core   0: 0x0000000080005114 (0x8c757437) lui     s0, 0x8c757
core   0: 1 0x0000000080005114 (0x8c757437) x8  0xffffffff8c757000
core   0: 0x0000000080005118 (0x013e1393) slli    t2, t3, 19
core   0: 1 0x0000000080005118 (0x013e1393) x7  0xfffffffffff80000
core   0: 0x000000008000511c (0x0010d8b3) srl     a7, ra, ra
core   0: 1 0x000000008000511c (0x0010d8b3) x17 0x0000000000000000
core   0: 0x0000000080005120 (0x0297dd13) srli    s10, a5, 41
core   0: 1 0x0000000080005120 (0x0297dd13) x26 0x0000000000000000
core   0: 0x0000000080005124 (0xe0da7893) andi    a7, s4, -499
core   0: 1 0x0000000080005124 (0xe0da7893) x17 0x0000000000000000
core   0: 0x0000000080005128 (0x03f7da13) srli    s4, a5, 63
core   0: 1 0x0000000080005128 (0x03f7da13) x20 0x0000000000000000
core   0: 0x000000008000512c (0xd226f4d3) fcvt.d.l fs1, a3
core   0: 1 0x000000008000512c (0xd226f4d3) f9  0x4031000000000000
core   0: 0x0000000080005130 (0x00000001) c.nop
core   0: 1 0x0000000080005130 (0x0001)
core   0: 0x0000000080005132 (0xd21986d3) fcvt.d.wu fa3, s3
core   0: 1 0x0000000080005132 (0xd21986d3) f13 0x41d24805dc400000
core   0: 0x0000000080005136 (0x01e51093) slli    ra, a0, 30
core   0: 1 0x0000000080005136 (0x01e51093) x1  0x0000000000000000
core   0: 0x000000008000513a (0x011acd37) lui     s10, 0x11ac
core   0: 1 0x000000008000513a (0x011acd37) x26 0x00000000011ac000
core   0: 0x000000008000513e (0xf33d0d1b) addiw   s10, s10, -205
core   0: 1 0x000000008000513e (0xf33d0d1b) x26 0x00000000011abf33
core   0: 0x0000000080005142 (0x00000d3a) c.slli  s10, 14
core   0: 1 0x0000000080005142 (0x0d3a) x26 0x00000046afccc000
core   0: 0x0000000080005144 (0x4d6d0d13) addi    s10, s10, 1238
core   0: 1 0x0000000080005144 (0x4d6d0d13) x26 0x00000046afccc4d6
core   0: 0x0000000080005148 (0x0ff0000f) fence   iorw,iorw
core   0: 1 0x0000000080005148 (0x0ff0000f)
core   0: 0x000000008000514c (0xfe8de1b7) lui     gp, 0xfe8de
core   0: 1 0x000000008000514c (0xfe8de1b7) x3  0xfffffffffe8de000
core   0: 0x0000000080005150 (0x3d71819b) addiw   gp, gp, 983
core   0: 1 0x0000000080005150 (0x3d71819b) x3  0xfffffffffe8de3d7
core   0: 0x0000000080005154 (0x000001b6) c.slli  gp, 13
core   0: 1 0x0000000080005154 (0x01b6) x3  0xffffffd1bc7ae000
core   0: 0x0000000080005156 (0x57918193) addi    gp, gp, 1401
core   0: 1 0x0000000080005156 (0x57918193) x3  0xffffffd1bc7ae579
core   0: 0x000000008000515a (0x0069f2b3) and     t0, s3, t1
core   0: 1 0x000000008000515a (0x0069f2b3) x5  0xffffffc949201771
core   0: 0x000000008000515e (0x41e85813) srai    a6, a6, 30
core   0: 1 0x000000008000515e (0x41e85813) x16 0x0000000000000000
core   0: 0x0000000080005162 (0x41f8549b) sraiw   s1, a6, 31
core   0: 1 0x0000000080005162 (0x41f8549b) x9  0x0000000000000000
core   0: 0x0000000080005166 (0x23a492d3) fsgnjn.d ft5, fs1, fs10
core   0: 1 0x0000000080005166 (0x23a492d3) f5  0xc031000000000000
core   0: 0x000000008000516a (0x024ff253) fadd.d  ft4, ft11, ft4
core   0: 1 0x000000008000516a (0x024ff253) f4  0x4082480000000000
core   0: 0x000000008000516e (0x9b357ac7) fmsub.d fs5, fa0, fs3, fs3
core   0: 1 0x000000008000516e (0x9b357ac7) f21 0x7ff8000000000000
core   0: 0x0000000080005172 (0x0000816a) c.mv    sp, s10
core   0: 1 0x0000000080005172 (0x816a) x2  0x00000046afccc4d6
core   0: 0x0000000080005174 (0x03364633) div     a2, a2, s3
core   0: 1 0x0000000080005174 (0x03364633) x12 0x0000000000000000
core   0: 0x0000000080005178 (0xff3d0eb7) lui     t4, 0xff3d0
core   0: 1 0x0000000080005178 (0xff3d0eb7) x29 0xffffffffff3d0000
core   0: 0x000000008000517c (0x17de8e9b) addiw   t4, t4, 381
core   0: 1 0x000000008000517c (0x17de8e9b) x29 0xffffffffff3d017d
core   0: 0x0000000080005180 (0x00000ebe) c.slli  t4, 15
core   0: 1 0x0000000080005180 (0x0ebe) x29 0xffffff9e80be8000
core   0: 0x0000000080005182 (0xd5de8e93) addi    t4, t4, -675
core   0: 1 0x0000000080005182 (0xd5de8e93) x29 0xffffff9e80be7d5d
core   0: 0x0000000080005186 (0x00202573) csrrs   a0, frm, zero
core   0: 1 0x0000000080005186 (0x00202573) x10 0x0000000000000000
core   0: 0x000000008000518a (0xb82fc497) auipc   s1, 0xb82fc
core   0: 1 0x000000008000518a (0xb82fc497) x9  0x000000003830118a
core   0: 0x000000008000518e (0x029057b3) divu    a5, zero, s1
core   0: 1 0x000000008000518e (0x029057b3) x15 0x0000000000000000
core   0: 0x0000000080005192 (0x0ff0000f) fence   iorw,iorw
core   0: 1 0x0000000080005192 (0x0ff0000f)
core   0: 0x0000000080005196 (0x011dd033) srl     zero, s11, a7
core   0: 1 0x0000000080005196 (0x011dd033)
core   0: 0x000000008000519a (0x14469df3) csrrw   s11, sip, a3
core   0: 1 0x000000008000519a (0x14469df3) x27 0x0000000000000000 c836_mip 0x0000000000000080
core   0: 0x000000008000519e (0xfff36713) ori     a4, t1, -1
core   0: 1 0x000000008000519e (0xfff36713) x14 0xffffffffffffffff
core   0: 0x00000000800051a2 (0xf147a273) csrrs   tp, mhartid, a5
core   0: exception trap_illegal_instruction, epc 0x00000000800051a2
core   0:           tval 0x00000000f147a273
core   0: >>>>  $xrv64i2p1_m2p0_a2p1_f2p2_d2p2_zicsr2p0_zifencei2p0_zmmul1p0_zba1p0_zbb1p0_zbc1p0_zbs1p0
core   0: 0x0000000080004000 (0x0080006f) j       pc + 0x8
core   0: 3 0x0000000080004000 (0x0080006f)
core   0: >>>>  mmode_exception_handler
core   0: 0x0000000080004008 (0x00002c17) auipc   s8, 0x2
core   0: 3 0x0000000080004008 (0x00002c17) x24 0x0000000080006008
core   0: 0x000000008000400c (0x09ac0c13) addi    s8, s8, 154
core   0: 3 0x000000008000400c (0x09ac0c13) x24 0x00000000800060a2
core   0: 0x0000000080004010 (0x000c00e7) jalr    s8
core   0: 3 0x0000000080004010 (0x000c00e7) x1  0x0000000080004014
core   0: >>>>  any_handler
core   0: 0x00000000800060a2 (0x341027f3) csrrs   a5, mepc, zero
core   0: 3 0x00000000800060a2 (0x341027f3) x15 0x00000000800051a2
core   0: 0x00000000800060a6 (0x34202773) csrrs   a4, mcause, zero
core   0: 3 0x00000000800060a6 (0x34202773) x14 0x0000000000000002
core   0: 0x00000000800060aa (0x142026f3) csrrs   a3, scause, zero
core   0: 3 0x00000000800060aa (0x142026f3) x13 0x0000000000000000
core   0: 0x00000000800060ae (0x30402673) csrrs   a2, mie, zero
core   0: 3 0x00000000800060ae (0x30402673) x12 0x0000000000000a00
core   0: 0x00000000800060b2 (0x344025f3) csrrs   a1, mip, zero
core   0: 3 0x00000000800060b2 (0x344025f3) x11 0x0000000000000080
core   0: 0x00000000800060b6 (0x343025f3) csrrs   a1, mtval, zero
core   0: 3 0x00000000800060b6 (0x343025f3) x11 0x00000000f147a273
core   0: 0x00000000800060ba (0x14302573) csrrs   a0, stval, zero
core   0: 3 0x00000000800060ba (0x14302573) x10 0x0000000000000000
core   0: 0x00000000800060be (0xb02024f3) csrrs   s1, minstret, zero
core   0: 3 0x00000000800060be (0xb02024f3) x9  0x0000000000000e53
core   0: 0x00000000800060c2 (0x0000a811) c.j     pc + 20
core   0: 3 0x00000000800060c2 (0xa811)
core   0: >>>>  mepc_4
core   0: 0x00000000800060d6 (0x00000791) c.addi  a5, 4
core   0: 3 0x00000000800060d6 (0x0791) x15 0x00000000800051a6
core   0: 0x00000000800060d8 (0x34179073) csrrw   zero, mepc, a5
core   0: 3 0x00000000800060d8 (0x34179073) c833_mepc 0x00000000800051a6
core   0: 0x00000000800060dc (0x30200073) mret
core   0: 3 0x00000000800060dc (0x30200073) c768_mstatus 0x8000000a00106080
core   0: 0x00000000800051a6 (0xc23578d3) fcvt.lu.d a7, fa0
core   0: 1 0x00000000800051a6 (0xc23578d3) c1_fflags 0x0000000000000011 x17 0xffffffffffffffff
core   0: 0x00000000800051aa (0xabcaf6c7) fmsub.d fa3, fs5, ft8, fs5
core   0: 1 0x00000000800051aa (0xabcaf6c7) f13 0x7ff8000000000000
core   0: 0x00000000800051ae (0x00002085) c.addiw ra, 1
core   0: 1 0x00000000800051ae (0x2085) x1  0xffffffff80004015
core   0: 0x00000000800051b0 (0x401159b3) sra     s3, sp, ra
core   0: 1 0x00000000800051b0 (0x401159b3) x19 0x000000000002357e
core   0: 0x00000000800051b4 (0x02d67cd3) fadd.d  fs9, fa2, fa3
core   0: 1 0x00000000800051b4 (0x02d67cd3) f25 0x7ff8000000000000
core   0: 0x00000000800051b8 (0x0009d49b) srliw   s1, s3, 0
core   0: 1 0x00000000800051b8 (0x0009d49b) x9  0x000000000002357e
core   0: 0x00000000800051bc (0xc0607673) csrrci  a2, hpmcounter6, 0
core   0: exception trap_illegal_instruction, epc 0x00000000800051bc
core   0:           tval 0x00000000c0607673
core   0: >>>>  $xrv64i2p1_m2p0_a2p1_f2p2_d2p2_zicsr2p0_zifencei2p0_zmmul1p0_zba1p0_zbb1p0_zbc1p0_zbs1p0
core   0: 0x0000000080004000 (0x0080006f) j       pc + 0x8
core   0: 3 0x0000000080004000 (0x0080006f)
core   0: >>>>  mmode_exception_handler
core   0: 0x0000000080004008 (0x00002c17) auipc   s8, 0x2
core   0: 3 0x0000000080004008 (0x00002c17) x24 0x0000000080006008
core   0: 0x000000008000400c (0x09ac0c13) addi    s8, s8, 154
core   0: 3 0x000000008000400c (0x09ac0c13) x24 0x00000000800060a2
core   0: 0x0000000080004010 (0x000c00e7) jalr    s8
core   0: 3 0x0000000080004010 (0x000c00e7) x1  0x0000000080004014
core   0: >>>>  any_handler
core   0: 0x00000000800060a2 (0x341027f3) csrrs   a5, mepc, zero
core   0: 3 0x00000000800060a2 (0x341027f3) x15 0x00000000800051bc
core   0: 0x00000000800060a6 (0x34202773) csrrs   a4, mcause, zero
core   0: 3 0x00000000800060a6 (0x34202773) x14 0x0000000000000002
core   0: 0x00000000800060aa (0x142026f3) csrrs   a3, scause, zero
core   0: 3 0x00000000800060aa (0x142026f3) x13 0x0000000000000000
core   0: 0x00000000800060ae (0x30402673) csrrs   a2, mie, zero
core   0: 3 0x00000000800060ae (0x30402673) x12 0x0000000000000a00
core   0: 0x00000000800060b2 (0x344025f3) csrrs   a1, mip, zero
core   0: 3 0x00000000800060b2 (0x344025f3) x11 0x0000000000000080
core   0: 0x00000000800060b6 (0x343025f3) csrrs   a1, mtval, zero
core   0: 3 0x00000000800060b6 (0x343025f3) x11 0x00000000c0607673
core   0: 0x00000000800060ba (0x14302573) csrrs   a0, stval, zero
core   0: 3 0x00000000800060ba (0x14302573) x10 0x0000000000000000
core   0: 0x00000000800060be (0xb02024f3) csrrs   s1, minstret, zero
core   0: 3 0x00000000800060be (0xb02024f3) x9  0x0000000000000e69
core   0: 0x00000000800060c2 (0x0000a811) c.j     pc + 20
core   0: 3 0x00000000800060c2 (0xa811)
core   0: >>>>  mepc_4
core   0: 0x00000000800060d6 (0x00000791) c.addi  a5, 4
core   0: 3 0x00000000800060d6 (0x0791) x15 0x00000000800051c0
core   0: 0x00000000800060d8 (0x34179073) csrrw   zero, mepc, a5
core   0: 3 0x00000000800060d8 (0x34179073) c833_mepc 0x00000000800051c0
core   0: 0x00000000800060dc (0x30200073) mret
core   0: 3 0x00000000800060dc (0x30200073) c768_mstatus 0x8000000a00106080
core   0: 0x00000000800051c0 (0x0006189b) slliw   a7, a2, 0
core   0: 1 0x00000000800051c0 (0x0006189b) x17 0x0000000000000a00
core   0: 0x00000000800051c4 (0x2b0c89d3) fmin.d  fs3, fs9, fa6
core   0: 1 0x00000000800051c4 (0x2b0c89d3) f19 0x7ff8000000000000
core   0: 0x00000000800051c8 (0x01321c33) sll     s8, tp, s3
core   0: 1 0x00000000800051c8 (0x01321c33) x24 0x0000000000000000
core   0: 0x00000000800051cc (0xc21f7d53) fcvt.wu.d s10, ft10
core   0: 1 0x00000000800051cc (0xc21f7d53) c1_fflags 0x0000000000000011 x26 0xffffffffffffffff
core   0: 0x00000000800051d0 (0x7ffe4c93) xori    s9, t3, 2047
core   0: 1 0x00000000800051d0 (0x7ffe4c93) x25 0xfffffffffffff800
core   0: 0x00000000800051d4 (0x00655433) srl     s0, a0, t1
core   0: 1 0x00000000800051d4 (0x00655433) x8  0x0000000000000000
core   0: 0x00000000800051d8 (0xf20182d3) fmv.d.x ft5, gp
core   0: 1 0x00000000800051d8 (0xf20182d3) f5  0xffffffd1bc7ae579
core   0: 0x00000000800051dc (0x0005d493) srli    s1, a1, 0
core   0: 1 0x00000000800051dc (0x0005d493) x9  0x00000000c0607673
core   0: 0x00000000800051e0 (0xa2598e53) fle.d   t3, fs3, ft5
core   0: 1 0x00000000800051e0 (0xa2598e53) c1_fflags 0x0000000000000011 x28 0x0000000000000000
core   0: 0x00000000800051e4 (0x2a7a8153) fmin.d  ft2, fs5, ft7
core   0: 1 0x00000000800051e4 (0x2a7a8153) f2  0x40431e38ce65316a
core   0: 0x00000000800051e8 (0x0ff0000f) fence   iorw,iorw
core   0: 1 0x00000000800051e8 (0x0ff0000f)
core   0: 0x00000000800051ec (0x01804233) xor     tp, zero, s8
core   0: 1 0x00000000800051ec (0x01804233) x4  0x0000000000000000
core   0: 0x00000000800051f0 (0x2abefd4f) fnmadd.d fs10, ft9, fa1, ft5
core   0: 1 0x00000000800051f0 (0x2abefd4f) f26 0x7ff8000000000000
core   0: 0x00000000800051f4 (0x41e9dd1b) sraiw   s10, s3, 30
core   0: 1 0x00000000800051f4 (0x41e9dd1b) x26 0x0000000000000000
core   0: 0x00000000800051f8 (0x2ba787d3) fmin.d  fa5, fa5, fs10
core   0: 1 0x00000000800051f8 (0x2ba787d3) f15 0x7ff8000000000000
core   0: 0x00000000800051fc (0x3af0f3c3) fmadd.d ft7, ft1, fa5, ft7
core   0: 1 0x00000000800051fc (0x3af0f3c3) f7  0x7ff8000000000000
core   0: 0x0000000080005200 (0xc046dcf3) csrrwi  s9, hpmcounter4, 13
core   0: exception trap_illegal_instruction, epc 0x0000000080005200
core   0:           tval 0x00000000c046dcf3
core   0: >>>>  $xrv64i2p1_m2p0_a2p1_f2p2_d2p2_zicsr2p0_zifencei2p0_zmmul1p0_zba1p0_zbb1p0_zbc1p0_zbs1p0
core   0: 0x0000000080004000 (0x0080006f) j       pc + 0x8
core   0: 3 0x0000000080004000 (0x0080006f)
core   0: >>>>  mmode_exception_handler
core   0: 0x0000000080004008 (0x00002c17) auipc   s8, 0x2
core   0: 3 0x0000000080004008 (0x00002c17) x24 0x0000000080006008
core   0: 0x000000008000400c (0x09ac0c13) addi    s8, s8, 154
core   0: 3 0x000000008000400c (0x09ac0c13) x24 0x00000000800060a2
core   0: 0x0000000080004010 (0x000c00e7) jalr    s8
core   0: 3 0x0000000080004010 (0x000c00e7) x1  0x0000000080004014
core   0: >>>>  any_handler
core   0: 0x00000000800060a2 (0x341027f3) csrrs   a5, mepc, zero
core   0: 3 0x00000000800060a2 (0x341027f3) x15 0x0000000080005200
core   0: 0x00000000800060a6 (0x34202773) csrrs   a4, mcause, zero
core   0: 3 0x00000000800060a6 (0x34202773) x14 0x0000000000000002
core   0: 0x00000000800060aa (0x142026f3) csrrs   a3, scause, zero
core   0: 3 0x00000000800060aa (0x142026f3) x13 0x0000000000000000
core   0: 0x00000000800060ae (0x30402673) csrrs   a2, mie, zero
core   0: 3 0x00000000800060ae (0x30402673) x12 0x0000000000000a00
core   0: 0x00000000800060b2 (0x344025f3) csrrs   a1, mip, zero
core   0: 3 0x00000000800060b2 (0x344025f3) x11 0x0000000000000080
core   0: 0x00000000800060b6 (0x343025f3) csrrs   a1, mtval, zero
core   0: 3 0x00000000800060b6 (0x343025f3) x11 0x00000000c046dcf3
core   0: 0x00000000800060ba (0x14302573) csrrs   a0, stval, zero
core   0: 3 0x00000000800060ba (0x14302573) x10 0x0000000000000000
core   0: 0x00000000800060be (0xb02024f3) csrrs   s1, minstret, zero
core   0: 3 0x00000000800060be (0xb02024f3) x9  0x0000000000000e89
core   0: 0x00000000800060c2 (0x0000a811) c.j     pc + 20
core   0: 3 0x00000000800060c2 (0xa811)
core   0: >>>>  mepc_4
core   0: 0x00000000800060d6 (0x00000791) c.addi  a5, 4
core   0: 3 0x00000000800060d6 (0x0791) x15 0x0000000080005204
core   0: 0x00000000800060d8 (0x34179073) csrrw   zero, mepc, a5
core   0: 3 0x00000000800060d8 (0x34179073) c833_mepc 0x0000000080005204
core   0: 0x00000000800060dc (0x30200073) mret
core   0: 3 0x00000000800060dc (0x30200073) c768_mstatus 0x8000000a00106080
core   0: 0x0000000080005204 (0x00008ed5) c.or    a3, a3
core   0: 1 0x0000000080005204 (0x8ed5) x13 0x0000000000000000
core   0: 0x0000000080005206 (0x00091913) slli    s2, s2, 0
core   0: 1 0x0000000080005206 (0x00091913) x18 0x0000000000000000
core   0: 0x000000008000520a (0x02db5993) srli    s3, s6, 45
core   0: 1 0x000000008000520a (0x02db5993) x19 0x0000000000000000
core   0: 0x000000008000520e (0x00e113b3) sll     t2, sp, a4
core   0: 1 0x000000008000520e (0x00e113b3) x7  0x0000011abf331358
core   0: 0x0000000080005212 (0x2af398d3) fmax.d  fa7, ft7, fa5
core   0: 1 0x0000000080005212 (0x2af398d3) f17 0x7ff8000000000000
core   0: 0x0000000080005216 (0xcd217413) andi    s0, sp, -814
core   0: 1 0x0000000080005216 (0xcd217413) x8  0x00000046afccc4d2
core   0: 0x000000008000521a (0x01d5551b) srliw   a0, a0, 29
core   0: 1 0x000000008000521a (0x01d5551b) x10 0x0000000000000000
core   0: 0x000000008000521e (0x0032dd1b) srliw   s10, t0, 3
core   0: 1 0x000000008000521e (0x0032dd1b) x26 0x00000000092402ee
core   0: 0x0000000080005222 (0xc21afcd3) fcvt.wu.d s9, fs5
core   0: 1 0x0000000080005222 (0xc21afcd3) c1_fflags 0x0000000000000011 x25 0xffffffffffffffff
core   0: 0x0000000080005226 (0xc2357bd3) fcvt.lu.d s7, fa0
core   0: 1 0x0000000080005226 (0xc2357bd3) c1_fflags 0x0000000000000011 x23 0xffffffffffffffff
core   0: 0x000000008000522a (0x03d1edb3) rem     s11, gp, t4
core   0: 1 0x000000008000522a (0x03d1edb3) x27 0xffffffd1bc7ae579
core   0: 0x000000008000522e (0x420787d3) fcvt.d.s fa5, fa5
core   0: 1 0x000000008000522e (0x420787d3) f15 0x7ff8000000000000
core   0: 0x0000000080005232 (0x03d1d233) divu    tp, gp, t4
core   0: 1 0x0000000080005232 (0x03d1d233) x4  0x0000000000000001
core   0: 0x0000000080005236 (0x0a31fd53) fsub.d  fs10, ft3, ft3
core   0: 1 0x0000000080005236 (0x0a31fd53) f26 0x7ff8000000000000
core   0: 0x000000008000523a (0x01821c33) sll     s8, tp, s8
core   0: 1 0x000000008000523a (0x01821c33) x24 0x0000000400000000
core   0: 0x000000008000523e (0x0017db13) srli    s6, a5, 1
core   0: 1 0x000000008000523e (0x0017db13) x22 0x0000000040002902
core   0: 0x0000000080005242 (0xd22ef253) fcvt.d.l ft4, t4
core   0: 1 0x0000000080005242 (0xd22ef253) f4  0xc2585fd060a8c000
core   0: 0x0000000080005246 (0x4011fad3) fcvt.s.d fs5, ft3
core   0: 1 0x0000000080005246 (0x4011fad3) f21 0xffffffff7fc00000
core   0: 0x000000008000524a (0x01015d9b) srliw   s11, sp, 16
core   0: 1 0x000000008000524a (0x01015d9b) x27 0x000000000000afcc
core   0: 0x000000008000524e (0x4042003b) subw    zero, tp, tp
core   0: 1 0x000000008000524e (0x4042003b)
core   0: 0x0000000080005252 (0x01a79cbb) sllw    s9, a5, s10
core   0: 1 0x0000000080005252 (0x01a79cbb) x25 0x0000000014810000
core   0: 0x0000000080005256 (0x001393f3) csrrw   t2, fflags, t2
core   0: 1 0x0000000080005256 (0x001393f3) x7  0x0000000000000011 c1_fflags 0x0000000000000018
core   0: 0x000000008000525a (0xd03570d3) fcvt.s.lu ft1, a0
core   0: 1 0x000000008000525a (0xd03570d3) f1  0xffffffff00000000
core   0: 0x000000008000525e (0xd02379d3) fcvt.s.l fs3, t1
core   0: 1 0x000000008000525e (0xd02379d3) c1_fflags 0x0000000000000019 f19 0xffffffffd25adb80
core   0: 0x0000000080005262 (0xd20c85d3) fcvt.d.w fa1, s9
core   0: 1 0x0000000080005262 (0xd20c85d3) f11 0x41b4810000000000
core   0: 0x0000000080005266 (0xc23af4d3) fcvt.lu.d s1, fs5
core   0: 1 0x0000000080005266 (0xc23af4d3) c1_fflags 0x0000000000000019 x9  0xffffffffffffffff
core   0: 0x000000008000526a (0x2ab59dd3) fmax.d  fs11, fa1, fa1
core   0: 1 0x000000008000526a (0x2ab59dd3) f27 0x41b4810000000000
core   0: 0x000000008000526e (0xa3b186d3) fle.d   a3, ft3, fs11
core   0: 1 0x000000008000526e (0xa3b186d3) c1_fflags 0x0000000000000019 x13 0x0000000000000000
core   0: 0x0000000080005272 (0x41a687bb) subw    a5, a3, s10
core   0: 1 0x0000000080005272 (0x41a687bb) x15 0xfffffffff6dbfd12
core   0: 0x0000000080005276 (0x0b1574d3) fsub.d  fs1, fa0, fa7
core   0: 1 0x0000000080005276 (0x0b1574d3) f9  0x7ff8000000000000
core   0: 0x000000008000527a (0x00000001) c.nop
core   0: 1 0x000000008000527a (0x0001)
core   0: 0x000000008000527c (0xd036f1d3) fcvt.s.lu ft3, a3
core   0: 1 0x000000008000527c (0xd036f1d3) f3  0xffffffff00000000
core   0: 0x0000000080005280 (0x00000001) c.nop
core   0: 1 0x0000000080005280 (0x0001)
core   0: 0x0000000080005282 (0xe2038953) fmv.x.d s2, ft7
core   0: 1 0x0000000080005282 (0xe2038953) x18 0x7ff8000000000000
core   0: 0x0000000080005286 (0x01fc981b) slliw   a6, s9, 31
core   0: 1 0x0000000080005286 (0x01fc981b) x16 0x0000000000000000
core   0: 0x000000008000528a (0xb239794b) fnmsub.d fs2, fs2, ft3, fs6
core   0: 1 0x000000008000528a (0xb239794b) f18 0x7ff8000000000000
core   0: 0x000000008000528e (0x03f15013) srli    zero, sp, 63
core   0: 1 0x000000008000528e (0x03f15013)
core   0: 0x0000000080005292 (0x03419593) slli    a1, gp, 52
core   0: 1 0x0000000080005292 (0x03419593) x11 0x5790000000000000
core   0: 0x0000000080005296 (0x0321f04f) fnmadd.d ft0, ft3, fs2, ft0
core   0: 1 0x0000000080005296 (0x0321f04f) f0  0x7ff8000000000000
core   0: 0x000000008000529a (0x7ff5861b) addiw   a2, a1, 2047
core   0: 1 0x000000008000529a (0x7ff5861b) x12 0x00000000000007ff
core   0: 0x000000008000529e (0x00c62a33) slt     s4, a2, a2
core   0: 1 0x000000008000529e (0x00c62a33) x20 0x0000000000000000
core   0: 0x00000000800052a2 (0x034691b3) mulh    gp, a3, s4
core   0: 1 0x00000000800052a2 (0x034691b3) x3  0x0000000000000000
core   0: 0x00000000800052a6 (0x02f7623b) remw    tp, a4, a5
core   0: 1 0x00000000800052a6 (0x02f7623b) x4  0x0000000000000002
core   0: 0x00000000800052aa (0x026272d3) fadd.d  ft5, ft4, ft6
core   0: 1 0x00000000800052aa (0x026272d3) f5  0xc2585fd06016c000
core   0: 0x00000000800052ae (0x0049983b) sllw    a6, s3, tp
core   0: 1 0x00000000800052ae (0x0049983b) x16 0x0000000000000000
core   0: 0x00000000800052b2 (0x2b929cd3) fmax.d  fs9, ft5, fs9
core   0: 1 0x00000000800052b2 (0x2b929cd3) f25 0xc2585fd06016c000
core   0: 0x00000000800052b6 (0xc20afcd3) fcvt.w.d s9, fs5
core   0: 1 0x00000000800052b6 (0xc20afcd3) c1_fflags 0x0000000000000019 x25 0x000000007fffffff
core   0: 0x00000000800052ba (0x002c5533) srl     a0, s8, sp
core   0: 1 0x00000000800052ba (0x002c5533) x10 0x0000000000001000
core   0: 0x00000000800052be (0xd42d7d17) auipc   s10, 0xd42d7
core   0: 1 0x00000000800052be (0xd42d7d17) x26 0x00000000542dc2be
core   0: 0x00000000800052c2 (0x01a61b3b) sllw    s6, a2, s10
core   0: 1 0x00000000800052c2 (0x01a61b3b) x22 0xffffffffc0000000
core   0: 0x00000000800052c6 (0x41aad4b3) sra     s1, s5, s10
core   0: 1 0x00000000800052c6 (0x41aad4b3) x9  0x0000000000000000
core   0: 0x00000000800052ca (0xfab5ec37) lui     s8, 0xfab5e
core   0: 1 0x00000000800052ca (0xfab5ec37) x24 0xfffffffffab5e000
core   0: 0x00000000800052ce (0xe2bc0c1b) addiw   s8, s8, -469
core   0: 1 0x00000000800052ce (0xe2bc0c1b) x24 0xfffffffffab5de2b
core   0: 0x00000000800052d2 (0x00000c32) c.slli  s8, 12
core   0: 1 0x00000000800052d2 (0x0c32) x24 0xffffffab5de2b000
core   0: 0x00000000800052d4 (0xe34c0c13) addi    s8, s8, -460
core   0: 1 0x00000000800052d4 (0xe34c0c13) x24 0xffffffab5de2ae34
core   0: 0x00000000800052d8 (0x0166e6b3) or      a3, a3, s6
core   0: 1 0x00000000800052d8 (0x0166e6b3) x13 0xffffffffc0000000
core   0: 0x00000000800052dc (0x008d0e33) add     t3, s10, s0
core   0: 1 0x00000000800052dc (0x008d0e33) x28 0x0000004703fa8790
core   0: 0x00000000800052e0 (0x027e7b33) remu    s6, t3, t2
core   0: 1 0x00000000800052e0 (0x027e7b33) x22 0x0000000000000008
core   0: 0x00000000800052e4 (0x00f3d833) srl     a6, t2, a5
core   0: 1 0x00000000800052e4 (0x00f3d833) x16 0x0000000000000000
core   0: 0x00000000800052e8 (0x02b662bb) remw    t0, a2, a1
core   0: 1 0x00000000800052e8 (0x02b662bb) x5  0x00000000000007ff
core   0: 0x00000000800052ec (0xe20b8553) fmv.x.d a0, fs7
core   0: 1 0x00000000800052ec (0xe20b8553) x10 0x40431e38ce65316a
core   0: 0x00000000800052f0 (0x4155d33b) sraw    t1, a1, s5
core   0: 1 0x00000000800052f0 (0x4155d33b) x6  0x0000000000000000
core   0: 0x00000000800052f4 (0x401edcbb) sraw    s9, t4, ra
core   0: 1 0x00000000800052f4 (0x401edcbb) x25 0xfffffffffffff80b
core   0: 0x00000000800052f8 (0x029cd63b) divuw   a2, s9, s1
core   0: 1 0x00000000800052f8 (0x029cd63b) x12 0xffffffffffffffff
core   0: 0x00000000800052fc (0x028efebb) remuw   t4, t4, s0
core   0: 1 0x00000000800052fc (0x028efebb) x29 0xffffffff80be7d5d
core   0: 0x0000000080005300 (0x02247133) remu    sp, s0, sp
core   0: 1 0x0000000080005300 (0x02247133) x2  0x00000046afccc4d2
core   0: 0x0000000080005304 (0x4888e993) ori     s3, a7, 1160
core   0: 1 0x0000000080005304 (0x4888e993) x19 0x0000000000000e88
core   0: 0x0000000080005308 (0x01ae44b3) xor     s1, t3, s10
core   0: 1 0x0000000080005308 (0x01ae44b3) x9  0x0000004757d7452e
core   0: 0x000000008000530c (0x002023f3) csrrs   t2, frm, zero
core   0: 1 0x000000008000530c (0x002023f3) x7  0x0000000000000000
core   0: 0x0000000080005310 (0x000b1893) slli    a7, s6, 0
core   0: 1 0x0000000080005310 (0x000b1893) x17 0x0000000000000008
core   0: 0x0000000080005314 (0x0117d1bb) srlw    gp, a5, a7
core   0: 1 0x0000000080005314 (0x0117d1bb) x3  0x0000000000f6dbfd
core   0: 0x0000000080005318 (0xc00abcf3) csrrc   s9, cycle, s5
core   0: exception trap_illegal_instruction, epc 0x0000000080005318
core   0:           tval 0x00000000c00abcf3
core   0: >>>>  $xrv64i2p1_m2p0_a2p1_f2p2_d2p2_zicsr2p0_zifencei2p0_zmmul1p0_zba1p0_zbb1p0_zbc1p0_zbs1p0
core   0: 0x0000000080004000 (0x0080006f) j       pc + 0x8
core   0: 3 0x0000000080004000 (0x0080006f)
core   0: >>>>  mmode_exception_handler
core   0: 0x0000000080004008 (0x00002c17) auipc   s8, 0x2
core   0: 3 0x0000000080004008 (0x00002c17) x24 0x0000000080006008
core   0: 0x000000008000400c (0x09ac0c13) addi    s8, s8, 154
core   0: 3 0x000000008000400c (0x09ac0c13) x24 0x00000000800060a2
core   0: 0x0000000080004010 (0x000c00e7) jalr    s8
core   0: 3 0x0000000080004010 (0x000c00e7) x1  0x0000000080004014
core   0: >>>>  any_handler
core   0: 0x00000000800060a2 (0x341027f3) csrrs   a5, mepc, zero
core   0: 3 0x00000000800060a2 (0x341027f3) x15 0x0000000080005318
core   0: 0x00000000800060a6 (0x34202773) csrrs   a4, mcause, zero
core   0: 3 0x00000000800060a6 (0x34202773) x14 0x0000000000000002
core   0: 0x00000000800060aa (0x142026f3) csrrs   a3, scause, zero
core   0: 3 0x00000000800060aa (0x142026f3) x13 0x0000000000000000
core   0: 0x00000000800060ae (0x30402673) csrrs   a2, mie, zero
core   0: 3 0x00000000800060ae (0x30402673) x12 0x0000000000000a00
core   0: 0x00000000800060b2 (0x344025f3) csrrs   a1, mip, zero
core   0: 3 0x00000000800060b2 (0x344025f3) x11 0x0000000000000080
core   0: 0x00000000800060b6 (0x343025f3) csrrs   a1, mtval, zero
core   0: 3 0x00000000800060b6 (0x343025f3) x11 0x00000000c00abcf3
core   0: 0x00000000800060ba (0x14302573) csrrs   a0, stval, zero
core   0: 3 0x00000000800060ba (0x14302573) x10 0x0000000000000000
core   0: 0x00000000800060be (0xb02024f3) csrrs   s1, minstret, zero
core   0: 3 0x00000000800060be (0xb02024f3) x9  0x0000000000000ee0
core   0: 0x00000000800060c2 (0x0000a811) c.j     pc + 20
core   0: 3 0x00000000800060c2 (0xa811)
core   0: >>>>  mepc_4
core   0: 0x00000000800060d6 (0x00000791) c.addi  a5, 4
core   0: 3 0x00000000800060d6 (0x0791) x15 0x000000008000531c
core   0: 0x00000000800060d8 (0x34179073) csrrw   zero, mepc, a5
core   0: 3 0x00000000800060d8 (0x34179073) c833_mepc 0x000000008000531c
core   0: 0x00000000800060dc (0x30200073) mret
core   0: 3 0x00000000800060dc (0x30200073) c768_mstatus 0x8000000a00106080
core   0: 0x000000008000531c (0x01652533) slt     a0, a0, s6
core   0: 1 0x000000008000531c (0x01652533) x10 0x0000000000000001
core   0: 0x0000000080005320 (0x121cf453) fmul.d  fs0, fs9, ft1
core   0: 1 0x0000000080005320 (0x121cf453) f8  0x7ff8000000000000
core   0: 0x0000000080005324 (0xc4907613) andi    a2, zero, -951
core   0: 1 0x0000000080005324 (0xc4907613) x12 0x0000000000000000
core   0: 0x0000000080005328 (0x1ae97753) fdiv.d  fa4, fs2, fa4
core   0: 1 0x0000000080005328 (0x1ae97753) f14 0x7ff8000000000000
core   0: 0x000000008000532c (0xc020fbd3) fcvt.l.s s7, ft1
core   0: 1 0x000000008000532c (0xc020fbd3) x23 0x0000000000000000
core   0: 0x0000000080005330 (0x024795b3) mulh    a1, a5, tp
core   0: 1 0x0000000080005330 (0x024795b3) x11 0x0000000000000000
core   0: 0x0000000080005334 (0x0393e33b) remw    t1, t2, s9
core   0: 1 0x0000000080005334 (0x0393e33b) x6  0x0000000000000000
core   0: 0x0000000080005338 (0x019a89bb) addw    s3, s5, s9
core   0: 1 0x0000000080005338 (0x019a89bb) x19 0xfffffffffffff80c
core   0: 0x000000008000533c (0x40695c3b) sraw    s8, s2, t1
core   0: 1 0x000000008000533c (0x40695c3b) x24 0x0000000000000000
core   0: 0x0000000080005340 (0x008ee533) or      a0, t4, s0
core   0: 1 0x0000000080005340 (0x008ee533) x10 0xffffffffaffefddf
core   0: 0x0000000080005344 (0x001b1b73) csrrw   s6, fflags, s6
core   0: 1 0x0000000080005344 (0x001b1b73) x22 0x0000000000000019 c1_fflags 0x0000000000000008
core   0: 0x0000000080005348 (0xe4d55a97) auipc   s5, 0xe4d55
core   0: 1 0x0000000080005348 (0xe4d55a97) x21 0x0000000064d5a348
core   0: 0x000000008000534c (0x023ab2b3) mulhu   t0, s5, gp
core   0: 1 0x000000008000534c (0x023ab2b3) x5  0x0000000000000000
core   0: 0x0000000080005350 (0xfcaea937) lui     s2, 0xfcaea
core   0: 1 0x0000000080005350 (0xfcaea937) x18 0xfffffffffcaea000
core   0: 0x0000000080005354 (0x91d9091b) addiw   s2, s2, -1763
core   0: 1 0x0000000080005354 (0x91d9091b) x18 0xfffffffffcae991d
core   0: 0x0000000080005358 (0x00000936) c.slli  s2, 13
core   0: 1 0x0000000080005358 (0x0936) x18 0xffffff95d323a000
core   0: 0x000000008000535a (0xfc090913) addi    s2, s2, -64
core   0: 1 0x000000008000535a (0xfc090913) x18 0xffffff95d3239fc0
core   0: 0x000000008000535e (0x00000001) c.nop
core   0: 1 0x000000008000535e (0x0001)
core   0: 0x0000000080005360 (0xd21a8c53) fcvt.d.wu fs8, s5
core   0: 1 0x0000000080005360 (0xd21a8c53) f24 0x41d93568d2000000
core   0: 0x0000000080005364 (0x0374fbb3) remu    s7, s1, s7
core   0: 1 0x0000000080005364 (0x0374fbb3) x23 0x0000000000000ee0
core   0: 0x0000000080005368 (0xc80d6d73) csrrsi  s10, cycleh, 26
core   0: exception trap_illegal_instruction, epc 0x0000000080005368
core   0:           tval 0x00000000c80d6d73
core   0: >>>>  $xrv64i2p1_m2p0_a2p1_f2p2_d2p2_zicsr2p0_zifencei2p0_zmmul1p0_zba1p0_zbb1p0_zbc1p0_zbs1p0
core   0: 0x0000000080004000 (0x0080006f) j       pc + 0x8
core   0: 3 0x0000000080004000 (0x0080006f)
core   0: >>>>  mmode_exception_handler
core   0: 0x0000000080004008 (0x00002c17) auipc   s8, 0x2
core   0: 3 0x0000000080004008 (0x00002c17) x24 0x0000000080006008
core   0: 0x000000008000400c (0x09ac0c13) addi    s8, s8, 154
core   0: 3 0x000000008000400c (0x09ac0c13) x24 0x00000000800060a2
core   0: 0x0000000080004010 (0x000c00e7) jalr    s8
core   0: 3 0x0000000080004010 (0x000c00e7) x1  0x0000000080004014
core   0: >>>>  any_handler
core   0: 0x00000000800060a2 (0x341027f3) csrrs   a5, mepc, zero
core   0: 3 0x00000000800060a2 (0x341027f3) x15 0x0000000080005368
core   0: 0x00000000800060a6 (0x34202773) csrrs   a4, mcause, zero
core   0: 3 0x00000000800060a6 (0x34202773) x14 0x0000000000000002
core   0: 0x00000000800060aa (0x142026f3) csrrs   a3, scause, zero
core   0: 3 0x00000000800060aa (0x142026f3) x13 0x0000000000000000
core   0: 0x00000000800060ae (0x30402673) csrrs   a2, mie, zero
core   0: 3 0x00000000800060ae (0x30402673) x12 0x0000000000000a00
core   0: 0x00000000800060b2 (0x344025f3) csrrs   a1, mip, zero
core   0: 3 0x00000000800060b2 (0x344025f3) x11 0x0000000000000080
core   0: 0x00000000800060b6 (0x343025f3) csrrs   a1, mtval, zero
core   0: 3 0x00000000800060b6 (0x343025f3) x11 0x00000000c80d6d73
core   0: 0x00000000800060ba (0x14302573) csrrs   a0, stval, zero
core   0: 3 0x00000000800060ba (0x14302573) x10 0x0000000000000000
core   0: 0x00000000800060be (0xb02024f3) csrrs   s1, minstret, zero
core   0: 3 0x00000000800060be (0xb02024f3) x9  0x0000000000000f04
core   0: 0x00000000800060c2 (0x0000a811) c.j     pc + 20
core   0: 3 0x00000000800060c2 (0xa811)
core   0: >>>>  mepc_4
core   0: 0x00000000800060d6 (0x00000791) c.addi  a5, 4
core   0: 3 0x00000000800060d6 (0x0791) x15 0x000000008000536c
core   0: 0x00000000800060d8 (0x34179073) csrrw   zero, mepc, a5
core   0: 3 0x00000000800060d8 (0x34179073) c833_mepc 0x000000008000536c
core   0: 0x00000000800060dc (0x30200073) mret
core   0: 3 0x00000000800060dc (0x30200073) c768_mstatus 0x8000000a00106080
core   0: 0x000000008000536c (0x036eb433) mulhu   s0, t4, s6
core   0: 1 0x000000008000536c (0x036eb433) x8  0x0000000000000018
core   0: 0x0000000080005370 (0x40ed529b) sraiw   t0, s10, 14
core   0: 1 0x0000000080005370 (0x40ed529b) x5  0x00000000000150b7
core   0: 0x0000000080005374 (0x7ff07613) andi    a2, zero, 2047
core   0: 1 0x0000000080005374 (0x7ff07613) x12 0x0000000000000000
core   0: 0x0000000080005378 (0x53506b97) auipc   s7, 0x53506
core   0: 1 0x0000000080005378 (0x53506b97) x23 0x00000000d350b378
core   0: 0x000000008000537c (0x002557bb) srlw    a5, a0, sp
core   0: 1 0x000000008000537c (0x002557bb) x15 0x0000000000000000
core   0: 0x0000000080005380 (0x30379673) csrrw   a2, mideleg, a5
core   0: exception trap_illegal_instruction, epc 0x0000000080005380
core   0:           tval 0x0000000030379673
core   0: >>>>  $xrv64i2p1_m2p0_a2p1_f2p2_d2p2_zicsr2p0_zifencei2p0_zmmul1p0_zba1p0_zbb1p0_zbc1p0_zbs1p0
core   0: 0x0000000080004000 (0x0080006f) j       pc + 0x8
core   0: 3 0x0000000080004000 (0x0080006f)
core   0: >>>>  mmode_exception_handler
core   0: 0x0000000080004008 (0x00002c17) auipc   s8, 0x2
core   0: 3 0x0000000080004008 (0x00002c17) x24 0x0000000080006008
core   0: 0x000000008000400c (0x09ac0c13) addi    s8, s8, 154
core   0: 3 0x000000008000400c (0x09ac0c13) x24 0x00000000800060a2
core   0: 0x0000000080004010 (0x000c00e7) jalr    s8
core   0: 3 0x0000000080004010 (0x000c00e7) x1  0x0000000080004014
core   0: >>>>  any_handler
core   0: 0x00000000800060a2 (0x341027f3) csrrs   a5, mepc, zero
core   0: 3 0x00000000800060a2 (0x341027f3) x15 0x0000000080005380
core   0: 0x00000000800060a6 (0x34202773) csrrs   a4, mcause, zero
core   0: 3 0x00000000800060a6 (0x34202773) x14 0x0000000000000002
core   0: 0x00000000800060aa (0x142026f3) csrrs   a3, scause, zero
core   0: 3 0x00000000800060aa (0x142026f3) x13 0x0000000000000000
core   0: 0x00000000800060ae (0x30402673) csrrs   a2, mie, zero
core   0: 3 0x00000000800060ae (0x30402673) x12 0x0000000000000a00
core   0: 0x00000000800060b2 (0x344025f3) csrrs   a1, mip, zero
core   0: 3 0x00000000800060b2 (0x344025f3) x11 0x0000000000000080
core   0: 0x00000000800060b6 (0x343025f3) csrrs   a1, mtval, zero
core   0: 3 0x00000000800060b6 (0x343025f3) x11 0x0000000030379673
core   0: 0x00000000800060ba (0x14302573) csrrs   a0, stval, zero
core   0: 3 0x00000000800060ba (0x14302573) x10 0x0000000000000000
core   0: 0x00000000800060be (0xb02024f3) csrrs   s1, minstret, zero
core   0: 3 0x00000000800060be (0xb02024f3) x9  0x0000000000000f19
core   0: 0x00000000800060c2 (0x0000a811) c.j     pc + 20
core   0: 3 0x00000000800060c2 (0xa811)
core   0: >>>>  mepc_4
core   0: 0x00000000800060d6 (0x00000791) c.addi  a5, 4
core   0: 3 0x00000000800060d6 (0x0791) x15 0x0000000080005384
core   0: 0x00000000800060d8 (0x34179073) csrrw   zero, mepc, a5
core   0: 3 0x00000000800060d8 (0x34179073) c833_mepc 0x0000000080005384
core   0: 0x00000000800060dc (0x30200073) mret
core   0: 3 0x00000000800060dc (0x30200073) c768_mstatus 0x8000000a00106080
core   0: 0x0000000080005384 (0x000ada93) srli    s5, s5, 0
core   0: 1 0x0000000080005384 (0x000ada93) x21 0x0000000064d5a348
core   0: 0x0000000080005388 (0xc0317cd3) fcvt.lu.s s9, ft2
core   0: 1 0x0000000080005388 (0xc0317cd3) c1_fflags 0x0000000000000018 x25 0xffffffffffffffff
core   0: 0x000000008000538c (0x0073eb33) or      s6, t2, t2
core   0: 1 0x000000008000538c (0x0073eb33) x22 0x0000000000000000
core   0: 0x0000000080005390 (0x001028f3) csrrs   a7, fflags, zero
core   0: 1 0x0000000080005390 (0x001028f3) x17 0x0000000000000018
core   0: 0x0000000080005394 (0x036b3a33) mulhu   s4, s6, s6
core   0: 1 0x0000000080005394 (0x036b3a33) x20 0x0000000000000000
core   0: 0x0000000080005398 (0x0a6b7b53) fsub.d  fs6, fs6, ft6
core   0: 1 0x0000000080005398 (0x0a6b7b53) f22 0x7ff8000000000000
core   0: 0x000000008000539c (0x26f9ed13) ori     s10, s3, 623
core   0: 1 0x000000008000539c (0x26f9ed13) x26 0xfffffffffffffa6f
core   0: 0x00000000800053a0 (0x40f5863b) subw    a2, a1, a5
core   0: 1 0x00000000800053a0 (0x40f5863b) x12 0xffffffffb03742ef
core   0: 0x00000000800053a4 (0x00102cf3) csrrs   s9, fflags, zero
core   0: 1 0x00000000800053a4 (0x00102cf3) x25 0x0000000000000018
core   0: 0x00000000800053a8 (0x0015579b) srliw   a5, a0, 1
core   0: 1 0x00000000800053a8 (0x0015579b) x15 0x0000000000000000
core   0: 0x00000000800053ac (0x4196d8bb) sraw    a7, a3, s9
core   0: 1 0x00000000800053ac (0x4196d8bb) x17 0x0000000000000000
core   0: 0x00000000800053b0 (0xd20887d3) fcvt.d.w fa5, a7
core   0: 1 0x00000000800053b0 (0xd20887d3) f15 0x0000000000000000
core   0: 0x00000000800053b4 (0x03698b33) mul     s6, s3, s6
core   0: 1 0x00000000800053b4 (0x03698b33) x22 0x0000000000000000
core   0: 0x00000000800053b8 (0x001191f3) csrrw   gp, fflags, gp
core   0: 1 0x00000000800053b8 (0x001191f3) x3  0x0000000000000018 c1_fflags 0x000000000000001d
core   0: 0x00000000800053bc (0xc209f353) fcvt.w.d t1, fs3
core   0: 1 0x00000000800053bc (0xc209f353) c1_fflags 0x000000000000001d x6  0x000000007fffffff
core   0: 0x00000000800053c0 (0x023ad413) srli    s0, s5, 35
core   0: 1 0x00000000800053c0 (0x023ad413) x8  0x0000000000000000
core   0: 0x00000000800053c4 (0xc03b7a53) fcvt.lu.s s4, fs6
core   0: 1 0x00000000800053c4 (0xc03b7a53) c1_fflags 0x000000000000001d x20 0xffffffffffffffff
core   0: 0x00000000800053c8 (0x0146c233) xor     tp, a3, s4
core   0: 1 0x00000000800053c8 (0x0146c233) x4  0xffffffffffffffff
core   0: 0x00000000800053cc (0x08020913) addi    s2, tp, 128
core   0: 1 0x00000000800053cc (0x08020913) x18 0x000000000000007f
core   0: 0x00000000800053d0 (0x40420b3b) subw    s6, tp, tp
core   0: 1 0x00000000800053d0 (0x40420b3b) x22 0x0000000000000000
core   0: 0x00000000800053d4 (0x03608a33) mul     s4, ra, s6
core   0: 1 0x00000000800053d4 (0x03608a33) x20 0x0000000000000000
core   0: 0x00000000800053d8 (0xd4ec7d93) andi    s11, s8, -690
core   0: 1 0x00000000800053d8 (0xd4ec7d93) x27 0x0000000080006002
core   0: 0x00000000800053dc (0x0249d233) divu    tp, s3, tp
core   0: 1 0x00000000800053dc (0x0249d233) x4  0x0000000000000000
core   0: 0x00000000800053e0 (0xc2127ed3) fcvt.wu.d t4, ft4
core   0: 1 0x00000000800053e0 (0xc2127ed3) c1_fflags 0x000000000000001d x29 0x0000000000000000
core   0: 0x00000000800053e4 (0x2b160ad3) fmin.d  fs5, fa2, fa7
core   0: 1 0x00000000800053e4 (0x2b160ad3) f21 0x7ff8000000000000
core   0: 0x00000000800053e8 (0x007c42b3) xor     t0, s8, t2
core   0: 1 0x00000000800053e8 (0x007c42b3) x5  0x00000000800060a2
core   0: 0x00000000800053ec (0xffe05637) lui     a2, 0xffe05
core   0: 1 0x00000000800053ec (0xffe05637) x12 0xffffffffffe05000
core   0: 0x00000000800053f0 (0x6856061b) addiw   a2, a2, 1669
core   0: 1 0x00000000800053f0 (0x6856061b) x12 0xffffffffffe05685
core   0: 0x00000000800053f4 (0x0000064a) c.slli  a2, 18
core   0: 1 0x00000000800053f4 (0x064a) x12 0xffffff815a140000
core   0: 0x00000000800053f6 (0x2df60613) addi    a2, a2, 735
core   0: 1 0x00000000800053f6 (0x2df60613) x12 0xffffff815a1402df
core   0: 0x00000000800053fa (0x4063533b) sraw    t1, t1, t1
core   0: 1 0x00000000800053fa (0x4063533b) x6  0x0000000000000000
core   0: 0x00000000800053fe (0x5a600c97) auipc   s9, 0x5a600
core   0: 1 0x00000000800053fe (0x5a600c97) x25 0x00000000da6053fe
core   0: 0x0000000080005402 (0x0a321eb7) lui     t4, 0xa321
core   0: 1 0x0000000080005402 (0x0a321eb7) x29 0x000000000a321000
core   0: 0x0000000080005406 (0xfff73713) sltiu   a4, a4, -1
core   0: 1 0x0000000080005406 (0xfff73713) x14 0x0000000000000001
core   0: 0x000000008000540a (0x404ed0bb) sraw    ra, t4, tp
core   0: 1 0x000000008000540a (0x404ed0bb) x1  0x000000000a321000
core   0: 0x000000008000540e (0x0048f233) and     tp, a7, tp
core   0: 1 0x000000008000540e (0x0048f233) x4  0x0000000000000000
core   0: 0x0000000080005412 (0x03fc1313) slli    t1, s8, 63
core   0: 1 0x0000000080005412 (0x03fc1313) x6  0x0000000000000000
core   0: 0x0000000080005416 (0x41225d33) sra     s10, tp, s2
core   0: 1 0x0000000080005416 (0x41225d33) x26 0x0000000000000000
core   0: 0x000000008000541a (0x40127c53) fcvt.s.d fs8, ft4
core   0: 1 0x000000008000541a (0x40127c53) c1_fflags 0x000000000000001d f24 0xffffffffd2c2fe83
core   0: 0x000000008000541e (0xc0387153) fcvt.lu.s sp, fa6
core   0: 1 0x000000008000541e (0xc0387153) c1_fflags 0x000000000000001d x2  0xffffffffffffffff
core   0: 0x0000000080005422 (0xdba3f3c7) fmsub.d ft7, ft7, fs10, fs11
core   0: 1 0x0000000080005422 (0xdba3f3c7) f7  0x7ff8000000000000
core   0: 0x0000000080005426 (0x036afb3b) remuw   s6, s5, s6
core   0: 1 0x0000000080005426 (0x036afb3b) x22 0x0000000064d5a348
core   0: 0x000000008000542a (0x01716bb3) or      s7, sp, s7
core   0: 1 0x000000008000542a (0x01716bb3) x23 0xffffffffffffffff
core   0: 0x000000008000542e (0xf1331373) csrrw   t1, mimpid, t1
core   0: exception trap_illegal_instruction, epc 0x000000008000542e
core   0:           tval 0x00000000f1331373
core   0: >>>>  $xrv64i2p1_m2p0_a2p1_f2p2_d2p2_zicsr2p0_zifencei2p0_zmmul1p0_zba1p0_zbb1p0_zbc1p0_zbs1p0
core   0: 0x0000000080004000 (0x0080006f) j       pc + 0x8
core   0: 3 0x0000000080004000 (0x0080006f)
core   0: >>>>  mmode_exception_handler
core   0: 0x0000000080004008 (0x00002c17) auipc   s8, 0x2
core   0: 3 0x0000000080004008 (0x00002c17) x24 0x0000000080006008
core   0: 0x000000008000400c (0x09ac0c13) addi    s8, s8, 154
core   0: 3 0x000000008000400c (0x09ac0c13) x24 0x00000000800060a2
core   0: 0x0000000080004010 (0x000c00e7) jalr    s8
core   0: 3 0x0000000080004010 (0x000c00e7) x1  0x0000000080004014
core   0: >>>>  any_handler
core   0: 0x00000000800060a2 (0x341027f3) csrrs   a5, mepc, zero
core   0: 3 0x00000000800060a2 (0x341027f3) x15 0x000000008000542e
core   0: 0x00000000800060a6 (0x34202773) csrrs   a4, mcause, zero
core   0: 3 0x00000000800060a6 (0x34202773) x14 0x0000000000000002
core   0: 0x00000000800060aa (0x142026f3) csrrs   a3, scause, zero
core   0: 3 0x00000000800060aa (0x142026f3) x13 0x0000000000000000
core   0: 0x00000000800060ae (0x30402673) csrrs   a2, mie, zero
core   0: 3 0x00000000800060ae (0x30402673) x12 0x0000000000000a00
core   0: 0x00000000800060b2 (0x344025f3) csrrs   a1, mip, zero
core   0: 3 0x00000000800060b2 (0x344025f3) x11 0x0000000000000080
core   0: 0x00000000800060b6 (0x343025f3) csrrs   a1, mtval, zero
core   0: 3 0x00000000800060b6 (0x343025f3) x11 0x00000000f1331373
core   0: 0x00000000800060ba (0x14302573) csrrs   a0, stval, zero
core   0: 3 0x00000000800060ba (0x14302573) x10 0x0000000000000000
core   0: 0x00000000800060be (0xb02024f3) csrrs   s1, minstret, zero
core   0: 3 0x00000000800060be (0xb02024f3) x9  0x0000000000000f54
core   0: 0x00000000800060c2 (0x0000a811) c.j     pc + 20
core   0: 3 0x00000000800060c2 (0xa811)
core   0: >>>>  mepc_4
core   0: 0x00000000800060d6 (0x00000791) c.addi  a5, 4
core   0: 3 0x00000000800060d6 (0x0791) x15 0x0000000080005432
core   0: 0x00000000800060d8 (0x34179073) csrrw   zero, mepc, a5
core   0: 3 0x00000000800060d8 (0x34179073) c833_mepc 0x0000000080005432
core   0: 0x00000000800060dc (0x30200073) mret
core   0: 3 0x00000000800060dc (0x30200073) c768_mstatus 0x8000000a00106080
core   0: 0x0000000080005432 (0x00659e33) sll     t3, a1, t1
core   0: 1 0x0000000080005432 (0x00659e33) x28 0x00000000f1331373
core   0: 0x0000000080005436 (0x0381ebb3) rem     s7, gp, s8
core   0: 1 0x0000000080005436 (0x0381ebb3) x23 0x0000000000000018
core   0: 0x000000008000543a (0x007b95bb) sllw    a1, s7, t2
core   0: 1 0x000000008000543a (0x007b95bb) x11 0x0000000000000018
core   0: 0x000000008000543e (0xd236f9d3) fcvt.d.lu fs3, a3
core   0: 1 0x000000008000543e (0xd236f9d3) f19 0x0000000000000000
core   0: 0x0000000080005442 (0x0322593b) divuw   s2, tp, s2
core   0: 1 0x0000000080005442 (0x0322593b) x18 0x0000000000000000
core   0: 0x0000000080005446 (0x747dbe73) csrrc   t3, mseccfg, s11
core   0: exception trap_illegal_instruction, epc 0x0000000080005446
core   0:           tval 0x00000000747dbe73
core   0: >>>>  $xrv64i2p1_m2p0_a2p1_f2p2_d2p2_zicsr2p0_zifencei2p0_zmmul1p0_zba1p0_zbb1p0_zbc1p0_zbs1p0
core   0: 0x0000000080004000 (0x0080006f) j       pc + 0x8
core   0: 3 0x0000000080004000 (0x0080006f)
core   0: >>>>  mmode_exception_handler
core   0: 0x0000000080004008 (0x00002c17) auipc   s8, 0x2
core   0: 3 0x0000000080004008 (0x00002c17) x24 0x0000000080006008
core   0: 0x000000008000400c (0x09ac0c13) addi    s8, s8, 154
core   0: 3 0x000000008000400c (0x09ac0c13) x24 0x00000000800060a2
core   0: 0x0000000080004010 (0x000c00e7) jalr    s8
core   0: 3 0x0000000080004010 (0x000c00e7) x1  0x0000000080004014
core   0: >>>>  any_handler
core   0: 0x00000000800060a2 (0x341027f3) csrrs   a5, mepc, zero
core   0: 3 0x00000000800060a2 (0x341027f3) x15 0x0000000080005446
core   0: 0x00000000800060a6 (0x34202773) csrrs   a4, mcause, zero
core   0: 3 0x00000000800060a6 (0x34202773) x14 0x0000000000000002
core   0: 0x00000000800060aa (0x142026f3) csrrs   a3, scause, zero
core   0: 3 0x00000000800060aa (0x142026f3) x13 0x0000000000000000
core   0: 0x00000000800060ae (0x30402673) csrrs   a2, mie, zero
core   0: 3 0x00000000800060ae (0x30402673) x12 0x0000000000000a00
core   0: 0x00000000800060b2 (0x344025f3) csrrs   a1, mip, zero
core   0: 3 0x00000000800060b2 (0x344025f3) x11 0x0000000000000080
core   0: 0x00000000800060b6 (0x343025f3) csrrs   a1, mtval, zero
core   0: 3 0x00000000800060b6 (0x343025f3) x11 0x00000000747dbe73
core   0: 0x00000000800060ba (0x14302573) csrrs   a0, stval, zero
core   0: 3 0x00000000800060ba (0x14302573) x10 0x0000000000000000
core   0: 0x00000000800060be (0xb02024f3) csrrs   s1, minstret, zero
core   0: 3 0x00000000800060be (0xb02024f3) x9  0x0000000000000f69
core   0: 0x00000000800060c2 (0x0000a811) c.j     pc + 20
core   0: 3 0x00000000800060c2 (0xa811)
core   0: >>>>  mepc_4
core   0: 0x00000000800060d6 (0x00000791) c.addi  a5, 4
core   0: 3 0x00000000800060d6 (0x0791) x15 0x000000008000544a
core   0: 0x00000000800060d8 (0x34179073) csrrw   zero, mepc, a5
core   0: 3 0x00000000800060d8 (0x34179073) c833_mepc 0x000000008000544a
core   0: 0x00000000800060dc (0x30200073) mret
core   0: 3 0x00000000800060dc (0x30200073) c768_mstatus 0x8000000a00106080
core   0: 0x000000008000544a (0x00000001) c.nop
core   0: 1 0x000000008000544a (0x0001)
core   0: 0x000000008000544c (0x001a97f3) csrrw   a5, fflags, s5
core   0: 1 0x000000008000544c (0x001a97f3) x15 0x000000000000001d c1_fflags 0x0000000000000008
core   0: 0x0000000080005450 (0x0109acb3) slt     s9, s3, a6
core   0: 1 0x0000000080005450 (0x0109acb3) x25 0x0000000000000001
core   0: 0x0000000080005454 (0x018d5abb) srlw    s5, s10, s8
core   0: 1 0x0000000080005454 (0x018d5abb) x21 0x0000000000000000
core   0: 0x0000000080005458 (0x0132d01b) srliw   zero, t0, 19
core   0: 1 0x0000000080005458 (0x0132d01b)
core   0: 0x000000008000545c (0x0028b137) lui     sp, 0x28b
core   0: 1 0x000000008000545c (0x0028b137) x2  0x000000000028b000
core   0: 0x0000000080005460 (0xd471011b) addiw   sp, sp, -697
core   0: 1 0x0000000080005460 (0xd471011b) x2  0x000000000028ad47
core   0: 0x0000000080005464 (0x00000136) c.slli  sp, 13
core   0: 1 0x0000000080005464 (0x0136) x2  0x0000000515a8e000
core   0: 0x0000000080005466 (0xa2110113) addi    sp, sp, -1503
core   0: 1 0x0000000080005466 (0xa2110113) x2  0x0000000515a8da21
core   0: 0x000000008000546a (0x023efeb3) remu    t4, t4, gp
core   0: 1 0x000000008000546a (0x023efeb3) x29 0x0000000000000010
core   0: 0x000000008000546e (0x23438bd3) fsgnj.d fs7, ft7, fs4
core   0: 1 0x000000008000546e (0x23438bd3) f23 0x7ff8000000000000
core   0: 0x0000000080005472 (0x052437b7) lui     a5, 0x5243
core   0: 1 0x0000000080005472 (0x052437b7) x15 0x0000000005243000
core   0: 0x0000000080005476 (0x17b7879b) addiw   a5, a5, 379
core   0: 1 0x0000000080005476 (0x17b7879b) x15 0x000000000524317b
core   0: 0x000000008000547a (0x000007b2) c.slli  a5, 12
core   0: 1 0x000000008000547a (0x07b2) x15 0x000000524317b000
core   0: 0x000000008000547c (0x5fc78793) addi    a5, a5, 1532
core   0: 1 0x000000008000547c (0x5fc78793) x15 0x000000524317b5fc
core   0: 0x0000000080005480 (0x0ff0000f) fence   iorw,iorw
core   0: 1 0x0000000080005480 (0x0ff0000f)
core   0: 0x0000000080005484 (0x40d20833) sub     a6, tp, a3
core   0: 1 0x0000000080005484 (0x40d20833) x16 0x0000000000000000
core   0: 0x0000000080005488 (0xf5e5bdb7) lui     s11, 0xf5e5b
core   0: 1 0x0000000080005488 (0xf5e5bdb7) x27 0xfffffffff5e5b000
core   0: 0x000000008000548c (0x00181073) csrrw   zero, fflags, a6
core   0: 1 0x000000008000548c (0x00181073) c1_fflags 0x0000000000000000
core   0: 0x0000000080005490 (0x00bcfbb3) and     s7, s9, a1
core   0: 1 0x0000000080005490 (0x00bcfbb3) x23 0x0000000000000001
core   0: 0x0000000080005494 (0xd3cbfe4f) fnmadd.d ft8, fs7, ft8, fs10
core   0: 1 0x0000000080005494 (0xd3cbfe4f) f28 0x7ff8000000000000
core   0: 0x0000000080005498 (0x40be00b3) sub     ra, t3, a1
core   0: 1 0x0000000080005498 (0x40be00b3) x1  0x000000007cb55500
core   0: 0x000000008000549c (0x0330a533) mulhsu  a0, ra, s3
core   0: 1 0x000000008000549c (0x0330a533) x10 0x000000007cb554ff
core   0: 0x00000000800054a0 (0xc23bf853) fcvt.lu.d a6, fs7
core   0: 1 0x00000000800054a0 (0xc23bf853) c1_fflags 0x0000000000000010 x16 0xffffffffffffffff
core   0: 0x00000000800054a4 (0x016210b3) sll     ra, tp, s6
core   0: 1 0x00000000800054a4 (0x016210b3) x1  0x0000000000000000
core   0: 0x00000000800054a8 (0x00009c09) c.subw  s0, a0
core   0: 1 0x00000000800054a8 (0x9c09) x8  0xffffffff834aab01
core   0: 0x00000000800054aa (0xfd641cb7) lui     s9, 0xfd641
core   0: 1 0x00000000800054aa (0xfd641cb7) x25 0xfffffffffd641000
core   0: 0x00000000800054ae (0x959c8c9b) addiw   s9, s9, -1703
core   0: 1 0x00000000800054ae (0x959c8c9b) x25 0xfffffffffd640959
core   0: 0x00000000800054b2 (0x00000cb6) c.slli  s9, 13
core   0: 1 0x00000000800054b2 (0x0cb6) x25 0xffffffac812b2000
core   0: 0x00000000800054b4 (0xf82c8c93) addi    s9, s9, -126
core   0: 1 0x00000000800054b4 (0xf82c8c93) x25 0xffffffac812b1f82
core   0: 0x00000000800054b8 (0xd03cf053) fcvt.s.lu ft0, s9
core   0: 1 0x00000000800054b8 (0xd03cf053) c1_fflags 0x0000000000000011 f0  0xffffffff5f800000
core   0: 0x00000000800054bc (0x2a1d05d3) fmin.d  fa1, fs10, ft1
core   0: 1 0x00000000800054bc (0x2a1d05d3) f11 0x7ff8000000000000
core   0: 0x00000000800054c0 (0xe20e04d3) fmv.x.d s1, ft8
core   0: 1 0x00000000800054c0 (0xe20e04d3) x9  0x7ff8000000000000
core   0: 0x00000000800054c4 (0xd3a07dcf) fnmadd.d fs11, ft0, fs10, fs10
core   0: 1 0x00000000800054c4 (0xd3a07dcf) f27 0x7ff8000000000000
core   0: 0x00000000800054c8 (0x22a52853) fsgnjx.d fa6, fa0, fa0
core   0: 1 0x00000000800054c8 (0x22a52853) f16 0x7ff8000000000000
core   0: 0x00000000800054cc (0xa38806d3) fle.d   a3, fa6, fs8
core   0: 1 0x00000000800054cc (0xa38806d3) c1_fflags 0x0000000000000011 x13 0x0000000000000000
core   0: 0x00000000800054d0 (0x0012119b) slliw   gp, tp, 1
core   0: 1 0x00000000800054d0 (0x0012119b) x3  0x0000000000000000
core   0: 0x00000000800054d4 (0x403a0a33) sub     s4, s4, gp
core   0: 1 0x00000000800054d4 (0x403a0a33) x20 0x0000000000000000
core   0: 0x00000000800054d8 (0x012b8b33) add     s6, s7, s2
core   0: 1 0x00000000800054d8 (0x012b8b33) x22 0x0000000000000001
core   0: 0x00000000800054dc (0x0395673b) remw    a4, a0, s9
core   0: 1 0x00000000800054dc (0x0395673b) x14 0x000000007cb554ff
core   0: 0x00000000800054e0 (0x23bd8353) fsgnj.d ft6, fs11, fs11
core   0: 1 0x00000000800054e0 (0x23bd8353) f6  0x7ff8000000000000
core   0: 0x00000000800054e4 (0x02eecebb) divw    t4, t4, a4
core   0: 1 0x00000000800054e4 (0x02eecebb) x29 0x0000000000000000
core   0: 0x00000000800054e8 (0x002e9d73) csrrw   s10, frm, t4
core   0: 1 0x00000000800054e8 (0x002e9d73) x26 0x0000000000000000 c2_frm 0x0000000000000000
core   0: 0x00000000800054ec (0x019aecb3) or      s9, s5, s9
core   0: 1 0x00000000800054ec (0x019aecb3) x25 0xffffffac812b1f82
core   0: 0x00000000800054f0 (0x42088fd3) fcvt.d.s ft11, fa7
core   0: 1 0x00000000800054f0 (0x42088fd3) f31 0x7ff8000000000000
core   0: 0x00000000800054f4 (0x02b6ed33) rem     s10, a3, a1
core   0: 1 0x00000000800054f4 (0x02b6ed33) x26 0x0000000000000000
core   0: 0x00000000800054f8 (0x01fc529b) srliw   t0, s8, 31
core   0: 1 0x00000000800054f8 (0x01fc529b) x5  0x0000000000000001
core   0: 0x00000000800054fc (0x029183b3) mul     t2, gp, s1
core   0: 1 0x00000000800054fc (0x029183b3) x7  0x0000000000000000
core   0: 0x0000000080005500 (0xd230f653) fcvt.d.lu fa2, ra
core   0: 1 0x0000000080005500 (0xd230f653) f12 0x0000000000000000
core   0: 0x0000000080005504 (0xc02b76d3) fcvt.l.s a3, fs6
core   0: 1 0x0000000080005504 (0xc02b76d3) c1_fflags 0x0000000000000011 x13 0x7fffffffffffffff
core   0: 0x0000000080005508 (0x011cd31b) srliw   t1, s9, 17
core   0: 1 0x0000000080005508 (0x011cd31b) x6  0x0000000000004095
core   0: 0x000000008000550c (0xc31f5937) lui     s2, 0xc31f5
core   0: 1 0x000000008000550c (0xc31f5937) x18 0xffffffffc31f5000
core   0: 0x0000000080005510 (0xd21c8d53) fcvt.d.wu fs10, s9
core   0: 1 0x0000000080005510 (0xd21c8d53) f26 0x41e02563f0400000
core   0: 0x0000000080005514 (0x01225bb3) srl     s7, tp, s2
core   0: 1 0x0000000080005514 (0x01225bb3) x23 0x0000000000000000
core   0: 0x0000000080005518 (0xc2067d53) fcvt.w.d s10, fa2
core   0: 1 0x0000000080005518 (0xc2067d53) x26 0x0000000000000000
core   0: 0x000000008000551c (0xa3f60ad3) fle.d   s5, fa2, ft11
core   0: 1 0x000000008000551c (0xa3f60ad3) c1_fflags 0x0000000000000011 x21 0x0000000000000000
core   0: 0x0000000080005520 (0xd023f853) fcvt.s.l fa6, t2
core   0: 1 0x0000000080005520 (0xd023f853) f16 0xffffffff00000000
core   0: 0x0000000080005524 (0x2a6d1853) fmax.d  fa6, fs10, ft6
core   0: 1 0x0000000080005524 (0x2a6d1853) f16 0x41e02563f0400000
core   0: 0x0000000080005528 (0x039735b3) mulhu   a1, a4, s9
core   0: 1 0x0000000080005528 (0x039735b3) x11 0x000000007cb554d6
core   0: 0x000000008000552c (0x40135d13) srai    s10, t1, 1
core   0: 1 0x000000008000552c (0x40135d13) x26 0x000000000000204a
core   0: 0x0000000080005530 (0x124d75d3) fmul.d  fa1, fs10, ft4
core   0: 1 0x0000000080005530 (0x124d75d3) c1_fflags 0x0000000000000011 f11 0xc44898c63160513c
core   0: 0x0000000080005534 (0xf9029bb7) lui     s7, 0xf9029
core   0: 1 0x0000000080005534 (0xf9029bb7) x23 0xfffffffff9029000
core   0: 0x0000000080005538 (0x7f7b8b9b) addiw   s7, s7, 2039
core   0: 1 0x0000000080005538 (0x7f7b8b9b) x23 0xfffffffff90297f7
core   0: 0x000000008000553c (0x00000bb2) c.slli  s7, 12
core   0: 1 0x000000008000553c (0x0bb2) x23 0xffffff90297f7000
core   0: 0x000000008000553e (0xfcdb8b93) addi    s7, s7, -51
core   0: 1 0x000000008000553e (0xfcdb8b93) x23 0xffffff90297f6fcd
core   0: 0x0000000080005542 (0x02127153) fadd.d  ft2, ft4, ft1
core   0: 1 0x0000000080005542 (0x02127153) f2  0x7ff8000000000000
core   0: 0x0000000080005546 (0xd21d0cd3) fcvt.d.wu fs9, s10
core   0: 1 0x0000000080005546 (0xd21d0cd3) f25 0x40c0250000000000
core   0: 0x000000008000554a (0x01775c1b) srliw   s8, a4, 23
core   0: 1 0x000000008000554a (0x01775c1b) x24 0x00000000000000f9
core   0: 0x000000008000554e (0x00202df3) csrrs   s11, frm, zero
core   0: 1 0x000000008000554e (0x00202df3) x27 0x0000000000000000
core   0: 0x0000000080005552 (0x00a5553b) srlw    a0, a0, a0
core   0: 1 0x0000000080005552 (0x00a5553b) x10 0x0000000000000000
core   0: 0x0000000080005556 (0x01fe9e9b) slliw   t4, t4, 31
core   0: 1 0x0000000080005556 (0x01fe9e9b) x29 0x0000000000000000
core   0: 0x000000008000555a (0x000ad39b) srliw   t2, s5, 0
core   0: 1 0x000000008000555a (0x000ad39b) x7  0x0000000000000000
core   0: 0x000000008000555e (0x0a927053) fsub.d  ft0, ft4, fs1
core   0: 1 0x000000008000555e (0x0a927053) f0  0x7ff8000000000000
core   0: 0x0000000080005562 (0x13c5e537) lui     a0, 0x13c5e
core   0: 1 0x0000000080005562 (0x13c5e537) x10 0x0000000013c5e000
core   0: 0x0000000080005566 (0xc21dfe53) fcvt.wu.d t3, fs11
core   0: 1 0x0000000080005566 (0xc21dfe53) c1_fflags 0x0000000000000011 x28 0xffffffffffffffff
core   0: 0x000000008000556a (0x1a0cf4d3) fdiv.d  fs1, fs9, ft0
core   0: 1 0x000000008000556a (0x1a0cf4d3) f9  0x7ff8000000000000
core   0: 0x000000008000556e (0xd0e2f293) andi    t0, t0, -754
core   0: 1 0x000000008000556e (0xd0e2f293) x5  0x0000000000000000
core   0: 0x0000000080005572 (0x22b49e53) fsgnjn.d ft8, fs1, fa1
core   0: 1 0x0000000080005572 (0x22b49e53) f28 0x7ff8000000000000
core   0: 0x0000000080005576 (0x405507bb) subw    a5, a0, t0
core   0: 1 0x0000000080005576 (0x405507bb) x15 0x0000000013c5e000
core   0: 0x000000008000557a (0x03cdbb33) mulhu   s6, s11, t3
core   0: 1 0x000000008000557a (0x03cdbb33) x22 0x0000000000000000
core   0: 0x000000008000557e (0x0109aab3) slt     s5, s3, a6
core   0: 1 0x000000008000557e (0x0109aab3) x21 0x0000000000000001
core   0: 0x0000000080005582 (0xc204f953) fcvt.w.d s2, fs1
core   0: 1 0x0000000080005582 (0xc204f953) c1_fflags 0x0000000000000011 x18 0x000000007fffffff
core   0: 0x0000000080005586 (0x00b5a9b3) slt     s3, a1, a1
core   0: 1 0x0000000080005586 (0x00b5a9b3) x19 0x0000000000000000
core   0: 0x000000008000558a (0x23c68cd3) fsgnj.d fs9, fa3, ft8
core   0: 1 0x000000008000558a (0x23c68cd3) f25 0x7ff8000000000000
core   0: 0x000000008000558e (0xc22cf353) fcvt.l.d t1, fs9
core   0: 1 0x000000008000558e (0xc22cf353) c1_fflags 0x0000000000000011 x6  0x7fffffffffffffff
core   0: 0x0000000080005592 (0x02580d33) mul     s10, a6, t0
core   0: 1 0x0000000080005592 (0x02580d33) x26 0x0000000000000000
core   0: 0x0000000080005596 (0xcb5973c7) fmsub.d ft7, fs2, fs5, fs9
core   0: 1 0x0000000080005596 (0xcb5973c7) f7  0x7ff8000000000000
core   0: 0x000000008000559a (0x41f6d39b) sraiw   t2, a3, 31
core   0: 1 0x000000008000559a (0x41f6d39b) x7  0xffffffffffffffff
core   0: 0x000000008000559e (0x4001581b) sraiw   a6, sp, 0
core   0: 1 0x000000008000559e (0x4001581b) x16 0x0000000015a8da21
core   0: 0x00000000800055a2 (0x001390f3) csrrw   ra, fflags, t2
core   0: 1 0x00000000800055a2 (0x001390f3) x1  0x0000000000000011 c1_fflags 0x000000000000001f
core   0: 0x00000000800055a6 (0x1a3974d3) fdiv.d  fs1, fs2, ft3
core   0: 1 0x00000000800055a6 (0x1a3974d3) f9  0x7ff8000000000000
core   0: 0x00000000800055aa (0x030a9ab3) mulh    s5, s5, a6
core   0: 1 0x00000000800055aa (0x030a9ab3) x21 0x0000000000000000
core   0: 0x00000000800055ae (0x001298f3) csrrw   a7, fflags, t0
core   0: 1 0x00000000800055ae (0x001298f3) x17 0x000000000000001f c1_fflags 0x0000000000000000
core   0: 0x00000000800055b2 (0x5af3fc47) fmsub.d fs8, ft7, fa5, fa1
core   0: 1 0x00000000800055b2 (0x5af3fc47) f24 0x7ff8000000000000
core   0: 0x00000000800055b6 (0x00009a66) c.add   s4, s9
core   0: 1 0x00000000800055b6 (0x9a66) x20 0xffffffac812b1f82
core   0: 0x00000000800055b8 (0x009c0db3) add     s11, s8, s1
core   0: 1 0x00000000800055b8 (0x009c0db3) x27 0x7ff80000000000f9
core   0: 0x00000000800055bc (0x034dd8bb) divuw   a7, s11, s4
core   0: 1 0x00000000800055bc (0x034dd8bb) x17 0x0000000000000000
core   0: 0x00000000800055c0 (0x03f5d913) srli    s2, a1, 63
core   0: 1 0x00000000800055c0 (0x03f5d913) x18 0x0000000000000000
core   0: 0x00000000800055c4 (0x238a81d3) fsgnj.d ft3, fs5, fs8
core   0: 1 0x00000000800055c4 (0x238a81d3) f3  0x7ff8000000000000
core   0: 0x00000000800055c8 (0x00055a1b) srliw   s4, a0, 0
core   0: 1 0x00000000800055c8 (0x00055a1b) x20 0x0000000013c5e000
core   0: 0x00000000800055cc (0x5a0fffd3) fsqrt.d ft11, ft11
core   0: 1 0x00000000800055cc (0x5a0fffd3) f31 0x7ff8000000000000
core   0: 0x00000000800055d0 (0x02ba4633) div     a2, s4, a1
core   0: 1 0x00000000800055d0 (0x02ba4633) x12 0x0000000000000000
core   0: 0x00000000800055d4 (0x00000986) c.slli  s3, 1
core   0: 1 0x00000000800055d4 (0x0986) x19 0x0000000000000000
core   0: 0x00000000800055d6 (0xc80be1f3) csrrsi  gp, cycleh, 23
core   0: exception trap_illegal_instruction, epc 0x00000000800055d6
core   0:           tval 0x00000000c80be1f3
core   0: >>>>  $xrv64i2p1_m2p0_a2p1_f2p2_d2p2_zicsr2p0_zifencei2p0_zmmul1p0_zba1p0_zbb1p0_zbc1p0_zbs1p0
core   0: 0x0000000080004000 (0x0080006f) j       pc + 0x8
core   0: 3 0x0000000080004000 (0x0080006f)
core   0: >>>>  mmode_exception_handler
core   0: 0x0000000080004008 (0x00002c17) auipc   s8, 0x2
core   0: 3 0x0000000080004008 (0x00002c17) x24 0x0000000080006008
core   0: 0x000000008000400c (0x09ac0c13) addi    s8, s8, 154
core   0: 3 0x000000008000400c (0x09ac0c13) x24 0x00000000800060a2
core   0: 0x0000000080004010 (0x000c00e7) jalr    s8
core   0: 3 0x0000000080004010 (0x000c00e7) x1  0x0000000080004014
core   0: >>>>  any_handler
core   0: 0x00000000800060a2 (0x341027f3) csrrs   a5, mepc, zero
core   0: 3 0x00000000800060a2 (0x341027f3) x15 0x00000000800055d6
core   0: 0x00000000800060a6 (0x34202773) csrrs   a4, mcause, zero
core   0: 3 0x00000000800060a6 (0x34202773) x14 0x0000000000000002
core   0: 0x00000000800060aa (0x142026f3) csrrs   a3, scause, zero
core   0: 3 0x00000000800060aa (0x142026f3) x13 0x0000000000000000
core   0: 0x00000000800060ae (0x30402673) csrrs   a2, mie, zero
core   0: 3 0x00000000800060ae (0x30402673) x12 0x0000000000000a00
core   0: 0x00000000800060b2 (0x344025f3) csrrs   a1, mip, zero
core   0: 3 0x00000000800060b2 (0x344025f3) x11 0x0000000000000080
core   0: 0x00000000800060b6 (0x343025f3) csrrs   a1, mtval, zero
core   0: 3 0x00000000800060b6 (0x343025f3) x11 0x00000000c80be1f3
core   0: 0x00000000800060ba (0x14302573) csrrs   a0, stval, zero
core   0: 3 0x00000000800060ba (0x14302573) x10 0x0000000000000000
core   0: 0x00000000800060be (0xb02024f3) csrrs   s1, minstret, zero
core   0: 3 0x00000000800060be (0xb02024f3) x9  0x0000000000000fe0
core   0: 0x00000000800060c2 (0x0000a811) c.j     pc + 20
core   0: 3 0x00000000800060c2 (0xa811)
core   0: >>>>  mepc_4
core   0: 0x00000000800060d6 (0x00000791) c.addi  a5, 4
core   0: 3 0x00000000800060d6 (0x0791) x15 0x00000000800055da
core   0: 0x00000000800060d8 (0x34179073) csrrw   zero, mepc, a5
core   0: 3 0x00000000800060d8 (0x34179073) c833_mepc 0x00000000800055da
core   0: 0x00000000800060dc (0x30200073) mret
core   0: 3 0x00000000800060dc (0x30200073) c768_mstatus 0x8000000a00106080
core   0: 0x00000000800055da (0x00202173) csrrs   sp, frm, zero
core   0: 1 0x00000000800055da (0x00202173) x2  0x0000000000000000
core   0: 0x00000000800055de (0xe2090c53) fmv.x.d s8, fs2
core   0: 1 0x00000000800055de (0xe2090c53) x24 0x7ff8000000000000
core   0: 0x00000000800055e2 (0x01f15b1b) srliw   s6, sp, 31
core   0: 1 0x00000000800055e2 (0x01f15b1b) x22 0x0000000000000000
core   0: 0x00000000800055e6 (0x409c5213) srai    tp, s8, 9
core   0: 1 0x00000000800055e6 (0x409c5213) x4  0x003ffc0000000000
core   0: 0x00000000800055ea (0x00dd1d3b) sllw    s10, s10, a3
core   0: 1 0x00000000800055ea (0x00dd1d3b) x26 0x0000000000000000
core   0: 0x00000000800055ee (0x0b05f053) fsub.d  ft0, fa1, fa6
core   0: 1 0x00000000800055ee (0x0b05f053) c1_fflags 0x0000000000000001 f0  0xc44898c6316091d2
core   0: 0x00000000800055f2 (0x018d5cbb) srlw    s9, s10, s8
core   0: 1 0x00000000800055f2 (0x018d5cbb) x25 0x0000000000000000
core   0: 0x00000000800055f6 (0x00fd8ebb) addw    t4, s11, a5
core   0: 1 0x00000000800055f6 (0x00fd8ebb) x29 0xffffffff800056d3
core   0: 0x00000000800055fa (0x00b353bb) srlw    t2, t1, a1
core   0: 1 0x00000000800055fa (0x00b353bb) x7  0x0000000000001fff
core   0: 0x00000000800055fe (0xc038f753) fcvt.lu.s a4, fa7
core   0: 1 0x00000000800055fe (0xc038f753) c1_fflags 0x0000000000000011 x14 0xffffffffffffffff
core   0: 0x0000000080005602 (0x023b3833) mulhu   a6, s6, gp
core   0: 1 0x0000000080005602 (0x023b3833) x16 0x0000000000000000
core   0: 0x0000000080005606 (0x41bd0d33) sub     s10, s10, s11
core   0: 1 0x0000000080005606 (0x41bd0d33) x26 0x8007ffffffffff07
core   0: 0x000000008000560a (0xc208f953) fcvt.w.d s2, fa7
core   0: 1 0x000000008000560a (0xc208f953) c1_fflags 0x0000000000000011 x18 0x000000007fffffff
core   0: 0x000000008000560e (0x001a119b) slliw   gp, s4, 1
core   0: 1 0x000000008000560e (0x001a119b) x3  0x00000000278bc000
core   0: 0x0000000080005612 (0x012a8cb3) add     s9, s5, s2
core   0: 1 0x0000000080005612 (0x012a8cb3) x25 0x000000007fffffff
core   0: 0x0000000080005616 (0xe2008453) fmv.x.d s0, ft1
core   0: 1 0x0000000080005616 (0xe2008453) x8  0xffffffff00000000
core   0: 0x000000008000561a (0xc025f953) fcvt.l.s s2, fa1
core   0: 1 0x000000008000561a (0xc025f953) c1_fflags 0x0000000000000011 x18 0x7fffffffffffffff
core   0: 0x000000008000561e (0x1af47593) andi    a1, s0, 431
core   0: 1 0x000000008000561e (0x1af47593) x11 0x0000000000000000
core   0: 0x0000000080005622 (0xf2040753) fmv.d.x fa4, s0
core   0: 1 0x0000000080005622 (0xf2040753) f14 0xffffffff00000000
core   0: 0x0000000080005626 (0x418500b3) sub     ra, a0, s8
core   0: 1 0x0000000080005626 (0x418500b3) x1  0x8008000000000000
core   0: 0x000000008000562a (0x008413bb) sllw    t2, s0, s0
core   0: 1 0x000000008000562a (0x008413bb) x7  0x0000000000000000
core   0: 0x000000008000562e (0xd02778d3) fcvt.s.l fa7, a4
core   0: 1 0x000000008000562e (0xd02778d3) f17 0xffffffffbf800000
core   0: 0x0000000080005632 (0x00138513) addi    a0, t2, 1
core   0: 1 0x0000000080005632 (0x00138513) x10 0x0000000000000001
core   0: 0x0000000080005636 (0x03a7fe53) fadd.d  ft8, fa5, fs10
core   0: 1 0x0000000080005636 (0x03a7fe53) f28 0x41e02563f0400000
core   0: 0x000000008000563a (0x400a569b) sraiw   a3, s4, 0
core   0: 1 0x000000008000563a (0x400a569b) x13 0x0000000013c5e000
core   0: 0x000000008000563e (0x406e599b) sraiw   s3, t3, 6
core   0: 1 0x000000008000563e (0x406e599b) x19 0xffffffffffffffff
core   0: 0x0000000080005642 (0x0ff0000f) fence   iorw,iorw
core   0: 1 0x0000000080005642 (0x0ff0000f)
core   0: 0x0000000080005646 (0x00191973) csrrw   s2, fflags, s2
core   0: 1 0x0000000080005646 (0x00191973) x18 0x0000000000000011 c1_fflags 0x000000000000001f
core   0: 0x000000008000564a (0x02e73633) mulhu   a2, a4, a4
core   0: 1 0x000000008000564a (0x02e73633) x12 0xfffffffffffffffe
core   0: 0x000000008000564e (0x1b7d7bcb) fnmsub.d fs7, fs10, fs7, ft3
core   0: 1 0x000000008000564e (0x1b7d7bcb) f23 0x7ff8000000000000
core   0: 0x0000000080005652 (0x40b2063b) subw    a2, tp, a1
core   0: 1 0x0000000080005652 (0x40b2063b) x12 0x0000000000000000
core   0: 0x0000000080005656 (0x01b60cbb) addw    s9, a2, s11
core   0: 1 0x0000000080005656 (0x01b60cbb) x25 0x00000000000000f9
core   0: 0x000000008000565a (0x0117923b) sllw    tp, a5, a7
core   0: 1 0x000000008000565a (0x0117923b) x4  0xffffffff800055da
core   0: 0x000000008000565e (0x223797d3) fsgnjn.d fa5, fa5, ft3
core   0: 1 0x000000008000565e (0x223797d3) f15 0x8000000000000000
core   0: 0x0000000080005662 (0xf2078953) fmv.d.x fs2, a5
core   0: 1 0x0000000080005662 (0xf2078953) f18 0x00000000800055da
core   0: 0x0000000080005666 (0x414eda3b) sraw    s4, t4, s4
core   0: 1 0x0000000080005666 (0x414eda3b) x20 0xffffffff800056d3
core   0: 0x000000008000566a (0x93c48097) auipc   ra, 0x93c48
core   0: 1 0x000000008000566a (0x93c48097) x1  0x0000000013c4d66a
core   0: 0x000000008000566e (0x0321613b) remw    sp, sp, s2
core   0: 1 0x000000008000566e (0x0321613b) x2  0x0000000000000000
core   0: 0x0000000080005672 (0x4019589b) sraiw   a7, s2, 1
core   0: 1 0x0000000080005672 (0x4019589b) x17 0x0000000000000008
core   0: 0x0000000080005676 (0x41185233) sra     tp, a6, a7
core   0: 1 0x0000000080005676 (0x41185233) x4  0x0000000000000000
core   0: 0x000000008000567a (0xc02ef9d3) fcvt.l.s s3, ft9
core   0: 1 0x000000008000567a (0xc02ef9d3) c1_fflags 0x000000000000001f x19 0x7fffffffffffffff
core   0: 0x000000008000567e (0xe20301d3) fmv.x.d gp, ft6
core   0: 1 0x000000008000567e (0xe20301d3) x3  0x7ff8000000000000
core   0: 0x0000000080005682 (0x00748933) add     s2, s1, t2
core   0: 1 0x0000000080005682 (0x00748933) x18 0x0000000000000fe0
core   0: 0x0000000080005686 (0x22372753) fsgnjx.d fa4, fa4, ft3
core   0: 1 0x0000000080005686 (0x22372753) f14 0xffffffff00000000
core   0: 0x000000008000568a (0xa39a0153) fle.d   sp, fs4, fs9
core   0: 1 0x000000008000568a (0xa39a0153) c1_fflags 0x000000000000001f x2  0x0000000000000000
core   0: 0x000000008000568e (0x018c133b) sllw    t1, s8, s8
core   0: 1 0x000000008000568e (0x018c133b) x6  0x0000000000000000
core   0: 0x0000000080005692 (0x1005a773) csrrs   a4, sstatus, a1
core   0: 1 0x0000000080005692 (0x1005a773) x14 0x8000000200006000 c768_mstatus 0x8000000a00106080
core   0: 0x0000000080005696 (0x0295dbbb) divuw   s7, a1, s1
core   0: 1 0x0000000080005696 (0x0295dbbb) x23 0x0000000000000000
core   0: 0x000000008000569a (0x007421b3) slt     gp, s0, t2
core   0: 1 0x000000008000569a (0x007421b3) x3  0x0000000000000001
core   0: 0x000000008000569e (0x5a0ff053) fsqrt.d ft0, ft11
core   0: 1 0x000000008000569e (0x5a0ff053) f0  0x7ff8000000000000
core   0: 0x00000000800056a2 (0x00281873) csrrw   a6, frm, a6
core   0: 1 0x00000000800056a2 (0x00281873) x16 0x0000000000000000 c2_frm 0x0000000000000000
core   0: 0x00000000800056a6 (0x40d5d633) sra     a2, a1, a3
core   0: 1 0x00000000800056a6 (0x40d5d633) x12 0x0000000000000000
core   0: 0x00000000800056aa (0x0ff0000f) fence   iorw,iorw
core   0: 1 0x00000000800056aa (0x0ff0000f)
core   0: 0x00000000800056ae (0xf1413cf3) csrrc   s9, mhartid, sp
core   0: exception trap_illegal_instruction, epc 0x00000000800056ae
core   0:           tval 0x00000000f1413cf3
core   0: >>>>  $xrv64i2p1_m2p0_a2p1_f2p2_d2p2_zicsr2p0_zifencei2p0_zmmul1p0_zba1p0_zbb1p0_zbc1p0_zbs1p0
core   0: 0x0000000080004000 (0x0080006f) j       pc + 0x8
core   0: 3 0x0000000080004000 (0x0080006f)
core   0: >>>>  mmode_exception_handler
core   0: 0x0000000080004008 (0x00002c17) auipc   s8, 0x2
core   0: 3 0x0000000080004008 (0x00002c17) x24 0x0000000080006008
core   0: 0x000000008000400c (0x09ac0c13) addi    s8, s8, 154
core   0: 3 0x000000008000400c (0x09ac0c13) x24 0x00000000800060a2
core   0: 0x0000000080004010 (0x000c00e7) jalr    s8
core   0: 3 0x0000000080004010 (0x000c00e7) x1  0x0000000080004014
core   0: >>>>  any_handler
core   0: 0x00000000800060a2 (0x341027f3) csrrs   a5, mepc, zero
core   0: 3 0x00000000800060a2 (0x341027f3) x15 0x00000000800056ae
core   0: 0x00000000800060a6 (0x34202773) csrrs   a4, mcause, zero
core   0: 3 0x00000000800060a6 (0x34202773) x14 0x0000000000000002
core   0: 0x00000000800060aa (0x142026f3) csrrs   a3, scause, zero
core   0: 3 0x00000000800060aa (0x142026f3) x13 0x0000000000000000
core   0: 0x00000000800060ae (0x30402673) csrrs   a2, mie, zero
core   0: 3 0x00000000800060ae (0x30402673) x12 0x0000000000000a00
core   0: 0x00000000800060b2 (0x344025f3) csrrs   a1, mip, zero
core   0: 3 0x00000000800060b2 (0x344025f3) x11 0x0000000000000080
core   0: 0x00000000800060b6 (0x343025f3) csrrs   a1, mtval, zero
core   0: 3 0x00000000800060b6 (0x343025f3) x11 0x00000000f1413cf3
core   0: 0x00000000800060ba (0x14302573) csrrs   a0, stval, zero
core   0: 3 0x00000000800060ba (0x14302573) x10 0x0000000000000000
core   0: 0x00000000800060be (0xb02024f3) csrrs   s1, minstret, zero
core   0: 3 0x00000000800060be (0xb02024f3) x9  0x0000000000001025
core   0: 0x00000000800060c2 (0x0000a811) c.j     pc + 20
core   0: 3 0x00000000800060c2 (0xa811)
core   0: >>>>  mepc_4
core   0: 0x00000000800060d6 (0x00000791) c.addi  a5, 4
core   0: 3 0x00000000800060d6 (0x0791) x15 0x00000000800056b2
core   0: 0x00000000800060d8 (0x34179073) csrrw   zero, mepc, a5
core   0: 3 0x00000000800060d8 (0x34179073) c833_mepc 0x00000000800056b2
core   0: 0x00000000800060dc (0x30200073) mret
core   0: 3 0x00000000800060dc (0x30200073) c768_mstatus 0x8000000a00106080
core   0: 0x00000000800056b2 (0x5a077253) fsqrt.d ft4, fa4
core   0: 1 0x00000000800056b2 (0x5a077253) f4  0x7ff8000000000000
core   0: 0x00000000800056b6 (0xd231f9d3) fcvt.d.lu fs3, gp
core   0: 1 0x00000000800056b6 (0xd231f9d3) f19 0x3ff0000000000000
core   0: 0x00000000800056ba (0x38394513) xori    a0, s2, 899
core   0: 1 0x00000000800056ba (0x38394513) x10 0x0000000000000c63
core   0: 0x00000000800056be (0xa1db4a93) xori    s5, s6, -1507
core   0: 1 0x00000000800056be (0xa1db4a93) x21 0xfffffffffffffa1d
core   0: 0x00000000800056c2 (0x03c1b1b3) mulhu   gp, gp, t3
core   0: 1 0x00000000800056c2 (0x03c1b1b3) x3  0x0000000000000000
core   0: 0x00000000800056c6 (0xde7cfc93) andi    s9, s9, -537
core   0: 1 0x00000000800056c6 (0xde7cfc93) x25 0x00000000000000e1
core   0: 0x00000000800056ca (0x94fef113) andi    sp, t4, -1713
core   0: 1 0x00000000800056ca (0x94fef113) x2  0xffffffff80005043
core   0: 0x00000000800056ce (0x00015413) srli    s0, sp, 0
core   0: 1 0x00000000800056ce (0x00015413) x8  0xffffffff80005043
core   0: 0x00000000800056d2 (0x008e5933) srl     s2, t3, s0
core   0: 1 0x00000000800056d2 (0x008e5933) x18 0x1fffffffffffffff
core   0: 0x00000000800056d6 (0xd21086d3) fcvt.d.wu fa3, ra
core   0: 1 0x00000000800056d6 (0xd21086d3) f13 0x41e0000802800000
core   0: 0x00000000800056da (0x01220eb3) add     t4, tp, s2
core   0: 1 0x00000000800056da (0x01220eb3) x29 0x1fffffffffffffff
core   0: 0x00000000800056de (0x4016f053) fcvt.s.d ft0, fa3
core   0: 1 0x00000000800056de (0x4016f053) c1_fflags 0x000000000000001f f0  0xffffffff4f000040
core   0: 0x00000000800056e2 (0x035230b3) mulhu   ra, tp, s5
core   0: 1 0x00000000800056e2 (0x035230b3) x1  0x0000000000000000
core   0: 0x00000000800056e6 (0xd02efb53) fcvt.s.l fs6, t4
core   0: 1 0x00000000800056e6 (0xd02efb53) c1_fflags 0x000000000000001f f22 0xffffffff5e000000
core   0: 0x00000000800056ea (0x03175d3b) divuw   s10, a4, a7
core   0: 1 0x00000000800056ea (0x03175d3b) x26 0x0000000000000000
core   0: 0x00000000800056ee (0x0290da33) divu    s4, ra, s1
core   0: 1 0x00000000800056ee (0x0290da33) x20 0x0000000000000000
core   0: 0x00000000800056f2 (0xc21cf453) fcvt.wu.d s0, fs9
core   0: 1 0x00000000800056f2 (0xc21cf453) c1_fflags 0x000000000000001f x8  0xffffffffffffffff
core   0: 0x00000000800056f6 (0x001025f3) csrrs   a1, fflags, zero
core   0: 1 0x00000000800056f6 (0x001025f3) x11 0x000000000000001f
core   0: 0x00000000800056fa (0x408586bb) subw    a3, a1, s0
core   0: 1 0x00000000800056fa (0x408586bb) x13 0x0000000000000020
core   0: 0x00000000800056fe (0x01341b1b) slliw   s6, s0, 19
core   0: 1 0x00000000800056fe (0x01341b1b) x22 0xfffffffffff80000
core   0: 0x0000000080005702 (0x002095f3) csrrw   a1, frm, ra
core   0: 1 0x0000000080005702 (0x002095f3) x11 0x0000000000000000 c2_frm 0x0000000000000000
core   0: 0x0000000080005706 (0xc21a7cd3) fcvt.wu.d s9, fs4
core   0: 1 0x0000000080005706 (0xc21a7cd3) c1_fflags 0x000000000000001f x25 0xffffffffffffffff
core   0: 0x000000008000570a (0xd029f5d3) fcvt.s.l fa1, s3
core   0: 1 0x000000008000570a (0xd029f5d3) c1_fflags 0x000000000000001f f11 0xffffffff5f000000
core   0: 0x000000008000570e (0xd22b76d3) fcvt.d.l fa3, s6
core   0: 1 0x000000008000570e (0xd22b76d3) f13 0xc120000000000000
core   0: 0x0000000080005712 (0x5b7cfccf) fnmadd.d fs9, fs9, fs7, fa1
core   0: 1 0x0000000080005712 (0x5b7cfccf) f25 0x7ff8000000000000
core   0: 0x0000000080005716 (0x00239e73) csrrw   t3, frm, t2
core   0: 1 0x0000000080005716 (0x00239e73) x28 0x0000000000000000 c2_frm 0x0000000000000000
core   0: 0x000000008000571a (0x00e70233) add     tp, a4, a4
core   0: 1 0x000000008000571a (0x00e70233) x4  0x0000000000000004
core   0: 0x000000008000571e (0x4076dc9b) sraiw   s9, a3, 7
core   0: 1 0x000000008000571e (0x4076dc9b) x25 0x0000000000000000
core   0: 0x0000000080005722 (0x40f6d093) srai    ra, a3, 15
core   0: 1 0x0000000080005722 (0x40f6d093) x1  0x0000000000000000
core   0: 0x0000000080005726 (0xc027f753) fcvt.l.s a4, fa5
core   0: 1 0x0000000080005726 (0xc027f753) c1_fflags 0x000000000000001f x14 0x7fffffffffffffff
core   0: 0x000000008000572a (0x0000110a) c.slli  sp, 34
core   0: 1 0x000000008000572a (0x110a) x2  0x0001410c00000000
core   0: 0x000000008000572c (0xf984f5b7) lui     a1, 0xf984f
core   0: 1 0x000000008000572c (0xf984f5b7) x11 0xfffffffff984f000
core   0: 0x0000000080005730 (0x2ad5859b) addiw   a1, a1, 685
core   0: 1 0x0000000080005730 (0x2ad5859b) x11 0xfffffffff984f2ad
core   0: 0x0000000080005734 (0x000005b2) c.slli  a1, 12
core   0: 1 0x0000000080005734 (0x05b2) x11 0xffffff984f2ad000
core   0: 0x0000000080005736 (0x3b158593) addi    a1, a1, 945
core   0: 1 0x0000000080005736 (0x3b158593) x11 0xffffff984f2ad3b1
core   0: 0x000000008000573a (0x007ba633) slt     a2, s7, t2
core   0: 1 0x000000008000573a (0x007ba633) x12 0x0000000000000000
core   0: 0x000000008000573e (0xd23bf353) fcvt.d.lu ft6, s7
core   0: 1 0x000000008000573e (0xd23bf353) f6  0x0000000000000000
core   0: 0x0000000080005742 (0x0103973b) sllw    a4, t2, a6
core   0: 1 0x0000000080005742 (0x0103973b) x14 0x0000000000000000
core   0: 0x0000000080005746 (0x140398f3) csrrw   a7, sscratch, t2
core   0: 1 0x0000000080005746 (0x140398f3) x17 0x0000000000000000 c320_sscratch 0x0000000000000000
core   0: 0x000000008000574a (0x0394f7d3) fadd.d  fa5, fs1, fs9
core   0: 1 0x000000008000574a (0x0394f7d3) f15 0x7ff8000000000000
core   0: 0x000000008000574e (0xf13c31f3) csrrc   gp, mimpid, s8
core   0: exception trap_illegal_instruction, epc 0x000000008000574e
core   0:           tval 0x00000000f13c31f3
core   0: >>>>  $xrv64i2p1_m2p0_a2p1_f2p2_d2p2_zicsr2p0_zifencei2p0_zmmul1p0_zba1p0_zbb1p0_zbc1p0_zbs1p0
core   0: 0x0000000080004000 (0x0080006f) j       pc + 0x8
core   0: 3 0x0000000080004000 (0x0080006f)
core   0: >>>>  mmode_exception_handler
core   0: 0x0000000080004008 (0x00002c17) auipc   s8, 0x2
core   0: 3 0x0000000080004008 (0x00002c17) x24 0x0000000080006008
core   0: 0x000000008000400c (0x09ac0c13) addi    s8, s8, 154
core   0: 3 0x000000008000400c (0x09ac0c13) x24 0x00000000800060a2
core   0: 0x0000000080004010 (0x000c00e7) jalr    s8
core   0: 3 0x0000000080004010 (0x000c00e7) x1  0x0000000080004014
core   0: >>>>  any_handler
core   0: 0x00000000800060a2 (0x341027f3) csrrs   a5, mepc, zero
core   0: 3 0x00000000800060a2 (0x341027f3) x15 0x000000008000574e
core   0: 0x00000000800060a6 (0x34202773) csrrs   a4, mcause, zero
core   0: 3 0x00000000800060a6 (0x34202773) x14 0x0000000000000002
core   0: 0x00000000800060aa (0x142026f3) csrrs   a3, scause, zero
core   0: 3 0x00000000800060aa (0x142026f3) x13 0x0000000000000000
core   0: 0x00000000800060ae (0x30402673) csrrs   a2, mie, zero
core   0: 3 0x00000000800060ae (0x30402673) x12 0x0000000000000a00
core   0: 0x00000000800060b2 (0x344025f3) csrrs   a1, mip, zero
core   0: 3 0x00000000800060b2 (0x344025f3) x11 0x0000000000000080
core   0: 0x00000000800060b6 (0x343025f3) csrrs   a1, mtval, zero
core   0: 3 0x00000000800060b6 (0x343025f3) x11 0x00000000f13c31f3
core   0: 0x00000000800060ba (0x14302573) csrrs   a0, stval, zero
core   0: 3 0x00000000800060ba (0x14302573) x10 0x0000000000000000
core   0: 0x00000000800060be (0xb02024f3) csrrs   s1, minstret, zero
core   0: 3 0x00000000800060be (0xb02024f3) x9  0x000000000000105d
core   0: 0x00000000800060c2 (0x0000a811) c.j     pc + 20
core   0: 3 0x00000000800060c2 (0xa811)
core   0: >>>>  mepc_4
core   0: 0x00000000800060d6 (0x00000791) c.addi  a5, 4
core   0: 3 0x00000000800060d6 (0x0791) x15 0x0000000080005752
core   0: 0x00000000800060d8 (0x34179073) csrrw   zero, mepc, a5
core   0: 3 0x00000000800060d8 (0x34179073) c833_mepc 0x0000000080005752
core   0: 0x00000000800060dc (0x30200073) mret
core   0: 3 0x00000000800060dc (0x30200073) c768_mstatus 0x8000000a00106080
core   0: 0x0000000080005752 (0xc037fc53) fcvt.lu.s s8, fa5
core   0: 1 0x0000000080005752 (0xc037fc53) c1_fflags 0x000000000000001f x24 0xffffffffffffffff
core   0: 0x0000000080005756 (0x0268d33b) divuw   t1, a7, t1
core   0: 1 0x0000000080005756 (0x0268d33b) x6  0xffffffffffffffff
core   0: 0x000000008000575a (0xc227f653) fcvt.l.d a2, fa5
core   0: 1 0x000000008000575a (0xc227f653) c1_fflags 0x000000000000001f x12 0x7fffffffffffffff
core   0: 0x000000008000575e (0x41830b3b) subw    s6, t1, s8
core   0: 1 0x000000008000575e (0x41830b3b) x22 0x0000000000000000
core   0: 0x0000000080005762 (0x027c4533) div     a0, s8, t2
core   0: 1 0x0000000080005762 (0x027c4533) x10 0xffffffffffffffff
core   0: 0x0000000080005766 (0x00a51433) sll     s0, a0, a0
core   0: 1 0x0000000080005766 (0x00a51433) x8  0x8000000000000000
core   0: 0x000000008000576a (0x002462b3) or      t0, s0, sp
core   0: 1 0x000000008000576a (0x002462b3) x5  0x8001410c00000000
core   0: 0x000000008000576e (0x033d853b) mulw    a0, s11, s3
core   0: 1 0x000000008000576e (0x033d853b) x10 0xffffffffffffff07
core   0: 0x0000000080005772 (0x5a0e7bd3) fsqrt.d fs7, ft8
core   0: 1 0x0000000080005772 (0x5a0e7bd3) c1_fflags 0x000000000000001f f23 0x40e6baff682221a7
core   0: 0x0000000080005776 (0x00abedb3) or      s11, s7, a0
core   0: 1 0x0000000080005776 (0x00abedb3) x27 0xffffffffffffff07
core   0: 0x000000008000577a (0xd22571d3) fcvt.d.l ft3, a0
core   0: 1 0x000000008000577a (0xd22571d3) f3  0xc06f200000000000
core   0: 0x000000008000577e (0x2aac9753) fmax.d  fa4, fs9, fa0
core   0: 1 0x000000008000577e (0x2aac9753) f14 0x7ff8000000000000
core   0: 0x0000000080005782 (0x00ee9933) sll     s2, t4, a4
core   0: 1 0x0000000080005782 (0x00ee9933) x18 0x7ffffffffffffffc
core   0: 0x0000000080005786 (0x12eb76d3) fmul.d  fa3, fs6, fa4
core   0: 1 0x0000000080005786 (0x12eb76d3) f13 0x7ff8000000000000
core   0: 0x000000008000578a (0x42068453) fcvt.d.s fs0, fa3
core   0: 1 0x000000008000578a (0x42068453) f8  0x7ff8000000000000
core   0: 0x000000008000578e (0x02e744bb) divw    s1, a4, a4
core   0: 1 0x000000008000578e (0x02e744bb) x9  0x0000000000000001
core   0: 0x0000000080005792 (0x1aba7a53) fdiv.d  fs4, fs4, fa1
core   0: 1 0x0000000080005792 (0x1aba7a53) f20 0x7ff8000000000000
core   0: 0x0000000080005796 (0x409406b3) sub     a3, s0, s1
core   0: 1 0x0000000080005796 (0x409406b3) x13 0x7fffffffffffffff
core   0: 0x000000008000579a (0x01989d9b) slliw   s11, a7, 25
core   0: 1 0x000000008000579a (0x01989d9b) x27 0x0000000000000000
core   0: 0x000000008000579e (0x4198dcbb) sraw    s9, a7, s9
core   0: 1 0x000000008000579e (0x4198dcbb) x25 0x0000000000000000
core   0: 0x00000000800057a2 (0x5a027dd3) fsqrt.d fs11, ft4
core   0: 1 0x00000000800057a2 (0x5a027dd3) f27 0x7ff8000000000000
core   0: 0x00000000800057a6 (0x019a1a33) sll     s4, s4, s9
core   0: 1 0x00000000800057a6 (0x019a1a33) x20 0x0000000000000000
core   0: 0x00000000800057aa (0xcfee0a93) addi    s5, t3, -770
core   0: 1 0x00000000800057aa (0xcfee0a93) x21 0xfffffffffffffcfe
core   0: 0x00000000800057ae (0x1a0efbd3) fdiv.d  fs7, ft9, ft0
core   0: 1 0x00000000800057ae (0x1a0efbd3) f23 0x7ff8000000000000
core   0: 0x00000000800057b2 (0x039ad6b3) divu    a3, s5, s9
core   0: 1 0x00000000800057b2 (0x039ad6b3) x13 0xffffffffffffffff
core   0: 0x00000000800057b6 (0x02db88bb) mulw    a7, s7, a3
core   0: 1 0x00000000800057b6 (0x02db88bb) x17 0x0000000000000000
core   0: 0x00000000800057ba (0x00fb47b3) xor     a5, s6, a5
core   0: 1 0x00000000800057ba (0x00fb47b3) x15 0x0000000080005752
core   0: 0x00000000800057be (0x0087c4b3) xor     s1, a5, s0
core   0: 1 0x00000000800057be (0x0087c4b3) x9  0x8000000080005752
core   0: 0x00000000800057c2 (0x413109b3) sub     s3, sp, s3
core   0: 1 0x00000000800057c2 (0x413109b3) x19 0x8001410c00000001
core   0: 0x00000000800057c6 (0x00000001) c.nop
core   0: 1 0x00000000800057c6 (0x0001)
core   0: 0x00000000800057c8 (0x40127153) fcvt.s.d ft2, ft4
core   0: 1 0x00000000800057c8 (0x40127153) f2  0xffffffff7fc00000
core   0: 0x00000000800057cc (0x01cd9813) slli    a6, s11, 28
core   0: 1 0x00000000800057cc (0x01cd9813) x16 0x0000000000000000
core   0: 0x00000000800057d0 (0xc03a72d3) fcvt.lu.s t0, fs4
core   0: 1 0x00000000800057d0 (0xc03a72d3) c1_fflags 0x000000000000001f x5  0xffffffffffffffff
core   0: 0x00000000800057d4 (0x0042f633) and     a2, t0, tp
core   0: 1 0x00000000800057d4 (0x0042f633) x12 0x0000000000000004
core   0: 0x00000000800057d8 (0xc22bf053) fcvt.l.d zero, fs7
core   0: 1 0x00000000800057d8 (0xc22bf053) c1_fflags 0x000000000000001f
core   0: 0x00000000800057dc (0xd21407d3) fcvt.d.wu fa5, s0
core   0: 1 0x00000000800057dc (0xd21407d3) f15 0x0000000000000000
core   0: 0x00000000800057e0 (0xc029fad3) fcvt.l.s s5, fs3
core   0: 1 0x00000000800057e0 (0xc029fad3) c1_fflags 0x000000000000001f x21 0x7fffffffffffffff
core   0: 0x00000000800057e4 (0x0afb73d3) fsub.d  ft7, fs6, fa5
core   0: 1 0x00000000800057e4 (0x0afb73d3) f7  0x7ff8000000000000
core   0: 0x00000000800057e8 (0xc207f3d3) fcvt.w.d t2, fa5
core   0: 1 0x00000000800057e8 (0xc207f3d3) x7  0x0000000000000000
core   0: 0x00000000800057ec (0xd03c7d53) fcvt.s.lu fs10, s8
core   0: 1 0x00000000800057ec (0xd03c7d53) c1_fflags 0x000000000000001f f26 0xffffffff5f800000
core   0: 0x00000000800057f0 (0x00102873) csrrs   a6, fflags, zero
core   0: 1 0x00000000800057f0 (0x00102873) x16 0x000000000000001f
core   0: 0x00000000800057f4 (0xc20ff553) fcvt.w.d a0, ft11
core   0: 1 0x00000000800057f4 (0xc20ff553) c1_fflags 0x000000000000001f x10 0x000000007fffffff
core   0: 0x00000000800057f8 (0xf2080f53) fmv.d.x ft10, a6
core   0: 1 0x00000000800057f8 (0xf2080f53) f30 0x000000000000001f
core   0: 0x00000000800057fc (0x2a5712d3) fmax.d  ft5, fa4, ft5
core   0: 1 0x00000000800057fc (0x2a5712d3) f5  0xc2585fd06016c000
core   0: 0x0000000080005800 (0x019dac33) slt     s8, s11, s9
core   0: 1 0x0000000080005800 (0x019dac33) x24 0x0000000000000000
core   0: 0x0000000080005804 (0x0190c0b3) xor     ra, ra, s9
core   0: 1 0x0000000080005804 (0x0190c0b3) x1  0x0000000080004014
core   0: 0x0000000080005808 (0x0b727bd3) fsub.d  fs7, ft4, fs7
core   0: 1 0x0000000080005808 (0x0b727bd3) f23 0x7ff8000000000000
core   0: 0x000000008000580c (0x00202773) csrrs   a4, frm, zero
core   0: 1 0x000000008000580c (0x00202773) x14 0x0000000000000000
core   0: 0x0000000080005810 (0x00171d3b) sllw    s10, a4, ra
core   0: 1 0x0000000080005810 (0x00171d3b) x26 0x0000000000000000
core   0: 0x0000000080005814 (0xc2157cd3) fcvt.wu.d s9, fa0
core   0: 1 0x0000000080005814 (0xc2157cd3) c1_fflags 0x000000000000001f x25 0xffffffffffffffff
core   0: 0x0000000080005818 (0xd222fb53) fcvt.d.l fs6, t0
core   0: 1 0x0000000080005818 (0xd222fb53) f22 0xbff0000000000000
core   0: 0x000000008000581c (0x0000046a) c.slli  s0, 26
core   0: 1 0x000000008000581c (0x046a) x8  0x0000000000000000
core   0: 0x000000008000581e (0x002d9573) csrrw   a0, frm, s11
core   0: 1 0x000000008000581e (0x002d9573) x10 0x0000000000000000 c2_frm 0x0000000000000000
core   0: 0x0000000080005822 (0x0e878713) addi    a4, a5, 232
core   0: 1 0x0000000080005822 (0x0e878713) x14 0x000000008000583a
core   0: 0x0000000080005826 (0x414705b3) sub     a1, a4, s4
core   0: 1 0x0000000080005826 (0x414705b3) x11 0x000000008000583a
core   0: 0x000000008000582a (0x401cda1b) sraiw   s4, s9, 1
core   0: 1 0x000000008000582a (0x401cda1b) x20 0xffffffffffffffff
core   0: 0x000000008000582e (0x003a013b) addw    sp, s4, gp
core   0: 1 0x000000008000582e (0x003a013b) x2  0xffffffffffffffff
core   0: 0x0000000080005832 (0x41080e3b) subw    t3, a6, a6
core   0: 1 0x0000000080005832 (0x41080e3b) x28 0x0000000000000000
core   0: 0x0000000080005836 (0xaa887447) fmsub.d fs0, fa6, fs0, fs5
core   0: 1 0x0000000080005836 (0xaa887447) f8  0x7ff8000000000000
core   0: 0x000000008000583a (0x01c6d6b3) srl     a3, a3, t3
core   0: 1 0x000000008000583a (0x01c6d6b3) x13 0xffffffffffffffff
core   0: 0x000000008000583e (0x02ded2bb) divuw   t0, t4, a3
core   0: 1 0x000000008000583e (0x02ded2bb) x5  0x0000000000000001
core   0: 0x0000000080005842 (0x0031fa33) and     s4, gp, gp
core   0: 1 0x0000000080005842 (0x0031fa33) x20 0x0000000000000000
core   0: 0x0000000080005846 (0x00871413) slli    s0, a4, 8
core   0: 1 0x0000000080005846 (0x00871413) x8  0x0000008000583a00
core   0: 0x000000008000584a (0x014b05b3) add     a1, s6, s4
core   0: 1 0x000000008000584a (0x014b05b3) x11 0x0000000000000000
core   0: 0x000000008000584e (0xbe064d13) xori    s10, a2, -1056
core   0: 1 0x000000008000584e (0xbe064d13) x26 0xfffffffffffffbe4
core   0: 0x0000000080005852 (0xc215f553) fcvt.wu.d a0, fa1
core   0: 1 0x0000000080005852 (0xc215f553) c1_fflags 0x000000000000001f x10 0xffffffffffffffff
core   0: 0x0000000080005856 (0xd2367d53) fcvt.d.lu fs10, a2
core   0: 1 0x0000000080005856 (0xd2367d53) f26 0x4010000000000000
core   0: 0x000000008000585a (0xd033fdd3) fcvt.s.lu fs11, t2
core   0: 1 0x000000008000585a (0xd033fdd3) f27 0xffffffff00000000
core   0: 0x000000008000585e (0x4073d01b) sraiw   zero, t2, 7
core   0: 1 0x000000008000585e (0x4073d01b)
core   0: 0x0000000080005862 (0x6c7ce413) ori     s0, s9, 1735
core   0: 1 0x0000000080005862 (0x6c7ce413) x8  0xffffffffffffffff
core   0: 0x0000000080005866 (0x1b4c7c53) fdiv.d  fs8, fs8, fs4
core   0: 1 0x0000000080005866 (0x1b4c7c53) f24 0x7ff8000000000000
core   0: 0x000000008000586a (0x2334a353) fsgnjx.d ft6, fs1, fs3
core   0: 1 0x000000008000586a (0x2334a353) f6  0x7ff8000000000000
core   0: 0x000000008000586e (0x43fbdc93) srai    s9, s7, 63
core   0: 1 0x000000008000586e (0x43fbdc93) x25 0x0000000000000000
core   0: 0x0000000080005872 (0x40f58c33) sub     s8, a1, a5
core   0: 1 0x0000000080005872 (0x40f58c33) x24 0xffffffff7fffa8ae
core   0: 0x0000000080005876 (0x800d7013) andi    zero, s10, -2048
core   0: 1 0x0000000080005876 (0x800d7013)
core   0: 0x000000008000587a (0x00cd581b) srliw   a6, s10, 12
core   0: 1 0x000000008000587a (0x00cd581b) x16 0x00000000000fffff
core   0: 0x000000008000587e (0x01de923b) sllw    tp, t4, t4
core   0: 1 0x000000008000587e (0x01de923b) x4  0xffffffff80000000
core   0: 0x0000000080005882 (0x001b14f3) csrrw   s1, fflags, s6
core   0: 1 0x0000000080005882 (0x001b14f3) x9  0x000000000000001f c1_fflags 0x0000000000000000
core   0: 0x0000000080005886 (0x03057bb3) remu    s7, a0, a6
core   0: 1 0x0000000080005886 (0x03057bb3) x23 0x000000000000000f
core   0: 0x000000008000588a (0x3389fac3) fmadd.d fs5, fs3, fs8, ft6
core   0: 1 0x000000008000588a (0x3389fac3) f21 0x7ff8000000000000
core   0: 0x000000008000588e (0xe20a84d3) fmv.x.d s1, fs5
core   0: 1 0x000000008000588e (0xe20a84d3) x9  0x7ff8000000000000
core   0: 0x0000000080005892 (0xd23f7dcf) fnmadd.d fs11, ft10, ft3, fs10
core   0: 1 0x0000000080005892 (0xd23f7dcf) c1_fflags 0x0000000000000001 f27 0xc010000000000000
core   0: 0x0000000080005896 (0x883d001b) addiw   zero, s10, -1917
core   0: 1 0x0000000080005896 (0x883d001b)
core   0: 0x000000008000589a (0x4091863b) subw    a2, gp, s1
core   0: 1 0x000000008000589a (0x4091863b) x12 0x0000000000000000
core   0: 0x000000008000589e (0x01de5db3) srl     s11, t3, t4
core   0: 1 0x000000008000589e (0x01de5db3) x27 0x0000000000000000
core   0: 0x00000000800058a2 (0x137e7153) fmul.d  ft2, ft8, fs7
core   0: 1 0x00000000800058a2 (0x137e7153) f2  0x7ff8000000000000
core   0: 0x00000000800058a6 (0xbb30fd43) fmadd.d fs10, ft1, fs3, fs7
core   0: 1 0x00000000800058a6 (0xbb30fd43) f26 0x7ff8000000000000
core   0: 0x00000000800058aa (0x019c2cb3) slt     s9, s8, s9
core   0: 1 0x00000000800058aa (0x019c2cb3) x25 0x0000000000000001
core   0: 0x00000000800058ae (0x40025993) srai    s3, tp, 0
core   0: 1 0x00000000800058ae (0x40025993) x19 0xffffffff80000000
core   0: 0x00000000800058b2 (0x03da7a3b) remuw   s4, s4, t4
core   0: 1 0x00000000800058b2 (0x03da7a3b) x20 0x0000000000000000
core   0: 0x00000000800058b6 (0xd233f7d3) fcvt.d.lu fa5, t2
core   0: 1 0x00000000800058b6 (0xd233f7d3) f15 0x0000000000000000
core   0: 0x00000000800058ba (0x53430113) addi    sp, t1, 1332
core   0: 1 0x00000000800058ba (0x53430113) x2  0x0000000000000533
core   0: 0x00000000800058be (0x00041b9b) slliw   s7, s0, 0
core   0: 1 0x00000000800058be (0x00041b9b) x23 0xffffffffffffffff
core   0: 0x00000000800058c2 (0x0255f83b) remuw   a6, a1, t0
core   0: 1 0x00000000800058c2 (0x0255f83b) x16 0x0000000000000000
core   0: 0x00000000800058c6 (0x00475a13) srli    s4, a4, 4
core   0: 1 0x00000000800058c6 (0x00475a13) x20 0x0000000008000583
core   0: 0x00000000800058ca (0xd2180c53) fcvt.d.wu fs8, a6
core   0: 1 0x00000000800058ca (0xd2180c53) f24 0x0000000000000000
core   0: 0x00000000800058ce (0xc2227dd3) fcvt.l.d s11, ft4
core   0: 1 0x00000000800058ce (0xc2227dd3) c1_fflags 0x0000000000000011 x27 0x7fffffffffffffff
core   0: 0x00000000800058d2 (0x4002561b) sraiw   a2, tp, 0
core   0: 1 0x00000000800058d2 (0x4002561b) x12 0xffffffff80000000
core   0: 0x00000000800058d6 (0x00c80ab3) add     s5, a6, a2
core   0: 1 0x00000000800058d6 (0x00c80ab3) x21 0xffffffff80000000
core   0: 0x00000000800058da (0x03c355bb) divuw   a1, t1, t3
core   0: 1 0x00000000800058da (0x03c355bb) x11 0xffffffffffffffff
core   0: 0x00000000800058de (0x023bd233) divu    tp, s7, gp
core   0: 1 0x00000000800058de (0x023bd233) x4  0xffffffffffffffff
core   0: 0x00000000800058e2 (0x02471bb3) mulh    s7, a4, tp
core   0: 1 0x00000000800058e2 (0x02471bb3) x23 0xffffffffffffffff
core   0: 0x00000000800058e6 (0x22319653) fsgnjn.d fa2, ft3, ft3
core   0: 1 0x00000000800058e6 (0x22319653) f12 0x406f200000000000
core   0: 0x00000000800058ea (0xc02efc53) fcvt.l.s s8, ft9
core   0: 1 0x00000000800058ea (0xc02efc53) c1_fflags 0x0000000000000011 x24 0x7fffffffffffffff
core   0: 0x00000000800058ee (0x00f7813b) addw    sp, a5, a5
core   0: 1 0x00000000800058ee (0x00f7813b) x2  0x000000000000aea4
core   0: 0x00000000800058f2 (0xc03c79d3) fcvt.lu.s s3, fs8
core   0: 1 0x00000000800058f2 (0xc03c79d3) c1_fflags 0x0000000000000011 x19 0xffffffffffffffff
core   0: 0x00000000800058f6 (0x4009d993) srai    s3, s3, 0
core   0: 1 0x00000000800058f6 (0x4009d993) x19 0xffffffffffffffff
core   0: 0x00000000800058fa (0x001e191b) slliw   s2, t3, 1
core   0: 1 0x00000000800058fa (0x001e191b) x18 0x0000000000000000
core   0: 0x00000000800058fe (0x01286db3) or      s11, a6, s2
core   0: 1 0x00000000800058fe (0x01286db3) x27 0x0000000000000000
core   0: 0x0000000080005902 (0xd2180353) fcvt.d.wu ft6, a6
core   0: 1 0x0000000080005902 (0xd2180353) f6  0x0000000000000000
core   0: 0x0000000080005906 (0x02c67953) fadd.d  fs2, fa2, fa2
core   0: 1 0x0000000080005906 (0x02c67953) f18 0x407f200000000000
core   0: 0x000000008000590a (0x030e0833) mul     a6, t3, a6
core   0: 1 0x000000008000590a (0x030e0833) x16 0x0000000000000000
core   0: 0x000000008000590e (0x0006123b) sllw    tp, a2, zero
core   0: 1 0x000000008000590e (0x0006123b) x4  0xffffffff80000000
core   0: 0x0000000080005912 (0xbb3974cf) fnmadd.d fs1, fs2, fs3, fs7
core   0: 1 0x0000000080005912 (0xbb3974cf) f9  0x7ff8000000000000
core   0: 0x0000000080005916 (0x420907d3) fcvt.d.s fa5, fs2
core   0: 1 0x0000000080005916 (0x420907d3) f15 0x7ff8000000000000
core   0: 0x000000008000591a (0x401cfdd3) fcvt.s.d fs11, fs9
core   0: 1 0x000000008000591a (0x401cfdd3) f27 0xffffffff7fc00000
core   0: 0x000000008000591e (0x1235f653) fmul.d  fa2, fa1, ft3
core   0: 1 0x000000008000591e (0x1235f653) f12 0x7ff8000000000000
core   0: 0x0000000080005922 (0x1bd57ad3) fdiv.d  fs5, fa0, ft9
core   0: 1 0x0000000080005922 (0x1bd57ad3) f21 0x7ff8000000000000
core   0: 0x0000000080005926 (0xd028f353) fcvt.s.l ft6, a7
core   0: 1 0x0000000080005926 (0xd028f353) f6  0xffffffff00000000
core   0: 0x000000008000592a (0x1ae77553) fdiv.d  fa0, fa4, fa4
core   0: 1 0x000000008000592a (0x1ae77553) f10 0x7ff8000000000000
core   0: 0x000000008000592e (0x0b597ad3) fsub.d  fs5, fs2, fs5
core   0: 1 0x000000008000592e (0x0b597ad3) f21 0x7ff8000000000000
core   0: 0x0000000080005932 (0xa2b90bd3) fle.d   s7, fs2, fa1
core   0: 1 0x0000000080005932 (0xa2b90bd3) c1_fflags 0x0000000000000011 x23 0x0000000000000000
core   0: 0x0000000080005936 (0xd03bfb53) fcvt.s.lu fs6, s7
core   0: 1 0x0000000080005936 (0xd03bfb53) f22 0xffffffff00000000
core   0: 0x000000008000593a (0x00229e9b) slliw   t4, t0, 2
core   0: 1 0x000000008000593a (0x00229e9b) x29 0x0000000000000004
core   0: 0x000000008000593e (0xa3170253) fle.d   tp, fa4, fa7
core   0: 1 0x000000008000593e (0xa3170253) c1_fflags 0x0000000000000011 x4  0x0000000000000000
core   0: 0x0000000080005942 (0x41fedb1b) sraiw   s6, t4, 31
core   0: 1 0x0000000080005942 (0x41fedb1b) x22 0x0000000000000000
core   0: 0x0000000080005946 (0x00027593) andi    a1, tp, 0
core   0: 1 0x0000000080005946 (0x00027593) x11 0x0000000000000000
core   0: 0x000000008000594a (0x2a3191d3) fmax.d  ft3, ft3, ft3
core   0: 1 0x000000008000594a (0x2a3191d3) f3  0xc06f200000000000
core   0: 0x000000008000594e (0x00b125b3) slt     a1, sp, a1
core   0: 1 0x000000008000594e (0x00b125b3) x11 0x0000000000000000
core   0: 0x0000000080005952 (0xd22ef253) fcvt.d.l ft4, t4
core   0: 1 0x0000000080005952 (0xd22ef253) f4  0x4010000000000000
core   0: 0x0000000080005956 (0x2b759bd3) fmax.d  fs7, fa1, fs7
core   0: 1 0x0000000080005956 (0x2b759bd3) f23 0x7ff8000000000000
core   0: 0x000000008000595a (0xd025fdd3) fcvt.s.l fs11, a1
core   0: 1 0x000000008000595a (0xd025fdd3) f27 0xffffffff00000000
core   0: 0x000000008000595e (0x03f59513) slli    a0, a1, 63
core   0: 1 0x000000008000595e (0x03f59513) x10 0x0000000000000000
core   0: 0x0000000080005962 (0x03257c53) fadd.d  fs8, fa0, fs2
core   0: 1 0x0000000080005962 (0x03257c53) f24 0x7ff8000000000000
core   0: 0x0000000080005966 (0x0010fab3) and     s5, ra, ra
core   0: 1 0x0000000080005966 (0x0010fab3) x21 0x0000000080004014
core   0: 0x000000008000596a (0xc2097153) fcvt.w.d sp, fs2
core   0: 1 0x000000008000596a (0xc2097153) x2  0x00000000000001f2
core   0: 0x000000008000596e (0x017a06b3) add     a3, s4, s7
core   0: 1 0x000000008000596e (0x017a06b3) x13 0x0000000008000583
core   0: 0x0000000080005972 (0x400d8db3) sub     s11, s11, zero
core   0: 1 0x0000000080005972 (0x400d8db3) x27 0x0000000000000000
core   0: 0x0000000080005976 (0x00000001) c.nop
core   0: 1 0x0000000080005976 (0x0001)
core   0: 0x0000000080005978 (0x0bbd74d3) fsub.d  fs1, fs10, fs11
core   0: 1 0x0000000080005978 (0x0bbd74d3) f9  0x7ff8000000000000
core   0: 0x000000008000597c (0x2286a253) fsgnjx.d ft4, fa3, fs0
core   0: 1 0x000000008000597c (0x2286a253) f4  0x7ff8000000000000
core   0: 0x0000000080005980 (0x0ff0000f) fence   iorw,iorw
core   0: 1 0x0000000080005980 (0x0ff0000f)
core   0: 0x0000000080005984 (0xd032f953) fcvt.s.lu fs2, t0
core   0: 1 0x0000000080005984 (0xd032f953) f18 0xffffffff3f800000
core   0: 0x0000000080005988 (0x00b710b3) sll     ra, a4, a1
core   0: 1 0x0000000080005988 (0x00b710b3) x1  0x000000008000583a
core   0: 0x000000008000598c (0x012b5abb) srlw    s5, s6, s2
core   0: 1 0x000000008000598c (0x012b5abb) x21 0x0000000000000000
core   0: 0x0000000080005990 (0x015c5c3b) srlw    s8, s8, s5
core   0: 1 0x0000000080005990 (0x015c5c3b) x24 0xffffffffffffffff
core   0: 0x0000000080005994 (0x00468333) add     t1, a3, tp
core   0: 1 0x0000000080005994 (0x00468333) x6  0x0000000008000583
core   0: 0x0000000080005998 (0x0313a633) mulhsu  a2, t2, a7
core   0: 1 0x0000000080005998 (0x0313a633) x12 0x0000000000000000
core   0: 0x000000008000599c (0x41ad0d3b) subw    s10, s10, s10
core   0: 1 0x000000008000599c (0x41ad0d3b) x26 0x0000000000000000
core   0: 0x00000000800059a0 (0xf2060353) fmv.d.x ft6, a2
core   0: 1 0x00000000800059a0 (0xf2060353) f6  0x0000000000000000
core   0: 0x00000000800059a4 (0x12777bd3) fmul.d  fs7, fa4, ft7
core   0: 1 0x00000000800059a4 (0x12777bd3) f23 0x7ff8000000000000
core   0: 0x00000000800059a8 (0x021686b3) mul     a3, a3, ra
core   0: 1 0x00000000800059a8 (0x021686b3) x13 0x0400058351e647ae
core   0: 0x00000000800059ac (0x02b376d3) fadd.d  fa3, ft6, fa1
core   0: 1 0x00000000800059ac (0x02b376d3) f13 0x7ff8000000000000
core   0: 0x00000000800059b0 (0x03bdebbb) remw    s7, s11, s11
core   0: 1 0x00000000800059b0 (0x03bdebbb) x23 0x0000000000000000
core   0: 0x00000000800059b4 (0x401bf0d3) fcvt.s.d ft1, fs7
core   0: 1 0x00000000800059b4 (0x401bf0d3) f1  0xffffffff7fc00000
core   0: 0x00000000800059b8 (0x4015f253) fcvt.s.d ft4, fa1
core   0: 1 0x00000000800059b8 (0x4015f253) f4  0xffffffff7fc00000
core   0: 0x00000000800059bc (0xe2008d53) fmv.x.d s10, ft1
core   0: 1 0x00000000800059bc (0xe2008d53) x26 0xffffffff7fc00000
core   0: 0x00000000800059c0 (0x4016fc53) fcvt.s.d fs8, fa3
core   0: 1 0x00000000800059c0 (0x4016fc53) f24 0xffffffff7fc00000
core   0: 0x00000000800059c4 (0x401e7753) fcvt.s.d fa4, ft8
core   0: 1 0x00000000800059c4 (0x401e7753) c1_fflags 0x0000000000000011 f14 0xffffffff4f012b20
core   0: 0x00000000800059c8 (0x40f4033b) subw    t1, s0, a5
core   0: 1 0x00000000800059c8 (0x40f4033b) x6  0x000000007fffa8ad
core   0: 0x00000000800059cc (0xd22479d3) fcvt.d.l fs3, s0
core   0: 1 0x00000000800059cc (0xd22479d3) f19 0xbff0000000000000
core   0: 0x00000000800059d0 (0x0277403b) divw    zero, a4, t2
core   0: 1 0x00000000800059d0 (0x0277403b)
core   0: 0x00000000800059d4 (0xa29709d3) fle.d   s3, fa4, fs1
core   0: 1 0x00000000800059d4 (0xa29709d3) c1_fflags 0x0000000000000011 x19 0x0000000000000000
core   0: 0x00000000800059d8 (0x342323f3) csrrs   t2, mcause, t1
core   0: exception trap_illegal_instruction, epc 0x00000000800059d8
core   0:           tval 0x00000000342323f3
core   0: >>>>  $xrv64i2p1_m2p0_a2p1_f2p2_d2p2_zicsr2p0_zifencei2p0_zmmul1p0_zba1p0_zbb1p0_zbc1p0_zbs1p0
core   0: 0x0000000080004000 (0x0080006f) j       pc + 0x8
core   0: 3 0x0000000080004000 (0x0080006f)
core   0: >>>>  mmode_exception_handler
core   0: 0x0000000080004008 (0x00002c17) auipc   s8, 0x2
core   0: 3 0x0000000080004008 (0x00002c17) x24 0x0000000080006008
core   0: 0x000000008000400c (0x09ac0c13) addi    s8, s8, 154
core   0: 3 0x000000008000400c (0x09ac0c13) x24 0x00000000800060a2
core   0: 0x0000000080004010 (0x000c00e7) jalr    s8
core   0: 3 0x0000000080004010 (0x000c00e7) x1  0x0000000080004014
core   0: >>>>  any_handler
core   0: 0x00000000800060a2 (0x341027f3) csrrs   a5, mepc, zero
core   0: 3 0x00000000800060a2 (0x341027f3) x15 0x00000000800059d8
core   0: 0x00000000800060a6 (0x34202773) csrrs   a4, mcause, zero
core   0: 3 0x00000000800060a6 (0x34202773) x14 0x0000000000000002
core   0: 0x00000000800060aa (0x142026f3) csrrs   a3, scause, zero
core   0: 3 0x00000000800060aa (0x142026f3) x13 0x0000000000000000
core   0: 0x00000000800060ae (0x30402673) csrrs   a2, mie, zero
core   0: 3 0x00000000800060ae (0x30402673) x12 0x0000000000000a00
core   0: 0x00000000800060b2 (0x344025f3) csrrs   a1, mip, zero
core   0: 3 0x00000000800060b2 (0x344025f3) x11 0x0000000000000080
core   0: 0x00000000800060b6 (0x343025f3) csrrs   a1, mtval, zero
core   0: 3 0x00000000800060b6 (0x343025f3) x11 0x00000000342323f3
core   0: 0x00000000800060ba (0x14302573) csrrs   a0, stval, zero
core   0: 3 0x00000000800060ba (0x14302573) x10 0x0000000000000000
core   0: 0x00000000800060be (0xb02024f3) csrrs   s1, minstret, zero
core   0: 3 0x00000000800060be (0xb02024f3) x9  0x0000000000001110
core   0: 0x00000000800060c2 (0x0000a811) c.j     pc + 20
core   0: 3 0x00000000800060c2 (0xa811)
core   0: >>>>  mepc_4
core   0: 0x00000000800060d6 (0x00000791) c.addi  a5, 4
core   0: 3 0x00000000800060d6 (0x0791) x15 0x00000000800059dc
core   0: 0x00000000800060d8 (0x34179073) csrrw   zero, mepc, a5
core   0: 3 0x00000000800060d8 (0x34179073) c833_mepc 0x00000000800059dc
core   0: 0x00000000800060dc (0x30200073) mret
core   0: 3 0x00000000800060dc (0x30200073) c768_mstatus 0x8000000a00106080
core   0: 0x00000000800059dc (0xc2177053) fcvt.wu.d zero, fa4
core   0: 1 0x00000000800059dc (0xc2177053) c1_fflags 0x0000000000000011
core   0: 0x00000000800059e0 (0x0210d73b) divuw   a4, ra, ra
core   0: 1 0x00000000800059e0 (0x0210d73b) x14 0x0000000000000001
core   0: 0x00000000800059e4 (0x0ff0000f) fence   iorw,iorw
core   0: 1 0x00000000800059e4 (0x0ff0000f)
core   0: 0x00000000800059e8 (0x23dd8dd3) fsgnj.d fs11, fs11, ft9
core   0: 1 0x00000000800059e8 (0x23dd8dd3) f27 0x7fffffff00000000
core   0: 0x00000000800059ec (0x0017dc9b) srliw   s9, a5, 1
core   0: 1 0x00000000800059ec (0x0017dc9b) x25 0x0000000040002cee
core   0: 0x00000000800059f0 (0x016b1b33) sll     s6, s6, s6
core   0: 1 0x00000000800059f0 (0x016b1b33) x22 0x0000000000000000
core   0: 0x00000000800059f4 (0x037a0bbb) mulw    s7, s4, s7
core   0: 1 0x00000000800059f4 (0x037a0bbb) x23 0x0000000000000000
core   0: 0x00000000800059f8 (0xc23ef853) fcvt.lu.d a6, ft9
core   0: 1 0x00000000800059f8 (0xc23ef853) c1_fflags 0x0000000000000011 x16 0xffffffffffffffff
core   0: 0x00000000800059fc (0x1bd674d3) fdiv.d  fs1, fa2, ft9
core   0: 1 0x00000000800059fc (0x1bd674d3) f9  0x7ff8000000000000
core   0: 0x0000000080005a00 (0x02f18cb3) mul     s9, gp, a5
core   0: 1 0x0000000080005a00 (0x02f18cb3) x25 0x0000000000000000
core   0: 0x0000000080005a04 (0xd20e8b53) fcvt.d.w fs6, t4
core   0: 1 0x0000000080005a04 (0xd20e8b53) f22 0x4010000000000000
core   0: 0x0000000080005a08 (0x40e9591b) sraiw   s2, s2, 14
core   0: 1 0x0000000080005a08 (0x40e9591b) x18 0x0000000000000000
core   0: 0x0000000080005a0c (0xebd8f7c3) fmadd.d fa5, fa7, ft9, ft9
core   0: 1 0x0000000080005a0c (0xebd8f7c3) f15 0x7ff8000000000000
core   0: 0x0000000080005a10 (0x018da8b3) slt     a7, s11, s8
core   0: 1 0x0000000080005a10 (0x018da8b3) x17 0x0000000000000001
core   0: 0x0000000080005a14 (0x42010f53) fcvt.d.s ft10, ft2
core   0: 1 0x0000000080005a14 (0x42010f53) f30 0x7ff8000000000000
core   0: 0x0000000080005a18 (0x00202473) csrrs   s0, frm, zero
core   0: 1 0x0000000080005a18 (0x00202473) x8  0x0000000000000000
core   0: 0x0000000080005a1c (0x0172111b) slliw   sp, tp, 23
core   0: 1 0x0000000080005a1c (0x0172111b) x2  0x0000000000000000
core   0: 0x0000000080005a20 (0x40fdda33) sra     s4, s11, a5
core   0: 1 0x0000000080005a20 (0x40fdda33) x20 0x0000000000000000
core   0: 0x0000000080005a24 (0x224dfb47) fmsub.d fs6, fs11, ft4, ft4
core   0: 1 0x0000000080005a24 (0x224dfb47) f22 0x7ff8000000000000
core   0: 0x0000000080005a28 (0xdfb29897) auipc   a7, 0xdfb29
core   0: 1 0x0000000080005a28 (0xdfb29897) x17 0x000000005fb2ea28
core   0: 0x0000000080005a2c (0x03d0ceb3) div     t4, ra, t4
core   0: 1 0x0000000080005a2c (0x03d0ceb3) x29 0x0000000020001005
core   0: 0x0000000080005a30 (0xb2eaf4cf) fnmadd.d fs1, fs5, fa4, fs6
core   0: 1 0x0000000080005a30 (0xb2eaf4cf) f9  0x7ff8000000000000
core   0: 0x0000000080005a34 (0x4060539b) sraiw   t2, zero, 6
core   0: 1 0x0000000080005a34 (0x4060539b) x7  0x0000000000000000
core   0: 0x0000000080005a38 (0x01b2fbb3) and     s7, t0, s11
core   0: 1 0x0000000080005a38 (0x01b2fbb3) x23 0x0000000000000000
core   0: 0x0000000080005a3c (0x03e4fc53) fadd.d  fs8, fs1, ft10
core   0: 1 0x0000000080005a3c (0x03e4fc53) f24 0x7ff8000000000000
core   0: 0x0000000080005a40 (0x00000001) c.nop
core   0: 1 0x0000000080005a40 (0x0001)
core   0: 0x0000000080005a42 (0x000bdb33) srl     s6, s7, zero
core   0: 1 0x0000000080005a42 (0x000bdb33) x22 0x0000000000000000
core   0: 0x0000000080005a46 (0x0013989b) slliw   a7, t2, 1
core   0: 1 0x0000000080005a46 (0x0013989b) x17 0x0000000000000000
core   0: 0x0000000080005a4a (0x66730613) addi    a2, t1, 1639
core   0: 1 0x0000000080005a4a (0x66730613) x12 0x000000007fffaf14
core   0: 0x0000000080005a4e (0x01425933) srl     s2, tp, s4
core   0: 1 0x0000000080005a4e (0x01425933) x18 0x0000000000000000
core   0: 0x0000000080005a52 (0xd02a7553) fcvt.s.l fa0, s4
core   0: 1 0x0000000080005a52 (0xd02a7553) f10 0xffffffff00000000
core   0: 0x0000000080005a56 (0x22dd1bd3) fsgnjn.d fs7, fs10, fa3
core   0: 1 0x0000000080005a56 (0x22dd1bd3) f23 0xfff8000000000000
core   0: 0x0000000080005a5a (0x141a6d13) ori     s10, s4, 321
core   0: 1 0x0000000080005a5a (0x141a6d13) x26 0x0000000000000141
core   0: 0x0000000080005a5e (0x4000591b) sraiw   s2, zero, 0
core   0: 1 0x0000000080005a5e (0x4000591b) x18 0x0000000000000000
core   0: 0x0000000080005a62 (0x401e5093) srai    ra, t3, 1
core   0: 1 0x0000000080005a62 (0x401e5093) x1  0x0000000000000000
core   0: 0x0000000080005a66 (0x01d66633) or      a2, a2, t4
core   0: 1 0x0000000080005a66 (0x01d66633) x12 0x000000007fffbf15
core   0: 0x0000000080005a6a (0x0ff0000f) fence   iorw,iorw
core   0: 1 0x0000000080005a6a (0x0ff0000f)
core   0: 0x0000000080005a6e (0x02c848bb) divw    a7, a6, a2
core   0: 1 0x0000000080005a6e (0x02c848bb) x17 0x0000000000000000
core   0: 0x0000000080005a72 (0x22f787d3) fsgnj.d fa5, fa5, fa5
core   0: 1 0x0000000080005a72 (0x22f787d3) f15 0x7ff8000000000000
core   0: 0x0000000080005a76 (0x02effad3) fadd.d  fs5, ft11, fa4
core   0: 1 0x0000000080005a76 (0x02effad3) f21 0x7ff8000000000000
core   0: 0x0000000080005a7a (0x016d191b) slliw   s2, s10, 22
core   0: 1 0x0000000080005a7a (0x016d191b) x18 0x0000000050400000
core   0: 0x0000000080005a7e (0xf3f379c7) fmsub.d fs3, ft6, ft11, ft10
core   0: 1 0x0000000080005a7e (0xf3f379c7) f19 0x7ff8000000000000
core   0: 0x0000000080005a82 (0x00d7911b) slliw   sp, a5, 13
core   0: 1 0x0000000080005a82 (0x00d7911b) x2  0x000000000b3b8000
core   0: 0x0000000080005a86 (0x004cacb3) slt     s9, s9, tp
core   0: 1 0x0000000080005a86 (0x004cacb3) x25 0x0000000000000000
core   0: 0x0000000080005a8a (0x23a39453) fsgnjn.d fs0, ft7, fs10
core   0: 1 0x0000000080005a8a (0x23a39453) f8  0xfff8000000000000
core   0: 0x0000000080005a8e (0x40e05033) sra     zero, zero, a4
core   0: 1 0x0000000080005a8e (0x40e05033)
core   0: 0x0000000080005a92 (0xa7900c9b) addiw   s9, zero, -1415
core   0: 1 0x0000000080005a92 (0xa7900c9b) x25 0xfffffffffffffa79
core   0: 0x0000000080005a96 (0x23481853) fsgnjn.d fa6, fa6, fs4
core   0: 1 0x0000000080005a96 (0x23481853) f16 0xc1e02563f0400000
core   0: 0x0000000080005a9a (0x02e06833) rem     a6, zero, a4
core   0: 1 0x0000000080005a9a (0x02e06833) x16 0x0000000000000000
core   0: 0x0000000080005a9e (0x030e593b) divuw   s2, t3, a6
core   0: 1 0x0000000080005a9e (0x030e593b) x18 0xffffffffffffffff
core   0: 0x0000000080005aa2 (0xf114dc73) csrrwi  s8, mvendorid, 9
core   0: exception trap_illegal_instruction, epc 0x0000000080005aa2
core   0:           tval 0x00000000f114dc73
core   0: >>>>  $xrv64i2p1_m2p0_a2p1_f2p2_d2p2_zicsr2p0_zifencei2p0_zmmul1p0_zba1p0_zbb1p0_zbc1p0_zbs1p0
core   0: 0x0000000080004000 (0x0080006f) j       pc + 0x8
core   0: 3 0x0000000080004000 (0x0080006f)
core   0: >>>>  mmode_exception_handler
core   0: 0x0000000080004008 (0x00002c17) auipc   s8, 0x2
core   0: 3 0x0000000080004008 (0x00002c17) x24 0x0000000080006008
core   0: 0x000000008000400c (0x09ac0c13) addi    s8, s8, 154
core   0: 3 0x000000008000400c (0x09ac0c13) x24 0x00000000800060a2
core   0: 0x0000000080004010 (0x000c00e7) jalr    s8
core   0: 3 0x0000000080004010 (0x000c00e7) x1  0x0000000080004014
core   0: >>>>  any_handler
core   0: 0x00000000800060a2 (0x341027f3) csrrs   a5, mepc, zero
core   0: 3 0x00000000800060a2 (0x341027f3) x15 0x0000000080005aa2
core   0: 0x00000000800060a6 (0x34202773) csrrs   a4, mcause, zero
core   0: 3 0x00000000800060a6 (0x34202773) x14 0x0000000000000002
core   0: 0x00000000800060aa (0x142026f3) csrrs   a3, scause, zero
core   0: 3 0x00000000800060aa (0x142026f3) x13 0x0000000000000000
core   0: 0x00000000800060ae (0x30402673) csrrs   a2, mie, zero
core   0: 3 0x00000000800060ae (0x30402673) x12 0x0000000000000a00
core   0: 0x00000000800060b2 (0x344025f3) csrrs   a1, mip, zero
core   0: 3 0x00000000800060b2 (0x344025f3) x11 0x0000000000000080
core   0: 0x00000000800060b6 (0x343025f3) csrrs   a1, mtval, zero
core   0: 3 0x00000000800060b6 (0x343025f3) x11 0x00000000f114dc73
core   0: 0x00000000800060ba (0x14302573) csrrs   a0, stval, zero
core   0: 3 0x00000000800060ba (0x14302573) x10 0x0000000000000000
core   0: 0x00000000800060be (0xb02024f3) csrrs   s1, minstret, zero
core   0: 3 0x00000000800060be (0xb02024f3) x9  0x0000000000001152
core   0: 0x00000000800060c2 (0x0000a811) c.j     pc + 20
core   0: 3 0x00000000800060c2 (0xa811)
core   0: >>>>  mepc_4
core   0: 0x00000000800060d6 (0x00000791) c.addi  a5, 4
core   0: 3 0x00000000800060d6 (0x0791) x15 0x0000000080005aa6
core   0: 0x00000000800060d8 (0x34179073) csrrw   zero, mepc, a5
core   0: 3 0x00000000800060d8 (0x34179073) c833_mepc 0x0000000080005aa6
core   0: 0x00000000800060dc (0x30200073) mret
core   0: 3 0x00000000800060dc (0x30200073) c768_mstatus 0x8000000a00106080
core   0: 0x0000000080005aa6 (0xd222fdd3) fcvt.d.l fs11, t0
core   0: 1 0x0000000080005aa6 (0xd222fdd3) f27 0x3ff0000000000000
core   0: 0x0000000080005aaa (0x01488dbb) addw    s11, a7, s4
core   0: 1 0x0000000080005aaa (0x01488dbb) x27 0x0000000000000000
core   0: 0x0000000080005aae (0x0ff0000f) fence   iorw,iorw
core   0: 1 0x0000000080005aae (0x0ff0000f)
core   0: 0x0000000080005ab2 (0x0394753b) remuw   a0, s0, s9
core   0: 1 0x0000000080005ab2 (0x0394753b) x10 0x0000000000000000
core   0: 0x0000000080005ab6 (0x016578b3) and     a7, a0, s6
core   0: 1 0x0000000080005ab6 (0x016578b3) x17 0x0000000000000000
core   0: 0x0000000080005aba (0x00000001) c.nop
core   0: 1 0x0000000080005aba (0x0001)
core   0: 0x0000000080005abc (0x10a4a073) csrrs   zero, senvcfg, s1
core   0: 1 0x0000000080005abc (0x10a4a073) c266_senvcfg 0x0000000000000000
core   0: 0x0000000080005ac0 (0x0bcdf8d3) fsub.d  fa7, fs11, ft8
core   0: 1 0x0000000080005ac0 (0x0bcdf8d3) f17 0xc1e02563f0200000
core   0: 0x0000000080005ac4 (0x00ae9413) slli    s0, t4, 10
core   0: 1 0x0000000080005ac4 (0x00ae9413) x8  0x0000008000401400
core   0: 0x0000000080005ac8 (0x0006d813) srli    a6, a3, 0
core   0: 1 0x0000000080005ac8 (0x0006d813) x16 0x0000000000000000
core   0: 0x0000000080005acc (0xe2088ad3) fmv.x.d s5, fa7
core   0: 1 0x0000000080005acc (0xe2088ad3) x21 0xc1e02563f0200000
core   0: 0x0000000080005ad0 (0xc222f853) fcvt.l.d a6, ft5
core   0: 1 0x0000000080005ad0 (0xc222f853) x16 0xffffff9e80be7fa5
core   0: 0x0000000080005ad4 (0x034e2d33) mulhsu  s10, t3, s4
core   0: 1 0x0000000080005ad4 (0x034e2d33) x26 0x0000000000000000
core   0: 0x0000000080005ad8 (0x034312b3) mulh    t0, t1, s4
core   0: 1 0x0000000080005ad8 (0x034312b3) x5  0x0000000000000000
core   0: 0x0000000080005adc (0x03215333) divu    t1, sp, s2
core   0: 1 0x0000000080005adc (0x03215333) x6  0x0000000000000000
core   0: 0x0000000080005ae0 (0x0229603b) remw    zero, s2, sp
core   0: 1 0x0000000080005ae0 (0x0229603b)
core   0: 0x0000000080005ae4 (0x01ea1a1b) slliw   s4, s4, 30
core   0: 1 0x0000000080005ae4 (0x01ea1a1b) x20 0x0000000000000000
core   0: 0x0000000080005ae8 (0xf2000a53) fmv.d.x fs4, zero
core   0: 1 0x0000000080005ae8 (0xf2000a53) f20 0x0000000000000000
core   0: 0x0000000080005aec (0x71068b1b) addiw   s6, a3, 1808
core   0: 1 0x0000000080005aec (0x71068b1b) x22 0x0000000000000710
core   0: 0x0000000080005af0 (0x415eddbb) sraw    s11, t4, s5
core   0: 1 0x0000000080005af0 (0x415eddbb) x27 0x0000000020001005
core   0: 0x0000000080005af4 (0x40fc81bb) subw    gp, s9, a5
core   0: 1 0x0000000080005af4 (0x40fc81bb) x3  0x000000007fff9fd3
core   0: 0x0000000080005af8 (0x7ffc8493) addi    s1, s9, 2047
core   0: 1 0x0000000080005af8 (0x7ffc8493) x9  0x0000000000000278
core   0: 0x0000000080005afc (0x00b963b3) or      t2, s2, a1
core   0: 1 0x0000000080005afc (0x00b963b3) x7  0xffffffffffffffff
core   0: 0x0000000080005b00 (0x4018f3d3) fcvt.s.d ft7, fa7
core   0: 1 0x0000000080005b00 (0x4018f3d3) c1_fflags 0x0000000000000011 f7  0xffffffffcf012b20
core   0: 0x0000000080005b04 (0x03027333) remu    t1, tp, a6
core   0: 1 0x0000000080005b04 (0x03027333) x6  0x0000000000000000
core   0: 0x0000000080005b08 (0x007223b3) slt     t2, tp, t2
core   0: 1 0x0000000080005b08 (0x007223b3) x7  0x0000000000000000
core   0: 0x0000000080005b0c (0x025396b3) mulh    a3, t2, t0
core   0: 1 0x0000000080005b0c (0x025396b3) x13 0x0000000000000000
core   0: 0x0000000080005b10 (0x06e2fd13) andi    s10, t0, 110
core   0: 1 0x0000000080005b10 (0x06e2fd13) x26 0x0000000000000000
core   0: 0x0000000080005b14 (0xc03ff253) fcvt.lu.s tp, ft11
core   0: 1 0x0000000080005b14 (0xc03ff253) c1_fflags 0x0000000000000011 x4  0xffffffffffffffff
core   0: 0x0000000080005b18 (0x236a84d3) fsgnj.d fs1, fs5, fs6
core   0: 1 0x0000000080005b18 (0x236a84d3) f9  0x7ff8000000000000
core   0: 0x0000000080005b1c (0xf2010053) fmv.d.x ft0, sp
core   0: 1 0x0000000080005b1c (0xf2010053) f0  0x000000000b3b8000
core   0: 0x0000000080005b20 (0xc5e2d1b7) lui     gp, 0xc5e2d
core   0: 1 0x0000000080005b20 (0xc5e2d1b7) x3  0xffffffffc5e2d000
core   0: 0x0000000080005b24 (0xc033f153) fcvt.lu.s sp, ft7
core   0: 1 0x0000000080005b24 (0xc033f153) c1_fflags 0x0000000000000011 x2  0x0000000000000000
core   0: 0x0000000080005b28 (0x09b0fc97) auipc   s9, 0x9b0f
core   0: 1 0x0000000080005b28 (0x09b0fc97) x25 0x0000000089b14b28
core   0: 0x0000000080005b2c (0x02c4fed3) fadd.d  ft9, fs1, fa2
core   0: 1 0x0000000080005b2c (0x02c4fed3) f29 0x7ff8000000000000
core   0: 0x0000000080005b30 (0x0121803b) addw    zero, gp, s2
core   0: 1 0x0000000080005b30 (0x0121803b)
core   0: 0x0000000080005b34 (0x00119e93) slli    t4, gp, 1
core   0: 1 0x0000000080005b34 (0x00119e93) x29 0xffffffff8bc5a000
core   0: 0x0000000080005b38 (0x405e033b) subw    t1, t3, t0
core   0: 1 0x0000000080005b38 (0x405e033b) x6  0x0000000000000000
core   0: 0x0000000080005b3c (0x13fe7fd3) fmul.d  ft11, ft8, ft11
core   0: 1 0x0000000080005b3c (0x13fe7fd3) f31 0x7ff8000000000000
core   0: 0x0000000080005b40 (0xd03775d3) fcvt.s.lu fa1, a4
core   0: 1 0x0000000080005b40 (0xd03775d3) f11 0xffffffff40000000
core   0: 0x0000000080005b44 (0x406c0433) sub     s0, s8, t1
core   0: 1 0x0000000080005b44 (0x406c0433) x8  0x00000000800060a2
core   0: 0x0000000080005b48 (0xc21ff153) fcvt.wu.d sp, ft11
core   0: 1 0x0000000080005b48 (0xc21ff153) c1_fflags 0x0000000000000011 x2  0xffffffffffffffff
core   0: 0x0000000080005b4c (0x7dba7113) andi    sp, s4, 2011
core   0: 1 0x0000000080005b4c (0x7dba7113) x2  0x0000000000000000
core   0: 0x0000000080005b50 (0xa2050253) fle.d   tp, fa0, ft0
core   0: 1 0x0000000080005b50 (0xa2050253) c1_fflags 0x0000000000000011 x4  0x0000000000000000
core   0: 0x0000000080005b54 (0xc02ef753) fcvt.l.s a4, ft9
core   0: 1 0x0000000080005b54 (0xc02ef753) c1_fflags 0x0000000000000011 x14 0x7fffffffffffffff
core   0: 0x0000000080005b58 (0xa3f587d3) fle.d   a5, fa1, ft11
core   0: 1 0x0000000080005b58 (0xa3f587d3) c1_fflags 0x0000000000000011 x15 0x0000000000000000
core   0: 0x0000000080005b5c (0x32399a73) csrrw   s4, mhpmevent3, s3
core   0: exception trap_illegal_instruction, epc 0x0000000080005b5c
core   0:           tval 0x0000000032399a73
core   0: >>>>  $xrv64i2p1_m2p0_a2p1_f2p2_d2p2_zicsr2p0_zifencei2p0_zmmul1p0_zba1p0_zbb1p0_zbc1p0_zbs1p0
core   0: 0x0000000080004000 (0x0080006f) j       pc + 0x8
core   0: 3 0x0000000080004000 (0x0080006f)
core   0: >>>>  mmode_exception_handler
core   0: 0x0000000080004008 (0x00002c17) auipc   s8, 0x2
core   0: 3 0x0000000080004008 (0x00002c17) x24 0x0000000080006008
core   0: 0x000000008000400c (0x09ac0c13) addi    s8, s8, 154
core   0: 3 0x000000008000400c (0x09ac0c13) x24 0x00000000800060a2
core   0: 0x0000000080004010 (0x000c00e7) jalr    s8
core   0: 3 0x0000000080004010 (0x000c00e7) x1  0x0000000080004014
core   0: >>>>  any_handler
core   0: 0x00000000800060a2 (0x341027f3) csrrs   a5, mepc, zero
core   0: 3 0x00000000800060a2 (0x341027f3) x15 0x0000000080005b5c
core   0: 0x00000000800060a6 (0x34202773) csrrs   a4, mcause, zero
core   0: 3 0x00000000800060a6 (0x34202773) x14 0x0000000000000002
core   0: 0x00000000800060aa (0x142026f3) csrrs   a3, scause, zero
core   0: 3 0x00000000800060aa (0x142026f3) x13 0x0000000000000000
core   0: 0x00000000800060ae (0x30402673) csrrs   a2, mie, zero
core   0: 3 0x00000000800060ae (0x30402673) x12 0x0000000000000a00
core   0: 0x00000000800060b2 (0x344025f3) csrrs   a1, mip, zero
core   0: 3 0x00000000800060b2 (0x344025f3) x11 0x0000000000000080
core   0: 0x00000000800060b6 (0x343025f3) csrrs   a1, mtval, zero
core   0: 3 0x00000000800060b6 (0x343025f3) x11 0x0000000032399a73
core   0: 0x00000000800060ba (0x14302573) csrrs   a0, stval, zero
core   0: 3 0x00000000800060ba (0x14302573) x10 0x0000000000000000
core   0: 0x00000000800060be (0xb02024f3) csrrs   s1, minstret, zero
core   0: 3 0x00000000800060be (0xb02024f3) x9  0x0000000000001190
core   0: 0x00000000800060c2 (0x0000a811) c.j     pc + 20
core   0: 3 0x00000000800060c2 (0xa811)
core   0: >>>>  mepc_4
core   0: 0x00000000800060d6 (0x00000791) c.addi  a5, 4
core   0: 3 0x00000000800060d6 (0x0791) x15 0x0000000080005b60
core   0: 0x00000000800060d8 (0x34179073) csrrw   zero, mepc, a5
core   0: 3 0x00000000800060d8 (0x34179073) c833_mepc 0x0000000080005b60
core   0: 0x00000000800060dc (0x30200073) mret
core   0: 3 0x00000000800060dc (0x30200073) c768_mstatus 0x8000000a00106080
core   0: 0x0000000080005b60 (0x000086ce) c.mv    a3, s3
core   0: 1 0x0000000080005b60 (0x86ce) x13 0x0000000000000000
core   0: 0x0000000080005b62 (0x4086d0b3) sra     ra, a3, s0
core   0: 1 0x0000000080005b62 (0x4086d0b3) x1  0x0000000000000000
core   0: 0x0000000080005b66 (0xa4bc97b7) lui     a5, 0xa4bc9
core   0: 1 0x0000000080005b66 (0xa4bc97b7) x15 0xffffffffa4bc9000
core   0: 0x0000000080005b6a (0x0b7970d3) fsub.d  ft1, fs2, fs7
core   0: 1 0x0000000080005b6a (0x0b7970d3) f1  0x7ff8000000000000
core   0: 0x0000000080005b6e (0x021d7b53) fadd.d  fs6, fs10, ft1
core   0: 1 0x0000000080005b6e (0x021d7b53) f22 0x7ff8000000000000
core   0: 0x0000000080005b72 (0x010580bb) addw    ra, a1, a6
core   0: 1 0x0000000080005b72 (0x010580bb) x1  0xffffffffb2f81a18
core   0: 0x0000000080005b76 (0x036edeb3) divu    t4, t4, s6
core   0: 1 0x0000000080005b76 (0x036edeb3) x29 0x00243f6f023381ed
core   0: 0x0000000080005b7a (0x23b30ed3) fsgnj.d ft9, ft6, fs11
core   0: 1 0x0000000080005b7a (0x23b30ed3) f29 0x0000000000000000
core   0: 0x0000000080005b7e (0x4073d2b3) sra     t0, t2, t2
core   0: 1 0x0000000080005b7e (0x4073d2b3) x5  0x0000000000000000
core   0: 0x0000000080005b82 (0x4002d593) srai    a1, t0, 0
core   0: 1 0x0000000080005b82 (0x4002d593) x11 0x0000000000000000
core   0: 0x0000000080005b86 (0x00173337) lui     t1, 0x173
core   0: 1 0x0000000080005b86 (0x00173337) x6  0x0000000000173000
core   0: 0x0000000080005b8a (0x49d3031b) addiw   t1, t1, 1181
core   0: 1 0x0000000080005b8a (0x49d3031b) x6  0x000000000017349d
core   0: 0x0000000080005b8e (0x00000332) c.slli  t1, 12
core   0: 1 0x0000000080005b8e (0x0332) x6  0x000000017349d000
core   0: 0x0000000080005b90 (0xe3d30313) addi    t1, t1, -451
core   0: 1 0x0000000080005b90 (0xe3d30313) x6  0x000000017349ce3d
core   0: 0x0000000080005b94 (0x0266f7b3) remu    a5, a3, t1
core   0: 1 0x0000000080005b94 (0x0266f7b3) x15 0x0000000000000000
core   0: 0x0000000080005b98 (0x00aae933) or      s2, s5, a0
core   0: 1 0x0000000080005b98 (0x00aae933) x18 0xc1e02563f0200000
core   0: 0x0000000080005b9c (0x01a4863b) addw    a2, s1, s10
core   0: 1 0x0000000080005b9c (0x01a4863b) x12 0x0000000000001190
core   0: 0x0000000080005ba0 (0x415e8ebb) subw    t4, t4, s5
core   0: 1 0x0000000080005ba0 (0x415e8ebb) x29 0x00000000121381ed
core   0: 0x0000000080005ba4 (0x01d65a3b) srlw    s4, a2, t4
core   0: 1 0x0000000080005ba4 (0x01d65a3b) x20 0x0000000000000000
core   0: 0x0000000080005ba8 (0xc2237bd3) fcvt.l.d s7, ft6
core   0: 1 0x0000000080005ba8 (0xc2237bd3) x23 0x0000000000000000
core   0: 0x0000000080005bac (0xf1505173) csrrwi  sp, mconfigptr, 0
core   0: exception trap_illegal_instruction, epc 0x0000000080005bac
core   0:           tval 0x00000000f1505173
core   0: >>>>  $xrv64i2p1_m2p0_a2p1_f2p2_d2p2_zicsr2p0_zifencei2p0_zmmul1p0_zba1p0_zbb1p0_zbc1p0_zbs1p0
core   0: 0x0000000080004000 (0x0080006f) j       pc + 0x8
core   0: 3 0x0000000080004000 (0x0080006f)
core   0: >>>>  mmode_exception_handler
core   0: 0x0000000080004008 (0x00002c17) auipc   s8, 0x2
core   0: 3 0x0000000080004008 (0x00002c17) x24 0x0000000080006008
core   0: 0x000000008000400c (0x09ac0c13) addi    s8, s8, 154
core   0: 3 0x000000008000400c (0x09ac0c13) x24 0x00000000800060a2
core   0: 0x0000000080004010 (0x000c00e7) jalr    s8
core   0: 3 0x0000000080004010 (0x000c00e7) x1  0x0000000080004014
core   0: >>>>  any_handler
core   0: 0x00000000800060a2 (0x341027f3) csrrs   a5, mepc, zero
core   0: 3 0x00000000800060a2 (0x341027f3) x15 0x0000000080005bac
core   0: 0x00000000800060a6 (0x34202773) csrrs   a4, mcause, zero
core   0: 3 0x00000000800060a6 (0x34202773) x14 0x0000000000000002
core   0: 0x00000000800060aa (0x142026f3) csrrs   a3, scause, zero
core   0: 3 0x00000000800060aa (0x142026f3) x13 0x0000000000000000
core   0: 0x00000000800060ae (0x30402673) csrrs   a2, mie, zero
core   0: 3 0x00000000800060ae (0x30402673) x12 0x0000000000000a00
core   0: 0x00000000800060b2 (0x344025f3) csrrs   a1, mip, zero
core   0: 3 0x00000000800060b2 (0x344025f3) x11 0x0000000000000080
core   0: 0x00000000800060b6 (0x343025f3) csrrs   a1, mtval, zero
core   0: 3 0x00000000800060b6 (0x343025f3) x11 0x00000000f1505173
core   0: 0x00000000800060ba (0x14302573) csrrs   a0, stval, zero
core   0: 3 0x00000000800060ba (0x14302573) x10 0x0000000000000000
core   0: 0x00000000800060be (0xb02024f3) csrrs   s1, minstret, zero
core   0: 3 0x00000000800060be (0xb02024f3) x9  0x00000000000011b4
core   0: 0x00000000800060c2 (0x0000a811) c.j     pc + 20
core   0: 3 0x00000000800060c2 (0xa811)
core   0: >>>>  mepc_4
core   0: 0x00000000800060d6 (0x00000791) c.addi  a5, 4
core   0: 3 0x00000000800060d6 (0x0791) x15 0x0000000080005bb0
core   0: 0x00000000800060d8 (0x34179073) csrrw   zero, mepc, a5
core   0: 3 0x00000000800060d8 (0x34179073) c833_mepc 0x0000000080005bb0
core   0: 0x00000000800060dc (0x30200073) mret
core   0: 3 0x00000000800060dc (0x30200073) c768_mstatus 0x8000000a00106080
core   0: 0x0000000080005bb0 (0x001027f3) csrrs   a5, fflags, zero
core   0: 1 0x0000000080005bb0 (0x001027f3) x15 0x0000000000000011
core   0: 0x0000000080005bb4 (0xc22b73d3) fcvt.l.d t2, fs6
core   0: 1 0x0000000080005bb4 (0xc22b73d3) c1_fflags 0x0000000000000011 x7  0x7fffffffffffffff
core   0: 0x0000000080005bb8 (0xc231f653) fcvt.lu.d a2, ft3
core   0: 1 0x0000000080005bb8 (0xc231f653) c1_fflags 0x0000000000000011 x12 0x0000000000000000
core   0: 0x0000000080005bbc (0xc5a2f313) andi    t1, t0, -934
core   0: 1 0x0000000080005bbc (0xc5a2f313) x6  0x0000000000000000
core   0: 0x0000000080005bc0 (0x409b5e93) srai    t4, s6, 9
core   0: 1 0x0000000080005bc0 (0x409b5e93) x29 0x0000000000000003
core   0: 0x0000000080005bc4 (0xc0377b53) fcvt.lu.s s6, fa4
core   0: 1 0x0000000080005bc4 (0xc0377b53) x22 0x00000000812b2000
core   0: 0x0000000080005bc8 (0x02fb2bb3) mulhsu  s7, s6, a5
core   0: 1 0x0000000080005bc8 (0x02fb2bb3) x23 0x0000000000000000
core   0: 0x0000000080005bcc (0xc201f6d3) fcvt.w.d a3, ft3
core   0: 1 0x0000000080005bcc (0xc201f6d3) x13 0xffffffffffffff07
core   0: 0x0000000080005bd0 (0x22be9453) fsgnjn.d fs0, ft9, fa1
core   0: 1 0x0000000080005bd0 (0x22be9453) f8  0x0000000000000000
core   0: 0x0000000080005bd4 (0x00d42e33) slt     t3, s0, a3
core   0: 1 0x0000000080005bd4 (0x00d42e33) x28 0x0000000000000000
core   0: 0x0000000080005bd8 (0xc22b7653) fcvt.l.d a2, fs6
core   0: 1 0x0000000080005bd8 (0xc22b7653) c1_fflags 0x0000000000000011 x12 0x7fffffffffffffff
core   0: 0x0000000080005bdc (0xd231f8d3) fcvt.d.lu fa7, gp
core   0: 1 0x0000000080005bdc (0xd231f8d3) f17 0x43effffffff8bc5a
core   0: 0x0000000080005be0 (0x00a64a33) xor     s4, a2, a0
core   0: 1 0x0000000080005be0 (0x00a64a33) x20 0x7fffffffffffffff
core   0: 0x0000000080005be4 (0x42875c13) srai    s8, a4, 40
core   0: 1 0x0000000080005be4 (0x42875c13) x24 0x0000000000000000
core   0: 0x0000000080005be8 (0x02a8d893) srli    a7, a7, 42
core   0: 1 0x0000000080005be8 (0x02a8d893) x17 0x0000000000000000
core   0: 0x0000000080005bec (0x4015f6d3) fcvt.s.d fa3, fa1
core   0: 1 0x0000000080005bec (0x4015f6d3) f13 0xffffffff7fc00000
core   0: 0x0000000080005bf0 (0x001c5013) srli    zero, s8, 1
core   0: 1 0x0000000080005bf0 (0x001c5013)
core   0: 0x0000000080005bf4 (0x01858db3) add     s11, a1, s8
core   0: 1 0x0000000080005bf4 (0x01858db3) x27 0x00000000f1505173
core   0: 0x0000000080005bf8 (0xc204fd53) fcvt.w.d s10, fs1
core   0: 1 0x0000000080005bf8 (0xc204fd53) c1_fflags 0x0000000000000011 x26 0x000000007fffffff
core   0: 0x0000000080005bfc (0x41438a3b) subw    s4, t2, s4
core   0: 1 0x0000000080005bfc (0x41438a3b) x20 0x0000000000000000
core   0: 0x0000000080005c00 (0xeb0b3cb7) lui     s9, 0xeb0b3
core   0: 1 0x0000000080005c00 (0xeb0b3cb7) x25 0xffffffffeb0b3000
core   0: 0x0000000080005c04 (0x0199d99b) srliw   s3, s3, 25
core   0: 1 0x0000000080005c04 (0x0199d99b) x19 0x0000000000000000
core   0: 0x0000000080005c08 (0x00102573) csrrs   a0, fflags, zero
core   0: 1 0x0000000080005c08 (0x00102573) x10 0x0000000000000011
core   0: 0x0000000080005c0c (0x0066c9b3) xor     s3, a3, t1
core   0: 1 0x0000000080005c0c (0x0066c9b3) x19 0xffffffffffffff07
core   0: 0x0000000080005c10 (0x5a85fe4b) fnmsub.d ft8, fa1, fs0, fa1
core   0: 1 0x0000000080005c10 (0x5a85fe4b) f28 0x7ff8000000000000
core   0: 0x0000000080005c14 (0x00a1e5b3) or      a1, gp, a0
core   0: 1 0x0000000080005c14 (0x00a1e5b3) x11 0xffffffffc5e2d011
core   0: 0x0000000080005c18 (0x02d5a6b3) mulhsu  a3, a1, a3
core   0: 1 0x0000000080005c18 (0x02d5a6b3) x13 0xffffffffc5e2d011
core   0: 0x0000000080005c1c (0x00a6e713) ori     a4, a3, 10
core   0: 1 0x0000000080005c1c (0x00a6e713) x14 0xffffffffc5e2d01b
core   0: 0x0000000080005c20 (0x00c71c13) slli    s8, a4, 12
core   0: 1 0x0000000080005c20 (0x00c71c13) x24 0xfffffc5e2d01b000
core   0: 0x0000000080005c24 (0x02811e13) slli    t3, sp, 40
core   0: 1 0x0000000080005c24 (0x02811e13) x28 0x0000000000000000
core   0: 0x0000000080005c28 (0x008a1a33) sll     s4, s4, s0
core   0: 1 0x0000000080005c28 (0x008a1a33) x20 0x0000000000000000
core   0: 0x0000000080005c2c (0x414a0e3b) subw    t3, s4, s4
core   0: 1 0x0000000080005c2c (0x414a0e3b) x28 0x0000000000000000
core   0: 0x0000000080005c30 (0x01c1923b) sllw    tp, gp, t3
core   0: 1 0x0000000080005c30 (0x01c1923b) x4  0xffffffffc5e2d000
core   0: 0x0000000080005c34 (0x0028b7b7) lui     a5, 0x28b
core   0: 1 0x0000000080005c34 (0x0028b7b7) x15 0x000000000028b000
core   0: 0x0000000080005c38 (0x43b7879b) addiw   a5, a5, 1083
core   0: 1 0x0000000080005c38 (0x43b7879b) x15 0x000000000028b43b
core   0: 0x0000000080005c3c (0x000007c6) c.slli  a5, 17
core   0: 1 0x0000000080005c3c (0x07c6) x15 0x0000005168760000
core   0: 0x0000000080005c3e (0xcaf78793) addi    a5, a5, -849
core   0: 1 0x0000000080005c3e (0xcaf78793) x15 0x000000516875fcaf
core   0: 0x0000000080005c42 (0x0016991b) slliw   s2, a3, 1
core   0: 1 0x0000000080005c42 (0x0016991b) x18 0xffffffff8bc5a022
core   0: 0x0000000080005c46 (0x401050bb) sraw    ra, zero, ra
core   0: 1 0x0000000080005c46 (0x401050bb) x1  0x0000000000000000
core   0: 0x0000000080005c4a (0x0374e633) rem     a2, s1, s7
core   0: 1 0x0000000080005c4a (0x0374e633) x12 0x00000000000011b4
core   0: 0x0000000080005c4e (0x021572bb) remuw   t0, a0, ra
core   0: 1 0x0000000080005c4e (0x021572bb) x5  0x0000000000000011
core   0: 0x0000000080005c52 (0x00d6db1b) srliw   s6, a3, 13
core   0: 1 0x0000000080005c52 (0x00d6db1b) x22 0x0000000000062f16
core   0: 0x0000000080005c56 (0xa2d6fbcf) fnmadd.d fs7, fa3, fa3, fs4
core   0: 1 0x0000000080005c56 (0xa2d6fbcf) f23 0x7ff8000000000000
core   0: 0x0000000080005c5a (0xc02bf353) fcvt.l.s t1, fs7
core   0: 1 0x0000000080005c5a (0xc02bf353) c1_fflags 0x0000000000000011 x6  0x7fffffffffffffff
core   0: 0x0000000080005c5e (0x0335c2b3) div     t0, a1, s3
core   0: 1 0x0000000080005c5e (0x0335c2b3) x5  0x00000000003bbf6b
core   0: 0x0000000080005c62 (0xc25cee93) ori     t4, s9, -987
core   0: 1 0x0000000080005c62 (0xc25cee93) x29 0xfffffffffffffc25
core   0: 0x0000000080005c66 (0x41008333) sub     t1, ra, a6
core   0: 1 0x0000000080005c66 (0x41008333) x6  0x000000617f41805b
core   0: 0x0000000080005c6a (0xd9325737) lui     a4, 0xd9325
core   0: 1 0x0000000080005c6a (0xd9325737) x14 0xffffffffd9325000
core   0: 0x0000000080005c6e (0xf1306af3) csrrsi  s5, mimpid, 0
core   0: exception trap_illegal_instruction, epc 0x0000000080005c6e
core   0:           tval 0x00000000f1306af3
core   0: >>>>  $xrv64i2p1_m2p0_a2p1_f2p2_d2p2_zicsr2p0_zifencei2p0_zmmul1p0_zba1p0_zbb1p0_zbc1p0_zbs1p0
core   0: 0x0000000080004000 (0x0080006f) j       pc + 0x8
core   0: 3 0x0000000080004000 (0x0080006f)
core   0: >>>>  mmode_exception_handler
core   0: 0x0000000080004008 (0x00002c17) auipc   s8, 0x2
core   0: 3 0x0000000080004008 (0x00002c17) x24 0x0000000080006008
core   0: 0x000000008000400c (0x09ac0c13) addi    s8, s8, 154
core   0: 3 0x000000008000400c (0x09ac0c13) x24 0x00000000800060a2
core   0: 0x0000000080004010 (0x000c00e7) jalr    s8
core   0: 3 0x0000000080004010 (0x000c00e7) x1  0x0000000080004014
core   0: >>>>  any_handler
core   0: 0x00000000800060a2 (0x341027f3) csrrs   a5, mepc, zero
core   0: 3 0x00000000800060a2 (0x341027f3) x15 0x0000000080005c6e
core   0: 0x00000000800060a6 (0x34202773) csrrs   a4, mcause, zero
core   0: 3 0x00000000800060a6 (0x34202773) x14 0x0000000000000002
core   0: 0x00000000800060aa (0x142026f3) csrrs   a3, scause, zero
core   0: 3 0x00000000800060aa (0x142026f3) x13 0x0000000000000000
core   0: 0x00000000800060ae (0x30402673) csrrs   a2, mie, zero
core   0: 3 0x00000000800060ae (0x30402673) x12 0x0000000000000a00
core   0: 0x00000000800060b2 (0x344025f3) csrrs   a1, mip, zero
core   0: 3 0x00000000800060b2 (0x344025f3) x11 0x0000000000000080
core   0: 0x00000000800060b6 (0x343025f3) csrrs   a1, mtval, zero
core   0: 3 0x00000000800060b6 (0x343025f3) x11 0x00000000f1306af3
core   0: 0x00000000800060ba (0x14302573) csrrs   a0, stval, zero
core   0: 3 0x00000000800060ba (0x14302573) x10 0x0000000000000000
core   0: 0x00000000800060be (0xb02024f3) csrrs   s1, minstret, zero
core   0: 3 0x00000000800060be (0xb02024f3) x9  0x00000000000011f4
core   0: 0x00000000800060c2 (0x0000a811) c.j     pc + 20
core   0: 3 0x00000000800060c2 (0xa811)
core   0: >>>>  mepc_4
core   0: 0x00000000800060d6 (0x00000791) c.addi  a5, 4
core   0: 3 0x00000000800060d6 (0x0791) x15 0x0000000080005c72
core   0: 0x00000000800060d8 (0x34179073) csrrw   zero, mepc, a5
core   0: 3 0x00000000800060d8 (0x34179073) c833_mepc 0x0000000080005c72
core   0: 0x00000000800060dc (0x30200073) mret
core   0: 3 0x00000000800060dc (0x30200073) c768_mstatus 0x8000000a00106080
core   0: 0x0000000080005c72 (0x220f0053) fsgnj.d ft0, ft10, ft0
core   0: 1 0x0000000080005c72 (0x220f0053) f0  0x7ff8000000000000
core   0: 0x0000000080005c76 (0xd228f1d3) fcvt.d.l ft3, a7
core   0: 1 0x0000000080005c76 (0xd228f1d3) f3  0x0000000000000000
core   0: 0x0000000080005c7a (0x1a51fe4b) fnmsub.d ft8, ft3, ft5, ft3
core   0: 1 0x0000000080005c7a (0x1a51fe4b) f28 0x0000000000000000
core   0: 0x0000000080005c7e (0xf320e313) ori     t1, ra, -206
core   0: 1 0x0000000080005c7e (0xf320e313) x6  0xffffffffffffff36
core   0: 0x0000000080005c82 (0x00000001) c.nop
core   0: 1 0x0000000080005c82 (0x0001)
core   0: 0x0000000080005c84 (0x80097913) andi    s2, s2, -2048
core   0: 1 0x0000000080005c84 (0x80097913) x18 0xffffffff8bc5a000
core   0: 0x0000000080005c88 (0xc0307d53) fcvt.lu.s s10, ft0
core   0: 1 0x0000000080005c88 (0xc0307d53) c1_fflags 0x0000000000000011 x26 0xffffffffffffffff
core   0: 0x0000000080005c8c (0xabc1fccb) fnmsub.d fs9, ft3, ft8, fs5
core   0: 1 0x0000000080005c8c (0xabc1fccb) f25 0x7ff8000000000000
core   0: 0x0000000080005c90 (0x01304a33) xor     s4, zero, s3
core   0: 1 0x0000000080005c90 (0x01304a33) x20 0xffffffffffffff07
core   0: 0x0000000080005c94 (0x02063ab3) mulhu   s5, a2, zero
core   0: 1 0x0000000080005c94 (0x02063ab3) x21 0x0000000000000000
core   0: 0x0000000080005c98 (0xc0007e73) csrrci  t3, cycle, 0
core   0: exception trap_illegal_instruction, epc 0x0000000080005c98
core   0:           tval 0x00000000c0007e73
core   0: >>>>  $xrv64i2p1_m2p0_a2p1_f2p2_d2p2_zicsr2p0_zifencei2p0_zmmul1p0_zba1p0_zbb1p0_zbc1p0_zbs1p0
core   0: 0x0000000080004000 (0x0080006f) j       pc + 0x8
core   0: 3 0x0000000080004000 (0x0080006f)
core   0: >>>>  mmode_exception_handler
core   0: 0x0000000080004008 (0x00002c17) auipc   s8, 0x2
core   0: 3 0x0000000080004008 (0x00002c17) x24 0x0000000080006008
core   0: 0x000000008000400c (0x09ac0c13) addi    s8, s8, 154
core   0: 3 0x000000008000400c (0x09ac0c13) x24 0x00000000800060a2
core   0: 0x0000000080004010 (0x000c00e7) jalr    s8
core   0: 3 0x0000000080004010 (0x000c00e7) x1  0x0000000080004014
core   0: >>>>  any_handler
core   0: 0x00000000800060a2 (0x341027f3) csrrs   a5, mepc, zero
core   0: 3 0x00000000800060a2 (0x341027f3) x15 0x0000000080005c98
core   0: 0x00000000800060a6 (0x34202773) csrrs   a4, mcause, zero
core   0: 3 0x00000000800060a6 (0x34202773) x14 0x0000000000000002
core   0: 0x00000000800060aa (0x142026f3) csrrs   a3, scause, zero
core   0: 3 0x00000000800060aa (0x142026f3) x13 0x0000000000000000
core   0: 0x00000000800060ae (0x30402673) csrrs   a2, mie, zero
core   0: 3 0x00000000800060ae (0x30402673) x12 0x0000000000000a00
core   0: 0x00000000800060b2 (0x344025f3) csrrs   a1, mip, zero
core   0: 3 0x00000000800060b2 (0x344025f3) x11 0x0000000000000080
core   0: 0x00000000800060b6 (0x343025f3) csrrs   a1, mtval, zero
core   0: 3 0x00000000800060b6 (0x343025f3) x11 0x00000000c0007e73
core   0: 0x00000000800060ba (0x14302573) csrrs   a0, stval, zero
core   0: 3 0x00000000800060ba (0x14302573) x10 0x0000000000000000
core   0: 0x00000000800060be (0xb02024f3) csrrs   s1, minstret, zero
core   0: 3 0x00000000800060be (0xb02024f3) x9  0x000000000000120e
core   0: 0x00000000800060c2 (0x0000a811) c.j     pc + 20
core   0: 3 0x00000000800060c2 (0xa811)
core   0: >>>>  mepc_4
core   0: 0x00000000800060d6 (0x00000791) c.addi  a5, 4
core   0: 3 0x00000000800060d6 (0x0791) x15 0x0000000080005c9c
core   0: 0x00000000800060d8 (0x34179073) csrrw   zero, mepc, a5
core   0: 3 0x00000000800060d8 (0x34179073) c833_mepc 0x0000000080005c9c
core   0: 0x00000000800060dc (0x30200073) mret
core   0: 3 0x00000000800060dc (0x30200073) c768_mstatus 0x8000000a00106080
core   0: 0x0000000080005c9c (0x01c0c8b3) xor     a7, ra, t3
core   0: 1 0x0000000080005c9c (0x01c0c8b3) x17 0x0000000080004014
core   0: 0x0000000080005ca0 (0x018ecc33) xor     s8, t4, s8
core   0: 1 0x0000000080005ca0 (0x018ecc33) x24 0xffffffff7fff9c87
core   0: 0x0000000080005ca4 (0x028e843b) mulw    s0, t4, s0
core   0: 1 0x0000000080005ca4 (0x028e843b) x8  0x000000007e8b6f6a
core   0: 0x0000000080005ca8 (0x02bf9bb7) lui     s7, 0x2bf9
core   0: 1 0x0000000080005ca8 (0x02bf9bb7) x23 0x0000000002bf9000
core   0: 0x0000000080005cac (0x493b8b9b) addiw   s7, s7, 1171
core   0: 1 0x0000000080005cac (0x493b8b9b) x23 0x0000000002bf9493
core   0: 0x0000000080005cb0 (0x00000bb2) c.slli  s7, 12
core   0: 1 0x0000000080005cb0 (0x0bb2) x23 0x0000002bf9493000
core   0: 0x0000000080005cb2 (0xc80b8b93) addi    s7, s7, -896
core   0: 1 0x0000000080005cb2 (0xc80b8b93) x23 0x0000002bf9492c80
core   0: 0x0000000080005cb6 (0xc2307d53) fcvt.lu.d s10, ft0
core   0: 1 0x0000000080005cb6 (0xc2307d53) c1_fflags 0x0000000000000011 x26 0xffffffffffffffff
core   0: 0x0000000080005cba (0x98564693) xori    a3, a2, -1659
core   0: 1 0x0000000080005cba (0x98564693) x13 0xfffffffffffff385
core   0: 0x0000000080005cbe (0x03f1d013) srli    zero, gp, 63
core   0: 1 0x0000000080005cbe (0x03f1d013)
core   0: 0x0000000080005cc2 (0xd03074d3) fcvt.s.lu fs1, zero
core   0: 1 0x0000000080005cc2 (0xd03074d3) f9  0xffffffff00000000
core   0: 0x0000000080005cc6 (0x039349bb) divw    s3, t1, s9
core   0: 1 0x0000000080005cc6 (0x039349bb) x19 0x0000000000000000
core   0: 0x0000000080005cca (0xc220f2d3) fcvt.l.d t0, ft1
core   0: 1 0x0000000080005cca (0xc220f2d3) c1_fflags 0x0000000000000011 x5  0x7fffffffffffffff
core   0: 0x0000000080005cce (0x00599bbb) sllw    s7, s3, t0
core   0: 1 0x0000000080005cce (0x00599bbb) x23 0x0000000000000000
core   0: 0x0000000080005cd2 (0xe1537037) lui     zero, 0xe1537
core   0: 1 0x0000000080005cd2 (0xe1537037)
core   0: 0x0000000080005cd6 (0xd039f853) fcvt.s.lu fa6, s3
core   0: 1 0x0000000080005cd6 (0xd039f853) f16 0xffffffff00000000
core   0: 0x0000000080005cda (0x0ff0000f) fence   iorw,iorw
core   0: 1 0x0000000080005cda (0x0ff0000f)
core   0: 0x0000000080005cde (0xd0207053) fcvt.s.l ft0, zero
core   0: 1 0x0000000080005cde (0xd0207053) f0  0xffffffff00000000
core   0: 0x0000000080005ce2 (0x0ad47453) fsub.d  fs0, fs0, fa3
core   0: 1 0x0000000080005ce2 (0x0ad47453) f8  0x7ff8000000000000
core   0: 0x0000000080005ce6 (0xc2387c53) fcvt.lu.d s8, fa6
core   0: 1 0x0000000080005ce6 (0xc2387c53) c1_fflags 0x0000000000000011 x24 0xffffffffffffffff
core   0: 0x0000000080005cea (0x01bd149b) slliw   s1, s10, 27
core   0: 1 0x0000000080005cea (0x01bd149b) x9  0xfffffffff8000000
core   0: 0x0000000080005cee (0x01c480bb) addw    ra, s1, t3
core   0: 1 0x0000000080005cee (0x01c480bb) x1  0xfffffffff8000000
core   0: 0x0000000080005cf2 (0x00102c73) csrrs   s8, fflags, zero
core   0: 1 0x0000000080005cf2 (0x00102c73) x24 0x0000000000000011
core   0: 0x0000000080005cf6 (0xeb4c0713) addi    a4, s8, -332
core   0: 1 0x0000000080005cf6 (0xeb4c0713) x14 0xfffffffffffffec5
core   0: 0x0000000080005cfa (0xe20282d3) fmv.x.d t0, ft5
core   0: 1 0x0000000080005cfa (0xe20282d3) x5  0xc2585fd06016c000
core   0: 0x0000000080005cfe (0x005b8bbb) addw    s7, s7, t0
core   0: 1 0x0000000080005cfe (0x005b8bbb) x23 0x000000006016c000
core   0: 0x0000000080005d02 (0x0372d3b3) divu    t2, t0, s7
core   0: 1 0x0000000080005d02 (0x0372d3b3) x7  0x0000000205c64bd8
core   0: 0x0000000080005d06 (0x3238e573) csrrsi  a0, mhpmevent3, 17
core   0: exception trap_illegal_instruction, epc 0x0000000080005d06
core   0:           tval 0x000000003238e573
core   0: >>>>  $xrv64i2p1_m2p0_a2p1_f2p2_d2p2_zicsr2p0_zifencei2p0_zmmul1p0_zba1p0_zbb1p0_zbc1p0_zbs1p0
core   0: 0x0000000080004000 (0x0080006f) j       pc + 0x8
core   0: 3 0x0000000080004000 (0x0080006f)
core   0: >>>>  mmode_exception_handler
core   0: 0x0000000080004008 (0x00002c17) auipc   s8, 0x2
core   0: 3 0x0000000080004008 (0x00002c17) x24 0x0000000080006008
core   0: 0x000000008000400c (0x09ac0c13) addi    s8, s8, 154
core   0: 3 0x000000008000400c (0x09ac0c13) x24 0x00000000800060a2
core   0: 0x0000000080004010 (0x000c00e7) jalr    s8
core   0: 3 0x0000000080004010 (0x000c00e7) x1  0x0000000080004014
core   0: >>>>  any_handler
core   0: 0x00000000800060a2 (0x341027f3) csrrs   a5, mepc, zero
core   0: 3 0x00000000800060a2 (0x341027f3) x15 0x0000000080005d06
core   0: 0x00000000800060a6 (0x34202773) csrrs   a4, mcause, zero
core   0: 3 0x00000000800060a6 (0x34202773) x14 0x0000000000000002
core   0: 0x00000000800060aa (0x142026f3) csrrs   a3, scause, zero
core   0: 3 0x00000000800060aa (0x142026f3) x13 0x0000000000000000
core   0: 0x00000000800060ae (0x30402673) csrrs   a2, mie, zero
core   0: 3 0x00000000800060ae (0x30402673) x12 0x0000000000000a00
core   0: 0x00000000800060b2 (0x344025f3) csrrs   a1, mip, zero
core   0: 3 0x00000000800060b2 (0x344025f3) x11 0x0000000000000080
core   0: 0x00000000800060b6 (0x343025f3) csrrs   a1, mtval, zero
core   0: 3 0x00000000800060b6 (0x343025f3) x11 0x000000003238e573
core   0: 0x00000000800060ba (0x14302573) csrrs   a0, stval, zero
core   0: 3 0x00000000800060ba (0x14302573) x10 0x0000000000000000
core   0: 0x00000000800060be (0xb02024f3) csrrs   s1, minstret, zero
core   0: 3 0x00000000800060be (0xb02024f3) x9  0x0000000000001239
core   0: 0x00000000800060c2 (0x0000a811) c.j     pc + 20
core   0: 3 0x00000000800060c2 (0xa811)
core   0: >>>>  mepc_4
core   0: 0x00000000800060d6 (0x00000791) c.addi  a5, 4
core   0: 3 0x00000000800060d6 (0x0791) x15 0x0000000080005d0a
core   0: 0x00000000800060d8 (0x34179073) csrrw   zero, mepc, a5
core   0: 3 0x00000000800060d8 (0x34179073) c833_mepc 0x0000000080005d0a
core   0: 0x00000000800060dc (0x30200073) mret
core   0: 3 0x00000000800060dc (0x30200073) c768_mstatus 0x8000000a00106080
core   0: 0x0000000080005d0a (0x0006fc93) andi    s9, a3, 0
core   0: 1 0x0000000080005d0a (0x0006fc93) x25 0x0000000000000000
core   0: 0x0000000080005d0e (0xa2802d53) feq.d   s10, ft0, fs0
core   0: 1 0x0000000080005d0e (0xa2802d53) x26 0x0000000000000000
core   0: 0x0000000080005d12 (0x0b9071d3) fsub.d  ft3, ft0, fs9
core   0: 1 0x0000000080005d12 (0x0b9071d3) f3  0x7ff8000000000000
core   0: 0x0000000080005d16 (0xc026f853) fcvt.l.s a6, fa3
core   0: 1 0x0000000080005d16 (0xc026f853) c1_fflags 0x0000000000000011 x16 0x7fffffffffffffff
core   0: 0x0000000080005d1a (0x0ff0000f) fence   iorw,iorw
core   0: 1 0x0000000080005d1a (0x0ff0000f)
core   0: 0x0000000080005d1e (0x00102af3) csrrs   s5, fflags, zero
core   0: 1 0x0000000080005d1e (0x00102af3) x21 0x0000000000000011
core   0: 0x0000000080005d22 (0x401d7d53) fcvt.s.d fs10, fs10
core   0: 1 0x0000000080005d22 (0x401d7d53) f26 0xffffffff7fc00000
core   0: 0x0000000080005d26 (0xcb5f7ccf) fnmadd.d fs9, ft10, fs5, fs9
core   0: 1 0x0000000080005d26 (0xcb5f7ccf) f25 0x7ff8000000000000
core   0: 0x0000000080005d2a (0x0375f03b) remuw   zero, a1, s7
core   0: 1 0x0000000080005d2a (0x0375f03b)
core   0: 0x0000000080005d2e (0x015cfcb3) and     s9, s9, s5
core   0: 1 0x0000000080005d2e (0x015cfcb3) x25 0x0000000000000000
core   0: 0x0000000080005d32 (0xd23cfe53) fcvt.d.lu ft8, s9
core   0: 1 0x0000000080005d32 (0xd23cfe53) f28 0x0000000000000000
core   0: 0x0000000080005d36 (0x4168ddbb) sraw    s11, a7, s6
core   0: 1 0x0000000080005d36 (0x4168ddbb) x27 0xfffffffffffffe00
core   0: 0x0000000080005d3a (0x22ab2ed3) fsgnjx.d ft9, fs6, fa0
core   0: 1 0x0000000080005d3a (0x22ab2ed3) f29 0xfff8000000000000
core   0: 0x0000000080005d3e (0x5f365b97) auipc   s7, 0x5f365
core   0: 1 0x0000000080005d3e (0x5f365b97) x23 0x00000000df36ad3e
core   0: 0x0000000080005d42 (0x49760413) addi    s0, a2, 1175
core   0: 1 0x0000000080005d42 (0x49760413) x8  0x0000000000000e97
core   0: 0x0000000080005d46 (0x03b5c3b3) div     t2, a1, s11
core   0: 1 0x0000000080005d46 (0x03b5c3b3) x7  0xffffffffffe6e38e
core   0: 0x0000000080005d4a (0x00d3d81b) srliw   a6, t2, 13
core   0: 1 0x0000000080005d4a (0x00d3d81b) x16 0x000000000007ff37
core   0: 0x0000000080005d4e (0x00102b73) csrrs   s6, fflags, zero
core   0: 1 0x0000000080005d4e (0x00102b73) x22 0x0000000000000011
core   0: 0x0000000080005d52 (0x2b6d1453) fmax.d  fs0, fs10, fs6
core   0: 1 0x0000000080005d52 (0x2b6d1453) f8  0x7ff8000000000000
core   0: 0x0000000080005d56 (0x02d86c33) rem     s8, a6, a3
core   0: 1 0x0000000080005d56 (0x02d86c33) x24 0x000000000007ff37
core   0: 0x0000000080005d5a (0x018c07b3) add     a5, s8, s8
core   0: 1 0x0000000080005d5a (0x018c07b3) x15 0x00000000000ffe6e
core   0: 0x0000000080005d5e (0x87184813) xori    a6, a6, -1935
core   0: 1 0x0000000080005d5e (0x87184813) x16 0xfffffffffff80746
core   0: 0x0000000080005d62 (0x03ce60b3) rem     ra, t3, t3
core   0: 1 0x0000000080005d62 (0x03ce60b3) x1  0x0000000000000000
core   0: 0x0000000080005d66 (0x019055bb) srlw    a1, zero, s9
core   0: 1 0x0000000080005d66 (0x019055bb) x11 0x0000000000000000
core   0: 0x0000000080005d6a (0x000e9113) slli    sp, t4, 0
core   0: 1 0x0000000080005d6a (0x000e9113) x2  0xfffffffffffffc25
core   0: 0x0000000080005d6e (0x402b8bbb) subw    s7, s7, sp
core   0: 1 0x0000000080005d6e (0x402b8bbb) x23 0xffffffffdf36b119
core   0: 0x0000000080005d72 (0x228609d3) fsgnj.d fs3, fa2, fs0
core   0: 1 0x0000000080005d72 (0x228609d3) f19 0x7ff8000000000000
core   0: 0x0000000080005d76 (0x002b28b3) slt     a7, s6, sp
core   0: 1 0x0000000080005d76 (0x002b28b3) x17 0x0000000000000000
core   0: 0x0000000080005d7a (0x00ce1a3b) sllw    s4, t3, a2
core   0: 1 0x0000000080005d7a (0x00ce1a3b) x20 0x0000000000000000
core   0: 0x0000000080005d7e (0x01319d9b) slliw   s11, gp, 19
core   0: 1 0x0000000080005d7e (0x01319d9b) x27 0xffffffff80000000
core   0: 0x0000000080005d82 (0xdbd9f813) andi    a6, s3, -579
core   0: 1 0x0000000080005d82 (0xdbd9f813) x16 0x0000000000000000
core   0: 0x0000000080005d86 (0x036d2633) mulhsu  a2, s10, s6
core   0: 1 0x0000000080005d86 (0x036d2633) x12 0x0000000000000000
core   0: 0x0000000080005d8a (0xd02370d3) fcvt.s.l ft1, t1
core   0: 1 0x0000000080005d8a (0xd02370d3) f1  0xffffffffc34a0000
core   0: 0x0000000080005d8e (0xa20a8b53) fle.d   s6, fs5, ft0
core   0: 1 0x0000000080005d8e (0xa20a8b53) c1_fflags 0x0000000000000011 x22 0x0000000000000000
core   0: 0x0000000080005d92 (0x00202873) csrrs   a6, frm, zero
core   0: 1 0x0000000080005d92 (0x00202873) x16 0x0000000000000000
core   0: 0x0000000080005d96 (0x01ab01b3) add     gp, s6, s10
core   0: 1 0x0000000080005d96 (0x01ab01b3) x3  0x0000000000000000
core   0: 0x0000000080005d9a (0x120d7253) fmul.d  ft4, fs10, ft0
core   0: 1 0x0000000080005d9a (0x120d7253) f4  0x7ff8000000000000
core   0: 0x0000000080005d9e (0x000c8cbb) addw    s9, s9, zero
core   0: 1 0x0000000080005d9e (0x000c8cbb) x25 0x0000000000000000
core   0: 0x0000000080005da2 (0xd224f853) fcvt.d.l fa6, s1
core   0: 1 0x0000000080005da2 (0xd224f853) f16 0x40b2390000000000
core   0: 0x0000000080005da6 (0x0118eeb3) or      t4, a7, a7
core   0: 1 0x0000000080005da6 (0x0118eeb3) x29 0x0000000000000000
core   0: 0x0000000080005daa (0x03b71db3) mulh    s11, a4, s11
core   0: 1 0x0000000080005daa (0x03b71db3) x27 0xffffffffffffffff
core   0: 0x0000000080005dae (0xfff3eb93) ori     s7, t2, -1
core   0: 1 0x0000000080005dae (0xfff3eb93) x23 0xffffffffffffffff
core   0: 0x0000000080005db2 (0xd2317cd3) fcvt.d.lu fs9, sp
core   0: 1 0x0000000080005db2 (0xd2317cd3) c1_fflags 0x0000000000000011 f25 0x43f0000000000000
core   0: 0x0000000080005db6 (0xd2110a53) fcvt.d.wu fs4, sp
core   0: 1 0x0000000080005db6 (0xd2110a53) f20 0x41efffff84a00000
core   0: 0x0000000080005dba (0x80078c93) addi    s9, a5, -2048
core   0: 1 0x0000000080005dba (0x80078c93) x25 0x00000000000ff66e
core   0: 0x0000000080005dbe (0x4004d193) srai    gp, s1, 0
core   0: 1 0x0000000080005dbe (0x4004d193) x3  0x0000000000001239
core   0: 0x0000000080005dc2 (0x029c6d33) rem     s10, s8, s1
core   0: 1 0x0000000080005dc2 (0x029c6d33) x26 0x0000000000000647
core   0: 0x0000000080005dc6 (0x0010ecb3) or      s9, ra, ra
core   0: 1 0x0000000080005dc6 (0x0010ecb3) x25 0x0000000000000000
core   0: 0x0000000080005dca (0xf2048c53) fmv.d.x fs8, s1
core   0: 1 0x0000000080005dca (0xf2048c53) f24 0x0000000000001239
core   0: 0x0000000080005dce (0x9bc87313) andi    t1, a6, -1604
core   0: 1 0x0000000080005dce (0x9bc87313) x6  0x0000000000000000
core   0: 0x0000000080005dd2 (0x005cebb3) or      s7, s9, t0
core   0: 1 0x0000000080005dd2 (0x005cebb3) x23 0xc2585fd06016c000
core   0: 0x0000000080005dd6 (0x40d104bb) subw    s1, sp, a3
core   0: 1 0x0000000080005dd6 (0x40d104bb) x9  0xfffffffffffffc25
core   0: 0x0000000080005dda (0x4092d93b) sraw    s2, t0, s1
core   0: 1 0x0000000080005dda (0x4092d93b) x18 0x000000000300b600
core   0: 0x0000000080005dde (0x40990dbb) subw    s11, s2, s1
core   0: 1 0x0000000080005dde (0x40990dbb) x27 0x000000000300b9db
core   0: 0x0000000080005de2 (0x1a5e72c3) fmadd.d ft5, ft8, ft5, ft3
core   0: 1 0x0000000080005de2 (0x1a5e72c3) f5  0x7ff8000000000000
core   0: 0x0000000080005de6 (0x036d5d3b) divuw   s10, s10, s6
core   0: 1 0x0000000080005de6 (0x036d5d3b) x26 0xffffffffffffffff
core   0: 0x0000000080005dea (0x0005d893) srli    a7, a1, 0
core   0: 1 0x0000000080005dea (0x0005d893) x17 0x0000000000000000
core   0: 0x0000000080005dee (0x003509bb) addw    s3, a0, gp
core   0: 1 0x0000000080005dee (0x003509bb) x19 0x0000000000001239
core   0: 0x0000000080005df2 (0x0005d513) srli    a0, a1, 0
core   0: 1 0x0000000080005df2 (0x0005d513) x10 0x0000000000000000
core   0: 0x0000000080005df6 (0x018c1d3b) sllw    s10, s8, s8
core   0: 1 0x0000000080005df6 (0x018c1d3b) x26 0xffffffff9b800000
core   0: 0x0000000080005dfa (0xdd82f693) andi    a3, t0, -552
core   0: 1 0x0000000080005dfa (0xdd82f693) x13 0xc2585fd06016c000
core   0: 0x0000000080005dfe (0x01a75c33) srl     s8, a4, s10
core   0: 1 0x0000000080005dfe (0x01a75c33) x24 0x0000000000000002
core   0: 0x0000000080005e02 (0x40555533) sra     a0, a0, t0
core   0: 1 0x0000000080005e02 (0x40555533) x10 0x0000000000000000
core   0: 0x0000000080005e06 (0x001081bb) addw    gp, ra, ra
core   0: 1 0x0000000080005e06 (0x001081bb) x3  0x0000000000000000
core   0: 0x0000000080005e0a (0x00000001) c.nop
core   0: 1 0x0000000080005e0a (0x0001)
core   0: 0x0000000080005e0c (0x03c9c93b) divw    s2, s3, t3
core   0: 1 0x0000000080005e0c (0x03c9c93b) x18 0xffffffffffffffff
core   0: 0x0000000080005e10 (0x4006d113) srai    sp, a3, 0
core   0: 1 0x0000000080005e10 (0x4006d113) x2  0xc2585fd06016c000
core   0: 0x0000000080005e14 (0x02271b33) mulh    s6, a4, sp
core   0: 1 0x0000000080005e14 (0x02271b33) x22 0xffffffffffffffff
core   0: 0x0000000080005e18 (0x034b4cb3) div     s9, s6, s4
core   0: 1 0x0000000080005e18 (0x034b4cb3) x25 0xffffffffffffffff
core   0: 0x0000000080005e1c (0x0010de1b) srliw   t3, ra, 1
core   0: 1 0x0000000080005e1c (0x0010de1b) x28 0x0000000000000000
core   0: 0x0000000080005e20 (0xfa7e2b37) lui     s6, 0xfa7e2
core   0: 1 0x0000000080005e20 (0xfa7e2b37) x22 0xfffffffffa7e2000
core   0: 0x0000000080005e24 (0xc51b0b1b) addiw   s6, s6, -943
core   0: 1 0x0000000080005e24 (0xc51b0b1b) x22 0xfffffffffa7e1c51
core   0: 0x0000000080005e28 (0x00000b32) c.slli  s6, 12
core   0: 1 0x0000000080005e28 (0x0b32) x22 0xffffffa7e1c51000
core   0: 0x0000000080005e2a (0x94cb0b13) addi    s6, s6, -1716
core   0: 1 0x0000000080005e2a (0x94cb0b13) x22 0xffffffa7e1c5094c
core   0: 0x0000000080005e2e (0xdb0d7347) fmsub.d ft6, fs10, fa6, fs11
core   0: 1 0x0000000080005e2e (0xdb0d7347) f6  0x7ff8000000000000
core   0: 0x0000000080005e32 (0xc03373d3) fcvt.lu.s t2, ft6
core   0: 1 0x0000000080005e32 (0xc03373d3) c1_fflags 0x0000000000000011 x7  0xffffffffffffffff
core   0: 0x0000000080005e36 (0x07d79897) auipc   a7, 0x7d79
core   0: 1 0x0000000080005e36 (0x07d79897) x17 0x0000000087d7ee36
core   0: 0x0000000080005e3a (0x4094593b) sraw    s2, s0, s1
core   0: 1 0x0000000080005e3a (0x4094593b) x18 0x0000000000000074
core   0: 0x0000000080005e3e (0x001191f3) csrrw   gp, fflags, gp
core   0: 1 0x0000000080005e3e (0x001191f3) x3  0x0000000000000011 c1_fflags 0x0000000000000000
core   0: 0x0000000080005e42 (0x2a6e1453) fmax.d  fs0, ft8, ft6
core   0: 1 0x0000000080005e42 (0x2a6e1453) f8  0x0000000000000000
core   0: 0x0000000080005e46 (0x02f22a33) mulhsu  s4, tp, a5
core   0: 1 0x0000000080005e46 (0x02f22a33) x20 0xffffffffffffffff
core   0: 0x0000000080005e4a (0x401efed3) fcvt.s.d ft9, ft9
core   0: 1 0x0000000080005e4a (0x401efed3) f29 0xffffffff7fc00000
core   0: 0x0000000080005e4e (0x004715bb) sllw    a1, a4, tp
core   0: 1 0x0000000080005e4e (0x004715bb) x11 0x0000000000000002
core   0: 0x0000000080005e52 (0xd2180dd3) fcvt.d.wu fs11, a6
core   0: 1 0x0000000080005e52 (0xd2180dd3) f27 0x0000000000000000
core   0: 0x0000000080005e56 (0xc037fe53) fcvt.lu.s t3, fa5
core   0: 1 0x0000000080005e56 (0xc037fe53) c1_fflags 0x0000000000000010 x28 0xffffffffffffffff
core   0: 0x0000000080005e5a (0xc2167c53) fcvt.wu.d s8, fa2
core   0: 1 0x0000000080005e5a (0xc2167c53) c1_fflags 0x0000000000000010 x24 0xffffffffffffffff
core   0: 0x0000000080005e5e (0x026204b3) mul     s1, tp, t1
core   0: 1 0x0000000080005e5e (0x026204b3) x9  0x0000000000000000
core   0: 0x0000000080005e62 (0x0052503b) srlw    zero, tp, t0
core   0: 1 0x0000000080005e62 (0x0052503b)
core   0: 0x0000000080005e66 (0x0259693b) remw    s2, s2, t0
core   0: 1 0x0000000080005e66 (0x0259693b) x18 0x0000000000000074
core   0: 0x0000000080005e6a (0xd031fa53) fcvt.s.lu fs4, gp
core   0: 1 0x0000000080005e6a (0xd031fa53) f20 0xffffffff41880000
core   0: 0x0000000080005e6e (0x4051589b) sraiw   a7, sp, 5
core   0: 1 0x0000000080005e6e (0x4051589b) x17 0x000000000300b600
core   0: 0x0000000080005e72 (0x41ce03bb) subw    t2, t3, t3
core   0: 1 0x0000000080005e72 (0x41ce03bb) x7  0x0000000000000000
core   0: 0x0000000080005e76 (0x5a0b7353) fsqrt.d ft6, fs6
core   0: 1 0x0000000080005e76 (0x5a0b7353) f6  0x7ff8000000000000
core   0: 0x0000000080005e7a (0x0ff0000f) fence   iorw,iorw
core   0: 1 0x0000000080005e7a (0x0ff0000f)
core   0: 0x0000000080005e7e (0x7ff54593) xori    a1, a0, 2047
core   0: 1 0x0000000080005e7e (0x7ff54593) x11 0x00000000000007ff
core   0: 0x0000000080005e82 (0x007694bb) sllw    s1, a3, t2
core   0: 1 0x0000000080005e82 (0x007694bb) x9  0x000000006016c000
core   0: 0x0000000080005e86 (0x3333714b) fnmsub.d ft2, ft6, fs3, ft6
core   0: 1 0x0000000080005e86 (0x3333714b) f2  0x7ff8000000000000
core   0: 0x0000000080005e8a (0x00260033) add     zero, a2, sp
core   0: 1 0x0000000080005e8a (0x00260033)
core   0: 0x0000000080005e8e (0x0110153b) sllw    a0, zero, a7
core   0: 1 0x0000000080005e8e (0x0110153b) x10 0x0000000000000000
core   0: 0x0000000080005e92 (0xfab91cb7) lui     s9, 0xfab91
core   0: 1 0x0000000080005e92 (0xfab91cb7) x25 0xfffffffffab91000
core   0: 0x0000000080005e96 (0xb87c8c9b) addiw   s9, s9, -1145
core   0: 1 0x0000000080005e96 (0xb87c8c9b) x25 0xfffffffffab90b87
core   0: 0x0000000080005e9a (0x00000cb2) c.slli  s9, 12
core   0: 1 0x0000000080005e9a (0x0cb2) x25 0xffffffab90b87000
core   0: 0x0000000080005e9c (0x5b7c8c93) addi    s9, s9, 1463
core   0: 1 0x0000000080005e9c (0x5b7c8c93) x25 0xffffffab90b875b7
core   0: 0x0000000080005ea0 (0xd2060753) fcvt.d.w fa4, a2
core   0: 1 0x0000000080005ea0 (0xd2060753) f14 0x0000000000000000
core   0: 0x0000000080005ea4 (0x010e581b) srliw   a6, t3, 16
core   0: 1 0x0000000080005ea4 (0x010e581b) x16 0x000000000000ffff
core   0: 0x0000000080005ea8 (0x40b355bb) sraw    a1, t1, a1
core   0: 1 0x0000000080005ea8 (0x40b355bb) x11 0x0000000000000000
core   0: 0x0000000080005eac (0x420a0953) fcvt.d.s fs2, fs4
core   0: 1 0x0000000080005eac (0x420a0953) f18 0x4031000000000000
core   0: 0x0000000080005eb0 (0x0395c0b3) div     ra, a1, s9
core   0: 1 0x0000000080005eb0 (0x0395c0b3) x1  0x0000000000000000
core   0: 0x0000000080005eb4 (0x0278773b) remuw   a4, a6, t2
core   0: 1 0x0000000080005eb4 (0x0278773b) x14 0x000000000000ffff
core   0: 0x0000000080005eb8 (0x0ff0000f) fence   iorw,iorw
core   0: 1 0x0000000080005eb8 (0x0ff0000f)
core   0: 0x0000000080005ebc (0x02ee0e33) mul     t3, t3, a4
core   0: 1 0x0000000080005ebc (0x02ee0e33) x28 0xffffffffffff0001
core   0: 0x0000000080005ec0 (0x0ff0000f) fence   iorw,iorw
core   0: 1 0x0000000080005ec0 (0x0ff0000f)
core   0: 0x0000000080005ec4 (0x0b7bfb53) fsub.d  fs6, fs7, fs7
core   0: 1 0x0000000080005ec4 (0x0b7bfb53) f22 0x7ff8000000000000
core   0: 0x0000000080005ec8 (0x03ce5bb3) divu    s7, t3, t3
core   0: 1 0x0000000080005ec8 (0x03ce5bb3) x23 0x0000000000000001
core   0: 0x0000000080005ecc (0xe377f847) fmsub.d fa6, fa5, fs7, ft8
core   0: 1 0x0000000080005ecc (0xe377f847) f16 0x7ff8000000000000
core   0: 0x0000000080005ed0 (0xb8660d1b) addiw   s10, a2, -1146
core   0: 1 0x0000000080005ed0 (0xb8660d1b) x26 0xfffffffffffffb86
core   0: 0x0000000080005ed4 (0xd23d7fd3) fcvt.d.lu ft11, s10
core   0: 1 0x0000000080005ed4 (0xd23d7fd3) c1_fflags 0x0000000000000011 f31 0x43efffffffffffff
core   0: 0x0000000080005ed8 (0x00a8d8bb) srlw    a7, a7, a0
core   0: 1 0x0000000080005ed8 (0x00a8d8bb) x17 0x000000000300b600
core   0: 0x0000000080005edc (0x001e129b) slliw   t0, t3, 1
core   0: 1 0x0000000080005edc (0x001e129b) x5  0xfffffffffffe0002
core   0: 0x0000000080005ee0 (0x0002d033) srl     zero, t0, zero
core   0: 1 0x0000000080005ee0 (0x0002d033)
core   0: 0x0000000080005ee4 (0x035350b3) divu    ra, t1, s5
core   0: 1 0x0000000080005ee4 (0x035350b3) x1  0x0000000000000000
core   0: 0x0000000080005ee8 (0x03036733) rem     a4, t1, a6
core   0: 1 0x0000000080005ee8 (0x03036733) x14 0x0000000000000000
core   0: 0x0000000080005eec (0x001025f3) csrrs   a1, fflags, zero
core   0: 1 0x0000000080005eec (0x001025f3) x11 0x0000000000000011
core   0: 0x0000000080005ef0 (0xc024fed3) fcvt.l.s t4, fs1
core   0: 1 0x0000000080005ef0 (0xc024fed3) x29 0x0000000000000000
core   0: 0x0000000080005ef4 (0xc21c7053) fcvt.wu.d zero, fs8
core   0: 1 0x0000000080005ef4 (0xc21c7053) c1_fflags 0x0000000000000011
core   0: 0x0000000080005ef8 (0x029bab33) mulhsu  s6, s7, s1
core   0: 1 0x0000000080005ef8 (0x029bab33) x22 0x0000000000000000
core   0: 0x0000000080005efc (0x1233fad3) fmul.d  fs5, ft7, ft3
core   0: 1 0x0000000080005efc (0x1233fad3) f21 0x7ff8000000000000
core   0: 0x0000000080005f00 (0x58d4a917) auipc   s2, 0x58d4a
core   0: 1 0x0000000080005f00 (0x58d4a917) x18 0x00000000d8d4ff00
core   0: 0x0000000080005f04 (0x0174873b) addw    a4, s1, s7
core   0: 1 0x0000000080005f04 (0x0174873b) x14 0x000000006016c001
core   0: 0x0000000080005f08 (0xd373f243) fmadd.d ft4, ft7, fs7, fs10
core   0: 1 0x0000000080005f08 (0xd373f243) f4  0x7ff8000000000000
core   0: 0x0000000080005f0c (0x4058561b) sraiw   a2, a6, 5
core   0: 1 0x0000000080005f0c (0x4058561b) x12 0x00000000000007ff
core   0: 0x0000000080005f10 (0x023ede93) srli    t4, t4, 35
core   0: 1 0x0000000080005f10 (0x023ede93) x29 0x0000000000000000
core   0: 0x0000000080005f14 (0x015a6633) or      a2, s4, s5
core   0: 1 0x0000000080005f14 (0x015a6633) x12 0xffffffffffffffff
core   0: 0x0000000080005f18 (0x002020f3) csrrs   ra, frm, zero
core   0: 1 0x0000000080005f18 (0x002020f3) x1  0x0000000000000000
core   0: 0x0000000080005f1c (0x01a296b3) sll     a3, t0, s10
core   0: 1 0x0000000080005f1c (0x01a296b3) x13 0xffffffffff800080
core   0: 0x0000000080005f20 (0x0008001b) sext.w  zero, a6
core   0: 1 0x0000000080005f20 (0x0008001b)
core   0: 0x0000000080005f24 (0x005e6cb3) or      s9, t3, t0
core   0: 1 0x0000000080005f24 (0x005e6cb3) x25 0xffffffffffff0003
core   0: 0x0000000080005f28 (0xc72cf493) andi    s1, s9, -910
core   0: 1 0x0000000080005f28 (0xc72cf493) x9  0xffffffffffff0002
core   0: 0x0000000080005f2c (0x7ff4859b) addiw   a1, s1, 2047
core   0: 1 0x0000000080005f2c (0x7ff4859b) x11 0xffffffffffff0801
core   0: 0x0000000080005f30 (0x413e553b) sraw    a0, t3, s3
core   0: 1 0x0000000080005f30 (0x413e553b) x10 0xffffffffffffffff
core   0: 0x0000000080005f34 (0x01928ab3) add     s5, t0, s9
core   0: 1 0x0000000080005f34 (0x01928ab3) x21 0xfffffffffffd0005
core   0: 0x0000000080005f38 (0xec9cf293) andi    t0, s9, -311
core   0: 1 0x0000000080005f38 (0xec9cf293) x5  0xffffffffffff0001
core   0: 0x0000000080005f3c (0x0ff0000f) fence   iorw,iorw
core   0: 1 0x0000000080005f3c (0x0ff0000f)
core   0: 0x0000000080005f40 (0xf20407d3) fmv.d.x fa5, s0
core   0: 1 0x0000000080005f40 (0xf20407d3) f15 0x0000000000000e97
core   0: 0x0000000080005f44 (0x40805eb3) sra     t4, zero, s0
core   0: 1 0x0000000080005f44 (0x40805eb3) x29 0x0000000000000000
core   0: 0x0000000080005f48 (0x417c53b3) sra     t2, s8, s7
core   0: 1 0x0000000080005f48 (0x417c53b3) x7  0xffffffffffffffff
core   0: 0x0000000080005f4c (0xfb8888b7) lui     a7, 0xfb888
core   0: 1 0x0000000080005f4c (0xfb8888b7) x17 0xfffffffffb888000
core   0: 0x0000000080005f50 (0x1d98889b) addiw   a7, a7, 473
core   0: 1 0x0000000080005f50 (0x1d98889b) x17 0xfffffffffb8881d9
core   0: 0x0000000080005f54 (0x000008b2) c.slli  a7, 12
core   0: 1 0x0000000080005f54 (0x08b2) x17 0xffffffb8881d9000
core   0: 0x0000000080005f56 (0xfd488893) addi    a7, a7, -44
core   0: 1 0x0000000080005f56 (0xfd488893) x17 0xffffffb8881d8fd4
core   0: 0x0000000080005f5a (0x03188eb3) mul     t4, a7, a7
core   0: 1 0x0000000080005f5a (0x03188eb3) x29 0xb7be84fb26d68790
core   0: 0x0000000080005f5e (0xf9bef213) andi    tp, t4, -101
core   0: 1 0x0000000080005f5e (0xf9bef213) x4  0xb7be84fb26d68790
core   0: 0x0000000080005f62 (0x417b8bbb) subw    s7, s7, s7
core   0: 1 0x0000000080005f62 (0x417b8bbb) x23 0x0000000000000000
core   0: 0x0000000080005f66 (0x415adab3) sra     s5, s5, s5
core   0: 1 0x0000000080005f66 (0x415adab3) x21 0xffffffffffffe800
core   0: 0x0000000080005f6a (0x03b3e1bb) remw    gp, t2, s11
core   0: 1 0x0000000080005f6a (0x03b3e1bb) x3  0xffffffffffffffff
core   0: 0x0000000080005f6e (0x23558853) fsgnj.d fa6, fa1, fs5
core   0: 1 0x0000000080005f6e (0x23558853) f16 0x7fffffff40000000
core   0: 0x0000000080005f72 (0x238213d3) fsgnjn.d ft7, ft4, fs8
core   0: 1 0x0000000080005f72 (0x238213d3) f7  0xfff8000000000000
core   0: 0x0000000080005f76 (0x017dddbb) srlw    s11, s11, s7
core   0: 1 0x0000000080005f76 (0x017dddbb) x27 0x000000000300b9db
core   0: 0x0000000080005f7a (0x03bd9bb3) mulh    s7, s11, s11
core   0: 1 0x0000000080005f7a (0x03bd9bb3) x23 0x0000000000000000
core   0: 0x0000000080005f7e (0xc0387cd3) fcvt.lu.s s9, fa6
core   0: 1 0x0000000080005f7e (0xc0387cd3) c1_fflags 0x0000000000000011 x25 0xffffffffffffffff
core   0: 0x0000000080005f82 (0xcbf3fc43) fmadd.d fs8, ft7, ft11, fs9
core   0: 1 0x0000000080005f82 (0xcbf3fc43) f24 0x7ff8000000000000
core   0: 0x0000000080005f86 (0xa38f8953) fle.d   s2, ft11, fs8
core   0: 1 0x0000000080005f86 (0xa38f8953) c1_fflags 0x0000000000000011 x18 0x0000000000000000
core   0: 0x0000000080005f8a (0x2aac9dd3) fmax.d  fs11, fs9, fa0
core   0: 1 0x0000000080005f8a (0x2aac9dd3) f27 0x43f0000000000000
core   0: 0x0000000080005f8e (0x40b30b3b) subw    s6, t1, a1
core   0: 1 0x0000000080005f8e (0x40b30b3b) x22 0x000000000000f7ff
core   0: 0x0000000080005f92 (0xd21b07d3) fcvt.d.wu fa5, s6
core   0: 1 0x0000000080005f92 (0xd21b07d3) f15 0x40eeffe000000000
core   0: 0x0000000080005f96 (0x4016d9bb) sraw    s3, a3, ra
core   0: 1 0x0000000080005f96 (0x4016d9bb) x19 0xffffffffff800080
core   0: 0x0000000080005f9a (0x429e5093) srai    ra, t3, 41
core   0: 1 0x0000000080005f9a (0x429e5093) x1  0xffffffffffffffff
core   0: 0x0000000080005f9e (0x00132433) slt     s0, t1, ra
core   0: 1 0x0000000080005f9e (0x00132433) x8  0x0000000000000000
core   0: 0x0000000080005fa2 (0x00a0de33) srl     t3, ra, a0
core   0: 1 0x0000000080005fa2 (0x00a0de33) x28 0x0000000000000001
core   0: 0x0000000080005fa6 (0xd3faf043) fmadd.d ft0, fs5, ft11, fs10
core   0: 1 0x0000000080005fa6 (0xd3faf043) f0  0x7ff8000000000000
core   0: 0x0000000080005faa (0xcbad79c3) fmadd.d fs3, fs10, fs10, fs9
core   0: 1 0x0000000080005faa (0xcbad79c3) f19 0x7ff8000000000000
core   0: 0x0000000080005fae (0x0041113b) sllw    sp, sp, tp
core   0: 1 0x0000000080005fae (0x0041113b) x2  0xffffffffc0000000
core   0: 0x0000000080005fb2 (0x0285dab3) divu    s5, a1, s0
core   0: 1 0x0000000080005fb2 (0x0285dab3) x21 0xffffffffffffffff
core   0: 0x0000000080005fb6 (0x0ff0000f) fence   iorw,iorw
core   0: 1 0x0000000080005fb6 (0x0ff0000f)
core   0: 0x0000000080005fba (0x4018f1d3) fcvt.s.d ft3, fa7
core   0: 1 0x0000000080005fba (0x4018f1d3) c1_fflags 0x0000000000000011 f3  0xffffffff5f800000
core   0: 0x0000000080005fbe (0x00000001) c.nop
core   0: 1 0x0000000080005fbe (0x0001)
core   0: 0x0000000080005fc0 (0x00000001) c.nop
core   0: 1 0x0000000080005fc0 (0x0001)
core   0: 0x0000000080005fc2 (0x23719d53) fsgnjn.d fs10, ft3, fs7
core   0: 1 0x0000000080005fc2 (0x23719d53) f26 0xffffffff5f800000
core   0: 0x0000000080005fc6 (0x00009be2) c.add   s7, s8
core   0: 1 0x0000000080005fc6 (0x9be2) x23 0xffffffffffffffff
core   0: 0x0000000080005fc8 (0x22388853) fsgnj.d fa6, fa7, ft3
core   0: 1 0x0000000080005fc8 (0x22388853) f16 0xc3effffffff8bc5a
core   0: 0x0000000080005fcc (0xf2080753) fmv.d.x fa4, a6
core   0: 1 0x0000000080005fcc (0xf2080753) f14 0x000000000000ffff
core   0: 0x0000000080005fd0 (0x22f906d3) fsgnj.d fa3, fs2, fa5
core   0: 1 0x0000000080005fd0 (0x22f906d3) f13 0x4031000000000000
core   0: 0x0000000080005fd4 (0xfc980637) lui     a2, 0xfc980
core   0: 1 0x0000000080005fd4 (0xfc980637) x12 0xfffffffffc980000
core   0: 0x0000000080005fd8 (0x3ab6061b) addiw   a2, a2, 939
core   0: 1 0x0000000080005fd8 (0x3ab6061b) x12 0xfffffffffc9803ab
core   0: 0x0000000080005fdc (0x00000632) c.slli  a2, 12
core   0: 1 0x0000000080005fdc (0x0632) x12 0xffffffc9803ab000
core   0: 0x0000000080005fde (0x7b060613) addi    a2, a2, 1968
core   0: 1 0x0000000080005fde (0x7b060613) x12 0xffffffc9803ab7b0
core   0: 0x0000000080005fe2 (0xa2f701d3) fle.d   gp, fa4, fa5
core   0: 1 0x0000000080005fe2 (0xa2f701d3) x3  0x0000000000000001
core   0: 0x0000000080005fe6 (0x0231d6b3) divu    a3, gp, gp
core   0: 1 0x0000000080005fe6 (0x0231d6b3) x13 0x0000000000000001
core   0: 0x0000000080005fea (0x00008405) c.srai  s0, 1
core   0: 1 0x0000000080005fea (0x8405) x8  0x0000000000000000
core   0: 0x0000000080005fec (0x000b121b) slliw   tp, s6, 0
core   0: 1 0x0000000080005fec (0x000b121b) x4  0x000000000000f7ff
core   0: 0x0000000080005ff0 (0x01199e9b) slliw   t4, s3, 17
core   0: 1 0x0000000080005ff0 (0x01199e9b) x29 0x0000000001000000
core   0: 0x0000000080005ff4 (0x4012fc53) fcvt.s.d fs8, ft5
core   0: 1 0x0000000080005ff4 (0x4012fc53) f24 0xffffffff7fc00000
core   0: 0x0000000080005ff8 (0x024e8cb3) mul     s9, t4, tp
core   0: 1 0x0000000080005ff8 (0x024e8cb3) x25 0x000000f7ff000000
core   0: 0x0000000080005ffc (0x036bba33) mulhu   s4, s7, s6
core   0: 1 0x0000000080005ffc (0x036bba33) x20 0x000000000000f7fe
core   0: 0x0000000080006000 (0x400ad49b) sraiw   s1, s5, 0
core   0: 1 0x0000000080006000 (0x400ad49b) x9  0xffffffffffffffff
core   0: 0x0000000080006004 (0x415b8eb3) sub     t4, s7, s5
core   0: 1 0x0000000080006004 (0x415b8eb3) x29 0x0000000000000000
core   0: 0x0000000080006008 (0x03c2d713) srli    a4, t0, 60
core   0: 1 0x0000000080006008 (0x03c2d713) x14 0x000000000000000f
core   0: 0x000000008000600c (0x79674c13) xori    s8, a4, 1942
core   0: 1 0x000000008000600c (0x79674c13) x24 0x0000000000000799
core   0: 0x0000000080006010 (0xe20c01d3) fmv.x.d gp, fs8
core   0: 1 0x0000000080006010 (0xe20c01d3) x3  0xffffffff7fc00000
core   0: 0x0000000080006014 (0x03484a3b) divw    s4, a6, s4
core   0: 1 0x0000000080006014 (0x03484a3b) x20 0x0000000000000001
core   0: 0x0000000080006018 (0x00ad06bb) addw    a3, s10, a0
core   0: 1 0x0000000080006018 (0x00ad06bb) x13 0xfffffffffffffb85
core   0: 0x000000008000601c (0xe2070053) fmv.x.d zero, fa4
core   0: 1 0x000000008000601c (0xe2070053)
core   0: 0x0000000080006020 (0x9d54e493) ori     s1, s1, -1579
core   0: 1 0x0000000080006020 (0x9d54e493) x9  0xffffffffffffffff
core   0: 0x0000000080006024 (0x003dd73b) srlw    a4, s11, gp
core   0: 1 0x0000000080006024 (0x003dd73b) x14 0x000000000300b9db
core   0: 0x0000000080006028 (0x10a7e073) csrrsi  zero, senvcfg, 15
core   0: 1 0x0000000080006028 (0x10a7e073) c266_senvcfg 0x0000000000000000
core   0: 0x000000008000602c (0x28718413) addi    s0, gp, 647
core   0: 1 0x000000008000602c (0x28718413) x8  0xffffffff7fc00287
core   0: 0x0000000080006030 (0x03dc5ebb) divuw   t4, s8, t4
core   0: 1 0x0000000080006030 (0x03dc5ebb) x29 0xffffffffffffffff
core   0: 0x0000000080006034 (0x41b1053b) subw    a0, sp, s11
core   0: 1 0x0000000080006034 (0x41b1053b) x10 0xffffffffbcff4625
core   0: 0x0000000080006038 (0x5a01f353) fsqrt.d ft6, ft3
core   0: 1 0x0000000080006038 (0x5a01f353) f6  0x7ff8000000000000
core   0: 0x000000008000603c (0x0304e83b) remw    a6, s1, a6
core   0: 1 0x000000008000603c (0x0304e83b) x16 0xffffffffffffffff
core   0: 0x0000000080006040 (0x41d7f617) auipc   a2, 0x41d7f
core   0: 1 0x0000000080006040 (0x41d7f617) x12 0x00000000c1d85040
core   0: 0x0000000080006044 (0x01f4d59b) srliw   a1, s1, 31
core   0: 1 0x0000000080006044 (0x01f4d59b) x11 0x0000000000000001
core   0: 0x0000000080006048 (0x3266fe43) fmadd.d ft8, fa3, ft6, ft6
core   0: 1 0x0000000080006048 (0x3266fe43) f28 0x7ff8000000000000
core   0: 0x000000008000604c (0xd2357a53) fcvt.d.lu fs4, a0
core   0: 1 0x000000008000604c (0xd2357a53) c1_fflags 0x0000000000000011 f20 0x43effffffff79fe9
core   0: 0x0000000080006050 (0x22459f53) fsgnjn.d ft10, fa1, ft4
core   0: 1 0x0000000080006050 (0x22459f53) f30 0xffffffff40000000
core   0: 0x0000000080006054 (0x002619f3) csrrw   s3, frm, a2
core   0: 1 0x0000000080006054 (0x002619f3) x19 0x0000000000000000 c2_frm 0x0000000000000000
core   0: 0x0000000080006058 (0xd22c79d3) fcvt.d.l fs3, s8
core   0: 1 0x0000000080006058 (0xd22c79d3) f19 0x409e640000000000
core   0: 0x000000008000605c (0x0031de3b) srlw    t3, gp, gp
core   0: 1 0x000000008000605c (0x0031de3b) x28 0x000000007fc00000
core   0: 0x0000000080006060 (0x4010ff53) fcvt.s.d ft10, ft1
core   0: 1 0x0000000080006060 (0x4010ff53) f30 0xffffffff7fc00000
core   0: 0x0000000080006064 (0x7ff86c13) ori     s8, a6, 2047
core   0: 1 0x0000000080006064 (0x7ff86c13) x24 0xffffffffffffffff
core   0: 0x0000000080006068 (0x03fdd593) srli    a1, s11, 63
core   0: 1 0x0000000080006068 (0x03fdd593) x11 0x0000000000000000
core   0: 0x000000008000606c (0x236ea6d3) fsgnjx.d fa3, ft9, fs6
core   0: 1 0x000000008000606c (0x236ea6d3) f13 0xffffffff7fc00000
core   0: 0x0000000080006070 (0x00159873) csrrw   a6, fflags, a1
core   0: 1 0x0000000080006070 (0x00159873) x16 0x0000000000000011 c1_fflags 0x0000000000000000
core   0: 0x0000000080006074 (0x018d8433) add     s0, s11, s8
core   0: 1 0x0000000080006074 (0x018d8433) x8  0x000000000300b9da
core   0: 0x0000000080006078 (0x42080653) fcvt.d.s fa2, fa6
core   0: 1 0x0000000080006078 (0x42080653) f12 0x7ff8000000000000
core   0: 0x000000008000607c (0xa2eb0353) fle.d   t1, fs6, fa4
core   0: 1 0x000000008000607c (0xa2eb0353) c1_fflags 0x0000000000000010 x6  0x0000000000000000
core   0: 0x0000000080006080 (0x001999f3) csrrw   s3, fflags, s3
core   0: 1 0x0000000080006080 (0x001999f3) x19 0x0000000000000010 c1_fflags 0x0000000000000000
core   0: 0x0000000080006084 (0x014c4a33) xor     s4, s8, s4
core   0: 1 0x0000000080006084 (0x014c4a33) x20 0xfffffffffffffffe
core   0: 0x0000000080006088 (0x6bef7ec3) fmadd.d ft9, ft10, ft10, fa3
core   0: 1 0x0000000080006088 (0x6bef7ec3) f29 0x7ff8000000000000
core   0: 0x000000008000608c (0x01c9ee33) or      t3, s3, t3
core   0: 1 0x000000008000608c (0x01c9ee33) x28 0x000000007fc00010
core   0: 0x0000000080006090 (0x131efdd3) fmul.d  fs11, ft9, fa7
core   0: 1 0x0000000080006090 (0x131efdd3) f27 0x7ff8000000000000
core   0: 0x0000000080006094 (0x00cbf6b3) and     a3, s7, a2
core   0: 1 0x0000000080006094 (0x00cbf6b3) x13 0x00000000c1d85040
core   0: 0x0000000080006098 (0x003161b3) or      gp, sp, gp
core   0: 1 0x0000000080006098 (0x003161b3) x3  0xffffffffffc00000
core   0: >>>>  write_tohost
core   0: 0x000000008000609c (0x948fa0ef) jal     pc - 0x5eb8
core   0: 1 0x000000008000609c (0x948fa0ef) x1  0x00000000800060a0
core   0: >>>>  _exit
core   0: 0x00000000800001e4 (0x00004505) c.li    a0, 1
core   0: 1 0x00000000800001e4 (0x4505) x10 0x0000000000000001
core   0: 0x00000000800001e6 (0x00001f17) auipc   t5, 0x1
core   0: 1 0x00000000800001e6 (0x00001f17) x30 0x00000000800011e6
core   0: 0x00000000800001ea (0xe0af2d23) sw      a0, -486(t5)
core   0: 1 0x00000000800001ea (0xe0af2d23) mem 0x0000000080001000 0x00000001
cp /home/server/RISCV/cva6/verif/sim/out/seed_797/spike_sim/new_seeds_797_.cv64a6_imafdc_sv39.log.iss /home/server/RISCV/cva6/verif/sim/out/seed_797/spike_sim/new_seeds_797_.cv64a6_imafdc_sv39.log
