Makefile:14: must set CVA6_REPO_DIR to point at the root of CVA6 sources and CVA6_TB_DIR to point here -- doing it for you...
LD_LIBRARY_PATH="$(realpath ../../tools/spike/lib):$LD_LIBRARY_PATH" \
	/home/server/RISCV/cva6/tools/spike/bin/spike --steps=2000000  --log-commits --isa=rv64gc_zba_zbb_zbs_zbc_zicsr_zifencei --priv=msu -l /home/server/RISCV/cva6/verif/sim/out/seed_1351/directed_asm_tests/new_seeds_1351_.o
[SPIKE] Max simulation steps: 2000000
[SPIKE] Proc 0 | ISA: rv64gc_zba_zbb_zbs_zbc_zicsr_zifencei PRIV: msu
[SPIKE] Initializing memories...
core   0: 0x0000000000010000 (0x00100413) li      s0, 1
core   0: 3 0x0000000000010000 (0x00100413) x8  0x0000000000000001
core   0: 0x0000000000010004 (0x01f41413) slli    s0, s0, 31
core   0: 3 0x0000000000010004 (0x01f41413) x8  0x0000000080000000
core   0: 0x0000000000010008 (0xf1402573) csrrs   a0, mhartid, zero
core   0: 3 0x0000000000010008 (0xf1402573) x10 0x0000000000000000
core   0: 0x000000000001000c (0x00000597) auipc   a1, 0x0
core   0: 3 0x000000000001000c (0x00000597) x11 0x000000000001000c
core   0: 0x0000000000010010 (0x07458593) addi    a1, a1, 116
core   0: 3 0x0000000000010010 (0x07458593) x11 0x0000000000010080
core   0: 0x0000000000010014 (0x00040067) jr      s0
core   0: 3 0x0000000000010014 (0x00040067)
core   0: >>>>  _start
core   0: 0x0000000080000000 (0x00004081) c.li    ra, 0
core   0: 3 0x0000000080000000 (0x4081) x1  0x0000000000000000
core   0: 0x0000000080000002 (0x00004101) c.li    sp, 0
core   0: 3 0x0000000080000002 (0x4101) x2  0x0000000000000000
core   0: 0x0000000080000004 (0x00004181) c.li    gp, 0
core   0: 3 0x0000000080000004 (0x4181) x3  0x0000000000000000
core   0: 0x0000000080000006 (0x00004201) c.li    tp, 0
core   0: 3 0x0000000080000006 (0x4201) x4  0x0000000000000000
core   0: 0x0000000080000008 (0x00004281) c.li    t0, 0
core   0: 3 0x0000000080000008 (0x4281) x5  0x0000000000000000
core   0: 0x000000008000000a (0x00004301) c.li    t1, 0
core   0: 3 0x000000008000000a (0x4301) x6  0x0000000000000000
core   0: 0x000000008000000c (0x00004381) c.li    t2, 0
core   0: 3 0x000000008000000c (0x4381) x7  0x0000000000000000
core   0: 0x000000008000000e (0x00004401) c.li    s0, 0
core   0: 3 0x000000008000000e (0x4401) x8  0x0000000000000000
core   0: 0x0000000080000010 (0x00004481) c.li    s1, 0
core   0: 3 0x0000000080000010 (0x4481) x9  0x0000000000000000
core   0: 0x0000000080000012 (0x00004501) c.li    a0, 0
core   0: 3 0x0000000080000012 (0x4501) x10 0x0000000000000000
core   0: 0x0000000080000014 (0x00004581) c.li    a1, 0
core   0: 3 0x0000000080000014 (0x4581) x11 0x0000000000000000
core   0: 0x0000000080000016 (0x00004601) c.li    a2, 0
core   0: 3 0x0000000080000016 (0x4601) x12 0x0000000000000000
core   0: 0x0000000080000018 (0x00004681) c.li    a3, 0
core   0: 3 0x0000000080000018 (0x4681) x13 0x0000000000000000
core   0: 0x000000008000001a (0x00004701) c.li    a4, 0
core   0: 3 0x000000008000001a (0x4701) x14 0x0000000000000000
core   0: 0x000000008000001c (0x00004781) c.li    a5, 0
core   0: 3 0x000000008000001c (0x4781) x15 0x0000000000000000
core   0: 0x000000008000001e (0x00004801) c.li    a6, 0
core   0: 3 0x000000008000001e (0x4801) x16 0x0000000000000000
core   0: 0x0000000080000020 (0x00004881) c.li    a7, 0
core   0: 3 0x0000000080000020 (0x4881) x17 0x0000000000000000
core   0: 0x0000000080000022 (0x00004901) c.li    s2, 0
core   0: 3 0x0000000080000022 (0x4901) x18 0x0000000000000000
core   0: 0x0000000080000024 (0x00004981) c.li    s3, 0
core   0: 3 0x0000000080000024 (0x4981) x19 0x0000000000000000
core   0: 0x0000000080000026 (0x00004a01) c.li    s4, 0
core   0: 3 0x0000000080000026 (0x4a01) x20 0x0000000000000000
core   0: 0x0000000080000028 (0x00004a81) c.li    s5, 0
core   0: 3 0x0000000080000028 (0x4a81) x21 0x0000000000000000
core   0: 0x000000008000002a (0x00004b01) c.li    s6, 0
core   0: 3 0x000000008000002a (0x4b01) x22 0x0000000000000000
core   0: 0x000000008000002c (0x00004b81) c.li    s7, 0
core   0: 3 0x000000008000002c (0x4b81) x23 0x0000000000000000
core   0: 0x000000008000002e (0x00004c01) c.li    s8, 0
core   0: 3 0x000000008000002e (0x4c01) x24 0x0000000000000000
core   0: 0x0000000080000030 (0x00004c81) c.li    s9, 0
core   0: 3 0x0000000080000030 (0x4c81) x25 0x0000000000000000
core   0: 0x0000000080000032 (0x00004d01) c.li    s10, 0
core   0: 3 0x0000000080000032 (0x4d01) x26 0x0000000000000000
core   0: 0x0000000080000034 (0x00004d81) c.li    s11, 0
core   0: 3 0x0000000080000034 (0x4d81) x27 0x0000000000000000
core   0: 0x0000000080000036 (0x00004e01) c.li    t3, 0
core   0: 3 0x0000000080000036 (0x4e01) x28 0x0000000000000000
core   0: 0x0000000080000038 (0x00004e81) c.li    t4, 0
core   0: 3 0x0000000080000038 (0x4e81) x29 0x0000000000000000
core   0: 0x000000008000003a (0x00004f01) c.li    t5, 0
core   0: 3 0x000000008000003a (0x4f01) x30 0x0000000000000000
core   0: 0x000000008000003c (0x00004f81) c.li    t6, 0
core   0: 3 0x000000008000003c (0x4f81) x31 0x0000000000000000
core   0: 0x000000008000003e (0x000062f9) c.lui   t0, 0x1e
core   0: 3 0x000000008000003e (0x62f9) x5  0x000000000001e000
core   0: 0x0000000080000040 (0x3002a073) csrrs   zero, mstatus, t0
core   0: 3 0x0000000080000040 (0x3002a073) c768_mstatus 0x8000000a00006000
core   0: 0x0000000080000044 (0x00004285) c.li    t0, 1
core   0: 3 0x0000000080000044 (0x4285) x5  0x0000000000000001
core   0: 0x0000000080000046 (0x000002fe) c.slli  t0, 31
core   0: 3 0x0000000080000046 (0x02fe) x5  0x0000000080000000
core   0: 0x0000000080000048 (0x0002d863) bge     t0, zero, pc + 16
core   0: 3 0x0000000080000048 (0x0002d863)
core   0: 0x0000000080000058 (0x00000297) auipc   t0, 0x0
core   0: 3 0x0000000080000058 (0x00000297) x5  0x0000000080000058
core   0: 0x000000008000005c (0x09028293) addi    t0, t0, 144
core   0: 3 0x000000008000005c (0x09028293) x5  0x00000000800000e8
core   0: 0x0000000080000060 (0x30529073) csrrw   zero, mtvec, t0
core   0: 3 0x0000000080000060 (0x30529073) c773_mtvec 0x00000000800000e8
core   0: 0x0000000080000064 (0x00301073) csrrw   zero, fcsr, zero
core   0: 3 0x0000000080000064 (0x00301073) c1_fflags 0x0000000000000000 c2_frm 0x0000000000000000
core   0: 0x0000000080000068 (0xf0000053) fmv.w.x ft0, zero
core   0: 3 0x0000000080000068 (0xf0000053) f0  0xffffffff00000000
core   0: 0x000000008000006c (0xf00000d3) fmv.w.x ft1, zero
core   0: 3 0x000000008000006c (0xf00000d3) f1  0xffffffff00000000
core   0: 0x0000000080000070 (0xf0000153) fmv.w.x ft2, zero
core   0: 3 0x0000000080000070 (0xf0000153) f2  0xffffffff00000000
core   0: 0x0000000080000074 (0xf00001d3) fmv.w.x ft3, zero
core   0: 3 0x0000000080000074 (0xf00001d3) f3  0xffffffff00000000
core   0: 0x0000000080000078 (0xf0000253) fmv.w.x ft4, zero
core   0: 3 0x0000000080000078 (0xf0000253) f4  0xffffffff00000000
core   0: 0x000000008000007c (0xf00002d3) fmv.w.x ft5, zero
core   0: 3 0x000000008000007c (0xf00002d3) f5  0xffffffff00000000
core   0: 0x0000000080000080 (0xf0000353) fmv.w.x ft6, zero
core   0: 3 0x0000000080000080 (0xf0000353) f6  0xffffffff00000000
core   0: 0x0000000080000084 (0xf00003d3) fmv.w.x ft7, zero
core   0: 3 0x0000000080000084 (0xf00003d3) f7  0xffffffff00000000
core   0: 0x0000000080000088 (0xf0000453) fmv.w.x fs0, zero
core   0: 3 0x0000000080000088 (0xf0000453) f8  0xffffffff00000000
core   0: 0x000000008000008c (0xf00004d3) fmv.w.x fs1, zero
core   0: 3 0x000000008000008c (0xf00004d3) f9  0xffffffff00000000
core   0: 0x0000000080000090 (0xf0000553) fmv.w.x fa0, zero
core   0: 3 0x0000000080000090 (0xf0000553) f10 0xffffffff00000000
core   0: 0x0000000080000094 (0xf00005d3) fmv.w.x fa1, zero
core   0: 3 0x0000000080000094 (0xf00005d3) f11 0xffffffff00000000
core   0: 0x0000000080000098 (0xf0000653) fmv.w.x fa2, zero
core   0: 3 0x0000000080000098 (0xf0000653) f12 0xffffffff00000000
core   0: 0x000000008000009c (0xf00006d3) fmv.w.x fa3, zero
core   0: 3 0x000000008000009c (0xf00006d3) f13 0xffffffff00000000
core   0: 0x00000000800000a0 (0xf0000753) fmv.w.x fa4, zero
core   0: 3 0x00000000800000a0 (0xf0000753) f14 0xffffffff00000000
core   0: 0x00000000800000a4 (0xf00007d3) fmv.w.x fa5, zero
core   0: 3 0x00000000800000a4 (0xf00007d3) f15 0xffffffff00000000
core   0: 0x00000000800000a8 (0xf0000853) fmv.w.x fa6, zero
core   0: 3 0x00000000800000a8 (0xf0000853) f16 0xffffffff00000000
core   0: 0x00000000800000ac (0xf00008d3) fmv.w.x fa7, zero
core   0: 3 0x00000000800000ac (0xf00008d3) f17 0xffffffff00000000
core   0: 0x00000000800000b0 (0xf0000953) fmv.w.x fs2, zero
core   0: 3 0x00000000800000b0 (0xf0000953) f18 0xffffffff00000000
core   0: 0x00000000800000b4 (0xf00009d3) fmv.w.x fs3, zero
core   0: 3 0x00000000800000b4 (0xf00009d3) f19 0xffffffff00000000
core   0: 0x00000000800000b8 (0xf0000a53) fmv.w.x fs4, zero
core   0: 3 0x00000000800000b8 (0xf0000a53) f20 0xffffffff00000000
core   0: 0x00000000800000bc (0xf0000ad3) fmv.w.x fs5, zero
core   0: 3 0x00000000800000bc (0xf0000ad3) f21 0xffffffff00000000
core   0: 0x00000000800000c0 (0xf0000b53) fmv.w.x fs6, zero
core   0: 3 0x00000000800000c0 (0xf0000b53) f22 0xffffffff00000000
core   0: 0x00000000800000c4 (0xf0000bd3) fmv.w.x fs7, zero
core   0: 3 0x00000000800000c4 (0xf0000bd3) f23 0xffffffff00000000
core   0: 0x00000000800000c8 (0xf0000c53) fmv.w.x fs8, zero
core   0: 3 0x00000000800000c8 (0xf0000c53) f24 0xffffffff00000000
core   0: 0x00000000800000cc (0xf0000cd3) fmv.w.x fs9, zero
core   0: 3 0x00000000800000cc (0xf0000cd3) f25 0xffffffff00000000
core   0: 0x00000000800000d0 (0xf0000d53) fmv.w.x fs10, zero
core   0: 3 0x00000000800000d0 (0xf0000d53) f26 0xffffffff00000000
core   0: 0x00000000800000d4 (0xf0000dd3) fmv.w.x fs11, zero
core   0: 3 0x00000000800000d4 (0xf0000dd3) f27 0xffffffff00000000
core   0: 0x00000000800000d8 (0xf0000e53) fmv.w.x ft8, zero
core   0: 3 0x00000000800000d8 (0xf0000e53) f28 0xffffffff00000000
core   0: 0x00000000800000dc (0xf0000ed3) fmv.w.x ft9, zero
core   0: 3 0x00000000800000dc (0xf0000ed3) f29 0xffffffff00000000
core   0: 0x00000000800000e0 (0xf0000f53) fmv.w.x ft10, zero
core   0: 3 0x00000000800000e0 (0xf0000f53) f30 0xffffffff00000000
core   0: 0x00000000800000e4 (0xf0000fd3) fmv.w.x ft11, zero
core   0: 3 0x00000000800000e4 (0xf0000fd3) f31 0xffffffff00000000
core   0: 0x00000000800000e8 (0x00000297) auipc   t0, 0x0
core   0: 3 0x00000000800000e8 (0x00000297) x5  0x00000000800000e8
core   0: 0x00000000800000ec (0x03c28293) addi    t0, t0, 60
core   0: 3 0x00000000800000ec (0x03c28293) x5  0x0000000080000124
core   0: 0x00000000800000f0 (0x30529073) csrrw   zero, mtvec, t0
core   0: 3 0x00000000800000f0 (0x30529073) c773_mtvec 0x0000000080000124
core   0: 0x00000000800000f4 (0x00012197) auipc   gp, 0x12
core   0: 3 0x00000000800000f4 (0x00012197) x3  0x00000000800120f4
core   0: 0x00000000800000f8 (0x73418193) addi    gp, gp, 1844
core   0: 3 0x00000000800000f8 (0x73418193) x3  0x0000000080012828
core   0: 0x00000000800000fc (0x00012217) auipc   tp, 0x12
core   0: 3 0x00000000800000fc (0x00012217) x4  0x00000000800120fc
core   0: 0x0000000080000100 (0xf8320213) addi    tp, tp, -125
core   0: 3 0x0000000080000100 (0xf8320213) x4  0x000000008001207f
core   0: 0x0000000080000104 (0xfc027213) andi    tp, tp, -64
core   0: 3 0x0000000080000104 (0xfc027213) x4  0x0000000080012040
core   0: 0x0000000080000108 (0xf1402573) csrrs   a0, mhartid, zero
core   0: 3 0x0000000080000108 (0xf1402573) x10 0x0000000000000000
core   0: 0x000000008000010c (0x00004585) c.li    a1, 1
core   0: 3 0x000000008000010c (0x4585) x11 0x0000000000000001
core   0: 0x000000008000010e (0x00b57063) bgeu    a0, a1, pc + 0
core   0: 3 0x000000008000010e (0x00b57063)
core   0: 0x0000000080000112 (0x00150113) addi    sp, a0, 1
core   0: 3 0x0000000080000112 (0x00150113) x2  0x0000000000000001
core   0: 0x0000000080000116 (0x00000146) c.slli  sp, 17
core   0: 3 0x0000000080000116 (0x0146) x2  0x0000000000020000
core   0: 0x0000000080000118 (0x00009112) c.add   sp, tp
core   0: 3 0x0000000080000118 (0x9112) x2  0x0000000080032040
core   0: 0x000000008000011a (0x01151613) slli    a2, a0, 17
core   0: 3 0x000000008000011a (0x01151613) x12 0x0000000000000000
core   0: 0x000000008000011e (0x00009232) c.add   tp, a2
core   0: 3 0x000000008000011e (0x9232) x4  0x0000000080012040
core   0: 0x0000000080000120 (0x40e0f06f) j       pc + 0xf40e
core   0: 3 0x0000000080000120 (0x40e0f06f)
core   0: >>>>  _init
core   0: 0x000000008000f52e (0x00007171) c.addi16sp sp, -176
core   0: 3 0x000000008000f52e (0x7171) x2  0x0000000080031f90
core   0: 0x000000008000f530 (0x0000f506) c.sdsp  ra, 168(sp)
core   0: 3 0x000000008000f530 (0xf506) mem 0x0000000080032038 0x0000000000000000
core   0: 0x000000008000f532 (0x0000f122) c.sdsp  s0, 160(sp)
core   0: 3 0x000000008000f532 (0xf122) mem 0x0000000080032030 0x0000000000000000
core   0: 0x000000008000f534 (0x0000ed26) c.sdsp  s1, 152(sp)
core   0: 3 0x000000008000f534 (0xed26) mem 0x0000000080032028 0x0000000000000000
core   0: 0x000000008000f536 (0x00001900) c.addi4spn s0, sp, 176
core   0: 3 0x000000008000f536 (0x1900) x8  0x0000000080032040
core   0: 0x000000008000f538 (0x000087aa) c.mv    a5, a0
core   0: 3 0x000000008000f538 (0x87aa) x15 0x0000000000000000
core   0: 0x000000008000f53a (0x0000872e) c.mv    a4, a1
core   0: 3 0x000000008000f53a (0x872e) x14 0x0000000000000001
core   0: 0x000000008000f53c (0xf4f42e23) sw      a5, -164(s0)
core   0: 3 0x000000008000f53c (0xf4f42e23) mem 0x0000000080031f9c 0x00000000
core   0: 0x000000008000f540 (0x000087ba) c.mv    a5, a4
core   0: 3 0x000000008000f540 (0x87ba) x15 0x0000000000000001
core   0: 0x000000008000f542 (0xf4f42c23) sw      a5, -168(s0)
core   0: 3 0x000000008000f542 (0xf4f42c23) mem 0x0000000080031f98 0x00000001
core   0: 0x000000008000f546 (0xfe040793) addi    a5, s0, -32
core   0: 3 0x000000008000f546 (0xfe040793) x15 0x0000000080032020
core   0: 0x000000008000f54a (0xf4f43823) sd      a5, -176(s0)
core   0: 3 0x000000008000f54a (0xf4f43823) mem 0x0000000080031f90 0x0000000080032020
core   0: 0x000000008000f54e (0xf5043783) ld      a5, -176(s0)
core   0: 3 0x000000008000f54e (0xf5043783) x15 0x0000000080032020 mem 0x0000000080031f90
core   0: 0x000000008000f552 (0xf8078793) addi    a5, a5, -128
core   0: 3 0x000000008000f552 (0xf8078793) x15 0x0000000080031fa0
core   0: 0x000000008000f556 (0x03f78793) addi    a5, a5, 63
core   0: 3 0x000000008000f556 (0x03f78793) x15 0x0000000080031fdf
core   0: 0x000000008000f55a (0x00008399) c.srli  a5, 6
core   0: 3 0x000000008000f55a (0x8399) x15 0x0000000002000c7f
core   0: 0x000000008000f55c (0x00679493) slli    s1, a5, 6
core   0: 3 0x000000008000f55c (0x00679493) x9  0x0000000080031fc0
core   0: 0x000000008000f560 (0xf65ff0ef) jal     pc - 0x9c
core   0: 3 0x000000008000f560 (0xf65ff0ef) x1  0x000000008000f564
core   0: >>>>  init_tls
core   0: 0x000000008000f4c4 (0x00001101) c.addi  sp, -32
core   0: 3 0x000000008000f4c4 (0x1101) x2  0x0000000080031f70
core   0: 0x000000008000f4c6 (0x0000ec06) c.sdsp  ra, 24(sp)
core   0: 3 0x000000008000f4c6 (0xec06) mem 0x0000000080031f88 0x000000008000f564
core   0: 0x000000008000f4c8 (0x0000e822) c.sdsp  s0, 16(sp)
core   0: 3 0x000000008000f4c8 (0xe822) mem 0x0000000080031f80 0x0000000080032040
core   0: 0x000000008000f4ca (0x00001000) c.addi4spn s0, sp, 32
core   0: 3 0x000000008000f4ca (0x1000) x8  0x0000000080031f90
core   0: 0x000000008000f4cc (0x00003717) auipc   a4, 0x3
core   0: 3 0x000000008000f4cc (0x00003717) x14 0x00000000800124cc
core   0: 0x000000008000f4d0 (0xb5c70713) addi    a4, a4, -1188
core   0: 3 0x000000008000f4d0 (0xb5c70713) x14 0x0000000080012028
core   0: 0x000000008000f4d4 (0x00003797) auipc   a5, 0x3
core   0: 3 0x000000008000f4d4 (0x00003797) x15 0x00000000800124d4
core   0: 0x000000008000f4d8 (0xb5478793) addi    a5, a5, -1196
core   0: 3 0x000000008000f4d8 (0xb5478793) x15 0x0000000080012028
core   0: 0x000000008000f4dc (0x40f707b3) sub     a5, a4, a5
core   0: 3 0x000000008000f4dc (0x40f707b3) x15 0x0000000000000000
core   0: 0x000000008000f4e0 (0xfef43423) sd      a5, -24(s0)
core   0: 3 0x000000008000f4e0 (0xfef43423) mem 0x0000000080031f78 0x0000000000000000
core   0: 0x000000008000f4e4 (0x00008792) c.mv    a5, tp
core   0: 3 0x000000008000f4e4 (0x8792) x15 0x0000000080012040
core   0: 0x000000008000f4e6 (0xfe843603) ld      a2, -24(s0)
core   0: 3 0x000000008000f4e6 (0xfe843603) x12 0x0000000000000000 mem 0x0000000080031f78
core   0: 0x000000008000f4ea (0x00003597) auipc   a1, 0x3
core   0: 3 0x000000008000f4ea (0x00003597) x11 0x00000000800124ea
core   0: 0x000000008000f4ee (0xb3e58593) addi    a1, a1, -1218
core   0: 3 0x000000008000f4ee (0xb3e58593) x11 0x0000000080012028
core   0: 0x000000008000f4f2 (0x0000853e) c.mv    a0, a5
core   0: 3 0x000000008000f4f2 (0x853e) x10 0x0000000080012040
core   0: 0x000000008000f4f4 (0x0f9000ef) jal     pc + 0x8f8
core   0: 3 0x000000008000f4f4 (0x0f9000ef) x1  0x000000008000f4f8
core   0: >>>>  memcpy
core   0: 0x000000008000fdec (0x0000715d) c.addi16sp sp, -80
core   0: 3 0x000000008000fdec (0x715d) x2  0x0000000080031f20
core   0: 0x000000008000fdee (0x0000e4a2) c.sdsp  s0, 72(sp)
core   0: 3 0x000000008000fdee (0xe4a2) mem 0x0000000080031f68 0x0000000080031f90
core   0: 0x000000008000fdf0 (0x00000880) c.addi4spn s0, sp, 80
core   0: 3 0x000000008000fdf0 (0x0880) x8  0x0000000080031f70
core   0: 0x000000008000fdf2 (0xfca43423) sd      a0, -56(s0)
core   0: 3 0x000000008000fdf2 (0xfca43423) mem 0x0000000080031f38 0x0000000080012040
core   0: 0x000000008000fdf6 (0xfcb43023) sd      a1, -64(s0)
core   0: 3 0x000000008000fdf6 (0xfcb43023) mem 0x0000000080031f30 0x0000000080012028
core   0: 0x000000008000fdfa (0xfac43c23) sd      a2, -72(s0)
core   0: 3 0x000000008000fdfa (0xfac43c23) mem 0x0000000080031f28 0x0000000000000000
core   0: 0x000000008000fdfe (0xfc843703) ld      a4, -56(s0)
core   0: 3 0x000000008000fdfe (0xfc843703) x14 0x0000000080012040 mem 0x0000000080031f38
core   0: 0x000000008000fe02 (0xfc043783) ld      a5, -64(s0)
core   0: 3 0x000000008000fe02 (0xfc043783) x15 0x0000000080012028 mem 0x0000000080031f30
core   0: 0x000000008000fe06 (0x00008f5d) c.or    a4, a5
core   0: 3 0x000000008000fe06 (0x8f5d) x14 0x0000000080012068
core   0: 0x000000008000fe08 (0xfb843783) ld      a5, -72(s0)
core   0: 3 0x000000008000fe08 (0xfb843783) x15 0x0000000000000000 mem 0x0000000080031f28
core   0: 0x000000008000fe0c (0x00008fd9) c.or    a5, a4
core   0: 3 0x000000008000fe0c (0x8fd9) x15 0x0000000080012068
core   0: 0x000000008000fe0e (0x00008b9d) c.andi  a5, 7
core   0: 3 0x000000008000fe0e (0x8b9d) x15 0x0000000000000000
core   0: 0x000000008000fe10 (0x0000e3b1) c.bnez  a5, pc + 68
core   0: 3 0x000000008000fe10 (0xe3b1)
core   0: 0x000000008000fe12 (0xfc043783) ld      a5, -64(s0)
core   0: 3 0x000000008000fe12 (0xfc043783) x15 0x0000000080012028 mem 0x0000000080031f30
core   0: 0x000000008000fe16 (0xfef43423) sd      a5, -24(s0)
core   0: 3 0x000000008000fe16 (0xfef43423) mem 0x0000000080031f58 0x0000000080012028
core   0: 0x000000008000fe1a (0xfc843783) ld      a5, -56(s0)
core   0: 3 0x000000008000fe1a (0xfc843783) x15 0x0000000080012040 mem 0x0000000080031f38
core   0: 0x000000008000fe1e (0xfef43023) sd      a5, -32(s0)
core   0: 3 0x000000008000fe1e (0xfef43023) mem 0x0000000080031f50 0x0000000080012040
core   0: 0x000000008000fe22 (0x0000a839) c.j     pc + 30
core   0: 3 0x000000008000fe22 (0xa839)
core   0: 0x000000008000fe40 (0xfc843703) ld      a4, -56(s0)
core   0: 3 0x000000008000fe40 (0xfc843703) x14 0x0000000080012040 mem 0x0000000080031f38
core   0: 0x000000008000fe44 (0xfb843783) ld      a5, -72(s0)
core   0: 3 0x000000008000fe44 (0xfb843783) x15 0x0000000000000000 mem 0x0000000080031f28
core   0: 0x000000008000fe48 (0x000097ba) c.add   a5, a4
core   0: 3 0x000000008000fe48 (0x97ba) x15 0x0000000080012040
core   0: 0x000000008000fe4a (0xfe043703) ld      a4, -32(s0)
core   0: 3 0x000000008000fe4a (0xfe043703) x14 0x0000000080012040 mem 0x0000000080031f50
core   0: 0x000000008000fe4e (0xfcf76be3) bltu    a4, a5, pc - 42
core   0: 3 0x000000008000fe4e (0xfcf76be3)
core   0: 0x000000008000fe52 (0x0000a099) c.j     pc + 70
core   0: 3 0x000000008000fe52 (0xa099)
core   0: 0x000000008000fe98 (0xfc843783) ld      a5, -56(s0)
core   0: 3 0x000000008000fe98 (0xfc843783) x15 0x0000000080012040 mem 0x0000000080031f38
core   0: 0x000000008000fe9c (0x0000853e) c.mv    a0, a5
core   0: 3 0x000000008000fe9c (0x853e) x10 0x0000000080012040
core   0: 0x000000008000fe9e (0x00006426) c.ldsp  s0, 72(sp)
core   0: 3 0x000000008000fe9e (0x6426) x8  0x0000000080031f90 mem 0x0000000080031f68
core   0: 0x000000008000fea0 (0x00006161) c.addi16sp sp, 80
core   0: 3 0x000000008000fea0 (0x6161) x2  0x0000000080031f70
core   0: 0x000000008000fea2 (0x00008082) ret
core   0: 3 0x000000008000fea2 (0x8082)
core   0: 0x000000008000f4f8 (0x00003717) auipc   a4, 0x3
core   0: 3 0x000000008000f4f8 (0x00003717) x14 0x00000000800124f8
core   0: 0x000000008000f4fc (0xbcc70713) addi    a4, a4, -1076
core   0: 3 0x000000008000f4fc (0xbcc70713) x14 0x00000000800120c4
core   0: 0x000000008000f500 (0x00003797) auipc   a5, 0x3
core   0: 3 0x000000008000f500 (0x00003797) x15 0x0000000080012500
core   0: 0x000000008000f504 (0xb2878793) addi    a5, a5, -1240
core   0: 3 0x000000008000f504 (0xb2878793) x15 0x0000000080012028
core   0: 0x000000008000f508 (0x40f707b3) sub     a5, a4, a5
core   0: 3 0x000000008000f508 (0x40f707b3) x15 0x000000000000009c
core   0: 0x000000008000f50c (0xfef43023) sd      a5, -32(s0)
core   0: 3 0x000000008000f50c (0xfef43023) mem 0x0000000080031f70 0x000000000000009c
core   0: 0x000000008000f510 (0x00008712) c.mv    a4, tp
core   0: 3 0x000000008000f510 (0x8712) x14 0x0000000080012040
core   0: 0x000000008000f512 (0xfe843783) ld      a5, -24(s0)
core   0: 3 0x000000008000f512 (0xfe843783) x15 0x0000000000000000 mem 0x0000000080031f78
core   0: 0x000000008000f516 (0x000097ba) c.add   a5, a4
core   0: 3 0x000000008000f516 (0x97ba) x15 0x0000000080012040
core   0: 0x000000008000f518 (0xfe043603) ld      a2, -32(s0)
core   0: 3 0x000000008000f518 (0xfe043603) x12 0x000000000000009c mem 0x0000000080031f70
core   0: 0x000000008000f51c (0x00004581) c.li    a1, 0
core   0: 3 0x000000008000f51c (0x4581) x11 0x0000000000000000
core   0: 0x000000008000f51e (0x0000853e) c.mv    a0, a5
core   0: 3 0x000000008000f51e (0x853e) x10 0x0000000080012040
core   0: 0x000000008000f520 (0x185000ef) jal     pc + 0x984
core   0: 3 0x000000008000f520 (0x185000ef) x1  0x000000008000f524
core   0: >>>>  memset
core   0: 0x000000008000fea4 (0x0000715d) c.addi16sp sp, -80
core   0: 3 0x000000008000fea4 (0x715d) x2  0x0000000080031f20
core   0: 0x000000008000fea6 (0x0000e4a2) c.sdsp  s0, 72(sp)
core   0: 3 0x000000008000fea6 (0xe4a2) mem 0x0000000080031f68 0x0000000080031f90
core   0: 0x000000008000fea8 (0x00000880) c.addi4spn s0, sp, 80
core   0: 3 0x000000008000fea8 (0x0880) x8  0x0000000080031f70
core   0: 0x000000008000feaa (0xfca43423) sd      a0, -56(s0)
core   0: 3 0x000000008000feaa (0xfca43423) mem 0x0000000080031f38 0x0000000080012040
core   0: 0x000000008000feae (0x000087ae) c.mv    a5, a1
core   0: 3 0x000000008000feae (0x87ae) x15 0x0000000000000000
core   0: 0x000000008000feb0 (0xfac43c23) sd      a2, -72(s0)
core   0: 3 0x000000008000feb0 (0xfac43c23) mem 0x0000000080031f28 0x000000000000009c
core   0: 0x000000008000feb4 (0xfcf42223) sw      a5, -60(s0)
core   0: 3 0x000000008000feb4 (0xfcf42223) mem 0x0000000080031f34 0x00000000
core   0: 0x000000008000feb8 (0xfc843703) ld      a4, -56(s0)
core   0: 3 0x000000008000feb8 (0xfc843703) x14 0x0000000080012040 mem 0x0000000080031f38
core   0: 0x000000008000febc (0xfb843783) ld      a5, -72(s0)
core   0: 3 0x000000008000febc (0xfb843783) x15 0x000000000000009c mem 0x0000000080031f28
core   0: 0x000000008000fec0 (0x00008fd9) c.or    a5, a4
core   0: 3 0x000000008000fec0 (0x8fd9) x15 0x00000000800120dc
core   0: 0x000000008000fec2 (0x00008b9d) c.andi  a5, 7
core   0: 3 0x000000008000fec2 (0x8b9d) x15 0x0000000000000004
core   0: 0x000000008000fec4 (0x0000e7bd) c.bnez  a5, pc + 110
core   0: 3 0x000000008000fec4 (0xe7bd)
core   0: 0x000000008000ff32 (0xfc843783) ld      a5, -56(s0)
core   0: 3 0x000000008000ff32 (0xfc843783) x15 0x0000000080012040 mem 0x0000000080031f38
core   0: 0x000000008000ff36 (0xfef43023) sd      a5, -32(s0)
core   0: 3 0x000000008000ff36 (0xfef43023) mem 0x0000000080031f50 0x0000000080012040
core   0: 0x000000008000ff3a (0x0000a829) c.j     pc + 26
core   0: 3 0x000000008000ff3a (0xa829)
core   0: 0x000000008000ff54 (0xfc843703) ld      a4, -56(s0)
core   0: 3 0x000000008000ff54 (0xfc843703) x14 0x0000000080012040 mem 0x0000000080031f38
core   0: 0x000000008000ff58 (0xfb843783) ld      a5, -72(s0)
core   0: 3 0x000000008000ff58 (0xfb843783) x15 0x000000000000009c mem 0x0000000080031f28
core   0: 0x000000008000ff5c (0x000097ba) c.add   a5, a4
core   0: 3 0x000000008000ff5c (0x97ba) x15 0x00000000800120dc
core   0: 0x000000008000ff5e (0xfe043703) ld      a4, -32(s0)
core   0: 3 0x000000008000ff5e (0xfe043703) x14 0x0000000080012040 mem 0x0000000080031f50
core   0: 0x000000008000ff62 (0xfcf76de3) bltu    a4, a5, pc - 38
core   0: 3 0x000000008000ff62 (0xfcf76de3)
core   0: 0x000000008000ff3c (0xfe043783) ld      a5, -32(s0)
core   0: 3 0x000000008000ff3c (0xfe043783) x15 0x0000000080012040 mem 0x0000000080031f50
core   0: 0x000000008000ff40 (0x00178713) addi    a4, a5, 1
core   0: 3 0x000000008000ff40 (0x00178713) x14 0x0000000080012041
core   0: 0x000000008000ff44 (0xfee43023) sd      a4, -32(s0)
core   0: 3 0x000000008000ff44 (0xfee43023) mem 0x0000000080031f50 0x0000000080012041
core   0: 0x000000008000ff48 (0xfc442703) lw      a4, -60(s0)
core   0: 3 0x000000008000ff48 (0xfc442703) x14 0x0000000000000000 mem 0x0000000080031f34
core   0: 0x000000008000ff4c (0x0ff77713) andi    a4, a4, 255
core   0: 3 0x000000008000ff4c (0x0ff77713) x14 0x0000000000000000
core   0: 0x000000008000ff50 (0x00e78023) sb      a4, 0(a5)
core   0: 3 0x000000008000ff50 (0x00e78023) mem 0x0000000080012040 0x00
core   0: 0x000000008000ff54 (0xfc843703) ld      a4, -56(s0)
core   0: 3 0x000000008000ff54 (0xfc843703) x14 0x0000000080012040 mem 0x0000000080031f38
core   0: 0x000000008000ff58 (0xfb843783) ld      a5, -72(s0)
core   0: 3 0x000000008000ff58 (0xfb843783) x15 0x000000000000009c mem 0x0000000080031f28
core   0: 0x000000008000ff5c (0x000097ba) c.add   a5, a4
core   0: 3 0x000000008000ff5c (0x97ba) x15 0x00000000800120dc
core   0: 0x000000008000ff5e (0xfe043703) ld      a4, -32(s0)
core   0: 3 0x000000008000ff5e (0xfe043703) x14 0x0000000080012041 mem 0x0000000080031f50
core   0: 0x000000008000ff62 (0xfcf76de3) bltu    a4, a5, pc - 38
core   0: 3 0x000000008000ff62 (0xfcf76de3)
core   0: 0x000000008000ff3c (0xfe043783) ld      a5, -32(s0)
core   0: 3 0x000000008000ff3c (0xfe043783) x15 0x0000000080012041 mem 0x0000000080031f50
core   0: 0x000000008000ff40 (0x00178713) addi    a4, a5, 1
core   0: 3 0x000000008000ff40 (0x00178713) x14 0x0000000080012042
core   0: 0x000000008000ff44 (0xfee43023) sd      a4, -32(s0)
core   0: 3 0x000000008000ff44 (0xfee43023) mem 0x0000000080031f50 0x0000000080012042
core   0: 0x000000008000ff48 (0xfc442703) lw      a4, -60(s0)
core   0: 3 0x000000008000ff48 (0xfc442703) x14 0x0000000000000000 mem 0x0000000080031f34
core   0: 0x000000008000ff4c (0x0ff77713) andi    a4, a4, 255
core   0: 3 0x000000008000ff4c (0x0ff77713) x14 0x0000000000000000
core   0: 0x000000008000ff50 (0x00e78023) sb      a4, 0(a5)
core   0: 3 0x000000008000ff50 (0x00e78023) mem 0x0000000080012041 0x00
core   0: 0x000000008000ff54 (0xfc843703) ld      a4, -56(s0)
core   0: 3 0x000000008000ff54 (0xfc843703) x14 0x0000000080012040 mem 0x0000000080031f38
core   0: 0x000000008000ff58 (0xfb843783) ld      a5, -72(s0)
core   0: 3 0x000000008000ff58 (0xfb843783) x15 0x000000000000009c mem 0x0000000080031f28
core   0: 0x000000008000ff5c (0x000097ba) c.add   a5, a4
core   0: 3 0x000000008000ff5c (0x97ba) x15 0x00000000800120dc
core   0: 0x000000008000ff5e (0xfe043703) ld      a4, -32(s0)
core   0: 3 0x000000008000ff5e (0xfe043703) x14 0x0000000080012042 mem 0x0000000080031f50
core   0: 0x000000008000ff62 (0xfcf76de3) bltu    a4, a5, pc - 38
core   0: 3 0x000000008000ff62 (0xfcf76de3)
core   0: 0x000000008000ff3c (0xfe043783) ld      a5, -32(s0)
core   0: 3 0x000000008000ff3c (0xfe043783) x15 0x0000000080012042 mem 0x0000000080031f50
core   0: 0x000000008000ff40 (0x00178713) addi    a4, a5, 1
core   0: 3 0x000000008000ff40 (0x00178713) x14 0x0000000080012043
core   0: 0x000000008000ff44 (0xfee43023) sd      a4, -32(s0)
core   0: 3 0x000000008000ff44 (0xfee43023) mem 0x0000000080031f50 0x0000000080012043
core   0: 0x000000008000ff48 (0xfc442703) lw      a4, -60(s0)
core   0: 3 0x000000008000ff48 (0xfc442703) x14 0x0000000000000000 mem 0x0000000080031f34
core   0: 0x000000008000ff4c (0x0ff77713) andi    a4, a4, 255
core   0: 3 0x000000008000ff4c (0x0ff77713) x14 0x0000000000000000
core   0: 0x000000008000ff50 (0x00e78023) sb      a4, 0(a5)
core   0: 3 0x000000008000ff50 (0x00e78023) mem 0x0000000080012042 0x00
core   0: 0x000000008000ff54 (0xfc843703) ld      a4, -56(s0)
core   0: 3 0x000000008000ff54 (0xfc843703) x14 0x0000000080012040 mem 0x0000000080031f38
core   0: 0x000000008000ff58 (0xfb843783) ld      a5, -72(s0)
core   0: 3 0x000000008000ff58 (0xfb843783) x15 0x000000000000009c mem 0x0000000080031f28
core   0: 0x000000008000ff5c (0x000097ba) c.add   a5, a4
core   0: 3 0x000000008000ff5c (0x97ba) x15 0x00000000800120dc
core   0: 0x000000008000ff5e (0xfe043703) ld      a4, -32(s0)
core   0: 3 0x000000008000ff5e (0xfe043703) x14 0x0000000080012043 mem 0x0000000080031f50
core   0: 0x000000008000ff62 (0xfcf76de3) bltu    a4, a5, pc - 38
core   0: 3 0x000000008000ff62 (0xfcf76de3)
core   0: 0x000000008000ff3c (0xfe043783) ld      a5, -32(s0)
core   0: 3 0x000000008000ff3c (0xfe043783) x15 0x0000000080012043 mem 0x0000000080031f50
core   0: 0x000000008000ff40 (0x00178713) addi    a4, a5, 1
core   0: 3 0x000000008000ff40 (0x00178713) x14 0x0000000080012044
core   0: 0x000000008000ff44 (0xfee43023) sd      a4, -32(s0)
core   0: 3 0x000000008000ff44 (0xfee43023) mem 0x0000000080031f50 0x0000000080012044
core   0: 0x000000008000ff48 (0xfc442703) lw      a4, -60(s0)
core   0: 3 0x000000008000ff48 (0xfc442703) x14 0x0000000000000000 mem 0x0000000080031f34
core   0: 0x000000008000ff4c (0x0ff77713) andi    a4, a4, 255
core   0: 3 0x000000008000ff4c (0x0ff77713) x14 0x0000000000000000
core   0: 0x000000008000ff50 (0x00e78023) sb      a4, 0(a5)
core   0: 3 0x000000008000ff50 (0x00e78023) mem 0x0000000080012043 0x00
core   0: 0x000000008000ff54 (0xfc843703) ld      a4, -56(s0)
core   0: 3 0x000000008000ff54 (0xfc843703) x14 0x0000000080012040 mem 0x0000000080031f38
core   0: 0x000000008000ff58 (0xfb843783) ld      a5, -72(s0)
core   0: 3 0x000000008000ff58 (0xfb843783) x15 0x000000000000009c mem 0x0000000080031f28
core   0: 0x000000008000ff5c (0x000097ba) c.add   a5, a4
core   0: 3 0x000000008000ff5c (0x97ba) x15 0x00000000800120dc
core   0: 0x000000008000ff5e (0xfe043703) ld      a4, -32(s0)
core   0: 3 0x000000008000ff5e (0xfe043703) x14 0x0000000080012044 mem 0x0000000080031f50
core   0: 0x000000008000ff62 (0xfcf76de3) bltu    a4, a5, pc - 38
core   0: 3 0x000000008000ff62 (0xfcf76de3)
core   0: 0x000000008000ff3c (0xfe043783) ld      a5, -32(s0)
core   0: 3 0x000000008000ff3c (0xfe043783) x15 0x0000000080012044 mem 0x0000000080031f50
core   0: 0x000000008000ff40 (0x00178713) addi    a4, a5, 1
core   0: 3 0x000000008000ff40 (0x00178713) x14 0x0000000080012045
core   0: 0x000000008000ff44 (0xfee43023) sd      a4, -32(s0)
core   0: 3 0x000000008000ff44 (0xfee43023) mem 0x0000000080031f50 0x0000000080012045
core   0: 0x000000008000ff48 (0xfc442703) lw      a4, -60(s0)
core   0: 3 0x000000008000ff48 (0xfc442703) x14 0x0000000000000000 mem 0x0000000080031f34
core   0: 0x000000008000ff4c (0x0ff77713) andi    a4, a4, 255
core   0: 3 0x000000008000ff4c (0x0ff77713) x14 0x0000000000000000
core   0: 0x000000008000ff50 (0x00e78023) sb      a4, 0(a5)
core   0: 3 0x000000008000ff50 (0x00e78023) mem 0x0000000080012044 0x00
core   0: 0x000000008000ff54 (0xfc843703) ld      a4, -56(s0)
core   0: 3 0x000000008000ff54 (0xfc843703) x14 0x0000000080012040 mem 0x0000000080031f38
core   0: 0x000000008000ff58 (0xfb843783) ld      a5, -72(s0)
core   0: 3 0x000000008000ff58 (0xfb843783) x15 0x000000000000009c mem 0x0000000080031f28
core   0: 0x000000008000ff5c (0x000097ba) c.add   a5, a4
core   0: 3 0x000000008000ff5c (0x97ba) x15 0x00000000800120dc
core   0: 0x000000008000ff5e (0xfe043703) ld      a4, -32(s0)
core   0: 3 0x000000008000ff5e (0xfe043703) x14 0x0000000080012045 mem 0x0000000080031f50
core   0: 0x000000008000ff62 (0xfcf76de3) bltu    a4, a5, pc - 38
core   0: 3 0x000000008000ff62 (0xfcf76de3)
core   0: 0x000000008000ff3c (0xfe043783) ld      a5, -32(s0)
core   0: 3 0x000000008000ff3c (0xfe043783) x15 0x0000000080012045 mem 0x0000000080031f50
core   0: 0x000000008000ff40 (0x00178713) addi    a4, a5, 1
core   0: 3 0x000000008000ff40 (0x00178713) x14 0x0000000080012046
core   0: 0x000000008000ff44 (0xfee43023) sd      a4, -32(s0)
core   0: 3 0x000000008000ff44 (0xfee43023) mem 0x0000000080031f50 0x0000000080012046
core   0: 0x000000008000ff48 (0xfc442703) lw      a4, -60(s0)
core   0: 3 0x000000008000ff48 (0xfc442703) x14 0x0000000000000000 mem 0x0000000080031f34
core   0: 0x000000008000ff4c (0x0ff77713) andi    a4, a4, 255
core   0: 3 0x000000008000ff4c (0x0ff77713) x14 0x0000000000000000
core   0: 0x000000008000ff50 (0x00e78023) sb      a4, 0(a5)
core   0: 3 0x000000008000ff50 (0x00e78023) mem 0x0000000080012045 0x00
core   0: 0x000000008000ff54 (0xfc843703) ld      a4, -56(s0)
core   0: 3 0x000000008000ff54 (0xfc843703) x14 0x0000000080012040 mem 0x0000000080031f38
core   0: 0x000000008000ff58 (0xfb843783) ld      a5, -72(s0)
core   0: 3 0x000000008000ff58 (0xfb843783) x15 0x000000000000009c mem 0x0000000080031f28
core   0: 0x000000008000ff5c (0x000097ba) c.add   a5, a4
core   0: 3 0x000000008000ff5c (0x97ba) x15 0x00000000800120dc
core   0: 0x000000008000ff5e (0xfe043703) ld      a4, -32(s0)
core   0: 3 0x000000008000ff5e (0xfe043703) x14 0x0000000080012046 mem 0x0000000080031f50
core   0: 0x000000008000ff62 (0xfcf76de3) bltu    a4, a5, pc - 38
core   0: 3 0x000000008000ff62 (0xfcf76de3)
core   0: 0x000000008000ff3c (0xfe043783) ld      a5, -32(s0)
core   0: 3 0x000000008000ff3c (0xfe043783) x15 0x0000000080012046 mem 0x0000000080031f50
core   0: 0x000000008000ff40 (0x00178713) addi    a4, a5, 1
core   0: 3 0x000000008000ff40 (0x00178713) x14 0x0000000080012047
core   0: 0x000000008000ff44 (0xfee43023) sd      a4, -32(s0)
core   0: 3 0x000000008000ff44 (0xfee43023) mem 0x0000000080031f50 0x0000000080012047
core   0: 0x000000008000ff48 (0xfc442703) lw      a4, -60(s0)
core   0: 3 0x000000008000ff48 (0xfc442703) x14 0x0000000000000000 mem 0x0000000080031f34
core   0: 0x000000008000ff4c (0x0ff77713) andi    a4, a4, 255
core   0: 3 0x000000008000ff4c (0x0ff77713) x14 0x0000000000000000
core   0: 0x000000008000ff50 (0x00e78023) sb      a4, 0(a5)
core   0: 3 0x000000008000ff50 (0x00e78023) mem 0x0000000080012046 0x00
core   0: 0x000000008000ff54 (0xfc843703) ld      a4, -56(s0)
core   0: 3 0x000000008000ff54 (0xfc843703) x14 0x0000000080012040 mem 0x0000000080031f38
core   0: 0x000000008000ff58 (0xfb843783) ld      a5, -72(s0)
core   0: 3 0x000000008000ff58 (0xfb843783) x15 0x000000000000009c mem 0x0000000080031f28
core   0: 0x000000008000ff5c (0x000097ba) c.add   a5, a4
core   0: 3 0x000000008000ff5c (0x97ba) x15 0x00000000800120dc
core   0: 0x000000008000ff5e (0xfe043703) ld      a4, -32(s0)
core   0: 3 0x000000008000ff5e (0xfe043703) x14 0x0000000080012047 mem 0x0000000080031f50
core   0: 0x000000008000ff62 (0xfcf76de3) bltu    a4, a5, pc - 38
core   0: 3 0x000000008000ff62 (0xfcf76de3)
core   0: 0x000000008000ff3c (0xfe043783) ld      a5, -32(s0)
core   0: 3 0x000000008000ff3c (0xfe043783) x15 0x0000000080012047 mem 0x0000000080031f50
core   0: 0x000000008000ff40 (0x00178713) addi    a4, a5, 1
core   0: 3 0x000000008000ff40 (0x00178713) x14 0x0000000080012048
core   0: 0x000000008000ff44 (0xfee43023) sd      a4, -32(s0)
core   0: 3 0x000000008000ff44 (0xfee43023) mem 0x0000000080031f50 0x0000000080012048
core   0: 0x000000008000ff48 (0xfc442703) lw      a4, -60(s0)
core   0: 3 0x000000008000ff48 (0xfc442703) x14 0x0000000000000000 mem 0x0000000080031f34
core   0: 0x000000008000ff4c (0x0ff77713) andi    a4, a4, 255
core   0: 3 0x000000008000ff4c (0x0ff77713) x14 0x0000000000000000
core   0: 0x000000008000ff50 (0x00e78023) sb      a4, 0(a5)
core   0: 3 0x000000008000ff50 (0x00e78023) mem 0x0000000080012047 0x00
core   0: 0x000000008000ff54 (0xfc843703) ld      a4, -56(s0)
core   0: 3 0x000000008000ff54 (0xfc843703) x14 0x0000000080012040 mem 0x0000000080031f38
core   0: 0x000000008000ff58 (0xfb843783) ld      a5, -72(s0)
core   0: 3 0x000000008000ff58 (0xfb843783) x15 0x000000000000009c mem 0x0000000080031f28
core   0: 0x000000008000ff5c (0x000097ba) c.add   a5, a4
core   0: 3 0x000000008000ff5c (0x97ba) x15 0x00000000800120dc
core   0: 0x000000008000ff5e (0xfe043703) ld      a4, -32(s0)
core   0: 3 0x000000008000ff5e (0xfe043703) x14 0x0000000080012048 mem 0x0000000080031f50
core   0: 0x000000008000ff62 (0xfcf76de3) bltu    a4, a5, pc - 38
core   0: 3 0x000000008000ff62 (0xfcf76de3)
core   0: 0x000000008000ff3c (0xfe043783) ld      a5, -32(s0)
core   0: 3 0x000000008000ff3c (0xfe043783) x15 0x0000000080012048 mem 0x0000000080031f50
core   0: 0x000000008000ff40 (0x00178713) addi    a4, a5, 1
core   0: 3 0x000000008000ff40 (0x00178713) x14 0x0000000080012049
core   0: 0x000000008000ff44 (0xfee43023) sd      a4, -32(s0)
core   0: 3 0x000000008000ff44 (0xfee43023) mem 0x0000000080031f50 0x0000000080012049
core   0: 0x000000008000ff48 (0xfc442703) lw      a4, -60(s0)
core   0: 3 0x000000008000ff48 (0xfc442703) x14 0x0000000000000000 mem 0x0000000080031f34
core   0: 0x000000008000ff4c (0x0ff77713) andi    a4, a4, 255
core   0: 3 0x000000008000ff4c (0x0ff77713) x14 0x0000000000000000
core   0: 0x000000008000ff50 (0x00e78023) sb      a4, 0(a5)
core   0: 3 0x000000008000ff50 (0x00e78023) mem 0x0000000080012048 0x00
core   0: 0x000000008000ff54 (0xfc843703) ld      a4, -56(s0)
core   0: 3 0x000000008000ff54 (0xfc843703) x14 0x0000000080012040 mem 0x0000000080031f38
core   0: 0x000000008000ff58 (0xfb843783) ld      a5, -72(s0)
core   0: 3 0x000000008000ff58 (0xfb843783) x15 0x000000000000009c mem 0x0000000080031f28
core   0: 0x000000008000ff5c (0x000097ba) c.add   a5, a4
core   0: 3 0x000000008000ff5c (0x97ba) x15 0x00000000800120dc
core   0: 0x000000008000ff5e (0xfe043703) ld      a4, -32(s0)
core   0: 3 0x000000008000ff5e (0xfe043703) x14 0x0000000080012049 mem 0x0000000080031f50
core   0: 0x000000008000ff62 (0xfcf76de3) bltu    a4, a5, pc - 38
core   0: 3 0x000000008000ff62 (0xfcf76de3)
core   0: 0x000000008000ff3c (0xfe043783) ld      a5, -32(s0)
core   0: 3 0x000000008000ff3c (0xfe043783) x15 0x0000000080012049 mem 0x0000000080031f50
core   0: 0x000000008000ff40 (0x00178713) addi    a4, a5, 1
core   0: 3 0x000000008000ff40 (0x00178713) x14 0x000000008001204a
core   0: 0x000000008000ff44 (0xfee43023) sd      a4, -32(s0)
core   0: 3 0x000000008000ff44 (0xfee43023) mem 0x0000000080031f50 0x000000008001204a
core   0: 0x000000008000ff48 (0xfc442703) lw      a4, -60(s0)
core   0: 3 0x000000008000ff48 (0xfc442703) x14 0x0000000000000000 mem 0x0000000080031f34
core   0: 0x000000008000ff4c (0x0ff77713) andi    a4, a4, 255
core   0: 3 0x000000008000ff4c (0x0ff77713) x14 0x0000000000000000
core   0: 0x000000008000ff50 (0x00e78023) sb      a4, 0(a5)
core   0: 3 0x000000008000ff50 (0x00e78023) mem 0x0000000080012049 0x00
core   0: 0x000000008000ff54 (0xfc843703) ld      a4, -56(s0)
core   0: 3 0x000000008000ff54 (0xfc843703) x14 0x0000000080012040 mem 0x0000000080031f38
core   0: 0x000000008000ff58 (0xfb843783) ld      a5, -72(s0)
core   0: 3 0x000000008000ff58 (0xfb843783) x15 0x000000000000009c mem 0x0000000080031f28
core   0: 0x000000008000ff5c (0x000097ba) c.add   a5, a4
core   0: 3 0x000000008000ff5c (0x97ba) x15 0x00000000800120dc
core   0: 0x000000008000ff5e (0xfe043703) ld      a4, -32(s0)
core   0: 3 0x000000008000ff5e (0xfe043703) x14 0x000000008001204a mem 0x0000000080031f50
core   0: 0x000000008000ff62 (0xfcf76de3) bltu    a4, a5, pc - 38
core   0: 3 0x000000008000ff62 (0xfcf76de3)
core   0: 0x000000008000ff3c (0xfe043783) ld      a5, -32(s0)
core   0: 3 0x000000008000ff3c (0xfe043783) x15 0x000000008001204a mem 0x0000000080031f50
core   0: 0x000000008000ff40 (0x00178713) addi    a4, a5, 1
core   0: 3 0x000000008000ff40 (0x00178713) x14 0x000000008001204b
core   0: 0x000000008000ff44 (0xfee43023) sd      a4, -32(s0)
core   0: 3 0x000000008000ff44 (0xfee43023) mem 0x0000000080031f50 0x000000008001204b
core   0: 0x000000008000ff48 (0xfc442703) lw      a4, -60(s0)
core   0: 3 0x000000008000ff48 (0xfc442703) x14 0x0000000000000000 mem 0x0000000080031f34
core   0: 0x000000008000ff4c (0x0ff77713) andi    a4, a4, 255
core   0: 3 0x000000008000ff4c (0x0ff77713) x14 0x0000000000000000
core   0: 0x000000008000ff50 (0x00e78023) sb      a4, 0(a5)
core   0: 3 0x000000008000ff50 (0x00e78023) mem 0x000000008001204a 0x00
core   0: 0x000000008000ff54 (0xfc843703) ld      a4, -56(s0)
core   0: 3 0x000000008000ff54 (0xfc843703) x14 0x0000000080012040 mem 0x0000000080031f38
core   0: 0x000000008000ff58 (0xfb843783) ld      a5, -72(s0)
core   0: 3 0x000000008000ff58 (0xfb843783) x15 0x000000000000009c mem 0x0000000080031f28
core   0: 0x000000008000ff5c (0x000097ba) c.add   a5, a4
core   0: 3 0x000000008000ff5c (0x97ba) x15 0x00000000800120dc
core   0: 0x000000008000ff5e (0xfe043703) ld      a4, -32(s0)
core   0: 3 0x000000008000ff5e (0xfe043703) x14 0x000000008001204b mem 0x0000000080031f50
core   0: 0x000000008000ff62 (0xfcf76de3) bltu    a4, a5, pc - 38
core   0: 3 0x000000008000ff62 (0xfcf76de3)
core   0: 0x000000008000ff3c (0xfe043783) ld      a5, -32(s0)
core   0: 3 0x000000008000ff3c (0xfe043783) x15 0x000000008001204b mem 0x0000000080031f50
core   0: 0x000000008000ff40 (0x00178713) addi    a4, a5, 1
core   0: 3 0x000000008000ff40 (0x00178713) x14 0x000000008001204c
core   0: 0x000000008000ff44 (0xfee43023) sd      a4, -32(s0)
core   0: 3 0x000000008000ff44 (0xfee43023) mem 0x0000000080031f50 0x000000008001204c
core   0: 0x000000008000ff48 (0xfc442703) lw      a4, -60(s0)
core   0: 3 0x000000008000ff48 (0xfc442703) x14 0x0000000000000000 mem 0x0000000080031f34
core   0: 0x000000008000ff4c (0x0ff77713) andi    a4, a4, 255
core   0: 3 0x000000008000ff4c (0x0ff77713) x14 0x0000000000000000
core   0: 0x000000008000ff50 (0x00e78023) sb      a4, 0(a5)
core   0: 3 0x000000008000ff50 (0x00e78023) mem 0x000000008001204b 0x00
core   0: 0x000000008000ff54 (0xfc843703) ld      a4, -56(s0)
core   0: 3 0x000000008000ff54 (0xfc843703) x14 0x0000000080012040 mem 0x0000000080031f38
core   0: 0x000000008000ff58 (0xfb843783) ld      a5, -72(s0)
core   0: 3 0x000000008000ff58 (0xfb843783) x15 0x000000000000009c mem 0x0000000080031f28
core   0: 0x000000008000ff5c (0x000097ba) c.add   a5, a4
core   0: 3 0x000000008000ff5c (0x97ba) x15 0x00000000800120dc
core   0: 0x000000008000ff5e (0xfe043703) ld      a4, -32(s0)
core   0: 3 0x000000008000ff5e (0xfe043703) x14 0x000000008001204c mem 0x0000000080031f50
core   0: 0x000000008000ff62 (0xfcf76de3) bltu    a4, a5, pc - 38
core   0: 3 0x000000008000ff62 (0xfcf76de3)
core   0: 0x000000008000ff3c (0xfe043783) ld      a5, -32(s0)
core   0: 3 0x000000008000ff3c (0xfe043783) x15 0x000000008001204c mem 0x0000000080031f50
core   0: 0x000000008000ff40 (0x00178713) addi    a4, a5, 1
core   0: 3 0x000000008000ff40 (0x00178713) x14 0x000000008001204d
core   0: 0x000000008000ff44 (0xfee43023) sd      a4, -32(s0)
core   0: 3 0x000000008000ff44 (0xfee43023) mem 0x0000000080031f50 0x000000008001204d
core   0: 0x000000008000ff48 (0xfc442703) lw      a4, -60(s0)
core   0: 3 0x000000008000ff48 (0xfc442703) x14 0x0000000000000000 mem 0x0000000080031f34
core   0: 0x000000008000ff4c (0x0ff77713) andi    a4, a4, 255
core   0: 3 0x000000008000ff4c (0x0ff77713) x14 0x0000000000000000
core   0: 0x000000008000ff50 (0x00e78023) sb      a4, 0(a5)
core   0: 3 0x000000008000ff50 (0x00e78023) mem 0x000000008001204c 0x00
core   0: 0x000000008000ff54 (0xfc843703) ld      a4, -56(s0)
core   0: 3 0x000000008000ff54 (0xfc843703) x14 0x0000000080012040 mem 0x0000000080031f38
core   0: 0x000000008000ff58 (0xfb843783) ld      a5, -72(s0)
core   0: 3 0x000000008000ff58 (0xfb843783) x15 0x000000000000009c mem 0x0000000080031f28
core   0: 0x000000008000ff5c (0x000097ba) c.add   a5, a4
core   0: 3 0x000000008000ff5c (0x97ba) x15 0x00000000800120dc
core   0: 0x000000008000ff5e (0xfe043703) ld      a4, -32(s0)
core   0: 3 0x000000008000ff5e (0xfe043703) x14 0x000000008001204d mem 0x0000000080031f50
core   0: 0x000000008000ff62 (0xfcf76de3) bltu    a4, a5, pc - 38
core   0: 3 0x000000008000ff62 (0xfcf76de3)
core   0: 0x000000008000ff3c (0xfe043783) ld      a5, -32(s0)
core   0: 3 0x000000008000ff3c (0xfe043783) x15 0x000000008001204d mem 0x0000000080031f50
core   0: 0x000000008000ff40 (0x00178713) addi    a4, a5, 1
core   0: 3 0x000000008000ff40 (0x00178713) x14 0x000000008001204e
core   0: 0x000000008000ff44 (0xfee43023) sd      a4, -32(s0)
core   0: 3 0x000000008000ff44 (0xfee43023) mem 0x0000000080031f50 0x000000008001204e
core   0: 0x000000008000ff48 (0xfc442703) lw      a4, -60(s0)
core   0: 3 0x000000008000ff48 (0xfc442703) x14 0x0000000000000000 mem 0x0000000080031f34
core   0: 0x000000008000ff4c (0x0ff77713) andi    a4, a4, 255
core   0: 3 0x000000008000ff4c (0x0ff77713) x14 0x0000000000000000
core   0: 0x000000008000ff50 (0x00e78023) sb      a4, 0(a5)
core   0: 3 0x000000008000ff50 (0x00e78023) mem 0x000000008001204d 0x00
core   0: 0x000000008000ff54 (0xfc843703) ld      a4, -56(s0)
core   0: 3 0x000000008000ff54 (0xfc843703) x14 0x0000000080012040 mem 0x0000000080031f38
core   0: 0x000000008000ff58 (0xfb843783) ld      a5, -72(s0)
core   0: 3 0x000000008000ff58 (0xfb843783) x15 0x000000000000009c mem 0x0000000080031f28
core   0: 0x000000008000ff5c (0x000097ba) c.add   a5, a4
core   0: 3 0x000000008000ff5c (0x97ba) x15 0x00000000800120dc
core   0: 0x000000008000ff5e (0xfe043703) ld      a4, -32(s0)
core   0: 3 0x000000008000ff5e (0xfe043703) x14 0x000000008001204e mem 0x0000000080031f50
core   0: 0x000000008000ff62 (0xfcf76de3) bltu    a4, a5, pc - 38
core   0: 3 0x000000008000ff62 (0xfcf76de3)
core   0: 0x000000008000ff3c (0xfe043783) ld      a5, -32(s0)
core   0: 3 0x000000008000ff3c (0xfe043783) x15 0x000000008001204e mem 0x0000000080031f50
core   0: 0x000000008000ff40 (0x00178713) addi    a4, a5, 1
core   0: 3 0x000000008000ff40 (0x00178713) x14 0x000000008001204f
core   0: 0x000000008000ff44 (0xfee43023) sd      a4, -32(s0)
core   0: 3 0x000000008000ff44 (0xfee43023) mem 0x0000000080031f50 0x000000008001204f
core   0: 0x000000008000ff48 (0xfc442703) lw      a4, -60(s0)
core   0: 3 0x000000008000ff48 (0xfc442703) x14 0x0000000000000000 mem 0x0000000080031f34
core   0: 0x000000008000ff4c (0x0ff77713) andi    a4, a4, 255
core   0: 3 0x000000008000ff4c (0x0ff77713) x14 0x0000000000000000
core   0: 0x000000008000ff50 (0x00e78023) sb      a4, 0(a5)
core   0: 3 0x000000008000ff50 (0x00e78023) mem 0x000000008001204e 0x00
core   0: 0x000000008000ff54 (0xfc843703) ld      a4, -56(s0)
core   0: 3 0x000000008000ff54 (0xfc843703) x14 0x0000000080012040 mem 0x0000000080031f38
core   0: 0x000000008000ff58 (0xfb843783) ld      a5, -72(s0)
core   0: 3 0x000000008000ff58 (0xfb843783) x15 0x000000000000009c mem 0x0000000080031f28
core   0: 0x000000008000ff5c (0x000097ba) c.add   a5, a4
core   0: 3 0x000000008000ff5c (0x97ba) x15 0x00000000800120dc
core   0: 0x000000008000ff5e (0xfe043703) ld      a4, -32(s0)
core   0: 3 0x000000008000ff5e (0xfe043703) x14 0x000000008001204f mem 0x0000000080031f50
core   0: 0x000000008000ff62 (0xfcf76de3) bltu    a4, a5, pc - 38
core   0: 3 0x000000008000ff62 (0xfcf76de3)
core   0: 0x000000008000ff3c (0xfe043783) ld      a5, -32(s0)
core   0: 3 0x000000008000ff3c (0xfe043783) x15 0x000000008001204f mem 0x0000000080031f50
core   0: 0x000000008000ff40 (0x00178713) addi    a4, a5, 1
core   0: 3 0x000000008000ff40 (0x00178713) x14 0x0000000080012050
core   0: 0x000000008000ff44 (0xfee43023) sd      a4, -32(s0)
core   0: 3 0x000000008000ff44 (0xfee43023) mem 0x0000000080031f50 0x0000000080012050
core   0: 0x000000008000ff48 (0xfc442703) lw      a4, -60(s0)
core   0: 3 0x000000008000ff48 (0xfc442703) x14 0x0000000000000000 mem 0x0000000080031f34
core   0: 0x000000008000ff4c (0x0ff77713) andi    a4, a4, 255
core   0: 3 0x000000008000ff4c (0x0ff77713) x14 0x0000000000000000
core   0: 0x000000008000ff50 (0x00e78023) sb      a4, 0(a5)
core   0: 3 0x000000008000ff50 (0x00e78023) mem 0x000000008001204f 0x00
core   0: 0x000000008000ff54 (0xfc843703) ld      a4, -56(s0)
core   0: 3 0x000000008000ff54 (0xfc843703) x14 0x0000000080012040 mem 0x0000000080031f38
core   0: 0x000000008000ff58 (0xfb843783) ld      a5, -72(s0)
core   0: 3 0x000000008000ff58 (0xfb843783) x15 0x000000000000009c mem 0x0000000080031f28
core   0: 0x000000008000ff5c (0x000097ba) c.add   a5, a4
core   0: 3 0x000000008000ff5c (0x97ba) x15 0x00000000800120dc
core   0: 0x000000008000ff5e (0xfe043703) ld      a4, -32(s0)
core   0: 3 0x000000008000ff5e (0xfe043703) x14 0x0000000080012050 mem 0x0000000080031f50
core   0: 0x000000008000ff62 (0xfcf76de3) bltu    a4, a5, pc - 38
core   0: 3 0x000000008000ff62 (0xfcf76de3)
core   0: 0x000000008000ff3c (0xfe043783) ld      a5, -32(s0)
core   0: 3 0x000000008000ff3c (0xfe043783) x15 0x0000000080012050 mem 0x0000000080031f50
core   0: 0x000000008000ff40 (0x00178713) addi    a4, a5, 1
core   0: 3 0x000000008000ff40 (0x00178713) x14 0x0000000080012051
core   0: 0x000000008000ff44 (0xfee43023) sd      a4, -32(s0)
core   0: 3 0x000000008000ff44 (0xfee43023) mem 0x0000000080031f50 0x0000000080012051
core   0: 0x000000008000ff48 (0xfc442703) lw      a4, -60(s0)
core   0: 3 0x000000008000ff48 (0xfc442703) x14 0x0000000000000000 mem 0x0000000080031f34
core   0: 0x000000008000ff4c (0x0ff77713) andi    a4, a4, 255
core   0: 3 0x000000008000ff4c (0x0ff77713) x14 0x0000000000000000
core   0: 0x000000008000ff50 (0x00e78023) sb      a4, 0(a5)
core   0: 3 0x000000008000ff50 (0x00e78023) mem 0x0000000080012050 0x00
core   0: 0x000000008000ff54 (0xfc843703) ld      a4, -56(s0)
core   0: 3 0x000000008000ff54 (0xfc843703) x14 0x0000000080012040 mem 0x0000000080031f38
core   0: 0x000000008000ff58 (0xfb843783) ld      a5, -72(s0)
core   0: 3 0x000000008000ff58 (0xfb843783) x15 0x000000000000009c mem 0x0000000080031f28
core   0: 0x000000008000ff5c (0x000097ba) c.add   a5, a4
core   0: 3 0x000000008000ff5c (0x97ba) x15 0x00000000800120dc
core   0: 0x000000008000ff5e (0xfe043703) ld      a4, -32(s0)
core   0: 3 0x000000008000ff5e (0xfe043703) x14 0x0000000080012051 mem 0x0000000080031f50
core   0: 0x000000008000ff62 (0xfcf76de3) bltu    a4, a5, pc - 38
core   0: 3 0x000000008000ff62 (0xfcf76de3)
core   0: 0x000000008000ff3c (0xfe043783) ld      a5, -32(s0)
core   0: 3 0x000000008000ff3c (0xfe043783) x15 0x0000000080012051 mem 0x0000000080031f50
core   0: 0x000000008000ff40 (0x00178713) addi    a4, a5, 1
core   0: 3 0x000000008000ff40 (0x00178713) x14 0x0000000080012052
core   0: 0x000000008000ff44 (0xfee43023) sd      a4, -32(s0)
core   0: 3 0x000000008000ff44 (0xfee43023) mem 0x0000000080031f50 0x0000000080012052
core   0: 0x000000008000ff48 (0xfc442703) lw      a4, -60(s0)
core   0: 3 0x000000008000ff48 (0xfc442703) x14 0x0000000000000000 mem 0x0000000080031f34
core   0: 0x000000008000ff4c (0x0ff77713) andi    a4, a4, 255
core   0: 3 0x000000008000ff4c (0x0ff77713) x14 0x0000000000000000
core   0: 0x000000008000ff50 (0x00e78023) sb      a4, 0(a5)
core   0: 3 0x000000008000ff50 (0x00e78023) mem 0x0000000080012051 0x00
core   0: 0x000000008000ff54 (0xfc843703) ld      a4, -56(s0)
core   0: 3 0x000000008000ff54 (0xfc843703) x14 0x0000000080012040 mem 0x0000000080031f38
core   0: 0x000000008000ff58 (0xfb843783) ld      a5, -72(s0)
core   0: 3 0x000000008000ff58 (0xfb843783) x15 0x000000000000009c mem 0x0000000080031f28
core   0: 0x000000008000ff5c (0x000097ba) c.add   a5, a4
core   0: 3 0x000000008000ff5c (0x97ba) x15 0x00000000800120dc
core   0: 0x000000008000ff5e (0xfe043703) ld      a4, -32(s0)
core   0: 3 0x000000008000ff5e (0xfe043703) x14 0x0000000080012052 mem 0x0000000080031f50
core   0: 0x000000008000ff62 (0xfcf76de3) bltu    a4, a5, pc - 38
core   0: 3 0x000000008000ff62 (0xfcf76de3)
core   0: 0x000000008000ff3c (0xfe043783) ld      a5, -32(s0)
core   0: 3 0x000000008000ff3c (0xfe043783) x15 0x0000000080012052 mem 0x0000000080031f50
core   0: 0x000000008000ff40 (0x00178713) addi    a4, a5, 1
core   0: 3 0x000000008000ff40 (0x00178713) x14 0x0000000080012053
core   0: 0x000000008000ff44 (0xfee43023) sd      a4, -32(s0)
core   0: 3 0x000000008000ff44 (0xfee43023) mem 0x0000000080031f50 0x0000000080012053
core   0: 0x000000008000ff48 (0xfc442703) lw      a4, -60(s0)
core   0: 3 0x000000008000ff48 (0xfc442703) x14 0x0000000000000000 mem 0x0000000080031f34
core   0: 0x000000008000ff4c (0x0ff77713) andi    a4, a4, 255
core   0: 3 0x000000008000ff4c (0x0ff77713) x14 0x0000000000000000
core   0: 0x000000008000ff50 (0x00e78023) sb      a4, 0(a5)
core   0: 3 0x000000008000ff50 (0x00e78023) mem 0x0000000080012052 0x00
core   0: 0x000000008000ff54 (0xfc843703) ld      a4, -56(s0)
core   0: 3 0x000000008000ff54 (0xfc843703) x14 0x0000000080012040 mem 0x0000000080031f38
core   0: 0x000000008000ff58 (0xfb843783) ld      a5, -72(s0)
core   0: 3 0x000000008000ff58 (0xfb843783) x15 0x000000000000009c mem 0x0000000080031f28
core   0: 0x000000008000ff5c (0x000097ba) c.add   a5, a4
core   0: 3 0x000000008000ff5c (0x97ba) x15 0x00000000800120dc
core   0: 0x000000008000ff5e (0xfe043703) ld      a4, -32(s0)
core   0: 3 0x000000008000ff5e (0xfe043703) x14 0x0000000080012053 mem 0x0000000080031f50
core   0: 0x000000008000ff62 (0xfcf76de3) bltu    a4, a5, pc - 38
core   0: 3 0x000000008000ff62 (0xfcf76de3)
core   0: 0x000000008000ff3c (0xfe043783) ld      a5, -32(s0)
core   0: 3 0x000000008000ff3c (0xfe043783) x15 0x0000000080012053 mem 0x0000000080031f50
core   0: 0x000000008000ff40 (0x00178713) addi    a4, a5, 1
core   0: 3 0x000000008000ff40 (0x00178713) x14 0x0000000080012054
core   0: 0x000000008000ff44 (0xfee43023) sd      a4, -32(s0)
core   0: 3 0x000000008000ff44 (0xfee43023) mem 0x0000000080031f50 0x0000000080012054
core   0: 0x000000008000ff48 (0xfc442703) lw      a4, -60(s0)
core   0: 3 0x000000008000ff48 (0xfc442703) x14 0x0000000000000000 mem 0x0000000080031f34
core   0: 0x000000008000ff4c (0x0ff77713) andi    a4, a4, 255
core   0: 3 0x000000008000ff4c (0x0ff77713) x14 0x0000000000000000
core   0: 0x000000008000ff50 (0x00e78023) sb      a4, 0(a5)
core   0: 3 0x000000008000ff50 (0x00e78023) mem 0x0000000080012053 0x00
core   0: 0x000000008000ff54 (0xfc843703) ld      a4, -56(s0)
core   0: 3 0x000000008000ff54 (0xfc843703) x14 0x0000000080012040 mem 0x0000000080031f38
core   0: 0x000000008000ff58 (0xfb843783) ld      a5, -72(s0)
core   0: 3 0x000000008000ff58 (0xfb843783) x15 0x000000000000009c mem 0x0000000080031f28
core   0: 0x000000008000ff5c (0x000097ba) c.add   a5, a4
core   0: 3 0x000000008000ff5c (0x97ba) x15 0x00000000800120dc
core   0: 0x000000008000ff5e (0xfe043703) ld      a4, -32(s0)
core   0: 3 0x000000008000ff5e (0xfe043703) x14 0x0000000080012054 mem 0x0000000080031f50
core   0: 0x000000008000ff62 (0xfcf76de3) bltu    a4, a5, pc - 38
core   0: 3 0x000000008000ff62 (0xfcf76de3)
core   0: 0x000000008000ff3c (0xfe043783) ld      a5, -32(s0)
core   0: 3 0x000000008000ff3c (0xfe043783) x15 0x0000000080012054 mem 0x0000000080031f50
core   0: 0x000000008000ff40 (0x00178713) addi    a4, a5, 1
core   0: 3 0x000000008000ff40 (0x00178713) x14 0x0000000080012055
core   0: 0x000000008000ff44 (0xfee43023) sd      a4, -32(s0)
core   0: 3 0x000000008000ff44 (0xfee43023) mem 0x0000000080031f50 0x0000000080012055
core   0: 0x000000008000ff48 (0xfc442703) lw      a4, -60(s0)
core   0: 3 0x000000008000ff48 (0xfc442703) x14 0x0000000000000000 mem 0x0000000080031f34
core   0: 0x000000008000ff4c (0x0ff77713) andi    a4, a4, 255
core   0: 3 0x000000008000ff4c (0x0ff77713) x14 0x0000000000000000
core   0: 0x000000008000ff50 (0x00e78023) sb      a4, 0(a5)
core   0: 3 0x000000008000ff50 (0x00e78023) mem 0x0000000080012054 0x00
core   0: 0x000000008000ff54 (0xfc843703) ld      a4, -56(s0)
core   0: 3 0x000000008000ff54 (0xfc843703) x14 0x0000000080012040 mem 0x0000000080031f38
core   0: 0x000000008000ff58 (0xfb843783) ld      a5, -72(s0)
core   0: 3 0x000000008000ff58 (0xfb843783) x15 0x000000000000009c mem 0x0000000080031f28
core   0: 0x000000008000ff5c (0x000097ba) c.add   a5, a4
core   0: 3 0x000000008000ff5c (0x97ba) x15 0x00000000800120dc
core   0: 0x000000008000ff5e (0xfe043703) ld      a4, -32(s0)
core   0: 3 0x000000008000ff5e (0xfe043703) x14 0x0000000080012055 mem 0x0000000080031f50
core   0: 0x000000008000ff62 (0xfcf76de3) bltu    a4, a5, pc - 38
core   0: 3 0x000000008000ff62 (0xfcf76de3)
core   0: 0x000000008000ff3c (0xfe043783) ld      a5, -32(s0)
core   0: 3 0x000000008000ff3c (0xfe043783) x15 0x0000000080012055 mem 0x0000000080031f50
core   0: 0x000000008000ff40 (0x00178713) addi    a4, a5, 1
core   0: 3 0x000000008000ff40 (0x00178713) x14 0x0000000080012056
core   0: 0x000000008000ff44 (0xfee43023) sd      a4, -32(s0)
core   0: 3 0x000000008000ff44 (0xfee43023) mem 0x0000000080031f50 0x0000000080012056
core   0: 0x000000008000ff48 (0xfc442703) lw      a4, -60(s0)
core   0: 3 0x000000008000ff48 (0xfc442703) x14 0x0000000000000000 mem 0x0000000080031f34
core   0: 0x000000008000ff4c (0x0ff77713) andi    a4, a4, 255
core   0: 3 0x000000008000ff4c (0x0ff77713) x14 0x0000000000000000
core   0: 0x000000008000ff50 (0x00e78023) sb      a4, 0(a5)
core   0: 3 0x000000008000ff50 (0x00e78023) mem 0x0000000080012055 0x00
core   0: 0x000000008000ff54 (0xfc843703) ld      a4, -56(s0)
core   0: 3 0x000000008000ff54 (0xfc843703) x14 0x0000000080012040 mem 0x0000000080031f38
core   0: 0x000000008000ff58 (0xfb843783) ld      a5, -72(s0)
core   0: 3 0x000000008000ff58 (0xfb843783) x15 0x000000000000009c mem 0x0000000080031f28
core   0: 0x000000008000ff5c (0x000097ba) c.add   a5, a4
core   0: 3 0x000000008000ff5c (0x97ba) x15 0x00000000800120dc
core   0: 0x000000008000ff5e (0xfe043703) ld      a4, -32(s0)
core   0: 3 0x000000008000ff5e (0xfe043703) x14 0x0000000080012056 mem 0x0000000080031f50
core   0: 0x000000008000ff62 (0xfcf76de3) bltu    a4, a5, pc - 38
core   0: 3 0x000000008000ff62 (0xfcf76de3)
core   0: 0x000000008000ff3c (0xfe043783) ld      a5, -32(s0)
core   0: 3 0x000000008000ff3c (0xfe043783) x15 0x0000000080012056 mem 0x0000000080031f50
core   0: 0x000000008000ff40 (0x00178713) addi    a4, a5, 1
core   0: 3 0x000000008000ff40 (0x00178713) x14 0x0000000080012057
core   0: 0x000000008000ff44 (0xfee43023) sd      a4, -32(s0)
core   0: 3 0x000000008000ff44 (0xfee43023) mem 0x0000000080031f50 0x0000000080012057
core   0: 0x000000008000ff48 (0xfc442703) lw      a4, -60(s0)
core   0: 3 0x000000008000ff48 (0xfc442703) x14 0x0000000000000000 mem 0x0000000080031f34
core   0: 0x000000008000ff4c (0x0ff77713) andi    a4, a4, 255
core   0: 3 0x000000008000ff4c (0x0ff77713) x14 0x0000000000000000
core   0: 0x000000008000ff50 (0x00e78023) sb      a4, 0(a5)
core   0: 3 0x000000008000ff50 (0x00e78023) mem 0x0000000080012056 0x00
core   0: 0x000000008000ff54 (0xfc843703) ld      a4, -56(s0)
core   0: 3 0x000000008000ff54 (0xfc843703) x14 0x0000000080012040 mem 0x0000000080031f38
core   0: 0x000000008000ff58 (0xfb843783) ld      a5, -72(s0)
core   0: 3 0x000000008000ff58 (0xfb843783) x15 0x000000000000009c mem 0x0000000080031f28
core   0: 0x000000008000ff5c (0x000097ba) c.add   a5, a4
core   0: 3 0x000000008000ff5c (0x97ba) x15 0x00000000800120dc
core   0: 0x000000008000ff5e (0xfe043703) ld      a4, -32(s0)
core   0: 3 0x000000008000ff5e (0xfe043703) x14 0x0000000080012057 mem 0x0000000080031f50
core   0: 0x000000008000ff62 (0xfcf76de3) bltu    a4, a5, pc - 38
core   0: 3 0x000000008000ff62 (0xfcf76de3)
core   0: 0x000000008000ff3c (0xfe043783) ld      a5, -32(s0)
core   0: 3 0x000000008000ff3c (0xfe043783) x15 0x0000000080012057 mem 0x0000000080031f50
core   0: 0x000000008000ff40 (0x00178713) addi    a4, a5, 1
core   0: 3 0x000000008000ff40 (0x00178713) x14 0x0000000080012058
core   0: 0x000000008000ff44 (0xfee43023) sd      a4, -32(s0)
core   0: 3 0x000000008000ff44 (0xfee43023) mem 0x0000000080031f50 0x0000000080012058
core   0: 0x000000008000ff48 (0xfc442703) lw      a4, -60(s0)
core   0: 3 0x000000008000ff48 (0xfc442703) x14 0x0000000000000000 mem 0x0000000080031f34
core   0: 0x000000008000ff4c (0x0ff77713) andi    a4, a4, 255
core   0: 3 0x000000008000ff4c (0x0ff77713) x14 0x0000000000000000
core   0: 0x000000008000ff50 (0x00e78023) sb      a4, 0(a5)
core   0: 3 0x000000008000ff50 (0x00e78023) mem 0x0000000080012057 0x00
core   0: 0x000000008000ff54 (0xfc843703) ld      a4, -56(s0)
core   0: 3 0x000000008000ff54 (0xfc843703) x14 0x0000000080012040 mem 0x0000000080031f38
core   0: 0x000000008000ff58 (0xfb843783) ld      a5, -72(s0)
core   0: 3 0x000000008000ff58 (0xfb843783) x15 0x000000000000009c mem 0x0000000080031f28
core   0: 0x000000008000ff5c (0x000097ba) c.add   a5, a4
core   0: 3 0x000000008000ff5c (0x97ba) x15 0x00000000800120dc
core   0: 0x000000008000ff5e (0xfe043703) ld      a4, -32(s0)
core   0: 3 0x000000008000ff5e (0xfe043703) x14 0x0000000080012058 mem 0x0000000080031f50
core   0: 0x000000008000ff62 (0xfcf76de3) bltu    a4, a5, pc - 38
core   0: 3 0x000000008000ff62 (0xfcf76de3)
core   0: 0x000000008000ff3c (0xfe043783) ld      a5, -32(s0)
core   0: 3 0x000000008000ff3c (0xfe043783) x15 0x0000000080012058 mem 0x0000000080031f50
core   0: 0x000000008000ff40 (0x00178713) addi    a4, a5, 1
core   0: 3 0x000000008000ff40 (0x00178713) x14 0x0000000080012059
core   0: 0x000000008000ff44 (0xfee43023) sd      a4, -32(s0)
core   0: 3 0x000000008000ff44 (0xfee43023) mem 0x0000000080031f50 0x0000000080012059
core   0: 0x000000008000ff48 (0xfc442703) lw      a4, -60(s0)
core   0: 3 0x000000008000ff48 (0xfc442703) x14 0x0000000000000000 mem 0x0000000080031f34
core   0: 0x000000008000ff4c (0x0ff77713) andi    a4, a4, 255
core   0: 3 0x000000008000ff4c (0x0ff77713) x14 0x0000000000000000
core   0: 0x000000008000ff50 (0x00e78023) sb      a4, 0(a5)
core   0: 3 0x000000008000ff50 (0x00e78023) mem 0x0000000080012058 0x00
core   0: 0x000000008000ff54 (0xfc843703) ld      a4, -56(s0)
core   0: 3 0x000000008000ff54 (0xfc843703) x14 0x0000000080012040 mem 0x0000000080031f38
core   0: 0x000000008000ff58 (0xfb843783) ld      a5, -72(s0)
core   0: 3 0x000000008000ff58 (0xfb843783) x15 0x000000000000009c mem 0x0000000080031f28
core   0: 0x000000008000ff5c (0x000097ba) c.add   a5, a4
core   0: 3 0x000000008000ff5c (0x97ba) x15 0x00000000800120dc
core   0: 0x000000008000ff5e (0xfe043703) ld      a4, -32(s0)
core   0: 3 0x000000008000ff5e (0xfe043703) x14 0x0000000080012059 mem 0x0000000080031f50
core   0: 0x000000008000ff62 (0xfcf76de3) bltu    a4, a5, pc - 38
core   0: 3 0x000000008000ff62 (0xfcf76de3)
core   0: 0x000000008000ff3c (0xfe043783) ld      a5, -32(s0)
core   0: 3 0x000000008000ff3c (0xfe043783) x15 0x0000000080012059 mem 0x0000000080031f50
core   0: 0x000000008000ff40 (0x00178713) addi    a4, a5, 1
core   0: 3 0x000000008000ff40 (0x00178713) x14 0x000000008001205a
core   0: 0x000000008000ff44 (0xfee43023) sd      a4, -32(s0)
core   0: 3 0x000000008000ff44 (0xfee43023) mem 0x0000000080031f50 0x000000008001205a
core   0: 0x000000008000ff48 (0xfc442703) lw      a4, -60(s0)
core   0: 3 0x000000008000ff48 (0xfc442703) x14 0x0000000000000000 mem 0x0000000080031f34
core   0: 0x000000008000ff4c (0x0ff77713) andi    a4, a4, 255
core   0: 3 0x000000008000ff4c (0x0ff77713) x14 0x0000000000000000
core   0: 0x000000008000ff50 (0x00e78023) sb      a4, 0(a5)
core   0: 3 0x000000008000ff50 (0x00e78023) mem 0x0000000080012059 0x00
core   0: 0x000000008000ff54 (0xfc843703) ld      a4, -56(s0)
core   0: 3 0x000000008000ff54 (0xfc843703) x14 0x0000000080012040 mem 0x0000000080031f38
core   0: 0x000000008000ff58 (0xfb843783) ld      a5, -72(s0)
core   0: 3 0x000000008000ff58 (0xfb843783) x15 0x000000000000009c mem 0x0000000080031f28
core   0: 0x000000008000ff5c (0x000097ba) c.add   a5, a4
core   0: 3 0x000000008000ff5c (0x97ba) x15 0x00000000800120dc
core   0: 0x000000008000ff5e (0xfe043703) ld      a4, -32(s0)
core   0: 3 0x000000008000ff5e (0xfe043703) x14 0x000000008001205a mem 0x0000000080031f50
core   0: 0x000000008000ff62 (0xfcf76de3) bltu    a4, a5, pc - 38
core   0: 3 0x000000008000ff62 (0xfcf76de3)
core   0: 0x000000008000ff3c (0xfe043783) ld      a5, -32(s0)
core   0: 3 0x000000008000ff3c (0xfe043783) x15 0x000000008001205a mem 0x0000000080031f50
core   0: 0x000000008000ff40 (0x00178713) addi    a4, a5, 1
core   0: 3 0x000000008000ff40 (0x00178713) x14 0x000000008001205b
core   0: 0x000000008000ff44 (0xfee43023) sd      a4, -32(s0)
core   0: 3 0x000000008000ff44 (0xfee43023) mem 0x0000000080031f50 0x000000008001205b
core   0: 0x000000008000ff48 (0xfc442703) lw      a4, -60(s0)
core   0: 3 0x000000008000ff48 (0xfc442703) x14 0x0000000000000000 mem 0x0000000080031f34
core   0: 0x000000008000ff4c (0x0ff77713) andi    a4, a4, 255
core   0: 3 0x000000008000ff4c (0x0ff77713) x14 0x0000000000000000
core   0: 0x000000008000ff50 (0x00e78023) sb      a4, 0(a5)
core   0: 3 0x000000008000ff50 (0x00e78023) mem 0x000000008001205a 0x00
core   0: 0x000000008000ff54 (0xfc843703) ld      a4, -56(s0)
core   0: 3 0x000000008000ff54 (0xfc843703) x14 0x0000000080012040 mem 0x0000000080031f38
core   0: 0x000000008000ff58 (0xfb843783) ld      a5, -72(s0)
core   0: 3 0x000000008000ff58 (0xfb843783) x15 0x000000000000009c mem 0x0000000080031f28
core   0: 0x000000008000ff5c (0x000097ba) c.add   a5, a4
core   0: 3 0x000000008000ff5c (0x97ba) x15 0x00000000800120dc
core   0: 0x000000008000ff5e (0xfe043703) ld      a4, -32(s0)
core   0: 3 0x000000008000ff5e (0xfe043703) x14 0x000000008001205b mem 0x0000000080031f50
core   0: 0x000000008000ff62 (0xfcf76de3) bltu    a4, a5, pc - 38
core   0: 3 0x000000008000ff62 (0xfcf76de3)
core   0: 0x000000008000ff3c (0xfe043783) ld      a5, -32(s0)
core   0: 3 0x000000008000ff3c (0xfe043783) x15 0x000000008001205b mem 0x0000000080031f50
core   0: 0x000000008000ff40 (0x00178713) addi    a4, a5, 1
core   0: 3 0x000000008000ff40 (0x00178713) x14 0x000000008001205c
core   0: 0x000000008000ff44 (0xfee43023) sd      a4, -32(s0)
core   0: 3 0x000000008000ff44 (0xfee43023) mem 0x0000000080031f50 0x000000008001205c
core   0: 0x000000008000ff48 (0xfc442703) lw      a4, -60(s0)
core   0: 3 0x000000008000ff48 (0xfc442703) x14 0x0000000000000000 mem 0x0000000080031f34
core   0: 0x000000008000ff4c (0x0ff77713) andi    a4, a4, 255
core   0: 3 0x000000008000ff4c (0x0ff77713) x14 0x0000000000000000
core   0: 0x000000008000ff50 (0x00e78023) sb      a4, 0(a5)
core   0: 3 0x000000008000ff50 (0x00e78023) mem 0x000000008001205b 0x00
core   0: 0x000000008000ff54 (0xfc843703) ld      a4, -56(s0)
core   0: 3 0x000000008000ff54 (0xfc843703) x14 0x0000000080012040 mem 0x0000000080031f38
core   0: 0x000000008000ff58 (0xfb843783) ld      a5, -72(s0)
core   0: 3 0x000000008000ff58 (0xfb843783) x15 0x000000000000009c mem 0x0000000080031f28
core   0: 0x000000008000ff5c (0x000097ba) c.add   a5, a4
core   0: 3 0x000000008000ff5c (0x97ba) x15 0x00000000800120dc
core   0: 0x000000008000ff5e (0xfe043703) ld      a4, -32(s0)
core   0: 3 0x000000008000ff5e (0xfe043703) x14 0x000000008001205c mem 0x0000000080031f50
core   0: 0x000000008000ff62 (0xfcf76de3) bltu    a4, a5, pc - 38
core   0: 3 0x000000008000ff62 (0xfcf76de3)
core   0: 0x000000008000ff3c (0xfe043783) ld      a5, -32(s0)
core   0: 3 0x000000008000ff3c (0xfe043783) x15 0x000000008001205c mem 0x0000000080031f50
core   0: 0x000000008000ff40 (0x00178713) addi    a4, a5, 1
core   0: 3 0x000000008000ff40 (0x00178713) x14 0x000000008001205d
core   0: 0x000000008000ff44 (0xfee43023) sd      a4, -32(s0)
core   0: 3 0x000000008000ff44 (0xfee43023) mem 0x0000000080031f50 0x000000008001205d
core   0: 0x000000008000ff48 (0xfc442703) lw      a4, -60(s0)
core   0: 3 0x000000008000ff48 (0xfc442703) x14 0x0000000000000000 mem 0x0000000080031f34
core   0: 0x000000008000ff4c (0x0ff77713) andi    a4, a4, 255
core   0: 3 0x000000008000ff4c (0x0ff77713) x14 0x0000000000000000
core   0: 0x000000008000ff50 (0x00e78023) sb      a4, 0(a5)
core   0: 3 0x000000008000ff50 (0x00e78023) mem 0x000000008001205c 0x00
core   0: 0x000000008000ff54 (0xfc843703) ld      a4, -56(s0)
core   0: 3 0x000000008000ff54 (0xfc843703) x14 0x0000000080012040 mem 0x0000000080031f38
core   0: 0x000000008000ff58 (0xfb843783) ld      a5, -72(s0)
core   0: 3 0x000000008000ff58 (0xfb843783) x15 0x000000000000009c mem 0x0000000080031f28
core   0: 0x000000008000ff5c (0x000097ba) c.add   a5, a4
core   0: 3 0x000000008000ff5c (0x97ba) x15 0x00000000800120dc
core   0: 0x000000008000ff5e (0xfe043703) ld      a4, -32(s0)
core   0: 3 0x000000008000ff5e (0xfe043703) x14 0x000000008001205d mem 0x0000000080031f50
core   0: 0x000000008000ff62 (0xfcf76de3) bltu    a4, a5, pc - 38
core   0: 3 0x000000008000ff62 (0xfcf76de3)
core   0: 0x000000008000ff3c (0xfe043783) ld      a5, -32(s0)
core   0: 3 0x000000008000ff3c (0xfe043783) x15 0x000000008001205d mem 0x0000000080031f50
core   0: 0x000000008000ff40 (0x00178713) addi    a4, a5, 1
core   0: 3 0x000000008000ff40 (0x00178713) x14 0x000000008001205e
core   0: 0x000000008000ff44 (0xfee43023) sd      a4, -32(s0)
core   0: 3 0x000000008000ff44 (0xfee43023) mem 0x0000000080031f50 0x000000008001205e
core   0: 0x000000008000ff48 (0xfc442703) lw      a4, -60(s0)
core   0: 3 0x000000008000ff48 (0xfc442703) x14 0x0000000000000000 mem 0x0000000080031f34
core   0: 0x000000008000ff4c (0x0ff77713) andi    a4, a4, 255
core   0: 3 0x000000008000ff4c (0x0ff77713) x14 0x0000000000000000
core   0: 0x000000008000ff50 (0x00e78023) sb      a4, 0(a5)
core   0: 3 0x000000008000ff50 (0x00e78023) mem 0x000000008001205d 0x00
core   0: 0x000000008000ff54 (0xfc843703) ld      a4, -56(s0)
core   0: 3 0x000000008000ff54 (0xfc843703) x14 0x0000000080012040 mem 0x0000000080031f38
core   0: 0x000000008000ff58 (0xfb843783) ld      a5, -72(s0)
core   0: 3 0x000000008000ff58 (0xfb843783) x15 0x000000000000009c mem 0x0000000080031f28
core   0: 0x000000008000ff5c (0x000097ba) c.add   a5, a4
core   0: 3 0x000000008000ff5c (0x97ba) x15 0x00000000800120dc
core   0: 0x000000008000ff5e (0xfe043703) ld      a4, -32(s0)
core   0: 3 0x000000008000ff5e (0xfe043703) x14 0x000000008001205e mem 0x0000000080031f50
core   0: 0x000000008000ff62 (0xfcf76de3) bltu    a4, a5, pc - 38
core   0: 3 0x000000008000ff62 (0xfcf76de3)
core   0: 0x000000008000ff3c (0xfe043783) ld      a5, -32(s0)
core   0: 3 0x000000008000ff3c (0xfe043783) x15 0x000000008001205e mem 0x0000000080031f50
core   0: 0x000000008000ff40 (0x00178713) addi    a4, a5, 1
core   0: 3 0x000000008000ff40 (0x00178713) x14 0x000000008001205f
core   0: 0x000000008000ff44 (0xfee43023) sd      a4, -32(s0)
core   0: 3 0x000000008000ff44 (0xfee43023) mem 0x0000000080031f50 0x000000008001205f
core   0: 0x000000008000ff48 (0xfc442703) lw      a4, -60(s0)
core   0: 3 0x000000008000ff48 (0xfc442703) x14 0x0000000000000000 mem 0x0000000080031f34
core   0: 0x000000008000ff4c (0x0ff77713) andi    a4, a4, 255
core   0: 3 0x000000008000ff4c (0x0ff77713) x14 0x0000000000000000
core   0: 0x000000008000ff50 (0x00e78023) sb      a4, 0(a5)
core   0: 3 0x000000008000ff50 (0x00e78023) mem 0x000000008001205e 0x00
core   0: 0x000000008000ff54 (0xfc843703) ld      a4, -56(s0)
core   0: 3 0x000000008000ff54 (0xfc843703) x14 0x0000000080012040 mem 0x0000000080031f38
core   0: 0x000000008000ff58 (0xfb843783) ld      a5, -72(s0)
core   0: 3 0x000000008000ff58 (0xfb843783) x15 0x000000000000009c mem 0x0000000080031f28
core   0: 0x000000008000ff5c (0x000097ba) c.add   a5, a4
core   0: 3 0x000000008000ff5c (0x97ba) x15 0x00000000800120dc
core   0: 0x000000008000ff5e (0xfe043703) ld      a4, -32(s0)
core   0: 3 0x000000008000ff5e (0xfe043703) x14 0x000000008001205f mem 0x0000000080031f50
core   0: 0x000000008000ff62 (0xfcf76de3) bltu    a4, a5, pc - 38
core   0: 3 0x000000008000ff62 (0xfcf76de3)
core   0: 0x000000008000ff3c (0xfe043783) ld      a5, -32(s0)
core   0: 3 0x000000008000ff3c (0xfe043783) x15 0x000000008001205f mem 0x0000000080031f50
core   0: 0x000000008000ff40 (0x00178713) addi    a4, a5, 1
core   0: 3 0x000000008000ff40 (0x00178713) x14 0x0000000080012060
core   0: 0x000000008000ff44 (0xfee43023) sd      a4, -32(s0)
core   0: 3 0x000000008000ff44 (0xfee43023) mem 0x0000000080031f50 0x0000000080012060
core   0: 0x000000008000ff48 (0xfc442703) lw      a4, -60(s0)
core   0: 3 0x000000008000ff48 (0xfc442703) x14 0x0000000000000000 mem 0x0000000080031f34
core   0: 0x000000008000ff4c (0x0ff77713) andi    a4, a4, 255
core   0: 3 0x000000008000ff4c (0x0ff77713) x14 0x0000000000000000
core   0: 0x000000008000ff50 (0x00e78023) sb      a4, 0(a5)
core   0: 3 0x000000008000ff50 (0x00e78023) mem 0x000000008001205f 0x00
core   0: 0x000000008000ff54 (0xfc843703) ld      a4, -56(s0)
core   0: 3 0x000000008000ff54 (0xfc843703) x14 0x0000000080012040 mem 0x0000000080031f38
core   0: 0x000000008000ff58 (0xfb843783) ld      a5, -72(s0)
core   0: 3 0x000000008000ff58 (0xfb843783) x15 0x000000000000009c mem 0x0000000080031f28
core   0: 0x000000008000ff5c (0x000097ba) c.add   a5, a4
core   0: 3 0x000000008000ff5c (0x97ba) x15 0x00000000800120dc
core   0: 0x000000008000ff5e (0xfe043703) ld      a4, -32(s0)
core   0: 3 0x000000008000ff5e (0xfe043703) x14 0x0000000080012060 mem 0x0000000080031f50
core   0: 0x000000008000ff62 (0xfcf76de3) bltu    a4, a5, pc - 38
core   0: 3 0x000000008000ff62 (0xfcf76de3)
core   0: 0x000000008000ff3c (0xfe043783) ld      a5, -32(s0)
core   0: 3 0x000000008000ff3c (0xfe043783) x15 0x0000000080012060 mem 0x0000000080031f50
core   0: 0x000000008000ff40 (0x00178713) addi    a4, a5, 1
core   0: 3 0x000000008000ff40 (0x00178713) x14 0x0000000080012061
core   0: 0x000000008000ff44 (0xfee43023) sd      a4, -32(s0)
core   0: 3 0x000000008000ff44 (0xfee43023) mem 0x0000000080031f50 0x0000000080012061
core   0: 0x000000008000ff48 (0xfc442703) lw      a4, -60(s0)
core   0: 3 0x000000008000ff48 (0xfc442703) x14 0x0000000000000000 mem 0x0000000080031f34
core   0: 0x000000008000ff4c (0x0ff77713) andi    a4, a4, 255
core   0: 3 0x000000008000ff4c (0x0ff77713) x14 0x0000000000000000
core   0: 0x000000008000ff50 (0x00e78023) sb      a4, 0(a5)
core   0: 3 0x000000008000ff50 (0x00e78023) mem 0x0000000080012060 0x00
core   0: 0x000000008000ff54 (0xfc843703) ld      a4, -56(s0)
core   0: 3 0x000000008000ff54 (0xfc843703) x14 0x0000000080012040 mem 0x0000000080031f38
core   0: 0x000000008000ff58 (0xfb843783) ld      a5, -72(s0)
core   0: 3 0x000000008000ff58 (0xfb843783) x15 0x000000000000009c mem 0x0000000080031f28
core   0: 0x000000008000ff5c (0x000097ba) c.add   a5, a4
core   0: 3 0x000000008000ff5c (0x97ba) x15 0x00000000800120dc
core   0: 0x000000008000ff5e (0xfe043703) ld      a4, -32(s0)
core   0: 3 0x000000008000ff5e (0xfe043703) x14 0x0000000080012061 mem 0x0000000080031f50
core   0: 0x000000008000ff62 (0xfcf76de3) bltu    a4, a5, pc - 38
core   0: 3 0x000000008000ff62 (0xfcf76de3)
core   0: 0x000000008000ff3c (0xfe043783) ld      a5, -32(s0)
core   0: 3 0x000000008000ff3c (0xfe043783) x15 0x0000000080012061 mem 0x0000000080031f50
core   0: 0x000000008000ff40 (0x00178713) addi    a4, a5, 1
core   0: 3 0x000000008000ff40 (0x00178713) x14 0x0000000080012062
core   0: 0x000000008000ff44 (0xfee43023) sd      a4, -32(s0)
core   0: 3 0x000000008000ff44 (0xfee43023) mem 0x0000000080031f50 0x0000000080012062
core   0: 0x000000008000ff48 (0xfc442703) lw      a4, -60(s0)
core   0: 3 0x000000008000ff48 (0xfc442703) x14 0x0000000000000000 mem 0x0000000080031f34
core   0: 0x000000008000ff4c (0x0ff77713) andi    a4, a4, 255
core   0: 3 0x000000008000ff4c (0x0ff77713) x14 0x0000000000000000
core   0: 0x000000008000ff50 (0x00e78023) sb      a4, 0(a5)
core   0: 3 0x000000008000ff50 (0x00e78023) mem 0x0000000080012061 0x00
core   0: 0x000000008000ff54 (0xfc843703) ld      a4, -56(s0)
core   0: 3 0x000000008000ff54 (0xfc843703) x14 0x0000000080012040 mem 0x0000000080031f38
core   0: 0x000000008000ff58 (0xfb843783) ld      a5, -72(s0)
core   0: 3 0x000000008000ff58 (0xfb843783) x15 0x000000000000009c mem 0x0000000080031f28
core   0: 0x000000008000ff5c (0x000097ba) c.add   a5, a4
core   0: 3 0x000000008000ff5c (0x97ba) x15 0x00000000800120dc
core   0: 0x000000008000ff5e (0xfe043703) ld      a4, -32(s0)
core   0: 3 0x000000008000ff5e (0xfe043703) x14 0x0000000080012062 mem 0x0000000080031f50
core   0: 0x000000008000ff62 (0xfcf76de3) bltu    a4, a5, pc - 38
core   0: 3 0x000000008000ff62 (0xfcf76de3)
core   0: 0x000000008000ff3c (0xfe043783) ld      a5, -32(s0)
core   0: 3 0x000000008000ff3c (0xfe043783) x15 0x0000000080012062 mem 0x0000000080031f50
core   0: 0x000000008000ff40 (0x00178713) addi    a4, a5, 1
core   0: 3 0x000000008000ff40 (0x00178713) x14 0x0000000080012063
core   0: 0x000000008000ff44 (0xfee43023) sd      a4, -32(s0)
core   0: 3 0x000000008000ff44 (0xfee43023) mem 0x0000000080031f50 0x0000000080012063
core   0: 0x000000008000ff48 (0xfc442703) lw      a4, -60(s0)
core   0: 3 0x000000008000ff48 (0xfc442703) x14 0x0000000000000000 mem 0x0000000080031f34
core   0: 0x000000008000ff4c (0x0ff77713) andi    a4, a4, 255
core   0: 3 0x000000008000ff4c (0x0ff77713) x14 0x0000000000000000
core   0: 0x000000008000ff50 (0x00e78023) sb      a4, 0(a5)
core   0: 3 0x000000008000ff50 (0x00e78023) mem 0x0000000080012062 0x00
core   0: 0x000000008000ff54 (0xfc843703) ld      a4, -56(s0)
core   0: 3 0x000000008000ff54 (0xfc843703) x14 0x0000000080012040 mem 0x0000000080031f38
core   0: 0x000000008000ff58 (0xfb843783) ld      a5, -72(s0)
core   0: 3 0x000000008000ff58 (0xfb843783) x15 0x000000000000009c mem 0x0000000080031f28
core   0: 0x000000008000ff5c (0x000097ba) c.add   a5, a4
core   0: 3 0x000000008000ff5c (0x97ba) x15 0x00000000800120dc
core   0: 0x000000008000ff5e (0xfe043703) ld      a4, -32(s0)
core   0: 3 0x000000008000ff5e (0xfe043703) x14 0x0000000080012063 mem 0x0000000080031f50
core   0: 0x000000008000ff62 (0xfcf76de3) bltu    a4, a5, pc - 38
core   0: 3 0x000000008000ff62 (0xfcf76de3)
core   0: 0x000000008000ff3c (0xfe043783) ld      a5, -32(s0)
core   0: 3 0x000000008000ff3c (0xfe043783) x15 0x0000000080012063 mem 0x0000000080031f50
core   0: 0x000000008000ff40 (0x00178713) addi    a4, a5, 1
core   0: 3 0x000000008000ff40 (0x00178713) x14 0x0000000080012064
core   0: 0x000000008000ff44 (0xfee43023) sd      a4, -32(s0)
core   0: 3 0x000000008000ff44 (0xfee43023) mem 0x0000000080031f50 0x0000000080012064
core   0: 0x000000008000ff48 (0xfc442703) lw      a4, -60(s0)
core   0: 3 0x000000008000ff48 (0xfc442703) x14 0x0000000000000000 mem 0x0000000080031f34
core   0: 0x000000008000ff4c (0x0ff77713) andi    a4, a4, 255
core   0: 3 0x000000008000ff4c (0x0ff77713) x14 0x0000000000000000
core   0: 0x000000008000ff50 (0x00e78023) sb      a4, 0(a5)
core   0: 3 0x000000008000ff50 (0x00e78023) mem 0x0000000080012063 0x00
core   0: 0x000000008000ff54 (0xfc843703) ld      a4, -56(s0)
core   0: 3 0x000000008000ff54 (0xfc843703) x14 0x0000000080012040 mem 0x0000000080031f38
core   0: 0x000000008000ff58 (0xfb843783) ld      a5, -72(s0)
core   0: 3 0x000000008000ff58 (0xfb843783) x15 0x000000000000009c mem 0x0000000080031f28
core   0: 0x000000008000ff5c (0x000097ba) c.add   a5, a4
core   0: 3 0x000000008000ff5c (0x97ba) x15 0x00000000800120dc
core   0: 0x000000008000ff5e (0xfe043703) ld      a4, -32(s0)
core   0: 3 0x000000008000ff5e (0xfe043703) x14 0x0000000080012064 mem 0x0000000080031f50
core   0: 0x000000008000ff62 (0xfcf76de3) bltu    a4, a5, pc - 38
core   0: 3 0x000000008000ff62 (0xfcf76de3)
core   0: 0x000000008000ff3c (0xfe043783) ld      a5, -32(s0)
core   0: 3 0x000000008000ff3c (0xfe043783) x15 0x0000000080012064 mem 0x0000000080031f50
core   0: 0x000000008000ff40 (0x00178713) addi    a4, a5, 1
core   0: 3 0x000000008000ff40 (0x00178713) x14 0x0000000080012065
core   0: 0x000000008000ff44 (0xfee43023) sd      a4, -32(s0)
core   0: 3 0x000000008000ff44 (0xfee43023) mem 0x0000000080031f50 0x0000000080012065
core   0: 0x000000008000ff48 (0xfc442703) lw      a4, -60(s0)
core   0: 3 0x000000008000ff48 (0xfc442703) x14 0x0000000000000000 mem 0x0000000080031f34
core   0: 0x000000008000ff4c (0x0ff77713) andi    a4, a4, 255
core   0: 3 0x000000008000ff4c (0x0ff77713) x14 0x0000000000000000
core   0: 0x000000008000ff50 (0x00e78023) sb      a4, 0(a5)
core   0: 3 0x000000008000ff50 (0x00e78023) mem 0x0000000080012064 0x00
core   0: 0x000000008000ff54 (0xfc843703) ld      a4, -56(s0)
core   0: 3 0x000000008000ff54 (0xfc843703) x14 0x0000000080012040 mem 0x0000000080031f38
core   0: 0x000000008000ff58 (0xfb843783) ld      a5, -72(s0)
core   0: 3 0x000000008000ff58 (0xfb843783) x15 0x000000000000009c mem 0x0000000080031f28
core   0: 0x000000008000ff5c (0x000097ba) c.add   a5, a4
core   0: 3 0x000000008000ff5c (0x97ba) x15 0x00000000800120dc
core   0: 0x000000008000ff5e (0xfe043703) ld      a4, -32(s0)
core   0: 3 0x000000008000ff5e (0xfe043703) x14 0x0000000080012065 mem 0x0000000080031f50
core   0: 0x000000008000ff62 (0xfcf76de3) bltu    a4, a5, pc - 38
core   0: 3 0x000000008000ff62 (0xfcf76de3)
core   0: 0x000000008000ff3c (0xfe043783) ld      a5, -32(s0)
core   0: 3 0x000000008000ff3c (0xfe043783) x15 0x0000000080012065 mem 0x0000000080031f50
core   0: 0x000000008000ff40 (0x00178713) addi    a4, a5, 1
core   0: 3 0x000000008000ff40 (0x00178713) x14 0x0000000080012066
core   0: 0x000000008000ff44 (0xfee43023) sd      a4, -32(s0)
core   0: 3 0x000000008000ff44 (0xfee43023) mem 0x0000000080031f50 0x0000000080012066
core   0: 0x000000008000ff48 (0xfc442703) lw      a4, -60(s0)
core   0: 3 0x000000008000ff48 (0xfc442703) x14 0x0000000000000000 mem 0x0000000080031f34
core   0: 0x000000008000ff4c (0x0ff77713) andi    a4, a4, 255
core   0: 3 0x000000008000ff4c (0x0ff77713) x14 0x0000000000000000
core   0: 0x000000008000ff50 (0x00e78023) sb      a4, 0(a5)
core   0: 3 0x000000008000ff50 (0x00e78023) mem 0x0000000080012065 0x00
core   0: 0x000000008000ff54 (0xfc843703) ld      a4, -56(s0)
core   0: 3 0x000000008000ff54 (0xfc843703) x14 0x0000000080012040 mem 0x0000000080031f38
core   0: 0x000000008000ff58 (0xfb843783) ld      a5, -72(s0)
core   0: 3 0x000000008000ff58 (0xfb843783) x15 0x000000000000009c mem 0x0000000080031f28
core   0: 0x000000008000ff5c (0x000097ba) c.add   a5, a4
core   0: 3 0x000000008000ff5c (0x97ba) x15 0x00000000800120dc
core   0: 0x000000008000ff5e (0xfe043703) ld      a4, -32(s0)
core   0: 3 0x000000008000ff5e (0xfe043703) x14 0x0000000080012066 mem 0x0000000080031f50
core   0: 0x000000008000ff62 (0xfcf76de3) bltu    a4, a5, pc - 38
core   0: 3 0x000000008000ff62 (0xfcf76de3)
core   0: 0x000000008000ff3c (0xfe043783) ld      a5, -32(s0)
core   0: 3 0x000000008000ff3c (0xfe043783) x15 0x0000000080012066 mem 0x0000000080031f50
core   0: 0x000000008000ff40 (0x00178713) addi    a4, a5, 1
core   0: 3 0x000000008000ff40 (0x00178713) x14 0x0000000080012067
core   0: 0x000000008000ff44 (0xfee43023) sd      a4, -32(s0)
core   0: 3 0x000000008000ff44 (0xfee43023) mem 0x0000000080031f50 0x0000000080012067
core   0: 0x000000008000ff48 (0xfc442703) lw      a4, -60(s0)
core   0: 3 0x000000008000ff48 (0xfc442703) x14 0x0000000000000000 mem 0x0000000080031f34
core   0: 0x000000008000ff4c (0x0ff77713) andi    a4, a4, 255
core   0: 3 0x000000008000ff4c (0x0ff77713) x14 0x0000000000000000
core   0: 0x000000008000ff50 (0x00e78023) sb      a4, 0(a5)
core   0: 3 0x000000008000ff50 (0x00e78023) mem 0x0000000080012066 0x00
core   0: 0x000000008000ff54 (0xfc843703) ld      a4, -56(s0)
core   0: 3 0x000000008000ff54 (0xfc843703) x14 0x0000000080012040 mem 0x0000000080031f38
core   0: 0x000000008000ff58 (0xfb843783) ld      a5, -72(s0)
core   0: 3 0x000000008000ff58 (0xfb843783) x15 0x000000000000009c mem 0x0000000080031f28
core   0: 0x000000008000ff5c (0x000097ba) c.add   a5, a4
core   0: 3 0x000000008000ff5c (0x97ba) x15 0x00000000800120dc
core   0: 0x000000008000ff5e (0xfe043703) ld      a4, -32(s0)
core   0: 3 0x000000008000ff5e (0xfe043703) x14 0x0000000080012067 mem 0x0000000080031f50
core   0: 0x000000008000ff62 (0xfcf76de3) bltu    a4, a5, pc - 38
core   0: 3 0x000000008000ff62 (0xfcf76de3)
core   0: 0x000000008000ff3c (0xfe043783) ld      a5, -32(s0)
core   0: 3 0x000000008000ff3c (0xfe043783) x15 0x0000000080012067 mem 0x0000000080031f50
core   0: 0x000000008000ff40 (0x00178713) addi    a4, a5, 1
core   0: 3 0x000000008000ff40 (0x00178713) x14 0x0000000080012068
core   0: 0x000000008000ff44 (0xfee43023) sd      a4, -32(s0)
core   0: 3 0x000000008000ff44 (0xfee43023) mem 0x0000000080031f50 0x0000000080012068
core   0: 0x000000008000ff48 (0xfc442703) lw      a4, -60(s0)
core   0: 3 0x000000008000ff48 (0xfc442703) x14 0x0000000000000000 mem 0x0000000080031f34
core   0: 0x000000008000ff4c (0x0ff77713) andi    a4, a4, 255
core   0: 3 0x000000008000ff4c (0x0ff77713) x14 0x0000000000000000
core   0: 0x000000008000ff50 (0x00e78023) sb      a4, 0(a5)
core   0: 3 0x000000008000ff50 (0x00e78023) mem 0x0000000080012067 0x00
core   0: 0x000000008000ff54 (0xfc843703) ld      a4, -56(s0)
core   0: 3 0x000000008000ff54 (0xfc843703) x14 0x0000000080012040 mem 0x0000000080031f38
core   0: 0x000000008000ff58 (0xfb843783) ld      a5, -72(s0)
core   0: 3 0x000000008000ff58 (0xfb843783) x15 0x000000000000009c mem 0x0000000080031f28
core   0: 0x000000008000ff5c (0x000097ba) c.add   a5, a4
core   0: 3 0x000000008000ff5c (0x97ba) x15 0x00000000800120dc
core   0: 0x000000008000ff5e (0xfe043703) ld      a4, -32(s0)
core   0: 3 0x000000008000ff5e (0xfe043703) x14 0x0000000080012068 mem 0x0000000080031f50
core   0: 0x000000008000ff62 (0xfcf76de3) bltu    a4, a5, pc - 38
core   0: 3 0x000000008000ff62 (0xfcf76de3)
core   0: 0x000000008000ff3c (0xfe043783) ld      a5, -32(s0)
core   0: 3 0x000000008000ff3c (0xfe043783) x15 0x0000000080012068 mem 0x0000000080031f50
core   0: 0x000000008000ff40 (0x00178713) addi    a4, a5, 1
core   0: 3 0x000000008000ff40 (0x00178713) x14 0x0000000080012069
core   0: 0x000000008000ff44 (0xfee43023) sd      a4, -32(s0)
core   0: 3 0x000000008000ff44 (0xfee43023) mem 0x0000000080031f50 0x0000000080012069
core   0: 0x000000008000ff48 (0xfc442703) lw      a4, -60(s0)
core   0: 3 0x000000008000ff48 (0xfc442703) x14 0x0000000000000000 mem 0x0000000080031f34
core   0: 0x000000008000ff4c (0x0ff77713) andi    a4, a4, 255
core   0: 3 0x000000008000ff4c (0x0ff77713) x14 0x0000000000000000
core   0: 0x000000008000ff50 (0x00e78023) sb      a4, 0(a5)
core   0: 3 0x000000008000ff50 (0x00e78023) mem 0x0000000080012068 0x00
core   0: 0x000000008000ff54 (0xfc843703) ld      a4, -56(s0)
core   0: 3 0x000000008000ff54 (0xfc843703) x14 0x0000000080012040 mem 0x0000000080031f38
core   0: 0x000000008000ff58 (0xfb843783) ld      a5, -72(s0)
core   0: 3 0x000000008000ff58 (0xfb843783) x15 0x000000000000009c mem 0x0000000080031f28
core   0: 0x000000008000ff5c (0x000097ba) c.add   a5, a4
core   0: 3 0x000000008000ff5c (0x97ba) x15 0x00000000800120dc
core   0: 0x000000008000ff5e (0xfe043703) ld      a4, -32(s0)
core   0: 3 0x000000008000ff5e (0xfe043703) x14 0x0000000080012069 mem 0x0000000080031f50
core   0: 0x000000008000ff62 (0xfcf76de3) bltu    a4, a5, pc - 38
core   0: 3 0x000000008000ff62 (0xfcf76de3)
core   0: 0x000000008000ff3c (0xfe043783) ld      a5, -32(s0)
core   0: 3 0x000000008000ff3c (0xfe043783) x15 0x0000000080012069 mem 0x0000000080031f50
core   0: 0x000000008000ff40 (0x00178713) addi    a4, a5, 1
core   0: 3 0x000000008000ff40 (0x00178713) x14 0x000000008001206a
core   0: 0x000000008000ff44 (0xfee43023) sd      a4, -32(s0)
core   0: 3 0x000000008000ff44 (0xfee43023) mem 0x0000000080031f50 0x000000008001206a
core   0: 0x000000008000ff48 (0xfc442703) lw      a4, -60(s0)
core   0: 3 0x000000008000ff48 (0xfc442703) x14 0x0000000000000000 mem 0x0000000080031f34
core   0: 0x000000008000ff4c (0x0ff77713) andi    a4, a4, 255
core   0: 3 0x000000008000ff4c (0x0ff77713) x14 0x0000000000000000
core   0: 0x000000008000ff50 (0x00e78023) sb      a4, 0(a5)
core   0: 3 0x000000008000ff50 (0x00e78023) mem 0x0000000080012069 0x00
core   0: 0x000000008000ff54 (0xfc843703) ld      a4, -56(s0)
core   0: 3 0x000000008000ff54 (0xfc843703) x14 0x0000000080012040 mem 0x0000000080031f38
core   0: 0x000000008000ff58 (0xfb843783) ld      a5, -72(s0)
core   0: 3 0x000000008000ff58 (0xfb843783) x15 0x000000000000009c mem 0x0000000080031f28
core   0: 0x000000008000ff5c (0x000097ba) c.add   a5, a4
core   0: 3 0x000000008000ff5c (0x97ba) x15 0x00000000800120dc
core   0: 0x000000008000ff5e (0xfe043703) ld      a4, -32(s0)
core   0: 3 0x000000008000ff5e (0xfe043703) x14 0x000000008001206a mem 0x0000000080031f50
core   0: 0x000000008000ff62 (0xfcf76de3) bltu    a4, a5, pc - 38
core   0: 3 0x000000008000ff62 (0xfcf76de3)
core   0: 0x000000008000ff3c (0xfe043783) ld      a5, -32(s0)
core   0: 3 0x000000008000ff3c (0xfe043783) x15 0x000000008001206a mem 0x0000000080031f50
core   0: 0x000000008000ff40 (0x00178713) addi    a4, a5, 1
core   0: 3 0x000000008000ff40 (0x00178713) x14 0x000000008001206b
core   0: 0x000000008000ff44 (0xfee43023) sd      a4, -32(s0)
core   0: 3 0x000000008000ff44 (0xfee43023) mem 0x0000000080031f50 0x000000008001206b
core   0: 0x000000008000ff48 (0xfc442703) lw      a4, -60(s0)
core   0: 3 0x000000008000ff48 (0xfc442703) x14 0x0000000000000000 mem 0x0000000080031f34
core   0: 0x000000008000ff4c (0x0ff77713) andi    a4, a4, 255
core   0: 3 0x000000008000ff4c (0x0ff77713) x14 0x0000000000000000
core   0: 0x000000008000ff50 (0x00e78023) sb      a4, 0(a5)
core   0: 3 0x000000008000ff50 (0x00e78023) mem 0x000000008001206a 0x00
core   0: 0x000000008000ff54 (0xfc843703) ld      a4, -56(s0)
core   0: 3 0x000000008000ff54 (0xfc843703) x14 0x0000000080012040 mem 0x0000000080031f38
core   0: 0x000000008000ff58 (0xfb843783) ld      a5, -72(s0)
core   0: 3 0x000000008000ff58 (0xfb843783) x15 0x000000000000009c mem 0x0000000080031f28
core   0: 0x000000008000ff5c (0x000097ba) c.add   a5, a4
core   0: 3 0x000000008000ff5c (0x97ba) x15 0x00000000800120dc
core   0: 0x000000008000ff5e (0xfe043703) ld      a4, -32(s0)
core   0: 3 0x000000008000ff5e (0xfe043703) x14 0x000000008001206b mem 0x0000000080031f50
core   0: 0x000000008000ff62 (0xfcf76de3) bltu    a4, a5, pc - 38
core   0: 3 0x000000008000ff62 (0xfcf76de3)
core   0: 0x000000008000ff3c (0xfe043783) ld      a5, -32(s0)
core   0: 3 0x000000008000ff3c (0xfe043783) x15 0x000000008001206b mem 0x0000000080031f50
core   0: 0x000000008000ff40 (0x00178713) addi    a4, a5, 1
core   0: 3 0x000000008000ff40 (0x00178713) x14 0x000000008001206c
core   0: 0x000000008000ff44 (0xfee43023) sd      a4, -32(s0)
core   0: 3 0x000000008000ff44 (0xfee43023) mem 0x0000000080031f50 0x000000008001206c
core   0: 0x000000008000ff48 (0xfc442703) lw      a4, -60(s0)
core   0: 3 0x000000008000ff48 (0xfc442703) x14 0x0000000000000000 mem 0x0000000080031f34
core   0: 0x000000008000ff4c (0x0ff77713) andi    a4, a4, 255
core   0: 3 0x000000008000ff4c (0x0ff77713) x14 0x0000000000000000
core   0: 0x000000008000ff50 (0x00e78023) sb      a4, 0(a5)
core   0: 3 0x000000008000ff50 (0x00e78023) mem 0x000000008001206b 0x00
core   0: 0x000000008000ff54 (0xfc843703) ld      a4, -56(s0)
core   0: 3 0x000000008000ff54 (0xfc843703) x14 0x0000000080012040 mem 0x0000000080031f38
core   0: 0x000000008000ff58 (0xfb843783) ld      a5, -72(s0)
core   0: 3 0x000000008000ff58 (0xfb843783) x15 0x000000000000009c mem 0x0000000080031f28
core   0: 0x000000008000ff5c (0x000097ba) c.add   a5, a4
core   0: 3 0x000000008000ff5c (0x97ba) x15 0x00000000800120dc
core   0: 0x000000008000ff5e (0xfe043703) ld      a4, -32(s0)
core   0: 3 0x000000008000ff5e (0xfe043703) x14 0x000000008001206c mem 0x0000000080031f50
core   0: 0x000000008000ff62 (0xfcf76de3) bltu    a4, a5, pc - 38
core   0: 3 0x000000008000ff62 (0xfcf76de3)
core   0: 0x000000008000ff3c (0xfe043783) ld      a5, -32(s0)
core   0: 3 0x000000008000ff3c (0xfe043783) x15 0x000000008001206c mem 0x0000000080031f50
core   0: 0x000000008000ff40 (0x00178713) addi    a4, a5, 1
core   0: 3 0x000000008000ff40 (0x00178713) x14 0x000000008001206d
core   0: 0x000000008000ff44 (0xfee43023) sd      a4, -32(s0)
core   0: 3 0x000000008000ff44 (0xfee43023) mem 0x0000000080031f50 0x000000008001206d
core   0: 0x000000008000ff48 (0xfc442703) lw      a4, -60(s0)
core   0: 3 0x000000008000ff48 (0xfc442703) x14 0x0000000000000000 mem 0x0000000080031f34
core   0: 0x000000008000ff4c (0x0ff77713) andi    a4, a4, 255
core   0: 3 0x000000008000ff4c (0x0ff77713) x14 0x0000000000000000
core   0: 0x000000008000ff50 (0x00e78023) sb      a4, 0(a5)
core   0: 3 0x000000008000ff50 (0x00e78023) mem 0x000000008001206c 0x00
core   0: 0x000000008000ff54 (0xfc843703) ld      a4, -56(s0)
core   0: 3 0x000000008000ff54 (0xfc843703) x14 0x0000000080012040 mem 0x0000000080031f38
core   0: 0x000000008000ff58 (0xfb843783) ld      a5, -72(s0)
core   0: 3 0x000000008000ff58 (0xfb843783) x15 0x000000000000009c mem 0x0000000080031f28
core   0: 0x000000008000ff5c (0x000097ba) c.add   a5, a4
core   0: 3 0x000000008000ff5c (0x97ba) x15 0x00000000800120dc
core   0: 0x000000008000ff5e (0xfe043703) ld      a4, -32(s0)
core   0: 3 0x000000008000ff5e (0xfe043703) x14 0x000000008001206d mem 0x0000000080031f50
core   0: 0x000000008000ff62 (0xfcf76de3) bltu    a4, a5, pc - 38
core   0: 3 0x000000008000ff62 (0xfcf76de3)
core   0: 0x000000008000ff3c (0xfe043783) ld      a5, -32(s0)
core   0: 3 0x000000008000ff3c (0xfe043783) x15 0x000000008001206d mem 0x0000000080031f50
core   0: 0x000000008000ff40 (0x00178713) addi    a4, a5, 1
core   0: 3 0x000000008000ff40 (0x00178713) x14 0x000000008001206e
core   0: 0x000000008000ff44 (0xfee43023) sd      a4, -32(s0)
core   0: 3 0x000000008000ff44 (0xfee43023) mem 0x0000000080031f50 0x000000008001206e
core   0: 0x000000008000ff48 (0xfc442703) lw      a4, -60(s0)
core   0: 3 0x000000008000ff48 (0xfc442703) x14 0x0000000000000000 mem 0x0000000080031f34
core   0: 0x000000008000ff4c (0x0ff77713) andi    a4, a4, 255
core   0: 3 0x000000008000ff4c (0x0ff77713) x14 0x0000000000000000
core   0: 0x000000008000ff50 (0x00e78023) sb      a4, 0(a5)
core   0: 3 0x000000008000ff50 (0x00e78023) mem 0x000000008001206d 0x00
core   0: 0x000000008000ff54 (0xfc843703) ld      a4, -56(s0)
core   0: 3 0x000000008000ff54 (0xfc843703) x14 0x0000000080012040 mem 0x0000000080031f38
core   0: 0x000000008000ff58 (0xfb843783) ld      a5, -72(s0)
core   0: 3 0x000000008000ff58 (0xfb843783) x15 0x000000000000009c mem 0x0000000080031f28
core   0: 0x000000008000ff5c (0x000097ba) c.add   a5, a4
core   0: 3 0x000000008000ff5c (0x97ba) x15 0x00000000800120dc
core   0: 0x000000008000ff5e (0xfe043703) ld      a4, -32(s0)
core   0: 3 0x000000008000ff5e (0xfe043703) x14 0x000000008001206e mem 0x0000000080031f50
core   0: 0x000000008000ff62 (0xfcf76de3) bltu    a4, a5, pc - 38
core   0: 3 0x000000008000ff62 (0xfcf76de3)
core   0: 0x000000008000ff3c (0xfe043783) ld      a5, -32(s0)
core   0: 3 0x000000008000ff3c (0xfe043783) x15 0x000000008001206e mem 0x0000000080031f50
core   0: 0x000000008000ff40 (0x00178713) addi    a4, a5, 1
core   0: 3 0x000000008000ff40 (0x00178713) x14 0x000000008001206f
core   0: 0x000000008000ff44 (0xfee43023) sd      a4, -32(s0)
core   0: 3 0x000000008000ff44 (0xfee43023) mem 0x0000000080031f50 0x000000008001206f
core   0: 0x000000008000ff48 (0xfc442703) lw      a4, -60(s0)
core   0: 3 0x000000008000ff48 (0xfc442703) x14 0x0000000000000000 mem 0x0000000080031f34
core   0: 0x000000008000ff4c (0x0ff77713) andi    a4, a4, 255
core   0: 3 0x000000008000ff4c (0x0ff77713) x14 0x0000000000000000
core   0: 0x000000008000ff50 (0x00e78023) sb      a4, 0(a5)
core   0: 3 0x000000008000ff50 (0x00e78023) mem 0x000000008001206e 0x00
core   0: 0x000000008000ff54 (0xfc843703) ld      a4, -56(s0)
core   0: 3 0x000000008000ff54 (0xfc843703) x14 0x0000000080012040 mem 0x0000000080031f38
core   0: 0x000000008000ff58 (0xfb843783) ld      a5, -72(s0)
core   0: 3 0x000000008000ff58 (0xfb843783) x15 0x000000000000009c mem 0x0000000080031f28
core   0: 0x000000008000ff5c (0x000097ba) c.add   a5, a4
core   0: 3 0x000000008000ff5c (0x97ba) x15 0x00000000800120dc
core   0: 0x000000008000ff5e (0xfe043703) ld      a4, -32(s0)
core   0: 3 0x000000008000ff5e (0xfe043703) x14 0x000000008001206f mem 0x0000000080031f50
core   0: 0x000000008000ff62 (0xfcf76de3) bltu    a4, a5, pc - 38
core   0: 3 0x000000008000ff62 (0xfcf76de3)
core   0: 0x000000008000ff3c (0xfe043783) ld      a5, -32(s0)
core   0: 3 0x000000008000ff3c (0xfe043783) x15 0x000000008001206f mem 0x0000000080031f50
core   0: 0x000000008000ff40 (0x00178713) addi    a4, a5, 1
core   0: 3 0x000000008000ff40 (0x00178713) x14 0x0000000080012070
core   0: 0x000000008000ff44 (0xfee43023) sd      a4, -32(s0)
core   0: 3 0x000000008000ff44 (0xfee43023) mem 0x0000000080031f50 0x0000000080012070
core   0: 0x000000008000ff48 (0xfc442703) lw      a4, -60(s0)
core   0: 3 0x000000008000ff48 (0xfc442703) x14 0x0000000000000000 mem 0x0000000080031f34
core   0: 0x000000008000ff4c (0x0ff77713) andi    a4, a4, 255
core   0: 3 0x000000008000ff4c (0x0ff77713) x14 0x0000000000000000
core   0: 0x000000008000ff50 (0x00e78023) sb      a4, 0(a5)
core   0: 3 0x000000008000ff50 (0x00e78023) mem 0x000000008001206f 0x00
core   0: 0x000000008000ff54 (0xfc843703) ld      a4, -56(s0)
core   0: 3 0x000000008000ff54 (0xfc843703) x14 0x0000000080012040 mem 0x0000000080031f38
core   0: 0x000000008000ff58 (0xfb843783) ld      a5, -72(s0)
core   0: 3 0x000000008000ff58 (0xfb843783) x15 0x000000000000009c mem 0x0000000080031f28
core   0: 0x000000008000ff5c (0x000097ba) c.add   a5, a4
core   0: 3 0x000000008000ff5c (0x97ba) x15 0x00000000800120dc
core   0: 0x000000008000ff5e (0xfe043703) ld      a4, -32(s0)
core   0: 3 0x000000008000ff5e (0xfe043703) x14 0x0000000080012070 mem 0x0000000080031f50
core   0: 0x000000008000ff62 (0xfcf76de3) bltu    a4, a5, pc - 38
core   0: 3 0x000000008000ff62 (0xfcf76de3)
core   0: 0x000000008000ff3c (0xfe043783) ld      a5, -32(s0)
core   0: 3 0x000000008000ff3c (0xfe043783) x15 0x0000000080012070 mem 0x0000000080031f50
core   0: 0x000000008000ff40 (0x00178713) addi    a4, a5, 1
core   0: 3 0x000000008000ff40 (0x00178713) x14 0x0000000080012071
core   0: 0x000000008000ff44 (0xfee43023) sd      a4, -32(s0)
core   0: 3 0x000000008000ff44 (0xfee43023) mem 0x0000000080031f50 0x0000000080012071
core   0: 0x000000008000ff48 (0xfc442703) lw      a4, -60(s0)
core   0: 3 0x000000008000ff48 (0xfc442703) x14 0x0000000000000000 mem 0x0000000080031f34
core   0: 0x000000008000ff4c (0x0ff77713) andi    a4, a4, 255
core   0: 3 0x000000008000ff4c (0x0ff77713) x14 0x0000000000000000
core   0: 0x000000008000ff50 (0x00e78023) sb      a4, 0(a5)
core   0: 3 0x000000008000ff50 (0x00e78023) mem 0x0000000080012070 0x00
core   0: 0x000000008000ff54 (0xfc843703) ld      a4, -56(s0)
core   0: 3 0x000000008000ff54 (0xfc843703) x14 0x0000000080012040 mem 0x0000000080031f38
core   0: 0x000000008000ff58 (0xfb843783) ld      a5, -72(s0)
core   0: 3 0x000000008000ff58 (0xfb843783) x15 0x000000000000009c mem 0x0000000080031f28
core   0: 0x000000008000ff5c (0x000097ba) c.add   a5, a4
core   0: 3 0x000000008000ff5c (0x97ba) x15 0x00000000800120dc
core   0: 0x000000008000ff5e (0xfe043703) ld      a4, -32(s0)
core   0: 3 0x000000008000ff5e (0xfe043703) x14 0x0000000080012071 mem 0x0000000080031f50
core   0: 0x000000008000ff62 (0xfcf76de3) bltu    a4, a5, pc - 38
core   0: 3 0x000000008000ff62 (0xfcf76de3)
core   0: 0x000000008000ff3c (0xfe043783) ld      a5, -32(s0)
core   0: 3 0x000000008000ff3c (0xfe043783) x15 0x0000000080012071 mem 0x0000000080031f50
core   0: 0x000000008000ff40 (0x00178713) addi    a4, a5, 1
core   0: 3 0x000000008000ff40 (0x00178713) x14 0x0000000080012072
core   0: 0x000000008000ff44 (0xfee43023) sd      a4, -32(s0)
core   0: 3 0x000000008000ff44 (0xfee43023) mem 0x0000000080031f50 0x0000000080012072
core   0: 0x000000008000ff48 (0xfc442703) lw      a4, -60(s0)
core   0: 3 0x000000008000ff48 (0xfc442703) x14 0x0000000000000000 mem 0x0000000080031f34
core   0: 0x000000008000ff4c (0x0ff77713) andi    a4, a4, 255
core   0: 3 0x000000008000ff4c (0x0ff77713) x14 0x0000000000000000
core   0: 0x000000008000ff50 (0x00e78023) sb      a4, 0(a5)
core   0: 3 0x000000008000ff50 (0x00e78023) mem 0x0000000080012071 0x00
core   0: 0x000000008000ff54 (0xfc843703) ld      a4, -56(s0)
core   0: 3 0x000000008000ff54 (0xfc843703) x14 0x0000000080012040 mem 0x0000000080031f38
core   0: 0x000000008000ff58 (0xfb843783) ld      a5, -72(s0)
core   0: 3 0x000000008000ff58 (0xfb843783) x15 0x000000000000009c mem 0x0000000080031f28
core   0: 0x000000008000ff5c (0x000097ba) c.add   a5, a4
core   0: 3 0x000000008000ff5c (0x97ba) x15 0x00000000800120dc
core   0: 0x000000008000ff5e (0xfe043703) ld      a4, -32(s0)
core   0: 3 0x000000008000ff5e (0xfe043703) x14 0x0000000080012072 mem 0x0000000080031f50
core   0: 0x000000008000ff62 (0xfcf76de3) bltu    a4, a5, pc - 38
core   0: 3 0x000000008000ff62 (0xfcf76de3)
core   0: 0x000000008000ff3c (0xfe043783) ld      a5, -32(s0)
core   0: 3 0x000000008000ff3c (0xfe043783) x15 0x0000000080012072 mem 0x0000000080031f50
core   0: 0x000000008000ff40 (0x00178713) addi    a4, a5, 1
core   0: 3 0x000000008000ff40 (0x00178713) x14 0x0000000080012073
core   0: 0x000000008000ff44 (0xfee43023) sd      a4, -32(s0)
core   0: 3 0x000000008000ff44 (0xfee43023) mem 0x0000000080031f50 0x0000000080012073
core   0: 0x000000008000ff48 (0xfc442703) lw      a4, -60(s0)
core   0: 3 0x000000008000ff48 (0xfc442703) x14 0x0000000000000000 mem 0x0000000080031f34
core   0: 0x000000008000ff4c (0x0ff77713) andi    a4, a4, 255
core   0: 3 0x000000008000ff4c (0x0ff77713) x14 0x0000000000000000
core   0: 0x000000008000ff50 (0x00e78023) sb      a4, 0(a5)
core   0: 3 0x000000008000ff50 (0x00e78023) mem 0x0000000080012072 0x00
core   0: 0x000000008000ff54 (0xfc843703) ld      a4, -56(s0)
core   0: 3 0x000000008000ff54 (0xfc843703) x14 0x0000000080012040 mem 0x0000000080031f38
core   0: 0x000000008000ff58 (0xfb843783) ld      a5, -72(s0)
core   0: 3 0x000000008000ff58 (0xfb843783) x15 0x000000000000009c mem 0x0000000080031f28
core   0: 0x000000008000ff5c (0x000097ba) c.add   a5, a4
core   0: 3 0x000000008000ff5c (0x97ba) x15 0x00000000800120dc
core   0: 0x000000008000ff5e (0xfe043703) ld      a4, -32(s0)
core   0: 3 0x000000008000ff5e (0xfe043703) x14 0x0000000080012073 mem 0x0000000080031f50
core   0: 0x000000008000ff62 (0xfcf76de3) bltu    a4, a5, pc - 38
core   0: 3 0x000000008000ff62 (0xfcf76de3)
core   0: 0x000000008000ff3c (0xfe043783) ld      a5, -32(s0)
core   0: 3 0x000000008000ff3c (0xfe043783) x15 0x0000000080012073 mem 0x0000000080031f50
core   0: 0x000000008000ff40 (0x00178713) addi    a4, a5, 1
core   0: 3 0x000000008000ff40 (0x00178713) x14 0x0000000080012074
core   0: 0x000000008000ff44 (0xfee43023) sd      a4, -32(s0)
core   0: 3 0x000000008000ff44 (0xfee43023) mem 0x0000000080031f50 0x0000000080012074
core   0: 0x000000008000ff48 (0xfc442703) lw      a4, -60(s0)
core   0: 3 0x000000008000ff48 (0xfc442703) x14 0x0000000000000000 mem 0x0000000080031f34
core   0: 0x000000008000ff4c (0x0ff77713) andi    a4, a4, 255
core   0: 3 0x000000008000ff4c (0x0ff77713) x14 0x0000000000000000
core   0: 0x000000008000ff50 (0x00e78023) sb      a4, 0(a5)
core   0: 3 0x000000008000ff50 (0x00e78023) mem 0x0000000080012073 0x00
core   0: 0x000000008000ff54 (0xfc843703) ld      a4, -56(s0)
core   0: 3 0x000000008000ff54 (0xfc843703) x14 0x0000000080012040 mem 0x0000000080031f38
core   0: 0x000000008000ff58 (0xfb843783) ld      a5, -72(s0)
core   0: 3 0x000000008000ff58 (0xfb843783) x15 0x000000000000009c mem 0x0000000080031f28
core   0: 0x000000008000ff5c (0x000097ba) c.add   a5, a4
core   0: 3 0x000000008000ff5c (0x97ba) x15 0x00000000800120dc
core   0: 0x000000008000ff5e (0xfe043703) ld      a4, -32(s0)
core   0: 3 0x000000008000ff5e (0xfe043703) x14 0x0000000080012074 mem 0x0000000080031f50
core   0: 0x000000008000ff62 (0xfcf76de3) bltu    a4, a5, pc - 38
core   0: 3 0x000000008000ff62 (0xfcf76de3)
core   0: 0x000000008000ff3c (0xfe043783) ld      a5, -32(s0)
core   0: 3 0x000000008000ff3c (0xfe043783) x15 0x0000000080012074 mem 0x0000000080031f50
core   0: 0x000000008000ff40 (0x00178713) addi    a4, a5, 1
core   0: 3 0x000000008000ff40 (0x00178713) x14 0x0000000080012075
core   0: 0x000000008000ff44 (0xfee43023) sd      a4, -32(s0)
core   0: 3 0x000000008000ff44 (0xfee43023) mem 0x0000000080031f50 0x0000000080012075
core   0: 0x000000008000ff48 (0xfc442703) lw      a4, -60(s0)
core   0: 3 0x000000008000ff48 (0xfc442703) x14 0x0000000000000000 mem 0x0000000080031f34
core   0: 0x000000008000ff4c (0x0ff77713) andi    a4, a4, 255
core   0: 3 0x000000008000ff4c (0x0ff77713) x14 0x0000000000000000
core   0: 0x000000008000ff50 (0x00e78023) sb      a4, 0(a5)
core   0: 3 0x000000008000ff50 (0x00e78023) mem 0x0000000080012074 0x00
core   0: 0x000000008000ff54 (0xfc843703) ld      a4, -56(s0)
core   0: 3 0x000000008000ff54 (0xfc843703) x14 0x0000000080012040 mem 0x0000000080031f38
core   0: 0x000000008000ff58 (0xfb843783) ld      a5, -72(s0)
core   0: 3 0x000000008000ff58 (0xfb843783) x15 0x000000000000009c mem 0x0000000080031f28
core   0: 0x000000008000ff5c (0x000097ba) c.add   a5, a4
core   0: 3 0x000000008000ff5c (0x97ba) x15 0x00000000800120dc
core   0: 0x000000008000ff5e (0xfe043703) ld      a4, -32(s0)
core   0: 3 0x000000008000ff5e (0xfe043703) x14 0x0000000080012075 mem 0x0000000080031f50
core   0: 0x000000008000ff62 (0xfcf76de3) bltu    a4, a5, pc - 38
core   0: 3 0x000000008000ff62 (0xfcf76de3)
core   0: 0x000000008000ff3c (0xfe043783) ld      a5, -32(s0)
core   0: 3 0x000000008000ff3c (0xfe043783) x15 0x0000000080012075 mem 0x0000000080031f50
core   0: 0x000000008000ff40 (0x00178713) addi    a4, a5, 1
core   0: 3 0x000000008000ff40 (0x00178713) x14 0x0000000080012076
core   0: 0x000000008000ff44 (0xfee43023) sd      a4, -32(s0)
core   0: 3 0x000000008000ff44 (0xfee43023) mem 0x0000000080031f50 0x0000000080012076
core   0: 0x000000008000ff48 (0xfc442703) lw      a4, -60(s0)
core   0: 3 0x000000008000ff48 (0xfc442703) x14 0x0000000000000000 mem 0x0000000080031f34
core   0: 0x000000008000ff4c (0x0ff77713) andi    a4, a4, 255
core   0: 3 0x000000008000ff4c (0x0ff77713) x14 0x0000000000000000
core   0: 0x000000008000ff50 (0x00e78023) sb      a4, 0(a5)
core   0: 3 0x000000008000ff50 (0x00e78023) mem 0x0000000080012075 0x00
core   0: 0x000000008000ff54 (0xfc843703) ld      a4, -56(s0)
core   0: 3 0x000000008000ff54 (0xfc843703) x14 0x0000000080012040 mem 0x0000000080031f38
core   0: 0x000000008000ff58 (0xfb843783) ld      a5, -72(s0)
core   0: 3 0x000000008000ff58 (0xfb843783) x15 0x000000000000009c mem 0x0000000080031f28
core   0: 0x000000008000ff5c (0x000097ba) c.add   a5, a4
core   0: 3 0x000000008000ff5c (0x97ba) x15 0x00000000800120dc
core   0: 0x000000008000ff5e (0xfe043703) ld      a4, -32(s0)
core   0: 3 0x000000008000ff5e (0xfe043703) x14 0x0000000080012076 mem 0x0000000080031f50
core   0: 0x000000008000ff62 (0xfcf76de3) bltu    a4, a5, pc - 38
core   0: 3 0x000000008000ff62 (0xfcf76de3)
core   0: 0x000000008000ff3c (0xfe043783) ld      a5, -32(s0)
core   0: 3 0x000000008000ff3c (0xfe043783) x15 0x0000000080012076 mem 0x0000000080031f50
core   0: 0x000000008000ff40 (0x00178713) addi    a4, a5, 1
core   0: 3 0x000000008000ff40 (0x00178713) x14 0x0000000080012077
core   0: 0x000000008000ff44 (0xfee43023) sd      a4, -32(s0)
core   0: 3 0x000000008000ff44 (0xfee43023) mem 0x0000000080031f50 0x0000000080012077
core   0: 0x000000008000ff48 (0xfc442703) lw      a4, -60(s0)
core   0: 3 0x000000008000ff48 (0xfc442703) x14 0x0000000000000000 mem 0x0000000080031f34
core   0: 0x000000008000ff4c (0x0ff77713) andi    a4, a4, 255
core   0: 3 0x000000008000ff4c (0x0ff77713) x14 0x0000000000000000
core   0: 0x000000008000ff50 (0x00e78023) sb      a4, 0(a5)
core   0: 3 0x000000008000ff50 (0x00e78023) mem 0x0000000080012076 0x00
core   0: 0x000000008000ff54 (0xfc843703) ld      a4, -56(s0)
core   0: 3 0x000000008000ff54 (0xfc843703) x14 0x0000000080012040 mem 0x0000000080031f38
core   0: 0x000000008000ff58 (0xfb843783) ld      a5, -72(s0)
core   0: 3 0x000000008000ff58 (0xfb843783) x15 0x000000000000009c mem 0x0000000080031f28
core   0: 0x000000008000ff5c (0x000097ba) c.add   a5, a4
core   0: 3 0x000000008000ff5c (0x97ba) x15 0x00000000800120dc
core   0: 0x000000008000ff5e (0xfe043703) ld      a4, -32(s0)
core   0: 3 0x000000008000ff5e (0xfe043703) x14 0x0000000080012077 mem 0x0000000080031f50
core   0: 0x000000008000ff62 (0xfcf76de3) bltu    a4, a5, pc - 38
core   0: 3 0x000000008000ff62 (0xfcf76de3)
core   0: 0x000000008000ff3c (0xfe043783) ld      a5, -32(s0)
core   0: 3 0x000000008000ff3c (0xfe043783) x15 0x0000000080012077 mem 0x0000000080031f50
core   0: 0x000000008000ff40 (0x00178713) addi    a4, a5, 1
core   0: 3 0x000000008000ff40 (0x00178713) x14 0x0000000080012078
core   0: 0x000000008000ff44 (0xfee43023) sd      a4, -32(s0)
core   0: 3 0x000000008000ff44 (0xfee43023) mem 0x0000000080031f50 0x0000000080012078
core   0: 0x000000008000ff48 (0xfc442703) lw      a4, -60(s0)
core   0: 3 0x000000008000ff48 (0xfc442703) x14 0x0000000000000000 mem 0x0000000080031f34
core   0: 0x000000008000ff4c (0x0ff77713) andi    a4, a4, 255
core   0: 3 0x000000008000ff4c (0x0ff77713) x14 0x0000000000000000
core   0: 0x000000008000ff50 (0x00e78023) sb      a4, 0(a5)
core   0: 3 0x000000008000ff50 (0x00e78023) mem 0x0000000080012077 0x00
core   0: 0x000000008000ff54 (0xfc843703) ld      a4, -56(s0)
core   0: 3 0x000000008000ff54 (0xfc843703) x14 0x0000000080012040 mem 0x0000000080031f38
core   0: 0x000000008000ff58 (0xfb843783) ld      a5, -72(s0)
core   0: 3 0x000000008000ff58 (0xfb843783) x15 0x000000000000009c mem 0x0000000080031f28
core   0: 0x000000008000ff5c (0x000097ba) c.add   a5, a4
core   0: 3 0x000000008000ff5c (0x97ba) x15 0x00000000800120dc
core   0: 0x000000008000ff5e (0xfe043703) ld      a4, -32(s0)
core   0: 3 0x000000008000ff5e (0xfe043703) x14 0x0000000080012078 mem 0x0000000080031f50
core   0: 0x000000008000ff62 (0xfcf76de3) bltu    a4, a5, pc - 38
core   0: 3 0x000000008000ff62 (0xfcf76de3)
core   0: 0x000000008000ff3c (0xfe043783) ld      a5, -32(s0)
core   0: 3 0x000000008000ff3c (0xfe043783) x15 0x0000000080012078 mem 0x0000000080031f50
core   0: 0x000000008000ff40 (0x00178713) addi    a4, a5, 1
core   0: 3 0x000000008000ff40 (0x00178713) x14 0x0000000080012079
core   0: 0x000000008000ff44 (0xfee43023) sd      a4, -32(s0)
core   0: 3 0x000000008000ff44 (0xfee43023) mem 0x0000000080031f50 0x0000000080012079
core   0: 0x000000008000ff48 (0xfc442703) lw      a4, -60(s0)
core   0: 3 0x000000008000ff48 (0xfc442703) x14 0x0000000000000000 mem 0x0000000080031f34
core   0: 0x000000008000ff4c (0x0ff77713) andi    a4, a4, 255
core   0: 3 0x000000008000ff4c (0x0ff77713) x14 0x0000000000000000
core   0: 0x000000008000ff50 (0x00e78023) sb      a4, 0(a5)
core   0: 3 0x000000008000ff50 (0x00e78023) mem 0x0000000080012078 0x00
core   0: 0x000000008000ff54 (0xfc843703) ld      a4, -56(s0)
core   0: 3 0x000000008000ff54 (0xfc843703) x14 0x0000000080012040 mem 0x0000000080031f38
core   0: 0x000000008000ff58 (0xfb843783) ld      a5, -72(s0)
core   0: 3 0x000000008000ff58 (0xfb843783) x15 0x000000000000009c mem 0x0000000080031f28
core   0: 0x000000008000ff5c (0x000097ba) c.add   a5, a4
core   0: 3 0x000000008000ff5c (0x97ba) x15 0x00000000800120dc
core   0: 0x000000008000ff5e (0xfe043703) ld      a4, -32(s0)
core   0: 3 0x000000008000ff5e (0xfe043703) x14 0x0000000080012079 mem 0x0000000080031f50
core   0: 0x000000008000ff62 (0xfcf76de3) bltu    a4, a5, pc - 38
core   0: 3 0x000000008000ff62 (0xfcf76de3)
core   0: 0x000000008000ff3c (0xfe043783) ld      a5, -32(s0)
core   0: 3 0x000000008000ff3c (0xfe043783) x15 0x0000000080012079 mem 0x0000000080031f50
core   0: 0x000000008000ff40 (0x00178713) addi    a4, a5, 1
core   0: 3 0x000000008000ff40 (0x00178713) x14 0x000000008001207a
core   0: 0x000000008000ff44 (0xfee43023) sd      a4, -32(s0)
core   0: 3 0x000000008000ff44 (0xfee43023) mem 0x0000000080031f50 0x000000008001207a
core   0: 0x000000008000ff48 (0xfc442703) lw      a4, -60(s0)
core   0: 3 0x000000008000ff48 (0xfc442703) x14 0x0000000000000000 mem 0x0000000080031f34
core   0: 0x000000008000ff4c (0x0ff77713) andi    a4, a4, 255
core   0: 3 0x000000008000ff4c (0x0ff77713) x14 0x0000000000000000
core   0: 0x000000008000ff50 (0x00e78023) sb      a4, 0(a5)
core   0: 3 0x000000008000ff50 (0x00e78023) mem 0x0000000080012079 0x00
core   0: 0x000000008000ff54 (0xfc843703) ld      a4, -56(s0)
core   0: 3 0x000000008000ff54 (0xfc843703) x14 0x0000000080012040 mem 0x0000000080031f38
core   0: 0x000000008000ff58 (0xfb843783) ld      a5, -72(s0)
core   0: 3 0x000000008000ff58 (0xfb843783) x15 0x000000000000009c mem 0x0000000080031f28
core   0: 0x000000008000ff5c (0x000097ba) c.add   a5, a4
core   0: 3 0x000000008000ff5c (0x97ba) x15 0x00000000800120dc
core   0: 0x000000008000ff5e (0xfe043703) ld      a4, -32(s0)
core   0: 3 0x000000008000ff5e (0xfe043703) x14 0x000000008001207a mem 0x0000000080031f50
core   0: 0x000000008000ff62 (0xfcf76de3) bltu    a4, a5, pc - 38
core   0: 3 0x000000008000ff62 (0xfcf76de3)
core   0: 0x000000008000ff3c (0xfe043783) ld      a5, -32(s0)
core   0: 3 0x000000008000ff3c (0xfe043783) x15 0x000000008001207a mem 0x0000000080031f50
core   0: 0x000000008000ff40 (0x00178713) addi    a4, a5, 1
core   0: 3 0x000000008000ff40 (0x00178713) x14 0x000000008001207b
core   0: 0x000000008000ff44 (0xfee43023) sd      a4, -32(s0)
core   0: 3 0x000000008000ff44 (0xfee43023) mem 0x0000000080031f50 0x000000008001207b
core   0: 0x000000008000ff48 (0xfc442703) lw      a4, -60(s0)
core   0: 3 0x000000008000ff48 (0xfc442703) x14 0x0000000000000000 mem 0x0000000080031f34
core   0: 0x000000008000ff4c (0x0ff77713) andi    a4, a4, 255
core   0: 3 0x000000008000ff4c (0x0ff77713) x14 0x0000000000000000
core   0: 0x000000008000ff50 (0x00e78023) sb      a4, 0(a5)
core   0: 3 0x000000008000ff50 (0x00e78023) mem 0x000000008001207a 0x00
core   0: 0x000000008000ff54 (0xfc843703) ld      a4, -56(s0)
core   0: 3 0x000000008000ff54 (0xfc843703) x14 0x0000000080012040 mem 0x0000000080031f38
core   0: 0x000000008000ff58 (0xfb843783) ld      a5, -72(s0)
core   0: 3 0x000000008000ff58 (0xfb843783) x15 0x000000000000009c mem 0x0000000080031f28
core   0: 0x000000008000ff5c (0x000097ba) c.add   a5, a4
core   0: 3 0x000000008000ff5c (0x97ba) x15 0x00000000800120dc
core   0: 0x000000008000ff5e (0xfe043703) ld      a4, -32(s0)
core   0: 3 0x000000008000ff5e (0xfe043703) x14 0x000000008001207b mem 0x0000000080031f50
core   0: 0x000000008000ff62 (0xfcf76de3) bltu    a4, a5, pc - 38
core   0: 3 0x000000008000ff62 (0xfcf76de3)
core   0: 0x000000008000ff3c (0xfe043783) ld      a5, -32(s0)
core   0: 3 0x000000008000ff3c (0xfe043783) x15 0x000000008001207b mem 0x0000000080031f50
core   0: 0x000000008000ff40 (0x00178713) addi    a4, a5, 1
core   0: 3 0x000000008000ff40 (0x00178713) x14 0x000000008001207c
core   0: 0x000000008000ff44 (0xfee43023) sd      a4, -32(s0)
core   0: 3 0x000000008000ff44 (0xfee43023) mem 0x0000000080031f50 0x000000008001207c
core   0: 0x000000008000ff48 (0xfc442703) lw      a4, -60(s0)
core   0: 3 0x000000008000ff48 (0xfc442703) x14 0x0000000000000000 mem 0x0000000080031f34
core   0: 0x000000008000ff4c (0x0ff77713) andi    a4, a4, 255
core   0: 3 0x000000008000ff4c (0x0ff77713) x14 0x0000000000000000
core   0: 0x000000008000ff50 (0x00e78023) sb      a4, 0(a5)
core   0: 3 0x000000008000ff50 (0x00e78023) mem 0x000000008001207b 0x00
core   0: 0x000000008000ff54 (0xfc843703) ld      a4, -56(s0)
core   0: 3 0x000000008000ff54 (0xfc843703) x14 0x0000000080012040 mem 0x0000000080031f38
core   0: 0x000000008000ff58 (0xfb843783) ld      a5, -72(s0)
core   0: 3 0x000000008000ff58 (0xfb843783) x15 0x000000000000009c mem 0x0000000080031f28
core   0: 0x000000008000ff5c (0x000097ba) c.add   a5, a4
core   0: 3 0x000000008000ff5c (0x97ba) x15 0x00000000800120dc
core   0: 0x000000008000ff5e (0xfe043703) ld      a4, -32(s0)
core   0: 3 0x000000008000ff5e (0xfe043703) x14 0x000000008001207c mem 0x0000000080031f50
core   0: 0x000000008000ff62 (0xfcf76de3) bltu    a4, a5, pc - 38
core   0: 3 0x000000008000ff62 (0xfcf76de3)
core   0: 0x000000008000ff3c (0xfe043783) ld      a5, -32(s0)
core   0: 3 0x000000008000ff3c (0xfe043783) x15 0x000000008001207c mem 0x0000000080031f50
core   0: 0x000000008000ff40 (0x00178713) addi    a4, a5, 1
core   0: 3 0x000000008000ff40 (0x00178713) x14 0x000000008001207d
core   0: 0x000000008000ff44 (0xfee43023) sd      a4, -32(s0)
core   0: 3 0x000000008000ff44 (0xfee43023) mem 0x0000000080031f50 0x000000008001207d
core   0: 0x000000008000ff48 (0xfc442703) lw      a4, -60(s0)
core   0: 3 0x000000008000ff48 (0xfc442703) x14 0x0000000000000000 mem 0x0000000080031f34
core   0: 0x000000008000ff4c (0x0ff77713) andi    a4, a4, 255
core   0: 3 0x000000008000ff4c (0x0ff77713) x14 0x0000000000000000
core   0: 0x000000008000ff50 (0x00e78023) sb      a4, 0(a5)
core   0: 3 0x000000008000ff50 (0x00e78023) mem 0x000000008001207c 0x00
core   0: 0x000000008000ff54 (0xfc843703) ld      a4, -56(s0)
core   0: 3 0x000000008000ff54 (0xfc843703) x14 0x0000000080012040 mem 0x0000000080031f38
core   0: 0x000000008000ff58 (0xfb843783) ld      a5, -72(s0)
core   0: 3 0x000000008000ff58 (0xfb843783) x15 0x000000000000009c mem 0x0000000080031f28
core   0: 0x000000008000ff5c (0x000097ba) c.add   a5, a4
core   0: 3 0x000000008000ff5c (0x97ba) x15 0x00000000800120dc
core   0: 0x000000008000ff5e (0xfe043703) ld      a4, -32(s0)
core   0: 3 0x000000008000ff5e (0xfe043703) x14 0x000000008001207d mem 0x0000000080031f50
core   0: 0x000000008000ff62 (0xfcf76de3) bltu    a4, a5, pc - 38
core   0: 3 0x000000008000ff62 (0xfcf76de3)
core   0: 0x000000008000ff3c (0xfe043783) ld      a5, -32(s0)
core   0: 3 0x000000008000ff3c (0xfe043783) x15 0x000000008001207d mem 0x0000000080031f50
core   0: 0x000000008000ff40 (0x00178713) addi    a4, a5, 1
core   0: 3 0x000000008000ff40 (0x00178713) x14 0x000000008001207e
core   0: 0x000000008000ff44 (0xfee43023) sd      a4, -32(s0)
core   0: 3 0x000000008000ff44 (0xfee43023) mem 0x0000000080031f50 0x000000008001207e
core   0: 0x000000008000ff48 (0xfc442703) lw      a4, -60(s0)
core   0: 3 0x000000008000ff48 (0xfc442703) x14 0x0000000000000000 mem 0x0000000080031f34
core   0: 0x000000008000ff4c (0x0ff77713) andi    a4, a4, 255
core   0: 3 0x000000008000ff4c (0x0ff77713) x14 0x0000000000000000
core   0: 0x000000008000ff50 (0x00e78023) sb      a4, 0(a5)
core   0: 3 0x000000008000ff50 (0x00e78023) mem 0x000000008001207d 0x00
core   0: 0x000000008000ff54 (0xfc843703) ld      a4, -56(s0)
core   0: 3 0x000000008000ff54 (0xfc843703) x14 0x0000000080012040 mem 0x0000000080031f38
core   0: 0x000000008000ff58 (0xfb843783) ld      a5, -72(s0)
core   0: 3 0x000000008000ff58 (0xfb843783) x15 0x000000000000009c mem 0x0000000080031f28
core   0: 0x000000008000ff5c (0x000097ba) c.add   a5, a4
core   0: 3 0x000000008000ff5c (0x97ba) x15 0x00000000800120dc
core   0: 0x000000008000ff5e (0xfe043703) ld      a4, -32(s0)
core   0: 3 0x000000008000ff5e (0xfe043703) x14 0x000000008001207e mem 0x0000000080031f50
core   0: 0x000000008000ff62 (0xfcf76de3) bltu    a4, a5, pc - 38
core   0: 3 0x000000008000ff62 (0xfcf76de3)
core   0: 0x000000008000ff3c (0xfe043783) ld      a5, -32(s0)
core   0: 3 0x000000008000ff3c (0xfe043783) x15 0x000000008001207e mem 0x0000000080031f50
core   0: 0x000000008000ff40 (0x00178713) addi    a4, a5, 1
core   0: 3 0x000000008000ff40 (0x00178713) x14 0x000000008001207f
core   0: 0x000000008000ff44 (0xfee43023) sd      a4, -32(s0)
core   0: 3 0x000000008000ff44 (0xfee43023) mem 0x0000000080031f50 0x000000008001207f
core   0: 0x000000008000ff48 (0xfc442703) lw      a4, -60(s0)
core   0: 3 0x000000008000ff48 (0xfc442703) x14 0x0000000000000000 mem 0x0000000080031f34
core   0: 0x000000008000ff4c (0x0ff77713) andi    a4, a4, 255
core   0: 3 0x000000008000ff4c (0x0ff77713) x14 0x0000000000000000
core   0: 0x000000008000ff50 (0x00e78023) sb      a4, 0(a5)
core   0: 3 0x000000008000ff50 (0x00e78023) mem 0x000000008001207e 0x00
core   0: 0x000000008000ff54 (0xfc843703) ld      a4, -56(s0)
core   0: 3 0x000000008000ff54 (0xfc843703) x14 0x0000000080012040 mem 0x0000000080031f38
core   0: 0x000000008000ff58 (0xfb843783) ld      a5, -72(s0)
core   0: 3 0x000000008000ff58 (0xfb843783) x15 0x000000000000009c mem 0x0000000080031f28
core   0: 0x000000008000ff5c (0x000097ba) c.add   a5, a4
core   0: 3 0x000000008000ff5c (0x97ba) x15 0x00000000800120dc
core   0: 0x000000008000ff5e (0xfe043703) ld      a4, -32(s0)
core   0: 3 0x000000008000ff5e (0xfe043703) x14 0x000000008001207f mem 0x0000000080031f50
core   0: 0x000000008000ff62 (0xfcf76de3) bltu    a4, a5, pc - 38
core   0: 3 0x000000008000ff62 (0xfcf76de3)
core   0: 0x000000008000ff3c (0xfe043783) ld      a5, -32(s0)
core   0: 3 0x000000008000ff3c (0xfe043783) x15 0x000000008001207f mem 0x0000000080031f50
core   0: 0x000000008000ff40 (0x00178713) addi    a4, a5, 1
core   0: 3 0x000000008000ff40 (0x00178713) x14 0x0000000080012080
core   0: 0x000000008000ff44 (0xfee43023) sd      a4, -32(s0)
core   0: 3 0x000000008000ff44 (0xfee43023) mem 0x0000000080031f50 0x0000000080012080
core   0: 0x000000008000ff48 (0xfc442703) lw      a4, -60(s0)
core   0: 3 0x000000008000ff48 (0xfc442703) x14 0x0000000000000000 mem 0x0000000080031f34
core   0: 0x000000008000ff4c (0x0ff77713) andi    a4, a4, 255
core   0: 3 0x000000008000ff4c (0x0ff77713) x14 0x0000000000000000
core   0: 0x000000008000ff50 (0x00e78023) sb      a4, 0(a5)
core   0: 3 0x000000008000ff50 (0x00e78023) mem 0x000000008001207f 0x00
core   0: 0x000000008000ff54 (0xfc843703) ld      a4, -56(s0)
core   0: 3 0x000000008000ff54 (0xfc843703) x14 0x0000000080012040 mem 0x0000000080031f38
core   0: 0x000000008000ff58 (0xfb843783) ld      a5, -72(s0)
core   0: 3 0x000000008000ff58 (0xfb843783) x15 0x000000000000009c mem 0x0000000080031f28
core   0: 0x000000008000ff5c (0x000097ba) c.add   a5, a4
core   0: 3 0x000000008000ff5c (0x97ba) x15 0x00000000800120dc
core   0: 0x000000008000ff5e (0xfe043703) ld      a4, -32(s0)
core   0: 3 0x000000008000ff5e (0xfe043703) x14 0x0000000080012080 mem 0x0000000080031f50
core   0: 0x000000008000ff62 (0xfcf76de3) bltu    a4, a5, pc - 38
core   0: 3 0x000000008000ff62 (0xfcf76de3)
core   0: 0x000000008000ff3c (0xfe043783) ld      a5, -32(s0)
core   0: 3 0x000000008000ff3c (0xfe043783) x15 0x0000000080012080 mem 0x0000000080031f50
core   0: 0x000000008000ff40 (0x00178713) addi    a4, a5, 1
core   0: 3 0x000000008000ff40 (0x00178713) x14 0x0000000080012081
core   0: 0x000000008000ff44 (0xfee43023) sd      a4, -32(s0)
core   0: 3 0x000000008000ff44 (0xfee43023) mem 0x0000000080031f50 0x0000000080012081
core   0: 0x000000008000ff48 (0xfc442703) lw      a4, -60(s0)
core   0: 3 0x000000008000ff48 (0xfc442703) x14 0x0000000000000000 mem 0x0000000080031f34
core   0: 0x000000008000ff4c (0x0ff77713) andi    a4, a4, 255
core   0: 3 0x000000008000ff4c (0x0ff77713) x14 0x0000000000000000
core   0: 0x000000008000ff50 (0x00e78023) sb      a4, 0(a5)
core   0: 3 0x000000008000ff50 (0x00e78023) mem 0x0000000080012080 0x00
core   0: 0x000000008000ff54 (0xfc843703) ld      a4, -56(s0)
core   0: 3 0x000000008000ff54 (0xfc843703) x14 0x0000000080012040 mem 0x0000000080031f38
core   0: 0x000000008000ff58 (0xfb843783) ld      a5, -72(s0)
core   0: 3 0x000000008000ff58 (0xfb843783) x15 0x000000000000009c mem 0x0000000080031f28
core   0: 0x000000008000ff5c (0x000097ba) c.add   a5, a4
core   0: 3 0x000000008000ff5c (0x97ba) x15 0x00000000800120dc
core   0: 0x000000008000ff5e (0xfe043703) ld      a4, -32(s0)
core   0: 3 0x000000008000ff5e (0xfe043703) x14 0x0000000080012081 mem 0x0000000080031f50
core   0: 0x000000008000ff62 (0xfcf76de3) bltu    a4, a5, pc - 38
core   0: 3 0x000000008000ff62 (0xfcf76de3)
core   0: 0x000000008000ff3c (0xfe043783) ld      a5, -32(s0)
core   0: 3 0x000000008000ff3c (0xfe043783) x15 0x0000000080012081 mem 0x0000000080031f50
core   0: 0x000000008000ff40 (0x00178713) addi    a4, a5, 1
core   0: 3 0x000000008000ff40 (0x00178713) x14 0x0000000080012082
core   0: 0x000000008000ff44 (0xfee43023) sd      a4, -32(s0)
core   0: 3 0x000000008000ff44 (0xfee43023) mem 0x0000000080031f50 0x0000000080012082
core   0: 0x000000008000ff48 (0xfc442703) lw      a4, -60(s0)
core   0: 3 0x000000008000ff48 (0xfc442703) x14 0x0000000000000000 mem 0x0000000080031f34
core   0: 0x000000008000ff4c (0x0ff77713) andi    a4, a4, 255
core   0: 3 0x000000008000ff4c (0x0ff77713) x14 0x0000000000000000
core   0: 0x000000008000ff50 (0x00e78023) sb      a4, 0(a5)
core   0: 3 0x000000008000ff50 (0x00e78023) mem 0x0000000080012081 0x00
core   0: 0x000000008000ff54 (0xfc843703) ld      a4, -56(s0)
core   0: 3 0x000000008000ff54 (0xfc843703) x14 0x0000000080012040 mem 0x0000000080031f38
core   0: 0x000000008000ff58 (0xfb843783) ld      a5, -72(s0)
core   0: 3 0x000000008000ff58 (0xfb843783) x15 0x000000000000009c mem 0x0000000080031f28
core   0: 0x000000008000ff5c (0x000097ba) c.add   a5, a4
core   0: 3 0x000000008000ff5c (0x97ba) x15 0x00000000800120dc
core   0: 0x000000008000ff5e (0xfe043703) ld      a4, -32(s0)
core   0: 3 0x000000008000ff5e (0xfe043703) x14 0x0000000080012082 mem 0x0000000080031f50
core   0: 0x000000008000ff62 (0xfcf76de3) bltu    a4, a5, pc - 38
core   0: 3 0x000000008000ff62 (0xfcf76de3)
core   0: 0x000000008000ff3c (0xfe043783) ld      a5, -32(s0)
core   0: 3 0x000000008000ff3c (0xfe043783) x15 0x0000000080012082 mem 0x0000000080031f50
core   0: 0x000000008000ff40 (0x00178713) addi    a4, a5, 1
core   0: 3 0x000000008000ff40 (0x00178713) x14 0x0000000080012083
core   0: 0x000000008000ff44 (0xfee43023) sd      a4, -32(s0)
core   0: 3 0x000000008000ff44 (0xfee43023) mem 0x0000000080031f50 0x0000000080012083
core   0: 0x000000008000ff48 (0xfc442703) lw      a4, -60(s0)
core   0: 3 0x000000008000ff48 (0xfc442703) x14 0x0000000000000000 mem 0x0000000080031f34
core   0: 0x000000008000ff4c (0x0ff77713) andi    a4, a4, 255
core   0: 3 0x000000008000ff4c (0x0ff77713) x14 0x0000000000000000
core   0: 0x000000008000ff50 (0x00e78023) sb      a4, 0(a5)
core   0: 3 0x000000008000ff50 (0x00e78023) mem 0x0000000080012082 0x00
core   0: 0x000000008000ff54 (0xfc843703) ld      a4, -56(s0)
core   0: 3 0x000000008000ff54 (0xfc843703) x14 0x0000000080012040 mem 0x0000000080031f38
core   0: 0x000000008000ff58 (0xfb843783) ld      a5, -72(s0)
core   0: 3 0x000000008000ff58 (0xfb843783) x15 0x000000000000009c mem 0x0000000080031f28
core   0: 0x000000008000ff5c (0x000097ba) c.add   a5, a4
core   0: 3 0x000000008000ff5c (0x97ba) x15 0x00000000800120dc
core   0: 0x000000008000ff5e (0xfe043703) ld      a4, -32(s0)
core   0: 3 0x000000008000ff5e (0xfe043703) x14 0x0000000080012083 mem 0x0000000080031f50
core   0: 0x000000008000ff62 (0xfcf76de3) bltu    a4, a5, pc - 38
core   0: 3 0x000000008000ff62 (0xfcf76de3)
core   0: 0x000000008000ff3c (0xfe043783) ld      a5, -32(s0)
core   0: 3 0x000000008000ff3c (0xfe043783) x15 0x0000000080012083 mem 0x0000000080031f50
core   0: 0x000000008000ff40 (0x00178713) addi    a4, a5, 1
core   0: 3 0x000000008000ff40 (0x00178713) x14 0x0000000080012084
core   0: 0x000000008000ff44 (0xfee43023) sd      a4, -32(s0)
core   0: 3 0x000000008000ff44 (0xfee43023) mem 0x0000000080031f50 0x0000000080012084
core   0: 0x000000008000ff48 (0xfc442703) lw      a4, -60(s0)
core   0: 3 0x000000008000ff48 (0xfc442703) x14 0x0000000000000000 mem 0x0000000080031f34
core   0: 0x000000008000ff4c (0x0ff77713) andi    a4, a4, 255
core   0: 3 0x000000008000ff4c (0x0ff77713) x14 0x0000000000000000
core   0: 0x000000008000ff50 (0x00e78023) sb      a4, 0(a5)
core   0: 3 0x000000008000ff50 (0x00e78023) mem 0x0000000080012083 0x00
core   0: 0x000000008000ff54 (0xfc843703) ld      a4, -56(s0)
core   0: 3 0x000000008000ff54 (0xfc843703) x14 0x0000000080012040 mem 0x0000000080031f38
core   0: 0x000000008000ff58 (0xfb843783) ld      a5, -72(s0)
core   0: 3 0x000000008000ff58 (0xfb843783) x15 0x000000000000009c mem 0x0000000080031f28
core   0: 0x000000008000ff5c (0x000097ba) c.add   a5, a4
core   0: 3 0x000000008000ff5c (0x97ba) x15 0x00000000800120dc
core   0: 0x000000008000ff5e (0xfe043703) ld      a4, -32(s0)
core   0: 3 0x000000008000ff5e (0xfe043703) x14 0x0000000080012084 mem 0x0000000080031f50
core   0: 0x000000008000ff62 (0xfcf76de3) bltu    a4, a5, pc - 38
core   0: 3 0x000000008000ff62 (0xfcf76de3)
core   0: 0x000000008000ff3c (0xfe043783) ld      a5, -32(s0)
core   0: 3 0x000000008000ff3c (0xfe043783) x15 0x0000000080012084 mem 0x0000000080031f50
core   0: 0x000000008000ff40 (0x00178713) addi    a4, a5, 1
core   0: 3 0x000000008000ff40 (0x00178713) x14 0x0000000080012085
core   0: 0x000000008000ff44 (0xfee43023) sd      a4, -32(s0)
core   0: 3 0x000000008000ff44 (0xfee43023) mem 0x0000000080031f50 0x0000000080012085
core   0: 0x000000008000ff48 (0xfc442703) lw      a4, -60(s0)
core   0: 3 0x000000008000ff48 (0xfc442703) x14 0x0000000000000000 mem 0x0000000080031f34
core   0: 0x000000008000ff4c (0x0ff77713) andi    a4, a4, 255
core   0: 3 0x000000008000ff4c (0x0ff77713) x14 0x0000000000000000
core   0: 0x000000008000ff50 (0x00e78023) sb      a4, 0(a5)
core   0: 3 0x000000008000ff50 (0x00e78023) mem 0x0000000080012084 0x00
core   0: 0x000000008000ff54 (0xfc843703) ld      a4, -56(s0)
core   0: 3 0x000000008000ff54 (0xfc843703) x14 0x0000000080012040 mem 0x0000000080031f38
core   0: 0x000000008000ff58 (0xfb843783) ld      a5, -72(s0)
core   0: 3 0x000000008000ff58 (0xfb843783) x15 0x000000000000009c mem 0x0000000080031f28
core   0: 0x000000008000ff5c (0x000097ba) c.add   a5, a4
core   0: 3 0x000000008000ff5c (0x97ba) x15 0x00000000800120dc
core   0: 0x000000008000ff5e (0xfe043703) ld      a4, -32(s0)
core   0: 3 0x000000008000ff5e (0xfe043703) x14 0x0000000080012085 mem 0x0000000080031f50
core   0: 0x000000008000ff62 (0xfcf76de3) bltu    a4, a5, pc - 38
core   0: 3 0x000000008000ff62 (0xfcf76de3)
core   0: 0x000000008000ff3c (0xfe043783) ld      a5, -32(s0)
core   0: 3 0x000000008000ff3c (0xfe043783) x15 0x0000000080012085 mem 0x0000000080031f50
core   0: 0x000000008000ff40 (0x00178713) addi    a4, a5, 1
core   0: 3 0x000000008000ff40 (0x00178713) x14 0x0000000080012086
core   0: 0x000000008000ff44 (0xfee43023) sd      a4, -32(s0)
core   0: 3 0x000000008000ff44 (0xfee43023) mem 0x0000000080031f50 0x0000000080012086
core   0: 0x000000008000ff48 (0xfc442703) lw      a4, -60(s0)
core   0: 3 0x000000008000ff48 (0xfc442703) x14 0x0000000000000000 mem 0x0000000080031f34
core   0: 0x000000008000ff4c (0x0ff77713) andi    a4, a4, 255
core   0: 3 0x000000008000ff4c (0x0ff77713) x14 0x0000000000000000
core   0: 0x000000008000ff50 (0x00e78023) sb      a4, 0(a5)
core   0: 3 0x000000008000ff50 (0x00e78023) mem 0x0000000080012085 0x00
core   0: 0x000000008000ff54 (0xfc843703) ld      a4, -56(s0)
core   0: 3 0x000000008000ff54 (0xfc843703) x14 0x0000000080012040 mem 0x0000000080031f38
core   0: 0x000000008000ff58 (0xfb843783) ld      a5, -72(s0)
core   0: 3 0x000000008000ff58 (0xfb843783) x15 0x000000000000009c mem 0x0000000080031f28
core   0: 0x000000008000ff5c (0x000097ba) c.add   a5, a4
core   0: 3 0x000000008000ff5c (0x97ba) x15 0x00000000800120dc
core   0: 0x000000008000ff5e (0xfe043703) ld      a4, -32(s0)
core   0: 3 0x000000008000ff5e (0xfe043703) x14 0x0000000080012086 mem 0x0000000080031f50
core   0: 0x000000008000ff62 (0xfcf76de3) bltu    a4, a5, pc - 38
core   0: 3 0x000000008000ff62 (0xfcf76de3)
core   0: 0x000000008000ff3c (0xfe043783) ld      a5, -32(s0)
core   0: 3 0x000000008000ff3c (0xfe043783) x15 0x0000000080012086 mem 0x0000000080031f50
core   0: 0x000000008000ff40 (0x00178713) addi    a4, a5, 1
core   0: 3 0x000000008000ff40 (0x00178713) x14 0x0000000080012087
core   0: 0x000000008000ff44 (0xfee43023) sd      a4, -32(s0)
core   0: 3 0x000000008000ff44 (0xfee43023) mem 0x0000000080031f50 0x0000000080012087
core   0: 0x000000008000ff48 (0xfc442703) lw      a4, -60(s0)
core   0: 3 0x000000008000ff48 (0xfc442703) x14 0x0000000000000000 mem 0x0000000080031f34
core   0: 0x000000008000ff4c (0x0ff77713) andi    a4, a4, 255
core   0: 3 0x000000008000ff4c (0x0ff77713) x14 0x0000000000000000
core   0: 0x000000008000ff50 (0x00e78023) sb      a4, 0(a5)
core   0: 3 0x000000008000ff50 (0x00e78023) mem 0x0000000080012086 0x00
core   0: 0x000000008000ff54 (0xfc843703) ld      a4, -56(s0)
core   0: 3 0x000000008000ff54 (0xfc843703) x14 0x0000000080012040 mem 0x0000000080031f38
core   0: 0x000000008000ff58 (0xfb843783) ld      a5, -72(s0)
core   0: 3 0x000000008000ff58 (0xfb843783) x15 0x000000000000009c mem 0x0000000080031f28
core   0: 0x000000008000ff5c (0x000097ba) c.add   a5, a4
core   0: 3 0x000000008000ff5c (0x97ba) x15 0x00000000800120dc
core   0: 0x000000008000ff5e (0xfe043703) ld      a4, -32(s0)
core   0: 3 0x000000008000ff5e (0xfe043703) x14 0x0000000080012087 mem 0x0000000080031f50
core   0: 0x000000008000ff62 (0xfcf76de3) bltu    a4, a5, pc - 38
core   0: 3 0x000000008000ff62 (0xfcf76de3)
core   0: 0x000000008000ff3c (0xfe043783) ld      a5, -32(s0)
core   0: 3 0x000000008000ff3c (0xfe043783) x15 0x0000000080012087 mem 0x0000000080031f50
core   0: 0x000000008000ff40 (0x00178713) addi    a4, a5, 1
core   0: 3 0x000000008000ff40 (0x00178713) x14 0x0000000080012088
core   0: 0x000000008000ff44 (0xfee43023) sd      a4, -32(s0)
core   0: 3 0x000000008000ff44 (0xfee43023) mem 0x0000000080031f50 0x0000000080012088
core   0: 0x000000008000ff48 (0xfc442703) lw      a4, -60(s0)
core   0: 3 0x000000008000ff48 (0xfc442703) x14 0x0000000000000000 mem 0x0000000080031f34
core   0: 0x000000008000ff4c (0x0ff77713) andi    a4, a4, 255
core   0: 3 0x000000008000ff4c (0x0ff77713) x14 0x0000000000000000
core   0: 0x000000008000ff50 (0x00e78023) sb      a4, 0(a5)
core   0: 3 0x000000008000ff50 (0x00e78023) mem 0x0000000080012087 0x00
core   0: 0x000000008000ff54 (0xfc843703) ld      a4, -56(s0)
core   0: 3 0x000000008000ff54 (0xfc843703) x14 0x0000000080012040 mem 0x0000000080031f38
core   0: 0x000000008000ff58 (0xfb843783) ld      a5, -72(s0)
core   0: 3 0x000000008000ff58 (0xfb843783) x15 0x000000000000009c mem 0x0000000080031f28
core   0: 0x000000008000ff5c (0x000097ba) c.add   a5, a4
core   0: 3 0x000000008000ff5c (0x97ba) x15 0x00000000800120dc
core   0: 0x000000008000ff5e (0xfe043703) ld      a4, -32(s0)
core   0: 3 0x000000008000ff5e (0xfe043703) x14 0x0000000080012088 mem 0x0000000080031f50
core   0: 0x000000008000ff62 (0xfcf76de3) bltu    a4, a5, pc - 38
core   0: 3 0x000000008000ff62 (0xfcf76de3)
core   0: 0x000000008000ff3c (0xfe043783) ld      a5, -32(s0)
core   0: 3 0x000000008000ff3c (0xfe043783) x15 0x0000000080012088 mem 0x0000000080031f50
core   0: 0x000000008000ff40 (0x00178713) addi    a4, a5, 1
core   0: 3 0x000000008000ff40 (0x00178713) x14 0x0000000080012089
core   0: 0x000000008000ff44 (0xfee43023) sd      a4, -32(s0)
core   0: 3 0x000000008000ff44 (0xfee43023) mem 0x0000000080031f50 0x0000000080012089
core   0: 0x000000008000ff48 (0xfc442703) lw      a4, -60(s0)
core   0: 3 0x000000008000ff48 (0xfc442703) x14 0x0000000000000000 mem 0x0000000080031f34
core   0: 0x000000008000ff4c (0x0ff77713) andi    a4, a4, 255
core   0: 3 0x000000008000ff4c (0x0ff77713) x14 0x0000000000000000
core   0: 0x000000008000ff50 (0x00e78023) sb      a4, 0(a5)
core   0: 3 0x000000008000ff50 (0x00e78023) mem 0x0000000080012088 0x00
core   0: 0x000000008000ff54 (0xfc843703) ld      a4, -56(s0)
core   0: 3 0x000000008000ff54 (0xfc843703) x14 0x0000000080012040 mem 0x0000000080031f38
core   0: 0x000000008000ff58 (0xfb843783) ld      a5, -72(s0)
core   0: 3 0x000000008000ff58 (0xfb843783) x15 0x000000000000009c mem 0x0000000080031f28
core   0: 0x000000008000ff5c (0x000097ba) c.add   a5, a4
core   0: 3 0x000000008000ff5c (0x97ba) x15 0x00000000800120dc
core   0: 0x000000008000ff5e (0xfe043703) ld      a4, -32(s0)
core   0: 3 0x000000008000ff5e (0xfe043703) x14 0x0000000080012089 mem 0x0000000080031f50
core   0: 0x000000008000ff62 (0xfcf76de3) bltu    a4, a5, pc - 38
core   0: 3 0x000000008000ff62 (0xfcf76de3)
core   0: 0x000000008000ff3c (0xfe043783) ld      a5, -32(s0)
core   0: 3 0x000000008000ff3c (0xfe043783) x15 0x0000000080012089 mem 0x0000000080031f50
core   0: 0x000000008000ff40 (0x00178713) addi    a4, a5, 1
core   0: 3 0x000000008000ff40 (0x00178713) x14 0x000000008001208a
core   0: 0x000000008000ff44 (0xfee43023) sd      a4, -32(s0)
core   0: 3 0x000000008000ff44 (0xfee43023) mem 0x0000000080031f50 0x000000008001208a
core   0: 0x000000008000ff48 (0xfc442703) lw      a4, -60(s0)
core   0: 3 0x000000008000ff48 (0xfc442703) x14 0x0000000000000000 mem 0x0000000080031f34
core   0: 0x000000008000ff4c (0x0ff77713) andi    a4, a4, 255
core   0: 3 0x000000008000ff4c (0x0ff77713) x14 0x0000000000000000
core   0: 0x000000008000ff50 (0x00e78023) sb      a4, 0(a5)
core   0: 3 0x000000008000ff50 (0x00e78023) mem 0x0000000080012089 0x00
core   0: 0x000000008000ff54 (0xfc843703) ld      a4, -56(s0)
core   0: 3 0x000000008000ff54 (0xfc843703) x14 0x0000000080012040 mem 0x0000000080031f38
core   0: 0x000000008000ff58 (0xfb843783) ld      a5, -72(s0)
core   0: 3 0x000000008000ff58 (0xfb843783) x15 0x000000000000009c mem 0x0000000080031f28
core   0: 0x000000008000ff5c (0x000097ba) c.add   a5, a4
core   0: 3 0x000000008000ff5c (0x97ba) x15 0x00000000800120dc
core   0: 0x000000008000ff5e (0xfe043703) ld      a4, -32(s0)
core   0: 3 0x000000008000ff5e (0xfe043703) x14 0x000000008001208a mem 0x0000000080031f50
core   0: 0x000000008000ff62 (0xfcf76de3) bltu    a4, a5, pc - 38
core   0: 3 0x000000008000ff62 (0xfcf76de3)
core   0: 0x000000008000ff3c (0xfe043783) ld      a5, -32(s0)
core   0: 3 0x000000008000ff3c (0xfe043783) x15 0x000000008001208a mem 0x0000000080031f50
core   0: 0x000000008000ff40 (0x00178713) addi    a4, a5, 1
core   0: 3 0x000000008000ff40 (0x00178713) x14 0x000000008001208b
core   0: 0x000000008000ff44 (0xfee43023) sd      a4, -32(s0)
core   0: 3 0x000000008000ff44 (0xfee43023) mem 0x0000000080031f50 0x000000008001208b
core   0: 0x000000008000ff48 (0xfc442703) lw      a4, -60(s0)
core   0: 3 0x000000008000ff48 (0xfc442703) x14 0x0000000000000000 mem 0x0000000080031f34
core   0: 0x000000008000ff4c (0x0ff77713) andi    a4, a4, 255
core   0: 3 0x000000008000ff4c (0x0ff77713) x14 0x0000000000000000
core   0: 0x000000008000ff50 (0x00e78023) sb      a4, 0(a5)
core   0: 3 0x000000008000ff50 (0x00e78023) mem 0x000000008001208a 0x00
core   0: 0x000000008000ff54 (0xfc843703) ld      a4, -56(s0)
core   0: 3 0x000000008000ff54 (0xfc843703) x14 0x0000000080012040 mem 0x0000000080031f38
core   0: 0x000000008000ff58 (0xfb843783) ld      a5, -72(s0)
core   0: 3 0x000000008000ff58 (0xfb843783) x15 0x000000000000009c mem 0x0000000080031f28
core   0: 0x000000008000ff5c (0x000097ba) c.add   a5, a4
core   0: 3 0x000000008000ff5c (0x97ba) x15 0x00000000800120dc
core   0: 0x000000008000ff5e (0xfe043703) ld      a4, -32(s0)
core   0: 3 0x000000008000ff5e (0xfe043703) x14 0x000000008001208b mem 0x0000000080031f50
core   0: 0x000000008000ff62 (0xfcf76de3) bltu    a4, a5, pc - 38
core   0: 3 0x000000008000ff62 (0xfcf76de3)
core   0: 0x000000008000ff3c (0xfe043783) ld      a5, -32(s0)
core   0: 3 0x000000008000ff3c (0xfe043783) x15 0x000000008001208b mem 0x0000000080031f50
core   0: 0x000000008000ff40 (0x00178713) addi    a4, a5, 1
core   0: 3 0x000000008000ff40 (0x00178713) x14 0x000000008001208c
core   0: 0x000000008000ff44 (0xfee43023) sd      a4, -32(s0)
core   0: 3 0x000000008000ff44 (0xfee43023) mem 0x0000000080031f50 0x000000008001208c
core   0: 0x000000008000ff48 (0xfc442703) lw      a4, -60(s0)
core   0: 3 0x000000008000ff48 (0xfc442703) x14 0x0000000000000000 mem 0x0000000080031f34
core   0: 0x000000008000ff4c (0x0ff77713) andi    a4, a4, 255
core   0: 3 0x000000008000ff4c (0x0ff77713) x14 0x0000000000000000
core   0: 0x000000008000ff50 (0x00e78023) sb      a4, 0(a5)
core   0: 3 0x000000008000ff50 (0x00e78023) mem 0x000000008001208b 0x00
core   0: 0x000000008000ff54 (0xfc843703) ld      a4, -56(s0)
core   0: 3 0x000000008000ff54 (0xfc843703) x14 0x0000000080012040 mem 0x0000000080031f38
core   0: 0x000000008000ff58 (0xfb843783) ld      a5, -72(s0)
core   0: 3 0x000000008000ff58 (0xfb843783) x15 0x000000000000009c mem 0x0000000080031f28
core   0: 0x000000008000ff5c (0x000097ba) c.add   a5, a4
core   0: 3 0x000000008000ff5c (0x97ba) x15 0x00000000800120dc
core   0: 0x000000008000ff5e (0xfe043703) ld      a4, -32(s0)
core   0: 3 0x000000008000ff5e (0xfe043703) x14 0x000000008001208c mem 0x0000000080031f50
core   0: 0x000000008000ff62 (0xfcf76de3) bltu    a4, a5, pc - 38
core   0: 3 0x000000008000ff62 (0xfcf76de3)
core   0: 0x000000008000ff3c (0xfe043783) ld      a5, -32(s0)
core   0: 3 0x000000008000ff3c (0xfe043783) x15 0x000000008001208c mem 0x0000000080031f50
core   0: 0x000000008000ff40 (0x00178713) addi    a4, a5, 1
core   0: 3 0x000000008000ff40 (0x00178713) x14 0x000000008001208d
core   0: 0x000000008000ff44 (0xfee43023) sd      a4, -32(s0)
core   0: 3 0x000000008000ff44 (0xfee43023) mem 0x0000000080031f50 0x000000008001208d
core   0: 0x000000008000ff48 (0xfc442703) lw      a4, -60(s0)
core   0: 3 0x000000008000ff48 (0xfc442703) x14 0x0000000000000000 mem 0x0000000080031f34
core   0: 0x000000008000ff4c (0x0ff77713) andi    a4, a4, 255
core   0: 3 0x000000008000ff4c (0x0ff77713) x14 0x0000000000000000
core   0: 0x000000008000ff50 (0x00e78023) sb      a4, 0(a5)
core   0: 3 0x000000008000ff50 (0x00e78023) mem 0x000000008001208c 0x00
core   0: 0x000000008000ff54 (0xfc843703) ld      a4, -56(s0)
core   0: 3 0x000000008000ff54 (0xfc843703) x14 0x0000000080012040 mem 0x0000000080031f38
core   0: 0x000000008000ff58 (0xfb843783) ld      a5, -72(s0)
core   0: 3 0x000000008000ff58 (0xfb843783) x15 0x000000000000009c mem 0x0000000080031f28
core   0: 0x000000008000ff5c (0x000097ba) c.add   a5, a4
core   0: 3 0x000000008000ff5c (0x97ba) x15 0x00000000800120dc
core   0: 0x000000008000ff5e (0xfe043703) ld      a4, -32(s0)
core   0: 3 0x000000008000ff5e (0xfe043703) x14 0x000000008001208d mem 0x0000000080031f50
core   0: 0x000000008000ff62 (0xfcf76de3) bltu    a4, a5, pc - 38
core   0: 3 0x000000008000ff62 (0xfcf76de3)
core   0: 0x000000008000ff3c (0xfe043783) ld      a5, -32(s0)
core   0: 3 0x000000008000ff3c (0xfe043783) x15 0x000000008001208d mem 0x0000000080031f50
core   0: 0x000000008000ff40 (0x00178713) addi    a4, a5, 1
core   0: 3 0x000000008000ff40 (0x00178713) x14 0x000000008001208e
core   0: 0x000000008000ff44 (0xfee43023) sd      a4, -32(s0)
core   0: 3 0x000000008000ff44 (0xfee43023) mem 0x0000000080031f50 0x000000008001208e
core   0: 0x000000008000ff48 (0xfc442703) lw      a4, -60(s0)
core   0: 3 0x000000008000ff48 (0xfc442703) x14 0x0000000000000000 mem 0x0000000080031f34
core   0: 0x000000008000ff4c (0x0ff77713) andi    a4, a4, 255
core   0: 3 0x000000008000ff4c (0x0ff77713) x14 0x0000000000000000
core   0: 0x000000008000ff50 (0x00e78023) sb      a4, 0(a5)
core   0: 3 0x000000008000ff50 (0x00e78023) mem 0x000000008001208d 0x00
core   0: 0x000000008000ff54 (0xfc843703) ld      a4, -56(s0)
core   0: 3 0x000000008000ff54 (0xfc843703) x14 0x0000000080012040 mem 0x0000000080031f38
core   0: 0x000000008000ff58 (0xfb843783) ld      a5, -72(s0)
core   0: 3 0x000000008000ff58 (0xfb843783) x15 0x000000000000009c mem 0x0000000080031f28
core   0: 0x000000008000ff5c (0x000097ba) c.add   a5, a4
core   0: 3 0x000000008000ff5c (0x97ba) x15 0x00000000800120dc
core   0: 0x000000008000ff5e (0xfe043703) ld      a4, -32(s0)
core   0: 3 0x000000008000ff5e (0xfe043703) x14 0x000000008001208e mem 0x0000000080031f50
core   0: 0x000000008000ff62 (0xfcf76de3) bltu    a4, a5, pc - 38
core   0: 3 0x000000008000ff62 (0xfcf76de3)
core   0: 0x000000008000ff3c (0xfe043783) ld      a5, -32(s0)
core   0: 3 0x000000008000ff3c (0xfe043783) x15 0x000000008001208e mem 0x0000000080031f50
core   0: 0x000000008000ff40 (0x00178713) addi    a4, a5, 1
core   0: 3 0x000000008000ff40 (0x00178713) x14 0x000000008001208f
core   0: 0x000000008000ff44 (0xfee43023) sd      a4, -32(s0)
core   0: 3 0x000000008000ff44 (0xfee43023) mem 0x0000000080031f50 0x000000008001208f
core   0: 0x000000008000ff48 (0xfc442703) lw      a4, -60(s0)
core   0: 3 0x000000008000ff48 (0xfc442703) x14 0x0000000000000000 mem 0x0000000080031f34
core   0: 0x000000008000ff4c (0x0ff77713) andi    a4, a4, 255
core   0: 3 0x000000008000ff4c (0x0ff77713) x14 0x0000000000000000
core   0: 0x000000008000ff50 (0x00e78023) sb      a4, 0(a5)
core   0: 3 0x000000008000ff50 (0x00e78023) mem 0x000000008001208e 0x00
core   0: 0x000000008000ff54 (0xfc843703) ld      a4, -56(s0)
core   0: 3 0x000000008000ff54 (0xfc843703) x14 0x0000000080012040 mem 0x0000000080031f38
core   0: 0x000000008000ff58 (0xfb843783) ld      a5, -72(s0)
core   0: 3 0x000000008000ff58 (0xfb843783) x15 0x000000000000009c mem 0x0000000080031f28
core   0: 0x000000008000ff5c (0x000097ba) c.add   a5, a4
core   0: 3 0x000000008000ff5c (0x97ba) x15 0x00000000800120dc
core   0: 0x000000008000ff5e (0xfe043703) ld      a4, -32(s0)
core   0: 3 0x000000008000ff5e (0xfe043703) x14 0x000000008001208f mem 0x0000000080031f50
core   0: 0x000000008000ff62 (0xfcf76de3) bltu    a4, a5, pc - 38
core   0: 3 0x000000008000ff62 (0xfcf76de3)
core   0: 0x000000008000ff3c (0xfe043783) ld      a5, -32(s0)
core   0: 3 0x000000008000ff3c (0xfe043783) x15 0x000000008001208f mem 0x0000000080031f50
core   0: 0x000000008000ff40 (0x00178713) addi    a4, a5, 1
core   0: 3 0x000000008000ff40 (0x00178713) x14 0x0000000080012090
core   0: 0x000000008000ff44 (0xfee43023) sd      a4, -32(s0)
core   0: 3 0x000000008000ff44 (0xfee43023) mem 0x0000000080031f50 0x0000000080012090
core   0: 0x000000008000ff48 (0xfc442703) lw      a4, -60(s0)
core   0: 3 0x000000008000ff48 (0xfc442703) x14 0x0000000000000000 mem 0x0000000080031f34
core   0: 0x000000008000ff4c (0x0ff77713) andi    a4, a4, 255
core   0: 3 0x000000008000ff4c (0x0ff77713) x14 0x0000000000000000
core   0: 0x000000008000ff50 (0x00e78023) sb      a4, 0(a5)
core   0: 3 0x000000008000ff50 (0x00e78023) mem 0x000000008001208f 0x00
core   0: 0x000000008000ff54 (0xfc843703) ld      a4, -56(s0)
core   0: 3 0x000000008000ff54 (0xfc843703) x14 0x0000000080012040 mem 0x0000000080031f38
core   0: 0x000000008000ff58 (0xfb843783) ld      a5, -72(s0)
core   0: 3 0x000000008000ff58 (0xfb843783) x15 0x000000000000009c mem 0x0000000080031f28
core   0: 0x000000008000ff5c (0x000097ba) c.add   a5, a4
core   0: 3 0x000000008000ff5c (0x97ba) x15 0x00000000800120dc
core   0: 0x000000008000ff5e (0xfe043703) ld      a4, -32(s0)
core   0: 3 0x000000008000ff5e (0xfe043703) x14 0x0000000080012090 mem 0x0000000080031f50
core   0: 0x000000008000ff62 (0xfcf76de3) bltu    a4, a5, pc - 38
core   0: 3 0x000000008000ff62 (0xfcf76de3)
core   0: 0x000000008000ff3c (0xfe043783) ld      a5, -32(s0)
core   0: 3 0x000000008000ff3c (0xfe043783) x15 0x0000000080012090 mem 0x0000000080031f50
core   0: 0x000000008000ff40 (0x00178713) addi    a4, a5, 1
core   0: 3 0x000000008000ff40 (0x00178713) x14 0x0000000080012091
core   0: 0x000000008000ff44 (0xfee43023) sd      a4, -32(s0)
core   0: 3 0x000000008000ff44 (0xfee43023) mem 0x0000000080031f50 0x0000000080012091
core   0: 0x000000008000ff48 (0xfc442703) lw      a4, -60(s0)
core   0: 3 0x000000008000ff48 (0xfc442703) x14 0x0000000000000000 mem 0x0000000080031f34
core   0: 0x000000008000ff4c (0x0ff77713) andi    a4, a4, 255
core   0: 3 0x000000008000ff4c (0x0ff77713) x14 0x0000000000000000
core   0: 0x000000008000ff50 (0x00e78023) sb      a4, 0(a5)
core   0: 3 0x000000008000ff50 (0x00e78023) mem 0x0000000080012090 0x00
core   0: 0x000000008000ff54 (0xfc843703) ld      a4, -56(s0)
core   0: 3 0x000000008000ff54 (0xfc843703) x14 0x0000000080012040 mem 0x0000000080031f38
core   0: 0x000000008000ff58 (0xfb843783) ld      a5, -72(s0)
core   0: 3 0x000000008000ff58 (0xfb843783) x15 0x000000000000009c mem 0x0000000080031f28
core   0: 0x000000008000ff5c (0x000097ba) c.add   a5, a4
core   0: 3 0x000000008000ff5c (0x97ba) x15 0x00000000800120dc
core   0: 0x000000008000ff5e (0xfe043703) ld      a4, -32(s0)
core   0: 3 0x000000008000ff5e (0xfe043703) x14 0x0000000080012091 mem 0x0000000080031f50
core   0: 0x000000008000ff62 (0xfcf76de3) bltu    a4, a5, pc - 38
core   0: 3 0x000000008000ff62 (0xfcf76de3)
core   0: 0x000000008000ff3c (0xfe043783) ld      a5, -32(s0)
core   0: 3 0x000000008000ff3c (0xfe043783) x15 0x0000000080012091 mem 0x0000000080031f50
core   0: 0x000000008000ff40 (0x00178713) addi    a4, a5, 1
core   0: 3 0x000000008000ff40 (0x00178713) x14 0x0000000080012092
core   0: 0x000000008000ff44 (0xfee43023) sd      a4, -32(s0)
core   0: 3 0x000000008000ff44 (0xfee43023) mem 0x0000000080031f50 0x0000000080012092
core   0: 0x000000008000ff48 (0xfc442703) lw      a4, -60(s0)
core   0: 3 0x000000008000ff48 (0xfc442703) x14 0x0000000000000000 mem 0x0000000080031f34
core   0: 0x000000008000ff4c (0x0ff77713) andi    a4, a4, 255
core   0: 3 0x000000008000ff4c (0x0ff77713) x14 0x0000000000000000
core   0: 0x000000008000ff50 (0x00e78023) sb      a4, 0(a5)
core   0: 3 0x000000008000ff50 (0x00e78023) mem 0x0000000080012091 0x00
core   0: 0x000000008000ff54 (0xfc843703) ld      a4, -56(s0)
core   0: 3 0x000000008000ff54 (0xfc843703) x14 0x0000000080012040 mem 0x0000000080031f38
core   0: 0x000000008000ff58 (0xfb843783) ld      a5, -72(s0)
core   0: 3 0x000000008000ff58 (0xfb843783) x15 0x000000000000009c mem 0x0000000080031f28
core   0: 0x000000008000ff5c (0x000097ba) c.add   a5, a4
core   0: 3 0x000000008000ff5c (0x97ba) x15 0x00000000800120dc
core   0: 0x000000008000ff5e (0xfe043703) ld      a4, -32(s0)
core   0: 3 0x000000008000ff5e (0xfe043703) x14 0x0000000080012092 mem 0x0000000080031f50
core   0: 0x000000008000ff62 (0xfcf76de3) bltu    a4, a5, pc - 38
core   0: 3 0x000000008000ff62 (0xfcf76de3)
core   0: 0x000000008000ff3c (0xfe043783) ld      a5, -32(s0)
core   0: 3 0x000000008000ff3c (0xfe043783) x15 0x0000000080012092 mem 0x0000000080031f50
core   0: 0x000000008000ff40 (0x00178713) addi    a4, a5, 1
core   0: 3 0x000000008000ff40 (0x00178713) x14 0x0000000080012093
core   0: 0x000000008000ff44 (0xfee43023) sd      a4, -32(s0)
core   0: 3 0x000000008000ff44 (0xfee43023) mem 0x0000000080031f50 0x0000000080012093
core   0: 0x000000008000ff48 (0xfc442703) lw      a4, -60(s0)
core   0: 3 0x000000008000ff48 (0xfc442703) x14 0x0000000000000000 mem 0x0000000080031f34
core   0: 0x000000008000ff4c (0x0ff77713) andi    a4, a4, 255
core   0: 3 0x000000008000ff4c (0x0ff77713) x14 0x0000000000000000
core   0: 0x000000008000ff50 (0x00e78023) sb      a4, 0(a5)
core   0: 3 0x000000008000ff50 (0x00e78023) mem 0x0000000080012092 0x00
core   0: 0x000000008000ff54 (0xfc843703) ld      a4, -56(s0)
core   0: 3 0x000000008000ff54 (0xfc843703) x14 0x0000000080012040 mem 0x0000000080031f38
core   0: 0x000000008000ff58 (0xfb843783) ld      a5, -72(s0)
core   0: 3 0x000000008000ff58 (0xfb843783) x15 0x000000000000009c mem 0x0000000080031f28
core   0: 0x000000008000ff5c (0x000097ba) c.add   a5, a4
core   0: 3 0x000000008000ff5c (0x97ba) x15 0x00000000800120dc
core   0: 0x000000008000ff5e (0xfe043703) ld      a4, -32(s0)
core   0: 3 0x000000008000ff5e (0xfe043703) x14 0x0000000080012093 mem 0x0000000080031f50
core   0: 0x000000008000ff62 (0xfcf76de3) bltu    a4, a5, pc - 38
core   0: 3 0x000000008000ff62 (0xfcf76de3)
core   0: 0x000000008000ff3c (0xfe043783) ld      a5, -32(s0)
core   0: 3 0x000000008000ff3c (0xfe043783) x15 0x0000000080012093 mem 0x0000000080031f50
core   0: 0x000000008000ff40 (0x00178713) addi    a4, a5, 1
core   0: 3 0x000000008000ff40 (0x00178713) x14 0x0000000080012094
core   0: 0x000000008000ff44 (0xfee43023) sd      a4, -32(s0)
core   0: 3 0x000000008000ff44 (0xfee43023) mem 0x0000000080031f50 0x0000000080012094
core   0: 0x000000008000ff48 (0xfc442703) lw      a4, -60(s0)
core   0: 3 0x000000008000ff48 (0xfc442703) x14 0x0000000000000000 mem 0x0000000080031f34
core   0: 0x000000008000ff4c (0x0ff77713) andi    a4, a4, 255
core   0: 3 0x000000008000ff4c (0x0ff77713) x14 0x0000000000000000
core   0: 0x000000008000ff50 (0x00e78023) sb      a4, 0(a5)
core   0: 3 0x000000008000ff50 (0x00e78023) mem 0x0000000080012093 0x00
core   0: 0x000000008000ff54 (0xfc843703) ld      a4, -56(s0)
core   0: 3 0x000000008000ff54 (0xfc843703) x14 0x0000000080012040 mem 0x0000000080031f38
core   0: 0x000000008000ff58 (0xfb843783) ld      a5, -72(s0)
core   0: 3 0x000000008000ff58 (0xfb843783) x15 0x000000000000009c mem 0x0000000080031f28
core   0: 0x000000008000ff5c (0x000097ba) c.add   a5, a4
core   0: 3 0x000000008000ff5c (0x97ba) x15 0x00000000800120dc
core   0: 0x000000008000ff5e (0xfe043703) ld      a4, -32(s0)
core   0: 3 0x000000008000ff5e (0xfe043703) x14 0x0000000080012094 mem 0x0000000080031f50
core   0: 0x000000008000ff62 (0xfcf76de3) bltu    a4, a5, pc - 38
core   0: 3 0x000000008000ff62 (0xfcf76de3)
core   0: 0x000000008000ff3c (0xfe043783) ld      a5, -32(s0)
core   0: 3 0x000000008000ff3c (0xfe043783) x15 0x0000000080012094 mem 0x0000000080031f50
core   0: 0x000000008000ff40 (0x00178713) addi    a4, a5, 1
core   0: 3 0x000000008000ff40 (0x00178713) x14 0x0000000080012095
core   0: 0x000000008000ff44 (0xfee43023) sd      a4, -32(s0)
core   0: 3 0x000000008000ff44 (0xfee43023) mem 0x0000000080031f50 0x0000000080012095
core   0: 0x000000008000ff48 (0xfc442703) lw      a4, -60(s0)
core   0: 3 0x000000008000ff48 (0xfc442703) x14 0x0000000000000000 mem 0x0000000080031f34
core   0: 0x000000008000ff4c (0x0ff77713) andi    a4, a4, 255
core   0: 3 0x000000008000ff4c (0x0ff77713) x14 0x0000000000000000
core   0: 0x000000008000ff50 (0x00e78023) sb      a4, 0(a5)
core   0: 3 0x000000008000ff50 (0x00e78023) mem 0x0000000080012094 0x00
core   0: 0x000000008000ff54 (0xfc843703) ld      a4, -56(s0)
core   0: 3 0x000000008000ff54 (0xfc843703) x14 0x0000000080012040 mem 0x0000000080031f38
core   0: 0x000000008000ff58 (0xfb843783) ld      a5, -72(s0)
core   0: 3 0x000000008000ff58 (0xfb843783) x15 0x000000000000009c mem 0x0000000080031f28
core   0: 0x000000008000ff5c (0x000097ba) c.add   a5, a4
core   0: 3 0x000000008000ff5c (0x97ba) x15 0x00000000800120dc
core   0: 0x000000008000ff5e (0xfe043703) ld      a4, -32(s0)
core   0: 3 0x000000008000ff5e (0xfe043703) x14 0x0000000080012095 mem 0x0000000080031f50
core   0: 0x000000008000ff62 (0xfcf76de3) bltu    a4, a5, pc - 38
core   0: 3 0x000000008000ff62 (0xfcf76de3)
core   0: 0x000000008000ff3c (0xfe043783) ld      a5, -32(s0)
core   0: 3 0x000000008000ff3c (0xfe043783) x15 0x0000000080012095 mem 0x0000000080031f50
core   0: 0x000000008000ff40 (0x00178713) addi    a4, a5, 1
core   0: 3 0x000000008000ff40 (0x00178713) x14 0x0000000080012096
core   0: 0x000000008000ff44 (0xfee43023) sd      a4, -32(s0)
core   0: 3 0x000000008000ff44 (0xfee43023) mem 0x0000000080031f50 0x0000000080012096
core   0: 0x000000008000ff48 (0xfc442703) lw      a4, -60(s0)
core   0: 3 0x000000008000ff48 (0xfc442703) x14 0x0000000000000000 mem 0x0000000080031f34
core   0: 0x000000008000ff4c (0x0ff77713) andi    a4, a4, 255
core   0: 3 0x000000008000ff4c (0x0ff77713) x14 0x0000000000000000
core   0: 0x000000008000ff50 (0x00e78023) sb      a4, 0(a5)
core   0: 3 0x000000008000ff50 (0x00e78023) mem 0x0000000080012095 0x00
core   0: 0x000000008000ff54 (0xfc843703) ld      a4, -56(s0)
core   0: 3 0x000000008000ff54 (0xfc843703) x14 0x0000000080012040 mem 0x0000000080031f38
core   0: 0x000000008000ff58 (0xfb843783) ld      a5, -72(s0)
core   0: 3 0x000000008000ff58 (0xfb843783) x15 0x000000000000009c mem 0x0000000080031f28
core   0: 0x000000008000ff5c (0x000097ba) c.add   a5, a4
core   0: 3 0x000000008000ff5c (0x97ba) x15 0x00000000800120dc
core   0: 0x000000008000ff5e (0xfe043703) ld      a4, -32(s0)
core   0: 3 0x000000008000ff5e (0xfe043703) x14 0x0000000080012096 mem 0x0000000080031f50
core   0: 0x000000008000ff62 (0xfcf76de3) bltu    a4, a5, pc - 38
core   0: 3 0x000000008000ff62 (0xfcf76de3)
core   0: 0x000000008000ff3c (0xfe043783) ld      a5, -32(s0)
core   0: 3 0x000000008000ff3c (0xfe043783) x15 0x0000000080012096 mem 0x0000000080031f50
core   0: 0x000000008000ff40 (0x00178713) addi    a4, a5, 1
core   0: 3 0x000000008000ff40 (0x00178713) x14 0x0000000080012097
core   0: 0x000000008000ff44 (0xfee43023) sd      a4, -32(s0)
core   0: 3 0x000000008000ff44 (0xfee43023) mem 0x0000000080031f50 0x0000000080012097
core   0: 0x000000008000ff48 (0xfc442703) lw      a4, -60(s0)
core   0: 3 0x000000008000ff48 (0xfc442703) x14 0x0000000000000000 mem 0x0000000080031f34
core   0: 0x000000008000ff4c (0x0ff77713) andi    a4, a4, 255
core   0: 3 0x000000008000ff4c (0x0ff77713) x14 0x0000000000000000
core   0: 0x000000008000ff50 (0x00e78023) sb      a4, 0(a5)
core   0: 3 0x000000008000ff50 (0x00e78023) mem 0x0000000080012096 0x00
core   0: 0x000000008000ff54 (0xfc843703) ld      a4, -56(s0)
core   0: 3 0x000000008000ff54 (0xfc843703) x14 0x0000000080012040 mem 0x0000000080031f38
core   0: 0x000000008000ff58 (0xfb843783) ld      a5, -72(s0)
core   0: 3 0x000000008000ff58 (0xfb843783) x15 0x000000000000009c mem 0x0000000080031f28
core   0: 0x000000008000ff5c (0x000097ba) c.add   a5, a4
core   0: 3 0x000000008000ff5c (0x97ba) x15 0x00000000800120dc
core   0: 0x000000008000ff5e (0xfe043703) ld      a4, -32(s0)
core   0: 3 0x000000008000ff5e (0xfe043703) x14 0x0000000080012097 mem 0x0000000080031f50
core   0: 0x000000008000ff62 (0xfcf76de3) bltu    a4, a5, pc - 38
core   0: 3 0x000000008000ff62 (0xfcf76de3)
core   0: 0x000000008000ff3c (0xfe043783) ld      a5, -32(s0)
core   0: 3 0x000000008000ff3c (0xfe043783) x15 0x0000000080012097 mem 0x0000000080031f50
core   0: 0x000000008000ff40 (0x00178713) addi    a4, a5, 1
core   0: 3 0x000000008000ff40 (0x00178713) x14 0x0000000080012098
core   0: 0x000000008000ff44 (0xfee43023) sd      a4, -32(s0)
core   0: 3 0x000000008000ff44 (0xfee43023) mem 0x0000000080031f50 0x0000000080012098
core   0: 0x000000008000ff48 (0xfc442703) lw      a4, -60(s0)
core   0: 3 0x000000008000ff48 (0xfc442703) x14 0x0000000000000000 mem 0x0000000080031f34
core   0: 0x000000008000ff4c (0x0ff77713) andi    a4, a4, 255
core   0: 3 0x000000008000ff4c (0x0ff77713) x14 0x0000000000000000
core   0: 0x000000008000ff50 (0x00e78023) sb      a4, 0(a5)
core   0: 3 0x000000008000ff50 (0x00e78023) mem 0x0000000080012097 0x00
core   0: 0x000000008000ff54 (0xfc843703) ld      a4, -56(s0)
core   0: 3 0x000000008000ff54 (0xfc843703) x14 0x0000000080012040 mem 0x0000000080031f38
core   0: 0x000000008000ff58 (0xfb843783) ld      a5, -72(s0)
core   0: 3 0x000000008000ff58 (0xfb843783) x15 0x000000000000009c mem 0x0000000080031f28
core   0: 0x000000008000ff5c (0x000097ba) c.add   a5, a4
core   0: 3 0x000000008000ff5c (0x97ba) x15 0x00000000800120dc
core   0: 0x000000008000ff5e (0xfe043703) ld      a4, -32(s0)
core   0: 3 0x000000008000ff5e (0xfe043703) x14 0x0000000080012098 mem 0x0000000080031f50
core   0: 0x000000008000ff62 (0xfcf76de3) bltu    a4, a5, pc - 38
core   0: 3 0x000000008000ff62 (0xfcf76de3)
core   0: 0x000000008000ff3c (0xfe043783) ld      a5, -32(s0)
core   0: 3 0x000000008000ff3c (0xfe043783) x15 0x0000000080012098 mem 0x0000000080031f50
core   0: 0x000000008000ff40 (0x00178713) addi    a4, a5, 1
core   0: 3 0x000000008000ff40 (0x00178713) x14 0x0000000080012099
core   0: 0x000000008000ff44 (0xfee43023) sd      a4, -32(s0)
core   0: 3 0x000000008000ff44 (0xfee43023) mem 0x0000000080031f50 0x0000000080012099
core   0: 0x000000008000ff48 (0xfc442703) lw      a4, -60(s0)
core   0: 3 0x000000008000ff48 (0xfc442703) x14 0x0000000000000000 mem 0x0000000080031f34
core   0: 0x000000008000ff4c (0x0ff77713) andi    a4, a4, 255
core   0: 3 0x000000008000ff4c (0x0ff77713) x14 0x0000000000000000
core   0: 0x000000008000ff50 (0x00e78023) sb      a4, 0(a5)
core   0: 3 0x000000008000ff50 (0x00e78023) mem 0x0000000080012098 0x00
core   0: 0x000000008000ff54 (0xfc843703) ld      a4, -56(s0)
core   0: 3 0x000000008000ff54 (0xfc843703) x14 0x0000000080012040 mem 0x0000000080031f38
core   0: 0x000000008000ff58 (0xfb843783) ld      a5, -72(s0)
core   0: 3 0x000000008000ff58 (0xfb843783) x15 0x000000000000009c mem 0x0000000080031f28
core   0: 0x000000008000ff5c (0x000097ba) c.add   a5, a4
core   0: 3 0x000000008000ff5c (0x97ba) x15 0x00000000800120dc
core   0: 0x000000008000ff5e (0xfe043703) ld      a4, -32(s0)
core   0: 3 0x000000008000ff5e (0xfe043703) x14 0x0000000080012099 mem 0x0000000080031f50
core   0: 0x000000008000ff62 (0xfcf76de3) bltu    a4, a5, pc - 38
core   0: 3 0x000000008000ff62 (0xfcf76de3)
core   0: 0x000000008000ff3c (0xfe043783) ld      a5, -32(s0)
core   0: 3 0x000000008000ff3c (0xfe043783) x15 0x0000000080012099 mem 0x0000000080031f50
core   0: 0x000000008000ff40 (0x00178713) addi    a4, a5, 1
core   0: 3 0x000000008000ff40 (0x00178713) x14 0x000000008001209a
core   0: 0x000000008000ff44 (0xfee43023) sd      a4, -32(s0)
core   0: 3 0x000000008000ff44 (0xfee43023) mem 0x0000000080031f50 0x000000008001209a
core   0: 0x000000008000ff48 (0xfc442703) lw      a4, -60(s0)
core   0: 3 0x000000008000ff48 (0xfc442703) x14 0x0000000000000000 mem 0x0000000080031f34
core   0: 0x000000008000ff4c (0x0ff77713) andi    a4, a4, 255
core   0: 3 0x000000008000ff4c (0x0ff77713) x14 0x0000000000000000
core   0: 0x000000008000ff50 (0x00e78023) sb      a4, 0(a5)
core   0: 3 0x000000008000ff50 (0x00e78023) mem 0x0000000080012099 0x00
core   0: 0x000000008000ff54 (0xfc843703) ld      a4, -56(s0)
core   0: 3 0x000000008000ff54 (0xfc843703) x14 0x0000000080012040 mem 0x0000000080031f38
core   0: 0x000000008000ff58 (0xfb843783) ld      a5, -72(s0)
core   0: 3 0x000000008000ff58 (0xfb843783) x15 0x000000000000009c mem 0x0000000080031f28
core   0: 0x000000008000ff5c (0x000097ba) c.add   a5, a4
core   0: 3 0x000000008000ff5c (0x97ba) x15 0x00000000800120dc
core   0: 0x000000008000ff5e (0xfe043703) ld      a4, -32(s0)
core   0: 3 0x000000008000ff5e (0xfe043703) x14 0x000000008001209a mem 0x0000000080031f50
core   0: 0x000000008000ff62 (0xfcf76de3) bltu    a4, a5, pc - 38
core   0: 3 0x000000008000ff62 (0xfcf76de3)
core   0: 0x000000008000ff3c (0xfe043783) ld      a5, -32(s0)
core   0: 3 0x000000008000ff3c (0xfe043783) x15 0x000000008001209a mem 0x0000000080031f50
core   0: 0x000000008000ff40 (0x00178713) addi    a4, a5, 1
core   0: 3 0x000000008000ff40 (0x00178713) x14 0x000000008001209b
core   0: 0x000000008000ff44 (0xfee43023) sd      a4, -32(s0)
core   0: 3 0x000000008000ff44 (0xfee43023) mem 0x0000000080031f50 0x000000008001209b
core   0: 0x000000008000ff48 (0xfc442703) lw      a4, -60(s0)
core   0: 3 0x000000008000ff48 (0xfc442703) x14 0x0000000000000000 mem 0x0000000080031f34
core   0: 0x000000008000ff4c (0x0ff77713) andi    a4, a4, 255
core   0: 3 0x000000008000ff4c (0x0ff77713) x14 0x0000000000000000
core   0: 0x000000008000ff50 (0x00e78023) sb      a4, 0(a5)
core   0: 3 0x000000008000ff50 (0x00e78023) mem 0x000000008001209a 0x00
core   0: 0x000000008000ff54 (0xfc843703) ld      a4, -56(s0)
core   0: 3 0x000000008000ff54 (0xfc843703) x14 0x0000000080012040 mem 0x0000000080031f38
core   0: 0x000000008000ff58 (0xfb843783) ld      a5, -72(s0)
core   0: 3 0x000000008000ff58 (0xfb843783) x15 0x000000000000009c mem 0x0000000080031f28
core   0: 0x000000008000ff5c (0x000097ba) c.add   a5, a4
core   0: 3 0x000000008000ff5c (0x97ba) x15 0x00000000800120dc
core   0: 0x000000008000ff5e (0xfe043703) ld      a4, -32(s0)
core   0: 3 0x000000008000ff5e (0xfe043703) x14 0x000000008001209b mem 0x0000000080031f50
core   0: 0x000000008000ff62 (0xfcf76de3) bltu    a4, a5, pc - 38
core   0: 3 0x000000008000ff62 (0xfcf76de3)
core   0: 0x000000008000ff3c (0xfe043783) ld      a5, -32(s0)
core   0: 3 0x000000008000ff3c (0xfe043783) x15 0x000000008001209b mem 0x0000000080031f50
core   0: 0x000000008000ff40 (0x00178713) addi    a4, a5, 1
core   0: 3 0x000000008000ff40 (0x00178713) x14 0x000000008001209c
core   0: 0x000000008000ff44 (0xfee43023) sd      a4, -32(s0)
core   0: 3 0x000000008000ff44 (0xfee43023) mem 0x0000000080031f50 0x000000008001209c
core   0: 0x000000008000ff48 (0xfc442703) lw      a4, -60(s0)
core   0: 3 0x000000008000ff48 (0xfc442703) x14 0x0000000000000000 mem 0x0000000080031f34
core   0: 0x000000008000ff4c (0x0ff77713) andi    a4, a4, 255
core   0: 3 0x000000008000ff4c (0x0ff77713) x14 0x0000000000000000
core   0: 0x000000008000ff50 (0x00e78023) sb      a4, 0(a5)
core   0: 3 0x000000008000ff50 (0x00e78023) mem 0x000000008001209b 0x00
core   0: 0x000000008000ff54 (0xfc843703) ld      a4, -56(s0)
core   0: 3 0x000000008000ff54 (0xfc843703) x14 0x0000000080012040 mem 0x0000000080031f38
core   0: 0x000000008000ff58 (0xfb843783) ld      a5, -72(s0)
core   0: 3 0x000000008000ff58 (0xfb843783) x15 0x000000000000009c mem 0x0000000080031f28
core   0: 0x000000008000ff5c (0x000097ba) c.add   a5, a4
core   0: 3 0x000000008000ff5c (0x97ba) x15 0x00000000800120dc
core   0: 0x000000008000ff5e (0xfe043703) ld      a4, -32(s0)
core   0: 3 0x000000008000ff5e (0xfe043703) x14 0x000000008001209c mem 0x0000000080031f50
core   0: 0x000000008000ff62 (0xfcf76de3) bltu    a4, a5, pc - 38
core   0: 3 0x000000008000ff62 (0xfcf76de3)
core   0: 0x000000008000ff3c (0xfe043783) ld      a5, -32(s0)
core   0: 3 0x000000008000ff3c (0xfe043783) x15 0x000000008001209c mem 0x0000000080031f50
core   0: 0x000000008000ff40 (0x00178713) addi    a4, a5, 1
core   0: 3 0x000000008000ff40 (0x00178713) x14 0x000000008001209d
core   0: 0x000000008000ff44 (0xfee43023) sd      a4, -32(s0)
core   0: 3 0x000000008000ff44 (0xfee43023) mem 0x0000000080031f50 0x000000008001209d
core   0: 0x000000008000ff48 (0xfc442703) lw      a4, -60(s0)
core   0: 3 0x000000008000ff48 (0xfc442703) x14 0x0000000000000000 mem 0x0000000080031f34
core   0: 0x000000008000ff4c (0x0ff77713) andi    a4, a4, 255
core   0: 3 0x000000008000ff4c (0x0ff77713) x14 0x0000000000000000
core   0: 0x000000008000ff50 (0x00e78023) sb      a4, 0(a5)
core   0: 3 0x000000008000ff50 (0x00e78023) mem 0x000000008001209c 0x00
core   0: 0x000000008000ff54 (0xfc843703) ld      a4, -56(s0)
core   0: 3 0x000000008000ff54 (0xfc843703) x14 0x0000000080012040 mem 0x0000000080031f38
core   0: 0x000000008000ff58 (0xfb843783) ld      a5, -72(s0)
core   0: 3 0x000000008000ff58 (0xfb843783) x15 0x000000000000009c mem 0x0000000080031f28
core   0: 0x000000008000ff5c (0x000097ba) c.add   a5, a4
core   0: 3 0x000000008000ff5c (0x97ba) x15 0x00000000800120dc
core   0: 0x000000008000ff5e (0xfe043703) ld      a4, -32(s0)
core   0: 3 0x000000008000ff5e (0xfe043703) x14 0x000000008001209d mem 0x0000000080031f50
core   0: 0x000000008000ff62 (0xfcf76de3) bltu    a4, a5, pc - 38
core   0: 3 0x000000008000ff62 (0xfcf76de3)
core   0: 0x000000008000ff3c (0xfe043783) ld      a5, -32(s0)
core   0: 3 0x000000008000ff3c (0xfe043783) x15 0x000000008001209d mem 0x0000000080031f50
core   0: 0x000000008000ff40 (0x00178713) addi    a4, a5, 1
core   0: 3 0x000000008000ff40 (0x00178713) x14 0x000000008001209e
core   0: 0x000000008000ff44 (0xfee43023) sd      a4, -32(s0)
core   0: 3 0x000000008000ff44 (0xfee43023) mem 0x0000000080031f50 0x000000008001209e
core   0: 0x000000008000ff48 (0xfc442703) lw      a4, -60(s0)
core   0: 3 0x000000008000ff48 (0xfc442703) x14 0x0000000000000000 mem 0x0000000080031f34
core   0: 0x000000008000ff4c (0x0ff77713) andi    a4, a4, 255
core   0: 3 0x000000008000ff4c (0x0ff77713) x14 0x0000000000000000
core   0: 0x000000008000ff50 (0x00e78023) sb      a4, 0(a5)
core   0: 3 0x000000008000ff50 (0x00e78023) mem 0x000000008001209d 0x00
core   0: 0x000000008000ff54 (0xfc843703) ld      a4, -56(s0)
core   0: 3 0x000000008000ff54 (0xfc843703) x14 0x0000000080012040 mem 0x0000000080031f38
core   0: 0x000000008000ff58 (0xfb843783) ld      a5, -72(s0)
core   0: 3 0x000000008000ff58 (0xfb843783) x15 0x000000000000009c mem 0x0000000080031f28
core   0: 0x000000008000ff5c (0x000097ba) c.add   a5, a4
core   0: 3 0x000000008000ff5c (0x97ba) x15 0x00000000800120dc
core   0: 0x000000008000ff5e (0xfe043703) ld      a4, -32(s0)
core   0: 3 0x000000008000ff5e (0xfe043703) x14 0x000000008001209e mem 0x0000000080031f50
core   0: 0x000000008000ff62 (0xfcf76de3) bltu    a4, a5, pc - 38
core   0: 3 0x000000008000ff62 (0xfcf76de3)
core   0: 0x000000008000ff3c (0xfe043783) ld      a5, -32(s0)
core   0: 3 0x000000008000ff3c (0xfe043783) x15 0x000000008001209e mem 0x0000000080031f50
core   0: 0x000000008000ff40 (0x00178713) addi    a4, a5, 1
core   0: 3 0x000000008000ff40 (0x00178713) x14 0x000000008001209f
core   0: 0x000000008000ff44 (0xfee43023) sd      a4, -32(s0)
core   0: 3 0x000000008000ff44 (0xfee43023) mem 0x0000000080031f50 0x000000008001209f
core   0: 0x000000008000ff48 (0xfc442703) lw      a4, -60(s0)
core   0: 3 0x000000008000ff48 (0xfc442703) x14 0x0000000000000000 mem 0x0000000080031f34
core   0: 0x000000008000ff4c (0x0ff77713) andi    a4, a4, 255
core   0: 3 0x000000008000ff4c (0x0ff77713) x14 0x0000000000000000
core   0: 0x000000008000ff50 (0x00e78023) sb      a4, 0(a5)
core   0: 3 0x000000008000ff50 (0x00e78023) mem 0x000000008001209e 0x00
core   0: 0x000000008000ff54 (0xfc843703) ld      a4, -56(s0)
core   0: 3 0x000000008000ff54 (0xfc843703) x14 0x0000000080012040 mem 0x0000000080031f38
core   0: 0x000000008000ff58 (0xfb843783) ld      a5, -72(s0)
core   0: 3 0x000000008000ff58 (0xfb843783) x15 0x000000000000009c mem 0x0000000080031f28
core   0: 0x000000008000ff5c (0x000097ba) c.add   a5, a4
core   0: 3 0x000000008000ff5c (0x97ba) x15 0x00000000800120dc
core   0: 0x000000008000ff5e (0xfe043703) ld      a4, -32(s0)
core   0: 3 0x000000008000ff5e (0xfe043703) x14 0x000000008001209f mem 0x0000000080031f50
core   0: 0x000000008000ff62 (0xfcf76de3) bltu    a4, a5, pc - 38
core   0: 3 0x000000008000ff62 (0xfcf76de3)
core   0: 0x000000008000ff3c (0xfe043783) ld      a5, -32(s0)
core   0: 3 0x000000008000ff3c (0xfe043783) x15 0x000000008001209f mem 0x0000000080031f50
core   0: 0x000000008000ff40 (0x00178713) addi    a4, a5, 1
core   0: 3 0x000000008000ff40 (0x00178713) x14 0x00000000800120a0
core   0: 0x000000008000ff44 (0xfee43023) sd      a4, -32(s0)
core   0: 3 0x000000008000ff44 (0xfee43023) mem 0x0000000080031f50 0x00000000800120a0
core   0: 0x000000008000ff48 (0xfc442703) lw      a4, -60(s0)
core   0: 3 0x000000008000ff48 (0xfc442703) x14 0x0000000000000000 mem 0x0000000080031f34
core   0: 0x000000008000ff4c (0x0ff77713) andi    a4, a4, 255
core   0: 3 0x000000008000ff4c (0x0ff77713) x14 0x0000000000000000
core   0: 0x000000008000ff50 (0x00e78023) sb      a4, 0(a5)
core   0: 3 0x000000008000ff50 (0x00e78023) mem 0x000000008001209f 0x00
core   0: 0x000000008000ff54 (0xfc843703) ld      a4, -56(s0)
core   0: 3 0x000000008000ff54 (0xfc843703) x14 0x0000000080012040 mem 0x0000000080031f38
core   0: 0x000000008000ff58 (0xfb843783) ld      a5, -72(s0)
core   0: 3 0x000000008000ff58 (0xfb843783) x15 0x000000000000009c mem 0x0000000080031f28
core   0: 0x000000008000ff5c (0x000097ba) c.add   a5, a4
core   0: 3 0x000000008000ff5c (0x97ba) x15 0x00000000800120dc
core   0: 0x000000008000ff5e (0xfe043703) ld      a4, -32(s0)
core   0: 3 0x000000008000ff5e (0xfe043703) x14 0x00000000800120a0 mem 0x0000000080031f50
core   0: 0x000000008000ff62 (0xfcf76de3) bltu    a4, a5, pc - 38
core   0: 3 0x000000008000ff62 (0xfcf76de3)
core   0: 0x000000008000ff3c (0xfe043783) ld      a5, -32(s0)
core   0: 3 0x000000008000ff3c (0xfe043783) x15 0x00000000800120a0 mem 0x0000000080031f50
core   0: 0x000000008000ff40 (0x00178713) addi    a4, a5, 1
core   0: 3 0x000000008000ff40 (0x00178713) x14 0x00000000800120a1
core   0: 0x000000008000ff44 (0xfee43023) sd      a4, -32(s0)
core   0: 3 0x000000008000ff44 (0xfee43023) mem 0x0000000080031f50 0x00000000800120a1
core   0: 0x000000008000ff48 (0xfc442703) lw      a4, -60(s0)
core   0: 3 0x000000008000ff48 (0xfc442703) x14 0x0000000000000000 mem 0x0000000080031f34
core   0: 0x000000008000ff4c (0x0ff77713) andi    a4, a4, 255
core   0: 3 0x000000008000ff4c (0x0ff77713) x14 0x0000000000000000
core   0: 0x000000008000ff50 (0x00e78023) sb      a4, 0(a5)
core   0: 3 0x000000008000ff50 (0x00e78023) mem 0x00000000800120a0 0x00
core   0: 0x000000008000ff54 (0xfc843703) ld      a4, -56(s0)
core   0: 3 0x000000008000ff54 (0xfc843703) x14 0x0000000080012040 mem 0x0000000080031f38
core   0: 0x000000008000ff58 (0xfb843783) ld      a5, -72(s0)
core   0: 3 0x000000008000ff58 (0xfb843783) x15 0x000000000000009c mem 0x0000000080031f28
core   0: 0x000000008000ff5c (0x000097ba) c.add   a5, a4
core   0: 3 0x000000008000ff5c (0x97ba) x15 0x00000000800120dc
core   0: 0x000000008000ff5e (0xfe043703) ld      a4, -32(s0)
core   0: 3 0x000000008000ff5e (0xfe043703) x14 0x00000000800120a1 mem 0x0000000080031f50
core   0: 0x000000008000ff62 (0xfcf76de3) bltu    a4, a5, pc - 38
core   0: 3 0x000000008000ff62 (0xfcf76de3)
core   0: 0x000000008000ff3c (0xfe043783) ld      a5, -32(s0)
core   0: 3 0x000000008000ff3c (0xfe043783) x15 0x00000000800120a1 mem 0x0000000080031f50
core   0: 0x000000008000ff40 (0x00178713) addi    a4, a5, 1
core   0: 3 0x000000008000ff40 (0x00178713) x14 0x00000000800120a2
core   0: 0x000000008000ff44 (0xfee43023) sd      a4, -32(s0)
core   0: 3 0x000000008000ff44 (0xfee43023) mem 0x0000000080031f50 0x00000000800120a2
core   0: 0x000000008000ff48 (0xfc442703) lw      a4, -60(s0)
core   0: 3 0x000000008000ff48 (0xfc442703) x14 0x0000000000000000 mem 0x0000000080031f34
core   0: 0x000000008000ff4c (0x0ff77713) andi    a4, a4, 255
core   0: 3 0x000000008000ff4c (0x0ff77713) x14 0x0000000000000000
core   0: 0x000000008000ff50 (0x00e78023) sb      a4, 0(a5)
core   0: 3 0x000000008000ff50 (0x00e78023) mem 0x00000000800120a1 0x00
core   0: 0x000000008000ff54 (0xfc843703) ld      a4, -56(s0)
core   0: 3 0x000000008000ff54 (0xfc843703) x14 0x0000000080012040 mem 0x0000000080031f38
core   0: 0x000000008000ff58 (0xfb843783) ld      a5, -72(s0)
core   0: 3 0x000000008000ff58 (0xfb843783) x15 0x000000000000009c mem 0x0000000080031f28
core   0: 0x000000008000ff5c (0x000097ba) c.add   a5, a4
core   0: 3 0x000000008000ff5c (0x97ba) x15 0x00000000800120dc
core   0: 0x000000008000ff5e (0xfe043703) ld      a4, -32(s0)
core   0: 3 0x000000008000ff5e (0xfe043703) x14 0x00000000800120a2 mem 0x0000000080031f50
core   0: 0x000000008000ff62 (0xfcf76de3) bltu    a4, a5, pc - 38
core   0: 3 0x000000008000ff62 (0xfcf76de3)
core   0: 0x000000008000ff3c (0xfe043783) ld      a5, -32(s0)
core   0: 3 0x000000008000ff3c (0xfe043783) x15 0x00000000800120a2 mem 0x0000000080031f50
core   0: 0x000000008000ff40 (0x00178713) addi    a4, a5, 1
core   0: 3 0x000000008000ff40 (0x00178713) x14 0x00000000800120a3
core   0: 0x000000008000ff44 (0xfee43023) sd      a4, -32(s0)
core   0: 3 0x000000008000ff44 (0xfee43023) mem 0x0000000080031f50 0x00000000800120a3
core   0: 0x000000008000ff48 (0xfc442703) lw      a4, -60(s0)
core   0: 3 0x000000008000ff48 (0xfc442703) x14 0x0000000000000000 mem 0x0000000080031f34
core   0: 0x000000008000ff4c (0x0ff77713) andi    a4, a4, 255
core   0: 3 0x000000008000ff4c (0x0ff77713) x14 0x0000000000000000
core   0: 0x000000008000ff50 (0x00e78023) sb      a4, 0(a5)
core   0: 3 0x000000008000ff50 (0x00e78023) mem 0x00000000800120a2 0x00
core   0: 0x000000008000ff54 (0xfc843703) ld      a4, -56(s0)
core   0: 3 0x000000008000ff54 (0xfc843703) x14 0x0000000080012040 mem 0x0000000080031f38
core   0: 0x000000008000ff58 (0xfb843783) ld      a5, -72(s0)
core   0: 3 0x000000008000ff58 (0xfb843783) x15 0x000000000000009c mem 0x0000000080031f28
core   0: 0x000000008000ff5c (0x000097ba) c.add   a5, a4
core   0: 3 0x000000008000ff5c (0x97ba) x15 0x00000000800120dc
core   0: 0x000000008000ff5e (0xfe043703) ld      a4, -32(s0)
core   0: 3 0x000000008000ff5e (0xfe043703) x14 0x00000000800120a3 mem 0x0000000080031f50
core   0: 0x000000008000ff62 (0xfcf76de3) bltu    a4, a5, pc - 38
core   0: 3 0x000000008000ff62 (0xfcf76de3)
core   0: 0x000000008000ff3c (0xfe043783) ld      a5, -32(s0)
core   0: 3 0x000000008000ff3c (0xfe043783) x15 0x00000000800120a3 mem 0x0000000080031f50
core   0: 0x000000008000ff40 (0x00178713) addi    a4, a5, 1
core   0: 3 0x000000008000ff40 (0x00178713) x14 0x00000000800120a4
core   0: 0x000000008000ff44 (0xfee43023) sd      a4, -32(s0)
core   0: 3 0x000000008000ff44 (0xfee43023) mem 0x0000000080031f50 0x00000000800120a4
core   0: 0x000000008000ff48 (0xfc442703) lw      a4, -60(s0)
core   0: 3 0x000000008000ff48 (0xfc442703) x14 0x0000000000000000 mem 0x0000000080031f34
core   0: 0x000000008000ff4c (0x0ff77713) andi    a4, a4, 255
core   0: 3 0x000000008000ff4c (0x0ff77713) x14 0x0000000000000000
core   0: 0x000000008000ff50 (0x00e78023) sb      a4, 0(a5)
core   0: 3 0x000000008000ff50 (0x00e78023) mem 0x00000000800120a3 0x00
core   0: 0x000000008000ff54 (0xfc843703) ld      a4, -56(s0)
core   0: 3 0x000000008000ff54 (0xfc843703) x14 0x0000000080012040 mem 0x0000000080031f38
core   0: 0x000000008000ff58 (0xfb843783) ld      a5, -72(s0)
core   0: 3 0x000000008000ff58 (0xfb843783) x15 0x000000000000009c mem 0x0000000080031f28
core   0: 0x000000008000ff5c (0x000097ba) c.add   a5, a4
core   0: 3 0x000000008000ff5c (0x97ba) x15 0x00000000800120dc
core   0: 0x000000008000ff5e (0xfe043703) ld      a4, -32(s0)
core   0: 3 0x000000008000ff5e (0xfe043703) x14 0x00000000800120a4 mem 0x0000000080031f50
core   0: 0x000000008000ff62 (0xfcf76de3) bltu    a4, a5, pc - 38
core   0: 3 0x000000008000ff62 (0xfcf76de3)
core   0: 0x000000008000ff3c (0xfe043783) ld      a5, -32(s0)
core   0: 3 0x000000008000ff3c (0xfe043783) x15 0x00000000800120a4 mem 0x0000000080031f50
core   0: 0x000000008000ff40 (0x00178713) addi    a4, a5, 1
core   0: 3 0x000000008000ff40 (0x00178713) x14 0x00000000800120a5
core   0: 0x000000008000ff44 (0xfee43023) sd      a4, -32(s0)
core   0: 3 0x000000008000ff44 (0xfee43023) mem 0x0000000080031f50 0x00000000800120a5
core   0: 0x000000008000ff48 (0xfc442703) lw      a4, -60(s0)
core   0: 3 0x000000008000ff48 (0xfc442703) x14 0x0000000000000000 mem 0x0000000080031f34
core   0: 0x000000008000ff4c (0x0ff77713) andi    a4, a4, 255
core   0: 3 0x000000008000ff4c (0x0ff77713) x14 0x0000000000000000
core   0: 0x000000008000ff50 (0x00e78023) sb      a4, 0(a5)
core   0: 3 0x000000008000ff50 (0x00e78023) mem 0x00000000800120a4 0x00
core   0: 0x000000008000ff54 (0xfc843703) ld      a4, -56(s0)
core   0: 3 0x000000008000ff54 (0xfc843703) x14 0x0000000080012040 mem 0x0000000080031f38
core   0: 0x000000008000ff58 (0xfb843783) ld      a5, -72(s0)
core   0: 3 0x000000008000ff58 (0xfb843783) x15 0x000000000000009c mem 0x0000000080031f28
core   0: 0x000000008000ff5c (0x000097ba) c.add   a5, a4
core   0: 3 0x000000008000ff5c (0x97ba) x15 0x00000000800120dc
core   0: 0x000000008000ff5e (0xfe043703) ld      a4, -32(s0)
core   0: 3 0x000000008000ff5e (0xfe043703) x14 0x00000000800120a5 mem 0x0000000080031f50
core   0: 0x000000008000ff62 (0xfcf76de3) bltu    a4, a5, pc - 38
core   0: 3 0x000000008000ff62 (0xfcf76de3)
core   0: 0x000000008000ff3c (0xfe043783) ld      a5, -32(s0)
core   0: 3 0x000000008000ff3c (0xfe043783) x15 0x00000000800120a5 mem 0x0000000080031f50
core   0: 0x000000008000ff40 (0x00178713) addi    a4, a5, 1
core   0: 3 0x000000008000ff40 (0x00178713) x14 0x00000000800120a6
core   0: 0x000000008000ff44 (0xfee43023) sd      a4, -32(s0)
core   0: 3 0x000000008000ff44 (0xfee43023) mem 0x0000000080031f50 0x00000000800120a6
core   0: 0x000000008000ff48 (0xfc442703) lw      a4, -60(s0)
core   0: 3 0x000000008000ff48 (0xfc442703) x14 0x0000000000000000 mem 0x0000000080031f34
core   0: 0x000000008000ff4c (0x0ff77713) andi    a4, a4, 255
core   0: 3 0x000000008000ff4c (0x0ff77713) x14 0x0000000000000000
core   0: 0x000000008000ff50 (0x00e78023) sb      a4, 0(a5)
core   0: 3 0x000000008000ff50 (0x00e78023) mem 0x00000000800120a5 0x00
core   0: 0x000000008000ff54 (0xfc843703) ld      a4, -56(s0)
core   0: 3 0x000000008000ff54 (0xfc843703) x14 0x0000000080012040 mem 0x0000000080031f38
core   0: 0x000000008000ff58 (0xfb843783) ld      a5, -72(s0)
core   0: 3 0x000000008000ff58 (0xfb843783) x15 0x000000000000009c mem 0x0000000080031f28
core   0: 0x000000008000ff5c (0x000097ba) c.add   a5, a4
core   0: 3 0x000000008000ff5c (0x97ba) x15 0x00000000800120dc
core   0: 0x000000008000ff5e (0xfe043703) ld      a4, -32(s0)
core   0: 3 0x000000008000ff5e (0xfe043703) x14 0x00000000800120a6 mem 0x0000000080031f50
core   0: 0x000000008000ff62 (0xfcf76de3) bltu    a4, a5, pc - 38
core   0: 3 0x000000008000ff62 (0xfcf76de3)
core   0: 0x000000008000ff3c (0xfe043783) ld      a5, -32(s0)
core   0: 3 0x000000008000ff3c (0xfe043783) x15 0x00000000800120a6 mem 0x0000000080031f50
core   0: 0x000000008000ff40 (0x00178713) addi    a4, a5, 1
core   0: 3 0x000000008000ff40 (0x00178713) x14 0x00000000800120a7
core   0: 0x000000008000ff44 (0xfee43023) sd      a4, -32(s0)
core   0: 3 0x000000008000ff44 (0xfee43023) mem 0x0000000080031f50 0x00000000800120a7
core   0: 0x000000008000ff48 (0xfc442703) lw      a4, -60(s0)
core   0: 3 0x000000008000ff48 (0xfc442703) x14 0x0000000000000000 mem 0x0000000080031f34
core   0: 0x000000008000ff4c (0x0ff77713) andi    a4, a4, 255
core   0: 3 0x000000008000ff4c (0x0ff77713) x14 0x0000000000000000
core   0: 0x000000008000ff50 (0x00e78023) sb      a4, 0(a5)
core   0: 3 0x000000008000ff50 (0x00e78023) mem 0x00000000800120a6 0x00
core   0: 0x000000008000ff54 (0xfc843703) ld      a4, -56(s0)
core   0: 3 0x000000008000ff54 (0xfc843703) x14 0x0000000080012040 mem 0x0000000080031f38
core   0: 0x000000008000ff58 (0xfb843783) ld      a5, -72(s0)
core   0: 3 0x000000008000ff58 (0xfb843783) x15 0x000000000000009c mem 0x0000000080031f28
core   0: 0x000000008000ff5c (0x000097ba) c.add   a5, a4
core   0: 3 0x000000008000ff5c (0x97ba) x15 0x00000000800120dc
core   0: 0x000000008000ff5e (0xfe043703) ld      a4, -32(s0)
core   0: 3 0x000000008000ff5e (0xfe043703) x14 0x00000000800120a7 mem 0x0000000080031f50
core   0: 0x000000008000ff62 (0xfcf76de3) bltu    a4, a5, pc - 38
core   0: 3 0x000000008000ff62 (0xfcf76de3)
core   0: 0x000000008000ff3c (0xfe043783) ld      a5, -32(s0)
core   0: 3 0x000000008000ff3c (0xfe043783) x15 0x00000000800120a7 mem 0x0000000080031f50
core   0: 0x000000008000ff40 (0x00178713) addi    a4, a5, 1
core   0: 3 0x000000008000ff40 (0x00178713) x14 0x00000000800120a8
core   0: 0x000000008000ff44 (0xfee43023) sd      a4, -32(s0)
core   0: 3 0x000000008000ff44 (0xfee43023) mem 0x0000000080031f50 0x00000000800120a8
core   0: 0x000000008000ff48 (0xfc442703) lw      a4, -60(s0)
core   0: 3 0x000000008000ff48 (0xfc442703) x14 0x0000000000000000 mem 0x0000000080031f34
core   0: 0x000000008000ff4c (0x0ff77713) andi    a4, a4, 255
core   0: 3 0x000000008000ff4c (0x0ff77713) x14 0x0000000000000000
core   0: 0x000000008000ff50 (0x00e78023) sb      a4, 0(a5)
core   0: 3 0x000000008000ff50 (0x00e78023) mem 0x00000000800120a7 0x00
core   0: 0x000000008000ff54 (0xfc843703) ld      a4, -56(s0)
core   0: 3 0x000000008000ff54 (0xfc843703) x14 0x0000000080012040 mem 0x0000000080031f38
core   0: 0x000000008000ff58 (0xfb843783) ld      a5, -72(s0)
core   0: 3 0x000000008000ff58 (0xfb843783) x15 0x000000000000009c mem 0x0000000080031f28
core   0: 0x000000008000ff5c (0x000097ba) c.add   a5, a4
core   0: 3 0x000000008000ff5c (0x97ba) x15 0x00000000800120dc
core   0: 0x000000008000ff5e (0xfe043703) ld      a4, -32(s0)
core   0: 3 0x000000008000ff5e (0xfe043703) x14 0x00000000800120a8 mem 0x0000000080031f50
core   0: 0x000000008000ff62 (0xfcf76de3) bltu    a4, a5, pc - 38
core   0: 3 0x000000008000ff62 (0xfcf76de3)
core   0: 0x000000008000ff3c (0xfe043783) ld      a5, -32(s0)
core   0: 3 0x000000008000ff3c (0xfe043783) x15 0x00000000800120a8 mem 0x0000000080031f50
core   0: 0x000000008000ff40 (0x00178713) addi    a4, a5, 1
core   0: 3 0x000000008000ff40 (0x00178713) x14 0x00000000800120a9
core   0: 0x000000008000ff44 (0xfee43023) sd      a4, -32(s0)
core   0: 3 0x000000008000ff44 (0xfee43023) mem 0x0000000080031f50 0x00000000800120a9
core   0: 0x000000008000ff48 (0xfc442703) lw      a4, -60(s0)
core   0: 3 0x000000008000ff48 (0xfc442703) x14 0x0000000000000000 mem 0x0000000080031f34
core   0: 0x000000008000ff4c (0x0ff77713) andi    a4, a4, 255
core   0: 3 0x000000008000ff4c (0x0ff77713) x14 0x0000000000000000
core   0: 0x000000008000ff50 (0x00e78023) sb      a4, 0(a5)
core   0: 3 0x000000008000ff50 (0x00e78023) mem 0x00000000800120a8 0x00
core   0: 0x000000008000ff54 (0xfc843703) ld      a4, -56(s0)
core   0: 3 0x000000008000ff54 (0xfc843703) x14 0x0000000080012040 mem 0x0000000080031f38
core   0: 0x000000008000ff58 (0xfb843783) ld      a5, -72(s0)
core   0: 3 0x000000008000ff58 (0xfb843783) x15 0x000000000000009c mem 0x0000000080031f28
core   0: 0x000000008000ff5c (0x000097ba) c.add   a5, a4
core   0: 3 0x000000008000ff5c (0x97ba) x15 0x00000000800120dc
core   0: 0x000000008000ff5e (0xfe043703) ld      a4, -32(s0)
core   0: 3 0x000000008000ff5e (0xfe043703) x14 0x00000000800120a9 mem 0x0000000080031f50
core   0: 0x000000008000ff62 (0xfcf76de3) bltu    a4, a5, pc - 38
core   0: 3 0x000000008000ff62 (0xfcf76de3)
core   0: 0x000000008000ff3c (0xfe043783) ld      a5, -32(s0)
core   0: 3 0x000000008000ff3c (0xfe043783) x15 0x00000000800120a9 mem 0x0000000080031f50
core   0: 0x000000008000ff40 (0x00178713) addi    a4, a5, 1
core   0: 3 0x000000008000ff40 (0x00178713) x14 0x00000000800120aa
core   0: 0x000000008000ff44 (0xfee43023) sd      a4, -32(s0)
core   0: 3 0x000000008000ff44 (0xfee43023) mem 0x0000000080031f50 0x00000000800120aa
core   0: 0x000000008000ff48 (0xfc442703) lw      a4, -60(s0)
core   0: 3 0x000000008000ff48 (0xfc442703) x14 0x0000000000000000 mem 0x0000000080031f34
core   0: 0x000000008000ff4c (0x0ff77713) andi    a4, a4, 255
core   0: 3 0x000000008000ff4c (0x0ff77713) x14 0x0000000000000000
core   0: 0x000000008000ff50 (0x00e78023) sb      a4, 0(a5)
core   0: 3 0x000000008000ff50 (0x00e78023) mem 0x00000000800120a9 0x00
core   0: 0x000000008000ff54 (0xfc843703) ld      a4, -56(s0)
core   0: 3 0x000000008000ff54 (0xfc843703) x14 0x0000000080012040 mem 0x0000000080031f38
core   0: 0x000000008000ff58 (0xfb843783) ld      a5, -72(s0)
core   0: 3 0x000000008000ff58 (0xfb843783) x15 0x000000000000009c mem 0x0000000080031f28
core   0: 0x000000008000ff5c (0x000097ba) c.add   a5, a4
core   0: 3 0x000000008000ff5c (0x97ba) x15 0x00000000800120dc
core   0: 0x000000008000ff5e (0xfe043703) ld      a4, -32(s0)
core   0: 3 0x000000008000ff5e (0xfe043703) x14 0x00000000800120aa mem 0x0000000080031f50
core   0: 0x000000008000ff62 (0xfcf76de3) bltu    a4, a5, pc - 38
core   0: 3 0x000000008000ff62 (0xfcf76de3)
core   0: 0x000000008000ff3c (0xfe043783) ld      a5, -32(s0)
core   0: 3 0x000000008000ff3c (0xfe043783) x15 0x00000000800120aa mem 0x0000000080031f50
core   0: 0x000000008000ff40 (0x00178713) addi    a4, a5, 1
core   0: 3 0x000000008000ff40 (0x00178713) x14 0x00000000800120ab
core   0: 0x000000008000ff44 (0xfee43023) sd      a4, -32(s0)
core   0: 3 0x000000008000ff44 (0xfee43023) mem 0x0000000080031f50 0x00000000800120ab
core   0: 0x000000008000ff48 (0xfc442703) lw      a4, -60(s0)
core   0: 3 0x000000008000ff48 (0xfc442703) x14 0x0000000000000000 mem 0x0000000080031f34
core   0: 0x000000008000ff4c (0x0ff77713) andi    a4, a4, 255
core   0: 3 0x000000008000ff4c (0x0ff77713) x14 0x0000000000000000
core   0: 0x000000008000ff50 (0x00e78023) sb      a4, 0(a5)
core   0: 3 0x000000008000ff50 (0x00e78023) mem 0x00000000800120aa 0x00
core   0: 0x000000008000ff54 (0xfc843703) ld      a4, -56(s0)
core   0: 3 0x000000008000ff54 (0xfc843703) x14 0x0000000080012040 mem 0x0000000080031f38
core   0: 0x000000008000ff58 (0xfb843783) ld      a5, -72(s0)
core   0: 3 0x000000008000ff58 (0xfb843783) x15 0x000000000000009c mem 0x0000000080031f28
core   0: 0x000000008000ff5c (0x000097ba) c.add   a5, a4
core   0: 3 0x000000008000ff5c (0x97ba) x15 0x00000000800120dc
core   0: 0x000000008000ff5e (0xfe043703) ld      a4, -32(s0)
core   0: 3 0x000000008000ff5e (0xfe043703) x14 0x00000000800120ab mem 0x0000000080031f50
core   0: 0x000000008000ff62 (0xfcf76de3) bltu    a4, a5, pc - 38
core   0: 3 0x000000008000ff62 (0xfcf76de3)
core   0: 0x000000008000ff3c (0xfe043783) ld      a5, -32(s0)
core   0: 3 0x000000008000ff3c (0xfe043783) x15 0x00000000800120ab mem 0x0000000080031f50
core   0: 0x000000008000ff40 (0x00178713) addi    a4, a5, 1
core   0: 3 0x000000008000ff40 (0x00178713) x14 0x00000000800120ac
core   0: 0x000000008000ff44 (0xfee43023) sd      a4, -32(s0)
core   0: 3 0x000000008000ff44 (0xfee43023) mem 0x0000000080031f50 0x00000000800120ac
core   0: 0x000000008000ff48 (0xfc442703) lw      a4, -60(s0)
core   0: 3 0x000000008000ff48 (0xfc442703) x14 0x0000000000000000 mem 0x0000000080031f34
core   0: 0x000000008000ff4c (0x0ff77713) andi    a4, a4, 255
core   0: 3 0x000000008000ff4c (0x0ff77713) x14 0x0000000000000000
core   0: 0x000000008000ff50 (0x00e78023) sb      a4, 0(a5)
core   0: 3 0x000000008000ff50 (0x00e78023) mem 0x00000000800120ab 0x00
core   0: 0x000000008000ff54 (0xfc843703) ld      a4, -56(s0)
core   0: 3 0x000000008000ff54 (0xfc843703) x14 0x0000000080012040 mem 0x0000000080031f38
core   0: 0x000000008000ff58 (0xfb843783) ld      a5, -72(s0)
core   0: 3 0x000000008000ff58 (0xfb843783) x15 0x000000000000009c mem 0x0000000080031f28
core   0: 0x000000008000ff5c (0x000097ba) c.add   a5, a4
core   0: 3 0x000000008000ff5c (0x97ba) x15 0x00000000800120dc
core   0: 0x000000008000ff5e (0xfe043703) ld      a4, -32(s0)
core   0: 3 0x000000008000ff5e (0xfe043703) x14 0x00000000800120ac mem 0x0000000080031f50
core   0: 0x000000008000ff62 (0xfcf76de3) bltu    a4, a5, pc - 38
core   0: 3 0x000000008000ff62 (0xfcf76de3)
core   0: 0x000000008000ff3c (0xfe043783) ld      a5, -32(s0)
core   0: 3 0x000000008000ff3c (0xfe043783) x15 0x00000000800120ac mem 0x0000000080031f50
core   0: 0x000000008000ff40 (0x00178713) addi    a4, a5, 1
core   0: 3 0x000000008000ff40 (0x00178713) x14 0x00000000800120ad
core   0: 0x000000008000ff44 (0xfee43023) sd      a4, -32(s0)
core   0: 3 0x000000008000ff44 (0xfee43023) mem 0x0000000080031f50 0x00000000800120ad
core   0: 0x000000008000ff48 (0xfc442703) lw      a4, -60(s0)
core   0: 3 0x000000008000ff48 (0xfc442703) x14 0x0000000000000000 mem 0x0000000080031f34
core   0: 0x000000008000ff4c (0x0ff77713) andi    a4, a4, 255
core   0: 3 0x000000008000ff4c (0x0ff77713) x14 0x0000000000000000
core   0: 0x000000008000ff50 (0x00e78023) sb      a4, 0(a5)
core   0: 3 0x000000008000ff50 (0x00e78023) mem 0x00000000800120ac 0x00
core   0: 0x000000008000ff54 (0xfc843703) ld      a4, -56(s0)
core   0: 3 0x000000008000ff54 (0xfc843703) x14 0x0000000080012040 mem 0x0000000080031f38
core   0: 0x000000008000ff58 (0xfb843783) ld      a5, -72(s0)
core   0: 3 0x000000008000ff58 (0xfb843783) x15 0x000000000000009c mem 0x0000000080031f28
core   0: 0x000000008000ff5c (0x000097ba) c.add   a5, a4
core   0: 3 0x000000008000ff5c (0x97ba) x15 0x00000000800120dc
core   0: 0x000000008000ff5e (0xfe043703) ld      a4, -32(s0)
core   0: 3 0x000000008000ff5e (0xfe043703) x14 0x00000000800120ad mem 0x0000000080031f50
core   0: 0x000000008000ff62 (0xfcf76de3) bltu    a4, a5, pc - 38
core   0: 3 0x000000008000ff62 (0xfcf76de3)
core   0: 0x000000008000ff3c (0xfe043783) ld      a5, -32(s0)
core   0: 3 0x000000008000ff3c (0xfe043783) x15 0x00000000800120ad mem 0x0000000080031f50
core   0: 0x000000008000ff40 (0x00178713) addi    a4, a5, 1
core   0: 3 0x000000008000ff40 (0x00178713) x14 0x00000000800120ae
core   0: 0x000000008000ff44 (0xfee43023) sd      a4, -32(s0)
core   0: 3 0x000000008000ff44 (0xfee43023) mem 0x0000000080031f50 0x00000000800120ae
core   0: 0x000000008000ff48 (0xfc442703) lw      a4, -60(s0)
core   0: 3 0x000000008000ff48 (0xfc442703) x14 0x0000000000000000 mem 0x0000000080031f34
core   0: 0x000000008000ff4c (0x0ff77713) andi    a4, a4, 255
core   0: 3 0x000000008000ff4c (0x0ff77713) x14 0x0000000000000000
core   0: 0x000000008000ff50 (0x00e78023) sb      a4, 0(a5)
core   0: 3 0x000000008000ff50 (0x00e78023) mem 0x00000000800120ad 0x00
core   0: 0x000000008000ff54 (0xfc843703) ld      a4, -56(s0)
core   0: 3 0x000000008000ff54 (0xfc843703) x14 0x0000000080012040 mem 0x0000000080031f38
core   0: 0x000000008000ff58 (0xfb843783) ld      a5, -72(s0)
core   0: 3 0x000000008000ff58 (0xfb843783) x15 0x000000000000009c mem 0x0000000080031f28
core   0: 0x000000008000ff5c (0x000097ba) c.add   a5, a4
core   0: 3 0x000000008000ff5c (0x97ba) x15 0x00000000800120dc
core   0: 0x000000008000ff5e (0xfe043703) ld      a4, -32(s0)
core   0: 3 0x000000008000ff5e (0xfe043703) x14 0x00000000800120ae mem 0x0000000080031f50
core   0: 0x000000008000ff62 (0xfcf76de3) bltu    a4, a5, pc - 38
core   0: 3 0x000000008000ff62 (0xfcf76de3)
core   0: 0x000000008000ff3c (0xfe043783) ld      a5, -32(s0)
core   0: 3 0x000000008000ff3c (0xfe043783) x15 0x00000000800120ae mem 0x0000000080031f50
core   0: 0x000000008000ff40 (0x00178713) addi    a4, a5, 1
core   0: 3 0x000000008000ff40 (0x00178713) x14 0x00000000800120af
core   0: 0x000000008000ff44 (0xfee43023) sd      a4, -32(s0)
core   0: 3 0x000000008000ff44 (0xfee43023) mem 0x0000000080031f50 0x00000000800120af
core   0: 0x000000008000ff48 (0xfc442703) lw      a4, -60(s0)
core   0: 3 0x000000008000ff48 (0xfc442703) x14 0x0000000000000000 mem 0x0000000080031f34
core   0: 0x000000008000ff4c (0x0ff77713) andi    a4, a4, 255
core   0: 3 0x000000008000ff4c (0x0ff77713) x14 0x0000000000000000
core   0: 0x000000008000ff50 (0x00e78023) sb      a4, 0(a5)
core   0: 3 0x000000008000ff50 (0x00e78023) mem 0x00000000800120ae 0x00
core   0: 0x000000008000ff54 (0xfc843703) ld      a4, -56(s0)
core   0: 3 0x000000008000ff54 (0xfc843703) x14 0x0000000080012040 mem 0x0000000080031f38
core   0: 0x000000008000ff58 (0xfb843783) ld      a5, -72(s0)
core   0: 3 0x000000008000ff58 (0xfb843783) x15 0x000000000000009c mem 0x0000000080031f28
core   0: 0x000000008000ff5c (0x000097ba) c.add   a5, a4
core   0: 3 0x000000008000ff5c (0x97ba) x15 0x00000000800120dc
core   0: 0x000000008000ff5e (0xfe043703) ld      a4, -32(s0)
core   0: 3 0x000000008000ff5e (0xfe043703) x14 0x00000000800120af mem 0x0000000080031f50
core   0: 0x000000008000ff62 (0xfcf76de3) bltu    a4, a5, pc - 38
core   0: 3 0x000000008000ff62 (0xfcf76de3)
core   0: 0x000000008000ff3c (0xfe043783) ld      a5, -32(s0)
core   0: 3 0x000000008000ff3c (0xfe043783) x15 0x00000000800120af mem 0x0000000080031f50
core   0: 0x000000008000ff40 (0x00178713) addi    a4, a5, 1
core   0: 3 0x000000008000ff40 (0x00178713) x14 0x00000000800120b0
core   0: 0x000000008000ff44 (0xfee43023) sd      a4, -32(s0)
core   0: 3 0x000000008000ff44 (0xfee43023) mem 0x0000000080031f50 0x00000000800120b0
core   0: 0x000000008000ff48 (0xfc442703) lw      a4, -60(s0)
core   0: 3 0x000000008000ff48 (0xfc442703) x14 0x0000000000000000 mem 0x0000000080031f34
core   0: 0x000000008000ff4c (0x0ff77713) andi    a4, a4, 255
core   0: 3 0x000000008000ff4c (0x0ff77713) x14 0x0000000000000000
core   0: 0x000000008000ff50 (0x00e78023) sb      a4, 0(a5)
core   0: 3 0x000000008000ff50 (0x00e78023) mem 0x00000000800120af 0x00
core   0: 0x000000008000ff54 (0xfc843703) ld      a4, -56(s0)
core   0: 3 0x000000008000ff54 (0xfc843703) x14 0x0000000080012040 mem 0x0000000080031f38
core   0: 0x000000008000ff58 (0xfb843783) ld      a5, -72(s0)
core   0: 3 0x000000008000ff58 (0xfb843783) x15 0x000000000000009c mem 0x0000000080031f28
core   0: 0x000000008000ff5c (0x000097ba) c.add   a5, a4
core   0: 3 0x000000008000ff5c (0x97ba) x15 0x00000000800120dc
core   0: 0x000000008000ff5e (0xfe043703) ld      a4, -32(s0)
core   0: 3 0x000000008000ff5e (0xfe043703) x14 0x00000000800120b0 mem 0x0000000080031f50
core   0: 0x000000008000ff62 (0xfcf76de3) bltu    a4, a5, pc - 38
core   0: 3 0x000000008000ff62 (0xfcf76de3)
core   0: 0x000000008000ff3c (0xfe043783) ld      a5, -32(s0)
core   0: 3 0x000000008000ff3c (0xfe043783) x15 0x00000000800120b0 mem 0x0000000080031f50
core   0: 0x000000008000ff40 (0x00178713) addi    a4, a5, 1
core   0: 3 0x000000008000ff40 (0x00178713) x14 0x00000000800120b1
core   0: 0x000000008000ff44 (0xfee43023) sd      a4, -32(s0)
core   0: 3 0x000000008000ff44 (0xfee43023) mem 0x0000000080031f50 0x00000000800120b1
core   0: 0x000000008000ff48 (0xfc442703) lw      a4, -60(s0)
core   0: 3 0x000000008000ff48 (0xfc442703) x14 0x0000000000000000 mem 0x0000000080031f34
core   0: 0x000000008000ff4c (0x0ff77713) andi    a4, a4, 255
core   0: 3 0x000000008000ff4c (0x0ff77713) x14 0x0000000000000000
core   0: 0x000000008000ff50 (0x00e78023) sb      a4, 0(a5)
core   0: 3 0x000000008000ff50 (0x00e78023) mem 0x00000000800120b0 0x00
core   0: 0x000000008000ff54 (0xfc843703) ld      a4, -56(s0)
core   0: 3 0x000000008000ff54 (0xfc843703) x14 0x0000000080012040 mem 0x0000000080031f38
core   0: 0x000000008000ff58 (0xfb843783) ld      a5, -72(s0)
core   0: 3 0x000000008000ff58 (0xfb843783) x15 0x000000000000009c mem 0x0000000080031f28
core   0: 0x000000008000ff5c (0x000097ba) c.add   a5, a4
core   0: 3 0x000000008000ff5c (0x97ba) x15 0x00000000800120dc
core   0: 0x000000008000ff5e (0xfe043703) ld      a4, -32(s0)
core   0: 3 0x000000008000ff5e (0xfe043703) x14 0x00000000800120b1 mem 0x0000000080031f50
core   0: 0x000000008000ff62 (0xfcf76de3) bltu    a4, a5, pc - 38
core   0: 3 0x000000008000ff62 (0xfcf76de3)
core   0: 0x000000008000ff3c (0xfe043783) ld      a5, -32(s0)
core   0: 3 0x000000008000ff3c (0xfe043783) x15 0x00000000800120b1 mem 0x0000000080031f50
core   0: 0x000000008000ff40 (0x00178713) addi    a4, a5, 1
core   0: 3 0x000000008000ff40 (0x00178713) x14 0x00000000800120b2
core   0: 0x000000008000ff44 (0xfee43023) sd      a4, -32(s0)
core   0: 3 0x000000008000ff44 (0xfee43023) mem 0x0000000080031f50 0x00000000800120b2
core   0: 0x000000008000ff48 (0xfc442703) lw      a4, -60(s0)
core   0: 3 0x000000008000ff48 (0xfc442703) x14 0x0000000000000000 mem 0x0000000080031f34
core   0: 0x000000008000ff4c (0x0ff77713) andi    a4, a4, 255
core   0: 3 0x000000008000ff4c (0x0ff77713) x14 0x0000000000000000
core   0: 0x000000008000ff50 (0x00e78023) sb      a4, 0(a5)
core   0: 3 0x000000008000ff50 (0x00e78023) mem 0x00000000800120b1 0x00
core   0: 0x000000008000ff54 (0xfc843703) ld      a4, -56(s0)
core   0: 3 0x000000008000ff54 (0xfc843703) x14 0x0000000080012040 mem 0x0000000080031f38
core   0: 0x000000008000ff58 (0xfb843783) ld      a5, -72(s0)
core   0: 3 0x000000008000ff58 (0xfb843783) x15 0x000000000000009c mem 0x0000000080031f28
core   0: 0x000000008000ff5c (0x000097ba) c.add   a5, a4
core   0: 3 0x000000008000ff5c (0x97ba) x15 0x00000000800120dc
core   0: 0x000000008000ff5e (0xfe043703) ld      a4, -32(s0)
core   0: 3 0x000000008000ff5e (0xfe043703) x14 0x00000000800120b2 mem 0x0000000080031f50
core   0: 0x000000008000ff62 (0xfcf76de3) bltu    a4, a5, pc - 38
core   0: 3 0x000000008000ff62 (0xfcf76de3)
core   0: 0x000000008000ff3c (0xfe043783) ld      a5, -32(s0)
core   0: 3 0x000000008000ff3c (0xfe043783) x15 0x00000000800120b2 mem 0x0000000080031f50
core   0: 0x000000008000ff40 (0x00178713) addi    a4, a5, 1
core   0: 3 0x000000008000ff40 (0x00178713) x14 0x00000000800120b3
core   0: 0x000000008000ff44 (0xfee43023) sd      a4, -32(s0)
core   0: 3 0x000000008000ff44 (0xfee43023) mem 0x0000000080031f50 0x00000000800120b3
core   0: 0x000000008000ff48 (0xfc442703) lw      a4, -60(s0)
core   0: 3 0x000000008000ff48 (0xfc442703) x14 0x0000000000000000 mem 0x0000000080031f34
core   0: 0x000000008000ff4c (0x0ff77713) andi    a4, a4, 255
core   0: 3 0x000000008000ff4c (0x0ff77713) x14 0x0000000000000000
core   0: 0x000000008000ff50 (0x00e78023) sb      a4, 0(a5)
core   0: 3 0x000000008000ff50 (0x00e78023) mem 0x00000000800120b2 0x00
core   0: 0x000000008000ff54 (0xfc843703) ld      a4, -56(s0)
core   0: 3 0x000000008000ff54 (0xfc843703) x14 0x0000000080012040 mem 0x0000000080031f38
core   0: 0x000000008000ff58 (0xfb843783) ld      a5, -72(s0)
core   0: 3 0x000000008000ff58 (0xfb843783) x15 0x000000000000009c mem 0x0000000080031f28
core   0: 0x000000008000ff5c (0x000097ba) c.add   a5, a4
core   0: 3 0x000000008000ff5c (0x97ba) x15 0x00000000800120dc
core   0: 0x000000008000ff5e (0xfe043703) ld      a4, -32(s0)
core   0: 3 0x000000008000ff5e (0xfe043703) x14 0x00000000800120b3 mem 0x0000000080031f50
core   0: 0x000000008000ff62 (0xfcf76de3) bltu    a4, a5, pc - 38
core   0: 3 0x000000008000ff62 (0xfcf76de3)
core   0: 0x000000008000ff3c (0xfe043783) ld      a5, -32(s0)
core   0: 3 0x000000008000ff3c (0xfe043783) x15 0x00000000800120b3 mem 0x0000000080031f50
core   0: 0x000000008000ff40 (0x00178713) addi    a4, a5, 1
core   0: 3 0x000000008000ff40 (0x00178713) x14 0x00000000800120b4
core   0: 0x000000008000ff44 (0xfee43023) sd      a4, -32(s0)
core   0: 3 0x000000008000ff44 (0xfee43023) mem 0x0000000080031f50 0x00000000800120b4
core   0: 0x000000008000ff48 (0xfc442703) lw      a4, -60(s0)
core   0: 3 0x000000008000ff48 (0xfc442703) x14 0x0000000000000000 mem 0x0000000080031f34
core   0: 0x000000008000ff4c (0x0ff77713) andi    a4, a4, 255
core   0: 3 0x000000008000ff4c (0x0ff77713) x14 0x0000000000000000
core   0: 0x000000008000ff50 (0x00e78023) sb      a4, 0(a5)
core   0: 3 0x000000008000ff50 (0x00e78023) mem 0x00000000800120b3 0x00
core   0: 0x000000008000ff54 (0xfc843703) ld      a4, -56(s0)
core   0: 3 0x000000008000ff54 (0xfc843703) x14 0x0000000080012040 mem 0x0000000080031f38
core   0: 0x000000008000ff58 (0xfb843783) ld      a5, -72(s0)
core   0: 3 0x000000008000ff58 (0xfb843783) x15 0x000000000000009c mem 0x0000000080031f28
core   0: 0x000000008000ff5c (0x000097ba) c.add   a5, a4
core   0: 3 0x000000008000ff5c (0x97ba) x15 0x00000000800120dc
core   0: 0x000000008000ff5e (0xfe043703) ld      a4, -32(s0)
core   0: 3 0x000000008000ff5e (0xfe043703) x14 0x00000000800120b4 mem 0x0000000080031f50
core   0: 0x000000008000ff62 (0xfcf76de3) bltu    a4, a5, pc - 38
core   0: 3 0x000000008000ff62 (0xfcf76de3)
core   0: 0x000000008000ff3c (0xfe043783) ld      a5, -32(s0)
core   0: 3 0x000000008000ff3c (0xfe043783) x15 0x00000000800120b4 mem 0x0000000080031f50
core   0: 0x000000008000ff40 (0x00178713) addi    a4, a5, 1
core   0: 3 0x000000008000ff40 (0x00178713) x14 0x00000000800120b5
core   0: 0x000000008000ff44 (0xfee43023) sd      a4, -32(s0)
core   0: 3 0x000000008000ff44 (0xfee43023) mem 0x0000000080031f50 0x00000000800120b5
core   0: 0x000000008000ff48 (0xfc442703) lw      a4, -60(s0)
core   0: 3 0x000000008000ff48 (0xfc442703) x14 0x0000000000000000 mem 0x0000000080031f34
core   0: 0x000000008000ff4c (0x0ff77713) andi    a4, a4, 255
core   0: 3 0x000000008000ff4c (0x0ff77713) x14 0x0000000000000000
core   0: 0x000000008000ff50 (0x00e78023) sb      a4, 0(a5)
core   0: 3 0x000000008000ff50 (0x00e78023) mem 0x00000000800120b4 0x00
core   0: 0x000000008000ff54 (0xfc843703) ld      a4, -56(s0)
core   0: 3 0x000000008000ff54 (0xfc843703) x14 0x0000000080012040 mem 0x0000000080031f38
core   0: 0x000000008000ff58 (0xfb843783) ld      a5, -72(s0)
core   0: 3 0x000000008000ff58 (0xfb843783) x15 0x000000000000009c mem 0x0000000080031f28
core   0: 0x000000008000ff5c (0x000097ba) c.add   a5, a4
core   0: 3 0x000000008000ff5c (0x97ba) x15 0x00000000800120dc
core   0: 0x000000008000ff5e (0xfe043703) ld      a4, -32(s0)
core   0: 3 0x000000008000ff5e (0xfe043703) x14 0x00000000800120b5 mem 0x0000000080031f50
core   0: 0x000000008000ff62 (0xfcf76de3) bltu    a4, a5, pc - 38
core   0: 3 0x000000008000ff62 (0xfcf76de3)
core   0: 0x000000008000ff3c (0xfe043783) ld      a5, -32(s0)
core   0: 3 0x000000008000ff3c (0xfe043783) x15 0x00000000800120b5 mem 0x0000000080031f50
core   0: 0x000000008000ff40 (0x00178713) addi    a4, a5, 1
core   0: 3 0x000000008000ff40 (0x00178713) x14 0x00000000800120b6
core   0: 0x000000008000ff44 (0xfee43023) sd      a4, -32(s0)
core   0: 3 0x000000008000ff44 (0xfee43023) mem 0x0000000080031f50 0x00000000800120b6
core   0: 0x000000008000ff48 (0xfc442703) lw      a4, -60(s0)
core   0: 3 0x000000008000ff48 (0xfc442703) x14 0x0000000000000000 mem 0x0000000080031f34
core   0: 0x000000008000ff4c (0x0ff77713) andi    a4, a4, 255
core   0: 3 0x000000008000ff4c (0x0ff77713) x14 0x0000000000000000
core   0: 0x000000008000ff50 (0x00e78023) sb      a4, 0(a5)
core   0: 3 0x000000008000ff50 (0x00e78023) mem 0x00000000800120b5 0x00
core   0: 0x000000008000ff54 (0xfc843703) ld      a4, -56(s0)
core   0: 3 0x000000008000ff54 (0xfc843703) x14 0x0000000080012040 mem 0x0000000080031f38
core   0: 0x000000008000ff58 (0xfb843783) ld      a5, -72(s0)
core   0: 3 0x000000008000ff58 (0xfb843783) x15 0x000000000000009c mem 0x0000000080031f28
core   0: 0x000000008000ff5c (0x000097ba) c.add   a5, a4
core   0: 3 0x000000008000ff5c (0x97ba) x15 0x00000000800120dc
core   0: 0x000000008000ff5e (0xfe043703) ld      a4, -32(s0)
core   0: 3 0x000000008000ff5e (0xfe043703) x14 0x00000000800120b6 mem 0x0000000080031f50
core   0: 0x000000008000ff62 (0xfcf76de3) bltu    a4, a5, pc - 38
core   0: 3 0x000000008000ff62 (0xfcf76de3)
core   0: 0x000000008000ff3c (0xfe043783) ld      a5, -32(s0)
core   0: 3 0x000000008000ff3c (0xfe043783) x15 0x00000000800120b6 mem 0x0000000080031f50
core   0: 0x000000008000ff40 (0x00178713) addi    a4, a5, 1
core   0: 3 0x000000008000ff40 (0x00178713) x14 0x00000000800120b7
core   0: 0x000000008000ff44 (0xfee43023) sd      a4, -32(s0)
core   0: 3 0x000000008000ff44 (0xfee43023) mem 0x0000000080031f50 0x00000000800120b7
core   0: 0x000000008000ff48 (0xfc442703) lw      a4, -60(s0)
core   0: 3 0x000000008000ff48 (0xfc442703) x14 0x0000000000000000 mem 0x0000000080031f34
core   0: 0x000000008000ff4c (0x0ff77713) andi    a4, a4, 255
core   0: 3 0x000000008000ff4c (0x0ff77713) x14 0x0000000000000000
core   0: 0x000000008000ff50 (0x00e78023) sb      a4, 0(a5)
core   0: 3 0x000000008000ff50 (0x00e78023) mem 0x00000000800120b6 0x00
core   0: 0x000000008000ff54 (0xfc843703) ld      a4, -56(s0)
core   0: 3 0x000000008000ff54 (0xfc843703) x14 0x0000000080012040 mem 0x0000000080031f38
core   0: 0x000000008000ff58 (0xfb843783) ld      a5, -72(s0)
core   0: 3 0x000000008000ff58 (0xfb843783) x15 0x000000000000009c mem 0x0000000080031f28
core   0: 0x000000008000ff5c (0x000097ba) c.add   a5, a4
core   0: 3 0x000000008000ff5c (0x97ba) x15 0x00000000800120dc
core   0: 0x000000008000ff5e (0xfe043703) ld      a4, -32(s0)
core   0: 3 0x000000008000ff5e (0xfe043703) x14 0x00000000800120b7 mem 0x0000000080031f50
core   0: 0x000000008000ff62 (0xfcf76de3) bltu    a4, a5, pc - 38
core   0: 3 0x000000008000ff62 (0xfcf76de3)
core   0: 0x000000008000ff3c (0xfe043783) ld      a5, -32(s0)
core   0: 3 0x000000008000ff3c (0xfe043783) x15 0x00000000800120b7 mem 0x0000000080031f50
core   0: 0x000000008000ff40 (0x00178713) addi    a4, a5, 1
core   0: 3 0x000000008000ff40 (0x00178713) x14 0x00000000800120b8
core   0: 0x000000008000ff44 (0xfee43023) sd      a4, -32(s0)
core   0: 3 0x000000008000ff44 (0xfee43023) mem 0x0000000080031f50 0x00000000800120b8
core   0: 0x000000008000ff48 (0xfc442703) lw      a4, -60(s0)
core   0: 3 0x000000008000ff48 (0xfc442703) x14 0x0000000000000000 mem 0x0000000080031f34
core   0: 0x000000008000ff4c (0x0ff77713) andi    a4, a4, 255
core   0: 3 0x000000008000ff4c (0x0ff77713) x14 0x0000000000000000
core   0: 0x000000008000ff50 (0x00e78023) sb      a4, 0(a5)
core   0: 3 0x000000008000ff50 (0x00e78023) mem 0x00000000800120b7 0x00
core   0: 0x000000008000ff54 (0xfc843703) ld      a4, -56(s0)
core   0: 3 0x000000008000ff54 (0xfc843703) x14 0x0000000080012040 mem 0x0000000080031f38
core   0: 0x000000008000ff58 (0xfb843783) ld      a5, -72(s0)
core   0: 3 0x000000008000ff58 (0xfb843783) x15 0x000000000000009c mem 0x0000000080031f28
core   0: 0x000000008000ff5c (0x000097ba) c.add   a5, a4
core   0: 3 0x000000008000ff5c (0x97ba) x15 0x00000000800120dc
core   0: 0x000000008000ff5e (0xfe043703) ld      a4, -32(s0)
core   0: 3 0x000000008000ff5e (0xfe043703) x14 0x00000000800120b8 mem 0x0000000080031f50
core   0: 0x000000008000ff62 (0xfcf76de3) bltu    a4, a5, pc - 38
core   0: 3 0x000000008000ff62 (0xfcf76de3)
core   0: 0x000000008000ff3c (0xfe043783) ld      a5, -32(s0)
core   0: 3 0x000000008000ff3c (0xfe043783) x15 0x00000000800120b8 mem 0x0000000080031f50
core   0: 0x000000008000ff40 (0x00178713) addi    a4, a5, 1
core   0: 3 0x000000008000ff40 (0x00178713) x14 0x00000000800120b9
core   0: 0x000000008000ff44 (0xfee43023) sd      a4, -32(s0)
core   0: 3 0x000000008000ff44 (0xfee43023) mem 0x0000000080031f50 0x00000000800120b9
core   0: 0x000000008000ff48 (0xfc442703) lw      a4, -60(s0)
core   0: 3 0x000000008000ff48 (0xfc442703) x14 0x0000000000000000 mem 0x0000000080031f34
core   0: 0x000000008000ff4c (0x0ff77713) andi    a4, a4, 255
core   0: 3 0x000000008000ff4c (0x0ff77713) x14 0x0000000000000000
core   0: 0x000000008000ff50 (0x00e78023) sb      a4, 0(a5)
core   0: 3 0x000000008000ff50 (0x00e78023) mem 0x00000000800120b8 0x00
core   0: 0x000000008000ff54 (0xfc843703) ld      a4, -56(s0)
core   0: 3 0x000000008000ff54 (0xfc843703) x14 0x0000000080012040 mem 0x0000000080031f38
core   0: 0x000000008000ff58 (0xfb843783) ld      a5, -72(s0)
core   0: 3 0x000000008000ff58 (0xfb843783) x15 0x000000000000009c mem 0x0000000080031f28
core   0: 0x000000008000ff5c (0x000097ba) c.add   a5, a4
core   0: 3 0x000000008000ff5c (0x97ba) x15 0x00000000800120dc
core   0: 0x000000008000ff5e (0xfe043703) ld      a4, -32(s0)
core   0: 3 0x000000008000ff5e (0xfe043703) x14 0x00000000800120b9 mem 0x0000000080031f50
core   0: 0x000000008000ff62 (0xfcf76de3) bltu    a4, a5, pc - 38
core   0: 3 0x000000008000ff62 (0xfcf76de3)
core   0: 0x000000008000ff3c (0xfe043783) ld      a5, -32(s0)
core   0: 3 0x000000008000ff3c (0xfe043783) x15 0x00000000800120b9 mem 0x0000000080031f50
core   0: 0x000000008000ff40 (0x00178713) addi    a4, a5, 1
core   0: 3 0x000000008000ff40 (0x00178713) x14 0x00000000800120ba
core   0: 0x000000008000ff44 (0xfee43023) sd      a4, -32(s0)
core   0: 3 0x000000008000ff44 (0xfee43023) mem 0x0000000080031f50 0x00000000800120ba
core   0: 0x000000008000ff48 (0xfc442703) lw      a4, -60(s0)
core   0: 3 0x000000008000ff48 (0xfc442703) x14 0x0000000000000000 mem 0x0000000080031f34
core   0: 0x000000008000ff4c (0x0ff77713) andi    a4, a4, 255
core   0: 3 0x000000008000ff4c (0x0ff77713) x14 0x0000000000000000
core   0: 0x000000008000ff50 (0x00e78023) sb      a4, 0(a5)
core   0: 3 0x000000008000ff50 (0x00e78023) mem 0x00000000800120b9 0x00
core   0: 0x000000008000ff54 (0xfc843703) ld      a4, -56(s0)
core   0: 3 0x000000008000ff54 (0xfc843703) x14 0x0000000080012040 mem 0x0000000080031f38
core   0: 0x000000008000ff58 (0xfb843783) ld      a5, -72(s0)
core   0: 3 0x000000008000ff58 (0xfb843783) x15 0x000000000000009c mem 0x0000000080031f28
core   0: 0x000000008000ff5c (0x000097ba) c.add   a5, a4
core   0: 3 0x000000008000ff5c (0x97ba) x15 0x00000000800120dc
core   0: 0x000000008000ff5e (0xfe043703) ld      a4, -32(s0)
core   0: 3 0x000000008000ff5e (0xfe043703) x14 0x00000000800120ba mem 0x0000000080031f50
core   0: 0x000000008000ff62 (0xfcf76de3) bltu    a4, a5, pc - 38
core   0: 3 0x000000008000ff62 (0xfcf76de3)
core   0: 0x000000008000ff3c (0xfe043783) ld      a5, -32(s0)
core   0: 3 0x000000008000ff3c (0xfe043783) x15 0x00000000800120ba mem 0x0000000080031f50
core   0: 0x000000008000ff40 (0x00178713) addi    a4, a5, 1
core   0: 3 0x000000008000ff40 (0x00178713) x14 0x00000000800120bb
core   0: 0x000000008000ff44 (0xfee43023) sd      a4, -32(s0)
core   0: 3 0x000000008000ff44 (0xfee43023) mem 0x0000000080031f50 0x00000000800120bb
core   0: 0x000000008000ff48 (0xfc442703) lw      a4, -60(s0)
core   0: 3 0x000000008000ff48 (0xfc442703) x14 0x0000000000000000 mem 0x0000000080031f34
core   0: 0x000000008000ff4c (0x0ff77713) andi    a4, a4, 255
core   0: 3 0x000000008000ff4c (0x0ff77713) x14 0x0000000000000000
core   0: 0x000000008000ff50 (0x00e78023) sb      a4, 0(a5)
core   0: 3 0x000000008000ff50 (0x00e78023) mem 0x00000000800120ba 0x00
core   0: 0x000000008000ff54 (0xfc843703) ld      a4, -56(s0)
core   0: 3 0x000000008000ff54 (0xfc843703) x14 0x0000000080012040 mem 0x0000000080031f38
core   0: 0x000000008000ff58 (0xfb843783) ld      a5, -72(s0)
core   0: 3 0x000000008000ff58 (0xfb843783) x15 0x000000000000009c mem 0x0000000080031f28
core   0: 0x000000008000ff5c (0x000097ba) c.add   a5, a4
core   0: 3 0x000000008000ff5c (0x97ba) x15 0x00000000800120dc
core   0: 0x000000008000ff5e (0xfe043703) ld      a4, -32(s0)
core   0: 3 0x000000008000ff5e (0xfe043703) x14 0x00000000800120bb mem 0x0000000080031f50
core   0: 0x000000008000ff62 (0xfcf76de3) bltu    a4, a5, pc - 38
core   0: 3 0x000000008000ff62 (0xfcf76de3)
core   0: 0x000000008000ff3c (0xfe043783) ld      a5, -32(s0)
core   0: 3 0x000000008000ff3c (0xfe043783) x15 0x00000000800120bb mem 0x0000000080031f50
core   0: 0x000000008000ff40 (0x00178713) addi    a4, a5, 1
core   0: 3 0x000000008000ff40 (0x00178713) x14 0x00000000800120bc
core   0: 0x000000008000ff44 (0xfee43023) sd      a4, -32(s0)
core   0: 3 0x000000008000ff44 (0xfee43023) mem 0x0000000080031f50 0x00000000800120bc
core   0: 0x000000008000ff48 (0xfc442703) lw      a4, -60(s0)
core   0: 3 0x000000008000ff48 (0xfc442703) x14 0x0000000000000000 mem 0x0000000080031f34
core   0: 0x000000008000ff4c (0x0ff77713) andi    a4, a4, 255
core   0: 3 0x000000008000ff4c (0x0ff77713) x14 0x0000000000000000
core   0: 0x000000008000ff50 (0x00e78023) sb      a4, 0(a5)
core   0: 3 0x000000008000ff50 (0x00e78023) mem 0x00000000800120bb 0x00
core   0: 0x000000008000ff54 (0xfc843703) ld      a4, -56(s0)
core   0: 3 0x000000008000ff54 (0xfc843703) x14 0x0000000080012040 mem 0x0000000080031f38
core   0: 0x000000008000ff58 (0xfb843783) ld      a5, -72(s0)
core   0: 3 0x000000008000ff58 (0xfb843783) x15 0x000000000000009c mem 0x0000000080031f28
core   0: 0x000000008000ff5c (0x000097ba) c.add   a5, a4
core   0: 3 0x000000008000ff5c (0x97ba) x15 0x00000000800120dc
core   0: 0x000000008000ff5e (0xfe043703) ld      a4, -32(s0)
core   0: 3 0x000000008000ff5e (0xfe043703) x14 0x00000000800120bc mem 0x0000000080031f50
core   0: 0x000000008000ff62 (0xfcf76de3) bltu    a4, a5, pc - 38
core   0: 3 0x000000008000ff62 (0xfcf76de3)
core   0: 0x000000008000ff3c (0xfe043783) ld      a5, -32(s0)
core   0: 3 0x000000008000ff3c (0xfe043783) x15 0x00000000800120bc mem 0x0000000080031f50
core   0: 0x000000008000ff40 (0x00178713) addi    a4, a5, 1
core   0: 3 0x000000008000ff40 (0x00178713) x14 0x00000000800120bd
core   0: 0x000000008000ff44 (0xfee43023) sd      a4, -32(s0)
core   0: 3 0x000000008000ff44 (0xfee43023) mem 0x0000000080031f50 0x00000000800120bd
core   0: 0x000000008000ff48 (0xfc442703) lw      a4, -60(s0)
core   0: 3 0x000000008000ff48 (0xfc442703) x14 0x0000000000000000 mem 0x0000000080031f34
core   0: 0x000000008000ff4c (0x0ff77713) andi    a4, a4, 255
core   0: 3 0x000000008000ff4c (0x0ff77713) x14 0x0000000000000000
core   0: 0x000000008000ff50 (0x00e78023) sb      a4, 0(a5)
core   0: 3 0x000000008000ff50 (0x00e78023) mem 0x00000000800120bc 0x00
core   0: 0x000000008000ff54 (0xfc843703) ld      a4, -56(s0)
core   0: 3 0x000000008000ff54 (0xfc843703) x14 0x0000000080012040 mem 0x0000000080031f38
core   0: 0x000000008000ff58 (0xfb843783) ld      a5, -72(s0)
core   0: 3 0x000000008000ff58 (0xfb843783) x15 0x000000000000009c mem 0x0000000080031f28
core   0: 0x000000008000ff5c (0x000097ba) c.add   a5, a4
core   0: 3 0x000000008000ff5c (0x97ba) x15 0x00000000800120dc
core   0: 0x000000008000ff5e (0xfe043703) ld      a4, -32(s0)
core   0: 3 0x000000008000ff5e (0xfe043703) x14 0x00000000800120bd mem 0x0000000080031f50
core   0: 0x000000008000ff62 (0xfcf76de3) bltu    a4, a5, pc - 38
core   0: 3 0x000000008000ff62 (0xfcf76de3)
core   0: 0x000000008000ff3c (0xfe043783) ld      a5, -32(s0)
core   0: 3 0x000000008000ff3c (0xfe043783) x15 0x00000000800120bd mem 0x0000000080031f50
core   0: 0x000000008000ff40 (0x00178713) addi    a4, a5, 1
core   0: 3 0x000000008000ff40 (0x00178713) x14 0x00000000800120be
core   0: 0x000000008000ff44 (0xfee43023) sd      a4, -32(s0)
core   0: 3 0x000000008000ff44 (0xfee43023) mem 0x0000000080031f50 0x00000000800120be
core   0: 0x000000008000ff48 (0xfc442703) lw      a4, -60(s0)
core   0: 3 0x000000008000ff48 (0xfc442703) x14 0x0000000000000000 mem 0x0000000080031f34
core   0: 0x000000008000ff4c (0x0ff77713) andi    a4, a4, 255
core   0: 3 0x000000008000ff4c (0x0ff77713) x14 0x0000000000000000
core   0: 0x000000008000ff50 (0x00e78023) sb      a4, 0(a5)
core   0: 3 0x000000008000ff50 (0x00e78023) mem 0x00000000800120bd 0x00
core   0: 0x000000008000ff54 (0xfc843703) ld      a4, -56(s0)
core   0: 3 0x000000008000ff54 (0xfc843703) x14 0x0000000080012040 mem 0x0000000080031f38
core   0: 0x000000008000ff58 (0xfb843783) ld      a5, -72(s0)
core   0: 3 0x000000008000ff58 (0xfb843783) x15 0x000000000000009c mem 0x0000000080031f28
core   0: 0x000000008000ff5c (0x000097ba) c.add   a5, a4
core   0: 3 0x000000008000ff5c (0x97ba) x15 0x00000000800120dc
core   0: 0x000000008000ff5e (0xfe043703) ld      a4, -32(s0)
core   0: 3 0x000000008000ff5e (0xfe043703) x14 0x00000000800120be mem 0x0000000080031f50
core   0: 0x000000008000ff62 (0xfcf76de3) bltu    a4, a5, pc - 38
core   0: 3 0x000000008000ff62 (0xfcf76de3)
core   0: 0x000000008000ff3c (0xfe043783) ld      a5, -32(s0)
core   0: 3 0x000000008000ff3c (0xfe043783) x15 0x00000000800120be mem 0x0000000080031f50
core   0: 0x000000008000ff40 (0x00178713) addi    a4, a5, 1
core   0: 3 0x000000008000ff40 (0x00178713) x14 0x00000000800120bf
core   0: 0x000000008000ff44 (0xfee43023) sd      a4, -32(s0)
core   0: 3 0x000000008000ff44 (0xfee43023) mem 0x0000000080031f50 0x00000000800120bf
core   0: 0x000000008000ff48 (0xfc442703) lw      a4, -60(s0)
core   0: 3 0x000000008000ff48 (0xfc442703) x14 0x0000000000000000 mem 0x0000000080031f34
core   0: 0x000000008000ff4c (0x0ff77713) andi    a4, a4, 255
core   0: 3 0x000000008000ff4c (0x0ff77713) x14 0x0000000000000000
core   0: 0x000000008000ff50 (0x00e78023) sb      a4, 0(a5)
core   0: 3 0x000000008000ff50 (0x00e78023) mem 0x00000000800120be 0x00
core   0: 0x000000008000ff54 (0xfc843703) ld      a4, -56(s0)
core   0: 3 0x000000008000ff54 (0xfc843703) x14 0x0000000080012040 mem 0x0000000080031f38
core   0: 0x000000008000ff58 (0xfb843783) ld      a5, -72(s0)
core   0: 3 0x000000008000ff58 (0xfb843783) x15 0x000000000000009c mem 0x0000000080031f28
core   0: 0x000000008000ff5c (0x000097ba) c.add   a5, a4
core   0: 3 0x000000008000ff5c (0x97ba) x15 0x00000000800120dc
core   0: 0x000000008000ff5e (0xfe043703) ld      a4, -32(s0)
core   0: 3 0x000000008000ff5e (0xfe043703) x14 0x00000000800120bf mem 0x0000000080031f50
core   0: 0x000000008000ff62 (0xfcf76de3) bltu    a4, a5, pc - 38
core   0: 3 0x000000008000ff62 (0xfcf76de3)
core   0: 0x000000008000ff3c (0xfe043783) ld      a5, -32(s0)
core   0: 3 0x000000008000ff3c (0xfe043783) x15 0x00000000800120bf mem 0x0000000080031f50
core   0: 0x000000008000ff40 (0x00178713) addi    a4, a5, 1
core   0: 3 0x000000008000ff40 (0x00178713) x14 0x00000000800120c0
core   0: 0x000000008000ff44 (0xfee43023) sd      a4, -32(s0)
core   0: 3 0x000000008000ff44 (0xfee43023) mem 0x0000000080031f50 0x00000000800120c0
core   0: 0x000000008000ff48 (0xfc442703) lw      a4, -60(s0)
core   0: 3 0x000000008000ff48 (0xfc442703) x14 0x0000000000000000 mem 0x0000000080031f34
core   0: 0x000000008000ff4c (0x0ff77713) andi    a4, a4, 255
core   0: 3 0x000000008000ff4c (0x0ff77713) x14 0x0000000000000000
core   0: 0x000000008000ff50 (0x00e78023) sb      a4, 0(a5)
core   0: 3 0x000000008000ff50 (0x00e78023) mem 0x00000000800120bf 0x00
core   0: 0x000000008000ff54 (0xfc843703) ld      a4, -56(s0)
core   0: 3 0x000000008000ff54 (0xfc843703) x14 0x0000000080012040 mem 0x0000000080031f38
core   0: 0x000000008000ff58 (0xfb843783) ld      a5, -72(s0)
core   0: 3 0x000000008000ff58 (0xfb843783) x15 0x000000000000009c mem 0x0000000080031f28
core   0: 0x000000008000ff5c (0x000097ba) c.add   a5, a4
core   0: 3 0x000000008000ff5c (0x97ba) x15 0x00000000800120dc
core   0: 0x000000008000ff5e (0xfe043703) ld      a4, -32(s0)
core   0: 3 0x000000008000ff5e (0xfe043703) x14 0x00000000800120c0 mem 0x0000000080031f50
core   0: 0x000000008000ff62 (0xfcf76de3) bltu    a4, a5, pc - 38
core   0: 3 0x000000008000ff62 (0xfcf76de3)
core   0: 0x000000008000ff3c (0xfe043783) ld      a5, -32(s0)
core   0: 3 0x000000008000ff3c (0xfe043783) x15 0x00000000800120c0 mem 0x0000000080031f50
core   0: 0x000000008000ff40 (0x00178713) addi    a4, a5, 1
core   0: 3 0x000000008000ff40 (0x00178713) x14 0x00000000800120c1
core   0: 0x000000008000ff44 (0xfee43023) sd      a4, -32(s0)
core   0: 3 0x000000008000ff44 (0xfee43023) mem 0x0000000080031f50 0x00000000800120c1
core   0: 0x000000008000ff48 (0xfc442703) lw      a4, -60(s0)
core   0: 3 0x000000008000ff48 (0xfc442703) x14 0x0000000000000000 mem 0x0000000080031f34
core   0: 0x000000008000ff4c (0x0ff77713) andi    a4, a4, 255
core   0: 3 0x000000008000ff4c (0x0ff77713) x14 0x0000000000000000
core   0: 0x000000008000ff50 (0x00e78023) sb      a4, 0(a5)
core   0: 3 0x000000008000ff50 (0x00e78023) mem 0x00000000800120c0 0x00
core   0: 0x000000008000ff54 (0xfc843703) ld      a4, -56(s0)
core   0: 3 0x000000008000ff54 (0xfc843703) x14 0x0000000080012040 mem 0x0000000080031f38
core   0: 0x000000008000ff58 (0xfb843783) ld      a5, -72(s0)
core   0: 3 0x000000008000ff58 (0xfb843783) x15 0x000000000000009c mem 0x0000000080031f28
core   0: 0x000000008000ff5c (0x000097ba) c.add   a5, a4
core   0: 3 0x000000008000ff5c (0x97ba) x15 0x00000000800120dc
core   0: 0x000000008000ff5e (0xfe043703) ld      a4, -32(s0)
core   0: 3 0x000000008000ff5e (0xfe043703) x14 0x00000000800120c1 mem 0x0000000080031f50
core   0: 0x000000008000ff62 (0xfcf76de3) bltu    a4, a5, pc - 38
core   0: 3 0x000000008000ff62 (0xfcf76de3)
core   0: 0x000000008000ff3c (0xfe043783) ld      a5, -32(s0)
core   0: 3 0x000000008000ff3c (0xfe043783) x15 0x00000000800120c1 mem 0x0000000080031f50
core   0: 0x000000008000ff40 (0x00178713) addi    a4, a5, 1
core   0: 3 0x000000008000ff40 (0x00178713) x14 0x00000000800120c2
core   0: 0x000000008000ff44 (0xfee43023) sd      a4, -32(s0)
core   0: 3 0x000000008000ff44 (0xfee43023) mem 0x0000000080031f50 0x00000000800120c2
core   0: 0x000000008000ff48 (0xfc442703) lw      a4, -60(s0)
core   0: 3 0x000000008000ff48 (0xfc442703) x14 0x0000000000000000 mem 0x0000000080031f34
core   0: 0x000000008000ff4c (0x0ff77713) andi    a4, a4, 255
core   0: 3 0x000000008000ff4c (0x0ff77713) x14 0x0000000000000000
core   0: 0x000000008000ff50 (0x00e78023) sb      a4, 0(a5)
core   0: 3 0x000000008000ff50 (0x00e78023) mem 0x00000000800120c1 0x00
core   0: 0x000000008000ff54 (0xfc843703) ld      a4, -56(s0)
core   0: 3 0x000000008000ff54 (0xfc843703) x14 0x0000000080012040 mem 0x0000000080031f38
core   0: 0x000000008000ff58 (0xfb843783) ld      a5, -72(s0)
core   0: 3 0x000000008000ff58 (0xfb843783) x15 0x000000000000009c mem 0x0000000080031f28
core   0: 0x000000008000ff5c (0x000097ba) c.add   a5, a4
core   0: 3 0x000000008000ff5c (0x97ba) x15 0x00000000800120dc
core   0: 0x000000008000ff5e (0xfe043703) ld      a4, -32(s0)
core   0: 3 0x000000008000ff5e (0xfe043703) x14 0x00000000800120c2 mem 0x0000000080031f50
core   0: 0x000000008000ff62 (0xfcf76de3) bltu    a4, a5, pc - 38
core   0: 3 0x000000008000ff62 (0xfcf76de3)
core   0: 0x000000008000ff3c (0xfe043783) ld      a5, -32(s0)
core   0: 3 0x000000008000ff3c (0xfe043783) x15 0x00000000800120c2 mem 0x0000000080031f50
core   0: 0x000000008000ff40 (0x00178713) addi    a4, a5, 1
core   0: 3 0x000000008000ff40 (0x00178713) x14 0x00000000800120c3
core   0: 0x000000008000ff44 (0xfee43023) sd      a4, -32(s0)
core   0: 3 0x000000008000ff44 (0xfee43023) mem 0x0000000080031f50 0x00000000800120c3
core   0: 0x000000008000ff48 (0xfc442703) lw      a4, -60(s0)
core   0: 3 0x000000008000ff48 (0xfc442703) x14 0x0000000000000000 mem 0x0000000080031f34
core   0: 0x000000008000ff4c (0x0ff77713) andi    a4, a4, 255
core   0: 3 0x000000008000ff4c (0x0ff77713) x14 0x0000000000000000
core   0: 0x000000008000ff50 (0x00e78023) sb      a4, 0(a5)
core   0: 3 0x000000008000ff50 (0x00e78023) mem 0x00000000800120c2 0x00
core   0: 0x000000008000ff54 (0xfc843703) ld      a4, -56(s0)
core   0: 3 0x000000008000ff54 (0xfc843703) x14 0x0000000080012040 mem 0x0000000080031f38
core   0: 0x000000008000ff58 (0xfb843783) ld      a5, -72(s0)
core   0: 3 0x000000008000ff58 (0xfb843783) x15 0x000000000000009c mem 0x0000000080031f28
core   0: 0x000000008000ff5c (0x000097ba) c.add   a5, a4
core   0: 3 0x000000008000ff5c (0x97ba) x15 0x00000000800120dc
core   0: 0x000000008000ff5e (0xfe043703) ld      a4, -32(s0)
core   0: 3 0x000000008000ff5e (0xfe043703) x14 0x00000000800120c3 mem 0x0000000080031f50
core   0: 0x000000008000ff62 (0xfcf76de3) bltu    a4, a5, pc - 38
core   0: 3 0x000000008000ff62 (0xfcf76de3)
core   0: 0x000000008000ff3c (0xfe043783) ld      a5, -32(s0)
core   0: 3 0x000000008000ff3c (0xfe043783) x15 0x00000000800120c3 mem 0x0000000080031f50
core   0: 0x000000008000ff40 (0x00178713) addi    a4, a5, 1
core   0: 3 0x000000008000ff40 (0x00178713) x14 0x00000000800120c4
core   0: 0x000000008000ff44 (0xfee43023) sd      a4, -32(s0)
core   0: 3 0x000000008000ff44 (0xfee43023) mem 0x0000000080031f50 0x00000000800120c4
core   0: 0x000000008000ff48 (0xfc442703) lw      a4, -60(s0)
core   0: 3 0x000000008000ff48 (0xfc442703) x14 0x0000000000000000 mem 0x0000000080031f34
core   0: 0x000000008000ff4c (0x0ff77713) andi    a4, a4, 255
core   0: 3 0x000000008000ff4c (0x0ff77713) x14 0x0000000000000000
core   0: 0x000000008000ff50 (0x00e78023) sb      a4, 0(a5)
core   0: 3 0x000000008000ff50 (0x00e78023) mem 0x00000000800120c3 0x00
core   0: 0x000000008000ff54 (0xfc843703) ld      a4, -56(s0)
core   0: 3 0x000000008000ff54 (0xfc843703) x14 0x0000000080012040 mem 0x0000000080031f38
core   0: 0x000000008000ff58 (0xfb843783) ld      a5, -72(s0)
core   0: 3 0x000000008000ff58 (0xfb843783) x15 0x000000000000009c mem 0x0000000080031f28
core   0: 0x000000008000ff5c (0x000097ba) c.add   a5, a4
core   0: 3 0x000000008000ff5c (0x97ba) x15 0x00000000800120dc
core   0: 0x000000008000ff5e (0xfe043703) ld      a4, -32(s0)
core   0: 3 0x000000008000ff5e (0xfe043703) x14 0x00000000800120c4 mem 0x0000000080031f50
core   0: 0x000000008000ff62 (0xfcf76de3) bltu    a4, a5, pc - 38
core   0: 3 0x000000008000ff62 (0xfcf76de3)
core   0: 0x000000008000ff3c (0xfe043783) ld      a5, -32(s0)
core   0: 3 0x000000008000ff3c (0xfe043783) x15 0x00000000800120c4 mem 0x0000000080031f50
core   0: 0x000000008000ff40 (0x00178713) addi    a4, a5, 1
core   0: 3 0x000000008000ff40 (0x00178713) x14 0x00000000800120c5
core   0: 0x000000008000ff44 (0xfee43023) sd      a4, -32(s0)
core   0: 3 0x000000008000ff44 (0xfee43023) mem 0x0000000080031f50 0x00000000800120c5
core   0: 0x000000008000ff48 (0xfc442703) lw      a4, -60(s0)
core   0: 3 0x000000008000ff48 (0xfc442703) x14 0x0000000000000000 mem 0x0000000080031f34
core   0: 0x000000008000ff4c (0x0ff77713) andi    a4, a4, 255
core   0: 3 0x000000008000ff4c (0x0ff77713) x14 0x0000000000000000
core   0: 0x000000008000ff50 (0x00e78023) sb      a4, 0(a5)
core   0: 3 0x000000008000ff50 (0x00e78023) mem 0x00000000800120c4 0x00
core   0: 0x000000008000ff54 (0xfc843703) ld      a4, -56(s0)
core   0: 3 0x000000008000ff54 (0xfc843703) x14 0x0000000080012040 mem 0x0000000080031f38
core   0: 0x000000008000ff58 (0xfb843783) ld      a5, -72(s0)
core   0: 3 0x000000008000ff58 (0xfb843783) x15 0x000000000000009c mem 0x0000000080031f28
core   0: 0x000000008000ff5c (0x000097ba) c.add   a5, a4
core   0: 3 0x000000008000ff5c (0x97ba) x15 0x00000000800120dc
core   0: 0x000000008000ff5e (0xfe043703) ld      a4, -32(s0)
core   0: 3 0x000000008000ff5e (0xfe043703) x14 0x00000000800120c5 mem 0x0000000080031f50
core   0: 0x000000008000ff62 (0xfcf76de3) bltu    a4, a5, pc - 38
core   0: 3 0x000000008000ff62 (0xfcf76de3)
core   0: 0x000000008000ff3c (0xfe043783) ld      a5, -32(s0)
core   0: 3 0x000000008000ff3c (0xfe043783) x15 0x00000000800120c5 mem 0x0000000080031f50
core   0: 0x000000008000ff40 (0x00178713) addi    a4, a5, 1
core   0: 3 0x000000008000ff40 (0x00178713) x14 0x00000000800120c6
core   0: 0x000000008000ff44 (0xfee43023) sd      a4, -32(s0)
core   0: 3 0x000000008000ff44 (0xfee43023) mem 0x0000000080031f50 0x00000000800120c6
core   0: 0x000000008000ff48 (0xfc442703) lw      a4, -60(s0)
core   0: 3 0x000000008000ff48 (0xfc442703) x14 0x0000000000000000 mem 0x0000000080031f34
core   0: 0x000000008000ff4c (0x0ff77713) andi    a4, a4, 255
core   0: 3 0x000000008000ff4c (0x0ff77713) x14 0x0000000000000000
core   0: 0x000000008000ff50 (0x00e78023) sb      a4, 0(a5)
core   0: 3 0x000000008000ff50 (0x00e78023) mem 0x00000000800120c5 0x00
core   0: 0x000000008000ff54 (0xfc843703) ld      a4, -56(s0)
core   0: 3 0x000000008000ff54 (0xfc843703) x14 0x0000000080012040 mem 0x0000000080031f38
core   0: 0x000000008000ff58 (0xfb843783) ld      a5, -72(s0)
core   0: 3 0x000000008000ff58 (0xfb843783) x15 0x000000000000009c mem 0x0000000080031f28
core   0: 0x000000008000ff5c (0x000097ba) c.add   a5, a4
core   0: 3 0x000000008000ff5c (0x97ba) x15 0x00000000800120dc
core   0: 0x000000008000ff5e (0xfe043703) ld      a4, -32(s0)
core   0: 3 0x000000008000ff5e (0xfe043703) x14 0x00000000800120c6 mem 0x0000000080031f50
core   0: 0x000000008000ff62 (0xfcf76de3) bltu    a4, a5, pc - 38
core   0: 3 0x000000008000ff62 (0xfcf76de3)
core   0: 0x000000008000ff3c (0xfe043783) ld      a5, -32(s0)
core   0: 3 0x000000008000ff3c (0xfe043783) x15 0x00000000800120c6 mem 0x0000000080031f50
core   0: 0x000000008000ff40 (0x00178713) addi    a4, a5, 1
core   0: 3 0x000000008000ff40 (0x00178713) x14 0x00000000800120c7
core   0: 0x000000008000ff44 (0xfee43023) sd      a4, -32(s0)
core   0: 3 0x000000008000ff44 (0xfee43023) mem 0x0000000080031f50 0x00000000800120c7
core   0: 0x000000008000ff48 (0xfc442703) lw      a4, -60(s0)
core   0: 3 0x000000008000ff48 (0xfc442703) x14 0x0000000000000000 mem 0x0000000080031f34
core   0: 0x000000008000ff4c (0x0ff77713) andi    a4, a4, 255
core   0: 3 0x000000008000ff4c (0x0ff77713) x14 0x0000000000000000
core   0: 0x000000008000ff50 (0x00e78023) sb      a4, 0(a5)
core   0: 3 0x000000008000ff50 (0x00e78023) mem 0x00000000800120c6 0x00
core   0: 0x000000008000ff54 (0xfc843703) ld      a4, -56(s0)
core   0: 3 0x000000008000ff54 (0xfc843703) x14 0x0000000080012040 mem 0x0000000080031f38
core   0: 0x000000008000ff58 (0xfb843783) ld      a5, -72(s0)
core   0: 3 0x000000008000ff58 (0xfb843783) x15 0x000000000000009c mem 0x0000000080031f28
core   0: 0x000000008000ff5c (0x000097ba) c.add   a5, a4
core   0: 3 0x000000008000ff5c (0x97ba) x15 0x00000000800120dc
core   0: 0x000000008000ff5e (0xfe043703) ld      a4, -32(s0)
core   0: 3 0x000000008000ff5e (0xfe043703) x14 0x00000000800120c7 mem 0x0000000080031f50
core   0: 0x000000008000ff62 (0xfcf76de3) bltu    a4, a5, pc - 38
core   0: 3 0x000000008000ff62 (0xfcf76de3)
core   0: 0x000000008000ff3c (0xfe043783) ld      a5, -32(s0)
core   0: 3 0x000000008000ff3c (0xfe043783) x15 0x00000000800120c7 mem 0x0000000080031f50
core   0: 0x000000008000ff40 (0x00178713) addi    a4, a5, 1
core   0: 3 0x000000008000ff40 (0x00178713) x14 0x00000000800120c8
core   0: 0x000000008000ff44 (0xfee43023) sd      a4, -32(s0)
core   0: 3 0x000000008000ff44 (0xfee43023) mem 0x0000000080031f50 0x00000000800120c8
core   0: 0x000000008000ff48 (0xfc442703) lw      a4, -60(s0)
core   0: 3 0x000000008000ff48 (0xfc442703) x14 0x0000000000000000 mem 0x0000000080031f34
core   0: 0x000000008000ff4c (0x0ff77713) andi    a4, a4, 255
core   0: 3 0x000000008000ff4c (0x0ff77713) x14 0x0000000000000000
core   0: 0x000000008000ff50 (0x00e78023) sb      a4, 0(a5)
core   0: 3 0x000000008000ff50 (0x00e78023) mem 0x00000000800120c7 0x00
core   0: 0x000000008000ff54 (0xfc843703) ld      a4, -56(s0)
core   0: 3 0x000000008000ff54 (0xfc843703) x14 0x0000000080012040 mem 0x0000000080031f38
core   0: 0x000000008000ff58 (0xfb843783) ld      a5, -72(s0)
core   0: 3 0x000000008000ff58 (0xfb843783) x15 0x000000000000009c mem 0x0000000080031f28
core   0: 0x000000008000ff5c (0x000097ba) c.add   a5, a4
core   0: 3 0x000000008000ff5c (0x97ba) x15 0x00000000800120dc
core   0: 0x000000008000ff5e (0xfe043703) ld      a4, -32(s0)
core   0: 3 0x000000008000ff5e (0xfe043703) x14 0x00000000800120c8 mem 0x0000000080031f50
core   0: 0x000000008000ff62 (0xfcf76de3) bltu    a4, a5, pc - 38
core   0: 3 0x000000008000ff62 (0xfcf76de3)
core   0: 0x000000008000ff3c (0xfe043783) ld      a5, -32(s0)
core   0: 3 0x000000008000ff3c (0xfe043783) x15 0x00000000800120c8 mem 0x0000000080031f50
core   0: 0x000000008000ff40 (0x00178713) addi    a4, a5, 1
core   0: 3 0x000000008000ff40 (0x00178713) x14 0x00000000800120c9
core   0: 0x000000008000ff44 (0xfee43023) sd      a4, -32(s0)
core   0: 3 0x000000008000ff44 (0xfee43023) mem 0x0000000080031f50 0x00000000800120c9
core   0: 0x000000008000ff48 (0xfc442703) lw      a4, -60(s0)
core   0: 3 0x000000008000ff48 (0xfc442703) x14 0x0000000000000000 mem 0x0000000080031f34
core   0: 0x000000008000ff4c (0x0ff77713) andi    a4, a4, 255
core   0: 3 0x000000008000ff4c (0x0ff77713) x14 0x0000000000000000
core   0: 0x000000008000ff50 (0x00e78023) sb      a4, 0(a5)
core   0: 3 0x000000008000ff50 (0x00e78023) mem 0x00000000800120c8 0x00
core   0: 0x000000008000ff54 (0xfc843703) ld      a4, -56(s0)
core   0: 3 0x000000008000ff54 (0xfc843703) x14 0x0000000080012040 mem 0x0000000080031f38
core   0: 0x000000008000ff58 (0xfb843783) ld      a5, -72(s0)
core   0: 3 0x000000008000ff58 (0xfb843783) x15 0x000000000000009c mem 0x0000000080031f28
core   0: 0x000000008000ff5c (0x000097ba) c.add   a5, a4
core   0: 3 0x000000008000ff5c (0x97ba) x15 0x00000000800120dc
core   0: 0x000000008000ff5e (0xfe043703) ld      a4, -32(s0)
core   0: 3 0x000000008000ff5e (0xfe043703) x14 0x00000000800120c9 mem 0x0000000080031f50
core   0: 0x000000008000ff62 (0xfcf76de3) bltu    a4, a5, pc - 38
core   0: 3 0x000000008000ff62 (0xfcf76de3)
core   0: 0x000000008000ff3c (0xfe043783) ld      a5, -32(s0)
core   0: 3 0x000000008000ff3c (0xfe043783) x15 0x00000000800120c9 mem 0x0000000080031f50
core   0: 0x000000008000ff40 (0x00178713) addi    a4, a5, 1
core   0: 3 0x000000008000ff40 (0x00178713) x14 0x00000000800120ca
core   0: 0x000000008000ff44 (0xfee43023) sd      a4, -32(s0)
core   0: 3 0x000000008000ff44 (0xfee43023) mem 0x0000000080031f50 0x00000000800120ca
core   0: 0x000000008000ff48 (0xfc442703) lw      a4, -60(s0)
core   0: 3 0x000000008000ff48 (0xfc442703) x14 0x0000000000000000 mem 0x0000000080031f34
core   0: 0x000000008000ff4c (0x0ff77713) andi    a4, a4, 255
core   0: 3 0x000000008000ff4c (0x0ff77713) x14 0x0000000000000000
core   0: 0x000000008000ff50 (0x00e78023) sb      a4, 0(a5)
core   0: 3 0x000000008000ff50 (0x00e78023) mem 0x00000000800120c9 0x00
core   0: 0x000000008000ff54 (0xfc843703) ld      a4, -56(s0)
core   0: 3 0x000000008000ff54 (0xfc843703) x14 0x0000000080012040 mem 0x0000000080031f38
core   0: 0x000000008000ff58 (0xfb843783) ld      a5, -72(s0)
core   0: 3 0x000000008000ff58 (0xfb843783) x15 0x000000000000009c mem 0x0000000080031f28
core   0: 0x000000008000ff5c (0x000097ba) c.add   a5, a4
core   0: 3 0x000000008000ff5c (0x97ba) x15 0x00000000800120dc
core   0: 0x000000008000ff5e (0xfe043703) ld      a4, -32(s0)
core   0: 3 0x000000008000ff5e (0xfe043703) x14 0x00000000800120ca mem 0x0000000080031f50
core   0: 0x000000008000ff62 (0xfcf76de3) bltu    a4, a5, pc - 38
core   0: 3 0x000000008000ff62 (0xfcf76de3)
core   0: 0x000000008000ff3c (0xfe043783) ld      a5, -32(s0)
core   0: 3 0x000000008000ff3c (0xfe043783) x15 0x00000000800120ca mem 0x0000000080031f50
core   0: 0x000000008000ff40 (0x00178713) addi    a4, a5, 1
core   0: 3 0x000000008000ff40 (0x00178713) x14 0x00000000800120cb
core   0: 0x000000008000ff44 (0xfee43023) sd      a4, -32(s0)
core   0: 3 0x000000008000ff44 (0xfee43023) mem 0x0000000080031f50 0x00000000800120cb
core   0: 0x000000008000ff48 (0xfc442703) lw      a4, -60(s0)
core   0: 3 0x000000008000ff48 (0xfc442703) x14 0x0000000000000000 mem 0x0000000080031f34
core   0: 0x000000008000ff4c (0x0ff77713) andi    a4, a4, 255
core   0: 3 0x000000008000ff4c (0x0ff77713) x14 0x0000000000000000
core   0: 0x000000008000ff50 (0x00e78023) sb      a4, 0(a5)
core   0: 3 0x000000008000ff50 (0x00e78023) mem 0x00000000800120ca 0x00
core   0: 0x000000008000ff54 (0xfc843703) ld      a4, -56(s0)
core   0: 3 0x000000008000ff54 (0xfc843703) x14 0x0000000080012040 mem 0x0000000080031f38
core   0: 0x000000008000ff58 (0xfb843783) ld      a5, -72(s0)
core   0: 3 0x000000008000ff58 (0xfb843783) x15 0x000000000000009c mem 0x0000000080031f28
core   0: 0x000000008000ff5c (0x000097ba) c.add   a5, a4
core   0: 3 0x000000008000ff5c (0x97ba) x15 0x00000000800120dc
core   0: 0x000000008000ff5e (0xfe043703) ld      a4, -32(s0)
core   0: 3 0x000000008000ff5e (0xfe043703) x14 0x00000000800120cb mem 0x0000000080031f50
core   0: 0x000000008000ff62 (0xfcf76de3) bltu    a4, a5, pc - 38
core   0: 3 0x000000008000ff62 (0xfcf76de3)
core   0: 0x000000008000ff3c (0xfe043783) ld      a5, -32(s0)
core   0: 3 0x000000008000ff3c (0xfe043783) x15 0x00000000800120cb mem 0x0000000080031f50
core   0: 0x000000008000ff40 (0x00178713) addi    a4, a5, 1
core   0: 3 0x000000008000ff40 (0x00178713) x14 0x00000000800120cc
core   0: 0x000000008000ff44 (0xfee43023) sd      a4, -32(s0)
core   0: 3 0x000000008000ff44 (0xfee43023) mem 0x0000000080031f50 0x00000000800120cc
core   0: 0x000000008000ff48 (0xfc442703) lw      a4, -60(s0)
core   0: 3 0x000000008000ff48 (0xfc442703) x14 0x0000000000000000 mem 0x0000000080031f34
core   0: 0x000000008000ff4c (0x0ff77713) andi    a4, a4, 255
core   0: 3 0x000000008000ff4c (0x0ff77713) x14 0x0000000000000000
core   0: 0x000000008000ff50 (0x00e78023) sb      a4, 0(a5)
core   0: 3 0x000000008000ff50 (0x00e78023) mem 0x00000000800120cb 0x00
core   0: 0x000000008000ff54 (0xfc843703) ld      a4, -56(s0)
core   0: 3 0x000000008000ff54 (0xfc843703) x14 0x0000000080012040 mem 0x0000000080031f38
core   0: 0x000000008000ff58 (0xfb843783) ld      a5, -72(s0)
core   0: 3 0x000000008000ff58 (0xfb843783) x15 0x000000000000009c mem 0x0000000080031f28
core   0: 0x000000008000ff5c (0x000097ba) c.add   a5, a4
core   0: 3 0x000000008000ff5c (0x97ba) x15 0x00000000800120dc
core   0: 0x000000008000ff5e (0xfe043703) ld      a4, -32(s0)
core   0: 3 0x000000008000ff5e (0xfe043703) x14 0x00000000800120cc mem 0x0000000080031f50
core   0: 0x000000008000ff62 (0xfcf76de3) bltu    a4, a5, pc - 38
core   0: 3 0x000000008000ff62 (0xfcf76de3)
core   0: 0x000000008000ff3c (0xfe043783) ld      a5, -32(s0)
core   0: 3 0x000000008000ff3c (0xfe043783) x15 0x00000000800120cc mem 0x0000000080031f50
core   0: 0x000000008000ff40 (0x00178713) addi    a4, a5, 1
core   0: 3 0x000000008000ff40 (0x00178713) x14 0x00000000800120cd
core   0: 0x000000008000ff44 (0xfee43023) sd      a4, -32(s0)
core   0: 3 0x000000008000ff44 (0xfee43023) mem 0x0000000080031f50 0x00000000800120cd
core   0: 0x000000008000ff48 (0xfc442703) lw      a4, -60(s0)
core   0: 3 0x000000008000ff48 (0xfc442703) x14 0x0000000000000000 mem 0x0000000080031f34
core   0: 0x000000008000ff4c (0x0ff77713) andi    a4, a4, 255
core   0: 3 0x000000008000ff4c (0x0ff77713) x14 0x0000000000000000
core   0: 0x000000008000ff50 (0x00e78023) sb      a4, 0(a5)
core   0: 3 0x000000008000ff50 (0x00e78023) mem 0x00000000800120cc 0x00
core   0: 0x000000008000ff54 (0xfc843703) ld      a4, -56(s0)
core   0: 3 0x000000008000ff54 (0xfc843703) x14 0x0000000080012040 mem 0x0000000080031f38
core   0: 0x000000008000ff58 (0xfb843783) ld      a5, -72(s0)
core   0: 3 0x000000008000ff58 (0xfb843783) x15 0x000000000000009c mem 0x0000000080031f28
core   0: 0x000000008000ff5c (0x000097ba) c.add   a5, a4
core   0: 3 0x000000008000ff5c (0x97ba) x15 0x00000000800120dc
core   0: 0x000000008000ff5e (0xfe043703) ld      a4, -32(s0)
core   0: 3 0x000000008000ff5e (0xfe043703) x14 0x00000000800120cd mem 0x0000000080031f50
core   0: 0x000000008000ff62 (0xfcf76de3) bltu    a4, a5, pc - 38
core   0: 3 0x000000008000ff62 (0xfcf76de3)
core   0: 0x000000008000ff3c (0xfe043783) ld      a5, -32(s0)
core   0: 3 0x000000008000ff3c (0xfe043783) x15 0x00000000800120cd mem 0x0000000080031f50
core   0: 0x000000008000ff40 (0x00178713) addi    a4, a5, 1
core   0: 3 0x000000008000ff40 (0x00178713) x14 0x00000000800120ce
core   0: 0x000000008000ff44 (0xfee43023) sd      a4, -32(s0)
core   0: 3 0x000000008000ff44 (0xfee43023) mem 0x0000000080031f50 0x00000000800120ce
core   0: 0x000000008000ff48 (0xfc442703) lw      a4, -60(s0)
core   0: 3 0x000000008000ff48 (0xfc442703) x14 0x0000000000000000 mem 0x0000000080031f34
core   0: 0x000000008000ff4c (0x0ff77713) andi    a4, a4, 255
core   0: 3 0x000000008000ff4c (0x0ff77713) x14 0x0000000000000000
core   0: 0x000000008000ff50 (0x00e78023) sb      a4, 0(a5)
core   0: 3 0x000000008000ff50 (0x00e78023) mem 0x00000000800120cd 0x00
core   0: 0x000000008000ff54 (0xfc843703) ld      a4, -56(s0)
core   0: 3 0x000000008000ff54 (0xfc843703) x14 0x0000000080012040 mem 0x0000000080031f38
core   0: 0x000000008000ff58 (0xfb843783) ld      a5, -72(s0)
core   0: 3 0x000000008000ff58 (0xfb843783) x15 0x000000000000009c mem 0x0000000080031f28
core   0: 0x000000008000ff5c (0x000097ba) c.add   a5, a4
core   0: 3 0x000000008000ff5c (0x97ba) x15 0x00000000800120dc
core   0: 0x000000008000ff5e (0xfe043703) ld      a4, -32(s0)
core   0: 3 0x000000008000ff5e (0xfe043703) x14 0x00000000800120ce mem 0x0000000080031f50
core   0: 0x000000008000ff62 (0xfcf76de3) bltu    a4, a5, pc - 38
core   0: 3 0x000000008000ff62 (0xfcf76de3)
core   0: 0x000000008000ff3c (0xfe043783) ld      a5, -32(s0)
core   0: 3 0x000000008000ff3c (0xfe043783) x15 0x00000000800120ce mem 0x0000000080031f50
core   0: 0x000000008000ff40 (0x00178713) addi    a4, a5, 1
core   0: 3 0x000000008000ff40 (0x00178713) x14 0x00000000800120cf
core   0: 0x000000008000ff44 (0xfee43023) sd      a4, -32(s0)
core   0: 3 0x000000008000ff44 (0xfee43023) mem 0x0000000080031f50 0x00000000800120cf
core   0: 0x000000008000ff48 (0xfc442703) lw      a4, -60(s0)
core   0: 3 0x000000008000ff48 (0xfc442703) x14 0x0000000000000000 mem 0x0000000080031f34
core   0: 0x000000008000ff4c (0x0ff77713) andi    a4, a4, 255
core   0: 3 0x000000008000ff4c (0x0ff77713) x14 0x0000000000000000
core   0: 0x000000008000ff50 (0x00e78023) sb      a4, 0(a5)
core   0: 3 0x000000008000ff50 (0x00e78023) mem 0x00000000800120ce 0x00
core   0: 0x000000008000ff54 (0xfc843703) ld      a4, -56(s0)
core   0: 3 0x000000008000ff54 (0xfc843703) x14 0x0000000080012040 mem 0x0000000080031f38
core   0: 0x000000008000ff58 (0xfb843783) ld      a5, -72(s0)
core   0: 3 0x000000008000ff58 (0xfb843783) x15 0x000000000000009c mem 0x0000000080031f28
core   0: 0x000000008000ff5c (0x000097ba) c.add   a5, a4
core   0: 3 0x000000008000ff5c (0x97ba) x15 0x00000000800120dc
core   0: 0x000000008000ff5e (0xfe043703) ld      a4, -32(s0)
core   0: 3 0x000000008000ff5e (0xfe043703) x14 0x00000000800120cf mem 0x0000000080031f50
core   0: 0x000000008000ff62 (0xfcf76de3) bltu    a4, a5, pc - 38
core   0: 3 0x000000008000ff62 (0xfcf76de3)
core   0: 0x000000008000ff3c (0xfe043783) ld      a5, -32(s0)
core   0: 3 0x000000008000ff3c (0xfe043783) x15 0x00000000800120cf mem 0x0000000080031f50
core   0: 0x000000008000ff40 (0x00178713) addi    a4, a5, 1
core   0: 3 0x000000008000ff40 (0x00178713) x14 0x00000000800120d0
core   0: 0x000000008000ff44 (0xfee43023) sd      a4, -32(s0)
core   0: 3 0x000000008000ff44 (0xfee43023) mem 0x0000000080031f50 0x00000000800120d0
core   0: 0x000000008000ff48 (0xfc442703) lw      a4, -60(s0)
core   0: 3 0x000000008000ff48 (0xfc442703) x14 0x0000000000000000 mem 0x0000000080031f34
core   0: 0x000000008000ff4c (0x0ff77713) andi    a4, a4, 255
core   0: 3 0x000000008000ff4c (0x0ff77713) x14 0x0000000000000000
core   0: 0x000000008000ff50 (0x00e78023) sb      a4, 0(a5)
core   0: 3 0x000000008000ff50 (0x00e78023) mem 0x00000000800120cf 0x00
core   0: 0x000000008000ff54 (0xfc843703) ld      a4, -56(s0)
core   0: 3 0x000000008000ff54 (0xfc843703) x14 0x0000000080012040 mem 0x0000000080031f38
core   0: 0x000000008000ff58 (0xfb843783) ld      a5, -72(s0)
core   0: 3 0x000000008000ff58 (0xfb843783) x15 0x000000000000009c mem 0x0000000080031f28
core   0: 0x000000008000ff5c (0x000097ba) c.add   a5, a4
core   0: 3 0x000000008000ff5c (0x97ba) x15 0x00000000800120dc
core   0: 0x000000008000ff5e (0xfe043703) ld      a4, -32(s0)
core   0: 3 0x000000008000ff5e (0xfe043703) x14 0x00000000800120d0 mem 0x0000000080031f50
core   0: 0x000000008000ff62 (0xfcf76de3) bltu    a4, a5, pc - 38
core   0: 3 0x000000008000ff62 (0xfcf76de3)
core   0: 0x000000008000ff3c (0xfe043783) ld      a5, -32(s0)
core   0: 3 0x000000008000ff3c (0xfe043783) x15 0x00000000800120d0 mem 0x0000000080031f50
core   0: 0x000000008000ff40 (0x00178713) addi    a4, a5, 1
core   0: 3 0x000000008000ff40 (0x00178713) x14 0x00000000800120d1
core   0: 0x000000008000ff44 (0xfee43023) sd      a4, -32(s0)
core   0: 3 0x000000008000ff44 (0xfee43023) mem 0x0000000080031f50 0x00000000800120d1
core   0: 0x000000008000ff48 (0xfc442703) lw      a4, -60(s0)
core   0: 3 0x000000008000ff48 (0xfc442703) x14 0x0000000000000000 mem 0x0000000080031f34
core   0: 0x000000008000ff4c (0x0ff77713) andi    a4, a4, 255
core   0: 3 0x000000008000ff4c (0x0ff77713) x14 0x0000000000000000
core   0: 0x000000008000ff50 (0x00e78023) sb      a4, 0(a5)
core   0: 3 0x000000008000ff50 (0x00e78023) mem 0x00000000800120d0 0x00
core   0: 0x000000008000ff54 (0xfc843703) ld      a4, -56(s0)
core   0: 3 0x000000008000ff54 (0xfc843703) x14 0x0000000080012040 mem 0x0000000080031f38
core   0: 0x000000008000ff58 (0xfb843783) ld      a5, -72(s0)
core   0: 3 0x000000008000ff58 (0xfb843783) x15 0x000000000000009c mem 0x0000000080031f28
core   0: 0x000000008000ff5c (0x000097ba) c.add   a5, a4
core   0: 3 0x000000008000ff5c (0x97ba) x15 0x00000000800120dc
core   0: 0x000000008000ff5e (0xfe043703) ld      a4, -32(s0)
core   0: 3 0x000000008000ff5e (0xfe043703) x14 0x00000000800120d1 mem 0x0000000080031f50
core   0: 0x000000008000ff62 (0xfcf76de3) bltu    a4, a5, pc - 38
core   0: 3 0x000000008000ff62 (0xfcf76de3)
core   0: 0x000000008000ff3c (0xfe043783) ld      a5, -32(s0)
core   0: 3 0x000000008000ff3c (0xfe043783) x15 0x00000000800120d1 mem 0x0000000080031f50
core   0: 0x000000008000ff40 (0x00178713) addi    a4, a5, 1
core   0: 3 0x000000008000ff40 (0x00178713) x14 0x00000000800120d2
core   0: 0x000000008000ff44 (0xfee43023) sd      a4, -32(s0)
core   0: 3 0x000000008000ff44 (0xfee43023) mem 0x0000000080031f50 0x00000000800120d2
core   0: 0x000000008000ff48 (0xfc442703) lw      a4, -60(s0)
core   0: 3 0x000000008000ff48 (0xfc442703) x14 0x0000000000000000 mem 0x0000000080031f34
core   0: 0x000000008000ff4c (0x0ff77713) andi    a4, a4, 255
core   0: 3 0x000000008000ff4c (0x0ff77713) x14 0x0000000000000000
core   0: 0x000000008000ff50 (0x00e78023) sb      a4, 0(a5)
core   0: 3 0x000000008000ff50 (0x00e78023) mem 0x00000000800120d1 0x00
core   0: 0x000000008000ff54 (0xfc843703) ld      a4, -56(s0)
core   0: 3 0x000000008000ff54 (0xfc843703) x14 0x0000000080012040 mem 0x0000000080031f38
core   0: 0x000000008000ff58 (0xfb843783) ld      a5, -72(s0)
core   0: 3 0x000000008000ff58 (0xfb843783) x15 0x000000000000009c mem 0x0000000080031f28
core   0: 0x000000008000ff5c (0x000097ba) c.add   a5, a4
core   0: 3 0x000000008000ff5c (0x97ba) x15 0x00000000800120dc
core   0: 0x000000008000ff5e (0xfe043703) ld      a4, -32(s0)
core   0: 3 0x000000008000ff5e (0xfe043703) x14 0x00000000800120d2 mem 0x0000000080031f50
core   0: 0x000000008000ff62 (0xfcf76de3) bltu    a4, a5, pc - 38
core   0: 3 0x000000008000ff62 (0xfcf76de3)
core   0: 0x000000008000ff3c (0xfe043783) ld      a5, -32(s0)
core   0: 3 0x000000008000ff3c (0xfe043783) x15 0x00000000800120d2 mem 0x0000000080031f50
core   0: 0x000000008000ff40 (0x00178713) addi    a4, a5, 1
core   0: 3 0x000000008000ff40 (0x00178713) x14 0x00000000800120d3
core   0: 0x000000008000ff44 (0xfee43023) sd      a4, -32(s0)
core   0: 3 0x000000008000ff44 (0xfee43023) mem 0x0000000080031f50 0x00000000800120d3
core   0: 0x000000008000ff48 (0xfc442703) lw      a4, -60(s0)
core   0: 3 0x000000008000ff48 (0xfc442703) x14 0x0000000000000000 mem 0x0000000080031f34
core   0: 0x000000008000ff4c (0x0ff77713) andi    a4, a4, 255
core   0: 3 0x000000008000ff4c (0x0ff77713) x14 0x0000000000000000
core   0: 0x000000008000ff50 (0x00e78023) sb      a4, 0(a5)
core   0: 3 0x000000008000ff50 (0x00e78023) mem 0x00000000800120d2 0x00
core   0: 0x000000008000ff54 (0xfc843703) ld      a4, -56(s0)
core   0: 3 0x000000008000ff54 (0xfc843703) x14 0x0000000080012040 mem 0x0000000080031f38
core   0: 0x000000008000ff58 (0xfb843783) ld      a5, -72(s0)
core   0: 3 0x000000008000ff58 (0xfb843783) x15 0x000000000000009c mem 0x0000000080031f28
core   0: 0x000000008000ff5c (0x000097ba) c.add   a5, a4
core   0: 3 0x000000008000ff5c (0x97ba) x15 0x00000000800120dc
core   0: 0x000000008000ff5e (0xfe043703) ld      a4, -32(s0)
core   0: 3 0x000000008000ff5e (0xfe043703) x14 0x00000000800120d3 mem 0x0000000080031f50
core   0: 0x000000008000ff62 (0xfcf76de3) bltu    a4, a5, pc - 38
core   0: 3 0x000000008000ff62 (0xfcf76de3)
core   0: 0x000000008000ff3c (0xfe043783) ld      a5, -32(s0)
core   0: 3 0x000000008000ff3c (0xfe043783) x15 0x00000000800120d3 mem 0x0000000080031f50
core   0: 0x000000008000ff40 (0x00178713) addi    a4, a5, 1
core   0: 3 0x000000008000ff40 (0x00178713) x14 0x00000000800120d4
core   0: 0x000000008000ff44 (0xfee43023) sd      a4, -32(s0)
core   0: 3 0x000000008000ff44 (0xfee43023) mem 0x0000000080031f50 0x00000000800120d4
core   0: 0x000000008000ff48 (0xfc442703) lw      a4, -60(s0)
core   0: 3 0x000000008000ff48 (0xfc442703) x14 0x0000000000000000 mem 0x0000000080031f34
core   0: 0x000000008000ff4c (0x0ff77713) andi    a4, a4, 255
core   0: 3 0x000000008000ff4c (0x0ff77713) x14 0x0000000000000000
core   0: 0x000000008000ff50 (0x00e78023) sb      a4, 0(a5)
core   0: 3 0x000000008000ff50 (0x00e78023) mem 0x00000000800120d3 0x00
core   0: 0x000000008000ff54 (0xfc843703) ld      a4, -56(s0)
core   0: 3 0x000000008000ff54 (0xfc843703) x14 0x0000000080012040 mem 0x0000000080031f38
core   0: 0x000000008000ff58 (0xfb843783) ld      a5, -72(s0)
core   0: 3 0x000000008000ff58 (0xfb843783) x15 0x000000000000009c mem 0x0000000080031f28
core   0: 0x000000008000ff5c (0x000097ba) c.add   a5, a4
core   0: 3 0x000000008000ff5c (0x97ba) x15 0x00000000800120dc
core   0: 0x000000008000ff5e (0xfe043703) ld      a4, -32(s0)
core   0: 3 0x000000008000ff5e (0xfe043703) x14 0x00000000800120d4 mem 0x0000000080031f50
core   0: 0x000000008000ff62 (0xfcf76de3) bltu    a4, a5, pc - 38
core   0: 3 0x000000008000ff62 (0xfcf76de3)
core   0: 0x000000008000ff3c (0xfe043783) ld      a5, -32(s0)
core   0: 3 0x000000008000ff3c (0xfe043783) x15 0x00000000800120d4 mem 0x0000000080031f50
core   0: 0x000000008000ff40 (0x00178713) addi    a4, a5, 1
core   0: 3 0x000000008000ff40 (0x00178713) x14 0x00000000800120d5
core   0: 0x000000008000ff44 (0xfee43023) sd      a4, -32(s0)
core   0: 3 0x000000008000ff44 (0xfee43023) mem 0x0000000080031f50 0x00000000800120d5
core   0: 0x000000008000ff48 (0xfc442703) lw      a4, -60(s0)
core   0: 3 0x000000008000ff48 (0xfc442703) x14 0x0000000000000000 mem 0x0000000080031f34
core   0: 0x000000008000ff4c (0x0ff77713) andi    a4, a4, 255
core   0: 3 0x000000008000ff4c (0x0ff77713) x14 0x0000000000000000
core   0: 0x000000008000ff50 (0x00e78023) sb      a4, 0(a5)
core   0: 3 0x000000008000ff50 (0x00e78023) mem 0x00000000800120d4 0x00
core   0: 0x000000008000ff54 (0xfc843703) ld      a4, -56(s0)
core   0: 3 0x000000008000ff54 (0xfc843703) x14 0x0000000080012040 mem 0x0000000080031f38
core   0: 0x000000008000ff58 (0xfb843783) ld      a5, -72(s0)
core   0: 3 0x000000008000ff58 (0xfb843783) x15 0x000000000000009c mem 0x0000000080031f28
core   0: 0x000000008000ff5c (0x000097ba) c.add   a5, a4
core   0: 3 0x000000008000ff5c (0x97ba) x15 0x00000000800120dc
core   0: 0x000000008000ff5e (0xfe043703) ld      a4, -32(s0)
core   0: 3 0x000000008000ff5e (0xfe043703) x14 0x00000000800120d5 mem 0x0000000080031f50
core   0: 0x000000008000ff62 (0xfcf76de3) bltu    a4, a5, pc - 38
core   0: 3 0x000000008000ff62 (0xfcf76de3)
core   0: 0x000000008000ff3c (0xfe043783) ld      a5, -32(s0)
core   0: 3 0x000000008000ff3c (0xfe043783) x15 0x00000000800120d5 mem 0x0000000080031f50
core   0: 0x000000008000ff40 (0x00178713) addi    a4, a5, 1
core   0: 3 0x000000008000ff40 (0x00178713) x14 0x00000000800120d6
core   0: 0x000000008000ff44 (0xfee43023) sd      a4, -32(s0)
core   0: 3 0x000000008000ff44 (0xfee43023) mem 0x0000000080031f50 0x00000000800120d6
core   0: 0x000000008000ff48 (0xfc442703) lw      a4, -60(s0)
core   0: 3 0x000000008000ff48 (0xfc442703) x14 0x0000000000000000 mem 0x0000000080031f34
core   0: 0x000000008000ff4c (0x0ff77713) andi    a4, a4, 255
core   0: 3 0x000000008000ff4c (0x0ff77713) x14 0x0000000000000000
core   0: 0x000000008000ff50 (0x00e78023) sb      a4, 0(a5)
core   0: 3 0x000000008000ff50 (0x00e78023) mem 0x00000000800120d5 0x00
core   0: 0x000000008000ff54 (0xfc843703) ld      a4, -56(s0)
core   0: 3 0x000000008000ff54 (0xfc843703) x14 0x0000000080012040 mem 0x0000000080031f38
core   0: 0x000000008000ff58 (0xfb843783) ld      a5, -72(s0)
core   0: 3 0x000000008000ff58 (0xfb843783) x15 0x000000000000009c mem 0x0000000080031f28
core   0: 0x000000008000ff5c (0x000097ba) c.add   a5, a4
core   0: 3 0x000000008000ff5c (0x97ba) x15 0x00000000800120dc
core   0: 0x000000008000ff5e (0xfe043703) ld      a4, -32(s0)
core   0: 3 0x000000008000ff5e (0xfe043703) x14 0x00000000800120d6 mem 0x0000000080031f50
core   0: 0x000000008000ff62 (0xfcf76de3) bltu    a4, a5, pc - 38
core   0: 3 0x000000008000ff62 (0xfcf76de3)
core   0: 0x000000008000ff3c (0xfe043783) ld      a5, -32(s0)
core   0: 3 0x000000008000ff3c (0xfe043783) x15 0x00000000800120d6 mem 0x0000000080031f50
core   0: 0x000000008000ff40 (0x00178713) addi    a4, a5, 1
core   0: 3 0x000000008000ff40 (0x00178713) x14 0x00000000800120d7
core   0: 0x000000008000ff44 (0xfee43023) sd      a4, -32(s0)
core   0: 3 0x000000008000ff44 (0xfee43023) mem 0x0000000080031f50 0x00000000800120d7
core   0: 0x000000008000ff48 (0xfc442703) lw      a4, -60(s0)
core   0: 3 0x000000008000ff48 (0xfc442703) x14 0x0000000000000000 mem 0x0000000080031f34
core   0: 0x000000008000ff4c (0x0ff77713) andi    a4, a4, 255
core   0: 3 0x000000008000ff4c (0x0ff77713) x14 0x0000000000000000
core   0: 0x000000008000ff50 (0x00e78023) sb      a4, 0(a5)
core   0: 3 0x000000008000ff50 (0x00e78023) mem 0x00000000800120d6 0x00
core   0: 0x000000008000ff54 (0xfc843703) ld      a4, -56(s0)
core   0: 3 0x000000008000ff54 (0xfc843703) x14 0x0000000080012040 mem 0x0000000080031f38
core   0: 0x000000008000ff58 (0xfb843783) ld      a5, -72(s0)
core   0: 3 0x000000008000ff58 (0xfb843783) x15 0x000000000000009c mem 0x0000000080031f28
core   0: 0x000000008000ff5c (0x000097ba) c.add   a5, a4
core   0: 3 0x000000008000ff5c (0x97ba) x15 0x00000000800120dc
core   0: 0x000000008000ff5e (0xfe043703) ld      a4, -32(s0)
core   0: 3 0x000000008000ff5e (0xfe043703) x14 0x00000000800120d7 mem 0x0000000080031f50
core   0: 0x000000008000ff62 (0xfcf76de3) bltu    a4, a5, pc - 38
core   0: 3 0x000000008000ff62 (0xfcf76de3)
core   0: 0x000000008000ff3c (0xfe043783) ld      a5, -32(s0)
core   0: 3 0x000000008000ff3c (0xfe043783) x15 0x00000000800120d7 mem 0x0000000080031f50
core   0: 0x000000008000ff40 (0x00178713) addi    a4, a5, 1
core   0: 3 0x000000008000ff40 (0x00178713) x14 0x00000000800120d8
core   0: 0x000000008000ff44 (0xfee43023) sd      a4, -32(s0)
core   0: 3 0x000000008000ff44 (0xfee43023) mem 0x0000000080031f50 0x00000000800120d8
core   0: 0x000000008000ff48 (0xfc442703) lw      a4, -60(s0)
core   0: 3 0x000000008000ff48 (0xfc442703) x14 0x0000000000000000 mem 0x0000000080031f34
core   0: 0x000000008000ff4c (0x0ff77713) andi    a4, a4, 255
core   0: 3 0x000000008000ff4c (0x0ff77713) x14 0x0000000000000000
core   0: 0x000000008000ff50 (0x00e78023) sb      a4, 0(a5)
core   0: 3 0x000000008000ff50 (0x00e78023) mem 0x00000000800120d7 0x00
core   0: 0x000000008000ff54 (0xfc843703) ld      a4, -56(s0)
core   0: 3 0x000000008000ff54 (0xfc843703) x14 0x0000000080012040 mem 0x0000000080031f38
core   0: 0x000000008000ff58 (0xfb843783) ld      a5, -72(s0)
core   0: 3 0x000000008000ff58 (0xfb843783) x15 0x000000000000009c mem 0x0000000080031f28
core   0: 0x000000008000ff5c (0x000097ba) c.add   a5, a4
core   0: 3 0x000000008000ff5c (0x97ba) x15 0x00000000800120dc
core   0: 0x000000008000ff5e (0xfe043703) ld      a4, -32(s0)
core   0: 3 0x000000008000ff5e (0xfe043703) x14 0x00000000800120d8 mem 0x0000000080031f50
core   0: 0x000000008000ff62 (0xfcf76de3) bltu    a4, a5, pc - 38
core   0: 3 0x000000008000ff62 (0xfcf76de3)
core   0: 0x000000008000ff3c (0xfe043783) ld      a5, -32(s0)
core   0: 3 0x000000008000ff3c (0xfe043783) x15 0x00000000800120d8 mem 0x0000000080031f50
core   0: 0x000000008000ff40 (0x00178713) addi    a4, a5, 1
core   0: 3 0x000000008000ff40 (0x00178713) x14 0x00000000800120d9
core   0: 0x000000008000ff44 (0xfee43023) sd      a4, -32(s0)
core   0: 3 0x000000008000ff44 (0xfee43023) mem 0x0000000080031f50 0x00000000800120d9
core   0: 0x000000008000ff48 (0xfc442703) lw      a4, -60(s0)
core   0: 3 0x000000008000ff48 (0xfc442703) x14 0x0000000000000000 mem 0x0000000080031f34
core   0: 0x000000008000ff4c (0x0ff77713) andi    a4, a4, 255
core   0: 3 0x000000008000ff4c (0x0ff77713) x14 0x0000000000000000
core   0: 0x000000008000ff50 (0x00e78023) sb      a4, 0(a5)
core   0: 3 0x000000008000ff50 (0x00e78023) mem 0x00000000800120d8 0x00
core   0: 0x000000008000ff54 (0xfc843703) ld      a4, -56(s0)
core   0: 3 0x000000008000ff54 (0xfc843703) x14 0x0000000080012040 mem 0x0000000080031f38
core   0: 0x000000008000ff58 (0xfb843783) ld      a5, -72(s0)
core   0: 3 0x000000008000ff58 (0xfb843783) x15 0x000000000000009c mem 0x0000000080031f28
core   0: 0x000000008000ff5c (0x000097ba) c.add   a5, a4
core   0: 3 0x000000008000ff5c (0x97ba) x15 0x00000000800120dc
core   0: 0x000000008000ff5e (0xfe043703) ld      a4, -32(s0)
core   0: 3 0x000000008000ff5e (0xfe043703) x14 0x00000000800120d9 mem 0x0000000080031f50
core   0: 0x000000008000ff62 (0xfcf76de3) bltu    a4, a5, pc - 38
core   0: 3 0x000000008000ff62 (0xfcf76de3)
core   0: 0x000000008000ff3c (0xfe043783) ld      a5, -32(s0)
core   0: 3 0x000000008000ff3c (0xfe043783) x15 0x00000000800120d9 mem 0x0000000080031f50
core   0: 0x000000008000ff40 (0x00178713) addi    a4, a5, 1
core   0: 3 0x000000008000ff40 (0x00178713) x14 0x00000000800120da
core   0: 0x000000008000ff44 (0xfee43023) sd      a4, -32(s0)
core   0: 3 0x000000008000ff44 (0xfee43023) mem 0x0000000080031f50 0x00000000800120da
core   0: 0x000000008000ff48 (0xfc442703) lw      a4, -60(s0)
core   0: 3 0x000000008000ff48 (0xfc442703) x14 0x0000000000000000 mem 0x0000000080031f34
core   0: 0x000000008000ff4c (0x0ff77713) andi    a4, a4, 255
core   0: 3 0x000000008000ff4c (0x0ff77713) x14 0x0000000000000000
core   0: 0x000000008000ff50 (0x00e78023) sb      a4, 0(a5)
core   0: 3 0x000000008000ff50 (0x00e78023) mem 0x00000000800120d9 0x00
core   0: 0x000000008000ff54 (0xfc843703) ld      a4, -56(s0)
core   0: 3 0x000000008000ff54 (0xfc843703) x14 0x0000000080012040 mem 0x0000000080031f38
core   0: 0x000000008000ff58 (0xfb843783) ld      a5, -72(s0)
core   0: 3 0x000000008000ff58 (0xfb843783) x15 0x000000000000009c mem 0x0000000080031f28
core   0: 0x000000008000ff5c (0x000097ba) c.add   a5, a4
core   0: 3 0x000000008000ff5c (0x97ba) x15 0x00000000800120dc
core   0: 0x000000008000ff5e (0xfe043703) ld      a4, -32(s0)
core   0: 3 0x000000008000ff5e (0xfe043703) x14 0x00000000800120da mem 0x0000000080031f50
core   0: 0x000000008000ff62 (0xfcf76de3) bltu    a4, a5, pc - 38
core   0: 3 0x000000008000ff62 (0xfcf76de3)
core   0: 0x000000008000ff3c (0xfe043783) ld      a5, -32(s0)
core   0: 3 0x000000008000ff3c (0xfe043783) x15 0x00000000800120da mem 0x0000000080031f50
core   0: 0x000000008000ff40 (0x00178713) addi    a4, a5, 1
core   0: 3 0x000000008000ff40 (0x00178713) x14 0x00000000800120db
core   0: 0x000000008000ff44 (0xfee43023) sd      a4, -32(s0)
core   0: 3 0x000000008000ff44 (0xfee43023) mem 0x0000000080031f50 0x00000000800120db
core   0: 0x000000008000ff48 (0xfc442703) lw      a4, -60(s0)
core   0: 3 0x000000008000ff48 (0xfc442703) x14 0x0000000000000000 mem 0x0000000080031f34
core   0: 0x000000008000ff4c (0x0ff77713) andi    a4, a4, 255
core   0: 3 0x000000008000ff4c (0x0ff77713) x14 0x0000000000000000
core   0: 0x000000008000ff50 (0x00e78023) sb      a4, 0(a5)
core   0: 3 0x000000008000ff50 (0x00e78023) mem 0x00000000800120da 0x00
core   0: 0x000000008000ff54 (0xfc843703) ld      a4, -56(s0)
core   0: 3 0x000000008000ff54 (0xfc843703) x14 0x0000000080012040 mem 0x0000000080031f38
core   0: 0x000000008000ff58 (0xfb843783) ld      a5, -72(s0)
core   0: 3 0x000000008000ff58 (0xfb843783) x15 0x000000000000009c mem 0x0000000080031f28
core   0: 0x000000008000ff5c (0x000097ba) c.add   a5, a4
core   0: 3 0x000000008000ff5c (0x97ba) x15 0x00000000800120dc
core   0: 0x000000008000ff5e (0xfe043703) ld      a4, -32(s0)
core   0: 3 0x000000008000ff5e (0xfe043703) x14 0x00000000800120db mem 0x0000000080031f50
core   0: 0x000000008000ff62 (0xfcf76de3) bltu    a4, a5, pc - 38
core   0: 3 0x000000008000ff62 (0xfcf76de3)
core   0: 0x000000008000ff3c (0xfe043783) ld      a5, -32(s0)
core   0: 3 0x000000008000ff3c (0xfe043783) x15 0x00000000800120db mem 0x0000000080031f50
core   0: 0x000000008000ff40 (0x00178713) addi    a4, a5, 1
core   0: 3 0x000000008000ff40 (0x00178713) x14 0x00000000800120dc
core   0: 0x000000008000ff44 (0xfee43023) sd      a4, -32(s0)
core   0: 3 0x000000008000ff44 (0xfee43023) mem 0x0000000080031f50 0x00000000800120dc
core   0: 0x000000008000ff48 (0xfc442703) lw      a4, -60(s0)
core   0: 3 0x000000008000ff48 (0xfc442703) x14 0x0000000000000000 mem 0x0000000080031f34
core   0: 0x000000008000ff4c (0x0ff77713) andi    a4, a4, 255
core   0: 3 0x000000008000ff4c (0x0ff77713) x14 0x0000000000000000
core   0: 0x000000008000ff50 (0x00e78023) sb      a4, 0(a5)
core   0: 3 0x000000008000ff50 (0x00e78023) mem 0x00000000800120db 0x00
core   0: 0x000000008000ff54 (0xfc843703) ld      a4, -56(s0)
core   0: 3 0x000000008000ff54 (0xfc843703) x14 0x0000000080012040 mem 0x0000000080031f38
core   0: 0x000000008000ff58 (0xfb843783) ld      a5, -72(s0)
core   0: 3 0x000000008000ff58 (0xfb843783) x15 0x000000000000009c mem 0x0000000080031f28
core   0: 0x000000008000ff5c (0x000097ba) c.add   a5, a4
core   0: 3 0x000000008000ff5c (0x97ba) x15 0x00000000800120dc
core   0: 0x000000008000ff5e (0xfe043703) ld      a4, -32(s0)
core   0: 3 0x000000008000ff5e (0xfe043703) x14 0x00000000800120dc mem 0x0000000080031f50
core   0: 0x000000008000ff62 (0xfcf76de3) bltu    a4, a5, pc - 38
core   0: 3 0x000000008000ff62 (0xfcf76de3)
core   0: 0x000000008000ff66 (0xfc843783) ld      a5, -56(s0)
core   0: 3 0x000000008000ff66 (0xfc843783) x15 0x0000000080012040 mem 0x0000000080031f38
core   0: 0x000000008000ff6a (0x0000853e) c.mv    a0, a5
core   0: 3 0x000000008000ff6a (0x853e) x10 0x0000000080012040
core   0: 0x000000008000ff6c (0x00006426) c.ldsp  s0, 72(sp)
core   0: 3 0x000000008000ff6c (0x6426) x8  0x0000000080031f90 mem 0x0000000080031f68
core   0: 0x000000008000ff6e (0x00006161) c.addi16sp sp, 80
core   0: 3 0x000000008000ff6e (0x6161) x2  0x0000000080031f70
core   0: 0x000000008000ff70 (0x00008082) ret
core   0: 3 0x000000008000ff70 (0x8082)
core   0: 0x000000008000f524 (0x00000001) c.nop
core   0: 3 0x000000008000f524 (0x0001)
core   0: 0x000000008000f526 (0x000060e2) c.ldsp  ra, 24(sp)
core   0: 3 0x000000008000f526 (0x60e2) x1  0x000000008000f564 mem 0x0000000080031f88
core   0: 0x000000008000f528 (0x00006442) c.ldsp  s0, 16(sp)
core   0: 3 0x000000008000f528 (0x6442) x8  0x0000000080032040 mem 0x0000000080031f80
core   0: 0x000000008000f52a (0x00006105) c.addi16sp sp, 32
core   0: 3 0x000000008000f52a (0x6105) x2  0x0000000080031f90
core   0: 0x000000008000f52c (0x00008082) ret
core   0: 3 0x000000008000f52c (0x8082)
core   0: 0x000000008000f564 (0xf5842703) lw      a4, -168(s0)
core   0: 3 0x000000008000f564 (0xf5842703) x14 0x0000000000000001 mem 0x0000000080031f98
core   0: 0x000000008000f568 (0xf5c42783) lw      a5, -164(s0)
core   0: 3 0x000000008000f568 (0xf5c42783) x15 0x0000000000000000 mem 0x0000000080031f9c
core   0: 0x000000008000f56c (0x000085ba) c.mv    a1, a4
core   0: 3 0x000000008000f56c (0x85ba) x11 0x0000000000000001
core   0: 0x000000008000f56e (0x0000853e) c.mv    a0, a5
core   0: 3 0x000000008000f56e (0x853e) x10 0x0000000000000000
core   0: 0x000000008000f570 (0xf03ff0ef) jal     pc - 0xfe
core   0: 3 0x000000008000f570 (0xf03ff0ef) x1  0x000000008000f574
core   0: >>>>  thread_entry
core   0: 0x000000008000f472 (0x00001101) c.addi  sp, -32
core   0: 3 0x000000008000f472 (0x1101) x2  0x0000000080031f70
core   0: 0x000000008000f474 (0x0000ec22) c.sdsp  s0, 24(sp)
core   0: 3 0x000000008000f474 (0xec22) mem 0x0000000080031f88 0x0000000080032040
core   0: 0x000000008000f476 (0x00001000) c.addi4spn s0, sp, 32
core   0: 3 0x000000008000f476 (0x1000) x8  0x0000000080031f90
core   0: 0x000000008000f478 (0x000087aa) c.mv    a5, a0
core   0: 3 0x000000008000f478 (0x87aa) x15 0x0000000000000000
core   0: 0x000000008000f47a (0x0000872e) c.mv    a4, a1
core   0: 3 0x000000008000f47a (0x872e) x14 0x0000000000000001
core   0: 0x000000008000f47c (0xfef42623) sw      a5, -20(s0)
core   0: 3 0x000000008000f47c (0xfef42623) mem 0x0000000080031f7c 0x00000000
core   0: 0x000000008000f480 (0x000087ba) c.mv    a5, a4
core   0: 3 0x000000008000f480 (0x87ba) x15 0x0000000000000001
core   0: 0x000000008000f482 (0xfef42423) sw      a5, -24(s0)
core   0: 3 0x000000008000f482 (0xfef42423) mem 0x0000000080031f78 0x00000001
core   0: 0x000000008000f486 (0x00000001) c.nop
core   0: 3 0x000000008000f486 (0x0001)
core   0: 0x000000008000f488 (0xfec42783) lw      a5, -20(s0)
core   0: 3 0x000000008000f488 (0xfec42783) x15 0x0000000000000000 mem 0x0000000080031f7c
core   0: 0x000000008000f48c (0x00002781) c.addiw a5, 0
core   0: 3 0x000000008000f48c (0x2781) x15 0x0000000000000000
core   0: 0x000000008000f48e (0x0000ffed) c.bnez  a5, pc - 6
core   0: 3 0x000000008000f48e (0xffed)
core   0: 0x000000008000f490 (0x00000001) c.nop
core   0: 3 0x000000008000f490 (0x0001)
core   0: 0x000000008000f492 (0x00000001) c.nop
core   0: 3 0x000000008000f492 (0x0001)
core   0: 0x000000008000f494 (0x00006462) c.ldsp  s0, 24(sp)
core   0: 3 0x000000008000f494 (0x6462) x8  0x0000000080032040 mem 0x0000000080031f88
core   0: 0x000000008000f496 (0x00006105) c.addi16sp sp, 32
core   0: 3 0x000000008000f496 (0x6105) x2  0x0000000080031f90
core   0: 0x000000008000f498 (0x00008082) ret
core   0: 3 0x000000008000f498 (0x8082)
core   0: 0x000000008000f574 (0x00004581) c.li    a1, 0
core   0: 3 0x000000008000f574 (0x4581) x11 0x0000000000000000
core   0: 0x000000008000f576 (0x00004501) c.li    a0, 0
core   0: 3 0x000000008000f576 (0x4501) x10 0x0000000000000000
core   0: 0x000000008000f578 (0xa89f20ef) jal     pc - 0xd578
core   0: 3 0x000000008000f578 (0xa89f20ef) x1  0x000000008000f57c
core   0: >>>>  main
core   0: 0x0000000080002000 (0x00000001) c.nop
core   0: 3 0x0000000080002000 (0x0001)
core   0: >>>>  trap_vec_init
core   0: 0x0000000080002002 (0x00002797) auipc   a5, 0x2
core   0: 3 0x0000000080002002 (0x00002797) x15 0x0000000080004002
core   0: 0x0000000080002006 (0xffe78793) addi    a5, a5, -2
core   0: 3 0x0000000080002006 (0xffe78793) x15 0x0000000080004000
core   0: 0x000000008000200a (0x30579073) csrrw   zero, mtvec, a5
core   0: 3 0x000000008000200a (0x30579073) c773_mtvec 0x0000000080004000
core   0: >>>>  pmp_setup
core   0: 0x000000008000200e (0x00002c17) auipc   s8, 0x2
core   0: 3 0x000000008000200e (0x00002c17) x24 0x000000008000400e
core   0: 0x0000000080002012 (0x022c0c13) addi    s8, s8, 34
core   0: 3 0x0000000080002012 (0x022c0c13) x24 0x0000000080004030
core   0: 0x0000000080002016 (0x00004781) c.li    a5, 0
core   0: 3 0x0000000080002016 (0x4781) x15 0x0000000000000000
core   0: 0x0000000080002018 (0x00009c3e) c.add   s8, a5
core   0: 3 0x0000000080002018 (0x9c3e) x24 0x0000000080004030
core   0: 0x000000008000201a (0x3b0c1073) csrrw   zero, pmpaddr0, s8
core   0: 3 0x000000008000201a (0x3b0c1073) c944_pmpaddr0 0x0000000080004030
core   0: 0x000000008000201e (0x00004c3d) c.li    s8, 15
core   0: 3 0x000000008000201e (0x4c3d) x24 0x000000000000000f
core   0: 0x0000000080002020 (0x3a0c1073) csrrw   zero, pmpcfg0, s8
core   0: 3 0x0000000080002020 (0x3a0c1073) c928_pmpcfg0 0x000000000000000f
core   0: 0x0000000080002024 (0x12000073) sfence.vma zero, zero
core   0: 3 0x0000000080002024 (0x12000073)
core   0: >>>>  mepc_setup
core   0: 0x0000000080002028 (0x00002797) auipc   a5, 0x2
core   0: 3 0x0000000080002028 (0x00002797) x15 0x0000000080004028
core   0: 0x000000008000202c (0x00878793) addi    a5, a5, 8
core   0: 3 0x000000008000202c (0x00878793) x15 0x0000000080004030
core   0: 0x0000000080002030 (0x34179073) csrrw   zero, mepc, a5
core   0: 3 0x0000000080002030 (0x34179073) c833_mepc 0x0000000080004030
core   0: >>>>  custom_csr_setup
core   0: 0x0000000080002034 (0x00100f9b) addiw   t6, zero, 1
core   0: 3 0x0000000080002034 (0x00100f9b) x31 0x0000000000000001
core   0: 0x0000000080002038 (0x00000ffe) c.slli  t6, 31
core   0: 3 0x0000000080002038 (0x0ffe) x31 0x0000000080000000
core   0: 0x000000008000203a (0x00000001) c.nop
core   0: 3 0x000000008000203a (0x0001)
core   0: >>>>  init_s_mode
core   0: 0x000000008000203c (0xfff0079b) addiw   a5, zero, -1
core   0: 3 0x000000008000203c (0xfff0079b) x15 0xffffffffffffffff
core   0: 0x0000000080002040 (0x000017fe) c.slli  a5, 63
core   0: 3 0x0000000080002040 (0x17fe) x15 0x8000000000000000
core   0: 0x0000000080002042 (0x18079073) csrrw   zero, satp, a5
core   0: 3 0x0000000080002042 (0x18079073) c384_satp 0x8000000000000000
core   0: 0x0000000080002046 (0x0000f797) auipc   a5, 0xf
core   0: 3 0x0000000080002046 (0x0000f797) x15 0x0000000080011046
core   0: 0x000000008000204a (0xfba78793) addi    a5, a5, -70
core   0: 3 0x000000008000204a (0xfba78793) x15 0x0000000080011000
core   0: 0x000000008000204e (0x000083b1) c.srli  a5, 12
core   0: 3 0x000000008000204e (0x83b1) x15 0x0000000000080011
core   0: 0x0000000080002050 (0x0010061b) addiw   a2, zero, 1
core   0: 3 0x0000000080002050 (0x0010061b) x12 0x0000000000000001
core   0: 0x0000000080002054 (0x00001632) c.slli  a2, 44
core   0: 3 0x0000000080002054 (0x1632) x12 0x0000100000000000
core   0: 0x0000000080002056 (0x0000167d) c.addi  a2, -1
core   0: 3 0x0000000080002056 (0x167d) x12 0x00000fffffffffff
core   0: 0x0000000080002058 (0x00008ff1) c.and   a5, a2
core   0: 3 0x0000000080002058 (0x8ff1) x15 0x0000000000080011
core   0: 0x000000008000205a (0x1807a073) csrrs   zero, satp, a5
core   0: 3 0x000000008000205a (0x1807a073) c384_satp 0x8000000000080011
core   0: 0x000000008000205e (0x00a005b7) lui     a1, 0xa00
core   0: 3 0x000000008000205e (0x00a005b7) x11 0x0000000000a00000
core   0: 0x0000000080002062 (0x10b5859b) addiw   a1, a1, 267
core   0: 3 0x0000000080002062 (0x10b5859b) x11 0x0000000000a0010b
core   0: 0x0000000080002066 (0x000005b2) c.slli  a1, 12
core   0: 3 0x0000000080002066 (0x05b2) x11 0x0000000a0010b000
core   0: 0x0000000080002068 (0xa0058593) addi    a1, a1, -1536
core   0: 3 0x0000000080002068 (0xa0058593) x11 0x0000000a0010aa00
core   0: 0x000000008000206c (0x30059073) csrrw   zero, mstatus, a1
core   0: 3 0x000000008000206c (0x30059073) c768_mstatus 0x0000000a00102800
core   0: 0x0000000080002070 (0x30459073) csrrw   zero, mie, a1
core   0: 3 0x0000000080002070 (0x30459073) c772_mie 0x0000000000000a00
core   0: 0x0000000080002074 (0x00a005b7) lui     a1, 0xa00
core   0: 3 0x0000000080002074 (0x00a005b7) x11 0x0000000000a00000
core   0: 0x0000000080002078 (0x10b5859b) addiw   a1, a1, 267
core   0: 3 0x0000000080002078 (0x10b5859b) x11 0x0000000000a0010b
core   0: 0x000000008000207c (0x000005b2) c.slli  a1, 12
core   0: 3 0x000000008000207c (0x05b2) x11 0x0000000a0010b000
core   0: 0x000000008000207e (0xa0058593) addi    a1, a1, -1536
core   0: 3 0x000000008000207e (0xa0058593) x11 0x0000000a0010aa00
core   0: 0x0000000080002082 (0x10059073) csrrw   zero, sstatus, a1
core   0: 3 0x0000000080002082 (0x10059073) c768_mstatus 0x0000000a00102800
core   0: 0x0000000080002086 (0x10459073) csrrw   zero, sie, a1
core   0: 3 0x0000000080002086 (0x10459073) c772_mie 0x0000000000000a00
core   0: 0x000000008000208a (0x30200073) mret
core   0: 3 0x000000008000208a (0x30200073) c768_mstatus 0x0000000a00102080
core   0: >>>>  main_g
core   0: 0x0000000080004030 (0x6e0b3eb7) lui     t4, 0x6e0b3
core   0: 1 0x0000000080004030 (0x6e0b3eb7) x29 0x000000006e0b3000
core   0: 0x0000000080004034 (0x0a1bf053) fsub.d  ft0, fs7, ft1
core   0: 1 0x0000000080004034 (0x0a1bf053) c768_mstatus 0x8000000a00106080 f0  0x7ff8000000000000
core   0: 0x0000000080004038 (0x00f4161b) slliw   a2, s0, 15
core   0: 1 0x0000000080004038 (0x00f4161b) x12 0xffffffff90200000
core   0: 0x000000008000403c (0xd2160553) fcvt.d.wu fa0, a2
core   0: 1 0x000000008000403c (0xd2160553) f10 0x41e2040000000000
core   0: 0x0000000080004040 (0x00000001) c.nop
core   0: 1 0x0000000080004040 (0x0001)
core   0: 0x0000000080004042 (0x01f3501b) srliw   zero, t1, 31
core   0: 1 0x0000000080004042 (0x01f3501b)
core   0: 0x0000000080004046 (0x7ebac993) xori    s3, s5, 2027
core   0: 1 0x0000000080004046 (0x7ebac993) x19 0x00000000000007eb
core   0: 0x000000008000404a (0x00000001) c.nop
core   0: 1 0x000000008000404a (0x0001)
core   0: 0x000000008000404c (0x02598433) mul     s0, s3, t0
core   0: 1 0x000000008000404c (0x02598433) x8  0x000003f58009080c
core   0: 0x0000000080004050 (0x4003d39b) sraiw   t2, t2, 0
core   0: 1 0x0000000080004050 (0x4003d39b) x7  0x0000000000000000
core   0: 0x0000000080004054 (0x7ff18113) addi    sp, gp, 2047
core   0: 1 0x0000000080004054 (0x7ff18113) x2  0x0000000080013027
core   0: 0x0000000080004058 (0x01b0ddbb) srlw    s11, ra, s11
core   0: 1 0x0000000080004058 (0x01b0ddbb) x27 0xffffffff8000f57c
core   0: 0x000000008000405c (0xd23b7d53) fcvt.d.lu fs10, s6
core   0: 1 0x000000008000405c (0xd23b7d53) f26 0x0000000000000000
core   0: 0x0000000080004060 (0xd03276d3) fcvt.s.lu fa3, tp
core   0: 1 0x0000000080004060 (0xd03276d3) c1_fflags 0x0000000000000001 f13 0xffffffff4f000120
core   0: 0x0000000080004064 (0x0062171b) slliw   a4, tp, 6
core   0: 1 0x0000000080004064 (0x0062171b) x14 0x0000000000481000
core   0: 0x0000000080004068 (0x00008d31) c.xor   a0, a2
core   0: 1 0x0000000080004068 (0x8d31) x10 0xffffffff90200000
core   0: 0x000000008000406a (0xc22af8d3) fcvt.l.d a7, fs5
core   0: 1 0x000000008000406a (0xc22af8d3) c1_fflags 0x0000000000000011 x17 0x7fffffffffffffff
core   0: 0x000000008000406e (0xf118a113) slti    sp, a7, -239
core   0: 1 0x000000008000406e (0xf118a113) x2  0x0000000000000000
core   0: 0x0000000080004072 (0x00190093) addi    ra, s2, 1
core   0: 1 0x0000000080004072 (0x00190093) x1  0x0000000000000001
core   0: 0x0000000080004076 (0x00202673) csrrs   a2, frm, zero
core   0: 1 0x0000000080004076 (0x00202673) x12 0x0000000000000000
core   0: 0x000000008000407a (0x41960abb) subw    s5, a2, s9
core   0: 1 0x000000008000407a (0x41960abb) x21 0x0000000000000000
core   0: 0x000000008000407e (0x409e5513) srai    a0, t3, 9
core   0: 1 0x000000008000407e (0x409e5513) x10 0x0000000000000000
core   0: 0x0000000080004082 (0x00000001) c.nop
core   0: 1 0x0000000080004082 (0x0001)
core   0: 0x0000000080004084 (0x02e745bb) divw    a1, a4, a4
core   0: 1 0x0000000080004084 (0x02e745bb) x11 0x0000000000000001
core   0: 0x0000000080004088 (0x00251bf3) csrrw   s7, frm, a0
core   0: 1 0x0000000080004088 (0x00251bf3) x23 0x0000000000000000 c2_frm 0x0000000000000000
core   0: 0x000000008000408c (0x017b1e3b) sllw    t3, s6, s7
core   0: 1 0x000000008000408c (0x017b1e3b) x28 0x0000000000000000
core   0: 0x0000000080004090 (0xc23d7553) fcvt.lu.d a0, fs10
core   0: 1 0x0000000080004090 (0xc23d7553) x10 0x0000000000000000
core   0: 0x0000000080004094 (0x401079d3) fcvt.s.d fs3, ft0
core   0: 1 0x0000000080004094 (0x401079d3) f19 0xffffffff7fc00000
core   0: 0x0000000080004098 (0x41900cbb) subw    s9, zero, s9
core   0: 1 0x0000000080004098 (0x41900cbb) x25 0x0000000000000000
core   0: 0x000000008000409c (0x01d11db3) sll     s11, sp, t4
core   0: 1 0x000000008000409c (0x01d11db3) x27 0x0000000000000000
core   0: 0x00000000800040a0 (0x002a1673) csrrw   a2, frm, s4
core   0: 1 0x00000000800040a0 (0x002a1673) x12 0x0000000000000000 c2_frm 0x0000000000000000
core   0: 0x00000000800040a4 (0x01cc4633) xor     a2, s8, t3
core   0: 1 0x00000000800040a4 (0x01cc4633) x12 0x000000000000000f
core   0: 0x00000000800040a8 (0xc209f553) fcvt.w.d a0, fs3
core   0: 1 0x00000000800040a8 (0xc209f553) c1_fflags 0x0000000000000011 x10 0x000000007fffffff
core   0: 0x00000000800040ac (0x128c71d3) fmul.d  ft3, fs8, fs0
core   0: 1 0x00000000800040ac (0x128c71d3) f3  0x7ff8000000000000
core   0: 0x00000000800040b0 (0xd2257953) fcvt.d.l fs2, a0
core   0: 1 0x00000000800040b0 (0xd2257953) f18 0x41dfffffffc00000
core   0: 0x00000000800040b4 (0x032178d3) fadd.d  fa7, ft2, fs2
core   0: 1 0x00000000800040b4 (0x032178d3) f17 0x7ff8000000000000
core   0: 0x00000000800040b8 (0x00c92bb3) slt     s7, s2, a2
core   0: 1 0x00000000800040b8 (0x00c92bb3) x23 0x0000000000000001
core   0: 0x00000000800040bc (0xa2420353) fle.d   t1, ft4, ft4
core   0: 1 0x00000000800040bc (0xa2420353) c1_fflags 0x0000000000000011 x6  0x0000000000000000
core   0: 0x00000000800040c0 (0x40115a1b) sraiw   s4, sp, 1
core   0: 1 0x00000000800040c0 (0x40115a1b) x20 0x0000000000000000
core   0: 0x00000000800040c4 (0x014a0a3b) addw    s4, s4, s4
core   0: 1 0x00000000800040c4 (0x014a0a3b) x20 0x0000000000000000
core   0: 0x00000000800040c8 (0x2bf00ad3) fmin.d  fs5, ft0, ft11
core   0: 1 0x00000000800040c8 (0x2bf00ad3) f21 0x7ff8000000000000
core   0: 0x00000000800040cc (0x01cdd6b3) srl     a3, s11, t3
core   0: 1 0x00000000800040cc (0x01cdd6b3) x13 0x0000000000000000
core   0: 0x00000000800040d0 (0xd236f853) fcvt.d.lu fa6, a3
core   0: 1 0x00000000800040d0 (0xd236f853) f16 0x0000000000000000
core   0: 0x00000000800040d4 (0x4066d9bb) sraw    s3, a3, t1
core   0: 1 0x00000000800040d4 (0x4066d9bb) x19 0x0000000000000000
core   0: 0x00000000800040d8 (0x0214d4b3) divu    s1, s1, ra
core   0: 1 0x00000000800040d8 (0x0214d4b3) x9  0x0000000080031fc0
core   0: 0x00000000800040dc (0x422d5993) srai    s3, s10, 34
core   0: 1 0x00000000800040dc (0x422d5993) x19 0x0000000000000000
core   0: 0x00000000800040e0 (0x01021193) slli    gp, tp, 16
core   0: 1 0x00000000800040e0 (0x01021193) x3  0x0000800120400000
core   0: 0x00000000800040e4 (0x03b3c3b3) div     t2, t2, s11
core   0: 1 0x00000000800040e4 (0x03b3c3b3) x7  0xffffffffffffffff
core   0: 0x00000000800040e8 (0x2da68793) addi    a5, a3, 730
core   0: 1 0x00000000800040e8 (0x2da68793) x15 0x00000000000002da
core   0: 0x00000000800040ec (0x00501113) slli    sp, zero, 5
core   0: 1 0x00000000800040ec (0x00501113) x2  0x0000000000000000
core   0: 0x00000000800040f0 (0x03007cb3) remu    s9, zero, a6
core   0: 1 0x00000000800040f0 (0x03007cb3) x25 0x0000000000000000
core   0: 0x00000000800040f4 (0x13c8fe53) fmul.d  ft8, fa7, ft8
core   0: 1 0x00000000800040f4 (0x13c8fe53) f28 0x7ff8000000000000
core   0: 0x00000000800040f8 (0x022158b3) divu    a7, sp, sp
core   0: 1 0x00000000800040f8 (0x022158b3) x17 0xffffffffffffffff
core   0: 0x00000000800040fc (0x00f8dd1b) srliw   s10, a7, 15
core   0: 1 0x00000000800040fc (0x00f8dd1b) x26 0x000000000001ffff
core   0: 0x0000000080004100 (0x7ffe8a13) addi    s4, t4, 2047
core   0: 1 0x0000000080004100 (0x7ffe8a13) x20 0x000000006e0b37ff
core   0: 0x0000000080004104 (0x80080593) addi    a1, a6, -2048
core   0: 1 0x0000000080004104 (0x80080593) x11 0xfffffffffffff800
core   0: 0x0000000080004108 (0x9e376413) ori     s0, a4, -1565
core   0: 1 0x0000000080004108 (0x9e376413) x8  0xfffffffffffff9e3
core   0: 0x000000008000410c (0x019991b3) sll     gp, s3, s9
core   0: 1 0x000000008000410c (0x019991b3) x3  0x0000000000000000
core   0: 0x0000000080004110 (0x41c4ddbb) sraw    s11, s1, t3
core   0: 1 0x0000000080004110 (0x41c4ddbb) x27 0xffffffff80031fc0
core   0: 0x0000000080004114 (0xff177013) andi    zero, a4, -15
core   0: 1 0x0000000080004114 (0xff177013)
core   0: 0x0000000080004118 (0x00a9963b) sllw    a2, s3, a0
core   0: 1 0x0000000080004118 (0x00a9963b) x12 0x0000000000000000
core   0: 0x000000008000411c (0x41dd0d3b) subw    s10, s10, t4
core   0: 1 0x000000008000411c (0x41dd0d3b) x26 0xffffffff91f6cfff
core   0: 0x0000000080004120 (0x00a74c33) xor     s8, a4, a0
core   0: 1 0x0000000080004120 (0x00a74c33) x24 0x000000007fb7efff
core   0: 0x0000000080004124 (0x40cad8b3) sra     a7, s5, a2
core   0: 1 0x0000000080004124 (0x40cad8b3) x17 0x0000000000000000
core   0: 0x0000000080004128 (0xd02cfad3) fcvt.s.l fs5, s9
core   0: 1 0x0000000080004128 (0xd02cfad3) f21 0xffffffff00000000
core   0: 0x000000008000412c (0x00000001) c.nop
core   0: 1 0x000000008000412c (0x0001)
core   0: 0x000000008000412e (0x004c5b93) srli    s7, s8, 4
core   0: 1 0x000000008000412e (0x004c5b93) x23 0x0000000007fb7eff
core   0: 0x0000000080004132 (0xa3530d53) fle.d   s10, ft6, fs5
core   0: 1 0x0000000080004132 (0xa3530d53) c1_fflags 0x0000000000000011 x26 0x0000000000000000
core   0: 0x0000000080004136 (0xe2078653) fmv.x.d a2, fa5
core   0: 1 0x0000000080004136 (0xe2078653) x12 0xffffffff00000000
core   0: 0x000000008000413a (0x0382c8bb) divw    a7, t0, s8
core   0: 1 0x000000008000413a (0x0382c8bb) x17 0xffffffffffffffff
core   0: 0x000000008000413e (0x122af14f) fnmadd.d ft2, fs5, ft2, ft2
core   0: 1 0x000000008000413e (0x122af14f) f2  0x7ff8000000000000
core   0: 0x0000000080004142 (0x00102bf3) csrrs   s7, fflags, zero
core   0: 1 0x0000000080004142 (0x00102bf3) x23 0x0000000000000011
core   0: 0x0000000080004146 (0x7e8bcc13) xori    s8, s7, 2024
core   0: 1 0x0000000080004146 (0x7e8bcc13) x24 0x00000000000007f9
core   0: 0x000000008000414a (0x1a14f4d3) fdiv.d  fs1, fs1, ft1
core   0: 1 0x000000008000414a (0x1a14f4d3) f9  0x7ff8000000000000
core   0: 0x000000008000414e (0xc21bf8d3) fcvt.wu.d a7, fs7
core   0: 1 0x000000008000414e (0xc21bf8d3) c1_fflags 0x0000000000000011 x17 0xffffffffffffffff
core   0: 0x0000000080004152 (0xa581adb7) lui     s11, 0xa581a
core   0: 1 0x0000000080004152 (0xa581adb7) x27 0xffffffffa581a000
core   0: 0x0000000080004156 (0x012c28b3) slt     a7, s8, s2
core   0: 1 0x0000000080004156 (0x012c28b3) x17 0x0000000000000000
core   0: 0x000000008000415a (0x01279233) sll     tp, a5, s2
core   0: 1 0x000000008000415a (0x01279233) x4  0x00000000000002da
core   0: 0x000000008000415e (0x0069129b) slliw   t0, s2, 6
core   0: 1 0x000000008000415e (0x0069129b) x5  0x0000000000000000
core   0: 0x0000000080004162 (0xd20a80d3) fcvt.d.w ft1, s5
core   0: 1 0x0000000080004162 (0xd20a80d3) f1  0x0000000000000000
core   0: 0x0000000080004166 (0x800ae493) ori     s1, s5, -2048
core   0: 1 0x0000000080004166 (0x800ae493) x9  0xfffffffffffff800
core   0: 0x000000008000416a (0x0bc07d43) fmadd.d fs10, ft0, ft8, ft1
core   0: 1 0x000000008000416a (0x0bc07d43) f26 0x7ff8000000000000
core   0: 0x000000008000416e (0xd20d0753) fcvt.d.w fa4, s10
core   0: 1 0x000000008000416e (0xd20d0753) f14 0x0000000000000000
core   0: 0x0000000080004172 (0x00f907bb) addw    a5, s2, a5
core   0: 1 0x0000000080004172 (0x00f907bb) x15 0x00000000000002da
core   0: 0x0000000080004176 (0x026373d3) fadd.d  ft7, ft6, ft6
core   0: 1 0x0000000080004176 (0x026373d3) f7  0x7ff8000000000000
core   0: 0x000000008000417a (0x402a8ab3) sub     s5, s5, sp
core   0: 1 0x000000008000417a (0x402a8ab3) x21 0x0000000000000000
core   0: 0x000000008000417e (0x001022f3) csrrs   t0, fflags, zero
core   0: 1 0x000000008000417e (0x001022f3) x5  0x0000000000000011
core   0: 0x0000000080004182 (0x001a5b1b) srliw   s6, s4, 1
core   0: 1 0x0000000080004182 (0x001a5b1b) x22 0x0000000037059bff
core   0: 0x0000000080004186 (0x02d7d03b) divuw   zero, a5, a3
core   0: 1 0x0000000080004186 (0x02d7d03b)
core   0: 0x000000008000418a (0xf20904d3) fmv.d.x fs1, s2
core   0: 1 0x000000008000418a (0xf20904d3) f9  0x0000000000000000
core   0: 0x000000008000418e (0x002695f3) csrrw   a1, frm, a3
core   0: 1 0x000000008000418e (0x002695f3) x11 0x0000000000000000 c2_frm 0x0000000000000000
core   0: 0x0000000080004192 (0xe3ccfccb) fnmsub.d fs9, fs9, ft8, ft8
core   0: 1 0x0000000080004192 (0xe3ccfccb) f25 0x7ff8000000000000
core   0: 0x0000000080004196 (0xc034f8f3) csrrci  a7, hpmcounter3, 9
core   0: exception trap_illegal_instruction, epc 0x0000000080004196
core   0:           tval 0x00000000c034f8f3
core   0: >>>>  $xrv64i2p1_m2p0_a2p1_f2p2_d2p2_zicsr2p0_zifencei2p0_zmmul1p0_zba1p0_zbb1p0_zbc1p0_zbs1p0
core   0: 0x0000000080004000 (0x0080006f) j       pc + 0x8
core   0: 3 0x0000000080004000 (0x0080006f)
core   0: >>>>  mmode_exception_handler
core   0: 0x0000000080004008 (0x00002c17) auipc   s8, 0x2
core   0: 3 0x0000000080004008 (0x00002c17) x24 0x0000000080006008
core   0: 0x000000008000400c (0x016c0c13) addi    s8, s8, 22
core   0: 3 0x000000008000400c (0x016c0c13) x24 0x000000008000601e
core   0: 0x0000000080004010 (0x000c00e7) jalr    s8
core   0: 3 0x0000000080004010 (0x000c00e7) x1  0x0000000080004014
core   0: >>>>  any_handler
core   0: 0x000000008000601e (0x341027f3) csrrs   a5, mepc, zero
core   0: 3 0x000000008000601e (0x341027f3) x15 0x0000000080004196
core   0: 0x0000000080006022 (0x34202773) csrrs   a4, mcause, zero
core   0: 3 0x0000000080006022 (0x34202773) x14 0x0000000000000002
core   0: 0x0000000080006026 (0x142026f3) csrrs   a3, scause, zero
core   0: 3 0x0000000080006026 (0x142026f3) x13 0x0000000000000000
core   0: 0x000000008000602a (0x30402673) csrrs   a2, mie, zero
core   0: 3 0x000000008000602a (0x30402673) x12 0x0000000000000a00
core   0: 0x000000008000602e (0x344025f3) csrrs   a1, mip, zero
core   0: 3 0x000000008000602e (0x344025f3) x11 0x0000000000000080
core   0: 0x0000000080006032 (0x343025f3) csrrs   a1, mtval, zero
core   0: 3 0x0000000080006032 (0x343025f3) x11 0x00000000c034f8f3
core   0: 0x0000000080006036 (0x14302573) csrrs   a0, stval, zero
core   0: 3 0x0000000080006036 (0x14302573) x10 0x0000000000000000
core   0: 0x000000008000603a (0xb02024f3) csrrs   s1, minstret, zero
core   0: 3 0x000000008000603a (0xb02024f3) x9  0x0000000000000827
core   0: 0x000000008000603e (0x0000a811) c.j     pc + 20
core   0: 3 0x000000008000603e (0xa811)
core   0: >>>>  mepc_4
core   0: 0x0000000080006052 (0x00000791) c.addi  a5, 4
core   0: 3 0x0000000080006052 (0x0791) x15 0x000000008000419a
core   0: 0x0000000080006054 (0x34179073) csrrw   zero, mepc, a5
core   0: 3 0x0000000080006054 (0x34179073) c833_mepc 0x000000008000419a
core   0: 0x0000000080006058 (0x30200073) mret
core   0: 3 0x0000000080006058 (0x30200073) c768_mstatus 0x8000000a00106080
core   0: 0x000000008000419a (0x0302abb3) mulhsu  s7, t0, a6
core   0: 1 0x000000008000419a (0x0302abb3) x23 0x0000000000000000
core   0: 0x000000008000419e (0x02561633) mulh    a2, a2, t0
core   0: 1 0x000000008000419e (0x02561633) x12 0x0000000000000000
core   0: 0x00000000800041a2 (0x02cbfb3b) remuw   s6, s7, a2
core   0: 1 0x00000000800041a2 (0x02cbfb3b) x22 0x0000000000000000
core   0: 0x00000000800041a6 (0x520075c3) fmadd.d fa1, ft0, ft0, fa0
core   0: 1 0x00000000800041a6 (0x520075c3) f11 0x7ff8000000000000
core   0: 0x00000000800041aa (0x43dbd293) srai    t0, s7, 61
core   0: 1 0x00000000800041aa (0x43dbd293) x5  0x0000000000000000
core   0: 0x00000000800041ae (0xf2080ed3) fmv.d.x ft9, a6
core   0: 1 0x00000000800041ae (0xf2080ed3) f29 0x0000000000000000
core   0: 0x00000000800041b2 (0x00d5a6b3) slt     a3, a1, a3
core   0: 1 0x00000000800041b2 (0x00d5a6b3) x13 0x0000000000000000
core   0: 0x00000000800041b6 (0x131bfbd3) fmul.d  fs7, fs7, fa7
core   0: 1 0x00000000800041b6 (0x131bfbd3) f23 0x7ff8000000000000
core   0: 0x00000000800041ba (0x03951493) slli    s1, a0, 57
core   0: 1 0x00000000800041ba (0x03951493) x9  0x0000000000000000
core   0: 0x00000000800041be (0x030b803b) mulw    zero, s7, a6
core   0: 1 0x00000000800041be (0x030b803b)
core   0: 0x00000000800041c2 (0x00009b3a) c.add   s6, a4
core   0: 1 0x00000000800041c2 (0x9b3a) x22 0x0000000000000002
core   0: 0x00000000800041c4 (0x0085553b) srlw    a0, a0, s0
core   0: 1 0x00000000800041c4 (0x0085553b) x10 0x0000000000000000
core   0: 0x00000000800041c8 (0x2be17043) fmadd.d ft0, ft2, ft10, ft5
core   0: 1 0x00000000800041c8 (0x2be17043) f0  0x7ff8000000000000
core   0: 0x00000000800041cc (0x02f14d93) xori    s11, sp, 47
core   0: 1 0x00000000800041cc (0x02f14d93) x27 0x000000000000002f
core   0: 0x00000000800041d0 (0x011ce4b3) or      s1, s9, a7
core   0: 1 0x00000000800041d0 (0x011ce4b3) x9  0x0000000000000000
core   0: 0x00000000800041d4 (0x23292953) fsgnjx.d fs2, fs2, fs2
core   0: 1 0x00000000800041d4 (0x23292953) f18 0x41dfffffffc00000
core   0: 0x00000000800041d8 (0x41cb5b3b) sraw    s6, s6, t3
core   0: 1 0x00000000800041d8 (0x41cb5b3b) x22 0x0000000000000002
core   0: 0x00000000800041dc (0xea626113) ori     sp, tp, -346
core   0: 1 0x00000000800041dc (0xea626113) x2  0xfffffffffffffefe
core   0: 0x00000000800041e0 (0x0232f2d3) fadd.d  ft5, ft5, ft3
core   0: 1 0x00000000800041e0 (0x0232f2d3) f5  0x7ff8000000000000
core   0: 0x00000000800041e4 (0xfffb4713) not     a4, s6
core   0: 1 0x00000000800041e4 (0xfffb4713) x14 0xfffffffffffffffd
core   0: 0x00000000800041e8 (0x1a63f3d3) fdiv.d  ft7, ft7, ft6
core   0: 1 0x00000000800041e8 (0x1a63f3d3) f7  0x7ff8000000000000
core   0: 0x00000000800041ec (0x0309083b) mulw    a6, s2, a6
core   0: 1 0x00000000800041ec (0x0309083b) x16 0x0000000000000000
core   0: 0x00000000800041f0 (0x410006bb) subw    a3, zero, a6
core   0: 1 0x00000000800041f0 (0x410006bb) x13 0x0000000000000000
core   0: 0x00000000800041f4 (0xd20a84d3) fcvt.d.w fs1, s5
core   0: 1 0x00000000800041f4 (0xd20a84d3) f9  0x0000000000000000
core   0: 0x00000000800041f8 (0x740d8a1b) addiw   s4, s11, 1856
core   0: 1 0x00000000800041f8 (0x740d8a1b) x20 0x000000000000076f
core   0: 0x00000000800041fc (0xd2120e53) fcvt.d.wu ft8, tp
core   0: 1 0x00000000800041fc (0xd2120e53) f28 0x4086d00000000000
core   0: 0x0000000080004200 (0x001b9573) csrrw   a0, fflags, s7
core   0: 1 0x0000000080004200 (0x001b9573) x10 0x0000000000000011 c1_fflags 0x0000000000000000
core   0: 0x0000000080004204 (0xd2287453) fcvt.d.l fs0, a6
core   0: 1 0x0000000080004204 (0xd2287453) f8  0x0000000000000000
core   0: 0x0000000080004208 (0x0129593b) srlw    s2, s2, s2
core   0: 1 0x0000000080004208 (0x0129593b) x18 0x0000000000000000
core   0: 0x000000008000420c (0x0302f553) fadd.d  fa0, ft5, fa6
core   0: 1 0x000000008000420c (0x0302f553) f10 0x7ff8000000000000
core   0: 0x0000000080004210 (0x0b93facf) fnmadd.d fs5, ft7, fs9, ft1
core   0: 1 0x0000000080004210 (0x0b93facf) f21 0x7ff8000000000000
core   0: 0x0000000080004214 (0x01235d3b) srlw    s10, t1, s2
core   0: 1 0x0000000080004214 (0x01235d3b) x26 0x0000000000000000
core   0: 0x0000000080004218 (0x41d0d313) srai    t1, ra, 29
core   0: 1 0x0000000080004218 (0x41d0d313) x6  0x0000000000000004
core   0: 0x000000008000421c (0xfffbe493) ori     s1, s7, -1
core   0: 1 0x000000008000421c (0xfffbe493) x9  0xffffffffffffffff
core   0: 0x0000000080004220 (0x026b2b33) mulhsu  s6, s6, t1
core   0: 1 0x0000000080004220 (0x026b2b33) x22 0x0000000000000000
core   0: 0x0000000080004224 (0x7e3d6613) ori     a2, s10, 2019
core   0: 1 0x0000000080004224 (0x7e3d6613) x12 0x00000000000007e3
core   0: 0x0000000080004228 (0x02c2bdb3) mulhu   s11, t0, a2
core   0: 1 0x0000000080004228 (0x02c2bdb3) x27 0x0000000000000000
core   0: 0x000000008000422c (0x024edebb) divuw   t4, t4, tp
core   0: 1 0x000000008000422c (0x024edebb) x29 0x0000000000269736
core   0: 0x0000000080004230 (0x42d27493) andi    s1, tp, 1069
core   0: 1 0x0000000080004230 (0x42d27493) x9  0x0000000000000008
core   0: 0x0000000080004234 (0x02ddf9b3) remu    s3, s11, a3
core   0: 1 0x0000000080004234 (0x02ddf9b3) x19 0x0000000000000000
core   0: 0x0000000080004238 (0x5d4a6213) ori     tp, s4, 1492
core   0: 1 0x0000000080004238 (0x5d4a6213) x4  0x00000000000007ff
core   0: 0x000000008000423c (0x002207bb) addw    a5, tp, sp
core   0: 1 0x000000008000423c (0x002207bb) x15 0x00000000000006fd
core   0: 0x0000000080004240 (0x020046b3) div     a3, zero, zero
core   0: 1 0x0000000080004240 (0x020046b3) x13 0xffffffffffffffff
core   0: 0x0000000080004244 (0x0263f5bb) remuw   a1, t2, t1
core   0: 1 0x0000000080004244 (0x0263f5bb) x11 0x0000000000000003
core   0: 0x0000000080004248 (0x62127247) fmsub.d ft4, ft4, ft1, fa2
core   0: 1 0x0000000080004248 (0x62127247) f4  0x7ff8000000000000
core   0: 0x000000008000424c (0xc20275d3) fcvt.w.d a1, ft4
core   0: 1 0x000000008000424c (0xc20275d3) c1_fflags 0x0000000000000010 x11 0x000000007fffffff
core   0: 0x0000000080004250 (0xfaeb714b) fnmsub.d ft2, fs6, fa4, ft11
core   0: 1 0x0000000080004250 (0xfaeb714b) f2  0x7ff8000000000000
core   0: 0x0000000080004254 (0xc2317cd3) fcvt.lu.d s9, ft2
core   0: 1 0x0000000080004254 (0xc2317cd3) c1_fflags 0x0000000000000010 x25 0xffffffffffffffff
core   0: 0x0000000080004258 (0xc0403673) csrrc   a2, hpmcounter4, zero
core   0: exception trap_illegal_instruction, epc 0x0000000080004258
core   0:           tval 0x00000000c0403673
core   0: >>>>  $xrv64i2p1_m2p0_a2p1_f2p2_d2p2_zicsr2p0_zifencei2p0_zmmul1p0_zba1p0_zbb1p0_zbc1p0_zbs1p0
core   0: 0x0000000080004000 (0x0080006f) j       pc + 0x8
core   0: 3 0x0000000080004000 (0x0080006f)
core   0: >>>>  mmode_exception_handler
core   0: 0x0000000080004008 (0x00002c17) auipc   s8, 0x2
core   0: 3 0x0000000080004008 (0x00002c17) x24 0x0000000080006008
core   0: 0x000000008000400c (0x016c0c13) addi    s8, s8, 22
core   0: 3 0x000000008000400c (0x016c0c13) x24 0x000000008000601e
core   0: 0x0000000080004010 (0x000c00e7) jalr    s8
core   0: 3 0x0000000080004010 (0x000c00e7) x1  0x0000000080004014
core   0: >>>>  any_handler
core   0: 0x000000008000601e (0x341027f3) csrrs   a5, mepc, zero
core   0: 3 0x000000008000601e (0x341027f3) x15 0x0000000080004258
core   0: 0x0000000080006022 (0x34202773) csrrs   a4, mcause, zero
core   0: 3 0x0000000080006022 (0x34202773) x14 0x0000000000000002
core   0: 0x0000000080006026 (0x142026f3) csrrs   a3, scause, zero
core   0: 3 0x0000000080006026 (0x142026f3) x13 0x0000000000000000
core   0: 0x000000008000602a (0x30402673) csrrs   a2, mie, zero
core   0: 3 0x000000008000602a (0x30402673) x12 0x0000000000000a00
core   0: 0x000000008000602e (0x344025f3) csrrs   a1, mip, zero
core   0: 3 0x000000008000602e (0x344025f3) x11 0x0000000000000080
core   0: 0x0000000080006032 (0x343025f3) csrrs   a1, mtval, zero
core   0: 3 0x0000000080006032 (0x343025f3) x11 0x00000000c0403673
core   0: 0x0000000080006036 (0x14302573) csrrs   a0, stval, zero
core   0: 3 0x0000000080006036 (0x14302573) x10 0x0000000000000000
core   0: 0x000000008000603a (0xb02024f3) csrrs   s1, minstret, zero
core   0: 3 0x000000008000603a (0xb02024f3) x9  0x0000000000000867
core   0: 0x000000008000603e (0x0000a811) c.j     pc + 20
core   0: 3 0x000000008000603e (0xa811)
core   0: >>>>  mepc_4
core   0: 0x0000000080006052 (0x00000791) c.addi  a5, 4
core   0: 3 0x0000000080006052 (0x0791) x15 0x000000008000425c
core   0: 0x0000000080006054 (0x34179073) csrrw   zero, mepc, a5
core   0: 3 0x0000000080006054 (0x34179073) c833_mepc 0x000000008000425c
core   0: 0x0000000080006058 (0x30200073) mret
core   0: 3 0x0000000080006058 (0x30200073) c768_mstatus 0x8000000a00106080
core   0: 0x000000008000425c (0x00f6d533) srl     a0, a3, a5
core   0: 1 0x000000008000425c (0x00f6d533) x10 0x0000000000000000
core   0: 0x0000000080004260 (0xf20302d3) fmv.d.x ft5, t1
core   0: 1 0x0000000080004260 (0xf20302d3) f5  0x0000000000000004
core   0: 0x0000000080004264 (0x40085813) srai    a6, a6, 0
core   0: 1 0x0000000080004264 (0x40085813) x16 0x0000000000000000
core   0: 0x0000000080004268 (0xc21ff953) fcvt.wu.d s2, ft11
core   0: 1 0x0000000080004268 (0xc21ff953) c1_fflags 0x0000000000000010 x18 0xffffffffffffffff
core   0: 0x000000008000426c (0xc205fad3) fcvt.w.d s5, fa1
core   0: 1 0x000000008000426c (0xc205fad3) c1_fflags 0x0000000000000010 x21 0x000000007fffffff
core   0: 0x0000000080004270 (0x02daac33) mulhsu  s8, s5, a3
core   0: 1 0x0000000080004270 (0x02daac33) x24 0x0000000000000000
core   0: 0x0000000080004274 (0xd02c7853) fcvt.s.l fa6, s8
core   0: 1 0x0000000080004274 (0xd02c7853) f16 0xffffffff00000000
core   0: 0x0000000080004278 (0x01869b3b) sllw    s6, a3, s8
core   0: 1 0x0000000080004278 (0x01869b3b) x22 0x0000000000000000
core   0: 0x000000008000427c (0x53a87d43) fmadd.d fs10, fa6, fs10, fa0
core   0: 1 0x000000008000427c (0x53a87d43) f26 0x7ff8000000000000
core   0: 0x0000000080004280 (0xdaadfdc7) fmsub.d fs11, fs11, fa0, fs11
core   0: 1 0x0000000080004280 (0xdaadfdc7) f27 0x7ff8000000000000
core   0: 0x0000000080004284 (0x016a1a3b) sllw    s4, s4, s6
core   0: 1 0x0000000080004284 (0x016a1a3b) x20 0x000000000000076f
core   0: 0x0000000080004288 (0xe20d81d3) fmv.x.d gp, fs11
core   0: 1 0x0000000080004288 (0xe20d81d3) x3  0x7ff8000000000000
core   0: 0x000000008000428c (0x237a9bd3) fsgnjn.d fs7, fs5, fs7
core   0: 1 0x000000008000428c (0x237a9bd3) f23 0xfff8000000000000
core   0: 0x0000000080004290 (0x01cd9a37) lui     s4, 0x1cd9
core   0: 1 0x0000000080004290 (0x01cd9a37) x20 0x0000000001cd9000
core   0: 0x0000000080004294 (0x0e1a0a1b) addiw   s4, s4, 225
core   0: 1 0x0000000080004294 (0x0e1a0a1b) x20 0x0000000001cd90e1
core   0: 0x0000000080004298 (0x00000a3a) c.slli  s4, 14
core   0: 1 0x0000000080004298 (0x0a3a) x20 0x0000007364384000
core   0: 0x000000008000429a (0x4f3a0a13) addi    s4, s4, 1267
core   0: 1 0x000000008000429a (0x4f3a0a13) x20 0x00000073643844f3
core   0: 0x000000008000429e (0xc2037153) fcvt.w.d sp, ft6
core   0: 1 0x000000008000429e (0xc2037153) c1_fflags 0x0000000000000010 x2  0x000000007fffffff
core   0: 0x00000000800042a2 (0x001027f3) csrrs   a5, fflags, zero
core   0: 1 0x00000000800042a2 (0x001027f3) x15 0x0000000000000010
core   0: 0x00000000800042a6 (0x793ec113) xori    sp, t4, 1939
core   0: 1 0x00000000800042a6 (0x793ec113) x2  0x00000000002690a5
core   0: 0x00000000800042aa (0xd0317f53) fcvt.s.lu ft10, sp
core   0: 1 0x00000000800042aa (0xd0317f53) f30 0xffffffff4a1a4294
core   0: 0x00000000800042ae (0x42038dd3) fcvt.d.s fs11, ft7
core   0: 1 0x00000000800042ae (0x42038dd3) f27 0x7ff8000000000000
core   0: 0x00000000800042b2 (0x5b4a7743) fmadd.d fa4, fs4, fs4, fa1
core   0: 1 0x00000000800042b2 (0x5b4a7743) f14 0x7ff8000000000000
core   0: 0x00000000800042b6 (0xc205f753) fcvt.w.d a4, fa1
core   0: 1 0x00000000800042b6 (0xc205f753) c1_fflags 0x0000000000000010 x14 0x000000007fffffff
core   0: 0x00000000800042ba (0x0128561b) srliw   a2, a6, 18
core   0: 1 0x00000000800042ba (0x0128561b) x12 0x0000000000000000
core   0: 0x00000000800042be (0x013989bb) addw    s3, s3, s3
core   0: 1 0x00000000800042be (0x013989bb) x19 0x0000000000000000
core   0: 0x00000000800042c2 (0xd23973d3) fcvt.d.lu ft7, s2
core   0: 1 0x00000000800042c2 (0xd23973d3) c1_fflags 0x0000000000000011 f7  0x43f0000000000000
core   0: 0x00000000800042c6 (0xd23279d3) fcvt.d.lu fs3, tp
core   0: 1 0x00000000800042c6 (0xd23279d3) f19 0x409ffc0000000000
core   0: 0x00000000800042ca (0xc0367bd3) fcvt.lu.s s7, fa2
core   0: 1 0x00000000800042ca (0xc0367bd3) x23 0x0000000000000000
core   0: 0x00000000800042ce (0x23498a53) fsgnj.d fs4, fs3, fs4
core   0: 1 0x00000000800042ce (0x23498a53) f20 0xc09ffc0000000000
core   0: 0x00000000800042d2 (0x03790933) mul     s2, s2, s7
core   0: 1 0x00000000800042d2 (0x03790933) x18 0x0000000000000000
core   0: 0x00000000800042d6 (0x012aee33) or      t3, s5, s2
core   0: 1 0x00000000800042d6 (0x012aee33) x28 0x000000007fffffff
core   0: 0x00000000800042da (0x03587333) remu    t1, a6, s5
core   0: 1 0x00000000800042da (0x03587333) x6  0x0000000000000000
core   0: 0x00000000800042de (0x00609c3b) sllw    s8, ra, t1
core   0: 1 0x00000000800042de (0x00609c3b) x24 0xffffffff80004014
core   0: 0x00000000800042e2 (0x00bc863b) addw    a2, s9, a1
core   0: 1 0x00000000800042e2 (0x00bc863b) x12 0xffffffffc0403672
core   0: 0x00000000800042e6 (0x01a5f133) and     sp, a1, s10
core   0: 1 0x00000000800042e6 (0x01a5f133) x2  0x0000000000000000
core   0: 0x00000000800042ea (0xf20b0a53) fmv.d.x fs4, s6
core   0: 1 0x00000000800042ea (0xf20b0a53) f20 0x0000000000000000
core   0: 0x00000000800042ee (0xc229fa53) fcvt.l.d s4, fs3
core   0: 1 0x00000000800042ee (0xc229fa53) x20 0x00000000000007ff
core   0: 0x00000000800042f2 (0xf1386af3) csrrsi  s5, mimpid, 16
core   0: exception trap_illegal_instruction, epc 0x00000000800042f2
core   0:           tval 0x00000000f1386af3
core   0: >>>>  $xrv64i2p1_m2p0_a2p1_f2p2_d2p2_zicsr2p0_zifencei2p0_zmmul1p0_zba1p0_zbb1p0_zbc1p0_zbs1p0
core   0: 0x0000000080004000 (0x0080006f) j       pc + 0x8
core   0: 3 0x0000000080004000 (0x0080006f)
core   0: >>>>  mmode_exception_handler
core   0: 0x0000000080004008 (0x00002c17) auipc   s8, 0x2
core   0: 3 0x0000000080004008 (0x00002c17) x24 0x0000000080006008
core   0: 0x000000008000400c (0x016c0c13) addi    s8, s8, 22
core   0: 3 0x000000008000400c (0x016c0c13) x24 0x000000008000601e
core   0: 0x0000000080004010 (0x000c00e7) jalr    s8
core   0: 3 0x0000000080004010 (0x000c00e7) x1  0x0000000080004014
core   0: >>>>  any_handler
core   0: 0x000000008000601e (0x341027f3) csrrs   a5, mepc, zero
core   0: 3 0x000000008000601e (0x341027f3) x15 0x00000000800042f2
core   0: 0x0000000080006022 (0x34202773) csrrs   a4, mcause, zero
core   0: 3 0x0000000080006022 (0x34202773) x14 0x0000000000000002
core   0: 0x0000000080006026 (0x142026f3) csrrs   a3, scause, zero
core   0: 3 0x0000000080006026 (0x142026f3) x13 0x0000000000000000
core   0: 0x000000008000602a (0x30402673) csrrs   a2, mie, zero
core   0: 3 0x000000008000602a (0x30402673) x12 0x0000000000000a00
core   0: 0x000000008000602e (0x344025f3) csrrs   a1, mip, zero
core   0: 3 0x000000008000602e (0x344025f3) x11 0x0000000000000080
core   0: 0x0000000080006032 (0x343025f3) csrrs   a1, mtval, zero
core   0: 3 0x0000000080006032 (0x343025f3) x11 0x00000000f1386af3
core   0: 0x0000000080006036 (0x14302573) csrrs   a0, stval, zero
core   0: 3 0x0000000080006036 (0x14302573) x10 0x0000000000000000
core   0: 0x000000008000603a (0xb02024f3) csrrs   s1, minstret, zero
core   0: 3 0x000000008000603a (0xb02024f3) x9  0x000000000000089d
core   0: 0x000000008000603e (0x0000a811) c.j     pc + 20
core   0: 3 0x000000008000603e (0xa811)
core   0: >>>>  mepc_4
core   0: 0x0000000080006052 (0x00000791) c.addi  a5, 4
core   0: 3 0x0000000080006052 (0x0791) x15 0x00000000800042f6
core   0: 0x0000000080006054 (0x34179073) csrrw   zero, mepc, a5
core   0: 3 0x0000000080006054 (0x34179073) c833_mepc 0x00000000800042f6
core   0: 0x0000000080006058 (0x30200073) mret
core   0: 3 0x0000000080006058 (0x30200073) c768_mstatus 0x8000000a00106080
core   0: 0x00000000800042f6 (0xe20c8b53) fmv.x.d s6, fs9
core   0: 1 0x00000000800042f6 (0xe20c8b53) x22 0x7ff8000000000000
core   0: 0x00000000800042fa (0x03b21eb3) mulh    t4, tp, s11
core   0: 1 0x00000000800042fa (0x03b21eb3) x29 0x0000000000000000
core   0: 0x00000000800042fe (0x00000001) c.nop
core   0: 1 0x00000000800042fe (0x0001)
core   0: 0x0000000080004300 (0x029eb8b3) mulhu   a7, t4, s1
core   0: 1 0x0000000080004300 (0x029eb8b3) x17 0x0000000000000000
core   0: 0x0000000080004304 (0x00017593) andi    a1, sp, 0
core   0: 1 0x0000000080004304 (0x00017593) x11 0x0000000000000000
core   0: 0x0000000080004308 (0x033619b3) mulh    s3, a2, s3
core   0: 1 0x0000000080004308 (0x033619b3) x19 0x0000000000000000
core   0: 0x000000008000430c (0x32355bf3) csrrwi  s7, mhpmevent3, 10
core   0: exception trap_illegal_instruction, epc 0x000000008000430c
core   0:           tval 0x0000000032355bf3
core   0: >>>>  $xrv64i2p1_m2p0_a2p1_f2p2_d2p2_zicsr2p0_zifencei2p0_zmmul1p0_zba1p0_zbb1p0_zbc1p0_zbs1p0
core   0: 0x0000000080004000 (0x0080006f) j       pc + 0x8
core   0: 3 0x0000000080004000 (0x0080006f)
core   0: >>>>  mmode_exception_handler
core   0: 0x0000000080004008 (0x00002c17) auipc   s8, 0x2
core   0: 3 0x0000000080004008 (0x00002c17) x24 0x0000000080006008
core   0: 0x000000008000400c (0x016c0c13) addi    s8, s8, 22
core   0: 3 0x000000008000400c (0x016c0c13) x24 0x000000008000601e
core   0: 0x0000000080004010 (0x000c00e7) jalr    s8
core   0: 3 0x0000000080004010 (0x000c00e7) x1  0x0000000080004014
core   0: >>>>  any_handler
core   0: 0x000000008000601e (0x341027f3) csrrs   a5, mepc, zero
core   0: 3 0x000000008000601e (0x341027f3) x15 0x000000008000430c
core   0: 0x0000000080006022 (0x34202773) csrrs   a4, mcause, zero
core   0: 3 0x0000000080006022 (0x34202773) x14 0x0000000000000002
core   0: 0x0000000080006026 (0x142026f3) csrrs   a3, scause, zero
core   0: 3 0x0000000080006026 (0x142026f3) x13 0x0000000000000000
core   0: 0x000000008000602a (0x30402673) csrrs   a2, mie, zero
core   0: 3 0x000000008000602a (0x30402673) x12 0x0000000000000a00
core   0: 0x000000008000602e (0x344025f3) csrrs   a1, mip, zero
core   0: 3 0x000000008000602e (0x344025f3) x11 0x0000000000000080
core   0: 0x0000000080006032 (0x343025f3) csrrs   a1, mtval, zero
core   0: 3 0x0000000080006032 (0x343025f3) x11 0x0000000032355bf3
core   0: 0x0000000080006036 (0x14302573) csrrs   a0, stval, zero
core   0: 3 0x0000000080006036 (0x14302573) x10 0x0000000000000000
core   0: 0x000000008000603a (0xb02024f3) csrrs   s1, minstret, zero
core   0: 3 0x000000008000603a (0xb02024f3) x9  0x00000000000008b3
core   0: 0x000000008000603e (0x0000a811) c.j     pc + 20
core   0: 3 0x000000008000603e (0xa811)
core   0: >>>>  mepc_4
core   0: 0x0000000080006052 (0x00000791) c.addi  a5, 4
core   0: 3 0x0000000080006052 (0x0791) x15 0x0000000080004310
core   0: 0x0000000080006054 (0x34179073) csrrw   zero, mepc, a5
core   0: 3 0x0000000080006054 (0x34179073) c833_mepc 0x0000000080004310
core   0: 0x0000000080006058 (0x30200073) mret
core   0: 3 0x0000000080006058 (0x30200073) c768_mstatus 0x8000000a00106080
core   0: 0x0000000080004310 (0x40055a13) srai    s4, a0, 0
core   0: 1 0x0000000080004310 (0x40055a13) x20 0x0000000000000000
core   0: 0x0000000080004314 (0x45360c1b) addiw   s8, a2, 1107
core   0: 1 0x0000000080004314 (0x45360c1b) x24 0x0000000000000e53
core   0: 0x0000000080004318 (0x3a3c7993) andi    s3, s8, 931
core   0: 1 0x0000000080004318 (0x3a3c7993) x19 0x0000000000000203
core   0: 0x000000008000431c (0xc03a7953) fcvt.lu.s s2, fs4
core   0: 1 0x000000008000431c (0xc03a7953) c1_fflags 0x0000000000000011 x18 0xffffffffffffffff
core   0: 0x0000000080004320 (0x0192eab3) or      s5, t0, s9
core   0: 1 0x0000000080004320 (0x0192eab3) x21 0xffffffffffffffff
core   0: 0x0000000080004324 (0xc03c7153) fcvt.lu.s sp, fs8
core   0: 1 0x0000000080004324 (0xc03c7153) x2  0x0000000000000000
core   0: 0x0000000080004328 (0x41fa559b) sraiw   a1, s4, 31
core   0: 1 0x0000000080004328 (0x41fa559b) x11 0x0000000000000000
core   0: 0x000000008000432c (0x418c5c33) sra     s8, s8, s8
core   0: 1 0x000000008000432c (0x418c5c33) x24 0x0000000000000000
core   0: 0x0000000080004330 (0x00ceceb3) xor     t4, t4, a2
core   0: 1 0x0000000080004330 (0x00ceceb3) x29 0x0000000000000a00
core   0: 0x0000000080004334 (0x0187013b) addw    sp, a4, s8
core   0: 1 0x0000000080004334 (0x0187013b) x2  0x0000000000000002
core   0: 0x0000000080004338 (0x2a3c01d3) fmin.d  ft3, fs8, ft3
core   0: 1 0x0000000080004338 (0x2a3c01d3) f3  0x7ff8000000000000
core   0: 0x000000008000433c (0x0011f193) andi    gp, gp, 1
core   0: 1 0x000000008000433c (0x0011f193) x3  0x0000000000000000
core   0: 0x0000000080004340 (0x0ff0000f) fence   iorw,iorw
core   0: 1 0x0000000080004340 (0x0ff0000f)
core   0: 0x0000000080004344 (0x4050073b) subw    a4, zero, t0
core   0: 1 0x0000000080004344 (0x4050073b) x14 0x0000000000000000
core   0: 0x0000000080004348 (0x002028f3) csrrs   a7, frm, zero
core   0: 1 0x0000000080004348 (0x002028f3) x17 0x0000000000000000
core   0: 0x000000008000434c (0x02da52b3) divu    t0, s4, a3
core   0: 1 0x000000008000434c (0x02da52b3) x5  0xffffffffffffffff
core   0: 0x0000000080004350 (0xc219fed3) fcvt.wu.d t4, fs3
core   0: 1 0x0000000080004350 (0xc219fed3) x29 0x00000000000007ff
core   0: 0x0000000080004354 (0x00159513) slli    a0, a1, 1
core   0: 1 0x0000000080004354 (0x00159513) x10 0x0000000000000000
core   0: 0x0000000080004358 (0xc204fed3) fcvt.w.d t4, fs1
core   0: 1 0x0000000080004358 (0xc204fed3) x29 0x0000000000000000
core   0: 0x000000008000435c (0xeb30f0c7) fmsub.d ft1, ft1, fs3, ft9
core   0: 1 0x000000008000435c (0xeb30f0c7) f1  0x0000000000000000
core   0: 0x0000000080004360 (0xe2008253) fmv.x.d tp, ft1
core   0: 1 0x0000000080004360 (0xe2008253) x4  0x0000000000000000
core   0: 0x0000000080004364 (0x00000001) c.nop
core   0: 1 0x0000000080004364 (0x0001)
core   0: 0x0000000080004366 (0xd21d8d53) fcvt.d.wu fs10, s11
core   0: 1 0x0000000080004366 (0xd21d8d53) f26 0x0000000000000000
core   0: 0x000000008000436a (0x009d909b) slliw   ra, s11, 9
core   0: 1 0x000000008000436a (0x009d909b) x1  0x0000000000000000
core   0: 0x000000008000436e (0x00109a73) csrrw   s4, fflags, ra
core   0: 1 0x000000008000436e (0x00109a73) x20 0x0000000000000011 c1_fflags 0x0000000000000000
core   0: 0x0000000080004372 (0x4035501b) sraiw   zero, a0, 3
core   0: 1 0x0000000080004372 (0x4035501b)
core   0: 0x0000000080004376 (0xf13af9f3) csrrci  s3, mimpid, 21
core   0: exception trap_illegal_instruction, epc 0x0000000080004376
core   0:           tval 0x00000000f13af9f3
core   0: >>>>  $xrv64i2p1_m2p0_a2p1_f2p2_d2p2_zicsr2p0_zifencei2p0_zmmul1p0_zba1p0_zbb1p0_zbc1p0_zbs1p0
core   0: 0x0000000080004000 (0x0080006f) j       pc + 0x8
core   0: 3 0x0000000080004000 (0x0080006f)
core   0: >>>>  mmode_exception_handler
core   0: 0x0000000080004008 (0x00002c17) auipc   s8, 0x2
core   0: 3 0x0000000080004008 (0x00002c17) x24 0x0000000080006008
core   0: 0x000000008000400c (0x016c0c13) addi    s8, s8, 22
core   0: 3 0x000000008000400c (0x016c0c13) x24 0x000000008000601e
core   0: 0x0000000080004010 (0x000c00e7) jalr    s8
core   0: 3 0x0000000080004010 (0x000c00e7) x1  0x0000000080004014
core   0: >>>>  any_handler
core   0: 0x000000008000601e (0x341027f3) csrrs   a5, mepc, zero
core   0: 3 0x000000008000601e (0x341027f3) x15 0x0000000080004376
core   0: 0x0000000080006022 (0x34202773) csrrs   a4, mcause, zero
core   0: 3 0x0000000080006022 (0x34202773) x14 0x0000000000000002
core   0: 0x0000000080006026 (0x142026f3) csrrs   a3, scause, zero
core   0: 3 0x0000000080006026 (0x142026f3) x13 0x0000000000000000
core   0: 0x000000008000602a (0x30402673) csrrs   a2, mie, zero
core   0: 3 0x000000008000602a (0x30402673) x12 0x0000000000000a00
core   0: 0x000000008000602e (0x344025f3) csrrs   a1, mip, zero
core   0: 3 0x000000008000602e (0x344025f3) x11 0x0000000000000080
core   0: 0x0000000080006032 (0x343025f3) csrrs   a1, mtval, zero
core   0: 3 0x0000000080006032 (0x343025f3) x11 0x00000000f13af9f3
core   0: 0x0000000080006036 (0x14302573) csrrs   a0, stval, zero
core   0: 3 0x0000000080006036 (0x14302573) x10 0x0000000000000000
core   0: 0x000000008000603a (0xb02024f3) csrrs   s1, minstret, zero
core   0: 3 0x000000008000603a (0xb02024f3) x9  0x00000000000008dd
core   0: 0x000000008000603e (0x0000a811) c.j     pc + 20
core   0: 3 0x000000008000603e (0xa811)
core   0: >>>>  mepc_4
core   0: 0x0000000080006052 (0x00000791) c.addi  a5, 4
core   0: 3 0x0000000080006052 (0x0791) x15 0x000000008000437a
core   0: 0x0000000080006054 (0x34179073) csrrw   zero, mepc, a5
core   0: 3 0x0000000080006054 (0x34179073) c833_mepc 0x000000008000437a
core   0: 0x0000000080006058 (0x30200073) mret
core   0: 3 0x0000000080006058 (0x30200073) c768_mstatus 0x8000000a00106080
core   0: 0x000000008000437a (0x0013e393) ori     t2, t2, 1
core   0: 1 0x000000008000437a (0x0013e393) x7  0xffffffffffffffff
core   0: 0x000000008000437e (0xbfc57693) andi    a3, a0, -1028
core   0: 1 0x000000008000437e (0xbfc57693) x13 0x0000000000000000
core   0: 0x0000000080004382 (0x00002401) c.addiw s0, 0
core   0: 1 0x0000000080004382 (0x2401) x8  0xfffffffffffff9e3
core   0: 0x0000000080004384 (0x23178e53) fsgnj.d ft8, fa5, fa7
core   0: 1 0x0000000080004384 (0x23178e53) f28 0x7fffffff00000000
core   0: 0x0000000080004388 (0x2aa81553) fmax.d  fa0, fa6, fa0
core   0: 1 0x0000000080004388 (0x2aa81553) f10 0x7ff8000000000000
core   0: 0x000000008000438c (0x014469b3) or      s3, s0, s4
core   0: 1 0x000000008000438c (0x014469b3) x19 0xfffffffffffff9f3
core   0: 0x0000000080004390 (0x0019dd9b) srliw   s11, s3, 1
core   0: 1 0x0000000080004390 (0x0019dd9b) x27 0x000000007ffffcf9
core   0: 0x0000000080004394 (0x02eb05b3) mul     a1, s6, a4
core   0: 1 0x0000000080004394 (0x02eb05b3) x11 0xfff0000000000000
core   0: 0x0000000080004398 (0x01461133) sll     sp, a2, s4
core   0: 1 0x0000000080004398 (0x01461133) x2  0x0000000014000000
core   0: 0x000000008000439c (0x00d5d1bb) srlw    gp, a1, a3
core   0: 1 0x000000008000439c (0x00d5d1bb) x3  0x0000000000000000
core   0: 0x00000000800043a0 (0xd2110dd3) fcvt.d.wu fs11, sp
core   0: 1 0x00000000800043a0 (0xd2110dd3) f27 0x41b4000000000000
core   0: 0x00000000800043a4 (0xd03a7953) fcvt.s.lu fs2, s4
core   0: 1 0x00000000800043a4 (0xd03a7953) f18 0xffffffff41880000
core   0: 0x00000000800043a8 (0x00000001) c.nop
core   0: 1 0x00000000800043a8 (0x0001)
core   0: 0x00000000800043aa (0xf87a3ab7) lui     s5, 0xf87a3
core   0: 1 0x00000000800043aa (0xf87a3ab7) x21 0xfffffffff87a3000
core   0: 0x00000000800043ae (0x2afd02d3) fmin.d  ft5, fs10, fa5
core   0: 1 0x00000000800043ae (0x2afd02d3) f5  0x0000000000000000
core   0: 0x00000000800043b2 (0x000adb13) srli    s6, s5, 0
core   0: 1 0x00000000800043b2 (0x000adb13) x22 0xfffffffff87a3000
core   0: 0x00000000800043b6 (0x019b0cbb) addw    s9, s6, s9
core   0: 1 0x00000000800043b6 (0x019b0cbb) x25 0xfffffffff87a2fff
core   0: 0x00000000800043ba (0x010853b3) srl     t2, a6, a6
core   0: 1 0x00000000800043ba (0x010853b3) x7  0x0000000000000000
core   0: 0x00000000800043be (0x0339f9c3) fmadd.d fs3, fs3, fs3, ft0
core   0: 1 0x00000000800043be (0x0339f9c3) f19 0x7ff8000000000000
core   0: 0x00000000800043c2 (0xc229f953) fcvt.l.d s2, fs3
core   0: 1 0x00000000800043c2 (0xc229f953) c1_fflags 0x0000000000000010 x18 0x7fffffffffffffff
core   0: 0x00000000800043c6 (0x02e96633) rem     a2, s2, a4
core   0: 1 0x00000000800043c6 (0x02e96633) x12 0x0000000000000001
core   0: 0x00000000800043ca (0xd233f453) fcvt.d.lu fs0, t2
core   0: 1 0x00000000800043ca (0xd233f453) f8  0x0000000000000000
core   0: 0x00000000800043ce (0x40f38233) sub     tp, t2, a5
core   0: 1 0x00000000800043ce (0x40f38233) x4  0xffffffff7fffbc86
core   0: 0x00000000800043d2 (0xafcc6a13) ori     s4, s8, -1284
core   0: 1 0x00000000800043d2 (0xafcc6a13) x20 0xfffffffffffffafe
core   0: 0x00000000800043d6 (0x007c2733) slt     a4, s8, t2
core   0: 1 0x00000000800043d6 (0x007c2733) x14 0x0000000000000000
core   0: 0x00000000800043da (0x4008581b) sraiw   a6, a6, 0
core   0: 1 0x00000000800043da (0x4008581b) x16 0x0000000000000000
core   0: 0x00000000800043de (0x22219c53) fsgnjn.d fs8, ft3, ft2
core   0: 1 0x00000000800043de (0x22219c53) f24 0xfff8000000000000
core   0: 0x00000000800043e2 (0x00202073) csrrs   zero, frm, zero
core   0: 1 0x00000000800043e2 (0x00202073)
core   0: 0x00000000800043e6 (0x0b1ff4d3) fsub.d  fs1, ft11, fa7
core   0: 1 0x00000000800043e6 (0x0b1ff4d3) f9  0x7ff8000000000000
core   0: 0x00000000800043ea (0x8b288113) addi    sp, a7, -1870
core   0: 1 0x00000000800043ea (0x8b288113) x2  0xfffffffffffff8b2
core   0: 0x00000000800043ee (0x0242023b) mulw    tp, tp, tp
core   0: 1 0x00000000800043ee (0x0242023b) x4  0x0000000011c91624
core   0: 0x00000000800043f2 (0x41a15d3b) sraw    s10, sp, s10
core   0: 1 0x00000000800043f2 (0x41a15d3b) x26 0xfffffffffffff8b2
core   0: 0x00000000800043f6 (0x2ad696d3) fmax.d  fa3, fa3, fa3
core   0: 1 0x00000000800043f6 (0x2ad696d3) f13 0x7ff8000000000000
core   0: 0x00000000800043fa (0x01a87d33) and     s10, a6, s10
core   0: 1 0x00000000800043fa (0x01a87d33) x26 0x0000000000000000
core   0: 0x00000000800043fe (0xff63aa37) lui     s4, 0xff63a
core   0: 1 0x00000000800043fe (0xff63aa37) x20 0xffffffffff63a000
core   0: 0x0000000080004402 (0xaefa0a1b) addiw   s4, s4, -1297
core   0: 1 0x0000000080004402 (0xaefa0a1b) x20 0xffffffffff639aef
core   0: 0x0000000080004406 (0x00000a36) c.slli  s4, 13
core   0: 1 0x0000000080004406 (0x0a36) x20 0xffffffec735de000
core   0: 0x0000000080004408 (0xb2aa0a13) addi    s4, s4, -1238
core   0: 1 0x0000000080004408 (0xb2aa0a13) x20 0xffffffec735ddb2a
core   0: 0x000000008000440c (0x02a34ab3) div     s5, t1, a0
core   0: 1 0x000000008000440c (0x02a34ab3) x21 0xffffffffffffffff
core   0: 0x0000000080004410 (0x71af0eb7) lui     t4, 0x71af0
core   0: 1 0x0000000080004410 (0x71af0eb7) x29 0x0000000071af0000
core   0: 0x0000000080004414 (0x001a1af3) csrrw   s5, fflags, s4
core   0: 1 0x0000000080004414 (0x001a1af3) x21 0x0000000000000010 c1_fflags 0x000000000000000a
core   0: 0x0000000080004418 (0x0278e2bb) remw    t0, a7, t2
core   0: 1 0x0000000080004418 (0x0278e2bb) x5  0x0000000000000000
core   0: 0x000000008000441c (0x0327e237) lui     tp, 0x327e
core   0: 1 0x000000008000441c (0x0327e237) x4  0x000000000327e000
core   0: 0x0000000080004420 (0x6e92021b) addiw   tp, tp, 1769
core   0: 1 0x0000000080004420 (0x6e92021b) x4  0x000000000327e6e9
core   0: 0x0000000080004424 (0x00000232) c.slli  tp, 12
core   0: 1 0x0000000080004424 (0x0232) x4  0x000000327e6e9000
core   0: 0x0000000080004426 (0xbf520213) addi    tp, tp, -1035
core   0: 1 0x0000000080004426 (0xbf520213) x4  0x000000327e6e8bf5
core   0: 0x000000008000442a (0x255a4cb7) lui     s9, 0x255a4
core   0: 1 0x000000008000442a (0x255a4cb7) x25 0x00000000255a4000
core   0: 0x000000008000442e (0xa2969053) flt.d   zero, fa3, fs1
core   0: 1 0x000000008000442e (0xa2969053) c1_fflags 0x000000000000001a
core   0: 0x0000000080004432 (0xfadff5c3) fmadd.d fa1, ft11, fa3, ft11
core   0: 1 0x0000000080004432 (0xfadff5c3) f11 0x7ff8000000000000
core   0: 0x0000000080004436 (0x001e953b) sllw    a0, t4, ra
core   0: 1 0x0000000080004436 (0x001e953b) x10 0x0000000000000000
core   0: 0x000000008000443a (0x0b6b7453) fsub.d  fs0, fs6, fs6
core   0: 1 0x000000008000443a (0x0b6b7453) f8  0x7ff8000000000000
core   0: 0x000000008000443e (0x039d79b3) remu    s3, s10, s9
core   0: 1 0x000000008000443e (0x039d79b3) x19 0x0000000000000000
core   0: 0x0000000080004442 (0x42f25213) srai    tp, tp, 47
core   0: 1 0x0000000080004442 (0x42f25213) x4  0x0000000000000000
core   0: 0x0000000080004446 (0x001391f3) csrrw   gp, fflags, t2
core   0: 1 0x0000000080004446 (0x001391f3) x3  0x000000000000001a c1_fflags 0x0000000000000000
core   0: 0x000000008000444a (0x106fe073) csrrsi  zero, scounteren, 31
core   0: 1 0x000000008000444a (0x106fe073) c262_scounteren 0x0000000000000000
core   0: 0x000000008000444e (0xf864e493) ori     s1, s1, -122
core   0: 1 0x000000008000444e (0xf864e493) x9  0xffffffffffffffdf
core   0: 0x0000000080004452 (0x401df653) fcvt.s.d fa2, fs11
core   0: 1 0x0000000080004452 (0x401df653) f12 0xffffffff4da00000
core   0: 0x0000000080004456 (0x407bd3b3) sra     t2, s7, t2
core   0: 1 0x0000000080004456 (0x407bd3b3) x7  0x0000000000000000
core   0: 0x000000008000445a (0x12bc7c53) fmul.d  fs8, fs8, fa1
core   0: 1 0x000000008000445a (0x12bc7c53) f24 0x7ff8000000000000
core   0: 0x000000008000445e (0xd021f3d3) fcvt.s.l ft7, gp
core   0: 1 0x000000008000445e (0xd021f3d3) f7  0xffffffff41d00000
core   0: 0x0000000080004462 (0x41d3d83b) sraw    a6, t2, t4
core   0: 1 0x0000000080004462 (0x41d3d83b) x16 0x0000000000000000
core   0: 0x0000000080004466 (0x02bbe733) rem     a4, s7, a1
core   0: 1 0x0000000080004466 (0x02bbe733) x14 0x0000000000000000
core   0: 0x000000008000446a (0x5233891b) addiw   s2, t2, 1315
core   0: 1 0x000000008000446a (0x5233891b) x18 0x0000000000000523
core   0: 0x000000008000446e (0xd2130d53) fcvt.d.wu fs10, t1
core   0: 1 0x000000008000446e (0xd2130d53) f26 0x0000000000000000
core   0: 0x0000000080004472 (0x220789d3) fsgnj.d fs3, fa5, ft0
core   0: 1 0x0000000080004472 (0x220789d3) f19 0x7fffffff00000000
core   0: 0x0000000080004476 (0x00000001) c.nop
core   0: 1 0x0000000080004476 (0x0001)
core   0: 0x0000000080004478 (0x01131e33) sll     t3, t1, a7
core   0: 1 0x0000000080004478 (0x01131e33) x28 0x0000000000000000
core   0: 0x000000008000447c (0x420985d3) fcvt.d.s fa1, fs3
core   0: 1 0x000000008000447c (0x420985d3) f11 0x7ff8000000000000
core   0: 0x0000000080004480 (0x400d5613) srai    a2, s10, 0
core   0: 1 0x0000000080004480 (0x400d5613) x12 0x0000000000000000
core   0: 0x0000000080004484 (0x0038d79b) srliw   a5, a7, 3
core   0: 1 0x0000000080004484 (0x0038d79b) x15 0x0000000000000000
core   0: 0x0000000080004488 (0x014c5cb3) srl     s9, s8, s4
core   0: 1 0x0000000080004488 (0x014c5cb3) x25 0x0000000000000000
core   0: 0x000000008000448c (0x0283463b) divw    a2, t1, s0
core   0: 1 0x000000008000448c (0x0283463b) x12 0x0000000000000000
core   0: 0x0000000080004490 (0x007e0bbb) addw    s7, t3, t2
core   0: 1 0x0000000080004490 (0x007e0bbb) x23 0x0000000000000000
core   0: 0x0000000080004494 (0x0afefe53) fsub.d  ft8, ft9, fa5
core   0: 1 0x0000000080004494 (0x0afefe53) f28 0x7ff8000000000000
core   0: 0x0000000080004498 (0x22930f53) fsgnj.d ft10, ft6, fs1
core   0: 1 0x0000000080004498 (0x22930f53) f30 0x7fffffff00000000
core   0: 0x000000008000449c (0x0174d833) srl     a6, s1, s7
core   0: 1 0x000000008000449c (0x0174d833) x16 0xffffffffffffffdf
core   0: 0x00000000800044a0 (0x00000001) c.nop
core   0: 1 0x00000000800044a0 (0x0001)
core   0: 0x00000000800044a2 (0x144820f3) csrrs   ra, sip, a6
core   0: 1 0x00000000800044a2 (0x144820f3) x1  0x0000000000000000 c836_mip 0x0000000000000080
core   0: 0x00000000800044a6 (0xc217f1d3) fcvt.wu.d gp, fa5
core   0: 1 0x00000000800044a6 (0xc217f1d3) c1_fflags 0x0000000000000010 x3  0xffffffffffffffff
core   0: 0x00000000800044aa (0x1f4cd117) auipc   sp, 0x1f4cd
core   0: 1 0x00000000800044aa (0x1f4cd117) x2  0x000000009f4d14aa
core   0: 0x00000000800044ae (0x22c29653) fsgnjn.d fa2, ft5, fa2
core   0: 1 0x00000000800044ae (0x22c29653) f12 0x0000000000000000
core   0: 0x00000000800044b2 (0x002b92b3) sll     t0, s7, sp
core   0: 1 0x00000000800044b2 (0x002b92b3) x5  0x0000000000000000
core   0: 0x00000000800044b6 (0x011294b3) sll     s1, t0, a7
core   0: 1 0x00000000800044b6 (0x011294b3) x9  0x0000000000000000
core   0: 0x00000000800044ba (0x03d65d13) srli    s10, a2, 61
core   0: 1 0x00000000800044ba (0x03d65d13) x26 0x0000000000000000
core   0: 0x00000000800044be (0x03a4f2bb) remuw   t0, s1, s10
core   0: 1 0x00000000800044be (0x03a4f2bb) x5  0x0000000000000000
core   0: 0x00000000800044c2 (0x01c5ae33) slt     t3, a1, t3
core   0: 1 0x00000000800044c2 (0x01c5ae33) x28 0x0000000000000001
core   0: 0x00000000800044c6 (0x00ae6533) or      a0, t3, a0
core   0: 1 0x00000000800044c6 (0x00ae6533) x10 0x0000000000000001
core   0: 0x00000000800044ca (0x02001193) slli    gp, zero, 32
core   0: 1 0x00000000800044ca (0x02001193) x3  0x0000000000000000
core   0: 0x00000000800044ce (0xf20a0953) fmv.d.x fs2, s4
core   0: 1 0x00000000800044ce (0xf20a0953) f18 0xffffffec735ddb2a
core   0: 0x00000000800044d2 (0x0301be33) mulhu   t3, gp, a6
core   0: 1 0x00000000800044d2 (0x0301be33) x28 0x0000000000000000
core   0: 0x00000000800044d6 (0x0214fe53) fadd.d  ft8, fs1, ft1
core   0: 1 0x00000000800044d6 (0x0214fe53) f28 0x7ff8000000000000
core   0: 0x00000000800044da (0x320e3b73) csrrc   s6, mcountinhibit, t3
core   0: exception trap_illegal_instruction, epc 0x00000000800044da
core   0:           tval 0x00000000320e3b73
core   0: >>>>  $xrv64i2p1_m2p0_a2p1_f2p2_d2p2_zicsr2p0_zifencei2p0_zmmul1p0_zba1p0_zbb1p0_zbc1p0_zbs1p0
core   0: 0x0000000080004000 (0x0080006f) j       pc + 0x8
core   0: 3 0x0000000080004000 (0x0080006f)
core   0: >>>>  mmode_exception_handler
core   0: 0x0000000080004008 (0x00002c17) auipc   s8, 0x2
core   0: 3 0x0000000080004008 (0x00002c17) x24 0x0000000080006008
core   0: 0x000000008000400c (0x016c0c13) addi    s8, s8, 22
core   0: 3 0x000000008000400c (0x016c0c13) x24 0x000000008000601e
core   0: 0x0000000080004010 (0x000c00e7) jalr    s8
core   0: 3 0x0000000080004010 (0x000c00e7) x1  0x0000000080004014
core   0: >>>>  any_handler
core   0: 0x000000008000601e (0x341027f3) csrrs   a5, mepc, zero
core   0: 3 0x000000008000601e (0x341027f3) x15 0x00000000800044da
core   0: 0x0000000080006022 (0x34202773) csrrs   a4, mcause, zero
core   0: 3 0x0000000080006022 (0x34202773) x14 0x0000000000000002
core   0: 0x0000000080006026 (0x142026f3) csrrs   a3, scause, zero
core   0: 3 0x0000000080006026 (0x142026f3) x13 0x0000000000000000
core   0: 0x000000008000602a (0x30402673) csrrs   a2, mie, zero
core   0: 3 0x000000008000602a (0x30402673) x12 0x0000000000000a00
core   0: 0x000000008000602e (0x344025f3) csrrs   a1, mip, zero
core   0: 3 0x000000008000602e (0x344025f3) x11 0x0000000000000080
core   0: 0x0000000080006032 (0x343025f3) csrrs   a1, mtval, zero
core   0: 3 0x0000000080006032 (0x343025f3) x11 0x00000000320e3b73
core   0: 0x0000000080006036 (0x14302573) csrrs   a0, stval, zero
core   0: 3 0x0000000080006036 (0x14302573) x10 0x0000000000000000
core   0: 0x000000008000603a (0xb02024f3) csrrs   s1, minstret, zero
core   0: 3 0x000000008000603a (0xb02024f3) x9  0x0000000000000948
core   0: 0x000000008000603e (0x0000a811) c.j     pc + 20
core   0: 3 0x000000008000603e (0xa811)
core   0: >>>>  mepc_4
core   0: 0x0000000080006052 (0x00000791) c.addi  a5, 4
core   0: 3 0x0000000080006052 (0x0791) x15 0x00000000800044de
core   0: 0x0000000080006054 (0x34179073) csrrw   zero, mepc, a5
core   0: 3 0x0000000080006054 (0x34179073) c833_mepc 0x00000000800044de
core   0: 0x0000000080006058 (0x30200073) mret
core   0: 3 0x0000000080006058 (0x30200073) c768_mstatus 0x8000000a00106080
core   0: 0x00000000800044de (0x3b62f24b) fnmsub.d ft4, ft5, fs6, ft7
core   0: 1 0x00000000800044de (0x3b62f24b) f4  0x7ff8000000000000
core   0: 0x00000000800044e2 (0x007c9abb) sllw    s5, s9, t2
core   0: 1 0x00000000800044e2 (0x007c9abb) x21 0x0000000000000000
core   0: 0x00000000800044e6 (0xc038fad3) fcvt.lu.s s5, fa7
core   0: 1 0x00000000800044e6 (0xc038fad3) c1_fflags 0x0000000000000010 x21 0xffffffffffffffff
core   0: 0x00000000800044ea (0x00008db9) c.xor   a1, a4
core   0: 1 0x00000000800044ea (0x8db9) x11 0x00000000320e3b71
core   0: 0x00000000800044ec (0x139cf6d3) fmul.d  fa3, fs9, fs9
core   0: 1 0x00000000800044ec (0x139cf6d3) f13 0x7ff8000000000000
core   0: 0x00000000800044f0 (0x306931f3) csrrc   gp, mcounteren, s2
core   0: exception trap_illegal_instruction, epc 0x00000000800044f0
core   0:           tval 0x00000000306931f3
core   0: >>>>  $xrv64i2p1_m2p0_a2p1_f2p2_d2p2_zicsr2p0_zifencei2p0_zmmul1p0_zba1p0_zbb1p0_zbc1p0_zbs1p0
core   0: 0x0000000080004000 (0x0080006f) j       pc + 0x8
core   0: 3 0x0000000080004000 (0x0080006f)
core   0: >>>>  mmode_exception_handler
core   0: 0x0000000080004008 (0x00002c17) auipc   s8, 0x2
core   0: 3 0x0000000080004008 (0x00002c17) x24 0x0000000080006008
core   0: 0x000000008000400c (0x016c0c13) addi    s8, s8, 22
core   0: 3 0x000000008000400c (0x016c0c13) x24 0x000000008000601e
core   0: 0x0000000080004010 (0x000c00e7) jalr    s8
core   0: 3 0x0000000080004010 (0x000c00e7) x1  0x0000000080004014
core   0: >>>>  any_handler
core   0: 0x000000008000601e (0x341027f3) csrrs   a5, mepc, zero
core   0: 3 0x000000008000601e (0x341027f3) x15 0x00000000800044f0
core   0: 0x0000000080006022 (0x34202773) csrrs   a4, mcause, zero
core   0: 3 0x0000000080006022 (0x34202773) x14 0x0000000000000002
core   0: 0x0000000080006026 (0x142026f3) csrrs   a3, scause, zero
core   0: 3 0x0000000080006026 (0x142026f3) x13 0x0000000000000000
core   0: 0x000000008000602a (0x30402673) csrrs   a2, mie, zero
core   0: 3 0x000000008000602a (0x30402673) x12 0x0000000000000a00
core   0: 0x000000008000602e (0x344025f3) csrrs   a1, mip, zero
core   0: 3 0x000000008000602e (0x344025f3) x11 0x0000000000000080
core   0: 0x0000000080006032 (0x343025f3) csrrs   a1, mtval, zero
core   0: 3 0x0000000080006032 (0x343025f3) x11 0x00000000306931f3
core   0: 0x0000000080006036 (0x14302573) csrrs   a0, stval, zero
core   0: 3 0x0000000080006036 (0x14302573) x10 0x0000000000000000
core   0: 0x000000008000603a (0xb02024f3) csrrs   s1, minstret, zero
core   0: 3 0x000000008000603a (0xb02024f3) x9  0x000000000000095d
core   0: 0x000000008000603e (0x0000a811) c.j     pc + 20
core   0: 3 0x000000008000603e (0xa811)
core   0: >>>>  mepc_4
core   0: 0x0000000080006052 (0x00000791) c.addi  a5, 4
core   0: 3 0x0000000080006052 (0x0791) x15 0x00000000800044f4
core   0: 0x0000000080006054 (0x34179073) csrrw   zero, mepc, a5
core   0: 3 0x0000000080006054 (0x34179073) c833_mepc 0x00000000800044f4
core   0: 0x0000000080006058 (0x30200073) mret
core   0: 3 0x0000000080006058 (0x30200073) c768_mstatus 0x8000000a00106080
core   0: 0x00000000800044f4 (0xd0357253) fcvt.s.lu ft4, a0
core   0: 1 0x00000000800044f4 (0xd0357253) f4  0xffffffff00000000
core   0: 0x00000000800044f8 (0x013783bb) addw    t2, a5, s3
core   0: 1 0x00000000800044f8 (0x013783bb) x7  0xffffffff800044f4
core   0: 0x00000000800044fc (0x00038a1b) sext.w  s4, t2
core   0: 1 0x00000000800044fc (0x00038a1b) x20 0xffffffff800044f4
core   0: 0x0000000080004500 (0x00778bbb) addw    s7, a5, t2
core   0: 1 0x0000000080004500 (0x00778bbb) x23 0x00000000000089e8
core   0: 0x0000000080004504 (0x03d1fdb3) remu    s11, gp, t4
core   0: 1 0x0000000080004504 (0x03d1fdb3) x27 0x0000000000000000
core   0: 0x0000000080004508 (0x02e4d2b3) divu    t0, s1, a4
core   0: 1 0x0000000080004508 (0x02e4d2b3) x5  0x00000000000004ae
core   0: 0x000000008000450c (0x017598b3) sll     a7, a1, s7
core   0: 1 0x000000008000450c (0x017598b3) x17 0x6931f30000000000
core   0: 0x0000000080004510 (0x5f16e693) ori     a3, a3, 1521
core   0: 1 0x0000000080004510 (0x5f16e693) x13 0x00000000000005f1
core   0: 0x0000000080004514 (0x03ad7253) fadd.d  ft4, fs10, fs10
core   0: 1 0x0000000080004514 (0x03ad7253) f4  0x0000000000000000
core   0: 0x0000000080004518 (0x4010fed3) fcvt.s.d ft9, ft1
core   0: 1 0x0000000080004518 (0x4010fed3) f29 0xffffffff00000000
core   0: 0x000000008000451c (0x9b78881b) addiw   a6, a7, -1609
core   0: 1 0x000000008000451c (0x9b78881b) x16 0xfffffffffffff9b7
core   0: 0x0000000080004520 (0x22437643) fmadd.d fa2, ft6, ft4, ft4
core   0: 1 0x0000000080004520 (0x22437643) f12 0x7ff8000000000000
core   0: 0x0000000080004524 (0x00009cb6) c.add   s9, a3
core   0: 1 0x0000000080004524 (0x9cb6) x25 0x00000000000005f1
core   0: 0x0000000080004526 (0xc20ef753) fcvt.w.d a4, ft9
core   0: 1 0x0000000080004526 (0xc20ef753) c1_fflags 0x0000000000000010 x14 0x000000007fffffff
core   0: 0x000000008000452a (0x01ca131b) slliw   t1, s4, 28
core   0: 1 0x000000008000452a (0x01ca131b) x6  0x0000000040000000
core   0: 0x000000008000452e (0x0310883b) mulw    a6, ra, a7
core   0: 1 0x000000008000452e (0x0310883b) x16 0x0000000000000000
core   0: 0x0000000080004532 (0x00a51533) sll     a0, a0, a0
core   0: 1 0x0000000080004532 (0x00a51533) x10 0x0000000000000000
core   0: 0x0000000080004536 (0xc201fe53) fcvt.w.d t3, ft3
core   0: 1 0x0000000080004536 (0xc201fe53) c1_fflags 0x0000000000000010 x28 0x000000007fffffff
core   0: 0x000000008000453a (0x4084d9bb) sraw    s3, s1, s0
core   0: 1 0x000000008000453a (0x4084d9bb) x19 0x000000000000012b
core   0: 0x000000008000453e (0x027e55b3) divu    a1, t3, t2
core   0: 1 0x000000008000453e (0x027e55b3) x11 0x0000000000000000
core   0: 0x0000000080004542 (0x0155dd9b) srliw   s11, a1, 21
core   0: 1 0x0000000080004542 (0x0155dd9b) x27 0x0000000000000000
core   0: 0x0000000080004546 (0x31007cf3) csrrci  s9, mstatush, 0
core   0: exception trap_illegal_instruction, epc 0x0000000080004546
core   0:           tval 0x0000000031007cf3
core   0: >>>>  $xrv64i2p1_m2p0_a2p1_f2p2_d2p2_zicsr2p0_zifencei2p0_zmmul1p0_zba1p0_zbb1p0_zbc1p0_zbs1p0
core   0: 0x0000000080004000 (0x0080006f) j       pc + 0x8
core   0: 3 0x0000000080004000 (0x0080006f)
core   0: >>>>  mmode_exception_handler
core   0: 0x0000000080004008 (0x00002c17) auipc   s8, 0x2
core   0: 3 0x0000000080004008 (0x00002c17) x24 0x0000000080006008
core   0: 0x000000008000400c (0x016c0c13) addi    s8, s8, 22
core   0: 3 0x000000008000400c (0x016c0c13) x24 0x000000008000601e
core   0: 0x0000000080004010 (0x000c00e7) jalr    s8
core   0: 3 0x0000000080004010 (0x000c00e7) x1  0x0000000080004014
core   0: >>>>  any_handler
core   0: 0x000000008000601e (0x341027f3) csrrs   a5, mepc, zero
core   0: 3 0x000000008000601e (0x341027f3) x15 0x0000000080004546
core   0: 0x0000000080006022 (0x34202773) csrrs   a4, mcause, zero
core   0: 3 0x0000000080006022 (0x34202773) x14 0x0000000000000002
core   0: 0x0000000080006026 (0x142026f3) csrrs   a3, scause, zero
core   0: 3 0x0000000080006026 (0x142026f3) x13 0x0000000000000000
core   0: 0x000000008000602a (0x30402673) csrrs   a2, mie, zero
core   0: 3 0x000000008000602a (0x30402673) x12 0x0000000000000a00
core   0: 0x000000008000602e (0x344025f3) csrrs   a1, mip, zero
core   0: 3 0x000000008000602e (0x344025f3) x11 0x0000000000000080
core   0: 0x0000000080006032 (0x343025f3) csrrs   a1, mtval, zero
core   0: 3 0x0000000080006032 (0x343025f3) x11 0x0000000031007cf3
core   0: 0x0000000080006036 (0x14302573) csrrs   a0, stval, zero
core   0: 3 0x0000000080006036 (0x14302573) x10 0x0000000000000000
core   0: 0x000000008000603a (0xb02024f3) csrrs   s1, minstret, zero
core   0: 3 0x000000008000603a (0xb02024f3) x9  0x0000000000000982
core   0: 0x000000008000603e (0x0000a811) c.j     pc + 20
core   0: 3 0x000000008000603e (0xa811)
core   0: >>>>  mepc_4
core   0: 0x0000000080006052 (0x00000791) c.addi  a5, 4
core   0: 3 0x0000000080006052 (0x0791) x15 0x000000008000454a
core   0: 0x0000000080006054 (0x34179073) csrrw   zero, mepc, a5
core   0: 3 0x0000000080006054 (0x34179073) c833_mepc 0x000000008000454a
core   0: 0x0000000080006058 (0x30200073) mret
core   0: 3 0x0000000080006058 (0x30200073) c768_mstatus 0x8000000a00106080
core   0: 0x000000008000454a (0x01bbf333) and     t1, s7, s11
core   0: 1 0x000000008000454a (0x01bbf333) x6  0x0000000000000000
core   0: 0x000000008000454e (0x406cd3b3) sra     t2, s9, t1
core   0: 1 0x000000008000454e (0x406cd3b3) x7  0x00000000000005f1
core   0: 0x0000000080004552 (0xd20e8ad3) fcvt.d.w fs5, t4
core   0: 1 0x0000000080004552 (0xd20e8ad3) f21 0x41dc6bc000000000
core   0: 0x0000000080004556 (0xfffc8a1b) addiw   s4, s9, -1
core   0: 1 0x0000000080004556 (0xfffc8a1b) x20 0x00000000000005f0
core   0: 0x000000008000455a (0x01fc1d9b) slliw   s11, s8, 31
core   0: 1 0x000000008000455a (0x01fc1d9b) x27 0x0000000000000000
core   0: 0x000000008000455e (0x02f677bb) remuw   a5, a2, a5
core   0: 1 0x000000008000455e (0x02f677bb) x15 0x0000000000000a00
core   0: 0x0000000080004562 (0x013024b3) slt     s1, zero, s3
core   0: 1 0x0000000080004562 (0x013024b3) x9  0x0000000000000001
core   0: 0x0000000080004566 (0x0003d793) srli    a5, t2, 0
core   0: 1 0x0000000080004566 (0x0003d793) x15 0x00000000000005f1
core   0: 0x000000008000456a (0xe3c57e4b) fnmsub.d ft8, fa0, ft8, ft8
core   0: 1 0x000000008000456a (0xe3c57e4b) f28 0x7ff8000000000000
core   0: 0x000000008000456e (0x406e5133) sra     sp, t3, t1
core   0: 1 0x000000008000456e (0x406e5133) x2  0x000000007fffffff
core   0: 0x0000000080004572 (0x0481801b) addiw   zero, gp, 72
core   0: 1 0x0000000080004572 (0x0481801b)
core   0: 0x0000000080004576 (0x01a6a2b3) slt     t0, a3, s10
core   0: 1 0x0000000080004576 (0x01a6a2b3) x5  0x0000000000000000
core   0: 0x000000008000457a (0x08b20bb7) lui     s7, 0x8b20
core   0: 1 0x000000008000457a (0x08b20bb7) x23 0x0000000008b20000
core   0: 0x000000008000457e (0xa3b206d3) fle.d   a3, ft4, fs11
core   0: 1 0x000000008000457e (0xa3b206d3) x13 0x0000000000000001
core   0: 0x0000000080004582 (0xd21e06d3) fcvt.d.wu fa3, t3
core   0: 1 0x0000000080004582 (0xd21e06d3) f13 0x41dfffffffc00000
core   0: 0x0000000080004586 (0x0088abb3) slt     s7, a7, s0
core   0: 1 0x0000000080004586 (0x0088abb3) x23 0x0000000000000000
core   0: 0x000000008000458a (0x800d0a13) addi    s4, s10, -2048
core   0: 1 0x000000008000458a (0x800d0a13) x20 0xfffffffffffff800
core   0: 0x000000008000458e (0x6a8d7dcb) fnmsub.d fs11, fs10, fs0, fa3
core   0: 1 0x000000008000458e (0x6a8d7dcb) f27 0x7ff8000000000000
core   0: 0x0000000080004592 (0x5a05f4d3) fsqrt.d fs1, fa1
core   0: 1 0x0000000080004592 (0x5a05f4d3) f9  0x7ff8000000000000
core   0: 0x0000000080004596 (0xd23578d3) fcvt.d.lu fa7, a0
core   0: 1 0x0000000080004596 (0xd23578d3) f17 0x0000000000000000
core   0: 0x000000008000459a (0x00c4541b) srliw   s0, s0, 12
core   0: 1 0x000000008000459a (0x00c4541b) x8  0x00000000000fffff
core   0: 0x000000008000459e (0xd239f653) fcvt.d.lu fa2, s3
core   0: 1 0x000000008000459e (0xd239f653) f12 0x4072b00000000000
core   0: 0x00000000800045a2 (0x03db34b3) mulhu   s1, s6, t4
core   0: 1 0x00000000800045a2 (0x03db34b3) x9  0x0000000071aeffff
core   0: 0x00000000800045a6 (0x02841db3) mulh    s11, s0, s0
core   0: 1 0x00000000800045a6 (0x02841db3) x27 0x0000000000000000
core   0: 0x00000000800045aa (0x02430433) mul     s0, t1, tp
core   0: 1 0x00000000800045aa (0x02430433) x8  0x0000000000000000
core   0: 0x00000000800045ae (0x0ff0000f) fence   iorw,iorw
core   0: 1 0x00000000800045ae (0x0ff0000f)
core   0: 0x00000000800045b2 (0xab10facf) fnmadd.d fs5, ft1, fa7, fs5
core   0: 1 0x00000000800045b2 (0xab10facf) f21 0xc1dc6bc000000000
core   0: 0x00000000800045b6 (0xf20984d3) fmv.d.x fs1, s3
core   0: 1 0x00000000800045b6 (0xf20984d3) f9  0x000000000000012b
core   0: 0x00000000800045ba (0x013981b3) add     gp, s3, s3
core   0: 1 0x00000000800045ba (0x013981b3) x3  0x0000000000000256
core   0: 0x00000000800045be (0x0ff0000f) fence   iorw,iorw
core   0: 1 0x00000000800045be (0x0ff0000f)
core   0: 0x00000000800045c2 (0xf20d0553) fmv.d.x fa0, s10
core   0: 1 0x00000000800045c2 (0xf20d0553) f10 0x0000000000000000
core   0: 0x00000000800045c6 (0x00b2963b) sllw    a2, t0, a1
core   0: 1 0x00000000800045c6 (0x00b2963b) x12 0x0000000000000000
core   0: 0x00000000800045ca (0x4156d533) sra     a0, a3, s5
core   0: 1 0x00000000800045ca (0x4156d533) x10 0x0000000000000000
core   0: 0x00000000800045ce (0x00159493) slli    s1, a1, 1
core   0: 1 0x00000000800045ce (0x00159493) x9  0x000000006200f9e6
core   0: 0x00000000800045d2 (0x039adb93) srli    s7, s5, 57
core   0: 1 0x00000000800045d2 (0x039adb93) x23 0x000000000000007f
core   0: 0x00000000800045d6 (0x02a2c1bb) divw    gp, t0, a0
core   0: 1 0x00000000800045d6 (0x02a2c1bb) x3  0xffffffffffffffff
core   0: 0x00000000800045da (0xfc277397) auipc   t2, 0xfc277
core   0: 1 0x00000000800045da (0xfc277397) x7  0x000000007c27b5da
core   0: 0x00000000800045de (0x014e8c3b) addw    s8, t4, s4
core   0: 1 0x00000000800045de (0x014e8c3b) x24 0x0000000071aef800
core   0: 0x00000000800045e2 (0x02638e33) mul     t3, t2, t1
core   0: 1 0x00000000800045e2 (0x02638e33) x28 0x0000000000000000
core   0: 0x00000000800045e6 (0x010b183b) sllw    a6, s6, a6
core   0: 1 0x00000000800045e6 (0x010b183b) x16 0xfffffffff87a3000
core   0: 0x00000000800045ea (0x000b921b) slliw   tp, s7, 0
core   0: 1 0x00000000800045ea (0x000b921b) x4  0x000000000000007f
core   0: 0x00000000800045ee (0x4136d53b) sraw    a0, a3, s3
core   0: 1 0x00000000800045ee (0x4136d53b) x10 0x0000000000000000
core   0: 0x00000000800045f2 (0x4007d39b) sraiw   t2, a5, 0
core   0: 1 0x00000000800045f2 (0x4007d39b) x7  0x00000000000005f1
core   0: 0x00000000800045f6 (0x007585bb) addw    a1, a1, t2
core   0: 1 0x00000000800045f6 (0x007585bb) x11 0x00000000310082e4
core   0: 0x00000000800045fa (0x001d1ef3) csrrw   t4, fflags, s10
core   0: 1 0x00000000800045fa (0x001d1ef3) x29 0x0000000000000010 c1_fflags 0x0000000000000000
core   0: 0x00000000800045fe (0x00099813) slli    a6, s3, 0
core   0: 1 0x00000000800045fe (0x00099813) x16 0x000000000000012b
core   0: 0x0000000080004602 (0xd0337ad3) fcvt.s.lu fs5, t1
core   0: 1 0x0000000080004602 (0xd0337ad3) f21 0xffffffff00000000
core   0: 0x0000000080004606 (0x2a6a9e53) fmax.d  ft8, fs5, ft6
core   0: 1 0x0000000080004606 (0x2a6a9e53) f28 0x7ff8000000000000
core   0: 0x000000008000460a (0x011105b3) add     a1, sp, a7
core   0: 1 0x000000008000460a (0x011105b3) x11 0x6931f3007fffffff
core   0: 0x000000008000460e (0xc231fdd3) fcvt.lu.d s11, ft3
core   0: 1 0x000000008000460e (0xc231fdd3) c1_fflags 0x0000000000000010 x27 0xffffffffffffffff
core   0: 0x0000000080004612 (0x2b491753) fmax.d  fa4, fs2, fs4
core   0: 1 0x0000000080004612 (0x2b491753) f14 0x0000000000000000
core   0: 0x0000000080004616 (0x40da89bb) subw    s3, s5, a3
core   0: 1 0x0000000080004616 (0x40da89bb) x19 0xfffffffffffffffe
core   0: 0x000000008000461a (0x227823d3) fsgnjx.d ft7, fa6, ft7
core   0: 1 0x000000008000461a (0x227823d3) f7  0x7fffffff00000000
core   0: 0x000000008000461e (0x035ec43b) divw    s0, t4, s5
core   0: 1 0x000000008000461e (0x035ec43b) x8  0xfffffffffffffff0
core   0: 0x0000000080004622 (0x9489f293) andi    t0, s3, -1720
core   0: 1 0x0000000080004622 (0x9489f293) x5  0xfffffffffffff948
core   0: 0x0000000080004626 (0x018e4033) xor     zero, t3, s8
core   0: 1 0x0000000080004626 (0x018e4033)
core   0: 0x000000008000462a (0x2be3f647) fmsub.d fa2, ft7, ft10, ft5
core   0: 1 0x000000008000462a (0x2be3f647) f12 0x7ff8000000000000
core   0: 0x000000008000462e (0x00561cb3) sll     s9, a2, t0
core   0: 1 0x000000008000462e (0x00561cb3) x25 0x0000000000000000
core   0: 0x0000000080004632 (0x03424a33) div     s4, tp, s4
core   0: 1 0x0000000080004632 (0x03424a33) x20 0x0000000000000000
core   0: 0x0000000080004636 (0x03988633) mul     a2, a7, s9
core   0: 1 0x0000000080004636 (0x03988633) x12 0x0000000000000000
core   0: 0x000000008000463a (0xc02f72d3) fcvt.l.s t0, ft10
core   0: 1 0x000000008000463a (0xc02f72d3) c1_fflags 0x0000000000000010 x5  0x7fffffffffffffff
core   0: 0x000000008000463e (0xa2cf0653) fle.d   a2, ft10, fa2
core   0: 1 0x000000008000463e (0xa2cf0653) c1_fflags 0x0000000000000010 x12 0x0000000000000000
core   0: 0x0000000080004642 (0x4016ff53) fcvt.s.d ft10, fa3
core   0: 1 0x0000000080004642 (0x4016ff53) c1_fflags 0x0000000000000011 f30 0xffffffff4f000000
core   0: 0x0000000080004646 (0x4186d3bb) sraw    t2, a3, s8
core   0: 1 0x0000000080004646 (0x4186d3bb) x7  0x0000000000000001
core   0: 0x000000008000464a (0xa2c87e43) fmadd.d ft8, fa6, fa2, fs4
core   0: 1 0x000000008000464a (0xa2c87e43) f28 0x7ff8000000000000
core   0: 0x000000008000464e (0x02b124b3) mulhsu  s1, sp, a1
core   0: 1 0x000000008000464e (0x02b124b3) x9  0x000000003498f97f
core   0: 0x0000000080004652 (0x000e5b9b) srliw   s7, t3, 0
core   0: 1 0x0000000080004652 (0x000e5b9b) x23 0x0000000000000000
core   0: 0x0000000080004656 (0x01946a33) or      s4, s0, s9
core   0: 1 0x0000000080004656 (0x01946a33) x20 0xfffffffffffffff0
core   0: 0x000000008000465a (0x01cd1e9b) slliw   t4, s10, 28
core   0: 1 0x000000008000465a (0x01cd1e9b) x29 0x0000000000000000
core   0: 0x000000008000465e (0x008d923b) sllw    tp, s11, s0
core   0: 1 0x000000008000465e (0x008d923b) x4  0xffffffffffff0000
core   0: 0x0000000080004662 (0x02432333) mulhsu  t1, t1, tp
core   0: 1 0x0000000080004662 (0x02432333) x6  0x0000000000000000
core   0: 0x0000000080004666 (0x00000001) c.nop
core   0: 1 0x0000000080004666 (0x0001)
core   0: 0x0000000080004668 (0x141055f3) csrrwi  a1, sepc, 0
core   0: 1 0x0000000080004668 (0x141055f3) x11 0x0000000000000000 c321_sepc 0x0000000000000000
core   0: 0x000000008000466c (0x030e5493) srli    s1, t3, 48
core   0: 1 0x000000008000466c (0x030e5493) x9  0x0000000000000000
core   0: 0x0000000080004670 (0x001021f3) csrrs   gp, fflags, zero
core   0: 1 0x0000000080004670 (0x001021f3) x3  0x0000000000000011
core   0: 0x0000000080004674 (0x01018e3b) addw    t3, gp, a6
core   0: 1 0x0000000080004674 (0x01018e3b) x28 0x000000000000013c
core   0: 0x0000000080004678 (0x41cc5c13) srai    s8, s8, 28
core   0: 1 0x0000000080004678 (0x41cc5c13) x24 0x0000000000000007
core   0: 0x000000008000467c (0x030bc9bb) divw    s3, s7, a6
core   0: 1 0x000000008000467c (0x030bc9bb) x19 0x0000000000000000
core   0: 0x0000000080004680 (0xc21cf8d3) fcvt.wu.d a7, fs9
core   0: 1 0x0000000080004680 (0xc21cf8d3) c1_fflags 0x0000000000000011 x17 0xffffffffffffffff
core   0: 0x0000000080004684 (0x0ff0000f) fence   iorw,iorw
core   0: 1 0x0000000080004684 (0x0ff0000f)
core   0: 0x0000000080004688 (0x78b2a3b7) lui     t2, 0x78b2a
core   0: 1 0x0000000080004688 (0x78b2a3b7) x7  0x0000000078b2a000
core   0: 0x000000008000468c (0x40880433) sub     s0, a6, s0
core   0: 1 0x000000008000468c (0x40880433) x8  0x000000000000013b
core   0: 0x0000000080004690 (0x0238783b) remuw   a6, a6, gp
core   0: 1 0x0000000080004690 (0x0238783b) x16 0x000000000000000a
core   0: 0x0000000080004694 (0x0bde7ed3) fsub.d  ft9, ft8, ft9
core   0: 1 0x0000000080004694 (0x0bde7ed3) f29 0x7ff8000000000000
core   0: 0x0000000080004698 (0x40bd8dbb) subw    s11, s11, a1
core   0: 1 0x0000000080004698 (0x40bd8dbb) x27 0xffffffffffffffff
core   0: 0x000000008000469c (0x41ac5d33) sra     s10, s8, s10
core   0: 1 0x000000008000469c (0x41ac5d33) x26 0x0000000000000007
core   0: 0x00000000800046a0 (0x01d95b93) srli    s7, s2, 29
core   0: 1 0x00000000800046a0 (0x01d95b93) x23 0x0000000000000000
core   0: 0x00000000800046a4 (0x4012f953) fcvt.s.d fs2, ft5
core   0: 1 0x00000000800046a4 (0x4012f953) f18 0xffffffff00000000
core   0: 0x00000000800046a8 (0xf358f9cf) fnmadd.d fs3, fa7, fs5, ft10
core   0: 1 0x00000000800046a8 (0xf358f9cf) f19 0x7ff8000000000000
core   0: 0x00000000800046ac (0x401dfdd3) fcvt.s.d fs11, fs11
core   0: 1 0x00000000800046ac (0x401dfdd3) f27 0xffffffff7fc00000
core   0: 0x00000000800046b0 (0x0235003b) mulw    zero, a0, gp
core   0: 1 0x00000000800046b0 (0x0235003b)
core   0: 0x00000000800046b4 (0x40ab02b3) sub     t0, s6, a0
core   0: 1 0x00000000800046b4 (0x40ab02b3) x5  0xfffffffff87a3000
core   0: 0x00000000800046b8 (0x40195c1b) sraiw   s8, s2, 1
core   0: 1 0x00000000800046b8 (0x40195c1b) x24 0x0000000000000291
core   0: 0x00000000800046bc (0x1280fdd3) fmul.d  fs11, ft1, fs0
core   0: 1 0x00000000800046bc (0x1280fdd3) f27 0x7ff8000000000000
core   0: 0x00000000800046c0 (0x00fc113b) sllw    sp, s8, a5
core   0: 1 0x00000000800046c0 (0x00fc113b) x2  0x0000000005220000
core   0: 0x00000000800046c4 (0xf13f7cf3) csrrci  s9, mimpid, 30
core   0: exception trap_illegal_instruction, epc 0x00000000800046c4
core   0:           tval 0x00000000f13f7cf3
core   0: >>>>  $xrv64i2p1_m2p0_a2p1_f2p2_d2p2_zicsr2p0_zifencei2p0_zmmul1p0_zba1p0_zbb1p0_zbc1p0_zbs1p0
core   0: 0x0000000080004000 (0x0080006f) j       pc + 0x8
core   0: 3 0x0000000080004000 (0x0080006f)
core   0: >>>>  mmode_exception_handler
core   0: 0x0000000080004008 (0x00002c17) auipc   s8, 0x2
core   0: 3 0x0000000080004008 (0x00002c17) x24 0x0000000080006008
core   0: 0x000000008000400c (0x016c0c13) addi    s8, s8, 22
core   0: 3 0x000000008000400c (0x016c0c13) x24 0x000000008000601e
core   0: 0x0000000080004010 (0x000c00e7) jalr    s8
core   0: 3 0x0000000080004010 (0x000c00e7) x1  0x0000000080004014
core   0: >>>>  any_handler
core   0: 0x000000008000601e (0x341027f3) csrrs   a5, mepc, zero
core   0: 3 0x000000008000601e (0x341027f3) x15 0x00000000800046c4
core   0: 0x0000000080006022 (0x34202773) csrrs   a4, mcause, zero
core   0: 3 0x0000000080006022 (0x34202773) x14 0x0000000000000002
core   0: 0x0000000080006026 (0x142026f3) csrrs   a3, scause, zero
core   0: 3 0x0000000080006026 (0x142026f3) x13 0x0000000000000000
core   0: 0x000000008000602a (0x30402673) csrrs   a2, mie, zero
core   0: 3 0x000000008000602a (0x30402673) x12 0x0000000000000a00
core   0: 0x000000008000602e (0x344025f3) csrrs   a1, mip, zero
core   0: 3 0x000000008000602e (0x344025f3) x11 0x0000000000000080
core   0: 0x0000000080006032 (0x343025f3) csrrs   a1, mtval, zero
core   0: 3 0x0000000080006032 (0x343025f3) x11 0x00000000f13f7cf3
core   0: 0x0000000080006036 (0x14302573) csrrs   a0, stval, zero
core   0: 3 0x0000000080006036 (0x14302573) x10 0x0000000000000000
core   0: 0x000000008000603a (0xb02024f3) csrrs   s1, minstret, zero
core   0: 3 0x000000008000603a (0xb02024f3) x9  0x00000000000009f1
core   0: 0x000000008000603e (0x0000a811) c.j     pc + 20
core   0: 3 0x000000008000603e (0xa811)
core   0: >>>>  mepc_4
core   0: 0x0000000080006052 (0x00000791) c.addi  a5, 4
core   0: 3 0x0000000080006052 (0x0791) x15 0x00000000800046c8
core   0: 0x0000000080006054 (0x34179073) csrrw   zero, mepc, a5
core   0: 3 0x0000000080006054 (0x34179073) c833_mepc 0x00000000800046c8
core   0: 0x0000000080006058 (0x30200073) mret
core   0: 3 0x0000000080006058 (0x30200073) c768_mstatus 0x8000000a00106080
core   0: 0x00000000800046c8 (0x5a00f4d3) fsqrt.d fs1, ft1
core   0: 1 0x00000000800046c8 (0x5a00f4d3) f9  0x0000000000000000
core   0: 0x00000000800046cc (0x02acf8bb) remuw   a7, s9, a0
core   0: 1 0x00000000800046cc (0x02acf8bb) x17 0x0000000000000000
core   0: 0x00000000800046d0 (0x00055533) srl     a0, a0, zero
core   0: 1 0x00000000800046d0 (0x00055533) x10 0x0000000000000000
core   0: 0x00000000800046d4 (0xf15719f3) csrrw   s3, mconfigptr, a4
core   0: exception trap_illegal_instruction, epc 0x00000000800046d4
core   0:           tval 0x00000000f15719f3
core   0: >>>>  $xrv64i2p1_m2p0_a2p1_f2p2_d2p2_zicsr2p0_zifencei2p0_zmmul1p0_zba1p0_zbb1p0_zbc1p0_zbs1p0
core   0: 0x0000000080004000 (0x0080006f) j       pc + 0x8
core   0: 3 0x0000000080004000 (0x0080006f)
core   0: >>>>  mmode_exception_handler
core   0: 0x0000000080004008 (0x00002c17) auipc   s8, 0x2
core   0: 3 0x0000000080004008 (0x00002c17) x24 0x0000000080006008
core   0: 0x000000008000400c (0x016c0c13) addi    s8, s8, 22
core   0: 3 0x000000008000400c (0x016c0c13) x24 0x000000008000601e
core   0: 0x0000000080004010 (0x000c00e7) jalr    s8
core   0: 3 0x0000000080004010 (0x000c00e7) x1  0x0000000080004014
core   0: >>>>  any_handler
core   0: 0x000000008000601e (0x341027f3) csrrs   a5, mepc, zero
core   0: 3 0x000000008000601e (0x341027f3) x15 0x00000000800046d4
core   0: 0x0000000080006022 (0x34202773) csrrs   a4, mcause, zero
core   0: 3 0x0000000080006022 (0x34202773) x14 0x0000000000000002
core   0: 0x0000000080006026 (0x142026f3) csrrs   a3, scause, zero
core   0: 3 0x0000000080006026 (0x142026f3) x13 0x0000000000000000
core   0: 0x000000008000602a (0x30402673) csrrs   a2, mie, zero
core   0: 3 0x000000008000602a (0x30402673) x12 0x0000000000000a00
core   0: 0x000000008000602e (0x344025f3) csrrs   a1, mip, zero
core   0: 3 0x000000008000602e (0x344025f3) x11 0x0000000000000080
core   0: 0x0000000080006032 (0x343025f3) csrrs   a1, mtval, zero
core   0: 3 0x0000000080006032 (0x343025f3) x11 0x00000000f15719f3
core   0: 0x0000000080006036 (0x14302573) csrrs   a0, stval, zero
core   0: 3 0x0000000080006036 (0x14302573) x10 0x0000000000000000
core   0: 0x000000008000603a (0xb02024f3) csrrs   s1, minstret, zero
core   0: 3 0x000000008000603a (0xb02024f3) x9  0x0000000000000a04
core   0: 0x000000008000603e (0x0000a811) c.j     pc + 20
core   0: 3 0x000000008000603e (0xa811)
core   0: >>>>  mepc_4
core   0: 0x0000000080006052 (0x00000791) c.addi  a5, 4
core   0: 3 0x0000000080006052 (0x0791) x15 0x00000000800046d8
core   0: 0x0000000080006054 (0x34179073) csrrw   zero, mepc, a5
core   0: 3 0x0000000080006054 (0x34179073) c833_mepc 0x00000000800046d8
core   0: 0x0000000080006058 (0x30200073) mret
core   0: 3 0x0000000080006058 (0x30200073) c768_mstatus 0x8000000a00106080
core   0: 0x00000000800046d8 (0x02b3883b) mulw    a6, t2, a1
core   0: 1 0x00000000800046d8 (0x02b3883b) x16 0x00000000632de000
core   0: 0x00000000800046dc (0x0002d29b) srliw   t0, t0, 0
core   0: 1 0x00000000800046dc (0x0002d29b) x5  0xfffffffff87a3000
core   0: 0x00000000800046e0 (0xc220fd53) fcvt.l.d s10, ft1
core   0: 1 0x00000000800046e0 (0xc220fd53) x26 0x0000000000000000
core   0: 0x00000000800046e4 (0xc02df653) fcvt.l.s a2, fs11
core   0: 1 0x00000000800046e4 (0xc02df653) c1_fflags 0x0000000000000011 x12 0x7fffffffffffffff
core   0: 0x00000000800046e8 (0x00455713) srli    a4, a0, 4
core   0: 1 0x00000000800046e8 (0x00455713) x14 0x0000000000000000
core   0: 0x00000000800046ec (0x023797b3) mulh    a5, a5, gp
core   0: 1 0x00000000800046ec (0x023797b3) x15 0x0000000000000000
core   0: 0x00000000800046f0 (0x4b7bfbc3) fmadd.d fs7, fs7, fs7, fs1
core   0: 1 0x00000000800046f0 (0x4b7bfbc3) f23 0x7ff8000000000000
core   0: 0x00000000800046f4 (0x00279873) csrrw   a6, frm, a5
core   0: 1 0x00000000800046f4 (0x00279873) x16 0x0000000000000000 c2_frm 0x0000000000000000
core   0: 0x00000000800046f8 (0x00e90a33) add     s4, s2, a4
core   0: 1 0x00000000800046f8 (0x00e90a33) x20 0x0000000000000523
core   0: 0x00000000800046fc (0x137b79d3) fmul.d  fs3, fs6, fs7
core   0: 1 0x00000000800046fc (0x137b79d3) f19 0x7ff8000000000000
core   0: 0x0000000080004700 (0xc21ff453) fcvt.wu.d s0, ft11
core   0: 1 0x0000000080004700 (0xc21ff453) c1_fflags 0x0000000000000011 x8  0xffffffffffffffff
core   0: 0x0000000080004704 (0x23861053) fsgnjn.d ft0, fa2, fs8
core   0: 1 0x0000000080004704 (0x23861053) f0  0xfff8000000000000
core   0: 0x0000000080004708 (0x01f39c1b) slliw   s8, t2, 31
core   0: 1 0x0000000080004708 (0x01f39c1b) x24 0x0000000000000000
core   0: 0x000000008000470c (0x0ff0000f) fence   iorw,iorw
core   0: 1 0x000000008000470c (0x0ff0000f)
core   0: 0x0000000080004710 (0xf0c9f993) andi    s3, s3, -244
core   0: 1 0x0000000080004710 (0xf0c9f993) x19 0x0000000000000000
core   0: 0x0000000080004714 (0x003cee33) or      t3, s9, gp
core   0: 1 0x0000000080004714 (0x003cee33) x28 0x0000000000000011
core   0: 0x0000000080004718 (0x029f7153) fadd.d  ft2, ft10, fs1
core   0: 1 0x0000000080004718 (0x029f7153) f2  0x7ff8000000000000
core   0: 0x000000008000471c (0xc022f653) fcvt.l.s a2, ft5
core   0: 1 0x000000008000471c (0xc022f653) c1_fflags 0x0000000000000011 x12 0x7fffffffffffffff
core   0: 0x0000000080004720 (0x00cd5cb3) srl     s9, s10, a2
core   0: 1 0x0000000080004720 (0x00cd5cb3) x25 0x0000000000000000
core   0: 0x0000000080004724 (0x01f85e9b) srliw   t4, a6, 31
core   0: 1 0x0000000080004724 (0x01f85e9b) x29 0x0000000000000000
core   0: 0x0000000080004728 (0x01ce4433) xor     s0, t3, t3
core   0: 1 0x0000000080004728 (0x01ce4433) x8  0x0000000000000000
core   0: 0x000000008000472c (0xd0257653) fcvt.s.l fa2, a0
core   0: 1 0x000000008000472c (0xd0257653) f12 0xffffffff00000000
core   0: 0x0000000080004730 (0x00102b73) csrrs   s6, fflags, zero
core   0: 1 0x0000000080004730 (0x00102b73) x22 0x0000000000000011
core   0: 0x0000000080004734 (0x0000909b) slliw   ra, ra, 0
core   0: 1 0x0000000080004734 (0x0000909b) x1  0xffffffff80004014
core   0: 0x0000000080004738 (0x02a37553) fadd.d  fa0, ft6, fa0
core   0: 1 0x0000000080004738 (0x02a37553) f10 0x7ff8000000000000
core   0: 0x000000008000473c (0x40157953) fcvt.s.d fs2, fa0
core   0: 1 0x000000008000473c (0x40157953) f18 0xffffffff7fc00000
core   0: 0x0000000080004740 (0xd2257ad3) fcvt.d.l fs5, a0
core   0: 1 0x0000000080004740 (0xd2257ad3) f21 0x0000000000000000
core   0: 0x0000000080004744 (0x00c31e33) sll     t3, t1, a2
core   0: 1 0x0000000080004744 (0x00c31e33) x28 0x0000000000000000
core   0: 0x0000000080004748 (0x013e6133) or      sp, t3, s3
core   0: 1 0x0000000080004748 (0x013e6133) x2  0x0000000000000000
core   0: 0x000000008000474c (0x1afb74d3) fdiv.d  fs1, fs6, fa5
core   0: 1 0x000000008000474c (0x1afb74d3) f9  0x7ff8000000000000
core   0: 0x0000000080004750 (0x00ae95b3) sll     a1, t4, a0
core   0: 1 0x0000000080004750 (0x00ae95b3) x11 0x0000000000000000
core   0: 0x0000000080004754 (0x0010d49b) srliw   s1, ra, 1
core   0: 1 0x0000000080004754 (0x0010d49b) x9  0x000000004000200a
core   0: 0x0000000080004758 (0xf8201b37) lui     s6, 0xf8201
core   0: 1 0x0000000080004758 (0xf8201b37) x22 0xfffffffff8201000
core   0: 0x000000008000475c (0xa6fb0b1b) addiw   s6, s6, -1425
core   0: 1 0x000000008000475c (0xa6fb0b1b) x22 0xfffffffff8200a6f
core   0: 0x0000000080004760 (0x00000b32) c.slli  s6, 12
core   0: 1 0x0000000080004760 (0x0b32) x22 0xffffff8200a6f000
core   0: 0x0000000080004762 (0xd0db0b13) addi    s6, s6, -755
core   0: 1 0x0000000080004762 (0xd0db0b13) x22 0xffffff8200a6ed0d
core   0: 0x0000000080004766 (0x013b1413) slli    s0, s6, 19
core   0: 1 0x0000000080004766 (0x013b1413) x8  0xfc10053768680000
core   0: 0x000000008000476a (0x3441a373) csrrs   t1, mip, gp
core   0: exception trap_illegal_instruction, epc 0x000000008000476a
core   0:           tval 0x000000003441a373
core   0: >>>>  $xrv64i2p1_m2p0_a2p1_f2p2_d2p2_zicsr2p0_zifencei2p0_zmmul1p0_zba1p0_zbb1p0_zbc1p0_zbs1p0
core   0: 0x0000000080004000 (0x0080006f) j       pc + 0x8
core   0: 3 0x0000000080004000 (0x0080006f)
core   0: >>>>  mmode_exception_handler
core   0: 0x0000000080004008 (0x00002c17) auipc   s8, 0x2
core   0: 3 0x0000000080004008 (0x00002c17) x24 0x0000000080006008
core   0: 0x000000008000400c (0x016c0c13) addi    s8, s8, 22
core   0: 3 0x000000008000400c (0x016c0c13) x24 0x000000008000601e
core   0: 0x0000000080004010 (0x000c00e7) jalr    s8
core   0: 3 0x0000000080004010 (0x000c00e7) x1  0x0000000080004014
core   0: >>>>  any_handler
core   0: 0x000000008000601e (0x341027f3) csrrs   a5, mepc, zero
core   0: 3 0x000000008000601e (0x341027f3) x15 0x000000008000476a
core   0: 0x0000000080006022 (0x34202773) csrrs   a4, mcause, zero
core   0: 3 0x0000000080006022 (0x34202773) x14 0x0000000000000002
core   0: 0x0000000080006026 (0x142026f3) csrrs   a3, scause, zero
core   0: 3 0x0000000080006026 (0x142026f3) x13 0x0000000000000000
core   0: 0x000000008000602a (0x30402673) csrrs   a2, mie, zero
core   0: 3 0x000000008000602a (0x30402673) x12 0x0000000000000a00
core   0: 0x000000008000602e (0x344025f3) csrrs   a1, mip, zero
core   0: 3 0x000000008000602e (0x344025f3) x11 0x0000000000000080
core   0: 0x0000000080006032 (0x343025f3) csrrs   a1, mtval, zero
core   0: 3 0x0000000080006032 (0x343025f3) x11 0x000000003441a373
core   0: 0x0000000080006036 (0x14302573) csrrs   a0, stval, zero
core   0: 3 0x0000000080006036 (0x14302573) x10 0x0000000000000000
core   0: 0x000000008000603a (0xb02024f3) csrrs   s1, minstret, zero
core   0: 3 0x000000008000603a (0xb02024f3) x9  0x0000000000000a39
core   0: 0x000000008000603e (0x0000a811) c.j     pc + 20
core   0: 3 0x000000008000603e (0xa811)
core   0: >>>>  mepc_4
core   0: 0x0000000080006052 (0x00000791) c.addi  a5, 4
core   0: 3 0x0000000080006052 (0x0791) x15 0x000000008000476e
core   0: 0x0000000080006054 (0x34179073) csrrw   zero, mepc, a5
core   0: 3 0x0000000080006054 (0x34179073) c833_mepc 0x000000008000476e
core   0: 0x0000000080006058 (0x30200073) mret
core   0: 3 0x0000000080006058 (0x30200073) c768_mstatus 0x8000000a00106080
core   0: 0x000000008000476e (0x014470b3) and     ra, s0, s4
core   0: 1 0x000000008000476e (0x014470b3) x1  0x0000000000000000
core   0: 0x0000000080004772 (0x22ed9dd3) fsgnjn.d fs11, fs11, fa4
core   0: 1 0x0000000080004772 (0x22ed9dd3) f27 0xfff8000000000000
core   0: 0x0000000080004776 (0x00237bb3) and     s7, t1, sp
core   0: 1 0x0000000080004776 (0x00237bb3) x23 0x0000000000000000
core   0: 0x000000008000477a (0x000d9213) slli    tp, s11, 0
core   0: 1 0x000000008000477a (0x000d9213) x4  0xffffffffffffffff
core   0: 0x000000008000477e (0x025c613b) remw    sp, s8, t0
core   0: 1 0x000000008000477e (0x025c613b) x2  0xffffffffffe3301e
core   0: 0x0000000080004782 (0x02c686bb) mulw    a3, a3, a2
core   0: 1 0x0000000080004782 (0x02c686bb) x13 0x0000000000000000
core   0: 0x0000000080004786 (0x00868733) add     a4, a3, s0
core   0: 1 0x0000000080004786 (0x00868733) x14 0xfc10053768680000
core   0: 0x000000008000478a (0x00102673) csrrs   a2, fflags, zero
core   0: 1 0x000000008000478a (0x00102673) x12 0x0000000000000011
core   0: 0x000000008000478e (0x01b544b3) xor     s1, a0, s11
core   0: 1 0x000000008000478e (0x01b544b3) x9  0xffffffffffffffff
core   0: 0x0000000080004792 (0x01870633) add     a2, a4, s8
core   0: 1 0x0000000080004792 (0x01870633) x12 0xfc100537e868601e
core   0: 0x0000000080004796 (0x000382bb) addw    t0, t2, zero
core   0: 1 0x0000000080004796 (0x000382bb) x5  0x0000000078b2a000
core   0: 0x000000008000479a (0x9279f947) fmsub.d fs2, fs3, ft7, fs2
core   0: 1 0x000000008000479a (0x9279f947) f18 0x7ff8000000000000
core   0: 0x000000008000479e (0x23c11e53) fsgnjn.d ft8, ft2, ft8
core   0: 1 0x000000008000479e (0x23c11e53) f28 0xfff8000000000000
core   0: 0x00000000800047a2 (0xd2128c53) fcvt.d.wu fs8, t0
core   0: 1 0x00000000800047a2 (0xd2128c53) f24 0x41de2ca800000000
core   0: 0x00000000800047a6 (0x0313d43b) divuw   s0, t2, a7
core   0: 1 0x00000000800047a6 (0x0313d43b) x8  0xffffffffffffffff
core   0: 0x00000000800047aa (0x0083d13b) srlw    sp, t2, s0
core   0: 1 0x00000000800047aa (0x0083d13b) x2  0x0000000000000000
core   0: 0x00000000800047ae (0x00102073) csrrs   zero, fflags, zero
core   0: 1 0x00000000800047ae (0x00102073)
core   0: 0x00000000800047b2 (0x0ff0000f) fence   iorw,iorw
core   0: 1 0x00000000800047b2 (0x0ff0000f)
core   0: 0x00000000800047b6 (0x4006d1b3) sra     gp, a3, zero
core   0: 1 0x00000000800047b6 (0x4006d1b3) x3  0x0000000000000000
core   0: 0x00000000800047ba (0xf20c8ad3) fmv.d.x fs5, s9
core   0: 1 0x00000000800047ba (0xf20c8ad3) f21 0x0000000000000000
core   0: 0x00000000800047be (0x0029da13) srli    s4, s3, 2
core   0: 1 0x00000000800047be (0x0029da13) x20 0x0000000000000000
core   0: 0x00000000800047c2 (0x00008a81) c.andi  a3, 0
core   0: 1 0x00000000800047c2 (0x8a81) x13 0x0000000000000000
core   0: 0x00000000800047c4 (0x42105493) srai    s1, zero, 33
core   0: 1 0x00000000800047c4 (0x42105493) x9  0x0000000000000000
core   0: 0x00000000800047c8 (0x0ff0000f) fence   iorw,iorw
core   0: 1 0x00000000800047c8 (0x0ff0000f)
core   0: 0x00000000800047cc (0x4010813b) subw    sp, ra, ra
core   0: 1 0x00000000800047cc (0x4010813b) x2  0x0000000000000000
core   0: 0x00000000800047d0 (0x22a08fd3) fsgnj.d ft11, ft1, fa0
core   0: 1 0x00000000800047d0 (0x22a08fd3) f31 0x0000000000000000
core   0: 0x00000000800047d4 (0xc024f353) fcvt.l.s t1, fs1
core   0: 1 0x00000000800047d4 (0xc024f353) c1_fflags 0x0000000000000011 x6  0x7fffffffffffffff
core   0: 0x00000000800047d8 (0x00000001) c.nop
core   0: 1 0x00000000800047d8 (0x0001)
core   0: 0x00000000800047da (0x0a430c1b) addiw   s8, t1, 164
core   0: 1 0x00000000800047da (0x0a430c1b) x24 0x00000000000000a3
core   0: 0x00000000800047de (0x5a04f7d3) fsqrt.d fa5, fs1
core   0: 1 0x00000000800047de (0x5a04f7d3) f15 0x7ff8000000000000
core   0: 0x00000000800047e2 (0x41dc8ebb) subw    t4, s9, t4
core   0: 1 0x00000000800047e2 (0x41dc8ebb) x29 0x0000000000000000
core   0: 0x00000000800047e6 (0x1297fa53) fmul.d  fs4, fa5, fs1
core   0: 1 0x00000000800047e6 (0x1297fa53) f20 0x7ff8000000000000
core   0: 0x00000000800047ea (0x03d42db3) mulhsu  s11, s0, t4
core   0: 1 0x00000000800047ea (0x03d42db3) x27 0x0000000000000000
core   0: 0x00000000800047ee (0x0ff0000f) fence   iorw,iorw
core   0: 1 0x00000000800047ee (0x0ff0000f)
core   0: 0x00000000800047f2 (0x01b1e733) or      a4, gp, s11
core   0: 1 0x00000000800047f2 (0x01b1e733) x14 0x0000000000000000
core   0: 0x00000000800047f6 (0xd21d84d3) fcvt.d.wu fs1, s11
core   0: 1 0x00000000800047f6 (0xd21d84d3) f9  0x0000000000000000
core   0: 0x00000000800047fa (0x12ff73d3) fmul.d  ft7, ft10, fa5
core   0: 1 0x00000000800047fa (0x12ff73d3) f7  0x7ff8000000000000
core   0: 0x00000000800047fe (0x5a0e7c53) fsqrt.d fs8, ft8
core   0: 1 0x00000000800047fe (0x5a0e7c53) f24 0x7ff8000000000000
core   0: 0x0000000080004802 (0x03a0ccb3) div     s9, ra, s10
core   0: 1 0x0000000080004802 (0x03a0ccb3) x25 0xffffffffffffffff
core   0: 0x0000000080004806 (0x231b08d3) fsgnj.d fa7, fs6, fa7
core   0: 1 0x0000000080004806 (0x231b08d3) f17 0x7fffffff00000000
core   0: 0x000000008000480a (0xc03a75d3) fcvt.lu.s a1, fs4
core   0: 1 0x000000008000480a (0xc03a75d3) c1_fflags 0x0000000000000011 x11 0xffffffffffffffff
core   0: 0x000000008000480e (0x00202073) csrrs   zero, frm, zero
core   0: 1 0x000000008000480e (0x00202073)
core   0: 0x0000000080004812 (0x0bfeffd3) fsub.d  ft11, ft9, ft11
core   0: 1 0x0000000080004812 (0x0bfeffd3) f31 0x7ff8000000000000
core   0: 0x0000000080004816 (0x00b06133) or      sp, zero, a1
core   0: 1 0x0000000080004816 (0x00b06133) x2  0xffffffffffffffff
core   0: 0x000000008000481a (0x011777b3) and     a5, a4, a7
core   0: 1 0x000000008000481a (0x011777b3) x15 0x0000000000000000
core   0: 0x000000008000481e (0x401df253) fcvt.s.d ft4, fs11
core   0: 1 0x000000008000481e (0x401df253) f4  0xffffffff7fc00000
core   0: 0x0000000080004822 (0x00d15eb3) srl     t4, sp, a3
core   0: 1 0x0000000080004822 (0x00d15eb3) x29 0xffffffffffffffff
core   0: 0x0000000080004826 (0x03d0593b) divuw   s2, zero, t4
core   0: 1 0x0000000080004826 (0x03d0593b) x18 0x0000000000000000
core   0: 0x000000008000482a (0x42435613) srai    a2, t1, 36
core   0: 1 0x000000008000482a (0x42435613) x12 0x0000000007ffffff
core   0: 0x000000008000482e (0x40aa5a3b) sraw    s4, s4, a0
core   0: 1 0x000000008000482e (0x40aa5a3b) x20 0x0000000000000000
core   0: 0x0000000080004832 (0x03a87d33) remu    s10, a6, s10
core   0: 1 0x0000000080004832 (0x03a87d33) x26 0x0000000000000000
core   0: 0x0000000080004836 (0x00169873) csrrw   a6, fflags, a3
core   0: 1 0x0000000080004836 (0x00169873) x16 0x0000000000000011 c1_fflags 0x0000000000000000
core   0: 0x000000008000483a (0x01b59033) sll     zero, a1, s11
core   0: 1 0x000000008000483a (0x01b59033)
core   0: 0x000000008000483e (0xc03af7d3) fcvt.lu.s a5, fs5
core   0: 1 0x000000008000483e (0xc03af7d3) c1_fflags 0x0000000000000010 x15 0xffffffffffffffff
core   0: 0x0000000080004842 (0xabe27ac3) fmadd.d fs5, ft4, ft10, fs5
core   0: 1 0x0000000080004842 (0xabe27ac3) f21 0x7ff8000000000000
core   0: 0x0000000080004846 (0x001b519b) srliw   gp, s6, 1
core   0: 1 0x0000000080004846 (0x001b519b) x3  0x0000000000537686
core   0: 0x000000008000484a (0x0073ceb3) xor     t4, t2, t2
core   0: 1 0x000000008000484a (0x0073ceb3) x29 0x0000000000000000
core   0: 0x000000008000484e (0xc2127cd3) fcvt.wu.d s9, ft4
core   0: 1 0x000000008000484e (0xc2127cd3) c1_fflags 0x0000000000000010 x25 0xffffffffffffffff
core   0: 0x0000000080004852 (0x0222a3b3) mulhsu  t2, t0, sp
core   0: 1 0x0000000080004852 (0x0222a3b3) x7  0x0000000078b29fff
core   0: 0x0000000080004856 (0x5ae17943) fmadd.d fs2, ft2, fa4, fa1
core   0: 1 0x0000000080004856 (0x5ae17943) f18 0x7ff8000000000000
core   0: 0x000000008000485a (0x3a297ec7) fmsub.d ft9, fs2, ft2, ft7
core   0: 1 0x000000008000485a (0x3a297ec7) f29 0x7ff8000000000000
core   0: 0x000000008000485e (0x40195a93) srai    s5, s2, 1
core   0: 1 0x000000008000485e (0x40195a93) x21 0x0000000000000000
core   0: 0x0000000080004862 (0x9ad3f6c7) fmsub.d fa3, ft7, fa3, fs3
core   0: 1 0x0000000080004862 (0x9ad3f6c7) f13 0x7ff8000000000000
core   0: 0x0000000080004866 (0xd0347b53) fcvt.s.lu fs6, s0
core   0: 1 0x0000000080004866 (0xd0347b53) c1_fflags 0x0000000000000011 f22 0xffffffff5f800000
core   0: 0x000000008000486a (0x024686bb) mulw    a3, a3, tp
core   0: 1 0x000000008000486a (0x024686bb) x13 0x0000000000000000
core   0: 0x000000008000486e (0xe2a275cf) fnmadd.d fa1, ft4, fa0, ft8
core   0: 1 0x000000008000486e (0xe2a275cf) f11 0x7ff8000000000000
core   0: 0x0000000080004872 (0x10a2f073) csrrci  zero, senvcfg, 5
core   0: 1 0x0000000080004872 (0x10a2f073) c266_senvcfg 0x0000000000000000
core   0: 0x0000000080004876 (0x00202a73) csrrs   s4, frm, zero
core   0: 1 0x0000000080004876 (0x00202a73) x20 0x0000000000000000
core   0: 0x000000008000487a (0x00000001) c.nop
core   0: 1 0x000000008000487a (0x0001)
core   0: 0x000000008000487c (0xfffa8793) addi    a5, s5, -1
core   0: 1 0x000000008000487c (0xfffa8793) x15 0xffffffffffffffff
core   0: 0x0000000080004880 (0xd2050553) fcvt.d.w fa0, a0
core   0: 1 0x0000000080004880 (0xd2050553) f10 0x0000000000000000
core   0: 0x0000000080004884 (0x010d7033) and     zero, s10, a6
core   0: 1 0x0000000080004884 (0x010d7033)
core   0: 0x0000000080004888 (0x00049c13) slli    s8, s1, 0
core   0: 1 0x0000000080004888 (0x00049c13) x24 0x0000000000000000
core   0: 0x000000008000488c (0x34786c93) ori     s9, a6, 839
core   0: 1 0x000000008000488c (0x34786c93) x25 0x0000000000000357
core   0: 0x0000000080004890 (0x23bfae53) fsgnjx.d ft8, ft11, fs11
core   0: 1 0x0000000080004890 (0x23bfae53) f28 0xfff8000000000000
core   0: 0x0000000080004894 (0x00202ef3) csrrs   t4, frm, zero
core   0: 1 0x0000000080004894 (0x00202ef3) x29 0x0000000000000000
core   0: 0x0000000080004898 (0x0077d3bb) srlw    t2, a5, t2
core   0: 1 0x0000000080004898 (0x0077d3bb) x7  0x0000000000000001
core   0: 0x000000008000489c (0x001ec793) xori    a5, t4, 1
core   0: 1 0x000000008000489c (0x001ec793) x15 0x0000000000000001
core   0: 0x00000000800048a0 (0x0ff0000f) fence   iorw,iorw
core   0: 1 0x00000000800048a0 (0x0ff0000f)
core   0: 0x00000000800048a4 (0xf2070f53) fmv.d.x ft10, a4
core   0: 1 0x00000000800048a4 (0xf2070f53) f30 0x0000000000000000
core   0: 0x00000000800048a8 (0x4007509b) sraiw   ra, a4, 0
core   0: 1 0x00000000800048a8 (0x4007509b) x1  0x0000000000000000
core   0: 0x00000000800048ac (0x00ca1b3b) sllw    s6, s4, a2
core   0: 1 0x00000000800048ac (0x00ca1b3b) x22 0x0000000000000000
core   0: 0x00000000800048b0 (0xd223f553) fcvt.d.l fa0, t2
core   0: 1 0x00000000800048b0 (0xd223f553) f10 0x3ff0000000000000
core   0: 0x00000000800048b4 (0x53ad704b) fnmsub.d ft0, fs10, fs10, fa0
core   0: 1 0x00000000800048b4 (0x53ad704b) f0  0x3ff0000000000000
core   0: 0x00000000800048b8 (0x40107853) fcvt.s.d fa6, ft0
core   0: 1 0x00000000800048b8 (0x40107853) f16 0xffffffff3f800000
core   0: 0x00000000800048bc (0x2a0d08d3) fmin.d  fa7, fs10, ft0
core   0: 1 0x00000000800048bc (0x2a0d08d3) f17 0x0000000000000000
core   0: 0x00000000800048c0 (0x015704b3) add     s1, a4, s5
core   0: 1 0x00000000800048c0 (0x015704b3) x9  0x0000000000000000
core   0: 0x00000000800048c4 (0xeaf7f7c3) fmadd.d fa5, fa5, fa5, ft9
core   0: 1 0x00000000800048c4 (0xeaf7f7c3) f15 0x7ff8000000000000
core   0: 0x00000000800048c8 (0xfbfcf54f) fnmadd.d fa0, fs9, ft11, ft11
core   0: 1 0x00000000800048c8 (0xfbfcf54f) f10 0x7ff8000000000000
core   0: 0x00000000800048cc (0xd0307cd3) fcvt.s.lu fs9, zero
core   0: 1 0x00000000800048cc (0xd0307cd3) f25 0xffffffff00000000
core   0: 0x00000000800048d0 (0x42685513) srai    a0, a6, 38
core   0: 1 0x00000000800048d0 (0x42685513) x10 0x0000000000000000
core   0: 0x00000000800048d4 (0x005615bb) sllw    a1, a2, t0
core   0: 1 0x00000000800048d4 (0x005615bb) x11 0x0000000007ffffff
core   0: 0x00000000800048d8 (0x418c09b3) sub     s3, s8, s8
core   0: 1 0x00000000800048d8 (0x418c09b3) x19 0x0000000000000000
core   0: 0x00000000800048dc (0x019c181b) slliw   a6, s8, 25
core   0: 1 0x00000000800048dc (0x019c181b) x16 0x0000000000000000
core   0: 0x00000000800048e0 (0x340052f3) csrrwi  t0, mscratch, 0
core   0: exception trap_illegal_instruction, epc 0x00000000800048e0
core   0:           tval 0x00000000340052f3
core   0: >>>>  $xrv64i2p1_m2p0_a2p1_f2p2_d2p2_zicsr2p0_zifencei2p0_zmmul1p0_zba1p0_zbb1p0_zbc1p0_zbs1p0
core   0: 0x0000000080004000 (0x0080006f) j       pc + 0x8
core   0: 3 0x0000000080004000 (0x0080006f)
core   0: >>>>  mmode_exception_handler
core   0: 0x0000000080004008 (0x00002c17) auipc   s8, 0x2
core   0: 3 0x0000000080004008 (0x00002c17) x24 0x0000000080006008
core   0: 0x000000008000400c (0x016c0c13) addi    s8, s8, 22
core   0: 3 0x000000008000400c (0x016c0c13) x24 0x000000008000601e
core   0: 0x0000000080004010 (0x000c00e7) jalr    s8
core   0: 3 0x0000000080004010 (0x000c00e7) x1  0x0000000080004014
core   0: >>>>  any_handler
core   0: 0x000000008000601e (0x341027f3) csrrs   a5, mepc, zero
core   0: 3 0x000000008000601e (0x341027f3) x15 0x00000000800048e0
core   0: 0x0000000080006022 (0x34202773) csrrs   a4, mcause, zero
core   0: 3 0x0000000080006022 (0x34202773) x14 0x0000000000000002
core   0: 0x0000000080006026 (0x142026f3) csrrs   a3, scause, zero
core   0: 3 0x0000000080006026 (0x142026f3) x13 0x0000000000000000
core   0: 0x000000008000602a (0x30402673) csrrs   a2, mie, zero
core   0: 3 0x000000008000602a (0x30402673) x12 0x0000000000000a00
core   0: 0x000000008000602e (0x344025f3) csrrs   a1, mip, zero
core   0: 3 0x000000008000602e (0x344025f3) x11 0x0000000000000080
core   0: 0x0000000080006032 (0x343025f3) csrrs   a1, mtval, zero
core   0: 3 0x0000000080006032 (0x343025f3) x11 0x00000000340052f3
core   0: 0x0000000080006036 (0x14302573) csrrs   a0, stval, zero
core   0: 3 0x0000000080006036 (0x14302573) x10 0x0000000000000000
core   0: 0x000000008000603a (0xb02024f3) csrrs   s1, minstret, zero
core   0: 3 0x000000008000603a (0xb02024f3) x9  0x0000000000000aa7
core   0: 0x000000008000603e (0x0000a811) c.j     pc + 20
core   0: 3 0x000000008000603e (0xa811)
core   0: >>>>  mepc_4
core   0: 0x0000000080006052 (0x00000791) c.addi  a5, 4
core   0: 3 0x0000000080006052 (0x0791) x15 0x00000000800048e4
core   0: 0x0000000080006054 (0x34179073) csrrw   zero, mepc, a5
core   0: 3 0x0000000080006054 (0x34179073) c833_mepc 0x00000000800048e4
core   0: 0x0000000080006058 (0x30200073) mret
core   0: 3 0x0000000080006058 (0x30200073) c768_mstatus 0x8000000a00106080
core   0: 0x00000000800048e4 (0x401cf4d3) fcvt.s.d fs1, fs9
core   0: 1 0x00000000800048e4 (0x401cf4d3) f9  0xffffffff7fc00000
core   0: 0x00000000800048e8 (0x0192db1b) srliw   s6, t0, 25
core   0: 1 0x00000000800048e8 (0x0192db1b) x22 0x000000000000003c
core   0: 0x00000000800048ec (0x9ceb4213) xori    tp, s6, -1586
core   0: 1 0x00000000800048ec (0x9ceb4213) x4  0xfffffffffffff9f2
core   0: 0x00000000800048f0 (0x4001d033) sra     zero, gp, zero
core   0: 1 0x00000000800048f0 (0x4001d033)
core   0: 0x00000000800048f4 (0x00000001) c.nop
core   0: 1 0x00000000800048f4 (0x0001)
core   0: 0x00000000800048f6 (0x41c68733) sub     a4, a3, t3
core   0: 1 0x00000000800048f6 (0x41c68733) x14 0x0000000000000000
core   0: 0x00000000800048fa (0x01a220b3) slt     ra, tp, s10
core   0: 1 0x00000000800048fa (0x01a220b3) x1  0x0000000000000001
core   0: 0x00000000800048fe (0x0010e633) or      a2, ra, ra
core   0: 1 0x00000000800048fe (0x0010e633) x12 0x0000000000000001
core   0: 0x0000000080004902 (0x4035d1b3) sra     gp, a1, gp
core   0: 1 0x0000000080004902 (0x4035d1b3) x3  0x0000000000d0014b
core   0: 0x0000000080004906 (0x0231a4b3) mulhsu  s1, gp, gp
core   0: 1 0x0000000080004906 (0x0231a4b3) x9  0x0000000000000000
core   0: 0x000000008000490a (0x41ab8d33) sub     s10, s7, s10
core   0: 1 0x000000008000490a (0x41ab8d33) x26 0x0000000000000000
core   0: 0x000000008000490e (0x42195a13) srai    s4, s2, 33
core   0: 1 0x000000008000490e (0x42195a13) x20 0x0000000000000000
core   0: 0x0000000080004912 (0x015a183b) sllw    a6, s4, s5
core   0: 1 0x0000000080004912 (0x015a183b) x16 0x0000000000000000
core   0: 0x0000000080004916 (0x002a10f3) csrrw   ra, frm, s4
core   0: 1 0x0000000080004916 (0x002a10f3) x1  0x0000000000000000 c2_frm 0x0000000000000000
core   0: 0x000000008000491a (0x1a38f6d3) fdiv.d  fa3, fa7, ft3
core   0: 1 0x000000008000491a (0x1a38f6d3) f13 0x7ff8000000000000
core   0: 0x000000008000491e (0x0385ecb3) rem     s9, a1, s8
core   0: 1 0x000000008000491e (0x0385ecb3) x25 0x00000000340052f3
core   0: 0x0000000080004922 (0x401b57bb) sraw    a5, s6, ra
core   0: 1 0x0000000080004922 (0x401b57bb) x15 0x000000000000003c
core   0: 0x0000000080004926 (0x41a20d33) sub     s10, tp, s10
core   0: 1 0x0000000080004926 (0x41a20d33) x26 0xfffffffffffff9f2
core   0: 0x000000008000492a (0x2bb71753) fmax.d  fa4, fa4, fs11
core   0: 1 0x000000008000492a (0x2bb71753) f14 0x0000000000000000
core   0: 0x000000008000492e (0x9a688c13) addi    s8, a7, -1626
core   0: 1 0x000000008000492e (0x9a688c13) x24 0xfffffffffffff9a6
core   0: 0x0000000080004932 (0x412984bb) subw    s1, s3, s2
core   0: 1 0x0000000080004932 (0x412984bb) x9  0x0000000000000000
core   0: 0x0000000080004936 (0x0014ce13) xori    t3, s1, 1
core   0: 1 0x0000000080004936 (0x0014ce13) x28 0x0000000000000001
core   0: 0x000000008000493a (0xc22dfbd3) fcvt.l.d s7, fs11
core   0: 1 0x000000008000493a (0xc22dfbd3) c1_fflags 0x0000000000000011 x23 0x7fffffffffffffff
core   0: 0x000000008000493e (0xd227f9d3) fcvt.d.l fs3, a5
core   0: 1 0x000000008000493e (0xd227f9d3) f19 0x404e000000000000
core   0: 0x0000000080004942 (0x0259a033) mulhsu  zero, s3, t0
core   0: 1 0x0000000080004942 (0x0259a033)
core   0: 0x0000000080004946 (0x8515d8b7) lui     a7, 0x8515d
core   0: 1 0x0000000080004946 (0x8515d8b7) x17 0xffffffff8515d000
core   0: 0x000000008000494a (0xc237fed3) fcvt.lu.d t4, fa5
core   0: 1 0x000000008000494a (0xc237fed3) c1_fflags 0x0000000000000011 x29 0xffffffffffffffff
core   0: 0x000000008000494e (0x7f60f793) andi    a5, ra, 2038
core   0: 1 0x000000008000494e (0x7f60f793) x15 0x0000000000000000
core   0: 0x0000000080004952 (0x7ffcca13) xori    s4, s9, 2047
core   0: 1 0x0000000080004952 (0x7ffcca13) x20 0x000000003400550c
core   0: 0x0000000080004956 (0x021beebb) remw    t4, s7, ra
core   0: 1 0x0000000080004956 (0x021beebb) x29 0xffffffffffffffff
core   0: 0x000000008000495a (0x00307033) and     zero, zero, gp
core   0: 1 0x000000008000495a (0x00307033)
core   0: 0x000000008000495e (0x01fddd9b) srliw   s11, s11, 31
core   0: 1 0x000000008000495e (0x01fddd9b) x27 0x0000000000000000
core   0: 0x0000000080004962 (0x011618bb) sllw    a7, a2, a7
core   0: 1 0x0000000080004962 (0x011618bb) x17 0x0000000000000001
core   0: 0x0000000080004966 (0xc20e71d3) fcvt.w.d gp, ft8
core   0: 1 0x0000000080004966 (0xc20e71d3) c1_fflags 0x0000000000000011 x3  0x000000007fffffff
core   0: 0x000000008000496a (0x00000001) c.nop
core   0: 1 0x000000008000496a (0x0001)
core   0: 0x000000008000496c (0x30609273) csrrw   tp, mcounteren, ra
core   0: exception trap_illegal_instruction, epc 0x000000008000496c
core   0:           tval 0x0000000030609273
core   0: >>>>  $xrv64i2p1_m2p0_a2p1_f2p2_d2p2_zicsr2p0_zifencei2p0_zmmul1p0_zba1p0_zbb1p0_zbc1p0_zbs1p0
core   0: 0x0000000080004000 (0x0080006f) j       pc + 0x8
core   0: 3 0x0000000080004000 (0x0080006f)
core   0: >>>>  mmode_exception_handler
core   0: 0x0000000080004008 (0x00002c17) auipc   s8, 0x2
core   0: 3 0x0000000080004008 (0x00002c17) x24 0x0000000080006008
core   0: 0x000000008000400c (0x016c0c13) addi    s8, s8, 22
core   0: 3 0x000000008000400c (0x016c0c13) x24 0x000000008000601e
core   0: 0x0000000080004010 (0x000c00e7) jalr    s8
core   0: 3 0x0000000080004010 (0x000c00e7) x1  0x0000000080004014
core   0: >>>>  any_handler
core   0: 0x000000008000601e (0x341027f3) csrrs   a5, mepc, zero
core   0: 3 0x000000008000601e (0x341027f3) x15 0x000000008000496c
core   0: 0x0000000080006022 (0x34202773) csrrs   a4, mcause, zero
core   0: 3 0x0000000080006022 (0x34202773) x14 0x0000000000000002
core   0: 0x0000000080006026 (0x142026f3) csrrs   a3, scause, zero
core   0: 3 0x0000000080006026 (0x142026f3) x13 0x0000000000000000
core   0: 0x000000008000602a (0x30402673) csrrs   a2, mie, zero
core   0: 3 0x000000008000602a (0x30402673) x12 0x0000000000000a00
core   0: 0x000000008000602e (0x344025f3) csrrs   a1, mip, zero
core   0: 3 0x000000008000602e (0x344025f3) x11 0x0000000000000080
core   0: 0x0000000080006032 (0x343025f3) csrrs   a1, mtval, zero
core   0: 3 0x0000000080006032 (0x343025f3) x11 0x0000000030609273
core   0: 0x0000000080006036 (0x14302573) csrrs   a0, stval, zero
core   0: 3 0x0000000080006036 (0x14302573) x10 0x0000000000000000
core   0: 0x000000008000603a (0xb02024f3) csrrs   s1, minstret, zero
core   0: 3 0x000000008000603a (0xb02024f3) x9  0x0000000000000ada
core   0: 0x000000008000603e (0x0000a811) c.j     pc + 20
core   0: 3 0x000000008000603e (0xa811)
core   0: >>>>  mepc_4
core   0: 0x0000000080006052 (0x00000791) c.addi  a5, 4
core   0: 3 0x0000000080006052 (0x0791) x15 0x0000000080004970
core   0: 0x0000000080006054 (0x34179073) csrrw   zero, mepc, a5
core   0: 3 0x0000000080006054 (0x34179073) c833_mepc 0x0000000080004970
core   0: 0x0000000080006058 (0x30200073) mret
core   0: 3 0x0000000080006058 (0x30200073) c768_mstatus 0x8000000a00106080
core   0: 0x0000000080004970 (0x00202ef3) csrrs   t4, frm, zero
core   0: 1 0x0000000080004970 (0x00202ef3) x29 0x0000000000000000
core   0: 0x0000000080004974 (0x01855393) srli    t2, a0, 24
core   0: 1 0x0000000080004974 (0x01855393) x7  0x0000000000000000
core   0: 0x0000000080004978 (0x00000001) c.nop
core   0: 1 0x0000000080004978 (0x0001)
core   0: 0x000000008000497a (0x416d5c3b) sraw    s8, s10, s6
core   0: 1 0x000000008000497a (0x416d5c3b) x24 0xffffffffffffffff
core   0: 0x000000008000497e (0x0020c133) xor     sp, ra, sp
core   0: 1 0x000000008000497e (0x0020c133) x2  0xffffffff7fffbfeb
core   0: 0x0000000080004982 (0xd2317753) fcvt.d.lu fa4, sp
core   0: 1 0x0000000080004982 (0xd2317753) c1_fflags 0x0000000000000011 f14 0x43efffffffeffff8
core   0: 0x0000000080004986 (0x001eee93) ori     t4, t4, 1
core   0: 1 0x0000000080004986 (0x001eee93) x29 0x0000000000000001
core   0: 0x000000008000498a (0x0008979b) slliw   a5, a7, 0
core   0: 1 0x000000008000498a (0x0008979b) x15 0x0000000000000001
core   0: 0x000000008000498e (0x12c875d3) fmul.d  fa1, fa6, fa2
core   0: 1 0x000000008000498e (0x12c875d3) f11 0x7ff8000000000000
core   0: 0x0000000080004992 (0x41f4541b) sraiw   s0, s0, 31
core   0: 1 0x0000000080004992 (0x41f4541b) x8  0xffffffffffffffff
core   0: 0x0000000080004996 (0x1ed56393) ori     t2, a0, 493
core   0: 1 0x0000000080004996 (0x1ed56393) x7  0x00000000000001ed
core   0: 0x000000008000499a (0x00101773) csrrw   a4, fflags, zero
core   0: 1 0x000000008000499a (0x00101773) x14 0x0000000000000011 c1_fflags 0x0000000000000000
core   0: 0x000000008000499e (0x144bb1f3) csrrc   gp, sip, s7
core   0: 1 0x000000008000499e (0x144bb1f3) x3  0x0000000000000000 c836_mip 0x0000000000000080
core   0: 0x00000000800049a2 (0x230b12d3) fsgnjn.d ft5, fs6, fa6
core   0: 1 0x00000000800049a2 (0x230b12d3) f5  0x7fffffff5f800000
core   0: 0x00000000800049a6 (0xd697079b) addiw   a5, a4, -663
core   0: 1 0x00000000800049a6 (0xd697079b) x15 0xfffffffffffffd7a
core   0: 0x00000000800049aa (0xd2377fd3) fcvt.d.lu ft11, a4
core   0: 1 0x00000000800049aa (0xd2377fd3) f31 0x4031000000000000
core   0: 0x00000000800049ae (0x0ff0000f) fence   iorw,iorw
core   0: 1 0x00000000800049ae (0x0ff0000f)
core   0: 0x00000000800049b2 (0xc2297b53) fcvt.l.d s6, fs2
core   0: 1 0x00000000800049b2 (0xc2297b53) c1_fflags 0x0000000000000010 x22 0x7fffffffffffffff
core   0: 0x00000000800049b6 (0x62c27d4f) fnmadd.d fs10, ft4, fa2, fa2
core   0: 1 0x00000000800049b6 (0x62c27d4f) f26 0x7ff8000000000000
core   0: 0x00000000800049ba (0xd22ef2d3) fcvt.d.l ft5, t4
core   0: 1 0x00000000800049ba (0xd22ef2d3) f5  0x3ff0000000000000
core   0: 0x00000000800049be (0x00000001) c.nop
core   0: 1 0x00000000800049be (0x0001)
core   0: 0x00000000800049c0 (0xc2067cd3) fcvt.w.d s9, fa2
core   0: 1 0x00000000800049c0 (0xc2067cd3) c1_fflags 0x0000000000000010 x25 0x000000007fffffff
core   0: 0x00000000800049c4 (0x03db4b3b) divw    s6, s6, t4
core   0: 1 0x00000000800049c4 (0x03db4b3b) x22 0xffffffffffffffff
core   0: 0x00000000800049c8 (0x023a71b3) remu    gp, s4, gp
core   0: 1 0x00000000800049c8 (0x023a71b3) x3  0x000000003400550c
core   0: 0x00000000800049cc (0x013898b3) sll     a7, a7, s3
core   0: 1 0x00000000800049cc (0x013898b3) x17 0x0000000000000001
core   0: 0x00000000800049d0 (0xf11074f3) csrrci  s1, mvendorid, 0
core   0: exception trap_illegal_instruction, epc 0x00000000800049d0
core   0:           tval 0x00000000f11074f3
core   0: >>>>  $xrv64i2p1_m2p0_a2p1_f2p2_d2p2_zicsr2p0_zifencei2p0_zmmul1p0_zba1p0_zbb1p0_zbc1p0_zbs1p0
core   0: 0x0000000080004000 (0x0080006f) j       pc + 0x8
core   0: 3 0x0000000080004000 (0x0080006f)
core   0: >>>>  mmode_exception_handler
core   0: 0x0000000080004008 (0x00002c17) auipc   s8, 0x2
core   0: 3 0x0000000080004008 (0x00002c17) x24 0x0000000080006008
core   0: 0x000000008000400c (0x016c0c13) addi    s8, s8, 22
core   0: 3 0x000000008000400c (0x016c0c13) x24 0x000000008000601e
core   0: 0x0000000080004010 (0x000c00e7) jalr    s8
core   0: 3 0x0000000080004010 (0x000c00e7) x1  0x0000000080004014
core   0: >>>>  any_handler
core   0: 0x000000008000601e (0x341027f3) csrrs   a5, mepc, zero
core   0: 3 0x000000008000601e (0x341027f3) x15 0x00000000800049d0
core   0: 0x0000000080006022 (0x34202773) csrrs   a4, mcause, zero
core   0: 3 0x0000000080006022 (0x34202773) x14 0x0000000000000002
core   0: 0x0000000080006026 (0x142026f3) csrrs   a3, scause, zero
core   0: 3 0x0000000080006026 (0x142026f3) x13 0x0000000000000000
core   0: 0x000000008000602a (0x30402673) csrrs   a2, mie, zero
core   0: 3 0x000000008000602a (0x30402673) x12 0x0000000000000a00
core   0: 0x000000008000602e (0x344025f3) csrrs   a1, mip, zero
core   0: 3 0x000000008000602e (0x344025f3) x11 0x0000000000000080
core   0: 0x0000000080006032 (0x343025f3) csrrs   a1, mtval, zero
core   0: 3 0x0000000080006032 (0x343025f3) x11 0x00000000f11074f3
core   0: 0x0000000080006036 (0x14302573) csrrs   a0, stval, zero
core   0: 3 0x0000000080006036 (0x14302573) x10 0x0000000000000000
core   0: 0x000000008000603a (0xb02024f3) csrrs   s1, minstret, zero
core   0: 3 0x000000008000603a (0xb02024f3) x9  0x0000000000000b03
core   0: 0x000000008000603e (0x0000a811) c.j     pc + 20
core   0: 3 0x000000008000603e (0xa811)
core   0: >>>>  mepc_4
core   0: 0x0000000080006052 (0x00000791) c.addi  a5, 4
core   0: 3 0x0000000080006052 (0x0791) x15 0x00000000800049d4
core   0: 0x0000000080006054 (0x34179073) csrrw   zero, mepc, a5
core   0: 3 0x0000000080006054 (0x34179073) c833_mepc 0x00000000800049d4
core   0: 0x0000000080006058 (0x30200073) mret
core   0: 3 0x0000000080006058 (0x30200073) c768_mstatus 0x8000000a00106080
core   0: 0x00000000800049d4 (0x409cd0b3) sra     ra, s9, s1
core   0: 1 0x00000000800049d4 (0x409cd0b3) x1  0x000000000fffffff
core   0: 0x00000000800049d8 (0xf2050753) fmv.d.x fa4, a0
core   0: 1 0x00000000800049d8 (0xf2050753) f14 0x0000000000000000
core   0: 0x00000000800049dc (0x00177633) and     a2, a4, ra
core   0: 1 0x00000000800049dc (0x00177633) x12 0x0000000000000002
core   0: 0x00000000800049e0 (0x00000001) c.nop
core   0: 1 0x00000000800049e0 (0x0001)
core   0: 0x00000000800049e2 (0x407083b3) sub     t2, ra, t2
core   0: 1 0x00000000800049e2 (0x407083b3) x7  0x000000000ffffe12
core   0: 0x00000000800049e6 (0x01220733) add     a4, tp, s2
core   0: 1 0x00000000800049e6 (0x01220733) x14 0xfffffffffffff9f2
core   0: 0x00000000800049ea (0x024102bb) mulw    t0, sp, tp
core   0: 1 0x00000000800049ea (0x024102bb) x5  0x000000000183ff26
core   0: 0x00000000800049ee (0x00000001) c.nop
core   0: 1 0x00000000800049ee (0x0001)
core   0: 0x00000000800049f0 (0x5d78c593) xori    a1, a7, 1495
core   0: 1 0x00000000800049f0 (0x5d78c593) x11 0x00000000000005d6
core   0: 0x00000000800049f4 (0x00000001) c.nop
core   0: 1 0x00000000800049f4 (0x0001)
core   0: 0x00000000800049f6 (0x0185c833) xor     a6, a1, s8
core   0: 1 0x00000000800049f6 (0x0185c833) x16 0x00000000800065c8
core   0: 0x00000000800049fa (0x0139d99b) srliw   s3, s3, 19
core   0: 1 0x00000000800049fa (0x0139d99b) x19 0x0000000000000000
core   0: 0x00000000800049fe (0x00202a73) csrrs   s4, frm, zero
core   0: 1 0x00000000800049fe (0x00202a73) x20 0x0000000000000000
core   0: 0x0000000080004a02 (0x00a12db3) slt     s11, sp, a0
core   0: 1 0x0000000080004a02 (0x00a12db3) x27 0x0000000000000001
core   0: 0x0000000080004a06 (0x2b478a53) fmin.d  fs4, fa5, fs4
core   0: 1 0x0000000080004a06 (0x2b478a53) f20 0x7ff8000000000000
core   0: 0x0000000080004a0a (0x02d015b3) mulh    a1, zero, a3
core   0: 1 0x0000000080004a0a (0x02d015b3) x11 0x0000000000000000
core   0: 0x0000000080004a0e (0x00f05a3b) srlw    s4, zero, a5
core   0: 1 0x0000000080004a0e (0x00f05a3b) x20 0x0000000000000000
core   0: 0x0000000080004a12 (0x00079033) sll     zero, a5, zero
core   0: 1 0x0000000080004a12 (0x00079033)
core   0: 0x0000000080004a16 (0x0007d2b3) srl     t0, a5, zero
core   0: 1 0x0000000080004a16 (0x0007d2b3) x5  0x00000000800049d4
core   0: 0x0000000080004a1a (0x400ed99b) sraiw   s3, t4, 0
core   0: 1 0x0000000080004a1a (0x400ed99b) x19 0x0000000000000001
core   0: 0x0000000080004a1e (0x0120dab3) srl     s5, ra, s2
core   0: 1 0x0000000080004a1e (0x0120dab3) x21 0x000000000fffffff
core   0: 0x0000000080004a22 (0x00d4141b) slliw   s0, s0, 13
core   0: 1 0x0000000080004a22 (0x00d4141b) x8  0xffffffffffffe000
core   0: 0x0000000080004a26 (0x03b438b3) mulhu   a7, s0, s11
core   0: 1 0x0000000080004a26 (0x03b438b3) x17 0x0000000000000000
core   0: 0x0000000080004a2a (0x2aea0553) fmin.d  fa0, fs4, fa4
core   0: 1 0x0000000080004a2a (0x2aea0553) f10 0x0000000000000000
core   0: 0x0000000080004a2e (0x01dd01b3) add     gp, s10, t4
core   0: 1 0x0000000080004a2e (0x01dd01b3) x3  0xfffffffffffff9f3
core   0: 0x0000000080004a32 (0xf0018893) addi    a7, gp, -256
core   0: 1 0x0000000080004a32 (0xf0018893) x17 0xfffffffffffff8f3
core   0: 0x0000000080004a36 (0xd2028d53) fcvt.d.w fs10, t0
core   0: 1 0x0000000080004a36 (0xd2028d53) f26 0xc1dfffed8b000000
core   0: 0x0000000080004a3a (0xc2197153) fcvt.wu.d sp, fs2
core   0: 1 0x0000000080004a3a (0xc2197153) c1_fflags 0x0000000000000010 x2  0xffffffffffffffff
core   0: 0x0000000080004a3e (0x0ff0000f) fence   iorw,iorw
core   0: 1 0x0000000080004a3e (0x0ff0000f)
core   0: 0x0000000080004a42 (0x0311ad33) mulhsu  s10, gp, a7
core   0: 1 0x0000000080004a42 (0x0311ad33) x26 0xfffffffffffff9f3
core   0: 0x0000000080004a46 (0x401ade9b) sraiw   t4, s5, 1
core   0: 1 0x0000000080004a46 (0x401ade9b) x29 0x0000000007ffffff
core   0: 0x0000000080004a4a (0xe7dd0e1b) addiw   t3, s10, -387
core   0: 1 0x0000000080004a4a (0xe7dd0e1b) x28 0xfffffffffffff870
core   0: 0x0000000080004a4e (0xc201f9d3) fcvt.w.d s3, ft3
core   0: 1 0x0000000080004a4e (0xc201f9d3) c1_fflags 0x0000000000000010 x19 0x000000007fffffff
core   0: 0x0000000080004a52 (0x03feda93) srli    s5, t4, 63
core   0: 1 0x0000000080004a52 (0x03feda93) x21 0x0000000000000000
core   0: 0x0000000080004a56 (0x01d4e4b3) or      s1, s1, t4
core   0: 1 0x0000000080004a56 (0x01d4e4b3) x9  0x0000000007ffffff
core   0: 0x0000000080004a5a (0xe2090ad3) fmv.x.d s5, fs2
core   0: 1 0x0000000080004a5a (0xe2090ad3) x21 0x7ff8000000000000
core   0: 0x0000000080004a5e (0xc03c72d3) fcvt.lu.s t0, fs8
core   0: 1 0x0000000080004a5e (0xc03c72d3) c1_fflags 0x0000000000000010 x5  0xffffffffffffffff
core   0: 0x0000000080004a62 (0x006189bb) addw    s3, gp, t1
core   0: 1 0x0000000080004a62 (0x006189bb) x19 0xfffffffffffff9f2
core   0: 0x0000000080004a66 (0x01d1f1b3) and     gp, gp, t4
core   0: 1 0x0000000080004a66 (0x01d1f1b3) x3  0x0000000007fff9f3
core   0: 0x0000000080004a6a (0xd2130253) fcvt.d.wu ft4, t1
core   0: 1 0x0000000080004a6a (0xd2130253) f4  0x41efffffffe00000
core   0: 0x0000000080004a6e (0x32079d73) csrrw   s10, mcountinhibit, a5
core   0: exception trap_illegal_instruction, epc 0x0000000080004a6e
core   0:           tval 0x0000000032079d73
core   0: >>>>  $xrv64i2p1_m2p0_a2p1_f2p2_d2p2_zicsr2p0_zifencei2p0_zmmul1p0_zba1p0_zbb1p0_zbc1p0_zbs1p0
core   0: 0x0000000080004000 (0x0080006f) j       pc + 0x8
core   0: 3 0x0000000080004000 (0x0080006f)
core   0: >>>>  mmode_exception_handler
core   0: 0x0000000080004008 (0x00002c17) auipc   s8, 0x2
core   0: 3 0x0000000080004008 (0x00002c17) x24 0x0000000080006008
core   0: 0x000000008000400c (0x016c0c13) addi    s8, s8, 22
core   0: 3 0x000000008000400c (0x016c0c13) x24 0x000000008000601e
core   0: 0x0000000080004010 (0x000c00e7) jalr    s8
core   0: 3 0x0000000080004010 (0x000c00e7) x1  0x0000000080004014
core   0: >>>>  any_handler
core   0: 0x000000008000601e (0x341027f3) csrrs   a5, mepc, zero
core   0: 3 0x000000008000601e (0x341027f3) x15 0x0000000080004a6e
core   0: 0x0000000080006022 (0x34202773) csrrs   a4, mcause, zero
core   0: 3 0x0000000080006022 (0x34202773) x14 0x0000000000000002
core   0: 0x0000000080006026 (0x142026f3) csrrs   a3, scause, zero
core   0: 3 0x0000000080006026 (0x142026f3) x13 0x0000000000000000
core   0: 0x000000008000602a (0x30402673) csrrs   a2, mie, zero
core   0: 3 0x000000008000602a (0x30402673) x12 0x0000000000000a00
core   0: 0x000000008000602e (0x344025f3) csrrs   a1, mip, zero
core   0: 3 0x000000008000602e (0x344025f3) x11 0x0000000000000080
core   0: 0x0000000080006032 (0x343025f3) csrrs   a1, mtval, zero
core   0: 3 0x0000000080006032 (0x343025f3) x11 0x0000000032079d73
core   0: 0x0000000080006036 (0x14302573) csrrs   a0, stval, zero
core   0: 3 0x0000000080006036 (0x14302573) x10 0x0000000000000000
core   0: 0x000000008000603a (0xb02024f3) csrrs   s1, minstret, zero
core   0: 3 0x000000008000603a (0xb02024f3) x9  0x0000000000000b3b
core   0: 0x000000008000603e (0x0000a811) c.j     pc + 20
core   0: 3 0x000000008000603e (0xa811)
core   0: >>>>  mepc_4
core   0: 0x0000000080006052 (0x00000791) c.addi  a5, 4
core   0: 3 0x0000000080006052 (0x0791) x15 0x0000000080004a72
core   0: 0x0000000080006054 (0x34179073) csrrw   zero, mepc, a5
core   0: 3 0x0000000080006054 (0x34179073) c833_mepc 0x0000000080004a72
core   0: 0x0000000080006058 (0x30200073) mret
core   0: 3 0x0000000080006058 (0x30200073) c768_mstatus 0x8000000a00106080
core   0: 0x0000000080004a72 (0x0a97f553) fsub.d  fa0, fa5, fs1
core   0: 1 0x0000000080004a72 (0x0a97f553) f10 0x7ff8000000000000
core   0: 0x0000000080004a76 (0x018503bb) addw    t2, a0, s8
core   0: 1 0x0000000080004a76 (0x018503bb) x7  0xffffffff8000601e
core   0: 0x0000000080004a7a (0x0ff0000f) fence   iorw,iorw
core   0: 1 0x0000000080004a7a (0x0ff0000f)
core   0: 0x0000000080004a7e (0x00412e33) slt     t3, sp, tp
core   0: 1 0x0000000080004a7e (0x00412e33) x28 0x0000000000000000
core   0: 0x0000000080004a82 (0x025e603b) remw    zero, t3, t0
core   0: 1 0x0000000080004a82 (0x025e603b)
core   0: 0x0000000080004a86 (0x2ad99153) fmax.d  ft2, fs3, fa3
core   0: 1 0x0000000080004a86 (0x2ad99153) f2  0x404e000000000000
core   0: 0x0000000080004a8a (0xf2048dd3) fmv.d.x fs11, s1
core   0: 1 0x0000000080004a8a (0xf2048dd3) f27 0x0000000000000b3b
core   0: 0x0000000080004a8e (0xd20380d3) fcvt.d.w ft1, t2
core   0: 1 0x0000000080004a8e (0xd20380d3) f1  0xc1dfffe7f8800000
core   0: 0x0000000080004a92 (0xf20004d3) fmv.d.x fs1, zero
core   0: 1 0x0000000080004a92 (0xf20004d3) f9  0x0000000000000000
core   0: 0x0000000080004a96 (0x4178591b) sraiw   s2, a6, 23
core   0: 1 0x0000000080004a96 (0x4178591b) x18 0xffffffffffffff00
core   0: 0x0000000080004a9a (0x629a7fcf) fnmadd.d ft11, fs4, fs1, fa2
core   0: 1 0x0000000080004a9a (0x629a7fcf) f31 0x7ff8000000000000
core   0: 0x0000000080004a9e (0x00202773) csrrs   a4, frm, zero
core   0: 1 0x0000000080004a9e (0x00202773) x14 0x0000000000000000
core   0: 0x0000000080004aa2 (0x02689db3) mulh    s11, a7, t1
core   0: 1 0x0000000080004aa2 (0x02689db3) x27 0xfffffffffffffc79
core   0: 0x0000000080004aa6 (0x01bd6db3) or      s11, s10, s11
core   0: 1 0x0000000080004aa6 (0x01bd6db3) x27 0xfffffffffffffdfb
core   0: 0x0000000080004aaa (0x00000001) c.nop
core   0: 1 0x0000000080004aaa (0x0001)
core   0: 0x0000000080004aac (0xa3f47d43) fmadd.d fs10, fs0, ft11, fs4
core   0: 1 0x0000000080004aac (0xa3f47d43) f26 0x7ff8000000000000
core   0: 0x0000000080004ab0 (0xfaaec737) lui     a4, 0xfaaec
core   0: 1 0x0000000080004ab0 (0xfaaec737) x14 0xfffffffffaaec000
core   0: 0x0000000080004ab4 (0xa1f7071b) addiw   a4, a4, -1505
core   0: 1 0x0000000080004ab4 (0xa1f7071b) x14 0xfffffffffaaeba1f
core   0: 0x0000000080004ab8 (0x00000732) c.slli  a4, 12
core   0: 1 0x0000000080004ab8 (0x0732) x14 0xffffffaaeba1f000
core   0: 0x0000000080004aba (0x86a70713) addi    a4, a4, -1942
core   0: 1 0x0000000080004aba (0x86a70713) x14 0xffffffaaeba1e86a
core   0: 0x0000000080004abe (0x420a0cd3) fcvt.d.s fs9, fs4
core   0: 1 0x0000000080004abe (0x420a0cd3) f25 0x7ff8000000000000
core   0: 0x0000000080004ac2 (0x02ec7633) remu    a2, s8, a4
core   0: 1 0x0000000080004ac2 (0x02ec7633) x12 0x000000008000601e
core   0: 0x0000000080004ac6 (0x00a55e3b) srlw    t3, a0, a0
core   0: 1 0x0000000080004ac6 (0x00a55e3b) x28 0x0000000000000000
core   0: 0x0000000080004aca (0x7ffa089b) addiw   a7, s4, 2047
core   0: 1 0x0000000080004aca (0x7ffa089b) x17 0x00000000000007ff
core   0: 0x0000000080004ace (0x41cc843b) subw    s0, s9, t3
core   0: 1 0x0000000080004ace (0x41cc843b) x8  0x000000007fffffff
core   0: 0x0000000080004ad2 (0x0715f9b7) lui     s3, 0x715f
core   0: 1 0x0000000080004ad2 (0x0715f9b7) x19 0x000000000715f000
core   0: 0x0000000080004ad6 (0xedb9899b) addiw   s3, s3, -293
core   0: 1 0x0000000080004ad6 (0xedb9899b) x19 0x000000000715eedb
core   0: 0x0000000080004ada (0x000009b2) c.slli  s3, 12
core   0: 1 0x0000000080004ada (0x09b2) x19 0x000000715eedb000
core   0: 0x0000000080004adc (0x20f98993) addi    s3, s3, 527
core   0: 1 0x0000000080004adc (0x20f98993) x19 0x000000715eedb20f
core   0: 0x0000000080004ae0 (0x031ff8d3) fadd.d  fa7, ft11, fa7
core   0: 1 0x0000000080004ae0 (0x031ff8d3) f17 0x7ff8000000000000
core   0: 0x0000000080004ae4 (0x00118a13) addi    s4, gp, 1
core   0: 1 0x0000000080004ae4 (0x00118a13) x20 0x0000000007fff9f4
core   0: 0x0000000080004ae8 (0x401ddb1b) sraiw   s6, s11, 1
core   0: 1 0x0000000080004ae8 (0x401ddb1b) x22 0xfffffffffffffefd
core   0: 0x0000000080004aec (0xc230fc53) fcvt.lu.d s8, ft1
core   0: 1 0x0000000080004aec (0xc230fc53) c1_fflags 0x0000000000000010 x24 0x0000000000000000
core   0: 0x0000000080004af0 (0x408a599b) sraiw   s3, s4, 8
core   0: 1 0x0000000080004af0 (0x408a599b) x19 0x000000000007fff9
core   0: 0x0000000080004af4 (0x7ff9f993) andi    s3, s3, 2047
core   0: 1 0x0000000080004af4 (0x7ff9f993) x19 0x00000000000007f9
core   0: 0x0000000080004af8 (0x009953bb) srlw    t2, s2, s1
core   0: 1 0x0000000080004af8 (0x009953bb) x7  0x000000000000001f
core   0: 0x0000000080004afc (0x000ee537) lui     a0, 0xee
core   0: 1 0x0000000080004afc (0x000ee537) x10 0x00000000000ee000
core   0: 0x0000000080004b00 (0x9475051b) addiw   a0, a0, -1721
core   0: 1 0x0000000080004b00 (0x9475051b) x10 0x00000000000ed947
core   0: 0x0000000080004b04 (0x0000053e) c.slli  a0, 15
core   0: 1 0x0000000080004b04 (0x053e) x10 0x000000076ca38000
core   0: 0x0000000080004b06 (0xf8250513) addi    a0, a0, -126
core   0: 1 0x0000000080004b06 (0xf8250513) x10 0x000000076ca37f82
core   0: 0x0000000080004b0a (0xb7257493) andi    s1, a0, -1166
core   0: 1 0x0000000080004b0a (0xb7257493) x9  0x000000076ca37b02
core   0: 0x0000000080004b0e (0x029afdbb) remuw   s11, s5, s1
core   0: 1 0x0000000080004b0e (0x029afdbb) x27 0x0000000000000000
core   0: 0x0000000080004b12 (0x00509cbb) sllw    s9, ra, t0
core   0: 1 0x0000000080004b12 (0x00509cbb) x25 0x0000000000000000
core   0: 0x0000000080004b16 (0xe2051553) fclass.d a0, fa0
core   0: 1 0x0000000080004b16 (0xe2051553) x10 0x0000000000000200
core   0: 0x0000000080004b1a (0xd21286d3) fcvt.d.wu fa3, t0
core   0: 1 0x0000000080004b1a (0xd21286d3) f13 0x41efffffffe00000
core   0: 0x0000000080004b1e (0x41a50d33) sub     s10, a0, s10
core   0: 1 0x0000000080004b1e (0x41a50d33) x26 0x000000000000080d
core   0: 0x0000000080004b22 (0x8f016a13) ori     s4, sp, -1808
core   0: 1 0x0000000080004b22 (0x8f016a13) x20 0xffffffffffffffff
core   0: 0x0000000080004b26 (0x00bb8cb3) add     s9, s7, a1
core   0: 1 0x0000000080004b26 (0x00bb8cb3) x25 0x8000000032079d72
core   0: 0x0000000080004b2a (0x22358453) fsgnj.d fs0, fa1, ft3
core   0: 1 0x0000000080004b2a (0x22358453) f8  0x7ff8000000000000
core   0: 0x0000000080004b2e (0x001093bb) sllw    t2, ra, ra
core   0: 1 0x0000000080004b2e (0x001093bb) x7  0x0000000001400000
core   0: 0x0000000080004b32 (0x23141753) fsgnjn.d fa4, fs0, fa7
core   0: 1 0x0000000080004b32 (0x23141753) f14 0xfff8000000000000
core   0: 0x0000000080004b36 (0x401fffd3) fcvt.s.d ft11, ft11
core   0: 1 0x0000000080004b36 (0x401fffd3) f31 0xffffffff7fc00000
core   0: 0x0000000080004b3a (0x0364db3b) divuw   s6, s1, s6
core   0: 1 0x0000000080004b3a (0x0364db3b) x22 0x0000000000000000
core   0: 0x0000000080004b3e (0xe20c8753) fmv.x.d a4, fs9
core   0: 1 0x0000000080004b3e (0xe20c8753) x14 0x7ff8000000000000
core   0: 0x0000000080004b42 (0x01eedc1b) srliw   s8, t4, 30
core   0: 1 0x0000000080004b42 (0x01eedc1b) x24 0x0000000000000000
core   0: 0x0000000080004b46 (0x01bc1033) sll     zero, s8, s11
core   0: 1 0x0000000080004b46 (0x01bc1033)
core   0: 0x0000000080004b4a (0x001027f3) csrrs   a5, fflags, zero
core   0: 1 0x0000000080004b4a (0x001027f3) x15 0x0000000000000010
core   0: 0x0000000080004b4e (0xe20c8bd3) fmv.x.d s7, fs9
core   0: 1 0x0000000080004b4e (0xe20c8bd3) x23 0x7ff8000000000000
core   0: 0x0000000080004b52 (0x13f87ecf) fnmadd.d ft9, fa6, ft11, ft2
core   0: 1 0x0000000080004b52 (0x13f87ecf) f29 0x7ff8000000000000
core   0: 0x0000000080004b56 (0x41f3da1b) sraiw   s4, t2, 31
core   0: 1 0x0000000080004b56 (0x41f3da1b) x20 0x0000000000000000
core   0: 0x0000000080004b5a (0x40e0d49b) sraiw   s1, ra, 14
core   0: 1 0x0000000080004b5a (0x40e0d49b) x9  0xfffffffffffe0001
core   0: 0x0000000080004b5e (0x229b1b53) fsgnjn.d fs6, fs6, fs1
core   0: 1 0x0000000080004b5e (0x229b1b53) f22 0xffffffff5f800000
core   0: 0x0000000080004b62 (0x412c0a33) sub     s4, s8, s2
core   0: 1 0x0000000080004b62 (0x412c0a33) x20 0x0000000000000100
core   0: 0x0000000080004b66 (0x03fc5793) srli    a5, s8, 63
core   0: 1 0x0000000080004b66 (0x03fc5793) x15 0x0000000000000000
core   0: 0x0000000080004b6a (0x004c1593) slli    a1, s8, 4
core   0: 1 0x0000000080004b6a (0x004c1593) x11 0x0000000000000000
core   0: 0x0000000080004b6e (0x005c963b) sllw    a2, s9, t0
core   0: 1 0x0000000080004b6e (0x005c963b) x12 0x0000000000000000
core   0: 0x0000000080004b72 (0x07ced837) lui     a6, 0x7ced
core   0: 1 0x0000000080004b72 (0x07ced837) x16 0x0000000007ced000
core   0: 0x0000000080004b76 (0xa8b8081b) addiw   a6, a6, -1397
core   0: 1 0x0000000080004b76 (0xa8b8081b) x16 0x0000000007ceca8b
core   0: 0x0000000080004b7a (0x00000832) c.slli  a6, 12
core   0: 1 0x0000000080004b7a (0x0832) x16 0x0000007ceca8b000
core   0: 0x0000000080004b7c (0xa6c80813) addi    a6, a6, -1428
core   0: 1 0x0000000080004b7c (0xa6c80813) x16 0x0000007ceca8aa6c
core   0: 0x0000000080004b80 (0x0000501b) srliw   zero, zero, 0
core   0: 1 0x0000000080004b80 (0x0000501b)
core   0: 0x0000000080004b84 (0x02e85bbb) divuw   s7, a6, a4
core   0: 1 0x0000000080004b84 (0x02e85bbb) x23 0xffffffffffffffff
core   0: 0x0000000080004b88 (0x0002011b) sext.w  sp, tp
core   0: 1 0x0000000080004b88 (0x0002011b) x2  0xfffffffffffff9f2
core   0: 0x0000000080004b8c (0x002026f3) csrrs   a3, frm, zero
core   0: 1 0x0000000080004b8c (0x002026f3) x13 0x0000000000000000
core   0: 0x0000000080004b90 (0x02a9d53b) divuw   a0, s3, a0
core   0: 1 0x0000000080004b90 (0x02a9d53b) x10 0x0000000000000003
core   0: 0x0000000080004b94 (0x404605bb) subw    a1, a2, tp
core   0: 1 0x0000000080004b94 (0x404605bb) x11 0x000000000000060e
core   0: 0x0000000080004b98 (0x0000979b) slliw   a5, ra, 0
core   0: 1 0x0000000080004b98 (0x0000979b) x15 0xffffffff80004014
core   0: 0x0000000080004b9c (0x0ff0000f) fence   iorw,iorw
core   0: 1 0x0000000080004b9c (0x0ff0000f)
core   0: 0x0000000080004ba0 (0x401582bb) subw    t0, a1, ra
core   0: 1 0x0000000080004ba0 (0x401582bb) x5  0x000000007fffc5fa
core   0: 0x0000000080004ba4 (0x00000001) c.nop
core   0: 1 0x0000000080004ba4 (0x0001)
core   0: 0x0000000080004ba6 (0x001024f3) csrrs   s1, fflags, zero
core   0: 1 0x0000000080004ba6 (0x001024f3) x9  0x0000000000000010
core   0: 0x0000000080004baa (0x0252edbb) remw    s11, t0, t0
core   0: 1 0x0000000080004baa (0x0252edbb) x27 0x0000000000000000
core   0: 0x0000000080004bae (0xc22b7253) fcvt.l.d tp, fs6
core   0: 1 0x0000000080004bae (0xc22b7253) c1_fflags 0x0000000000000010 x4  0x7fffffffffffffff
core   0: 0x0000000080004bb2 (0x3784849b) addiw   s1, s1, 888
core   0: 1 0x0000000080004bb2 (0x3784849b) x9  0x0000000000000388
core   0: 0x0000000080004bb6 (0x93ce794b) fnmsub.d fs2, ft8, ft8, fs2
core   0: 1 0x0000000080004bb6 (0x93ce794b) f18 0x7ff8000000000000
core   0: 0x0000000080004bba (0x22f7abd3) fsgnjx.d fs7, fa5, fa5
core   0: 1 0x0000000080004bba (0x22f7abd3) f23 0x7ff8000000000000
core   0: 0x0000000080004bbe (0x4022da1b) sraiw   s4, t0, 2
core   0: 1 0x0000000080004bbe (0x4022da1b) x20 0x000000001ffff17e
core   0: 0x0000000080004bc2 (0x000b0b3b) addw    s6, s6, zero
core   0: 1 0x0000000080004bc2 (0x000b0b3b) x22 0x0000000000000000
core   0: 0x0000000080004bc6 (0xb8304813) xori    a6, zero, -1149
core   0: 1 0x0000000080004bc6 (0xb8304813) x16 0xfffffffffffffb83
core   0: 0x0000000080004bca (0x03b85db3) divu    s11, a6, s11
core   0: 1 0x0000000080004bca (0x03b85db3) x27 0xffffffffffffffff
core   0: 0x0000000080004bce (0x02bd83b3) mul     t2, s11, a1
core   0: 1 0x0000000080004bce (0x02bd83b3) x7  0xfffffffffffff9f2
core   0: 0x0000000080004bd2 (0xf1139a73) csrrw   s4, mvendorid, t2
core   0: exception trap_illegal_instruction, epc 0x0000000080004bd2
core   0:           tval 0x00000000f1139a73
core   0: >>>>  $xrv64i2p1_m2p0_a2p1_f2p2_d2p2_zicsr2p0_zifencei2p0_zmmul1p0_zba1p0_zbb1p0_zbc1p0_zbs1p0
core   0: 0x0000000080004000 (0x0080006f) j       pc + 0x8
core   0: 3 0x0000000080004000 (0x0080006f)
core   0: >>>>  mmode_exception_handler
core   0: 0x0000000080004008 (0x00002c17) auipc   s8, 0x2
core   0: 3 0x0000000080004008 (0x00002c17) x24 0x0000000080006008
core   0: 0x000000008000400c (0x016c0c13) addi    s8, s8, 22
core   0: 3 0x000000008000400c (0x016c0c13) x24 0x000000008000601e
core   0: 0x0000000080004010 (0x000c00e7) jalr    s8
core   0: 3 0x0000000080004010 (0x000c00e7) x1  0x0000000080004014
core   0: >>>>  any_handler
core   0: 0x000000008000601e (0x341027f3) csrrs   a5, mepc, zero
core   0: 3 0x000000008000601e (0x341027f3) x15 0x0000000080004bd2
core   0: 0x0000000080006022 (0x34202773) csrrs   a4, mcause, zero
core   0: 3 0x0000000080006022 (0x34202773) x14 0x0000000000000002
core   0: 0x0000000080006026 (0x142026f3) csrrs   a3, scause, zero
core   0: 3 0x0000000080006026 (0x142026f3) x13 0x0000000000000000
core   0: 0x000000008000602a (0x30402673) csrrs   a2, mie, zero
core   0: 3 0x000000008000602a (0x30402673) x12 0x0000000000000a00
core   0: 0x000000008000602e (0x344025f3) csrrs   a1, mip, zero
core   0: 3 0x000000008000602e (0x344025f3) x11 0x0000000000000080
core   0: 0x0000000080006032 (0x343025f3) csrrs   a1, mtval, zero
core   0: 3 0x0000000080006032 (0x343025f3) x11 0x00000000f1139a73
core   0: 0x0000000080006036 (0x14302573) csrrs   a0, stval, zero
core   0: 3 0x0000000080006036 (0x14302573) x10 0x0000000000000000
core   0: 0x000000008000603a (0xb02024f3) csrrs   s1, minstret, zero
core   0: 3 0x000000008000603a (0xb02024f3) x9  0x0000000000000ba6
core   0: 0x000000008000603e (0x0000a811) c.j     pc + 20
core   0: 3 0x000000008000603e (0xa811)
core   0: >>>>  mepc_4
core   0: 0x0000000080006052 (0x00000791) c.addi  a5, 4
core   0: 3 0x0000000080006052 (0x0791) x15 0x0000000080004bd6
core   0: 0x0000000080006054 (0x34179073) csrrw   zero, mepc, a5
core   0: 3 0x0000000080006054 (0x34179073) c833_mepc 0x0000000080004bd6
core   0: 0x0000000080006058 (0x30200073) mret
core   0: 3 0x0000000080006058 (0x30200073) c768_mstatus 0x8000000a00106080
core   0: 0x0000000080004bd6 (0xd23571d3) fcvt.d.lu ft3, a0
core   0: 1 0x0000000080004bd6 (0xd23571d3) f3  0x0000000000000000
core   0: 0x0000000080004bda (0x2a060b53) fmin.d  fs6, fa2, ft0
core   0: 1 0x0000000080004bda (0x2a060b53) f22 0x3ff0000000000000
core   0: 0x0000000080004bde (0x1bdb74d3) fdiv.d  fs1, fs6, ft9
core   0: 1 0x0000000080004bde (0x1bdb74d3) f9  0x7ff8000000000000
core   0: 0x0000000080004be2 (0xd033fbd3) fcvt.s.lu fs7, t2
core   0: 1 0x0000000080004be2 (0xd033fbd3) c1_fflags 0x0000000000000011 f23 0xffffffff5f800000
core   0: 0x0000000080004be6 (0xd032f3d3) fcvt.s.lu ft7, t0
core   0: 1 0x0000000080004be6 (0xd032f3d3) c1_fflags 0x0000000000000011 f7  0xffffffff4effff8c
core   0: 0x0000000080004bea (0x4010de3b) sraw    t3, ra, ra
core   0: 1 0x0000000080004bea (0x4010de3b) x28 0xfffffffffffff800
core   0: 0x0000000080004bee (0x0139893b) addw    s2, s3, s3
core   0: 1 0x0000000080004bee (0x0139893b) x18 0x0000000000000ff2
core   0: 0x0000000080004bf2 (0xfff5071b) addiw   a4, a0, -1
core   0: 1 0x0000000080004bf2 (0xfff5071b) x14 0xffffffffffffffff
core   0: 0x0000000080004bf6 (0x02e75b3b) divuw   s6, a4, a4
core   0: 1 0x0000000080004bf6 (0x02e75b3b) x22 0x0000000000000001
core   0: 0x0000000080004bfa (0xd036f9d3) fcvt.s.lu fs3, a3
core   0: 1 0x0000000080004bfa (0xd036f9d3) f19 0xffffffff00000000
core   0: 0x0000000080004bfe (0x40e2d0bb) sraw    ra, t0, a4
core   0: 1 0x0000000080004bfe (0x40e2d0bb) x1  0x0000000000000000
core   0: 0x0000000080004c02 (0x001ed71b) srliw   a4, t4, 1
core   0: 1 0x0000000080004c02 (0x001ed71b) x14 0x0000000003ffffff
core   0: 0x0000000080004c06 (0x017d00bb) addw    ra, s10, s7
core   0: 1 0x0000000080004c06 (0x017d00bb) x1  0x000000000000080c
core   0: 0x0000000080004c0a (0xc219f753) fcvt.wu.d a4, fs3
core   0: 1 0x0000000080004c0a (0xc219f753) c1_fflags 0x0000000000000011 x14 0xffffffffffffffff
core   0: 0x0000000080004c0e (0x015e1c1b) slliw   s8, t3, 21
core   0: 1 0x0000000080004c0e (0x015e1c1b) x24 0x0000000000000000
core   0: 0x0000000080004c12 (0x2b8a8153) fmin.d  ft2, fs5, fs8
core   0: 1 0x0000000080004c12 (0x2b8a8153) f2  0x7ff8000000000000
core   0: 0x0000000080004c16 (0xc23af0d3) fcvt.lu.d ra, fs5
core   0: 1 0x0000000080004c16 (0xc23af0d3) c1_fflags 0x0000000000000011 x1  0xffffffffffffffff
core   0: 0x0000000080004c1a (0x00102e73) csrrs   t3, fflags, zero
core   0: 1 0x0000000080004c1a (0x00102e73) x28 0x0000000000000011
core   0: 0x0000000080004c1e (0x4015d113) srai    sp, a1, 1
core   0: 1 0x0000000080004c1e (0x4015d113) x2  0x000000007889cd39
core   0: 0x0000000080004c22 (0xc2117d53) fcvt.wu.d s10, ft2
core   0: 1 0x0000000080004c22 (0xc2117d53) c1_fflags 0x0000000000000011 x26 0xffffffffffffffff
core   0: 0x0000000080004c26 (0x03167cd3) fadd.d  fs9, fa2, fa7
core   0: 1 0x0000000080004c26 (0x03167cd3) f25 0x7ff8000000000000
core   0: 0x0000000080004c2a (0x00054513) xori    a0, a0, 0
core   0: 1 0x0000000080004c2a (0x00054513) x10 0x0000000000000000
core   0: 0x0000000080004c2e (0x0119a8b3) slt     a7, s3, a7
core   0: 1 0x0000000080004c2e (0x0119a8b3) x17 0x0000000000000001
core   0: 0x0000000080004c32 (0x0206f433) remu    s0, a3, zero
core   0: 1 0x0000000080004c32 (0x0206f433) x8  0x0000000000000000
core   0: 0x0000000080004c36 (0xcb31fac7) fmsub.d fs5, ft3, fs3, fs9
core   0: 1 0x0000000080004c36 (0xcb31fac7) f21 0x7ff8000000000000
core   0: 0x0000000080004c3a (0x5a0e7353) fsqrt.d ft6, ft8
core   0: 1 0x0000000080004c3a (0x5a0e7353) f6  0x7ff8000000000000
core   0: 0x0000000080004c3e (0x0d23851b) addiw   a0, t2, 210
core   0: 1 0x0000000080004c3e (0x0d23851b) x10 0xfffffffffffffac4
core   0: 0x0000000080004c42 (0x4a60704b) fnmsub.d ft0, ft0, ft6, fs1
core   0: 1 0x0000000080004c42 (0x4a60704b) f0  0x7ff8000000000000
core   0: 0x0000000080004c46 (0x41660633) sub     a2, a2, s6
core   0: 1 0x0000000080004c46 (0x41660633) x12 0x00000000000009ff
core   0: 0x0000000080004c4a (0x00000001) c.nop
core   0: 1 0x0000000080004c4a (0x0001)
core   0: 0x0000000080004c4c (0x40528cbb) subw    s9, t0, t0
core   0: 1 0x0000000080004c4c (0x40528cbb) x25 0x0000000000000000
core   0: 0x0000000080004c50 (0xf0c08593) addi    a1, ra, -244
core   0: 1 0x0000000080004c50 (0xf0c08593) x11 0xffffffffffffff0b
core   0: 0x0000000080004c54 (0xc03bf353) fcvt.lu.s t1, fs7
core   0: 1 0x0000000080004c54 (0xc03bf353) c1_fflags 0x0000000000000011 x6  0xffffffffffffffff
core   0: 0x0000000080004c58 (0x344fd7f3) csrrwi  a5, mip, 31
core   0: exception trap_illegal_instruction, epc 0x0000000080004c58
core   0:           tval 0x00000000344fd7f3
core   0: >>>>  $xrv64i2p1_m2p0_a2p1_f2p2_d2p2_zicsr2p0_zifencei2p0_zmmul1p0_zba1p0_zbb1p0_zbc1p0_zbs1p0
core   0: 0x0000000080004000 (0x0080006f) j       pc + 0x8
core   0: 3 0x0000000080004000 (0x0080006f)
core   0: >>>>  mmode_exception_handler
core   0: 0x0000000080004008 (0x00002c17) auipc   s8, 0x2
core   0: 3 0x0000000080004008 (0x00002c17) x24 0x0000000080006008
core   0: 0x000000008000400c (0x016c0c13) addi    s8, s8, 22
core   0: 3 0x000000008000400c (0x016c0c13) x24 0x000000008000601e
core   0: 0x0000000080004010 (0x000c00e7) jalr    s8
core   0: 3 0x0000000080004010 (0x000c00e7) x1  0x0000000080004014
core   0: >>>>  any_handler
core   0: 0x000000008000601e (0x341027f3) csrrs   a5, mepc, zero
core   0: 3 0x000000008000601e (0x341027f3) x15 0x0000000080004c58
core   0: 0x0000000080006022 (0x34202773) csrrs   a4, mcause, zero
core   0: 3 0x0000000080006022 (0x34202773) x14 0x0000000000000002
core   0: 0x0000000080006026 (0x142026f3) csrrs   a3, scause, zero
core   0: 3 0x0000000080006026 (0x142026f3) x13 0x0000000000000000
core   0: 0x000000008000602a (0x30402673) csrrs   a2, mie, zero
core   0: 3 0x000000008000602a (0x30402673) x12 0x0000000000000a00
core   0: 0x000000008000602e (0x344025f3) csrrs   a1, mip, zero
core   0: 3 0x000000008000602e (0x344025f3) x11 0x0000000000000080
core   0: 0x0000000080006032 (0x343025f3) csrrs   a1, mtval, zero
core   0: 3 0x0000000080006032 (0x343025f3) x11 0x00000000344fd7f3
core   0: 0x0000000080006036 (0x14302573) csrrs   a0, stval, zero
core   0: 3 0x0000000080006036 (0x14302573) x10 0x0000000000000000
core   0: 0x000000008000603a (0xb02024f3) csrrs   s1, minstret, zero
core   0: 3 0x000000008000603a (0xb02024f3) x9  0x0000000000000bd7
core   0: 0x000000008000603e (0x0000a811) c.j     pc + 20
core   0: 3 0x000000008000603e (0xa811)
core   0: >>>>  mepc_4
core   0: 0x0000000080006052 (0x00000791) c.addi  a5, 4
core   0: 3 0x0000000080006052 (0x0791) x15 0x0000000080004c5c
core   0: 0x0000000080006054 (0x34179073) csrrw   zero, mepc, a5
core   0: 3 0x0000000080006054 (0x34179073) c833_mepc 0x0000000080004c5c
core   0: 0x0000000080006058 (0x30200073) mret
core   0: 3 0x0000000080006058 (0x30200073) c768_mstatus 0x8000000a00106080
core   0: 0x0000000080004c5c (0x03ce7e53) fadd.d  ft8, ft8, ft8
core   0: 1 0x0000000080004c5c (0x03ce7e53) f28 0x7ff8000000000000
core   0: 0x0000000080004c60 (0x4018581b) sraiw   a6, a6, 1
core   0: 1 0x0000000080004c60 (0x4018581b) x16 0xfffffffffffffdc1
core   0: 0x0000000080004c64 (0xd20b0853) fcvt.d.w fa6, s6
core   0: 1 0x0000000080004c64 (0xd20b0853) f16 0x3ff0000000000000
core   0: 0x0000000080004c68 (0x0179171b) slliw   a4, s2, 23
core   0: 1 0x0000000080004c68 (0x0179171b) x14 0xfffffffff9000000
core   0: 0x0000000080004c6c (0xc2687c4b) fnmsub.d fs8, fa6, ft6, fs8
core   0: 1 0x0000000080004c6c (0xc2687c4b) f24 0x7ff8000000000000
core   0: 0x0000000080004c70 (0x002173b3) and     t2, sp, sp
core   0: 1 0x0000000080004c70 (0x002173b3) x7  0x000000007889cd39
core   0: 0x0000000080004c74 (0x407e529b) sraiw   t0, t3, 7
core   0: 1 0x0000000080004c74 (0x407e529b) x5  0x0000000000000000
core   0: 0x0000000080004c78 (0x40ce8ebb) subw    t4, t4, a2
core   0: 1 0x0000000080004c78 (0x40ce8ebb) x29 0x0000000007fff5ff
core   0: 0x0000000080004c7c (0x00091493) slli    s1, s2, 0
core   0: 1 0x0000000080004c7c (0x00091493) x9  0x0000000000000ff2
core   0: 0x0000000080004c80 (0xc230f853) fcvt.lu.d a6, ft1
core   0: 1 0x0000000080004c80 (0xc230f853) c1_fflags 0x0000000000000011 x16 0x0000000000000000
core   0: 0x0000000080004c84 (0xd2150ed3) fcvt.d.wu ft9, a0
core   0: 1 0x0000000080004c84 (0xd2150ed3) f29 0x0000000000000000
core   0: 0x0000000080004c88 (0x032bfa33) remu    s4, s7, s2
core   0: 1 0x0000000080004c88 (0x032bfa33) x20 0x0000000000000147
core   0: 0x0000000080004c8c (0x0051c333) xor     t1, gp, t0
core   0: 1 0x0000000080004c8c (0x0051c333) x6  0x0000000007fff9f3
core   0: 0x0000000080004c90 (0x022b7bd3) fadd.d  fs7, fs6, ft2
core   0: 1 0x0000000080004c90 (0x022b7bd3) f23 0x7ff8000000000000
core   0: 0x0000000080004c94 (0x03debeb3) mulhu   t4, t4, t4
core   0: 1 0x0000000080004c94 (0x03debeb3) x29 0x0000000000000000
core   0: 0x0000000080004c98 (0x23de8fd3) fsgnj.d ft11, ft9, ft9
core   0: 1 0x0000000080004c98 (0x23de8fd3) f31 0x0000000000000000
core   0: 0x0000000080004c9c (0x0ae87bd3) fsub.d  fs7, fa6, fa4
core   0: 1 0x0000000080004c9c (0x0ae87bd3) f23 0x7ff8000000000000
core   0: 0x0000000080004ca0 (0xd5a63097) auipc   ra, 0xd5a63
core   0: 1 0x0000000080004ca0 (0xd5a63097) x1  0x0000000055a67ca0
core   0: 0x0000000080004ca4 (0x420d8dd3) fcvt.d.s fs11, fs11
core   0: 1 0x0000000080004ca4 (0x420d8dd3) f27 0x7ff8000000000000
core   0: 0x0000000080004ca8 (0xd20c0853) fcvt.d.w fa6, s8
core   0: 1 0x0000000080004ca8 (0xd20c0853) f16 0xc1dfffe7f8800000
core   0: 0x0000000080004cac (0x02e79733) mulh    a4, a5, a4
core   0: 1 0x0000000080004cac (0x02e79733) x14 0xffffffffffffffff
core   0: 0x0000000080004cb0 (0x40c1563b) sraw    a2, sp, a2
core   0: 1 0x0000000080004cb0 (0x40c1563b) x12 0x000000007889cd39
core   0: 0x0000000080004cb4 (0x8555f593) andi    a1, a1, -1963
core   0: 1 0x0000000080004cb4 (0x8555f593) x11 0x00000000344fd051
core   0: 0x0000000080004cb8 (0x03f65293) srli    t0, a2, 63
core   0: 1 0x0000000080004cb8 (0x03f65293) x5  0x0000000000000000
core   0: 0x0000000080004cbc (0x0011dc33) srl     s8, gp, ra
core   0: 1 0x0000000080004cbc (0x0011dc33) x24 0x0000000000000000
core   0: 0x0000000080004cc0 (0x02240833) mul     a6, s0, sp
core   0: 1 0x0000000080004cc0 (0x02240833) x16 0x0000000000000000
core   0: 0x0000000080004cc4 (0x3108a1f3) csrrs   gp, mstatush, a7
core   0: exception trap_illegal_instruction, epc 0x0000000080004cc4
core   0:           tval 0x000000003108a1f3
core   0: >>>>  $xrv64i2p1_m2p0_a2p1_f2p2_d2p2_zicsr2p0_zifencei2p0_zmmul1p0_zba1p0_zbb1p0_zbc1p0_zbs1p0
core   0: 0x0000000080004000 (0x0080006f) j       pc + 0x8
core   0: 3 0x0000000080004000 (0x0080006f)
core   0: >>>>  mmode_exception_handler
core   0: 0x0000000080004008 (0x00002c17) auipc   s8, 0x2
core   0: 3 0x0000000080004008 (0x00002c17) x24 0x0000000080006008
core   0: 0x000000008000400c (0x016c0c13) addi    s8, s8, 22
core   0: 3 0x000000008000400c (0x016c0c13) x24 0x000000008000601e
core   0: 0x0000000080004010 (0x000c00e7) jalr    s8
core   0: 3 0x0000000080004010 (0x000c00e7) x1  0x0000000080004014
core   0: >>>>  any_handler
core   0: 0x000000008000601e (0x341027f3) csrrs   a5, mepc, zero
core   0: 3 0x000000008000601e (0x341027f3) x15 0x0000000080004cc4
core   0: 0x0000000080006022 (0x34202773) csrrs   a4, mcause, zero
core   0: 3 0x0000000080006022 (0x34202773) x14 0x0000000000000002
core   0: 0x0000000080006026 (0x142026f3) csrrs   a3, scause, zero
core   0: 3 0x0000000080006026 (0x142026f3) x13 0x0000000000000000
core   0: 0x000000008000602a (0x30402673) csrrs   a2, mie, zero
core   0: 3 0x000000008000602a (0x30402673) x12 0x0000000000000a00
core   0: 0x000000008000602e (0x344025f3) csrrs   a1, mip, zero
core   0: 3 0x000000008000602e (0x344025f3) x11 0x0000000000000080
core   0: 0x0000000080006032 (0x343025f3) csrrs   a1, mtval, zero
core   0: 3 0x0000000080006032 (0x343025f3) x11 0x000000003108a1f3
core   0: 0x0000000080006036 (0x14302573) csrrs   a0, stval, zero
core   0: 3 0x0000000080006036 (0x14302573) x10 0x0000000000000000
core   0: 0x000000008000603a (0xb02024f3) csrrs   s1, minstret, zero
core   0: 3 0x000000008000603a (0xb02024f3) x9  0x0000000000000c01
core   0: 0x000000008000603e (0x0000a811) c.j     pc + 20
core   0: 3 0x000000008000603e (0xa811)
core   0: >>>>  mepc_4
core   0: 0x0000000080006052 (0x00000791) c.addi  a5, 4
core   0: 3 0x0000000080006052 (0x0791) x15 0x0000000080004cc8
core   0: 0x0000000080006054 (0x34179073) csrrw   zero, mepc, a5
core   0: 3 0x0000000080006054 (0x34179073) c833_mepc 0x0000000080004cc8
core   0: 0x0000000080006058 (0x30200073) mret
core   0: 3 0x0000000080006058 (0x30200073) c768_mstatus 0x8000000a00106080
core   0: 0x0000000080004cc8 (0xc2fc7747) fmsub.d fa4, fs8, fa5, fs8
core   0: 1 0x0000000080004cc8 (0xc2fc7747) f14 0x7ff8000000000000
core   0: 0x0000000080004ccc (0x02f3d3bb) divuw   t2, t2, a5
core   0: 1 0x0000000080004ccc (0x02f3d3bb) x7  0x0000000000000000
core   0: 0x0000000080004cd0 (0x7ffd861b) addiw   a2, s11, 2047
core   0: 1 0x0000000080004cd0 (0x7ffd861b) x12 0x00000000000007fe
core   0: 0x0000000080004cd4 (0x0177013b) addw    sp, a4, s7
core   0: 1 0x0000000080004cd4 (0x0177013b) x2  0x0000000000000001
core   0: 0x0000000080004cd8 (0x02b33433) mulhu   s0, t1, a1
core   0: 1 0x0000000080004cd8 (0x02b33433) x8  0x0000000000000000
core   0: 0x0000000080004cdc (0xbb416c93) ori     s9, sp, -1100
core   0: 1 0x0000000080004cdc (0xbb416c93) x25 0xfffffffffffffbb5
core   0: 0x0000000080004ce0 (0x001e51b3) srl     gp, t3, ra
core   0: 1 0x0000000080004ce0 (0x001e51b3) x3  0x0000000000000000
core   0: 0x0000000080004ce4 (0x0ff0000f) fence   iorw,iorw
core   0: 1 0x0000000080004ce4 (0x0ff0000f)
core   0: 0x0000000080004ce8 (0x40b202b3) sub     t0, tp, a1
core   0: 1 0x0000000080004ce8 (0x40b202b3) x5  0x7fffffffcef75e0c
core   0: 0x0000000080004cec (0x01f95a1b) srliw   s4, s2, 31
core   0: 1 0x0000000080004cec (0x01f95a1b) x20 0x0000000000000000
core   0: 0x0000000080004cf0 (0x017a501b) srliw   zero, s4, 23
core   0: 1 0x0000000080004cf0 (0x017a501b)
core   0: 0x0000000080004cf4 (0x01f8d21b) srliw   tp, a7, 31
core   0: 1 0x0000000080004cf4 (0x01f8d21b) x4  0x0000000000000000
core   0: 0x0000000080004cf8 (0x001c1d73) csrrw   s10, fflags, s8
core   0: 1 0x0000000080004cf8 (0x001c1d73) x26 0x0000000000000011 c1_fflags 0x000000000000001e
core   0: 0x0000000080004cfc (0x1380734f) fnmadd.d ft6, ft0, fs8, ft2
core   0: 1 0x0000000080004cfc (0x1380734f) f6  0x7ff8000000000000
core   0: 0x0000000080004d00 (0x23bb0253) fsgnj.d ft4, fs6, fs11
core   0: 1 0x0000000080004d00 (0x23bb0253) f4  0x3ff0000000000000
core   0: 0x0000000080004d04 (0x86f3f593) andi    a1, t2, -1937
core   0: 1 0x0000000080004d04 (0x86f3f593) x11 0x0000000000000000
core   0: 0x0000000080004d08 (0x41b08c33) sub     s8, ra, s11
core   0: 1 0x0000000080004d08 (0x41b08c33) x24 0x0000000080004015
core   0: 0x0000000080004d0c (0x4187d5bb) sraw    a1, a5, s8
core   0: 1 0x0000000080004d0c (0x4187d5bb) x11 0xfffffffffffffc00
core   0: 0x0000000080004d10 (0x40127353) fcvt.s.d ft6, ft4
core   0: 1 0x0000000080004d10 (0x40127353) f6  0xffffffff3f800000
core   0: 0x0000000080004d14 (0x4025dcb3) sra     s9, a1, sp
core   0: 1 0x0000000080004d14 (0x4025dcb3) x25 0xfffffffffffffe00
core   0: 0x0000000080004d18 (0x00191a73) csrrw   s4, fflags, s2
core   0: 1 0x0000000080004d18 (0x00191a73) x20 0x000000000000001e c1_fflags 0x0000000000000012
core   0: 0x0000000080004d1c (0x01a6541b) srliw   s0, a2, 26
core   0: 1 0x0000000080004d1c (0x01a6541b) x8  0x0000000000000000
core   0: 0x0000000080004d20 (0xfff4889b) addiw   a7, s1, -1
core   0: 1 0x0000000080004d20 (0xfff4889b) x17 0x0000000000000c00
core   0: 0x0000000080004d24 (0x77f77293) andi    t0, a4, 1919
core   0: 1 0x0000000080004d24 (0x77f77293) x5  0x0000000000000002
core   0: 0x0000000080004d28 (0x4002d413) srai    s0, t0, 0
core   0: 1 0x0000000080004d28 (0x4002d413) x8  0x0000000000000002
core   0: 0x0000000080004d2c (0x40d404bb) subw    s1, s0, a3
core   0: 1 0x0000000080004d2c (0x40d404bb) x9  0x0000000000000002
core   0: 0x0000000080004d30 (0x406e561b) sraiw   a2, t3, 6
core   0: 1 0x0000000080004d30 (0x406e561b) x12 0x0000000000000000
core   0: 0x0000000080004d34 (0x03f65a13) srli    s4, a2, 63
core   0: 1 0x0000000080004d34 (0x03f65a13) x20 0x0000000000000000
core   0: 0x0000000080004d38 (0x7b0033f3) csrrc   t2, dcsr, zero
core   0: exception trap_illegal_instruction, epc 0x0000000080004d38
core   0:           tval 0x000000007b0033f3
core   0: >>>>  $xrv64i2p1_m2p0_a2p1_f2p2_d2p2_zicsr2p0_zifencei2p0_zmmul1p0_zba1p0_zbb1p0_zbc1p0_zbs1p0
core   0: 0x0000000080004000 (0x0080006f) j       pc + 0x8
core   0: 3 0x0000000080004000 (0x0080006f)
core   0: >>>>  mmode_exception_handler
core   0: 0x0000000080004008 (0x00002c17) auipc   s8, 0x2
core   0: 3 0x0000000080004008 (0x00002c17) x24 0x0000000080006008
core   0: 0x000000008000400c (0x016c0c13) addi    s8, s8, 22
core   0: 3 0x000000008000400c (0x016c0c13) x24 0x000000008000601e
core   0: 0x0000000080004010 (0x000c00e7) jalr    s8
core   0: 3 0x0000000080004010 (0x000c00e7) x1  0x0000000080004014
core   0: >>>>  any_handler
core   0: 0x000000008000601e (0x341027f3) csrrs   a5, mepc, zero
core   0: 3 0x000000008000601e (0x341027f3) x15 0x0000000080004d38
core   0: 0x0000000080006022 (0x34202773) csrrs   a4, mcause, zero
core   0: 3 0x0000000080006022 (0x34202773) x14 0x0000000000000002
core   0: 0x0000000080006026 (0x142026f3) csrrs   a3, scause, zero
core   0: 3 0x0000000080006026 (0x142026f3) x13 0x0000000000000000
core   0: 0x000000008000602a (0x30402673) csrrs   a2, mie, zero
core   0: 3 0x000000008000602a (0x30402673) x12 0x0000000000000a00
core   0: 0x000000008000602e (0x344025f3) csrrs   a1, mip, zero
core   0: 3 0x000000008000602e (0x344025f3) x11 0x0000000000000080
core   0: 0x0000000080006032 (0x343025f3) csrrs   a1, mtval, zero
core   0: 3 0x0000000080006032 (0x343025f3) x11 0x000000007b0033f3
core   0: 0x0000000080006036 (0x14302573) csrrs   a0, stval, zero
core   0: 3 0x0000000080006036 (0x14302573) x10 0x0000000000000000
core   0: 0x000000008000603a (0xb02024f3) csrrs   s1, minstret, zero
core   0: 3 0x000000008000603a (0xb02024f3) x9  0x0000000000000c2d
core   0: 0x000000008000603e (0x0000a811) c.j     pc + 20
core   0: 3 0x000000008000603e (0xa811)
core   0: >>>>  mepc_4
core   0: 0x0000000080006052 (0x00000791) c.addi  a5, 4
core   0: 3 0x0000000080006052 (0x0791) x15 0x0000000080004d3c
core   0: 0x0000000080006054 (0x34179073) csrrw   zero, mepc, a5
core   0: 3 0x0000000080006054 (0x34179073) c833_mepc 0x0000000080004d3c
core   0: 0x0000000080006058 (0x30200073) mret
core   0: 3 0x0000000080006058 (0x30200073) c768_mstatus 0x8000000a00106080
core   0: 0x0000000080004d3c (0x4100599b) sraiw   s3, zero, 16
core   0: 1 0x0000000080004d3c (0x4100599b) x19 0x0000000000000000
core   0: 0x0000000080004d40 (0x2ac60a53) fmin.d  fs4, fa2, fa2
core   0: 1 0x0000000080004d40 (0x2ac60a53) f20 0x7ff8000000000000
core   0: 0x0000000080004d44 (0x40115113) srai    sp, sp, 1
core   0: 1 0x0000000080004d44 (0x40115113) x2  0x0000000000000000
core   0: 0x0000000080004d48 (0x00000001) c.nop
core   0: 1 0x0000000080004d48 (0x0001)
core   0: 0x0000000080004d4a (0x0364f4d3) fadd.d  fs1, fs1, fs6
core   0: 1 0x0000000080004d4a (0x0364f4d3) f9  0x7ff8000000000000
core   0: 0x0000000080004d4e (0x02237733) remu    a4, t1, sp
core   0: 1 0x0000000080004d4e (0x02237733) x14 0x0000000007fff9f3
core   0: 0x0000000080004d52 (0xe2010353) fmv.x.d t1, ft2
core   0: 1 0x0000000080004d52 (0xe2010353) x6  0x7ff8000000000000
core   0: 0x0000000080004d56 (0x43f25a13) srai    s4, tp, 63
core   0: 1 0x0000000080004d56 (0x43f25a13) x20 0x0000000000000000
core   0: 0x0000000080004d5a (0x42008cd3) fcvt.d.s fs9, ft1
core   0: 1 0x0000000080004d5a (0x42008cd3) f25 0x7ff8000000000000
core   0: 0x0000000080004d5e (0xc092881b) addiw   a6, t0, -1015
core   0: 1 0x0000000080004d5e (0xc092881b) x16 0xfffffffffffffc0b
core   0: 0x0000000080004d62 (0x013597bb) sllw    a5, a1, s3
core   0: 1 0x0000000080004d62 (0x013597bb) x15 0x000000007b0033f3
core   0: 0x0000000080004d66 (0x2a7793d3) fmax.d  ft7, fa5, ft7
core   0: 1 0x0000000080004d66 (0x2a7793d3) f7  0x7ff8000000000000
core   0: 0x0000000080004d6a (0x0086833b) addw    t1, a3, s0
core   0: 1 0x0000000080004d6a (0x0086833b) x6  0x0000000000000002
core   0: 0x0000000080004d6e (0x40187853) fcvt.s.d fa6, fa6
core   0: 1 0x0000000080004d6e (0x40187853) c1_fflags 0x0000000000000013 f16 0xffffffffceffff40
core   0: 0x0000000080004d72 (0x401977d3) fcvt.s.d fa5, fs2
core   0: 1 0x0000000080004d72 (0x401977d3) f15 0xffffffff7fc00000
core   0: 0x0000000080004d76 (0x420c8353) fcvt.d.s ft6, fs9
core   0: 1 0x0000000080004d76 (0x420c8353) f6  0x7ff8000000000000
core   0: 0x0000000080004d7a (0xaaa36b13) ori     s6, t1, -1366
core   0: 1 0x0000000080004d7a (0xaaa36b13) x22 0xfffffffffffffaaa
core   0: 0x0000000080004d7e (0x012688bb) addw    a7, a3, s2
core   0: 1 0x0000000080004d7e (0x012688bb) x17 0x0000000000000ff2
core   0: 0x0000000080004d82 (0xc21375d3) fcvt.wu.d a1, ft6
core   0: 1 0x0000000080004d82 (0xc21375d3) c1_fflags 0x0000000000000013 x11 0xffffffffffffffff
core   0: 0x0000000080004d86 (0x40660333) sub     t1, a2, t1
core   0: 1 0x0000000080004d86 (0x40660333) x6  0x00000000000009fe
core   0: 0x0000000080004d8a (0x40be0b3b) subw    s6, t3, a1
core   0: 1 0x0000000080004d8a (0x40be0b3b) x22 0x0000000000000012
core   0: 0x0000000080004d8e (0x40f00b33) sub     s6, zero, a5
core   0: 1 0x0000000080004d8e (0x40f00b33) x22 0xffffffff84ffcc0d
core   0: 0x0000000080004d92 (0xfff22c13) slti    s8, tp, -1
core   0: 1 0x0000000080004d92 (0xfff22c13) x24 0x0000000000000000
core   0: 0x0000000080004d96 (0xf2080c53) fmv.d.x fs8, a6
core   0: 1 0x0000000080004d96 (0xf2080c53) f24 0xfffffffffffffc0b
core   0: 0x0000000080004d9a (0xc020f2d3) fcvt.l.s t0, ft1
core   0: 1 0x0000000080004d9a (0xc020f2d3) c1_fflags 0x0000000000000013 x5  0x7fffffffffffffff
core   0: 0x0000000080004d9e (0x011fe037) lui     zero, 0x11fe
core   0: 1 0x0000000080004d9e (0x011fe037)
core   0: 0x0000000080004da2 (0xec90001b) addiw   zero, zero, -311
core   0: 1 0x0000000080004da2 (0xec90001b)
core   0: 0x0000000080004da6 (0x00c01013) slli    zero, zero, 12
core   0: 1 0x0000000080004da6 (0x00c01013)
core   0: 0x0000000080004daa (0x06100013) li      zero, 97
core   0: 1 0x0000000080004daa (0x06100013)
core   0: 0x0000000080004dae (0xd2327753) fcvt.d.lu fa4, tp
core   0: 1 0x0000000080004dae (0xd2327753) f14 0x0000000000000000
core   0: 0x0000000080004db2 (0x916f35b7) lui     a1, 0x916f3
core   0: 1 0x0000000080004db2 (0x916f35b7) x11 0xffffffff916f3000
core   0: 0x0000000080004db6 (0x037b7bb3) remu    s7, s6, s7
core   0: 1 0x0000000080004db6 (0x037b7bb3) x23 0xffffffff84ffcc0d
core   0: 0x0000000080004dba (0x0005d31b) srliw   t1, a1, 0
core   0: 1 0x0000000080004dba (0x0005d31b) x6  0xffffffff916f3000
core   0: 0x0000000080004dbe (0x40a45bb3) sra     s7, s0, a0
core   0: 1 0x0000000080004dbe (0x40a45bb3) x23 0x0000000000000002
core   0: 0x0000000080004dc2 (0x01049db3) sll     s11, s1, a6
core   0: 1 0x0000000080004dc2 (0x01049db3) x27 0x0000000000616800
core   0: 0x0000000080004dc6 (0x0340d313) srli    t1, ra, 52
core   0: 1 0x0000000080004dc6 (0x0340d313) x6  0x0000000000000000
core   0: 0x0000000080004dca (0xdeb51b17) auipc   s6, 0xdeb51
core   0: 1 0x0000000080004dca (0xdeb51b17) x22 0x000000005eb55dca
core   0: 0x0000000080004dce (0x012b67b3) or      a5, s6, s2
core   0: 1 0x0000000080004dce (0x012b67b3) x15 0x000000005eb55ffa
core   0: 0x0000000080004dd2 (0x0021083b) addw    a6, sp, sp
core   0: 1 0x0000000080004dd2 (0x0021083b) x16 0x0000000000000000
core   0: 0x0000000080004dd6 (0x01c905b3) add     a1, s2, t3
core   0: 1 0x0000000080004dd6 (0x01c905b3) x11 0x0000000000001003
core   0: 0x0000000080004dda (0x03b5c2bb) divw    t0, a1, s11
core   0: 1 0x0000000080004dda (0x03b5c2bb) x5  0x0000000000000000
core   0: 0x0000000080004dde (0x002d013b) addw    sp, s10, sp
core   0: 1 0x0000000080004dde (0x002d013b) x2  0x0000000000000011
core   0: 0x0000000080004de2 (0x80060193) addi    gp, a2, -2048
core   0: 1 0x0000000080004de2 (0x80060193) x3  0x0000000000000200
core   0: 0x0000000080004de6 (0x00131c73) csrrw   s8, fflags, t1
core   0: 1 0x0000000080004de6 (0x00131c73) x24 0x0000000000000013 c1_fflags 0x0000000000000000
core   0: 0x0000000080004dea (0x0182eab3) or      s5, t0, s8
core   0: 1 0x0000000080004dea (0x0182eab3) x21 0x0000000000000013
core   0: 0x0000000080004dee (0x409c04b3) sub     s1, s8, s1
core   0: 1 0x0000000080004dee (0x409c04b3) x9  0xfffffffffffff3e6
core   0: 0x0000000080004df2 (0x03fad593) srli    a1, s5, 63
core   0: 1 0x0000000080004df2 (0x03fad593) x11 0x0000000000000000
core   0: 0x0000000080004df6 (0x00fd7933) and     s2, s10, a5
core   0: 1 0x0000000080004df6 (0x00fd7933) x18 0x0000000000000010
core   0: 0x0000000080004dfa (0x41b35c3b) sraw    s8, t1, s11
core   0: 1 0x0000000080004dfa (0x41b35c3b) x24 0x0000000000000000
core   0: 0x0000000080004dfe (0x40cc5533) sra     a0, s8, a2
core   0: 1 0x0000000080004dfe (0x40cc5533) x10 0x0000000000000000
core   0: 0x0000000080004e02 (0x037a62b3) rem     t0, s4, s7
core   0: 1 0x0000000080004e02 (0x037a62b3) x5  0x0000000000000000
core   0: 0x0000000080004e06 (0xc21577d3) fcvt.wu.d a5, fa0
core   0: 1 0x0000000080004e06 (0xc21577d3) c1_fflags 0x0000000000000010 x15 0xffffffffffffffff
core   0: 0x0000000080004e0a (0x00251573) csrrw   a0, frm, a0
core   0: 1 0x0000000080004e0a (0x00251573) x10 0x0000000000000000 c2_frm 0x0000000000000000
core   0: 0x0000000080004e0e (0x00000001) c.nop
core   0: 1 0x0000000080004e0e (0x0001)
core   0: 0x0000000080004e10 (0x0337e4b3) rem     s1, a5, s3
core   0: 1 0x0000000080004e10 (0x0337e4b3) x9  0xffffffffffffffff
core   0: 0x0000000080004e14 (0x5ff96d93) ori     s11, s2, 1535
core   0: 1 0x0000000080004e14 (0x5ff96d93) x27 0x00000000000005ff
core   0: 0x0000000080004e18 (0xf2d87547) fmsub.d fa0, fa6, fa3, ft10
core   0: 1 0x0000000080004e18 (0xf2d87547) f10 0x7ff8000000000000
core   0: 0x0000000080004e1c (0xa2d889d3) fle.d   s3, fa7, fa3
core   0: 1 0x0000000080004e1c (0xa2d889d3) c1_fflags 0x0000000000000010 x19 0x0000000000000000
core   0: 0x0000000080004e20 (0x400c531b) sraiw   t1, s8, 0
core   0: 1 0x0000000080004e20 (0x400c531b) x6  0x0000000000000000
core   0: 0x0000000080004e24 (0x4019f9d3) fcvt.s.d fs3, fs3
core   0: 1 0x0000000080004e24 (0x4019f9d3) f19 0xffffffff7fc00000
core   0: 0x0000000080004e28 (0xd2247fd3) fcvt.d.l ft11, s0
core   0: 1 0x0000000080004e28 (0xd2247fd3) f31 0x4000000000000000
core   0: 0x0000000080004e2c (0xd0347dd3) fcvt.s.lu fs11, s0
core   0: 1 0x0000000080004e2c (0xd0347dd3) f27 0xffffffff40000000
core   0: 0x0000000080004e30 (0xc02879d3) fcvt.l.s s3, fa6
core   0: 1 0x0000000080004e30 (0xc02879d3) x19 0xffffffff80006000
core   0: 0x0000000080004e34 (0x2a0383d3) fmin.d  ft7, ft7, ft0
core   0: 1 0x0000000080004e34 (0x2a0383d3) f7  0x7ff8000000000000
core   0: 0x0000000080004e38 (0xf14050f3) csrrwi  ra, mhartid, 0
core   0: exception trap_illegal_instruction, epc 0x0000000080004e38
core   0:           tval 0x00000000f14050f3
core   0: >>>>  $xrv64i2p1_m2p0_a2p1_f2p2_d2p2_zicsr2p0_zifencei2p0_zmmul1p0_zba1p0_zbb1p0_zbc1p0_zbs1p0
core   0: 0x0000000080004000 (0x0080006f) j       pc + 0x8
core   0: 3 0x0000000080004000 (0x0080006f)
core   0: >>>>  mmode_exception_handler
core   0: 0x0000000080004008 (0x00002c17) auipc   s8, 0x2
core   0: 3 0x0000000080004008 (0x00002c17) x24 0x0000000080006008
core   0: 0x000000008000400c (0x016c0c13) addi    s8, s8, 22
core   0: 3 0x000000008000400c (0x016c0c13) x24 0x000000008000601e
core   0: 0x0000000080004010 (0x000c00e7) jalr    s8
core   0: 3 0x0000000080004010 (0x000c00e7) x1  0x0000000080004014
core   0: >>>>  any_handler
core   0: 0x000000008000601e (0x341027f3) csrrs   a5, mepc, zero
core   0: 3 0x000000008000601e (0x341027f3) x15 0x0000000080004e38
core   0: 0x0000000080006022 (0x34202773) csrrs   a4, mcause, zero
core   0: 3 0x0000000080006022 (0x34202773) x14 0x0000000000000002
core   0: 0x0000000080006026 (0x142026f3) csrrs   a3, scause, zero
core   0: 3 0x0000000080006026 (0x142026f3) x13 0x0000000000000000
core   0: 0x000000008000602a (0x30402673) csrrs   a2, mie, zero
core   0: 3 0x000000008000602a (0x30402673) x12 0x0000000000000a00
core   0: 0x000000008000602e (0x344025f3) csrrs   a1, mip, zero
core   0: 3 0x000000008000602e (0x344025f3) x11 0x0000000000000080
core   0: 0x0000000080006032 (0x343025f3) csrrs   a1, mtval, zero
core   0: 3 0x0000000080006032 (0x343025f3) x11 0x00000000f14050f3
core   0: 0x0000000080006036 (0x14302573) csrrs   a0, stval, zero
core   0: 3 0x0000000080006036 (0x14302573) x10 0x0000000000000000
core   0: 0x000000008000603a (0xb02024f3) csrrs   s1, minstret, zero
core   0: 3 0x000000008000603a (0xb02024f3) x9  0x0000000000000c7d
core   0: 0x000000008000603e (0x0000a811) c.j     pc + 20
core   0: 3 0x000000008000603e (0xa811)
core   0: >>>>  mepc_4
core   0: 0x0000000080006052 (0x00000791) c.addi  a5, 4
core   0: 3 0x0000000080006052 (0x0791) x15 0x0000000080004e3c
core   0: 0x0000000080006054 (0x34179073) csrrw   zero, mepc, a5
core   0: 3 0x0000000080006054 (0x34179073) c833_mepc 0x0000000080004e3c
core   0: 0x0000000080006058 (0x30200073) mret
core   0: 3 0x0000000080006058 (0x30200073) c768_mstatus 0x8000000a00106080
core   0: 0x0000000080004e3c (0xc2007853) fcvt.w.d a6, ft0
core   0: 1 0x0000000080004e3c (0xc2007853) c1_fflags 0x0000000000000010 x16 0x000000007fffffff
core   0: 0x0000000080004e40 (0x40c75b33) sra     s6, a4, a2
core   0: 1 0x0000000080004e40 (0x40c75b33) x22 0x0000000000000002
core   0: 0x0000000080004e44 (0x41680dbb) subw    s11, a6, s6
core   0: 1 0x0000000080004e44 (0x41680dbb) x27 0x000000007ffffffd
core   0: 0x0000000080004e48 (0x01b7c7b3) xor     a5, a5, s11
core   0: 1 0x0000000080004e48 (0x01b7c7b3) x15 0x00000000ffffb1c1
core   0: 0x0000000080004e4c (0x420005d3) fcvt.d.s fa1, ft0
core   0: 1 0x0000000080004e4c (0x420005d3) f11 0x7ff8000000000000
core   0: 0x0000000080004e50 (0x01290c3b) addw    s8, s2, s2
core   0: 1 0x0000000080004e50 (0x01290c3b) x24 0x0000000000000020
core   0: 0x0000000080004e54 (0x01785833) srl     a6, a6, s7
core   0: 1 0x0000000080004e54 (0x01785833) x16 0x000000001fffffff
core   0: 0x0000000080004e58 (0x00009266) c.add   tp, s9
core   0: 1 0x0000000080004e58 (0x9266) x4  0xfffffffffffffe00
core   0: 0x0000000080004e5a (0x02e33333) mulhu   t1, t1, a4
core   0: 1 0x0000000080004e5a (0x02e33333) x6  0x0000000000000000
core   0: 0x0000000080004e5e (0x40ae0e33) sub     t3, t3, a0
core   0: 1 0x0000000080004e5e (0x40ae0e33) x28 0x0000000000000011
core   0: 0x0000000080004e62 (0x029aa8b3) mulhsu  a7, s5, s1
core   0: 1 0x0000000080004e62 (0x029aa8b3) x17 0x0000000000000000
core   0: 0x0000000080004e66 (0x3437fa73) csrrci  s4, mtval, 15
core   0: exception trap_illegal_instruction, epc 0x0000000080004e66
core   0:           tval 0x000000003437fa73
core   0: >>>>  $xrv64i2p1_m2p0_a2p1_f2p2_d2p2_zicsr2p0_zifencei2p0_zmmul1p0_zba1p0_zbb1p0_zbc1p0_zbs1p0
core   0: 0x0000000080004000 (0x0080006f) j       pc + 0x8
core   0: 3 0x0000000080004000 (0x0080006f)
core   0: >>>>  mmode_exception_handler
core   0: 0x0000000080004008 (0x00002c17) auipc   s8, 0x2
core   0: 3 0x0000000080004008 (0x00002c17) x24 0x0000000080006008
core   0: 0x000000008000400c (0x016c0c13) addi    s8, s8, 22
core   0: 3 0x000000008000400c (0x016c0c13) x24 0x000000008000601e
core   0: 0x0000000080004010 (0x000c00e7) jalr    s8
core   0: 3 0x0000000080004010 (0x000c00e7) x1  0x0000000080004014
core   0: >>>>  any_handler
core   0: 0x000000008000601e (0x341027f3) csrrs   a5, mepc, zero
core   0: 3 0x000000008000601e (0x341027f3) x15 0x0000000080004e66
core   0: 0x0000000080006022 (0x34202773) csrrs   a4, mcause, zero
core   0: 3 0x0000000080006022 (0x34202773) x14 0x0000000000000002
core   0: 0x0000000080006026 (0x142026f3) csrrs   a3, scause, zero
core   0: 3 0x0000000080006026 (0x142026f3) x13 0x0000000000000000
core   0: 0x000000008000602a (0x30402673) csrrs   a2, mie, zero
core   0: 3 0x000000008000602a (0x30402673) x12 0x0000000000000a00
core   0: 0x000000008000602e (0x344025f3) csrrs   a1, mip, zero
core   0: 3 0x000000008000602e (0x344025f3) x11 0x0000000000000080
core   0: 0x0000000080006032 (0x343025f3) csrrs   a1, mtval, zero
core   0: 3 0x0000000080006032 (0x343025f3) x11 0x000000003437fa73
core   0: 0x0000000080006036 (0x14302573) csrrs   a0, stval, zero
core   0: 3 0x0000000080006036 (0x14302573) x10 0x0000000000000000
core   0: 0x000000008000603a (0xb02024f3) csrrs   s1, minstret, zero
core   0: 3 0x000000008000603a (0xb02024f3) x9  0x0000000000000c98
core   0: 0x000000008000603e (0x0000a811) c.j     pc + 20
core   0: 3 0x000000008000603e (0xa811)
core   0: >>>>  mepc_4
core   0: 0x0000000080006052 (0x00000791) c.addi  a5, 4
core   0: 3 0x0000000080006052 (0x0791) x15 0x0000000080004e6a
core   0: 0x0000000080006054 (0x34179073) csrrw   zero, mepc, a5
core   0: 3 0x0000000080006054 (0x34179073) c833_mepc 0x0000000080004e6a
core   0: 0x0000000080006058 (0x30200073) mret
core   0: 3 0x0000000080006058 (0x30200073) c768_mstatus 0x8000000a00106080
core   0: 0x0000000080004e6a (0xf2030453) fmv.d.x fs0, t1
core   0: 1 0x0000000080004e6a (0xf2030453) f8  0x0000000000000000
core   0: 0x0000000080004e6e (0x00219cf3) csrrw   s9, frm, gp
core   0: 1 0x0000000080004e6e (0x00219cf3) x25 0x0000000000000000 c2_frm 0x0000000000000000
core   0: 0x0000000080004e72 (0xc2347453) fcvt.lu.d s0, fs0
core   0: 1 0x0000000080004e72 (0xc2347453) x8  0x0000000000000000
core   0: 0x0000000080004e76 (0x4043531b) sraiw   t1, t1, 4
core   0: 1 0x0000000080004e76 (0x4043531b) x6  0x0000000000000000
core   0: 0x0000000080004e7a (0xc05076f3) csrrci  a3, hpmcounter5, 0
core   0: exception trap_illegal_instruction, epc 0x0000000080004e7a
core   0:           tval 0x00000000c05076f3
core   0: >>>>  $xrv64i2p1_m2p0_a2p1_f2p2_d2p2_zicsr2p0_zifencei2p0_zmmul1p0_zba1p0_zbb1p0_zbc1p0_zbs1p0
core   0: 0x0000000080004000 (0x0080006f) j       pc + 0x8
core   0: 3 0x0000000080004000 (0x0080006f)
core   0: >>>>  mmode_exception_handler
core   0: 0x0000000080004008 (0x00002c17) auipc   s8, 0x2
core   0: 3 0x0000000080004008 (0x00002c17) x24 0x0000000080006008
core   0: 0x000000008000400c (0x016c0c13) addi    s8, s8, 22
core   0: 3 0x000000008000400c (0x016c0c13) x24 0x000000008000601e
core   0: 0x0000000080004010 (0x000c00e7) jalr    s8
core   0: 3 0x0000000080004010 (0x000c00e7) x1  0x0000000080004014
core   0: >>>>  any_handler
core   0: 0x000000008000601e (0x341027f3) csrrs   a5, mepc, zero
core   0: 3 0x000000008000601e (0x341027f3) x15 0x0000000080004e7a
core   0: 0x0000000080006022 (0x34202773) csrrs   a4, mcause, zero
core   0: 3 0x0000000080006022 (0x34202773) x14 0x0000000000000002
core   0: 0x0000000080006026 (0x142026f3) csrrs   a3, scause, zero
core   0: 3 0x0000000080006026 (0x142026f3) x13 0x0000000000000000
core   0: 0x000000008000602a (0x30402673) csrrs   a2, mie, zero
core   0: 3 0x000000008000602a (0x30402673) x12 0x0000000000000a00
core   0: 0x000000008000602e (0x344025f3) csrrs   a1, mip, zero
core   0: 3 0x000000008000602e (0x344025f3) x11 0x0000000000000080
core   0: 0x0000000080006032 (0x343025f3) csrrs   a1, mtval, zero
core   0: 3 0x0000000080006032 (0x343025f3) x11 0x00000000c05076f3
core   0: 0x0000000080006036 (0x14302573) csrrs   a0, stval, zero
core   0: 3 0x0000000080006036 (0x14302573) x10 0x0000000000000000
core   0: 0x000000008000603a (0xb02024f3) csrrs   s1, minstret, zero
core   0: 3 0x000000008000603a (0xb02024f3) x9  0x0000000000000cac
core   0: 0x000000008000603e (0x0000a811) c.j     pc + 20
core   0: 3 0x000000008000603e (0xa811)
core   0: >>>>  mepc_4
core   0: 0x0000000080006052 (0x00000791) c.addi  a5, 4
core   0: 3 0x0000000080006052 (0x0791) x15 0x0000000080004e7e
core   0: 0x0000000080006054 (0x34179073) csrrw   zero, mepc, a5
core   0: 3 0x0000000080006054 (0x34179073) c833_mepc 0x0000000080004e7e
core   0: 0x0000000080006058 (0x30200073) mret
core   0: 3 0x0000000080006058 (0x30200073) c768_mstatus 0x8000000a00106080
core   0: 0x0000000080004e7e (0x01402eb3) slt     t4, zero, s4
core   0: 1 0x0000000080004e7e (0x01402eb3) x29 0x0000000000000000
core   0: 0x0000000080004e82 (0x00b5dbb3) srl     s7, a1, a1
core   0: 1 0x0000000080004e82 (0x00b5dbb3) x23 0x0000000000000000
core   0: 0x0000000080004e86 (0x23b91bd3) fsgnjn.d fs7, fs2, fs11
core   0: 1 0x0000000080004e86 (0x23b91bd3) f23 0x7ff8000000000000
core   0: 0x0000000080004e8a (0xd23ef153) fcvt.d.lu ft2, t4
core   0: 1 0x0000000080004e8a (0xd23ef153) f2  0x0000000000000000
core   0: 0x0000000080004e8e (0x40b5d5bb) sraw    a1, a1, a1
core   0: 1 0x0000000080004e8e (0x40b5d5bb) x11 0xfffffffffffff80a
core   0: 0x0000000080004e92 (0xc2167053) fcvt.wu.d zero, fa2
core   0: 1 0x0000000080004e92 (0xc2167053) c1_fflags 0x0000000000000010
core   0: 0x0000000080004e96 (0xf11c5373) csrrwi  t1, mvendorid, 24
core   0: exception trap_illegal_instruction, epc 0x0000000080004e96
core   0:           tval 0x00000000f11c5373
core   0: >>>>  $xrv64i2p1_m2p0_a2p1_f2p2_d2p2_zicsr2p0_zifencei2p0_zmmul1p0_zba1p0_zbb1p0_zbc1p0_zbs1p0
core   0: 0x0000000080004000 (0x0080006f) j       pc + 0x8
core   0: 3 0x0000000080004000 (0x0080006f)
core   0: >>>>  mmode_exception_handler
core   0: 0x0000000080004008 (0x00002c17) auipc   s8, 0x2
core   0: 3 0x0000000080004008 (0x00002c17) x24 0x0000000080006008
core   0: 0x000000008000400c (0x016c0c13) addi    s8, s8, 22
core   0: 3 0x000000008000400c (0x016c0c13) x24 0x000000008000601e
core   0: 0x0000000080004010 (0x000c00e7) jalr    s8
core   0: 3 0x0000000080004010 (0x000c00e7) x1  0x0000000080004014
core   0: >>>>  any_handler
core   0: 0x000000008000601e (0x341027f3) csrrs   a5, mepc, zero
core   0: 3 0x000000008000601e (0x341027f3) x15 0x0000000080004e96
core   0: 0x0000000080006022 (0x34202773) csrrs   a4, mcause, zero
core   0: 3 0x0000000080006022 (0x34202773) x14 0x0000000000000002
core   0: 0x0000000080006026 (0x142026f3) csrrs   a3, scause, zero
core   0: 3 0x0000000080006026 (0x142026f3) x13 0x0000000000000000
core   0: 0x000000008000602a (0x30402673) csrrs   a2, mie, zero
core   0: 3 0x000000008000602a (0x30402673) x12 0x0000000000000a00
core   0: 0x000000008000602e (0x344025f3) csrrs   a1, mip, zero
core   0: 3 0x000000008000602e (0x344025f3) x11 0x0000000000000080
core   0: 0x0000000080006032 (0x343025f3) csrrs   a1, mtval, zero
core   0: 3 0x0000000080006032 (0x343025f3) x11 0x00000000f11c5373
core   0: 0x0000000080006036 (0x14302573) csrrs   a0, stval, zero
core   0: 3 0x0000000080006036 (0x14302573) x10 0x0000000000000000
core   0: 0x000000008000603a (0xb02024f3) csrrs   s1, minstret, zero
core   0: 3 0x000000008000603a (0xb02024f3) x9  0x0000000000000cc2
core   0: 0x000000008000603e (0x0000a811) c.j     pc + 20
core   0: 3 0x000000008000603e (0xa811)
core   0: >>>>  mepc_4
core   0: 0x0000000080006052 (0x00000791) c.addi  a5, 4
core   0: 3 0x0000000080006052 (0x0791) x15 0x0000000080004e9a
core   0: 0x0000000080006054 (0x34179073) csrrw   zero, mepc, a5
core   0: 3 0x0000000080006054 (0x34179073) c833_mepc 0x0000000080004e9a
core   0: 0x0000000080006058 (0x30200073) mret
core   0: 3 0x0000000080006058 (0x30200073) c768_mstatus 0x8000000a00106080
core   0: 0x0000000080004e9a (0x0258d513) srli    a0, a7, 37
core   0: 1 0x0000000080004e9a (0x0258d513) x10 0x0000000000000000
core   0: 0x0000000080004e9e (0xfcd1beb7) lui     t4, 0xfcd1b
core   0: 1 0x0000000080004e9e (0xfcd1beb7) x29 0xfffffffffcd1b000
core   0: 0x0000000080004ea2 (0xaabe8e9b) addiw   t4, t4, -1365
core   0: 1 0x0000000080004ea2 (0xaabe8e9b) x29 0xfffffffffcd1aaab
core   0: 0x0000000080004ea6 (0x00000eb6) c.slli  t4, 13
core   0: 1 0x0000000080004ea6 (0x0eb6) x29 0xffffff9a35556000
core   0: 0x0000000080004ea8 (0xa12e8e93) addi    t4, t4, -1518
core   0: 1 0x0000000080004ea8 (0xa12e8e93) x29 0xffffff9a35555a12
core   0: 0x0000000080004eac (0xd03574d3) fcvt.s.lu fs1, a0
core   0: 1 0x0000000080004eac (0xd03574d3) f9  0xffffffff00000000
core   0: 0x0000000080004eb0 (0x0ff0000f) fence   iorw,iorw
core   0: 1 0x0000000080004eb0 (0x0ff0000f)
core   0: 0x0000000080004eb4 (0x407958bb) sraw    a7, s2, t2
core   0: 1 0x0000000080004eb4 (0x407958bb) x17 0x0000000000000010
core   0: 0x0000000080004eb8 (0x0ff0000f) fence   iorw,iorw
core   0: 1 0x0000000080004eb8 (0x0ff0000f)
core   0: 0x0000000080004ebc (0x038dbe33) mulhu   t3, s11, s8
core   0: 1 0x0000000080004ebc (0x038dbe33) x28 0x0000000000000000
core   0: 0x0000000080004ec0 (0x015ac433) xor     s0, s5, s5
core   0: 1 0x0000000080004ec0 (0x015ac433) x8  0x0000000000000000
core   0: 0x0000000080004ec4 (0x1b58f8c7) fmsub.d fa7, fa7, fs5, ft3
core   0: 1 0x0000000080004ec4 (0x1b58f8c7) f17 0x7ff8000000000000
core   0: 0x0000000080004ec8 (0x0026f1b3) and     gp, a3, sp
core   0: 1 0x0000000080004ec8 (0x0026f1b3) x3  0x0000000000000000
core   0: 0x0000000080004ecc (0x02821833) mulh    a6, tp, s0
core   0: 1 0x0000000080004ecc (0x02821833) x16 0x0000000000000000
core   0: 0x0000000080004ed0 (0xc23afbd3) fcvt.lu.d s7, fs5
core   0: 1 0x0000000080004ed0 (0xc23afbd3) c1_fflags 0x0000000000000010 x23 0xffffffffffffffff
core   0: 0x0000000080004ed4 (0x410801b3) sub     gp, a6, a6
core   0: 1 0x0000000080004ed4 (0x410801b3) x3  0x0000000000000000
core   0: 0x0000000080004ed8 (0x01218433) add     s0, gp, s2
core   0: 1 0x0000000080004ed8 (0x01218433) x8  0x0000000000000010
core   0: 0x0000000080004edc (0x120a7ed3) fmul.d  ft9, fs4, ft0
core   0: 1 0x0000000080004edc (0x120a7ed3) f29 0x7ff8000000000000
core   0: 0x0000000080004ee0 (0x401100bb) subw    ra, sp, ra
core   0: 1 0x0000000080004ee0 (0x401100bb) x1  0x000000007fffbffd
core   0: 0x0000000080004ee4 (0x3aa0f3c7) fmsub.d ft7, ft1, fa0, ft7
core   0: 1 0x0000000080004ee4 (0x3aa0f3c7) f7  0x7ff8000000000000
core   0: 0x0000000080004ee8 (0x0160843b) addw    s0, ra, s6
core   0: 1 0x0000000080004ee8 (0x0160843b) x8  0x000000007fffbfff
core   0: 0x0000000080004eec (0x4182da3b) sraw    s4, t0, s8
core   0: 1 0x0000000080004eec (0x4182da3b) x20 0x0000000000000000
core   0: 0x0000000080004ef0 (0xc213f653) fcvt.wu.d a2, ft7
core   0: 1 0x0000000080004ef0 (0xc213f653) c1_fflags 0x0000000000000010 x12 0xffffffffffffffff
core   0: 0x0000000080004ef4 (0x2a8182d3) fmin.d  ft5, ft3, fs0
core   0: 1 0x0000000080004ef4 (0x2a8182d3) f5  0x0000000000000000
core   0: 0x0000000080004ef8 (0xe20f8553) fmv.x.d a0, ft11
core   0: 1 0x0000000080004ef8 (0xe20f8553) x10 0x4000000000000000
core   0: 0x0000000080004efc (0x008456bb) srlw    a3, s0, s0
core   0: 1 0x0000000080004efc (0x008456bb) x13 0x0000000000000000
core   0: 0x0000000080004f00 (0x0217a833) mulhsu  a6, a5, ra
core   0: 1 0x0000000080004f00 (0x0217a833) x16 0x0000000000000000
core   0: 0x0000000080004f04 (0x401bf253) fcvt.s.d ft4, fs7
core   0: 1 0x0000000080004f04 (0x401bf253) f4  0xffffffff7fc00000
core   0: 0x0000000080004f08 (0x00f0843b) addw    s0, ra, a5
core   0: 1 0x0000000080004f08 (0x00f0843b) x8  0x0000000000000e97
core   0: 0x0000000080004f0c (0x41b80133) sub     sp, a6, s11
core   0: 1 0x0000000080004f0c (0x41b80133) x2  0xffffffff80000003
core   0: 0x0000000080004f10 (0x00102473) csrrs   s0, fflags, zero
core   0: 1 0x0000000080004f10 (0x00102473) x8  0x0000000000000010
core   0: 0x0000000080004f14 (0x41c30ab3) sub     s5, t1, t3
core   0: 1 0x0000000080004f14 (0x41c30ab3) x21 0x0000000000000000
core   0: 0x0000000080004f18 (0xc02d7dd3) fcvt.l.s s11, fs10
core   0: 1 0x0000000080004f18 (0xc02d7dd3) c1_fflags 0x0000000000000010 x27 0x7fffffffffffffff
core   0: 0x0000000080004f1c (0x001025f3) csrrs   a1, fflags, zero
core   0: 1 0x0000000080004f1c (0x001025f3) x11 0x0000000000000010
core   0: 0x0000000080004f20 (0x401bdb1b) sraiw   s6, s7, 1
core   0: 1 0x0000000080004f20 (0x401bdb1b) x22 0xffffffffffffffff
core   0: 0x0000000080004f24 (0x7b7bc693) xori    a3, s7, 1975
core   0: 1 0x0000000080004f24 (0x7b7bc693) x13 0xfffffffffffff848
core   0: 0x0000000080004f28 (0x00a2153b) sllw    a0, tp, a0
core   0: 1 0x0000000080004f28 (0x00a2153b) x10 0xfffffffffffffe00
core   0: 0x0000000080004f2c (0x40d605bb) subw    a1, a2, a3
core   0: 1 0x0000000080004f2c (0x40d605bb) x11 0x00000000000007b7
core   0: 0x0000000080004f30 (0x01129db3) sll     s11, t0, a7
core   0: 1 0x0000000080004f30 (0x01129db3) x27 0x0000000000000000
core   0: 0x0000000080004f34 (0xd21800d3) fcvt.d.wu ft1, a6
core   0: 1 0x0000000080004f34 (0xd21800d3) f1  0x0000000000000000
core   0: 0x0000000080004f38 (0x007696b3) sll     a3, a3, t2
core   0: 1 0x0000000080004f38 (0x007696b3) x13 0xfffffffffffff848
core   0: 0x0000000080004f3c (0xfa1fffc7) fmsub.d ft11, ft11, ft1, ft11
core   0: 1 0x0000000080004f3c (0xfa1fffc7) f31 0xc000000000000000
core   0: 0x0000000080004f40 (0x2bf10153) fmin.d  ft2, ft2, ft11
core   0: 1 0x0000000080004f40 (0x2bf10153) f2  0xc000000000000000
core   0: 0x0000000080004f44 (0x01f3931b) slliw   t1, t2, 31
core   0: 1 0x0000000080004f44 (0x01f3931b) x6  0x0000000000000000
core   0: 0x0000000080004f48 (0xd21c85d3) fcvt.d.wu fa1, s9
core   0: 1 0x0000000080004f48 (0xd21c85d3) f11 0x0000000000000000
core   0: 0x0000000080004f4c (0xc03173d3) fcvt.lu.s t2, ft2
core   0: 1 0x0000000080004f4c (0xc03173d3) c1_fflags 0x0000000000000010 x7  0xffffffffffffffff
core   0: 0x0000000080004f50 (0x836b7ec7) fmsub.d ft9, fs6, fs6, fa6
core   0: 1 0x0000000080004f50 (0x836b7ec7) f29 0x7ff8000000000000
core   0: 0x0000000080004f54 (0x007ea0b3) slt     ra, t4, t2
core   0: 1 0x0000000080004f54 (0x007ea0b3) x1  0x0000000000000001
core   0: 0x0000000080004f58 (0x5a0871d3) fsqrt.d ft3, fa6
core   0: 1 0x0000000080004f58 (0x5a0871d3) f3  0x7ff8000000000000
core   0: 0x0000000080004f5c (0xfbcd0493) addi    s1, s10, -68
core   0: 1 0x0000000080004f5c (0xfbcd0493) x9  0xffffffffffffffcd
core   0: 0x0000000080004f60 (0xd22b7153) fcvt.d.l ft2, s6
core   0: 1 0x0000000080004f60 (0xd22b7153) f2  0xbff0000000000000
core   0: 0x0000000080004f64 (0x03ab76bb) remuw   a3, s6, s10
core   0: 1 0x0000000080004f64 (0x03ab76bb) x13 0x0000000000000000
core   0: 0x0000000080004f68 (0x0156d0b3) srl     ra, a3, s5
core   0: 1 0x0000000080004f68 (0x0156d0b3) x1  0x0000000000000000
core   0: 0x0000000080004f6c (0x02a9b2b3) mulhu   t0, s3, a0
core   0: 1 0x0000000080004f6c (0x02a9b2b3) x5  0xffffffff80005e00
core   0: 0x0000000080004f70 (0x001d5a93) srli    s5, s10, 1
core   0: 1 0x0000000080004f70 (0x001d5a93) x21 0x0000000000000008
core   0: 0x0000000080004f74 (0x22898153) fsgnj.d ft2, fs3, fs0
core   0: 1 0x0000000080004f74 (0x22898153) f2  0x7fffffff7fc00000
core   0: 0x0000000080004f78 (0x03086833) rem     a6, a6, a6
core   0: 1 0x0000000080004f78 (0x03086833) x16 0x0000000000000000
core   0: 0x0000000080004f7c (0xe20407d3) fmv.x.d a5, fs0
core   0: 1 0x0000000080004f7c (0xe20407d3) x15 0x0000000000000000
core   0: 0x0000000080004f80 (0x41d783b3) sub     t2, a5, t4
core   0: 1 0x0000000080004f80 (0x41d783b3) x7  0x00000065caaaa5ee
core   0: 0x0000000080004f84 (0x1b5cfad3) fdiv.d  fs5, fs9, fs5
core   0: 1 0x0000000080004f84 (0x1b5cfad3) f21 0x7ff8000000000000
core   0: 0x0000000080004f88 (0xc340e913) ori     s2, ra, -972
core   0: 1 0x0000000080004f88 (0xc340e913) x18 0xfffffffffffffc34
core   0: 0x0000000080004f8c (0x02e42833) mulhsu  a6, s0, a4
core   0: 1 0x0000000080004f8c (0x02e42833) x16 0x0000000000000000
core   0: 0x0000000080004f90 (0x2be9f143) fmadd.d ft2, fs3, ft10, ft5
core   0: 1 0x0000000080004f90 (0x2be9f143) f2  0x7ff8000000000000
core   0: 0x0000000080004f94 (0x03dc7bd3) fadd.d  fs7, fs8, ft9
core   0: 1 0x0000000080004f94 (0x03dc7bd3) f23 0x7ff8000000000000
core   0: 0x0000000080004f98 (0x4006589b) sraiw   a7, a2, 0
core   0: 1 0x0000000080004f98 (0x4006589b) x17 0xffffffffffffffff
core   0: 0x0000000080004f9c (0x0015981b) slliw   a6, a1, 1
core   0: 1 0x0000000080004f9c (0x0015981b) x16 0x0000000000000f6e
core   0: 0x0000000080004fa0 (0x80086393) ori     t2, a6, -2048
core   0: 1 0x0000000080004fa0 (0x80086393) x7  0xffffffffffffff6e
core   0: 0x0000000080004fa4 (0x0107023b) addw    tp, a4, a6
core   0: 1 0x0000000080004fa4 (0x0107023b) x4  0x0000000000000f70
core   0: 0x0000000080004fa8 (0x224e9cd3) fsgnjn.d fs9, ft9, ft4
core   0: 1 0x0000000080004fa8 (0x224e9cd3) f25 0x7ff8000000000000
core   0: 0x0000000080004fac (0x41fcdc9b) sraiw   s9, s9, 31
core   0: 1 0x0000000080004fac (0x41fcdc9b) x25 0x0000000000000000
core   0: 0x0000000080004fb0 (0xc23cf553) fcvt.lu.d a0, fs9
core   0: 1 0x0000000080004fb0 (0xc23cf553) c1_fflags 0x0000000000000010 x10 0xffffffffffffffff
core   0: 0x0000000080004fb4 (0x5a0f72d3) fsqrt.d ft5, ft10
core   0: 1 0x0000000080004fb4 (0x5a0f72d3) f5  0x0000000000000000
core   0: 0x0000000080004fb8 (0x7ff10493) addi    s1, sp, 2047
core   0: 1 0x0000000080004fb8 (0x7ff10493) x9  0xffffffff80000802
core   0: 0x0000000080004fbc (0x0ff0000f) fence   iorw,iorw
core   0: 1 0x0000000080004fbc (0x0ff0000f)
core   0: 0x0000000080004fc0 (0x001028f3) csrrs   a7, fflags, zero
core   0: 1 0x0000000080004fc0 (0x001028f3) x17 0x0000000000000010
core   0: 0x0000000080004fc4 (0x0ff0000f) fence   iorw,iorw
core   0: 1 0x0000000080004fc4 (0x0ff0000f)
core   0: 0x0000000080004fc8 (0xa36d85d3) fle.d   a1, fs11, fs6
core   0: 1 0x0000000080004fc8 (0xa36d85d3) c1_fflags 0x0000000000000010 x11 0x0000000000000000
core   0: 0x0000000080004fcc (0xc21dfc53) fcvt.wu.d s8, fs11
core   0: 1 0x0000000080004fcc (0xc21dfc53) c1_fflags 0x0000000000000010 x24 0xffffffffffffffff
core   0: 0x0000000080004fd0 (0x40fc5e33) sra     t3, s8, a5
core   0: 1 0x0000000080004fd0 (0x40fc5e33) x28 0xffffffffffffffff
core   0: 0x0000000080004fd4 (0x00d96633) or      a2, s2, a3
core   0: 1 0x0000000080004fd4 (0x00d96633) x12 0xfffffffffffffc34
core   0: 0x0000000080004fd8 (0x02d9413b) divw    sp, s2, a3
core   0: 1 0x0000000080004fd8 (0x02d9413b) x2  0xffffffffffffffff
core   0: 0x0000000080004fdc (0x00feceb3) xor     t4, t4, a5
core   0: 1 0x0000000080004fdc (0x00feceb3) x29 0xffffff9a35555a12
core   0: 0x0000000080004fe0 (0xc03a7c53) fcvt.lu.s s8, fs4
core   0: 1 0x0000000080004fe0 (0xc03a7c53) c1_fflags 0x0000000000000010 x24 0xffffffffffffffff
core   0: 0x0000000080004fe4 (0x00a30233) add     tp, t1, a0
core   0: 1 0x0000000080004fe4 (0x00a30233) x4  0xffffffffffffffff
core   0: 0x0000000080004fe8 (0xfea99197) auipc   gp, 0xfea99
core   0: 1 0x0000000080004fe8 (0xfea99197) x3  0x000000007ea9dfe8
core   0: 0x0000000080004fec (0x020d803b) mulw    zero, s11, zero
core   0: 1 0x0000000080004fec (0x020d803b)
core   0: 0x0000000080004ff0 (0xada54313) xori    t1, a0, -1318
core   0: 1 0x0000000080004ff0 (0xada54313) x6  0x0000000000000525
core   0: 0x0000000080004ff4 (0x0381d5bb) divuw   a1, gp, s8
core   0: 1 0x0000000080004ff4 (0x0381d5bb) x11 0x0000000000000000
core   0: 0x0000000080004ff8 (0x40030533) sub     a0, t1, zero
core   0: 1 0x0000000080004ff8 (0x40030533) x10 0x0000000000000525
core   0: 0x0000000080004ffc (0x40ac513b) sraw    sp, s8, a0
core   0: 1 0x0000000080004ffc (0x40ac513b) x2  0xffffffffffffffff
core   0: 0x0000000080005000 (0x40a152bb) sraw    t0, sp, a0
core   0: 1 0x0000000080005000 (0x40a152bb) x5  0xffffffffffffffff
core   0: 0x0000000080005004 (0x005429b3) slt     s3, s0, t0
core   0: 1 0x0000000080005004 (0x005429b3) x19 0x0000000000000000
core   0: 0x0000000080005008 (0x104feef3) csrrsi  t4, sie, 31
core   0: 1 0x0000000080005008 (0x104feef3) x29 0x0000000000000000 c772_mie 0x0000000000000a00
core   0: 0x000000008000500c (0x43fa5913) srai    s2, s4, 63
core   0: 1 0x000000008000500c (0x43fa5913) x18 0x0000000000000000
core   0: 0x0000000080005010 (0x5a037353) fsqrt.d ft6, ft6
core   0: 1 0x0000000080005010 (0x5a037353) f6  0x7ff8000000000000
core   0: 0x0000000080005014 (0xd02a77d3) fcvt.s.l fa5, s4
core   0: 1 0x0000000080005014 (0xd02a77d3) f15 0xffffffff00000000
core   0: 0x0000000080005018 (0x00000001) c.nop
core   0: 1 0x0000000080005018 (0x0001)
core   0: 0x000000008000501a (0x1bf379d3) fdiv.d  fs3, ft6, ft11
core   0: 1 0x000000008000501a (0x1bf379d3) f19 0x7ff8000000000000
core   0: 0x000000008000501e (0x405d0abb) subw    s5, s10, t0
core   0: 1 0x000000008000501e (0x405d0abb) x21 0x0000000000000012
core   0: 0x0000000080005022 (0x408507bb) subw    a5, a0, s0
core   0: 1 0x0000000080005022 (0x408507bb) x15 0x0000000000000515
core   0: 0x0000000080005026 (0x03479813) slli    a6, a5, 52
core   0: 1 0x0000000080005026 (0x03479813) x16 0x5150000000000000
core   0: 0x000000008000502a (0x40ae51b3) sra     gp, t3, a0
core   0: 1 0x000000008000502a (0x40ae51b3) x3  0xffffffffffffffff
core   0: 0x000000008000502e (0xd031f553) fcvt.s.lu fa0, gp
core   0: 1 0x000000008000502e (0xd031f553) c1_fflags 0x0000000000000011 f10 0xffffffff5f800000
core   0: 0x0000000080005032 (0xd2178953) fcvt.d.wu fs2, a5
core   0: 1 0x0000000080005032 (0xd2178953) f18 0x4094540000000000
core   0: 0x0000000080005036 (0xe20b0a53) fmv.x.d s4, fs6
core   0: 1 0x0000000080005036 (0xe20b0a53) x20 0x3ff0000000000000
core   0: 0x000000008000503a (0x320978cf) fnmadd.d fa7, fs2, ft0, ft6
core   0: 1 0x000000008000503a (0x320978cf) f17 0x7ff8000000000000
core   0: 0x000000008000503e (0x4e27e793) ori     a5, a5, 1250
core   0: 1 0x000000008000503e (0x4e27e793) x15 0x00000000000005f7
core   0: 0x0000000080005042 (0x000086d2) c.mv    a3, s4
core   0: 1 0x0000000080005042 (0x86d2) x13 0x3ff0000000000000
core   0: 0x0000000080005044 (0x7aaee493) ori     s1, t4, 1962
core   0: 1 0x0000000080005044 (0x7aaee493) x9  0x00000000000007aa
core   0: 0x0000000080005048 (0x03ad1d33) mulh    s10, s10, s10
core   0: 1 0x0000000080005048 (0x03ad1d33) x26 0x0000000000000000
core   0: 0x000000008000504c (0x405c5e33) sra     t3, s8, t0
core   0: 1 0x000000008000504c (0x405c5e33) x28 0xffffffffffffffff
core   0: 0x0000000080005050 (0x00655bbb) srlw    s7, a0, t1
core   0: 1 0x0000000080005050 (0x00655bbb) x23 0x0000000000000029
core   0: 0x0000000080005054 (0x06c0e6b7) lui     a3, 0x6c0e
core   0: 1 0x0000000080005054 (0x06c0e6b7) x13 0x0000000006c0e000
core   0: 0x0000000080005058 (0xcd56869b) addiw   a3, a3, -811
core   0: 1 0x0000000080005058 (0xcd56869b) x13 0x0000000006c0dcd5
core   0: 0x000000008000505c (0x000006b2) c.slli  a3, 12
core   0: 1 0x000000008000505c (0x06b2) x13 0x0000006c0dcd5000
core   0: 0x000000008000505e (0x6ed68693) addi    a3, a3, 1773
core   0: 1 0x000000008000505e (0x6ed68693) x13 0x0000006c0dcd56ed
core   0: 0x0000000080005062 (0x412b8933) sub     s2, s7, s2
core   0: 1 0x0000000080005062 (0x412b8933) x18 0x0000000000000029
core   0: 0x0000000080005066 (0x019cfbb3) and     s7, s9, s9
core   0: 1 0x0000000080005066 (0x019cfbb3) x23 0x0000000000000000
core   0: 0x000000008000506a (0x38e96c93) ori     s9, s2, 910
core   0: 1 0x000000008000506a (0x38e96c93) x25 0x00000000000003af
core   0: 0x000000008000506e (0x413401bb) subw    gp, s0, s3
core   0: 1 0x000000008000506e (0x413401bb) x3  0x0000000000000010
core   0: 0x0000000080005072 (0x00202473) csrrs   s0, frm, zero
core   0: 1 0x0000000080005072 (0x00202473) x8  0x0000000000000000
core   0: 0x0000000080005076 (0xf14457f3) csrrwi  a5, mhartid, 8
core   0: exception trap_illegal_instruction, epc 0x0000000080005076
core   0:           tval 0x00000000f14457f3
core   0: >>>>  $xrv64i2p1_m2p0_a2p1_f2p2_d2p2_zicsr2p0_zifencei2p0_zmmul1p0_zba1p0_zbb1p0_zbc1p0_zbs1p0
core   0: 0x0000000080004000 (0x0080006f) j       pc + 0x8
core   0: 3 0x0000000080004000 (0x0080006f)
core   0: >>>>  mmode_exception_handler
core   0: 0x0000000080004008 (0x00002c17) auipc   s8, 0x2
core   0: 3 0x0000000080004008 (0x00002c17) x24 0x0000000080006008
core   0: 0x000000008000400c (0x016c0c13) addi    s8, s8, 22
core   0: 3 0x000000008000400c (0x016c0c13) x24 0x000000008000601e
core   0: 0x0000000080004010 (0x000c00e7) jalr    s8
core   0: 3 0x0000000080004010 (0x000c00e7) x1  0x0000000080004014
core   0: >>>>  any_handler
core   0: 0x000000008000601e (0x341027f3) csrrs   a5, mepc, zero
core   0: 3 0x000000008000601e (0x341027f3) x15 0x0000000080005076
core   0: 0x0000000080006022 (0x34202773) csrrs   a4, mcause, zero
core   0: 3 0x0000000080006022 (0x34202773) x14 0x0000000000000002
core   0: 0x0000000080006026 (0x142026f3) csrrs   a3, scause, zero
core   0: 3 0x0000000080006026 (0x142026f3) x13 0x0000000000000000
core   0: 0x000000008000602a (0x30402673) csrrs   a2, mie, zero
core   0: 3 0x000000008000602a (0x30402673) x12 0x0000000000000a00
core   0: 0x000000008000602e (0x344025f3) csrrs   a1, mip, zero
core   0: 3 0x000000008000602e (0x344025f3) x11 0x0000000000000080
core   0: 0x0000000080006032 (0x343025f3) csrrs   a1, mtval, zero
core   0: 3 0x0000000080006032 (0x343025f3) x11 0x00000000f14457f3
core   0: 0x0000000080006036 (0x14302573) csrrs   a0, stval, zero
core   0: 3 0x0000000080006036 (0x14302573) x10 0x0000000000000000
core   0: 0x000000008000603a (0xb02024f3) csrrs   s1, minstret, zero
core   0: 3 0x000000008000603a (0xb02024f3) x9  0x0000000000000d4b
core   0: 0x000000008000603e (0x0000a811) c.j     pc + 20
core   0: 3 0x000000008000603e (0xa811)
core   0: >>>>  mepc_4
core   0: 0x0000000080006052 (0x00000791) c.addi  a5, 4
core   0: 3 0x0000000080006052 (0x0791) x15 0x000000008000507a
core   0: 0x0000000080006054 (0x34179073) csrrw   zero, mepc, a5
core   0: 3 0x0000000080006054 (0x34179073) c833_mepc 0x000000008000507a
core   0: 0x0000000080006058 (0x30200073) mret
core   0: 3 0x0000000080006058 (0x30200073) c768_mstatus 0x8000000a00106080
core   0: 0x000000008000507a (0x2ae70b53) fmin.d  fs6, fa4, fa4
core   0: 1 0x000000008000507a (0x2ae70b53) f22 0x0000000000000000
core   0: 0x000000008000507e (0x027ad3b3) divu    t2, s5, t2
core   0: 1 0x000000008000507e (0x027ad3b3) x7  0x0000000000000000
core   0: 0x0000000080005082 (0x0100189b) slliw   a7, zero, 16
core   0: 1 0x0000000080005082 (0x0100189b) x17 0x0000000000000000
core   0: 0x0000000080005086 (0x032de4bb) remw    s1, s11, s2
core   0: 1 0x0000000080005086 (0x032de4bb) x9  0x0000000000000000
core   0: 0x000000008000508a (0xc0297e53) fcvt.l.s t3, fs2
core   0: 1 0x000000008000508a (0xc0297e53) c1_fflags 0x0000000000000011 x28 0x7fffffffffffffff
core   0: 0x000000008000508e (0xd0387cd3) fcvt.s.lu fs9, a6
core   0: 1 0x000000008000508e (0xd0387cd3) f25 0xffffffff5ea2a000
core   0: 0x0000000080005092 (0x5a0cf2d3) fsqrt.d ft5, fs9
core   0: 1 0x0000000080005092 (0x5a0cf2d3) f5  0x7ff8000000000000
core   0: 0x0000000080005096 (0x001026f3) csrrs   a3, fflags, zero
core   0: 1 0x0000000080005096 (0x001026f3) x13 0x0000000000000011
core   0: 0x000000008000509a (0x5909fa17) auipc   s4, 0x5909f
core   0: 1 0x000000008000509a (0x5909fa17) x20 0x00000000d90a409a
core   0: 0x000000008000509e (0xa25b05d3) fle.d   a1, fs6, ft5
core   0: 1 0x000000008000509e (0xa25b05d3) c1_fflags 0x0000000000000011 x11 0x0000000000000000
core   0: 0x00000000800050a2 (0xb70ef113) andi    sp, t4, -1168
core   0: 1 0x00000000800050a2 (0xb70ef113) x2  0x0000000000000000
core   0: 0x00000000800050a6 (0x76412d17) auipc   s10, 0x76412
core   0: 1 0x00000000800050a6 (0x76412d17) x26 0x00000000f64170a6
core   0: 0x00000000800050aa (0x0106c6b3) xor     a3, a3, a6
core   0: 1 0x00000000800050aa (0x0106c6b3) x13 0x5150000000000011
core   0: 0x00000000800050ae (0x225817d3) fsgnjn.d fa5, fa6, ft5
core   0: 1 0x00000000800050ae (0x225817d3) f15 0xffffffffceffff40
core   0: 0x00000000800050b2 (0xe2050ed3) fmv.x.d t4, fa0
core   0: 1 0x00000000800050b2 (0xe2050ed3) x29 0xffffffff5f800000
core   0: 0x00000000800050b6 (0x0029e433) or      s0, s3, sp
core   0: 1 0x00000000800050b6 (0x0029e433) x8  0x0000000000000000
core   0: 0x00000000800050ba (0xd2040b53) fcvt.d.w fs6, s0
core   0: 1 0x00000000800050ba (0xd2040b53) f22 0x0000000000000000
core   0: 0x00000000800050be (0xd22c7053) fcvt.d.l ft0, s8
core   0: 1 0x00000000800050be (0xd22c7053) f0  0x41e0000c03c00000
core   0: 0x00000000800050c2 (0x5a04f853) fsqrt.d fa6, fs1
core   0: 1 0x00000000800050c2 (0x5a04f853) f16 0x7ff8000000000000
core   0: 0x00000000800050c6 (0x4061d1bb) sraw    gp, gp, t1
core   0: 1 0x00000000800050c6 (0x4061d1bb) x3  0x0000000000000000
core   0: 0x00000000800050ca (0x023ae4bb) remw    s1, s5, gp
core   0: 1 0x00000000800050ca (0x023ae4bb) x9  0x0000000000000012
core   0: 0x00000000800050ce (0x00e49e1b) slliw   t3, s1, 14
core   0: 1 0x00000000800050ce (0x00e49e1b) x28 0x0000000000048000
core   0: 0x00000000800050d2 (0x02f64837) lui     a6, 0x2f64
core   0: 1 0x00000000800050d2 (0x02f64837) x16 0x0000000002f64000
core   0: 0x00000000800050d6 (0x2b98081b) addiw   a6, a6, 697
core   0: 1 0x00000000800050d6 (0x2b98081b) x16 0x0000000002f642b9
core   0: 0x00000000800050da (0x00000836) c.slli  a6, 13
core   0: 1 0x00000000800050da (0x0836) x16 0x0000005ec8572000
core   0: 0x00000000800050dc (0xd5780813) addi    a6, a6, -681
core   0: 1 0x00000000800050dc (0xd5780813) x16 0x0000005ec8571d57
core   0: 0x00000000800050e0 (0x032e1b93) slli    s7, t3, 50
core   0: 1 0x00000000800050e0 (0x032e1b93) x23 0x0000000000000000
core   0: 0x00000000800050e4 (0x013aa933) slt     s2, s5, s3
core   0: 1 0x00000000800050e4 (0x013aa933) x18 0x0000000000000000
core   0: 0x00000000800050e8 (0xa38b8553) fle.d   a0, fs7, fs8
core   0: 1 0x00000000800050e8 (0xa38b8553) c1_fflags 0x0000000000000011 x10 0x0000000000000000
core   0: 0x00000000800050ec (0x00000001) c.nop
core   0: 1 0x00000000800050ec (0x0001)
core   0: 0x00000000800050ee (0xc2287dd3) fcvt.l.d s11, fa6
core   0: 1 0x00000000800050ee (0xc2287dd3) c1_fflags 0x0000000000000011 x27 0x7fffffffffffffff
core   0: 0x00000000800050f2 (0x00211933) sll     s2, sp, sp
core   0: 1 0x00000000800050f2 (0x00211933) x18 0x0000000000000000
core   0: 0x00000000800050f6 (0x0280d43b) divuw   s0, ra, s0
core   0: 1 0x00000000800050f6 (0x0280d43b) x8  0xffffffffffffffff
core   0: 0x00000000800050fa (0x5a0870d3) fsqrt.d ft1, fa6
core   0: 1 0x00000000800050fa (0x5a0870d3) f1  0x7ff8000000000000
core   0: 0x00000000800050fe (0x4026d33b) sraw    t1, a3, sp
core   0: 1 0x00000000800050fe (0x4026d33b) x6  0x0000000000000011
core   0: 0x0000000080005102 (0xc02d19f3) csrrw   s3, instret, s10
core   0: exception trap_illegal_instruction, epc 0x0000000080005102
core   0:           tval 0x00000000c02d19f3
core   0: >>>>  $xrv64i2p1_m2p0_a2p1_f2p2_d2p2_zicsr2p0_zifencei2p0_zmmul1p0_zba1p0_zbb1p0_zbc1p0_zbs1p0
core   0: 0x0000000080004000 (0x0080006f) j       pc + 0x8
core   0: 3 0x0000000080004000 (0x0080006f)
core   0: >>>>  mmode_exception_handler
core   0: 0x0000000080004008 (0x00002c17) auipc   s8, 0x2
core   0: 3 0x0000000080004008 (0x00002c17) x24 0x0000000080006008
core   0: 0x000000008000400c (0x016c0c13) addi    s8, s8, 22
core   0: 3 0x000000008000400c (0x016c0c13) x24 0x000000008000601e
core   0: 0x0000000080004010 (0x000c00e7) jalr    s8
core   0: 3 0x0000000080004010 (0x000c00e7) x1  0x0000000080004014
core   0: >>>>  any_handler
core   0: 0x000000008000601e (0x341027f3) csrrs   a5, mepc, zero
core   0: 3 0x000000008000601e (0x341027f3) x15 0x0000000080005102
core   0: 0x0000000080006022 (0x34202773) csrrs   a4, mcause, zero
core   0: 3 0x0000000080006022 (0x34202773) x14 0x0000000000000002
core   0: 0x0000000080006026 (0x142026f3) csrrs   a3, scause, zero
core   0: 3 0x0000000080006026 (0x142026f3) x13 0x0000000000000000
core   0: 0x000000008000602a (0x30402673) csrrs   a2, mie, zero
core   0: 3 0x000000008000602a (0x30402673) x12 0x0000000000000a00
core   0: 0x000000008000602e (0x344025f3) csrrs   a1, mip, zero
core   0: 3 0x000000008000602e (0x344025f3) x11 0x0000000000000080
core   0: 0x0000000080006032 (0x343025f3) csrrs   a1, mtval, zero
core   0: 3 0x0000000080006032 (0x343025f3) x11 0x00000000c02d19f3
core   0: 0x0000000080006036 (0x14302573) csrrs   a0, stval, zero
core   0: 3 0x0000000080006036 (0x14302573) x10 0x0000000000000000
core   0: 0x000000008000603a (0xb02024f3) csrrs   s1, minstret, zero
core   0: 3 0x000000008000603a (0xb02024f3) x9  0x0000000000000d7e
core   0: 0x000000008000603e (0x0000a811) c.j     pc + 20
core   0: 3 0x000000008000603e (0xa811)
core   0: >>>>  mepc_4
core   0: 0x0000000080006052 (0x00000791) c.addi  a5, 4
core   0: 3 0x0000000080006052 (0x0791) x15 0x0000000080005106
core   0: 0x0000000080006054 (0x34179073) csrrw   zero, mepc, a5
core   0: 3 0x0000000080006054 (0x34179073) c833_mepc 0x0000000080005106
core   0: 0x0000000080006058 (0x30200073) mret
core   0: 3 0x0000000080006058 (0x30200073) c768_mstatus 0x8000000a00106080
core   0: 0x0000000080005106 (0xc2017053) fcvt.w.d zero, ft2
core   0: 1 0x0000000080005106 (0xc2017053) c1_fflags 0x0000000000000011
core   0: 0x000000008000510a (0x000ee893) ori     a7, t4, 0
core   0: 1 0x000000008000510a (0x000ee893) x17 0xffffffff5f800000
core   0: 0x000000008000510e (0xfff04913) not     s2, zero
core   0: 1 0x000000008000510e (0xfff04913) x18 0xffffffffffffffff
core   0: 0x0000000080005112 (0x3fb18093) addi    ra, gp, 1019
core   0: 1 0x0000000080005112 (0x3fb18093) x1  0x00000000000003fb
core   0: 0x0000000080005116 (0x025e9913) slli    s2, t4, 37
core   0: 1 0x0000000080005116 (0x025e9913) x18 0xf000000000000000
core   0: 0x000000008000511a (0x0258ed3b) remw    s10, a7, t0
core   0: 1 0x000000008000511a (0x0258ed3b) x26 0x0000000000000000
core   0: 0x000000008000511e (0x03206a3b) remw    s4, zero, s2
core   0: 1 0x000000008000511e (0x03206a3b) x20 0x0000000000000000
core   0: 0x0000000080005122 (0x00102c73) csrrs   s8, fflags, zero
core   0: 1 0x0000000080005122 (0x00102c73) x24 0x0000000000000011
core   0: 0x0000000080005126 (0x01fed79b) srliw   a5, t4, 31
core   0: 1 0x0000000080005126 (0x01fed79b) x15 0x0000000000000000
core   0: 0x000000008000512a (0xe2080d53) fmv.x.d s10, fa6
core   0: 1 0x000000008000512a (0xe2080d53) x26 0x7ff8000000000000
core   0: 0x000000008000512e (0xa3941653) flt.d   a2, fs0, fs9
core   0: 1 0x000000008000512e (0xa3941653) c1_fflags 0x0000000000000011 x12 0x0000000000000000
core   0: 0x0000000080005132 (0xb82072f3) csrrci  t0, minstreth, 0
core   0: exception trap_illegal_instruction, epc 0x0000000080005132
core   0:           tval 0x00000000b82072f3
core   0: >>>>  $xrv64i2p1_m2p0_a2p1_f2p2_d2p2_zicsr2p0_zifencei2p0_zmmul1p0_zba1p0_zbb1p0_zbc1p0_zbs1p0
core   0: 0x0000000080004000 (0x0080006f) j       pc + 0x8
core   0: 3 0x0000000080004000 (0x0080006f)
core   0: >>>>  mmode_exception_handler
core   0: 0x0000000080004008 (0x00002c17) auipc   s8, 0x2
core   0: 3 0x0000000080004008 (0x00002c17) x24 0x0000000080006008
core   0: 0x000000008000400c (0x016c0c13) addi    s8, s8, 22
core   0: 3 0x000000008000400c (0x016c0c13) x24 0x000000008000601e
core   0: 0x0000000080004010 (0x000c00e7) jalr    s8
core   0: 3 0x0000000080004010 (0x000c00e7) x1  0x0000000080004014
core   0: >>>>  any_handler
core   0: 0x000000008000601e (0x341027f3) csrrs   a5, mepc, zero
core   0: 3 0x000000008000601e (0x341027f3) x15 0x0000000080005132
core   0: 0x0000000080006022 (0x34202773) csrrs   a4, mcause, zero
core   0: 3 0x0000000080006022 (0x34202773) x14 0x0000000000000002
core   0: 0x0000000080006026 (0x142026f3) csrrs   a3, scause, zero
core   0: 3 0x0000000080006026 (0x142026f3) x13 0x0000000000000000
core   0: 0x000000008000602a (0x30402673) csrrs   a2, mie, zero
core   0: 3 0x000000008000602a (0x30402673) x12 0x0000000000000a00
core   0: 0x000000008000602e (0x344025f3) csrrs   a1, mip, zero
core   0: 3 0x000000008000602e (0x344025f3) x11 0x0000000000000080
core   0: 0x0000000080006032 (0x343025f3) csrrs   a1, mtval, zero
core   0: 3 0x0000000080006032 (0x343025f3) x11 0x00000000b82072f3
core   0: 0x0000000080006036 (0x14302573) csrrs   a0, stval, zero
core   0: 3 0x0000000080006036 (0x14302573) x10 0x0000000000000000
core   0: 0x000000008000603a (0xb02024f3) csrrs   s1, minstret, zero
core   0: 3 0x000000008000603a (0xb02024f3) x9  0x0000000000000d99
core   0: 0x000000008000603e (0x0000a811) c.j     pc + 20
core   0: 3 0x000000008000603e (0xa811)
core   0: >>>>  mepc_4
core   0: 0x0000000080006052 (0x00000791) c.addi  a5, 4
core   0: 3 0x0000000080006052 (0x0791) x15 0x0000000080005136
core   0: 0x0000000080006054 (0x34179073) csrrw   zero, mepc, a5
core   0: 3 0x0000000080006054 (0x34179073) c833_mepc 0x0000000080005136
core   0: 0x0000000080006058 (0x30200073) mret
core   0: 3 0x0000000080006058 (0x30200073) c768_mstatus 0x8000000a00106080
core   0: 0x0000000080005136 (0xc0287353) fcvt.l.s t1, fa6
core   0: 1 0x0000000080005136 (0xc0287353) c1_fflags 0x0000000000000011 x6  0x7fffffffffffffff
core   0: 0x000000008000513a (0x0196a033) slt     zero, a3, s9
core   0: 1 0x000000008000513a (0x0196a033)
core   0: 0x000000008000513e (0x002ab1b7) lui     gp, 0x2ab
core   0: 1 0x000000008000513e (0x002ab1b7) x3  0x00000000002ab000
core   0: 0x0000000080005142 (0xdb71819b) addiw   gp, gp, -585
core   0: 1 0x0000000080005142 (0xdb71819b) x3  0x00000000002aadb7
core   0: 0x0000000080005146 (0x000001ba) c.slli  gp, 14
core   0: 1 0x0000000080005146 (0x01ba) x3  0x0000000aab6dc000
core   0: 0x0000000080005148 (0xf6418193) addi    gp, gp, -156
core   0: 1 0x0000000080005148 (0xf6418193) x3  0x0000000aab6dbf64
core   0: 0x000000008000514c (0x00271bf3) csrrw   s7, frm, a4
core   0: 1 0x000000008000514c (0x00271bf3) x23 0x0000000000000000 c2_frm 0x0000000000000002
core   0: 0x0000000080005150 (0x02dce83b) remw    a6, s9, a3
core   0: 1 0x0000000080005150 (0x02dce83b) x16 0x00000000000003af
core   0: 0x0000000080005154 (0x4001d31b) sraiw   t1, gp, 0
core   0: 1 0x0000000080005154 (0x4001d31b) x6  0xffffffffab6dbf64
core   0: 0x0000000080005158 (0x0060aeb3) slt     t4, ra, t1
core   0: 1 0x0000000080005158 (0x0060aeb3) x29 0x0000000000000000
core   0: 0x000000008000515c (0x00000001) c.nop
core   0: 1 0x000000008000515c (0x0001)
core   0: 0x000000008000515e (0xf2040f53) fmv.d.x ft10, s0
core   0: 1 0x000000008000515e (0xf2040f53) f30 0xffffffffffffffff
core   0: 0x0000000080005162 (0xd03d79d3) fcvt.s.lu fs3, s10
core   0: 1 0x0000000080005162 (0xd03d79d3) f19 0xffffffff5efff000
core   0: 0x0000000080005166 (0x22a8a553) fsgnjx.d fa0, fa7, fa0
core   0: 1 0x0000000080005166 (0x22a8a553) f10 0xfff8000000000000
core   0: 0x000000008000516a (0x02c60233) mul     tp, a2, a2
core   0: 1 0x000000008000516a (0x02c60233) x4  0x0000000000640000
core   0: 0x000000008000516e (0x000ed193) srli    gp, t4, 0
core   0: 1 0x000000008000516e (0x000ed193) x3  0x0000000000000000
core   0: 0x0000000080005172 (0x03fddb93) srli    s7, s11, 63
core   0: 1 0x0000000080005172 (0x03fddb93) x23 0x0000000000000000
core   0: 0x0000000080005176 (0x000e971b) slliw   a4, t4, 0
core   0: 1 0x0000000080005176 (0x000e971b) x14 0x0000000000000000
core   0: 0x000000008000517a (0x0273e9bb) remw    s3, t2, t2
core   0: 1 0x000000008000517a (0x0273e9bb) x19 0x0000000000000000
core   0: 0x000000008000517e (0x419982bb) subw    t0, s3, s9
core   0: 1 0x000000008000517e (0x419982bb) x5  0xfffffffffffffc51
core   0: 0x0000000080005182 (0xc03575d3) fcvt.lu.s a1, fa0
core   0: 1 0x0000000080005182 (0xc03575d3) c1_fflags 0x0000000000000011 x11 0xffffffffffffffff
core   0: 0x0000000080005186 (0x5a03fcd3) fsqrt.d fs9, ft7
core   0: 1 0x0000000080005186 (0x5a03fcd3) f25 0x7ff8000000000000
core   0: 0x000000008000518a (0x0212deb3) divu    t4, t0, ra
core   0: 1 0x000000008000518a (0x0212deb3) x29 0x00000001fffeffb0
core   0: 0x000000008000518e (0xf1406b73) csrrsi  s6, mhartid, 0
core   0: exception trap_illegal_instruction, epc 0x000000008000518e
core   0:           tval 0x00000000f1406b73
core   0: >>>>  $xrv64i2p1_m2p0_a2p1_f2p2_d2p2_zicsr2p0_zifencei2p0_zmmul1p0_zba1p0_zbb1p0_zbc1p0_zbs1p0
core   0: 0x0000000080004000 (0x0080006f) j       pc + 0x8
core   0: 3 0x0000000080004000 (0x0080006f)
core   0: >>>>  mmode_exception_handler
core   0: 0x0000000080004008 (0x00002c17) auipc   s8, 0x2
core   0: 3 0x0000000080004008 (0x00002c17) x24 0x0000000080006008
core   0: 0x000000008000400c (0x016c0c13) addi    s8, s8, 22
core   0: 3 0x000000008000400c (0x016c0c13) x24 0x000000008000601e
core   0: 0x0000000080004010 (0x000c00e7) jalr    s8
core   0: 3 0x0000000080004010 (0x000c00e7) x1  0x0000000080004014
core   0: >>>>  any_handler
core   0: 0x000000008000601e (0x341027f3) csrrs   a5, mepc, zero
core   0: 3 0x000000008000601e (0x341027f3) x15 0x000000008000518e
core   0: 0x0000000080006022 (0x34202773) csrrs   a4, mcause, zero
core   0: 3 0x0000000080006022 (0x34202773) x14 0x0000000000000002
core   0: 0x0000000080006026 (0x142026f3) csrrs   a3, scause, zero
core   0: 3 0x0000000080006026 (0x142026f3) x13 0x0000000000000000
core   0: 0x000000008000602a (0x30402673) csrrs   a2, mie, zero
core   0: 3 0x000000008000602a (0x30402673) x12 0x0000000000000a00
core   0: 0x000000008000602e (0x344025f3) csrrs   a1, mip, zero
core   0: 3 0x000000008000602e (0x344025f3) x11 0x0000000000000080
core   0: 0x0000000080006032 (0x343025f3) csrrs   a1, mtval, zero
core   0: 3 0x0000000080006032 (0x343025f3) x11 0x00000000f1406b73
core   0: 0x0000000080006036 (0x14302573) csrrs   a0, stval, zero
core   0: 3 0x0000000080006036 (0x14302573) x10 0x0000000000000000
core   0: 0x000000008000603a (0xb02024f3) csrrs   s1, minstret, zero
core   0: 3 0x000000008000603a (0xb02024f3) x9  0x0000000000000dc0
core   0: 0x000000008000603e (0x0000a811) c.j     pc + 20
core   0: 3 0x000000008000603e (0xa811)
core   0: >>>>  mepc_4
core   0: 0x0000000080006052 (0x00000791) c.addi  a5, 4
core   0: 3 0x0000000080006052 (0x0791) x15 0x0000000080005192
core   0: 0x0000000080006054 (0x34179073) csrrw   zero, mepc, a5
core   0: 3 0x0000000080006054 (0x34179073) c833_mepc 0x0000000080005192
core   0: 0x0000000080006058 (0x30200073) mret
core   0: 3 0x0000000080006058 (0x30200073) c768_mstatus 0x8000000a00106080
core   0: 0x0000000080005192 (0x80070713) addi    a4, a4, -2048
core   0: 1 0x0000000080005192 (0x80070713) x14 0xfffffffffffff802
core   0: 0x0000000080005196 (0x03cbc833) div     a6, s7, t3
core   0: 1 0x0000000080005196 (0x03cbc833) x16 0x0000000000000000
core   0: 0x000000008000519a (0x03a37153) fadd.d  ft2, ft6, fs10
core   0: 1 0x000000008000519a (0x03a37153) f2  0x7ff8000000000000
core   0: 0x000000008000519e (0xd2180dd3) fcvt.d.wu fs11, a6
core   0: 1 0x000000008000519e (0xd2180dd3) f27 0x0000000000000000
core   0: 0x00000000800051a2 (0x00b9dabb) srlw    s5, s3, a1
core   0: 1 0x00000000800051a2 (0x00b9dabb) x21 0x0000000000000000
core   0: 0x00000000800051a6 (0x401e5b9b) sraiw   s7, t3, 1
core   0: 1 0x00000000800051a6 (0x401e5b9b) x23 0x0000000000024000
core   0: 0x00000000800051aa (0x13a9ff53) fmul.d  ft10, fs3, fs10
core   0: 1 0x00000000800051aa (0x13a9ff53) f30 0x7ff8000000000000
core   0: 0x00000000800051ae (0x402bd29b) sraiw   t0, s7, 2
core   0: 1 0x00000000800051ae (0x402bd29b) x5  0x0000000000009000
core   0: 0x00000000800051b2 (0x7b36fa93) andi    s5, a3, 1971
core   0: 1 0x00000000800051b2 (0x7b36fa93) x21 0x0000000000000000
core   0: 0x00000000800051b6 (0xd022f9d3) fcvt.s.l fs3, t0
core   0: 1 0x00000000800051b6 (0xd022f9d3) f19 0xffffffff47100000
core   0: 0x00000000800051ba (0x015a823b) addw    tp, s5, s5
core   0: 1 0x00000000800051ba (0x015a823b) x4  0x0000000000000000
core   0: 0x00000000800051be (0x004c1013) slli    zero, s8, 4
core   0: 1 0x00000000800051be (0x004c1013)
core   0: 0x00000000800051c2 (0x01476033) or      zero, a4, s4
core   0: 1 0x00000000800051c2 (0x01476033)
core   0: 0x00000000800051c6 (0x32478793) addi    a5, a5, 804
core   0: 1 0x00000000800051c6 (0x32478793) x15 0x00000000800054b6
core   0: 0x00000000800051ca (0x0006561b) srliw   a2, a2, 0
core   0: 1 0x00000000800051ca (0x0006561b) x12 0x0000000000000a00
core   0: 0x00000000800051ce (0x3d962b13) slti    s6, a2, 985
core   0: 1 0x00000000800051ce (0x3d962b13) x22 0x0000000000000000
core   0: 0x00000000800051d2 (0x00161d73) csrrw   s10, fflags, a2
core   0: 1 0x00000000800051d2 (0x00161d73) x26 0x0000000000000011 c1_fflags 0x0000000000000000
core   0: 0x00000000800051d6 (0x00496933) or      s2, s2, tp
core   0: 1 0x00000000800051d6 (0x00496933) x18 0xf000000000000000
core   0: 0x00000000800051da (0x0ff0000f) fence   iorw,iorw
core   0: 1 0x00000000800051da (0x0ff0000f)
core   0: 0x00000000800051de (0xf12360f3) csrrsi  ra, marchid, 6
core   0: exception trap_illegal_instruction, epc 0x00000000800051de
core   0:           tval 0x00000000f12360f3
core   0: >>>>  $xrv64i2p1_m2p0_a2p1_f2p2_d2p2_zicsr2p0_zifencei2p0_zmmul1p0_zba1p0_zbb1p0_zbc1p0_zbs1p0
core   0: 0x0000000080004000 (0x0080006f) j       pc + 0x8
core   0: 3 0x0000000080004000 (0x0080006f)
core   0: >>>>  mmode_exception_handler
core   0: 0x0000000080004008 (0x00002c17) auipc   s8, 0x2
core   0: 3 0x0000000080004008 (0x00002c17) x24 0x0000000080006008
core   0: 0x000000008000400c (0x016c0c13) addi    s8, s8, 22
core   0: 3 0x000000008000400c (0x016c0c13) x24 0x000000008000601e
core   0: 0x0000000080004010 (0x000c00e7) jalr    s8
core   0: 3 0x0000000080004010 (0x000c00e7) x1  0x0000000080004014
core   0: >>>>  any_handler
core   0: 0x000000008000601e (0x341027f3) csrrs   a5, mepc, zero
core   0: 3 0x000000008000601e (0x341027f3) x15 0x00000000800051de
core   0: 0x0000000080006022 (0x34202773) csrrs   a4, mcause, zero
core   0: 3 0x0000000080006022 (0x34202773) x14 0x0000000000000002
core   0: 0x0000000080006026 (0x142026f3) csrrs   a3, scause, zero
core   0: 3 0x0000000080006026 (0x142026f3) x13 0x0000000000000000
core   0: 0x000000008000602a (0x30402673) csrrs   a2, mie, zero
core   0: 3 0x000000008000602a (0x30402673) x12 0x0000000000000a00
core   0: 0x000000008000602e (0x344025f3) csrrs   a1, mip, zero
core   0: 3 0x000000008000602e (0x344025f3) x11 0x0000000000000080
core   0: 0x0000000080006032 (0x343025f3) csrrs   a1, mtval, zero
core   0: 3 0x0000000080006032 (0x343025f3) x11 0x00000000f12360f3
core   0: 0x0000000080006036 (0x14302573) csrrs   a0, stval, zero
core   0: 3 0x0000000080006036 (0x14302573) x10 0x0000000000000000
core   0: 0x000000008000603a (0xb02024f3) csrrs   s1, minstret, zero
core   0: 3 0x000000008000603a (0xb02024f3) x9  0x0000000000000de3
core   0: 0x000000008000603e (0x0000a811) c.j     pc + 20
core   0: 3 0x000000008000603e (0xa811)
core   0: >>>>  mepc_4
core   0: 0x0000000080006052 (0x00000791) c.addi  a5, 4
core   0: 3 0x0000000080006052 (0x0791) x15 0x00000000800051e2
core   0: 0x0000000080006054 (0x34179073) csrrw   zero, mepc, a5
core   0: 3 0x0000000080006054 (0x34179073) c833_mepc 0x00000000800051e2
core   0: 0x0000000080006058 (0x30200073) mret
core   0: 3 0x0000000080006058 (0x30200073) c768_mstatus 0x8000000a00106080
core   0: 0x00000000800051e2 (0x016adabb) srlw    s5, s5, s6
core   0: 1 0x00000000800051e2 (0x016adabb) x21 0x0000000000000000
core   0: 0x00000000800051e6 (0x9d390a1b) addiw   s4, s2, -1581
core   0: 1 0x00000000800051e6 (0x9d390a1b) x20 0xfffffffffffff9d3
core   0: 0x00000000800051ea (0x2b530e53) fmin.d  ft8, ft6, fs5
core   0: 1 0x00000000800051ea (0x2b530e53) f28 0x7ff8000000000000
core   0: 0x00000000800051ee (0x014a7c33) and     s8, s4, s4
core   0: 1 0x00000000800051ee (0x014a7c33) x24 0xfffffffffffff9d3
core   0: 0x00000000800051f2 (0x800cea93) ori     s5, s9, -2048
core   0: 1 0x00000000800051f2 (0x800cea93) x21 0xfffffffffffffbaf
core   0: 0x00000000800051f6 (0x2379abd3) fsgnjx.d fs7, fs3, fs7
core   0: 1 0x00000000800051f6 (0x2379abd3) f23 0xffffffff47100000
core   0: 0x00000000800051fa (0x02d9053b) mulw    a0, s2, a3
core   0: 1 0x00000000800051fa (0x02d9053b) x10 0x0000000000000000
core   0: 0x00000000800051fe (0x001c1c73) csrrw   s8, fflags, s8
core   0: 1 0x00000000800051fe (0x001c1c73) x24 0x0000000000000000 c1_fflags 0x0000000000000013
core   0: 0x0000000080005202 (0x0ff0000f) fence   iorw,iorw
core   0: 1 0x0000000080005202 (0x0ff0000f)
core   0: 0x0000000080005206 (0x002022f3) csrrs   t0, frm, zero
core   0: 1 0x0000000080005206 (0x002022f3) x5  0x0000000000000002
core   0: 0x000000008000520a (0x00108b33) add     s6, ra, ra
core   0: 1 0x000000008000520a (0x00108b33) x22 0x0000000100008028
core   0: 0x000000008000520e (0x03176833) rem     a6, a4, a7
core   0: 1 0x000000008000520e (0x03176833) x16 0x0000000000000002
core   0: 0x0000000080005212 (0xa26309d3) fle.d   s3, ft6, ft6
core   0: 1 0x0000000080005212 (0xa26309d3) c1_fflags 0x0000000000000013 x19 0x0000000000000000
core   0: 0x0000000080005216 (0xd20c84d3) fcvt.d.w fs1, s9
core   0: 1 0x0000000080005216 (0xd20c84d3) f9  0x408d780000000000
core   0: 0x000000008000521a (0x00000001) c.nop
core   0: 1 0x000000008000521a (0x0001)
core   0: 0x000000008000521c (0x001cdb9b) srliw   s7, s9, 1
core   0: 1 0x000000008000521c (0x001cdb9b) x23 0x00000000000001d7
core   0: 0x0000000080005220 (0x000cfc13) andi    s8, s9, 0
core   0: 1 0x0000000080005220 (0x000cfc13) x24 0x0000000000000000
core   0: 0x0000000080005224 (0x30641473) csrrw   s0, mcounteren, s0
core   0: exception trap_illegal_instruction, epc 0x0000000080005224
core   0:           tval 0x0000000030641473
core   0: >>>>  $xrv64i2p1_m2p0_a2p1_f2p2_d2p2_zicsr2p0_zifencei2p0_zmmul1p0_zba1p0_zbb1p0_zbc1p0_zbs1p0
core   0: 0x0000000080004000 (0x0080006f) j       pc + 0x8
core   0: 3 0x0000000080004000 (0x0080006f)
core   0: >>>>  mmode_exception_handler
core   0: 0x0000000080004008 (0x00002c17) auipc   s8, 0x2
core   0: 3 0x0000000080004008 (0x00002c17) x24 0x0000000080006008
core   0: 0x000000008000400c (0x016c0c13) addi    s8, s8, 22
core   0: 3 0x000000008000400c (0x016c0c13) x24 0x000000008000601e
core   0: 0x0000000080004010 (0x000c00e7) jalr    s8
core   0: 3 0x0000000080004010 (0x000c00e7) x1  0x0000000080004014
core   0: >>>>  any_handler
core   0: 0x000000008000601e (0x341027f3) csrrs   a5, mepc, zero
core   0: 3 0x000000008000601e (0x341027f3) x15 0x0000000080005224
core   0: 0x0000000080006022 (0x34202773) csrrs   a4, mcause, zero
core   0: 3 0x0000000080006022 (0x34202773) x14 0x0000000000000002
core   0: 0x0000000080006026 (0x142026f3) csrrs   a3, scause, zero
core   0: 3 0x0000000080006026 (0x142026f3) x13 0x0000000000000000
core   0: 0x000000008000602a (0x30402673) csrrs   a2, mie, zero
core   0: 3 0x000000008000602a (0x30402673) x12 0x0000000000000a00
core   0: 0x000000008000602e (0x344025f3) csrrs   a1, mip, zero
core   0: 3 0x000000008000602e (0x344025f3) x11 0x0000000000000080
core   0: 0x0000000080006032 (0x343025f3) csrrs   a1, mtval, zero
core   0: 3 0x0000000080006032 (0x343025f3) x11 0x0000000030641473
core   0: 0x0000000080006036 (0x14302573) csrrs   a0, stval, zero
core   0: 3 0x0000000080006036 (0x14302573) x10 0x0000000000000000
core   0: 0x000000008000603a (0xb02024f3) csrrs   s1, minstret, zero
core   0: 3 0x000000008000603a (0xb02024f3) x9  0x0000000000000e04
core   0: 0x000000008000603e (0x0000a811) c.j     pc + 20
core   0: 3 0x000000008000603e (0xa811)
core   0: >>>>  mepc_4
core   0: 0x0000000080006052 (0x00000791) c.addi  a5, 4
core   0: 3 0x0000000080006052 (0x0791) x15 0x0000000080005228
core   0: 0x0000000080006054 (0x34179073) csrrw   zero, mepc, a5
core   0: 3 0x0000000080006054 (0x34179073) c833_mepc 0x0000000080005228
core   0: 0x0000000080006058 (0x30200073) mret
core   0: 3 0x0000000080006058 (0x30200073) c768_mstatus 0x8000000a00106080
core   0: 0x0000000080005228 (0x002c10f3) csrrw   ra, frm, s8
core   0: 1 0x0000000080005228 (0x002c10f3) x1  0x0000000000000002 c2_frm 0x0000000000000006
core   0: 0x000000008000522c (0xd039f353) fcvt.s.lu ft6, s3
core   0: exception trap_illegal_instruction, epc 0x000000008000522c
core   0:           tval 0x00000000d039f353
core   0: >>>>  $xrv64i2p1_m2p0_a2p1_f2p2_d2p2_zicsr2p0_zifencei2p0_zmmul1p0_zba1p0_zbb1p0_zbc1p0_zbs1p0
core   0: 0x0000000080004000 (0x0080006f) j       pc + 0x8
core   0: 3 0x0000000080004000 (0x0080006f)
core   0: >>>>  mmode_exception_handler
core   0: 0x0000000080004008 (0x00002c17) auipc   s8, 0x2
core   0: 3 0x0000000080004008 (0x00002c17) x24 0x0000000080006008
core   0: 0x000000008000400c (0x016c0c13) addi    s8, s8, 22
core   0: 3 0x000000008000400c (0x016c0c13) x24 0x000000008000601e
core   0: 0x0000000080004010 (0x000c00e7) jalr    s8
core   0: 3 0x0000000080004010 (0x000c00e7) x1  0x0000000080004014
core   0: >>>>  any_handler
core   0: 0x000000008000601e (0x341027f3) csrrs   a5, mepc, zero
core   0: 3 0x000000008000601e (0x341027f3) x15 0x000000008000522c
core   0: 0x0000000080006022 (0x34202773) csrrs   a4, mcause, zero
core   0: 3 0x0000000080006022 (0x34202773) x14 0x0000000000000002
core   0: 0x0000000080006026 (0x142026f3) csrrs   a3, scause, zero
core   0: 3 0x0000000080006026 (0x142026f3) x13 0x0000000000000000
core   0: 0x000000008000602a (0x30402673) csrrs   a2, mie, zero
core   0: 3 0x000000008000602a (0x30402673) x12 0x0000000000000a00
core   0: 0x000000008000602e (0x344025f3) csrrs   a1, mip, zero
core   0: 3 0x000000008000602e (0x344025f3) x11 0x0000000000000080
core   0: 0x0000000080006032 (0x343025f3) csrrs   a1, mtval, zero
core   0: 3 0x0000000080006032 (0x343025f3) x11 0x00000000d039f353
core   0: 0x0000000080006036 (0x14302573) csrrs   a0, stval, zero
core   0: 3 0x0000000080006036 (0x14302573) x10 0x0000000000000000
core   0: 0x000000008000603a (0xb02024f3) csrrs   s1, minstret, zero
core   0: 3 0x000000008000603a (0xb02024f3) x9  0x0000000000000e15
core   0: 0x000000008000603e (0x0000a811) c.j     pc + 20
core   0: 3 0x000000008000603e (0xa811)
core   0: >>>>  mepc_4
core   0: 0x0000000080006052 (0x00000791) c.addi  a5, 4
core   0: 3 0x0000000080006052 (0x0791) x15 0x0000000080005230
core   0: 0x0000000080006054 (0x34179073) csrrw   zero, mepc, a5
core   0: 3 0x0000000080006054 (0x34179073) c833_mepc 0x0000000080005230
core   0: 0x0000000080006058 (0x30200073) mret
core   0: 3 0x0000000080006058 (0x30200073) c768_mstatus 0x8000000a00106080
core   0: 0x0000000080005230 (0x10a05073) csrrwi  zero, senvcfg, 0
core   0: 1 0x0000000080005230 (0x10a05073) c266_senvcfg 0x0000000000000000
core   0: 0x0000000080005234 (0x401a7e53) fcvt.s.d ft8, fs4
core   0: exception trap_illegal_instruction, epc 0x0000000080005234
core   0:           tval 0x00000000401a7e53
core   0: >>>>  $xrv64i2p1_m2p0_a2p1_f2p2_d2p2_zicsr2p0_zifencei2p0_zmmul1p0_zba1p0_zbb1p0_zbc1p0_zbs1p0
core   0: 0x0000000080004000 (0x0080006f) j       pc + 0x8
core   0: 3 0x0000000080004000 (0x0080006f)
core   0: >>>>  mmode_exception_handler
core   0: 0x0000000080004008 (0x00002c17) auipc   s8, 0x2
core   0: 3 0x0000000080004008 (0x00002c17) x24 0x0000000080006008
core   0: 0x000000008000400c (0x016c0c13) addi    s8, s8, 22
core   0: 3 0x000000008000400c (0x016c0c13) x24 0x000000008000601e
core   0: 0x0000000080004010 (0x000c00e7) jalr    s8
core   0: 3 0x0000000080004010 (0x000c00e7) x1  0x0000000080004014
core   0: >>>>  any_handler
core   0: 0x000000008000601e (0x341027f3) csrrs   a5, mepc, zero
core   0: 3 0x000000008000601e (0x341027f3) x15 0x0000000080005234
core   0: 0x0000000080006022 (0x34202773) csrrs   a4, mcause, zero
core   0: 3 0x0000000080006022 (0x34202773) x14 0x0000000000000002
core   0: 0x0000000080006026 (0x142026f3) csrrs   a3, scause, zero
core   0: 3 0x0000000080006026 (0x142026f3) x13 0x0000000000000000
core   0: 0x000000008000602a (0x30402673) csrrs   a2, mie, zero
core   0: 3 0x000000008000602a (0x30402673) x12 0x0000000000000a00
core   0: 0x000000008000602e (0x344025f3) csrrs   a1, mip, zero
core   0: 3 0x000000008000602e (0x344025f3) x11 0x0000000000000080
core   0: 0x0000000080006032 (0x343025f3) csrrs   a1, mtval, zero
core   0: 3 0x0000000080006032 (0x343025f3) x11 0x00000000401a7e53
core   0: 0x0000000080006036 (0x14302573) csrrs   a0, stval, zero
core   0: 3 0x0000000080006036 (0x14302573) x10 0x0000000000000000
core   0: 0x000000008000603a (0xb02024f3) csrrs   s1, minstret, zero
core   0: 3 0x000000008000603a (0xb02024f3) x9  0x0000000000000e26
core   0: 0x000000008000603e (0x0000a811) c.j     pc + 20
core   0: 3 0x000000008000603e (0xa811)
core   0: >>>>  mepc_4
core   0: 0x0000000080006052 (0x00000791) c.addi  a5, 4
core   0: 3 0x0000000080006052 (0x0791) x15 0x0000000080005238
core   0: 0x0000000080006054 (0x34179073) csrrw   zero, mepc, a5
core   0: 3 0x0000000080006054 (0x34179073) c833_mepc 0x0000000080005238
core   0: 0x0000000080006058 (0x30200073) mret
core   0: 3 0x0000000080006058 (0x30200073) c768_mstatus 0x8000000a00106080
core   0: 0x0000000080005238 (0x2a8e0b53) fmin.d  fs6, ft8, fs0
core   0: 1 0x0000000080005238 (0x2a8e0b53) f22 0x0000000000000000
core   0: 0x000000008000523c (0xc2377853) fcvt.lu.d a6, fa4
core   0: exception trap_illegal_instruction, epc 0x000000008000523c
core   0:           tval 0x00000000c2377853
core   0: >>>>  $xrv64i2p1_m2p0_a2p1_f2p2_d2p2_zicsr2p0_zifencei2p0_zmmul1p0_zba1p0_zbb1p0_zbc1p0_zbs1p0
core   0: 0x0000000080004000 (0x0080006f) j       pc + 0x8
core   0: 3 0x0000000080004000 (0x0080006f)
core   0: >>>>  mmode_exception_handler
core   0: 0x0000000080004008 (0x00002c17) auipc   s8, 0x2
core   0: 3 0x0000000080004008 (0x00002c17) x24 0x0000000080006008
core   0: 0x000000008000400c (0x016c0c13) addi    s8, s8, 22
core   0: 3 0x000000008000400c (0x016c0c13) x24 0x000000008000601e
core   0: 0x0000000080004010 (0x000c00e7) jalr    s8
core   0: 3 0x0000000080004010 (0x000c00e7) x1  0x0000000080004014
core   0: >>>>  any_handler
core   0: 0x000000008000601e (0x341027f3) csrrs   a5, mepc, zero
core   0: 3 0x000000008000601e (0x341027f3) x15 0x000000008000523c
core   0: 0x0000000080006022 (0x34202773) csrrs   a4, mcause, zero
core   0: 3 0x0000000080006022 (0x34202773) x14 0x0000000000000002
core   0: 0x0000000080006026 (0x142026f3) csrrs   a3, scause, zero
core   0: 3 0x0000000080006026 (0x142026f3) x13 0x0000000000000000
core   0: 0x000000008000602a (0x30402673) csrrs   a2, mie, zero
core   0: 3 0x000000008000602a (0x30402673) x12 0x0000000000000a00
core   0: 0x000000008000602e (0x344025f3) csrrs   a1, mip, zero
core   0: 3 0x000000008000602e (0x344025f3) x11 0x0000000000000080
core   0: 0x0000000080006032 (0x343025f3) csrrs   a1, mtval, zero
core   0: 3 0x0000000080006032 (0x343025f3) x11 0x00000000c2377853
core   0: 0x0000000080006036 (0x14302573) csrrs   a0, stval, zero
core   0: 3 0x0000000080006036 (0x14302573) x10 0x0000000000000000
core   0: 0x000000008000603a (0xb02024f3) csrrs   s1, minstret, zero
core   0: 3 0x000000008000603a (0xb02024f3) x9  0x0000000000000e37
core   0: 0x000000008000603e (0x0000a811) c.j     pc + 20
core   0: 3 0x000000008000603e (0xa811)
core   0: >>>>  mepc_4
core   0: 0x0000000080006052 (0x00000791) c.addi  a5, 4
core   0: 3 0x0000000080006052 (0x0791) x15 0x0000000080005240
core   0: 0x0000000080006054 (0x34179073) csrrw   zero, mepc, a5
core   0: 3 0x0000000080006054 (0x34179073) c833_mepc 0x0000000080005240
core   0: 0x0000000080006058 (0x30200073) mret
core   0: 3 0x0000000080006058 (0x30200073) c768_mstatus 0x8000000a00106080
core   0: 0x0000000080005240 (0xc030f153) fcvt.lu.s sp, ft1
core   0: exception trap_illegal_instruction, epc 0x0000000080005240
core   0:           tval 0x00000000c030f153
core   0: >>>>  $xrv64i2p1_m2p0_a2p1_f2p2_d2p2_zicsr2p0_zifencei2p0_zmmul1p0_zba1p0_zbb1p0_zbc1p0_zbs1p0
core   0: 0x0000000080004000 (0x0080006f) j       pc + 0x8
core   0: 3 0x0000000080004000 (0x0080006f)
core   0: >>>>  mmode_exception_handler
core   0: 0x0000000080004008 (0x00002c17) auipc   s8, 0x2
core   0: 3 0x0000000080004008 (0x00002c17) x24 0x0000000080006008
core   0: 0x000000008000400c (0x016c0c13) addi    s8, s8, 22
core   0: 3 0x000000008000400c (0x016c0c13) x24 0x000000008000601e
core   0: 0x0000000080004010 (0x000c00e7) jalr    s8
core   0: 3 0x0000000080004010 (0x000c00e7) x1  0x0000000080004014
core   0: >>>>  any_handler
core   0: 0x000000008000601e (0x341027f3) csrrs   a5, mepc, zero
core   0: 3 0x000000008000601e (0x341027f3) x15 0x0000000080005240
core   0: 0x0000000080006022 (0x34202773) csrrs   a4, mcause, zero
core   0: 3 0x0000000080006022 (0x34202773) x14 0x0000000000000002
core   0: 0x0000000080006026 (0x142026f3) csrrs   a3, scause, zero
core   0: 3 0x0000000080006026 (0x142026f3) x13 0x0000000000000000
core   0: 0x000000008000602a (0x30402673) csrrs   a2, mie, zero
core   0: 3 0x000000008000602a (0x30402673) x12 0x0000000000000a00
core   0: 0x000000008000602e (0x344025f3) csrrs   a1, mip, zero
core   0: 3 0x000000008000602e (0x344025f3) x11 0x0000000000000080
core   0: 0x0000000080006032 (0x343025f3) csrrs   a1, mtval, zero
core   0: 3 0x0000000080006032 (0x343025f3) x11 0x00000000c030f153
core   0: 0x0000000080006036 (0x14302573) csrrs   a0, stval, zero
core   0: 3 0x0000000080006036 (0x14302573) x10 0x0000000000000000
core   0: 0x000000008000603a (0xb02024f3) csrrs   s1, minstret, zero
core   0: 3 0x000000008000603a (0xb02024f3) x9  0x0000000000000e47
core   0: 0x000000008000603e (0x0000a811) c.j     pc + 20
core   0: 3 0x000000008000603e (0xa811)
core   0: >>>>  mepc_4
core   0: 0x0000000080006052 (0x00000791) c.addi  a5, 4
core   0: 3 0x0000000080006052 (0x0791) x15 0x0000000080005244
core   0: 0x0000000080006054 (0x34179073) csrrw   zero, mepc, a5
core   0: 3 0x0000000080006054 (0x34179073) c833_mepc 0x0000000080005244
core   0: 0x0000000080006058 (0x30200073) mret
core   0: 3 0x0000000080006058 (0x30200073) c768_mstatus 0x8000000a00106080
core   0: 0x0000000080005244 (0x002029f3) csrrs   s3, frm, zero
core   0: 1 0x0000000080005244 (0x002029f3) x19 0x0000000000000006
core   0: 0x0000000080005248 (0x7ffa4a13) xori    s4, s4, 2047
core   0: 1 0x0000000080005248 (0x7ffa4a13) x20 0xfffffffffffffe2c
core   0: 0x000000008000524c (0x0ab375d3) fsub.d  fa1, ft6, fa1
core   0: exception trap_illegal_instruction, epc 0x000000008000524c
core   0:           tval 0x000000000ab375d3
core   0: >>>>  $xrv64i2p1_m2p0_a2p1_f2p2_d2p2_zicsr2p0_zifencei2p0_zmmul1p0_zba1p0_zbb1p0_zbc1p0_zbs1p0
core   0: 0x0000000080004000 (0x0080006f) j       pc + 0x8
core   0: 3 0x0000000080004000 (0x0080006f)
core   0: >>>>  mmode_exception_handler
core   0: 0x0000000080004008 (0x00002c17) auipc   s8, 0x2
core   0: 3 0x0000000080004008 (0x00002c17) x24 0x0000000080006008
core   0: 0x000000008000400c (0x016c0c13) addi    s8, s8, 22
core   0: 3 0x000000008000400c (0x016c0c13) x24 0x000000008000601e
core   0: 0x0000000080004010 (0x000c00e7) jalr    s8
core   0: 3 0x0000000080004010 (0x000c00e7) x1  0x0000000080004014
core   0: >>>>  any_handler
core   0: 0x000000008000601e (0x341027f3) csrrs   a5, mepc, zero
core   0: 3 0x000000008000601e (0x341027f3) x15 0x000000008000524c
core   0: 0x0000000080006022 (0x34202773) csrrs   a4, mcause, zero
core   0: 3 0x0000000080006022 (0x34202773) x14 0x0000000000000002
core   0: 0x0000000080006026 (0x142026f3) csrrs   a3, scause, zero
core   0: 3 0x0000000080006026 (0x142026f3) x13 0x0000000000000000
core   0: 0x000000008000602a (0x30402673) csrrs   a2, mie, zero
core   0: 3 0x000000008000602a (0x30402673) x12 0x0000000000000a00
core   0: 0x000000008000602e (0x344025f3) csrrs   a1, mip, zero
core   0: 3 0x000000008000602e (0x344025f3) x11 0x0000000000000080
core   0: 0x0000000080006032 (0x343025f3) csrrs   a1, mtval, zero
core   0: 3 0x0000000080006032 (0x343025f3) x11 0x000000000ab375d3
core   0: 0x0000000080006036 (0x14302573) csrrs   a0, stval, zero
core   0: 3 0x0000000080006036 (0x14302573) x10 0x0000000000000000
core   0: 0x000000008000603a (0xb02024f3) csrrs   s1, minstret, zero
core   0: 3 0x000000008000603a (0xb02024f3) x9  0x0000000000000e59
core   0: 0x000000008000603e (0x0000a811) c.j     pc + 20
core   0: 3 0x000000008000603e (0xa811)
core   0: >>>>  mepc_4
core   0: 0x0000000080006052 (0x00000791) c.addi  a5, 4
core   0: 3 0x0000000080006052 (0x0791) x15 0x0000000080005250
core   0: 0x0000000080006054 (0x34179073) csrrw   zero, mepc, a5
core   0: 3 0x0000000080006054 (0x34179073) c833_mepc 0x0000000080005250
core   0: 0x0000000080006058 (0x30200073) mret
core   0: 3 0x0000000080006058 (0x30200073) c768_mstatus 0x8000000a00106080
core   0: 0x0000000080005250 (0xd21a87d3) fcvt.d.wu fa5, s5
core   0: 1 0x0000000080005250 (0xd21a87d3) f15 0x41efffff75e00000
core   0: 0x0000000080005254 (0x017bebb3) or      s7, s7, s7
core   0: 1 0x0000000080005254 (0x017bebb3) x23 0x00000000000001d7
core   0: 0x0000000080005258 (0xc23377d3) fcvt.lu.d a5, ft6
core   0: exception trap_illegal_instruction, epc 0x0000000080005258
core   0:           tval 0x00000000c23377d3
core   0: >>>>  $xrv64i2p1_m2p0_a2p1_f2p2_d2p2_zicsr2p0_zifencei2p0_zmmul1p0_zba1p0_zbb1p0_zbc1p0_zbs1p0
core   0: 0x0000000080004000 (0x0080006f) j       pc + 0x8
core   0: 3 0x0000000080004000 (0x0080006f)
core   0: >>>>  mmode_exception_handler
core   0: 0x0000000080004008 (0x00002c17) auipc   s8, 0x2
core   0: 3 0x0000000080004008 (0x00002c17) x24 0x0000000080006008
core   0: 0x000000008000400c (0x016c0c13) addi    s8, s8, 22
core   0: 3 0x000000008000400c (0x016c0c13) x24 0x000000008000601e
core   0: 0x0000000080004010 (0x000c00e7) jalr    s8
core   0: 3 0x0000000080004010 (0x000c00e7) x1  0x0000000080004014
core   0: >>>>  any_handler
core   0: 0x000000008000601e (0x341027f3) csrrs   a5, mepc, zero
core   0: 3 0x000000008000601e (0x341027f3) x15 0x0000000080005258
core   0: 0x0000000080006022 (0x34202773) csrrs   a4, mcause, zero
core   0: 3 0x0000000080006022 (0x34202773) x14 0x0000000000000002
core   0: 0x0000000080006026 (0x142026f3) csrrs   a3, scause, zero
core   0: 3 0x0000000080006026 (0x142026f3) x13 0x0000000000000000
core   0: 0x000000008000602a (0x30402673) csrrs   a2, mie, zero
core   0: 3 0x000000008000602a (0x30402673) x12 0x0000000000000a00
core   0: 0x000000008000602e (0x344025f3) csrrs   a1, mip, zero
core   0: 3 0x000000008000602e (0x344025f3) x11 0x0000000000000080
core   0: 0x0000000080006032 (0x343025f3) csrrs   a1, mtval, zero
core   0: 3 0x0000000080006032 (0x343025f3) x11 0x00000000c23377d3
core   0: 0x0000000080006036 (0x14302573) csrrs   a0, stval, zero
core   0: 3 0x0000000080006036 (0x14302573) x10 0x0000000000000000
core   0: 0x000000008000603a (0xb02024f3) csrrs   s1, minstret, zero
core   0: 3 0x000000008000603a (0xb02024f3) x9  0x0000000000000e6b
core   0: 0x000000008000603e (0x0000a811) c.j     pc + 20
core   0: 3 0x000000008000603e (0xa811)
core   0: >>>>  mepc_4
core   0: 0x0000000080006052 (0x00000791) c.addi  a5, 4
core   0: 3 0x0000000080006052 (0x0791) x15 0x000000008000525c
core   0: 0x0000000080006054 (0x34179073) csrrw   zero, mepc, a5
core   0: 3 0x0000000080006054 (0x34179073) c833_mepc 0x000000008000525c
core   0: 0x0000000080006058 (0x30200073) mret
core   0: 3 0x0000000080006058 (0x30200073) c768_mstatus 0x8000000a00106080
core   0: 0x000000008000525c (0xc23b7853) fcvt.lu.d a6, fs6
core   0: exception trap_illegal_instruction, epc 0x000000008000525c
core   0:           tval 0x00000000c23b7853
core   0: >>>>  $xrv64i2p1_m2p0_a2p1_f2p2_d2p2_zicsr2p0_zifencei2p0_zmmul1p0_zba1p0_zbb1p0_zbc1p0_zbs1p0
core   0: 0x0000000080004000 (0x0080006f) j       pc + 0x8
core   0: 3 0x0000000080004000 (0x0080006f)
core   0: >>>>  mmode_exception_handler
core   0: 0x0000000080004008 (0x00002c17) auipc   s8, 0x2
core   0: 3 0x0000000080004008 (0x00002c17) x24 0x0000000080006008
core   0: 0x000000008000400c (0x016c0c13) addi    s8, s8, 22
core   0: 3 0x000000008000400c (0x016c0c13) x24 0x000000008000601e
core   0: 0x0000000080004010 (0x000c00e7) jalr    s8
core   0: 3 0x0000000080004010 (0x000c00e7) x1  0x0000000080004014
core   0: >>>>  any_handler
core   0: 0x000000008000601e (0x341027f3) csrrs   a5, mepc, zero
core   0: 3 0x000000008000601e (0x341027f3) x15 0x000000008000525c
core   0: 0x0000000080006022 (0x34202773) csrrs   a4, mcause, zero
core   0: 3 0x0000000080006022 (0x34202773) x14 0x0000000000000002
core   0: 0x0000000080006026 (0x142026f3) csrrs   a3, scause, zero
core   0: 3 0x0000000080006026 (0x142026f3) x13 0x0000000000000000
core   0: 0x000000008000602a (0x30402673) csrrs   a2, mie, zero
core   0: 3 0x000000008000602a (0x30402673) x12 0x0000000000000a00
core   0: 0x000000008000602e (0x344025f3) csrrs   a1, mip, zero
core   0: 3 0x000000008000602e (0x344025f3) x11 0x0000000000000080
core   0: 0x0000000080006032 (0x343025f3) csrrs   a1, mtval, zero
core   0: 3 0x0000000080006032 (0x343025f3) x11 0x00000000c23b7853
core   0: 0x0000000080006036 (0x14302573) csrrs   a0, stval, zero
core   0: 3 0x0000000080006036 (0x14302573) x10 0x0000000000000000
core   0: 0x000000008000603a (0xb02024f3) csrrs   s1, minstret, zero
core   0: 3 0x000000008000603a (0xb02024f3) x9  0x0000000000000e7b
core   0: 0x000000008000603e (0x0000a811) c.j     pc + 20
core   0: 3 0x000000008000603e (0xa811)
core   0: >>>>  mepc_4
core   0: 0x0000000080006052 (0x00000791) c.addi  a5, 4
core   0: 3 0x0000000080006052 (0x0791) x15 0x0000000080005260
core   0: 0x0000000080006054 (0x34179073) csrrw   zero, mepc, a5
core   0: 3 0x0000000080006054 (0x34179073) c833_mepc 0x0000000080005260
core   0: 0x0000000080006058 (0x30200073) mret
core   0: 3 0x0000000080006058 (0x30200073) c768_mstatus 0x8000000a00106080
core   0: 0x0000000080005260 (0x02e433b3) mulhu   t2, s0, a4
core   0: 1 0x0000000080005260 (0x02e433b3) x7  0x0000000000000001
core   0: 0x0000000080005264 (0x019cd8b3) srl     a7, s9, s9
core   0: 1 0x0000000080005264 (0x019cd8b3) x17 0x0000000000000000
core   0: 0x0000000080005268 (0x000089ce) c.mv    s3, s3
core   0: 1 0x0000000080005268 (0x89ce) x19 0x0000000000000006
core   0: 0x000000008000526a (0x00184a33) xor     s4, a6, ra
core   0: 1 0x000000008000526a (0x00184a33) x20 0x0000000080004016
core   0: 0x000000008000526e (0x23e793d3) fsgnjn.d ft7, fa5, ft10
core   0: 1 0x000000008000526e (0x23e793d3) f7  0xc1efffff75e00000
core   0: 0x0000000080005272 (0xc23e7053) fcvt.lu.d zero, ft8
core   0: exception trap_illegal_instruction, epc 0x0000000080005272
core   0:           tval 0x00000000c23e7053
core   0: >>>>  $xrv64i2p1_m2p0_a2p1_f2p2_d2p2_zicsr2p0_zifencei2p0_zmmul1p0_zba1p0_zbb1p0_zbc1p0_zbs1p0
core   0: 0x0000000080004000 (0x0080006f) j       pc + 0x8
core   0: 3 0x0000000080004000 (0x0080006f)
core   0: >>>>  mmode_exception_handler
core   0: 0x0000000080004008 (0x00002c17) auipc   s8, 0x2
core   0: 3 0x0000000080004008 (0x00002c17) x24 0x0000000080006008
core   0: 0x000000008000400c (0x016c0c13) addi    s8, s8, 22
core   0: 3 0x000000008000400c (0x016c0c13) x24 0x000000008000601e
core   0: 0x0000000080004010 (0x000c00e7) jalr    s8
core   0: 3 0x0000000080004010 (0x000c00e7) x1  0x0000000080004014
core   0: >>>>  any_handler
core   0: 0x000000008000601e (0x341027f3) csrrs   a5, mepc, zero
core   0: 3 0x000000008000601e (0x341027f3) x15 0x0000000080005272
core   0: 0x0000000080006022 (0x34202773) csrrs   a4, mcause, zero
core   0: 3 0x0000000080006022 (0x34202773) x14 0x0000000000000002
core   0: 0x0000000080006026 (0x142026f3) csrrs   a3, scause, zero
core   0: 3 0x0000000080006026 (0x142026f3) x13 0x0000000000000000
core   0: 0x000000008000602a (0x30402673) csrrs   a2, mie, zero
core   0: 3 0x000000008000602a (0x30402673) x12 0x0000000000000a00
core   0: 0x000000008000602e (0x344025f3) csrrs   a1, mip, zero
core   0: 3 0x000000008000602e (0x344025f3) x11 0x0000000000000080
core   0: 0x0000000080006032 (0x343025f3) csrrs   a1, mtval, zero
core   0: 3 0x0000000080006032 (0x343025f3) x11 0x00000000c23e7053
core   0: 0x0000000080006036 (0x14302573) csrrs   a0, stval, zero
core   0: 3 0x0000000080006036 (0x14302573) x10 0x0000000000000000
core   0: 0x000000008000603a (0xb02024f3) csrrs   s1, minstret, zero
core   0: 3 0x000000008000603a (0xb02024f3) x9  0x0000000000000e90
core   0: 0x000000008000603e (0x0000a811) c.j     pc + 20
core   0: 3 0x000000008000603e (0xa811)
core   0: >>>>  mepc_4
core   0: 0x0000000080006052 (0x00000791) c.addi  a5, 4
core   0: 3 0x0000000080006052 (0x0791) x15 0x0000000080005276
core   0: 0x0000000080006054 (0x34179073) csrrw   zero, mepc, a5
core   0: 3 0x0000000080006054 (0x34179073) c833_mepc 0x0000000080005276
core   0: 0x0000000080006058 (0x30200073) mret
core   0: 3 0x0000000080006058 (0x30200073) c768_mstatus 0x8000000a00106080
core   0: 0x0000000080005276 (0xd0327cd3) fcvt.s.lu fs9, tp
core   0: exception trap_illegal_instruction, epc 0x0000000080005276
core   0:           tval 0x00000000d0327cd3
core   0: >>>>  $xrv64i2p1_m2p0_a2p1_f2p2_d2p2_zicsr2p0_zifencei2p0_zmmul1p0_zba1p0_zbb1p0_zbc1p0_zbs1p0
core   0: 0x0000000080004000 (0x0080006f) j       pc + 0x8
core   0: 3 0x0000000080004000 (0x0080006f)
core   0: >>>>  mmode_exception_handler
core   0: 0x0000000080004008 (0x00002c17) auipc   s8, 0x2
core   0: 3 0x0000000080004008 (0x00002c17) x24 0x0000000080006008
core   0: 0x000000008000400c (0x016c0c13) addi    s8, s8, 22
core   0: 3 0x000000008000400c (0x016c0c13) x24 0x000000008000601e
core   0: 0x0000000080004010 (0x000c00e7) jalr    s8
core   0: 3 0x0000000080004010 (0x000c00e7) x1  0x0000000080004014
core   0: >>>>  any_handler
core   0: 0x000000008000601e (0x341027f3) csrrs   a5, mepc, zero
core   0: 3 0x000000008000601e (0x341027f3) x15 0x0000000080005276
core   0: 0x0000000080006022 (0x34202773) csrrs   a4, mcause, zero
core   0: 3 0x0000000080006022 (0x34202773) x14 0x0000000000000002
core   0: 0x0000000080006026 (0x142026f3) csrrs   a3, scause, zero
core   0: 3 0x0000000080006026 (0x142026f3) x13 0x0000000000000000
core   0: 0x000000008000602a (0x30402673) csrrs   a2, mie, zero
core   0: 3 0x000000008000602a (0x30402673) x12 0x0000000000000a00
core   0: 0x000000008000602e (0x344025f3) csrrs   a1, mip, zero
core   0: 3 0x000000008000602e (0x344025f3) x11 0x0000000000000080
core   0: 0x0000000080006032 (0x343025f3) csrrs   a1, mtval, zero
core   0: 3 0x0000000080006032 (0x343025f3) x11 0x00000000d0327cd3
core   0: 0x0000000080006036 (0x14302573) csrrs   a0, stval, zero
core   0: 3 0x0000000080006036 (0x14302573) x10 0x0000000000000000
core   0: 0x000000008000603a (0xb02024f3) csrrs   s1, minstret, zero
core   0: 3 0x000000008000603a (0xb02024f3) x9  0x0000000000000ea0
core   0: 0x000000008000603e (0x0000a811) c.j     pc + 20
core   0: 3 0x000000008000603e (0xa811)
core   0: >>>>  mepc_4
core   0: 0x0000000080006052 (0x00000791) c.addi  a5, 4
core   0: 3 0x0000000080006052 (0x0791) x15 0x000000008000527a
core   0: 0x0000000080006054 (0x34179073) csrrw   zero, mepc, a5
core   0: 3 0x0000000080006054 (0x34179073) c833_mepc 0x000000008000527a
core   0: 0x0000000080006058 (0x30200073) mret
core   0: 3 0x0000000080006058 (0x30200073) c768_mstatus 0x8000000a00106080
core   0: 0x000000008000527a (0x021bfdbb) remuw   s11, s7, ra
core   0: 1 0x000000008000527a (0x021bfdbb) x27 0x00000000000001d7
core   0: 0x000000008000527e (0x702d8e13) addi    t3, s11, 1794
core   0: 1 0x000000008000527e (0x702d8e13) x28 0x00000000000008d9
core   0: 0x0000000080005282 (0x00000001) c.nop
core   0: 1 0x0000000080005282 (0x0001)
core   0: 0x0000000080005284 (0x001b979b) slliw   a5, s7, 1
core   0: 1 0x0000000080005284 (0x001b979b) x15 0x00000000000003ae
core   0: 0x0000000080005288 (0xe20c85d3) fmv.x.d a1, fs9
core   0: 1 0x0000000080005288 (0xe20c85d3) x11 0x7ff8000000000000
core   0: 0x000000008000528c (0x002e98f3) csrrw   a7, frm, t4
core   0: 1 0x000000008000528c (0x002e98f3) x17 0x0000000000000006 c2_frm 0x0000000000000000
core   0: 0x0000000080005290 (0xd23a7f53) fcvt.d.lu ft10, s4
core   0: 1 0x0000000080005290 (0xd23a7f53) f30 0x41e0000802c00000
core   0: 0x0000000080005294 (0xea9ff943) fmadd.d fs2, ft11, fs1, ft9
core   0: 1 0x0000000080005294 (0xea9ff943) f18 0x7ff8000000000000
core   0: 0x0000000080005298 (0x00515833) srl     a6, sp, t0
core   0: 1 0x0000000080005298 (0x00515833) x16 0x0000000000000000
core   0: 0x000000008000529c (0x1421d973) csrrwi  s2, scause, 3
core   0: 1 0x000000008000529c (0x1421d973) x18 0x0000000000000000 c322_scause 0x0000000000000003
core   0: 0x00000000800052a0 (0x14491873) csrrw   a6, sip, s2
core   0: 1 0x00000000800052a0 (0x14491873) x16 0x0000000000000000 c836_mip 0x0000000000000080
core   0: 0x00000000800052a4 (0xd0287fd3) fcvt.s.l ft11, a6
core   0: 1 0x00000000800052a4 (0xd0287fd3) f31 0xffffffff00000000
core   0: 0x00000000800052a8 (0x03282733) mulhsu  a4, a6, s2
core   0: 1 0x00000000800052a8 (0x03282733) x14 0x0000000000000000
core   0: 0x00000000800052ac (0x410c583b) sraw    a6, s8, a6
core   0: 1 0x00000000800052ac (0x410c583b) x16 0xffffffff8000601e
core   0: 0x00000000800052b0 (0xfa1ff4cf) fnmadd.d fs1, ft11, ft1, ft11
core   0: 1 0x00000000800052b0 (0xfa1ff4cf) f9  0x7ff8000000000000
core   0: 0x00000000800052b4 (0x017cea33) or      s4, s9, s7
core   0: 1 0x00000000800052b4 (0x017cea33) x20 0x00000000000003ff
core   0: 0x00000000800052b8 (0x236c0ed3) fsgnj.d ft9, fs8, fs6
core   0: 1 0x00000000800052b8 (0x236c0ed3) f29 0x7ffffffffffffc0b
core   0: 0x00000000800052bc (0x40ac00b3) sub     ra, s8, a0
core   0: 1 0x00000000800052bc (0x40ac00b3) x1  0x000000008000601e
core   0: 0x00000000800052c0 (0x001b13f3) csrrw   t2, fflags, s6
core   0: 1 0x00000000800052c0 (0x001b13f3) x7  0x0000000000000013 c1_fflags 0x0000000000000008
core   0: 0x00000000800052c4 (0x41ca8b3b) subw    s6, s5, t3
core   0: 1 0x00000000800052c4 (0x41ca8b3b) x22 0xfffffffffffff2d6
core   0: 0x00000000800052c8 (0x03b20033) mul     zero, tp, s11
core   0: 1 0x00000000800052c8 (0x03b20033)
core   0: 0x00000000800052cc (0x4bdafa4f) fnmadd.d fs4, fs5, ft9, fs1
core   0: 1 0x00000000800052cc (0x4bdafa4f) f20 0x7ff8000000000000
core   0: 0x00000000800052d0 (0x419056b3) sra     a3, zero, s9
core   0: 1 0x00000000800052d0 (0x419056b3) x13 0x0000000000000000
core   0: 0x00000000800052d4 (0xa2e70153) fle.d   sp, fa4, fa4
core   0: 1 0x00000000800052d4 (0xa2e70153) x2  0x0000000000000001
core   0: 0x00000000800052d8 (0x000989b3) add     s3, s3, zero
core   0: 1 0x00000000800052d8 (0x000989b3) x19 0x0000000000000006
core   0: 0x00000000800052dc (0x9722ed93) ori     s11, t0, -1678
core   0: 1 0x00000000800052dc (0x9722ed93) x27 0xfffffffffffff972
core   0: 0x00000000800052e0 (0x00657a33) and     s4, a0, t1
core   0: 1 0x00000000800052e0 (0x00657a33) x20 0x0000000000000000
core   0: 0x00000000800052e4 (0x005b183b) sllw    a6, s6, t0
core   0: 1 0x00000000800052e4 (0x005b183b) x16 0xffffffffffffcb58
core   0: 0x00000000800052e8 (0x03505eb3) divu    t4, zero, s5
core   0: 1 0x00000000800052e8 (0x03505eb3) x29 0x0000000000000000
core   0: 0x00000000800052ec (0x800a6b93) ori     s7, s4, -2048
core   0: 1 0x00000000800052ec (0x800a6b93) x23 0xfffffffffffff800
core   0: 0x00000000800052f0 (0xfedf9037) lui     zero, 0xfedf9
core   0: 1 0x00000000800052f0 (0xfedf9037)
core   0: 0x00000000800052f4 (0x6d50001b) addiw   zero, zero, 1749
core   0: 1 0x00000000800052f4 (0x6d50001b)
core   0: 0x00000000800052f8 (0x00c01013) slli    zero, zero, 12
core   0: 1 0x00000000800052f8 (0x00c01013)
core   0: 0x00000000800052fc (0x19400013) li      zero, 404
core   0: 1 0x00000000800052fc (0x19400013)
core   0: 0x0000000080005300 (0x00119e33) sll     t3, gp, ra
core   0: 1 0x0000000080005300 (0x00119e33) x28 0x0000000000000000
core   0: 0x0000000080005304 (0x02892eb3) mulhsu  t4, s2, s0
core   0: 1 0x0000000080005304 (0x02892eb3) x29 0x0000000000000000
core   0: 0x0000000080005308 (0x028a2a33) mulhsu  s4, s4, s0
core   0: 1 0x0000000080005308 (0x028a2a33) x20 0x0000000000000000
core   0: 0x000000008000530c (0x0ff0000f) fence   iorw,iorw
core   0: 1 0x000000008000530c (0x0ff0000f)
core   0: 0x0000000080005310 (0x014a98b3) sll     a7, s5, s4
core   0: 1 0x0000000080005310 (0x014a98b3) x17 0xfffffffffffffbaf
core   0: 0x0000000080005314 (0x23272c53) fsgnjx.d fs8, fa4, fs2
core   0: 1 0x0000000080005314 (0x23272c53) f24 0x0000000000000000
core   0: 0x0000000080005318 (0x332cc793) xori    a5, s9, 818
core   0: 1 0x0000000080005318 (0x332cc793) x15 0x000000000000009d
core   0: 0x000000008000531c (0x0011c613) xori    a2, gp, 1
core   0: 1 0x000000008000531c (0x0011c613) x12 0x0000000000000001
core   0: 0x0000000080005320 (0xd900079b) addiw   a5, zero, -624
core   0: 1 0x0000000080005320 (0xd900079b) x15 0xfffffffffffffd90
core   0: 0x0000000080005324 (0x00000001) c.nop
core   0: 1 0x0000000080005324 (0x0001)
core   0: 0x0000000080005326 (0x00fa5d3b) srlw    s10, s4, a5
core   0: 1 0x0000000080005326 (0x00fa5d3b) x26 0x0000000000000000
core   0: 0x000000008000532a (0x02c61cb3) mulh    s9, a2, a2
core   0: 1 0x000000008000532a (0x02c61cb3) x25 0x0000000000000000
core   0: 0x000000008000532e (0x136e7b53) fmul.d  fs6, ft8, fs6
core   0: 1 0x000000008000532e (0x136e7b53) f22 0x7ff8000000000000
core   0: 0x0000000080005332 (0xc209f3d3) fcvt.w.d t2, fs3
core   0: 1 0x0000000080005332 (0xc209f3d3) c1_fflags 0x0000000000000018 x7  0x000000007fffffff
core   0: 0x0000000080005336 (0x001028f3) csrrs   a7, fflags, zero
core   0: 1 0x0000000080005336 (0x001028f3) x17 0x0000000000000018
core   0: 0x000000008000533a (0xb9d8aa93) slti    s5, a7, -1123
core   0: 1 0x000000008000533a (0xb9d8aa93) x21 0x0000000000000000
core   0: 0x000000008000533e (0x415909b3) sub     s3, s2, s5
core   0: 1 0x000000008000533e (0x415909b3) x19 0x0000000000000000
core   0: 0x0000000080005342 (0xd2070c53) fcvt.d.w fs8, a4
core   0: 1 0x0000000080005342 (0xd2070c53) f24 0x0000000000000000
core   0: 0x0000000080005346 (0x00c01b9b) slliw   s7, zero, 12
core   0: 1 0x0000000080005346 (0x00c01b9b) x23 0x0000000000000000
core   0: 0x000000008000534a (0x40175bb3) sra     s7, a4, ra
core   0: 1 0x000000008000534a (0x40175bb3) x23 0x0000000000000000
core   0: 0x000000008000534e (0xc239fdd3) fcvt.lu.d s11, fs3
core   0: 1 0x000000008000534e (0xc239fdd3) c1_fflags 0x0000000000000018 x27 0xffffffffffffffff
core   0: 0x0000000080005352 (0x16f88a93) addi    s5, a7, 367
core   0: 1 0x0000000080005352 (0x16f88a93) x21 0x0000000000000187
core   0: 0x0000000080005356 (0xfffac713) not     a4, s5
core   0: 1 0x0000000080005356 (0xfffac713) x14 0xfffffffffffffe78
core   0: 0x000000008000535a (0x40e704b3) sub     s1, a4, a4
core   0: 1 0x000000008000535a (0x40e704b3) x9  0x0000000000000000
core   0: 0x000000008000535e (0x02944233) div     tp, s0, s1
core   0: 1 0x000000008000535e (0x02944233) x4  0xffffffffffffffff
core   0: 0x0000000080005362 (0xb3d5f9c7) fmsub.d fs3, fa1, ft9, fs6
core   0: 1 0x0000000080005362 (0xb3d5f9c7) f19 0x7ff8000000000000
core   0: 0x0000000080005366 (0x0baa7d4b) fnmsub.d fs10, fs4, fs10, ft1
core   0: 1 0x0000000080005366 (0x0baa7d4b) f26 0x7ff8000000000000
core   0: 0x000000008000536a (0x01beebb3) or      s7, t4, s11
core   0: 1 0x000000008000536a (0x01beebb3) x23 0xffffffffffffffff
core   0: 0x000000008000536e (0xb73ec793) xori    a5, t4, -1165
core   0: 1 0x000000008000536e (0xb73ec793) x15 0xfffffffffffffb73
core   0: 0x0000000080005372 (0x1339fa53) fmul.d  fs4, fs3, fs3
core   0: 1 0x0000000080005372 (0x1339fa53) f20 0x7ff8000000000000
core   0: 0x0000000080005376 (0x40228c3b) subw    s8, t0, sp
core   0: 1 0x0000000080005376 (0x40228c3b) x24 0x0000000000000001
core   0: 0x000000008000537a (0xe2010a53) fmv.x.d s4, ft2
core   0: 1 0x000000008000537a (0xe2010a53) x20 0x7ff8000000000000
core   0: 0x000000008000537e (0xe2028153) fmv.x.d sp, ft5
core   0: 1 0x000000008000537e (0xe2028153) x2  0x7ff8000000000000
core   0: 0x0000000080005382 (0x031d33b3) mulhu   t2, s10, a7
core   0: 1 0x0000000080005382 (0x031d33b3) x7  0x0000000000000000
core   0: 0x0000000080005386 (0x80070813) addi    a6, a4, -2048
core   0: 1 0x0000000080005386 (0x80070813) x16 0xfffffffffffff678
core   0: 0x000000008000538a (0xc0287bd3) fcvt.l.s s7, fa6
core   0: 1 0x000000008000538a (0xc0287bd3) c1_fflags 0x0000000000000018 x23 0x7fffffffffffffff
core   0: 0x000000008000538e (0xc2117a53) fcvt.wu.d s4, ft2
core   0: 1 0x000000008000538e (0xc2117a53) c1_fflags 0x0000000000000018 x20 0xffffffffffffffff
core   0: 0x0000000080005392 (0x4131549b) sraiw   s1, sp, 19
core   0: 1 0x0000000080005392 (0x4131549b) x9  0x0000000000000000
core   0: 0x0000000080005396 (0x409d8eb3) sub     t4, s11, s1
core   0: 1 0x0000000080005396 (0x409d8eb3) x29 0xffffffffffffffff
core   0: 0x000000008000539a (0x03d77333) remu    t1, a4, t4
core   0: 1 0x000000008000539a (0x03d77333) x6  0xfffffffffffffe78
core   0: 0x000000008000539e (0x4081de3b) sraw    t3, gp, s0
core   0: 1 0x000000008000539e (0x4081de3b) x28 0x0000000000000000
core   0: 0x00000000800053a2 (0x034a523b) divuw   tp, s4, s4
core   0: 1 0x00000000800053a2 (0x034a523b) x4  0x0000000000000001
core   0: 0x00000000800053a6 (0x0346ac33) mulhsu  s8, a3, s4
core   0: 1 0x00000000800053a6 (0x0346ac33) x24 0x0000000000000000
core   0: 0x00000000800053aa (0x00000001) c.nop
core   0: 1 0x00000000800053aa (0x0001)
core   0: 0x00000000800053ac (0x62e8764f) fnmadd.d fa2, fa6, fa4, fa2
core   0: 1 0x00000000800053ac (0x62e8764f) f12 0x7ff8000000000000
core   0: 0x00000000800053b0 (0x41755cb3) sra     s9, a0, s7
core   0: 1 0x00000000800053b0 (0x41755cb3) x25 0x0000000000000000
core   0: 0x00000000800053b4 (0x017d95b3) sll     a1, s11, s7
core   0: 1 0x00000000800053b4 (0x017d95b3) x11 0x8000000000000000
core   0: 0x00000000800053b8 (0xc22e7bd3) fcvt.l.d s7, ft8
core   0: 1 0x00000000800053b8 (0xc22e7bd3) c1_fflags 0x0000000000000018 x23 0x7fffffffffffffff
core   0: 0x00000000800053bc (0x0ff0000f) fence   iorw,iorw
core   0: 1 0x00000000800053bc (0x0ff0000f)
core   0: 0x00000000800053c0 (0x0ff0000f) fence   iorw,iorw
core   0: 1 0x00000000800053c0 (0x0ff0000f)
core   0: 0x00000000800053c4 (0x0002e293) ori     t0, t0, 0
core   0: 1 0x00000000800053c4 (0x0002e293) x5  0x0000000000000002
core   0: 0x00000000800053c8 (0x02c67153) fadd.d  ft2, fa2, fa2
core   0: 1 0x00000000800053c8 (0x02c67153) f2  0x7ff8000000000000
core   0: 0x00000000800053cc (0x0368583b) divuw   a6, a6, s6
core   0: 1 0x00000000800053cc (0x0368583b) x16 0x0000000000000001
core   0: 0x00000000800053d0 (0x02b282bb) mulw    t0, t0, a1
core   0: 1 0x00000000800053d0 (0x02b282bb) x5  0x0000000000000000
core   0: 0x00000000800053d4 (0x0ff0000f) fence   iorw,iorw
core   0: 1 0x00000000800053d4 (0x0ff0000f)
core   0: 0x00000000800053d8 (0x225383d3) fsgnj.d ft7, ft7, ft5
core   0: 1 0x00000000800053d8 (0x225383d3) f7  0x41efffff75e00000
core   0: 0x00000000800053dc (0x400451bb) sraw    gp, s0, zero
core   0: 1 0x00000000800053dc (0x400451bb) x3  0xffffffffffffffff
core   0: 0x00000000800053e0 (0x037d7bb3) remu    s7, s10, s7
core   0: 1 0x00000000800053e0 (0x037d7bb3) x23 0x0000000000000000
core   0: 0x00000000800053e4 (0x0021c2b3) xor     t0, gp, sp
core   0: 1 0x00000000800053e4 (0x0021c2b3) x5  0x8007ffffffffffff
core   0: 0x00000000800053e8 (0x42038c53) fcvt.d.s fs8, ft7
core   0: 1 0x00000000800053e8 (0x42038c53) f24 0x7ff8000000000000
core   0: 0x00000000800053ec (0xea9ef947) fmsub.d fs2, ft9, fs1, ft9
core   0: 1 0x00000000800053ec (0xea9ef947) f18 0x7ff8000000000000
core   0: 0x00000000800053f0 (0xfff56693) ori     a3, a0, -1
core   0: 1 0x00000000800053f0 (0xfff56693) x13 0xffffffffffffffff
core   0: 0x00000000800053f4 (0x40055193) srai    gp, a0, 0
core   0: 1 0x00000000800053f4 (0x40055193) x3  0x0000000000000000
core   0: 0x00000000800053f8 (0xc21e7653) fcvt.wu.d a2, ft8
core   0: 1 0x00000000800053f8 (0xc21e7653) c1_fflags 0x0000000000000018 x12 0xffffffffffffffff
core   0: 0x00000000800053fc (0x00a195bb) sllw    a1, gp, a0
core   0: 1 0x00000000800053fc (0x00a195bb) x11 0x0000000000000000
core   0: 0x0000000080005400 (0x013b8233) add     tp, s7, s3
core   0: 1 0x0000000080005400 (0x013b8233) x4  0x0000000000000000
core   0: 0x0000000080005404 (0x025278b3) remu    a7, tp, t0
core   0: 1 0x0000000080005404 (0x025278b3) x17 0x0000000000000000
core   0: 0x0000000080005408 (0x41028e3b) subw    t3, t0, a6
core   0: 1 0x0000000080005408 (0x41028e3b) x28 0xfffffffffffffffe
core   0: 0x000000008000540c (0x0006959b) slliw   a1, a3, 0
core   0: 1 0x000000008000540c (0x0006959b) x11 0xffffffffffffffff
core   0: 0x0000000080005410 (0x00ba86b3) add     a3, s5, a1
core   0: 1 0x0000000080005410 (0x00ba86b3) x13 0x0000000000000186
core   0: 0x0000000080005414 (0x004c9d1b) slliw   s10, s9, 4
core   0: 1 0x0000000080005414 (0x004c9d1b) x26 0x0000000000000000
core   0: 0x0000000080005418 (0xf20485d3) fmv.d.x fa1, s1
core   0: 1 0x0000000080005418 (0xf20485d3) f11 0x0000000000000000
core   0: 0x000000008000541c (0x000a9dbb) sllw    s11, s5, zero
core   0: 1 0x000000008000541c (0x000a9dbb) x27 0x0000000000000187
core   0: 0x0000000080005420 (0x401dd113) srai    sp, s11, 1
core   0: 1 0x0000000080005420 (0x401dd113) x2  0x00000000000000c3
core   0: 0x0000000080005424 (0x003c91b3) sll     gp, s9, gp
core   0: 1 0x0000000080005424 (0x003c91b3) x3  0x0000000000000000
core   0: 0x0000000080005428 (0x034b3033) mulhu   zero, s6, s4
core   0: 1 0x0000000080005428 (0x034b3033)
core   0: 0x000000008000542c (0x0ff0000f) fence   iorw,iorw
core   0: 1 0x000000008000542c (0x0ff0000f)
core   0: 0x0000000080005430 (0xd22173d3) fcvt.d.l ft7, sp
core   0: 1 0x0000000080005430 (0xd22173d3) f7  0x4068600000000000
core   0: 0x0000000080005434 (0x01de8d3b) addw    s10, t4, t4
core   0: 1 0x0000000080005434 (0x01de8d3b) x26 0xfffffffffffffffe
core   0: 0x0000000080005438 (0x403b51bb) sraw    gp, s6, gp
core   0: 1 0x0000000080005438 (0x403b51bb) x3  0xfffffffffffff2d6
core   0: 0x000000008000543c (0xc220fbd3) fcvt.l.d s7, ft1
core   0: 1 0x000000008000543c (0xc220fbd3) c1_fflags 0x0000000000000018 x23 0x7fffffffffffffff
core   0: 0x0000000080005440 (0x00000001) c.nop
core   0: 1 0x0000000080005440 (0x0001)
core   0: 0x0000000080005442 (0x00109873) csrrw   a6, fflags, ra
core   0: 1 0x0000000080005442 (0x00109873) x16 0x0000000000000018 c1_fflags 0x000000000000001e
core   0: 0x0000000080005446 (0x41ce8e3b) subw    t3, t4, t3
core   0: 1 0x0000000080005446 (0x41ce8e3b) x28 0x0000000000000001
core   0: 0x000000008000544a (0xd03e70d3) fcvt.s.lu ft1, t3
core   0: 1 0x000000008000544a (0xd03e70d3) f1  0xffffffff3f800000
core   0: 0x000000008000544e (0x00202273) csrrs   tp, frm, zero
core   0: 1 0x000000008000544e (0x00202273) x4  0x0000000000000000
core   0: 0x0000000080005452 (0xc220fd53) fcvt.l.d s10, ft1
core   0: 1 0x0000000080005452 (0xc220fd53) c1_fflags 0x000000000000001e x26 0x7fffffffffffffff
core   0: 0x0000000080005456 (0x41f25a1b) sraiw   s4, tp, 31
core   0: 1 0x0000000080005456 (0x41f25a1b) x20 0x0000000000000000
core   0: 0x000000008000545a (0x40197f53) fcvt.s.d ft10, fs2
core   0: 1 0x000000008000545a (0x40197f53) f30 0xffffffff7fc00000
core   0: 0x000000008000545e (0x001a1af3) csrrw   s5, fflags, s4
core   0: 1 0x000000008000545e (0x001a1af3) x21 0x000000000000001e c1_fflags 0x0000000000000000
core   0: 0x0000000080005462 (0xc025f3d3) fcvt.l.s t2, fa1
core   0: 1 0x0000000080005462 (0xc025f3d3) c1_fflags 0x0000000000000010 x7  0x7fffffffffffffff
core   0: 0x0000000080005466 (0x41365633) sra     a2, a2, s3
core   0: 1 0x0000000080005466 (0x41365633) x12 0xffffffffffffffff
core   0: 0x000000008000546a (0xd02b7553) fcvt.s.l fa0, s6
core   0: 1 0x000000008000546a (0xd02b7553) f10 0xffffffffc552a000
core   0: 0x000000008000546e (0x00555713) srli    a4, a0, 5
core   0: 1 0x000000008000546e (0x00555713) x14 0x0000000000000000
core   0: 0x0000000080005472 (0xf20606d3) fmv.d.x fa3, a2
core   0: 1 0x0000000080005472 (0xf20606d3) f13 0xffffffffffffffff
core   0: 0x0000000080005476 (0x401c529b) sraiw   t0, s8, 1
core   0: 1 0x0000000080005476 (0x401c529b) x5  0x0000000000000000
core   0: 0x000000008000547a (0x02abcd3b) divw    s10, s7, a0
core   0: 1 0x000000008000547a (0x02abcd3b) x26 0xffffffffffffffff
core   0: 0x000000008000547e (0x0391fad3) fadd.d  fs5, ft3, fs9
core   0: 1 0x000000008000547e (0x0391fad3) f21 0x7ff8000000000000
core   0: 0x0000000080005482 (0xfecc5537) lui     a0, 0xfecc5
core   0: 1 0x0000000080005482 (0xfecc5537) x10 0xfffffffffecc5000
core   0: 0x0000000080005486 (0x1195051b) addiw   a0, a0, 281
core   0: 1 0x0000000080005486 (0x1195051b) x10 0xfffffffffecc5119
core   0: 0x000000008000548a (0x00000532) c.slli  a0, 12
core   0: 1 0x000000008000548a (0x0532) x10 0xffffffecc5119000
core   0: 0x000000008000548c (0x05c50513) addi    a0, a0, 92
core   0: 1 0x000000008000548c (0x05c50513) x10 0xffffffecc511905c
core   0: 0x0000000080005490 (0x401f7553) fcvt.s.d fa0, ft10
core   0: 1 0x0000000080005490 (0x401f7553) f10 0xffffffff7fc00000
core   0: 0x0000000080005494 (0x8005f993) andi    s3, a1, -2048
core   0: 1 0x0000000080005494 (0x8005f993) x19 0xfffffffffffff800
core   0: 0x0000000080005498 (0x031555bb) divuw   a1, a0, a7
core   0: 1 0x0000000080005498 (0x031555bb) x11 0xffffffffffffffff
core   0: 0x000000008000549c (0x40075613) srai    a2, a4, 0
core   0: 1 0x000000008000549c (0x40075613) x12 0x0000000000000000
core   0: 0x00000000800054a0 (0x40408ab3) sub     s5, ra, tp
core   0: 1 0x00000000800054a0 (0x40408ab3) x21 0x000000008000601e
core   0: 0x00000000800054a4 (0x2bcc10d3) fmax.d  ft1, fs8, ft8
core   0: 1 0x00000000800054a4 (0x2bcc10d3) f1  0x7ff8000000000000
core   0: 0x00000000800054a8 (0x0214eeb3) rem     t4, s1, ra
core   0: 1 0x00000000800054a8 (0x0214eeb3) x29 0x0000000000000000
core   0: 0x00000000800054ac (0x00000001) c.nop
core   0: 1 0x00000000800054ac (0x0001)
core   0: 0x00000000800054ae (0x2a8b8253) fmin.d  ft4, fs7, fs0
core   0: 1 0x00000000800054ae (0x2a8b8253) f4  0x0000000000000000
core   0: 0x00000000800054b2 (0x00448d3b) addw    s10, s1, tp
core   0: 1 0x00000000800054b2 (0x00448d3b) x26 0x0000000000000000
core   0: 0x00000000800054b6 (0x01ad063b) addw    a2, s10, s10
core   0: 1 0x00000000800054b6 (0x01ad063b) x12 0x0000000000000000
core   0: 0x00000000800054ba (0x028862bb) remw    t0, a6, s0
core   0: 1 0x00000000800054ba (0x028862bb) x5  0x0000000000000000
core   0: 0x00000000800054be (0x22dba453) fsgnjx.d fs0, fs7, fa3
core   0: 1 0x00000000800054be (0x22dba453) f8  0x7fffffff47100000
core   0: 0x00000000800054c2 (0x22a514d3) fsgnjn.d fs1, fa0, fa0
core   0: 1 0x00000000800054c2 (0x22a514d3) f9  0x7fffffff7fc00000
core   0: 0x00000000800054c6 (0x41520233) sub     tp, tp, s5
core   0: 1 0x00000000800054c6 (0x41520233) x4  0xffffffff7fff9fe2
core   0: 0x00000000800054ca (0x01a206b3) add     a3, tp, s10
core   0: 1 0x00000000800054ca (0x01a206b3) x13 0xffffffff7fff9fe2
core   0: 0x00000000800054ce (0xd20800d3) fcvt.d.w ft1, a6
core   0: 1 0x00000000800054ce (0xd20800d3) f1  0x4038000000000000
core   0: 0x00000000800054d2 (0x401a7a53) fcvt.s.d fs4, fs4
core   0: 1 0x00000000800054d2 (0x401a7a53) f20 0xffffffff7fc00000
core   0: 0x00000000800054d6 (0x000e09bb) addw    s3, t3, zero
core   0: 1 0x00000000800054d6 (0x000e09bb) x19 0x0000000000000001
core   0: 0x00000000800054da (0xc030fdd3) fcvt.lu.s s11, ft1
core   0: 1 0x00000000800054da (0xc030fdd3) c1_fflags 0x0000000000000010 x27 0xffffffffffffffff
core   0: 0x00000000800054de (0x038c6533) rem     a0, s8, s8
core   0: 1 0x00000000800054de (0x038c6533) x10 0x0000000000000000
core   0: 0x00000000800054e2 (0x402d5cb3) sra     s9, s10, sp
core   0: 1 0x00000000800054e2 (0x402d5cb3) x25 0x0000000000000000
core   0: 0x00000000800054e6 (0x22e71753) fsgnjn.d fa4, fa4, fa4
core   0: 1 0x00000000800054e6 (0x22e71753) f14 0x8000000000000000
core   0: 0x00000000800054ea (0x400cda93) srai    s5, s9, 0
core   0: 1 0x00000000800054ea (0x400cda93) x21 0x0000000000000000
core   0: 0x00000000800054ee (0x01acd9b3) srl     s3, s9, s10
core   0: 1 0x00000000800054ee (0x01acd9b3) x19 0x0000000000000000
core   0: 0x00000000800054f2 (0xc2733537) lui     a0, 0xc2733
core   0: 1 0x00000000800054f2 (0xc2733537) x10 0xffffffffc2733000
core   0: 0x00000000800054f6 (0x144d1373) csrrw   t1, sip, s10
core   0: 1 0x00000000800054f6 (0x144d1373) x6  0x0000000000000000 c836_mip 0x0000000000000080
core   0: 0x00000000800054fa (0x00159473) csrrw   s0, fflags, a1
core   0: 1 0x00000000800054fa (0x00159473) x8  0x0000000000000010 c1_fflags 0x000000000000001f
core   0: 0x00000000800054fe (0x01086eb3) or      t4, a6, a6
core   0: 1 0x00000000800054fe (0x01086eb3) x29 0x0000000000000018
core   0: 0x0000000080005502 (0xd2080c53) fcvt.d.w fs8, a6
core   0: 1 0x0000000080005502 (0xd2080c53) f24 0x4038000000000000
core   0: 0x0000000080005506 (0x41d686bb) subw    a3, a3, t4
core   0: 1 0x0000000080005506 (0x41d686bb) x13 0x000000007fff9fca
core   0: 0x000000008000550a (0x00000001) c.nop
core   0: 1 0x000000008000550a (0x0001)
core   0: 0x000000008000550c (0x01605eb3) srl     t4, zero, s6
core   0: 1 0x000000008000550c (0x01605eb3) x29 0x0000000000000000
core   0: 0x0000000080005510 (0xc9de8193) addi    gp, t4, -867
core   0: 1 0x0000000080005510 (0xc9de8193) x3  0xfffffffffffffc9d
core   0: 0x0000000080005514 (0xd20602d3) fcvt.d.w ft5, a2
core   0: 1 0x0000000080005514 (0xd20602d3) f5  0x0000000000000000
core   0: 0x0000000080005518 (0x02299113) slli    sp, s3, 34
core   0: 1 0x0000000080005518 (0x02299113) x2  0x0000000000000000
core   0: 0x000000008000551c (0x00000001) c.nop
core   0: 1 0x000000008000551c (0x0001)
core   0: 0x000000008000551e (0xd035f1d3) fcvt.s.lu ft3, a1
core   0: 1 0x000000008000551e (0xd035f1d3) c1_fflags 0x000000000000001f f3  0xffffffff5f800000
core   0: 0x0000000080005522 (0xc0297dd3) fcvt.l.s s11, fs2
core   0: 1 0x0000000080005522 (0xc0297dd3) c1_fflags 0x000000000000001f x27 0x7fffffffffffffff
core   0: 0x0000000080005526 (0x003ae1b3) or      gp, s5, gp
core   0: 1 0x0000000080005526 (0x003ae1b3) x3  0xfffffffffffffc9d
core   0: 0x000000008000552a (0xd20c81d3) fcvt.d.w ft3, s9
core   0: 1 0x000000008000552a (0xd20c81d3) f3  0x0000000000000000
core   0: 0x000000008000552e (0x403e0433) sub     s0, t3, gp
core   0: 1 0x000000008000552e (0x403e0433) x8  0x0000000000000364
core   0: 0x0000000080005532 (0x00102c73) csrrs   s8, fflags, zero
core   0: 1 0x0000000080005532 (0x00102c73) x24 0x000000000000001f
core   0: 0x0000000080005536 (0x001a9393) slli    t2, s5, 1
core   0: 1 0x0000000080005536 (0x001a9393) x7  0x0000000000000000
core   0: 0x000000008000553a (0xd2030653) fcvt.d.w fa2, t1
core   0: 1 0x000000008000553a (0xd2030653) f12 0x0000000000000000
core   0: 0x000000008000553e (0xc20df553) fcvt.w.d a0, fs11
core   0: 1 0x000000008000553e (0xc20df553) x10 0x0000000000000000
core   0: 0x0000000080005542 (0x22cc1153) fsgnjn.d ft2, fs8, fa2
core   0: 1 0x0000000080005542 (0x22cc1153) f2  0xc038000000000000
core   0: 0x0000000080005546 (0x2a7f8353) fmin.d  ft6, ft11, ft7
core   0: 1 0x0000000080005546 (0x2a7f8353) f6  0x4068600000000000
core   0: 0x000000008000554a (0x0375f1d3) fadd.d  ft3, fa1, fs7
core   0: 1 0x000000008000554a (0x0375f1d3) f3  0x7ff8000000000000
core   0: 0x000000008000554e (0xc00132f3) csrrc   t0, cycle, sp
core   0: exception trap_illegal_instruction, epc 0x000000008000554e
core   0:           tval 0x00000000c00132f3
core   0: >>>>  $xrv64i2p1_m2p0_a2p1_f2p2_d2p2_zicsr2p0_zifencei2p0_zmmul1p0_zba1p0_zbb1p0_zbc1p0_zbs1p0
core   0: 0x0000000080004000 (0x0080006f) j       pc + 0x8
core   0: 3 0x0000000080004000 (0x0080006f)
core   0: >>>>  mmode_exception_handler
core   0: 0x0000000080004008 (0x00002c17) auipc   s8, 0x2
core   0: 3 0x0000000080004008 (0x00002c17) x24 0x0000000080006008
core   0: 0x000000008000400c (0x016c0c13) addi    s8, s8, 22
core   0: 3 0x000000008000400c (0x016c0c13) x24 0x000000008000601e
core   0: 0x0000000080004010 (0x000c00e7) jalr    s8
core   0: 3 0x0000000080004010 (0x000c00e7) x1  0x0000000080004014
core   0: >>>>  any_handler
core   0: 0x000000008000601e (0x341027f3) csrrs   a5, mepc, zero
core   0: 3 0x000000008000601e (0x341027f3) x15 0x000000008000554e
core   0: 0x0000000080006022 (0x34202773) csrrs   a4, mcause, zero
core   0: 3 0x0000000080006022 (0x34202773) x14 0x0000000000000002
core   0: 0x0000000080006026 (0x142026f3) csrrs   a3, scause, zero
core   0: 3 0x0000000080006026 (0x142026f3) x13 0x0000000000000003
core   0: 0x000000008000602a (0x30402673) csrrs   a2, mie, zero
core   0: 3 0x000000008000602a (0x30402673) x12 0x0000000000000a00
core   0: 0x000000008000602e (0x344025f3) csrrs   a1, mip, zero
core   0: 3 0x000000008000602e (0x344025f3) x11 0x0000000000000080
core   0: 0x0000000080006032 (0x343025f3) csrrs   a1, mtval, zero
core   0: 3 0x0000000080006032 (0x343025f3) x11 0x00000000c00132f3
core   0: 0x0000000080006036 (0x14302573) csrrs   a0, stval, zero
core   0: 3 0x0000000080006036 (0x14302573) x10 0x0000000000000000
core   0: 0x000000008000603a (0xb02024f3) csrrs   s1, minstret, zero
core   0: 3 0x000000008000603a (0xb02024f3) x9  0x0000000000000f69
core   0: 0x000000008000603e (0x0000a811) c.j     pc + 20
core   0: 3 0x000000008000603e (0xa811)
core   0: >>>>  mepc_4
core   0: 0x0000000080006052 (0x00000791) c.addi  a5, 4
core   0: 3 0x0000000080006052 (0x0791) x15 0x0000000080005552
core   0: 0x0000000080006054 (0x34179073) csrrw   zero, mepc, a5
core   0: 3 0x0000000080006054 (0x34179073) c833_mepc 0x0000000080005552
core   0: 0x0000000080006058 (0x30200073) mret
core   0: 3 0x0000000080006058 (0x30200073) c768_mstatus 0x8000000a00106080
core   0: 0x0000000080005552 (0x004dd033) srl     zero, s11, tp
core   0: 1 0x0000000080005552 (0x004dd033)
core   0: 0x0000000080005556 (0x000e4d33) xor     s10, t3, zero
core   0: 1 0x0000000080005556 (0x000e4d33) x26 0x0000000000000001
core   0: 0x000000008000555a (0x0006de1b) srliw   t3, a3, 0
core   0: 1 0x000000008000555a (0x0006de1b) x28 0x0000000000000003
core   0: 0x000000008000555e (0x002d11f3) csrrw   gp, frm, s10
core   0: 1 0x000000008000555e (0x002d11f3) x3  0x0000000000000000 c2_frm 0x0000000000000001
core   0: 0x0000000080005562 (0xc203f953) fcvt.w.d s2, ft7
core   0: 1 0x0000000080005562 (0xc203f953) x18 0x00000000000000c3
core   0: 0x0000000080005566 (0xab461417) auipc   s0, 0xab461
core   0: 1 0x0000000080005566 (0xab461417) x8  0x000000002b466566
core   0: 0x000000008000556a (0xc03c7d53) fcvt.lu.s s10, fs8
core   0: 1 0x000000008000556a (0xc03c7d53) c1_fflags 0x000000000000001f x26 0xffffffffffffffff
core   0: 0x000000008000556e (0x00e41733) sll     a4, s0, a4
core   0: 1 0x000000008000556e (0x00e41733) x14 0x00000000ad199598
core   0: 0x0000000080005572 (0x0113d7bb) srlw    a5, t2, a7
core   0: 1 0x0000000080005572 (0x0113d7bb) x15 0x0000000000000000
core   0: 0x0000000080005576 (0x00000001) c.nop
core   0: 1 0x0000000080005576 (0x0001)
core   0: 0x0000000080005578 (0x2b340f53) fmin.d  ft10, fs0, fs3
core   0: 1 0x0000000080005578 (0x2b340f53) f30 0x7ff8000000000000
core   0: 0x000000008000557c (0xf758eb37) lui     s6, 0xf758e
core   0: 1 0x000000008000557c (0xf758eb37) x22 0xfffffffff758e000
core   0: 0x0000000080005580 (0x0073fab3) and     s5, t2, t2
core   0: 1 0x0000000080005580 (0x0073fab3) x21 0x0000000000000000
core   0: 0x0000000080005584 (0xd223fed3) fcvt.d.l ft9, t2
core   0: 1 0x0000000080005584 (0xd223fed3) f29 0x0000000000000000
core   0: 0x0000000080005588 (0xd5be8e9b) addiw   t4, t4, -677
core   0: 1 0x0000000080005588 (0xd5be8e9b) x29 0xfffffffffffffd5b
core   0: 0x000000008000558c (0x016b1333) sll     t1, s6, s6
core   0: 1 0x000000008000558c (0x016b1333) x6  0xfffffffff758e000
core   0: 0x0000000080005590 (0xa3398a53) fle.d   s4, fs3, fs3
core   0: 1 0x0000000080005590 (0xa3398a53) c1_fflags 0x000000000000001f x20 0x0000000000000000
core   0: 0x0000000080005594 (0x34055173) csrrwi  sp, mscratch, 10
core   0: exception trap_illegal_instruction, epc 0x0000000080005594
core   0:           tval 0x0000000034055173
core   0: >>>>  $xrv64i2p1_m2p0_a2p1_f2p2_d2p2_zicsr2p0_zifencei2p0_zmmul1p0_zba1p0_zbb1p0_zbc1p0_zbs1p0
core   0: 0x0000000080004000 (0x0080006f) j       pc + 0x8
core   0: 3 0x0000000080004000 (0x0080006f)
core   0: >>>>  mmode_exception_handler
core   0: 0x0000000080004008 (0x00002c17) auipc   s8, 0x2
core   0: 3 0x0000000080004008 (0x00002c17) x24 0x0000000080006008
core   0: 0x000000008000400c (0x016c0c13) addi    s8, s8, 22
core   0: 3 0x000000008000400c (0x016c0c13) x24 0x000000008000601e
core   0: 0x0000000080004010 (0x000c00e7) jalr    s8
core   0: 3 0x0000000080004010 (0x000c00e7) x1  0x0000000080004014
core   0: >>>>  any_handler
core   0: 0x000000008000601e (0x341027f3) csrrs   a5, mepc, zero
core   0: 3 0x000000008000601e (0x341027f3) x15 0x0000000080005594
core   0: 0x0000000080006022 (0x34202773) csrrs   a4, mcause, zero
core   0: 3 0x0000000080006022 (0x34202773) x14 0x0000000000000002
core   0: 0x0000000080006026 (0x142026f3) csrrs   a3, scause, zero
core   0: 3 0x0000000080006026 (0x142026f3) x13 0x0000000000000003
core   0: 0x000000008000602a (0x30402673) csrrs   a2, mie, zero
core   0: 3 0x000000008000602a (0x30402673) x12 0x0000000000000a00
core   0: 0x000000008000602e (0x344025f3) csrrs   a1, mip, zero
core   0: 3 0x000000008000602e (0x344025f3) x11 0x0000000000000080
core   0: 0x0000000080006032 (0x343025f3) csrrs   a1, mtval, zero
core   0: 3 0x0000000080006032 (0x343025f3) x11 0x0000000034055173
core   0: 0x0000000080006036 (0x14302573) csrrs   a0, stval, zero
core   0: 3 0x0000000080006036 (0x14302573) x10 0x0000000000000000
core   0: 0x000000008000603a (0xb02024f3) csrrs   s1, minstret, zero
core   0: 3 0x000000008000603a (0xb02024f3) x9  0x0000000000000f8a
core   0: 0x000000008000603e (0x0000a811) c.j     pc + 20
core   0: 3 0x000000008000603e (0xa811)
core   0: >>>>  mepc_4
core   0: 0x0000000080006052 (0x00000791) c.addi  a5, 4
core   0: 3 0x0000000080006052 (0x0791) x15 0x0000000080005598
core   0: 0x0000000080006054 (0x34179073) csrrw   zero, mepc, a5
core   0: 3 0x0000000080006054 (0x34179073) c833_mepc 0x0000000080005598
core   0: 0x0000000080006058 (0x30200073) mret
core   0: 3 0x0000000080006058 (0x30200073) c768_mstatus 0x8000000a00106080
core   0: 0x0000000080005598 (0x00000001) c.nop
core   0: 1 0x0000000080005598 (0x0001)
core   0: 0x000000008000559a (0x006ad43b) srlw    s0, s5, t1
core   0: 1 0x000000008000559a (0x006ad43b) x8  0x0000000000000000
core   0: 0x000000008000559e (0x02210d3b) mulw    s10, sp, sp
core   0: 1 0x000000008000559e (0x02210d3b) x26 0x0000000000000000
core   0: 0x00000000800055a2 (0x41a989bb) subw    s3, s3, s10
core   0: 1 0x00000000800055a2 (0x41a989bb) x19 0x0000000000000000
core   0: 0x00000000800055a6 (0x01ac3233) sltu    tp, s8, s10
core   0: 1 0x00000000800055a6 (0x01ac3233) x4  0x0000000000000000
core   0: 0x00000000800055aa (0xf20987d3) fmv.d.x fa5, s3
core   0: 1 0x00000000800055aa (0xf20987d3) f15 0x0000000000000000
core   0: 0x00000000800055ae (0x01820ab3) add     s5, tp, s8
core   0: 1 0x00000000800055ae (0x01820ab3) x21 0x000000008000601e
core   0: 0x00000000800055b2 (0x00021c9b) slliw   s9, tp, 0
core   0: 1 0x00000000800055b2 (0x00021c9b) x25 0x0000000000000000
core   0: 0x00000000800055b6 (0x031545bb) divw    a1, a0, a7
core   0: 1 0x00000000800055b6 (0x031545bb) x11 0xffffffffffffffff
core   0: 0x00000000800055ba (0x411bdbb3) sra     s7, s7, a7
core   0: 1 0x00000000800055ba (0x411bdbb3) x23 0x7fffffffffffffff
core   0: 0x00000000800055be (0x414a053b) subw    a0, s4, s4
core   0: 1 0x00000000800055be (0x414a053b) x10 0x0000000000000000
core   0: 0x00000000800055c2 (0x0260e333) rem     t1, ra, t1
core   0: 1 0x00000000800055c2 (0x0260e333) x6  0x0000000006dc8014
core   0: 0x00000000800055c6 (0x01fe9e1b) slliw   t3, t4, 31
core   0: 1 0x00000000800055c6 (0x01fe9e1b) x28 0xffffffff80000000
core   0: 0x00000000800055ca (0x10515c73) csrrwi  s8, stvec, 2
core   0: 1 0x00000000800055ca (0x10515c73) x24 0x0000000000000000 c261_stvec 0x0000000000000000
core   0: 0x00000000800055ce (0x00102873) csrrs   a6, fflags, zero
core   0: 1 0x00000000800055ce (0x00102873) x16 0x000000000000001f
core   0: 0x00000000800055d2 (0x033a6833) rem     a6, s4, s3
core   0: 1 0x00000000800055d2 (0x033a6833) x16 0x0000000000000000
core   0: 0x00000000800055d6 (0xc205f453) fcvt.w.d s0, fa1
core   0: 1 0x00000000800055d6 (0xc205f453) x8  0x0000000000000000
core   0: 0x00000000800055da (0x2acc4793) xori    a5, s8, 684
core   0: 1 0x00000000800055da (0x2acc4793) x15 0x00000000000002ac
core   0: 0x00000000800055de (0x02d6563b) divuw   a2, a2, a3
core   0: 1 0x00000000800055de (0x02d6563b) x12 0x0000000000000355
core   0: 0x00000000800055e2 (0x001024f3) csrrs   s1, fflags, zero
core   0: 1 0x00000000800055e2 (0x001024f3) x9  0x000000000000001f
core   0: 0x00000000800055e6 (0x00202a73) csrrs   s4, frm, zero
core   0: 1 0x00000000800055e6 (0x00202a73) x20 0x0000000000000001
core   0: 0x00000000800055ea (0x03fbd813) srli    a6, s7, 63
core   0: 1 0x00000000800055ea (0x03fbd813) x16 0x0000000000000000
core   0: 0x00000000800055ee (0xfbaffab7) lui     s5, 0xfbaff
core   0: 1 0x00000000800055ee (0xfbaffab7) x21 0xfffffffffbaff000
core   0: 0x00000000800055f2 (0x79fa8a9b) addiw   s5, s5, 1951
core   0: 1 0x00000000800055f2 (0x79fa8a9b) x21 0xfffffffffbaff79f
core   0: 0x00000000800055f6 (0x00000ab2) c.slli  s5, 12
core   0: 1 0x00000000800055f6 (0x0ab2) x21 0xffffffbaff79f000
core   0: 0x00000000800055f8 (0x039a8a93) addi    s5, s5, 57
core   0: 1 0x00000000800055f8 (0x039a8a93) x21 0xffffffbaff79f039
core   0: 0x00000000800055fc (0x5a067653) fsqrt.d fa2, fa2
core   0: 1 0x00000000800055fc (0x5a067653) f12 0x0000000000000000
core   0: 0x0000000080005600 (0x000d9d93) slli    s11, s11, 0
core   0: 1 0x0000000080005600 (0x000d9d93) x27 0x7fffffffffffffff
core   0: 0x0000000080005604 (0x00000001) c.nop
core   0: 1 0x0000000080005604 (0x0001)
core   0: 0x0000000080005606 (0x00c44cb3) xor     s9, s0, a2
core   0: 1 0x0000000080005606 (0x00c44cb3) x25 0x0000000000000355
core   0: 0x000000008000560a (0x03e8ff53) fadd.d  ft10, fa7, ft10
core   0: 1 0x000000008000560a (0x03e8ff53) f30 0x7ff8000000000000
core   0: 0x000000008000560e (0xd03df053) fcvt.s.lu ft0, s11
core   0: 1 0x000000008000560e (0xd03df053) c1_fflags 0x000000000000001f f0  0xffffffff5effffff
core   0: 0x0000000080005612 (0x039cf4b3) remu    s1, s9, s9
core   0: 1 0x0000000080005612 (0x039cf4b3) x9  0x0000000000000000
core   0: 0x0000000080005616 (0x3c02061b) addiw   a2, tp, 960
core   0: 1 0x0000000080005616 (0x3c02061b) x12 0x00000000000003c0
core   0: 0x000000008000561a (0x227d23d3) fsgnjx.d ft7, fs10, ft7
core   0: 1 0x000000008000561a (0x227d23d3) f7  0x7ff8000000000000
core   0: 0x000000008000561e (0x2baa8653) fmin.d  fa2, fs5, fs10
core   0: 1 0x000000008000561e (0x2baa8653) f12 0x7ff8000000000000
core   0: 0x0000000080005622 (0x0000909a) c.add   ra, t1
core   0: 1 0x0000000080005622 (0x909a) x1  0x0000000086dcc028
core   0: 0x0000000080005624 (0x020c3233) mulhu   tp, s8, zero
core   0: 1 0x0000000080005624 (0x020c3233) x4  0x0000000000000000
core   0: 0x0000000080005628 (0x42dc5d93) srai    s11, s8, 45
core   0: 1 0x0000000080005628 (0x42dc5d93) x27 0x0000000000000000
core   0: 0x000000008000562c (0x4108523b) sraw    tp, a6, a6
core   0: 1 0x000000008000562c (0x4108523b) x4  0x0000000000000000
core   0: 0x0000000080005630 (0xd21300d3) fcvt.d.wu ft1, t1
core   0: 1 0x0000000080005630 (0xd21300d3) f1  0x419b720050000000
core   0: 0x0000000080005634 (0xd2030953) fcvt.d.w fs2, t1
core   0: 1 0x0000000080005634 (0xd2030953) f18 0x419b720050000000
core   0: 0x0000000080005638 (0x225b14d3) fsgnjn.d fs1, fs6, ft5
core   0: 1 0x0000000080005638 (0x225b14d3) f9  0xfff8000000000000
core   0: 0x000000008000563c (0x28ccd037) lui     zero, 0x28ccd
core   0: 1 0x000000008000563c (0x28ccd037)
core   0: 0x0000000080005640 (0xa2528653) fle.d   a2, ft5, ft5
core   0: 1 0x0000000080005640 (0xa2528653) x12 0x0000000000000001
core   0: 0x0000000080005644 (0x22549a53) fsgnjn.d fs4, fs1, ft5
core   0: 1 0x0000000080005644 (0x22549a53) f20 0xfff8000000000000
core   0: 0x0000000080005648 (0x1bdef153) fdiv.d  ft2, ft9, ft9
core   0: 1 0x0000000080005648 (0x1bdef153) c1_fflags 0x000000000000001f f2  0x7ff8000000000000
core   0: 0x000000008000564c (0x000e9513) slli    a0, t4, 0
core   0: 1 0x000000008000564c (0x000e9513) x10 0xfffffffffffffd5b
core   0: 0x0000000080005650 (0x41bdddb3) sra     s11, s11, s11
core   0: 1 0x0000000080005650 (0x41bdddb3) x27 0x0000000000000000
core   0: 0x0000000080005654 (0x3dab8a9b) addiw   s5, s7, 986
core   0: 1 0x0000000080005654 (0x3dab8a9b) x21 0x00000000000003d9
core   0: 0x0000000080005658 (0x00171c73) csrrw   s8, fflags, a4
core   0: 1 0x0000000080005658 (0x00171c73) x24 0x000000000000001f c1_fflags 0x0000000000000002
core   0: 0x000000008000565c (0x0252e2b3) rem     t0, t0, t0
core   0: 1 0x000000008000565c (0x0252e2b3) x5  0x0000000000000000
core   0: 0x0000000080005660 (0x409cdc9b) sraiw   s9, s9, 9
core   0: 1 0x0000000080005660 (0x409cdc9b) x25 0x0000000000000001
core   0: 0x0000000080005664 (0x4014d613) srai    a2, s1, 1
core   0: 1 0x0000000080005664 (0x4014d613) x12 0x0000000000000000
core   0: 0x0000000080005668 (0x06a66e93) ori     t4, a2, 106
core   0: 1 0x0000000080005668 (0x06a66e93) x29 0x000000000000006a
core   0: 0x000000008000566c (0x5a077d53) fsqrt.d fs10, fa4
core   0: 1 0x000000008000566c (0x5a077d53) f26 0x8000000000000000
core   0: 0x0000000080005670 (0x41d1d8b3) sra     a7, gp, t4
core   0: 1 0x0000000080005670 (0x41d1d8b3) x17 0x0000000000000000
core   0: 0x0000000080005674 (0x0ff0000f) fence   iorw,iorw
core   0: 1 0x0000000080005674 (0x0ff0000f)
core   0: 0x0000000080005678 (0x23641553) fsgnjn.d fa0, fs0, fs6
core   0: 1 0x0000000080005678 (0x23641553) f10 0xffffffff47100000
core   0: 0x000000008000567c (0x03128a33) mul     s4, t0, a7
core   0: 1 0x000000008000567c (0x03128a33) x20 0x0000000000000000
core   0: 0x0000000080005680 (0x0017a2b3) slt     t0, a5, ra
core   0: 1 0x0000000080005680 (0x0017a2b3) x5  0x0000000000000001
core   0: 0x0000000080005684 (0x7ffa8d93) addi    s11, s5, 2047
core   0: 1 0x0000000080005684 (0x7ffa8d93) x27 0x0000000000000bd8
core   0: 0x0000000080005688 (0x0236abb3) mulhsu  s7, a3, gp
core   0: 1 0x0000000080005688 (0x0236abb3) x23 0x0000000000000000
core   0: 0x000000008000568c (0x0206663b) remw    a2, a2, zero
core   0: 1 0x000000008000568c (0x0206663b) x12 0x0000000000000000
core   0: 0x0000000080005690 (0x4004803b) subw    zero, s1, zero
core   0: 1 0x0000000080005690 (0x4004803b)
core   0: 0x0000000080005694 (0xc209f153) fcvt.w.d sp, fs3
core   0: 1 0x0000000080005694 (0xc209f153) c1_fflags 0x0000000000000012 x2  0x000000007fffffff
core   0: 0x0000000080005698 (0xd20d8c53) fcvt.d.w fs8, s11
core   0: 1 0x0000000080005698 (0xd20d8c53) f24 0x40a7b00000000000
core   0: 0x000000008000569c (0x40810833) sub     a6, sp, s0
core   0: 1 0x000000008000569c (0x40810833) x16 0x000000007fffffff
core   0: 0x00000000800056a0 (0xc3f6f6cf) fnmadd.d fa3, fa3, ft11, fs8
core   0: 1 0x00000000800056a0 (0xc3f6f6cf) f13 0x7ff8000000000000
core   0: 0x00000000800056a4 (0x90ec8b9b) addiw   s7, s9, -1778
core   0: 1 0x00000000800056a4 (0x90ec8b9b) x23 0xfffffffffffff90f
core   0: 0x00000000800056a8 (0xc03878d3) fcvt.lu.s a7, fa6
core   0: 1 0x00000000800056a8 (0xc03878d3) c1_fflags 0x0000000000000012 x17 0xffffffffffffffff
core   0: 0x00000000800056ac (0x41395dbb) sraw    s11, s2, s3
core   0: 1 0x00000000800056ac (0x41395dbb) x27 0x00000000000000c3
core   0: 0x00000000800056b0 (0x025da0b3) mulhsu  ra, s11, t0
core   0: 1 0x00000000800056b0 (0x025da0b3) x1  0x0000000000000000
core   0: 0x00000000800056b4 (0xc210fcd3) fcvt.wu.d s9, ft1
core   0: 1 0x00000000800056b4 (0xc210fcd3) x25 0x0000000006dc8014
core   0: 0x00000000800056b8 (0x8b197dc7) fmsub.d fs11, fs2, fa7, fa7
core   0: 1 0x00000000800056b8 (0x8b197dc7) f27 0x7ff8000000000000
core   0: 0x00000000800056bc (0xd2060fd3) fcvt.d.w ft11, a2
core   0: 1 0x00000000800056bc (0xd2060fd3) f31 0x0000000000000000
core   0: 0x00000000800056c0 (0x0015d5bb) srlw    a1, a1, ra
core   0: 1 0x00000000800056c0 (0x0015d5bb) x11 0xffffffffffffffff
core   0: 0x00000000800056c4 (0xf2058453) fmv.d.x fs0, a1
core   0: 1 0x00000000800056c4 (0xf2058453) f8  0xffffffffffffffff
core   0: 0x00000000800056c8 (0x02f586bb) mulw    a3, a1, a5
core   0: 1 0x00000000800056c8 (0x02f586bb) x13 0xfffffffffffffd54
core   0: 0x00000000800056cc (0x420a0e53) fcvt.d.s ft8, fs4
core   0: 1 0x00000000800056cc (0x420a0e53) f28 0x7ff8000000000000
core   0: 0x00000000800056d0 (0x03c7f9d3) fadd.d  fs3, fa5, ft8
core   0: 1 0x00000000800056d0 (0x03c7f9d3) f19 0x7ff8000000000000
core   0: 0x00000000800056d4 (0x4060503b) sraw    zero, zero, t1
core   0: 1 0x00000000800056d4 (0x4060503b)
core   0: 0x00000000800056d8 (0xc209f453) fcvt.w.d s0, fs3
core   0: 1 0x00000000800056d8 (0xc209f453) c1_fflags 0x0000000000000012 x8  0x000000007fffffff
core   0: 0x00000000800056dc (0x04669937) lui     s2, 0x4669
core   0: 1 0x00000000800056dc (0x04669937) x18 0x0000000004669000
core   0: 0x00000000800056e0 (0xc359091b) addiw   s2, s2, -971
core   0: 1 0x00000000800056e0 (0xc359091b) x18 0x0000000004668c35
core   0: 0x00000000800056e4 (0x00000932) c.slli  s2, 12
core   0: 1 0x00000000800056e4 (0x0932) x18 0x0000004668c35000
core   0: 0x00000000800056e6 (0x97790913) addi    s2, s2, -1673
core   0: 1 0x00000000800056e6 (0x97790913) x18 0x0000004668c34977
core   0: 0x00000000800056ea (0x408406b3) sub     a3, s0, s0
core   0: 1 0x00000000800056ea (0x408406b3) x13 0x0000000000000000
core   0: 0x00000000800056ee (0xd03b7353) fcvt.s.lu ft6, s6
core   0: 1 0x00000000800056ee (0xd03b7353) c1_fflags 0x0000000000000013 f6  0xffffffff5f7fffff
core   0: 0x00000000800056f2 (0x02cc8d33) mul     s10, s9, a2
core   0: 1 0x00000000800056f2 (0x02cc8d33) x26 0x0000000000000000
core   0: 0x00000000800056f6 (0x228b0453) fsgnj.d fs0, fs6, fs0
core   0: 1 0x00000000800056f6 (0x228b0453) f8  0xfff8000000000000
core   0: 0x00000000800056fa (0x10c8e7b7) lui     a5, 0x10c8e
core   0: 1 0x00000000800056fa (0x10c8e7b7) x15 0x0000000010c8e000
core   0: 0x00000000800056fe (0x00ed6233) or      tp, s10, a4
core   0: 1 0x00000000800056fe (0x00ed6233) x4  0x0000000000000002
core   0: 0x0000000080005702 (0x2a8f0b53) fmin.d  fs6, ft10, fs0
core   0: 1 0x0000000080005702 (0x2a8f0b53) f22 0x7ff8000000000000
core   0: 0x0000000080005706 (0x03836733) rem     a4, t1, s8
core   0: 1 0x0000000080005706 (0x03836733) x14 0x000000000000001e
core   0: 0x000000008000570a (0xe20f8853) fmv.x.d a6, ft11
core   0: 1 0x000000008000570a (0xe20f8853) x16 0x0000000000000000
core   0: 0x000000008000570e (0x43ef704f) fnmadd.d ft0, ft10, ft10, fs0
core   0: 1 0x000000008000570e (0x43ef704f) f0  0x7ff8000000000000
core   0: 0x0000000080005712 (0x03dbd793) srli    a5, s7, 61
core   0: 1 0x0000000080005712 (0x03dbd793) x15 0x0000000000000007
core   0: 0x0000000080005716 (0x22701853) fsgnjn.d fa6, ft0, ft7
core   0: 1 0x0000000080005716 (0x22701853) f16 0xfff8000000000000
core   0: 0x000000008000571a (0x002216f3) csrrw   a3, frm, tp
core   0: 1 0x000000008000571a (0x002216f3) x13 0x0000000000000001 c2_frm 0x0000000000000002
core   0: 0x000000008000571e (0x01b11db3) sll     s11, sp, s11
core   0: 1 0x000000008000571e (0x01b11db3) x27 0x00000003fffffff8
core   0: 0x0000000080005722 (0x03f01813) slli    a6, zero, 63
core   0: 1 0x0000000080005722 (0x03f01813) x16 0x0000000000000000
core   0: 0x0000000080005726 (0x00f784b3) add     s1, a5, a5
core   0: 1 0x0000000080005726 (0x00f784b3) x9  0x000000000000000e
core   0: 0x000000008000572a (0x4006d493) srai    s1, a3, 0
core   0: 1 0x000000008000572a (0x4006d493) x9  0x0000000000000001
core   0: 0x000000008000572e (0xfff7b137) lui     sp, 0xfff7b
core   0: 1 0x000000008000572e (0xfff7b137) x2  0xfffffffffff7b000
core   0: 0x0000000080005732 (0x1931011b) addiw   sp, sp, 403
core   0: 1 0x0000000080005732 (0x1931011b) x2  0xfffffffffff7b193
core   0: 0x0000000080005736 (0x0000014e) c.slli  sp, 19
core   0: 1 0x0000000080005736 (0x014e) x2  0xffffffbd8c980000
core   0: 0x0000000080005738 (0xf2c10113) addi    sp, sp, -212
core   0: 1 0x0000000080005738 (0xf2c10113) x2  0xffffffbd8c97ff2c
core   0: 0x000000008000573c (0x021edeb3) divu    t4, t4, ra
core   0: 1 0x000000008000573c (0x021edeb3) x29 0xffffffffffffffff
core   0: 0x0000000080005740 (0x002b9cbb) sllw    s9, s7, sp
core   0: 1 0x0000000080005740 (0x002b9cbb) x25 0xffffffffff90f000
core   0: 0x0000000080005744 (0xf2a874c7) fmsub.d fs1, fa6, fa0, ft10
core   0: 1 0x0000000080005744 (0xf2a874c7) f9  0x7ff8000000000000
core   0: 0x0000000080005748 (0x41715b1b) sraiw   s6, sp, 23
core   0: 1 0x0000000080005748 (0x41715b1b) x22 0xffffffffffffff19
core   0: 0x000000008000574c (0x41618b3b) subw    s6, gp, s6
core   0: 1 0x000000008000574c (0x41618b3b) x22 0x00000000000000e7
core   0: 0x0000000080005750 (0xea9efb4b) fnmsub.d fs6, ft9, fs1, ft9
core   0: 1 0x0000000080005750 (0xea9efb4b) f22 0x7ff8000000000000
core   0: 0x0000000080005754 (0x003c1d3b) sllw    s10, s8, gp
core   0: 1 0x0000000080005754 (0x003c1d3b) x26 0x000000000000001f
core   0: 0x0000000080005758 (0xc810ae73) csrrs   t3, timeh, ra
core   0: exception trap_illegal_instruction, epc 0x0000000080005758
core   0:           tval 0x00000000c810ae73
core   0: >>>>  $xrv64i2p1_m2p0_a2p1_f2p2_d2p2_zicsr2p0_zifencei2p0_zmmul1p0_zba1p0_zbb1p0_zbc1p0_zbs1p0
core   0: 0x0000000080004000 (0x0080006f) j       pc + 0x8
core   0: 3 0x0000000080004000 (0x0080006f)
core   0: >>>>  mmode_exception_handler
core   0: 0x0000000080004008 (0x00002c17) auipc   s8, 0x2
core   0: 3 0x0000000080004008 (0x00002c17) x24 0x0000000080006008
core   0: 0x000000008000400c (0x016c0c13) addi    s8, s8, 22
core   0: 3 0x000000008000400c (0x016c0c13) x24 0x000000008000601e
core   0: 0x0000000080004010 (0x000c00e7) jalr    s8
core   0: 3 0x0000000080004010 (0x000c00e7) x1  0x0000000080004014
core   0: >>>>  any_handler
core   0: 0x000000008000601e (0x341027f3) csrrs   a5, mepc, zero
core   0: 3 0x000000008000601e (0x341027f3) x15 0x0000000080005758
core   0: 0x0000000080006022 (0x34202773) csrrs   a4, mcause, zero
core   0: 3 0x0000000080006022 (0x34202773) x14 0x0000000000000002
core   0: 0x0000000080006026 (0x142026f3) csrrs   a3, scause, zero
core   0: 3 0x0000000080006026 (0x142026f3) x13 0x0000000000000003
core   0: 0x000000008000602a (0x30402673) csrrs   a2, mie, zero
core   0: 3 0x000000008000602a (0x30402673) x12 0x0000000000000a00
core   0: 0x000000008000602e (0x344025f3) csrrs   a1, mip, zero
core   0: 3 0x000000008000602e (0x344025f3) x11 0x0000000000000080
core   0: 0x0000000080006032 (0x343025f3) csrrs   a1, mtval, zero
core   0: 3 0x0000000080006032 (0x343025f3) x11 0x00000000c810ae73
core   0: 0x0000000080006036 (0x14302573) csrrs   a0, stval, zero
core   0: 3 0x0000000080006036 (0x14302573) x10 0x0000000000000000
core   0: 0x000000008000603a (0xb02024f3) csrrs   s1, minstret, zero
core   0: 3 0x000000008000603a (0xb02024f3) x9  0x000000000000100d
core   0: 0x000000008000603e (0x0000a811) c.j     pc + 20
core   0: 3 0x000000008000603e (0xa811)
core   0: >>>>  mepc_4
core   0: 0x0000000080006052 (0x00000791) c.addi  a5, 4
core   0: 3 0x0000000080006052 (0x0791) x15 0x000000008000575c
core   0: 0x0000000080006054 (0x34179073) csrrw   zero, mepc, a5
core   0: 3 0x0000000080006054 (0x34179073) c833_mepc 0x000000008000575c
core   0: 0x0000000080006058 (0x30200073) mret
core   0: 3 0x0000000080006058 (0x30200073) c768_mstatus 0x8000000a00106080
core   0: 0x000000008000575c (0x40fb8b3b) subw    s6, s7, a5
core   0: 1 0x000000008000575c (0x40fb8b3b) x22 0x000000007fffa1b3
core   0: 0x0000000080005760 (0x4027571b) sraiw   a4, a4, 2
core   0: 1 0x0000000080005760 (0x4027571b) x14 0x0000000000000000
core   0: 0x0000000080005764 (0x00008246) c.mv    tp, a7
core   0: 1 0x0000000080005764 (0x8246) x4  0xffffffffffffffff
core   0: 0x0000000080005766 (0x8b78f0c3) fmadd.d ft1, fa7, fs7, fa7
core   0: 1 0x0000000080005766 (0x8b78f0c3) f1  0x7ff8000000000000
core   0: 0x000000008000576a (0x239ba753) fsgnjx.d fa4, fs7, fs9
core   0: 1 0x000000008000576a (0x239ba753) f14 0xffffffff47100000
core   0: 0x000000008000576e (0x03761113) slli    sp, a2, 55
core   0: 1 0x000000008000576e (0x03761113) x2  0x0000000000000000
core   0: 0x0000000080005772 (0x00000001) c.nop
core   0: 1 0x0000000080005772 (0x0001)
core   0: 0x0000000080005774 (0x412bdc1b) sraiw   s8, s7, 18
core   0: 1 0x0000000080005774 (0x412bdc1b) x24 0xffffffffffffffff
core   0: 0x0000000080005778 (0x405489bb) subw    s3, s1, t0
core   0: 1 0x0000000080005778 (0x405489bb) x19 0x000000000000100c
core   0: 0x000000008000577c (0x00b8d013) srli    zero, a7, 11
core   0: 1 0x000000008000577c (0x00b8d013)
core   0: 0x0000000080005780 (0x7ffb8d9b) addiw   s11, s7, 2047
core   0: 1 0x0000000080005780 (0x7ffb8d9b) x27 0x000000000000010e
core   0: 0x0000000080005784 (0xdbd0fdcf) fnmadd.d fs11, ft1, ft9, fs11
core   0: 1 0x0000000080005784 (0xdbd0fdcf) f27 0x7ff8000000000000
core   0: 0x0000000080005788 (0x00b609bb) addw    s3, a2, a1
core   0: 1 0x0000000080005788 (0x00b609bb) x19 0xffffffffc810b873
core   0: 0x000000008000578c (0x40bc83bb) subw    t2, s9, a1
core   0: 1 0x000000008000578c (0x40bc83bb) x7  0x000000003780418d
core   0: 0x0000000080005790 (0x001916f3) csrrw   a3, fflags, s2
core   0: 1 0x0000000080005790 (0x001916f3) x13 0x0000000000000013 c1_fflags 0x0000000000000017
core   0: 0x0000000080005794 (0x035b5013) srli    zero, s6, 53
core   0: 1 0x0000000080005794 (0x035b5013)
core   0: 0x0000000080005798 (0x13dafad3) fmul.d  fs5, fs5, ft9
core   0: 1 0x0000000080005798 (0x13dafad3) f21 0x7ff8000000000000
core   0: 0x000000008000579c (0x5a0b7c53) fsqrt.d fs8, fs6
core   0: 1 0x000000008000579c (0x5a0b7c53) f24 0x7ff8000000000000
core   0: 0x00000000800057a0 (0x23491a53) fsgnjn.d fs4, fs2, fs4
core   0: 1 0x00000000800057a0 (0x23491a53) f20 0x419b720050000000
core   0: 0x00000000800057a4 (0x0bb97053) fsub.d  ft0, fs2, fs11
core   0: 1 0x00000000800057a4 (0x0bb97053) f0  0x7ff8000000000000
core   0: 0x00000000800057a8 (0x01950733) add     a4, a0, s9
core   0: 1 0x00000000800057a8 (0x01950733) x14 0xffffffffff90f000
core   0: 0x00000000800057ac (0x4005581b) sraiw   a6, a0, 0
core   0: 1 0x00000000800057ac (0x4005581b) x16 0x0000000000000000
core   0: 0x00000000800057b0 (0xc23d7b53) fcvt.lu.d s6, fs10
core   0: 1 0x00000000800057b0 (0xc23d7b53) x22 0x0000000000000000
core   0: 0x00000000800057b4 (0x420585d3) fcvt.d.s fa1, fa1
core   0: 1 0x00000000800057b4 (0x420585d3) f11 0x7ff8000000000000
core   0: 0x00000000800057b8 (0x00102973) csrrs   s2, fflags, zero
core   0: 1 0x00000000800057b8 (0x00102973) x18 0x0000000000000017
core   0: 0x00000000800057bc (0x50dd8d93) addi    s11, s11, 1293
core   0: 1 0x00000000800057bc (0x50dd8d93) x27 0x000000000000061b
core   0: 0x00000000800057c0 (0x43f55293) srai    t0, a0, 63
core   0: 1 0x00000000800057c0 (0x43f55293) x5  0x0000000000000000
core   0: 0x00000000800057c4 (0x00199173) csrrw   sp, fflags, s3
core   0: 1 0x00000000800057c4 (0x00199173) x2  0x0000000000000017 c1_fflags 0x0000000000000013
core   0: 0x00000000800057c8 (0x31a1ac73) csrrs   s8, menvcfgh, gp
core   0: exception trap_illegal_instruction, epc 0x00000000800057c8
core   0:           tval 0x0000000031a1ac73
core   0: >>>>  $xrv64i2p1_m2p0_a2p1_f2p2_d2p2_zicsr2p0_zifencei2p0_zmmul1p0_zba1p0_zbb1p0_zbc1p0_zbs1p0
core   0: 0x0000000080004000 (0x0080006f) j       pc + 0x8
core   0: 3 0x0000000080004000 (0x0080006f)
core   0: >>>>  mmode_exception_handler
core   0: 0x0000000080004008 (0x00002c17) auipc   s8, 0x2
core   0: 3 0x0000000080004008 (0x00002c17) x24 0x0000000080006008
core   0: 0x000000008000400c (0x016c0c13) addi    s8, s8, 22
core   0: 3 0x000000008000400c (0x016c0c13) x24 0x000000008000601e
core   0: 0x0000000080004010 (0x000c00e7) jalr    s8
core   0: 3 0x0000000080004010 (0x000c00e7) x1  0x0000000080004014
core   0: >>>>  any_handler
core   0: 0x000000008000601e (0x341027f3) csrrs   a5, mepc, zero
core   0: 3 0x000000008000601e (0x341027f3) x15 0x00000000800057c8
core   0: 0x0000000080006022 (0x34202773) csrrs   a4, mcause, zero
core   0: 3 0x0000000080006022 (0x34202773) x14 0x0000000000000002
core   0: 0x0000000080006026 (0x142026f3) csrrs   a3, scause, zero
core   0: 3 0x0000000080006026 (0x142026f3) x13 0x0000000000000003
core   0: 0x000000008000602a (0x30402673) csrrs   a2, mie, zero
core   0: 3 0x000000008000602a (0x30402673) x12 0x0000000000000a00
core   0: 0x000000008000602e (0x344025f3) csrrs   a1, mip, zero
core   0: 3 0x000000008000602e (0x344025f3) x11 0x0000000000000080
core   0: 0x0000000080006032 (0x343025f3) csrrs   a1, mtval, zero
core   0: 3 0x0000000080006032 (0x343025f3) x11 0x0000000031a1ac73
core   0: 0x0000000080006036 (0x14302573) csrrs   a0, stval, zero
core   0: 3 0x0000000080006036 (0x14302573) x10 0x0000000000000000
core   0: 0x000000008000603a (0xb02024f3) csrrs   s1, minstret, zero
core   0: 3 0x000000008000603a (0xb02024f3) x9  0x0000000000001039
core   0: 0x000000008000603e (0x0000a811) c.j     pc + 20
core   0: 3 0x000000008000603e (0xa811)
core   0: >>>>  mepc_4
core   0: 0x0000000080006052 (0x00000791) c.addi  a5, 4
core   0: 3 0x0000000080006052 (0x0791) x15 0x00000000800057cc
core   0: 0x0000000080006054 (0x34179073) csrrw   zero, mepc, a5
core   0: 3 0x0000000080006054 (0x34179073) c833_mepc 0x00000000800057cc
core   0: 0x0000000080006058 (0x30200073) mret
core   0: 3 0x0000000080006058 (0x30200073) c768_mstatus 0x8000000a00106080
core   0: 0x00000000800057cc (0x026c17b3) mulh    a5, s8, t1
core   0: 1 0x00000000800057cc (0x026c17b3) x15 0x0000000000000000
core   0: 0x00000000800057d0 (0x02b7c533) div     a0, a5, a1
core   0: 1 0x00000000800057d0 (0x02b7c533) x10 0x0000000000000000
core   0: 0x00000000800057d4 (0xfb8fc5b7) lui     a1, 0xfb8fc
core   0: 1 0x00000000800057d4 (0xfb8fc5b7) x11 0xfffffffffb8fc000
core   0: 0x00000000800057d8 (0x001b1b73) csrrw   s6, fflags, s6
core   0: 1 0x00000000800057d8 (0x001b1b73) x22 0x0000000000000013 c1_fflags 0x0000000000000000
core   0: 0x00000000800057dc (0x0240c0b3) div     ra, ra, tp
core   0: 1 0x00000000800057dc (0x0240c0b3) x1  0xffffffff7fffbfec
core   0: 0x00000000800057e0 (0xc020f4d3) fcvt.l.s s1, ft1
core   0: 1 0x00000000800057e0 (0xc020f4d3) c1_fflags 0x0000000000000010 x9  0x7fffffffffffffff
core   0: 0x00000000800057e4 (0x02ca5cbb) divuw   s9, s4, a2
core   0: 1 0x00000000800057e4 (0x02ca5cbb) x25 0x0000000000000000
core   0: 0x00000000800057e8 (0xf2060853) fmv.d.x fa6, a2
core   0: 1 0x00000000800057e8 (0xf2060853) f16 0x0000000000000a00
core   0: 0x00000000800057ec (0x419dd0b3) sra     ra, s11, s9
core   0: 1 0x00000000800057ec (0x419dd0b3) x1  0x000000000000061b
core   0: 0x00000000800057f0 (0x01906033) or      zero, zero, s9
core   0: 1 0x00000000800057f0 (0x01906033)
core   0: 0x00000000800057f4 (0xa2b58a53) fle.d   s4, fa1, fa1
core   0: 1 0x00000000800057f4 (0xa2b58a53) c1_fflags 0x0000000000000010 x20 0x0000000000000000
core   0: 0x00000000800057f8 (0x00e72733) slt     a4, a4, a4
core   0: 1 0x00000000800057f8 (0x00e72733) x14 0x0000000000000000
core   0: 0x00000000800057fc (0x23be8593) addi    a1, t4, 571
core   0: 1 0x00000000800057fc (0x23be8593) x11 0x000000000000023a
core   0: 0x0000000080005800 (0x01ad913b) sllw    sp, s11, s10
core   0: 1 0x0000000080005800 (0x01ad913b) x2  0xffffffff80000000
core   0: 0x0000000080005804 (0x022a423b) divw    tp, s4, sp
core   0: 1 0x0000000080005804 (0x022a423b) x4  0x0000000000000000
core   0: 0x0000000080005808 (0xd03a7553) fcvt.s.lu fa0, s4
core   0: 1 0x0000000080005808 (0xd03a7553) f10 0xffffffff00000000
core   0: 0x000000008000580c (0x000b1b13) slli    s6, s6, 0
core   0: 1 0x000000008000580c (0x000b1b13) x22 0x0000000000000013
core   0: 0x0000000080005810 (0xc21574d3) fcvt.wu.d s1, fa0
core   0: 1 0x0000000080005810 (0xc21574d3) c1_fflags 0x0000000000000010 x9  0xffffffffffffffff
core   0: 0x0000000080005814 (0x231707d3) fsgnj.d fa5, fa4, fa7
core   0: 1 0x0000000080005814 (0x231707d3) f15 0x7fffffff47100000
core   0: 0x0000000080005818 (0x01a94033) xor     zero, s2, s10
core   0: 1 0x0000000080005818 (0x01a94033)
core   0: 0x000000008000581c (0x00111473) csrrw   s0, fflags, sp
core   0: 1 0x000000008000581c (0x00111473) x8  0x0000000000000010 c1_fflags 0x0000000000000000
core   0: 0x0000000080005820 (0xca8cf84b) fnmsub.d fa6, fs9, fs0, fs9
core   0: 1 0x0000000080005820 (0xca8cf84b) f16 0x7ff8000000000000
core   0: 0x0000000080005824 (0xd2317453) fcvt.d.lu fs0, sp
core   0: 1 0x0000000080005824 (0xd2317453) f8  0x43effffffff00000
core   0: 0x0000000080005828 (0xc22cf953) fcvt.l.d s2, fs9
core   0: 1 0x0000000080005828 (0xc22cf953) c1_fflags 0x0000000000000010 x18 0x7fffffffffffffff
core   0: 0x000000008000582c (0x4020d333) sra     t1, ra, sp
core   0: 1 0x000000008000582c (0x4020d333) x6  0x000000000000061b
core   0: 0x0000000080005830 (0x43f35413) srai    s0, t1, 63
core   0: 1 0x0000000080005830 (0x43f35413) x8  0x0000000000000000
core   0: 0x0000000080005834 (0x00761533) sll     a0, a2, t2
core   0: 1 0x0000000080005834 (0x00761533) x10 0x0000000001400000
core   0: 0x0000000080005838 (0x00141513) slli    a0, s0, 1
core   0: 1 0x0000000080005838 (0x00141513) x10 0x0000000000000000
core   0: 0x000000008000583c (0xa30b8953) fle.d   s2, fs7, fa6
core   0: 1 0x000000008000583c (0xa30b8953) c1_fflags 0x0000000000000010 x18 0x0000000000000000
core   0: 0x0000000080005840 (0xd22973d3) fcvt.d.l ft7, s2
core   0: 1 0x0000000080005840 (0xd22973d3) f7  0x0000000000000000
core   0: 0x0000000080005844 (0x0320b5b3) mulhu   a1, ra, s2
core   0: 1 0x0000000080005844 (0x0320b5b3) x11 0x0000000000000000
core   0: 0x0000000080005848 (0x00bdddbb) srlw    s11, s11, a1
core   0: 1 0x0000000080005848 (0x00bdddbb) x27 0x000000000000061b
core   0: 0x000000008000584c (0x03329213) slli    tp, t0, 51
core   0: 1 0x000000008000584c (0x03329213) x4  0x0000000000000000
core   0: 0x0000000080005850 (0xd235f6d3) fcvt.d.lu fa3, a1
core   0: 1 0x0000000080005850 (0xd235f6d3) f13 0x0000000000000000
core   0: 0x0000000080005854 (0x012d98bb) sllw    a7, s11, s2
core   0: 1 0x0000000080005854 (0x012d98bb) x17 0x000000000000061b
core   0: 0x0000000080005858 (0x40e900b3) sub     ra, s2, a4
core   0: 1 0x0000000080005858 (0x40e900b3) x1  0x0000000000000000
core   0: 0x000000008000585c (0x001690bb) sllw    ra, a3, ra
core   0: 1 0x000000008000585c (0x001690bb) x1  0x0000000000000003
core   0: 0x0000000080005860 (0xc03ef653) fcvt.lu.s a2, ft9
core   0: 1 0x0000000080005860 (0xc03ef653) c1_fflags 0x0000000000000010 x12 0xffffffffffffffff
core   0: 0x0000000080005864 (0x40195b9b) sraiw   s7, s2, 1
core   0: 1 0x0000000080005864 (0x40195b9b) x23 0x0000000000000000
core   0: 0x0000000080005868 (0x0ff0000f) fence   iorw,iorw
core   0: 1 0x0000000080005868 (0x0ff0000f)
core   0: 0x000000008000586c (0x41240ab3) sub     s5, s0, s2
core   0: 1 0x000000008000586c (0x41240ab3) x21 0x0000000000000000
core   0: 0x0000000080005870 (0x004387bb) addw    a5, t2, tp
core   0: 1 0x0000000080005870 (0x004387bb) x15 0x000000003780418d
core   0: 0x0000000080005874 (0x00d1da3b) srlw    s4, gp, a3
core   0: 1 0x0000000080005874 (0x00d1da3b) x20 0x0000000000000000
core   0: 0x0000000080005878 (0x01fa5c1b) srliw   s8, s4, 31
core   0: 1 0x0000000080005878 (0x01fa5c1b) x24 0x0000000000000000
core   0: 0x000000008000587c (0xd0297353) fcvt.s.l ft6, s2
core   0: 1 0x000000008000587c (0xd0297353) f6  0xffffffff00000000
core   0: 0x0000000080005880 (0x414c5abb) sraw    s5, s8, s4
core   0: 1 0x0000000080005880 (0x414c5abb) x21 0x0000000000000000
core   0: 0x0000000080005884 (0x4142583b) sraw    a6, tp, s4
core   0: 1 0x0000000080005884 (0x4142583b) x16 0x0000000000000000
core   0: 0x0000000080005888 (0xc036f553) fcvt.lu.s a0, fa3
core   0: 1 0x0000000080005888 (0xc036f553) c1_fflags 0x0000000000000010 x10 0xffffffffffffffff
core   0: 0x000000008000588c (0x00281e73) csrrw   t3, frm, a6
core   0: 1 0x000000008000588c (0x00281e73) x28 0x0000000000000002 c2_frm 0x0000000000000000
core   0: 0x0000000080005890 (0xfff2e993) ori     s3, t0, -1
core   0: 1 0x0000000080005890 (0xfff2e993) x19 0xffffffffffffffff
core   0: 0x0000000080005894 (0x0252c033) div     zero, t0, t0
core   0: 1 0x0000000080005894 (0x0252c033)
core   0: 0x0000000080005898 (0x22c723d3) fsgnjx.d ft7, fa4, fa2
core   0: 1 0x0000000080005898 (0x22c723d3) f7  0xffffffff47100000
core   0: 0x000000008000589c (0x0038f8b3) and     a7, a7, gp
core   0: 1 0x000000008000589c (0x0038f8b3) x17 0x0000000000000000
core   0: 0x00000000800058a0 (0x00121013) slli    zero, tp, 1
core   0: 1 0x00000000800058a0 (0x00121013)
core   0: 0x00000000800058a4 (0x5a0e72d3) fsqrt.d ft5, ft8
core   0: 1 0x00000000800058a4 (0x5a0e72d3) f5  0x7ff8000000000000
core   0: 0x00000000800058a8 (0x2a5f1453) fmax.d  fs0, ft10, ft5
core   0: 1 0x00000000800058a8 (0x2a5f1453) f8  0x7ff8000000000000
core   0: 0x00000000800058ac (0x027846bb) divw    a3, a6, t2
core   0: 1 0x00000000800058ac (0x027846bb) x13 0x0000000000000000
core   0: 0x00000000800058b0 (0x7ff78d1b) addiw   s10, a5, 2047
core   0: 1 0x00000000800058b0 (0x7ff78d1b) x26 0x000000003780498c
core   0: 0x00000000800058b4 (0x23e42953) fsgnjx.d fs2, fs0, ft10
core   0: 1 0x00000000800058b4 (0x23e42953) f18 0x7ff8000000000000
core   0: 0x00000000800058b8 (0x0304b433) mulhu   s0, s1, a6
core   0: 1 0x00000000800058b8 (0x0304b433) x8  0x0000000000000000
core   0: 0x00000000800058bc (0x80037313) andi    t1, t1, -2048
core   0: 1 0x00000000800058bc (0x80037313) x6  0x0000000000000000
core   0: 0x00000000800058c0 (0x00cd71b3) and     gp, s10, a2
core   0: 1 0x00000000800058c0 (0x00cd71b3) x3  0x000000003780498c
core   0: 0x00000000800058c4 (0x00e9973b) sllw    a4, s3, a4
core   0: 1 0x00000000800058c4 (0x00e9973b) x14 0xffffffffffffffff
core   0: 0x00000000800058c8 (0x01d960b3) or      ra, s2, t4
core   0: 1 0x00000000800058c8 (0x01d960b3) x1  0xffffffffffffffff
core   0: 0x00000000800058cc (0xe2040353) fmv.x.d t1, fs0
core   0: 1 0x00000000800058cc (0xe2040353) x6  0x7ff8000000000000
core   0: 0x00000000800058d0 (0x037c6e3b) remw    t3, s8, s7
core   0: 1 0x00000000800058d0 (0x037c6e3b) x28 0x0000000000000000
core   0: 0x00000000800058d4 (0xa3142e53) feq.d   t3, fs0, fa7
core   0: 1 0x00000000800058d4 (0xa3142e53) x28 0x0000000000000000
core   0: 0x00000000800058d8 (0x001a1573) csrrw   a0, fflags, s4
core   0: 1 0x00000000800058d8 (0x001a1573) x10 0x0000000000000010 c1_fflags 0x0000000000000000
core   0: 0x00000000800058dc (0xda589037) lui     zero, 0xda589
core   0: 1 0x00000000800058dc (0xda589037)
core   0: 0x00000000800058e0 (0x40e0d133) sra     sp, ra, a4
core   0: 1 0x00000000800058e0 (0x40e0d133) x2  0xffffffffffffffff
core   0: 0x00000000800058e4 (0x5a00f0d3) fsqrt.d ft1, ft1
core   0: 1 0x00000000800058e4 (0x5a00f0d3) f1  0x7ff8000000000000
core   0: 0x00000000800058e8 (0x40250233) sub     tp, a0, sp
core   0: 1 0x00000000800058e8 (0x40250233) x4  0x0000000000000011
core   0: 0x00000000800058ec (0xa1f17193) andi    gp, sp, -1505
core   0: 1 0x00000000800058ec (0xa1f17193) x3  0xfffffffffffffa1f
core   0: 0x00000000800058f0 (0x03400a3b) mulw    s4, zero, s4
core   0: 1 0x00000000800058f0 (0x03400a3b) x20 0x0000000000000000
core   0: 0x00000000800058f4 (0xcd08a0b7) lui     ra, 0xcd08a
core   0: 1 0x00000000800058f4 (0xcd08a0b7) x1  0xffffffffcd08a000
core   0: 0x00000000800058f8 (0x42058753) fcvt.d.s fa4, fa1
core   0: 1 0x00000000800058f8 (0x42058753) f14 0x7ff8000000000000
core   0: 0x00000000800058fc (0x034ae7bb) remw    a5, s5, s4
core   0: 1 0x00000000800058fc (0x034ae7bb) x15 0x0000000000000000
core   0: 0x0000000080005900 (0x0ff0000f) fence   iorw,iorw
core   0: 1 0x0000000080005900 (0x0ff0000f)
core   0: 0x0000000080005904 (0x40950d3b) subw    s10, a0, s1
core   0: 1 0x0000000080005904 (0x40950d3b) x26 0x0000000000000011
core   0: 0x0000000080005908 (0xd1de6e13) ori     t3, t3, -739
core   0: 1 0x0000000080005908 (0xd1de6e13) x28 0xfffffffffffffd1d
core   0: 0x000000008000590c (0x41fe591b) sraiw   s2, t3, 31
core   0: 1 0x000000008000590c (0x41fe591b) x18 0xffffffffffffffff
core   0: 0x0000000080005910 (0xd2217253) fcvt.d.l ft4, sp
core   0: 1 0x0000000080005910 (0xd2217253) f4  0xbff0000000000000
core   0: 0x0000000080005914 (0x0ff0000f) fence   iorw,iorw
core   0: 1 0x0000000080005914 (0x0ff0000f)
core   0: 0x0000000080005918 (0x7bc87613) andi    a2, a6, 1980
core   0: 1 0x0000000080005918 (0x7bc87613) x12 0x0000000000000000
core   0: 0x000000008000591c (0x00231df3) csrrw   s11, frm, t1
core   0: 1 0x000000008000591c (0x00231df3) x27 0x0000000000000000 c2_frm 0x0000000000000000
core   0: 0x0000000080005920 (0x401471d3) fcvt.s.d ft3, fs0
core   0: 1 0x0000000080005920 (0x401471d3) f3  0xffffffff7fc00000
core   0: 0x0000000080005924 (0x001dd61b) srliw   a2, s11, 1
core   0: 1 0x0000000080005924 (0x001dd61b) x12 0x0000000000000000
core   0: 0x0000000080005928 (0x420c01d3) fcvt.d.s ft3, fs8
core   0: 1 0x0000000080005928 (0x420c01d3) f3  0x7ff8000000000000
core   0: 0x000000008000592c (0x000094e6) c.add   s1, s9
core   0: 1 0x000000008000592c (0x94e6) x9  0xffffffffffffffff
core   0: 0x000000008000592e (0x00102573) csrrs   a0, fflags, zero
core   0: 1 0x000000008000592e (0x00102573) x10 0x0000000000000000
core   0: 0x0000000080005932 (0x039cfd33) remu    s10, s9, s9
core   0: 1 0x0000000080005932 (0x039cfd33) x26 0x0000000000000000
core   0: 0x0000000080005936 (0x401270d3) fcvt.s.d ft1, ft4
core   0: 1 0x0000000080005936 (0x401270d3) f1  0xffffffffbf800000
core   0: 0x000000008000593a (0x003c7633) and     a2, s8, gp
core   0: 1 0x000000008000593a (0x003c7633) x12 0x0000000000000000
core   0: 0x000000008000593e (0x14e30117) auipc   sp, 0x14e30
core   0: 1 0x000000008000593e (0x14e30117) x2  0x0000000094e3593e
core   0: 0x0000000080005942 (0x00c26733) or      a4, tp, a2
core   0: 1 0x0000000080005942 (0x00c26733) x14 0x0000000000000011
core   0: 0x0000000080005946 (0x02807a3b) remuw   s4, zero, s0
core   0: 1 0x0000000080005946 (0x02807a3b) x20 0x0000000000000000
core   0: 0x000000008000594a (0x03460e3b) mulw    t3, a2, s4
core   0: 1 0x000000008000594a (0x03460e3b) x28 0x0000000000000000
core   0: 0x000000008000594e (0x0ff0000f) fence   iorw,iorw
core   0: 1 0x000000008000594e (0x0ff0000f)
core   0: 0x0000000080005952 (0x00139573) csrrw   a0, fflags, t2
core   0: 1 0x0000000080005952 (0x00139573) x10 0x0000000000000000 c1_fflags 0x000000000000000d
core   0: 0x0000000080005956 (0xc030f153) fcvt.lu.s sp, ft1
core   0: 1 0x0000000080005956 (0xc030f153) c1_fflags 0x000000000000001d x2  0x0000000000000000
core   0: 0x000000008000595a (0x0021173b) sllw    a4, sp, sp
core   0: 1 0x000000008000595a (0x0021173b) x14 0x0000000000000000
core   0: 0x000000008000595e (0xc00aa973) csrrs   s2, cycle, s5
core   0: exception trap_illegal_instruction, epc 0x000000008000595e
core   0:           tval 0x00000000c00aa973
core   0: >>>>  $xrv64i2p1_m2p0_a2p1_f2p2_d2p2_zicsr2p0_zifencei2p0_zmmul1p0_zba1p0_zbb1p0_zbc1p0_zbs1p0
core   0: 0x0000000080004000 (0x0080006f) j       pc + 0x8
core   0: 3 0x0000000080004000 (0x0080006f)
core   0: >>>>  mmode_exception_handler
core   0: 0x0000000080004008 (0x00002c17) auipc   s8, 0x2
core   0: 3 0x0000000080004008 (0x00002c17) x24 0x0000000080006008
core   0: 0x000000008000400c (0x016c0c13) addi    s8, s8, 22
core   0: 3 0x000000008000400c (0x016c0c13) x24 0x000000008000601e
core   0: 0x0000000080004010 (0x000c00e7) jalr    s8
core   0: 3 0x0000000080004010 (0x000c00e7) x1  0x0000000080004014
core   0: >>>>  any_handler
core   0: 0x000000008000601e (0x341027f3) csrrs   a5, mepc, zero
core   0: 3 0x000000008000601e (0x341027f3) x15 0x000000008000595e
core   0: 0x0000000080006022 (0x34202773) csrrs   a4, mcause, zero
core   0: 3 0x0000000080006022 (0x34202773) x14 0x0000000000000002
core   0: 0x0000000080006026 (0x142026f3) csrrs   a3, scause, zero
core   0: 3 0x0000000080006026 (0x142026f3) x13 0x0000000000000003
core   0: 0x000000008000602a (0x30402673) csrrs   a2, mie, zero
core   0: 3 0x000000008000602a (0x30402673) x12 0x0000000000000a00
core   0: 0x000000008000602e (0x344025f3) csrrs   a1, mip, zero
core   0: 3 0x000000008000602e (0x344025f3) x11 0x0000000000000080
core   0: 0x0000000080006032 (0x343025f3) csrrs   a1, mtval, zero
core   0: 3 0x0000000080006032 (0x343025f3) x11 0x00000000c00aa973
core   0: 0x0000000080006036 (0x14302573) csrrs   a0, stval, zero
core   0: 3 0x0000000080006036 (0x14302573) x10 0x0000000000000000
core   0: 0x000000008000603a (0xb02024f3) csrrs   s1, minstret, zero
core   0: 3 0x000000008000603a (0xb02024f3) x9  0x00000000000010ae
core   0: 0x000000008000603e (0x0000a811) c.j     pc + 20
core   0: 3 0x000000008000603e (0xa811)
core   0: >>>>  mepc_4
core   0: 0x0000000080006052 (0x00000791) c.addi  a5, 4
core   0: 3 0x0000000080006052 (0x0791) x15 0x0000000080005962
core   0: 0x0000000080006054 (0x34179073) csrrw   zero, mepc, a5
core   0: 3 0x0000000080006054 (0x34179073) c833_mepc 0x0000000080005962
core   0: 0x0000000080006058 (0x30200073) mret
core   0: 3 0x0000000080006058 (0x30200073) c768_mstatus 0x8000000a00106080
core   0: 0x0000000080005962 (0x40c050bb) sraw    ra, zero, a2
core   0: 1 0x0000000080005962 (0x40c050bb) x1  0x0000000000000000
core   0: 0x0000000080005966 (0x03924cbb) divw    s9, tp, s9
core   0: 1 0x0000000080005966 (0x03924cbb) x25 0xffffffffffffffff
core   0: 0x000000008000596a (0x414ad83b) sraw    a6, s5, s4
core   0: 1 0x000000008000596a (0x414ad83b) x16 0x0000000000000000
core   0: 0x000000008000596e (0x22d2fbcb) fnmsub.d fs7, ft5, fa3, ft4
core   0: 1 0x000000008000596e (0x22d2fbcb) f23 0x7ff8000000000000
core   0: 0x0000000080005972 (0x014a5633) srl     a2, s4, s4
core   0: 1 0x0000000080005972 (0x014a5633) x12 0x0000000000000000
core   0: 0x0000000080005976 (0x0b7a70d3) fsub.d  ft1, fs4, fs7
core   0: 1 0x0000000080005976 (0x0b7a70d3) f1  0x7ff8000000000000
core   0: 0x000000008000597a (0x0219d9bb) divuw   s3, s3, ra
core   0: 1 0x000000008000597a (0x0219d9bb) x19 0xffffffffffffffff
core   0: 0x000000008000597e (0x027cfdd3) fadd.d  fs11, fs9, ft7
core   0: 1 0x000000008000597e (0x027cfdd3) f27 0x7ff8000000000000
core   0: 0x0000000080005982 (0x00e97933) and     s2, s2, a4
core   0: 1 0x0000000080005982 (0x00e97933) x18 0x0000000000000002
core   0: 0x0000000080005986 (0x004815bb) sllw    a1, a6, tp
core   0: 1 0x0000000080005986 (0x004815bb) x11 0x0000000000000000
core   0: 0x000000008000598a (0x13e31497) auipc   s1, 0x13e31
core   0: 1 0x000000008000598a (0x13e31497) x9  0x0000000093e3698a
core   0: 0x000000008000598e (0x041742b7) lui     t0, 0x4174
core   0: 1 0x000000008000598e (0x041742b7) x5  0x0000000004174000
core   0: 0x0000000080005992 (0x84b2829b) addiw   t0, t0, -1973
core   0: 1 0x0000000080005992 (0x84b2829b) x5  0x000000000417384b
core   0: 0x0000000080005996 (0x000002b2) c.slli  t0, 12
core   0: 1 0x0000000080005996 (0x02b2) x5  0x000000417384b000
core   0: 0x0000000080005998 (0xb8028293) addi    t0, t0, -1152
core   0: 1 0x0000000080005998 (0xb8028293) x5  0x000000417384ab80
core   0: 0x000000008000599c (0x0014e013) prefetch.r 0(s1)
core   0: 1 0x000000008000599c (0x0014e013)
core   0: 0x00000000800059a0 (0x924df6c7) fmsub.d fa3, fs11, ft4, fs2
core   0: 1 0x00000000800059a0 (0x924df6c7) f13 0x7ff8000000000000
core   0: 0x00000000800059a4 (0x01886c33) or      s8, a6, s8
core   0: 1 0x00000000800059a4 (0x01886c33) x24 0x000000008000601e
core   0: 0x00000000800059a8 (0x2a109353) fmax.d  ft6, ft1, ft1
core   0: 1 0x00000000800059a8 (0x2a109353) f6  0x7ff8000000000000
core   0: 0x00000000800059ac (0x41d156b3) sra     a3, sp, t4
core   0: 1 0x00000000800059ac (0x41d156b3) x13 0x0000000000000000
core   0: 0x00000000800059b0 (0x00021513) slli    a0, tp, 0
core   0: 1 0x00000000800059b0 (0x00021513) x10 0x0000000000000011
core   0: 0x00000000800059b4 (0x03ebf7d3) fadd.d  fa5, fs7, ft10
core   0: 1 0x00000000800059b4 (0x03ebf7d3) f15 0x7ff8000000000000
core   0: 0x00000000800059b8 (0x03285a33) divu    s4, a6, s2
core   0: 1 0x00000000800059b8 (0x03285a33) x20 0x0000000000000000
core   0: 0x00000000800059bc (0x00090c1b) sext.w  s8, s2
core   0: 1 0x00000000800059bc (0x00090c1b) x24 0x0000000000000002
core   0: 0x00000000800059c0 (0x41aa5a3b) sraw    s4, s4, s10
core   0: 1 0x00000000800059c0 (0x41aa5a3b) x20 0x0000000000000000
core   0: 0x00000000800059c4 (0x0073eeb3) or      t4, t2, t2
core   0: 1 0x00000000800059c4 (0x0073eeb3) x29 0x000000003780418d
core   0: 0x00000000800059c8 (0x401b8bb3) sub     s7, s7, ra
core   0: 1 0x00000000800059c8 (0x401b8bb3) x23 0x0000000000000000
core   0: 0x00000000800059cc (0x034c2a33) mulhsu  s4, s8, s4
core   0: 1 0x00000000800059cc (0x034c2a33) x20 0x0000000000000000
core   0: 0x00000000800059d0 (0x0010e433) or      s0, ra, ra
core   0: 1 0x00000000800059d0 (0x0010e433) x8  0x0000000000000000
core   0: 0x00000000800059d4 (0x00000001) c.nop
core   0: 1 0x00000000800059d4 (0x0001)
core   0: 0x00000000800059d6 (0x1fc46793) ori     a5, s0, 508
core   0: 1 0x00000000800059d6 (0x1fc46793) x15 0x00000000000001fc
core   0: 0x00000000800059da (0x01d47eb3) and     t4, s0, t4
core   0: 1 0x00000000800059da (0x01d47eb3) x29 0x0000000000000000
core   0: 0x00000000800059de (0x41bddc13) srai    s8, s11, 27
core   0: 1 0x00000000800059de (0x41bddc13) x24 0x0000000000000000
core   0: 0x00000000800059e2 (0x027bd1b3) divu    gp, s7, t2
core   0: 1 0x00000000800059e2 (0x027bd1b3) x3  0x0000000000000000
core   0: 0x00000000800059e6 (0x001199f3) csrrw   s3, fflags, gp
core   0: 1 0x00000000800059e6 (0x001199f3) x19 0x000000000000001d c1_fflags 0x0000000000000000
core   0: 0x00000000800059ea (0x7ff67c13) andi    s8, a2, 2047
core   0: 1 0x00000000800059ea (0x7ff67c13) x24 0x0000000000000000
core   0: 0x00000000800059ee (0x007c2d33) slt     s10, s8, t2
core   0: 1 0x00000000800059ee (0x007c2d33) x26 0x0000000000000001
core   0: 0x00000000800059f2 (0xc2097253) fcvt.w.d tp, fs2
core   0: 1 0x00000000800059f2 (0xc2097253) c1_fflags 0x0000000000000010 x4  0x000000007fffffff
core   0: 0x00000000800059f6 (0x426b5d93) srai    s11, s6, 38
core   0: 1 0x00000000800059f6 (0x426b5d93) x27 0x0000000000000000
core   0: 0x00000000800059fa (0x03a6febb) remuw   t4, a3, s10
core   0: 1 0x00000000800059fa (0x03a6febb) x29 0x0000000000000000
core   0: 0x00000000800059fe (0x00279c73) csrrw   s8, frm, a5
core   0: 1 0x00000000800059fe (0x00279c73) x24 0x0000000000000000 c2_frm 0x0000000000000004
core   0: 0x0000000080005a02 (0x01dc0abb) addw    s5, s8, t4
core   0: 1 0x0000000080005a02 (0x01dc0abb) x21 0x0000000000000000
core   0: 0x0000000080005a06 (0x1a47f253) fdiv.d  ft4, fa5, ft4
core   0: 1 0x0000000080005a06 (0x1a47f253) f4  0x7ff8000000000000
core   0: 0x0000000080005a0a (0x1004ec73) csrrsi  s8, sstatus, 9
core   0: 1 0x0000000080005a0a (0x1004ec73) x24 0x8000000200006000 c768_mstatus 0x8000000a00106080
core   0: 0x0000000080005a0e (0x2371a1d3) fsgnjx.d ft3, ft3, fs7
core   0: 1 0x0000000080005a0e (0x2371a1d3) f3  0x7ff8000000000000
core   0: 0x0000000080005a12 (0x018c151b) slliw   a0, s8, 24
core   0: 1 0x0000000080005a12 (0x018c151b) x10 0x0000000000000000
core   0: 0x0000000080005a16 (0x839cfccb) fnmsub.d fs9, fs9, fs9, fa6
core   0: 1 0x0000000080005a16 (0x839cfccb) f25 0x7ff8000000000000
core   0: 0x0000000080005a1a (0xe8db7e93) andi    t4, s6, -371
core   0: 1 0x0000000080005a1a (0xe8db7e93) x29 0x0000000000000001
core   0: 0x0000000080005a1e (0x00000001) c.nop
core   0: 1 0x0000000080005a1e (0x0001)
core   0: 0x0000000080005a20 (0x01889c3b) sllw    s8, a7, s8
core   0: 1 0x0000000080005a20 (0x01889c3b) x24 0x0000000000000000
core   0: 0x0000000080005a24 (0xd02c7ad3) fcvt.s.l fs5, s8
core   0: 1 0x0000000080005a24 (0xd02c7ad3) f21 0xffffffff00000000
core   0: 0x0000000080005a28 (0xc80634f3) csrrc   s1, cycleh, a2
core   0: exception trap_illegal_instruction, epc 0x0000000080005a28
core   0:           tval 0x00000000c80634f3
core   0: >>>>  $xrv64i2p1_m2p0_a2p1_f2p2_d2p2_zicsr2p0_zifencei2p0_zmmul1p0_zba1p0_zbb1p0_zbc1p0_zbs1p0
core   0: 0x0000000080004000 (0x0080006f) j       pc + 0x8
core   0: 3 0x0000000080004000 (0x0080006f)
core   0: >>>>  mmode_exception_handler
core   0: 0x0000000080004008 (0x00002c17) auipc   s8, 0x2
core   0: 3 0x0000000080004008 (0x00002c17) x24 0x0000000080006008
core   0: 0x000000008000400c (0x016c0c13) addi    s8, s8, 22
core   0: 3 0x000000008000400c (0x016c0c13) x24 0x000000008000601e
core   0: 0x0000000080004010 (0x000c00e7) jalr    s8
core   0: 3 0x0000000080004010 (0x000c00e7) x1  0x0000000080004014
core   0: >>>>  any_handler
core   0: 0x000000008000601e (0x341027f3) csrrs   a5, mepc, zero
core   0: 3 0x000000008000601e (0x341027f3) x15 0x0000000080005a28
core   0: 0x0000000080006022 (0x34202773) csrrs   a4, mcause, zero
core   0: 3 0x0000000080006022 (0x34202773) x14 0x0000000000000002
core   0: 0x0000000080006026 (0x142026f3) csrrs   a3, scause, zero
core   0: 3 0x0000000080006026 (0x142026f3) x13 0x0000000000000003
core   0: 0x000000008000602a (0x30402673) csrrs   a2, mie, zero
core   0: 3 0x000000008000602a (0x30402673) x12 0x0000000000000a00
core   0: 0x000000008000602e (0x344025f3) csrrs   a1, mip, zero
core   0: 3 0x000000008000602e (0x344025f3) x11 0x0000000000000080
core   0: 0x0000000080006032 (0x343025f3) csrrs   a1, mtval, zero
core   0: 3 0x0000000080006032 (0x343025f3) x11 0x00000000c80634f3
core   0: 0x0000000080006036 (0x14302573) csrrs   a0, stval, zero
core   0: 3 0x0000000080006036 (0x14302573) x10 0x0000000000000000
core   0: 0x000000008000603a (0xb02024f3) csrrs   s1, minstret, zero
core   0: 3 0x000000008000603a (0xb02024f3) x9  0x00000000000010f1
core   0: 0x000000008000603e (0x0000a811) c.j     pc + 20
core   0: 3 0x000000008000603e (0xa811)
core   0: >>>>  mepc_4
core   0: 0x0000000080006052 (0x00000791) c.addi  a5, 4
core   0: 3 0x0000000080006052 (0x0791) x15 0x0000000080005a2c
core   0: 0x0000000080006054 (0x34179073) csrrw   zero, mepc, a5
core   0: 3 0x0000000080006054 (0x34179073) c833_mepc 0x0000000080005a2c
core   0: 0x0000000080006058 (0x30200073) mret
core   0: 3 0x0000000080006058 (0x30200073) c768_mstatus 0x8000000a00106080
core   0: 0x0000000080005a2c (0xc0049ef3) csrrw   t4, cycle, s1
core   0: exception trap_illegal_instruction, epc 0x0000000080005a2c
core   0:           tval 0x00000000c0049ef3
core   0: >>>>  $xrv64i2p1_m2p0_a2p1_f2p2_d2p2_zicsr2p0_zifencei2p0_zmmul1p0_zba1p0_zbb1p0_zbc1p0_zbs1p0
core   0: 0x0000000080004000 (0x0080006f) j       pc + 0x8
core   0: 3 0x0000000080004000 (0x0080006f)
core   0: >>>>  mmode_exception_handler
core   0: 0x0000000080004008 (0x00002c17) auipc   s8, 0x2
core   0: 3 0x0000000080004008 (0x00002c17) x24 0x0000000080006008
core   0: 0x000000008000400c (0x016c0c13) addi    s8, s8, 22
core   0: 3 0x000000008000400c (0x016c0c13) x24 0x000000008000601e
core   0: 0x0000000080004010 (0x000c00e7) jalr    s8
core   0: 3 0x0000000080004010 (0x000c00e7) x1  0x0000000080004014
core   0: >>>>  any_handler
core   0: 0x000000008000601e (0x341027f3) csrrs   a5, mepc, zero
core   0: 3 0x000000008000601e (0x341027f3) x15 0x0000000080005a2c
core   0: 0x0000000080006022 (0x34202773) csrrs   a4, mcause, zero
core   0: 3 0x0000000080006022 (0x34202773) x14 0x0000000000000002
core   0: 0x0000000080006026 (0x142026f3) csrrs   a3, scause, zero
core   0: 3 0x0000000080006026 (0x142026f3) x13 0x0000000000000003
core   0: 0x000000008000602a (0x30402673) csrrs   a2, mie, zero
core   0: 3 0x000000008000602a (0x30402673) x12 0x0000000000000a00
core   0: 0x000000008000602e (0x344025f3) csrrs   a1, mip, zero
core   0: 3 0x000000008000602e (0x344025f3) x11 0x0000000000000080
core   0: 0x0000000080006032 (0x343025f3) csrrs   a1, mtval, zero
core   0: 3 0x0000000080006032 (0x343025f3) x11 0x00000000c0049ef3
core   0: 0x0000000080006036 (0x14302573) csrrs   a0, stval, zero
core   0: 3 0x0000000080006036 (0x14302573) x10 0x0000000000000000
core   0: 0x000000008000603a (0xb02024f3) csrrs   s1, minstret, zero
core   0: 3 0x000000008000603a (0xb02024f3) x9  0x0000000000001101
core   0: 0x000000008000603e (0x0000a811) c.j     pc + 20
core   0: 3 0x000000008000603e (0xa811)
core   0: >>>>  mepc_4
core   0: 0x0000000080006052 (0x00000791) c.addi  a5, 4
core   0: 3 0x0000000080006052 (0x0791) x15 0x0000000080005a30
core   0: 0x0000000080006054 (0x34179073) csrrw   zero, mepc, a5
core   0: 3 0x0000000080006054 (0x34179073) c833_mepc 0x0000000080005a30
core   0: 0x0000000080006058 (0x30200073) mret
core   0: 3 0x0000000080006058 (0x30200073) c768_mstatus 0x8000000a00106080
core   0: 0x0000000080005a30 (0x02737a33) remu    s4, t1, t2
core   0: 1 0x0000000080005a30 (0x02737a33) x20 0x00000000209b46e5
core   0: 0x0000000080005a34 (0x000a5793) srli    a5, s4, 0
core   0: 1 0x0000000080005a34 (0x000a5793) x15 0x00000000209b46e5
core   0: 0x0000000080005a38 (0x48379cb7) lui     s9, 0x48379
core   0: 1 0x0000000080005a38 (0x48379cb7) x25 0x0000000048379000
core   0: 0x0000000080005a3c (0x0038833b) addw    t1, a7, gp
core   0: 1 0x0000000080005a3c (0x0038833b) x6  0x0000000000000000
core   0: 0x0000000080005a40 (0x4031533b) sraw    t1, sp, gp
core   0: 1 0x0000000080005a40 (0x4031533b) x6  0x0000000000000000
core   0: 0x0000000080005a44 (0x0076973b) sllw    a4, a3, t2
core   0: 1 0x0000000080005a44 (0x0076973b) x14 0x0000000000006000
core   0: 0x0000000080005a48 (0x225da5d3) fsgnjx.d fa1, fs11, ft5
core   0: 1 0x0000000080005a48 (0x225da5d3) f11 0x7ff8000000000000
core   0: 0x0000000080005a4c (0xe2040153) fmv.x.d sp, fs0
core   0: 1 0x0000000080005a4c (0xe2040153) x2  0x7ff8000000000000
core   0: 0x0000000080005a50 (0x00141a93) slli    s5, s0, 1
core   0: 1 0x0000000080005a50 (0x00141a93) x21 0x0000000000000000
core   0: 0x0000000080005a54 (0x026ab433) mulhu   s0, s5, t1
core   0: 1 0x0000000080005a54 (0x026ab433) x8  0x0000000000000000
core   0: 0x0000000080005a58 (0x405bd43b) sraw    s0, s7, t0
core   0: 1 0x0000000080005a58 (0x405bd43b) x8  0x0000000000000000
core   0: 0x0000000080005a5c (0xf20b8bd3) fmv.d.x fs7, s7
core   0: 1 0x0000000080005a5c (0xf20b8bd3) f23 0x0000000000000000
core   0: 0x0000000080005a60 (0x012dddbb) srlw    s11, s11, s2
core   0: 1 0x0000000080005a60 (0x012dddbb) x27 0x0000000000000000
core   0: 0x0000000080005a64 (0x001d1673) csrrw   a2, fflags, s10
core   0: 1 0x0000000080005a64 (0x001d1673) x12 0x0000000000000010 c1_fflags 0x0000000000000001
core   0: 0x0000000080005a68 (0x01a2a9b3) slt     s3, t0, s10
core   0: 1 0x0000000080005a68 (0x01a2a9b3) x19 0x0000000000000000
core   0: 0x0000000080005a6c (0x6ede4213) xori    tp, t3, 1773
core   0: 1 0x0000000080005a6c (0x6ede4213) x4  0x00000000000006ed
core   0: 0x0000000080005a70 (0x43c55893) srai    a7, a0, 60
core   0: 1 0x0000000080005a70 (0x43c55893) x17 0x0000000000000000
core   0: 0x0000000080005a74 (0xd2120053) fcvt.d.wu ft0, tp
core   0: 1 0x0000000080005a74 (0xd2120053) f0  0x409bb40000000000
core   0: 0x0000000080005a78 (0x001d5c9b) srliw   s9, s10, 1
core   0: 1 0x0000000080005a78 (0x001d5c9b) x25 0x0000000000000000
core   0: 0x0000000080005a7c (0x018cd53b) srlw    a0, s9, s8
core   0: 1 0x0000000080005a7c (0x018cd53b) x10 0x0000000000000000
core   0: 0x0000000080005a80 (0x01189bbb) sllw    s7, a7, a7
core   0: 1 0x0000000080005a80 (0x01189bbb) x23 0x0000000000000000
core   0: 0x0000000080005a84 (0xc215fe53) fcvt.wu.d t3, fa1
core   0: 1 0x0000000080005a84 (0xc215fe53) c1_fflags 0x0000000000000011 x28 0xffffffffffffffff
core   0: 0x0000000080005a88 (0x033c9613) slli    a2, s9, 51
core   0: 1 0x0000000080005a88 (0x033c9613) x12 0x0000000000000000
core   0: 0x0000000080005a8c (0x2b1c0953) fmin.d  fs2, fs8, fa7
core   0: 1 0x0000000080005a8c (0x2b1c0953) f18 0x7ff8000000000000
core   0: 0x0000000080005a90 (0xd03379d3) fcvt.s.lu fs3, t1
core   0: 1 0x0000000080005a90 (0xd03379d3) f19 0xffffffff00000000
core   0: 0x0000000080005a94 (0x41ead193) srai    gp, s5, 30
core   0: 1 0x0000000080005a94 (0x41ead193) x3  0x0000000000000000
core   0: 0x0000000080005a98 (0xf20d0dd3) fmv.d.x fs11, s10
core   0: 1 0x0000000080005a98 (0xf20d0dd3) f27 0x0000000000000001
core   0: 0x0000000080005a9c (0x0005d913) srli    s2, a1, 0
core   0: 1 0x0000000080005a9c (0x0005d913) x18 0x00000000c0049ef3
core   0: 0x0000000080005aa0 (0x4270d093) srai    ra, ra, 39
core   0: 1 0x0000000080005aa0 (0x4270d093) x1  0x0000000000000000
core   0: 0x0000000080005aa4 (0x40fd81bb) subw    gp, s11, a5
core   0: 1 0x0000000080005aa4 (0x40fd81bb) x3  0xffffffffdf64b91b
core   0: 0x0000000080005aa8 (0x00219873) csrrw   a6, frm, gp
core   0: 1 0x0000000080005aa8 (0x00219873) x16 0x0000000000000004 c2_frm 0x0000000000000003
core   0: 0x0000000080005aac (0x00b3d3bb) srlw    t2, t2, a1
core   0: 1 0x0000000080005aac (0x00b3d3bb) x7  0x00000000000006f0
core   0: 0x0000000080005ab0 (0xd035f5d3) fcvt.s.lu fa1, a1
core   0: 1 0x0000000080005ab0 (0xd035f5d3) c1_fflags 0x0000000000000011 f11 0xffffffff4f40049f
core   0: 0x0000000080005ab4 (0x01809cbb) sllw    s9, ra, s8
core   0: 1 0x0000000080005ab4 (0x01809cbb) x25 0x0000000000000000
core   0: 0x0000000080005ab8 (0x000bebb3) or      s7, s7, zero
core   0: 1 0x0000000080005ab8 (0x000bebb3) x23 0x0000000000000000
core   0: 0x0000000080005abc (0x2a011ad3) fmax.d  fs5, ft2, ft0
core   0: 1 0x0000000080005abc (0x2a011ad3) f21 0x409bb40000000000
core   0: 0x0000000080005ac0 (0xe31a0193) addi    gp, s4, -463
core   0: 1 0x0000000080005ac0 (0xe31a0193) x3  0x00000000209b4516
core   0: 0x0000000080005ac4 (0x8c1d7c13) andi    s8, s10, -1855
core   0: 1 0x0000000080005ac4 (0x8c1d7c13) x24 0x0000000000000001
core   0: 0x0000000080005ac8 (0xfd4f6937) lui     s2, 0xfd4f6
core   0: 1 0x0000000080005ac8 (0xfd4f6937) x18 0xfffffffffd4f6000
core   0: 0x0000000080005acc (0xe7d9091b) addiw   s2, s2, -387
core   0: 1 0x0000000080005acc (0xe7d9091b) x18 0xfffffffffd4f5e7d
core   0: 0x0000000080005ad0 (0x00000932) c.slli  s2, 12
core   0: 1 0x0000000080005ad0 (0x0932) x18 0xffffffd4f5e7d000
core   0: 0x0000000080005ad2 (0xd8890913) addi    s2, s2, -632
core   0: 1 0x0000000080005ad2 (0xd8890913) x18 0xffffffd4f5e7cd88
core   0: 0x0000000080005ad6 (0x02b31393) slli    t2, t1, 43
core   0: 1 0x0000000080005ad6 (0x02b31393) x7  0x0000000000000000
core   0: 0x0000000080005ada (0x01a04d33) xor     s10, zero, s10
core   0: 1 0x0000000080005ada (0x01a04d33) x26 0x0000000000000001
core   0: 0x0000000080005ade (0x41b700bb) subw    ra, a4, s11
core   0: 1 0x0000000080005ade (0x41b700bb) x1  0x0000000000006000
core   0: 0x0000000080005ae2 (0x40ce5913) srai    s2, t3, 12
core   0: 1 0x0000000080005ae2 (0x40ce5913) x18 0xffffffffffffffff
core   0: 0x0000000080005ae6 (0x4026d5bb) sraw    a1, a3, sp
core   0: 1 0x0000000080005ae6 (0x4026d5bb) x11 0x0000000000000003
core   0: 0x0000000080005aea (0x030e1293) slli    t0, t3, 48
core   0: 1 0x0000000080005aea (0x030e1293) x5  0xffff000000000000
core   0: 0x0000000080005aee (0x0003131b) slliw   t1, t1, 0
core   0: 1 0x0000000080005aee (0x0003131b) x6  0x0000000000000000
core   0: 0x0000000080005af2 (0x03d23a33) mulhu   s4, tp, t4
core   0: 1 0x0000000080005af2 (0x03d23a33) x20 0x0000000000000000
core   0: 0x0000000080005af6 (0x00065933) srl     s2, a2, zero
core   0: 1 0x0000000080005af6 (0x00065933) x18 0x0000000000000000
core   0: 0x0000000080005afa (0x031e8a3b) mulw    s4, t4, a7
core   0: 1 0x0000000080005afa (0x031e8a3b) x20 0x0000000000000000
core   0: 0x0000000080005afe (0x0201a733) mulhsu  a4, gp, zero
core   0: 1 0x0000000080005afe (0x0201a733) x14 0x0000000000000000
core   0: 0x0000000080005b02 (0xc025f153) fcvt.l.s sp, fa1
core   0: 1 0x0000000080005b02 (0xc025f153) x2  0x00000000c0049f00
core   0: 0x0000000080005b06 (0x03fc5393) srli    t2, s8, 63
core   0: 1 0x0000000080005b06 (0x03fc5393) x7  0x0000000000000000
core   0: 0x0000000080005b0a (0xe20006d3) fmv.x.d a3, ft0
core   0: 1 0x0000000080005b0a (0xe20006d3) x13 0x409bb40000000000
core   0: 0x0000000080005b0e (0x41035d93) srai    s11, t1, 16
core   0: 1 0x0000000080005b0e (0x41035d93) x27 0x0000000000000000
core   0: 0x0000000080005b12 (0x02f02133) mulhsu  sp, zero, a5
core   0: 1 0x0000000080005b12 (0x02f02133) x2  0x0000000000000000
core   0: 0x0000000080005b16 (0x03702bb3) mulhsu  s7, zero, s7
core   0: 1 0x0000000080005b16 (0x03702bb3) x23 0x0000000000000000
core   0: 0x0000000080005b1a (0x03111533) mulh    a0, sp, a7
core   0: 1 0x0000000080005b1a (0x03111533) x10 0x0000000000000000
core   0: 0x0000000080005b1e (0x000c6c13) ori     s8, s8, 0
core   0: 1 0x0000000080005b1e (0x000c6c13) x24 0x0000000000000001
core   0: 0x0000000080005b22 (0x001d9db3) sll     s11, s11, ra
core   0: 1 0x0000000080005b22 (0x001d9db3) x27 0x0000000000000000
core   0: 0x0000000080005b26 (0x0173fa33) and     s4, t2, s7
core   0: 1 0x0000000080005b26 (0x0173fa33) x20 0x0000000000000000
core   0: 0x0000000080005b2a (0x017c843b) addw    s0, s9, s7
core   0: 1 0x0000000080005b2a (0x017c843b) x8  0x0000000000000000
core   0: 0x0000000080005b2e (0xd21c8e53) fcvt.d.wu ft8, s9
core   0: 1 0x0000000080005b2e (0xd21c8e53) f28 0x0000000000000000
core   0: 0x0000000080005b32 (0x40db54bb) sraw    s1, s6, a3
core   0: 1 0x0000000080005b32 (0x40db54bb) x9  0x0000000000000013
core   0: 0x0000000080005b36 (0x237883d3) fsgnj.d ft7, fa7, fs7
core   0: 1 0x0000000080005b36 (0x237883d3) f7  0x7ff8000000000000
core   0: 0x0000000080005b3a (0x0009da13) srli    s4, s3, 0
core   0: 1 0x0000000080005b3a (0x0009da13) x20 0x0000000000000000
core   0: 0x0000000080005b3e (0x00202cf3) csrrs   s9, frm, zero
core   0: 1 0x0000000080005b3e (0x00202cf3) x25 0x0000000000000003
core   0: 0x0000000080005b42 (0x01d0ea13) ori     s4, ra, 29
core   0: 1 0x0000000080005b42 (0x01d0ea13) x20 0x000000000000601d
core   0: 0x0000000080005b46 (0x00087593) andi    a1, a6, 0
core   0: 1 0x0000000080005b46 (0x00087593) x11 0x0000000000000000
core   0: 0x0000000080005b4a (0x001a18f3) csrrw   a7, fflags, s4
core   0: 1 0x0000000080005b4a (0x001a18f3) x17 0x0000000000000011 c1_fflags 0x000000000000001d
core   0: 0x0000000080005b4e (0x028f72d3) fadd.d  ft5, ft10, fs0
core   0: 1 0x0000000080005b4e (0x028f72d3) f5  0x7ff8000000000000
core   0: 0x0000000080005b52 (0x5a087cd3) fsqrt.d fs9, fa6
core   0: 1 0x0000000080005b52 (0x5a087cd3) f25 0x7ff8000000000000
core   0: 0x0000000080005b56 (0x0ff0000f) fence   iorw,iorw
core   0: 1 0x0000000080005b56 (0x0ff0000f)
core   0: 0x0000000080005b5a (0x0341c13b) divw    sp, gp, s4
core   0: 1 0x0000000080005b5a (0x0341c13b) x2  0x00000000000056d9
core   0: 0x0000000080005b5e (0x2ae281d3) fmin.d  ft3, ft5, fa4
core   0: 1 0x0000000080005b5e (0x2ae281d3) f3  0x7ff8000000000000
core   0: 0x0000000080005b62 (0xc8043973) csrrc   s2, cycleh, s0
core   0: exception trap_illegal_instruction, epc 0x0000000080005b62
core   0:           tval 0x00000000c8043973
core   0: >>>>  $xrv64i2p1_m2p0_a2p1_f2p2_d2p2_zicsr2p0_zifencei2p0_zmmul1p0_zba1p0_zbb1p0_zbc1p0_zbs1p0
core   0: 0x0000000080004000 (0x0080006f) j       pc + 0x8
core   0: 3 0x0000000080004000 (0x0080006f)
core   0: >>>>  mmode_exception_handler
core   0: 0x0000000080004008 (0x00002c17) auipc   s8, 0x2
core   0: 3 0x0000000080004008 (0x00002c17) x24 0x0000000080006008
core   0: 0x000000008000400c (0x016c0c13) addi    s8, s8, 22
core   0: 3 0x000000008000400c (0x016c0c13) x24 0x000000008000601e
core   0: 0x0000000080004010 (0x000c00e7) jalr    s8
core   0: 3 0x0000000080004010 (0x000c00e7) x1  0x0000000080004014
core   0: >>>>  any_handler
core   0: 0x000000008000601e (0x341027f3) csrrs   a5, mepc, zero
core   0: 3 0x000000008000601e (0x341027f3) x15 0x0000000080005b62
core   0: 0x0000000080006022 (0x34202773) csrrs   a4, mcause, zero
core   0: 3 0x0000000080006022 (0x34202773) x14 0x0000000000000002
core   0: 0x0000000080006026 (0x142026f3) csrrs   a3, scause, zero
core   0: 3 0x0000000080006026 (0x142026f3) x13 0x0000000000000003
core   0: 0x000000008000602a (0x30402673) csrrs   a2, mie, zero
core   0: 3 0x000000008000602a (0x30402673) x12 0x0000000000000a00
core   0: 0x000000008000602e (0x344025f3) csrrs   a1, mip, zero
core   0: 3 0x000000008000602e (0x344025f3) x11 0x0000000000000080
core   0: 0x0000000080006032 (0x343025f3) csrrs   a1, mtval, zero
core   0: 3 0x0000000080006032 (0x343025f3) x11 0x00000000c8043973
core   0: 0x0000000080006036 (0x14302573) csrrs   a0, stval, zero
core   0: 3 0x0000000080006036 (0x14302573) x10 0x0000000000000000
core   0: 0x000000008000603a (0xb02024f3) csrrs   s1, minstret, zero
core   0: 3 0x000000008000603a (0xb02024f3) x9  0x000000000000115e
core   0: 0x000000008000603e (0x0000a811) c.j     pc + 20
core   0: 3 0x000000008000603e (0xa811)
core   0: >>>>  mepc_4
core   0: 0x0000000080006052 (0x00000791) c.addi  a5, 4
core   0: 3 0x0000000080006052 (0x0791) x15 0x0000000080005b66
core   0: 0x0000000080006054 (0x34179073) csrrw   zero, mepc, a5
core   0: 3 0x0000000080006054 (0x34179073) c833_mepc 0x0000000080005b66
core   0: 0x0000000080006058 (0x30200073) mret
core   0: 3 0x0000000080006058 (0x30200073) c768_mstatus 0x8000000a00106080
core   0: 0x0000000080005b66 (0x00c81233) sll     tp, a6, a2
core   0: 1 0x0000000080005b66 (0x00c81233) x4  0x0000000000000004
core   0: 0x0000000080005b6a (0x00009ba6) c.add   s7, s1
core   0: 1 0x0000000080005b6a (0x9ba6) x23 0x000000000000115e
core   0: 0x0000000080005b6c (0x02457253) fadd.d  ft4, fa0, ft4
core   0: 1 0x0000000080005b6c (0x02457253) f4  0x7ff8000000000000
core   0: 0x0000000080005b70 (0xda8a7713) andi    a4, s4, -600
core   0: 1 0x0000000080005b70 (0xda8a7713) x14 0x0000000000006008
core   0: 0x0000000080005b74 (0xa2a387d3) fle.d   a5, ft7, fa0
core   0: 1 0x0000000080005b74 (0xa2a387d3) c1_fflags 0x000000000000001d x15 0x0000000000000000
core   0: 0x0000000080005b78 (0xd028f9d3) fcvt.s.l fs3, a7
core   0: 1 0x0000000080005b78 (0xd028f9d3) f19 0xffffffff41880000
core   0: 0x0000000080005b7c (0x0209b533) mulhu   a0, s3, zero
core   0: 1 0x0000000080005b7c (0x0209b533) x10 0x0000000000000000
core   0: 0x0000000080005b80 (0x3adbb237) lui     tp, 0x3adbb
core   0: 1 0x0000000080005b80 (0x3adbb237) x4  0x000000003adbb000
core   0: 0x0000000080005b84 (0x035afbd3) fadd.d  fs7, fs5, fs5
core   0: 1 0x0000000080005b84 (0x035afbd3) f23 0x40abb40000000000
core   0: 0x0000000080005b88 (0x01a49d33) sll     s10, s1, s10
core   0: 1 0x0000000080005b88 (0x01a49d33) x26 0x00000000000022bc
core   0: 0x0000000080005b8c (0x1433fb73) csrrci  s6, stval, 7
core   0: 1 0x0000000080005b8c (0x1433fb73) x22 0x0000000000000000 c323_stval 0x0000000000000000
core   0: 0x0000000080005b90 (0x005b1933) sll     s2, s6, t0
core   0: 1 0x0000000080005b90 (0x005b1933) x18 0x0000000000000000
core   0: 0x0000000080005b94 (0x1435ddf3) csrrwi  s11, stval, 11
core   0: 1 0x0000000080005b94 (0x1435ddf3) x27 0x0000000000000000 c323_stval 0x000000000000000b
core   0: 0x0000000080005b98 (0x00004033) xor     zero, zero, zero
core   0: 1 0x0000000080005b98 (0x00004033)
core   0: 0x0000000080005b9c (0x00a64433) xor     s0, a2, a0
core   0: 1 0x0000000080005b9c (0x00a64433) x8  0x0000000000000a00
core   0: 0x0000000080005ba0 (0xc02af3d3) fcvt.l.s t2, fs5
core   0: 1 0x0000000080005ba0 (0xc02af3d3) c1_fflags 0x000000000000001d x7  0x7fffffffffffffff
core   0: 0x0000000080005ba4 (0x00caf433) and     s0, s5, a2
core   0: 1 0x0000000080005ba4 (0x00caf433) x8  0x0000000000000000
core   0: 0x0000000080005ba8 (0x0099dd3b) srlw    s10, s3, s1
core   0: 1 0x0000000080005ba8 (0x0099dd3b) x26 0x0000000000000000
core   0: 0x0000000080005bac (0x02f9d7b3) divu    a5, s3, a5
core   0: 1 0x0000000080005bac (0x02f9d7b3) x15 0xffffffffffffffff
core   0: 0x0000000080005bb0 (0xc22af353) fcvt.l.d t1, fs5
core   0: 1 0x0000000080005bb0 (0xc22af353) x6  0x00000000000006ed
core   0: 0x0000000080005bb4 (0xc0317b53) fcvt.lu.s s6, ft2
core   0: 1 0x0000000080005bb4 (0xc0317b53) c1_fflags 0x000000000000001d x22 0xffffffffffffffff
core   0: 0x0000000080005bb8 (0x342cd9f3) csrrwi  s3, mcause, 25
core   0: exception trap_illegal_instruction, epc 0x0000000080005bb8
core   0:           tval 0x00000000342cd9f3
core   0: >>>>  $xrv64i2p1_m2p0_a2p1_f2p2_d2p2_zicsr2p0_zifencei2p0_zmmul1p0_zba1p0_zbb1p0_zbc1p0_zbs1p0
core   0: 0x0000000080004000 (0x0080006f) j       pc + 0x8
core   0: 3 0x0000000080004000 (0x0080006f)
core   0: >>>>  mmode_exception_handler
core   0: 0x0000000080004008 (0x00002c17) auipc   s8, 0x2
core   0: 3 0x0000000080004008 (0x00002c17) x24 0x0000000080006008
core   0: 0x000000008000400c (0x016c0c13) addi    s8, s8, 22
core   0: 3 0x000000008000400c (0x016c0c13) x24 0x000000008000601e
core   0: 0x0000000080004010 (0x000c00e7) jalr    s8
core   0: 3 0x0000000080004010 (0x000c00e7) x1  0x0000000080004014
core   0: >>>>  any_handler
core   0: 0x000000008000601e (0x341027f3) csrrs   a5, mepc, zero
core   0: 3 0x000000008000601e (0x341027f3) x15 0x0000000080005bb8
core   0: 0x0000000080006022 (0x34202773) csrrs   a4, mcause, zero
core   0: 3 0x0000000080006022 (0x34202773) x14 0x0000000000000002
core   0: 0x0000000080006026 (0x142026f3) csrrs   a3, scause, zero
core   0: 3 0x0000000080006026 (0x142026f3) x13 0x0000000000000003
core   0: 0x000000008000602a (0x30402673) csrrs   a2, mie, zero
core   0: 3 0x000000008000602a (0x30402673) x12 0x0000000000000a00
core   0: 0x000000008000602e (0x344025f3) csrrs   a1, mip, zero
core   0: 3 0x000000008000602e (0x344025f3) x11 0x0000000000000080
core   0: 0x0000000080006032 (0x343025f3) csrrs   a1, mtval, zero
core   0: 3 0x0000000080006032 (0x343025f3) x11 0x00000000342cd9f3
core   0: 0x0000000080006036 (0x14302573) csrrs   a0, stval, zero
core   0: 3 0x0000000080006036 (0x14302573) x10 0x000000000000000b
core   0: 0x000000008000603a (0xb02024f3) csrrs   s1, minstret, zero
core   0: 3 0x000000008000603a (0xb02024f3) x9  0x0000000000001183
core   0: 0x000000008000603e (0x0000a811) c.j     pc + 20
core   0: 3 0x000000008000603e (0xa811)
core   0: >>>>  mepc_4
core   0: 0x0000000080006052 (0x00000791) c.addi  a5, 4
core   0: 3 0x0000000080006052 (0x0791) x15 0x0000000080005bbc
core   0: 0x0000000080006054 (0x34179073) csrrw   zero, mepc, a5
core   0: 3 0x0000000080006054 (0x34179073) c833_mepc 0x0000000080005bbc
core   0: 0x0000000080006058 (0x30200073) mret
core   0: 3 0x0000000080006058 (0x30200073) c768_mstatus 0x8000000a00106080
core   0: 0x0000000080005bbc (0x03318c33) mul     s8, gp, s3
core   0: 1 0x0000000080005bbc (0x03318c33) x24 0x0000000000000000
core   0: 0x0000000080005bc0 (0x539d754b) fnmsub.d fa0, fs10, fs9, fa0
core   0: 1 0x0000000080005bc0 (0x539d754b) f10 0x7ff8000000000000
core   0: 0x0000000080005bc4 (0xd2160653) fcvt.d.wu fa2, a2
core   0: 1 0x0000000080005bc4 (0xd2160653) f12 0x40a4000000000000
core   0: 0x0000000080005bc8 (0x0ff0000f) fence   iorw,iorw
core   0: 1 0x0000000080005bc8 (0x0ff0000f)
core   0: 0x0000000080005bcc (0x00179693) slli    a3, a5, 1
core   0: 1 0x0000000080005bcc (0x00179693) x13 0x000000010000b778
core   0: 0x0000000080005bd0 (0xc2137353) fcvt.wu.d t1, ft6
core   0: 1 0x0000000080005bd0 (0xc2137353) c1_fflags 0x000000000000001d x6  0xffffffffffffffff
core   0: 0x0000000080005bd4 (0x40855b3b) sraw    s6, a0, s0
core   0: 1 0x0000000080005bd4 (0x40855b3b) x22 0x000000000000000b
core   0: 0x0000000080005bd8 (0x0071959b) slliw   a1, gp, 7
core   0: 1 0x0000000080005bd8 (0x0071959b) x11 0x000000004da28b00
core   0: 0x0000000080005bdc (0xd6298393) addi    t2, s3, -670
core   0: 1 0x0000000080005bdc (0xd6298393) x7  0xfffffffffffffd62
core   0: 0x0000000080005be0 (0x9aa94513) xori    a0, s2, -1622
core   0: 1 0x0000000080005be0 (0x9aa94513) x10 0xfffffffffffff9aa
core   0: 0x0000000080005be4 (0x007558b3) srl     a7, a0, t2
core   0: 1 0x0000000080005be4 (0x007558b3) x17 0x000000003fffffff
core   0: 0x0000000080005be8 (0x02ddcdbb) divw    s11, s11, a3
core   0: 1 0x0000000080005be8 (0x02ddcdbb) x27 0x0000000000000000
core   0: 0x0000000080005bec (0x030dd7b3) divu    a5, s11, a6
core   0: 1 0x0000000080005bec (0x030dd7b3) x15 0x0000000000000000
core   0: 0x0000000080005bf0 (0x7ff10c9b) addiw   s9, sp, 2047
core   0: 1 0x0000000080005bf0 (0x7ff10c9b) x25 0x0000000000005ed8
core   0: 0x0000000080005bf4 (0x03bcf9b3) remu    s3, s9, s11
core   0: 1 0x0000000080005bf4 (0x03bcf9b3) x19 0x0000000000005ed8
core   0: 0x0000000080005bf8 (0x41690b3b) subw    s6, s2, s6
core   0: 1 0x0000000080005bf8 (0x41690b3b) x22 0xfffffffffffffff5
core   0: 0x0000000080005bfc (0x42f1d793) srai    a5, gp, 47
core   0: 1 0x0000000080005bfc (0x42f1d793) x15 0x0000000000000000
core   0: 0x0000000080005c00 (0x3be176cf) fnmadd.d fa3, ft2, ft10, ft7
core   0: 1 0x0000000080005c00 (0x3be176cf) f13 0x7ff8000000000000
core   0: 0x0000000080005c04 (0x02fb53bb) divuw   t2, s6, a5
core   0: 1 0x0000000080005c04 (0x02fb53bb) x7  0xffffffffffffffff
core   0: 0x0000000080005c08 (0xc02a7bd3) fcvt.l.s s7, fs4
core   0: 1 0x0000000080005c08 (0xc02a7bd3) c1_fflags 0x000000000000001d x23 0x7fffffffffffffff
core   0: 0x0000000080005c0c (0xa22682d3) fle.d   t0, fa3, ft2
core   0: 1 0x0000000080005c0c (0xa22682d3) c1_fflags 0x000000000000001d x5  0x0000000000000000
core   0: 0x0000000080005c10 (0x03251613) slli    a2, a0, 50
core   0: 1 0x0000000080005c10 (0x03251613) x12 0xe6a8000000000000
core   0: 0x0000000080005c14 (0xf2060dd3) fmv.d.x fs11, a2
core   0: 1 0x0000000080005c14 (0xf2060dd3) f27 0xe6a8000000000000
core   0: 0x0000000080005c18 (0x002719f3) csrrw   s3, frm, a4
core   0: 1 0x0000000080005c18 (0x002719f3) x19 0x0000000000000003 c2_frm 0x0000000000000002
core   0: 0x0000000080005c1c (0x02311713) slli    a4, sp, 35
core   0: 1 0x0000000080005c1c (0x02311713) x14 0x0002b6c800000000
core   0: 0x0000000080005c20 (0x00141073) csrrw   zero, fflags, s0
core   0: 1 0x0000000080005c20 (0x00141073) c1_fflags 0x0000000000000000
core   0: 0x0000000080005c24 (0x0005e693) ori     a3, a1, 0
core   0: 1 0x0000000080005c24 (0x0005e693) x13 0x000000004da28b00
core   0: 0x0000000080005c28 (0x52c5fe4f) fnmadd.d ft8, fa1, fa2, fa0
core   0: 1 0x0000000080005c28 (0x52c5fe4f) f28 0x7ff8000000000000
core   0: 0x0000000080005c2c (0x4061043b) subw    s0, sp, t1
core   0: 1 0x0000000080005c2c (0x4061043b) x8  0x00000000000056da
core   0: 0x0000000080005c30 (0x4009da1b) sraiw   s4, s3, 0
core   0: 1 0x0000000080005c30 (0x4009da1b) x20 0x0000000000000003
core   0: 0x0000000080005c34 (0xbd616e13) ori     t3, sp, -1066
core   0: 1 0x0000000080005c34 (0xbd616e13) x28 0xffffffffffffffdf
core   0: 0x0000000080005c38 (0x401edd9b) sraiw   s11, t4, 1
core   0: 1 0x0000000080005c38 (0x401edd9b) x27 0x0000000000000000
core   0: 0x0000000080005c3c (0x409a5093) srai    ra, s4, 9
core   0: 1 0x0000000080005c3c (0x409a5093) x1  0x0000000000000000
core   0: 0x0000000080005c40 (0x0b5ee5b7) lui     a1, 0xb5ee
core   0: 1 0x0000000080005c40 (0x0b5ee5b7) x11 0x000000000b5ee000
core   0: 0x0000000080005c44 (0x011308bb) addw    a7, t1, a7
core   0: 1 0x0000000080005c44 (0x011308bb) x17 0x000000003ffffffe
core   0: 0x0000000080005c48 (0x001bd01b) srliw   zero, s7, 1
core   0: 1 0x0000000080005c48 (0x001bd01b)
core   0: 0x0000000080005c4c (0x010a1cbb) sllw    s9, s4, a6
core   0: 1 0x0000000080005c4c (0x010a1cbb) x25 0x0000000000000030
core   0: 0x0000000080005c50 (0x019c85b3) add     a1, s9, s9
core   0: 1 0x0000000080005c50 (0x019c85b3) x11 0x0000000000000060
core   0: 0x0000000080005c54 (0x00000001) c.nop
core   0: 1 0x0000000080005c54 (0x0001)
core   0: 0x0000000080005c56 (0x415bd033) sra     zero, s7, s5
core   0: 1 0x0000000080005c56 (0x415bd033)
core   0: 0x0000000080005c5a (0x00102d73) csrrs   s10, fflags, zero
core   0: 1 0x0000000080005c5a (0x00102d73) x26 0x0000000000000000
core   0: 0x0000000080005c5e (0x03114bb3) div     s7, sp, a7
core   0: 1 0x0000000080005c5e (0x03114bb3) x23 0x0000000000000000
core   0: 0x0000000080005c62 (0x3b8e7c4b) fnmsub.d fs8, ft8, fs8, ft7
core   0: 1 0x0000000080005c62 (0x3b8e7c4b) f24 0x7ff8000000000000
core   0: 0x0000000080005c66 (0x02ad653b) remw    a0, s10, a0
core   0: 1 0x0000000080005c66 (0x02ad653b) x10 0x0000000000000000
core   0: 0x0000000080005c6a (0x01a0a133) slt     sp, ra, s10
core   0: 1 0x0000000080005c6a (0x01a0a133) x2  0x0000000000000000
core   0: 0x0000000080005c6e (0x40d156b3) sra     a3, sp, a3
core   0: 1 0x0000000080005c6e (0x40d156b3) x13 0x0000000000000000
core   0: 0x0000000080005c72 (0x4012d79b) sraiw   a5, t0, 1
core   0: 1 0x0000000080005c72 (0x4012d79b) x15 0x0000000000000000
core   0: 0x0000000080005c76 (0xc814b273) csrrc   tp, timeh, s1
core   0: exception trap_illegal_instruction, epc 0x0000000080005c76
core   0:           tval 0x00000000c814b273
core   0: >>>>  $xrv64i2p1_m2p0_a2p1_f2p2_d2p2_zicsr2p0_zifencei2p0_zmmul1p0_zba1p0_zbb1p0_zbc1p0_zbs1p0
core   0: 0x0000000080004000 (0x0080006f) j       pc + 0x8
core   0: 3 0x0000000080004000 (0x0080006f)
core   0: >>>>  mmode_exception_handler
core   0: 0x0000000080004008 (0x00002c17) auipc   s8, 0x2
core   0: 3 0x0000000080004008 (0x00002c17) x24 0x0000000080006008
core   0: 0x000000008000400c (0x016c0c13) addi    s8, s8, 22
core   0: 3 0x000000008000400c (0x016c0c13) x24 0x000000008000601e
core   0: 0x0000000080004010 (0x000c00e7) jalr    s8
core   0: 3 0x0000000080004010 (0x000c00e7) x1  0x0000000080004014
core   0: >>>>  any_handler
core   0: 0x000000008000601e (0x341027f3) csrrs   a5, mepc, zero
core   0: 3 0x000000008000601e (0x341027f3) x15 0x0000000080005c76
core   0: 0x0000000080006022 (0x34202773) csrrs   a4, mcause, zero
core   0: 3 0x0000000080006022 (0x34202773) x14 0x0000000000000002
core   0: 0x0000000080006026 (0x142026f3) csrrs   a3, scause, zero
core   0: 3 0x0000000080006026 (0x142026f3) x13 0x0000000000000003
core   0: 0x000000008000602a (0x30402673) csrrs   a2, mie, zero
core   0: 3 0x000000008000602a (0x30402673) x12 0x0000000000000a00
core   0: 0x000000008000602e (0x344025f3) csrrs   a1, mip, zero
core   0: 3 0x000000008000602e (0x344025f3) x11 0x0000000000000080
core   0: 0x0000000080006032 (0x343025f3) csrrs   a1, mtval, zero
core   0: 3 0x0000000080006032 (0x343025f3) x11 0x00000000c814b273
core   0: 0x0000000080006036 (0x14302573) csrrs   a0, stval, zero
core   0: 3 0x0000000080006036 (0x14302573) x10 0x000000000000000b
core   0: 0x000000008000603a (0xb02024f3) csrrs   s1, minstret, zero
core   0: 3 0x000000008000603a (0xb02024f3) x9  0x00000000000011c2
core   0: 0x000000008000603e (0x0000a811) c.j     pc + 20
core   0: 3 0x000000008000603e (0xa811)
core   0: >>>>  mepc_4
core   0: 0x0000000080006052 (0x00000791) c.addi  a5, 4
core   0: 3 0x0000000080006052 (0x0791) x15 0x0000000080005c7a
core   0: 0x0000000080006054 (0x34179073) csrrw   zero, mepc, a5
core   0: 3 0x0000000080006054 (0x34179073) c833_mepc 0x0000000080005c7a
core   0: 0x0000000080006058 (0x30200073) mret
core   0: 3 0x0000000080006058 (0x30200073) c768_mstatus 0x8000000a00106080
core   0: 0x0000000080005c7a (0xfff14c93) not     s9, sp
core   0: 1 0x0000000080005c7a (0xfff14c93) x25 0xffffffffffffffff
core   0: 0x0000000080005c7e (0x0158ab33) slt     s6, a7, s5
core   0: 1 0x0000000080005c7e (0x0158ab33) x22 0x0000000000000000
core   0: 0x0000000080005c82 (0x5a077453) fsqrt.d fs0, fa4
core   0: 1 0x0000000080005c82 (0x5a077453) f8  0x7ff8000000000000
core   0: 0x0000000080005c86 (0x88cfa697) auipc   a3, 0x88cfa
core   0: 1 0x0000000080005c86 (0x88cfa697) x13 0x0000000008cffc86
core   0: 0x0000000080005c8a (0xc21bf453) fcvt.wu.d s0, fs7
core   0: 1 0x0000000080005c8a (0xc21bf453) x8  0x0000000000000dda
core   0: 0x0000000080005c8e (0x01d89ebb) sllw    t4, a7, t4
core   0: 1 0x0000000080005c8e (0x01d89ebb) x29 0x000000007ffffffc
core   0: 0x0000000080005c92 (0x029bdcbb) divuw   s9, s7, s1
core   0: 1 0x0000000080005c92 (0x029bdcbb) x25 0x0000000000000000
core   0: 0x0000000080005c96 (0x023b7dd3) fadd.d  fs11, fs6, ft3
core   0: 1 0x0000000080005c96 (0x023b7dd3) f27 0x7ff8000000000000
core   0: 0x0000000080005c9a (0x002cd133) srl     sp, s9, sp
core   0: 1 0x0000000080005c9a (0x002cd133) x2  0x0000000000000000
core   0: 0x0000000080005c9e (0x40127553) fcvt.s.d fa0, ft4
core   0: 1 0x0000000080005c9e (0x40127553) f10 0xffffffff7fc00000
core   0: 0x0000000080005ca2 (0x01f1111b) slliw   sp, sp, 31
core   0: 1 0x0000000080005ca2 (0x01f1111b) x2  0x0000000000000000
core   0: 0x0000000080005ca6 (0x011179b3) and     s3, sp, a7
core   0: 1 0x0000000080005ca6 (0x011179b3) x19 0x0000000000000000
core   0: 0x0000000080005caa (0x5afb029b) addiw   t0, s6, 1455
core   0: 1 0x0000000080005caa (0x5afb029b) x5  0x00000000000005af
core   0: 0x0000000080005cae (0x0094d433) srl     s0, s1, s1
core   0: 1 0x0000000080005cae (0x0094d433) x8  0x0000000000000470
core   0: 0x0000000080005cb2 (0xfff96913) ori     s2, s2, -1
core   0: 1 0x0000000080005cb2 (0xfff96913) x18 0xffffffffffffffff
core   0: 0x0000000080005cb6 (0x001b7e13) andi    t3, s6, 1
core   0: 1 0x0000000080005cb6 (0x001b7e13) x28 0x0000000000000000
core   0: 0x0000000080005cba (0x01c203bb) addw    t2, tp, t3
core   0: 1 0x0000000080005cba (0x01c203bb) x7  0x000000003adbb000
core   0: 0x0000000080005cbe (0xc0267a53) fcvt.l.s s4, fa2
core   0: 1 0x0000000080005cbe (0xc0267a53) c1_fflags 0x0000000000000010 x20 0x7fffffffffffffff
core   0: 0x0000000080005cc2 (0x800a7293) andi    t0, s4, -2048
core   0: 1 0x0000000080005cc2 (0x800a7293) x5  0x7ffffffffffff800
core   0: 0x0000000080005cc6 (0x02e64733) div     a4, a2, a4
core   0: 1 0x0000000080005cc6 (0x02e64733) x14 0x0000000000000500
core   0: 0x0000000080005cca (0x0b3cfad3) fsub.d  fs5, fs9, fs3
core   0: 1 0x0000000080005cca (0x0b3cfad3) f21 0x7ff8000000000000
core   0: 0x0000000080005cce (0x5a0af0d3) fsqrt.d ft1, fs5
core   0: 1 0x0000000080005cce (0x5a0af0d3) f1  0x7ff8000000000000
core   0: 0x0000000080005cd2 (0xf2028653) fmv.d.x fa2, t0
core   0: 1 0x0000000080005cd2 (0xf2028653) f12 0x7ffffffffffff800
core   0: 0x0000000080005cd6 (0x40310cb3) sub     s9, sp, gp
core   0: 1 0x0000000080005cd6 (0x40310cb3) x25 0xffffffffdf64baea
core   0: 0x0000000080005cda (0x00000001) c.nop
core   0: 1 0x0000000080005cda (0x0001)
core   0: 0x0000000080005cdc (0x826d784b) fnmsub.d fa6, fs10, ft6, fa6
core   0: 1 0x0000000080005cdc (0x826d784b) f16 0x7ff8000000000000
core   0: 0x0000000080005ce0 (0x226805d3) fsgnj.d fa1, fa6, ft6
core   0: 1 0x0000000080005ce0 (0x226805d3) f11 0x7ff8000000000000
core   0: 0x0000000080005ce4 (0x222797d3) fsgnjn.d fa5, fa5, ft2
core   0: 1 0x0000000080005ce4 (0x222797d3) f15 0xfff8000000000000
core   0: 0x0000000080005ce8 (0x02aa7053) fadd.d  ft0, fs4, fa0
core   0: 1 0x0000000080005ce8 (0x02aa7053) f0  0x7ff8000000000000
core   0: 0x0000000080005cec (0x020ced33) rem     s10, s9, zero
core   0: 1 0x0000000080005cec (0x020ced33) x26 0xffffffffdf64baea
core   0: 0x0000000080005cf0 (0x0c2d6797) auipc   a5, 0xc2d6
core   0: 1 0x0000000080005cf0 (0x0c2d6797) x15 0x000000008c2dbcf0
core   0: 0x0000000080005cf4 (0x2af994d3) fmax.d  fs1, fs3, fa5
core   0: 1 0x0000000080005cf4 (0x2af994d3) f9  0x7ff8000000000000
core   0: 0x0000000080005cf8 (0x00fbabb3) slt     s7, s7, a5
core   0: 1 0x0000000080005cf8 (0x00fbabb3) x23 0x0000000000000001
core   0: 0x0000000080005cfc (0x010cda33) srl     s4, s9, a6
core   0: 1 0x0000000080005cfc (0x010cda33) x20 0x0ffffffffdf64bae
core   0: 0x0000000080005d00 (0x0a2373d3) fsub.d  ft7, ft6, ft2
core   0: 1 0x0000000080005d00 (0x0a2373d3) f7  0x7ff8000000000000
core   0: 0x0000000080005d04 (0x01967db3) and     s11, a2, s9
core   0: 1 0x0000000080005d04 (0x01967db3) x27 0x0000000000000a00
core   0: 0x0000000080005d08 (0x40ecd71b) sraiw   a4, s9, 14
core   0: 1 0x0000000080005d08 (0x40ecd71b) x14 0xffffffffffff7d92
core   0: 0x0000000080005d0c (0x03762bb3) mulhsu  s7, a2, s7
core   0: 1 0x0000000080005d0c (0x03762bb3) x23 0x0000000000000000
core   0: 0x0000000080005d10 (0x1343f0d3) fmul.d  ft1, ft7, fs4
core   0: 1 0x0000000080005d10 (0x1343f0d3) f1  0x7ff8000000000000
core   0: 0x0000000080005d14 (0x02e7e73b) remw    a4, a5, a4
core   0: 1 0x0000000080005d14 (0x02e7e73b) x14 0xffffffffffff909a
core   0: 0x0000000080005d18 (0x00d6ab33) slt     s6, a3, a3
core   0: 1 0x0000000080005d18 (0x00d6ab33) x22 0x0000000000000000
core   0: 0x0000000080005d1c (0x0238f2b3) remu    t0, a7, gp
core   0: 1 0x0000000080005d1c (0x0238f2b3) x5  0x000000001f64bae8
core   0: 0x0000000080005d20 (0xc20b7353) fcvt.w.d t1, fs6
core   0: 1 0x0000000080005d20 (0xc20b7353) c1_fflags 0x0000000000000010 x6  0x000000007fffffff
core   0: 0x0000000080005d24 (0x00000001) c.nop
core   0: 1 0x0000000080005d24 (0x0001)
core   0: 0x0000000080005d26 (0x005b5e3b) srlw    t3, s6, t0
core   0: 1 0x0000000080005d26 (0x005b5e3b) x28 0x0000000000000000
core   0: 0x0000000080005d2a (0x141fdef3) csrrwi  t4, sepc, 31
core   0: 1 0x0000000080005d2a (0x141fdef3) x29 0x0000000000000000 c321_sepc 0x000000000000001e
core   0: 0x0000000080005d2e (0x000ad39b) srliw   t2, s5, 0
core   0: 1 0x0000000080005d2e (0x000ad39b) x7  0x0000000000000000
core   0: 0x0000000080005d32 (0x035ee1b3) rem     gp, t4, s5
core   0: 1 0x0000000080005d32 (0x035ee1b3) x3  0x0000000000000000
core   0: 0x0000000080005d36 (0x01090db3) add     s11, s2, a6
core   0: 1 0x0000000080005d36 (0x01090db3) x27 0x0000000000000003
core   0: 0x0000000080005d3a (0x42050553) fcvt.d.s fa0, fa0
core   0: 1 0x0000000080005d3a (0x42050553) f10 0x7ff8000000000000
core   0: 0x0000000080005d3e (0xc234f9d3) fcvt.lu.d s3, fs1
core   0: 1 0x0000000080005d3e (0xc234f9d3) c1_fflags 0x0000000000000010 x19 0xffffffffffffffff
core   0: 0x0000000080005d42 (0x420e0953) fcvt.d.s fs2, ft8
core   0: 1 0x0000000080005d42 (0x420e0953) f18 0x7ff8000000000000
core   0: 0x0000000080005d46 (0x41f0501b) sraiw   zero, zero, 31
core   0: 1 0x0000000080005d46 (0x41f0501b)
core   0: 0x0000000080005d4a (0x001d1913) slli    s2, s10, 1
core   0: 1 0x0000000080005d4a (0x001d1913) x18 0xffffffffbec975d4
core   0: 0x0000000080005d4e (0x40a9093b) subw    s2, s2, a0
core   0: 1 0x0000000080005d4e (0x40a9093b) x18 0xffffffffbec975c9
core   0: 0x0000000080005d52 (0x22aaa253) fsgnjx.d ft4, fs5, fa0
core   0: 1 0x0000000080005d52 (0x22aaa253) f4  0x7ff8000000000000
core   0: 0x0000000080005d56 (0x2bce12d3) fmax.d  ft5, ft8, ft8
core   0: 1 0x0000000080005d56 (0x2bce12d3) f5  0x7ff8000000000000
core   0: 0x0000000080005d5a (0xd2297cd3) fcvt.d.l fs9, s2
core   0: 1 0x0000000080005d5a (0xd2297cd3) f25 0xc1d04da28dc00000
core   0: 0x0000000080005d5e (0xc0287b53) fcvt.l.s s6, fa6
core   0: 1 0x0000000080005d5e (0xc0287b53) c1_fflags 0x0000000000000010 x22 0x7fffffffffffffff
core   0: 0x0000000080005d62 (0x334474cb) fnmsub.d fs1, fs0, fs4, ft6
core   0: 1 0x0000000080005d62 (0x334474cb) f9  0x7ff8000000000000
core   0: 0x0000000080005d66 (0x420485d3) fcvt.d.s fa1, fs1
core   0: 1 0x0000000080005d66 (0x420485d3) f11 0x7ff8000000000000
core   0: 0x0000000080005d6a (0xc23473d3) fcvt.lu.d t2, fs0
core   0: 1 0x0000000080005d6a (0xc23473d3) c1_fflags 0x0000000000000010 x7  0xffffffffffffffff
core   0: 0x0000000080005d6e (0x1e29a517) auipc   a0, 0x1e29a
core   0: 1 0x0000000080005d6e (0x1e29a517) x10 0x000000009e29fd6e
core   0: 0x0000000080005d72 (0x00f7983b) sllw    a6, a5, a5
core   0: 1 0x0000000080005d72 (0x00f7983b) x16 0xffffffffbcf00000
core   0: 0x0000000080005d76 (0xc209f3d3) fcvt.w.d t2, fs3
core   0: 1 0x0000000080005d76 (0xc209f3d3) c1_fflags 0x0000000000000010 x7  0x000000007fffffff
core   0: 0x0000000080005d7a (0x02b7a0b3) mulhsu  ra, a5, a1
core   0: 1 0x0000000080005d7a (0x02b7a0b3) x1  0x0000000000000000
core   0: 0x0000000080005d7e (0x0183a8b3) slt     a7, t2, s8
core   0: 1 0x0000000080005d7e (0x0183a8b3) x17 0x0000000000000001
core   0: 0x0000000080005d82 (0x94286c93) ori     s9, a6, -1726
core   0: 1 0x0000000080005d82 (0x94286c93) x25 0xfffffffffffff942
core   0: 0x0000000080005d86 (0x29c1001b) addiw   zero, sp, 668
core   0: 1 0x0000000080005d86 (0x29c1001b)
core   0: 0x0000000080005d8a (0xd0387353) fcvt.s.lu ft6, a6
core   0: 1 0x0000000080005d8a (0xd0387353) c1_fflags 0x0000000000000011 f6  0xffffffff5f7fffff
core   0: 0x0000000080005d8e (0xd038f6d3) fcvt.s.lu fa3, a7
core   0: 1 0x0000000080005d8e (0xd038f6d3) f13 0xffffffff3f800000
core   0: 0x0000000080005d92 (0x405184bb) subw    s1, gp, t0
core   0: 1 0x0000000080005d92 (0x405184bb) x9  0xffffffffe09b4518
core   0: 0x0000000080005d96 (0xf20c8c53) fmv.d.x fs8, s9
core   0: 1 0x0000000080005d96 (0xf20c8c53) f24 0xfffffffffffff942
core   0: 0x0000000080005d9a (0x0384cabb) divw    s5, s1, s8
core   0: 1 0x0000000080005d9a (0x0384cabb) x21 0x0000000000000000
core   0: 0x0000000080005d9e (0x01979a1b) slliw   s4, a5, 25
core   0: 1 0x0000000080005d9e (0x01979a1b) x20 0xffffffffe0000000
core   0: 0x0000000080005da2 (0x4138083b) subw    a6, a6, s3
core   0: 1 0x0000000080005da2 (0x4138083b) x16 0xffffffffbcf00001
core   0: 0x0000000080005da6 (0x0077d6bb) srlw    a3, a5, t2
core   0: 1 0x0000000080005da6 (0x0077d6bb) x13 0x0000000000000001
core   0: 0x0000000080005daa (0x40177ad3) fcvt.s.d fs5, fa4
core   0: 1 0x0000000080005daa (0x40177ad3) f21 0xffffffff7fc00000
core   0: 0x0000000080005dae (0x0047161b) slliw   a2, a4, 4
core   0: 1 0x0000000080005dae (0x0047161b) x12 0xfffffffffff909a0
core   0: 0x0000000080005db2 (0x014a7a33) and     s4, s4, s4
core   0: 1 0x0000000080005db2 (0x014a7a33) x20 0xffffffffe0000000
core   0: 0x0000000080005db6 (0x00e88dbb) addw    s11, a7, a4
core   0: 1 0x0000000080005db6 (0x00e88dbb) x27 0xffffffffffff909b
core   0: 0x0000000080005dba (0xab5474c7) fmsub.d fs1, fs0, fs5, fs5
core   0: 1 0x0000000080005dba (0xab5474c7) f9  0x7ff8000000000000
core   0: 0x0000000080005dbe (0x01b78c33) add     s8, a5, s11
core   0: 1 0x0000000080005dbe (0x01b78c33) x24 0x000000008c2d4d8b
core   0: 0x0000000080005dc2 (0xc20f7e53) fcvt.w.d t3, ft10
core   0: 1 0x0000000080005dc2 (0xc20f7e53) c1_fflags 0x0000000000000011 x28 0x000000007fffffff
core   0: 0x0000000080005dc6 (0x00008515) c.srai  a0, 5
core   0: 1 0x0000000080005dc6 (0x8515) x10 0x0000000004f14feb
core   0: 0x0000000080005dc8 (0xf1307bf3) csrrci  s7, mimpid, 0
core   0: exception trap_illegal_instruction, epc 0x0000000080005dc8
core   0:           tval 0x00000000f1307bf3
core   0: >>>>  $xrv64i2p1_m2p0_a2p1_f2p2_d2p2_zicsr2p0_zifencei2p0_zmmul1p0_zba1p0_zbb1p0_zbc1p0_zbs1p0
core   0: 0x0000000080004000 (0x0080006f) j       pc + 0x8
core   0: 3 0x0000000080004000 (0x0080006f)
core   0: >>>>  mmode_exception_handler
core   0: 0x0000000080004008 (0x00002c17) auipc   s8, 0x2
core   0: 3 0x0000000080004008 (0x00002c17) x24 0x0000000080006008
core   0: 0x000000008000400c (0x016c0c13) addi    s8, s8, 22
core   0: 3 0x000000008000400c (0x016c0c13) x24 0x000000008000601e
core   0: 0x0000000080004010 (0x000c00e7) jalr    s8
core   0: 3 0x0000000080004010 (0x000c00e7) x1  0x0000000080004014
core   0: >>>>  any_handler
core   0: 0x000000008000601e (0x341027f3) csrrs   a5, mepc, zero
core   0: 3 0x000000008000601e (0x341027f3) x15 0x0000000080005dc8
core   0: 0x0000000080006022 (0x34202773) csrrs   a4, mcause, zero
core   0: 3 0x0000000080006022 (0x34202773) x14 0x0000000000000002
core   0: 0x0000000080006026 (0x142026f3) csrrs   a3, scause, zero
core   0: 3 0x0000000080006026 (0x142026f3) x13 0x0000000000000003
core   0: 0x000000008000602a (0x30402673) csrrs   a2, mie, zero
core   0: 3 0x000000008000602a (0x30402673) x12 0x0000000000000a00
core   0: 0x000000008000602e (0x344025f3) csrrs   a1, mip, zero
core   0: 3 0x000000008000602e (0x344025f3) x11 0x0000000000000080
core   0: 0x0000000080006032 (0x343025f3) csrrs   a1, mtval, zero
core   0: 3 0x0000000080006032 (0x343025f3) x11 0x00000000f1307bf3
core   0: 0x0000000080006036 (0x14302573) csrrs   a0, stval, zero
core   0: 3 0x0000000080006036 (0x14302573) x10 0x000000000000000b
core   0: 0x000000008000603a (0xb02024f3) csrrs   s1, minstret, zero
core   0: 3 0x000000008000603a (0xb02024f3) x9  0x0000000000001227
core   0: 0x000000008000603e (0x0000a811) c.j     pc + 20
core   0: 3 0x000000008000603e (0xa811)
core   0: >>>>  mepc_4
core   0: 0x0000000080006052 (0x00000791) c.addi  a5, 4
core   0: 3 0x0000000080006052 (0x0791) x15 0x0000000080005dcc
core   0: 0x0000000080006054 (0x34179073) csrrw   zero, mepc, a5
core   0: 3 0x0000000080006054 (0x34179073) c833_mepc 0x0000000080005dcc
core   0: 0x0000000080006058 (0x30200073) mret
core   0: 3 0x0000000080006058 (0x30200073) c768_mstatus 0x8000000a00106080
core   0: 0x0000000080005dcc (0x09b26393) ori     t2, tp, 155
core   0: 1 0x0000000080005dcc (0x09b26393) x7  0x000000003adbb09b
core   0: 0x0000000080005dd0 (0xf2090b53) fmv.d.x fs6, s2
core   0: 1 0x0000000080005dd0 (0xf2090b53) f22 0xffffffffbec975c9
core   0: 0x0000000080005dd4 (0x012254bb) srlw    s1, tp, s2
core   0: 1 0x0000000080005dd4 (0x012254bb) x9  0x00000000001d6dd8
core   0: 0x0000000080005dd8 (0x0376d6bb) divuw   a3, a3, s7
core   0: 1 0x0000000080005dd8 (0x0376d6bb) x13 0xffffffffffffffff
core   0: 0x0000000080005ddc (0xd03bf2d3) fcvt.s.lu ft5, s7
core   0: 1 0x0000000080005ddc (0xd03bf2d3) f5  0xffffffff00000000
core   0: 0x0000000080005de0 (0x9316f743) fmadd.d fa4, fa3, fa7, fs2
core   0: 1 0x0000000080005de0 (0x9316f743) f14 0x7ff8000000000000
core   0: 0x0000000080005de4 (0x038bc4bb) divw    s1, s7, s8
core   0: 1 0x0000000080005de4 (0x038bc4bb) x9  0x0000000000000000
core   0: 0x0000000080005de8 (0x00076713) ori     a4, a4, 0
core   0: 1 0x0000000080005de8 (0x00076713) x14 0x0000000000000002
core   0: 0x0000000080005dec (0xc222f5d3) fcvt.l.d a1, ft5
core   0: 1 0x0000000080005dec (0xc222f5d3) c1_fflags 0x0000000000000011 x11 0x7fffffffffffffff
core   0: 0x0000000080005df0 (0x01c61193) slli    gp, a2, 28
core   0: 1 0x0000000080005df0 (0x01c61193) x3  0x000000a000000000
core   0: 0x0000000080005df4 (0xec6b2797) auipc   a5, 0xec6b2
core   0: 1 0x0000000080005df4 (0xec6b2797) x15 0x000000006c6b7df4
core   0: 0x0000000080005df8 (0x29fd8713) addi    a4, s11, 671
core   0: 1 0x0000000080005df8 (0x29fd8713) x14 0xffffffffffff933a
core   0: 0x0000000080005dfc (0xe9078a13) addi    s4, a5, -368
core   0: 1 0x0000000080005dfc (0xe9078a13) x20 0x000000006c6b7c84
core   0: 0x0000000080005e00 (0x40075d1b) sraiw   s10, a4, 0
core   0: 1 0x0000000080005e00 (0x40075d1b) x26 0xffffffffffff933a
core   0: 0x0000000080005e04 (0x43b5051b) addiw   a0, a0, 1083
core   0: 1 0x0000000080005e04 (0x43b5051b) x10 0x0000000000000446
core   0: 0x0000000080005e08 (0xfc1fbeb7) lui     t4, 0xfc1fb
core   0: 1 0x0000000080005e08 (0xfc1fbeb7) x29 0xfffffffffc1fb000
core   0: 0x0000000080005e0c (0x016a9ab3) sll     s5, s5, s6
core   0: 1 0x0000000080005e0c (0x016a9ab3) x21 0x0000000000000000
core   0: 0x0000000080005e10 (0x025ee8bb) remw    a7, t4, t0
core   0: 1 0x0000000080005e10 (0x025ee8bb) x17 0xfffffffffc1fb000
core   0: 0x0000000080005e14 (0x0b93f6d3) fsub.d  fa3, ft7, fs9
core   0: 1 0x0000000080005e14 (0x0b93f6d3) f13 0x7ff8000000000000
core   0: 0x0000000080005e18 (0x00fca7b3) slt     a5, s9, a5
core   0: 1 0x0000000080005e18 (0x00fca7b3) x15 0x0000000000000001
core   0: 0x0000000080005e1c (0x0027813b) addw    sp, a5, sp
core   0: 1 0x0000000080005e1c (0x0027813b) x2  0x0000000000000001
core   0: 0x0000000080005e20 (0x006df333) and     t1, s11, t1
core   0: 1 0x0000000080005e20 (0x006df333) x6  0x000000007fff909b
core   0: 0x0000000080005e24 (0x014d509b) srliw   ra, s10, 20
core   0: 1 0x0000000080005e24 (0x014d509b) x1  0x0000000000000fff
core   0: 0x0000000080005e28 (0x012d81bb) addw    gp, s11, s2
core   0: 1 0x0000000080005e28 (0x012d81bb) x3  0xffffffffbec90664
core   0: 0x0000000080005e2c (0x3a94744f) fnmadd.d fs0, fs0, fs1, ft7
core   0: 1 0x0000000080005e2c (0x3a94744f) f8  0x7ff8000000000000
core   0: 0x0000000080005e30 (0xfb37e737) lui     a4, 0xfb37e
core   0: 1 0x0000000080005e30 (0xfb37e737) x14 0xfffffffffb37e000
core   0: 0x0000000080005e34 (0xf1f7071b) addiw   a4, a4, -225
core   0: 1 0x0000000080005e34 (0xf1f7071b) x14 0xfffffffffb37df1f
core   0: 0x0000000080005e38 (0x00000732) c.slli  a4, 12
core   0: 1 0x0000000080005e38 (0x0732) x14 0xffffffb37df1f000
core   0: 0x0000000080005e3a (0x08670713) addi    a4, a4, 134
core   0: 1 0x0000000080005e3a (0x08670713) x14 0xffffffb37df1f086
core   0: 0x0000000080005e3e (0x00102373) csrrs   t1, fflags, zero
core   0: 1 0x0000000080005e3e (0x00102373) x6  0x0000000000000011
core   0: 0x0000000080005e42 (0x0ff0000f) fence   iorw,iorw
core   0: 1 0x0000000080005e42 (0x0ff0000f)
core   0: 0x0000000080005e46 (0xd02afe53) fcvt.s.l ft8, s5
core   0: 1 0x0000000080005e46 (0xd02afe53) f28 0xffffffff00000000
core   0: 0x0000000080005e4a (0x00000001) c.nop
core   0: 1 0x0000000080005e4a (0x0001)
core   0: 0x0000000080005e4c (0x4016561b) sraiw   a2, a2, 1
core   0: 1 0x0000000080005e4c (0x4016561b) x12 0x0000000000000500
core   0: 0x0000000080005e50 (0x02f65133) divu    sp, a2, a5
core   0: 1 0x0000000080005e50 (0x02f65133) x2  0x0000000000000500
core   0: 0x0000000080005e54 (0xe7aae737) lui     a4, 0xe7aae
core   0: 1 0x0000000080005e54 (0xe7aae737) x14 0xffffffffe7aae000
core   0: 0x0000000080005e58 (0xfff3e393) ori     t2, t2, -1
core   0: 1 0x0000000080005e58 (0xfff3e393) x7  0xffffffffffffffff
core   0: 0x0000000080005e5c (0xc036fd53) fcvt.lu.s s10, fa3
core   0: 1 0x0000000080005e5c (0xc036fd53) c1_fflags 0x0000000000000011 x26 0xffffffffffffffff
core   0: 0x0000000080005e60 (0x40cd5bbb) sraw    s7, s10, a2
core   0: 1 0x0000000080005e60 (0x40cd5bbb) x23 0xffffffffffffffff
core   0: 0x0000000080005e64 (0xe20707d3) fmv.x.d a5, fa4
core   0: 1 0x0000000080005e64 (0xe20707d3) x15 0x7ff8000000000000
core   0: 0x0000000080005e68 (0x002026f3) csrrs   a3, frm, zero
core   0: 1 0x0000000080005e68 (0x002026f3) x13 0x0000000000000002
core   0: 0x0000000080005e6c (0x008754bb) srlw    s1, a4, s0
core   0: 1 0x0000000080005e6c (0x008754bb) x9  0x000000000000e7aa
core   0: 0x0000000080005e70 (0xc219f9d3) fcvt.wu.d s3, fs3
core   0: 1 0x0000000080005e70 (0xc219f9d3) c1_fflags 0x0000000000000011 x19 0xffffffffffffffff
core   0: 0x0000000080005e74 (0x220402d3) fsgnj.d ft5, fs0, ft0
core   0: 1 0x0000000080005e74 (0x220402d3) f5  0x7ff8000000000000
core   0: 0x0000000080005e78 (0x01967533) and     a0, a2, s9
core   0: 1 0x0000000080005e78 (0x01967533) x10 0x0000000000000100
core   0: 0x0000000080005e7c (0x002028f3) csrrs   a7, frm, zero
core   0: 1 0x0000000080005e7c (0x002028f3) x17 0x0000000000000002
core   0: 0x0000000080005e80 (0x004a5233) srl     tp, s4, tp
core   0: 1 0x0000000080005e80 (0x004a5233) x4  0x000000006c6b7c84
core   0: 0x0000000080005e84 (0x0235c73b) divw    a4, a1, gp
core   0: 1 0x0000000080005e84 (0x0235c73b) x14 0x0000000000000000
core   0: 0x0000000080005e88 (0x7ff74393) xori    t2, a4, 2047
core   0: 1 0x0000000080005e88 (0x7ff74393) x7  0x00000000000007ff
core   0: 0x0000000080005e8c (0xf2060c53) fmv.d.x fs8, a2
core   0: 1 0x0000000080005e8c (0xf2060c53) f24 0x0000000000000500
core   0: 0x0000000080005e90 (0x00d6dbb3) srl     s7, a3, a3
core   0: 1 0x0000000080005e90 (0x00d6dbb3) x23 0x0000000000000000
core   0: 0x0000000080005e94 (0x02c6753b) remuw   a0, a2, a2
core   0: 1 0x0000000080005e94 (0x02c6753b) x10 0x0000000000000000
core   0: 0x0000000080005e98 (0xd2160353) fcvt.d.wu ft6, a2
core   0: 1 0x0000000080005e98 (0xd2160353) f6  0x4094000000000000
core   0: 0x0000000080005e9c (0x0252c2b3) div     t0, t0, t0
core   0: 1 0x0000000080005e9c (0x0252c2b3) x5  0x0000000000000001
core   0: 0x0000000080005ea0 (0x01a2cd33) xor     s10, t0, s10
core   0: 1 0x0000000080005ea0 (0x01a2cd33) x26 0xfffffffffffffffe
core   0: 0x0000000080005ea4 (0x0a2cff53) fsub.d  ft10, fs9, ft2
core   0: 1 0x0000000080005ea4 (0x0a2cff53) f30 0x7ff8000000000000
core   0: 0x0000000080005ea8 (0x0ff0000f) fence   iorw,iorw
core   0: 1 0x0000000080005ea8 (0x0ff0000f)
core   0: 0x0000000080005eac (0x03087833) remu    a6, a6, a6
core   0: 1 0x0000000080005eac (0x03087833) x16 0x0000000000000000
core   0: 0x0000000080005eb0 (0x2be787d3) fmin.d  fa5, fa5, ft10
core   0: 1 0x0000000080005eb0 (0x2be787d3) f15 0x7ff8000000000000
core   0: 0x0000000080005eb4 (0x01f75d9b) srliw   s11, a4, 31
core   0: 1 0x0000000080005eb4 (0x01f75d9b) x27 0x0000000000000000
core   0: 0x0000000080005eb8 (0x000dc1b3) xor     gp, s11, zero
core   0: 1 0x0000000080005eb8 (0x000dc1b3) x3  0x0000000000000000
core   0: 0x0000000080005ebc (0x40fd8617) auipc   a2, 0x40fd8
core   0: 1 0x0000000080005ebc (0x40fd8617) x12 0x00000000c0fddebc
core   0: 0x0000000080005ec0 (0x2ab485d3) fmin.d  fa1, fs1, fa1
core   0: 1 0x0000000080005ec0 (0x2ab485d3) f11 0x7ff8000000000000
core   0: 0x0000000080005ec4 (0x00000001) c.nop
core   0: 1 0x0000000080005ec4 (0x0001)
core   0: 0x0000000080005ec6 (0x0ff0000f) fence   iorw,iorw
core   0: 1 0x0000000080005ec6 (0x0ff0000f)
core   0: 0x0000000080005eca (0x81c5ec93) ori     s9, a1, -2020
core   0: 1 0x0000000080005eca (0x81c5ec93) x25 0xffffffffffffffff
core   0: 0x0000000080005ece (0xeb55f1cf) fnmadd.d ft3, fa1, fs5, ft9
core   0: 1 0x0000000080005ece (0xeb55f1cf) f3  0x7ff8000000000000
core   0: 0x0000000080005ed2 (0xfffb811b) addiw   sp, s7, -1
core   0: 1 0x0000000080005ed2 (0xfffb811b) x2  0xffffffffffffffff
core   0: 0x0000000080005ed6 (0x4006531b) sraiw   t1, a2, 0
core   0: 1 0x0000000080005ed6 (0x4006531b) x6  0xffffffffc0fddebc
core   0: 0x0000000080005eda (0x80ef8d97) auipc   s11, 0x80ef8
core   0: 1 0x0000000080005eda (0x80ef8d97) x27 0x0000000000efdeda
core   0: 0x0000000080005ede (0x03b37233) remu    tp, t1, s11
core   0: 1 0x0000000080005ede (0x03b37233) x4  0x00000000005a737e
core   0: 0x0000000080005ee2 (0x0265e2b3) rem     t0, a1, t1
core   0: 1 0x0000000080005ee2 (0x0265e2b3) x5  0x0000000001a6a54f
core   0: 0x0000000080005ee6 (0x40b9d9b3) sra     s3, s3, a1
core   0: 1 0x0000000080005ee6 (0x40b9d9b3) x19 0xffffffffffffffff
core   0: 0x0000000080005eea (0x02b9e8b3) rem     a7, s3, a1
core   0: 1 0x0000000080005eea (0x02b9e8b3) x17 0xffffffffffffffff
core   0: 0x0000000080005eee (0x00b3d6bb) srlw    a3, t2, a1
core   0: 1 0x0000000080005eee (0x00b3d6bb) x13 0x0000000000000000
core   0: 0x0000000080005ef2 (0x0075cdb3) xor     s11, a1, t2
core   0: 1 0x0000000080005ef2 (0x0075cdb3) x27 0x7ffffffffffff800
core   0: 0x0000000080005ef6 (0xc04bb973) csrrc   s2, hpmcounter4, s7
core   0: exception trap_illegal_instruction, epc 0x0000000080005ef6
core   0:           tval 0x00000000c04bb973
core   0: >>>>  $xrv64i2p1_m2p0_a2p1_f2p2_d2p2_zicsr2p0_zifencei2p0_zmmul1p0_zba1p0_zbb1p0_zbc1p0_zbs1p0
core   0: 0x0000000080004000 (0x0080006f) j       pc + 0x8
core   0: 3 0x0000000080004000 (0x0080006f)
core   0: >>>>  mmode_exception_handler
core   0: 0x0000000080004008 (0x00002c17) auipc   s8, 0x2
core   0: 3 0x0000000080004008 (0x00002c17) x24 0x0000000080006008
core   0: 0x000000008000400c (0x016c0c13) addi    s8, s8, 22
core   0: 3 0x000000008000400c (0x016c0c13) x24 0x000000008000601e
core   0: 0x0000000080004010 (0x000c00e7) jalr    s8
core   0: 3 0x0000000080004010 (0x000c00e7) x1  0x0000000080004014
core   0: >>>>  any_handler
core   0: 0x000000008000601e (0x341027f3) csrrs   a5, mepc, zero
core   0: 3 0x000000008000601e (0x341027f3) x15 0x0000000080005ef6
core   0: 0x0000000080006022 (0x34202773) csrrs   a4, mcause, zero
core   0: 3 0x0000000080006022 (0x34202773) x14 0x0000000000000002
core   0: 0x0000000080006026 (0x142026f3) csrrs   a3, scause, zero
core   0: 3 0x0000000080006026 (0x142026f3) x13 0x0000000000000003
core   0: 0x000000008000602a (0x30402673) csrrs   a2, mie, zero
core   0: 3 0x000000008000602a (0x30402673) x12 0x0000000000000a00
core   0: 0x000000008000602e (0x344025f3) csrrs   a1, mip, zero
core   0: 3 0x000000008000602e (0x344025f3) x11 0x0000000000000080
core   0: 0x0000000080006032 (0x343025f3) csrrs   a1, mtval, zero
core   0: 3 0x0000000080006032 (0x343025f3) x11 0x00000000c04bb973
core   0: 0x0000000080006036 (0x14302573) csrrs   a0, stval, zero
core   0: 3 0x0000000080006036 (0x14302573) x10 0x000000000000000b
core   0: 0x000000008000603a (0xb02024f3) csrrs   s1, minstret, zero
core   0: 3 0x000000008000603a (0xb02024f3) x9  0x0000000000001283
core   0: 0x000000008000603e (0x0000a811) c.j     pc + 20
core   0: 3 0x000000008000603e (0xa811)
core   0: >>>>  mepc_4
core   0: 0x0000000080006052 (0x00000791) c.addi  a5, 4
core   0: 3 0x0000000080006052 (0x0791) x15 0x0000000080005efa
core   0: 0x0000000080006054 (0x34179073) csrrw   zero, mepc, a5
core   0: 3 0x0000000080006054 (0x34179073) c833_mepc 0x0000000080005efa
core   0: 0x0000000080006058 (0x30200073) mret
core   0: 3 0x0000000080006058 (0x30200073) c768_mstatus 0x8000000a00106080
core   0: 0x0000000080005efa (0x2aeb0ed3) fmin.d  ft9, fs6, fa4
core   0: 1 0x0000000080005efa (0x2aeb0ed3) f29 0x7ff8000000000000
core   0: 0x0000000080005efe (0x0b19fd47) fmsub.d fs10, fs3, fa7, ft1
core   0: 1 0x0000000080005efe (0x0b19fd47) f26 0x7ff8000000000000
core   0: 0x0000000080005f02 (0x453b2617) auipc   a2, 0x453b2
core   0: 1 0x0000000080005f02 (0x453b2617) x12 0x00000000c53b7f02
core   0: 0x0000000080005f06 (0xc238f0d3) fcvt.lu.d ra, fa7
core   0: 1 0x0000000080005f06 (0xc238f0d3) c1_fflags 0x0000000000000011 x1  0xffffffffffffffff
core   0: 0x0000000080005f0a (0x13ce70d3) fmul.d  ft1, ft8, ft8
core   0: 1 0x0000000080005f0a (0x13ce70d3) f1  0x7ff8000000000000
core   0: 0x0000000080005f0e (0x00000001) c.nop
core   0: 1 0x0000000080005f0e (0x0001)
core   0: 0x0000000080005f10 (0x03a0b1b3) mulhu   gp, ra, s10
core   0: 1 0x0000000080005f10 (0x03a0b1b3) x3  0xfffffffffffffffd
core   0: 0x0000000080005f14 (0x2b3e1453) fmax.d  fs0, ft8, fs3
core   0: 1 0x0000000080005f14 (0x2b3e1453) f8  0x7ff8000000000000
core   0: 0x0000000080005f18 (0x5a09fed3) fsqrt.d ft9, fs3
core   0: 1 0x0000000080005f18 (0x5a09fed3) f29 0x7ff8000000000000
core   0: 0x0000000080005f1c (0x4b317513) andi    a0, sp, 1203
core   0: 1 0x0000000080005f1c (0x4b317513) x10 0x00000000000004b3
core   0: 0x0000000080005f20 (0x0087173b) sllw    a4, a4, s0
core   0: 1 0x0000000080005f20 (0x0087173b) x14 0x0000000000020000
core   0: 0x0000000080005f24 (0xe2098253) fmv.x.d tp, fs3
core   0: 1 0x0000000080005f24 (0xe2098253) x4  0xffffffff41880000
core   0: 0x0000000080005f28 (0x75244413) xori    s0, s0, 1874
core   0: 1 0x0000000080005f28 (0x75244413) x8  0x0000000000000322
core   0: 0x0000000080005f2c (0x0394d4b3) divu    s1, s1, s9
core   0: 1 0x0000000080005f2c (0x0394d4b3) x9  0x0000000000000000
core   0: 0x0000000080005f30 (0x4040d93b) sraw    s2, ra, tp
core   0: 1 0x0000000080005f30 (0x4040d93b) x18 0xffffffffffffffff
core   0: 0x0000000080005f34 (0x43f95193) srai    gp, s2, 63
core   0: 1 0x0000000080005f34 (0x43f95193) x3  0xffffffffffffffff
core   0: 0x0000000080005f38 (0x2aa98953) fmin.d  fs2, fs3, fa0
core   0: 1 0x0000000080005f38 (0x2aa98953) f18 0x7ff8000000000000
core   0: 0x0000000080005f3c (0x00411cbb) sllw    s9, sp, tp
core   0: 1 0x0000000080005f3c (0x00411cbb) x25 0xffffffffffffffff
core   0: 0x0000000080005f40 (0x7ff7e093) ori     ra, a5, 2047
core   0: 1 0x0000000080005f40 (0x7ff7e093) x1  0x0000000080005fff
core   0: 0x0000000080005f44 (0x42000453) fcvt.d.s fs0, ft0
core   0: 1 0x0000000080005f44 (0x42000453) f8  0x7ff8000000000000
core   0: 0x0000000080005f48 (0xe2000ed3) fmv.x.d t4, ft0
core   0: 1 0x0000000080005f48 (0xe2000ed3) x29 0x7ff8000000000000
core   0: 0x0000000080005f4c (0x01d2e1b3) or      gp, t0, t4
core   0: 1 0x0000000080005f4c (0x01d2e1b3) x3  0x7ff8000001a6a54f
core   0: 0x0000000080005f50 (0x02e30133) mul     sp, t1, a4
core   0: 1 0x0000000080005f50 (0x02e30133) x2  0xffff81fbbd780000
core   0: 0x0000000080005f54 (0x2b2b0153) fmin.d  ft2, fs6, fs2
core   0: 1 0x0000000080005f54 (0x2b2b0153) f2  0x7ff8000000000000
core   0: 0x0000000080005f58 (0xd22efed3) fcvt.d.l ft9, t4
core   0: 1 0x0000000080005f58 (0xd22efed3) f29 0x43dffe0000000000
core   0: 0x0000000080005f5c (0x2b1608d3) fmin.d  fa7, fa2, fa7
core   0: 1 0x0000000080005f5c (0x2b1608d3) f17 0x7ff8000000000000
core   0: 0x0000000080005f60 (0x40d78d3b) subw    s10, a5, a3
core   0: 1 0x0000000080005f60 (0x40d78d3b) x26 0xffffffff80005ef7
core   0: 0x0000000080005f64 (0x03ad50b3) divu    ra, s10, s10
core   0: 1 0x0000000080005f64 (0x03ad50b3) x1  0x0000000000000001
core   0: 0x0000000080005f68 (0x4040da3b) sraw    s4, ra, tp
core   0: 1 0x0000000080005f68 (0x4040da3b) x20 0x0000000000000001
core   0: 0x0000000080005f6c (0x4176579b) sraiw   a5, a2, 23
core   0: 1 0x0000000080005f6c (0x4176579b) x15 0xffffffffffffff8a
core   0: 0x0000000080005f70 (0x41590ab3) sub     s5, s2, s5
core   0: 1 0x0000000080005f70 (0x41590ab3) x21 0xffffffffffffffff
core   0: 0x0000000080005f74 (0x175ec813) xori    a6, t4, 373
core   0: 1 0x0000000080005f74 (0x175ec813) x16 0x7ff8000000000175
core   0: 0x0000000080005f78 (0xe2060a53) fmv.x.d s4, fa2
core   0: 1 0x0000000080005f78 (0xe2060a53) x20 0x7ffffffffffff800
core   0: 0x0000000080005f7c (0xc20b7253) fcvt.w.d tp, fs6
core   0: 1 0x0000000080005f7c (0xc20b7253) c1_fflags 0x0000000000000011 x4  0x000000007fffffff
core   0: 0x0000000080005f80 (0x7c3b8b93) addi    s7, s7, 1987
core   0: 1 0x0000000080005f80 (0x7c3b8b93) x23 0x00000000000007c3
core   0: 0x0000000080005f84 (0x000bc893) xori    a7, s7, 0
core   0: 1 0x0000000080005f84 (0x000bc893) x17 0x00000000000007c3
core   0: 0x0000000080005f88 (0x0016d69b) srliw   a3, a3, 1
core   0: 1 0x0000000080005f88 (0x0016d69b) x13 0x0000000000000001
core   0: 0x0000000080005f8c (0x0345beb3) mulhu   t4, a1, s4
core   0: 1 0x0000000080005f8c (0x0345beb3) x29 0x000000006025dcb9
core   0: 0x0000000080005f90 (0x5a0dfdd3) fsqrt.d fs11, fs11
core   0: 1 0x0000000080005f90 (0x5a0dfdd3) f27 0x7ff8000000000000
core   0: 0x0000000080005f94 (0x0132043b) addw    s0, tp, s3
core   0: 1 0x0000000080005f94 (0x0132043b) x8  0x000000007ffffffe
core   0: 0x0000000080005f98 (0x014a51b3) srl     gp, s4, s4
core   0: 1 0x0000000080005f98 (0x014a51b3) x3  0x7ffffffffffff800
core   0: 0x0000000080005f9c (0xf20a0b53) fmv.d.x fs6, s4
core   0: 1 0x0000000080005f9c (0xf20a0b53) f22 0x7ffffffffffff800
core   0: 0x0000000080005fa0 (0xc03df353) fcvt.lu.s t1, fs11
core   0: 1 0x0000000080005fa0 (0xc03df353) c1_fflags 0x0000000000000011 x6  0xffffffffffffffff
core   0: 0x0000000080005fa4 (0x2b709cd3) fmax.d  fs9, ft1, fs7
core   0: 1 0x0000000080005fa4 (0x2b709cd3) f25 0x40abb40000000000
core   0: 0x0000000080005fa8 (0x4005551b) sraiw   a0, a0, 0
core   0: 1 0x0000000080005fa8 (0x4005551b) x10 0x00000000000004b3
core   0: 0x0000000080005fac (0x0153509b) srliw   ra, t1, 21
core   0: 1 0x0000000080005fac (0x0153509b) x1  0x00000000000007ff
core   0: 0x0000000080005fb0 (0x01a312b3) sll     t0, t1, s10
core   0: 1 0x0000000080005fb0 (0x01a312b3) x5  0xff80000000000000
core   0: 0x0000000080005fb4 (0x01d3123b) sllw    tp, t1, t4
core   0: 1 0x0000000080005fb4 (0x01d3123b) x4  0xfffffffffe000000
core   0: 0x0000000080005fb8 (0x239ea0d3) fsgnjx.d ft1, ft9, fs9
core   0: 1 0x0000000080005fb8 (0x239ea0d3) f1  0x43dffe0000000000
core   0: 0x0000000080005fbc (0x2a7396d3) fmax.d  fa3, ft7, ft7
core   0: 1 0x0000000080005fbc (0x2a7396d3) f13 0x7ff8000000000000
core   0: 0x0000000080005fc0 (0x40f5d293) srai    t0, a1, 15
core   0: 1 0x0000000080005fc0 (0x40f5d293) x5  0x0000000000018097
core   0: 0x0000000080005fc4 (0x0adc7d53) fsub.d  fs10, fs8, fa3
core   0: 1 0x0000000080005fc4 (0x0adc7d53) f26 0x7ff8000000000000
core   0: 0x0000000080005fc8 (0x025a513b) divuw   sp, s4, t0
core   0: 1 0x0000000080005fc8 (0x025a513b) x2  0x000000000000aa67
core   0: 0x0000000080005fcc (0x40255cb3) sra     s9, a0, sp
core   0: 1 0x0000000080005fcc (0x40255cb3) x25 0x0000000000000000
core   0: 0x0000000080005fd0 (0x0031f4b3) and     s1, gp, gp
core   0: 1 0x0000000080005fd0 (0x0031f4b3) x9  0x7ffffffffffff800
core   0: 0x0000000080005fd4 (0x01ad2533) slt     a0, s10, s10
core   0: 1 0x0000000080005fd4 (0x01ad2533) x10 0x0000000000000000
core   0: 0x0000000080005fd8 (0x00081c9b) slliw   s9, a6, 0
core   0: 1 0x0000000080005fd8 (0x00081c9b) x25 0x0000000000000175
core   0: 0x0000000080005fdc (0x236a9fd3) fsgnjn.d ft11, fs5, fs6
core   0: 1 0x0000000080005fdc (0x236a9fd3) f31 0xffffffff7fc00000
core   0: 0x0000000080005fe0 (0x01aed193) srli    gp, t4, 26
core   0: 1 0x0000000080005fe0 (0x01aed193) x3  0x0000000000000018
core   0: 0x0000000080005fe4 (0x038aebb3) rem     s7, s5, s8
core   0: 1 0x0000000080005fe4 (0x038aebb3) x23 0xffffffffffffffff
core   0: 0x0000000080005fe8 (0x0126e933) or      s2, a3, s2
core   0: 1 0x0000000080005fe8 (0x0126e933) x18 0xffffffffffffffff
core   0: 0x0000000080005fec (0x0297c4b3) div     s1, a5, s1
core   0: 1 0x0000000080005fec (0x0297c4b3) x9  0x0000000000000000
core   0: 0x0000000080005ff0 (0x40988e33) sub     t3, a7, s1
core   0: 1 0x0000000080005ff0 (0x40988e33) x28 0x00000000000007c3
core   0: 0x0000000080005ff4 (0xc207f453) fcvt.w.d s0, fa5
core   0: 1 0x0000000080005ff4 (0xc207f453) c1_fflags 0x0000000000000011 x8  0x000000007fffffff
core   0: 0x0000000080005ff8 (0xa3fd07d3) fle.d   a5, fs10, ft11
core   0: 1 0x0000000080005ff8 (0xa3fd07d3) c1_fflags 0x0000000000000011 x15 0x0000000000000000
core   0: 0x0000000080005ffc (0x008879b3) and     s3, a6, s0
core   0: 1 0x0000000080005ffc (0x008879b3) x19 0x0000000000000175
core   0: 0x0000000080006000 (0xd2180b53) fcvt.d.wu fs6, a6
core   0: 1 0x0000000080006000 (0xd2180b53) f22 0x4077500000000000
core   0: 0x0000000080006004 (0x40360bb3) sub     s7, a2, gp
core   0: 1 0x0000000080006004 (0x40360bb3) x23 0x00000000c53b7eea
core   0: 0x0000000080006008 (0x4576f397) auipc   t2, 0x4576f
core   0: 1 0x0000000080006008 (0x4576f397) x7  0x00000000c5775008
core   0: 0x000000008000600c (0x01b61633) sll     a2, a2, s11
core   0: 1 0x000000008000600c (0x01b61633) x12 0x00000000c53b7f02
core   0: 0x0000000080006010 (0x02eeb733) mulhu   a4, t4, a4
core   0: 1 0x0000000080006010 (0x02eeb733) x14 0x0000000000000000
core   0: 0x0000000080006014 (0x01f35b9b) srliw   s7, t1, 31
core   0: 1 0x0000000080006014 (0x01f35b9b) x23 0x0000000000000001
core   0: >>>>  write_tohost
core   0: 0x0000000080006018 (0x9ccfa0ef) jal     pc - 0x5e34
core   0: 1 0x0000000080006018 (0x9ccfa0ef) x1  0x000000008000601c
core   0: >>>>  _exit
core   0: 0x00000000800001e4 (0x00004505) c.li    a0, 1
core   0: 1 0x00000000800001e4 (0x4505) x10 0x0000000000000001
core   0: 0x00000000800001e6 (0x00001f17) auipc   t5, 0x1
core   0: 1 0x00000000800001e6 (0x00001f17) x30 0x00000000800011e6
core   0: 0x00000000800001ea (0xe0af2d23) sw      a0, -486(t5)
core   0: 1 0x00000000800001ea (0xe0af2d23) mem 0x0000000080001000 0x00000001
cp /home/server/RISCV/cva6/verif/sim/out/seed_1351/spike_sim/new_seeds_1351_.cv64a6_imafdc_sv39.log.iss /home/server/RISCV/cva6/verif/sim/out/seed_1351/spike_sim/new_seeds_1351_.cv64a6_imafdc_sv39.log
