Makefile:14: must set CVA6_REPO_DIR to point at the root of CVA6 sources and CVA6_TB_DIR to point here -- doing it for you...
LD_LIBRARY_PATH="$(realpath ../../tools/spike/lib):$LD_LIBRARY_PATH" \
	/home/server/RISCV/cva6/tools/spike/bin/spike --steps=2000000  --log-commits --isa=rv64gc_zba_zbb_zbs_zbc_zicsr_zifencei --priv=msu -l /home/server/RISCV/cva6/verif/sim/out/seed_540/directed_asm_tests/new_seeds_540_.o
[SPIKE] Max simulation steps: 2000000
[SPIKE] Proc 0 | ISA: rv64gc_zba_zbb_zbs_zbc_zicsr_zifencei PRIV: msu
[SPIKE] Initializing memories...
core   0: 0x0000000000010000 (0x00100413) li      s0, 1
core   0: 3 0x0000000000010000 (0x00100413) x8  0x0000000000000001
core   0: 0x0000000000010004 (0x01f41413) slli    s0, s0, 31
core   0: 3 0x0000000000010004 (0x01f41413) x8  0x0000000080000000
core   0: 0x0000000000010008 (0xf1402573) csrrs   a0, mhartid, zero
core   0: 3 0x0000000000010008 (0xf1402573) x10 0x0000000000000000
core   0: 0x000000000001000c (0x00000597) auipc   a1, 0x0
core   0: 3 0x000000000001000c (0x00000597) x11 0x000000000001000c
core   0: 0x0000000000010010 (0x07458593) addi    a1, a1, 116
core   0: 3 0x0000000000010010 (0x07458593) x11 0x0000000000010080
core   0: 0x0000000000010014 (0x00040067) jr      s0
core   0: 3 0x0000000000010014 (0x00040067)
core   0: >>>>  _start
core   0: 0x0000000080000000 (0x00004081) c.li    ra, 0
core   0: 3 0x0000000080000000 (0x4081) x1  0x0000000000000000
core   0: 0x0000000080000002 (0x00004101) c.li    sp, 0
core   0: 3 0x0000000080000002 (0x4101) x2  0x0000000000000000
core   0: 0x0000000080000004 (0x00004181) c.li    gp, 0
core   0: 3 0x0000000080000004 (0x4181) x3  0x0000000000000000
core   0: 0x0000000080000006 (0x00004201) c.li    tp, 0
core   0: 3 0x0000000080000006 (0x4201) x4  0x0000000000000000
core   0: 0x0000000080000008 (0x00004281) c.li    t0, 0
core   0: 3 0x0000000080000008 (0x4281) x5  0x0000000000000000
core   0: 0x000000008000000a (0x00004301) c.li    t1, 0
core   0: 3 0x000000008000000a (0x4301) x6  0x0000000000000000
core   0: 0x000000008000000c (0x00004381) c.li    t2, 0
core   0: 3 0x000000008000000c (0x4381) x7  0x0000000000000000
core   0: 0x000000008000000e (0x00004401) c.li    s0, 0
core   0: 3 0x000000008000000e (0x4401) x8  0x0000000000000000
core   0: 0x0000000080000010 (0x00004481) c.li    s1, 0
core   0: 3 0x0000000080000010 (0x4481) x9  0x0000000000000000
core   0: 0x0000000080000012 (0x00004501) c.li    a0, 0
core   0: 3 0x0000000080000012 (0x4501) x10 0x0000000000000000
core   0: 0x0000000080000014 (0x00004581) c.li    a1, 0
core   0: 3 0x0000000080000014 (0x4581) x11 0x0000000000000000
core   0: 0x0000000080000016 (0x00004601) c.li    a2, 0
core   0: 3 0x0000000080000016 (0x4601) x12 0x0000000000000000
core   0: 0x0000000080000018 (0x00004681) c.li    a3, 0
core   0: 3 0x0000000080000018 (0x4681) x13 0x0000000000000000
core   0: 0x000000008000001a (0x00004701) c.li    a4, 0
core   0: 3 0x000000008000001a (0x4701) x14 0x0000000000000000
core   0: 0x000000008000001c (0x00004781) c.li    a5, 0
core   0: 3 0x000000008000001c (0x4781) x15 0x0000000000000000
core   0: 0x000000008000001e (0x00004801) c.li    a6, 0
core   0: 3 0x000000008000001e (0x4801) x16 0x0000000000000000
core   0: 0x0000000080000020 (0x00004881) c.li    a7, 0
core   0: 3 0x0000000080000020 (0x4881) x17 0x0000000000000000
core   0: 0x0000000080000022 (0x00004901) c.li    s2, 0
core   0: 3 0x0000000080000022 (0x4901) x18 0x0000000000000000
core   0: 0x0000000080000024 (0x00004981) c.li    s3, 0
core   0: 3 0x0000000080000024 (0x4981) x19 0x0000000000000000
core   0: 0x0000000080000026 (0x00004a01) c.li    s4, 0
core   0: 3 0x0000000080000026 (0x4a01) x20 0x0000000000000000
core   0: 0x0000000080000028 (0x00004a81) c.li    s5, 0
core   0: 3 0x0000000080000028 (0x4a81) x21 0x0000000000000000
core   0: 0x000000008000002a (0x00004b01) c.li    s6, 0
core   0: 3 0x000000008000002a (0x4b01) x22 0x0000000000000000
core   0: 0x000000008000002c (0x00004b81) c.li    s7, 0
core   0: 3 0x000000008000002c (0x4b81) x23 0x0000000000000000
core   0: 0x000000008000002e (0x00004c01) c.li    s8, 0
core   0: 3 0x000000008000002e (0x4c01) x24 0x0000000000000000
core   0: 0x0000000080000030 (0x00004c81) c.li    s9, 0
core   0: 3 0x0000000080000030 (0x4c81) x25 0x0000000000000000
core   0: 0x0000000080000032 (0x00004d01) c.li    s10, 0
core   0: 3 0x0000000080000032 (0x4d01) x26 0x0000000000000000
core   0: 0x0000000080000034 (0x00004d81) c.li    s11, 0
core   0: 3 0x0000000080000034 (0x4d81) x27 0x0000000000000000
core   0: 0x0000000080000036 (0x00004e01) c.li    t3, 0
core   0: 3 0x0000000080000036 (0x4e01) x28 0x0000000000000000
core   0: 0x0000000080000038 (0x00004e81) c.li    t4, 0
core   0: 3 0x0000000080000038 (0x4e81) x29 0x0000000000000000
core   0: 0x000000008000003a (0x00004f01) c.li    t5, 0
core   0: 3 0x000000008000003a (0x4f01) x30 0x0000000000000000
core   0: 0x000000008000003c (0x00004f81) c.li    t6, 0
core   0: 3 0x000000008000003c (0x4f81) x31 0x0000000000000000
core   0: 0x000000008000003e (0x000062f9) c.lui   t0, 0x1e
core   0: 3 0x000000008000003e (0x62f9) x5  0x000000000001e000
core   0: 0x0000000080000040 (0x3002a073) csrrs   zero, mstatus, t0
core   0: 3 0x0000000080000040 (0x3002a073) c768_mstatus 0x8000000a00006000
core   0: 0x0000000080000044 (0x00004285) c.li    t0, 1
core   0: 3 0x0000000080000044 (0x4285) x5  0x0000000000000001
core   0: 0x0000000080000046 (0x000002fe) c.slli  t0, 31
core   0: 3 0x0000000080000046 (0x02fe) x5  0x0000000080000000
core   0: 0x0000000080000048 (0x0002d863) bge     t0, zero, pc + 16
core   0: 3 0x0000000080000048 (0x0002d863)
core   0: 0x0000000080000058 (0x00000297) auipc   t0, 0x0
core   0: 3 0x0000000080000058 (0x00000297) x5  0x0000000080000058
core   0: 0x000000008000005c (0x09028293) addi    t0, t0, 144
core   0: 3 0x000000008000005c (0x09028293) x5  0x00000000800000e8
core   0: 0x0000000080000060 (0x30529073) csrrw   zero, mtvec, t0
core   0: 3 0x0000000080000060 (0x30529073) c773_mtvec 0x00000000800000e8
core   0: 0x0000000080000064 (0x00301073) csrrw   zero, fcsr, zero
core   0: 3 0x0000000080000064 (0x00301073) c1_fflags 0x0000000000000000 c2_frm 0x0000000000000000
core   0: 0x0000000080000068 (0xf0000053) fmv.w.x ft0, zero
core   0: 3 0x0000000080000068 (0xf0000053) f0  0xffffffff00000000
core   0: 0x000000008000006c (0xf00000d3) fmv.w.x ft1, zero
core   0: 3 0x000000008000006c (0xf00000d3) f1  0xffffffff00000000
core   0: 0x0000000080000070 (0xf0000153) fmv.w.x ft2, zero
core   0: 3 0x0000000080000070 (0xf0000153) f2  0xffffffff00000000
core   0: 0x0000000080000074 (0xf00001d3) fmv.w.x ft3, zero
core   0: 3 0x0000000080000074 (0xf00001d3) f3  0xffffffff00000000
core   0: 0x0000000080000078 (0xf0000253) fmv.w.x ft4, zero
core   0: 3 0x0000000080000078 (0xf0000253) f4  0xffffffff00000000
core   0: 0x000000008000007c (0xf00002d3) fmv.w.x ft5, zero
core   0: 3 0x000000008000007c (0xf00002d3) f5  0xffffffff00000000
core   0: 0x0000000080000080 (0xf0000353) fmv.w.x ft6, zero
core   0: 3 0x0000000080000080 (0xf0000353) f6  0xffffffff00000000
core   0: 0x0000000080000084 (0xf00003d3) fmv.w.x ft7, zero
core   0: 3 0x0000000080000084 (0xf00003d3) f7  0xffffffff00000000
core   0: 0x0000000080000088 (0xf0000453) fmv.w.x fs0, zero
core   0: 3 0x0000000080000088 (0xf0000453) f8  0xffffffff00000000
core   0: 0x000000008000008c (0xf00004d3) fmv.w.x fs1, zero
core   0: 3 0x000000008000008c (0xf00004d3) f9  0xffffffff00000000
core   0: 0x0000000080000090 (0xf0000553) fmv.w.x fa0, zero
core   0: 3 0x0000000080000090 (0xf0000553) f10 0xffffffff00000000
core   0: 0x0000000080000094 (0xf00005d3) fmv.w.x fa1, zero
core   0: 3 0x0000000080000094 (0xf00005d3) f11 0xffffffff00000000
core   0: 0x0000000080000098 (0xf0000653) fmv.w.x fa2, zero
core   0: 3 0x0000000080000098 (0xf0000653) f12 0xffffffff00000000
core   0: 0x000000008000009c (0xf00006d3) fmv.w.x fa3, zero
core   0: 3 0x000000008000009c (0xf00006d3) f13 0xffffffff00000000
core   0: 0x00000000800000a0 (0xf0000753) fmv.w.x fa4, zero
core   0: 3 0x00000000800000a0 (0xf0000753) f14 0xffffffff00000000
core   0: 0x00000000800000a4 (0xf00007d3) fmv.w.x fa5, zero
core   0: 3 0x00000000800000a4 (0xf00007d3) f15 0xffffffff00000000
core   0: 0x00000000800000a8 (0xf0000853) fmv.w.x fa6, zero
core   0: 3 0x00000000800000a8 (0xf0000853) f16 0xffffffff00000000
core   0: 0x00000000800000ac (0xf00008d3) fmv.w.x fa7, zero
core   0: 3 0x00000000800000ac (0xf00008d3) f17 0xffffffff00000000
core   0: 0x00000000800000b0 (0xf0000953) fmv.w.x fs2, zero
core   0: 3 0x00000000800000b0 (0xf0000953) f18 0xffffffff00000000
core   0: 0x00000000800000b4 (0xf00009d3) fmv.w.x fs3, zero
core   0: 3 0x00000000800000b4 (0xf00009d3) f19 0xffffffff00000000
core   0: 0x00000000800000b8 (0xf0000a53) fmv.w.x fs4, zero
core   0: 3 0x00000000800000b8 (0xf0000a53) f20 0xffffffff00000000
core   0: 0x00000000800000bc (0xf0000ad3) fmv.w.x fs5, zero
core   0: 3 0x00000000800000bc (0xf0000ad3) f21 0xffffffff00000000
core   0: 0x00000000800000c0 (0xf0000b53) fmv.w.x fs6, zero
core   0: 3 0x00000000800000c0 (0xf0000b53) f22 0xffffffff00000000
core   0: 0x00000000800000c4 (0xf0000bd3) fmv.w.x fs7, zero
core   0: 3 0x00000000800000c4 (0xf0000bd3) f23 0xffffffff00000000
core   0: 0x00000000800000c8 (0xf0000c53) fmv.w.x fs8, zero
core   0: 3 0x00000000800000c8 (0xf0000c53) f24 0xffffffff00000000
core   0: 0x00000000800000cc (0xf0000cd3) fmv.w.x fs9, zero
core   0: 3 0x00000000800000cc (0xf0000cd3) f25 0xffffffff00000000
core   0: 0x00000000800000d0 (0xf0000d53) fmv.w.x fs10, zero
core   0: 3 0x00000000800000d0 (0xf0000d53) f26 0xffffffff00000000
core   0: 0x00000000800000d4 (0xf0000dd3) fmv.w.x fs11, zero
core   0: 3 0x00000000800000d4 (0xf0000dd3) f27 0xffffffff00000000
core   0: 0x00000000800000d8 (0xf0000e53) fmv.w.x ft8, zero
core   0: 3 0x00000000800000d8 (0xf0000e53) f28 0xffffffff00000000
core   0: 0x00000000800000dc (0xf0000ed3) fmv.w.x ft9, zero
core   0: 3 0x00000000800000dc (0xf0000ed3) f29 0xffffffff00000000
core   0: 0x00000000800000e0 (0xf0000f53) fmv.w.x ft10, zero
core   0: 3 0x00000000800000e0 (0xf0000f53) f30 0xffffffff00000000
core   0: 0x00000000800000e4 (0xf0000fd3) fmv.w.x ft11, zero
core   0: 3 0x00000000800000e4 (0xf0000fd3) f31 0xffffffff00000000
core   0: 0x00000000800000e8 (0x00000297) auipc   t0, 0x0
core   0: 3 0x00000000800000e8 (0x00000297) x5  0x00000000800000e8
core   0: 0x00000000800000ec (0x03c28293) addi    t0, t0, 60
core   0: 3 0x00000000800000ec (0x03c28293) x5  0x0000000080000124
core   0: 0x00000000800000f0 (0x30529073) csrrw   zero, mtvec, t0
core   0: 3 0x00000000800000f0 (0x30529073) c773_mtvec 0x0000000080000124
core   0: 0x00000000800000f4 (0x00012197) auipc   gp, 0x12
core   0: 3 0x00000000800000f4 (0x00012197) x3  0x00000000800120f4
core   0: 0x00000000800000f8 (0x73418193) addi    gp, gp, 1844
core   0: 3 0x00000000800000f8 (0x73418193) x3  0x0000000080012828
core   0: 0x00000000800000fc (0x00012217) auipc   tp, 0x12
core   0: 3 0x00000000800000fc (0x00012217) x4  0x00000000800120fc
core   0: 0x0000000080000100 (0xf8320213) addi    tp, tp, -125
core   0: 3 0x0000000080000100 (0xf8320213) x4  0x000000008001207f
core   0: 0x0000000080000104 (0xfc027213) andi    tp, tp, -64
core   0: 3 0x0000000080000104 (0xfc027213) x4  0x0000000080012040
core   0: 0x0000000080000108 (0xf1402573) csrrs   a0, mhartid, zero
core   0: 3 0x0000000080000108 (0xf1402573) x10 0x0000000000000000
core   0: 0x000000008000010c (0x00004585) c.li    a1, 1
core   0: 3 0x000000008000010c (0x4585) x11 0x0000000000000001
core   0: 0x000000008000010e (0x00b57063) bgeu    a0, a1, pc + 0
core   0: 3 0x000000008000010e (0x00b57063)
core   0: 0x0000000080000112 (0x00150113) addi    sp, a0, 1
core   0: 3 0x0000000080000112 (0x00150113) x2  0x0000000000000001
core   0: 0x0000000080000116 (0x00000146) c.slli  sp, 17
core   0: 3 0x0000000080000116 (0x0146) x2  0x0000000000020000
core   0: 0x0000000080000118 (0x00009112) c.add   sp, tp
core   0: 3 0x0000000080000118 (0x9112) x2  0x0000000080032040
core   0: 0x000000008000011a (0x01151613) slli    a2, a0, 17
core   0: 3 0x000000008000011a (0x01151613) x12 0x0000000000000000
core   0: 0x000000008000011e (0x00009232) c.add   tp, a2
core   0: 3 0x000000008000011e (0x9232) x4  0x0000000080012040
core   0: 0x0000000080000120 (0x41a0f06f) j       pc + 0xf41a
core   0: 3 0x0000000080000120 (0x41a0f06f)
core   0: >>>>  _init
core   0: 0x000000008000f53a (0x00007171) c.addi16sp sp, -176
core   0: 3 0x000000008000f53a (0x7171) x2  0x0000000080031f90
core   0: 0x000000008000f53c (0x0000f506) c.sdsp  ra, 168(sp)
core   0: 3 0x000000008000f53c (0xf506) mem 0x0000000080032038 0x0000000000000000
core   0: 0x000000008000f53e (0x0000f122) c.sdsp  s0, 160(sp)
core   0: 3 0x000000008000f53e (0xf122) mem 0x0000000080032030 0x0000000000000000
core   0: 0x000000008000f540 (0x0000ed26) c.sdsp  s1, 152(sp)
core   0: 3 0x000000008000f540 (0xed26) mem 0x0000000080032028 0x0000000000000000
core   0: 0x000000008000f542 (0x00001900) c.addi4spn s0, sp, 176
core   0: 3 0x000000008000f542 (0x1900) x8  0x0000000080032040
core   0: 0x000000008000f544 (0x000087aa) c.mv    a5, a0
core   0: 3 0x000000008000f544 (0x87aa) x15 0x0000000000000000
core   0: 0x000000008000f546 (0x0000872e) c.mv    a4, a1
core   0: 3 0x000000008000f546 (0x872e) x14 0x0000000000000001
core   0: 0x000000008000f548 (0xf4f42e23) sw      a5, -164(s0)
core   0: 3 0x000000008000f548 (0xf4f42e23) mem 0x0000000080031f9c 0x00000000
core   0: 0x000000008000f54c (0x000087ba) c.mv    a5, a4
core   0: 3 0x000000008000f54c (0x87ba) x15 0x0000000000000001
core   0: 0x000000008000f54e (0xf4f42c23) sw      a5, -168(s0)
core   0: 3 0x000000008000f54e (0xf4f42c23) mem 0x0000000080031f98 0x00000001
core   0: 0x000000008000f552 (0xfe040793) addi    a5, s0, -32
core   0: 3 0x000000008000f552 (0xfe040793) x15 0x0000000080032020
core   0: 0x000000008000f556 (0xf4f43823) sd      a5, -176(s0)
core   0: 3 0x000000008000f556 (0xf4f43823) mem 0x0000000080031f90 0x0000000080032020
core   0: 0x000000008000f55a (0xf5043783) ld      a5, -176(s0)
core   0: 3 0x000000008000f55a (0xf5043783) x15 0x0000000080032020 mem 0x0000000080031f90
core   0: 0x000000008000f55e (0xf8078793) addi    a5, a5, -128
core   0: 3 0x000000008000f55e (0xf8078793) x15 0x0000000080031fa0
core   0: 0x000000008000f562 (0x03f78793) addi    a5, a5, 63
core   0: 3 0x000000008000f562 (0x03f78793) x15 0x0000000080031fdf
core   0: 0x000000008000f566 (0x00008399) c.srli  a5, 6
core   0: 3 0x000000008000f566 (0x8399) x15 0x0000000002000c7f
core   0: 0x000000008000f568 (0x00679493) slli    s1, a5, 6
core   0: 3 0x000000008000f568 (0x00679493) x9  0x0000000080031fc0
core   0: 0x000000008000f56c (0xf65ff0ef) jal     pc - 0x9c
core   0: 3 0x000000008000f56c (0xf65ff0ef) x1  0x000000008000f570
core   0: >>>>  init_tls
core   0: 0x000000008000f4d0 (0x00001101) c.addi  sp, -32
core   0: 3 0x000000008000f4d0 (0x1101) x2  0x0000000080031f70
core   0: 0x000000008000f4d2 (0x0000ec06) c.sdsp  ra, 24(sp)
core   0: 3 0x000000008000f4d2 (0xec06) mem 0x0000000080031f88 0x000000008000f570
core   0: 0x000000008000f4d4 (0x0000e822) c.sdsp  s0, 16(sp)
core   0: 3 0x000000008000f4d4 (0xe822) mem 0x0000000080031f80 0x0000000080032040
core   0: 0x000000008000f4d6 (0x00001000) c.addi4spn s0, sp, 32
core   0: 3 0x000000008000f4d6 (0x1000) x8  0x0000000080031f90
core   0: 0x000000008000f4d8 (0x00003717) auipc   a4, 0x3
core   0: 3 0x000000008000f4d8 (0x00003717) x14 0x00000000800124d8
core   0: 0x000000008000f4dc (0xb5070713) addi    a4, a4, -1200
core   0: 3 0x000000008000f4dc (0xb5070713) x14 0x0000000080012028
core   0: 0x000000008000f4e0 (0x00003797) auipc   a5, 0x3
core   0: 3 0x000000008000f4e0 (0x00003797) x15 0x00000000800124e0
core   0: 0x000000008000f4e4 (0xb4878793) addi    a5, a5, -1208
core   0: 3 0x000000008000f4e4 (0xb4878793) x15 0x0000000080012028
core   0: 0x000000008000f4e8 (0x40f707b3) sub     a5, a4, a5
core   0: 3 0x000000008000f4e8 (0x40f707b3) x15 0x0000000000000000
core   0: 0x000000008000f4ec (0xfef43423) sd      a5, -24(s0)
core   0: 3 0x000000008000f4ec (0xfef43423) mem 0x0000000080031f78 0x0000000000000000
core   0: 0x000000008000f4f0 (0x00008792) c.mv    a5, tp
core   0: 3 0x000000008000f4f0 (0x8792) x15 0x0000000080012040
core   0: 0x000000008000f4f2 (0xfe843603) ld      a2, -24(s0)
core   0: 3 0x000000008000f4f2 (0xfe843603) x12 0x0000000000000000 mem 0x0000000080031f78
core   0: 0x000000008000f4f6 (0x00003597) auipc   a1, 0x3
core   0: 3 0x000000008000f4f6 (0x00003597) x11 0x00000000800124f6
core   0: 0x000000008000f4fa (0xb3258593) addi    a1, a1, -1230
core   0: 3 0x000000008000f4fa (0xb3258593) x11 0x0000000080012028
core   0: 0x000000008000f4fe (0x0000853e) c.mv    a0, a5
core   0: 3 0x000000008000f4fe (0x853e) x10 0x0000000080012040
core   0: 0x000000008000f500 (0x0f9000ef) jal     pc + 0x8f8
core   0: 3 0x000000008000f500 (0x0f9000ef) x1  0x000000008000f504
core   0: >>>>  memcpy
core   0: 0x000000008000fdf8 (0x0000715d) c.addi16sp sp, -80
core   0: 3 0x000000008000fdf8 (0x715d) x2  0x0000000080031f20
core   0: 0x000000008000fdfa (0x0000e4a2) c.sdsp  s0, 72(sp)
core   0: 3 0x000000008000fdfa (0xe4a2) mem 0x0000000080031f68 0x0000000080031f90
core   0: 0x000000008000fdfc (0x00000880) c.addi4spn s0, sp, 80
core   0: 3 0x000000008000fdfc (0x0880) x8  0x0000000080031f70
core   0: 0x000000008000fdfe (0xfca43423) sd      a0, -56(s0)
core   0: 3 0x000000008000fdfe (0xfca43423) mem 0x0000000080031f38 0x0000000080012040
core   0: 0x000000008000fe02 (0xfcb43023) sd      a1, -64(s0)
core   0: 3 0x000000008000fe02 (0xfcb43023) mem 0x0000000080031f30 0x0000000080012028
core   0: 0x000000008000fe06 (0xfac43c23) sd      a2, -72(s0)
core   0: 3 0x000000008000fe06 (0xfac43c23) mem 0x0000000080031f28 0x0000000000000000
core   0: 0x000000008000fe0a (0xfc843703) ld      a4, -56(s0)
core   0: 3 0x000000008000fe0a (0xfc843703) x14 0x0000000080012040 mem 0x0000000080031f38
core   0: 0x000000008000fe0e (0xfc043783) ld      a5, -64(s0)
core   0: 3 0x000000008000fe0e (0xfc043783) x15 0x0000000080012028 mem 0x0000000080031f30
core   0: 0x000000008000fe12 (0x00008f5d) c.or    a4, a5
core   0: 3 0x000000008000fe12 (0x8f5d) x14 0x0000000080012068
core   0: 0x000000008000fe14 (0xfb843783) ld      a5, -72(s0)
core   0: 3 0x000000008000fe14 (0xfb843783) x15 0x0000000000000000 mem 0x0000000080031f28
core   0: 0x000000008000fe18 (0x00008fd9) c.or    a5, a4
core   0: 3 0x000000008000fe18 (0x8fd9) x15 0x0000000080012068
core   0: 0x000000008000fe1a (0x00008b9d) c.andi  a5, 7
core   0: 3 0x000000008000fe1a (0x8b9d) x15 0x0000000000000000
core   0: 0x000000008000fe1c (0x0000e3b1) c.bnez  a5, pc + 68
core   0: 3 0x000000008000fe1c (0xe3b1)
core   0: 0x000000008000fe1e (0xfc043783) ld      a5, -64(s0)
core   0: 3 0x000000008000fe1e (0xfc043783) x15 0x0000000080012028 mem 0x0000000080031f30
core   0: 0x000000008000fe22 (0xfef43423) sd      a5, -24(s0)
core   0: 3 0x000000008000fe22 (0xfef43423) mem 0x0000000080031f58 0x0000000080012028
core   0: 0x000000008000fe26 (0xfc843783) ld      a5, -56(s0)
core   0: 3 0x000000008000fe26 (0xfc843783) x15 0x0000000080012040 mem 0x0000000080031f38
core   0: 0x000000008000fe2a (0xfef43023) sd      a5, -32(s0)
core   0: 3 0x000000008000fe2a (0xfef43023) mem 0x0000000080031f50 0x0000000080012040
core   0: 0x000000008000fe2e (0x0000a839) c.j     pc + 30
core   0: 3 0x000000008000fe2e (0xa839)
core   0: 0x000000008000fe4c (0xfc843703) ld      a4, -56(s0)
core   0: 3 0x000000008000fe4c (0xfc843703) x14 0x0000000080012040 mem 0x0000000080031f38
core   0: 0x000000008000fe50 (0xfb843783) ld      a5, -72(s0)
core   0: 3 0x000000008000fe50 (0xfb843783) x15 0x0000000000000000 mem 0x0000000080031f28
core   0: 0x000000008000fe54 (0x000097ba) c.add   a5, a4
core   0: 3 0x000000008000fe54 (0x97ba) x15 0x0000000080012040
core   0: 0x000000008000fe56 (0xfe043703) ld      a4, -32(s0)
core   0: 3 0x000000008000fe56 (0xfe043703) x14 0x0000000080012040 mem 0x0000000080031f50
core   0: 0x000000008000fe5a (0xfcf76be3) bltu    a4, a5, pc - 42
core   0: 3 0x000000008000fe5a (0xfcf76be3)
core   0: 0x000000008000fe5e (0x0000a099) c.j     pc + 70
core   0: 3 0x000000008000fe5e (0xa099)
core   0: 0x000000008000fea4 (0xfc843783) ld      a5, -56(s0)
core   0: 3 0x000000008000fea4 (0xfc843783) x15 0x0000000080012040 mem 0x0000000080031f38
core   0: 0x000000008000fea8 (0x0000853e) c.mv    a0, a5
core   0: 3 0x000000008000fea8 (0x853e) x10 0x0000000080012040
core   0: 0x000000008000feaa (0x00006426) c.ldsp  s0, 72(sp)
core   0: 3 0x000000008000feaa (0x6426) x8  0x0000000080031f90 mem 0x0000000080031f68
core   0: 0x000000008000feac (0x00006161) c.addi16sp sp, 80
core   0: 3 0x000000008000feac (0x6161) x2  0x0000000080031f70
core   0: 0x000000008000feae (0x00008082) ret
core   0: 3 0x000000008000feae (0x8082)
core   0: 0x000000008000f504 (0x00003717) auipc   a4, 0x3
core   0: 3 0x000000008000f504 (0x00003717) x14 0x0000000080012504
core   0: 0x000000008000f508 (0xbc070713) addi    a4, a4, -1088
core   0: 3 0x000000008000f508 (0xbc070713) x14 0x00000000800120c4
core   0: 0x000000008000f50c (0x00003797) auipc   a5, 0x3
core   0: 3 0x000000008000f50c (0x00003797) x15 0x000000008001250c
core   0: 0x000000008000f510 (0xb1c78793) addi    a5, a5, -1252
core   0: 3 0x000000008000f510 (0xb1c78793) x15 0x0000000080012028
core   0: 0x000000008000f514 (0x40f707b3) sub     a5, a4, a5
core   0: 3 0x000000008000f514 (0x40f707b3) x15 0x000000000000009c
core   0: 0x000000008000f518 (0xfef43023) sd      a5, -32(s0)
core   0: 3 0x000000008000f518 (0xfef43023) mem 0x0000000080031f70 0x000000000000009c
core   0: 0x000000008000f51c (0x00008712) c.mv    a4, tp
core   0: 3 0x000000008000f51c (0x8712) x14 0x0000000080012040
core   0: 0x000000008000f51e (0xfe843783) ld      a5, -24(s0)
core   0: 3 0x000000008000f51e (0xfe843783) x15 0x0000000000000000 mem 0x0000000080031f78
core   0: 0x000000008000f522 (0x000097ba) c.add   a5, a4
core   0: 3 0x000000008000f522 (0x97ba) x15 0x0000000080012040
core   0: 0x000000008000f524 (0xfe043603) ld      a2, -32(s0)
core   0: 3 0x000000008000f524 (0xfe043603) x12 0x000000000000009c mem 0x0000000080031f70
core   0: 0x000000008000f528 (0x00004581) c.li    a1, 0
core   0: 3 0x000000008000f528 (0x4581) x11 0x0000000000000000
core   0: 0x000000008000f52a (0x0000853e) c.mv    a0, a5
core   0: 3 0x000000008000f52a (0x853e) x10 0x0000000080012040
core   0: 0x000000008000f52c (0x185000ef) jal     pc + 0x984
core   0: 3 0x000000008000f52c (0x185000ef) x1  0x000000008000f530
core   0: >>>>  memset
core   0: 0x000000008000feb0 (0x0000715d) c.addi16sp sp, -80
core   0: 3 0x000000008000feb0 (0x715d) x2  0x0000000080031f20
core   0: 0x000000008000feb2 (0x0000e4a2) c.sdsp  s0, 72(sp)
core   0: 3 0x000000008000feb2 (0xe4a2) mem 0x0000000080031f68 0x0000000080031f90
core   0: 0x000000008000feb4 (0x00000880) c.addi4spn s0, sp, 80
core   0: 3 0x000000008000feb4 (0x0880) x8  0x0000000080031f70
core   0: 0x000000008000feb6 (0xfca43423) sd      a0, -56(s0)
core   0: 3 0x000000008000feb6 (0xfca43423) mem 0x0000000080031f38 0x0000000080012040
core   0: 0x000000008000feba (0x000087ae) c.mv    a5, a1
core   0: 3 0x000000008000feba (0x87ae) x15 0x0000000000000000
core   0: 0x000000008000febc (0xfac43c23) sd      a2, -72(s0)
core   0: 3 0x000000008000febc (0xfac43c23) mem 0x0000000080031f28 0x000000000000009c
core   0: 0x000000008000fec0 (0xfcf42223) sw      a5, -60(s0)
core   0: 3 0x000000008000fec0 (0xfcf42223) mem 0x0000000080031f34 0x00000000
core   0: 0x000000008000fec4 (0xfc843703) ld      a4, -56(s0)
core   0: 3 0x000000008000fec4 (0xfc843703) x14 0x0000000080012040 mem 0x0000000080031f38
core   0: 0x000000008000fec8 (0xfb843783) ld      a5, -72(s0)
core   0: 3 0x000000008000fec8 (0xfb843783) x15 0x000000000000009c mem 0x0000000080031f28
core   0: 0x000000008000fecc (0x00008fd9) c.or    a5, a4
core   0: 3 0x000000008000fecc (0x8fd9) x15 0x00000000800120dc
core   0: 0x000000008000fece (0x00008b9d) c.andi  a5, 7
core   0: 3 0x000000008000fece (0x8b9d) x15 0x0000000000000004
core   0: 0x000000008000fed0 (0x0000e7bd) c.bnez  a5, pc + 110
core   0: 3 0x000000008000fed0 (0xe7bd)
core   0: 0x000000008000ff3e (0xfc843783) ld      a5, -56(s0)
core   0: 3 0x000000008000ff3e (0xfc843783) x15 0x0000000080012040 mem 0x0000000080031f38
core   0: 0x000000008000ff42 (0xfef43023) sd      a5, -32(s0)
core   0: 3 0x000000008000ff42 (0xfef43023) mem 0x0000000080031f50 0x0000000080012040
core   0: 0x000000008000ff46 (0x0000a829) c.j     pc + 26
core   0: 3 0x000000008000ff46 (0xa829)
core   0: 0x000000008000ff60 (0xfc843703) ld      a4, -56(s0)
core   0: 3 0x000000008000ff60 (0xfc843703) x14 0x0000000080012040 mem 0x0000000080031f38
core   0: 0x000000008000ff64 (0xfb843783) ld      a5, -72(s0)
core   0: 3 0x000000008000ff64 (0xfb843783) x15 0x000000000000009c mem 0x0000000080031f28
core   0: 0x000000008000ff68 (0x000097ba) c.add   a5, a4
core   0: 3 0x000000008000ff68 (0x97ba) x15 0x00000000800120dc
core   0: 0x000000008000ff6a (0xfe043703) ld      a4, -32(s0)
core   0: 3 0x000000008000ff6a (0xfe043703) x14 0x0000000080012040 mem 0x0000000080031f50
core   0: 0x000000008000ff6e (0xfcf76de3) bltu    a4, a5, pc - 38
core   0: 3 0x000000008000ff6e (0xfcf76de3)
core   0: 0x000000008000ff48 (0xfe043783) ld      a5, -32(s0)
core   0: 3 0x000000008000ff48 (0xfe043783) x15 0x0000000080012040 mem 0x0000000080031f50
core   0: 0x000000008000ff4c (0x00178713) addi    a4, a5, 1
core   0: 3 0x000000008000ff4c (0x00178713) x14 0x0000000080012041
core   0: 0x000000008000ff50 (0xfee43023) sd      a4, -32(s0)
core   0: 3 0x000000008000ff50 (0xfee43023) mem 0x0000000080031f50 0x0000000080012041
core   0: 0x000000008000ff54 (0xfc442703) lw      a4, -60(s0)
core   0: 3 0x000000008000ff54 (0xfc442703) x14 0x0000000000000000 mem 0x0000000080031f34
core   0: 0x000000008000ff58 (0x0ff77713) andi    a4, a4, 255
core   0: 3 0x000000008000ff58 (0x0ff77713) x14 0x0000000000000000
core   0: 0x000000008000ff5c (0x00e78023) sb      a4, 0(a5)
core   0: 3 0x000000008000ff5c (0x00e78023) mem 0x0000000080012040 0x00
core   0: 0x000000008000ff60 (0xfc843703) ld      a4, -56(s0)
core   0: 3 0x000000008000ff60 (0xfc843703) x14 0x0000000080012040 mem 0x0000000080031f38
core   0: 0x000000008000ff64 (0xfb843783) ld      a5, -72(s0)
core   0: 3 0x000000008000ff64 (0xfb843783) x15 0x000000000000009c mem 0x0000000080031f28
core   0: 0x000000008000ff68 (0x000097ba) c.add   a5, a4
core   0: 3 0x000000008000ff68 (0x97ba) x15 0x00000000800120dc
core   0: 0x000000008000ff6a (0xfe043703) ld      a4, -32(s0)
core   0: 3 0x000000008000ff6a (0xfe043703) x14 0x0000000080012041 mem 0x0000000080031f50
core   0: 0x000000008000ff6e (0xfcf76de3) bltu    a4, a5, pc - 38
core   0: 3 0x000000008000ff6e (0xfcf76de3)
core   0: 0x000000008000ff48 (0xfe043783) ld      a5, -32(s0)
core   0: 3 0x000000008000ff48 (0xfe043783) x15 0x0000000080012041 mem 0x0000000080031f50
core   0: 0x000000008000ff4c (0x00178713) addi    a4, a5, 1
core   0: 3 0x000000008000ff4c (0x00178713) x14 0x0000000080012042
core   0: 0x000000008000ff50 (0xfee43023) sd      a4, -32(s0)
core   0: 3 0x000000008000ff50 (0xfee43023) mem 0x0000000080031f50 0x0000000080012042
core   0: 0x000000008000ff54 (0xfc442703) lw      a4, -60(s0)
core   0: 3 0x000000008000ff54 (0xfc442703) x14 0x0000000000000000 mem 0x0000000080031f34
core   0: 0x000000008000ff58 (0x0ff77713) andi    a4, a4, 255
core   0: 3 0x000000008000ff58 (0x0ff77713) x14 0x0000000000000000
core   0: 0x000000008000ff5c (0x00e78023) sb      a4, 0(a5)
core   0: 3 0x000000008000ff5c (0x00e78023) mem 0x0000000080012041 0x00
core   0: 0x000000008000ff60 (0xfc843703) ld      a4, -56(s0)
core   0: 3 0x000000008000ff60 (0xfc843703) x14 0x0000000080012040 mem 0x0000000080031f38
core   0: 0x000000008000ff64 (0xfb843783) ld      a5, -72(s0)
core   0: 3 0x000000008000ff64 (0xfb843783) x15 0x000000000000009c mem 0x0000000080031f28
core   0: 0x000000008000ff68 (0x000097ba) c.add   a5, a4
core   0: 3 0x000000008000ff68 (0x97ba) x15 0x00000000800120dc
core   0: 0x000000008000ff6a (0xfe043703) ld      a4, -32(s0)
core   0: 3 0x000000008000ff6a (0xfe043703) x14 0x0000000080012042 mem 0x0000000080031f50
core   0: 0x000000008000ff6e (0xfcf76de3) bltu    a4, a5, pc - 38
core   0: 3 0x000000008000ff6e (0xfcf76de3)
core   0: 0x000000008000ff48 (0xfe043783) ld      a5, -32(s0)
core   0: 3 0x000000008000ff48 (0xfe043783) x15 0x0000000080012042 mem 0x0000000080031f50
core   0: 0x000000008000ff4c (0x00178713) addi    a4, a5, 1
core   0: 3 0x000000008000ff4c (0x00178713) x14 0x0000000080012043
core   0: 0x000000008000ff50 (0xfee43023) sd      a4, -32(s0)
core   0: 3 0x000000008000ff50 (0xfee43023) mem 0x0000000080031f50 0x0000000080012043
core   0: 0x000000008000ff54 (0xfc442703) lw      a4, -60(s0)
core   0: 3 0x000000008000ff54 (0xfc442703) x14 0x0000000000000000 mem 0x0000000080031f34
core   0: 0x000000008000ff58 (0x0ff77713) andi    a4, a4, 255
core   0: 3 0x000000008000ff58 (0x0ff77713) x14 0x0000000000000000
core   0: 0x000000008000ff5c (0x00e78023) sb      a4, 0(a5)
core   0: 3 0x000000008000ff5c (0x00e78023) mem 0x0000000080012042 0x00
core   0: 0x000000008000ff60 (0xfc843703) ld      a4, -56(s0)
core   0: 3 0x000000008000ff60 (0xfc843703) x14 0x0000000080012040 mem 0x0000000080031f38
core   0: 0x000000008000ff64 (0xfb843783) ld      a5, -72(s0)
core   0: 3 0x000000008000ff64 (0xfb843783) x15 0x000000000000009c mem 0x0000000080031f28
core   0: 0x000000008000ff68 (0x000097ba) c.add   a5, a4
core   0: 3 0x000000008000ff68 (0x97ba) x15 0x00000000800120dc
core   0: 0x000000008000ff6a (0xfe043703) ld      a4, -32(s0)
core   0: 3 0x000000008000ff6a (0xfe043703) x14 0x0000000080012043 mem 0x0000000080031f50
core   0: 0x000000008000ff6e (0xfcf76de3) bltu    a4, a5, pc - 38
core   0: 3 0x000000008000ff6e (0xfcf76de3)
core   0: 0x000000008000ff48 (0xfe043783) ld      a5, -32(s0)
core   0: 3 0x000000008000ff48 (0xfe043783) x15 0x0000000080012043 mem 0x0000000080031f50
core   0: 0x000000008000ff4c (0x00178713) addi    a4, a5, 1
core   0: 3 0x000000008000ff4c (0x00178713) x14 0x0000000080012044
core   0: 0x000000008000ff50 (0xfee43023) sd      a4, -32(s0)
core   0: 3 0x000000008000ff50 (0xfee43023) mem 0x0000000080031f50 0x0000000080012044
core   0: 0x000000008000ff54 (0xfc442703) lw      a4, -60(s0)
core   0: 3 0x000000008000ff54 (0xfc442703) x14 0x0000000000000000 mem 0x0000000080031f34
core   0: 0x000000008000ff58 (0x0ff77713) andi    a4, a4, 255
core   0: 3 0x000000008000ff58 (0x0ff77713) x14 0x0000000000000000
core   0: 0x000000008000ff5c (0x00e78023) sb      a4, 0(a5)
core   0: 3 0x000000008000ff5c (0x00e78023) mem 0x0000000080012043 0x00
core   0: 0x000000008000ff60 (0xfc843703) ld      a4, -56(s0)
core   0: 3 0x000000008000ff60 (0xfc843703) x14 0x0000000080012040 mem 0x0000000080031f38
core   0: 0x000000008000ff64 (0xfb843783) ld      a5, -72(s0)
core   0: 3 0x000000008000ff64 (0xfb843783) x15 0x000000000000009c mem 0x0000000080031f28
core   0: 0x000000008000ff68 (0x000097ba) c.add   a5, a4
core   0: 3 0x000000008000ff68 (0x97ba) x15 0x00000000800120dc
core   0: 0x000000008000ff6a (0xfe043703) ld      a4, -32(s0)
core   0: 3 0x000000008000ff6a (0xfe043703) x14 0x0000000080012044 mem 0x0000000080031f50
core   0: 0x000000008000ff6e (0xfcf76de3) bltu    a4, a5, pc - 38
core   0: 3 0x000000008000ff6e (0xfcf76de3)
core   0: 0x000000008000ff48 (0xfe043783) ld      a5, -32(s0)
core   0: 3 0x000000008000ff48 (0xfe043783) x15 0x0000000080012044 mem 0x0000000080031f50
core   0: 0x000000008000ff4c (0x00178713) addi    a4, a5, 1
core   0: 3 0x000000008000ff4c (0x00178713) x14 0x0000000080012045
core   0: 0x000000008000ff50 (0xfee43023) sd      a4, -32(s0)
core   0: 3 0x000000008000ff50 (0xfee43023) mem 0x0000000080031f50 0x0000000080012045
core   0: 0x000000008000ff54 (0xfc442703) lw      a4, -60(s0)
core   0: 3 0x000000008000ff54 (0xfc442703) x14 0x0000000000000000 mem 0x0000000080031f34
core   0: 0x000000008000ff58 (0x0ff77713) andi    a4, a4, 255
core   0: 3 0x000000008000ff58 (0x0ff77713) x14 0x0000000000000000
core   0: 0x000000008000ff5c (0x00e78023) sb      a4, 0(a5)
core   0: 3 0x000000008000ff5c (0x00e78023) mem 0x0000000080012044 0x00
core   0: 0x000000008000ff60 (0xfc843703) ld      a4, -56(s0)
core   0: 3 0x000000008000ff60 (0xfc843703) x14 0x0000000080012040 mem 0x0000000080031f38
core   0: 0x000000008000ff64 (0xfb843783) ld      a5, -72(s0)
core   0: 3 0x000000008000ff64 (0xfb843783) x15 0x000000000000009c mem 0x0000000080031f28
core   0: 0x000000008000ff68 (0x000097ba) c.add   a5, a4
core   0: 3 0x000000008000ff68 (0x97ba) x15 0x00000000800120dc
core   0: 0x000000008000ff6a (0xfe043703) ld      a4, -32(s0)
core   0: 3 0x000000008000ff6a (0xfe043703) x14 0x0000000080012045 mem 0x0000000080031f50
core   0: 0x000000008000ff6e (0xfcf76de3) bltu    a4, a5, pc - 38
core   0: 3 0x000000008000ff6e (0xfcf76de3)
core   0: 0x000000008000ff48 (0xfe043783) ld      a5, -32(s0)
core   0: 3 0x000000008000ff48 (0xfe043783) x15 0x0000000080012045 mem 0x0000000080031f50
core   0: 0x000000008000ff4c (0x00178713) addi    a4, a5, 1
core   0: 3 0x000000008000ff4c (0x00178713) x14 0x0000000080012046
core   0: 0x000000008000ff50 (0xfee43023) sd      a4, -32(s0)
core   0: 3 0x000000008000ff50 (0xfee43023) mem 0x0000000080031f50 0x0000000080012046
core   0: 0x000000008000ff54 (0xfc442703) lw      a4, -60(s0)
core   0: 3 0x000000008000ff54 (0xfc442703) x14 0x0000000000000000 mem 0x0000000080031f34
core   0: 0x000000008000ff58 (0x0ff77713) andi    a4, a4, 255
core   0: 3 0x000000008000ff58 (0x0ff77713) x14 0x0000000000000000
core   0: 0x000000008000ff5c (0x00e78023) sb      a4, 0(a5)
core   0: 3 0x000000008000ff5c (0x00e78023) mem 0x0000000080012045 0x00
core   0: 0x000000008000ff60 (0xfc843703) ld      a4, -56(s0)
core   0: 3 0x000000008000ff60 (0xfc843703) x14 0x0000000080012040 mem 0x0000000080031f38
core   0: 0x000000008000ff64 (0xfb843783) ld      a5, -72(s0)
core   0: 3 0x000000008000ff64 (0xfb843783) x15 0x000000000000009c mem 0x0000000080031f28
core   0: 0x000000008000ff68 (0x000097ba) c.add   a5, a4
core   0: 3 0x000000008000ff68 (0x97ba) x15 0x00000000800120dc
core   0: 0x000000008000ff6a (0xfe043703) ld      a4, -32(s0)
core   0: 3 0x000000008000ff6a (0xfe043703) x14 0x0000000080012046 mem 0x0000000080031f50
core   0: 0x000000008000ff6e (0xfcf76de3) bltu    a4, a5, pc - 38
core   0: 3 0x000000008000ff6e (0xfcf76de3)
core   0: 0x000000008000ff48 (0xfe043783) ld      a5, -32(s0)
core   0: 3 0x000000008000ff48 (0xfe043783) x15 0x0000000080012046 mem 0x0000000080031f50
core   0: 0x000000008000ff4c (0x00178713) addi    a4, a5, 1
core   0: 3 0x000000008000ff4c (0x00178713) x14 0x0000000080012047
core   0: 0x000000008000ff50 (0xfee43023) sd      a4, -32(s0)
core   0: 3 0x000000008000ff50 (0xfee43023) mem 0x0000000080031f50 0x0000000080012047
core   0: 0x000000008000ff54 (0xfc442703) lw      a4, -60(s0)
core   0: 3 0x000000008000ff54 (0xfc442703) x14 0x0000000000000000 mem 0x0000000080031f34
core   0: 0x000000008000ff58 (0x0ff77713) andi    a4, a4, 255
core   0: 3 0x000000008000ff58 (0x0ff77713) x14 0x0000000000000000
core   0: 0x000000008000ff5c (0x00e78023) sb      a4, 0(a5)
core   0: 3 0x000000008000ff5c (0x00e78023) mem 0x0000000080012046 0x00
core   0: 0x000000008000ff60 (0xfc843703) ld      a4, -56(s0)
core   0: 3 0x000000008000ff60 (0xfc843703) x14 0x0000000080012040 mem 0x0000000080031f38
core   0: 0x000000008000ff64 (0xfb843783) ld      a5, -72(s0)
core   0: 3 0x000000008000ff64 (0xfb843783) x15 0x000000000000009c mem 0x0000000080031f28
core   0: 0x000000008000ff68 (0x000097ba) c.add   a5, a4
core   0: 3 0x000000008000ff68 (0x97ba) x15 0x00000000800120dc
core   0: 0x000000008000ff6a (0xfe043703) ld      a4, -32(s0)
core   0: 3 0x000000008000ff6a (0xfe043703) x14 0x0000000080012047 mem 0x0000000080031f50
core   0: 0x000000008000ff6e (0xfcf76de3) bltu    a4, a5, pc - 38
core   0: 3 0x000000008000ff6e (0xfcf76de3)
core   0: 0x000000008000ff48 (0xfe043783) ld      a5, -32(s0)
core   0: 3 0x000000008000ff48 (0xfe043783) x15 0x0000000080012047 mem 0x0000000080031f50
core   0: 0x000000008000ff4c (0x00178713) addi    a4, a5, 1
core   0: 3 0x000000008000ff4c (0x00178713) x14 0x0000000080012048
core   0: 0x000000008000ff50 (0xfee43023) sd      a4, -32(s0)
core   0: 3 0x000000008000ff50 (0xfee43023) mem 0x0000000080031f50 0x0000000080012048
core   0: 0x000000008000ff54 (0xfc442703) lw      a4, -60(s0)
core   0: 3 0x000000008000ff54 (0xfc442703) x14 0x0000000000000000 mem 0x0000000080031f34
core   0: 0x000000008000ff58 (0x0ff77713) andi    a4, a4, 255
core   0: 3 0x000000008000ff58 (0x0ff77713) x14 0x0000000000000000
core   0: 0x000000008000ff5c (0x00e78023) sb      a4, 0(a5)
core   0: 3 0x000000008000ff5c (0x00e78023) mem 0x0000000080012047 0x00
core   0: 0x000000008000ff60 (0xfc843703) ld      a4, -56(s0)
core   0: 3 0x000000008000ff60 (0xfc843703) x14 0x0000000080012040 mem 0x0000000080031f38
core   0: 0x000000008000ff64 (0xfb843783) ld      a5, -72(s0)
core   0: 3 0x000000008000ff64 (0xfb843783) x15 0x000000000000009c mem 0x0000000080031f28
core   0: 0x000000008000ff68 (0x000097ba) c.add   a5, a4
core   0: 3 0x000000008000ff68 (0x97ba) x15 0x00000000800120dc
core   0: 0x000000008000ff6a (0xfe043703) ld      a4, -32(s0)
core   0: 3 0x000000008000ff6a (0xfe043703) x14 0x0000000080012048 mem 0x0000000080031f50
core   0: 0x000000008000ff6e (0xfcf76de3) bltu    a4, a5, pc - 38
core   0: 3 0x000000008000ff6e (0xfcf76de3)
core   0: 0x000000008000ff48 (0xfe043783) ld      a5, -32(s0)
core   0: 3 0x000000008000ff48 (0xfe043783) x15 0x0000000080012048 mem 0x0000000080031f50
core   0: 0x000000008000ff4c (0x00178713) addi    a4, a5, 1
core   0: 3 0x000000008000ff4c (0x00178713) x14 0x0000000080012049
core   0: 0x000000008000ff50 (0xfee43023) sd      a4, -32(s0)
core   0: 3 0x000000008000ff50 (0xfee43023) mem 0x0000000080031f50 0x0000000080012049
core   0: 0x000000008000ff54 (0xfc442703) lw      a4, -60(s0)
core   0: 3 0x000000008000ff54 (0xfc442703) x14 0x0000000000000000 mem 0x0000000080031f34
core   0: 0x000000008000ff58 (0x0ff77713) andi    a4, a4, 255
core   0: 3 0x000000008000ff58 (0x0ff77713) x14 0x0000000000000000
core   0: 0x000000008000ff5c (0x00e78023) sb      a4, 0(a5)
core   0: 3 0x000000008000ff5c (0x00e78023) mem 0x0000000080012048 0x00
core   0: 0x000000008000ff60 (0xfc843703) ld      a4, -56(s0)
core   0: 3 0x000000008000ff60 (0xfc843703) x14 0x0000000080012040 mem 0x0000000080031f38
core   0: 0x000000008000ff64 (0xfb843783) ld      a5, -72(s0)
core   0: 3 0x000000008000ff64 (0xfb843783) x15 0x000000000000009c mem 0x0000000080031f28
core   0: 0x000000008000ff68 (0x000097ba) c.add   a5, a4
core   0: 3 0x000000008000ff68 (0x97ba) x15 0x00000000800120dc
core   0: 0x000000008000ff6a (0xfe043703) ld      a4, -32(s0)
core   0: 3 0x000000008000ff6a (0xfe043703) x14 0x0000000080012049 mem 0x0000000080031f50
core   0: 0x000000008000ff6e (0xfcf76de3) bltu    a4, a5, pc - 38
core   0: 3 0x000000008000ff6e (0xfcf76de3)
core   0: 0x000000008000ff48 (0xfe043783) ld      a5, -32(s0)
core   0: 3 0x000000008000ff48 (0xfe043783) x15 0x0000000080012049 mem 0x0000000080031f50
core   0: 0x000000008000ff4c (0x00178713) addi    a4, a5, 1
core   0: 3 0x000000008000ff4c (0x00178713) x14 0x000000008001204a
core   0: 0x000000008000ff50 (0xfee43023) sd      a4, -32(s0)
core   0: 3 0x000000008000ff50 (0xfee43023) mem 0x0000000080031f50 0x000000008001204a
core   0: 0x000000008000ff54 (0xfc442703) lw      a4, -60(s0)
core   0: 3 0x000000008000ff54 (0xfc442703) x14 0x0000000000000000 mem 0x0000000080031f34
core   0: 0x000000008000ff58 (0x0ff77713) andi    a4, a4, 255
core   0: 3 0x000000008000ff58 (0x0ff77713) x14 0x0000000000000000
core   0: 0x000000008000ff5c (0x00e78023) sb      a4, 0(a5)
core   0: 3 0x000000008000ff5c (0x00e78023) mem 0x0000000080012049 0x00
core   0: 0x000000008000ff60 (0xfc843703) ld      a4, -56(s0)
core   0: 3 0x000000008000ff60 (0xfc843703) x14 0x0000000080012040 mem 0x0000000080031f38
core   0: 0x000000008000ff64 (0xfb843783) ld      a5, -72(s0)
core   0: 3 0x000000008000ff64 (0xfb843783) x15 0x000000000000009c mem 0x0000000080031f28
core   0: 0x000000008000ff68 (0x000097ba) c.add   a5, a4
core   0: 3 0x000000008000ff68 (0x97ba) x15 0x00000000800120dc
core   0: 0x000000008000ff6a (0xfe043703) ld      a4, -32(s0)
core   0: 3 0x000000008000ff6a (0xfe043703) x14 0x000000008001204a mem 0x0000000080031f50
core   0: 0x000000008000ff6e (0xfcf76de3) bltu    a4, a5, pc - 38
core   0: 3 0x000000008000ff6e (0xfcf76de3)
core   0: 0x000000008000ff48 (0xfe043783) ld      a5, -32(s0)
core   0: 3 0x000000008000ff48 (0xfe043783) x15 0x000000008001204a mem 0x0000000080031f50
core   0: 0x000000008000ff4c (0x00178713) addi    a4, a5, 1
core   0: 3 0x000000008000ff4c (0x00178713) x14 0x000000008001204b
core   0: 0x000000008000ff50 (0xfee43023) sd      a4, -32(s0)
core   0: 3 0x000000008000ff50 (0xfee43023) mem 0x0000000080031f50 0x000000008001204b
core   0: 0x000000008000ff54 (0xfc442703) lw      a4, -60(s0)
core   0: 3 0x000000008000ff54 (0xfc442703) x14 0x0000000000000000 mem 0x0000000080031f34
core   0: 0x000000008000ff58 (0x0ff77713) andi    a4, a4, 255
core   0: 3 0x000000008000ff58 (0x0ff77713) x14 0x0000000000000000
core   0: 0x000000008000ff5c (0x00e78023) sb      a4, 0(a5)
core   0: 3 0x000000008000ff5c (0x00e78023) mem 0x000000008001204a 0x00
core   0: 0x000000008000ff60 (0xfc843703) ld      a4, -56(s0)
core   0: 3 0x000000008000ff60 (0xfc843703) x14 0x0000000080012040 mem 0x0000000080031f38
core   0: 0x000000008000ff64 (0xfb843783) ld      a5, -72(s0)
core   0: 3 0x000000008000ff64 (0xfb843783) x15 0x000000000000009c mem 0x0000000080031f28
core   0: 0x000000008000ff68 (0x000097ba) c.add   a5, a4
core   0: 3 0x000000008000ff68 (0x97ba) x15 0x00000000800120dc
core   0: 0x000000008000ff6a (0xfe043703) ld      a4, -32(s0)
core   0: 3 0x000000008000ff6a (0xfe043703) x14 0x000000008001204b mem 0x0000000080031f50
core   0: 0x000000008000ff6e (0xfcf76de3) bltu    a4, a5, pc - 38
core   0: 3 0x000000008000ff6e (0xfcf76de3)
core   0: 0x000000008000ff48 (0xfe043783) ld      a5, -32(s0)
core   0: 3 0x000000008000ff48 (0xfe043783) x15 0x000000008001204b mem 0x0000000080031f50
core   0: 0x000000008000ff4c (0x00178713) addi    a4, a5, 1
core   0: 3 0x000000008000ff4c (0x00178713) x14 0x000000008001204c
core   0: 0x000000008000ff50 (0xfee43023) sd      a4, -32(s0)
core   0: 3 0x000000008000ff50 (0xfee43023) mem 0x0000000080031f50 0x000000008001204c
core   0: 0x000000008000ff54 (0xfc442703) lw      a4, -60(s0)
core   0: 3 0x000000008000ff54 (0xfc442703) x14 0x0000000000000000 mem 0x0000000080031f34
core   0: 0x000000008000ff58 (0x0ff77713) andi    a4, a4, 255
core   0: 3 0x000000008000ff58 (0x0ff77713) x14 0x0000000000000000
core   0: 0x000000008000ff5c (0x00e78023) sb      a4, 0(a5)
core   0: 3 0x000000008000ff5c (0x00e78023) mem 0x000000008001204b 0x00
core   0: 0x000000008000ff60 (0xfc843703) ld      a4, -56(s0)
core   0: 3 0x000000008000ff60 (0xfc843703) x14 0x0000000080012040 mem 0x0000000080031f38
core   0: 0x000000008000ff64 (0xfb843783) ld      a5, -72(s0)
core   0: 3 0x000000008000ff64 (0xfb843783) x15 0x000000000000009c mem 0x0000000080031f28
core   0: 0x000000008000ff68 (0x000097ba) c.add   a5, a4
core   0: 3 0x000000008000ff68 (0x97ba) x15 0x00000000800120dc
core   0: 0x000000008000ff6a (0xfe043703) ld      a4, -32(s0)
core   0: 3 0x000000008000ff6a (0xfe043703) x14 0x000000008001204c mem 0x0000000080031f50
core   0: 0x000000008000ff6e (0xfcf76de3) bltu    a4, a5, pc - 38
core   0: 3 0x000000008000ff6e (0xfcf76de3)
core   0: 0x000000008000ff48 (0xfe043783) ld      a5, -32(s0)
core   0: 3 0x000000008000ff48 (0xfe043783) x15 0x000000008001204c mem 0x0000000080031f50
core   0: 0x000000008000ff4c (0x00178713) addi    a4, a5, 1
core   0: 3 0x000000008000ff4c (0x00178713) x14 0x000000008001204d
core   0: 0x000000008000ff50 (0xfee43023) sd      a4, -32(s0)
core   0: 3 0x000000008000ff50 (0xfee43023) mem 0x0000000080031f50 0x000000008001204d
core   0: 0x000000008000ff54 (0xfc442703) lw      a4, -60(s0)
core   0: 3 0x000000008000ff54 (0xfc442703) x14 0x0000000000000000 mem 0x0000000080031f34
core   0: 0x000000008000ff58 (0x0ff77713) andi    a4, a4, 255
core   0: 3 0x000000008000ff58 (0x0ff77713) x14 0x0000000000000000
core   0: 0x000000008000ff5c (0x00e78023) sb      a4, 0(a5)
core   0: 3 0x000000008000ff5c (0x00e78023) mem 0x000000008001204c 0x00
core   0: 0x000000008000ff60 (0xfc843703) ld      a4, -56(s0)
core   0: 3 0x000000008000ff60 (0xfc843703) x14 0x0000000080012040 mem 0x0000000080031f38
core   0: 0x000000008000ff64 (0xfb843783) ld      a5, -72(s0)
core   0: 3 0x000000008000ff64 (0xfb843783) x15 0x000000000000009c mem 0x0000000080031f28
core   0: 0x000000008000ff68 (0x000097ba) c.add   a5, a4
core   0: 3 0x000000008000ff68 (0x97ba) x15 0x00000000800120dc
core   0: 0x000000008000ff6a (0xfe043703) ld      a4, -32(s0)
core   0: 3 0x000000008000ff6a (0xfe043703) x14 0x000000008001204d mem 0x0000000080031f50
core   0: 0x000000008000ff6e (0xfcf76de3) bltu    a4, a5, pc - 38
core   0: 3 0x000000008000ff6e (0xfcf76de3)
core   0: 0x000000008000ff48 (0xfe043783) ld      a5, -32(s0)
core   0: 3 0x000000008000ff48 (0xfe043783) x15 0x000000008001204d mem 0x0000000080031f50
core   0: 0x000000008000ff4c (0x00178713) addi    a4, a5, 1
core   0: 3 0x000000008000ff4c (0x00178713) x14 0x000000008001204e
core   0: 0x000000008000ff50 (0xfee43023) sd      a4, -32(s0)
core   0: 3 0x000000008000ff50 (0xfee43023) mem 0x0000000080031f50 0x000000008001204e
core   0: 0x000000008000ff54 (0xfc442703) lw      a4, -60(s0)
core   0: 3 0x000000008000ff54 (0xfc442703) x14 0x0000000000000000 mem 0x0000000080031f34
core   0: 0x000000008000ff58 (0x0ff77713) andi    a4, a4, 255
core   0: 3 0x000000008000ff58 (0x0ff77713) x14 0x0000000000000000
core   0: 0x000000008000ff5c (0x00e78023) sb      a4, 0(a5)
core   0: 3 0x000000008000ff5c (0x00e78023) mem 0x000000008001204d 0x00
core   0: 0x000000008000ff60 (0xfc843703) ld      a4, -56(s0)
core   0: 3 0x000000008000ff60 (0xfc843703) x14 0x0000000080012040 mem 0x0000000080031f38
core   0: 0x000000008000ff64 (0xfb843783) ld      a5, -72(s0)
core   0: 3 0x000000008000ff64 (0xfb843783) x15 0x000000000000009c mem 0x0000000080031f28
core   0: 0x000000008000ff68 (0x000097ba) c.add   a5, a4
core   0: 3 0x000000008000ff68 (0x97ba) x15 0x00000000800120dc
core   0: 0x000000008000ff6a (0xfe043703) ld      a4, -32(s0)
core   0: 3 0x000000008000ff6a (0xfe043703) x14 0x000000008001204e mem 0x0000000080031f50
core   0: 0x000000008000ff6e (0xfcf76de3) bltu    a4, a5, pc - 38
core   0: 3 0x000000008000ff6e (0xfcf76de3)
core   0: 0x000000008000ff48 (0xfe043783) ld      a5, -32(s0)
core   0: 3 0x000000008000ff48 (0xfe043783) x15 0x000000008001204e mem 0x0000000080031f50
core   0: 0x000000008000ff4c (0x00178713) addi    a4, a5, 1
core   0: 3 0x000000008000ff4c (0x00178713) x14 0x000000008001204f
core   0: 0x000000008000ff50 (0xfee43023) sd      a4, -32(s0)
core   0: 3 0x000000008000ff50 (0xfee43023) mem 0x0000000080031f50 0x000000008001204f
core   0: 0x000000008000ff54 (0xfc442703) lw      a4, -60(s0)
core   0: 3 0x000000008000ff54 (0xfc442703) x14 0x0000000000000000 mem 0x0000000080031f34
core   0: 0x000000008000ff58 (0x0ff77713) andi    a4, a4, 255
core   0: 3 0x000000008000ff58 (0x0ff77713) x14 0x0000000000000000
core   0: 0x000000008000ff5c (0x00e78023) sb      a4, 0(a5)
core   0: 3 0x000000008000ff5c (0x00e78023) mem 0x000000008001204e 0x00
core   0: 0x000000008000ff60 (0xfc843703) ld      a4, -56(s0)
core   0: 3 0x000000008000ff60 (0xfc843703) x14 0x0000000080012040 mem 0x0000000080031f38
core   0: 0x000000008000ff64 (0xfb843783) ld      a5, -72(s0)
core   0: 3 0x000000008000ff64 (0xfb843783) x15 0x000000000000009c mem 0x0000000080031f28
core   0: 0x000000008000ff68 (0x000097ba) c.add   a5, a4
core   0: 3 0x000000008000ff68 (0x97ba) x15 0x00000000800120dc
core   0: 0x000000008000ff6a (0xfe043703) ld      a4, -32(s0)
core   0: 3 0x000000008000ff6a (0xfe043703) x14 0x000000008001204f mem 0x0000000080031f50
core   0: 0x000000008000ff6e (0xfcf76de3) bltu    a4, a5, pc - 38
core   0: 3 0x000000008000ff6e (0xfcf76de3)
core   0: 0x000000008000ff48 (0xfe043783) ld      a5, -32(s0)
core   0: 3 0x000000008000ff48 (0xfe043783) x15 0x000000008001204f mem 0x0000000080031f50
core   0: 0x000000008000ff4c (0x00178713) addi    a4, a5, 1
core   0: 3 0x000000008000ff4c (0x00178713) x14 0x0000000080012050
core   0: 0x000000008000ff50 (0xfee43023) sd      a4, -32(s0)
core   0: 3 0x000000008000ff50 (0xfee43023) mem 0x0000000080031f50 0x0000000080012050
core   0: 0x000000008000ff54 (0xfc442703) lw      a4, -60(s0)
core   0: 3 0x000000008000ff54 (0xfc442703) x14 0x0000000000000000 mem 0x0000000080031f34
core   0: 0x000000008000ff58 (0x0ff77713) andi    a4, a4, 255
core   0: 3 0x000000008000ff58 (0x0ff77713) x14 0x0000000000000000
core   0: 0x000000008000ff5c (0x00e78023) sb      a4, 0(a5)
core   0: 3 0x000000008000ff5c (0x00e78023) mem 0x000000008001204f 0x00
core   0: 0x000000008000ff60 (0xfc843703) ld      a4, -56(s0)
core   0: 3 0x000000008000ff60 (0xfc843703) x14 0x0000000080012040 mem 0x0000000080031f38
core   0: 0x000000008000ff64 (0xfb843783) ld      a5, -72(s0)
core   0: 3 0x000000008000ff64 (0xfb843783) x15 0x000000000000009c mem 0x0000000080031f28
core   0: 0x000000008000ff68 (0x000097ba) c.add   a5, a4
core   0: 3 0x000000008000ff68 (0x97ba) x15 0x00000000800120dc
core   0: 0x000000008000ff6a (0xfe043703) ld      a4, -32(s0)
core   0: 3 0x000000008000ff6a (0xfe043703) x14 0x0000000080012050 mem 0x0000000080031f50
core   0: 0x000000008000ff6e (0xfcf76de3) bltu    a4, a5, pc - 38
core   0: 3 0x000000008000ff6e (0xfcf76de3)
core   0: 0x000000008000ff48 (0xfe043783) ld      a5, -32(s0)
core   0: 3 0x000000008000ff48 (0xfe043783) x15 0x0000000080012050 mem 0x0000000080031f50
core   0: 0x000000008000ff4c (0x00178713) addi    a4, a5, 1
core   0: 3 0x000000008000ff4c (0x00178713) x14 0x0000000080012051
core   0: 0x000000008000ff50 (0xfee43023) sd      a4, -32(s0)
core   0: 3 0x000000008000ff50 (0xfee43023) mem 0x0000000080031f50 0x0000000080012051
core   0: 0x000000008000ff54 (0xfc442703) lw      a4, -60(s0)
core   0: 3 0x000000008000ff54 (0xfc442703) x14 0x0000000000000000 mem 0x0000000080031f34
core   0: 0x000000008000ff58 (0x0ff77713) andi    a4, a4, 255
core   0: 3 0x000000008000ff58 (0x0ff77713) x14 0x0000000000000000
core   0: 0x000000008000ff5c (0x00e78023) sb      a4, 0(a5)
core   0: 3 0x000000008000ff5c (0x00e78023) mem 0x0000000080012050 0x00
core   0: 0x000000008000ff60 (0xfc843703) ld      a4, -56(s0)
core   0: 3 0x000000008000ff60 (0xfc843703) x14 0x0000000080012040 mem 0x0000000080031f38
core   0: 0x000000008000ff64 (0xfb843783) ld      a5, -72(s0)
core   0: 3 0x000000008000ff64 (0xfb843783) x15 0x000000000000009c mem 0x0000000080031f28
core   0: 0x000000008000ff68 (0x000097ba) c.add   a5, a4
core   0: 3 0x000000008000ff68 (0x97ba) x15 0x00000000800120dc
core   0: 0x000000008000ff6a (0xfe043703) ld      a4, -32(s0)
core   0: 3 0x000000008000ff6a (0xfe043703) x14 0x0000000080012051 mem 0x0000000080031f50
core   0: 0x000000008000ff6e (0xfcf76de3) bltu    a4, a5, pc - 38
core   0: 3 0x000000008000ff6e (0xfcf76de3)
core   0: 0x000000008000ff48 (0xfe043783) ld      a5, -32(s0)
core   0: 3 0x000000008000ff48 (0xfe043783) x15 0x0000000080012051 mem 0x0000000080031f50
core   0: 0x000000008000ff4c (0x00178713) addi    a4, a5, 1
core   0: 3 0x000000008000ff4c (0x00178713) x14 0x0000000080012052
core   0: 0x000000008000ff50 (0xfee43023) sd      a4, -32(s0)
core   0: 3 0x000000008000ff50 (0xfee43023) mem 0x0000000080031f50 0x0000000080012052
core   0: 0x000000008000ff54 (0xfc442703) lw      a4, -60(s0)
core   0: 3 0x000000008000ff54 (0xfc442703) x14 0x0000000000000000 mem 0x0000000080031f34
core   0: 0x000000008000ff58 (0x0ff77713) andi    a4, a4, 255
core   0: 3 0x000000008000ff58 (0x0ff77713) x14 0x0000000000000000
core   0: 0x000000008000ff5c (0x00e78023) sb      a4, 0(a5)
core   0: 3 0x000000008000ff5c (0x00e78023) mem 0x0000000080012051 0x00
core   0: 0x000000008000ff60 (0xfc843703) ld      a4, -56(s0)
core   0: 3 0x000000008000ff60 (0xfc843703) x14 0x0000000080012040 mem 0x0000000080031f38
core   0: 0x000000008000ff64 (0xfb843783) ld      a5, -72(s0)
core   0: 3 0x000000008000ff64 (0xfb843783) x15 0x000000000000009c mem 0x0000000080031f28
core   0: 0x000000008000ff68 (0x000097ba) c.add   a5, a4
core   0: 3 0x000000008000ff68 (0x97ba) x15 0x00000000800120dc
core   0: 0x000000008000ff6a (0xfe043703) ld      a4, -32(s0)
core   0: 3 0x000000008000ff6a (0xfe043703) x14 0x0000000080012052 mem 0x0000000080031f50
core   0: 0x000000008000ff6e (0xfcf76de3) bltu    a4, a5, pc - 38
core   0: 3 0x000000008000ff6e (0xfcf76de3)
core   0: 0x000000008000ff48 (0xfe043783) ld      a5, -32(s0)
core   0: 3 0x000000008000ff48 (0xfe043783) x15 0x0000000080012052 mem 0x0000000080031f50
core   0: 0x000000008000ff4c (0x00178713) addi    a4, a5, 1
core   0: 3 0x000000008000ff4c (0x00178713) x14 0x0000000080012053
core   0: 0x000000008000ff50 (0xfee43023) sd      a4, -32(s0)
core   0: 3 0x000000008000ff50 (0xfee43023) mem 0x0000000080031f50 0x0000000080012053
core   0: 0x000000008000ff54 (0xfc442703) lw      a4, -60(s0)
core   0: 3 0x000000008000ff54 (0xfc442703) x14 0x0000000000000000 mem 0x0000000080031f34
core   0: 0x000000008000ff58 (0x0ff77713) andi    a4, a4, 255
core   0: 3 0x000000008000ff58 (0x0ff77713) x14 0x0000000000000000
core   0: 0x000000008000ff5c (0x00e78023) sb      a4, 0(a5)
core   0: 3 0x000000008000ff5c (0x00e78023) mem 0x0000000080012052 0x00
core   0: 0x000000008000ff60 (0xfc843703) ld      a4, -56(s0)
core   0: 3 0x000000008000ff60 (0xfc843703) x14 0x0000000080012040 mem 0x0000000080031f38
core   0: 0x000000008000ff64 (0xfb843783) ld      a5, -72(s0)
core   0: 3 0x000000008000ff64 (0xfb843783) x15 0x000000000000009c mem 0x0000000080031f28
core   0: 0x000000008000ff68 (0x000097ba) c.add   a5, a4
core   0: 3 0x000000008000ff68 (0x97ba) x15 0x00000000800120dc
core   0: 0x000000008000ff6a (0xfe043703) ld      a4, -32(s0)
core   0: 3 0x000000008000ff6a (0xfe043703) x14 0x0000000080012053 mem 0x0000000080031f50
core   0: 0x000000008000ff6e (0xfcf76de3) bltu    a4, a5, pc - 38
core   0: 3 0x000000008000ff6e (0xfcf76de3)
core   0: 0x000000008000ff48 (0xfe043783) ld      a5, -32(s0)
core   0: 3 0x000000008000ff48 (0xfe043783) x15 0x0000000080012053 mem 0x0000000080031f50
core   0: 0x000000008000ff4c (0x00178713) addi    a4, a5, 1
core   0: 3 0x000000008000ff4c (0x00178713) x14 0x0000000080012054
core   0: 0x000000008000ff50 (0xfee43023) sd      a4, -32(s0)
core   0: 3 0x000000008000ff50 (0xfee43023) mem 0x0000000080031f50 0x0000000080012054
core   0: 0x000000008000ff54 (0xfc442703) lw      a4, -60(s0)
core   0: 3 0x000000008000ff54 (0xfc442703) x14 0x0000000000000000 mem 0x0000000080031f34
core   0: 0x000000008000ff58 (0x0ff77713) andi    a4, a4, 255
core   0: 3 0x000000008000ff58 (0x0ff77713) x14 0x0000000000000000
core   0: 0x000000008000ff5c (0x00e78023) sb      a4, 0(a5)
core   0: 3 0x000000008000ff5c (0x00e78023) mem 0x0000000080012053 0x00
core   0: 0x000000008000ff60 (0xfc843703) ld      a4, -56(s0)
core   0: 3 0x000000008000ff60 (0xfc843703) x14 0x0000000080012040 mem 0x0000000080031f38
core   0: 0x000000008000ff64 (0xfb843783) ld      a5, -72(s0)
core   0: 3 0x000000008000ff64 (0xfb843783) x15 0x000000000000009c mem 0x0000000080031f28
core   0: 0x000000008000ff68 (0x000097ba) c.add   a5, a4
core   0: 3 0x000000008000ff68 (0x97ba) x15 0x00000000800120dc
core   0: 0x000000008000ff6a (0xfe043703) ld      a4, -32(s0)
core   0: 3 0x000000008000ff6a (0xfe043703) x14 0x0000000080012054 mem 0x0000000080031f50
core   0: 0x000000008000ff6e (0xfcf76de3) bltu    a4, a5, pc - 38
core   0: 3 0x000000008000ff6e (0xfcf76de3)
core   0: 0x000000008000ff48 (0xfe043783) ld      a5, -32(s0)
core   0: 3 0x000000008000ff48 (0xfe043783) x15 0x0000000080012054 mem 0x0000000080031f50
core   0: 0x000000008000ff4c (0x00178713) addi    a4, a5, 1
core   0: 3 0x000000008000ff4c (0x00178713) x14 0x0000000080012055
core   0: 0x000000008000ff50 (0xfee43023) sd      a4, -32(s0)
core   0: 3 0x000000008000ff50 (0xfee43023) mem 0x0000000080031f50 0x0000000080012055
core   0: 0x000000008000ff54 (0xfc442703) lw      a4, -60(s0)
core   0: 3 0x000000008000ff54 (0xfc442703) x14 0x0000000000000000 mem 0x0000000080031f34
core   0: 0x000000008000ff58 (0x0ff77713) andi    a4, a4, 255
core   0: 3 0x000000008000ff58 (0x0ff77713) x14 0x0000000000000000
core   0: 0x000000008000ff5c (0x00e78023) sb      a4, 0(a5)
core   0: 3 0x000000008000ff5c (0x00e78023) mem 0x0000000080012054 0x00
core   0: 0x000000008000ff60 (0xfc843703) ld      a4, -56(s0)
core   0: 3 0x000000008000ff60 (0xfc843703) x14 0x0000000080012040 mem 0x0000000080031f38
core   0: 0x000000008000ff64 (0xfb843783) ld      a5, -72(s0)
core   0: 3 0x000000008000ff64 (0xfb843783) x15 0x000000000000009c mem 0x0000000080031f28
core   0: 0x000000008000ff68 (0x000097ba) c.add   a5, a4
core   0: 3 0x000000008000ff68 (0x97ba) x15 0x00000000800120dc
core   0: 0x000000008000ff6a (0xfe043703) ld      a4, -32(s0)
core   0: 3 0x000000008000ff6a (0xfe043703) x14 0x0000000080012055 mem 0x0000000080031f50
core   0: 0x000000008000ff6e (0xfcf76de3) bltu    a4, a5, pc - 38
core   0: 3 0x000000008000ff6e (0xfcf76de3)
core   0: 0x000000008000ff48 (0xfe043783) ld      a5, -32(s0)
core   0: 3 0x000000008000ff48 (0xfe043783) x15 0x0000000080012055 mem 0x0000000080031f50
core   0: 0x000000008000ff4c (0x00178713) addi    a4, a5, 1
core   0: 3 0x000000008000ff4c (0x00178713) x14 0x0000000080012056
core   0: 0x000000008000ff50 (0xfee43023) sd      a4, -32(s0)
core   0: 3 0x000000008000ff50 (0xfee43023) mem 0x0000000080031f50 0x0000000080012056
core   0: 0x000000008000ff54 (0xfc442703) lw      a4, -60(s0)
core   0: 3 0x000000008000ff54 (0xfc442703) x14 0x0000000000000000 mem 0x0000000080031f34
core   0: 0x000000008000ff58 (0x0ff77713) andi    a4, a4, 255
core   0: 3 0x000000008000ff58 (0x0ff77713) x14 0x0000000000000000
core   0: 0x000000008000ff5c (0x00e78023) sb      a4, 0(a5)
core   0: 3 0x000000008000ff5c (0x00e78023) mem 0x0000000080012055 0x00
core   0: 0x000000008000ff60 (0xfc843703) ld      a4, -56(s0)
core   0: 3 0x000000008000ff60 (0xfc843703) x14 0x0000000080012040 mem 0x0000000080031f38
core   0: 0x000000008000ff64 (0xfb843783) ld      a5, -72(s0)
core   0: 3 0x000000008000ff64 (0xfb843783) x15 0x000000000000009c mem 0x0000000080031f28
core   0: 0x000000008000ff68 (0x000097ba) c.add   a5, a4
core   0: 3 0x000000008000ff68 (0x97ba) x15 0x00000000800120dc
core   0: 0x000000008000ff6a (0xfe043703) ld      a4, -32(s0)
core   0: 3 0x000000008000ff6a (0xfe043703) x14 0x0000000080012056 mem 0x0000000080031f50
core   0: 0x000000008000ff6e (0xfcf76de3) bltu    a4, a5, pc - 38
core   0: 3 0x000000008000ff6e (0xfcf76de3)
core   0: 0x000000008000ff48 (0xfe043783) ld      a5, -32(s0)
core   0: 3 0x000000008000ff48 (0xfe043783) x15 0x0000000080012056 mem 0x0000000080031f50
core   0: 0x000000008000ff4c (0x00178713) addi    a4, a5, 1
core   0: 3 0x000000008000ff4c (0x00178713) x14 0x0000000080012057
core   0: 0x000000008000ff50 (0xfee43023) sd      a4, -32(s0)
core   0: 3 0x000000008000ff50 (0xfee43023) mem 0x0000000080031f50 0x0000000080012057
core   0: 0x000000008000ff54 (0xfc442703) lw      a4, -60(s0)
core   0: 3 0x000000008000ff54 (0xfc442703) x14 0x0000000000000000 mem 0x0000000080031f34
core   0: 0x000000008000ff58 (0x0ff77713) andi    a4, a4, 255
core   0: 3 0x000000008000ff58 (0x0ff77713) x14 0x0000000000000000
core   0: 0x000000008000ff5c (0x00e78023) sb      a4, 0(a5)
core   0: 3 0x000000008000ff5c (0x00e78023) mem 0x0000000080012056 0x00
core   0: 0x000000008000ff60 (0xfc843703) ld      a4, -56(s0)
core   0: 3 0x000000008000ff60 (0xfc843703) x14 0x0000000080012040 mem 0x0000000080031f38
core   0: 0x000000008000ff64 (0xfb843783) ld      a5, -72(s0)
core   0: 3 0x000000008000ff64 (0xfb843783) x15 0x000000000000009c mem 0x0000000080031f28
core   0: 0x000000008000ff68 (0x000097ba) c.add   a5, a4
core   0: 3 0x000000008000ff68 (0x97ba) x15 0x00000000800120dc
core   0: 0x000000008000ff6a (0xfe043703) ld      a4, -32(s0)
core   0: 3 0x000000008000ff6a (0xfe043703) x14 0x0000000080012057 mem 0x0000000080031f50
core   0: 0x000000008000ff6e (0xfcf76de3) bltu    a4, a5, pc - 38
core   0: 3 0x000000008000ff6e (0xfcf76de3)
core   0: 0x000000008000ff48 (0xfe043783) ld      a5, -32(s0)
core   0: 3 0x000000008000ff48 (0xfe043783) x15 0x0000000080012057 mem 0x0000000080031f50
core   0: 0x000000008000ff4c (0x00178713) addi    a4, a5, 1
core   0: 3 0x000000008000ff4c (0x00178713) x14 0x0000000080012058
core   0: 0x000000008000ff50 (0xfee43023) sd      a4, -32(s0)
core   0: 3 0x000000008000ff50 (0xfee43023) mem 0x0000000080031f50 0x0000000080012058
core   0: 0x000000008000ff54 (0xfc442703) lw      a4, -60(s0)
core   0: 3 0x000000008000ff54 (0xfc442703) x14 0x0000000000000000 mem 0x0000000080031f34
core   0: 0x000000008000ff58 (0x0ff77713) andi    a4, a4, 255
core   0: 3 0x000000008000ff58 (0x0ff77713) x14 0x0000000000000000
core   0: 0x000000008000ff5c (0x00e78023) sb      a4, 0(a5)
core   0: 3 0x000000008000ff5c (0x00e78023) mem 0x0000000080012057 0x00
core   0: 0x000000008000ff60 (0xfc843703) ld      a4, -56(s0)
core   0: 3 0x000000008000ff60 (0xfc843703) x14 0x0000000080012040 mem 0x0000000080031f38
core   0: 0x000000008000ff64 (0xfb843783) ld      a5, -72(s0)
core   0: 3 0x000000008000ff64 (0xfb843783) x15 0x000000000000009c mem 0x0000000080031f28
core   0: 0x000000008000ff68 (0x000097ba) c.add   a5, a4
core   0: 3 0x000000008000ff68 (0x97ba) x15 0x00000000800120dc
core   0: 0x000000008000ff6a (0xfe043703) ld      a4, -32(s0)
core   0: 3 0x000000008000ff6a (0xfe043703) x14 0x0000000080012058 mem 0x0000000080031f50
core   0: 0x000000008000ff6e (0xfcf76de3) bltu    a4, a5, pc - 38
core   0: 3 0x000000008000ff6e (0xfcf76de3)
core   0: 0x000000008000ff48 (0xfe043783) ld      a5, -32(s0)
core   0: 3 0x000000008000ff48 (0xfe043783) x15 0x0000000080012058 mem 0x0000000080031f50
core   0: 0x000000008000ff4c (0x00178713) addi    a4, a5, 1
core   0: 3 0x000000008000ff4c (0x00178713) x14 0x0000000080012059
core   0: 0x000000008000ff50 (0xfee43023) sd      a4, -32(s0)
core   0: 3 0x000000008000ff50 (0xfee43023) mem 0x0000000080031f50 0x0000000080012059
core   0: 0x000000008000ff54 (0xfc442703) lw      a4, -60(s0)
core   0: 3 0x000000008000ff54 (0xfc442703) x14 0x0000000000000000 mem 0x0000000080031f34
core   0: 0x000000008000ff58 (0x0ff77713) andi    a4, a4, 255
core   0: 3 0x000000008000ff58 (0x0ff77713) x14 0x0000000000000000
core   0: 0x000000008000ff5c (0x00e78023) sb      a4, 0(a5)
core   0: 3 0x000000008000ff5c (0x00e78023) mem 0x0000000080012058 0x00
core   0: 0x000000008000ff60 (0xfc843703) ld      a4, -56(s0)
core   0: 3 0x000000008000ff60 (0xfc843703) x14 0x0000000080012040 mem 0x0000000080031f38
core   0: 0x000000008000ff64 (0xfb843783) ld      a5, -72(s0)
core   0: 3 0x000000008000ff64 (0xfb843783) x15 0x000000000000009c mem 0x0000000080031f28
core   0: 0x000000008000ff68 (0x000097ba) c.add   a5, a4
core   0: 3 0x000000008000ff68 (0x97ba) x15 0x00000000800120dc
core   0: 0x000000008000ff6a (0xfe043703) ld      a4, -32(s0)
core   0: 3 0x000000008000ff6a (0xfe043703) x14 0x0000000080012059 mem 0x0000000080031f50
core   0: 0x000000008000ff6e (0xfcf76de3) bltu    a4, a5, pc - 38
core   0: 3 0x000000008000ff6e (0xfcf76de3)
core   0: 0x000000008000ff48 (0xfe043783) ld      a5, -32(s0)
core   0: 3 0x000000008000ff48 (0xfe043783) x15 0x0000000080012059 mem 0x0000000080031f50
core   0: 0x000000008000ff4c (0x00178713) addi    a4, a5, 1
core   0: 3 0x000000008000ff4c (0x00178713) x14 0x000000008001205a
core   0: 0x000000008000ff50 (0xfee43023) sd      a4, -32(s0)
core   0: 3 0x000000008000ff50 (0xfee43023) mem 0x0000000080031f50 0x000000008001205a
core   0: 0x000000008000ff54 (0xfc442703) lw      a4, -60(s0)
core   0: 3 0x000000008000ff54 (0xfc442703) x14 0x0000000000000000 mem 0x0000000080031f34
core   0: 0x000000008000ff58 (0x0ff77713) andi    a4, a4, 255
core   0: 3 0x000000008000ff58 (0x0ff77713) x14 0x0000000000000000
core   0: 0x000000008000ff5c (0x00e78023) sb      a4, 0(a5)
core   0: 3 0x000000008000ff5c (0x00e78023) mem 0x0000000080012059 0x00
core   0: 0x000000008000ff60 (0xfc843703) ld      a4, -56(s0)
core   0: 3 0x000000008000ff60 (0xfc843703) x14 0x0000000080012040 mem 0x0000000080031f38
core   0: 0x000000008000ff64 (0xfb843783) ld      a5, -72(s0)
core   0: 3 0x000000008000ff64 (0xfb843783) x15 0x000000000000009c mem 0x0000000080031f28
core   0: 0x000000008000ff68 (0x000097ba) c.add   a5, a4
core   0: 3 0x000000008000ff68 (0x97ba) x15 0x00000000800120dc
core   0: 0x000000008000ff6a (0xfe043703) ld      a4, -32(s0)
core   0: 3 0x000000008000ff6a (0xfe043703) x14 0x000000008001205a mem 0x0000000080031f50
core   0: 0x000000008000ff6e (0xfcf76de3) bltu    a4, a5, pc - 38
core   0: 3 0x000000008000ff6e (0xfcf76de3)
core   0: 0x000000008000ff48 (0xfe043783) ld      a5, -32(s0)
core   0: 3 0x000000008000ff48 (0xfe043783) x15 0x000000008001205a mem 0x0000000080031f50
core   0: 0x000000008000ff4c (0x00178713) addi    a4, a5, 1
core   0: 3 0x000000008000ff4c (0x00178713) x14 0x000000008001205b
core   0: 0x000000008000ff50 (0xfee43023) sd      a4, -32(s0)
core   0: 3 0x000000008000ff50 (0xfee43023) mem 0x0000000080031f50 0x000000008001205b
core   0: 0x000000008000ff54 (0xfc442703) lw      a4, -60(s0)
core   0: 3 0x000000008000ff54 (0xfc442703) x14 0x0000000000000000 mem 0x0000000080031f34
core   0: 0x000000008000ff58 (0x0ff77713) andi    a4, a4, 255
core   0: 3 0x000000008000ff58 (0x0ff77713) x14 0x0000000000000000
core   0: 0x000000008000ff5c (0x00e78023) sb      a4, 0(a5)
core   0: 3 0x000000008000ff5c (0x00e78023) mem 0x000000008001205a 0x00
core   0: 0x000000008000ff60 (0xfc843703) ld      a4, -56(s0)
core   0: 3 0x000000008000ff60 (0xfc843703) x14 0x0000000080012040 mem 0x0000000080031f38
core   0: 0x000000008000ff64 (0xfb843783) ld      a5, -72(s0)
core   0: 3 0x000000008000ff64 (0xfb843783) x15 0x000000000000009c mem 0x0000000080031f28
core   0: 0x000000008000ff68 (0x000097ba) c.add   a5, a4
core   0: 3 0x000000008000ff68 (0x97ba) x15 0x00000000800120dc
core   0: 0x000000008000ff6a (0xfe043703) ld      a4, -32(s0)
core   0: 3 0x000000008000ff6a (0xfe043703) x14 0x000000008001205b mem 0x0000000080031f50
core   0: 0x000000008000ff6e (0xfcf76de3) bltu    a4, a5, pc - 38
core   0: 3 0x000000008000ff6e (0xfcf76de3)
core   0: 0x000000008000ff48 (0xfe043783) ld      a5, -32(s0)
core   0: 3 0x000000008000ff48 (0xfe043783) x15 0x000000008001205b mem 0x0000000080031f50
core   0: 0x000000008000ff4c (0x00178713) addi    a4, a5, 1
core   0: 3 0x000000008000ff4c (0x00178713) x14 0x000000008001205c
core   0: 0x000000008000ff50 (0xfee43023) sd      a4, -32(s0)
core   0: 3 0x000000008000ff50 (0xfee43023) mem 0x0000000080031f50 0x000000008001205c
core   0: 0x000000008000ff54 (0xfc442703) lw      a4, -60(s0)
core   0: 3 0x000000008000ff54 (0xfc442703) x14 0x0000000000000000 mem 0x0000000080031f34
core   0: 0x000000008000ff58 (0x0ff77713) andi    a4, a4, 255
core   0: 3 0x000000008000ff58 (0x0ff77713) x14 0x0000000000000000
core   0: 0x000000008000ff5c (0x00e78023) sb      a4, 0(a5)
core   0: 3 0x000000008000ff5c (0x00e78023) mem 0x000000008001205b 0x00
core   0: 0x000000008000ff60 (0xfc843703) ld      a4, -56(s0)
core   0: 3 0x000000008000ff60 (0xfc843703) x14 0x0000000080012040 mem 0x0000000080031f38
core   0: 0x000000008000ff64 (0xfb843783) ld      a5, -72(s0)
core   0: 3 0x000000008000ff64 (0xfb843783) x15 0x000000000000009c mem 0x0000000080031f28
core   0: 0x000000008000ff68 (0x000097ba) c.add   a5, a4
core   0: 3 0x000000008000ff68 (0x97ba) x15 0x00000000800120dc
core   0: 0x000000008000ff6a (0xfe043703) ld      a4, -32(s0)
core   0: 3 0x000000008000ff6a (0xfe043703) x14 0x000000008001205c mem 0x0000000080031f50
core   0: 0x000000008000ff6e (0xfcf76de3) bltu    a4, a5, pc - 38
core   0: 3 0x000000008000ff6e (0xfcf76de3)
core   0: 0x000000008000ff48 (0xfe043783) ld      a5, -32(s0)
core   0: 3 0x000000008000ff48 (0xfe043783) x15 0x000000008001205c mem 0x0000000080031f50
core   0: 0x000000008000ff4c (0x00178713) addi    a4, a5, 1
core   0: 3 0x000000008000ff4c (0x00178713) x14 0x000000008001205d
core   0: 0x000000008000ff50 (0xfee43023) sd      a4, -32(s0)
core   0: 3 0x000000008000ff50 (0xfee43023) mem 0x0000000080031f50 0x000000008001205d
core   0: 0x000000008000ff54 (0xfc442703) lw      a4, -60(s0)
core   0: 3 0x000000008000ff54 (0xfc442703) x14 0x0000000000000000 mem 0x0000000080031f34
core   0: 0x000000008000ff58 (0x0ff77713) andi    a4, a4, 255
core   0: 3 0x000000008000ff58 (0x0ff77713) x14 0x0000000000000000
core   0: 0x000000008000ff5c (0x00e78023) sb      a4, 0(a5)
core   0: 3 0x000000008000ff5c (0x00e78023) mem 0x000000008001205c 0x00
core   0: 0x000000008000ff60 (0xfc843703) ld      a4, -56(s0)
core   0: 3 0x000000008000ff60 (0xfc843703) x14 0x0000000080012040 mem 0x0000000080031f38
core   0: 0x000000008000ff64 (0xfb843783) ld      a5, -72(s0)
core   0: 3 0x000000008000ff64 (0xfb843783) x15 0x000000000000009c mem 0x0000000080031f28
core   0: 0x000000008000ff68 (0x000097ba) c.add   a5, a4
core   0: 3 0x000000008000ff68 (0x97ba) x15 0x00000000800120dc
core   0: 0x000000008000ff6a (0xfe043703) ld      a4, -32(s0)
core   0: 3 0x000000008000ff6a (0xfe043703) x14 0x000000008001205d mem 0x0000000080031f50
core   0: 0x000000008000ff6e (0xfcf76de3) bltu    a4, a5, pc - 38
core   0: 3 0x000000008000ff6e (0xfcf76de3)
core   0: 0x000000008000ff48 (0xfe043783) ld      a5, -32(s0)
core   0: 3 0x000000008000ff48 (0xfe043783) x15 0x000000008001205d mem 0x0000000080031f50
core   0: 0x000000008000ff4c (0x00178713) addi    a4, a5, 1
core   0: 3 0x000000008000ff4c (0x00178713) x14 0x000000008001205e
core   0: 0x000000008000ff50 (0xfee43023) sd      a4, -32(s0)
core   0: 3 0x000000008000ff50 (0xfee43023) mem 0x0000000080031f50 0x000000008001205e
core   0: 0x000000008000ff54 (0xfc442703) lw      a4, -60(s0)
core   0: 3 0x000000008000ff54 (0xfc442703) x14 0x0000000000000000 mem 0x0000000080031f34
core   0: 0x000000008000ff58 (0x0ff77713) andi    a4, a4, 255
core   0: 3 0x000000008000ff58 (0x0ff77713) x14 0x0000000000000000
core   0: 0x000000008000ff5c (0x00e78023) sb      a4, 0(a5)
core   0: 3 0x000000008000ff5c (0x00e78023) mem 0x000000008001205d 0x00
core   0: 0x000000008000ff60 (0xfc843703) ld      a4, -56(s0)
core   0: 3 0x000000008000ff60 (0xfc843703) x14 0x0000000080012040 mem 0x0000000080031f38
core   0: 0x000000008000ff64 (0xfb843783) ld      a5, -72(s0)
core   0: 3 0x000000008000ff64 (0xfb843783) x15 0x000000000000009c mem 0x0000000080031f28
core   0: 0x000000008000ff68 (0x000097ba) c.add   a5, a4
core   0: 3 0x000000008000ff68 (0x97ba) x15 0x00000000800120dc
core   0: 0x000000008000ff6a (0xfe043703) ld      a4, -32(s0)
core   0: 3 0x000000008000ff6a (0xfe043703) x14 0x000000008001205e mem 0x0000000080031f50
core   0: 0x000000008000ff6e (0xfcf76de3) bltu    a4, a5, pc - 38
core   0: 3 0x000000008000ff6e (0xfcf76de3)
core   0: 0x000000008000ff48 (0xfe043783) ld      a5, -32(s0)
core   0: 3 0x000000008000ff48 (0xfe043783) x15 0x000000008001205e mem 0x0000000080031f50
core   0: 0x000000008000ff4c (0x00178713) addi    a4, a5, 1
core   0: 3 0x000000008000ff4c (0x00178713) x14 0x000000008001205f
core   0: 0x000000008000ff50 (0xfee43023) sd      a4, -32(s0)
core   0: 3 0x000000008000ff50 (0xfee43023) mem 0x0000000080031f50 0x000000008001205f
core   0: 0x000000008000ff54 (0xfc442703) lw      a4, -60(s0)
core   0: 3 0x000000008000ff54 (0xfc442703) x14 0x0000000000000000 mem 0x0000000080031f34
core   0: 0x000000008000ff58 (0x0ff77713) andi    a4, a4, 255
core   0: 3 0x000000008000ff58 (0x0ff77713) x14 0x0000000000000000
core   0: 0x000000008000ff5c (0x00e78023) sb      a4, 0(a5)
core   0: 3 0x000000008000ff5c (0x00e78023) mem 0x000000008001205e 0x00
core   0: 0x000000008000ff60 (0xfc843703) ld      a4, -56(s0)
core   0: 3 0x000000008000ff60 (0xfc843703) x14 0x0000000080012040 mem 0x0000000080031f38
core   0: 0x000000008000ff64 (0xfb843783) ld      a5, -72(s0)
core   0: 3 0x000000008000ff64 (0xfb843783) x15 0x000000000000009c mem 0x0000000080031f28
core   0: 0x000000008000ff68 (0x000097ba) c.add   a5, a4
core   0: 3 0x000000008000ff68 (0x97ba) x15 0x00000000800120dc
core   0: 0x000000008000ff6a (0xfe043703) ld      a4, -32(s0)
core   0: 3 0x000000008000ff6a (0xfe043703) x14 0x000000008001205f mem 0x0000000080031f50
core   0: 0x000000008000ff6e (0xfcf76de3) bltu    a4, a5, pc - 38
core   0: 3 0x000000008000ff6e (0xfcf76de3)
core   0: 0x000000008000ff48 (0xfe043783) ld      a5, -32(s0)
core   0: 3 0x000000008000ff48 (0xfe043783) x15 0x000000008001205f mem 0x0000000080031f50
core   0: 0x000000008000ff4c (0x00178713) addi    a4, a5, 1
core   0: 3 0x000000008000ff4c (0x00178713) x14 0x0000000080012060
core   0: 0x000000008000ff50 (0xfee43023) sd      a4, -32(s0)
core   0: 3 0x000000008000ff50 (0xfee43023) mem 0x0000000080031f50 0x0000000080012060
core   0: 0x000000008000ff54 (0xfc442703) lw      a4, -60(s0)
core   0: 3 0x000000008000ff54 (0xfc442703) x14 0x0000000000000000 mem 0x0000000080031f34
core   0: 0x000000008000ff58 (0x0ff77713) andi    a4, a4, 255
core   0: 3 0x000000008000ff58 (0x0ff77713) x14 0x0000000000000000
core   0: 0x000000008000ff5c (0x00e78023) sb      a4, 0(a5)
core   0: 3 0x000000008000ff5c (0x00e78023) mem 0x000000008001205f 0x00
core   0: 0x000000008000ff60 (0xfc843703) ld      a4, -56(s0)
core   0: 3 0x000000008000ff60 (0xfc843703) x14 0x0000000080012040 mem 0x0000000080031f38
core   0: 0x000000008000ff64 (0xfb843783) ld      a5, -72(s0)
core   0: 3 0x000000008000ff64 (0xfb843783) x15 0x000000000000009c mem 0x0000000080031f28
core   0: 0x000000008000ff68 (0x000097ba) c.add   a5, a4
core   0: 3 0x000000008000ff68 (0x97ba) x15 0x00000000800120dc
core   0: 0x000000008000ff6a (0xfe043703) ld      a4, -32(s0)
core   0: 3 0x000000008000ff6a (0xfe043703) x14 0x0000000080012060 mem 0x0000000080031f50
core   0: 0x000000008000ff6e (0xfcf76de3) bltu    a4, a5, pc - 38
core   0: 3 0x000000008000ff6e (0xfcf76de3)
core   0: 0x000000008000ff48 (0xfe043783) ld      a5, -32(s0)
core   0: 3 0x000000008000ff48 (0xfe043783) x15 0x0000000080012060 mem 0x0000000080031f50
core   0: 0x000000008000ff4c (0x00178713) addi    a4, a5, 1
core   0: 3 0x000000008000ff4c (0x00178713) x14 0x0000000080012061
core   0: 0x000000008000ff50 (0xfee43023) sd      a4, -32(s0)
core   0: 3 0x000000008000ff50 (0xfee43023) mem 0x0000000080031f50 0x0000000080012061
core   0: 0x000000008000ff54 (0xfc442703) lw      a4, -60(s0)
core   0: 3 0x000000008000ff54 (0xfc442703) x14 0x0000000000000000 mem 0x0000000080031f34
core   0: 0x000000008000ff58 (0x0ff77713) andi    a4, a4, 255
core   0: 3 0x000000008000ff58 (0x0ff77713) x14 0x0000000000000000
core   0: 0x000000008000ff5c (0x00e78023) sb      a4, 0(a5)
core   0: 3 0x000000008000ff5c (0x00e78023) mem 0x0000000080012060 0x00
core   0: 0x000000008000ff60 (0xfc843703) ld      a4, -56(s0)
core   0: 3 0x000000008000ff60 (0xfc843703) x14 0x0000000080012040 mem 0x0000000080031f38
core   0: 0x000000008000ff64 (0xfb843783) ld      a5, -72(s0)
core   0: 3 0x000000008000ff64 (0xfb843783) x15 0x000000000000009c mem 0x0000000080031f28
core   0: 0x000000008000ff68 (0x000097ba) c.add   a5, a4
core   0: 3 0x000000008000ff68 (0x97ba) x15 0x00000000800120dc
core   0: 0x000000008000ff6a (0xfe043703) ld      a4, -32(s0)
core   0: 3 0x000000008000ff6a (0xfe043703) x14 0x0000000080012061 mem 0x0000000080031f50
core   0: 0x000000008000ff6e (0xfcf76de3) bltu    a4, a5, pc - 38
core   0: 3 0x000000008000ff6e (0xfcf76de3)
core   0: 0x000000008000ff48 (0xfe043783) ld      a5, -32(s0)
core   0: 3 0x000000008000ff48 (0xfe043783) x15 0x0000000080012061 mem 0x0000000080031f50
core   0: 0x000000008000ff4c (0x00178713) addi    a4, a5, 1
core   0: 3 0x000000008000ff4c (0x00178713) x14 0x0000000080012062
core   0: 0x000000008000ff50 (0xfee43023) sd      a4, -32(s0)
core   0: 3 0x000000008000ff50 (0xfee43023) mem 0x0000000080031f50 0x0000000080012062
core   0: 0x000000008000ff54 (0xfc442703) lw      a4, -60(s0)
core   0: 3 0x000000008000ff54 (0xfc442703) x14 0x0000000000000000 mem 0x0000000080031f34
core   0: 0x000000008000ff58 (0x0ff77713) andi    a4, a4, 255
core   0: 3 0x000000008000ff58 (0x0ff77713) x14 0x0000000000000000
core   0: 0x000000008000ff5c (0x00e78023) sb      a4, 0(a5)
core   0: 3 0x000000008000ff5c (0x00e78023) mem 0x0000000080012061 0x00
core   0: 0x000000008000ff60 (0xfc843703) ld      a4, -56(s0)
core   0: 3 0x000000008000ff60 (0xfc843703) x14 0x0000000080012040 mem 0x0000000080031f38
core   0: 0x000000008000ff64 (0xfb843783) ld      a5, -72(s0)
core   0: 3 0x000000008000ff64 (0xfb843783) x15 0x000000000000009c mem 0x0000000080031f28
core   0: 0x000000008000ff68 (0x000097ba) c.add   a5, a4
core   0: 3 0x000000008000ff68 (0x97ba) x15 0x00000000800120dc
core   0: 0x000000008000ff6a (0xfe043703) ld      a4, -32(s0)
core   0: 3 0x000000008000ff6a (0xfe043703) x14 0x0000000080012062 mem 0x0000000080031f50
core   0: 0x000000008000ff6e (0xfcf76de3) bltu    a4, a5, pc - 38
core   0: 3 0x000000008000ff6e (0xfcf76de3)
core   0: 0x000000008000ff48 (0xfe043783) ld      a5, -32(s0)
core   0: 3 0x000000008000ff48 (0xfe043783) x15 0x0000000080012062 mem 0x0000000080031f50
core   0: 0x000000008000ff4c (0x00178713) addi    a4, a5, 1
core   0: 3 0x000000008000ff4c (0x00178713) x14 0x0000000080012063
core   0: 0x000000008000ff50 (0xfee43023) sd      a4, -32(s0)
core   0: 3 0x000000008000ff50 (0xfee43023) mem 0x0000000080031f50 0x0000000080012063
core   0: 0x000000008000ff54 (0xfc442703) lw      a4, -60(s0)
core   0: 3 0x000000008000ff54 (0xfc442703) x14 0x0000000000000000 mem 0x0000000080031f34
core   0: 0x000000008000ff58 (0x0ff77713) andi    a4, a4, 255
core   0: 3 0x000000008000ff58 (0x0ff77713) x14 0x0000000000000000
core   0: 0x000000008000ff5c (0x00e78023) sb      a4, 0(a5)
core   0: 3 0x000000008000ff5c (0x00e78023) mem 0x0000000080012062 0x00
core   0: 0x000000008000ff60 (0xfc843703) ld      a4, -56(s0)
core   0: 3 0x000000008000ff60 (0xfc843703) x14 0x0000000080012040 mem 0x0000000080031f38
core   0: 0x000000008000ff64 (0xfb843783) ld      a5, -72(s0)
core   0: 3 0x000000008000ff64 (0xfb843783) x15 0x000000000000009c mem 0x0000000080031f28
core   0: 0x000000008000ff68 (0x000097ba) c.add   a5, a4
core   0: 3 0x000000008000ff68 (0x97ba) x15 0x00000000800120dc
core   0: 0x000000008000ff6a (0xfe043703) ld      a4, -32(s0)
core   0: 3 0x000000008000ff6a (0xfe043703) x14 0x0000000080012063 mem 0x0000000080031f50
core   0: 0x000000008000ff6e (0xfcf76de3) bltu    a4, a5, pc - 38
core   0: 3 0x000000008000ff6e (0xfcf76de3)
core   0: 0x000000008000ff48 (0xfe043783) ld      a5, -32(s0)
core   0: 3 0x000000008000ff48 (0xfe043783) x15 0x0000000080012063 mem 0x0000000080031f50
core   0: 0x000000008000ff4c (0x00178713) addi    a4, a5, 1
core   0: 3 0x000000008000ff4c (0x00178713) x14 0x0000000080012064
core   0: 0x000000008000ff50 (0xfee43023) sd      a4, -32(s0)
core   0: 3 0x000000008000ff50 (0xfee43023) mem 0x0000000080031f50 0x0000000080012064
core   0: 0x000000008000ff54 (0xfc442703) lw      a4, -60(s0)
core   0: 3 0x000000008000ff54 (0xfc442703) x14 0x0000000000000000 mem 0x0000000080031f34
core   0: 0x000000008000ff58 (0x0ff77713) andi    a4, a4, 255
core   0: 3 0x000000008000ff58 (0x0ff77713) x14 0x0000000000000000
core   0: 0x000000008000ff5c (0x00e78023) sb      a4, 0(a5)
core   0: 3 0x000000008000ff5c (0x00e78023) mem 0x0000000080012063 0x00
core   0: 0x000000008000ff60 (0xfc843703) ld      a4, -56(s0)
core   0: 3 0x000000008000ff60 (0xfc843703) x14 0x0000000080012040 mem 0x0000000080031f38
core   0: 0x000000008000ff64 (0xfb843783) ld      a5, -72(s0)
core   0: 3 0x000000008000ff64 (0xfb843783) x15 0x000000000000009c mem 0x0000000080031f28
core   0: 0x000000008000ff68 (0x000097ba) c.add   a5, a4
core   0: 3 0x000000008000ff68 (0x97ba) x15 0x00000000800120dc
core   0: 0x000000008000ff6a (0xfe043703) ld      a4, -32(s0)
core   0: 3 0x000000008000ff6a (0xfe043703) x14 0x0000000080012064 mem 0x0000000080031f50
core   0: 0x000000008000ff6e (0xfcf76de3) bltu    a4, a5, pc - 38
core   0: 3 0x000000008000ff6e (0xfcf76de3)
core   0: 0x000000008000ff48 (0xfe043783) ld      a5, -32(s0)
core   0: 3 0x000000008000ff48 (0xfe043783) x15 0x0000000080012064 mem 0x0000000080031f50
core   0: 0x000000008000ff4c (0x00178713) addi    a4, a5, 1
core   0: 3 0x000000008000ff4c (0x00178713) x14 0x0000000080012065
core   0: 0x000000008000ff50 (0xfee43023) sd      a4, -32(s0)
core   0: 3 0x000000008000ff50 (0xfee43023) mem 0x0000000080031f50 0x0000000080012065
core   0: 0x000000008000ff54 (0xfc442703) lw      a4, -60(s0)
core   0: 3 0x000000008000ff54 (0xfc442703) x14 0x0000000000000000 mem 0x0000000080031f34
core   0: 0x000000008000ff58 (0x0ff77713) andi    a4, a4, 255
core   0: 3 0x000000008000ff58 (0x0ff77713) x14 0x0000000000000000
core   0: 0x000000008000ff5c (0x00e78023) sb      a4, 0(a5)
core   0: 3 0x000000008000ff5c (0x00e78023) mem 0x0000000080012064 0x00
core   0: 0x000000008000ff60 (0xfc843703) ld      a4, -56(s0)
core   0: 3 0x000000008000ff60 (0xfc843703) x14 0x0000000080012040 mem 0x0000000080031f38
core   0: 0x000000008000ff64 (0xfb843783) ld      a5, -72(s0)
core   0: 3 0x000000008000ff64 (0xfb843783) x15 0x000000000000009c mem 0x0000000080031f28
core   0: 0x000000008000ff68 (0x000097ba) c.add   a5, a4
core   0: 3 0x000000008000ff68 (0x97ba) x15 0x00000000800120dc
core   0: 0x000000008000ff6a (0xfe043703) ld      a4, -32(s0)
core   0: 3 0x000000008000ff6a (0xfe043703) x14 0x0000000080012065 mem 0x0000000080031f50
core   0: 0x000000008000ff6e (0xfcf76de3) bltu    a4, a5, pc - 38
core   0: 3 0x000000008000ff6e (0xfcf76de3)
core   0: 0x000000008000ff48 (0xfe043783) ld      a5, -32(s0)
core   0: 3 0x000000008000ff48 (0xfe043783) x15 0x0000000080012065 mem 0x0000000080031f50
core   0: 0x000000008000ff4c (0x00178713) addi    a4, a5, 1
core   0: 3 0x000000008000ff4c (0x00178713) x14 0x0000000080012066
core   0: 0x000000008000ff50 (0xfee43023) sd      a4, -32(s0)
core   0: 3 0x000000008000ff50 (0xfee43023) mem 0x0000000080031f50 0x0000000080012066
core   0: 0x000000008000ff54 (0xfc442703) lw      a4, -60(s0)
core   0: 3 0x000000008000ff54 (0xfc442703) x14 0x0000000000000000 mem 0x0000000080031f34
core   0: 0x000000008000ff58 (0x0ff77713) andi    a4, a4, 255
core   0: 3 0x000000008000ff58 (0x0ff77713) x14 0x0000000000000000
core   0: 0x000000008000ff5c (0x00e78023) sb      a4, 0(a5)
core   0: 3 0x000000008000ff5c (0x00e78023) mem 0x0000000080012065 0x00
core   0: 0x000000008000ff60 (0xfc843703) ld      a4, -56(s0)
core   0: 3 0x000000008000ff60 (0xfc843703) x14 0x0000000080012040 mem 0x0000000080031f38
core   0: 0x000000008000ff64 (0xfb843783) ld      a5, -72(s0)
core   0: 3 0x000000008000ff64 (0xfb843783) x15 0x000000000000009c mem 0x0000000080031f28
core   0: 0x000000008000ff68 (0x000097ba) c.add   a5, a4
core   0: 3 0x000000008000ff68 (0x97ba) x15 0x00000000800120dc
core   0: 0x000000008000ff6a (0xfe043703) ld      a4, -32(s0)
core   0: 3 0x000000008000ff6a (0xfe043703) x14 0x0000000080012066 mem 0x0000000080031f50
core   0: 0x000000008000ff6e (0xfcf76de3) bltu    a4, a5, pc - 38
core   0: 3 0x000000008000ff6e (0xfcf76de3)
core   0: 0x000000008000ff48 (0xfe043783) ld      a5, -32(s0)
core   0: 3 0x000000008000ff48 (0xfe043783) x15 0x0000000080012066 mem 0x0000000080031f50
core   0: 0x000000008000ff4c (0x00178713) addi    a4, a5, 1
core   0: 3 0x000000008000ff4c (0x00178713) x14 0x0000000080012067
core   0: 0x000000008000ff50 (0xfee43023) sd      a4, -32(s0)
core   0: 3 0x000000008000ff50 (0xfee43023) mem 0x0000000080031f50 0x0000000080012067
core   0: 0x000000008000ff54 (0xfc442703) lw      a4, -60(s0)
core   0: 3 0x000000008000ff54 (0xfc442703) x14 0x0000000000000000 mem 0x0000000080031f34
core   0: 0x000000008000ff58 (0x0ff77713) andi    a4, a4, 255
core   0: 3 0x000000008000ff58 (0x0ff77713) x14 0x0000000000000000
core   0: 0x000000008000ff5c (0x00e78023) sb      a4, 0(a5)
core   0: 3 0x000000008000ff5c (0x00e78023) mem 0x0000000080012066 0x00
core   0: 0x000000008000ff60 (0xfc843703) ld      a4, -56(s0)
core   0: 3 0x000000008000ff60 (0xfc843703) x14 0x0000000080012040 mem 0x0000000080031f38
core   0: 0x000000008000ff64 (0xfb843783) ld      a5, -72(s0)
core   0: 3 0x000000008000ff64 (0xfb843783) x15 0x000000000000009c mem 0x0000000080031f28
core   0: 0x000000008000ff68 (0x000097ba) c.add   a5, a4
core   0: 3 0x000000008000ff68 (0x97ba) x15 0x00000000800120dc
core   0: 0x000000008000ff6a (0xfe043703) ld      a4, -32(s0)
core   0: 3 0x000000008000ff6a (0xfe043703) x14 0x0000000080012067 mem 0x0000000080031f50
core   0: 0x000000008000ff6e (0xfcf76de3) bltu    a4, a5, pc - 38
core   0: 3 0x000000008000ff6e (0xfcf76de3)
core   0: 0x000000008000ff48 (0xfe043783) ld      a5, -32(s0)
core   0: 3 0x000000008000ff48 (0xfe043783) x15 0x0000000080012067 mem 0x0000000080031f50
core   0: 0x000000008000ff4c (0x00178713) addi    a4, a5, 1
core   0: 3 0x000000008000ff4c (0x00178713) x14 0x0000000080012068
core   0: 0x000000008000ff50 (0xfee43023) sd      a4, -32(s0)
core   0: 3 0x000000008000ff50 (0xfee43023) mem 0x0000000080031f50 0x0000000080012068
core   0: 0x000000008000ff54 (0xfc442703) lw      a4, -60(s0)
core   0: 3 0x000000008000ff54 (0xfc442703) x14 0x0000000000000000 mem 0x0000000080031f34
core   0: 0x000000008000ff58 (0x0ff77713) andi    a4, a4, 255
core   0: 3 0x000000008000ff58 (0x0ff77713) x14 0x0000000000000000
core   0: 0x000000008000ff5c (0x00e78023) sb      a4, 0(a5)
core   0: 3 0x000000008000ff5c (0x00e78023) mem 0x0000000080012067 0x00
core   0: 0x000000008000ff60 (0xfc843703) ld      a4, -56(s0)
core   0: 3 0x000000008000ff60 (0xfc843703) x14 0x0000000080012040 mem 0x0000000080031f38
core   0: 0x000000008000ff64 (0xfb843783) ld      a5, -72(s0)
core   0: 3 0x000000008000ff64 (0xfb843783) x15 0x000000000000009c mem 0x0000000080031f28
core   0: 0x000000008000ff68 (0x000097ba) c.add   a5, a4
core   0: 3 0x000000008000ff68 (0x97ba) x15 0x00000000800120dc
core   0: 0x000000008000ff6a (0xfe043703) ld      a4, -32(s0)
core   0: 3 0x000000008000ff6a (0xfe043703) x14 0x0000000080012068 mem 0x0000000080031f50
core   0: 0x000000008000ff6e (0xfcf76de3) bltu    a4, a5, pc - 38
core   0: 3 0x000000008000ff6e (0xfcf76de3)
core   0: 0x000000008000ff48 (0xfe043783) ld      a5, -32(s0)
core   0: 3 0x000000008000ff48 (0xfe043783) x15 0x0000000080012068 mem 0x0000000080031f50
core   0: 0x000000008000ff4c (0x00178713) addi    a4, a5, 1
core   0: 3 0x000000008000ff4c (0x00178713) x14 0x0000000080012069
core   0: 0x000000008000ff50 (0xfee43023) sd      a4, -32(s0)
core   0: 3 0x000000008000ff50 (0xfee43023) mem 0x0000000080031f50 0x0000000080012069
core   0: 0x000000008000ff54 (0xfc442703) lw      a4, -60(s0)
core   0: 3 0x000000008000ff54 (0xfc442703) x14 0x0000000000000000 mem 0x0000000080031f34
core   0: 0x000000008000ff58 (0x0ff77713) andi    a4, a4, 255
core   0: 3 0x000000008000ff58 (0x0ff77713) x14 0x0000000000000000
core   0: 0x000000008000ff5c (0x00e78023) sb      a4, 0(a5)
core   0: 3 0x000000008000ff5c (0x00e78023) mem 0x0000000080012068 0x00
core   0: 0x000000008000ff60 (0xfc843703) ld      a4, -56(s0)
core   0: 3 0x000000008000ff60 (0xfc843703) x14 0x0000000080012040 mem 0x0000000080031f38
core   0: 0x000000008000ff64 (0xfb843783) ld      a5, -72(s0)
core   0: 3 0x000000008000ff64 (0xfb843783) x15 0x000000000000009c mem 0x0000000080031f28
core   0: 0x000000008000ff68 (0x000097ba) c.add   a5, a4
core   0: 3 0x000000008000ff68 (0x97ba) x15 0x00000000800120dc
core   0: 0x000000008000ff6a (0xfe043703) ld      a4, -32(s0)
core   0: 3 0x000000008000ff6a (0xfe043703) x14 0x0000000080012069 mem 0x0000000080031f50
core   0: 0x000000008000ff6e (0xfcf76de3) bltu    a4, a5, pc - 38
core   0: 3 0x000000008000ff6e (0xfcf76de3)
core   0: 0x000000008000ff48 (0xfe043783) ld      a5, -32(s0)
core   0: 3 0x000000008000ff48 (0xfe043783) x15 0x0000000080012069 mem 0x0000000080031f50
core   0: 0x000000008000ff4c (0x00178713) addi    a4, a5, 1
core   0: 3 0x000000008000ff4c (0x00178713) x14 0x000000008001206a
core   0: 0x000000008000ff50 (0xfee43023) sd      a4, -32(s0)
core   0: 3 0x000000008000ff50 (0xfee43023) mem 0x0000000080031f50 0x000000008001206a
core   0: 0x000000008000ff54 (0xfc442703) lw      a4, -60(s0)
core   0: 3 0x000000008000ff54 (0xfc442703) x14 0x0000000000000000 mem 0x0000000080031f34
core   0: 0x000000008000ff58 (0x0ff77713) andi    a4, a4, 255
core   0: 3 0x000000008000ff58 (0x0ff77713) x14 0x0000000000000000
core   0: 0x000000008000ff5c (0x00e78023) sb      a4, 0(a5)
core   0: 3 0x000000008000ff5c (0x00e78023) mem 0x0000000080012069 0x00
core   0: 0x000000008000ff60 (0xfc843703) ld      a4, -56(s0)
core   0: 3 0x000000008000ff60 (0xfc843703) x14 0x0000000080012040 mem 0x0000000080031f38
core   0: 0x000000008000ff64 (0xfb843783) ld      a5, -72(s0)
core   0: 3 0x000000008000ff64 (0xfb843783) x15 0x000000000000009c mem 0x0000000080031f28
core   0: 0x000000008000ff68 (0x000097ba) c.add   a5, a4
core   0: 3 0x000000008000ff68 (0x97ba) x15 0x00000000800120dc
core   0: 0x000000008000ff6a (0xfe043703) ld      a4, -32(s0)
core   0: 3 0x000000008000ff6a (0xfe043703) x14 0x000000008001206a mem 0x0000000080031f50
core   0: 0x000000008000ff6e (0xfcf76de3) bltu    a4, a5, pc - 38
core   0: 3 0x000000008000ff6e (0xfcf76de3)
core   0: 0x000000008000ff48 (0xfe043783) ld      a5, -32(s0)
core   0: 3 0x000000008000ff48 (0xfe043783) x15 0x000000008001206a mem 0x0000000080031f50
core   0: 0x000000008000ff4c (0x00178713) addi    a4, a5, 1
core   0: 3 0x000000008000ff4c (0x00178713) x14 0x000000008001206b
core   0: 0x000000008000ff50 (0xfee43023) sd      a4, -32(s0)
core   0: 3 0x000000008000ff50 (0xfee43023) mem 0x0000000080031f50 0x000000008001206b
core   0: 0x000000008000ff54 (0xfc442703) lw      a4, -60(s0)
core   0: 3 0x000000008000ff54 (0xfc442703) x14 0x0000000000000000 mem 0x0000000080031f34
core   0: 0x000000008000ff58 (0x0ff77713) andi    a4, a4, 255
core   0: 3 0x000000008000ff58 (0x0ff77713) x14 0x0000000000000000
core   0: 0x000000008000ff5c (0x00e78023) sb      a4, 0(a5)
core   0: 3 0x000000008000ff5c (0x00e78023) mem 0x000000008001206a 0x00
core   0: 0x000000008000ff60 (0xfc843703) ld      a4, -56(s0)
core   0: 3 0x000000008000ff60 (0xfc843703) x14 0x0000000080012040 mem 0x0000000080031f38
core   0: 0x000000008000ff64 (0xfb843783) ld      a5, -72(s0)
core   0: 3 0x000000008000ff64 (0xfb843783) x15 0x000000000000009c mem 0x0000000080031f28
core   0: 0x000000008000ff68 (0x000097ba) c.add   a5, a4
core   0: 3 0x000000008000ff68 (0x97ba) x15 0x00000000800120dc
core   0: 0x000000008000ff6a (0xfe043703) ld      a4, -32(s0)
core   0: 3 0x000000008000ff6a (0xfe043703) x14 0x000000008001206b mem 0x0000000080031f50
core   0: 0x000000008000ff6e (0xfcf76de3) bltu    a4, a5, pc - 38
core   0: 3 0x000000008000ff6e (0xfcf76de3)
core   0: 0x000000008000ff48 (0xfe043783) ld      a5, -32(s0)
core   0: 3 0x000000008000ff48 (0xfe043783) x15 0x000000008001206b mem 0x0000000080031f50
core   0: 0x000000008000ff4c (0x00178713) addi    a4, a5, 1
core   0: 3 0x000000008000ff4c (0x00178713) x14 0x000000008001206c
core   0: 0x000000008000ff50 (0xfee43023) sd      a4, -32(s0)
core   0: 3 0x000000008000ff50 (0xfee43023) mem 0x0000000080031f50 0x000000008001206c
core   0: 0x000000008000ff54 (0xfc442703) lw      a4, -60(s0)
core   0: 3 0x000000008000ff54 (0xfc442703) x14 0x0000000000000000 mem 0x0000000080031f34
core   0: 0x000000008000ff58 (0x0ff77713) andi    a4, a4, 255
core   0: 3 0x000000008000ff58 (0x0ff77713) x14 0x0000000000000000
core   0: 0x000000008000ff5c (0x00e78023) sb      a4, 0(a5)
core   0: 3 0x000000008000ff5c (0x00e78023) mem 0x000000008001206b 0x00
core   0: 0x000000008000ff60 (0xfc843703) ld      a4, -56(s0)
core   0: 3 0x000000008000ff60 (0xfc843703) x14 0x0000000080012040 mem 0x0000000080031f38
core   0: 0x000000008000ff64 (0xfb843783) ld      a5, -72(s0)
core   0: 3 0x000000008000ff64 (0xfb843783) x15 0x000000000000009c mem 0x0000000080031f28
core   0: 0x000000008000ff68 (0x000097ba) c.add   a5, a4
core   0: 3 0x000000008000ff68 (0x97ba) x15 0x00000000800120dc
core   0: 0x000000008000ff6a (0xfe043703) ld      a4, -32(s0)
core   0: 3 0x000000008000ff6a (0xfe043703) x14 0x000000008001206c mem 0x0000000080031f50
core   0: 0x000000008000ff6e (0xfcf76de3) bltu    a4, a5, pc - 38
core   0: 3 0x000000008000ff6e (0xfcf76de3)
core   0: 0x000000008000ff48 (0xfe043783) ld      a5, -32(s0)
core   0: 3 0x000000008000ff48 (0xfe043783) x15 0x000000008001206c mem 0x0000000080031f50
core   0: 0x000000008000ff4c (0x00178713) addi    a4, a5, 1
core   0: 3 0x000000008000ff4c (0x00178713) x14 0x000000008001206d
core   0: 0x000000008000ff50 (0xfee43023) sd      a4, -32(s0)
core   0: 3 0x000000008000ff50 (0xfee43023) mem 0x0000000080031f50 0x000000008001206d
core   0: 0x000000008000ff54 (0xfc442703) lw      a4, -60(s0)
core   0: 3 0x000000008000ff54 (0xfc442703) x14 0x0000000000000000 mem 0x0000000080031f34
core   0: 0x000000008000ff58 (0x0ff77713) andi    a4, a4, 255
core   0: 3 0x000000008000ff58 (0x0ff77713) x14 0x0000000000000000
core   0: 0x000000008000ff5c (0x00e78023) sb      a4, 0(a5)
core   0: 3 0x000000008000ff5c (0x00e78023) mem 0x000000008001206c 0x00
core   0: 0x000000008000ff60 (0xfc843703) ld      a4, -56(s0)
core   0: 3 0x000000008000ff60 (0xfc843703) x14 0x0000000080012040 mem 0x0000000080031f38
core   0: 0x000000008000ff64 (0xfb843783) ld      a5, -72(s0)
core   0: 3 0x000000008000ff64 (0xfb843783) x15 0x000000000000009c mem 0x0000000080031f28
core   0: 0x000000008000ff68 (0x000097ba) c.add   a5, a4
core   0: 3 0x000000008000ff68 (0x97ba) x15 0x00000000800120dc
core   0: 0x000000008000ff6a (0xfe043703) ld      a4, -32(s0)
core   0: 3 0x000000008000ff6a (0xfe043703) x14 0x000000008001206d mem 0x0000000080031f50
core   0: 0x000000008000ff6e (0xfcf76de3) bltu    a4, a5, pc - 38
core   0: 3 0x000000008000ff6e (0xfcf76de3)
core   0: 0x000000008000ff48 (0xfe043783) ld      a5, -32(s0)
core   0: 3 0x000000008000ff48 (0xfe043783) x15 0x000000008001206d mem 0x0000000080031f50
core   0: 0x000000008000ff4c (0x00178713) addi    a4, a5, 1
core   0: 3 0x000000008000ff4c (0x00178713) x14 0x000000008001206e
core   0: 0x000000008000ff50 (0xfee43023) sd      a4, -32(s0)
core   0: 3 0x000000008000ff50 (0xfee43023) mem 0x0000000080031f50 0x000000008001206e
core   0: 0x000000008000ff54 (0xfc442703) lw      a4, -60(s0)
core   0: 3 0x000000008000ff54 (0xfc442703) x14 0x0000000000000000 mem 0x0000000080031f34
core   0: 0x000000008000ff58 (0x0ff77713) andi    a4, a4, 255
core   0: 3 0x000000008000ff58 (0x0ff77713) x14 0x0000000000000000
core   0: 0x000000008000ff5c (0x00e78023) sb      a4, 0(a5)
core   0: 3 0x000000008000ff5c (0x00e78023) mem 0x000000008001206d 0x00
core   0: 0x000000008000ff60 (0xfc843703) ld      a4, -56(s0)
core   0: 3 0x000000008000ff60 (0xfc843703) x14 0x0000000080012040 mem 0x0000000080031f38
core   0: 0x000000008000ff64 (0xfb843783) ld      a5, -72(s0)
core   0: 3 0x000000008000ff64 (0xfb843783) x15 0x000000000000009c mem 0x0000000080031f28
core   0: 0x000000008000ff68 (0x000097ba) c.add   a5, a4
core   0: 3 0x000000008000ff68 (0x97ba) x15 0x00000000800120dc
core   0: 0x000000008000ff6a (0xfe043703) ld      a4, -32(s0)
core   0: 3 0x000000008000ff6a (0xfe043703) x14 0x000000008001206e mem 0x0000000080031f50
core   0: 0x000000008000ff6e (0xfcf76de3) bltu    a4, a5, pc - 38
core   0: 3 0x000000008000ff6e (0xfcf76de3)
core   0: 0x000000008000ff48 (0xfe043783) ld      a5, -32(s0)
core   0: 3 0x000000008000ff48 (0xfe043783) x15 0x000000008001206e mem 0x0000000080031f50
core   0: 0x000000008000ff4c (0x00178713) addi    a4, a5, 1
core   0: 3 0x000000008000ff4c (0x00178713) x14 0x000000008001206f
core   0: 0x000000008000ff50 (0xfee43023) sd      a4, -32(s0)
core   0: 3 0x000000008000ff50 (0xfee43023) mem 0x0000000080031f50 0x000000008001206f
core   0: 0x000000008000ff54 (0xfc442703) lw      a4, -60(s0)
core   0: 3 0x000000008000ff54 (0xfc442703) x14 0x0000000000000000 mem 0x0000000080031f34
core   0: 0x000000008000ff58 (0x0ff77713) andi    a4, a4, 255
core   0: 3 0x000000008000ff58 (0x0ff77713) x14 0x0000000000000000
core   0: 0x000000008000ff5c (0x00e78023) sb      a4, 0(a5)
core   0: 3 0x000000008000ff5c (0x00e78023) mem 0x000000008001206e 0x00
core   0: 0x000000008000ff60 (0xfc843703) ld      a4, -56(s0)
core   0: 3 0x000000008000ff60 (0xfc843703) x14 0x0000000080012040 mem 0x0000000080031f38
core   0: 0x000000008000ff64 (0xfb843783) ld      a5, -72(s0)
core   0: 3 0x000000008000ff64 (0xfb843783) x15 0x000000000000009c mem 0x0000000080031f28
core   0: 0x000000008000ff68 (0x000097ba) c.add   a5, a4
core   0: 3 0x000000008000ff68 (0x97ba) x15 0x00000000800120dc
core   0: 0x000000008000ff6a (0xfe043703) ld      a4, -32(s0)
core   0: 3 0x000000008000ff6a (0xfe043703) x14 0x000000008001206f mem 0x0000000080031f50
core   0: 0x000000008000ff6e (0xfcf76de3) bltu    a4, a5, pc - 38
core   0: 3 0x000000008000ff6e (0xfcf76de3)
core   0: 0x000000008000ff48 (0xfe043783) ld      a5, -32(s0)
core   0: 3 0x000000008000ff48 (0xfe043783) x15 0x000000008001206f mem 0x0000000080031f50
core   0: 0x000000008000ff4c (0x00178713) addi    a4, a5, 1
core   0: 3 0x000000008000ff4c (0x00178713) x14 0x0000000080012070
core   0: 0x000000008000ff50 (0xfee43023) sd      a4, -32(s0)
core   0: 3 0x000000008000ff50 (0xfee43023) mem 0x0000000080031f50 0x0000000080012070
core   0: 0x000000008000ff54 (0xfc442703) lw      a4, -60(s0)
core   0: 3 0x000000008000ff54 (0xfc442703) x14 0x0000000000000000 mem 0x0000000080031f34
core   0: 0x000000008000ff58 (0x0ff77713) andi    a4, a4, 255
core   0: 3 0x000000008000ff58 (0x0ff77713) x14 0x0000000000000000
core   0: 0x000000008000ff5c (0x00e78023) sb      a4, 0(a5)
core   0: 3 0x000000008000ff5c (0x00e78023) mem 0x000000008001206f 0x00
core   0: 0x000000008000ff60 (0xfc843703) ld      a4, -56(s0)
core   0: 3 0x000000008000ff60 (0xfc843703) x14 0x0000000080012040 mem 0x0000000080031f38
core   0: 0x000000008000ff64 (0xfb843783) ld      a5, -72(s0)
core   0: 3 0x000000008000ff64 (0xfb843783) x15 0x000000000000009c mem 0x0000000080031f28
core   0: 0x000000008000ff68 (0x000097ba) c.add   a5, a4
core   0: 3 0x000000008000ff68 (0x97ba) x15 0x00000000800120dc
core   0: 0x000000008000ff6a (0xfe043703) ld      a4, -32(s0)
core   0: 3 0x000000008000ff6a (0xfe043703) x14 0x0000000080012070 mem 0x0000000080031f50
core   0: 0x000000008000ff6e (0xfcf76de3) bltu    a4, a5, pc - 38
core   0: 3 0x000000008000ff6e (0xfcf76de3)
core   0: 0x000000008000ff48 (0xfe043783) ld      a5, -32(s0)
core   0: 3 0x000000008000ff48 (0xfe043783) x15 0x0000000080012070 mem 0x0000000080031f50
core   0: 0x000000008000ff4c (0x00178713) addi    a4, a5, 1
core   0: 3 0x000000008000ff4c (0x00178713) x14 0x0000000080012071
core   0: 0x000000008000ff50 (0xfee43023) sd      a4, -32(s0)
core   0: 3 0x000000008000ff50 (0xfee43023) mem 0x0000000080031f50 0x0000000080012071
core   0: 0x000000008000ff54 (0xfc442703) lw      a4, -60(s0)
core   0: 3 0x000000008000ff54 (0xfc442703) x14 0x0000000000000000 mem 0x0000000080031f34
core   0: 0x000000008000ff58 (0x0ff77713) andi    a4, a4, 255
core   0: 3 0x000000008000ff58 (0x0ff77713) x14 0x0000000000000000
core   0: 0x000000008000ff5c (0x00e78023) sb      a4, 0(a5)
core   0: 3 0x000000008000ff5c (0x00e78023) mem 0x0000000080012070 0x00
core   0: 0x000000008000ff60 (0xfc843703) ld      a4, -56(s0)
core   0: 3 0x000000008000ff60 (0xfc843703) x14 0x0000000080012040 mem 0x0000000080031f38
core   0: 0x000000008000ff64 (0xfb843783) ld      a5, -72(s0)
core   0: 3 0x000000008000ff64 (0xfb843783) x15 0x000000000000009c mem 0x0000000080031f28
core   0: 0x000000008000ff68 (0x000097ba) c.add   a5, a4
core   0: 3 0x000000008000ff68 (0x97ba) x15 0x00000000800120dc
core   0: 0x000000008000ff6a (0xfe043703) ld      a4, -32(s0)
core   0: 3 0x000000008000ff6a (0xfe043703) x14 0x0000000080012071 mem 0x0000000080031f50
core   0: 0x000000008000ff6e (0xfcf76de3) bltu    a4, a5, pc - 38
core   0: 3 0x000000008000ff6e (0xfcf76de3)
core   0: 0x000000008000ff48 (0xfe043783) ld      a5, -32(s0)
core   0: 3 0x000000008000ff48 (0xfe043783) x15 0x0000000080012071 mem 0x0000000080031f50
core   0: 0x000000008000ff4c (0x00178713) addi    a4, a5, 1
core   0: 3 0x000000008000ff4c (0x00178713) x14 0x0000000080012072
core   0: 0x000000008000ff50 (0xfee43023) sd      a4, -32(s0)
core   0: 3 0x000000008000ff50 (0xfee43023) mem 0x0000000080031f50 0x0000000080012072
core   0: 0x000000008000ff54 (0xfc442703) lw      a4, -60(s0)
core   0: 3 0x000000008000ff54 (0xfc442703) x14 0x0000000000000000 mem 0x0000000080031f34
core   0: 0x000000008000ff58 (0x0ff77713) andi    a4, a4, 255
core   0: 3 0x000000008000ff58 (0x0ff77713) x14 0x0000000000000000
core   0: 0x000000008000ff5c (0x00e78023) sb      a4, 0(a5)
core   0: 3 0x000000008000ff5c (0x00e78023) mem 0x0000000080012071 0x00
core   0: 0x000000008000ff60 (0xfc843703) ld      a4, -56(s0)
core   0: 3 0x000000008000ff60 (0xfc843703) x14 0x0000000080012040 mem 0x0000000080031f38
core   0: 0x000000008000ff64 (0xfb843783) ld      a5, -72(s0)
core   0: 3 0x000000008000ff64 (0xfb843783) x15 0x000000000000009c mem 0x0000000080031f28
core   0: 0x000000008000ff68 (0x000097ba) c.add   a5, a4
core   0: 3 0x000000008000ff68 (0x97ba) x15 0x00000000800120dc
core   0: 0x000000008000ff6a (0xfe043703) ld      a4, -32(s0)
core   0: 3 0x000000008000ff6a (0xfe043703) x14 0x0000000080012072 mem 0x0000000080031f50
core   0: 0x000000008000ff6e (0xfcf76de3) bltu    a4, a5, pc - 38
core   0: 3 0x000000008000ff6e (0xfcf76de3)
core   0: 0x000000008000ff48 (0xfe043783) ld      a5, -32(s0)
core   0: 3 0x000000008000ff48 (0xfe043783) x15 0x0000000080012072 mem 0x0000000080031f50
core   0: 0x000000008000ff4c (0x00178713) addi    a4, a5, 1
core   0: 3 0x000000008000ff4c (0x00178713) x14 0x0000000080012073
core   0: 0x000000008000ff50 (0xfee43023) sd      a4, -32(s0)
core   0: 3 0x000000008000ff50 (0xfee43023) mem 0x0000000080031f50 0x0000000080012073
core   0: 0x000000008000ff54 (0xfc442703) lw      a4, -60(s0)
core   0: 3 0x000000008000ff54 (0xfc442703) x14 0x0000000000000000 mem 0x0000000080031f34
core   0: 0x000000008000ff58 (0x0ff77713) andi    a4, a4, 255
core   0: 3 0x000000008000ff58 (0x0ff77713) x14 0x0000000000000000
core   0: 0x000000008000ff5c (0x00e78023) sb      a4, 0(a5)
core   0: 3 0x000000008000ff5c (0x00e78023) mem 0x0000000080012072 0x00
core   0: 0x000000008000ff60 (0xfc843703) ld      a4, -56(s0)
core   0: 3 0x000000008000ff60 (0xfc843703) x14 0x0000000080012040 mem 0x0000000080031f38
core   0: 0x000000008000ff64 (0xfb843783) ld      a5, -72(s0)
core   0: 3 0x000000008000ff64 (0xfb843783) x15 0x000000000000009c mem 0x0000000080031f28
core   0: 0x000000008000ff68 (0x000097ba) c.add   a5, a4
core   0: 3 0x000000008000ff68 (0x97ba) x15 0x00000000800120dc
core   0: 0x000000008000ff6a (0xfe043703) ld      a4, -32(s0)
core   0: 3 0x000000008000ff6a (0xfe043703) x14 0x0000000080012073 mem 0x0000000080031f50
core   0: 0x000000008000ff6e (0xfcf76de3) bltu    a4, a5, pc - 38
core   0: 3 0x000000008000ff6e (0xfcf76de3)
core   0: 0x000000008000ff48 (0xfe043783) ld      a5, -32(s0)
core   0: 3 0x000000008000ff48 (0xfe043783) x15 0x0000000080012073 mem 0x0000000080031f50
core   0: 0x000000008000ff4c (0x00178713) addi    a4, a5, 1
core   0: 3 0x000000008000ff4c (0x00178713) x14 0x0000000080012074
core   0: 0x000000008000ff50 (0xfee43023) sd      a4, -32(s0)
core   0: 3 0x000000008000ff50 (0xfee43023) mem 0x0000000080031f50 0x0000000080012074
core   0: 0x000000008000ff54 (0xfc442703) lw      a4, -60(s0)
core   0: 3 0x000000008000ff54 (0xfc442703) x14 0x0000000000000000 mem 0x0000000080031f34
core   0: 0x000000008000ff58 (0x0ff77713) andi    a4, a4, 255
core   0: 3 0x000000008000ff58 (0x0ff77713) x14 0x0000000000000000
core   0: 0x000000008000ff5c (0x00e78023) sb      a4, 0(a5)
core   0: 3 0x000000008000ff5c (0x00e78023) mem 0x0000000080012073 0x00
core   0: 0x000000008000ff60 (0xfc843703) ld      a4, -56(s0)
core   0: 3 0x000000008000ff60 (0xfc843703) x14 0x0000000080012040 mem 0x0000000080031f38
core   0: 0x000000008000ff64 (0xfb843783) ld      a5, -72(s0)
core   0: 3 0x000000008000ff64 (0xfb843783) x15 0x000000000000009c mem 0x0000000080031f28
core   0: 0x000000008000ff68 (0x000097ba) c.add   a5, a4
core   0: 3 0x000000008000ff68 (0x97ba) x15 0x00000000800120dc
core   0: 0x000000008000ff6a (0xfe043703) ld      a4, -32(s0)
core   0: 3 0x000000008000ff6a (0xfe043703) x14 0x0000000080012074 mem 0x0000000080031f50
core   0: 0x000000008000ff6e (0xfcf76de3) bltu    a4, a5, pc - 38
core   0: 3 0x000000008000ff6e (0xfcf76de3)
core   0: 0x000000008000ff48 (0xfe043783) ld      a5, -32(s0)
core   0: 3 0x000000008000ff48 (0xfe043783) x15 0x0000000080012074 mem 0x0000000080031f50
core   0: 0x000000008000ff4c (0x00178713) addi    a4, a5, 1
core   0: 3 0x000000008000ff4c (0x00178713) x14 0x0000000080012075
core   0: 0x000000008000ff50 (0xfee43023) sd      a4, -32(s0)
core   0: 3 0x000000008000ff50 (0xfee43023) mem 0x0000000080031f50 0x0000000080012075
core   0: 0x000000008000ff54 (0xfc442703) lw      a4, -60(s0)
core   0: 3 0x000000008000ff54 (0xfc442703) x14 0x0000000000000000 mem 0x0000000080031f34
core   0: 0x000000008000ff58 (0x0ff77713) andi    a4, a4, 255
core   0: 3 0x000000008000ff58 (0x0ff77713) x14 0x0000000000000000
core   0: 0x000000008000ff5c (0x00e78023) sb      a4, 0(a5)
core   0: 3 0x000000008000ff5c (0x00e78023) mem 0x0000000080012074 0x00
core   0: 0x000000008000ff60 (0xfc843703) ld      a4, -56(s0)
core   0: 3 0x000000008000ff60 (0xfc843703) x14 0x0000000080012040 mem 0x0000000080031f38
core   0: 0x000000008000ff64 (0xfb843783) ld      a5, -72(s0)
core   0: 3 0x000000008000ff64 (0xfb843783) x15 0x000000000000009c mem 0x0000000080031f28
core   0: 0x000000008000ff68 (0x000097ba) c.add   a5, a4
core   0: 3 0x000000008000ff68 (0x97ba) x15 0x00000000800120dc
core   0: 0x000000008000ff6a (0xfe043703) ld      a4, -32(s0)
core   0: 3 0x000000008000ff6a (0xfe043703) x14 0x0000000080012075 mem 0x0000000080031f50
core   0: 0x000000008000ff6e (0xfcf76de3) bltu    a4, a5, pc - 38
core   0: 3 0x000000008000ff6e (0xfcf76de3)
core   0: 0x000000008000ff48 (0xfe043783) ld      a5, -32(s0)
core   0: 3 0x000000008000ff48 (0xfe043783) x15 0x0000000080012075 mem 0x0000000080031f50
core   0: 0x000000008000ff4c (0x00178713) addi    a4, a5, 1
core   0: 3 0x000000008000ff4c (0x00178713) x14 0x0000000080012076
core   0: 0x000000008000ff50 (0xfee43023) sd      a4, -32(s0)
core   0: 3 0x000000008000ff50 (0xfee43023) mem 0x0000000080031f50 0x0000000080012076
core   0: 0x000000008000ff54 (0xfc442703) lw      a4, -60(s0)
core   0: 3 0x000000008000ff54 (0xfc442703) x14 0x0000000000000000 mem 0x0000000080031f34
core   0: 0x000000008000ff58 (0x0ff77713) andi    a4, a4, 255
core   0: 3 0x000000008000ff58 (0x0ff77713) x14 0x0000000000000000
core   0: 0x000000008000ff5c (0x00e78023) sb      a4, 0(a5)
core   0: 3 0x000000008000ff5c (0x00e78023) mem 0x0000000080012075 0x00
core   0: 0x000000008000ff60 (0xfc843703) ld      a4, -56(s0)
core   0: 3 0x000000008000ff60 (0xfc843703) x14 0x0000000080012040 mem 0x0000000080031f38
core   0: 0x000000008000ff64 (0xfb843783) ld      a5, -72(s0)
core   0: 3 0x000000008000ff64 (0xfb843783) x15 0x000000000000009c mem 0x0000000080031f28
core   0: 0x000000008000ff68 (0x000097ba) c.add   a5, a4
core   0: 3 0x000000008000ff68 (0x97ba) x15 0x00000000800120dc
core   0: 0x000000008000ff6a (0xfe043703) ld      a4, -32(s0)
core   0: 3 0x000000008000ff6a (0xfe043703) x14 0x0000000080012076 mem 0x0000000080031f50
core   0: 0x000000008000ff6e (0xfcf76de3) bltu    a4, a5, pc - 38
core   0: 3 0x000000008000ff6e (0xfcf76de3)
core   0: 0x000000008000ff48 (0xfe043783) ld      a5, -32(s0)
core   0: 3 0x000000008000ff48 (0xfe043783) x15 0x0000000080012076 mem 0x0000000080031f50
core   0: 0x000000008000ff4c (0x00178713) addi    a4, a5, 1
core   0: 3 0x000000008000ff4c (0x00178713) x14 0x0000000080012077
core   0: 0x000000008000ff50 (0xfee43023) sd      a4, -32(s0)
core   0: 3 0x000000008000ff50 (0xfee43023) mem 0x0000000080031f50 0x0000000080012077
core   0: 0x000000008000ff54 (0xfc442703) lw      a4, -60(s0)
core   0: 3 0x000000008000ff54 (0xfc442703) x14 0x0000000000000000 mem 0x0000000080031f34
core   0: 0x000000008000ff58 (0x0ff77713) andi    a4, a4, 255
core   0: 3 0x000000008000ff58 (0x0ff77713) x14 0x0000000000000000
core   0: 0x000000008000ff5c (0x00e78023) sb      a4, 0(a5)
core   0: 3 0x000000008000ff5c (0x00e78023) mem 0x0000000080012076 0x00
core   0: 0x000000008000ff60 (0xfc843703) ld      a4, -56(s0)
core   0: 3 0x000000008000ff60 (0xfc843703) x14 0x0000000080012040 mem 0x0000000080031f38
core   0: 0x000000008000ff64 (0xfb843783) ld      a5, -72(s0)
core   0: 3 0x000000008000ff64 (0xfb843783) x15 0x000000000000009c mem 0x0000000080031f28
core   0: 0x000000008000ff68 (0x000097ba) c.add   a5, a4
core   0: 3 0x000000008000ff68 (0x97ba) x15 0x00000000800120dc
core   0: 0x000000008000ff6a (0xfe043703) ld      a4, -32(s0)
core   0: 3 0x000000008000ff6a (0xfe043703) x14 0x0000000080012077 mem 0x0000000080031f50
core   0: 0x000000008000ff6e (0xfcf76de3) bltu    a4, a5, pc - 38
core   0: 3 0x000000008000ff6e (0xfcf76de3)
core   0: 0x000000008000ff48 (0xfe043783) ld      a5, -32(s0)
core   0: 3 0x000000008000ff48 (0xfe043783) x15 0x0000000080012077 mem 0x0000000080031f50
core   0: 0x000000008000ff4c (0x00178713) addi    a4, a5, 1
core   0: 3 0x000000008000ff4c (0x00178713) x14 0x0000000080012078
core   0: 0x000000008000ff50 (0xfee43023) sd      a4, -32(s0)
core   0: 3 0x000000008000ff50 (0xfee43023) mem 0x0000000080031f50 0x0000000080012078
core   0: 0x000000008000ff54 (0xfc442703) lw      a4, -60(s0)
core   0: 3 0x000000008000ff54 (0xfc442703) x14 0x0000000000000000 mem 0x0000000080031f34
core   0: 0x000000008000ff58 (0x0ff77713) andi    a4, a4, 255
core   0: 3 0x000000008000ff58 (0x0ff77713) x14 0x0000000000000000
core   0: 0x000000008000ff5c (0x00e78023) sb      a4, 0(a5)
core   0: 3 0x000000008000ff5c (0x00e78023) mem 0x0000000080012077 0x00
core   0: 0x000000008000ff60 (0xfc843703) ld      a4, -56(s0)
core   0: 3 0x000000008000ff60 (0xfc843703) x14 0x0000000080012040 mem 0x0000000080031f38
core   0: 0x000000008000ff64 (0xfb843783) ld      a5, -72(s0)
core   0: 3 0x000000008000ff64 (0xfb843783) x15 0x000000000000009c mem 0x0000000080031f28
core   0: 0x000000008000ff68 (0x000097ba) c.add   a5, a4
core   0: 3 0x000000008000ff68 (0x97ba) x15 0x00000000800120dc
core   0: 0x000000008000ff6a (0xfe043703) ld      a4, -32(s0)
core   0: 3 0x000000008000ff6a (0xfe043703) x14 0x0000000080012078 mem 0x0000000080031f50
core   0: 0x000000008000ff6e (0xfcf76de3) bltu    a4, a5, pc - 38
core   0: 3 0x000000008000ff6e (0xfcf76de3)
core   0: 0x000000008000ff48 (0xfe043783) ld      a5, -32(s0)
core   0: 3 0x000000008000ff48 (0xfe043783) x15 0x0000000080012078 mem 0x0000000080031f50
core   0: 0x000000008000ff4c (0x00178713) addi    a4, a5, 1
core   0: 3 0x000000008000ff4c (0x00178713) x14 0x0000000080012079
core   0: 0x000000008000ff50 (0xfee43023) sd      a4, -32(s0)
core   0: 3 0x000000008000ff50 (0xfee43023) mem 0x0000000080031f50 0x0000000080012079
core   0: 0x000000008000ff54 (0xfc442703) lw      a4, -60(s0)
core   0: 3 0x000000008000ff54 (0xfc442703) x14 0x0000000000000000 mem 0x0000000080031f34
core   0: 0x000000008000ff58 (0x0ff77713) andi    a4, a4, 255
core   0: 3 0x000000008000ff58 (0x0ff77713) x14 0x0000000000000000
core   0: 0x000000008000ff5c (0x00e78023) sb      a4, 0(a5)
core   0: 3 0x000000008000ff5c (0x00e78023) mem 0x0000000080012078 0x00
core   0: 0x000000008000ff60 (0xfc843703) ld      a4, -56(s0)
core   0: 3 0x000000008000ff60 (0xfc843703) x14 0x0000000080012040 mem 0x0000000080031f38
core   0: 0x000000008000ff64 (0xfb843783) ld      a5, -72(s0)
core   0: 3 0x000000008000ff64 (0xfb843783) x15 0x000000000000009c mem 0x0000000080031f28
core   0: 0x000000008000ff68 (0x000097ba) c.add   a5, a4
core   0: 3 0x000000008000ff68 (0x97ba) x15 0x00000000800120dc
core   0: 0x000000008000ff6a (0xfe043703) ld      a4, -32(s0)
core   0: 3 0x000000008000ff6a (0xfe043703) x14 0x0000000080012079 mem 0x0000000080031f50
core   0: 0x000000008000ff6e (0xfcf76de3) bltu    a4, a5, pc - 38
core   0: 3 0x000000008000ff6e (0xfcf76de3)
core   0: 0x000000008000ff48 (0xfe043783) ld      a5, -32(s0)
core   0: 3 0x000000008000ff48 (0xfe043783) x15 0x0000000080012079 mem 0x0000000080031f50
core   0: 0x000000008000ff4c (0x00178713) addi    a4, a5, 1
core   0: 3 0x000000008000ff4c (0x00178713) x14 0x000000008001207a
core   0: 0x000000008000ff50 (0xfee43023) sd      a4, -32(s0)
core   0: 3 0x000000008000ff50 (0xfee43023) mem 0x0000000080031f50 0x000000008001207a
core   0: 0x000000008000ff54 (0xfc442703) lw      a4, -60(s0)
core   0: 3 0x000000008000ff54 (0xfc442703) x14 0x0000000000000000 mem 0x0000000080031f34
core   0: 0x000000008000ff58 (0x0ff77713) andi    a4, a4, 255
core   0: 3 0x000000008000ff58 (0x0ff77713) x14 0x0000000000000000
core   0: 0x000000008000ff5c (0x00e78023) sb      a4, 0(a5)
core   0: 3 0x000000008000ff5c (0x00e78023) mem 0x0000000080012079 0x00
core   0: 0x000000008000ff60 (0xfc843703) ld      a4, -56(s0)
core   0: 3 0x000000008000ff60 (0xfc843703) x14 0x0000000080012040 mem 0x0000000080031f38
core   0: 0x000000008000ff64 (0xfb843783) ld      a5, -72(s0)
core   0: 3 0x000000008000ff64 (0xfb843783) x15 0x000000000000009c mem 0x0000000080031f28
core   0: 0x000000008000ff68 (0x000097ba) c.add   a5, a4
core   0: 3 0x000000008000ff68 (0x97ba) x15 0x00000000800120dc
core   0: 0x000000008000ff6a (0xfe043703) ld      a4, -32(s0)
core   0: 3 0x000000008000ff6a (0xfe043703) x14 0x000000008001207a mem 0x0000000080031f50
core   0: 0x000000008000ff6e (0xfcf76de3) bltu    a4, a5, pc - 38
core   0: 3 0x000000008000ff6e (0xfcf76de3)
core   0: 0x000000008000ff48 (0xfe043783) ld      a5, -32(s0)
core   0: 3 0x000000008000ff48 (0xfe043783) x15 0x000000008001207a mem 0x0000000080031f50
core   0: 0x000000008000ff4c (0x00178713) addi    a4, a5, 1
core   0: 3 0x000000008000ff4c (0x00178713) x14 0x000000008001207b
core   0: 0x000000008000ff50 (0xfee43023) sd      a4, -32(s0)
core   0: 3 0x000000008000ff50 (0xfee43023) mem 0x0000000080031f50 0x000000008001207b
core   0: 0x000000008000ff54 (0xfc442703) lw      a4, -60(s0)
core   0: 3 0x000000008000ff54 (0xfc442703) x14 0x0000000000000000 mem 0x0000000080031f34
core   0: 0x000000008000ff58 (0x0ff77713) andi    a4, a4, 255
core   0: 3 0x000000008000ff58 (0x0ff77713) x14 0x0000000000000000
core   0: 0x000000008000ff5c (0x00e78023) sb      a4, 0(a5)
core   0: 3 0x000000008000ff5c (0x00e78023) mem 0x000000008001207a 0x00
core   0: 0x000000008000ff60 (0xfc843703) ld      a4, -56(s0)
core   0: 3 0x000000008000ff60 (0xfc843703) x14 0x0000000080012040 mem 0x0000000080031f38
core   0: 0x000000008000ff64 (0xfb843783) ld      a5, -72(s0)
core   0: 3 0x000000008000ff64 (0xfb843783) x15 0x000000000000009c mem 0x0000000080031f28
core   0: 0x000000008000ff68 (0x000097ba) c.add   a5, a4
core   0: 3 0x000000008000ff68 (0x97ba) x15 0x00000000800120dc
core   0: 0x000000008000ff6a (0xfe043703) ld      a4, -32(s0)
core   0: 3 0x000000008000ff6a (0xfe043703) x14 0x000000008001207b mem 0x0000000080031f50
core   0: 0x000000008000ff6e (0xfcf76de3) bltu    a4, a5, pc - 38
core   0: 3 0x000000008000ff6e (0xfcf76de3)
core   0: 0x000000008000ff48 (0xfe043783) ld      a5, -32(s0)
core   0: 3 0x000000008000ff48 (0xfe043783) x15 0x000000008001207b mem 0x0000000080031f50
core   0: 0x000000008000ff4c (0x00178713) addi    a4, a5, 1
core   0: 3 0x000000008000ff4c (0x00178713) x14 0x000000008001207c
core   0: 0x000000008000ff50 (0xfee43023) sd      a4, -32(s0)
core   0: 3 0x000000008000ff50 (0xfee43023) mem 0x0000000080031f50 0x000000008001207c
core   0: 0x000000008000ff54 (0xfc442703) lw      a4, -60(s0)
core   0: 3 0x000000008000ff54 (0xfc442703) x14 0x0000000000000000 mem 0x0000000080031f34
core   0: 0x000000008000ff58 (0x0ff77713) andi    a4, a4, 255
core   0: 3 0x000000008000ff58 (0x0ff77713) x14 0x0000000000000000
core   0: 0x000000008000ff5c (0x00e78023) sb      a4, 0(a5)
core   0: 3 0x000000008000ff5c (0x00e78023) mem 0x000000008001207b 0x00
core   0: 0x000000008000ff60 (0xfc843703) ld      a4, -56(s0)
core   0: 3 0x000000008000ff60 (0xfc843703) x14 0x0000000080012040 mem 0x0000000080031f38
core   0: 0x000000008000ff64 (0xfb843783) ld      a5, -72(s0)
core   0: 3 0x000000008000ff64 (0xfb843783) x15 0x000000000000009c mem 0x0000000080031f28
core   0: 0x000000008000ff68 (0x000097ba) c.add   a5, a4
core   0: 3 0x000000008000ff68 (0x97ba) x15 0x00000000800120dc
core   0: 0x000000008000ff6a (0xfe043703) ld      a4, -32(s0)
core   0: 3 0x000000008000ff6a (0xfe043703) x14 0x000000008001207c mem 0x0000000080031f50
core   0: 0x000000008000ff6e (0xfcf76de3) bltu    a4, a5, pc - 38
core   0: 3 0x000000008000ff6e (0xfcf76de3)
core   0: 0x000000008000ff48 (0xfe043783) ld      a5, -32(s0)
core   0: 3 0x000000008000ff48 (0xfe043783) x15 0x000000008001207c mem 0x0000000080031f50
core   0: 0x000000008000ff4c (0x00178713) addi    a4, a5, 1
core   0: 3 0x000000008000ff4c (0x00178713) x14 0x000000008001207d
core   0: 0x000000008000ff50 (0xfee43023) sd      a4, -32(s0)
core   0: 3 0x000000008000ff50 (0xfee43023) mem 0x0000000080031f50 0x000000008001207d
core   0: 0x000000008000ff54 (0xfc442703) lw      a4, -60(s0)
core   0: 3 0x000000008000ff54 (0xfc442703) x14 0x0000000000000000 mem 0x0000000080031f34
core   0: 0x000000008000ff58 (0x0ff77713) andi    a4, a4, 255
core   0: 3 0x000000008000ff58 (0x0ff77713) x14 0x0000000000000000
core   0: 0x000000008000ff5c (0x00e78023) sb      a4, 0(a5)
core   0: 3 0x000000008000ff5c (0x00e78023) mem 0x000000008001207c 0x00
core   0: 0x000000008000ff60 (0xfc843703) ld      a4, -56(s0)
core   0: 3 0x000000008000ff60 (0xfc843703) x14 0x0000000080012040 mem 0x0000000080031f38
core   0: 0x000000008000ff64 (0xfb843783) ld      a5, -72(s0)
core   0: 3 0x000000008000ff64 (0xfb843783) x15 0x000000000000009c mem 0x0000000080031f28
core   0: 0x000000008000ff68 (0x000097ba) c.add   a5, a4
core   0: 3 0x000000008000ff68 (0x97ba) x15 0x00000000800120dc
core   0: 0x000000008000ff6a (0xfe043703) ld      a4, -32(s0)
core   0: 3 0x000000008000ff6a (0xfe043703) x14 0x000000008001207d mem 0x0000000080031f50
core   0: 0x000000008000ff6e (0xfcf76de3) bltu    a4, a5, pc - 38
core   0: 3 0x000000008000ff6e (0xfcf76de3)
core   0: 0x000000008000ff48 (0xfe043783) ld      a5, -32(s0)
core   0: 3 0x000000008000ff48 (0xfe043783) x15 0x000000008001207d mem 0x0000000080031f50
core   0: 0x000000008000ff4c (0x00178713) addi    a4, a5, 1
core   0: 3 0x000000008000ff4c (0x00178713) x14 0x000000008001207e
core   0: 0x000000008000ff50 (0xfee43023) sd      a4, -32(s0)
core   0: 3 0x000000008000ff50 (0xfee43023) mem 0x0000000080031f50 0x000000008001207e
core   0: 0x000000008000ff54 (0xfc442703) lw      a4, -60(s0)
core   0: 3 0x000000008000ff54 (0xfc442703) x14 0x0000000000000000 mem 0x0000000080031f34
core   0: 0x000000008000ff58 (0x0ff77713) andi    a4, a4, 255
core   0: 3 0x000000008000ff58 (0x0ff77713) x14 0x0000000000000000
core   0: 0x000000008000ff5c (0x00e78023) sb      a4, 0(a5)
core   0: 3 0x000000008000ff5c (0x00e78023) mem 0x000000008001207d 0x00
core   0: 0x000000008000ff60 (0xfc843703) ld      a4, -56(s0)
core   0: 3 0x000000008000ff60 (0xfc843703) x14 0x0000000080012040 mem 0x0000000080031f38
core   0: 0x000000008000ff64 (0xfb843783) ld      a5, -72(s0)
core   0: 3 0x000000008000ff64 (0xfb843783) x15 0x000000000000009c mem 0x0000000080031f28
core   0: 0x000000008000ff68 (0x000097ba) c.add   a5, a4
core   0: 3 0x000000008000ff68 (0x97ba) x15 0x00000000800120dc
core   0: 0x000000008000ff6a (0xfe043703) ld      a4, -32(s0)
core   0: 3 0x000000008000ff6a (0xfe043703) x14 0x000000008001207e mem 0x0000000080031f50
core   0: 0x000000008000ff6e (0xfcf76de3) bltu    a4, a5, pc - 38
core   0: 3 0x000000008000ff6e (0xfcf76de3)
core   0: 0x000000008000ff48 (0xfe043783) ld      a5, -32(s0)
core   0: 3 0x000000008000ff48 (0xfe043783) x15 0x000000008001207e mem 0x0000000080031f50
core   0: 0x000000008000ff4c (0x00178713) addi    a4, a5, 1
core   0: 3 0x000000008000ff4c (0x00178713) x14 0x000000008001207f
core   0: 0x000000008000ff50 (0xfee43023) sd      a4, -32(s0)
core   0: 3 0x000000008000ff50 (0xfee43023) mem 0x0000000080031f50 0x000000008001207f
core   0: 0x000000008000ff54 (0xfc442703) lw      a4, -60(s0)
core   0: 3 0x000000008000ff54 (0xfc442703) x14 0x0000000000000000 mem 0x0000000080031f34
core   0: 0x000000008000ff58 (0x0ff77713) andi    a4, a4, 255
core   0: 3 0x000000008000ff58 (0x0ff77713) x14 0x0000000000000000
core   0: 0x000000008000ff5c (0x00e78023) sb      a4, 0(a5)
core   0: 3 0x000000008000ff5c (0x00e78023) mem 0x000000008001207e 0x00
core   0: 0x000000008000ff60 (0xfc843703) ld      a4, -56(s0)
core   0: 3 0x000000008000ff60 (0xfc843703) x14 0x0000000080012040 mem 0x0000000080031f38
core   0: 0x000000008000ff64 (0xfb843783) ld      a5, -72(s0)
core   0: 3 0x000000008000ff64 (0xfb843783) x15 0x000000000000009c mem 0x0000000080031f28
core   0: 0x000000008000ff68 (0x000097ba) c.add   a5, a4
core   0: 3 0x000000008000ff68 (0x97ba) x15 0x00000000800120dc
core   0: 0x000000008000ff6a (0xfe043703) ld      a4, -32(s0)
core   0: 3 0x000000008000ff6a (0xfe043703) x14 0x000000008001207f mem 0x0000000080031f50
core   0: 0x000000008000ff6e (0xfcf76de3) bltu    a4, a5, pc - 38
core   0: 3 0x000000008000ff6e (0xfcf76de3)
core   0: 0x000000008000ff48 (0xfe043783) ld      a5, -32(s0)
core   0: 3 0x000000008000ff48 (0xfe043783) x15 0x000000008001207f mem 0x0000000080031f50
core   0: 0x000000008000ff4c (0x00178713) addi    a4, a5, 1
core   0: 3 0x000000008000ff4c (0x00178713) x14 0x0000000080012080
core   0: 0x000000008000ff50 (0xfee43023) sd      a4, -32(s0)
core   0: 3 0x000000008000ff50 (0xfee43023) mem 0x0000000080031f50 0x0000000080012080
core   0: 0x000000008000ff54 (0xfc442703) lw      a4, -60(s0)
core   0: 3 0x000000008000ff54 (0xfc442703) x14 0x0000000000000000 mem 0x0000000080031f34
core   0: 0x000000008000ff58 (0x0ff77713) andi    a4, a4, 255
core   0: 3 0x000000008000ff58 (0x0ff77713) x14 0x0000000000000000
core   0: 0x000000008000ff5c (0x00e78023) sb      a4, 0(a5)
core   0: 3 0x000000008000ff5c (0x00e78023) mem 0x000000008001207f 0x00
core   0: 0x000000008000ff60 (0xfc843703) ld      a4, -56(s0)
core   0: 3 0x000000008000ff60 (0xfc843703) x14 0x0000000080012040 mem 0x0000000080031f38
core   0: 0x000000008000ff64 (0xfb843783) ld      a5, -72(s0)
core   0: 3 0x000000008000ff64 (0xfb843783) x15 0x000000000000009c mem 0x0000000080031f28
core   0: 0x000000008000ff68 (0x000097ba) c.add   a5, a4
core   0: 3 0x000000008000ff68 (0x97ba) x15 0x00000000800120dc
core   0: 0x000000008000ff6a (0xfe043703) ld      a4, -32(s0)
core   0: 3 0x000000008000ff6a (0xfe043703) x14 0x0000000080012080 mem 0x0000000080031f50
core   0: 0x000000008000ff6e (0xfcf76de3) bltu    a4, a5, pc - 38
core   0: 3 0x000000008000ff6e (0xfcf76de3)
core   0: 0x000000008000ff48 (0xfe043783) ld      a5, -32(s0)
core   0: 3 0x000000008000ff48 (0xfe043783) x15 0x0000000080012080 mem 0x0000000080031f50
core   0: 0x000000008000ff4c (0x00178713) addi    a4, a5, 1
core   0: 3 0x000000008000ff4c (0x00178713) x14 0x0000000080012081
core   0: 0x000000008000ff50 (0xfee43023) sd      a4, -32(s0)
core   0: 3 0x000000008000ff50 (0xfee43023) mem 0x0000000080031f50 0x0000000080012081
core   0: 0x000000008000ff54 (0xfc442703) lw      a4, -60(s0)
core   0: 3 0x000000008000ff54 (0xfc442703) x14 0x0000000000000000 mem 0x0000000080031f34
core   0: 0x000000008000ff58 (0x0ff77713) andi    a4, a4, 255
core   0: 3 0x000000008000ff58 (0x0ff77713) x14 0x0000000000000000
core   0: 0x000000008000ff5c (0x00e78023) sb      a4, 0(a5)
core   0: 3 0x000000008000ff5c (0x00e78023) mem 0x0000000080012080 0x00
core   0: 0x000000008000ff60 (0xfc843703) ld      a4, -56(s0)
core   0: 3 0x000000008000ff60 (0xfc843703) x14 0x0000000080012040 mem 0x0000000080031f38
core   0: 0x000000008000ff64 (0xfb843783) ld      a5, -72(s0)
core   0: 3 0x000000008000ff64 (0xfb843783) x15 0x000000000000009c mem 0x0000000080031f28
core   0: 0x000000008000ff68 (0x000097ba) c.add   a5, a4
core   0: 3 0x000000008000ff68 (0x97ba) x15 0x00000000800120dc
core   0: 0x000000008000ff6a (0xfe043703) ld      a4, -32(s0)
core   0: 3 0x000000008000ff6a (0xfe043703) x14 0x0000000080012081 mem 0x0000000080031f50
core   0: 0x000000008000ff6e (0xfcf76de3) bltu    a4, a5, pc - 38
core   0: 3 0x000000008000ff6e (0xfcf76de3)
core   0: 0x000000008000ff48 (0xfe043783) ld      a5, -32(s0)
core   0: 3 0x000000008000ff48 (0xfe043783) x15 0x0000000080012081 mem 0x0000000080031f50
core   0: 0x000000008000ff4c (0x00178713) addi    a4, a5, 1
core   0: 3 0x000000008000ff4c (0x00178713) x14 0x0000000080012082
core   0: 0x000000008000ff50 (0xfee43023) sd      a4, -32(s0)
core   0: 3 0x000000008000ff50 (0xfee43023) mem 0x0000000080031f50 0x0000000080012082
core   0: 0x000000008000ff54 (0xfc442703) lw      a4, -60(s0)
core   0: 3 0x000000008000ff54 (0xfc442703) x14 0x0000000000000000 mem 0x0000000080031f34
core   0: 0x000000008000ff58 (0x0ff77713) andi    a4, a4, 255
core   0: 3 0x000000008000ff58 (0x0ff77713) x14 0x0000000000000000
core   0: 0x000000008000ff5c (0x00e78023) sb      a4, 0(a5)
core   0: 3 0x000000008000ff5c (0x00e78023) mem 0x0000000080012081 0x00
core   0: 0x000000008000ff60 (0xfc843703) ld      a4, -56(s0)
core   0: 3 0x000000008000ff60 (0xfc843703) x14 0x0000000080012040 mem 0x0000000080031f38
core   0: 0x000000008000ff64 (0xfb843783) ld      a5, -72(s0)
core   0: 3 0x000000008000ff64 (0xfb843783) x15 0x000000000000009c mem 0x0000000080031f28
core   0: 0x000000008000ff68 (0x000097ba) c.add   a5, a4
core   0: 3 0x000000008000ff68 (0x97ba) x15 0x00000000800120dc
core   0: 0x000000008000ff6a (0xfe043703) ld      a4, -32(s0)
core   0: 3 0x000000008000ff6a (0xfe043703) x14 0x0000000080012082 mem 0x0000000080031f50
core   0: 0x000000008000ff6e (0xfcf76de3) bltu    a4, a5, pc - 38
core   0: 3 0x000000008000ff6e (0xfcf76de3)
core   0: 0x000000008000ff48 (0xfe043783) ld      a5, -32(s0)
core   0: 3 0x000000008000ff48 (0xfe043783) x15 0x0000000080012082 mem 0x0000000080031f50
core   0: 0x000000008000ff4c (0x00178713) addi    a4, a5, 1
core   0: 3 0x000000008000ff4c (0x00178713) x14 0x0000000080012083
core   0: 0x000000008000ff50 (0xfee43023) sd      a4, -32(s0)
core   0: 3 0x000000008000ff50 (0xfee43023) mem 0x0000000080031f50 0x0000000080012083
core   0: 0x000000008000ff54 (0xfc442703) lw      a4, -60(s0)
core   0: 3 0x000000008000ff54 (0xfc442703) x14 0x0000000000000000 mem 0x0000000080031f34
core   0: 0x000000008000ff58 (0x0ff77713) andi    a4, a4, 255
core   0: 3 0x000000008000ff58 (0x0ff77713) x14 0x0000000000000000
core   0: 0x000000008000ff5c (0x00e78023) sb      a4, 0(a5)
core   0: 3 0x000000008000ff5c (0x00e78023) mem 0x0000000080012082 0x00
core   0: 0x000000008000ff60 (0xfc843703) ld      a4, -56(s0)
core   0: 3 0x000000008000ff60 (0xfc843703) x14 0x0000000080012040 mem 0x0000000080031f38
core   0: 0x000000008000ff64 (0xfb843783) ld      a5, -72(s0)
core   0: 3 0x000000008000ff64 (0xfb843783) x15 0x000000000000009c mem 0x0000000080031f28
core   0: 0x000000008000ff68 (0x000097ba) c.add   a5, a4
core   0: 3 0x000000008000ff68 (0x97ba) x15 0x00000000800120dc
core   0: 0x000000008000ff6a (0xfe043703) ld      a4, -32(s0)
core   0: 3 0x000000008000ff6a (0xfe043703) x14 0x0000000080012083 mem 0x0000000080031f50
core   0: 0x000000008000ff6e (0xfcf76de3) bltu    a4, a5, pc - 38
core   0: 3 0x000000008000ff6e (0xfcf76de3)
core   0: 0x000000008000ff48 (0xfe043783) ld      a5, -32(s0)
core   0: 3 0x000000008000ff48 (0xfe043783) x15 0x0000000080012083 mem 0x0000000080031f50
core   0: 0x000000008000ff4c (0x00178713) addi    a4, a5, 1
core   0: 3 0x000000008000ff4c (0x00178713) x14 0x0000000080012084
core   0: 0x000000008000ff50 (0xfee43023) sd      a4, -32(s0)
core   0: 3 0x000000008000ff50 (0xfee43023) mem 0x0000000080031f50 0x0000000080012084
core   0: 0x000000008000ff54 (0xfc442703) lw      a4, -60(s0)
core   0: 3 0x000000008000ff54 (0xfc442703) x14 0x0000000000000000 mem 0x0000000080031f34
core   0: 0x000000008000ff58 (0x0ff77713) andi    a4, a4, 255
core   0: 3 0x000000008000ff58 (0x0ff77713) x14 0x0000000000000000
core   0: 0x000000008000ff5c (0x00e78023) sb      a4, 0(a5)
core   0: 3 0x000000008000ff5c (0x00e78023) mem 0x0000000080012083 0x00
core   0: 0x000000008000ff60 (0xfc843703) ld      a4, -56(s0)
core   0: 3 0x000000008000ff60 (0xfc843703) x14 0x0000000080012040 mem 0x0000000080031f38
core   0: 0x000000008000ff64 (0xfb843783) ld      a5, -72(s0)
core   0: 3 0x000000008000ff64 (0xfb843783) x15 0x000000000000009c mem 0x0000000080031f28
core   0: 0x000000008000ff68 (0x000097ba) c.add   a5, a4
core   0: 3 0x000000008000ff68 (0x97ba) x15 0x00000000800120dc
core   0: 0x000000008000ff6a (0xfe043703) ld      a4, -32(s0)
core   0: 3 0x000000008000ff6a (0xfe043703) x14 0x0000000080012084 mem 0x0000000080031f50
core   0: 0x000000008000ff6e (0xfcf76de3) bltu    a4, a5, pc - 38
core   0: 3 0x000000008000ff6e (0xfcf76de3)
core   0: 0x000000008000ff48 (0xfe043783) ld      a5, -32(s0)
core   0: 3 0x000000008000ff48 (0xfe043783) x15 0x0000000080012084 mem 0x0000000080031f50
core   0: 0x000000008000ff4c (0x00178713) addi    a4, a5, 1
core   0: 3 0x000000008000ff4c (0x00178713) x14 0x0000000080012085
core   0: 0x000000008000ff50 (0xfee43023) sd      a4, -32(s0)
core   0: 3 0x000000008000ff50 (0xfee43023) mem 0x0000000080031f50 0x0000000080012085
core   0: 0x000000008000ff54 (0xfc442703) lw      a4, -60(s0)
core   0: 3 0x000000008000ff54 (0xfc442703) x14 0x0000000000000000 mem 0x0000000080031f34
core   0: 0x000000008000ff58 (0x0ff77713) andi    a4, a4, 255
core   0: 3 0x000000008000ff58 (0x0ff77713) x14 0x0000000000000000
core   0: 0x000000008000ff5c (0x00e78023) sb      a4, 0(a5)
core   0: 3 0x000000008000ff5c (0x00e78023) mem 0x0000000080012084 0x00
core   0: 0x000000008000ff60 (0xfc843703) ld      a4, -56(s0)
core   0: 3 0x000000008000ff60 (0xfc843703) x14 0x0000000080012040 mem 0x0000000080031f38
core   0: 0x000000008000ff64 (0xfb843783) ld      a5, -72(s0)
core   0: 3 0x000000008000ff64 (0xfb843783) x15 0x000000000000009c mem 0x0000000080031f28
core   0: 0x000000008000ff68 (0x000097ba) c.add   a5, a4
core   0: 3 0x000000008000ff68 (0x97ba) x15 0x00000000800120dc
core   0: 0x000000008000ff6a (0xfe043703) ld      a4, -32(s0)
core   0: 3 0x000000008000ff6a (0xfe043703) x14 0x0000000080012085 mem 0x0000000080031f50
core   0: 0x000000008000ff6e (0xfcf76de3) bltu    a4, a5, pc - 38
core   0: 3 0x000000008000ff6e (0xfcf76de3)
core   0: 0x000000008000ff48 (0xfe043783) ld      a5, -32(s0)
core   0: 3 0x000000008000ff48 (0xfe043783) x15 0x0000000080012085 mem 0x0000000080031f50
core   0: 0x000000008000ff4c (0x00178713) addi    a4, a5, 1
core   0: 3 0x000000008000ff4c (0x00178713) x14 0x0000000080012086
core   0: 0x000000008000ff50 (0xfee43023) sd      a4, -32(s0)
core   0: 3 0x000000008000ff50 (0xfee43023) mem 0x0000000080031f50 0x0000000080012086
core   0: 0x000000008000ff54 (0xfc442703) lw      a4, -60(s0)
core   0: 3 0x000000008000ff54 (0xfc442703) x14 0x0000000000000000 mem 0x0000000080031f34
core   0: 0x000000008000ff58 (0x0ff77713) andi    a4, a4, 255
core   0: 3 0x000000008000ff58 (0x0ff77713) x14 0x0000000000000000
core   0: 0x000000008000ff5c (0x00e78023) sb      a4, 0(a5)
core   0: 3 0x000000008000ff5c (0x00e78023) mem 0x0000000080012085 0x00
core   0: 0x000000008000ff60 (0xfc843703) ld      a4, -56(s0)
core   0: 3 0x000000008000ff60 (0xfc843703) x14 0x0000000080012040 mem 0x0000000080031f38
core   0: 0x000000008000ff64 (0xfb843783) ld      a5, -72(s0)
core   0: 3 0x000000008000ff64 (0xfb843783) x15 0x000000000000009c mem 0x0000000080031f28
core   0: 0x000000008000ff68 (0x000097ba) c.add   a5, a4
core   0: 3 0x000000008000ff68 (0x97ba) x15 0x00000000800120dc
core   0: 0x000000008000ff6a (0xfe043703) ld      a4, -32(s0)
core   0: 3 0x000000008000ff6a (0xfe043703) x14 0x0000000080012086 mem 0x0000000080031f50
core   0: 0x000000008000ff6e (0xfcf76de3) bltu    a4, a5, pc - 38
core   0: 3 0x000000008000ff6e (0xfcf76de3)
core   0: 0x000000008000ff48 (0xfe043783) ld      a5, -32(s0)
core   0: 3 0x000000008000ff48 (0xfe043783) x15 0x0000000080012086 mem 0x0000000080031f50
core   0: 0x000000008000ff4c (0x00178713) addi    a4, a5, 1
core   0: 3 0x000000008000ff4c (0x00178713) x14 0x0000000080012087
core   0: 0x000000008000ff50 (0xfee43023) sd      a4, -32(s0)
core   0: 3 0x000000008000ff50 (0xfee43023) mem 0x0000000080031f50 0x0000000080012087
core   0: 0x000000008000ff54 (0xfc442703) lw      a4, -60(s0)
core   0: 3 0x000000008000ff54 (0xfc442703) x14 0x0000000000000000 mem 0x0000000080031f34
core   0: 0x000000008000ff58 (0x0ff77713) andi    a4, a4, 255
core   0: 3 0x000000008000ff58 (0x0ff77713) x14 0x0000000000000000
core   0: 0x000000008000ff5c (0x00e78023) sb      a4, 0(a5)
core   0: 3 0x000000008000ff5c (0x00e78023) mem 0x0000000080012086 0x00
core   0: 0x000000008000ff60 (0xfc843703) ld      a4, -56(s0)
core   0: 3 0x000000008000ff60 (0xfc843703) x14 0x0000000080012040 mem 0x0000000080031f38
core   0: 0x000000008000ff64 (0xfb843783) ld      a5, -72(s0)
core   0: 3 0x000000008000ff64 (0xfb843783) x15 0x000000000000009c mem 0x0000000080031f28
core   0: 0x000000008000ff68 (0x000097ba) c.add   a5, a4
core   0: 3 0x000000008000ff68 (0x97ba) x15 0x00000000800120dc
core   0: 0x000000008000ff6a (0xfe043703) ld      a4, -32(s0)
core   0: 3 0x000000008000ff6a (0xfe043703) x14 0x0000000080012087 mem 0x0000000080031f50
core   0: 0x000000008000ff6e (0xfcf76de3) bltu    a4, a5, pc - 38
core   0: 3 0x000000008000ff6e (0xfcf76de3)
core   0: 0x000000008000ff48 (0xfe043783) ld      a5, -32(s0)
core   0: 3 0x000000008000ff48 (0xfe043783) x15 0x0000000080012087 mem 0x0000000080031f50
core   0: 0x000000008000ff4c (0x00178713) addi    a4, a5, 1
core   0: 3 0x000000008000ff4c (0x00178713) x14 0x0000000080012088
core   0: 0x000000008000ff50 (0xfee43023) sd      a4, -32(s0)
core   0: 3 0x000000008000ff50 (0xfee43023) mem 0x0000000080031f50 0x0000000080012088
core   0: 0x000000008000ff54 (0xfc442703) lw      a4, -60(s0)
core   0: 3 0x000000008000ff54 (0xfc442703) x14 0x0000000000000000 mem 0x0000000080031f34
core   0: 0x000000008000ff58 (0x0ff77713) andi    a4, a4, 255
core   0: 3 0x000000008000ff58 (0x0ff77713) x14 0x0000000000000000
core   0: 0x000000008000ff5c (0x00e78023) sb      a4, 0(a5)
core   0: 3 0x000000008000ff5c (0x00e78023) mem 0x0000000080012087 0x00
core   0: 0x000000008000ff60 (0xfc843703) ld      a4, -56(s0)
core   0: 3 0x000000008000ff60 (0xfc843703) x14 0x0000000080012040 mem 0x0000000080031f38
core   0: 0x000000008000ff64 (0xfb843783) ld      a5, -72(s0)
core   0: 3 0x000000008000ff64 (0xfb843783) x15 0x000000000000009c mem 0x0000000080031f28
core   0: 0x000000008000ff68 (0x000097ba) c.add   a5, a4
core   0: 3 0x000000008000ff68 (0x97ba) x15 0x00000000800120dc
core   0: 0x000000008000ff6a (0xfe043703) ld      a4, -32(s0)
core   0: 3 0x000000008000ff6a (0xfe043703) x14 0x0000000080012088 mem 0x0000000080031f50
core   0: 0x000000008000ff6e (0xfcf76de3) bltu    a4, a5, pc - 38
core   0: 3 0x000000008000ff6e (0xfcf76de3)
core   0: 0x000000008000ff48 (0xfe043783) ld      a5, -32(s0)
core   0: 3 0x000000008000ff48 (0xfe043783) x15 0x0000000080012088 mem 0x0000000080031f50
core   0: 0x000000008000ff4c (0x00178713) addi    a4, a5, 1
core   0: 3 0x000000008000ff4c (0x00178713) x14 0x0000000080012089
core   0: 0x000000008000ff50 (0xfee43023) sd      a4, -32(s0)
core   0: 3 0x000000008000ff50 (0xfee43023) mem 0x0000000080031f50 0x0000000080012089
core   0: 0x000000008000ff54 (0xfc442703) lw      a4, -60(s0)
core   0: 3 0x000000008000ff54 (0xfc442703) x14 0x0000000000000000 mem 0x0000000080031f34
core   0: 0x000000008000ff58 (0x0ff77713) andi    a4, a4, 255
core   0: 3 0x000000008000ff58 (0x0ff77713) x14 0x0000000000000000
core   0: 0x000000008000ff5c (0x00e78023) sb      a4, 0(a5)
core   0: 3 0x000000008000ff5c (0x00e78023) mem 0x0000000080012088 0x00
core   0: 0x000000008000ff60 (0xfc843703) ld      a4, -56(s0)
core   0: 3 0x000000008000ff60 (0xfc843703) x14 0x0000000080012040 mem 0x0000000080031f38
core   0: 0x000000008000ff64 (0xfb843783) ld      a5, -72(s0)
core   0: 3 0x000000008000ff64 (0xfb843783) x15 0x000000000000009c mem 0x0000000080031f28
core   0: 0x000000008000ff68 (0x000097ba) c.add   a5, a4
core   0: 3 0x000000008000ff68 (0x97ba) x15 0x00000000800120dc
core   0: 0x000000008000ff6a (0xfe043703) ld      a4, -32(s0)
core   0: 3 0x000000008000ff6a (0xfe043703) x14 0x0000000080012089 mem 0x0000000080031f50
core   0: 0x000000008000ff6e (0xfcf76de3) bltu    a4, a5, pc - 38
core   0: 3 0x000000008000ff6e (0xfcf76de3)
core   0: 0x000000008000ff48 (0xfe043783) ld      a5, -32(s0)
core   0: 3 0x000000008000ff48 (0xfe043783) x15 0x0000000080012089 mem 0x0000000080031f50
core   0: 0x000000008000ff4c (0x00178713) addi    a4, a5, 1
core   0: 3 0x000000008000ff4c (0x00178713) x14 0x000000008001208a
core   0: 0x000000008000ff50 (0xfee43023) sd      a4, -32(s0)
core   0: 3 0x000000008000ff50 (0xfee43023) mem 0x0000000080031f50 0x000000008001208a
core   0: 0x000000008000ff54 (0xfc442703) lw      a4, -60(s0)
core   0: 3 0x000000008000ff54 (0xfc442703) x14 0x0000000000000000 mem 0x0000000080031f34
core   0: 0x000000008000ff58 (0x0ff77713) andi    a4, a4, 255
core   0: 3 0x000000008000ff58 (0x0ff77713) x14 0x0000000000000000
core   0: 0x000000008000ff5c (0x00e78023) sb      a4, 0(a5)
core   0: 3 0x000000008000ff5c (0x00e78023) mem 0x0000000080012089 0x00
core   0: 0x000000008000ff60 (0xfc843703) ld      a4, -56(s0)
core   0: 3 0x000000008000ff60 (0xfc843703) x14 0x0000000080012040 mem 0x0000000080031f38
core   0: 0x000000008000ff64 (0xfb843783) ld      a5, -72(s0)
core   0: 3 0x000000008000ff64 (0xfb843783) x15 0x000000000000009c mem 0x0000000080031f28
core   0: 0x000000008000ff68 (0x000097ba) c.add   a5, a4
core   0: 3 0x000000008000ff68 (0x97ba) x15 0x00000000800120dc
core   0: 0x000000008000ff6a (0xfe043703) ld      a4, -32(s0)
core   0: 3 0x000000008000ff6a (0xfe043703) x14 0x000000008001208a mem 0x0000000080031f50
core   0: 0x000000008000ff6e (0xfcf76de3) bltu    a4, a5, pc - 38
core   0: 3 0x000000008000ff6e (0xfcf76de3)
core   0: 0x000000008000ff48 (0xfe043783) ld      a5, -32(s0)
core   0: 3 0x000000008000ff48 (0xfe043783) x15 0x000000008001208a mem 0x0000000080031f50
core   0: 0x000000008000ff4c (0x00178713) addi    a4, a5, 1
core   0: 3 0x000000008000ff4c (0x00178713) x14 0x000000008001208b
core   0: 0x000000008000ff50 (0xfee43023) sd      a4, -32(s0)
core   0: 3 0x000000008000ff50 (0xfee43023) mem 0x0000000080031f50 0x000000008001208b
core   0: 0x000000008000ff54 (0xfc442703) lw      a4, -60(s0)
core   0: 3 0x000000008000ff54 (0xfc442703) x14 0x0000000000000000 mem 0x0000000080031f34
core   0: 0x000000008000ff58 (0x0ff77713) andi    a4, a4, 255
core   0: 3 0x000000008000ff58 (0x0ff77713) x14 0x0000000000000000
core   0: 0x000000008000ff5c (0x00e78023) sb      a4, 0(a5)
core   0: 3 0x000000008000ff5c (0x00e78023) mem 0x000000008001208a 0x00
core   0: 0x000000008000ff60 (0xfc843703) ld      a4, -56(s0)
core   0: 3 0x000000008000ff60 (0xfc843703) x14 0x0000000080012040 mem 0x0000000080031f38
core   0: 0x000000008000ff64 (0xfb843783) ld      a5, -72(s0)
core   0: 3 0x000000008000ff64 (0xfb843783) x15 0x000000000000009c mem 0x0000000080031f28
core   0: 0x000000008000ff68 (0x000097ba) c.add   a5, a4
core   0: 3 0x000000008000ff68 (0x97ba) x15 0x00000000800120dc
core   0: 0x000000008000ff6a (0xfe043703) ld      a4, -32(s0)
core   0: 3 0x000000008000ff6a (0xfe043703) x14 0x000000008001208b mem 0x0000000080031f50
core   0: 0x000000008000ff6e (0xfcf76de3) bltu    a4, a5, pc - 38
core   0: 3 0x000000008000ff6e (0xfcf76de3)
core   0: 0x000000008000ff48 (0xfe043783) ld      a5, -32(s0)
core   0: 3 0x000000008000ff48 (0xfe043783) x15 0x000000008001208b mem 0x0000000080031f50
core   0: 0x000000008000ff4c (0x00178713) addi    a4, a5, 1
core   0: 3 0x000000008000ff4c (0x00178713) x14 0x000000008001208c
core   0: 0x000000008000ff50 (0xfee43023) sd      a4, -32(s0)
core   0: 3 0x000000008000ff50 (0xfee43023) mem 0x0000000080031f50 0x000000008001208c
core   0: 0x000000008000ff54 (0xfc442703) lw      a4, -60(s0)
core   0: 3 0x000000008000ff54 (0xfc442703) x14 0x0000000000000000 mem 0x0000000080031f34
core   0: 0x000000008000ff58 (0x0ff77713) andi    a4, a4, 255
core   0: 3 0x000000008000ff58 (0x0ff77713) x14 0x0000000000000000
core   0: 0x000000008000ff5c (0x00e78023) sb      a4, 0(a5)
core   0: 3 0x000000008000ff5c (0x00e78023) mem 0x000000008001208b 0x00
core   0: 0x000000008000ff60 (0xfc843703) ld      a4, -56(s0)
core   0: 3 0x000000008000ff60 (0xfc843703) x14 0x0000000080012040 mem 0x0000000080031f38
core   0: 0x000000008000ff64 (0xfb843783) ld      a5, -72(s0)
core   0: 3 0x000000008000ff64 (0xfb843783) x15 0x000000000000009c mem 0x0000000080031f28
core   0: 0x000000008000ff68 (0x000097ba) c.add   a5, a4
core   0: 3 0x000000008000ff68 (0x97ba) x15 0x00000000800120dc
core   0: 0x000000008000ff6a (0xfe043703) ld      a4, -32(s0)
core   0: 3 0x000000008000ff6a (0xfe043703) x14 0x000000008001208c mem 0x0000000080031f50
core   0: 0x000000008000ff6e (0xfcf76de3) bltu    a4, a5, pc - 38
core   0: 3 0x000000008000ff6e (0xfcf76de3)
core   0: 0x000000008000ff48 (0xfe043783) ld      a5, -32(s0)
core   0: 3 0x000000008000ff48 (0xfe043783) x15 0x000000008001208c mem 0x0000000080031f50
core   0: 0x000000008000ff4c (0x00178713) addi    a4, a5, 1
core   0: 3 0x000000008000ff4c (0x00178713) x14 0x000000008001208d
core   0: 0x000000008000ff50 (0xfee43023) sd      a4, -32(s0)
core   0: 3 0x000000008000ff50 (0xfee43023) mem 0x0000000080031f50 0x000000008001208d
core   0: 0x000000008000ff54 (0xfc442703) lw      a4, -60(s0)
core   0: 3 0x000000008000ff54 (0xfc442703) x14 0x0000000000000000 mem 0x0000000080031f34
core   0: 0x000000008000ff58 (0x0ff77713) andi    a4, a4, 255
core   0: 3 0x000000008000ff58 (0x0ff77713) x14 0x0000000000000000
core   0: 0x000000008000ff5c (0x00e78023) sb      a4, 0(a5)
core   0: 3 0x000000008000ff5c (0x00e78023) mem 0x000000008001208c 0x00
core   0: 0x000000008000ff60 (0xfc843703) ld      a4, -56(s0)
core   0: 3 0x000000008000ff60 (0xfc843703) x14 0x0000000080012040 mem 0x0000000080031f38
core   0: 0x000000008000ff64 (0xfb843783) ld      a5, -72(s0)
core   0: 3 0x000000008000ff64 (0xfb843783) x15 0x000000000000009c mem 0x0000000080031f28
core   0: 0x000000008000ff68 (0x000097ba) c.add   a5, a4
core   0: 3 0x000000008000ff68 (0x97ba) x15 0x00000000800120dc
core   0: 0x000000008000ff6a (0xfe043703) ld      a4, -32(s0)
core   0: 3 0x000000008000ff6a (0xfe043703) x14 0x000000008001208d mem 0x0000000080031f50
core   0: 0x000000008000ff6e (0xfcf76de3) bltu    a4, a5, pc - 38
core   0: 3 0x000000008000ff6e (0xfcf76de3)
core   0: 0x000000008000ff48 (0xfe043783) ld      a5, -32(s0)
core   0: 3 0x000000008000ff48 (0xfe043783) x15 0x000000008001208d mem 0x0000000080031f50
core   0: 0x000000008000ff4c (0x00178713) addi    a4, a5, 1
core   0: 3 0x000000008000ff4c (0x00178713) x14 0x000000008001208e
core   0: 0x000000008000ff50 (0xfee43023) sd      a4, -32(s0)
core   0: 3 0x000000008000ff50 (0xfee43023) mem 0x0000000080031f50 0x000000008001208e
core   0: 0x000000008000ff54 (0xfc442703) lw      a4, -60(s0)
core   0: 3 0x000000008000ff54 (0xfc442703) x14 0x0000000000000000 mem 0x0000000080031f34
core   0: 0x000000008000ff58 (0x0ff77713) andi    a4, a4, 255
core   0: 3 0x000000008000ff58 (0x0ff77713) x14 0x0000000000000000
core   0: 0x000000008000ff5c (0x00e78023) sb      a4, 0(a5)
core   0: 3 0x000000008000ff5c (0x00e78023) mem 0x000000008001208d 0x00
core   0: 0x000000008000ff60 (0xfc843703) ld      a4, -56(s0)
core   0: 3 0x000000008000ff60 (0xfc843703) x14 0x0000000080012040 mem 0x0000000080031f38
core   0: 0x000000008000ff64 (0xfb843783) ld      a5, -72(s0)
core   0: 3 0x000000008000ff64 (0xfb843783) x15 0x000000000000009c mem 0x0000000080031f28
core   0: 0x000000008000ff68 (0x000097ba) c.add   a5, a4
core   0: 3 0x000000008000ff68 (0x97ba) x15 0x00000000800120dc
core   0: 0x000000008000ff6a (0xfe043703) ld      a4, -32(s0)
core   0: 3 0x000000008000ff6a (0xfe043703) x14 0x000000008001208e mem 0x0000000080031f50
core   0: 0x000000008000ff6e (0xfcf76de3) bltu    a4, a5, pc - 38
core   0: 3 0x000000008000ff6e (0xfcf76de3)
core   0: 0x000000008000ff48 (0xfe043783) ld      a5, -32(s0)
core   0: 3 0x000000008000ff48 (0xfe043783) x15 0x000000008001208e mem 0x0000000080031f50
core   0: 0x000000008000ff4c (0x00178713) addi    a4, a5, 1
core   0: 3 0x000000008000ff4c (0x00178713) x14 0x000000008001208f
core   0: 0x000000008000ff50 (0xfee43023) sd      a4, -32(s0)
core   0: 3 0x000000008000ff50 (0xfee43023) mem 0x0000000080031f50 0x000000008001208f
core   0: 0x000000008000ff54 (0xfc442703) lw      a4, -60(s0)
core   0: 3 0x000000008000ff54 (0xfc442703) x14 0x0000000000000000 mem 0x0000000080031f34
core   0: 0x000000008000ff58 (0x0ff77713) andi    a4, a4, 255
core   0: 3 0x000000008000ff58 (0x0ff77713) x14 0x0000000000000000
core   0: 0x000000008000ff5c (0x00e78023) sb      a4, 0(a5)
core   0: 3 0x000000008000ff5c (0x00e78023) mem 0x000000008001208e 0x00
core   0: 0x000000008000ff60 (0xfc843703) ld      a4, -56(s0)
core   0: 3 0x000000008000ff60 (0xfc843703) x14 0x0000000080012040 mem 0x0000000080031f38
core   0: 0x000000008000ff64 (0xfb843783) ld      a5, -72(s0)
core   0: 3 0x000000008000ff64 (0xfb843783) x15 0x000000000000009c mem 0x0000000080031f28
core   0: 0x000000008000ff68 (0x000097ba) c.add   a5, a4
core   0: 3 0x000000008000ff68 (0x97ba) x15 0x00000000800120dc
core   0: 0x000000008000ff6a (0xfe043703) ld      a4, -32(s0)
core   0: 3 0x000000008000ff6a (0xfe043703) x14 0x000000008001208f mem 0x0000000080031f50
core   0: 0x000000008000ff6e (0xfcf76de3) bltu    a4, a5, pc - 38
core   0: 3 0x000000008000ff6e (0xfcf76de3)
core   0: 0x000000008000ff48 (0xfe043783) ld      a5, -32(s0)
core   0: 3 0x000000008000ff48 (0xfe043783) x15 0x000000008001208f mem 0x0000000080031f50
core   0: 0x000000008000ff4c (0x00178713) addi    a4, a5, 1
core   0: 3 0x000000008000ff4c (0x00178713) x14 0x0000000080012090
core   0: 0x000000008000ff50 (0xfee43023) sd      a4, -32(s0)
core   0: 3 0x000000008000ff50 (0xfee43023) mem 0x0000000080031f50 0x0000000080012090
core   0: 0x000000008000ff54 (0xfc442703) lw      a4, -60(s0)
core   0: 3 0x000000008000ff54 (0xfc442703) x14 0x0000000000000000 mem 0x0000000080031f34
core   0: 0x000000008000ff58 (0x0ff77713) andi    a4, a4, 255
core   0: 3 0x000000008000ff58 (0x0ff77713) x14 0x0000000000000000
core   0: 0x000000008000ff5c (0x00e78023) sb      a4, 0(a5)
core   0: 3 0x000000008000ff5c (0x00e78023) mem 0x000000008001208f 0x00
core   0: 0x000000008000ff60 (0xfc843703) ld      a4, -56(s0)
core   0: 3 0x000000008000ff60 (0xfc843703) x14 0x0000000080012040 mem 0x0000000080031f38
core   0: 0x000000008000ff64 (0xfb843783) ld      a5, -72(s0)
core   0: 3 0x000000008000ff64 (0xfb843783) x15 0x000000000000009c mem 0x0000000080031f28
core   0: 0x000000008000ff68 (0x000097ba) c.add   a5, a4
core   0: 3 0x000000008000ff68 (0x97ba) x15 0x00000000800120dc
core   0: 0x000000008000ff6a (0xfe043703) ld      a4, -32(s0)
core   0: 3 0x000000008000ff6a (0xfe043703) x14 0x0000000080012090 mem 0x0000000080031f50
core   0: 0x000000008000ff6e (0xfcf76de3) bltu    a4, a5, pc - 38
core   0: 3 0x000000008000ff6e (0xfcf76de3)
core   0: 0x000000008000ff48 (0xfe043783) ld      a5, -32(s0)
core   0: 3 0x000000008000ff48 (0xfe043783) x15 0x0000000080012090 mem 0x0000000080031f50
core   0: 0x000000008000ff4c (0x00178713) addi    a4, a5, 1
core   0: 3 0x000000008000ff4c (0x00178713) x14 0x0000000080012091
core   0: 0x000000008000ff50 (0xfee43023) sd      a4, -32(s0)
core   0: 3 0x000000008000ff50 (0xfee43023) mem 0x0000000080031f50 0x0000000080012091
core   0: 0x000000008000ff54 (0xfc442703) lw      a4, -60(s0)
core   0: 3 0x000000008000ff54 (0xfc442703) x14 0x0000000000000000 mem 0x0000000080031f34
core   0: 0x000000008000ff58 (0x0ff77713) andi    a4, a4, 255
core   0: 3 0x000000008000ff58 (0x0ff77713) x14 0x0000000000000000
core   0: 0x000000008000ff5c (0x00e78023) sb      a4, 0(a5)
core   0: 3 0x000000008000ff5c (0x00e78023) mem 0x0000000080012090 0x00
core   0: 0x000000008000ff60 (0xfc843703) ld      a4, -56(s0)
core   0: 3 0x000000008000ff60 (0xfc843703) x14 0x0000000080012040 mem 0x0000000080031f38
core   0: 0x000000008000ff64 (0xfb843783) ld      a5, -72(s0)
core   0: 3 0x000000008000ff64 (0xfb843783) x15 0x000000000000009c mem 0x0000000080031f28
core   0: 0x000000008000ff68 (0x000097ba) c.add   a5, a4
core   0: 3 0x000000008000ff68 (0x97ba) x15 0x00000000800120dc
core   0: 0x000000008000ff6a (0xfe043703) ld      a4, -32(s0)
core   0: 3 0x000000008000ff6a (0xfe043703) x14 0x0000000080012091 mem 0x0000000080031f50
core   0: 0x000000008000ff6e (0xfcf76de3) bltu    a4, a5, pc - 38
core   0: 3 0x000000008000ff6e (0xfcf76de3)
core   0: 0x000000008000ff48 (0xfe043783) ld      a5, -32(s0)
core   0: 3 0x000000008000ff48 (0xfe043783) x15 0x0000000080012091 mem 0x0000000080031f50
core   0: 0x000000008000ff4c (0x00178713) addi    a4, a5, 1
core   0: 3 0x000000008000ff4c (0x00178713) x14 0x0000000080012092
core   0: 0x000000008000ff50 (0xfee43023) sd      a4, -32(s0)
core   0: 3 0x000000008000ff50 (0xfee43023) mem 0x0000000080031f50 0x0000000080012092
core   0: 0x000000008000ff54 (0xfc442703) lw      a4, -60(s0)
core   0: 3 0x000000008000ff54 (0xfc442703) x14 0x0000000000000000 mem 0x0000000080031f34
core   0: 0x000000008000ff58 (0x0ff77713) andi    a4, a4, 255
core   0: 3 0x000000008000ff58 (0x0ff77713) x14 0x0000000000000000
core   0: 0x000000008000ff5c (0x00e78023) sb      a4, 0(a5)
core   0: 3 0x000000008000ff5c (0x00e78023) mem 0x0000000080012091 0x00
core   0: 0x000000008000ff60 (0xfc843703) ld      a4, -56(s0)
core   0: 3 0x000000008000ff60 (0xfc843703) x14 0x0000000080012040 mem 0x0000000080031f38
core   0: 0x000000008000ff64 (0xfb843783) ld      a5, -72(s0)
core   0: 3 0x000000008000ff64 (0xfb843783) x15 0x000000000000009c mem 0x0000000080031f28
core   0: 0x000000008000ff68 (0x000097ba) c.add   a5, a4
core   0: 3 0x000000008000ff68 (0x97ba) x15 0x00000000800120dc
core   0: 0x000000008000ff6a (0xfe043703) ld      a4, -32(s0)
core   0: 3 0x000000008000ff6a (0xfe043703) x14 0x0000000080012092 mem 0x0000000080031f50
core   0: 0x000000008000ff6e (0xfcf76de3) bltu    a4, a5, pc - 38
core   0: 3 0x000000008000ff6e (0xfcf76de3)
core   0: 0x000000008000ff48 (0xfe043783) ld      a5, -32(s0)
core   0: 3 0x000000008000ff48 (0xfe043783) x15 0x0000000080012092 mem 0x0000000080031f50
core   0: 0x000000008000ff4c (0x00178713) addi    a4, a5, 1
core   0: 3 0x000000008000ff4c (0x00178713) x14 0x0000000080012093
core   0: 0x000000008000ff50 (0xfee43023) sd      a4, -32(s0)
core   0: 3 0x000000008000ff50 (0xfee43023) mem 0x0000000080031f50 0x0000000080012093
core   0: 0x000000008000ff54 (0xfc442703) lw      a4, -60(s0)
core   0: 3 0x000000008000ff54 (0xfc442703) x14 0x0000000000000000 mem 0x0000000080031f34
core   0: 0x000000008000ff58 (0x0ff77713) andi    a4, a4, 255
core   0: 3 0x000000008000ff58 (0x0ff77713) x14 0x0000000000000000
core   0: 0x000000008000ff5c (0x00e78023) sb      a4, 0(a5)
core   0: 3 0x000000008000ff5c (0x00e78023) mem 0x0000000080012092 0x00
core   0: 0x000000008000ff60 (0xfc843703) ld      a4, -56(s0)
core   0: 3 0x000000008000ff60 (0xfc843703) x14 0x0000000080012040 mem 0x0000000080031f38
core   0: 0x000000008000ff64 (0xfb843783) ld      a5, -72(s0)
core   0: 3 0x000000008000ff64 (0xfb843783) x15 0x000000000000009c mem 0x0000000080031f28
core   0: 0x000000008000ff68 (0x000097ba) c.add   a5, a4
core   0: 3 0x000000008000ff68 (0x97ba) x15 0x00000000800120dc
core   0: 0x000000008000ff6a (0xfe043703) ld      a4, -32(s0)
core   0: 3 0x000000008000ff6a (0xfe043703) x14 0x0000000080012093 mem 0x0000000080031f50
core   0: 0x000000008000ff6e (0xfcf76de3) bltu    a4, a5, pc - 38
core   0: 3 0x000000008000ff6e (0xfcf76de3)
core   0: 0x000000008000ff48 (0xfe043783) ld      a5, -32(s0)
core   0: 3 0x000000008000ff48 (0xfe043783) x15 0x0000000080012093 mem 0x0000000080031f50
core   0: 0x000000008000ff4c (0x00178713) addi    a4, a5, 1
core   0: 3 0x000000008000ff4c (0x00178713) x14 0x0000000080012094
core   0: 0x000000008000ff50 (0xfee43023) sd      a4, -32(s0)
core   0: 3 0x000000008000ff50 (0xfee43023) mem 0x0000000080031f50 0x0000000080012094
core   0: 0x000000008000ff54 (0xfc442703) lw      a4, -60(s0)
core   0: 3 0x000000008000ff54 (0xfc442703) x14 0x0000000000000000 mem 0x0000000080031f34
core   0: 0x000000008000ff58 (0x0ff77713) andi    a4, a4, 255
core   0: 3 0x000000008000ff58 (0x0ff77713) x14 0x0000000000000000
core   0: 0x000000008000ff5c (0x00e78023) sb      a4, 0(a5)
core   0: 3 0x000000008000ff5c (0x00e78023) mem 0x0000000080012093 0x00
core   0: 0x000000008000ff60 (0xfc843703) ld      a4, -56(s0)
core   0: 3 0x000000008000ff60 (0xfc843703) x14 0x0000000080012040 mem 0x0000000080031f38
core   0: 0x000000008000ff64 (0xfb843783) ld      a5, -72(s0)
core   0: 3 0x000000008000ff64 (0xfb843783) x15 0x000000000000009c mem 0x0000000080031f28
core   0: 0x000000008000ff68 (0x000097ba) c.add   a5, a4
core   0: 3 0x000000008000ff68 (0x97ba) x15 0x00000000800120dc
core   0: 0x000000008000ff6a (0xfe043703) ld      a4, -32(s0)
core   0: 3 0x000000008000ff6a (0xfe043703) x14 0x0000000080012094 mem 0x0000000080031f50
core   0: 0x000000008000ff6e (0xfcf76de3) bltu    a4, a5, pc - 38
core   0: 3 0x000000008000ff6e (0xfcf76de3)
core   0: 0x000000008000ff48 (0xfe043783) ld      a5, -32(s0)
core   0: 3 0x000000008000ff48 (0xfe043783) x15 0x0000000080012094 mem 0x0000000080031f50
core   0: 0x000000008000ff4c (0x00178713) addi    a4, a5, 1
core   0: 3 0x000000008000ff4c (0x00178713) x14 0x0000000080012095
core   0: 0x000000008000ff50 (0xfee43023) sd      a4, -32(s0)
core   0: 3 0x000000008000ff50 (0xfee43023) mem 0x0000000080031f50 0x0000000080012095
core   0: 0x000000008000ff54 (0xfc442703) lw      a4, -60(s0)
core   0: 3 0x000000008000ff54 (0xfc442703) x14 0x0000000000000000 mem 0x0000000080031f34
core   0: 0x000000008000ff58 (0x0ff77713) andi    a4, a4, 255
core   0: 3 0x000000008000ff58 (0x0ff77713) x14 0x0000000000000000
core   0: 0x000000008000ff5c (0x00e78023) sb      a4, 0(a5)
core   0: 3 0x000000008000ff5c (0x00e78023) mem 0x0000000080012094 0x00
core   0: 0x000000008000ff60 (0xfc843703) ld      a4, -56(s0)
core   0: 3 0x000000008000ff60 (0xfc843703) x14 0x0000000080012040 mem 0x0000000080031f38
core   0: 0x000000008000ff64 (0xfb843783) ld      a5, -72(s0)
core   0: 3 0x000000008000ff64 (0xfb843783) x15 0x000000000000009c mem 0x0000000080031f28
core   0: 0x000000008000ff68 (0x000097ba) c.add   a5, a4
core   0: 3 0x000000008000ff68 (0x97ba) x15 0x00000000800120dc
core   0: 0x000000008000ff6a (0xfe043703) ld      a4, -32(s0)
core   0: 3 0x000000008000ff6a (0xfe043703) x14 0x0000000080012095 mem 0x0000000080031f50
core   0: 0x000000008000ff6e (0xfcf76de3) bltu    a4, a5, pc - 38
core   0: 3 0x000000008000ff6e (0xfcf76de3)
core   0: 0x000000008000ff48 (0xfe043783) ld      a5, -32(s0)
core   0: 3 0x000000008000ff48 (0xfe043783) x15 0x0000000080012095 mem 0x0000000080031f50
core   0: 0x000000008000ff4c (0x00178713) addi    a4, a5, 1
core   0: 3 0x000000008000ff4c (0x00178713) x14 0x0000000080012096
core   0: 0x000000008000ff50 (0xfee43023) sd      a4, -32(s0)
core   0: 3 0x000000008000ff50 (0xfee43023) mem 0x0000000080031f50 0x0000000080012096
core   0: 0x000000008000ff54 (0xfc442703) lw      a4, -60(s0)
core   0: 3 0x000000008000ff54 (0xfc442703) x14 0x0000000000000000 mem 0x0000000080031f34
core   0: 0x000000008000ff58 (0x0ff77713) andi    a4, a4, 255
core   0: 3 0x000000008000ff58 (0x0ff77713) x14 0x0000000000000000
core   0: 0x000000008000ff5c (0x00e78023) sb      a4, 0(a5)
core   0: 3 0x000000008000ff5c (0x00e78023) mem 0x0000000080012095 0x00
core   0: 0x000000008000ff60 (0xfc843703) ld      a4, -56(s0)
core   0: 3 0x000000008000ff60 (0xfc843703) x14 0x0000000080012040 mem 0x0000000080031f38
core   0: 0x000000008000ff64 (0xfb843783) ld      a5, -72(s0)
core   0: 3 0x000000008000ff64 (0xfb843783) x15 0x000000000000009c mem 0x0000000080031f28
core   0: 0x000000008000ff68 (0x000097ba) c.add   a5, a4
core   0: 3 0x000000008000ff68 (0x97ba) x15 0x00000000800120dc
core   0: 0x000000008000ff6a (0xfe043703) ld      a4, -32(s0)
core   0: 3 0x000000008000ff6a (0xfe043703) x14 0x0000000080012096 mem 0x0000000080031f50
core   0: 0x000000008000ff6e (0xfcf76de3) bltu    a4, a5, pc - 38
core   0: 3 0x000000008000ff6e (0xfcf76de3)
core   0: 0x000000008000ff48 (0xfe043783) ld      a5, -32(s0)
core   0: 3 0x000000008000ff48 (0xfe043783) x15 0x0000000080012096 mem 0x0000000080031f50
core   0: 0x000000008000ff4c (0x00178713) addi    a4, a5, 1
core   0: 3 0x000000008000ff4c (0x00178713) x14 0x0000000080012097
core   0: 0x000000008000ff50 (0xfee43023) sd      a4, -32(s0)
core   0: 3 0x000000008000ff50 (0xfee43023) mem 0x0000000080031f50 0x0000000080012097
core   0: 0x000000008000ff54 (0xfc442703) lw      a4, -60(s0)
core   0: 3 0x000000008000ff54 (0xfc442703) x14 0x0000000000000000 mem 0x0000000080031f34
core   0: 0x000000008000ff58 (0x0ff77713) andi    a4, a4, 255
core   0: 3 0x000000008000ff58 (0x0ff77713) x14 0x0000000000000000
core   0: 0x000000008000ff5c (0x00e78023) sb      a4, 0(a5)
core   0: 3 0x000000008000ff5c (0x00e78023) mem 0x0000000080012096 0x00
core   0: 0x000000008000ff60 (0xfc843703) ld      a4, -56(s0)
core   0: 3 0x000000008000ff60 (0xfc843703) x14 0x0000000080012040 mem 0x0000000080031f38
core   0: 0x000000008000ff64 (0xfb843783) ld      a5, -72(s0)
core   0: 3 0x000000008000ff64 (0xfb843783) x15 0x000000000000009c mem 0x0000000080031f28
core   0: 0x000000008000ff68 (0x000097ba) c.add   a5, a4
core   0: 3 0x000000008000ff68 (0x97ba) x15 0x00000000800120dc
core   0: 0x000000008000ff6a (0xfe043703) ld      a4, -32(s0)
core   0: 3 0x000000008000ff6a (0xfe043703) x14 0x0000000080012097 mem 0x0000000080031f50
core   0: 0x000000008000ff6e (0xfcf76de3) bltu    a4, a5, pc - 38
core   0: 3 0x000000008000ff6e (0xfcf76de3)
core   0: 0x000000008000ff48 (0xfe043783) ld      a5, -32(s0)
core   0: 3 0x000000008000ff48 (0xfe043783) x15 0x0000000080012097 mem 0x0000000080031f50
core   0: 0x000000008000ff4c (0x00178713) addi    a4, a5, 1
core   0: 3 0x000000008000ff4c (0x00178713) x14 0x0000000080012098
core   0: 0x000000008000ff50 (0xfee43023) sd      a4, -32(s0)
core   0: 3 0x000000008000ff50 (0xfee43023) mem 0x0000000080031f50 0x0000000080012098
core   0: 0x000000008000ff54 (0xfc442703) lw      a4, -60(s0)
core   0: 3 0x000000008000ff54 (0xfc442703) x14 0x0000000000000000 mem 0x0000000080031f34
core   0: 0x000000008000ff58 (0x0ff77713) andi    a4, a4, 255
core   0: 3 0x000000008000ff58 (0x0ff77713) x14 0x0000000000000000
core   0: 0x000000008000ff5c (0x00e78023) sb      a4, 0(a5)
core   0: 3 0x000000008000ff5c (0x00e78023) mem 0x0000000080012097 0x00
core   0: 0x000000008000ff60 (0xfc843703) ld      a4, -56(s0)
core   0: 3 0x000000008000ff60 (0xfc843703) x14 0x0000000080012040 mem 0x0000000080031f38
core   0: 0x000000008000ff64 (0xfb843783) ld      a5, -72(s0)
core   0: 3 0x000000008000ff64 (0xfb843783) x15 0x000000000000009c mem 0x0000000080031f28
core   0: 0x000000008000ff68 (0x000097ba) c.add   a5, a4
core   0: 3 0x000000008000ff68 (0x97ba) x15 0x00000000800120dc
core   0: 0x000000008000ff6a (0xfe043703) ld      a4, -32(s0)
core   0: 3 0x000000008000ff6a (0xfe043703) x14 0x0000000080012098 mem 0x0000000080031f50
core   0: 0x000000008000ff6e (0xfcf76de3) bltu    a4, a5, pc - 38
core   0: 3 0x000000008000ff6e (0xfcf76de3)
core   0: 0x000000008000ff48 (0xfe043783) ld      a5, -32(s0)
core   0: 3 0x000000008000ff48 (0xfe043783) x15 0x0000000080012098 mem 0x0000000080031f50
core   0: 0x000000008000ff4c (0x00178713) addi    a4, a5, 1
core   0: 3 0x000000008000ff4c (0x00178713) x14 0x0000000080012099
core   0: 0x000000008000ff50 (0xfee43023) sd      a4, -32(s0)
core   0: 3 0x000000008000ff50 (0xfee43023) mem 0x0000000080031f50 0x0000000080012099
core   0: 0x000000008000ff54 (0xfc442703) lw      a4, -60(s0)
core   0: 3 0x000000008000ff54 (0xfc442703) x14 0x0000000000000000 mem 0x0000000080031f34
core   0: 0x000000008000ff58 (0x0ff77713) andi    a4, a4, 255
core   0: 3 0x000000008000ff58 (0x0ff77713) x14 0x0000000000000000
core   0: 0x000000008000ff5c (0x00e78023) sb      a4, 0(a5)
core   0: 3 0x000000008000ff5c (0x00e78023) mem 0x0000000080012098 0x00
core   0: 0x000000008000ff60 (0xfc843703) ld      a4, -56(s0)
core   0: 3 0x000000008000ff60 (0xfc843703) x14 0x0000000080012040 mem 0x0000000080031f38
core   0: 0x000000008000ff64 (0xfb843783) ld      a5, -72(s0)
core   0: 3 0x000000008000ff64 (0xfb843783) x15 0x000000000000009c mem 0x0000000080031f28
core   0: 0x000000008000ff68 (0x000097ba) c.add   a5, a4
core   0: 3 0x000000008000ff68 (0x97ba) x15 0x00000000800120dc
core   0: 0x000000008000ff6a (0xfe043703) ld      a4, -32(s0)
core   0: 3 0x000000008000ff6a (0xfe043703) x14 0x0000000080012099 mem 0x0000000080031f50
core   0: 0x000000008000ff6e (0xfcf76de3) bltu    a4, a5, pc - 38
core   0: 3 0x000000008000ff6e (0xfcf76de3)
core   0: 0x000000008000ff48 (0xfe043783) ld      a5, -32(s0)
core   0: 3 0x000000008000ff48 (0xfe043783) x15 0x0000000080012099 mem 0x0000000080031f50
core   0: 0x000000008000ff4c (0x00178713) addi    a4, a5, 1
core   0: 3 0x000000008000ff4c (0x00178713) x14 0x000000008001209a
core   0: 0x000000008000ff50 (0xfee43023) sd      a4, -32(s0)
core   0: 3 0x000000008000ff50 (0xfee43023) mem 0x0000000080031f50 0x000000008001209a
core   0: 0x000000008000ff54 (0xfc442703) lw      a4, -60(s0)
core   0: 3 0x000000008000ff54 (0xfc442703) x14 0x0000000000000000 mem 0x0000000080031f34
core   0: 0x000000008000ff58 (0x0ff77713) andi    a4, a4, 255
core   0: 3 0x000000008000ff58 (0x0ff77713) x14 0x0000000000000000
core   0: 0x000000008000ff5c (0x00e78023) sb      a4, 0(a5)
core   0: 3 0x000000008000ff5c (0x00e78023) mem 0x0000000080012099 0x00
core   0: 0x000000008000ff60 (0xfc843703) ld      a4, -56(s0)
core   0: 3 0x000000008000ff60 (0xfc843703) x14 0x0000000080012040 mem 0x0000000080031f38
core   0: 0x000000008000ff64 (0xfb843783) ld      a5, -72(s0)
core   0: 3 0x000000008000ff64 (0xfb843783) x15 0x000000000000009c mem 0x0000000080031f28
core   0: 0x000000008000ff68 (0x000097ba) c.add   a5, a4
core   0: 3 0x000000008000ff68 (0x97ba) x15 0x00000000800120dc
core   0: 0x000000008000ff6a (0xfe043703) ld      a4, -32(s0)
core   0: 3 0x000000008000ff6a (0xfe043703) x14 0x000000008001209a mem 0x0000000080031f50
core   0: 0x000000008000ff6e (0xfcf76de3) bltu    a4, a5, pc - 38
core   0: 3 0x000000008000ff6e (0xfcf76de3)
core   0: 0x000000008000ff48 (0xfe043783) ld      a5, -32(s0)
core   0: 3 0x000000008000ff48 (0xfe043783) x15 0x000000008001209a mem 0x0000000080031f50
core   0: 0x000000008000ff4c (0x00178713) addi    a4, a5, 1
core   0: 3 0x000000008000ff4c (0x00178713) x14 0x000000008001209b
core   0: 0x000000008000ff50 (0xfee43023) sd      a4, -32(s0)
core   0: 3 0x000000008000ff50 (0xfee43023) mem 0x0000000080031f50 0x000000008001209b
core   0: 0x000000008000ff54 (0xfc442703) lw      a4, -60(s0)
core   0: 3 0x000000008000ff54 (0xfc442703) x14 0x0000000000000000 mem 0x0000000080031f34
core   0: 0x000000008000ff58 (0x0ff77713) andi    a4, a4, 255
core   0: 3 0x000000008000ff58 (0x0ff77713) x14 0x0000000000000000
core   0: 0x000000008000ff5c (0x00e78023) sb      a4, 0(a5)
core   0: 3 0x000000008000ff5c (0x00e78023) mem 0x000000008001209a 0x00
core   0: 0x000000008000ff60 (0xfc843703) ld      a4, -56(s0)
core   0: 3 0x000000008000ff60 (0xfc843703) x14 0x0000000080012040 mem 0x0000000080031f38
core   0: 0x000000008000ff64 (0xfb843783) ld      a5, -72(s0)
core   0: 3 0x000000008000ff64 (0xfb843783) x15 0x000000000000009c mem 0x0000000080031f28
core   0: 0x000000008000ff68 (0x000097ba) c.add   a5, a4
core   0: 3 0x000000008000ff68 (0x97ba) x15 0x00000000800120dc
core   0: 0x000000008000ff6a (0xfe043703) ld      a4, -32(s0)
core   0: 3 0x000000008000ff6a (0xfe043703) x14 0x000000008001209b mem 0x0000000080031f50
core   0: 0x000000008000ff6e (0xfcf76de3) bltu    a4, a5, pc - 38
core   0: 3 0x000000008000ff6e (0xfcf76de3)
core   0: 0x000000008000ff48 (0xfe043783) ld      a5, -32(s0)
core   0: 3 0x000000008000ff48 (0xfe043783) x15 0x000000008001209b mem 0x0000000080031f50
core   0: 0x000000008000ff4c (0x00178713) addi    a4, a5, 1
core   0: 3 0x000000008000ff4c (0x00178713) x14 0x000000008001209c
core   0: 0x000000008000ff50 (0xfee43023) sd      a4, -32(s0)
core   0: 3 0x000000008000ff50 (0xfee43023) mem 0x0000000080031f50 0x000000008001209c
core   0: 0x000000008000ff54 (0xfc442703) lw      a4, -60(s0)
core   0: 3 0x000000008000ff54 (0xfc442703) x14 0x0000000000000000 mem 0x0000000080031f34
core   0: 0x000000008000ff58 (0x0ff77713) andi    a4, a4, 255
core   0: 3 0x000000008000ff58 (0x0ff77713) x14 0x0000000000000000
core   0: 0x000000008000ff5c (0x00e78023) sb      a4, 0(a5)
core   0: 3 0x000000008000ff5c (0x00e78023) mem 0x000000008001209b 0x00
core   0: 0x000000008000ff60 (0xfc843703) ld      a4, -56(s0)
core   0: 3 0x000000008000ff60 (0xfc843703) x14 0x0000000080012040 mem 0x0000000080031f38
core   0: 0x000000008000ff64 (0xfb843783) ld      a5, -72(s0)
core   0: 3 0x000000008000ff64 (0xfb843783) x15 0x000000000000009c mem 0x0000000080031f28
core   0: 0x000000008000ff68 (0x000097ba) c.add   a5, a4
core   0: 3 0x000000008000ff68 (0x97ba) x15 0x00000000800120dc
core   0: 0x000000008000ff6a (0xfe043703) ld      a4, -32(s0)
core   0: 3 0x000000008000ff6a (0xfe043703) x14 0x000000008001209c mem 0x0000000080031f50
core   0: 0x000000008000ff6e (0xfcf76de3) bltu    a4, a5, pc - 38
core   0: 3 0x000000008000ff6e (0xfcf76de3)
core   0: 0x000000008000ff48 (0xfe043783) ld      a5, -32(s0)
core   0: 3 0x000000008000ff48 (0xfe043783) x15 0x000000008001209c mem 0x0000000080031f50
core   0: 0x000000008000ff4c (0x00178713) addi    a4, a5, 1
core   0: 3 0x000000008000ff4c (0x00178713) x14 0x000000008001209d
core   0: 0x000000008000ff50 (0xfee43023) sd      a4, -32(s0)
core   0: 3 0x000000008000ff50 (0xfee43023) mem 0x0000000080031f50 0x000000008001209d
core   0: 0x000000008000ff54 (0xfc442703) lw      a4, -60(s0)
core   0: 3 0x000000008000ff54 (0xfc442703) x14 0x0000000000000000 mem 0x0000000080031f34
core   0: 0x000000008000ff58 (0x0ff77713) andi    a4, a4, 255
core   0: 3 0x000000008000ff58 (0x0ff77713) x14 0x0000000000000000
core   0: 0x000000008000ff5c (0x00e78023) sb      a4, 0(a5)
core   0: 3 0x000000008000ff5c (0x00e78023) mem 0x000000008001209c 0x00
core   0: 0x000000008000ff60 (0xfc843703) ld      a4, -56(s0)
core   0: 3 0x000000008000ff60 (0xfc843703) x14 0x0000000080012040 mem 0x0000000080031f38
core   0: 0x000000008000ff64 (0xfb843783) ld      a5, -72(s0)
core   0: 3 0x000000008000ff64 (0xfb843783) x15 0x000000000000009c mem 0x0000000080031f28
core   0: 0x000000008000ff68 (0x000097ba) c.add   a5, a4
core   0: 3 0x000000008000ff68 (0x97ba) x15 0x00000000800120dc
core   0: 0x000000008000ff6a (0xfe043703) ld      a4, -32(s0)
core   0: 3 0x000000008000ff6a (0xfe043703) x14 0x000000008001209d mem 0x0000000080031f50
core   0: 0x000000008000ff6e (0xfcf76de3) bltu    a4, a5, pc - 38
core   0: 3 0x000000008000ff6e (0xfcf76de3)
core   0: 0x000000008000ff48 (0xfe043783) ld      a5, -32(s0)
core   0: 3 0x000000008000ff48 (0xfe043783) x15 0x000000008001209d mem 0x0000000080031f50
core   0: 0x000000008000ff4c (0x00178713) addi    a4, a5, 1
core   0: 3 0x000000008000ff4c (0x00178713) x14 0x000000008001209e
core   0: 0x000000008000ff50 (0xfee43023) sd      a4, -32(s0)
core   0: 3 0x000000008000ff50 (0xfee43023) mem 0x0000000080031f50 0x000000008001209e
core   0: 0x000000008000ff54 (0xfc442703) lw      a4, -60(s0)
core   0: 3 0x000000008000ff54 (0xfc442703) x14 0x0000000000000000 mem 0x0000000080031f34
core   0: 0x000000008000ff58 (0x0ff77713) andi    a4, a4, 255
core   0: 3 0x000000008000ff58 (0x0ff77713) x14 0x0000000000000000
core   0: 0x000000008000ff5c (0x00e78023) sb      a4, 0(a5)
core   0: 3 0x000000008000ff5c (0x00e78023) mem 0x000000008001209d 0x00
core   0: 0x000000008000ff60 (0xfc843703) ld      a4, -56(s0)
core   0: 3 0x000000008000ff60 (0xfc843703) x14 0x0000000080012040 mem 0x0000000080031f38
core   0: 0x000000008000ff64 (0xfb843783) ld      a5, -72(s0)
core   0: 3 0x000000008000ff64 (0xfb843783) x15 0x000000000000009c mem 0x0000000080031f28
core   0: 0x000000008000ff68 (0x000097ba) c.add   a5, a4
core   0: 3 0x000000008000ff68 (0x97ba) x15 0x00000000800120dc
core   0: 0x000000008000ff6a (0xfe043703) ld      a4, -32(s0)
core   0: 3 0x000000008000ff6a (0xfe043703) x14 0x000000008001209e mem 0x0000000080031f50
core   0: 0x000000008000ff6e (0xfcf76de3) bltu    a4, a5, pc - 38
core   0: 3 0x000000008000ff6e (0xfcf76de3)
core   0: 0x000000008000ff48 (0xfe043783) ld      a5, -32(s0)
core   0: 3 0x000000008000ff48 (0xfe043783) x15 0x000000008001209e mem 0x0000000080031f50
core   0: 0x000000008000ff4c (0x00178713) addi    a4, a5, 1
core   0: 3 0x000000008000ff4c (0x00178713) x14 0x000000008001209f
core   0: 0x000000008000ff50 (0xfee43023) sd      a4, -32(s0)
core   0: 3 0x000000008000ff50 (0xfee43023) mem 0x0000000080031f50 0x000000008001209f
core   0: 0x000000008000ff54 (0xfc442703) lw      a4, -60(s0)
core   0: 3 0x000000008000ff54 (0xfc442703) x14 0x0000000000000000 mem 0x0000000080031f34
core   0: 0x000000008000ff58 (0x0ff77713) andi    a4, a4, 255
core   0: 3 0x000000008000ff58 (0x0ff77713) x14 0x0000000000000000
core   0: 0x000000008000ff5c (0x00e78023) sb      a4, 0(a5)
core   0: 3 0x000000008000ff5c (0x00e78023) mem 0x000000008001209e 0x00
core   0: 0x000000008000ff60 (0xfc843703) ld      a4, -56(s0)
core   0: 3 0x000000008000ff60 (0xfc843703) x14 0x0000000080012040 mem 0x0000000080031f38
core   0: 0x000000008000ff64 (0xfb843783) ld      a5, -72(s0)
core   0: 3 0x000000008000ff64 (0xfb843783) x15 0x000000000000009c mem 0x0000000080031f28
core   0: 0x000000008000ff68 (0x000097ba) c.add   a5, a4
core   0: 3 0x000000008000ff68 (0x97ba) x15 0x00000000800120dc
core   0: 0x000000008000ff6a (0xfe043703) ld      a4, -32(s0)
core   0: 3 0x000000008000ff6a (0xfe043703) x14 0x000000008001209f mem 0x0000000080031f50
core   0: 0x000000008000ff6e (0xfcf76de3) bltu    a4, a5, pc - 38
core   0: 3 0x000000008000ff6e (0xfcf76de3)
core   0: 0x000000008000ff48 (0xfe043783) ld      a5, -32(s0)
core   0: 3 0x000000008000ff48 (0xfe043783) x15 0x000000008001209f mem 0x0000000080031f50
core   0: 0x000000008000ff4c (0x00178713) addi    a4, a5, 1
core   0: 3 0x000000008000ff4c (0x00178713) x14 0x00000000800120a0
core   0: 0x000000008000ff50 (0xfee43023) sd      a4, -32(s0)
core   0: 3 0x000000008000ff50 (0xfee43023) mem 0x0000000080031f50 0x00000000800120a0
core   0: 0x000000008000ff54 (0xfc442703) lw      a4, -60(s0)
core   0: 3 0x000000008000ff54 (0xfc442703) x14 0x0000000000000000 mem 0x0000000080031f34
core   0: 0x000000008000ff58 (0x0ff77713) andi    a4, a4, 255
core   0: 3 0x000000008000ff58 (0x0ff77713) x14 0x0000000000000000
core   0: 0x000000008000ff5c (0x00e78023) sb      a4, 0(a5)
core   0: 3 0x000000008000ff5c (0x00e78023) mem 0x000000008001209f 0x00
core   0: 0x000000008000ff60 (0xfc843703) ld      a4, -56(s0)
core   0: 3 0x000000008000ff60 (0xfc843703) x14 0x0000000080012040 mem 0x0000000080031f38
core   0: 0x000000008000ff64 (0xfb843783) ld      a5, -72(s0)
core   0: 3 0x000000008000ff64 (0xfb843783) x15 0x000000000000009c mem 0x0000000080031f28
core   0: 0x000000008000ff68 (0x000097ba) c.add   a5, a4
core   0: 3 0x000000008000ff68 (0x97ba) x15 0x00000000800120dc
core   0: 0x000000008000ff6a (0xfe043703) ld      a4, -32(s0)
core   0: 3 0x000000008000ff6a (0xfe043703) x14 0x00000000800120a0 mem 0x0000000080031f50
core   0: 0x000000008000ff6e (0xfcf76de3) bltu    a4, a5, pc - 38
core   0: 3 0x000000008000ff6e (0xfcf76de3)
core   0: 0x000000008000ff48 (0xfe043783) ld      a5, -32(s0)
core   0: 3 0x000000008000ff48 (0xfe043783) x15 0x00000000800120a0 mem 0x0000000080031f50
core   0: 0x000000008000ff4c (0x00178713) addi    a4, a5, 1
core   0: 3 0x000000008000ff4c (0x00178713) x14 0x00000000800120a1
core   0: 0x000000008000ff50 (0xfee43023) sd      a4, -32(s0)
core   0: 3 0x000000008000ff50 (0xfee43023) mem 0x0000000080031f50 0x00000000800120a1
core   0: 0x000000008000ff54 (0xfc442703) lw      a4, -60(s0)
core   0: 3 0x000000008000ff54 (0xfc442703) x14 0x0000000000000000 mem 0x0000000080031f34
core   0: 0x000000008000ff58 (0x0ff77713) andi    a4, a4, 255
core   0: 3 0x000000008000ff58 (0x0ff77713) x14 0x0000000000000000
core   0: 0x000000008000ff5c (0x00e78023) sb      a4, 0(a5)
core   0: 3 0x000000008000ff5c (0x00e78023) mem 0x00000000800120a0 0x00
core   0: 0x000000008000ff60 (0xfc843703) ld      a4, -56(s0)
core   0: 3 0x000000008000ff60 (0xfc843703) x14 0x0000000080012040 mem 0x0000000080031f38
core   0: 0x000000008000ff64 (0xfb843783) ld      a5, -72(s0)
core   0: 3 0x000000008000ff64 (0xfb843783) x15 0x000000000000009c mem 0x0000000080031f28
core   0: 0x000000008000ff68 (0x000097ba) c.add   a5, a4
core   0: 3 0x000000008000ff68 (0x97ba) x15 0x00000000800120dc
core   0: 0x000000008000ff6a (0xfe043703) ld      a4, -32(s0)
core   0: 3 0x000000008000ff6a (0xfe043703) x14 0x00000000800120a1 mem 0x0000000080031f50
core   0: 0x000000008000ff6e (0xfcf76de3) bltu    a4, a5, pc - 38
core   0: 3 0x000000008000ff6e (0xfcf76de3)
core   0: 0x000000008000ff48 (0xfe043783) ld      a5, -32(s0)
core   0: 3 0x000000008000ff48 (0xfe043783) x15 0x00000000800120a1 mem 0x0000000080031f50
core   0: 0x000000008000ff4c (0x00178713) addi    a4, a5, 1
core   0: 3 0x000000008000ff4c (0x00178713) x14 0x00000000800120a2
core   0: 0x000000008000ff50 (0xfee43023) sd      a4, -32(s0)
core   0: 3 0x000000008000ff50 (0xfee43023) mem 0x0000000080031f50 0x00000000800120a2
core   0: 0x000000008000ff54 (0xfc442703) lw      a4, -60(s0)
core   0: 3 0x000000008000ff54 (0xfc442703) x14 0x0000000000000000 mem 0x0000000080031f34
core   0: 0x000000008000ff58 (0x0ff77713) andi    a4, a4, 255
core   0: 3 0x000000008000ff58 (0x0ff77713) x14 0x0000000000000000
core   0: 0x000000008000ff5c (0x00e78023) sb      a4, 0(a5)
core   0: 3 0x000000008000ff5c (0x00e78023) mem 0x00000000800120a1 0x00
core   0: 0x000000008000ff60 (0xfc843703) ld      a4, -56(s0)
core   0: 3 0x000000008000ff60 (0xfc843703) x14 0x0000000080012040 mem 0x0000000080031f38
core   0: 0x000000008000ff64 (0xfb843783) ld      a5, -72(s0)
core   0: 3 0x000000008000ff64 (0xfb843783) x15 0x000000000000009c mem 0x0000000080031f28
core   0: 0x000000008000ff68 (0x000097ba) c.add   a5, a4
core   0: 3 0x000000008000ff68 (0x97ba) x15 0x00000000800120dc
core   0: 0x000000008000ff6a (0xfe043703) ld      a4, -32(s0)
core   0: 3 0x000000008000ff6a (0xfe043703) x14 0x00000000800120a2 mem 0x0000000080031f50
core   0: 0x000000008000ff6e (0xfcf76de3) bltu    a4, a5, pc - 38
core   0: 3 0x000000008000ff6e (0xfcf76de3)
core   0: 0x000000008000ff48 (0xfe043783) ld      a5, -32(s0)
core   0: 3 0x000000008000ff48 (0xfe043783) x15 0x00000000800120a2 mem 0x0000000080031f50
core   0: 0x000000008000ff4c (0x00178713) addi    a4, a5, 1
core   0: 3 0x000000008000ff4c (0x00178713) x14 0x00000000800120a3
core   0: 0x000000008000ff50 (0xfee43023) sd      a4, -32(s0)
core   0: 3 0x000000008000ff50 (0xfee43023) mem 0x0000000080031f50 0x00000000800120a3
core   0: 0x000000008000ff54 (0xfc442703) lw      a4, -60(s0)
core   0: 3 0x000000008000ff54 (0xfc442703) x14 0x0000000000000000 mem 0x0000000080031f34
core   0: 0x000000008000ff58 (0x0ff77713) andi    a4, a4, 255
core   0: 3 0x000000008000ff58 (0x0ff77713) x14 0x0000000000000000
core   0: 0x000000008000ff5c (0x00e78023) sb      a4, 0(a5)
core   0: 3 0x000000008000ff5c (0x00e78023) mem 0x00000000800120a2 0x00
core   0: 0x000000008000ff60 (0xfc843703) ld      a4, -56(s0)
core   0: 3 0x000000008000ff60 (0xfc843703) x14 0x0000000080012040 mem 0x0000000080031f38
core   0: 0x000000008000ff64 (0xfb843783) ld      a5, -72(s0)
core   0: 3 0x000000008000ff64 (0xfb843783) x15 0x000000000000009c mem 0x0000000080031f28
core   0: 0x000000008000ff68 (0x000097ba) c.add   a5, a4
core   0: 3 0x000000008000ff68 (0x97ba) x15 0x00000000800120dc
core   0: 0x000000008000ff6a (0xfe043703) ld      a4, -32(s0)
core   0: 3 0x000000008000ff6a (0xfe043703) x14 0x00000000800120a3 mem 0x0000000080031f50
core   0: 0x000000008000ff6e (0xfcf76de3) bltu    a4, a5, pc - 38
core   0: 3 0x000000008000ff6e (0xfcf76de3)
core   0: 0x000000008000ff48 (0xfe043783) ld      a5, -32(s0)
core   0: 3 0x000000008000ff48 (0xfe043783) x15 0x00000000800120a3 mem 0x0000000080031f50
core   0: 0x000000008000ff4c (0x00178713) addi    a4, a5, 1
core   0: 3 0x000000008000ff4c (0x00178713) x14 0x00000000800120a4
core   0: 0x000000008000ff50 (0xfee43023) sd      a4, -32(s0)
core   0: 3 0x000000008000ff50 (0xfee43023) mem 0x0000000080031f50 0x00000000800120a4
core   0: 0x000000008000ff54 (0xfc442703) lw      a4, -60(s0)
core   0: 3 0x000000008000ff54 (0xfc442703) x14 0x0000000000000000 mem 0x0000000080031f34
core   0: 0x000000008000ff58 (0x0ff77713) andi    a4, a4, 255
core   0: 3 0x000000008000ff58 (0x0ff77713) x14 0x0000000000000000
core   0: 0x000000008000ff5c (0x00e78023) sb      a4, 0(a5)
core   0: 3 0x000000008000ff5c (0x00e78023) mem 0x00000000800120a3 0x00
core   0: 0x000000008000ff60 (0xfc843703) ld      a4, -56(s0)
core   0: 3 0x000000008000ff60 (0xfc843703) x14 0x0000000080012040 mem 0x0000000080031f38
core   0: 0x000000008000ff64 (0xfb843783) ld      a5, -72(s0)
core   0: 3 0x000000008000ff64 (0xfb843783) x15 0x000000000000009c mem 0x0000000080031f28
core   0: 0x000000008000ff68 (0x000097ba) c.add   a5, a4
core   0: 3 0x000000008000ff68 (0x97ba) x15 0x00000000800120dc
core   0: 0x000000008000ff6a (0xfe043703) ld      a4, -32(s0)
core   0: 3 0x000000008000ff6a (0xfe043703) x14 0x00000000800120a4 mem 0x0000000080031f50
core   0: 0x000000008000ff6e (0xfcf76de3) bltu    a4, a5, pc - 38
core   0: 3 0x000000008000ff6e (0xfcf76de3)
core   0: 0x000000008000ff48 (0xfe043783) ld      a5, -32(s0)
core   0: 3 0x000000008000ff48 (0xfe043783) x15 0x00000000800120a4 mem 0x0000000080031f50
core   0: 0x000000008000ff4c (0x00178713) addi    a4, a5, 1
core   0: 3 0x000000008000ff4c (0x00178713) x14 0x00000000800120a5
core   0: 0x000000008000ff50 (0xfee43023) sd      a4, -32(s0)
core   0: 3 0x000000008000ff50 (0xfee43023) mem 0x0000000080031f50 0x00000000800120a5
core   0: 0x000000008000ff54 (0xfc442703) lw      a4, -60(s0)
core   0: 3 0x000000008000ff54 (0xfc442703) x14 0x0000000000000000 mem 0x0000000080031f34
core   0: 0x000000008000ff58 (0x0ff77713) andi    a4, a4, 255
core   0: 3 0x000000008000ff58 (0x0ff77713) x14 0x0000000000000000
core   0: 0x000000008000ff5c (0x00e78023) sb      a4, 0(a5)
core   0: 3 0x000000008000ff5c (0x00e78023) mem 0x00000000800120a4 0x00
core   0: 0x000000008000ff60 (0xfc843703) ld      a4, -56(s0)
core   0: 3 0x000000008000ff60 (0xfc843703) x14 0x0000000080012040 mem 0x0000000080031f38
core   0: 0x000000008000ff64 (0xfb843783) ld      a5, -72(s0)
core   0: 3 0x000000008000ff64 (0xfb843783) x15 0x000000000000009c mem 0x0000000080031f28
core   0: 0x000000008000ff68 (0x000097ba) c.add   a5, a4
core   0: 3 0x000000008000ff68 (0x97ba) x15 0x00000000800120dc
core   0: 0x000000008000ff6a (0xfe043703) ld      a4, -32(s0)
core   0: 3 0x000000008000ff6a (0xfe043703) x14 0x00000000800120a5 mem 0x0000000080031f50
core   0: 0x000000008000ff6e (0xfcf76de3) bltu    a4, a5, pc - 38
core   0: 3 0x000000008000ff6e (0xfcf76de3)
core   0: 0x000000008000ff48 (0xfe043783) ld      a5, -32(s0)
core   0: 3 0x000000008000ff48 (0xfe043783) x15 0x00000000800120a5 mem 0x0000000080031f50
core   0: 0x000000008000ff4c (0x00178713) addi    a4, a5, 1
core   0: 3 0x000000008000ff4c (0x00178713) x14 0x00000000800120a6
core   0: 0x000000008000ff50 (0xfee43023) sd      a4, -32(s0)
core   0: 3 0x000000008000ff50 (0xfee43023) mem 0x0000000080031f50 0x00000000800120a6
core   0: 0x000000008000ff54 (0xfc442703) lw      a4, -60(s0)
core   0: 3 0x000000008000ff54 (0xfc442703) x14 0x0000000000000000 mem 0x0000000080031f34
core   0: 0x000000008000ff58 (0x0ff77713) andi    a4, a4, 255
core   0: 3 0x000000008000ff58 (0x0ff77713) x14 0x0000000000000000
core   0: 0x000000008000ff5c (0x00e78023) sb      a4, 0(a5)
core   0: 3 0x000000008000ff5c (0x00e78023) mem 0x00000000800120a5 0x00
core   0: 0x000000008000ff60 (0xfc843703) ld      a4, -56(s0)
core   0: 3 0x000000008000ff60 (0xfc843703) x14 0x0000000080012040 mem 0x0000000080031f38
core   0: 0x000000008000ff64 (0xfb843783) ld      a5, -72(s0)
core   0: 3 0x000000008000ff64 (0xfb843783) x15 0x000000000000009c mem 0x0000000080031f28
core   0: 0x000000008000ff68 (0x000097ba) c.add   a5, a4
core   0: 3 0x000000008000ff68 (0x97ba) x15 0x00000000800120dc
core   0: 0x000000008000ff6a (0xfe043703) ld      a4, -32(s0)
core   0: 3 0x000000008000ff6a (0xfe043703) x14 0x00000000800120a6 mem 0x0000000080031f50
core   0: 0x000000008000ff6e (0xfcf76de3) bltu    a4, a5, pc - 38
core   0: 3 0x000000008000ff6e (0xfcf76de3)
core   0: 0x000000008000ff48 (0xfe043783) ld      a5, -32(s0)
core   0: 3 0x000000008000ff48 (0xfe043783) x15 0x00000000800120a6 mem 0x0000000080031f50
core   0: 0x000000008000ff4c (0x00178713) addi    a4, a5, 1
core   0: 3 0x000000008000ff4c (0x00178713) x14 0x00000000800120a7
core   0: 0x000000008000ff50 (0xfee43023) sd      a4, -32(s0)
core   0: 3 0x000000008000ff50 (0xfee43023) mem 0x0000000080031f50 0x00000000800120a7
core   0: 0x000000008000ff54 (0xfc442703) lw      a4, -60(s0)
core   0: 3 0x000000008000ff54 (0xfc442703) x14 0x0000000000000000 mem 0x0000000080031f34
core   0: 0x000000008000ff58 (0x0ff77713) andi    a4, a4, 255
core   0: 3 0x000000008000ff58 (0x0ff77713) x14 0x0000000000000000
core   0: 0x000000008000ff5c (0x00e78023) sb      a4, 0(a5)
core   0: 3 0x000000008000ff5c (0x00e78023) mem 0x00000000800120a6 0x00
core   0: 0x000000008000ff60 (0xfc843703) ld      a4, -56(s0)
core   0: 3 0x000000008000ff60 (0xfc843703) x14 0x0000000080012040 mem 0x0000000080031f38
core   0: 0x000000008000ff64 (0xfb843783) ld      a5, -72(s0)
core   0: 3 0x000000008000ff64 (0xfb843783) x15 0x000000000000009c mem 0x0000000080031f28
core   0: 0x000000008000ff68 (0x000097ba) c.add   a5, a4
core   0: 3 0x000000008000ff68 (0x97ba) x15 0x00000000800120dc
core   0: 0x000000008000ff6a (0xfe043703) ld      a4, -32(s0)
core   0: 3 0x000000008000ff6a (0xfe043703) x14 0x00000000800120a7 mem 0x0000000080031f50
core   0: 0x000000008000ff6e (0xfcf76de3) bltu    a4, a5, pc - 38
core   0: 3 0x000000008000ff6e (0xfcf76de3)
core   0: 0x000000008000ff48 (0xfe043783) ld      a5, -32(s0)
core   0: 3 0x000000008000ff48 (0xfe043783) x15 0x00000000800120a7 mem 0x0000000080031f50
core   0: 0x000000008000ff4c (0x00178713) addi    a4, a5, 1
core   0: 3 0x000000008000ff4c (0x00178713) x14 0x00000000800120a8
core   0: 0x000000008000ff50 (0xfee43023) sd      a4, -32(s0)
core   0: 3 0x000000008000ff50 (0xfee43023) mem 0x0000000080031f50 0x00000000800120a8
core   0: 0x000000008000ff54 (0xfc442703) lw      a4, -60(s0)
core   0: 3 0x000000008000ff54 (0xfc442703) x14 0x0000000000000000 mem 0x0000000080031f34
core   0: 0x000000008000ff58 (0x0ff77713) andi    a4, a4, 255
core   0: 3 0x000000008000ff58 (0x0ff77713) x14 0x0000000000000000
core   0: 0x000000008000ff5c (0x00e78023) sb      a4, 0(a5)
core   0: 3 0x000000008000ff5c (0x00e78023) mem 0x00000000800120a7 0x00
core   0: 0x000000008000ff60 (0xfc843703) ld      a4, -56(s0)
core   0: 3 0x000000008000ff60 (0xfc843703) x14 0x0000000080012040 mem 0x0000000080031f38
core   0: 0x000000008000ff64 (0xfb843783) ld      a5, -72(s0)
core   0: 3 0x000000008000ff64 (0xfb843783) x15 0x000000000000009c mem 0x0000000080031f28
core   0: 0x000000008000ff68 (0x000097ba) c.add   a5, a4
core   0: 3 0x000000008000ff68 (0x97ba) x15 0x00000000800120dc
core   0: 0x000000008000ff6a (0xfe043703) ld      a4, -32(s0)
core   0: 3 0x000000008000ff6a (0xfe043703) x14 0x00000000800120a8 mem 0x0000000080031f50
core   0: 0x000000008000ff6e (0xfcf76de3) bltu    a4, a5, pc - 38
core   0: 3 0x000000008000ff6e (0xfcf76de3)
core   0: 0x000000008000ff48 (0xfe043783) ld      a5, -32(s0)
core   0: 3 0x000000008000ff48 (0xfe043783) x15 0x00000000800120a8 mem 0x0000000080031f50
core   0: 0x000000008000ff4c (0x00178713) addi    a4, a5, 1
core   0: 3 0x000000008000ff4c (0x00178713) x14 0x00000000800120a9
core   0: 0x000000008000ff50 (0xfee43023) sd      a4, -32(s0)
core   0: 3 0x000000008000ff50 (0xfee43023) mem 0x0000000080031f50 0x00000000800120a9
core   0: 0x000000008000ff54 (0xfc442703) lw      a4, -60(s0)
core   0: 3 0x000000008000ff54 (0xfc442703) x14 0x0000000000000000 mem 0x0000000080031f34
core   0: 0x000000008000ff58 (0x0ff77713) andi    a4, a4, 255
core   0: 3 0x000000008000ff58 (0x0ff77713) x14 0x0000000000000000
core   0: 0x000000008000ff5c (0x00e78023) sb      a4, 0(a5)
core   0: 3 0x000000008000ff5c (0x00e78023) mem 0x00000000800120a8 0x00
core   0: 0x000000008000ff60 (0xfc843703) ld      a4, -56(s0)
core   0: 3 0x000000008000ff60 (0xfc843703) x14 0x0000000080012040 mem 0x0000000080031f38
core   0: 0x000000008000ff64 (0xfb843783) ld      a5, -72(s0)
core   0: 3 0x000000008000ff64 (0xfb843783) x15 0x000000000000009c mem 0x0000000080031f28
core   0: 0x000000008000ff68 (0x000097ba) c.add   a5, a4
core   0: 3 0x000000008000ff68 (0x97ba) x15 0x00000000800120dc
core   0: 0x000000008000ff6a (0xfe043703) ld      a4, -32(s0)
core   0: 3 0x000000008000ff6a (0xfe043703) x14 0x00000000800120a9 mem 0x0000000080031f50
core   0: 0x000000008000ff6e (0xfcf76de3) bltu    a4, a5, pc - 38
core   0: 3 0x000000008000ff6e (0xfcf76de3)
core   0: 0x000000008000ff48 (0xfe043783) ld      a5, -32(s0)
core   0: 3 0x000000008000ff48 (0xfe043783) x15 0x00000000800120a9 mem 0x0000000080031f50
core   0: 0x000000008000ff4c (0x00178713) addi    a4, a5, 1
core   0: 3 0x000000008000ff4c (0x00178713) x14 0x00000000800120aa
core   0: 0x000000008000ff50 (0xfee43023) sd      a4, -32(s0)
core   0: 3 0x000000008000ff50 (0xfee43023) mem 0x0000000080031f50 0x00000000800120aa
core   0: 0x000000008000ff54 (0xfc442703) lw      a4, -60(s0)
core   0: 3 0x000000008000ff54 (0xfc442703) x14 0x0000000000000000 mem 0x0000000080031f34
core   0: 0x000000008000ff58 (0x0ff77713) andi    a4, a4, 255
core   0: 3 0x000000008000ff58 (0x0ff77713) x14 0x0000000000000000
core   0: 0x000000008000ff5c (0x00e78023) sb      a4, 0(a5)
core   0: 3 0x000000008000ff5c (0x00e78023) mem 0x00000000800120a9 0x00
core   0: 0x000000008000ff60 (0xfc843703) ld      a4, -56(s0)
core   0: 3 0x000000008000ff60 (0xfc843703) x14 0x0000000080012040 mem 0x0000000080031f38
core   0: 0x000000008000ff64 (0xfb843783) ld      a5, -72(s0)
core   0: 3 0x000000008000ff64 (0xfb843783) x15 0x000000000000009c mem 0x0000000080031f28
core   0: 0x000000008000ff68 (0x000097ba) c.add   a5, a4
core   0: 3 0x000000008000ff68 (0x97ba) x15 0x00000000800120dc
core   0: 0x000000008000ff6a (0xfe043703) ld      a4, -32(s0)
core   0: 3 0x000000008000ff6a (0xfe043703) x14 0x00000000800120aa mem 0x0000000080031f50
core   0: 0x000000008000ff6e (0xfcf76de3) bltu    a4, a5, pc - 38
core   0: 3 0x000000008000ff6e (0xfcf76de3)
core   0: 0x000000008000ff48 (0xfe043783) ld      a5, -32(s0)
core   0: 3 0x000000008000ff48 (0xfe043783) x15 0x00000000800120aa mem 0x0000000080031f50
core   0: 0x000000008000ff4c (0x00178713) addi    a4, a5, 1
core   0: 3 0x000000008000ff4c (0x00178713) x14 0x00000000800120ab
core   0: 0x000000008000ff50 (0xfee43023) sd      a4, -32(s0)
core   0: 3 0x000000008000ff50 (0xfee43023) mem 0x0000000080031f50 0x00000000800120ab
core   0: 0x000000008000ff54 (0xfc442703) lw      a4, -60(s0)
core   0: 3 0x000000008000ff54 (0xfc442703) x14 0x0000000000000000 mem 0x0000000080031f34
core   0: 0x000000008000ff58 (0x0ff77713) andi    a4, a4, 255
core   0: 3 0x000000008000ff58 (0x0ff77713) x14 0x0000000000000000
core   0: 0x000000008000ff5c (0x00e78023) sb      a4, 0(a5)
core   0: 3 0x000000008000ff5c (0x00e78023) mem 0x00000000800120aa 0x00
core   0: 0x000000008000ff60 (0xfc843703) ld      a4, -56(s0)
core   0: 3 0x000000008000ff60 (0xfc843703) x14 0x0000000080012040 mem 0x0000000080031f38
core   0: 0x000000008000ff64 (0xfb843783) ld      a5, -72(s0)
core   0: 3 0x000000008000ff64 (0xfb843783) x15 0x000000000000009c mem 0x0000000080031f28
core   0: 0x000000008000ff68 (0x000097ba) c.add   a5, a4
core   0: 3 0x000000008000ff68 (0x97ba) x15 0x00000000800120dc
core   0: 0x000000008000ff6a (0xfe043703) ld      a4, -32(s0)
core   0: 3 0x000000008000ff6a (0xfe043703) x14 0x00000000800120ab mem 0x0000000080031f50
core   0: 0x000000008000ff6e (0xfcf76de3) bltu    a4, a5, pc - 38
core   0: 3 0x000000008000ff6e (0xfcf76de3)
core   0: 0x000000008000ff48 (0xfe043783) ld      a5, -32(s0)
core   0: 3 0x000000008000ff48 (0xfe043783) x15 0x00000000800120ab mem 0x0000000080031f50
core   0: 0x000000008000ff4c (0x00178713) addi    a4, a5, 1
core   0: 3 0x000000008000ff4c (0x00178713) x14 0x00000000800120ac
core   0: 0x000000008000ff50 (0xfee43023) sd      a4, -32(s0)
core   0: 3 0x000000008000ff50 (0xfee43023) mem 0x0000000080031f50 0x00000000800120ac
core   0: 0x000000008000ff54 (0xfc442703) lw      a4, -60(s0)
core   0: 3 0x000000008000ff54 (0xfc442703) x14 0x0000000000000000 mem 0x0000000080031f34
core   0: 0x000000008000ff58 (0x0ff77713) andi    a4, a4, 255
core   0: 3 0x000000008000ff58 (0x0ff77713) x14 0x0000000000000000
core   0: 0x000000008000ff5c (0x00e78023) sb      a4, 0(a5)
core   0: 3 0x000000008000ff5c (0x00e78023) mem 0x00000000800120ab 0x00
core   0: 0x000000008000ff60 (0xfc843703) ld      a4, -56(s0)
core   0: 3 0x000000008000ff60 (0xfc843703) x14 0x0000000080012040 mem 0x0000000080031f38
core   0: 0x000000008000ff64 (0xfb843783) ld      a5, -72(s0)
core   0: 3 0x000000008000ff64 (0xfb843783) x15 0x000000000000009c mem 0x0000000080031f28
core   0: 0x000000008000ff68 (0x000097ba) c.add   a5, a4
core   0: 3 0x000000008000ff68 (0x97ba) x15 0x00000000800120dc
core   0: 0x000000008000ff6a (0xfe043703) ld      a4, -32(s0)
core   0: 3 0x000000008000ff6a (0xfe043703) x14 0x00000000800120ac mem 0x0000000080031f50
core   0: 0x000000008000ff6e (0xfcf76de3) bltu    a4, a5, pc - 38
core   0: 3 0x000000008000ff6e (0xfcf76de3)
core   0: 0x000000008000ff48 (0xfe043783) ld      a5, -32(s0)
core   0: 3 0x000000008000ff48 (0xfe043783) x15 0x00000000800120ac mem 0x0000000080031f50
core   0: 0x000000008000ff4c (0x00178713) addi    a4, a5, 1
core   0: 3 0x000000008000ff4c (0x00178713) x14 0x00000000800120ad
core   0: 0x000000008000ff50 (0xfee43023) sd      a4, -32(s0)
core   0: 3 0x000000008000ff50 (0xfee43023) mem 0x0000000080031f50 0x00000000800120ad
core   0: 0x000000008000ff54 (0xfc442703) lw      a4, -60(s0)
core   0: 3 0x000000008000ff54 (0xfc442703) x14 0x0000000000000000 mem 0x0000000080031f34
core   0: 0x000000008000ff58 (0x0ff77713) andi    a4, a4, 255
core   0: 3 0x000000008000ff58 (0x0ff77713) x14 0x0000000000000000
core   0: 0x000000008000ff5c (0x00e78023) sb      a4, 0(a5)
core   0: 3 0x000000008000ff5c (0x00e78023) mem 0x00000000800120ac 0x00
core   0: 0x000000008000ff60 (0xfc843703) ld      a4, -56(s0)
core   0: 3 0x000000008000ff60 (0xfc843703) x14 0x0000000080012040 mem 0x0000000080031f38
core   0: 0x000000008000ff64 (0xfb843783) ld      a5, -72(s0)
core   0: 3 0x000000008000ff64 (0xfb843783) x15 0x000000000000009c mem 0x0000000080031f28
core   0: 0x000000008000ff68 (0x000097ba) c.add   a5, a4
core   0: 3 0x000000008000ff68 (0x97ba) x15 0x00000000800120dc
core   0: 0x000000008000ff6a (0xfe043703) ld      a4, -32(s0)
core   0: 3 0x000000008000ff6a (0xfe043703) x14 0x00000000800120ad mem 0x0000000080031f50
core   0: 0x000000008000ff6e (0xfcf76de3) bltu    a4, a5, pc - 38
core   0: 3 0x000000008000ff6e (0xfcf76de3)
core   0: 0x000000008000ff48 (0xfe043783) ld      a5, -32(s0)
core   0: 3 0x000000008000ff48 (0xfe043783) x15 0x00000000800120ad mem 0x0000000080031f50
core   0: 0x000000008000ff4c (0x00178713) addi    a4, a5, 1
core   0: 3 0x000000008000ff4c (0x00178713) x14 0x00000000800120ae
core   0: 0x000000008000ff50 (0xfee43023) sd      a4, -32(s0)
core   0: 3 0x000000008000ff50 (0xfee43023) mem 0x0000000080031f50 0x00000000800120ae
core   0: 0x000000008000ff54 (0xfc442703) lw      a4, -60(s0)
core   0: 3 0x000000008000ff54 (0xfc442703) x14 0x0000000000000000 mem 0x0000000080031f34
core   0: 0x000000008000ff58 (0x0ff77713) andi    a4, a4, 255
core   0: 3 0x000000008000ff58 (0x0ff77713) x14 0x0000000000000000
core   0: 0x000000008000ff5c (0x00e78023) sb      a4, 0(a5)
core   0: 3 0x000000008000ff5c (0x00e78023) mem 0x00000000800120ad 0x00
core   0: 0x000000008000ff60 (0xfc843703) ld      a4, -56(s0)
core   0: 3 0x000000008000ff60 (0xfc843703) x14 0x0000000080012040 mem 0x0000000080031f38
core   0: 0x000000008000ff64 (0xfb843783) ld      a5, -72(s0)
core   0: 3 0x000000008000ff64 (0xfb843783) x15 0x000000000000009c mem 0x0000000080031f28
core   0: 0x000000008000ff68 (0x000097ba) c.add   a5, a4
core   0: 3 0x000000008000ff68 (0x97ba) x15 0x00000000800120dc
core   0: 0x000000008000ff6a (0xfe043703) ld      a4, -32(s0)
core   0: 3 0x000000008000ff6a (0xfe043703) x14 0x00000000800120ae mem 0x0000000080031f50
core   0: 0x000000008000ff6e (0xfcf76de3) bltu    a4, a5, pc - 38
core   0: 3 0x000000008000ff6e (0xfcf76de3)
core   0: 0x000000008000ff48 (0xfe043783) ld      a5, -32(s0)
core   0: 3 0x000000008000ff48 (0xfe043783) x15 0x00000000800120ae mem 0x0000000080031f50
core   0: 0x000000008000ff4c (0x00178713) addi    a4, a5, 1
core   0: 3 0x000000008000ff4c (0x00178713) x14 0x00000000800120af
core   0: 0x000000008000ff50 (0xfee43023) sd      a4, -32(s0)
core   0: 3 0x000000008000ff50 (0xfee43023) mem 0x0000000080031f50 0x00000000800120af
core   0: 0x000000008000ff54 (0xfc442703) lw      a4, -60(s0)
core   0: 3 0x000000008000ff54 (0xfc442703) x14 0x0000000000000000 mem 0x0000000080031f34
core   0: 0x000000008000ff58 (0x0ff77713) andi    a4, a4, 255
core   0: 3 0x000000008000ff58 (0x0ff77713) x14 0x0000000000000000
core   0: 0x000000008000ff5c (0x00e78023) sb      a4, 0(a5)
core   0: 3 0x000000008000ff5c (0x00e78023) mem 0x00000000800120ae 0x00
core   0: 0x000000008000ff60 (0xfc843703) ld      a4, -56(s0)
core   0: 3 0x000000008000ff60 (0xfc843703) x14 0x0000000080012040 mem 0x0000000080031f38
core   0: 0x000000008000ff64 (0xfb843783) ld      a5, -72(s0)
core   0: 3 0x000000008000ff64 (0xfb843783) x15 0x000000000000009c mem 0x0000000080031f28
core   0: 0x000000008000ff68 (0x000097ba) c.add   a5, a4
core   0: 3 0x000000008000ff68 (0x97ba) x15 0x00000000800120dc
core   0: 0x000000008000ff6a (0xfe043703) ld      a4, -32(s0)
core   0: 3 0x000000008000ff6a (0xfe043703) x14 0x00000000800120af mem 0x0000000080031f50
core   0: 0x000000008000ff6e (0xfcf76de3) bltu    a4, a5, pc - 38
core   0: 3 0x000000008000ff6e (0xfcf76de3)
core   0: 0x000000008000ff48 (0xfe043783) ld      a5, -32(s0)
core   0: 3 0x000000008000ff48 (0xfe043783) x15 0x00000000800120af mem 0x0000000080031f50
core   0: 0x000000008000ff4c (0x00178713) addi    a4, a5, 1
core   0: 3 0x000000008000ff4c (0x00178713) x14 0x00000000800120b0
core   0: 0x000000008000ff50 (0xfee43023) sd      a4, -32(s0)
core   0: 3 0x000000008000ff50 (0xfee43023) mem 0x0000000080031f50 0x00000000800120b0
core   0: 0x000000008000ff54 (0xfc442703) lw      a4, -60(s0)
core   0: 3 0x000000008000ff54 (0xfc442703) x14 0x0000000000000000 mem 0x0000000080031f34
core   0: 0x000000008000ff58 (0x0ff77713) andi    a4, a4, 255
core   0: 3 0x000000008000ff58 (0x0ff77713) x14 0x0000000000000000
core   0: 0x000000008000ff5c (0x00e78023) sb      a4, 0(a5)
core   0: 3 0x000000008000ff5c (0x00e78023) mem 0x00000000800120af 0x00
core   0: 0x000000008000ff60 (0xfc843703) ld      a4, -56(s0)
core   0: 3 0x000000008000ff60 (0xfc843703) x14 0x0000000080012040 mem 0x0000000080031f38
core   0: 0x000000008000ff64 (0xfb843783) ld      a5, -72(s0)
core   0: 3 0x000000008000ff64 (0xfb843783) x15 0x000000000000009c mem 0x0000000080031f28
core   0: 0x000000008000ff68 (0x000097ba) c.add   a5, a4
core   0: 3 0x000000008000ff68 (0x97ba) x15 0x00000000800120dc
core   0: 0x000000008000ff6a (0xfe043703) ld      a4, -32(s0)
core   0: 3 0x000000008000ff6a (0xfe043703) x14 0x00000000800120b0 mem 0x0000000080031f50
core   0: 0x000000008000ff6e (0xfcf76de3) bltu    a4, a5, pc - 38
core   0: 3 0x000000008000ff6e (0xfcf76de3)
core   0: 0x000000008000ff48 (0xfe043783) ld      a5, -32(s0)
core   0: 3 0x000000008000ff48 (0xfe043783) x15 0x00000000800120b0 mem 0x0000000080031f50
core   0: 0x000000008000ff4c (0x00178713) addi    a4, a5, 1
core   0: 3 0x000000008000ff4c (0x00178713) x14 0x00000000800120b1
core   0: 0x000000008000ff50 (0xfee43023) sd      a4, -32(s0)
core   0: 3 0x000000008000ff50 (0xfee43023) mem 0x0000000080031f50 0x00000000800120b1
core   0: 0x000000008000ff54 (0xfc442703) lw      a4, -60(s0)
core   0: 3 0x000000008000ff54 (0xfc442703) x14 0x0000000000000000 mem 0x0000000080031f34
core   0: 0x000000008000ff58 (0x0ff77713) andi    a4, a4, 255
core   0: 3 0x000000008000ff58 (0x0ff77713) x14 0x0000000000000000
core   0: 0x000000008000ff5c (0x00e78023) sb      a4, 0(a5)
core   0: 3 0x000000008000ff5c (0x00e78023) mem 0x00000000800120b0 0x00
core   0: 0x000000008000ff60 (0xfc843703) ld      a4, -56(s0)
core   0: 3 0x000000008000ff60 (0xfc843703) x14 0x0000000080012040 mem 0x0000000080031f38
core   0: 0x000000008000ff64 (0xfb843783) ld      a5, -72(s0)
core   0: 3 0x000000008000ff64 (0xfb843783) x15 0x000000000000009c mem 0x0000000080031f28
core   0: 0x000000008000ff68 (0x000097ba) c.add   a5, a4
core   0: 3 0x000000008000ff68 (0x97ba) x15 0x00000000800120dc
core   0: 0x000000008000ff6a (0xfe043703) ld      a4, -32(s0)
core   0: 3 0x000000008000ff6a (0xfe043703) x14 0x00000000800120b1 mem 0x0000000080031f50
core   0: 0x000000008000ff6e (0xfcf76de3) bltu    a4, a5, pc - 38
core   0: 3 0x000000008000ff6e (0xfcf76de3)
core   0: 0x000000008000ff48 (0xfe043783) ld      a5, -32(s0)
core   0: 3 0x000000008000ff48 (0xfe043783) x15 0x00000000800120b1 mem 0x0000000080031f50
core   0: 0x000000008000ff4c (0x00178713) addi    a4, a5, 1
core   0: 3 0x000000008000ff4c (0x00178713) x14 0x00000000800120b2
core   0: 0x000000008000ff50 (0xfee43023) sd      a4, -32(s0)
core   0: 3 0x000000008000ff50 (0xfee43023) mem 0x0000000080031f50 0x00000000800120b2
core   0: 0x000000008000ff54 (0xfc442703) lw      a4, -60(s0)
core   0: 3 0x000000008000ff54 (0xfc442703) x14 0x0000000000000000 mem 0x0000000080031f34
core   0: 0x000000008000ff58 (0x0ff77713) andi    a4, a4, 255
core   0: 3 0x000000008000ff58 (0x0ff77713) x14 0x0000000000000000
core   0: 0x000000008000ff5c (0x00e78023) sb      a4, 0(a5)
core   0: 3 0x000000008000ff5c (0x00e78023) mem 0x00000000800120b1 0x00
core   0: 0x000000008000ff60 (0xfc843703) ld      a4, -56(s0)
core   0: 3 0x000000008000ff60 (0xfc843703) x14 0x0000000080012040 mem 0x0000000080031f38
core   0: 0x000000008000ff64 (0xfb843783) ld      a5, -72(s0)
core   0: 3 0x000000008000ff64 (0xfb843783) x15 0x000000000000009c mem 0x0000000080031f28
core   0: 0x000000008000ff68 (0x000097ba) c.add   a5, a4
core   0: 3 0x000000008000ff68 (0x97ba) x15 0x00000000800120dc
core   0: 0x000000008000ff6a (0xfe043703) ld      a4, -32(s0)
core   0: 3 0x000000008000ff6a (0xfe043703) x14 0x00000000800120b2 mem 0x0000000080031f50
core   0: 0x000000008000ff6e (0xfcf76de3) bltu    a4, a5, pc - 38
core   0: 3 0x000000008000ff6e (0xfcf76de3)
core   0: 0x000000008000ff48 (0xfe043783) ld      a5, -32(s0)
core   0: 3 0x000000008000ff48 (0xfe043783) x15 0x00000000800120b2 mem 0x0000000080031f50
core   0: 0x000000008000ff4c (0x00178713) addi    a4, a5, 1
core   0: 3 0x000000008000ff4c (0x00178713) x14 0x00000000800120b3
core   0: 0x000000008000ff50 (0xfee43023) sd      a4, -32(s0)
core   0: 3 0x000000008000ff50 (0xfee43023) mem 0x0000000080031f50 0x00000000800120b3
core   0: 0x000000008000ff54 (0xfc442703) lw      a4, -60(s0)
core   0: 3 0x000000008000ff54 (0xfc442703) x14 0x0000000000000000 mem 0x0000000080031f34
core   0: 0x000000008000ff58 (0x0ff77713) andi    a4, a4, 255
core   0: 3 0x000000008000ff58 (0x0ff77713) x14 0x0000000000000000
core   0: 0x000000008000ff5c (0x00e78023) sb      a4, 0(a5)
core   0: 3 0x000000008000ff5c (0x00e78023) mem 0x00000000800120b2 0x00
core   0: 0x000000008000ff60 (0xfc843703) ld      a4, -56(s0)
core   0: 3 0x000000008000ff60 (0xfc843703) x14 0x0000000080012040 mem 0x0000000080031f38
core   0: 0x000000008000ff64 (0xfb843783) ld      a5, -72(s0)
core   0: 3 0x000000008000ff64 (0xfb843783) x15 0x000000000000009c mem 0x0000000080031f28
core   0: 0x000000008000ff68 (0x000097ba) c.add   a5, a4
core   0: 3 0x000000008000ff68 (0x97ba) x15 0x00000000800120dc
core   0: 0x000000008000ff6a (0xfe043703) ld      a4, -32(s0)
core   0: 3 0x000000008000ff6a (0xfe043703) x14 0x00000000800120b3 mem 0x0000000080031f50
core   0: 0x000000008000ff6e (0xfcf76de3) bltu    a4, a5, pc - 38
core   0: 3 0x000000008000ff6e (0xfcf76de3)
core   0: 0x000000008000ff48 (0xfe043783) ld      a5, -32(s0)
core   0: 3 0x000000008000ff48 (0xfe043783) x15 0x00000000800120b3 mem 0x0000000080031f50
core   0: 0x000000008000ff4c (0x00178713) addi    a4, a5, 1
core   0: 3 0x000000008000ff4c (0x00178713) x14 0x00000000800120b4
core   0: 0x000000008000ff50 (0xfee43023) sd      a4, -32(s0)
core   0: 3 0x000000008000ff50 (0xfee43023) mem 0x0000000080031f50 0x00000000800120b4
core   0: 0x000000008000ff54 (0xfc442703) lw      a4, -60(s0)
core   0: 3 0x000000008000ff54 (0xfc442703) x14 0x0000000000000000 mem 0x0000000080031f34
core   0: 0x000000008000ff58 (0x0ff77713) andi    a4, a4, 255
core   0: 3 0x000000008000ff58 (0x0ff77713) x14 0x0000000000000000
core   0: 0x000000008000ff5c (0x00e78023) sb      a4, 0(a5)
core   0: 3 0x000000008000ff5c (0x00e78023) mem 0x00000000800120b3 0x00
core   0: 0x000000008000ff60 (0xfc843703) ld      a4, -56(s0)
core   0: 3 0x000000008000ff60 (0xfc843703) x14 0x0000000080012040 mem 0x0000000080031f38
core   0: 0x000000008000ff64 (0xfb843783) ld      a5, -72(s0)
core   0: 3 0x000000008000ff64 (0xfb843783) x15 0x000000000000009c mem 0x0000000080031f28
core   0: 0x000000008000ff68 (0x000097ba) c.add   a5, a4
core   0: 3 0x000000008000ff68 (0x97ba) x15 0x00000000800120dc
core   0: 0x000000008000ff6a (0xfe043703) ld      a4, -32(s0)
core   0: 3 0x000000008000ff6a (0xfe043703) x14 0x00000000800120b4 mem 0x0000000080031f50
core   0: 0x000000008000ff6e (0xfcf76de3) bltu    a4, a5, pc - 38
core   0: 3 0x000000008000ff6e (0xfcf76de3)
core   0: 0x000000008000ff48 (0xfe043783) ld      a5, -32(s0)
core   0: 3 0x000000008000ff48 (0xfe043783) x15 0x00000000800120b4 mem 0x0000000080031f50
core   0: 0x000000008000ff4c (0x00178713) addi    a4, a5, 1
core   0: 3 0x000000008000ff4c (0x00178713) x14 0x00000000800120b5
core   0: 0x000000008000ff50 (0xfee43023) sd      a4, -32(s0)
core   0: 3 0x000000008000ff50 (0xfee43023) mem 0x0000000080031f50 0x00000000800120b5
core   0: 0x000000008000ff54 (0xfc442703) lw      a4, -60(s0)
core   0: 3 0x000000008000ff54 (0xfc442703) x14 0x0000000000000000 mem 0x0000000080031f34
core   0: 0x000000008000ff58 (0x0ff77713) andi    a4, a4, 255
core   0: 3 0x000000008000ff58 (0x0ff77713) x14 0x0000000000000000
core   0: 0x000000008000ff5c (0x00e78023) sb      a4, 0(a5)
core   0: 3 0x000000008000ff5c (0x00e78023) mem 0x00000000800120b4 0x00
core   0: 0x000000008000ff60 (0xfc843703) ld      a4, -56(s0)
core   0: 3 0x000000008000ff60 (0xfc843703) x14 0x0000000080012040 mem 0x0000000080031f38
core   0: 0x000000008000ff64 (0xfb843783) ld      a5, -72(s0)
core   0: 3 0x000000008000ff64 (0xfb843783) x15 0x000000000000009c mem 0x0000000080031f28
core   0: 0x000000008000ff68 (0x000097ba) c.add   a5, a4
core   0: 3 0x000000008000ff68 (0x97ba) x15 0x00000000800120dc
core   0: 0x000000008000ff6a (0xfe043703) ld      a4, -32(s0)
core   0: 3 0x000000008000ff6a (0xfe043703) x14 0x00000000800120b5 mem 0x0000000080031f50
core   0: 0x000000008000ff6e (0xfcf76de3) bltu    a4, a5, pc - 38
core   0: 3 0x000000008000ff6e (0xfcf76de3)
core   0: 0x000000008000ff48 (0xfe043783) ld      a5, -32(s0)
core   0: 3 0x000000008000ff48 (0xfe043783) x15 0x00000000800120b5 mem 0x0000000080031f50
core   0: 0x000000008000ff4c (0x00178713) addi    a4, a5, 1
core   0: 3 0x000000008000ff4c (0x00178713) x14 0x00000000800120b6
core   0: 0x000000008000ff50 (0xfee43023) sd      a4, -32(s0)
core   0: 3 0x000000008000ff50 (0xfee43023) mem 0x0000000080031f50 0x00000000800120b6
core   0: 0x000000008000ff54 (0xfc442703) lw      a4, -60(s0)
core   0: 3 0x000000008000ff54 (0xfc442703) x14 0x0000000000000000 mem 0x0000000080031f34
core   0: 0x000000008000ff58 (0x0ff77713) andi    a4, a4, 255
core   0: 3 0x000000008000ff58 (0x0ff77713) x14 0x0000000000000000
core   0: 0x000000008000ff5c (0x00e78023) sb      a4, 0(a5)
core   0: 3 0x000000008000ff5c (0x00e78023) mem 0x00000000800120b5 0x00
core   0: 0x000000008000ff60 (0xfc843703) ld      a4, -56(s0)
core   0: 3 0x000000008000ff60 (0xfc843703) x14 0x0000000080012040 mem 0x0000000080031f38
core   0: 0x000000008000ff64 (0xfb843783) ld      a5, -72(s0)
core   0: 3 0x000000008000ff64 (0xfb843783) x15 0x000000000000009c mem 0x0000000080031f28
core   0: 0x000000008000ff68 (0x000097ba) c.add   a5, a4
core   0: 3 0x000000008000ff68 (0x97ba) x15 0x00000000800120dc
core   0: 0x000000008000ff6a (0xfe043703) ld      a4, -32(s0)
core   0: 3 0x000000008000ff6a (0xfe043703) x14 0x00000000800120b6 mem 0x0000000080031f50
core   0: 0x000000008000ff6e (0xfcf76de3) bltu    a4, a5, pc - 38
core   0: 3 0x000000008000ff6e (0xfcf76de3)
core   0: 0x000000008000ff48 (0xfe043783) ld      a5, -32(s0)
core   0: 3 0x000000008000ff48 (0xfe043783) x15 0x00000000800120b6 mem 0x0000000080031f50
core   0: 0x000000008000ff4c (0x00178713) addi    a4, a5, 1
core   0: 3 0x000000008000ff4c (0x00178713) x14 0x00000000800120b7
core   0: 0x000000008000ff50 (0xfee43023) sd      a4, -32(s0)
core   0: 3 0x000000008000ff50 (0xfee43023) mem 0x0000000080031f50 0x00000000800120b7
core   0: 0x000000008000ff54 (0xfc442703) lw      a4, -60(s0)
core   0: 3 0x000000008000ff54 (0xfc442703) x14 0x0000000000000000 mem 0x0000000080031f34
core   0: 0x000000008000ff58 (0x0ff77713) andi    a4, a4, 255
core   0: 3 0x000000008000ff58 (0x0ff77713) x14 0x0000000000000000
core   0: 0x000000008000ff5c (0x00e78023) sb      a4, 0(a5)
core   0: 3 0x000000008000ff5c (0x00e78023) mem 0x00000000800120b6 0x00
core   0: 0x000000008000ff60 (0xfc843703) ld      a4, -56(s0)
core   0: 3 0x000000008000ff60 (0xfc843703) x14 0x0000000080012040 mem 0x0000000080031f38
core   0: 0x000000008000ff64 (0xfb843783) ld      a5, -72(s0)
core   0: 3 0x000000008000ff64 (0xfb843783) x15 0x000000000000009c mem 0x0000000080031f28
core   0: 0x000000008000ff68 (0x000097ba) c.add   a5, a4
core   0: 3 0x000000008000ff68 (0x97ba) x15 0x00000000800120dc
core   0: 0x000000008000ff6a (0xfe043703) ld      a4, -32(s0)
core   0: 3 0x000000008000ff6a (0xfe043703) x14 0x00000000800120b7 mem 0x0000000080031f50
core   0: 0x000000008000ff6e (0xfcf76de3) bltu    a4, a5, pc - 38
core   0: 3 0x000000008000ff6e (0xfcf76de3)
core   0: 0x000000008000ff48 (0xfe043783) ld      a5, -32(s0)
core   0: 3 0x000000008000ff48 (0xfe043783) x15 0x00000000800120b7 mem 0x0000000080031f50
core   0: 0x000000008000ff4c (0x00178713) addi    a4, a5, 1
core   0: 3 0x000000008000ff4c (0x00178713) x14 0x00000000800120b8
core   0: 0x000000008000ff50 (0xfee43023) sd      a4, -32(s0)
core   0: 3 0x000000008000ff50 (0xfee43023) mem 0x0000000080031f50 0x00000000800120b8
core   0: 0x000000008000ff54 (0xfc442703) lw      a4, -60(s0)
core   0: 3 0x000000008000ff54 (0xfc442703) x14 0x0000000000000000 mem 0x0000000080031f34
core   0: 0x000000008000ff58 (0x0ff77713) andi    a4, a4, 255
core   0: 3 0x000000008000ff58 (0x0ff77713) x14 0x0000000000000000
core   0: 0x000000008000ff5c (0x00e78023) sb      a4, 0(a5)
core   0: 3 0x000000008000ff5c (0x00e78023) mem 0x00000000800120b7 0x00
core   0: 0x000000008000ff60 (0xfc843703) ld      a4, -56(s0)
core   0: 3 0x000000008000ff60 (0xfc843703) x14 0x0000000080012040 mem 0x0000000080031f38
core   0: 0x000000008000ff64 (0xfb843783) ld      a5, -72(s0)
core   0: 3 0x000000008000ff64 (0xfb843783) x15 0x000000000000009c mem 0x0000000080031f28
core   0: 0x000000008000ff68 (0x000097ba) c.add   a5, a4
core   0: 3 0x000000008000ff68 (0x97ba) x15 0x00000000800120dc
core   0: 0x000000008000ff6a (0xfe043703) ld      a4, -32(s0)
core   0: 3 0x000000008000ff6a (0xfe043703) x14 0x00000000800120b8 mem 0x0000000080031f50
core   0: 0x000000008000ff6e (0xfcf76de3) bltu    a4, a5, pc - 38
core   0: 3 0x000000008000ff6e (0xfcf76de3)
core   0: 0x000000008000ff48 (0xfe043783) ld      a5, -32(s0)
core   0: 3 0x000000008000ff48 (0xfe043783) x15 0x00000000800120b8 mem 0x0000000080031f50
core   0: 0x000000008000ff4c (0x00178713) addi    a4, a5, 1
core   0: 3 0x000000008000ff4c (0x00178713) x14 0x00000000800120b9
core   0: 0x000000008000ff50 (0xfee43023) sd      a4, -32(s0)
core   0: 3 0x000000008000ff50 (0xfee43023) mem 0x0000000080031f50 0x00000000800120b9
core   0: 0x000000008000ff54 (0xfc442703) lw      a4, -60(s0)
core   0: 3 0x000000008000ff54 (0xfc442703) x14 0x0000000000000000 mem 0x0000000080031f34
core   0: 0x000000008000ff58 (0x0ff77713) andi    a4, a4, 255
core   0: 3 0x000000008000ff58 (0x0ff77713) x14 0x0000000000000000
core   0: 0x000000008000ff5c (0x00e78023) sb      a4, 0(a5)
core   0: 3 0x000000008000ff5c (0x00e78023) mem 0x00000000800120b8 0x00
core   0: 0x000000008000ff60 (0xfc843703) ld      a4, -56(s0)
core   0: 3 0x000000008000ff60 (0xfc843703) x14 0x0000000080012040 mem 0x0000000080031f38
core   0: 0x000000008000ff64 (0xfb843783) ld      a5, -72(s0)
core   0: 3 0x000000008000ff64 (0xfb843783) x15 0x000000000000009c mem 0x0000000080031f28
core   0: 0x000000008000ff68 (0x000097ba) c.add   a5, a4
core   0: 3 0x000000008000ff68 (0x97ba) x15 0x00000000800120dc
core   0: 0x000000008000ff6a (0xfe043703) ld      a4, -32(s0)
core   0: 3 0x000000008000ff6a (0xfe043703) x14 0x00000000800120b9 mem 0x0000000080031f50
core   0: 0x000000008000ff6e (0xfcf76de3) bltu    a4, a5, pc - 38
core   0: 3 0x000000008000ff6e (0xfcf76de3)
core   0: 0x000000008000ff48 (0xfe043783) ld      a5, -32(s0)
core   0: 3 0x000000008000ff48 (0xfe043783) x15 0x00000000800120b9 mem 0x0000000080031f50
core   0: 0x000000008000ff4c (0x00178713) addi    a4, a5, 1
core   0: 3 0x000000008000ff4c (0x00178713) x14 0x00000000800120ba
core   0: 0x000000008000ff50 (0xfee43023) sd      a4, -32(s0)
core   0: 3 0x000000008000ff50 (0xfee43023) mem 0x0000000080031f50 0x00000000800120ba
core   0: 0x000000008000ff54 (0xfc442703) lw      a4, -60(s0)
core   0: 3 0x000000008000ff54 (0xfc442703) x14 0x0000000000000000 mem 0x0000000080031f34
core   0: 0x000000008000ff58 (0x0ff77713) andi    a4, a4, 255
core   0: 3 0x000000008000ff58 (0x0ff77713) x14 0x0000000000000000
core   0: 0x000000008000ff5c (0x00e78023) sb      a4, 0(a5)
core   0: 3 0x000000008000ff5c (0x00e78023) mem 0x00000000800120b9 0x00
core   0: 0x000000008000ff60 (0xfc843703) ld      a4, -56(s0)
core   0: 3 0x000000008000ff60 (0xfc843703) x14 0x0000000080012040 mem 0x0000000080031f38
core   0: 0x000000008000ff64 (0xfb843783) ld      a5, -72(s0)
core   0: 3 0x000000008000ff64 (0xfb843783) x15 0x000000000000009c mem 0x0000000080031f28
core   0: 0x000000008000ff68 (0x000097ba) c.add   a5, a4
core   0: 3 0x000000008000ff68 (0x97ba) x15 0x00000000800120dc
core   0: 0x000000008000ff6a (0xfe043703) ld      a4, -32(s0)
core   0: 3 0x000000008000ff6a (0xfe043703) x14 0x00000000800120ba mem 0x0000000080031f50
core   0: 0x000000008000ff6e (0xfcf76de3) bltu    a4, a5, pc - 38
core   0: 3 0x000000008000ff6e (0xfcf76de3)
core   0: 0x000000008000ff48 (0xfe043783) ld      a5, -32(s0)
core   0: 3 0x000000008000ff48 (0xfe043783) x15 0x00000000800120ba mem 0x0000000080031f50
core   0: 0x000000008000ff4c (0x00178713) addi    a4, a5, 1
core   0: 3 0x000000008000ff4c (0x00178713) x14 0x00000000800120bb
core   0: 0x000000008000ff50 (0xfee43023) sd      a4, -32(s0)
core   0: 3 0x000000008000ff50 (0xfee43023) mem 0x0000000080031f50 0x00000000800120bb
core   0: 0x000000008000ff54 (0xfc442703) lw      a4, -60(s0)
core   0: 3 0x000000008000ff54 (0xfc442703) x14 0x0000000000000000 mem 0x0000000080031f34
core   0: 0x000000008000ff58 (0x0ff77713) andi    a4, a4, 255
core   0: 3 0x000000008000ff58 (0x0ff77713) x14 0x0000000000000000
core   0: 0x000000008000ff5c (0x00e78023) sb      a4, 0(a5)
core   0: 3 0x000000008000ff5c (0x00e78023) mem 0x00000000800120ba 0x00
core   0: 0x000000008000ff60 (0xfc843703) ld      a4, -56(s0)
core   0: 3 0x000000008000ff60 (0xfc843703) x14 0x0000000080012040 mem 0x0000000080031f38
core   0: 0x000000008000ff64 (0xfb843783) ld      a5, -72(s0)
core   0: 3 0x000000008000ff64 (0xfb843783) x15 0x000000000000009c mem 0x0000000080031f28
core   0: 0x000000008000ff68 (0x000097ba) c.add   a5, a4
core   0: 3 0x000000008000ff68 (0x97ba) x15 0x00000000800120dc
core   0: 0x000000008000ff6a (0xfe043703) ld      a4, -32(s0)
core   0: 3 0x000000008000ff6a (0xfe043703) x14 0x00000000800120bb mem 0x0000000080031f50
core   0: 0x000000008000ff6e (0xfcf76de3) bltu    a4, a5, pc - 38
core   0: 3 0x000000008000ff6e (0xfcf76de3)
core   0: 0x000000008000ff48 (0xfe043783) ld      a5, -32(s0)
core   0: 3 0x000000008000ff48 (0xfe043783) x15 0x00000000800120bb mem 0x0000000080031f50
core   0: 0x000000008000ff4c (0x00178713) addi    a4, a5, 1
core   0: 3 0x000000008000ff4c (0x00178713) x14 0x00000000800120bc
core   0: 0x000000008000ff50 (0xfee43023) sd      a4, -32(s0)
core   0: 3 0x000000008000ff50 (0xfee43023) mem 0x0000000080031f50 0x00000000800120bc
core   0: 0x000000008000ff54 (0xfc442703) lw      a4, -60(s0)
core   0: 3 0x000000008000ff54 (0xfc442703) x14 0x0000000000000000 mem 0x0000000080031f34
core   0: 0x000000008000ff58 (0x0ff77713) andi    a4, a4, 255
core   0: 3 0x000000008000ff58 (0x0ff77713) x14 0x0000000000000000
core   0: 0x000000008000ff5c (0x00e78023) sb      a4, 0(a5)
core   0: 3 0x000000008000ff5c (0x00e78023) mem 0x00000000800120bb 0x00
core   0: 0x000000008000ff60 (0xfc843703) ld      a4, -56(s0)
core   0: 3 0x000000008000ff60 (0xfc843703) x14 0x0000000080012040 mem 0x0000000080031f38
core   0: 0x000000008000ff64 (0xfb843783) ld      a5, -72(s0)
core   0: 3 0x000000008000ff64 (0xfb843783) x15 0x000000000000009c mem 0x0000000080031f28
core   0: 0x000000008000ff68 (0x000097ba) c.add   a5, a4
core   0: 3 0x000000008000ff68 (0x97ba) x15 0x00000000800120dc
core   0: 0x000000008000ff6a (0xfe043703) ld      a4, -32(s0)
core   0: 3 0x000000008000ff6a (0xfe043703) x14 0x00000000800120bc mem 0x0000000080031f50
core   0: 0x000000008000ff6e (0xfcf76de3) bltu    a4, a5, pc - 38
core   0: 3 0x000000008000ff6e (0xfcf76de3)
core   0: 0x000000008000ff48 (0xfe043783) ld      a5, -32(s0)
core   0: 3 0x000000008000ff48 (0xfe043783) x15 0x00000000800120bc mem 0x0000000080031f50
core   0: 0x000000008000ff4c (0x00178713) addi    a4, a5, 1
core   0: 3 0x000000008000ff4c (0x00178713) x14 0x00000000800120bd
core   0: 0x000000008000ff50 (0xfee43023) sd      a4, -32(s0)
core   0: 3 0x000000008000ff50 (0xfee43023) mem 0x0000000080031f50 0x00000000800120bd
core   0: 0x000000008000ff54 (0xfc442703) lw      a4, -60(s0)
core   0: 3 0x000000008000ff54 (0xfc442703) x14 0x0000000000000000 mem 0x0000000080031f34
core   0: 0x000000008000ff58 (0x0ff77713) andi    a4, a4, 255
core   0: 3 0x000000008000ff58 (0x0ff77713) x14 0x0000000000000000
core   0: 0x000000008000ff5c (0x00e78023) sb      a4, 0(a5)
core   0: 3 0x000000008000ff5c (0x00e78023) mem 0x00000000800120bc 0x00
core   0: 0x000000008000ff60 (0xfc843703) ld      a4, -56(s0)
core   0: 3 0x000000008000ff60 (0xfc843703) x14 0x0000000080012040 mem 0x0000000080031f38
core   0: 0x000000008000ff64 (0xfb843783) ld      a5, -72(s0)
core   0: 3 0x000000008000ff64 (0xfb843783) x15 0x000000000000009c mem 0x0000000080031f28
core   0: 0x000000008000ff68 (0x000097ba) c.add   a5, a4
core   0: 3 0x000000008000ff68 (0x97ba) x15 0x00000000800120dc
core   0: 0x000000008000ff6a (0xfe043703) ld      a4, -32(s0)
core   0: 3 0x000000008000ff6a (0xfe043703) x14 0x00000000800120bd mem 0x0000000080031f50
core   0: 0x000000008000ff6e (0xfcf76de3) bltu    a4, a5, pc - 38
core   0: 3 0x000000008000ff6e (0xfcf76de3)
core   0: 0x000000008000ff48 (0xfe043783) ld      a5, -32(s0)
core   0: 3 0x000000008000ff48 (0xfe043783) x15 0x00000000800120bd mem 0x0000000080031f50
core   0: 0x000000008000ff4c (0x00178713) addi    a4, a5, 1
core   0: 3 0x000000008000ff4c (0x00178713) x14 0x00000000800120be
core   0: 0x000000008000ff50 (0xfee43023) sd      a4, -32(s0)
core   0: 3 0x000000008000ff50 (0xfee43023) mem 0x0000000080031f50 0x00000000800120be
core   0: 0x000000008000ff54 (0xfc442703) lw      a4, -60(s0)
core   0: 3 0x000000008000ff54 (0xfc442703) x14 0x0000000000000000 mem 0x0000000080031f34
core   0: 0x000000008000ff58 (0x0ff77713) andi    a4, a4, 255
core   0: 3 0x000000008000ff58 (0x0ff77713) x14 0x0000000000000000
core   0: 0x000000008000ff5c (0x00e78023) sb      a4, 0(a5)
core   0: 3 0x000000008000ff5c (0x00e78023) mem 0x00000000800120bd 0x00
core   0: 0x000000008000ff60 (0xfc843703) ld      a4, -56(s0)
core   0: 3 0x000000008000ff60 (0xfc843703) x14 0x0000000080012040 mem 0x0000000080031f38
core   0: 0x000000008000ff64 (0xfb843783) ld      a5, -72(s0)
core   0: 3 0x000000008000ff64 (0xfb843783) x15 0x000000000000009c mem 0x0000000080031f28
core   0: 0x000000008000ff68 (0x000097ba) c.add   a5, a4
core   0: 3 0x000000008000ff68 (0x97ba) x15 0x00000000800120dc
core   0: 0x000000008000ff6a (0xfe043703) ld      a4, -32(s0)
core   0: 3 0x000000008000ff6a (0xfe043703) x14 0x00000000800120be mem 0x0000000080031f50
core   0: 0x000000008000ff6e (0xfcf76de3) bltu    a4, a5, pc - 38
core   0: 3 0x000000008000ff6e (0xfcf76de3)
core   0: 0x000000008000ff48 (0xfe043783) ld      a5, -32(s0)
core   0: 3 0x000000008000ff48 (0xfe043783) x15 0x00000000800120be mem 0x0000000080031f50
core   0: 0x000000008000ff4c (0x00178713) addi    a4, a5, 1
core   0: 3 0x000000008000ff4c (0x00178713) x14 0x00000000800120bf
core   0: 0x000000008000ff50 (0xfee43023) sd      a4, -32(s0)
core   0: 3 0x000000008000ff50 (0xfee43023) mem 0x0000000080031f50 0x00000000800120bf
core   0: 0x000000008000ff54 (0xfc442703) lw      a4, -60(s0)
core   0: 3 0x000000008000ff54 (0xfc442703) x14 0x0000000000000000 mem 0x0000000080031f34
core   0: 0x000000008000ff58 (0x0ff77713) andi    a4, a4, 255
core   0: 3 0x000000008000ff58 (0x0ff77713) x14 0x0000000000000000
core   0: 0x000000008000ff5c (0x00e78023) sb      a4, 0(a5)
core   0: 3 0x000000008000ff5c (0x00e78023) mem 0x00000000800120be 0x00
core   0: 0x000000008000ff60 (0xfc843703) ld      a4, -56(s0)
core   0: 3 0x000000008000ff60 (0xfc843703) x14 0x0000000080012040 mem 0x0000000080031f38
core   0: 0x000000008000ff64 (0xfb843783) ld      a5, -72(s0)
core   0: 3 0x000000008000ff64 (0xfb843783) x15 0x000000000000009c mem 0x0000000080031f28
core   0: 0x000000008000ff68 (0x000097ba) c.add   a5, a4
core   0: 3 0x000000008000ff68 (0x97ba) x15 0x00000000800120dc
core   0: 0x000000008000ff6a (0xfe043703) ld      a4, -32(s0)
core   0: 3 0x000000008000ff6a (0xfe043703) x14 0x00000000800120bf mem 0x0000000080031f50
core   0: 0x000000008000ff6e (0xfcf76de3) bltu    a4, a5, pc - 38
core   0: 3 0x000000008000ff6e (0xfcf76de3)
core   0: 0x000000008000ff48 (0xfe043783) ld      a5, -32(s0)
core   0: 3 0x000000008000ff48 (0xfe043783) x15 0x00000000800120bf mem 0x0000000080031f50
core   0: 0x000000008000ff4c (0x00178713) addi    a4, a5, 1
core   0: 3 0x000000008000ff4c (0x00178713) x14 0x00000000800120c0
core   0: 0x000000008000ff50 (0xfee43023) sd      a4, -32(s0)
core   0: 3 0x000000008000ff50 (0xfee43023) mem 0x0000000080031f50 0x00000000800120c0
core   0: 0x000000008000ff54 (0xfc442703) lw      a4, -60(s0)
core   0: 3 0x000000008000ff54 (0xfc442703) x14 0x0000000000000000 mem 0x0000000080031f34
core   0: 0x000000008000ff58 (0x0ff77713) andi    a4, a4, 255
core   0: 3 0x000000008000ff58 (0x0ff77713) x14 0x0000000000000000
core   0: 0x000000008000ff5c (0x00e78023) sb      a4, 0(a5)
core   0: 3 0x000000008000ff5c (0x00e78023) mem 0x00000000800120bf 0x00
core   0: 0x000000008000ff60 (0xfc843703) ld      a4, -56(s0)
core   0: 3 0x000000008000ff60 (0xfc843703) x14 0x0000000080012040 mem 0x0000000080031f38
core   0: 0x000000008000ff64 (0xfb843783) ld      a5, -72(s0)
core   0: 3 0x000000008000ff64 (0xfb843783) x15 0x000000000000009c mem 0x0000000080031f28
core   0: 0x000000008000ff68 (0x000097ba) c.add   a5, a4
core   0: 3 0x000000008000ff68 (0x97ba) x15 0x00000000800120dc
core   0: 0x000000008000ff6a (0xfe043703) ld      a4, -32(s0)
core   0: 3 0x000000008000ff6a (0xfe043703) x14 0x00000000800120c0 mem 0x0000000080031f50
core   0: 0x000000008000ff6e (0xfcf76de3) bltu    a4, a5, pc - 38
core   0: 3 0x000000008000ff6e (0xfcf76de3)
core   0: 0x000000008000ff48 (0xfe043783) ld      a5, -32(s0)
core   0: 3 0x000000008000ff48 (0xfe043783) x15 0x00000000800120c0 mem 0x0000000080031f50
core   0: 0x000000008000ff4c (0x00178713) addi    a4, a5, 1
core   0: 3 0x000000008000ff4c (0x00178713) x14 0x00000000800120c1
core   0: 0x000000008000ff50 (0xfee43023) sd      a4, -32(s0)
core   0: 3 0x000000008000ff50 (0xfee43023) mem 0x0000000080031f50 0x00000000800120c1
core   0: 0x000000008000ff54 (0xfc442703) lw      a4, -60(s0)
core   0: 3 0x000000008000ff54 (0xfc442703) x14 0x0000000000000000 mem 0x0000000080031f34
core   0: 0x000000008000ff58 (0x0ff77713) andi    a4, a4, 255
core   0: 3 0x000000008000ff58 (0x0ff77713) x14 0x0000000000000000
core   0: 0x000000008000ff5c (0x00e78023) sb      a4, 0(a5)
core   0: 3 0x000000008000ff5c (0x00e78023) mem 0x00000000800120c0 0x00
core   0: 0x000000008000ff60 (0xfc843703) ld      a4, -56(s0)
core   0: 3 0x000000008000ff60 (0xfc843703) x14 0x0000000080012040 mem 0x0000000080031f38
core   0: 0x000000008000ff64 (0xfb843783) ld      a5, -72(s0)
core   0: 3 0x000000008000ff64 (0xfb843783) x15 0x000000000000009c mem 0x0000000080031f28
core   0: 0x000000008000ff68 (0x000097ba) c.add   a5, a4
core   0: 3 0x000000008000ff68 (0x97ba) x15 0x00000000800120dc
core   0: 0x000000008000ff6a (0xfe043703) ld      a4, -32(s0)
core   0: 3 0x000000008000ff6a (0xfe043703) x14 0x00000000800120c1 mem 0x0000000080031f50
core   0: 0x000000008000ff6e (0xfcf76de3) bltu    a4, a5, pc - 38
core   0: 3 0x000000008000ff6e (0xfcf76de3)
core   0: 0x000000008000ff48 (0xfe043783) ld      a5, -32(s0)
core   0: 3 0x000000008000ff48 (0xfe043783) x15 0x00000000800120c1 mem 0x0000000080031f50
core   0: 0x000000008000ff4c (0x00178713) addi    a4, a5, 1
core   0: 3 0x000000008000ff4c (0x00178713) x14 0x00000000800120c2
core   0: 0x000000008000ff50 (0xfee43023) sd      a4, -32(s0)
core   0: 3 0x000000008000ff50 (0xfee43023) mem 0x0000000080031f50 0x00000000800120c2
core   0: 0x000000008000ff54 (0xfc442703) lw      a4, -60(s0)
core   0: 3 0x000000008000ff54 (0xfc442703) x14 0x0000000000000000 mem 0x0000000080031f34
core   0: 0x000000008000ff58 (0x0ff77713) andi    a4, a4, 255
core   0: 3 0x000000008000ff58 (0x0ff77713) x14 0x0000000000000000
core   0: 0x000000008000ff5c (0x00e78023) sb      a4, 0(a5)
core   0: 3 0x000000008000ff5c (0x00e78023) mem 0x00000000800120c1 0x00
core   0: 0x000000008000ff60 (0xfc843703) ld      a4, -56(s0)
core   0: 3 0x000000008000ff60 (0xfc843703) x14 0x0000000080012040 mem 0x0000000080031f38
core   0: 0x000000008000ff64 (0xfb843783) ld      a5, -72(s0)
core   0: 3 0x000000008000ff64 (0xfb843783) x15 0x000000000000009c mem 0x0000000080031f28
core   0: 0x000000008000ff68 (0x000097ba) c.add   a5, a4
core   0: 3 0x000000008000ff68 (0x97ba) x15 0x00000000800120dc
core   0: 0x000000008000ff6a (0xfe043703) ld      a4, -32(s0)
core   0: 3 0x000000008000ff6a (0xfe043703) x14 0x00000000800120c2 mem 0x0000000080031f50
core   0: 0x000000008000ff6e (0xfcf76de3) bltu    a4, a5, pc - 38
core   0: 3 0x000000008000ff6e (0xfcf76de3)
core   0: 0x000000008000ff48 (0xfe043783) ld      a5, -32(s0)
core   0: 3 0x000000008000ff48 (0xfe043783) x15 0x00000000800120c2 mem 0x0000000080031f50
core   0: 0x000000008000ff4c (0x00178713) addi    a4, a5, 1
core   0: 3 0x000000008000ff4c (0x00178713) x14 0x00000000800120c3
core   0: 0x000000008000ff50 (0xfee43023) sd      a4, -32(s0)
core   0: 3 0x000000008000ff50 (0xfee43023) mem 0x0000000080031f50 0x00000000800120c3
core   0: 0x000000008000ff54 (0xfc442703) lw      a4, -60(s0)
core   0: 3 0x000000008000ff54 (0xfc442703) x14 0x0000000000000000 mem 0x0000000080031f34
core   0: 0x000000008000ff58 (0x0ff77713) andi    a4, a4, 255
core   0: 3 0x000000008000ff58 (0x0ff77713) x14 0x0000000000000000
core   0: 0x000000008000ff5c (0x00e78023) sb      a4, 0(a5)
core   0: 3 0x000000008000ff5c (0x00e78023) mem 0x00000000800120c2 0x00
core   0: 0x000000008000ff60 (0xfc843703) ld      a4, -56(s0)
core   0: 3 0x000000008000ff60 (0xfc843703) x14 0x0000000080012040 mem 0x0000000080031f38
core   0: 0x000000008000ff64 (0xfb843783) ld      a5, -72(s0)
core   0: 3 0x000000008000ff64 (0xfb843783) x15 0x000000000000009c mem 0x0000000080031f28
core   0: 0x000000008000ff68 (0x000097ba) c.add   a5, a4
core   0: 3 0x000000008000ff68 (0x97ba) x15 0x00000000800120dc
core   0: 0x000000008000ff6a (0xfe043703) ld      a4, -32(s0)
core   0: 3 0x000000008000ff6a (0xfe043703) x14 0x00000000800120c3 mem 0x0000000080031f50
core   0: 0x000000008000ff6e (0xfcf76de3) bltu    a4, a5, pc - 38
core   0: 3 0x000000008000ff6e (0xfcf76de3)
core   0: 0x000000008000ff48 (0xfe043783) ld      a5, -32(s0)
core   0: 3 0x000000008000ff48 (0xfe043783) x15 0x00000000800120c3 mem 0x0000000080031f50
core   0: 0x000000008000ff4c (0x00178713) addi    a4, a5, 1
core   0: 3 0x000000008000ff4c (0x00178713) x14 0x00000000800120c4
core   0: 0x000000008000ff50 (0xfee43023) sd      a4, -32(s0)
core   0: 3 0x000000008000ff50 (0xfee43023) mem 0x0000000080031f50 0x00000000800120c4
core   0: 0x000000008000ff54 (0xfc442703) lw      a4, -60(s0)
core   0: 3 0x000000008000ff54 (0xfc442703) x14 0x0000000000000000 mem 0x0000000080031f34
core   0: 0x000000008000ff58 (0x0ff77713) andi    a4, a4, 255
core   0: 3 0x000000008000ff58 (0x0ff77713) x14 0x0000000000000000
core   0: 0x000000008000ff5c (0x00e78023) sb      a4, 0(a5)
core   0: 3 0x000000008000ff5c (0x00e78023) mem 0x00000000800120c3 0x00
core   0: 0x000000008000ff60 (0xfc843703) ld      a4, -56(s0)
core   0: 3 0x000000008000ff60 (0xfc843703) x14 0x0000000080012040 mem 0x0000000080031f38
core   0: 0x000000008000ff64 (0xfb843783) ld      a5, -72(s0)
core   0: 3 0x000000008000ff64 (0xfb843783) x15 0x000000000000009c mem 0x0000000080031f28
core   0: 0x000000008000ff68 (0x000097ba) c.add   a5, a4
core   0: 3 0x000000008000ff68 (0x97ba) x15 0x00000000800120dc
core   0: 0x000000008000ff6a (0xfe043703) ld      a4, -32(s0)
core   0: 3 0x000000008000ff6a (0xfe043703) x14 0x00000000800120c4 mem 0x0000000080031f50
core   0: 0x000000008000ff6e (0xfcf76de3) bltu    a4, a5, pc - 38
core   0: 3 0x000000008000ff6e (0xfcf76de3)
core   0: 0x000000008000ff48 (0xfe043783) ld      a5, -32(s0)
core   0: 3 0x000000008000ff48 (0xfe043783) x15 0x00000000800120c4 mem 0x0000000080031f50
core   0: 0x000000008000ff4c (0x00178713) addi    a4, a5, 1
core   0: 3 0x000000008000ff4c (0x00178713) x14 0x00000000800120c5
core   0: 0x000000008000ff50 (0xfee43023) sd      a4, -32(s0)
core   0: 3 0x000000008000ff50 (0xfee43023) mem 0x0000000080031f50 0x00000000800120c5
core   0: 0x000000008000ff54 (0xfc442703) lw      a4, -60(s0)
core   0: 3 0x000000008000ff54 (0xfc442703) x14 0x0000000000000000 mem 0x0000000080031f34
core   0: 0x000000008000ff58 (0x0ff77713) andi    a4, a4, 255
core   0: 3 0x000000008000ff58 (0x0ff77713) x14 0x0000000000000000
core   0: 0x000000008000ff5c (0x00e78023) sb      a4, 0(a5)
core   0: 3 0x000000008000ff5c (0x00e78023) mem 0x00000000800120c4 0x00
core   0: 0x000000008000ff60 (0xfc843703) ld      a4, -56(s0)
core   0: 3 0x000000008000ff60 (0xfc843703) x14 0x0000000080012040 mem 0x0000000080031f38
core   0: 0x000000008000ff64 (0xfb843783) ld      a5, -72(s0)
core   0: 3 0x000000008000ff64 (0xfb843783) x15 0x000000000000009c mem 0x0000000080031f28
core   0: 0x000000008000ff68 (0x000097ba) c.add   a5, a4
core   0: 3 0x000000008000ff68 (0x97ba) x15 0x00000000800120dc
core   0: 0x000000008000ff6a (0xfe043703) ld      a4, -32(s0)
core   0: 3 0x000000008000ff6a (0xfe043703) x14 0x00000000800120c5 mem 0x0000000080031f50
core   0: 0x000000008000ff6e (0xfcf76de3) bltu    a4, a5, pc - 38
core   0: 3 0x000000008000ff6e (0xfcf76de3)
core   0: 0x000000008000ff48 (0xfe043783) ld      a5, -32(s0)
core   0: 3 0x000000008000ff48 (0xfe043783) x15 0x00000000800120c5 mem 0x0000000080031f50
core   0: 0x000000008000ff4c (0x00178713) addi    a4, a5, 1
core   0: 3 0x000000008000ff4c (0x00178713) x14 0x00000000800120c6
core   0: 0x000000008000ff50 (0xfee43023) sd      a4, -32(s0)
core   0: 3 0x000000008000ff50 (0xfee43023) mem 0x0000000080031f50 0x00000000800120c6
core   0: 0x000000008000ff54 (0xfc442703) lw      a4, -60(s0)
core   0: 3 0x000000008000ff54 (0xfc442703) x14 0x0000000000000000 mem 0x0000000080031f34
core   0: 0x000000008000ff58 (0x0ff77713) andi    a4, a4, 255
core   0: 3 0x000000008000ff58 (0x0ff77713) x14 0x0000000000000000
core   0: 0x000000008000ff5c (0x00e78023) sb      a4, 0(a5)
core   0: 3 0x000000008000ff5c (0x00e78023) mem 0x00000000800120c5 0x00
core   0: 0x000000008000ff60 (0xfc843703) ld      a4, -56(s0)
core   0: 3 0x000000008000ff60 (0xfc843703) x14 0x0000000080012040 mem 0x0000000080031f38
core   0: 0x000000008000ff64 (0xfb843783) ld      a5, -72(s0)
core   0: 3 0x000000008000ff64 (0xfb843783) x15 0x000000000000009c mem 0x0000000080031f28
core   0: 0x000000008000ff68 (0x000097ba) c.add   a5, a4
core   0: 3 0x000000008000ff68 (0x97ba) x15 0x00000000800120dc
core   0: 0x000000008000ff6a (0xfe043703) ld      a4, -32(s0)
core   0: 3 0x000000008000ff6a (0xfe043703) x14 0x00000000800120c6 mem 0x0000000080031f50
core   0: 0x000000008000ff6e (0xfcf76de3) bltu    a4, a5, pc - 38
core   0: 3 0x000000008000ff6e (0xfcf76de3)
core   0: 0x000000008000ff48 (0xfe043783) ld      a5, -32(s0)
core   0: 3 0x000000008000ff48 (0xfe043783) x15 0x00000000800120c6 mem 0x0000000080031f50
core   0: 0x000000008000ff4c (0x00178713) addi    a4, a5, 1
core   0: 3 0x000000008000ff4c (0x00178713) x14 0x00000000800120c7
core   0: 0x000000008000ff50 (0xfee43023) sd      a4, -32(s0)
core   0: 3 0x000000008000ff50 (0xfee43023) mem 0x0000000080031f50 0x00000000800120c7
core   0: 0x000000008000ff54 (0xfc442703) lw      a4, -60(s0)
core   0: 3 0x000000008000ff54 (0xfc442703) x14 0x0000000000000000 mem 0x0000000080031f34
core   0: 0x000000008000ff58 (0x0ff77713) andi    a4, a4, 255
core   0: 3 0x000000008000ff58 (0x0ff77713) x14 0x0000000000000000
core   0: 0x000000008000ff5c (0x00e78023) sb      a4, 0(a5)
core   0: 3 0x000000008000ff5c (0x00e78023) mem 0x00000000800120c6 0x00
core   0: 0x000000008000ff60 (0xfc843703) ld      a4, -56(s0)
core   0: 3 0x000000008000ff60 (0xfc843703) x14 0x0000000080012040 mem 0x0000000080031f38
core   0: 0x000000008000ff64 (0xfb843783) ld      a5, -72(s0)
core   0: 3 0x000000008000ff64 (0xfb843783) x15 0x000000000000009c mem 0x0000000080031f28
core   0: 0x000000008000ff68 (0x000097ba) c.add   a5, a4
core   0: 3 0x000000008000ff68 (0x97ba) x15 0x00000000800120dc
core   0: 0x000000008000ff6a (0xfe043703) ld      a4, -32(s0)
core   0: 3 0x000000008000ff6a (0xfe043703) x14 0x00000000800120c7 mem 0x0000000080031f50
core   0: 0x000000008000ff6e (0xfcf76de3) bltu    a4, a5, pc - 38
core   0: 3 0x000000008000ff6e (0xfcf76de3)
core   0: 0x000000008000ff48 (0xfe043783) ld      a5, -32(s0)
core   0: 3 0x000000008000ff48 (0xfe043783) x15 0x00000000800120c7 mem 0x0000000080031f50
core   0: 0x000000008000ff4c (0x00178713) addi    a4, a5, 1
core   0: 3 0x000000008000ff4c (0x00178713) x14 0x00000000800120c8
core   0: 0x000000008000ff50 (0xfee43023) sd      a4, -32(s0)
core   0: 3 0x000000008000ff50 (0xfee43023) mem 0x0000000080031f50 0x00000000800120c8
core   0: 0x000000008000ff54 (0xfc442703) lw      a4, -60(s0)
core   0: 3 0x000000008000ff54 (0xfc442703) x14 0x0000000000000000 mem 0x0000000080031f34
core   0: 0x000000008000ff58 (0x0ff77713) andi    a4, a4, 255
core   0: 3 0x000000008000ff58 (0x0ff77713) x14 0x0000000000000000
core   0: 0x000000008000ff5c (0x00e78023) sb      a4, 0(a5)
core   0: 3 0x000000008000ff5c (0x00e78023) mem 0x00000000800120c7 0x00
core   0: 0x000000008000ff60 (0xfc843703) ld      a4, -56(s0)
core   0: 3 0x000000008000ff60 (0xfc843703) x14 0x0000000080012040 mem 0x0000000080031f38
core   0: 0x000000008000ff64 (0xfb843783) ld      a5, -72(s0)
core   0: 3 0x000000008000ff64 (0xfb843783) x15 0x000000000000009c mem 0x0000000080031f28
core   0: 0x000000008000ff68 (0x000097ba) c.add   a5, a4
core   0: 3 0x000000008000ff68 (0x97ba) x15 0x00000000800120dc
core   0: 0x000000008000ff6a (0xfe043703) ld      a4, -32(s0)
core   0: 3 0x000000008000ff6a (0xfe043703) x14 0x00000000800120c8 mem 0x0000000080031f50
core   0: 0x000000008000ff6e (0xfcf76de3) bltu    a4, a5, pc - 38
core   0: 3 0x000000008000ff6e (0xfcf76de3)
core   0: 0x000000008000ff48 (0xfe043783) ld      a5, -32(s0)
core   0: 3 0x000000008000ff48 (0xfe043783) x15 0x00000000800120c8 mem 0x0000000080031f50
core   0: 0x000000008000ff4c (0x00178713) addi    a4, a5, 1
core   0: 3 0x000000008000ff4c (0x00178713) x14 0x00000000800120c9
core   0: 0x000000008000ff50 (0xfee43023) sd      a4, -32(s0)
core   0: 3 0x000000008000ff50 (0xfee43023) mem 0x0000000080031f50 0x00000000800120c9
core   0: 0x000000008000ff54 (0xfc442703) lw      a4, -60(s0)
core   0: 3 0x000000008000ff54 (0xfc442703) x14 0x0000000000000000 mem 0x0000000080031f34
core   0: 0x000000008000ff58 (0x0ff77713) andi    a4, a4, 255
core   0: 3 0x000000008000ff58 (0x0ff77713) x14 0x0000000000000000
core   0: 0x000000008000ff5c (0x00e78023) sb      a4, 0(a5)
core   0: 3 0x000000008000ff5c (0x00e78023) mem 0x00000000800120c8 0x00
core   0: 0x000000008000ff60 (0xfc843703) ld      a4, -56(s0)
core   0: 3 0x000000008000ff60 (0xfc843703) x14 0x0000000080012040 mem 0x0000000080031f38
core   0: 0x000000008000ff64 (0xfb843783) ld      a5, -72(s0)
core   0: 3 0x000000008000ff64 (0xfb843783) x15 0x000000000000009c mem 0x0000000080031f28
core   0: 0x000000008000ff68 (0x000097ba) c.add   a5, a4
core   0: 3 0x000000008000ff68 (0x97ba) x15 0x00000000800120dc
core   0: 0x000000008000ff6a (0xfe043703) ld      a4, -32(s0)
core   0: 3 0x000000008000ff6a (0xfe043703) x14 0x00000000800120c9 mem 0x0000000080031f50
core   0: 0x000000008000ff6e (0xfcf76de3) bltu    a4, a5, pc - 38
core   0: 3 0x000000008000ff6e (0xfcf76de3)
core   0: 0x000000008000ff48 (0xfe043783) ld      a5, -32(s0)
core   0: 3 0x000000008000ff48 (0xfe043783) x15 0x00000000800120c9 mem 0x0000000080031f50
core   0: 0x000000008000ff4c (0x00178713) addi    a4, a5, 1
core   0: 3 0x000000008000ff4c (0x00178713) x14 0x00000000800120ca
core   0: 0x000000008000ff50 (0xfee43023) sd      a4, -32(s0)
core   0: 3 0x000000008000ff50 (0xfee43023) mem 0x0000000080031f50 0x00000000800120ca
core   0: 0x000000008000ff54 (0xfc442703) lw      a4, -60(s0)
core   0: 3 0x000000008000ff54 (0xfc442703) x14 0x0000000000000000 mem 0x0000000080031f34
core   0: 0x000000008000ff58 (0x0ff77713) andi    a4, a4, 255
core   0: 3 0x000000008000ff58 (0x0ff77713) x14 0x0000000000000000
core   0: 0x000000008000ff5c (0x00e78023) sb      a4, 0(a5)
core   0: 3 0x000000008000ff5c (0x00e78023) mem 0x00000000800120c9 0x00
core   0: 0x000000008000ff60 (0xfc843703) ld      a4, -56(s0)
core   0: 3 0x000000008000ff60 (0xfc843703) x14 0x0000000080012040 mem 0x0000000080031f38
core   0: 0x000000008000ff64 (0xfb843783) ld      a5, -72(s0)
core   0: 3 0x000000008000ff64 (0xfb843783) x15 0x000000000000009c mem 0x0000000080031f28
core   0: 0x000000008000ff68 (0x000097ba) c.add   a5, a4
core   0: 3 0x000000008000ff68 (0x97ba) x15 0x00000000800120dc
core   0: 0x000000008000ff6a (0xfe043703) ld      a4, -32(s0)
core   0: 3 0x000000008000ff6a (0xfe043703) x14 0x00000000800120ca mem 0x0000000080031f50
core   0: 0x000000008000ff6e (0xfcf76de3) bltu    a4, a5, pc - 38
core   0: 3 0x000000008000ff6e (0xfcf76de3)
core   0: 0x000000008000ff48 (0xfe043783) ld      a5, -32(s0)
core   0: 3 0x000000008000ff48 (0xfe043783) x15 0x00000000800120ca mem 0x0000000080031f50
core   0: 0x000000008000ff4c (0x00178713) addi    a4, a5, 1
core   0: 3 0x000000008000ff4c (0x00178713) x14 0x00000000800120cb
core   0: 0x000000008000ff50 (0xfee43023) sd      a4, -32(s0)
core   0: 3 0x000000008000ff50 (0xfee43023) mem 0x0000000080031f50 0x00000000800120cb
core   0: 0x000000008000ff54 (0xfc442703) lw      a4, -60(s0)
core   0: 3 0x000000008000ff54 (0xfc442703) x14 0x0000000000000000 mem 0x0000000080031f34
core   0: 0x000000008000ff58 (0x0ff77713) andi    a4, a4, 255
core   0: 3 0x000000008000ff58 (0x0ff77713) x14 0x0000000000000000
core   0: 0x000000008000ff5c (0x00e78023) sb      a4, 0(a5)
core   0: 3 0x000000008000ff5c (0x00e78023) mem 0x00000000800120ca 0x00
core   0: 0x000000008000ff60 (0xfc843703) ld      a4, -56(s0)
core   0: 3 0x000000008000ff60 (0xfc843703) x14 0x0000000080012040 mem 0x0000000080031f38
core   0: 0x000000008000ff64 (0xfb843783) ld      a5, -72(s0)
core   0: 3 0x000000008000ff64 (0xfb843783) x15 0x000000000000009c mem 0x0000000080031f28
core   0: 0x000000008000ff68 (0x000097ba) c.add   a5, a4
core   0: 3 0x000000008000ff68 (0x97ba) x15 0x00000000800120dc
core   0: 0x000000008000ff6a (0xfe043703) ld      a4, -32(s0)
core   0: 3 0x000000008000ff6a (0xfe043703) x14 0x00000000800120cb mem 0x0000000080031f50
core   0: 0x000000008000ff6e (0xfcf76de3) bltu    a4, a5, pc - 38
core   0: 3 0x000000008000ff6e (0xfcf76de3)
core   0: 0x000000008000ff48 (0xfe043783) ld      a5, -32(s0)
core   0: 3 0x000000008000ff48 (0xfe043783) x15 0x00000000800120cb mem 0x0000000080031f50
core   0: 0x000000008000ff4c (0x00178713) addi    a4, a5, 1
core   0: 3 0x000000008000ff4c (0x00178713) x14 0x00000000800120cc
core   0: 0x000000008000ff50 (0xfee43023) sd      a4, -32(s0)
core   0: 3 0x000000008000ff50 (0xfee43023) mem 0x0000000080031f50 0x00000000800120cc
core   0: 0x000000008000ff54 (0xfc442703) lw      a4, -60(s0)
core   0: 3 0x000000008000ff54 (0xfc442703) x14 0x0000000000000000 mem 0x0000000080031f34
core   0: 0x000000008000ff58 (0x0ff77713) andi    a4, a4, 255
core   0: 3 0x000000008000ff58 (0x0ff77713) x14 0x0000000000000000
core   0: 0x000000008000ff5c (0x00e78023) sb      a4, 0(a5)
core   0: 3 0x000000008000ff5c (0x00e78023) mem 0x00000000800120cb 0x00
core   0: 0x000000008000ff60 (0xfc843703) ld      a4, -56(s0)
core   0: 3 0x000000008000ff60 (0xfc843703) x14 0x0000000080012040 mem 0x0000000080031f38
core   0: 0x000000008000ff64 (0xfb843783) ld      a5, -72(s0)
core   0: 3 0x000000008000ff64 (0xfb843783) x15 0x000000000000009c mem 0x0000000080031f28
core   0: 0x000000008000ff68 (0x000097ba) c.add   a5, a4
core   0: 3 0x000000008000ff68 (0x97ba) x15 0x00000000800120dc
core   0: 0x000000008000ff6a (0xfe043703) ld      a4, -32(s0)
core   0: 3 0x000000008000ff6a (0xfe043703) x14 0x00000000800120cc mem 0x0000000080031f50
core   0: 0x000000008000ff6e (0xfcf76de3) bltu    a4, a5, pc - 38
core   0: 3 0x000000008000ff6e (0xfcf76de3)
core   0: 0x000000008000ff48 (0xfe043783) ld      a5, -32(s0)
core   0: 3 0x000000008000ff48 (0xfe043783) x15 0x00000000800120cc mem 0x0000000080031f50
core   0: 0x000000008000ff4c (0x00178713) addi    a4, a5, 1
core   0: 3 0x000000008000ff4c (0x00178713) x14 0x00000000800120cd
core   0: 0x000000008000ff50 (0xfee43023) sd      a4, -32(s0)
core   0: 3 0x000000008000ff50 (0xfee43023) mem 0x0000000080031f50 0x00000000800120cd
core   0: 0x000000008000ff54 (0xfc442703) lw      a4, -60(s0)
core   0: 3 0x000000008000ff54 (0xfc442703) x14 0x0000000000000000 mem 0x0000000080031f34
core   0: 0x000000008000ff58 (0x0ff77713) andi    a4, a4, 255
core   0: 3 0x000000008000ff58 (0x0ff77713) x14 0x0000000000000000
core   0: 0x000000008000ff5c (0x00e78023) sb      a4, 0(a5)
core   0: 3 0x000000008000ff5c (0x00e78023) mem 0x00000000800120cc 0x00
core   0: 0x000000008000ff60 (0xfc843703) ld      a4, -56(s0)
core   0: 3 0x000000008000ff60 (0xfc843703) x14 0x0000000080012040 mem 0x0000000080031f38
core   0: 0x000000008000ff64 (0xfb843783) ld      a5, -72(s0)
core   0: 3 0x000000008000ff64 (0xfb843783) x15 0x000000000000009c mem 0x0000000080031f28
core   0: 0x000000008000ff68 (0x000097ba) c.add   a5, a4
core   0: 3 0x000000008000ff68 (0x97ba) x15 0x00000000800120dc
core   0: 0x000000008000ff6a (0xfe043703) ld      a4, -32(s0)
core   0: 3 0x000000008000ff6a (0xfe043703) x14 0x00000000800120cd mem 0x0000000080031f50
core   0: 0x000000008000ff6e (0xfcf76de3) bltu    a4, a5, pc - 38
core   0: 3 0x000000008000ff6e (0xfcf76de3)
core   0: 0x000000008000ff48 (0xfe043783) ld      a5, -32(s0)
core   0: 3 0x000000008000ff48 (0xfe043783) x15 0x00000000800120cd mem 0x0000000080031f50
core   0: 0x000000008000ff4c (0x00178713) addi    a4, a5, 1
core   0: 3 0x000000008000ff4c (0x00178713) x14 0x00000000800120ce
core   0: 0x000000008000ff50 (0xfee43023) sd      a4, -32(s0)
core   0: 3 0x000000008000ff50 (0xfee43023) mem 0x0000000080031f50 0x00000000800120ce
core   0: 0x000000008000ff54 (0xfc442703) lw      a4, -60(s0)
core   0: 3 0x000000008000ff54 (0xfc442703) x14 0x0000000000000000 mem 0x0000000080031f34
core   0: 0x000000008000ff58 (0x0ff77713) andi    a4, a4, 255
core   0: 3 0x000000008000ff58 (0x0ff77713) x14 0x0000000000000000
core   0: 0x000000008000ff5c (0x00e78023) sb      a4, 0(a5)
core   0: 3 0x000000008000ff5c (0x00e78023) mem 0x00000000800120cd 0x00
core   0: 0x000000008000ff60 (0xfc843703) ld      a4, -56(s0)
core   0: 3 0x000000008000ff60 (0xfc843703) x14 0x0000000080012040 mem 0x0000000080031f38
core   0: 0x000000008000ff64 (0xfb843783) ld      a5, -72(s0)
core   0: 3 0x000000008000ff64 (0xfb843783) x15 0x000000000000009c mem 0x0000000080031f28
core   0: 0x000000008000ff68 (0x000097ba) c.add   a5, a4
core   0: 3 0x000000008000ff68 (0x97ba) x15 0x00000000800120dc
core   0: 0x000000008000ff6a (0xfe043703) ld      a4, -32(s0)
core   0: 3 0x000000008000ff6a (0xfe043703) x14 0x00000000800120ce mem 0x0000000080031f50
core   0: 0x000000008000ff6e (0xfcf76de3) bltu    a4, a5, pc - 38
core   0: 3 0x000000008000ff6e (0xfcf76de3)
core   0: 0x000000008000ff48 (0xfe043783) ld      a5, -32(s0)
core   0: 3 0x000000008000ff48 (0xfe043783) x15 0x00000000800120ce mem 0x0000000080031f50
core   0: 0x000000008000ff4c (0x00178713) addi    a4, a5, 1
core   0: 3 0x000000008000ff4c (0x00178713) x14 0x00000000800120cf
core   0: 0x000000008000ff50 (0xfee43023) sd      a4, -32(s0)
core   0: 3 0x000000008000ff50 (0xfee43023) mem 0x0000000080031f50 0x00000000800120cf
core   0: 0x000000008000ff54 (0xfc442703) lw      a4, -60(s0)
core   0: 3 0x000000008000ff54 (0xfc442703) x14 0x0000000000000000 mem 0x0000000080031f34
core   0: 0x000000008000ff58 (0x0ff77713) andi    a4, a4, 255
core   0: 3 0x000000008000ff58 (0x0ff77713) x14 0x0000000000000000
core   0: 0x000000008000ff5c (0x00e78023) sb      a4, 0(a5)
core   0: 3 0x000000008000ff5c (0x00e78023) mem 0x00000000800120ce 0x00
core   0: 0x000000008000ff60 (0xfc843703) ld      a4, -56(s0)
core   0: 3 0x000000008000ff60 (0xfc843703) x14 0x0000000080012040 mem 0x0000000080031f38
core   0: 0x000000008000ff64 (0xfb843783) ld      a5, -72(s0)
core   0: 3 0x000000008000ff64 (0xfb843783) x15 0x000000000000009c mem 0x0000000080031f28
core   0: 0x000000008000ff68 (0x000097ba) c.add   a5, a4
core   0: 3 0x000000008000ff68 (0x97ba) x15 0x00000000800120dc
core   0: 0x000000008000ff6a (0xfe043703) ld      a4, -32(s0)
core   0: 3 0x000000008000ff6a (0xfe043703) x14 0x00000000800120cf mem 0x0000000080031f50
core   0: 0x000000008000ff6e (0xfcf76de3) bltu    a4, a5, pc - 38
core   0: 3 0x000000008000ff6e (0xfcf76de3)
core   0: 0x000000008000ff48 (0xfe043783) ld      a5, -32(s0)
core   0: 3 0x000000008000ff48 (0xfe043783) x15 0x00000000800120cf mem 0x0000000080031f50
core   0: 0x000000008000ff4c (0x00178713) addi    a4, a5, 1
core   0: 3 0x000000008000ff4c (0x00178713) x14 0x00000000800120d0
core   0: 0x000000008000ff50 (0xfee43023) sd      a4, -32(s0)
core   0: 3 0x000000008000ff50 (0xfee43023) mem 0x0000000080031f50 0x00000000800120d0
core   0: 0x000000008000ff54 (0xfc442703) lw      a4, -60(s0)
core   0: 3 0x000000008000ff54 (0xfc442703) x14 0x0000000000000000 mem 0x0000000080031f34
core   0: 0x000000008000ff58 (0x0ff77713) andi    a4, a4, 255
core   0: 3 0x000000008000ff58 (0x0ff77713) x14 0x0000000000000000
core   0: 0x000000008000ff5c (0x00e78023) sb      a4, 0(a5)
core   0: 3 0x000000008000ff5c (0x00e78023) mem 0x00000000800120cf 0x00
core   0: 0x000000008000ff60 (0xfc843703) ld      a4, -56(s0)
core   0: 3 0x000000008000ff60 (0xfc843703) x14 0x0000000080012040 mem 0x0000000080031f38
core   0: 0x000000008000ff64 (0xfb843783) ld      a5, -72(s0)
core   0: 3 0x000000008000ff64 (0xfb843783) x15 0x000000000000009c mem 0x0000000080031f28
core   0: 0x000000008000ff68 (0x000097ba) c.add   a5, a4
core   0: 3 0x000000008000ff68 (0x97ba) x15 0x00000000800120dc
core   0: 0x000000008000ff6a (0xfe043703) ld      a4, -32(s0)
core   0: 3 0x000000008000ff6a (0xfe043703) x14 0x00000000800120d0 mem 0x0000000080031f50
core   0: 0x000000008000ff6e (0xfcf76de3) bltu    a4, a5, pc - 38
core   0: 3 0x000000008000ff6e (0xfcf76de3)
core   0: 0x000000008000ff48 (0xfe043783) ld      a5, -32(s0)
core   0: 3 0x000000008000ff48 (0xfe043783) x15 0x00000000800120d0 mem 0x0000000080031f50
core   0: 0x000000008000ff4c (0x00178713) addi    a4, a5, 1
core   0: 3 0x000000008000ff4c (0x00178713) x14 0x00000000800120d1
core   0: 0x000000008000ff50 (0xfee43023) sd      a4, -32(s0)
core   0: 3 0x000000008000ff50 (0xfee43023) mem 0x0000000080031f50 0x00000000800120d1
core   0: 0x000000008000ff54 (0xfc442703) lw      a4, -60(s0)
core   0: 3 0x000000008000ff54 (0xfc442703) x14 0x0000000000000000 mem 0x0000000080031f34
core   0: 0x000000008000ff58 (0x0ff77713) andi    a4, a4, 255
core   0: 3 0x000000008000ff58 (0x0ff77713) x14 0x0000000000000000
core   0: 0x000000008000ff5c (0x00e78023) sb      a4, 0(a5)
core   0: 3 0x000000008000ff5c (0x00e78023) mem 0x00000000800120d0 0x00
core   0: 0x000000008000ff60 (0xfc843703) ld      a4, -56(s0)
core   0: 3 0x000000008000ff60 (0xfc843703) x14 0x0000000080012040 mem 0x0000000080031f38
core   0: 0x000000008000ff64 (0xfb843783) ld      a5, -72(s0)
core   0: 3 0x000000008000ff64 (0xfb843783) x15 0x000000000000009c mem 0x0000000080031f28
core   0: 0x000000008000ff68 (0x000097ba) c.add   a5, a4
core   0: 3 0x000000008000ff68 (0x97ba) x15 0x00000000800120dc
core   0: 0x000000008000ff6a (0xfe043703) ld      a4, -32(s0)
core   0: 3 0x000000008000ff6a (0xfe043703) x14 0x00000000800120d1 mem 0x0000000080031f50
core   0: 0x000000008000ff6e (0xfcf76de3) bltu    a4, a5, pc - 38
core   0: 3 0x000000008000ff6e (0xfcf76de3)
core   0: 0x000000008000ff48 (0xfe043783) ld      a5, -32(s0)
core   0: 3 0x000000008000ff48 (0xfe043783) x15 0x00000000800120d1 mem 0x0000000080031f50
core   0: 0x000000008000ff4c (0x00178713) addi    a4, a5, 1
core   0: 3 0x000000008000ff4c (0x00178713) x14 0x00000000800120d2
core   0: 0x000000008000ff50 (0xfee43023) sd      a4, -32(s0)
core   0: 3 0x000000008000ff50 (0xfee43023) mem 0x0000000080031f50 0x00000000800120d2
core   0: 0x000000008000ff54 (0xfc442703) lw      a4, -60(s0)
core   0: 3 0x000000008000ff54 (0xfc442703) x14 0x0000000000000000 mem 0x0000000080031f34
core   0: 0x000000008000ff58 (0x0ff77713) andi    a4, a4, 255
core   0: 3 0x000000008000ff58 (0x0ff77713) x14 0x0000000000000000
core   0: 0x000000008000ff5c (0x00e78023) sb      a4, 0(a5)
core   0: 3 0x000000008000ff5c (0x00e78023) mem 0x00000000800120d1 0x00
core   0: 0x000000008000ff60 (0xfc843703) ld      a4, -56(s0)
core   0: 3 0x000000008000ff60 (0xfc843703) x14 0x0000000080012040 mem 0x0000000080031f38
core   0: 0x000000008000ff64 (0xfb843783) ld      a5, -72(s0)
core   0: 3 0x000000008000ff64 (0xfb843783) x15 0x000000000000009c mem 0x0000000080031f28
core   0: 0x000000008000ff68 (0x000097ba) c.add   a5, a4
core   0: 3 0x000000008000ff68 (0x97ba) x15 0x00000000800120dc
core   0: 0x000000008000ff6a (0xfe043703) ld      a4, -32(s0)
core   0: 3 0x000000008000ff6a (0xfe043703) x14 0x00000000800120d2 mem 0x0000000080031f50
core   0: 0x000000008000ff6e (0xfcf76de3) bltu    a4, a5, pc - 38
core   0: 3 0x000000008000ff6e (0xfcf76de3)
core   0: 0x000000008000ff48 (0xfe043783) ld      a5, -32(s0)
core   0: 3 0x000000008000ff48 (0xfe043783) x15 0x00000000800120d2 mem 0x0000000080031f50
core   0: 0x000000008000ff4c (0x00178713) addi    a4, a5, 1
core   0: 3 0x000000008000ff4c (0x00178713) x14 0x00000000800120d3
core   0: 0x000000008000ff50 (0xfee43023) sd      a4, -32(s0)
core   0: 3 0x000000008000ff50 (0xfee43023) mem 0x0000000080031f50 0x00000000800120d3
core   0: 0x000000008000ff54 (0xfc442703) lw      a4, -60(s0)
core   0: 3 0x000000008000ff54 (0xfc442703) x14 0x0000000000000000 mem 0x0000000080031f34
core   0: 0x000000008000ff58 (0x0ff77713) andi    a4, a4, 255
core   0: 3 0x000000008000ff58 (0x0ff77713) x14 0x0000000000000000
core   0: 0x000000008000ff5c (0x00e78023) sb      a4, 0(a5)
core   0: 3 0x000000008000ff5c (0x00e78023) mem 0x00000000800120d2 0x00
core   0: 0x000000008000ff60 (0xfc843703) ld      a4, -56(s0)
core   0: 3 0x000000008000ff60 (0xfc843703) x14 0x0000000080012040 mem 0x0000000080031f38
core   0: 0x000000008000ff64 (0xfb843783) ld      a5, -72(s0)
core   0: 3 0x000000008000ff64 (0xfb843783) x15 0x000000000000009c mem 0x0000000080031f28
core   0: 0x000000008000ff68 (0x000097ba) c.add   a5, a4
core   0: 3 0x000000008000ff68 (0x97ba) x15 0x00000000800120dc
core   0: 0x000000008000ff6a (0xfe043703) ld      a4, -32(s0)
core   0: 3 0x000000008000ff6a (0xfe043703) x14 0x00000000800120d3 mem 0x0000000080031f50
core   0: 0x000000008000ff6e (0xfcf76de3) bltu    a4, a5, pc - 38
core   0: 3 0x000000008000ff6e (0xfcf76de3)
core   0: 0x000000008000ff48 (0xfe043783) ld      a5, -32(s0)
core   0: 3 0x000000008000ff48 (0xfe043783) x15 0x00000000800120d3 mem 0x0000000080031f50
core   0: 0x000000008000ff4c (0x00178713) addi    a4, a5, 1
core   0: 3 0x000000008000ff4c (0x00178713) x14 0x00000000800120d4
core   0: 0x000000008000ff50 (0xfee43023) sd      a4, -32(s0)
core   0: 3 0x000000008000ff50 (0xfee43023) mem 0x0000000080031f50 0x00000000800120d4
core   0: 0x000000008000ff54 (0xfc442703) lw      a4, -60(s0)
core   0: 3 0x000000008000ff54 (0xfc442703) x14 0x0000000000000000 mem 0x0000000080031f34
core   0: 0x000000008000ff58 (0x0ff77713) andi    a4, a4, 255
core   0: 3 0x000000008000ff58 (0x0ff77713) x14 0x0000000000000000
core   0: 0x000000008000ff5c (0x00e78023) sb      a4, 0(a5)
core   0: 3 0x000000008000ff5c (0x00e78023) mem 0x00000000800120d3 0x00
core   0: 0x000000008000ff60 (0xfc843703) ld      a4, -56(s0)
core   0: 3 0x000000008000ff60 (0xfc843703) x14 0x0000000080012040 mem 0x0000000080031f38
core   0: 0x000000008000ff64 (0xfb843783) ld      a5, -72(s0)
core   0: 3 0x000000008000ff64 (0xfb843783) x15 0x000000000000009c mem 0x0000000080031f28
core   0: 0x000000008000ff68 (0x000097ba) c.add   a5, a4
core   0: 3 0x000000008000ff68 (0x97ba) x15 0x00000000800120dc
core   0: 0x000000008000ff6a (0xfe043703) ld      a4, -32(s0)
core   0: 3 0x000000008000ff6a (0xfe043703) x14 0x00000000800120d4 mem 0x0000000080031f50
core   0: 0x000000008000ff6e (0xfcf76de3) bltu    a4, a5, pc - 38
core   0: 3 0x000000008000ff6e (0xfcf76de3)
core   0: 0x000000008000ff48 (0xfe043783) ld      a5, -32(s0)
core   0: 3 0x000000008000ff48 (0xfe043783) x15 0x00000000800120d4 mem 0x0000000080031f50
core   0: 0x000000008000ff4c (0x00178713) addi    a4, a5, 1
core   0: 3 0x000000008000ff4c (0x00178713) x14 0x00000000800120d5
core   0: 0x000000008000ff50 (0xfee43023) sd      a4, -32(s0)
core   0: 3 0x000000008000ff50 (0xfee43023) mem 0x0000000080031f50 0x00000000800120d5
core   0: 0x000000008000ff54 (0xfc442703) lw      a4, -60(s0)
core   0: 3 0x000000008000ff54 (0xfc442703) x14 0x0000000000000000 mem 0x0000000080031f34
core   0: 0x000000008000ff58 (0x0ff77713) andi    a4, a4, 255
core   0: 3 0x000000008000ff58 (0x0ff77713) x14 0x0000000000000000
core   0: 0x000000008000ff5c (0x00e78023) sb      a4, 0(a5)
core   0: 3 0x000000008000ff5c (0x00e78023) mem 0x00000000800120d4 0x00
core   0: 0x000000008000ff60 (0xfc843703) ld      a4, -56(s0)
core   0: 3 0x000000008000ff60 (0xfc843703) x14 0x0000000080012040 mem 0x0000000080031f38
core   0: 0x000000008000ff64 (0xfb843783) ld      a5, -72(s0)
core   0: 3 0x000000008000ff64 (0xfb843783) x15 0x000000000000009c mem 0x0000000080031f28
core   0: 0x000000008000ff68 (0x000097ba) c.add   a5, a4
core   0: 3 0x000000008000ff68 (0x97ba) x15 0x00000000800120dc
core   0: 0x000000008000ff6a (0xfe043703) ld      a4, -32(s0)
core   0: 3 0x000000008000ff6a (0xfe043703) x14 0x00000000800120d5 mem 0x0000000080031f50
core   0: 0x000000008000ff6e (0xfcf76de3) bltu    a4, a5, pc - 38
core   0: 3 0x000000008000ff6e (0xfcf76de3)
core   0: 0x000000008000ff48 (0xfe043783) ld      a5, -32(s0)
core   0: 3 0x000000008000ff48 (0xfe043783) x15 0x00000000800120d5 mem 0x0000000080031f50
core   0: 0x000000008000ff4c (0x00178713) addi    a4, a5, 1
core   0: 3 0x000000008000ff4c (0x00178713) x14 0x00000000800120d6
core   0: 0x000000008000ff50 (0xfee43023) sd      a4, -32(s0)
core   0: 3 0x000000008000ff50 (0xfee43023) mem 0x0000000080031f50 0x00000000800120d6
core   0: 0x000000008000ff54 (0xfc442703) lw      a4, -60(s0)
core   0: 3 0x000000008000ff54 (0xfc442703) x14 0x0000000000000000 mem 0x0000000080031f34
core   0: 0x000000008000ff58 (0x0ff77713) andi    a4, a4, 255
core   0: 3 0x000000008000ff58 (0x0ff77713) x14 0x0000000000000000
core   0: 0x000000008000ff5c (0x00e78023) sb      a4, 0(a5)
core   0: 3 0x000000008000ff5c (0x00e78023) mem 0x00000000800120d5 0x00
core   0: 0x000000008000ff60 (0xfc843703) ld      a4, -56(s0)
core   0: 3 0x000000008000ff60 (0xfc843703) x14 0x0000000080012040 mem 0x0000000080031f38
core   0: 0x000000008000ff64 (0xfb843783) ld      a5, -72(s0)
core   0: 3 0x000000008000ff64 (0xfb843783) x15 0x000000000000009c mem 0x0000000080031f28
core   0: 0x000000008000ff68 (0x000097ba) c.add   a5, a4
core   0: 3 0x000000008000ff68 (0x97ba) x15 0x00000000800120dc
core   0: 0x000000008000ff6a (0xfe043703) ld      a4, -32(s0)
core   0: 3 0x000000008000ff6a (0xfe043703) x14 0x00000000800120d6 mem 0x0000000080031f50
core   0: 0x000000008000ff6e (0xfcf76de3) bltu    a4, a5, pc - 38
core   0: 3 0x000000008000ff6e (0xfcf76de3)
core   0: 0x000000008000ff48 (0xfe043783) ld      a5, -32(s0)
core   0: 3 0x000000008000ff48 (0xfe043783) x15 0x00000000800120d6 mem 0x0000000080031f50
core   0: 0x000000008000ff4c (0x00178713) addi    a4, a5, 1
core   0: 3 0x000000008000ff4c (0x00178713) x14 0x00000000800120d7
core   0: 0x000000008000ff50 (0xfee43023) sd      a4, -32(s0)
core   0: 3 0x000000008000ff50 (0xfee43023) mem 0x0000000080031f50 0x00000000800120d7
core   0: 0x000000008000ff54 (0xfc442703) lw      a4, -60(s0)
core   0: 3 0x000000008000ff54 (0xfc442703) x14 0x0000000000000000 mem 0x0000000080031f34
core   0: 0x000000008000ff58 (0x0ff77713) andi    a4, a4, 255
core   0: 3 0x000000008000ff58 (0x0ff77713) x14 0x0000000000000000
core   0: 0x000000008000ff5c (0x00e78023) sb      a4, 0(a5)
core   0: 3 0x000000008000ff5c (0x00e78023) mem 0x00000000800120d6 0x00
core   0: 0x000000008000ff60 (0xfc843703) ld      a4, -56(s0)
core   0: 3 0x000000008000ff60 (0xfc843703) x14 0x0000000080012040 mem 0x0000000080031f38
core   0: 0x000000008000ff64 (0xfb843783) ld      a5, -72(s0)
core   0: 3 0x000000008000ff64 (0xfb843783) x15 0x000000000000009c mem 0x0000000080031f28
core   0: 0x000000008000ff68 (0x000097ba) c.add   a5, a4
core   0: 3 0x000000008000ff68 (0x97ba) x15 0x00000000800120dc
core   0: 0x000000008000ff6a (0xfe043703) ld      a4, -32(s0)
core   0: 3 0x000000008000ff6a (0xfe043703) x14 0x00000000800120d7 mem 0x0000000080031f50
core   0: 0x000000008000ff6e (0xfcf76de3) bltu    a4, a5, pc - 38
core   0: 3 0x000000008000ff6e (0xfcf76de3)
core   0: 0x000000008000ff48 (0xfe043783) ld      a5, -32(s0)
core   0: 3 0x000000008000ff48 (0xfe043783) x15 0x00000000800120d7 mem 0x0000000080031f50
core   0: 0x000000008000ff4c (0x00178713) addi    a4, a5, 1
core   0: 3 0x000000008000ff4c (0x00178713) x14 0x00000000800120d8
core   0: 0x000000008000ff50 (0xfee43023) sd      a4, -32(s0)
core   0: 3 0x000000008000ff50 (0xfee43023) mem 0x0000000080031f50 0x00000000800120d8
core   0: 0x000000008000ff54 (0xfc442703) lw      a4, -60(s0)
core   0: 3 0x000000008000ff54 (0xfc442703) x14 0x0000000000000000 mem 0x0000000080031f34
core   0: 0x000000008000ff58 (0x0ff77713) andi    a4, a4, 255
core   0: 3 0x000000008000ff58 (0x0ff77713) x14 0x0000000000000000
core   0: 0x000000008000ff5c (0x00e78023) sb      a4, 0(a5)
core   0: 3 0x000000008000ff5c (0x00e78023) mem 0x00000000800120d7 0x00
core   0: 0x000000008000ff60 (0xfc843703) ld      a4, -56(s0)
core   0: 3 0x000000008000ff60 (0xfc843703) x14 0x0000000080012040 mem 0x0000000080031f38
core   0: 0x000000008000ff64 (0xfb843783) ld      a5, -72(s0)
core   0: 3 0x000000008000ff64 (0xfb843783) x15 0x000000000000009c mem 0x0000000080031f28
core   0: 0x000000008000ff68 (0x000097ba) c.add   a5, a4
core   0: 3 0x000000008000ff68 (0x97ba) x15 0x00000000800120dc
core   0: 0x000000008000ff6a (0xfe043703) ld      a4, -32(s0)
core   0: 3 0x000000008000ff6a (0xfe043703) x14 0x00000000800120d8 mem 0x0000000080031f50
core   0: 0x000000008000ff6e (0xfcf76de3) bltu    a4, a5, pc - 38
core   0: 3 0x000000008000ff6e (0xfcf76de3)
core   0: 0x000000008000ff48 (0xfe043783) ld      a5, -32(s0)
core   0: 3 0x000000008000ff48 (0xfe043783) x15 0x00000000800120d8 mem 0x0000000080031f50
core   0: 0x000000008000ff4c (0x00178713) addi    a4, a5, 1
core   0: 3 0x000000008000ff4c (0x00178713) x14 0x00000000800120d9
core   0: 0x000000008000ff50 (0xfee43023) sd      a4, -32(s0)
core   0: 3 0x000000008000ff50 (0xfee43023) mem 0x0000000080031f50 0x00000000800120d9
core   0: 0x000000008000ff54 (0xfc442703) lw      a4, -60(s0)
core   0: 3 0x000000008000ff54 (0xfc442703) x14 0x0000000000000000 mem 0x0000000080031f34
core   0: 0x000000008000ff58 (0x0ff77713) andi    a4, a4, 255
core   0: 3 0x000000008000ff58 (0x0ff77713) x14 0x0000000000000000
core   0: 0x000000008000ff5c (0x00e78023) sb      a4, 0(a5)
core   0: 3 0x000000008000ff5c (0x00e78023) mem 0x00000000800120d8 0x00
core   0: 0x000000008000ff60 (0xfc843703) ld      a4, -56(s0)
core   0: 3 0x000000008000ff60 (0xfc843703) x14 0x0000000080012040 mem 0x0000000080031f38
core   0: 0x000000008000ff64 (0xfb843783) ld      a5, -72(s0)
core   0: 3 0x000000008000ff64 (0xfb843783) x15 0x000000000000009c mem 0x0000000080031f28
core   0: 0x000000008000ff68 (0x000097ba) c.add   a5, a4
core   0: 3 0x000000008000ff68 (0x97ba) x15 0x00000000800120dc
core   0: 0x000000008000ff6a (0xfe043703) ld      a4, -32(s0)
core   0: 3 0x000000008000ff6a (0xfe043703) x14 0x00000000800120d9 mem 0x0000000080031f50
core   0: 0x000000008000ff6e (0xfcf76de3) bltu    a4, a5, pc - 38
core   0: 3 0x000000008000ff6e (0xfcf76de3)
core   0: 0x000000008000ff48 (0xfe043783) ld      a5, -32(s0)
core   0: 3 0x000000008000ff48 (0xfe043783) x15 0x00000000800120d9 mem 0x0000000080031f50
core   0: 0x000000008000ff4c (0x00178713) addi    a4, a5, 1
core   0: 3 0x000000008000ff4c (0x00178713) x14 0x00000000800120da
core   0: 0x000000008000ff50 (0xfee43023) sd      a4, -32(s0)
core   0: 3 0x000000008000ff50 (0xfee43023) mem 0x0000000080031f50 0x00000000800120da
core   0: 0x000000008000ff54 (0xfc442703) lw      a4, -60(s0)
core   0: 3 0x000000008000ff54 (0xfc442703) x14 0x0000000000000000 mem 0x0000000080031f34
core   0: 0x000000008000ff58 (0x0ff77713) andi    a4, a4, 255
core   0: 3 0x000000008000ff58 (0x0ff77713) x14 0x0000000000000000
core   0: 0x000000008000ff5c (0x00e78023) sb      a4, 0(a5)
core   0: 3 0x000000008000ff5c (0x00e78023) mem 0x00000000800120d9 0x00
core   0: 0x000000008000ff60 (0xfc843703) ld      a4, -56(s0)
core   0: 3 0x000000008000ff60 (0xfc843703) x14 0x0000000080012040 mem 0x0000000080031f38
core   0: 0x000000008000ff64 (0xfb843783) ld      a5, -72(s0)
core   0: 3 0x000000008000ff64 (0xfb843783) x15 0x000000000000009c mem 0x0000000080031f28
core   0: 0x000000008000ff68 (0x000097ba) c.add   a5, a4
core   0: 3 0x000000008000ff68 (0x97ba) x15 0x00000000800120dc
core   0: 0x000000008000ff6a (0xfe043703) ld      a4, -32(s0)
core   0: 3 0x000000008000ff6a (0xfe043703) x14 0x00000000800120da mem 0x0000000080031f50
core   0: 0x000000008000ff6e (0xfcf76de3) bltu    a4, a5, pc - 38
core   0: 3 0x000000008000ff6e (0xfcf76de3)
core   0: 0x000000008000ff48 (0xfe043783) ld      a5, -32(s0)
core   0: 3 0x000000008000ff48 (0xfe043783) x15 0x00000000800120da mem 0x0000000080031f50
core   0: 0x000000008000ff4c (0x00178713) addi    a4, a5, 1
core   0: 3 0x000000008000ff4c (0x00178713) x14 0x00000000800120db
core   0: 0x000000008000ff50 (0xfee43023) sd      a4, -32(s0)
core   0: 3 0x000000008000ff50 (0xfee43023) mem 0x0000000080031f50 0x00000000800120db
core   0: 0x000000008000ff54 (0xfc442703) lw      a4, -60(s0)
core   0: 3 0x000000008000ff54 (0xfc442703) x14 0x0000000000000000 mem 0x0000000080031f34
core   0: 0x000000008000ff58 (0x0ff77713) andi    a4, a4, 255
core   0: 3 0x000000008000ff58 (0x0ff77713) x14 0x0000000000000000
core   0: 0x000000008000ff5c (0x00e78023) sb      a4, 0(a5)
core   0: 3 0x000000008000ff5c (0x00e78023) mem 0x00000000800120da 0x00
core   0: 0x000000008000ff60 (0xfc843703) ld      a4, -56(s0)
core   0: 3 0x000000008000ff60 (0xfc843703) x14 0x0000000080012040 mem 0x0000000080031f38
core   0: 0x000000008000ff64 (0xfb843783) ld      a5, -72(s0)
core   0: 3 0x000000008000ff64 (0xfb843783) x15 0x000000000000009c mem 0x0000000080031f28
core   0: 0x000000008000ff68 (0x000097ba) c.add   a5, a4
core   0: 3 0x000000008000ff68 (0x97ba) x15 0x00000000800120dc
core   0: 0x000000008000ff6a (0xfe043703) ld      a4, -32(s0)
core   0: 3 0x000000008000ff6a (0xfe043703) x14 0x00000000800120db mem 0x0000000080031f50
core   0: 0x000000008000ff6e (0xfcf76de3) bltu    a4, a5, pc - 38
core   0: 3 0x000000008000ff6e (0xfcf76de3)
core   0: 0x000000008000ff48 (0xfe043783) ld      a5, -32(s0)
core   0: 3 0x000000008000ff48 (0xfe043783) x15 0x00000000800120db mem 0x0000000080031f50
core   0: 0x000000008000ff4c (0x00178713) addi    a4, a5, 1
core   0: 3 0x000000008000ff4c (0x00178713) x14 0x00000000800120dc
core   0: 0x000000008000ff50 (0xfee43023) sd      a4, -32(s0)
core   0: 3 0x000000008000ff50 (0xfee43023) mem 0x0000000080031f50 0x00000000800120dc
core   0: 0x000000008000ff54 (0xfc442703) lw      a4, -60(s0)
core   0: 3 0x000000008000ff54 (0xfc442703) x14 0x0000000000000000 mem 0x0000000080031f34
core   0: 0x000000008000ff58 (0x0ff77713) andi    a4, a4, 255
core   0: 3 0x000000008000ff58 (0x0ff77713) x14 0x0000000000000000
core   0: 0x000000008000ff5c (0x00e78023) sb      a4, 0(a5)
core   0: 3 0x000000008000ff5c (0x00e78023) mem 0x00000000800120db 0x00
core   0: 0x000000008000ff60 (0xfc843703) ld      a4, -56(s0)
core   0: 3 0x000000008000ff60 (0xfc843703) x14 0x0000000080012040 mem 0x0000000080031f38
core   0: 0x000000008000ff64 (0xfb843783) ld      a5, -72(s0)
core   0: 3 0x000000008000ff64 (0xfb843783) x15 0x000000000000009c mem 0x0000000080031f28
core   0: 0x000000008000ff68 (0x000097ba) c.add   a5, a4
core   0: 3 0x000000008000ff68 (0x97ba) x15 0x00000000800120dc
core   0: 0x000000008000ff6a (0xfe043703) ld      a4, -32(s0)
core   0: 3 0x000000008000ff6a (0xfe043703) x14 0x00000000800120dc mem 0x0000000080031f50
core   0: 0x000000008000ff6e (0xfcf76de3) bltu    a4, a5, pc - 38
core   0: 3 0x000000008000ff6e (0xfcf76de3)
core   0: 0x000000008000ff72 (0xfc843783) ld      a5, -56(s0)
core   0: 3 0x000000008000ff72 (0xfc843783) x15 0x0000000080012040 mem 0x0000000080031f38
core   0: 0x000000008000ff76 (0x0000853e) c.mv    a0, a5
core   0: 3 0x000000008000ff76 (0x853e) x10 0x0000000080012040
core   0: 0x000000008000ff78 (0x00006426) c.ldsp  s0, 72(sp)
core   0: 3 0x000000008000ff78 (0x6426) x8  0x0000000080031f90 mem 0x0000000080031f68
core   0: 0x000000008000ff7a (0x00006161) c.addi16sp sp, 80
core   0: 3 0x000000008000ff7a (0x6161) x2  0x0000000080031f70
core   0: 0x000000008000ff7c (0x00008082) ret
core   0: 3 0x000000008000ff7c (0x8082)
core   0: 0x000000008000f530 (0x00000001) c.nop
core   0: 3 0x000000008000f530 (0x0001)
core   0: 0x000000008000f532 (0x000060e2) c.ldsp  ra, 24(sp)
core   0: 3 0x000000008000f532 (0x60e2) x1  0x000000008000f570 mem 0x0000000080031f88
core   0: 0x000000008000f534 (0x00006442) c.ldsp  s0, 16(sp)
core   0: 3 0x000000008000f534 (0x6442) x8  0x0000000080032040 mem 0x0000000080031f80
core   0: 0x000000008000f536 (0x00006105) c.addi16sp sp, 32
core   0: 3 0x000000008000f536 (0x6105) x2  0x0000000080031f90
core   0: 0x000000008000f538 (0x00008082) ret
core   0: 3 0x000000008000f538 (0x8082)
core   0: 0x000000008000f570 (0xf5842703) lw      a4, -168(s0)
core   0: 3 0x000000008000f570 (0xf5842703) x14 0x0000000000000001 mem 0x0000000080031f98
core   0: 0x000000008000f574 (0xf5c42783) lw      a5, -164(s0)
core   0: 3 0x000000008000f574 (0xf5c42783) x15 0x0000000000000000 mem 0x0000000080031f9c
core   0: 0x000000008000f578 (0x000085ba) c.mv    a1, a4
core   0: 3 0x000000008000f578 (0x85ba) x11 0x0000000000000001
core   0: 0x000000008000f57a (0x0000853e) c.mv    a0, a5
core   0: 3 0x000000008000f57a (0x853e) x10 0x0000000000000000
core   0: 0x000000008000f57c (0xf03ff0ef) jal     pc - 0xfe
core   0: 3 0x000000008000f57c (0xf03ff0ef) x1  0x000000008000f580
core   0: >>>>  thread_entry
core   0: 0x000000008000f47e (0x00001101) c.addi  sp, -32
core   0: 3 0x000000008000f47e (0x1101) x2  0x0000000080031f70
core   0: 0x000000008000f480 (0x0000ec22) c.sdsp  s0, 24(sp)
core   0: 3 0x000000008000f480 (0xec22) mem 0x0000000080031f88 0x0000000080032040
core   0: 0x000000008000f482 (0x00001000) c.addi4spn s0, sp, 32
core   0: 3 0x000000008000f482 (0x1000) x8  0x0000000080031f90
core   0: 0x000000008000f484 (0x000087aa) c.mv    a5, a0
core   0: 3 0x000000008000f484 (0x87aa) x15 0x0000000000000000
core   0: 0x000000008000f486 (0x0000872e) c.mv    a4, a1
core   0: 3 0x000000008000f486 (0x872e) x14 0x0000000000000001
core   0: 0x000000008000f488 (0xfef42623) sw      a5, -20(s0)
core   0: 3 0x000000008000f488 (0xfef42623) mem 0x0000000080031f7c 0x00000000
core   0: 0x000000008000f48c (0x000087ba) c.mv    a5, a4
core   0: 3 0x000000008000f48c (0x87ba) x15 0x0000000000000001
core   0: 0x000000008000f48e (0xfef42423) sw      a5, -24(s0)
core   0: 3 0x000000008000f48e (0xfef42423) mem 0x0000000080031f78 0x00000001
core   0: 0x000000008000f492 (0x00000001) c.nop
core   0: 3 0x000000008000f492 (0x0001)
core   0: 0x000000008000f494 (0xfec42783) lw      a5, -20(s0)
core   0: 3 0x000000008000f494 (0xfec42783) x15 0x0000000000000000 mem 0x0000000080031f7c
core   0: 0x000000008000f498 (0x00002781) c.addiw a5, 0
core   0: 3 0x000000008000f498 (0x2781) x15 0x0000000000000000
core   0: 0x000000008000f49a (0x0000ffed) c.bnez  a5, pc - 6
core   0: 3 0x000000008000f49a (0xffed)
core   0: 0x000000008000f49c (0x00000001) c.nop
core   0: 3 0x000000008000f49c (0x0001)
core   0: 0x000000008000f49e (0x00000001) c.nop
core   0: 3 0x000000008000f49e (0x0001)
core   0: 0x000000008000f4a0 (0x00006462) c.ldsp  s0, 24(sp)
core   0: 3 0x000000008000f4a0 (0x6462) x8  0x0000000080032040 mem 0x0000000080031f88
core   0: 0x000000008000f4a2 (0x00006105) c.addi16sp sp, 32
core   0: 3 0x000000008000f4a2 (0x6105) x2  0x0000000080031f90
core   0: 0x000000008000f4a4 (0x00008082) ret
core   0: 3 0x000000008000f4a4 (0x8082)
core   0: 0x000000008000f580 (0x00004581) c.li    a1, 0
core   0: 3 0x000000008000f580 (0x4581) x11 0x0000000000000000
core   0: 0x000000008000f582 (0x00004501) c.li    a0, 0
core   0: 3 0x000000008000f582 (0x4501) x10 0x0000000000000000
core   0: 0x000000008000f584 (0xa7df20ef) jal     pc - 0xd584
core   0: 3 0x000000008000f584 (0xa7df20ef) x1  0x000000008000f588
core   0: >>>>  main
core   0: 0x0000000080002000 (0x00000001) c.nop
core   0: 3 0x0000000080002000 (0x0001)
core   0: >>>>  trap_vec_init
core   0: 0x0000000080002002 (0x00002797) auipc   a5, 0x2
core   0: 3 0x0000000080002002 (0x00002797) x15 0x0000000080004002
core   0: 0x0000000080002006 (0xffe78793) addi    a5, a5, -2
core   0: 3 0x0000000080002006 (0xffe78793) x15 0x0000000080004000
core   0: 0x000000008000200a (0x30579073) csrrw   zero, mtvec, a5
core   0: 3 0x000000008000200a (0x30579073) c773_mtvec 0x0000000080004000
core   0: >>>>  pmp_setup
core   0: 0x000000008000200e (0x00002c17) auipc   s8, 0x2
core   0: 3 0x000000008000200e (0x00002c17) x24 0x000000008000400e
core   0: 0x0000000080002012 (0x022c0c13) addi    s8, s8, 34
core   0: 3 0x0000000080002012 (0x022c0c13) x24 0x0000000080004030
core   0: 0x0000000080002016 (0x00004781) c.li    a5, 0
core   0: 3 0x0000000080002016 (0x4781) x15 0x0000000000000000
core   0: 0x0000000080002018 (0x00009c3e) c.add   s8, a5
core   0: 3 0x0000000080002018 (0x9c3e) x24 0x0000000080004030
core   0: 0x000000008000201a (0x3b0c1073) csrrw   zero, pmpaddr0, s8
core   0: 3 0x000000008000201a (0x3b0c1073) c944_pmpaddr0 0x0000000080004030
core   0: 0x000000008000201e (0x00004c3d) c.li    s8, 15
core   0: 3 0x000000008000201e (0x4c3d) x24 0x000000000000000f
core   0: 0x0000000080002020 (0x3a0c1073) csrrw   zero, pmpcfg0, s8
core   0: 3 0x0000000080002020 (0x3a0c1073) c928_pmpcfg0 0x000000000000000f
core   0: 0x0000000080002024 (0x12000073) sfence.vma zero, zero
core   0: 3 0x0000000080002024 (0x12000073)
core   0: >>>>  mepc_setup
core   0: 0x0000000080002028 (0x00002797) auipc   a5, 0x2
core   0: 3 0x0000000080002028 (0x00002797) x15 0x0000000080004028
core   0: 0x000000008000202c (0x00878793) addi    a5, a5, 8
core   0: 3 0x000000008000202c (0x00878793) x15 0x0000000080004030
core   0: 0x0000000080002030 (0x34179073) csrrw   zero, mepc, a5
core   0: 3 0x0000000080002030 (0x34179073) c833_mepc 0x0000000080004030
core   0: >>>>  custom_csr_setup
core   0: 0x0000000080002034 (0x00100f9b) addiw   t6, zero, 1
core   0: 3 0x0000000080002034 (0x00100f9b) x31 0x0000000000000001
core   0: 0x0000000080002038 (0x00000ffe) c.slli  t6, 31
core   0: 3 0x0000000080002038 (0x0ffe) x31 0x0000000080000000
core   0: 0x000000008000203a (0x00000001) c.nop
core   0: 3 0x000000008000203a (0x0001)
core   0: >>>>  init_s_mode
core   0: 0x000000008000203c (0xfff0079b) addiw   a5, zero, -1
core   0: 3 0x000000008000203c (0xfff0079b) x15 0xffffffffffffffff
core   0: 0x0000000080002040 (0x000017fe) c.slli  a5, 63
core   0: 3 0x0000000080002040 (0x17fe) x15 0x8000000000000000
core   0: 0x0000000080002042 (0x18079073) csrrw   zero, satp, a5
core   0: 3 0x0000000080002042 (0x18079073) c384_satp 0x8000000000000000
core   0: 0x0000000080002046 (0x0000f797) auipc   a5, 0xf
core   0: 3 0x0000000080002046 (0x0000f797) x15 0x0000000080011046
core   0: 0x000000008000204a (0xfba78793) addi    a5, a5, -70
core   0: 3 0x000000008000204a (0xfba78793) x15 0x0000000080011000
core   0: 0x000000008000204e (0x000083b1) c.srli  a5, 12
core   0: 3 0x000000008000204e (0x83b1) x15 0x0000000000080011
core   0: 0x0000000080002050 (0x0010061b) addiw   a2, zero, 1
core   0: 3 0x0000000080002050 (0x0010061b) x12 0x0000000000000001
core   0: 0x0000000080002054 (0x00001632) c.slli  a2, 44
core   0: 3 0x0000000080002054 (0x1632) x12 0x0000100000000000
core   0: 0x0000000080002056 (0x0000167d) c.addi  a2, -1
core   0: 3 0x0000000080002056 (0x167d) x12 0x00000fffffffffff
core   0: 0x0000000080002058 (0x00008ff1) c.and   a5, a2
core   0: 3 0x0000000080002058 (0x8ff1) x15 0x0000000000080011
core   0: 0x000000008000205a (0x1807a073) csrrs   zero, satp, a5
core   0: 3 0x000000008000205a (0x1807a073) c384_satp 0x8000000000080011
core   0: 0x000000008000205e (0x00a005b7) lui     a1, 0xa00
core   0: 3 0x000000008000205e (0x00a005b7) x11 0x0000000000a00000
core   0: 0x0000000080002062 (0x10b5859b) addiw   a1, a1, 267
core   0: 3 0x0000000080002062 (0x10b5859b) x11 0x0000000000a0010b
core   0: 0x0000000080002066 (0x000005b2) c.slli  a1, 12
core   0: 3 0x0000000080002066 (0x05b2) x11 0x0000000a0010b000
core   0: 0x0000000080002068 (0xa0058593) addi    a1, a1, -1536
core   0: 3 0x0000000080002068 (0xa0058593) x11 0x0000000a0010aa00
core   0: 0x000000008000206c (0x30059073) csrrw   zero, mstatus, a1
core   0: 3 0x000000008000206c (0x30059073) c768_mstatus 0x0000000a00102800
core   0: 0x0000000080002070 (0x30459073) csrrw   zero, mie, a1
core   0: 3 0x0000000080002070 (0x30459073) c772_mie 0x0000000000000a00
core   0: 0x0000000080002074 (0x00a005b7) lui     a1, 0xa00
core   0: 3 0x0000000080002074 (0x00a005b7) x11 0x0000000000a00000
core   0: 0x0000000080002078 (0x10b5859b) addiw   a1, a1, 267
core   0: 3 0x0000000080002078 (0x10b5859b) x11 0x0000000000a0010b
core   0: 0x000000008000207c (0x000005b2) c.slli  a1, 12
core   0: 3 0x000000008000207c (0x05b2) x11 0x0000000a0010b000
core   0: 0x000000008000207e (0xa0058593) addi    a1, a1, -1536
core   0: 3 0x000000008000207e (0xa0058593) x11 0x0000000a0010aa00
core   0: 0x0000000080002082 (0x10059073) csrrw   zero, sstatus, a1
core   0: 3 0x0000000080002082 (0x10059073) c768_mstatus 0x0000000a00102800
core   0: 0x0000000080002086 (0x10459073) csrrw   zero, sie, a1
core   0: 3 0x0000000080002086 (0x10459073) c772_mie 0x0000000000000a00
core   0: 0x000000008000208a (0x30200073) mret
core   0: 3 0x000000008000208a (0x30200073) c768_mstatus 0x0000000a00102080
core   0: >>>>  main_g
core   0: 0x0000000080004030 (0x41ce523b) sraw    tp, t3, t3
core   0: 1 0x0000000080004030 (0x41ce523b) x4  0x0000000000000000
core   0: 0x0000000080004034 (0x024d4bbb) divw    s7, s10, tp
core   0: 1 0x0000000080004034 (0x024d4bbb) x23 0xffffffffffffffff
core   0: 0x0000000080004038 (0xe20405d3) fmv.x.d a1, fs0
core   0: 1 0x0000000080004038 (0xe20405d3) x11 0xffffffff00000000
core   0: 0x000000008000403c (0x01a776b3) and     a3, a4, s10
core   0: 1 0x000000008000403c (0x01a776b3) x13 0x0000000000000000
core   0: 0x0000000080004040 (0x238a13d3) fsgnjn.d ft7, fs4, fs8
core   0: 1 0x0000000080004040 (0x238a13d3) c768_mstatus 0x8000000a00106080 f7  0x7fffffff00000000
core   0: 0x0000000080004044 (0x0ff0000f) fence   iorw,iorw
core   0: 1 0x0000000080004044 (0x0ff0000f)
core   0: 0x0000000080004048 (0xc01627f3) csrrs   a5, time, a2
core   0: exception trap_illegal_instruction, epc 0x0000000080004048
core   0:           tval 0x00000000c01627f3
core   0: >>>>  $xrv64i2p1_m2p0_a2p1_f2p2_d2p2_zicsr2p0_zifencei2p0_zmmul1p0_zba1p0_zbb1p0_zbc1p0_zbs1p0
core   0: 0x0000000080004000 (0x0080006f) j       pc + 0x8
core   0: 3 0x0000000080004000 (0x0080006f)
core   0: >>>>  mmode_exception_handler
core   0: 0x0000000080004008 (0x00002c17) auipc   s8, 0x2
core   0: 3 0x0000000080004008 (0x00002c17) x24 0x0000000080006008
core   0: 0x000000008000400c (0x00ac0c13) addi    s8, s8, 10
core   0: 3 0x000000008000400c (0x00ac0c13) x24 0x0000000080006012
core   0: 0x0000000080004010 (0x000c00e7) jalr    s8
core   0: 3 0x0000000080004010 (0x000c00e7) x1  0x0000000080004014
core   0: >>>>  any_handler
core   0: 0x0000000080006012 (0x341027f3) csrrs   a5, mepc, zero
core   0: 3 0x0000000080006012 (0x341027f3) x15 0x0000000080004048
core   0: 0x0000000080006016 (0x34202773) csrrs   a4, mcause, zero
core   0: 3 0x0000000080006016 (0x34202773) x14 0x0000000000000002
core   0: 0x000000008000601a (0x142026f3) csrrs   a3, scause, zero
core   0: 3 0x000000008000601a (0x142026f3) x13 0x0000000000000000
core   0: 0x000000008000601e (0x30402673) csrrs   a2, mie, zero
core   0: 3 0x000000008000601e (0x30402673) x12 0x0000000000000a00
core   0: 0x0000000080006022 (0x344025f3) csrrs   a1, mip, zero
core   0: 3 0x0000000080006022 (0x344025f3) x11 0x0000000000000080
core   0: 0x0000000080006026 (0x343025f3) csrrs   a1, mtval, zero
core   0: 3 0x0000000080006026 (0x343025f3) x11 0x00000000c01627f3
core   0: 0x000000008000602a (0x14302573) csrrs   a0, stval, zero
core   0: 3 0x000000008000602a (0x14302573) x10 0x0000000000000000
core   0: 0x000000008000602e (0xb02024f3) csrrs   s1, minstret, zero
core   0: 3 0x000000008000602e (0xb02024f3) x9  0x00000000000007d1
core   0: 0x0000000080006032 (0x0000a811) c.j     pc + 20
core   0: 3 0x0000000080006032 (0xa811)
core   0: >>>>  mepc_4
core   0: 0x0000000080006046 (0x00000791) c.addi  a5, 4
core   0: 3 0x0000000080006046 (0x0791) x15 0x000000008000404c
core   0: 0x0000000080006048 (0x34179073) csrrw   zero, mepc, a5
core   0: 3 0x0000000080006048 (0x34179073) c833_mepc 0x000000008000404c
core   0: 0x000000008000604c (0x30200073) mret
core   0: 3 0x000000008000604c (0x30200073) c768_mstatus 0x8000000a00106080
core   0: 0x000000008000404c (0xc3aaf64f) fnmadd.d fa2, fs5, fs10, fs8
core   0: 1 0x000000008000404c (0xc3aaf64f) f12 0x7ff8000000000000
core   0: 0x0000000080004050 (0x0397ca3b) divw    s4, a5, s9
core   0: 1 0x0000000080004050 (0x0397ca3b) x20 0xffffffffffffffff
core   0: 0x0000000080004054 (0x420d0fd3) fcvt.d.s ft11, fs10
core   0: 1 0x0000000080004054 (0x420d0fd3) f31 0x0000000000000000
core   0: 0x0000000080004058 (0x4104571b) sraiw   a4, s0, 16
core   0: 1 0x0000000080004058 (0x4104571b) x14 0xffffffffffff8003
core   0: 0x000000008000405c (0x00056293) ori     t0, a0, 0
core   0: 1 0x000000008000405c (0x00056293) x5  0x0000000000000000
core   0: 0x0000000080004060 (0x005d0233) add     tp, s10, t0
core   0: 1 0x0000000080004060 (0x005d0233) x4  0x0000000000000000
core   0: 0x0000000080004064 (0x00175d93) srli    s11, a4, 1
core   0: 1 0x0000000080004064 (0x00175d93) x27 0x7fffffffffffc001
core   0: 0x0000000080004068 (0x013de133) or      sp, s11, s3
core   0: 1 0x0000000080004068 (0x013de133) x2  0x7fffffffffffc001
core   0: 0x000000008000406c (0x005d073b) addw    a4, s10, t0
core   0: 1 0x000000008000406c (0x005d073b) x14 0x0000000000000000
core   0: 0x0000000080004070 (0x35b16893) ori     a7, sp, 859
core   0: 1 0x0000000080004070 (0x35b16893) x17 0x7fffffffffffc35b
core   0: 0x0000000080004074 (0x00089b13) slli    s6, a7, 0
core   0: 1 0x0000000080004074 (0x00089b13) x22 0x7fffffffffffc35b
core   0: 0x0000000080004078 (0xf20c00d3) fmv.d.x ft1, s8
core   0: 1 0x0000000080004078 (0xf20c00d3) f1  0x0000000080006012
core   0: 0x000000008000407c (0x000b5413) srli    s0, s6, 0
core   0: 1 0x000000008000407c (0x000b5413) x8  0x7fffffffffffc35b
core   0: 0x0000000080004080 (0xd8c4c493) xori    s1, s1, -628
core   0: 1 0x0000000080004080 (0xd8c4c493) x9  0xfffffffffffffa5d
core   0: 0x0000000080004084 (0x026dbbb3) mulhu   s7, s11, t1
core   0: 1 0x0000000080004084 (0x026dbbb3) x23 0x0000000000000000
core   0: 0x0000000080004088 (0x002b91f3) csrrw   gp, frm, s7
core   0: 1 0x0000000080004088 (0x002b91f3) x3  0x0000000000000000 c2_frm 0x0000000000000000
core   0: 0x000000008000408c (0x5dc99997) auipc   s3, 0x5dc99
core   0: 1 0x000000008000408c (0x5dc99997) x19 0x00000000ddc9d08c
core   0: 0x0000000080004090 (0x4001d41b) sraiw   s0, gp, 0
core   0: 1 0x0000000080004090 (0x4001d41b) x8  0x0000000000000000
core   0: 0x0000000080004094 (0x43335313) srai    t1, t1, 51
core   0: 1 0x0000000080004094 (0x43335313) x6  0x0000000000000000
core   0: 0x0000000080004098 (0xc0277553) fcvt.l.s a0, fa4
core   0: 1 0x0000000080004098 (0xc0277553) x10 0x0000000000000000
core   0: 0x000000008000409c (0x00000001) c.nop
core   0: 1 0x000000008000409c (0x0001)
core   0: 0x000000008000409e (0xf3d67f47) fmsub.d ft10, fa2, ft9, ft10
core   0: 1 0x000000008000409e (0xf3d67f47) f30 0x7ff8000000000000
core   0: 0x00000000800040a2 (0x02547833) remu    a6, s0, t0
core   0: 1 0x00000000800040a2 (0x02547833) x16 0x0000000000000000
core   0: 0x00000000800040a6 (0xe2aafacf) fnmadd.d fs5, fs5, fa0, ft8
core   0: 1 0x00000000800040a6 (0xe2aafacf) f21 0x7ff8000000000000
core   0: 0x00000000800040aa (0xd2150453) fcvt.d.wu fs0, a0
core   0: 1 0x00000000800040aa (0xd2150453) f8  0x0000000000000000
core   0: 0x00000000800040ae (0x02e1cb33) div     s6, gp, a4
core   0: 1 0x00000000800040ae (0x02e1cb33) x22 0xffffffffffffffff
core   0: 0x00000000800040b2 (0xe0c75237) lui     tp, 0xe0c75
core   0: 1 0x00000000800040b2 (0xe0c75237) x4  0xffffffffe0c75000
core   0: 0x00000000800040b6 (0x4b118293) addi    t0, gp, 1201
core   0: 1 0x00000000800040b6 (0x4b118293) x5  0x00000000000004b1
core   0: 0x00000000800040ba (0x036c3933) mulhu   s2, s8, s6
core   0: 1 0x00000000800040ba (0x036c3933) x18 0x0000000080006011
core   0: 0x00000000800040be (0xf2040bd3) fmv.d.x fs7, s0
core   0: 1 0x00000000800040be (0xf2040bd3) f23 0x0000000000000000
core   0: 0x00000000800040c2 (0x00e49a3b) sllw    s4, s1, a4
core   0: 1 0x00000000800040c2 (0x00e49a3b) x20 0xfffffffffffffa5d
core   0: 0x00000000800040c6 (0xe2070153) fmv.x.d sp, fa4
core   0: 1 0x00000000800040c6 (0xe2070153) x2  0xffffffff00000000
core   0: 0x00000000800040ca (0x400758bb) sraw    a7, a4, zero
core   0: 1 0x00000000800040ca (0x400758bb) x17 0x0000000000000000
core   0: 0x00000000800040ce (0xa2ec03d3) fle.d   t2, fs8, fa4
core   0: 1 0x00000000800040ce (0xa2ec03d3) c1_fflags 0x0000000000000010 x7  0x0000000000000000
core   0: 0x00000000800040d2 (0x4082823b) subw    tp, t0, s0
core   0: 1 0x00000000800040d2 (0x4082823b) x4  0x00000000000004b1
core   0: 0x00000000800040d6 (0xd22278d3) fcvt.d.l fa7, tp
core   0: 1 0x00000000800040d6 (0xd22278d3) f17 0x4092c40000000000
core   0: 0x00000000800040da (0x126c98b7) lui     a7, 0x126c9
core   0: 1 0x00000000800040da (0x126c98b7) x17 0x00000000126c9000
core   0: 0x00000000800040de (0x00772233) slt     tp, a4, t2
core   0: 1 0x00000000800040de (0x00772233) x4  0x0000000000000000
core   0: 0x00000000800040e2 (0x02418cb3) mul     s9, gp, tp
core   0: 1 0x00000000800040e2 (0x02418cb3) x25 0x0000000000000000
core   0: 0x00000000800040e6 (0x408c8b33) sub     s6, s9, s0
core   0: 1 0x00000000800040e6 (0x408c8b33) x22 0x0000000000000000
core   0: 0x00000000800040ea (0x69d0e1b7) lui     gp, 0x69d0e
core   0: 1 0x00000000800040ea (0x69d0e1b7) x3  0x0000000069d0e000
core   0: 0x00000000800040ee (0x4191ddb3) sra     s11, gp, s9
core   0: 1 0x00000000800040ee (0x4191ddb3) x27 0x0000000069d0e000
core   0: 0x00000000800040f2 (0xd03cf9d3) fcvt.s.lu fs3, s9
core   0: 1 0x00000000800040f2 (0xd03cf9d3) f19 0xffffffff00000000
core   0: 0x00000000800040f6 (0x01c1949b) slliw   s1, gp, 28
core   0: 1 0x00000000800040f6 (0x01c1949b) x9  0x0000000000000000
core   0: 0x00000000800040fa (0x03893bb3) mulhu   s7, s2, s8
core   0: 1 0x00000000800040fa (0x03893bb3) x23 0x0000000000000000
core   0: 0x00000000800040fe (0x03796a33) rem     s4, s2, s7
core   0: 1 0x00000000800040fe (0x03796a33) x20 0x0000000080006011
core   0: 0x0000000080004102 (0x0aa9f553) fsub.d  fa0, fs3, fa0
core   0: 1 0x0000000080004102 (0x0aa9f553) f10 0x7ff8000000000000
core   0: 0x0000000080004106 (0x00690cbb) addw    s9, s2, t1
core   0: 1 0x0000000080004106 (0x00690cbb) x25 0xffffffff80006011
core   0: 0x000000008000410a (0x002919f3) csrrw   s3, frm, s2
core   0: 1 0x000000008000410a (0x002919f3) x19 0x0000000000000000 c2_frm 0x0000000000000001
core   0: 0x000000008000410e (0x03394b33) div     s6, s2, s3
core   0: 1 0x000000008000410e (0x03394b33) x22 0xffffffffffffffff
core   0: 0x0000000080004112 (0x00291173) csrrw   sp, frm, s2
core   0: 1 0x0000000080004112 (0x00291173) x2  0x0000000000000001 c2_frm 0x0000000000000001
core   0: 0x0000000080004116 (0xc035fe53) fcvt.lu.s t3, fa1
core   0: 1 0x0000000080004116 (0xc035fe53) x28 0x0000000000000000
core   0: 0x000000008000411a (0xd2010d53) fcvt.d.w fs10, sp
core   0: 1 0x000000008000411a (0xd2010d53) f26 0x3ff0000000000000
core   0: 0x000000008000411e (0x002a1373) csrrw   t1, frm, s4
core   0: 1 0x000000008000411e (0x002a1373) x6  0x0000000000000001 c2_frm 0x0000000000000001
core   0: 0x0000000080004122 (0x00101033) sll     zero, zero, ra
core   0: 1 0x0000000080004122 (0x00101033)
core   0: 0x0000000080004126 (0x018e46b3) xor     a3, t3, s8
core   0: 1 0x0000000080004126 (0x018e46b3) x13 0x0000000080006012
core   0: 0x000000008000412a (0xc233f1d3) fcvt.lu.d gp, ft7
core   0: 1 0x000000008000412a (0xc233f1d3) c1_fflags 0x0000000000000010 x3  0xffffffffffffffff
core   0: 0x000000008000412e (0x0025551b) srliw   a0, a0, 2
core   0: 1 0x000000008000412e (0x0025551b) x10 0x0000000000000000
core   0: 0x0000000080004132 (0x036184b3) mul     s1, gp, s6
core   0: 1 0x0000000080004132 (0x036184b3) x9  0x0000000000000001
core   0: 0x0000000080004136 (0xd034f253) fcvt.s.lu ft4, s1
core   0: 1 0x0000000080004136 (0xd034f253) f4  0xffffffff3f800000
core   0: 0x000000008000413a (0x239519d3) fsgnjn.d fs3, fa0, fs9
core   0: 1 0x000000008000413a (0x239519d3) f19 0x7ff8000000000000
core   0: 0x000000008000413e (0xee678d9b) addiw   s11, a5, -282
core   0: 1 0x000000008000413e (0xee678d9b) x27 0xffffffff80003f32
core   0: 0x0000000080004142 (0x033945bb) divw    a1, s2, s3
core   0: 1 0x0000000080004142 (0x033945bb) x11 0xffffffffffffffff
core   0: 0x0000000080004146 (0xd032fbd3) fcvt.s.lu fs7, t0
core   0: 1 0x0000000080004146 (0xd032fbd3) f23 0xffffffff44962000
core   0: 0x000000008000414a (0x40418abb) subw    s5, gp, tp
core   0: 1 0x000000008000414a (0x40418abb) x21 0xffffffffffffffff
core   0: 0x000000008000414e (0x237e9c17) auipc   s8, 0x237e9
core   0: 1 0x000000008000414e (0x237e9c17) x24 0x00000000a37ed14e
core   0: 0x0000000080004152 (0x00eb93bb) sllw    t2, s7, a4
core   0: 1 0x0000000080004152 (0x00eb93bb) x7  0x0000000000000000
core   0: 0x0000000080004156 (0x40b589bb) subw    s3, a1, a1
core   0: 1 0x0000000080004156 (0x40b589bb) x19 0x0000000000000000
core   0: 0x000000008000415a (0xf0b58993) addi    s3, a1, -245
core   0: 1 0x000000008000415a (0xf0b58993) x19 0xffffffffffffff0a
core   0: 0x000000008000415e (0xc02bf553) fcvt.l.s a0, fs7
core   0: 1 0x000000008000415e (0xc02bf553) x10 0x00000000000004b1
core   0: 0x0000000080004162 (0x2b319f53) fmax.d  ft10, ft3, fs3
core   0: 1 0x0000000080004162 (0x2b319f53) f30 0x7ff8000000000000
core   0: 0x0000000080004166 (0x22a0ae53) fsgnjx.d ft8, ft1, fa0
core   0: 1 0x0000000080004166 (0x22a0ae53) f28 0x0000000080006012
core   0: 0x000000008000416a (0xc230f953) fcvt.lu.d s2, ft1
core   0: 1 0x000000008000416a (0xc230f953) c1_fflags 0x0000000000000011 x18 0x0000000000000000
core   0: 0x000000008000416e (0x00011433) sll     s0, sp, zero
core   0: 1 0x000000008000416e (0x00011433) x8  0x0000000000000001
core   0: 0x0000000080004172 (0x01444733) xor     a4, s0, s4
core   0: 1 0x0000000080004172 (0x01444733) x14 0x0000000080006010
core   0: 0x0000000080004176 (0xc23cfbd3) fcvt.lu.d s7, fs9
core   0: 1 0x0000000080004176 (0xc23cfbd3) c1_fflags 0x0000000000000011 x23 0xffffffffffffffff
core   0: 0x000000008000417a (0x00000001) c.nop
core   0: 1 0x000000008000417a (0x0001)
core   0: 0x000000008000417c (0x0328dc93) srli    s9, a7, 50
core   0: 1 0x000000008000417c (0x0328dc93) x25 0x0000000000000000
core   0: 0x0000000080004180 (0x0200813b) mulw    sp, ra, zero
core   0: 1 0x0000000080004180 (0x0200813b) x2  0x0000000000000000
core   0: 0x0000000080004184 (0x02f22eb3) mulhsu  t4, tp, a5
core   0: 1 0x0000000080004184 (0x02f22eb3) x29 0x0000000000000000
core   0: 0x0000000080004188 (0xd21109d3) fcvt.d.wu fs3, sp
core   0: 1 0x0000000080004188 (0xd21109d3) f19 0x0000000000000000
core   0: 0x000000008000418c (0x233c0ed3) fsgnj.d ft9, fs8, fs3
core   0: 1 0x000000008000418c (0x233c0ed3) f29 0x7fffffff00000000
core   0: 0x0000000080004190 (0xfff14013) not     zero, sp
core   0: 1 0x0000000080004190 (0xfff14013)
core   0: 0x0000000080004194 (0x0107d9bb) srlw    s3, a5, a6
core   0: 1 0x0000000080004194 (0x0107d9bb) x19 0xffffffff8000404c
core   0: 0x0000000080004198 (0x2e230e93) addi    t4, t1, 738
core   0: 1 0x0000000080004198 (0x2e230e93) x29 0x00000000000002e3
core   0: 0x000000008000419c (0x40137d53) fcvt.s.d fs10, ft6
core   0: 1 0x000000008000419c (0x40137d53) f26 0xffffffff7fc00000
core   0: 0x00000000800041a0 (0x0ff0000f) fence   iorw,iorw
core   0: 1 0x00000000800041a0 (0x0ff0000f)
core   0: 0x00000000800041a4 (0xd2247f53) fcvt.d.l ft10, s0
core   0: 1 0x00000000800041a4 (0xd2247f53) f30 0x3ff0000000000000
core   0: 0x00000000800041a8 (0xc21cf6d3) fcvt.wu.d a3, fs9
core   0: 1 0x00000000800041a8 (0xc21cf6d3) c1_fflags 0x0000000000000011 x13 0xffffffffffffffff
core   0: 0x00000000800041ac (0x02960333) mul     t1, a2, s1
core   0: 1 0x00000000800041ac (0x02960333) x6  0x0000000000000a00
core   0: 0x00000000800041b0 (0x00d6e0b3) or      ra, a3, a3
core   0: 1 0x00000000800041b0 (0x00d6e0b3) x1  0xffffffffffffffff
core   0: 0x00000000800041b4 (0x027751b3) divu    gp, a4, t2
core   0: 1 0x00000000800041b4 (0x027751b3) x3  0xffffffffffffffff
core   0: 0x00000000800041b8 (0x4217f44f) fnmadd.d fs0, fa5, ft1, fs0
core   0: 1 0x00000000800041b8 (0x4217f44f) f8  0x7ff8000000000000
core   0: 0x00000000800041bc (0x5b24794f) fnmadd.d fs2, fs0, fs2, fa1
core   0: 1 0x00000000800041bc (0x5b24794f) f18 0x7ff8000000000000
core   0: 0x00000000800041c0 (0xc23ff553) fcvt.lu.d a0, ft11
core   0: 1 0x00000000800041c0 (0xc23ff553) x10 0x0000000000000000
core   0: 0x00000000800041c4 (0xd237f553) fcvt.d.lu fa0, a5
core   0: 1 0x00000000800041c4 (0xd237f553) f10 0x41e0000809800000
core   0: 0x00000000800041c8 (0x02d628b3) mulhsu  a7, a2, a3
core   0: 1 0x00000000800041c8 (0x02d628b3) x17 0x00000000000009ff
core   0: 0x00000000800041cc (0x523570cf) fnmadd.d ft1, fa0, ft3, fa0
core   0: 1 0x00000000800041cc (0x523570cf) f1  0x7ff8000000000000
core   0: 0x00000000800041d0 (0x00000001) c.nop
core   0: 1 0x00000000800041d0 (0x0001)
core   0: 0x00000000800041d2 (0xc20573d3) fcvt.w.d t2, fa0
core   0: 1 0x00000000800041d2 (0xc20573d3) c1_fflags 0x0000000000000011 x7  0x000000007fffffff
core   0: 0x00000000800041d6 (0x00fafab3) and     s5, s5, a5
core   0: 1 0x00000000800041d6 (0x00fafab3) x21 0x000000008000404c
core   0: 0x00000000800041da (0x221a1a53) fsgnjn.d fs4, fs4, ft1
core   0: 1 0x00000000800041da (0x221a1a53) f20 0xffffffff00000000
core   0: 0x00000000800041de (0x002022f3) csrrs   t0, frm, zero
core   0: 1 0x00000000800041de (0x002022f3) x5  0x0000000000000001
core   0: 0x00000000800041e2 (0xd2158253) fcvt.d.wu ft4, a1
core   0: 1 0x00000000800041e2 (0xd2158253) f4  0x41efffffffe00000
core   0: 0x00000000800041e6 (0xd22879d3) fcvt.d.l fs3, a6
core   0: 1 0x00000000800041e6 (0xd22879d3) f19 0x0000000000000000
core   0: 0x00000000800041ea (0x02178eb3) mul     t4, a5, ra
core   0: 1 0x00000000800041ea (0x02178eb3) x29 0xffffffff7fffbfb4
core   0: 0x00000000800041ee (0x01dd5ab3) srl     s5, s10, t4
core   0: 1 0x00000000800041ee (0x01dd5ab3) x21 0x0000000000000000
core   0: 0x00000000800041f2 (0x0023d99b) srliw   s3, t2, 2
core   0: 1 0x00000000800041f2 (0x0023d99b) x19 0x000000001fffffff
core   0: 0x00000000800041f6 (0x5a09fc53) fsqrt.d fs8, fs3
core   0: 1 0x00000000800041f6 (0x5a09fc53) f24 0x0000000000000000
core   0: 0x00000000800041fa (0xc03b7153) fcvt.lu.s sp, fs6
core   0: 1 0x00000000800041fa (0xc03b7153) x2  0x0000000000000000
core   0: 0x00000000800041fe (0x03a71c33) mulh    s8, a4, s10
core   0: 1 0x00000000800041fe (0x03a71c33) x24 0x0000000000000000
core   0: 0x0000000080004202 (0x0215ea3b) remw    s4, a1, ra
core   0: 1 0x0000000080004202 (0x0215ea3b) x20 0x0000000000000000
core   0: 0x0000000080004206 (0xe20206d3) fmv.x.d a3, ft4
core   0: 1 0x0000000080004206 (0xe20206d3) x13 0x41efffffffe00000
core   0: 0x000000008000420a (0x018d9793) slli    a5, s11, 24
core   0: 1 0x000000008000420a (0x018d9793) x15 0xff80003f32000000
core   0: 0x000000008000420e (0x0000e093) ori     ra, ra, 0
core   0: 1 0x000000008000420e (0x0000e093) x1  0xffffffffffffffff
core   0: 0x0000000080004212 (0x065fc437) lui     s0, 0x65fc
core   0: 1 0x0000000080004212 (0x065fc437) x8  0x00000000065fc000
core   0: 0x0000000080004216 (0x12d4041b) addiw   s0, s0, 301
core   0: 1 0x0000000080004216 (0x12d4041b) x8  0x00000000065fc12d
core   0: 0x000000008000421a (0x00000432) c.slli  s0, 12
core   0: 1 0x000000008000421a (0x0432) x8  0x00000065fc12d000
core   0: 0x000000008000421c (0xc8340413) addi    s0, s0, -893
core   0: 1 0x000000008000421c (0xc8340413) x8  0x00000065fc12cc83
core   0: 0x0000000080004220 (0x01ce529b) srliw   t0, t3, 28
core   0: 1 0x0000000080004220 (0x01ce529b) x5  0x0000000000000000
core   0: 0x0000000080004224 (0x03b0b533) mulhu   a0, ra, s11
core   0: 1 0x0000000080004224 (0x03b0b533) x10 0xffffffff80003f31
core   0: 0x0000000080004228 (0xfffb6b13) ori     s6, s6, -1
core   0: 1 0x0000000080004228 (0xfffb6b13) x22 0xffffffffffffffff
core   0: 0x000000008000422c (0x0be278d3) fsub.d  fa7, ft4, ft10
core   0: 1 0x000000008000422c (0x0be278d3) f17 0x41efffffffc00000
core   0: 0x0000000080004230 (0x88257e13) andi    t3, a0, -1918
core   0: 1 0x0000000080004230 (0x88257e13) x28 0xffffffff80003800
core   0: 0x0000000080004234 (0xc213fc53) fcvt.wu.d s8, ft7
core   0: 1 0x0000000080004234 (0xc213fc53) c1_fflags 0x0000000000000011 x24 0xffffffffffffffff
core   0: 0x0000000080004238 (0x01810eb3) add     t4, sp, s8
core   0: 1 0x0000000080004238 (0x01810eb3) x29 0xffffffffffffffff
core   0: 0x000000008000423c (0x01032833) slt     a6, t1, a6
core   0: 1 0x000000008000423c (0x01032833) x16 0x0000000000000000
core   0: 0x0000000080004240 (0x016b6133) or      sp, s6, s6
core   0: 1 0x0000000080004240 (0x016b6133) x2  0xffffffffffffffff
core   0: 0x0000000080004244 (0x40ccdb3b) sraw    s6, s9, a2
core   0: 1 0x0000000080004244 (0x40ccdb3b) x22 0x0000000000000000
core   0: 0x0000000080004248 (0x022cbab3) mulhu   s5, s9, sp
core   0: 1 0x0000000080004248 (0x022cbab3) x21 0x0000000000000000
core   0: 0x000000008000424c (0x23899153) fsgnjn.d ft2, fs3, fs8
core   0: 1 0x000000008000424c (0x23899153) f2  0x8000000000000000
core   0: 0x0000000080004250 (0x42020253) fcvt.d.s ft4, ft4
core   0: 1 0x0000000080004250 (0x42020253) f4  0x7ff8000000000000
core   0: 0x0000000080004254 (0x1b08f853) fdiv.d  fa6, fa7, fa6
core   0: 1 0x0000000080004254 (0x1b08f853) f16 0x7ff8000000000000
core   0: 0x0000000080004258 (0xb2f4f697) auipc   a3, 0xb2f4f
core   0: 1 0x0000000080004258 (0xb2f4f697) x13 0x0000000032f53258
core   0: 0x000000008000425c (0x001c9e3b) sllw    t3, s9, ra
core   0: 1 0x000000008000425c (0x001c9e3b) x28 0x0000000000000000
core   0: 0x0000000080004260 (0x00d94133) xor     sp, s2, a3
core   0: 1 0x0000000080004260 (0x00d94133) x2  0x0000000032f53258
core   0: 0x0000000080004264 (0x1a3e0713) addi    a4, t3, 419
core   0: 1 0x0000000080004264 (0x1a3e0713) x14 0x00000000000001a3
core   0: 0x0000000080004268 (0x01581abb) sllw    s5, a6, s5
core   0: 1 0x0000000080004268 (0x01581abb) x21 0x0000000000000000
core   0: 0x000000008000426c (0x0ff0000f) fence   iorw,iorw
core   0: 1 0x000000008000426c (0x0ff0000f)
core   0: 0x0000000080004270 (0x40330a33) sub     s4, t1, gp
core   0: 1 0x0000000080004270 (0x40330a33) x20 0x0000000000000a01
core   0: 0x0000000080004274 (0x4060d0bb) sraw    ra, ra, t1
core   0: 1 0x0000000080004274 (0x4060d0bb) x1  0xffffffffffffffff
core   0: 0x0000000080004278 (0xf3b2fdc3) fmadd.d fs11, ft5, fs11, ft10
core   0: 1 0x0000000080004278 (0xf3b2fdc3) f27 0x7ff8000000000000
core   0: 0x000000008000427c (0x000bd61b) srliw   a2, s7, 0
core   0: 1 0x000000008000427c (0x000bd61b) x12 0xffffffffffffffff
core   0: 0x0000000080004280 (0x00000001) c.nop
core   0: 1 0x0000000080004280 (0x0001)
core   0: 0x0000000080004282 (0x00d6d81b) srliw   a6, a3, 13
core   0: 1 0x0000000080004282 (0x00d6d81b) x16 0x00000000000197a9
core   0: 0x0000000080004286 (0xc0387553) fcvt.lu.s a0, fa6
core   0: 1 0x0000000080004286 (0xc0387553) c1_fflags 0x0000000000000011 x10 0xffffffffffffffff
core   0: 0x000000008000428a (0x06c6edb7) lui     s11, 0x6c6e
core   0: 1 0x000000008000428a (0x06c6edb7) x27 0x0000000006c6e000
core   0: 0x000000008000428e (0x3f3d8d9b) addiw   s11, s11, 1011
core   0: 1 0x000000008000428e (0x3f3d8d9b) x27 0x0000000006c6e3f3
core   0: 0x0000000080004292 (0x00000db2) c.slli  s11, 12
core   0: 1 0x0000000080004292 (0x0db2) x27 0x0000006c6e3f3000
core   0: 0x0000000080004294 (0x5e7d8d93) addi    s11, s11, 1511
core   0: 1 0x0000000080004294 (0x5e7d8d93) x27 0x0000006c6e3f35e7
core   0: 0x0000000080004298 (0x125dfed3) fmul.d  ft9, fs11, ft5
core   0: 1 0x0000000080004298 (0x125dfed3) f29 0x7ff8000000000000
core   0: 0x000000008000429c (0x405488bb) subw    a7, s1, t0
core   0: 1 0x000000008000429c (0x405488bb) x17 0x0000000000000001
core   0: 0x00000000800042a0 (0x0389ee3b) remw    t3, s3, s8
core   0: 1 0x00000000800042a0 (0x0389ee3b) x28 0x0000000000000000
core   0: 0x00000000800042a4 (0x4069da13) srai    s4, s3, 6
core   0: 1 0x00000000800042a4 (0x4069da13) x20 0x00000000007fffff
core   0: 0x00000000800042a8 (0x000c02bb) addw    t0, s8, zero
core   0: 1 0x00000000800042a8 (0x000c02bb) x5  0xffffffffffffffff
core   0: 0x00000000800042ac (0x4149d3b3) sra     t2, s3, s4
core   0: 1 0x00000000800042ac (0x4149d3b3) x7  0x0000000000000000
core   0: 0x00000000800042b0 (0xc204f1d3) fcvt.w.d gp, fs1
core   0: 1 0x00000000800042b0 (0xc204f1d3) c1_fflags 0x0000000000000011 x3  0x000000007fffffff
core   0: 0x00000000800042b4 (0x023afcbb) remuw   s9, s5, gp
core   0: 1 0x00000000800042b4 (0x023afcbb) x25 0x0000000000000000
core   0: 0x00000000800042b8 (0x023ac133) div     sp, s5, gp
core   0: 1 0x00000000800042b8 (0x023ac133) x2  0x0000000000000000
core   0: 0x00000000800042bc (0xf13710f3) csrrw   ra, mimpid, a4
core   0: exception trap_illegal_instruction, epc 0x00000000800042bc
core   0:           tval 0x00000000f13710f3
core   0: >>>>  $xrv64i2p1_m2p0_a2p1_f2p2_d2p2_zicsr2p0_zifencei2p0_zmmul1p0_zba1p0_zbb1p0_zbc1p0_zbs1p0
core   0: 0x0000000080004000 (0x0080006f) j       pc + 0x8
core   0: 3 0x0000000080004000 (0x0080006f)
core   0: >>>>  mmode_exception_handler
core   0: 0x0000000080004008 (0x00002c17) auipc   s8, 0x2
core   0: 3 0x0000000080004008 (0x00002c17) x24 0x0000000080006008
core   0: 0x000000008000400c (0x00ac0c13) addi    s8, s8, 10
core   0: 3 0x000000008000400c (0x00ac0c13) x24 0x0000000080006012
core   0: 0x0000000080004010 (0x000c00e7) jalr    s8
core   0: 3 0x0000000080004010 (0x000c00e7) x1  0x0000000080004014
core   0: >>>>  any_handler
core   0: 0x0000000080006012 (0x341027f3) csrrs   a5, mepc, zero
core   0: 3 0x0000000080006012 (0x341027f3) x15 0x00000000800042bc
core   0: 0x0000000080006016 (0x34202773) csrrs   a4, mcause, zero
core   0: 3 0x0000000080006016 (0x34202773) x14 0x0000000000000002
core   0: 0x000000008000601a (0x142026f3) csrrs   a3, scause, zero
core   0: 3 0x000000008000601a (0x142026f3) x13 0x0000000000000000
core   0: 0x000000008000601e (0x30402673) csrrs   a2, mie, zero
core   0: 3 0x000000008000601e (0x30402673) x12 0x0000000000000a00
core   0: 0x0000000080006022 (0x344025f3) csrrs   a1, mip, zero
core   0: 3 0x0000000080006022 (0x344025f3) x11 0x0000000000000080
core   0: 0x0000000080006026 (0x343025f3) csrrs   a1, mtval, zero
core   0: 3 0x0000000080006026 (0x343025f3) x11 0x00000000f13710f3
core   0: 0x000000008000602a (0x14302573) csrrs   a0, stval, zero
core   0: 3 0x000000008000602a (0x14302573) x10 0x0000000000000000
core   0: 0x000000008000602e (0xb02024f3) csrrs   s1, minstret, zero
core   0: 3 0x000000008000602e (0xb02024f3) x9  0x0000000000000880
core   0: 0x0000000080006032 (0x0000a811) c.j     pc + 20
core   0: 3 0x0000000080006032 (0xa811)
core   0: >>>>  mepc_4
core   0: 0x0000000080006046 (0x00000791) c.addi  a5, 4
core   0: 3 0x0000000080006046 (0x0791) x15 0x00000000800042c0
core   0: 0x0000000080006048 (0x34179073) csrrw   zero, mepc, a5
core   0: 3 0x0000000080006048 (0x34179073) c833_mepc 0x00000000800042c0
core   0: 0x000000008000604c (0x30200073) mret
core   0: 3 0x000000008000604c (0x30200073) c768_mstatus 0x8000000a00106080
core   0: 0x00000000800042c0 (0x011a81bb) addw    gp, s5, a7
core   0: 1 0x00000000800042c0 (0x011a81bb) x3  0x0000000000000001
core   0: 0x00000000800042c4 (0xb02072f3) csrrci  t0, minstret, 0
core   0: exception trap_illegal_instruction, epc 0x00000000800042c4
core   0:           tval 0x00000000b02072f3
core   0: >>>>  $xrv64i2p1_m2p0_a2p1_f2p2_d2p2_zicsr2p0_zifencei2p0_zmmul1p0_zba1p0_zbb1p0_zbc1p0_zbs1p0
core   0: 0x0000000080004000 (0x0080006f) j       pc + 0x8
core   0: 3 0x0000000080004000 (0x0080006f)
core   0: >>>>  mmode_exception_handler
core   0: 0x0000000080004008 (0x00002c17) auipc   s8, 0x2
core   0: 3 0x0000000080004008 (0x00002c17) x24 0x0000000080006008
core   0: 0x000000008000400c (0x00ac0c13) addi    s8, s8, 10
core   0: 3 0x000000008000400c (0x00ac0c13) x24 0x0000000080006012
core   0: 0x0000000080004010 (0x000c00e7) jalr    s8
core   0: 3 0x0000000080004010 (0x000c00e7) x1  0x0000000080004014
core   0: >>>>  any_handler
core   0: 0x0000000080006012 (0x341027f3) csrrs   a5, mepc, zero
core   0: 3 0x0000000080006012 (0x341027f3) x15 0x00000000800042c4
core   0: 0x0000000080006016 (0x34202773) csrrs   a4, mcause, zero
core   0: 3 0x0000000080006016 (0x34202773) x14 0x0000000000000002
core   0: 0x000000008000601a (0x142026f3) csrrs   a3, scause, zero
core   0: 3 0x000000008000601a (0x142026f3) x13 0x0000000000000000
core   0: 0x000000008000601e (0x30402673) csrrs   a2, mie, zero
core   0: 3 0x000000008000601e (0x30402673) x12 0x0000000000000a00
core   0: 0x0000000080006022 (0x344025f3) csrrs   a1, mip, zero
core   0: 3 0x0000000080006022 (0x344025f3) x11 0x0000000000000080
core   0: 0x0000000080006026 (0x343025f3) csrrs   a1, mtval, zero
core   0: 3 0x0000000080006026 (0x343025f3) x11 0x00000000b02072f3
core   0: 0x000000008000602a (0x14302573) csrrs   a0, stval, zero
core   0: 3 0x000000008000602a (0x14302573) x10 0x0000000000000000
core   0: 0x000000008000602e (0xb02024f3) csrrs   s1, minstret, zero
core   0: 3 0x000000008000602e (0xb02024f3) x9  0x0000000000000891
core   0: 0x0000000080006032 (0x0000a811) c.j     pc + 20
core   0: 3 0x0000000080006032 (0xa811)
core   0: >>>>  mepc_4
core   0: 0x0000000080006046 (0x00000791) c.addi  a5, 4
core   0: 3 0x0000000080006046 (0x0791) x15 0x00000000800042c8
core   0: 0x0000000080006048 (0x34179073) csrrw   zero, mepc, a5
core   0: 3 0x0000000080006048 (0x34179073) c833_mepc 0x00000000800042c8
core   0: 0x000000008000604c (0x30200073) mret
core   0: 3 0x000000008000604c (0x30200073) c768_mstatus 0x8000000a00106080
core   0: 0x00000000800042c8 (0x125b76d3) fmul.d  fa3, fs6, ft5
core   0: 1 0x00000000800042c8 (0x125b76d3) f13 0x7ff8000000000000
core   0: 0x00000000800042cc (0xc03dfdd3) fcvt.lu.s s11, fs11
core   0: 1 0x00000000800042cc (0xc03dfdd3) c1_fflags 0x0000000000000011 x27 0xffffffffffffffff
core   0: 0x00000000800042d0 (0xe0310113) addi    sp, sp, -509
core   0: 1 0x00000000800042d0 (0xe0310113) x2  0xfffffffffffffe03
core   0: 0x00000000800042d4 (0x02b0bcb3) mulhu   s9, ra, a1
core   0: 1 0x00000000800042d4 (0x02b0bcb3) x25 0x0000000000000000
core   0: 0x00000000800042d8 (0x007cec33) or      s8, s9, t2
core   0: 1 0x00000000800042d8 (0x007cec33) x24 0x0000000000000000
core   0: 0x00000000800042dc (0xc034fc53) fcvt.lu.s s8, fs1
core   0: 1 0x00000000800042dc (0xc034fc53) x24 0x0000000000000000
core   0: 0x00000000800042e0 (0x01e89a13) slli    s4, a7, 30
core   0: 1 0x00000000800042e0 (0x01e89a13) x20 0x0000000040000000
core   0: 0x00000000800042e4 (0x8a8a71c3) fmadd.d ft3, fs4, fs0, fa7
core   0: 1 0x00000000800042e4 (0x8a8a71c3) f3  0x7ff8000000000000
core   0: 0x00000000800042e8 (0x42aa5a13) srai    s4, s4, 42
core   0: 1 0x00000000800042e8 (0x42aa5a13) x20 0x0000000000000000
core   0: 0x00000000800042ec (0x004b1b1b) slliw   s6, s6, 4
core   0: 1 0x00000000800042ec (0x004b1b1b) x22 0x0000000000000000
core   0: 0x00000000800042f0 (0x8a4d3397) auipc   t2, 0x8a4d3
core   0: 1 0x00000000800042f0 (0x8a4d3397) x7  0x000000000a4d72f0
core   0: 0x00000000800042f4 (0xc03d7a53) fcvt.lu.s s4, fs10
core   0: 1 0x00000000800042f4 (0xc03d7a53) c1_fflags 0x0000000000000011 x20 0xffffffffffffffff
core   0: 0x00000000800042f8 (0x004acab3) xor     s5, s5, tp
core   0: 1 0x00000000800042f8 (0x004acab3) x21 0x0000000000000000
core   0: 0x00000000800042fc (0xe4827413) andi    s0, tp, -440
core   0: 1 0x00000000800042fc (0xe4827413) x8  0x0000000000000000
core   0: 0x0000000080004300 (0x004a6a33) or      s4, s4, tp
core   0: 1 0x0000000080004300 (0x004a6a33) x20 0xffffffffffffffff
core   0: 0x0000000080004304 (0x400c571b) sraiw   a4, s8, 0
core   0: 1 0x0000000080004304 (0x400c571b) x14 0x0000000000000000
core   0: 0x0000000080004308 (0x03c7c7b3) div     a5, a5, t3
core   0: 1 0x0000000080004308 (0x03c7c7b3) x15 0xffffffffffffffff
core   0: 0x000000008000430c (0xd2170c53) fcvt.d.wu fs8, a4
core   0: 1 0x000000008000430c (0xd2170c53) f24 0x0000000000000000
core   0: 0x0000000080004310 (0x233607d3) fsgnj.d fa5, fa2, fs3
core   0: 1 0x0000000080004310 (0x233607d3) f15 0x7ff8000000000000
core   0: 0x0000000080004314 (0xd2377853) fcvt.d.lu fa6, a4
core   0: 1 0x0000000080004314 (0xd2377853) f16 0x0000000000000000
core   0: 0x0000000080004318 (0x039e5cb3) divu    s9, t3, s9
core   0: 1 0x0000000080004318 (0x039e5cb3) x25 0xffffffffffffffff
core   0: 0x000000008000431c (0x4105583b) sraw    a6, a0, a6
core   0: 1 0x000000008000431c (0x4105583b) x16 0x0000000000000000
core   0: 0x0000000080004320 (0x00000001) c.nop
core   0: 1 0x0000000080004320 (0x0001)
core   0: 0x0000000080004322 (0x6aa7f1cb) fnmsub.d ft3, fa5, fa0, fa3
core   0: 1 0x0000000080004322 (0x6aa7f1cb) f3  0x7ff8000000000000
core   0: 0x0000000080004326 (0x0000987d) c.andi  s0, -1
core   0: 1 0x0000000080004326 (0x987d) x8  0x0000000000000000
core   0: 0x0000000080004328 (0x4014f853) fcvt.s.d fa6, fs1
core   0: 1 0x0000000080004328 (0x4014f853) f16 0xffffffff7fc00000
core   0: 0x000000008000432c (0xc211f9d3) fcvt.wu.d s3, ft3
core   0: 1 0x000000008000432c (0xc211f9d3) c1_fflags 0x0000000000000011 x19 0xffffffffffffffff
core   0: 0x0000000080004330 (0x00a9d533) srl     a0, s3, a0
core   0: 1 0x0000000080004330 (0x00a9d533) x10 0xffffffffffffffff
core   0: 0x0000000080004334 (0x4040dd33) sra     s10, ra, tp
core   0: 1 0x0000000080004334 (0x4040dd33) x26 0x0000000080004014
core   0: 0x0000000080004338 (0x02edbdb3) mulhu   s11, s11, a4
core   0: 1 0x0000000080004338 (0x02edbdb3) x27 0x0000000000000000
core   0: 0x000000008000433c (0x4b0fffcf) fnmadd.d ft11, ft11, fa6, fs1
core   0: 1 0x000000008000433c (0x4b0fffcf) f31 0x7ff8000000000000
core   0: 0x0000000080004340 (0xd032fad3) fcvt.s.lu fs5, t0
core   0: 1 0x0000000080004340 (0xd032fad3) c1_fflags 0x0000000000000011 f21 0xffffffff5f7fffff
core   0: 0x0000000080004344 (0x402d8d33) sub     s10, s11, sp
core   0: 1 0x0000000080004344 (0x402d8d33) x26 0x00000000000001fd
core   0: 0x0000000080004348 (0x01081e33) sll     t3, a6, a6
core   0: 1 0x0000000080004348 (0x01081e33) x28 0x0000000000000000
core   0: 0x000000008000434c (0xd025f1d3) fcvt.s.l ft3, a1
core   0: 1 0x000000008000434c (0xd025f1d3) c1_fflags 0x0000000000000011 f3  0xffffffff4f302072
core   0: 0x0000000080004350 (0x0ff0000f) fence   iorw,iorw
core   0: 1 0x0000000080004350 (0x0ff0000f)
core   0: 0x0000000080004354 (0xd022f2d3) fcvt.s.l ft5, t0
core   0: 1 0x0000000080004354 (0xd022f2d3) f5  0xffffffffbf800000
core   0: 0x0000000080004358 (0x0ff0000f) fence   iorw,iorw
core   0: 1 0x0000000080004358 (0x0ff0000f)
core   0: 0x000000008000435c (0x00102af3) csrrs   s5, fflags, zero
core   0: 1 0x000000008000435c (0x00102af3) x21 0x0000000000000011
core   0: 0x0000000080004360 (0x8c034c93) xori    s9, t1, -1856
core   0: 1 0x0000000080004360 (0x8c034c93) x25 0xfffffffffffff2c0
core   0: 0x0000000080004364 (0xdc73839b) addiw   t2, t2, -569
core   0: 1 0x0000000080004364 (0xdc73839b) x7  0x000000000a4d70b7
core   0: 0x0000000080004368 (0x22bea8d3) fsgnjx.d fa7, ft9, fa1
core   0: 1 0x0000000080004368 (0x22bea8d3) f17 0xfff8000000000000
core   0: 0x000000008000436c (0x019cf233) and     tp, s9, s9
core   0: 1 0x000000008000436c (0x019cf233) x4  0xfffffffffffff2c0
core   0: 0x0000000080004370 (0x02da16b3) mulh    a3, s4, a3
core   0: 1 0x0000000080004370 (0x02da16b3) x13 0x0000000000000000
core   0: 0x0000000080004374 (0xf4ba0e1b) addiw   t3, s4, -181
core   0: 1 0x0000000080004374 (0xf4ba0e1b) x28 0xffffffffffffff4a
core   0: 0x0000000080004378 (0xc215f6d3) fcvt.wu.d a3, fa1
core   0: 1 0x0000000080004378 (0xc215f6d3) c1_fflags 0x0000000000000011 x13 0xffffffffffffffff
core   0: 0x000000008000437c (0x001e159b) slliw   a1, t3, 1
core   0: 1 0x000000008000437c (0x001e159b) x11 0xfffffffffffffe94
core   0: 0x0000000080004380 (0x40e182b3) sub     t0, gp, a4
core   0: 1 0x0000000080004380 (0x40e182b3) x5  0x0000000000000001
core   0: 0x0000000080004384 (0x4002d533) sra     a0, t0, zero
core   0: 1 0x0000000080004384 (0x4002d533) x10 0x0000000000000001
core   0: 0x0000000080004388 (0xd2357543) fmadd.d fa0, fa0, ft3, fs10
core   0: 1 0x0000000080004388 (0xd2357543) f10 0x7ff8000000000000
core   0: 0x000000008000438c (0x401efb53) fcvt.s.d fs6, ft9
core   0: 1 0x000000008000438c (0x401efb53) f22 0xffffffff7fc00000
core   0: 0x0000000080004390 (0x00d6963b) sllw    a2, a3, a3
core   0: 1 0x0000000080004390 (0x00d6963b) x12 0xffffffff80000000
core   0: 0x0000000080004394 (0x014c4a33) xor     s4, s8, s4
core   0: 1 0x0000000080004394 (0x014c4a33) x20 0xffffffffffffffff
core   0: 0x0000000080004398 (0x12fc4a93) xori    s5, s8, 303
core   0: 1 0x0000000080004398 (0x12fc4a93) x21 0x000000000000012f
core   0: 0x000000008000439c (0x012ddc3b) srlw    s8, s11, s2
core   0: 1 0x000000008000439c (0x012ddc3b) x24 0x0000000000000000
core   0: 0x00000000800043a0 (0xc05c3173) csrrc   sp, hpmcounter5, s8
core   0: exception trap_illegal_instruction, epc 0x00000000800043a0
core   0:           tval 0x00000000c05c3173
core   0: >>>>  $xrv64i2p1_m2p0_a2p1_f2p2_d2p2_zicsr2p0_zifencei2p0_zmmul1p0_zba1p0_zbb1p0_zbc1p0_zbs1p0
core   0: 0x0000000080004000 (0x0080006f) j       pc + 0x8
core   0: 3 0x0000000080004000 (0x0080006f)
core   0: >>>>  mmode_exception_handler
core   0: 0x0000000080004008 (0x00002c17) auipc   s8, 0x2
core   0: 3 0x0000000080004008 (0x00002c17) x24 0x0000000080006008
core   0: 0x000000008000400c (0x00ac0c13) addi    s8, s8, 10
core   0: 3 0x000000008000400c (0x00ac0c13) x24 0x0000000080006012
core   0: 0x0000000080004010 (0x000c00e7) jalr    s8
core   0: 3 0x0000000080004010 (0x000c00e7) x1  0x0000000080004014
core   0: >>>>  any_handler
core   0: 0x0000000080006012 (0x341027f3) csrrs   a5, mepc, zero
core   0: 3 0x0000000080006012 (0x341027f3) x15 0x00000000800043a0
core   0: 0x0000000080006016 (0x34202773) csrrs   a4, mcause, zero
core   0: 3 0x0000000080006016 (0x34202773) x14 0x0000000000000002
core   0: 0x000000008000601a (0x142026f3) csrrs   a3, scause, zero
core   0: 3 0x000000008000601a (0x142026f3) x13 0x0000000000000000
core   0: 0x000000008000601e (0x30402673) csrrs   a2, mie, zero
core   0: 3 0x000000008000601e (0x30402673) x12 0x0000000000000a00
core   0: 0x0000000080006022 (0x344025f3) csrrs   a1, mip, zero
core   0: 3 0x0000000080006022 (0x344025f3) x11 0x0000000000000080
core   0: 0x0000000080006026 (0x343025f3) csrrs   a1, mtval, zero
core   0: 3 0x0000000080006026 (0x343025f3) x11 0x00000000c05c3173
core   0: 0x000000008000602a (0x14302573) csrrs   a0, stval, zero
core   0: 3 0x000000008000602a (0x14302573) x10 0x0000000000000000
core   0: 0x000000008000602e (0xb02024f3) csrrs   s1, minstret, zero
core   0: 3 0x000000008000602e (0xb02024f3) x9  0x00000000000008d8
core   0: 0x0000000080006032 (0x0000a811) c.j     pc + 20
core   0: 3 0x0000000080006032 (0xa811)
core   0: >>>>  mepc_4
core   0: 0x0000000080006046 (0x00000791) c.addi  a5, 4
core   0: 3 0x0000000080006046 (0x0791) x15 0x00000000800043a4
core   0: 0x0000000080006048 (0x34179073) csrrw   zero, mepc, a5
core   0: 3 0x0000000080006048 (0x34179073) c833_mepc 0x00000000800043a4
core   0: 0x000000008000604c (0x30200073) mret
core   0: 3 0x000000008000604c (0x30200073) c768_mstatus 0x8000000a00106080
core   0: 0x00000000800043a4 (0x02265dbb) divuw   s11, a2, sp
core   0: 1 0x00000000800043a4 (0x02265dbb) x27 0x0000000000000000
core   0: 0x00000000800043a8 (0xc2037bd3) fcvt.w.d s7, ft6
core   0: 1 0x00000000800043a8 (0xc2037bd3) c1_fflags 0x0000000000000011 x23 0x000000007fffffff
core   0: 0x00000000800043ac (0x030d083b) mulw    a6, s10, a6
core   0: 1 0x00000000800043ac (0x030d083b) x16 0x0000000000000000
core   0: 0x00000000800043b0 (0xc212f7d3) fcvt.wu.d a5, ft5
core   0: 1 0x00000000800043b0 (0xc212f7d3) c1_fflags 0x0000000000000011 x15 0xffffffffffffffff
core   0: 0x00000000800043b4 (0x03247d33) remu    s10, s0, s2
core   0: 1 0x00000000800043b4 (0x03247d33) x26 0x0000000000000000
core   0: 0x00000000800043b8 (0x00202273) csrrs   tp, frm, zero
core   0: 1 0x00000000800043b8 (0x00202273) x4  0x0000000000000001
core   0: 0x00000000800043bc (0x00102af3) csrrs   s5, fflags, zero
core   0: 1 0x00000000800043bc (0x00102af3) x21 0x0000000000000011
core   0: 0x00000000800043c0 (0x012a24b3) slt     s1, s4, s2
core   0: 1 0x00000000800043c0 (0x012a24b3) x9  0x0000000000000001
core   0: 0x00000000800043c4 (0x01dc5d3b) srlw    s10, s8, t4
core   0: 1 0x00000000800043c4 (0x01dc5d3b) x26 0x0000000000000001
core   0: 0x00000000800043c8 (0x4048dc9b) sraiw   s9, a7, 4
core   0: 1 0x00000000800043c8 (0x4048dc9b) x25 0x0000000000000000
core   0: 0x00000000800043cc (0x22c784d3) fsgnj.d fs1, fa5, fa2
core   0: 1 0x00000000800043cc (0x22c784d3) f9  0x7ff8000000000000
core   0: 0x00000000800043d0 (0x227f8ed3) fsgnj.d ft9, ft11, ft7
core   0: 1 0x00000000800043d0 (0x227f8ed3) f29 0x7ff8000000000000
core   0: 0x00000000800043d4 (0x0203fe3b) remuw   t3, t2, zero
core   0: 1 0x00000000800043d4 (0x0203fe3b) x28 0x000000000a4d70b7
core   0: 0x00000000800043d8 (0x41be55bb) sraw    a1, t3, s11
core   0: 1 0x00000000800043d8 (0x41be55bb) x11 0x000000000a4d70b7
core   0: 0x00000000800043dc (0x0155eb33) or      s6, a1, s5
core   0: 1 0x00000000800043dc (0x0155eb33) x22 0x000000000a4d70b7
core   0: 0x00000000800043e0 (0x5a05ff53) fsqrt.d ft10, fa1
core   0: 1 0x00000000800043e0 (0x5a05ff53) f30 0x7ff8000000000000
core   0: 0x00000000800043e4 (0x02f2c2bb) divw    t0, t0, a5
core   0: 1 0x00000000800043e4 (0x02f2c2bb) x5  0xffffffffffffffff
core   0: 0x00000000800043e8 (0x0279f9d3) fadd.d  fs3, fs3, ft7
core   0: 1 0x00000000800043e8 (0x0279f9d3) f19 0x7ff8000000000000
core   0: 0x00000000800043ec (0x539ead97) auipc   s11, 0x539ea
core   0: 1 0x00000000800043ec (0x539ead97) x27 0x00000000d39ee3ec
core   0: 0x00000000800043f0 (0x002dd5bb) srlw    a1, s11, sp
core   0: 1 0x00000000800043f0 (0x002dd5bb) x11 0x000000001a73dc7d
core   0: 0x00000000800043f4 (0x02ebbab3) mulhu   s5, s7, a4
core   0: 1 0x00000000800043f4 (0x02ebbab3) x21 0x0000000000000000
core   0: 0x00000000800043f8 (0x1a007ad3) fdiv.d  fs5, ft0, ft0
core   0: 1 0x00000000800043f8 (0x1a007ad3) f21 0x7ff8000000000000
core   0: 0x00000000800043fc (0x0ff0000f) fence   iorw,iorw
core   0: 1 0x00000000800043fc (0x0ff0000f)
core   0: 0x0000000080004400 (0x40107653) fcvt.s.d fa2, ft0
core   0: 1 0x0000000080004400 (0x40107653) f12 0xffffffff7fc00000
core   0: 0x0000000080004404 (0x02477e53) fadd.d  ft8, fa4, ft4
core   0: 1 0x0000000080004404 (0x02477e53) f28 0x7ff8000000000000
core   0: 0x0000000080004408 (0x41cdd43b) sraw    s0, s11, t3
core   0: 1 0x0000000080004408 (0x41cdd43b) x8  0xffffffffffffffa7
core   0: 0x000000008000440c (0x02ab45b3) div     a1, s6, a0
core   0: 1 0x000000008000440c (0x02ab45b3) x11 0xffffffffffffffff
core   0: 0x0000000080004410 (0x1a424e17) auipc   t3, 0x1a424
core   0: 1 0x0000000080004410 (0x1a424e17) x28 0x000000009a428410
core   0: 0x0000000080004414 (0x02f660b3) rem     ra, a2, a5
core   0: 1 0x0000000080004414 (0x02f660b3) x1  0x0000000000000000
core   0: 0x0000000080004418 (0x00110533) add     a0, sp, ra
core   0: 1 0x0000000080004418 (0x00110533) x10 0xfffffffffffffe03
core   0: 0x000000008000441c (0xc22af8d3) fcvt.l.d a7, fs5
core   0: 1 0x000000008000441c (0xc22af8d3) c1_fflags 0x0000000000000011 x17 0x7fffffffffffffff
core   0: 0x0000000080004420 (0x417954b3) sra     s1, s2, s7
core   0: 1 0x0000000080004420 (0x417954b3) x9  0x0000000000000000
core   0: 0x0000000080004424 (0x009559bb) srlw    s3, a0, s1
core   0: 1 0x0000000080004424 (0x009559bb) x19 0xfffffffffffffe03
core   0: 0x0000000080004428 (0x02c4f4d3) fadd.d  fs1, fs1, fa2
core   0: 1 0x0000000080004428 (0x02c4f4d3) f9  0x7ff8000000000000
core   0: 0x000000008000442c (0x00a76833) or      a6, a4, a0
core   0: 1 0x000000008000442c (0x00a76833) x16 0xfffffffffffffe03
core   0: 0x0000000080004430 (0xd023f553) fcvt.s.l fa0, t2
core   0: 1 0x0000000080004430 (0xd023f553) c1_fflags 0x0000000000000011 f10 0xffffffff4d24d70b
core   0: 0x0000000080004434 (0xd0347d53) fcvt.s.lu fs10, s0
core   0: 1 0x0000000080004434 (0xd0347d53) c1_fflags 0x0000000000000011 f26 0xffffffff5f7fffff
core   0: 0x0000000080004438 (0x26c80c13) addi    s8, a6, 620
core   0: 1 0x0000000080004438 (0x26c80c13) x24 0x000000000000006f
core   0: 0x000000008000443c (0x23a01053) fsgnjn.d ft0, ft0, fs10
core   0: 1 0x000000008000443c (0x23a01053) f0  0x7fffffff00000000
core   0: 0x0000000080004440 (0xc22c7153) fcvt.l.d sp, fs8
core   0: 1 0x0000000080004440 (0xc22c7153) x2  0x0000000000000000
core   0: 0x0000000080004444 (0xc02d7653) fcvt.l.s a2, fs10
core   0: 1 0x0000000080004444 (0xc02d7653) c1_fflags 0x0000000000000011 x12 0x7fffffffffffffff
core   0: 0x0000000080004448 (0x00161b73) csrrw   s6, fflags, a2
core   0: 1 0x0000000080004448 (0x00161b73) x22 0x0000000000000011 c1_fflags 0x000000000000001f
core   0: 0x000000008000444c (0xc20476d3) fcvt.w.d a3, fs0
core   0: 1 0x000000008000444c (0xc20476d3) c1_fflags 0x000000000000001f x13 0x000000007fffffff
core   0: 0x0000000080004450 (0x409b54bb) sraw    s1, s6, s1
core   0: 1 0x0000000080004450 (0x409b54bb) x9  0x0000000000000011
core   0: 0x0000000080004454 (0xb82d69f3) csrrsi  s3, minstreth, 26
core   0: exception trap_illegal_instruction, epc 0x0000000080004454
core   0:           tval 0x00000000b82d69f3
core   0: >>>>  $xrv64i2p1_m2p0_a2p1_f2p2_d2p2_zicsr2p0_zifencei2p0_zmmul1p0_zba1p0_zbb1p0_zbc1p0_zbs1p0
core   0: 0x0000000080004000 (0x0080006f) j       pc + 0x8
core   0: 3 0x0000000080004000 (0x0080006f)
core   0: >>>>  mmode_exception_handler
core   0: 0x0000000080004008 (0x00002c17) auipc   s8, 0x2
core   0: 3 0x0000000080004008 (0x00002c17) x24 0x0000000080006008
core   0: 0x000000008000400c (0x00ac0c13) addi    s8, s8, 10
core   0: 3 0x000000008000400c (0x00ac0c13) x24 0x0000000080006012
core   0: 0x0000000080004010 (0x000c00e7) jalr    s8
core   0: 3 0x0000000080004010 (0x000c00e7) x1  0x0000000080004014
core   0: >>>>  any_handler
core   0: 0x0000000080006012 (0x341027f3) csrrs   a5, mepc, zero
core   0: 3 0x0000000080006012 (0x341027f3) x15 0x0000000080004454
core   0: 0x0000000080006016 (0x34202773) csrrs   a4, mcause, zero
core   0: 3 0x0000000080006016 (0x34202773) x14 0x0000000000000002
core   0: 0x000000008000601a (0x142026f3) csrrs   a3, scause, zero
core   0: 3 0x000000008000601a (0x142026f3) x13 0x0000000000000000
core   0: 0x000000008000601e (0x30402673) csrrs   a2, mie, zero
core   0: 3 0x000000008000601e (0x30402673) x12 0x0000000000000a00
core   0: 0x0000000080006022 (0x344025f3) csrrs   a1, mip, zero
core   0: 3 0x0000000080006022 (0x344025f3) x11 0x0000000000000080
core   0: 0x0000000080006026 (0x343025f3) csrrs   a1, mtval, zero
core   0: 3 0x0000000080006026 (0x343025f3) x11 0x00000000b82d69f3
core   0: 0x000000008000602a (0x14302573) csrrs   a0, stval, zero
core   0: 3 0x000000008000602a (0x14302573) x10 0x0000000000000000
core   0: 0x000000008000602e (0xb02024f3) csrrs   s1, minstret, zero
core   0: 3 0x000000008000602e (0xb02024f3) x9  0x0000000000000914
core   0: 0x0000000080006032 (0x0000a811) c.j     pc + 20
core   0: 3 0x0000000080006032 (0xa811)
core   0: >>>>  mepc_4
core   0: 0x0000000080006046 (0x00000791) c.addi  a5, 4
core   0: 3 0x0000000080006046 (0x0791) x15 0x0000000080004458
core   0: 0x0000000080006048 (0x34179073) csrrw   zero, mepc, a5
core   0: 3 0x0000000080006048 (0x34179073) c833_mepc 0x0000000080004458
core   0: 0x000000008000604c (0x30200073) mret
core   0: 3 0x000000008000604c (0x30200073) c768_mstatus 0x8000000a00106080
core   0: 0x0000000080004458 (0xc22c7853) fcvt.l.d a6, fs8
core   0: 1 0x0000000080004458 (0xc22c7853) x16 0x0000000000000000
core   0: 0x000000008000445c (0x5b4ecc17) auipc   s8, 0x5b4ec
core   0: 1 0x000000008000445c (0x5b4ecc17) x24 0x00000000db4f045c
core   0: 0x0000000080004460 (0x400c5c13) srai    s8, s8, 0
core   0: 1 0x0000000080004460 (0x400c5c13) x24 0x00000000db4f045c
core   0: 0x0000000080004464 (0x00e242b3) xor     t0, tp, a4
core   0: 1 0x0000000080004464 (0x00e242b3) x5  0x0000000000000003
core   0: 0x0000000080004468 (0x00202373) csrrs   t1, frm, zero
core   0: 1 0x0000000080004468 (0x00202373) x6  0x0000000000000001
core   0: 0x000000008000446c (0x01f3511b) srliw   sp, t1, 31
core   0: 1 0x000000008000446c (0x01f3511b) x2  0x0000000000000000
core   0: 0x0000000080004470 (0xf2030fd3) fmv.d.x ft11, t1
core   0: 1 0x0000000080004470 (0xf2030fd3) f31 0x0000000000000001
core   0: 0x0000000080004474 (0x002dc5b3) xor     a1, s11, sp
core   0: 1 0x0000000080004474 (0x002dc5b3) x11 0x00000000d39ee3ec
core   0: 0x0000000080004478 (0x00102b73) csrrs   s6, fflags, zero
core   0: 1 0x0000000080004478 (0x00102b73) x22 0x000000000000001f
core   0: 0x000000008000447c (0x03832933) mulhsu  s2, t1, s8
core   0: 1 0x000000008000447c (0x03832933) x18 0x0000000000000000
core   0: 0x0000000080004480 (0x01a8ed33) or      s10, a7, s10
core   0: 1 0x0000000080004480 (0x01a8ed33) x26 0x7fffffffffffffff
core   0: 0x0000000080004484 (0x03abebb3) rem     s7, s7, s10
core   0: 1 0x0000000080004484 (0x03abebb3) x23 0x000000007fffffff
core   0: 0x0000000080004488 (0x2a688cd3) fmin.d  fs9, fa7, ft6
core   0: 1 0x0000000080004488 (0x2a688cd3) f25 0x7ff8000000000000
core   0: 0x000000008000448c (0x002028f3) csrrs   a7, frm, zero
core   0: 1 0x000000008000448c (0x002028f3) x17 0x0000000000000001
core   0: 0x0000000080004490 (0xd908cc93) xori    s9, a7, -624
core   0: 1 0x0000000080004490 (0xd908cc93) x25 0xfffffffffffffd91
core   0: 0x0000000080004494 (0x000ce413) ori     s0, s9, 0
core   0: 1 0x0000000080004494 (0x000ce413) x8  0xfffffffffffffd91
core   0: 0x0000000080004498 (0x22acad53) fsgnjx.d fs10, fs9, fa0
core   0: 1 0x0000000080004498 (0x22acad53) f26 0xfff8000000000000
core   0: 0x000000008000449c (0x47bc8013) addi    zero, s9, 1147
core   0: 1 0x000000008000449c (0x47bc8013)
core   0: 0x00000000800044a0 (0x00721bb3) sll     s7, tp, t2
core   0: 1 0x00000000800044a0 (0x00721bb3) x23 0x0080000000000000
core   0: 0x00000000800044a4 (0x028dbdb3) mulhu   s11, s11, s0
core   0: 1 0x00000000800044a4 (0x028dbdb3) x27 0x00000000d39ee3eb
core   0: 0x00000000800044a8 (0x0093531b) srliw   t1, t1, 9
core   0: 1 0x00000000800044a8 (0x0093531b) x6  0x0000000000000000
core   0: 0x00000000800044ac (0xe20c8c53) fmv.x.d s8, fs9
core   0: 1 0x00000000800044ac (0xe20c8c53) x24 0x7ff8000000000000
core   0: 0x00000000800044b0 (0x071d0537) lui     a0, 0x71d0
core   0: 1 0x00000000800044b0 (0x071d0537) x10 0x00000000071d0000
core   0: 0x00000000800044b4 (0x6fd5051b) addiw   a0, a0, 1789
core   0: 1 0x00000000800044b4 (0x6fd5051b) x10 0x00000000071d06fd
core   0: 0x00000000800044b8 (0x00000532) c.slli  a0, 12
core   0: 1 0x00000000800044b8 (0x0532) x10 0x00000071d06fd000
core   0: 0x00000000800044ba (0xd7a50513) addi    a0, a0, -646
core   0: 1 0x00000000800044ba (0xd7a50513) x10 0x00000071d06fcd7a
core   0: 0x00000000800044be (0x12a474d3) fmul.d  fs1, fs0, fa0
core   0: 1 0x00000000800044be (0x12a474d3) f9  0x7ff8000000000000
core   0: 0x00000000800044c2 (0x003c6db3) or      s11, s8, gp
core   0: 1 0x00000000800044c2 (0x003c6db3) x27 0x7ff8000000000001
core   0: 0x00000000800044c6 (0x021d8e33) mul     t3, s11, ra
core   0: 1 0x00000000800044c6 (0x021d8e33) x28 0xff60000080004014
core   0: 0x00000000800044ca (0x00000001) c.nop
core   0: 1 0x00000000800044ca (0x0001)
core   0: 0x00000000800044cc (0x021dd933) divu    s2, s11, ra
core   0: 1 0x00000000800044cc (0x021dd933) x18 0x00000000ffef7fe0
core   0: 0x00000000800044d0 (0x234f98d3) fsgnjn.d fa7, ft11, fs4
core   0: 1 0x00000000800044d0 (0x234f98d3) f17 0x0000000000000001
core   0: 0x00000000800044d4 (0x00ad883b) addw    a6, s11, a0
core   0: 1 0x00000000800044d4 (0x00ad883b) x16 0xffffffffd06fcd7b
core   0: 0x00000000800044d8 (0x014a5a33) srl     s4, s4, s4
core   0: 1 0x00000000800044d8 (0x014a5a33) x20 0x0000000000000001
core   0: 0x00000000800044dc (0x800c871b) addiw   a4, s9, -2048
core   0: 1 0x00000000800044dc (0x800c871b) x14 0xfffffffffffff591
core   0: 0x00000000800044e0 (0x40ea06b3) sub     a3, s4, a4
core   0: 1 0x00000000800044e0 (0x40ea06b3) x13 0x0000000000000a70
core   0: 0x00000000800044e4 (0x00000001) c.nop
core   0: 1 0x00000000800044e4 (0x0001)
core   0: 0x00000000800044e6 (0xc02679d3) fcvt.l.s s3, fa2
core   0: 1 0x00000000800044e6 (0xc02679d3) c1_fflags 0x000000000000001f x19 0x7fffffffffffffff
core   0: 0x00000000800044ea (0x000095ae) c.add   a1, a1
core   0: 1 0x00000000800044ea (0x95ae) x11 0x00000001a73dc7d8
core   0: 0x00000000800044ec (0x01de1ebb) sllw    t4, t3, t4
core   0: 1 0x00000000800044ec (0x01de1ebb) x29 0x0000000000000000
core   0: 0x00000000800044f0 (0x00bd7a33) and     s4, s10, a1
core   0: 1 0x00000000800044f0 (0x00bd7a33) x20 0x00000001a73dc7d8
core   0: 0x00000000800044f4 (0x01cc2c33) slt     s8, s8, t3
core   0: 1 0x00000000800044f4 (0x01cc2c33) x24 0x0000000000000000
core   0: 0x00000000800044f8 (0xf20e8053) fmv.d.x ft0, t4
core   0: 1 0x00000000800044f8 (0xf20e8053) f0  0x0000000000000000
core   0: 0x00000000800044fc (0x036a26b3) mulhsu  a3, s4, s6
core   0: 1 0x00000000800044fc (0x036a26b3) x13 0x0000000000000000
core   0: 0x0000000080004500 (0x41f4501b) sraiw   zero, s0, 31
core   0: 1 0x0000000080004500 (0x41f4501b)
core   0: 0x0000000080004504 (0x001029f3) csrrs   s3, fflags, zero
core   0: 1 0x0000000080004504 (0x001029f3) x19 0x000000000000001f
core   0: 0x0000000080004508 (0x0b7f7bd3) fsub.d  fs7, ft10, fs7
core   0: 1 0x0000000080004508 (0x0b7f7bd3) f23 0x7ff8000000000000
core   0: 0x000000008000450c (0x01ad9493) slli    s1, s11, 26
core   0: 1 0x000000008000450c (0x01ad9493) x9  0x0000000004000000
core   0: 0x0000000080004510 (0x009017b3) sll     a5, zero, s1
core   0: 1 0x0000000080004510 (0x009017b3) x15 0x0000000000000000
core   0: 0x0000000080004514 (0x2b0b1ed3) fmax.d  ft9, fs6, fa6
core   0: 1 0x0000000080004514 (0x2b0b1ed3) f29 0x7ff8000000000000
core   0: 0x0000000080004518 (0x0154511b) srliw   sp, s0, 21
core   0: 1 0x0000000080004518 (0x0154511b) x2  0x00000000000007ff
core   0: 0x000000008000451c (0x001c071b) addiw   a4, s8, 1
core   0: 1 0x000000008000451c (0x001c071b) x14 0x0000000000000001
core   0: 0x0000000080004520 (0x415edabb) sraw    s5, t4, s5
core   0: 1 0x0000000080004520 (0x415edabb) x21 0x0000000000000000
core   0: 0x0000000080004524 (0x00008e11) c.sub   a2, a2
core   0: 1 0x0000000080004524 (0x8e11) x12 0x0000000000000000
core   0: 0x0000000080004526 (0x03f69513) slli    a0, a3, 63
core   0: 1 0x0000000080004526 (0x03f69513) x10 0x0000000000000000
core   0: 0x000000008000452a (0x00011c3b) sllw    s8, sp, zero
core   0: 1 0x000000008000452a (0x00011c3b) x24 0x00000000000007ff
core   0: 0x000000008000452e (0xf8567db7) lui     s11, 0xf8567
core   0: 1 0x000000008000452e (0xf8567db7) x27 0xfffffffff8567000
core   0: 0x0000000080004532 (0x3fbd8d9b) addiw   s11, s11, 1019
core   0: 1 0x0000000080004532 (0x3fbd8d9b) x27 0xfffffffff85673fb
core   0: 0x0000000080004536 (0x00000db2) c.slli  s11, 12
core   0: 1 0x0000000080004536 (0x0db2) x27 0xffffff85673fb000
core   0: 0x0000000080004538 (0x877d8d93) addi    s11, s11, -1929
core   0: 1 0x0000000080004538 (0x877d8d93) x27 0xffffff85673fa877
core   0: 0x000000008000453c (0x034b00b3) mul     ra, s6, s4
core   0: 1 0x000000008000453c (0x034b00b3) x1  0x00000033407b3328
core   0: 0x0000000080004540 (0x42028a53) fcvt.d.s fs4, ft5
core   0: 1 0x0000000080004540 (0x42028a53) f20 0xbff0000000000000
core   0: 0x0000000080004544 (0x03be07b3) mul     a5, t3, s11
core   0: 1 0x0000000080004544 (0x03be07b3) x15 0x692124777b16e94c
core   0: 0x0000000080004548 (0x4037db9b) sraiw   s7, a5, 3
core   0: 1 0x0000000080004548 (0x4037db9b) x23 0x000000000f62dd29
core   0: 0x000000008000454c (0xad687d97) auipc   s11, 0xad687
core   0: 1 0x000000008000454c (0xad687d97) x27 0x000000002d68b54c
core   0: 0x0000000080004550 (0x400e5b13) srai    s6, t3, 0
core   0: 1 0x0000000080004550 (0x400e5b13) x22 0xff60000080004014
core   0: 0x0000000080004554 (0x002021f3) csrrs   gp, frm, zero
core   0: 1 0x0000000080004554 (0x002021f3) x3  0x0000000000000001
core   0: 0x0000000080004558 (0x00301a3b) sllw    s4, zero, gp
core   0: 1 0x0000000080004558 (0x00301a3b) x20 0x0000000000000000
core   0: 0x000000008000455c (0xcd6e6e13) ori     t3, t3, -810
core   0: 1 0x000000008000455c (0xcd6e6e13) x28 0xfffffffffffffcd6
core   0: 0x0000000080004560 (0x40038bb3) sub     s7, t2, zero
core   0: 1 0x0000000080004560 (0x40038bb3) x23 0x000000000a4d70b7
core   0: 0x0000000080004564 (0x01c38b3b) addw    s6, t2, t3
core   0: 1 0x0000000080004564 (0x01c38b3b) x22 0x000000000a4d6d8d
core   0: 0x0000000080004568 (0x016bd9b3) srl     s3, s7, s6
core   0: 1 0x0000000080004568 (0x016bd9b3) x19 0x000000000000526b
core   0: 0x000000008000456c (0x939d7cc7) fmsub.d fs9, fs10, fs9, fs2
core   0: 1 0x000000008000456c (0x939d7cc7) f25 0x7ff8000000000000
core   0: 0x0000000080004570 (0xe1873317) auipc   t1, 0xe1873
core   0: 1 0x0000000080004570 (0xe1873317) x6  0x0000000061877570
core   0: 0x0000000080004574 (0x00a52233) slt     tp, a0, a0
core   0: 1 0x0000000080004574 (0x00a52233) x4  0x0000000000000000
core   0: 0x0000000080004578 (0x00036033) or      zero, t1, zero
core   0: 1 0x0000000080004578 (0x00036033)
core   0: 0x000000008000457c (0x004017b3) sll     a5, zero, tp
core   0: 1 0x000000008000457c (0x004017b3) x15 0x0000000000000000
core   0: 0x0000000080004580 (0xc23072d3) fcvt.lu.d t0, ft0
core   0: 1 0x0000000080004580 (0xc23072d3) x5  0x0000000000000000
core   0: 0x0000000080004584 (0x00000001) c.nop
core   0: 1 0x0000000080004584 (0x0001)
core   0: 0x0000000080004586 (0x42030353) fcvt.d.s ft6, ft6
core   0: 1 0x0000000080004586 (0x42030353) f6  0x0000000000000000
core   0: 0x000000008000458a (0x00000001) c.nop
core   0: 1 0x000000008000458a (0x0001)
core   0: 0x000000008000458c (0x0282cc33) div     s8, t0, s0
core   0: 1 0x000000008000458c (0x0282cc33) x24 0x0000000000000000
core   0: 0x0000000080004590 (0x009b6ab3) or      s5, s6, s1
core   0: 1 0x0000000080004590 (0x009b6ab3) x21 0x000000000e4d6d8d
core   0: 0x0000000080004594 (0x01221bbb) sllw    s7, tp, s2
core   0: 1 0x0000000080004594 (0x01221bbb) x23 0x0000000000000000
core   0: 0x0000000080004598 (0xc21373d3) fcvt.wu.d t2, ft6
core   0: 1 0x0000000080004598 (0xc21373d3) x7  0x0000000000000000
core   0: 0x000000008000459c (0x410b8833) sub     a6, s7, a6
core   0: 1 0x000000008000459c (0x410b8833) x16 0x000000002f903285
core   0: 0x00000000800045a0 (0x0101e8b3) or      a7, gp, a6
core   0: 1 0x00000000800045a0 (0x0101e8b3) x17 0x000000002f903285
core   0: 0x00000000800045a4 (0x001d1d73) csrrw   s10, fflags, s10
core   0: 1 0x00000000800045a4 (0x001d1d73) x26 0x000000000000001f c1_fflags 0x000000000000001f
core   0: 0x00000000800045a8 (0x40147053) fcvt.s.d ft0, fs0
core   0: 1 0x00000000800045a8 (0x40147053) f0  0xffffffff7fc00000
core   0: 0x00000000800045ac (0x3db6dc37) lui     s8, 0x3db6d
core   0: 1 0x00000000800045ac (0x3db6dc37) x24 0x000000003db6d000
core   0: 0x00000000800045b0 (0x017bd83b) srlw    a6, s7, s7
core   0: 1 0x00000000800045b0 (0x017bd83b) x16 0x0000000000000000
core   0: 0x00000000800045b4 (0x00191df3) csrrw   s11, fflags, s2
core   0: 1 0x00000000800045b4 (0x00191df3) x27 0x000000000000001f c1_fflags 0x0000000000000000
core   0: 0x00000000800045b8 (0x23df27d3) fsgnjx.d fa5, ft10, ft9
core   0: 1 0x00000000800045b8 (0x23df27d3) f15 0x7ff8000000000000
core   0: 0x00000000800045bc (0x406986bb) subw    a3, s3, t1
core   0: 1 0x00000000800045bc (0x406986bb) x13 0xffffffff9e78dcfb
core   0: 0x00000000800045c0 (0x0ff0000f) fence   iorw,iorw
core   0: 1 0x00000000800045c0 (0x0ff0000f)
core   0: 0x00000000800045c4 (0x410680b3) sub     ra, a3, a6
core   0: 1 0x00000000800045c4 (0x410680b3) x1  0xffffffff9e78dcfb
core   0: 0x00000000800045c8 (0x57128193) addi    gp, t0, 1393
core   0: 1 0x00000000800045c8 (0x57128193) x3  0x0000000000000571
core   0: 0x00000000800045cc (0x02208e33) mul     t3, ra, sp
core   0: 1 0x00000000800045cc (0x02208e33) x28 0xfffffcf4286efb05
core   0: 0x00000000800045d0 (0x00b1159b) slliw   a1, sp, 11
core   0: 1 0x00000000800045d0 (0x00b1159b) x11 0x00000000003ff800
core   0: 0x00000000800045d4 (0x1a717153) fdiv.d  ft2, ft2, ft7
core   0: 1 0x00000000800045d4 (0x1a717153) f2  0x7ff8000000000000
core   0: 0x00000000800045d8 (0x4007d793) srai    a5, a5, 0
core   0: 1 0x00000000800045d8 (0x4007d793) x15 0x0000000000000000
core   0: 0x00000000800045dc (0xd03cfd53) fcvt.s.lu fs10, s9
core   0: 1 0x00000000800045dc (0xd03cfd53) c1_fflags 0x0000000000000001 f26 0xffffffff5f7fffff
core   0: 0x00000000800045e0 (0x7476baf3) csrrc   s5, mseccfg, a3
core   0: exception trap_illegal_instruction, epc 0x00000000800045e0
core   0:           tval 0x000000007476baf3
core   0: >>>>  $xrv64i2p1_m2p0_a2p1_f2p2_d2p2_zicsr2p0_zifencei2p0_zmmul1p0_zba1p0_zbb1p0_zbc1p0_zbs1p0
core   0: 0x0000000080004000 (0x0080006f) j       pc + 0x8
core   0: 3 0x0000000080004000 (0x0080006f)
core   0: >>>>  mmode_exception_handler
core   0: 0x0000000080004008 (0x00002c17) auipc   s8, 0x2
core   0: 3 0x0000000080004008 (0x00002c17) x24 0x0000000080006008
core   0: 0x000000008000400c (0x00ac0c13) addi    s8, s8, 10
core   0: 3 0x000000008000400c (0x00ac0c13) x24 0x0000000080006012
core   0: 0x0000000080004010 (0x000c00e7) jalr    s8
core   0: 3 0x0000000080004010 (0x000c00e7) x1  0x0000000080004014
core   0: >>>>  any_handler
core   0: 0x0000000080006012 (0x341027f3) csrrs   a5, mepc, zero
core   0: 3 0x0000000080006012 (0x341027f3) x15 0x00000000800045e0
core   0: 0x0000000080006016 (0x34202773) csrrs   a4, mcause, zero
core   0: 3 0x0000000080006016 (0x34202773) x14 0x0000000000000002
core   0: 0x000000008000601a (0x142026f3) csrrs   a3, scause, zero
core   0: 3 0x000000008000601a (0x142026f3) x13 0x0000000000000000
core   0: 0x000000008000601e (0x30402673) csrrs   a2, mie, zero
core   0: 3 0x000000008000601e (0x30402673) x12 0x0000000000000a00
core   0: 0x0000000080006022 (0x344025f3) csrrs   a1, mip, zero
core   0: 3 0x0000000080006022 (0x344025f3) x11 0x0000000000000080
core   0: 0x0000000080006026 (0x343025f3) csrrs   a1, mtval, zero
core   0: 3 0x0000000080006026 (0x343025f3) x11 0x000000007476baf3
core   0: 0x000000008000602a (0x14302573) csrrs   a0, stval, zero
core   0: 3 0x000000008000602a (0x14302573) x10 0x0000000000000000
core   0: 0x000000008000602e (0xb02024f3) csrrs   s1, minstret, zero
core   0: 3 0x000000008000602e (0xb02024f3) x9  0x000000000000098a
core   0: 0x0000000080006032 (0x0000a811) c.j     pc + 20
core   0: 3 0x0000000080006032 (0xa811)
core   0: >>>>  mepc_4
core   0: 0x0000000080006046 (0x00000791) c.addi  a5, 4
core   0: 3 0x0000000080006046 (0x0791) x15 0x00000000800045e4
core   0: 0x0000000080006048 (0x34179073) csrrw   zero, mepc, a5
core   0: 3 0x0000000080006048 (0x34179073) c833_mepc 0x00000000800045e4
core   0: 0x000000008000604c (0x30200073) mret
core   0: 3 0x000000008000604c (0x30200073) c768_mstatus 0x8000000a00106080
core   0: 0x00000000800045e4 (0x00d413b3) sll     t2, s0, a3
core   0: 1 0x00000000800045e4 (0x00d413b3) x7  0xfffffffffffffd91
core   0: 0x00000000800045e8 (0x0365b5b3) mulhu   a1, a1, s6
core   0: 1 0x00000000800045e8 (0x0365b5b3) x11 0x0000000000000000
core   0: 0x00000000800045ec (0x03bede93) srli    t4, t4, 59
core   0: 1 0x00000000800045ec (0x03bede93) x29 0x0000000000000000
core   0: 0x00000000800045f0 (0x001e9d1b) slliw   s10, t4, 1
core   0: 1 0x00000000800045f0 (0x001e9d1b) x26 0x0000000000000000
core   0: 0x00000000800045f4 (0x0104183b) sllw    a6, s0, a6
core   0: 1 0x00000000800045f4 (0x0104183b) x16 0xfffffffffffffd91
core   0: 0x00000000800045f8 (0x00ae1e3b) sllw    t3, t3, a0
core   0: 1 0x00000000800045f8 (0x00ae1e3b) x28 0x00000000286efb05
core   0: 0x00000000800045fc (0xc05078f3) csrrci  a7, hpmcounter5, 0
core   0: exception trap_illegal_instruction, epc 0x00000000800045fc
core   0:           tval 0x00000000c05078f3
core   0: >>>>  $xrv64i2p1_m2p0_a2p1_f2p2_d2p2_zicsr2p0_zifencei2p0_zmmul1p0_zba1p0_zbb1p0_zbc1p0_zbs1p0
core   0: 0x0000000080004000 (0x0080006f) j       pc + 0x8
core   0: 3 0x0000000080004000 (0x0080006f)
core   0: >>>>  mmode_exception_handler
core   0: 0x0000000080004008 (0x00002c17) auipc   s8, 0x2
core   0: 3 0x0000000080004008 (0x00002c17) x24 0x0000000080006008
core   0: 0x000000008000400c (0x00ac0c13) addi    s8, s8, 10
core   0: 3 0x000000008000400c (0x00ac0c13) x24 0x0000000080006012
core   0: 0x0000000080004010 (0x000c00e7) jalr    s8
core   0: 3 0x0000000080004010 (0x000c00e7) x1  0x0000000080004014
core   0: >>>>  any_handler
core   0: 0x0000000080006012 (0x341027f3) csrrs   a5, mepc, zero
core   0: 3 0x0000000080006012 (0x341027f3) x15 0x00000000800045fc
core   0: 0x0000000080006016 (0x34202773) csrrs   a4, mcause, zero
core   0: 3 0x0000000080006016 (0x34202773) x14 0x0000000000000002
core   0: 0x000000008000601a (0x142026f3) csrrs   a3, scause, zero
core   0: 3 0x000000008000601a (0x142026f3) x13 0x0000000000000000
core   0: 0x000000008000601e (0x30402673) csrrs   a2, mie, zero
core   0: 3 0x000000008000601e (0x30402673) x12 0x0000000000000a00
core   0: 0x0000000080006022 (0x344025f3) csrrs   a1, mip, zero
core   0: 3 0x0000000080006022 (0x344025f3) x11 0x0000000000000080
core   0: 0x0000000080006026 (0x343025f3) csrrs   a1, mtval, zero
core   0: 3 0x0000000080006026 (0x343025f3) x11 0x00000000c05078f3
core   0: 0x000000008000602a (0x14302573) csrrs   a0, stval, zero
core   0: 3 0x000000008000602a (0x14302573) x10 0x0000000000000000
core   0: 0x000000008000602e (0xb02024f3) csrrs   s1, minstret, zero
core   0: 3 0x000000008000602e (0xb02024f3) x9  0x00000000000009a0
core   0: 0x0000000080006032 (0x0000a811) c.j     pc + 20
core   0: 3 0x0000000080006032 (0xa811)
core   0: >>>>  mepc_4
core   0: 0x0000000080006046 (0x00000791) c.addi  a5, 4
core   0: 3 0x0000000080006046 (0x0791) x15 0x0000000080004600
core   0: 0x0000000080006048 (0x34179073) csrrw   zero, mepc, a5
core   0: 3 0x0000000080006048 (0x34179073) c833_mepc 0x0000000080004600
core   0: 0x000000008000604c (0x30200073) mret
core   0: 3 0x000000008000604c (0x30200073) c768_mstatus 0x8000000a00106080
core   0: 0x0000000080004600 (0xc20d7253) fcvt.w.d tp, fs10
core   0: 1 0x0000000080004600 (0xc20d7253) c1_fflags 0x0000000000000011 x4  0x000000007fffffff
core   0: 0x0000000080004604 (0x0b197253) fsub.d  ft4, fs2, fa7
core   0: 1 0x0000000080004604 (0x0b197253) f4  0x7ff8000000000000
core   0: 0x0000000080004608 (0x9f19fe97) auipc   t4, 0x9f19f
core   0: 1 0x0000000080004608 (0x9f19fe97) x29 0x000000001f1a3608
core   0: 0x000000008000460c (0xd2b1841b) addiw   s0, gp, -725
core   0: 1 0x000000008000460c (0xd2b1841b) x8  0x000000000000029c
core   0: 0x0000000080004610 (0x0010dc3b) srlw    s8, ra, ra
core   0: 1 0x0000000080004610 (0x0010dc3b) x24 0x0000000000000800
core   0: 0x0000000080004614 (0x0ff0000f) fence   iorw,iorw
core   0: 1 0x0000000080004614 (0x0ff0000f)
core   0: 0x0000000080004618 (0x0046c8b7) lui     a7, 0x46c
core   0: 1 0x0000000080004618 (0x0046c8b7) x17 0x000000000046c000
core   0: 0x000000008000461c (0x2598889b) addiw   a7, a7, 601
core   0: 1 0x000000008000461c (0x2598889b) x17 0x000000000046c259
core   0: 0x0000000080004620 (0x000008b6) c.slli  a7, 13
core   0: 1 0x0000000080004620 (0x08b6) x17 0x00000008d84b2000
core   0: 0x0000000080004622 (0x83488893) addi    a7, a7, -1996
core   0: 1 0x0000000080004622 (0x83488893) x17 0x00000008d84b1834
core   0: 0x0000000080004626 (0x26b58d13) addi    s10, a1, 619
core   0: 1 0x0000000080004626 (0x26b58d13) x26 0x00000000c0507b5e
core   0: 0x000000008000462a (0x00b6db3b) srlw    s6, a3, a1
core   0: 1 0x000000008000462a (0x00b6db3b) x22 0x0000000000000000
core   0: 0x000000008000462e (0xd20a8153) fcvt.d.w ft2, s5
core   0: 1 0x000000008000462e (0xd20a8153) f2  0x41ac9adb1a000000
core   0: 0x0000000080004632 (0x036a1a33) mulh    s4, s4, s6
core   0: 1 0x0000000080004632 (0x036a1a33) x20 0x0000000000000000
core   0: 0x0000000080004636 (0x1b824817) auipc   a6, 0x1b824
core   0: 1 0x0000000080004636 (0x1b824817) x16 0x000000009b828636
core   0: 0x000000008000463a (0x014a6c33) or      s8, s4, s4
core   0: 1 0x000000008000463a (0x014a6c33) x24 0x0000000000000000
core   0: 0x000000008000463e (0x00202773) csrrs   a4, frm, zero
core   0: 1 0x000000008000463e (0x00202773) x14 0x0000000000000001
core   0: 0x0000000080004642 (0x055ff237) lui     tp, 0x55ff
core   0: 1 0x0000000080004642 (0x055ff237) x4  0x00000000055ff000
core   0: 0x0000000080004646 (0xdbf2021b) addiw   tp, tp, -577
core   0: 1 0x0000000080004646 (0xdbf2021b) x4  0x00000000055fedbf
core   0: 0x000000008000464a (0x00000232) c.slli  tp, 12
core   0: 1 0x000000008000464a (0x0232) x4  0x00000055fedbf000
core   0: 0x000000008000464c (0xca120213) addi    tp, tp, -863
core   0: 1 0x000000008000464c (0xca120213) x4  0x00000055fedbeca1
core   0: 0x0000000080004650 (0x036dfb3b) remuw   s6, s11, s6
core   0: 1 0x0000000080004650 (0x036dfb3b) x22 0x000000000000001f
core   0: 0x0000000080004654 (0xd021fb53) fcvt.s.l fs6, gp
core   0: 1 0x0000000080004654 (0xd021fb53) f22 0xffffffff44ae2000
core   0: 0x0000000080004658 (0x403e5d33) sra     s10, t3, gp
core   0: 1 0x0000000080004658 (0x403e5d33) x26 0x0000000000000000
core   0: 0x000000008000465c (0x00f3d11b) srliw   sp, t2, 15
core   0: 1 0x000000008000465c (0x00f3d11b) x2  0x000000000001ffff
core   0: 0x0000000080004660 (0xc20cf653) fcvt.w.d a2, fs9
core   0: 1 0x0000000080004660 (0xc20cf653) c1_fflags 0x0000000000000011 x12 0x000000007fffffff
core   0: 0x0000000080004664 (0xf2000253) fmv.d.x ft4, zero
core   0: 1 0x0000000080004664 (0xf2000253) f4  0x0000000000000000
core   0: 0x0000000080004668 (0x001022f3) csrrs   t0, fflags, zero
core   0: 1 0x0000000080004668 (0x001022f3) x5  0x0000000000000011
core   0: 0x000000008000466c (0x6d677913) andi    s2, a4, 1750
core   0: 1 0x000000008000466c (0x6d677913) x18 0x0000000000000000
core   0: 0x0000000080004670 (0x1ef2851b) addiw   a0, t0, 495
core   0: 1 0x0000000080004670 (0x1ef2851b) x10 0x0000000000000200
core   0: 0x0000000080004674 (0x00427233) and     tp, tp, tp
core   0: 1 0x0000000080004674 (0x00427233) x4  0x00000055fedbeca1
core   0: 0x0000000080004678 (0xc2307353) fcvt.lu.d t1, ft0
core   0: 1 0x0000000080004678 (0xc2307353) c1_fflags 0x0000000000000011 x6  0xffffffffffffffff
core   0: 0x000000008000467c (0x0066a6b3) slt     a3, a3, t1
core   0: 1 0x000000008000467c (0x0066a6b3) x13 0x0000000000000000
core   0: 0x0000000080004680 (0x005ab737) lui     a4, 0x5ab
core   0: 1 0x0000000080004680 (0x005ab737) x14 0x00000000005ab000
core   0: 0x0000000080004684 (0xa357071b) addiw   a4, a4, -1483
core   0: 1 0x0000000080004684 (0xa357071b) x14 0x00000000005aaa35
core   0: 0x0000000080004688 (0x00000736) c.slli  a4, 13
core   0: 1 0x0000000080004688 (0x0736) x14 0x0000000b5546a000
core   0: 0x000000008000468a (0xc1770713) addi    a4, a4, -1001
core   0: 1 0x000000008000468a (0xc1770713) x14 0x0000000b55469c17
core   0: 0x000000008000468e (0x74c77313) andi    t1, a4, 1868
core   0: 1 0x000000008000468e (0x74c77313) x6  0x0000000000000404
core   0: 0x0000000080004692 (0x1ad50017) auipc   zero, 0x1ad50
core   0: 1 0x0000000080004692 (0x1ad50017)
core   0: 0x0000000080004696 (0x40dc7e13) andi    t3, s8, 1037
core   0: 1 0x0000000080004696 (0x40dc7e13) x28 0x0000000000000000
core   0: 0x000000008000469a (0xc03e7b53) fcvt.lu.s s6, ft8
core   0: 1 0x000000008000469a (0xc03e7b53) c1_fflags 0x0000000000000011 x22 0xffffffffffffffff
core   0: 0x000000008000469e (0xc2257753) fcvt.l.d a4, fa0
core   0: 1 0x000000008000469e (0xc2257753) c1_fflags 0x0000000000000011 x14 0x7fffffffffffffff
core   0: 0x00000000800046a2 (0xa36c02d3) fle.d   t0, fs8, fs6
core   0: 1 0x00000000800046a2 (0xa36c02d3) c1_fflags 0x0000000000000011 x5  0x0000000000000000
core   0: 0x00000000800046a6 (0xfc13d437) lui     s0, 0xfc13d
core   0: 1 0x00000000800046a6 (0xfc13d437) x8  0xfffffffffc13d000
core   0: 0x00000000800046aa (0x95f4041b) addiw   s0, s0, -1697
core   0: 1 0x00000000800046aa (0x95f4041b) x8  0xfffffffffc13c95f
core   0: 0x00000000800046ae (0x00000432) c.slli  s0, 12
core   0: 1 0x00000000800046ae (0x0432) x8  0xffffffc13c95f000
core   0: 0x00000000800046b0 (0x94c40413) addi    s0, s0, -1716
core   0: 1 0x00000000800046b0 (0x94c40413) x8  0xffffffc13c95e94c
core   0: 0x00000000800046b4 (0x01127a33) and     s4, tp, a7
core   0: 1 0x00000000800046b4 (0x01127a33) x20 0x00000000d84b0820
core   0: 0x00000000800046b8 (0x43fc5913) srai    s2, s8, 63
core   0: 1 0x00000000800046b8 (0x43fc5913) x18 0x0000000000000000
core   0: 0x00000000800046bc (0xc03e7153) fcvt.lu.s sp, ft8
core   0: 1 0x00000000800046bc (0xc03e7153) c1_fflags 0x0000000000000011 x2  0xffffffffffffffff
core   0: 0x00000000800046c0 (0x2a7e9e53) fmax.d  ft8, ft9, ft7
core   0: 1 0x00000000800046c0 (0x2a7e9e53) f28 0x7ff8000000000000
core   0: 0x00000000800046c4 (0x0001121b) slliw   tp, sp, 0
core   0: 1 0x00000000800046c4 (0x0001121b) x4  0xffffffffffffffff
core   0: 0x00000000800046c8 (0xf125b573) csrrc   a0, marchid, a1
core   0: exception trap_illegal_instruction, epc 0x00000000800046c8
core   0:           tval 0x00000000f125b573
core   0: >>>>  $xrv64i2p1_m2p0_a2p1_f2p2_d2p2_zicsr2p0_zifencei2p0_zmmul1p0_zba1p0_zbb1p0_zbc1p0_zbs1p0
core   0: 0x0000000080004000 (0x0080006f) j       pc + 0x8
core   0: 3 0x0000000080004000 (0x0080006f)
core   0: >>>>  mmode_exception_handler
core   0: 0x0000000080004008 (0x00002c17) auipc   s8, 0x2
core   0: 3 0x0000000080004008 (0x00002c17) x24 0x0000000080006008
core   0: 0x000000008000400c (0x00ac0c13) addi    s8, s8, 10
core   0: 3 0x000000008000400c (0x00ac0c13) x24 0x0000000080006012
core   0: 0x0000000080004010 (0x000c00e7) jalr    s8
core   0: 3 0x0000000080004010 (0x000c00e7) x1  0x0000000080004014
core   0: >>>>  any_handler
core   0: 0x0000000080006012 (0x341027f3) csrrs   a5, mepc, zero
core   0: 3 0x0000000080006012 (0x341027f3) x15 0x00000000800046c8
core   0: 0x0000000080006016 (0x34202773) csrrs   a4, mcause, zero
core   0: 3 0x0000000080006016 (0x34202773) x14 0x0000000000000002
core   0: 0x000000008000601a (0x142026f3) csrrs   a3, scause, zero
core   0: 3 0x000000008000601a (0x142026f3) x13 0x0000000000000000
core   0: 0x000000008000601e (0x30402673) csrrs   a2, mie, zero
core   0: 3 0x000000008000601e (0x30402673) x12 0x0000000000000a00
core   0: 0x0000000080006022 (0x344025f3) csrrs   a1, mip, zero
core   0: 3 0x0000000080006022 (0x344025f3) x11 0x0000000000000080
core   0: 0x0000000080006026 (0x343025f3) csrrs   a1, mtval, zero
core   0: 3 0x0000000080006026 (0x343025f3) x11 0x00000000f125b573
core   0: 0x000000008000602a (0x14302573) csrrs   a0, stval, zero
core   0: 3 0x000000008000602a (0x14302573) x10 0x0000000000000000
core   0: 0x000000008000602e (0xb02024f3) csrrs   s1, minstret, zero
core   0: 3 0x000000008000602e (0xb02024f3) x9  0x00000000000009e4
core   0: 0x0000000080006032 (0x0000a811) c.j     pc + 20
core   0: 3 0x0000000080006032 (0xa811)
core   0: >>>>  mepc_4
core   0: 0x0000000080006046 (0x00000791) c.addi  a5, 4
core   0: 3 0x0000000080006046 (0x0791) x15 0x00000000800046cc
core   0: 0x0000000080006048 (0x34179073) csrrw   zero, mepc, a5
core   0: 3 0x0000000080006048 (0x34179073) c833_mepc 0x00000000800046cc
core   0: 0x000000008000604c (0x30200073) mret
core   0: 3 0x000000008000604c (0x30200073) c768_mstatus 0x8000000a00106080
core   0: 0x00000000800046cc (0x0344ffd3) fadd.d  ft11, fs1, fs4
core   0: 1 0x00000000800046cc (0x0344ffd3) f31 0x7ff8000000000000
core   0: 0x00000000800046d0 (0x00456233) or      tp, a0, tp
core   0: 1 0x00000000800046d0 (0x00456233) x4  0xffffffffffffffff
core   0: 0x00000000800046d4 (0xd20e8c53) fcvt.d.w fs8, t4
core   0: 1 0x00000000800046d4 (0xd20e8c53) f24 0x41bf1a3608000000
core   0: 0x00000000800046d8 (0x411851bb) sraw    gp, a6, a7
core   0: 1 0x00000000800046d8 (0x411851bb) x3  0xfffffffffffff9b8
core   0: 0x00000000800046dc (0x12c1e093) ori     ra, gp, 300
core   0: 1 0x00000000800046dc (0x12c1e093) x1  0xfffffffffffff9bc
core   0: 0x00000000800046e0 (0x0283b4b3) mulhu   s1, t2, s0
core   0: 1 0x00000000800046e0 (0x0283b4b3) x9  0xffffffc13c95e6dd
core   0: 0x00000000800046e4 (0x000bd813) srli    a6, s7, 0
core   0: 1 0x00000000800046e4 (0x000bd813) x16 0x0000000000000000
core   0: 0x00000000800046e8 (0x41b68933) sub     s2, a3, s11
core   0: 1 0x00000000800046e8 (0x41b68933) x18 0xffffffffffffffe1
core   0: 0x00000000800046ec (0x01c4dcbb) srlw    s9, s1, t3
core   0: 1 0x00000000800046ec (0x01c4dcbb) x25 0x000000003c95e6dd
core   0: 0x00000000800046f0 (0x141a1473) csrrw   s0, sepc, s4
core   0: 1 0x00000000800046f0 (0x141a1473) x8  0x0000000000000000 c321_sepc 0x00000000d84b0820
core   0: 0x00000000800046f4 (0x134b7dd3) fmul.d  fs11, fs6, fs4
core   0: 1 0x00000000800046f4 (0x134b7dd3) f27 0x7ff8000000000000
core   0: 0x00000000800046f8 (0x00d20ebb) addw    t4, tp, a3
core   0: 1 0x00000000800046f8 (0x00d20ebb) x29 0xffffffffffffffff
core   0: 0x00000000800046fc (0x0049d53b) srlw    a0, s3, tp
core   0: 1 0x00000000800046fc (0x0049d53b) x10 0x0000000000000000
core   0: 0x0000000080004700 (0x2b6790d3) fmax.d  ft1, fa5, fs6
core   0: 1 0x0000000080004700 (0x2b6790d3) f1  0x7ff8000000000000
core   0: 0x0000000080004704 (0x40a1589b) sraiw   a7, sp, 10
core   0: 1 0x0000000080004704 (0x40a1589b) x17 0xffffffffffffffff
core   0: 0x0000000080004708 (0x02b03033) mulhu   zero, zero, a1
core   0: 1 0x0000000080004708 (0x02b03033)
core   0: 0x000000008000470c (0x5a077753) fsqrt.d fa4, fa4
core   0: 1 0x000000008000470c (0x5a077753) f14 0x7ff8000000000000
core   0: 0x0000000080004710 (0x8009069b) addiw   a3, s2, -2048
core   0: 1 0x0000000080004710 (0x8009069b) x13 0xfffffffffffff7e1
core   0: 0x0000000080004714 (0x2ba11d53) fmax.d  fs10, ft2, fs10
core   0: 1 0x0000000080004714 (0x2ba11d53) f26 0x41ac9adb1a000000
core   0: 0x0000000080004718 (0x0004f093) andi    ra, s1, 0
core   0: 1 0x0000000080004718 (0x0004f093) x1  0x0000000000000000
core   0: 0x000000008000471c (0xa3dd01d3) fle.d   gp, fs10, ft9
core   0: 1 0x000000008000471c (0xa3dd01d3) c1_fflags 0x0000000000000011 x3  0x0000000000000000
core   0: 0x0000000080004720 (0x0131509b) srliw   ra, sp, 19
core   0: 1 0x0000000080004720 (0x0131509b) x1  0x0000000000001fff
core   0: 0x0000000080004724 (0x01aeec33) or      s8, t4, s10
core   0: 1 0x0000000080004724 (0x01aeec33) x24 0xffffffffffffffff
core   0: 0x0000000080004728 (0x62c173c3) fmadd.d ft7, ft2, fa2, fa2
core   0: 1 0x0000000080004728 (0x62c173c3) f7  0x7ff8000000000000
core   0: 0x000000008000472c (0x4011d513) srai    a0, gp, 1
core   0: 1 0x000000008000472c (0x4011d513) x10 0x0000000000000000
core   0: 0x0000000080004730 (0x41ad073b) subw    a4, s10, s10
core   0: 1 0x0000000080004730 (0x41ad073b) x14 0x0000000000000000
core   0: 0x0000000080004734 (0x01c9de13) srli    t3, s3, 28
core   0: 1 0x0000000080004734 (0x01c9de13) x28 0x0000000000000000
core   0: 0x0000000080004738 (0xd21188d3) fcvt.d.wu fa7, gp
core   0: 1 0x0000000080004738 (0xd21188d3) f17 0x0000000000000000
core   0: 0x000000008000473c (0x01429533) sll     a0, t0, s4
core   0: 1 0x000000008000473c (0x01429533) x10 0x0000000000000000
core   0: 0x0000000080004740 (0x42015113) srai    sp, sp, 32
core   0: 1 0x0000000080004740 (0x42015113) x2  0xffffffffffffffff
core   0: 0x0000000080004744 (0x02bca733) mulhsu  a4, s9, a1
core   0: 1 0x0000000080004744 (0x02bca733) x14 0x0000000000000000
core   0: 0x0000000080004748 (0x02451d13) slli    s10, a0, 36
core   0: 1 0x0000000080004748 (0x02451d13) x26 0x0000000000000000
core   0: 0x000000008000474c (0xc023f6d3) fcvt.l.s a3, ft7
core   0: 1 0x000000008000474c (0xc023f6d3) c1_fflags 0x0000000000000011 x13 0x7fffffffffffffff
core   0: 0x0000000080004750 (0xd02979d3) fcvt.s.l fs3, s2
core   0: 1 0x0000000080004750 (0xd02979d3) f19 0xffffffffc1f80000
core   0: 0x0000000080004754 (0x0a2e7047) fmsub.d ft0, ft8, ft2, ft1
core   0: 1 0x0000000080004754 (0x0a2e7047) f0  0x7ff8000000000000
core   0: 0x0000000080004758 (0x02f31433) mulh    s0, t1, a5
core   0: 1 0x0000000080004758 (0x02f31433) x8  0x0000000000000000
core   0: 0x000000008000475c (0x03093933) mulhu   s2, s2, a6
core   0: 1 0x000000008000475c (0x03093933) x18 0x0000000000000000
core   0: 0x0000000080004760 (0xc022f5d3) fcvt.l.s a1, ft5
core   0: 1 0x0000000080004760 (0xc022f5d3) x11 0xffffffffffffffff
core   0: 0x0000000080004764 (0x0ff0000f) fence   iorw,iorw
core   0: 1 0x0000000080004764 (0x0ff0000f)
core   0: 0x0000000080004768 (0x01a88b3b) addw    s6, a7, s10
core   0: 1 0x0000000080004768 (0x01a88b3b) x22 0xffffffffffffffff
core   0: 0x000000008000476c (0x1a017853) fdiv.d  fa6, ft2, ft0
core   0: 1 0x000000008000476c (0x1a017853) f16 0x7ff8000000000000
core   0: 0x0000000080004770 (0x03caee33) rem     t3, s5, t3
core   0: 1 0x0000000080004770 (0x03caee33) x28 0x000000000e4d6d8d
core   0: 0x0000000080004774 (0x402686b3) sub     a3, a3, sp
core   0: 1 0x0000000080004774 (0x402686b3) x13 0x8000000000000000
core   0: 0x0000000080004778 (0x00f227b3) slt     a5, tp, a5
core   0: 1 0x0000000080004778 (0x00f227b3) x15 0x0000000000000001
core   0: 0x000000008000477c (0x25defe93) andi    t4, t4, 605
core   0: 1 0x000000008000477c (0x25defe93) x29 0x000000000000025d
core   0: 0x0000000080004780 (0x00071a93) slli    s5, a4, 0
core   0: 1 0x0000000080004780 (0x00071a93) x21 0x0000000000000000
core   0: 0x0000000080004784 (0x2bc00cd3) fmin.d  fs9, ft0, ft8
core   0: 1 0x0000000080004784 (0x2bc00cd3) f25 0x7ff8000000000000
core   0: 0x0000000080004788 (0x40a2d033) sra     zero, t0, a0
core   0: 1 0x0000000080004788 (0x40a2d033)
core   0: 0x000000008000478c (0xd232f1d3) fcvt.d.lu ft3, t0
core   0: 1 0x000000008000478c (0xd232f1d3) f3  0x0000000000000000
core   0: 0x0000000080004790 (0xd229f953) fcvt.d.l fs2, s3
core   0: 1 0x0000000080004790 (0xd229f953) f18 0x40d49ac000000000
core   0: 0x0000000080004794 (0x01d6181b) slliw   a6, a2, 29
core   0: 1 0x0000000080004794 (0x01d6181b) x16 0x0000000000000000
core   0: 0x0000000080004798 (0x03d4f94f) fnmadd.d fs2, fs1, ft9, ft0
core   0: 1 0x0000000080004798 (0x03d4f94f) f18 0x7ff8000000000000
core   0: 0x000000008000479c (0x0188fab3) and     s5, a7, s8
core   0: 1 0x000000008000479c (0x0188fab3) x21 0xffffffffffffffff
core   0: 0x00000000800047a0 (0x126671d3) fmul.d  ft3, fa2, ft6
core   0: 1 0x00000000800047a0 (0x126671d3) f3  0x7ff8000000000000
core   0: 0x00000000800047a4 (0x0b40fad3) fsub.d  fs5, ft1, fs4
core   0: 1 0x00000000800047a4 (0x0b40fad3) f21 0x7ff8000000000000
core   0: 0x00000000800047a8 (0xc231f5d3) fcvt.lu.d a1, ft3
core   0: 1 0x00000000800047a8 (0xc231f5d3) c1_fflags 0x0000000000000011 x11 0xffffffffffffffff
core   0: 0x00000000800047ac (0x002d9173) csrrw   sp, frm, s11
core   0: 1 0x00000000800047ac (0x002d9173) x2  0x0000000000000001 c2_frm 0x0000000000000007
core   0: 0x00000000800047b0 (0x0170103b) sllw    zero, zero, s7
core   0: 1 0x00000000800047b0 (0x0170103b)
core   0: 0x00000000800047b4 (0x00000001) c.nop
core   0: 1 0x00000000800047b4 (0x0001)
core   0: 0x00000000800047b6 (0x0ff0000f) fence   iorw,iorw
core   0: 1 0x00000000800047b6 (0x0ff0000f)
core   0: 0x00000000800047ba (0x004a78b3) and     a7, s4, tp
core   0: 1 0x00000000800047ba (0x004a78b3) x17 0x00000000d84b0820
core   0: 0x00000000800047be (0x41a8d21b) sraiw   tp, a7, 26
core   0: 1 0x00000000800047be (0x41a8d21b) x4  0xfffffffffffffff6
core   0: 0x00000000800047c2 (0x4353f04f) fnmadd.d ft0, ft7, fs5, fs0
core   0: exception trap_illegal_instruction, epc 0x00000000800047c2
core   0:           tval 0x000000004353f04f
core   0: >>>>  $xrv64i2p1_m2p0_a2p1_f2p2_d2p2_zicsr2p0_zifencei2p0_zmmul1p0_zba1p0_zbb1p0_zbc1p0_zbs1p0
core   0: 0x0000000080004000 (0x0080006f) j       pc + 0x8
core   0: 3 0x0000000080004000 (0x0080006f)
core   0: >>>>  mmode_exception_handler
core   0: 0x0000000080004008 (0x00002c17) auipc   s8, 0x2
core   0: 3 0x0000000080004008 (0x00002c17) x24 0x0000000080006008
core   0: 0x000000008000400c (0x00ac0c13) addi    s8, s8, 10
core   0: 3 0x000000008000400c (0x00ac0c13) x24 0x0000000080006012
core   0: 0x0000000080004010 (0x000c00e7) jalr    s8
core   0: 3 0x0000000080004010 (0x000c00e7) x1  0x0000000080004014
core   0: >>>>  any_handler
core   0: 0x0000000080006012 (0x341027f3) csrrs   a5, mepc, zero
core   0: 3 0x0000000080006012 (0x341027f3) x15 0x00000000800047c2
core   0: 0x0000000080006016 (0x34202773) csrrs   a4, mcause, zero
core   0: 3 0x0000000080006016 (0x34202773) x14 0x0000000000000002
core   0: 0x000000008000601a (0x142026f3) csrrs   a3, scause, zero
core   0: 3 0x000000008000601a (0x142026f3) x13 0x0000000000000000
core   0: 0x000000008000601e (0x30402673) csrrs   a2, mie, zero
core   0: 3 0x000000008000601e (0x30402673) x12 0x0000000000000a00
core   0: 0x0000000080006022 (0x344025f3) csrrs   a1, mip, zero
core   0: 3 0x0000000080006022 (0x344025f3) x11 0x0000000000000080
core   0: 0x0000000080006026 (0x343025f3) csrrs   a1, mtval, zero
core   0: 3 0x0000000080006026 (0x343025f3) x11 0x000000004353f04f
core   0: 0x000000008000602a (0x14302573) csrrs   a0, stval, zero
core   0: 3 0x000000008000602a (0x14302573) x10 0x0000000000000000
core   0: 0x000000008000602e (0xb02024f3) csrrs   s1, minstret, zero
core   0: 3 0x000000008000602e (0xb02024f3) x9  0x0000000000000a32
core   0: 0x0000000080006032 (0x0000a811) c.j     pc + 20
core   0: 3 0x0000000080006032 (0xa811)
core   0: >>>>  mepc_4
core   0: 0x0000000080006046 (0x00000791) c.addi  a5, 4
core   0: 3 0x0000000080006046 (0x0791) x15 0x00000000800047c6
core   0: 0x0000000080006048 (0x34179073) csrrw   zero, mepc, a5
core   0: 3 0x0000000080006048 (0x34179073) c833_mepc 0x00000000800047c6
core   0: 0x000000008000604c (0x30200073) mret
core   0: 3 0x000000008000604c (0x30200073) c768_mstatus 0x8000000a00106080
core   0: 0x00000000800047c6 (0x001d62b3) or      t0, s10, ra
core   0: 1 0x00000000800047c6 (0x001d62b3) x5  0x0000000080004014
core   0: 0x00000000800047ca (0x002713f3) csrrw   t2, frm, a4
core   0: 1 0x00000000800047ca (0x002713f3) x7  0x0000000000000007 c2_frm 0x0000000000000002
core   0: 0x00000000800047ce (0x0018989b) slliw   a7, a7, 1
core   0: 1 0x00000000800047ce (0x0018989b) x17 0xffffffffb0961040
core   0: 0x00000000800047d2 (0x00000001) c.nop
core   0: 1 0x00000000800047d2 (0x0001)
core   0: 0x00000000800047d4 (0x1231f5d3) fmul.d  fa1, ft3, ft3
core   0: 1 0x00000000800047d4 (0x1231f5d3) f11 0x7ff8000000000000
core   0: 0x00000000800047d8 (0xe137071b) addiw   a4, a4, -493
core   0: 1 0x00000000800047d8 (0xe137071b) x14 0xfffffffffffffe15
core   0: 0x00000000800047dc (0x038292b3) mulh    t0, t0, s8
core   0: 1 0x00000000800047dc (0x038292b3) x5  0x0000000000000000
core   0: 0x00000000800047e0 (0x005404bb) addw    s1, s0, t0
core   0: 1 0x00000000800047e0 (0x005404bb) x9  0x0000000000000000
core   0: 0x00000000800047e4 (0x0019509b) srliw   ra, s2, 1
core   0: 1 0x00000000800047e4 (0x0019509b) x1  0x0000000000000000
core   0: 0x00000000800047e8 (0x031e9d93) slli    s11, t4, 49
core   0: 1 0x00000000800047e8 (0x031e9d93) x27 0x04ba000000000000
core   0: 0x00000000800047ec (0x420b8053) fcvt.d.s ft0, fs7
core   0: 1 0x00000000800047ec (0x420b8053) f0  0x7ff8000000000000
core   0: 0x00000000800047f0 (0x008c923b) sllw    tp, s9, s0
core   0: 1 0x00000000800047f0 (0x008c923b) x4  0x000000003c95e6dd
core   0: 0x00000000800047f4 (0x00008a32) c.mv    s4, a2
core   0: 1 0x00000000800047f4 (0x8a32) x20 0x0000000000000a00
core   0: 0x00000000800047f6 (0x225c25d3) fsgnjx.d fa1, fs8, ft5
core   0: 1 0x00000000800047f6 (0x225c25d3) f11 0xc1bf1a3608000000
core   0: 0x00000000800047fa (0x02bdf633) remu    a2, s11, a1
core   0: 1 0x00000000800047fa (0x02bdf633) x12 0x0000000030c21e9d
core   0: 0x00000000800047fe (0xd2227dd3) fcvt.d.l fs11, tp
core   0: 1 0x00000000800047fe (0xd2227dd3) f27 0x41ce4af36e800000
core   0: 0x0000000080004802 (0xc214f3d3) fcvt.wu.d t2, fs1
core   0: 1 0x0000000080004802 (0xc214f3d3) c1_fflags 0x0000000000000011 x7  0xffffffffffffffff
core   0: 0x0000000080004806 (0x02c36d3b) remw    s10, t1, a2
core   0: 1 0x0000000080004806 (0x02c36d3b) x26 0x0000000000000404
core   0: 0x000000008000480a (0x03887c33) remu    s8, a6, s8
core   0: 1 0x000000008000480a (0x03887c33) x24 0x0000000000000000
core   0: 0x000000008000480e (0x00000001) c.nop
core   0: 1 0x000000008000480e (0x0001)
core   0: 0x0000000080004810 (0x2a6b1153) fmax.d  ft2, fs6, ft6
core   0: 1 0x0000000080004810 (0x2a6b1153) f2  0x0000000000000000
core   0: 0x0000000080004814 (0xd23877d3) fcvt.d.lu fa5, a6
core   0: 1 0x0000000080004814 (0xd23877d3) f15 0x0000000000000000
core   0: 0x0000000080004818 (0xd23972d3) fcvt.d.lu ft5, s2
core   0: 1 0x0000000080004818 (0xd23972d3) f5  0x0000000000000000
core   0: 0x000000008000481c (0x00000001) c.nop
core   0: 1 0x000000008000481c (0x0001)
core   0: 0x000000008000481e (0x400c501b) sraiw   zero, s8, 0
core   0: 1 0x000000008000481e (0x400c501b)
core   0: 0x0000000080004822 (0xe20f0553) fmv.x.d a0, ft10
core   0: 1 0x0000000080004822 (0xe20f0553) x10 0x7ff8000000000000
core   0: 0x0000000080004826 (0x4015fed3) fcvt.s.d ft9, fa1
core   0: 1 0x0000000080004826 (0x4015fed3) c1_fflags 0x0000000000000011 f29 0xffffffffcdf8d1b1
core   0: 0x000000008000482a (0xd2277253) fcvt.d.l ft4, a4
core   0: 1 0x000000008000482a (0xd2277253) f4  0xc07eb00000000000
core   0: 0x000000008000482e (0xc2327dd3) fcvt.lu.d s11, ft4
core   0: 1 0x000000008000482e (0xc2327dd3) c1_fflags 0x0000000000000011 x27 0x0000000000000000
core   0: 0x0000000080004832 (0x031b1a33) mulh    s4, s6, a7
core   0: 1 0x0000000080004832 (0x031b1a33) x20 0x0000000000000000
core   0: 0x0000000080004836 (0x22da11d3) fsgnjn.d ft3, fs4, fa3
core   0: 1 0x0000000080004836 (0x22da11d3) f3  0xbff0000000000000
core   0: 0x000000008000483a (0x424ed093) srai    ra, t4, 36
core   0: 1 0x000000008000483a (0x424ed093) x1  0x0000000000000000
core   0: 0x000000008000483e (0xc20df753) fcvt.w.d a4, fs11
core   0: 1 0x000000008000483e (0xc20df753) x14 0x000000003c95e6dd
core   0: 0x0000000080004842 (0x1a737053) fdiv.d  ft0, ft6, ft7
core   0: 1 0x0000000080004842 (0x1a737053) f0  0x7ff8000000000000
core   0: 0x0000000080004846 (0x400e5e1b) sraiw   t3, t3, 0
core   0: 1 0x0000000080004846 (0x400e5e1b) x28 0x000000000e4d6d8d
core   0: 0x000000008000484a (0xd23e78d3) fcvt.d.lu fa7, t3
core   0: 1 0x000000008000484a (0xd23e78d3) f17 0x41ac9adb1a000000
core   0: 0x000000008000484e (0x008a4333) xor     t1, s4, s0
core   0: 1 0x000000008000484e (0x008a4333) x6  0x0000000000000000
core   0: 0x0000000080004852 (0x001027f3) csrrs   a5, fflags, zero
core   0: 1 0x0000000080004852 (0x001027f3) x15 0x0000000000000011
core   0: 0x0000000080004856 (0x01e7de9b) srliw   t4, a5, 30
core   0: 1 0x0000000080004856 (0x01e7de9b) x29 0x0000000000000000
core   0: 0x000000008000485a (0x00000001) c.nop
core   0: 1 0x000000008000485a (0x0001)
core   0: 0x000000008000485c (0x0054d99b) srliw   s3, s1, 5
core   0: 1 0x000000008000485c (0x0054d99b) x19 0x0000000000000000
core   0: 0x0000000080004860 (0xfffe8a9b) addiw   s5, t4, -1
core   0: 1 0x0000000080004860 (0xfffe8a9b) x21 0xffffffffffffffff
core   0: 0x0000000080004864 (0x00000001) c.nop
core   0: 1 0x0000000080004864 (0x0001)
core   0: 0x0000000080004866 (0x02b5d933) divu    s2, a1, a1
core   0: 1 0x0000000080004866 (0x02b5d933) x18 0x0000000000000001
core   0: 0x000000008000486a (0x0127f033) and     zero, a5, s2
core   0: 1 0x000000008000486a (0x0127f033)
core   0: 0x000000008000486e (0x401cfed3) fcvt.s.d ft9, fs9
core   0: 1 0x000000008000486e (0x401cfed3) f29 0xffffffff7fc00000
core   0: 0x0000000080004872 (0x1bd37253) fdiv.d  ft4, ft6, ft9
core   0: 1 0x0000000080004872 (0x1bd37253) f4  0x7ff8000000000000
core   0: 0x0000000080004876 (0x00304533) xor     a0, zero, gp
core   0: 1 0x0000000080004876 (0x00304533) x10 0x0000000000000000
core   0: 0x000000008000487a (0x22a02ad3) fsgnjx.d fs5, ft0, fa0
core   0: 1 0x000000008000487a (0x22a02ad3) f21 0xfff8000000000000
core   0: 0x000000008000487e (0x420a8853) fcvt.d.s fa6, fs5
core   0: 1 0x000000008000487e (0x420a8853) f16 0x7ff8000000000000
core   0: 0x0000000080004882 (0xc02b7dd3) fcvt.l.s s11, fs6
core   0: 1 0x0000000080004882 (0xc02b7dd3) x27 0x0000000000000571
core   0: 0x0000000080004886 (0x4080d09b) sraiw   ra, ra, 8
core   0: 1 0x0000000080004886 (0x4080d09b) x1  0x0000000000000000
core   0: 0x000000008000488a (0xd02a7cd3) fcvt.s.l fs9, s4
core   0: 1 0x000000008000488a (0xd02a7cd3) f25 0xffffffff00000000
core   0: 0x000000008000488e (0x5a0a7553) fsqrt.d fa0, fs4
core   0: 1 0x000000008000488e (0x5a0a7553) c1_fflags 0x0000000000000011 f10 0x7ff8000000000000
core   0: 0x0000000080004892 (0xaf09f3b7) lui     t2, 0xaf09f
core   0: 1 0x0000000080004892 (0xaf09f3b7) x7  0xffffffffaf09f000
core   0: 0x0000000080004896 (0xa2aa0053) fle.d   zero, fs4, fa0
core   0: 1 0x0000000080004896 (0xa2aa0053) c1_fflags 0x0000000000000011
core   0: 0x000000008000489a (0xdbcd7d47) fmsub.d fs10, fs10, ft8, fs11
core   0: 1 0x000000008000489a (0xdbcd7d47) f26 0x7ff8000000000000
core   0: 0x000000008000489e (0x02fae43b) remw    s0, s5, a5
core   0: 1 0x000000008000489e (0x02fae43b) x8  0xffffffffffffffff
core   0: 0x00000000800048a2 (0xc2357353) fcvt.lu.d t1, fa0
core   0: 1 0x00000000800048a2 (0xc2357353) c1_fflags 0x0000000000000011 x6  0xffffffffffffffff
core   0: 0x00000000800048a6 (0xd0377bd3) fcvt.s.lu fs7, a4
core   0: 1 0x00000000800048a6 (0xd0377bd3) c1_fflags 0x0000000000000011 f23 0xffffffff4e72579b
core   0: 0x00000000800048aa (0x01540abb) addw    s5, s0, s5
core   0: 1 0x00000000800048aa (0x01540abb) x21 0xfffffffffffffffe
core   0: 0x00000000800048ae (0xc027f953) fcvt.l.s s2, fa5
core   0: 1 0x00000000800048ae (0xc027f953) c1_fflags 0x0000000000000011 x18 0x7fffffffffffffff
core   0: 0x00000000800048b2 (0x01745dbb) srlw    s11, s0, s7
core   0: 1 0x00000000800048b2 (0x01745dbb) x27 0xffffffffffffffff
core   0: 0x00000000800048b6 (0x01d92eb3) slt     t4, s2, t4
core   0: 1 0x00000000800048b6 (0x01d92eb3) x29 0x0000000000000000
core   0: 0x00000000800048ba (0x0030d21b) srliw   tp, ra, 3
core   0: 1 0x00000000800048ba (0x0030d21b) x4  0x0000000000000000
core   0: 0x00000000800048be (0x0ff0000f) fence   iorw,iorw
core   0: 1 0x00000000800048be (0x0ff0000f)
core   0: 0x00000000800048c2 (0x001de933) or      s2, s11, ra
core   0: 1 0x00000000800048c2 (0x001de933) x18 0xffffffffffffffff
core   0: 0x00000000800048c6 (0xe318889b) addiw   a7, a7, -463
core   0: 1 0x00000000800048c6 (0xe318889b) x17 0xffffffffb0960e71
core   0: 0x00000000800048ca (0x9ba78a1b) addiw   s4, a5, -1606
core   0: 1 0x00000000800048ca (0x9ba78a1b) x20 0xfffffffffffff9cb
core   0: 0x00000000800048ce (0x012e8b33) add     s6, t4, s2
core   0: 1 0x00000000800048ce (0x012e8b33) x22 0xffffffffffffffff
core   0: 0x00000000800048d2 (0x00008546) c.mv    a0, a7
core   0: 1 0x00000000800048d2 (0x8546) x10 0xffffffffb0960e71
core   0: 0x00000000800048d4 (0x0126ddbb) srlw    s11, a3, s2
core   0: 1 0x00000000800048d4 (0x0126ddbb) x27 0x0000000000000000
core   0: 0x00000000800048d8 (0xc2237153) fcvt.l.d sp, ft6
core   0: 1 0x00000000800048d8 (0xc2237153) x2  0x0000000000000000
core   0: 0x00000000800048dc (0x4365d313) srai    t1, a1, 54
core   0: 1 0x00000000800048dc (0x4365d313) x6  0x0000000000000000
core   0: 0x00000000800048e0 (0x02b655bb) divuw   a1, a2, a1
core   0: 1 0x00000000800048e0 (0x02b655bb) x11 0x0000000000000000
core   0: 0x00000000800048e4 (0xfb1d6b37) lui     s6, 0xfb1d6
core   0: 1 0x00000000800048e4 (0xfb1d6b37) x22 0xfffffffffb1d6000
core   0: 0x00000000800048e8 (0xc20bfcd3) fcvt.w.d s9, fs7
core   0: 1 0x00000000800048e8 (0xc20bfcd3) c1_fflags 0x0000000000000011 x25 0x000000007fffffff
core   0: 0x00000000800048ec (0x001bd0b3) srl     ra, s7, ra
core   0: 1 0x00000000800048ec (0x001bd0b3) x1  0x0000000000000000
core   0: 0x00000000800048f0 (0xd228fe53) fcvt.d.l ft8, a7
core   0: 1 0x00000000800048f0 (0xd228fe53) f28 0xc1d3da7c63c00000
core   0: 0x00000000800048f4 (0x024a733b) remuw   t1, s4, tp
core   0: 1 0x00000000800048f4 (0x024a733b) x6  0xfffffffffffff9cb
core   0: 0x00000000800048f8 (0x0003541b) srliw   s0, t1, 0
core   0: 1 0x00000000800048f8 (0x0003541b) x8  0xfffffffffffff9cb
core   0: 0x00000000800048fc (0x00d91393) slli    t2, s2, 13
core   0: 1 0x00000000800048fc (0x00d91393) x7  0xffffffffffffe000
core   0: 0x0000000080004900 (0x00044913) xori    s2, s0, 0
core   0: 1 0x0000000080004900 (0x00044913) x18 0xfffffffffffff9cb
core   0: 0x0000000080004904 (0xc20bf553) fcvt.w.d a0, fs7
core   0: 1 0x0000000080004904 (0xc20bf553) c1_fflags 0x0000000000000011 x10 0x000000007fffffff
core   0: 0x0000000080004908 (0x000095e6) c.add   a1, s9
core   0: 1 0x0000000080004908 (0x95e6) x11 0x000000007fffffff
core   0: 0x000000008000490a (0xdf094a93) xori    s5, s2, -528
core   0: 1 0x000000008000490a (0xdf094a93) x21 0x000000000000043b
core   0: 0x000000008000490e (0xff158a9b) addiw   s5, a1, -15
core   0: 1 0x000000008000490e (0xff158a9b) x21 0x000000007ffffff0
core   0: 0x0000000080004912 (0x403b521b) sraiw   tp, s6, 3
core   0: 1 0x0000000080004912 (0x403b521b) x4  0xffffffffff63ac00
core   0: 0x0000000080004916 (0x02d8783b) remuw   a6, a6, a3
core   0: 1 0x0000000080004916 (0x02d8783b) x16 0x0000000000000000
core   0: 0x000000008000491a (0x00085a9b) srliw   s5, a6, 0
core   0: 1 0x000000008000491a (0x00085a9b) x21 0x0000000000000000
core   0: 0x000000008000491e (0x01267933) and     s2, a2, s2
core   0: 1 0x000000008000491e (0x01267933) x18 0x0000000030c21889
core   0: 0x0000000080004922 (0xfffbfe13) andi    t3, s7, -1
core   0: 1 0x0000000080004922 (0xfffbfe13) x28 0x0000000000000000
core   0: 0x0000000080004926 (0x0083db33) srl     s6, t2, s0
core   0: 1 0x0000000080004926 (0x0083db33) x22 0x001ffffffffffffc
core   0: 0x000000008000492a (0x01d927b3) slt     a5, s2, t4
core   0: 1 0x000000008000492a (0x01d927b3) x15 0x0000000000000000
core   0: 0x000000008000492e (0x00000001) c.nop
core   0: 1 0x000000008000492e (0x0001)
core   0: 0x0000000080004930 (0xc5ee4293) xori    t0, t3, -930
core   0: 1 0x0000000080004930 (0xc5ee4293) x5  0xfffffffffffffc5e
core   0: 0x0000000080004934 (0x0ff0000f) fence   iorw,iorw
core   0: 1 0x0000000080004934 (0x0ff0000f)
core   0: 0x0000000080004938 (0x00102273) csrrs   tp, fflags, zero
core   0: 1 0x0000000080004938 (0x00102273) x4  0x0000000000000011
core   0: 0x000000008000493c (0xe20c0253) fmv.x.d tp, fs8
core   0: 1 0x000000008000493c (0xe20c0253) x4  0x41bf1a3608000000
core   0: 0x0000000080004940 (0x02b76b33) rem     s6, a4, a1
core   0: 1 0x0000000080004940 (0x02b76b33) x22 0x000000003c95e6dd
core   0: 0x0000000080004944 (0x43295a13) srai    s4, s2, 50
core   0: 1 0x0000000080004944 (0x43295a13) x20 0x0000000000000000
core   0: 0x0000000080004948 (0xf7ea6393) ori     t2, s4, -130
core   0: 1 0x0000000080004948 (0xf7ea6393) x7  0xffffffffffffff7e
core   0: 0x000000008000494c (0x036b77bb) remuw   a5, s6, s6
core   0: 1 0x000000008000494c (0x036b77bb) x15 0x0000000000000000
core   0: 0x0000000080004950 (0x02abe63b) remw    a2, s7, a0
core   0: 1 0x0000000080004950 (0x02abe63b) x12 0x0000000000000000
core   0: 0x0000000080004954 (0x0007141b) slliw   s0, a4, 0
core   0: 1 0x0000000080004954 (0x0007141b) x8  0x000000003c95e6dd
core   0: 0x0000000080004958 (0x011713b3) sll     t2, a4, a7
core   0: 1 0x0000000080004958 (0x011713b3) x7  0xcdba000000000000
core   0: 0x000000008000495c (0x036bfcd3) fadd.d  fs9, fs7, fs6
core   0: 1 0x000000008000495c (0x036bfcd3) f25 0x7ff8000000000000
core   0: 0x0000000080004960 (0xf120faf3) csrrci  s5, marchid, 1
core   0: exception trap_illegal_instruction, epc 0x0000000080004960
core   0:           tval 0x00000000f120faf3
core   0: >>>>  $xrv64i2p1_m2p0_a2p1_f2p2_d2p2_zicsr2p0_zifencei2p0_zmmul1p0_zba1p0_zbb1p0_zbc1p0_zbs1p0
core   0: 0x0000000080004000 (0x0080006f) j       pc + 0x8
core   0: 3 0x0000000080004000 (0x0080006f)
core   0: >>>>  mmode_exception_handler
core   0: 0x0000000080004008 (0x00002c17) auipc   s8, 0x2
core   0: 3 0x0000000080004008 (0x00002c17) x24 0x0000000080006008
core   0: 0x000000008000400c (0x00ac0c13) addi    s8, s8, 10
core   0: 3 0x000000008000400c (0x00ac0c13) x24 0x0000000080006012
core   0: 0x0000000080004010 (0x000c00e7) jalr    s8
core   0: 3 0x0000000080004010 (0x000c00e7) x1  0x0000000080004014
core   0: >>>>  any_handler
core   0: 0x0000000080006012 (0x341027f3) csrrs   a5, mepc, zero
core   0: 3 0x0000000080006012 (0x341027f3) x15 0x0000000080004960
core   0: 0x0000000080006016 (0x34202773) csrrs   a4, mcause, zero
core   0: 3 0x0000000080006016 (0x34202773) x14 0x0000000000000002
core   0: 0x000000008000601a (0x142026f3) csrrs   a3, scause, zero
core   0: 3 0x000000008000601a (0x142026f3) x13 0x0000000000000000
core   0: 0x000000008000601e (0x30402673) csrrs   a2, mie, zero
core   0: 3 0x000000008000601e (0x30402673) x12 0x0000000000000a00
core   0: 0x0000000080006022 (0x344025f3) csrrs   a1, mip, zero
core   0: 3 0x0000000080006022 (0x344025f3) x11 0x0000000000000080
core   0: 0x0000000080006026 (0x343025f3) csrrs   a1, mtval, zero
core   0: 3 0x0000000080006026 (0x343025f3) x11 0x00000000f120faf3
core   0: 0x000000008000602a (0x14302573) csrrs   a0, stval, zero
core   0: 3 0x000000008000602a (0x14302573) x10 0x0000000000000000
core   0: 0x000000008000602e (0xb02024f3) csrrs   s1, minstret, zero
core   0: 3 0x000000008000602e (0xb02024f3) x9  0x0000000000000aad
core   0: 0x0000000080006032 (0x0000a811) c.j     pc + 20
core   0: 3 0x0000000080006032 (0xa811)
core   0: >>>>  mepc_4
core   0: 0x0000000080006046 (0x00000791) c.addi  a5, 4
core   0: 3 0x0000000080006046 (0x0791) x15 0x0000000080004964
core   0: 0x0000000080006048 (0x34179073) csrrw   zero, mepc, a5
core   0: 3 0x0000000080006048 (0x34179073) c833_mepc 0x0000000080004964
core   0: 0x000000008000604c (0x30200073) mret
core   0: 3 0x000000008000604c (0x30200073) c768_mstatus 0x8000000a00106080
core   0: 0x0000000080004964 (0x00000001) c.nop
core   0: 1 0x0000000080004964 (0x0001)
core   0: 0x0000000080004966 (0x140073f3) csrrci  t2, sscratch, 0
core   0: 1 0x0000000080004966 (0x140073f3) x7  0x0000000000000000
core   0: 0x000000008000496a (0x0013dc13) srli    s8, t2, 1
core   0: 1 0x000000008000496a (0x0013dc13) x24 0x0000000000000000
core   0: 0x000000008000496e (0xc20f76d3) fcvt.w.d a3, ft10
core   0: 1 0x000000008000496e (0xc20f76d3) c1_fflags 0x0000000000000011 x13 0x000000007fffffff
core   0: 0x0000000080004972 (0x0ff0000f) fence   iorw,iorw
core   0: 1 0x0000000080004972 (0x0ff0000f)
core   0: 0x0000000080004976 (0x001e1d93) slli    s11, t3, 1
core   0: 1 0x0000000080004976 (0x001e1d93) x27 0x0000000000000000
core   0: 0x000000008000497a (0x401cfed3) fcvt.s.d ft9, fs9
core   0: 1 0x000000008000497a (0x401cfed3) f29 0xffffffff7fc00000
core   0: 0x000000008000497e (0x00f9d7bb) srlw    a5, s3, a5
core   0: 1 0x000000008000497e (0x00f9d7bb) x15 0x0000000000000000
core   0: 0x0000000080004982 (0x033e083b) mulw    a6, t3, s3
core   0: 1 0x0000000080004982 (0x033e083b) x16 0x0000000000000000
core   0: 0x0000000080004986 (0x0177fcb3) and     s9, a5, s7
core   0: 1 0x0000000080004986 (0x0177fcb3) x25 0x0000000000000000
core   0: 0x000000008000498a (0x000b841b) sext.w  s0, s7
core   0: 1 0x000000008000498a (0x000b841b) x8  0x0000000000000000
core   0: 0x000000008000498e (0xf30c7a47) fmsub.d fs4, fs8, fa6, ft10
core   0: 1 0x000000008000498e (0xf30c7a47) f20 0x7ff8000000000000
core   0: 0x0000000080004992 (0x035bcebb) divw    t4, s7, s5
core   0: 1 0x0000000080004992 (0x035bcebb) x29 0xffffffffffffffff
core   0: 0x0000000080004996 (0x409ad4bb) sraw    s1, s5, s1
core   0: 1 0x0000000080004996 (0x409ad4bb) x9  0x0000000000000000
core   0: 0x000000008000499a (0xc23f7353) fcvt.lu.d t1, ft10
core   0: 1 0x000000008000499a (0xc23f7353) c1_fflags 0x0000000000000011 x6  0xffffffffffffffff
core   0: 0x000000008000499e (0x01f4951b) slliw   a0, s1, 31
core   0: 1 0x000000008000499e (0x01f4951b) x10 0x0000000000000000
core   0: 0x00000000800049a2 (0x00000b42) c.slli  s6, 16
core   0: 1 0x00000000800049a2 (0x0b42) x22 0x00003c95e6dd0000
core   0: 0x00000000800049a4 (0x1abf70d3) fdiv.d  ft1, ft10, fa1
core   0: 1 0x00000000800049a4 (0x1abf70d3) f1  0x7ff8000000000000
core   0: 0x00000000800049a8 (0xc20ef953) fcvt.w.d s2, ft9
core   0: 1 0x00000000800049a8 (0xc20ef953) c1_fflags 0x0000000000000011 x18 0x000000007fffffff
core   0: 0x00000000800049ac (0x027b78b3) remu    a7, s6, t2
core   0: 1 0x00000000800049ac (0x027b78b3) x17 0x00003c95e6dd0000
core   0: 0x00000000800049b0 (0x4088d833) sra     a6, a7, s0
core   0: 1 0x00000000800049b0 (0x4088d833) x16 0x00003c95e6dd0000
core   0: 0x00000000800049b4 (0xd242c293) xori    t0, t0, -732
core   0: 1 0x00000000800049b4 (0xd242c293) x5  0x000000000000017a
core   0: 0x00000000800049b8 (0x029cc6bb) divw    a3, s9, s1
core   0: 1 0x00000000800049b8 (0x029cc6bb) x13 0xffffffffffffffff
core   0: 0x00000000800049bc (0x01d51eb3) sll     t4, a0, t4
core   0: 1 0x00000000800049bc (0x01d51eb3) x29 0x0000000000000000
core   0: 0x00000000800049c0 (0x52bf78c7) fmsub.d fa7, ft10, fa1, fa0
core   0: 1 0x00000000800049c0 (0x52bf78c7) f17 0x7ff8000000000000
core   0: 0x00000000800049c4 (0x014353bb) srlw    t2, t1, s4
core   0: 1 0x00000000800049c4 (0x014353bb) x7  0xffffffffffffffff
core   0: 0x00000000800049c8 (0x34391df3) csrrw   s11, mtval, s2
core   0: exception trap_illegal_instruction, epc 0x00000000800049c8
core   0:           tval 0x0000000034391df3
core   0: >>>>  $xrv64i2p1_m2p0_a2p1_f2p2_d2p2_zicsr2p0_zifencei2p0_zmmul1p0_zba1p0_zbb1p0_zbc1p0_zbs1p0
core   0: 0x0000000080004000 (0x0080006f) j       pc + 0x8
core   0: 3 0x0000000080004000 (0x0080006f)
core   0: >>>>  mmode_exception_handler
core   0: 0x0000000080004008 (0x00002c17) auipc   s8, 0x2
core   0: 3 0x0000000080004008 (0x00002c17) x24 0x0000000080006008
core   0: 0x000000008000400c (0x00ac0c13) addi    s8, s8, 10
core   0: 3 0x000000008000400c (0x00ac0c13) x24 0x0000000080006012
core   0: 0x0000000080004010 (0x000c00e7) jalr    s8
core   0: 3 0x0000000080004010 (0x000c00e7) x1  0x0000000080004014
core   0: >>>>  any_handler
core   0: 0x0000000080006012 (0x341027f3) csrrs   a5, mepc, zero
core   0: 3 0x0000000080006012 (0x341027f3) x15 0x00000000800049c8
core   0: 0x0000000080006016 (0x34202773) csrrs   a4, mcause, zero
core   0: 3 0x0000000080006016 (0x34202773) x14 0x0000000000000002
core   0: 0x000000008000601a (0x142026f3) csrrs   a3, scause, zero
core   0: 3 0x000000008000601a (0x142026f3) x13 0x0000000000000000
core   0: 0x000000008000601e (0x30402673) csrrs   a2, mie, zero
core   0: 3 0x000000008000601e (0x30402673) x12 0x0000000000000a00
core   0: 0x0000000080006022 (0x344025f3) csrrs   a1, mip, zero
core   0: 3 0x0000000080006022 (0x344025f3) x11 0x0000000000000080
core   0: 0x0000000080006026 (0x343025f3) csrrs   a1, mtval, zero
core   0: 3 0x0000000080006026 (0x343025f3) x11 0x0000000034391df3
core   0: 0x000000008000602a (0x14302573) csrrs   a0, stval, zero
core   0: 3 0x000000008000602a (0x14302573) x10 0x0000000000000000
core   0: 0x000000008000602e (0xb02024f3) csrrs   s1, minstret, zero
core   0: 3 0x000000008000602e (0xb02024f3) x9  0x0000000000000ad7
core   0: 0x0000000080006032 (0x0000a811) c.j     pc + 20
core   0: 3 0x0000000080006032 (0xa811)
core   0: >>>>  mepc_4
core   0: 0x0000000080006046 (0x00000791) c.addi  a5, 4
core   0: 3 0x0000000080006046 (0x0791) x15 0x00000000800049cc
core   0: 0x0000000080006048 (0x34179073) csrrw   zero, mepc, a5
core   0: 3 0x0000000080006048 (0x34179073) c833_mepc 0x00000000800049cc
core   0: 0x000000008000604c (0x30200073) mret
core   0: 3 0x000000008000604c (0x30200073) c768_mstatus 0x8000000a00106080
core   0: 0x00000000800049cc (0x0267f7d3) fadd.d  fa5, fa5, ft6
core   0: 1 0x00000000800049cc (0x0267f7d3) f15 0x0000000000000000
core   0: 0x00000000800049d0 (0xc21377d3) fcvt.wu.d a5, ft6
core   0: 1 0x00000000800049d0 (0xc21377d3) x15 0x0000000000000000
core   0: 0x00000000800049d4 (0x00000001) c.nop
core   0: 1 0x00000000800049d4 (0x0001)
core   0: 0x00000000800049d6 (0x03d5eabb) remw    s5, a1, t4
core   0: 1 0x00000000800049d6 (0x03d5eabb) x21 0x0000000034391df3
core   0: 0x00000000800049da (0x00102273) csrrs   tp, fflags, zero
core   0: 1 0x00000000800049da (0x00102273) x4  0x0000000000000011
core   0: 0x00000000800049de (0x020c5633) divu    a2, s8, zero
core   0: 1 0x00000000800049de (0x020c5633) x12 0xffffffffffffffff
core   0: 0x00000000800049e2 (0xc2237253) fcvt.l.d tp, ft6
core   0: 1 0x00000000800049e2 (0xc2237253) x4  0x0000000000000000
core   0: 0x00000000800049e6 (0xd2257853) fcvt.d.l fa6, a0
core   0: 1 0x00000000800049e6 (0xd2257853) f16 0x0000000000000000
core   0: 0x00000000800049ea (0x23192d53) fsgnjx.d fs10, fs2, fa7
core   0: 1 0x00000000800049ea (0x23192d53) f26 0x7ff8000000000000
core   0: 0x00000000800049ee (0x0331e9bb) remw    s3, gp, s3
core   0: 1 0x00000000800049ee (0x0331e9bb) x19 0x0000000000000000
core   0: 0x00000000800049f2 (0x405e043b) subw    s0, t3, t0
core   0: 1 0x00000000800049f2 (0x405e043b) x8  0xfffffffffffffe86
core   0: 0x00000000800049f6 (0x0309c733) div     a4, s3, a6
core   0: 1 0x00000000800049f6 (0x0309c733) x14 0x0000000000000000
core   0: 0x00000000800049fa (0xf11fec73) csrrsi  s8, mvendorid, 31
core   0: exception trap_illegal_instruction, epc 0x00000000800049fa
core   0:           tval 0x00000000f11fec73
core   0: >>>>  $xrv64i2p1_m2p0_a2p1_f2p2_d2p2_zicsr2p0_zifencei2p0_zmmul1p0_zba1p0_zbb1p0_zbc1p0_zbs1p0
core   0: 0x0000000080004000 (0x0080006f) j       pc + 0x8
core   0: 3 0x0000000080004000 (0x0080006f)
core   0: >>>>  mmode_exception_handler
core   0: 0x0000000080004008 (0x00002c17) auipc   s8, 0x2
core   0: 3 0x0000000080004008 (0x00002c17) x24 0x0000000080006008
core   0: 0x000000008000400c (0x00ac0c13) addi    s8, s8, 10
core   0: 3 0x000000008000400c (0x00ac0c13) x24 0x0000000080006012
core   0: 0x0000000080004010 (0x000c00e7) jalr    s8
core   0: 3 0x0000000080004010 (0x000c00e7) x1  0x0000000080004014
core   0: >>>>  any_handler
core   0: 0x0000000080006012 (0x341027f3) csrrs   a5, mepc, zero
core   0: 3 0x0000000080006012 (0x341027f3) x15 0x00000000800049fa
core   0: 0x0000000080006016 (0x34202773) csrrs   a4, mcause, zero
core   0: 3 0x0000000080006016 (0x34202773) x14 0x0000000000000002
core   0: 0x000000008000601a (0x142026f3) csrrs   a3, scause, zero
core   0: 3 0x000000008000601a (0x142026f3) x13 0x0000000000000000
core   0: 0x000000008000601e (0x30402673) csrrs   a2, mie, zero
core   0: 3 0x000000008000601e (0x30402673) x12 0x0000000000000a00
core   0: 0x0000000080006022 (0x344025f3) csrrs   a1, mip, zero
core   0: 3 0x0000000080006022 (0x344025f3) x11 0x0000000000000080
core   0: 0x0000000080006026 (0x343025f3) csrrs   a1, mtval, zero
core   0: 3 0x0000000080006026 (0x343025f3) x11 0x00000000f11fec73
core   0: 0x000000008000602a (0x14302573) csrrs   a0, stval, zero
core   0: 3 0x000000008000602a (0x14302573) x10 0x0000000000000000
core   0: 0x000000008000602e (0xb02024f3) csrrs   s1, minstret, zero
core   0: 3 0x000000008000602e (0xb02024f3) x9  0x0000000000000af3
core   0: 0x0000000080006032 (0x0000a811) c.j     pc + 20
core   0: 3 0x0000000080006032 (0xa811)
core   0: >>>>  mepc_4
core   0: 0x0000000080006046 (0x00000791) c.addi  a5, 4
core   0: 3 0x0000000080006046 (0x0791) x15 0x00000000800049fe
core   0: 0x0000000080006048 (0x34179073) csrrw   zero, mepc, a5
core   0: 3 0x0000000080006048 (0x34179073) c833_mepc 0x00000000800049fe
core   0: 0x000000008000604c (0x30200073) mret
core   0: 3 0x000000008000604c (0x30200073) c768_mstatus 0x8000000a00106080
core   0: 0x00000000800049fe (0x001027f3) csrrs   a5, fflags, zero
core   0: 1 0x00000000800049fe (0x001027f3) x15 0x0000000000000011
core   0: 0x0000000080004a02 (0x0ff0000f) fence   iorw,iorw
core   0: 1 0x0000000080004a02 (0x0ff0000f)
core   0: 0x0000000080004a06 (0x02f66ab3) rem     s5, a2, a5
core   0: 1 0x0000000080004a06 (0x02f66ab3) x21 0x000000000000000a
core   0: 0x0000000080004a0a (0x0089a433) slt     s0, s3, s0
core   0: 1 0x0000000080004a0a (0x0089a433) x8  0x0000000000000000
core   0: 0x0000000080004a0e (0x1ad4f253) fdiv.d  ft4, fs1, fa3
core   0: 1 0x0000000080004a0e (0x1ad4f253) f4  0x7ff8000000000000
core   0: 0x0000000080004a12 (0x031453bb) divuw   t2, s0, a7
core   0: 1 0x0000000080004a12 (0x031453bb) x7  0x0000000000000000
core   0: 0x0000000080004a16 (0x008a81b3) add     gp, s5, s0
core   0: 1 0x0000000080004a16 (0x008a81b3) x3  0x000000000000000a
core   0: 0x0000000080004a1a (0x23dea5d3) fsgnjx.d fa1, ft9, ft9
core   0: 1 0x0000000080004a1a (0x23dea5d3) f11 0x7fffffff7fc00000
core   0: 0x0000000080004a1e (0x6b977e47) fmsub.d ft8, fa4, fs9, fa3
core   0: 1 0x0000000080004a1e (0x6b977e47) f28 0x7ff8000000000000
core   0: 0x0000000080004a22 (0xc21f7bd3) fcvt.wu.d s7, ft10
core   0: 1 0x0000000080004a22 (0xc21f7bd3) c1_fflags 0x0000000000000011 x23 0xffffffffffffffff
core   0: 0x0000000080004a26 (0x0129a9b3) slt     s3, s3, s2
core   0: 1 0x0000000080004a26 (0x0129a9b3) x19 0x0000000000000001
core   0: 0x0000000080004a2a (0x00102573) csrrs   a0, fflags, zero
core   0: 1 0x0000000080004a2a (0x00102573) x10 0x0000000000000011
core   0: 0x0000000080004a2e (0xc20d79d3) fcvt.w.d s3, fs10
core   0: 1 0x0000000080004a2e (0xc20d79d3) c1_fflags 0x0000000000000011 x19 0x000000007fffffff
core   0: 0x0000000080004a32 (0xf2038553) fmv.d.x fa0, t2
core   0: 1 0x0000000080004a32 (0xf2038553) f10 0x0000000000000000
core   0: 0x0000000080004a36 (0x01dc0cbb) addw    s9, s8, t4
core   0: 1 0x0000000080004a36 (0x01dc0cbb) x25 0xffffffff80006012
core   0: 0x0000000080004a3a (0x032c8233) mul     tp, s9, s2
core   0: 1 0x0000000080004a3a (0x032c8233) x4  0xc00030097fff9fee
core   0: 0x0000000080004a3e (0xd23972d3) fcvt.d.lu ft5, s2
core   0: 1 0x0000000080004a3e (0xd23972d3) f5  0x41dfffffffc00000
core   0: 0x0000000080004a42 (0x02fbed3b) remw    s10, s7, a5
core   0: 1 0x0000000080004a42 (0x02fbed3b) x26 0xffffffffffffffff
core   0: 0x0000000080004a46 (0x0371c033) div     zero, gp, s7
core   0: 1 0x0000000080004a46 (0x0371c033)
core   0: 0x0000000080004a4a (0x02f0e233) rem     tp, ra, a5
core   0: 1 0x0000000080004a4a (0x02f0e233) x4  0x0000000000000008
core   0: 0x0000000080004a4e (0x03cd1d33) mulh    s10, s10, t3
core   0: 1 0x0000000080004a4e (0x03cd1d33) x26 0x0000000000000000
core   0: 0x0000000080004a52 (0x01a4c1b3) xor     gp, s1, s10
core   0: 1 0x0000000080004a52 (0x01a4c1b3) x3  0x0000000000000af3
core   0: 0x0000000080004a56 (0xd20884d3) fcvt.d.w fs1, a7
core   0: 1 0x0000000080004a56 (0xd20884d3) f9  0xc1b9230000000000
core   0: 0x0000000080004a5a (0x002a12f3) csrrw   t0, frm, s4
core   0: 1 0x0000000080004a5a (0x002a12f3) x5  0x0000000000000002 c2_frm 0x0000000000000000
core   0: 0x0000000080004a5e (0x01622133) slt     sp, tp, s6
core   0: 1 0x0000000080004a5e (0x01622133) x2  0x0000000000000001
core   0: 0x0000000080004a62 (0x00ac65b3) or      a1, s8, a0
core   0: 1 0x0000000080004a62 (0x00ac65b3) x11 0x0000000080006013
core   0: 0x0000000080004a66 (0x0366c6bb) divw    a3, a3, s6
core   0: 1 0x0000000080004a66 (0x0366c6bb) x13 0x0000000000000000
core   0: 0x0000000080004a6a (0x03a4f44f) fnmadd.d fs0, fs1, fs10, ft0
core   0: 1 0x0000000080004a6a (0x03a4f44f) f8  0x7ff8000000000000
core   0: 0x0000000080004a6e (0x80004293) xori    t0, zero, -2048
core   0: 1 0x0000000080004a6e (0x80004293) x5  0xfffffffffffff800
core   0: 0x0000000080004a72 (0x001b9a9b) slliw   s5, s7, 1
core   0: 1 0x0000000080004a72 (0x001b9a9b) x21 0xfffffffffffffffe
core   0: 0x0000000080004a76 (0xc2067453) fcvt.w.d s0, fa2
core   0: 1 0x0000000080004a76 (0xc2067453) c1_fflags 0x0000000000000011 x8  0x000000007fffffff
core   0: 0x0000000080004a7a (0x411bdb1b) sraiw   s6, s7, 17
core   0: 1 0x0000000080004a7a (0x411bdb1b) x22 0xffffffffffffffff
core   0: 0x0000000080004a7e (0x402b093b) subw    s2, s6, sp
core   0: 1 0x0000000080004a7e (0x402b093b) x18 0xfffffffffffffffe
core   0: 0x0000000080004a82 (0x001021f3) csrrs   gp, fflags, zero
core   0: 1 0x0000000080004a82 (0x001021f3) x3  0x0000000000000011
core   0: 0x0000000080004a86 (0x03d077bb) remuw   a5, zero, t4
core   0: 1 0x0000000080004a86 (0x03d077bb) x15 0x0000000000000000
core   0: 0x0000000080004a8a (0x0161189b) slliw   a7, sp, 22
core   0: 1 0x0000000080004a8a (0x0161189b) x17 0x0000000000400000
core   0: 0x0000000080004a8e (0xa1428c1b) addiw   s8, t0, -1516
core   0: 1 0x0000000080004a8e (0xa1428c1b) x24 0xfffffffffffff214
core   0: 0x0000000080004a92 (0x001e1e73) csrrw   t3, fflags, t3
core   0: 1 0x0000000080004a92 (0x001e1e73) x28 0x0000000000000011 c1_fflags 0x0000000000000000
core   0: 0x0000000080004a96 (0xf1156373) csrrsi  t1, mvendorid, 10
core   0: exception trap_illegal_instruction, epc 0x0000000080004a96
core   0:           tval 0x00000000f1156373
core   0: >>>>  $xrv64i2p1_m2p0_a2p1_f2p2_d2p2_zicsr2p0_zifencei2p0_zmmul1p0_zba1p0_zbb1p0_zbc1p0_zbs1p0
core   0: 0x0000000080004000 (0x0080006f) j       pc + 0x8
core   0: 3 0x0000000080004000 (0x0080006f)
core   0: >>>>  mmode_exception_handler
core   0: 0x0000000080004008 (0x00002c17) auipc   s8, 0x2
core   0: 3 0x0000000080004008 (0x00002c17) x24 0x0000000080006008
core   0: 0x000000008000400c (0x00ac0c13) addi    s8, s8, 10
core   0: 3 0x000000008000400c (0x00ac0c13) x24 0x0000000080006012
core   0: 0x0000000080004010 (0x000c00e7) jalr    s8
core   0: 3 0x0000000080004010 (0x000c00e7) x1  0x0000000080004014
core   0: >>>>  any_handler
core   0: 0x0000000080006012 (0x341027f3) csrrs   a5, mepc, zero
core   0: 3 0x0000000080006012 (0x341027f3) x15 0x0000000080004a96
core   0: 0x0000000080006016 (0x34202773) csrrs   a4, mcause, zero
core   0: 3 0x0000000080006016 (0x34202773) x14 0x0000000000000002
core   0: 0x000000008000601a (0x142026f3) csrrs   a3, scause, zero
core   0: 3 0x000000008000601a (0x142026f3) x13 0x0000000000000000
core   0: 0x000000008000601e (0x30402673) csrrs   a2, mie, zero
core   0: 3 0x000000008000601e (0x30402673) x12 0x0000000000000a00
core   0: 0x0000000080006022 (0x344025f3) csrrs   a1, mip, zero
core   0: 3 0x0000000080006022 (0x344025f3) x11 0x0000000000000080
core   0: 0x0000000080006026 (0x343025f3) csrrs   a1, mtval, zero
core   0: 3 0x0000000080006026 (0x343025f3) x11 0x00000000f1156373
core   0: 0x000000008000602a (0x14302573) csrrs   a0, stval, zero
core   0: 3 0x000000008000602a (0x14302573) x10 0x0000000000000000
core   0: 0x000000008000602e (0xb02024f3) csrrs   s1, minstret, zero
core   0: 3 0x000000008000602e (0xb02024f3) x9  0x0000000000000b29
core   0: 0x0000000080006032 (0x0000a811) c.j     pc + 20
core   0: 3 0x0000000080006032 (0xa811)
core   0: >>>>  mepc_4
core   0: 0x0000000080006046 (0x00000791) c.addi  a5, 4
core   0: 3 0x0000000080006046 (0x0791) x15 0x0000000080004a9a
core   0: 0x0000000080006048 (0x34179073) csrrw   zero, mepc, a5
core   0: 3 0x0000000080006048 (0x34179073) c833_mepc 0x0000000080004a9a
core   0: 0x000000008000604c (0x30200073) mret
core   0: 3 0x000000008000604c (0x30200073) c768_mstatus 0x8000000a00106080
core   0: 0x0000000080004a9a (0x03870733) mul     a4, a4, s8
core   0: 1 0x0000000080004a9a (0x03870733) x14 0x000000010000c024
core   0: 0x0000000080004a9e (0x45c00013) li      zero, 1116
core   0: 1 0x0000000080004a9e (0x45c00013)
core   0: 0x0000000080004aa2 (0x00775a37) lui     s4, 0x775
core   0: 1 0x0000000080004aa2 (0x00775a37) x20 0x0000000000775000
core   0: 0x0000000080004aa6 (0xb4fa0a1b) addiw   s4, s4, -1201
core   0: 1 0x0000000080004aa6 (0xb4fa0a1b) x20 0x0000000000774b4f
core   0: 0x0000000080004aaa (0x00000a3e) c.slli  s4, 15
core   0: 1 0x0000000080004aaa (0x0a3e) x20 0x0000003ba5a78000
core   0: 0x0000000080004aac (0x719a0a13) addi    s4, s4, 1817
core   0: 1 0x0000000080004aac (0x719a0a13) x20 0x0000003ba5a78719
core   0: 0x0000000080004ab0 (0x40147e53) fcvt.s.d ft8, fs0
core   0: 1 0x0000000080004ab0 (0x40147e53) f28 0xffffffff7fc00000
core   0: 0x0000000080004ab4 (0x02004e33) div     t3, zero, zero
core   0: 1 0x0000000080004ab4 (0x02004e33) x28 0xffffffffffffffff
core   0: 0x0000000080004ab8 (0x0047923b) sllw    tp, a5, tp
core   0: 1 0x0000000080004ab8 (0x0047923b) x4  0x00000000004a9a00
core   0: 0x0000000080004abc (0x00f79813) slli    a6, a5, 15
core   0: 1 0x0000000080004abc (0x00f79813) x16 0x00004000254d0000
core   0: 0x0000000080004ac0 (0x13147dd3) fmul.d  fs11, fs0, fa7
core   0: 1 0x0000000080004ac0 (0x13147dd3) f27 0x7ff8000000000000
core   0: 0x0000000080004ac4 (0x2aec9253) fmax.d  ft4, fs9, fa4
core   0: 1 0x0000000080004ac4 (0x2aec9253) f4  0x7ff8000000000000
core   0: 0x0000000080004ac8 (0x00421dbb) sllw    s11, tp, tp
core   0: 1 0x0000000080004ac8 (0x00421dbb) x27 0x00000000004a9a00
core   0: 0x0000000080004acc (0x00851bb3) sll     s7, a0, s0
core   0: 1 0x0000000080004acc (0x00851bb3) x23 0x0000000000000000
core   0: 0x0000000080004ad0 (0x00cb9c9b) slliw   s9, s7, 12
core   0: 1 0x0000000080004ad0 (0x00cb9c9b) x25 0x0000000000000000
core   0: 0x0000000080004ad4 (0x22fa8ad3) fsgnj.d fs5, fs5, fa5
core   0: 1 0x0000000080004ad4 (0x22fa8ad3) f21 0x7ff8000000000000
core   0: 0x0000000080004ad8 (0xe30f05b7) lui     a1, 0xe30f0
core   0: 1 0x0000000080004ad8 (0xe30f05b7) x11 0xffffffffe30f0000
core   0: 0x0000000080004adc (0x00008585) c.srai  a1, 1
core   0: 1 0x0000000080004adc (0x8585) x11 0xfffffffff1878000
core   0: 0x0000000080004ade (0x2ab48753) fmin.d  fa4, fs1, fa1
core   0: 1 0x0000000080004ade (0x2ab48753) f14 0xc1b9230000000000
core   0: 0x0000000080004ae2 (0xc234fa53) fcvt.lu.d s4, fs1
core   0: 1 0x0000000080004ae2 (0xc234fa53) c1_fflags 0x0000000000000010 x20 0x0000000000000000
core   0: 0x0000000080004ae6 (0x003912b3) sll     t0, s2, gp
core   0: 1 0x0000000080004ae6 (0x003912b3) x5  0xfffffffffffc0000
core   0: 0x0000000080004aea (0xa2d300d3) fle.d   ra, ft6, fa3
core   0: 1 0x0000000080004aea (0xa2d300d3) c1_fflags 0x0000000000000010 x1  0x0000000000000000
core   0: 0x0000000080004aee (0x01c4e333) or      t1, s1, t3
core   0: 1 0x0000000080004aee (0x01c4e333) x6  0xffffffffffffffff
core   0: 0x0000000080004af2 (0xe2068753) fmv.x.d a4, fa3
core   0: 1 0x0000000080004af2 (0xe2068753) x14 0x7ff8000000000000
core   0: 0x0000000080004af6 (0x0006101b) slliw   zero, a2, 0
core   0: 1 0x0000000080004af6 (0x0006101b)
core   0: 0x0000000080004afa (0x00e75a3b) srlw    s4, a4, a4
core   0: 1 0x0000000080004afa (0x00e75a3b) x20 0x0000000000000000
core   0: 0x0000000080004afe (0x02c6073b) mulw    a4, a2, a2
core   0: 1 0x0000000080004afe (0x02c6073b) x14 0x0000000000640000
core   0: 0x0000000080004b02 (0x02c33633) mulhu   a2, t1, a2
core   0: 1 0x0000000080004b02 (0x02c33633) x12 0x00000000000009ff
core   0: 0x0000000080004b06 (0x00000001) c.nop
core   0: 1 0x0000000080004b06 (0x0001)
core   0: 0x0000000080004b08 (0x01708bbb) addw    s7, ra, s7
core   0: 1 0x0000000080004b08 (0x01708bbb) x23 0x0000000000000000
core   0: 0x0000000080004b0c (0x01ad1193) slli    gp, s10, 26
core   0: 1 0x0000000080004b0c (0x01ad1193) x3  0x0000000000000000
core   0: 0x0000000080004b10 (0xc235f3d3) fcvt.lu.d t2, fa1
core   0: 1 0x0000000080004b10 (0xc235f3d3) c1_fflags 0x0000000000000010 x7  0xffffffffffffffff
core   0: 0x0000000080004b14 (0x142076f3) csrrci  a3, scause, 0
core   0: 1 0x0000000080004b14 (0x142076f3) x13 0x0000000000000000
core   0: 0x0000000080004b18 (0x40f0d33b) sraw    t1, ra, a5
core   0: 1 0x0000000080004b18 (0x40f0d33b) x6  0x0000000000000000
core   0: 0x0000000080004b1c (0x73677b43) fmadd.d fs6, fa4, fs6, fa4
core   0: 1 0x0000000080004b1c (0x73677b43) f22 0x7ff8000000000000
core   0: 0x0000000080004b20 (0xd2000c53) fcvt.d.w fs8, zero
core   0: 1 0x0000000080004b20 (0xd2000c53) f24 0x0000000000000000
core   0: 0x0000000080004b24 (0x1acb72d3) fdiv.d  ft5, fs6, fa2
core   0: 1 0x0000000080004b24 (0x1acb72d3) f5  0x7ff8000000000000
core   0: 0x0000000080004b28 (0x0063173b) sllw    a4, t1, t1
core   0: 1 0x0000000080004b28 (0x0063173b) x14 0x0000000000000000
core   0: 0x0000000080004b2c (0x03fed113) srli    sp, t4, 63
core   0: 1 0x0000000080004b2c (0x03fed113) x2  0x0000000000000000
core   0: 0x0000000080004b30 (0x02aa1513) slli    a0, s4, 42
core   0: 1 0x0000000080004b30 (0x02aa1513) x10 0x0000000000000000
core   0: 0x0000000080004b34 (0x0ff0000f) fence   iorw,iorw
core   0: 1 0x0000000080004b34 (0x0ff0000f)
core   0: 0x0000000080004b38 (0x416b5b3b) sraw    s6, s6, s6
core   0: 1 0x0000000080004b38 (0x416b5b3b) x22 0xffffffffffffffff
core   0: 0x0000000080004b3c (0x007cb337) lui     t1, 0x7cb
core   0: 1 0x0000000080004b3c (0x007cb337) x6  0x00000000007cb000
core   0: 0x0000000080004b40 (0xaaf3031b) addiw   t1, t1, -1361
core   0: 1 0x0000000080004b40 (0xaaf3031b) x6  0x00000000007caaaf
core   0: 0x0000000080004b44 (0x0000033a) c.slli  t1, 14
core   0: 1 0x0000000080004b44 (0x033a) x6  0x0000001f2aabc000
core   0: 0x0000000080004b46 (0xdc530313) addi    t1, t1, -571
core   0: 1 0x0000000080004b46 (0xdc530313) x6  0x0000001f2aabbdc5
core   0: 0x0000000080004b4a (0x02f25913) srli    s2, tp, 47
core   0: 1 0x0000000080004b4a (0x02f25913) x18 0x0000000000000000
core   0: 0x0000000080004b4e (0x0ff0000f) fence   iorw,iorw
core   0: 1 0x0000000080004b4e (0x0ff0000f)
core   0: 0x0000000080004b52 (0x01d92cb3) slt     s9, s2, t4
core   0: 1 0x0000000080004b52 (0x01d92cb3) x25 0x0000000000000000
core   0: 0x0000000080004b56 (0x02f17d33) remu    s10, sp, a5
core   0: 1 0x0000000080004b56 (0x02f17d33) x26 0x0000000000000000
core   0: 0x0000000080004b5a (0x024bb533) mulhu   a0, s7, tp
core   0: 1 0x0000000080004b5a (0x024bb533) x10 0x0000000000000000
core   0: 0x0000000080004b5e (0xc2197953) fcvt.wu.d s2, fs2
core   0: 1 0x0000000080004b5e (0xc2197953) c1_fflags 0x0000000000000010 x18 0xffffffffffffffff
core   0: 0x0000000080004b62 (0x014a2433) slt     s0, s4, s4
core   0: 1 0x0000000080004b62 (0x014a2433) x8  0x0000000000000000
core   0: 0x0000000080004b66 (0x4012f5d3) fcvt.s.d fa1, ft5
core   0: 1 0x0000000080004b66 (0x4012f5d3) f11 0xffffffff7fc00000
core   0: 0x0000000080004b6a (0x03466bbb) remw    s7, a2, s4
core   0: 1 0x0000000080004b6a (0x03466bbb) x23 0x00000000000009ff
core   0: 0x0000000080004b6e (0xfb20f943) fmadd.d fs2, ft1, fs2, ft11
core   0: 1 0x0000000080004b6e (0xfb20f943) f18 0x7ff8000000000000
core   0: 0x0000000080004b72 (0x5a06fb53) fsqrt.d fs6, fa3
core   0: 1 0x0000000080004b72 (0x5a06fb53) f22 0x7ff8000000000000
core   0: 0x0000000080004b76 (0xc20a7dd3) fcvt.w.d s11, fs4
core   0: 1 0x0000000080004b76 (0xc20a7dd3) c1_fflags 0x0000000000000010 x27 0x000000007fffffff
core   0: 0x0000000080004b7a (0x0088033b) addw    t1, a6, s0
core   0: 1 0x0000000080004b7a (0x0088033b) x6  0x00000000254d0000
core   0: 0x0000000080004b7e (0x00401a3b) sllw    s4, zero, tp
core   0: 1 0x0000000080004b7e (0x00401a3b) x20 0x0000000000000000
core   0: 0x0000000080004b82 (0x0ff0000f) fence   iorw,iorw
core   0: 1 0x0000000080004b82 (0x0ff0000f)
core   0: 0x0000000080004b86 (0xd2110d53) fcvt.d.wu fs10, sp
core   0: 1 0x0000000080004b86 (0xd2110d53) f26 0x0000000000000000
core   0: 0x0000000080004b8a (0x4113d3b3) sra     t2, t2, a7
core   0: 1 0x0000000080004b8a (0x4113d3b3) x7  0xffffffffffffffff
core   0: 0x0000000080004b8e (0xd20488d3) fcvt.d.w fa7, s1
core   0: 1 0x0000000080004b8e (0xd20488d3) f17 0x40a6520000000000
core   0: 0x0000000080004b92 (0x0093e233) or      tp, t2, s1
core   0: 1 0x0000000080004b92 (0x0093e233) x4  0xffffffffffffffff
core   0: 0x0000000080004b96 (0xec54f013) andi    zero, s1, -315
core   0: 1 0x0000000080004b96 (0xec54f013)
core   0: 0x0000000080004b9a (0x408d8c33) sub     s8, s11, s0
core   0: 1 0x0000000080004b9a (0x408d8c33) x24 0x000000007fffffff
core   0: 0x0000000080004b9e (0xd033fbd3) fcvt.s.lu fs7, t2
core   0: 1 0x0000000080004b9e (0xd033fbd3) c1_fflags 0x0000000000000011 f23 0xffffffff5f800000
core   0: 0x0000000080004ba2 (0x0031ceb3) xor     t4, gp, gp
core   0: 1 0x0000000080004ba2 (0x0031ceb3) x29 0x0000000000000000
core   0: 0x0000000080004ba6 (0x400e863b) subw    a2, t4, zero
core   0: 1 0x0000000080004ba6 (0x400e863b) x12 0x0000000000000000
core   0: 0x0000000080004baa (0x420585d3) fcvt.d.s fa1, fa1
core   0: 1 0x0000000080004baa (0x420585d3) f11 0x7ff8000000000000
core   0: 0x0000000080004bae (0x40c0a8b7) lui     a7, 0x40c0a
core   0: 1 0x0000000080004bae (0x40c0a8b7) x17 0x0000000040c0a000
core   0: 0x0000000080004bb2 (0x000098be) c.add   a7, a5
core   0: 1 0x0000000080004bb2 (0x98be) x17 0x00000000c0c0ea9a
core   0: 0x0000000080004bb4 (0x12b07e53) fmul.d  ft8, ft0, fa1
core   0: 1 0x0000000080004bb4 (0x12b07e53) f28 0x7ff8000000000000
core   0: 0x0000000080004bb8 (0x2ab90053) fmin.d  ft0, fs2, fa1
core   0: 1 0x0000000080004bb8 (0x2ab90053) f0  0x7ff8000000000000
core   0: 0x0000000080004bbc (0x001a1af3) csrrw   s5, fflags, s4
core   0: 1 0x0000000080004bbc (0x001a1af3) x21 0x0000000000000011 c1_fflags 0x0000000000000000
core   0: 0x0000000080004bc0 (0x42145e93) srai    t4, s0, 33
core   0: 1 0x0000000080004bc0 (0x42145e93) x29 0x0000000000000000
core   0: 0x0000000080004bc4 (0xc0257853) fcvt.l.s a6, fa0
core   0: 1 0x0000000080004bc4 (0xc0257853) c1_fflags 0x0000000000000010 x16 0x7fffffffffffffff
core   0: 0x0000000080004bc8 (0xf1405df3) csrrwi  s11, mhartid, 0
core   0: exception trap_illegal_instruction, epc 0x0000000080004bc8
core   0:           tval 0x00000000f1405df3
core   0: >>>>  $xrv64i2p1_m2p0_a2p1_f2p2_d2p2_zicsr2p0_zifencei2p0_zmmul1p0_zba1p0_zbb1p0_zbc1p0_zbs1p0
core   0: 0x0000000080004000 (0x0080006f) j       pc + 0x8
core   0: 3 0x0000000080004000 (0x0080006f)
core   0: >>>>  mmode_exception_handler
core   0: 0x0000000080004008 (0x00002c17) auipc   s8, 0x2
core   0: 3 0x0000000080004008 (0x00002c17) x24 0x0000000080006008
core   0: 0x000000008000400c (0x00ac0c13) addi    s8, s8, 10
core   0: 3 0x000000008000400c (0x00ac0c13) x24 0x0000000080006012
core   0: 0x0000000080004010 (0x000c00e7) jalr    s8
core   0: 3 0x0000000080004010 (0x000c00e7) x1  0x0000000080004014
core   0: >>>>  any_handler
core   0: 0x0000000080006012 (0x341027f3) csrrs   a5, mepc, zero
core   0: 3 0x0000000080006012 (0x341027f3) x15 0x0000000080004bc8
core   0: 0x0000000080006016 (0x34202773) csrrs   a4, mcause, zero
core   0: 3 0x0000000080006016 (0x34202773) x14 0x0000000000000002
core   0: 0x000000008000601a (0x142026f3) csrrs   a3, scause, zero
core   0: 3 0x000000008000601a (0x142026f3) x13 0x0000000000000000
core   0: 0x000000008000601e (0x30402673) csrrs   a2, mie, zero
core   0: 3 0x000000008000601e (0x30402673) x12 0x0000000000000a00
core   0: 0x0000000080006022 (0x344025f3) csrrs   a1, mip, zero
core   0: 3 0x0000000080006022 (0x344025f3) x11 0x0000000000000080
core   0: 0x0000000080006026 (0x343025f3) csrrs   a1, mtval, zero
core   0: 3 0x0000000080006026 (0x343025f3) x11 0x00000000f1405df3
core   0: 0x000000008000602a (0x14302573) csrrs   a0, stval, zero
core   0: 3 0x000000008000602a (0x14302573) x10 0x0000000000000000
core   0: 0x000000008000602e (0xb02024f3) csrrs   s1, minstret, zero
core   0: 3 0x000000008000602e (0xb02024f3) x9  0x0000000000000b87
core   0: 0x0000000080006032 (0x0000a811) c.j     pc + 20
core   0: 3 0x0000000080006032 (0xa811)
core   0: >>>>  mepc_4
core   0: 0x0000000080006046 (0x00000791) c.addi  a5, 4
core   0: 3 0x0000000080006046 (0x0791) x15 0x0000000080004bcc
core   0: 0x0000000080006048 (0x34179073) csrrw   zero, mepc, a5
core   0: 3 0x0000000080006048 (0x34179073) c833_mepc 0x0000000080004bcc
core   0: 0x000000008000604c (0x30200073) mret
core   0: 3 0x000000008000604c (0x30200073) c768_mstatus 0x8000000a00106080
core   0: 0x0000000080004bcc (0x57250e37) lui     t3, 0x57250
core   0: 1 0x0000000080004bcc (0x57250e37) x28 0x0000000057250000
core   0: 0x0000000080004bd0 (0x035a9cb3) mulh    s9, s5, s5
core   0: 1 0x0000000080004bd0 (0x035a9cb3) x25 0x0000000000000000
core   0: 0x0000000080004bd4 (0x40bad13b) sraw    sp, s5, a1
core   0: 1 0x0000000080004bd4 (0x40bad13b) x2  0x0000000000000000
core   0: 0x0000000080004bd8 (0xf2010253) fmv.d.x ft4, sp
core   0: 1 0x0000000080004bd8 (0xf2010253) f4  0x0000000000000000
core   0: 0x0000000080004bdc (0xd22cfa53) fcvt.d.l fs4, s9
core   0: 1 0x0000000080004bdc (0xd22cfa53) f20 0x0000000000000000
core   0: 0x0000000080004be0 (0x2aa29253) fmax.d  ft4, ft5, fa0
core   0: 1 0x0000000080004be0 (0x2aa29253) f4  0x0000000000000000
core   0: 0x0000000080004be4 (0x0041163b) sllw    a2, sp, tp
core   0: 1 0x0000000080004be4 (0x0041163b) x12 0x0000000000000000
core   0: 0x0000000080004be8 (0x4a4577c7) fmsub.d fa5, fa0, ft4, fs1
core   0: 1 0x0000000080004be8 (0x4a4577c7) f15 0x41b9230000000000
core   0: 0x0000000080004bec (0x0029943b) sllw    s0, s3, sp
core   0: 1 0x0000000080004bec (0x0029943b) x8  0x000000007fffffff
core   0: 0x0000000080004bf0 (0x420088d3) fcvt.d.s fa7, ft1
core   0: 1 0x0000000080004bf0 (0x420088d3) f17 0x7ff8000000000000
core   0: 0x0000000080004bf4 (0x00000001) c.nop
core   0: 1 0x0000000080004bf4 (0x0001)
core   0: 0x0000000080004bf6 (0x801cb797) auipc   a5, 0x801cb
core   0: 1 0x0000000080004bf6 (0x801cb797) x15 0x00000000001cfbf6
core   0: 0x0000000080004bfa (0x034a5dbb) divuw   s11, s4, s4
core   0: 1 0x0000000080004bfa (0x034a5dbb) x27 0xffffffffffffffff
core   0: 0x0000000080004bfe (0xd21a00d3) fcvt.d.wu ft1, s4
core   0: 1 0x0000000080004bfe (0xd21a00d3) f1  0x0000000000000000
core   0: 0x0000000080004c02 (0x4025d89b) sraiw   a7, a1, 2
core   0: 1 0x0000000080004c02 (0x4025d89b) x17 0xfffffffffc50177c
core   0: 0x0000000080004c06 (0x34804093) xori    ra, zero, 840
core   0: 1 0x0000000080004c06 (0x34804093) x1  0x0000000000000348
core   0: 0x0000000080004c0a (0xc021f953) fcvt.l.s s2, ft3
core   0: 1 0x0000000080004c0a (0xc021f953) c1_fflags 0x0000000000000010 x18 0x7fffffffffffffff
core   0: 0x0000000080004c0e (0x02b157b3) divu    a5, sp, a1
core   0: 1 0x0000000080004c0e (0x02b157b3) x15 0x0000000000000000
core   0: 0x0000000080004c12 (0x2a888453) fmin.d  fs0, fa7, fs0
core   0: 1 0x0000000080004c12 (0x2a888453) f8  0x7ff8000000000000
core   0: 0x0000000080004c16 (0xc2127ad3) fcvt.wu.d s5, ft4
core   0: 1 0x0000000080004c16 (0xc2127ad3) x21 0x0000000000000000
core   0: 0x0000000080004c1a (0xc28e73c7) fmsub.d ft7, ft8, fs0, fs8
core   0: 1 0x0000000080004c1a (0xc28e73c7) f7  0x7ff8000000000000
core   0: 0x0000000080004c1e (0x408d51bb) sraw    gp, s10, s0
core   0: 1 0x0000000080004c1e (0x408d51bb) x3  0x0000000000000000
core   0: 0x0000000080004c22 (0x00841033) sll     zero, s0, s0
core   0: 1 0x0000000080004c22 (0x00841033)
core   0: 0x0000000080004c26 (0x43f65113) srai    sp, a2, 63
core   0: 1 0x0000000080004c26 (0x43f65113) x2  0x0000000000000000
core   0: 0x0000000080004c2a (0x03acddb3) divu    s11, s9, s10
core   0: 1 0x0000000080004c2a (0x03acddb3) x27 0xffffffffffffffff
core   0: 0x0000000080004c2e (0x02ee1833) mulh    a6, t3, a4
core   0: 1 0x0000000080004c2e (0x02ee1833) x16 0x0000000000000000
core   0: 0x0000000080004c32 (0x574e8313) addi    t1, t4, 1396
core   0: 1 0x0000000080004c32 (0x574e8313) x6  0x0000000000000574
core   0: 0x0000000080004c36 (0xd5fa6d13) ori     s10, s4, -673
core   0: 1 0x0000000080004c36 (0xd5fa6d13) x26 0xfffffffffffffd5f
core   0: 0x0000000080004c3a (0x012d12bb) sllw    t0, s10, s2
core   0: 1 0x0000000080004c3a (0x012d12bb) x5  0xffffffff80000000
core   0: 0x0000000080004c3e (0x4098d013) srai    zero, a7, 9
core   0: 1 0x0000000080004c3e (0x4098d013)
core   0: 0x0000000080004c42 (0x42088153) fcvt.d.s ft2, fa7
core   0: 1 0x0000000080004c42 (0x42088153) f2  0x7ff8000000000000
core   0: 0x0000000080004c46 (0xa2288753) fle.d   a4, fa7, ft2
core   0: 1 0x0000000080004c46 (0xa2288753) c1_fflags 0x0000000000000010 x14 0x0000000000000000
core   0: 0x0000000080004c4a (0x0337a7b3) mulhsu  a5, a5, s3
core   0: 1 0x0000000080004c4a (0x0337a7b3) x15 0x0000000000000000
core   0: 0x0000000080004c4e (0x011b9eb3) sll     t4, s7, a7
core   0: 1 0x0000000080004c4e (0x011b9eb3) x29 0xf000000000000000
core   0: 0x0000000080004c52 (0xfdce3637) lui     a2, 0xfdce3
core   0: 1 0x0000000080004c52 (0xfdce3637) x12 0xfffffffffdce3000
core   0: 0x0000000080004c56 (0xf3a88193) addi    gp, a7, -198
core   0: 1 0x0000000080004c56 (0xf3a88193) x3  0xfffffffffc5016b6
core   0: 0x0000000080004c5a (0xc21071d3) fcvt.wu.d gp, ft0
core   0: 1 0x0000000080004c5a (0xc21071d3) c1_fflags 0x0000000000000010 x3  0xffffffffffffffff
core   0: 0x0000000080004c5e (0x01d5fbb3) and     s7, a1, t4
core   0: 1 0x0000000080004c5e (0x01d5fbb3) x23 0x0000000000000000
core   0: 0x0000000080004c62 (0x35d64e13) xori    t3, a2, 861
core   0: 1 0x0000000080004c62 (0x35d64e13) x28 0xfffffffffdce335d
core   0: 0x0000000080004c66 (0x019603bb) addw    t2, a2, s9
core   0: 1 0x0000000080004c66 (0x019603bb) x7  0xfffffffffdce3000
core   0: 0x0000000080004c6a (0xd03ef353) fcvt.s.lu ft6, t4
core   0: 1 0x0000000080004c6a (0xd03ef353) f6  0xffffffff5f700000
core   0: 0x0000000080004c6e (0x0175183b) sllw    a6, a0, s7
core   0: 1 0x0000000080004c6e (0x0175183b) x16 0x0000000000000000
core   0: 0x0000000080004c72 (0xd2387753) fcvt.d.lu fa4, a6
core   0: 1 0x0000000080004c72 (0xd2387753) f14 0x0000000000000000
core   0: 0x0000000080004c76 (0xd21180d3) fcvt.d.wu ft1, gp
core   0: 1 0x0000000080004c76 (0xd21180d3) f1  0x41efffffffe00000
core   0: 0x0000000080004c7a (0xc047b673) csrrc   a2, hpmcounter4, a5
core   0: exception trap_illegal_instruction, epc 0x0000000080004c7a
core   0:           tval 0x00000000c047b673
core   0: >>>>  $xrv64i2p1_m2p0_a2p1_f2p2_d2p2_zicsr2p0_zifencei2p0_zmmul1p0_zba1p0_zbb1p0_zbc1p0_zbs1p0
core   0: 0x0000000080004000 (0x0080006f) j       pc + 0x8
core   0: 3 0x0000000080004000 (0x0080006f)
core   0: >>>>  mmode_exception_handler
core   0: 0x0000000080004008 (0x00002c17) auipc   s8, 0x2
core   0: 3 0x0000000080004008 (0x00002c17) x24 0x0000000080006008
core   0: 0x000000008000400c (0x00ac0c13) addi    s8, s8, 10
core   0: 3 0x000000008000400c (0x00ac0c13) x24 0x0000000080006012
core   0: 0x0000000080004010 (0x000c00e7) jalr    s8
core   0: 3 0x0000000080004010 (0x000c00e7) x1  0x0000000080004014
core   0: >>>>  any_handler
core   0: 0x0000000080006012 (0x341027f3) csrrs   a5, mepc, zero
core   0: 3 0x0000000080006012 (0x341027f3) x15 0x0000000080004c7a
core   0: 0x0000000080006016 (0x34202773) csrrs   a4, mcause, zero
core   0: 3 0x0000000080006016 (0x34202773) x14 0x0000000000000002
core   0: 0x000000008000601a (0x142026f3) csrrs   a3, scause, zero
core   0: 3 0x000000008000601a (0x142026f3) x13 0x0000000000000000
core   0: 0x000000008000601e (0x30402673) csrrs   a2, mie, zero
core   0: 3 0x000000008000601e (0x30402673) x12 0x0000000000000a00
core   0: 0x0000000080006022 (0x344025f3) csrrs   a1, mip, zero
core   0: 3 0x0000000080006022 (0x344025f3) x11 0x0000000000000080
core   0: 0x0000000080006026 (0x343025f3) csrrs   a1, mtval, zero
core   0: 3 0x0000000080006026 (0x343025f3) x11 0x00000000c047b673
core   0: 0x000000008000602a (0x14302573) csrrs   a0, stval, zero
core   0: 3 0x000000008000602a (0x14302573) x10 0x0000000000000000
core   0: 0x000000008000602e (0xb02024f3) csrrs   s1, minstret, zero
core   0: 3 0x000000008000602e (0xb02024f3) x9  0x0000000000000bc3
core   0: 0x0000000080006032 (0x0000a811) c.j     pc + 20
core   0: 3 0x0000000080006032 (0xa811)
core   0: >>>>  mepc_4
core   0: 0x0000000080006046 (0x00000791) c.addi  a5, 4
core   0: 3 0x0000000080006046 (0x0791) x15 0x0000000080004c7e
core   0: 0x0000000080006048 (0x34179073) csrrw   zero, mepc, a5
core   0: 3 0x0000000080006048 (0x34179073) c833_mepc 0x0000000080004c7e
core   0: 0x000000008000604c (0x30200073) mret
core   0: 3 0x000000008000604c (0x30200073) c768_mstatus 0x8000000a00106080
core   0: 0x0000000080004c7e (0x00b7969b) slliw   a3, a5, 11
core   0: 1 0x0000000080004c7e (0x00b7969b) x13 0x000000000263f000
core   0: 0x0000000080004c82 (0x5b4440b7) lui     ra, 0x5b444
core   0: 1 0x0000000080004c82 (0x5b4440b7) x1  0x000000005b444000
core   0: 0x0000000080004c86 (0x037b7a33) remu    s4, s6, s7
core   0: 1 0x0000000080004c86 (0x037b7a33) x20 0xffffffffffffffff
core   0: 0x0000000080004c8a (0x0141823b) addw    tp, gp, s4
core   0: 1 0x0000000080004c8a (0x0141823b) x4  0xfffffffffffffffe
core   0: 0x0000000080004c8e (0xd2217cd3) fcvt.d.l fs9, sp
core   0: 1 0x0000000080004c8e (0xd2217cd3) f25 0x0000000000000000
core   0: 0x0000000080004c92 (0x00cb8537) lui     a0, 0xcb8
core   0: 1 0x0000000080004c92 (0x00cb8537) x10 0x0000000000cb8000
core   0: 0x0000000080004c96 (0xb6f5051b) addiw   a0, a0, -1169
core   0: 1 0x0000000080004c96 (0xb6f5051b) x10 0x0000000000cb7b6f
core   0: 0x0000000080004c9a (0x0000053a) c.slli  a0, 14
core   0: 1 0x0000000080004c9a (0x053a) x10 0x00000032dedbc000
core   0: 0x0000000080004c9c (0x27c50513) addi    a0, a0, 636
core   0: 1 0x0000000080004c9c (0x27c50513) x10 0x00000032dedbc27c
core   0: 0x0000000080004ca0 (0xc200fad3) fcvt.w.d s5, ft1
core   0: 1 0x0000000080004ca0 (0xc200fad3) c1_fflags 0x0000000000000010 x21 0x000000007fffffff
core   0: 0x0000000080004ca4 (0x003ae833) or      a6, s5, gp
core   0: 1 0x0000000080004ca4 (0x003ae833) x16 0xffffffffffffffff
core   0: 0x0000000080004ca8 (0x4054d6bb) sraw    a3, s1, t0
core   0: 1 0x0000000080004ca8 (0x4054d6bb) x13 0x0000000000000bc3
core   0: 0x0000000080004cac (0x01f3559b) srliw   a1, t1, 31
core   0: 1 0x0000000080004cac (0x01f3559b) x11 0x0000000000000000
core   0: 0x0000000080004cb0 (0x0282c33b) divw    t1, t0, s0
core   0: 1 0x0000000080004cb0 (0x0282c33b) x6  0xffffffffffffffff
core   0: 0x0000000080004cb4 (0x012a151b) slliw   a0, s4, 18
core   0: 1 0x0000000080004cb4 (0x012a151b) x10 0xfffffffffffc0000
core   0: 0x0000000080004cb8 (0x0339483b) divw    a6, s2, s3
core   0: 1 0x0000000080004cb8 (0x0339483b) x16 0x0000000000000000
core   0: 0x0000000080004cbc (0x0235ecb3) rem     s9, a1, gp
core   0: 1 0x0000000080004cbc (0x0235ecb3) x25 0x0000000000000000
core   0: 0x0000000080004cc0 (0x405a511b) sraiw   sp, s4, 5
core   0: 1 0x0000000080004cc0 (0x405a511b) x2  0xffffffffffffffff
core   0: 0x0000000080004cc4 (0x40225833) sra     a6, tp, sp
core   0: 1 0x0000000080004cc4 (0x40225833) x16 0xffffffffffffffff
core   0: 0x0000000080004cc8 (0x41a1d4b3) sra     s1, gp, s10
core   0: 1 0x0000000080004cc8 (0x41a1d4b3) x9  0xffffffffffffffff
core   0: 0x0000000080004ccc (0x2b90f7cb) fnmsub.d fa5, ft1, fs9, ft5
core   0: 1 0x0000000080004ccc (0x2b90f7cb) f15 0x7ff8000000000000
core   0: 0x0000000080004cd0 (0x23249153) fsgnjn.d ft2, fs1, fs2
core   0: 1 0x0000000080004cd0 (0x23249153) f2  0xc1b9230000000000
core   0: 0x0000000080004cd4 (0x2af408d3) fmin.d  fa7, fs0, fa5
core   0: 1 0x0000000080004cd4 (0x2af408d3) f17 0x7ff8000000000000
core   0: 0x0000000080004cd8 (0x03b45db3) divu    s11, s0, s11
core   0: 1 0x0000000080004cd8 (0x03b45db3) x27 0x0000000000000000
core   0: 0x0000000080004cdc (0x01d494bb) sllw    s1, s1, t4
core   0: 1 0x0000000080004cdc (0x01d494bb) x9  0xffffffffffffffff
core   0: 0x0000000080004ce0 (0xc031fd53) fcvt.lu.s s10, ft3
core   0: 1 0x0000000080004ce0 (0xc031fd53) c1_fflags 0x0000000000000010 x26 0xffffffffffffffff
core   0: 0x0000000080004ce4 (0x00155b93) srli    s7, a0, 1
core   0: 1 0x0000000080004ce4 (0x00155b93) x23 0x7ffffffffffe0000
core   0: 0x0000000080004ce8 (0x23109f53) fsgnjn.d ft10, ft1, fa7
core   0: 1 0x0000000080004ce8 (0x23109f53) f30 0xc1efffffffe00000
core   0: 0x0000000080004cec (0x03fbde13) srli    t3, s7, 63
core   0: 1 0x0000000080004cec (0x03fbde13) x28 0x0000000000000000
core   0: 0x0000000080004cf0 (0x2b80001b) addiw   zero, zero, 696
core   0: 1 0x0000000080004cf0 (0x2b80001b)
core   0: 0x0000000080004cf4 (0x3106a8f3) csrrs   a7, mstatush, a3
core   0: exception trap_illegal_instruction, epc 0x0000000080004cf4
core   0:           tval 0x000000003106a8f3
core   0: >>>>  $xrv64i2p1_m2p0_a2p1_f2p2_d2p2_zicsr2p0_zifencei2p0_zmmul1p0_zba1p0_zbb1p0_zbc1p0_zbs1p0
core   0: 0x0000000080004000 (0x0080006f) j       pc + 0x8
core   0: 3 0x0000000080004000 (0x0080006f)
core   0: >>>>  mmode_exception_handler
core   0: 0x0000000080004008 (0x00002c17) auipc   s8, 0x2
core   0: 3 0x0000000080004008 (0x00002c17) x24 0x0000000080006008
core   0: 0x000000008000400c (0x00ac0c13) addi    s8, s8, 10
core   0: 3 0x000000008000400c (0x00ac0c13) x24 0x0000000080006012
core   0: 0x0000000080004010 (0x000c00e7) jalr    s8
core   0: 3 0x0000000080004010 (0x000c00e7) x1  0x0000000080004014
core   0: >>>>  any_handler
core   0: 0x0000000080006012 (0x341027f3) csrrs   a5, mepc, zero
core   0: 3 0x0000000080006012 (0x341027f3) x15 0x0000000080004cf4
core   0: 0x0000000080006016 (0x34202773) csrrs   a4, mcause, zero
core   0: 3 0x0000000080006016 (0x34202773) x14 0x0000000000000002
core   0: 0x000000008000601a (0x142026f3) csrrs   a3, scause, zero
core   0: 3 0x000000008000601a (0x142026f3) x13 0x0000000000000000
core   0: 0x000000008000601e (0x30402673) csrrs   a2, mie, zero
core   0: 3 0x000000008000601e (0x30402673) x12 0x0000000000000a00
core   0: 0x0000000080006022 (0x344025f3) csrrs   a1, mip, zero
core   0: 3 0x0000000080006022 (0x344025f3) x11 0x0000000000000080
core   0: 0x0000000080006026 (0x343025f3) csrrs   a1, mtval, zero
core   0: 3 0x0000000080006026 (0x343025f3) x11 0x000000003106a8f3
core   0: 0x000000008000602a (0x14302573) csrrs   a0, stval, zero
core   0: 3 0x000000008000602a (0x14302573) x10 0x0000000000000000
core   0: 0x000000008000602e (0xb02024f3) csrrs   s1, minstret, zero
core   0: 3 0x000000008000602e (0xb02024f3) x9  0x0000000000000bf1
core   0: 0x0000000080006032 (0x0000a811) c.j     pc + 20
core   0: 3 0x0000000080006032 (0xa811)
core   0: >>>>  mepc_4
core   0: 0x0000000080006046 (0x00000791) c.addi  a5, 4
core   0: 3 0x0000000080006046 (0x0791) x15 0x0000000080004cf8
core   0: 0x0000000080006048 (0x34179073) csrrw   zero, mepc, a5
core   0: 3 0x0000000080006048 (0x34179073) c833_mepc 0x0000000080004cf8
core   0: 0x000000008000604c (0x30200073) mret
core   0: 3 0x000000008000604c (0x30200073) c768_mstatus 0x8000000a00106080
core   0: 0x0000000080004cf8 (0xc238fe53) fcvt.lu.d t3, fa7
core   0: 1 0x0000000080004cf8 (0xc238fe53) c1_fflags 0x0000000000000010 x28 0xffffffffffffffff
core   0: 0x0000000080004cfc (0x41f85a1b) sraiw   s4, a6, 31
core   0: 1 0x0000000080004cfc (0x41f85a1b) x20 0xffffffffffffffff
core   0: 0x0000000080004d00 (0x13857353) fmul.d  ft6, fa0, fs8
core   0: 1 0x0000000080004d00 (0x13857353) f6  0x0000000000000000
core   0: 0x0000000080004d04 (0x437a5113) srai    sp, s4, 55
core   0: 1 0x0000000080004d04 (0x437a5113) x2  0xffffffffffffffff
core   0: 0x0000000080004d08 (0x41a1571b) sraiw   a4, sp, 26
core   0: 1 0x0000000080004d08 (0x41a1571b) x14 0xffffffffffffffff
core   0: 0x0000000080004d0c (0x00000001) c.nop
core   0: 1 0x0000000080004d0c (0x0001)
core   0: 0x0000000080004d0e (0x23e42453) fsgnjx.d fs0, fs0, ft10
core   0: 1 0x0000000080004d0e (0x23e42453) f8  0xfff8000000000000
core   0: 0x0000000080004d12 (0xa0817d93) andi    s11, sp, -1528
core   0: 1 0x0000000080004d12 (0xa0817d93) x27 0xfffffffffffffa08
core   0: 0x0000000080004d16 (0x017247b3) xor     a5, tp, s7
core   0: 1 0x0000000080004d16 (0x017247b3) x15 0x800000000001fffe
core   0: 0x0000000080004d1a (0x02f6563b) divuw   a2, a2, a5
core   0: 1 0x0000000080004d1a (0x02f6563b) x12 0x0000000000000000
core   0: 0x0000000080004d1e (0x03e7f9d3) fadd.d  fs3, fa5, ft10
core   0: 1 0x0000000080004d1e (0x03e7f9d3) f19 0x7ff8000000000000
core   0: 0x0000000080004d22 (0x00804033) xor     zero, zero, s0
core   0: 1 0x0000000080004d22 (0x00804033)
core   0: 0x0000000080004d26 (0xf2048753) fmv.d.x fa4, s1
core   0: 1 0x0000000080004d26 (0xf2048753) f14 0x0000000000000bf1
core   0: 0x0000000080004d2a (0xc21ffad3) fcvt.wu.d s5, ft11
core   0: 1 0x0000000080004d2a (0xc21ffad3) c1_fflags 0x0000000000000010 x21 0xffffffffffffffff
core   0: 0x0000000080004d2e (0x40fc8cbb) subw    s9, s9, a5
core   0: 1 0x0000000080004d2e (0x40fc8cbb) x25 0xfffffffffffe0002
core   0: 0x0000000080004d32 (0x012ddc3b) srlw    s8, s11, s2
core   0: 1 0x0000000080004d32 (0x012ddc3b) x24 0x0000000000000001
core   0: 0x0000000080004d36 (0xd3cdfb4b) fnmsub.d fs6, fs11, ft8, fs10
core   0: 1 0x0000000080004d36 (0xd3cdfb4b) f22 0x7ff8000000000000
core   0: 0x0000000080004d3a (0xfff3e393) ori     t2, t2, -1
core   0: 1 0x0000000080004d3a (0xfff3e393) x7  0xffffffffffffffff
core   0: 0x0000000080004d3e (0xc21d7a53) fcvt.wu.d s4, fs10
core   0: 1 0x0000000080004d3e (0xc21d7a53) x20 0x0000000000000000
core   0: 0x0000000080004d42 (0x00202373) csrrs   t1, frm, zero
core   0: 1 0x0000000080004d42 (0x00202373) x6  0x0000000000000000
core   0: 0x0000000080004d46 (0x40208e3b) subw    t3, ra, sp
core   0: 1 0x0000000080004d46 (0x40208e3b) x28 0xffffffff80004015
core   0: 0x0000000080004d4a (0xd03df4d3) fcvt.s.lu fs1, s11
core   0: 1 0x0000000080004d4a (0xd03df4d3) c1_fflags 0x0000000000000011 f9  0xffffffff5f800000
core   0: 0x0000000080004d4e (0x2aff8dd3) fmin.d  fs11, ft11, fa5
core   0: 1 0x0000000080004d4e (0x2aff8dd3) f27 0x7ff8000000000000
core   0: 0x0000000080004d52 (0x0385f053) fadd.d  ft0, fa1, fs8
core   0: 1 0x0000000080004d52 (0x0385f053) f0  0x7ff8000000000000
core   0: 0x0000000080004d56 (0x420586d3) fcvt.d.s fa3, fa1
core   0: 1 0x0000000080004d56 (0x420586d3) f13 0x7ff8000000000000
core   0: 0x0000000080004d5a (0x152cc197) auipc   gp, 0x152cc
core   0: 1 0x0000000080004d5a (0x152cc197) x3  0x00000000952d0d5a
core   0: 0x0000000080004d5e (0x00b673b3) and     t2, a2, a1
core   0: 1 0x0000000080004d5e (0x00b673b3) x7  0x0000000000000000
core   0: 0x0000000080004d62 (0x40ec01bb) subw    gp, s8, a4
core   0: 1 0x0000000080004d62 (0x40ec01bb) x3  0x0000000000000002
core   0: 0x0000000080004d66 (0x003090b3) sll     ra, ra, gp
core   0: 1 0x0000000080004d66 (0x003090b3) x1  0x0000000200010050
core   0: 0x0000000080004d6a (0x9fc5f993) andi    s3, a1, -1540
core   0: 1 0x0000000080004d6a (0x9fc5f993) x19 0x000000003106a8f0
core   0: 0x0000000080004d6e (0x4040d03b) sraw    zero, ra, tp
core   0: 1 0x0000000080004d6e (0x4040d03b)
core   0: 0x0000000080004d72 (0x4163d4b3) sra     s1, t2, s6
core   0: 1 0x0000000080004d72 (0x4163d4b3) x9  0x0000000000000000
core   0: 0x0000000080004d76 (0xc21c7653) fcvt.wu.d a2, fs8
core   0: 1 0x0000000080004d76 (0xc21c7653) x12 0x0000000000000000
core   0: 0x0000000080004d7a (0x5a027ed3) fsqrt.d ft9, ft4
core   0: 1 0x0000000080004d7a (0x5a027ed3) f29 0x0000000000000000
core   0: 0x0000000080004d7e (0x303a6af3) csrrsi  s5, mideleg, 20
core   0: exception trap_illegal_instruction, epc 0x0000000080004d7e
core   0:           tval 0x00000000303a6af3
core   0: >>>>  $xrv64i2p1_m2p0_a2p1_f2p2_d2p2_zicsr2p0_zifencei2p0_zmmul1p0_zba1p0_zbb1p0_zbc1p0_zbs1p0
core   0: 0x0000000080004000 (0x0080006f) j       pc + 0x8
core   0: 3 0x0000000080004000 (0x0080006f)
core   0: >>>>  mmode_exception_handler
core   0: 0x0000000080004008 (0x00002c17) auipc   s8, 0x2
core   0: 3 0x0000000080004008 (0x00002c17) x24 0x0000000080006008
core   0: 0x000000008000400c (0x00ac0c13) addi    s8, s8, 10
core   0: 3 0x000000008000400c (0x00ac0c13) x24 0x0000000080006012
core   0: 0x0000000080004010 (0x000c00e7) jalr    s8
core   0: 3 0x0000000080004010 (0x000c00e7) x1  0x0000000080004014
core   0: >>>>  any_handler
core   0: 0x0000000080006012 (0x341027f3) csrrs   a5, mepc, zero
core   0: 3 0x0000000080006012 (0x341027f3) x15 0x0000000080004d7e
core   0: 0x0000000080006016 (0x34202773) csrrs   a4, mcause, zero
core   0: 3 0x0000000080006016 (0x34202773) x14 0x0000000000000002
core   0: 0x000000008000601a (0x142026f3) csrrs   a3, scause, zero
core   0: 3 0x000000008000601a (0x142026f3) x13 0x0000000000000000
core   0: 0x000000008000601e (0x30402673) csrrs   a2, mie, zero
core   0: 3 0x000000008000601e (0x30402673) x12 0x0000000000000a00
core   0: 0x0000000080006022 (0x344025f3) csrrs   a1, mip, zero
core   0: 3 0x0000000080006022 (0x344025f3) x11 0x0000000000000080
core   0: 0x0000000080006026 (0x343025f3) csrrs   a1, mtval, zero
core   0: 3 0x0000000080006026 (0x343025f3) x11 0x00000000303a6af3
core   0: 0x000000008000602a (0x14302573) csrrs   a0, stval, zero
core   0: 3 0x000000008000602a (0x14302573) x10 0x0000000000000000
core   0: 0x000000008000602e (0xb02024f3) csrrs   s1, minstret, zero
core   0: 3 0x000000008000602e (0xb02024f3) x9  0x0000000000000c23
core   0: 0x0000000080006032 (0x0000a811) c.j     pc + 20
core   0: 3 0x0000000080006032 (0xa811)
core   0: >>>>  mepc_4
core   0: 0x0000000080006046 (0x00000791) c.addi  a5, 4
core   0: 3 0x0000000080006046 (0x0791) x15 0x0000000080004d82
core   0: 0x0000000080006048 (0x34179073) csrrw   zero, mepc, a5
core   0: 3 0x0000000080006048 (0x34179073) c833_mepc 0x0000000080004d82
core   0: 0x000000008000604c (0x30200073) mret
core   0: 3 0x000000008000604c (0x30200073) c768_mstatus 0x8000000a00106080
core   0: 0x0000000080004d82 (0x2a420253) fmin.d  ft4, ft4, ft4
core   0: 1 0x0000000080004d82 (0x2a420253) f4  0x0000000000000000
core   0: 0x0000000080004d86 (0xc213fa53) fcvt.wu.d s4, ft7
core   0: 1 0x0000000080004d86 (0xc213fa53) c1_fflags 0x0000000000000011 x20 0xffffffffffffffff
core   0: 0x0000000080004d8a (0xa2438053) fle.d   zero, ft7, ft4
core   0: 1 0x0000000080004d8a (0xa2438053) c1_fflags 0x0000000000000011
core   0: 0x0000000080004d8e (0x0c453337) lui     t1, 0xc453
core   0: 1 0x0000000080004d8e (0x0c453337) x6  0x000000000c453000
core   0: 0x0000000080004d92 (0x00102373) csrrs   t1, fflags, zero
core   0: 1 0x0000000080004d92 (0x00102373) x6  0x0000000000000011
core   0: 0x0000000080004d96 (0x01ce54bb) srlw    s1, t3, t3
core   0: 1 0x0000000080004d96 (0x01ce54bb) x9  0x0000000000000400
core   0: 0x0000000080004d9a (0x0b7bfbd3) fsub.d  fs7, fs7, fs7
core   0: 1 0x0000000080004d9a (0x0b7bfbd3) f23 0x7ff8000000000000
core   0: 0x0000000080004d9e (0x02ddfeb3) remu    t4, s11, a3
core   0: 1 0x0000000080004d9e (0x02ddfeb3) x29 0xfffffffffffffa08
core   0: 0x0000000080004da2 (0xc01dd173) csrrwi  sp, time, 27
core   0: exception trap_illegal_instruction, epc 0x0000000080004da2
core   0:           tval 0x00000000c01dd173
core   0: >>>>  $xrv64i2p1_m2p0_a2p1_f2p2_d2p2_zicsr2p0_zifencei2p0_zmmul1p0_zba1p0_zbb1p0_zbc1p0_zbs1p0
core   0: 0x0000000080004000 (0x0080006f) j       pc + 0x8
core   0: 3 0x0000000080004000 (0x0080006f)
core   0: >>>>  mmode_exception_handler
core   0: 0x0000000080004008 (0x00002c17) auipc   s8, 0x2
core   0: 3 0x0000000080004008 (0x00002c17) x24 0x0000000080006008
core   0: 0x000000008000400c (0x00ac0c13) addi    s8, s8, 10
core   0: 3 0x000000008000400c (0x00ac0c13) x24 0x0000000080006012
core   0: 0x0000000080004010 (0x000c00e7) jalr    s8
core   0: 3 0x0000000080004010 (0x000c00e7) x1  0x0000000080004014
core   0: >>>>  any_handler
core   0: 0x0000000080006012 (0x341027f3) csrrs   a5, mepc, zero
core   0: 3 0x0000000080006012 (0x341027f3) x15 0x0000000080004da2
core   0: 0x0000000080006016 (0x34202773) csrrs   a4, mcause, zero
core   0: 3 0x0000000080006016 (0x34202773) x14 0x0000000000000002
core   0: 0x000000008000601a (0x142026f3) csrrs   a3, scause, zero
core   0: 3 0x000000008000601a (0x142026f3) x13 0x0000000000000000
core   0: 0x000000008000601e (0x30402673) csrrs   a2, mie, zero
core   0: 3 0x000000008000601e (0x30402673) x12 0x0000000000000a00
core   0: 0x0000000080006022 (0x344025f3) csrrs   a1, mip, zero
core   0: 3 0x0000000080006022 (0x344025f3) x11 0x0000000000000080
core   0: 0x0000000080006026 (0x343025f3) csrrs   a1, mtval, zero
core   0: 3 0x0000000080006026 (0x343025f3) x11 0x00000000c01dd173
core   0: 0x000000008000602a (0x14302573) csrrs   a0, stval, zero
core   0: 3 0x000000008000602a (0x14302573) x10 0x0000000000000000
core   0: 0x000000008000602e (0xb02024f3) csrrs   s1, minstret, zero
core   0: 3 0x000000008000602e (0xb02024f3) x9  0x0000000000000c3b
core   0: 0x0000000080006032 (0x0000a811) c.j     pc + 20
core   0: 3 0x0000000080006032 (0xa811)
core   0: >>>>  mepc_4
core   0: 0x0000000080006046 (0x00000791) c.addi  a5, 4
core   0: 3 0x0000000080006046 (0x0791) x15 0x0000000080004da6
core   0: 0x0000000080006048 (0x34179073) csrrw   zero, mepc, a5
core   0: 3 0x0000000080006048 (0x34179073) c833_mepc 0x0000000080004da6
core   0: 0x000000008000604c (0x30200073) mret
core   0: 3 0x000000008000604c (0x30200073) c768_mstatus 0x8000000a00106080
core   0: 0x0000000080004da6 (0xc225f753) fcvt.l.d a4, fa1
core   0: 1 0x0000000080004da6 (0xc225f753) c1_fflags 0x0000000000000011 x14 0x7fffffffffffffff
core   0: 0x0000000080004daa (0x027c8333) mul     t1, s9, t2
core   0: 1 0x0000000080004daa (0x027c8333) x6  0x0000000000000000
core   0: 0x0000000080004dae (0x01ad1c3b) sllw    s8, s10, s10
core   0: 1 0x0000000080004dae (0x01ad1c3b) x24 0xffffffff80000000
core   0: 0x0000000080004db2 (0xc03bf0d3) fcvt.lu.s ra, fs7
core   0: 1 0x0000000080004db2 (0xc03bf0d3) c1_fflags 0x0000000000000011 x1  0xffffffffffffffff
core   0: 0x0000000080004db6 (0xfca014b7) lui     s1, 0xfca01
core   0: 1 0x0000000080004db6 (0xfca014b7) x9  0xfffffffffca01000
core   0: 0x0000000080004dba (0xf834849b) addiw   s1, s1, -125
core   0: 1 0x0000000080004dba (0xf834849b) x9  0xfffffffffca00f83
core   0: 0x0000000080004dbe (0x000004b2) c.slli  s1, 12
core   0: 1 0x0000000080004dbe (0x04b2) x9  0xffffffca00f83000
core   0: 0x0000000080004dc0 (0x8c348493) addi    s1, s1, -1853
core   0: 1 0x0000000080004dc0 (0x8c348493) x9  0xffffffca00f828c3
core   0: 0x0000000080004dc4 (0x8642f593) andi    a1, t0, -1948
core   0: 1 0x0000000080004dc4 (0x8642f593) x11 0xffffffff80000000
core   0: 0x0000000080004dc8 (0xd21c8dd3) fcvt.d.wu fs11, s9
core   0: 1 0x0000000080004dc8 (0xd21c8dd3) f27 0x41efffc000400000
core   0: 0x0000000080004dcc (0xd23074d3) fcvt.d.lu fs1, zero
core   0: 1 0x0000000080004dcc (0xd23074d3) f9  0x0000000000000000
core   0: 0x0000000080004dd0 (0x0ac9fcd3) fsub.d  fs9, fs3, fa2
core   0: 1 0x0000000080004dd0 (0x0ac9fcd3) f25 0x7ff8000000000000
core   0: 0x0000000080004dd4 (0x001090f3) csrrw   ra, fflags, ra
core   0: 1 0x0000000080004dd4 (0x001090f3) x1  0x0000000000000011 c1_fflags 0x000000000000001f
core   0: 0x0000000080004dd8 (0x37704013) xori    zero, zero, 887
core   0: 1 0x0000000080004dd8 (0x37704013)
core   0: 0x0000000080004ddc (0x2f6d6d13) ori     s10, s10, 758
core   0: 1 0x0000000080004ddc (0x2f6d6d13) x26 0xffffffffffffffff
core   0: 0x0000000080004de0 (0x03425393) srli    t2, tp, 52
core   0: 1 0x0000000080004de0 (0x03425393) x7  0x0000000000000fff
core   0: 0x0000000080004de4 (0x034bfa33) remu    s4, s7, s4
core   0: 1 0x0000000080004de4 (0x034bfa33) x20 0x7ffffffffffe0000
core   0: 0x0000000080004de8 (0x01095e33) srl     t3, s2, a6
core   0: 1 0x0000000080004de8 (0x01095e33) x28 0x0000000000000000
core   0: 0x0000000080004dec (0x0133d3b3) srl     t2, t2, s3
core   0: 1 0x0000000080004dec (0x0133d3b3) x7  0x0000000000000000
core   0: 0x0000000080004df0 (0x0009941b) slliw   s0, s3, 0
core   0: 1 0x0000000080004df0 (0x0009941b) x8  0x000000003106a8f0
core   0: 0x0000000080004df4 (0x4110dbbb) sraw    s7, ra, a7
core   0: 1 0x0000000080004df4 (0x4110dbbb) x23 0x0000000000000000
core   0: 0x0000000080004df8 (0x12cd7ed3) fmul.d  ft9, fs10, fa2
core   0: 1 0x0000000080004df8 (0x12cd7ed3) f29 0x7ff8000000000000
core   0: 0x0000000080004dfc (0xd21a04d3) fcvt.d.wu fs1, s4
core   0: 1 0x0000000080004dfc (0xd21a04d3) f9  0x41efffc000000000
core   0: 0x0000000080004e00 (0x00271a73) csrrw   s4, frm, a4
core   0: 1 0x0000000080004e00 (0x00271a73) x20 0x0000000000000000 c2_frm 0x0000000000000007
core   0: 0x0000000080004e04 (0x00a84633) xor     a2, a6, a0
core   0: 1 0x0000000080004e04 (0x00a84633) x12 0xffffffffffffffff
core   0: 0x0000000080004e08 (0x222688d3) fsgnj.d fa7, fa3, ft2
core   0: 1 0x0000000080004e08 (0x222688d3) f17 0xfff8000000000000
core   0: 0x0000000080004e0c (0x004622b3) slt     t0, a2, tp
core   0: 1 0x0000000080004e0c (0x004622b3) x5  0x0000000000000000
core   0: 0x0000000080004e10 (0x025e60b3) rem     ra, t3, t0
core   0: 1 0x0000000080004e10 (0x025e60b3) x1  0x0000000000000000
core   0: 0x0000000080004e14 (0x004d1233) sll     tp, s10, tp
core   0: 1 0x0000000080004e14 (0x004d1233) x4  0xc000000000000000
core   0: 0x0000000080004e18 (0x03044033) div     zero, s0, a6
core   0: 1 0x0000000080004e18 (0x03044033)
core   0: 0x0000000080004e1c (0x40147253) fcvt.s.d ft4, fs0
core   0: exception trap_illegal_instruction, epc 0x0000000080004e1c
core   0:           tval 0x0000000040147253
core   0: >>>>  $xrv64i2p1_m2p0_a2p1_f2p2_d2p2_zicsr2p0_zifencei2p0_zmmul1p0_zba1p0_zbb1p0_zbc1p0_zbs1p0
core   0: 0x0000000080004000 (0x0080006f) j       pc + 0x8
core   0: 3 0x0000000080004000 (0x0080006f)
core   0: >>>>  mmode_exception_handler
core   0: 0x0000000080004008 (0x00002c17) auipc   s8, 0x2
core   0: 3 0x0000000080004008 (0x00002c17) x24 0x0000000080006008
core   0: 0x000000008000400c (0x00ac0c13) addi    s8, s8, 10
core   0: 3 0x000000008000400c (0x00ac0c13) x24 0x0000000080006012
core   0: 0x0000000080004010 (0x000c00e7) jalr    s8
core   0: 3 0x0000000080004010 (0x000c00e7) x1  0x0000000080004014
core   0: >>>>  any_handler
core   0: 0x0000000080006012 (0x341027f3) csrrs   a5, mepc, zero
core   0: 3 0x0000000080006012 (0x341027f3) x15 0x0000000080004e1c
core   0: 0x0000000080006016 (0x34202773) csrrs   a4, mcause, zero
core   0: 3 0x0000000080006016 (0x34202773) x14 0x0000000000000002
core   0: 0x000000008000601a (0x142026f3) csrrs   a3, scause, zero
core   0: 3 0x000000008000601a (0x142026f3) x13 0x0000000000000000
core   0: 0x000000008000601e (0x30402673) csrrs   a2, mie, zero
core   0: 3 0x000000008000601e (0x30402673) x12 0x0000000000000a00
core   0: 0x0000000080006022 (0x344025f3) csrrs   a1, mip, zero
core   0: 3 0x0000000080006022 (0x344025f3) x11 0x0000000000000080
core   0: 0x0000000080006026 (0x343025f3) csrrs   a1, mtval, zero
core   0: 3 0x0000000080006026 (0x343025f3) x11 0x0000000040147253
core   0: 0x000000008000602a (0x14302573) csrrs   a0, stval, zero
core   0: 3 0x000000008000602a (0x14302573) x10 0x0000000000000000
core   0: 0x000000008000602e (0xb02024f3) csrrs   s1, minstret, zero
core   0: 3 0x000000008000602e (0xb02024f3) x9  0x0000000000000c69
core   0: 0x0000000080006032 (0x0000a811) c.j     pc + 20
core   0: 3 0x0000000080006032 (0xa811)
core   0: >>>>  mepc_4
core   0: 0x0000000080006046 (0x00000791) c.addi  a5, 4
core   0: 3 0x0000000080006046 (0x0791) x15 0x0000000080004e20
core   0: 0x0000000080006048 (0x34179073) csrrw   zero, mepc, a5
core   0: 3 0x0000000080006048 (0x34179073) c833_mepc 0x0000000080004e20
core   0: 0x000000008000604c (0x30200073) mret
core   0: 3 0x000000008000604c (0x30200073) c768_mstatus 0x8000000a00106080
core   0: 0x0000000080004e20 (0x017cde3b) srlw    t3, s9, s7
core   0: 1 0x0000000080004e20 (0x017cde3b) x28 0xfffffffffffe0002
core   0: 0x0000000080004e24 (0xf20c8bd3) fmv.d.x fs7, s9
core   0: 1 0x0000000080004e24 (0xf20c8bd3) f23 0xfffffffffffe0002
core   0: 0x0000000080004e28 (0x2a1912d3) fmax.d  ft5, fs2, ft1
core   0: 1 0x0000000080004e28 (0x2a1912d3) f5  0x41efffffffe00000
core   0: 0x0000000080004e2c (0x4031d833) sra     a6, gp, gp
core   0: 1 0x0000000080004e2c (0x4031d833) x16 0x0000000000000000
core   0: 0x0000000080004e30 (0x420f0453) fcvt.d.s fs0, ft10
core   0: 1 0x0000000080004e30 (0x420f0453) f8  0x7ff8000000000000
core   0: 0x0000000080004e34 (0x0094ee33) or      t3, s1, s1
core   0: 1 0x0000000080004e34 (0x0094ee33) x28 0x0000000000000c69
core   0: 0x0000000080004e38 (0xc03dfed3) fcvt.lu.s t4, fs11
core   0: exception trap_illegal_instruction, epc 0x0000000080004e38
core   0:           tval 0x00000000c03dfed3
core   0: >>>>  $xrv64i2p1_m2p0_a2p1_f2p2_d2p2_zicsr2p0_zifencei2p0_zmmul1p0_zba1p0_zbb1p0_zbc1p0_zbs1p0
core   0: 0x0000000080004000 (0x0080006f) j       pc + 0x8
core   0: 3 0x0000000080004000 (0x0080006f)
core   0: >>>>  mmode_exception_handler
core   0: 0x0000000080004008 (0x00002c17) auipc   s8, 0x2
core   0: 3 0x0000000080004008 (0x00002c17) x24 0x0000000080006008
core   0: 0x000000008000400c (0x00ac0c13) addi    s8, s8, 10
core   0: 3 0x000000008000400c (0x00ac0c13) x24 0x0000000080006012
core   0: 0x0000000080004010 (0x000c00e7) jalr    s8
core   0: 3 0x0000000080004010 (0x000c00e7) x1  0x0000000080004014
core   0: >>>>  any_handler
core   0: 0x0000000080006012 (0x341027f3) csrrs   a5, mepc, zero
core   0: 3 0x0000000080006012 (0x341027f3) x15 0x0000000080004e38
core   0: 0x0000000080006016 (0x34202773) csrrs   a4, mcause, zero
core   0: 3 0x0000000080006016 (0x34202773) x14 0x0000000000000002
core   0: 0x000000008000601a (0x142026f3) csrrs   a3, scause, zero
core   0: 3 0x000000008000601a (0x142026f3) x13 0x0000000000000000
core   0: 0x000000008000601e (0x30402673) csrrs   a2, mie, zero
core   0: 3 0x000000008000601e (0x30402673) x12 0x0000000000000a00
core   0: 0x0000000080006022 (0x344025f3) csrrs   a1, mip, zero
core   0: 3 0x0000000080006022 (0x344025f3) x11 0x0000000000000080
core   0: 0x0000000080006026 (0x343025f3) csrrs   a1, mtval, zero
core   0: 3 0x0000000080006026 (0x343025f3) x11 0x00000000c03dfed3
core   0: 0x000000008000602a (0x14302573) csrrs   a0, stval, zero
core   0: 3 0x000000008000602a (0x14302573) x10 0x0000000000000000
core   0: 0x000000008000602e (0xb02024f3) csrrs   s1, minstret, zero
core   0: 3 0x000000008000602e (0xb02024f3) x9  0x0000000000000c7f
core   0: 0x0000000080006032 (0x0000a811) c.j     pc + 20
core   0: 3 0x0000000080006032 (0xa811)
core   0: >>>>  mepc_4
core   0: 0x0000000080006046 (0x00000791) c.addi  a5, 4
core   0: 3 0x0000000080006046 (0x0791) x15 0x0000000080004e3c
core   0: 0x0000000080006048 (0x34179073) csrrw   zero, mepc, a5
core   0: 3 0x0000000080006048 (0x34179073) c833_mepc 0x0000000080004e3c
core   0: 0x000000008000604c (0x30200073) mret
core   0: 3 0x000000008000604c (0x30200073) c768_mstatus 0x8000000a00106080
core   0: 0x0000000080004e3c (0x00140b3b) addw    s6, s0, ra
core   0: 1 0x0000000080004e3c (0x00140b3b) x22 0xffffffffb106e904
core   0: 0x0000000080004e40 (0x0064033b) addw    t1, s0, t1
core   0: 1 0x0000000080004e40 (0x0064033b) x6  0x000000003106a8f0
core   0: 0x0000000080004e44 (0x002696f3) csrrw   a3, frm, a3
core   0: 1 0x0000000080004e44 (0x002696f3) x13 0x0000000000000007 c2_frm 0x0000000000000000
core   0: 0x0000000080004e48 (0x0343ed33) rem     s10, t2, s4
core   0: 1 0x0000000080004e48 (0x0343ed33) x26 0x0000000000000000
core   0: 0x0000000080004e4c (0xbdcb1817) auipc   a6, 0xbdcb1
core   0: 1 0x0000000080004e4c (0xbdcb1817) x16 0x000000003dcb5e4c
core   0: 0x0000000080004e50 (0x03284e3b) divw    t3, a6, s2
core   0: 1 0x0000000080004e50 (0x03284e3b) x28 0xffffffffc234a1b4
core   0: 0x0000000080004e54 (0x235993d3) fsgnjn.d ft7, fs3, fs5
core   0: 1 0x0000000080004e54 (0x235993d3) f7  0xfff8000000000000
core   0: 0x0000000080004e58 (0x0010fc93) andi    s9, ra, 1
core   0: 1 0x0000000080004e58 (0x0010fc93) x25 0x0000000000000000
core   0: 0x0000000080004e5c (0xd2257d53) fcvt.d.l fs10, a0
core   0: 1 0x0000000080004e5c (0xd2257d53) f26 0x0000000000000000
core   0: 0x0000000080004e60 (0x9a1e7b93) andi    s7, t3, -1631
core   0: 1 0x0000000080004e60 (0x9a1e7b93) x23 0xffffffffc234a1a0
core   0: 0x0000000080004e64 (0x011cf5b3) and     a1, s9, a7
core   0: 1 0x0000000080004e64 (0x011cf5b3) x11 0x0000000000000000
core   0: 0x0000000080004e68 (0x03027253) fadd.d  ft4, ft4, fa6
core   0: 1 0x0000000080004e68 (0x03027253) f4  0x0000000000000000
core   0: 0x0000000080004e6c (0x02f667b3) rem     a5, a2, a5
core   0: 1 0x0000000080004e6c (0x02f667b3) x15 0x0000000000000a00
core   0: 0x0000000080004e70 (0xc226fb53) fcvt.l.d s6, fa3
core   0: 1 0x0000000080004e70 (0xc226fb53) c1_fflags 0x000000000000001f x22 0x7fffffffffffffff
core   0: 0x0000000080004e74 (0x01601e33) sll     t3, zero, s6
core   0: 1 0x0000000080004e74 (0x01601e33) x28 0x0000000000000000
core   0: 0x0000000080004e78 (0x035282bb) mulw    t0, t0, s5
core   0: 1 0x0000000080004e78 (0x035282bb) x5  0x0000000000000000
core   0: 0x0000000080004e7c (0x5a0875d3) fsqrt.d fa1, fa6
core   0: 1 0x0000000080004e7c (0x5a0875d3) f11 0x0000000000000000
core   0: 0x0000000080004e80 (0x005d03bb) addw    t2, s10, t0
core   0: 1 0x0000000080004e80 (0x005d03bb) x7  0x0000000000000000
core   0: 0x0000000080004e84 (0x8fc43b37) lui     s6, 0x8fc43
core   0: 1 0x0000000080004e84 (0x8fc43b37) x22 0xffffffff8fc43000
core   0: 0x0000000080004e88 (0x012381bb) addw    gp, t2, s2
core   0: 1 0x0000000080004e88 (0x012381bb) x3  0xffffffffffffffff
core   0: 0x0000000080004e8c (0x0173db9b) srliw   s7, t2, 23
core   0: 1 0x0000000080004e8c (0x0173db9b) x23 0x0000000000000000
core   0: 0x0000000080004e90 (0x018ddc3b) srlw    s8, s11, s8
core   0: 1 0x0000000080004e90 (0x018ddc3b) x24 0x0000000000003fff
core   0: 0x0000000080004e94 (0x409a00b3) sub     ra, s4, s1
core   0: 1 0x0000000080004e94 (0x409a00b3) x1  0xfffffffffffff381
core   0: 0x0000000080004e98 (0x012a96bb) sllw    a3, s5, s2
core   0: 1 0x0000000080004e98 (0x012a96bb) x13 0xffffffff80000000
core   0: 0x0000000080004e9c (0xa295a753) feq.d   a4, fa1, fs1
core   0: 1 0x0000000080004e9c (0xa295a753) x14 0x0000000000000000
core   0: 0x0000000080004ea0 (0x00102873) csrrs   a6, fflags, zero
core   0: 1 0x0000000080004ea0 (0x00102873) x16 0x000000000000001f
core   0: 0x0000000080004ea4 (0x420087d3) fcvt.d.s fa5, ft1
core   0: 1 0x0000000080004ea4 (0x420087d3) f15 0x7ff8000000000000
core   0: 0x0000000080004ea8 (0xc027fcd3) fcvt.l.s s9, fa5
core   0: 1 0x0000000080004ea8 (0xc027fcd3) c1_fflags 0x000000000000001f x25 0x7fffffffffffffff
core   0: 0x0000000080004eac (0x034827b3) mulhsu  a5, a6, s4
core   0: 1 0x0000000080004eac (0x034827b3) x15 0x0000000000000000
core   0: 0x0000000080004eb0 (0x0327893b) mulw    s2, a5, s2
core   0: 1 0x0000000080004eb0 (0x0327893b) x18 0x0000000000000000
core   0: 0x0000000080004eb4 (0x00d11c3b) sllw    s8, sp, a3
core   0: 1 0x0000000080004eb4 (0x00d11c3b) x24 0xffffffffffffffff
core   0: 0x0000000080004eb8 (0x00009d9e) c.add   s11, t2
core   0: 1 0x0000000080004eb8 (0x9d9e) x27 0xfffffffffffffa08
core   0: 0x0000000080004eba (0xa2b70d53) fle.d   s10, fa4, fa1
core   0: 1 0x0000000080004eba (0xa2b70d53) x26 0x0000000000000000
core   0: 0x0000000080004ebe (0x0152dab3) srl     s5, t0, s5
core   0: 1 0x0000000080004ebe (0x0152dab3) x21 0x0000000000000000
core   0: 0x0000000080004ec2 (0x00ead73b) srlw    a4, s5, a4
core   0: 1 0x0000000080004ec2 (0x00ead73b) x14 0x0000000000000000
core   0: 0x0000000080004ec6 (0x02630bb3) mul     s7, t1, t1
core   0: 1 0x0000000080004ec6 (0x02630bb3) x23 0x09638cd83abbe100
core   0: 0x0000000080004eca (0x000030fd) c.addiw ra, -1
core   0: 1 0x0000000080004eca (0x30fd) x1  0xfffffffffffff380
core   0: 0x0000000080004ecc (0x5a057853) fsqrt.d fa6, fa0
core   0: 1 0x0000000080004ecc (0x5a057853) f16 0x0000000000000000
core   0: 0x0000000080004ed0 (0x014a6cb3) or      s9, s4, s4
core   0: 1 0x0000000080004ed0 (0x014a6cb3) x25 0x0000000000000000
core   0: 0x0000000080004ed4 (0x00318dbb) addw    s11, gp, gp
core   0: 1 0x0000000080004ed4 (0x00318dbb) x27 0xfffffffffffffffe
core   0: 0x0000000080004ed8 (0x024aa0b3) mulhsu  ra, s5, tp
core   0: 1 0x0000000080004ed8 (0x024aa0b3) x1  0x0000000000000000
core   0: 0x0000000080004edc (0x01d5eeb3) or      t4, a1, t4
core   0: 1 0x0000000080004edc (0x01d5eeb3) x29 0xfffffffffffffa08
core   0: 0x0000000080004ee0 (0xc218fd53) fcvt.wu.d s10, fa7
core   0: 1 0x0000000080004ee0 (0xc218fd53) c1_fflags 0x000000000000001f x26 0xffffffffffffffff
core   0: 0x0000000080004ee4 (0x2a8b1053) fmax.d  ft0, fs6, fs0
core   0: 1 0x0000000080004ee4 (0x2a8b1053) f0  0x7ff8000000000000
core   0: 0x0000000080004ee8 (0x40b7d5bb) sraw    a1, a5, a1
core   0: 1 0x0000000080004ee8 (0x40b7d5bb) x11 0x0000000000000000
core   0: 0x0000000080004eec (0xc0347ed3) fcvt.lu.s t4, fs0
core   0: 1 0x0000000080004eec (0xc0347ed3) c1_fflags 0x000000000000001f x29 0xffffffffffffffff
core   0: 0x0000000080004ef0 (0x5a08f3d3) fsqrt.d ft7, fa7
core   0: 1 0x0000000080004ef0 (0x5a08f3d3) f7  0x7ff8000000000000
core   0: 0x0000000080004ef4 (0xe2038853) fmv.x.d a6, ft7
core   0: 1 0x0000000080004ef4 (0xe2038853) x16 0x7ff8000000000000
core   0: 0x0000000080004ef8 (0x120979d3) fmul.d  fs3, fs2, ft0
core   0: 1 0x0000000080004ef8 (0x120979d3) f19 0x7ff8000000000000
core   0: 0x0000000080004efc (0x8c83ecb7) lui     s9, 0x8c83e
core   0: 1 0x0000000080004efc (0x8c83ecb7) x25 0xffffffff8c83e000
core   0: 0x0000000080004f00 (0x0002023b) addw    tp, tp, zero
core   0: 1 0x0000000080004f00 (0x0002023b) x4  0x0000000000000000
core   0: 0x0000000080004f04 (0x5a0f7a53) fsqrt.d fs4, ft10
core   0: 1 0x0000000080004f04 (0x5a0f7a53) c1_fflags 0x000000000000001f f20 0x7ff8000000000000
core   0: 0x0000000080004f08 (0xd021f553) fcvt.s.l fa0, gp
core   0: 1 0x0000000080004f08 (0xd021f553) f10 0xffffffffbf800000
core   0: 0x0000000080004f0c (0xda9dfdcb) fnmsub.d fs11, fs11, fs1, fs11
core   0: 1 0x0000000080004f0c (0xda9dfdcb) c1_fflags 0x000000000000001f f27 0xc3efff80009fffc0
core   0: 0x0000000080004f10 (0x42a1f5c7) fmsub.d fa1, ft3, fa0, fs0
core   0: 1 0x0000000080004f10 (0x42a1f5c7) f11 0x7ff8000000000000
core   0: 0x0000000080004f14 (0x01fb1b1b) slliw   s6, s6, 31
core   0: 1 0x0000000080004f14 (0x01fb1b1b) x22 0x0000000000000000
core   0: 0x0000000080004f18 (0x013d9d33) sll     s10, s11, s3
core   0: 1 0x0000000080004f18 (0x013d9d33) x26 0xfffe000000000000
core   0: 0x0000000080004f1c (0x0000fb93) andi    s7, ra, 0
core   0: 1 0x0000000080004f1c (0x0000fb93) x23 0x0000000000000000
core   0: 0x0000000080004f20 (0x2a461253) fmax.d  ft4, fa2, ft4
core   0: 1 0x0000000080004f20 (0x2a461253) f4  0x0000000000000000
core   0: 0x0000000080004f24 (0xd03d7bd3) fcvt.s.lu fs7, s10
core   0: 1 0x0000000080004f24 (0xd03d7bd3) f23 0xffffffff5f7ffe00
core   0: 0x0000000080004f28 (0xd20b02d3) fcvt.d.w ft5, s6
core   0: 1 0x0000000080004f28 (0xd20b02d3) f5  0x0000000000000000
core   0: 0x0000000080004f2c (0x8f290c1b) addiw   s8, s2, -1806
core   0: 1 0x0000000080004f2c (0x8f290c1b) x24 0xfffffffffffff8f2
core   0: 0x0000000080004f30 (0x02cc0733) mul     a4, s8, a2
core   0: 1 0x0000000080004f30 (0x02cc0733) x14 0xffffffffffb97400
core   0: 0x0000000080004f34 (0xc220f6d3) fcvt.l.d a3, ft1
core   0: 1 0x0000000080004f34 (0xc220f6d3) x13 0x00000000ffffffff
core   0: 0x0000000080004f38 (0x64176493) ori     s1, a4, 1601
core   0: 1 0x0000000080004f38 (0x64176493) x9  0xffffffffffb97641
core   0: 0x0000000080004f3c (0x00ac1d3b) sllw    s10, s8, a0
core   0: 1 0x0000000080004f3c (0x00ac1d3b) x26 0xfffffffffffff8f2
core   0: 0x0000000080004f40 (0xb6eafb13) andi    s6, s5, -1170
core   0: 1 0x0000000080004f40 (0xb6eafb13) x22 0x0000000000000000
core   0: 0x0000000080004f44 (0xc0217453) fcvt.l.s s0, ft2
core   0: 1 0x0000000080004f44 (0xc0217453) c1_fflags 0x000000000000001f x8  0x7fffffffffffffff
core   0: 0x0000000080004f48 (0x2318aa53) fsgnjx.d fs4, fa7, fa7
core   0: 1 0x0000000080004f48 (0x2318aa53) f20 0x7ff8000000000000
core   0: 0x0000000080004f4c (0x11b27213) andi    tp, tp, 283
core   0: 1 0x0000000080004f4c (0x11b27213) x4  0x0000000000000000
core   0: 0x0000000080004f50 (0x03002333) mulhsu  t1, zero, a6
core   0: 1 0x0000000080004f50 (0x03002333) x6  0x0000000000000000
core   0: 0x0000000080004f54 (0x4004da1b) sraiw   s4, s1, 0
core   0: 1 0x0000000080004f54 (0x4004da1b) x20 0xffffffffffb97641
core   0: 0x0000000080004f58 (0x22921953) fsgnjn.d fs2, ft4, fs1
core   0: 1 0x0000000080004f58 (0x22921953) f18 0x8000000000000000
core   0: 0x0000000080004f5c (0x0238db33) divu    s6, a7, gp
core   0: 1 0x0000000080004f5c (0x0238db33) x22 0x0000000000000000
core   0: 0x0000000080004f60 (0x0ff0000f) fence   iorw,iorw
core   0: 1 0x0000000080004f60 (0x0ff0000f)
core   0: 0x0000000080004f64 (0xd23dfbd3) fcvt.d.lu fs7, s11
core   0: 1 0x0000000080004f64 (0xd23dfbd3) c1_fflags 0x000000000000001f f23 0x43f0000000000000
core   0: 0x0000000080004f68 (0x000eeb93) ori     s7, t4, 0
core   0: 1 0x0000000080004f68 (0x000eeb93) x23 0xffffffffffffffff
core   0: 0x0000000080004f6c (0x0048d1b3) srl     gp, a7, tp
core   0: 1 0x0000000080004f6c (0x0048d1b3) x3  0xfffffffffc50177c
core   0: 0x0000000080004f70 (0xa1e7879b) addiw   a5, a5, -1506
core   0: 1 0x0000000080004f70 (0xa1e7879b) x15 0xfffffffffffffa1e
core   0: 0x0000000080004f74 (0x7ff77313) andi    t1, a4, 2047
core   0: 1 0x0000000080004f74 (0x7ff77313) x6  0x0000000000000400
core   0: 0x0000000080004f78 (0x00eb2533) slt     a0, s6, a4
core   0: 1 0x0000000080004f78 (0x00eb2533) x10 0x0000000000000000
core   0: 0x0000000080004f7c (0xd20403d3) fcvt.d.w ft7, s0
core   0: 1 0x0000000080004f7c (0xd20403d3) f7  0xbff0000000000000
core   0: 0x0000000080004f80 (0x1231f193) andi    gp, gp, 291
core   0: 1 0x0000000080004f80 (0x1231f193) x3  0x0000000000000120
core   0: 0x0000000080004f84 (0xfb0e4d37) lui     s10, 0xfb0e4
core   0: 1 0x0000000080004f84 (0xfb0e4d37) x26 0xfffffffffb0e4000
core   0: 0x0000000080004f88 (0xcbdd0d1b) addiw   s10, s10, -835
core   0: 1 0x0000000080004f88 (0xcbdd0d1b) x26 0xfffffffffb0e3cbd
core   0: 0x0000000080004f8c (0x00000d32) c.slli  s10, 12
core   0: 1 0x0000000080004f8c (0x0d32) x26 0xffffffb0e3cbd000
core   0: 0x0000000080004f8e (0xdfed0d13) addi    s10, s10, -514
core   0: 1 0x0000000080004f8e (0xdfed0d13) x26 0xffffffb0e3cbcdfe
core   0: 0x0000000080004f92 (0x01bd023b) addw    tp, s10, s11
core   0: 1 0x0000000080004f92 (0x01bd023b) x4  0xffffffffe3cbcdfc
core   0: 0x0000000080004f96 (0xc214f1d3) fcvt.wu.d gp, fs1
core   0: 1 0x0000000080004f96 (0xc214f1d3) x3  0xfffffffffffe0000
core   0: 0x0000000080004f9a (0x006909bb) addw    s3, s2, t1
core   0: 1 0x0000000080004f9a (0x006909bb) x19 0x0000000000000400
core   0: 0x0000000080004f9e (0x023e753b) remuw   a0, t3, gp
core   0: 1 0x0000000080004f9e (0x023e753b) x10 0x0000000000000000
core   0: 0x0000000080004fa2 (0x00299bf3) csrrw   s7, frm, s3
core   0: 1 0x0000000080004fa2 (0x00299bf3) x23 0x0000000000000000 c2_frm 0x0000000000000000
core   0: 0x0000000080004fa6 (0x01f0dd1b) srliw   s10, ra, 31
core   0: 1 0x0000000080004fa6 (0x01f0dd1b) x26 0x0000000000000000
core   0: 0x0000000080004faa (0xfffdea13) ori     s4, s11, -1
core   0: 1 0x0000000080004faa (0xfffdea13) x20 0xffffffffffffffff
core   0: 0x0000000080004fae (0xa69d0c93) addi    s9, s10, -1431
core   0: 1 0x0000000080004fae (0xa69d0c93) x25 0xfffffffffffffa69
core   0: 0x0000000080004fb2 (0xc021fc53) fcvt.l.s s8, ft3
core   0: 1 0x0000000080004fb2 (0xc021fc53) c1_fflags 0x000000000000001f x24 0x7fffffffffffffff
core   0: 0x0000000080004fb6 (0x02f7fc53) fadd.d  fs8, fa5, fa5
core   0: 1 0x0000000080004fb6 (0x02f7fc53) f24 0x7ff8000000000000
core   0: 0x0000000080004fba (0xc039fb53) fcvt.lu.s s6, fs3
core   0: 1 0x0000000080004fba (0xc039fb53) c1_fflags 0x000000000000001f x22 0xffffffffffffffff
core   0: 0x0000000080004fbe (0xe20f01d3) fmv.x.d gp, ft10
core   0: 1 0x0000000080004fbe (0xe20f01d3) x3  0xc1efffffffe00000
core   0: 0x0000000080004fc2 (0x0031ee33) or      t3, gp, gp
core   0: 1 0x0000000080004fc2 (0x0031ee33) x28 0xc1efffffffe00000
core   0: 0x0000000080004fc6 (0x02161633) mulh    a2, a2, ra
core   0: 1 0x0000000080004fc6 (0x02161633) x12 0x0000000000000000
core   0: 0x0000000080004fca (0x00783737) lui     a4, 0x783
core   0: 1 0x0000000080004fca (0x00783737) x14 0x0000000000783000
core   0: 0x0000000080004fce (0x5c57071b) addiw   a4, a4, 1477
core   0: 1 0x0000000080004fce (0x5c57071b) x14 0x00000000007835c5
core   0: 0x0000000080004fd2 (0x00000736) c.slli  a4, 13
core   0: 1 0x0000000080004fd2 (0x0736) x14 0x0000000f06b8a000
core   0: 0x0000000080004fd4 (0x03870713) addi    a4, a4, 56
core   0: 1 0x0000000080004fd4 (0x03870713) x14 0x0000000f06b8a038
core   0: 0x0000000080004fd8 (0x232b2953) fsgnjx.d fs2, fs6, fs2
core   0: 1 0x0000000080004fd8 (0x232b2953) f18 0xfff8000000000000
core   0: 0x0000000080004fdc (0x00000001) c.nop
core   0: 1 0x0000000080004fdc (0x0001)
core   0: 0x0000000080004fde (0x40137353) fcvt.s.d ft6, ft6
core   0: 1 0x0000000080004fde (0x40137353) f6  0xffffffff00000000
core   0: 0x0000000080004fe2 (0x01ec5e1b) srliw   t3, s8, 30
core   0: 1 0x0000000080004fe2 (0x01ec5e1b) x28 0x0000000000000003
core   0: 0x0000000080004fe6 (0x010161b3) or      gp, sp, a6
core   0: 1 0x0000000080004fe6 (0x010161b3) x3  0xffffffffffffffff
core   0: 0x0000000080004fea (0xd0317153) fcvt.s.lu ft2, sp
core   0: 1 0x0000000080004fea (0xd0317153) c1_fflags 0x000000000000001f f2  0xffffffff5f800000
core   0: 0x0000000080004fee (0x407ad3b3) sra     t2, s5, t2
core   0: 1 0x0000000080004fee (0x407ad3b3) x7  0x0000000000000000
core   0: 0x0000000080004ff2 (0x0142d61b) srliw   a2, t0, 20
core   0: 1 0x0000000080004ff2 (0x0142d61b) x12 0x0000000000000000
core   0: 0x0000000080004ff6 (0x022375d3) fadd.d  fa1, ft6, ft2
core   0: 1 0x0000000080004ff6 (0x022375d3) f11 0x7ff8000000000000
core   0: 0x0000000080004ffa (0x01132033) slt     zero, t1, a7
core   0: 1 0x0000000080004ffa (0x01132033)
core   0: 0x0000000080004ffe (0xc0257153) fcvt.l.s sp, fa0
core   0: 1 0x0000000080004ffe (0xc0257153) x2  0xffffffffffffffff
core   0: 0x0000000080005002 (0x02ebf63b) remuw   a2, s7, a4
core   0: 1 0x0000000080005002 (0x02ebf63b) x12 0x0000000000000000
core   0: 0x0000000080005006 (0x00135a9b) srliw   s5, t1, 1
core   0: 1 0x0000000080005006 (0x00135a9b) x21 0x0000000000000200
core   0: 0x000000008000500a (0x03be7db3) remu    s11, t3, s11
core   0: 1 0x000000008000500a (0x03be7db3) x27 0x0000000000000003
core   0: 0x000000008000500e (0x1b3b76d3) fdiv.d  fa3, fs6, fs3
core   0: 1 0x000000008000500e (0x1b3b76d3) f13 0x7ff8000000000000
core   0: 0x0000000080005012 (0x02fde7bb) remw    a5, s11, a5
core   0: 1 0x0000000080005012 (0x02fde7bb) x15 0x0000000000000003
core   0: 0x0000000080005016 (0x02fcbeb3) mulhu   t4, s9, a5
core   0: 1 0x0000000080005016 (0x02fcbeb3) x29 0x0000000000000002
core   0: 0x000000008000501a (0x030cb333) mulhu   t1, s9, a6
core   0: 1 0x000000008000501a (0x030cb333) x6  0x7ff7fffffffffd34
core   0: 0x000000008000501e (0xd2387d53) fcvt.d.lu fs10, a6
core   0: 1 0x000000008000501e (0xd2387d53) f26 0x43dffe0000000000
core   0: 0x0000000080005022 (0x2a9797d3) fmax.d  fa5, fa5, fs1
core   0: 1 0x0000000080005022 (0x2a9797d3) f15 0x41efffc000000000
core   0: 0x0000000080005026 (0x01988a3b) addw    s4, a7, s9
core   0: 1 0x0000000080005026 (0x01988a3b) x20 0xfffffffffc5011e5
core   0: 0x000000008000502a (0x00000001) c.nop
core   0: 1 0x000000008000502a (0x0001)
core   0: 0x000000008000502c (0x00202973) csrrs   s2, frm, zero
core   0: 1 0x000000008000502c (0x00202973) x18 0x0000000000000000
core   0: 0x0000000080005030 (0x00e5d8b3) srl     a7, a1, a4
core   0: 1 0x0000000080005030 (0x00e5d8b3) x17 0x0000000000000000
core   0: 0x0000000080005034 (0x2bfb01d3) fmin.d  ft3, fs6, ft11
core   0: 1 0x0000000080005034 (0x2bfb01d3) f3  0x7ff8000000000000
core   0: 0x0000000080005038 (0xc211fdd3) fcvt.wu.d s11, ft3
core   0: 1 0x0000000080005038 (0xc211fdd3) c1_fflags 0x000000000000001f x27 0xffffffffffffffff
core   0: 0x000000008000503c (0x008a91b3) sll     gp, s5, s0
core   0: 1 0x000000008000503c (0x008a91b3) x3  0x0000000000000000
core   0: 0x0000000080005040 (0xeac17ccf) fnmadd.d fs9, ft2, fa2, ft9
core   0: 1 0x0000000080005040 (0xeac17ccf) f25 0x7ff8000000000000
core   0: 0x0000000080005044 (0x00000001) c.nop
core   0: 1 0x0000000080005044 (0x0001)
core   0: 0x0000000080005046 (0x6318fa47) fmsub.d fs4, fa7, fa7, fa2
core   0: 1 0x0000000080005046 (0x6318fa47) f20 0x7ff8000000000000
core   0: 0x000000008000504a (0x202e2937) lui     s2, 0x202e2
core   0: 1 0x000000008000504a (0x202e2937) x18 0x00000000202e2000
core   0: 0x000000008000504e (0x018a2a33) slt     s4, s4, s8
core   0: 1 0x000000008000504e (0x018a2a33) x20 0x0000000000000001
core   0: 0x0000000080005052 (0x010cadb3) slt     s11, s9, a6
core   0: 1 0x0000000080005052 (0x010cadb3) x27 0x0000000000000001
core   0: 0x0000000080005056 (0x0b267953) fsub.d  fs2, fa2, fs2
core   0: 1 0x0000000080005056 (0x0b267953) f18 0x7ff8000000000000
core   0: 0x000000008000505a (0x01bb93bb) sllw    t2, s7, s11
core   0: 1 0x000000008000505a (0x01bb93bb) x7  0x0000000000000000
core   0: 0x000000008000505e (0x02838a37) lui     s4, 0x2838
core   0: 1 0x000000008000505e (0x02838a37) x20 0x0000000002838000
core   0: 0x0000000080005062 (0x147a0a1b) addiw   s4, s4, 327
core   0: 1 0x0000000080005062 (0x147a0a1b) x20 0x0000000002838147
core   0: 0x0000000080005066 (0x00000a32) c.slli  s4, 12
core   0: 1 0x0000000080005066 (0x0a32) x20 0x0000002838147000
core   0: 0x0000000080005068 (0x284a0a13) addi    s4, s4, 644
core   0: 1 0x0000000080005068 (0x284a0a13) x20 0x0000002838147284
core   0: 0x000000008000506c (0x4133d93b) sraw    s2, t2, s3
core   0: 1 0x000000008000506c (0x4133d93b) x18 0x0000000000000000
core   0: 0x0000000080005070 (0x0270ce3b) divw    t3, ra, t2
core   0: 1 0x0000000080005070 (0x0270ce3b) x28 0xffffffffffffffff
core   0: 0x0000000080005074 (0x40a7053b) subw    a0, a4, a0
core   0: 1 0x0000000080005074 (0x40a7053b) x10 0x0000000006b8a038
core   0: 0x0000000080005078 (0xd0397253) fcvt.s.lu ft4, s2
core   0: 1 0x0000000080005078 (0xd0397253) f4  0xffffffff00000000
core   0: 0x000000008000507c (0x02c91c93) slli    s9, s2, 44
core   0: 1 0x000000008000507c (0x02c91c93) x25 0x0000000000000000
core   0: 0x0000000080005080 (0x98f28d13) addi    s10, t0, -1649
core   0: 1 0x0000000080005080 (0x98f28d13) x26 0xfffffffffffff98f
core   0: 0x0000000080005084 (0x016adeb3) srl     t4, s5, s6
core   0: 1 0x0000000080005084 (0x016adeb3) x29 0x0000000000000000
core   0: 0x0000000080005088 (0x002c9373) csrrw   t1, frm, s9
core   0: 1 0x0000000080005088 (0x002c9373) x6  0x0000000000000000 c2_frm 0x0000000000000000
core   0: 0x000000008000508c (0x01f35793) srli    a5, t1, 31
core   0: 1 0x000000008000508c (0x01f35793) x15 0x0000000000000000
core   0: 0x0000000080005090 (0xc05660f3) csrrsi  ra, hpmcounter5, 12
core   0: exception trap_illegal_instruction, epc 0x0000000080005090
core   0:           tval 0x00000000c05660f3
core   0: >>>>  $xrv64i2p1_m2p0_a2p1_f2p2_d2p2_zicsr2p0_zifencei2p0_zmmul1p0_zba1p0_zbb1p0_zbc1p0_zbs1p0
core   0: 0x0000000080004000 (0x0080006f) j       pc + 0x8
core   0: 3 0x0000000080004000 (0x0080006f)
core   0: >>>>  mmode_exception_handler
core   0: 0x0000000080004008 (0x00002c17) auipc   s8, 0x2
core   0: 3 0x0000000080004008 (0x00002c17) x24 0x0000000080006008
core   0: 0x000000008000400c (0x00ac0c13) addi    s8, s8, 10
core   0: 3 0x000000008000400c (0x00ac0c13) x24 0x0000000080006012
core   0: 0x0000000080004010 (0x000c00e7) jalr    s8
core   0: 3 0x0000000080004010 (0x000c00e7) x1  0x0000000080004014
core   0: >>>>  any_handler
core   0: 0x0000000080006012 (0x341027f3) csrrs   a5, mepc, zero
core   0: 3 0x0000000080006012 (0x341027f3) x15 0x0000000080005090
core   0: 0x0000000080006016 (0x34202773) csrrs   a4, mcause, zero
core   0: 3 0x0000000080006016 (0x34202773) x14 0x0000000000000002
core   0: 0x000000008000601a (0x142026f3) csrrs   a3, scause, zero
core   0: 3 0x000000008000601a (0x142026f3) x13 0x0000000000000000
core   0: 0x000000008000601e (0x30402673) csrrs   a2, mie, zero
core   0: 3 0x000000008000601e (0x30402673) x12 0x0000000000000a00
core   0: 0x0000000080006022 (0x344025f3) csrrs   a1, mip, zero
core   0: 3 0x0000000080006022 (0x344025f3) x11 0x0000000000000080
core   0: 0x0000000080006026 (0x343025f3) csrrs   a1, mtval, zero
core   0: 3 0x0000000080006026 (0x343025f3) x11 0x00000000c05660f3
core   0: 0x000000008000602a (0x14302573) csrrs   a0, stval, zero
core   0: 3 0x000000008000602a (0x14302573) x10 0x0000000000000000
core   0: 0x000000008000602e (0xb02024f3) csrrs   s1, minstret, zero
core   0: 3 0x000000008000602e (0xb02024f3) x9  0x0000000000000d28
core   0: 0x0000000080006032 (0x0000a811) c.j     pc + 20
core   0: 3 0x0000000080006032 (0xa811)
core   0: >>>>  mepc_4
core   0: 0x0000000080006046 (0x00000791) c.addi  a5, 4
core   0: 3 0x0000000080006046 (0x0791) x15 0x0000000080005094
core   0: 0x0000000080006048 (0x34179073) csrrw   zero, mepc, a5
core   0: 3 0x0000000080006048 (0x34179073) c833_mepc 0x0000000080005094
core   0: 0x000000008000604c (0x30200073) mret
core   0: 3 0x000000008000604c (0x30200073) c768_mstatus 0x8000000a00106080
core   0: 0x0000000080005094 (0xb8d84813) xori    a6, a6, -1139
core   0: 1 0x0000000080005094 (0xb8d84813) x16 0x8007fffffffffb8d
core   0: 0x0000000080005098 (0x2c28091b) addiw   s2, a6, 706
core   0: 1 0x0000000080005098 (0x2c28091b) x18 0xfffffffffffffe4f
core   0: 0x000000008000509c (0x0ff0000f) fence   iorw,iorw
core   0: 1 0x000000008000509c (0x0ff0000f)
core   0: 0x00000000800050a0 (0x40158c3b) subw    s8, a1, ra
core   0: 1 0x00000000800050a0 (0x40158c3b) x24 0x00000000405620df
core   0: 0x00000000800050a4 (0x008b6133) or      sp, s6, s0
core   0: 1 0x00000000800050a4 (0x008b6133) x2  0xffffffffffffffff
core   0: 0x00000000800050a8 (0x00512cb3) slt     s9, sp, t0
core   0: 1 0x00000000800050a8 (0x00512cb3) x25 0x0000000000000001
core   0: 0x00000000800050ac (0x0ff0000f) fence   iorw,iorw
core   0: 1 0x00000000800050ac (0x0ff0000f)
core   0: 0x00000000800050b0 (0x00000001) c.nop
core   0: 1 0x00000000800050b0 (0x0001)
core   0: 0x00000000800050b2 (0xd222f0d3) fcvt.d.l ft1, t0
core   0: 1 0x00000000800050b2 (0xd222f0d3) f1  0x0000000000000000
core   0: 0x00000000800050b6 (0x03a4e333) rem     t1, s1, s10
core   0: 1 0x00000000800050b6 (0x03a4e333) x6  0x0000000000000046
core   0: 0x00000000800050ba (0x1210fcd3) fmul.d  fs9, ft1, ft1
core   0: 1 0x00000000800050ba (0x1210fcd3) f25 0x0000000000000000
core   0: 0x00000000800050be (0x02379813) slli    a6, a5, 35
core   0: 1 0x00000000800050be (0x02379813) x16 0x000284a000000000
core   0: 0x00000000800050c2 (0x02b81533) mulh    a0, a6, a1
core   0: 1 0x00000000800050c2 (0x02b81533) x10 0x000000000001e451
core   0: 0x00000000800050c6 (0x4053d9bb) sraw    s3, t2, t0
core   0: 1 0x00000000800050c6 (0x4053d9bb) x19 0x0000000000000000
core   0: 0x00000000800050ca (0x1a1a7dd3) fdiv.d  fs11, fs4, ft1
core   0: 1 0x00000000800050ca (0x1a1a7dd3) f27 0x7ff8000000000000
core   0: 0x00000000800050ce (0x0133c033) xor     zero, t2, s3
core   0: 1 0x00000000800050ce (0x0133c033)
core   0: 0x00000000800050d2 (0x037b5993) srli    s3, s6, 55
core   0: 1 0x00000000800050d2 (0x037b5993) x19 0x00000000000001ff
core   0: 0x00000000800050d6 (0x000c5113) srli    sp, s8, 0
core   0: 1 0x00000000800050d6 (0x000c5113) x2  0x00000000405620df
core   0: 0x00000000800050da (0x2bbd8353) fmin.d  ft6, fs11, fs11
core   0: 1 0x00000000800050da (0x2bbd8353) f6  0x7ff8000000000000
core   0: 0x00000000800050de (0xc0227353) fcvt.l.s t1, ft4
core   0: 1 0x00000000800050de (0xc0227353) x6  0x0000000000000000
core   0: 0x00000000800050e2 (0x029a1eb3) mulh    t4, s4, s1
core   0: 1 0x00000000800050e2 (0x029a1eb3) x29 0x0000000000000000
core   0: 0x00000000800050e6 (0x02db26b3) mulhsu  a3, s6, a3
core   0: 1 0x00000000800050e6 (0x02db26b3) x13 0x0000000000000000
core   0: 0x00000000800050ea (0x00071e13) slli    t3, a4, 0
core   0: 1 0x00000000800050ea (0x00071e13) x28 0x0000000000000002
core   0: 0x00000000800050ee (0xf20e08d3) fmv.d.x fa7, t3
core   0: 1 0x00000000800050ee (0xf20e08d3) f17 0x0000000000000002
core   0: 0x00000000800050f2 (0x405905bb) subw    a1, s2, t0
core   0: 1 0x00000000800050f2 (0x405905bb) x11 0xfffffffffffffe4f
core   0: 0x00000000800050f6 (0xc03ef453) fcvt.lu.s s0, ft9
core   0: 1 0x00000000800050f6 (0xc03ef453) c1_fflags 0x000000000000001f x8  0xffffffffffffffff
core   0: 0x00000000800050fa (0x02a6d533) divu    a0, a3, a0
core   0: 1 0x00000000800050fa (0x02a6d533) x10 0x0000000000000000
core   0: 0x00000000800050fe (0x0206d2b3) divu    t0, a3, zero
core   0: 1 0x00000000800050fe (0x0206d2b3) x5  0xffffffffffffffff
core   0: 0x0000000080005102 (0xd0357e53) fcvt.s.lu ft8, a0
core   0: 1 0x0000000080005102 (0xd0357e53) f28 0xffffffff00000000
core   0: 0x0000000080005106 (0x232a9953) fsgnjn.d fs2, fs5, fs2
core   0: 1 0x0000000080005106 (0x232a9953) f18 0xfff8000000000000
core   0: 0x000000008000510a (0x4194d2b3) sra     t0, s1, s9
core   0: 1 0x000000008000510a (0x4194d2b3) x5  0x0000000000000694
core   0: 0x000000008000510e (0x235c96d3) fsgnjn.d fa3, fs9, fs5
core   0: 1 0x000000008000510e (0x235c96d3) f13 0x8000000000000000
core   0: 0x0000000080005112 (0xc21b77d3) fcvt.wu.d a5, fs6
core   0: 1 0x0000000080005112 (0xc21b77d3) c1_fflags 0x000000000000001f x15 0xffffffffffffffff
core   0: 0x0000000080005116 (0x2b670253) fmin.d  ft4, fa4, fs6
core   0: 1 0x0000000080005116 (0x2b670253) f4  0x0000000000000bf1
core   0: 0x000000008000511a (0xf2030953) fmv.d.x fs2, t1
core   0: 1 0x000000008000511a (0xf2030953) f18 0x0000000000000000
core   0: 0x000000008000511e (0x00d81833) sll     a6, a6, a3
core   0: 1 0x000000008000511e (0x00d81833) x16 0x000284a000000000
core   0: 0x0000000080005122 (0x03224433) div     s0, tp, s2
core   0: 1 0x0000000080005122 (0x03224433) x8  0x000000000010acc0
core   0: 0x0000000080005126 (0x4167559b) sraiw   a1, a4, 22
core   0: 1 0x0000000080005126 (0x4167559b) x11 0x0000000000000000
core   0: 0x000000008000512a (0xc20272d3) fcvt.w.d t0, ft4
core   0: 1 0x000000008000512a (0xc20272d3) c1_fflags 0x000000000000001f x5  0x0000000000000000
core   0: 0x000000008000512e (0x2ae20d53) fmin.d  fs10, ft4, fa4
core   0: 1 0x000000008000512e (0x2ae20d53) f26 0x0000000000000bf1
core   0: 0x0000000080005132 (0xfc4f21b7) lui     gp, 0xfc4f2
core   0: 1 0x0000000080005132 (0xfc4f21b7) x3  0xfffffffffc4f2000
core   0: 0x0000000080005136 (0x8e71819b) addiw   gp, gp, -1817
core   0: 1 0x0000000080005136 (0x8e71819b) x3  0xfffffffffc4f18e7
core   0: 0x000000008000513a (0x000001b2) c.slli  gp, 12
core   0: 1 0x000000008000513a (0x01b2) x3  0xffffffc4f18e7000
core   0: 0x000000008000513c (0xb7618193) addi    gp, gp, -1162
core   0: 1 0x000000008000513c (0xb7618193) x3  0xffffffc4f18e6b76
core   0: 0x0000000080005140 (0x000e521b) srliw   tp, t3, 0
core   0: 1 0x0000000080005140 (0x000e521b) x4  0x0000000000000002
core   0: 0x0000000080005144 (0x02e469b3) rem     s3, s0, a4
core   0: 1 0x0000000080005144 (0x02e469b3) x19 0x0000000000000000
core   0: 0x0000000080005148 (0xd035ffd3) fcvt.s.lu ft11, a1
core   0: 1 0x0000000080005148 (0xd035ffd3) f31 0xffffffff00000000
core   0: 0x000000008000514c (0x23279cd3) fsgnjn.d fs9, fa5, fs2
core   0: 1 0x000000008000514c (0x23279cd3) f25 0xc1efffc000000000
core   0: 0x0000000080005150 (0x03e69093) slli    ra, a3, 62
core   0: 1 0x0000000080005150 (0x03e69093) x1  0x0000000000000000
core   0: 0x0000000080005154 (0x40895d3b) sraw    s10, s2, s0
core   0: 1 0x0000000080005154 (0x40895d3b) x26 0xfffffffffffffe4f
core   0: 0x0000000080005158 (0x23ac9e53) fsgnjn.d ft8, fs9, fs10
core   0: 1 0x0000000080005158 (0x23ac9e53) f28 0xc1efffc000000000
core   0: 0x000000008000515c (0xc02d7753) fcvt.l.s a4, fs10
core   0: 1 0x000000008000515c (0xc02d7753) c1_fflags 0x000000000000001f x14 0x7fffffffffffffff
core   0: 0x0000000080005160 (0x005cb6b7) lui     a3, 0x5cb
core   0: 1 0x0000000080005160 (0x005cb6b7) x13 0x00000000005cb000
core   0: 0x0000000080005164 (0xc216869b) addiw   a3, a3, -991
core   0: 1 0x0000000080005164 (0xc216869b) x13 0x00000000005cac21
core   0: 0x0000000080005168 (0x000006b2) c.slli  a3, 12
core   0: 1 0x0000000080005168 (0x06b2) x13 0x00000005cac21000
core   0: 0x000000008000516a (0x36368693) addi    a3, a3, 867
core   0: 1 0x000000008000516a (0x36368693) x13 0x00000005cac21363
core   0: 0x000000008000516e (0x4008549b) sraiw   s1, a6, 0
core   0: 1 0x000000008000516e (0x4008549b) x9  0x0000000000000000
core   0: 0x0000000080005172 (0xc2097a53) fcvt.w.d s4, fs2
core   0: 1 0x0000000080005172 (0xc2097a53) x20 0x0000000000000000
core   0: 0x0000000080005176 (0x0006801b) sext.w  zero, a3
core   0: 1 0x0000000080005176 (0x0006801b)
core   0: 0x000000008000517a (0x02e30e3b) mulw    t3, t1, a4
core   0: 1 0x000000008000517a (0x02e30e3b) x28 0x0000000000000000
core   0: 0x000000008000517e (0x0123569b) srliw   a3, t1, 18
core   0: 1 0x000000008000517e (0x0123569b) x13 0x0000000000000000
core   0: 0x0000000080005182 (0x00202473) csrrs   s0, frm, zero
core   0: 1 0x0000000080005182 (0x00202473) x8  0x0000000000000000
core   0: 0x0000000080005186 (0x01bd84b3) add     s1, s11, s11
core   0: 1 0x0000000080005186 (0x01bd84b3) x9  0x0000000000000002
core   0: 0x000000008000518a (0x00125c1b) srliw   s8, tp, 1
core   0: 1 0x000000008000518a (0x00125c1b) x24 0x0000000000000001
core   0: 0x000000008000518e (0x006e2333) slt     t1, t3, t1
core   0: 1 0x000000008000518e (0x006e2333) x6  0x0000000000000000
core   0: 0x0000000080005192 (0x409004b3) sub     s1, zero, s1
core   0: 1 0x0000000080005192 (0x409004b3) x9  0xfffffffffffffffe
core   0: 0x0000000080005196 (0x43fad713) srai    a4, s5, 63
core   0: 1 0x0000000080005196 (0x43fad713) x14 0x0000000000000000
core   0: 0x000000008000519a (0x223fadd3) fsgnjx.d fs11, ft11, ft3
core   0: 1 0x000000008000519a (0x223fadd3) f27 0xffffffff00000000
core   0: 0x000000008000519e (0xbbccf247) fmsub.d ft4, fs9, ft8, fs7
core   0: 1 0x000000008000519e (0xbbccf247) f4  0xc30fffe000000000
core   0: 0x00000000800051a2 (0x6939cbb7) lui     s7, 0x6939c
core   0: 1 0x00000000800051a2 (0x6939cbb7) x23 0x000000006939c000
core   0: 0x00000000800051a6 (0xc23e76d3) fcvt.lu.d a3, ft8
core   0: 1 0x00000000800051a6 (0xc23e76d3) c1_fflags 0x000000000000001f x13 0x0000000000000000
core   0: 0x00000000800051aa (0x00e70bb3) add     s7, a4, a4
core   0: 1 0x00000000800051aa (0x00e70bb3) x23 0x0000000000000000
core   0: 0x00000000800051ae (0x0dbb819b) addiw   gp, s7, 219
core   0: 1 0x00000000800051ae (0x0dbb819b) x3  0x00000000000000db
core   0: 0x00000000800051b2 (0x428c7c4b) fnmsub.d fs8, fs8, fs0, fs0
core   0: 1 0x00000000800051b2 (0x428c7c4b) f24 0x7ff8000000000000
core   0: 0x00000000800051b6 (0x02bd8a33) mul     s4, s11, a1
core   0: 1 0x00000000800051b6 (0x02bd8a33) x20 0x0000000000000000
core   0: 0x00000000800051ba (0x2bc304d3) fmin.d  fs1, ft6, ft8
core   0: 1 0x00000000800051ba (0x2bc304d3) f9  0xc1efffc000000000
core   0: 0x00000000800051be (0xc204f4d3) fcvt.w.d s1, fs1
core   0: 1 0x00000000800051be (0xc204f4d3) c1_fflags 0x000000000000001f x9  0xffffffff80000000
core   0: 0x00000000800051c2 (0xd23dfcd3) fcvt.d.lu fs9, s11
core   0: 1 0x00000000800051c2 (0xd23dfcd3) f25 0x3ff0000000000000
core   0: 0x00000000800051c6 (0x0005949b) slliw   s1, a1, 0
core   0: 1 0x00000000800051c6 (0x0005949b) x9  0x0000000000000000
core   0: 0x00000000800051ca (0x411ad83b) sraw    a6, s5, a7
core   0: 1 0x00000000800051ca (0x411ad83b) x16 0x0000000000000200
core   0: 0x00000000800051ce (0x2a6d9053) fmax.d  ft0, fs11, ft6
core   0: 1 0x00000000800051ce (0x2a6d9053) f0  0x7ff8000000000000
core   0: 0x00000000800051d2 (0x41530abb) subw    s5, t1, s5
core   0: 1 0x00000000800051d2 (0x41530abb) x21 0xfffffffffffffe00
core   0: 0x00000000800051d6 (0xc693c893) xori    a7, t2, -919
core   0: 1 0x00000000800051d6 (0xc693c893) x17 0xfffffffffffffc69
core   0: 0x00000000800051da (0x006e9333) sll     t1, t4, t1
core   0: 1 0x00000000800051da (0x006e9333) x6  0x0000000000000000
core   0: 0x00000000800051de (0xd26af943) fmadd.d fs2, fs5, ft6, fs10
core   0: 1 0x00000000800051de (0xd26af943) f18 0x7ff8000000000000
core   0: 0x00000000800051e2 (0xd2020253) fcvt.d.w ft4, tp
core   0: 1 0x00000000800051e2 (0xd2020253) f4  0x4000000000000000
core   0: 0x00000000800051e6 (0xc202f3d3) fcvt.w.d t2, ft5
core   0: 1 0x00000000800051e6 (0xc202f3d3) x7  0x0000000000000000
core   0: 0x00000000800051ea (0xa2fd83d3) fle.d   t2, fs11, fa5
core   0: 1 0x00000000800051ea (0xa2fd83d3) c1_fflags 0x000000000000001f x7  0x0000000000000000
core   0: 0x00000000800051ee (0x2023f113) andi    sp, t2, 514
core   0: 1 0x00000000800051ee (0x2023f113) x2  0x0000000000000000
core   0: 0x00000000800051f2 (0x00a0d2b3) srl     t0, ra, a0
core   0: 1 0x00000000800051f2 (0x00a0d2b3) x5  0x0000000000000000
core   0: 0x00000000800051f6 (0x2af79a53) fmax.d  fs4, fa5, fa5
core   0: 1 0x00000000800051f6 (0x2af79a53) f20 0x41efffc000000000
core   0: 0x00000000800051fa (0x5a0e7f53) fsqrt.d ft10, ft8
core   0: 1 0x00000000800051fa (0x5a0e7f53) c1_fflags 0x000000000000001f f30 0x7ff8000000000000
core   0: 0x00000000800051fe (0xae128813) addi    a6, t0, -1311
core   0: 1 0x00000000800051fe (0xae128813) x16 0xfffffffffffffae1
core   0: 0x0000000080005202 (0x40e48333) sub     t1, s1, a4
core   0: 1 0x0000000080005202 (0x40e48333) x6  0x0000000000000000
core   0: 0x0000000080005206 (0x0a76f5d3) fsub.d  fa1, fa3, ft7
core   0: 1 0x0000000080005206 (0x0a76f5d3) f11 0x3ff0000000000000
core   0: 0x000000008000520a (0x000385b3) add     a1, t2, zero
core   0: 1 0x000000008000520a (0x000385b3) x11 0x0000000000000000
core   0: 0x000000008000520e (0x2bdc0853) fmin.d  fa6, fs8, ft9
core   0: 1 0x000000008000520e (0x2bdc0853) f16 0x7ff8000000000000
core   0: 0x0000000080005212 (0xc20d7c53) fcvt.w.d s8, fs10
core   0: 1 0x0000000080005212 (0xc20d7c53) c1_fflags 0x000000000000001f x24 0x0000000000000000
core   0: 0x0000000080005216 (0xa22c03d3) fle.d   t2, fs8, ft2
core   0: 1 0x0000000080005216 (0xa22c03d3) c1_fflags 0x000000000000001f x7  0x0000000000000000
core   0: 0x000000008000521a (0x03abda33) divu    s4, s7, s10
core   0: 1 0x000000008000521a (0x03abda33) x20 0x0000000000000000
core   0: 0x000000008000521e (0xc2187153) fcvt.wu.d sp, fa6
core   0: 1 0x000000008000521e (0xc2187153) c1_fflags 0x000000000000001f x2  0xffffffffffffffff
core   0: 0x0000000080005222 (0x02f3bbb3) mulhu   s7, t2, a5
core   0: 1 0x0000000080005222 (0x02f3bbb3) x23 0x0000000000000000
core   0: 0x0000000080005226 (0x019e1cbb) sllw    s9, t3, s9
core   0: 1 0x0000000080005226 (0x019e1cbb) x25 0x0000000000000000
core   0: 0x000000008000522a (0x02f3e7bb) remw    a5, t2, a5
core   0: 1 0x000000008000522a (0x02f3e7bb) x15 0x0000000000000000
core   0: 0x000000008000522e (0x41de55bb) sraw    a1, t3, t4
core   0: 1 0x000000008000522e (0x41de55bb) x11 0x0000000000000000
core   0: 0x0000000080005232 (0x0167f4b3) and     s1, a5, s6
core   0: 1 0x0000000080005232 (0x0167f4b3) x9  0x0000000000000000
core   0: 0x0000000080005236 (0x00102a73) csrrs   s4, fflags, zero
core   0: 1 0x0000000080005236 (0x00102a73) x20 0x000000000000001f
core   0: 0x000000008000523a (0x83def8c7) fmsub.d fa7, ft9, ft9, fa6
core   0: 1 0x000000008000523a (0x83def8c7) f17 0x7ff8000000000000
core   0: 0x000000008000523e (0x00000001) c.nop
core   0: 1 0x000000008000523e (0x0001)
core   0: 0x0000000080005240 (0x02638bbb) mulw    s7, t2, t1
core   0: 1 0x0000000080005240 (0x02638bbb) x23 0x0000000000000000
core   0: 0x0000000080005244 (0x001022f3) csrrs   t0, fflags, zero
core   0: 1 0x0000000080005244 (0x001022f3) x5  0x000000000000001f
core   0: 0x0000000080005248 (0x2b089cd3) fmax.d  fs9, fa7, fa6
core   0: 1 0x0000000080005248 (0x2b089cd3) f25 0x7ff8000000000000
core   0: 0x000000008000524c (0x0ff0000f) fence   iorw,iorw
core   0: 1 0x000000008000524c (0x0ff0000f)
core   0: 0x0000000080005250 (0x13427a53) fmul.d  fs4, ft4, fs4
core   0: 1 0x0000000080005250 (0x13427a53) f20 0x41ffffc000000000
core   0: 0x0000000080005254 (0x00054e13) xori    t3, a0, 0
core   0: 1 0x0000000080005254 (0x00054e13) x28 0x0000000000000000
core   0: 0x0000000080005258 (0x01c3debb) srlw    t4, t2, t3
core   0: 1 0x0000000080005258 (0x01c3debb) x29 0x0000000000000000
core   0: 0x000000008000525c (0xd232f3d3) fcvt.d.lu ft7, t0
core   0: 1 0x000000008000525c (0xd232f3d3) f7  0x403f000000000000
core   0: 0x0000000080005260 (0x029ab333) mulhu   t1, s5, s1
core   0: 1 0x0000000080005260 (0x029ab333) x6  0x0000000000000000
core   0: 0x0000000080005264 (0x02f36733) rem     a4, t1, a5
core   0: 1 0x0000000080005264 (0x02f36733) x14 0x0000000000000000
core   0: 0x0000000080005268 (0x023ac6b3) div     a3, s5, gp
core   0: 1 0x0000000080005268 (0x023ac6b3) x13 0xfffffffffffffffe
core   0: 0x000000008000526c (0x00102973) csrrs   s2, fflags, zero
core   0: 1 0x000000008000526c (0x00102973) x18 0x000000000000001f
core   0: 0x0000000080005270 (0xc0327ad3) fcvt.lu.s s5, ft4
core   0: 1 0x0000000080005270 (0xc0327ad3) c1_fflags 0x000000000000001f x21 0xffffffffffffffff
core   0: 0x0000000080005274 (0x02825133) divu    sp, tp, s0
core   0: 1 0x0000000080005274 (0x02825133) x2  0xffffffffffffffff
core   0: 0x0000000080005278 (0x00102573) csrrs   a0, fflags, zero
core   0: 1 0x0000000080005278 (0x00102573) x10 0x000000000000001f
core   0: 0x000000008000527c (0x527279cf) fnmadd.d fs3, ft4, ft7, fa0
core   0: 1 0x000000008000527c (0x527279cf) f19 0x7ff8000000000000
core   0: 0x0000000080005280 (0x0000080a) c.slli  a6, 2
core   0: 1 0x0000000080005280 (0x080a) x16 0xffffffffffffeb84
core   0: 0x0000000080005282 (0x024cc233) div     tp, s9, tp
core   0: 1 0x0000000080005282 (0x024cc233) x4  0x0000000000000000
core   0: 0x0000000080005286 (0x41438a33) sub     s4, t2, s4
core   0: 1 0x0000000080005286 (0x41438a33) x20 0xffffffffffffffe1
core   0: 0x000000008000528a (0xc20279d3) fcvt.w.d s3, ft4
core   0: 1 0x000000008000528a (0xc20279d3) x19 0x0000000000000002
core   0: 0x000000008000528e (0xd0227453) fcvt.s.l fs0, tp
core   0: 1 0x000000008000528e (0xd0227453) f8  0xffffffff00000000
core   0: 0x0000000080005292 (0x00000001) c.nop
core   0: 1 0x0000000080005292 (0x0001)
core   0: 0x0000000080005294 (0x005e9eb3) sll     t4, t4, t0
core   0: 1 0x0000000080005294 (0x005e9eb3) x29 0x0000000000000000
core   0: 0x0000000080005298 (0x00102a73) csrrs   s4, fflags, zero
core   0: 1 0x0000000080005298 (0x00102a73) x20 0x000000000000001f
core   0: 0x000000008000529c (0x40b75ab3) sra     s5, a4, a1
core   0: 1 0x000000008000529c (0x40b75ab3) x21 0x0000000000000000
core   0: 0x00000000800052a0 (0xa3398353) fle.d   t1, fs3, fs3
core   0: 1 0x00000000800052a0 (0xa3398353) c1_fflags 0x000000000000001f x6  0x0000000000000000
core   0: 0x00000000800052a4 (0xd222f653) fcvt.d.l fa2, t0
core   0: 1 0x00000000800052a4 (0xd222f653) f12 0x403f000000000000
core   0: 0x00000000800052a8 (0x01befeb3) and     t4, t4, s11
core   0: 1 0x00000000800052a8 (0x01befeb3) x29 0x0000000000000000
core   0: 0x00000000800052ac (0x034653bb) divuw   t2, a2, s4
core   0: 1 0x00000000800052ac (0x034653bb) x7  0x0000000000000052
core   0: 0x00000000800052b0 (0x001d5c1b) srliw   s8, s10, 1
core   0: 1 0x00000000800052b0 (0x001d5c1b) x24 0x000000007fffff27
core   0: 0x00000000800052b4 (0x02f93933) mulhu   s2, s2, a5
core   0: 1 0x00000000800052b4 (0x02f93933) x18 0x0000000000000000
core   0: 0x00000000800052b8 (0x0124143b) sllw    s0, s0, s2
core   0: 1 0x00000000800052b8 (0x0124143b) x8  0x0000000000000000
core   0: 0x00000000800052bc (0x01646eb3) or      t4, s0, s6
core   0: 1 0x00000000800052bc (0x01646eb3) x29 0xffffffffffffffff
core   0: 0x00000000800052c0 (0x2a671753) fmax.d  fa4, fa4, ft6
core   0: 1 0x00000000800052c0 (0x2a671753) f14 0x0000000000000bf1
core   0: 0x00000000800052c4 (0xfffdf013) andi    zero, s11, -1
core   0: 1 0x00000000800052c4 (0xfffdf013)
core   0: 0x00000000800052c8 (0x00304233) xor     tp, zero, gp
core   0: 1 0x00000000800052c8 (0x00304233) x4  0x00000000000000db
core   0: 0x00000000800052cc (0xa5f60e9b) addiw   t4, a2, -1441
core   0: 1 0x00000000800052cc (0xa5f60e9b) x29 0x000000000000045f
core   0: 0x00000000800052d0 (0xab204c93) xori    s9, zero, -1358
core   0: 1 0x00000000800052d0 (0xab204c93) x25 0xfffffffffffffab2
core   0: 0x00000000800052d4 (0x0a45f5d3) fsub.d  fa1, fa1, ft4
core   0: 1 0x00000000800052d4 (0x0a45f5d3) f11 0xbff0000000000000
core   0: 0x00000000800052d8 (0x00000001) c.nop
core   0: 1 0x00000000800052d8 (0x0001)
core   0: 0x00000000800052da (0xf20e0853) fmv.d.x fa6, t3
core   0: 1 0x00000000800052da (0xf20e0853) f16 0x0000000000000000
core   0: 0x00000000800052de (0x03d7feb3) remu    t4, a5, t4
core   0: 1 0x00000000800052de (0x03d7feb3) x29 0x0000000000000000
core   0: 0x00000000800052e2 (0x02f787bb) mulw    a5, a5, a5
core   0: 1 0x00000000800052e2 (0x02f787bb) x15 0x0000000000000000
core   0: 0x00000000800052e6 (0x029c0b33) mul     s6, s8, s1
core   0: 1 0x00000000800052e6 (0x029c0b33) x22 0x0000000000000000
core   0: 0x00000000800052ea (0x551e31b7) lui     gp, 0x551e3
core   0: 1 0x00000000800052ea (0x551e31b7) x3  0x00000000551e3000
core   0: 0x00000000800052ee (0x0013001b) addiw   zero, t1, 1
core   0: 1 0x00000000800052ee (0x0013001b)
core   0: 0x00000000800052f2 (0x01c08a3b) addw    s4, ra, t3
core   0: 1 0x00000000800052f2 (0x01c08a3b) x20 0x0000000000000000
core   0: 0x00000000800052f6 (0xc2177dd3) fcvt.wu.d s11, fa4
core   0: 1 0x00000000800052f6 (0xc2177dd3) c1_fflags 0x000000000000001f x27 0x0000000000000000
core   0: 0x00000000800052fa (0x009c24b3) slt     s1, s8, s1
core   0: 1 0x00000000800052fa (0x009c24b3) x9  0x0000000000000000
core   0: 0x00000000800052fe (0x330df893) andi    a7, s11, 816
core   0: 1 0x00000000800052fe (0x330df893) x17 0x0000000000000000
core   0: 0x0000000080005302 (0xc01c9e73) csrrw   t3, time, s9
core   0: exception trap_illegal_instruction, epc 0x0000000080005302
core   0:           tval 0x00000000c01c9e73
core   0: >>>>  $xrv64i2p1_m2p0_a2p1_f2p2_d2p2_zicsr2p0_zifencei2p0_zmmul1p0_zba1p0_zbb1p0_zbc1p0_zbs1p0
core   0: 0x0000000080004000 (0x0080006f) j       pc + 0x8
core   0: 3 0x0000000080004000 (0x0080006f)
core   0: >>>>  mmode_exception_handler
core   0: 0x0000000080004008 (0x00002c17) auipc   s8, 0x2
core   0: 3 0x0000000080004008 (0x00002c17) x24 0x0000000080006008
core   0: 0x000000008000400c (0x00ac0c13) addi    s8, s8, 10
core   0: 3 0x000000008000400c (0x00ac0c13) x24 0x0000000080006012
core   0: 0x0000000080004010 (0x000c00e7) jalr    s8
core   0: 3 0x0000000080004010 (0x000c00e7) x1  0x0000000080004014
core   0: >>>>  any_handler
core   0: 0x0000000080006012 (0x341027f3) csrrs   a5, mepc, zero
core   0: 3 0x0000000080006012 (0x341027f3) x15 0x0000000080005302
core   0: 0x0000000080006016 (0x34202773) csrrs   a4, mcause, zero
core   0: 3 0x0000000080006016 (0x34202773) x14 0x0000000000000002
core   0: 0x000000008000601a (0x142026f3) csrrs   a3, scause, zero
core   0: 3 0x000000008000601a (0x142026f3) x13 0x0000000000000000
core   0: 0x000000008000601e (0x30402673) csrrs   a2, mie, zero
core   0: 3 0x000000008000601e (0x30402673) x12 0x0000000000000a00
core   0: 0x0000000080006022 (0x344025f3) csrrs   a1, mip, zero
core   0: 3 0x0000000080006022 (0x344025f3) x11 0x0000000000000080
core   0: 0x0000000080006026 (0x343025f3) csrrs   a1, mtval, zero
core   0: 3 0x0000000080006026 (0x343025f3) x11 0x00000000c01c9e73
core   0: 0x000000008000602a (0x14302573) csrrs   a0, stval, zero
core   0: 3 0x000000008000602a (0x14302573) x10 0x0000000000000000
core   0: 0x000000008000602e (0xb02024f3) csrrs   s1, minstret, zero
core   0: 3 0x000000008000602e (0xb02024f3) x9  0x0000000000000dd7
core   0: 0x0000000080006032 (0x0000a811) c.j     pc + 20
core   0: 3 0x0000000080006032 (0xa811)
core   0: >>>>  mepc_4
core   0: 0x0000000080006046 (0x00000791) c.addi  a5, 4
core   0: 3 0x0000000080006046 (0x0791) x15 0x0000000080005306
core   0: 0x0000000080006048 (0x34179073) csrrw   zero, mepc, a5
core   0: 3 0x0000000080006048 (0x34179073) c833_mepc 0x0000000080005306
core   0: 0x000000008000604c (0x30200073) mret
core   0: 3 0x000000008000604c (0x30200073) c768_mstatus 0x8000000a00106080
core   0: 0x0000000080005306 (0xd2287053) fcvt.d.l ft0, a6
core   0: 1 0x0000000080005306 (0xd2287053) f0  0xc0b47c0000000000
core   0: 0x000000008000530a (0xc21078d3) fcvt.wu.d a7, ft0
core   0: 1 0x000000008000530a (0xc21078d3) c1_fflags 0x000000000000001f x17 0x0000000000000000
core   0: 0x000000008000530e (0x9a006a93) ori     s5, zero, -1632
core   0: 1 0x000000008000530e (0x9a006a93) x21 0xfffffffffffff9a0
core   0: 0x0000000080005312 (0x419054bb) sraw    s1, zero, s9
core   0: 1 0x0000000080005312 (0x419054bb) x9  0x0000000000000000
core   0: 0x0000000080005316 (0xd034fad3) fcvt.s.lu fs5, s1
core   0: 1 0x0000000080005316 (0xd034fad3) f21 0xffffffff00000000
core   0: 0x000000008000531a (0x015180bb) addw    ra, gp, s5
core   0: 1 0x000000008000531a (0x015180bb) x1  0x00000000551e29a0
core   0: 0x000000008000531e (0x0331773b) remuw   a4, sp, s3
core   0: 1 0x000000008000531e (0x0331773b) x14 0x0000000000000001
core   0: 0x0000000080005322 (0x03b51233) mulh    tp, a0, s11
core   0: 1 0x0000000080005322 (0x03b51233) x4  0x0000000000000000
core   0: 0x0000000080005326 (0xbb1c7c47) fmsub.d fs8, fs8, fa7, fs7
core   0: 1 0x0000000080005326 (0xbb1c7c47) f24 0x7ff8000000000000
core   0: 0x000000008000532a (0x00c509b3) add     s3, a0, a2
core   0: 1 0x000000008000532a (0x00c509b3) x19 0x0000000000000a00
core   0: 0x000000008000532e (0x004d5c9b) srliw   s9, s10, 4
core   0: 1 0x000000008000532e (0x004d5c9b) x25 0x000000000fffffe4
core   0: 0x0000000080005332 (0x2b5094d3) fmax.d  fs1, ft1, fs5
core   0: 1 0x0000000080005332 (0x2b5094d3) f9  0x0000000000000000
core   0: 0x0000000080005336 (0x02fcf433) remu    s0, s9, a5
core   0: 1 0x0000000080005336 (0x02fcf433) x8  0x000000000fffffe4
core   0: 0x000000008000533a (0x419b8bbb) subw    s7, s7, s9
core   0: 1 0x000000008000533a (0x419b8bbb) x23 0xfffffffff000001c
core   0: 0x000000008000533e (0x1b647cd3) fdiv.d  fs9, fs0, fs6
core   0: 1 0x000000008000533e (0x1b647cd3) f25 0x7ff8000000000000
core   0: 0x0000000080005342 (0x01801d13) slli    s10, zero, 24
core   0: 1 0x0000000080005342 (0x01801d13) x26 0x0000000000000000
core   0: 0x0000000080005346 (0xe20306d3) fmv.x.d a3, ft6
core   0: 1 0x0000000080005346 (0xe20306d3) x13 0x7ff8000000000000
core   0: 0x000000008000534a (0x23080ad3) fsgnj.d fs5, fa6, fa6
core   0: 1 0x000000008000534a (0x23080ad3) f21 0x0000000000000000
core   0: 0x000000008000534e (0x800e8c9b) addiw   s9, t4, -2048
core   0: 1 0x000000008000534e (0x800e8c9b) x25 0xfffffffffffff800
core   0: 0x0000000080005352 (0x0b0cfb53) fsub.d  fs6, fs9, fa6
core   0: 1 0x0000000080005352 (0x0b0cfb53) f22 0x7ff8000000000000
core   0: 0x0000000080005356 (0xd03cf3d3) fcvt.s.lu ft7, s9
core   0: 1 0x0000000080005356 (0xd03cf3d3) c1_fflags 0x000000000000001f f7  0xffffffff5f800000
core   0: 0x000000008000535a (0xf1223ef3) csrrc   t4, marchid, tp
core   0: exception trap_illegal_instruction, epc 0x000000008000535a
core   0:           tval 0x00000000f1223ef3
core   0: >>>>  $xrv64i2p1_m2p0_a2p1_f2p2_d2p2_zicsr2p0_zifencei2p0_zmmul1p0_zba1p0_zbb1p0_zbc1p0_zbs1p0
core   0: 0x0000000080004000 (0x0080006f) j       pc + 0x8
core   0: 3 0x0000000080004000 (0x0080006f)
core   0: >>>>  mmode_exception_handler
core   0: 0x0000000080004008 (0x00002c17) auipc   s8, 0x2
core   0: 3 0x0000000080004008 (0x00002c17) x24 0x0000000080006008
core   0: 0x000000008000400c (0x00ac0c13) addi    s8, s8, 10
core   0: 3 0x000000008000400c (0x00ac0c13) x24 0x0000000080006012
core   0: 0x0000000080004010 (0x000c00e7) jalr    s8
core   0: 3 0x0000000080004010 (0x000c00e7) x1  0x0000000080004014
core   0: >>>>  any_handler
core   0: 0x0000000080006012 (0x341027f3) csrrs   a5, mepc, zero
core   0: 3 0x0000000080006012 (0x341027f3) x15 0x000000008000535a
core   0: 0x0000000080006016 (0x34202773) csrrs   a4, mcause, zero
core   0: 3 0x0000000080006016 (0x34202773) x14 0x0000000000000002
core   0: 0x000000008000601a (0x142026f3) csrrs   a3, scause, zero
core   0: 3 0x000000008000601a (0x142026f3) x13 0x0000000000000000
core   0: 0x000000008000601e (0x30402673) csrrs   a2, mie, zero
core   0: 3 0x000000008000601e (0x30402673) x12 0x0000000000000a00
core   0: 0x0000000080006022 (0x344025f3) csrrs   a1, mip, zero
core   0: 3 0x0000000080006022 (0x344025f3) x11 0x0000000000000080
core   0: 0x0000000080006026 (0x343025f3) csrrs   a1, mtval, zero
core   0: 3 0x0000000080006026 (0x343025f3) x11 0x00000000f1223ef3
core   0: 0x000000008000602a (0x14302573) csrrs   a0, stval, zero
core   0: 3 0x000000008000602a (0x14302573) x10 0x0000000000000000
core   0: 0x000000008000602e (0xb02024f3) csrrs   s1, minstret, zero
core   0: 3 0x000000008000602e (0xb02024f3) x9  0x0000000000000dfc
core   0: 0x0000000080006032 (0x0000a811) c.j     pc + 20
core   0: 3 0x0000000080006032 (0xa811)
core   0: >>>>  mepc_4
core   0: 0x0000000080006046 (0x00000791) c.addi  a5, 4
core   0: 3 0x0000000080006046 (0x0791) x15 0x000000008000535e
core   0: 0x0000000080006048 (0x34179073) csrrw   zero, mepc, a5
core   0: 3 0x0000000080006048 (0x34179073) c833_mepc 0x000000008000535e
core   0: 0x000000008000604c (0x30200073) mret
core   0: 3 0x000000008000604c (0x30200073) c768_mstatus 0x8000000a00106080
core   0: 0x000000008000535e (0x013a99bb) sllw    s3, s5, s3
core   0: 1 0x000000008000535e (0x013a99bb) x19 0xfffffffffffff9a0
core   0: 0x0000000080005362 (0x014c00bb) addw    ra, s8, s4
core   0: 1 0x0000000080005362 (0x014c00bb) x1  0xffffffff80006012
core   0: 0x0000000080005366 (0x00202cf3) csrrs   s9, frm, zero
core   0: 1 0x0000000080005366 (0x00202cf3) x25 0x0000000000000000
core   0: 0x000000008000536a (0x03aa74b3) remu    s1, s4, s10
core   0: 1 0x000000008000536a (0x03aa74b3) x9  0x0000000000000000
core   0: 0x000000008000536e (0x0223ae33) mulhsu  t3, t2, sp
core   0: 1 0x000000008000536e (0x0223ae33) x28 0x0000000000000051
core   0: 0x0000000080005372 (0xd036f9d3) fcvt.s.lu fs3, a3
core   0: 1 0x0000000080005372 (0xd036f9d3) f19 0xffffffff00000000
core   0: 0x0000000080005376 (0x0010161b) slliw   a2, zero, 1
core   0: 1 0x0000000080005376 (0x0010161b) x12 0x0000000000000000
core   0: 0x000000008000537a (0x03c471b3) remu    gp, s0, t3
core   0: 1 0x000000008000537a (0x03c471b3) x3  0x0000000000000033
core   0: 0x000000008000537e (0x022428b3) mulhsu  a7, s0, sp
core   0: 1 0x000000008000537e (0x022428b3) x17 0x000000000fffffe3
core   0: 0x0000000080005382 (0x5b83f7cf) fnmadd.d fa5, ft7, fs8, fa1
core   0: 1 0x0000000080005382 (0x5b83f7cf) f15 0x7ff8000000000000
core   0: 0x0000000080005386 (0x01bc6c33) or      s8, s8, s11
core   0: 1 0x0000000080005386 (0x01bc6c33) x24 0x0000000080006012
core   0: 0x000000008000538a (0x12f477d3) fmul.d  fa5, fs0, fa5
core   0: 1 0x000000008000538a (0x12f477d3) f15 0x7ff8000000000000
core   0: 0x000000008000538e (0x40640433) sub     s0, s0, t1
core   0: 1 0x000000008000538e (0x40640433) x8  0x000000000fffffe4
core   0: 0x0000000080005392 (0x03c42e33) mulhsu  t3, s0, t3
core   0: 1 0x0000000080005392 (0x03c42e33) x28 0x0000000000000000
core   0: 0x0000000080005396 (0x23c3a3d3) fsgnjx.d ft7, ft7, ft8
core   0: 1 0x0000000080005396 (0x23c3a3d3) f7  0x7fffffff5f800000
core   0: 0x000000008000539a (0xc233f6d3) fcvt.lu.d a3, ft7
core   0: 1 0x000000008000539a (0xc233f6d3) c1_fflags 0x000000000000001f x13 0xffffffffffffffff
core   0: 0x000000008000539e (0x019b03b3) add     t2, s6, s9
core   0: 1 0x000000008000539e (0x019b03b3) x7  0x0000000000000000
core   0: 0x00000000800053a2 (0xd21c0d53) fcvt.d.wu fs10, s8
core   0: 1 0x00000000800053a2 (0xd21c0d53) f26 0x41e0000c02400000
core   0: 0x00000000800053a6 (0xd20485d3) fcvt.d.w fa1, s1
core   0: 1 0x00000000800053a6 (0xd20485d3) f11 0x0000000000000000
core   0: 0x00000000800053aa (0x0abd78d3) fsub.d  fa7, fs10, fa1
core   0: 1 0x00000000800053aa (0x0abd78d3) f17 0x41e0000c02400000
core   0: 0x00000000800053ae (0x02c54ab3) div     s5, a0, a2
core   0: 1 0x00000000800053ae (0x02c54ab3) x21 0xffffffffffffffff
core   0: 0x00000000800053b2 (0x001c039b) addiw   t2, s8, 1
core   0: 1 0x00000000800053b2 (0x001c039b) x7  0xffffffff80006013
core   0: 0x00000000800053b6 (0x00a9013b) addw    sp, s2, a0
core   0: 1 0x00000000800053b6 (0x00a9013b) x2  0x0000000000000000
core   0: 0x00000000800053ba (0x40605033) sra     zero, zero, t1
core   0: 1 0x00000000800053ba (0x40605033)
core   0: 0x00000000800053be (0x00ee513b) srlw    sp, t3, a4
core   0: 1 0x00000000800053be (0x00ee513b) x2  0x0000000000000000
core   0: 0x00000000800053c2 (0x023c873b) mulw    a4, s9, gp
core   0: 1 0x00000000800053c2 (0x023c873b) x14 0x0000000000000000
core   0: 0x00000000800053c6 (0x0077f2b3) and     t0, a5, t2
core   0: 1 0x00000000800053c6 (0x0077f2b3) x5  0x0000000080004012
core   0: 0x00000000800053ca (0xd232f3d3) fcvt.d.lu ft7, t0
core   0: 1 0x00000000800053ca (0xd232f3d3) f7  0x41e0000802400000
core   0: 0x00000000800053ce (0x15d8f917) auipc   s2, 0x15d8f
core   0: 1 0x00000000800053ce (0x15d8f917) x18 0x0000000095d943ce
core   0: 0x00000000800053d2 (0x039cf5d3) fadd.d  fa1, fs9, fs9
core   0: 1 0x00000000800053d2 (0x039cf5d3) f11 0x7ff8000000000000
core   0: 0x00000000800053d6 (0xd222f653) fcvt.d.l fa2, t0
core   0: 1 0x00000000800053d6 (0xd222f653) f12 0x41e0000802400000
core   0: 0x00000000800053da (0x410dd5b3) sra     a1, s11, a6
core   0: 1 0x00000000800053da (0x410dd5b3) x11 0x0000000000000000
core   0: 0x00000000800053de (0xa2158053) fle.d   zero, fa1, ft1
core   0: 1 0x00000000800053de (0xa2158053) c1_fflags 0x000000000000001f
core   0: 0x00000000800053e2 (0x2ace8d53) fmin.d  fs10, ft9, fa2
core   0: 1 0x00000000800053e2 (0x2ace8d53) f26 0x41e0000802400000
core   0: 0x00000000800053e6 (0x8004c493) xori    s1, s1, -2048
core   0: 1 0x00000000800053e6 (0x8004c493) x9  0xfffffffffffff800
core   0: 0x00000000800053ea (0x0291413b) divw    sp, sp, s1
core   0: 1 0x00000000800053ea (0x0291413b) x2  0x0000000000000000
core   0: 0x00000000800053ee (0x40108b3b) subw    s6, ra, ra
core   0: 1 0x00000000800053ee (0x40108b3b) x22 0x0000000000000000
core   0: 0x00000000800053f2 (0xf3d90693) addi    a3, s2, -195
core   0: 1 0x00000000800053f2 (0xf3d90693) x13 0x0000000095d9430b
core   0: 0x00000000800053f6 (0x00239d9b) slliw   s11, t2, 2
core   0: 1 0x00000000800053f6 (0x00239d9b) x27 0x000000000001804c
core   0: 0x00000000800053fa (0x5a0c7c53) fsqrt.d fs8, fs8
core   0: 1 0x00000000800053fa (0x5a0c7c53) f24 0x7ff8000000000000
core   0: 0x00000000800053fe (0x0006979b) slliw   a5, a3, 0
core   0: 1 0x00000000800053fe (0x0006979b) x15 0xffffffff95d9430b
core   0: 0x0000000080005402 (0xc2147cd3) fcvt.wu.d s9, fs0
core   0: 1 0x0000000080005402 (0xc2147cd3) c1_fflags 0x000000000000001f x25 0xffffffffffffffff
core   0: 0x0000000080005406 (0x01968dbb) addw    s11, a3, s9
core   0: 1 0x0000000080005406 (0x01968dbb) x27 0xffffffff95d9430a
core   0: 0x000000008000540a (0x00768abb) addw    s5, a3, t2
core   0: 1 0x000000008000540a (0x00768abb) x21 0x0000000015d9a31e
core   0: 0x000000008000540e (0x029aa4b3) mulhsu  s1, s5, s1
core   0: 1 0x000000008000540e (0x029aa4b3) x9  0x0000000015d9a31d
core   0: 0x0000000080005412 (0x1056b8f3) csrrc   a7, stvec, a3
core   0: 1 0x0000000080005412 (0x1056b8f3) x17 0x0000000000000000 c261_stvec 0x0000000000000000
core   0: 0x0000000080005416 (0x000091c6) c.add   gp, a7
core   0: 1 0x0000000080005416 (0x91c6) x3  0x0000000000000033
core   0: 0x0000000080005418 (0x0324d933) divu    s2, s1, s2
core   0: 1 0x0000000080005418 (0x0324d933) x18 0x0000000000000000
core   0: 0x000000008000541c (0x007a9abb) sllw    s5, s5, t2
core   0: 1 0x000000008000541c (0x007a9abb) x21 0x0000000018f00000
core   0: 0x0000000080005420 (0x424cf247) fmsub.d ft4, fs9, ft4, fs0
core   0: 1 0x0000000080005420 (0x424cf247) f4  0x7ff8000000000000
core   0: 0x0000000080005424 (0x1cfdae97) auipc   t4, 0x1cfda
core   0: 1 0x0000000080005424 (0x1cfdae97) x29 0x000000009cfdf424
core   0: 0x0000000080005428 (0x03decb3b) divw    s6, t4, t4
core   0: 1 0x0000000080005428 (0x03decb3b) x22 0x0000000000000001
core   0: 0x000000008000542c (0x4055543b) sraw    s0, a0, t0
core   0: 1 0x000000008000542c (0x4055543b) x8  0x0000000000000000
core   0: 0x0000000080005430 (0x6bbe79cf) fnmadd.d fs3, ft8, fs11, fa3
core   0: 1 0x0000000080005430 (0x6bbe79cf) f19 0x7ff8000000000000
core   0: 0x0000000080005434 (0x01095593) srli    a1, s2, 16
core   0: 1 0x0000000080005434 (0x01095593) x11 0x0000000000000000
core   0: 0x0000000080005438 (0xa3b99153) flt.d   sp, fs3, fs11
core   0: 1 0x0000000080005438 (0xa3b99153) c1_fflags 0x000000000000001f x2  0x0000000000000000
core   0: 0x000000008000543c (0x00000001) c.nop
core   0: 1 0x000000008000543c (0x0001)
core   0: 0x000000008000543e (0xa3c904d3) fle.d   s1, fs2, ft8
core   0: 1 0x000000008000543e (0xa3c904d3) c1_fflags 0x000000000000001f x9  0x0000000000000000
core   0: 0x0000000080005442 (0x22528e53) fsgnj.d ft8, ft5, ft5
core   0: 1 0x0000000080005442 (0x22528e53) f28 0x0000000000000000
core   0: 0x0000000080005446 (0x021b0ab3) mul     s5, s6, ra
core   0: 1 0x0000000080005446 (0x021b0ab3) x21 0xffffffff80006012
core   0: 0x000000008000544a (0xd2010fd3) fcvt.d.w ft11, sp
core   0: 1 0x000000008000544a (0xd2010fd3) f31 0x0000000000000000
core   0: 0x000000008000544e (0x009620b3) slt     ra, a2, s1
core   0: 1 0x000000008000544e (0x009620b3) x1  0x0000000000000000
core   0: 0x0000000080005452 (0x00ccdcbb) srlw    s9, s9, a2
core   0: 1 0x0000000080005452 (0x00ccdcbb) x25 0xffffffffffffffff
core   0: 0x0000000080005456 (0x03a5d5b3) divu    a1, a1, s10
core   0: 1 0x0000000080005456 (0x03a5d5b3) x11 0xffffffffffffffff
core   0: 0x000000008000545a (0xe2010dd3) fmv.x.d s11, ft2
core   0: 1 0x000000008000545a (0xe2010dd3) x27 0xffffffff5f800000
core   0: 0x000000008000545e (0x03fdd493) srli    s1, s11, 63
core   0: 1 0x000000008000545e (0x03fdd493) x9  0x0000000000000001
core   0: 0x0000000080005462 (0xf4f4f613) andi    a2, s1, -177
core   0: 1 0x0000000080005462 (0xf4f4f613) x12 0x0000000000000001
core   0: 0x0000000080005466 (0x41f45a9b) sraiw   s5, s0, 31
core   0: 1 0x0000000080005466 (0x41f45a9b) x21 0x0000000000000000
core   0: 0x000000008000546a (0xd024f1d3) fcvt.s.l ft3, s1
core   0: 1 0x000000008000546a (0xd024f1d3) f3  0xffffffff3f800000
core   0: 0x000000008000546e (0x400b5013) srai    zero, s6, 0
core   0: 1 0x000000008000546e (0x400b5013)
core   0: 0x0000000080005472 (0x238f9c53) fsgnjn.d fs8, ft11, fs8
core   0: 1 0x0000000080005472 (0x238f9c53) f24 0x8000000000000000
core   0: 0x0000000080005476 (0xd0207bd3) fcvt.s.l fs7, zero
core   0: 1 0x0000000080005476 (0xd0207bd3) f23 0xffffffff00000000
core   0: 0x000000008000547a (0x00c2de33) srl     t3, t0, a2
core   0: 1 0x000000008000547a (0x00c2de33) x28 0x0000000040002009
core   0: 0x000000008000547e (0x01508733) add     a4, ra, s5
core   0: 1 0x000000008000547e (0x01508733) x14 0x0000000000000000
core   0: 0x0000000080005482 (0xfeaae637) lui     a2, 0xfeaae
core   0: 1 0x0000000080005482 (0xfeaae637) x12 0xfffffffffeaae000
core   0: 0x0000000080005486 (0xe336061b) addiw   a2, a2, -461
core   0: 1 0x0000000080005486 (0xe336061b) x12 0xfffffffffeaade33
core   0: 0x000000008000548a (0x00000636) c.slli  a2, 13
core   0: 1 0x000000008000548a (0x0636) x12 0xffffffd55bc66000
core   0: 0x000000008000548c (0x92460613) addi    a2, a2, -1756
core   0: 1 0x000000008000548c (0x92460613) x12 0xffffffd55bc65924
core   0: 0x0000000080005490 (0xc0257c53) fcvt.l.s s8, fa0
core   0: 1 0x0000000080005490 (0xc0257c53) x24 0xffffffffffffffff
core   0: 0x0000000080005494 (0xe20c0053) fmv.x.d zero, fs8
core   0: 1 0x0000000080005494 (0xe20c0053)
core   0: 0x0000000080005498 (0xd2307bd3) fcvt.d.lu fs7, zero
core   0: 1 0x0000000080005498 (0xd2307bd3) f23 0x0000000000000000
core   0: 0x000000008000549c (0x01ac141b) slliw   s0, s8, 26
core   0: 1 0x000000008000549c (0x01ac141b) x8  0xfffffffffc000000
core   0: 0x00000000800054a0 (0x00179a73) csrrw   s4, fflags, a5
core   0: 1 0x00000000800054a0 (0x00179a73) x20 0x000000000000001f c1_fflags 0x000000000000000b
core   0: 0x00000000800054a4 (0xe2010553) fmv.x.d a0, ft2
core   0: 1 0x00000000800054a4 (0xe2010553) x10 0xffffffff5f800000
core   0: 0x00000000800054a8 (0x0ff0000f) fence   iorw,iorw
core   0: 1 0x00000000800054a8 (0x0ff0000f)
core   0: 0x00000000800054ac (0x01e2d39b) srliw   t2, t0, 30
core   0: 1 0x00000000800054ac (0x01e2d39b) x7  0x0000000000000002
core   0: 0x00000000800054b0 (0x02b305bb) mulw    a1, t1, a1
core   0: 1 0x00000000800054b0 (0x02b305bb) x11 0x0000000000000000
core   0: 0x00000000800054b4 (0xfffbac93) slti    s9, s7, -1
core   0: 1 0x00000000800054b4 (0xfffbac93) x25 0x0000000000000001
core   0: 0x00000000800054b8 (0x4193843b) subw    s0, t2, s9
core   0: 1 0x00000000800054b8 (0x4193843b) x8  0x0000000000000001
core   0: 0x00000000800054bc (0xfff52a13) slti    s4, a0, -1
core   0: 1 0x00000000800054bc (0xfff52a13) x20 0x0000000000000001
core   0: 0x00000000800054c0 (0xfd676737) lui     a4, 0xfd676
core   0: 1 0x00000000800054c0 (0xfd676737) x14 0xfffffffffd676000
core   0: 0x00000000800054c4 (0xa657071b) addiw   a4, a4, -1435
core   0: 1 0x00000000800054c4 (0xa657071b) x14 0xfffffffffd675a65
core   0: 0x00000000800054c8 (0x00000732) c.slli  a4, 12
core   0: 1 0x00000000800054c8 (0x0732) x14 0xffffffd675a65000
core   0: 0x00000000800054ca (0x2b470713) addi    a4, a4, 692
core   0: 1 0x00000000800054ca (0x2b470713) x14 0xffffffd675a652b4
core   0: 0x00000000800054ce (0x009e14b3) sll     s1, t3, s1
core   0: 1 0x00000000800054ce (0x009e14b3) x9  0x0000000080004012
core   0: 0x00000000800054d2 (0x03130733) mul     a4, t1, a7
core   0: 1 0x00000000800054d2 (0x03130733) x14 0x0000000000000000
core   0: 0x00000000800054d6 (0x00e257b3) srl     a5, tp, a4
core   0: 1 0x00000000800054d6 (0x00e257b3) x15 0x0000000000000000
core   0: 0x00000000800054da (0x002405b3) add     a1, s0, sp
core   0: 1 0x00000000800054da (0x002405b3) x11 0x0000000000000001
core   0: 0x00000000800054de (0xd03bf8d3) fcvt.s.lu fa7, s7
core   0: 1 0x00000000800054de (0xd03bf8d3) c1_fflags 0x000000000000000b f17 0xffffffff5f800000
core   0: 0x00000000800054e2 (0x012c9cb3) sll     s9, s9, s2
core   0: 1 0x00000000800054e2 (0x012c9cb3) x25 0x0000000000000001
core   0: 0x00000000800054e6 (0x023649b3) div     s3, a2, gp
core   0: 1 0x00000000800054e6 (0x023649b3) x19 0xffffffff29f4d493
core   0: 0x00000000800054ea (0xd036fa53) fcvt.s.lu fs4, a3
core   0: 1 0x00000000800054ea (0xd036fa53) c1_fflags 0x000000000000000b f20 0xffffffff4f15d943
core   0: 0x00000000800054ee (0xc20d7053) fcvt.w.d zero, fs10
core   0: 1 0x00000000800054ee (0xc20d7053) c1_fflags 0x000000000000001b
core   0: 0x00000000800054f2 (0x400d5e93) srai    t4, s10, 0
core   0: 1 0x00000000800054f2 (0x400d5e93) x29 0x0000000000000000
core   0: 0x00000000800054f6 (0x40d2843b) subw    s0, t0, a3
core   0: 1 0x00000000800054f6 (0x40d2843b) x8  0xffffffffea26fd07
core   0: 0x00000000800054fa (0xc03d75d3) fcvt.lu.s a1, fs10
core   0: 1 0x00000000800054fa (0xc03d75d3) c1_fflags 0x000000000000001b x11 0xffffffffffffffff
core   0: 0x00000000800054fe (0xf2040053) fmv.d.x ft0, s0
core   0: 1 0x00000000800054fe (0xf2040053) f0  0xffffffffea26fd07
core   0: 0x0000000080005502 (0x03d797b3) mulh    a5, a5, t4
core   0: 1 0x0000000080005502 (0x03d797b3) x15 0x0000000000000000
core   0: 0x0000000080005506 (0x00b6873b) addw    a4, a3, a1
core   0: 1 0x0000000080005506 (0x00b6873b) x14 0xffffffff95d9430a
core   0: 0x000000008000550a (0xe7d50513) addi    a0, a0, -387
core   0: 1 0x000000008000550a (0xe7d50513) x10 0xffffffff5f7ffe7d
core   0: 0x000000008000550e (0x40c5d633) sra     a2, a1, a2
core   0: 1 0x000000008000550e (0x40c5d633) x12 0xffffffffffffffff
core   0: 0x0000000080005512 (0x02861813) slli    a6, a2, 40
core   0: 1 0x0000000080005512 (0x02861813) x16 0xffffff0000000000
core   0: 0x0000000080005516 (0x0356733b) remuw   t1, a2, s5
core   0: 1 0x0000000080005516 (0x0356733b) x6  0xffffffffffffffff
core   0: 0x000000008000551a (0x420a8253) fcvt.d.s ft4, fs5
core   0: 1 0x000000008000551a (0x420a8253) f4  0x7ff8000000000000
core   0: 0x000000008000551e (0x135d7c53) fmul.d  fs8, fs10, fs5
core   0: 1 0x000000008000551e (0x135d7c53) f24 0x0000000000000000
core   0: 0x0000000080005522 (0x7ffe0693) addi    a3, t3, 2047
core   0: 1 0x0000000080005522 (0x7ffe0693) x13 0x0000000040002808
core   0: 0x0000000080005526 (0x000e5713) srli    a4, t3, 0
core   0: 1 0x0000000080005526 (0x000e5713) x14 0x0000000040002009
core   0: 0x000000008000552a (0xb3abf6c3) fmadd.d fa3, fs7, fs10, fs6
core   0: 1 0x000000008000552a (0xb3abf6c3) f13 0x7ff8000000000000
core   0: 0x000000008000552e (0xd0237753) fcvt.s.l fa4, t1
core   0: 1 0x000000008000552e (0xd0237753) f14 0xffffffffbf800000
core   0: 0x0000000080005532 (0x2ba995d3) fmax.d  fa1, fs3, fs10
core   0: 1 0x0000000080005532 (0x2ba995d3) f11 0x41e0000802400000
core   0: 0x0000000080005536 (0x001113f3) csrrw   t2, fflags, sp
core   0: 1 0x0000000080005536 (0x001113f3) x7  0x000000000000001b c1_fflags 0x0000000000000000
core   0: 0x000000008000553a (0x41cd52b3) sra     t0, s10, t3
core   0: 1 0x000000008000553a (0x41cd52b3) x5  0x0000000000000000
core   0: 0x000000008000553e (0x5a05f7d3) fsqrt.d fa5, fa1
core   0: 1 0x000000008000553e (0x5a05f7d3) c1_fflags 0x0000000000000001 f15 0x40e6a0a4103d6b25
core   0: 0x0000000080005542 (0x038247b3) div     a5, tp, s8
core   0: 1 0x0000000080005542 (0x038247b3) x15 0x0000000000000000
core   0: 0x0000000080005546 (0x2a959453) fmax.d  fs0, fa1, fs1
core   0: 1 0x0000000080005546 (0x2a959453) f8  0x41e0000802400000
core   0: 0x000000008000554a (0x786c6993) ori     s3, s8, 1926
core   0: 1 0x000000008000554a (0x786c6993) x19 0xffffffffffffffff
core   0: 0x000000008000554e (0x40e28c3b) subw    s8, t0, a4
core   0: 1 0x000000008000554e (0x40e28c3b) x24 0xffffffffbfffdff7
core   0: 0x0000000080005552 (0xa2c282d3) fle.d   t0, ft5, fa2
core   0: 1 0x0000000080005552 (0xa2c282d3) x5  0x0000000000000001
core   0: 0x0000000080005556 (0x00061613) slli    a2, a2, 0
core   0: 1 0x0000000080005556 (0x00061613) x12 0xffffffffffffffff
core   0: 0x000000008000555a (0x001021f3) csrrs   gp, fflags, zero
core   0: 1 0x000000008000555a (0x001021f3) x3  0x0000000000000001
core   0: 0x000000008000555e (0xe2fbf84f) fnmadd.d fa6, fs7, fa5, ft8
core   0: 1 0x000000008000555e (0xe2fbf84f) f16 0x8000000000000000
core   0: 0x0000000080005562 (0x40c5d3bb) sraw    t2, a1, a2
core   0: 1 0x0000000080005562 (0x40c5d3bb) x7  0xffffffffffffffff
core   0: 0x0000000080005566 (0x00202273) csrrs   tp, frm, zero
core   0: 1 0x0000000080005566 (0x00202273) x4  0x0000000000000000
core   0: 0x000000008000556a (0x0043563b) srlw    a2, t1, tp
core   0: 1 0x000000008000556a (0x0043563b) x12 0xffffffffffffffff
core   0: 0x000000008000556e (0x0006dc9b) srliw   s9, a3, 0
core   0: 1 0x000000008000556e (0x0006dc9b) x25 0x0000000040002808
core   0: 0x0000000080005572 (0x00ea44b3) xor     s1, s4, a4
core   0: 1 0x0000000080005572 (0x00ea44b3) x9  0x0000000040002008
core   0: 0x0000000080005576 (0x420f8fd3) fcvt.d.s ft11, ft11
core   0: 1 0x0000000080005576 (0x420f8fd3) f31 0x7ff8000000000000
core   0: 0x000000008000557a (0x22052bd3) fsgnjx.d fs7, fa0, ft0
core   0: 1 0x000000008000557a (0x22052bd3) f23 0x7fffffffbf800000
core   0: 0x000000008000557e (0x00000001) c.nop
core   0: 1 0x000000008000557e (0x0001)
core   0: 0x0000000080005580 (0xc21bf753) fcvt.wu.d a4, fs7
core   0: 1 0x0000000080005580 (0xc21bf753) c1_fflags 0x0000000000000011 x14 0xffffffffffffffff
core   0: 0x0000000080005584 (0x00019d9b) slliw   s11, gp, 0
core   0: 1 0x0000000080005584 (0x00019d9b) x27 0x0000000000000001
core   0: 0x0000000080005588 (0x0332c33b) divw    t1, t0, s3
core   0: 1 0x0000000080005588 (0x0332c33b) x6  0xffffffffffffffff
core   0: 0x000000008000558c (0x038c68b3) rem     a7, s8, s8
core   0: 1 0x000000008000558c (0x038c68b3) x17 0x0000000000000000
core   0: 0x0000000080005590 (0xd038ffd3) fcvt.s.lu ft11, a7
core   0: 1 0x0000000080005590 (0xd038ffd3) f31 0xffffffff00000000
core   0: 0x0000000080005594 (0x40d681bb) subw    gp, a3, a3
core   0: 1 0x0000000080005594 (0x40d681bb) x3  0x0000000000000000
core   0: 0x0000000080005598 (0x400c5993) srai    s3, s8, 0
core   0: 1 0x0000000080005598 (0x400c5993) x19 0xffffffffbfffdff7
core   0: 0x000000008000559c (0x008e0e3b) addw    t3, t3, s0
core   0: 1 0x000000008000559c (0x008e0e3b) x28 0x000000002a271d10
core   0: 0x00000000800055a0 (0x011e121b) slliw   tp, t3, 17
core   0: 1 0x00000000800055a0 (0x011e121b) x4  0x000000003a200000
core   0: 0x00000000800055a4 (0x004ea037) lui     zero, 0x4ea
core   0: 1 0x00000000800055a4 (0x004ea037)
core   0: 0x00000000800055a8 (0xfc70001b) addiw   zero, zero, -57
core   0: 1 0x00000000800055a8 (0xfc70001b)
core   0: 0x00000000800055ac (0x00c01013) slli    zero, zero, 12
core   0: 1 0x00000000800055ac (0x00c01013)
core   0: 0x00000000800055b0 (0xa6c00013) li      zero, -1428
core   0: 1 0x00000000800055b0 (0xa6c00013)
core   0: 0x00000000800055b4 (0x2a521053) fmax.d  ft0, ft4, ft5
core   0: 1 0x00000000800055b4 (0x2a521053) f0  0x0000000000000000
core   0: 0x00000000800055b8 (0x13e77753) fmul.d  fa4, fa4, ft10
core   0: 1 0x00000000800055b8 (0x13e77753) f14 0x7ff8000000000000
core   0: 0x00000000800055bc (0x404d0233) sub     tp, s10, tp
core   0: 1 0x00000000800055bc (0x404d0233) x4  0xffffffffc5e00000
core   0: 0x00000000800055c0 (0xd227f753) fcvt.d.l fa4, a5
core   0: 1 0x00000000800055c0 (0xd227f753) f14 0x0000000000000000
core   0: 0x00000000800055c4 (0x03fa9713) slli    a4, s5, 63
core   0: 1 0x00000000800055c4 (0x03fa9713) x14 0x0000000000000000
core   0: 0x00000000800055c8 (0x00635913) srli    s2, t1, 6
core   0: 1 0x00000000800055c8 (0x00635913) x18 0x03ffffffffffffff
core   0: 0x00000000800055cc (0x401c5493) srai    s1, s8, 1
core   0: 1 0x00000000800055cc (0x401c5493) x9  0xffffffffdfffeffb
core   0: 0x00000000800055d0 (0xcb9cfcc7) fmsub.d fs9, fs9, fs9, fs9
core   0: 1 0x00000000800055d0 (0xcb9cfcc7) f25 0x7ff8000000000000
core   0: 0x00000000800055d4 (0xd0217253) fcvt.s.l ft4, sp
core   0: 1 0x00000000800055d4 (0xd0217253) f4  0xffffffff00000000
core   0: 0x00000000800055d8 (0x80016b93) ori     s7, sp, -2048
core   0: 1 0x00000000800055d8 (0x80016b93) x23 0xfffffffffffff800
core   0: 0x00000000800055dc (0xa828deb7) lui     t4, 0xa828d
core   0: 1 0x00000000800055dc (0xa828deb7) x29 0xffffffffa828d000
core   0: 0x00000000800055e0 (0x02417153) fadd.d  ft2, ft2, ft4
core   0: 1 0x00000000800055e0 (0x02417153) f2  0x7ff8000000000000
core   0: 0x00000000800055e4 (0x0319f8b3) remu    a7, s3, a7
core   0: 1 0x00000000800055e4 (0x0319f8b3) x17 0xffffffffbfffdff7
core   0: 0x00000000800055e8 (0xbc8992b7) lui     t0, 0xbc899
core   0: 1 0x00000000800055e8 (0xbc8992b7) x5  0xffffffffbc899000
core   0: 0x00000000800055ec (0x029ed113) srli    sp, t4, 41
core   0: 1 0x00000000800055ec (0x029ed113) x2  0x00000000007fffff
core   0: 0x00000000800055f0 (0xc204fd53) fcvt.w.d s10, fs1
core   0: 1 0x00000000800055f0 (0xc204fd53) x26 0x0000000000000000
core   0: 0x00000000800055f4 (0x0ff0000f) fence   iorw,iorw
core   0: 1 0x00000000800055f4 (0x0ff0000f)
core   0: 0x00000000800055f8 (0x0372de93) srli    t4, t0, 55
core   0: 1 0x00000000800055f8 (0x0372de93) x29 0x00000000000001ff
core   0: 0x00000000800055fc (0xfff2851b) addiw   a0, t0, -1
core   0: 1 0x00000000800055fc (0xfff2851b) x10 0xffffffffbc898fff
core   0: 0x0000000080005600 (0x00bedc9b) srliw   s9, t4, 11
core   0: 1 0x0000000080005600 (0x00bedc9b) x25 0x0000000000000000
core   0: 0x0000000080005604 (0x222d1fd3) fsgnjn.d ft11, fs10, ft2
core   0: 1 0x0000000080005604 (0x222d1fd3) f31 0xc1e0000802400000
core   0: 0x0000000080005608 (0x0ff0000f) fence   iorw,iorw
core   0: 1 0x0000000080005608 (0x0ff0000f)
core   0: 0x000000008000560c (0x421ddd93) srai    s11, s11, 33
core   0: 1 0x000000008000560c (0x421ddd93) x27 0x0000000000000000
core   0: 0x0000000080005610 (0x00d71dbb) sllw    s11, a4, a3
core   0: 1 0x0000000080005610 (0x00d71dbb) x27 0x0000000000000000
core   0: 0x0000000080005614 (0x344ba6f3) csrrs   a3, mip, s7
core   0: exception trap_illegal_instruction, epc 0x0000000080005614
core   0:           tval 0x00000000344ba6f3
core   0: >>>>  $xrv64i2p1_m2p0_a2p1_f2p2_d2p2_zicsr2p0_zifencei2p0_zmmul1p0_zba1p0_zbb1p0_zbc1p0_zbs1p0
core   0: 0x0000000080004000 (0x0080006f) j       pc + 0x8
core   0: 3 0x0000000080004000 (0x0080006f)
core   0: >>>>  mmode_exception_handler
core   0: 0x0000000080004008 (0x00002c17) auipc   s8, 0x2
core   0: 3 0x0000000080004008 (0x00002c17) x24 0x0000000080006008
core   0: 0x000000008000400c (0x00ac0c13) addi    s8, s8, 10
core   0: 3 0x000000008000400c (0x00ac0c13) x24 0x0000000080006012
core   0: 0x0000000080004010 (0x000c00e7) jalr    s8
core   0: 3 0x0000000080004010 (0x000c00e7) x1  0x0000000080004014
core   0: >>>>  any_handler
core   0: 0x0000000080006012 (0x341027f3) csrrs   a5, mepc, zero
core   0: 3 0x0000000080006012 (0x341027f3) x15 0x0000000080005614
core   0: 0x0000000080006016 (0x34202773) csrrs   a4, mcause, zero
core   0: 3 0x0000000080006016 (0x34202773) x14 0x0000000000000002
core   0: 0x000000008000601a (0x142026f3) csrrs   a3, scause, zero
core   0: 3 0x000000008000601a (0x142026f3) x13 0x0000000000000000
core   0: 0x000000008000601e (0x30402673) csrrs   a2, mie, zero
core   0: 3 0x000000008000601e (0x30402673) x12 0x0000000000000a00
core   0: 0x0000000080006022 (0x344025f3) csrrs   a1, mip, zero
core   0: 3 0x0000000080006022 (0x344025f3) x11 0x0000000000000080
core   0: 0x0000000080006026 (0x343025f3) csrrs   a1, mtval, zero
core   0: 3 0x0000000080006026 (0x343025f3) x11 0x00000000344ba6f3
core   0: 0x000000008000602a (0x14302573) csrrs   a0, stval, zero
core   0: 3 0x000000008000602a (0x14302573) x10 0x0000000000000000
core   0: 0x000000008000602e (0xb02024f3) csrrs   s1, minstret, zero
core   0: 3 0x000000008000602e (0xb02024f3) x9  0x0000000000000ebc
core   0: 0x0000000080006032 (0x0000a811) c.j     pc + 20
core   0: 3 0x0000000080006032 (0xa811)
core   0: >>>>  mepc_4
core   0: 0x0000000080006046 (0x00000791) c.addi  a5, 4
core   0: 3 0x0000000080006046 (0x0791) x15 0x0000000080005618
core   0: 0x0000000080006048 (0x34179073) csrrw   zero, mepc, a5
core   0: 3 0x0000000080006048 (0x34179073) c833_mepc 0x0000000080005618
core   0: 0x000000008000604c (0x30200073) mret
core   0: 3 0x000000008000604c (0x30200073) c768_mstatus 0x8000000a00106080
core   0: 0x0000000080005618 (0x03419213) slli    tp, gp, 52
core   0: 1 0x0000000080005618 (0x03419213) x4  0x0000000000000000
core   0: 0x000000008000561c (0xc21cf853) fcvt.wu.d a6, fs9
core   0: 1 0x000000008000561c (0xc21cf853) c1_fflags 0x0000000000000011 x16 0xffffffffffffffff
core   0: 0x0000000080005620 (0xc21cf1d3) fcvt.wu.d gp, fs9
core   0: 1 0x0000000080005620 (0xc21cf1d3) c1_fflags 0x0000000000000011 x3  0xffffffffffffffff
core   0: 0x0000000080005624 (0x0137d9bb) srlw    s3, a5, s3
core   0: 1 0x0000000080005624 (0x0137d9bb) x19 0x0000000000000100
core   0: 0x0000000080005628 (0x00000001) c.nop
core   0: 1 0x0000000080005628 (0x0001)
core   0: 0x000000008000562a (0x40ba5e9b) sraiw   t4, s4, 11
core   0: 1 0x000000008000562a (0x40ba5e9b) x29 0x0000000000000000
core   0: 0x000000008000562e (0x00011113) slli    sp, sp, 0
core   0: 1 0x000000008000562e (0x00011113) x2  0x00000000007fffff
core   0: 0x0000000080005632 (0x00000001) c.nop
core   0: 1 0x0000000080005632 (0x0001)
core   0: 0x0000000080005634 (0x01369abb) sllw    s5, a3, s3
core   0: 1 0x0000000080005634 (0x01369abb) x21 0x0000000000000000
core   0: 0x0000000080005638 (0x415684bb) subw    s1, a3, s5
core   0: 1 0x0000000080005638 (0x415684bb) x9  0x0000000000000000
core   0: 0x000000008000563c (0x001d8313) addi    t1, s11, 1
core   0: 1 0x000000008000563c (0x001d8313) x6  0x0000000000000001
core   0: 0x0000000080005640 (0x4062053b) subw    a0, tp, t1
core   0: 1 0x0000000080005640 (0x4062053b) x10 0xffffffffffffffff
core   0: 0x0000000080005644 (0x00102173) csrrs   sp, fflags, zero
core   0: 1 0x0000000080005644 (0x00102173) x2  0x0000000000000011
core   0: 0x0000000080005648 (0x12d9fd53) fmul.d  fs10, fs3, fa3
core   0: 1 0x0000000080005648 (0x12d9fd53) f26 0x7ff8000000000000
core   0: 0x000000008000564c (0xc02e72d3) fcvt.l.s t0, ft8
core   0: 1 0x000000008000564c (0xc02e72d3) c1_fflags 0x0000000000000011 x5  0x7fffffffffffffff
core   0: 0x0000000080005650 (0xc03d79d3) fcvt.lu.s s3, fs10
core   0: 1 0x0000000080005650 (0xc03d79d3) c1_fflags 0x0000000000000011 x19 0xffffffffffffffff
core   0: 0x0000000080005654 (0x412a8abb) subw    s5, s5, s2
core   0: 1 0x0000000080005654 (0x412a8abb) x21 0x0000000000000001
core   0: 0x0000000080005658 (0x23a5af53) fsgnjx.d ft10, fa1, fs10
core   0: 1 0x0000000080005658 (0x23a5af53) f30 0x41e0000802400000
core   0: 0x000000008000565c (0x00ad139b) slliw   t2, s10, 10
core   0: 1 0x000000008000565c (0x00ad139b) x7  0x0000000000000000
core   0: 0x0000000080005660 (0x00f090b3) sll     ra, ra, a5
core   0: 1 0x0000000080005660 (0x00f090b3) x1  0x0080004014000000
core   0: 0x0000000080005664 (0x02178abb) mulw    s5, a5, ra
core   0: 1 0x0000000080005664 (0x02178abb) x21 0xffffffffe0000000
core   0: 0x0000000080005668 (0x021a88b3) mul     a7, s5, ra
core   0: 1 0x0000000080005668 (0x021a88b3) x17 0xfd80000000000000
core   0: 0x000000008000566c (0x00275733) srl     a4, a4, sp
core   0: 1 0x000000008000566c (0x00275733) x14 0x0000000000000000
core   0: 0x0000000080005670 (0xc03f7bd3) fcvt.lu.s s7, ft10
core   0: 1 0x0000000080005670 (0xc03f7bd3) c1_fflags 0x0000000000000011 x23 0xffffffffffffffff
core   0: 0x0000000080005674 (0x00b0553b) srlw    a0, zero, a1
core   0: 1 0x0000000080005674 (0x00b0553b) x10 0x0000000000000000
core   0: 0x0000000080005678 (0x41b281b3) sub     gp, t0, s11
core   0: 1 0x0000000080005678 (0x41b281b3) x3  0x7fffffffffffffff
core   0: 0x000000008000567c (0x1be17c53) fdiv.d  fs8, ft2, ft10
core   0: 1 0x000000008000567c (0x1be17c53) f24 0x7ff8000000000000
core   0: 0x0000000080005680 (0x0007109b) slliw   ra, a4, 0
core   0: 1 0x0000000080005680 (0x0007109b) x1  0x0000000000000000
core   0: 0x0000000080005684 (0x22670893) addi    a7, a4, 550
core   0: 1 0x0000000080005684 (0x22670893) x17 0x0000000000000226
core   0: 0x0000000080005688 (0x00249973) csrrw   s2, frm, s1
core   0: 1 0x0000000080005688 (0x00249973) x18 0x0000000000000000 c2_frm 0x0000000000000000
core   0: 0x000000008000568c (0x4153063b) subw    a2, t1, s5
core   0: 1 0x000000008000568c (0x4153063b) x12 0x0000000020000001
core   0: 0x0000000080005690 (0x01fb149b) slliw   s1, s6, 31
core   0: 1 0x0000000080005690 (0x01fb149b) x9  0xffffffff80000000
core   0: 0x0000000080005694 (0xc03c7753) fcvt.lu.s a4, fs8
core   0: 1 0x0000000080005694 (0xc03c7753) c1_fflags 0x0000000000000011 x14 0xffffffffffffffff
core   0: 0x0000000080005698 (0x019054bb) srlw    s1, zero, s9
core   0: 1 0x0000000080005698 (0x019054bb) x9  0x0000000000000000
core   0: 0x000000008000569c (0x4015f253) fcvt.s.d ft4, fa1
core   0: 1 0x000000008000569c (0x4015f253) c1_fflags 0x0000000000000011 f4  0xffffffff4f000040
core   0: 0x00000000800056a0 (0x2a1085d3) fmin.d  fa1, ft1, ft1
core   0: 1 0x00000000800056a0 (0x2a1085d3) f11 0x0000000000000000
core   0: 0x00000000800056a4 (0xd024f253) fcvt.s.l ft4, s1
core   0: 1 0x00000000800056a4 (0xd024f253) f4  0xffffffff00000000
core   0: 0x00000000800056a8 (0xc2367753) fcvt.lu.d a4, fa2
core   0: 1 0x00000000800056a8 (0xc2367753) x14 0x0000000080004012
core   0: 0x00000000800056ac (0x01cb8a3b) addw    s4, s7, t3
core   0: 1 0x00000000800056ac (0x01cb8a3b) x20 0x000000002a271d0f
core   0: 0x00000000800056b0 (0x001d6b13) ori     s6, s10, 1
core   0: 1 0x00000000800056b0 (0x001d6b13) x22 0x0000000000000001
core   0: 0x00000000800056b4 (0x006e6ab3) or      s5, t3, t1
core   0: 1 0x00000000800056b4 (0x006e6ab3) x21 0x000000002a271d11
core   0: 0x00000000800056b8 (0xf15f5473) csrrwi  s0, mconfigptr, 30
core   0: exception trap_illegal_instruction, epc 0x00000000800056b8
core   0:           tval 0x00000000f15f5473
core   0: >>>>  $xrv64i2p1_m2p0_a2p1_f2p2_d2p2_zicsr2p0_zifencei2p0_zmmul1p0_zba1p0_zbb1p0_zbc1p0_zbs1p0
core   0: 0x0000000080004000 (0x0080006f) j       pc + 0x8
core   0: 3 0x0000000080004000 (0x0080006f)
core   0: >>>>  mmode_exception_handler
core   0: 0x0000000080004008 (0x00002c17) auipc   s8, 0x2
core   0: 3 0x0000000080004008 (0x00002c17) x24 0x0000000080006008
core   0: 0x000000008000400c (0x00ac0c13) addi    s8, s8, 10
core   0: 3 0x000000008000400c (0x00ac0c13) x24 0x0000000080006012
core   0: 0x0000000080004010 (0x000c00e7) jalr    s8
core   0: 3 0x0000000080004010 (0x000c00e7) x1  0x0000000080004014
core   0: >>>>  any_handler
core   0: 0x0000000080006012 (0x341027f3) csrrs   a5, mepc, zero
core   0: 3 0x0000000080006012 (0x341027f3) x15 0x00000000800056b8
core   0: 0x0000000080006016 (0x34202773) csrrs   a4, mcause, zero
core   0: 3 0x0000000080006016 (0x34202773) x14 0x0000000000000002
core   0: 0x000000008000601a (0x142026f3) csrrs   a3, scause, zero
core   0: 3 0x000000008000601a (0x142026f3) x13 0x0000000000000000
core   0: 0x000000008000601e (0x30402673) csrrs   a2, mie, zero
core   0: 3 0x000000008000601e (0x30402673) x12 0x0000000000000a00
core   0: 0x0000000080006022 (0x344025f3) csrrs   a1, mip, zero
core   0: 3 0x0000000080006022 (0x344025f3) x11 0x0000000000000080
core   0: 0x0000000080006026 (0x343025f3) csrrs   a1, mtval, zero
core   0: 3 0x0000000080006026 (0x343025f3) x11 0x00000000f15f5473
core   0: 0x000000008000602a (0x14302573) csrrs   a0, stval, zero
core   0: 3 0x000000008000602a (0x14302573) x10 0x0000000000000000
core   0: 0x000000008000602e (0xb02024f3) csrrs   s1, minstret, zero
core   0: 3 0x000000008000602e (0xb02024f3) x9  0x0000000000000ef5
core   0: 0x0000000080006032 (0x0000a811) c.j     pc + 20
core   0: 3 0x0000000080006032 (0xa811)
core   0: >>>>  mepc_4
core   0: 0x0000000080006046 (0x00000791) c.addi  a5, 4
core   0: 3 0x0000000080006046 (0x0791) x15 0x00000000800056bc
core   0: 0x0000000080006048 (0x34179073) csrrw   zero, mepc, a5
core   0: 3 0x0000000080006048 (0x34179073) c833_mepc 0x00000000800056bc
core   0: 0x000000008000604c (0x30200073) mret
core   0: 3 0x000000008000604c (0x30200073) c768_mstatus 0x8000000a00106080
core   0: 0x00000000800056bc (0xc9752193) slti    gp, a0, -873
core   0: 1 0x00000000800056bc (0xc9752193) x3  0x0000000000000000
core   0: 0x00000000800056c0 (0x0318f4bb) remuw   s1, a7, a7
core   0: 1 0x00000000800056c0 (0x0318f4bb) x9  0x0000000000000000
core   0: 0x00000000800056c4 (0x02c6763b) remuw   a2, a2, a2
core   0: 1 0x00000000800056c4 (0x02c6763b) x12 0x0000000000000000
core   0: 0x00000000800056c8 (0x0389a433) mulhsu  s0, s3, s8
core   0: 1 0x00000000800056c8 (0x0389a433) x8  0xffffffffffffffff
core   0: 0x00000000800056cc (0x404787bb) subw    a5, a5, tp
core   0: 1 0x00000000800056cc (0x404787bb) x15 0xffffffff800056bc
core   0: 0x00000000800056d0 (0x0367d03b) divuw   zero, a5, s6
core   0: 1 0x00000000800056d0 (0x0367d03b)
core   0: 0x00000000800056d4 (0x8c3c4c13) xori    s8, s8, -1853
core   0: 1 0x00000000800056d4 (0x8c3c4c13) x24 0xffffffff7fff98d1
core   0: 0x00000000800056d8 (0x0203e033) rem     zero, t2, zero
core   0: 1 0x00000000800056d8 (0x0203e033)
core   0: 0x00000000800056dc (0xe38fffc7) fmsub.d ft11, ft11, fs8, ft8
core   0: 1 0x00000000800056dc (0xe38fffc7) f31 0x7ff8000000000000
core   0: 0x00000000800056e0 (0xd0207953) fcvt.s.l fs2, zero
core   0: 1 0x00000000800056e0 (0xd0207953) f18 0xffffffff00000000
core   0: 0x00000000800056e4 (0xf2070dd3) fmv.d.x fs11, a4
core   0: 1 0x00000000800056e4 (0xf2070dd3) f27 0x0000000000000002
core   0: 0x00000000800056e8 (0xc234f553) fcvt.lu.d a0, fs1
core   0: 1 0x00000000800056e8 (0xc234f553) x10 0x0000000000000000
core   0: 0x00000000800056ec (0x400ada9b) sraiw   s5, s5, 0
core   0: 1 0x00000000800056ec (0x400ada9b) x21 0x000000002a271d11
core   0: 0x00000000800056f0 (0x0178d8b3) srl     a7, a7, s7
core   0: 1 0x00000000800056f0 (0x0178d8b3) x17 0x0000000000000000
core   0: 0x00000000800056f4 (0x002196f3) csrrw   a3, frm, gp
core   0: 1 0x00000000800056f4 (0x002196f3) x13 0x0000000000000000 c2_frm 0x0000000000000000
core   0: 0x00000000800056f8 (0x026bca33) div     s4, s7, t1
core   0: 1 0x00000000800056f8 (0x026bca33) x20 0xffffffffffffffff
core   0: 0x00000000800056fc (0xd03bf353) fcvt.s.lu ft6, s7
core   0: 1 0x00000000800056fc (0xd03bf353) c1_fflags 0x0000000000000011 f6  0xffffffff5f800000
core   0: 0x0000000080005700 (0xab4a7d4b) fnmsub.d fs10, fs4, fs4, fs5
core   0: 1 0x0000000080005700 (0xab4a7d4b) f26 0x7ff8000000000000
core   0: 0x0000000080005704 (0x03a89d33) mulh    s10, a7, s10
core   0: 1 0x0000000080005704 (0x03a89d33) x26 0x0000000000000000
core   0: 0x0000000080005708 (0x01d8923b) sllw    tp, a7, t4
core   0: 1 0x0000000080005708 (0x01d8923b) x4  0x0000000000000000
core   0: 0x000000008000570c (0x00bc50bb) srlw    ra, s8, a1
core   0: 1 0x000000008000570c (0x00bc50bb) x1  0x0000000000000fff
core   0: 0x0000000080005710 (0xd235f4d3) fcvt.d.lu fs1, a1
core   0: 1 0x0000000080005710 (0xd235f4d3) f9  0x41ee2bea8e600000
core   0: 0x0000000080005714 (0xc02a79d3) fcvt.l.s s3, fs4
core   0: 1 0x0000000080005714 (0xc02a79d3) x19 0x0000000095d94300
core   0: 0x0000000080005718 (0xd221f053) fcvt.d.l ft0, gp
core   0: 1 0x0000000080005718 (0xd221f053) f0  0x0000000000000000
core   0: 0x000000008000571c (0x02a6c93b) divw    s2, a3, a0
core   0: 1 0x000000008000571c (0x02a6c93b) x18 0xffffffffffffffff
core   0: 0x0000000080005720 (0xf5aaca93) xori    s5, s5, -166
core   0: 1 0x0000000080005720 (0xf5aaca93) x21 0xffffffffd5d8e24b
core   0: 0x0000000080005724 (0x439adb93) srai    s7, s5, 57
core   0: 1 0x0000000080005724 (0x439adb93) x23 0xffffffffffffffff
core   0: 0x0000000080005728 (0xc23f7dd3) fcvt.lu.d s11, ft10
core   0: 1 0x0000000080005728 (0xc23f7dd3) x27 0x0000000080004012
core   0: 0x000000008000572c (0xf135f9f3) csrrci  s3, mimpid, 11
core   0: exception trap_illegal_instruction, epc 0x000000008000572c
core   0:           tval 0x00000000f135f9f3
core   0: >>>>  $xrv64i2p1_m2p0_a2p1_f2p2_d2p2_zicsr2p0_zifencei2p0_zmmul1p0_zba1p0_zbb1p0_zbc1p0_zbs1p0
core   0: 0x0000000080004000 (0x0080006f) j       pc + 0x8
core   0: 3 0x0000000080004000 (0x0080006f)
core   0: >>>>  mmode_exception_handler
core   0: 0x0000000080004008 (0x00002c17) auipc   s8, 0x2
core   0: 3 0x0000000080004008 (0x00002c17) x24 0x0000000080006008
core   0: 0x000000008000400c (0x00ac0c13) addi    s8, s8, 10
core   0: 3 0x000000008000400c (0x00ac0c13) x24 0x0000000080006012
core   0: 0x0000000080004010 (0x000c00e7) jalr    s8
core   0: 3 0x0000000080004010 (0x000c00e7) x1  0x0000000080004014
core   0: >>>>  any_handler
core   0: 0x0000000080006012 (0x341027f3) csrrs   a5, mepc, zero
core   0: 3 0x0000000080006012 (0x341027f3) x15 0x000000008000572c
core   0: 0x0000000080006016 (0x34202773) csrrs   a4, mcause, zero
core   0: 3 0x0000000080006016 (0x34202773) x14 0x0000000000000002
core   0: 0x000000008000601a (0x142026f3) csrrs   a3, scause, zero
core   0: 3 0x000000008000601a (0x142026f3) x13 0x0000000000000000
core   0: 0x000000008000601e (0x30402673) csrrs   a2, mie, zero
core   0: 3 0x000000008000601e (0x30402673) x12 0x0000000000000a00
core   0: 0x0000000080006022 (0x344025f3) csrrs   a1, mip, zero
core   0: 3 0x0000000080006022 (0x344025f3) x11 0x0000000000000080
core   0: 0x0000000080006026 (0x343025f3) csrrs   a1, mtval, zero
core   0: 3 0x0000000080006026 (0x343025f3) x11 0x00000000f135f9f3
core   0: 0x000000008000602a (0x14302573) csrrs   a0, stval, zero
core   0: 3 0x000000008000602a (0x14302573) x10 0x0000000000000000
core   0: 0x000000008000602e (0xb02024f3) csrrs   s1, minstret, zero
core   0: 3 0x000000008000602e (0xb02024f3) x9  0x0000000000000f21
core   0: 0x0000000080006032 (0x0000a811) c.j     pc + 20
core   0: 3 0x0000000080006032 (0xa811)
core   0: >>>>  mepc_4
core   0: 0x0000000080006046 (0x00000791) c.addi  a5, 4
core   0: 3 0x0000000080006046 (0x0791) x15 0x0000000080005730
core   0: 0x0000000080006048 (0x34179073) csrrw   zero, mepc, a5
core   0: 3 0x0000000080006048 (0x34179073) c833_mepc 0x0000000080005730
core   0: 0x000000008000604c (0x30200073) mret
core   0: 3 0x000000008000604c (0x30200073) c768_mstatus 0x8000000a00106080
core   0: 0x0000000080005730 (0x023277b3) remu    a5, tp, gp
core   0: 1 0x0000000080005730 (0x023277b3) x15 0x0000000000000000
core   0: 0x0000000080005734 (0x00000001) c.nop
core   0: 1 0x0000000080005734 (0x0001)
core   0: 0x0000000080005736 (0x01a72833) slt     a6, a4, s10
core   0: 1 0x0000000080005736 (0x01a72833) x16 0x0000000000000000
core   0: 0x000000008000573a (0xbfaa8a93) addi    s5, s5, -1030
core   0: 1 0x000000008000573a (0xbfaa8a93) x21 0xffffffffd5d8de45
core   0: 0x000000008000573e (0xd22d7953) fcvt.d.l fs2, s10
core   0: 1 0x000000008000573e (0xd22d7953) f18 0x0000000000000000
core   0: 0x0000000080005742 (0x01baa0b3) slt     ra, s5, s11
core   0: 1 0x0000000080005742 (0x01baa0b3) x1  0x0000000000000001
core   0: 0x0000000080005746 (0x648d049b) addiw   s1, s10, 1608
core   0: 1 0x0000000080005746 (0x648d049b) x9  0x0000000000000648
core   0: 0x000000008000574a (0x01c3e533) or      a0, t2, t3
core   0: 1 0x000000008000574a (0x01c3e533) x10 0x000000002a271d10
core   0: 0x000000008000574e (0x00507333) and     t1, zero, t0
core   0: 1 0x000000008000574e (0x00507333) x6  0x0000000000000000
core   0: 0x0000000080005752 (0x0142da3b) srlw    s4, t0, s4
core   0: 1 0x0000000080005752 (0x0142da3b) x20 0x0000000000000001
core   0: 0x0000000080005756 (0x01434833) xor     a6, t1, s4
core   0: 1 0x0000000080005756 (0x01434833) x16 0x0000000000000001
core   0: 0x000000008000575a (0x29716493) ori     s1, sp, 663
core   0: 1 0x000000008000575a (0x29716493) x9  0x0000000000000297
core   0: 0x000000008000575e (0x22b918d3) fsgnjn.d fa7, fs2, fa1
core   0: 1 0x000000008000575e (0x22b918d3) f17 0x8000000000000000
core   0: 0x0000000080005762 (0xe20b0453) fmv.x.d s0, fs6
core   0: 1 0x0000000080005762 (0xe20b0453) x8  0x7ff8000000000000
core   0: 0x0000000080005766 (0xc22cf1d3) fcvt.l.d gp, fs9
core   0: 1 0x0000000080005766 (0xc22cf1d3) c1_fflags 0x0000000000000011 x3  0x7fffffffffffffff
core   0: 0x000000008000576a (0x40a25433) sra     s0, tp, a0
core   0: 1 0x000000008000576a (0x40a25433) x8  0x0000000000000000
core   0: 0x000000008000576e (0x03757553) fadd.d  fa0, fa0, fs7
core   0: 1 0x000000008000576e (0x03757553) f10 0x7ff8000000000000
core   0: 0x0000000080005772 (0x022b8033) mul     zero, s7, sp
core   0: 1 0x0000000080005772 (0x022b8033)
core   0: 0x0000000080005776 (0x00000001) c.nop
core   0: 1 0x0000000080005776 (0x0001)
core   0: 0x0000000080005778 (0x01212933) slt     s2, sp, s2
core   0: 1 0x0000000080005778 (0x01212933) x18 0x0000000000000000
core   0: 0x000000008000577c (0x53990a1b) addiw   s4, s2, 1337
core   0: 1 0x000000008000577c (0x53990a1b) x20 0x0000000000000539
core   0: 0x0000000080005780 (0x03b87653) fadd.d  fa2, fa6, fs11
core   0: 1 0x0000000080005780 (0x03b87653) f12 0x0000000000000002
core   0: 0x0000000080005784 (0x034ded33) rem     s10, s11, s4
core   0: 1 0x0000000080005784 (0x034ded33) x26 0x000000000000050b
core   0: 0x0000000080005788 (0x414a58b3) sra     a7, s4, s4
core   0: 1 0x0000000080005788 (0x414a58b3) x17 0x0000000000000000
core   0: 0x000000008000578c (0xd22d73d3) fcvt.d.l ft7, s10
core   0: 1 0x000000008000578c (0xd22d73d3) f7  0x40942c0000000000
core   0: 0x0000000080005790 (0x01865b3b) srlw    s6, a2, s8
core   0: 1 0x0000000080005790 (0x01865b3b) x22 0x0000000000000000
core   0: 0x0000000080005794 (0x00504933) xor     s2, zero, t0
core   0: 1 0x0000000080005794 (0x00504933) x18 0x7fffffffffffffff
core   0: 0x0000000080005798 (0x03be64bb) remw    s1, t3, s11
core   0: 1 0x0000000080005798 (0x03be64bb) x9  0x000000002a271d10
core   0: 0x000000008000579c (0x009c4c33) xor     s8, s8, s1
core   0: 1 0x000000008000579c (0x009c4c33) x24 0x00000000aa277d02
core   0: 0x00000000800057a0 (0x0339f1d3) fadd.d  ft3, fs3, fs3
core   0: 1 0x00000000800057a0 (0x0339f1d3) f3  0x7ff8000000000000
core   0: 0x00000000800057a4 (0x002413f3) csrrw   t2, frm, s0
core   0: 1 0x00000000800057a4 (0x002413f3) x7  0x0000000000000000 c2_frm 0x0000000000000000
core   0: 0x00000000800057a8 (0x02fc4bbb) divw    s7, s8, a5
core   0: 1 0x00000000800057a8 (0x02fc4bbb) x23 0xffffffffffffffff
core   0: 0x00000000800057ac (0x017386b3) add     a3, t2, s7
core   0: 1 0x00000000800057ac (0x017386b3) x13 0xffffffffffffffff
core   0: 0x00000000800057b0 (0x12e4f4d3) fmul.d  fs1, fs1, fa4
core   0: 1 0x00000000800057b0 (0x12e4f4d3) f9  0x0000000000000000
core   0: 0x00000000800057b4 (0x43a1d313) srai    t1, gp, 58
core   0: 1 0x00000000800057b4 (0x43a1d313) x6  0x000000000000001f
core   0: 0x00000000800057b8 (0x01f31393) slli    t2, t1, 31
core   0: 1 0x00000000800057b8 (0x01f31393) x7  0x0000000f80000000
core   0: 0x00000000800057bc (0x00fc0e33) add     t3, s8, a5
core   0: 1 0x00000000800057bc (0x00fc0e33) x28 0x00000000aa277d02
core   0: 0x00000000800057c0 (0x31035df3) csrrwi  s11, mstatush, 6
core   0: exception trap_illegal_instruction, epc 0x00000000800057c0
core   0:           tval 0x0000000031035df3
core   0: >>>>  $xrv64i2p1_m2p0_a2p1_f2p2_d2p2_zicsr2p0_zifencei2p0_zmmul1p0_zba1p0_zbb1p0_zbc1p0_zbs1p0
core   0: 0x0000000080004000 (0x0080006f) j       pc + 0x8
core   0: 3 0x0000000080004000 (0x0080006f)
core   0: >>>>  mmode_exception_handler
core   0: 0x0000000080004008 (0x00002c17) auipc   s8, 0x2
core   0: 3 0x0000000080004008 (0x00002c17) x24 0x0000000080006008
core   0: 0x000000008000400c (0x00ac0c13) addi    s8, s8, 10
core   0: 3 0x000000008000400c (0x00ac0c13) x24 0x0000000080006012
core   0: 0x0000000080004010 (0x000c00e7) jalr    s8
core   0: 3 0x0000000080004010 (0x000c00e7) x1  0x0000000080004014
core   0: >>>>  any_handler
core   0: 0x0000000080006012 (0x341027f3) csrrs   a5, mepc, zero
core   0: 3 0x0000000080006012 (0x341027f3) x15 0x00000000800057c0
core   0: 0x0000000080006016 (0x34202773) csrrs   a4, mcause, zero
core   0: 3 0x0000000080006016 (0x34202773) x14 0x0000000000000002
core   0: 0x000000008000601a (0x142026f3) csrrs   a3, scause, zero
core   0: 3 0x000000008000601a (0x142026f3) x13 0x0000000000000000
core   0: 0x000000008000601e (0x30402673) csrrs   a2, mie, zero
core   0: 3 0x000000008000601e (0x30402673) x12 0x0000000000000a00
core   0: 0x0000000080006022 (0x344025f3) csrrs   a1, mip, zero
core   0: 3 0x0000000080006022 (0x344025f3) x11 0x0000000000000080
core   0: 0x0000000080006026 (0x343025f3) csrrs   a1, mtval, zero
core   0: 3 0x0000000080006026 (0x343025f3) x11 0x0000000031035df3
core   0: 0x000000008000602a (0x14302573) csrrs   a0, stval, zero
core   0: 3 0x000000008000602a (0x14302573) x10 0x0000000000000000
core   0: 0x000000008000602e (0xb02024f3) csrrs   s1, minstret, zero
core   0: 3 0x000000008000602e (0xb02024f3) x9  0x0000000000000f56
core   0: 0x0000000080006032 (0x0000a811) c.j     pc + 20
core   0: 3 0x0000000080006032 (0xa811)
core   0: >>>>  mepc_4
core   0: 0x0000000080006046 (0x00000791) c.addi  a5, 4
core   0: 3 0x0000000080006046 (0x0791) x15 0x00000000800057c4
core   0: 0x0000000080006048 (0x34179073) csrrw   zero, mepc, a5
core   0: 3 0x0000000080006048 (0x34179073) c833_mepc 0x00000000800057c4
core   0: 0x000000008000604c (0x30200073) mret
core   0: 3 0x000000008000604c (0x30200073) c768_mstatus 0x8000000a00106080
core   0: 0x00000000800057c4 (0x4000dc1b) sraiw   s8, ra, 0
core   0: 1 0x00000000800057c4 (0x4000dc1b) x24 0xffffffff80004014
core   0: 0x00000000800057c8 (0x800df213) andi    tp, s11, -2048
core   0: 1 0x00000000800057c8 (0x800df213) x4  0x0000000080004000
core   0: 0x00000000800057cc (0x41c782b3) sub     t0, a5, t3
core   0: 1 0x00000000800057cc (0x41c782b3) x5  0xffffffffd5d8dac2
core   0: 0x00000000800057d0 (0x2b5d9ad3) fmax.d  fs5, fs11, fs5
core   0: 1 0x00000000800057d0 (0x2b5d9ad3) f21 0x0000000000000002
core   0: 0x00000000800057d4 (0x0008509b) srliw   ra, a6, 0
core   0: 1 0x00000000800057d4 (0x0008509b) x1  0x0000000000000001
core   0: 0x00000000800057d8 (0xbbad7f4f) fnmadd.d ft10, fs10, fs10, fs7
core   0: 1 0x00000000800057d8 (0xbbad7f4f) f30 0x7ff8000000000000
core   0: 0x00000000800057dc (0x0219b9b3) mulhu   s3, s3, ra
core   0: 1 0x00000000800057dc (0x0219b9b3) x19 0x0000000000000000
core   0: 0x00000000800057e0 (0x00008caa) c.mv    s9, a0
core   0: 1 0x00000000800057e0 (0x8caa) x25 0x0000000000000000
core   0: 0x00000000800057e2 (0x00000001) c.nop
core   0: 1 0x00000000800057e2 (0x0001)
core   0: 0x00000000800057e4 (0x001993f3) csrrw   t2, fflags, s3
core   0: 1 0x00000000800057e4 (0x001993f3) x7  0x0000000000000011 c1_fflags 0x0000000000000000
core   0: 0x00000000800057e8 (0x00e6931b) slliw   t1, a3, 14
core   0: 1 0x00000000800057e8 (0x00e6931b) x6  0x0000000000000000
core   0: 0x00000000800057ec (0xa3e604d3) fle.d   s1, fa2, ft10
core   0: 1 0x00000000800057ec (0xa3e604d3) c1_fflags 0x0000000000000010 x9  0x0000000000000000
core   0: 0x00000000800057f0 (0xd20485d3) fcvt.d.w fa1, s1
core   0: 1 0x00000000800057f0 (0xd20485d3) f11 0x0000000000000000
core   0: 0x00000000800057f4 (0x01449d3b) sllw    s10, s1, s4
core   0: 1 0x00000000800057f4 (0x01449d3b) x26 0x0000000000000000
core   0: 0x00000000800057f8 (0x021afa3b) remuw   s4, s5, ra
core   0: 1 0x00000000800057f8 (0x021afa3b) x20 0x0000000000000000
core   0: 0x00000000800057fc (0x71240a9b) addiw   s5, s0, 1810
core   0: 1 0x00000000800057fc (0x71240a9b) x21 0x0000000000000712
core   0: 0x0000000080005800 (0xd20207d3) fcvt.d.w fa5, tp
core   0: 1 0x0000000080005800 (0xd20207d3) f15 0xc1dffff000000000
core   0: 0x0000000080005804 (0x03dee5bb) remw    a1, t4, t4
core   0: 1 0x0000000080005804 (0x03dee5bb) x11 0x0000000000000000
core   0: 0x0000000080005808 (0x5a0a7fd3) fsqrt.d ft11, fs4
core   0: 1 0x0000000080005808 (0x5a0a7fd3) f31 0x7ff8000000000000
core   0: 0x000000008000580c (0x03ad6bb3) rem     s7, s10, s10
core   0: 1 0x000000008000580c (0x03ad6bb3) x23 0x0000000000000000
core   0: 0x0000000080005810 (0x7ffd029b) addiw   t0, s10, 2047
core   0: 1 0x0000000080005810 (0x7ffd029b) x5  0x00000000000007ff
core   0: 0x0000000080005814 (0x22e72fd3) fsgnjx.d ft11, fa4, fa4
core   0: 1 0x0000000080005814 (0x22e72fd3) f31 0x0000000000000000
core   0: 0x0000000080005818 (0x42040dd3) fcvt.d.s fs11, fs0
core   0: 1 0x0000000080005818 (0x42040dd3) f27 0x7ff8000000000000
core   0: 0x000000008000581c (0x0372f933) remu    s2, t0, s7
core   0: 1 0x000000008000581c (0x0372f933) x18 0x00000000000007ff
core   0: 0x0000000080005820 (0x01c8c133) xor     sp, a7, t3
core   0: 1 0x0000000080005820 (0x01c8c133) x2  0x00000000aa277d02
core   0: 0x0000000080005824 (0x0314ca33) div     s4, s1, a7
core   0: 1 0x0000000080005824 (0x0314ca33) x20 0xffffffffffffffff
core   0: 0x0000000080005828 (0x00000001) c.nop
core   0: 1 0x0000000080005828 (0x0001)
core   0: 0x000000008000582a (0x0031161b) slliw   a2, sp, 3
core   0: 1 0x000000008000582a (0x0031161b) x12 0x00000000513be810
core   0: 0x000000008000582e (0xc22078d3) fcvt.l.d a7, ft0
core   0: 1 0x000000008000582e (0xc22078d3) x17 0x0000000000000000
core   0: 0x0000000080005832 (0x00000001) c.nop
core   0: 1 0x0000000080005832 (0x0001)
core   0: 0x0000000080005834 (0x00b554bb) srlw    s1, a0, a1
core   0: 1 0x0000000080005834 (0x00b554bb) x9  0x0000000000000000
core   0: 0x0000000080005838 (0x0184913b) sllw    sp, s1, s8
core   0: 1 0x0000000080005838 (0x0184913b) x2  0x0000000000000000
core   0: 0x000000008000583c (0x0000809d) c.srli  s1, 7
core   0: 1 0x000000008000583c (0x809d) x9  0x0000000000000000
core   0: 0x000000008000583e (0x7ff6061b) addiw   a2, a2, 2047
core   0: 1 0x000000008000583e (0x7ff6061b) x12 0x00000000513bf00f
core   0: 0x0000000080005842 (0x122ef153) fmul.d  ft2, ft9, ft2
core   0: 1 0x0000000080005842 (0x122ef153) f2  0x7ff8000000000000
core   0: 0x0000000080005846 (0x015e5e13) srli    t3, t3, 21
core   0: 1 0x0000000080005846 (0x015e5e13) x28 0x0000000000000551
core   0: 0x000000008000584a (0x00202d73) csrrs   s10, frm, zero
core   0: 1 0x000000008000584a (0x00202d73) x26 0x0000000000000000
core   0: 0x000000008000584e (0xee636597) auipc   a1, 0xee636
core   0: 1 0x000000008000584e (0xee636597) x11 0x000000006e63b84e
core   0: 0x0000000080005852 (0x0009d193) srli    gp, s3, 0
core   0: 1 0x0000000080005852 (0x0009d193) x3  0x0000000000000000
core   0: 0x0000000080005856 (0xfb157c93) andi    s9, a0, -79
core   0: 1 0x0000000080005856 (0xfb157c93) x25 0x0000000000000000
core   0: 0x000000008000585a (0x414e8a33) sub     s4, t4, s4
core   0: 1 0x000000008000585a (0x414e8a33) x20 0x0000000000000001
core   0: 0x000000008000585e (0x40005013) srai    zero, zero, 0
core   0: 1 0x000000008000585e (0x40005013)
core   0: 0x0000000080005862 (0x03bb7353) fadd.d  ft6, fs6, fs11
core   0: 1 0x0000000080005862 (0x03bb7353) f6  0x7ff8000000000000
core   0: 0x0000000080005866 (0x1fea0e9b) addiw   t4, s4, 510
core   0: 1 0x0000000080005866 (0x1fea0e9b) x29 0x00000000000001ff
core   0: 0x000000008000586a (0x00202773) csrrs   a4, frm, zero
core   0: 1 0x000000008000586a (0x00202773) x14 0x0000000000000000
core   0: 0x000000008000586e (0xca957643) fmadd.d fa2, fa0, fs1, fs9
core   0: 1 0x000000008000586e (0xca957643) f12 0x7ff8000000000000
core   0: 0x0000000080005872 (0xd20a82d3) fcvt.d.w ft5, s5
core   0: 1 0x0000000080005872 (0xd20a82d3) f5  0x409c480000000000
core   0: 0x0000000080005876 (0x03612cb3) mulhsu  s9, sp, s6
core   0: 1 0x0000000080005876 (0x03612cb3) x25 0x0000000000000000
core   0: 0x000000008000587a (0x23fba5d3) fsgnjx.d fa1, fs7, ft11
core   0: 1 0x000000008000587a (0x23fba5d3) f11 0x7fffffffbf800000
core   0: 0x000000008000587e (0x23199653) fsgnjn.d fa2, fs3, fa7
core   0: 1 0x000000008000587e (0x23199653) f12 0x7ff8000000000000
core   0: 0x0000000080005882 (0x409c0433) sub     s0, s8, s1
core   0: 1 0x0000000080005882 (0x409c0433) x8  0xffffffff80004014
core   0: 0x0000000080005886 (0x018a559b) srliw   a1, s4, 24
core   0: 1 0x0000000080005886 (0x018a559b) x11 0x0000000000000000
core   0: 0x000000008000588a (0x03cd6833) rem     a6, s10, t3
core   0: 1 0x000000008000588a (0x03cd6833) x16 0x0000000000000000
core   0: 0x000000008000588e (0x03929833) mulh    a6, t0, s9
core   0: 1 0x000000008000588e (0x03929833) x16 0x0000000000000000
core   0: 0x0000000080005892 (0x002027f3) csrrs   a5, frm, zero
core   0: 1 0x0000000080005892 (0x002027f3) x15 0x0000000000000000
core   0: 0x0000000080005896 (0xfbddb4b7) lui     s1, 0xfbddb
core   0: 1 0x0000000080005896 (0xfbddb4b7) x9  0xfffffffffbddb000
core   0: 0x000000008000589a (0x7b94849b) addiw   s1, s1, 1977
core   0: 1 0x000000008000589a (0x7b94849b) x9  0xfffffffffbddb7b9
core   0: 0x000000008000589e (0x000004b2) c.slli  s1, 12
core   0: 1 0x000000008000589e (0x04b2) x9  0xffffffbddb7b9000
core   0: 0x00000000800058a0 (0x1ce48493) addi    s1, s1, 462
core   0: 1 0x00000000800058a0 (0x1ce48493) x9  0xffffffbddb7b91ce
core   0: 0x00000000800058a4 (0x420580d3) fcvt.d.s ft1, fa1
core   0: 1 0x00000000800058a4 (0x420580d3) f1  0x7ff8000000000000
core   0: 0x00000000800058a8 (0x40f55313) srai    t1, a0, 15
core   0: 1 0x00000000800058a8 (0x40f55313) x6  0x0000000000000000
core   0: 0x00000000800058ac (0x00000001) c.nop
core   0: 1 0x00000000800058ac (0x0001)
core   0: 0x00000000800058ae (0x0158583b) srlw    a6, a6, s5
core   0: 1 0x00000000800058ae (0x0158583b) x16 0x0000000000000000
core   0: 0x00000000800058b2 (0xfeff54b7) lui     s1, 0xfeff5
core   0: 1 0x00000000800058b2 (0xfeff54b7) x9  0xfffffffffeff5000
core   0: 0x00000000800058b6 (0x03d4849b) addiw   s1, s1, 61
core   0: 1 0x00000000800058b6 (0x03d4849b) x9  0xfffffffffeff503d
core   0: 0x00000000800058ba (0x000004ba) c.slli  s1, 14
core   0: 1 0x00000000800058ba (0x04ba) x9  0xffffffbfd40f4000
core   0: 0x00000000800058bc (0x7d248493) addi    s1, s1, 2002
core   0: 1 0x00000000800058bc (0x7d248493) x9  0xffffffbfd40f47d2
core   0: 0x00000000800058c0 (0xc22bf753) fcvt.l.d a4, fs7
core   0: 1 0x00000000800058c0 (0xc22bf753) c1_fflags 0x0000000000000010 x14 0x7fffffffffffffff
core   0: 0x00000000800058c4 (0x0ab17c53) fsub.d  fs8, ft2, fa1
core   0: 1 0x00000000800058c4 (0x0ab17c53) f24 0x7ff8000000000000
core   0: 0x00000000800058c8 (0xc02679d3) fcvt.l.s s3, fa2
core   0: 1 0x00000000800058c8 (0xc02679d3) c1_fflags 0x0000000000000010 x19 0x7fffffffffffffff
core   0: 0x00000000800058cc (0x1b91f1d3) fdiv.d  ft3, ft3, fs9
core   0: 1 0x00000000800058cc (0x1b91f1d3) f3  0x7ff8000000000000
core   0: 0x00000000800058d0 (0xc03a71d3) fcvt.lu.s gp, fs4
core   0: 1 0x00000000800058d0 (0xc03a71d3) x3  0x0000000095d94300
core   0: 0x00000000800058d4 (0x2b3a1b53) fmax.d  fs6, fs4, fs3
core   0: 1 0x00000000800058d4 (0x2b3a1b53) f22 0x7ff8000000000000
core   0: 0x00000000800058d8 (0x403986b3) sub     a3, s3, gp
core   0: 1 0x00000000800058d8 (0x403986b3) x13 0x7fffffff6a26bcff
core   0: 0x00000000800058dc (0x4079d493) srai    s1, s3, 7
core   0: 1 0x00000000800058dc (0x4079d493) x9  0x00ffffffffffffff
core   0: 0x00000000800058e0 (0x01867c33) and     s8, a2, s8
core   0: 1 0x00000000800058e0 (0x01867c33) x24 0x0000000000004004
core   0: 0x00000000800058e4 (0xc23a72d3) fcvt.lu.d t0, fs4
core   0: 1 0x00000000800058e4 (0xc23a72d3) c1_fflags 0x0000000000000010 x5  0xffffffffffffffff
core   0: 0x00000000800058e8 (0xd2160353) fcvt.d.wu ft6, a2
core   0: 1 0x00000000800058e8 (0xd2160353) f6  0x41d44efc03c00000
core   0: 0x00000000800058ec (0x02115413) srli    s0, sp, 33
core   0: 1 0x00000000800058ec (0x02115413) x8  0x0000000000000000
core   0: 0x00000000800058f0 (0x03aabd33) mulhu   s10, s5, s10
core   0: 1 0x00000000800058f0 (0x03aabd33) x26 0x0000000000000000
core   0: 0x00000000800058f4 (0xd2150d53) fcvt.d.wu fs10, a0
core   0: 1 0x00000000800058f4 (0xd2150d53) f26 0x0000000000000000
core   0: 0x00000000800058f8 (0x4082d2b3) sra     t0, t0, s0
core   0: 1 0x00000000800058f8 (0x4082d2b3) x5  0xffffffffffffffff
core   0: 0x00000000800058fc (0x41d60bb3) sub     s7, a2, t4
core   0: 1 0x00000000800058fc (0x41d60bb3) x23 0x00000000513bee10
core   0: 0x0000000080005900 (0x2ba31253) fmax.d  ft4, ft6, fs10
core   0: 1 0x0000000080005900 (0x2ba31253) f4  0x41d44efc03c00000
core   0: 0x0000000080005904 (0x22e220d3) fsgnjx.d ft1, ft4, fa4
core   0: 1 0x0000000080005904 (0x22e220d3) f1  0x41d44efc03c00000
core   0: 0x0000000080005908 (0xd21282d3) fcvt.d.wu ft5, t0
core   0: 1 0x0000000080005908 (0xd21282d3) f5  0x41efffffffe00000
core   0: 0x000000008000590c (0x2231afd3) fsgnjx.d ft11, ft3, ft3
core   0: 1 0x000000008000590c (0x2231afd3) f31 0x7ff8000000000000
core   0: 0x0000000080005910 (0x10a9a073) csrrs   zero, senvcfg, s3
core   0: 1 0x0000000080005910 (0x10a9a073) c266_senvcfg 0x0000000000000000
core   0: 0x0000000080005914 (0x401f70d3) fcvt.s.d ft1, ft10
core   0: 1 0x0000000080005914 (0x401f70d3) f1  0xffffffff7fc00000
core   0: 0x0000000080005918 (0xd02e7f53) fcvt.s.l ft10, t3
core   0: 1 0x0000000080005918 (0xd02e7f53) f30 0xffffffff44aa2000
core   0: 0x000000008000591c (0x0a0c7553) fsub.d  fa0, fs8, ft0
core   0: 1 0x000000008000591c (0x0a0c7553) f10 0x7ff8000000000000
core   0: 0x0000000080005920 (0xd03af6d3) fcvt.s.lu fa3, s5
core   0: 1 0x0000000080005920 (0xd03af6d3) f13 0xffffffff44e24000
core   0: 0x0000000080005924 (0x010271b3) and     gp, tp, a6
core   0: 1 0x0000000080005924 (0x010271b3) x3  0x0000000000000000
core   0: 0x0000000080005928 (0x013a0133) add     sp, s4, s3
core   0: 1 0x0000000080005928 (0x013a0133) x2  0x8000000000000000
core   0: 0x000000008000592c (0x0293ba33) mulhu   s4, t2, s1
core   0: 1 0x000000008000592c (0x0293ba33) x20 0x0000000000000000
core   0: 0x0000000080005930 (0x462ce793) ori     a5, s9, 1122
core   0: 1 0x0000000080005930 (0x462ce793) x15 0x0000000000000462
core   0: 0x0000000080005934 (0x0a477253) fsub.d  ft4, fa4, ft4
core   0: 1 0x0000000080005934 (0x0a477253) f4  0xc1d44efc03c00000
core   0: 0x0000000080005938 (0xc20c7e53) fcvt.w.d t3, fs8
core   0: 1 0x0000000080005938 (0xc20c7e53) c1_fflags 0x0000000000000010 x28 0x000000007fffffff
core   0: 0x000000008000593c (0x0ff0000f) fence   iorw,iorw
core   0: 1 0x000000008000593c (0x0ff0000f)
core   0: 0x0000000080005940 (0xb02b71f3) csrrci  gp, minstret, 22
core   0: exception trap_illegal_instruction, epc 0x0000000080005940
core   0:           tval 0x00000000b02b71f3
core   0: >>>>  $xrv64i2p1_m2p0_a2p1_f2p2_d2p2_zicsr2p0_zifencei2p0_zmmul1p0_zba1p0_zbb1p0_zbc1p0_zbs1p0
core   0: 0x0000000080004000 (0x0080006f) j       pc + 0x8
core   0: 3 0x0000000080004000 (0x0080006f)
core   0: >>>>  mmode_exception_handler
core   0: 0x0000000080004008 (0x00002c17) auipc   s8, 0x2
core   0: 3 0x0000000080004008 (0x00002c17) x24 0x0000000080006008
core   0: 0x000000008000400c (0x00ac0c13) addi    s8, s8, 10
core   0: 3 0x000000008000400c (0x00ac0c13) x24 0x0000000080006012
core   0: 0x0000000080004010 (0x000c00e7) jalr    s8
core   0: 3 0x0000000080004010 (0x000c00e7) x1  0x0000000080004014
core   0: >>>>  any_handler
core   0: 0x0000000080006012 (0x341027f3) csrrs   a5, mepc, zero
core   0: 3 0x0000000080006012 (0x341027f3) x15 0x0000000080005940
core   0: 0x0000000080006016 (0x34202773) csrrs   a4, mcause, zero
core   0: 3 0x0000000080006016 (0x34202773) x14 0x0000000000000002
core   0: 0x000000008000601a (0x142026f3) csrrs   a3, scause, zero
core   0: 3 0x000000008000601a (0x142026f3) x13 0x0000000000000000
core   0: 0x000000008000601e (0x30402673) csrrs   a2, mie, zero
core   0: 3 0x000000008000601e (0x30402673) x12 0x0000000000000a00
core   0: 0x0000000080006022 (0x344025f3) csrrs   a1, mip, zero
core   0: 3 0x0000000080006022 (0x344025f3) x11 0x0000000000000080
core   0: 0x0000000080006026 (0x343025f3) csrrs   a1, mtval, zero
core   0: 3 0x0000000080006026 (0x343025f3) x11 0x00000000b02b71f3
core   0: 0x000000008000602a (0x14302573) csrrs   a0, stval, zero
core   0: 3 0x000000008000602a (0x14302573) x10 0x0000000000000000
core   0: 0x000000008000602e (0xb02024f3) csrrs   s1, minstret, zero
core   0: 3 0x000000008000602e (0xb02024f3) x9  0x0000000000000fc9
core   0: 0x0000000080006032 (0x0000a811) c.j     pc + 20
core   0: 3 0x0000000080006032 (0xa811)
core   0: >>>>  mepc_4
core   0: 0x0000000080006046 (0x00000791) c.addi  a5, 4
core   0: 3 0x0000000080006046 (0x0791) x15 0x0000000080005944
core   0: 0x0000000080006048 (0x34179073) csrrw   zero, mepc, a5
core   0: 3 0x0000000080006048 (0x34179073) c833_mepc 0x0000000080005944
core   0: 0x000000008000604c (0x30200073) mret
core   0: 3 0x000000008000604c (0x30200073) c768_mstatus 0x8000000a00106080
core   0: 0x0000000080005944 (0xd021fdd3) fcvt.s.l fs11, gp
core   0: 1 0x0000000080005944 (0xd021fdd3) f27 0xffffffff00000000
core   0: 0x0000000080005948 (0x1a95f6cb) fnmsub.d fa3, fa1, fs1, ft3
core   0: 1 0x0000000080005948 (0x1a95f6cb) f13 0x7ff8000000000000
core   0: 0x000000008000594c (0x2abe9fd3) fmax.d  ft11, ft9, fa1
core   0: 1 0x000000008000594c (0x2abe9fd3) f31 0x7ff8000000000000
core   0: 0x0000000080005950 (0x5a05f853) fsqrt.d fa6, fa1
core   0: 1 0x0000000080005950 (0x5a05f853) f16 0x7ff8000000000000
core   0: 0x0000000080005954 (0x01305133) srl     sp, zero, s3
core   0: 1 0x0000000080005954 (0x01305133) x2  0x0000000000000000
core   0: 0x0000000080005958 (0x0019d49b) srliw   s1, s3, 1
core   0: 1 0x0000000080005958 (0x0019d49b) x9  0x000000007fffffff
core   0: 0x000000008000595c (0x02be0b3b) mulw    s6, t3, a1
core   0: 1 0x000000008000595c (0x02be0b3b) x22 0xffffffffcfd48e0d
core   0: 0x0000000080005960 (0xc02ff053) fcvt.l.s zero, ft11
core   0: 1 0x0000000080005960 (0xc02ff053) c1_fflags 0x0000000000000010
core   0: 0x0000000080005964 (0x404bd9bb) sraw    s3, s7, tp
core   0: 1 0x0000000080005964 (0x404bd9bb) x19 0x00000000513bee10
core   0: 0x0000000080005968 (0x4173db3b) sraw    s6, t2, s7
core   0: 1 0x0000000080005968 (0x4173db3b) x22 0x0000000000000000
core   0: 0x000000008000596c (0x306618f3) csrrw   a7, mcounteren, a2
core   0: exception trap_illegal_instruction, epc 0x000000008000596c
core   0:           tval 0x00000000306618f3
core   0: >>>>  $xrv64i2p1_m2p0_a2p1_f2p2_d2p2_zicsr2p0_zifencei2p0_zmmul1p0_zba1p0_zbb1p0_zbc1p0_zbs1p0
core   0: 0x0000000080004000 (0x0080006f) j       pc + 0x8
core   0: 3 0x0000000080004000 (0x0080006f)
core   0: >>>>  mmode_exception_handler
core   0: 0x0000000080004008 (0x00002c17) auipc   s8, 0x2
core   0: 3 0x0000000080004008 (0x00002c17) x24 0x0000000080006008
core   0: 0x000000008000400c (0x00ac0c13) addi    s8, s8, 10
core   0: 3 0x000000008000400c (0x00ac0c13) x24 0x0000000080006012
core   0: 0x0000000080004010 (0x000c00e7) jalr    s8
core   0: 3 0x0000000080004010 (0x000c00e7) x1  0x0000000080004014
core   0: >>>>  any_handler
core   0: 0x0000000080006012 (0x341027f3) csrrs   a5, mepc, zero
core   0: 3 0x0000000080006012 (0x341027f3) x15 0x000000008000596c
core   0: 0x0000000080006016 (0x34202773) csrrs   a4, mcause, zero
core   0: 3 0x0000000080006016 (0x34202773) x14 0x0000000000000002
core   0: 0x000000008000601a (0x142026f3) csrrs   a3, scause, zero
core   0: 3 0x000000008000601a (0x142026f3) x13 0x0000000000000000
core   0: 0x000000008000601e (0x30402673) csrrs   a2, mie, zero
core   0: 3 0x000000008000601e (0x30402673) x12 0x0000000000000a00
core   0: 0x0000000080006022 (0x344025f3) csrrs   a1, mip, zero
core   0: 3 0x0000000080006022 (0x344025f3) x11 0x0000000000000080
core   0: 0x0000000080006026 (0x343025f3) csrrs   a1, mtval, zero
core   0: 3 0x0000000080006026 (0x343025f3) x11 0x00000000306618f3
core   0: 0x000000008000602a (0x14302573) csrrs   a0, stval, zero
core   0: 3 0x000000008000602a (0x14302573) x10 0x0000000000000000
core   0: 0x000000008000602e (0xb02024f3) csrrs   s1, minstret, zero
core   0: 3 0x000000008000602e (0xb02024f3) x9  0x0000000000000fe3
core   0: 0x0000000080006032 (0x0000a811) c.j     pc + 20
core   0: 3 0x0000000080006032 (0xa811)
core   0: >>>>  mepc_4
core   0: 0x0000000080006046 (0x00000791) c.addi  a5, 4
core   0: 3 0x0000000080006046 (0x0791) x15 0x0000000080005970
core   0: 0x0000000080006048 (0x34179073) csrrw   zero, mepc, a5
core   0: 3 0x0000000080006048 (0x34179073) c833_mepc 0x0000000080005970
core   0: 0x000000008000604c (0x30200073) mret
core   0: 3 0x000000008000604c (0x30200073) c768_mstatus 0x8000000a00106080
core   0: 0x0000000080005970 (0x02745b33) divu    s6, s0, t2
core   0: 1 0x0000000080005970 (0x02745b33) x22 0x0000000000000000
core   0: 0x0000000080005974 (0x83f5f64b) fnmsub.d fa2, fa1, ft11, fa6
core   0: 1 0x0000000080005974 (0x83f5f64b) f12 0x7ff8000000000000
core   0: 0x0000000080005978 (0x0261f333) remu    t1, gp, t1
core   0: 1 0x0000000080005978 (0x0261f333) x6  0x0000000000000000
core   0: 0x000000008000597c (0xc23772d3) fcvt.lu.d t0, fa4
core   0: 1 0x000000008000597c (0xc23772d3) x5  0x0000000000000000
core   0: 0x0000000080005980 (0x03b6563b) divuw   a2, a2, s11
core   0: 1 0x0000000080005980 (0x03b6563b) x12 0x0000000000000000
core   0: 0x0000000080005984 (0x1045ebf3) csrrsi  s7, sie, 11
core   0: 1 0x0000000080005984 (0x1045ebf3) x23 0x0000000000000000 c772_mie 0x0000000000000a00
core   0: 0x0000000080005988 (0x232c98d3) fsgnjn.d fa7, fs9, fs2
core   0: 1 0x0000000080005988 (0x232c98d3) f17 0xfff8000000000000
core   0: 0x000000008000598c (0x401f7353) fcvt.s.d ft6, ft10
core   0: 1 0x000000008000598c (0x401f7353) f6  0xffffffff7fc00000
core   0: 0x0000000080005990 (0x40055593) srai    a1, a0, 0
core   0: 1 0x0000000080005990 (0x40055593) x11 0x0000000000000000
core   0: 0x0000000080005994 (0x00b7503b) srlw    zero, a4, a1
core   0: 1 0x0000000080005994 (0x00b7503b)
core   0: 0x0000000080005998 (0xe20791d3) fclass.d gp, fa5
core   0: 1 0x0000000080005998 (0xe20791d3) x3  0x0000000000000002
core   0: 0x000000008000599c (0x41d75dbb) sraw    s11, a4, t4
core   0: 1 0x000000008000599c (0x41d75dbb) x27 0x0000000000000000
core   0: 0x00000000800059a0 (0x038a33b3) mulhu   t2, s4, s8
core   0: 1 0x00000000800059a0 (0x038a33b3) x7  0x0000000000000000
core   0: 0x00000000800059a4 (0x8acbf64b) fnmsub.d fa2, fs7, fa2, fa7
core   0: 1 0x00000000800059a4 (0x8acbf64b) f12 0x7ff8000000000000
core   0: 0x00000000800059a8 (0x001696f3) csrrw   a3, fflags, a3
core   0: 1 0x00000000800059a8 (0x001696f3) x13 0x0000000000000010 c1_fflags 0x0000000000000000
core   0: 0x00000000800059ac (0xc037f3d3) fcvt.lu.s t2, fa5
core   0: 1 0x00000000800059ac (0xc037f3d3) c1_fflags 0x0000000000000010 x7  0xffffffffffffffff
core   0: 0x00000000800059b0 (0x00202e73) csrrs   t3, frm, zero
core   0: 1 0x00000000800059b0 (0x00202e73) x28 0x0000000000000000
core   0: 0x00000000800059b4 (0x01087a33) and     s4, a6, a6
core   0: 1 0x00000000800059b4 (0x01087a33) x20 0x0000000000000000
core   0: 0x00000000800059b8 (0x006d5233) srl     tp, s10, t1
core   0: 1 0x00000000800059b8 (0x006d5233) x4  0x0000000000000000
core   0: 0x00000000800059bc (0xd023f6d3) fcvt.s.l fa3, t2
core   0: 1 0x00000000800059bc (0xd023f6d3) f13 0xffffffffbf800000
core   0: 0x00000000800059c0 (0x7477f6f3) csrrci  a3, mseccfg, 15
core   0: exception trap_illegal_instruction, epc 0x00000000800059c0
core   0:           tval 0x000000007477f6f3
core   0: >>>>  $xrv64i2p1_m2p0_a2p1_f2p2_d2p2_zicsr2p0_zifencei2p0_zmmul1p0_zba1p0_zbb1p0_zbc1p0_zbs1p0
core   0: 0x0000000080004000 (0x0080006f) j       pc + 0x8
core   0: 3 0x0000000080004000 (0x0080006f)
core   0: >>>>  mmode_exception_handler
core   0: 0x0000000080004008 (0x00002c17) auipc   s8, 0x2
core   0: 3 0x0000000080004008 (0x00002c17) x24 0x0000000080006008
core   0: 0x000000008000400c (0x00ac0c13) addi    s8, s8, 10
core   0: 3 0x000000008000400c (0x00ac0c13) x24 0x0000000080006012
core   0: 0x0000000080004010 (0x000c00e7) jalr    s8
core   0: 3 0x0000000080004010 (0x000c00e7) x1  0x0000000080004014
core   0: >>>>  any_handler
core   0: 0x0000000080006012 (0x341027f3) csrrs   a5, mepc, zero
core   0: 3 0x0000000080006012 (0x341027f3) x15 0x00000000800059c0
core   0: 0x0000000080006016 (0x34202773) csrrs   a4, mcause, zero
core   0: 3 0x0000000080006016 (0x34202773) x14 0x0000000000000002
core   0: 0x000000008000601a (0x142026f3) csrrs   a3, scause, zero
core   0: 3 0x000000008000601a (0x142026f3) x13 0x0000000000000000
core   0: 0x000000008000601e (0x30402673) csrrs   a2, mie, zero
core   0: 3 0x000000008000601e (0x30402673) x12 0x0000000000000a00
core   0: 0x0000000080006022 (0x344025f3) csrrs   a1, mip, zero
core   0: 3 0x0000000080006022 (0x344025f3) x11 0x0000000000000080
core   0: 0x0000000080006026 (0x343025f3) csrrs   a1, mtval, zero
core   0: 3 0x0000000080006026 (0x343025f3) x11 0x000000007477f6f3
core   0: 0x000000008000602a (0x14302573) csrrs   a0, stval, zero
core   0: 3 0x000000008000602a (0x14302573) x10 0x0000000000000000
core   0: 0x000000008000602e (0xb02024f3) csrrs   s1, minstret, zero
core   0: 3 0x000000008000602e (0xb02024f3) x9  0x0000000000001007
core   0: 0x0000000080006032 (0x0000a811) c.j     pc + 20
core   0: 3 0x0000000080006032 (0xa811)
core   0: >>>>  mepc_4
core   0: 0x0000000080006046 (0x00000791) c.addi  a5, 4
core   0: 3 0x0000000080006046 (0x0791) x15 0x00000000800059c4
core   0: 0x0000000080006048 (0x34179073) csrrw   zero, mepc, a5
core   0: 3 0x0000000080006048 (0x34179073) c833_mepc 0x00000000800059c4
core   0: 0x000000008000604c (0x30200073) mret
core   0: 3 0x000000008000604c (0x30200073) c768_mstatus 0x8000000a00106080
core   0: 0x00000000800059c4 (0x022a1433) mulh    s0, s4, sp
core   0: 1 0x00000000800059c4 (0x022a1433) x8  0x0000000000000000
core   0: 0x00000000800059c8 (0x4081843b) subw    s0, gp, s0
core   0: 1 0x00000000800059c8 (0x4081843b) x8  0x0000000000000002
core   0: 0x00000000800059cc (0x4011f8d3) fcvt.s.d fa7, ft3
core   0: 1 0x00000000800059cc (0x4011f8d3) f17 0xffffffff7fc00000
core   0: 0x00000000800059d0 (0x0a9bf7c7) fmsub.d fa5, fs7, fs1, ft1
core   0: 1 0x00000000800059d0 (0x0a9bf7c7) f15 0x7ff8000000000000
core   0: 0x00000000800059d4 (0x00fe4933) xor     s2, t3, a5
core   0: 1 0x00000000800059d4 (0x00fe4933) x18 0x00000000800059c4
core   0: 0x00000000800059d8 (0xc203f5d3) fcvt.w.d a1, ft7
core   0: 1 0x00000000800059d8 (0xc203f5d3) x11 0x000000000000050b
core   0: 0x00000000800059dc (0x4048de33) sra     t3, a7, tp
core   0: 1 0x00000000800059dc (0x4048de33) x28 0x0000000000000000
core   0: 0x00000000800059e0 (0x2270a853) fsgnjx.d fa6, ft1, ft7
core   0: 1 0x00000000800059e0 (0x2270a853) f16 0xffffffff7fc00000
core   0: 0x00000000800059e4 (0x42070153) fcvt.d.s ft2, fa4
core   0: 1 0x00000000800059e4 (0x42070153) f2  0x7ff8000000000000
core   0: 0x00000000800059e8 (0x005281bb) addw    gp, t0, t0
core   0: 1 0x00000000800059e8 (0x005281bb) x3  0x0000000000000000
core   0: 0x00000000800059ec (0x02f1c7b3) div     a5, gp, a5
core   0: 1 0x00000000800059ec (0x02f1c7b3) x15 0x0000000000000000
core   0: 0x00000000800059f0 (0xc20e7653) fcvt.w.d a2, ft8
core   0: 1 0x00000000800059f0 (0xc20e7653) x12 0x0000000000000000
core   0: 0x00000000800059f4 (0xc80f5873) csrrwi  a6, cycleh, 30
core   0: exception trap_illegal_instruction, epc 0x00000000800059f4
core   0:           tval 0x00000000c80f5873
core   0: >>>>  $xrv64i2p1_m2p0_a2p1_f2p2_d2p2_zicsr2p0_zifencei2p0_zmmul1p0_zba1p0_zbb1p0_zbc1p0_zbs1p0
core   0: 0x0000000080004000 (0x0080006f) j       pc + 0x8
core   0: 3 0x0000000080004000 (0x0080006f)
core   0: >>>>  mmode_exception_handler
core   0: 0x0000000080004008 (0x00002c17) auipc   s8, 0x2
core   0: 3 0x0000000080004008 (0x00002c17) x24 0x0000000080006008
core   0: 0x000000008000400c (0x00ac0c13) addi    s8, s8, 10
core   0: 3 0x000000008000400c (0x00ac0c13) x24 0x0000000080006012
core   0: 0x0000000080004010 (0x000c00e7) jalr    s8
core   0: 3 0x0000000080004010 (0x000c00e7) x1  0x0000000080004014
core   0: >>>>  any_handler
core   0: 0x0000000080006012 (0x341027f3) csrrs   a5, mepc, zero
core   0: 3 0x0000000080006012 (0x341027f3) x15 0x00000000800059f4
core   0: 0x0000000080006016 (0x34202773) csrrs   a4, mcause, zero
core   0: 3 0x0000000080006016 (0x34202773) x14 0x0000000000000002
core   0: 0x000000008000601a (0x142026f3) csrrs   a3, scause, zero
core   0: 3 0x000000008000601a (0x142026f3) x13 0x0000000000000000
core   0: 0x000000008000601e (0x30402673) csrrs   a2, mie, zero
core   0: 3 0x000000008000601e (0x30402673) x12 0x0000000000000a00
core   0: 0x0000000080006022 (0x344025f3) csrrs   a1, mip, zero
core   0: 3 0x0000000080006022 (0x344025f3) x11 0x0000000000000080
core   0: 0x0000000080006026 (0x343025f3) csrrs   a1, mtval, zero
core   0: 3 0x0000000080006026 (0x343025f3) x11 0x00000000c80f5873
core   0: 0x000000008000602a (0x14302573) csrrs   a0, stval, zero
core   0: 3 0x000000008000602a (0x14302573) x10 0x0000000000000000
core   0: 0x000000008000602e (0xb02024f3) csrrs   s1, minstret, zero
core   0: 3 0x000000008000602e (0xb02024f3) x9  0x0000000000001023
core   0: 0x0000000080006032 (0x0000a811) c.j     pc + 20
core   0: 3 0x0000000080006032 (0xa811)
core   0: >>>>  mepc_4
core   0: 0x0000000080006046 (0x00000791) c.addi  a5, 4
core   0: 3 0x0000000080006046 (0x0791) x15 0x00000000800059f8
core   0: 0x0000000080006048 (0x34179073) csrrw   zero, mepc, a5
core   0: 3 0x0000000080006048 (0x34179073) c833_mepc 0x00000000800059f8
core   0: 0x000000008000604c (0x30200073) mret
core   0: 3 0x000000008000604c (0x30200073) c768_mstatus 0x8000000a00106080
core   0: 0x00000000800059f8 (0xc20577d3) fcvt.w.d a5, fa0
core   0: 1 0x00000000800059f8 (0xc20577d3) c1_fflags 0x0000000000000010 x15 0x000000007fffffff
core   0: 0x00000000800059fc (0x0015f013) andi    zero, a1, 1
core   0: 1 0x00000000800059fc (0x0015f013)
core   0: 0x0000000080005a00 (0x0164121b) slliw   tp, s0, 22
core   0: 1 0x0000000080005a00 (0x0164121b) x4  0x0000000000800000
core   0: 0x0000000080005a04 (0xc03178d3) fcvt.lu.s a7, ft2
core   0: 1 0x0000000080005a04 (0xc03178d3) c1_fflags 0x0000000000000010 x17 0xffffffffffffffff
core   0: 0x0000000080005a08 (0xde51c193) xori    gp, gp, -539
core   0: 1 0x0000000080005a08 (0xde51c193) x3  0xfffffffffffffde5
core   0: 0x0000000080005a0c (0x03ae20b3) mulhsu  ra, t3, s10
core   0: 1 0x0000000080005a0c (0x03ae20b3) x1  0x0000000000000000
core   0: 0x0000000080005a10 (0x03c16133) rem     sp, sp, t3
core   0: 1 0x0000000080005a10 (0x03c16133) x2  0x0000000000000000
core   0: 0x0000000080005a14 (0x7a1cf1cf) fnmadd.d ft3, fs9, ft1, fa5
core   0: 1 0x0000000080005a14 (0x7a1cf1cf) f3  0x7ff8000000000000
core   0: 0x0000000080005a18 (0x41e85313) srai    t1, a6, 30
core   0: 1 0x0000000080005a18 (0x41e85313) x6  0x0000000000000000
core   0: 0x0000000080005a1c (0x019516b3) sll     a3, a0, s9
core   0: 1 0x0000000080005a1c (0x019516b3) x13 0x0000000000000000
core   0: 0x0000000080005a20 (0x00000001) c.nop
core   0: 1 0x0000000080005a20 (0x0001)
core   0: 0x0000000080005a22 (0x00d5c9b3) xor     s3, a1, a3
core   0: 1 0x0000000080005a22 (0x00d5c9b3) x19 0x00000000c80f5873
core   0: 0x0000000080005a26 (0x013a58b3) srl     a7, s4, s3
core   0: 1 0x0000000080005a26 (0x013a58b3) x17 0x0000000000000000
core   0: 0x0000000080005a2a (0x420d0653) fcvt.d.s fa2, fs10
core   0: 1 0x0000000080005a2a (0x420d0653) f12 0x7ff8000000000000
core   0: 0x0000000080005a2e (0x238696d3) fsgnjn.d fa3, fa3, fs8
core   0: 1 0x0000000080005a2e (0x238696d3) f13 0xffffffffbf800000
core   0: 0x0000000080005a32 (0x011788bb) addw    a7, a5, a7
core   0: 1 0x0000000080005a32 (0x011788bb) x17 0x000000007fffffff
core   0: 0x0000000080005a36 (0xcace7ccf) fnmadd.d fs9, ft8, fa2, fs9
core   0: 1 0x0000000080005a36 (0xcace7ccf) f25 0x7ff8000000000000
core   0: 0x0000000080005a3a (0x0119a333) slt     t1, s3, a7
core   0: 1 0x0000000080005a3a (0x0119a333) x6  0x0000000000000000
core   0: 0x0000000080005a3e (0x02caa733) mulhsu  a4, s5, a2
core   0: 1 0x0000000080005a3e (0x02caa733) x14 0x0000000000000000
core   0: 0x0000000080005a42 (0x002992f3) csrrw   t0, frm, s3
core   0: 1 0x0000000080005a42 (0x002992f3) x5  0x0000000000000000 c2_frm 0x0000000000000003
core   0: 0x0000000080005a46 (0x7bb5f54f) fnmadd.d fa0, fa1, fs11, fa5
core   0: 1 0x0000000080005a46 (0x7bb5f54f) f10 0x7ff8000000000000
core   0: 0x0000000080005a4a (0x12a57753) fmul.d  fa4, fa0, fa0
core   0: 1 0x0000000080005a4a (0x12a57753) f14 0x7ff8000000000000
core   0: 0x0000000080005a4e (0x02e71833) mulh    a6, a4, a4
core   0: 1 0x0000000080005a4e (0x02e71833) x16 0x0000000000000000
core   0: 0x0000000080005a52 (0x0210d233) divu    tp, ra, ra
core   0: 1 0x0000000080005a52 (0x0210d233) x4  0xffffffffffffffff
core   0: 0x0000000080005a56 (0x02781cb3) mulh    s9, a6, t2
core   0: 1 0x0000000080005a56 (0x02781cb3) x25 0x0000000000000000
core   0: 0x0000000080005a5a (0x00d6ddb3) srl     s11, a3, a3
core   0: 1 0x0000000080005a5a (0x00d6ddb3) x27 0x0000000000000000
core   0: 0x0000000080005a5e (0x104ad773) csrrwi  a4, sie, 21
core   0: 1 0x0000000080005a5e (0x104ad773) x14 0x0000000000000000 c772_mie 0x0000000000000a00
core   0: 0x0000000080005a62 (0x23871ed3) fsgnjn.d ft9, fa4, fs8
core   0: 1 0x0000000080005a62 (0x23871ed3) f29 0xfff8000000000000
core   0: 0x0000000080005a66 (0x002026f3) csrrs   a3, frm, zero
core   0: 1 0x0000000080005a66 (0x002026f3) x13 0x0000000000000003
core   0: 0x0000000080005a6a (0x5a02f3d3) fsqrt.d ft7, ft5
core   0: 1 0x0000000080005a6a (0x5a02f3d3) c1_fflags 0x0000000000000011 f7  0x40effffffff00000
core   0: 0x0000000080005a6e (0x002d9d73) csrrw   s10, frm, s11
core   0: 1 0x0000000080005a6e (0x002d9d73) x26 0x0000000000000003 c2_frm 0x0000000000000000
core   0: 0x0000000080005a72 (0x41a50b33) sub     s6, a0, s10
core   0: 1 0x0000000080005a72 (0x41a50b33) x22 0xfffffffffffffffd
core   0: 0x0000000080005a76 (0xa26b0cd3) fle.d   s9, fs6, ft6
core   0: 1 0x0000000080005a76 (0xa26b0cd3) c1_fflags 0x0000000000000011 x25 0x0000000000000000
core   0: 0x0000000080005a7a (0x03851093) slli    ra, a0, 56
core   0: 1 0x0000000080005a7a (0x03851093) x1  0x0000000000000000
core   0: 0x0000000080005a7e (0x414dd813) srai    a6, s11, 20
core   0: 1 0x0000000080005a7e (0x414dd813) x16 0x0000000000000000
core   0: 0x0000000080005a82 (0xf2030553) fmv.d.x fa0, t1
core   0: 1 0x0000000080005a82 (0xf2030553) f10 0x0000000000000000
core   0: 0x0000000080005a86 (0xa23e0ed3) fle.d   t4, ft8, ft3
core   0: 1 0x0000000080005a86 (0xa23e0ed3) c1_fflags 0x0000000000000011 x29 0x0000000000000000
core   0: 0x0000000080005a8a (0x00000001) c.nop
core   0: 1 0x0000000080005a8a (0x0001)
core   0: 0x0000000080005a8c (0x01c75e33) srl     t3, a4, t3
core   0: 1 0x0000000080005a8c (0x01c75e33) x28 0x0000000000000000
core   0: 0x0000000080005a90 (0x420f0153) fcvt.d.s ft2, ft10
core   0: 1 0x0000000080005a90 (0x420f0153) f2  0x4095440000000000
core   0: 0x0000000080005a94 (0x00eef8b3) and     a7, t4, a4
core   0: 1 0x0000000080005a94 (0x00eef8b3) x17 0x0000000000000000
core   0: 0x0000000080005a98 (0x22402ad3) fsgnjx.d fs5, ft0, ft4
core   0: 1 0x0000000080005a98 (0x22402ad3) f21 0x8000000000000000
core   0: 0x0000000080005a9c (0x15a36437) lui     s0, 0x15a36
core   0: 1 0x0000000080005a9c (0x15a36437) x8  0x0000000015a36000
core   0: 0x0000000080005aa0 (0x02d37ab3) remu    s5, t1, a3
core   0: 1 0x0000000080005aa0 (0x02d37ab3) x21 0x0000000000000000
core   0: 0x0000000080005aa4 (0xc02d7653) fcvt.l.s a2, fs10
core   0: 1 0x0000000080005aa4 (0xc02d7653) c1_fflags 0x0000000000000011 x12 0x7fffffffffffffff
core   0: 0x0000000080005aa8 (0x02d9c633) div     a2, s3, a3
core   0: 1 0x0000000080005aa8 (0x02d9c633) x12 0x0000000042afc826
core   0: 0x0000000080005aac (0xc8006973) csrrsi  s2, cycleh, 0
core   0: exception trap_illegal_instruction, epc 0x0000000080005aac
core   0:           tval 0x00000000c8006973
core   0: >>>>  $xrv64i2p1_m2p0_a2p1_f2p2_d2p2_zicsr2p0_zifencei2p0_zmmul1p0_zba1p0_zbb1p0_zbc1p0_zbs1p0
core   0: 0x0000000080004000 (0x0080006f) j       pc + 0x8
core   0: 3 0x0000000080004000 (0x0080006f)
core   0: >>>>  mmode_exception_handler
core   0: 0x0000000080004008 (0x00002c17) auipc   s8, 0x2
core   0: 3 0x0000000080004008 (0x00002c17) x24 0x0000000080006008
core   0: 0x000000008000400c (0x00ac0c13) addi    s8, s8, 10
core   0: 3 0x000000008000400c (0x00ac0c13) x24 0x0000000080006012
core   0: 0x0000000080004010 (0x000c00e7) jalr    s8
core   0: 3 0x0000000080004010 (0x000c00e7) x1  0x0000000080004014
core   0: >>>>  any_handler
core   0: 0x0000000080006012 (0x341027f3) csrrs   a5, mepc, zero
core   0: 3 0x0000000080006012 (0x341027f3) x15 0x0000000080005aac
core   0: 0x0000000080006016 (0x34202773) csrrs   a4, mcause, zero
core   0: 3 0x0000000080006016 (0x34202773) x14 0x0000000000000002
core   0: 0x000000008000601a (0x142026f3) csrrs   a3, scause, zero
core   0: 3 0x000000008000601a (0x142026f3) x13 0x0000000000000000
core   0: 0x000000008000601e (0x30402673) csrrs   a2, mie, zero
core   0: 3 0x000000008000601e (0x30402673) x12 0x0000000000000a00
core   0: 0x0000000080006022 (0x344025f3) csrrs   a1, mip, zero
core   0: 3 0x0000000080006022 (0x344025f3) x11 0x0000000000000080
core   0: 0x0000000080006026 (0x343025f3) csrrs   a1, mtval, zero
core   0: 3 0x0000000080006026 (0x343025f3) x11 0x00000000c8006973
core   0: 0x000000008000602a (0x14302573) csrrs   a0, stval, zero
core   0: 3 0x000000008000602a (0x14302573) x10 0x0000000000000000
core   0: 0x000000008000602e (0xb02024f3) csrrs   s1, minstret, zero
core   0: 3 0x000000008000602e (0xb02024f3) x9  0x0000000000001061
core   0: 0x0000000080006032 (0x0000a811) c.j     pc + 20
core   0: 3 0x0000000080006032 (0xa811)
core   0: >>>>  mepc_4
core   0: 0x0000000080006046 (0x00000791) c.addi  a5, 4
core   0: 3 0x0000000080006046 (0x0791) x15 0x0000000080005ab0
core   0: 0x0000000080006048 (0x34179073) csrrw   zero, mepc, a5
core   0: 3 0x0000000080006048 (0x34179073) c833_mepc 0x0000000080005ab0
core   0: 0x000000008000604c (0x30200073) mret
core   0: 3 0x000000008000604c (0x30200073) c768_mstatus 0x8000000a00106080
core   0: 0x0000000080005ab0 (0x025afcd3) fadd.d  fs9, fs5, ft5
core   0: 1 0x0000000080005ab0 (0x025afcd3) f25 0x41efffffffe00000
core   0: 0x0000000080005ab4 (0x9571c613) xori    a2, gp, -1705
core   0: 1 0x0000000080005ab4 (0x9571c613) x12 0x00000000000004b2
core   0: 0x0000000080005ab8 (0x23c894d3) fsgnjn.d fs1, fa7, ft8
core   0: 1 0x0000000080005ab8 (0x23c894d3) f9  0xffffffff7fc00000
core   0: 0x0000000080005abc (0x0ff0000f) fence   iorw,iorw
core   0: 1 0x0000000080005abc (0x0ff0000f)
core   0: 0x0000000080005ac0 (0x0006903b) sllw    zero, a3, zero
core   0: 1 0x0000000080005ac0 (0x0006903b)
core   0: 0x0000000080005ac4 (0x4026893b) subw    s2, a3, sp
core   0: 1 0x0000000080005ac4 (0x4026893b) x18 0x0000000000000000
core   0: 0x0000000080005ac8 (0x0285c5b3) div     a1, a1, s0
core   0: 1 0x0000000080005ac8 (0x0285c5b3) x11 0x0000000000000009
core   0: 0x0000000080005acc (0xc23f76d3) fcvt.lu.d a3, ft10
core   0: 1 0x0000000080005acc (0xc23f76d3) c1_fflags 0x0000000000000011 x13 0xffffffffffffffff
core   0: 0x0000000080005ad0 (0xd22cf1d3) fcvt.d.l ft3, s9
core   0: 1 0x0000000080005ad0 (0xd22cf1d3) f3  0x0000000000000000
core   0: 0x0000000080005ad4 (0x0060921b) slliw   tp, ra, 6
core   0: 1 0x0000000080005ad4 (0x0060921b) x4  0x0000000000100500
core   0: 0x0000000080005ad8 (0xd02afad3) fcvt.s.l fs5, s5
core   0: 1 0x0000000080005ad8 (0xd02afad3) f21 0xffffffff00000000
core   0: 0x0000000080005adc (0x2363a753) fsgnjx.d fa4, ft7, fs6
core   0: 1 0x0000000080005adc (0x2363a753) f14 0x40effffffff00000
core   0: 0x0000000080005ae0 (0x1b7af953) fdiv.d  fs2, fs5, fs7
core   0: 1 0x0000000080005ae0 (0x1b7af953) f18 0x7ff8000000000000
core   0: 0x0000000080005ae4 (0x2ab393d3) fmax.d  ft7, ft7, fa1
core   0: 1 0x0000000080005ae4 (0x2ab393d3) f7  0x40effffffff00000
core   0: 0x0000000080005ae8 (0xd03676d3) fcvt.s.lu fa3, a2
core   0: 1 0x0000000080005ae8 (0xd03676d3) f13 0xffffffff44964000
core   0: 0x0000000080005aec (0xf1519373) csrrw   t1, mconfigptr, gp
core   0: exception trap_illegal_instruction, epc 0x0000000080005aec
core   0:           tval 0x00000000f1519373
core   0: >>>>  $xrv64i2p1_m2p0_a2p1_f2p2_d2p2_zicsr2p0_zifencei2p0_zmmul1p0_zba1p0_zbb1p0_zbc1p0_zbs1p0
core   0: 0x0000000080004000 (0x0080006f) j       pc + 0x8
core   0: 3 0x0000000080004000 (0x0080006f)
core   0: >>>>  mmode_exception_handler
core   0: 0x0000000080004008 (0x00002c17) auipc   s8, 0x2
core   0: 3 0x0000000080004008 (0x00002c17) x24 0x0000000080006008
core   0: 0x000000008000400c (0x00ac0c13) addi    s8, s8, 10
core   0: 3 0x000000008000400c (0x00ac0c13) x24 0x0000000080006012
core   0: 0x0000000080004010 (0x000c00e7) jalr    s8
core   0: 3 0x0000000080004010 (0x000c00e7) x1  0x0000000080004014
core   0: >>>>  any_handler
core   0: 0x0000000080006012 (0x341027f3) csrrs   a5, mepc, zero
core   0: 3 0x0000000080006012 (0x341027f3) x15 0x0000000080005aec
core   0: 0x0000000080006016 (0x34202773) csrrs   a4, mcause, zero
core   0: 3 0x0000000080006016 (0x34202773) x14 0x0000000000000002
core   0: 0x000000008000601a (0x142026f3) csrrs   a3, scause, zero
core   0: 3 0x000000008000601a (0x142026f3) x13 0x0000000000000000
core   0: 0x000000008000601e (0x30402673) csrrs   a2, mie, zero
core   0: 3 0x000000008000601e (0x30402673) x12 0x0000000000000a00
core   0: 0x0000000080006022 (0x344025f3) csrrs   a1, mip, zero
core   0: 3 0x0000000080006022 (0x344025f3) x11 0x0000000000000080
core   0: 0x0000000080006026 (0x343025f3) csrrs   a1, mtval, zero
core   0: 3 0x0000000080006026 (0x343025f3) x11 0x00000000f1519373
core   0: 0x000000008000602a (0x14302573) csrrs   a0, stval, zero
core   0: 3 0x000000008000602a (0x14302573) x10 0x0000000000000000
core   0: 0x000000008000602e (0xb02024f3) csrrs   s1, minstret, zero
core   0: 3 0x000000008000602e (0xb02024f3) x9  0x0000000000001080
core   0: 0x0000000080006032 (0x0000a811) c.j     pc + 20
core   0: 3 0x0000000080006032 (0xa811)
core   0: >>>>  mepc_4
core   0: 0x0000000080006046 (0x00000791) c.addi  a5, 4
core   0: 3 0x0000000080006046 (0x0791) x15 0x0000000080005af0
core   0: 0x0000000080006048 (0x34179073) csrrw   zero, mepc, a5
core   0: 3 0x0000000080006048 (0x34179073) c833_mepc 0x0000000080005af0
core   0: 0x000000008000604c (0x30200073) mret
core   0: 3 0x000000008000604c (0x30200073) c768_mstatus 0x8000000a00106080
core   0: 0x0000000080005af0 (0x02db8bb3) mul     s7, s7, a3
core   0: 1 0x0000000080005af0 (0x02db8bb3) x23 0x0000000000000000
core   0: 0x0000000080005af4 (0xfff48413) addi    s0, s1, -1
core   0: 1 0x0000000080005af4 (0xfff48413) x8  0x000000000000107f
core   0: 0x0000000080005af8 (0x033769b3) rem     s3, a4, s3
core   0: 1 0x0000000080005af8 (0x033769b3) x19 0x0000000000000002
core   0: 0x0000000080005afc (0x4079dbb3) sra     s7, s3, t2
core   0: 1 0x0000000080005afc (0x4079dbb3) x23 0x0000000000000000
core   0: 0x0000000080005b00 (0x105511f3) csrrw   gp, stvec, a0
core   0: 1 0x0000000080005b00 (0x105511f3) x3  0x0000000000000000 c261_stvec 0x0000000000000000
core   0: 0x0000000080005b04 (0x40addab3) sra     s5, s11, a0
core   0: 1 0x0000000080005b04 (0x40addab3) x21 0x0000000000000000
core   0: 0x0000000080005b08 (0x0232f353) fadd.d  ft6, ft5, ft3
core   0: 1 0x0000000080005b08 (0x0232f353) f6  0x41efffffffe00000
core   0: 0x0000000080005b0c (0x40d3583b) sraw    a6, t1, a3
core   0: 1 0x0000000080005b0c (0x40d3583b) x16 0x0000000000000000
core   0: 0x0000000080005b10 (0xf2080853) fmv.d.x fa6, a6
core   0: 1 0x0000000080005b10 (0xf2080853) f16 0x0000000000000000
core   0: 0x0000000080005b14 (0xa2738053) fle.d   zero, ft7, ft7
core   0: 1 0x0000000080005b14 (0xa2738053)
core   0: 0x0000000080005b18 (0x41705abb) sraw    s5, zero, s7
core   0: 1 0x0000000080005b18 (0x41705abb) x21 0x0000000000000000
core   0: 0x0000000080005b1c (0x0002d03b) srlw    zero, t0, zero
core   0: 1 0x0000000080005b1c (0x0002d03b)
core   0: 0x0000000080005b20 (0xd21c0d53) fcvt.d.wu fs10, s8
core   0: 1 0x0000000080005b20 (0xd21c0d53) f26 0x41e0000c02400000
core   0: 0x0000000080005b24 (0xfbb116b7) lui     a3, 0xfbb11
core   0: 1 0x0000000080005b24 (0xfbb116b7) x13 0xfffffffffbb11000
core   0: 0x0000000080005b28 (0xd216869b) addiw   a3, a3, -735
core   0: 1 0x0000000080005b28 (0xd216869b) x13 0xfffffffffbb10d21
core   0: 0x0000000080005b2c (0x000006b2) c.slli  a3, 12
core   0: 1 0x0000000080005b2c (0x06b2) x13 0xffffffbb10d21000
core   0: 0x0000000080005b2e (0xcae68693) addi    a3, a3, -850
core   0: 1 0x0000000080005b2e (0xcae68693) x13 0xffffffbb10d20cae
core   0: 0x0000000080005b32 (0x01f9199b) slliw   s3, s2, 31
core   0: 1 0x0000000080005b32 (0x01f9199b) x19 0x0000000000000000
core   0: 0x0000000080005b36 (0x004e56bb) srlw    a3, t3, tp
core   0: 1 0x0000000080005b36 (0x004e56bb) x13 0x0000000000000000
core   0: 0x0000000080005b3a (0x413589bb) subw    s3, a1, s3
core   0: 1 0x0000000080005b3a (0x413589bb) x19 0xfffffffff1519373
core   0: 0x0000000080005b3e (0x2ae41e53) fmax.d  ft8, fs0, fa4
core   0: 1 0x0000000080005b3e (0x2ae41e53) f28 0x41e0000802400000
core   0: 0x0000000080005b42 (0x012a9abb) sllw    s5, s5, s2
core   0: 1 0x0000000080005b42 (0x012a9abb) x21 0x0000000000000000
core   0: 0x0000000080005b46 (0x02d6ed33) rem     s10, a3, a3
core   0: 1 0x0000000080005b46 (0x02d6ed33) x26 0x0000000000000000
core   0: 0x0000000080005b4a (0x5a0e7353) fsqrt.d ft6, ft8
core   0: 1 0x0000000080005b4a (0x5a0e7353) c1_fflags 0x0000000000000011 f6  0x40e6a0a4103d6b25
core   0: 0x0000000080005b4e (0x024d7253) fadd.d  ft4, fs10, ft4
core   0: 1 0x0000000080005b4e (0x024d7253) f4  0x41c7623801800000
core   0: 0x0000000080005b52 (0x03ce46bb) divw    a3, t3, t3
core   0: 1 0x0000000080005b52 (0x03ce46bb) x13 0xffffffffffffffff
core   0: 0x0000000080005b56 (0x97350897) auipc   a7, 0x97350
core   0: 1 0x0000000080005b56 (0x97350897) x17 0x0000000017355b56
core   0: 0x0000000080005b5a (0xf121b1f3) csrrc   gp, marchid, gp
core   0: exception trap_illegal_instruction, epc 0x0000000080005b5a
core   0:           tval 0x00000000f121b1f3
core   0: >>>>  $xrv64i2p1_m2p0_a2p1_f2p2_d2p2_zicsr2p0_zifencei2p0_zmmul1p0_zba1p0_zbb1p0_zbc1p0_zbs1p0
core   0: 0x0000000080004000 (0x0080006f) j       pc + 0x8
core   0: 3 0x0000000080004000 (0x0080006f)
core   0: >>>>  mmode_exception_handler
core   0: 0x0000000080004008 (0x00002c17) auipc   s8, 0x2
core   0: 3 0x0000000080004008 (0x00002c17) x24 0x0000000080006008
core   0: 0x000000008000400c (0x00ac0c13) addi    s8, s8, 10
core   0: 3 0x000000008000400c (0x00ac0c13) x24 0x0000000080006012
core   0: 0x0000000080004010 (0x000c00e7) jalr    s8
core   0: 3 0x0000000080004010 (0x000c00e7) x1  0x0000000080004014
core   0: >>>>  any_handler
core   0: 0x0000000080006012 (0x341027f3) csrrs   a5, mepc, zero
core   0: 3 0x0000000080006012 (0x341027f3) x15 0x0000000080005b5a
core   0: 0x0000000080006016 (0x34202773) csrrs   a4, mcause, zero
core   0: 3 0x0000000080006016 (0x34202773) x14 0x0000000000000002
core   0: 0x000000008000601a (0x142026f3) csrrs   a3, scause, zero
core   0: 3 0x000000008000601a (0x142026f3) x13 0x0000000000000000
core   0: 0x000000008000601e (0x30402673) csrrs   a2, mie, zero
core   0: 3 0x000000008000601e (0x30402673) x12 0x0000000000000a00
core   0: 0x0000000080006022 (0x344025f3) csrrs   a1, mip, zero
core   0: 3 0x0000000080006022 (0x344025f3) x11 0x0000000000000080
core   0: 0x0000000080006026 (0x343025f3) csrrs   a1, mtval, zero
core   0: 3 0x0000000080006026 (0x343025f3) x11 0x00000000f121b1f3
core   0: 0x000000008000602a (0x14302573) csrrs   a0, stval, zero
core   0: 3 0x000000008000602a (0x14302573) x10 0x0000000000000000
core   0: 0x000000008000602e (0xb02024f3) csrrs   s1, minstret, zero
core   0: 3 0x000000008000602e (0xb02024f3) x9  0x00000000000010ab
core   0: 0x0000000080006032 (0x0000a811) c.j     pc + 20
core   0: 3 0x0000000080006032 (0xa811)
core   0: >>>>  mepc_4
core   0: 0x0000000080006046 (0x00000791) c.addi  a5, 4
core   0: 3 0x0000000080006046 (0x0791) x15 0x0000000080005b5e
core   0: 0x0000000080006048 (0x34179073) csrrw   zero, mepc, a5
core   0: 3 0x0000000080006048 (0x34179073) c833_mepc 0x0000000080005b5e
core   0: 0x000000008000604c (0x30200073) mret
core   0: 3 0x000000008000604c (0x30200073) c768_mstatus 0x8000000a00106080
core   0: 0x0000000080005b5e (0x004213bb) sllw    t2, tp, tp
core   0: 1 0x0000000080005b5e (0x004213bb) x7  0x0000000000100500
core   0: 0x0000000080005b62 (0xa37501d3) fle.d   gp, fa0, fs7
core   0: 1 0x0000000080005b62 (0xa37501d3) c1_fflags 0x0000000000000011 x3  0x0000000000000000
core   0: 0x0000000080005b66 (0xa2480753) fle.d   a4, fa6, ft4
core   0: 1 0x0000000080005b66 (0xa2480753) x14 0x0000000000000001
core   0: 0x0000000080005b6a (0x401c72d3) fcvt.s.d ft5, fs8
core   0: 1 0x0000000080005b6a (0x401c72d3) f5  0xffffffff7fc00000
core   0: 0x0000000080005b6e (0x1a527fd3) fdiv.d  ft11, ft4, ft5
core   0: 1 0x0000000080005b6e (0x1a527fd3) f31 0x7ff8000000000000
core   0: 0x0000000080005b72 (0x00202ef3) csrrs   t4, frm, zero
core   0: 1 0x0000000080005b72 (0x00202ef3) x29 0x0000000000000000
core   0: 0x0000000080005b76 (0x0009e413) ori     s0, s3, 0
core   0: 1 0x0000000080005b76 (0x0009e413) x8  0xfffffffff1519373
core   0: 0x0000000080005b7a (0xc02e73d3) fcvt.l.s t2, ft8
core   0: 1 0x0000000080005b7a (0xc02e73d3) c1_fflags 0x0000000000000011 x7  0x7fffffffffffffff
core   0: 0x0000000080005b7e (0x14295273) csrrwi  tp, scause, 18
core   0: 1 0x0000000080005b7e (0x14295273) x4  0x0000000000000000 c322_scause 0x0000000000000012
core   0: 0x0000000080005b82 (0x00a8843b) addw    s0, a7, a0
core   0: 1 0x0000000080005b82 (0x00a8843b) x8  0x0000000017355b56
core   0: 0x0000000080005b86 (0xd0367b53) fcvt.s.lu fs6, a2
core   0: 1 0x0000000080005b86 (0xd0367b53) f22 0xffffffff45200000
core   0: 0x0000000080005b8a (0x00a89ebb) sllw    t4, a7, a0
core   0: 1 0x0000000080005b8a (0x00a89ebb) x29 0x0000000017355b56
core   0: 0x0000000080005b8e (0xc03b7e53) fcvt.lu.s t3, fs6
core   0: 1 0x0000000080005b8e (0xc03b7e53) x28 0x0000000000000a00
core   0: 0x0000000080005b92 (0x01d3183b) sllw    a6, t1, t4
core   0: 1 0x0000000080005b92 (0x01d3183b) x16 0x0000000000000000
core   0: 0x0000000080005b96 (0x01767d33) and     s10, a2, s7
core   0: 1 0x0000000080005b96 (0x01767d33) x26 0x0000000000000000
core   0: 0x0000000080005b9a (0x2ab385d3) fmin.d  fa1, ft7, fa1
core   0: 1 0x0000000080005b9a (0x2ab385d3) f11 0x40effffffff00000
core   0: 0x0000000080005b9e (0xd2098bd3) fcvt.d.w fs7, s3
core   0: 1 0x0000000080005b9e (0xd2098bd3) f23 0xc1ad5cd91a000000
core   0: 0x0000000080005ba2 (0xd21d00d3) fcvt.d.wu ft1, s10
core   0: 1 0x0000000080005ba2 (0xd21d00d3) f1  0x0000000000000000
core   0: 0x0000000080005ba6 (0x024797b3) mulh    a5, a5, tp
core   0: 1 0x0000000080005ba6 (0x024797b3) x15 0x0000000000000000
core   0: 0x0000000080005baa (0x0167db33) srl     s6, a5, s6
core   0: 1 0x0000000080005baa (0x0167db33) x22 0x0000000000000000
core   0: 0x0000000080005bae (0x416cd6bb) sraw    a3, s9, s6
core   0: 1 0x0000000080005bae (0x416cd6bb) x13 0x0000000000000000
core   0: 0x0000000080005bb2 (0x412b04bb) subw    s1, s6, s2
core   0: 1 0x0000000080005bb2 (0x412b04bb) x9  0x0000000000000000
core   0: 0x0000000080005bb6 (0x0187559b) srliw   a1, a4, 24
core   0: 1 0x0000000080005bb6 (0x0187559b) x11 0x0000000000000000
core   0: 0x0000000080005bba (0x0048d8bb) srlw    a7, a7, tp
core   0: 1 0x0000000080005bba (0x0048d8bb) x17 0x0000000017355b56
core   0: 0x0000000080005bbe (0x40885c13) srai    s8, a6, 8
core   0: 1 0x0000000080005bbe (0x40885c13) x24 0x0000000000000000
core   0: 0x0000000080005bc2 (0x4008d2b3) sra     t0, a7, zero
core   0: 1 0x0000000080005bc2 (0x4008d2b3) x5  0x0000000017355b56
core   0: 0x0000000080005bc6 (0x03738bbb) mulw    s7, t2, s7
core   0: 1 0x0000000080005bc6 (0x03738bbb) x23 0x0000000000000000
core   0: 0x0000000080005bca (0xfefb0113) addi    sp, s6, -17
core   0: 1 0x0000000080005bca (0xfefb0113) x2  0xffffffffffffffef
core   0: 0x0000000080005bce (0xfff38b1b) addiw   s6, t2, -1
core   0: 1 0x0000000080005bce (0xfff38b1b) x22 0xfffffffffffffffe
core   0: 0x0000000080005bd2 (0x01b21db3) sll     s11, tp, s11
core   0: 1 0x0000000080005bd2 (0x01b21db3) x27 0x0000000000000000
core   0: 0x0000000080005bd6 (0x4011d31b) sraiw   t1, gp, 1
core   0: 1 0x0000000080005bd6 (0x4011d31b) x6  0x0000000000000000
core   0: 0x0000000080005bda (0x021e0533) mul     a0, t3, ra
core   0: 1 0x0000000080005bda (0x021e0533) x10 0x000005000280c800
core   0: 0x0000000080005bde (0x017080bb) addw    ra, ra, s7
core   0: 1 0x0000000080005bde (0x017080bb) x1  0xffffffff80004014
core   0: 0x0000000080005be2 (0x2a4611d3) fmax.d  ft3, fa2, ft4
core   0: 1 0x0000000080005be2 (0x2a4611d3) f3  0x41c7623801800000
core   0: 0x0000000080005be6 (0x310577f3) csrrci  a5, mstatush, 10
core   0: exception trap_illegal_instruction, epc 0x0000000080005be6
core   0:           tval 0x00000000310577f3
core   0: >>>>  $xrv64i2p1_m2p0_a2p1_f2p2_d2p2_zicsr2p0_zifencei2p0_zmmul1p0_zba1p0_zbb1p0_zbc1p0_zbs1p0
core   0: 0x0000000080004000 (0x0080006f) j       pc + 0x8
core   0: 3 0x0000000080004000 (0x0080006f)
core   0: >>>>  mmode_exception_handler
core   0: 0x0000000080004008 (0x00002c17) auipc   s8, 0x2
core   0: 3 0x0000000080004008 (0x00002c17) x24 0x0000000080006008
core   0: 0x000000008000400c (0x00ac0c13) addi    s8, s8, 10
core   0: 3 0x000000008000400c (0x00ac0c13) x24 0x0000000080006012
core   0: 0x0000000080004010 (0x000c00e7) jalr    s8
core   0: 3 0x0000000080004010 (0x000c00e7) x1  0x0000000080004014
core   0: >>>>  any_handler
core   0: 0x0000000080006012 (0x341027f3) csrrs   a5, mepc, zero
core   0: 3 0x0000000080006012 (0x341027f3) x15 0x0000000080005be6
core   0: 0x0000000080006016 (0x34202773) csrrs   a4, mcause, zero
core   0: 3 0x0000000080006016 (0x34202773) x14 0x0000000000000002
core   0: 0x000000008000601a (0x142026f3) csrrs   a3, scause, zero
core   0: 3 0x000000008000601a (0x142026f3) x13 0x0000000000000012
core   0: 0x000000008000601e (0x30402673) csrrs   a2, mie, zero
core   0: 3 0x000000008000601e (0x30402673) x12 0x0000000000000a00
core   0: 0x0000000080006022 (0x344025f3) csrrs   a1, mip, zero
core   0: 3 0x0000000080006022 (0x344025f3) x11 0x0000000000000080
core   0: 0x0000000080006026 (0x343025f3) csrrs   a1, mtval, zero
core   0: 3 0x0000000080006026 (0x343025f3) x11 0x00000000310577f3
core   0: 0x000000008000602a (0x14302573) csrrs   a0, stval, zero
core   0: 3 0x000000008000602a (0x14302573) x10 0x0000000000000000
core   0: 0x000000008000602e (0xb02024f3) csrrs   s1, minstret, zero
core   0: 3 0x000000008000602e (0xb02024f3) x9  0x00000000000010dd
core   0: 0x0000000080006032 (0x0000a811) c.j     pc + 20
core   0: 3 0x0000000080006032 (0xa811)
core   0: >>>>  mepc_4
core   0: 0x0000000080006046 (0x00000791) c.addi  a5, 4
core   0: 3 0x0000000080006046 (0x0791) x15 0x0000000080005bea
core   0: 0x0000000080006048 (0x34179073) csrrw   zero, mepc, a5
core   0: 3 0x0000000080006048 (0x34179073) c833_mepc 0x0000000080005bea
core   0: 0x000000008000604c (0x30200073) mret
core   0: 3 0x000000008000604c (0x30200073) c768_mstatus 0x8000000a00106080
core   0: 0x0000000080005bea (0xc9670b9b) addiw   s7, a4, -874
core   0: 1 0x0000000080005bea (0xc9670b9b) x23 0xfffffffffffffc98
core   0: 0x0000000080005bee (0x2ad186d3) fmin.d  fa3, ft3, fa3
core   0: 1 0x0000000080005bee (0x2ad186d3) f13 0x41c7623801800000
core   0: 0x0000000080005bf2 (0x00745033) srl     zero, s0, t2
core   0: 1 0x0000000080005bf2 (0x00745033)
core   0: 0x0000000080005bf6 (0x78b40e13) addi    t3, s0, 1931
core   0: 1 0x0000000080005bf6 (0x78b40e13) x28 0x00000000173562e1
core   0: 0x0000000080005bfa (0x22d69d53) fsgnjn.d fs10, fa3, fa3
core   0: 1 0x0000000080005bfa (0x22d69d53) f26 0xc1c7623801800000
core   0: 0x0000000080005bfe (0xd2078bd3) fcvt.d.w fs7, a5
core   0: 1 0x0000000080005bfe (0xd2078bd3) f23 0xc1dfffe905800000
core   0: 0x0000000080005c02 (0xc23bf3d3) fcvt.lu.d t2, fs7
core   0: 1 0x0000000080005c02 (0xc23bf3d3) c1_fflags 0x0000000000000011 x7  0x0000000000000000
core   0: 0x0000000080005c06 (0xd03dffd3) fcvt.s.lu ft11, s11
core   0: 1 0x0000000080005c06 (0xd03dffd3) f31 0xffffffff00000000
core   0: 0x0000000080005c0a (0x00202d73) csrrs   s10, frm, zero
core   0: 1 0x0000000080005c0a (0x00202d73) x26 0x0000000000000000
core   0: 0x0000000080005c0e (0xd03b78d3) fcvt.s.lu fa7, s6
core   0: 1 0x0000000080005c0e (0xd03b78d3) c1_fflags 0x0000000000000011 f17 0xffffffff5f800000
core   0: 0x0000000080005c12 (0x00202773) csrrs   a4, frm, zero
core   0: 1 0x0000000080005c12 (0x00202773) x14 0x0000000000000000
core   0: 0x0000000080005c16 (0x40ecd3b3) sra     t2, s9, a4
core   0: 1 0x0000000080005c16 (0x40ecd3b3) x7  0x0000000000000000
core   0: 0x0000000080005c1a (0x16344393) xori    t2, s0, 355
core   0: 1 0x0000000080005c1a (0x16344393) x7  0x0000000017355a35
core   0: 0x0000000080005c1e (0x2af91753) fmax.d  fa4, fs2, fa5
core   0: 1 0x0000000080005c1e (0x2af91753) f14 0x7ff8000000000000
core   0: 0x0000000080005c22 (0x0273da33) divu    s4, t2, t2
core   0: 1 0x0000000080005c22 (0x0273da33) x20 0x0000000000000001
core   0: 0x0000000080005c26 (0x001b54b3) srl     s1, s6, ra
core   0: 1 0x0000000080005c26 (0x001b54b3) x9  0x00000fffffffffff
core   0: 0x0000000080005c2a (0x4008da93) srai    s5, a7, 0
core   0: 1 0x0000000080005c2a (0x4008da93) x21 0x0000000017355b56
core   0: 0x0000000080005c2e (0x0018ca13) xori    s4, a7, 1
core   0: 1 0x0000000080005c2e (0x0018ca13) x20 0x0000000017355b57
core   0: 0x0000000080005c32 (0x232caad3) fsgnjx.d fs5, fs9, fs2
core   0: 1 0x0000000080005c32 (0x232caad3) f21 0x41efffffffe00000
core   0: 0x0000000080005c36 (0x01b6113b) sllw    sp, a2, s11
core   0: 1 0x0000000080005c36 (0x01b6113b) x2  0x0000000000000a00
core   0: 0x0000000080005c3a (0x034afa53) fadd.d  fs4, fs5, fs4
core   0: 1 0x0000000080005c3a (0x034afa53) f20 0x7ff8000000000000
core   0: 0x0000000080005c3e (0x001691f3) csrrw   gp, fflags, a3
core   0: 1 0x0000000080005c3e (0x001691f3) x3  0x0000000000000011 c1_fflags 0x0000000000000012
core   0: 0x0000000080005c42 (0x402e5ab3) sra     s5, t3, sp
core   0: 1 0x0000000080005c42 (0x402e5ab3) x21 0x00000000173562e1
core   0: 0x0000000080005c46 (0x401a70d3) fcvt.s.d ft1, fs4
core   0: 1 0x0000000080005c46 (0x401a70d3) f1  0xffffffff7fc00000
core   0: 0x0000000080005c4a (0xe20088d3) fmv.x.d a7, ft1
core   0: 1 0x0000000080005c4a (0xe20088d3) x17 0xffffffff7fc00000
core   0: 0x0000000080005c4e (0x0118c5b3) xor     a1, a7, a7
core   0: 1 0x0000000080005c4e (0x0118c5b3) x11 0x0000000000000000
core   0: 0x0000000080005c52 (0xfff5a8b7) lui     a7, 0xfff5a
core   0: 1 0x0000000080005c52 (0xfff5a8b7) x17 0xfffffffffff5a000
core   0: 0x0000000080005c56 (0xca98889b) addiw   a7, a7, -855
core   0: 1 0x0000000080005c56 (0xca98889b) x17 0xfffffffffff59ca9
core   0: 0x0000000080005c5a (0x000008be) c.slli  a7, 15
core   0: 1 0x0000000080005c5a (0x08be) x17 0xffffffface548000
core   0: 0x0000000080005c5c (0xbd288893) addi    a7, a7, -1070
core   0: 1 0x0000000080005c5c (0xbd288893) x17 0xffffffface547bd2
core   0: 0x0000000080005c60 (0xd21c0dd3) fcvt.d.wu fs11, s8
core   0: 1 0x0000000080005c60 (0xd21c0dd3) f27 0x41e0000c02400000
core   0: 0x0000000080005c64 (0x00008585) c.srai  a1, 1
core   0: 1 0x0000000080005c64 (0x8585) x11 0x0000000000000000
core   0: 0x0000000080005c66 (0x41c2581b) sraiw   a6, tp, 28
core   0: 1 0x0000000080005c66 (0x41c2581b) x16 0x0000000000000000
core   0: 0x0000000080005c6a (0x00339d33) sll     s10, t2, gp
core   0: 1 0x0000000080005c6a (0x00339d33) x26 0x00002e6ab46a0000
core   0: 0x0000000080005c6e (0x23609b53) fsgnjn.d fs6, ft1, fs6
core   0: 1 0x0000000080005c6e (0x23609b53) f22 0x7fffffff7fc00000
core   0: 0x0000000080005c72 (0x40d6d333) sra     t1, a3, a3
core   0: 1 0x0000000080005c72 (0x40d6d333) x6  0x0000000000000000
core   0: 0x0000000080005c76 (0x00d069b3) or      s3, zero, a3
core   0: 1 0x0000000080005c76 (0x00d069b3) x19 0x0000000000000012
core   0: 0x0000000080005c7a (0x01da54bb) srlw    s1, s4, t4
core   0: 1 0x0000000080005c7a (0x01da54bb) x9  0x000000000000005c
core   0: 0x0000000080005c7e (0x43f35e13) srai    t3, t1, 63
core   0: 1 0x0000000080005c7e (0x43f35e13) x28 0x0000000000000000
core   0: 0x0000000080005c82 (0xc2177153) fcvt.wu.d sp, fa4
core   0: 1 0x0000000080005c82 (0xc2177153) c1_fflags 0x0000000000000012 x2  0xffffffffffffffff
core   0: 0x0000000080005c86 (0x92c0f093) andi    ra, ra, -1748
core   0: 1 0x0000000080005c86 (0x92c0f093) x1  0x0000000080004004
core   0: 0x0000000080005c8a (0x406089bb) subw    s3, ra, t1
core   0: 1 0x0000000080005c8a (0x406089bb) x19 0xffffffff80004004
core   0: 0x0000000080005c8e (0x03bdddbb) divuw   s11, s11, s11
core   0: 1 0x0000000080005c8e (0x03bdddbb) x27 0xffffffffffffffff
core   0: 0x0000000080005c92 (0x5743c897) auipc   a7, 0x5743c
core   0: 1 0x0000000080005c92 (0x5743c897) x17 0x00000000d7441c92
core   0: 0x0000000080005c96 (0x01f6d993) srli    s3, a3, 31
core   0: 1 0x0000000080005c96 (0x01f6d993) x19 0x0000000000000000
core   0: 0x0000000080005c9a (0x1388754b) fnmsub.d fa0, fa6, fs8, ft2
core   0: 1 0x0000000080005c9a (0x1388754b) f10 0x7ff8000000000000
core   0: 0x0000000080005c9e (0x52e6f5c7) fmsub.d fa1, fa3, fa4, fa0
core   0: 1 0x0000000080005c9e (0x52e6f5c7) f11 0x7ff8000000000000
core   0: 0x0000000080005ca2 (0x13a7fd53) fmul.d  fs10, fa5, fs10
core   0: 1 0x0000000080005ca2 (0x13a7fd53) f26 0x7ff8000000000000
core   0: 0x0000000080005ca6 (0x9183839b) addiw   t2, t2, -1768
core   0: 1 0x0000000080005ca6 (0x9183839b) x7  0x000000001735534d
core   0: 0x0000000080005caa (0xd2237953) fcvt.d.l fs2, t1
core   0: 1 0x0000000080005caa (0xd2237953) f18 0x0000000000000000
core   0: 0x0000000080005cae (0xc23175d3) fcvt.lu.d a1, ft2
core   0: 1 0x0000000080005cae (0xc23175d3) x11 0x0000000000000551
core   0: 0x0000000080005cb2 (0xa2262253) feq.d   tp, fa2, ft2
core   0: 1 0x0000000080005cb2 (0xa2262253) x4  0x0000000000000000
core   0: 0x0000000080005cb6 (0xb2207d43) fmadd.d fs10, ft0, ft2, fs6
core   0: 1 0x0000000080005cb6 (0xb2207d43) f26 0x7ff8000000000000
core   0: 0x0000000080005cba (0x0120d8bb) srlw    a7, ra, s2
core   0: 1 0x0000000080005cba (0x0120d8bb) x17 0xffffffff80004004
core   0: 0x0000000080005cbe (0xf15b1df3) csrrw   s11, mconfigptr, s6
core   0: exception trap_illegal_instruction, epc 0x0000000080005cbe
core   0:           tval 0x00000000f15b1df3
core   0: >>>>  $xrv64i2p1_m2p0_a2p1_f2p2_d2p2_zicsr2p0_zifencei2p0_zmmul1p0_zba1p0_zbb1p0_zbc1p0_zbs1p0
core   0: 0x0000000080004000 (0x0080006f) j       pc + 0x8
core   0: 3 0x0000000080004000 (0x0080006f)
core   0: >>>>  mmode_exception_handler
core   0: 0x0000000080004008 (0x00002c17) auipc   s8, 0x2
core   0: 3 0x0000000080004008 (0x00002c17) x24 0x0000000080006008
core   0: 0x000000008000400c (0x00ac0c13) addi    s8, s8, 10
core   0: 3 0x000000008000400c (0x00ac0c13) x24 0x0000000080006012
core   0: 0x0000000080004010 (0x000c00e7) jalr    s8
core   0: 3 0x0000000080004010 (0x000c00e7) x1  0x0000000080004014
core   0: >>>>  any_handler
core   0: 0x0000000080006012 (0x341027f3) csrrs   a5, mepc, zero
core   0: 3 0x0000000080006012 (0x341027f3) x15 0x0000000080005cbe
core   0: 0x0000000080006016 (0x34202773) csrrs   a4, mcause, zero
core   0: 3 0x0000000080006016 (0x34202773) x14 0x0000000000000002
core   0: 0x000000008000601a (0x142026f3) csrrs   a3, scause, zero
core   0: 3 0x000000008000601a (0x142026f3) x13 0x0000000000000012
core   0: 0x000000008000601e (0x30402673) csrrs   a2, mie, zero
core   0: 3 0x000000008000601e (0x30402673) x12 0x0000000000000a00
core   0: 0x0000000080006022 (0x344025f3) csrrs   a1, mip, zero
core   0: 3 0x0000000080006022 (0x344025f3) x11 0x0000000000000080
core   0: 0x0000000080006026 (0x343025f3) csrrs   a1, mtval, zero
core   0: 3 0x0000000080006026 (0x343025f3) x11 0x00000000f15b1df3
core   0: 0x000000008000602a (0x14302573) csrrs   a0, stval, zero
core   0: 3 0x000000008000602a (0x14302573) x10 0x0000000000000000
core   0: 0x000000008000602e (0xb02024f3) csrrs   s1, minstret, zero
core   0: 3 0x000000008000602e (0xb02024f3) x9  0x0000000000001123
core   0: 0x0000000080006032 (0x0000a811) c.j     pc + 20
core   0: 3 0x0000000080006032 (0xa811)
core   0: >>>>  mepc_4
core   0: 0x0000000080006046 (0x00000791) c.addi  a5, 4
core   0: 3 0x0000000080006046 (0x0791) x15 0x0000000080005cc2
core   0: 0x0000000080006048 (0x34179073) csrrw   zero, mepc, a5
core   0: 3 0x0000000080006048 (0x34179073) c833_mepc 0x0000000080005cc2
core   0: 0x000000008000604c (0x30200073) mret
core   0: 3 0x000000008000604c (0x30200073) c768_mstatus 0x8000000a00106080
core   0: 0x0000000080005cc2 (0x7f837813) andi    a6, t1, 2040
core   0: 1 0x0000000080005cc2 (0x7f837813) x16 0x0000000000000000
core   0: 0x0000000080005cc6 (0x02635633) divu    a2, t1, t1
core   0: 1 0x0000000080005cc6 (0x02635633) x12 0xffffffffffffffff
core   0: 0x0000000080005cca (0x41664113) xori    sp, a2, 1046
core   0: 1 0x0000000080005cca (0x41664113) x2  0xfffffffffffffbe9
core   0: 0x0000000080005cce (0x8001051b) addiw   a0, sp, -2048
core   0: 1 0x0000000080005cce (0x8001051b) x10 0xfffffffffffff3e9
core   0: 0x0000000080005cd2 (0x22ad13d3) fsgnjn.d ft7, fs10, fa0
core   0: 1 0x0000000080005cd2 (0x22ad13d3) f7  0xfff8000000000000
core   0: 0x0000000080005cd6 (0x00ec6c33) or      s8, s8, a4
core   0: 1 0x0000000080005cd6 (0x00ec6c33) x24 0x0000000080006012
core   0: 0x0000000080005cda (0xa3398dd3) fle.d   s11, fs3, fs3
core   0: 1 0x0000000080005cda (0xa3398dd3) c1_fflags 0x0000000000000012 x27 0x0000000000000000
core   0: 0x0000000080005cde (0x0ff0000f) fence   iorw,iorw
core   0: 1 0x0000000080005cde (0x0ff0000f)
core   0: 0x0000000080005ce2 (0xe2098753) fmv.x.d a4, fs3
core   0: 1 0x0000000080005ce2 (0xe2098753) x14 0x7ff8000000000000
core   0: 0x0000000080005ce6 (0x02e7593b) divuw   s2, a4, a4
core   0: 1 0x0000000080005ce6 (0x02e7593b) x18 0xffffffffffffffff
core   0: 0x0000000080005cea (0xd2090b53) fcvt.d.w fs6, s2
core   0: 1 0x0000000080005cea (0xd2090b53) f22 0xbff0000000000000
core   0: 0x0000000080005cee (0x43235093) srai    ra, t1, 50
core   0: 1 0x0000000080005cee (0x43235093) x1  0x0000000000000000
core   0: 0x0000000080005cf2 (0x01254133) xor     sp, a0, s2
core   0: 1 0x0000000080005cf2 (0x01254133) x2  0x0000000000000c16
core   0: 0x0000000080005cf6 (0x23ac9353) fsgnjn.d ft6, fs9, fs10
core   0: 1 0x0000000080005cf6 (0x23ac9353) f6  0xc1efffffffe00000
core   0: 0x0000000080005cfa (0xf2000053) fmv.d.x ft0, zero
core   0: 1 0x0000000080005cfa (0xf2000053) f0  0x0000000000000000
core   0: 0x0000000080005cfe (0x4082581b) sraiw   a6, tp, 8
core   0: 1 0x0000000080005cfe (0x4082581b) x16 0x0000000000000000
core   0: 0x0000000080005d02 (0x7ff18a9b) addiw   s5, gp, 2047
core   0: 1 0x0000000080005d02 (0x7ff18a9b) x21 0x0000000000000810
core   0: 0x0000000080005d06 (0x0bce7e53) fsub.d  ft8, ft8, ft8
core   0: 1 0x0000000080005d06 (0x0bce7e53) f28 0x0000000000000000
core   0: 0x0000000080005d0a (0x5a0f74d3) fsqrt.d fs1, ft10
core   0: 1 0x0000000080005d0a (0x5a0f74d3) f9  0x7ff8000000000000
core   0: 0x0000000080005d0e (0xfffa8c9b) addiw   s9, s5, -1
core   0: 1 0x0000000080005d0e (0xfffa8c9b) x25 0x000000000000080f
core   0: 0x0000000080005d12 (0x02aac33b) divw    t1, s5, a0
core   0: 1 0x0000000080005d12 (0x02aac33b) x6  0x0000000000000000
core   0: 0x0000000080005d16 (0x40177d53) fcvt.s.d fs10, fa4
core   0: 1 0x0000000080005d16 (0x40177d53) f26 0xffffffff7fc00000
core   0: 0x0000000080005d1a (0x0133903b) sllw    zero, t2, s3
core   0: 1 0x0000000080005d1a (0x0133903b)
core   0: 0x0000000080005d1e (0x40095bbb) sraw    s7, s2, zero
core   0: 1 0x0000000080005d1e (0x40095bbb) x23 0xffffffffffffffff
core   0: 0x0000000080005d22 (0x02e7073b) mulw    a4, a4, a4
core   0: 1 0x0000000080005d22 (0x02e7073b) x14 0x0000000000000000
core   0: 0x0000000080005d26 (0xd02775d3) fcvt.s.l fa1, a4
core   0: 1 0x0000000080005d26 (0xd02775d3) f11 0xffffffff00000000
core   0: 0x0000000080005d2a (0x011ed3b3) srl     t2, t4, a7
core   0: 1 0x0000000080005d2a (0x011ed3b3) x7  0x00000000017355b5
core   0: 0x0000000080005d2e (0x40ee57b3) sra     a5, t3, a4
core   0: 1 0x0000000080005d2e (0x40ee57b3) x15 0x0000000000000000
core   0: 0x0000000080005d32 (0x00000001) c.nop
core   0: 1 0x0000000080005d32 (0x0001)
core   0: 0x0000000080005d34 (0x4135d59b) sraiw   a1, a1, 19
core   0: 1 0x0000000080005d34 (0x4135d59b) x11 0xfffffffffffffe2b
core   0: 0x0000000080005d38 (0x00b4acb3) slt     s9, s1, a1
core   0: 1 0x0000000080005d38 (0x00b4acb3) x25 0x0000000000000000
core   0: 0x0000000080005d3c (0x00001522) c.slli  a0, 40
core   0: 1 0x0000000080005d3c (0x1522) x10 0xfff3e90000000000
core   0: 0x0000000080005d3e (0x01871633) sll     a2, a4, s8
core   0: 1 0x0000000080005d3e (0x01871633) x12 0x0000000000000000
core   0: 0x0000000080005d42 (0xc217f4d3) fcvt.wu.d s1, fa5
core   0: 1 0x0000000080005d42 (0xc217f4d3) c1_fflags 0x0000000000000012 x9  0xffffffffffffffff
core   0: 0x0000000080005d46 (0x000c17b3) sll     a5, s8, zero
core   0: 1 0x0000000080005d46 (0x000c17b3) x15 0x0000000080006012
core   0: 0x0000000080005d4a (0x03c7dc13) srli    s8, a5, 60
core   0: 1 0x0000000080005d4a (0x03c7dc13) x24 0x0000000000000000
core   0: 0x0000000080005d4e (0x6c067613) andi    a2, a2, 1728
core   0: 1 0x0000000080005d4e (0x6c067613) x12 0x0000000000000000
core   0: 0x0000000080005d52 (0xe2078ad3) fmv.x.d s5, fa5
core   0: 1 0x0000000080005d52 (0xe2078ad3) x21 0x7ff8000000000000
core   0: 0x0000000080005d56 (0x0296f6b3) remu    a3, a3, s1
core   0: 1 0x0000000080005d56 (0x0296f6b3) x13 0x0000000000000012
core   0: 0x0000000080005d5a (0x01f61b9b) slliw   s7, a2, 31
core   0: 1 0x0000000080005d5a (0x01f61b9b) x23 0x0000000000000000
core   0: 0x0000000080005d5e (0x127cf3d3) fmul.d  ft7, fs9, ft7
core   0: 1 0x0000000080005d5e (0x127cf3d3) f7  0x7ff8000000000000
core   0: 0x0000000080005d62 (0x02407cc7) fmsub.d fs9, ft0, ft4, ft0
core   0: 1 0x0000000080005d62 (0x02407cc7) f25 0x0000000000000000
core   0: 0x0000000080005d66 (0xe5cbb597) auipc   a1, 0xe5cbb
core   0: 1 0x0000000080005d66 (0xe5cbb597) x11 0x0000000065cc0d66
core   0: 0x0000000080005d6a (0xf15de473) csrrsi  s0, mconfigptr, 27
core   0: exception trap_illegal_instruction, epc 0x0000000080005d6a
core   0:           tval 0x00000000f15de473
core   0: >>>>  $xrv64i2p1_m2p0_a2p1_f2p2_d2p2_zicsr2p0_zifencei2p0_zmmul1p0_zba1p0_zbb1p0_zbc1p0_zbs1p0
core   0: 0x0000000080004000 (0x0080006f) j       pc + 0x8
core   0: 3 0x0000000080004000 (0x0080006f)
core   0: >>>>  mmode_exception_handler
core   0: 0x0000000080004008 (0x00002c17) auipc   s8, 0x2
core   0: 3 0x0000000080004008 (0x00002c17) x24 0x0000000080006008
core   0: 0x000000008000400c (0x00ac0c13) addi    s8, s8, 10
core   0: 3 0x000000008000400c (0x00ac0c13) x24 0x0000000080006012
core   0: 0x0000000080004010 (0x000c00e7) jalr    s8
core   0: 3 0x0000000080004010 (0x000c00e7) x1  0x0000000080004014
core   0: >>>>  any_handler
core   0: 0x0000000080006012 (0x341027f3) csrrs   a5, mepc, zero
core   0: 3 0x0000000080006012 (0x341027f3) x15 0x0000000080005d6a
core   0: 0x0000000080006016 (0x34202773) csrrs   a4, mcause, zero
core   0: 3 0x0000000080006016 (0x34202773) x14 0x0000000000000002
core   0: 0x000000008000601a (0x142026f3) csrrs   a3, scause, zero
core   0: 3 0x000000008000601a (0x142026f3) x13 0x0000000000000012
core   0: 0x000000008000601e (0x30402673) csrrs   a2, mie, zero
core   0: 3 0x000000008000601e (0x30402673) x12 0x0000000000000a00
core   0: 0x0000000080006022 (0x344025f3) csrrs   a1, mip, zero
core   0: 3 0x0000000080006022 (0x344025f3) x11 0x0000000000000080
core   0: 0x0000000080006026 (0x343025f3) csrrs   a1, mtval, zero
core   0: 3 0x0000000080006026 (0x343025f3) x11 0x00000000f15de473
core   0: 0x000000008000602a (0x14302573) csrrs   a0, stval, zero
core   0: 3 0x000000008000602a (0x14302573) x10 0x0000000000000000
core   0: 0x000000008000602e (0xb02024f3) csrrs   s1, minstret, zero
core   0: 3 0x000000008000602e (0xb02024f3) x9  0x000000000000115e
core   0: 0x0000000080006032 (0x0000a811) c.j     pc + 20
core   0: 3 0x0000000080006032 (0xa811)
core   0: >>>>  mepc_4
core   0: 0x0000000080006046 (0x00000791) c.addi  a5, 4
core   0: 3 0x0000000080006046 (0x0791) x15 0x0000000080005d6e
core   0: 0x0000000080006048 (0x34179073) csrrw   zero, mepc, a5
core   0: 3 0x0000000080006048 (0x34179073) c833_mepc 0x0000000080005d6e
core   0: 0x000000008000604c (0x30200073) mret
core   0: 3 0x000000008000604c (0x30200073) c768_mstatus 0x8000000a00106080
core   0: 0x0000000080005d6e (0x40197953) fcvt.s.d fs2, fs2
core   0: 1 0x0000000080005d6e (0x40197953) f18 0xffffffff00000000
core   0: 0x0000000080005d72 (0x230d87d3) fsgnj.d fa5, fs11, fa6
core   0: 1 0x0000000080005d72 (0x230d87d3) f15 0x41e0000c02400000
core   0: 0x0000000080005d76 (0x13f87fd3) fmul.d  ft11, fa6, ft11
core   0: 1 0x0000000080005d76 (0x13f87fd3) f31 0x7ff8000000000000
core   0: 0x0000000080005d7a (0xa24f8ad3) fle.d   s5, ft11, ft4
core   0: 1 0x0000000080005d7a (0xa24f8ad3) c1_fflags 0x0000000000000012 x21 0x0000000000000000
core   0: 0x0000000080005d7e (0xc027fad3) fcvt.l.s s5, fa5
core   0: 1 0x0000000080005d7e (0xc027fad3) c1_fflags 0x0000000000000012 x21 0x7fffffffffffffff
core   0: 0x0000000080005d82 (0x001e1e1b) slliw   t3, t3, 1
core   0: 1 0x0000000080005d82 (0x001e1e1b) x28 0x0000000000000000
core   0: 0x0000000080005d86 (0x4244d993) srai    s3, s1, 36
core   0: 1 0x0000000080005d86 (0x4244d993) x19 0x0000000000000000
core   0: 0x0000000080005d8a (0xc037f353) fcvt.lu.s t1, fa5
core   0: 1 0x0000000080005d8a (0xc037f353) c1_fflags 0x0000000000000012 x6  0xffffffffffffffff
core   0: 0x0000000080005d8e (0x1a3ffa47) fmsub.d fs4, ft11, ft3, ft3
core   0: 1 0x0000000080005d8e (0x1a3ffa47) f20 0x7ff8000000000000
core   0: 0x0000000080005d92 (0x96568693) addi    a3, a3, -1691
core   0: 1 0x0000000080005d92 (0x96568693) x13 0xfffffffffffff977
core   0: 0x0000000080005d96 (0xd21608d3) fcvt.d.wu fa7, a2
core   0: 1 0x0000000080005d96 (0xd21608d3) f17 0x40a4000000000000
core   0: 0x0000000080005d9a (0x05eeb5b7) lui     a1, 0x5eeb
core   0: 1 0x0000000080005d9a (0x05eeb5b7) x11 0x0000000005eeb000
core   0: 0x0000000080005d9e (0x2915859b) addiw   a1, a1, 657
core   0: 1 0x0000000080005d9e (0x2915859b) x11 0x0000000005eeb291
core   0: 0x0000000080005da2 (0x000005b2) c.slli  a1, 12
core   0: 1 0x0000000080005da2 (0x05b2) x11 0x0000005eeb291000
core   0: 0x0000000080005da4 (0x14958593) addi    a1, a1, 329
core   0: 1 0x0000000080005da4 (0x14958593) x11 0x0000005eeb291149
core   0: 0x0000000080005da8 (0x1043a1f3) csrrs   gp, sie, t2
core   0: 1 0x0000000080005da8 (0x1043a1f3) x3  0x0000000000000000 c772_mie 0x0000000000000a00
core   0: 0x0000000080005dac (0xa25f8953) fle.d   s2, ft11, ft5
core   0: 1 0x0000000080005dac (0xa25f8953) c1_fflags 0x0000000000000012 x18 0x0000000000000000
core   0: 0x0000000080005db0 (0x02f96a3b) remw    s4, s2, a5
core   0: 1 0x0000000080005db0 (0x02f96a3b) x20 0x0000000000000000
core   0: 0x0000000080005db4 (0x0ff0000f) fence   iorw,iorw
core   0: 1 0x0000000080005db4 (0x0ff0000f)
core   0: 0x0000000080005db8 (0x034df2c3) fmadd.d ft5, fs11, fs4, ft0
core   0: 1 0x0000000080005db8 (0x034df2c3) f5  0x7ff8000000000000
core   0: 0x0000000080005dbc (0xc020e0f3) csrrsi  ra, instret, 1
core   0: exception trap_illegal_instruction, epc 0x0000000080005dbc
core   0:           tval 0x00000000c020e0f3
core   0: >>>>  $xrv64i2p1_m2p0_a2p1_f2p2_d2p2_zicsr2p0_zifencei2p0_zmmul1p0_zba1p0_zbb1p0_zbc1p0_zbs1p0
core   0: 0x0000000080004000 (0x0080006f) j       pc + 0x8
core   0: 3 0x0000000080004000 (0x0080006f)
core   0: >>>>  mmode_exception_handler
core   0: 0x0000000080004008 (0x00002c17) auipc   s8, 0x2
core   0: 3 0x0000000080004008 (0x00002c17) x24 0x0000000080006008
core   0: 0x000000008000400c (0x00ac0c13) addi    s8, s8, 10
core   0: 3 0x000000008000400c (0x00ac0c13) x24 0x0000000080006012
core   0: 0x0000000080004010 (0x000c00e7) jalr    s8
core   0: 3 0x0000000080004010 (0x000c00e7) x1  0x0000000080004014
core   0: >>>>  any_handler
core   0: 0x0000000080006012 (0x341027f3) csrrs   a5, mepc, zero
core   0: 3 0x0000000080006012 (0x341027f3) x15 0x0000000080005dbc
core   0: 0x0000000080006016 (0x34202773) csrrs   a4, mcause, zero
core   0: 3 0x0000000080006016 (0x34202773) x14 0x0000000000000002
core   0: 0x000000008000601a (0x142026f3) csrrs   a3, scause, zero
core   0: 3 0x000000008000601a (0x142026f3) x13 0x0000000000000012
core   0: 0x000000008000601e (0x30402673) csrrs   a2, mie, zero
core   0: 3 0x000000008000601e (0x30402673) x12 0x0000000000000a00
core   0: 0x0000000080006022 (0x344025f3) csrrs   a1, mip, zero
core   0: 3 0x0000000080006022 (0x344025f3) x11 0x0000000000000080
core   0: 0x0000000080006026 (0x343025f3) csrrs   a1, mtval, zero
core   0: 3 0x0000000080006026 (0x343025f3) x11 0x00000000c020e0f3
core   0: 0x000000008000602a (0x14302573) csrrs   a0, stval, zero
core   0: 3 0x000000008000602a (0x14302573) x10 0x0000000000000000
core   0: 0x000000008000602e (0xb02024f3) csrrs   s1, minstret, zero
core   0: 3 0x000000008000602e (0xb02024f3) x9  0x0000000000001182
core   0: 0x0000000080006032 (0x0000a811) c.j     pc + 20
core   0: 3 0x0000000080006032 (0xa811)
core   0: >>>>  mepc_4
core   0: 0x0000000080006046 (0x00000791) c.addi  a5, 4
core   0: 3 0x0000000080006046 (0x0791) x15 0x0000000080005dc0
core   0: 0x0000000080006048 (0x34179073) csrrw   zero, mepc, a5
core   0: 3 0x0000000080006048 (0x34179073) c833_mepc 0x0000000080005dc0
core   0: 0x000000008000604c (0x30200073) mret
core   0: 3 0x000000008000604c (0x30200073) c768_mstatus 0x8000000a00106080
core   0: 0x0000000080005dc0 (0x8004011b) addiw   sp, s0, -2048
core   0: 1 0x0000000080005dc0 (0x8004011b) x2  0x0000000017355356
core   0: 0x0000000080005dc4 (0x019ea9b3) slt     s3, t4, s9
core   0: 1 0x0000000080005dc4 (0x019ea9b3) x19 0x0000000000000000
core   0: 0x0000000080005dc8 (0xd2098bd3) fcvt.d.w fs7, s3
core   0: 1 0x0000000080005dc8 (0xd2098bd3) f23 0x0000000000000000
core   0: 0x0000000080005dcc (0x23708e53) fsgnj.d ft8, ft1, fs7
core   0: 1 0x0000000080005dcc (0x23708e53) f28 0x7fffffff7fc00000
core   0: 0x0000000080005dd0 (0x143bf573) csrrci  a0, stval, 23
core   0: 1 0x0000000080005dd0 (0x143bf573) x10 0x0000000000000000 c323_stval 0x0000000000000000
core   0: 0x0000000080005dd4 (0x00310233) add     tp, sp, gp
core   0: 1 0x0000000080005dd4 (0x00310233) x4  0x0000000017355356
core   0: 0x0000000080005dd8 (0xf3cbf74f) fnmadd.d fa4, fs7, ft8, ft10
core   0: 1 0x0000000080005dd8 (0xf3cbf74f) f14 0x7ff8000000000000
core   0: 0x0000000080005ddc (0xa2128d53) fle.d   s10, ft5, ft1
core   0: 1 0x0000000080005ddc (0xa2128d53) c1_fflags 0x0000000000000012 x26 0x0000000000000000
core   0: 0x0000000080005de0 (0x41da5b3b) sraw    s6, s4, t4
core   0: 1 0x0000000080005de0 (0x41da5b3b) x22 0x0000000000000000
core   0: 0x0000000080005de4 (0x40a2da33) sra     s4, t0, a0
core   0: 1 0x0000000080005de4 (0x40a2da33) x20 0x0000000017355b56
core   0: 0x0000000080005de8 (0x144a24f3) csrrs   s1, sip, s4
core   0: 1 0x0000000080005de8 (0x144a24f3) x9  0x0000000000000000 c836_mip 0x0000000000000080
core   0: 0x0000000080005dec (0x22e203d3) fsgnj.d ft7, ft4, fa4
core   0: 1 0x0000000080005dec (0x22e203d3) f7  0x41c7623801800000
core   0: 0x0000000080005df0 (0x00000001) c.nop
core   0: 1 0x0000000080005df0 (0x0001)
core   0: 0x0000000080005df2 (0xc2327a53) fcvt.lu.d s4, ft4
core   0: 1 0x0000000080005df2 (0xc2327a53) x20 0x000000002ec47003
core   0: 0x0000000080005df6 (0x0028043b) addw    s0, a6, sp
core   0: 1 0x0000000080005df6 (0x0028043b) x8  0x0000000017355356
core   0: 0x0000000080005dfa (0x0087dab3) srl     s5, a5, s0
core   0: 1 0x0000000080005dfa (0x0087dab3) x21 0x0000000000000200
core   0: 0x0000000080005dfe (0x79b9f4b7) lui     s1, 0x79b9f
core   0: 1 0x0000000080005dfe (0x79b9f4b7) x9  0x0000000079b9f000
core   0: 0x0000000080005e02 (0x00b41433) sll     s0, s0, a1
core   0: 1 0x0000000080005e02 (0x00b41433) x8  0x9ab0000000000000
core   0: 0x0000000080005e06 (0xc2027153) fcvt.w.d sp, ft4
core   0: 1 0x0000000080005e06 (0xc2027153) x2  0x000000002ec47003
core   0: 0x0000000080005e0a (0x027e7753) fadd.d  fa4, ft8, ft7
core   0: 1 0x0000000080005e0a (0x027e7753) f14 0x7ff8000000000000
core   0: 0x0000000080005e0e (0x00202af3) csrrs   s5, frm, zero
core   0: 1 0x0000000080005e0e (0x00202af3) x21 0x0000000000000000
core   0: 0x0000000080005e12 (0x419156b3) sra     a3, sp, s9
core   0: 1 0x0000000080005e12 (0x419156b3) x13 0x000000002ec47003
core   0: 0x0000000080005e16 (0x012790b3) sll     ra, a5, s2
core   0: 1 0x0000000080005e16 (0x012790b3) x1  0x0000000080005dc0
core   0: 0x0000000080005e1a (0xa1bac693) xori    a3, s5, -1509
core   0: 1 0x0000000080005e1a (0xa1bac693) x13 0xfffffffffffffa1b
core   0: 0x0000000080005e1e (0x658f1237) lui     tp, 0x658f1
core   0: 1 0x0000000080005e1e (0x658f1237) x4  0x00000000658f1000
core   0: 0x0000000080005e22 (0x2b791ad3) fmax.d  fs5, fs2, fs7
core   0: 1 0x0000000080005e22 (0x2b791ad3) f21 0x0000000000000000
core   0: 0x0000000080005e26 (0x230aa853) fsgnjx.d fa6, fs5, fa6
core   0: 1 0x0000000080005e26 (0x230aa853) f16 0x0000000000000000
core   0: 0x0000000080005e2a (0x00bb8bbb) addw    s7, s7, a1
core   0: 1 0x0000000080005e2a (0x00bb8bbb) x23 0xffffffffc020e0f3
core   0: 0x0000000080005e2e (0x22e81253) fsgnjn.d ft4, fa6, fa4
core   0: 1 0x0000000080005e2e (0x22e81253) f4  0x8000000000000000
core   0: 0x0000000080005e32 (0x409557bb) sraw    a5, a0, s1
core   0: 1 0x0000000080005e32 (0x409557bb) x15 0x0000000000000000
core   0: 0x0000000080005e36 (0x01467233) and     tp, a2, s4
core   0: 1 0x0000000080005e36 (0x01467233) x4  0x0000000000000000
core   0: 0x0000000080005e3a (0xd22bf0d3) fcvt.d.l ft1, s7
core   0: 1 0x0000000080005e3a (0xd22bf0d3) f1  0xc1cfef8f86800000
core   0: 0x0000000080005e3e (0x2ad409d3) fmin.d  fs3, fs0, fa3
core   0: 1 0x0000000080005e3e (0x2ad409d3) f19 0x41c7623801800000
core   0: 0x0000000080005e42 (0xfcb2d9b7) lui     s3, 0xfcb2d
core   0: 1 0x0000000080005e42 (0xfcb2d9b7) x19 0xfffffffffcb2d000
core   0: 0x0000000080005e46 (0xd579899b) addiw   s3, s3, -681
core   0: 1 0x0000000080005e46 (0xd579899b) x19 0xfffffffffcb2cd57
core   0: 0x0000000080005e4a (0x000009b2) c.slli  s3, 12
core   0: 1 0x0000000080005e4a (0x09b2) x19 0xffffffcb2cd57000
core   0: 0x0000000080005e4c (0xaca98993) addi    s3, s3, -1334
core   0: 1 0x0000000080005e4c (0xaca98993) x19 0xffffffcb2cd56aca
core   0: 0x0000000080005e50 (0x022a9093) slli    ra, s5, 34
core   0: 1 0x0000000080005e50 (0x022a9093) x1  0x0000000000000000
core   0: 0x0000000080005e54 (0x03a88d3b) mulw    s10, a7, s10
core   0: 1 0x0000000080005e54 (0x03a88d3b) x26 0x0000000000000000
core   0: 0x0000000080005e58 (0x02dfffd3) fadd.d  ft11, ft11, fa3
core   0: 1 0x0000000080005e58 (0x02dfffd3) f31 0x7ff8000000000000
core   0: 0x0000000080005e5c (0x02b35033) divu    zero, t1, a1
core   0: 1 0x0000000080005e5c (0x02b35033)
core   0: 0x0000000080005e60 (0x7b29794f) fnmadd.d fs2, fs2, fs2, fa5
core   0: 1 0x0000000080005e60 (0x7b29794f) f18 0x7ff8000000000000
core   0: 0x0000000080005e64 (0xd2387a53) fcvt.d.lu fs4, a6
core   0: 1 0x0000000080005e64 (0xd2387a53) f20 0x0000000000000000
core   0: 0x0000000080005e68 (0x00129c1b) slliw   s8, t0, 1
core   0: 1 0x0000000080005e68 (0x00129c1b) x24 0x000000002e6ab6ac
core   0: 0x0000000080005e6c (0x001a9673) csrrw   a2, fflags, s5
core   0: 1 0x0000000080005e6c (0x001a9673) x12 0x0000000000000012 c1_fflags 0x0000000000000000
core   0: 0x0000000080005e70 (0x2398a8d3) fsgnjx.d fa7, fa7, fs9
core   0: 1 0x0000000080005e70 (0x2398a8d3) f17 0x40a4000000000000
core   0: 0x0000000080005e74 (0x00595dbb) srlw    s11, s2, t0
core   0: 1 0x0000000080005e74 (0x00595dbb) x27 0x0000000000000000
core   0: 0x0000000080005e78 (0x028ac43b) divw    s0, s5, s0
core   0: 1 0x0000000080005e78 (0x028ac43b) x8  0xffffffffffffffff
core   0: 0x0000000080005e7c (0x2316f6cb) fnmsub.d fa3, fa3, fa7, ft4
core   0: 1 0x0000000080005e7c (0x2316f6cb) f13 0xc27d3ac601e00000
core   0: 0x0000000080005e80 (0x000a1b1b) slliw   s6, s4, 0
core   0: 1 0x0000000080005e80 (0x000a1b1b) x22 0x000000002ec47003
core   0: 0x0000000080005e84 (0x00000001) c.nop
core   0: 1 0x0000000080005e84 (0x0001)
core   0: 0x0000000080005e86 (0x00488633) add     a2, a7, tp
core   0: 1 0x0000000080005e86 (0x00488633) x12 0xffffffff80004004
core   0: 0x0000000080005e8a (0x7ff3e113) ori     sp, t2, 2047
core   0: 1 0x0000000080005e8a (0x7ff3e113) x2  0x00000000017357ff
core   0: 0x0000000080005e8e (0x42d47c4f) fnmadd.d fs8, fs0, fa3, fs0
core   0: 1 0x0000000080005e8e (0x42d47c4f) c1_fflags 0x0000000000000001 f24 0x446d3ad4a35f34c8
core   0: 0x0000000080005e92 (0x2b799fd3) fmax.d  ft11, fs3, fs7
core   0: 1 0x0000000080005e92 (0x2b799fd3) f31 0x41c7623801800000
core   0: 0x0000000080005e96 (0x238696d3) fsgnjn.d fa3, fa3, fs8
core   0: 1 0x0000000080005e96 (0x238696d3) f13 0xc27d3ac601e00000
core   0: 0x0000000080005e9a (0xf20c81d3) fmv.d.x ft3, s9
core   0: 1 0x0000000080005e9a (0xf20c81d3) f3  0x0000000000000000
core   0: 0x0000000080005e9e (0x41a3043b) subw    s0, t1, s10
core   0: 1 0x0000000080005e9e (0x41a3043b) x8  0xffffffffffffffff
core   0: 0x0000000080005ea2 (0xd23e7ed3) fcvt.d.lu ft9, t3
core   0: 1 0x0000000080005ea2 (0xd23e7ed3) f29 0x0000000000000000
core   0: 0x0000000080005ea6 (0x02a772d3) fadd.d  ft5, fa4, fa0
core   0: 1 0x0000000080005ea6 (0x02a772d3) f5  0x7ff8000000000000
core   0: 0x0000000080005eaa (0x03fd9493) slli    s1, s11, 63
core   0: 1 0x0000000080005eaa (0x03fd9493) x9  0x0000000000000000
core   0: 0x0000000080005eae (0x00bb7433) and     s0, s6, a1
core   0: 1 0x0000000080005eae (0x00bb7433) x8  0x0000000000006003
core   0: 0x0000000080005eb2 (0x4001de13) srai    t3, gp, 0
core   0: 1 0x0000000080005eb2 (0x4001de13) x28 0x0000000000000000
core   0: 0x0000000080005eb6 (0xb27e0d13) addi    s10, t3, -1241
core   0: 1 0x0000000080005eb6 (0xb27e0d13) x26 0xfffffffffffffb27
core   0: 0x0000000080005eba (0x412d593b) sraw    s2, s10, s2
core   0: 1 0x0000000080005eba (0x412d593b) x18 0xfffffffffffffb27
core   0: 0x0000000080005ebe (0x4038563b) sraw    a2, a6, gp
core   0: 1 0x0000000080005ebe (0x4038563b) x12 0x0000000000000000
core   0: 0x0000000080005ec2 (0x40cd803b) subw    zero, s11, a2
core   0: 1 0x0000000080005ec2 (0x40cd803b)
core   0: 0x0000000080005ec6 (0x00961cb3) sll     s9, a2, s1
core   0: 1 0x0000000080005ec6 (0x00961cb3) x25 0x0000000000000000
core   0: 0x0000000080005eca (0x0248f7b3) remu    a5, a7, tp
core   0: 1 0x0000000080005eca (0x0248f7b3) x15 0xffffffff80004004
core   0: 0x0000000080005ece (0x404b50b3) sra     ra, s6, tp
core   0: 1 0x0000000080005ece (0x404b50b3) x1  0x000000002ec47003
core   0: 0x0000000080005ed2 (0x12327a53) fmul.d  fs4, ft4, ft3
core   0: 1 0x0000000080005ed2 (0x12327a53) f20 0x8000000000000000
core   0: 0x0000000080005ed6 (0x303c2ef3) csrrs   t4, mideleg, s8
core   0: exception trap_illegal_instruction, epc 0x0000000080005ed6
core   0:           tval 0x00000000303c2ef3
core   0: >>>>  $xrv64i2p1_m2p0_a2p1_f2p2_d2p2_zicsr2p0_zifencei2p0_zmmul1p0_zba1p0_zbb1p0_zbc1p0_zbs1p0
core   0: 0x0000000080004000 (0x0080006f) j       pc + 0x8
core   0: 3 0x0000000080004000 (0x0080006f)
core   0: >>>>  mmode_exception_handler
core   0: 0x0000000080004008 (0x00002c17) auipc   s8, 0x2
core   0: 3 0x0000000080004008 (0x00002c17) x24 0x0000000080006008
core   0: 0x000000008000400c (0x00ac0c13) addi    s8, s8, 10
core   0: 3 0x000000008000400c (0x00ac0c13) x24 0x0000000080006012
core   0: 0x0000000080004010 (0x000c00e7) jalr    s8
core   0: 3 0x0000000080004010 (0x000c00e7) x1  0x0000000080004014
core   0: >>>>  any_handler
core   0: 0x0000000080006012 (0x341027f3) csrrs   a5, mepc, zero
core   0: 3 0x0000000080006012 (0x341027f3) x15 0x0000000080005ed6
core   0: 0x0000000080006016 (0x34202773) csrrs   a4, mcause, zero
core   0: 3 0x0000000080006016 (0x34202773) x14 0x0000000000000002
core   0: 0x000000008000601a (0x142026f3) csrrs   a3, scause, zero
core   0: 3 0x000000008000601a (0x142026f3) x13 0x0000000000000012
core   0: 0x000000008000601e (0x30402673) csrrs   a2, mie, zero
core   0: 3 0x000000008000601e (0x30402673) x12 0x0000000000000a00
core   0: 0x0000000080006022 (0x344025f3) csrrs   a1, mip, zero
core   0: 3 0x0000000080006022 (0x344025f3) x11 0x0000000000000080
core   0: 0x0000000080006026 (0x343025f3) csrrs   a1, mtval, zero
core   0: 3 0x0000000080006026 (0x343025f3) x11 0x00000000303c2ef3
core   0: 0x000000008000602a (0x14302573) csrrs   a0, stval, zero
core   0: 3 0x000000008000602a (0x14302573) x10 0x0000000000000000
core   0: 0x000000008000602e (0xb02024f3) csrrs   s1, minstret, zero
core   0: 3 0x000000008000602e (0xb02024f3) x9  0x00000000000011d9
core   0: 0x0000000080006032 (0x0000a811) c.j     pc + 20
core   0: 3 0x0000000080006032 (0xa811)
core   0: >>>>  mepc_4
core   0: 0x0000000080006046 (0x00000791) c.addi  a5, 4
core   0: 3 0x0000000080006046 (0x0791) x15 0x0000000080005eda
core   0: 0x0000000080006048 (0x34179073) csrrw   zero, mepc, a5
core   0: 3 0x0000000080006048 (0x34179073) c833_mepc 0x0000000080005eda
core   0: 0x000000008000604c (0x30200073) mret
core   0: 3 0x000000008000604c (0x30200073) c768_mstatus 0x8000000a00106080
core   0: 0x0000000080005eda (0x00da21b3) slt     gp, s4, a3
core   0: 1 0x0000000080005eda (0x00da21b3) x3  0x0000000000000000
core   0: 0x0000000080005ede (0x40cc5b13) srai    s6, s8, 12
core   0: 1 0x0000000080005ede (0x40cc5b13) x22 0x0000000000080006
core   0: 0x0000000080005ee2 (0x013e5a13) srli    s4, t3, 19
core   0: 1 0x0000000080005ee2 (0x013e5a13) x20 0x0000000000000000
core   0: 0x0000000080005ee6 (0xf1105c73) csrrwi  s8, mvendorid, 0
core   0: exception trap_illegal_instruction, epc 0x0000000080005ee6
core   0:           tval 0x00000000f1105c73
core   0: >>>>  $xrv64i2p1_m2p0_a2p1_f2p2_d2p2_zicsr2p0_zifencei2p0_zmmul1p0_zba1p0_zbb1p0_zbc1p0_zbs1p0
core   0: 0x0000000080004000 (0x0080006f) j       pc + 0x8
core   0: 3 0x0000000080004000 (0x0080006f)
core   0: >>>>  mmode_exception_handler
core   0: 0x0000000080004008 (0x00002c17) auipc   s8, 0x2
core   0: 3 0x0000000080004008 (0x00002c17) x24 0x0000000080006008
core   0: 0x000000008000400c (0x00ac0c13) addi    s8, s8, 10
core   0: 3 0x000000008000400c (0x00ac0c13) x24 0x0000000080006012
core   0: 0x0000000080004010 (0x000c00e7) jalr    s8
core   0: 3 0x0000000080004010 (0x000c00e7) x1  0x0000000080004014
core   0: >>>>  any_handler
core   0: 0x0000000080006012 (0x341027f3) csrrs   a5, mepc, zero
core   0: 3 0x0000000080006012 (0x341027f3) x15 0x0000000080005ee6
core   0: 0x0000000080006016 (0x34202773) csrrs   a4, mcause, zero
core   0: 3 0x0000000080006016 (0x34202773) x14 0x0000000000000002
core   0: 0x000000008000601a (0x142026f3) csrrs   a3, scause, zero
core   0: 3 0x000000008000601a (0x142026f3) x13 0x0000000000000012
core   0: 0x000000008000601e (0x30402673) csrrs   a2, mie, zero
core   0: 3 0x000000008000601e (0x30402673) x12 0x0000000000000a00
core   0: 0x0000000080006022 (0x344025f3) csrrs   a1, mip, zero
core   0: 3 0x0000000080006022 (0x344025f3) x11 0x0000000000000080
core   0: 0x0000000080006026 (0x343025f3) csrrs   a1, mtval, zero
core   0: 3 0x0000000080006026 (0x343025f3) x11 0x00000000f1105c73
core   0: 0x000000008000602a (0x14302573) csrrs   a0, stval, zero
core   0: 3 0x000000008000602a (0x14302573) x10 0x0000000000000000
core   0: 0x000000008000602e (0xb02024f3) csrrs   s1, minstret, zero
core   0: 3 0x000000008000602e (0xb02024f3) x9  0x00000000000011ec
core   0: 0x0000000080006032 (0x0000a811) c.j     pc + 20
core   0: 3 0x0000000080006032 (0xa811)
core   0: >>>>  mepc_4
core   0: 0x0000000080006046 (0x00000791) c.addi  a5, 4
core   0: 3 0x0000000080006046 (0x0791) x15 0x0000000080005eea
core   0: 0x0000000080006048 (0x34179073) csrrw   zero, mepc, a5
core   0: 3 0x0000000080006048 (0x34179073) c833_mepc 0x0000000080005eea
core   0: 0x000000008000604c (0x30200073) mret
core   0: 3 0x000000008000604c (0x30200073) c768_mstatus 0x8000000a00106080
core   0: 0x0000000080005eea (0xc237f553) fcvt.lu.d a0, fa5
core   0: 1 0x0000000080005eea (0xc237f553) x10 0x0000000080006012
core   0: 0x0000000080005eee (0x034320b3) mulhsu  ra, t1, s4
core   0: 1 0x0000000080005eee (0x034320b3) x1  0x0000000000000000
core   0: 0x0000000080005ef2 (0x03ca6e33) rem     t3, s4, t3
core   0: 1 0x0000000080005ef2 (0x03ca6e33) x28 0x0000000000000000
core   0: 0x0000000080005ef6 (0x0ff0000f) fence   iorw,iorw
core   0: 1 0x0000000080005ef6 (0x0ff0000f)
core   0: 0x0000000080005efa (0xd48e3d93) sltiu   s11, t3, -696
core   0: 1 0x0000000080005efa (0xd48e3d93) x27 0x0000000000000001
core   0: 0x0000000080005efe (0x0ff0000f) fence   iorw,iorw
core   0: 1 0x0000000080005efe (0x0ff0000f)
core   0: 0x0000000080005f02 (0x03086833) rem     a6, a6, a6
core   0: 1 0x0000000080005f02 (0x03086833) x16 0x0000000000000000
core   0: 0x0000000080005f06 (0x2b399cd3) fmax.d  fs9, fs3, fs3
core   0: 1 0x0000000080005f06 (0x2b399cd3) f25 0x41c7623801800000
core   0: 0x0000000080005f0a (0x00425dbb) srlw    s11, tp, tp
core   0: 1 0x0000000080005f0a (0x00425dbb) x27 0x0000000000000000
core   0: 0x0000000080005f0e (0x013dd913) srli    s2, s11, 19
core   0: 1 0x0000000080005f0e (0x013dd913) x18 0x0000000000000000
core   0: 0x0000000080005f12 (0x034a3eb3) mulhu   t4, s4, s4
core   0: 1 0x0000000080005f12 (0x034a3eb3) x29 0x0000000000000000
core   0: 0x0000000080005f16 (0x0132e733) or      a4, t0, s3
core   0: 1 0x0000000080005f16 (0x0132e733) x14 0xffffffcb3ff57bde
core   0: 0x0000000080005f1a (0x01070233) add     tp, a4, a6
core   0: 1 0x0000000080005f1a (0x01070233) x4  0xffffffcb3ff57bde
core   0: 0x0000000080005f1e (0x02d25113) srli    sp, tp, 45
core   0: 1 0x0000000080005f1e (0x02d25113) x2  0x000000000007ffff
core   0: 0x0000000080005f22 (0xc23a76d3) fcvt.lu.d a3, fs4
core   0: 1 0x0000000080005f22 (0xc23a76d3) x13 0x0000000000000000
core   0: 0x0000000080005f26 (0x00202cf3) csrrs   s9, frm, zero
core   0: 1 0x0000000080005f26 (0x00202cf3) x25 0x0000000000000000
core   0: 0x0000000080005f2a (0x03225bb3) divu    s7, tp, s2
core   0: 1 0x0000000080005f2a (0x03225bb3) x23 0xffffffffffffffff
core   0: 0x0000000080005f2e (0x03dc71bb) remuw   gp, s8, t4
core   0: 1 0x0000000080005f2e (0x03dc71bb) x3  0xffffffff80006012
core   0: 0x0000000080005f32 (0x65eb8113) addi    sp, s7, 1630
core   0: 1 0x0000000080005f32 (0x65eb8113) x2  0x000000000000065d
core   0: 0x0000000080005f36 (0x0011599b) srliw   s3, sp, 1
core   0: 1 0x0000000080005f36 (0x0011599b) x19 0x000000000000032e
core   0: 0x0000000080005f3a (0x00102373) csrrs   t1, fflags, zero
core   0: 1 0x0000000080005f3a (0x00102373) x6  0x0000000000000001
core   0: 0x0000000080005f3e (0xf1361673) csrrw   a2, mimpid, a2
core   0: exception trap_illegal_instruction, epc 0x0000000080005f3e
core   0:           tval 0x00000000f1361673
core   0: >>>>  $xrv64i2p1_m2p0_a2p1_f2p2_d2p2_zicsr2p0_zifencei2p0_zmmul1p0_zba1p0_zbb1p0_zbc1p0_zbs1p0
core   0: 0x0000000080004000 (0x0080006f) j       pc + 0x8
core   0: 3 0x0000000080004000 (0x0080006f)
core   0: >>>>  mmode_exception_handler
core   0: 0x0000000080004008 (0x00002c17) auipc   s8, 0x2
core   0: 3 0x0000000080004008 (0x00002c17) x24 0x0000000080006008
core   0: 0x000000008000400c (0x00ac0c13) addi    s8, s8, 10
core   0: 3 0x000000008000400c (0x00ac0c13) x24 0x0000000080006012
core   0: 0x0000000080004010 (0x000c00e7) jalr    s8
core   0: 3 0x0000000080004010 (0x000c00e7) x1  0x0000000080004014
core   0: >>>>  any_handler
core   0: 0x0000000080006012 (0x341027f3) csrrs   a5, mepc, zero
core   0: 3 0x0000000080006012 (0x341027f3) x15 0x0000000080005f3e
core   0: 0x0000000080006016 (0x34202773) csrrs   a4, mcause, zero
core   0: 3 0x0000000080006016 (0x34202773) x14 0x0000000000000002
core   0: 0x000000008000601a (0x142026f3) csrrs   a3, scause, zero
core   0: 3 0x000000008000601a (0x142026f3) x13 0x0000000000000012
core   0: 0x000000008000601e (0x30402673) csrrs   a2, mie, zero
core   0: 3 0x000000008000601e (0x30402673) x12 0x0000000000000a00
core   0: 0x0000000080006022 (0x344025f3) csrrs   a1, mip, zero
core   0: 3 0x0000000080006022 (0x344025f3) x11 0x0000000000000080
core   0: 0x0000000080006026 (0x343025f3) csrrs   a1, mtval, zero
core   0: 3 0x0000000080006026 (0x343025f3) x11 0x00000000f1361673
core   0: 0x000000008000602a (0x14302573) csrrs   a0, stval, zero
core   0: 3 0x000000008000602a (0x14302573) x10 0x0000000000000000
core   0: 0x000000008000602e (0xb02024f3) csrrs   s1, minstret, zero
core   0: 3 0x000000008000602e (0xb02024f3) x9  0x0000000000001211
core   0: 0x0000000080006032 (0x0000a811) c.j     pc + 20
core   0: 3 0x0000000080006032 (0xa811)
core   0: >>>>  mepc_4
core   0: 0x0000000080006046 (0x00000791) c.addi  a5, 4
core   0: 3 0x0000000080006046 (0x0791) x15 0x0000000080005f42
core   0: 0x0000000080006048 (0x34179073) csrrw   zero, mepc, a5
core   0: 3 0x0000000080006048 (0x34179073) c833_mepc 0x0000000080005f42
core   0: 0x000000008000604c (0x30200073) mret
core   0: 3 0x000000008000604c (0x30200073) c768_mstatus 0x8000000a00106080
core   0: 0x0000000080005f42 (0x303030f3) csrrc   ra, mideleg, zero
core   0: exception trap_illegal_instruction, epc 0x0000000080005f42
core   0:           tval 0x00000000303030f3
core   0: >>>>  $xrv64i2p1_m2p0_a2p1_f2p2_d2p2_zicsr2p0_zifencei2p0_zmmul1p0_zba1p0_zbb1p0_zbc1p0_zbs1p0
core   0: 0x0000000080004000 (0x0080006f) j       pc + 0x8
core   0: 3 0x0000000080004000 (0x0080006f)
core   0: >>>>  mmode_exception_handler
core   0: 0x0000000080004008 (0x00002c17) auipc   s8, 0x2
core   0: 3 0x0000000080004008 (0x00002c17) x24 0x0000000080006008
core   0: 0x000000008000400c (0x00ac0c13) addi    s8, s8, 10
core   0: 3 0x000000008000400c (0x00ac0c13) x24 0x0000000080006012
core   0: 0x0000000080004010 (0x000c00e7) jalr    s8
core   0: 3 0x0000000080004010 (0x000c00e7) x1  0x0000000080004014
core   0: >>>>  any_handler
core   0: 0x0000000080006012 (0x341027f3) csrrs   a5, mepc, zero
core   0: 3 0x0000000080006012 (0x341027f3) x15 0x0000000080005f42
core   0: 0x0000000080006016 (0x34202773) csrrs   a4, mcause, zero
core   0: 3 0x0000000080006016 (0x34202773) x14 0x0000000000000002
core   0: 0x000000008000601a (0x142026f3) csrrs   a3, scause, zero
core   0: 3 0x000000008000601a (0x142026f3) x13 0x0000000000000012
core   0: 0x000000008000601e (0x30402673) csrrs   a2, mie, zero
core   0: 3 0x000000008000601e (0x30402673) x12 0x0000000000000a00
core   0: 0x0000000080006022 (0x344025f3) csrrs   a1, mip, zero
core   0: 3 0x0000000080006022 (0x344025f3) x11 0x0000000000000080
core   0: 0x0000000080006026 (0x343025f3) csrrs   a1, mtval, zero
core   0: 3 0x0000000080006026 (0x343025f3) x11 0x00000000303030f3
core   0: 0x000000008000602a (0x14302573) csrrs   a0, stval, zero
core   0: 3 0x000000008000602a (0x14302573) x10 0x0000000000000000
core   0: 0x000000008000602e (0xb02024f3) csrrs   s1, minstret, zero
core   0: 3 0x000000008000602e (0xb02024f3) x9  0x0000000000001221
core   0: 0x0000000080006032 (0x0000a811) c.j     pc + 20
core   0: 3 0x0000000080006032 (0xa811)
core   0: >>>>  mepc_4
core   0: 0x0000000080006046 (0x00000791) c.addi  a5, 4
core   0: 3 0x0000000080006046 (0x0791) x15 0x0000000080005f46
core   0: 0x0000000080006048 (0x34179073) csrrw   zero, mepc, a5
core   0: 3 0x0000000080006048 (0x34179073) c833_mepc 0x0000000080005f46
core   0: 0x000000008000604c (0x30200073) mret
core   0: 3 0x000000008000604c (0x30200073) c768_mstatus 0x8000000a00106080
core   0: 0x0000000080005f46 (0x030a7f53) fadd.d  ft10, fs4, fa6
core   0: 1 0x0000000080005f46 (0x030a7f53) f30 0x0000000000000000
core   0: 0x0000000080005f4a (0xbdaa4cb7) lui     s9, 0xbdaa4
core   0: 1 0x0000000080005f4a (0xbdaa4cb7) x25 0xffffffffbdaa4000
core   0: 0x0000000080005f4e (0x018b1433) sll     s0, s6, s8
core   0: 1 0x0000000080005f4e (0x018b1433) x8  0x0000002000180000
core   0: 0x0000000080005f52 (0x000555b3) srl     a1, a0, zero
core   0: 1 0x0000000080005f52 (0x000555b3) x11 0x0000000000000000
core   0: 0x0000000080005f56 (0x02635113) srli    sp, t1, 38
core   0: 1 0x0000000080005f56 (0x02635113) x2  0x0000000000000000
core   0: 0x0000000080005f5a (0x030863bb) remw    t2, a6, a6
core   0: 1 0x0000000080005f5a (0x030863bb) x7  0x0000000000000000
core   0: 0x0000000080005f5e (0x034b6b33) rem     s6, s6, s4
core   0: 1 0x0000000080005f5e (0x034b6b33) x22 0x0000000000080006
core   0: 0x0000000080005f62 (0xc20d7ed3) fcvt.w.d t4, fs10
core   0: 1 0x0000000080005f62 (0xc20d7ed3) c1_fflags 0x0000000000000011 x29 0x000000007fffffff
core   0: 0x0000000080005f66 (0x00fc8cbb) addw    s9, s9, a5
core   0: 1 0x0000000080005f66 (0x00fc8cbb) x25 0x000000003daa9f46
core   0: 0x0000000080005f6a (0xc060f973) csrrci  s2, hpmcounter6, 1
core   0: exception trap_illegal_instruction, epc 0x0000000080005f6a
core   0:           tval 0x00000000c060f973
core   0: >>>>  $xrv64i2p1_m2p0_a2p1_f2p2_d2p2_zicsr2p0_zifencei2p0_zmmul1p0_zba1p0_zbb1p0_zbc1p0_zbs1p0
core   0: 0x0000000080004000 (0x0080006f) j       pc + 0x8
core   0: 3 0x0000000080004000 (0x0080006f)
core   0: >>>>  mmode_exception_handler
core   0: 0x0000000080004008 (0x00002c17) auipc   s8, 0x2
core   0: 3 0x0000000080004008 (0x00002c17) x24 0x0000000080006008
core   0: 0x000000008000400c (0x00ac0c13) addi    s8, s8, 10
core   0: 3 0x000000008000400c (0x00ac0c13) x24 0x0000000080006012
core   0: 0x0000000080004010 (0x000c00e7) jalr    s8
core   0: 3 0x0000000080004010 (0x000c00e7) x1  0x0000000080004014
core   0: >>>>  any_handler
core   0: 0x0000000080006012 (0x341027f3) csrrs   a5, mepc, zero
core   0: 3 0x0000000080006012 (0x341027f3) x15 0x0000000080005f6a
core   0: 0x0000000080006016 (0x34202773) csrrs   a4, mcause, zero
core   0: 3 0x0000000080006016 (0x34202773) x14 0x0000000000000002
core   0: 0x000000008000601a (0x142026f3) csrrs   a3, scause, zero
core   0: 3 0x000000008000601a (0x142026f3) x13 0x0000000000000012
core   0: 0x000000008000601e (0x30402673) csrrs   a2, mie, zero
core   0: 3 0x000000008000601e (0x30402673) x12 0x0000000000000a00
core   0: 0x0000000080006022 (0x344025f3) csrrs   a1, mip, zero
core   0: 3 0x0000000080006022 (0x344025f3) x11 0x0000000000000080
core   0: 0x0000000080006026 (0x343025f3) csrrs   a1, mtval, zero
core   0: 3 0x0000000080006026 (0x343025f3) x11 0x00000000c060f973
core   0: 0x000000008000602a (0x14302573) csrrs   a0, stval, zero
core   0: 3 0x000000008000602a (0x14302573) x10 0x0000000000000000
core   0: 0x000000008000602e (0xb02024f3) csrrs   s1, minstret, zero
core   0: 3 0x000000008000602e (0xb02024f3) x9  0x000000000000123a
core   0: 0x0000000080006032 (0x0000a811) c.j     pc + 20
core   0: 3 0x0000000080006032 (0xa811)
core   0: >>>>  mepc_4
core   0: 0x0000000080006046 (0x00000791) c.addi  a5, 4
core   0: 3 0x0000000080006046 (0x0791) x15 0x0000000080005f6e
core   0: 0x0000000080006048 (0x34179073) csrrw   zero, mepc, a5
core   0: 3 0x0000000080006048 (0x34179073) c833_mepc 0x0000000080005f6e
core   0: 0x000000008000604c (0x30200073) mret
core   0: 3 0x000000008000604c (0x30200073) c768_mstatus 0x8000000a00106080
core   0: 0x0000000080005f6e (0xbaa78bb7) lui     s7, 0xbaa78
core   0: 1 0x0000000080005f6e (0xbaa78bb7) x23 0xffffffffbaa78000
core   0: 0x0000000080005f72 (0x406b8333) sub     t1, s7, t1
core   0: 1 0x0000000080005f72 (0x406b8333) x6  0xffffffffbaa77fff
core   0: 0x0000000080005f76 (0xd0277fd3) fcvt.s.l ft11, a4
core   0: 1 0x0000000080005f76 (0xd0277fd3) f31 0xffffffff40000000
core   0: 0x0000000080005f7a (0x0a2b7a53) fsub.d  fs4, fs6, ft2
core   0: 1 0x0000000080005f7a (0x0a2b7a53) f20 0xc095480000000000
core   0: 0x0000000080005f7e (0xc21f73d3) fcvt.wu.d t2, ft10
core   0: 1 0x0000000080005f7e (0xc21f73d3) x7  0x0000000000000000
core   0: 0x0000000080005f82 (0xc02b7053) fcvt.l.s zero, fs6
core   0: 1 0x0000000080005f82 (0xc02b7053) c1_fflags 0x0000000000000011
core   0: 0x0000000080005f86 (0x414c8a33) sub     s4, s9, s4
core   0: 1 0x0000000080005f86 (0x414c8a33) x20 0x000000003daa9f46
core   0: 0x0000000080005f8a (0x02cc8d3b) mulw    s10, s9, a2
core   0: 1 0x0000000080005f8a (0x02cc8d3b) x26 0xffffffffaa38bc00
core   0: 0x0000000080005f8e (0xf95d7493) andi    s1, s10, -107
core   0: 1 0x0000000080005f8e (0xf95d7493) x9  0xffffffffaa38bc00
core   0: 0x0000000080005f92 (0x936875cf) fnmadd.d fa1, fa6, fs6, fs2
core   0: 1 0x0000000080005f92 (0x936875cf) f11 0x7ff8000000000000
core   0: 0x0000000080005f96 (0x0049193b) sllw    s2, s2, tp
core   0: 1 0x0000000080005f96 (0x0049193b) x18 0x0000000000000000
core   0: 0x0000000080005f9a (0x03831333) mulh    t1, t1, s8
core   0: 1 0x0000000080005f9a (0x03831333) x6  0xffffffffffffffff
core   0: 0x0000000080005f9e (0x1b44f9d3) fdiv.d  fs3, fs1, fs4
core   0: 1 0x0000000080005f9e (0x1b44f9d3) f19 0x7ff8000000000000
core   0: 0x0000000080005fa2 (0xa379fbc7) fmsub.d fs7, fs3, fs7, fs4
core   0: 1 0x0000000080005fa2 (0xa379fbc7) f23 0x7ff8000000000000
core   0: 0x0000000080005fa6 (0x020f7053) fadd.d  ft0, ft10, ft0
core   0: 1 0x0000000080005fa6 (0x020f7053) f0  0x0000000000000000
core   0: 0x0000000080005faa (0x00d159bb) srlw    s3, sp, a3
core   0: 1 0x0000000080005faa (0x00d159bb) x19 0x0000000000000000
core   0: 0x0000000080005fae (0x00000001) c.nop
core   0: 1 0x0000000080005fae (0x0001)
core   0: 0x0000000080005fb0 (0x40c19597) auipc   a1, 0x40c19
core   0: 1 0x0000000080005fb0 (0x40c19597) x11 0x00000000c0c1efb0
core   0: 0x0000000080005fb4 (0x40bc8c33) sub     s8, s9, a1
core   0: 1 0x0000000080005fb4 (0x40bc8c33) x24 0xffffffff7ce8af96
core   0: 0x0000000080005fb8 (0x0062521b) srliw   tp, tp, 6
core   0: 1 0x0000000080005fb8 (0x0062521b) x4  0x0000000000ffd5ef
core   0: 0x0000000080005fbc (0x039555bb) divuw   a1, a0, s9
core   0: 1 0x0000000080005fbc (0x039555bb) x11 0x0000000000000000
core   0: 0x0000000080005fc0 (0xf2050ed3) fmv.d.x ft9, a0
core   0: 1 0x0000000080005fc0 (0xf2050ed3) f29 0x0000000000000000
core   0: 0x0000000080005fc4 (0x22070ad3) fsgnj.d fs5, fa4, ft0
core   0: 1 0x0000000080005fc4 (0x22070ad3) f21 0x7ff8000000000000
core   0: 0x0000000080005fc8 (0x4346d993) srai    s3, a3, 52
core   0: 1 0x0000000080005fc8 (0x4346d993) x19 0x0000000000000000
core   0: 0x0000000080005fcc (0x00ab15b3) sll     a1, s6, a0
core   0: 1 0x0000000080005fcc (0x00ab15b3) x11 0x0000000000080006
core   0: 0x0000000080005fd0 (0x2a319453) fmax.d  fs0, ft3, ft3
core   0: 1 0x0000000080005fd0 (0x2a319453) f8  0x0000000000000000
core   0: 0x0000000080005fd4 (0x00baea33) or      s4, s5, a1
core   0: 1 0x0000000080005fd4 (0x00baea33) x20 0x0000000000080006
core   0: 0x0000000080005fd8 (0x52faf74f) fnmadd.d fa4, fs5, fa5, fa0
core   0: 1 0x0000000080005fd8 (0x52faf74f) f14 0x7ff8000000000000
core   0: 0x0000000080005fdc (0x01421cbb) sllw    s9, tp, s4
core   0: 1 0x0000000080005fdc (0x01421cbb) x25 0x000000003ff57bc0
core   0: 0x0000000080005fe0 (0x00081313) slli    t1, a6, 0
core   0: 1 0x0000000080005fe0 (0x00081313) x6  0x0000000000000000
core   0: 0x0000000080005fe4 (0x0afe7953) fsub.d  fs2, ft8, fa5
core   0: 1 0x0000000080005fe4 (0x0afe7953) f18 0x7ff8000000000000
core   0: 0x0000000080005fe8 (0x039cccb3) div     s9, s9, s9
core   0: 1 0x0000000080005fe8 (0x039cccb3) x25 0x0000000000000001
core   0: 0x0000000080005fec (0x420f85d3) fcvt.d.s fa1, ft11
core   0: 1 0x0000000080005fec (0x420f85d3) f11 0x4000000000000000
core   0: 0x0000000080005ff0 (0x01975233) srl     tp, a4, s9
core   0: 1 0x0000000080005ff0 (0x01975233) x4  0x0000000000000001
core   0: 0x0000000080005ff4 (0x5b10fac7) fmsub.d fs5, ft1, fa7, fa1
core   0: 1 0x0000000080005ff4 (0x5b10fac7) f21 0xc283f5b9b4101000
core   0: 0x0000000080005ff8 (0x019453b3) srl     t2, s0, s9
core   0: 1 0x0000000080005ff8 (0x019453b3) x7  0x00000010000c0000
core   0: 0x0000000080005ffc (0x027e71b3) remu    gp, t3, t2
core   0: 1 0x0000000080005ffc (0x027e71b3) x3  0x0000000000000000
core   0: 0x0000000080006000 (0x41d2dc3b) sraw    s8, t0, t4
core   0: 1 0x0000000080006000 (0x41d2dc3b) x24 0x0000000000000000
core   0: 0x0000000080006004 (0x41da0933) sub     s2, s4, t4
core   0: 1 0x0000000080006004 (0x41da0933) x18 0xffffffff80080007
core   0: 0x0000000080006008 (0x7bb7f247) fmsub.d ft4, fa5, fs11, fa5
core   0: 1 0x0000000080006008 (0x7bb7f247) c1_fflags 0x0000000000000011 f4  0x43d0001804690348
core   0: >>>>  write_tohost
core   0: 0x000000008000600c (0x9d8fa0ef) jal     pc - 0x5e28
core   0: 1 0x000000008000600c (0x9d8fa0ef) x1  0x0000000080006010
core   0: >>>>  _exit
core   0: 0x00000000800001e4 (0x00004505) c.li    a0, 1
core   0: 1 0x00000000800001e4 (0x4505) x10 0x0000000000000001
core   0: 0x00000000800001e6 (0x00001f17) auipc   t5, 0x1
core   0: 1 0x00000000800001e6 (0x00001f17) x30 0x00000000800011e6
core   0: 0x00000000800001ea (0xe0af2d23) sw      a0, -486(t5)
core   0: 1 0x00000000800001ea (0xe0af2d23) mem 0x0000000080001000 0x00000001
cp /home/server/RISCV/cva6/verif/sim/out/seed_540/spike_sim/new_seeds_540_.cv64a6_imafdc_sv39.log.iss /home/server/RISCV/cva6/verif/sim/out/seed_540/spike_sim/new_seeds_540_.cv64a6_imafdc_sv39.log
