Makefile:14: must set CVA6_REPO_DIR to point at the root of CVA6 sources and CVA6_TB_DIR to point here -- doing it for you...
LD_LIBRARY_PATH="$(realpath ../../tools/spike/lib):$LD_LIBRARY_PATH" \
	/home/server/RISCV/cva6/tools/spike/bin/spike --steps=2000000  --log-commits --isa=rv64gc_zba_zbb_zbs_zbc_zicsr_zifencei --priv=msu -l /home/server/RISCV/cva6/verif/sim/out/seed_1138/directed_asm_tests/new_seeds_1138_.o
[SPIKE] Max simulation steps: 2000000
[SPIKE] Proc 0 | ISA: rv64gc_zba_zbb_zbs_zbc_zicsr_zifencei PRIV: msu
[SPIKE] Initializing memories...
core   0: 0x0000000000010000 (0x00100413) li      s0, 1
core   0: 3 0x0000000000010000 (0x00100413) x8  0x0000000000000001
core   0: 0x0000000000010004 (0x01f41413) slli    s0, s0, 31
core   0: 3 0x0000000000010004 (0x01f41413) x8  0x0000000080000000
core   0: 0x0000000000010008 (0xf1402573) csrrs   a0, mhartid, zero
core   0: 3 0x0000000000010008 (0xf1402573) x10 0x0000000000000000
core   0: 0x000000000001000c (0x00000597) auipc   a1, 0x0
core   0: 3 0x000000000001000c (0x00000597) x11 0x000000000001000c
core   0: 0x0000000000010010 (0x07458593) addi    a1, a1, 116
core   0: 3 0x0000000000010010 (0x07458593) x11 0x0000000000010080
core   0: 0x0000000000010014 (0x00040067) jr      s0
core   0: 3 0x0000000000010014 (0x00040067)
core   0: >>>>  _start
core   0: 0x0000000080000000 (0x00004081) c.li    ra, 0
core   0: 3 0x0000000080000000 (0x4081) x1  0x0000000000000000
core   0: 0x0000000080000002 (0x00004101) c.li    sp, 0
core   0: 3 0x0000000080000002 (0x4101) x2  0x0000000000000000
core   0: 0x0000000080000004 (0x00004181) c.li    gp, 0
core   0: 3 0x0000000080000004 (0x4181) x3  0x0000000000000000
core   0: 0x0000000080000006 (0x00004201) c.li    tp, 0
core   0: 3 0x0000000080000006 (0x4201) x4  0x0000000000000000
core   0: 0x0000000080000008 (0x00004281) c.li    t0, 0
core   0: 3 0x0000000080000008 (0x4281) x5  0x0000000000000000
core   0: 0x000000008000000a (0x00004301) c.li    t1, 0
core   0: 3 0x000000008000000a (0x4301) x6  0x0000000000000000
core   0: 0x000000008000000c (0x00004381) c.li    t2, 0
core   0: 3 0x000000008000000c (0x4381) x7  0x0000000000000000
core   0: 0x000000008000000e (0x00004401) c.li    s0, 0
core   0: 3 0x000000008000000e (0x4401) x8  0x0000000000000000
core   0: 0x0000000080000010 (0x00004481) c.li    s1, 0
core   0: 3 0x0000000080000010 (0x4481) x9  0x0000000000000000
core   0: 0x0000000080000012 (0x00004501) c.li    a0, 0
core   0: 3 0x0000000080000012 (0x4501) x10 0x0000000000000000
core   0: 0x0000000080000014 (0x00004581) c.li    a1, 0
core   0: 3 0x0000000080000014 (0x4581) x11 0x0000000000000000
core   0: 0x0000000080000016 (0x00004601) c.li    a2, 0
core   0: 3 0x0000000080000016 (0x4601) x12 0x0000000000000000
core   0: 0x0000000080000018 (0x00004681) c.li    a3, 0
core   0: 3 0x0000000080000018 (0x4681) x13 0x0000000000000000
core   0: 0x000000008000001a (0x00004701) c.li    a4, 0
core   0: 3 0x000000008000001a (0x4701) x14 0x0000000000000000
core   0: 0x000000008000001c (0x00004781) c.li    a5, 0
core   0: 3 0x000000008000001c (0x4781) x15 0x0000000000000000
core   0: 0x000000008000001e (0x00004801) c.li    a6, 0
core   0: 3 0x000000008000001e (0x4801) x16 0x0000000000000000
core   0: 0x0000000080000020 (0x00004881) c.li    a7, 0
core   0: 3 0x0000000080000020 (0x4881) x17 0x0000000000000000
core   0: 0x0000000080000022 (0x00004901) c.li    s2, 0
core   0: 3 0x0000000080000022 (0x4901) x18 0x0000000000000000
core   0: 0x0000000080000024 (0x00004981) c.li    s3, 0
core   0: 3 0x0000000080000024 (0x4981) x19 0x0000000000000000
core   0: 0x0000000080000026 (0x00004a01) c.li    s4, 0
core   0: 3 0x0000000080000026 (0x4a01) x20 0x0000000000000000
core   0: 0x0000000080000028 (0x00004a81) c.li    s5, 0
core   0: 3 0x0000000080000028 (0x4a81) x21 0x0000000000000000
core   0: 0x000000008000002a (0x00004b01) c.li    s6, 0
core   0: 3 0x000000008000002a (0x4b01) x22 0x0000000000000000
core   0: 0x000000008000002c (0x00004b81) c.li    s7, 0
core   0: 3 0x000000008000002c (0x4b81) x23 0x0000000000000000
core   0: 0x000000008000002e (0x00004c01) c.li    s8, 0
core   0: 3 0x000000008000002e (0x4c01) x24 0x0000000000000000
core   0: 0x0000000080000030 (0x00004c81) c.li    s9, 0
core   0: 3 0x0000000080000030 (0x4c81) x25 0x0000000000000000
core   0: 0x0000000080000032 (0x00004d01) c.li    s10, 0
core   0: 3 0x0000000080000032 (0x4d01) x26 0x0000000000000000
core   0: 0x0000000080000034 (0x00004d81) c.li    s11, 0
core   0: 3 0x0000000080000034 (0x4d81) x27 0x0000000000000000
core   0: 0x0000000080000036 (0x00004e01) c.li    t3, 0
core   0: 3 0x0000000080000036 (0x4e01) x28 0x0000000000000000
core   0: 0x0000000080000038 (0x00004e81) c.li    t4, 0
core   0: 3 0x0000000080000038 (0x4e81) x29 0x0000000000000000
core   0: 0x000000008000003a (0x00004f01) c.li    t5, 0
core   0: 3 0x000000008000003a (0x4f01) x30 0x0000000000000000
core   0: 0x000000008000003c (0x00004f81) c.li    t6, 0
core   0: 3 0x000000008000003c (0x4f81) x31 0x0000000000000000
core   0: 0x000000008000003e (0x000062f9) c.lui   t0, 0x1e
core   0: 3 0x000000008000003e (0x62f9) x5  0x000000000001e000
core   0: 0x0000000080000040 (0x3002a073) csrrs   zero, mstatus, t0
core   0: 3 0x0000000080000040 (0x3002a073) c768_mstatus 0x8000000a00006000
core   0: 0x0000000080000044 (0x00004285) c.li    t0, 1
core   0: 3 0x0000000080000044 (0x4285) x5  0x0000000000000001
core   0: 0x0000000080000046 (0x000002fe) c.slli  t0, 31
core   0: 3 0x0000000080000046 (0x02fe) x5  0x0000000080000000
core   0: 0x0000000080000048 (0x0002d863) bge     t0, zero, pc + 16
core   0: 3 0x0000000080000048 (0x0002d863)
core   0: 0x0000000080000058 (0x00000297) auipc   t0, 0x0
core   0: 3 0x0000000080000058 (0x00000297) x5  0x0000000080000058
core   0: 0x000000008000005c (0x09028293) addi    t0, t0, 144
core   0: 3 0x000000008000005c (0x09028293) x5  0x00000000800000e8
core   0: 0x0000000080000060 (0x30529073) csrrw   zero, mtvec, t0
core   0: 3 0x0000000080000060 (0x30529073) c773_mtvec 0x00000000800000e8
core   0: 0x0000000080000064 (0x00301073) csrrw   zero, fcsr, zero
core   0: 3 0x0000000080000064 (0x00301073) c1_fflags 0x0000000000000000 c2_frm 0x0000000000000000
core   0: 0x0000000080000068 (0xf0000053) fmv.w.x ft0, zero
core   0: 3 0x0000000080000068 (0xf0000053) f0  0xffffffff00000000
core   0: 0x000000008000006c (0xf00000d3) fmv.w.x ft1, zero
core   0: 3 0x000000008000006c (0xf00000d3) f1  0xffffffff00000000
core   0: 0x0000000080000070 (0xf0000153) fmv.w.x ft2, zero
core   0: 3 0x0000000080000070 (0xf0000153) f2  0xffffffff00000000
core   0: 0x0000000080000074 (0xf00001d3) fmv.w.x ft3, zero
core   0: 3 0x0000000080000074 (0xf00001d3) f3  0xffffffff00000000
core   0: 0x0000000080000078 (0xf0000253) fmv.w.x ft4, zero
core   0: 3 0x0000000080000078 (0xf0000253) f4  0xffffffff00000000
core   0: 0x000000008000007c (0xf00002d3) fmv.w.x ft5, zero
core   0: 3 0x000000008000007c (0xf00002d3) f5  0xffffffff00000000
core   0: 0x0000000080000080 (0xf0000353) fmv.w.x ft6, zero
core   0: 3 0x0000000080000080 (0xf0000353) f6  0xffffffff00000000
core   0: 0x0000000080000084 (0xf00003d3) fmv.w.x ft7, zero
core   0: 3 0x0000000080000084 (0xf00003d3) f7  0xffffffff00000000
core   0: 0x0000000080000088 (0xf0000453) fmv.w.x fs0, zero
core   0: 3 0x0000000080000088 (0xf0000453) f8  0xffffffff00000000
core   0: 0x000000008000008c (0xf00004d3) fmv.w.x fs1, zero
core   0: 3 0x000000008000008c (0xf00004d3) f9  0xffffffff00000000
core   0: 0x0000000080000090 (0xf0000553) fmv.w.x fa0, zero
core   0: 3 0x0000000080000090 (0xf0000553) f10 0xffffffff00000000
core   0: 0x0000000080000094 (0xf00005d3) fmv.w.x fa1, zero
core   0: 3 0x0000000080000094 (0xf00005d3) f11 0xffffffff00000000
core   0: 0x0000000080000098 (0xf0000653) fmv.w.x fa2, zero
core   0: 3 0x0000000080000098 (0xf0000653) f12 0xffffffff00000000
core   0: 0x000000008000009c (0xf00006d3) fmv.w.x fa3, zero
core   0: 3 0x000000008000009c (0xf00006d3) f13 0xffffffff00000000
core   0: 0x00000000800000a0 (0xf0000753) fmv.w.x fa4, zero
core   0: 3 0x00000000800000a0 (0xf0000753) f14 0xffffffff00000000
core   0: 0x00000000800000a4 (0xf00007d3) fmv.w.x fa5, zero
core   0: 3 0x00000000800000a4 (0xf00007d3) f15 0xffffffff00000000
core   0: 0x00000000800000a8 (0xf0000853) fmv.w.x fa6, zero
core   0: 3 0x00000000800000a8 (0xf0000853) f16 0xffffffff00000000
core   0: 0x00000000800000ac (0xf00008d3) fmv.w.x fa7, zero
core   0: 3 0x00000000800000ac (0xf00008d3) f17 0xffffffff00000000
core   0: 0x00000000800000b0 (0xf0000953) fmv.w.x fs2, zero
core   0: 3 0x00000000800000b0 (0xf0000953) f18 0xffffffff00000000
core   0: 0x00000000800000b4 (0xf00009d3) fmv.w.x fs3, zero
core   0: 3 0x00000000800000b4 (0xf00009d3) f19 0xffffffff00000000
core   0: 0x00000000800000b8 (0xf0000a53) fmv.w.x fs4, zero
core   0: 3 0x00000000800000b8 (0xf0000a53) f20 0xffffffff00000000
core   0: 0x00000000800000bc (0xf0000ad3) fmv.w.x fs5, zero
core   0: 3 0x00000000800000bc (0xf0000ad3) f21 0xffffffff00000000
core   0: 0x00000000800000c0 (0xf0000b53) fmv.w.x fs6, zero
core   0: 3 0x00000000800000c0 (0xf0000b53) f22 0xffffffff00000000
core   0: 0x00000000800000c4 (0xf0000bd3) fmv.w.x fs7, zero
core   0: 3 0x00000000800000c4 (0xf0000bd3) f23 0xffffffff00000000
core   0: 0x00000000800000c8 (0xf0000c53) fmv.w.x fs8, zero
core   0: 3 0x00000000800000c8 (0xf0000c53) f24 0xffffffff00000000
core   0: 0x00000000800000cc (0xf0000cd3) fmv.w.x fs9, zero
core   0: 3 0x00000000800000cc (0xf0000cd3) f25 0xffffffff00000000
core   0: 0x00000000800000d0 (0xf0000d53) fmv.w.x fs10, zero
core   0: 3 0x00000000800000d0 (0xf0000d53) f26 0xffffffff00000000
core   0: 0x00000000800000d4 (0xf0000dd3) fmv.w.x fs11, zero
core   0: 3 0x00000000800000d4 (0xf0000dd3) f27 0xffffffff00000000
core   0: 0x00000000800000d8 (0xf0000e53) fmv.w.x ft8, zero
core   0: 3 0x00000000800000d8 (0xf0000e53) f28 0xffffffff00000000
core   0: 0x00000000800000dc (0xf0000ed3) fmv.w.x ft9, zero
core   0: 3 0x00000000800000dc (0xf0000ed3) f29 0xffffffff00000000
core   0: 0x00000000800000e0 (0xf0000f53) fmv.w.x ft10, zero
core   0: 3 0x00000000800000e0 (0xf0000f53) f30 0xffffffff00000000
core   0: 0x00000000800000e4 (0xf0000fd3) fmv.w.x ft11, zero
core   0: 3 0x00000000800000e4 (0xf0000fd3) f31 0xffffffff00000000
core   0: 0x00000000800000e8 (0x00000297) auipc   t0, 0x0
core   0: 3 0x00000000800000e8 (0x00000297) x5  0x00000000800000e8
core   0: 0x00000000800000ec (0x03c28293) addi    t0, t0, 60
core   0: 3 0x00000000800000ec (0x03c28293) x5  0x0000000080000124
core   0: 0x00000000800000f0 (0x30529073) csrrw   zero, mtvec, t0
core   0: 3 0x00000000800000f0 (0x30529073) c773_mtvec 0x0000000080000124
core   0: 0x00000000800000f4 (0x00012197) auipc   gp, 0x12
core   0: 3 0x00000000800000f4 (0x00012197) x3  0x00000000800120f4
core   0: 0x00000000800000f8 (0x73418193) addi    gp, gp, 1844
core   0: 3 0x00000000800000f8 (0x73418193) x3  0x0000000080012828
core   0: 0x00000000800000fc (0x00012217) auipc   tp, 0x12
core   0: 3 0x00000000800000fc (0x00012217) x4  0x00000000800120fc
core   0: 0x0000000080000100 (0xf8320213) addi    tp, tp, -125
core   0: 3 0x0000000080000100 (0xf8320213) x4  0x000000008001207f
core   0: 0x0000000080000104 (0xfc027213) andi    tp, tp, -64
core   0: 3 0x0000000080000104 (0xfc027213) x4  0x0000000080012040
core   0: 0x0000000080000108 (0xf1402573) csrrs   a0, mhartid, zero
core   0: 3 0x0000000080000108 (0xf1402573) x10 0x0000000000000000
core   0: 0x000000008000010c (0x00004585) c.li    a1, 1
core   0: 3 0x000000008000010c (0x4585) x11 0x0000000000000001
core   0: 0x000000008000010e (0x00b57063) bgeu    a0, a1, pc + 0
core   0: 3 0x000000008000010e (0x00b57063)
core   0: 0x0000000080000112 (0x00150113) addi    sp, a0, 1
core   0: 3 0x0000000080000112 (0x00150113) x2  0x0000000000000001
core   0: 0x0000000080000116 (0x00000146) c.slli  sp, 17
core   0: 3 0x0000000080000116 (0x0146) x2  0x0000000000020000
core   0: 0x0000000080000118 (0x00009112) c.add   sp, tp
core   0: 3 0x0000000080000118 (0x9112) x2  0x0000000080032040
core   0: 0x000000008000011a (0x01151613) slli    a2, a0, 17
core   0: 3 0x000000008000011a (0x01151613) x12 0x0000000000000000
core   0: 0x000000008000011e (0x00009232) c.add   tp, a2
core   0: 3 0x000000008000011e (0x9232) x4  0x0000000080012040
core   0: 0x0000000080000120 (0x3800f06f) j       pc + 0xf380
core   0: 3 0x0000000080000120 (0x3800f06f)
core   0: >>>>  _init
core   0: 0x000000008000f4a0 (0x00007171) c.addi16sp sp, -176
core   0: 3 0x000000008000f4a0 (0x7171) x2  0x0000000080031f90
core   0: 0x000000008000f4a2 (0x0000f506) c.sdsp  ra, 168(sp)
core   0: 3 0x000000008000f4a2 (0xf506) mem 0x0000000080032038 0x0000000000000000
core   0: 0x000000008000f4a4 (0x0000f122) c.sdsp  s0, 160(sp)
core   0: 3 0x000000008000f4a4 (0xf122) mem 0x0000000080032030 0x0000000000000000
core   0: 0x000000008000f4a6 (0x0000ed26) c.sdsp  s1, 152(sp)
core   0: 3 0x000000008000f4a6 (0xed26) mem 0x0000000080032028 0x0000000000000000
core   0: 0x000000008000f4a8 (0x00001900) c.addi4spn s0, sp, 176
core   0: 3 0x000000008000f4a8 (0x1900) x8  0x0000000080032040
core   0: 0x000000008000f4aa (0x000087aa) c.mv    a5, a0
core   0: 3 0x000000008000f4aa (0x87aa) x15 0x0000000000000000
core   0: 0x000000008000f4ac (0x0000872e) c.mv    a4, a1
core   0: 3 0x000000008000f4ac (0x872e) x14 0x0000000000000001
core   0: 0x000000008000f4ae (0xf4f42e23) sw      a5, -164(s0)
core   0: 3 0x000000008000f4ae (0xf4f42e23) mem 0x0000000080031f9c 0x00000000
core   0: 0x000000008000f4b2 (0x000087ba) c.mv    a5, a4
core   0: 3 0x000000008000f4b2 (0x87ba) x15 0x0000000000000001
core   0: 0x000000008000f4b4 (0xf4f42c23) sw      a5, -168(s0)
core   0: 3 0x000000008000f4b4 (0xf4f42c23) mem 0x0000000080031f98 0x00000001
core   0: 0x000000008000f4b8 (0xfe040793) addi    a5, s0, -32
core   0: 3 0x000000008000f4b8 (0xfe040793) x15 0x0000000080032020
core   0: 0x000000008000f4bc (0xf4f43823) sd      a5, -176(s0)
core   0: 3 0x000000008000f4bc (0xf4f43823) mem 0x0000000080031f90 0x0000000080032020
core   0: 0x000000008000f4c0 (0xf5043783) ld      a5, -176(s0)
core   0: 3 0x000000008000f4c0 (0xf5043783) x15 0x0000000080032020 mem 0x0000000080031f90
core   0: 0x000000008000f4c4 (0xf8078793) addi    a5, a5, -128
core   0: 3 0x000000008000f4c4 (0xf8078793) x15 0x0000000080031fa0
core   0: 0x000000008000f4c8 (0x03f78793) addi    a5, a5, 63
core   0: 3 0x000000008000f4c8 (0x03f78793) x15 0x0000000080031fdf
core   0: 0x000000008000f4cc (0x00008399) c.srli  a5, 6
core   0: 3 0x000000008000f4cc (0x8399) x15 0x0000000002000c7f
core   0: 0x000000008000f4ce (0x00679493) slli    s1, a5, 6
core   0: 3 0x000000008000f4ce (0x00679493) x9  0x0000000080031fc0
core   0: 0x000000008000f4d2 (0xf65ff0ef) jal     pc - 0x9c
core   0: 3 0x000000008000f4d2 (0xf65ff0ef) x1  0x000000008000f4d6
core   0: >>>>  init_tls
core   0: 0x000000008000f436 (0x00001101) c.addi  sp, -32
core   0: 3 0x000000008000f436 (0x1101) x2  0x0000000080031f70
core   0: 0x000000008000f438 (0x0000ec06) c.sdsp  ra, 24(sp)
core   0: 3 0x000000008000f438 (0xec06) mem 0x0000000080031f88 0x000000008000f4d6
core   0: 0x000000008000f43a (0x0000e822) c.sdsp  s0, 16(sp)
core   0: 3 0x000000008000f43a (0xe822) mem 0x0000000080031f80 0x0000000080032040
core   0: 0x000000008000f43c (0x00001000) c.addi4spn s0, sp, 32
core   0: 3 0x000000008000f43c (0x1000) x8  0x0000000080031f90
core   0: 0x000000008000f43e (0x00003717) auipc   a4, 0x3
core   0: 3 0x000000008000f43e (0x00003717) x14 0x000000008001243e
core   0: 0x000000008000f442 (0xbea70713) addi    a4, a4, -1046
core   0: 3 0x000000008000f442 (0xbea70713) x14 0x0000000080012028
core   0: 0x000000008000f446 (0x00003797) auipc   a5, 0x3
core   0: 3 0x000000008000f446 (0x00003797) x15 0x0000000080012446
core   0: 0x000000008000f44a (0xbe278793) addi    a5, a5, -1054
core   0: 3 0x000000008000f44a (0xbe278793) x15 0x0000000080012028
core   0: 0x000000008000f44e (0x40f707b3) sub     a5, a4, a5
core   0: 3 0x000000008000f44e (0x40f707b3) x15 0x0000000000000000
core   0: 0x000000008000f452 (0xfef43423) sd      a5, -24(s0)
core   0: 3 0x000000008000f452 (0xfef43423) mem 0x0000000080031f78 0x0000000000000000
core   0: 0x000000008000f456 (0x00008792) c.mv    a5, tp
core   0: 3 0x000000008000f456 (0x8792) x15 0x0000000080012040
core   0: 0x000000008000f458 (0xfe843603) ld      a2, -24(s0)
core   0: 3 0x000000008000f458 (0xfe843603) x12 0x0000000000000000 mem 0x0000000080031f78
core   0: 0x000000008000f45c (0x00003597) auipc   a1, 0x3
core   0: 3 0x000000008000f45c (0x00003597) x11 0x000000008001245c
core   0: 0x000000008000f460 (0xbcc58593) addi    a1, a1, -1076
core   0: 3 0x000000008000f460 (0xbcc58593) x11 0x0000000080012028
core   0: 0x000000008000f464 (0x0000853e) c.mv    a0, a5
core   0: 3 0x000000008000f464 (0x853e) x10 0x0000000080012040
core   0: 0x000000008000f466 (0x0f9000ef) jal     pc + 0x8f8
core   0: 3 0x000000008000f466 (0x0f9000ef) x1  0x000000008000f46a
core   0: >>>>  memcpy
core   0: 0x000000008000fd5e (0x0000715d) c.addi16sp sp, -80
core   0: 3 0x000000008000fd5e (0x715d) x2  0x0000000080031f20
core   0: 0x000000008000fd60 (0x0000e4a2) c.sdsp  s0, 72(sp)
core   0: 3 0x000000008000fd60 (0xe4a2) mem 0x0000000080031f68 0x0000000080031f90
core   0: 0x000000008000fd62 (0x00000880) c.addi4spn s0, sp, 80
core   0: 3 0x000000008000fd62 (0x0880) x8  0x0000000080031f70
core   0: 0x000000008000fd64 (0xfca43423) sd      a0, -56(s0)
core   0: 3 0x000000008000fd64 (0xfca43423) mem 0x0000000080031f38 0x0000000080012040
core   0: 0x000000008000fd68 (0xfcb43023) sd      a1, -64(s0)
core   0: 3 0x000000008000fd68 (0xfcb43023) mem 0x0000000080031f30 0x0000000080012028
core   0: 0x000000008000fd6c (0xfac43c23) sd      a2, -72(s0)
core   0: 3 0x000000008000fd6c (0xfac43c23) mem 0x0000000080031f28 0x0000000000000000
core   0: 0x000000008000fd70 (0xfc843703) ld      a4, -56(s0)
core   0: 3 0x000000008000fd70 (0xfc843703) x14 0x0000000080012040 mem 0x0000000080031f38
core   0: 0x000000008000fd74 (0xfc043783) ld      a5, -64(s0)
core   0: 3 0x000000008000fd74 (0xfc043783) x15 0x0000000080012028 mem 0x0000000080031f30
core   0: 0x000000008000fd78 (0x00008f5d) c.or    a4, a5
core   0: 3 0x000000008000fd78 (0x8f5d) x14 0x0000000080012068
core   0: 0x000000008000fd7a (0xfb843783) ld      a5, -72(s0)
core   0: 3 0x000000008000fd7a (0xfb843783) x15 0x0000000000000000 mem 0x0000000080031f28
core   0: 0x000000008000fd7e (0x00008fd9) c.or    a5, a4
core   0: 3 0x000000008000fd7e (0x8fd9) x15 0x0000000080012068
core   0: 0x000000008000fd80 (0x00008b9d) c.andi  a5, 7
core   0: 3 0x000000008000fd80 (0x8b9d) x15 0x0000000000000000
core   0: 0x000000008000fd82 (0x0000e3b1) c.bnez  a5, pc + 68
core   0: 3 0x000000008000fd82 (0xe3b1)
core   0: 0x000000008000fd84 (0xfc043783) ld      a5, -64(s0)
core   0: 3 0x000000008000fd84 (0xfc043783) x15 0x0000000080012028 mem 0x0000000080031f30
core   0: 0x000000008000fd88 (0xfef43423) sd      a5, -24(s0)
core   0: 3 0x000000008000fd88 (0xfef43423) mem 0x0000000080031f58 0x0000000080012028
core   0: 0x000000008000fd8c (0xfc843783) ld      a5, -56(s0)
core   0: 3 0x000000008000fd8c (0xfc843783) x15 0x0000000080012040 mem 0x0000000080031f38
core   0: 0x000000008000fd90 (0xfef43023) sd      a5, -32(s0)
core   0: 3 0x000000008000fd90 (0xfef43023) mem 0x0000000080031f50 0x0000000080012040
core   0: 0x000000008000fd94 (0x0000a839) c.j     pc + 30
core   0: 3 0x000000008000fd94 (0xa839)
core   0: 0x000000008000fdb2 (0xfc843703) ld      a4, -56(s0)
core   0: 3 0x000000008000fdb2 (0xfc843703) x14 0x0000000080012040 mem 0x0000000080031f38
core   0: 0x000000008000fdb6 (0xfb843783) ld      a5, -72(s0)
core   0: 3 0x000000008000fdb6 (0xfb843783) x15 0x0000000000000000 mem 0x0000000080031f28
core   0: 0x000000008000fdba (0x000097ba) c.add   a5, a4
core   0: 3 0x000000008000fdba (0x97ba) x15 0x0000000080012040
core   0: 0x000000008000fdbc (0xfe043703) ld      a4, -32(s0)
core   0: 3 0x000000008000fdbc (0xfe043703) x14 0x0000000080012040 mem 0x0000000080031f50
core   0: 0x000000008000fdc0 (0xfcf76be3) bltu    a4, a5, pc - 42
core   0: 3 0x000000008000fdc0 (0xfcf76be3)
core   0: 0x000000008000fdc4 (0x0000a099) c.j     pc + 70
core   0: 3 0x000000008000fdc4 (0xa099)
core   0: 0x000000008000fe0a (0xfc843783) ld      a5, -56(s0)
core   0: 3 0x000000008000fe0a (0xfc843783) x15 0x0000000080012040 mem 0x0000000080031f38
core   0: 0x000000008000fe0e (0x0000853e) c.mv    a0, a5
core   0: 3 0x000000008000fe0e (0x853e) x10 0x0000000080012040
core   0: 0x000000008000fe10 (0x00006426) c.ldsp  s0, 72(sp)
core   0: 3 0x000000008000fe10 (0x6426) x8  0x0000000080031f90 mem 0x0000000080031f68
core   0: 0x000000008000fe12 (0x00006161) c.addi16sp sp, 80
core   0: 3 0x000000008000fe12 (0x6161) x2  0x0000000080031f70
core   0: 0x000000008000fe14 (0x00008082) ret
core   0: 3 0x000000008000fe14 (0x8082)
core   0: 0x000000008000f46a (0x00003717) auipc   a4, 0x3
core   0: 3 0x000000008000f46a (0x00003717) x14 0x000000008001246a
core   0: 0x000000008000f46e (0xc5a70713) addi    a4, a4, -934
core   0: 3 0x000000008000f46e (0xc5a70713) x14 0x00000000800120c4
core   0: 0x000000008000f472 (0x00003797) auipc   a5, 0x3
core   0: 3 0x000000008000f472 (0x00003797) x15 0x0000000080012472
core   0: 0x000000008000f476 (0xbb678793) addi    a5, a5, -1098
core   0: 3 0x000000008000f476 (0xbb678793) x15 0x0000000080012028
core   0: 0x000000008000f47a (0x40f707b3) sub     a5, a4, a5
core   0: 3 0x000000008000f47a (0x40f707b3) x15 0x000000000000009c
core   0: 0x000000008000f47e (0xfef43023) sd      a5, -32(s0)
core   0: 3 0x000000008000f47e (0xfef43023) mem 0x0000000080031f70 0x000000000000009c
core   0: 0x000000008000f482 (0x00008712) c.mv    a4, tp
core   0: 3 0x000000008000f482 (0x8712) x14 0x0000000080012040
core   0: 0x000000008000f484 (0xfe843783) ld      a5, -24(s0)
core   0: 3 0x000000008000f484 (0xfe843783) x15 0x0000000000000000 mem 0x0000000080031f78
core   0: 0x000000008000f488 (0x000097ba) c.add   a5, a4
core   0: 3 0x000000008000f488 (0x97ba) x15 0x0000000080012040
core   0: 0x000000008000f48a (0xfe043603) ld      a2, -32(s0)
core   0: 3 0x000000008000f48a (0xfe043603) x12 0x000000000000009c mem 0x0000000080031f70
core   0: 0x000000008000f48e (0x00004581) c.li    a1, 0
core   0: 3 0x000000008000f48e (0x4581) x11 0x0000000000000000
core   0: 0x000000008000f490 (0x0000853e) c.mv    a0, a5
core   0: 3 0x000000008000f490 (0x853e) x10 0x0000000080012040
core   0: 0x000000008000f492 (0x185000ef) jal     pc + 0x984
core   0: 3 0x000000008000f492 (0x185000ef) x1  0x000000008000f496
core   0: >>>>  memset
core   0: 0x000000008000fe16 (0x0000715d) c.addi16sp sp, -80
core   0: 3 0x000000008000fe16 (0x715d) x2  0x0000000080031f20
core   0: 0x000000008000fe18 (0x0000e4a2) c.sdsp  s0, 72(sp)
core   0: 3 0x000000008000fe18 (0xe4a2) mem 0x0000000080031f68 0x0000000080031f90
core   0: 0x000000008000fe1a (0x00000880) c.addi4spn s0, sp, 80
core   0: 3 0x000000008000fe1a (0x0880) x8  0x0000000080031f70
core   0: 0x000000008000fe1c (0xfca43423) sd      a0, -56(s0)
core   0: 3 0x000000008000fe1c (0xfca43423) mem 0x0000000080031f38 0x0000000080012040
core   0: 0x000000008000fe20 (0x000087ae) c.mv    a5, a1
core   0: 3 0x000000008000fe20 (0x87ae) x15 0x0000000000000000
core   0: 0x000000008000fe22 (0xfac43c23) sd      a2, -72(s0)
core   0: 3 0x000000008000fe22 (0xfac43c23) mem 0x0000000080031f28 0x000000000000009c
core   0: 0x000000008000fe26 (0xfcf42223) sw      a5, -60(s0)
core   0: 3 0x000000008000fe26 (0xfcf42223) mem 0x0000000080031f34 0x00000000
core   0: 0x000000008000fe2a (0xfc843703) ld      a4, -56(s0)
core   0: 3 0x000000008000fe2a (0xfc843703) x14 0x0000000080012040 mem 0x0000000080031f38
core   0: 0x000000008000fe2e (0xfb843783) ld      a5, -72(s0)
core   0: 3 0x000000008000fe2e (0xfb843783) x15 0x000000000000009c mem 0x0000000080031f28
core   0: 0x000000008000fe32 (0x00008fd9) c.or    a5, a4
core   0: 3 0x000000008000fe32 (0x8fd9) x15 0x00000000800120dc
core   0: 0x000000008000fe34 (0x00008b9d) c.andi  a5, 7
core   0: 3 0x000000008000fe34 (0x8b9d) x15 0x0000000000000004
core   0: 0x000000008000fe36 (0x0000e7bd) c.bnez  a5, pc + 110
core   0: 3 0x000000008000fe36 (0xe7bd)
core   0: 0x000000008000fea4 (0xfc843783) ld      a5, -56(s0)
core   0: 3 0x000000008000fea4 (0xfc843783) x15 0x0000000080012040 mem 0x0000000080031f38
core   0: 0x000000008000fea8 (0xfef43023) sd      a5, -32(s0)
core   0: 3 0x000000008000fea8 (0xfef43023) mem 0x0000000080031f50 0x0000000080012040
core   0: 0x000000008000feac (0x0000a829) c.j     pc + 26
core   0: 3 0x000000008000feac (0xa829)
core   0: 0x000000008000fec6 (0xfc843703) ld      a4, -56(s0)
core   0: 3 0x000000008000fec6 (0xfc843703) x14 0x0000000080012040 mem 0x0000000080031f38
core   0: 0x000000008000feca (0xfb843783) ld      a5, -72(s0)
core   0: 3 0x000000008000feca (0xfb843783) x15 0x000000000000009c mem 0x0000000080031f28
core   0: 0x000000008000fece (0x000097ba) c.add   a5, a4
core   0: 3 0x000000008000fece (0x97ba) x15 0x00000000800120dc
core   0: 0x000000008000fed0 (0xfe043703) ld      a4, -32(s0)
core   0: 3 0x000000008000fed0 (0xfe043703) x14 0x0000000080012040 mem 0x0000000080031f50
core   0: 0x000000008000fed4 (0xfcf76de3) bltu    a4, a5, pc - 38
core   0: 3 0x000000008000fed4 (0xfcf76de3)
core   0: 0x000000008000feae (0xfe043783) ld      a5, -32(s0)
core   0: 3 0x000000008000feae (0xfe043783) x15 0x0000000080012040 mem 0x0000000080031f50
core   0: 0x000000008000feb2 (0x00178713) addi    a4, a5, 1
core   0: 3 0x000000008000feb2 (0x00178713) x14 0x0000000080012041
core   0: 0x000000008000feb6 (0xfee43023) sd      a4, -32(s0)
core   0: 3 0x000000008000feb6 (0xfee43023) mem 0x0000000080031f50 0x0000000080012041
core   0: 0x000000008000feba (0xfc442703) lw      a4, -60(s0)
core   0: 3 0x000000008000feba (0xfc442703) x14 0x0000000000000000 mem 0x0000000080031f34
core   0: 0x000000008000febe (0x0ff77713) andi    a4, a4, 255
core   0: 3 0x000000008000febe (0x0ff77713) x14 0x0000000000000000
core   0: 0x000000008000fec2 (0x00e78023) sb      a4, 0(a5)
core   0: 3 0x000000008000fec2 (0x00e78023) mem 0x0000000080012040 0x00
core   0: 0x000000008000fec6 (0xfc843703) ld      a4, -56(s0)
core   0: 3 0x000000008000fec6 (0xfc843703) x14 0x0000000080012040 mem 0x0000000080031f38
core   0: 0x000000008000feca (0xfb843783) ld      a5, -72(s0)
core   0: 3 0x000000008000feca (0xfb843783) x15 0x000000000000009c mem 0x0000000080031f28
core   0: 0x000000008000fece (0x000097ba) c.add   a5, a4
core   0: 3 0x000000008000fece (0x97ba) x15 0x00000000800120dc
core   0: 0x000000008000fed0 (0xfe043703) ld      a4, -32(s0)
core   0: 3 0x000000008000fed0 (0xfe043703) x14 0x0000000080012041 mem 0x0000000080031f50
core   0: 0x000000008000fed4 (0xfcf76de3) bltu    a4, a5, pc - 38
core   0: 3 0x000000008000fed4 (0xfcf76de3)
core   0: 0x000000008000feae (0xfe043783) ld      a5, -32(s0)
core   0: 3 0x000000008000feae (0xfe043783) x15 0x0000000080012041 mem 0x0000000080031f50
core   0: 0x000000008000feb2 (0x00178713) addi    a4, a5, 1
core   0: 3 0x000000008000feb2 (0x00178713) x14 0x0000000080012042
core   0: 0x000000008000feb6 (0xfee43023) sd      a4, -32(s0)
core   0: 3 0x000000008000feb6 (0xfee43023) mem 0x0000000080031f50 0x0000000080012042
core   0: 0x000000008000feba (0xfc442703) lw      a4, -60(s0)
core   0: 3 0x000000008000feba (0xfc442703) x14 0x0000000000000000 mem 0x0000000080031f34
core   0: 0x000000008000febe (0x0ff77713) andi    a4, a4, 255
core   0: 3 0x000000008000febe (0x0ff77713) x14 0x0000000000000000
core   0: 0x000000008000fec2 (0x00e78023) sb      a4, 0(a5)
core   0: 3 0x000000008000fec2 (0x00e78023) mem 0x0000000080012041 0x00
core   0: 0x000000008000fec6 (0xfc843703) ld      a4, -56(s0)
core   0: 3 0x000000008000fec6 (0xfc843703) x14 0x0000000080012040 mem 0x0000000080031f38
core   0: 0x000000008000feca (0xfb843783) ld      a5, -72(s0)
core   0: 3 0x000000008000feca (0xfb843783) x15 0x000000000000009c mem 0x0000000080031f28
core   0: 0x000000008000fece (0x000097ba) c.add   a5, a4
core   0: 3 0x000000008000fece (0x97ba) x15 0x00000000800120dc
core   0: 0x000000008000fed0 (0xfe043703) ld      a4, -32(s0)
core   0: 3 0x000000008000fed0 (0xfe043703) x14 0x0000000080012042 mem 0x0000000080031f50
core   0: 0x000000008000fed4 (0xfcf76de3) bltu    a4, a5, pc - 38
core   0: 3 0x000000008000fed4 (0xfcf76de3)
core   0: 0x000000008000feae (0xfe043783) ld      a5, -32(s0)
core   0: 3 0x000000008000feae (0xfe043783) x15 0x0000000080012042 mem 0x0000000080031f50
core   0: 0x000000008000feb2 (0x00178713) addi    a4, a5, 1
core   0: 3 0x000000008000feb2 (0x00178713) x14 0x0000000080012043
core   0: 0x000000008000feb6 (0xfee43023) sd      a4, -32(s0)
core   0: 3 0x000000008000feb6 (0xfee43023) mem 0x0000000080031f50 0x0000000080012043
core   0: 0x000000008000feba (0xfc442703) lw      a4, -60(s0)
core   0: 3 0x000000008000feba (0xfc442703) x14 0x0000000000000000 mem 0x0000000080031f34
core   0: 0x000000008000febe (0x0ff77713) andi    a4, a4, 255
core   0: 3 0x000000008000febe (0x0ff77713) x14 0x0000000000000000
core   0: 0x000000008000fec2 (0x00e78023) sb      a4, 0(a5)
core   0: 3 0x000000008000fec2 (0x00e78023) mem 0x0000000080012042 0x00
core   0: 0x000000008000fec6 (0xfc843703) ld      a4, -56(s0)
core   0: 3 0x000000008000fec6 (0xfc843703) x14 0x0000000080012040 mem 0x0000000080031f38
core   0: 0x000000008000feca (0xfb843783) ld      a5, -72(s0)
core   0: 3 0x000000008000feca (0xfb843783) x15 0x000000000000009c mem 0x0000000080031f28
core   0: 0x000000008000fece (0x000097ba) c.add   a5, a4
core   0: 3 0x000000008000fece (0x97ba) x15 0x00000000800120dc
core   0: 0x000000008000fed0 (0xfe043703) ld      a4, -32(s0)
core   0: 3 0x000000008000fed0 (0xfe043703) x14 0x0000000080012043 mem 0x0000000080031f50
core   0: 0x000000008000fed4 (0xfcf76de3) bltu    a4, a5, pc - 38
core   0: 3 0x000000008000fed4 (0xfcf76de3)
core   0: 0x000000008000feae (0xfe043783) ld      a5, -32(s0)
core   0: 3 0x000000008000feae (0xfe043783) x15 0x0000000080012043 mem 0x0000000080031f50
core   0: 0x000000008000feb2 (0x00178713) addi    a4, a5, 1
core   0: 3 0x000000008000feb2 (0x00178713) x14 0x0000000080012044
core   0: 0x000000008000feb6 (0xfee43023) sd      a4, -32(s0)
core   0: 3 0x000000008000feb6 (0xfee43023) mem 0x0000000080031f50 0x0000000080012044
core   0: 0x000000008000feba (0xfc442703) lw      a4, -60(s0)
core   0: 3 0x000000008000feba (0xfc442703) x14 0x0000000000000000 mem 0x0000000080031f34
core   0: 0x000000008000febe (0x0ff77713) andi    a4, a4, 255
core   0: 3 0x000000008000febe (0x0ff77713) x14 0x0000000000000000
core   0: 0x000000008000fec2 (0x00e78023) sb      a4, 0(a5)
core   0: 3 0x000000008000fec2 (0x00e78023) mem 0x0000000080012043 0x00
core   0: 0x000000008000fec6 (0xfc843703) ld      a4, -56(s0)
core   0: 3 0x000000008000fec6 (0xfc843703) x14 0x0000000080012040 mem 0x0000000080031f38
core   0: 0x000000008000feca (0xfb843783) ld      a5, -72(s0)
core   0: 3 0x000000008000feca (0xfb843783) x15 0x000000000000009c mem 0x0000000080031f28
core   0: 0x000000008000fece (0x000097ba) c.add   a5, a4
core   0: 3 0x000000008000fece (0x97ba) x15 0x00000000800120dc
core   0: 0x000000008000fed0 (0xfe043703) ld      a4, -32(s0)
core   0: 3 0x000000008000fed0 (0xfe043703) x14 0x0000000080012044 mem 0x0000000080031f50
core   0: 0x000000008000fed4 (0xfcf76de3) bltu    a4, a5, pc - 38
core   0: 3 0x000000008000fed4 (0xfcf76de3)
core   0: 0x000000008000feae (0xfe043783) ld      a5, -32(s0)
core   0: 3 0x000000008000feae (0xfe043783) x15 0x0000000080012044 mem 0x0000000080031f50
core   0: 0x000000008000feb2 (0x00178713) addi    a4, a5, 1
core   0: 3 0x000000008000feb2 (0x00178713) x14 0x0000000080012045
core   0: 0x000000008000feb6 (0xfee43023) sd      a4, -32(s0)
core   0: 3 0x000000008000feb6 (0xfee43023) mem 0x0000000080031f50 0x0000000080012045
core   0: 0x000000008000feba (0xfc442703) lw      a4, -60(s0)
core   0: 3 0x000000008000feba (0xfc442703) x14 0x0000000000000000 mem 0x0000000080031f34
core   0: 0x000000008000febe (0x0ff77713) andi    a4, a4, 255
core   0: 3 0x000000008000febe (0x0ff77713) x14 0x0000000000000000
core   0: 0x000000008000fec2 (0x00e78023) sb      a4, 0(a5)
core   0: 3 0x000000008000fec2 (0x00e78023) mem 0x0000000080012044 0x00
core   0: 0x000000008000fec6 (0xfc843703) ld      a4, -56(s0)
core   0: 3 0x000000008000fec6 (0xfc843703) x14 0x0000000080012040 mem 0x0000000080031f38
core   0: 0x000000008000feca (0xfb843783) ld      a5, -72(s0)
core   0: 3 0x000000008000feca (0xfb843783) x15 0x000000000000009c mem 0x0000000080031f28
core   0: 0x000000008000fece (0x000097ba) c.add   a5, a4
core   0: 3 0x000000008000fece (0x97ba) x15 0x00000000800120dc
core   0: 0x000000008000fed0 (0xfe043703) ld      a4, -32(s0)
core   0: 3 0x000000008000fed0 (0xfe043703) x14 0x0000000080012045 mem 0x0000000080031f50
core   0: 0x000000008000fed4 (0xfcf76de3) bltu    a4, a5, pc - 38
core   0: 3 0x000000008000fed4 (0xfcf76de3)
core   0: 0x000000008000feae (0xfe043783) ld      a5, -32(s0)
core   0: 3 0x000000008000feae (0xfe043783) x15 0x0000000080012045 mem 0x0000000080031f50
core   0: 0x000000008000feb2 (0x00178713) addi    a4, a5, 1
core   0: 3 0x000000008000feb2 (0x00178713) x14 0x0000000080012046
core   0: 0x000000008000feb6 (0xfee43023) sd      a4, -32(s0)
core   0: 3 0x000000008000feb6 (0xfee43023) mem 0x0000000080031f50 0x0000000080012046
core   0: 0x000000008000feba (0xfc442703) lw      a4, -60(s0)
core   0: 3 0x000000008000feba (0xfc442703) x14 0x0000000000000000 mem 0x0000000080031f34
core   0: 0x000000008000febe (0x0ff77713) andi    a4, a4, 255
core   0: 3 0x000000008000febe (0x0ff77713) x14 0x0000000000000000
core   0: 0x000000008000fec2 (0x00e78023) sb      a4, 0(a5)
core   0: 3 0x000000008000fec2 (0x00e78023) mem 0x0000000080012045 0x00
core   0: 0x000000008000fec6 (0xfc843703) ld      a4, -56(s0)
core   0: 3 0x000000008000fec6 (0xfc843703) x14 0x0000000080012040 mem 0x0000000080031f38
core   0: 0x000000008000feca (0xfb843783) ld      a5, -72(s0)
core   0: 3 0x000000008000feca (0xfb843783) x15 0x000000000000009c mem 0x0000000080031f28
core   0: 0x000000008000fece (0x000097ba) c.add   a5, a4
core   0: 3 0x000000008000fece (0x97ba) x15 0x00000000800120dc
core   0: 0x000000008000fed0 (0xfe043703) ld      a4, -32(s0)
core   0: 3 0x000000008000fed0 (0xfe043703) x14 0x0000000080012046 mem 0x0000000080031f50
core   0: 0x000000008000fed4 (0xfcf76de3) bltu    a4, a5, pc - 38
core   0: 3 0x000000008000fed4 (0xfcf76de3)
core   0: 0x000000008000feae (0xfe043783) ld      a5, -32(s0)
core   0: 3 0x000000008000feae (0xfe043783) x15 0x0000000080012046 mem 0x0000000080031f50
core   0: 0x000000008000feb2 (0x00178713) addi    a4, a5, 1
core   0: 3 0x000000008000feb2 (0x00178713) x14 0x0000000080012047
core   0: 0x000000008000feb6 (0xfee43023) sd      a4, -32(s0)
core   0: 3 0x000000008000feb6 (0xfee43023) mem 0x0000000080031f50 0x0000000080012047
core   0: 0x000000008000feba (0xfc442703) lw      a4, -60(s0)
core   0: 3 0x000000008000feba (0xfc442703) x14 0x0000000000000000 mem 0x0000000080031f34
core   0: 0x000000008000febe (0x0ff77713) andi    a4, a4, 255
core   0: 3 0x000000008000febe (0x0ff77713) x14 0x0000000000000000
core   0: 0x000000008000fec2 (0x00e78023) sb      a4, 0(a5)
core   0: 3 0x000000008000fec2 (0x00e78023) mem 0x0000000080012046 0x00
core   0: 0x000000008000fec6 (0xfc843703) ld      a4, -56(s0)
core   0: 3 0x000000008000fec6 (0xfc843703) x14 0x0000000080012040 mem 0x0000000080031f38
core   0: 0x000000008000feca (0xfb843783) ld      a5, -72(s0)
core   0: 3 0x000000008000feca (0xfb843783) x15 0x000000000000009c mem 0x0000000080031f28
core   0: 0x000000008000fece (0x000097ba) c.add   a5, a4
core   0: 3 0x000000008000fece (0x97ba) x15 0x00000000800120dc
core   0: 0x000000008000fed0 (0xfe043703) ld      a4, -32(s0)
core   0: 3 0x000000008000fed0 (0xfe043703) x14 0x0000000080012047 mem 0x0000000080031f50
core   0: 0x000000008000fed4 (0xfcf76de3) bltu    a4, a5, pc - 38
core   0: 3 0x000000008000fed4 (0xfcf76de3)
core   0: 0x000000008000feae (0xfe043783) ld      a5, -32(s0)
core   0: 3 0x000000008000feae (0xfe043783) x15 0x0000000080012047 mem 0x0000000080031f50
core   0: 0x000000008000feb2 (0x00178713) addi    a4, a5, 1
core   0: 3 0x000000008000feb2 (0x00178713) x14 0x0000000080012048
core   0: 0x000000008000feb6 (0xfee43023) sd      a4, -32(s0)
core   0: 3 0x000000008000feb6 (0xfee43023) mem 0x0000000080031f50 0x0000000080012048
core   0: 0x000000008000feba (0xfc442703) lw      a4, -60(s0)
core   0: 3 0x000000008000feba (0xfc442703) x14 0x0000000000000000 mem 0x0000000080031f34
core   0: 0x000000008000febe (0x0ff77713) andi    a4, a4, 255
core   0: 3 0x000000008000febe (0x0ff77713) x14 0x0000000000000000
core   0: 0x000000008000fec2 (0x00e78023) sb      a4, 0(a5)
core   0: 3 0x000000008000fec2 (0x00e78023) mem 0x0000000080012047 0x00
core   0: 0x000000008000fec6 (0xfc843703) ld      a4, -56(s0)
core   0: 3 0x000000008000fec6 (0xfc843703) x14 0x0000000080012040 mem 0x0000000080031f38
core   0: 0x000000008000feca (0xfb843783) ld      a5, -72(s0)
core   0: 3 0x000000008000feca (0xfb843783) x15 0x000000000000009c mem 0x0000000080031f28
core   0: 0x000000008000fece (0x000097ba) c.add   a5, a4
core   0: 3 0x000000008000fece (0x97ba) x15 0x00000000800120dc
core   0: 0x000000008000fed0 (0xfe043703) ld      a4, -32(s0)
core   0: 3 0x000000008000fed0 (0xfe043703) x14 0x0000000080012048 mem 0x0000000080031f50
core   0: 0x000000008000fed4 (0xfcf76de3) bltu    a4, a5, pc - 38
core   0: 3 0x000000008000fed4 (0xfcf76de3)
core   0: 0x000000008000feae (0xfe043783) ld      a5, -32(s0)
core   0: 3 0x000000008000feae (0xfe043783) x15 0x0000000080012048 mem 0x0000000080031f50
core   0: 0x000000008000feb2 (0x00178713) addi    a4, a5, 1
core   0: 3 0x000000008000feb2 (0x00178713) x14 0x0000000080012049
core   0: 0x000000008000feb6 (0xfee43023) sd      a4, -32(s0)
core   0: 3 0x000000008000feb6 (0xfee43023) mem 0x0000000080031f50 0x0000000080012049
core   0: 0x000000008000feba (0xfc442703) lw      a4, -60(s0)
core   0: 3 0x000000008000feba (0xfc442703) x14 0x0000000000000000 mem 0x0000000080031f34
core   0: 0x000000008000febe (0x0ff77713) andi    a4, a4, 255
core   0: 3 0x000000008000febe (0x0ff77713) x14 0x0000000000000000
core   0: 0x000000008000fec2 (0x00e78023) sb      a4, 0(a5)
core   0: 3 0x000000008000fec2 (0x00e78023) mem 0x0000000080012048 0x00
core   0: 0x000000008000fec6 (0xfc843703) ld      a4, -56(s0)
core   0: 3 0x000000008000fec6 (0xfc843703) x14 0x0000000080012040 mem 0x0000000080031f38
core   0: 0x000000008000feca (0xfb843783) ld      a5, -72(s0)
core   0: 3 0x000000008000feca (0xfb843783) x15 0x000000000000009c mem 0x0000000080031f28
core   0: 0x000000008000fece (0x000097ba) c.add   a5, a4
core   0: 3 0x000000008000fece (0x97ba) x15 0x00000000800120dc
core   0: 0x000000008000fed0 (0xfe043703) ld      a4, -32(s0)
core   0: 3 0x000000008000fed0 (0xfe043703) x14 0x0000000080012049 mem 0x0000000080031f50
core   0: 0x000000008000fed4 (0xfcf76de3) bltu    a4, a5, pc - 38
core   0: 3 0x000000008000fed4 (0xfcf76de3)
core   0: 0x000000008000feae (0xfe043783) ld      a5, -32(s0)
core   0: 3 0x000000008000feae (0xfe043783) x15 0x0000000080012049 mem 0x0000000080031f50
core   0: 0x000000008000feb2 (0x00178713) addi    a4, a5, 1
core   0: 3 0x000000008000feb2 (0x00178713) x14 0x000000008001204a
core   0: 0x000000008000feb6 (0xfee43023) sd      a4, -32(s0)
core   0: 3 0x000000008000feb6 (0xfee43023) mem 0x0000000080031f50 0x000000008001204a
core   0: 0x000000008000feba (0xfc442703) lw      a4, -60(s0)
core   0: 3 0x000000008000feba (0xfc442703) x14 0x0000000000000000 mem 0x0000000080031f34
core   0: 0x000000008000febe (0x0ff77713) andi    a4, a4, 255
core   0: 3 0x000000008000febe (0x0ff77713) x14 0x0000000000000000
core   0: 0x000000008000fec2 (0x00e78023) sb      a4, 0(a5)
core   0: 3 0x000000008000fec2 (0x00e78023) mem 0x0000000080012049 0x00
core   0: 0x000000008000fec6 (0xfc843703) ld      a4, -56(s0)
core   0: 3 0x000000008000fec6 (0xfc843703) x14 0x0000000080012040 mem 0x0000000080031f38
core   0: 0x000000008000feca (0xfb843783) ld      a5, -72(s0)
core   0: 3 0x000000008000feca (0xfb843783) x15 0x000000000000009c mem 0x0000000080031f28
core   0: 0x000000008000fece (0x000097ba) c.add   a5, a4
core   0: 3 0x000000008000fece (0x97ba) x15 0x00000000800120dc
core   0: 0x000000008000fed0 (0xfe043703) ld      a4, -32(s0)
core   0: 3 0x000000008000fed0 (0xfe043703) x14 0x000000008001204a mem 0x0000000080031f50
core   0: 0x000000008000fed4 (0xfcf76de3) bltu    a4, a5, pc - 38
core   0: 3 0x000000008000fed4 (0xfcf76de3)
core   0: 0x000000008000feae (0xfe043783) ld      a5, -32(s0)
core   0: 3 0x000000008000feae (0xfe043783) x15 0x000000008001204a mem 0x0000000080031f50
core   0: 0x000000008000feb2 (0x00178713) addi    a4, a5, 1
core   0: 3 0x000000008000feb2 (0x00178713) x14 0x000000008001204b
core   0: 0x000000008000feb6 (0xfee43023) sd      a4, -32(s0)
core   0: 3 0x000000008000feb6 (0xfee43023) mem 0x0000000080031f50 0x000000008001204b
core   0: 0x000000008000feba (0xfc442703) lw      a4, -60(s0)
core   0: 3 0x000000008000feba (0xfc442703) x14 0x0000000000000000 mem 0x0000000080031f34
core   0: 0x000000008000febe (0x0ff77713) andi    a4, a4, 255
core   0: 3 0x000000008000febe (0x0ff77713) x14 0x0000000000000000
core   0: 0x000000008000fec2 (0x00e78023) sb      a4, 0(a5)
core   0: 3 0x000000008000fec2 (0x00e78023) mem 0x000000008001204a 0x00
core   0: 0x000000008000fec6 (0xfc843703) ld      a4, -56(s0)
core   0: 3 0x000000008000fec6 (0xfc843703) x14 0x0000000080012040 mem 0x0000000080031f38
core   0: 0x000000008000feca (0xfb843783) ld      a5, -72(s0)
core   0: 3 0x000000008000feca (0xfb843783) x15 0x000000000000009c mem 0x0000000080031f28
core   0: 0x000000008000fece (0x000097ba) c.add   a5, a4
core   0: 3 0x000000008000fece (0x97ba) x15 0x00000000800120dc
core   0: 0x000000008000fed0 (0xfe043703) ld      a4, -32(s0)
core   0: 3 0x000000008000fed0 (0xfe043703) x14 0x000000008001204b mem 0x0000000080031f50
core   0: 0x000000008000fed4 (0xfcf76de3) bltu    a4, a5, pc - 38
core   0: 3 0x000000008000fed4 (0xfcf76de3)
core   0: 0x000000008000feae (0xfe043783) ld      a5, -32(s0)
core   0: 3 0x000000008000feae (0xfe043783) x15 0x000000008001204b mem 0x0000000080031f50
core   0: 0x000000008000feb2 (0x00178713) addi    a4, a5, 1
core   0: 3 0x000000008000feb2 (0x00178713) x14 0x000000008001204c
core   0: 0x000000008000feb6 (0xfee43023) sd      a4, -32(s0)
core   0: 3 0x000000008000feb6 (0xfee43023) mem 0x0000000080031f50 0x000000008001204c
core   0: 0x000000008000feba (0xfc442703) lw      a4, -60(s0)
core   0: 3 0x000000008000feba (0xfc442703) x14 0x0000000000000000 mem 0x0000000080031f34
core   0: 0x000000008000febe (0x0ff77713) andi    a4, a4, 255
core   0: 3 0x000000008000febe (0x0ff77713) x14 0x0000000000000000
core   0: 0x000000008000fec2 (0x00e78023) sb      a4, 0(a5)
core   0: 3 0x000000008000fec2 (0x00e78023) mem 0x000000008001204b 0x00
core   0: 0x000000008000fec6 (0xfc843703) ld      a4, -56(s0)
core   0: 3 0x000000008000fec6 (0xfc843703) x14 0x0000000080012040 mem 0x0000000080031f38
core   0: 0x000000008000feca (0xfb843783) ld      a5, -72(s0)
core   0: 3 0x000000008000feca (0xfb843783) x15 0x000000000000009c mem 0x0000000080031f28
core   0: 0x000000008000fece (0x000097ba) c.add   a5, a4
core   0: 3 0x000000008000fece (0x97ba) x15 0x00000000800120dc
core   0: 0x000000008000fed0 (0xfe043703) ld      a4, -32(s0)
core   0: 3 0x000000008000fed0 (0xfe043703) x14 0x000000008001204c mem 0x0000000080031f50
core   0: 0x000000008000fed4 (0xfcf76de3) bltu    a4, a5, pc - 38
core   0: 3 0x000000008000fed4 (0xfcf76de3)
core   0: 0x000000008000feae (0xfe043783) ld      a5, -32(s0)
core   0: 3 0x000000008000feae (0xfe043783) x15 0x000000008001204c mem 0x0000000080031f50
core   0: 0x000000008000feb2 (0x00178713) addi    a4, a5, 1
core   0: 3 0x000000008000feb2 (0x00178713) x14 0x000000008001204d
core   0: 0x000000008000feb6 (0xfee43023) sd      a4, -32(s0)
core   0: 3 0x000000008000feb6 (0xfee43023) mem 0x0000000080031f50 0x000000008001204d
core   0: 0x000000008000feba (0xfc442703) lw      a4, -60(s0)
core   0: 3 0x000000008000feba (0xfc442703) x14 0x0000000000000000 mem 0x0000000080031f34
core   0: 0x000000008000febe (0x0ff77713) andi    a4, a4, 255
core   0: 3 0x000000008000febe (0x0ff77713) x14 0x0000000000000000
core   0: 0x000000008000fec2 (0x00e78023) sb      a4, 0(a5)
core   0: 3 0x000000008000fec2 (0x00e78023) mem 0x000000008001204c 0x00
core   0: 0x000000008000fec6 (0xfc843703) ld      a4, -56(s0)
core   0: 3 0x000000008000fec6 (0xfc843703) x14 0x0000000080012040 mem 0x0000000080031f38
core   0: 0x000000008000feca (0xfb843783) ld      a5, -72(s0)
core   0: 3 0x000000008000feca (0xfb843783) x15 0x000000000000009c mem 0x0000000080031f28
core   0: 0x000000008000fece (0x000097ba) c.add   a5, a4
core   0: 3 0x000000008000fece (0x97ba) x15 0x00000000800120dc
core   0: 0x000000008000fed0 (0xfe043703) ld      a4, -32(s0)
core   0: 3 0x000000008000fed0 (0xfe043703) x14 0x000000008001204d mem 0x0000000080031f50
core   0: 0x000000008000fed4 (0xfcf76de3) bltu    a4, a5, pc - 38
core   0: 3 0x000000008000fed4 (0xfcf76de3)
core   0: 0x000000008000feae (0xfe043783) ld      a5, -32(s0)
core   0: 3 0x000000008000feae (0xfe043783) x15 0x000000008001204d mem 0x0000000080031f50
core   0: 0x000000008000feb2 (0x00178713) addi    a4, a5, 1
core   0: 3 0x000000008000feb2 (0x00178713) x14 0x000000008001204e
core   0: 0x000000008000feb6 (0xfee43023) sd      a4, -32(s0)
core   0: 3 0x000000008000feb6 (0xfee43023) mem 0x0000000080031f50 0x000000008001204e
core   0: 0x000000008000feba (0xfc442703) lw      a4, -60(s0)
core   0: 3 0x000000008000feba (0xfc442703) x14 0x0000000000000000 mem 0x0000000080031f34
core   0: 0x000000008000febe (0x0ff77713) andi    a4, a4, 255
core   0: 3 0x000000008000febe (0x0ff77713) x14 0x0000000000000000
core   0: 0x000000008000fec2 (0x00e78023) sb      a4, 0(a5)
core   0: 3 0x000000008000fec2 (0x00e78023) mem 0x000000008001204d 0x00
core   0: 0x000000008000fec6 (0xfc843703) ld      a4, -56(s0)
core   0: 3 0x000000008000fec6 (0xfc843703) x14 0x0000000080012040 mem 0x0000000080031f38
core   0: 0x000000008000feca (0xfb843783) ld      a5, -72(s0)
core   0: 3 0x000000008000feca (0xfb843783) x15 0x000000000000009c mem 0x0000000080031f28
core   0: 0x000000008000fece (0x000097ba) c.add   a5, a4
core   0: 3 0x000000008000fece (0x97ba) x15 0x00000000800120dc
core   0: 0x000000008000fed0 (0xfe043703) ld      a4, -32(s0)
core   0: 3 0x000000008000fed0 (0xfe043703) x14 0x000000008001204e mem 0x0000000080031f50
core   0: 0x000000008000fed4 (0xfcf76de3) bltu    a4, a5, pc - 38
core   0: 3 0x000000008000fed4 (0xfcf76de3)
core   0: 0x000000008000feae (0xfe043783) ld      a5, -32(s0)
core   0: 3 0x000000008000feae (0xfe043783) x15 0x000000008001204e mem 0x0000000080031f50
core   0: 0x000000008000feb2 (0x00178713) addi    a4, a5, 1
core   0: 3 0x000000008000feb2 (0x00178713) x14 0x000000008001204f
core   0: 0x000000008000feb6 (0xfee43023) sd      a4, -32(s0)
core   0: 3 0x000000008000feb6 (0xfee43023) mem 0x0000000080031f50 0x000000008001204f
core   0: 0x000000008000feba (0xfc442703) lw      a4, -60(s0)
core   0: 3 0x000000008000feba (0xfc442703) x14 0x0000000000000000 mem 0x0000000080031f34
core   0: 0x000000008000febe (0x0ff77713) andi    a4, a4, 255
core   0: 3 0x000000008000febe (0x0ff77713) x14 0x0000000000000000
core   0: 0x000000008000fec2 (0x00e78023) sb      a4, 0(a5)
core   0: 3 0x000000008000fec2 (0x00e78023) mem 0x000000008001204e 0x00
core   0: 0x000000008000fec6 (0xfc843703) ld      a4, -56(s0)
core   0: 3 0x000000008000fec6 (0xfc843703) x14 0x0000000080012040 mem 0x0000000080031f38
core   0: 0x000000008000feca (0xfb843783) ld      a5, -72(s0)
core   0: 3 0x000000008000feca (0xfb843783) x15 0x000000000000009c mem 0x0000000080031f28
core   0: 0x000000008000fece (0x000097ba) c.add   a5, a4
core   0: 3 0x000000008000fece (0x97ba) x15 0x00000000800120dc
core   0: 0x000000008000fed0 (0xfe043703) ld      a4, -32(s0)
core   0: 3 0x000000008000fed0 (0xfe043703) x14 0x000000008001204f mem 0x0000000080031f50
core   0: 0x000000008000fed4 (0xfcf76de3) bltu    a4, a5, pc - 38
core   0: 3 0x000000008000fed4 (0xfcf76de3)
core   0: 0x000000008000feae (0xfe043783) ld      a5, -32(s0)
core   0: 3 0x000000008000feae (0xfe043783) x15 0x000000008001204f mem 0x0000000080031f50
core   0: 0x000000008000feb2 (0x00178713) addi    a4, a5, 1
core   0: 3 0x000000008000feb2 (0x00178713) x14 0x0000000080012050
core   0: 0x000000008000feb6 (0xfee43023) sd      a4, -32(s0)
core   0: 3 0x000000008000feb6 (0xfee43023) mem 0x0000000080031f50 0x0000000080012050
core   0: 0x000000008000feba (0xfc442703) lw      a4, -60(s0)
core   0: 3 0x000000008000feba (0xfc442703) x14 0x0000000000000000 mem 0x0000000080031f34
core   0: 0x000000008000febe (0x0ff77713) andi    a4, a4, 255
core   0: 3 0x000000008000febe (0x0ff77713) x14 0x0000000000000000
core   0: 0x000000008000fec2 (0x00e78023) sb      a4, 0(a5)
core   0: 3 0x000000008000fec2 (0x00e78023) mem 0x000000008001204f 0x00
core   0: 0x000000008000fec6 (0xfc843703) ld      a4, -56(s0)
core   0: 3 0x000000008000fec6 (0xfc843703) x14 0x0000000080012040 mem 0x0000000080031f38
core   0: 0x000000008000feca (0xfb843783) ld      a5, -72(s0)
core   0: 3 0x000000008000feca (0xfb843783) x15 0x000000000000009c mem 0x0000000080031f28
core   0: 0x000000008000fece (0x000097ba) c.add   a5, a4
core   0: 3 0x000000008000fece (0x97ba) x15 0x00000000800120dc
core   0: 0x000000008000fed0 (0xfe043703) ld      a4, -32(s0)
core   0: 3 0x000000008000fed0 (0xfe043703) x14 0x0000000080012050 mem 0x0000000080031f50
core   0: 0x000000008000fed4 (0xfcf76de3) bltu    a4, a5, pc - 38
core   0: 3 0x000000008000fed4 (0xfcf76de3)
core   0: 0x000000008000feae (0xfe043783) ld      a5, -32(s0)
core   0: 3 0x000000008000feae (0xfe043783) x15 0x0000000080012050 mem 0x0000000080031f50
core   0: 0x000000008000feb2 (0x00178713) addi    a4, a5, 1
core   0: 3 0x000000008000feb2 (0x00178713) x14 0x0000000080012051
core   0: 0x000000008000feb6 (0xfee43023) sd      a4, -32(s0)
core   0: 3 0x000000008000feb6 (0xfee43023) mem 0x0000000080031f50 0x0000000080012051
core   0: 0x000000008000feba (0xfc442703) lw      a4, -60(s0)
core   0: 3 0x000000008000feba (0xfc442703) x14 0x0000000000000000 mem 0x0000000080031f34
core   0: 0x000000008000febe (0x0ff77713) andi    a4, a4, 255
core   0: 3 0x000000008000febe (0x0ff77713) x14 0x0000000000000000
core   0: 0x000000008000fec2 (0x00e78023) sb      a4, 0(a5)
core   0: 3 0x000000008000fec2 (0x00e78023) mem 0x0000000080012050 0x00
core   0: 0x000000008000fec6 (0xfc843703) ld      a4, -56(s0)
core   0: 3 0x000000008000fec6 (0xfc843703) x14 0x0000000080012040 mem 0x0000000080031f38
core   0: 0x000000008000feca (0xfb843783) ld      a5, -72(s0)
core   0: 3 0x000000008000feca (0xfb843783) x15 0x000000000000009c mem 0x0000000080031f28
core   0: 0x000000008000fece (0x000097ba) c.add   a5, a4
core   0: 3 0x000000008000fece (0x97ba) x15 0x00000000800120dc
core   0: 0x000000008000fed0 (0xfe043703) ld      a4, -32(s0)
core   0: 3 0x000000008000fed0 (0xfe043703) x14 0x0000000080012051 mem 0x0000000080031f50
core   0: 0x000000008000fed4 (0xfcf76de3) bltu    a4, a5, pc - 38
core   0: 3 0x000000008000fed4 (0xfcf76de3)
core   0: 0x000000008000feae (0xfe043783) ld      a5, -32(s0)
core   0: 3 0x000000008000feae (0xfe043783) x15 0x0000000080012051 mem 0x0000000080031f50
core   0: 0x000000008000feb2 (0x00178713) addi    a4, a5, 1
core   0: 3 0x000000008000feb2 (0x00178713) x14 0x0000000080012052
core   0: 0x000000008000feb6 (0xfee43023) sd      a4, -32(s0)
core   0: 3 0x000000008000feb6 (0xfee43023) mem 0x0000000080031f50 0x0000000080012052
core   0: 0x000000008000feba (0xfc442703) lw      a4, -60(s0)
core   0: 3 0x000000008000feba (0xfc442703) x14 0x0000000000000000 mem 0x0000000080031f34
core   0: 0x000000008000febe (0x0ff77713) andi    a4, a4, 255
core   0: 3 0x000000008000febe (0x0ff77713) x14 0x0000000000000000
core   0: 0x000000008000fec2 (0x00e78023) sb      a4, 0(a5)
core   0: 3 0x000000008000fec2 (0x00e78023) mem 0x0000000080012051 0x00
core   0: 0x000000008000fec6 (0xfc843703) ld      a4, -56(s0)
core   0: 3 0x000000008000fec6 (0xfc843703) x14 0x0000000080012040 mem 0x0000000080031f38
core   0: 0x000000008000feca (0xfb843783) ld      a5, -72(s0)
core   0: 3 0x000000008000feca (0xfb843783) x15 0x000000000000009c mem 0x0000000080031f28
core   0: 0x000000008000fece (0x000097ba) c.add   a5, a4
core   0: 3 0x000000008000fece (0x97ba) x15 0x00000000800120dc
core   0: 0x000000008000fed0 (0xfe043703) ld      a4, -32(s0)
core   0: 3 0x000000008000fed0 (0xfe043703) x14 0x0000000080012052 mem 0x0000000080031f50
core   0: 0x000000008000fed4 (0xfcf76de3) bltu    a4, a5, pc - 38
core   0: 3 0x000000008000fed4 (0xfcf76de3)
core   0: 0x000000008000feae (0xfe043783) ld      a5, -32(s0)
core   0: 3 0x000000008000feae (0xfe043783) x15 0x0000000080012052 mem 0x0000000080031f50
core   0: 0x000000008000feb2 (0x00178713) addi    a4, a5, 1
core   0: 3 0x000000008000feb2 (0x00178713) x14 0x0000000080012053
core   0: 0x000000008000feb6 (0xfee43023) sd      a4, -32(s0)
core   0: 3 0x000000008000feb6 (0xfee43023) mem 0x0000000080031f50 0x0000000080012053
core   0: 0x000000008000feba (0xfc442703) lw      a4, -60(s0)
core   0: 3 0x000000008000feba (0xfc442703) x14 0x0000000000000000 mem 0x0000000080031f34
core   0: 0x000000008000febe (0x0ff77713) andi    a4, a4, 255
core   0: 3 0x000000008000febe (0x0ff77713) x14 0x0000000000000000
core   0: 0x000000008000fec2 (0x00e78023) sb      a4, 0(a5)
core   0: 3 0x000000008000fec2 (0x00e78023) mem 0x0000000080012052 0x00
core   0: 0x000000008000fec6 (0xfc843703) ld      a4, -56(s0)
core   0: 3 0x000000008000fec6 (0xfc843703) x14 0x0000000080012040 mem 0x0000000080031f38
core   0: 0x000000008000feca (0xfb843783) ld      a5, -72(s0)
core   0: 3 0x000000008000feca (0xfb843783) x15 0x000000000000009c mem 0x0000000080031f28
core   0: 0x000000008000fece (0x000097ba) c.add   a5, a4
core   0: 3 0x000000008000fece (0x97ba) x15 0x00000000800120dc
core   0: 0x000000008000fed0 (0xfe043703) ld      a4, -32(s0)
core   0: 3 0x000000008000fed0 (0xfe043703) x14 0x0000000080012053 mem 0x0000000080031f50
core   0: 0x000000008000fed4 (0xfcf76de3) bltu    a4, a5, pc - 38
core   0: 3 0x000000008000fed4 (0xfcf76de3)
core   0: 0x000000008000feae (0xfe043783) ld      a5, -32(s0)
core   0: 3 0x000000008000feae (0xfe043783) x15 0x0000000080012053 mem 0x0000000080031f50
core   0: 0x000000008000feb2 (0x00178713) addi    a4, a5, 1
core   0: 3 0x000000008000feb2 (0x00178713) x14 0x0000000080012054
core   0: 0x000000008000feb6 (0xfee43023) sd      a4, -32(s0)
core   0: 3 0x000000008000feb6 (0xfee43023) mem 0x0000000080031f50 0x0000000080012054
core   0: 0x000000008000feba (0xfc442703) lw      a4, -60(s0)
core   0: 3 0x000000008000feba (0xfc442703) x14 0x0000000000000000 mem 0x0000000080031f34
core   0: 0x000000008000febe (0x0ff77713) andi    a4, a4, 255
core   0: 3 0x000000008000febe (0x0ff77713) x14 0x0000000000000000
core   0: 0x000000008000fec2 (0x00e78023) sb      a4, 0(a5)
core   0: 3 0x000000008000fec2 (0x00e78023) mem 0x0000000080012053 0x00
core   0: 0x000000008000fec6 (0xfc843703) ld      a4, -56(s0)
core   0: 3 0x000000008000fec6 (0xfc843703) x14 0x0000000080012040 mem 0x0000000080031f38
core   0: 0x000000008000feca (0xfb843783) ld      a5, -72(s0)
core   0: 3 0x000000008000feca (0xfb843783) x15 0x000000000000009c mem 0x0000000080031f28
core   0: 0x000000008000fece (0x000097ba) c.add   a5, a4
core   0: 3 0x000000008000fece (0x97ba) x15 0x00000000800120dc
core   0: 0x000000008000fed0 (0xfe043703) ld      a4, -32(s0)
core   0: 3 0x000000008000fed0 (0xfe043703) x14 0x0000000080012054 mem 0x0000000080031f50
core   0: 0x000000008000fed4 (0xfcf76de3) bltu    a4, a5, pc - 38
core   0: 3 0x000000008000fed4 (0xfcf76de3)
core   0: 0x000000008000feae (0xfe043783) ld      a5, -32(s0)
core   0: 3 0x000000008000feae (0xfe043783) x15 0x0000000080012054 mem 0x0000000080031f50
core   0: 0x000000008000feb2 (0x00178713) addi    a4, a5, 1
core   0: 3 0x000000008000feb2 (0x00178713) x14 0x0000000080012055
core   0: 0x000000008000feb6 (0xfee43023) sd      a4, -32(s0)
core   0: 3 0x000000008000feb6 (0xfee43023) mem 0x0000000080031f50 0x0000000080012055
core   0: 0x000000008000feba (0xfc442703) lw      a4, -60(s0)
core   0: 3 0x000000008000feba (0xfc442703) x14 0x0000000000000000 mem 0x0000000080031f34
core   0: 0x000000008000febe (0x0ff77713) andi    a4, a4, 255
core   0: 3 0x000000008000febe (0x0ff77713) x14 0x0000000000000000
core   0: 0x000000008000fec2 (0x00e78023) sb      a4, 0(a5)
core   0: 3 0x000000008000fec2 (0x00e78023) mem 0x0000000080012054 0x00
core   0: 0x000000008000fec6 (0xfc843703) ld      a4, -56(s0)
core   0: 3 0x000000008000fec6 (0xfc843703) x14 0x0000000080012040 mem 0x0000000080031f38
core   0: 0x000000008000feca (0xfb843783) ld      a5, -72(s0)
core   0: 3 0x000000008000feca (0xfb843783) x15 0x000000000000009c mem 0x0000000080031f28
core   0: 0x000000008000fece (0x000097ba) c.add   a5, a4
core   0: 3 0x000000008000fece (0x97ba) x15 0x00000000800120dc
core   0: 0x000000008000fed0 (0xfe043703) ld      a4, -32(s0)
core   0: 3 0x000000008000fed0 (0xfe043703) x14 0x0000000080012055 mem 0x0000000080031f50
core   0: 0x000000008000fed4 (0xfcf76de3) bltu    a4, a5, pc - 38
core   0: 3 0x000000008000fed4 (0xfcf76de3)
core   0: 0x000000008000feae (0xfe043783) ld      a5, -32(s0)
core   0: 3 0x000000008000feae (0xfe043783) x15 0x0000000080012055 mem 0x0000000080031f50
core   0: 0x000000008000feb2 (0x00178713) addi    a4, a5, 1
core   0: 3 0x000000008000feb2 (0x00178713) x14 0x0000000080012056
core   0: 0x000000008000feb6 (0xfee43023) sd      a4, -32(s0)
core   0: 3 0x000000008000feb6 (0xfee43023) mem 0x0000000080031f50 0x0000000080012056
core   0: 0x000000008000feba (0xfc442703) lw      a4, -60(s0)
core   0: 3 0x000000008000feba (0xfc442703) x14 0x0000000000000000 mem 0x0000000080031f34
core   0: 0x000000008000febe (0x0ff77713) andi    a4, a4, 255
core   0: 3 0x000000008000febe (0x0ff77713) x14 0x0000000000000000
core   0: 0x000000008000fec2 (0x00e78023) sb      a4, 0(a5)
core   0: 3 0x000000008000fec2 (0x00e78023) mem 0x0000000080012055 0x00
core   0: 0x000000008000fec6 (0xfc843703) ld      a4, -56(s0)
core   0: 3 0x000000008000fec6 (0xfc843703) x14 0x0000000080012040 mem 0x0000000080031f38
core   0: 0x000000008000feca (0xfb843783) ld      a5, -72(s0)
core   0: 3 0x000000008000feca (0xfb843783) x15 0x000000000000009c mem 0x0000000080031f28
core   0: 0x000000008000fece (0x000097ba) c.add   a5, a4
core   0: 3 0x000000008000fece (0x97ba) x15 0x00000000800120dc
core   0: 0x000000008000fed0 (0xfe043703) ld      a4, -32(s0)
core   0: 3 0x000000008000fed0 (0xfe043703) x14 0x0000000080012056 mem 0x0000000080031f50
core   0: 0x000000008000fed4 (0xfcf76de3) bltu    a4, a5, pc - 38
core   0: 3 0x000000008000fed4 (0xfcf76de3)
core   0: 0x000000008000feae (0xfe043783) ld      a5, -32(s0)
core   0: 3 0x000000008000feae (0xfe043783) x15 0x0000000080012056 mem 0x0000000080031f50
core   0: 0x000000008000feb2 (0x00178713) addi    a4, a5, 1
core   0: 3 0x000000008000feb2 (0x00178713) x14 0x0000000080012057
core   0: 0x000000008000feb6 (0xfee43023) sd      a4, -32(s0)
core   0: 3 0x000000008000feb6 (0xfee43023) mem 0x0000000080031f50 0x0000000080012057
core   0: 0x000000008000feba (0xfc442703) lw      a4, -60(s0)
core   0: 3 0x000000008000feba (0xfc442703) x14 0x0000000000000000 mem 0x0000000080031f34
core   0: 0x000000008000febe (0x0ff77713) andi    a4, a4, 255
core   0: 3 0x000000008000febe (0x0ff77713) x14 0x0000000000000000
core   0: 0x000000008000fec2 (0x00e78023) sb      a4, 0(a5)
core   0: 3 0x000000008000fec2 (0x00e78023) mem 0x0000000080012056 0x00
core   0: 0x000000008000fec6 (0xfc843703) ld      a4, -56(s0)
core   0: 3 0x000000008000fec6 (0xfc843703) x14 0x0000000080012040 mem 0x0000000080031f38
core   0: 0x000000008000feca (0xfb843783) ld      a5, -72(s0)
core   0: 3 0x000000008000feca (0xfb843783) x15 0x000000000000009c mem 0x0000000080031f28
core   0: 0x000000008000fece (0x000097ba) c.add   a5, a4
core   0: 3 0x000000008000fece (0x97ba) x15 0x00000000800120dc
core   0: 0x000000008000fed0 (0xfe043703) ld      a4, -32(s0)
core   0: 3 0x000000008000fed0 (0xfe043703) x14 0x0000000080012057 mem 0x0000000080031f50
core   0: 0x000000008000fed4 (0xfcf76de3) bltu    a4, a5, pc - 38
core   0: 3 0x000000008000fed4 (0xfcf76de3)
core   0: 0x000000008000feae (0xfe043783) ld      a5, -32(s0)
core   0: 3 0x000000008000feae (0xfe043783) x15 0x0000000080012057 mem 0x0000000080031f50
core   0: 0x000000008000feb2 (0x00178713) addi    a4, a5, 1
core   0: 3 0x000000008000feb2 (0x00178713) x14 0x0000000080012058
core   0: 0x000000008000feb6 (0xfee43023) sd      a4, -32(s0)
core   0: 3 0x000000008000feb6 (0xfee43023) mem 0x0000000080031f50 0x0000000080012058
core   0: 0x000000008000feba (0xfc442703) lw      a4, -60(s0)
core   0: 3 0x000000008000feba (0xfc442703) x14 0x0000000000000000 mem 0x0000000080031f34
core   0: 0x000000008000febe (0x0ff77713) andi    a4, a4, 255
core   0: 3 0x000000008000febe (0x0ff77713) x14 0x0000000000000000
core   0: 0x000000008000fec2 (0x00e78023) sb      a4, 0(a5)
core   0: 3 0x000000008000fec2 (0x00e78023) mem 0x0000000080012057 0x00
core   0: 0x000000008000fec6 (0xfc843703) ld      a4, -56(s0)
core   0: 3 0x000000008000fec6 (0xfc843703) x14 0x0000000080012040 mem 0x0000000080031f38
core   0: 0x000000008000feca (0xfb843783) ld      a5, -72(s0)
core   0: 3 0x000000008000feca (0xfb843783) x15 0x000000000000009c mem 0x0000000080031f28
core   0: 0x000000008000fece (0x000097ba) c.add   a5, a4
core   0: 3 0x000000008000fece (0x97ba) x15 0x00000000800120dc
core   0: 0x000000008000fed0 (0xfe043703) ld      a4, -32(s0)
core   0: 3 0x000000008000fed0 (0xfe043703) x14 0x0000000080012058 mem 0x0000000080031f50
core   0: 0x000000008000fed4 (0xfcf76de3) bltu    a4, a5, pc - 38
core   0: 3 0x000000008000fed4 (0xfcf76de3)
core   0: 0x000000008000feae (0xfe043783) ld      a5, -32(s0)
core   0: 3 0x000000008000feae (0xfe043783) x15 0x0000000080012058 mem 0x0000000080031f50
core   0: 0x000000008000feb2 (0x00178713) addi    a4, a5, 1
core   0: 3 0x000000008000feb2 (0x00178713) x14 0x0000000080012059
core   0: 0x000000008000feb6 (0xfee43023) sd      a4, -32(s0)
core   0: 3 0x000000008000feb6 (0xfee43023) mem 0x0000000080031f50 0x0000000080012059
core   0: 0x000000008000feba (0xfc442703) lw      a4, -60(s0)
core   0: 3 0x000000008000feba (0xfc442703) x14 0x0000000000000000 mem 0x0000000080031f34
core   0: 0x000000008000febe (0x0ff77713) andi    a4, a4, 255
core   0: 3 0x000000008000febe (0x0ff77713) x14 0x0000000000000000
core   0: 0x000000008000fec2 (0x00e78023) sb      a4, 0(a5)
core   0: 3 0x000000008000fec2 (0x00e78023) mem 0x0000000080012058 0x00
core   0: 0x000000008000fec6 (0xfc843703) ld      a4, -56(s0)
core   0: 3 0x000000008000fec6 (0xfc843703) x14 0x0000000080012040 mem 0x0000000080031f38
core   0: 0x000000008000feca (0xfb843783) ld      a5, -72(s0)
core   0: 3 0x000000008000feca (0xfb843783) x15 0x000000000000009c mem 0x0000000080031f28
core   0: 0x000000008000fece (0x000097ba) c.add   a5, a4
core   0: 3 0x000000008000fece (0x97ba) x15 0x00000000800120dc
core   0: 0x000000008000fed0 (0xfe043703) ld      a4, -32(s0)
core   0: 3 0x000000008000fed0 (0xfe043703) x14 0x0000000080012059 mem 0x0000000080031f50
core   0: 0x000000008000fed4 (0xfcf76de3) bltu    a4, a5, pc - 38
core   0: 3 0x000000008000fed4 (0xfcf76de3)
core   0: 0x000000008000feae (0xfe043783) ld      a5, -32(s0)
core   0: 3 0x000000008000feae (0xfe043783) x15 0x0000000080012059 mem 0x0000000080031f50
core   0: 0x000000008000feb2 (0x00178713) addi    a4, a5, 1
core   0: 3 0x000000008000feb2 (0x00178713) x14 0x000000008001205a
core   0: 0x000000008000feb6 (0xfee43023) sd      a4, -32(s0)
core   0: 3 0x000000008000feb6 (0xfee43023) mem 0x0000000080031f50 0x000000008001205a
core   0: 0x000000008000feba (0xfc442703) lw      a4, -60(s0)
core   0: 3 0x000000008000feba (0xfc442703) x14 0x0000000000000000 mem 0x0000000080031f34
core   0: 0x000000008000febe (0x0ff77713) andi    a4, a4, 255
core   0: 3 0x000000008000febe (0x0ff77713) x14 0x0000000000000000
core   0: 0x000000008000fec2 (0x00e78023) sb      a4, 0(a5)
core   0: 3 0x000000008000fec2 (0x00e78023) mem 0x0000000080012059 0x00
core   0: 0x000000008000fec6 (0xfc843703) ld      a4, -56(s0)
core   0: 3 0x000000008000fec6 (0xfc843703) x14 0x0000000080012040 mem 0x0000000080031f38
core   0: 0x000000008000feca (0xfb843783) ld      a5, -72(s0)
core   0: 3 0x000000008000feca (0xfb843783) x15 0x000000000000009c mem 0x0000000080031f28
core   0: 0x000000008000fece (0x000097ba) c.add   a5, a4
core   0: 3 0x000000008000fece (0x97ba) x15 0x00000000800120dc
core   0: 0x000000008000fed0 (0xfe043703) ld      a4, -32(s0)
core   0: 3 0x000000008000fed0 (0xfe043703) x14 0x000000008001205a mem 0x0000000080031f50
core   0: 0x000000008000fed4 (0xfcf76de3) bltu    a4, a5, pc - 38
core   0: 3 0x000000008000fed4 (0xfcf76de3)
core   0: 0x000000008000feae (0xfe043783) ld      a5, -32(s0)
core   0: 3 0x000000008000feae (0xfe043783) x15 0x000000008001205a mem 0x0000000080031f50
core   0: 0x000000008000feb2 (0x00178713) addi    a4, a5, 1
core   0: 3 0x000000008000feb2 (0x00178713) x14 0x000000008001205b
core   0: 0x000000008000feb6 (0xfee43023) sd      a4, -32(s0)
core   0: 3 0x000000008000feb6 (0xfee43023) mem 0x0000000080031f50 0x000000008001205b
core   0: 0x000000008000feba (0xfc442703) lw      a4, -60(s0)
core   0: 3 0x000000008000feba (0xfc442703) x14 0x0000000000000000 mem 0x0000000080031f34
core   0: 0x000000008000febe (0x0ff77713) andi    a4, a4, 255
core   0: 3 0x000000008000febe (0x0ff77713) x14 0x0000000000000000
core   0: 0x000000008000fec2 (0x00e78023) sb      a4, 0(a5)
core   0: 3 0x000000008000fec2 (0x00e78023) mem 0x000000008001205a 0x00
core   0: 0x000000008000fec6 (0xfc843703) ld      a4, -56(s0)
core   0: 3 0x000000008000fec6 (0xfc843703) x14 0x0000000080012040 mem 0x0000000080031f38
core   0: 0x000000008000feca (0xfb843783) ld      a5, -72(s0)
core   0: 3 0x000000008000feca (0xfb843783) x15 0x000000000000009c mem 0x0000000080031f28
core   0: 0x000000008000fece (0x000097ba) c.add   a5, a4
core   0: 3 0x000000008000fece (0x97ba) x15 0x00000000800120dc
core   0: 0x000000008000fed0 (0xfe043703) ld      a4, -32(s0)
core   0: 3 0x000000008000fed0 (0xfe043703) x14 0x000000008001205b mem 0x0000000080031f50
core   0: 0x000000008000fed4 (0xfcf76de3) bltu    a4, a5, pc - 38
core   0: 3 0x000000008000fed4 (0xfcf76de3)
core   0: 0x000000008000feae (0xfe043783) ld      a5, -32(s0)
core   0: 3 0x000000008000feae (0xfe043783) x15 0x000000008001205b mem 0x0000000080031f50
core   0: 0x000000008000feb2 (0x00178713) addi    a4, a5, 1
core   0: 3 0x000000008000feb2 (0x00178713) x14 0x000000008001205c
core   0: 0x000000008000feb6 (0xfee43023) sd      a4, -32(s0)
core   0: 3 0x000000008000feb6 (0xfee43023) mem 0x0000000080031f50 0x000000008001205c
core   0: 0x000000008000feba (0xfc442703) lw      a4, -60(s0)
core   0: 3 0x000000008000feba (0xfc442703) x14 0x0000000000000000 mem 0x0000000080031f34
core   0: 0x000000008000febe (0x0ff77713) andi    a4, a4, 255
core   0: 3 0x000000008000febe (0x0ff77713) x14 0x0000000000000000
core   0: 0x000000008000fec2 (0x00e78023) sb      a4, 0(a5)
core   0: 3 0x000000008000fec2 (0x00e78023) mem 0x000000008001205b 0x00
core   0: 0x000000008000fec6 (0xfc843703) ld      a4, -56(s0)
core   0: 3 0x000000008000fec6 (0xfc843703) x14 0x0000000080012040 mem 0x0000000080031f38
core   0: 0x000000008000feca (0xfb843783) ld      a5, -72(s0)
core   0: 3 0x000000008000feca (0xfb843783) x15 0x000000000000009c mem 0x0000000080031f28
core   0: 0x000000008000fece (0x000097ba) c.add   a5, a4
core   0: 3 0x000000008000fece (0x97ba) x15 0x00000000800120dc
core   0: 0x000000008000fed0 (0xfe043703) ld      a4, -32(s0)
core   0: 3 0x000000008000fed0 (0xfe043703) x14 0x000000008001205c mem 0x0000000080031f50
core   0: 0x000000008000fed4 (0xfcf76de3) bltu    a4, a5, pc - 38
core   0: 3 0x000000008000fed4 (0xfcf76de3)
core   0: 0x000000008000feae (0xfe043783) ld      a5, -32(s0)
core   0: 3 0x000000008000feae (0xfe043783) x15 0x000000008001205c mem 0x0000000080031f50
core   0: 0x000000008000feb2 (0x00178713) addi    a4, a5, 1
core   0: 3 0x000000008000feb2 (0x00178713) x14 0x000000008001205d
core   0: 0x000000008000feb6 (0xfee43023) sd      a4, -32(s0)
core   0: 3 0x000000008000feb6 (0xfee43023) mem 0x0000000080031f50 0x000000008001205d
core   0: 0x000000008000feba (0xfc442703) lw      a4, -60(s0)
core   0: 3 0x000000008000feba (0xfc442703) x14 0x0000000000000000 mem 0x0000000080031f34
core   0: 0x000000008000febe (0x0ff77713) andi    a4, a4, 255
core   0: 3 0x000000008000febe (0x0ff77713) x14 0x0000000000000000
core   0: 0x000000008000fec2 (0x00e78023) sb      a4, 0(a5)
core   0: 3 0x000000008000fec2 (0x00e78023) mem 0x000000008001205c 0x00
core   0: 0x000000008000fec6 (0xfc843703) ld      a4, -56(s0)
core   0: 3 0x000000008000fec6 (0xfc843703) x14 0x0000000080012040 mem 0x0000000080031f38
core   0: 0x000000008000feca (0xfb843783) ld      a5, -72(s0)
core   0: 3 0x000000008000feca (0xfb843783) x15 0x000000000000009c mem 0x0000000080031f28
core   0: 0x000000008000fece (0x000097ba) c.add   a5, a4
core   0: 3 0x000000008000fece (0x97ba) x15 0x00000000800120dc
core   0: 0x000000008000fed0 (0xfe043703) ld      a4, -32(s0)
core   0: 3 0x000000008000fed0 (0xfe043703) x14 0x000000008001205d mem 0x0000000080031f50
core   0: 0x000000008000fed4 (0xfcf76de3) bltu    a4, a5, pc - 38
core   0: 3 0x000000008000fed4 (0xfcf76de3)
core   0: 0x000000008000feae (0xfe043783) ld      a5, -32(s0)
core   0: 3 0x000000008000feae (0xfe043783) x15 0x000000008001205d mem 0x0000000080031f50
core   0: 0x000000008000feb2 (0x00178713) addi    a4, a5, 1
core   0: 3 0x000000008000feb2 (0x00178713) x14 0x000000008001205e
core   0: 0x000000008000feb6 (0xfee43023) sd      a4, -32(s0)
core   0: 3 0x000000008000feb6 (0xfee43023) mem 0x0000000080031f50 0x000000008001205e
core   0: 0x000000008000feba (0xfc442703) lw      a4, -60(s0)
core   0: 3 0x000000008000feba (0xfc442703) x14 0x0000000000000000 mem 0x0000000080031f34
core   0: 0x000000008000febe (0x0ff77713) andi    a4, a4, 255
core   0: 3 0x000000008000febe (0x0ff77713) x14 0x0000000000000000
core   0: 0x000000008000fec2 (0x00e78023) sb      a4, 0(a5)
core   0: 3 0x000000008000fec2 (0x00e78023) mem 0x000000008001205d 0x00
core   0: 0x000000008000fec6 (0xfc843703) ld      a4, -56(s0)
core   0: 3 0x000000008000fec6 (0xfc843703) x14 0x0000000080012040 mem 0x0000000080031f38
core   0: 0x000000008000feca (0xfb843783) ld      a5, -72(s0)
core   0: 3 0x000000008000feca (0xfb843783) x15 0x000000000000009c mem 0x0000000080031f28
core   0: 0x000000008000fece (0x000097ba) c.add   a5, a4
core   0: 3 0x000000008000fece (0x97ba) x15 0x00000000800120dc
core   0: 0x000000008000fed0 (0xfe043703) ld      a4, -32(s0)
core   0: 3 0x000000008000fed0 (0xfe043703) x14 0x000000008001205e mem 0x0000000080031f50
core   0: 0x000000008000fed4 (0xfcf76de3) bltu    a4, a5, pc - 38
core   0: 3 0x000000008000fed4 (0xfcf76de3)
core   0: 0x000000008000feae (0xfe043783) ld      a5, -32(s0)
core   0: 3 0x000000008000feae (0xfe043783) x15 0x000000008001205e mem 0x0000000080031f50
core   0: 0x000000008000feb2 (0x00178713) addi    a4, a5, 1
core   0: 3 0x000000008000feb2 (0x00178713) x14 0x000000008001205f
core   0: 0x000000008000feb6 (0xfee43023) sd      a4, -32(s0)
core   0: 3 0x000000008000feb6 (0xfee43023) mem 0x0000000080031f50 0x000000008001205f
core   0: 0x000000008000feba (0xfc442703) lw      a4, -60(s0)
core   0: 3 0x000000008000feba (0xfc442703) x14 0x0000000000000000 mem 0x0000000080031f34
core   0: 0x000000008000febe (0x0ff77713) andi    a4, a4, 255
core   0: 3 0x000000008000febe (0x0ff77713) x14 0x0000000000000000
core   0: 0x000000008000fec2 (0x00e78023) sb      a4, 0(a5)
core   0: 3 0x000000008000fec2 (0x00e78023) mem 0x000000008001205e 0x00
core   0: 0x000000008000fec6 (0xfc843703) ld      a4, -56(s0)
core   0: 3 0x000000008000fec6 (0xfc843703) x14 0x0000000080012040 mem 0x0000000080031f38
core   0: 0x000000008000feca (0xfb843783) ld      a5, -72(s0)
core   0: 3 0x000000008000feca (0xfb843783) x15 0x000000000000009c mem 0x0000000080031f28
core   0: 0x000000008000fece (0x000097ba) c.add   a5, a4
core   0: 3 0x000000008000fece (0x97ba) x15 0x00000000800120dc
core   0: 0x000000008000fed0 (0xfe043703) ld      a4, -32(s0)
core   0: 3 0x000000008000fed0 (0xfe043703) x14 0x000000008001205f mem 0x0000000080031f50
core   0: 0x000000008000fed4 (0xfcf76de3) bltu    a4, a5, pc - 38
core   0: 3 0x000000008000fed4 (0xfcf76de3)
core   0: 0x000000008000feae (0xfe043783) ld      a5, -32(s0)
core   0: 3 0x000000008000feae (0xfe043783) x15 0x000000008001205f mem 0x0000000080031f50
core   0: 0x000000008000feb2 (0x00178713) addi    a4, a5, 1
core   0: 3 0x000000008000feb2 (0x00178713) x14 0x0000000080012060
core   0: 0x000000008000feb6 (0xfee43023) sd      a4, -32(s0)
core   0: 3 0x000000008000feb6 (0xfee43023) mem 0x0000000080031f50 0x0000000080012060
core   0: 0x000000008000feba (0xfc442703) lw      a4, -60(s0)
core   0: 3 0x000000008000feba (0xfc442703) x14 0x0000000000000000 mem 0x0000000080031f34
core   0: 0x000000008000febe (0x0ff77713) andi    a4, a4, 255
core   0: 3 0x000000008000febe (0x0ff77713) x14 0x0000000000000000
core   0: 0x000000008000fec2 (0x00e78023) sb      a4, 0(a5)
core   0: 3 0x000000008000fec2 (0x00e78023) mem 0x000000008001205f 0x00
core   0: 0x000000008000fec6 (0xfc843703) ld      a4, -56(s0)
core   0: 3 0x000000008000fec6 (0xfc843703) x14 0x0000000080012040 mem 0x0000000080031f38
core   0: 0x000000008000feca (0xfb843783) ld      a5, -72(s0)
core   0: 3 0x000000008000feca (0xfb843783) x15 0x000000000000009c mem 0x0000000080031f28
core   0: 0x000000008000fece (0x000097ba) c.add   a5, a4
core   0: 3 0x000000008000fece (0x97ba) x15 0x00000000800120dc
core   0: 0x000000008000fed0 (0xfe043703) ld      a4, -32(s0)
core   0: 3 0x000000008000fed0 (0xfe043703) x14 0x0000000080012060 mem 0x0000000080031f50
core   0: 0x000000008000fed4 (0xfcf76de3) bltu    a4, a5, pc - 38
core   0: 3 0x000000008000fed4 (0xfcf76de3)
core   0: 0x000000008000feae (0xfe043783) ld      a5, -32(s0)
core   0: 3 0x000000008000feae (0xfe043783) x15 0x0000000080012060 mem 0x0000000080031f50
core   0: 0x000000008000feb2 (0x00178713) addi    a4, a5, 1
core   0: 3 0x000000008000feb2 (0x00178713) x14 0x0000000080012061
core   0: 0x000000008000feb6 (0xfee43023) sd      a4, -32(s0)
core   0: 3 0x000000008000feb6 (0xfee43023) mem 0x0000000080031f50 0x0000000080012061
core   0: 0x000000008000feba (0xfc442703) lw      a4, -60(s0)
core   0: 3 0x000000008000feba (0xfc442703) x14 0x0000000000000000 mem 0x0000000080031f34
core   0: 0x000000008000febe (0x0ff77713) andi    a4, a4, 255
core   0: 3 0x000000008000febe (0x0ff77713) x14 0x0000000000000000
core   0: 0x000000008000fec2 (0x00e78023) sb      a4, 0(a5)
core   0: 3 0x000000008000fec2 (0x00e78023) mem 0x0000000080012060 0x00
core   0: 0x000000008000fec6 (0xfc843703) ld      a4, -56(s0)
core   0: 3 0x000000008000fec6 (0xfc843703) x14 0x0000000080012040 mem 0x0000000080031f38
core   0: 0x000000008000feca (0xfb843783) ld      a5, -72(s0)
core   0: 3 0x000000008000feca (0xfb843783) x15 0x000000000000009c mem 0x0000000080031f28
core   0: 0x000000008000fece (0x000097ba) c.add   a5, a4
core   0: 3 0x000000008000fece (0x97ba) x15 0x00000000800120dc
core   0: 0x000000008000fed0 (0xfe043703) ld      a4, -32(s0)
core   0: 3 0x000000008000fed0 (0xfe043703) x14 0x0000000080012061 mem 0x0000000080031f50
core   0: 0x000000008000fed4 (0xfcf76de3) bltu    a4, a5, pc - 38
core   0: 3 0x000000008000fed4 (0xfcf76de3)
core   0: 0x000000008000feae (0xfe043783) ld      a5, -32(s0)
core   0: 3 0x000000008000feae (0xfe043783) x15 0x0000000080012061 mem 0x0000000080031f50
core   0: 0x000000008000feb2 (0x00178713) addi    a4, a5, 1
core   0: 3 0x000000008000feb2 (0x00178713) x14 0x0000000080012062
core   0: 0x000000008000feb6 (0xfee43023) sd      a4, -32(s0)
core   0: 3 0x000000008000feb6 (0xfee43023) mem 0x0000000080031f50 0x0000000080012062
core   0: 0x000000008000feba (0xfc442703) lw      a4, -60(s0)
core   0: 3 0x000000008000feba (0xfc442703) x14 0x0000000000000000 mem 0x0000000080031f34
core   0: 0x000000008000febe (0x0ff77713) andi    a4, a4, 255
core   0: 3 0x000000008000febe (0x0ff77713) x14 0x0000000000000000
core   0: 0x000000008000fec2 (0x00e78023) sb      a4, 0(a5)
core   0: 3 0x000000008000fec2 (0x00e78023) mem 0x0000000080012061 0x00
core   0: 0x000000008000fec6 (0xfc843703) ld      a4, -56(s0)
core   0: 3 0x000000008000fec6 (0xfc843703) x14 0x0000000080012040 mem 0x0000000080031f38
core   0: 0x000000008000feca (0xfb843783) ld      a5, -72(s0)
core   0: 3 0x000000008000feca (0xfb843783) x15 0x000000000000009c mem 0x0000000080031f28
core   0: 0x000000008000fece (0x000097ba) c.add   a5, a4
core   0: 3 0x000000008000fece (0x97ba) x15 0x00000000800120dc
core   0: 0x000000008000fed0 (0xfe043703) ld      a4, -32(s0)
core   0: 3 0x000000008000fed0 (0xfe043703) x14 0x0000000080012062 mem 0x0000000080031f50
core   0: 0x000000008000fed4 (0xfcf76de3) bltu    a4, a5, pc - 38
core   0: 3 0x000000008000fed4 (0xfcf76de3)
core   0: 0x000000008000feae (0xfe043783) ld      a5, -32(s0)
core   0: 3 0x000000008000feae (0xfe043783) x15 0x0000000080012062 mem 0x0000000080031f50
core   0: 0x000000008000feb2 (0x00178713) addi    a4, a5, 1
core   0: 3 0x000000008000feb2 (0x00178713) x14 0x0000000080012063
core   0: 0x000000008000feb6 (0xfee43023) sd      a4, -32(s0)
core   0: 3 0x000000008000feb6 (0xfee43023) mem 0x0000000080031f50 0x0000000080012063
core   0: 0x000000008000feba (0xfc442703) lw      a4, -60(s0)
core   0: 3 0x000000008000feba (0xfc442703) x14 0x0000000000000000 mem 0x0000000080031f34
core   0: 0x000000008000febe (0x0ff77713) andi    a4, a4, 255
core   0: 3 0x000000008000febe (0x0ff77713) x14 0x0000000000000000
core   0: 0x000000008000fec2 (0x00e78023) sb      a4, 0(a5)
core   0: 3 0x000000008000fec2 (0x00e78023) mem 0x0000000080012062 0x00
core   0: 0x000000008000fec6 (0xfc843703) ld      a4, -56(s0)
core   0: 3 0x000000008000fec6 (0xfc843703) x14 0x0000000080012040 mem 0x0000000080031f38
core   0: 0x000000008000feca (0xfb843783) ld      a5, -72(s0)
core   0: 3 0x000000008000feca (0xfb843783) x15 0x000000000000009c mem 0x0000000080031f28
core   0: 0x000000008000fece (0x000097ba) c.add   a5, a4
core   0: 3 0x000000008000fece (0x97ba) x15 0x00000000800120dc
core   0: 0x000000008000fed0 (0xfe043703) ld      a4, -32(s0)
core   0: 3 0x000000008000fed0 (0xfe043703) x14 0x0000000080012063 mem 0x0000000080031f50
core   0: 0x000000008000fed4 (0xfcf76de3) bltu    a4, a5, pc - 38
core   0: 3 0x000000008000fed4 (0xfcf76de3)
core   0: 0x000000008000feae (0xfe043783) ld      a5, -32(s0)
core   0: 3 0x000000008000feae (0xfe043783) x15 0x0000000080012063 mem 0x0000000080031f50
core   0: 0x000000008000feb2 (0x00178713) addi    a4, a5, 1
core   0: 3 0x000000008000feb2 (0x00178713) x14 0x0000000080012064
core   0: 0x000000008000feb6 (0xfee43023) sd      a4, -32(s0)
core   0: 3 0x000000008000feb6 (0xfee43023) mem 0x0000000080031f50 0x0000000080012064
core   0: 0x000000008000feba (0xfc442703) lw      a4, -60(s0)
core   0: 3 0x000000008000feba (0xfc442703) x14 0x0000000000000000 mem 0x0000000080031f34
core   0: 0x000000008000febe (0x0ff77713) andi    a4, a4, 255
core   0: 3 0x000000008000febe (0x0ff77713) x14 0x0000000000000000
core   0: 0x000000008000fec2 (0x00e78023) sb      a4, 0(a5)
core   0: 3 0x000000008000fec2 (0x00e78023) mem 0x0000000080012063 0x00
core   0: 0x000000008000fec6 (0xfc843703) ld      a4, -56(s0)
core   0: 3 0x000000008000fec6 (0xfc843703) x14 0x0000000080012040 mem 0x0000000080031f38
core   0: 0x000000008000feca (0xfb843783) ld      a5, -72(s0)
core   0: 3 0x000000008000feca (0xfb843783) x15 0x000000000000009c mem 0x0000000080031f28
core   0: 0x000000008000fece (0x000097ba) c.add   a5, a4
core   0: 3 0x000000008000fece (0x97ba) x15 0x00000000800120dc
core   0: 0x000000008000fed0 (0xfe043703) ld      a4, -32(s0)
core   0: 3 0x000000008000fed0 (0xfe043703) x14 0x0000000080012064 mem 0x0000000080031f50
core   0: 0x000000008000fed4 (0xfcf76de3) bltu    a4, a5, pc - 38
core   0: 3 0x000000008000fed4 (0xfcf76de3)
core   0: 0x000000008000feae (0xfe043783) ld      a5, -32(s0)
core   0: 3 0x000000008000feae (0xfe043783) x15 0x0000000080012064 mem 0x0000000080031f50
core   0: 0x000000008000feb2 (0x00178713) addi    a4, a5, 1
core   0: 3 0x000000008000feb2 (0x00178713) x14 0x0000000080012065
core   0: 0x000000008000feb6 (0xfee43023) sd      a4, -32(s0)
core   0: 3 0x000000008000feb6 (0xfee43023) mem 0x0000000080031f50 0x0000000080012065
core   0: 0x000000008000feba (0xfc442703) lw      a4, -60(s0)
core   0: 3 0x000000008000feba (0xfc442703) x14 0x0000000000000000 mem 0x0000000080031f34
core   0: 0x000000008000febe (0x0ff77713) andi    a4, a4, 255
core   0: 3 0x000000008000febe (0x0ff77713) x14 0x0000000000000000
core   0: 0x000000008000fec2 (0x00e78023) sb      a4, 0(a5)
core   0: 3 0x000000008000fec2 (0x00e78023) mem 0x0000000080012064 0x00
core   0: 0x000000008000fec6 (0xfc843703) ld      a4, -56(s0)
core   0: 3 0x000000008000fec6 (0xfc843703) x14 0x0000000080012040 mem 0x0000000080031f38
core   0: 0x000000008000feca (0xfb843783) ld      a5, -72(s0)
core   0: 3 0x000000008000feca (0xfb843783) x15 0x000000000000009c mem 0x0000000080031f28
core   0: 0x000000008000fece (0x000097ba) c.add   a5, a4
core   0: 3 0x000000008000fece (0x97ba) x15 0x00000000800120dc
core   0: 0x000000008000fed0 (0xfe043703) ld      a4, -32(s0)
core   0: 3 0x000000008000fed0 (0xfe043703) x14 0x0000000080012065 mem 0x0000000080031f50
core   0: 0x000000008000fed4 (0xfcf76de3) bltu    a4, a5, pc - 38
core   0: 3 0x000000008000fed4 (0xfcf76de3)
core   0: 0x000000008000feae (0xfe043783) ld      a5, -32(s0)
core   0: 3 0x000000008000feae (0xfe043783) x15 0x0000000080012065 mem 0x0000000080031f50
core   0: 0x000000008000feb2 (0x00178713) addi    a4, a5, 1
core   0: 3 0x000000008000feb2 (0x00178713) x14 0x0000000080012066
core   0: 0x000000008000feb6 (0xfee43023) sd      a4, -32(s0)
core   0: 3 0x000000008000feb6 (0xfee43023) mem 0x0000000080031f50 0x0000000080012066
core   0: 0x000000008000feba (0xfc442703) lw      a4, -60(s0)
core   0: 3 0x000000008000feba (0xfc442703) x14 0x0000000000000000 mem 0x0000000080031f34
core   0: 0x000000008000febe (0x0ff77713) andi    a4, a4, 255
core   0: 3 0x000000008000febe (0x0ff77713) x14 0x0000000000000000
core   0: 0x000000008000fec2 (0x00e78023) sb      a4, 0(a5)
core   0: 3 0x000000008000fec2 (0x00e78023) mem 0x0000000080012065 0x00
core   0: 0x000000008000fec6 (0xfc843703) ld      a4, -56(s0)
core   0: 3 0x000000008000fec6 (0xfc843703) x14 0x0000000080012040 mem 0x0000000080031f38
core   0: 0x000000008000feca (0xfb843783) ld      a5, -72(s0)
core   0: 3 0x000000008000feca (0xfb843783) x15 0x000000000000009c mem 0x0000000080031f28
core   0: 0x000000008000fece (0x000097ba) c.add   a5, a4
core   0: 3 0x000000008000fece (0x97ba) x15 0x00000000800120dc
core   0: 0x000000008000fed0 (0xfe043703) ld      a4, -32(s0)
core   0: 3 0x000000008000fed0 (0xfe043703) x14 0x0000000080012066 mem 0x0000000080031f50
core   0: 0x000000008000fed4 (0xfcf76de3) bltu    a4, a5, pc - 38
core   0: 3 0x000000008000fed4 (0xfcf76de3)
core   0: 0x000000008000feae (0xfe043783) ld      a5, -32(s0)
core   0: 3 0x000000008000feae (0xfe043783) x15 0x0000000080012066 mem 0x0000000080031f50
core   0: 0x000000008000feb2 (0x00178713) addi    a4, a5, 1
core   0: 3 0x000000008000feb2 (0x00178713) x14 0x0000000080012067
core   0: 0x000000008000feb6 (0xfee43023) sd      a4, -32(s0)
core   0: 3 0x000000008000feb6 (0xfee43023) mem 0x0000000080031f50 0x0000000080012067
core   0: 0x000000008000feba (0xfc442703) lw      a4, -60(s0)
core   0: 3 0x000000008000feba (0xfc442703) x14 0x0000000000000000 mem 0x0000000080031f34
core   0: 0x000000008000febe (0x0ff77713) andi    a4, a4, 255
core   0: 3 0x000000008000febe (0x0ff77713) x14 0x0000000000000000
core   0: 0x000000008000fec2 (0x00e78023) sb      a4, 0(a5)
core   0: 3 0x000000008000fec2 (0x00e78023) mem 0x0000000080012066 0x00
core   0: 0x000000008000fec6 (0xfc843703) ld      a4, -56(s0)
core   0: 3 0x000000008000fec6 (0xfc843703) x14 0x0000000080012040 mem 0x0000000080031f38
core   0: 0x000000008000feca (0xfb843783) ld      a5, -72(s0)
core   0: 3 0x000000008000feca (0xfb843783) x15 0x000000000000009c mem 0x0000000080031f28
core   0: 0x000000008000fece (0x000097ba) c.add   a5, a4
core   0: 3 0x000000008000fece (0x97ba) x15 0x00000000800120dc
core   0: 0x000000008000fed0 (0xfe043703) ld      a4, -32(s0)
core   0: 3 0x000000008000fed0 (0xfe043703) x14 0x0000000080012067 mem 0x0000000080031f50
core   0: 0x000000008000fed4 (0xfcf76de3) bltu    a4, a5, pc - 38
core   0: 3 0x000000008000fed4 (0xfcf76de3)
core   0: 0x000000008000feae (0xfe043783) ld      a5, -32(s0)
core   0: 3 0x000000008000feae (0xfe043783) x15 0x0000000080012067 mem 0x0000000080031f50
core   0: 0x000000008000feb2 (0x00178713) addi    a4, a5, 1
core   0: 3 0x000000008000feb2 (0x00178713) x14 0x0000000080012068
core   0: 0x000000008000feb6 (0xfee43023) sd      a4, -32(s0)
core   0: 3 0x000000008000feb6 (0xfee43023) mem 0x0000000080031f50 0x0000000080012068
core   0: 0x000000008000feba (0xfc442703) lw      a4, -60(s0)
core   0: 3 0x000000008000feba (0xfc442703) x14 0x0000000000000000 mem 0x0000000080031f34
core   0: 0x000000008000febe (0x0ff77713) andi    a4, a4, 255
core   0: 3 0x000000008000febe (0x0ff77713) x14 0x0000000000000000
core   0: 0x000000008000fec2 (0x00e78023) sb      a4, 0(a5)
core   0: 3 0x000000008000fec2 (0x00e78023) mem 0x0000000080012067 0x00
core   0: 0x000000008000fec6 (0xfc843703) ld      a4, -56(s0)
core   0: 3 0x000000008000fec6 (0xfc843703) x14 0x0000000080012040 mem 0x0000000080031f38
core   0: 0x000000008000feca (0xfb843783) ld      a5, -72(s0)
core   0: 3 0x000000008000feca (0xfb843783) x15 0x000000000000009c mem 0x0000000080031f28
core   0: 0x000000008000fece (0x000097ba) c.add   a5, a4
core   0: 3 0x000000008000fece (0x97ba) x15 0x00000000800120dc
core   0: 0x000000008000fed0 (0xfe043703) ld      a4, -32(s0)
core   0: 3 0x000000008000fed0 (0xfe043703) x14 0x0000000080012068 mem 0x0000000080031f50
core   0: 0x000000008000fed4 (0xfcf76de3) bltu    a4, a5, pc - 38
core   0: 3 0x000000008000fed4 (0xfcf76de3)
core   0: 0x000000008000feae (0xfe043783) ld      a5, -32(s0)
core   0: 3 0x000000008000feae (0xfe043783) x15 0x0000000080012068 mem 0x0000000080031f50
core   0: 0x000000008000feb2 (0x00178713) addi    a4, a5, 1
core   0: 3 0x000000008000feb2 (0x00178713) x14 0x0000000080012069
core   0: 0x000000008000feb6 (0xfee43023) sd      a4, -32(s0)
core   0: 3 0x000000008000feb6 (0xfee43023) mem 0x0000000080031f50 0x0000000080012069
core   0: 0x000000008000feba (0xfc442703) lw      a4, -60(s0)
core   0: 3 0x000000008000feba (0xfc442703) x14 0x0000000000000000 mem 0x0000000080031f34
core   0: 0x000000008000febe (0x0ff77713) andi    a4, a4, 255
core   0: 3 0x000000008000febe (0x0ff77713) x14 0x0000000000000000
core   0: 0x000000008000fec2 (0x00e78023) sb      a4, 0(a5)
core   0: 3 0x000000008000fec2 (0x00e78023) mem 0x0000000080012068 0x00
core   0: 0x000000008000fec6 (0xfc843703) ld      a4, -56(s0)
core   0: 3 0x000000008000fec6 (0xfc843703) x14 0x0000000080012040 mem 0x0000000080031f38
core   0: 0x000000008000feca (0xfb843783) ld      a5, -72(s0)
core   0: 3 0x000000008000feca (0xfb843783) x15 0x000000000000009c mem 0x0000000080031f28
core   0: 0x000000008000fece (0x000097ba) c.add   a5, a4
core   0: 3 0x000000008000fece (0x97ba) x15 0x00000000800120dc
core   0: 0x000000008000fed0 (0xfe043703) ld      a4, -32(s0)
core   0: 3 0x000000008000fed0 (0xfe043703) x14 0x0000000080012069 mem 0x0000000080031f50
core   0: 0x000000008000fed4 (0xfcf76de3) bltu    a4, a5, pc - 38
core   0: 3 0x000000008000fed4 (0xfcf76de3)
core   0: 0x000000008000feae (0xfe043783) ld      a5, -32(s0)
core   0: 3 0x000000008000feae (0xfe043783) x15 0x0000000080012069 mem 0x0000000080031f50
core   0: 0x000000008000feb2 (0x00178713) addi    a4, a5, 1
core   0: 3 0x000000008000feb2 (0x00178713) x14 0x000000008001206a
core   0: 0x000000008000feb6 (0xfee43023) sd      a4, -32(s0)
core   0: 3 0x000000008000feb6 (0xfee43023) mem 0x0000000080031f50 0x000000008001206a
core   0: 0x000000008000feba (0xfc442703) lw      a4, -60(s0)
core   0: 3 0x000000008000feba (0xfc442703) x14 0x0000000000000000 mem 0x0000000080031f34
core   0: 0x000000008000febe (0x0ff77713) andi    a4, a4, 255
core   0: 3 0x000000008000febe (0x0ff77713) x14 0x0000000000000000
core   0: 0x000000008000fec2 (0x00e78023) sb      a4, 0(a5)
core   0: 3 0x000000008000fec2 (0x00e78023) mem 0x0000000080012069 0x00
core   0: 0x000000008000fec6 (0xfc843703) ld      a4, -56(s0)
core   0: 3 0x000000008000fec6 (0xfc843703) x14 0x0000000080012040 mem 0x0000000080031f38
core   0: 0x000000008000feca (0xfb843783) ld      a5, -72(s0)
core   0: 3 0x000000008000feca (0xfb843783) x15 0x000000000000009c mem 0x0000000080031f28
core   0: 0x000000008000fece (0x000097ba) c.add   a5, a4
core   0: 3 0x000000008000fece (0x97ba) x15 0x00000000800120dc
core   0: 0x000000008000fed0 (0xfe043703) ld      a4, -32(s0)
core   0: 3 0x000000008000fed0 (0xfe043703) x14 0x000000008001206a mem 0x0000000080031f50
core   0: 0x000000008000fed4 (0xfcf76de3) bltu    a4, a5, pc - 38
core   0: 3 0x000000008000fed4 (0xfcf76de3)
core   0: 0x000000008000feae (0xfe043783) ld      a5, -32(s0)
core   0: 3 0x000000008000feae (0xfe043783) x15 0x000000008001206a mem 0x0000000080031f50
core   0: 0x000000008000feb2 (0x00178713) addi    a4, a5, 1
core   0: 3 0x000000008000feb2 (0x00178713) x14 0x000000008001206b
core   0: 0x000000008000feb6 (0xfee43023) sd      a4, -32(s0)
core   0: 3 0x000000008000feb6 (0xfee43023) mem 0x0000000080031f50 0x000000008001206b
core   0: 0x000000008000feba (0xfc442703) lw      a4, -60(s0)
core   0: 3 0x000000008000feba (0xfc442703) x14 0x0000000000000000 mem 0x0000000080031f34
core   0: 0x000000008000febe (0x0ff77713) andi    a4, a4, 255
core   0: 3 0x000000008000febe (0x0ff77713) x14 0x0000000000000000
core   0: 0x000000008000fec2 (0x00e78023) sb      a4, 0(a5)
core   0: 3 0x000000008000fec2 (0x00e78023) mem 0x000000008001206a 0x00
core   0: 0x000000008000fec6 (0xfc843703) ld      a4, -56(s0)
core   0: 3 0x000000008000fec6 (0xfc843703) x14 0x0000000080012040 mem 0x0000000080031f38
core   0: 0x000000008000feca (0xfb843783) ld      a5, -72(s0)
core   0: 3 0x000000008000feca (0xfb843783) x15 0x000000000000009c mem 0x0000000080031f28
core   0: 0x000000008000fece (0x000097ba) c.add   a5, a4
core   0: 3 0x000000008000fece (0x97ba) x15 0x00000000800120dc
core   0: 0x000000008000fed0 (0xfe043703) ld      a4, -32(s0)
core   0: 3 0x000000008000fed0 (0xfe043703) x14 0x000000008001206b mem 0x0000000080031f50
core   0: 0x000000008000fed4 (0xfcf76de3) bltu    a4, a5, pc - 38
core   0: 3 0x000000008000fed4 (0xfcf76de3)
core   0: 0x000000008000feae (0xfe043783) ld      a5, -32(s0)
core   0: 3 0x000000008000feae (0xfe043783) x15 0x000000008001206b mem 0x0000000080031f50
core   0: 0x000000008000feb2 (0x00178713) addi    a4, a5, 1
core   0: 3 0x000000008000feb2 (0x00178713) x14 0x000000008001206c
core   0: 0x000000008000feb6 (0xfee43023) sd      a4, -32(s0)
core   0: 3 0x000000008000feb6 (0xfee43023) mem 0x0000000080031f50 0x000000008001206c
core   0: 0x000000008000feba (0xfc442703) lw      a4, -60(s0)
core   0: 3 0x000000008000feba (0xfc442703) x14 0x0000000000000000 mem 0x0000000080031f34
core   0: 0x000000008000febe (0x0ff77713) andi    a4, a4, 255
core   0: 3 0x000000008000febe (0x0ff77713) x14 0x0000000000000000
core   0: 0x000000008000fec2 (0x00e78023) sb      a4, 0(a5)
core   0: 3 0x000000008000fec2 (0x00e78023) mem 0x000000008001206b 0x00
core   0: 0x000000008000fec6 (0xfc843703) ld      a4, -56(s0)
core   0: 3 0x000000008000fec6 (0xfc843703) x14 0x0000000080012040 mem 0x0000000080031f38
core   0: 0x000000008000feca (0xfb843783) ld      a5, -72(s0)
core   0: 3 0x000000008000feca (0xfb843783) x15 0x000000000000009c mem 0x0000000080031f28
core   0: 0x000000008000fece (0x000097ba) c.add   a5, a4
core   0: 3 0x000000008000fece (0x97ba) x15 0x00000000800120dc
core   0: 0x000000008000fed0 (0xfe043703) ld      a4, -32(s0)
core   0: 3 0x000000008000fed0 (0xfe043703) x14 0x000000008001206c mem 0x0000000080031f50
core   0: 0x000000008000fed4 (0xfcf76de3) bltu    a4, a5, pc - 38
core   0: 3 0x000000008000fed4 (0xfcf76de3)
core   0: 0x000000008000feae (0xfe043783) ld      a5, -32(s0)
core   0: 3 0x000000008000feae (0xfe043783) x15 0x000000008001206c mem 0x0000000080031f50
core   0: 0x000000008000feb2 (0x00178713) addi    a4, a5, 1
core   0: 3 0x000000008000feb2 (0x00178713) x14 0x000000008001206d
core   0: 0x000000008000feb6 (0xfee43023) sd      a4, -32(s0)
core   0: 3 0x000000008000feb6 (0xfee43023) mem 0x0000000080031f50 0x000000008001206d
core   0: 0x000000008000feba (0xfc442703) lw      a4, -60(s0)
core   0: 3 0x000000008000feba (0xfc442703) x14 0x0000000000000000 mem 0x0000000080031f34
core   0: 0x000000008000febe (0x0ff77713) andi    a4, a4, 255
core   0: 3 0x000000008000febe (0x0ff77713) x14 0x0000000000000000
core   0: 0x000000008000fec2 (0x00e78023) sb      a4, 0(a5)
core   0: 3 0x000000008000fec2 (0x00e78023) mem 0x000000008001206c 0x00
core   0: 0x000000008000fec6 (0xfc843703) ld      a4, -56(s0)
core   0: 3 0x000000008000fec6 (0xfc843703) x14 0x0000000080012040 mem 0x0000000080031f38
core   0: 0x000000008000feca (0xfb843783) ld      a5, -72(s0)
core   0: 3 0x000000008000feca (0xfb843783) x15 0x000000000000009c mem 0x0000000080031f28
core   0: 0x000000008000fece (0x000097ba) c.add   a5, a4
core   0: 3 0x000000008000fece (0x97ba) x15 0x00000000800120dc
core   0: 0x000000008000fed0 (0xfe043703) ld      a4, -32(s0)
core   0: 3 0x000000008000fed0 (0xfe043703) x14 0x000000008001206d mem 0x0000000080031f50
core   0: 0x000000008000fed4 (0xfcf76de3) bltu    a4, a5, pc - 38
core   0: 3 0x000000008000fed4 (0xfcf76de3)
core   0: 0x000000008000feae (0xfe043783) ld      a5, -32(s0)
core   0: 3 0x000000008000feae (0xfe043783) x15 0x000000008001206d mem 0x0000000080031f50
core   0: 0x000000008000feb2 (0x00178713) addi    a4, a5, 1
core   0: 3 0x000000008000feb2 (0x00178713) x14 0x000000008001206e
core   0: 0x000000008000feb6 (0xfee43023) sd      a4, -32(s0)
core   0: 3 0x000000008000feb6 (0xfee43023) mem 0x0000000080031f50 0x000000008001206e
core   0: 0x000000008000feba (0xfc442703) lw      a4, -60(s0)
core   0: 3 0x000000008000feba (0xfc442703) x14 0x0000000000000000 mem 0x0000000080031f34
core   0: 0x000000008000febe (0x0ff77713) andi    a4, a4, 255
core   0: 3 0x000000008000febe (0x0ff77713) x14 0x0000000000000000
core   0: 0x000000008000fec2 (0x00e78023) sb      a4, 0(a5)
core   0: 3 0x000000008000fec2 (0x00e78023) mem 0x000000008001206d 0x00
core   0: 0x000000008000fec6 (0xfc843703) ld      a4, -56(s0)
core   0: 3 0x000000008000fec6 (0xfc843703) x14 0x0000000080012040 mem 0x0000000080031f38
core   0: 0x000000008000feca (0xfb843783) ld      a5, -72(s0)
core   0: 3 0x000000008000feca (0xfb843783) x15 0x000000000000009c mem 0x0000000080031f28
core   0: 0x000000008000fece (0x000097ba) c.add   a5, a4
core   0: 3 0x000000008000fece (0x97ba) x15 0x00000000800120dc
core   0: 0x000000008000fed0 (0xfe043703) ld      a4, -32(s0)
core   0: 3 0x000000008000fed0 (0xfe043703) x14 0x000000008001206e mem 0x0000000080031f50
core   0: 0x000000008000fed4 (0xfcf76de3) bltu    a4, a5, pc - 38
core   0: 3 0x000000008000fed4 (0xfcf76de3)
core   0: 0x000000008000feae (0xfe043783) ld      a5, -32(s0)
core   0: 3 0x000000008000feae (0xfe043783) x15 0x000000008001206e mem 0x0000000080031f50
core   0: 0x000000008000feb2 (0x00178713) addi    a4, a5, 1
core   0: 3 0x000000008000feb2 (0x00178713) x14 0x000000008001206f
core   0: 0x000000008000feb6 (0xfee43023) sd      a4, -32(s0)
core   0: 3 0x000000008000feb6 (0xfee43023) mem 0x0000000080031f50 0x000000008001206f
core   0: 0x000000008000feba (0xfc442703) lw      a4, -60(s0)
core   0: 3 0x000000008000feba (0xfc442703) x14 0x0000000000000000 mem 0x0000000080031f34
core   0: 0x000000008000febe (0x0ff77713) andi    a4, a4, 255
core   0: 3 0x000000008000febe (0x0ff77713) x14 0x0000000000000000
core   0: 0x000000008000fec2 (0x00e78023) sb      a4, 0(a5)
core   0: 3 0x000000008000fec2 (0x00e78023) mem 0x000000008001206e 0x00
core   0: 0x000000008000fec6 (0xfc843703) ld      a4, -56(s0)
core   0: 3 0x000000008000fec6 (0xfc843703) x14 0x0000000080012040 mem 0x0000000080031f38
core   0: 0x000000008000feca (0xfb843783) ld      a5, -72(s0)
core   0: 3 0x000000008000feca (0xfb843783) x15 0x000000000000009c mem 0x0000000080031f28
core   0: 0x000000008000fece (0x000097ba) c.add   a5, a4
core   0: 3 0x000000008000fece (0x97ba) x15 0x00000000800120dc
core   0: 0x000000008000fed0 (0xfe043703) ld      a4, -32(s0)
core   0: 3 0x000000008000fed0 (0xfe043703) x14 0x000000008001206f mem 0x0000000080031f50
core   0: 0x000000008000fed4 (0xfcf76de3) bltu    a4, a5, pc - 38
core   0: 3 0x000000008000fed4 (0xfcf76de3)
core   0: 0x000000008000feae (0xfe043783) ld      a5, -32(s0)
core   0: 3 0x000000008000feae (0xfe043783) x15 0x000000008001206f mem 0x0000000080031f50
core   0: 0x000000008000feb2 (0x00178713) addi    a4, a5, 1
core   0: 3 0x000000008000feb2 (0x00178713) x14 0x0000000080012070
core   0: 0x000000008000feb6 (0xfee43023) sd      a4, -32(s0)
core   0: 3 0x000000008000feb6 (0xfee43023) mem 0x0000000080031f50 0x0000000080012070
core   0: 0x000000008000feba (0xfc442703) lw      a4, -60(s0)
core   0: 3 0x000000008000feba (0xfc442703) x14 0x0000000000000000 mem 0x0000000080031f34
core   0: 0x000000008000febe (0x0ff77713) andi    a4, a4, 255
core   0: 3 0x000000008000febe (0x0ff77713) x14 0x0000000000000000
core   0: 0x000000008000fec2 (0x00e78023) sb      a4, 0(a5)
core   0: 3 0x000000008000fec2 (0x00e78023) mem 0x000000008001206f 0x00
core   0: 0x000000008000fec6 (0xfc843703) ld      a4, -56(s0)
core   0: 3 0x000000008000fec6 (0xfc843703) x14 0x0000000080012040 mem 0x0000000080031f38
core   0: 0x000000008000feca (0xfb843783) ld      a5, -72(s0)
core   0: 3 0x000000008000feca (0xfb843783) x15 0x000000000000009c mem 0x0000000080031f28
core   0: 0x000000008000fece (0x000097ba) c.add   a5, a4
core   0: 3 0x000000008000fece (0x97ba) x15 0x00000000800120dc
core   0: 0x000000008000fed0 (0xfe043703) ld      a4, -32(s0)
core   0: 3 0x000000008000fed0 (0xfe043703) x14 0x0000000080012070 mem 0x0000000080031f50
core   0: 0x000000008000fed4 (0xfcf76de3) bltu    a4, a5, pc - 38
core   0: 3 0x000000008000fed4 (0xfcf76de3)
core   0: 0x000000008000feae (0xfe043783) ld      a5, -32(s0)
core   0: 3 0x000000008000feae (0xfe043783) x15 0x0000000080012070 mem 0x0000000080031f50
core   0: 0x000000008000feb2 (0x00178713) addi    a4, a5, 1
core   0: 3 0x000000008000feb2 (0x00178713) x14 0x0000000080012071
core   0: 0x000000008000feb6 (0xfee43023) sd      a4, -32(s0)
core   0: 3 0x000000008000feb6 (0xfee43023) mem 0x0000000080031f50 0x0000000080012071
core   0: 0x000000008000feba (0xfc442703) lw      a4, -60(s0)
core   0: 3 0x000000008000feba (0xfc442703) x14 0x0000000000000000 mem 0x0000000080031f34
core   0: 0x000000008000febe (0x0ff77713) andi    a4, a4, 255
core   0: 3 0x000000008000febe (0x0ff77713) x14 0x0000000000000000
core   0: 0x000000008000fec2 (0x00e78023) sb      a4, 0(a5)
core   0: 3 0x000000008000fec2 (0x00e78023) mem 0x0000000080012070 0x00
core   0: 0x000000008000fec6 (0xfc843703) ld      a4, -56(s0)
core   0: 3 0x000000008000fec6 (0xfc843703) x14 0x0000000080012040 mem 0x0000000080031f38
core   0: 0x000000008000feca (0xfb843783) ld      a5, -72(s0)
core   0: 3 0x000000008000feca (0xfb843783) x15 0x000000000000009c mem 0x0000000080031f28
core   0: 0x000000008000fece (0x000097ba) c.add   a5, a4
core   0: 3 0x000000008000fece (0x97ba) x15 0x00000000800120dc
core   0: 0x000000008000fed0 (0xfe043703) ld      a4, -32(s0)
core   0: 3 0x000000008000fed0 (0xfe043703) x14 0x0000000080012071 mem 0x0000000080031f50
core   0: 0x000000008000fed4 (0xfcf76de3) bltu    a4, a5, pc - 38
core   0: 3 0x000000008000fed4 (0xfcf76de3)
core   0: 0x000000008000feae (0xfe043783) ld      a5, -32(s0)
core   0: 3 0x000000008000feae (0xfe043783) x15 0x0000000080012071 mem 0x0000000080031f50
core   0: 0x000000008000feb2 (0x00178713) addi    a4, a5, 1
core   0: 3 0x000000008000feb2 (0x00178713) x14 0x0000000080012072
core   0: 0x000000008000feb6 (0xfee43023) sd      a4, -32(s0)
core   0: 3 0x000000008000feb6 (0xfee43023) mem 0x0000000080031f50 0x0000000080012072
core   0: 0x000000008000feba (0xfc442703) lw      a4, -60(s0)
core   0: 3 0x000000008000feba (0xfc442703) x14 0x0000000000000000 mem 0x0000000080031f34
core   0: 0x000000008000febe (0x0ff77713) andi    a4, a4, 255
core   0: 3 0x000000008000febe (0x0ff77713) x14 0x0000000000000000
core   0: 0x000000008000fec2 (0x00e78023) sb      a4, 0(a5)
core   0: 3 0x000000008000fec2 (0x00e78023) mem 0x0000000080012071 0x00
core   0: 0x000000008000fec6 (0xfc843703) ld      a4, -56(s0)
core   0: 3 0x000000008000fec6 (0xfc843703) x14 0x0000000080012040 mem 0x0000000080031f38
core   0: 0x000000008000feca (0xfb843783) ld      a5, -72(s0)
core   0: 3 0x000000008000feca (0xfb843783) x15 0x000000000000009c mem 0x0000000080031f28
core   0: 0x000000008000fece (0x000097ba) c.add   a5, a4
core   0: 3 0x000000008000fece (0x97ba) x15 0x00000000800120dc
core   0: 0x000000008000fed0 (0xfe043703) ld      a4, -32(s0)
core   0: 3 0x000000008000fed0 (0xfe043703) x14 0x0000000080012072 mem 0x0000000080031f50
core   0: 0x000000008000fed4 (0xfcf76de3) bltu    a4, a5, pc - 38
core   0: 3 0x000000008000fed4 (0xfcf76de3)
core   0: 0x000000008000feae (0xfe043783) ld      a5, -32(s0)
core   0: 3 0x000000008000feae (0xfe043783) x15 0x0000000080012072 mem 0x0000000080031f50
core   0: 0x000000008000feb2 (0x00178713) addi    a4, a5, 1
core   0: 3 0x000000008000feb2 (0x00178713) x14 0x0000000080012073
core   0: 0x000000008000feb6 (0xfee43023) sd      a4, -32(s0)
core   0: 3 0x000000008000feb6 (0xfee43023) mem 0x0000000080031f50 0x0000000080012073
core   0: 0x000000008000feba (0xfc442703) lw      a4, -60(s0)
core   0: 3 0x000000008000feba (0xfc442703) x14 0x0000000000000000 mem 0x0000000080031f34
core   0: 0x000000008000febe (0x0ff77713) andi    a4, a4, 255
core   0: 3 0x000000008000febe (0x0ff77713) x14 0x0000000000000000
core   0: 0x000000008000fec2 (0x00e78023) sb      a4, 0(a5)
core   0: 3 0x000000008000fec2 (0x00e78023) mem 0x0000000080012072 0x00
core   0: 0x000000008000fec6 (0xfc843703) ld      a4, -56(s0)
core   0: 3 0x000000008000fec6 (0xfc843703) x14 0x0000000080012040 mem 0x0000000080031f38
core   0: 0x000000008000feca (0xfb843783) ld      a5, -72(s0)
core   0: 3 0x000000008000feca (0xfb843783) x15 0x000000000000009c mem 0x0000000080031f28
core   0: 0x000000008000fece (0x000097ba) c.add   a5, a4
core   0: 3 0x000000008000fece (0x97ba) x15 0x00000000800120dc
core   0: 0x000000008000fed0 (0xfe043703) ld      a4, -32(s0)
core   0: 3 0x000000008000fed0 (0xfe043703) x14 0x0000000080012073 mem 0x0000000080031f50
core   0: 0x000000008000fed4 (0xfcf76de3) bltu    a4, a5, pc - 38
core   0: 3 0x000000008000fed4 (0xfcf76de3)
core   0: 0x000000008000feae (0xfe043783) ld      a5, -32(s0)
core   0: 3 0x000000008000feae (0xfe043783) x15 0x0000000080012073 mem 0x0000000080031f50
core   0: 0x000000008000feb2 (0x00178713) addi    a4, a5, 1
core   0: 3 0x000000008000feb2 (0x00178713) x14 0x0000000080012074
core   0: 0x000000008000feb6 (0xfee43023) sd      a4, -32(s0)
core   0: 3 0x000000008000feb6 (0xfee43023) mem 0x0000000080031f50 0x0000000080012074
core   0: 0x000000008000feba (0xfc442703) lw      a4, -60(s0)
core   0: 3 0x000000008000feba (0xfc442703) x14 0x0000000000000000 mem 0x0000000080031f34
core   0: 0x000000008000febe (0x0ff77713) andi    a4, a4, 255
core   0: 3 0x000000008000febe (0x0ff77713) x14 0x0000000000000000
core   0: 0x000000008000fec2 (0x00e78023) sb      a4, 0(a5)
core   0: 3 0x000000008000fec2 (0x00e78023) mem 0x0000000080012073 0x00
core   0: 0x000000008000fec6 (0xfc843703) ld      a4, -56(s0)
core   0: 3 0x000000008000fec6 (0xfc843703) x14 0x0000000080012040 mem 0x0000000080031f38
core   0: 0x000000008000feca (0xfb843783) ld      a5, -72(s0)
core   0: 3 0x000000008000feca (0xfb843783) x15 0x000000000000009c mem 0x0000000080031f28
core   0: 0x000000008000fece (0x000097ba) c.add   a5, a4
core   0: 3 0x000000008000fece (0x97ba) x15 0x00000000800120dc
core   0: 0x000000008000fed0 (0xfe043703) ld      a4, -32(s0)
core   0: 3 0x000000008000fed0 (0xfe043703) x14 0x0000000080012074 mem 0x0000000080031f50
core   0: 0x000000008000fed4 (0xfcf76de3) bltu    a4, a5, pc - 38
core   0: 3 0x000000008000fed4 (0xfcf76de3)
core   0: 0x000000008000feae (0xfe043783) ld      a5, -32(s0)
core   0: 3 0x000000008000feae (0xfe043783) x15 0x0000000080012074 mem 0x0000000080031f50
core   0: 0x000000008000feb2 (0x00178713) addi    a4, a5, 1
core   0: 3 0x000000008000feb2 (0x00178713) x14 0x0000000080012075
core   0: 0x000000008000feb6 (0xfee43023) sd      a4, -32(s0)
core   0: 3 0x000000008000feb6 (0xfee43023) mem 0x0000000080031f50 0x0000000080012075
core   0: 0x000000008000feba (0xfc442703) lw      a4, -60(s0)
core   0: 3 0x000000008000feba (0xfc442703) x14 0x0000000000000000 mem 0x0000000080031f34
core   0: 0x000000008000febe (0x0ff77713) andi    a4, a4, 255
core   0: 3 0x000000008000febe (0x0ff77713) x14 0x0000000000000000
core   0: 0x000000008000fec2 (0x00e78023) sb      a4, 0(a5)
core   0: 3 0x000000008000fec2 (0x00e78023) mem 0x0000000080012074 0x00
core   0: 0x000000008000fec6 (0xfc843703) ld      a4, -56(s0)
core   0: 3 0x000000008000fec6 (0xfc843703) x14 0x0000000080012040 mem 0x0000000080031f38
core   0: 0x000000008000feca (0xfb843783) ld      a5, -72(s0)
core   0: 3 0x000000008000feca (0xfb843783) x15 0x000000000000009c mem 0x0000000080031f28
core   0: 0x000000008000fece (0x000097ba) c.add   a5, a4
core   0: 3 0x000000008000fece (0x97ba) x15 0x00000000800120dc
core   0: 0x000000008000fed0 (0xfe043703) ld      a4, -32(s0)
core   0: 3 0x000000008000fed0 (0xfe043703) x14 0x0000000080012075 mem 0x0000000080031f50
core   0: 0x000000008000fed4 (0xfcf76de3) bltu    a4, a5, pc - 38
core   0: 3 0x000000008000fed4 (0xfcf76de3)
core   0: 0x000000008000feae (0xfe043783) ld      a5, -32(s0)
core   0: 3 0x000000008000feae (0xfe043783) x15 0x0000000080012075 mem 0x0000000080031f50
core   0: 0x000000008000feb2 (0x00178713) addi    a4, a5, 1
core   0: 3 0x000000008000feb2 (0x00178713) x14 0x0000000080012076
core   0: 0x000000008000feb6 (0xfee43023) sd      a4, -32(s0)
core   0: 3 0x000000008000feb6 (0xfee43023) mem 0x0000000080031f50 0x0000000080012076
core   0: 0x000000008000feba (0xfc442703) lw      a4, -60(s0)
core   0: 3 0x000000008000feba (0xfc442703) x14 0x0000000000000000 mem 0x0000000080031f34
core   0: 0x000000008000febe (0x0ff77713) andi    a4, a4, 255
core   0: 3 0x000000008000febe (0x0ff77713) x14 0x0000000000000000
core   0: 0x000000008000fec2 (0x00e78023) sb      a4, 0(a5)
core   0: 3 0x000000008000fec2 (0x00e78023) mem 0x0000000080012075 0x00
core   0: 0x000000008000fec6 (0xfc843703) ld      a4, -56(s0)
core   0: 3 0x000000008000fec6 (0xfc843703) x14 0x0000000080012040 mem 0x0000000080031f38
core   0: 0x000000008000feca (0xfb843783) ld      a5, -72(s0)
core   0: 3 0x000000008000feca (0xfb843783) x15 0x000000000000009c mem 0x0000000080031f28
core   0: 0x000000008000fece (0x000097ba) c.add   a5, a4
core   0: 3 0x000000008000fece (0x97ba) x15 0x00000000800120dc
core   0: 0x000000008000fed0 (0xfe043703) ld      a4, -32(s0)
core   0: 3 0x000000008000fed0 (0xfe043703) x14 0x0000000080012076 mem 0x0000000080031f50
core   0: 0x000000008000fed4 (0xfcf76de3) bltu    a4, a5, pc - 38
core   0: 3 0x000000008000fed4 (0xfcf76de3)
core   0: 0x000000008000feae (0xfe043783) ld      a5, -32(s0)
core   0: 3 0x000000008000feae (0xfe043783) x15 0x0000000080012076 mem 0x0000000080031f50
core   0: 0x000000008000feb2 (0x00178713) addi    a4, a5, 1
core   0: 3 0x000000008000feb2 (0x00178713) x14 0x0000000080012077
core   0: 0x000000008000feb6 (0xfee43023) sd      a4, -32(s0)
core   0: 3 0x000000008000feb6 (0xfee43023) mem 0x0000000080031f50 0x0000000080012077
core   0: 0x000000008000feba (0xfc442703) lw      a4, -60(s0)
core   0: 3 0x000000008000feba (0xfc442703) x14 0x0000000000000000 mem 0x0000000080031f34
core   0: 0x000000008000febe (0x0ff77713) andi    a4, a4, 255
core   0: 3 0x000000008000febe (0x0ff77713) x14 0x0000000000000000
core   0: 0x000000008000fec2 (0x00e78023) sb      a4, 0(a5)
core   0: 3 0x000000008000fec2 (0x00e78023) mem 0x0000000080012076 0x00
core   0: 0x000000008000fec6 (0xfc843703) ld      a4, -56(s0)
core   0: 3 0x000000008000fec6 (0xfc843703) x14 0x0000000080012040 mem 0x0000000080031f38
core   0: 0x000000008000feca (0xfb843783) ld      a5, -72(s0)
core   0: 3 0x000000008000feca (0xfb843783) x15 0x000000000000009c mem 0x0000000080031f28
core   0: 0x000000008000fece (0x000097ba) c.add   a5, a4
core   0: 3 0x000000008000fece (0x97ba) x15 0x00000000800120dc
core   0: 0x000000008000fed0 (0xfe043703) ld      a4, -32(s0)
core   0: 3 0x000000008000fed0 (0xfe043703) x14 0x0000000080012077 mem 0x0000000080031f50
core   0: 0x000000008000fed4 (0xfcf76de3) bltu    a4, a5, pc - 38
core   0: 3 0x000000008000fed4 (0xfcf76de3)
core   0: 0x000000008000feae (0xfe043783) ld      a5, -32(s0)
core   0: 3 0x000000008000feae (0xfe043783) x15 0x0000000080012077 mem 0x0000000080031f50
core   0: 0x000000008000feb2 (0x00178713) addi    a4, a5, 1
core   0: 3 0x000000008000feb2 (0x00178713) x14 0x0000000080012078
core   0: 0x000000008000feb6 (0xfee43023) sd      a4, -32(s0)
core   0: 3 0x000000008000feb6 (0xfee43023) mem 0x0000000080031f50 0x0000000080012078
core   0: 0x000000008000feba (0xfc442703) lw      a4, -60(s0)
core   0: 3 0x000000008000feba (0xfc442703) x14 0x0000000000000000 mem 0x0000000080031f34
core   0: 0x000000008000febe (0x0ff77713) andi    a4, a4, 255
core   0: 3 0x000000008000febe (0x0ff77713) x14 0x0000000000000000
core   0: 0x000000008000fec2 (0x00e78023) sb      a4, 0(a5)
core   0: 3 0x000000008000fec2 (0x00e78023) mem 0x0000000080012077 0x00
core   0: 0x000000008000fec6 (0xfc843703) ld      a4, -56(s0)
core   0: 3 0x000000008000fec6 (0xfc843703) x14 0x0000000080012040 mem 0x0000000080031f38
core   0: 0x000000008000feca (0xfb843783) ld      a5, -72(s0)
core   0: 3 0x000000008000feca (0xfb843783) x15 0x000000000000009c mem 0x0000000080031f28
core   0: 0x000000008000fece (0x000097ba) c.add   a5, a4
core   0: 3 0x000000008000fece (0x97ba) x15 0x00000000800120dc
core   0: 0x000000008000fed0 (0xfe043703) ld      a4, -32(s0)
core   0: 3 0x000000008000fed0 (0xfe043703) x14 0x0000000080012078 mem 0x0000000080031f50
core   0: 0x000000008000fed4 (0xfcf76de3) bltu    a4, a5, pc - 38
core   0: 3 0x000000008000fed4 (0xfcf76de3)
core   0: 0x000000008000feae (0xfe043783) ld      a5, -32(s0)
core   0: 3 0x000000008000feae (0xfe043783) x15 0x0000000080012078 mem 0x0000000080031f50
core   0: 0x000000008000feb2 (0x00178713) addi    a4, a5, 1
core   0: 3 0x000000008000feb2 (0x00178713) x14 0x0000000080012079
core   0: 0x000000008000feb6 (0xfee43023) sd      a4, -32(s0)
core   0: 3 0x000000008000feb6 (0xfee43023) mem 0x0000000080031f50 0x0000000080012079
core   0: 0x000000008000feba (0xfc442703) lw      a4, -60(s0)
core   0: 3 0x000000008000feba (0xfc442703) x14 0x0000000000000000 mem 0x0000000080031f34
core   0: 0x000000008000febe (0x0ff77713) andi    a4, a4, 255
core   0: 3 0x000000008000febe (0x0ff77713) x14 0x0000000000000000
core   0: 0x000000008000fec2 (0x00e78023) sb      a4, 0(a5)
core   0: 3 0x000000008000fec2 (0x00e78023) mem 0x0000000080012078 0x00
core   0: 0x000000008000fec6 (0xfc843703) ld      a4, -56(s0)
core   0: 3 0x000000008000fec6 (0xfc843703) x14 0x0000000080012040 mem 0x0000000080031f38
core   0: 0x000000008000feca (0xfb843783) ld      a5, -72(s0)
core   0: 3 0x000000008000feca (0xfb843783) x15 0x000000000000009c mem 0x0000000080031f28
core   0: 0x000000008000fece (0x000097ba) c.add   a5, a4
core   0: 3 0x000000008000fece (0x97ba) x15 0x00000000800120dc
core   0: 0x000000008000fed0 (0xfe043703) ld      a4, -32(s0)
core   0: 3 0x000000008000fed0 (0xfe043703) x14 0x0000000080012079 mem 0x0000000080031f50
core   0: 0x000000008000fed4 (0xfcf76de3) bltu    a4, a5, pc - 38
core   0: 3 0x000000008000fed4 (0xfcf76de3)
core   0: 0x000000008000feae (0xfe043783) ld      a5, -32(s0)
core   0: 3 0x000000008000feae (0xfe043783) x15 0x0000000080012079 mem 0x0000000080031f50
core   0: 0x000000008000feb2 (0x00178713) addi    a4, a5, 1
core   0: 3 0x000000008000feb2 (0x00178713) x14 0x000000008001207a
core   0: 0x000000008000feb6 (0xfee43023) sd      a4, -32(s0)
core   0: 3 0x000000008000feb6 (0xfee43023) mem 0x0000000080031f50 0x000000008001207a
core   0: 0x000000008000feba (0xfc442703) lw      a4, -60(s0)
core   0: 3 0x000000008000feba (0xfc442703) x14 0x0000000000000000 mem 0x0000000080031f34
core   0: 0x000000008000febe (0x0ff77713) andi    a4, a4, 255
core   0: 3 0x000000008000febe (0x0ff77713) x14 0x0000000000000000
core   0: 0x000000008000fec2 (0x00e78023) sb      a4, 0(a5)
core   0: 3 0x000000008000fec2 (0x00e78023) mem 0x0000000080012079 0x00
core   0: 0x000000008000fec6 (0xfc843703) ld      a4, -56(s0)
core   0: 3 0x000000008000fec6 (0xfc843703) x14 0x0000000080012040 mem 0x0000000080031f38
core   0: 0x000000008000feca (0xfb843783) ld      a5, -72(s0)
core   0: 3 0x000000008000feca (0xfb843783) x15 0x000000000000009c mem 0x0000000080031f28
core   0: 0x000000008000fece (0x000097ba) c.add   a5, a4
core   0: 3 0x000000008000fece (0x97ba) x15 0x00000000800120dc
core   0: 0x000000008000fed0 (0xfe043703) ld      a4, -32(s0)
core   0: 3 0x000000008000fed0 (0xfe043703) x14 0x000000008001207a mem 0x0000000080031f50
core   0: 0x000000008000fed4 (0xfcf76de3) bltu    a4, a5, pc - 38
core   0: 3 0x000000008000fed4 (0xfcf76de3)
core   0: 0x000000008000feae (0xfe043783) ld      a5, -32(s0)
core   0: 3 0x000000008000feae (0xfe043783) x15 0x000000008001207a mem 0x0000000080031f50
core   0: 0x000000008000feb2 (0x00178713) addi    a4, a5, 1
core   0: 3 0x000000008000feb2 (0x00178713) x14 0x000000008001207b
core   0: 0x000000008000feb6 (0xfee43023) sd      a4, -32(s0)
core   0: 3 0x000000008000feb6 (0xfee43023) mem 0x0000000080031f50 0x000000008001207b
core   0: 0x000000008000feba (0xfc442703) lw      a4, -60(s0)
core   0: 3 0x000000008000feba (0xfc442703) x14 0x0000000000000000 mem 0x0000000080031f34
core   0: 0x000000008000febe (0x0ff77713) andi    a4, a4, 255
core   0: 3 0x000000008000febe (0x0ff77713) x14 0x0000000000000000
core   0: 0x000000008000fec2 (0x00e78023) sb      a4, 0(a5)
core   0: 3 0x000000008000fec2 (0x00e78023) mem 0x000000008001207a 0x00
core   0: 0x000000008000fec6 (0xfc843703) ld      a4, -56(s0)
core   0: 3 0x000000008000fec6 (0xfc843703) x14 0x0000000080012040 mem 0x0000000080031f38
core   0: 0x000000008000feca (0xfb843783) ld      a5, -72(s0)
core   0: 3 0x000000008000feca (0xfb843783) x15 0x000000000000009c mem 0x0000000080031f28
core   0: 0x000000008000fece (0x000097ba) c.add   a5, a4
core   0: 3 0x000000008000fece (0x97ba) x15 0x00000000800120dc
core   0: 0x000000008000fed0 (0xfe043703) ld      a4, -32(s0)
core   0: 3 0x000000008000fed0 (0xfe043703) x14 0x000000008001207b mem 0x0000000080031f50
core   0: 0x000000008000fed4 (0xfcf76de3) bltu    a4, a5, pc - 38
core   0: 3 0x000000008000fed4 (0xfcf76de3)
core   0: 0x000000008000feae (0xfe043783) ld      a5, -32(s0)
core   0: 3 0x000000008000feae (0xfe043783) x15 0x000000008001207b mem 0x0000000080031f50
core   0: 0x000000008000feb2 (0x00178713) addi    a4, a5, 1
core   0: 3 0x000000008000feb2 (0x00178713) x14 0x000000008001207c
core   0: 0x000000008000feb6 (0xfee43023) sd      a4, -32(s0)
core   0: 3 0x000000008000feb6 (0xfee43023) mem 0x0000000080031f50 0x000000008001207c
core   0: 0x000000008000feba (0xfc442703) lw      a4, -60(s0)
core   0: 3 0x000000008000feba (0xfc442703) x14 0x0000000000000000 mem 0x0000000080031f34
core   0: 0x000000008000febe (0x0ff77713) andi    a4, a4, 255
core   0: 3 0x000000008000febe (0x0ff77713) x14 0x0000000000000000
core   0: 0x000000008000fec2 (0x00e78023) sb      a4, 0(a5)
core   0: 3 0x000000008000fec2 (0x00e78023) mem 0x000000008001207b 0x00
core   0: 0x000000008000fec6 (0xfc843703) ld      a4, -56(s0)
core   0: 3 0x000000008000fec6 (0xfc843703) x14 0x0000000080012040 mem 0x0000000080031f38
core   0: 0x000000008000feca (0xfb843783) ld      a5, -72(s0)
core   0: 3 0x000000008000feca (0xfb843783) x15 0x000000000000009c mem 0x0000000080031f28
core   0: 0x000000008000fece (0x000097ba) c.add   a5, a4
core   0: 3 0x000000008000fece (0x97ba) x15 0x00000000800120dc
core   0: 0x000000008000fed0 (0xfe043703) ld      a4, -32(s0)
core   0: 3 0x000000008000fed0 (0xfe043703) x14 0x000000008001207c mem 0x0000000080031f50
core   0: 0x000000008000fed4 (0xfcf76de3) bltu    a4, a5, pc - 38
core   0: 3 0x000000008000fed4 (0xfcf76de3)
core   0: 0x000000008000feae (0xfe043783) ld      a5, -32(s0)
core   0: 3 0x000000008000feae (0xfe043783) x15 0x000000008001207c mem 0x0000000080031f50
core   0: 0x000000008000feb2 (0x00178713) addi    a4, a5, 1
core   0: 3 0x000000008000feb2 (0x00178713) x14 0x000000008001207d
core   0: 0x000000008000feb6 (0xfee43023) sd      a4, -32(s0)
core   0: 3 0x000000008000feb6 (0xfee43023) mem 0x0000000080031f50 0x000000008001207d
core   0: 0x000000008000feba (0xfc442703) lw      a4, -60(s0)
core   0: 3 0x000000008000feba (0xfc442703) x14 0x0000000000000000 mem 0x0000000080031f34
core   0: 0x000000008000febe (0x0ff77713) andi    a4, a4, 255
core   0: 3 0x000000008000febe (0x0ff77713) x14 0x0000000000000000
core   0: 0x000000008000fec2 (0x00e78023) sb      a4, 0(a5)
core   0: 3 0x000000008000fec2 (0x00e78023) mem 0x000000008001207c 0x00
core   0: 0x000000008000fec6 (0xfc843703) ld      a4, -56(s0)
core   0: 3 0x000000008000fec6 (0xfc843703) x14 0x0000000080012040 mem 0x0000000080031f38
core   0: 0x000000008000feca (0xfb843783) ld      a5, -72(s0)
core   0: 3 0x000000008000feca (0xfb843783) x15 0x000000000000009c mem 0x0000000080031f28
core   0: 0x000000008000fece (0x000097ba) c.add   a5, a4
core   0: 3 0x000000008000fece (0x97ba) x15 0x00000000800120dc
core   0: 0x000000008000fed0 (0xfe043703) ld      a4, -32(s0)
core   0: 3 0x000000008000fed0 (0xfe043703) x14 0x000000008001207d mem 0x0000000080031f50
core   0: 0x000000008000fed4 (0xfcf76de3) bltu    a4, a5, pc - 38
core   0: 3 0x000000008000fed4 (0xfcf76de3)
core   0: 0x000000008000feae (0xfe043783) ld      a5, -32(s0)
core   0: 3 0x000000008000feae (0xfe043783) x15 0x000000008001207d mem 0x0000000080031f50
core   0: 0x000000008000feb2 (0x00178713) addi    a4, a5, 1
core   0: 3 0x000000008000feb2 (0x00178713) x14 0x000000008001207e
core   0: 0x000000008000feb6 (0xfee43023) sd      a4, -32(s0)
core   0: 3 0x000000008000feb6 (0xfee43023) mem 0x0000000080031f50 0x000000008001207e
core   0: 0x000000008000feba (0xfc442703) lw      a4, -60(s0)
core   0: 3 0x000000008000feba (0xfc442703) x14 0x0000000000000000 mem 0x0000000080031f34
core   0: 0x000000008000febe (0x0ff77713) andi    a4, a4, 255
core   0: 3 0x000000008000febe (0x0ff77713) x14 0x0000000000000000
core   0: 0x000000008000fec2 (0x00e78023) sb      a4, 0(a5)
core   0: 3 0x000000008000fec2 (0x00e78023) mem 0x000000008001207d 0x00
core   0: 0x000000008000fec6 (0xfc843703) ld      a4, -56(s0)
core   0: 3 0x000000008000fec6 (0xfc843703) x14 0x0000000080012040 mem 0x0000000080031f38
core   0: 0x000000008000feca (0xfb843783) ld      a5, -72(s0)
core   0: 3 0x000000008000feca (0xfb843783) x15 0x000000000000009c mem 0x0000000080031f28
core   0: 0x000000008000fece (0x000097ba) c.add   a5, a4
core   0: 3 0x000000008000fece (0x97ba) x15 0x00000000800120dc
core   0: 0x000000008000fed0 (0xfe043703) ld      a4, -32(s0)
core   0: 3 0x000000008000fed0 (0xfe043703) x14 0x000000008001207e mem 0x0000000080031f50
core   0: 0x000000008000fed4 (0xfcf76de3) bltu    a4, a5, pc - 38
core   0: 3 0x000000008000fed4 (0xfcf76de3)
core   0: 0x000000008000feae (0xfe043783) ld      a5, -32(s0)
core   0: 3 0x000000008000feae (0xfe043783) x15 0x000000008001207e mem 0x0000000080031f50
core   0: 0x000000008000feb2 (0x00178713) addi    a4, a5, 1
core   0: 3 0x000000008000feb2 (0x00178713) x14 0x000000008001207f
core   0: 0x000000008000feb6 (0xfee43023) sd      a4, -32(s0)
core   0: 3 0x000000008000feb6 (0xfee43023) mem 0x0000000080031f50 0x000000008001207f
core   0: 0x000000008000feba (0xfc442703) lw      a4, -60(s0)
core   0: 3 0x000000008000feba (0xfc442703) x14 0x0000000000000000 mem 0x0000000080031f34
core   0: 0x000000008000febe (0x0ff77713) andi    a4, a4, 255
core   0: 3 0x000000008000febe (0x0ff77713) x14 0x0000000000000000
core   0: 0x000000008000fec2 (0x00e78023) sb      a4, 0(a5)
core   0: 3 0x000000008000fec2 (0x00e78023) mem 0x000000008001207e 0x00
core   0: 0x000000008000fec6 (0xfc843703) ld      a4, -56(s0)
core   0: 3 0x000000008000fec6 (0xfc843703) x14 0x0000000080012040 mem 0x0000000080031f38
core   0: 0x000000008000feca (0xfb843783) ld      a5, -72(s0)
core   0: 3 0x000000008000feca (0xfb843783) x15 0x000000000000009c mem 0x0000000080031f28
core   0: 0x000000008000fece (0x000097ba) c.add   a5, a4
core   0: 3 0x000000008000fece (0x97ba) x15 0x00000000800120dc
core   0: 0x000000008000fed0 (0xfe043703) ld      a4, -32(s0)
core   0: 3 0x000000008000fed0 (0xfe043703) x14 0x000000008001207f mem 0x0000000080031f50
core   0: 0x000000008000fed4 (0xfcf76de3) bltu    a4, a5, pc - 38
core   0: 3 0x000000008000fed4 (0xfcf76de3)
core   0: 0x000000008000feae (0xfe043783) ld      a5, -32(s0)
core   0: 3 0x000000008000feae (0xfe043783) x15 0x000000008001207f mem 0x0000000080031f50
core   0: 0x000000008000feb2 (0x00178713) addi    a4, a5, 1
core   0: 3 0x000000008000feb2 (0x00178713) x14 0x0000000080012080
core   0: 0x000000008000feb6 (0xfee43023) sd      a4, -32(s0)
core   0: 3 0x000000008000feb6 (0xfee43023) mem 0x0000000080031f50 0x0000000080012080
core   0: 0x000000008000feba (0xfc442703) lw      a4, -60(s0)
core   0: 3 0x000000008000feba (0xfc442703) x14 0x0000000000000000 mem 0x0000000080031f34
core   0: 0x000000008000febe (0x0ff77713) andi    a4, a4, 255
core   0: 3 0x000000008000febe (0x0ff77713) x14 0x0000000000000000
core   0: 0x000000008000fec2 (0x00e78023) sb      a4, 0(a5)
core   0: 3 0x000000008000fec2 (0x00e78023) mem 0x000000008001207f 0x00
core   0: 0x000000008000fec6 (0xfc843703) ld      a4, -56(s0)
core   0: 3 0x000000008000fec6 (0xfc843703) x14 0x0000000080012040 mem 0x0000000080031f38
core   0: 0x000000008000feca (0xfb843783) ld      a5, -72(s0)
core   0: 3 0x000000008000feca (0xfb843783) x15 0x000000000000009c mem 0x0000000080031f28
core   0: 0x000000008000fece (0x000097ba) c.add   a5, a4
core   0: 3 0x000000008000fece (0x97ba) x15 0x00000000800120dc
core   0: 0x000000008000fed0 (0xfe043703) ld      a4, -32(s0)
core   0: 3 0x000000008000fed0 (0xfe043703) x14 0x0000000080012080 mem 0x0000000080031f50
core   0: 0x000000008000fed4 (0xfcf76de3) bltu    a4, a5, pc - 38
core   0: 3 0x000000008000fed4 (0xfcf76de3)
core   0: 0x000000008000feae (0xfe043783) ld      a5, -32(s0)
core   0: 3 0x000000008000feae (0xfe043783) x15 0x0000000080012080 mem 0x0000000080031f50
core   0: 0x000000008000feb2 (0x00178713) addi    a4, a5, 1
core   0: 3 0x000000008000feb2 (0x00178713) x14 0x0000000080012081
core   0: 0x000000008000feb6 (0xfee43023) sd      a4, -32(s0)
core   0: 3 0x000000008000feb6 (0xfee43023) mem 0x0000000080031f50 0x0000000080012081
core   0: 0x000000008000feba (0xfc442703) lw      a4, -60(s0)
core   0: 3 0x000000008000feba (0xfc442703) x14 0x0000000000000000 mem 0x0000000080031f34
core   0: 0x000000008000febe (0x0ff77713) andi    a4, a4, 255
core   0: 3 0x000000008000febe (0x0ff77713) x14 0x0000000000000000
core   0: 0x000000008000fec2 (0x00e78023) sb      a4, 0(a5)
core   0: 3 0x000000008000fec2 (0x00e78023) mem 0x0000000080012080 0x00
core   0: 0x000000008000fec6 (0xfc843703) ld      a4, -56(s0)
core   0: 3 0x000000008000fec6 (0xfc843703) x14 0x0000000080012040 mem 0x0000000080031f38
core   0: 0x000000008000feca (0xfb843783) ld      a5, -72(s0)
core   0: 3 0x000000008000feca (0xfb843783) x15 0x000000000000009c mem 0x0000000080031f28
core   0: 0x000000008000fece (0x000097ba) c.add   a5, a4
core   0: 3 0x000000008000fece (0x97ba) x15 0x00000000800120dc
core   0: 0x000000008000fed0 (0xfe043703) ld      a4, -32(s0)
core   0: 3 0x000000008000fed0 (0xfe043703) x14 0x0000000080012081 mem 0x0000000080031f50
core   0: 0x000000008000fed4 (0xfcf76de3) bltu    a4, a5, pc - 38
core   0: 3 0x000000008000fed4 (0xfcf76de3)
core   0: 0x000000008000feae (0xfe043783) ld      a5, -32(s0)
core   0: 3 0x000000008000feae (0xfe043783) x15 0x0000000080012081 mem 0x0000000080031f50
core   0: 0x000000008000feb2 (0x00178713) addi    a4, a5, 1
core   0: 3 0x000000008000feb2 (0x00178713) x14 0x0000000080012082
core   0: 0x000000008000feb6 (0xfee43023) sd      a4, -32(s0)
core   0: 3 0x000000008000feb6 (0xfee43023) mem 0x0000000080031f50 0x0000000080012082
core   0: 0x000000008000feba (0xfc442703) lw      a4, -60(s0)
core   0: 3 0x000000008000feba (0xfc442703) x14 0x0000000000000000 mem 0x0000000080031f34
core   0: 0x000000008000febe (0x0ff77713) andi    a4, a4, 255
core   0: 3 0x000000008000febe (0x0ff77713) x14 0x0000000000000000
core   0: 0x000000008000fec2 (0x00e78023) sb      a4, 0(a5)
core   0: 3 0x000000008000fec2 (0x00e78023) mem 0x0000000080012081 0x00
core   0: 0x000000008000fec6 (0xfc843703) ld      a4, -56(s0)
core   0: 3 0x000000008000fec6 (0xfc843703) x14 0x0000000080012040 mem 0x0000000080031f38
core   0: 0x000000008000feca (0xfb843783) ld      a5, -72(s0)
core   0: 3 0x000000008000feca (0xfb843783) x15 0x000000000000009c mem 0x0000000080031f28
core   0: 0x000000008000fece (0x000097ba) c.add   a5, a4
core   0: 3 0x000000008000fece (0x97ba) x15 0x00000000800120dc
core   0: 0x000000008000fed0 (0xfe043703) ld      a4, -32(s0)
core   0: 3 0x000000008000fed0 (0xfe043703) x14 0x0000000080012082 mem 0x0000000080031f50
core   0: 0x000000008000fed4 (0xfcf76de3) bltu    a4, a5, pc - 38
core   0: 3 0x000000008000fed4 (0xfcf76de3)
core   0: 0x000000008000feae (0xfe043783) ld      a5, -32(s0)
core   0: 3 0x000000008000feae (0xfe043783) x15 0x0000000080012082 mem 0x0000000080031f50
core   0: 0x000000008000feb2 (0x00178713) addi    a4, a5, 1
core   0: 3 0x000000008000feb2 (0x00178713) x14 0x0000000080012083
core   0: 0x000000008000feb6 (0xfee43023) sd      a4, -32(s0)
core   0: 3 0x000000008000feb6 (0xfee43023) mem 0x0000000080031f50 0x0000000080012083
core   0: 0x000000008000feba (0xfc442703) lw      a4, -60(s0)
core   0: 3 0x000000008000feba (0xfc442703) x14 0x0000000000000000 mem 0x0000000080031f34
core   0: 0x000000008000febe (0x0ff77713) andi    a4, a4, 255
core   0: 3 0x000000008000febe (0x0ff77713) x14 0x0000000000000000
core   0: 0x000000008000fec2 (0x00e78023) sb      a4, 0(a5)
core   0: 3 0x000000008000fec2 (0x00e78023) mem 0x0000000080012082 0x00
core   0: 0x000000008000fec6 (0xfc843703) ld      a4, -56(s0)
core   0: 3 0x000000008000fec6 (0xfc843703) x14 0x0000000080012040 mem 0x0000000080031f38
core   0: 0x000000008000feca (0xfb843783) ld      a5, -72(s0)
core   0: 3 0x000000008000feca (0xfb843783) x15 0x000000000000009c mem 0x0000000080031f28
core   0: 0x000000008000fece (0x000097ba) c.add   a5, a4
core   0: 3 0x000000008000fece (0x97ba) x15 0x00000000800120dc
core   0: 0x000000008000fed0 (0xfe043703) ld      a4, -32(s0)
core   0: 3 0x000000008000fed0 (0xfe043703) x14 0x0000000080012083 mem 0x0000000080031f50
core   0: 0x000000008000fed4 (0xfcf76de3) bltu    a4, a5, pc - 38
core   0: 3 0x000000008000fed4 (0xfcf76de3)
core   0: 0x000000008000feae (0xfe043783) ld      a5, -32(s0)
core   0: 3 0x000000008000feae (0xfe043783) x15 0x0000000080012083 mem 0x0000000080031f50
core   0: 0x000000008000feb2 (0x00178713) addi    a4, a5, 1
core   0: 3 0x000000008000feb2 (0x00178713) x14 0x0000000080012084
core   0: 0x000000008000feb6 (0xfee43023) sd      a4, -32(s0)
core   0: 3 0x000000008000feb6 (0xfee43023) mem 0x0000000080031f50 0x0000000080012084
core   0: 0x000000008000feba (0xfc442703) lw      a4, -60(s0)
core   0: 3 0x000000008000feba (0xfc442703) x14 0x0000000000000000 mem 0x0000000080031f34
core   0: 0x000000008000febe (0x0ff77713) andi    a4, a4, 255
core   0: 3 0x000000008000febe (0x0ff77713) x14 0x0000000000000000
core   0: 0x000000008000fec2 (0x00e78023) sb      a4, 0(a5)
core   0: 3 0x000000008000fec2 (0x00e78023) mem 0x0000000080012083 0x00
core   0: 0x000000008000fec6 (0xfc843703) ld      a4, -56(s0)
core   0: 3 0x000000008000fec6 (0xfc843703) x14 0x0000000080012040 mem 0x0000000080031f38
core   0: 0x000000008000feca (0xfb843783) ld      a5, -72(s0)
core   0: 3 0x000000008000feca (0xfb843783) x15 0x000000000000009c mem 0x0000000080031f28
core   0: 0x000000008000fece (0x000097ba) c.add   a5, a4
core   0: 3 0x000000008000fece (0x97ba) x15 0x00000000800120dc
core   0: 0x000000008000fed0 (0xfe043703) ld      a4, -32(s0)
core   0: 3 0x000000008000fed0 (0xfe043703) x14 0x0000000080012084 mem 0x0000000080031f50
core   0: 0x000000008000fed4 (0xfcf76de3) bltu    a4, a5, pc - 38
core   0: 3 0x000000008000fed4 (0xfcf76de3)
core   0: 0x000000008000feae (0xfe043783) ld      a5, -32(s0)
core   0: 3 0x000000008000feae (0xfe043783) x15 0x0000000080012084 mem 0x0000000080031f50
core   0: 0x000000008000feb2 (0x00178713) addi    a4, a5, 1
core   0: 3 0x000000008000feb2 (0x00178713) x14 0x0000000080012085
core   0: 0x000000008000feb6 (0xfee43023) sd      a4, -32(s0)
core   0: 3 0x000000008000feb6 (0xfee43023) mem 0x0000000080031f50 0x0000000080012085
core   0: 0x000000008000feba (0xfc442703) lw      a4, -60(s0)
core   0: 3 0x000000008000feba (0xfc442703) x14 0x0000000000000000 mem 0x0000000080031f34
core   0: 0x000000008000febe (0x0ff77713) andi    a4, a4, 255
core   0: 3 0x000000008000febe (0x0ff77713) x14 0x0000000000000000
core   0: 0x000000008000fec2 (0x00e78023) sb      a4, 0(a5)
core   0: 3 0x000000008000fec2 (0x00e78023) mem 0x0000000080012084 0x00
core   0: 0x000000008000fec6 (0xfc843703) ld      a4, -56(s0)
core   0: 3 0x000000008000fec6 (0xfc843703) x14 0x0000000080012040 mem 0x0000000080031f38
core   0: 0x000000008000feca (0xfb843783) ld      a5, -72(s0)
core   0: 3 0x000000008000feca (0xfb843783) x15 0x000000000000009c mem 0x0000000080031f28
core   0: 0x000000008000fece (0x000097ba) c.add   a5, a4
core   0: 3 0x000000008000fece (0x97ba) x15 0x00000000800120dc
core   0: 0x000000008000fed0 (0xfe043703) ld      a4, -32(s0)
core   0: 3 0x000000008000fed0 (0xfe043703) x14 0x0000000080012085 mem 0x0000000080031f50
core   0: 0x000000008000fed4 (0xfcf76de3) bltu    a4, a5, pc - 38
core   0: 3 0x000000008000fed4 (0xfcf76de3)
core   0: 0x000000008000feae (0xfe043783) ld      a5, -32(s0)
core   0: 3 0x000000008000feae (0xfe043783) x15 0x0000000080012085 mem 0x0000000080031f50
core   0: 0x000000008000feb2 (0x00178713) addi    a4, a5, 1
core   0: 3 0x000000008000feb2 (0x00178713) x14 0x0000000080012086
core   0: 0x000000008000feb6 (0xfee43023) sd      a4, -32(s0)
core   0: 3 0x000000008000feb6 (0xfee43023) mem 0x0000000080031f50 0x0000000080012086
core   0: 0x000000008000feba (0xfc442703) lw      a4, -60(s0)
core   0: 3 0x000000008000feba (0xfc442703) x14 0x0000000000000000 mem 0x0000000080031f34
core   0: 0x000000008000febe (0x0ff77713) andi    a4, a4, 255
core   0: 3 0x000000008000febe (0x0ff77713) x14 0x0000000000000000
core   0: 0x000000008000fec2 (0x00e78023) sb      a4, 0(a5)
core   0: 3 0x000000008000fec2 (0x00e78023) mem 0x0000000080012085 0x00
core   0: 0x000000008000fec6 (0xfc843703) ld      a4, -56(s0)
core   0: 3 0x000000008000fec6 (0xfc843703) x14 0x0000000080012040 mem 0x0000000080031f38
core   0: 0x000000008000feca (0xfb843783) ld      a5, -72(s0)
core   0: 3 0x000000008000feca (0xfb843783) x15 0x000000000000009c mem 0x0000000080031f28
core   0: 0x000000008000fece (0x000097ba) c.add   a5, a4
core   0: 3 0x000000008000fece (0x97ba) x15 0x00000000800120dc
core   0: 0x000000008000fed0 (0xfe043703) ld      a4, -32(s0)
core   0: 3 0x000000008000fed0 (0xfe043703) x14 0x0000000080012086 mem 0x0000000080031f50
core   0: 0x000000008000fed4 (0xfcf76de3) bltu    a4, a5, pc - 38
core   0: 3 0x000000008000fed4 (0xfcf76de3)
core   0: 0x000000008000feae (0xfe043783) ld      a5, -32(s0)
core   0: 3 0x000000008000feae (0xfe043783) x15 0x0000000080012086 mem 0x0000000080031f50
core   0: 0x000000008000feb2 (0x00178713) addi    a4, a5, 1
core   0: 3 0x000000008000feb2 (0x00178713) x14 0x0000000080012087
core   0: 0x000000008000feb6 (0xfee43023) sd      a4, -32(s0)
core   0: 3 0x000000008000feb6 (0xfee43023) mem 0x0000000080031f50 0x0000000080012087
core   0: 0x000000008000feba (0xfc442703) lw      a4, -60(s0)
core   0: 3 0x000000008000feba (0xfc442703) x14 0x0000000000000000 mem 0x0000000080031f34
core   0: 0x000000008000febe (0x0ff77713) andi    a4, a4, 255
core   0: 3 0x000000008000febe (0x0ff77713) x14 0x0000000000000000
core   0: 0x000000008000fec2 (0x00e78023) sb      a4, 0(a5)
core   0: 3 0x000000008000fec2 (0x00e78023) mem 0x0000000080012086 0x00
core   0: 0x000000008000fec6 (0xfc843703) ld      a4, -56(s0)
core   0: 3 0x000000008000fec6 (0xfc843703) x14 0x0000000080012040 mem 0x0000000080031f38
core   0: 0x000000008000feca (0xfb843783) ld      a5, -72(s0)
core   0: 3 0x000000008000feca (0xfb843783) x15 0x000000000000009c mem 0x0000000080031f28
core   0: 0x000000008000fece (0x000097ba) c.add   a5, a4
core   0: 3 0x000000008000fece (0x97ba) x15 0x00000000800120dc
core   0: 0x000000008000fed0 (0xfe043703) ld      a4, -32(s0)
core   0: 3 0x000000008000fed0 (0xfe043703) x14 0x0000000080012087 mem 0x0000000080031f50
core   0: 0x000000008000fed4 (0xfcf76de3) bltu    a4, a5, pc - 38
core   0: 3 0x000000008000fed4 (0xfcf76de3)
core   0: 0x000000008000feae (0xfe043783) ld      a5, -32(s0)
core   0: 3 0x000000008000feae (0xfe043783) x15 0x0000000080012087 mem 0x0000000080031f50
core   0: 0x000000008000feb2 (0x00178713) addi    a4, a5, 1
core   0: 3 0x000000008000feb2 (0x00178713) x14 0x0000000080012088
core   0: 0x000000008000feb6 (0xfee43023) sd      a4, -32(s0)
core   0: 3 0x000000008000feb6 (0xfee43023) mem 0x0000000080031f50 0x0000000080012088
core   0: 0x000000008000feba (0xfc442703) lw      a4, -60(s0)
core   0: 3 0x000000008000feba (0xfc442703) x14 0x0000000000000000 mem 0x0000000080031f34
core   0: 0x000000008000febe (0x0ff77713) andi    a4, a4, 255
core   0: 3 0x000000008000febe (0x0ff77713) x14 0x0000000000000000
core   0: 0x000000008000fec2 (0x00e78023) sb      a4, 0(a5)
core   0: 3 0x000000008000fec2 (0x00e78023) mem 0x0000000080012087 0x00
core   0: 0x000000008000fec6 (0xfc843703) ld      a4, -56(s0)
core   0: 3 0x000000008000fec6 (0xfc843703) x14 0x0000000080012040 mem 0x0000000080031f38
core   0: 0x000000008000feca (0xfb843783) ld      a5, -72(s0)
core   0: 3 0x000000008000feca (0xfb843783) x15 0x000000000000009c mem 0x0000000080031f28
core   0: 0x000000008000fece (0x000097ba) c.add   a5, a4
core   0: 3 0x000000008000fece (0x97ba) x15 0x00000000800120dc
core   0: 0x000000008000fed0 (0xfe043703) ld      a4, -32(s0)
core   0: 3 0x000000008000fed0 (0xfe043703) x14 0x0000000080012088 mem 0x0000000080031f50
core   0: 0x000000008000fed4 (0xfcf76de3) bltu    a4, a5, pc - 38
core   0: 3 0x000000008000fed4 (0xfcf76de3)
core   0: 0x000000008000feae (0xfe043783) ld      a5, -32(s0)
core   0: 3 0x000000008000feae (0xfe043783) x15 0x0000000080012088 mem 0x0000000080031f50
core   0: 0x000000008000feb2 (0x00178713) addi    a4, a5, 1
core   0: 3 0x000000008000feb2 (0x00178713) x14 0x0000000080012089
core   0: 0x000000008000feb6 (0xfee43023) sd      a4, -32(s0)
core   0: 3 0x000000008000feb6 (0xfee43023) mem 0x0000000080031f50 0x0000000080012089
core   0: 0x000000008000feba (0xfc442703) lw      a4, -60(s0)
core   0: 3 0x000000008000feba (0xfc442703) x14 0x0000000000000000 mem 0x0000000080031f34
core   0: 0x000000008000febe (0x0ff77713) andi    a4, a4, 255
core   0: 3 0x000000008000febe (0x0ff77713) x14 0x0000000000000000
core   0: 0x000000008000fec2 (0x00e78023) sb      a4, 0(a5)
core   0: 3 0x000000008000fec2 (0x00e78023) mem 0x0000000080012088 0x00
core   0: 0x000000008000fec6 (0xfc843703) ld      a4, -56(s0)
core   0: 3 0x000000008000fec6 (0xfc843703) x14 0x0000000080012040 mem 0x0000000080031f38
core   0: 0x000000008000feca (0xfb843783) ld      a5, -72(s0)
core   0: 3 0x000000008000feca (0xfb843783) x15 0x000000000000009c mem 0x0000000080031f28
core   0: 0x000000008000fece (0x000097ba) c.add   a5, a4
core   0: 3 0x000000008000fece (0x97ba) x15 0x00000000800120dc
core   0: 0x000000008000fed0 (0xfe043703) ld      a4, -32(s0)
core   0: 3 0x000000008000fed0 (0xfe043703) x14 0x0000000080012089 mem 0x0000000080031f50
core   0: 0x000000008000fed4 (0xfcf76de3) bltu    a4, a5, pc - 38
core   0: 3 0x000000008000fed4 (0xfcf76de3)
core   0: 0x000000008000feae (0xfe043783) ld      a5, -32(s0)
core   0: 3 0x000000008000feae (0xfe043783) x15 0x0000000080012089 mem 0x0000000080031f50
core   0: 0x000000008000feb2 (0x00178713) addi    a4, a5, 1
core   0: 3 0x000000008000feb2 (0x00178713) x14 0x000000008001208a
core   0: 0x000000008000feb6 (0xfee43023) sd      a4, -32(s0)
core   0: 3 0x000000008000feb6 (0xfee43023) mem 0x0000000080031f50 0x000000008001208a
core   0: 0x000000008000feba (0xfc442703) lw      a4, -60(s0)
core   0: 3 0x000000008000feba (0xfc442703) x14 0x0000000000000000 mem 0x0000000080031f34
core   0: 0x000000008000febe (0x0ff77713) andi    a4, a4, 255
core   0: 3 0x000000008000febe (0x0ff77713) x14 0x0000000000000000
core   0: 0x000000008000fec2 (0x00e78023) sb      a4, 0(a5)
core   0: 3 0x000000008000fec2 (0x00e78023) mem 0x0000000080012089 0x00
core   0: 0x000000008000fec6 (0xfc843703) ld      a4, -56(s0)
core   0: 3 0x000000008000fec6 (0xfc843703) x14 0x0000000080012040 mem 0x0000000080031f38
core   0: 0x000000008000feca (0xfb843783) ld      a5, -72(s0)
core   0: 3 0x000000008000feca (0xfb843783) x15 0x000000000000009c mem 0x0000000080031f28
core   0: 0x000000008000fece (0x000097ba) c.add   a5, a4
core   0: 3 0x000000008000fece (0x97ba) x15 0x00000000800120dc
core   0: 0x000000008000fed0 (0xfe043703) ld      a4, -32(s0)
core   0: 3 0x000000008000fed0 (0xfe043703) x14 0x000000008001208a mem 0x0000000080031f50
core   0: 0x000000008000fed4 (0xfcf76de3) bltu    a4, a5, pc - 38
core   0: 3 0x000000008000fed4 (0xfcf76de3)
core   0: 0x000000008000feae (0xfe043783) ld      a5, -32(s0)
core   0: 3 0x000000008000feae (0xfe043783) x15 0x000000008001208a mem 0x0000000080031f50
core   0: 0x000000008000feb2 (0x00178713) addi    a4, a5, 1
core   0: 3 0x000000008000feb2 (0x00178713) x14 0x000000008001208b
core   0: 0x000000008000feb6 (0xfee43023) sd      a4, -32(s0)
core   0: 3 0x000000008000feb6 (0xfee43023) mem 0x0000000080031f50 0x000000008001208b
core   0: 0x000000008000feba (0xfc442703) lw      a4, -60(s0)
core   0: 3 0x000000008000feba (0xfc442703) x14 0x0000000000000000 mem 0x0000000080031f34
core   0: 0x000000008000febe (0x0ff77713) andi    a4, a4, 255
core   0: 3 0x000000008000febe (0x0ff77713) x14 0x0000000000000000
core   0: 0x000000008000fec2 (0x00e78023) sb      a4, 0(a5)
core   0: 3 0x000000008000fec2 (0x00e78023) mem 0x000000008001208a 0x00
core   0: 0x000000008000fec6 (0xfc843703) ld      a4, -56(s0)
core   0: 3 0x000000008000fec6 (0xfc843703) x14 0x0000000080012040 mem 0x0000000080031f38
core   0: 0x000000008000feca (0xfb843783) ld      a5, -72(s0)
core   0: 3 0x000000008000feca (0xfb843783) x15 0x000000000000009c mem 0x0000000080031f28
core   0: 0x000000008000fece (0x000097ba) c.add   a5, a4
core   0: 3 0x000000008000fece (0x97ba) x15 0x00000000800120dc
core   0: 0x000000008000fed0 (0xfe043703) ld      a4, -32(s0)
core   0: 3 0x000000008000fed0 (0xfe043703) x14 0x000000008001208b mem 0x0000000080031f50
core   0: 0x000000008000fed4 (0xfcf76de3) bltu    a4, a5, pc - 38
core   0: 3 0x000000008000fed4 (0xfcf76de3)
core   0: 0x000000008000feae (0xfe043783) ld      a5, -32(s0)
core   0: 3 0x000000008000feae (0xfe043783) x15 0x000000008001208b mem 0x0000000080031f50
core   0: 0x000000008000feb2 (0x00178713) addi    a4, a5, 1
core   0: 3 0x000000008000feb2 (0x00178713) x14 0x000000008001208c
core   0: 0x000000008000feb6 (0xfee43023) sd      a4, -32(s0)
core   0: 3 0x000000008000feb6 (0xfee43023) mem 0x0000000080031f50 0x000000008001208c
core   0: 0x000000008000feba (0xfc442703) lw      a4, -60(s0)
core   0: 3 0x000000008000feba (0xfc442703) x14 0x0000000000000000 mem 0x0000000080031f34
core   0: 0x000000008000febe (0x0ff77713) andi    a4, a4, 255
core   0: 3 0x000000008000febe (0x0ff77713) x14 0x0000000000000000
core   0: 0x000000008000fec2 (0x00e78023) sb      a4, 0(a5)
core   0: 3 0x000000008000fec2 (0x00e78023) mem 0x000000008001208b 0x00
core   0: 0x000000008000fec6 (0xfc843703) ld      a4, -56(s0)
core   0: 3 0x000000008000fec6 (0xfc843703) x14 0x0000000080012040 mem 0x0000000080031f38
core   0: 0x000000008000feca (0xfb843783) ld      a5, -72(s0)
core   0: 3 0x000000008000feca (0xfb843783) x15 0x000000000000009c mem 0x0000000080031f28
core   0: 0x000000008000fece (0x000097ba) c.add   a5, a4
core   0: 3 0x000000008000fece (0x97ba) x15 0x00000000800120dc
core   0: 0x000000008000fed0 (0xfe043703) ld      a4, -32(s0)
core   0: 3 0x000000008000fed0 (0xfe043703) x14 0x000000008001208c mem 0x0000000080031f50
core   0: 0x000000008000fed4 (0xfcf76de3) bltu    a4, a5, pc - 38
core   0: 3 0x000000008000fed4 (0xfcf76de3)
core   0: 0x000000008000feae (0xfe043783) ld      a5, -32(s0)
core   0: 3 0x000000008000feae (0xfe043783) x15 0x000000008001208c mem 0x0000000080031f50
core   0: 0x000000008000feb2 (0x00178713) addi    a4, a5, 1
core   0: 3 0x000000008000feb2 (0x00178713) x14 0x000000008001208d
core   0: 0x000000008000feb6 (0xfee43023) sd      a4, -32(s0)
core   0: 3 0x000000008000feb6 (0xfee43023) mem 0x0000000080031f50 0x000000008001208d
core   0: 0x000000008000feba (0xfc442703) lw      a4, -60(s0)
core   0: 3 0x000000008000feba (0xfc442703) x14 0x0000000000000000 mem 0x0000000080031f34
core   0: 0x000000008000febe (0x0ff77713) andi    a4, a4, 255
core   0: 3 0x000000008000febe (0x0ff77713) x14 0x0000000000000000
core   0: 0x000000008000fec2 (0x00e78023) sb      a4, 0(a5)
core   0: 3 0x000000008000fec2 (0x00e78023) mem 0x000000008001208c 0x00
core   0: 0x000000008000fec6 (0xfc843703) ld      a4, -56(s0)
core   0: 3 0x000000008000fec6 (0xfc843703) x14 0x0000000080012040 mem 0x0000000080031f38
core   0: 0x000000008000feca (0xfb843783) ld      a5, -72(s0)
core   0: 3 0x000000008000feca (0xfb843783) x15 0x000000000000009c mem 0x0000000080031f28
core   0: 0x000000008000fece (0x000097ba) c.add   a5, a4
core   0: 3 0x000000008000fece (0x97ba) x15 0x00000000800120dc
core   0: 0x000000008000fed0 (0xfe043703) ld      a4, -32(s0)
core   0: 3 0x000000008000fed0 (0xfe043703) x14 0x000000008001208d mem 0x0000000080031f50
core   0: 0x000000008000fed4 (0xfcf76de3) bltu    a4, a5, pc - 38
core   0: 3 0x000000008000fed4 (0xfcf76de3)
core   0: 0x000000008000feae (0xfe043783) ld      a5, -32(s0)
core   0: 3 0x000000008000feae (0xfe043783) x15 0x000000008001208d mem 0x0000000080031f50
core   0: 0x000000008000feb2 (0x00178713) addi    a4, a5, 1
core   0: 3 0x000000008000feb2 (0x00178713) x14 0x000000008001208e
core   0: 0x000000008000feb6 (0xfee43023) sd      a4, -32(s0)
core   0: 3 0x000000008000feb6 (0xfee43023) mem 0x0000000080031f50 0x000000008001208e
core   0: 0x000000008000feba (0xfc442703) lw      a4, -60(s0)
core   0: 3 0x000000008000feba (0xfc442703) x14 0x0000000000000000 mem 0x0000000080031f34
core   0: 0x000000008000febe (0x0ff77713) andi    a4, a4, 255
core   0: 3 0x000000008000febe (0x0ff77713) x14 0x0000000000000000
core   0: 0x000000008000fec2 (0x00e78023) sb      a4, 0(a5)
core   0: 3 0x000000008000fec2 (0x00e78023) mem 0x000000008001208d 0x00
core   0: 0x000000008000fec6 (0xfc843703) ld      a4, -56(s0)
core   0: 3 0x000000008000fec6 (0xfc843703) x14 0x0000000080012040 mem 0x0000000080031f38
core   0: 0x000000008000feca (0xfb843783) ld      a5, -72(s0)
core   0: 3 0x000000008000feca (0xfb843783) x15 0x000000000000009c mem 0x0000000080031f28
core   0: 0x000000008000fece (0x000097ba) c.add   a5, a4
core   0: 3 0x000000008000fece (0x97ba) x15 0x00000000800120dc
core   0: 0x000000008000fed0 (0xfe043703) ld      a4, -32(s0)
core   0: 3 0x000000008000fed0 (0xfe043703) x14 0x000000008001208e mem 0x0000000080031f50
core   0: 0x000000008000fed4 (0xfcf76de3) bltu    a4, a5, pc - 38
core   0: 3 0x000000008000fed4 (0xfcf76de3)
core   0: 0x000000008000feae (0xfe043783) ld      a5, -32(s0)
core   0: 3 0x000000008000feae (0xfe043783) x15 0x000000008001208e mem 0x0000000080031f50
core   0: 0x000000008000feb2 (0x00178713) addi    a4, a5, 1
core   0: 3 0x000000008000feb2 (0x00178713) x14 0x000000008001208f
core   0: 0x000000008000feb6 (0xfee43023) sd      a4, -32(s0)
core   0: 3 0x000000008000feb6 (0xfee43023) mem 0x0000000080031f50 0x000000008001208f
core   0: 0x000000008000feba (0xfc442703) lw      a4, -60(s0)
core   0: 3 0x000000008000feba (0xfc442703) x14 0x0000000000000000 mem 0x0000000080031f34
core   0: 0x000000008000febe (0x0ff77713) andi    a4, a4, 255
core   0: 3 0x000000008000febe (0x0ff77713) x14 0x0000000000000000
core   0: 0x000000008000fec2 (0x00e78023) sb      a4, 0(a5)
core   0: 3 0x000000008000fec2 (0x00e78023) mem 0x000000008001208e 0x00
core   0: 0x000000008000fec6 (0xfc843703) ld      a4, -56(s0)
core   0: 3 0x000000008000fec6 (0xfc843703) x14 0x0000000080012040 mem 0x0000000080031f38
core   0: 0x000000008000feca (0xfb843783) ld      a5, -72(s0)
core   0: 3 0x000000008000feca (0xfb843783) x15 0x000000000000009c mem 0x0000000080031f28
core   0: 0x000000008000fece (0x000097ba) c.add   a5, a4
core   0: 3 0x000000008000fece (0x97ba) x15 0x00000000800120dc
core   0: 0x000000008000fed0 (0xfe043703) ld      a4, -32(s0)
core   0: 3 0x000000008000fed0 (0xfe043703) x14 0x000000008001208f mem 0x0000000080031f50
core   0: 0x000000008000fed4 (0xfcf76de3) bltu    a4, a5, pc - 38
core   0: 3 0x000000008000fed4 (0xfcf76de3)
core   0: 0x000000008000feae (0xfe043783) ld      a5, -32(s0)
core   0: 3 0x000000008000feae (0xfe043783) x15 0x000000008001208f mem 0x0000000080031f50
core   0: 0x000000008000feb2 (0x00178713) addi    a4, a5, 1
core   0: 3 0x000000008000feb2 (0x00178713) x14 0x0000000080012090
core   0: 0x000000008000feb6 (0xfee43023) sd      a4, -32(s0)
core   0: 3 0x000000008000feb6 (0xfee43023) mem 0x0000000080031f50 0x0000000080012090
core   0: 0x000000008000feba (0xfc442703) lw      a4, -60(s0)
core   0: 3 0x000000008000feba (0xfc442703) x14 0x0000000000000000 mem 0x0000000080031f34
core   0: 0x000000008000febe (0x0ff77713) andi    a4, a4, 255
core   0: 3 0x000000008000febe (0x0ff77713) x14 0x0000000000000000
core   0: 0x000000008000fec2 (0x00e78023) sb      a4, 0(a5)
core   0: 3 0x000000008000fec2 (0x00e78023) mem 0x000000008001208f 0x00
core   0: 0x000000008000fec6 (0xfc843703) ld      a4, -56(s0)
core   0: 3 0x000000008000fec6 (0xfc843703) x14 0x0000000080012040 mem 0x0000000080031f38
core   0: 0x000000008000feca (0xfb843783) ld      a5, -72(s0)
core   0: 3 0x000000008000feca (0xfb843783) x15 0x000000000000009c mem 0x0000000080031f28
core   0: 0x000000008000fece (0x000097ba) c.add   a5, a4
core   0: 3 0x000000008000fece (0x97ba) x15 0x00000000800120dc
core   0: 0x000000008000fed0 (0xfe043703) ld      a4, -32(s0)
core   0: 3 0x000000008000fed0 (0xfe043703) x14 0x0000000080012090 mem 0x0000000080031f50
core   0: 0x000000008000fed4 (0xfcf76de3) bltu    a4, a5, pc - 38
core   0: 3 0x000000008000fed4 (0xfcf76de3)
core   0: 0x000000008000feae (0xfe043783) ld      a5, -32(s0)
core   0: 3 0x000000008000feae (0xfe043783) x15 0x0000000080012090 mem 0x0000000080031f50
core   0: 0x000000008000feb2 (0x00178713) addi    a4, a5, 1
core   0: 3 0x000000008000feb2 (0x00178713) x14 0x0000000080012091
core   0: 0x000000008000feb6 (0xfee43023) sd      a4, -32(s0)
core   0: 3 0x000000008000feb6 (0xfee43023) mem 0x0000000080031f50 0x0000000080012091
core   0: 0x000000008000feba (0xfc442703) lw      a4, -60(s0)
core   0: 3 0x000000008000feba (0xfc442703) x14 0x0000000000000000 mem 0x0000000080031f34
core   0: 0x000000008000febe (0x0ff77713) andi    a4, a4, 255
core   0: 3 0x000000008000febe (0x0ff77713) x14 0x0000000000000000
core   0: 0x000000008000fec2 (0x00e78023) sb      a4, 0(a5)
core   0: 3 0x000000008000fec2 (0x00e78023) mem 0x0000000080012090 0x00
core   0: 0x000000008000fec6 (0xfc843703) ld      a4, -56(s0)
core   0: 3 0x000000008000fec6 (0xfc843703) x14 0x0000000080012040 mem 0x0000000080031f38
core   0: 0x000000008000feca (0xfb843783) ld      a5, -72(s0)
core   0: 3 0x000000008000feca (0xfb843783) x15 0x000000000000009c mem 0x0000000080031f28
core   0: 0x000000008000fece (0x000097ba) c.add   a5, a4
core   0: 3 0x000000008000fece (0x97ba) x15 0x00000000800120dc
core   0: 0x000000008000fed0 (0xfe043703) ld      a4, -32(s0)
core   0: 3 0x000000008000fed0 (0xfe043703) x14 0x0000000080012091 mem 0x0000000080031f50
core   0: 0x000000008000fed4 (0xfcf76de3) bltu    a4, a5, pc - 38
core   0: 3 0x000000008000fed4 (0xfcf76de3)
core   0: 0x000000008000feae (0xfe043783) ld      a5, -32(s0)
core   0: 3 0x000000008000feae (0xfe043783) x15 0x0000000080012091 mem 0x0000000080031f50
core   0: 0x000000008000feb2 (0x00178713) addi    a4, a5, 1
core   0: 3 0x000000008000feb2 (0x00178713) x14 0x0000000080012092
core   0: 0x000000008000feb6 (0xfee43023) sd      a4, -32(s0)
core   0: 3 0x000000008000feb6 (0xfee43023) mem 0x0000000080031f50 0x0000000080012092
core   0: 0x000000008000feba (0xfc442703) lw      a4, -60(s0)
core   0: 3 0x000000008000feba (0xfc442703) x14 0x0000000000000000 mem 0x0000000080031f34
core   0: 0x000000008000febe (0x0ff77713) andi    a4, a4, 255
core   0: 3 0x000000008000febe (0x0ff77713) x14 0x0000000000000000
core   0: 0x000000008000fec2 (0x00e78023) sb      a4, 0(a5)
core   0: 3 0x000000008000fec2 (0x00e78023) mem 0x0000000080012091 0x00
core   0: 0x000000008000fec6 (0xfc843703) ld      a4, -56(s0)
core   0: 3 0x000000008000fec6 (0xfc843703) x14 0x0000000080012040 mem 0x0000000080031f38
core   0: 0x000000008000feca (0xfb843783) ld      a5, -72(s0)
core   0: 3 0x000000008000feca (0xfb843783) x15 0x000000000000009c mem 0x0000000080031f28
core   0: 0x000000008000fece (0x000097ba) c.add   a5, a4
core   0: 3 0x000000008000fece (0x97ba) x15 0x00000000800120dc
core   0: 0x000000008000fed0 (0xfe043703) ld      a4, -32(s0)
core   0: 3 0x000000008000fed0 (0xfe043703) x14 0x0000000080012092 mem 0x0000000080031f50
core   0: 0x000000008000fed4 (0xfcf76de3) bltu    a4, a5, pc - 38
core   0: 3 0x000000008000fed4 (0xfcf76de3)
core   0: 0x000000008000feae (0xfe043783) ld      a5, -32(s0)
core   0: 3 0x000000008000feae (0xfe043783) x15 0x0000000080012092 mem 0x0000000080031f50
core   0: 0x000000008000feb2 (0x00178713) addi    a4, a5, 1
core   0: 3 0x000000008000feb2 (0x00178713) x14 0x0000000080012093
core   0: 0x000000008000feb6 (0xfee43023) sd      a4, -32(s0)
core   0: 3 0x000000008000feb6 (0xfee43023) mem 0x0000000080031f50 0x0000000080012093
core   0: 0x000000008000feba (0xfc442703) lw      a4, -60(s0)
core   0: 3 0x000000008000feba (0xfc442703) x14 0x0000000000000000 mem 0x0000000080031f34
core   0: 0x000000008000febe (0x0ff77713) andi    a4, a4, 255
core   0: 3 0x000000008000febe (0x0ff77713) x14 0x0000000000000000
core   0: 0x000000008000fec2 (0x00e78023) sb      a4, 0(a5)
core   0: 3 0x000000008000fec2 (0x00e78023) mem 0x0000000080012092 0x00
core   0: 0x000000008000fec6 (0xfc843703) ld      a4, -56(s0)
core   0: 3 0x000000008000fec6 (0xfc843703) x14 0x0000000080012040 mem 0x0000000080031f38
core   0: 0x000000008000feca (0xfb843783) ld      a5, -72(s0)
core   0: 3 0x000000008000feca (0xfb843783) x15 0x000000000000009c mem 0x0000000080031f28
core   0: 0x000000008000fece (0x000097ba) c.add   a5, a4
core   0: 3 0x000000008000fece (0x97ba) x15 0x00000000800120dc
core   0: 0x000000008000fed0 (0xfe043703) ld      a4, -32(s0)
core   0: 3 0x000000008000fed0 (0xfe043703) x14 0x0000000080012093 mem 0x0000000080031f50
core   0: 0x000000008000fed4 (0xfcf76de3) bltu    a4, a5, pc - 38
core   0: 3 0x000000008000fed4 (0xfcf76de3)
core   0: 0x000000008000feae (0xfe043783) ld      a5, -32(s0)
core   0: 3 0x000000008000feae (0xfe043783) x15 0x0000000080012093 mem 0x0000000080031f50
core   0: 0x000000008000feb2 (0x00178713) addi    a4, a5, 1
core   0: 3 0x000000008000feb2 (0x00178713) x14 0x0000000080012094
core   0: 0x000000008000feb6 (0xfee43023) sd      a4, -32(s0)
core   0: 3 0x000000008000feb6 (0xfee43023) mem 0x0000000080031f50 0x0000000080012094
core   0: 0x000000008000feba (0xfc442703) lw      a4, -60(s0)
core   0: 3 0x000000008000feba (0xfc442703) x14 0x0000000000000000 mem 0x0000000080031f34
core   0: 0x000000008000febe (0x0ff77713) andi    a4, a4, 255
core   0: 3 0x000000008000febe (0x0ff77713) x14 0x0000000000000000
core   0: 0x000000008000fec2 (0x00e78023) sb      a4, 0(a5)
core   0: 3 0x000000008000fec2 (0x00e78023) mem 0x0000000080012093 0x00
core   0: 0x000000008000fec6 (0xfc843703) ld      a4, -56(s0)
core   0: 3 0x000000008000fec6 (0xfc843703) x14 0x0000000080012040 mem 0x0000000080031f38
core   0: 0x000000008000feca (0xfb843783) ld      a5, -72(s0)
core   0: 3 0x000000008000feca (0xfb843783) x15 0x000000000000009c mem 0x0000000080031f28
core   0: 0x000000008000fece (0x000097ba) c.add   a5, a4
core   0: 3 0x000000008000fece (0x97ba) x15 0x00000000800120dc
core   0: 0x000000008000fed0 (0xfe043703) ld      a4, -32(s0)
core   0: 3 0x000000008000fed0 (0xfe043703) x14 0x0000000080012094 mem 0x0000000080031f50
core   0: 0x000000008000fed4 (0xfcf76de3) bltu    a4, a5, pc - 38
core   0: 3 0x000000008000fed4 (0xfcf76de3)
core   0: 0x000000008000feae (0xfe043783) ld      a5, -32(s0)
core   0: 3 0x000000008000feae (0xfe043783) x15 0x0000000080012094 mem 0x0000000080031f50
core   0: 0x000000008000feb2 (0x00178713) addi    a4, a5, 1
core   0: 3 0x000000008000feb2 (0x00178713) x14 0x0000000080012095
core   0: 0x000000008000feb6 (0xfee43023) sd      a4, -32(s0)
core   0: 3 0x000000008000feb6 (0xfee43023) mem 0x0000000080031f50 0x0000000080012095
core   0: 0x000000008000feba (0xfc442703) lw      a4, -60(s0)
core   0: 3 0x000000008000feba (0xfc442703) x14 0x0000000000000000 mem 0x0000000080031f34
core   0: 0x000000008000febe (0x0ff77713) andi    a4, a4, 255
core   0: 3 0x000000008000febe (0x0ff77713) x14 0x0000000000000000
core   0: 0x000000008000fec2 (0x00e78023) sb      a4, 0(a5)
core   0: 3 0x000000008000fec2 (0x00e78023) mem 0x0000000080012094 0x00
core   0: 0x000000008000fec6 (0xfc843703) ld      a4, -56(s0)
core   0: 3 0x000000008000fec6 (0xfc843703) x14 0x0000000080012040 mem 0x0000000080031f38
core   0: 0x000000008000feca (0xfb843783) ld      a5, -72(s0)
core   0: 3 0x000000008000feca (0xfb843783) x15 0x000000000000009c mem 0x0000000080031f28
core   0: 0x000000008000fece (0x000097ba) c.add   a5, a4
core   0: 3 0x000000008000fece (0x97ba) x15 0x00000000800120dc
core   0: 0x000000008000fed0 (0xfe043703) ld      a4, -32(s0)
core   0: 3 0x000000008000fed0 (0xfe043703) x14 0x0000000080012095 mem 0x0000000080031f50
core   0: 0x000000008000fed4 (0xfcf76de3) bltu    a4, a5, pc - 38
core   0: 3 0x000000008000fed4 (0xfcf76de3)
core   0: 0x000000008000feae (0xfe043783) ld      a5, -32(s0)
core   0: 3 0x000000008000feae (0xfe043783) x15 0x0000000080012095 mem 0x0000000080031f50
core   0: 0x000000008000feb2 (0x00178713) addi    a4, a5, 1
core   0: 3 0x000000008000feb2 (0x00178713) x14 0x0000000080012096
core   0: 0x000000008000feb6 (0xfee43023) sd      a4, -32(s0)
core   0: 3 0x000000008000feb6 (0xfee43023) mem 0x0000000080031f50 0x0000000080012096
core   0: 0x000000008000feba (0xfc442703) lw      a4, -60(s0)
core   0: 3 0x000000008000feba (0xfc442703) x14 0x0000000000000000 mem 0x0000000080031f34
core   0: 0x000000008000febe (0x0ff77713) andi    a4, a4, 255
core   0: 3 0x000000008000febe (0x0ff77713) x14 0x0000000000000000
core   0: 0x000000008000fec2 (0x00e78023) sb      a4, 0(a5)
core   0: 3 0x000000008000fec2 (0x00e78023) mem 0x0000000080012095 0x00
core   0: 0x000000008000fec6 (0xfc843703) ld      a4, -56(s0)
core   0: 3 0x000000008000fec6 (0xfc843703) x14 0x0000000080012040 mem 0x0000000080031f38
core   0: 0x000000008000feca (0xfb843783) ld      a5, -72(s0)
core   0: 3 0x000000008000feca (0xfb843783) x15 0x000000000000009c mem 0x0000000080031f28
core   0: 0x000000008000fece (0x000097ba) c.add   a5, a4
core   0: 3 0x000000008000fece (0x97ba) x15 0x00000000800120dc
core   0: 0x000000008000fed0 (0xfe043703) ld      a4, -32(s0)
core   0: 3 0x000000008000fed0 (0xfe043703) x14 0x0000000080012096 mem 0x0000000080031f50
core   0: 0x000000008000fed4 (0xfcf76de3) bltu    a4, a5, pc - 38
core   0: 3 0x000000008000fed4 (0xfcf76de3)
core   0: 0x000000008000feae (0xfe043783) ld      a5, -32(s0)
core   0: 3 0x000000008000feae (0xfe043783) x15 0x0000000080012096 mem 0x0000000080031f50
core   0: 0x000000008000feb2 (0x00178713) addi    a4, a5, 1
core   0: 3 0x000000008000feb2 (0x00178713) x14 0x0000000080012097
core   0: 0x000000008000feb6 (0xfee43023) sd      a4, -32(s0)
core   0: 3 0x000000008000feb6 (0xfee43023) mem 0x0000000080031f50 0x0000000080012097
core   0: 0x000000008000feba (0xfc442703) lw      a4, -60(s0)
core   0: 3 0x000000008000feba (0xfc442703) x14 0x0000000000000000 mem 0x0000000080031f34
core   0: 0x000000008000febe (0x0ff77713) andi    a4, a4, 255
core   0: 3 0x000000008000febe (0x0ff77713) x14 0x0000000000000000
core   0: 0x000000008000fec2 (0x00e78023) sb      a4, 0(a5)
core   0: 3 0x000000008000fec2 (0x00e78023) mem 0x0000000080012096 0x00
core   0: 0x000000008000fec6 (0xfc843703) ld      a4, -56(s0)
core   0: 3 0x000000008000fec6 (0xfc843703) x14 0x0000000080012040 mem 0x0000000080031f38
core   0: 0x000000008000feca (0xfb843783) ld      a5, -72(s0)
core   0: 3 0x000000008000feca (0xfb843783) x15 0x000000000000009c mem 0x0000000080031f28
core   0: 0x000000008000fece (0x000097ba) c.add   a5, a4
core   0: 3 0x000000008000fece (0x97ba) x15 0x00000000800120dc
core   0: 0x000000008000fed0 (0xfe043703) ld      a4, -32(s0)
core   0: 3 0x000000008000fed0 (0xfe043703) x14 0x0000000080012097 mem 0x0000000080031f50
core   0: 0x000000008000fed4 (0xfcf76de3) bltu    a4, a5, pc - 38
core   0: 3 0x000000008000fed4 (0xfcf76de3)
core   0: 0x000000008000feae (0xfe043783) ld      a5, -32(s0)
core   0: 3 0x000000008000feae (0xfe043783) x15 0x0000000080012097 mem 0x0000000080031f50
core   0: 0x000000008000feb2 (0x00178713) addi    a4, a5, 1
core   0: 3 0x000000008000feb2 (0x00178713) x14 0x0000000080012098
core   0: 0x000000008000feb6 (0xfee43023) sd      a4, -32(s0)
core   0: 3 0x000000008000feb6 (0xfee43023) mem 0x0000000080031f50 0x0000000080012098
core   0: 0x000000008000feba (0xfc442703) lw      a4, -60(s0)
core   0: 3 0x000000008000feba (0xfc442703) x14 0x0000000000000000 mem 0x0000000080031f34
core   0: 0x000000008000febe (0x0ff77713) andi    a4, a4, 255
core   0: 3 0x000000008000febe (0x0ff77713) x14 0x0000000000000000
core   0: 0x000000008000fec2 (0x00e78023) sb      a4, 0(a5)
core   0: 3 0x000000008000fec2 (0x00e78023) mem 0x0000000080012097 0x00
core   0: 0x000000008000fec6 (0xfc843703) ld      a4, -56(s0)
core   0: 3 0x000000008000fec6 (0xfc843703) x14 0x0000000080012040 mem 0x0000000080031f38
core   0: 0x000000008000feca (0xfb843783) ld      a5, -72(s0)
core   0: 3 0x000000008000feca (0xfb843783) x15 0x000000000000009c mem 0x0000000080031f28
core   0: 0x000000008000fece (0x000097ba) c.add   a5, a4
core   0: 3 0x000000008000fece (0x97ba) x15 0x00000000800120dc
core   0: 0x000000008000fed0 (0xfe043703) ld      a4, -32(s0)
core   0: 3 0x000000008000fed0 (0xfe043703) x14 0x0000000080012098 mem 0x0000000080031f50
core   0: 0x000000008000fed4 (0xfcf76de3) bltu    a4, a5, pc - 38
core   0: 3 0x000000008000fed4 (0xfcf76de3)
core   0: 0x000000008000feae (0xfe043783) ld      a5, -32(s0)
core   0: 3 0x000000008000feae (0xfe043783) x15 0x0000000080012098 mem 0x0000000080031f50
core   0: 0x000000008000feb2 (0x00178713) addi    a4, a5, 1
core   0: 3 0x000000008000feb2 (0x00178713) x14 0x0000000080012099
core   0: 0x000000008000feb6 (0xfee43023) sd      a4, -32(s0)
core   0: 3 0x000000008000feb6 (0xfee43023) mem 0x0000000080031f50 0x0000000080012099
core   0: 0x000000008000feba (0xfc442703) lw      a4, -60(s0)
core   0: 3 0x000000008000feba (0xfc442703) x14 0x0000000000000000 mem 0x0000000080031f34
core   0: 0x000000008000febe (0x0ff77713) andi    a4, a4, 255
core   0: 3 0x000000008000febe (0x0ff77713) x14 0x0000000000000000
core   0: 0x000000008000fec2 (0x00e78023) sb      a4, 0(a5)
core   0: 3 0x000000008000fec2 (0x00e78023) mem 0x0000000080012098 0x00
core   0: 0x000000008000fec6 (0xfc843703) ld      a4, -56(s0)
core   0: 3 0x000000008000fec6 (0xfc843703) x14 0x0000000080012040 mem 0x0000000080031f38
core   0: 0x000000008000feca (0xfb843783) ld      a5, -72(s0)
core   0: 3 0x000000008000feca (0xfb843783) x15 0x000000000000009c mem 0x0000000080031f28
core   0: 0x000000008000fece (0x000097ba) c.add   a5, a4
core   0: 3 0x000000008000fece (0x97ba) x15 0x00000000800120dc
core   0: 0x000000008000fed0 (0xfe043703) ld      a4, -32(s0)
core   0: 3 0x000000008000fed0 (0xfe043703) x14 0x0000000080012099 mem 0x0000000080031f50
core   0: 0x000000008000fed4 (0xfcf76de3) bltu    a4, a5, pc - 38
core   0: 3 0x000000008000fed4 (0xfcf76de3)
core   0: 0x000000008000feae (0xfe043783) ld      a5, -32(s0)
core   0: 3 0x000000008000feae (0xfe043783) x15 0x0000000080012099 mem 0x0000000080031f50
core   0: 0x000000008000feb2 (0x00178713) addi    a4, a5, 1
core   0: 3 0x000000008000feb2 (0x00178713) x14 0x000000008001209a
core   0: 0x000000008000feb6 (0xfee43023) sd      a4, -32(s0)
core   0: 3 0x000000008000feb6 (0xfee43023) mem 0x0000000080031f50 0x000000008001209a
core   0: 0x000000008000feba (0xfc442703) lw      a4, -60(s0)
core   0: 3 0x000000008000feba (0xfc442703) x14 0x0000000000000000 mem 0x0000000080031f34
core   0: 0x000000008000febe (0x0ff77713) andi    a4, a4, 255
core   0: 3 0x000000008000febe (0x0ff77713) x14 0x0000000000000000
core   0: 0x000000008000fec2 (0x00e78023) sb      a4, 0(a5)
core   0: 3 0x000000008000fec2 (0x00e78023) mem 0x0000000080012099 0x00
core   0: 0x000000008000fec6 (0xfc843703) ld      a4, -56(s0)
core   0: 3 0x000000008000fec6 (0xfc843703) x14 0x0000000080012040 mem 0x0000000080031f38
core   0: 0x000000008000feca (0xfb843783) ld      a5, -72(s0)
core   0: 3 0x000000008000feca (0xfb843783) x15 0x000000000000009c mem 0x0000000080031f28
core   0: 0x000000008000fece (0x000097ba) c.add   a5, a4
core   0: 3 0x000000008000fece (0x97ba) x15 0x00000000800120dc
core   0: 0x000000008000fed0 (0xfe043703) ld      a4, -32(s0)
core   0: 3 0x000000008000fed0 (0xfe043703) x14 0x000000008001209a mem 0x0000000080031f50
core   0: 0x000000008000fed4 (0xfcf76de3) bltu    a4, a5, pc - 38
core   0: 3 0x000000008000fed4 (0xfcf76de3)
core   0: 0x000000008000feae (0xfe043783) ld      a5, -32(s0)
core   0: 3 0x000000008000feae (0xfe043783) x15 0x000000008001209a mem 0x0000000080031f50
core   0: 0x000000008000feb2 (0x00178713) addi    a4, a5, 1
core   0: 3 0x000000008000feb2 (0x00178713) x14 0x000000008001209b
core   0: 0x000000008000feb6 (0xfee43023) sd      a4, -32(s0)
core   0: 3 0x000000008000feb6 (0xfee43023) mem 0x0000000080031f50 0x000000008001209b
core   0: 0x000000008000feba (0xfc442703) lw      a4, -60(s0)
core   0: 3 0x000000008000feba (0xfc442703) x14 0x0000000000000000 mem 0x0000000080031f34
core   0: 0x000000008000febe (0x0ff77713) andi    a4, a4, 255
core   0: 3 0x000000008000febe (0x0ff77713) x14 0x0000000000000000
core   0: 0x000000008000fec2 (0x00e78023) sb      a4, 0(a5)
core   0: 3 0x000000008000fec2 (0x00e78023) mem 0x000000008001209a 0x00
core   0: 0x000000008000fec6 (0xfc843703) ld      a4, -56(s0)
core   0: 3 0x000000008000fec6 (0xfc843703) x14 0x0000000080012040 mem 0x0000000080031f38
core   0: 0x000000008000feca (0xfb843783) ld      a5, -72(s0)
core   0: 3 0x000000008000feca (0xfb843783) x15 0x000000000000009c mem 0x0000000080031f28
core   0: 0x000000008000fece (0x000097ba) c.add   a5, a4
core   0: 3 0x000000008000fece (0x97ba) x15 0x00000000800120dc
core   0: 0x000000008000fed0 (0xfe043703) ld      a4, -32(s0)
core   0: 3 0x000000008000fed0 (0xfe043703) x14 0x000000008001209b mem 0x0000000080031f50
core   0: 0x000000008000fed4 (0xfcf76de3) bltu    a4, a5, pc - 38
core   0: 3 0x000000008000fed4 (0xfcf76de3)
core   0: 0x000000008000feae (0xfe043783) ld      a5, -32(s0)
core   0: 3 0x000000008000feae (0xfe043783) x15 0x000000008001209b mem 0x0000000080031f50
core   0: 0x000000008000feb2 (0x00178713) addi    a4, a5, 1
core   0: 3 0x000000008000feb2 (0x00178713) x14 0x000000008001209c
core   0: 0x000000008000feb6 (0xfee43023) sd      a4, -32(s0)
core   0: 3 0x000000008000feb6 (0xfee43023) mem 0x0000000080031f50 0x000000008001209c
core   0: 0x000000008000feba (0xfc442703) lw      a4, -60(s0)
core   0: 3 0x000000008000feba (0xfc442703) x14 0x0000000000000000 mem 0x0000000080031f34
core   0: 0x000000008000febe (0x0ff77713) andi    a4, a4, 255
core   0: 3 0x000000008000febe (0x0ff77713) x14 0x0000000000000000
core   0: 0x000000008000fec2 (0x00e78023) sb      a4, 0(a5)
core   0: 3 0x000000008000fec2 (0x00e78023) mem 0x000000008001209b 0x00
core   0: 0x000000008000fec6 (0xfc843703) ld      a4, -56(s0)
core   0: 3 0x000000008000fec6 (0xfc843703) x14 0x0000000080012040 mem 0x0000000080031f38
core   0: 0x000000008000feca (0xfb843783) ld      a5, -72(s0)
core   0: 3 0x000000008000feca (0xfb843783) x15 0x000000000000009c mem 0x0000000080031f28
core   0: 0x000000008000fece (0x000097ba) c.add   a5, a4
core   0: 3 0x000000008000fece (0x97ba) x15 0x00000000800120dc
core   0: 0x000000008000fed0 (0xfe043703) ld      a4, -32(s0)
core   0: 3 0x000000008000fed0 (0xfe043703) x14 0x000000008001209c mem 0x0000000080031f50
core   0: 0x000000008000fed4 (0xfcf76de3) bltu    a4, a5, pc - 38
core   0: 3 0x000000008000fed4 (0xfcf76de3)
core   0: 0x000000008000feae (0xfe043783) ld      a5, -32(s0)
core   0: 3 0x000000008000feae (0xfe043783) x15 0x000000008001209c mem 0x0000000080031f50
core   0: 0x000000008000feb2 (0x00178713) addi    a4, a5, 1
core   0: 3 0x000000008000feb2 (0x00178713) x14 0x000000008001209d
core   0: 0x000000008000feb6 (0xfee43023) sd      a4, -32(s0)
core   0: 3 0x000000008000feb6 (0xfee43023) mem 0x0000000080031f50 0x000000008001209d
core   0: 0x000000008000feba (0xfc442703) lw      a4, -60(s0)
core   0: 3 0x000000008000feba (0xfc442703) x14 0x0000000000000000 mem 0x0000000080031f34
core   0: 0x000000008000febe (0x0ff77713) andi    a4, a4, 255
core   0: 3 0x000000008000febe (0x0ff77713) x14 0x0000000000000000
core   0: 0x000000008000fec2 (0x00e78023) sb      a4, 0(a5)
core   0: 3 0x000000008000fec2 (0x00e78023) mem 0x000000008001209c 0x00
core   0: 0x000000008000fec6 (0xfc843703) ld      a4, -56(s0)
core   0: 3 0x000000008000fec6 (0xfc843703) x14 0x0000000080012040 mem 0x0000000080031f38
core   0: 0x000000008000feca (0xfb843783) ld      a5, -72(s0)
core   0: 3 0x000000008000feca (0xfb843783) x15 0x000000000000009c mem 0x0000000080031f28
core   0: 0x000000008000fece (0x000097ba) c.add   a5, a4
core   0: 3 0x000000008000fece (0x97ba) x15 0x00000000800120dc
core   0: 0x000000008000fed0 (0xfe043703) ld      a4, -32(s0)
core   0: 3 0x000000008000fed0 (0xfe043703) x14 0x000000008001209d mem 0x0000000080031f50
core   0: 0x000000008000fed4 (0xfcf76de3) bltu    a4, a5, pc - 38
core   0: 3 0x000000008000fed4 (0xfcf76de3)
core   0: 0x000000008000feae (0xfe043783) ld      a5, -32(s0)
core   0: 3 0x000000008000feae (0xfe043783) x15 0x000000008001209d mem 0x0000000080031f50
core   0: 0x000000008000feb2 (0x00178713) addi    a4, a5, 1
core   0: 3 0x000000008000feb2 (0x00178713) x14 0x000000008001209e
core   0: 0x000000008000feb6 (0xfee43023) sd      a4, -32(s0)
core   0: 3 0x000000008000feb6 (0xfee43023) mem 0x0000000080031f50 0x000000008001209e
core   0: 0x000000008000feba (0xfc442703) lw      a4, -60(s0)
core   0: 3 0x000000008000feba (0xfc442703) x14 0x0000000000000000 mem 0x0000000080031f34
core   0: 0x000000008000febe (0x0ff77713) andi    a4, a4, 255
core   0: 3 0x000000008000febe (0x0ff77713) x14 0x0000000000000000
core   0: 0x000000008000fec2 (0x00e78023) sb      a4, 0(a5)
core   0: 3 0x000000008000fec2 (0x00e78023) mem 0x000000008001209d 0x00
core   0: 0x000000008000fec6 (0xfc843703) ld      a4, -56(s0)
core   0: 3 0x000000008000fec6 (0xfc843703) x14 0x0000000080012040 mem 0x0000000080031f38
core   0: 0x000000008000feca (0xfb843783) ld      a5, -72(s0)
core   0: 3 0x000000008000feca (0xfb843783) x15 0x000000000000009c mem 0x0000000080031f28
core   0: 0x000000008000fece (0x000097ba) c.add   a5, a4
core   0: 3 0x000000008000fece (0x97ba) x15 0x00000000800120dc
core   0: 0x000000008000fed0 (0xfe043703) ld      a4, -32(s0)
core   0: 3 0x000000008000fed0 (0xfe043703) x14 0x000000008001209e mem 0x0000000080031f50
core   0: 0x000000008000fed4 (0xfcf76de3) bltu    a4, a5, pc - 38
core   0: 3 0x000000008000fed4 (0xfcf76de3)
core   0: 0x000000008000feae (0xfe043783) ld      a5, -32(s0)
core   0: 3 0x000000008000feae (0xfe043783) x15 0x000000008001209e mem 0x0000000080031f50
core   0: 0x000000008000feb2 (0x00178713) addi    a4, a5, 1
core   0: 3 0x000000008000feb2 (0x00178713) x14 0x000000008001209f
core   0: 0x000000008000feb6 (0xfee43023) sd      a4, -32(s0)
core   0: 3 0x000000008000feb6 (0xfee43023) mem 0x0000000080031f50 0x000000008001209f
core   0: 0x000000008000feba (0xfc442703) lw      a4, -60(s0)
core   0: 3 0x000000008000feba (0xfc442703) x14 0x0000000000000000 mem 0x0000000080031f34
core   0: 0x000000008000febe (0x0ff77713) andi    a4, a4, 255
core   0: 3 0x000000008000febe (0x0ff77713) x14 0x0000000000000000
core   0: 0x000000008000fec2 (0x00e78023) sb      a4, 0(a5)
core   0: 3 0x000000008000fec2 (0x00e78023) mem 0x000000008001209e 0x00
core   0: 0x000000008000fec6 (0xfc843703) ld      a4, -56(s0)
core   0: 3 0x000000008000fec6 (0xfc843703) x14 0x0000000080012040 mem 0x0000000080031f38
core   0: 0x000000008000feca (0xfb843783) ld      a5, -72(s0)
core   0: 3 0x000000008000feca (0xfb843783) x15 0x000000000000009c mem 0x0000000080031f28
core   0: 0x000000008000fece (0x000097ba) c.add   a5, a4
core   0: 3 0x000000008000fece (0x97ba) x15 0x00000000800120dc
core   0: 0x000000008000fed0 (0xfe043703) ld      a4, -32(s0)
core   0: 3 0x000000008000fed0 (0xfe043703) x14 0x000000008001209f mem 0x0000000080031f50
core   0: 0x000000008000fed4 (0xfcf76de3) bltu    a4, a5, pc - 38
core   0: 3 0x000000008000fed4 (0xfcf76de3)
core   0: 0x000000008000feae (0xfe043783) ld      a5, -32(s0)
core   0: 3 0x000000008000feae (0xfe043783) x15 0x000000008001209f mem 0x0000000080031f50
core   0: 0x000000008000feb2 (0x00178713) addi    a4, a5, 1
core   0: 3 0x000000008000feb2 (0x00178713) x14 0x00000000800120a0
core   0: 0x000000008000feb6 (0xfee43023) sd      a4, -32(s0)
core   0: 3 0x000000008000feb6 (0xfee43023) mem 0x0000000080031f50 0x00000000800120a0
core   0: 0x000000008000feba (0xfc442703) lw      a4, -60(s0)
core   0: 3 0x000000008000feba (0xfc442703) x14 0x0000000000000000 mem 0x0000000080031f34
core   0: 0x000000008000febe (0x0ff77713) andi    a4, a4, 255
core   0: 3 0x000000008000febe (0x0ff77713) x14 0x0000000000000000
core   0: 0x000000008000fec2 (0x00e78023) sb      a4, 0(a5)
core   0: 3 0x000000008000fec2 (0x00e78023) mem 0x000000008001209f 0x00
core   0: 0x000000008000fec6 (0xfc843703) ld      a4, -56(s0)
core   0: 3 0x000000008000fec6 (0xfc843703) x14 0x0000000080012040 mem 0x0000000080031f38
core   0: 0x000000008000feca (0xfb843783) ld      a5, -72(s0)
core   0: 3 0x000000008000feca (0xfb843783) x15 0x000000000000009c mem 0x0000000080031f28
core   0: 0x000000008000fece (0x000097ba) c.add   a5, a4
core   0: 3 0x000000008000fece (0x97ba) x15 0x00000000800120dc
core   0: 0x000000008000fed0 (0xfe043703) ld      a4, -32(s0)
core   0: 3 0x000000008000fed0 (0xfe043703) x14 0x00000000800120a0 mem 0x0000000080031f50
core   0: 0x000000008000fed4 (0xfcf76de3) bltu    a4, a5, pc - 38
core   0: 3 0x000000008000fed4 (0xfcf76de3)
core   0: 0x000000008000feae (0xfe043783) ld      a5, -32(s0)
core   0: 3 0x000000008000feae (0xfe043783) x15 0x00000000800120a0 mem 0x0000000080031f50
core   0: 0x000000008000feb2 (0x00178713) addi    a4, a5, 1
core   0: 3 0x000000008000feb2 (0x00178713) x14 0x00000000800120a1
core   0: 0x000000008000feb6 (0xfee43023) sd      a4, -32(s0)
core   0: 3 0x000000008000feb6 (0xfee43023) mem 0x0000000080031f50 0x00000000800120a1
core   0: 0x000000008000feba (0xfc442703) lw      a4, -60(s0)
core   0: 3 0x000000008000feba (0xfc442703) x14 0x0000000000000000 mem 0x0000000080031f34
core   0: 0x000000008000febe (0x0ff77713) andi    a4, a4, 255
core   0: 3 0x000000008000febe (0x0ff77713) x14 0x0000000000000000
core   0: 0x000000008000fec2 (0x00e78023) sb      a4, 0(a5)
core   0: 3 0x000000008000fec2 (0x00e78023) mem 0x00000000800120a0 0x00
core   0: 0x000000008000fec6 (0xfc843703) ld      a4, -56(s0)
core   0: 3 0x000000008000fec6 (0xfc843703) x14 0x0000000080012040 mem 0x0000000080031f38
core   0: 0x000000008000feca (0xfb843783) ld      a5, -72(s0)
core   0: 3 0x000000008000feca (0xfb843783) x15 0x000000000000009c mem 0x0000000080031f28
core   0: 0x000000008000fece (0x000097ba) c.add   a5, a4
core   0: 3 0x000000008000fece (0x97ba) x15 0x00000000800120dc
core   0: 0x000000008000fed0 (0xfe043703) ld      a4, -32(s0)
core   0: 3 0x000000008000fed0 (0xfe043703) x14 0x00000000800120a1 mem 0x0000000080031f50
core   0: 0x000000008000fed4 (0xfcf76de3) bltu    a4, a5, pc - 38
core   0: 3 0x000000008000fed4 (0xfcf76de3)
core   0: 0x000000008000feae (0xfe043783) ld      a5, -32(s0)
core   0: 3 0x000000008000feae (0xfe043783) x15 0x00000000800120a1 mem 0x0000000080031f50
core   0: 0x000000008000feb2 (0x00178713) addi    a4, a5, 1
core   0: 3 0x000000008000feb2 (0x00178713) x14 0x00000000800120a2
core   0: 0x000000008000feb6 (0xfee43023) sd      a4, -32(s0)
core   0: 3 0x000000008000feb6 (0xfee43023) mem 0x0000000080031f50 0x00000000800120a2
core   0: 0x000000008000feba (0xfc442703) lw      a4, -60(s0)
core   0: 3 0x000000008000feba (0xfc442703) x14 0x0000000000000000 mem 0x0000000080031f34
core   0: 0x000000008000febe (0x0ff77713) andi    a4, a4, 255
core   0: 3 0x000000008000febe (0x0ff77713) x14 0x0000000000000000
core   0: 0x000000008000fec2 (0x00e78023) sb      a4, 0(a5)
core   0: 3 0x000000008000fec2 (0x00e78023) mem 0x00000000800120a1 0x00
core   0: 0x000000008000fec6 (0xfc843703) ld      a4, -56(s0)
core   0: 3 0x000000008000fec6 (0xfc843703) x14 0x0000000080012040 mem 0x0000000080031f38
core   0: 0x000000008000feca (0xfb843783) ld      a5, -72(s0)
core   0: 3 0x000000008000feca (0xfb843783) x15 0x000000000000009c mem 0x0000000080031f28
core   0: 0x000000008000fece (0x000097ba) c.add   a5, a4
core   0: 3 0x000000008000fece (0x97ba) x15 0x00000000800120dc
core   0: 0x000000008000fed0 (0xfe043703) ld      a4, -32(s0)
core   0: 3 0x000000008000fed0 (0xfe043703) x14 0x00000000800120a2 mem 0x0000000080031f50
core   0: 0x000000008000fed4 (0xfcf76de3) bltu    a4, a5, pc - 38
core   0: 3 0x000000008000fed4 (0xfcf76de3)
core   0: 0x000000008000feae (0xfe043783) ld      a5, -32(s0)
core   0: 3 0x000000008000feae (0xfe043783) x15 0x00000000800120a2 mem 0x0000000080031f50
core   0: 0x000000008000feb2 (0x00178713) addi    a4, a5, 1
core   0: 3 0x000000008000feb2 (0x00178713) x14 0x00000000800120a3
core   0: 0x000000008000feb6 (0xfee43023) sd      a4, -32(s0)
core   0: 3 0x000000008000feb6 (0xfee43023) mem 0x0000000080031f50 0x00000000800120a3
core   0: 0x000000008000feba (0xfc442703) lw      a4, -60(s0)
core   0: 3 0x000000008000feba (0xfc442703) x14 0x0000000000000000 mem 0x0000000080031f34
core   0: 0x000000008000febe (0x0ff77713) andi    a4, a4, 255
core   0: 3 0x000000008000febe (0x0ff77713) x14 0x0000000000000000
core   0: 0x000000008000fec2 (0x00e78023) sb      a4, 0(a5)
core   0: 3 0x000000008000fec2 (0x00e78023) mem 0x00000000800120a2 0x00
core   0: 0x000000008000fec6 (0xfc843703) ld      a4, -56(s0)
core   0: 3 0x000000008000fec6 (0xfc843703) x14 0x0000000080012040 mem 0x0000000080031f38
core   0: 0x000000008000feca (0xfb843783) ld      a5, -72(s0)
core   0: 3 0x000000008000feca (0xfb843783) x15 0x000000000000009c mem 0x0000000080031f28
core   0: 0x000000008000fece (0x000097ba) c.add   a5, a4
core   0: 3 0x000000008000fece (0x97ba) x15 0x00000000800120dc
core   0: 0x000000008000fed0 (0xfe043703) ld      a4, -32(s0)
core   0: 3 0x000000008000fed0 (0xfe043703) x14 0x00000000800120a3 mem 0x0000000080031f50
core   0: 0x000000008000fed4 (0xfcf76de3) bltu    a4, a5, pc - 38
core   0: 3 0x000000008000fed4 (0xfcf76de3)
core   0: 0x000000008000feae (0xfe043783) ld      a5, -32(s0)
core   0: 3 0x000000008000feae (0xfe043783) x15 0x00000000800120a3 mem 0x0000000080031f50
core   0: 0x000000008000feb2 (0x00178713) addi    a4, a5, 1
core   0: 3 0x000000008000feb2 (0x00178713) x14 0x00000000800120a4
core   0: 0x000000008000feb6 (0xfee43023) sd      a4, -32(s0)
core   0: 3 0x000000008000feb6 (0xfee43023) mem 0x0000000080031f50 0x00000000800120a4
core   0: 0x000000008000feba (0xfc442703) lw      a4, -60(s0)
core   0: 3 0x000000008000feba (0xfc442703) x14 0x0000000000000000 mem 0x0000000080031f34
core   0: 0x000000008000febe (0x0ff77713) andi    a4, a4, 255
core   0: 3 0x000000008000febe (0x0ff77713) x14 0x0000000000000000
core   0: 0x000000008000fec2 (0x00e78023) sb      a4, 0(a5)
core   0: 3 0x000000008000fec2 (0x00e78023) mem 0x00000000800120a3 0x00
core   0: 0x000000008000fec6 (0xfc843703) ld      a4, -56(s0)
core   0: 3 0x000000008000fec6 (0xfc843703) x14 0x0000000080012040 mem 0x0000000080031f38
core   0: 0x000000008000feca (0xfb843783) ld      a5, -72(s0)
core   0: 3 0x000000008000feca (0xfb843783) x15 0x000000000000009c mem 0x0000000080031f28
core   0: 0x000000008000fece (0x000097ba) c.add   a5, a4
core   0: 3 0x000000008000fece (0x97ba) x15 0x00000000800120dc
core   0: 0x000000008000fed0 (0xfe043703) ld      a4, -32(s0)
core   0: 3 0x000000008000fed0 (0xfe043703) x14 0x00000000800120a4 mem 0x0000000080031f50
core   0: 0x000000008000fed4 (0xfcf76de3) bltu    a4, a5, pc - 38
core   0: 3 0x000000008000fed4 (0xfcf76de3)
core   0: 0x000000008000feae (0xfe043783) ld      a5, -32(s0)
core   0: 3 0x000000008000feae (0xfe043783) x15 0x00000000800120a4 mem 0x0000000080031f50
core   0: 0x000000008000feb2 (0x00178713) addi    a4, a5, 1
core   0: 3 0x000000008000feb2 (0x00178713) x14 0x00000000800120a5
core   0: 0x000000008000feb6 (0xfee43023) sd      a4, -32(s0)
core   0: 3 0x000000008000feb6 (0xfee43023) mem 0x0000000080031f50 0x00000000800120a5
core   0: 0x000000008000feba (0xfc442703) lw      a4, -60(s0)
core   0: 3 0x000000008000feba (0xfc442703) x14 0x0000000000000000 mem 0x0000000080031f34
core   0: 0x000000008000febe (0x0ff77713) andi    a4, a4, 255
core   0: 3 0x000000008000febe (0x0ff77713) x14 0x0000000000000000
core   0: 0x000000008000fec2 (0x00e78023) sb      a4, 0(a5)
core   0: 3 0x000000008000fec2 (0x00e78023) mem 0x00000000800120a4 0x00
core   0: 0x000000008000fec6 (0xfc843703) ld      a4, -56(s0)
core   0: 3 0x000000008000fec6 (0xfc843703) x14 0x0000000080012040 mem 0x0000000080031f38
core   0: 0x000000008000feca (0xfb843783) ld      a5, -72(s0)
core   0: 3 0x000000008000feca (0xfb843783) x15 0x000000000000009c mem 0x0000000080031f28
core   0: 0x000000008000fece (0x000097ba) c.add   a5, a4
core   0: 3 0x000000008000fece (0x97ba) x15 0x00000000800120dc
core   0: 0x000000008000fed0 (0xfe043703) ld      a4, -32(s0)
core   0: 3 0x000000008000fed0 (0xfe043703) x14 0x00000000800120a5 mem 0x0000000080031f50
core   0: 0x000000008000fed4 (0xfcf76de3) bltu    a4, a5, pc - 38
core   0: 3 0x000000008000fed4 (0xfcf76de3)
core   0: 0x000000008000feae (0xfe043783) ld      a5, -32(s0)
core   0: 3 0x000000008000feae (0xfe043783) x15 0x00000000800120a5 mem 0x0000000080031f50
core   0: 0x000000008000feb2 (0x00178713) addi    a4, a5, 1
core   0: 3 0x000000008000feb2 (0x00178713) x14 0x00000000800120a6
core   0: 0x000000008000feb6 (0xfee43023) sd      a4, -32(s0)
core   0: 3 0x000000008000feb6 (0xfee43023) mem 0x0000000080031f50 0x00000000800120a6
core   0: 0x000000008000feba (0xfc442703) lw      a4, -60(s0)
core   0: 3 0x000000008000feba (0xfc442703) x14 0x0000000000000000 mem 0x0000000080031f34
core   0: 0x000000008000febe (0x0ff77713) andi    a4, a4, 255
core   0: 3 0x000000008000febe (0x0ff77713) x14 0x0000000000000000
core   0: 0x000000008000fec2 (0x00e78023) sb      a4, 0(a5)
core   0: 3 0x000000008000fec2 (0x00e78023) mem 0x00000000800120a5 0x00
core   0: 0x000000008000fec6 (0xfc843703) ld      a4, -56(s0)
core   0: 3 0x000000008000fec6 (0xfc843703) x14 0x0000000080012040 mem 0x0000000080031f38
core   0: 0x000000008000feca (0xfb843783) ld      a5, -72(s0)
core   0: 3 0x000000008000feca (0xfb843783) x15 0x000000000000009c mem 0x0000000080031f28
core   0: 0x000000008000fece (0x000097ba) c.add   a5, a4
core   0: 3 0x000000008000fece (0x97ba) x15 0x00000000800120dc
core   0: 0x000000008000fed0 (0xfe043703) ld      a4, -32(s0)
core   0: 3 0x000000008000fed0 (0xfe043703) x14 0x00000000800120a6 mem 0x0000000080031f50
core   0: 0x000000008000fed4 (0xfcf76de3) bltu    a4, a5, pc - 38
core   0: 3 0x000000008000fed4 (0xfcf76de3)
core   0: 0x000000008000feae (0xfe043783) ld      a5, -32(s0)
core   0: 3 0x000000008000feae (0xfe043783) x15 0x00000000800120a6 mem 0x0000000080031f50
core   0: 0x000000008000feb2 (0x00178713) addi    a4, a5, 1
core   0: 3 0x000000008000feb2 (0x00178713) x14 0x00000000800120a7
core   0: 0x000000008000feb6 (0xfee43023) sd      a4, -32(s0)
core   0: 3 0x000000008000feb6 (0xfee43023) mem 0x0000000080031f50 0x00000000800120a7
core   0: 0x000000008000feba (0xfc442703) lw      a4, -60(s0)
core   0: 3 0x000000008000feba (0xfc442703) x14 0x0000000000000000 mem 0x0000000080031f34
core   0: 0x000000008000febe (0x0ff77713) andi    a4, a4, 255
core   0: 3 0x000000008000febe (0x0ff77713) x14 0x0000000000000000
core   0: 0x000000008000fec2 (0x00e78023) sb      a4, 0(a5)
core   0: 3 0x000000008000fec2 (0x00e78023) mem 0x00000000800120a6 0x00
core   0: 0x000000008000fec6 (0xfc843703) ld      a4, -56(s0)
core   0: 3 0x000000008000fec6 (0xfc843703) x14 0x0000000080012040 mem 0x0000000080031f38
core   0: 0x000000008000feca (0xfb843783) ld      a5, -72(s0)
core   0: 3 0x000000008000feca (0xfb843783) x15 0x000000000000009c mem 0x0000000080031f28
core   0: 0x000000008000fece (0x000097ba) c.add   a5, a4
core   0: 3 0x000000008000fece (0x97ba) x15 0x00000000800120dc
core   0: 0x000000008000fed0 (0xfe043703) ld      a4, -32(s0)
core   0: 3 0x000000008000fed0 (0xfe043703) x14 0x00000000800120a7 mem 0x0000000080031f50
core   0: 0x000000008000fed4 (0xfcf76de3) bltu    a4, a5, pc - 38
core   0: 3 0x000000008000fed4 (0xfcf76de3)
core   0: 0x000000008000feae (0xfe043783) ld      a5, -32(s0)
core   0: 3 0x000000008000feae (0xfe043783) x15 0x00000000800120a7 mem 0x0000000080031f50
core   0: 0x000000008000feb2 (0x00178713) addi    a4, a5, 1
core   0: 3 0x000000008000feb2 (0x00178713) x14 0x00000000800120a8
core   0: 0x000000008000feb6 (0xfee43023) sd      a4, -32(s0)
core   0: 3 0x000000008000feb6 (0xfee43023) mem 0x0000000080031f50 0x00000000800120a8
core   0: 0x000000008000feba (0xfc442703) lw      a4, -60(s0)
core   0: 3 0x000000008000feba (0xfc442703) x14 0x0000000000000000 mem 0x0000000080031f34
core   0: 0x000000008000febe (0x0ff77713) andi    a4, a4, 255
core   0: 3 0x000000008000febe (0x0ff77713) x14 0x0000000000000000
core   0: 0x000000008000fec2 (0x00e78023) sb      a4, 0(a5)
core   0: 3 0x000000008000fec2 (0x00e78023) mem 0x00000000800120a7 0x00
core   0: 0x000000008000fec6 (0xfc843703) ld      a4, -56(s0)
core   0: 3 0x000000008000fec6 (0xfc843703) x14 0x0000000080012040 mem 0x0000000080031f38
core   0: 0x000000008000feca (0xfb843783) ld      a5, -72(s0)
core   0: 3 0x000000008000feca (0xfb843783) x15 0x000000000000009c mem 0x0000000080031f28
core   0: 0x000000008000fece (0x000097ba) c.add   a5, a4
core   0: 3 0x000000008000fece (0x97ba) x15 0x00000000800120dc
core   0: 0x000000008000fed0 (0xfe043703) ld      a4, -32(s0)
core   0: 3 0x000000008000fed0 (0xfe043703) x14 0x00000000800120a8 mem 0x0000000080031f50
core   0: 0x000000008000fed4 (0xfcf76de3) bltu    a4, a5, pc - 38
core   0: 3 0x000000008000fed4 (0xfcf76de3)
core   0: 0x000000008000feae (0xfe043783) ld      a5, -32(s0)
core   0: 3 0x000000008000feae (0xfe043783) x15 0x00000000800120a8 mem 0x0000000080031f50
core   0: 0x000000008000feb2 (0x00178713) addi    a4, a5, 1
core   0: 3 0x000000008000feb2 (0x00178713) x14 0x00000000800120a9
core   0: 0x000000008000feb6 (0xfee43023) sd      a4, -32(s0)
core   0: 3 0x000000008000feb6 (0xfee43023) mem 0x0000000080031f50 0x00000000800120a9
core   0: 0x000000008000feba (0xfc442703) lw      a4, -60(s0)
core   0: 3 0x000000008000feba (0xfc442703) x14 0x0000000000000000 mem 0x0000000080031f34
core   0: 0x000000008000febe (0x0ff77713) andi    a4, a4, 255
core   0: 3 0x000000008000febe (0x0ff77713) x14 0x0000000000000000
core   0: 0x000000008000fec2 (0x00e78023) sb      a4, 0(a5)
core   0: 3 0x000000008000fec2 (0x00e78023) mem 0x00000000800120a8 0x00
core   0: 0x000000008000fec6 (0xfc843703) ld      a4, -56(s0)
core   0: 3 0x000000008000fec6 (0xfc843703) x14 0x0000000080012040 mem 0x0000000080031f38
core   0: 0x000000008000feca (0xfb843783) ld      a5, -72(s0)
core   0: 3 0x000000008000feca (0xfb843783) x15 0x000000000000009c mem 0x0000000080031f28
core   0: 0x000000008000fece (0x000097ba) c.add   a5, a4
core   0: 3 0x000000008000fece (0x97ba) x15 0x00000000800120dc
core   0: 0x000000008000fed0 (0xfe043703) ld      a4, -32(s0)
core   0: 3 0x000000008000fed0 (0xfe043703) x14 0x00000000800120a9 mem 0x0000000080031f50
core   0: 0x000000008000fed4 (0xfcf76de3) bltu    a4, a5, pc - 38
core   0: 3 0x000000008000fed4 (0xfcf76de3)
core   0: 0x000000008000feae (0xfe043783) ld      a5, -32(s0)
core   0: 3 0x000000008000feae (0xfe043783) x15 0x00000000800120a9 mem 0x0000000080031f50
core   0: 0x000000008000feb2 (0x00178713) addi    a4, a5, 1
core   0: 3 0x000000008000feb2 (0x00178713) x14 0x00000000800120aa
core   0: 0x000000008000feb6 (0xfee43023) sd      a4, -32(s0)
core   0: 3 0x000000008000feb6 (0xfee43023) mem 0x0000000080031f50 0x00000000800120aa
core   0: 0x000000008000feba (0xfc442703) lw      a4, -60(s0)
core   0: 3 0x000000008000feba (0xfc442703) x14 0x0000000000000000 mem 0x0000000080031f34
core   0: 0x000000008000febe (0x0ff77713) andi    a4, a4, 255
core   0: 3 0x000000008000febe (0x0ff77713) x14 0x0000000000000000
core   0: 0x000000008000fec2 (0x00e78023) sb      a4, 0(a5)
core   0: 3 0x000000008000fec2 (0x00e78023) mem 0x00000000800120a9 0x00
core   0: 0x000000008000fec6 (0xfc843703) ld      a4, -56(s0)
core   0: 3 0x000000008000fec6 (0xfc843703) x14 0x0000000080012040 mem 0x0000000080031f38
core   0: 0x000000008000feca (0xfb843783) ld      a5, -72(s0)
core   0: 3 0x000000008000feca (0xfb843783) x15 0x000000000000009c mem 0x0000000080031f28
core   0: 0x000000008000fece (0x000097ba) c.add   a5, a4
core   0: 3 0x000000008000fece (0x97ba) x15 0x00000000800120dc
core   0: 0x000000008000fed0 (0xfe043703) ld      a4, -32(s0)
core   0: 3 0x000000008000fed0 (0xfe043703) x14 0x00000000800120aa mem 0x0000000080031f50
core   0: 0x000000008000fed4 (0xfcf76de3) bltu    a4, a5, pc - 38
core   0: 3 0x000000008000fed4 (0xfcf76de3)
core   0: 0x000000008000feae (0xfe043783) ld      a5, -32(s0)
core   0: 3 0x000000008000feae (0xfe043783) x15 0x00000000800120aa mem 0x0000000080031f50
core   0: 0x000000008000feb2 (0x00178713) addi    a4, a5, 1
core   0: 3 0x000000008000feb2 (0x00178713) x14 0x00000000800120ab
core   0: 0x000000008000feb6 (0xfee43023) sd      a4, -32(s0)
core   0: 3 0x000000008000feb6 (0xfee43023) mem 0x0000000080031f50 0x00000000800120ab
core   0: 0x000000008000feba (0xfc442703) lw      a4, -60(s0)
core   0: 3 0x000000008000feba (0xfc442703) x14 0x0000000000000000 mem 0x0000000080031f34
core   0: 0x000000008000febe (0x0ff77713) andi    a4, a4, 255
core   0: 3 0x000000008000febe (0x0ff77713) x14 0x0000000000000000
core   0: 0x000000008000fec2 (0x00e78023) sb      a4, 0(a5)
core   0: 3 0x000000008000fec2 (0x00e78023) mem 0x00000000800120aa 0x00
core   0: 0x000000008000fec6 (0xfc843703) ld      a4, -56(s0)
core   0: 3 0x000000008000fec6 (0xfc843703) x14 0x0000000080012040 mem 0x0000000080031f38
core   0: 0x000000008000feca (0xfb843783) ld      a5, -72(s0)
core   0: 3 0x000000008000feca (0xfb843783) x15 0x000000000000009c mem 0x0000000080031f28
core   0: 0x000000008000fece (0x000097ba) c.add   a5, a4
core   0: 3 0x000000008000fece (0x97ba) x15 0x00000000800120dc
core   0: 0x000000008000fed0 (0xfe043703) ld      a4, -32(s0)
core   0: 3 0x000000008000fed0 (0xfe043703) x14 0x00000000800120ab mem 0x0000000080031f50
core   0: 0x000000008000fed4 (0xfcf76de3) bltu    a4, a5, pc - 38
core   0: 3 0x000000008000fed4 (0xfcf76de3)
core   0: 0x000000008000feae (0xfe043783) ld      a5, -32(s0)
core   0: 3 0x000000008000feae (0xfe043783) x15 0x00000000800120ab mem 0x0000000080031f50
core   0: 0x000000008000feb2 (0x00178713) addi    a4, a5, 1
core   0: 3 0x000000008000feb2 (0x00178713) x14 0x00000000800120ac
core   0: 0x000000008000feb6 (0xfee43023) sd      a4, -32(s0)
core   0: 3 0x000000008000feb6 (0xfee43023) mem 0x0000000080031f50 0x00000000800120ac
core   0: 0x000000008000feba (0xfc442703) lw      a4, -60(s0)
core   0: 3 0x000000008000feba (0xfc442703) x14 0x0000000000000000 mem 0x0000000080031f34
core   0: 0x000000008000febe (0x0ff77713) andi    a4, a4, 255
core   0: 3 0x000000008000febe (0x0ff77713) x14 0x0000000000000000
core   0: 0x000000008000fec2 (0x00e78023) sb      a4, 0(a5)
core   0: 3 0x000000008000fec2 (0x00e78023) mem 0x00000000800120ab 0x00
core   0: 0x000000008000fec6 (0xfc843703) ld      a4, -56(s0)
core   0: 3 0x000000008000fec6 (0xfc843703) x14 0x0000000080012040 mem 0x0000000080031f38
core   0: 0x000000008000feca (0xfb843783) ld      a5, -72(s0)
core   0: 3 0x000000008000feca (0xfb843783) x15 0x000000000000009c mem 0x0000000080031f28
core   0: 0x000000008000fece (0x000097ba) c.add   a5, a4
core   0: 3 0x000000008000fece (0x97ba) x15 0x00000000800120dc
core   0: 0x000000008000fed0 (0xfe043703) ld      a4, -32(s0)
core   0: 3 0x000000008000fed0 (0xfe043703) x14 0x00000000800120ac mem 0x0000000080031f50
core   0: 0x000000008000fed4 (0xfcf76de3) bltu    a4, a5, pc - 38
core   0: 3 0x000000008000fed4 (0xfcf76de3)
core   0: 0x000000008000feae (0xfe043783) ld      a5, -32(s0)
core   0: 3 0x000000008000feae (0xfe043783) x15 0x00000000800120ac mem 0x0000000080031f50
core   0: 0x000000008000feb2 (0x00178713) addi    a4, a5, 1
core   0: 3 0x000000008000feb2 (0x00178713) x14 0x00000000800120ad
core   0: 0x000000008000feb6 (0xfee43023) sd      a4, -32(s0)
core   0: 3 0x000000008000feb6 (0xfee43023) mem 0x0000000080031f50 0x00000000800120ad
core   0: 0x000000008000feba (0xfc442703) lw      a4, -60(s0)
core   0: 3 0x000000008000feba (0xfc442703) x14 0x0000000000000000 mem 0x0000000080031f34
core   0: 0x000000008000febe (0x0ff77713) andi    a4, a4, 255
core   0: 3 0x000000008000febe (0x0ff77713) x14 0x0000000000000000
core   0: 0x000000008000fec2 (0x00e78023) sb      a4, 0(a5)
core   0: 3 0x000000008000fec2 (0x00e78023) mem 0x00000000800120ac 0x00
core   0: 0x000000008000fec6 (0xfc843703) ld      a4, -56(s0)
core   0: 3 0x000000008000fec6 (0xfc843703) x14 0x0000000080012040 mem 0x0000000080031f38
core   0: 0x000000008000feca (0xfb843783) ld      a5, -72(s0)
core   0: 3 0x000000008000feca (0xfb843783) x15 0x000000000000009c mem 0x0000000080031f28
core   0: 0x000000008000fece (0x000097ba) c.add   a5, a4
core   0: 3 0x000000008000fece (0x97ba) x15 0x00000000800120dc
core   0: 0x000000008000fed0 (0xfe043703) ld      a4, -32(s0)
core   0: 3 0x000000008000fed0 (0xfe043703) x14 0x00000000800120ad mem 0x0000000080031f50
core   0: 0x000000008000fed4 (0xfcf76de3) bltu    a4, a5, pc - 38
core   0: 3 0x000000008000fed4 (0xfcf76de3)
core   0: 0x000000008000feae (0xfe043783) ld      a5, -32(s0)
core   0: 3 0x000000008000feae (0xfe043783) x15 0x00000000800120ad mem 0x0000000080031f50
core   0: 0x000000008000feb2 (0x00178713) addi    a4, a5, 1
core   0: 3 0x000000008000feb2 (0x00178713) x14 0x00000000800120ae
core   0: 0x000000008000feb6 (0xfee43023) sd      a4, -32(s0)
core   0: 3 0x000000008000feb6 (0xfee43023) mem 0x0000000080031f50 0x00000000800120ae
core   0: 0x000000008000feba (0xfc442703) lw      a4, -60(s0)
core   0: 3 0x000000008000feba (0xfc442703) x14 0x0000000000000000 mem 0x0000000080031f34
core   0: 0x000000008000febe (0x0ff77713) andi    a4, a4, 255
core   0: 3 0x000000008000febe (0x0ff77713) x14 0x0000000000000000
core   0: 0x000000008000fec2 (0x00e78023) sb      a4, 0(a5)
core   0: 3 0x000000008000fec2 (0x00e78023) mem 0x00000000800120ad 0x00
core   0: 0x000000008000fec6 (0xfc843703) ld      a4, -56(s0)
core   0: 3 0x000000008000fec6 (0xfc843703) x14 0x0000000080012040 mem 0x0000000080031f38
core   0: 0x000000008000feca (0xfb843783) ld      a5, -72(s0)
core   0: 3 0x000000008000feca (0xfb843783) x15 0x000000000000009c mem 0x0000000080031f28
core   0: 0x000000008000fece (0x000097ba) c.add   a5, a4
core   0: 3 0x000000008000fece (0x97ba) x15 0x00000000800120dc
core   0: 0x000000008000fed0 (0xfe043703) ld      a4, -32(s0)
core   0: 3 0x000000008000fed0 (0xfe043703) x14 0x00000000800120ae mem 0x0000000080031f50
core   0: 0x000000008000fed4 (0xfcf76de3) bltu    a4, a5, pc - 38
core   0: 3 0x000000008000fed4 (0xfcf76de3)
core   0: 0x000000008000feae (0xfe043783) ld      a5, -32(s0)
core   0: 3 0x000000008000feae (0xfe043783) x15 0x00000000800120ae mem 0x0000000080031f50
core   0: 0x000000008000feb2 (0x00178713) addi    a4, a5, 1
core   0: 3 0x000000008000feb2 (0x00178713) x14 0x00000000800120af
core   0: 0x000000008000feb6 (0xfee43023) sd      a4, -32(s0)
core   0: 3 0x000000008000feb6 (0xfee43023) mem 0x0000000080031f50 0x00000000800120af
core   0: 0x000000008000feba (0xfc442703) lw      a4, -60(s0)
core   0: 3 0x000000008000feba (0xfc442703) x14 0x0000000000000000 mem 0x0000000080031f34
core   0: 0x000000008000febe (0x0ff77713) andi    a4, a4, 255
core   0: 3 0x000000008000febe (0x0ff77713) x14 0x0000000000000000
core   0: 0x000000008000fec2 (0x00e78023) sb      a4, 0(a5)
core   0: 3 0x000000008000fec2 (0x00e78023) mem 0x00000000800120ae 0x00
core   0: 0x000000008000fec6 (0xfc843703) ld      a4, -56(s0)
core   0: 3 0x000000008000fec6 (0xfc843703) x14 0x0000000080012040 mem 0x0000000080031f38
core   0: 0x000000008000feca (0xfb843783) ld      a5, -72(s0)
core   0: 3 0x000000008000feca (0xfb843783) x15 0x000000000000009c mem 0x0000000080031f28
core   0: 0x000000008000fece (0x000097ba) c.add   a5, a4
core   0: 3 0x000000008000fece (0x97ba) x15 0x00000000800120dc
core   0: 0x000000008000fed0 (0xfe043703) ld      a4, -32(s0)
core   0: 3 0x000000008000fed0 (0xfe043703) x14 0x00000000800120af mem 0x0000000080031f50
core   0: 0x000000008000fed4 (0xfcf76de3) bltu    a4, a5, pc - 38
core   0: 3 0x000000008000fed4 (0xfcf76de3)
core   0: 0x000000008000feae (0xfe043783) ld      a5, -32(s0)
core   0: 3 0x000000008000feae (0xfe043783) x15 0x00000000800120af mem 0x0000000080031f50
core   0: 0x000000008000feb2 (0x00178713) addi    a4, a5, 1
core   0: 3 0x000000008000feb2 (0x00178713) x14 0x00000000800120b0
core   0: 0x000000008000feb6 (0xfee43023) sd      a4, -32(s0)
core   0: 3 0x000000008000feb6 (0xfee43023) mem 0x0000000080031f50 0x00000000800120b0
core   0: 0x000000008000feba (0xfc442703) lw      a4, -60(s0)
core   0: 3 0x000000008000feba (0xfc442703) x14 0x0000000000000000 mem 0x0000000080031f34
core   0: 0x000000008000febe (0x0ff77713) andi    a4, a4, 255
core   0: 3 0x000000008000febe (0x0ff77713) x14 0x0000000000000000
core   0: 0x000000008000fec2 (0x00e78023) sb      a4, 0(a5)
core   0: 3 0x000000008000fec2 (0x00e78023) mem 0x00000000800120af 0x00
core   0: 0x000000008000fec6 (0xfc843703) ld      a4, -56(s0)
core   0: 3 0x000000008000fec6 (0xfc843703) x14 0x0000000080012040 mem 0x0000000080031f38
core   0: 0x000000008000feca (0xfb843783) ld      a5, -72(s0)
core   0: 3 0x000000008000feca (0xfb843783) x15 0x000000000000009c mem 0x0000000080031f28
core   0: 0x000000008000fece (0x000097ba) c.add   a5, a4
core   0: 3 0x000000008000fece (0x97ba) x15 0x00000000800120dc
core   0: 0x000000008000fed0 (0xfe043703) ld      a4, -32(s0)
core   0: 3 0x000000008000fed0 (0xfe043703) x14 0x00000000800120b0 mem 0x0000000080031f50
core   0: 0x000000008000fed4 (0xfcf76de3) bltu    a4, a5, pc - 38
core   0: 3 0x000000008000fed4 (0xfcf76de3)
core   0: 0x000000008000feae (0xfe043783) ld      a5, -32(s0)
core   0: 3 0x000000008000feae (0xfe043783) x15 0x00000000800120b0 mem 0x0000000080031f50
core   0: 0x000000008000feb2 (0x00178713) addi    a4, a5, 1
core   0: 3 0x000000008000feb2 (0x00178713) x14 0x00000000800120b1
core   0: 0x000000008000feb6 (0xfee43023) sd      a4, -32(s0)
core   0: 3 0x000000008000feb6 (0xfee43023) mem 0x0000000080031f50 0x00000000800120b1
core   0: 0x000000008000feba (0xfc442703) lw      a4, -60(s0)
core   0: 3 0x000000008000feba (0xfc442703) x14 0x0000000000000000 mem 0x0000000080031f34
core   0: 0x000000008000febe (0x0ff77713) andi    a4, a4, 255
core   0: 3 0x000000008000febe (0x0ff77713) x14 0x0000000000000000
core   0: 0x000000008000fec2 (0x00e78023) sb      a4, 0(a5)
core   0: 3 0x000000008000fec2 (0x00e78023) mem 0x00000000800120b0 0x00
core   0: 0x000000008000fec6 (0xfc843703) ld      a4, -56(s0)
core   0: 3 0x000000008000fec6 (0xfc843703) x14 0x0000000080012040 mem 0x0000000080031f38
core   0: 0x000000008000feca (0xfb843783) ld      a5, -72(s0)
core   0: 3 0x000000008000feca (0xfb843783) x15 0x000000000000009c mem 0x0000000080031f28
core   0: 0x000000008000fece (0x000097ba) c.add   a5, a4
core   0: 3 0x000000008000fece (0x97ba) x15 0x00000000800120dc
core   0: 0x000000008000fed0 (0xfe043703) ld      a4, -32(s0)
core   0: 3 0x000000008000fed0 (0xfe043703) x14 0x00000000800120b1 mem 0x0000000080031f50
core   0: 0x000000008000fed4 (0xfcf76de3) bltu    a4, a5, pc - 38
core   0: 3 0x000000008000fed4 (0xfcf76de3)
core   0: 0x000000008000feae (0xfe043783) ld      a5, -32(s0)
core   0: 3 0x000000008000feae (0xfe043783) x15 0x00000000800120b1 mem 0x0000000080031f50
core   0: 0x000000008000feb2 (0x00178713) addi    a4, a5, 1
core   0: 3 0x000000008000feb2 (0x00178713) x14 0x00000000800120b2
core   0: 0x000000008000feb6 (0xfee43023) sd      a4, -32(s0)
core   0: 3 0x000000008000feb6 (0xfee43023) mem 0x0000000080031f50 0x00000000800120b2
core   0: 0x000000008000feba (0xfc442703) lw      a4, -60(s0)
core   0: 3 0x000000008000feba (0xfc442703) x14 0x0000000000000000 mem 0x0000000080031f34
core   0: 0x000000008000febe (0x0ff77713) andi    a4, a4, 255
core   0: 3 0x000000008000febe (0x0ff77713) x14 0x0000000000000000
core   0: 0x000000008000fec2 (0x00e78023) sb      a4, 0(a5)
core   0: 3 0x000000008000fec2 (0x00e78023) mem 0x00000000800120b1 0x00
core   0: 0x000000008000fec6 (0xfc843703) ld      a4, -56(s0)
core   0: 3 0x000000008000fec6 (0xfc843703) x14 0x0000000080012040 mem 0x0000000080031f38
core   0: 0x000000008000feca (0xfb843783) ld      a5, -72(s0)
core   0: 3 0x000000008000feca (0xfb843783) x15 0x000000000000009c mem 0x0000000080031f28
core   0: 0x000000008000fece (0x000097ba) c.add   a5, a4
core   0: 3 0x000000008000fece (0x97ba) x15 0x00000000800120dc
core   0: 0x000000008000fed0 (0xfe043703) ld      a4, -32(s0)
core   0: 3 0x000000008000fed0 (0xfe043703) x14 0x00000000800120b2 mem 0x0000000080031f50
core   0: 0x000000008000fed4 (0xfcf76de3) bltu    a4, a5, pc - 38
core   0: 3 0x000000008000fed4 (0xfcf76de3)
core   0: 0x000000008000feae (0xfe043783) ld      a5, -32(s0)
core   0: 3 0x000000008000feae (0xfe043783) x15 0x00000000800120b2 mem 0x0000000080031f50
core   0: 0x000000008000feb2 (0x00178713) addi    a4, a5, 1
core   0: 3 0x000000008000feb2 (0x00178713) x14 0x00000000800120b3
core   0: 0x000000008000feb6 (0xfee43023) sd      a4, -32(s0)
core   0: 3 0x000000008000feb6 (0xfee43023) mem 0x0000000080031f50 0x00000000800120b3
core   0: 0x000000008000feba (0xfc442703) lw      a4, -60(s0)
core   0: 3 0x000000008000feba (0xfc442703) x14 0x0000000000000000 mem 0x0000000080031f34
core   0: 0x000000008000febe (0x0ff77713) andi    a4, a4, 255
core   0: 3 0x000000008000febe (0x0ff77713) x14 0x0000000000000000
core   0: 0x000000008000fec2 (0x00e78023) sb      a4, 0(a5)
core   0: 3 0x000000008000fec2 (0x00e78023) mem 0x00000000800120b2 0x00
core   0: 0x000000008000fec6 (0xfc843703) ld      a4, -56(s0)
core   0: 3 0x000000008000fec6 (0xfc843703) x14 0x0000000080012040 mem 0x0000000080031f38
core   0: 0x000000008000feca (0xfb843783) ld      a5, -72(s0)
core   0: 3 0x000000008000feca (0xfb843783) x15 0x000000000000009c mem 0x0000000080031f28
core   0: 0x000000008000fece (0x000097ba) c.add   a5, a4
core   0: 3 0x000000008000fece (0x97ba) x15 0x00000000800120dc
core   0: 0x000000008000fed0 (0xfe043703) ld      a4, -32(s0)
core   0: 3 0x000000008000fed0 (0xfe043703) x14 0x00000000800120b3 mem 0x0000000080031f50
core   0: 0x000000008000fed4 (0xfcf76de3) bltu    a4, a5, pc - 38
core   0: 3 0x000000008000fed4 (0xfcf76de3)
core   0: 0x000000008000feae (0xfe043783) ld      a5, -32(s0)
core   0: 3 0x000000008000feae (0xfe043783) x15 0x00000000800120b3 mem 0x0000000080031f50
core   0: 0x000000008000feb2 (0x00178713) addi    a4, a5, 1
core   0: 3 0x000000008000feb2 (0x00178713) x14 0x00000000800120b4
core   0: 0x000000008000feb6 (0xfee43023) sd      a4, -32(s0)
core   0: 3 0x000000008000feb6 (0xfee43023) mem 0x0000000080031f50 0x00000000800120b4
core   0: 0x000000008000feba (0xfc442703) lw      a4, -60(s0)
core   0: 3 0x000000008000feba (0xfc442703) x14 0x0000000000000000 mem 0x0000000080031f34
core   0: 0x000000008000febe (0x0ff77713) andi    a4, a4, 255
core   0: 3 0x000000008000febe (0x0ff77713) x14 0x0000000000000000
core   0: 0x000000008000fec2 (0x00e78023) sb      a4, 0(a5)
core   0: 3 0x000000008000fec2 (0x00e78023) mem 0x00000000800120b3 0x00
core   0: 0x000000008000fec6 (0xfc843703) ld      a4, -56(s0)
core   0: 3 0x000000008000fec6 (0xfc843703) x14 0x0000000080012040 mem 0x0000000080031f38
core   0: 0x000000008000feca (0xfb843783) ld      a5, -72(s0)
core   0: 3 0x000000008000feca (0xfb843783) x15 0x000000000000009c mem 0x0000000080031f28
core   0: 0x000000008000fece (0x000097ba) c.add   a5, a4
core   0: 3 0x000000008000fece (0x97ba) x15 0x00000000800120dc
core   0: 0x000000008000fed0 (0xfe043703) ld      a4, -32(s0)
core   0: 3 0x000000008000fed0 (0xfe043703) x14 0x00000000800120b4 mem 0x0000000080031f50
core   0: 0x000000008000fed4 (0xfcf76de3) bltu    a4, a5, pc - 38
core   0: 3 0x000000008000fed4 (0xfcf76de3)
core   0: 0x000000008000feae (0xfe043783) ld      a5, -32(s0)
core   0: 3 0x000000008000feae (0xfe043783) x15 0x00000000800120b4 mem 0x0000000080031f50
core   0: 0x000000008000feb2 (0x00178713) addi    a4, a5, 1
core   0: 3 0x000000008000feb2 (0x00178713) x14 0x00000000800120b5
core   0: 0x000000008000feb6 (0xfee43023) sd      a4, -32(s0)
core   0: 3 0x000000008000feb6 (0xfee43023) mem 0x0000000080031f50 0x00000000800120b5
core   0: 0x000000008000feba (0xfc442703) lw      a4, -60(s0)
core   0: 3 0x000000008000feba (0xfc442703) x14 0x0000000000000000 mem 0x0000000080031f34
core   0: 0x000000008000febe (0x0ff77713) andi    a4, a4, 255
core   0: 3 0x000000008000febe (0x0ff77713) x14 0x0000000000000000
core   0: 0x000000008000fec2 (0x00e78023) sb      a4, 0(a5)
core   0: 3 0x000000008000fec2 (0x00e78023) mem 0x00000000800120b4 0x00
core   0: 0x000000008000fec6 (0xfc843703) ld      a4, -56(s0)
core   0: 3 0x000000008000fec6 (0xfc843703) x14 0x0000000080012040 mem 0x0000000080031f38
core   0: 0x000000008000feca (0xfb843783) ld      a5, -72(s0)
core   0: 3 0x000000008000feca (0xfb843783) x15 0x000000000000009c mem 0x0000000080031f28
core   0: 0x000000008000fece (0x000097ba) c.add   a5, a4
core   0: 3 0x000000008000fece (0x97ba) x15 0x00000000800120dc
core   0: 0x000000008000fed0 (0xfe043703) ld      a4, -32(s0)
core   0: 3 0x000000008000fed0 (0xfe043703) x14 0x00000000800120b5 mem 0x0000000080031f50
core   0: 0x000000008000fed4 (0xfcf76de3) bltu    a4, a5, pc - 38
core   0: 3 0x000000008000fed4 (0xfcf76de3)
core   0: 0x000000008000feae (0xfe043783) ld      a5, -32(s0)
core   0: 3 0x000000008000feae (0xfe043783) x15 0x00000000800120b5 mem 0x0000000080031f50
core   0: 0x000000008000feb2 (0x00178713) addi    a4, a5, 1
core   0: 3 0x000000008000feb2 (0x00178713) x14 0x00000000800120b6
core   0: 0x000000008000feb6 (0xfee43023) sd      a4, -32(s0)
core   0: 3 0x000000008000feb6 (0xfee43023) mem 0x0000000080031f50 0x00000000800120b6
core   0: 0x000000008000feba (0xfc442703) lw      a4, -60(s0)
core   0: 3 0x000000008000feba (0xfc442703) x14 0x0000000000000000 mem 0x0000000080031f34
core   0: 0x000000008000febe (0x0ff77713) andi    a4, a4, 255
core   0: 3 0x000000008000febe (0x0ff77713) x14 0x0000000000000000
core   0: 0x000000008000fec2 (0x00e78023) sb      a4, 0(a5)
core   0: 3 0x000000008000fec2 (0x00e78023) mem 0x00000000800120b5 0x00
core   0: 0x000000008000fec6 (0xfc843703) ld      a4, -56(s0)
core   0: 3 0x000000008000fec6 (0xfc843703) x14 0x0000000080012040 mem 0x0000000080031f38
core   0: 0x000000008000feca (0xfb843783) ld      a5, -72(s0)
core   0: 3 0x000000008000feca (0xfb843783) x15 0x000000000000009c mem 0x0000000080031f28
core   0: 0x000000008000fece (0x000097ba) c.add   a5, a4
core   0: 3 0x000000008000fece (0x97ba) x15 0x00000000800120dc
core   0: 0x000000008000fed0 (0xfe043703) ld      a4, -32(s0)
core   0: 3 0x000000008000fed0 (0xfe043703) x14 0x00000000800120b6 mem 0x0000000080031f50
core   0: 0x000000008000fed4 (0xfcf76de3) bltu    a4, a5, pc - 38
core   0: 3 0x000000008000fed4 (0xfcf76de3)
core   0: 0x000000008000feae (0xfe043783) ld      a5, -32(s0)
core   0: 3 0x000000008000feae (0xfe043783) x15 0x00000000800120b6 mem 0x0000000080031f50
core   0: 0x000000008000feb2 (0x00178713) addi    a4, a5, 1
core   0: 3 0x000000008000feb2 (0x00178713) x14 0x00000000800120b7
core   0: 0x000000008000feb6 (0xfee43023) sd      a4, -32(s0)
core   0: 3 0x000000008000feb6 (0xfee43023) mem 0x0000000080031f50 0x00000000800120b7
core   0: 0x000000008000feba (0xfc442703) lw      a4, -60(s0)
core   0: 3 0x000000008000feba (0xfc442703) x14 0x0000000000000000 mem 0x0000000080031f34
core   0: 0x000000008000febe (0x0ff77713) andi    a4, a4, 255
core   0: 3 0x000000008000febe (0x0ff77713) x14 0x0000000000000000
core   0: 0x000000008000fec2 (0x00e78023) sb      a4, 0(a5)
core   0: 3 0x000000008000fec2 (0x00e78023) mem 0x00000000800120b6 0x00
core   0: 0x000000008000fec6 (0xfc843703) ld      a4, -56(s0)
core   0: 3 0x000000008000fec6 (0xfc843703) x14 0x0000000080012040 mem 0x0000000080031f38
core   0: 0x000000008000feca (0xfb843783) ld      a5, -72(s0)
core   0: 3 0x000000008000feca (0xfb843783) x15 0x000000000000009c mem 0x0000000080031f28
core   0: 0x000000008000fece (0x000097ba) c.add   a5, a4
core   0: 3 0x000000008000fece (0x97ba) x15 0x00000000800120dc
core   0: 0x000000008000fed0 (0xfe043703) ld      a4, -32(s0)
core   0: 3 0x000000008000fed0 (0xfe043703) x14 0x00000000800120b7 mem 0x0000000080031f50
core   0: 0x000000008000fed4 (0xfcf76de3) bltu    a4, a5, pc - 38
core   0: 3 0x000000008000fed4 (0xfcf76de3)
core   0: 0x000000008000feae (0xfe043783) ld      a5, -32(s0)
core   0: 3 0x000000008000feae (0xfe043783) x15 0x00000000800120b7 mem 0x0000000080031f50
core   0: 0x000000008000feb2 (0x00178713) addi    a4, a5, 1
core   0: 3 0x000000008000feb2 (0x00178713) x14 0x00000000800120b8
core   0: 0x000000008000feb6 (0xfee43023) sd      a4, -32(s0)
core   0: 3 0x000000008000feb6 (0xfee43023) mem 0x0000000080031f50 0x00000000800120b8
core   0: 0x000000008000feba (0xfc442703) lw      a4, -60(s0)
core   0: 3 0x000000008000feba (0xfc442703) x14 0x0000000000000000 mem 0x0000000080031f34
core   0: 0x000000008000febe (0x0ff77713) andi    a4, a4, 255
core   0: 3 0x000000008000febe (0x0ff77713) x14 0x0000000000000000
core   0: 0x000000008000fec2 (0x00e78023) sb      a4, 0(a5)
core   0: 3 0x000000008000fec2 (0x00e78023) mem 0x00000000800120b7 0x00
core   0: 0x000000008000fec6 (0xfc843703) ld      a4, -56(s0)
core   0: 3 0x000000008000fec6 (0xfc843703) x14 0x0000000080012040 mem 0x0000000080031f38
core   0: 0x000000008000feca (0xfb843783) ld      a5, -72(s0)
core   0: 3 0x000000008000feca (0xfb843783) x15 0x000000000000009c mem 0x0000000080031f28
core   0: 0x000000008000fece (0x000097ba) c.add   a5, a4
core   0: 3 0x000000008000fece (0x97ba) x15 0x00000000800120dc
core   0: 0x000000008000fed0 (0xfe043703) ld      a4, -32(s0)
core   0: 3 0x000000008000fed0 (0xfe043703) x14 0x00000000800120b8 mem 0x0000000080031f50
core   0: 0x000000008000fed4 (0xfcf76de3) bltu    a4, a5, pc - 38
core   0: 3 0x000000008000fed4 (0xfcf76de3)
core   0: 0x000000008000feae (0xfe043783) ld      a5, -32(s0)
core   0: 3 0x000000008000feae (0xfe043783) x15 0x00000000800120b8 mem 0x0000000080031f50
core   0: 0x000000008000feb2 (0x00178713) addi    a4, a5, 1
core   0: 3 0x000000008000feb2 (0x00178713) x14 0x00000000800120b9
core   0: 0x000000008000feb6 (0xfee43023) sd      a4, -32(s0)
core   0: 3 0x000000008000feb6 (0xfee43023) mem 0x0000000080031f50 0x00000000800120b9
core   0: 0x000000008000feba (0xfc442703) lw      a4, -60(s0)
core   0: 3 0x000000008000feba (0xfc442703) x14 0x0000000000000000 mem 0x0000000080031f34
core   0: 0x000000008000febe (0x0ff77713) andi    a4, a4, 255
core   0: 3 0x000000008000febe (0x0ff77713) x14 0x0000000000000000
core   0: 0x000000008000fec2 (0x00e78023) sb      a4, 0(a5)
core   0: 3 0x000000008000fec2 (0x00e78023) mem 0x00000000800120b8 0x00
core   0: 0x000000008000fec6 (0xfc843703) ld      a4, -56(s0)
core   0: 3 0x000000008000fec6 (0xfc843703) x14 0x0000000080012040 mem 0x0000000080031f38
core   0: 0x000000008000feca (0xfb843783) ld      a5, -72(s0)
core   0: 3 0x000000008000feca (0xfb843783) x15 0x000000000000009c mem 0x0000000080031f28
core   0: 0x000000008000fece (0x000097ba) c.add   a5, a4
core   0: 3 0x000000008000fece (0x97ba) x15 0x00000000800120dc
core   0: 0x000000008000fed0 (0xfe043703) ld      a4, -32(s0)
core   0: 3 0x000000008000fed0 (0xfe043703) x14 0x00000000800120b9 mem 0x0000000080031f50
core   0: 0x000000008000fed4 (0xfcf76de3) bltu    a4, a5, pc - 38
core   0: 3 0x000000008000fed4 (0xfcf76de3)
core   0: 0x000000008000feae (0xfe043783) ld      a5, -32(s0)
core   0: 3 0x000000008000feae (0xfe043783) x15 0x00000000800120b9 mem 0x0000000080031f50
core   0: 0x000000008000feb2 (0x00178713) addi    a4, a5, 1
core   0: 3 0x000000008000feb2 (0x00178713) x14 0x00000000800120ba
core   0: 0x000000008000feb6 (0xfee43023) sd      a4, -32(s0)
core   0: 3 0x000000008000feb6 (0xfee43023) mem 0x0000000080031f50 0x00000000800120ba
core   0: 0x000000008000feba (0xfc442703) lw      a4, -60(s0)
core   0: 3 0x000000008000feba (0xfc442703) x14 0x0000000000000000 mem 0x0000000080031f34
core   0: 0x000000008000febe (0x0ff77713) andi    a4, a4, 255
core   0: 3 0x000000008000febe (0x0ff77713) x14 0x0000000000000000
core   0: 0x000000008000fec2 (0x00e78023) sb      a4, 0(a5)
core   0: 3 0x000000008000fec2 (0x00e78023) mem 0x00000000800120b9 0x00
core   0: 0x000000008000fec6 (0xfc843703) ld      a4, -56(s0)
core   0: 3 0x000000008000fec6 (0xfc843703) x14 0x0000000080012040 mem 0x0000000080031f38
core   0: 0x000000008000feca (0xfb843783) ld      a5, -72(s0)
core   0: 3 0x000000008000feca (0xfb843783) x15 0x000000000000009c mem 0x0000000080031f28
core   0: 0x000000008000fece (0x000097ba) c.add   a5, a4
core   0: 3 0x000000008000fece (0x97ba) x15 0x00000000800120dc
core   0: 0x000000008000fed0 (0xfe043703) ld      a4, -32(s0)
core   0: 3 0x000000008000fed0 (0xfe043703) x14 0x00000000800120ba mem 0x0000000080031f50
core   0: 0x000000008000fed4 (0xfcf76de3) bltu    a4, a5, pc - 38
core   0: 3 0x000000008000fed4 (0xfcf76de3)
core   0: 0x000000008000feae (0xfe043783) ld      a5, -32(s0)
core   0: 3 0x000000008000feae (0xfe043783) x15 0x00000000800120ba mem 0x0000000080031f50
core   0: 0x000000008000feb2 (0x00178713) addi    a4, a5, 1
core   0: 3 0x000000008000feb2 (0x00178713) x14 0x00000000800120bb
core   0: 0x000000008000feb6 (0xfee43023) sd      a4, -32(s0)
core   0: 3 0x000000008000feb6 (0xfee43023) mem 0x0000000080031f50 0x00000000800120bb
core   0: 0x000000008000feba (0xfc442703) lw      a4, -60(s0)
core   0: 3 0x000000008000feba (0xfc442703) x14 0x0000000000000000 mem 0x0000000080031f34
core   0: 0x000000008000febe (0x0ff77713) andi    a4, a4, 255
core   0: 3 0x000000008000febe (0x0ff77713) x14 0x0000000000000000
core   0: 0x000000008000fec2 (0x00e78023) sb      a4, 0(a5)
core   0: 3 0x000000008000fec2 (0x00e78023) mem 0x00000000800120ba 0x00
core   0: 0x000000008000fec6 (0xfc843703) ld      a4, -56(s0)
core   0: 3 0x000000008000fec6 (0xfc843703) x14 0x0000000080012040 mem 0x0000000080031f38
core   0: 0x000000008000feca (0xfb843783) ld      a5, -72(s0)
core   0: 3 0x000000008000feca (0xfb843783) x15 0x000000000000009c mem 0x0000000080031f28
core   0: 0x000000008000fece (0x000097ba) c.add   a5, a4
core   0: 3 0x000000008000fece (0x97ba) x15 0x00000000800120dc
core   0: 0x000000008000fed0 (0xfe043703) ld      a4, -32(s0)
core   0: 3 0x000000008000fed0 (0xfe043703) x14 0x00000000800120bb mem 0x0000000080031f50
core   0: 0x000000008000fed4 (0xfcf76de3) bltu    a4, a5, pc - 38
core   0: 3 0x000000008000fed4 (0xfcf76de3)
core   0: 0x000000008000feae (0xfe043783) ld      a5, -32(s0)
core   0: 3 0x000000008000feae (0xfe043783) x15 0x00000000800120bb mem 0x0000000080031f50
core   0: 0x000000008000feb2 (0x00178713) addi    a4, a5, 1
core   0: 3 0x000000008000feb2 (0x00178713) x14 0x00000000800120bc
core   0: 0x000000008000feb6 (0xfee43023) sd      a4, -32(s0)
core   0: 3 0x000000008000feb6 (0xfee43023) mem 0x0000000080031f50 0x00000000800120bc
core   0: 0x000000008000feba (0xfc442703) lw      a4, -60(s0)
core   0: 3 0x000000008000feba (0xfc442703) x14 0x0000000000000000 mem 0x0000000080031f34
core   0: 0x000000008000febe (0x0ff77713) andi    a4, a4, 255
core   0: 3 0x000000008000febe (0x0ff77713) x14 0x0000000000000000
core   0: 0x000000008000fec2 (0x00e78023) sb      a4, 0(a5)
core   0: 3 0x000000008000fec2 (0x00e78023) mem 0x00000000800120bb 0x00
core   0: 0x000000008000fec6 (0xfc843703) ld      a4, -56(s0)
core   0: 3 0x000000008000fec6 (0xfc843703) x14 0x0000000080012040 mem 0x0000000080031f38
core   0: 0x000000008000feca (0xfb843783) ld      a5, -72(s0)
core   0: 3 0x000000008000feca (0xfb843783) x15 0x000000000000009c mem 0x0000000080031f28
core   0: 0x000000008000fece (0x000097ba) c.add   a5, a4
core   0: 3 0x000000008000fece (0x97ba) x15 0x00000000800120dc
core   0: 0x000000008000fed0 (0xfe043703) ld      a4, -32(s0)
core   0: 3 0x000000008000fed0 (0xfe043703) x14 0x00000000800120bc mem 0x0000000080031f50
core   0: 0x000000008000fed4 (0xfcf76de3) bltu    a4, a5, pc - 38
core   0: 3 0x000000008000fed4 (0xfcf76de3)
core   0: 0x000000008000feae (0xfe043783) ld      a5, -32(s0)
core   0: 3 0x000000008000feae (0xfe043783) x15 0x00000000800120bc mem 0x0000000080031f50
core   0: 0x000000008000feb2 (0x00178713) addi    a4, a5, 1
core   0: 3 0x000000008000feb2 (0x00178713) x14 0x00000000800120bd
core   0: 0x000000008000feb6 (0xfee43023) sd      a4, -32(s0)
core   0: 3 0x000000008000feb6 (0xfee43023) mem 0x0000000080031f50 0x00000000800120bd
core   0: 0x000000008000feba (0xfc442703) lw      a4, -60(s0)
core   0: 3 0x000000008000feba (0xfc442703) x14 0x0000000000000000 mem 0x0000000080031f34
core   0: 0x000000008000febe (0x0ff77713) andi    a4, a4, 255
core   0: 3 0x000000008000febe (0x0ff77713) x14 0x0000000000000000
core   0: 0x000000008000fec2 (0x00e78023) sb      a4, 0(a5)
core   0: 3 0x000000008000fec2 (0x00e78023) mem 0x00000000800120bc 0x00
core   0: 0x000000008000fec6 (0xfc843703) ld      a4, -56(s0)
core   0: 3 0x000000008000fec6 (0xfc843703) x14 0x0000000080012040 mem 0x0000000080031f38
core   0: 0x000000008000feca (0xfb843783) ld      a5, -72(s0)
core   0: 3 0x000000008000feca (0xfb843783) x15 0x000000000000009c mem 0x0000000080031f28
core   0: 0x000000008000fece (0x000097ba) c.add   a5, a4
core   0: 3 0x000000008000fece (0x97ba) x15 0x00000000800120dc
core   0: 0x000000008000fed0 (0xfe043703) ld      a4, -32(s0)
core   0: 3 0x000000008000fed0 (0xfe043703) x14 0x00000000800120bd mem 0x0000000080031f50
core   0: 0x000000008000fed4 (0xfcf76de3) bltu    a4, a5, pc - 38
core   0: 3 0x000000008000fed4 (0xfcf76de3)
core   0: 0x000000008000feae (0xfe043783) ld      a5, -32(s0)
core   0: 3 0x000000008000feae (0xfe043783) x15 0x00000000800120bd mem 0x0000000080031f50
core   0: 0x000000008000feb2 (0x00178713) addi    a4, a5, 1
core   0: 3 0x000000008000feb2 (0x00178713) x14 0x00000000800120be
core   0: 0x000000008000feb6 (0xfee43023) sd      a4, -32(s0)
core   0: 3 0x000000008000feb6 (0xfee43023) mem 0x0000000080031f50 0x00000000800120be
core   0: 0x000000008000feba (0xfc442703) lw      a4, -60(s0)
core   0: 3 0x000000008000feba (0xfc442703) x14 0x0000000000000000 mem 0x0000000080031f34
core   0: 0x000000008000febe (0x0ff77713) andi    a4, a4, 255
core   0: 3 0x000000008000febe (0x0ff77713) x14 0x0000000000000000
core   0: 0x000000008000fec2 (0x00e78023) sb      a4, 0(a5)
core   0: 3 0x000000008000fec2 (0x00e78023) mem 0x00000000800120bd 0x00
core   0: 0x000000008000fec6 (0xfc843703) ld      a4, -56(s0)
core   0: 3 0x000000008000fec6 (0xfc843703) x14 0x0000000080012040 mem 0x0000000080031f38
core   0: 0x000000008000feca (0xfb843783) ld      a5, -72(s0)
core   0: 3 0x000000008000feca (0xfb843783) x15 0x000000000000009c mem 0x0000000080031f28
core   0: 0x000000008000fece (0x000097ba) c.add   a5, a4
core   0: 3 0x000000008000fece (0x97ba) x15 0x00000000800120dc
core   0: 0x000000008000fed0 (0xfe043703) ld      a4, -32(s0)
core   0: 3 0x000000008000fed0 (0xfe043703) x14 0x00000000800120be mem 0x0000000080031f50
core   0: 0x000000008000fed4 (0xfcf76de3) bltu    a4, a5, pc - 38
core   0: 3 0x000000008000fed4 (0xfcf76de3)
core   0: 0x000000008000feae (0xfe043783) ld      a5, -32(s0)
core   0: 3 0x000000008000feae (0xfe043783) x15 0x00000000800120be mem 0x0000000080031f50
core   0: 0x000000008000feb2 (0x00178713) addi    a4, a5, 1
core   0: 3 0x000000008000feb2 (0x00178713) x14 0x00000000800120bf
core   0: 0x000000008000feb6 (0xfee43023) sd      a4, -32(s0)
core   0: 3 0x000000008000feb6 (0xfee43023) mem 0x0000000080031f50 0x00000000800120bf
core   0: 0x000000008000feba (0xfc442703) lw      a4, -60(s0)
core   0: 3 0x000000008000feba (0xfc442703) x14 0x0000000000000000 mem 0x0000000080031f34
core   0: 0x000000008000febe (0x0ff77713) andi    a4, a4, 255
core   0: 3 0x000000008000febe (0x0ff77713) x14 0x0000000000000000
core   0: 0x000000008000fec2 (0x00e78023) sb      a4, 0(a5)
core   0: 3 0x000000008000fec2 (0x00e78023) mem 0x00000000800120be 0x00
core   0: 0x000000008000fec6 (0xfc843703) ld      a4, -56(s0)
core   0: 3 0x000000008000fec6 (0xfc843703) x14 0x0000000080012040 mem 0x0000000080031f38
core   0: 0x000000008000feca (0xfb843783) ld      a5, -72(s0)
core   0: 3 0x000000008000feca (0xfb843783) x15 0x000000000000009c mem 0x0000000080031f28
core   0: 0x000000008000fece (0x000097ba) c.add   a5, a4
core   0: 3 0x000000008000fece (0x97ba) x15 0x00000000800120dc
core   0: 0x000000008000fed0 (0xfe043703) ld      a4, -32(s0)
core   0: 3 0x000000008000fed0 (0xfe043703) x14 0x00000000800120bf mem 0x0000000080031f50
core   0: 0x000000008000fed4 (0xfcf76de3) bltu    a4, a5, pc - 38
core   0: 3 0x000000008000fed4 (0xfcf76de3)
core   0: 0x000000008000feae (0xfe043783) ld      a5, -32(s0)
core   0: 3 0x000000008000feae (0xfe043783) x15 0x00000000800120bf mem 0x0000000080031f50
core   0: 0x000000008000feb2 (0x00178713) addi    a4, a5, 1
core   0: 3 0x000000008000feb2 (0x00178713) x14 0x00000000800120c0
core   0: 0x000000008000feb6 (0xfee43023) sd      a4, -32(s0)
core   0: 3 0x000000008000feb6 (0xfee43023) mem 0x0000000080031f50 0x00000000800120c0
core   0: 0x000000008000feba (0xfc442703) lw      a4, -60(s0)
core   0: 3 0x000000008000feba (0xfc442703) x14 0x0000000000000000 mem 0x0000000080031f34
core   0: 0x000000008000febe (0x0ff77713) andi    a4, a4, 255
core   0: 3 0x000000008000febe (0x0ff77713) x14 0x0000000000000000
core   0: 0x000000008000fec2 (0x00e78023) sb      a4, 0(a5)
core   0: 3 0x000000008000fec2 (0x00e78023) mem 0x00000000800120bf 0x00
core   0: 0x000000008000fec6 (0xfc843703) ld      a4, -56(s0)
core   0: 3 0x000000008000fec6 (0xfc843703) x14 0x0000000080012040 mem 0x0000000080031f38
core   0: 0x000000008000feca (0xfb843783) ld      a5, -72(s0)
core   0: 3 0x000000008000feca (0xfb843783) x15 0x000000000000009c mem 0x0000000080031f28
core   0: 0x000000008000fece (0x000097ba) c.add   a5, a4
core   0: 3 0x000000008000fece (0x97ba) x15 0x00000000800120dc
core   0: 0x000000008000fed0 (0xfe043703) ld      a4, -32(s0)
core   0: 3 0x000000008000fed0 (0xfe043703) x14 0x00000000800120c0 mem 0x0000000080031f50
core   0: 0x000000008000fed4 (0xfcf76de3) bltu    a4, a5, pc - 38
core   0: 3 0x000000008000fed4 (0xfcf76de3)
core   0: 0x000000008000feae (0xfe043783) ld      a5, -32(s0)
core   0: 3 0x000000008000feae (0xfe043783) x15 0x00000000800120c0 mem 0x0000000080031f50
core   0: 0x000000008000feb2 (0x00178713) addi    a4, a5, 1
core   0: 3 0x000000008000feb2 (0x00178713) x14 0x00000000800120c1
core   0: 0x000000008000feb6 (0xfee43023) sd      a4, -32(s0)
core   0: 3 0x000000008000feb6 (0xfee43023) mem 0x0000000080031f50 0x00000000800120c1
core   0: 0x000000008000feba (0xfc442703) lw      a4, -60(s0)
core   0: 3 0x000000008000feba (0xfc442703) x14 0x0000000000000000 mem 0x0000000080031f34
core   0: 0x000000008000febe (0x0ff77713) andi    a4, a4, 255
core   0: 3 0x000000008000febe (0x0ff77713) x14 0x0000000000000000
core   0: 0x000000008000fec2 (0x00e78023) sb      a4, 0(a5)
core   0: 3 0x000000008000fec2 (0x00e78023) mem 0x00000000800120c0 0x00
core   0: 0x000000008000fec6 (0xfc843703) ld      a4, -56(s0)
core   0: 3 0x000000008000fec6 (0xfc843703) x14 0x0000000080012040 mem 0x0000000080031f38
core   0: 0x000000008000feca (0xfb843783) ld      a5, -72(s0)
core   0: 3 0x000000008000feca (0xfb843783) x15 0x000000000000009c mem 0x0000000080031f28
core   0: 0x000000008000fece (0x000097ba) c.add   a5, a4
core   0: 3 0x000000008000fece (0x97ba) x15 0x00000000800120dc
core   0: 0x000000008000fed0 (0xfe043703) ld      a4, -32(s0)
core   0: 3 0x000000008000fed0 (0xfe043703) x14 0x00000000800120c1 mem 0x0000000080031f50
core   0: 0x000000008000fed4 (0xfcf76de3) bltu    a4, a5, pc - 38
core   0: 3 0x000000008000fed4 (0xfcf76de3)
core   0: 0x000000008000feae (0xfe043783) ld      a5, -32(s0)
core   0: 3 0x000000008000feae (0xfe043783) x15 0x00000000800120c1 mem 0x0000000080031f50
core   0: 0x000000008000feb2 (0x00178713) addi    a4, a5, 1
core   0: 3 0x000000008000feb2 (0x00178713) x14 0x00000000800120c2
core   0: 0x000000008000feb6 (0xfee43023) sd      a4, -32(s0)
core   0: 3 0x000000008000feb6 (0xfee43023) mem 0x0000000080031f50 0x00000000800120c2
core   0: 0x000000008000feba (0xfc442703) lw      a4, -60(s0)
core   0: 3 0x000000008000feba (0xfc442703) x14 0x0000000000000000 mem 0x0000000080031f34
core   0: 0x000000008000febe (0x0ff77713) andi    a4, a4, 255
core   0: 3 0x000000008000febe (0x0ff77713) x14 0x0000000000000000
core   0: 0x000000008000fec2 (0x00e78023) sb      a4, 0(a5)
core   0: 3 0x000000008000fec2 (0x00e78023) mem 0x00000000800120c1 0x00
core   0: 0x000000008000fec6 (0xfc843703) ld      a4, -56(s0)
core   0: 3 0x000000008000fec6 (0xfc843703) x14 0x0000000080012040 mem 0x0000000080031f38
core   0: 0x000000008000feca (0xfb843783) ld      a5, -72(s0)
core   0: 3 0x000000008000feca (0xfb843783) x15 0x000000000000009c mem 0x0000000080031f28
core   0: 0x000000008000fece (0x000097ba) c.add   a5, a4
core   0: 3 0x000000008000fece (0x97ba) x15 0x00000000800120dc
core   0: 0x000000008000fed0 (0xfe043703) ld      a4, -32(s0)
core   0: 3 0x000000008000fed0 (0xfe043703) x14 0x00000000800120c2 mem 0x0000000080031f50
core   0: 0x000000008000fed4 (0xfcf76de3) bltu    a4, a5, pc - 38
core   0: 3 0x000000008000fed4 (0xfcf76de3)
core   0: 0x000000008000feae (0xfe043783) ld      a5, -32(s0)
core   0: 3 0x000000008000feae (0xfe043783) x15 0x00000000800120c2 mem 0x0000000080031f50
core   0: 0x000000008000feb2 (0x00178713) addi    a4, a5, 1
core   0: 3 0x000000008000feb2 (0x00178713) x14 0x00000000800120c3
core   0: 0x000000008000feb6 (0xfee43023) sd      a4, -32(s0)
core   0: 3 0x000000008000feb6 (0xfee43023) mem 0x0000000080031f50 0x00000000800120c3
core   0: 0x000000008000feba (0xfc442703) lw      a4, -60(s0)
core   0: 3 0x000000008000feba (0xfc442703) x14 0x0000000000000000 mem 0x0000000080031f34
core   0: 0x000000008000febe (0x0ff77713) andi    a4, a4, 255
core   0: 3 0x000000008000febe (0x0ff77713) x14 0x0000000000000000
core   0: 0x000000008000fec2 (0x00e78023) sb      a4, 0(a5)
core   0: 3 0x000000008000fec2 (0x00e78023) mem 0x00000000800120c2 0x00
core   0: 0x000000008000fec6 (0xfc843703) ld      a4, -56(s0)
core   0: 3 0x000000008000fec6 (0xfc843703) x14 0x0000000080012040 mem 0x0000000080031f38
core   0: 0x000000008000feca (0xfb843783) ld      a5, -72(s0)
core   0: 3 0x000000008000feca (0xfb843783) x15 0x000000000000009c mem 0x0000000080031f28
core   0: 0x000000008000fece (0x000097ba) c.add   a5, a4
core   0: 3 0x000000008000fece (0x97ba) x15 0x00000000800120dc
core   0: 0x000000008000fed0 (0xfe043703) ld      a4, -32(s0)
core   0: 3 0x000000008000fed0 (0xfe043703) x14 0x00000000800120c3 mem 0x0000000080031f50
core   0: 0x000000008000fed4 (0xfcf76de3) bltu    a4, a5, pc - 38
core   0: 3 0x000000008000fed4 (0xfcf76de3)
core   0: 0x000000008000feae (0xfe043783) ld      a5, -32(s0)
core   0: 3 0x000000008000feae (0xfe043783) x15 0x00000000800120c3 mem 0x0000000080031f50
core   0: 0x000000008000feb2 (0x00178713) addi    a4, a5, 1
core   0: 3 0x000000008000feb2 (0x00178713) x14 0x00000000800120c4
core   0: 0x000000008000feb6 (0xfee43023) sd      a4, -32(s0)
core   0: 3 0x000000008000feb6 (0xfee43023) mem 0x0000000080031f50 0x00000000800120c4
core   0: 0x000000008000feba (0xfc442703) lw      a4, -60(s0)
core   0: 3 0x000000008000feba (0xfc442703) x14 0x0000000000000000 mem 0x0000000080031f34
core   0: 0x000000008000febe (0x0ff77713) andi    a4, a4, 255
core   0: 3 0x000000008000febe (0x0ff77713) x14 0x0000000000000000
core   0: 0x000000008000fec2 (0x00e78023) sb      a4, 0(a5)
core   0: 3 0x000000008000fec2 (0x00e78023) mem 0x00000000800120c3 0x00
core   0: 0x000000008000fec6 (0xfc843703) ld      a4, -56(s0)
core   0: 3 0x000000008000fec6 (0xfc843703) x14 0x0000000080012040 mem 0x0000000080031f38
core   0: 0x000000008000feca (0xfb843783) ld      a5, -72(s0)
core   0: 3 0x000000008000feca (0xfb843783) x15 0x000000000000009c mem 0x0000000080031f28
core   0: 0x000000008000fece (0x000097ba) c.add   a5, a4
core   0: 3 0x000000008000fece (0x97ba) x15 0x00000000800120dc
core   0: 0x000000008000fed0 (0xfe043703) ld      a4, -32(s0)
core   0: 3 0x000000008000fed0 (0xfe043703) x14 0x00000000800120c4 mem 0x0000000080031f50
core   0: 0x000000008000fed4 (0xfcf76de3) bltu    a4, a5, pc - 38
core   0: 3 0x000000008000fed4 (0xfcf76de3)
core   0: 0x000000008000feae (0xfe043783) ld      a5, -32(s0)
core   0: 3 0x000000008000feae (0xfe043783) x15 0x00000000800120c4 mem 0x0000000080031f50
core   0: 0x000000008000feb2 (0x00178713) addi    a4, a5, 1
core   0: 3 0x000000008000feb2 (0x00178713) x14 0x00000000800120c5
core   0: 0x000000008000feb6 (0xfee43023) sd      a4, -32(s0)
core   0: 3 0x000000008000feb6 (0xfee43023) mem 0x0000000080031f50 0x00000000800120c5
core   0: 0x000000008000feba (0xfc442703) lw      a4, -60(s0)
core   0: 3 0x000000008000feba (0xfc442703) x14 0x0000000000000000 mem 0x0000000080031f34
core   0: 0x000000008000febe (0x0ff77713) andi    a4, a4, 255
core   0: 3 0x000000008000febe (0x0ff77713) x14 0x0000000000000000
core   0: 0x000000008000fec2 (0x00e78023) sb      a4, 0(a5)
core   0: 3 0x000000008000fec2 (0x00e78023) mem 0x00000000800120c4 0x00
core   0: 0x000000008000fec6 (0xfc843703) ld      a4, -56(s0)
core   0: 3 0x000000008000fec6 (0xfc843703) x14 0x0000000080012040 mem 0x0000000080031f38
core   0: 0x000000008000feca (0xfb843783) ld      a5, -72(s0)
core   0: 3 0x000000008000feca (0xfb843783) x15 0x000000000000009c mem 0x0000000080031f28
core   0: 0x000000008000fece (0x000097ba) c.add   a5, a4
core   0: 3 0x000000008000fece (0x97ba) x15 0x00000000800120dc
core   0: 0x000000008000fed0 (0xfe043703) ld      a4, -32(s0)
core   0: 3 0x000000008000fed0 (0xfe043703) x14 0x00000000800120c5 mem 0x0000000080031f50
core   0: 0x000000008000fed4 (0xfcf76de3) bltu    a4, a5, pc - 38
core   0: 3 0x000000008000fed4 (0xfcf76de3)
core   0: 0x000000008000feae (0xfe043783) ld      a5, -32(s0)
core   0: 3 0x000000008000feae (0xfe043783) x15 0x00000000800120c5 mem 0x0000000080031f50
core   0: 0x000000008000feb2 (0x00178713) addi    a4, a5, 1
core   0: 3 0x000000008000feb2 (0x00178713) x14 0x00000000800120c6
core   0: 0x000000008000feb6 (0xfee43023) sd      a4, -32(s0)
core   0: 3 0x000000008000feb6 (0xfee43023) mem 0x0000000080031f50 0x00000000800120c6
core   0: 0x000000008000feba (0xfc442703) lw      a4, -60(s0)
core   0: 3 0x000000008000feba (0xfc442703) x14 0x0000000000000000 mem 0x0000000080031f34
core   0: 0x000000008000febe (0x0ff77713) andi    a4, a4, 255
core   0: 3 0x000000008000febe (0x0ff77713) x14 0x0000000000000000
core   0: 0x000000008000fec2 (0x00e78023) sb      a4, 0(a5)
core   0: 3 0x000000008000fec2 (0x00e78023) mem 0x00000000800120c5 0x00
core   0: 0x000000008000fec6 (0xfc843703) ld      a4, -56(s0)
core   0: 3 0x000000008000fec6 (0xfc843703) x14 0x0000000080012040 mem 0x0000000080031f38
core   0: 0x000000008000feca (0xfb843783) ld      a5, -72(s0)
core   0: 3 0x000000008000feca (0xfb843783) x15 0x000000000000009c mem 0x0000000080031f28
core   0: 0x000000008000fece (0x000097ba) c.add   a5, a4
core   0: 3 0x000000008000fece (0x97ba) x15 0x00000000800120dc
core   0: 0x000000008000fed0 (0xfe043703) ld      a4, -32(s0)
core   0: 3 0x000000008000fed0 (0xfe043703) x14 0x00000000800120c6 mem 0x0000000080031f50
core   0: 0x000000008000fed4 (0xfcf76de3) bltu    a4, a5, pc - 38
core   0: 3 0x000000008000fed4 (0xfcf76de3)
core   0: 0x000000008000feae (0xfe043783) ld      a5, -32(s0)
core   0: 3 0x000000008000feae (0xfe043783) x15 0x00000000800120c6 mem 0x0000000080031f50
core   0: 0x000000008000feb2 (0x00178713) addi    a4, a5, 1
core   0: 3 0x000000008000feb2 (0x00178713) x14 0x00000000800120c7
core   0: 0x000000008000feb6 (0xfee43023) sd      a4, -32(s0)
core   0: 3 0x000000008000feb6 (0xfee43023) mem 0x0000000080031f50 0x00000000800120c7
core   0: 0x000000008000feba (0xfc442703) lw      a4, -60(s0)
core   0: 3 0x000000008000feba (0xfc442703) x14 0x0000000000000000 mem 0x0000000080031f34
core   0: 0x000000008000febe (0x0ff77713) andi    a4, a4, 255
core   0: 3 0x000000008000febe (0x0ff77713) x14 0x0000000000000000
core   0: 0x000000008000fec2 (0x00e78023) sb      a4, 0(a5)
core   0: 3 0x000000008000fec2 (0x00e78023) mem 0x00000000800120c6 0x00
core   0: 0x000000008000fec6 (0xfc843703) ld      a4, -56(s0)
core   0: 3 0x000000008000fec6 (0xfc843703) x14 0x0000000080012040 mem 0x0000000080031f38
core   0: 0x000000008000feca (0xfb843783) ld      a5, -72(s0)
core   0: 3 0x000000008000feca (0xfb843783) x15 0x000000000000009c mem 0x0000000080031f28
core   0: 0x000000008000fece (0x000097ba) c.add   a5, a4
core   0: 3 0x000000008000fece (0x97ba) x15 0x00000000800120dc
core   0: 0x000000008000fed0 (0xfe043703) ld      a4, -32(s0)
core   0: 3 0x000000008000fed0 (0xfe043703) x14 0x00000000800120c7 mem 0x0000000080031f50
core   0: 0x000000008000fed4 (0xfcf76de3) bltu    a4, a5, pc - 38
core   0: 3 0x000000008000fed4 (0xfcf76de3)
core   0: 0x000000008000feae (0xfe043783) ld      a5, -32(s0)
core   0: 3 0x000000008000feae (0xfe043783) x15 0x00000000800120c7 mem 0x0000000080031f50
core   0: 0x000000008000feb2 (0x00178713) addi    a4, a5, 1
core   0: 3 0x000000008000feb2 (0x00178713) x14 0x00000000800120c8
core   0: 0x000000008000feb6 (0xfee43023) sd      a4, -32(s0)
core   0: 3 0x000000008000feb6 (0xfee43023) mem 0x0000000080031f50 0x00000000800120c8
core   0: 0x000000008000feba (0xfc442703) lw      a4, -60(s0)
core   0: 3 0x000000008000feba (0xfc442703) x14 0x0000000000000000 mem 0x0000000080031f34
core   0: 0x000000008000febe (0x0ff77713) andi    a4, a4, 255
core   0: 3 0x000000008000febe (0x0ff77713) x14 0x0000000000000000
core   0: 0x000000008000fec2 (0x00e78023) sb      a4, 0(a5)
core   0: 3 0x000000008000fec2 (0x00e78023) mem 0x00000000800120c7 0x00
core   0: 0x000000008000fec6 (0xfc843703) ld      a4, -56(s0)
core   0: 3 0x000000008000fec6 (0xfc843703) x14 0x0000000080012040 mem 0x0000000080031f38
core   0: 0x000000008000feca (0xfb843783) ld      a5, -72(s0)
core   0: 3 0x000000008000feca (0xfb843783) x15 0x000000000000009c mem 0x0000000080031f28
core   0: 0x000000008000fece (0x000097ba) c.add   a5, a4
core   0: 3 0x000000008000fece (0x97ba) x15 0x00000000800120dc
core   0: 0x000000008000fed0 (0xfe043703) ld      a4, -32(s0)
core   0: 3 0x000000008000fed0 (0xfe043703) x14 0x00000000800120c8 mem 0x0000000080031f50
core   0: 0x000000008000fed4 (0xfcf76de3) bltu    a4, a5, pc - 38
core   0: 3 0x000000008000fed4 (0xfcf76de3)
core   0: 0x000000008000feae (0xfe043783) ld      a5, -32(s0)
core   0: 3 0x000000008000feae (0xfe043783) x15 0x00000000800120c8 mem 0x0000000080031f50
core   0: 0x000000008000feb2 (0x00178713) addi    a4, a5, 1
core   0: 3 0x000000008000feb2 (0x00178713) x14 0x00000000800120c9
core   0: 0x000000008000feb6 (0xfee43023) sd      a4, -32(s0)
core   0: 3 0x000000008000feb6 (0xfee43023) mem 0x0000000080031f50 0x00000000800120c9
core   0: 0x000000008000feba (0xfc442703) lw      a4, -60(s0)
core   0: 3 0x000000008000feba (0xfc442703) x14 0x0000000000000000 mem 0x0000000080031f34
core   0: 0x000000008000febe (0x0ff77713) andi    a4, a4, 255
core   0: 3 0x000000008000febe (0x0ff77713) x14 0x0000000000000000
core   0: 0x000000008000fec2 (0x00e78023) sb      a4, 0(a5)
core   0: 3 0x000000008000fec2 (0x00e78023) mem 0x00000000800120c8 0x00
core   0: 0x000000008000fec6 (0xfc843703) ld      a4, -56(s0)
core   0: 3 0x000000008000fec6 (0xfc843703) x14 0x0000000080012040 mem 0x0000000080031f38
core   0: 0x000000008000feca (0xfb843783) ld      a5, -72(s0)
core   0: 3 0x000000008000feca (0xfb843783) x15 0x000000000000009c mem 0x0000000080031f28
core   0: 0x000000008000fece (0x000097ba) c.add   a5, a4
core   0: 3 0x000000008000fece (0x97ba) x15 0x00000000800120dc
core   0: 0x000000008000fed0 (0xfe043703) ld      a4, -32(s0)
core   0: 3 0x000000008000fed0 (0xfe043703) x14 0x00000000800120c9 mem 0x0000000080031f50
core   0: 0x000000008000fed4 (0xfcf76de3) bltu    a4, a5, pc - 38
core   0: 3 0x000000008000fed4 (0xfcf76de3)
core   0: 0x000000008000feae (0xfe043783) ld      a5, -32(s0)
core   0: 3 0x000000008000feae (0xfe043783) x15 0x00000000800120c9 mem 0x0000000080031f50
core   0: 0x000000008000feb2 (0x00178713) addi    a4, a5, 1
core   0: 3 0x000000008000feb2 (0x00178713) x14 0x00000000800120ca
core   0: 0x000000008000feb6 (0xfee43023) sd      a4, -32(s0)
core   0: 3 0x000000008000feb6 (0xfee43023) mem 0x0000000080031f50 0x00000000800120ca
core   0: 0x000000008000feba (0xfc442703) lw      a4, -60(s0)
core   0: 3 0x000000008000feba (0xfc442703) x14 0x0000000000000000 mem 0x0000000080031f34
core   0: 0x000000008000febe (0x0ff77713) andi    a4, a4, 255
core   0: 3 0x000000008000febe (0x0ff77713) x14 0x0000000000000000
core   0: 0x000000008000fec2 (0x00e78023) sb      a4, 0(a5)
core   0: 3 0x000000008000fec2 (0x00e78023) mem 0x00000000800120c9 0x00
core   0: 0x000000008000fec6 (0xfc843703) ld      a4, -56(s0)
core   0: 3 0x000000008000fec6 (0xfc843703) x14 0x0000000080012040 mem 0x0000000080031f38
core   0: 0x000000008000feca (0xfb843783) ld      a5, -72(s0)
core   0: 3 0x000000008000feca (0xfb843783) x15 0x000000000000009c mem 0x0000000080031f28
core   0: 0x000000008000fece (0x000097ba) c.add   a5, a4
core   0: 3 0x000000008000fece (0x97ba) x15 0x00000000800120dc
core   0: 0x000000008000fed0 (0xfe043703) ld      a4, -32(s0)
core   0: 3 0x000000008000fed0 (0xfe043703) x14 0x00000000800120ca mem 0x0000000080031f50
core   0: 0x000000008000fed4 (0xfcf76de3) bltu    a4, a5, pc - 38
core   0: 3 0x000000008000fed4 (0xfcf76de3)
core   0: 0x000000008000feae (0xfe043783) ld      a5, -32(s0)
core   0: 3 0x000000008000feae (0xfe043783) x15 0x00000000800120ca mem 0x0000000080031f50
core   0: 0x000000008000feb2 (0x00178713) addi    a4, a5, 1
core   0: 3 0x000000008000feb2 (0x00178713) x14 0x00000000800120cb
core   0: 0x000000008000feb6 (0xfee43023) sd      a4, -32(s0)
core   0: 3 0x000000008000feb6 (0xfee43023) mem 0x0000000080031f50 0x00000000800120cb
core   0: 0x000000008000feba (0xfc442703) lw      a4, -60(s0)
core   0: 3 0x000000008000feba (0xfc442703) x14 0x0000000000000000 mem 0x0000000080031f34
core   0: 0x000000008000febe (0x0ff77713) andi    a4, a4, 255
core   0: 3 0x000000008000febe (0x0ff77713) x14 0x0000000000000000
core   0: 0x000000008000fec2 (0x00e78023) sb      a4, 0(a5)
core   0: 3 0x000000008000fec2 (0x00e78023) mem 0x00000000800120ca 0x00
core   0: 0x000000008000fec6 (0xfc843703) ld      a4, -56(s0)
core   0: 3 0x000000008000fec6 (0xfc843703) x14 0x0000000080012040 mem 0x0000000080031f38
core   0: 0x000000008000feca (0xfb843783) ld      a5, -72(s0)
core   0: 3 0x000000008000feca (0xfb843783) x15 0x000000000000009c mem 0x0000000080031f28
core   0: 0x000000008000fece (0x000097ba) c.add   a5, a4
core   0: 3 0x000000008000fece (0x97ba) x15 0x00000000800120dc
core   0: 0x000000008000fed0 (0xfe043703) ld      a4, -32(s0)
core   0: 3 0x000000008000fed0 (0xfe043703) x14 0x00000000800120cb mem 0x0000000080031f50
core   0: 0x000000008000fed4 (0xfcf76de3) bltu    a4, a5, pc - 38
core   0: 3 0x000000008000fed4 (0xfcf76de3)
core   0: 0x000000008000feae (0xfe043783) ld      a5, -32(s0)
core   0: 3 0x000000008000feae (0xfe043783) x15 0x00000000800120cb mem 0x0000000080031f50
core   0: 0x000000008000feb2 (0x00178713) addi    a4, a5, 1
core   0: 3 0x000000008000feb2 (0x00178713) x14 0x00000000800120cc
core   0: 0x000000008000feb6 (0xfee43023) sd      a4, -32(s0)
core   0: 3 0x000000008000feb6 (0xfee43023) mem 0x0000000080031f50 0x00000000800120cc
core   0: 0x000000008000feba (0xfc442703) lw      a4, -60(s0)
core   0: 3 0x000000008000feba (0xfc442703) x14 0x0000000000000000 mem 0x0000000080031f34
core   0: 0x000000008000febe (0x0ff77713) andi    a4, a4, 255
core   0: 3 0x000000008000febe (0x0ff77713) x14 0x0000000000000000
core   0: 0x000000008000fec2 (0x00e78023) sb      a4, 0(a5)
core   0: 3 0x000000008000fec2 (0x00e78023) mem 0x00000000800120cb 0x00
core   0: 0x000000008000fec6 (0xfc843703) ld      a4, -56(s0)
core   0: 3 0x000000008000fec6 (0xfc843703) x14 0x0000000080012040 mem 0x0000000080031f38
core   0: 0x000000008000feca (0xfb843783) ld      a5, -72(s0)
core   0: 3 0x000000008000feca (0xfb843783) x15 0x000000000000009c mem 0x0000000080031f28
core   0: 0x000000008000fece (0x000097ba) c.add   a5, a4
core   0: 3 0x000000008000fece (0x97ba) x15 0x00000000800120dc
core   0: 0x000000008000fed0 (0xfe043703) ld      a4, -32(s0)
core   0: 3 0x000000008000fed0 (0xfe043703) x14 0x00000000800120cc mem 0x0000000080031f50
core   0: 0x000000008000fed4 (0xfcf76de3) bltu    a4, a5, pc - 38
core   0: 3 0x000000008000fed4 (0xfcf76de3)
core   0: 0x000000008000feae (0xfe043783) ld      a5, -32(s0)
core   0: 3 0x000000008000feae (0xfe043783) x15 0x00000000800120cc mem 0x0000000080031f50
core   0: 0x000000008000feb2 (0x00178713) addi    a4, a5, 1
core   0: 3 0x000000008000feb2 (0x00178713) x14 0x00000000800120cd
core   0: 0x000000008000feb6 (0xfee43023) sd      a4, -32(s0)
core   0: 3 0x000000008000feb6 (0xfee43023) mem 0x0000000080031f50 0x00000000800120cd
core   0: 0x000000008000feba (0xfc442703) lw      a4, -60(s0)
core   0: 3 0x000000008000feba (0xfc442703) x14 0x0000000000000000 mem 0x0000000080031f34
core   0: 0x000000008000febe (0x0ff77713) andi    a4, a4, 255
core   0: 3 0x000000008000febe (0x0ff77713) x14 0x0000000000000000
core   0: 0x000000008000fec2 (0x00e78023) sb      a4, 0(a5)
core   0: 3 0x000000008000fec2 (0x00e78023) mem 0x00000000800120cc 0x00
core   0: 0x000000008000fec6 (0xfc843703) ld      a4, -56(s0)
core   0: 3 0x000000008000fec6 (0xfc843703) x14 0x0000000080012040 mem 0x0000000080031f38
core   0: 0x000000008000feca (0xfb843783) ld      a5, -72(s0)
core   0: 3 0x000000008000feca (0xfb843783) x15 0x000000000000009c mem 0x0000000080031f28
core   0: 0x000000008000fece (0x000097ba) c.add   a5, a4
core   0: 3 0x000000008000fece (0x97ba) x15 0x00000000800120dc
core   0: 0x000000008000fed0 (0xfe043703) ld      a4, -32(s0)
core   0: 3 0x000000008000fed0 (0xfe043703) x14 0x00000000800120cd mem 0x0000000080031f50
core   0: 0x000000008000fed4 (0xfcf76de3) bltu    a4, a5, pc - 38
core   0: 3 0x000000008000fed4 (0xfcf76de3)
core   0: 0x000000008000feae (0xfe043783) ld      a5, -32(s0)
core   0: 3 0x000000008000feae (0xfe043783) x15 0x00000000800120cd mem 0x0000000080031f50
core   0: 0x000000008000feb2 (0x00178713) addi    a4, a5, 1
core   0: 3 0x000000008000feb2 (0x00178713) x14 0x00000000800120ce
core   0: 0x000000008000feb6 (0xfee43023) sd      a4, -32(s0)
core   0: 3 0x000000008000feb6 (0xfee43023) mem 0x0000000080031f50 0x00000000800120ce
core   0: 0x000000008000feba (0xfc442703) lw      a4, -60(s0)
core   0: 3 0x000000008000feba (0xfc442703) x14 0x0000000000000000 mem 0x0000000080031f34
core   0: 0x000000008000febe (0x0ff77713) andi    a4, a4, 255
core   0: 3 0x000000008000febe (0x0ff77713) x14 0x0000000000000000
core   0: 0x000000008000fec2 (0x00e78023) sb      a4, 0(a5)
core   0: 3 0x000000008000fec2 (0x00e78023) mem 0x00000000800120cd 0x00
core   0: 0x000000008000fec6 (0xfc843703) ld      a4, -56(s0)
core   0: 3 0x000000008000fec6 (0xfc843703) x14 0x0000000080012040 mem 0x0000000080031f38
core   0: 0x000000008000feca (0xfb843783) ld      a5, -72(s0)
core   0: 3 0x000000008000feca (0xfb843783) x15 0x000000000000009c mem 0x0000000080031f28
core   0: 0x000000008000fece (0x000097ba) c.add   a5, a4
core   0: 3 0x000000008000fece (0x97ba) x15 0x00000000800120dc
core   0: 0x000000008000fed0 (0xfe043703) ld      a4, -32(s0)
core   0: 3 0x000000008000fed0 (0xfe043703) x14 0x00000000800120ce mem 0x0000000080031f50
core   0: 0x000000008000fed4 (0xfcf76de3) bltu    a4, a5, pc - 38
core   0: 3 0x000000008000fed4 (0xfcf76de3)
core   0: 0x000000008000feae (0xfe043783) ld      a5, -32(s0)
core   0: 3 0x000000008000feae (0xfe043783) x15 0x00000000800120ce mem 0x0000000080031f50
core   0: 0x000000008000feb2 (0x00178713) addi    a4, a5, 1
core   0: 3 0x000000008000feb2 (0x00178713) x14 0x00000000800120cf
core   0: 0x000000008000feb6 (0xfee43023) sd      a4, -32(s0)
core   0: 3 0x000000008000feb6 (0xfee43023) mem 0x0000000080031f50 0x00000000800120cf
core   0: 0x000000008000feba (0xfc442703) lw      a4, -60(s0)
core   0: 3 0x000000008000feba (0xfc442703) x14 0x0000000000000000 mem 0x0000000080031f34
core   0: 0x000000008000febe (0x0ff77713) andi    a4, a4, 255
core   0: 3 0x000000008000febe (0x0ff77713) x14 0x0000000000000000
core   0: 0x000000008000fec2 (0x00e78023) sb      a4, 0(a5)
core   0: 3 0x000000008000fec2 (0x00e78023) mem 0x00000000800120ce 0x00
core   0: 0x000000008000fec6 (0xfc843703) ld      a4, -56(s0)
core   0: 3 0x000000008000fec6 (0xfc843703) x14 0x0000000080012040 mem 0x0000000080031f38
core   0: 0x000000008000feca (0xfb843783) ld      a5, -72(s0)
core   0: 3 0x000000008000feca (0xfb843783) x15 0x000000000000009c mem 0x0000000080031f28
core   0: 0x000000008000fece (0x000097ba) c.add   a5, a4
core   0: 3 0x000000008000fece (0x97ba) x15 0x00000000800120dc
core   0: 0x000000008000fed0 (0xfe043703) ld      a4, -32(s0)
core   0: 3 0x000000008000fed0 (0xfe043703) x14 0x00000000800120cf mem 0x0000000080031f50
core   0: 0x000000008000fed4 (0xfcf76de3) bltu    a4, a5, pc - 38
core   0: 3 0x000000008000fed4 (0xfcf76de3)
core   0: 0x000000008000feae (0xfe043783) ld      a5, -32(s0)
core   0: 3 0x000000008000feae (0xfe043783) x15 0x00000000800120cf mem 0x0000000080031f50
core   0: 0x000000008000feb2 (0x00178713) addi    a4, a5, 1
core   0: 3 0x000000008000feb2 (0x00178713) x14 0x00000000800120d0
core   0: 0x000000008000feb6 (0xfee43023) sd      a4, -32(s0)
core   0: 3 0x000000008000feb6 (0xfee43023) mem 0x0000000080031f50 0x00000000800120d0
core   0: 0x000000008000feba (0xfc442703) lw      a4, -60(s0)
core   0: 3 0x000000008000feba (0xfc442703) x14 0x0000000000000000 mem 0x0000000080031f34
core   0: 0x000000008000febe (0x0ff77713) andi    a4, a4, 255
core   0: 3 0x000000008000febe (0x0ff77713) x14 0x0000000000000000
core   0: 0x000000008000fec2 (0x00e78023) sb      a4, 0(a5)
core   0: 3 0x000000008000fec2 (0x00e78023) mem 0x00000000800120cf 0x00
core   0: 0x000000008000fec6 (0xfc843703) ld      a4, -56(s0)
core   0: 3 0x000000008000fec6 (0xfc843703) x14 0x0000000080012040 mem 0x0000000080031f38
core   0: 0x000000008000feca (0xfb843783) ld      a5, -72(s0)
core   0: 3 0x000000008000feca (0xfb843783) x15 0x000000000000009c mem 0x0000000080031f28
core   0: 0x000000008000fece (0x000097ba) c.add   a5, a4
core   0: 3 0x000000008000fece (0x97ba) x15 0x00000000800120dc
core   0: 0x000000008000fed0 (0xfe043703) ld      a4, -32(s0)
core   0: 3 0x000000008000fed0 (0xfe043703) x14 0x00000000800120d0 mem 0x0000000080031f50
core   0: 0x000000008000fed4 (0xfcf76de3) bltu    a4, a5, pc - 38
core   0: 3 0x000000008000fed4 (0xfcf76de3)
core   0: 0x000000008000feae (0xfe043783) ld      a5, -32(s0)
core   0: 3 0x000000008000feae (0xfe043783) x15 0x00000000800120d0 mem 0x0000000080031f50
core   0: 0x000000008000feb2 (0x00178713) addi    a4, a5, 1
core   0: 3 0x000000008000feb2 (0x00178713) x14 0x00000000800120d1
core   0: 0x000000008000feb6 (0xfee43023) sd      a4, -32(s0)
core   0: 3 0x000000008000feb6 (0xfee43023) mem 0x0000000080031f50 0x00000000800120d1
core   0: 0x000000008000feba (0xfc442703) lw      a4, -60(s0)
core   0: 3 0x000000008000feba (0xfc442703) x14 0x0000000000000000 mem 0x0000000080031f34
core   0: 0x000000008000febe (0x0ff77713) andi    a4, a4, 255
core   0: 3 0x000000008000febe (0x0ff77713) x14 0x0000000000000000
core   0: 0x000000008000fec2 (0x00e78023) sb      a4, 0(a5)
core   0: 3 0x000000008000fec2 (0x00e78023) mem 0x00000000800120d0 0x00
core   0: 0x000000008000fec6 (0xfc843703) ld      a4, -56(s0)
core   0: 3 0x000000008000fec6 (0xfc843703) x14 0x0000000080012040 mem 0x0000000080031f38
core   0: 0x000000008000feca (0xfb843783) ld      a5, -72(s0)
core   0: 3 0x000000008000feca (0xfb843783) x15 0x000000000000009c mem 0x0000000080031f28
core   0: 0x000000008000fece (0x000097ba) c.add   a5, a4
core   0: 3 0x000000008000fece (0x97ba) x15 0x00000000800120dc
core   0: 0x000000008000fed0 (0xfe043703) ld      a4, -32(s0)
core   0: 3 0x000000008000fed0 (0xfe043703) x14 0x00000000800120d1 mem 0x0000000080031f50
core   0: 0x000000008000fed4 (0xfcf76de3) bltu    a4, a5, pc - 38
core   0: 3 0x000000008000fed4 (0xfcf76de3)
core   0: 0x000000008000feae (0xfe043783) ld      a5, -32(s0)
core   0: 3 0x000000008000feae (0xfe043783) x15 0x00000000800120d1 mem 0x0000000080031f50
core   0: 0x000000008000feb2 (0x00178713) addi    a4, a5, 1
core   0: 3 0x000000008000feb2 (0x00178713) x14 0x00000000800120d2
core   0: 0x000000008000feb6 (0xfee43023) sd      a4, -32(s0)
core   0: 3 0x000000008000feb6 (0xfee43023) mem 0x0000000080031f50 0x00000000800120d2
core   0: 0x000000008000feba (0xfc442703) lw      a4, -60(s0)
core   0: 3 0x000000008000feba (0xfc442703) x14 0x0000000000000000 mem 0x0000000080031f34
core   0: 0x000000008000febe (0x0ff77713) andi    a4, a4, 255
core   0: 3 0x000000008000febe (0x0ff77713) x14 0x0000000000000000
core   0: 0x000000008000fec2 (0x00e78023) sb      a4, 0(a5)
core   0: 3 0x000000008000fec2 (0x00e78023) mem 0x00000000800120d1 0x00
core   0: 0x000000008000fec6 (0xfc843703) ld      a4, -56(s0)
core   0: 3 0x000000008000fec6 (0xfc843703) x14 0x0000000080012040 mem 0x0000000080031f38
core   0: 0x000000008000feca (0xfb843783) ld      a5, -72(s0)
core   0: 3 0x000000008000feca (0xfb843783) x15 0x000000000000009c mem 0x0000000080031f28
core   0: 0x000000008000fece (0x000097ba) c.add   a5, a4
core   0: 3 0x000000008000fece (0x97ba) x15 0x00000000800120dc
core   0: 0x000000008000fed0 (0xfe043703) ld      a4, -32(s0)
core   0: 3 0x000000008000fed0 (0xfe043703) x14 0x00000000800120d2 mem 0x0000000080031f50
core   0: 0x000000008000fed4 (0xfcf76de3) bltu    a4, a5, pc - 38
core   0: 3 0x000000008000fed4 (0xfcf76de3)
core   0: 0x000000008000feae (0xfe043783) ld      a5, -32(s0)
core   0: 3 0x000000008000feae (0xfe043783) x15 0x00000000800120d2 mem 0x0000000080031f50
core   0: 0x000000008000feb2 (0x00178713) addi    a4, a5, 1
core   0: 3 0x000000008000feb2 (0x00178713) x14 0x00000000800120d3
core   0: 0x000000008000feb6 (0xfee43023) sd      a4, -32(s0)
core   0: 3 0x000000008000feb6 (0xfee43023) mem 0x0000000080031f50 0x00000000800120d3
core   0: 0x000000008000feba (0xfc442703) lw      a4, -60(s0)
core   0: 3 0x000000008000feba (0xfc442703) x14 0x0000000000000000 mem 0x0000000080031f34
core   0: 0x000000008000febe (0x0ff77713) andi    a4, a4, 255
core   0: 3 0x000000008000febe (0x0ff77713) x14 0x0000000000000000
core   0: 0x000000008000fec2 (0x00e78023) sb      a4, 0(a5)
core   0: 3 0x000000008000fec2 (0x00e78023) mem 0x00000000800120d2 0x00
core   0: 0x000000008000fec6 (0xfc843703) ld      a4, -56(s0)
core   0: 3 0x000000008000fec6 (0xfc843703) x14 0x0000000080012040 mem 0x0000000080031f38
core   0: 0x000000008000feca (0xfb843783) ld      a5, -72(s0)
core   0: 3 0x000000008000feca (0xfb843783) x15 0x000000000000009c mem 0x0000000080031f28
core   0: 0x000000008000fece (0x000097ba) c.add   a5, a4
core   0: 3 0x000000008000fece (0x97ba) x15 0x00000000800120dc
core   0: 0x000000008000fed0 (0xfe043703) ld      a4, -32(s0)
core   0: 3 0x000000008000fed0 (0xfe043703) x14 0x00000000800120d3 mem 0x0000000080031f50
core   0: 0x000000008000fed4 (0xfcf76de3) bltu    a4, a5, pc - 38
core   0: 3 0x000000008000fed4 (0xfcf76de3)
core   0: 0x000000008000feae (0xfe043783) ld      a5, -32(s0)
core   0: 3 0x000000008000feae (0xfe043783) x15 0x00000000800120d3 mem 0x0000000080031f50
core   0: 0x000000008000feb2 (0x00178713) addi    a4, a5, 1
core   0: 3 0x000000008000feb2 (0x00178713) x14 0x00000000800120d4
core   0: 0x000000008000feb6 (0xfee43023) sd      a4, -32(s0)
core   0: 3 0x000000008000feb6 (0xfee43023) mem 0x0000000080031f50 0x00000000800120d4
core   0: 0x000000008000feba (0xfc442703) lw      a4, -60(s0)
core   0: 3 0x000000008000feba (0xfc442703) x14 0x0000000000000000 mem 0x0000000080031f34
core   0: 0x000000008000febe (0x0ff77713) andi    a4, a4, 255
core   0: 3 0x000000008000febe (0x0ff77713) x14 0x0000000000000000
core   0: 0x000000008000fec2 (0x00e78023) sb      a4, 0(a5)
core   0: 3 0x000000008000fec2 (0x00e78023) mem 0x00000000800120d3 0x00
core   0: 0x000000008000fec6 (0xfc843703) ld      a4, -56(s0)
core   0: 3 0x000000008000fec6 (0xfc843703) x14 0x0000000080012040 mem 0x0000000080031f38
core   0: 0x000000008000feca (0xfb843783) ld      a5, -72(s0)
core   0: 3 0x000000008000feca (0xfb843783) x15 0x000000000000009c mem 0x0000000080031f28
core   0: 0x000000008000fece (0x000097ba) c.add   a5, a4
core   0: 3 0x000000008000fece (0x97ba) x15 0x00000000800120dc
core   0: 0x000000008000fed0 (0xfe043703) ld      a4, -32(s0)
core   0: 3 0x000000008000fed0 (0xfe043703) x14 0x00000000800120d4 mem 0x0000000080031f50
core   0: 0x000000008000fed4 (0xfcf76de3) bltu    a4, a5, pc - 38
core   0: 3 0x000000008000fed4 (0xfcf76de3)
core   0: 0x000000008000feae (0xfe043783) ld      a5, -32(s0)
core   0: 3 0x000000008000feae (0xfe043783) x15 0x00000000800120d4 mem 0x0000000080031f50
core   0: 0x000000008000feb2 (0x00178713) addi    a4, a5, 1
core   0: 3 0x000000008000feb2 (0x00178713) x14 0x00000000800120d5
core   0: 0x000000008000feb6 (0xfee43023) sd      a4, -32(s0)
core   0: 3 0x000000008000feb6 (0xfee43023) mem 0x0000000080031f50 0x00000000800120d5
core   0: 0x000000008000feba (0xfc442703) lw      a4, -60(s0)
core   0: 3 0x000000008000feba (0xfc442703) x14 0x0000000000000000 mem 0x0000000080031f34
core   0: 0x000000008000febe (0x0ff77713) andi    a4, a4, 255
core   0: 3 0x000000008000febe (0x0ff77713) x14 0x0000000000000000
core   0: 0x000000008000fec2 (0x00e78023) sb      a4, 0(a5)
core   0: 3 0x000000008000fec2 (0x00e78023) mem 0x00000000800120d4 0x00
core   0: 0x000000008000fec6 (0xfc843703) ld      a4, -56(s0)
core   0: 3 0x000000008000fec6 (0xfc843703) x14 0x0000000080012040 mem 0x0000000080031f38
core   0: 0x000000008000feca (0xfb843783) ld      a5, -72(s0)
core   0: 3 0x000000008000feca (0xfb843783) x15 0x000000000000009c mem 0x0000000080031f28
core   0: 0x000000008000fece (0x000097ba) c.add   a5, a4
core   0: 3 0x000000008000fece (0x97ba) x15 0x00000000800120dc
core   0: 0x000000008000fed0 (0xfe043703) ld      a4, -32(s0)
core   0: 3 0x000000008000fed0 (0xfe043703) x14 0x00000000800120d5 mem 0x0000000080031f50
core   0: 0x000000008000fed4 (0xfcf76de3) bltu    a4, a5, pc - 38
core   0: 3 0x000000008000fed4 (0xfcf76de3)
core   0: 0x000000008000feae (0xfe043783) ld      a5, -32(s0)
core   0: 3 0x000000008000feae (0xfe043783) x15 0x00000000800120d5 mem 0x0000000080031f50
core   0: 0x000000008000feb2 (0x00178713) addi    a4, a5, 1
core   0: 3 0x000000008000feb2 (0x00178713) x14 0x00000000800120d6
core   0: 0x000000008000feb6 (0xfee43023) sd      a4, -32(s0)
core   0: 3 0x000000008000feb6 (0xfee43023) mem 0x0000000080031f50 0x00000000800120d6
core   0: 0x000000008000feba (0xfc442703) lw      a4, -60(s0)
core   0: 3 0x000000008000feba (0xfc442703) x14 0x0000000000000000 mem 0x0000000080031f34
core   0: 0x000000008000febe (0x0ff77713) andi    a4, a4, 255
core   0: 3 0x000000008000febe (0x0ff77713) x14 0x0000000000000000
core   0: 0x000000008000fec2 (0x00e78023) sb      a4, 0(a5)
core   0: 3 0x000000008000fec2 (0x00e78023) mem 0x00000000800120d5 0x00
core   0: 0x000000008000fec6 (0xfc843703) ld      a4, -56(s0)
core   0: 3 0x000000008000fec6 (0xfc843703) x14 0x0000000080012040 mem 0x0000000080031f38
core   0: 0x000000008000feca (0xfb843783) ld      a5, -72(s0)
core   0: 3 0x000000008000feca (0xfb843783) x15 0x000000000000009c mem 0x0000000080031f28
core   0: 0x000000008000fece (0x000097ba) c.add   a5, a4
core   0: 3 0x000000008000fece (0x97ba) x15 0x00000000800120dc
core   0: 0x000000008000fed0 (0xfe043703) ld      a4, -32(s0)
core   0: 3 0x000000008000fed0 (0xfe043703) x14 0x00000000800120d6 mem 0x0000000080031f50
core   0: 0x000000008000fed4 (0xfcf76de3) bltu    a4, a5, pc - 38
core   0: 3 0x000000008000fed4 (0xfcf76de3)
core   0: 0x000000008000feae (0xfe043783) ld      a5, -32(s0)
core   0: 3 0x000000008000feae (0xfe043783) x15 0x00000000800120d6 mem 0x0000000080031f50
core   0: 0x000000008000feb2 (0x00178713) addi    a4, a5, 1
core   0: 3 0x000000008000feb2 (0x00178713) x14 0x00000000800120d7
core   0: 0x000000008000feb6 (0xfee43023) sd      a4, -32(s0)
core   0: 3 0x000000008000feb6 (0xfee43023) mem 0x0000000080031f50 0x00000000800120d7
core   0: 0x000000008000feba (0xfc442703) lw      a4, -60(s0)
core   0: 3 0x000000008000feba (0xfc442703) x14 0x0000000000000000 mem 0x0000000080031f34
core   0: 0x000000008000febe (0x0ff77713) andi    a4, a4, 255
core   0: 3 0x000000008000febe (0x0ff77713) x14 0x0000000000000000
core   0: 0x000000008000fec2 (0x00e78023) sb      a4, 0(a5)
core   0: 3 0x000000008000fec2 (0x00e78023) mem 0x00000000800120d6 0x00
core   0: 0x000000008000fec6 (0xfc843703) ld      a4, -56(s0)
core   0: 3 0x000000008000fec6 (0xfc843703) x14 0x0000000080012040 mem 0x0000000080031f38
core   0: 0x000000008000feca (0xfb843783) ld      a5, -72(s0)
core   0: 3 0x000000008000feca (0xfb843783) x15 0x000000000000009c mem 0x0000000080031f28
core   0: 0x000000008000fece (0x000097ba) c.add   a5, a4
core   0: 3 0x000000008000fece (0x97ba) x15 0x00000000800120dc
core   0: 0x000000008000fed0 (0xfe043703) ld      a4, -32(s0)
core   0: 3 0x000000008000fed0 (0xfe043703) x14 0x00000000800120d7 mem 0x0000000080031f50
core   0: 0x000000008000fed4 (0xfcf76de3) bltu    a4, a5, pc - 38
core   0: 3 0x000000008000fed4 (0xfcf76de3)
core   0: 0x000000008000feae (0xfe043783) ld      a5, -32(s0)
core   0: 3 0x000000008000feae (0xfe043783) x15 0x00000000800120d7 mem 0x0000000080031f50
core   0: 0x000000008000feb2 (0x00178713) addi    a4, a5, 1
core   0: 3 0x000000008000feb2 (0x00178713) x14 0x00000000800120d8
core   0: 0x000000008000feb6 (0xfee43023) sd      a4, -32(s0)
core   0: 3 0x000000008000feb6 (0xfee43023) mem 0x0000000080031f50 0x00000000800120d8
core   0: 0x000000008000feba (0xfc442703) lw      a4, -60(s0)
core   0: 3 0x000000008000feba (0xfc442703) x14 0x0000000000000000 mem 0x0000000080031f34
core   0: 0x000000008000febe (0x0ff77713) andi    a4, a4, 255
core   0: 3 0x000000008000febe (0x0ff77713) x14 0x0000000000000000
core   0: 0x000000008000fec2 (0x00e78023) sb      a4, 0(a5)
core   0: 3 0x000000008000fec2 (0x00e78023) mem 0x00000000800120d7 0x00
core   0: 0x000000008000fec6 (0xfc843703) ld      a4, -56(s0)
core   0: 3 0x000000008000fec6 (0xfc843703) x14 0x0000000080012040 mem 0x0000000080031f38
core   0: 0x000000008000feca (0xfb843783) ld      a5, -72(s0)
core   0: 3 0x000000008000feca (0xfb843783) x15 0x000000000000009c mem 0x0000000080031f28
core   0: 0x000000008000fece (0x000097ba) c.add   a5, a4
core   0: 3 0x000000008000fece (0x97ba) x15 0x00000000800120dc
core   0: 0x000000008000fed0 (0xfe043703) ld      a4, -32(s0)
core   0: 3 0x000000008000fed0 (0xfe043703) x14 0x00000000800120d8 mem 0x0000000080031f50
core   0: 0x000000008000fed4 (0xfcf76de3) bltu    a4, a5, pc - 38
core   0: 3 0x000000008000fed4 (0xfcf76de3)
core   0: 0x000000008000feae (0xfe043783) ld      a5, -32(s0)
core   0: 3 0x000000008000feae (0xfe043783) x15 0x00000000800120d8 mem 0x0000000080031f50
core   0: 0x000000008000feb2 (0x00178713) addi    a4, a5, 1
core   0: 3 0x000000008000feb2 (0x00178713) x14 0x00000000800120d9
core   0: 0x000000008000feb6 (0xfee43023) sd      a4, -32(s0)
core   0: 3 0x000000008000feb6 (0xfee43023) mem 0x0000000080031f50 0x00000000800120d9
core   0: 0x000000008000feba (0xfc442703) lw      a4, -60(s0)
core   0: 3 0x000000008000feba (0xfc442703) x14 0x0000000000000000 mem 0x0000000080031f34
core   0: 0x000000008000febe (0x0ff77713) andi    a4, a4, 255
core   0: 3 0x000000008000febe (0x0ff77713) x14 0x0000000000000000
core   0: 0x000000008000fec2 (0x00e78023) sb      a4, 0(a5)
core   0: 3 0x000000008000fec2 (0x00e78023) mem 0x00000000800120d8 0x00
core   0: 0x000000008000fec6 (0xfc843703) ld      a4, -56(s0)
core   0: 3 0x000000008000fec6 (0xfc843703) x14 0x0000000080012040 mem 0x0000000080031f38
core   0: 0x000000008000feca (0xfb843783) ld      a5, -72(s0)
core   0: 3 0x000000008000feca (0xfb843783) x15 0x000000000000009c mem 0x0000000080031f28
core   0: 0x000000008000fece (0x000097ba) c.add   a5, a4
core   0: 3 0x000000008000fece (0x97ba) x15 0x00000000800120dc
core   0: 0x000000008000fed0 (0xfe043703) ld      a4, -32(s0)
core   0: 3 0x000000008000fed0 (0xfe043703) x14 0x00000000800120d9 mem 0x0000000080031f50
core   0: 0x000000008000fed4 (0xfcf76de3) bltu    a4, a5, pc - 38
core   0: 3 0x000000008000fed4 (0xfcf76de3)
core   0: 0x000000008000feae (0xfe043783) ld      a5, -32(s0)
core   0: 3 0x000000008000feae (0xfe043783) x15 0x00000000800120d9 mem 0x0000000080031f50
core   0: 0x000000008000feb2 (0x00178713) addi    a4, a5, 1
core   0: 3 0x000000008000feb2 (0x00178713) x14 0x00000000800120da
core   0: 0x000000008000feb6 (0xfee43023) sd      a4, -32(s0)
core   0: 3 0x000000008000feb6 (0xfee43023) mem 0x0000000080031f50 0x00000000800120da
core   0: 0x000000008000feba (0xfc442703) lw      a4, -60(s0)
core   0: 3 0x000000008000feba (0xfc442703) x14 0x0000000000000000 mem 0x0000000080031f34
core   0: 0x000000008000febe (0x0ff77713) andi    a4, a4, 255
core   0: 3 0x000000008000febe (0x0ff77713) x14 0x0000000000000000
core   0: 0x000000008000fec2 (0x00e78023) sb      a4, 0(a5)
core   0: 3 0x000000008000fec2 (0x00e78023) mem 0x00000000800120d9 0x00
core   0: 0x000000008000fec6 (0xfc843703) ld      a4, -56(s0)
core   0: 3 0x000000008000fec6 (0xfc843703) x14 0x0000000080012040 mem 0x0000000080031f38
core   0: 0x000000008000feca (0xfb843783) ld      a5, -72(s0)
core   0: 3 0x000000008000feca (0xfb843783) x15 0x000000000000009c mem 0x0000000080031f28
core   0: 0x000000008000fece (0x000097ba) c.add   a5, a4
core   0: 3 0x000000008000fece (0x97ba) x15 0x00000000800120dc
core   0: 0x000000008000fed0 (0xfe043703) ld      a4, -32(s0)
core   0: 3 0x000000008000fed0 (0xfe043703) x14 0x00000000800120da mem 0x0000000080031f50
core   0: 0x000000008000fed4 (0xfcf76de3) bltu    a4, a5, pc - 38
core   0: 3 0x000000008000fed4 (0xfcf76de3)
core   0: 0x000000008000feae (0xfe043783) ld      a5, -32(s0)
core   0: 3 0x000000008000feae (0xfe043783) x15 0x00000000800120da mem 0x0000000080031f50
core   0: 0x000000008000feb2 (0x00178713) addi    a4, a5, 1
core   0: 3 0x000000008000feb2 (0x00178713) x14 0x00000000800120db
core   0: 0x000000008000feb6 (0xfee43023) sd      a4, -32(s0)
core   0: 3 0x000000008000feb6 (0xfee43023) mem 0x0000000080031f50 0x00000000800120db
core   0: 0x000000008000feba (0xfc442703) lw      a4, -60(s0)
core   0: 3 0x000000008000feba (0xfc442703) x14 0x0000000000000000 mem 0x0000000080031f34
core   0: 0x000000008000febe (0x0ff77713) andi    a4, a4, 255
core   0: 3 0x000000008000febe (0x0ff77713) x14 0x0000000000000000
core   0: 0x000000008000fec2 (0x00e78023) sb      a4, 0(a5)
core   0: 3 0x000000008000fec2 (0x00e78023) mem 0x00000000800120da 0x00
core   0: 0x000000008000fec6 (0xfc843703) ld      a4, -56(s0)
core   0: 3 0x000000008000fec6 (0xfc843703) x14 0x0000000080012040 mem 0x0000000080031f38
core   0: 0x000000008000feca (0xfb843783) ld      a5, -72(s0)
core   0: 3 0x000000008000feca (0xfb843783) x15 0x000000000000009c mem 0x0000000080031f28
core   0: 0x000000008000fece (0x000097ba) c.add   a5, a4
core   0: 3 0x000000008000fece (0x97ba) x15 0x00000000800120dc
core   0: 0x000000008000fed0 (0xfe043703) ld      a4, -32(s0)
core   0: 3 0x000000008000fed0 (0xfe043703) x14 0x00000000800120db mem 0x0000000080031f50
core   0: 0x000000008000fed4 (0xfcf76de3) bltu    a4, a5, pc - 38
core   0: 3 0x000000008000fed4 (0xfcf76de3)
core   0: 0x000000008000feae (0xfe043783) ld      a5, -32(s0)
core   0: 3 0x000000008000feae (0xfe043783) x15 0x00000000800120db mem 0x0000000080031f50
core   0: 0x000000008000feb2 (0x00178713) addi    a4, a5, 1
core   0: 3 0x000000008000feb2 (0x00178713) x14 0x00000000800120dc
core   0: 0x000000008000feb6 (0xfee43023) sd      a4, -32(s0)
core   0: 3 0x000000008000feb6 (0xfee43023) mem 0x0000000080031f50 0x00000000800120dc
core   0: 0x000000008000feba (0xfc442703) lw      a4, -60(s0)
core   0: 3 0x000000008000feba (0xfc442703) x14 0x0000000000000000 mem 0x0000000080031f34
core   0: 0x000000008000febe (0x0ff77713) andi    a4, a4, 255
core   0: 3 0x000000008000febe (0x0ff77713) x14 0x0000000000000000
core   0: 0x000000008000fec2 (0x00e78023) sb      a4, 0(a5)
core   0: 3 0x000000008000fec2 (0x00e78023) mem 0x00000000800120db 0x00
core   0: 0x000000008000fec6 (0xfc843703) ld      a4, -56(s0)
core   0: 3 0x000000008000fec6 (0xfc843703) x14 0x0000000080012040 mem 0x0000000080031f38
core   0: 0x000000008000feca (0xfb843783) ld      a5, -72(s0)
core   0: 3 0x000000008000feca (0xfb843783) x15 0x000000000000009c mem 0x0000000080031f28
core   0: 0x000000008000fece (0x000097ba) c.add   a5, a4
core   0: 3 0x000000008000fece (0x97ba) x15 0x00000000800120dc
core   0: 0x000000008000fed0 (0xfe043703) ld      a4, -32(s0)
core   0: 3 0x000000008000fed0 (0xfe043703) x14 0x00000000800120dc mem 0x0000000080031f50
core   0: 0x000000008000fed4 (0xfcf76de3) bltu    a4, a5, pc - 38
core   0: 3 0x000000008000fed4 (0xfcf76de3)
core   0: 0x000000008000fed8 (0xfc843783) ld      a5, -56(s0)
core   0: 3 0x000000008000fed8 (0xfc843783) x15 0x0000000080012040 mem 0x0000000080031f38
core   0: 0x000000008000fedc (0x0000853e) c.mv    a0, a5
core   0: 3 0x000000008000fedc (0x853e) x10 0x0000000080012040
core   0: 0x000000008000fede (0x00006426) c.ldsp  s0, 72(sp)
core   0: 3 0x000000008000fede (0x6426) x8  0x0000000080031f90 mem 0x0000000080031f68
core   0: 0x000000008000fee0 (0x00006161) c.addi16sp sp, 80
core   0: 3 0x000000008000fee0 (0x6161) x2  0x0000000080031f70
core   0: 0x000000008000fee2 (0x00008082) ret
core   0: 3 0x000000008000fee2 (0x8082)
core   0: 0x000000008000f496 (0x00000001) c.nop
core   0: 3 0x000000008000f496 (0x0001)
core   0: 0x000000008000f498 (0x000060e2) c.ldsp  ra, 24(sp)
core   0: 3 0x000000008000f498 (0x60e2) x1  0x000000008000f4d6 mem 0x0000000080031f88
core   0: 0x000000008000f49a (0x00006442) c.ldsp  s0, 16(sp)
core   0: 3 0x000000008000f49a (0x6442) x8  0x0000000080032040 mem 0x0000000080031f80
core   0: 0x000000008000f49c (0x00006105) c.addi16sp sp, 32
core   0: 3 0x000000008000f49c (0x6105) x2  0x0000000080031f90
core   0: 0x000000008000f49e (0x00008082) ret
core   0: 3 0x000000008000f49e (0x8082)
core   0: 0x000000008000f4d6 (0xf5842703) lw      a4, -168(s0)
core   0: 3 0x000000008000f4d6 (0xf5842703) x14 0x0000000000000001 mem 0x0000000080031f98
core   0: 0x000000008000f4da (0xf5c42783) lw      a5, -164(s0)
core   0: 3 0x000000008000f4da (0xf5c42783) x15 0x0000000000000000 mem 0x0000000080031f9c
core   0: 0x000000008000f4de (0x000085ba) c.mv    a1, a4
core   0: 3 0x000000008000f4de (0x85ba) x11 0x0000000000000001
core   0: 0x000000008000f4e0 (0x0000853e) c.mv    a0, a5
core   0: 3 0x000000008000f4e0 (0x853e) x10 0x0000000000000000
core   0: 0x000000008000f4e2 (0xf03ff0ef) jal     pc - 0xfe
core   0: 3 0x000000008000f4e2 (0xf03ff0ef) x1  0x000000008000f4e6
core   0: >>>>  thread_entry
core   0: 0x000000008000f3e4 (0x00001101) c.addi  sp, -32
core   0: 3 0x000000008000f3e4 (0x1101) x2  0x0000000080031f70
core   0: 0x000000008000f3e6 (0x0000ec22) c.sdsp  s0, 24(sp)
core   0: 3 0x000000008000f3e6 (0xec22) mem 0x0000000080031f88 0x0000000080032040
core   0: 0x000000008000f3e8 (0x00001000) c.addi4spn s0, sp, 32
core   0: 3 0x000000008000f3e8 (0x1000) x8  0x0000000080031f90
core   0: 0x000000008000f3ea (0x000087aa) c.mv    a5, a0
core   0: 3 0x000000008000f3ea (0x87aa) x15 0x0000000000000000
core   0: 0x000000008000f3ec (0x0000872e) c.mv    a4, a1
core   0: 3 0x000000008000f3ec (0x872e) x14 0x0000000000000001
core   0: 0x000000008000f3ee (0xfef42623) sw      a5, -20(s0)
core   0: 3 0x000000008000f3ee (0xfef42623) mem 0x0000000080031f7c 0x00000000
core   0: 0x000000008000f3f2 (0x000087ba) c.mv    a5, a4
core   0: 3 0x000000008000f3f2 (0x87ba) x15 0x0000000000000001
core   0: 0x000000008000f3f4 (0xfef42423) sw      a5, -24(s0)
core   0: 3 0x000000008000f3f4 (0xfef42423) mem 0x0000000080031f78 0x00000001
core   0: 0x000000008000f3f8 (0x00000001) c.nop
core   0: 3 0x000000008000f3f8 (0x0001)
core   0: 0x000000008000f3fa (0xfec42783) lw      a5, -20(s0)
core   0: 3 0x000000008000f3fa (0xfec42783) x15 0x0000000000000000 mem 0x0000000080031f7c
core   0: 0x000000008000f3fe (0x00002781) c.addiw a5, 0
core   0: 3 0x000000008000f3fe (0x2781) x15 0x0000000000000000
core   0: 0x000000008000f400 (0x0000ffed) c.bnez  a5, pc - 6
core   0: 3 0x000000008000f400 (0xffed)
core   0: 0x000000008000f402 (0x00000001) c.nop
core   0: 3 0x000000008000f402 (0x0001)
core   0: 0x000000008000f404 (0x00000001) c.nop
core   0: 3 0x000000008000f404 (0x0001)
core   0: 0x000000008000f406 (0x00006462) c.ldsp  s0, 24(sp)
core   0: 3 0x000000008000f406 (0x6462) x8  0x0000000080032040 mem 0x0000000080031f88
core   0: 0x000000008000f408 (0x00006105) c.addi16sp sp, 32
core   0: 3 0x000000008000f408 (0x6105) x2  0x0000000080031f90
core   0: 0x000000008000f40a (0x00008082) ret
core   0: 3 0x000000008000f40a (0x8082)
core   0: 0x000000008000f4e6 (0x00004581) c.li    a1, 0
core   0: 3 0x000000008000f4e6 (0x4581) x11 0x0000000000000000
core   0: 0x000000008000f4e8 (0x00004501) c.li    a0, 0
core   0: 3 0x000000008000f4e8 (0x4501) x10 0x0000000000000000
core   0: 0x000000008000f4ea (0xb17f20ef) jal     pc - 0xd4ea
core   0: 3 0x000000008000f4ea (0xb17f20ef) x1  0x000000008000f4ee
core   0: >>>>  main
core   0: 0x0000000080002000 (0x00000001) c.nop
core   0: 3 0x0000000080002000 (0x0001)
core   0: >>>>  trap_vec_init
core   0: 0x0000000080002002 (0x00002797) auipc   a5, 0x2
core   0: 3 0x0000000080002002 (0x00002797) x15 0x0000000080004002
core   0: 0x0000000080002006 (0xffe78793) addi    a5, a5, -2
core   0: 3 0x0000000080002006 (0xffe78793) x15 0x0000000080004000
core   0: 0x000000008000200a (0x30579073) csrrw   zero, mtvec, a5
core   0: 3 0x000000008000200a (0x30579073) c773_mtvec 0x0000000080004000
core   0: >>>>  pmp_setup
core   0: 0x000000008000200e (0x00002c17) auipc   s8, 0x2
core   0: 3 0x000000008000200e (0x00002c17) x24 0x000000008000400e
core   0: 0x0000000080002012 (0x022c0c13) addi    s8, s8, 34
core   0: 3 0x0000000080002012 (0x022c0c13) x24 0x0000000080004030
core   0: 0x0000000080002016 (0x00004781) c.li    a5, 0
core   0: 3 0x0000000080002016 (0x4781) x15 0x0000000000000000
core   0: 0x0000000080002018 (0x00009c3e) c.add   s8, a5
core   0: 3 0x0000000080002018 (0x9c3e) x24 0x0000000080004030
core   0: 0x000000008000201a (0x3b0c1073) csrrw   zero, pmpaddr0, s8
core   0: 3 0x000000008000201a (0x3b0c1073) c944_pmpaddr0 0x0000000080004030
core   0: 0x000000008000201e (0x00004c3d) c.li    s8, 15
core   0: 3 0x000000008000201e (0x4c3d) x24 0x000000000000000f
core   0: 0x0000000080002020 (0x3a0c1073) csrrw   zero, pmpcfg0, s8
core   0: 3 0x0000000080002020 (0x3a0c1073) c928_pmpcfg0 0x000000000000000f
core   0: 0x0000000080002024 (0x12000073) sfence.vma zero, zero
core   0: 3 0x0000000080002024 (0x12000073)
core   0: >>>>  mepc_setup
core   0: 0x0000000080002028 (0x00002797) auipc   a5, 0x2
core   0: 3 0x0000000080002028 (0x00002797) x15 0x0000000080004028
core   0: 0x000000008000202c (0x00878793) addi    a5, a5, 8
core   0: 3 0x000000008000202c (0x00878793) x15 0x0000000080004030
core   0: 0x0000000080002030 (0x34179073) csrrw   zero, mepc, a5
core   0: 3 0x0000000080002030 (0x34179073) c833_mepc 0x0000000080004030
core   0: >>>>  custom_csr_setup
core   0: 0x0000000080002034 (0x00100f9b) addiw   t6, zero, 1
core   0: 3 0x0000000080002034 (0x00100f9b) x31 0x0000000000000001
core   0: 0x0000000080002038 (0x00000ffe) c.slli  t6, 31
core   0: 3 0x0000000080002038 (0x0ffe) x31 0x0000000080000000
core   0: 0x000000008000203a (0x00000001) c.nop
core   0: 3 0x000000008000203a (0x0001)
core   0: >>>>  init_s_mode
core   0: 0x000000008000203c (0xfff0079b) addiw   a5, zero, -1
core   0: 3 0x000000008000203c (0xfff0079b) x15 0xffffffffffffffff
core   0: 0x0000000080002040 (0x000017fe) c.slli  a5, 63
core   0: 3 0x0000000080002040 (0x17fe) x15 0x8000000000000000
core   0: 0x0000000080002042 (0x18079073) csrrw   zero, satp, a5
core   0: 3 0x0000000080002042 (0x18079073) c384_satp 0x8000000000000000
core   0: 0x0000000080002046 (0x0000f797) auipc   a5, 0xf
core   0: 3 0x0000000080002046 (0x0000f797) x15 0x0000000080011046
core   0: 0x000000008000204a (0xfba78793) addi    a5, a5, -70
core   0: 3 0x000000008000204a (0xfba78793) x15 0x0000000080011000
core   0: 0x000000008000204e (0x000083b1) c.srli  a5, 12
core   0: 3 0x000000008000204e (0x83b1) x15 0x0000000000080011
core   0: 0x0000000080002050 (0x0010061b) addiw   a2, zero, 1
core   0: 3 0x0000000080002050 (0x0010061b) x12 0x0000000000000001
core   0: 0x0000000080002054 (0x00001632) c.slli  a2, 44
core   0: 3 0x0000000080002054 (0x1632) x12 0x0000100000000000
core   0: 0x0000000080002056 (0x0000167d) c.addi  a2, -1
core   0: 3 0x0000000080002056 (0x167d) x12 0x00000fffffffffff
core   0: 0x0000000080002058 (0x00008ff1) c.and   a5, a2
core   0: 3 0x0000000080002058 (0x8ff1) x15 0x0000000000080011
core   0: 0x000000008000205a (0x1807a073) csrrs   zero, satp, a5
core   0: 3 0x000000008000205a (0x1807a073) c384_satp 0x8000000000080011
core   0: 0x000000008000205e (0x00a005b7) lui     a1, 0xa00
core   0: 3 0x000000008000205e (0x00a005b7) x11 0x0000000000a00000
core   0: 0x0000000080002062 (0x10b5859b) addiw   a1, a1, 267
core   0: 3 0x0000000080002062 (0x10b5859b) x11 0x0000000000a0010b
core   0: 0x0000000080002066 (0x000005b2) c.slli  a1, 12
core   0: 3 0x0000000080002066 (0x05b2) x11 0x0000000a0010b000
core   0: 0x0000000080002068 (0xa0058593) addi    a1, a1, -1536
core   0: 3 0x0000000080002068 (0xa0058593) x11 0x0000000a0010aa00
core   0: 0x000000008000206c (0x30059073) csrrw   zero, mstatus, a1
core   0: 3 0x000000008000206c (0x30059073) c768_mstatus 0x0000000a00102800
core   0: 0x0000000080002070 (0x30459073) csrrw   zero, mie, a1
core   0: 3 0x0000000080002070 (0x30459073) c772_mie 0x0000000000000a00
core   0: 0x0000000080002074 (0x00a005b7) lui     a1, 0xa00
core   0: 3 0x0000000080002074 (0x00a005b7) x11 0x0000000000a00000
core   0: 0x0000000080002078 (0x10b5859b) addiw   a1, a1, 267
core   0: 3 0x0000000080002078 (0x10b5859b) x11 0x0000000000a0010b
core   0: 0x000000008000207c (0x000005b2) c.slli  a1, 12
core   0: 3 0x000000008000207c (0x05b2) x11 0x0000000a0010b000
core   0: 0x000000008000207e (0xa0058593) addi    a1, a1, -1536
core   0: 3 0x000000008000207e (0xa0058593) x11 0x0000000a0010aa00
core   0: 0x0000000080002082 (0x10059073) csrrw   zero, sstatus, a1
core   0: 3 0x0000000080002082 (0x10059073) c768_mstatus 0x0000000a00102800
core   0: 0x0000000080002086 (0x10459073) csrrw   zero, sie, a1
core   0: 3 0x0000000080002086 (0x10459073) c772_mie 0x0000000000000a00
core   0: 0x000000008000208a (0x30200073) mret
core   0: 3 0x000000008000208a (0x30200073) c768_mstatus 0x0000000a00102080
core   0: >>>>  main_g
core   0: 0x0000000080004030 (0x0010d61b) srliw   a2, ra, 1
core   0: 1 0x0000000080004030 (0x0010d61b) x12 0x0000000040007a77
core   0: 0x0000000080004034 (0x00095793) srli    a5, s2, 0
core   0: 1 0x0000000080004034 (0x00095793) x15 0x0000000000000000
core   0: 0x0000000080004038 (0xfffb6593) ori     a1, s6, -1
core   0: 1 0x0000000080004038 (0xfffb6593) x11 0xffffffffffffffff
core   0: 0x000000008000403c (0x1b0f7053) fdiv.d  ft0, ft10, fa6
core   0: 1 0x000000008000403c (0x1b0f7053) c768_mstatus 0x8000000a00106080 f0  0x7ff8000000000000
core   0: 0x0000000080004040 (0xd222f9d3) fcvt.d.l fs3, t0
core   0: 1 0x0000000080004040 (0xd222f9d3) f19 0x41e0000024800000
core   0: 0x0000000080004044 (0x01a94733) xor     a4, s2, s10
core   0: 1 0x0000000080004044 (0x01a94733) x14 0x0000000000000000
core   0: 0x0000000080004048 (0x6ea598b7) lui     a7, 0x6ea59
core   0: 1 0x0000000080004048 (0x6ea598b7) x17 0x000000006ea59000
core   0: 0x000000008000404c (0x40cb87bb) subw    a5, s7, a2
core   0: 1 0x000000008000404c (0x40cb87bb) x15 0xffffffffbfff8589
core   0: 0x0000000080004050 (0x023266bb) remw    a3, tp, gp
core   0: 1 0x0000000080004050 (0x023266bb) x13 0xfffffffffffff818
core   0: 0x0000000080004054 (0x034176c3) fmadd.d fa3, ft2, fs4, ft0
core   0: 1 0x0000000080004054 (0x034176c3) f13 0x7ff8000000000000
core   0: 0x0000000080004058 (0x008ade3b) srlw    t3, s5, s0
core   0: 1 0x0000000080004058 (0x008ade3b) x28 0x0000000000000000
core   0: 0x000000008000405c (0x028430b3) mulhu   ra, s0, s0
core   0: 1 0x000000008000405c (0x028430b3) x1  0x0000000000000000
core   0: 0x0000000080004060 (0x000e1113) slli    sp, t3, 0
core   0: 1 0x0000000080004060 (0x000e1113) x2  0x0000000000000000
core   0: 0x0000000080004064 (0x01717133) and     sp, sp, s7
core   0: 1 0x0000000080004064 (0x01717133) x2  0x0000000000000000
core   0: 0x0000000080004068 (0x0178f8b3) and     a7, a7, s7
core   0: 1 0x0000000080004068 (0x0178f8b3) x17 0x0000000000000000
core   0: 0x000000008000406c (0x03eddc93) srli    s9, s11, 62
core   0: 1 0x000000008000406c (0x03eddc93) x25 0x0000000000000000
core   0: 0x0000000080004070 (0x00f69c3b) sllw    s8, a3, a5
core   0: 1 0x0000000080004070 (0x00f69c3b) x24 0xfffffffffff03000
core   0: 0x0000000080004074 (0x008f7037) lui     zero, 0x8f7
core   0: 1 0x0000000080004074 (0x008f7037)
core   0: 0x0000000080004078 (0xb1f0001b) addiw   zero, zero, -1249
core   0: 1 0x0000000080004078 (0xb1f0001b)
core   0: 0x000000008000407c (0x00e01013) slli    zero, zero, 14
core   0: 1 0x000000008000407c (0x00e01013)
core   0: 0x0000000080004080 (0x81400013) li      zero, -2028
core   0: 1 0x0000000080004080 (0x81400013)
core   0: 0x0000000080004084 (0xc226fed3) fcvt.l.d t4, fa3
core   0: 1 0x0000000080004084 (0xc226fed3) c1_fflags 0x0000000000000010 x29 0x7fffffffffffffff
core   0: 0x0000000080004088 (0x0ad77753) fsub.d  fa4, fa4, fa3
core   0: 1 0x0000000080004088 (0x0ad77753) f14 0x7ff8000000000000
core   0: 0x000000008000408c (0xd20184d3) fcvt.d.w fs1, gp
core   0: 1 0x000000008000408c (0xd20184d3) f9  0xc1dfffb5f6000000
core   0: 0x0000000080004090 (0xd239ffd3) fcvt.d.lu ft11, s3
core   0: 1 0x0000000080004090 (0xd239ffd3) f31 0x0000000000000000
core   0: 0x0000000080004094 (0xf2018d53) fmv.d.x fs10, gp
core   0: 1 0x0000000080004094 (0xf2018d53) f26 0x0000000080012828
core   0: 0x0000000080004098 (0x4101833b) subw    t1, gp, a6
core   0: 1 0x0000000080004098 (0x4101833b) x6  0xffffffff80012828
core   0: 0x000000008000409c (0x1ada7353) fdiv.d  ft6, fs4, fa3
core   0: 1 0x000000008000409c (0x1ada7353) f6  0x7ff8000000000000
core   0: 0x00000000800040a0 (0x8001cd93) xori    s11, gp, -2048
core   0: 1 0x00000000800040a0 (0x8001cd93) x27 0xffffffff7ffed028
core   0: 0x00000000800040a4 (0x0044d4bb) srlw    s1, s1, tp
core   0: 1 0x00000000800040a4 (0x0044d4bb) x9  0xffffffff80031fc0
core   0: 0x00000000800040a8 (0x00000001) c.nop
core   0: 1 0x00000000800040a8 (0x0001)
core   0: 0x00000000800040aa (0x000a1a13) slli    s4, s4, 0
core   0: 1 0x00000000800040aa (0x000a1a13) x20 0x0000000000000000
core   0: 0x00000000800040ae (0x013169b3) or      s3, sp, s3
core   0: 1 0x00000000800040ae (0x013169b3) x19 0x0000000000000000
core   0: 0x00000000800040b2 (0x01c2d51b) srliw   a0, t0, 28
core   0: 1 0x00000000800040b2 (0x01c2d51b) x10 0x0000000000000008
core   0: 0x00000000800040b6 (0x0ff0000f) fence   iorw,iorw
core   0: 1 0x00000000800040b6 (0x0ff0000f)
core   0: 0x00000000800040ba (0x1a31f353) fdiv.d  ft6, ft3, ft3
core   0: 1 0x00000000800040ba (0x1a31f353) f6  0x7ff8000000000000
core   0: 0x00000000800040be (0x02e4eab3) rem     s5, s1, a4
core   0: 1 0x00000000800040be (0x02e4eab3) x21 0xffffffff80031fc0
core   0: 0x00000000800040c2 (0xd024f653) fcvt.s.l fa2, s1
core   0: 1 0x00000000800040c2 (0xd024f653) c1_fflags 0x0000000000000011 f12 0xffffffffcefff9c0
core   0: 0x00000000800040c6 (0x00d75d93) srli    s11, a4, 13
core   0: 1 0x00000000800040c6 (0x00d75d93) x27 0x0000000000000000
core   0: 0x00000000800040ca (0x01006c33) or      s8, zero, a6
core   0: 1 0x00000000800040ca (0x01006c33) x24 0x0000000000000000
core   0: 0x00000000800040ce (0x024b2033) mulhsu  zero, s6, tp
core   0: 1 0x00000000800040ce (0x024b2033)
core   0: 0x00000000800040d2 (0x00405c1b) srliw   s8, zero, 4
core   0: 1 0x00000000800040d2 (0x00405c1b) x24 0x0000000000000000
core   0: 0x00000000800040d6 (0x0362c233) div     tp, t0, s6
core   0: 1 0x00000000800040d6 (0x0362c233) x4  0xffffffffffffffff
core   0: 0x00000000800040da (0x00000001) c.nop
core   0: 1 0x00000000800040da (0x0001)
core   0: 0x00000000800040dc (0x404b5cbb) sraw    s9, s6, tp
core   0: 1 0x00000000800040dc (0x404b5cbb) x25 0x0000000000000000
core   0: 0x00000000800040e0 (0x03955433) divu    s0, a0, s9
core   0: 1 0x00000000800040e0 (0x03955433) x8  0xffffffffffffffff
core   0: 0x00000000800040e4 (0x012474b3) and     s1, s0, s2
core   0: 1 0x00000000800040e4 (0x012474b3) x9  0x0000000000000000
core   0: 0x00000000800040e8 (0xd20c0153) fcvt.d.w ft2, s8
core   0: 1 0x00000000800040e8 (0xd20c0153) f2  0x0000000000000000
core   0: 0x00000000800040ec (0x01fd5e1b) srliw   t3, s10, 31
core   0: 1 0x00000000800040ec (0x01fd5e1b) x28 0x0000000000000000
core   0: 0x00000000800040f0 (0xcbb0f143) fmadd.d ft2, ft1, fs11, fs9
core   0: 1 0x00000000800040f0 (0xcbb0f143) f2  0x7ff8000000000000
core   0: 0x00000000800040f4 (0x22f827d3) fsgnjx.d fa5, fa6, fa5
core   0: 1 0x00000000800040f4 (0x22f827d3) f15 0x7fffffff00000000
core   0: 0x00000000800040f8 (0xff95e9b7) lui     s3, 0xff95e
core   0: 1 0x00000000800040f8 (0xff95e9b7) x19 0xffffffffff95e000
core   0: 0x00000000800040fc (0xb059899b) addiw   s3, s3, -1275
core   0: 1 0x00000000800040fc (0xb059899b) x19 0xffffffffff95db05
core   0: 0x0000000080004100 (0x000009c2) c.slli  s3, 16
core   0: 1 0x0000000080004100 (0x09c2) x19 0xffffff95db050000
core   0: 0x0000000080004102 (0x39198993) addi    s3, s3, 913
core   0: 1 0x0000000080004102 (0x39198993) x19 0xffffff95db050391
core   0: 0x0000000080004106 (0x4058d73b) sraw    a4, a7, t0
core   0: 1 0x0000000080004106 (0x4058d73b) x14 0x0000000000000000
core   0: 0x000000008000410a (0x0013f013) andi    zero, t2, 1
core   0: 1 0x000000008000410a (0x0013f013)
core   0: 0x000000008000410e (0xc22df6d3) fcvt.l.d a3, fs11
core   0: 1 0x000000008000410e (0xc22df6d3) c1_fflags 0x0000000000000011 x13 0x7fffffffffffffff
core   0: 0x0000000080004112 (0x6ac7f6c3) fmadd.d fa3, fa5, fa2, fa3
core   0: 1 0x0000000080004112 (0x6ac7f6c3) f13 0x7ff8000000000000
core   0: 0x0000000080004116 (0x40a0053b) subw    a0, zero, a0
core   0: 1 0x0000000080004116 (0x40a0053b) x10 0xfffffffffffffff8
core   0: 0x000000008000411a (0x40b284bb) subw    s1, t0, a1
core   0: 1 0x000000008000411a (0x40b284bb) x9  0xffffffff80000125
core   0: 0x000000008000411e (0x40015e93) srai    t4, sp, 0
core   0: 1 0x000000008000411e (0x40015e93) x29 0x0000000000000000
core   0: 0x0000000080004122 (0x027a6cbb) remw    s9, s4, t2
core   0: 1 0x0000000080004122 (0x027a6cbb) x25 0x0000000000000000
core   0: 0x0000000080004126 (0x1add71d3) fdiv.d  ft3, fs10, fa3
core   0: 1 0x0000000080004126 (0x1add71d3) f3  0x7ff8000000000000
core   0: 0x000000008000412a (0x039757b3) divu    a5, a4, s9
core   0: 1 0x000000008000412a (0x039757b3) x15 0xffffffffffffffff
core   0: 0x000000008000412e (0xe20804d3) fmv.x.d s1, fa6
core   0: 1 0x000000008000412e (0xe20804d3) x9  0xffffffff00000000
core   0: 0x0000000080004132 (0xfff37b93) andi    s7, t1, -1
core   0: 1 0x0000000080004132 (0xfff37b93) x23 0xffffffff80012828
core   0: 0x0000000080004136 (0x5da7e393) ori     t2, a5, 1498
core   0: 1 0x0000000080004136 (0x5da7e393) x7  0xffffffffffffffff
core   0: 0x000000008000413a (0x1b07f0cb) fnmsub.d ft1, fa5, fa6, ft3
core   0: 1 0x000000008000413a (0x1b07f0cb) f1  0x7ff8000000000000
core   0: 0x000000008000413e (0xc226f753) fcvt.l.d a4, fa3
core   0: 1 0x000000008000413e (0xc226f753) c1_fflags 0x0000000000000011 x14 0x7fffffffffffffff
core   0: 0x0000000080004142 (0xd223f0d3) fcvt.d.l ft1, t2
core   0: 1 0x0000000080004142 (0xd223f0d3) f1  0xbff0000000000000
core   0: 0x0000000080004146 (0x417686b3) sub     a3, a3, s7
core   0: 1 0x0000000080004146 (0x417686b3) x13 0x800000007ffed7d7
core   0: 0x000000008000414a (0x80370b9b) addiw   s7, a4, -2045
core   0: 1 0x000000008000414a (0x80370b9b) x23 0xfffffffffffff802
core   0: 0x000000008000414e (0xd2150253) fcvt.d.wu ft4, a0
core   0: 1 0x000000008000414e (0xd2150253) f4  0x41efffffff000000
core   0: 0x0000000080004152 (0x02d71133) mulh    sp, a4, a3
core   0: 1 0x0000000080004152 (0x02d71133) x2  0xc00000003fff6beb
core   0: 0x0000000080004156 (0x22502ed3) fsgnjx.d ft9, ft0, ft5
core   0: 1 0x0000000080004156 (0x22502ed3) f29 0xfff8000000000000
core   0: 0x000000008000415a (0xc03374d3) fcvt.lu.s s1, ft6
core   0: 1 0x000000008000415a (0xc03374d3) c1_fflags 0x0000000000000011 x9  0xffffffffffffffff
core   0: 0x000000008000415e (0xd2170b53) fcvt.d.wu fs6, a4
core   0: 1 0x000000008000415e (0xd2170b53) f22 0x41efffffffe00000
core   0: 0x0000000080004162 (0x000d889b) sext.w  a7, s11
core   0: 1 0x0000000080004162 (0x000d889b) x17 0x0000000000000000
core   0: 0x0000000080004166 (0x009ed73b) srlw    a4, t4, s1
core   0: 1 0x0000000080004166 (0x009ed73b) x14 0x0000000000000000
core   0: 0x000000008000416a (0x41fd521b) sraiw   tp, s10, 31
core   0: 1 0x000000008000416a (0x41fd521b) x4  0x0000000000000000
core   0: 0x000000008000416e (0x00cea4b3) slt     s1, t4, a2
core   0: 1 0x000000008000416e (0x00cea4b3) x9  0x0000000000000001
core   0: 0x0000000080004172 (0x03633433) mulhu   s0, t1, s6
core   0: 1 0x0000000080004172 (0x03633433) x8  0x0000000000000000
core   0: 0x0000000080004176 (0x02b257b3) divu    a5, tp, a1
core   0: 1 0x0000000080004176 (0x02b257b3) x15 0x0000000000000000
core   0: 0x000000008000417a (0xc0227cd3) fcvt.l.s s9, ft4
core   0: 1 0x000000008000417a (0xc0227cd3) c1_fflags 0x0000000000000011 x25 0x7fffffffffffffff
core   0: 0x000000008000417e (0xc2277853) fcvt.l.d a6, fa4
core   0: 1 0x000000008000417e (0xc2277853) c1_fflags 0x0000000000000011 x16 0x7fffffffffffffff
core   0: 0x0000000080004182 (0xe20084d3) fmv.x.d s1, ft1
core   0: 1 0x0000000080004182 (0xe20084d3) x9  0xbff0000000000000
core   0: 0x0000000080004186 (0x017b5b33) srl     s6, s6, s7
core   0: 1 0x0000000080004186 (0x017b5b33) x22 0x0000000000000000
core   0: 0x000000008000418a (0x1362fcd3) fmul.d  fs9, ft5, fs6
core   0: 1 0x000000008000418a (0x1362fcd3) f25 0x7ff8000000000000
core   0: 0x000000008000418e (0xe20a0bd3) fmv.x.d s7, fs4
core   0: 1 0x000000008000418e (0xe20a0bd3) x23 0xffffffff00000000
core   0: 0x0000000080004192 (0x00009d2e) c.add   s10, a1
core   0: 1 0x0000000080004192 (0x9d2e) x26 0xffffffffffffffff
core   0: 0x0000000080004194 (0xd22d7ad3) fcvt.d.l fs5, s10
core   0: 1 0x0000000080004194 (0xd22d7ad3) f21 0xbff0000000000000
core   0: 0x0000000080004198 (0x031c8cbb) mulw    s9, s9, a7
core   0: 1 0x0000000080004198 (0x031c8cbb) x25 0x0000000000000000
core   0: 0x000000008000419c (0x001026f3) csrrs   a3, fflags, zero
core   0: 1 0x000000008000419c (0x001026f3) x13 0x0000000000000011
core   0: 0x00000000800041a0 (0xc20af8d3) fcvt.w.d a7, fs5
core   0: 1 0x00000000800041a0 (0xc20af8d3) x17 0xffffffffffffffff
core   0: 0x00000000800041a4 (0x420a0053) fcvt.d.s ft0, fs4
core   0: 1 0x00000000800041a4 (0x420a0053) f0  0x0000000000000000
core   0: 0x00000000800041a8 (0x0060fcb3) and     s9, ra, t1
core   0: 1 0x00000000800041a8 (0x0060fcb3) x25 0x0000000000000000
core   0: 0x00000000800041ac (0x01b89933) sll     s2, a7, s11
core   0: 1 0x00000000800041ac (0x01b89933) x18 0xffffffffffffffff
core   0: 0x00000000800041b0 (0xb8269c73) csrrw   s8, minstreth, a3
core   0: exception trap_illegal_instruction, epc 0x00000000800041b0
core   0:           tval 0x00000000b8269c73
core   0: >>>>  $xrv64i2p1_m2p0_a2p1_f2p2_d2p2_zicsr2p0_zifencei2p0_zmmul1p0_zba1p0_zbb1p0_zbc1p0_zbs1p0
core   0: 0x0000000080004000 (0x0080006f) j       pc + 0x8
core   0: 3 0x0000000080004000 (0x0080006f)
core   0: >>>>  mmode_exception_handler
core   0: 0x0000000080004008 (0x00002c17) auipc   s8, 0x2
core   0: 3 0x0000000080004008 (0x00002c17) x24 0x0000000080006008
core   0: 0x000000008000400c (0x0a4c0c13) addi    s8, s8, 164
core   0: 3 0x000000008000400c (0x0a4c0c13) x24 0x00000000800060ac
core   0: 0x0000000080004010 (0x000c00e7) jalr    s8
core   0: 3 0x0000000080004010 (0x000c00e7) x1  0x0000000080004014
core   0: >>>>  any_handler
core   0: 0x00000000800060ac (0x341027f3) csrrs   a5, mepc, zero
core   0: 3 0x00000000800060ac (0x341027f3) x15 0x00000000800041b0
core   0: 0x00000000800060b0 (0x34202773) csrrs   a4, mcause, zero
core   0: 3 0x00000000800060b0 (0x34202773) x14 0x0000000000000002
core   0: 0x00000000800060b4 (0x142026f3) csrrs   a3, scause, zero
core   0: 3 0x00000000800060b4 (0x142026f3) x13 0x0000000000000000
core   0: 0x00000000800060b8 (0x30402673) csrrs   a2, mie, zero
core   0: 3 0x00000000800060b8 (0x30402673) x12 0x0000000000000a00
core   0: 0x00000000800060bc (0x344025f3) csrrs   a1, mip, zero
core   0: 3 0x00000000800060bc (0x344025f3) x11 0x0000000000000080
core   0: 0x00000000800060c0 (0x343025f3) csrrs   a1, mtval, zero
core   0: 3 0x00000000800060c0 (0x343025f3) x11 0x00000000b8269c73
core   0: 0x00000000800060c4 (0x14302573) csrrs   a0, stval, zero
core   0: 3 0x00000000800060c4 (0x14302573) x10 0x0000000000000000
core   0: 0x00000000800060c8 (0xb02024f3) csrrs   s1, minstret, zero
core   0: 3 0x00000000800060c8 (0xb02024f3) x9  0x000000000000082d
core   0: 0x00000000800060cc (0x0000a811) c.j     pc + 20
core   0: 3 0x00000000800060cc (0xa811)
core   0: >>>>  mepc_4
core   0: 0x00000000800060e0 (0x00000791) c.addi  a5, 4
core   0: 3 0x00000000800060e0 (0x0791) x15 0x00000000800041b4
core   0: 0x00000000800060e2 (0x34179073) csrrw   zero, mepc, a5
core   0: 3 0x00000000800060e2 (0x34179073) c833_mepc 0x00000000800041b4
core   0: 0x00000000800060e6 (0x30200073) mret
core   0: 3 0x00000000800060e6 (0x30200073) c768_mstatus 0x8000000a00106080
core   0: 0x00000000800041b4 (0x821a7847) fmsub.d fa6, fs4, ft1, fa6
core   0: 1 0x00000000800041b4 (0x821a7847) f16 0x7ff8000000000000
core   0: 0x00000000800041b8 (0x3d3d7113) andi    sp, s10, 979
core   0: 1 0x00000000800041b8 (0x3d3d7113) x2  0x00000000000003d3
core   0: 0x00000000800041bc (0x012478b3) and     a7, s0, s2
core   0: 1 0x00000000800041bc (0x012478b3) x17 0x0000000000000000
core   0: 0x00000000800041c0 (0x5a0c7553) fsqrt.d fa0, fs8
core   0: 1 0x00000000800041c0 (0x5a0c7553) f10 0x7ff8000000000000
core   0: 0x00000000800041c4 (0x00009405) c.srai  s0, 33
core   0: 1 0x00000000800041c4 (0x9405) x8  0x0000000000000000
core   0: 0x00000000800041c6 (0x0ff0000f) fence   iorw,iorw
core   0: 1 0x00000000800041c6 (0x0ff0000f)
core   0: 0x00000000800041ca (0x0276d9bb) divuw   s3, a3, t2
core   0: 1 0x00000000800041ca (0x0276d9bb) x19 0x0000000000000000
core   0: 0x00000000800041ce (0x40798eb3) sub     t4, s3, t2
core   0: 1 0x00000000800041ce (0x40798eb3) x29 0x0000000000000001
core   0: 0x00000000800041d2 (0x41710dbb) subw    s11, sp, s7
core   0: 1 0x00000000800041d2 (0x41710dbb) x27 0x00000000000003d3
core   0: 0x00000000800041d6 (0x5a0ef9d3) fsqrt.d fs3, ft9
core   0: 1 0x00000000800041d6 (0x5a0ef9d3) f19 0x7ff8000000000000
core   0: 0x00000000800041da (0x02dee3bb) remw    t2, t4, a3
core   0: 1 0x00000000800041da (0x02dee3bb) x7  0x0000000000000001
core   0: 0x00000000800041de (0xc03e7dd3) fcvt.lu.s s11, ft8
core   0: 1 0x00000000800041de (0xc03e7dd3) x27 0x0000000000000000
core   0: 0x00000000800041e2 (0x0252a7b3) mulhsu  a5, t0, t0
core   0: 1 0x00000000800041e2 (0x0252a7b3) x15 0x0000000000000000
core   0: 0x00000000800041e6 (0x03b3ed33) rem     s10, t2, s11
core   0: 1 0x00000000800041e6 (0x03b3ed33) x26 0x0000000000000001
core   0: 0x00000000800041ea (0x00dd1d3b) sllw    s10, s10, a3
core   0: 1 0x00000000800041ea (0x00dd1d3b) x26 0x0000000000000001
core   0: 0x00000000800041ee (0x017ae433) or      s0, s5, s7
core   0: 1 0x00000000800041ee (0x017ae433) x8  0xffffffff80031fc0
core   0: 0x00000000800041f2 (0x1be7f253) fdiv.d  ft4, fa5, ft10
core   0: 1 0x00000000800041f2 (0x1be7f253) f4  0x7ff8000000000000
core   0: 0x00000000800041f6 (0x03db7ed3) fadd.d  ft9, fs6, ft9
core   0: 1 0x00000000800041f6 (0x03db7ed3) f29 0x7ff8000000000000
core   0: 0x00000000800041fa (0x027ae33b) remw    t1, s5, t2
core   0: 1 0x00000000800041fa (0x027ae33b) x6  0x0000000000000000
core   0: 0x00000000800041fe (0x4ae7f793) andi    a5, a5, 1198
core   0: 1 0x00000000800041fe (0x4ae7f793) x15 0x0000000000000000
core   0: 0x0000000080004202 (0x001e1273) csrrw   tp, fflags, t3
core   0: 1 0x0000000080004202 (0x001e1273) x4  0x0000000000000011 c1_fflags 0x0000000000000000
core   0: 0x0000000080004206 (0x001d1073) csrrw   zero, fflags, s10
core   0: 1 0x0000000080004206 (0x001d1073) c1_fflags 0x0000000000000001
core   0: 0x000000008000420a (0x7ff4f993) andi    s3, s1, 2047
core   0: 1 0x000000008000420a (0x7ff4f993) x19 0x000000000000002d
core   0: 0x000000008000420e (0x5a0ef9d3) fsqrt.d fs3, ft9
core   0: 1 0x000000008000420e (0x5a0ef9d3) f19 0x7ff8000000000000
core   0: 0x0000000080004212 (0x002711b7) lui     gp, 0x271
core   0: 1 0x0000000080004212 (0x002711b7) x3  0x0000000000271000
core   0: 0x0000000080004216 (0xa291819b) addiw   gp, gp, -1495
core   0: 1 0x0000000080004216 (0xa291819b) x3  0x0000000000270a29
core   0: 0x000000008000421a (0x000001c2) c.slli  gp, 16
core   0: 1 0x000000008000421a (0x01c2) x3  0x000000270a290000
core   0: 0x000000008000421c (0x52718193) addi    gp, gp, 1319
core   0: 1 0x000000008000421c (0x52718193) x3  0x000000270a290527
core   0: 0x0000000080004220 (0x31f2869b) addiw   a3, t0, 799
core   0: 1 0x0000000080004220 (0x31f2869b) x13 0xffffffff80000443
core   0: 0x0000000080004224 (0xc0217e53) fcvt.l.s t3, ft2
core   0: 1 0x0000000080004224 (0xc0217e53) c1_fflags 0x0000000000000011 x28 0x7fffffffffffffff
core   0: 0x0000000080004228 (0x418381b3) sub     gp, t2, s8
core   0: 1 0x0000000080004228 (0x418381b3) x3  0xffffffff7fff9f55
core   0: 0x000000008000422c (0x4048823b) subw    tp, a7, tp
core   0: 1 0x000000008000422c (0x4048823b) x4  0xffffffffffffffef
core   0: 0x0000000080004230 (0x4004d39b) sraiw   t2, s1, 0
core   0: 1 0x0000000080004230 (0x4004d39b) x7  0x000000000000082d
core   0: 0x0000000080004234 (0x00e851b3) srl     gp, a6, a4
core   0: 1 0x0000000080004234 (0x00e851b3) x3  0x1fffffffffffffff
core   0: 0x0000000080004238 (0x016a52bb) srlw    t0, s4, s6
core   0: 1 0x0000000080004238 (0x016a52bb) x5  0x0000000000000000
core   0: 0x000000008000423c (0x22568353) fsgnj.d ft6, fa3, ft5
core   0: 1 0x000000008000423c (0x22568353) f6  0xfff8000000000000
core   0: 0x0000000080004240 (0xd02a72d3) fcvt.s.l ft5, s4
core   0: 1 0x0000000080004240 (0xd02a72d3) f5  0xffffffff00000000
core   0: 0x0000000080004244 (0xc4bca237) lui     tp, 0xc4bca
core   0: 1 0x0000000080004244 (0xc4bca237) x4  0xffffffffc4bca000
core   0: 0x0000000080004248 (0x1b32f9d3) fdiv.d  fs3, ft5, fs3
core   0: 1 0x0000000080004248 (0x1b32f9d3) f19 0x7ff8000000000000
core   0: 0x000000008000424c (0x768c2597) auipc   a1, 0x768c2
core   0: 1 0x000000008000424c (0x768c2597) x11 0x00000000f68c624c
core   0: 0x0000000080004250 (0x0346fdd3) fadd.d  fs11, fa3, fs4
core   0: 1 0x0000000080004250 (0x0346fdd3) f27 0x7ff8000000000000
core   0: 0x0000000080004254 (0x5a047153) fsqrt.d ft2, fs0
core   0: 1 0x0000000080004254 (0x5a047153) f2  0x7ff8000000000000
core   0: 0x0000000080004258 (0x8ba97ac7) fmsub.d fs5, fs2, fs10, fa7
core   0: 1 0x0000000080004258 (0x8ba97ac7) f21 0x7ff8000000000000
core   0: 0x000000008000425c (0x02b9a9b3) mulhsu  s3, s3, a1
core   0: 1 0x000000008000425c (0x02b9a9b3) x19 0x0000000000000000
core   0: 0x0000000080004260 (0x00102773) csrrs   a4, fflags, zero
core   0: 1 0x0000000080004260 (0x00102773) x14 0x0000000000000011
core   0: 0x0000000080004264 (0x0141511b) srliw   sp, sp, 20
core   0: 1 0x0000000080004264 (0x0141511b) x2  0x0000000000000000
core   0: 0x0000000080004268 (0x78b01697) auipc   a3, 0x78b01
core   0: 1 0x0000000080004268 (0x78b01697) x13 0x00000000f8b05268
core   0: 0x000000008000426c (0x40438db3) sub     s11, t2, tp
core   0: 1 0x000000008000426c (0x40438db3) x27 0x000000003b43682d
core   0: 0x0000000080004270 (0x0a157153) fsub.d  ft2, fa0, ft1
core   0: 1 0x0000000080004270 (0x0a157153) f2  0x7ff8000000000000
core   0: 0x0000000080004274 (0x23af8453) fsgnj.d fs0, ft11, fs10
core   0: 1 0x0000000080004274 (0x23af8453) f8  0x0000000000000000
core   0: 0x0000000080004278 (0x320071f3) csrrci  gp, mcountinhibit, 0
core   0: exception trap_illegal_instruction, epc 0x0000000080004278
core   0:           tval 0x00000000320071f3
core   0: >>>>  $xrv64i2p1_m2p0_a2p1_f2p2_d2p2_zicsr2p0_zifencei2p0_zmmul1p0_zba1p0_zbb1p0_zbc1p0_zbs1p0
core   0: 0x0000000080004000 (0x0080006f) j       pc + 0x8
core   0: 3 0x0000000080004000 (0x0080006f)
core   0: >>>>  mmode_exception_handler
core   0: 0x0000000080004008 (0x00002c17) auipc   s8, 0x2
core   0: 3 0x0000000080004008 (0x00002c17) x24 0x0000000080006008
core   0: 0x000000008000400c (0x0a4c0c13) addi    s8, s8, 164
core   0: 3 0x000000008000400c (0x0a4c0c13) x24 0x00000000800060ac
core   0: 0x0000000080004010 (0x000c00e7) jalr    s8
core   0: 3 0x0000000080004010 (0x000c00e7) x1  0x0000000080004014
core   0: >>>>  any_handler
core   0: 0x00000000800060ac (0x341027f3) csrrs   a5, mepc, zero
core   0: 3 0x00000000800060ac (0x341027f3) x15 0x0000000080004278
core   0: 0x00000000800060b0 (0x34202773) csrrs   a4, mcause, zero
core   0: 3 0x00000000800060b0 (0x34202773) x14 0x0000000000000002
core   0: 0x00000000800060b4 (0x142026f3) csrrs   a3, scause, zero
core   0: 3 0x00000000800060b4 (0x142026f3) x13 0x0000000000000000
core   0: 0x00000000800060b8 (0x30402673) csrrs   a2, mie, zero
core   0: 3 0x00000000800060b8 (0x30402673) x12 0x0000000000000a00
core   0: 0x00000000800060bc (0x344025f3) csrrs   a1, mip, zero
core   0: 3 0x00000000800060bc (0x344025f3) x11 0x0000000000000080
core   0: 0x00000000800060c0 (0x343025f3) csrrs   a1, mtval, zero
core   0: 3 0x00000000800060c0 (0x343025f3) x11 0x00000000320071f3
core   0: 0x00000000800060c4 (0x14302573) csrrs   a0, stval, zero
core   0: 3 0x00000000800060c4 (0x14302573) x10 0x0000000000000000
core   0: 0x00000000800060c8 (0xb02024f3) csrrs   s1, minstret, zero
core   0: 3 0x00000000800060c8 (0xb02024f3) x9  0x000000000000086f
core   0: 0x00000000800060cc (0x0000a811) c.j     pc + 20
core   0: 3 0x00000000800060cc (0xa811)
core   0: >>>>  mepc_4
core   0: 0x00000000800060e0 (0x00000791) c.addi  a5, 4
core   0: 3 0x00000000800060e0 (0x0791) x15 0x000000008000427c
core   0: 0x00000000800060e2 (0x34179073) csrrw   zero, mepc, a5
core   0: 3 0x00000000800060e2 (0x34179073) c833_mepc 0x000000008000427c
core   0: 0x00000000800060e6 (0x30200073) mret
core   0: 3 0x00000000800060e6 (0x30200073) c768_mstatus 0x8000000a00106080
core   0: 0x000000008000427c (0x032d603b) remw    zero, s10, s2
core   0: 1 0x000000008000427c (0x032d603b)
core   0: 0x0000000080004280 (0x23080153) fsgnj.d ft2, fa6, fa6
core   0: 1 0x0000000080004280 (0x23080153) f2  0x7ff8000000000000
core   0: 0x0000000080004284 (0x003dcdb3) xor     s11, s11, gp
core   0: 1 0x0000000080004284 (0x003dcdb3) x27 0x1fffffffc4bc97d2
core   0: 0x0000000080004288 (0xf2000753) fmv.d.x fa4, zero
core   0: 1 0x0000000080004288 (0xf2000753) f14 0x0000000000000000
core   0: 0x000000008000428c (0x41d106bb) subw    a3, sp, t4
core   0: 1 0x000000008000428c (0x41d106bb) x13 0xffffffffffffffff
core   0: 0x0000000080004290 (0x009599b3) sll     s3, a1, s1
core   0: 1 0x0000000080004290 (0x009599b3) x19 0x38f9800000000000
core   0: 0x0000000080004294 (0x19c8e893) ori     a7, a7, 412
core   0: 1 0x0000000080004294 (0x19c8e893) x17 0x000000000000019c
core   0: 0x0000000080004298 (0x01108eb3) add     t4, ra, a7
core   0: 1 0x0000000080004298 (0x01108eb3) x29 0x00000000800041b0
core   0: 0x000000008000429c (0x0107923b) sllw    tp, a5, a6
core   0: 1 0x000000008000429c (0x0107923b) x4  0x0000000000000000
core   0: 0x00000000800042a0 (0x00d32333) slt     t1, t1, a3
core   0: 1 0x00000000800042a0 (0x00d32333) x6  0x0000000000000000
core   0: 0x00000000800042a4 (0x42ebdb93) srai    s7, s7, 46
core   0: 1 0x00000000800042a4 (0x42ebdb93) x23 0xffffffffffffffff
core   0: 0x00000000800042a8 (0x0318c53b) divw    a0, a7, a7
core   0: 1 0x00000000800042a8 (0x0318c53b) x10 0x0000000000000001
core   0: 0x00000000800042ac (0x03f77fd3) fadd.d  ft11, fa4, ft11
core   0: 1 0x00000000800042ac (0x03f77fd3) f31 0x0000000000000000
core   0: 0x00000000800042b0 (0x00b8003b) addw    zero, a6, a1
core   0: 1 0x00000000800042b0 (0x00b8003b)
core   0: 0x00000000800042b4 (0x0b8976d3) fsub.d  fa3, fs2, fs8
core   0: 1 0x00000000800042b4 (0x0b8976d3) f13 0x7ff8000000000000
core   0: 0x00000000800042b8 (0x03486333) rem     t1, a6, s4
core   0: 1 0x00000000800042b8 (0x03486333) x6  0x7fffffffffffffff
core   0: 0x00000000800042bc (0x006edeb3) srl     t4, t4, t1
core   0: 1 0x00000000800042bc (0x006edeb3) x29 0x0000000000000000
core   0: 0x00000000800042c0 (0x0155fa33) and     s4, a1, s5
core   0: 1 0x00000000800042c0 (0x0155fa33) x20 0x00000000000011c0
core   0: 0x00000000800042c4 (0x41600cb3) sub     s9, zero, s6
core   0: 1 0x00000000800042c4 (0x41600cb3) x25 0x0000000000000000
core   0: 0x00000000800042c8 (0xca437247) fmsub.d ft4, ft6, ft4, fs9
core   0: 1 0x00000000800042c8 (0xca437247) f4  0x7ff8000000000000
core   0: 0x00000000800042cc (0x00102473) csrrs   s0, fflags, zero
core   0: 1 0x00000000800042cc (0x00102473) x8  0x0000000000000011
core   0: 0x00000000800042d0 (0xe2090dd3) fmv.x.d s11, fs2
core   0: 1 0x00000000800042d0 (0xe2090dd3) x27 0xffffffff00000000
core   0: 0x00000000800042d4 (0xd23bf053) fcvt.d.lu ft0, s7
core   0: 1 0x00000000800042d4 (0xd23bf053) c1_fflags 0x0000000000000011 f0  0x43f0000000000000
core   0: 0x00000000800042d8 (0x015d93bb) sllw    t2, s11, s5
core   0: 1 0x00000000800042d8 (0x015d93bb) x7  0x0000000000000000
core   0: 0x00000000800042dc (0x00458dbb) addw    s11, a1, tp
core   0: 1 0x00000000800042dc (0x00458dbb) x27 0x00000000320071f3
core   0: 0x00000000800042e0 (0x933d70cf) fnmadd.d ft1, fs10, fs3, fs2
core   0: 1 0x00000000800042e0 (0x933d70cf) f1  0x7ff8000000000000
core   0: 0x00000000800042e4 (0x000a1e93) slli    t4, s4, 0
core   0: 1 0x00000000800042e4 (0x000a1e93) x29 0x00000000000011c0
core   0: 0x00000000800042e8 (0x01d9e5b3) or      a1, s3, t4
core   0: 1 0x00000000800042e8 (0x01d9e5b3) x11 0x38f98000000011c0
core   0: 0x00000000800042ec (0xc21efdd3) fcvt.wu.d s11, ft9
core   0: 1 0x00000000800042ec (0xc21efdd3) c1_fflags 0x0000000000000011 x27 0xffffffffffffffff
core   0: 0x00000000800042f0 (0x0ff0000f) fence   iorw,iorw
core   0: 1 0x00000000800042f0 (0x0ff0000f)
core   0: 0x00000000800042f4 (0xd2297653) fcvt.d.l fa2, s2
core   0: 1 0x00000000800042f4 (0xd2297653) f12 0xbff0000000000000
core   0: 0x00000000800042f8 (0x63b7e713) ori     a4, a5, 1595
core   0: 1 0x00000000800042f8 (0x63b7e713) x14 0x000000008000467f
core   0: 0x00000000800042fc (0x004436b3) sltu    a3, s0, tp
core   0: 1 0x00000000800042fc (0x004436b3) x13 0x0000000000000000
core   0: 0x0000000080004300 (0xd02e7953) fcvt.s.l fs2, t3
core   0: 1 0x0000000080004300 (0xd02e7953) c1_fflags 0x0000000000000011 f18 0xffffffff5f000000
core   0: 0x0000000080004304 (0x00102cf3) csrrs   s9, fflags, zero
core   0: 1 0x0000000080004304 (0x00102cf3) x25 0x0000000000000011
core   0: 0x0000000080004308 (0x00202873) csrrs   a6, frm, zero
core   0: 1 0x0000000080004308 (0x00202873) x16 0x0000000000000000
core   0: 0x000000008000430c (0x5a03fc53) fsqrt.d fs8, ft7
core   0: 1 0x000000008000430c (0x5a03fc53) f24 0x7ff8000000000000
core   0: 0x0000000080004310 (0x00002885) c.addiw a7, 1
core   0: 1 0x0000000080004310 (0x2885) x17 0x000000000000019d
core   0: 0x0000000080004312 (0xc03973d3) fcvt.lu.s t2, fs2
core   0: 1 0x0000000080004312 (0xc03973d3) x7  0x8000000000000000
core   0: 0x0000000080004316 (0x032c8133) mul     sp, s9, s2
core   0: 1 0x0000000080004316 (0x032c8133) x2  0xffffffffffffffef
core   0: 0x000000008000431a (0x03b1e1b3) rem     gp, gp, s11
core   0: 1 0x000000008000431a (0x03b1e1b3) x3  0x0000000000000000
core   0: 0x000000008000431e (0x003c98bb) sllw    a7, s9, gp
core   0: 1 0x000000008000431e (0x003c98bb) x17 0x0000000000000011
core   0: 0x0000000080004322 (0x0000851e) c.mv    a0, t2
core   0: 1 0x0000000080004322 (0x851e) x10 0x8000000000000000
core   0: 0x0000000080004324 (0x43ecd593) srai    a1, s9, 62
core   0: 1 0x0000000080004324 (0x43ecd593) x11 0x0000000000000000
core   0: 0x0000000080004328 (0xd025f9d3) fcvt.s.l fs3, a1
core   0: 1 0x0000000080004328 (0xd025f9d3) f19 0xffffffff00000000
core   0: 0x000000008000432c (0xf77a0013) addi    zero, s4, -137
core   0: 1 0x000000008000432c (0xf77a0013)
core   0: 0x0000000080004330 (0x40958cbb) subw    s9, a1, s1
core   0: 1 0x0000000080004330 (0x40958cbb) x25 0xfffffffffffff791
core   0: 0x0000000080004334 (0x4068581b) sraiw   a6, a6, 6
core   0: 1 0x0000000080004334 (0x4068581b) x16 0x0000000000000000
core   0: 0x0000000080004338 (0xc23df6d3) fcvt.lu.d a3, fs11
core   0: 1 0x0000000080004338 (0xc23df6d3) c1_fflags 0x0000000000000011 x13 0xffffffffffffffff
core   0: 0x000000008000433c (0x002edc1b) srliw   s8, t4, 2
core   0: 1 0x000000008000433c (0x002edc1b) x24 0x0000000000000470
core   0: 0x0000000080004340 (0x121ef1d3) fmul.d  ft3, ft9, ft1
core   0: 1 0x0000000080004340 (0x121ef1d3) f3  0x7ff8000000000000
core   0: 0x0000000080004344 (0x00169a73) csrrw   s4, fflags, a3
core   0: 1 0x0000000080004344 (0x00169a73) x20 0x0000000000000011 c1_fflags 0x000000000000001f
core   0: 0x0000000080004348 (0xfffa0993) addi    s3, s4, -1
core   0: 1 0x0000000080004348 (0xfffa0993) x19 0x0000000000000010
core   0: 0x000000008000434c (0xd22af853) fcvt.d.l fa6, s5
core   0: 1 0x000000008000434c (0xd22af853) f16 0xc1dfff3810000000
core   0: 0x0000000080004350 (0xd20b0c53) fcvt.d.w fs8, s6
core   0: 1 0x0000000080004350 (0xd20b0c53) f24 0x0000000000000000
core   0: 0x0000000080004354 (0x40fad41b) sraiw   s0, s5, 15
core   0: 1 0x0000000080004354 (0x40fad41b) x8  0xffffffffffff0006
core   0: 0x0000000080004358 (0xa9c40e13) addi    t3, s0, -1380
core   0: 1 0x0000000080004358 (0xa9c40e13) x28 0xfffffffffffefaa2
core   0: 0x000000008000435c (0xd02a79d3) fcvt.s.l fs3, s4
core   0: 1 0x000000008000435c (0xd02a79d3) f19 0xffffffff41880000
core   0: 0x0000000080004360 (0xfff40c1b) addiw   s8, s0, -1
core   0: 1 0x0000000080004360 (0xfff40c1b) x24 0xffffffffffff0005
core   0: 0x0000000080004364 (0x420b81d3) fcvt.d.s ft3, fs7
core   0: 1 0x0000000080004364 (0x420b81d3) f3  0x0000000000000000
core   0: 0x0000000080004368 (0x00000001) c.nop
core   0: 1 0x0000000080004368 (0x0001)
core   0: 0x000000008000436a (0x406d5d13) srai    s10, s10, 6
core   0: 1 0x000000008000436a (0x406d5d13) x26 0x0000000000000000
core   0: 0x000000008000436e (0xb233f793) andi    a5, t2, -1245
core   0: 1 0x000000008000436e (0xb233f793) x15 0x8000000000000000
core   0: 0x0000000080004372 (0x01d208bb) addw    a7, tp, t4
core   0: 1 0x0000000080004372 (0x01d208bb) x17 0x00000000000011c0
core   0: 0x0000000080004376 (0xc03875d3) fcvt.lu.s a1, fa6
core   0: 1 0x0000000080004376 (0xc03875d3) c1_fflags 0x000000000000001f x11 0xffffffffffffffff
core   0: 0x000000008000437a (0x001594f3) csrrw   s1, fflags, a1
core   0: 1 0x000000008000437a (0x001594f3) x9  0x000000000000001f c1_fflags 0x000000000000001f
core   0: 0x000000008000437e (0x00289573) csrrw   a0, frm, a7
core   0: 1 0x000000008000437e (0x00289573) x10 0x0000000000000000 c2_frm 0x0000000000000000
core   0: 0x0000000080004382 (0x306d7af3) csrrci  s5, mcounteren, 26
core   0: exception trap_illegal_instruction, epc 0x0000000080004382
core   0:           tval 0x00000000306d7af3
core   0: >>>>  $xrv64i2p1_m2p0_a2p1_f2p2_d2p2_zicsr2p0_zifencei2p0_zmmul1p0_zba1p0_zbb1p0_zbc1p0_zbs1p0
core   0: 0x0000000080004000 (0x0080006f) j       pc + 0x8
core   0: 3 0x0000000080004000 (0x0080006f)
core   0: >>>>  mmode_exception_handler
core   0: 0x0000000080004008 (0x00002c17) auipc   s8, 0x2
core   0: 3 0x0000000080004008 (0x00002c17) x24 0x0000000080006008
core   0: 0x000000008000400c (0x0a4c0c13) addi    s8, s8, 164
core   0: 3 0x000000008000400c (0x0a4c0c13) x24 0x00000000800060ac
core   0: 0x0000000080004010 (0x000c00e7) jalr    s8
core   0: 3 0x0000000080004010 (0x000c00e7) x1  0x0000000080004014
core   0: >>>>  any_handler
core   0: 0x00000000800060ac (0x341027f3) csrrs   a5, mepc, zero
core   0: 3 0x00000000800060ac (0x341027f3) x15 0x0000000080004382
core   0: 0x00000000800060b0 (0x34202773) csrrs   a4, mcause, zero
core   0: 3 0x00000000800060b0 (0x34202773) x14 0x0000000000000002
core   0: 0x00000000800060b4 (0x142026f3) csrrs   a3, scause, zero
core   0: 3 0x00000000800060b4 (0x142026f3) x13 0x0000000000000000
core   0: 0x00000000800060b8 (0x30402673) csrrs   a2, mie, zero
core   0: 3 0x00000000800060b8 (0x30402673) x12 0x0000000000000a00
core   0: 0x00000000800060bc (0x344025f3) csrrs   a1, mip, zero
core   0: 3 0x00000000800060bc (0x344025f3) x11 0x0000000000000080
core   0: 0x00000000800060c0 (0x343025f3) csrrs   a1, mtval, zero
core   0: 3 0x00000000800060c0 (0x343025f3) x11 0x00000000306d7af3
core   0: 0x00000000800060c4 (0x14302573) csrrs   a0, stval, zero
core   0: 3 0x00000000800060c4 (0x14302573) x10 0x0000000000000000
core   0: 0x00000000800060c8 (0xb02024f3) csrrs   s1, minstret, zero
core   0: 3 0x00000000800060c8 (0xb02024f3) x9  0x00000000000008c2
core   0: 0x00000000800060cc (0x0000a811) c.j     pc + 20
core   0: 3 0x00000000800060cc (0xa811)
core   0: >>>>  mepc_4
core   0: 0x00000000800060e0 (0x00000791) c.addi  a5, 4
core   0: 3 0x00000000800060e0 (0x0791) x15 0x0000000080004386
core   0: 0x00000000800060e2 (0x34179073) csrrw   zero, mepc, a5
core   0: 3 0x00000000800060e2 (0x34179073) c833_mepc 0x0000000080004386
core   0: 0x00000000800060e6 (0x30200073) mret
core   0: 3 0x00000000800060e6 (0x30200073) c768_mstatus 0x8000000a00106080
core   0: 0x0000000080004386 (0x00000001) c.nop
core   0: 1 0x0000000080004386 (0x0001)
core   0: 0x0000000080004388 (0x015428b3) slt     a7, s0, s5
core   0: 1 0x0000000080004388 (0x015428b3) x17 0x0000000000000000
core   0: 0x000000008000438c (0x005ed4bb) srlw    s1, t4, t0
core   0: 1 0x000000008000438c (0x005ed4bb) x9  0x00000000000011c0
core   0: 0x0000000080004390 (0xd232f5d3) fcvt.d.lu fa1, t0
core   0: 1 0x0000000080004390 (0xd232f5d3) f11 0x0000000000000000
core   0: 0x0000000080004394 (0x00121df3) csrrw   s11, fflags, tp
core   0: 1 0x0000000080004394 (0x00121df3) x27 0x000000000000001f c1_fflags 0x0000000000000000
core   0: 0x0000000080004398 (0x00008e96) c.mv    t4, t0
core   0: 1 0x0000000080004398 (0x8e96) x29 0x0000000000000000
core   0: 0x000000008000439a (0xa6080413) addi    s0, a6, -1440
core   0: 1 0x000000008000439a (0xa6080413) x8  0xfffffffffffffa60
core   0: 0x000000008000439e (0x005594bb) sllw    s1, a1, t0
core   0: 1 0x000000008000439e (0x005594bb) x9  0x00000000306d7af3
core   0: 0x00000000800043a2 (0x401f77d3) fcvt.s.d fa5, ft10
core   0: 1 0x00000000800043a2 (0x401f77d3) f15 0xffffffff7fc00000
core   0: 0x00000000800043a6 (0x4164d63b) sraw    a2, s1, s6
core   0: 1 0x00000000800043a6 (0x4164d63b) x12 0x00000000306d7af3
core   0: 0x00000000800043aa (0x41f2569b) sraiw   a3, tp, 31
core   0: 1 0x00000000800043aa (0x41f2569b) x13 0x0000000000000000
core   0: 0x00000000800043ae (0xfffbea93) ori     s5, s7, -1
core   0: 1 0x00000000800043ae (0xfffbea93) x21 0xffffffffffffffff
core   0: 0x00000000800043b2 (0x024246b3) div     a3, tp, tp
core   0: 1 0x00000000800043b2 (0x024246b3) x13 0xffffffffffffffff
core   0: 0x00000000800043b6 (0x0bdafed3) fsub.d  ft9, fs5, ft9
core   0: 1 0x00000000800043b6 (0x0bdafed3) f29 0x7ff8000000000000
core   0: 0x00000000800043ba (0x03545033) divu    zero, s0, s5
core   0: 1 0x00000000800043ba (0x03545033)
core   0: 0x00000000800043be (0xd0347853) fcvt.s.lu fa6, s0
core   0: 1 0x00000000800043be (0xd0347853) c1_fflags 0x0000000000000001 f16 0xffffffff5f800000
core   0: 0x00000000800043c2 (0xd026f2d3) fcvt.s.l ft5, a3
core   0: 1 0x00000000800043c2 (0xd026f2d3) f5  0xffffffffbf800000
core   0: 0x00000000800043c6 (0x002e1773) csrrw   a4, frm, t3
core   0: 1 0x00000000800043c6 (0x002e1773) x14 0x0000000000000000 c2_frm 0x0000000000000002
core   0: 0x00000000800043ca (0xd21e07d3) fcvt.d.wu fa5, t3
core   0: 1 0x00000000800043ca (0xd21e07d3) f15 0x41efffdf54400000
core   0: 0x00000000800043ce (0x001b9d9b) slliw   s11, s7, 1
core   0: 1 0x00000000800043ce (0x001b9d9b) x27 0xfffffffffffffffe
core   0: 0x00000000800043d2 (0x037bcd3b) divw    s10, s7, s7
core   0: 1 0x00000000800043d2 (0x037bcd3b) x26 0x0000000000000001
core   0: 0x00000000800043d6 (0x01be93bb) sllw    t2, t4, s11
core   0: 1 0x00000000800043d6 (0x01be93bb) x7  0x0000000000000000
core   0: 0x00000000800043da (0x41db5b1b) sraiw   s6, s6, 29
core   0: 1 0x00000000800043da (0x41db5b1b) x22 0x0000000000000000
core   0: 0x00000000800043de (0x41148db3) sub     s11, s1, a7
core   0: 1 0x00000000800043de (0x41148db3) x27 0x00000000306d7af3
core   0: 0x00000000800043e2 (0x01bec633) xor     a2, t4, s11
core   0: 1 0x00000000800043e2 (0x01bec633) x12 0x00000000306d7af3
core   0: 0x00000000800043e6 (0x00961bb3) sll     s7, a2, s1
core   0: 1 0x00000000800043e6 (0x00961bb3) x23 0xd798000000000000
core   0: 0x00000000800043ea (0x57a75e37) lui     t3, 0x57a75
core   0: 1 0x00000000800043ea (0x57a75e37) x28 0x0000000057a75000
core   0: 0x00000000800043ee (0x02a5b433) mulhu   s0, a1, a0
core   0: 1 0x00000000800043ee (0x02a5b433) x8  0x0000000000000000
core   0: 0x00000000800043f2 (0x4009d49b) sraiw   s1, s3, 0
core   0: 1 0x00000000800043f2 (0x4009d49b) x9  0x0000000000000010
core   0: 0x00000000800043f6 (0xd2048cd3) fcvt.d.w fs9, s1
core   0: 1 0x00000000800043f6 (0xd2048cd3) f25 0x4030000000000000
core   0: 0x00000000800043fa (0xe20f8cd3) fmv.x.d s9, ft11
core   0: 1 0x00000000800043fa (0xe20f8cd3) x25 0x0000000000000000
core   0: 0x00000000800043fe (0x00000001) c.nop
core   0: 1 0x00000000800043fe (0x0001)
core   0: 0x0000000080004400 (0x41c45d13) srai    s10, s0, 28
core   0: 1 0x0000000080004400 (0x41c45d13) x26 0x0000000000000000
core   0: 0x0000000080004404 (0x0000337d) c.addiw t1, -1
core   0: 1 0x0000000080004404 (0x337d) x6  0xfffffffffffffffe
core   0: 0x0000000080004406 (0xd21782d3) fcvt.d.wu ft5, a5
core   0: 1 0x0000000080004406 (0xd21782d3) f5  0x41e0000870c00000
core   0: 0x000000008000440a (0xfc9e3937) lui     s2, 0xfc9e3
core   0: 1 0x000000008000440a (0xfc9e3937) x18 0xfffffffffc9e3000
core   0: 0x000000008000440e (0xed99091b) addiw   s2, s2, -295
core   0: 1 0x000000008000440e (0xed99091b) x18 0xfffffffffc9e2ed9
core   0: 0x0000000080004412 (0x00000932) c.slli  s2, 12
core   0: 1 0x0000000080004412 (0x0932) x18 0xffffffc9e2ed9000
core   0: 0x0000000080004414 (0x88790913) addi    s2, s2, -1913
core   0: 1 0x0000000080004414 (0x88790913) x18 0xffffffc9e2ed8887
core   0: 0x0000000080004418 (0x03041733) mulh    a4, s0, a6
core   0: 1 0x0000000080004418 (0x03041733) x14 0x0000000000000000
core   0: 0x000000008000441c (0x420d08d3) fcvt.d.s fa7, fs10
core   0: 1 0x000000008000441c (0x420d08d3) f17 0x7ff8000000000000
core   0: 0x0000000080004420 (0x0083a2b3) slt     t0, t2, s0
core   0: 1 0x0000000080004420 (0x0083a2b3) x5  0x0000000000000000
core   0: 0x0000000080004424 (0x40ecda3b) sraw    s4, s9, a4
core   0: 1 0x0000000080004424 (0x40ecda3b) x20 0x0000000000000000
core   0: 0x0000000080004428 (0x00dc1e13) slli    t3, s8, 13
core   0: 1 0x0000000080004428 (0x00dc1e13) x28 0x000010000c158000
core   0: 0x000000008000442c (0x0afffb53) fsub.d  fs6, ft11, fa5
core   0: 1 0x000000008000442c (0x0afffb53) f22 0xc1efffdf54400000
core   0: 0x0000000080004430 (0x7b63f3c3) fmadd.d ft7, ft7, fs6, fa5
core   0: 1 0x0000000080004430 (0x7b63f3c3) f7  0x7ff8000000000000
core   0: 0x0000000080004434 (0xf30870c7) fmsub.d ft1, fa6, fa6, ft10
core   0: 1 0x0000000080004434 (0xf30870c7) f1  0x7ff8000000000000
core   0: 0x0000000080004438 (0x0a8b7ad3) fsub.d  fs5, fs6, fs0
core   0: 1 0x0000000080004438 (0x0a8b7ad3) f21 0xc1efffdf54400000
core   0: 0x000000008000443c (0xc020fbd3) fcvt.l.s s7, ft1
core   0: 1 0x000000008000443c (0xc020fbd3) c1_fflags 0x0000000000000011 x23 0x7fffffffffffffff
core   0: 0x0000000080004440 (0x001b9513) slli    a0, s7, 1
core   0: 1 0x0000000080004440 (0x001b9513) x10 0xfffffffffffffffe
core   0: 0x0000000080004444 (0x00202773) csrrs   a4, frm, zero
core   0: 1 0x0000000080004444 (0x00202773) x14 0x0000000000000002
core   0: 0x0000000080004448 (0x1b427253) fdiv.d  ft4, ft4, fs4
core   0: 1 0x0000000080004448 (0x1b427253) f4  0x7ff8000000000000
core   0: 0x000000008000444c (0x01a72733) slt     a4, a4, s10
core   0: 1 0x000000008000444c (0x01a72733) x14 0x0000000000000000
core   0: 0x0000000080004450 (0x03a3e33b) remw    t1, t2, s10
core   0: 1 0x0000000080004450 (0x03a3e33b) x6  0x0000000000000000
core   0: 0x0000000080004454 (0x022b7953) fadd.d  fs2, fs6, ft2
core   0: 1 0x0000000080004454 (0x022b7953) f18 0x7ff8000000000000
core   0: 0x0000000080004458 (0x420609d3) fcvt.d.s fs3, fa2
core   0: 1 0x0000000080004458 (0x420609d3) f19 0x7ff8000000000000
core   0: 0x000000008000445c (0x01991ab3) sll     s5, s2, s9
core   0: 1 0x000000008000445c (0x01991ab3) x21 0xffffffc9e2ed8887
core   0: 0x0000000080004460 (0x2a5282d3) fmin.d  ft5, ft5, ft5
core   0: 1 0x0000000080004460 (0x2a5282d3) f5  0x41e0000870c00000
core   0: 0x0000000080004464 (0x131cf153) fmul.d  ft2, fs9, fa7
core   0: 1 0x0000000080004464 (0x131cf153) f2  0x7ff8000000000000
core   0: 0x0000000080004468 (0x419781b3) sub     gp, a5, s9
core   0: 1 0x0000000080004468 (0x419781b3) x3  0x0000000080004386
core   0: 0x000000008000446c (0x002993f3) csrrw   t2, frm, s3
core   0: 1 0x000000008000446c (0x002993f3) x7  0x0000000000000002 c2_frm 0x0000000000000000
core   0: 0x0000000080004470 (0xc02172d3) fcvt.l.s t0, ft2
core   0: 1 0x0000000080004470 (0xc02172d3) c1_fflags 0x0000000000000011 x5  0x7fffffffffffffff
core   0: 0x0000000080004474 (0x03dec3b3) div     t2, t4, t4
core   0: 1 0x0000000080004474 (0x03dec3b3) x7  0xffffffffffffffff
core   0: 0x0000000080004478 (0xe4bf45b7) lui     a1, 0xe4bf4
core   0: 1 0x0000000080004478 (0xe4bf45b7) x11 0xffffffffe4bf4000
core   0: 0x000000008000447c (0x008b4433) xor     s0, s6, s0
core   0: 1 0x000000008000447c (0x008b4433) x8  0x0000000000000000
core   0: 0x0000000080004480 (0x4009d31b) sraiw   t1, s3, 0
core   0: 1 0x0000000080004480 (0x4009d31b) x6  0x0000000000000010
core   0: 0x0000000080004484 (0x00000001) c.nop
core   0: 1 0x0000000080004484 (0x0001)
core   0: 0x0000000080004486 (0xb20021b7) lui     gp, 0xb2002
core   0: 1 0x0000000080004486 (0xb20021b7) x3  0xffffffffb2002000
core   0: 0x000000008000448a (0x015ef0b3) and     ra, t4, s5
core   0: 1 0x000000008000448a (0x015ef0b3) x1  0x0000000000000000
core   0: 0x000000008000448e (0x00286133) or      sp, a6, sp
core   0: 1 0x000000008000448e (0x00286133) x2  0xffffffffffffffef
core   0: 0x0000000080004492 (0x0391d3b3) divu    t2, gp, s9
core   0: 1 0x0000000080004492 (0x0391d3b3) x7  0xffffffffffffffff
core   0: 0x0000000080004496 (0x3d83c413) xori    s0, t2, 984
core   0: 1 0x0000000080004496 (0x3d83c413) x8  0xfffffffffffffc27
core   0: 0x000000008000449a (0x01c3993b) sllw    s2, t2, t3
core   0: 1 0x000000008000449a (0x01c3993b) x18 0xffffffffffffffff
core   0: 0x000000008000449e (0xb368f44b) fnmsub.d fs0, fa7, fs6, fs6
core   0: 1 0x000000008000449e (0xb368f44b) f8  0x7ff8000000000000
core   0: 0x00000000800044a2 (0x4073ddb3) sra     s11, t2, t2
core   0: 1 0x00000000800044a2 (0x4073ddb3) x27 0xffffffffffffffff
core   0: 0x00000000800044a6 (0x01b90533) add     a0, s2, s11
core   0: 1 0x00000000800044a6 (0x01b90533) x10 0xfffffffffffffffe
core   0: 0x00000000800044aa (0xa36888d3) fle.d   a7, fa7, fs6
core   0: 1 0x00000000800044aa (0xa36888d3) c1_fflags 0x0000000000000011 x17 0x0000000000000000
core   0: 0x00000000800044ae (0x02ae1793) slli    a5, t3, 42
core   0: 1 0x00000000800044ae (0x02ae1793) x15 0x5600000000000000
core   0: 0x00000000800044b2 (0x0118c433) xor     s0, a7, a7
core   0: 1 0x00000000800044b2 (0x0118c433) x8  0x0000000000000000
core   0: 0x00000000800044b6 (0xb3247943) fmadd.d fs2, fs0, fs2, fs6
core   0: 1 0x00000000800044b6 (0xb3247943) f18 0x7ff8000000000000
core   0: 0x00000000800044ba (0x032bd43b) divuw   s0, s7, s2
core   0: 1 0x00000000800044ba (0x032bd43b) x8  0x0000000000000001
core   0: 0x00000000800044be (0x2b290cd3) fmin.d  fs9, fs2, fs2
core   0: 1 0x00000000800044be (0x2b290cd3) f25 0x7ff8000000000000
core   0: 0x00000000800044c2 (0xc20d7c53) fcvt.w.d s8, fs10
core   0: 1 0x00000000800044c2 (0xc20d7c53) c1_fflags 0x0000000000000011 x24 0x0000000000000000
core   0: 0x00000000800044c6 (0x4132521b) sraiw   tp, tp, 19
core   0: 1 0x00000000800044c6 (0x4132521b) x4  0x0000000000000000
core   0: 0x00000000800044ca (0xc21dfdd3) fcvt.wu.d s11, fs11
core   0: 1 0x00000000800044ca (0xc21dfdd3) c1_fflags 0x0000000000000011 x27 0xffffffffffffffff
core   0: 0x00000000800044ce (0xb1e6871b) addiw   a4, a3, -1250
core   0: 1 0x00000000800044ce (0xb1e6871b) x14 0xfffffffffffffb1d
core   0: 0x00000000800044d2 (0x00202d73) csrrs   s10, frm, zero
core   0: 1 0x00000000800044d2 (0x00202d73) x26 0x0000000000000000
core   0: 0x00000000800044d6 (0xd03278d3) fcvt.s.lu fa7, tp
core   0: 1 0x00000000800044d6 (0xd03278d3) f17 0xffffffff00000000
core   0: 0x00000000800044da (0x02aaa8b3) mulhsu  a7, s5, a0
core   0: 1 0x00000000800044da (0x02aaa8b3) x17 0xffffffc9e2ed8887
core   0: 0x00000000800044de (0x00189b13) slli    s6, a7, 1
core   0: 1 0x00000000800044de (0x00189b13) x22 0xffffff93c5db110e
core   0: 0x00000000800044e2 (0x039be033) rem     zero, s7, s9
core   0: 1 0x00000000800044e2 (0x039be033)
core   0: 0x00000000800044e6 (0x0273c33b) divw    t1, t2, t2
core   0: 1 0x00000000800044e6 (0x0273c33b) x6  0x0000000000000001
core   0: 0x00000000800044ea (0xc047f673) csrrci  a2, hpmcounter4, 15
core   0: exception trap_illegal_instruction, epc 0x00000000800044ea
core   0:           tval 0x00000000c047f673
core   0: >>>>  $xrv64i2p1_m2p0_a2p1_f2p2_d2p2_zicsr2p0_zifencei2p0_zmmul1p0_zba1p0_zbb1p0_zbc1p0_zbs1p0
core   0: 0x0000000080004000 (0x0080006f) j       pc + 0x8
core   0: 3 0x0000000080004000 (0x0080006f)
core   0: >>>>  mmode_exception_handler
core   0: 0x0000000080004008 (0x00002c17) auipc   s8, 0x2
core   0: 3 0x0000000080004008 (0x00002c17) x24 0x0000000080006008
core   0: 0x000000008000400c (0x0a4c0c13) addi    s8, s8, 164
core   0: 3 0x000000008000400c (0x0a4c0c13) x24 0x00000000800060ac
core   0: 0x0000000080004010 (0x000c00e7) jalr    s8
core   0: 3 0x0000000080004010 (0x000c00e7) x1  0x0000000080004014
core   0: >>>>  any_handler
core   0: 0x00000000800060ac (0x341027f3) csrrs   a5, mepc, zero
core   0: 3 0x00000000800060ac (0x341027f3) x15 0x00000000800044ea
core   0: 0x00000000800060b0 (0x34202773) csrrs   a4, mcause, zero
core   0: 3 0x00000000800060b0 (0x34202773) x14 0x0000000000000002
core   0: 0x00000000800060b4 (0x142026f3) csrrs   a3, scause, zero
core   0: 3 0x00000000800060b4 (0x142026f3) x13 0x0000000000000000
core   0: 0x00000000800060b8 (0x30402673) csrrs   a2, mie, zero
core   0: 3 0x00000000800060b8 (0x30402673) x12 0x0000000000000a00
core   0: 0x00000000800060bc (0x344025f3) csrrs   a1, mip, zero
core   0: 3 0x00000000800060bc (0x344025f3) x11 0x0000000000000080
core   0: 0x00000000800060c0 (0x343025f3) csrrs   a1, mtval, zero
core   0: 3 0x00000000800060c0 (0x343025f3) x11 0x00000000c047f673
core   0: 0x00000000800060c4 (0x14302573) csrrs   a0, stval, zero
core   0: 3 0x00000000800060c4 (0x14302573) x10 0x0000000000000000
core   0: 0x00000000800060c8 (0xb02024f3) csrrs   s1, minstret, zero
core   0: 3 0x00000000800060c8 (0xb02024f3) x9  0x000000000000092e
core   0: 0x00000000800060cc (0x0000a811) c.j     pc + 20
core   0: 3 0x00000000800060cc (0xa811)
core   0: >>>>  mepc_4
core   0: 0x00000000800060e0 (0x00000791) c.addi  a5, 4
core   0: 3 0x00000000800060e0 (0x0791) x15 0x00000000800044ee
core   0: 0x00000000800060e2 (0x34179073) csrrw   zero, mepc, a5
core   0: 3 0x00000000800060e2 (0x34179073) c833_mepc 0x00000000800044ee
core   0: 0x00000000800060e6 (0x30200073) mret
core   0: 3 0x00000000800060e6 (0x30200073) c768_mstatus 0x8000000a00106080
core   0: 0x00000000800044ee (0xa3e081d3) fle.d   gp, ft1, ft10
core   0: 1 0x00000000800044ee (0xa3e081d3) c1_fflags 0x0000000000000011 x3  0x0000000000000000
core   0: 0x00000000800044f2 (0xd02b7853) fcvt.s.l fa6, s6
core   0: 1 0x00000000800044f2 (0xd02b7853) c1_fflags 0x0000000000000011 f16 0xffffffffd2d8744a
core   0: 0x00000000800044f6 (0x41dd553b) sraw    a0, s10, t4
core   0: 1 0x00000000800044f6 (0x41dd553b) x10 0x0000000000000000
core   0: 0x00000000800044fa (0x00de973b) sllw    a4, t4, a3
core   0: 1 0x00000000800044fa (0x00de973b) x14 0x0000000000000000
core   0: 0x00000000800044fe (0x4159d913) srai    s2, s3, 21
core   0: 1 0x00000000800044fe (0x4159d913) x18 0x0000000000000000
core   0: 0x0000000080004502 (0x013a181b) slliw   a6, s4, 19
core   0: 1 0x0000000080004502 (0x013a181b) x16 0x0000000000000000
core   0: 0x0000000080004506 (0x03f85093) srli    ra, a6, 63
core   0: 1 0x0000000080004506 (0x03f85093) x1  0x0000000000000000
core   0: 0x000000008000450a (0x41295933) sra     s2, s2, s2
core   0: 1 0x000000008000450a (0x41295933) x18 0x0000000000000000
core   0: 0x000000008000450e (0x00000001) c.nop
core   0: 1 0x000000008000450e (0x0001)
core   0: 0x0000000080004510 (0x017b9c93) slli    s9, s7, 23
core   0: 1 0x0000000080004510 (0x017b9c93) x25 0xffffffffff800000
core   0: 0x0000000080004514 (0x65087213) andi    tp, a6, 1616
core   0: 1 0x0000000080004514 (0x65087213) x4  0x0000000000000000
core   0: 0x0000000080004518 (0x17e93893) sltiu   a7, s2, 382
core   0: 1 0x0000000080004518 (0x17e93893) x17 0x0000000000000001
core   0: 0x000000008000451c (0xc020f4d3) fcvt.l.s s1, ft1
core   0: 1 0x000000008000451c (0xc020f4d3) c1_fflags 0x0000000000000011 x9  0x7fffffffffffffff
core   0: 0x0000000080004520 (0xea81f443) fmadd.d fs0, ft3, fs0, ft9
core   0: 1 0x0000000080004520 (0xea81f443) f8  0x7ff8000000000000
core   0: 0x0000000080004524 (0xf1189df3) csrrw   s11, mvendorid, a7
core   0: exception trap_illegal_instruction, epc 0x0000000080004524
core   0:           tval 0x00000000f1189df3
core   0: >>>>  $xrv64i2p1_m2p0_a2p1_f2p2_d2p2_zicsr2p0_zifencei2p0_zmmul1p0_zba1p0_zbb1p0_zbc1p0_zbs1p0
core   0: 0x0000000080004000 (0x0080006f) j       pc + 0x8
core   0: 3 0x0000000080004000 (0x0080006f)
core   0: >>>>  mmode_exception_handler
core   0: 0x0000000080004008 (0x00002c17) auipc   s8, 0x2
core   0: 3 0x0000000080004008 (0x00002c17) x24 0x0000000080006008
core   0: 0x000000008000400c (0x0a4c0c13) addi    s8, s8, 164
core   0: 3 0x000000008000400c (0x0a4c0c13) x24 0x00000000800060ac
core   0: 0x0000000080004010 (0x000c00e7) jalr    s8
core   0: 3 0x0000000080004010 (0x000c00e7) x1  0x0000000080004014
core   0: >>>>  any_handler
core   0: 0x00000000800060ac (0x341027f3) csrrs   a5, mepc, zero
core   0: 3 0x00000000800060ac (0x341027f3) x15 0x0000000080004524
core   0: 0x00000000800060b0 (0x34202773) csrrs   a4, mcause, zero
core   0: 3 0x00000000800060b0 (0x34202773) x14 0x0000000000000002
core   0: 0x00000000800060b4 (0x142026f3) csrrs   a3, scause, zero
core   0: 3 0x00000000800060b4 (0x142026f3) x13 0x0000000000000000
core   0: 0x00000000800060b8 (0x30402673) csrrs   a2, mie, zero
core   0: 3 0x00000000800060b8 (0x30402673) x12 0x0000000000000a00
core   0: 0x00000000800060bc (0x344025f3) csrrs   a1, mip, zero
core   0: 3 0x00000000800060bc (0x344025f3) x11 0x0000000000000080
core   0: 0x00000000800060c0 (0x343025f3) csrrs   a1, mtval, zero
core   0: 3 0x00000000800060c0 (0x343025f3) x11 0x00000000f1189df3
core   0: 0x00000000800060c4 (0x14302573) csrrs   a0, stval, zero
core   0: 3 0x00000000800060c4 (0x14302573) x10 0x0000000000000000
core   0: 0x00000000800060c8 (0xb02024f3) csrrs   s1, minstret, zero
core   0: 3 0x00000000800060c8 (0xb02024f3) x9  0x000000000000094c
core   0: 0x00000000800060cc (0x0000a811) c.j     pc + 20
core   0: 3 0x00000000800060cc (0xa811)
core   0: >>>>  mepc_4
core   0: 0x00000000800060e0 (0x00000791) c.addi  a5, 4
core   0: 3 0x00000000800060e0 (0x0791) x15 0x0000000080004528
core   0: 0x00000000800060e2 (0x34179073) csrrw   zero, mepc, a5
core   0: 3 0x00000000800060e2 (0x34179073) c833_mepc 0x0000000080004528
core   0: 0x00000000800060e6 (0x30200073) mret
core   0: 3 0x00000000800060e6 (0x30200073) c768_mstatus 0x8000000a00106080
core   0: 0x0000000080004528 (0xa2840153) fle.d   sp, fs0, fs0
core   0: 1 0x0000000080004528 (0xa2840153) c1_fflags 0x0000000000000011 x2  0x0000000000000000
core   0: 0x000000008000452c (0x011928b3) slt     a7, s2, a7
core   0: 1 0x000000008000452c (0x011928b3) x17 0x0000000000000001
core   0: 0x0000000080004530 (0x00f858b3) srl     a7, a6, a5
core   0: 1 0x0000000080004530 (0x00f858b3) x17 0x0000000000000000
core   0: 0x0000000080004534 (0x40b5d293) srai    t0, a1, 11
core   0: 1 0x0000000080004534 (0x40b5d293) x5  0x00000000001e2313
core   0: 0x0000000080004538 (0xf20307d3) fmv.d.x fa5, t1
core   0: 1 0x0000000080004538 (0xf20307d3) f15 0x0000000000000001
core   0: 0x000000008000453c (0x001ad793) srli    a5, s5, 1
core   0: 1 0x000000008000453c (0x001ad793) x15 0x7fffffe4f176c443
core   0: 0x0000000080004540 (0x41fb541b) sraiw   s0, s6, 31
core   0: 1 0x0000000080004540 (0x41fb541b) x8  0xffffffffffffffff
core   0: 0x0000000080004544 (0xc023f3d3) fcvt.l.s t2, ft7
core   0: 1 0x0000000080004544 (0xc023f3d3) c1_fflags 0x0000000000000011 x7  0x7fffffffffffffff
core   0: 0x0000000080004548 (0xc02cf553) fcvt.l.s a0, fs9
core   0: 1 0x0000000080004548 (0xc02cf553) c1_fflags 0x0000000000000011 x10 0x7fffffffffffffff
core   0: 0x000000008000454c (0x01868cb3) add     s9, a3, s8
core   0: 1 0x000000008000454c (0x01868cb3) x25 0x00000000800060ac
core   0: 0x0000000080004550 (0xb8742317) auipc   t1, 0xb8742
core   0: 1 0x0000000080004550 (0xb8742317) x6  0x0000000038746550
core   0: 0x0000000080004554 (0x00189173) csrrw   sp, fflags, a7
core   0: 1 0x0000000080004554 (0x00189173) x2  0x0000000000000011 c1_fflags 0x0000000000000000
core   0: 0x0000000080004558 (0x21f1c997) auipc   s3, 0x21f1c
core   0: 1 0x0000000080004558 (0x21f1c997) x19 0x00000000a1f20558
core   0: 0x000000008000455c (0x2af70753) fmin.d  fa4, fa4, fa5
core   0: 1 0x000000008000455c (0x2af70753) f14 0x0000000000000000
core   0: 0x0000000080004560 (0xf11baef3) csrrs   t4, mvendorid, s7
core   0: exception trap_illegal_instruction, epc 0x0000000080004560
core   0:           tval 0x00000000f11baef3
core   0: >>>>  $xrv64i2p1_m2p0_a2p1_f2p2_d2p2_zicsr2p0_zifencei2p0_zmmul1p0_zba1p0_zbb1p0_zbc1p0_zbs1p0
core   0: 0x0000000080004000 (0x0080006f) j       pc + 0x8
core   0: 3 0x0000000080004000 (0x0080006f)
core   0: >>>>  mmode_exception_handler
core   0: 0x0000000080004008 (0x00002c17) auipc   s8, 0x2
core   0: 3 0x0000000080004008 (0x00002c17) x24 0x0000000080006008
core   0: 0x000000008000400c (0x0a4c0c13) addi    s8, s8, 164
core   0: 3 0x000000008000400c (0x0a4c0c13) x24 0x00000000800060ac
core   0: 0x0000000080004010 (0x000c00e7) jalr    s8
core   0: 3 0x0000000080004010 (0x000c00e7) x1  0x0000000080004014
core   0: >>>>  any_handler
core   0: 0x00000000800060ac (0x341027f3) csrrs   a5, mepc, zero
core   0: 3 0x00000000800060ac (0x341027f3) x15 0x0000000080004560
core   0: 0x00000000800060b0 (0x34202773) csrrs   a4, mcause, zero
core   0: 3 0x00000000800060b0 (0x34202773) x14 0x0000000000000002
core   0: 0x00000000800060b4 (0x142026f3) csrrs   a3, scause, zero
core   0: 3 0x00000000800060b4 (0x142026f3) x13 0x0000000000000000
core   0: 0x00000000800060b8 (0x30402673) csrrs   a2, mie, zero
core   0: 3 0x00000000800060b8 (0x30402673) x12 0x0000000000000a00
core   0: 0x00000000800060bc (0x344025f3) csrrs   a1, mip, zero
core   0: 3 0x00000000800060bc (0x344025f3) x11 0x0000000000000080
core   0: 0x00000000800060c0 (0x343025f3) csrrs   a1, mtval, zero
core   0: 3 0x00000000800060c0 (0x343025f3) x11 0x00000000f11baef3
core   0: 0x00000000800060c4 (0x14302573) csrrs   a0, stval, zero
core   0: 3 0x00000000800060c4 (0x14302573) x10 0x0000000000000000
core   0: 0x00000000800060c8 (0xb02024f3) csrrs   s1, minstret, zero
core   0: 3 0x00000000800060c8 (0xb02024f3) x9  0x000000000000096a
core   0: 0x00000000800060cc (0x0000a811) c.j     pc + 20
core   0: 3 0x00000000800060cc (0xa811)
core   0: >>>>  mepc_4
core   0: 0x00000000800060e0 (0x00000791) c.addi  a5, 4
core   0: 3 0x00000000800060e0 (0x0791) x15 0x0000000080004564
core   0: 0x00000000800060e2 (0x34179073) csrrw   zero, mepc, a5
core   0: 3 0x00000000800060e2 (0x34179073) c833_mepc 0x0000000080004564
core   0: 0x00000000800060e6 (0x30200073) mret
core   0: 3 0x00000000800060e6 (0x30200073) c768_mstatus 0x8000000a00106080
core   0: 0x0000000080004564 (0xc3857f47) fmsub.d ft10, fa0, fs8, fs8
core   0: 1 0x0000000080004564 (0xc3857f47) f30 0x7ff8000000000000
core   0: 0x0000000080004568 (0xc21b72d3) fcvt.wu.d t0, fs6
core   0: 1 0x0000000080004568 (0xc21b72d3) c1_fflags 0x0000000000000010 x5  0x0000000000000000
core   0: 0x000000008000456c (0x40f2d9b3) sra     s3, t0, a5
core   0: 1 0x000000008000456c (0x40f2d9b3) x19 0x0000000000000000
core   0: 0x0000000080004570 (0x303e35f3) csrrc   a1, mideleg, t3
core   0: exception trap_illegal_instruction, epc 0x0000000080004570
core   0:           tval 0x00000000303e35f3
core   0: >>>>  $xrv64i2p1_m2p0_a2p1_f2p2_d2p2_zicsr2p0_zifencei2p0_zmmul1p0_zba1p0_zbb1p0_zbc1p0_zbs1p0
core   0: 0x0000000080004000 (0x0080006f) j       pc + 0x8
core   0: 3 0x0000000080004000 (0x0080006f)
core   0: >>>>  mmode_exception_handler
core   0: 0x0000000080004008 (0x00002c17) auipc   s8, 0x2
core   0: 3 0x0000000080004008 (0x00002c17) x24 0x0000000080006008
core   0: 0x000000008000400c (0x0a4c0c13) addi    s8, s8, 164
core   0: 3 0x000000008000400c (0x0a4c0c13) x24 0x00000000800060ac
core   0: 0x0000000080004010 (0x000c00e7) jalr    s8
core   0: 3 0x0000000080004010 (0x000c00e7) x1  0x0000000080004014
core   0: >>>>  any_handler
core   0: 0x00000000800060ac (0x341027f3) csrrs   a5, mepc, zero
core   0: 3 0x00000000800060ac (0x341027f3) x15 0x0000000080004570
core   0: 0x00000000800060b0 (0x34202773) csrrs   a4, mcause, zero
core   0: 3 0x00000000800060b0 (0x34202773) x14 0x0000000000000002
core   0: 0x00000000800060b4 (0x142026f3) csrrs   a3, scause, zero
core   0: 3 0x00000000800060b4 (0x142026f3) x13 0x0000000000000000
core   0: 0x00000000800060b8 (0x30402673) csrrs   a2, mie, zero
core   0: 3 0x00000000800060b8 (0x30402673) x12 0x0000000000000a00
core   0: 0x00000000800060bc (0x344025f3) csrrs   a1, mip, zero
core   0: 3 0x00000000800060bc (0x344025f3) x11 0x0000000000000080
core   0: 0x00000000800060c0 (0x343025f3) csrrs   a1, mtval, zero
core   0: 3 0x00000000800060c0 (0x343025f3) x11 0x00000000303e35f3
core   0: 0x00000000800060c4 (0x14302573) csrrs   a0, stval, zero
core   0: 3 0x00000000800060c4 (0x14302573) x10 0x0000000000000000
core   0: 0x00000000800060c8 (0xb02024f3) csrrs   s1, minstret, zero
core   0: 3 0x00000000800060c8 (0xb02024f3) x9  0x000000000000097d
core   0: 0x00000000800060cc (0x0000a811) c.j     pc + 20
core   0: 3 0x00000000800060cc (0xa811)
core   0: >>>>  mepc_4
core   0: 0x00000000800060e0 (0x00000791) c.addi  a5, 4
core   0: 3 0x00000000800060e0 (0x0791) x15 0x0000000080004574
core   0: 0x00000000800060e2 (0x34179073) csrrw   zero, mepc, a5
core   0: 3 0x00000000800060e2 (0x34179073) c833_mepc 0x0000000080004574
core   0: 0x00000000800060e6 (0x30200073) mret
core   0: 3 0x00000000800060e6 (0x30200073) c768_mstatus 0x8000000a00106080
core   0: 0x0000000080004574 (0x41f9501b) sraiw   zero, s2, 31
core   0: 1 0x0000000080004574 (0x41f9501b)
core   0: 0x0000000080004578 (0x034ef3b3) remu    t2, t4, s4
core   0: 1 0x0000000080004578 (0x034ef3b3) x7  0x0000000000000000
core   0: 0x000000008000457c (0xd2018253) fcvt.d.w ft4, gp
core   0: 1 0x000000008000457c (0xd2018253) f4  0x0000000000000000
core   0: 0x0000000080004580 (0x0201813b) mulw    sp, gp, zero
core   0: 1 0x0000000080004580 (0x0201813b) x2  0x0000000000000000
core   0: 0x0000000080004584 (0x4071da33) sra     s4, gp, t2
core   0: 1 0x0000000080004584 (0x4071da33) x20 0x0000000000000000
core   0: 0x0000000080004588 (0x01fc911b) slliw   sp, s9, 31
core   0: 1 0x0000000080004588 (0x01fc911b) x2  0x0000000000000000
core   0: 0x000000008000458c (0x411c5ebb) sraw    t4, s8, a7
core   0: 1 0x000000008000458c (0x411c5ebb) x29 0xffffffff800060ac
core   0: 0x0000000080004590 (0x02da96b3) mulh    a3, s5, a3
core   0: 1 0x0000000080004590 (0x02da96b3) x13 0x0000000000000000
core   0: 0x0000000080004594 (0x0ff0000f) fence   iorw,iorw
core   0: 1 0x0000000080004594 (0x0ff0000f)
core   0: 0x0000000080004598 (0x00addd3b) srlw    s10, s11, a0
core   0: 1 0x0000000080004598 (0x00addd3b) x26 0xffffffffffffffff
core   0: 0x000000008000459c (0xc02b7ed3) fcvt.l.s t4, fs6
core   0: 1 0x000000008000459c (0xc02b7ed3) c1_fflags 0x0000000000000010 x29 0x7fffffffffffffff
core   0: 0x00000000800045a0 (0xc238f0d3) fcvt.lu.d ra, fa7
core   0: 1 0x00000000800045a0 (0xc238f0d3) c1_fflags 0x0000000000000010 x1  0xffffffffffffffff
core   0: 0x00000000800045a4 (0x01409bb3) sll     s7, ra, s4
core   0: 1 0x00000000800045a4 (0x01409bb3) x23 0xffffffffffffffff
core   0: 0x00000000800045a8 (0xc23dfcd3) fcvt.lu.d s9, fs11
core   0: 1 0x00000000800045a8 (0xc23dfcd3) c1_fflags 0x0000000000000010 x25 0xffffffffffffffff
core   0: 0x00000000800045ac (0x00000001) c.nop
core   0: 1 0x00000000800045ac (0x0001)
core   0: 0x00000000800045ae (0x02e5c93b) divw    s2, a1, a4
core   0: 1 0x00000000800045ae (0x02e5c93b) x18 0x00000000181f1af9
core   0: 0x00000000800045b2 (0x00bd88b3) add     a7, s11, a1
core   0: 1 0x00000000800045b2 (0x00bd88b3) x17 0x00000000303e35f2
core   0: 0x00000000800045b6 (0xc2227c53) fcvt.l.d s8, ft4
core   0: 1 0x00000000800045b6 (0xc2227c53) x24 0x0000000000000000
core   0: 0x00000000800045ba (0x03c6d733) divu    a4, a3, t3
core   0: 1 0x00000000800045ba (0x03c6d733) x14 0x0000000000000000
core   0: 0x00000000800045be (0x02bd35b3) mulhu   a1, s10, a1
core   0: 1 0x00000000800045be (0x02bd35b3) x11 0x00000000303e35f2
core   0: 0x00000000800045c2 (0xd20404d3) fcvt.d.w fs1, s0
core   0: 1 0x00000000800045c2 (0xd20404d3) f9  0xbff0000000000000
core   0: 0x00000000800045c6 (0x00559cb3) sll     s9, a1, t0
core   0: 1 0x00000000800045c6 (0x00559cb3) x25 0x00000000303e35f2
core   0: 0x00000000800045ca (0x02de72b3) remu    t0, t3, a3
core   0: 1 0x00000000800045ca (0x02de72b3) x5  0x000010000c158000
core   0: 0x00000000800045ce (0xc0227353) fcvt.l.s t1, ft4
core   0: 1 0x00000000800045ce (0xc0227353) c1_fflags 0x0000000000000010 x6  0x7fffffffffffffff
core   0: 0x00000000800045d2 (0xc034fe53) fcvt.lu.s t3, fs1
core   0: 1 0x00000000800045d2 (0xc034fe53) c1_fflags 0x0000000000000010 x28 0xffffffffffffffff
core   0: 0x00000000800045d6 (0x02abcbb3) div     s7, s7, a0
core   0: 1 0x00000000800045d6 (0x02abcbb3) x23 0xffffffffffffffff
core   0: 0x00000000800045da (0x001028f3) csrrs   a7, fflags, zero
core   0: 1 0x00000000800045da (0x001028f3) x17 0x0000000000000010
core   0: 0x00000000800045de (0x57eb6297) auipc   t0, 0x57eb6
core   0: 1 0x00000000800045de (0x57eb6297) x5  0x00000000d7eba5de
core   0: 0x00000000800045e2 (0x02fad7b3) divu    a5, s5, a5
core   0: 1 0x00000000800045e2 (0x02fad7b3) x15 0x00000001fffee9c4
core   0: 0x00000000800045e6 (0x03bdff53) fadd.d  ft10, fs11, fs11
core   0: 1 0x00000000800045e6 (0x03bdff53) f30 0x7ff8000000000000
core   0: 0x00000000800045ea (0xc02f7a53) fcvt.l.s s4, ft10
core   0: 1 0x00000000800045ea (0xc02f7a53) c1_fflags 0x0000000000000010 x20 0x7fffffffffffffff
core   0: 0x00000000800045ee (0x1b0bfdd3) fdiv.d  fs11, fs7, fa6
core   0: 1 0x00000000800045ee (0x1b0bfdd3) f27 0x7ff8000000000000
core   0: 0x00000000800045f2 (0x8acdf6cb) fnmsub.d fa3, fs11, fa2, fa7
core   0: 1 0x00000000800045f2 (0x8acdf6cb) f13 0x7ff8000000000000
core   0: 0x00000000800045f6 (0x40e905bb) subw    a1, s2, a4
core   0: 1 0x00000000800045f6 (0x40e905bb) x11 0x00000000181f1af9
core   0: 0x00000000800045fa (0x22cf9a53) fsgnjn.d fs4, ft11, fa2
core   0: 1 0x00000000800045fa (0x22cf9a53) f20 0x0000000000000000
core   0: 0x00000000800045fe (0x01bdcdb3) xor     s11, s11, s11
core   0: 1 0x00000000800045fe (0x01bdcdb3) x27 0x0000000000000000
core   0: 0x0000000080004602 (0xd03dfc53) fcvt.s.lu fs8, s11
core   0: 1 0x0000000080004602 (0xd03dfc53) f24 0xffffffff00000000
core   0: 0x0000000080004606 (0xb0e66613) ori     a2, a2, -1266
core   0: 1 0x0000000080004606 (0xb0e66613) x12 0xfffffffffffffb0e
core   0: 0x000000008000460a (0x415951bb) sraw    gp, s2, s5
core   0: 1 0x000000008000460a (0x415951bb) x3  0x0000000000303e35
core   0: 0x000000008000460e (0x40a2043b) subw    s0, tp, a0
core   0: 1 0x000000008000460e (0x40a2043b) x8  0x0000000000000000
core   0: 0x0000000080004612 (0x13fcf447) fmsub.d fs0, fs9, ft11, ft2
core   0: 1 0x0000000080004612 (0x13fcf447) f8  0x7ff8000000000000
core   0: 0x0000000080004616 (0x00202473) csrrs   s0, frm, zero
core   0: 1 0x0000000080004616 (0x00202473) x8  0x0000000000000000
core   0: 0x000000008000461a (0x40cc5c3b) sraw    s8, s8, a2
core   0: 1 0x000000008000461a (0x40cc5c3b) x24 0x0000000000000000
core   0: 0x000000008000461e (0x7ffb4b13) xori    s6, s6, 2047
core   0: 1 0x000000008000461e (0x7ffb4b13) x22 0xffffff93c5db16f1
core   0: 0x0000000080004622 (0x4a87fc47) fmsub.d fs8, fa5, fs0, fs1
core   0: 1 0x0000000080004622 (0x4a87fc47) f24 0x7ff8000000000000
core   0: 0x0000000080004626 (0x002b013b) addw    sp, s6, sp
core   0: 1 0x0000000080004626 (0x002b013b) x2  0xffffffffc5db16f1
core   0: 0x000000008000462a (0x020db6b3) mulhu   a3, s11, zero
core   0: 1 0x000000008000462a (0x020db6b3) x13 0x0000000000000000
core   0: 0x000000008000462e (0x01b85133) srl     sp, a6, s11
core   0: 1 0x000000008000462e (0x01b85133) x2  0x0000000000000000
core   0: 0x0000000080004632 (0x00000001) c.nop
core   0: 1 0x0000000080004632 (0x0001)
core   0: 0x0000000080004634 (0x4012d293) srai    t0, t0, 1
core   0: 1 0x0000000080004634 (0x4012d293) x5  0x000000006bf5d2ef
core   0: 0x0000000080004638 (0xfe06cb37) lui     s6, 0xfe06c
core   0: 1 0x0000000080004638 (0xfe06cb37) x22 0xfffffffffe06c000
core   0: 0x000000008000463c (0xa01b0b1b) addiw   s6, s6, -1535
core   0: 1 0x000000008000463c (0xa01b0b1b) x22 0xfffffffffe06ba01
core   0: 0x0000000080004640 (0x00000b36) c.slli  s6, 13
core   0: 1 0x0000000080004640 (0x0b36) x22 0xffffffc0d7402000
core   0: 0x0000000080004642 (0x1dcb0b13) addi    s6, s6, 476
core   0: 1 0x0000000080004642 (0x1dcb0b13) x22 0xffffffc0d74021dc
core   0: 0x0000000080004646 (0x41c25e3b) sraw    t3, tp, t3
core   0: 1 0x0000000080004646 (0x41c25e3b) x28 0x0000000000000000
core   0: 0x000000008000464a (0x03060b33) mul     s6, a2, a6
core   0: 1 0x000000008000464a (0x03060b33) x22 0x0000000000000000
core   0: 0x000000008000464e (0x00000001) c.nop
core   0: 1 0x000000008000464e (0x0001)
core   0: 0x0000000080004650 (0x00015d1b) srliw   s10, sp, 0
core   0: 1 0x0000000080004650 (0x00015d1b) x26 0x0000000000000000
core   0: 0x0000000080004654 (0x00000001) c.nop
core   0: 1 0x0000000080004654 (0x0001)
core   0: 0x0000000080004656 (0x03b65e3b) divuw   t3, a2, s11
core   0: 1 0x0000000080004656 (0x03b65e3b) x28 0xffffffffffffffff
core   0: 0x000000008000465a (0x400e03b3) sub     t2, t3, zero
core   0: 1 0x000000008000465a (0x400e03b3) x7  0xffffffffffffffff
core   0: 0x000000008000465e (0x0366f44f) fnmadd.d fs0, fa3, fs6, ft0
core   0: 1 0x000000008000465e (0x0366f44f) f8  0x7ff8000000000000
core   0: 0x0000000080004662 (0x002021f3) csrrs   gp, frm, zero
core   0: 1 0x0000000080004662 (0x002021f3) x3  0x0000000000000000
core   0: 0x0000000080004666 (0xc02c7553) fcvt.l.s a0, fs8
core   0: 1 0x0000000080004666 (0xc02c7553) c1_fflags 0x0000000000000010 x10 0x7fffffffffffffff
core   0: 0x000000008000466a (0x4179093b) subw    s2, s2, s7
core   0: 1 0x000000008000466a (0x4179093b) x18 0x00000000181f1afa
core   0: 0x000000008000466e (0x401bfad3) fcvt.s.d fs5, fs7
core   0: 1 0x000000008000466e (0x401bfad3) f21 0xffffffff7fc00000
core   0: 0x0000000080004672 (0xfe59d4b7) lui     s1, 0xfe59d
core   0: 1 0x0000000080004672 (0xfe59d4b7) x9  0xfffffffffe59d000
core   0: 0x0000000080004676 (0x1814849b) addiw   s1, s1, 385
core   0: 1 0x0000000080004676 (0x1814849b) x9  0xfffffffffe59d181
core   0: 0x000000008000467a (0x000004b2) c.slli  s1, 12
core   0: 1 0x000000008000467a (0x04b2) x9  0xffffffe59d181000
core   0: 0x000000008000467c (0x2fa48493) addi    s1, s1, 762
core   0: 1 0x000000008000467c (0x2fa48493) x9  0xffffffe59d1812fa
core   0: 0x0000000080004680 (0x404255bb) sraw    a1, tp, tp
core   0: 1 0x0000000080004680 (0x404255bb) x11 0x0000000000000000
core   0: 0x0000000080004684 (0x0269f33b) remuw   t1, s3, t1
core   0: 1 0x0000000080004684 (0x0269f33b) x6  0x0000000000000000
core   0: 0x0000000080004688 (0x03562633) mulhsu  a2, a2, s5
core   0: 1 0x0000000080004688 (0x03562633) x12 0xfffffffffffffb0e
core   0: 0x000000008000468c (0x00001c7e) c.slli  s8, 63
core   0: 1 0x000000008000468c (0x1c7e) x24 0x0000000000000000
core   0: 0x000000008000468e (0x03bc73bb) remuw   t2, s8, s11
core   0: 1 0x000000008000468e (0x03bc73bb) x7  0x0000000000000000
core   0: 0x0000000080004692 (0x01b4949b) slliw   s1, s1, 27
core   0: 1 0x0000000080004692 (0x01b4949b) x9  0xffffffffd0000000
core   0: 0x0000000080004696 (0x02f393b3) mulh    t2, t2, a5
core   0: 1 0x0000000080004696 (0x02f393b3) x7  0x0000000000000000
core   0: 0x000000008000469a (0xd03bf4d3) fcvt.s.lu fs1, s7
core   0: 1 0x000000008000469a (0xd03bf4d3) c1_fflags 0x0000000000000011 f9  0xffffffff5f800000
core   0: 0x000000008000469e (0xc021fed3) fcvt.l.s t4, ft3
core   0: 1 0x000000008000469e (0xc021fed3) c1_fflags 0x0000000000000011 x29 0x7fffffffffffffff
core   0: 0x00000000800046a2 (0x01609dbb) sllw    s11, ra, s6
core   0: 1 0x00000000800046a2 (0x01609dbb) x27 0xffffffffffffffff
core   0: 0x00000000800046a6 (0x41c68cb3) sub     s9, a3, t3
core   0: 1 0x00000000800046a6 (0x41c68cb3) x25 0x0000000000000001
core   0: 0x00000000800046aa (0x4005d91b) sraiw   s2, a1, 0
core   0: 1 0x00000000800046aa (0x4005d91b) x18 0x0000000000000000
core   0: 0x00000000800046ae (0x02890c33) mul     s8, s2, s0
core   0: 1 0x00000000800046ae (0x02890c33) x24 0x0000000000000000
core   0: 0x00000000800046b2 (0x028e7e33) remu    t3, t3, s0
core   0: 1 0x00000000800046b2 (0x028e7e33) x28 0xffffffffffffffff
core   0: 0x00000000800046b6 (0xda3e0793) addi    a5, t3, -605
core   0: 1 0x00000000800046b6 (0xda3e0793) x15 0xfffffffffffffda2
core   0: 0x00000000800046ba (0x4007d11b) sraiw   sp, a5, 0
core   0: 1 0x00000000800046ba (0x4007d11b) x2  0xfffffffffffffda2
core   0: 0x00000000800046be (0x1359f853) fmul.d  fa6, fs3, fs5
core   0: 1 0x00000000800046be (0x1359f853) f16 0x7ff8000000000000
core   0: 0x00000000800046c2 (0x03de16b3) mulh    a3, t3, t4
core   0: 1 0x00000000800046c2 (0x03de16b3) x13 0xffffffffffffffff
core   0: 0x00000000800046c6 (0x00000001) c.nop
core   0: 1 0x00000000800046c6 (0x0001)
core   0: 0x00000000800046c8 (0x4016db13) srai    s6, a3, 1
core   0: 1 0x00000000800046c8 (0x4016db13) x22 0xffffffffffffffff
core   0: 0x00000000800046cc (0x13cffd53) fmul.d  fs10, ft11, ft8
core   0: 1 0x00000000800046cc (0x13cffd53) f26 0x7ff8000000000000
core   0: 0x00000000800046d0 (0x8000e013) prefetch.i -2048(ra)
core   0: 1 0x00000000800046d0 (0x8000e013)
core   0: 0x00000000800046d4 (0x401affd3) fcvt.s.d ft11, fs5
core   0: 1 0x00000000800046d4 (0x401affd3) f31 0xffffffff7fc00000
core   0: 0x00000000800046d8 (0x029b1533) mulh    a0, s6, s1
core   0: 1 0x00000000800046d8 (0x029b1533) x10 0x0000000000000000
core   0: 0x00000000800046dc (0x2a4a0d53) fmin.d  fs10, fs4, ft4
core   0: 1 0x00000000800046dc (0x2a4a0d53) f26 0x0000000000000000
core   0: 0x00000000800046e0 (0xd3207043) fmadd.d ft0, ft0, fs2, fs10
core   0: 1 0x00000000800046e0 (0xd3207043) f0  0x7ff8000000000000
core   0: 0x00000000800046e4 (0x004d1bbb) sllw    s7, s10, tp
core   0: 1 0x00000000800046e4 (0x004d1bbb) x23 0x0000000000000000
core   0: 0x00000000800046e8 (0x00039b13) slli    s6, t2, 0
core   0: 1 0x00000000800046e8 (0x00039b13) x22 0x0000000000000000
core   0: 0x00000000800046ec (0x03449913) slli    s2, s1, 52
core   0: 1 0x00000000800046ec (0x03449913) x18 0x0000000000000000
core   0: 0x00000000800046f0 (0x420508d3) fcvt.d.s fa7, fa0
core   0: 1 0x00000000800046f0 (0x420508d3) f17 0x7ff8000000000000
core   0: 0x00000000800046f4 (0x41795ebb) sraw    t4, s2, s7
core   0: 1 0x00000000800046f4 (0x41795ebb) x29 0x0000000000000000
core   0: 0x00000000800046f8 (0xd0297fd3) fcvt.s.l ft11, s2
core   0: 1 0x00000000800046f8 (0xd0297fd3) f31 0xffffffff00000000
core   0: 0x00000000800046fc (0x0ff0000f) fence   iorw,iorw
core   0: 1 0x00000000800046fc (0x0ff0000f)
core   0: 0x0000000080004700 (0xc03bf6d3) fcvt.lu.s a3, fs7
core   0: 1 0x0000000080004700 (0xc03bf6d3) x13 0x0000000000000000
core   0: 0x0000000080004704 (0x5a05fcd3) fsqrt.d fs9, fa1
core   0: 1 0x0000000080004704 (0x5a05fcd3) f25 0x0000000000000000
core   0: 0x0000000080004708 (0x40975b13) srai    s6, a4, 9
core   0: 1 0x0000000080004708 (0x40975b13) x22 0x0000000000000000
core   0: 0x000000008000470c (0x419ad61b) sraiw   a2, s5, 25
core   0: 1 0x000000008000470c (0x419ad61b) x12 0xfffffffffffffff1
core   0: 0x0000000080004710 (0xc20d75d3) fcvt.w.d a1, fs10
core   0: 1 0x0000000080004710 (0xc20d75d3) x11 0x0000000000000000
core   0: 0x0000000080004714 (0x239b05d3) fsgnj.d fa1, fs6, fs9
core   0: 1 0x0000000080004714 (0x239b05d3) f11 0x41efffdf54400000
core   0: 0x0000000080004718 (0xf1592073) csrrs   zero, mconfigptr, s2
core   0: exception trap_illegal_instruction, epc 0x0000000080004718
core   0:           tval 0x00000000f1592073
core   0: >>>>  $xrv64i2p1_m2p0_a2p1_f2p2_d2p2_zicsr2p0_zifencei2p0_zmmul1p0_zba1p0_zbb1p0_zbc1p0_zbs1p0
core   0: 0x0000000080004000 (0x0080006f) j       pc + 0x8
core   0: 3 0x0000000080004000 (0x0080006f)
core   0: >>>>  mmode_exception_handler
core   0: 0x0000000080004008 (0x00002c17) auipc   s8, 0x2
core   0: 3 0x0000000080004008 (0x00002c17) x24 0x0000000080006008
core   0: 0x000000008000400c (0x0a4c0c13) addi    s8, s8, 164
core   0: 3 0x000000008000400c (0x0a4c0c13) x24 0x00000000800060ac
core   0: 0x0000000080004010 (0x000c00e7) jalr    s8
core   0: 3 0x0000000080004010 (0x000c00e7) x1  0x0000000080004014
core   0: >>>>  any_handler
core   0: 0x00000000800060ac (0x341027f3) csrrs   a5, mepc, zero
core   0: 3 0x00000000800060ac (0x341027f3) x15 0x0000000080004718
core   0: 0x00000000800060b0 (0x34202773) csrrs   a4, mcause, zero
core   0: 3 0x00000000800060b0 (0x34202773) x14 0x0000000000000002
core   0: 0x00000000800060b4 (0x142026f3) csrrs   a3, scause, zero
core   0: 3 0x00000000800060b4 (0x142026f3) x13 0x0000000000000000
core   0: 0x00000000800060b8 (0x30402673) csrrs   a2, mie, zero
core   0: 3 0x00000000800060b8 (0x30402673) x12 0x0000000000000a00
core   0: 0x00000000800060bc (0x344025f3) csrrs   a1, mip, zero
core   0: 3 0x00000000800060bc (0x344025f3) x11 0x0000000000000080
core   0: 0x00000000800060c0 (0x343025f3) csrrs   a1, mtval, zero
core   0: 3 0x00000000800060c0 (0x343025f3) x11 0x00000000f1592073
core   0: 0x00000000800060c4 (0x14302573) csrrs   a0, stval, zero
core   0: 3 0x00000000800060c4 (0x14302573) x10 0x0000000000000000
core   0: 0x00000000800060c8 (0xb02024f3) csrrs   s1, minstret, zero
core   0: 3 0x00000000800060c8 (0xb02024f3) x9  0x00000000000009fa
core   0: 0x00000000800060cc (0x0000a811) c.j     pc + 20
core   0: 3 0x00000000800060cc (0xa811)
core   0: >>>>  mepc_4
core   0: 0x00000000800060e0 (0x00000791) c.addi  a5, 4
core   0: 3 0x00000000800060e0 (0x0791) x15 0x000000008000471c
core   0: 0x00000000800060e2 (0x34179073) csrrw   zero, mepc, a5
core   0: 3 0x00000000800060e2 (0x34179073) c833_mepc 0x000000008000471c
core   0: 0x00000000800060e6 (0x30200073) mret
core   0: 3 0x00000000800060e6 (0x30200073) c768_mstatus 0x8000000a00106080
core   0: 0x000000008000471c (0x141b0c1b) addiw   s8, s6, 321
core   0: 1 0x000000008000471c (0x141b0c1b) x24 0x0000000000000141
core   0: 0x0000000080004720 (0x2851fa17) auipc   s4, 0x2851f
core   0: 1 0x0000000080004720 (0x2851fa17) x20 0x00000000a8523720
core   0: 0x0000000080004724 (0xd034f653) fcvt.s.lu fa2, s1
core   0: 1 0x0000000080004724 (0xd034f653) f12 0xffffffff451fa000
core   0: 0x0000000080004728 (0x2a588953) fmin.d  fs2, fa7, ft5
core   0: 1 0x0000000080004728 (0x2a588953) f18 0x41e0000870c00000
core   0: 0x000000008000472c (0x016e1cbb) sllw    s9, t3, s6
core   0: 1 0x000000008000472c (0x016e1cbb) x25 0xffffffffffffffff
core   0: 0x0000000080004730 (0x0089581b) srliw   a6, s2, 8
core   0: 1 0x0000000080004730 (0x0089581b) x16 0x0000000000000000
core   0: 0x0000000080004734 (0x02b8533b) divuw   t1, a6, a1
core   0: 1 0x0000000080004734 (0x02b8533b) x6  0x0000000000000000
core   0: 0x0000000080004738 (0x0363fabb) remuw   s5, t2, s6
core   0: 1 0x0000000080004738 (0x0363fabb) x21 0x0000000000000000
core   0: 0x000000008000473c (0xc20cf8d3) fcvt.w.d a7, fs9
core   0: 1 0x000000008000473c (0xc20cf8d3) x17 0x0000000000000000
core   0: 0x0000000080004740 (0x0112583b) srlw    a6, tp, a7
core   0: 1 0x0000000080004740 (0x0112583b) x16 0x0000000000000000
core   0: 0x0000000080004744 (0x002e9073) csrrw   zero, frm, t4
core   0: 1 0x0000000080004744 (0x002e9073) c2_frm 0x0000000000000000
core   0: 0x0000000080004748 (0x5b6e7b47) fmsub.d fs6, ft8, fs6, fa1
core   0: 1 0x0000000080004748 (0x5b6e7b47) f22 0x7ff8000000000000
core   0: 0x000000008000474c (0x00202073) csrrs   zero, frm, zero
core   0: 1 0x000000008000474c (0x00202073)
core   0: 0x0000000080004750 (0x40045113) srai    sp, s0, 0
core   0: 1 0x0000000080004750 (0x40045113) x2  0x0000000000000000
core   0: 0x0000000080004754 (0x1b4bf953) fdiv.d  fs2, fs7, fs4
core   0: 1 0x0000000080004754 (0x1b4bf953) f18 0x7ff8000000000000
core   0: 0x0000000080004758 (0xc20978d3) fcvt.w.d a7, fs2
core   0: 1 0x0000000080004758 (0xc20978d3) c1_fflags 0x0000000000000011 x17 0x000000007fffffff
core   0: 0x000000008000475c (0xc060e5f3) csrrsi  a1, hpmcounter6, 1
core   0: exception trap_illegal_instruction, epc 0x000000008000475c
core   0:           tval 0x00000000c060e5f3
core   0: >>>>  $xrv64i2p1_m2p0_a2p1_f2p2_d2p2_zicsr2p0_zifencei2p0_zmmul1p0_zba1p0_zbb1p0_zbc1p0_zbs1p0
core   0: 0x0000000080004000 (0x0080006f) j       pc + 0x8
core   0: 3 0x0000000080004000 (0x0080006f)
core   0: >>>>  mmode_exception_handler
core   0: 0x0000000080004008 (0x00002c17) auipc   s8, 0x2
core   0: 3 0x0000000080004008 (0x00002c17) x24 0x0000000080006008
core   0: 0x000000008000400c (0x0a4c0c13) addi    s8, s8, 164
core   0: 3 0x000000008000400c (0x0a4c0c13) x24 0x00000000800060ac
core   0: 0x0000000080004010 (0x000c00e7) jalr    s8
core   0: 3 0x0000000080004010 (0x000c00e7) x1  0x0000000080004014
core   0: >>>>  any_handler
core   0: 0x00000000800060ac (0x341027f3) csrrs   a5, mepc, zero
core   0: 3 0x00000000800060ac (0x341027f3) x15 0x000000008000475c
core   0: 0x00000000800060b0 (0x34202773) csrrs   a4, mcause, zero
core   0: 3 0x00000000800060b0 (0x34202773) x14 0x0000000000000002
core   0: 0x00000000800060b4 (0x142026f3) csrrs   a3, scause, zero
core   0: 3 0x00000000800060b4 (0x142026f3) x13 0x0000000000000000
core   0: 0x00000000800060b8 (0x30402673) csrrs   a2, mie, zero
core   0: 3 0x00000000800060b8 (0x30402673) x12 0x0000000000000a00
core   0: 0x00000000800060bc (0x344025f3) csrrs   a1, mip, zero
core   0: 3 0x00000000800060bc (0x344025f3) x11 0x0000000000000080
core   0: 0x00000000800060c0 (0x343025f3) csrrs   a1, mtval, zero
core   0: 3 0x00000000800060c0 (0x343025f3) x11 0x00000000c060e5f3
core   0: 0x00000000800060c4 (0x14302573) csrrs   a0, stval, zero
core   0: 3 0x00000000800060c4 (0x14302573) x10 0x0000000000000000
core   0: 0x00000000800060c8 (0xb02024f3) csrrs   s1, minstret, zero
core   0: 3 0x00000000800060c8 (0xb02024f3) x9  0x0000000000000a1a
core   0: 0x00000000800060cc (0x0000a811) c.j     pc + 20
core   0: 3 0x00000000800060cc (0xa811)
core   0: >>>>  mepc_4
core   0: 0x00000000800060e0 (0x00000791) c.addi  a5, 4
core   0: 3 0x00000000800060e0 (0x0791) x15 0x0000000080004760
core   0: 0x00000000800060e2 (0x34179073) csrrw   zero, mepc, a5
core   0: 3 0x00000000800060e2 (0x34179073) c833_mepc 0x0000000080004760
core   0: 0x00000000800060e6 (0x30200073) mret
core   0: 3 0x00000000800060e6 (0x30200073) c768_mstatus 0x8000000a00106080
core   0: 0x0000000080004760 (0xc23df0d3) fcvt.lu.d ra, fs11
core   0: 1 0x0000000080004760 (0xc23df0d3) c1_fflags 0x0000000000000011 x1  0xffffffffffffffff
core   0: 0x0000000080004764 (0x72968d13) addi    s10, a3, 1833
core   0: 1 0x0000000080004764 (0x72968d13) x26 0x0000000000000729
core   0: 0x0000000080004768 (0x00eb1b93) slli    s7, s6, 14
core   0: 1 0x0000000080004768 (0x00eb1b93) x23 0x0000000000000000
core   0: 0x000000008000476c (0x401e73d3) fcvt.s.d ft7, ft8
core   0: 1 0x000000008000476c (0x401e73d3) f7  0xffffffff7fc00000
core   0: 0x0000000080004770 (0x00c642b3) xor     t0, a2, a2
core   0: 1 0x0000000080004770 (0x00c642b3) x5  0x0000000000000000
core   0: 0x0000000080004774 (0x001591f3) csrrw   gp, fflags, a1
core   0: 1 0x0000000080004774 (0x001591f3) x3  0x0000000000000011 c1_fflags 0x0000000000000013
core   0: 0x0000000080004778 (0x4016f4d3) fcvt.s.d fs1, fa3
core   0: 1 0x0000000080004778 (0x4016f4d3) f9  0xffffffff7fc00000
core   0: 0x000000008000477c (0x023e863b) mulw    a2, t4, gp
core   0: 1 0x000000008000477c (0x023e863b) x12 0x0000000000000000
core   0: 0x0000000080004780 (0x7ff87813) andi    a6, a6, 2047
core   0: 1 0x0000000080004780 (0x7ff87813) x16 0x0000000000000000
core   0: 0x0000000080004784 (0x0042c693) xori    a3, t0, 4
core   0: 1 0x0000000080004784 (0x0042c693) x13 0x0000000000000004
core   0: 0x0000000080004788 (0xd21680d3) fcvt.d.wu ft1, a3
core   0: 1 0x0000000080004788 (0xd21680d3) f1  0x4010000000000000
core   0: 0x000000008000478c (0x40e808bb) subw    a7, a6, a4
core   0: 1 0x000000008000478c (0x40e808bb) x17 0xfffffffffffffffe
core   0: 0x0000000080004790 (0xcb717093) andi    ra, sp, -841
core   0: 1 0x0000000080004790 (0xcb717093) x1  0x0000000000000000
core   0: 0x0000000080004794 (0xf2068c53) fmv.d.x fs8, a3
core   0: 1 0x0000000080004794 (0xf2068c53) f24 0x0000000000000004
core   0: 0x0000000080004798 (0x005694b3) sll     s1, a3, t0
core   0: 1 0x0000000080004798 (0x005694b3) x9  0x0000000000000004
core   0: 0x000000008000479c (0x4121d193) srai    gp, gp, 18
core   0: 1 0x000000008000479c (0x4121d193) x3  0x0000000000000000
core   0: 0x00000000800047a0 (0xc03dfe53) fcvt.lu.s t3, fs11
core   0: 1 0x00000000800047a0 (0xc03dfe53) c1_fflags 0x0000000000000013 x28 0xffffffffffffffff
core   0: 0x00000000800047a4 (0x001c1c73) csrrw   s8, fflags, s8
core   0: 1 0x00000000800047a4 (0x001c1c73) x24 0x0000000000000013 c1_fflags 0x000000000000000c
core   0: 0x00000000800047a8 (0x410ad293) srai    t0, s5, 16
core   0: 1 0x00000000800047a8 (0x410ad293) x5  0x0000000000000000
core   0: 0x00000000800047ac (0x031c15b3) mulh    a1, s8, a7
core   0: 1 0x00000000800047ac (0x031c15b3) x11 0xffffffffffffffff
core   0: 0x00000000800047b0 (0x000a5c9b) srliw   s9, s4, 0
core   0: 1 0x00000000800047b0 (0x000a5c9b) x25 0xffffffffa8523720
core   0: 0x00000000800047b4 (0x40f65d9b) sraiw   s11, a2, 15
core   0: 1 0x00000000800047b4 (0x40f65d9b) x27 0x0000000000000000
core   0: 0x00000000800047b8 (0xf11ebd73) csrrc   s10, mvendorid, t4
core   0: exception trap_illegal_instruction, epc 0x00000000800047b8
core   0:           tval 0x00000000f11ebd73
core   0: >>>>  $xrv64i2p1_m2p0_a2p1_f2p2_d2p2_zicsr2p0_zifencei2p0_zmmul1p0_zba1p0_zbb1p0_zbc1p0_zbs1p0
core   0: 0x0000000080004000 (0x0080006f) j       pc + 0x8
core   0: 3 0x0000000080004000 (0x0080006f)
core   0: >>>>  mmode_exception_handler
core   0: 0x0000000080004008 (0x00002c17) auipc   s8, 0x2
core   0: 3 0x0000000080004008 (0x00002c17) x24 0x0000000080006008
core   0: 0x000000008000400c (0x0a4c0c13) addi    s8, s8, 164
core   0: 3 0x000000008000400c (0x0a4c0c13) x24 0x00000000800060ac
core   0: 0x0000000080004010 (0x000c00e7) jalr    s8
core   0: 3 0x0000000080004010 (0x000c00e7) x1  0x0000000080004014
core   0: >>>>  any_handler
core   0: 0x00000000800060ac (0x341027f3) csrrs   a5, mepc, zero
core   0: 3 0x00000000800060ac (0x341027f3) x15 0x00000000800047b8
core   0: 0x00000000800060b0 (0x34202773) csrrs   a4, mcause, zero
core   0: 3 0x00000000800060b0 (0x34202773) x14 0x0000000000000002
core   0: 0x00000000800060b4 (0x142026f3) csrrs   a3, scause, zero
core   0: 3 0x00000000800060b4 (0x142026f3) x13 0x0000000000000000
core   0: 0x00000000800060b8 (0x30402673) csrrs   a2, mie, zero
core   0: 3 0x00000000800060b8 (0x30402673) x12 0x0000000000000a00
core   0: 0x00000000800060bc (0x344025f3) csrrs   a1, mip, zero
core   0: 3 0x00000000800060bc (0x344025f3) x11 0x0000000000000080
core   0: 0x00000000800060c0 (0x343025f3) csrrs   a1, mtval, zero
core   0: 3 0x00000000800060c0 (0x343025f3) x11 0x00000000f11ebd73
core   0: 0x00000000800060c4 (0x14302573) csrrs   a0, stval, zero
core   0: 3 0x00000000800060c4 (0x14302573) x10 0x0000000000000000
core   0: 0x00000000800060c8 (0xb02024f3) csrrs   s1, minstret, zero
core   0: 3 0x00000000800060c8 (0xb02024f3) x9  0x0000000000000a40
core   0: 0x00000000800060cc (0x0000a811) c.j     pc + 20
core   0: 3 0x00000000800060cc (0xa811)
core   0: >>>>  mepc_4
core   0: 0x00000000800060e0 (0x00000791) c.addi  a5, 4
core   0: 3 0x00000000800060e0 (0x0791) x15 0x00000000800047bc
core   0: 0x00000000800060e2 (0x34179073) csrrw   zero, mepc, a5
core   0: 3 0x00000000800060e2 (0x34179073) c833_mepc 0x00000000800047bc
core   0: 0x00000000800060e6 (0x30200073) mret
core   0: 3 0x00000000800060e6 (0x30200073) c768_mstatus 0x8000000a00106080
core   0: 0x00000000800047bc (0x024eb033) mulhu   zero, t4, tp
core   0: 1 0x00000000800047bc (0x024eb033)
core   0: 0x00000000800047c0 (0x0ff0000f) fence   iorw,iorw
core   0: 1 0x00000000800047c0 (0x0ff0000f)
core   0: 0x00000000800047c4 (0x001250bb) srlw    ra, tp, ra
core   0: 1 0x00000000800047c4 (0x001250bb) x1  0x0000000000000000
core   0: 0x00000000800047c8 (0x238f93d3) fsgnjn.d ft7, ft11, fs8
core   0: 1 0x00000000800047c8 (0x238f93d3) f7  0xffffffff00000000
core   0: 0x00000000800047cc (0xa2860453) fle.d   s0, fa2, fs0
core   0: 1 0x00000000800047cc (0xa2860453) c1_fflags 0x000000000000001c x8  0x0000000000000000
core   0: 0x00000000800047d0 (0xc0247053) fcvt.l.s zero, fs0
core   0: 1 0x00000000800047d0 (0xc0247053) c1_fflags 0x000000000000001c
core   0: 0x00000000800047d4 (0x000c5c1b) srliw   s8, s8, 0
core   0: 1 0x00000000800047d4 (0x000c5c1b) x24 0xffffffff800060ac
core   0: 0x00000000800047d8 (0x000cdc93) srli    s9, s9, 0
core   0: 1 0x00000000800047d8 (0x000cdc93) x25 0xffffffffa8523720
core   0: 0x00000000800047dc (0x01da5713) srli    a4, s4, 29
core   0: 1 0x00000000800047dc (0x01da5713) x14 0x0000000000000005
core   0: 0x00000000800047e0 (0x02979a33) mulh    s4, a5, s1
core   0: 1 0x00000000800047e0 (0x02979a33) x20 0x0000000000000000
core   0: 0x00000000800047e4 (0xd027f453) fcvt.s.l fs0, a5
core   0: 1 0x00000000800047e4 (0xd027f453) c1_fflags 0x000000000000001d f8  0xffffffff4f000048
core   0: 0x00000000800047e8 (0x00079e1b) slliw   t3, a5, 0
core   0: 1 0x00000000800047e8 (0x00079e1b) x28 0xffffffff800047bc
core   0: 0x00000000800047ec (0xd0317ad3) fcvt.s.lu fs5, sp
core   0: 1 0x00000000800047ec (0xd0317ad3) f21 0xffffffff00000000
core   0: 0x00000000800047f0 (0x8006869b) addiw   a3, a3, -2048
core   0: 1 0x00000000800047f0 (0x8006869b) x13 0xfffffffffffff800
core   0: 0x00000000800047f4 (0xd03af0d3) fcvt.s.lu ft1, s5
core   0: 1 0x00000000800047f4 (0xd03af0d3) f1  0xffffffff00000000
core   0: 0x00000000800047f8 (0xe20f0a53) fmv.x.d s4, ft10
core   0: 1 0x00000000800047f8 (0xe20f0a53) x20 0x7ff8000000000000
core   0: 0x00000000800047fc (0xa3e084d3) fle.d   s1, ft1, ft10
core   0: 1 0x00000000800047fc (0xa3e084d3) c1_fflags 0x000000000000001d x9  0x0000000000000000
core   0: 0x0000000080004800 (0x806e2c37) lui     s8, 0x806e2
core   0: 1 0x0000000080004800 (0x806e2c37) x24 0xffffffff806e2000
core   0: 0x0000000080004804 (0x012cd633) srl     a2, s9, s2
core   0: 1 0x0000000080004804 (0x012cd633) x12 0xffffffffa8523720
core   0: 0x0000000080004808 (0x0b15f6d3) fsub.d  fa3, fa1, fa7
core   0: 1 0x0000000080004808 (0x0b15f6d3) f13 0x7ff8000000000000
core   0: 0x000000008000480c (0xc81eda73) csrrwi  s4, timeh, 29
core   0: exception trap_illegal_instruction, epc 0x000000008000480c
core   0:           tval 0x00000000c81eda73
core   0: >>>>  $xrv64i2p1_m2p0_a2p1_f2p2_d2p2_zicsr2p0_zifencei2p0_zmmul1p0_zba1p0_zbb1p0_zbc1p0_zbs1p0
core   0: 0x0000000080004000 (0x0080006f) j       pc + 0x8
core   0: 3 0x0000000080004000 (0x0080006f)
core   0: >>>>  mmode_exception_handler
core   0: 0x0000000080004008 (0x00002c17) auipc   s8, 0x2
core   0: 3 0x0000000080004008 (0x00002c17) x24 0x0000000080006008
core   0: 0x000000008000400c (0x0a4c0c13) addi    s8, s8, 164
core   0: 3 0x000000008000400c (0x0a4c0c13) x24 0x00000000800060ac
core   0: 0x0000000080004010 (0x000c00e7) jalr    s8
core   0: 3 0x0000000080004010 (0x000c00e7) x1  0x0000000080004014
core   0: >>>>  any_handler
core   0: 0x00000000800060ac (0x341027f3) csrrs   a5, mepc, zero
core   0: 3 0x00000000800060ac (0x341027f3) x15 0x000000008000480c
core   0: 0x00000000800060b0 (0x34202773) csrrs   a4, mcause, zero
core   0: 3 0x00000000800060b0 (0x34202773) x14 0x0000000000000002
core   0: 0x00000000800060b4 (0x142026f3) csrrs   a3, scause, zero
core   0: 3 0x00000000800060b4 (0x142026f3) x13 0x0000000000000000
core   0: 0x00000000800060b8 (0x30402673) csrrs   a2, mie, zero
core   0: 3 0x00000000800060b8 (0x30402673) x12 0x0000000000000a00
core   0: 0x00000000800060bc (0x344025f3) csrrs   a1, mip, zero
core   0: 3 0x00000000800060bc (0x344025f3) x11 0x0000000000000080
core   0: 0x00000000800060c0 (0x343025f3) csrrs   a1, mtval, zero
core   0: 3 0x00000000800060c0 (0x343025f3) x11 0x00000000c81eda73
core   0: 0x00000000800060c4 (0x14302573) csrrs   a0, stval, zero
core   0: 3 0x00000000800060c4 (0x14302573) x10 0x0000000000000000
core   0: 0x00000000800060c8 (0xb02024f3) csrrs   s1, minstret, zero
core   0: 3 0x00000000800060c8 (0xb02024f3) x9  0x0000000000000a64
core   0: 0x00000000800060cc (0x0000a811) c.j     pc + 20
core   0: 3 0x00000000800060cc (0xa811)
core   0: >>>>  mepc_4
core   0: 0x00000000800060e0 (0x00000791) c.addi  a5, 4
core   0: 3 0x00000000800060e0 (0x0791) x15 0x0000000080004810
core   0: 0x00000000800060e2 (0x34179073) csrrw   zero, mepc, a5
core   0: 3 0x00000000800060e2 (0x34179073) c833_mepc 0x0000000080004810
core   0: 0x00000000800060e6 (0x30200073) mret
core   0: 3 0x00000000800060e6 (0x30200073) c768_mstatus 0x8000000a00106080
core   0: 0x0000000080004810 (0x001b1013) slli    zero, s6, 1
core   0: 1 0x0000000080004810 (0x001b1013)
core   0: 0x0000000080004814 (0x53607193) andi    gp, zero, 1334
core   0: 1 0x0000000080004814 (0x53607193) x3  0x0000000000000000
core   0: 0x0000000080004818 (0x00000001) c.nop
core   0: 1 0x0000000080004818 (0x0001)
core   0: 0x000000008000481a (0x2a600153) fmin.d  ft2, ft0, ft6
core   0: 1 0x000000008000481a (0x2a600153) f2  0x7ff8000000000000
core   0: 0x000000008000481e (0xc2137153) fcvt.wu.d sp, ft6
core   0: 1 0x000000008000481e (0xc2137153) c1_fflags 0x000000000000001d x2  0xffffffffffffffff
core   0: 0x0000000080004822 (0xe2010253) fmv.x.d tp, ft2
core   0: 1 0x0000000080004822 (0xe2010253) x4  0x7ff8000000000000
core   0: 0x0000000080004826 (0xd2327c53) fcvt.d.lu fs8, tp
core   0: 1 0x0000000080004826 (0xd2327c53) f24 0x43dffe0000000000
core   0: 0x000000008000482a (0x02b0b1b3) mulhu   gp, ra, a1
core   0: 1 0x000000008000482a (0x02b0b1b3) x3  0x0000000000000000
core   0: 0x000000008000482e (0x491de713) ori     a4, s11, 1169
core   0: 1 0x000000008000482e (0x491de713) x14 0x0000000000000491
core   0: 0x0000000080004832 (0xc02c7253) fcvt.l.s tp, fs8
core   0: 1 0x0000000080004832 (0xc02c7253) c1_fflags 0x000000000000001d x4  0x7fffffffffffffff
core   0: 0x0000000080004836 (0x7281f04f) fnmadd.d ft0, ft3, fs0, fa4
core   0: 1 0x0000000080004836 (0x7281f04f) f0  0x7ff8000000000000
core   0: 0x000000008000483a (0x139a76d3) fmul.d  fa3, fs4, fs9
core   0: 1 0x000000008000483a (0x139a76d3) f13 0x0000000000000000
core   0: 0x000000008000483e (0x13c9ffd3) fmul.d  ft11, fs3, ft8
core   0: 1 0x000000008000483e (0x13c9ffd3) f31 0x7ff8000000000000
core   0: 0x0000000080004842 (0x23ae1bd3) fsgnjn.d fs7, ft8, fs10
core   0: 1 0x0000000080004842 (0x23ae1bd3) f23 0xffffffff00000000
core   0: 0x0000000080004846 (0x00000001) c.nop
core   0: 1 0x0000000080004846 (0x0001)
core   0: 0x0000000080004848 (0x01b91dbb) sllw    s11, s2, s11
core   0: 1 0x0000000080004848 (0x01b91dbb) x27 0x0000000000000000
core   0: 0x000000008000484c (0xc039f7d3) fcvt.lu.s a5, fs3
core   0: 1 0x000000008000484c (0xc039f7d3) c1_fflags 0x000000000000001d x15 0xffffffffffffffff
core   0: 0x0000000080004850 (0x0b73fc53) fsub.d  fs8, ft7, fs7
core   0: 1 0x0000000080004850 (0x0b73fc53) f24 0x7ff8000000000000
core   0: 0x0000000080004854 (0x0016573b) srlw    a4, a2, ra
core   0: 1 0x0000000080004854 (0x0016573b) x14 0x0000000000000000
core   0: 0x0000000080004858 (0x80030813) addi    a6, t1, -2048
core   0: 1 0x0000000080004858 (0x80030813) x16 0xfffffffffffff800
core   0: 0x000000008000485c (0x138df653) fmul.d  fa2, fs11, fs8
core   0: 1 0x000000008000485c (0x138df653) f12 0x7ff8000000000000
core   0: 0x0000000080004860 (0x40e8573b) sraw    a4, a6, a4
core   0: 1 0x0000000080004860 (0x40e8573b) x14 0xfffffffffffff800
core   0: 0x0000000080004864 (0x016983bb) addw    t2, s3, s6
core   0: 1 0x0000000080004864 (0x016983bb) x7  0x0000000000000000
core   0: 0x0000000080004868 (0x033989bb) mulw    s3, s3, s3
core   0: 1 0x0000000080004868 (0x033989bb) x19 0x0000000000000000
core   0: 0x000000008000486c (0x49a36193) ori     gp, t1, 1178
core   0: 1 0x000000008000486c (0x49a36193) x3  0x000000000000049a
core   0: 0x0000000080004870 (0x0166c7b3) xor     a5, a3, s6
core   0: 1 0x0000000080004870 (0x0166c7b3) x15 0x0000000000000000
core   0: 0x0000000080004874 (0xc06826f3) csrrs   a3, hpmcounter6, a6
core   0: exception trap_illegal_instruction, epc 0x0000000080004874
core   0:           tval 0x00000000c06826f3
core   0: >>>>  $xrv64i2p1_m2p0_a2p1_f2p2_d2p2_zicsr2p0_zifencei2p0_zmmul1p0_zba1p0_zbb1p0_zbc1p0_zbs1p0
core   0: 0x0000000080004000 (0x0080006f) j       pc + 0x8
core   0: 3 0x0000000080004000 (0x0080006f)
core   0: >>>>  mmode_exception_handler
core   0: 0x0000000080004008 (0x00002c17) auipc   s8, 0x2
core   0: 3 0x0000000080004008 (0x00002c17) x24 0x0000000080006008
core   0: 0x000000008000400c (0x0a4c0c13) addi    s8, s8, 164
core   0: 3 0x000000008000400c (0x0a4c0c13) x24 0x00000000800060ac
core   0: 0x0000000080004010 (0x000c00e7) jalr    s8
core   0: 3 0x0000000080004010 (0x000c00e7) x1  0x0000000080004014
core   0: >>>>  any_handler
core   0: 0x00000000800060ac (0x341027f3) csrrs   a5, mepc, zero
core   0: 3 0x00000000800060ac (0x341027f3) x15 0x0000000080004874
core   0: 0x00000000800060b0 (0x34202773) csrrs   a4, mcause, zero
core   0: 3 0x00000000800060b0 (0x34202773) x14 0x0000000000000002
core   0: 0x00000000800060b4 (0x142026f3) csrrs   a3, scause, zero
core   0: 3 0x00000000800060b4 (0x142026f3) x13 0x0000000000000000
core   0: 0x00000000800060b8 (0x30402673) csrrs   a2, mie, zero
core   0: 3 0x00000000800060b8 (0x30402673) x12 0x0000000000000a00
core   0: 0x00000000800060bc (0x344025f3) csrrs   a1, mip, zero
core   0: 3 0x00000000800060bc (0x344025f3) x11 0x0000000000000080
core   0: 0x00000000800060c0 (0x343025f3) csrrs   a1, mtval, zero
core   0: 3 0x00000000800060c0 (0x343025f3) x11 0x00000000c06826f3
core   0: 0x00000000800060c4 (0x14302573) csrrs   a0, stval, zero
core   0: 3 0x00000000800060c4 (0x14302573) x10 0x0000000000000000
core   0: 0x00000000800060c8 (0xb02024f3) csrrs   s1, minstret, zero
core   0: 3 0x00000000800060c8 (0xb02024f3) x9  0x0000000000000a8e
core   0: 0x00000000800060cc (0x0000a811) c.j     pc + 20
core   0: 3 0x00000000800060cc (0xa811)
core   0: >>>>  mepc_4
core   0: 0x00000000800060e0 (0x00000791) c.addi  a5, 4
core   0: 3 0x00000000800060e0 (0x0791) x15 0x0000000080004878
core   0: 0x00000000800060e2 (0x34179073) csrrw   zero, mepc, a5
core   0: 3 0x00000000800060e2 (0x34179073) c833_mepc 0x0000000080004878
core   0: 0x00000000800060e6 (0x30200073) mret
core   0: 3 0x00000000800060e6 (0x30200073) c768_mstatus 0x8000000a00106080
core   0: 0x0000000080004878 (0x40f8d033) sra     zero, a7, a5
core   0: 1 0x0000000080004878 (0x40f8d033)
core   0: 0x000000008000487c (0x00018b3b) addw    s6, gp, zero
core   0: 1 0x000000008000487c (0x00018b3b) x22 0x000000000000049a
core   0: 0x0000000080004880 (0x01ca7c37) lui     s8, 0x1ca7
core   0: 1 0x0000000080004880 (0x01ca7c37) x24 0x0000000001ca7000
core   0: 0x0000000080004884 (0xea9c0c1b) addiw   s8, s8, -343
core   0: 1 0x0000000080004884 (0xea9c0c1b) x24 0x0000000001ca6ea9
core   0: 0x0000000080004888 (0x00000c32) c.slli  s8, 12
core   0: 1 0x0000000080004888 (0x0c32) x24 0x0000001ca6ea9000
core   0: 0x000000008000488a (0x29ac0c13) addi    s8, s8, 666
core   0: 1 0x000000008000488a (0x29ac0c13) x24 0x0000001ca6ea929a
core   0: 0x000000008000488e (0x03983133) mulhu   sp, a6, s9
core   0: 1 0x000000008000488e (0x03983133) x2  0xffffffffa8522f20
core   0: 0x0000000080004892 (0xe20a89d3) fmv.x.d s3, fs5
core   0: 1 0x0000000080004892 (0xe20a89d3) x19 0xffffffff00000000
core   0: 0x0000000080004896 (0x019486bb) addw    a3, s1, s9
core   0: 1 0x0000000080004896 (0x019486bb) x13 0xffffffffa85241ae
core   0: 0x000000008000489a (0xbfe14593) xori    a1, sp, -1026
core   0: 1 0x000000008000489a (0xbfe14593) x11 0x0000000057add4de
core   0: 0x000000008000489e (0x9bd37897) auipc   a7, 0x9bd37
core   0: 1 0x000000008000489e (0x9bd37897) x17 0x000000001bd3b89e
core   0: 0x00000000800048a2 (0x8003e493) ori     s1, t2, -2048
core   0: 1 0x00000000800048a2 (0x8003e493) x9  0xfffffffffffff800
core   0: 0x00000000800048a6 (0x005955bb) srlw    a1, s2, t0
core   0: 1 0x00000000800048a6 (0x005955bb) x11 0x0000000000000000
core   0: 0x00000000800048aa (0x410c8cbb) subw    s9, s9, a6
core   0: 1 0x00000000800048aa (0x410c8cbb) x25 0xffffffffa8523f20
core   0: 0x00000000800048ae (0xa2c20953) fle.d   s2, ft4, fa2
core   0: 1 0x00000000800048ae (0xa2c20953) c1_fflags 0x000000000000001d x18 0x0000000000000000
core   0: 0x00000000800048b2 (0xd22cf3d3) fcvt.d.l ft7, s9
core   0: 1 0x00000000800048b2 (0xd22cf3d3) f7  0xc1d5eb7038000000
core   0: 0x00000000800048b6 (0x0391a633) mulhsu  a2, gp, s9
core   0: 1 0x00000000800048b6 (0x0391a633) x12 0x0000000000000499
core   0: 0x00000000800048ba (0x40c9033b) subw    t1, s2, a2
core   0: 1 0x00000000800048ba (0x40c9033b) x6  0xfffffffffffffb67
core   0: 0x00000000800048be (0x40d5d4b3) sra     s1, a1, a3
core   0: 1 0x00000000800048be (0x40d5d4b3) x9  0x0000000000000000
core   0: 0x00000000800048c2 (0x2312afd3) fsgnjx.d ft11, ft5, fa7
core   0: 1 0x00000000800048c2 (0x2312afd3) f31 0x41e0000870c00000
core   0: 0x00000000800048c6 (0x4095d733) sra     a4, a1, s1
core   0: 1 0x00000000800048c6 (0x4095d733) x14 0x0000000000000000
core   0: 0x00000000800048ca (0x0097563b) srlw    a2, a4, s1
core   0: 1 0x00000000800048ca (0x0097563b) x12 0x0000000000000000
core   0: 0x00000000800048ce (0x0026ea33) or      s4, a3, sp
core   0: 1 0x00000000800048ce (0x0026ea33) x20 0xffffffffa8526fae
core   0: 0x00000000800048d2 (0x4012fcd3) fcvt.s.d fs9, ft5
core   0: 1 0x00000000800048d2 (0x4012fcd3) c1_fflags 0x000000000000001d f25 0xffffffff4f000044
core   0: 0x00000000800048d6 (0xc03c7c53) fcvt.lu.s s8, fs8
core   0: 1 0x00000000800048d6 (0xc03c7c53) c1_fflags 0x000000000000001d x24 0xffffffffffffffff
core   0: 0x00000000800048da (0x223f0f53) fsgnj.d ft10, ft10, ft3
core   0: 1 0x00000000800048da (0x223f0f53) f30 0x7ff8000000000000
core   0: 0x00000000800048de (0x01691e9b) slliw   t4, s2, 22
core   0: 1 0x00000000800048de (0x01691e9b) x29 0x0000000000000000
core   0: 0x00000000800048e2 (0xc037f053) fcvt.lu.s zero, fa5
core   0: 1 0x00000000800048e2 (0xc037f053) c1_fflags 0x000000000000001d
core   0: 0x00000000800048e6 (0x0351b533) mulhu   a0, gp, s5
core   0: 1 0x00000000800048e6 (0x0351b533) x10 0x0000000000000000
core   0: 0x00000000800048ea (0x02c1e9bb) remw    s3, gp, a2
core   0: 1 0x00000000800048ea (0x02c1e9bb) x19 0x000000000000049a
core   0: 0x00000000800048ee (0x0ff0000f) fence   iorw,iorw
core   0: 1 0x00000000800048ee (0x0ff0000f)
core   0: 0x00000000800048f2 (0xc21871d3) fcvt.wu.d gp, fa6
core   0: 1 0x00000000800048f2 (0xc21871d3) c1_fflags 0x000000000000001d x3  0xffffffffffffffff
core   0: 0x00000000800048f6 (0xd23778d3) fcvt.d.lu fa7, a4
core   0: 1 0x00000000800048f6 (0xd23778d3) f17 0x0000000000000000
core   0: 0x00000000800048fa (0x02098333) mul     t1, s3, zero
core   0: 1 0x00000000800048fa (0x02098333) x6  0x0000000000000000
core   0: 0x00000000800048fe (0xd020fe53) fcvt.s.l ft8, ra
core   0: 1 0x00000000800048fe (0xd020fe53) c1_fflags 0x000000000000001d f28 0xffffffff4f000040
core   0: 0x0000000080004902 (0x00be4a37) lui     s4, 0xbe4
core   0: 1 0x0000000080004902 (0x00be4a37) x20 0x0000000000be4000
core   0: 0x0000000080004906 (0x765a0a1b) addiw   s4, s4, 1893
core   0: 1 0x0000000080004906 (0x765a0a1b) x20 0x0000000000be4765
core   0: 0x000000008000490a (0x00000a36) c.slli  s4, 13
core   0: 1 0x000000008000490a (0x0a36) x20 0x00000017c8eca000
core   0: 0x000000008000490c (0x0bea0a13) addi    s4, s4, 190
core   0: 1 0x000000008000490c (0x0bea0a13) x20 0x00000017c8eca0be
core   0: 0x0000000080004910 (0x002020f3) csrrs   ra, frm, zero
core   0: 1 0x0000000080004910 (0x002020f3) x1  0x0000000000000000
core   0: 0x0000000080004914 (0x4160853b) subw    a0, ra, s6
core   0: 1 0x0000000080004914 (0x4160853b) x10 0xfffffffffffffb66
core   0: 0x0000000080004918 (0xa23580d3) fle.d   ra, fa1, ft3
core   0: 1 0x0000000080004918 (0xa23580d3) x1  0x0000000000000000
core   0: 0x000000008000491c (0x4011ffd3) fcvt.s.d ft11, ft3
core   0: 1 0x000000008000491c (0x4011ffd3) f31 0xffffffff00000000
core   0: 0x0000000080004920 (0x005c083b) addw    a6, s8, t0
core   0: 1 0x0000000080004920 (0x005c083b) x16 0xffffffffffffffff
core   0: 0x0000000080004924 (0xd21006d3) fcvt.d.wu fa3, zero
core   0: 1 0x0000000080004924 (0xd21006d3) f13 0x0000000000000000
core   0: 0x0000000080004928 (0x03694933) div     s2, s2, s6
core   0: 1 0x0000000080004928 (0x03694933) x18 0x0000000000000000
core   0: 0x000000008000492c (0x401a00b3) sub     ra, s4, ra
core   0: 1 0x000000008000492c (0x401a00b3) x1  0x00000017c8eca0be
core   0: 0x0000000080004930 (0x016a7633) and     a2, s4, s6
core   0: 1 0x0000000080004930 (0x016a7633) x12 0x000000000000009a
core   0: 0x0000000080004934 (0x4010f9d3) fcvt.s.d fs3, ft1
core   0: 1 0x0000000080004934 (0x4010f9d3) f19 0xffffffff7fc00000
core   0: 0x0000000080004938 (0x00261a73) csrrw   s4, frm, a2
core   0: 1 0x0000000080004938 (0x00261a73) x20 0x0000000000000000 c2_frm 0x0000000000000002
core   0: 0x000000008000493c (0x0299f453) fadd.d  fs0, fs3, fs1
core   0: 1 0x000000008000493c (0x0299f453) f8  0x7ff8000000000000
core   0: 0x0000000080004940 (0xc034f7d3) fcvt.lu.s a5, fs1
core   0: 1 0x0000000080004940 (0xc034f7d3) c1_fflags 0x000000000000001d x15 0xffffffffffffffff
core   0: 0x0000000080004944 (0xd23bfcd3) fcvt.d.lu fs9, s7
core   0: 1 0x0000000080004944 (0xd23bfcd3) f25 0x0000000000000000
core   0: 0x0000000080004948 (0x02fd0b3b) mulw    s6, s10, a5
core   0: 1 0x0000000080004948 (0x02fd0b3b) x22 0xfffffffffffff8d7
core   0: 0x000000008000494c (0x8203704f) fnmadd.d ft0, ft6, ft0, fa6
core   0: 1 0x000000008000494c (0x8203704f) f0  0x7ff8000000000000
core   0: 0x0000000080004950 (0x34245c73) csrrwi  s8, mcause, 8
core   0: exception trap_illegal_instruction, epc 0x0000000080004950
core   0:           tval 0x0000000034245c73
core   0: >>>>  $xrv64i2p1_m2p0_a2p1_f2p2_d2p2_zicsr2p0_zifencei2p0_zmmul1p0_zba1p0_zbb1p0_zbc1p0_zbs1p0
core   0: 0x0000000080004000 (0x0080006f) j       pc + 0x8
core   0: 3 0x0000000080004000 (0x0080006f)
core   0: >>>>  mmode_exception_handler
core   0: 0x0000000080004008 (0x00002c17) auipc   s8, 0x2
core   0: 3 0x0000000080004008 (0x00002c17) x24 0x0000000080006008
core   0: 0x000000008000400c (0x0a4c0c13) addi    s8, s8, 164
core   0: 3 0x000000008000400c (0x0a4c0c13) x24 0x00000000800060ac
core   0: 0x0000000080004010 (0x000c00e7) jalr    s8
core   0: 3 0x0000000080004010 (0x000c00e7) x1  0x0000000080004014
core   0: >>>>  any_handler
core   0: 0x00000000800060ac (0x341027f3) csrrs   a5, mepc, zero
core   0: 3 0x00000000800060ac (0x341027f3) x15 0x0000000080004950
core   0: 0x00000000800060b0 (0x34202773) csrrs   a4, mcause, zero
core   0: 3 0x00000000800060b0 (0x34202773) x14 0x0000000000000002
core   0: 0x00000000800060b4 (0x142026f3) csrrs   a3, scause, zero
core   0: 3 0x00000000800060b4 (0x142026f3) x13 0x0000000000000000
core   0: 0x00000000800060b8 (0x30402673) csrrs   a2, mie, zero
core   0: 3 0x00000000800060b8 (0x30402673) x12 0x0000000000000a00
core   0: 0x00000000800060bc (0x344025f3) csrrs   a1, mip, zero
core   0: 3 0x00000000800060bc (0x344025f3) x11 0x0000000000000080
core   0: 0x00000000800060c0 (0x343025f3) csrrs   a1, mtval, zero
core   0: 3 0x00000000800060c0 (0x343025f3) x11 0x0000000034245c73
core   0: 0x00000000800060c4 (0x14302573) csrrs   a0, stval, zero
core   0: 3 0x00000000800060c4 (0x14302573) x10 0x0000000000000000
core   0: 0x00000000800060c8 (0xb02024f3) csrrs   s1, minstret, zero
core   0: 3 0x00000000800060c8 (0xb02024f3) x9  0x0000000000000ad5
core   0: 0x00000000800060cc (0x0000a811) c.j     pc + 20
core   0: 3 0x00000000800060cc (0xa811)
core   0: >>>>  mepc_4
core   0: 0x00000000800060e0 (0x00000791) c.addi  a5, 4
core   0: 3 0x00000000800060e0 (0x0791) x15 0x0000000080004954
core   0: 0x00000000800060e2 (0x34179073) csrrw   zero, mepc, a5
core   0: 3 0x00000000800060e2 (0x34179073) c833_mepc 0x0000000080004954
core   0: 0x00000000800060e6 (0x30200073) mret
core   0: 3 0x00000000800060e6 (0x30200073) c768_mstatus 0x8000000a00106080
core   0: 0x0000000080004954 (0x358d6d93) ori     s11, s10, 856
core   0: 1 0x0000000080004954 (0x358d6d93) x27 0x0000000000000779
core   0: 0x0000000080004958 (0xc3d7fb47) fmsub.d fs6, fa5, ft9, fs8
core   0: 1 0x0000000080004958 (0xc3d7fb47) f22 0x7ff8000000000000
core   0: 0x000000008000495c (0x0ff0000f) fence   iorw,iorw
core   0: 1 0x000000008000495c (0x0ff0000f)
core   0: 0x0000000080004960 (0x420404d3) fcvt.d.s fs1, fs0
core   0: 1 0x0000000080004960 (0x420404d3) f9  0x7ff8000000000000
core   0: 0x0000000080004964 (0x0ff0000f) fence   iorw,iorw
core   0: 1 0x0000000080004964 (0x0ff0000f)
core   0: 0x0000000080004968 (0x01141693) slli    a3, s0, 17
core   0: 1 0x0000000080004968 (0x01141693) x13 0x0000000000000000
core   0: 0x000000008000496c (0xc033f653) fcvt.lu.s a2, ft7
core   0: 1 0x000000008000496c (0xc033f653) c1_fflags 0x000000000000001d x12 0xffffffffffffffff
core   0: 0x0000000080004970 (0x02ad753b) remuw   a0, s10, a0
core   0: 1 0x0000000080004970 (0x02ad753b) x10 0x0000000000000729
core   0: 0x0000000080004974 (0x401a70d3) fcvt.s.d ft1, fs4
core   0: 1 0x0000000080004974 (0x401a70d3) f1  0xffffffff00000000
core   0: 0x0000000080004978 (0xd2060353) fcvt.d.w ft6, a2
core   0: 1 0x0000000080004978 (0xd2060353) f6  0xbff0000000000000
core   0: 0x000000008000497c (0xd2257e53) fcvt.d.l ft8, a0
core   0: 1 0x000000008000497c (0xd2257e53) f28 0x409ca40000000000
core   0: 0x0000000080004980 (0xc22373d3) fcvt.l.d t2, ft6
core   0: 1 0x0000000080004980 (0xc22373d3) x7  0xffffffffffffffff
core   0: 0x0000000080004984 (0x42dcdb13) srai    s6, s9, 45
core   0: 1 0x0000000080004984 (0x42dcdb13) x22 0xffffffffffffffff
core   0: 0x0000000080004988 (0xdb2b71cf) fnmadd.d ft3, fs6, fs2, fs11
core   0: 1 0x0000000080004988 (0xdb2b71cf) f3  0x7ff8000000000000
core   0: 0x000000008000498c (0x0013899b) addiw   s3, t2, 1
core   0: 1 0x000000008000498c (0x0013899b) x19 0x0000000000000000
core   0: 0x0000000080004990 (0x049b5097) auipc   ra, 0x49b5
core   0: 1 0x0000000080004990 (0x049b5097) x1  0x00000000849b9990
core   0: 0x0000000080004994 (0xd23ef453) fcvt.d.lu fs0, t4
core   0: 1 0x0000000080004994 (0xd23ef453) f8  0x0000000000000000
core   0: 0x0000000080004998 (0x02d6c8b3) div     a7, a3, a3
core   0: 1 0x0000000080004998 (0x02d6c8b3) x17 0xffffffffffffffff
core   0: 0x000000008000499c (0xc2137e53) fcvt.wu.d t3, ft6
core   0: 1 0x000000008000499c (0xc2137e53) c1_fflags 0x000000000000001d x28 0x0000000000000000
core   0: 0x00000000800049a0 (0xe20c8dd3) fmv.x.d s11, fs9
core   0: 1 0x00000000800049a0 (0xe20c8dd3) x27 0x0000000000000000
core   0: 0x00000000800049a4 (0x5a05f153) fsqrt.d ft2, fa1
core   0: 1 0x00000000800049a4 (0x5a05f153) c1_fflags 0x000000000000001d f2  0x40efffefaa1bd49a
core   0: 0x00000000800049a8 (0x0141ebb3) or      s7, gp, s4
core   0: 1 0x00000000800049a8 (0x0141ebb3) x23 0xffffffffffffffff
core   0: 0x00000000800049ac (0x8130a597) auipc   a1, 0x8130a
core   0: 1 0x00000000800049ac (0x8130a597) x11 0x000000000130e9ac
core   0: 0x00000000800049b0 (0x22749b53) fsgnjn.d fs6, fs1, ft7
core   0: 1 0x00000000800049b0 (0x22749b53) f22 0x7ff8000000000000
core   0: 0x00000000800049b4 (0xe2f04697) auipc   a3, 0xe2f04
core   0: 1 0x00000000800049b4 (0xe2f04697) x13 0x0000000062f089b4
core   0: 0x00000000800049b8 (0x12bb7d4f) fnmadd.d fs10, fs6, fa1, ft2
core   0: 1 0x00000000800049b8 (0x12bb7d4f) f26 0x7ff8000000000000
core   0: 0x00000000800049bc (0x007a123b) sllw    tp, s4, t2
core   0: 1 0x00000000800049bc (0x007a123b) x4  0x0000000000000000
core   0: 0x00000000800049c0 (0xd2040753) fcvt.d.w fa4, s0
core   0: 1 0x00000000800049c0 (0xd2040753) f14 0x0000000000000000
core   0: 0x00000000800049c4 (0x00259e73) csrrw   t3, frm, a1
core   0: 1 0x00000000800049c4 (0x00259e73) x28 0x0000000000000002 c2_frm 0x0000000000000004
core   0: 0x00000000800049c8 (0xd21c0ad3) fcvt.d.wu fs5, s8
core   0: 1 0x00000000800049c8 (0xd21c0ad3) f21 0x41e0000c15800000
core   0: 0x00000000800049cc (0x018d2d33) slt     s10, s10, s8
core   0: 1 0x00000000800049cc (0x018d2d33) x26 0x0000000000000001
core   0: 0x00000000800049d0 (0x00158313) addi    t1, a1, 1
core   0: 1 0x00000000800049d0 (0x00158313) x6  0x000000000130e9ad
core   0: 0x00000000800049d4 (0x02630dbb) mulw    s11, t1, t1
core   0: 1 0x00000000800049d4 (0x02630dbb) x27 0xffffffffd02c5ee9
core   0: 0x00000000800049d8 (0x01719a13) slli    s4, gp, 23
core   0: 1 0x00000000800049d8 (0x01719a13) x20 0xffffffffff800000
core   0: 0x00000000800049dc (0x233ca9d3) fsgnjx.d fs3, fs9, fs3
core   0: 1 0x00000000800049dc (0x233ca9d3) f19 0x8000000000000000
core   0: 0x00000000800049e0 (0x037b77bb) remuw   a5, s6, s7
core   0: 1 0x00000000800049e0 (0x037b77bb) x15 0x0000000000000000
core   0: 0x00000000800049e4 (0x000d9d93) slli    s11, s11, 0
core   0: 1 0x00000000800049e4 (0x000d9d93) x27 0xffffffffd02c5ee9
core   0: 0x00000000800049e8 (0x4096db3b) sraw    s6, a3, s1
core   0: 1 0x00000000800049e8 (0x4096db3b) x22 0x0000000000000317
core   0: 0x00000000800049ec (0x67208c93) addi    s9, ra, 1650
core   0: 1 0x00000000800049ec (0x67208c93) x25 0x00000000849ba002
core   0: 0x00000000800049f0 (0x401e583b) sraw    a6, t3, ra
core   0: 1 0x00000000800049f0 (0x401e583b) x16 0x0000000000000000
core   0: 0x00000000800049f4 (0x007ccd33) xor     s10, s9, t2
core   0: 1 0x00000000800049f4 (0x007ccd33) x26 0xffffffff7b645ffd
core   0: 0x00000000800049f8 (0xd4a9e993) ori     s3, s3, -694
core   0: 1 0x00000000800049f8 (0xd4a9e993) x19 0xfffffffffffffd4a
core   0: 0x00000000800049fc (0x41b9d89b) sraiw   a7, s3, 27
core   0: 1 0x00000000800049fc (0x41b9d89b) x17 0xffffffffffffffff
core   0: 0x0000000080004a00 (0x006b6333) or      t1, s6, t1
core   0: 1 0x0000000080004a00 (0x006b6333) x6  0x000000000130ebbf
core   0: 0x0000000080004a04 (0x00d89393) slli    t2, a7, 13
core   0: 1 0x0000000080004a04 (0x00d89393) x7  0xffffffffffffe000
core   0: 0x0000000080004a08 (0x232d0753) fsgnj.d fa4, fs10, fs2
core   0: 1 0x0000000080004a08 (0x232d0753) f14 0x7ff8000000000000
core   0: 0x0000000080004a0c (0x000092d6) c.add   t0, s5
core   0: 1 0x0000000080004a0c (0x92d6) x5  0x0000000000000000
core   0: 0x0000000080004a0e (0xc233f153) fcvt.lu.d sp, ft7
core   0: 1 0x0000000080004a0e (0xc233f153) c1_fflags 0x000000000000001d x2  0x0000000000000000
core   0: 0x0000000080004a12 (0xd22df7d3) fcvt.d.l fa5, s11
core   0: 1 0x0000000080004a12 (0xd22df7d3) f15 0xc1c7e9d08b800000
core   0: 0x0000000080004a16 (0x02b385b3) mul     a1, t2, a1
core   0: 1 0x0000000080004a16 (0x02b385b3) x11 0xffffffd9e2ca8000
core   0: 0x0000000080004a1a (0x2e3a8393) addi    t2, s5, 739
core   0: 1 0x0000000080004a1a (0x2e3a8393) x7  0x00000000000002e3
core   0: 0x0000000080004a1e (0xd21e84d3) fcvt.d.wu fs1, t4
core   0: 1 0x0000000080004a1e (0xd21e84d3) f9  0x0000000000000000
core   0: 0x0000000080004a22 (0x417318b7) lui     a7, 0x41731
core   0: 1 0x0000000080004a22 (0x417318b7) x17 0x0000000041731000
core   0: 0x0000000080004a26 (0x011b1a33) sll     s4, s6, a7
core   0: 1 0x0000000080004a26 (0x011b1a33) x20 0x0000000000000317
core   0: 0x0000000080004a2a (0x2a9f9fd3) fmax.d  ft11, ft11, fs1
core   0: 1 0x0000000080004a2a (0x2a9f9fd3) f31 0x0000000000000000
core   0: 0x0000000080004a2e (0x01931e33) sll     t3, t1, s9
core   0: 1 0x0000000080004a2e (0x01931e33) x28 0x0000000004c3aefc
core   0: 0x0000000080004a32 (0x00ed52bb) srlw    t0, s10, a4
core   0: 1 0x0000000080004a32 (0x00ed52bb) x5  0x000000001ed917ff
core   0: 0x0000000080004a36 (0x001290b3) sll     ra, t0, ra
core   0: 1 0x0000000080004a36 (0x001290b3) x1  0x00001ed917ff0000
core   0: 0x0000000080004a3a (0x00eb13b3) sll     t2, s6, a4
core   0: 1 0x0000000080004a3a (0x00eb13b3) x7  0x0000000000000c5c
core   0: 0x0000000080004a3e (0x001d5d13) srli    s10, s10, 1
core   0: 1 0x0000000080004a3e (0x001d5d13) x26 0x7fffffffbdb22ffe
core   0: 0x0000000080004a42 (0xd2008ed3) fcvt.d.w ft9, ra
core   0: 1 0x0000000080004a42 (0xd2008ed3) f29 0x41b7ff0000000000
core   0: 0x0000000080004a46 (0x0221013b) mulw    sp, sp, sp
core   0: 1 0x0000000080004a46 (0x0221013b) x2  0x0000000000000000
core   0: 0x0000000080004a4a (0x03810033) mul     zero, sp, s8
core   0: 1 0x0000000080004a4a (0x03810033)
core   0: 0x0000000080004a4e (0xfb4ef1c3) fmadd.d ft3, ft9, fs4, ft11
core   0: 1 0x0000000080004a4e (0xfb4ef1c3) f3  0x0000000000000000
core   0: 0x0000000080004a52 (0x4190583b) sraw    a6, zero, s9
core   0: 1 0x0000000080004a52 (0x4190583b) x16 0x0000000000000000
core   0: 0x0000000080004a56 (0xc21971d3) fcvt.wu.d gp, fs2
core   0: 1 0x0000000080004a56 (0xc21971d3) c1_fflags 0x000000000000001d x3  0xffffffffffffffff
core   0: 0x0000000080004a5a (0xd20382d3) fcvt.d.w ft5, t2
core   0: 1 0x0000000080004a5a (0xd20382d3) f5  0x40a8b80000000000
core   0: 0x0000000080004a5e (0xc0317453) fcvt.lu.s s0, ft2
core   0: 1 0x0000000080004a5e (0xc0317453) c1_fflags 0x000000000000001d x8  0xffffffffffffffff
core   0: 0x0000000080004a62 (0x7ff6c013) xori    zero, a3, 2047
core   0: 1 0x0000000080004a62 (0x7ff6c013)
core   0: 0x0000000080004a66 (0x40d00dbb) subw    s11, zero, a3
core   0: 1 0x0000000080004a66 (0x40d00dbb) x27 0xffffffff9d0f764c
core   0: 0x0000000080004a6a (0x2b258b53) fmin.d  fs6, fa1, fs2
core   0: 1 0x0000000080004a6a (0x2b258b53) f22 0x41efffdf54400000
core   0: 0x0000000080004a6e (0xd20687d3) fcvt.d.w fa5, a3
core   0: 1 0x0000000080004a6e (0xd20687d3) f15 0x41d8bc226d000000
core   0: 0x0000000080004a72 (0x002027f3) csrrs   a5, frm, zero
core   0: 1 0x0000000080004a72 (0x002027f3) x15 0x0000000000000004
core   0: 0x0000000080004a76 (0x019b169b) slliw   a3, s6, 25
core   0: 1 0x0000000080004a76 (0x019b169b) x13 0x000000002e000000
core   0: 0x0000000080004a7a (0x40fa0033) sub     zero, s4, a5
core   0: 1 0x0000000080004a7a (0x40fa0033)
core   0: 0x0000000080004a7e (0x007683bb) addw    t2, a3, t2
core   0: 1 0x0000000080004a7e (0x007683bb) x7  0x000000002e000c5c
core   0: 0x0000000080004a82 (0x40d0dd9b) sraiw   s11, ra, 13
core   0: 1 0x0000000080004a82 (0x40d0dd9b) x27 0x000000000000bff8
core   0: 0x0000000080004a86 (0x00b090b3) sll     ra, ra, a1
core   0: 1 0x0000000080004a86 (0x00b090b3) x1  0x00001ed917ff0000
core   0: 0x0000000080004a8a (0x0073c3b3) xor     t2, t2, t2
core   0: 1 0x0000000080004a8a (0x0073c3b3) x7  0x0000000000000000
core   0: 0x0000000080004a8e (0x31aa7cf3) csrrci  s9, menvcfgh, 20
core   0: exception trap_illegal_instruction, epc 0x0000000080004a8e
core   0:           tval 0x0000000031aa7cf3
core   0: >>>>  $xrv64i2p1_m2p0_a2p1_f2p2_d2p2_zicsr2p0_zifencei2p0_zmmul1p0_zba1p0_zbb1p0_zbc1p0_zbs1p0
core   0: 0x0000000080004000 (0x0080006f) j       pc + 0x8
core   0: 3 0x0000000080004000 (0x0080006f)
core   0: >>>>  mmode_exception_handler
core   0: 0x0000000080004008 (0x00002c17) auipc   s8, 0x2
core   0: 3 0x0000000080004008 (0x00002c17) x24 0x0000000080006008
core   0: 0x000000008000400c (0x0a4c0c13) addi    s8, s8, 164
core   0: 3 0x000000008000400c (0x0a4c0c13) x24 0x00000000800060ac
core   0: 0x0000000080004010 (0x000c00e7) jalr    s8
core   0: 3 0x0000000080004010 (0x000c00e7) x1  0x0000000080004014
core   0: >>>>  any_handler
core   0: 0x00000000800060ac (0x341027f3) csrrs   a5, mepc, zero
core   0: 3 0x00000000800060ac (0x341027f3) x15 0x0000000080004a8e
core   0: 0x00000000800060b0 (0x34202773) csrrs   a4, mcause, zero
core   0: 3 0x00000000800060b0 (0x34202773) x14 0x0000000000000002
core   0: 0x00000000800060b4 (0x142026f3) csrrs   a3, scause, zero
core   0: 3 0x00000000800060b4 (0x142026f3) x13 0x0000000000000000
core   0: 0x00000000800060b8 (0x30402673) csrrs   a2, mie, zero
core   0: 3 0x00000000800060b8 (0x30402673) x12 0x0000000000000a00
core   0: 0x00000000800060bc (0x344025f3) csrrs   a1, mip, zero
core   0: 3 0x00000000800060bc (0x344025f3) x11 0x0000000000000080
core   0: 0x00000000800060c0 (0x343025f3) csrrs   a1, mtval, zero
core   0: 3 0x00000000800060c0 (0x343025f3) x11 0x0000000031aa7cf3
core   0: 0x00000000800060c4 (0x14302573) csrrs   a0, stval, zero
core   0: 3 0x00000000800060c4 (0x14302573) x10 0x0000000000000000
core   0: 0x00000000800060c8 (0xb02024f3) csrrs   s1, minstret, zero
core   0: 3 0x00000000800060c8 (0xb02024f3) x9  0x0000000000000b34
core   0: 0x00000000800060cc (0x0000a811) c.j     pc + 20
core   0: 3 0x00000000800060cc (0xa811)
core   0: >>>>  mepc_4
core   0: 0x00000000800060e0 (0x00000791) c.addi  a5, 4
core   0: 3 0x00000000800060e0 (0x0791) x15 0x0000000080004a92
core   0: 0x00000000800060e2 (0x34179073) csrrw   zero, mepc, a5
core   0: 3 0x00000000800060e2 (0x34179073) c833_mepc 0x0000000080004a92
core   0: 0x00000000800060e6 (0x30200073) mret
core   0: 3 0x00000000800060e6 (0x30200073) c768_mstatus 0x8000000a00106080
core   0: 0x0000000080004a92 (0x236e1e53) fsgnjn.d ft8, ft8, fs6
core   0: 1 0x0000000080004a92 (0x236e1e53) f28 0xc09ca40000000000
core   0: 0x0000000080004a96 (0x039bb9b3) mulhu   s3, s7, s9
core   0: 1 0x0000000080004a96 (0x039bb9b3) x19 0x00000000849ba001
core   0: 0x0000000080004a9a (0x00202273) csrrs   tp, frm, zero
core   0: 1 0x0000000080004a9a (0x00202273) x4  0x0000000000000004
core   0: 0x0000000080004a9e (0x0240623b) remw    tp, zero, tp
core   0: 1 0x0000000080004a9e (0x0240623b) x4  0x0000000000000000
core   0: 0x0000000080004aa2 (0x019d503b) srlw    zero, s10, s9
core   0: 1 0x0000000080004aa2 (0x019d503b)
core   0: 0x0000000080004aa6 (0x01ad56bb) srlw    a3, s10, s10
core   0: 1 0x0000000080004aa6 (0x01ad56bb) x13 0x0000000000000002
core   0: 0x0000000080004aaa (0x5dfc8a13) addi    s4, s9, 1503
core   0: 1 0x0000000080004aaa (0x5dfc8a13) x20 0x00000000849ba5e1
core   0: 0x0000000080004aae (0x22f50553) fsgnj.d fa0, fa0, fa5
core   0: 1 0x0000000080004aae (0x22f50553) f10 0x7ff8000000000000
core   0: 0x0000000080004ab2 (0x025662bb) remw    t0, a2, t0
core   0: 1 0x0000000080004ab2 (0x025662bb) x5  0x0000000000000a00
core   0: 0x0000000080004ab6 (0xe2060153) fmv.x.d sp, fa2
core   0: 1 0x0000000080004ab6 (0xe2060153) x2  0x7ff8000000000000
core   0: 0x0000000080004aba (0x1a55fb53) fdiv.d  fs6, fa1, ft5
core   0: 1 0x0000000080004aba (0x1a55fb53) c1_fflags 0x000000000000001d f22 0x4134b6736de0487f
core   0: 0x0000000080004abe (0x013819bb) sllw    s3, a6, s3
core   0: 1 0x0000000080004abe (0x013819bb) x19 0x0000000000000000
core   0: 0x0000000080004ac2 (0x09a7de97) auipc   t4, 0x9a7d
core   0: 1 0x0000000080004ac2 (0x09a7de97) x29 0x0000000089a81ac2
core   0: 0x0000000080004ac6 (0x00009e76) c.add   t3, t4
core   0: 1 0x0000000080004ac6 (0x9e76) x28 0x000000008e6bc9be
core   0: 0x0000000080004ac8 (0x0009e733) or      a4, s3, zero
core   0: 1 0x0000000080004ac8 (0x0009e733) x14 0x0000000000000000
core   0: 0x0000000080004acc (0x0325e33b) remw    t1, a1, s2
core   0: 1 0x0000000080004acc (0x0325e33b) x6  0x0000000031aa7cf3
core   0: 0x0000000080004ad0 (0x2a4b1253) fmax.d  ft4, fs6, ft4
core   0: 1 0x0000000080004ad0 (0x2a4b1253) f4  0x4134b6736de0487f
core   0: 0x0000000080004ad4 (0x0005ee93) ori     t4, a1, 0
core   0: 1 0x0000000080004ad4 (0x0005ee93) x29 0x0000000031aa7cf3
core   0: 0x0000000080004ad8 (0x001e1af3) csrrw   s5, fflags, t3
core   0: 1 0x0000000080004ad8 (0x001e1af3) x21 0x000000000000001d c1_fflags 0x000000000000001e
core   0: 0x0000000080004adc (0x42098453) fcvt.d.s fs0, fs3
core   0: 1 0x0000000080004adc (0x42098453) f8  0x7ff8000000000000
core   0: 0x0000000080004ae0 (0x47ee6993) ori     s3, t3, 1150
core   0: 1 0x0000000080004ae0 (0x47ee6993) x19 0x000000008e6bcdfe
core   0: 0x0000000080004ae4 (0x00c98cbb) addw    s9, s3, a2
core   0: 1 0x0000000080004ae4 (0x00c98cbb) x25 0xffffffff8e6bd7fe
core   0: 0x0000000080004ae8 (0x22431e53) fsgnjn.d ft8, ft6, ft4
core   0: 1 0x0000000080004ae8 (0x22431e53) f28 0xbff0000000000000
core   0: 0x0000000080004aec (0xd2160653) fcvt.d.wu fa2, a2
core   0: 1 0x0000000080004aec (0xd2160653) f12 0x40a4000000000000
core   0: 0x0000000080004af0 (0x1ae674d3) fdiv.d  fs1, fa2, fa4
core   0: 1 0x0000000080004af0 (0x1ae674d3) f9  0x7ff8000000000000
core   0: 0x0000000080004af4 (0x09e9b517) auipc   a0, 0x9e9b
core   0: 1 0x0000000080004af4 (0x09e9b517) x10 0x0000000089e9faf4
core   0: 0x0000000080004af8 (0x01c01733) sll     a4, zero, t3
core   0: 1 0x0000000080004af8 (0x01c01733) x14 0x0000000000000000
core   0: 0x0000000080004afc (0x02e55eb3) divu    t4, a0, a4
core   0: 1 0x0000000080004afc (0x02e55eb3) x29 0xffffffffffffffff
core   0: 0x0000000080004b00 (0xf145ab73) csrrs   s6, mhartid, a1
core   0: exception trap_illegal_instruction, epc 0x0000000080004b00
core   0:           tval 0x00000000f145ab73
core   0: >>>>  $xrv64i2p1_m2p0_a2p1_f2p2_d2p2_zicsr2p0_zifencei2p0_zmmul1p0_zba1p0_zbb1p0_zbc1p0_zbs1p0
core   0: 0x0000000080004000 (0x0080006f) j       pc + 0x8
core   0: 3 0x0000000080004000 (0x0080006f)
core   0: >>>>  mmode_exception_handler
core   0: 0x0000000080004008 (0x00002c17) auipc   s8, 0x2
core   0: 3 0x0000000080004008 (0x00002c17) x24 0x0000000080006008
core   0: 0x000000008000400c (0x0a4c0c13) addi    s8, s8, 164
core   0: 3 0x000000008000400c (0x0a4c0c13) x24 0x00000000800060ac
core   0: 0x0000000080004010 (0x000c00e7) jalr    s8
core   0: 3 0x0000000080004010 (0x000c00e7) x1  0x0000000080004014
core   0: >>>>  any_handler
core   0: 0x00000000800060ac (0x341027f3) csrrs   a5, mepc, zero
core   0: 3 0x00000000800060ac (0x341027f3) x15 0x0000000080004b00
core   0: 0x00000000800060b0 (0x34202773) csrrs   a4, mcause, zero
core   0: 3 0x00000000800060b0 (0x34202773) x14 0x0000000000000002
core   0: 0x00000000800060b4 (0x142026f3) csrrs   a3, scause, zero
core   0: 3 0x00000000800060b4 (0x142026f3) x13 0x0000000000000000
core   0: 0x00000000800060b8 (0x30402673) csrrs   a2, mie, zero
core   0: 3 0x00000000800060b8 (0x30402673) x12 0x0000000000000a00
core   0: 0x00000000800060bc (0x344025f3) csrrs   a1, mip, zero
core   0: 3 0x00000000800060bc (0x344025f3) x11 0x0000000000000080
core   0: 0x00000000800060c0 (0x343025f3) csrrs   a1, mtval, zero
core   0: 3 0x00000000800060c0 (0x343025f3) x11 0x00000000f145ab73
core   0: 0x00000000800060c4 (0x14302573) csrrs   a0, stval, zero
core   0: 3 0x00000000800060c4 (0x14302573) x10 0x0000000000000000
core   0: 0x00000000800060c8 (0xb02024f3) csrrs   s1, minstret, zero
core   0: 3 0x00000000800060c8 (0xb02024f3) x9  0x0000000000000b60
core   0: 0x00000000800060cc (0x0000a811) c.j     pc + 20
core   0: 3 0x00000000800060cc (0xa811)
core   0: >>>>  mepc_4
core   0: 0x00000000800060e0 (0x00000791) c.addi  a5, 4
core   0: 3 0x00000000800060e0 (0x0791) x15 0x0000000080004b04
core   0: 0x00000000800060e2 (0x34179073) csrrw   zero, mepc, a5
core   0: 3 0x00000000800060e2 (0x34179073) c833_mepc 0x0000000080004b04
core   0: 0x00000000800060e6 (0x30200073) mret
core   0: 3 0x00000000800060e6 (0x30200073) c768_mstatus 0x8000000a00106080
core   0: 0x0000000080004b04 (0x624d7d4f) fnmadd.d fs10, fs10, ft4, fa2
core   0: 1 0x0000000080004b04 (0x624d7d4f) f26 0x7ff8000000000000
core   0: 0x0000000080004b08 (0xc038dcf3) csrrwi  s9, hpmcounter3, 17
core   0: exception trap_illegal_instruction, epc 0x0000000080004b08
core   0:           tval 0x00000000c038dcf3
core   0: >>>>  $xrv64i2p1_m2p0_a2p1_f2p2_d2p2_zicsr2p0_zifencei2p0_zmmul1p0_zba1p0_zbb1p0_zbc1p0_zbs1p0
core   0: 0x0000000080004000 (0x0080006f) j       pc + 0x8
core   0: 3 0x0000000080004000 (0x0080006f)
core   0: >>>>  mmode_exception_handler
core   0: 0x0000000080004008 (0x00002c17) auipc   s8, 0x2
core   0: 3 0x0000000080004008 (0x00002c17) x24 0x0000000080006008
core   0: 0x000000008000400c (0x0a4c0c13) addi    s8, s8, 164
core   0: 3 0x000000008000400c (0x0a4c0c13) x24 0x00000000800060ac
core   0: 0x0000000080004010 (0x000c00e7) jalr    s8
core   0: 3 0x0000000080004010 (0x000c00e7) x1  0x0000000080004014
core   0: >>>>  any_handler
core   0: 0x00000000800060ac (0x341027f3) csrrs   a5, mepc, zero
core   0: 3 0x00000000800060ac (0x341027f3) x15 0x0000000080004b08
core   0: 0x00000000800060b0 (0x34202773) csrrs   a4, mcause, zero
core   0: 3 0x00000000800060b0 (0x34202773) x14 0x0000000000000002
core   0: 0x00000000800060b4 (0x142026f3) csrrs   a3, scause, zero
core   0: 3 0x00000000800060b4 (0x142026f3) x13 0x0000000000000000
core   0: 0x00000000800060b8 (0x30402673) csrrs   a2, mie, zero
core   0: 3 0x00000000800060b8 (0x30402673) x12 0x0000000000000a00
core   0: 0x00000000800060bc (0x344025f3) csrrs   a1, mip, zero
core   0: 3 0x00000000800060bc (0x344025f3) x11 0x0000000000000080
core   0: 0x00000000800060c0 (0x343025f3) csrrs   a1, mtval, zero
core   0: 3 0x00000000800060c0 (0x343025f3) x11 0x00000000c038dcf3
core   0: 0x00000000800060c4 (0x14302573) csrrs   a0, stval, zero
core   0: 3 0x00000000800060c4 (0x14302573) x10 0x0000000000000000
core   0: 0x00000000800060c8 (0xb02024f3) csrrs   s1, minstret, zero
core   0: 3 0x00000000800060c8 (0xb02024f3) x9  0x0000000000000b71
core   0: 0x00000000800060cc (0x0000a811) c.j     pc + 20
core   0: 3 0x00000000800060cc (0xa811)
core   0: >>>>  mepc_4
core   0: 0x00000000800060e0 (0x00000791) c.addi  a5, 4
core   0: 3 0x00000000800060e0 (0x0791) x15 0x0000000080004b0c
core   0: 0x00000000800060e2 (0x34179073) csrrw   zero, mepc, a5
core   0: 3 0x00000000800060e2 (0x34179073) c833_mepc 0x0000000080004b0c
core   0: 0x00000000800060e6 (0x30200073) mret
core   0: 3 0x00000000800060e6 (0x30200073) c768_mstatus 0x8000000a00106080
core   0: 0x0000000080004b0c (0xc05e97f3) csrrw   a5, hpmcounter5, t4
core   0: exception trap_illegal_instruction, epc 0x0000000080004b0c
core   0:           tval 0x00000000c05e97f3
core   0: >>>>  $xrv64i2p1_m2p0_a2p1_f2p2_d2p2_zicsr2p0_zifencei2p0_zmmul1p0_zba1p0_zbb1p0_zbc1p0_zbs1p0
core   0: 0x0000000080004000 (0x0080006f) j       pc + 0x8
core   0: 3 0x0000000080004000 (0x0080006f)
core   0: >>>>  mmode_exception_handler
core   0: 0x0000000080004008 (0x00002c17) auipc   s8, 0x2
core   0: 3 0x0000000080004008 (0x00002c17) x24 0x0000000080006008
core   0: 0x000000008000400c (0x0a4c0c13) addi    s8, s8, 164
core   0: 3 0x000000008000400c (0x0a4c0c13) x24 0x00000000800060ac
core   0: 0x0000000080004010 (0x000c00e7) jalr    s8
core   0: 3 0x0000000080004010 (0x000c00e7) x1  0x0000000080004014
core   0: >>>>  any_handler
core   0: 0x00000000800060ac (0x341027f3) csrrs   a5, mepc, zero
core   0: 3 0x00000000800060ac (0x341027f3) x15 0x0000000080004b0c
core   0: 0x00000000800060b0 (0x34202773) csrrs   a4, mcause, zero
core   0: 3 0x00000000800060b0 (0x34202773) x14 0x0000000000000002
core   0: 0x00000000800060b4 (0x142026f3) csrrs   a3, scause, zero
core   0: 3 0x00000000800060b4 (0x142026f3) x13 0x0000000000000000
core   0: 0x00000000800060b8 (0x30402673) csrrs   a2, mie, zero
core   0: 3 0x00000000800060b8 (0x30402673) x12 0x0000000000000a00
core   0: 0x00000000800060bc (0x344025f3) csrrs   a1, mip, zero
core   0: 3 0x00000000800060bc (0x344025f3) x11 0x0000000000000080
core   0: 0x00000000800060c0 (0x343025f3) csrrs   a1, mtval, zero
core   0: 3 0x00000000800060c0 (0x343025f3) x11 0x00000000c05e97f3
core   0: 0x00000000800060c4 (0x14302573) csrrs   a0, stval, zero
core   0: 3 0x00000000800060c4 (0x14302573) x10 0x0000000000000000
core   0: 0x00000000800060c8 (0xb02024f3) csrrs   s1, minstret, zero
core   0: 3 0x00000000800060c8 (0xb02024f3) x9  0x0000000000000b81
core   0: 0x00000000800060cc (0x0000a811) c.j     pc + 20
core   0: 3 0x00000000800060cc (0xa811)
core   0: >>>>  mepc_4
core   0: 0x00000000800060e0 (0x00000791) c.addi  a5, 4
core   0: 3 0x00000000800060e0 (0x0791) x15 0x0000000080004b10
core   0: 0x00000000800060e2 (0x34179073) csrrw   zero, mepc, a5
core   0: 3 0x00000000800060e2 (0x34179073) c833_mepc 0x0000000080004b10
core   0: 0x00000000800060e6 (0x30200073) mret
core   0: 3 0x00000000800060e6 (0x30200073) c768_mstatus 0x8000000a00106080
core   0: 0x0000000080004b10 (0x0ff0000f) fence   iorw,iorw
core   0: 1 0x0000000080004b10 (0x0ff0000f)
core   0: 0x0000000080004b14 (0x14107af3) csrrci  s5, sepc, 0
core   0: 1 0x0000000080004b14 (0x14107af3) x21 0x0000000000000000
core   0: 0x0000000080004b18 (0x40b4ddbb) sraw    s11, s1, a1
core   0: 1 0x0000000080004b18 (0x40b4ddbb) x27 0x0000000000000000
core   0: 0x0000000080004b1c (0x00659e3b) sllw    t3, a1, t1
core   0: 1 0x0000000080004b1c (0x00659e3b) x28 0xffffffffbf980000
core   0: 0x0000000080004b20 (0xd021f953) fcvt.s.l fs2, gp
core   0: 1 0x0000000080004b20 (0xd021f953) f18 0xffffffffbf800000
core   0: 0x0000000080004b24 (0xc033f653) fcvt.lu.s a2, ft7
core   0: 1 0x0000000080004b24 (0xc033f653) c1_fflags 0x000000000000001e x12 0xffffffffffffffff
core   0: 0x0000000080004b28 (0x07b68493) addi    s1, a3, 123
core   0: 1 0x0000000080004b28 (0x07b68493) x9  0x000000000000007b
core   0: 0x0000000080004b2c (0x0ff0000f) fence   iorw,iorw
core   0: 1 0x0000000080004b2c (0x0ff0000f)
core   0: 0x0000000080004b30 (0x0110a433) slt     s0, ra, a7
core   0: 1 0x0000000080004b30 (0x0110a433) x8  0x0000000000000000
core   0: 0x0000000080004b34 (0xd22274d3) fcvt.d.l fs1, tp
core   0: 1 0x0000000080004b34 (0xd22274d3) f9  0x0000000000000000
core   0: 0x0000000080004b38 (0x01a253bb) srlw    t2, tp, s10
core   0: 1 0x0000000080004b38 (0x01a253bb) x7  0x0000000000000000
core   0: 0x0000000080004b3c (0xea13f543) fmadd.d fa0, ft7, ft1, ft9
core   0: 1 0x0000000080004b3c (0xea13f543) f10 0x7ff8000000000000
core   0: 0x0000000080004b40 (0x1aeb7ad3) fdiv.d  fs5, fs6, fa4
core   0: 1 0x0000000080004b40 (0x1aeb7ad3) f21 0x7ff8000000000000
core   0: 0x0000000080004b44 (0x027d2733) mulhsu  a4, s10, t2
core   0: 1 0x0000000080004b44 (0x027d2733) x14 0x0000000000000000
core   0: 0x0000000080004b48 (0x01c75993) srli    s3, a4, 28
core   0: 1 0x0000000080004b48 (0x01c75993) x19 0x0000000000000000
core   0: 0x0000000080004b4c (0x68910893) addi    a7, sp, 1673
core   0: 1 0x0000000080004b4c (0x68910893) x17 0x7ff8000000000689
core   0: 0x0000000080004b50 (0x00ed9d9b) slliw   s11, s11, 14
core   0: 1 0x0000000080004b50 (0x00ed9d9b) x27 0x0000000000000000
core   0: 0x0000000080004b54 (0x2bef0d53) fmin.d  fs10, ft10, ft10
core   0: 1 0x0000000080004b54 (0x2bef0d53) f26 0x7ff8000000000000
core   0: 0x0000000080004b58 (0xf43d4b37) lui     s6, 0xf43d4
core   0: 1 0x0000000080004b58 (0xf43d4b37) x22 0xfffffffff43d4000
core   0: 0x0000000080004b5c (0xc02f7553) fcvt.l.s a0, ft10
core   0: 1 0x0000000080004b5c (0xc02f7553) c1_fflags 0x000000000000001e x10 0x7fffffffffffffff
core   0: 0x0000000080004b60 (0x039bcd3b) divw    s10, s7, s9
core   0: 1 0x0000000080004b60 (0x039bcd3b) x26 0x0000000000000000
core   0: 0x0000000080004b64 (0xc228f953) fcvt.l.d s2, fa7
core   0: 1 0x0000000080004b64 (0xc228f953) x18 0x0000000000000000
core   0: 0x0000000080004b68 (0x23d89153) fsgnjn.d ft2, fa7, ft9
core   0: 1 0x0000000080004b68 (0x23d89153) f2  0x8000000000000000
core   0: 0x0000000080004b6c (0x00b970b3) and     ra, s2, a1
core   0: 1 0x0000000080004b6c (0x00b970b3) x1  0x0000000000000000
core   0: 0x0000000080004b70 (0x03959b13) slli    s6, a1, 57
core   0: 1 0x0000000080004b70 (0x03959b13) x22 0xe600000000000000
core   0: 0x0000000080004b74 (0x01648ab3) add     s5, s1, s6
core   0: 1 0x0000000080004b74 (0x01648ab3) x21 0xe60000000000007b
core   0: 0x0000000080004b78 (0x01060933) add     s2, a2, a6
core   0: 1 0x0000000080004b78 (0x01060933) x18 0xffffffffffffffff
core   0: 0x0000000080004b7c (0x012403bb) addw    t2, s0, s2
core   0: 1 0x0000000080004b7c (0x012403bb) x7  0xffffffffffffffff
core   0: 0x0000000080004b80 (0x4013dd9b) sraiw   s11, t2, 1
core   0: 1 0x0000000080004b80 (0x4013dd9b) x27 0xffffffffffffffff
core   0: 0x0000000080004b84 (0xd223f9d3) fcvt.d.l fs3, t2
core   0: 1 0x0000000080004b84 (0xd223f9d3) f19 0xbff0000000000000
core   0: 0x0000000080004b88 (0xc20d74d3) fcvt.w.d s1, fs10
core   0: 1 0x0000000080004b88 (0xc20d74d3) c1_fflags 0x000000000000001e x9  0x000000007fffffff
core   0: 0x0000000080004b8c (0xd033f1d3) fcvt.s.lu ft3, t2
core   0: 1 0x0000000080004b8c (0xd033f1d3) c1_fflags 0x000000000000001f f3  0xffffffff5f800000
core   0: 0x0000000080004b90 (0x0ff0000f) fence   iorw,iorw
core   0: 1 0x0000000080004b90 (0x0ff0000f)
core   0: 0x0000000080004b94 (0x0356d633) divu    a2, a3, s5
core   0: 1 0x0000000080004b94 (0x0356d633) x12 0x0000000000000000
core   0: 0x0000000080004b98 (0x0312d2bb) divuw   t0, t0, a7
core   0: 1 0x0000000080004b98 (0x0312d2bb) x5  0x0000000000000001
core   0: 0x0000000080004b9c (0x02545eb3) divu    t4, s0, t0
core   0: 1 0x0000000080004b9c (0x02545eb3) x29 0x0000000000000000
core   0: 0x0000000080004ba0 (0xc230f9d3) fcvt.lu.d s3, ft1
core   0: 1 0x0000000080004ba0 (0xc230f9d3) c1_fflags 0x000000000000001f x19 0xffffffffffffffff
core   0: 0x0000000080004ba4 (0x03ded1b3) divu    gp, t4, t4
core   0: 1 0x0000000080004ba4 (0x03ded1b3) x3  0xffffffffffffffff
core   0: 0x0000000080004ba8 (0xc021f6d3) fcvt.l.s a3, ft3
core   0: 1 0x0000000080004ba8 (0xc021f6d3) c1_fflags 0x000000000000001f x13 0x7fffffffffffffff
core   0: 0x0000000080004bac (0x0059959b) slliw   a1, s3, 5
core   0: 1 0x0000000080004bac (0x0059959b) x11 0xffffffffffffffe0
core   0: 0x0000000080004bb0 (0xb0219673) csrrw   a2, minstret, gp
core   0: exception trap_illegal_instruction, epc 0x0000000080004bb0
core   0:           tval 0x00000000b0219673
core   0: >>>>  $xrv64i2p1_m2p0_a2p1_f2p2_d2p2_zicsr2p0_zifencei2p0_zmmul1p0_zba1p0_zbb1p0_zbc1p0_zbs1p0
core   0: 0x0000000080004000 (0x0080006f) j       pc + 0x8
core   0: 3 0x0000000080004000 (0x0080006f)
core   0: >>>>  mmode_exception_handler
core   0: 0x0000000080004008 (0x00002c17) auipc   s8, 0x2
core   0: 3 0x0000000080004008 (0x00002c17) x24 0x0000000080006008
core   0: 0x000000008000400c (0x0a4c0c13) addi    s8, s8, 164
core   0: 3 0x000000008000400c (0x0a4c0c13) x24 0x00000000800060ac
core   0: 0x0000000080004010 (0x000c00e7) jalr    s8
core   0: 3 0x0000000080004010 (0x000c00e7) x1  0x0000000080004014
core   0: >>>>  any_handler
core   0: 0x00000000800060ac (0x341027f3) csrrs   a5, mepc, zero
core   0: 3 0x00000000800060ac (0x341027f3) x15 0x0000000080004bb0
core   0: 0x00000000800060b0 (0x34202773) csrrs   a4, mcause, zero
core   0: 3 0x00000000800060b0 (0x34202773) x14 0x0000000000000002
core   0: 0x00000000800060b4 (0x142026f3) csrrs   a3, scause, zero
core   0: 3 0x00000000800060b4 (0x142026f3) x13 0x0000000000000000
core   0: 0x00000000800060b8 (0x30402673) csrrs   a2, mie, zero
core   0: 3 0x00000000800060b8 (0x30402673) x12 0x0000000000000a00
core   0: 0x00000000800060bc (0x344025f3) csrrs   a1, mip, zero
core   0: 3 0x00000000800060bc (0x344025f3) x11 0x0000000000000080
core   0: 0x00000000800060c0 (0x343025f3) csrrs   a1, mtval, zero
core   0: 3 0x00000000800060c0 (0x343025f3) x11 0x00000000b0219673
core   0: 0x00000000800060c4 (0x14302573) csrrs   a0, stval, zero
core   0: 3 0x00000000800060c4 (0x14302573) x10 0x0000000000000000
core   0: 0x00000000800060c8 (0xb02024f3) csrrs   s1, minstret, zero
core   0: 3 0x00000000800060c8 (0xb02024f3) x9  0x0000000000000bb9
core   0: 0x00000000800060cc (0x0000a811) c.j     pc + 20
core   0: 3 0x00000000800060cc (0xa811)
core   0: >>>>  mepc_4
core   0: 0x00000000800060e0 (0x00000791) c.addi  a5, 4
core   0: 3 0x00000000800060e0 (0x0791) x15 0x0000000080004bb4
core   0: 0x00000000800060e2 (0x34179073) csrrw   zero, mepc, a5
core   0: 3 0x00000000800060e2 (0x34179073) c833_mepc 0x0000000080004bb4
core   0: 0x00000000800060e6 (0x30200073) mret
core   0: 3 0x00000000800060e6 (0x30200073) c768_mstatus 0x8000000a00106080
core   0: 0x0000000080004bb4 (0x5a06f953) fsqrt.d fs2, fa3
core   0: 1 0x0000000080004bb4 (0x5a06f953) f18 0x0000000000000000
core   0: 0x0000000080004bb8 (0x2af912d3) fmax.d  ft5, fs2, fa5
core   0: 1 0x0000000080004bb8 (0x2af912d3) f5  0x41d8bc226d000000
core   0: 0x0000000080004bbc (0x7ec0e397) auipc   t2, 0x7ec0e
core   0: 1 0x0000000080004bbc (0x7ec0e397) x7  0x00000000fec12bbc
core   0: 0x0000000080004bc0 (0x0073d1bb) srlw    gp, t2, t2
core   0: 1 0x0000000080004bc0 (0x0073d1bb) x3  0x000000000000000f
core   0: 0x0000000080004bc4 (0x00ec82bb) addw    t0, s9, a4
core   0: 1 0x0000000080004bc4 (0x00ec82bb) x5  0xffffffff8e6bd800
core   0: 0x0000000080004bc8 (0x001a9d93) slli    s11, s5, 1
core   0: 1 0x0000000080004bc8 (0x001a9d93) x27 0xcc000000000000f6
core   0: 0x0000000080004bcc (0x013d99bb) sllw    s3, s11, s3
core   0: 1 0x0000000080004bcc (0x013d99bb) x19 0x0000000000000000
core   0: 0x0000000080004bd0 (0xd2030653) fcvt.d.w fa2, t1
core   0: 1 0x0000000080004bd0 (0xd2030653) f12 0x41c8d53e79800000
core   0: 0x0000000080004bd4 (0x2abb1b53) fmax.d  fs6, fs6, fa1
core   0: 1 0x0000000080004bd4 (0x2abb1b53) f22 0x41efffdf54400000
core   0: 0x0000000080004bd8 (0xc2267d53) fcvt.l.d s10, fa2
core   0: 1 0x0000000080004bd8 (0xc2267d53) x26 0x0000000031aa7cf3
core   0: 0x0000000080004bdc (0x003292b3) sll     t0, t0, gp
core   0: 1 0x0000000080004bdc (0x003292b3) x5  0xffffc735ec000000
core   0: 0x0000000080004be0 (0x4021d49b) sraiw   s1, gp, 2
core   0: 1 0x0000000080004be0 (0x4021d49b) x9  0x0000000000000003
core   0: 0x0000000080004be4 (0x236b10d3) fsgnjn.d ft1, fs6, fs6
core   0: 1 0x0000000080004be4 (0x236b10d3) f1  0xc1efffdf54400000
core   0: 0x0000000080004be8 (0xc03f7353) fcvt.lu.s t1, ft10
core   0: 1 0x0000000080004be8 (0xc03f7353) c1_fflags 0x000000000000001f x6  0xffffffffffffffff
core   0: 0x0000000080004bec (0x0ab1ffd3) fsub.d  ft11, ft3, fa1
core   0: 1 0x0000000080004bec (0x0ab1ffd3) f31 0x7ff8000000000000
core   0: 0x0000000080004bf0 (0x00101073) csrrw   zero, fflags, zero
core   0: 1 0x0000000080004bf0 (0x00101073) c1_fflags 0x0000000000000000
core   0: 0x0000000080004bf4 (0x43fad313) srai    t1, s5, 63
core   0: 1 0x0000000080004bf4 (0x43fad313) x6  0xffffffffffffffff
core   0: 0x0000000080004bf8 (0x4011f7d3) fcvt.s.d fa5, ft3
core   0: 1 0x0000000080004bf8 (0x4011f7d3) f15 0xffffffff7fc00000
core   0: 0x0000000080004bfc (0x0009881b) sext.w  a6, s3
core   0: 1 0x0000000080004bfc (0x0009881b) x16 0x0000000000000000
core   0: 0x0000000080004c00 (0x01f3501b) srliw   zero, t1, 31
core   0: 1 0x0000000080004c00 (0x01f3501b)
core   0: 0x0000000080004c04 (0x0000865e) c.mv    a2, s7
core   0: 1 0x0000000080004c04 (0x865e) x12 0xffffffffffffffff
core   0: 0x0000000080004c06 (0x0064131b) slliw   t1, s0, 6
core   0: 1 0x0000000080004c06 (0x0064131b) x6  0x0000000000000000
core   0: 0x0000000080004c0a (0xc214f9d3) fcvt.wu.d s3, fs1
core   0: 1 0x0000000080004c0a (0xc214f9d3) x19 0x0000000000000000
core   0: 0x0000000080004c0e (0x039cc93b) divw    s2, s9, s9
core   0: 1 0x0000000080004c0e (0x039cc93b) x18 0x0000000000000001
core   0: 0x0000000080004c12 (0x65b1f097) auipc   ra, 0x65b1f
core   0: 1 0x0000000080004c12 (0x65b1f097) x1  0x00000000e5b23c12
core   0: 0x0000000080004c16 (0x40167353) fcvt.s.d ft6, fa2
core   0: 1 0x0000000080004c16 (0x40167353) c1_fflags 0x0000000000000001 f6  0xffffffff4e46a9f4
core   0: 0x0000000080004c1a (0xc2037b53) fcvt.w.d s6, ft6
core   0: 1 0x0000000080004c1a (0xc2037b53) c1_fflags 0x0000000000000011 x22 0x000000007fffffff
core   0: 0x0000000080004c1e (0x01bdd93b) srlw    s2, s11, s11
core   0: 1 0x0000000080004c1e (0x01bdd93b) x18 0x0000000000000000
core   0: 0x0000000080004c22 (0x5a02f1d3) fsqrt.d ft3, ft5
core   0: 1 0x0000000080004c22 (0x5a02f1d3) c1_fflags 0x0000000000000011 f3  0x40e3e4c80c8f7e79
core   0: 0x0000000080004c26 (0x006ba633) slt     a2, s7, t1
core   0: 1 0x0000000080004c26 (0x006ba633) x12 0x0000000000000001
core   0: 0x0000000080004c2a (0x01b2edb3) or      s11, t0, s11
core   0: 1 0x0000000080004c2a (0x01b2edb3) x27 0xffffc735ec0000f6
core   0: 0x0000000080004c2e (0x40ee5e3b) sraw    t3, t3, a4
core   0: 1 0x0000000080004c2e (0x40ee5e3b) x28 0xffffffffefe60000
core   0: 0x0000000080004c32 (0xd20007d3) fcvt.d.w fa5, zero
core   0: 1 0x0000000080004c32 (0xd20007d3) f15 0x0000000000000000
core   0: 0x0000000080004c36 (0x01f71a9b) slliw   s5, a4, 31
core   0: 1 0x0000000080004c36 (0x01f71a9b) x21 0x0000000000000000
core   0: 0x0000000080004c3a (0x43775893) srai    a7, a4, 55
core   0: 1 0x0000000080004c3a (0x43775893) x17 0x0000000000000000
core   0: 0x0000000080004c3e (0x2a301053) fmax.d  ft0, ft0, ft3
core   0: 1 0x0000000080004c3e (0x2a301053) f0  0x40e3e4c80c8f7e79
core   0: 0x0000000080004c42 (0x001b6b13) ori     s6, s6, 1
core   0: 1 0x0000000080004c42 (0x001b6b13) x22 0x000000007fffffff
core   0: 0x0000000080004c46 (0x40358bbb) subw    s7, a1, gp
core   0: 1 0x0000000080004c46 (0x40358bbb) x23 0xffffffffb0219664
core   0: 0x0000000080004c4a (0x00470d3b) addw    s10, a4, tp
core   0: 1 0x0000000080004c4a (0x00470d3b) x26 0x0000000000000002
core   0: 0x0000000080004c4e (0x4192893b) subw    s2, t0, s9
core   0: 1 0x0000000080004c4e (0x4192893b) x18 0x000000005d942802
core   0: 0x0000000080004c52 (0xf20808d3) fmv.d.x fa7, a6
core   0: 1 0x0000000080004c52 (0xf20808d3) f17 0x0000000000000000
core   0: 0x0000000080004c56 (0xd20907d3) fcvt.d.w fa5, s2
core   0: 1 0x0000000080004c56 (0xd20907d3) f15 0x41d7650a00800000
core   0: 0x0000000080004c5a (0x00131373) csrrw   t1, fflags, t1
core   0: 1 0x0000000080004c5a (0x00131373) x6  0x0000000000000011 c1_fflags 0x0000000000000000
core   0: 0x0000000080004c5e (0x22e81853) fsgnjn.d fa6, fa6, fa4
core   0: 1 0x0000000080004c5e (0x22e81853) f16 0xfff8000000000000
core   0: 0x0000000080004c62 (0x6b384b37) lui     s6, 0x6b384
core   0: 1 0x0000000080004c62 (0x6b384b37) x22 0x000000006b384000
core   0: 0x0000000080004c66 (0x8307fbcb) fnmsub.d fs7, fa5, fa6, fa6
core   0: 1 0x0000000080004c66 (0x8307fbcb) f23 0x7ff8000000000000
core   0: 0x0000000080004c6a (0x231785d3) fsgnj.d fa1, fa5, fa7
core   0: 1 0x0000000080004c6a (0x231785d3) f11 0x41d7650a00800000
core   0: 0x0000000080004c6e (0x00040a1b) sext.w  s4, s0
core   0: 1 0x0000000080004c6e (0x00040a1b) x20 0x0000000000000000
core   0: 0x0000000080004c72 (0x016b59b3) srl     s3, s6, s6
core   0: 1 0x0000000080004c72 (0x016b59b3) x19 0x000000006b384000
core   0: 0x0000000080004c76 (0x41ca84b3) sub     s1, s5, t3
core   0: 1 0x0000000080004c76 (0x41ca84b3) x9  0x00000000101a0000
core   0: 0x0000000080004c7a (0x03515ab3) divu    s5, sp, s5
core   0: 1 0x0000000080004c7a (0x03515ab3) x21 0xffffffffffffffff
core   0: 0x0000000080004c7e (0x02275533) divu    a0, a4, sp
core   0: 1 0x0000000080004c7e (0x02275533) x10 0x0000000000000000
core   0: 0x0000000080004c82 (0x01c7ae33) slt     t3, a5, t3
core   0: 1 0x0000000080004c82 (0x01c7ae33) x28 0x0000000000000000
core   0: 0x0000000080004c86 (0x01ce563b) srlw    a2, t3, t3
core   0: 1 0x0000000080004c86 (0x01ce563b) x12 0x0000000000000000
core   0: 0x0000000080004c8a (0x005612b3) sll     t0, a2, t0
core   0: 1 0x0000000080004c8a (0x005612b3) x5  0x0000000000000000
core   0: 0x0000000080004c8e (0x76eefe93) andi    t4, t4, 1902
core   0: 1 0x0000000080004c8e (0x76eefe93) x29 0x0000000000000000
core   0: 0x0000000080004c92 (0x0133113b) sllw    sp, t1, s3
core   0: 1 0x0000000080004c92 (0x0133113b) x2  0x0000000000000011
core   0: 0x0000000080004c96 (0x01200033) add     zero, zero, s2
core   0: 1 0x0000000080004c96 (0x01200033)
core   0: 0x0000000080004c9a (0xee97fa13) andi    s4, a5, -279
core   0: 1 0x0000000080004c9a (0xee97fa13) x20 0x0000000080004aa0
core   0: 0x0000000080004c9e (0xeab87ec3) fmadd.d ft9, fa6, fa1, ft9
core   0: 1 0x0000000080004c9e (0xeab87ec3) f29 0x7ff8000000000000
core   0: 0x0000000080004ca2 (0x79bdf113) andi    sp, s11, 1947
core   0: 1 0x0000000080004ca2 (0x79bdf113) x2  0x0000000000000092
core   0: 0x0000000080004ca6 (0x5a7bfd47) fmsub.d fs10, fs7, ft7, fa1
core   0: 1 0x0000000080004ca6 (0x5a7bfd47) f26 0x7ff8000000000000
core   0: 0x0000000080004caa (0x000e7e13) andi    t3, t3, 0
core   0: 1 0x0000000080004caa (0x000e7e13) x28 0x0000000000000000
core   0: 0x0000000080004cae (0xf13ff373) csrrci  t1, mimpid, 31
core   0: exception trap_illegal_instruction, epc 0x0000000080004cae
core   0:           tval 0x00000000f13ff373
core   0: >>>>  $xrv64i2p1_m2p0_a2p1_f2p2_d2p2_zicsr2p0_zifencei2p0_zmmul1p0_zba1p0_zbb1p0_zbc1p0_zbs1p0
core   0: 0x0000000080004000 (0x0080006f) j       pc + 0x8
core   0: 3 0x0000000080004000 (0x0080006f)
core   0: >>>>  mmode_exception_handler
core   0: 0x0000000080004008 (0x00002c17) auipc   s8, 0x2
core   0: 3 0x0000000080004008 (0x00002c17) x24 0x0000000080006008
core   0: 0x000000008000400c (0x0a4c0c13) addi    s8, s8, 164
core   0: 3 0x000000008000400c (0x0a4c0c13) x24 0x00000000800060ac
core   0: 0x0000000080004010 (0x000c00e7) jalr    s8
core   0: 3 0x0000000080004010 (0x000c00e7) x1  0x0000000080004014
core   0: >>>>  any_handler
core   0: 0x00000000800060ac (0x341027f3) csrrs   a5, mepc, zero
core   0: 3 0x00000000800060ac (0x341027f3) x15 0x0000000080004cae
core   0: 0x00000000800060b0 (0x34202773) csrrs   a4, mcause, zero
core   0: 3 0x00000000800060b0 (0x34202773) x14 0x0000000000000002
core   0: 0x00000000800060b4 (0x142026f3) csrrs   a3, scause, zero
core   0: 3 0x00000000800060b4 (0x142026f3) x13 0x0000000000000000
core   0: 0x00000000800060b8 (0x30402673) csrrs   a2, mie, zero
core   0: 3 0x00000000800060b8 (0x30402673) x12 0x0000000000000a00
core   0: 0x00000000800060bc (0x344025f3) csrrs   a1, mip, zero
core   0: 3 0x00000000800060bc (0x344025f3) x11 0x0000000000000080
core   0: 0x00000000800060c0 (0x343025f3) csrrs   a1, mtval, zero
core   0: 3 0x00000000800060c0 (0x343025f3) x11 0x00000000f13ff373
core   0: 0x00000000800060c4 (0x14302573) csrrs   a0, stval, zero
core   0: 3 0x00000000800060c4 (0x14302573) x10 0x0000000000000000
core   0: 0x00000000800060c8 (0xb02024f3) csrrs   s1, minstret, zero
core   0: 3 0x00000000800060c8 (0xb02024f3) x9  0x0000000000000c08
core   0: 0x00000000800060cc (0x0000a811) c.j     pc + 20
core   0: 3 0x00000000800060cc (0xa811)
core   0: >>>>  mepc_4
core   0: 0x00000000800060e0 (0x00000791) c.addi  a5, 4
core   0: 3 0x00000000800060e0 (0x0791) x15 0x0000000080004cb2
core   0: 0x00000000800060e2 (0x34179073) csrrw   zero, mepc, a5
core   0: 3 0x00000000800060e2 (0x34179073) c833_mepc 0x0000000080004cb2
core   0: 0x00000000800060e6 (0x30200073) mret
core   0: 3 0x00000000800060e6 (0x30200073) c768_mstatus 0x8000000a00106080
core   0: 0x0000000080004cb2 (0xc20b7253) fcvt.w.d tp, fs6
core   0: 1 0x0000000080004cb2 (0xc20b7253) c1_fflags 0x0000000000000010 x4  0x000000007fffffff
core   0: 0x0000000080004cb6 (0x012080bb) addw    ra, ra, s2
core   0: 1 0x0000000080004cb6 (0x012080bb) x1  0xffffffffdd946816
core   0: 0x0000000080004cba (0x43fe5e13) srai    t3, t3, 63
core   0: 1 0x0000000080004cba (0x43fe5e13) x28 0x0000000000000000
core   0: 0x0000000080004cbe (0xc205f7d3) fcvt.w.d a5, fa1
core   0: 1 0x0000000080004cbe (0xc205f7d3) x15 0x000000005d942802
core   0: 0x0000000080004cc2 (0x00b64333) xor     t1, a2, a1
core   0: 1 0x0000000080004cc2 (0x00b64333) x6  0x00000000f13ff973
core   0: 0x0000000080004cc6 (0xfff97913) andi    s2, s2, -1
core   0: 1 0x0000000080004cc6 (0xfff97913) x18 0x000000005d942802
core   0: 0x0000000080004cca (0x00009de6) c.add   s11, s9
core   0: 1 0x0000000080004cca (0x9de6) x27 0xffffc7357a6bd8f4
core   0: 0x0000000080004ccc (0x4017fcd3) fcvt.s.d fs9, fa5
core   0: 1 0x0000000080004ccc (0x4017fcd3) c1_fflags 0x0000000000000011 f25 0xffffffff4ebb2850
core   0: 0x0000000080004cd0 (0xd20a8c53) fcvt.d.w fs8, s5
core   0: 1 0x0000000080004cd0 (0xd20a8c53) f24 0xbff0000000000000
core   0: 0x0000000080004cd4 (0xeb8bdcb7) lui     s9, 0xeb8bd
core   0: 1 0x0000000080004cd4 (0xeb8bdcb7) x25 0xffffffffeb8bd000
core   0: 0x0000000080004cd8 (0x03b13133) mulhu   sp, sp, s11
core   0: 1 0x0000000080004cd8 (0x03b13133) x2  0x0000000000000091
core   0: 0x0000000080004cdc (0x036122b3) mulhsu  t0, sp, s6
core   0: 1 0x0000000080004cdc (0x036122b3) x5  0x0000000000000000
core   0: 0x0000000080004ce0 (0x0383533b) divuw   t1, t1, s8
core   0: 1 0x0000000080004ce0 (0x0383533b) x6  0x0000000000000001
core   0: 0x0000000080004ce4 (0x4054d4b3) sra     s1, s1, t0
core   0: 1 0x0000000080004ce4 (0x4054d4b3) x9  0x0000000000000c08
core   0: 0x0000000080004ce8 (0xd2030a53) fcvt.d.w fs4, t1
core   0: 1 0x0000000080004ce8 (0xd2030a53) f20 0x3ff0000000000000
core   0: 0x0000000080004cec (0x01d7583b) srlw    a6, a4, t4
core   0: 1 0x0000000080004cec (0x01d7583b) x16 0x0000000000000002
core   0: 0x0000000080004cf0 (0x40be053b) subw    a0, t3, a1
core   0: 1 0x0000000080004cf0 (0x40be053b) x10 0x000000000ec00c8d
core   0: 0x0000000080004cf4 (0x4014013b) subw    sp, s0, ra
core   0: 1 0x0000000080004cf4 (0x4014013b) x2  0x00000000226b97ea
core   0: 0x0000000080004cf8 (0xd2387bd3) fcvt.d.lu fs7, a6
core   0: 1 0x0000000080004cf8 (0xd2387bd3) f23 0x4000000000000000
core   0: 0x0000000080004cfc (0x40180ab3) sub     s5, a6, ra
core   0: 1 0x0000000080004cfc (0x40180ab3) x21 0x00000000226b97ec
core   0: 0x0000000080004d00 (0x0152d293) srli    t0, t0, 21
core   0: 1 0x0000000080004d00 (0x0152d293) x5  0x0000000000000000
core   0: 0x0000000080004d04 (0x02529bb3) mulh    s7, t0, t0
core   0: 1 0x0000000080004d04 (0x02529bb3) x23 0x0000000000000000
core   0: 0x0000000080004d08 (0x03bdbcb7) lui     s9, 0x3bdb
core   0: 1 0x0000000080004d08 (0x03bdbcb7) x25 0x0000000003bdb000
core   0: 0x0000000080004d0c (0xf20a07d3) fmv.d.x fa5, s4
core   0: 1 0x0000000080004d0c (0xf20a07d3) f15 0x0000000080004aa0
core   0: 0x0000000080004d10 (0x001a559b) srliw   a1, s4, 1
core   0: 1 0x0000000080004d10 (0x001a559b) x11 0x0000000040002550
core   0: 0x0000000080004d14 (0x021d41bb) divw    gp, s10, ra
core   0: 1 0x0000000080004d14 (0x021d41bb) x3  0x0000000000000000
core   0: 0x0000000080004d18 (0xd220ffd3) fcvt.d.l ft11, ra
core   0: 1 0x0000000080004d18 (0xd220ffd3) f31 0xc1c135cbf5000000
core   0: 0x0000000080004d1c (0x003d013b) addw    sp, s10, gp
core   0: 1 0x0000000080004d1c (0x003d013b) x2  0x0000000000000002
core   0: 0x0000000080004d20 (0x00dbf6b3) and     a3, s7, a3
core   0: 1 0x0000000080004d20 (0x00dbf6b3) x13 0x0000000000000000
core   0: 0x0000000080004d24 (0x4063533b) sraw    t1, t1, t1
core   0: 1 0x0000000080004d24 (0x4063533b) x6  0x0000000000000000
core   0: 0x0000000080004d28 (0xff0b5837) lui     a6, 0xff0b5
core   0: 1 0x0000000080004d28 (0xff0b5837) x16 0xffffffffff0b5000
core   0: 0x0000000080004d2c (0x1298081b) addiw   a6, a6, 297
core   0: 1 0x0000000080004d2c (0x1298081b) x16 0xffffffffff0b5129
core   0: 0x0000000080004d30 (0x00000836) c.slli  a6, 13
core   0: 1 0x0000000080004d30 (0x0836) x16 0xffffffe16a252000
core   0: 0x0000000080004d32 (0xc1a80813) addi    a6, a6, -998
core   0: 1 0x0000000080004d32 (0xc1a80813) x16 0xffffffe16a251c1a
core   0: 0x0000000080004d36 (0x0203ed33) rem     s10, t2, zero
core   0: 1 0x0000000080004d36 (0x0203ed33) x26 0x00000000fec12bbc
core   0: 0x0000000080004d3a (0x0000092e) c.slli  s2, 11
core   0: 1 0x0000000080004d3a (0x092e) x18 0x000002eca1401000
core   0: 0x0000000080004d3c (0x02e96733) rem     a4, s2, a4
core   0: 1 0x0000000080004d3c (0x02e96733) x14 0x0000000000000000
core   0: 0x0000000080004d40 (0x0ff0000f) fence   iorw,iorw
core   0: 1 0x0000000080004d40 (0x0ff0000f)
core   0: 0x0000000080004d44 (0x236faed3) fsgnjx.d ft9, ft11, fs6
core   0: 1 0x0000000080004d44 (0x236faed3) f29 0xc1c135cbf5000000
core   0: 0x0000000080004d48 (0x653efe93) andi    t4, t4, 1619
core   0: 1 0x0000000080004d48 (0x653efe93) x29 0x0000000000000000
core   0: 0x0000000080004d4c (0x4020d9b3) sra     s3, ra, sp
core   0: 1 0x0000000080004d4c (0x4020d9b3) x19 0xfffffffff7651a05
core   0: 0x0000000080004d50 (0xc22a7a53) fcvt.l.d s4, fs4
core   0: 1 0x0000000080004d50 (0xc22a7a53) x20 0x0000000000000001
core   0: 0x0000000080004d54 (0x0339d3b3) divu    t2, s3, s3
core   0: 1 0x0000000080004d54 (0x0339d3b3) x7  0x0000000000000001
core   0: 0x0000000080004d58 (0x10aa3073) csrrc   zero, senvcfg, s4
core   0: 1 0x0000000080004d58 (0x10aa3073) c266_senvcfg 0x0000000000000000
core   0: 0x0000000080004d5c (0x0383ec33) rem     s8, t2, s8
core   0: 1 0x0000000080004d5c (0x0383ec33) x24 0x0000000000000001
core   0: 0x0000000080004d60 (0x0000930a) c.add   t1, sp
core   0: 1 0x0000000080004d60 (0x930a) x6  0x0000000000000002
core   0: 0x0000000080004d62 (0xd23af8d3) fcvt.d.lu fa7, s5
core   0: 1 0x0000000080004d62 (0xd23af8d3) f17 0x41c135cbf6000000
core   0: 0x0000000080004d66 (0x03598bb3) mul     s7, s3, s5
core   0: 1 0x0000000080004d66 (0x03598bb3) x23 0xfed7cf9b3da3ef9c
core   0: 0x0000000080004d6a (0x0b41fa53) fsub.d  fs4, ft3, fs4
core   0: 1 0x0000000080004d6a (0x0b41fa53) f20 0x40e3e4a80c8f7e79
core   0: 0x0000000080004d6e (0x1b87fc4b) fnmsub.d fs8, fa5, fs8, ft3
core   0: 1 0x0000000080004d6e (0x1b87fc4b) c1_fflags 0x0000000000000011 f24 0x40e3e4c80c8f7e79
core   0: 0x0000000080004d72 (0x0061111b) slliw   sp, sp, 6
core   0: 1 0x0000000080004d72 (0x0061111b) x2  0x0000000000000080
core   0: 0x0000000080004d76 (0x0042e4b7) lui     s1, 0x42e
core   0: 1 0x0000000080004d76 (0x0042e4b7) x9  0x000000000042e000
core   0: 0x0000000080004d7a (0x1cd4849b) addiw   s1, s1, 461
core   0: 1 0x0000000080004d7a (0x1cd4849b) x9  0x000000000042e1cd
core   0: 0x0000000080004d7e (0x000004be) c.slli  s1, 15
core   0: 1 0x0000000080004d7e (0x04be) x9  0x0000002170e68000
core   0: 0x0000000080004d80 (0xbd248493) addi    s1, s1, -1070
core   0: 1 0x0000000080004d80 (0xbd248493) x9  0x0000002170e67bd2
core   0: 0x0000000080004d84 (0x4004543b) sraw    s0, s0, zero
core   0: 1 0x0000000080004d84 (0x4004543b) x8  0x0000000000000000
core   0: 0x0000000080004d88 (0x5e92021b) addiw   tp, tp, 1513
core   0: 1 0x0000000080004d88 (0x5e92021b) x4  0xffffffff800005e8
core   0: 0x0000000080004d8c (0x001892f3) csrrw   t0, fflags, a7
core   0: 1 0x0000000080004d8c (0x001892f3) x5  0x0000000000000011 c1_fflags 0x0000000000000000
core   0: 0x0000000080004d90 (0x02a57633) remu    a2, a0, a0
core   0: 1 0x0000000080004d90 (0x02a57633) x12 0x0000000000000000
core   0: 0x0000000080004d94 (0x2bde81d3) fmin.d  ft3, ft9, ft9
core   0: 1 0x0000000080004d94 (0x2bde81d3) f3  0xc1c135cbf5000000
core   0: 0x0000000080004d98 (0xd0277e53) fcvt.s.l ft8, a4
core   0: 1 0x0000000080004d98 (0xd0277e53) f28 0xffffffff00000000
core   0: 0x0000000080004d9c (0x0b3e7253) fsub.d  ft4, ft8, fs3
core   0: 1 0x0000000080004d9c (0x0b3e7253) f4  0x7ff8000000000000
core   0: 0x0000000080004da0 (0xe20e88d3) fmv.x.d a7, ft9
core   0: 1 0x0000000080004da0 (0xe20e88d3) x17 0xc1c135cbf5000000
core   0: 0x0000000080004da4 (0x00000001) c.nop
core   0: 1 0x0000000080004da4 (0x0001)
core   0: 0x0000000080004da6 (0x5a02f2d3) fsqrt.d ft5, ft5
core   0: 1 0x0000000080004da6 (0x5a02f2d3) c1_fflags 0x0000000000000001 f5  0x40e3e4c80c8f7e79
core   0: 0x0000000080004daa (0xd21586d3) fcvt.d.wu fa3, a1
core   0: 1 0x0000000080004daa (0xd21586d3) f13 0x41d0000954000000
core   0: 0x0000000080004dae (0xf26efd13) andi    s10, t4, -218
core   0: 1 0x0000000080004dae (0xf26efd13) x26 0x0000000000000000
core   0: 0x0000000080004db2 (0x007adebb) srlw    t4, s5, t2
core   0: 1 0x0000000080004db2 (0x007adebb) x29 0x000000001135cbf6
core   0: 0x0000000080004db6 (0x08762037) lui     zero, 0x8762
core   0: 1 0x0000000080004db6 (0x08762037)
core   0: 0x0000000080004dba (0x124d71d3) fmul.d  ft3, fs10, ft4
core   0: 1 0x0000000080004dba (0x124d71d3) f3  0x7ff8000000000000
core   0: 0x0000000080004dbe (0xa3af8b53) fle.d   s6, ft11, fs10
core   0: 1 0x0000000080004dbe (0xa3af8b53) c1_fflags 0x0000000000000011 x22 0x0000000000000000
core   0: 0x0000000080004dc2 (0x230f8853) fsgnj.d fa6, ft11, fa6
core   0: 1 0x0000000080004dc2 (0x230f8853) f16 0xc1c135cbf5000000
core   0: 0x0000000080004dc6 (0x1c8b0513) addi    a0, s6, 456
core   0: 1 0x0000000080004dc6 (0x1c8b0513) x10 0x00000000000001c8
core   0: 0x0000000080004dca (0x01d6e833) or      a6, a3, t4
core   0: 1 0x0000000080004dca (0x01d6e833) x16 0x000000001135cbf6
core   0: 0x0000000080004dce (0x02e54c33) div     s8, a0, a4
core   0: 1 0x0000000080004dce (0x02e54c33) x24 0xffffffffffffffff
core   0: 0x0000000080004dd2 (0x2ce613b7) lui     t2, 0x2ce61
core   0: 1 0x0000000080004dd2 (0x2ce613b7) x7  0x000000002ce61000
core   0: 0x0000000080004dd6 (0x038dff53) fadd.d  ft10, fs11, fs8
core   0: 1 0x0000000080004dd6 (0x038dff53) f30 0x7ff8000000000000
core   0: 0x0000000080004dda (0x035c30b3) mulhu   ra, s8, s5
core   0: 1 0x0000000080004dda (0x035c30b3) x1  0x00000000226b97eb
core   0: 0x0000000080004dde (0x9c23e2b7) lui     t0, 0x9c23e
core   0: 1 0x0000000080004dde (0x9c23e2b7) x5  0xffffffff9c23e000
core   0: 0x0000000080004de2 (0x0142ad33) slt     s10, t0, s4
core   0: 1 0x0000000080004de2 (0x0142ad33) x26 0x0000000000000001
core   0: 0x0000000080004de6 (0x00a3053b) addw    a0, t1, a0
core   0: 1 0x0000000080004de6 (0x00a3053b) x10 0x00000000000001ca
core   0: 0x0000000080004dea (0x00000001) c.nop
core   0: 1 0x0000000080004dea (0x0001)
core   0: 0x0000000080004dec (0xf12a5b73) csrrwi  s6, marchid, 20
core   0: exception trap_illegal_instruction, epc 0x0000000080004dec
core   0:           tval 0x00000000f12a5b73
core   0: >>>>  $xrv64i2p1_m2p0_a2p1_f2p2_d2p2_zicsr2p0_zifencei2p0_zmmul1p0_zba1p0_zbb1p0_zbc1p0_zbs1p0
core   0: 0x0000000080004000 (0x0080006f) j       pc + 0x8
core   0: 3 0x0000000080004000 (0x0080006f)
core   0: >>>>  mmode_exception_handler
core   0: 0x0000000080004008 (0x00002c17) auipc   s8, 0x2
core   0: 3 0x0000000080004008 (0x00002c17) x24 0x0000000080006008
core   0: 0x000000008000400c (0x0a4c0c13) addi    s8, s8, 164
core   0: 3 0x000000008000400c (0x0a4c0c13) x24 0x00000000800060ac
core   0: 0x0000000080004010 (0x000c00e7) jalr    s8
core   0: 3 0x0000000080004010 (0x000c00e7) x1  0x0000000080004014
core   0: >>>>  any_handler
core   0: 0x00000000800060ac (0x341027f3) csrrs   a5, mepc, zero
core   0: 3 0x00000000800060ac (0x341027f3) x15 0x0000000080004dec
core   0: 0x00000000800060b0 (0x34202773) csrrs   a4, mcause, zero
core   0: 3 0x00000000800060b0 (0x34202773) x14 0x0000000000000002
core   0: 0x00000000800060b4 (0x142026f3) csrrs   a3, scause, zero
core   0: 3 0x00000000800060b4 (0x142026f3) x13 0x0000000000000000
core   0: 0x00000000800060b8 (0x30402673) csrrs   a2, mie, zero
core   0: 3 0x00000000800060b8 (0x30402673) x12 0x0000000000000a00
core   0: 0x00000000800060bc (0x344025f3) csrrs   a1, mip, zero
core   0: 3 0x00000000800060bc (0x344025f3) x11 0x0000000000000080
core   0: 0x00000000800060c0 (0x343025f3) csrrs   a1, mtval, zero
core   0: 3 0x00000000800060c0 (0x343025f3) x11 0x00000000f12a5b73
core   0: 0x00000000800060c4 (0x14302573) csrrs   a0, stval, zero
core   0: 3 0x00000000800060c4 (0x14302573) x10 0x0000000000000000
core   0: 0x00000000800060c8 (0xb02024f3) csrrs   s1, minstret, zero
core   0: 3 0x00000000800060c8 (0xb02024f3) x9  0x0000000000000c6a
core   0: 0x00000000800060cc (0x0000a811) c.j     pc + 20
core   0: 3 0x00000000800060cc (0xa811)
core   0: >>>>  mepc_4
core   0: 0x00000000800060e0 (0x00000791) c.addi  a5, 4
core   0: 3 0x00000000800060e0 (0x0791) x15 0x0000000080004df0
core   0: 0x00000000800060e2 (0x34179073) csrrw   zero, mepc, a5
core   0: 3 0x00000000800060e2 (0x34179073) c833_mepc 0x0000000080004df0
core   0: 0x00000000800060e6 (0x30200073) mret
core   0: 3 0x00000000800060e6 (0x30200073) c768_mstatus 0x8000000a00106080
core   0: 0x0000000080004df0 (0x40055b93) srai    s7, a0, 0
core   0: 1 0x0000000080004df0 (0x40055b93) x23 0x0000000000000000
core   0: 0x0000000080004df4 (0x0018c893) xori    a7, a7, 1
core   0: 1 0x0000000080004df4 (0x0018c893) x17 0xc1c135cbf5000001
core   0: 0x0000000080004df8 (0x0be87853) fsub.d  fa6, fa6, ft10
core   0: 1 0x0000000080004df8 (0x0be87853) f16 0x7ff8000000000000
core   0: 0x0000000080004dfc (0xc2387ed3) fcvt.lu.d t4, fa6
core   0: 1 0x0000000080004dfc (0xc2387ed3) c1_fflags 0x0000000000000011 x29 0xffffffffffffffff
core   0: 0x0000000080004e00 (0xc0387153) fcvt.lu.s sp, fa6
core   0: 1 0x0000000080004e00 (0xc0387153) c1_fflags 0x0000000000000011 x2  0xffffffffffffffff
core   0: 0x0000000080004e04 (0x001a5ab3) srl     s5, s4, ra
core   0: 1 0x0000000080004e04 (0x001a5ab3) x21 0x0000000000000000
core   0: 0x0000000080004e08 (0xd037f353) fcvt.s.lu ft6, a5
core   0: 1 0x0000000080004e08 (0xd037f353) c1_fflags 0x0000000000000011 f6  0xffffffff4f00004e
core   0: 0x0000000080004e0c (0x02437fd3) fadd.d  ft11, ft6, ft4
core   0: 1 0x0000000080004e0c (0x02437fd3) f31 0x7ff8000000000000
core   0: 0x0000000080004e10 (0x141e9d73) csrrw   s10, sepc, t4
core   0: 1 0x0000000080004e10 (0x141e9d73) x26 0x0000000000000000 c321_sepc 0xfffffffffffffffe
core   0: 0x0000000080004e14 (0xfd5018b7) lui     a7, 0xfd501
core   0: 1 0x0000000080004e14 (0xfd5018b7) x17 0xfffffffffd501000
core   0: 0x0000000080004e18 (0xdff8889b) addiw   a7, a7, -513
core   0: 1 0x0000000080004e18 (0xdff8889b) x17 0xfffffffffd500dff
core   0: 0x0000000080004e1c (0x000008b2) c.slli  a7, 12
core   0: 1 0x0000000080004e1c (0x08b2) x17 0xffffffd500dff000
core   0: 0x0000000080004e1e (0xe4088893) addi    a7, a7, -448
core   0: 1 0x0000000080004e1e (0xe4088893) x17 0xffffffd500dfee40
core   0: 0x0000000080004e22 (0x2a5484d3) fmin.d  fs1, fs1, ft5
core   0: 1 0x0000000080004e22 (0x2a5484d3) f9  0x0000000000000000
core   0: 0x0000000080004e26 (0x006494b3) sll     s1, s1, t1
core   0: 1 0x0000000080004e26 (0x006494b3) x9  0x00000000000031a8
core   0: 0x0000000080004e2a (0xd234f1d3) fcvt.d.lu ft3, s1
core   0: 1 0x0000000080004e2a (0xd234f1d3) f3  0x40c8d40000000000
core   0: 0x0000000080004e2e (0x001c1c1b) slliw   s8, s8, 1
core   0: 1 0x0000000080004e2e (0x001c1c1b) x24 0x000000000000c158
core   0: 0x0000000080004e32 (0x0b31fe53) fsub.d  ft8, ft3, fs3
core   0: 1 0x0000000080004e32 (0x0b31fe53) f28 0x40c8d48000000000
core   0: 0x0000000080004e36 (0xd03471d3) fcvt.s.lu ft3, s0
core   0: 1 0x0000000080004e36 (0xd03471d3) f3  0xffffffff00000000
core   0: 0x0000000080004e3a (0x02339cb3) mulh    s9, t2, gp
core   0: 1 0x0000000080004e3a (0x02339cb3) x25 0x0000000000000000
core   0: 0x0000000080004e3e (0x01fc941b) slliw   s0, s9, 31
core   0: 1 0x0000000080004e3e (0x01fc941b) x8  0x0000000000000000
core   0: 0x0000000080004e42 (0x6ae1f3c3) fmadd.d ft7, ft3, fa4, fa3
core   0: 1 0x0000000080004e42 (0x6ae1f3c3) f7  0x7ff8000000000000
core   0: 0x0000000080004e46 (0x403706bb) subw    a3, a4, gp
core   0: 1 0x0000000080004e46 (0x403706bb) x13 0x0000000000000002
core   0: 0x0000000080004e4a (0xd03bf253) fcvt.s.lu ft4, s7
core   0: 1 0x0000000080004e4a (0xd03bf253) f4  0xffffffff00000000
core   0: 0x0000000080004e4e (0x02ace53b) remw    a0, s9, a0
core   0: 1 0x0000000080004e4e (0x02ace53b) x10 0x0000000000000000
core   0: 0x0000000080004e52 (0xd23cfe53) fcvt.d.lu ft8, s9
core   0: 1 0x0000000080004e52 (0xd23cfe53) f28 0x0000000000000000
core   0: 0x0000000080004e56 (0x03d64db3) div     s11, a2, t4
core   0: 1 0x0000000080004e56 (0x03d64db3) x27 0xfffffffffffff600
core   0: 0x0000000080004e5a (0xa3ce1b53) flt.d   s6, ft8, ft8
core   0: 1 0x0000000080004e5a (0xa3ce1b53) x22 0x0000000000000000
core   0: 0x0000000080004e5e (0xc3c27bcb) fnmsub.d fs7, ft4, ft8, fs8
core   0: 1 0x0000000080004e5e (0xc3c27bcb) f23 0x7ff8000000000000
core   0: 0x0000000080004e62 (0xc0387153) fcvt.lu.s sp, fa6
core   0: 1 0x0000000080004e62 (0xc0387153) c1_fflags 0x0000000000000011 x2  0xffffffffffffffff
core   0: 0x0000000080004e66 (0x001a9493) slli    s1, s5, 1
core   0: 1 0x0000000080004e66 (0x001a9493) x9  0x0000000000000000
core   0: 0x0000000080004e6a (0x40a50a3b) subw    s4, a0, a0
core   0: 1 0x0000000080004e6a (0x40a50a3b) x20 0x0000000000000000
core   0: 0x0000000080004e6e (0x409283b3) sub     t2, t0, s1
core   0: 1 0x0000000080004e6e (0x409283b3) x7  0xffffffff9c23e000
core   0: 0x0000000080004e72 (0x0300a433) mulhsu  s0, ra, a6
core   0: 1 0x0000000080004e72 (0x0300a433) x8  0x0000000000000000
core   0: 0x0000000080004e76 (0x2a4203d3) fmin.d  ft7, ft4, ft4
core   0: 1 0x0000000080004e76 (0x2a4203d3) f7  0x7ff8000000000000
core   0: 0x0000000080004e7a (0x5a0174d3) fsqrt.d fs1, ft2
core   0: 1 0x0000000080004e7a (0x5a0174d3) f9  0x8000000000000000
core   0: 0x0000000080004e7e (0x009680bb) addw    ra, a3, s1
core   0: 1 0x0000000080004e7e (0x009680bb) x1  0x0000000000000002
core   0: 0x0000000080004e82 (0x002a9df3) csrrw   s11, frm, s5
core   0: 1 0x0000000080004e82 (0x002a9df3) x27 0x0000000000000004 c2_frm 0x0000000000000000
core   0: 0x0000000080004e86 (0x0002d293) srli    t0, t0, 0
core   0: 1 0x0000000080004e86 (0x0002d293) x5  0xffffffff9c23e000
core   0: 0x0000000080004e8a (0xc039fbd3) fcvt.lu.s s7, fs3
core   0: 1 0x0000000080004e8a (0xc039fbd3) c1_fflags 0x0000000000000011 x23 0xffffffffffffffff
core   0: 0x0000000080004e8e (0x4b6e849b) addiw   s1, t4, 1206
core   0: 1 0x0000000080004e8e (0x4b6e849b) x9  0x00000000000004b5
core   0: 0x0000000080004e92 (0x035e8abb) mulw    s5, t4, s5
core   0: 1 0x0000000080004e92 (0x035e8abb) x21 0x0000000000000000
core   0: 0x0000000080004e96 (0x0106ed33) or      s10, a3, a6
core   0: 1 0x0000000080004e96 (0x0106ed33) x26 0x000000001135cbf6
core   0: 0x0000000080004e9a (0x013e6233) or      tp, t3, s3
core   0: 1 0x0000000080004e9a (0x013e6233) x4  0xfffffffff7651a05
core   0: 0x0000000080004e9e (0xd0227853) fcvt.s.l fa6, tp
core   0: 1 0x0000000080004e9e (0xd0227853) c1_fflags 0x0000000000000011 f16 0xffffffffcd09ae60
core   0: 0x0000000080004ea2 (0x02d30cbb) mulw    s9, t1, a3
core   0: 1 0x0000000080004ea2 (0x02d30cbb) x25 0x0000000000000004
core   0: 0x0000000080004ea6 (0xf2030353) fmv.d.x ft6, t1
core   0: 1 0x0000000080004ea6 (0xf2030353) f6  0x0000000000000002
core   0: 0x0000000080004eaa (0xff64bc37) lui     s8, 0xff64b
core   0: 1 0x0000000080004eaa (0xff64bc37) x24 0xffffffffff64b000
core   0: 0x0000000080004eae (0xa3bc0c1b) addiw   s8, s8, -1477
core   0: 1 0x0000000080004eae (0xa3bc0c1b) x24 0xffffffffff64aa3b
core   0: 0x0000000080004eb2 (0x00000c32) c.slli  s8, 12
core   0: 1 0x0000000080004eb2 (0x0c32) x24 0xfffffff64aa3b000
core   0: 0x0000000080004eb4 (0xa5dc0c13) addi    s8, s8, -1443
core   0: 1 0x0000000080004eb4 (0xa5dc0c13) x24 0xfffffff64aa3aa5d
core   0: 0x0000000080004eb8 (0x00161673) csrrw   a2, fflags, a2
core   0: 1 0x0000000080004eb8 (0x00161673) x12 0x0000000000000011 c1_fflags 0x0000000000000000
core   0: 0x0000000080004ebc (0xd2120c53) fcvt.d.wu fs8, tp
core   0: 1 0x0000000080004ebc (0xd2120c53) f24 0x41eeeca340a00000
core   0: 0x0000000080004ec0 (0x41f25d9b) sraiw   s11, tp, 31
core   0: 1 0x0000000080004ec0 (0x41f25d9b) x27 0xffffffffffffffff
core   0: 0x0000000080004ec4 (0x1266fe53) fmul.d  ft8, fa3, ft6
core   0: 1 0x0000000080004ec4 (0x1266fe53) f28 0x0000000080004aa0
core   0: 0x0000000080004ec8 (0xd03df953) fcvt.s.lu fs2, s11
core   0: 1 0x0000000080004ec8 (0xd03df953) c1_fflags 0x0000000000000001 f18 0xffffffff5f800000
core   0: 0x0000000080004ecc (0x0ab9f253) fsub.d  ft4, fs3, fa1
core   0: 1 0x0000000080004ecc (0x0ab9f253) f4  0xc1d7650a00c00000
core   0: 0x0000000080004ed0 (0x405888b3) sub     a7, a7, t0
core   0: 1 0x0000000080004ed0 (0x405888b3) x17 0xffffffd564bc0e40
core   0: 0x0000000080004ed4 (0x000cdcbb) srlw    s9, s9, zero
core   0: 1 0x0000000080004ed4 (0x000cdcbb) x25 0x0000000000000004
core   0: 0x0000000080004ed8 (0xd2317653) fcvt.d.lu fa2, sp
core   0: 1 0x0000000080004ed8 (0xd2317653) c1_fflags 0x0000000000000001 f12 0x43f0000000000000
core   0: 0x0000000080004edc (0x03cec03b) divw    zero, t4, t3
core   0: 1 0x0000000080004edc (0x03cec03b)
core   0: 0x0000000080004ee0 (0x014c9b13) slli    s6, s9, 20
core   0: 1 0x0000000080004ee0 (0x014c9b13) x22 0x0000000000400000
core   0: 0x0000000080004ee4 (0x4004d49b) sraiw   s1, s1, 0
core   0: 1 0x0000000080004ee4 (0x4004d49b) x9  0x00000000000004b5
core   0: 0x0000000080004ee8 (0x000e1e13) slli    t3, t3, 0
core   0: 1 0x0000000080004ee8 (0x000e1e13) x28 0x0000000000000000
core   0: 0x0000000080004eec (0xc2327cd3) fcvt.lu.d s9, ft4
core   0: 1 0x0000000080004eec (0xc2327cd3) c1_fflags 0x0000000000000011 x25 0x0000000000000000
core   0: 0x0000000080004ef0 (0x18a1fc13) andi    s8, gp, 394
core   0: 1 0x0000000080004ef0 (0x18a1fc13) x24 0x0000000000000000
core   0: 0x0000000080004ef4 (0xe2060dd3) fmv.x.d s11, fa2
core   0: 1 0x0000000080004ef4 (0xe2060dd3) x27 0x43f0000000000000
core   0: 0x0000000080004ef8 (0x0b5274d3) fsub.d  fs1, ft4, fs5
core   0: 1 0x0000000080004ef8 (0x0b5274d3) f9  0x7ff8000000000000
core   0: 0x0000000080004efc (0x0006189b) slliw   a7, a2, 0
core   0: 1 0x0000000080004efc (0x0006189b) x17 0x0000000000000011
core   0: 0x0000000080004f00 (0x000cdd1b) srliw   s10, s9, 0
core   0: 1 0x0000000080004f00 (0x000cdd1b) x26 0x0000000000000000
core   0: 0x0000000080004f04 (0x00aa15bb) sllw    a1, s4, a0
core   0: 1 0x0000000080004f04 (0x00aa15bb) x11 0x0000000000000000
core   0: 0x0000000080004f08 (0x41710bbb) subw    s7, sp, s7
core   0: 1 0x0000000080004f08 (0x41710bbb) x23 0x0000000000000000
core   0: 0x0000000080004f0c (0x0b3677d3) fsub.d  fa5, fa2, fs3
core   0: 1 0x0000000080004f0c (0x0b3677d3) c1_fflags 0x0000000000000011 f15 0x43f0000000000000
core   0: 0x0000000080004f10 (0x033c5c13) srli    s8, s8, 51
core   0: 1 0x0000000080004f10 (0x033c5c13) x24 0x0000000000000000
core   0: 0x0000000080004f14 (0x00002a81) c.addiw s5, 0
core   0: 1 0x0000000080004f14 (0x2a81) x21 0x0000000000000000
core   0: 0x0000000080004f16 (0x0010d513) srli    a0, ra, 1
core   0: 1 0x0000000080004f16 (0x0010d513) x10 0x0000000000000001
core   0: 0x0000000080004f1a (0x00c2adb3) slt     s11, t0, a2
core   0: 1 0x0000000080004f1a (0x00c2adb3) x27 0x0000000000000001
core   0: 0x0000000080004f1e (0x02537dbb) remuw   s11, t1, t0
core   0: 1 0x0000000080004f1e (0x02537dbb) x27 0x0000000000000002
core   0: 0x0000000080004f22 (0x41ca0e3b) subw    t3, s4, t3
core   0: 1 0x0000000080004f22 (0x41ca0e3b) x28 0x0000000000000000
core   0: 0x0000000080004f26 (0x00000001) c.nop
core   0: 1 0x0000000080004f26 (0x0001)
core   0: 0x0000000080004f28 (0x002494f3) csrrw   s1, frm, s1
core   0: 1 0x0000000080004f28 (0x002494f3) x9  0x0000000000000000 c2_frm 0x0000000000000005
core   0: 0x0000000080004f2c (0x400b5c93) srai    s9, s6, 0
core   0: 1 0x0000000080004f2c (0x400b5c93) x25 0x0000000000400000
core   0: 0x0000000080004f30 (0xa21f0b53) fle.d   s6, ft10, ft1
core   0: 1 0x0000000080004f30 (0xa21f0b53) c1_fflags 0x0000000000000011 x22 0x0000000000000000
core   0: 0x0000000080004f34 (0xd0377353) fcvt.s.lu ft6, a4
core   0: exception trap_illegal_instruction, epc 0x0000000080004f34
core   0:           tval 0x00000000d0377353
core   0: >>>>  $xrv64i2p1_m2p0_a2p1_f2p2_d2p2_zicsr2p0_zifencei2p0_zmmul1p0_zba1p0_zbb1p0_zbc1p0_zbs1p0
core   0: 0x0000000080004000 (0x0080006f) j       pc + 0x8
core   0: 3 0x0000000080004000 (0x0080006f)
core   0: >>>>  mmode_exception_handler
core   0: 0x0000000080004008 (0x00002c17) auipc   s8, 0x2
core   0: 3 0x0000000080004008 (0x00002c17) x24 0x0000000080006008
core   0: 0x000000008000400c (0x0a4c0c13) addi    s8, s8, 164
core   0: 3 0x000000008000400c (0x0a4c0c13) x24 0x00000000800060ac
core   0: 0x0000000080004010 (0x000c00e7) jalr    s8
core   0: 3 0x0000000080004010 (0x000c00e7) x1  0x0000000080004014
core   0: >>>>  any_handler
core   0: 0x00000000800060ac (0x341027f3) csrrs   a5, mepc, zero
core   0: 3 0x00000000800060ac (0x341027f3) x15 0x0000000080004f34
core   0: 0x00000000800060b0 (0x34202773) csrrs   a4, mcause, zero
core   0: 3 0x00000000800060b0 (0x34202773) x14 0x0000000000000002
core   0: 0x00000000800060b4 (0x142026f3) csrrs   a3, scause, zero
core   0: 3 0x00000000800060b4 (0x142026f3) x13 0x0000000000000000
core   0: 0x00000000800060b8 (0x30402673) csrrs   a2, mie, zero
core   0: 3 0x00000000800060b8 (0x30402673) x12 0x0000000000000a00
core   0: 0x00000000800060bc (0x344025f3) csrrs   a1, mip, zero
core   0: 3 0x00000000800060bc (0x344025f3) x11 0x0000000000000080
core   0: 0x00000000800060c0 (0x343025f3) csrrs   a1, mtval, zero
core   0: 3 0x00000000800060c0 (0x343025f3) x11 0x00000000d0377353
core   0: 0x00000000800060c4 (0x14302573) csrrs   a0, stval, zero
core   0: 3 0x00000000800060c4 (0x14302573) x10 0x0000000000000000
core   0: 0x00000000800060c8 (0xb02024f3) csrrs   s1, minstret, zero
core   0: 3 0x00000000800060c8 (0xb02024f3) x9  0x0000000000000ccd
core   0: 0x00000000800060cc (0x0000a811) c.j     pc + 20
core   0: 3 0x00000000800060cc (0xa811)
core   0: >>>>  mepc_4
core   0: 0x00000000800060e0 (0x00000791) c.addi  a5, 4
core   0: 3 0x00000000800060e0 (0x0791) x15 0x0000000080004f38
core   0: 0x00000000800060e2 (0x34179073) csrrw   zero, mepc, a5
core   0: 3 0x00000000800060e2 (0x34179073) c833_mepc 0x0000000080004f38
core   0: 0x00000000800060e6 (0x30200073) mret
core   0: 3 0x00000000800060e6 (0x30200073) c768_mstatus 0x8000000a00106080
core   0: 0x0000000080004f38 (0xb210f0cf) fnmadd.d ft1, ft1, ft1, fs6
core   0: exception trap_illegal_instruction, epc 0x0000000080004f38
core   0:           tval 0x00000000b210f0cf
core   0: >>>>  $xrv64i2p1_m2p0_a2p1_f2p2_d2p2_zicsr2p0_zifencei2p0_zmmul1p0_zba1p0_zbb1p0_zbc1p0_zbs1p0
core   0: 0x0000000080004000 (0x0080006f) j       pc + 0x8
core   0: 3 0x0000000080004000 (0x0080006f)
core   0: >>>>  mmode_exception_handler
core   0: 0x0000000080004008 (0x00002c17) auipc   s8, 0x2
core   0: 3 0x0000000080004008 (0x00002c17) x24 0x0000000080006008
core   0: 0x000000008000400c (0x0a4c0c13) addi    s8, s8, 164
core   0: 3 0x000000008000400c (0x0a4c0c13) x24 0x00000000800060ac
core   0: 0x0000000080004010 (0x000c00e7) jalr    s8
core   0: 3 0x0000000080004010 (0x000c00e7) x1  0x0000000080004014
core   0: >>>>  any_handler
core   0: 0x00000000800060ac (0x341027f3) csrrs   a5, mepc, zero
core   0: 3 0x00000000800060ac (0x341027f3) x15 0x0000000080004f38
core   0: 0x00000000800060b0 (0x34202773) csrrs   a4, mcause, zero
core   0: 3 0x00000000800060b0 (0x34202773) x14 0x0000000000000002
core   0: 0x00000000800060b4 (0x142026f3) csrrs   a3, scause, zero
core   0: 3 0x00000000800060b4 (0x142026f3) x13 0x0000000000000000
core   0: 0x00000000800060b8 (0x30402673) csrrs   a2, mie, zero
core   0: 3 0x00000000800060b8 (0x30402673) x12 0x0000000000000a00
core   0: 0x00000000800060bc (0x344025f3) csrrs   a1, mip, zero
core   0: 3 0x00000000800060bc (0x344025f3) x11 0x0000000000000080
core   0: 0x00000000800060c0 (0x343025f3) csrrs   a1, mtval, zero
core   0: 3 0x00000000800060c0 (0x343025f3) x11 0x00000000b210f0cf
core   0: 0x00000000800060c4 (0x14302573) csrrs   a0, stval, zero
core   0: 3 0x00000000800060c4 (0x14302573) x10 0x0000000000000000
core   0: 0x00000000800060c8 (0xb02024f3) csrrs   s1, minstret, zero
core   0: 3 0x00000000800060c8 (0xb02024f3) x9  0x0000000000000cdd
core   0: 0x00000000800060cc (0x0000a811) c.j     pc + 20
core   0: 3 0x00000000800060cc (0xa811)
core   0: >>>>  mepc_4
core   0: 0x00000000800060e0 (0x00000791) c.addi  a5, 4
core   0: 3 0x00000000800060e0 (0x0791) x15 0x0000000080004f3c
core   0: 0x00000000800060e2 (0x34179073) csrrw   zero, mepc, a5
core   0: 3 0x00000000800060e2 (0x34179073) c833_mepc 0x0000000080004f3c
core   0: 0x00000000800060e6 (0x30200073) mret
core   0: 3 0x00000000800060e6 (0x30200073) c768_mstatus 0x8000000a00106080
core   0: 0x0000000080004f3c (0x4032043b) subw    s0, tp, gp
core   0: 1 0x0000000080004f3c (0x4032043b) x8  0xfffffffff7651a05
core   0: 0x0000000080004f40 (0xc22b7653) fcvt.l.d a2, fs6
core   0: exception trap_illegal_instruction, epc 0x0000000080004f40
core   0:           tval 0x00000000c22b7653
core   0: >>>>  $xrv64i2p1_m2p0_a2p1_f2p2_d2p2_zicsr2p0_zifencei2p0_zmmul1p0_zba1p0_zbb1p0_zbc1p0_zbs1p0
core   0: 0x0000000080004000 (0x0080006f) j       pc + 0x8
core   0: 3 0x0000000080004000 (0x0080006f)
core   0: >>>>  mmode_exception_handler
core   0: 0x0000000080004008 (0x00002c17) auipc   s8, 0x2
core   0: 3 0x0000000080004008 (0x00002c17) x24 0x0000000080006008
core   0: 0x000000008000400c (0x0a4c0c13) addi    s8, s8, 164
core   0: 3 0x000000008000400c (0x0a4c0c13) x24 0x00000000800060ac
core   0: 0x0000000080004010 (0x000c00e7) jalr    s8
core   0: 3 0x0000000080004010 (0x000c00e7) x1  0x0000000080004014
core   0: >>>>  any_handler
core   0: 0x00000000800060ac (0x341027f3) csrrs   a5, mepc, zero
core   0: 3 0x00000000800060ac (0x341027f3) x15 0x0000000080004f40
core   0: 0x00000000800060b0 (0x34202773) csrrs   a4, mcause, zero
core   0: 3 0x00000000800060b0 (0x34202773) x14 0x0000000000000002
core   0: 0x00000000800060b4 (0x142026f3) csrrs   a3, scause, zero
core   0: 3 0x00000000800060b4 (0x142026f3) x13 0x0000000000000000
core   0: 0x00000000800060b8 (0x30402673) csrrs   a2, mie, zero
core   0: 3 0x00000000800060b8 (0x30402673) x12 0x0000000000000a00
core   0: 0x00000000800060bc (0x344025f3) csrrs   a1, mip, zero
core   0: 3 0x00000000800060bc (0x344025f3) x11 0x0000000000000080
core   0: 0x00000000800060c0 (0x343025f3) csrrs   a1, mtval, zero
core   0: 3 0x00000000800060c0 (0x343025f3) x11 0x00000000c22b7653
core   0: 0x00000000800060c4 (0x14302573) csrrs   a0, stval, zero
core   0: 3 0x00000000800060c4 (0x14302573) x10 0x0000000000000000
core   0: 0x00000000800060c8 (0xb02024f3) csrrs   s1, minstret, zero
core   0: 3 0x00000000800060c8 (0xb02024f3) x9  0x0000000000000cee
core   0: 0x00000000800060cc (0x0000a811) c.j     pc + 20
core   0: 3 0x00000000800060cc (0xa811)
core   0: >>>>  mepc_4
core   0: 0x00000000800060e0 (0x00000791) c.addi  a5, 4
core   0: 3 0x00000000800060e0 (0x0791) x15 0x0000000080004f44
core   0: 0x00000000800060e2 (0x34179073) csrrw   zero, mepc, a5
core   0: 3 0x00000000800060e2 (0x34179073) c833_mepc 0x0000000080004f44
core   0: 0x00000000800060e6 (0x30200073) mret
core   0: 3 0x00000000800060e6 (0x30200073) c768_mstatus 0x8000000a00106080
core   0: 0x0000000080004f44 (0x008e4e33) xor     t3, t3, s0
core   0: 1 0x0000000080004f44 (0x008e4e33) x28 0xfffffffff7651a05
core   0: 0x0000000080004f48 (0x8a67c593) xori    a1, a5, -1882
core   0: 1 0x0000000080004f48 (0x8a67c593) x11 0xffffffff7fffb7e2
core   0: 0x0000000080004f4c (0x00991c33) sll     s8, s2, s1
core   0: 1 0x0000000080004f4c (0x00991c33) x24 0x0400000000000000
core   0: 0x0000000080004f50 (0x42008dd3) fcvt.d.s fs11, ft1
core   0: 1 0x0000000080004f50 (0x42008dd3) f27 0x7ff8000000000000
core   0: 0x0000000080004f54 (0x00000001) c.nop
core   0: 1 0x0000000080004f54 (0x0001)
core   0: 0x0000000080004f56 (0xc20df753) fcvt.w.d a4, fs11
core   0: exception trap_illegal_instruction, epc 0x0000000080004f56
core   0:           tval 0x00000000c20df753
core   0: >>>>  $xrv64i2p1_m2p0_a2p1_f2p2_d2p2_zicsr2p0_zifencei2p0_zmmul1p0_zba1p0_zbb1p0_zbc1p0_zbs1p0
core   0: 0x0000000080004000 (0x0080006f) j       pc + 0x8
core   0: 3 0x0000000080004000 (0x0080006f)
core   0: >>>>  mmode_exception_handler
core   0: 0x0000000080004008 (0x00002c17) auipc   s8, 0x2
core   0: 3 0x0000000080004008 (0x00002c17) x24 0x0000000080006008
core   0: 0x000000008000400c (0x0a4c0c13) addi    s8, s8, 164
core   0: 3 0x000000008000400c (0x0a4c0c13) x24 0x00000000800060ac
core   0: 0x0000000080004010 (0x000c00e7) jalr    s8
core   0: 3 0x0000000080004010 (0x000c00e7) x1  0x0000000080004014
core   0: >>>>  any_handler
core   0: 0x00000000800060ac (0x341027f3) csrrs   a5, mepc, zero
core   0: 3 0x00000000800060ac (0x341027f3) x15 0x0000000080004f56
core   0: 0x00000000800060b0 (0x34202773) csrrs   a4, mcause, zero
core   0: 3 0x00000000800060b0 (0x34202773) x14 0x0000000000000002
core   0: 0x00000000800060b4 (0x142026f3) csrrs   a3, scause, zero
core   0: 3 0x00000000800060b4 (0x142026f3) x13 0x0000000000000000
core   0: 0x00000000800060b8 (0x30402673) csrrs   a2, mie, zero
core   0: 3 0x00000000800060b8 (0x30402673) x12 0x0000000000000a00
core   0: 0x00000000800060bc (0x344025f3) csrrs   a1, mip, zero
core   0: 3 0x00000000800060bc (0x344025f3) x11 0x0000000000000080
core   0: 0x00000000800060c0 (0x343025f3) csrrs   a1, mtval, zero
core   0: 3 0x00000000800060c0 (0x343025f3) x11 0x00000000c20df753
core   0: 0x00000000800060c4 (0x14302573) csrrs   a0, stval, zero
core   0: 3 0x00000000800060c4 (0x14302573) x10 0x0000000000000000
core   0: 0x00000000800060c8 (0xb02024f3) csrrs   s1, minstret, zero
core   0: 3 0x00000000800060c8 (0xb02024f3) x9  0x0000000000000d03
core   0: 0x00000000800060cc (0x0000a811) c.j     pc + 20
core   0: 3 0x00000000800060cc (0xa811)
core   0: >>>>  mepc_4
core   0: 0x00000000800060e0 (0x00000791) c.addi  a5, 4
core   0: 3 0x00000000800060e0 (0x0791) x15 0x0000000080004f5a
core   0: 0x00000000800060e2 (0x34179073) csrrw   zero, mepc, a5
core   0: 3 0x00000000800060e2 (0x34179073) c833_mepc 0x0000000080004f5a
core   0: 0x00000000800060e6 (0x30200073) mret
core   0: 3 0x00000000800060e6 (0x30200073) c768_mstatus 0x8000000a00106080
core   0: 0x0000000080004f5a (0x0017161b) slliw   a2, a4, 1
core   0: 1 0x0000000080004f5a (0x0017161b) x12 0x0000000000000004
core   0: 0x0000000080004f5e (0x0028893b) addw    s2, a7, sp
core   0: 1 0x0000000080004f5e (0x0028893b) x18 0x0000000000000010
core   0: 0x0000000080004f62 (0x1b057553) fdiv.d  fa0, fa0, fa6
core   0: exception trap_illegal_instruction, epc 0x0000000080004f62
core   0:           tval 0x000000001b057553
core   0: >>>>  $xrv64i2p1_m2p0_a2p1_f2p2_d2p2_zicsr2p0_zifencei2p0_zmmul1p0_zba1p0_zbb1p0_zbc1p0_zbs1p0
core   0: 0x0000000080004000 (0x0080006f) j       pc + 0x8
core   0: 3 0x0000000080004000 (0x0080006f)
core   0: >>>>  mmode_exception_handler
core   0: 0x0000000080004008 (0x00002c17) auipc   s8, 0x2
core   0: 3 0x0000000080004008 (0x00002c17) x24 0x0000000080006008
core   0: 0x000000008000400c (0x0a4c0c13) addi    s8, s8, 164
core   0: 3 0x000000008000400c (0x0a4c0c13) x24 0x00000000800060ac
core   0: 0x0000000080004010 (0x000c00e7) jalr    s8
core   0: 3 0x0000000080004010 (0x000c00e7) x1  0x0000000080004014
core   0: >>>>  any_handler
core   0: 0x00000000800060ac (0x341027f3) csrrs   a5, mepc, zero
core   0: 3 0x00000000800060ac (0x341027f3) x15 0x0000000080004f62
core   0: 0x00000000800060b0 (0x34202773) csrrs   a4, mcause, zero
core   0: 3 0x00000000800060b0 (0x34202773) x14 0x0000000000000002
core   0: 0x00000000800060b4 (0x142026f3) csrrs   a3, scause, zero
core   0: 3 0x00000000800060b4 (0x142026f3) x13 0x0000000000000000
core   0: 0x00000000800060b8 (0x30402673) csrrs   a2, mie, zero
core   0: 3 0x00000000800060b8 (0x30402673) x12 0x0000000000000a00
core   0: 0x00000000800060bc (0x344025f3) csrrs   a1, mip, zero
core   0: 3 0x00000000800060bc (0x344025f3) x11 0x0000000000000080
core   0: 0x00000000800060c0 (0x343025f3) csrrs   a1, mtval, zero
core   0: 3 0x00000000800060c0 (0x343025f3) x11 0x000000001b057553
core   0: 0x00000000800060c4 (0x14302573) csrrs   a0, stval, zero
core   0: 3 0x00000000800060c4 (0x14302573) x10 0x0000000000000000
core   0: 0x00000000800060c8 (0xb02024f3) csrrs   s1, minstret, zero
core   0: 3 0x00000000800060c8 (0xb02024f3) x9  0x0000000000000d15
core   0: 0x00000000800060cc (0x0000a811) c.j     pc + 20
core   0: 3 0x00000000800060cc (0xa811)
core   0: >>>>  mepc_4
core   0: 0x00000000800060e0 (0x00000791) c.addi  a5, 4
core   0: 3 0x00000000800060e0 (0x0791) x15 0x0000000080004f66
core   0: 0x00000000800060e2 (0x34179073) csrrw   zero, mepc, a5
core   0: 3 0x00000000800060e2 (0x34179073) c833_mepc 0x0000000080004f66
core   0: 0x00000000800060e6 (0x30200073) mret
core   0: 3 0x00000000800060e6 (0x30200073) c768_mstatus 0x8000000a00106080
core   0: 0x0000000080004f66 (0xc02577d3) fcvt.l.s a5, fa0
core   0: exception trap_illegal_instruction, epc 0x0000000080004f66
core   0:           tval 0x00000000c02577d3
core   0: >>>>  $xrv64i2p1_m2p0_a2p1_f2p2_d2p2_zicsr2p0_zifencei2p0_zmmul1p0_zba1p0_zbb1p0_zbc1p0_zbs1p0
core   0: 0x0000000080004000 (0x0080006f) j       pc + 0x8
core   0: 3 0x0000000080004000 (0x0080006f)
core   0: >>>>  mmode_exception_handler
core   0: 0x0000000080004008 (0x00002c17) auipc   s8, 0x2
core   0: 3 0x0000000080004008 (0x00002c17) x24 0x0000000080006008
core   0: 0x000000008000400c (0x0a4c0c13) addi    s8, s8, 164
core   0: 3 0x000000008000400c (0x0a4c0c13) x24 0x00000000800060ac
core   0: 0x0000000080004010 (0x000c00e7) jalr    s8
core   0: 3 0x0000000080004010 (0x000c00e7) x1  0x0000000080004014
core   0: >>>>  any_handler
core   0: 0x00000000800060ac (0x341027f3) csrrs   a5, mepc, zero
core   0: 3 0x00000000800060ac (0x341027f3) x15 0x0000000080004f66
core   0: 0x00000000800060b0 (0x34202773) csrrs   a4, mcause, zero
core   0: 3 0x00000000800060b0 (0x34202773) x14 0x0000000000000002
core   0: 0x00000000800060b4 (0x142026f3) csrrs   a3, scause, zero
core   0: 3 0x00000000800060b4 (0x142026f3) x13 0x0000000000000000
core   0: 0x00000000800060b8 (0x30402673) csrrs   a2, mie, zero
core   0: 3 0x00000000800060b8 (0x30402673) x12 0x0000000000000a00
core   0: 0x00000000800060bc (0x344025f3) csrrs   a1, mip, zero
core   0: 3 0x00000000800060bc (0x344025f3) x11 0x0000000000000080
core   0: 0x00000000800060c0 (0x343025f3) csrrs   a1, mtval, zero
core   0: 3 0x00000000800060c0 (0x343025f3) x11 0x00000000c02577d3
core   0: 0x00000000800060c4 (0x14302573) csrrs   a0, stval, zero
core   0: 3 0x00000000800060c4 (0x14302573) x10 0x0000000000000000
core   0: 0x00000000800060c8 (0xb02024f3) csrrs   s1, minstret, zero
core   0: 3 0x00000000800060c8 (0xb02024f3) x9  0x0000000000000d25
core   0: 0x00000000800060cc (0x0000a811) c.j     pc + 20
core   0: 3 0x00000000800060cc (0xa811)
core   0: >>>>  mepc_4
core   0: 0x00000000800060e0 (0x00000791) c.addi  a5, 4
core   0: 3 0x00000000800060e0 (0x0791) x15 0x0000000080004f6a
core   0: 0x00000000800060e2 (0x34179073) csrrw   zero, mepc, a5
core   0: 3 0x00000000800060e2 (0x34179073) c833_mepc 0x0000000080004f6a
core   0: 0x00000000800060e6 (0x30200073) mret
core   0: 3 0x00000000800060e6 (0x30200073) c768_mstatus 0x8000000a00106080
core   0: 0x0000000080004f6a (0x2b30f3cb) fnmsub.d ft7, ft1, fs3, ft5
core   0: exception trap_illegal_instruction, epc 0x0000000080004f6a
core   0:           tval 0x000000002b30f3cb
core   0: >>>>  $xrv64i2p1_m2p0_a2p1_f2p2_d2p2_zicsr2p0_zifencei2p0_zmmul1p0_zba1p0_zbb1p0_zbc1p0_zbs1p0
core   0: 0x0000000080004000 (0x0080006f) j       pc + 0x8
core   0: 3 0x0000000080004000 (0x0080006f)
core   0: >>>>  mmode_exception_handler
core   0: 0x0000000080004008 (0x00002c17) auipc   s8, 0x2
core   0: 3 0x0000000080004008 (0x00002c17) x24 0x0000000080006008
core   0: 0x000000008000400c (0x0a4c0c13) addi    s8, s8, 164
core   0: 3 0x000000008000400c (0x0a4c0c13) x24 0x00000000800060ac
core   0: 0x0000000080004010 (0x000c00e7) jalr    s8
core   0: 3 0x0000000080004010 (0x000c00e7) x1  0x0000000080004014
core   0: >>>>  any_handler
core   0: 0x00000000800060ac (0x341027f3) csrrs   a5, mepc, zero
core   0: 3 0x00000000800060ac (0x341027f3) x15 0x0000000080004f6a
core   0: 0x00000000800060b0 (0x34202773) csrrs   a4, mcause, zero
core   0: 3 0x00000000800060b0 (0x34202773) x14 0x0000000000000002
core   0: 0x00000000800060b4 (0x142026f3) csrrs   a3, scause, zero
core   0: 3 0x00000000800060b4 (0x142026f3) x13 0x0000000000000000
core   0: 0x00000000800060b8 (0x30402673) csrrs   a2, mie, zero
core   0: 3 0x00000000800060b8 (0x30402673) x12 0x0000000000000a00
core   0: 0x00000000800060bc (0x344025f3) csrrs   a1, mip, zero
core   0: 3 0x00000000800060bc (0x344025f3) x11 0x0000000000000080
core   0: 0x00000000800060c0 (0x343025f3) csrrs   a1, mtval, zero
core   0: 3 0x00000000800060c0 (0x343025f3) x11 0x000000002b30f3cb
core   0: 0x00000000800060c4 (0x14302573) csrrs   a0, stval, zero
core   0: 3 0x00000000800060c4 (0x14302573) x10 0x0000000000000000
core   0: 0x00000000800060c8 (0xb02024f3) csrrs   s1, minstret, zero
core   0: 3 0x00000000800060c8 (0xb02024f3) x9  0x0000000000000d35
core   0: 0x00000000800060cc (0x0000a811) c.j     pc + 20
core   0: 3 0x00000000800060cc (0xa811)
core   0: >>>>  mepc_4
core   0: 0x00000000800060e0 (0x00000791) c.addi  a5, 4
core   0: 3 0x00000000800060e0 (0x0791) x15 0x0000000080004f6e
core   0: 0x00000000800060e2 (0x34179073) csrrw   zero, mepc, a5
core   0: 3 0x00000000800060e2 (0x34179073) c833_mepc 0x0000000080004f6e
core   0: 0x00000000800060e6 (0x30200073) mret
core   0: 3 0x00000000800060e6 (0x30200073) c768_mstatus 0x8000000a00106080
core   0: 0x0000000080004f6e (0xf2068a53) fmv.d.x fs4, a3
core   0: 1 0x0000000080004f6e (0xf2068a53) f20 0x0000000000000000
core   0: 0x0000000080004f72 (0x00261473) csrrw   s0, frm, a2
core   0: 1 0x0000000080004f72 (0x00261473) x8  0x0000000000000005 c2_frm 0x0000000000000000
core   0: 0x0000000080004f76 (0x5a057553) fsqrt.d fa0, fa0
core   0: 1 0x0000000080004f76 (0x5a057553) f10 0x7ff8000000000000
core   0: 0x0000000080004f7a (0x420805d3) fcvt.d.s fa1, fa6
core   0: 1 0x0000000080004f7a (0x420805d3) f11 0xc1a135cc00000000
core   0: 0x0000000080004f7e (0xc22ef8d3) fcvt.l.d a7, ft9
core   0: 1 0x0000000080004f7e (0xc22ef8d3) x17 0xffffffffdd946816
core   0: 0x0000000080004f82 (0x034afabb) remuw   s5, s5, s4
core   0: 1 0x0000000080004f82 (0x034afabb) x21 0x0000000000000000
core   0: 0x0000000080004f86 (0x034a4e3b) divw    t3, s4, s4
core   0: 1 0x0000000080004f86 (0x034a4e3b) x28 0xffffffffffffffff
core   0: 0x0000000080004f8a (0x140ab873) csrrc   a6, sscratch, s5
core   0: 1 0x0000000080004f8a (0x140ab873) x16 0x0000000000000000 c320_sscratch 0x0000000000000000
core   0: 0x0000000080004f8e (0x3f8feb97) auipc   s7, 0x3f8fe
core   0: 1 0x0000000080004f8e (0x3f8feb97) x23 0x00000000bf902f8e
core   0: 0x0000000080004f92 (0x03ec94b7) lui     s1, 0x3ec9
core   0: 1 0x0000000080004f92 (0x03ec94b7) x9  0x0000000003ec9000
core   0: 0x0000000080004f96 (0x4214849b) addiw   s1, s1, 1057
core   0: 1 0x0000000080004f96 (0x4214849b) x9  0x0000000003ec9421
core   0: 0x0000000080004f9a (0x000004b6) c.slli  s1, 13
core   0: 1 0x0000000080004f9a (0x04b6) x9  0x0000007d92842000
core   0: 0x0000000080004f9c (0x23048493) addi    s1, s1, 560
core   0: 1 0x0000000080004f9c (0x23048493) x9  0x0000007d92842230
core   0: 0x0000000080004fa0 (0x037670b3) remu    ra, a2, s7
core   0: 1 0x0000000080004fa0 (0x037670b3) x1  0x0000000000000a00
core   0: 0x0000000080004fa4 (0x03a0b1b3) mulhu   gp, ra, s10
core   0: 1 0x0000000080004fa4 (0x03a0b1b3) x3  0x0000000000000000
core   0: 0x0000000080004fa8 (0x023dfed3) fadd.d  ft9, fs11, ft3
core   0: 1 0x0000000080004fa8 (0x023dfed3) f29 0x7ff8000000000000
core   0: 0x0000000080004fac (0x3400aaf3) csrrs   s5, mscratch, ra
core   0: exception trap_illegal_instruction, epc 0x0000000080004fac
core   0:           tval 0x000000003400aaf3
core   0: >>>>  $xrv64i2p1_m2p0_a2p1_f2p2_d2p2_zicsr2p0_zifencei2p0_zmmul1p0_zba1p0_zbb1p0_zbc1p0_zbs1p0
core   0: 0x0000000080004000 (0x0080006f) j       pc + 0x8
core   0: 3 0x0000000080004000 (0x0080006f)
core   0: >>>>  mmode_exception_handler
core   0: 0x0000000080004008 (0x00002c17) auipc   s8, 0x2
core   0: 3 0x0000000080004008 (0x00002c17) x24 0x0000000080006008
core   0: 0x000000008000400c (0x0a4c0c13) addi    s8, s8, 164
core   0: 3 0x000000008000400c (0x0a4c0c13) x24 0x00000000800060ac
core   0: 0x0000000080004010 (0x000c00e7) jalr    s8
core   0: 3 0x0000000080004010 (0x000c00e7) x1  0x0000000080004014
core   0: >>>>  any_handler
core   0: 0x00000000800060ac (0x341027f3) csrrs   a5, mepc, zero
core   0: 3 0x00000000800060ac (0x341027f3) x15 0x0000000080004fac
core   0: 0x00000000800060b0 (0x34202773) csrrs   a4, mcause, zero
core   0: 3 0x00000000800060b0 (0x34202773) x14 0x0000000000000002
core   0: 0x00000000800060b4 (0x142026f3) csrrs   a3, scause, zero
core   0: 3 0x00000000800060b4 (0x142026f3) x13 0x0000000000000000
core   0: 0x00000000800060b8 (0x30402673) csrrs   a2, mie, zero
core   0: 3 0x00000000800060b8 (0x30402673) x12 0x0000000000000a00
core   0: 0x00000000800060bc (0x344025f3) csrrs   a1, mip, zero
core   0: 3 0x00000000800060bc (0x344025f3) x11 0x0000000000000080
core   0: 0x00000000800060c0 (0x343025f3) csrrs   a1, mtval, zero
core   0: 3 0x00000000800060c0 (0x343025f3) x11 0x000000003400aaf3
core   0: 0x00000000800060c4 (0x14302573) csrrs   a0, stval, zero
core   0: 3 0x00000000800060c4 (0x14302573) x10 0x0000000000000000
core   0: 0x00000000800060c8 (0xb02024f3) csrrs   s1, minstret, zero
core   0: 3 0x00000000800060c8 (0xb02024f3) x9  0x0000000000000d55
core   0: 0x00000000800060cc (0x0000a811) c.j     pc + 20
core   0: 3 0x00000000800060cc (0xa811)
core   0: >>>>  mepc_4
core   0: 0x00000000800060e0 (0x00000791) c.addi  a5, 4
core   0: 3 0x00000000800060e0 (0x0791) x15 0x0000000080004fb0
core   0: 0x00000000800060e2 (0x34179073) csrrw   zero, mepc, a5
core   0: 3 0x00000000800060e2 (0x34179073) c833_mepc 0x0000000080004fb0
core   0: 0x00000000800060e6 (0x30200073) mret
core   0: 3 0x00000000800060e6 (0x30200073) c768_mstatus 0x8000000a00106080
core   0: 0x0000000080004fb0 (0x1a3ef1c3) fmadd.d ft3, ft9, ft3, ft3
core   0: 1 0x0000000080004fb0 (0x1a3ef1c3) f3  0x7ff8000000000000
core   0: 0x0000000080004fb4 (0x22f797d3) fsgnjn.d fa5, fa5, fa5
core   0: 1 0x0000000080004fb4 (0x22f797d3) f15 0xc3f0000000000000
core   0: 0x0000000080004fb8 (0xea73f8c3) fmadd.d fa7, ft7, ft7, ft9
core   0: 1 0x0000000080004fb8 (0xea73f8c3) f17 0x7ff8000000000000
core   0: 0x0000000080004fbc (0xc032f553) fcvt.lu.s a0, ft5
core   0: 1 0x0000000080004fbc (0xc032f553) c1_fflags 0x0000000000000011 x10 0xffffffffffffffff
core   0: 0x0000000080004fc0 (0x00e797bb) sllw    a5, a5, a4
core   0: 1 0x0000000080004fc0 (0x00e797bb) x15 0x0000000000013ec0
core   0: 0x0000000080004fc4 (0x0086d6b3) srl     a3, a3, s0
core   0: 1 0x0000000080004fc4 (0x0086d6b3) x13 0x0000000000000000
core   0: 0x0000000080004fc8 (0x02a05eb3) divu    t4, zero, a0
core   0: 1 0x0000000080004fc8 (0x02a05eb3) x29 0x0000000000000000
core   0: 0x0000000080004fcc (0x0000989b) slliw   a7, ra, 0
core   0: 1 0x0000000080004fcc (0x0000989b) x17 0xffffffff80004014
core   0: 0x0000000080004fd0 (0x023e81b3) mul     gp, t4, gp
core   0: 1 0x0000000080004fd0 (0x023e81b3) x3  0x0000000000000000
core   0: 0x0000000080004fd4 (0x01bd823b) addw    tp, s11, s11
core   0: 1 0x0000000080004fd4 (0x01bd823b) x4  0x0000000000000004
core   0: 0x0000000080004fd8 (0x40ab023b) subw    tp, s6, a0
core   0: 1 0x0000000080004fd8 (0x40ab023b) x4  0x0000000000000001
core   0: 0x0000000080004fdc (0x41175433) sra     s0, a4, a7
core   0: 1 0x0000000080004fdc (0x41175433) x8  0x0000000000000000
core   0: 0x0000000080004fe0 (0x00095ebb) srlw    t4, s2, zero
core   0: 1 0x0000000080004fe0 (0x00095ebb) x29 0x0000000000000010
core   0: 0x0000000080004fe4 (0x23731dd3) fsgnjn.d fs11, ft6, fs7
core   0: 1 0x0000000080004fe4 (0x23731dd3) f27 0x8000000000000002
core   0: 0x0000000080004fe8 (0xd23774d3) fcvt.d.lu fs1, a4
core   0: 1 0x0000000080004fe8 (0xd23774d3) f9  0x4000000000000000
core   0: 0x0000000080004fec (0x02119313) slli    t1, gp, 33
core   0: 1 0x0000000080004fec (0x02119313) x6  0x0000000000000000
core   0: 0x0000000080004ff0 (0x00102973) csrrs   s2, fflags, zero
core   0: 1 0x0000000080004ff0 (0x00102973) x18 0x0000000000000011
core   0: 0x0000000080004ff4 (0x00c50e33) add     t3, a0, a2
core   0: 1 0x0000000080004ff4 (0x00c50e33) x28 0x00000000000009ff
core   0: 0x0000000080004ff8 (0x2a969ed3) fmax.d  ft9, fa3, fs1
core   0: 1 0x0000000080004ff8 (0x2a969ed3) f29 0x41d0000954000000
core   0: 0x0000000080004ffc (0xd0297e53) fcvt.s.l ft8, s2
core   0: 1 0x0000000080004ffc (0xd0297e53) f28 0xffffffff41880000
core   0: 0x0000000080005000 (0x4a52f047) fmsub.d ft0, ft5, ft5, fs1
core   0: 1 0x0000000080005000 (0x4a52f047) c1_fflags 0x0000000000000011 f0  0x41d8bc226c800001
core   0: 0x0000000080005004 (0x00000001) c.nop
core   0: 1 0x0000000080005004 (0x0001)
core   0: 0x0000000080005006 (0x2aed9dd3) fmax.d  fs11, fs11, fa4
core   0: 1 0x0000000080005006 (0x2aed9dd3) f27 0x8000000000000002
core   0: 0x000000008000500a (0x41c00c3b) subw    s8, zero, t3
core   0: 1 0x000000008000500a (0x41c00c3b) x24 0xfffffffffffff601
core   0: 0x000000008000500e (0x34c00593) li      a1, 844
core   0: 1 0x000000008000500e (0x34c00593) x11 0x000000000000034c
core   0: 0x0000000080005012 (0xd2178ad3) fcvt.d.wu fs5, a5
core   0: 1 0x0000000080005012 (0xd2178ad3) f21 0x40f3ec0000000000
core   0: 0x0000000080005016 (0x1a2373d3) fdiv.d  ft7, ft6, ft2
core   0: 1 0x0000000080005016 (0x1a2373d3) c1_fflags 0x0000000000000019 f7  0xfff0000000000000
core   0: 0x000000008000501a (0x4015f953) fcvt.s.d fs2, fa1
core   0: 1 0x000000008000501a (0x4015f953) f18 0xffffffffcd09ae60
core   0: 0x000000008000501e (0x5a0972d3) fsqrt.d ft5, fs2
core   0: 1 0x000000008000501e (0x5a0972d3) f5  0x7ff8000000000000
core   0: 0x0000000080005022 (0x7b08adf3) csrrs   s11, dcsr, a7
core   0: exception trap_illegal_instruction, epc 0x0000000080005022
core   0:           tval 0x000000007b08adf3
core   0: >>>>  $xrv64i2p1_m2p0_a2p1_f2p2_d2p2_zicsr2p0_zifencei2p0_zmmul1p0_zba1p0_zbb1p0_zbc1p0_zbs1p0
core   0: 0x0000000080004000 (0x0080006f) j       pc + 0x8
core   0: 3 0x0000000080004000 (0x0080006f)
core   0: >>>>  mmode_exception_handler
core   0: 0x0000000080004008 (0x00002c17) auipc   s8, 0x2
core   0: 3 0x0000000080004008 (0x00002c17) x24 0x0000000080006008
core   0: 0x000000008000400c (0x0a4c0c13) addi    s8, s8, 164
core   0: 3 0x000000008000400c (0x0a4c0c13) x24 0x00000000800060ac
core   0: 0x0000000080004010 (0x000c00e7) jalr    s8
core   0: 3 0x0000000080004010 (0x000c00e7) x1  0x0000000080004014
core   0: >>>>  any_handler
core   0: 0x00000000800060ac (0x341027f3) csrrs   a5, mepc, zero
core   0: 3 0x00000000800060ac (0x341027f3) x15 0x0000000080005022
core   0: 0x00000000800060b0 (0x34202773) csrrs   a4, mcause, zero
core   0: 3 0x00000000800060b0 (0x34202773) x14 0x0000000000000002
core   0: 0x00000000800060b4 (0x142026f3) csrrs   a3, scause, zero
core   0: 3 0x00000000800060b4 (0x142026f3) x13 0x0000000000000000
core   0: 0x00000000800060b8 (0x30402673) csrrs   a2, mie, zero
core   0: 3 0x00000000800060b8 (0x30402673) x12 0x0000000000000a00
core   0: 0x00000000800060bc (0x344025f3) csrrs   a1, mip, zero
core   0: 3 0x00000000800060bc (0x344025f3) x11 0x0000000000000080
core   0: 0x00000000800060c0 (0x343025f3) csrrs   a1, mtval, zero
core   0: 3 0x00000000800060c0 (0x343025f3) x11 0x000000007b08adf3
core   0: 0x00000000800060c4 (0x14302573) csrrs   a0, stval, zero
core   0: 3 0x00000000800060c4 (0x14302573) x10 0x0000000000000000
core   0: 0x00000000800060c8 (0xb02024f3) csrrs   s1, minstret, zero
core   0: 3 0x00000000800060c8 (0xb02024f3) x9  0x0000000000000d82
core   0: 0x00000000800060cc (0x0000a811) c.j     pc + 20
core   0: 3 0x00000000800060cc (0xa811)
core   0: >>>>  mepc_4
core   0: 0x00000000800060e0 (0x00000791) c.addi  a5, 4
core   0: 3 0x00000000800060e0 (0x0791) x15 0x0000000080005026
core   0: 0x00000000800060e2 (0x34179073) csrrw   zero, mepc, a5
core   0: 3 0x00000000800060e2 (0x34179073) c833_mepc 0x0000000080005026
core   0: 0x00000000800060e6 (0x30200073) mret
core   0: 3 0x00000000800060e6 (0x30200073) c768_mstatus 0x8000000a00106080
core   0: 0x0000000080005026 (0x03d5e13b) remw    sp, a1, t4
core   0: 1 0x0000000080005026 (0x03d5e13b) x2  0x0000000000000003
core   0: 0x000000008000502a (0x412a53bb) sraw    t2, s4, s2
core   0: 1 0x000000008000502a (0x412a53bb) x7  0x0000000000000000
core   0: 0x000000008000502e (0x002051b3) srl     gp, zero, sp
core   0: 1 0x000000008000502e (0x002051b3) x3  0x0000000000000000
core   0: 0x0000000080005032 (0x016bd0b3) srl     ra, s7, s6
core   0: 1 0x0000000080005032 (0x016bd0b3) x1  0x00000000bf902f8e
core   0: 0x0000000080005036 (0x02f787b3) mul     a5, a5, a5
core   0: 1 0x0000000080005036 (0x02f787b3) x15 0x400050261917c5a4
core   0: 0x000000008000503a (0xc023f653) fcvt.l.s a2, ft7
core   0: 1 0x000000008000503a (0xc023f653) c1_fflags 0x0000000000000019 x12 0x7fffffffffffffff
core   0: 0x000000008000503e (0x03f29313) slli    t1, t0, 63
core   0: 1 0x000000008000503e (0x03f29313) x6  0x0000000000000000
core   0: 0x0000000080005042 (0xc028f153) fcvt.l.s sp, fa7
core   0: 1 0x0000000080005042 (0xc028f153) c1_fflags 0x0000000000000019 x2  0x7fffffffffffffff
core   0: 0x0000000080005046 (0x0248fbb3) remu    s7, a7, tp
core   0: 1 0x0000000080005046 (0x0248fbb3) x23 0x0000000000000000
core   0: 0x000000008000504a (0x41fbd49b) sraiw   s1, s7, 31
core   0: 1 0x000000008000504a (0x41fbd49b) x9  0x0000000000000000
core   0: 0x000000008000504e (0xc202f153) fcvt.w.d sp, ft5
core   0: 1 0x000000008000504e (0xc202f153) c1_fflags 0x0000000000000019 x2  0x000000007fffffff
core   0: 0x0000000080005052 (0x4163ddbb) sraw    s11, t2, s6
core   0: 1 0x0000000080005052 (0x4163ddbb) x27 0x0000000000000000
core   0: 0x0000000080005056 (0x8004041b) addiw   s0, s0, -2048
core   0: 1 0x0000000080005056 (0x8004041b) x8  0xfffffffffffff800
core   0: 0x000000008000505a (0x016dda3b) srlw    s4, s11, s6
core   0: 1 0x000000008000505a (0x016dda3b) x20 0x0000000000000000
core   0: 0x000000008000505e (0x097cc213) xori    tp, s9, 151
core   0: 1 0x000000008000505e (0x097cc213) x4  0x0000000000400097
core   0: 0x0000000080005062 (0xd0317fd3) fcvt.s.lu ft11, sp
core   0: 1 0x0000000080005062 (0xd0317fd3) c1_fflags 0x0000000000000019 f31 0xffffffff4f000000
core   0: 0x0000000080005066 (0xc23df3d3) fcvt.lu.d t2, fs11
core   0: 1 0x0000000080005066 (0xc23df3d3) c1_fflags 0x0000000000000019 x7  0x0000000000000000
core   0: 0x000000008000506a (0x22581e53) fsgnjn.d ft8, fa6, ft5
core   0: 1 0x000000008000506a (0x22581e53) f28 0xffffffffcd09ae60
core   0: 0x000000008000506e (0xe303734f) fnmadd.d ft6, ft6, fa6, ft8
core   0: 1 0x000000008000506e (0xe303734f) f6  0x7ff8000000000000
core   0: 0x0000000080005072 (0x04ca0a37) lui     s4, 0x4ca0
core   0: 1 0x0000000080005072 (0x04ca0a37) x20 0x0000000004ca0000
core   0: 0x0000000080005076 (0xf7ba0a1b) addiw   s4, s4, -133
core   0: 1 0x0000000080005076 (0xf7ba0a1b) x20 0x0000000004c9ff7b
core   0: 0x000000008000507a (0x00000a32) c.slli  s4, 12
core   0: 1 0x000000008000507a (0x0a32) x20 0x0000004c9ff7b000
core   0: 0x000000008000507c (0x578a0a13) addi    s4, s4, 1400
core   0: 1 0x000000008000507c (0x578a0a13) x20 0x0000004c9ff7b578
core   0: 0x0000000080005080 (0x6a23c193) xori    gp, t2, 1698
core   0: 1 0x0000000080005080 (0x6a23c193) x3  0x00000000000006a2
core   0: 0x0000000080005084 (0x230e29d3) fsgnjx.d fs3, ft8, fa6
core   0: 1 0x0000000080005084 (0x230e29d3) f19 0x7fffffffcd09ae60
core   0: 0x0000000080005088 (0x58148493) addi    s1, s1, 1409
core   0: 1 0x0000000080005088 (0x58148493) x9  0x0000000000000581
core   0: 0x000000008000508c (0x02904db3) div     s11, zero, s1
core   0: 1 0x000000008000508c (0x02904db3) x27 0x0000000000000000
core   0: 0x0000000080005090 (0x03f05893) srli    a7, zero, 63
core   0: 1 0x0000000080005090 (0x03f05893) x17 0x0000000000000000
core   0: 0x0000000080005094 (0xd2150d53) fcvt.d.wu fs10, a0
core   0: 1 0x0000000080005094 (0xd2150d53) f26 0x0000000000000000
core   0: 0x0000000080005098 (0x02035ab3) divu    s5, t1, zero
core   0: 1 0x0000000080005098 (0x02035ab3) x21 0xffffffffffffffff
core   0: 0x000000008000509c (0x02303233) mulhu   tp, zero, gp
core   0: 1 0x000000008000509c (0x02303233) x4  0x0000000000000000
core   0: 0x00000000800050a0 (0x7ff24113) xori    sp, tp, 2047
core   0: 1 0x00000000800050a0 (0x7ff24113) x2  0x00000000000007ff
core   0: 0x00000000800050a4 (0x03b58dbb) mulw    s11, a1, s11
core   0: 1 0x00000000800050a4 (0x03b58dbb) x27 0x0000000000000000
core   0: 0x00000000800050a8 (0xc0237753) fcvt.l.s a4, ft6
core   0: 1 0x00000000800050a8 (0xc0237753) c1_fflags 0x0000000000000019 x14 0x7fffffffffffffff
core   0: 0x00000000800050ac (0x40005d1b) sraiw   s10, zero, 0
core   0: 1 0x00000000800050ac (0x40005d1b) x26 0x0000000000000000
core   0: 0x00000000800050b0 (0x00202ef3) csrrs   t4, frm, zero
core   0: 1 0x00000000800050b0 (0x00202ef3) x29 0x0000000000000000
core   0: 0x00000000800050b4 (0xc219f853) fcvt.wu.d a6, fs3
core   0: 1 0x00000000800050b4 (0xc219f853) c1_fflags 0x0000000000000019 x16 0xffffffffffffffff
core   0: 0x00000000800050b8 (0x03486a33) rem     s4, a6, s4
core   0: 1 0x00000000800050b8 (0x03486a33) x20 0xffffffffffffffff
core   0: 0x00000000800050bc (0x5baa7c4f) fnmadd.d fs8, fs4, fs10, fa1
core   0: 1 0x00000000800050bc (0x5baa7c4f) f24 0x41a135cc00000000
core   0: 0x00000000800050c0 (0x01da53b3) srl     t2, s4, t4
core   0: 1 0x00000000800050c0 (0x01da53b3) x7  0xffffffffffffffff
core   0: 0x00000000800050c4 (0xc20d7653) fcvt.w.d a2, fs10
core   0: 1 0x00000000800050c4 (0xc20d7653) x12 0x0000000000000000
core   0: 0x00000000800050c8 (0xc20c7453) fcvt.w.d s0, fs8
core   0: 1 0x00000000800050c8 (0xc20c7453) x8  0x00000000089ae600
core   0: 0x00000000800050cc (0xd0387353) fcvt.s.lu ft6, a6
core   0: 1 0x00000000800050cc (0xd0387353) c1_fflags 0x0000000000000019 f6  0xffffffff5f800000
core   0: 0x00000000800050d0 (0x00d478b3) and     a7, s0, a3
core   0: 1 0x00000000800050d0 (0x00d478b3) x17 0x0000000000000000
core   0: 0x00000000800050d4 (0x01d81b1b) slliw   s6, a6, 29
core   0: 1 0x00000000800050d4 (0x01d81b1b) x22 0xffffffffe0000000
core   0: 0x00000000800050d8 (0x00d4121b) slliw   tp, s0, 13
core   0: 1 0x00000000800050d8 (0x00d4121b) x4  0x000000005cc00000
core   0: 0x00000000800050dc (0x40920533) sub     a0, tp, s1
core   0: 1 0x00000000800050dc (0x40920533) x10 0x000000005cbffa7f
core   0: 0x00000000800050e0 (0xf2020e53) fmv.d.x ft8, tp
core   0: 1 0x00000000800050e0 (0xf2020e53) f28 0x000000005cc00000
core   0: 0x00000000800050e4 (0xc032b2f3) csrrc   t0, hpmcounter3, t0
core   0: exception trap_illegal_instruction, epc 0x00000000800050e4
core   0:           tval 0x00000000c032b2f3
core   0: >>>>  $xrv64i2p1_m2p0_a2p1_f2p2_d2p2_zicsr2p0_zifencei2p0_zmmul1p0_zba1p0_zbb1p0_zbc1p0_zbs1p0
core   0: 0x0000000080004000 (0x0080006f) j       pc + 0x8
core   0: 3 0x0000000080004000 (0x0080006f)
core   0: >>>>  mmode_exception_handler
core   0: 0x0000000080004008 (0x00002c17) auipc   s8, 0x2
core   0: 3 0x0000000080004008 (0x00002c17) x24 0x0000000080006008
core   0: 0x000000008000400c (0x0a4c0c13) addi    s8, s8, 164
core   0: 3 0x000000008000400c (0x0a4c0c13) x24 0x00000000800060ac
core   0: 0x0000000080004010 (0x000c00e7) jalr    s8
core   0: 3 0x0000000080004010 (0x000c00e7) x1  0x0000000080004014
core   0: >>>>  any_handler
core   0: 0x00000000800060ac (0x341027f3) csrrs   a5, mepc, zero
core   0: 3 0x00000000800060ac (0x341027f3) x15 0x00000000800050e4
core   0: 0x00000000800060b0 (0x34202773) csrrs   a4, mcause, zero
core   0: 3 0x00000000800060b0 (0x34202773) x14 0x0000000000000002
core   0: 0x00000000800060b4 (0x142026f3) csrrs   a3, scause, zero
core   0: 3 0x00000000800060b4 (0x142026f3) x13 0x0000000000000000
core   0: 0x00000000800060b8 (0x30402673) csrrs   a2, mie, zero
core   0: 3 0x00000000800060b8 (0x30402673) x12 0x0000000000000a00
core   0: 0x00000000800060bc (0x344025f3) csrrs   a1, mip, zero
core   0: 3 0x00000000800060bc (0x344025f3) x11 0x0000000000000080
core   0: 0x00000000800060c0 (0x343025f3) csrrs   a1, mtval, zero
core   0: 3 0x00000000800060c0 (0x343025f3) x11 0x00000000c032b2f3
core   0: 0x00000000800060c4 (0x14302573) csrrs   a0, stval, zero
core   0: 3 0x00000000800060c4 (0x14302573) x10 0x0000000000000000
core   0: 0x00000000800060c8 (0xb02024f3) csrrs   s1, minstret, zero
core   0: 3 0x00000000800060c8 (0xb02024f3) x9  0x0000000000000dc2
core   0: 0x00000000800060cc (0x0000a811) c.j     pc + 20
core   0: 3 0x00000000800060cc (0xa811)
core   0: >>>>  mepc_4
core   0: 0x00000000800060e0 (0x00000791) c.addi  a5, 4
core   0: 3 0x00000000800060e0 (0x0791) x15 0x00000000800050e8
core   0: 0x00000000800060e2 (0x34179073) csrrw   zero, mepc, a5
core   0: 3 0x00000000800060e2 (0x34179073) c833_mepc 0x00000000800050e8
core   0: 0x00000000800060e6 (0x30200073) mret
core   0: 3 0x00000000800060e6 (0x30200073) c768_mstatus 0x8000000a00106080
core   0: 0x00000000800050e8 (0x026c37b3) mulhu   a5, s8, t1
core   0: 1 0x00000000800050e8 (0x026c37b3) x15 0x0000000000000000
core   0: 0x00000000800050ec (0x01230a3b) addw    s4, t1, s2
core   0: 1 0x00000000800050ec (0x01230a3b) x20 0x0000000000000011
core   0: 0x00000000800050f0 (0x4130503b) sraw    zero, zero, s3
core   0: 1 0x00000000800050f0 (0x4130503b)
core   0: 0x00000000800050f4 (0x020a773b) remuw   a4, s4, zero
core   0: 1 0x00000000800050f4 (0x020a773b) x14 0x0000000000000011
core   0: 0x00000000800050f8 (0x0157e5b3) or      a1, a5, s5
core   0: 1 0x00000000800050f8 (0x0157e5b3) x11 0xffffffffffffffff
core   0: 0x00000000800050fc (0x00102473) csrrs   s0, fflags, zero
core   0: 1 0x00000000800050fc (0x00102473) x8  0x0000000000000019
core   0: 0x0000000080005100 (0x106db073) csrrc   zero, scounteren, s11
core   0: 1 0x0000000080005100 (0x106db073) c262_scounteren 0x0000000000000000
core   0: 0x0000000080005104 (0x0074093b) addw    s2, s0, t2
core   0: 1 0x0000000080005104 (0x0074093b) x18 0x0000000000000018
core   0: 0x0000000080005108 (0x0283433b) divw    t1, t1, s0
core   0: 1 0x0000000080005108 (0x0283433b) x6  0x0000000000000000
core   0: 0x000000008000510c (0x026307b3) mul     a5, t1, t1
core   0: 1 0x000000008000510c (0x026307b3) x15 0x0000000000000000
core   0: 0x0000000080005110 (0xca55dab7) lui     s5, 0xca55d
core   0: 1 0x0000000080005110 (0xca55dab7) x21 0xffffffffca55d000
core   0: 0x0000000080005114 (0x00ad1813) slli    a6, s10, 10
core   0: 1 0x0000000080005114 (0x00ad1813) x16 0x0000000000000000
core   0: 0x0000000080005118 (0x00bad5b3) srl     a1, s5, a1
core   0: 1 0x0000000080005118 (0x00bad5b3) x11 0x0000000000000001
core   0: 0x000000008000511c (0x400ad61b) sraiw   a2, s5, 0
core   0: 1 0x000000008000511c (0x400ad61b) x12 0xffffffffca55d000
core   0: 0x0000000080005120 (0x53c268b7) lui     a7, 0x53c26
core   0: 1 0x0000000080005120 (0x53c268b7) x17 0x0000000053c26000
core   0: 0x0000000080005124 (0x03c65e33) divu    t3, a2, t3
core   0: 1 0x0000000080005124 (0x03c65e33) x28 0x00199c29374cf6ad
core   0: 0x0000000080005128 (0x005edd9b) srliw   s11, t4, 5
core   0: 1 0x0000000080005128 (0x005edd9b) x27 0x0000000000000000
core   0: 0x000000008000512c (0x5a0e7ed3) fsqrt.d ft9, ft8
core   0: 1 0x000000008000512c (0x5a0e7ed3) c1_fflags 0x0000000000000019 f29 0x1f5342e881f15cc2
core   0: 0x0000000080005130 (0x0152e4b3) or      s1, t0, s5
core   0: 1 0x0000000080005130 (0x0152e4b3) x9  0xffffffffde77f000
core   0: 0x0000000080005134 (0x2a4d99d3) fmax.d  fs3, fs11, ft4
core   0: 1 0x0000000080005134 (0x2a4d99d3) f19 0x8000000000000002
core   0: 0x0000000080005138 (0x405b84bb) subw    s1, s7, t0
core   0: 1 0x0000000080005138 (0x405b84bb) x9  0x0000000063dc2000
core   0: 0x000000008000513c (0x0302f433) remu    s0, t0, a6
core   0: 1 0x000000008000513c (0x0302f433) x8  0xffffffff9c23e000
core   0: 0x0000000080005140 (0x0190d5b3) srl     a1, ra, s9
core   0: 1 0x0000000080005140 (0x0190d5b3) x11 0x0000000080004014
core   0: 0x0000000080005144 (0x149d0d93) addi    s11, s10, 329
core   0: 1 0x0000000080005144 (0x149d0d93) x27 0x0000000000000149
core   0: 0x0000000080005148 (0xc039f3d3) fcvt.lu.s t2, fs3
core   0: 1 0x0000000080005148 (0xc039f3d3) c1_fflags 0x0000000000000019 x7  0xffffffffffffffff
core   0: 0x000000008000514c (0xc206f1d3) fcvt.w.d gp, fa3
core   0: 1 0x000000008000514c (0xc206f1d3) x3  0x0000000040002550
core   0: 0x0000000080005150 (0xd23bf4d3) fcvt.d.lu fs1, s7
core   0: 1 0x0000000080005150 (0xd23bf4d3) f9  0x0000000000000000
core   0: 0x0000000080005154 (0xc349fbc3) fmadd.d fs7, fs3, fs4, fs8
core   0: 1 0x0000000080005154 (0xc349fbc3) f23 0x41a135cc00000000
core   0: 0x0000000080005158 (0x01619d1b) slliw   s10, gp, 22
core   0: 1 0x0000000080005158 (0x01619d1b) x26 0x0000000054000000
core   0: 0x000000008000515c (0x0294f7d3) fadd.d  fa5, fs1, fs1
core   0: 1 0x000000008000515c (0x0294f7d3) f15 0x0000000000000000
core   0: 0x0000000080005160 (0x00102c73) csrrs   s8, fflags, zero
core   0: 1 0x0000000080005160 (0x00102c73) x24 0x0000000000000019
core   0: 0x0000000080005164 (0x00056c93) ori     s9, a0, 0
core   0: 1 0x0000000080005164 (0x00056c93) x25 0x0000000000000000
core   0: 0x0000000080005168 (0x03dcabb3) mulhsu  s7, s9, t4
core   0: 1 0x0000000080005168 (0x03dcabb3) x23 0x0000000000000000
core   0: 0x000000008000516c (0x634bfcc7) fmsub.d fs9, fs7, fs4, fa2
core   0: 1 0x000000008000516c (0x634bfcc7) f25 0xc3f0000000000000
core   0: 0x0000000080005170 (0xd033ea93) ori     s5, t2, -765
core   0: 1 0x0000000080005170 (0xd033ea93) x21 0xffffffffffffffff
core   0: 0x0000000080005174 (0x037963bb) remw    t2, s2, s7
core   0: 1 0x0000000080005174 (0x037963bb) x7  0x0000000000000018
core   0: 0x0000000080005178 (0x03b38db3) mul     s11, t2, s11
core   0: 1 0x0000000080005178 (0x03b38db3) x27 0x0000000000001ed8
core   0: 0x000000008000517c (0x0aa47453) fsub.d  fs0, fs0, fa0
core   0: 1 0x000000008000517c (0x0aa47453) f8  0x7ff8000000000000
core   0: 0x0000000080005180 (0x41610d3b) subw    s10, sp, s6
core   0: 1 0x0000000080005180 (0x41610d3b) x26 0x00000000200007ff
core   0: 0x0000000080005184 (0xc23471d3) fcvt.lu.d gp, fs0
core   0: 1 0x0000000080005184 (0xc23471d3) c1_fflags 0x0000000000000019 x3  0xffffffffffffffff
core   0: 0x0000000080005188 (0x005c68b3) or      a7, s8, t0
core   0: 1 0x0000000080005188 (0x005c68b3) x17 0xffffffff9c23e019
core   0: 0x000000008000518c (0x0ff0000f) fence   iorw,iorw
core   0: 1 0x000000008000518c (0x0ff0000f)
core   0: 0x0000000080005190 (0x02ee073b) mulw    a4, t3, a4
core   0: 1 0x0000000080005190 (0x02ee073b) x14 0xffffffffac1c617d
core   0: 0x0000000080005194 (0x40e35b9b) sraiw   s7, t1, 14
core   0: 1 0x0000000080005194 (0x40e35b9b) x23 0x0000000000000000
core   0: 0x0000000080005198 (0x746e8313) addi    t1, t4, 1862
core   0: 1 0x0000000080005198 (0x746e8313) x6  0x0000000000000746
core   0: 0x000000008000519c (0x425cd993) srai    s3, s9, 37
core   0: 1 0x000000008000519c (0x425cd993) x19 0x0000000000000000
core   0: 0x00000000800051a0 (0xd21a8ad3) fcvt.d.wu fs5, s5
core   0: 1 0x00000000800051a0 (0xd21a8ad3) f21 0x41efffffffe00000
core   0: 0x00000000800051a4 (0x037a503b) divuw   zero, s4, s7
core   0: 1 0x00000000800051a4 (0x037a503b)
core   0: 0x00000000800051a8 (0x0340663b) remw    a2, zero, s4
core   0: 1 0x00000000800051a8 (0x0340663b) x12 0x0000000000000000
core   0: 0x00000000800051ac (0x01e81e9b) slliw   t4, a6, 30
core   0: 1 0x00000000800051ac (0x01e81e9b) x29 0x0000000000000000
core   0: 0x00000000800051b0 (0x014ae3b3) or      t2, s5, s4
core   0: 1 0x00000000800051b0 (0x014ae3b3) x7  0xffffffffffffffff
core   0: 0x00000000800051b4 (0x228d1bd3) fsgnjn.d fs7, fs10, fs0
core   0: 1 0x00000000800051b4 (0x228d1bd3) f23 0x8000000000000000
core   0: 0x00000000800051b8 (0x0ff0000f) fence   iorw,iorw
core   0: 1 0x00000000800051b8 (0x0ff0000f)
core   0: 0x00000000800051bc (0x00202d73) csrrs   s10, frm, zero
core   0: 1 0x00000000800051bc (0x00202d73) x26 0x0000000000000000
core   0: 0x00000000800051c0 (0x00202573) csrrs   a0, frm, zero
core   0: 1 0x00000000800051c0 (0x00202573) x10 0x0000000000000000
core   0: 0x00000000800051c4 (0xfffb7d93) andi    s11, s6, -1
core   0: 1 0x00000000800051c4 (0xfffb7d93) x27 0xffffffffe0000000
core   0: 0x00000000800051c8 (0x00fdcd33) xor     s10, s11, a5
core   0: 1 0x00000000800051c8 (0x00fdcd33) x26 0xffffffffe0000000
core   0: 0x00000000800051cc (0x0034541b) srliw   s0, s0, 3
core   0: 1 0x00000000800051cc (0x0034541b) x8  0x0000000013847c00
core   0: 0x00000000800051d0 (0x2277a153) fsgnjx.d ft2, fa5, ft7
core   0: 1 0x00000000800051d0 (0x2277a153) f2  0x8000000000000000
core   0: 0x00000000800051d4 (0x0318e7b3) rem     a5, a7, a7
core   0: 1 0x00000000800051d4 (0x0318e7b3) x15 0x0000000000000000
core   0: 0x00000000800051d8 (0xe3cc7047) fmsub.d ft0, fs8, ft8, ft8
core   0: 1 0x00000000800051d8 (0xe3cc7047) f0  0x0068f0f6a11a0000
core   0: 0x00000000800051dc (0x00000001) c.nop
core   0: 1 0x00000000800051dc (0x0001)
core   0: 0x00000000800051de (0x03c209bb) mulw    s3, tp, t3
core   0: 1 0x00000000800051de (0x03c209bb) x19 0x000000002dc00000
core   0: 0x00000000800051e2 (0x00102c73) csrrs   s8, fflags, zero
core   0: 1 0x00000000800051e2 (0x00102c73) x24 0x0000000000000019
core   0: 0x00000000800051e6 (0x220490d3) fsgnjn.d ft1, fs1, ft0
core   0: 1 0x00000000800051e6 (0x220490d3) f1  0x8000000000000000
core   0: 0x00000000800051ea (0x01605833) srl     a6, zero, s6
core   0: 1 0x00000000800051ea (0x01605833) x16 0x0000000000000000
core   0: 0x00000000800051ee (0x76998197) auipc   gp, 0x76998
core   0: 1 0x00000000800051ee (0x76998197) x3  0x00000000f699d1ee
core   0: 0x00000000800051f2 (0x00181d73) csrrw   s10, fflags, a6
core   0: 1 0x00000000800051f2 (0x00181d73) x26 0x0000000000000019 c1_fflags 0x0000000000000000
core   0: 0x00000000800051f6 (0xd223f053) fcvt.d.l ft0, t2
core   0: 1 0x00000000800051f6 (0xd223f053) f0  0xbff0000000000000
core   0: 0x00000000800051fa (0x220a26d3) fsgnjx.d fa3, fs4, ft0
core   0: 1 0x00000000800051fa (0x220a26d3) f13 0x8000000000000000
core   0: 0x00000000800051fe (0x5a01f1d3) fsqrt.d ft3, ft3
core   0: 1 0x00000000800051fe (0x5a01f1d3) f3  0x7ff8000000000000
core   0: 0x0000000080005202 (0xfffae693) ori     a3, s5, -1
core   0: 1 0x0000000080005202 (0xfffae693) x13 0xffffffffffffffff
core   0: 0x0000000080005206 (0x151a851b) addiw   a0, s5, 337
core   0: 1 0x0000000080005206 (0x151a851b) x10 0x0000000000000150
core   0: 0x000000008000520a (0x7ff7049b) addiw   s1, a4, 2047
core   0: 1 0x000000008000520a (0x7ff7049b) x9  0xffffffffac1c697c
core   0: 0x000000008000520e (0x01d4d393) srli    t2, s1, 29
core   0: 1 0x000000008000520e (0x01d4d393) x7  0x00000007fffffffd
core   0: 0x0000000080005212 (0x01217933) and     s2, sp, s2
core   0: 1 0x0000000080005212 (0x01217933) x18 0x0000000000000018
core   0: 0x0000000080005216 (0xc218f4d3) fcvt.wu.d s1, fa7
core   0: 1 0x0000000080005216 (0xc218f4d3) c1_fflags 0x0000000000000010 x9  0xffffffffffffffff
core   0: 0x000000008000521a (0x0173d2bb) srlw    t0, t2, s7
core   0: 1 0x000000008000521a (0x0173d2bb) x5  0xfffffffffffffffd
core   0: 0x000000008000521e (0x3a7dfdcf) fnmadd.d fs11, fs11, ft7, ft7
core   0: 1 0x000000008000521e (0x3a7dfdcf) c1_fflags 0x0000000000000010 f27 0x7ff8000000000000
core   0: 0x0000000080005222 (0xf11fd6f3) csrrwi  a3, mvendorid, 31
core   0: exception trap_illegal_instruction, epc 0x0000000080005222
core   0:           tval 0x00000000f11fd6f3
core   0: >>>>  $xrv64i2p1_m2p0_a2p1_f2p2_d2p2_zicsr2p0_zifencei2p0_zmmul1p0_zba1p0_zbb1p0_zbc1p0_zbs1p0
core   0: 0x0000000080004000 (0x0080006f) j       pc + 0x8
core   0: 3 0x0000000080004000 (0x0080006f)
core   0: >>>>  mmode_exception_handler
core   0: 0x0000000080004008 (0x00002c17) auipc   s8, 0x2
core   0: 3 0x0000000080004008 (0x00002c17) x24 0x0000000080006008
core   0: 0x000000008000400c (0x0a4c0c13) addi    s8, s8, 164
core   0: 3 0x000000008000400c (0x0a4c0c13) x24 0x00000000800060ac
core   0: 0x0000000080004010 (0x000c00e7) jalr    s8
core   0: 3 0x0000000080004010 (0x000c00e7) x1  0x0000000080004014
core   0: >>>>  any_handler
core   0: 0x00000000800060ac (0x341027f3) csrrs   a5, mepc, zero
core   0: 3 0x00000000800060ac (0x341027f3) x15 0x0000000080005222
core   0: 0x00000000800060b0 (0x34202773) csrrs   a4, mcause, zero
core   0: 3 0x00000000800060b0 (0x34202773) x14 0x0000000000000002
core   0: 0x00000000800060b4 (0x142026f3) csrrs   a3, scause, zero
core   0: 3 0x00000000800060b4 (0x142026f3) x13 0x0000000000000000
core   0: 0x00000000800060b8 (0x30402673) csrrs   a2, mie, zero
core   0: 3 0x00000000800060b8 (0x30402673) x12 0x0000000000000a00
core   0: 0x00000000800060bc (0x344025f3) csrrs   a1, mip, zero
core   0: 3 0x00000000800060bc (0x344025f3) x11 0x0000000000000080
core   0: 0x00000000800060c0 (0x343025f3) csrrs   a1, mtval, zero
core   0: 3 0x00000000800060c0 (0x343025f3) x11 0x00000000f11fd6f3
core   0: 0x00000000800060c4 (0x14302573) csrrs   a0, stval, zero
core   0: 3 0x00000000800060c4 (0x14302573) x10 0x0000000000000000
core   0: 0x00000000800060c8 (0xb02024f3) csrrs   s1, minstret, zero
core   0: 3 0x00000000800060c8 (0xb02024f3) x9  0x0000000000000e21
core   0: 0x00000000800060cc (0x0000a811) c.j     pc + 20
core   0: 3 0x00000000800060cc (0xa811)
core   0: >>>>  mepc_4
core   0: 0x00000000800060e0 (0x00000791) c.addi  a5, 4
core   0: 3 0x00000000800060e0 (0x0791) x15 0x0000000080005226
core   0: 0x00000000800060e2 (0x34179073) csrrw   zero, mepc, a5
core   0: 3 0x00000000800060e2 (0x34179073) c833_mepc 0x0000000080005226
core   0: 0x00000000800060e6 (0x30200073) mret
core   0: 3 0x00000000800060e6 (0x30200073) c768_mstatus 0x8000000a00106080
core   0: 0x0000000080005226 (0xd036f5d3) fcvt.s.lu fa1, a3
core   0: 1 0x0000000080005226 (0xd036f5d3) f11 0xffffffff00000000
core   0: 0x000000008000522a (0x21204eb7) lui     t4, 0x21204
core   0: 1 0x000000008000522a (0x21204eb7) x29 0x0000000021204000
core   0: 0x000000008000522e (0x015e80bb) addw    ra, t4, s5
core   0: 1 0x000000008000522e (0x015e80bb) x1  0x0000000021203fff
core   0: 0x0000000080005232 (0xcd474193) xori    gp, a4, -812
core   0: 1 0x0000000080005232 (0xcd474193) x3  0xfffffffffffffcd6
core   0: 0x0000000080005236 (0x00000001) c.nop
core   0: 1 0x0000000080005236 (0x0001)
core   0: 0x0000000080005238 (0x53aea5b7) lui     a1, 0x53aea
core   0: 1 0x0000000080005238 (0x53aea5b7) x11 0x0000000053aea000
core   0: 0x000000008000523c (0x010b1a33) sll     s4, s6, a6
core   0: 1 0x000000008000523c (0x010b1a33) x20 0xffffffffe0000000
core   0: 0x0000000080005240 (0xc02df053) fcvt.l.s zero, fs11
core   0: 1 0x0000000080005240 (0xc02df053) c1_fflags 0x0000000000000010
core   0: 0x0000000080005244 (0x01cb85bb) addw    a1, s7, t3
core   0: 1 0x0000000080005244 (0x01cb85bb) x11 0x00000000374cf6ad
core   0: 0x0000000080005248 (0x00dede93) srli    t4, t4, 13
core   0: 1 0x0000000080005248 (0x00dede93) x29 0x0000000000010902
core   0: 0x000000008000524c (0x02b800b3) mul     ra, a6, a1
core   0: 1 0x000000008000524c (0x02b800b3) x1  0x0000000000000000
core   0: 0x0000000080005250 (0x2be65697) auipc   a3, 0x2be65
core   0: 1 0x0000000080005250 (0x2be65697) x13 0x00000000abe6a250
core   0: 0x0000000080005254 (0x017051b3) srl     gp, zero, s7
core   0: 1 0x0000000080005254 (0x017051b3) x3  0x0000000000000000
core   0: 0x0000000080005258 (0x003bd013) srli    zero, s7, 3
core   0: 1 0x0000000080005258 (0x003bd013)
core   0: 0x000000008000525c (0x55f8c893) xori    a7, a7, 1375
core   0: 1 0x000000008000525c (0x55f8c893) x17 0xffffffff9c23e546
core   0: 0x0000000080005260 (0x01fbd69b) srliw   a3, s7, 31
core   0: 1 0x0000000080005260 (0x01fbd69b) x13 0x0000000000000000
core   0: 0x0000000080005264 (0xf20b8653) fmv.d.x fa2, s7
core   0: 1 0x0000000080005264 (0xf20b8653) f12 0x0000000000000000
core   0: 0x0000000080005268 (0xd20482d3) fcvt.d.w ft5, s1
core   0: 1 0x0000000080005268 (0xd20482d3) f5  0x40ac420000000000
core   0: 0x000000008000526c (0x225a2753) fsgnjx.d fa4, fs4, ft5
core   0: 1 0x000000008000526c (0x225a2753) f14 0x0000000000000000
core   0: 0x0000000080005270 (0x41c8de3b) sraw    t3, a7, t3
core   0: 1 0x0000000080005270 (0x41c8de3b) x28 0xfffffffffffce11f
core   0: 0x0000000080005274 (0x00630bb3) add     s7, t1, t1
core   0: 1 0x0000000080005274 (0x00630bb3) x23 0x0000000000000e8c
core   0: 0x0000000080005278 (0x42070f53) fcvt.d.s ft10, fa4
core   0: 1 0x0000000080005278 (0x42070f53) f30 0x7ff8000000000000
core   0: 0x000000008000527c (0x0181cd33) xor     s10, gp, s8
core   0: 1 0x000000008000527c (0x0181cd33) x26 0x00000000800060ac
core   0: 0x0000000080005280 (0x020bd13b) divuw   sp, s7, zero
core   0: 1 0x0000000080005280 (0x020bd13b) x2  0xffffffffffffffff
core   0: 0x0000000080005284 (0x03409a93) slli    s5, ra, 52
core   0: 1 0x0000000080005284 (0x03409a93) x21 0x0000000000000000
core   0: 0x0000000080005288 (0x22a780d3) fsgnj.d ft1, fa5, fa0
core   0: 1 0x0000000080005288 (0x22a780d3) f1  0x0000000000000000
core   0: 0x000000008000528c (0x1b867c53) fdiv.d  fs8, fa2, fs8
core   0: 1 0x000000008000528c (0x1b867c53) f24 0x0000000000000000
core   0: 0x0000000080005290 (0x02358bbb) mulw    s7, a1, gp
core   0: 1 0x0000000080005290 (0x02358bbb) x23 0x0000000000000000
core   0: 0x0000000080005294 (0x001028f3) csrrs   a7, fflags, zero
core   0: 1 0x0000000080005294 (0x001028f3) x17 0x0000000000000010
core   0: 0x0000000080005298 (0x1a1c7b53) fdiv.d  fs6, fs8, ft1
core   0: 1 0x0000000080005298 (0x1a1c7b53) c1_fflags 0x0000000000000010 f22 0x7ff8000000000000
core   0: 0x000000008000529c (0xc02ff8d3) fcvt.l.s a7, ft11
core   0: 1 0x000000008000529c (0xc02ff8d3) x17 0x0000000080000000
core   0: 0x00000000800052a0 (0xd0237f53) fcvt.s.l ft10, t1
core   0: 1 0x00000000800052a0 (0xd0237f53) f30 0xffffffff44e8c000
core   0: 0x00000000800052a4 (0x10a73073) csrrc   zero, senvcfg, a4
core   0: 1 0x00000000800052a4 (0x10a73073) c266_senvcfg 0x0000000000000000
core   0: 0x00000000800052a8 (0x410783b3) sub     t2, a5, a6
core   0: 1 0x00000000800052a8 (0x410783b3) x7  0x0000000080005226
core   0: 0x00000000800052ac (0x027addbb) divuw   s11, s5, t2
core   0: 1 0x00000000800052ac (0x027addbb) x27 0x0000000000000000
core   0: 0x00000000800052b0 (0x2b20f2c7) fmsub.d ft5, ft1, fs2, ft5
core   0: 1 0x00000000800052b0 (0x2b20f2c7) f5  0x7ff8000000000000
core   0: 0x00000000800052b4 (0xd02af553) fcvt.s.l fa0, s5
core   0: 1 0x00000000800052b4 (0xd02af553) f10 0xffffffff00000000
core   0: 0x00000000800052b8 (0x007d2d33) slt     s10, s10, t2
core   0: 1 0x00000000800052b8 (0x007d2d33) x26 0x0000000000000000
core   0: 0x00000000800052bc (0x2bce03d3) fmin.d  ft7, ft8, ft8
core   0: 1 0x00000000800052bc (0x2bce03d3) f7  0x000000005cc00000
core   0: 0x00000000800052c0 (0x03a96d33) rem     s10, s2, s10
core   0: 1 0x00000000800052c0 (0x03a96d33) x26 0x0000000000000018
core   0: 0x00000000800052c4 (0x03a90bbb) mulw    s7, s2, s10
core   0: 1 0x00000000800052c4 (0x03a90bbb) x23 0x0000000000000240
core   0: 0x00000000800052c8 (0x003241b3) xor     gp, tp, gp
core   0: 1 0x00000000800052c8 (0x003241b3) x3  0x000000005cc00000
core   0: 0x00000000800052cc (0x2b2b9953) fmax.d  fs2, fs7, fs2
core   0: 1 0x00000000800052cc (0x2b2b9953) f18 0x8000000000000000
core   0: 0x00000000800052d0 (0x00b20e33) add     t3, tp, a1
core   0: 1 0x00000000800052d0 (0x00b20e33) x28 0x00000000940cf6ad
core   0: 0x00000000800052d4 (0x001a9d1b) slliw   s10, s5, 1
core   0: 1 0x00000000800052d4 (0x001a9d1b) x26 0x0000000000000000
core   0: 0x00000000800052d8 (0x020d29b3) mulhsu  s3, s10, zero
core   0: 1 0x00000000800052d8 (0x020d29b3) x19 0x0000000000000000
core   0: 0x00000000800052dc (0x01630bb3) add     s7, t1, s6
core   0: 1 0x00000000800052dc (0x01630bb3) x23 0xffffffffe0000746
core   0: 0x00000000800052e0 (0x0000956a) c.add   a0, s10
core   0: 1 0x00000000800052e0 (0x956a) x10 0x0000000000000000
core   0: 0x00000000800052e2 (0x00a98e3b) addw    t3, s3, a0
core   0: 1 0x00000000800052e2 (0x00a98e3b) x28 0x0000000000000000
core   0: 0x00000000800052e6 (0x00000001) c.nop
core   0: 1 0x00000000800052e6 (0x0001)
core   0: 0x00000000800052e8 (0x00001da6) c.slli  s11, 41
core   0: 1 0x00000000800052e8 (0x1da6) x27 0x0000000000000000
core   0: 0x00000000800052ea (0x01b997b3) sll     a5, s3, s11
core   0: 1 0x00000000800052ea (0x01b997b3) x15 0x0000000000000000
core   0: 0x00000000800052ee (0xd02dffd3) fcvt.s.l ft11, s11
core   0: 1 0x00000000800052ee (0xd02dffd3) f31 0xffffffff00000000
core   0: 0x00000000800052f2 (0x0392d33b) divuw   t1, t0, s9
core   0: 1 0x00000000800052f2 (0x0392d33b) x6  0xffffffffffffffff
core   0: 0x00000000800052f6 (0x006797b3) sll     a5, a5, t1
core   0: 1 0x00000000800052f6 (0x006797b3) x15 0x0000000000000000
core   0: 0x00000000800052fa (0x01c7141b) slliw   s0, a4, 28
core   0: 1 0x00000000800052fa (0x01c7141b) x8  0x0000000020000000
core   0: 0x00000000800052fe (0x00149573) csrrw   a0, fflags, s1
core   0: 1 0x00000000800052fe (0x00149573) x10 0x0000000000000010 c1_fflags 0x0000000000000001
core   0: 0x0000000080005302 (0x00911cbb) sllw    s9, sp, s1
core   0: 1 0x0000000080005302 (0x00911cbb) x25 0xfffffffffffffffe
core   0: 0x0000000080005306 (0x2304fe4b) fnmsub.d ft8, fs1, fa6, ft4
core   0: 1 0x0000000080005306 (0x2304fe4b) f28 0x7ff8000000000000
core   0: 0x000000008000530a (0xd23670d3) fcvt.d.lu ft1, a2
core   0: 1 0x000000008000530a (0xd23670d3) f1  0x40a4000000000000
core   0: 0x000000008000530e (0x02ebf8b3) remu    a7, s7, a4
core   0: 1 0x000000008000530e (0x02ebf8b3) x17 0x0000000000000000
core   0: 0x0000000080005312 (0x020b07b3) mul     a5, s6, zero
core   0: 1 0x0000000080005312 (0x020b07b3) x15 0x0000000000000000
core   0: 0x0000000080005316 (0x01de9c3b) sllw    s8, t4, t4
core   0: 1 0x0000000080005316 (0x01de9c3b) x24 0x0000000000042408
core   0: 0x000000008000531a (0x23fa0fd3) fsgnj.d ft11, fs4, ft11
core   0: 1 0x000000008000531a (0x23fa0fd3) f31 0x8000000000000000
core   0: 0x000000008000531e (0x0007d29b) srliw   t0, a5, 0
core   0: 1 0x000000008000531e (0x0007d29b) x5  0x0000000000000000
core   0: 0x0000000080005322 (0x0055053b) addw    a0, a0, t0
core   0: 1 0x0000000080005322 (0x0055053b) x10 0x0000000000000010
core   0: 0x0000000080005326 (0x000d521b) srliw   tp, s10, 0
core   0: 1 0x0000000080005326 (0x000d521b) x4  0x0000000000000000
core   0: 0x000000008000532a (0x015412bb) sllw    t0, s0, s5
core   0: 1 0x000000008000532a (0x015412bb) x5  0x0000000020000000
core   0: 0x000000008000532e (0x40528b33) sub     s6, t0, t0
core   0: 1 0x000000008000532e (0x40528b33) x22 0x0000000000000000
core   0: 0x0000000080005332 (0x0290e433) rem     s0, ra, s1
core   0: 1 0x0000000080005332 (0x0290e433) x8  0x0000000000000000
core   0: 0x0000000080005336 (0x41a40e3b) subw    t3, s0, s10
core   0: 1 0x0000000080005336 (0x41a40e3b) x28 0x0000000000000000
core   0: 0x000000008000533a (0x42b0d693) srai    a3, ra, 43
core   0: 1 0x000000008000533a (0x42b0d693) x13 0x0000000000000000
core   0: 0x000000008000533e (0x001692f3) csrrw   t0, fflags, a3
core   0: 1 0x000000008000533e (0x001692f3) x5  0x0000000000000001 c1_fflags 0x0000000000000000
core   0: 0x0000000080005342 (0x01599bb3) sll     s7, s3, s5
core   0: 1 0x0000000080005342 (0x01599bb3) x23 0x0000000000000000
core   0: 0x0000000080005346 (0x8d266a13) ori     s4, a2, -1838
core   0: 1 0x0000000080005346 (0x8d266a13) x20 0xfffffffffffffad2
core   0: 0x000000008000534a (0xf1105573) csrrwi  a0, mvendorid, 0
core   0: exception trap_illegal_instruction, epc 0x000000008000534a
core   0:           tval 0x00000000f1105573
core   0: >>>>  $xrv64i2p1_m2p0_a2p1_f2p2_d2p2_zicsr2p0_zifencei2p0_zmmul1p0_zba1p0_zbb1p0_zbc1p0_zbs1p0
core   0: 0x0000000080004000 (0x0080006f) j       pc + 0x8
core   0: 3 0x0000000080004000 (0x0080006f)
core   0: >>>>  mmode_exception_handler
core   0: 0x0000000080004008 (0x00002c17) auipc   s8, 0x2
core   0: 3 0x0000000080004008 (0x00002c17) x24 0x0000000080006008
core   0: 0x000000008000400c (0x0a4c0c13) addi    s8, s8, 164
core   0: 3 0x000000008000400c (0x0a4c0c13) x24 0x00000000800060ac
core   0: 0x0000000080004010 (0x000c00e7) jalr    s8
core   0: 3 0x0000000080004010 (0x000c00e7) x1  0x0000000080004014
core   0: >>>>  any_handler
core   0: 0x00000000800060ac (0x341027f3) csrrs   a5, mepc, zero
core   0: 3 0x00000000800060ac (0x341027f3) x15 0x000000008000534a
core   0: 0x00000000800060b0 (0x34202773) csrrs   a4, mcause, zero
core   0: 3 0x00000000800060b0 (0x34202773) x14 0x0000000000000002
core   0: 0x00000000800060b4 (0x142026f3) csrrs   a3, scause, zero
core   0: 3 0x00000000800060b4 (0x142026f3) x13 0x0000000000000000
core   0: 0x00000000800060b8 (0x30402673) csrrs   a2, mie, zero
core   0: 3 0x00000000800060b8 (0x30402673) x12 0x0000000000000a00
core   0: 0x00000000800060bc (0x344025f3) csrrs   a1, mip, zero
core   0: 3 0x00000000800060bc (0x344025f3) x11 0x0000000000000080
core   0: 0x00000000800060c0 (0x343025f3) csrrs   a1, mtval, zero
core   0: 3 0x00000000800060c0 (0x343025f3) x11 0x00000000f1105573
core   0: 0x00000000800060c4 (0x14302573) csrrs   a0, stval, zero
core   0: 3 0x00000000800060c4 (0x14302573) x10 0x0000000000000000
core   0: 0x00000000800060c8 (0xb02024f3) csrrs   s1, minstret, zero
core   0: 3 0x00000000800060c8 (0xb02024f3) x9  0x0000000000000e7c
core   0: 0x00000000800060cc (0x0000a811) c.j     pc + 20
core   0: 3 0x00000000800060cc (0xa811)
core   0: >>>>  mepc_4
core   0: 0x00000000800060e0 (0x00000791) c.addi  a5, 4
core   0: 3 0x00000000800060e0 (0x0791) x15 0x000000008000534e
core   0: 0x00000000800060e2 (0x34179073) csrrw   zero, mepc, a5
core   0: 3 0x00000000800060e2 (0x34179073) c833_mepc 0x000000008000534e
core   0: 0x00000000800060e6 (0x30200073) mret
core   0: 3 0x00000000800060e6 (0x30200073) c768_mstatus 0x8000000a00106080
core   0: 0x000000008000534e (0x22161153) fsgnjn.d ft2, fa2, ft1
core   0: 1 0x000000008000534e (0x22161153) f2  0x8000000000000000
core   0: 0x0000000080005352 (0x2b4a00d3) fmin.d  ft1, fs4, fs4
core   0: 1 0x0000000080005352 (0x2b4a00d3) f1  0x0000000000000000
core   0: 0x0000000080005356 (0x002611f3) csrrw   gp, frm, a2
core   0: 1 0x0000000080005356 (0x002611f3) x3  0x0000000000000000 c2_frm 0x0000000000000000
core   0: 0x000000008000535a (0x0007961b) slliw   a2, a5, 0
core   0: 1 0x000000008000535a (0x0007961b) x12 0xffffffff8000534e
core   0: 0x000000008000535e (0x0b1178cb) fnmsub.d fa7, ft2, fa7, ft1
core   0: 1 0x000000008000535e (0x0b1178cb) f17 0x7ff8000000000000
core   0: 0x0000000080005362 (0x7b83f7cb) fnmsub.d fa5, ft7, fs8, fa5
core   0: 1 0x0000000080005362 (0x7b83f7cb) f15 0x0000000000000000
core   0: 0x0000000080005366 (0xc2257a53) fcvt.l.d s4, fa0
core   0: 1 0x0000000080005366 (0xc2257a53) c1_fflags 0x0000000000000010 x20 0x7fffffffffffffff
core   0: 0x000000008000536a (0x02fe4ebb) divw    t4, t3, a5
core   0: 1 0x000000008000536a (0x02fe4ebb) x29 0x0000000000000000
core   0: 0x000000008000536e (0x0040d733) srl     a4, ra, tp
core   0: 1 0x000000008000536e (0x0040d733) x14 0x0000000080004014
core   0: 0x0000000080005372 (0x01b8a4b7) lui     s1, 0x1b8a
core   0: 1 0x0000000080005372 (0x01b8a4b7) x9  0x0000000001b8a000
core   0: 0x0000000080005376 (0x8214849b) addiw   s1, s1, -2015
core   0: 1 0x0000000080005376 (0x8214849b) x9  0x0000000001b89821
core   0: 0x000000008000537a (0x000004b2) c.slli  s1, 12
core   0: 1 0x000000008000537a (0x04b2) x9  0x0000001b89821000
core   0: 0x000000008000537c (0xd6248493) addi    s1, s1, -670
core   0: 1 0x000000008000537c (0xd6248493) x9  0x0000001b89820d62
core   0: 0x0000000080005380 (0x034222b3) mulhsu  t0, tp, s4
core   0: 1 0x0000000080005380 (0x034222b3) x5  0x0000000000000000
core   0: 0x0000000080005384 (0x0000813a) c.mv    sp, a4
core   0: 1 0x0000000080005384 (0x813a) x2  0x0000000080004014
core   0: 0x0000000080005386 (0xfff4e313) ori     t1, s1, -1
core   0: 1 0x0000000080005386 (0xfff4e313) x6  0xffffffffffffffff
core   0: 0x000000008000538a (0x5e828b9b) addiw   s7, t0, 1512
core   0: 1 0x000000008000538a (0x5e828b9b) x23 0x00000000000005e8
core   0: 0x000000008000538e (0xd0377753) fcvt.s.lu fa4, a4
core   0: 1 0x000000008000538e (0xd0377753) c1_fflags 0x0000000000000011 f14 0xffffffff4f000040
core   0: 0x0000000080005392 (0x02f07847) fmsub.d fa6, ft0, fa5, ft0
core   0: 1 0x0000000080005392 (0x02f07847) f16 0x3ff0000000000000
core   0: 0x0000000080005396 (0x01234cb3) xor     s9, t1, s2
core   0: 1 0x0000000080005396 (0x01234cb3) x25 0xffffffffffffffe7
core   0: 0x000000008000539a (0x4008d093) srai    ra, a7, 0
core   0: 1 0x000000008000539a (0x4008d093) x1  0x0000000000000000
core   0: 0x000000008000539e (0xed790b1b) addiw   s6, s2, -297
core   0: 1 0x000000008000539e (0xed790b1b) x22 0xfffffffffffffeef
core   0: 0x00000000800053a2 (0xa2000353) fle.d   t1, ft0, ft0
core   0: 1 0x00000000800053a2 (0xa2000353) x6  0x0000000000000001
core   0: 0x00000000800053a6 (0x40345513) srai    a0, s0, 3
core   0: 1 0x00000000800053a6 (0x40345513) x10 0x0000000000000000
core   0: 0x00000000800053aa (0x00d3109b) slliw   ra, t1, 13
core   0: 1 0x00000000800053aa (0x00d3109b) x1  0x0000000000002000
core   0: 0x00000000800053ae (0x4167de33) sra     t3, a5, s6
core   0: 1 0x00000000800053ae (0x4167de33) x28 0x0000000000000000
core   0: 0x00000000800053b2 (0x303d2473) csrrs   s0, mideleg, s10
core   0: exception trap_illegal_instruction, epc 0x00000000800053b2
core   0:           tval 0x00000000303d2473
core   0: >>>>  $xrv64i2p1_m2p0_a2p1_f2p2_d2p2_zicsr2p0_zifencei2p0_zmmul1p0_zba1p0_zbb1p0_zbc1p0_zbs1p0
core   0: 0x0000000080004000 (0x0080006f) j       pc + 0x8
core   0: 3 0x0000000080004000 (0x0080006f)
core   0: >>>>  mmode_exception_handler
core   0: 0x0000000080004008 (0x00002c17) auipc   s8, 0x2
core   0: 3 0x0000000080004008 (0x00002c17) x24 0x0000000080006008
core   0: 0x000000008000400c (0x0a4c0c13) addi    s8, s8, 164
core   0: 3 0x000000008000400c (0x0a4c0c13) x24 0x00000000800060ac
core   0: 0x0000000080004010 (0x000c00e7) jalr    s8
core   0: 3 0x0000000080004010 (0x000c00e7) x1  0x0000000080004014
core   0: >>>>  any_handler
core   0: 0x00000000800060ac (0x341027f3) csrrs   a5, mepc, zero
core   0: 3 0x00000000800060ac (0x341027f3) x15 0x00000000800053b2
core   0: 0x00000000800060b0 (0x34202773) csrrs   a4, mcause, zero
core   0: 3 0x00000000800060b0 (0x34202773) x14 0x0000000000000002
core   0: 0x00000000800060b4 (0x142026f3) csrrs   a3, scause, zero
core   0: 3 0x00000000800060b4 (0x142026f3) x13 0x0000000000000000
core   0: 0x00000000800060b8 (0x30402673) csrrs   a2, mie, zero
core   0: 3 0x00000000800060b8 (0x30402673) x12 0x0000000000000a00
core   0: 0x00000000800060bc (0x344025f3) csrrs   a1, mip, zero
core   0: 3 0x00000000800060bc (0x344025f3) x11 0x0000000000000080
core   0: 0x00000000800060c0 (0x343025f3) csrrs   a1, mtval, zero
core   0: 3 0x00000000800060c0 (0x343025f3) x11 0x00000000303d2473
core   0: 0x00000000800060c4 (0x14302573) csrrs   a0, stval, zero
core   0: 3 0x00000000800060c4 (0x14302573) x10 0x0000000000000000
core   0: 0x00000000800060c8 (0xb02024f3) csrrs   s1, minstret, zero
core   0: 3 0x00000000800060c8 (0xb02024f3) x9  0x0000000000000ea6
core   0: 0x00000000800060cc (0x0000a811) c.j     pc + 20
core   0: 3 0x00000000800060cc (0xa811)
core   0: >>>>  mepc_4
core   0: 0x00000000800060e0 (0x00000791) c.addi  a5, 4
core   0: 3 0x00000000800060e0 (0x0791) x15 0x00000000800053b6
core   0: 0x00000000800060e2 (0x34179073) csrrw   zero, mepc, a5
core   0: 3 0x00000000800060e2 (0x34179073) c833_mepc 0x00000000800053b6
core   0: 0x00000000800060e6 (0x30200073) mret
core   0: 3 0x00000000800060e6 (0x30200073) c768_mstatus 0x8000000a00106080
core   0: 0x00000000800053b6 (0x03f89c13) slli    s8, a7, 63
core   0: 1 0x00000000800053b6 (0x03f89c13) x24 0x0000000000000000
core   0: 0x00000000800053ba (0x0188aab3) slt     s5, a7, s8
core   0: 1 0x00000000800053ba (0x0188aab3) x21 0x0000000000000000
core   0: 0x00000000800053be (0x1b1875d3) fdiv.d  fa1, fa6, fa7
core   0: 1 0x00000000800053be (0x1b1875d3) f11 0x7ff8000000000000
core   0: 0x00000000800053c2 (0xfc9d4237) lui     tp, 0xfc9d4
core   0: 1 0x00000000800053c2 (0xfc9d4237) x4  0xfffffffffc9d4000
core   0: 0x00000000800053c6 (0xeb52021b) addiw   tp, tp, -331
core   0: 1 0x00000000800053c6 (0xeb52021b) x4  0xfffffffffc9d3eb5
core   0: 0x00000000800053ca (0x00000232) c.slli  tp, 12
core   0: 1 0x00000000800053ca (0x0232) x4  0xffffffc9d3eb5000
core   0: 0x00000000800053cc (0x88520213) addi    tp, tp, -1915
core   0: 1 0x00000000800053cc (0x88520213) x4  0xffffffc9d3eb4885
core   0: 0x00000000800053d0 (0x008e62b3) or      t0, t3, s0
core   0: 1 0x00000000800053d0 (0x008e62b3) x5  0x0000000000000000
core   0: 0x00000000800053d4 (0x016b5a3b) srlw    s4, s6, s6
core   0: 1 0x00000000800053d4 (0x016b5a3b) x20 0x000000000001ffff
core   0: 0x00000000800053d8 (0xd2070ed3) fcvt.d.w ft9, a4
core   0: 1 0x00000000800053d8 (0xd2070ed3) f29 0x4000000000000000
core   0: 0x00000000800053dc (0x1b26f6d3) fdiv.d  fa3, fa3, fs2
core   0: 1 0x00000000800053dc (0x1b26f6d3) c1_fflags 0x0000000000000011 f13 0x7ff8000000000000
core   0: 0x00000000800053e0 (0x40065b93) srai    s7, a2, 0
core   0: 1 0x00000000800053e0 (0x40065b93) x23 0x0000000000000a00
core   0: 0x00000000800053e4 (0xd03df0d3) fcvt.s.lu ft1, s11
core   0: 1 0x00000000800053e4 (0xd03df0d3) f1  0xffffffff00000000
core   0: 0x00000000800053e8 (0x2b34f543) fmadd.d fa0, fs1, fs3, ft5
core   0: 1 0x00000000800053e8 (0x2b34f543) f10 0x7ff8000000000000
core   0: 0x00000000800053ec (0x2ba7fdc7) fmsub.d fs11, fa5, fs10, ft5
core   0: 1 0x00000000800053ec (0x2ba7fdc7) f27 0x7ff8000000000000
core   0: 0x00000000800053f0 (0x01fbde1b) srliw   t3, s7, 31
core   0: 1 0x00000000800053f0 (0x01fbde1b) x28 0x0000000000000000
core   0: 0x00000000800053f4 (0x00f0923b) sllw    tp, ra, a5
core   0: 1 0x00000000800053f4 (0x00f0923b) x4  0x0000000005000000
core   0: 0x00000000800053f8 (0x41edde13) srai    t3, s11, 30
core   0: 1 0x00000000800053f8 (0x41edde13) x28 0x0000000000000000
core   0: 0x00000000800053fc (0x02b59db3) mulh    s11, a1, a1
core   0: 1 0x00000000800053fc (0x02b59db3) x27 0x0000000000000000
core   0: 0x0000000080005400 (0x02cdc733) div     a4, s11, a2
core   0: 1 0x0000000080005400 (0x02cdc733) x14 0x0000000000000000
core   0: 0x0000000080005404 (0x00000c86) c.slli  s9, 1
core   0: 1 0x0000000080005404 (0x0c86) x25 0xffffffffffffffce
core   0: 0x0000000080005406 (0xc239fc53) fcvt.lu.d s8, fs3
core   0: 1 0x0000000080005406 (0xc239fc53) c1_fflags 0x0000000000000011 x24 0x0000000000000000
core   0: 0x000000008000540a (0xc212fed3) fcvt.wu.d t4, ft5
core   0: 1 0x000000008000540a (0xc212fed3) c1_fflags 0x0000000000000011 x29 0xffffffffffffffff
core   0: 0x000000008000540e (0xfd494eb7) lui     t4, 0xfd494
core   0: 1 0x000000008000540e (0xfd494eb7) x29 0xfffffffffd494000
core   0: 0x0000000080005412 (0x00003edd) c.addiw t4, -9
core   0: 1 0x0000000080005412 (0x3edd) x29 0xfffffffffd493ff7
core   0: 0x0000000080005414 (0x00000eb6) c.slli  t4, 13
core   0: 1 0x0000000080005414 (0x0eb6) x29 0xffffffa927fee000
core   0: 0x0000000080005416 (0x78ce8e93) addi    t4, t4, 1932
core   0: 1 0x0000000080005416 (0x78ce8e93) x29 0xffffffa927fee78c
core   0: 0x000000008000541a (0x414b5433) sra     s0, s6, s4
core   0: 1 0x000000008000541a (0x414b5433) x8  0xffffffffffffffff
core   0: 0x000000008000541e (0x0ff0000f) fence   iorw,iorw
core   0: 1 0x000000008000541e (0x0ff0000f)
core   0: 0x0000000080005422 (0x106a3073) csrrc   zero, scounteren, s4
core   0: 1 0x0000000080005422 (0x106a3073) c262_scounteren 0x0000000000000000
core   0: 0x0000000080005426 (0x0046181b) slliw   a6, a2, 4
core   0: 1 0x0000000080005426 (0x0046181b) x16 0x000000000000a000
core   0: 0x000000008000542a (0xffbe2637) lui     a2, 0xffbe2
core   0: 1 0x000000008000542a (0xffbe2637) x12 0xffffffffffbe2000
core   0: 0x000000008000542e (0xca96061b) addiw   a2, a2, -855
core   0: 1 0x000000008000542e (0xca96061b) x12 0xffffffffffbe1ca9
core   0: 0x0000000080005432 (0x00000632) c.slli  a2, 12
core   0: 1 0x0000000080005432 (0x0632) x12 0xfffffffbe1ca9000
core   0: 0x0000000080005434 (0x7c760613) addi    a2, a2, 1991
core   0: 1 0x0000000080005434 (0x7c760613) x12 0xfffffffbe1ca97c7
core   0: 0x0000000080005438 (0x73b6764b) fnmsub.d fa2, fa2, fs11, fa4
core   0: 1 0x0000000080005438 (0x73b6764b) f12 0x7ff8000000000000
core   0: 0x000000008000543c (0x2a5703d3) fmin.d  ft7, fa4, ft5
core   0: 1 0x000000008000543c (0x2a5703d3) f7  0x7ff8000000000000
core   0: 0x0000000080005440 (0xd026f7d3) fcvt.s.l fa5, a3
core   0: 1 0x0000000080005440 (0xd026f7d3) f15 0xffffffff00000000
core   0: 0x0000000080005444 (0x00832c33) slt     s8, t1, s0
core   0: 1 0x0000000080005444 (0x00832c33) x24 0x0000000000000000
core   0: 0x0000000080005448 (0x413889bb) subw    s3, a7, s3
core   0: 1 0x0000000080005448 (0x413889bb) x19 0x0000000000000000
core   0: 0x000000008000544c (0x00c3979b) slliw   a5, t2, 12
core   0: 1 0x000000008000544c (0x00c3979b) x15 0x0000000005226000
core   0: 0x0000000080005450 (0x416b59b3) sra     s3, s6, s6
core   0: 1 0x0000000080005450 (0x416b59b3) x19 0xffffffffffffffff
core   0: 0x0000000080005454 (0x0252e0bb) remw    ra, t0, t0
core   0: 1 0x0000000080005454 (0x0252e0bb) x1  0x0000000000000000
core   0: 0x0000000080005458 (0x02b94933) div     s2, s2, a1
core   0: 1 0x0000000080005458 (0x02b94933) x18 0x0000000000000000
core   0: 0x000000008000545c (0x1afaf3d3) fdiv.d  ft7, fs5, fa5
core   0: 1 0x000000008000545c (0x1afaf3d3) f7  0x7ff8000000000000
core   0: 0x0000000080005460 (0xc027fbd3) fcvt.l.s s7, fa5
core   0: 1 0x0000000080005460 (0xc027fbd3) x23 0x0000000000000000
core   0: 0x0000000080005464 (0x5a01f653) fsqrt.d fa2, ft3
core   0: 1 0x0000000080005464 (0x5a01f653) f12 0x7ff8000000000000
core   0: 0x0000000080005468 (0x1be5f4d3) fdiv.d  fs1, fa1, ft10
core   0: 1 0x0000000080005468 (0x1be5f4d3) f9  0x7ff8000000000000
core   0: 0x000000008000546c (0xc024f653) fcvt.l.s a2, fs1
core   0: 1 0x000000008000546c (0xc024f653) c1_fflags 0x0000000000000011 x12 0x7fffffffffffffff
core   0: 0x0000000080005470 (0x00000001) c.nop
core   0: 1 0x0000000080005470 (0x0001)
core   0: 0x0000000080005472 (0x011d03b3) add     t2, s10, a7
core   0: 1 0x0000000080005472 (0x011d03b3) x7  0x0000000000000000
core   0: 0x0000000080005476 (0x02259913) slli    s2, a1, 34
core   0: 1 0x0000000080005476 (0x02259913) x18 0xc0f491cc00000000
core   0: 0x000000008000547a (0x41838c33) sub     s8, t2, s8
core   0: 1 0x000000008000547a (0x41838c33) x24 0x0000000000000000
core   0: 0x000000008000547e (0x001c1473) csrrw   s0, fflags, s8
core   0: 1 0x000000008000547e (0x001c1473) x8  0x0000000000000011 c1_fflags 0x0000000000000000
core   0: 0x0000000080005482 (0xc034f353) fcvt.lu.s t1, fs1
core   0: 1 0x0000000080005482 (0xc034f353) c1_fflags 0x0000000000000010 x6  0xffffffffffffffff
core   0: 0x0000000080005486 (0xd21080d3) fcvt.d.wu ft1, ra
core   0: 1 0x0000000080005486 (0xd21080d3) f1  0x0000000000000000
core   0: 0x000000008000548a (0x001a8d93) addi    s11, s5, 1
core   0: 1 0x000000008000548a (0x001a8d93) x27 0x0000000000000001
core   0: 0x000000008000548e (0x4be47dc3) fmadd.d fs11, fs0, ft10, fs1
core   0: 1 0x000000008000548e (0x4be47dc3) f27 0x7ff8000000000000
core   0: 0x0000000080005492 (0x028ad93b) divuw   s2, s5, s0
core   0: 1 0x0000000080005492 (0x028ad93b) x18 0x0000000000000000
core   0: 0x0000000080005496 (0x40095893) srai    a7, s2, 0
core   0: 1 0x0000000080005496 (0x40095893) x17 0x0000000000000000
core   0: 0x000000008000549a (0x80026113) ori     sp, tp, -2048
core   0: 1 0x000000008000549a (0x80026113) x2  0xfffffffffffff800
core   0: 0x000000008000549e (0x015c5c3b) srlw    s8, s8, s5
core   0: 1 0x000000008000549e (0x015c5c3b) x24 0x0000000000000000
core   0: 0x00000000800054a2 (0x02691713) slli    a4, s2, 38
core   0: 1 0x00000000800054a2 (0x02691713) x14 0x0000000000000000
core   0: 0x00000000800054a6 (0x42c4d513) srai    a0, s1, 44
core   0: 1 0x00000000800054a6 (0x42c4d513) x10 0x0000000000000000
core   0: 0x00000000800054aa (0x401efed3) fcvt.s.d ft9, ft9
core   0: 1 0x00000000800054aa (0x401efed3) f29 0xffffffff40000000
core   0: 0x00000000800054ae (0xf2070353) fmv.d.x ft6, a4
core   0: 1 0x00000000800054ae (0xf2070353) f6  0x0000000000000000
core   0: 0x00000000800054b2 (0xd2198cd3) fcvt.d.wu fs9, s3
core   0: 1 0x00000000800054b2 (0xd2198cd3) f25 0x41efffffffe00000
core   0: 0x00000000800054b6 (0x00102e73) csrrs   t3, fflags, zero
core   0: 1 0x00000000800054b6 (0x00102e73) x28 0x0000000000000010
core   0: 0x00000000800054ba (0x02b24abb) divw    s5, tp, a1
core   0: 1 0x00000000800054ba (0x02b24abb) x21 0x0000000000000000
core   0: 0x00000000800054be (0x43fd5b13) srai    s6, s10, 63
core   0: 1 0x00000000800054be (0x43fd5b13) x22 0x0000000000000000
core   0: 0x00000000800054c2 (0x016b4633) xor     a2, s6, s6
core   0: 1 0x00000000800054c2 (0x016b4633) x12 0x0000000000000000
core   0: 0x00000000800054c6 (0xd038f8d3) fcvt.s.lu fa7, a7
core   0: 1 0x00000000800054c6 (0xd038f8d3) f17 0xffffffff00000000
core   0: 0x00000000800054ca (0x00000001) c.nop
core   0: 1 0x00000000800054ca (0x0001)
core   0: 0x00000000800054cc (0x03952db3) mulhsu  s11, a0, s9
core   0: 1 0x00000000800054cc (0x03952db3) x27 0x0000000000000000
core   0: 0x00000000800054d0 (0xebd476cb) fnmsub.d fa3, fs0, ft9, ft9
core   0: 1 0x00000000800054d0 (0xebd476cb) f13 0x7ff8000000000000
core   0: 0x00000000800054d4 (0x0000187e) c.slli  a6, 63
core   0: 1 0x00000000800054d4 (0x187e) x16 0x0000000000000000
core   0: 0x00000000800054d6 (0x2b9403d3) fmin.d  ft7, fs0, fs9
core   0: 1 0x00000000800054d6 (0x2b9403d3) f7  0x41efffffffe00000
core   0: 0x00000000800054da (0x12a9f553) fmul.d  fa0, fs3, fa0
core   0: 1 0x00000000800054da (0x12a9f553) f10 0x7ff8000000000000
core   0: 0x00000000800054de (0x93407ec3) fmadd.d ft9, ft0, fs4, fs2
core   0: 1 0x00000000800054de (0x93407ec3) f29 0x8000000000000000
core   0: 0x00000000800054e2 (0x01297db3) and     s11, s2, s2
core   0: 1 0x00000000800054e2 (0x01297db3) x27 0x0000000000000000
core   0: 0x00000000800054e6 (0xfa18a037) lui     zero, 0xfa18a
core   0: 1 0x00000000800054e6 (0xfa18a037)
core   0: 0x00000000800054ea (0x86b0001b) addiw   zero, zero, -1941
core   0: 1 0x00000000800054ea (0x86b0001b)
core   0: 0x00000000800054ee (0x00c01013) slli    zero, zero, 12
core   0: 1 0x00000000800054ee (0x00c01013)
core   0: 0x00000000800054f2 (0xf0a00013) li      zero, -246
core   0: 1 0x00000000800054f2 (0xf0a00013)
core   0: 0x00000000800054f6 (0x6c766837) lui     a6, 0x6c766
core   0: 1 0x00000000800054f6 (0x6c766837) x16 0x000000006c766000
core   0: 0x00000000800054fa (0x022c6c33) rem     s8, s8, sp
core   0: 1 0x00000000800054fa (0x022c6c33) x24 0x0000000000000000
core   0: 0x00000000800054fe (0x02eef953) fadd.d  fs2, ft9, fa4
core   0: 1 0x00000000800054fe (0x02eef953) f18 0x7ff8000000000000
core   0: 0x0000000080005502 (0xc205fd53) fcvt.w.d s10, fa1
core   0: 1 0x0000000080005502 (0xc205fd53) c1_fflags 0x0000000000000010 x26 0x000000007fffffff
core   0: 0x0000000080005506 (0x03049293) slli    t0, s1, 48
core   0: 1 0x0000000080005506 (0x03049293) x5  0x0ea6000000000000
core   0: 0x000000008000550a (0x01a5ac33) slt     s8, a1, s10
core   0: 1 0x000000008000550a (0x01a5ac33) x24 0x0000000000000001
core   0: 0x000000008000550e (0xc0347053) fcvt.lu.s zero, fs0
core   0: 1 0x000000008000550e (0xc0347053) c1_fflags 0x0000000000000010
core   0: 0x0000000080005512 (0xf8d60ab7) lui     s5, 0xf8d60
core   0: 1 0x0000000080005512 (0xf8d60ab7) x21 0xfffffffff8d60000
core   0: 0x0000000080005516 (0x79da8a9b) addiw   s5, s5, 1949
core   0: 1 0x0000000080005516 (0x79da8a9b) x21 0xfffffffff8d6079d
core   0: 0x000000008000551a (0x00000ab2) c.slli  s5, 12
core   0: 1 0x000000008000551a (0x0ab2) x21 0xffffff8d6079d000
core   0: 0x000000008000551c (0x793a8a93) addi    s5, s5, 1939
core   0: 1 0x000000008000551c (0x793a8a93) x21 0xffffff8d6079d793
core   0: 0x0000000080005520 (0x22e02153) fsgnjx.d ft2, ft0, fa4
core   0: 1 0x0000000080005520 (0x22e02153) f2  0x3ff0000000000000
core   0: 0x0000000080005524 (0x40c6d6b3) sra     a3, a3, a2
core   0: 1 0x0000000080005524 (0x40c6d6b3) x13 0x0000000000000000
core   0: 0x0000000080005528 (0x4006579b) sraiw   a5, a2, 0
core   0: 1 0x0000000080005528 (0x4006579b) x15 0x0000000000000000
core   0: 0x000000008000552c (0x02fac4bb) divw    s1, s5, a5
core   0: 1 0x000000008000552c (0x02fac4bb) x9  0xffffffffffffffff
core   0: 0x0000000080005530 (0x02f57133) remu    sp, a0, a5
core   0: 1 0x0000000080005530 (0x02f57133) x2  0x0000000000000000
core   0: 0x0000000080005534 (0x022150bb) divuw   ra, sp, sp
core   0: 1 0x0000000080005534 (0x022150bb) x1  0xffffffffffffffff
core   0: 0x0000000080005538 (0xa3f173c3) fmadd.d ft7, ft2, ft11, fs4
core   0: 1 0x0000000080005538 (0xa3f173c3) f7  0x0000000000000000
core   0: 0x000000008000553c (0x4d7d6297) auipc   t0, 0x4d7d6
core   0: 1 0x000000008000553c (0x4d7d6297) x5  0x00000000cd7db53c
core   0: 0x0000000080005540 (0xe32b7b4f) fnmadd.d fs6, fs6, fs2, ft8
core   0: 1 0x0000000080005540 (0xe32b7b4f) f22 0x7ff8000000000000
core   0: 0x0000000080005544 (0x1ad3f3d3) fdiv.d  ft7, ft7, fa3
core   0: 1 0x0000000080005544 (0x1ad3f3d3) f7  0x7ff8000000000000
core   0: 0x0000000080005548 (0x03778bbb) mulw    s7, a5, s7
core   0: 1 0x0000000080005548 (0x03778bbb) x23 0x0000000000000000
core   0: 0x000000008000554c (0xb2457b4f) fnmadd.d fs6, fa0, ft4, fs6
core   0: 1 0x000000008000554c (0xb2457b4f) f22 0x7ff8000000000000
core   0: 0x0000000080005550 (0x026d4d33) div     s10, s10, t1
core   0: 1 0x0000000080005550 (0x026d4d33) x26 0xffffffff80000001
core   0: 0x0000000080005554 (0xc2297553) fcvt.l.d a0, fs2
core   0: 1 0x0000000080005554 (0xc2297553) c1_fflags 0x0000000000000010 x10 0x7fffffffffffffff
core   0: 0x0000000080005558 (0x127773d3) fmul.d  ft7, fa4, ft7
core   0: 1 0x0000000080005558 (0x127773d3) f7  0x7ff8000000000000
core   0: 0x000000008000555c (0x03fd5593) srli    a1, s10, 63
core   0: 1 0x000000008000555c (0x03fd5593) x11 0x0000000000000001
core   0: 0x0000000080005560 (0x22632353) fsgnjx.d ft6, ft6, ft6
core   0: 1 0x0000000080005560 (0x22632353) f6  0x0000000000000000
core   0: 0x0000000080005564 (0x0ff0000f) fence   iorw,iorw
core   0: 1 0x0000000080005564 (0x0ff0000f)
core   0: 0x0000000080005568 (0x0ff0000f) fence   iorw,iorw
core   0: 1 0x0000000080005568 (0x0ff0000f)
core   0: 0x000000008000556c (0x23fcacd3) fsgnjx.d fs9, fs9, ft11
core   0: 1 0x000000008000556c (0x23fcacd3) f25 0xc1efffffffe00000
core   0: 0x0000000080005570 (0xc21ff753) fcvt.wu.d a4, ft11
core   0: 1 0x0000000080005570 (0xc21ff753) x14 0x0000000000000000
core   0: 0x0000000080005574 (0x002029f3) csrrs   s3, frm, zero
core   0: 1 0x0000000080005574 (0x002029f3) x19 0x0000000000000000
core   0: 0x0000000080005578 (0x018a5493) srli    s1, s4, 24
core   0: 1 0x0000000080005578 (0x018a5493) x9  0x0000000000000000
core   0: 0x000000008000557c (0x01bbde3b) srlw    t3, s7, s11
core   0: 1 0x000000008000557c (0x01bbde3b) x28 0x0000000000000000
core   0: 0x0000000080005580 (0x02102eb3) mulhsu  t4, zero, ra
core   0: 1 0x0000000080005580 (0x02102eb3) x29 0x0000000000000000
core   0: 0x0000000080005584 (0x00e3973b) sllw    a4, t2, a4
core   0: 1 0x0000000080005584 (0x00e3973b) x14 0x0000000000000000
core   0: 0x0000000080005588 (0x40575413) srai    s0, a4, 5
core   0: 1 0x0000000080005588 (0x40575413) x8  0x0000000000000000
core   0: 0x000000008000558c (0x008080bb) addw    ra, ra, s0
core   0: 1 0x000000008000558c (0x008080bb) x1  0xffffffffffffffff
core   0: 0x0000000080005590 (0x00318733) add     a4, gp, gp
core   0: 1 0x0000000080005590 (0x00318733) x14 0x0000000000000000
core   0: 0x0000000080005594 (0xd38a7c93) andi    s9, s4, -712
core   0: 1 0x0000000080005594 (0xd38a7c93) x25 0x000000000001fd38
core   0: 0x0000000080005598 (0x022ccdbb) divw    s11, s9, sp
core   0: 1 0x0000000080005598 (0x022ccdbb) x27 0xffffffffffffffff
core   0: 0x000000008000559c (0x8006a813) slti    a6, a3, -2048
core   0: 1 0x000000008000559c (0x8006a813) x16 0x0000000000000000
core   0: 0x00000000800055a0 (0x4016da13) srai    s4, a3, 1
core   0: 1 0x00000000800055a0 (0x4016da13) x20 0x0000000000000000
core   0: 0x00000000800055a4 (0x42010ad3) fcvt.d.s fs5, ft2
core   0: 1 0x00000000800055a4 (0x42010ad3) f21 0x7ff8000000000000
core   0: 0x00000000800055a8 (0x0352743b) remuw   s0, tp, s5
core   0: 1 0x00000000800055a8 (0x0352743b) x8  0x0000000005000000
core   0: 0x00000000800055ac (0xae692ab7) lui     s5, 0xae692
core   0: 1 0x00000000800055ac (0xae692ab7) x21 0xffffffffae692000
core   0: 0x00000000800055b0 (0x00ccfc33) and     s8, s9, a2
core   0: 1 0x00000000800055b0 (0x00ccfc33) x24 0x0000000000000000
core   0: 0x00000000800055b4 (0xc2217cd3) fcvt.l.d s9, ft2
core   0: 1 0x00000000800055b4 (0xc2217cd3) x25 0x0000000000000001
core   0: 0x00000000800055b8 (0x016b7a33) and     s4, s6, s6
core   0: 1 0x00000000800055b8 (0x016b7a33) x20 0x0000000000000000
core   0: 0x00000000800055bc (0xc2317bd3) fcvt.lu.d s7, ft2
core   0: 1 0x00000000800055bc (0xc2317bd3) x23 0x0000000000000001
core   0: 0x00000000800055c0 (0x00000001) c.nop
core   0: 1 0x00000000800055c0 (0x0001)
core   0: 0x00000000800055c2 (0x0a6b7e53) fsub.d  ft8, fs6, ft6
core   0: 1 0x00000000800055c2 (0x0a6b7e53) f28 0x7ff8000000000000
core   0: 0x00000000800055c6 (0xc02a7053) fcvt.l.s zero, fs4
core   0: 1 0x00000000800055c6 (0xc02a7053) c1_fflags 0x0000000000000010
core   0: 0x00000000800055ca (0x01cb1dbb) sllw    s11, s6, t3
core   0: 1 0x00000000800055ca (0x01cb1dbb) x27 0x0000000000000000
core   0: 0x00000000800055ce (0x03ce543b) divuw   s0, t3, t3
core   0: 1 0x00000000800055ce (0x03ce543b) x8  0xffffffffffffffff
core   0: 0x00000000800055d2 (0x02bc6bb3) rem     s7, s8, a1
core   0: 1 0x00000000800055d2 (0x02bc6bb3) x23 0x0000000000000000
core   0: 0x00000000800055d6 (0x6bae7b13) andi    s6, t3, 1722
core   0: 1 0x00000000800055d6 (0x6bae7b13) x22 0x0000000000000000
core   0: 0x00000000800055da (0xd3847617) auipc   a2, 0xd3847
core   0: 1 0x00000000800055da (0xd3847617) x12 0x000000005384c5da
core   0: 0x00000000800055de (0xc0237b53) fcvt.l.s s6, ft6
core   0: 1 0x00000000800055de (0xc0237b53) c1_fflags 0x0000000000000010 x22 0x7fffffffffffffff
core   0: 0x00000000800055e2 (0x00fed73b) srlw    a4, t4, a5
core   0: 1 0x00000000800055e2 (0x00fed73b) x14 0x0000000000000000
core   0: 0x00000000800055e6 (0x22001b53) fsgnjn.d fs6, ft0, ft0
core   0: 1 0x00000000800055e6 (0x22001b53) f22 0x3ff0000000000000
core   0: 0x00000000800055ea (0x0000c093) xori    ra, ra, 0
core   0: 1 0x00000000800055ea (0x0000c093) x1  0xffffffffffffffff
core   0: 0x00000000800055ee (0xc2307353) fcvt.lu.d t1, ft0
core   0: 1 0x00000000800055ee (0xc2307353) c1_fflags 0x0000000000000010 x6  0x0000000000000000
core   0: 0x00000000800055f2 (0xc0307a53) fcvt.lu.s s4, ft0
core   0: 1 0x00000000800055f2 (0xc0307a53) c1_fflags 0x0000000000000010 x20 0xffffffffffffffff
core   0: 0x00000000800055f6 (0x01656b33) or      s6, a0, s6
core   0: 1 0x00000000800055f6 (0x01656b33) x22 0x7fffffffffffffff
core   0: 0x00000000800055fa (0x02c657bb) divuw   a5, a2, a2
core   0: 1 0x00000000800055fa (0x02c657bb) x15 0x0000000000000001
core   0: 0x00000000800055fe (0xf1366c73) csrrsi  s8, mimpid, 12
core   0: exception trap_illegal_instruction, epc 0x00000000800055fe
core   0:           tval 0x00000000f1366c73
core   0: >>>>  $xrv64i2p1_m2p0_a2p1_f2p2_d2p2_zicsr2p0_zifencei2p0_zmmul1p0_zba1p0_zbb1p0_zbc1p0_zbs1p0
core   0: 0x0000000080004000 (0x0080006f) j       pc + 0x8
core   0: 3 0x0000000080004000 (0x0080006f)
core   0: >>>>  mmode_exception_handler
core   0: 0x0000000080004008 (0x00002c17) auipc   s8, 0x2
core   0: 3 0x0000000080004008 (0x00002c17) x24 0x0000000080006008
core   0: 0x000000008000400c (0x0a4c0c13) addi    s8, s8, 164
core   0: 3 0x000000008000400c (0x0a4c0c13) x24 0x00000000800060ac
core   0: 0x0000000080004010 (0x000c00e7) jalr    s8
core   0: 3 0x0000000080004010 (0x000c00e7) x1  0x0000000080004014
core   0: >>>>  any_handler
core   0: 0x00000000800060ac (0x341027f3) csrrs   a5, mepc, zero
core   0: 3 0x00000000800060ac (0x341027f3) x15 0x00000000800055fe
core   0: 0x00000000800060b0 (0x34202773) csrrs   a4, mcause, zero
core   0: 3 0x00000000800060b0 (0x34202773) x14 0x0000000000000002
core   0: 0x00000000800060b4 (0x142026f3) csrrs   a3, scause, zero
core   0: 3 0x00000000800060b4 (0x142026f3) x13 0x0000000000000000
core   0: 0x00000000800060b8 (0x30402673) csrrs   a2, mie, zero
core   0: 3 0x00000000800060b8 (0x30402673) x12 0x0000000000000a00
core   0: 0x00000000800060bc (0x344025f3) csrrs   a1, mip, zero
core   0: 3 0x00000000800060bc (0x344025f3) x11 0x0000000000000080
core   0: 0x00000000800060c0 (0x343025f3) csrrs   a1, mtval, zero
core   0: 3 0x00000000800060c0 (0x343025f3) x11 0x00000000f1366c73
core   0: 0x00000000800060c4 (0x14302573) csrrs   a0, stval, zero
core   0: 3 0x00000000800060c4 (0x14302573) x10 0x0000000000000000
core   0: 0x00000000800060c8 (0xb02024f3) csrrs   s1, minstret, zero
core   0: 3 0x00000000800060c8 (0xb02024f3) x9  0x0000000000000f4d
core   0: 0x00000000800060cc (0x0000a811) c.j     pc + 20
core   0: 3 0x00000000800060cc (0xa811)
core   0: >>>>  mepc_4
core   0: 0x00000000800060e0 (0x00000791) c.addi  a5, 4
core   0: 3 0x00000000800060e0 (0x0791) x15 0x0000000080005602
core   0: 0x00000000800060e2 (0x34179073) csrrw   zero, mepc, a5
core   0: 3 0x00000000800060e2 (0x34179073) c833_mepc 0x0000000080005602
core   0: 0x00000000800060e6 (0x30200073) mret
core   0: 3 0x00000000800060e6 (0x30200073) c768_mstatus 0x8000000a00106080
core   0: 0x0000000080005602 (0x00d4a4b3) slt     s1, s1, a3
core   0: 1 0x0000000080005602 (0x00d4a4b3) x9  0x0000000000000000
core   0: 0x0000000080005606 (0x001029f3) csrrs   s3, fflags, zero
core   0: 1 0x0000000080005606 (0x001029f3) x19 0x0000000000000010
core   0: 0x000000008000560a (0x40177dd3) fcvt.s.d fs11, fa4
core   0: 1 0x000000008000560a (0x40177dd3) f27 0xffffffff7fc00000
core   0: 0x000000008000560e (0x747ff773) csrrci  a4, mseccfg, 31
core   0: exception trap_illegal_instruction, epc 0x000000008000560e
core   0:           tval 0x00000000747ff773
core   0: >>>>  $xrv64i2p1_m2p0_a2p1_f2p2_d2p2_zicsr2p0_zifencei2p0_zmmul1p0_zba1p0_zbb1p0_zbc1p0_zbs1p0
core   0: 0x0000000080004000 (0x0080006f) j       pc + 0x8
core   0: 3 0x0000000080004000 (0x0080006f)
core   0: >>>>  mmode_exception_handler
core   0: 0x0000000080004008 (0x00002c17) auipc   s8, 0x2
core   0: 3 0x0000000080004008 (0x00002c17) x24 0x0000000080006008
core   0: 0x000000008000400c (0x0a4c0c13) addi    s8, s8, 164
core   0: 3 0x000000008000400c (0x0a4c0c13) x24 0x00000000800060ac
core   0: 0x0000000080004010 (0x000c00e7) jalr    s8
core   0: 3 0x0000000080004010 (0x000c00e7) x1  0x0000000080004014
core   0: >>>>  any_handler
core   0: 0x00000000800060ac (0x341027f3) csrrs   a5, mepc, zero
core   0: 3 0x00000000800060ac (0x341027f3) x15 0x000000008000560e
core   0: 0x00000000800060b0 (0x34202773) csrrs   a4, mcause, zero
core   0: 3 0x00000000800060b0 (0x34202773) x14 0x0000000000000002
core   0: 0x00000000800060b4 (0x142026f3) csrrs   a3, scause, zero
core   0: 3 0x00000000800060b4 (0x142026f3) x13 0x0000000000000000
core   0: 0x00000000800060b8 (0x30402673) csrrs   a2, mie, zero
core   0: 3 0x00000000800060b8 (0x30402673) x12 0x0000000000000a00
core   0: 0x00000000800060bc (0x344025f3) csrrs   a1, mip, zero
core   0: 3 0x00000000800060bc (0x344025f3) x11 0x0000000000000080
core   0: 0x00000000800060c0 (0x343025f3) csrrs   a1, mtval, zero
core   0: 3 0x00000000800060c0 (0x343025f3) x11 0x00000000747ff773
core   0: 0x00000000800060c4 (0x14302573) csrrs   a0, stval, zero
core   0: 3 0x00000000800060c4 (0x14302573) x10 0x0000000000000000
core   0: 0x00000000800060c8 (0xb02024f3) csrrs   s1, minstret, zero
core   0: 3 0x00000000800060c8 (0xb02024f3) x9  0x0000000000000f60
core   0: 0x00000000800060cc (0x0000a811) c.j     pc + 20
core   0: 3 0x00000000800060cc (0xa811)
core   0: >>>>  mepc_4
core   0: 0x00000000800060e0 (0x00000791) c.addi  a5, 4
core   0: 3 0x00000000800060e0 (0x0791) x15 0x0000000080005612
core   0: 0x00000000800060e2 (0x34179073) csrrw   zero, mepc, a5
core   0: 3 0x00000000800060e2 (0x34179073) c833_mepc 0x0000000080005612
core   0: 0x00000000800060e6 (0x30200073) mret
core   0: 3 0x00000000800060e6 (0x30200073) c768_mstatus 0x8000000a00106080
core   0: 0x0000000080005612 (0x527d7013) andi    zero, s10, 1319
core   0: 1 0x0000000080005612 (0x527d7013)
core   0: 0x0000000080005616 (0x0000c093) xori    ra, ra, 0
core   0: 1 0x0000000080005616 (0x0000c093) x1  0x0000000080004014
core   0: 0x000000008000561a (0x0090e4b3) or      s1, ra, s1
core   0: 1 0x000000008000561a (0x0090e4b3) x9  0x0000000080004f74
core   0: 0x000000008000561e (0xe3bcf5cb) fnmsub.d fa1, fs9, fs11, ft8
core   0: 1 0x000000008000561e (0xe3bcf5cb) f11 0x7ff8000000000000
core   0: 0x0000000080005622 (0x0ff0000f) fence   iorw,iorw
core   0: 1 0x0000000080005622 (0x0ff0000f)
core   0: 0x0000000080005626 (0x009696bb) sllw    a3, a3, s1
core   0: 1 0x0000000080005626 (0x009696bb) x13 0x0000000000000000
core   0: 0x000000008000562a (0x0224a233) mulhsu  tp, s1, sp
core   0: 1 0x000000008000562a (0x0224a233) x4  0x0000000000000000
core   0: 0x000000008000562e (0x00461333) sll     t1, a2, tp
core   0: 1 0x000000008000562e (0x00461333) x6  0x0000000000000a00
core   0: 0x0000000080005632 (0x00c60733) add     a4, a2, a2
core   0: 1 0x0000000080005632 (0x00c60733) x14 0x0000000000001400
core   0: 0x0000000080005636 (0x2b2a9953) fmax.d  fs2, fs5, fs2
core   0: 1 0x0000000080005636 (0x2b2a9953) f18 0x7ff8000000000000
core   0: 0x000000008000563a (0x413c5b9b) sraiw   s7, s8, 19
core   0: 1 0x000000008000563a (0x413c5b9b) x23 0xfffffffffffff000
core   0: 0x000000008000563e (0x9efc6b13) ori     s6, s8, -1553
core   0: 1 0x000000008000563e (0x9efc6b13) x22 0xfffffffffffff9ef
core   0: 0x0000000080005642 (0xc03d7853) fcvt.lu.s a6, fs10
core   0: 1 0x0000000080005642 (0xc03d7853) c1_fflags 0x0000000000000010 x16 0xffffffffffffffff
core   0: 0x0000000080005646 (0x037afcb3) remu    s9, s5, s7
core   0: 1 0x0000000080005646 (0x037afcb3) x25 0xffffffffae692000
core   0: 0x000000008000564a (0x001d1473) csrrw   s0, fflags, s10
core   0: 1 0x000000008000564a (0x001d1473) x8  0x0000000000000010 c1_fflags 0x0000000000000001
core   0: 0x000000008000564e (0x036360b3) rem     ra, t1, s6
core   0: 1 0x000000008000564e (0x036360b3) x1  0x00000000000003ef
core   0: 0x0000000080005652 (0x0193d3bb) srlw    t2, t2, s9
core   0: 1 0x0000000080005652 (0x0193d3bb) x7  0x0000000000000000
core   0: 0x0000000080005656 (0x003c1013) slli    zero, s8, 3
core   0: 1 0x0000000080005656 (0x003c1013)
core   0: 0x000000008000565a (0xc22d75d3) fcvt.l.d a1, fs10
core   0: 1 0x000000008000565a (0xc22d75d3) x11 0x0000000000000000
core   0: 0x000000008000565e (0x0246623b) remw    tp, a2, tp
core   0: 1 0x000000008000565e (0x0246623b) x4  0x0000000000000a00
core   0: 0x0000000080005662 (0x02499433) mulh    s0, s3, tp
core   0: 1 0x0000000080005662 (0x02499433) x8  0x0000000000000000
core   0: 0x0000000080005666 (0x412888bb) subw    a7, a7, s2
core   0: 1 0x0000000080005666 (0x412888bb) x17 0x0000000000000000
core   0: 0x000000008000566a (0x0badf253) fsub.d  ft4, fs11, fs10
core   0: 1 0x000000008000566a (0x0badf253) f4  0x7ff8000000000000
core   0: 0x000000008000566e (0x02b79493) slli    s1, a5, 43
core   0: 1 0x000000008000566e (0x02b79493) x9  0x02b0900000000000
core   0: 0x0000000080005672 (0x037496b3) mulh    a3, s1, s7
core   0: 1 0x0000000080005672 (0x037496b3) x13 0xffffffffffffffd4
core   0: 0x0000000080005676 (0xc0307873) csrrci  a6, hpmcounter3, 0
core   0: exception trap_illegal_instruction, epc 0x0000000080005676
core   0:           tval 0x00000000c0307873
core   0: >>>>  $xrv64i2p1_m2p0_a2p1_f2p2_d2p2_zicsr2p0_zifencei2p0_zmmul1p0_zba1p0_zbb1p0_zbc1p0_zbs1p0
core   0: 0x0000000080004000 (0x0080006f) j       pc + 0x8
core   0: 3 0x0000000080004000 (0x0080006f)
core   0: >>>>  mmode_exception_handler
core   0: 0x0000000080004008 (0x00002c17) auipc   s8, 0x2
core   0: 3 0x0000000080004008 (0x00002c17) x24 0x0000000080006008
core   0: 0x000000008000400c (0x0a4c0c13) addi    s8, s8, 164
core   0: 3 0x000000008000400c (0x0a4c0c13) x24 0x00000000800060ac
core   0: 0x0000000080004010 (0x000c00e7) jalr    s8
core   0: 3 0x0000000080004010 (0x000c00e7) x1  0x0000000080004014
core   0: >>>>  any_handler
core   0: 0x00000000800060ac (0x341027f3) csrrs   a5, mepc, zero
core   0: 3 0x00000000800060ac (0x341027f3) x15 0x0000000080005676
core   0: 0x00000000800060b0 (0x34202773) csrrs   a4, mcause, zero
core   0: 3 0x00000000800060b0 (0x34202773) x14 0x0000000000000002
core   0: 0x00000000800060b4 (0x142026f3) csrrs   a3, scause, zero
core   0: 3 0x00000000800060b4 (0x142026f3) x13 0x0000000000000000
core   0: 0x00000000800060b8 (0x30402673) csrrs   a2, mie, zero
core   0: 3 0x00000000800060b8 (0x30402673) x12 0x0000000000000a00
core   0: 0x00000000800060bc (0x344025f3) csrrs   a1, mip, zero
core   0: 3 0x00000000800060bc (0x344025f3) x11 0x0000000000000080
core   0: 0x00000000800060c0 (0x343025f3) csrrs   a1, mtval, zero
core   0: 3 0x00000000800060c0 (0x343025f3) x11 0x00000000c0307873
core   0: 0x00000000800060c4 (0x14302573) csrrs   a0, stval, zero
core   0: 3 0x00000000800060c4 (0x14302573) x10 0x0000000000000000
core   0: 0x00000000800060c8 (0xb02024f3) csrrs   s1, minstret, zero
core   0: 3 0x00000000800060c8 (0xb02024f3) x9  0x0000000000000f89
core   0: 0x00000000800060cc (0x0000a811) c.j     pc + 20
core   0: 3 0x00000000800060cc (0xa811)
core   0: >>>>  mepc_4
core   0: 0x00000000800060e0 (0x00000791) c.addi  a5, 4
core   0: 3 0x00000000800060e0 (0x0791) x15 0x000000008000567a
core   0: 0x00000000800060e2 (0x34179073) csrrw   zero, mepc, a5
core   0: 3 0x00000000800060e2 (0x34179073) c833_mepc 0x000000008000567a
core   0: 0x00000000800060e6 (0x30200073) mret
core   0: 3 0x00000000800060e6 (0x30200073) c768_mstatus 0x8000000a00106080
core   0: 0x000000008000567a (0x41c808b3) sub     a7, a6, t3
core   0: 1 0x000000008000567a (0x41c808b3) x17 0xffffffffffffffff
core   0: 0x000000008000567e (0x001889bb) addw    s3, a7, ra
core   0: 1 0x000000008000567e (0x001889bb) x19 0xffffffff80004013
core   0: 0x0000000080005682 (0xd022fcd3) fcvt.s.l fs9, t0
core   0: 1 0x0000000080005682 (0xd022fcd3) c1_fflags 0x0000000000000001 f25 0xffffffff4f4d7db5
core   0: 0x0000000080005686 (0xd2110853) fcvt.d.wu fa6, sp
core   0: 1 0x0000000080005686 (0xd2110853) f16 0x0000000000000000
core   0: 0x000000008000568a (0x00188b9b) addiw   s7, a7, 1
core   0: 1 0x000000008000568a (0x00188b9b) x23 0x0000000000000000
core   0: 0x000000008000568e (0x03737ab3) remu    s5, t1, s7
core   0: 1 0x000000008000568e (0x03737ab3) x21 0x0000000000000a00
core   0: 0x0000000080005692 (0x02a8f8b3) remu    a7, a7, a0
core   0: 1 0x0000000080005692 (0x02a8f8b3) x17 0xffffffffffffffff
core   0: 0x0000000080005696 (0xc2227bd3) fcvt.l.d s7, ft4
core   0: 1 0x0000000080005696 (0xc2227bd3) c1_fflags 0x0000000000000011 x23 0x7fffffffffffffff
core   0: 0x000000008000569a (0x023cb6b3) mulhu   a3, s9, gp
core   0: 1 0x000000008000569a (0x023cb6b3) x13 0x0000000000000000
core   0: 0x000000008000569e (0x82edf847) fmsub.d fa6, fs11, fa4, fa6
core   0: 1 0x000000008000569e (0x82edf847) f16 0x7ff8000000000000
core   0: 0x00000000800056a2 (0x03a24cbb) divw    s9, tp, s10
core   0: 1 0x00000000800056a2 (0x03a24cbb) x25 0x0000000000000000
core   0: 0x00000000800056a6 (0xd0327453) fcvt.s.lu fs0, tp
core   0: 1 0x00000000800056a6 (0xd0327453) f8  0xffffffff45200000
core   0: 0x00000000800056aa (0x0242f253) fadd.d  ft4, ft5, ft4
core   0: 1 0x00000000800056aa (0x0242f253) f4  0x7ff8000000000000
core   0: 0x00000000800056ae (0xbefea3b7) lui     t2, 0xbefea
core   0: 1 0x00000000800056ae (0xbefea3b7) x7  0xffffffffbefea000
core   0: 0x00000000800056b2 (0x401ed713) srai    a4, t4, 1
core   0: 1 0x00000000800056b2 (0x401ed713) x14 0x0000000000000000
core   0: 0x00000000800056b6 (0x40e35333) sra     t1, t1, a4
core   0: 1 0x00000000800056b6 (0x40e35333) x6  0x0000000000000a00
core   0: 0x00000000800056ba (0x00d846b3) xor     a3, a6, a3
core   0: 1 0x00000000800056ba (0x00d846b3) x13 0xffffffffffffffff
core   0: 0x00000000800056be (0x0269f9bb) remuw   s3, s3, t1
core   0: 1 0x00000000800056be (0x0269f9bb) x19 0x0000000000000213
core   0: 0x00000000800056c2 (0x420a0fd3) fcvt.d.s ft11, fs4
core   0: 1 0x00000000800056c2 (0x420a0fd3) f31 0x7ff8000000000000
core   0: 0x00000000800056c6 (0x008b9db3) sll     s11, s7, s0
core   0: 1 0x00000000800056c6 (0x008b9db3) x27 0x7fffffffffffffff
core   0: 0x00000000800056ca (0x03b8a3b3) mulhsu  t2, a7, s11
core   0: 1 0x00000000800056ca (0x03b8a3b3) x7  0xffffffffffffffff
core   0: 0x00000000800056ce (0x01f5559b) srliw   a1, a0, 31
core   0: 1 0x00000000800056ce (0x01f5559b) x11 0x0000000000000000
core   0: 0x00000000800056d2 (0xd023f0d3) fcvt.s.l ft1, t2
core   0: 1 0x00000000800056d2 (0xd023f0d3) f1  0xffffffffbf800000
core   0: 0x00000000800056d6 (0x021dccbb) divw    s9, s11, ra
core   0: 1 0x00000000800056d6 (0x021dccbb) x25 0x0000000000000000
core   0: 0x00000000800056da (0xc03bf7d3) fcvt.lu.s a5, fs7
core   0: 1 0x00000000800056da (0xc03bf7d3) c1_fflags 0x0000000000000011 x15 0xffffffffffffffff
core   0: 0x00000000800056de (0xc210f753) fcvt.wu.d a4, ft1
core   0: 1 0x00000000800056de (0xc210f753) c1_fflags 0x0000000000000011 x14 0xffffffffffffffff
core   0: 0x00000000800056e2 (0x001596f3) csrrw   a3, fflags, a1
core   0: 1 0x00000000800056e2 (0x001596f3) x13 0x0000000000000011 c1_fflags 0x0000000000000000
core   0: 0x00000000800056e6 (0x4075d3b3) sra     t2, a1, t2
core   0: 1 0x00000000800056e6 (0x4075d3b3) x7  0x0000000000000000
core   0: 0x00000000800056ea (0x4005da9b) sraiw   s5, a1, 0
core   0: 1 0x00000000800056ea (0x4005da9b) x21 0x0000000000000000
core   0: 0x00000000800056ee (0x406cd733) sra     a4, s9, t1
core   0: 1 0x00000000800056ee (0x406cd733) x14 0x0000000000000000
core   0: 0x00000000800056f2 (0x024c863b) mulw    a2, s9, tp
core   0: 1 0x00000000800056f2 (0x024c863b) x12 0x0000000000000000
core   0: 0x00000000800056f6 (0x02cc96b3) mulh    a3, s9, a2
core   0: 1 0x00000000800056f6 (0x02cc96b3) x13 0x0000000000000000
core   0: 0x00000000800056fa (0xd0367353) fcvt.s.lu ft6, a2
core   0: 1 0x00000000800056fa (0xd0367353) f6  0xffffffff00000000
core   0: 0x00000000800056fe (0x2a609c53) fmax.d  fs8, ft1, ft6
core   0: 1 0x00000000800056fe (0x2a609c53) f24 0x7ff8000000000000
core   0: 0x0000000080005702 (0x419cdc9b) sraiw   s9, s9, 25
core   0: 1 0x0000000080005702 (0x419cdc9b) x25 0x0000000000000000
core   0: 0x0000000080005706 (0x000089d6) c.mv    s3, s5
core   0: 1 0x0000000080005706 (0x89d6) x19 0x0000000000000000
core   0: 0x0000000080005708 (0x004591b3) sll     gp, a1, tp
core   0: 1 0x0000000080005708 (0x004591b3) x3  0x0000000000000000
core   0: 0x000000008000570c (0x004b8333) add     t1, s7, tp
core   0: 1 0x000000008000570c (0x004b8333) x6  0x80000000000009ff
core   0: 0x0000000080005710 (0xd03bfe53) fcvt.s.lu ft8, s7
core   0: 1 0x0000000080005710 (0xd03bfe53) c1_fflags 0x0000000000000001 f28 0xffffffff5f000000
core   0: 0x0000000080005714 (0x00c65033) srl     zero, a2, a2
core   0: 1 0x0000000080005714 (0x00c65033)
core   0: 0x0000000080005718 (0xa3809553) flt.d   a0, ft1, fs8
core   0: 1 0x0000000080005718 (0xa3809553) c1_fflags 0x0000000000000011 x10 0x0000000000000000
core   0: 0x000000008000571c (0xac98071b) addiw   a4, a6, -1335
core   0: 1 0x000000008000571c (0xac98071b) x14 0xfffffffffffffac8
core   0: 0x0000000080005720 (0x00970cb3) add     s9, a4, s1
core   0: 1 0x0000000080005720 (0x00970cb3) x25 0x0000000000000a51
core   0: 0x0000000080005724 (0x006303b3) add     t2, t1, t1
core   0: 1 0x0000000080005724 (0x006303b3) x7  0x00000000000013fe
core   0: 0x0000000080005728 (0x40d40ab3) sub     s5, s0, a3
core   0: 1 0x0000000080005728 (0x40d40ab3) x21 0x0000000000000000
core   0: 0x000000008000572c (0x126cfc53) fmul.d  fs8, fs9, ft6
core   0: 1 0x000000008000572c (0x126cfc53) f24 0x7ff8000000000000
core   0: 0x0000000080005730 (0xb02c5e73) csrrwi  t3, minstret, 24
core   0: exception trap_illegal_instruction, epc 0x0000000080005730
core   0:           tval 0x00000000b02c5e73
core   0: >>>>  $xrv64i2p1_m2p0_a2p1_f2p2_d2p2_zicsr2p0_zifencei2p0_zmmul1p0_zba1p0_zbb1p0_zbc1p0_zbs1p0
core   0: 0x0000000080004000 (0x0080006f) j       pc + 0x8
core   0: 3 0x0000000080004000 (0x0080006f)
core   0: >>>>  mmode_exception_handler
core   0: 0x0000000080004008 (0x00002c17) auipc   s8, 0x2
core   0: 3 0x0000000080004008 (0x00002c17) x24 0x0000000080006008
core   0: 0x000000008000400c (0x0a4c0c13) addi    s8, s8, 164
core   0: 3 0x000000008000400c (0x0a4c0c13) x24 0x00000000800060ac
core   0: 0x0000000080004010 (0x000c00e7) jalr    s8
core   0: 3 0x0000000080004010 (0x000c00e7) x1  0x0000000080004014
core   0: >>>>  any_handler
core   0: 0x00000000800060ac (0x341027f3) csrrs   a5, mepc, zero
core   0: 3 0x00000000800060ac (0x341027f3) x15 0x0000000080005730
core   0: 0x00000000800060b0 (0x34202773) csrrs   a4, mcause, zero
core   0: 3 0x00000000800060b0 (0x34202773) x14 0x0000000000000002
core   0: 0x00000000800060b4 (0x142026f3) csrrs   a3, scause, zero
core   0: 3 0x00000000800060b4 (0x142026f3) x13 0x0000000000000000
core   0: 0x00000000800060b8 (0x30402673) csrrs   a2, mie, zero
core   0: 3 0x00000000800060b8 (0x30402673) x12 0x0000000000000a00
core   0: 0x00000000800060bc (0x344025f3) csrrs   a1, mip, zero
core   0: 3 0x00000000800060bc (0x344025f3) x11 0x0000000000000080
core   0: 0x00000000800060c0 (0x343025f3) csrrs   a1, mtval, zero
core   0: 3 0x00000000800060c0 (0x343025f3) x11 0x00000000b02c5e73
core   0: 0x00000000800060c4 (0x14302573) csrrs   a0, stval, zero
core   0: 3 0x00000000800060c4 (0x14302573) x10 0x0000000000000000
core   0: 0x00000000800060c8 (0xb02024f3) csrrs   s1, minstret, zero
core   0: 3 0x00000000800060c8 (0xb02024f3) x9  0x0000000000000fc7
core   0: 0x00000000800060cc (0x0000a811) c.j     pc + 20
core   0: 3 0x00000000800060cc (0xa811)
core   0: >>>>  mepc_4
core   0: 0x00000000800060e0 (0x00000791) c.addi  a5, 4
core   0: 3 0x00000000800060e0 (0x0791) x15 0x0000000080005734
core   0: 0x00000000800060e2 (0x34179073) csrrw   zero, mepc, a5
core   0: 3 0x00000000800060e2 (0x34179073) c833_mepc 0x0000000080005734
core   0: 0x00000000800060e6 (0x30200073) mret
core   0: 3 0x00000000800060e6 (0x30200073) c768_mstatus 0x8000000a00106080
core   0: 0x0000000080005734 (0xd228fe53) fcvt.d.l ft8, a7
core   0: 1 0x0000000080005734 (0xd228fe53) f28 0xbff0000000000000
core   0: 0x0000000080005738 (0xc024fd53) fcvt.l.s s10, fs1
core   0: 1 0x0000000080005738 (0xc024fd53) c1_fflags 0x0000000000000011 x26 0x7fffffffffffffff
core   0: 0x000000008000573c (0x2bcd1ad3) fmax.d  fs5, fs10, ft8
core   0: 1 0x000000008000573c (0x2bcd1ad3) f21 0x0000000000000000
core   0: 0x0000000080005740 (0x23cd1353) fsgnjn.d ft6, fs10, ft8
core   0: 1 0x0000000080005740 (0x23cd1353) f6  0x0000000000000000
core   0: 0x0000000080005744 (0x00239073) csrrw   zero, frm, t2
core   0: 1 0x0000000080005744 (0x00239073) c2_frm 0x0000000000000006
core   0: 0x0000000080005748 (0x134bf653) fmul.d  fa2, fs7, fs4
core   0: exception trap_illegal_instruction, epc 0x0000000080005748
core   0:           tval 0x00000000134bf653
core   0: >>>>  $xrv64i2p1_m2p0_a2p1_f2p2_d2p2_zicsr2p0_zifencei2p0_zmmul1p0_zba1p0_zbb1p0_zbc1p0_zbs1p0
core   0: 0x0000000080004000 (0x0080006f) j       pc + 0x8
core   0: 3 0x0000000080004000 (0x0080006f)
core   0: >>>>  mmode_exception_handler
core   0: 0x0000000080004008 (0x00002c17) auipc   s8, 0x2
core   0: 3 0x0000000080004008 (0x00002c17) x24 0x0000000080006008
core   0: 0x000000008000400c (0x0a4c0c13) addi    s8, s8, 164
core   0: 3 0x000000008000400c (0x0a4c0c13) x24 0x00000000800060ac
core   0: 0x0000000080004010 (0x000c00e7) jalr    s8
core   0: 3 0x0000000080004010 (0x000c00e7) x1  0x0000000080004014
core   0: >>>>  any_handler
core   0: 0x00000000800060ac (0x341027f3) csrrs   a5, mepc, zero
core   0: 3 0x00000000800060ac (0x341027f3) x15 0x0000000080005748
core   0: 0x00000000800060b0 (0x34202773) csrrs   a4, mcause, zero
core   0: 3 0x00000000800060b0 (0x34202773) x14 0x0000000000000002
core   0: 0x00000000800060b4 (0x142026f3) csrrs   a3, scause, zero
core   0: 3 0x00000000800060b4 (0x142026f3) x13 0x0000000000000000
core   0: 0x00000000800060b8 (0x30402673) csrrs   a2, mie, zero
core   0: 3 0x00000000800060b8 (0x30402673) x12 0x0000000000000a00
core   0: 0x00000000800060bc (0x344025f3) csrrs   a1, mip, zero
core   0: 3 0x00000000800060bc (0x344025f3) x11 0x0000000000000080
core   0: 0x00000000800060c0 (0x343025f3) csrrs   a1, mtval, zero
core   0: 3 0x00000000800060c0 (0x343025f3) x11 0x00000000134bf653
core   0: 0x00000000800060c4 (0x14302573) csrrs   a0, stval, zero
core   0: 3 0x00000000800060c4 (0x14302573) x10 0x0000000000000000
core   0: 0x00000000800060c8 (0xb02024f3) csrrs   s1, minstret, zero
core   0: 3 0x00000000800060c8 (0xb02024f3) x9  0x0000000000000fdc
core   0: 0x00000000800060cc (0x0000a811) c.j     pc + 20
core   0: 3 0x00000000800060cc (0xa811)
core   0: >>>>  mepc_4
core   0: 0x00000000800060e0 (0x00000791) c.addi  a5, 4
core   0: 3 0x00000000800060e0 (0x0791) x15 0x000000008000574c
core   0: 0x00000000800060e2 (0x34179073) csrrw   zero, mepc, a5
core   0: 3 0x00000000800060e2 (0x34179073) c833_mepc 0x000000008000574c
core   0: 0x00000000800060e6 (0x30200073) mret
core   0: 3 0x00000000800060e6 (0x30200073) c768_mstatus 0x8000000a00106080
core   0: 0x000000008000574c (0x41180933) sub     s2, a6, a7
core   0: 1 0x000000008000574c (0x41180933) x18 0x0000000000000000
core   0: 0x0000000080005750 (0x02623233) mulhu   tp, tp, t1
core   0: 1 0x0000000080005750 (0x02623233) x4  0x0000000000000500
core   0: 0x0000000080005754 (0x0ff0000f) fence   iorw,iorw
core   0: 1 0x0000000080005754 (0x0ff0000f)
core   0: 0x0000000080005758 (0x23290c53) fsgnj.d fs8, fs2, fs2
core   0: 1 0x0000000080005758 (0x23290c53) f24 0x7ff8000000000000
core   0: 0x000000008000575c (0x2b700053) fmin.d  ft0, ft0, fs7
core   0: 1 0x000000008000575c (0x2b700053) f0  0xbff0000000000000
core   0: 0x0000000080005760 (0xd2397ad3) fcvt.d.lu fs5, s2
core   0: exception trap_illegal_instruction, epc 0x0000000080005760
core   0:           tval 0x00000000d2397ad3
core   0: >>>>  $xrv64i2p1_m2p0_a2p1_f2p2_d2p2_zicsr2p0_zifencei2p0_zmmul1p0_zba1p0_zbb1p0_zbc1p0_zbs1p0
core   0: 0x0000000080004000 (0x0080006f) j       pc + 0x8
core   0: 3 0x0000000080004000 (0x0080006f)
core   0: >>>>  mmode_exception_handler
core   0: 0x0000000080004008 (0x00002c17) auipc   s8, 0x2
core   0: 3 0x0000000080004008 (0x00002c17) x24 0x0000000080006008
core   0: 0x000000008000400c (0x0a4c0c13) addi    s8, s8, 164
core   0: 3 0x000000008000400c (0x0a4c0c13) x24 0x00000000800060ac
core   0: 0x0000000080004010 (0x000c00e7) jalr    s8
core   0: 3 0x0000000080004010 (0x000c00e7) x1  0x0000000080004014
core   0: >>>>  any_handler
core   0: 0x00000000800060ac (0x341027f3) csrrs   a5, mepc, zero
core   0: 3 0x00000000800060ac (0x341027f3) x15 0x0000000080005760
core   0: 0x00000000800060b0 (0x34202773) csrrs   a4, mcause, zero
core   0: 3 0x00000000800060b0 (0x34202773) x14 0x0000000000000002
core   0: 0x00000000800060b4 (0x142026f3) csrrs   a3, scause, zero
core   0: 3 0x00000000800060b4 (0x142026f3) x13 0x0000000000000000
core   0: 0x00000000800060b8 (0x30402673) csrrs   a2, mie, zero
core   0: 3 0x00000000800060b8 (0x30402673) x12 0x0000000000000a00
core   0: 0x00000000800060bc (0x344025f3) csrrs   a1, mip, zero
core   0: 3 0x00000000800060bc (0x344025f3) x11 0x0000000000000080
core   0: 0x00000000800060c0 (0x343025f3) csrrs   a1, mtval, zero
core   0: 3 0x00000000800060c0 (0x343025f3) x11 0x00000000d2397ad3
core   0: 0x00000000800060c4 (0x14302573) csrrs   a0, stval, zero
core   0: 3 0x00000000800060c4 (0x14302573) x10 0x0000000000000000
core   0: 0x00000000800060c8 (0xb02024f3) csrrs   s1, minstret, zero
core   0: 3 0x00000000800060c8 (0xb02024f3) x9  0x0000000000000ff1
core   0: 0x00000000800060cc (0x0000a811) c.j     pc + 20
core   0: 3 0x00000000800060cc (0xa811)
core   0: >>>>  mepc_4
core   0: 0x00000000800060e0 (0x00000791) c.addi  a5, 4
core   0: 3 0x00000000800060e0 (0x0791) x15 0x0000000080005764
core   0: 0x00000000800060e2 (0x34179073) csrrw   zero, mepc, a5
core   0: 3 0x00000000800060e2 (0x34179073) c833_mepc 0x0000000080005764
core   0: 0x00000000800060e6 (0x30200073) mret
core   0: 3 0x00000000800060e6 (0x30200073) c768_mstatus 0x8000000a00106080
core   0: 0x0000000080005764 (0xc23c74d3) fcvt.lu.d s1, fs8
core   0: exception trap_illegal_instruction, epc 0x0000000080005764
core   0:           tval 0x00000000c23c74d3
core   0: >>>>  $xrv64i2p1_m2p0_a2p1_f2p2_d2p2_zicsr2p0_zifencei2p0_zmmul1p0_zba1p0_zbb1p0_zbc1p0_zbs1p0
core   0: 0x0000000080004000 (0x0080006f) j       pc + 0x8
core   0: 3 0x0000000080004000 (0x0080006f)
core   0: >>>>  mmode_exception_handler
core   0: 0x0000000080004008 (0x00002c17) auipc   s8, 0x2
core   0: 3 0x0000000080004008 (0x00002c17) x24 0x0000000080006008
core   0: 0x000000008000400c (0x0a4c0c13) addi    s8, s8, 164
core   0: 3 0x000000008000400c (0x0a4c0c13) x24 0x00000000800060ac
core   0: 0x0000000080004010 (0x000c00e7) jalr    s8
core   0: 3 0x0000000080004010 (0x000c00e7) x1  0x0000000080004014
core   0: >>>>  any_handler
core   0: 0x00000000800060ac (0x341027f3) csrrs   a5, mepc, zero
core   0: 3 0x00000000800060ac (0x341027f3) x15 0x0000000080005764
core   0: 0x00000000800060b0 (0x34202773) csrrs   a4, mcause, zero
core   0: 3 0x00000000800060b0 (0x34202773) x14 0x0000000000000002
core   0: 0x00000000800060b4 (0x142026f3) csrrs   a3, scause, zero
core   0: 3 0x00000000800060b4 (0x142026f3) x13 0x0000000000000000
core   0: 0x00000000800060b8 (0x30402673) csrrs   a2, mie, zero
core   0: 3 0x00000000800060b8 (0x30402673) x12 0x0000000000000a00
core   0: 0x00000000800060bc (0x344025f3) csrrs   a1, mip, zero
core   0: 3 0x00000000800060bc (0x344025f3) x11 0x0000000000000080
core   0: 0x00000000800060c0 (0x343025f3) csrrs   a1, mtval, zero
core   0: 3 0x00000000800060c0 (0x343025f3) x11 0x00000000c23c74d3
core   0: 0x00000000800060c4 (0x14302573) csrrs   a0, stval, zero
core   0: 3 0x00000000800060c4 (0x14302573) x10 0x0000000000000000
core   0: 0x00000000800060c8 (0xb02024f3) csrrs   s1, minstret, zero
core   0: 3 0x00000000800060c8 (0xb02024f3) x9  0x0000000000001001
core   0: 0x00000000800060cc (0x0000a811) c.j     pc + 20
core   0: 3 0x00000000800060cc (0xa811)
core   0: >>>>  mepc_4
core   0: 0x00000000800060e0 (0x00000791) c.addi  a5, 4
core   0: 3 0x00000000800060e0 (0x0791) x15 0x0000000080005768
core   0: 0x00000000800060e2 (0x34179073) csrrw   zero, mepc, a5
core   0: 3 0x00000000800060e2 (0x34179073) c833_mepc 0x0000000080005768
core   0: 0x00000000800060e6 (0x30200073) mret
core   0: 3 0x00000000800060e6 (0x30200073) c768_mstatus 0x8000000a00106080
core   0: 0x0000000080005768 (0x02bdec3b) remw    s8, s11, a1
core   0: 1 0x0000000080005768 (0x02bdec3b) x24 0xffffffffffffffff
core   0: 0x000000008000576c (0x0361fcbb) remuw   s9, gp, s6
core   0: 1 0x000000008000576c (0x0361fcbb) x25 0x0000000000000000
core   0: 0x0000000080005770 (0x00129473) csrrw   s0, fflags, t0
core   0: 1 0x0000000080005770 (0x00129473) x8  0x0000000000000011 c1_fflags 0x000000000000001c
core   0: 0x0000000080005774 (0x43075413) srai    s0, a4, 48
core   0: 1 0x0000000080005774 (0x43075413) x8  0x0000000000000000
core   0: 0x0000000080005778 (0x00eb7333) and     t1, s6, a4
core   0: 1 0x0000000080005778 (0x00eb7333) x6  0x0000000000000002
core   0: 0x000000008000577c (0x235696d3) fsgnjn.d fa3, fa3, fs5
core   0: 1 0x000000008000577c (0x235696d3) f13 0xfff8000000000000
core   0: 0x0000000080005780 (0x00d356b3) srl     a3, t1, a3
core   0: 1 0x0000000080005780 (0x00d356b3) x13 0x0000000000000002
core   0: 0x0000000080005784 (0xd20500d3) fcvt.d.w ft1, a0
core   0: 1 0x0000000080005784 (0xd20500d3) f1  0x0000000000000000
core   0: 0x0000000080005788 (0xd20604d3) fcvt.d.w fs1, a2
core   0: 1 0x0000000080005788 (0xd20604d3) f9  0x40a4000000000000
core   0: 0x000000008000578c (0x2aac0053) fmin.d  ft0, fs8, fa0
core   0: 1 0x000000008000578c (0x2aac0053) f0  0x7ff8000000000000
core   0: 0x0000000080005790 (0xf110ac73) csrrs   s8, mvendorid, ra
core   0: exception trap_illegal_instruction, epc 0x0000000080005790
core   0:           tval 0x00000000f110ac73
core   0: >>>>  $xrv64i2p1_m2p0_a2p1_f2p2_d2p2_zicsr2p0_zifencei2p0_zmmul1p0_zba1p0_zbb1p0_zbc1p0_zbs1p0
core   0: 0x0000000080004000 (0x0080006f) j       pc + 0x8
core   0: 3 0x0000000080004000 (0x0080006f)
core   0: >>>>  mmode_exception_handler
core   0: 0x0000000080004008 (0x00002c17) auipc   s8, 0x2
core   0: 3 0x0000000080004008 (0x00002c17) x24 0x0000000080006008
core   0: 0x000000008000400c (0x0a4c0c13) addi    s8, s8, 164
core   0: 3 0x000000008000400c (0x0a4c0c13) x24 0x00000000800060ac
core   0: 0x0000000080004010 (0x000c00e7) jalr    s8
core   0: 3 0x0000000080004010 (0x000c00e7) x1  0x0000000080004014
core   0: >>>>  any_handler
core   0: 0x00000000800060ac (0x341027f3) csrrs   a5, mepc, zero
core   0: 3 0x00000000800060ac (0x341027f3) x15 0x0000000080005790
core   0: 0x00000000800060b0 (0x34202773) csrrs   a4, mcause, zero
core   0: 3 0x00000000800060b0 (0x34202773) x14 0x0000000000000002
core   0: 0x00000000800060b4 (0x142026f3) csrrs   a3, scause, zero
core   0: 3 0x00000000800060b4 (0x142026f3) x13 0x0000000000000000
core   0: 0x00000000800060b8 (0x30402673) csrrs   a2, mie, zero
core   0: 3 0x00000000800060b8 (0x30402673) x12 0x0000000000000a00
core   0: 0x00000000800060bc (0x344025f3) csrrs   a1, mip, zero
core   0: 3 0x00000000800060bc (0x344025f3) x11 0x0000000000000080
core   0: 0x00000000800060c0 (0x343025f3) csrrs   a1, mtval, zero
core   0: 3 0x00000000800060c0 (0x343025f3) x11 0x00000000f110ac73
core   0: 0x00000000800060c4 (0x14302573) csrrs   a0, stval, zero
core   0: 3 0x00000000800060c4 (0x14302573) x10 0x0000000000000000
core   0: 0x00000000800060c8 (0xb02024f3) csrrs   s1, minstret, zero
core   0: 3 0x00000000800060c8 (0xb02024f3) x9  0x000000000000101b
core   0: 0x00000000800060cc (0x0000a811) c.j     pc + 20
core   0: 3 0x00000000800060cc (0xa811)
core   0: >>>>  mepc_4
core   0: 0x00000000800060e0 (0x00000791) c.addi  a5, 4
core   0: 3 0x00000000800060e0 (0x0791) x15 0x0000000080005794
core   0: 0x00000000800060e2 (0x34179073) csrrw   zero, mepc, a5
core   0: 3 0x00000000800060e2 (0x34179073) c833_mepc 0x0000000080005794
core   0: 0x00000000800060e6 (0x30200073) mret
core   0: 3 0x00000000800060e6 (0x30200073) c768_mstatus 0x8000000a00106080
core   0: 0x0000000080005794 (0x420a8ad3) fcvt.d.s fs5, fs5
core   0: 1 0x0000000080005794 (0x420a8ad3) f21 0x7ff8000000000000
core   0: 0x0000000080005798 (0x0203003b) mulw    zero, t1, zero
core   0: 1 0x0000000080005798 (0x0203003b)
core   0: 0x000000008000579c (0x02000a3b) mulw    s4, zero, zero
core   0: 1 0x000000008000579c (0x02000a3b) x20 0x0000000000000000
core   0: 0x00000000800057a0 (0x002e15f3) csrrw   a1, frm, t3
core   0: 1 0x00000000800057a0 (0x002e15f3) x11 0x0000000000000006 c2_frm 0x0000000000000000
core   0: 0x00000000800057a4 (0x6cf62497) auipc   s1, 0x6cf62
core   0: 1 0x00000000800057a4 (0x6cf62497) x9  0x00000000ecf677a4
core   0: 0x00000000800057a8 (0xd02a7d53) fcvt.s.l fs10, s4
core   0: 1 0x00000000800057a8 (0xd02a7d53) f26 0xffffffff00000000
core   0: 0x00000000800057ac (0x0295c63b) divw    a2, a1, s1
core   0: 1 0x00000000800057ac (0x0295c63b) x12 0x0000000000000000
core   0: 0x00000000800057b0 (0xc252f1cb) fnmsub.d ft3, ft5, ft5, fs8
core   0: 1 0x00000000800057b0 (0xc252f1cb) f3  0x7ff8000000000000
core   0: 0x00000000800057b4 (0x41ce533b) sraw    t1, t3, t3
core   0: 1 0x00000000800057b4 (0x41ce533b) x6  0x0000000000000000
core   0: 0x00000000800057b8 (0x03d5e6bb) remw    a3, a1, t4
core   0: 1 0x00000000800057b8 (0x03d5e6bb) x13 0x0000000000000006
core   0: 0x00000000800057bc (0x6ea3059b) addiw   a1, t1, 1770
core   0: 1 0x00000000800057bc (0x6ea3059b) x11 0x00000000000006ea
core   0: 0x00000000800057c0 (0x41d5da33) sra     s4, a1, t4
core   0: 1 0x00000000800057c0 (0x41d5da33) x20 0x00000000000006ea
core   0: 0x00000000800057c4 (0x02300b33) mul     s6, zero, gp
core   0: 1 0x00000000800057c4 (0x02300b33) x22 0x0000000000000000
core   0: 0x00000000800057c8 (0x227723d3) fsgnjx.d ft7, fa4, ft7
core   0: 1 0x00000000800057c8 (0x227723d3) f7  0xffffffff4f000040
core   0: 0x00000000800057cc (0x01605333) srl     t1, zero, s6
core   0: 1 0x00000000800057cc (0x01605333) x6  0x0000000000000000
core   0: 0x00000000800057d0 (0x73fcf24f) fnmadd.d ft4, fs9, ft11, fa4
core   0: 1 0x00000000800057d0 (0x73fcf24f) f4  0x7ff8000000000000
core   0: 0x00000000800057d4 (0x02f96733) rem     a4, s2, a5
core   0: 1 0x00000000800057d4 (0x02f96733) x14 0x0000000000000000
core   0: 0x00000000800057d8 (0x047e1237) lui     tp, 0x47e1
core   0: 1 0x00000000800057d8 (0x047e1237) x4  0x00000000047e1000
core   0: 0x00000000800057dc (0x1f72021b) addiw   tp, tp, 503
core   0: 1 0x00000000800057dc (0x1f72021b) x4  0x00000000047e11f7
core   0: 0x00000000800057e0 (0x00000232) c.slli  tp, 12
core   0: 1 0x00000000800057e0 (0x0232) x4  0x00000047e11f7000
core   0: 0x00000000800057e2 (0xb9e20213) addi    tp, tp, -1122
core   0: 1 0x00000000800057e2 (0xb9e20213) x4  0x00000047e11f6b9e
core   0: 0x00000000800057e6 (0x537dabb7) lui     s7, 0x537da
core   0: 1 0x00000000800057e6 (0x537dabb7) x23 0x00000000537da000
core   0: 0x00000000800057ea (0xd03bf9d3) fcvt.s.lu fs3, s7
core   0: 1 0x00000000800057ea (0xd03bf9d3) f19 0xffffffff4ea6fb40
core   0: 0x00000000800057ee (0xc205f253) fcvt.w.d tp, fa1
core   0: 1 0x00000000800057ee (0xc205f253) c1_fflags 0x000000000000001c x4  0x000000007fffffff
core   0: 0x00000000800057f2 (0x7e328e1b) addiw   t3, t0, 2019
core   0: 1 0x00000000800057f2 (0x7e328e1b) x28 0xffffffffcd7dbd1f
core   0: 0x00000000800057f6 (0xca420813) addi    a6, tp, -860
core   0: 1 0x00000000800057f6 (0xca420813) x16 0x000000007ffffca3
core   0: 0x00000000800057fa (0x12c67453) fmul.d  fs0, fa2, fa2
core   0: 1 0x00000000800057fa (0x12c67453) f8  0x7ff8000000000000
core   0: 0x00000000800057fe (0x00000001) c.nop
core   0: 1 0x00000000800057fe (0x0001)
core   0: 0x0000000080005800 (0x4006d91b) sraiw   s2, a3, 0
core   0: 1 0x0000000080005800 (0x4006d91b) x18 0x0000000000000006
core   0: 0x0000000080005804 (0x00202cf3) csrrs   s9, frm, zero
core   0: 1 0x0000000080005804 (0x00202cf3) x25 0x0000000000000000
core   0: 0x0000000080005808 (0x00000001) c.nop
core   0: 1 0x0000000080005808 (0x0001)
core   0: 0x000000008000580a (0xd22af1d3) fcvt.d.l ft3, s5
core   0: 1 0x000000008000580a (0xd22af1d3) f3  0x0000000000000000
core   0: 0x000000008000580e (0x00108e33) add     t3, ra, ra
core   0: 1 0x000000008000580e (0x00108e33) x28 0x0000000100008028
core   0: 0x0000000080005812 (0x01ca5ab3) srl     s5, s4, t3
core   0: 1 0x0000000080005812 (0x01ca5ab3) x21 0x0000000000000000
core   0: 0x0000000080005816 (0x0094c7b3) xor     a5, s1, s1
core   0: 1 0x0000000080005816 (0x0094c7b3) x15 0x0000000000000000
core   0: 0x000000008000581a (0x018851b3) srl     gp, a6, s8
core   0: 1 0x000000008000581a (0x018851b3) x3  0x0000000000000000
core   0: 0x000000008000581e (0x42078553) fcvt.d.s fa0, fa5
core   0: 1 0x000000008000581e (0x42078553) f10 0x0000000000000000
core   0: 0x0000000080005822 (0x420c8ad3) fcvt.d.s fs5, fs9
core   0: 1 0x0000000080005822 (0x420c8ad3) f21 0x41e9afb6a0000000
core   0: 0x0000000080005826 (0xd2020953) fcvt.d.w fs2, tp
core   0: 1 0x0000000080005826 (0xd2020953) f18 0x41dfffffffc00000
core   0: 0x000000008000582a (0x4048d933) sra     s2, a7, tp
core   0: 1 0x000000008000582a (0x4048d933) x18 0xffffffffffffffff
core   0: 0x000000008000582e (0x01208433) add     s0, ra, s2
core   0: 1 0x000000008000582e (0x01208433) x8  0x0000000080004013
core   0: 0x0000000080005832 (0x0326f6bb) remuw   a3, a3, s2
core   0: 1 0x0000000080005832 (0x0326f6bb) x13 0x0000000000000006
core   0: 0x0000000080005836 (0x01f6979b) slliw   a5, a3, 31
core   0: 1 0x0000000080005836 (0x01f6979b) x15 0x0000000000000000
core   0: 0x000000008000583a (0x0048993b) sllw    s2, a7, tp
core   0: 1 0x000000008000583a (0x0048993b) x18 0xffffffff80000000
core   0: 0x000000008000583e (0x40127fd3) fcvt.s.d ft11, ft4
core   0: 1 0x000000008000583e (0x40127fd3) f31 0xffffffff7fc00000
core   0: 0x0000000080005842 (0x000bdb9b) srliw   s7, s7, 0
core   0: 1 0x0000000080005842 (0x000bdb9b) x23 0x00000000537da000
core   0: 0x0000000080005846 (0x0a3bf1d3) fsub.d  ft3, fs7, ft3
core   0: 1 0x0000000080005846 (0x0a3bf1d3) f3  0x8000000000000000
core   0: 0x000000008000584a (0x00102173) csrrs   sp, fflags, zero
core   0: 1 0x000000008000584a (0x00102173) x2  0x000000000000001c
core   0: 0x000000008000584e (0x4006d793) srai    a5, a3, 0
core   0: 1 0x000000008000584e (0x4006d793) x15 0x0000000000000006
core   0: 0x0000000080005852 (0xc0417373) csrrci  t1, hpmcounter4, 2
core   0: exception trap_illegal_instruction, epc 0x0000000080005852
core   0:           tval 0x00000000c0417373
core   0: >>>>  $xrv64i2p1_m2p0_a2p1_f2p2_d2p2_zicsr2p0_zifencei2p0_zmmul1p0_zba1p0_zbb1p0_zbc1p0_zbs1p0
core   0: 0x0000000080004000 (0x0080006f) j       pc + 0x8
core   0: 3 0x0000000080004000 (0x0080006f)
core   0: >>>>  mmode_exception_handler
core   0: 0x0000000080004008 (0x00002c17) auipc   s8, 0x2
core   0: 3 0x0000000080004008 (0x00002c17) x24 0x0000000080006008
core   0: 0x000000008000400c (0x0a4c0c13) addi    s8, s8, 164
core   0: 3 0x000000008000400c (0x0a4c0c13) x24 0x00000000800060ac
core   0: 0x0000000080004010 (0x000c00e7) jalr    s8
core   0: 3 0x0000000080004010 (0x000c00e7) x1  0x0000000080004014
core   0: >>>>  any_handler
core   0: 0x00000000800060ac (0x341027f3) csrrs   a5, mepc, zero
core   0: 3 0x00000000800060ac (0x341027f3) x15 0x0000000080005852
core   0: 0x00000000800060b0 (0x34202773) csrrs   a4, mcause, zero
core   0: 3 0x00000000800060b0 (0x34202773) x14 0x0000000000000002
core   0: 0x00000000800060b4 (0x142026f3) csrrs   a3, scause, zero
core   0: 3 0x00000000800060b4 (0x142026f3) x13 0x0000000000000000
core   0: 0x00000000800060b8 (0x30402673) csrrs   a2, mie, zero
core   0: 3 0x00000000800060b8 (0x30402673) x12 0x0000000000000a00
core   0: 0x00000000800060bc (0x344025f3) csrrs   a1, mip, zero
core   0: 3 0x00000000800060bc (0x344025f3) x11 0x0000000000000080
core   0: 0x00000000800060c0 (0x343025f3) csrrs   a1, mtval, zero
core   0: 3 0x00000000800060c0 (0x343025f3) x11 0x00000000c0417373
core   0: 0x00000000800060c4 (0x14302573) csrrs   a0, stval, zero
core   0: 3 0x00000000800060c4 (0x14302573) x10 0x0000000000000000
core   0: 0x00000000800060c8 (0xb02024f3) csrrs   s1, minstret, zero
core   0: 3 0x00000000800060c8 (0xb02024f3) x9  0x000000000000105c
core   0: 0x00000000800060cc (0x0000a811) c.j     pc + 20
core   0: 3 0x00000000800060cc (0xa811)
core   0: >>>>  mepc_4
core   0: 0x00000000800060e0 (0x00000791) c.addi  a5, 4
core   0: 3 0x00000000800060e0 (0x0791) x15 0x0000000080005856
core   0: 0x00000000800060e2 (0x34179073) csrrw   zero, mepc, a5
core   0: 3 0x00000000800060e2 (0x34179073) c833_mepc 0x0000000080005856
core   0: 0x00000000800060e6 (0x30200073) mret
core   0: 3 0x00000000800060e6 (0x30200073) c768_mstatus 0x8000000a00106080
core   0: 0x0000000080005856 (0xe2018253) fmv.x.d tp, ft3
core   0: 1 0x0000000080005856 (0xe2018253) x4  0x8000000000000000
core   0: 0x000000008000585a (0x013270b3) and     ra, tp, s3
core   0: 1 0x000000008000585a (0x013270b3) x1  0x0000000000000000
core   0: 0x000000008000585e (0x03f85813) srli    a6, a6, 63
core   0: 1 0x000000008000585e (0x03f85813) x16 0x0000000000000000
core   0: 0x0000000080005862 (0x02b32db3) mulhsu  s11, t1, a1
core   0: 1 0x0000000080005862 (0x02b32db3) x27 0x0000000000000000
core   0: 0x0000000080005866 (0x010b983b) sllw    a6, s7, a6
core   0: 1 0x0000000080005866 (0x010b983b) x16 0x00000000537da000
core   0: 0x000000008000586a (0x0371643b) remw    s0, sp, s7
core   0: 1 0x000000008000586a (0x0371643b) x8  0x000000000000001c
core   0: 0x000000008000586e (0x0a38ffd3) fsub.d  ft11, fa7, ft3
core   0: 1 0x000000008000586e (0x0a38ffd3) f31 0x7ff8000000000000
core   0: 0x0000000080005872 (0x02101033) mulh    zero, zero, ra
core   0: 1 0x0000000080005872 (0x02101033)
core   0: 0x0000000080005876 (0x00adddb3) srl     s11, s11, a0
core   0: 1 0x0000000080005876 (0x00adddb3) x27 0x0000000000000000
core   0: 0x000000008000587a (0xf2050cd3) fmv.d.x fs9, a0
core   0: 1 0x000000008000587a (0xf2050cd3) f25 0x0000000000000000
core   0: 0x000000008000587e (0xe20c92d3) fclass.d t0, fs9
core   0: 1 0x000000008000587e (0xe20c92d3) x5  0x0000000000000010
core   0: 0x0000000080005882 (0x00b4f3b3) and     t2, s1, a1
core   0: 1 0x0000000080005882 (0x00b4f3b3) x7  0x0000000000001050
core   0: 0x0000000080005886 (0xc02cf153) fcvt.l.s sp, fs9
core   0: 1 0x0000000080005886 (0xc02cf153) c1_fflags 0x000000000000001c x2  0x7fffffffffffffff
core   0: 0x000000008000588a (0x002b9c73) csrrw   s8, frm, s7
core   0: 1 0x000000008000588a (0x002b9c73) x24 0x0000000000000000 c2_frm 0x0000000000000000
core   0: 0x000000008000588e (0xfb92a737) lui     a4, 0xfb92a
core   0: 1 0x000000008000588e (0xfb92a737) x14 0xfffffffffb92a000
core   0: 0x0000000080005892 (0x93f7071b) addiw   a4, a4, -1729
core   0: 1 0x0000000080005892 (0x93f7071b) x14 0xfffffffffb92993f
core   0: 0x0000000080005896 (0x00000732) c.slli  a4, 12
core   0: 1 0x0000000080005896 (0x0732) x14 0xffffffb92993f000
core   0: 0x0000000080005898 (0xaaa70713) addi    a4, a4, -1366
core   0: 1 0x0000000080005898 (0xaaa70713) x14 0xffffffb92993eaaa
core   0: 0x000000008000589c (0x00ec50b3) srl     ra, s8, a4
core   0: 1 0x000000008000589c (0x00ec50b3) x1  0x0000000000000000
core   0: 0x00000000800058a0 (0x0012939b) slliw   t2, t0, 1
core   0: 1 0x00000000800058a0 (0x0012939b) x7  0x0000000000000020
core   0: 0x00000000800058a4 (0x405585bb) subw    a1, a1, t0
core   0: 1 0x00000000800058a4 (0x405585bb) x11 0xffffffffc0417363
core   0: 0x00000000800058a8 (0x43f55e93) srai    t4, a0, 63
core   0: 1 0x00000000800058a8 (0x43f55e93) x29 0x0000000000000000
core   0: 0x00000000800058ac (0xcac1f8cf) fnmadd.d fa7, ft3, fa2, fs9
core   0: 1 0x00000000800058ac (0xcac1f8cf) f17 0x7ff8000000000000
core   0: 0x00000000800058b0 (0xd232f153) fcvt.d.lu ft2, t0
core   0: 1 0x00000000800058b0 (0xd232f153) f2  0x4030000000000000
core   0: 0x00000000800058b4 (0xd0357853) fcvt.s.lu fa6, a0
core   0: 1 0x00000000800058b4 (0xd0357853) f16 0xffffffff00000000
core   0: 0x00000000800058b8 (0x6fce8d93) addi    s11, t4, 1788
core   0: 1 0x00000000800058b8 (0x6fce8d93) x27 0x00000000000006fc
core   0: 0x00000000800058bc (0x03017753) fadd.d  fa4, ft2, fa6
core   0: 1 0x00000000800058bc (0x03017753) f14 0x7ff8000000000000
core   0: 0x00000000800058c0 (0x00f5a7b3) slt     a5, a1, a5
core   0: 1 0x00000000800058c0 (0x00f5a7b3) x15 0x0000000000000001
core   0: 0x00000000800058c4 (0xd022f0d3) fcvt.s.l ft1, t0
core   0: 1 0x00000000800058c4 (0xd022f0d3) f1  0xffffffff41800000
core   0: 0x00000000800058c8 (0x3a30f7c7) fmsub.d fa5, ft1, ft3, ft7
core   0: 1 0x00000000800058c8 (0x3a30f7c7) f15 0x7ff8000000000000
core   0: 0x00000000800058cc (0x02814433) div     s0, sp, s0
core   0: 1 0x00000000800058cc (0x02814433) x8  0x0492492492492492
core   0: 0x00000000800058d0 (0x036de1bb) remw    gp, s11, s6
core   0: 1 0x00000000800058d0 (0x036de1bb) x3  0x00000000000006fc
core   0: 0x00000000800058d4 (0x8504079b) addiw   a5, s0, -1968
core   0: 1 0x00000000800058d4 (0x8504079b) x15 0xffffffff92491ce2
core   0: 0x00000000800058d8 (0x01b48abb) addw    s5, s1, s11
core   0: 1 0x00000000800058d8 (0x01b48abb) x21 0x0000000000001758
core   0: 0x00000000800058dc (0xc210f9d3) fcvt.wu.d s3, ft1
core   0: 1 0x00000000800058dc (0xc210f9d3) c1_fflags 0x000000000000001c x19 0xffffffffffffffff
core   0: 0x00000000800058e0 (0x00e5deb3) srl     t4, a1, a4
core   0: 1 0x00000000800058e0 (0x00e5deb3) x29 0x00000000003fffff
core   0: 0x00000000800058e4 (0x4054591b) sraiw   s2, s0, 5
core   0: 1 0x00000000800058e4 (0x4054591b) x18 0xfffffffffc924924
core   0: 0x00000000800058e8 (0x42078dd3) fcvt.d.s fs11, fa5
core   0: 1 0x00000000800058e8 (0x42078dd3) f27 0x7ff8000000000000
core   0: 0x00000000800058ec (0x003ed113) srli    sp, t4, 3
core   0: 1 0x00000000800058ec (0x003ed113) x2  0x000000000007ffff
core   0: 0x00000000800058f0 (0x00270533) add     a0, a4, sp
core   0: 1 0x00000000800058f0 (0x00270533) x10 0xffffffb9299beaa9
core   0: 0x00000000800058f4 (0x1a3970cf) fnmadd.d ft1, fs2, ft3, ft3
core   0: 1 0x00000000800058f4 (0x1a3970cf) f1  0x0000000000000000
core   0: 0x00000000800058f8 (0x2c84f993) andi    s3, s1, 712
core   0: 1 0x00000000800058f8 (0x2c84f993) x19 0x0000000000000048
core   0: 0x00000000800058fc (0x0ff0000f) fence   iorw,iorw
core   0: 1 0x00000000800058fc (0x0ff0000f)
core   0: 0x0000000080005900 (0x83b4784b) fnmsub.d fa6, fs0, fs11, fa6
core   0: 1 0x0000000080005900 (0x83b4784b) f16 0x7ff8000000000000
core   0: 0x0000000080005904 (0x0a10fdd3) fsub.d  fs11, ft1, ft1
core   0: 1 0x0000000080005904 (0x0a10fdd3) f27 0x0000000000000000
core   0: 0x0000000080005908 (0x007a969b) slliw   a3, s5, 7
core   0: 1 0x0000000080005908 (0x007a969b) x13 0x00000000000bac00
core   0: 0x000000008000590c (0x027053bb) divuw   t2, zero, t2
core   0: 1 0x000000008000590c (0x027053bb) x7  0x0000000000000000
core   0: 0x0000000080005910 (0xc02e7a53) fcvt.l.s s4, ft8
core   0: 1 0x0000000080005910 (0xc02e7a53) c1_fflags 0x000000000000001c x20 0x7fffffffffffffff
core   0: 0x0000000080005914 (0x43fed993) srai    s3, t4, 63
core   0: 1 0x0000000080005914 (0x43fed993) x19 0x0000000000000000
core   0: 0x0000000080005918 (0x0ff0000f) fence   iorw,iorw
core   0: 1 0x0000000080005918 (0x0ff0000f)
core   0: 0x000000008000591c (0xc2337ad3) fcvt.lu.d s5, ft6
core   0: 1 0x000000008000591c (0xc2337ad3) x21 0x0000000000000000
core   0: 0x0000000080005920 (0x4118559b) sraiw   a1, a6, 17
core   0: 1 0x0000000080005920 (0x4118559b) x11 0x00000000000029be
core   0: 0x0000000080005924 (0x420084d3) fcvt.d.s fs1, ft1
core   0: 1 0x0000000080005924 (0x420084d3) f9  0x7ff8000000000000
core   0: 0x0000000080005928 (0x4a44f6c3) fmadd.d fa3, fs1, ft4, fs1
core   0: 1 0x0000000080005928 (0x4a44f6c3) f13 0x7ff8000000000000
core   0: 0x000000008000592c (0x02e4fe53) fadd.d  ft8, fs1, fa4
core   0: 1 0x000000008000592c (0x02e4fe53) f28 0x7ff8000000000000
core   0: 0x0000000080005930 (0x01ae96b3) sll     a3, t4, s10
core   0: 1 0x0000000080005930 (0x01ae96b3) x13 0x8000000000000000
core   0: 0x0000000080005934 (0x00d27db3) and     s11, tp, a3
core   0: 1 0x0000000080005934 (0x00d27db3) x27 0x8000000000000000
core   0: 0x0000000080005938 (0xc212f6d3) fcvt.wu.d a3, ft5
core   0: 1 0x0000000080005938 (0xc212f6d3) c1_fflags 0x000000000000001c x13 0xffffffffffffffff
core   0: 0x000000008000593c (0x03fbd713) srli    a4, s7, 63
core   0: 1 0x000000008000593c (0x03fbd713) x14 0x0000000000000000
core   0: 0x0000000080005940 (0xf20b8ad3) fmv.d.x fs5, s7
core   0: 1 0x0000000080005940 (0xf20b8ad3) f21 0x00000000537da000
core   0: 0x0000000080005944 (0x028af253) fadd.d  ft4, fs5, fs0
core   0: 1 0x0000000080005944 (0x028af253) f4  0x7ff8000000000000
core   0: 0x0000000080005948 (0x2bc210d3) fmax.d  ft1, ft4, ft8
core   0: 1 0x0000000080005948 (0x2bc210d3) f1  0x7ff8000000000000
core   0: 0x000000008000594c (0x00000001) c.nop
core   0: 1 0x000000008000594c (0x0001)
core   0: 0x000000008000594e (0xc21f7553) fcvt.wu.d a0, ft10
core   0: 1 0x000000008000594e (0xc21f7553) c1_fflags 0x000000000000001c x10 0xffffffffffffffff
core   0: 0x0000000080005952 (0xd224fa53) fcvt.d.l fs4, s1
core   0: 1 0x0000000080005952 (0xd224fa53) f20 0x40b05c0000000000
core   0: 0x0000000080005956 (0x0044da3b) srlw    s4, s1, tp
core   0: 1 0x0000000080005956 (0x0044da3b) x20 0x000000000000105c
core   0: 0x000000008000595a (0xc8ccf537) lui     a0, 0xc8ccf
core   0: 1 0x000000008000595a (0xc8ccf537) x10 0xffffffffc8ccf000
core   0: 0x000000008000595e (0x00000001) c.nop
core   0: 1 0x000000008000595e (0x0001)
core   0: 0x0000000080005960 (0x03d400bb) mulw    ra, s0, t4
core   0: 1 0x0000000080005960 (0x03d400bb) x1  0xffffffff9236db6e
core   0: 0x0000000080005964 (0x00000001) c.nop
core   0: 1 0x0000000080005964 (0x0001)
core   0: 0x0000000080005966 (0xd23eff53) fcvt.d.lu ft10, t4
core   0: 1 0x0000000080005966 (0xd23eff53) f30 0x414fffff80000000
core   0: 0x000000008000596a (0x2d1d3d13) sltiu   s10, s10, 721
core   0: 1 0x000000008000596a (0x2d1d3d13) x26 0x0000000000000000
core   0: 0x000000008000596e (0x00101013) slli    zero, zero, 1
core   0: 1 0x000000008000596e (0x00101013)
core   0: 0x0000000080005972 (0x008caa33) slt     s4, s9, s0
core   0: 1 0x0000000080005972 (0x008caa33) x20 0x0000000000000001
core   0: 0x0000000080005976 (0x0351d8bb) divuw   a7, gp, s5
core   0: 1 0x0000000080005976 (0x0351d8bb) x17 0xffffffffffffffff
core   0: 0x000000008000597a (0x0be2f84f) fnmadd.d fa6, ft5, ft10, ft1
core   0: 1 0x000000008000597a (0x0be2f84f) f16 0x7ff8000000000000
core   0: 0x000000008000597e (0x405e5733) sra     a4, t3, t0
core   0: 1 0x000000008000597e (0x405e5733) x14 0x0000000000010000
core   0: 0x0000000080005982 (0x03136c3b) remw    s8, t1, a7
core   0: 1 0x0000000080005982 (0x03136c3b) x24 0x0000000000000000
core   0: 0x0000000080005986 (0x0019d533) srl     a0, s3, ra
core   0: 1 0x0000000080005986 (0x0019d533) x10 0x0000000000000000
core   0: 0x000000008000598a (0x008c57bb) srlw    a5, s8, s0
core   0: 1 0x000000008000598a (0x008c57bb) x15 0x0000000000000000
core   0: 0x000000008000598e (0x410a5a33) sra     s4, s4, a6
core   0: 1 0x000000008000598e (0x410a5a33) x20 0x0000000000000001
core   0: 0x0000000080005992 (0x143a1b73) csrrw   s6, stval, s4
core   0: 1 0x0000000080005992 (0x143a1b73) x22 0x0000000000000000 c323_stval 0x0000000000000001
core   0: 0x0000000080005996 (0x4011f1d3) fcvt.s.d ft3, ft3
core   0: 1 0x0000000080005996 (0x4011f1d3) f3  0xffffffff80000000
core   0: 0x000000008000599a (0x43ad5493) srai    s1, s10, 58
core   0: 1 0x000000008000599a (0x43ad5493) x9  0x0000000000000000
core   0: 0x000000008000599e (0x0183131b) slliw   t1, t1, 24
core   0: 1 0x000000008000599e (0x0183131b) x6  0x0000000000000000
core   0: 0x00000000800059a2 (0xff1b4d37) lui     s10, 0xff1b4
core   0: 1 0x00000000800059a2 (0xff1b4d37) x26 0xffffffffff1b4000
core   0: 0x00000000800059a6 (0x625d0d1b) addiw   s10, s10, 1573
core   0: 1 0x00000000800059a6 (0x625d0d1b) x26 0xffffffffff1b4625
core   0: 0x00000000800059aa (0x00000d3a) c.slli  s10, 14
core   0: 1 0x00000000800059aa (0x0d3a) x26 0xffffffc6d1894000
core   0: 0x00000000800059ac (0x3f1d0d13) addi    s10, s10, 1009
core   0: 1 0x00000000800059ac (0x3f1d0d13) x26 0xffffffc6d18943f1
core   0: 0x00000000800059b0 (0x4075d3bb) sraw    t2, a1, t2
core   0: 1 0x00000000800059b0 (0x4075d3bb) x7  0x00000000000029be
core   0: 0x00000000800059b4 (0x027360bb) remw    ra, t1, t2
core   0: 1 0x00000000800059b4 (0x027360bb) x1  0x0000000000000000
core   0: 0x00000000800059b8 (0x00102e73) csrrs   t3, fflags, zero
core   0: 1 0x00000000800059b8 (0x00102e73) x28 0x000000000000001c
core   0: 0x00000000800059bc (0x406080bb) subw    ra, ra, t1
core   0: 1 0x00000000800059bc (0x406080bb) x1  0x0000000000000000
core   0: 0x00000000800059c0 (0x4000dc93) srai    s9, ra, 0
core   0: 1 0x00000000800059c0 (0x4000dc93) x25 0x0000000000000000
core   0: 0x00000000800059c4 (0x4018f553) fcvt.s.d fa0, fa7
core   0: 1 0x00000000800059c4 (0x4018f553) f10 0xffffffff7fc00000
core   0: 0x00000000800059c8 (0x00202573) csrrs   a0, frm, zero
core   0: 1 0x00000000800059c8 (0x00202573) x10 0x0000000000000000
core   0: 0x00000000800059cc (0x03a4c7bb) divw    a5, s1, s10
core   0: 1 0x00000000800059cc (0x03a4c7bb) x15 0x0000000000000000
core   0: 0x00000000800059d0 (0x97ec9237) lui     tp, 0x97ec9
core   0: 1 0x00000000800059d0 (0x97ec9237) x4  0xffffffff97ec9000
core   0: 0x00000000800059d4 (0x66324d13) xori    s10, tp, 1635
core   0: 1 0x00000000800059d4 (0x66324d13) x26 0xffffffff97ec9663
core   0: 0x00000000800059d8 (0x0018d613) srli    a2, a7, 1
core   0: 1 0x00000000800059d8 (0x0018d613) x12 0x7fffffffffffffff
core   0: 0x00000000800059dc (0xc02cfb53) fcvt.l.s s6, fs9
core   0: 1 0x00000000800059dc (0xc02cfb53) c1_fflags 0x000000000000001c x22 0x7fffffffffffffff
core   0: 0x00000000800059e0 (0x401d77d3) fcvt.s.d fa5, fs10
core   0: 1 0x00000000800059e0 (0x401d77d3) f15 0xffffffff7fc00000
core   0: 0x00000000800059e4 (0x4aa6f0cf) fnmadd.d ft1, fa3, fa0, fs1
core   0: 1 0x00000000800059e4 (0x4aa6f0cf) f1  0x7ff8000000000000
core   0: 0x00000000800059e8 (0x42078c53) fcvt.d.s fs8, fa5
core   0: 1 0x00000000800059e8 (0x42078c53) f24 0x7ff8000000000000
core   0: 0x00000000800059ec (0x416682bb) subw    t0, a3, s6
core   0: 1 0x00000000800059ec (0x416682bb) x5  0x0000000000000000
core   0: 0x00000000800059f0 (0x026490b3) mulh    ra, s1, t1
core   0: 1 0x00000000800059f0 (0x026490b3) x1  0x0000000000000000
core   0: 0x00000000800059f4 (0xc217f653) fcvt.wu.d a2, fa5
core   0: 1 0x00000000800059f4 (0xc217f653) c1_fflags 0x000000000000001c x12 0xffffffffffffffff
core   0: 0x00000000800059f8 (0xb3eef9cb) fnmsub.d fs3, ft9, ft10, fs6
core   0: 1 0x00000000800059f8 (0xb3eef9cb) f19 0x3ff0000000000000
core   0: 0x00000000800059fc (0x02630b33) mul     s6, t1, t1
core   0: 1 0x00000000800059fc (0x02630b33) x22 0x0000000000000000
core   0: 0x0000000080005a00 (0xd030fad3) fcvt.s.lu fs5, ra
core   0: 1 0x0000000080005a00 (0xd030fad3) f21 0xffffffff00000000
core   0: 0x0000000080005a04 (0x9b84f34b) fnmsub.d ft6, fs1, fs8, fs3
core   0: 1 0x0000000080005a04 (0x9b84f34b) f6  0x7ff8000000000000
core   0: 0x0000000080005a08 (0x0016003b) addw    zero, a2, ra
core   0: 1 0x0000000080005a08 (0x0016003b)
core   0: 0x0000000080005a0c (0x00cba7b3) slt     a5, s7, a2
core   0: 1 0x0000000080005a0c (0x00cba7b3) x15 0x0000000000000000
core   0: 0x0000000080005a10 (0x18c3009b) addiw   ra, t1, 396
core   0: 1 0x0000000080005a10 (0x18c3009b) x1  0x000000000000018c
core   0: 0x0000000080005a14 (0x01729cbb) sllw    s9, t0, s7
core   0: 1 0x0000000080005a14 (0x01729cbb) x25 0x0000000000000000
core   0: 0x0000000080005a18 (0x405e8033) sub     zero, t4, t0
core   0: 1 0x0000000080005a18 (0x405e8033)
core   0: 0x0000000080005a1c (0xd23bf1d3) fcvt.d.lu ft3, s7
core   0: 1 0x0000000080005a1c (0xd23bf1d3) f3  0x41d4df6800000000
core   0: 0x0000000080005a20 (0xd21000d3) fcvt.d.wu ft1, zero
core   0: 1 0x0000000080005a20 (0xd21000d3) f1  0x0000000000000000
core   0: 0x0000000080005a24 (0x3a7373cf) fnmadd.d ft7, ft6, ft7, ft7
core   0: 1 0x0000000080005a24 (0x3a7373cf) f7  0x7ff8000000000000
core   0: 0x0000000080005a28 (0xf2018453) fmv.d.x fs0, gp
core   0: 1 0x0000000080005a28 (0xf2018453) f8  0x00000000000006fc
core   0: 0x0000000080005a2c (0x01adeeb3) or      t4, s11, s10
core   0: 1 0x0000000080005a2c (0x01adeeb3) x29 0xffffffff97ec9663
core   0: 0x0000000080005a30 (0x134f7a53) fmul.d  fs4, ft10, fs4
core   0: 1 0x0000000080005a30 (0x134f7a53) f20 0x42105bffbe900000
core   0: 0x0000000080005a34 (0x00000001) c.nop
core   0: 1 0x0000000080005a34 (0x0001)
core   0: 0x0000000080005a36 (0x012d551b) srliw   a0, s10, 18
core   0: 1 0x0000000080005a36 (0x012d551b) x10 0x00000000000025fb
core   0: 0x0000000080005a3a (0x00102873) csrrs   a6, fflags, zero
core   0: 1 0x0000000080005a3a (0x00102873) x16 0x000000000000001c
core   0: 0x0000000080005a3e (0x4104543b) sraw    s0, s0, a6
core   0: 1 0x0000000080005a3e (0x4104543b) x8  0xfffffffffffffff9
core   0: 0x0000000080005a42 (0x408989b3) sub     s3, s3, s0
core   0: 1 0x0000000080005a42 (0x408989b3) x19 0x0000000000000007
core   0: 0x0000000080005a46 (0x00000001) c.nop
core   0: 1 0x0000000080005a46 (0x0001)
core   0: 0x0000000080005a48 (0xc238f6d3) fcvt.lu.d a3, fa7
core   0: 1 0x0000000080005a48 (0xc238f6d3) c1_fflags 0x000000000000001c x13 0xffffffffffffffff
core   0: 0x0000000080005a4c (0x01b69433) sll     s0, a3, s11
core   0: 1 0x0000000080005a4c (0x01b69433) x8  0xffffffffffffffff
core   0: 0x0000000080005a50 (0xd02b7f53) fcvt.s.l ft10, s6
core   0: 1 0x0000000080005a50 (0xd02b7f53) f30 0xffffffff00000000
core   0: 0x0000000080005a54 (0xd2010953) fcvt.d.w fs2, sp
core   0: 1 0x0000000080005a54 (0xd2010953) f18 0x411ffffc00000000
core   0: 0x0000000080005a58 (0x0154f333) and     t1, s1, s5
core   0: 1 0x0000000080005a58 (0x0154f333) x6  0x0000000000000000
core   0: 0x0000000080005a5c (0x0192f2b3) and     t0, t0, s9
core   0: 1 0x0000000080005a5c (0x0192f2b3) x5  0x0000000000000000
core   0: 0x0000000080005a60 (0x005ed3b3) srl     t2, t4, t0
core   0: 1 0x0000000080005a60 (0x005ed3b3) x7  0xffffffff97ec9663
core   0: 0x0000000080005a64 (0xd0237b53) fcvt.s.l fs6, t1
core   0: 1 0x0000000080005a64 (0xd0237b53) f22 0xffffffff00000000
core   0: 0x0000000080005a68 (0x4017d193) srai    gp, a5, 1
core   0: 1 0x0000000080005a68 (0x4017d193) x3  0x0000000000000000
core   0: 0x0000000080005a6c (0x2bb31353) fmax.d  ft6, ft6, fs11
core   0: 1 0x0000000080005a6c (0x2bb31353) f6  0x0000000000000000
core   0: 0x0000000080005a70 (0x43fbda93) srai    s5, s7, 63
core   0: 1 0x0000000080005a70 (0x43fbda93) x21 0x0000000000000000
core   0: 0x0000000080005a74 (0xf2000053) fmv.d.x ft0, zero
core   0: 1 0x0000000080005a74 (0xf2000053) f0  0x0000000000000000
core   0: 0x0000000080005a78 (0xc206fcd3) fcvt.w.d s9, fa3
core   0: 1 0x0000000080005a78 (0xc206fcd3) c1_fflags 0x000000000000001c x25 0x000000007fffffff
core   0: 0x0000000080005a7c (0x001a1773) csrrw   a4, fflags, s4
core   0: 1 0x0000000080005a7c (0x001a1773) x14 0x000000000000001c c1_fflags 0x0000000000000001
core   0: 0x0000000080005a80 (0x00000001) c.nop
core   0: 1 0x0000000080005a80 (0x0001)
core   0: 0x0000000080005a82 (0x41968833) sub     a6, a3, s9
core   0: 1 0x0000000080005a82 (0x41968833) x16 0xffffffff80000000
core   0: 0x0000000080005a86 (0xe0da019b) addiw   gp, s4, -499
core   0: 1 0x0000000080005a86 (0xe0da019b) x3  0xfffffffffffffe0e
core   0: 0x0000000080005a8a (0x002b93f3) csrrw   t2, frm, s7
core   0: 1 0x0000000080005a8a (0x002b93f3) x7  0x0000000000000000 c2_frm 0x0000000000000000
core   0: 0x0000000080005a8e (0xf136a6f3) csrrs   a3, mimpid, a3
core   0: exception trap_illegal_instruction, epc 0x0000000080005a8e
core   0:           tval 0x00000000f136a6f3
core   0: >>>>  $xrv64i2p1_m2p0_a2p1_f2p2_d2p2_zicsr2p0_zifencei2p0_zmmul1p0_zba1p0_zbb1p0_zbc1p0_zbs1p0
core   0: 0x0000000080004000 (0x0080006f) j       pc + 0x8
core   0: 3 0x0000000080004000 (0x0080006f)
core   0: >>>>  mmode_exception_handler
core   0: 0x0000000080004008 (0x00002c17) auipc   s8, 0x2
core   0: 3 0x0000000080004008 (0x00002c17) x24 0x0000000080006008
core   0: 0x000000008000400c (0x0a4c0c13) addi    s8, s8, 164
core   0: 3 0x000000008000400c (0x0a4c0c13) x24 0x00000000800060ac
core   0: 0x0000000080004010 (0x000c00e7) jalr    s8
core   0: 3 0x0000000080004010 (0x000c00e7) x1  0x0000000080004014
core   0: >>>>  any_handler
core   0: 0x00000000800060ac (0x341027f3) csrrs   a5, mepc, zero
core   0: 3 0x00000000800060ac (0x341027f3) x15 0x0000000080005a8e
core   0: 0x00000000800060b0 (0x34202773) csrrs   a4, mcause, zero
core   0: 3 0x00000000800060b0 (0x34202773) x14 0x0000000000000002
core   0: 0x00000000800060b4 (0x142026f3) csrrs   a3, scause, zero
core   0: 3 0x00000000800060b4 (0x142026f3) x13 0x0000000000000000
core   0: 0x00000000800060b8 (0x30402673) csrrs   a2, mie, zero
core   0: 3 0x00000000800060b8 (0x30402673) x12 0x0000000000000a00
core   0: 0x00000000800060bc (0x344025f3) csrrs   a1, mip, zero
core   0: 3 0x00000000800060bc (0x344025f3) x11 0x0000000000000080
core   0: 0x00000000800060c0 (0x343025f3) csrrs   a1, mtval, zero
core   0: 3 0x00000000800060c0 (0x343025f3) x11 0x00000000f136a6f3
core   0: 0x00000000800060c4 (0x14302573) csrrs   a0, stval, zero
core   0: 3 0x00000000800060c4 (0x14302573) x10 0x0000000000000001
core   0: 0x00000000800060c8 (0xb02024f3) csrrs   s1, minstret, zero
core   0: 3 0x00000000800060c8 (0xb02024f3) x9  0x00000000000010fe
core   0: 0x00000000800060cc (0x0000a811) c.j     pc + 20
core   0: 3 0x00000000800060cc (0xa811)
core   0: >>>>  mepc_4
core   0: 0x00000000800060e0 (0x00000791) c.addi  a5, 4
core   0: 3 0x00000000800060e0 (0x0791) x15 0x0000000080005a92
core   0: 0x00000000800060e2 (0x34179073) csrrw   zero, mepc, a5
core   0: 3 0x00000000800060e2 (0x34179073) c833_mepc 0x0000000080005a92
core   0: 0x00000000800060e6 (0x30200073) mret
core   0: 3 0x00000000800060e6 (0x30200073) c768_mstatus 0x8000000a00106080
core   0: 0x0000000080005a92 (0x2049beb7) lui     t4, 0x2049b
core   0: 1 0x0000000080005a92 (0x2049beb7) x29 0x000000002049b000
core   0: 0x0000000080005a96 (0x01d6c9b3) xor     s3, a3, t4
core   0: 1 0x0000000080005a96 (0x01d6c9b3) x19 0x000000002049b000
core   0: 0x0000000080005a9a (0xb02b12f3) csrrw   t0, minstret, s6
core   0: exception trap_illegal_instruction, epc 0x0000000080005a9a
core   0:           tval 0x00000000b02b12f3
core   0: >>>>  $xrv64i2p1_m2p0_a2p1_f2p2_d2p2_zicsr2p0_zifencei2p0_zmmul1p0_zba1p0_zbb1p0_zbc1p0_zbs1p0
core   0: 0x0000000080004000 (0x0080006f) j       pc + 0x8
core   0: 3 0x0000000080004000 (0x0080006f)
core   0: >>>>  mmode_exception_handler
core   0: 0x0000000080004008 (0x00002c17) auipc   s8, 0x2
core   0: 3 0x0000000080004008 (0x00002c17) x24 0x0000000080006008
core   0: 0x000000008000400c (0x0a4c0c13) addi    s8, s8, 164
core   0: 3 0x000000008000400c (0x0a4c0c13) x24 0x00000000800060ac
core   0: 0x0000000080004010 (0x000c00e7) jalr    s8
core   0: 3 0x0000000080004010 (0x000c00e7) x1  0x0000000080004014
core   0: >>>>  any_handler
core   0: 0x00000000800060ac (0x341027f3) csrrs   a5, mepc, zero
core   0: 3 0x00000000800060ac (0x341027f3) x15 0x0000000080005a9a
core   0: 0x00000000800060b0 (0x34202773) csrrs   a4, mcause, zero
core   0: 3 0x00000000800060b0 (0x34202773) x14 0x0000000000000002
core   0: 0x00000000800060b4 (0x142026f3) csrrs   a3, scause, zero
core   0: 3 0x00000000800060b4 (0x142026f3) x13 0x0000000000000000
core   0: 0x00000000800060b8 (0x30402673) csrrs   a2, mie, zero
core   0: 3 0x00000000800060b8 (0x30402673) x12 0x0000000000000a00
core   0: 0x00000000800060bc (0x344025f3) csrrs   a1, mip, zero
core   0: 3 0x00000000800060bc (0x344025f3) x11 0x0000000000000080
core   0: 0x00000000800060c0 (0x343025f3) csrrs   a1, mtval, zero
core   0: 3 0x00000000800060c0 (0x343025f3) x11 0x00000000b02b12f3
core   0: 0x00000000800060c4 (0x14302573) csrrs   a0, stval, zero
core   0: 3 0x00000000800060c4 (0x14302573) x10 0x0000000000000001
core   0: 0x00000000800060c8 (0xb02024f3) csrrs   s1, minstret, zero
core   0: 3 0x00000000800060c8 (0xb02024f3) x9  0x0000000000001110
core   0: 0x00000000800060cc (0x0000a811) c.j     pc + 20
core   0: 3 0x00000000800060cc (0xa811)
core   0: >>>>  mepc_4
core   0: 0x00000000800060e0 (0x00000791) c.addi  a5, 4
core   0: 3 0x00000000800060e0 (0x0791) x15 0x0000000080005a9e
core   0: 0x00000000800060e2 (0x34179073) csrrw   zero, mepc, a5
core   0: 3 0x00000000800060e2 (0x34179073) c833_mepc 0x0000000080005a9e
core   0: 0x00000000800060e6 (0x30200073) mret
core   0: 3 0x00000000800060e6 (0x30200073) c768_mstatus 0x8000000a00106080
core   0: 0x0000000080005a9e (0x00000001) c.nop
core   0: 1 0x0000000080005a9e (0x0001)
core   0: 0x0000000080005aa0 (0x43fa5493) srai    s1, s4, 63
core   0: 1 0x0000000080005aa0 (0x43fa5493) x9  0x0000000000000000
core   0: 0x0000000080005aa4 (0x008250b3) srl     ra, tp, s0
core   0: 1 0x0000000080005aa4 (0x008250b3) x1  0x0000000000000001
core   0: 0x0000000080005aa8 (0x010988bb) addw    a7, s3, a6
core   0: 1 0x0000000080005aa8 (0x010988bb) x17 0xffffffffa049b000
core   0: 0x0000000080005aac (0xc22e7dd3) fcvt.l.d s11, ft8
core   0: 1 0x0000000080005aac (0xc22e7dd3) c1_fflags 0x0000000000000011 x27 0x7fffffffffffffff
core   0: 0x0000000080005ab0 (0x03447433) remu    s0, s0, s4
core   0: 1 0x0000000080005ab0 (0x03447433) x8  0x0000000000000000
core   0: 0x0000000080005ab4 (0x42194813) xori    a6, s2, 1057
core   0: 1 0x0000000080005ab4 (0x42194813) x16 0xfffffffffc924d05
core   0: 0x0000000080005ab8 (0x415852bb) sraw    t0, a6, s5
core   0: 1 0x0000000080005ab8 (0x415852bb) x5  0xfffffffffc924d05
core   0: 0x0000000080005abc (0x40250cbb) subw    s9, a0, sp
core   0: 1 0x0000000080005abc (0x40250cbb) x25 0xfffffffffff80002
core   0: 0x0000000080005ac0 (0x0012c493) xori    s1, t0, 1
core   0: 1 0x0000000080005ac0 (0x0012c493) x9  0xfffffffffc924d04
core   0: 0x0000000080005ac4 (0x6a1cfcc3) fmadd.d fs9, fs9, ft1, fa3
core   0: 1 0x0000000080005ac4 (0x6a1cfcc3) f25 0x7ff8000000000000
core   0: 0x0000000080005ac8 (0xc2107e53) fcvt.wu.d t3, ft0
core   0: 1 0x0000000080005ac8 (0xc2107e53) x28 0x0000000000000000
core   0: 0x0000000080005acc (0x039f76d3) fadd.d  fa3, ft10, fs9
core   0: 1 0x0000000080005acc (0x039f76d3) f13 0x7ff8000000000000
core   0: 0x0000000080005ad0 (0x028bacb3) mulhsu  s9, s7, s0
core   0: 1 0x0000000080005ad0 (0x028bacb3) x25 0x0000000000000000
core   0: 0x0000000080005ad4 (0x00071e33) sll     t3, a4, zero
core   0: 1 0x0000000080005ad4 (0x00071e33) x28 0x0000000000000002
core   0: 0x0000000080005ad8 (0x00594cb3) xor     s9, s2, t0
core   0: 1 0x0000000080005ad8 (0x00594cb3) x25 0x0000000000000421
core   0: 0x0000000080005adc (0x03b28cbb) mulw    s9, t0, s11
core   0: 1 0x0000000080005adc (0x03b28cbb) x25 0x00000000036db2fb
core   0: 0x0000000080005ae0 (0x01ba53b3) srl     t2, s4, s11
core   0: 1 0x0000000080005ae0 (0x01ba53b3) x7  0x0000000000000000
core   0: 0x0000000080005ae4 (0x4003559b) sraiw   a1, t1, 0
core   0: 1 0x0000000080005ae4 (0x4003559b) x11 0x0000000000000000
core   0: 0x0000000080005ae8 (0x00051913) slli    s2, a0, 0
core   0: 1 0x0000000080005ae8 (0x00051913) x18 0x0000000000000001
core   0: 0x0000000080005aec (0x2b9a1a53) fmax.d  fs4, fs4, fs9
core   0: 1 0x0000000080005aec (0x2b9a1a53) f20 0x42105bffbe900000
core   0: 0x0000000080005af0 (0x001911f3) csrrw   gp, fflags, s2
core   0: 1 0x0000000080005af0 (0x001911f3) x3  0x0000000000000011 c1_fflags 0x0000000000000001
core   0: 0x0000000080005af4 (0xfb4a77cb) fnmsub.d fa5, fs4, fs4, ft11
core   0: 1 0x0000000080005af4 (0xfb4a77cb) f15 0x7ff8000000000000
core   0: 0x0000000080005af8 (0x13e47dd3) fmul.d  fs11, fs0, ft10
core   0: 1 0x0000000080005af8 (0x13e47dd3) f27 0x7ff8000000000000
core   0: 0x0000000080005afc (0x02d6ecbb) remw    s9, a3, a3
core   0: 1 0x0000000080005afc (0x02d6ecbb) x25 0x0000000000000000
core   0: 0x0000000080005b00 (0x4323d393) srai    t2, t2, 50
core   0: 1 0x0000000080005b00 (0x4323d393) x7  0x0000000000000000
core   0: 0x0000000080005b04 (0xc210f7d3) fcvt.wu.d a5, ft1
core   0: 1 0x0000000080005b04 (0xc210f7d3) x15 0x0000000000000000
core   0: 0x0000000080005b08 (0x00000001) c.nop
core   0: 1 0x0000000080005b08 (0x0001)
core   0: 0x0000000080005b0a (0x01aedc3b) srlw    s8, t4, s10
core   0: 1 0x0000000080005b0a (0x01aedc3b) x24 0x0000000004093600
core   0: 0x0000000080005b0e (0x23678553) fsgnj.d fa0, fa5, fs6
core   0: 1 0x0000000080005b0e (0x23678553) f10 0xfff8000000000000
core   0: 0x0000000080005b12 (0x00202e73) csrrs   t3, frm, zero
core   0: 1 0x0000000080005b12 (0x00202e73) x28 0x0000000000000000
core   0: 0x0000000080005b16 (0x0019909b) slliw   ra, s3, 1
core   0: 1 0x0000000080005b16 (0x0019909b) x1  0x0000000040936000
core   0: 0x0000000080005b1a (0x018e133b) sllw    t1, t3, s8
core   0: 1 0x0000000080005b1a (0x018e133b) x6  0x0000000000000000
core   0: 0x0000000080005b1e (0x0192523b) srlw    tp, tp, s9
core   0: 1 0x0000000080005b1e (0x0192523b) x4  0xffffffff97ec9000
core   0: 0x0000000080005b22 (0x7a5a6113) ori     sp, s4, 1957
core   0: 1 0x0000000080005b22 (0x7a5a6113) x2  0x00000000000007a5
core   0: 0x0000000080005b26 (0xc21e77d3) fcvt.wu.d a5, ft8
core   0: 1 0x0000000080005b26 (0xc21e77d3) c1_fflags 0x0000000000000011 x15 0xffffffffffffffff
core   0: 0x0000000080005b2a (0x001a5813) srli    a6, s4, 1
core   0: 1 0x0000000080005b2a (0x001a5813) x16 0x0000000000000000
core   0: 0x0000000080005b2e (0x2202a753) fsgnjx.d fa4, ft5, ft0
core   0: 1 0x0000000080005b2e (0x2202a753) f14 0x7ff8000000000000
core   0: 0x0000000080005b32 (0xd0287353) fcvt.s.l ft6, a6
core   0: 1 0x0000000080005b32 (0xd0287353) f6  0xffffffff00000000
core   0: 0x0000000080005b36 (0x0ff0000f) fence   iorw,iorw
core   0: 1 0x0000000080005b36 (0x0ff0000f)
core   0: 0x0000000080005b3a (0x9cfc8537) lui     a0, 0x9cfc8
core   0: 1 0x0000000080005b3a (0x9cfc8537) x10 0xffffffff9cfc8000
core   0: 0x0000000080005b3e (0x02a02db3) mulhsu  s11, zero, a0
core   0: 1 0x0000000080005b3e (0x02a02db3) x27 0x0000000000000000
core   0: 0x0000000080005b42 (0x013ac7b3) xor     a5, s5, s3
core   0: 1 0x0000000080005b42 (0x013ac7b3) x15 0x000000002049b000
core   0: 0x0000000080005b46 (0xc0337953) fcvt.lu.s s2, ft6
core   0: 1 0x0000000080005b46 (0xc0337953) x18 0x0000000000000000
core   0: 0x0000000080005b4a (0x401d509b) sraiw   ra, s10, 1
core   0: 1 0x0000000080005b4a (0x401d509b) x1  0xffffffffcbf64b31
core   0: 0x0000000080005b4e (0xfd53f537) lui     a0, 0xfd53f
core   0: 1 0x0000000080005b4e (0xfd53f537) x10 0xfffffffffd53f000
core   0: 0x0000000080005b52 (0xa495051b) addiw   a0, a0, -1463
core   0: 1 0x0000000080005b52 (0xa495051b) x10 0xfffffffffd53ea49
core   0: 0x0000000080005b56 (0x00000536) c.slli  a0, 13
core   0: 1 0x0000000080005b56 (0x0536) x10 0xffffffaa7d492000
core   0: 0x0000000080005b58 (0xf1750513) addi    a0, a0, -233
core   0: 1 0x0000000080005b58 (0xf1750513) x10 0xffffffaa7d491f17
core   0: 0x0000000080005b5c (0x001028f3) csrrs   a7, fflags, zero
core   0: 1 0x0000000080005b5c (0x001028f3) x17 0x0000000000000011
core   0: 0x0000000080005b60 (0x00a0d9bb) srlw    s3, ra, a0
core   0: 1 0x0000000080005b60 (0x00a0d9bb) x19 0x0000000000000197
core   0: 0x0000000080005b64 (0x00202df3) csrrs   s11, frm, zero
core   0: 1 0x0000000080005b64 (0x00202df3) x27 0x0000000000000000
core   0: 0x0000000080005b68 (0x9d0c6397) auipc   t2, 0x9d0c6
core   0: 1 0x0000000080005b68 (0x9d0c6397) x7  0x000000001d0cbb68
core   0: 0x0000000080005b6c (0x2b8c0e53) fmin.d  ft8, fs8, fs8
core   0: 1 0x0000000080005b6c (0x2b8c0e53) f28 0x7ff8000000000000
core   0: 0x0000000080005b70 (0x007ad9b3) srl     s3, s5, t2
core   0: 1 0x0000000080005b70 (0x007ad9b3) x19 0x0000000000000000
core   0: 0x0000000080005b74 (0x40950933) sub     s2, a0, s1
core   0: 1 0x0000000080005b74 (0x40950933) x18 0xffffffaa80b6d213
core   0: 0x0000000080005b78 (0x01b7a333) slt     t1, a5, s11
core   0: 1 0x0000000080005b78 (0x01b7a333) x6  0x0000000000000000
core   0: 0x0000000080005b7c (0x00281873) csrrw   a6, frm, a6
core   0: 1 0x0000000080005b7c (0x00281873) x16 0x0000000000000000 c2_frm 0x0000000000000000
core   0: 0x0000000080005b80 (0x045672b7) lui     t0, 0x4567
core   0: 1 0x0000000080005b80 (0x045672b7) x5  0x0000000004567000
core   0: 0x0000000080005b84 (0xfb52829b) addiw   t0, t0, -75
core   0: 1 0x0000000080005b84 (0xfb52829b) x5  0x0000000004566fb5
core   0: 0x0000000080005b88 (0x000002b2) c.slli  t0, 12
core   0: 1 0x0000000080005b88 (0x02b2) x5  0x0000004566fb5000
core   0: 0x0000000080005b8a (0xf2f28293) addi    t0, t0, -209
core   0: 1 0x0000000080005b8a (0xf2f28293) x5  0x0000004566fb4f2f
core   0: 0x0000000080005b8e (0x104ff6f3) csrrci  a3, sie, 31
core   0: 1 0x0000000080005b8e (0x104ff6f3) x13 0x0000000000000000 c772_mie 0x0000000000000a00
core   0: 0x0000000080005b92 (0x00169c13) slli    s8, a3, 1
core   0: 1 0x0000000080005b92 (0x00169c13) x24 0x0000000000000000
core   0: 0x0000000080005b96 (0x013680bb) addw    ra, a3, s3
core   0: 1 0x0000000080005b96 (0x013680bb) x1  0x0000000000000000
core   0: 0x0000000080005b9a (0x2a999bd3) fmax.d  fs7, fs3, fs1
core   0: 1 0x0000000080005b9a (0x2a999bd3) f23 0x3ff0000000000000
core   0: 0x0000000080005b9e (0x00219e73) csrrw   t3, frm, gp
core   0: 1 0x0000000080005b9e (0x00219e73) x28 0x0000000000000000 c2_frm 0x0000000000000001
core   0: 0x0000000080005ba2 (0x41a258bb) sraw    a7, tp, s10
core   0: 1 0x0000000080005ba2 (0x41a258bb) x17 0xfffffffff2fd9200
core   0: 0x0000000080005ba6 (0x03095833) divu    a6, s2, a6
core   0: 1 0x0000000080005ba6 (0x03095833) x16 0xffffffffffffffff
core   0: 0x0000000080005baa (0x0157cc33) xor     s8, a5, s5
core   0: 1 0x0000000080005baa (0x0157cc33) x24 0x000000002049b000
core   0: 0x0000000080005bae (0x000d889b) sext.w  a7, s11
core   0: 1 0x0000000080005bae (0x000d889b) x17 0x0000000000000000
core   0: 0x0000000080005bb2 (0x01f49e9b) slliw   t4, s1, 31
core   0: 1 0x0000000080005bb2 (0x01f49e9b) x29 0x0000000000000000
core   0: 0x0000000080005bb6 (0xc23973d3) fcvt.lu.d t2, fs2
core   0: 1 0x0000000080005bb6 (0xc23973d3) x7  0x000000000007ffff
core   0: 0x0000000080005bba (0xc03e72d3) fcvt.lu.s t0, ft8
core   0: 1 0x0000000080005bba (0xc03e72d3) c1_fflags 0x0000000000000011 x5  0xffffffffffffffff
core   0: 0x0000000080005bbe (0x00202a73) csrrs   s4, frm, zero
core   0: 1 0x0000000080005bbe (0x00202a73) x20 0x0000000000000001
core   0: 0x0000000080005bc2 (0x4017ff53) fcvt.s.d ft10, fa5
core   0: 1 0x0000000080005bc2 (0x4017ff53) f30 0xffffffff7fc00000
core   0: 0x0000000080005bc6 (0x00000001) c.nop
core   0: 1 0x0000000080005bc6 (0x0001)
core   0: 0x0000000080005bc8 (0x0142e433) or      s0, t0, s4
core   0: 1 0x0000000080005bc8 (0x0142e433) x8  0xffffffffffffffff
core   0: 0x0000000080005bcc (0x000050bb) srlw    ra, zero, zero
core   0: 1 0x0000000080005bcc (0x000050bb) x1  0x0000000000000000
core   0: 0x0000000080005bd0 (0x4131521b) sraiw   tp, sp, 19
core   0: 1 0x0000000080005bd0 (0x4131521b) x4  0x0000000000000000
core   0: 0x0000000080005bd4 (0x01ad4337) lui     t1, 0x1ad4
core   0: 1 0x0000000080005bd4 (0x01ad4337) x6  0x0000000001ad4000
core   0: 0x0000000080005bd8 (0xb6f3031b) addiw   t1, t1, -1169
core   0: 1 0x0000000080005bd8 (0xb6f3031b) x6  0x0000000001ad3b6f
core   0: 0x0000000080005bdc (0x0000033a) c.slli  t1, 14
core   0: 1 0x0000000080005bdc (0x033a) x6  0x0000006b4edbc000
core   0: 0x0000000080005bde (0x7a930313) addi    t1, t1, 1961
core   0: 1 0x0000000080005bde (0x7a930313) x6  0x0000006b4edbc7a9
core   0: 0x0000000080005be2 (0x4109583b) sraw    a6, s2, a6
core   0: 1 0x0000000080005be2 (0x4109583b) x16 0xffffffffffffffff
core   0: 0x0000000080005be6 (0x401df3d3) fcvt.s.d ft7, fs11
core   0: 1 0x0000000080005be6 (0x401df3d3) f7  0xffffffff7fc00000
core   0: 0x0000000080005bea (0x4150043b) subw    s0, zero, s5
core   0: 1 0x0000000080005bea (0x4150043b) x8  0x0000000000000000
core   0: 0x0000000080005bee (0x0323f4d3) fadd.d  fs1, ft7, fs2
core   0: 1 0x0000000080005bee (0x0323f4d3) f9  0x7ff8000000000000
core   0: 0x0000000080005bf2 (0x02aca5b3) mulhsu  a1, s9, a0
core   0: 1 0x0000000080005bf2 (0x02aca5b3) x11 0x0000000000000000
core   0: 0x0000000080005bf6 (0x9a3cec93) ori     s9, s9, -1629
core   0: 1 0x0000000080005bf6 (0x9a3cec93) x25 0xfffffffffffff9a3
core   0: 0x0000000080005bfa (0x4010d5bb) sraw    a1, ra, ra
core   0: 1 0x0000000080005bfa (0x4010d5bb) x11 0x0000000000000000
core   0: 0x0000000080005bfe (0xfff98b13) addi    s6, s3, -1
core   0: 1 0x0000000080005bfe (0xfff98b13) x22 0xffffffffffffffff
core   0: 0x0000000080005c02 (0x016a8abb) addw    s5, s5, s6
core   0: 1 0x0000000080005c02 (0x016a8abb) x21 0xffffffffffffffff
core   0: 0x0000000080005c06 (0x028ae43b) remw    s0, s5, s0
core   0: 1 0x0000000080005c06 (0x028ae43b) x8  0xffffffffffffffff
core   0: 0x0000000080005c0a (0x049ab4b7) lui     s1, 0x49ab
core   0: 1 0x0000000080005c0a (0x049ab4b7) x9  0x00000000049ab000
core   0: 0x0000000080005c0e (0xd21a8fd3) fcvt.d.wu ft11, s5
core   0: 1 0x0000000080005c0e (0xd21a8fd3) f31 0x41efffffffe00000
core   0: 0x0000000080005c12 (0x410e513b) sraw    sp, t3, a6
core   0: 1 0x0000000080005c12 (0x410e513b) x2  0x0000000000000000
core   0: 0x0000000080005c16 (0x41b15233) sra     tp, sp, s11
core   0: 1 0x0000000080005c16 (0x41b15233) x4  0x0000000000000000
core   0: 0x0000000080005c1a (0xd2160ad3) fcvt.d.wu fs5, a2
core   0: 1 0x0000000080005c1a (0xd2160ad3) f21 0x40a4000000000000
core   0: 0x0000000080005c1e (0x02918abb) mulw    s5, gp, s1
core   0: 1 0x0000000080005c1e (0x02918abb) x21 0x000000004e45b000
core   0: 0x0000000080005c22 (0x41a282bb) subw    t0, t0, s10
core   0: 1 0x0000000080005c22 (0x41a282bb) x5  0x000000006813699c
core   0: 0x0000000080005c26 (0x00202bf3) csrrs   s7, frm, zero
core   0: 1 0x0000000080005c26 (0x00202bf3) x23 0x0000000000000001
core   0: 0x0000000080005c2a (0x021af0bb) remuw   ra, s5, ra
core   0: 1 0x0000000080005c2a (0x021af0bb) x1  0x000000004e45b000
core   0: 0x0000000080005c2e (0xc0317353) fcvt.lu.s t1, ft2
core   0: 1 0x0000000080005c2e (0xc0317353) c1_fflags 0x0000000000000011 x6  0xffffffffffffffff
core   0: 0x0000000080005c32 (0x00181e3b) sllw    t3, a6, ra
core   0: 1 0x0000000080005c32 (0x00181e3b) x28 0xffffffffffffffff
core   0: 0x0000000080005c36 (0x0187979b) slliw   a5, a5, 24
core   0: 1 0x0000000080005c36 (0x0187979b) x15 0x0000000000000000
core   0: 0x0000000080005c3a (0x40f350bb) sraw    ra, t1, a5
core   0: 1 0x0000000080005c3a (0x40f350bb) x1  0xffffffffffffffff
core   0: 0x0000000080005c3e (0x407689b3) sub     s3, a3, t2
core   0: 1 0x0000000080005c3e (0x407689b3) x19 0xfffffffffff80001
core   0: 0x0000000080005c42 (0x2a2a97d3) fmax.d  fa5, fs5, ft2
core   0: 1 0x0000000080005c42 (0x2a2a97d3) f15 0x40a4000000000000
core   0: 0x0000000080005c46 (0x40f1d7bb) sraw    a5, gp, a5
core   0: 1 0x0000000080005c46 (0x40f1d7bb) x15 0x0000000000000011
core   0: 0x0000000080005c4a (0x00000001) c.nop
core   0: 1 0x0000000080005c4a (0x0001)
core   0: 0x0000000080005c4c (0x01780733) add     a4, a6, s7
core   0: 1 0x0000000080005c4c (0x01780733) x14 0x0000000000000000
core   0: 0x0000000080005c50 (0x00386eb3) or      t4, a6, gp
core   0: 1 0x0000000080005c50 (0x00386eb3) x29 0xffffffffffffffff
core   0: 0x0000000080005c54 (0x4003d393) srai    t2, t2, 0
core   0: 1 0x0000000080005c54 (0x4003d393) x7  0x000000000007ffff
core   0: 0x0000000080005c58 (0x00000001) c.nop
core   0: 1 0x0000000080005c58 (0x0001)
core   0: 0x0000000080005c5a (0xc03068f3) csrrsi  a7, hpmcounter3, 0
core   0: exception trap_illegal_instruction, epc 0x0000000080005c5a
core   0:           tval 0x00000000c03068f3
core   0: >>>>  $xrv64i2p1_m2p0_a2p1_f2p2_d2p2_zicsr2p0_zifencei2p0_zmmul1p0_zba1p0_zbb1p0_zbc1p0_zbs1p0
core   0: 0x0000000080004000 (0x0080006f) j       pc + 0x8
core   0: 3 0x0000000080004000 (0x0080006f)
core   0: >>>>  mmode_exception_handler
core   0: 0x0000000080004008 (0x00002c17) auipc   s8, 0x2
core   0: 3 0x0000000080004008 (0x00002c17) x24 0x0000000080006008
core   0: 0x000000008000400c (0x0a4c0c13) addi    s8, s8, 164
core   0: 3 0x000000008000400c (0x0a4c0c13) x24 0x00000000800060ac
core   0: 0x0000000080004010 (0x000c00e7) jalr    s8
core   0: 3 0x0000000080004010 (0x000c00e7) x1  0x0000000080004014
core   0: >>>>  any_handler
core   0: 0x00000000800060ac (0x341027f3) csrrs   a5, mepc, zero
core   0: 3 0x00000000800060ac (0x341027f3) x15 0x0000000080005c5a
core   0: 0x00000000800060b0 (0x34202773) csrrs   a4, mcause, zero
core   0: 3 0x00000000800060b0 (0x34202773) x14 0x0000000000000002
core   0: 0x00000000800060b4 (0x142026f3) csrrs   a3, scause, zero
core   0: 3 0x00000000800060b4 (0x142026f3) x13 0x0000000000000000
core   0: 0x00000000800060b8 (0x30402673) csrrs   a2, mie, zero
core   0: 3 0x00000000800060b8 (0x30402673) x12 0x0000000000000a00
core   0: 0x00000000800060bc (0x344025f3) csrrs   a1, mip, zero
core   0: 3 0x00000000800060bc (0x344025f3) x11 0x0000000000000080
core   0: 0x00000000800060c0 (0x343025f3) csrrs   a1, mtval, zero
core   0: 3 0x00000000800060c0 (0x343025f3) x11 0x00000000c03068f3
core   0: 0x00000000800060c4 (0x14302573) csrrs   a0, stval, zero
core   0: 3 0x00000000800060c4 (0x14302573) x10 0x0000000000000001
core   0: 0x00000000800060c8 (0xb02024f3) csrrs   s1, minstret, zero
core   0: 3 0x00000000800060c8 (0xb02024f3) x9  0x0000000000001193
core   0: 0x00000000800060cc (0x0000a811) c.j     pc + 20
core   0: 3 0x00000000800060cc (0xa811)
core   0: >>>>  mepc_4
core   0: 0x00000000800060e0 (0x00000791) c.addi  a5, 4
core   0: 3 0x00000000800060e0 (0x0791) x15 0x0000000080005c5e
core   0: 0x00000000800060e2 (0x34179073) csrrw   zero, mepc, a5
core   0: 3 0x00000000800060e2 (0x34179073) c833_mepc 0x0000000080005c5e
core   0: 0x00000000800060e6 (0x30200073) mret
core   0: 3 0x00000000800060e6 (0x30200073) c768_mstatus 0x8000000a00106080
core   0: 0x0000000080005c5e (0x00189073) csrrw   zero, fflags, a7
core   0: 1 0x0000000080005c5e (0x00189073) c1_fflags 0x0000000000000000
core   0: 0x0000000080005c62 (0x7ff88d9b) addiw   s11, a7, 2047
core   0: 1 0x0000000080005c62 (0x7ff88d9b) x27 0x00000000000007ff
core   0: 0x0000000080005c66 (0x0397ecbb) remw    s9, a5, s9
core   0: 1 0x0000000080005c66 (0x0397ecbb) x25 0xfffffffffffffa6a
core   0: 0x0000000080005c6a (0x001e119b) slliw   gp, t3, 1
core   0: 1 0x0000000080005c6a (0x001e119b) x3  0xfffffffffffffffe
core   0: 0x0000000080005c6e (0x4036003b) subw    zero, a2, gp
core   0: 1 0x0000000080005c6e (0x4036003b)
core   0: 0x0000000080005c72 (0xd22072d3) fcvt.d.l ft5, zero
core   0: 1 0x0000000080005c72 (0xd22072d3) f5  0x0000000000000000
core   0: 0x0000000080005c76 (0x02357dbb) remuw   s11, a0, gp
core   0: 1 0x0000000080005c76 (0x02357dbb) x27 0x0000000000000001
core   0: 0x0000000080005c7a (0x00000001) c.nop
core   0: 1 0x0000000080005c7a (0x0001)
core   0: 0x0000000080005c7c (0x0ff0000f) fence   iorw,iorw
core   0: 1 0x0000000080005c7c (0x0ff0000f)
core   0: 0x0000000080005c80 (0xd031f3d3) fcvt.s.lu ft7, gp
core   0: 1 0x0000000080005c80 (0xd031f3d3) c1_fflags 0x0000000000000001 f7  0xffffffff5f7fffff
core   0: 0x0000000080005c84 (0x2bc78c53) fmin.d  fs8, fa5, ft8
core   0: 1 0x0000000080005c84 (0x2bc78c53) f24 0x40a4000000000000
core   0: 0x0000000080005c88 (0x2af418d3) fmax.d  fa7, fs0, fa5
core   0: 1 0x0000000080005c88 (0x2af418d3) f17 0x40a4000000000000
core   0: 0x0000000080005c8c (0x0139d2bb) srlw    t0, s3, s3
core   0: 1 0x0000000080005c8c (0x0139d2bb) x5  0x000000007ffc0000
core   0: 0x0000000080005c90 (0xd036f053) fcvt.s.lu ft0, a3
core   0: 1 0x0000000080005c90 (0xd036f053) f0  0xffffffff00000000
core   0: 0x0000000080005c94 (0x8aed7747) fmsub.d fa4, fs10, fa4, fa7
core   0: 1 0x0000000080005c94 (0x8aed7747) f14 0x7ff8000000000000
core   0: 0x0000000080005c98 (0x420f0e53) fcvt.d.s ft8, ft10
core   0: 1 0x0000000080005c98 (0x420f0e53) f28 0x7ff8000000000000
core   0: 0x0000000080005c9c (0x02bb5033) divu    zero, s6, a1
core   0: 1 0x0000000080005c9c (0x02bb5033)
core   0: 0x0000000080005ca0 (0xc0277953) fcvt.l.s s2, fa4
core   0: 1 0x0000000080005ca0 (0xc0277953) c1_fflags 0x0000000000000011 x18 0x7fffffffffffffff
core   0: 0x0000000080005ca4 (0x0ff0000f) fence   iorw,iorw
core   0: 1 0x0000000080005ca4 (0x0ff0000f)
core   0: 0x0000000080005ca8 (0x5a38f5cb) fnmsub.d fa1, fa7, ft3, fa1
core   0: 1 0x0000000080005ca8 (0x5a38f5cb) f11 0x7ff8000000000000
core   0: 0x0000000080005cac (0x028edebb) divuw   t4, t4, s0
core   0: 1 0x0000000080005cac (0x028edebb) x29 0x0000000000000001
core   0: 0x0000000080005cb0 (0x1aee7b53) fdiv.d  fs6, ft8, fa4
core   0: 1 0x0000000080005cb0 (0x1aee7b53) f22 0x7ff8000000000000
core   0: 0x0000000080005cb4 (0x00000001) c.nop
core   0: 1 0x0000000080005cb4 (0x0001)
core   0: 0x0000000080005cb6 (0x013af9b3) and     s3, s5, s3
core   0: 1 0x0000000080005cb6 (0x013af9b3) x19 0x000000004e400000
core   0: 0x0000000080005cba (0xd232f1d3) fcvt.d.lu ft3, t0
core   0: 1 0x0000000080005cba (0xd232f1d3) f3  0x41dfff0000000000
core   0: 0x0000000080005cbe (0x4149d4b3) sra     s1, s3, s4
core   0: 1 0x0000000080005cbe (0x4149d4b3) x9  0x0000000027200000
core   0: 0x0000000080005cc2 (0x99f2fe37) lui     t3, 0x99f2f
core   0: 1 0x0000000080005cc2 (0x99f2fe37) x28 0xffffffff99f2f000
core   0: 0x0000000080005cc6 (0x227390d3) fsgnjn.d ft1, ft7, ft7
core   0: 1 0x0000000080005cc6 (0x227390d3) f1  0x7fffffff5f7fffff
core   0: 0x0000000080005cca (0xf15132f3) csrrc   t0, mconfigptr, sp
core   0: exception trap_illegal_instruction, epc 0x0000000080005cca
core   0:           tval 0x00000000f15132f3
core   0: >>>>  $xrv64i2p1_m2p0_a2p1_f2p2_d2p2_zicsr2p0_zifencei2p0_zmmul1p0_zba1p0_zbb1p0_zbc1p0_zbs1p0
core   0: 0x0000000080004000 (0x0080006f) j       pc + 0x8
core   0: 3 0x0000000080004000 (0x0080006f)
core   0: >>>>  mmode_exception_handler
core   0: 0x0000000080004008 (0x00002c17) auipc   s8, 0x2
core   0: 3 0x0000000080004008 (0x00002c17) x24 0x0000000080006008
core   0: 0x000000008000400c (0x0a4c0c13) addi    s8, s8, 164
core   0: 3 0x000000008000400c (0x0a4c0c13) x24 0x00000000800060ac
core   0: 0x0000000080004010 (0x000c00e7) jalr    s8
core   0: 3 0x0000000080004010 (0x000c00e7) x1  0x0000000080004014
core   0: >>>>  any_handler
core   0: 0x00000000800060ac (0x341027f3) csrrs   a5, mepc, zero
core   0: 3 0x00000000800060ac (0x341027f3) x15 0x0000000080005cca
core   0: 0x00000000800060b0 (0x34202773) csrrs   a4, mcause, zero
core   0: 3 0x00000000800060b0 (0x34202773) x14 0x0000000000000002
core   0: 0x00000000800060b4 (0x142026f3) csrrs   a3, scause, zero
core   0: 3 0x00000000800060b4 (0x142026f3) x13 0x0000000000000000
core   0: 0x00000000800060b8 (0x30402673) csrrs   a2, mie, zero
core   0: 3 0x00000000800060b8 (0x30402673) x12 0x0000000000000a00
core   0: 0x00000000800060bc (0x344025f3) csrrs   a1, mip, zero
core   0: 3 0x00000000800060bc (0x344025f3) x11 0x0000000000000080
core   0: 0x00000000800060c0 (0x343025f3) csrrs   a1, mtval, zero
core   0: 3 0x00000000800060c0 (0x343025f3) x11 0x00000000f15132f3
core   0: 0x00000000800060c4 (0x14302573) csrrs   a0, stval, zero
core   0: 3 0x00000000800060c4 (0x14302573) x10 0x0000000000000001
core   0: 0x00000000800060c8 (0xb02024f3) csrrs   s1, minstret, zero
core   0: 3 0x00000000800060c8 (0xb02024f3) x9  0x00000000000011bf
core   0: 0x00000000800060cc (0x0000a811) c.j     pc + 20
core   0: 3 0x00000000800060cc (0xa811)
core   0: >>>>  mepc_4
core   0: 0x00000000800060e0 (0x00000791) c.addi  a5, 4
core   0: 3 0x00000000800060e0 (0x0791) x15 0x0000000080005cce
core   0: 0x00000000800060e2 (0x34179073) csrrw   zero, mepc, a5
core   0: 3 0x00000000800060e2 (0x34179073) c833_mepc 0x0000000080005cce
core   0: 0x00000000800060e6 (0x30200073) mret
core   0: 3 0x00000000800060e6 (0x30200073) c768_mstatus 0x8000000a00106080
core   0: 0x0000000080005cce (0xa2468653) fle.d   a2, fa3, ft4
core   0: 1 0x0000000080005cce (0xa2468653) c1_fflags 0x0000000000000011 x12 0x0000000000000000
core   0: 0x0000000080005cd2 (0x41170b33) sub     s6, a4, a7
core   0: 1 0x0000000080005cd2 (0x41170b33) x22 0x0000000000000002
core   0: 0x0000000080005cd6 (0x231fae53) fsgnjx.d ft8, ft11, fa7
core   0: 1 0x0000000080005cd6 (0x231fae53) f28 0x41efffffffe00000
core   0: 0x0000000080005cda (0x0258c53b) divw    a0, a7, t0
core   0: 1 0x0000000080005cda (0x0258c53b) x10 0x0000000000000000
core   0: 0x0000000080005cde (0xc03e7353) fcvt.lu.s t1, ft8
core   0: 1 0x0000000080005cde (0xc03e7353) c1_fflags 0x0000000000000011 x6  0xffffffffffffffff
core   0: 0x0000000080005ce2 (0x420f8ad3) fcvt.d.s fs5, ft11
core   0: 1 0x0000000080005ce2 (0x420f8ad3) f21 0x7ff8000000000000
core   0: 0x0000000080005ce6 (0x7ff5f213) andi    tp, a1, 2047
core   0: 1 0x0000000080005ce6 (0x7ff5f213) x4  0x00000000000002f3
core   0: 0x0000000080005cea (0x0234f4d3) fadd.d  fs1, fs1, ft3
core   0: 1 0x0000000080005cea (0x0234f4d3) f9  0x7ff8000000000000
core   0: 0x0000000080005cee (0x79793697) auipc   a3, 0x79793
core   0: 1 0x0000000080005cee (0x79793697) x13 0x00000000f9798cee
core   0: 0x0000000080005cf2 (0xc20272d3) fcvt.w.d t0, ft4
core   0: 1 0x0000000080005cf2 (0xc20272d3) c1_fflags 0x0000000000000011 x5  0x000000007fffffff
core   0: 0x0000000080005cf6 (0xfc1f3eb7) lui     t4, 0xfc1f3
core   0: 1 0x0000000080005cf6 (0xfc1f3eb7) x29 0xfffffffffc1f3000
core   0: 0x0000000080005cfa (0x2f3e8e9b) addiw   t4, t4, 755
core   0: 1 0x0000000080005cfa (0x2f3e8e9b) x29 0xfffffffffc1f32f3
core   0: 0x0000000080005cfe (0x00000eb6) c.slli  t4, 13
core   0: 1 0x0000000080005cfe (0x0eb6) x29 0xffffff83e65e6000
core   0: 0x0000000080005d00 (0x299e8e93) addi    t4, t4, 665
core   0: 1 0x0000000080005d00 (0x299e8e93) x29 0xffffff83e65e6299
core   0: 0x0000000080005d04 (0x0ff0000f) fence   iorw,iorw
core   0: 1 0x0000000080005d04 (0x0ff0000f)
core   0: 0x0000000080005d08 (0x00ddde3b) srlw    t3, s11, a3
core   0: 1 0x0000000080005d08 (0x00ddde3b) x28 0x0000000000000000
core   0: 0x0000000080005d0c (0x03ae5613) srli    a2, t3, 58
core   0: 1 0x0000000080005d0c (0x03ae5613) x12 0x0000000000000000
core   0: 0x0000000080005d10 (0x4b8af543) fmadd.d fa0, fs5, fs8, fs1
core   0: 1 0x0000000080005d10 (0x4b8af543) f10 0x7ff8000000000000
core   0: 0x0000000080005d14 (0x025745b3) div     a1, a4, t0
core   0: 1 0x0000000080005d14 (0x025745b3) x11 0x0000000000000000
core   0: 0x0000000080005d18 (0x23ac0c53) fsgnj.d fs8, fs8, fs10
core   0: 1 0x0000000080005d18 (0x23ac0c53) f24 0xc0a4000000000000
core   0: 0x0000000080005d1c (0x008492bb) sllw    t0, s1, s0
core   0: 1 0x0000000080005d1c (0x008492bb) x5  0xffffffff80000000
core   0: 0x0000000080005d20 (0x0294f73b) remuw   a4, s1, s1
core   0: 1 0x0000000080005d20 (0x0294f73b) x14 0x0000000000000000
core   0: 0x0000000080005d24 (0xc235fbd3) fcvt.lu.d s7, fa1
core   0: 1 0x0000000080005d24 (0xc235fbd3) c1_fflags 0x0000000000000011 x23 0xffffffffffffffff
core   0: 0x0000000080005d28 (0x027c5293) srli    t0, s8, 39
core   0: 1 0x0000000080005d28 (0x027c5293) x5  0x0000000000000000
core   0: 0x0000000080005d2c (0x01b0d6b3) srl     a3, ra, s11
core   0: 1 0x0000000080005d2c (0x01b0d6b3) x13 0x000000004000200a
core   0: 0x0000000080005d30 (0x01a2a9b3) slt     s3, t0, s10
core   0: 1 0x0000000080005d30 (0x01a2a9b3) x19 0x0000000000000000
core   0: 0x0000000080005d34 (0x0012d5b3) srl     a1, t0, ra
core   0: 1 0x0000000080005d34 (0x0012d5b3) x11 0x0000000000000000
core   0: 0x0000000080005d38 (0xc2027353) fcvt.w.d t1, ft4
core   0: 1 0x0000000080005d38 (0xc2027353) c1_fflags 0x0000000000000011 x6  0x000000007fffffff
core   0: 0x0000000080005d3c (0x033b29b3) mulhsu  s3, s6, s3
core   0: 1 0x0000000080005d3c (0x033b29b3) x19 0x0000000000000000
core   0: 0x0000000080005d40 (0x4003531b) sraiw   t1, t1, 0
core   0: 1 0x0000000080005d40 (0x4003531b) x6  0x000000007fffffff
core   0: 0x0000000080005d44 (0x7ff4e293) ori     t0, s1, 2047
core   0: 1 0x0000000080005d44 (0x7ff4e293) x5  0x00000000000017ff
core   0: 0x0000000080005d48 (0xd224fd53) fcvt.d.l fs10, s1
core   0: 1 0x0000000080005d48 (0xd224fd53) f26 0x40b1bf0000000000
core   0: 0x0000000080005d4c (0x10502d73) csrrs   s10, stvec, zero
core   0: 1 0x0000000080005d4c (0x10502d73) x26 0x0000000000000000
core   0: 0x0000000080005d50 (0xc2237a53) fcvt.l.d s4, ft6
core   0: 1 0x0000000080005d50 (0xc2237a53) c1_fflags 0x0000000000000011 x20 0x7fffffffffffffff
core   0: 0x0000000080005d54 (0x03247bbb) remuw   s7, s0, s2
core   0: 1 0x0000000080005d54 (0x03247bbb) x23 0x0000000000000000
core   0: 0x0000000080005d58 (0x023ca133) mulhsu  sp, s9, gp
core   0: 1 0x0000000080005d58 (0x023ca133) x2  0xfffffffffffffa6a
core   0: 0x0000000080005d5c (0xd03371d3) fcvt.s.lu ft3, t1
core   0: 1 0x0000000080005d5c (0xd03371d3) c1_fflags 0x0000000000000011 f3  0xffffffff4effffff
core   0: 0x0000000080005d60 (0x00000001) c.nop
core   0: 1 0x0000000080005d60 (0x0001)
core   0: 0x0000000080005d62 (0xa27d0dd3) fle.d   s11, fs10, ft7
core   0: 1 0x0000000080005d62 (0xa27d0dd3) c1_fflags 0x0000000000000011 x27 0x0000000000000000
core   0: 0x0000000080005d66 (0xa3cd01d3) fle.d   gp, fs10, ft8
core   0: 1 0x0000000080005d66 (0xa3cd01d3) x3  0x0000000000000001
core   0: 0x0000000080005d6a (0x2b049453) fmax.d  fs0, fs1, fa6
core   0: 1 0x0000000080005d6a (0x2b049453) f8  0x7ff8000000000000
core   0: 0x0000000080005d6e (0x0050103b) sllw    zero, zero, t0
core   0: 1 0x0000000080005d6e (0x0050103b)
core   0: 0x0000000080005d72 (0x1b76fe53) fdiv.d  ft8, fa3, fs7
core   0: 1 0x0000000080005d72 (0x1b76fe53) f28 0x7ff8000000000000
core   0: 0x0000000080005d76 (0x0204e8bb) remw    a7, s1, zero
core   0: 1 0x0000000080005d76 (0x0204e8bb) x17 0x00000000000011bf
core   0: 0x0000000080005d7a (0x0010811b) addiw   sp, ra, 1
core   0: 1 0x0000000080005d7a (0x0010811b) x2  0xffffffff80004015
core   0: 0x0000000080005d7e (0xff0f5937) lui     s2, 0xff0f5
core   0: 1 0x0000000080005d7e (0xff0f5937) x18 0xffffffffff0f5000
core   0: 0x0000000080005d82 (0xa659091b) addiw   s2, s2, -1435
core   0: 1 0x0000000080005d82 (0xa659091b) x18 0xffffffffff0f4a65
core   0: 0x0000000080005d86 (0x00000936) c.slli  s2, 13
core   0: 1 0x0000000080005d86 (0x0936) x18 0xffffffe1e94ca000
core   0: 0x0000000080005d88 (0xb2790913) addi    s2, s2, -1241
core   0: 1 0x0000000080005d88 (0xb2790913) x18 0xffffffe1e94c9b27
core   0: 0x0000000080005d8c (0x403d04b3) sub     s1, s10, gp
core   0: 1 0x0000000080005d8c (0x403d04b3) x9  0xffffffffffffffff
core   0: 0x0000000080005d90 (0x01082833) slt     a6, a6, a6
core   0: 1 0x0000000080005d90 (0x01082833) x16 0x0000000000000000
core   0: 0x0000000080005d94 (0x23e90d53) fsgnj.d fs10, fs2, ft10
core   0: 1 0x0000000080005d94 (0x23e90d53) f26 0xc11ffffc00000000
core   0: 0x0000000080005d98 (0xf3075b17) auipc   s6, 0xf3075
core   0: 1 0x0000000080005d98 (0xf3075b17) x22 0x000000007307ad98
core   0: 0x0000000080005d9c (0x40f8d2b3) sra     t0, a7, a5
core   0: 1 0x0000000080005d9c (0x40f8d2b3) x5  0x0000000000000000
core   0: 0x0000000080005da0 (0x028bfbb3) remu    s7, s7, s0
core   0: 1 0x0000000080005da0 (0x028bfbb3) x23 0x0000000000000000
core   0: 0x0000000080005da4 (0x0146d11b) srliw   sp, a3, 20
core   0: 1 0x0000000080005da4 (0x0146d11b) x2  0x0000000000000400
core   0: 0x0000000080005da8 (0x00a56d33) or      s10, a0, a0
core   0: 1 0x0000000080005da8 (0x00a56d33) x26 0x0000000000000000
core   0: 0x0000000080005dac (0x007b9e1b) slliw   t3, s7, 7
core   0: 1 0x0000000080005dac (0x007b9e1b) x28 0x0000000000000000
core   0: 0x0000000080005db0 (0x40f6d9bb) sraw    s3, a3, a5
core   0: 1 0x0000000080005db0 (0x40f6d9bb) x19 0x0000000000010000
core   0: 0x0000000080005db4 (0xfb455697) auipc   a3, 0xfb455
core   0: 1 0x0000000080005db4 (0xfb455697) x13 0x000000007b45adb4
core   0: 0x0000000080005db8 (0x0ff0000f) fence   iorw,iorw
core   0: 1 0x0000000080005db8 (0x0ff0000f)
core   0: 0x0000000080005dbc (0x018c7633) and     a2, s8, s8
core   0: 1 0x0000000080005dbc (0x018c7633) x12 0x00000000800060ac
core   0: 0x0000000080005dc0 (0x00202473) csrrs   s0, frm, zero
core   0: 1 0x0000000080005dc0 (0x00202473) x8  0x0000000000000001
core   0: 0x0000000080005dc4 (0x0241d113) srli    sp, gp, 36
core   0: 1 0x0000000080005dc4 (0x0241d113) x2  0x0000000000000000
core   0: 0x0000000080005dc8 (0x23092853) fsgnjx.d fa6, fs2, fa6
core   0: 1 0x0000000080005dc8 (0x23092853) f16 0x411ffffc00000000
core   0: 0x0000000080005dcc (0xa2a479c3) fmadd.d fs3, fs0, fa0, fs4
core   0: 1 0x0000000080005dcc (0xa2a479c3) f19 0x7ff8000000000000
core   0: 0x0000000080005dd0 (0x231a2453) fsgnjx.d fs0, fs4, fa7
core   0: 1 0x0000000080005dd0 (0x231a2453) f8  0x42105bffbe900000
core   0: 0x0000000080005dd4 (0x0061571b) srliw   a4, sp, 6
core   0: 1 0x0000000080005dd4 (0x0061571b) x14 0x0000000000000000
core   0: 0x0000000080005dd8 (0xf6f1a4b7) lui     s1, 0xf6f1a
core   0: 1 0x0000000080005dd8 (0xf6f1a4b7) x9  0xfffffffff6f1a000
core   0: 0x0000000080005ddc (0x2be181d3) fmin.d  ft3, ft3, ft10
core   0: 1 0x0000000080005ddc (0x2be181d3) f3  0x7ff8000000000000
core   0: 0x0000000080005de0 (0x0ff0000f) fence   iorw,iorw
core   0: 1 0x0000000080005de0 (0x0ff0000f)
core   0: 0x0000000080005de4 (0x001c1873) csrrw   a6, fflags, s8
core   0: 1 0x0000000080005de4 (0x001c1873) x16 0x0000000000000011 c1_fflags 0x000000000000000c
core   0: 0x0000000080005de8 (0x00228d33) add     s10, t0, sp
core   0: 1 0x0000000080005de8 (0x00228d33) x26 0x0000000000000000
core   0: 0x0000000080005dec (0x0ff0000f) fence   iorw,iorw
core   0: 1 0x0000000080005dec (0x0ff0000f)
core   0: 0x0000000080005df0 (0x22ff11d3) fsgnjn.d ft3, ft10, fa5
core   0: 1 0x0000000080005df0 (0x22ff11d3) f3  0xffffffff7fc00000
core   0: 0x0000000080005df4 (0xd2028653) fcvt.d.w fa2, t0
core   0: 1 0x0000000080005df4 (0xd2028653) f12 0x0000000000000000
core   0: 0x0000000080005df8 (0x1a387053) fdiv.d  ft0, fa6, ft3
core   0: 1 0x0000000080005df8 (0x1a387053) f0  0x7ff8000000000000
core   0: 0x0000000080005dfc (0x00220e3b) addw    t3, tp, sp
core   0: 1 0x0000000080005dfc (0x00220e3b) x28 0x00000000000002f3
core   0: 0x0000000080005e00 (0x00422bb3) slt     s7, tp, tp
core   0: 1 0x0000000080005e00 (0x00422bb3) x23 0x0000000000000000
core   0: 0x0000000080005e04 (0x00f4d13b) srlw    sp, s1, a5
core   0: 1 0x0000000080005e04 (0x00f4d13b) x2  0x000000000003dbc6
core   0: 0x0000000080005e08 (0x40915233) sra     tp, sp, s1
core   0: 1 0x0000000080005e08 (0x40915233) x4  0x000000000003dbc6
core   0: 0x0000000080005e0c (0x41b15d1b) sraiw   s10, sp, 27
core   0: 1 0x0000000080005e0c (0x41b15d1b) x26 0x0000000000000000
core   0: 0x0000000080005e10 (0xbab37313) andi    t1, t1, -1109
core   0: 1 0x0000000080005e10 (0xbab37313) x6  0x000000007ffffbab
core   0: 0x0000000080005e14 (0xd2158353) fcvt.d.wu ft6, a1
core   0: 1 0x0000000080005e14 (0xd2158353) f6  0x0000000000000000
core   0: 0x0000000080005e18 (0x5a03f7d3) fsqrt.d fa5, ft7
core   0: 1 0x0000000080005e18 (0x5a03f7d3) f15 0x7ff8000000000000
core   0: 0x0000000080005e1c (0xadf0f797) auipc   a5, 0xadf0f
core   0: 1 0x0000000080005e1c (0xadf0f797) x15 0x000000002df14e1c
core   0: 0x0000000080005e20 (0xd02773d3) fcvt.s.l ft7, a4
core   0: 1 0x0000000080005e20 (0xd02773d3) f7  0xffffffff00000000
core   0: 0x0000000080005e24 (0x02fbe23b) remw    tp, s7, a5
core   0: 1 0x0000000080005e24 (0x02fbe23b) x4  0x0000000000000000
core   0: 0x0000000080005e28 (0x03241c33) mulh    s8, s0, s2
core   0: 1 0x0000000080005e28 (0x03241c33) x24 0xffffffffffffffff
core   0: 0x0000000080005e2c (0xc05ff9f3) csrrci  s3, hpmcounter5, 31
core   0: exception trap_illegal_instruction, epc 0x0000000080005e2c
core   0:           tval 0x00000000c05ff9f3
core   0: >>>>  $xrv64i2p1_m2p0_a2p1_f2p2_d2p2_zicsr2p0_zifencei2p0_zmmul1p0_zba1p0_zbb1p0_zbc1p0_zbs1p0
core   0: 0x0000000080004000 (0x0080006f) j       pc + 0x8
core   0: 3 0x0000000080004000 (0x0080006f)
core   0: >>>>  mmode_exception_handler
core   0: 0x0000000080004008 (0x00002c17) auipc   s8, 0x2
core   0: 3 0x0000000080004008 (0x00002c17) x24 0x0000000080006008
core   0: 0x000000008000400c (0x0a4c0c13) addi    s8, s8, 164
core   0: 3 0x000000008000400c (0x0a4c0c13) x24 0x00000000800060ac
core   0: 0x0000000080004010 (0x000c00e7) jalr    s8
core   0: 3 0x0000000080004010 (0x000c00e7) x1  0x0000000080004014
core   0: >>>>  any_handler
core   0: 0x00000000800060ac (0x341027f3) csrrs   a5, mepc, zero
core   0: 3 0x00000000800060ac (0x341027f3) x15 0x0000000080005e2c
core   0: 0x00000000800060b0 (0x34202773) csrrs   a4, mcause, zero
core   0: 3 0x00000000800060b0 (0x34202773) x14 0x0000000000000002
core   0: 0x00000000800060b4 (0x142026f3) csrrs   a3, scause, zero
core   0: 3 0x00000000800060b4 (0x142026f3) x13 0x0000000000000000
core   0: 0x00000000800060b8 (0x30402673) csrrs   a2, mie, zero
core   0: 3 0x00000000800060b8 (0x30402673) x12 0x0000000000000a00
core   0: 0x00000000800060bc (0x344025f3) csrrs   a1, mip, zero
core   0: 3 0x00000000800060bc (0x344025f3) x11 0x0000000000000080
core   0: 0x00000000800060c0 (0x343025f3) csrrs   a1, mtval, zero
core   0: 3 0x00000000800060c0 (0x343025f3) x11 0x00000000c05ff9f3
core   0: 0x00000000800060c4 (0x14302573) csrrs   a0, stval, zero
core   0: 3 0x00000000800060c4 (0x14302573) x10 0x0000000000000001
core   0: 0x00000000800060c8 (0xb02024f3) csrrs   s1, minstret, zero
core   0: 3 0x00000000800060c8 (0xb02024f3) x9  0x0000000000001228
core   0: 0x00000000800060cc (0x0000a811) c.j     pc + 20
core   0: 3 0x00000000800060cc (0xa811)
core   0: >>>>  mepc_4
core   0: 0x00000000800060e0 (0x00000791) c.addi  a5, 4
core   0: 3 0x00000000800060e0 (0x0791) x15 0x0000000080005e30
core   0: 0x00000000800060e2 (0x34179073) csrrw   zero, mepc, a5
core   0: 3 0x00000000800060e2 (0x34179073) c833_mepc 0x0000000080005e30
core   0: 0x00000000800060e6 (0x30200073) mret
core   0: 3 0x00000000800060e6 (0x30200073) c768_mstatus 0x8000000a00106080
core   0: 0x0000000080005e30 (0xd0337253) fcvt.s.lu ft4, t1
core   0: 1 0x0000000080005e30 (0xd0337253) c1_fflags 0x000000000000000d f4  0xffffffff4efffff7
core   0: 0x0000000080005e34 (0x03a2d1b3) divu    gp, t0, s10
core   0: 1 0x0000000080005e34 (0x03a2d1b3) x3  0xffffffffffffffff
core   0: 0x0000000080005e38 (0x001e9173) csrrw   sp, fflags, t4
core   0: 1 0x0000000080005e38 (0x001e9173) x2  0x000000000000000d c1_fflags 0x0000000000000019
core   0: 0x0000000080005e3c (0xd03170d3) fcvt.s.lu ft1, sp
core   0: 1 0x0000000080005e3c (0xd03170d3) f1  0xffffffff41500000
core   0: 0x0000000080005e40 (0x409ed71b) sraiw   a4, t4, 9
core   0: 1 0x0000000080005e40 (0x409ed71b) x14 0xfffffffffff32f31
core   0: 0x0000000080005e44 (0x4010f653) fcvt.s.d fa2, ft1
core   0: 1 0x0000000080005e44 (0x4010f653) f12 0xffffffff7fc00000
core   0: 0x0000000080005e48 (0x410888b3) sub     a7, a7, a6
core   0: 1 0x0000000080005e48 (0x410888b3) x17 0x00000000000011ae
core   0: 0x0000000080005e4c (0x02e7453b) divw    a0, a4, a4
core   0: 1 0x0000000080005e4c (0x02e7453b) x10 0x0000000000000001
core   0: 0x0000000080005e50 (0x4112da33) sra     s4, t0, a7
core   0: 1 0x0000000080005e50 (0x4112da33) x20 0x0000000000000000
core   0: 0x0000000080005e54 (0x0a94fad3) fsub.d  fs5, fs1, fs1
core   0: 1 0x0000000080005e54 (0x0a94fad3) f21 0x7ff8000000000000
core   0: 0x0000000080005e58 (0x2a6891d3) fmax.d  ft3, fa7, ft6
core   0: 1 0x0000000080005e58 (0x2a6891d3) f3  0x40a4000000000000
core   0: 0x0000000080005e5c (0x41088bbb) subw    s7, a7, a6
core   0: 1 0x0000000080005e5c (0x41088bbb) x23 0x000000000000119d
core   0: 0x0000000080005e60 (0x134ff5c7) fmsub.d fa1, ft11, fs4, ft2
core   0: 1 0x0000000080005e60 (0x134ff5c7) c1_fflags 0x0000000000000019 f11 0x44105bffbe7fa400
core   0: 0x0000000080005e64 (0x00000001) c.nop
core   0: 1 0x0000000080005e64 (0x0001)
core   0: 0x0000000080005e66 (0x006a9abb) sllw    s5, s5, t1
core   0: 1 0x0000000080005e66 (0x006a9abb) x21 0x000000002d800000
core   0: 0x0000000080005e6a (0xc205f753) fcvt.w.d a4, fa1
core   0: 1 0x0000000080005e6a (0xc205f753) c1_fflags 0x0000000000000019 x14 0x000000007fffffff
core   0: 0x0000000080005e6e (0x03d15ebb) divuw   t4, sp, t4
core   0: 1 0x0000000080005e6e (0x03d15ebb) x29 0x0000000000000000
core   0: 0x0000000080005e72 (0x024e7637) lui     a2, 0x24e7
core   0: 1 0x0000000080005e72 (0x024e7637) x12 0x00000000024e7000
core   0: 0x0000000080005e76 (0xa5d6061b) addiw   a2, a2, -1443
core   0: 1 0x0000000080005e76 (0xa5d6061b) x12 0x00000000024e6a5d
core   0: 0x0000000080005e7a (0x00000636) c.slli  a2, 13
core   0: 1 0x0000000080005e7a (0x0636) x12 0x00000049cd4ba000
core   0: 0x0000000080005e7c (0x6d960613) addi    a2, a2, 1753
core   0: 1 0x0000000080005e7c (0x6d960613) x12 0x00000049cd4ba6d9
core   0: 0x0000000080005e80 (0x401e7353) fcvt.s.d ft6, ft8
core   0: 1 0x0000000080005e80 (0x401e7353) f6  0xffffffff7fc00000
core   0: 0x0000000080005e84 (0x41c4523b) sraw    tp, s0, t3
core   0: 1 0x0000000080005e84 (0x41c4523b) x4  0x0000000000000000
core   0: 0x0000000080005e88 (0xa860c697) auipc   a3, 0xa860c
core   0: 1 0x0000000080005e88 (0xa860c697) x13 0x0000000028611e88
core   0: 0x0000000080005e8c (0x9d4dc493) xori    s1, s11, -1580
core   0: 1 0x0000000080005e8c (0x9d4dc493) x9  0xfffffffffffff9d4
core   0: 0x0000000080005e90 (0xfff40793) addi    a5, s0, -1
core   0: 1 0x0000000080005e90 (0xfff40793) x15 0x0000000000000000
core   0: 0x0000000080005e94 (0x7ff8031b) addiw   t1, a6, 2047
core   0: 1 0x0000000080005e94 (0x7ff8031b) x6  0x0000000000000810
core   0: 0x0000000080005e98 (0x00fd8ebb) addw    t4, s11, a5
core   0: 1 0x0000000080005e98 (0x00fd8ebb) x29 0x0000000000000000
core   0: 0x0000000080005e9c (0x2a2882d3) fmin.d  ft5, fa7, ft2
core   0: 1 0x0000000080005e9c (0x2a2882d3) f5  0x4030000000000000
core   0: 0x0000000080005ea0 (0x003d8933) add     s2, s11, gp
core   0: 1 0x0000000080005ea0 (0x003d8933) x18 0xffffffffffffffff
core   0: 0x0000000080005ea4 (0x0ff0000f) fence   iorw,iorw
core   0: 1 0x0000000080005ea4 (0x0ff0000f)
core   0: 0x0000000080005ea8 (0xc2107c53) fcvt.wu.d s8, ft0
core   0: 1 0x0000000080005ea8 (0xc2107c53) c1_fflags 0x0000000000000019 x24 0xffffffffffffffff
core   0: 0x0000000080005eac (0x41addabb) sraw    s5, s11, s10
core   0: 1 0x0000000080005eac (0x41addabb) x21 0x0000000000000000
core   0: 0x0000000080005eb0 (0x0000199e) c.slli  s3, 39
core   0: 1 0x0000000080005eb0 (0x199e) x19 0x0080000000000000
core   0: 0x0000000080005eb2 (0x03a7ebb3) rem     s7, a5, s10
core   0: 1 0x0000000080005eb2 (0x03a7ebb3) x23 0x0000000000000000
core   0: 0x0000000080005eb6 (0x02a84b3b) divw    s6, a6, a0
core   0: 1 0x0000000080005eb6 (0x02a84b3b) x22 0x0000000000000011
core   0: 0x0000000080005eba (0x0109853b) addw    a0, s3, a6
core   0: 1 0x0000000080005eba (0x0109853b) x10 0x0000000000000011
core   0: 0x0000000080005ebe (0x23c406d3) fsgnj.d fa3, fs0, ft8
core   0: 1 0x0000000080005ebe (0x23c406d3) f13 0x42105bffbe900000
core   0: 0x0000000080005ec2 (0x439dd613) srai    a2, s11, 57
core   0: 1 0x0000000080005ec2 (0x439dd613) x12 0x0000000000000000
core   0: 0x0000000080005ec6 (0xc206fa53) fcvt.w.d s4, fa3
core   0: 1 0x0000000080005ec6 (0xc206fa53) c1_fflags 0x0000000000000019 x20 0x000000007fffffff
core   0: 0x0000000080005eca (0xf20907d3) fmv.d.x fa5, s2
core   0: 1 0x0000000080005eca (0xf20907d3) f15 0xffffffffffffffff
core   0: 0x0000000080005ece (0xff0512b7) lui     t0, 0xff051
core   0: 1 0x0000000080005ece (0xff0512b7) x5  0xffffffffff051000
core   0: 0x0000000080005ed2 (0x8f52829b) addiw   t0, t0, -1803
core   0: 1 0x0000000080005ed2 (0x8f52829b) x5  0xffffffffff0508f5
core   0: 0x0000000080005ed6 (0x000002ba) c.slli  t0, 14
core   0: 1 0x0000000080005ed6 (0x02ba) x5  0xffffffc1423d4000
core   0: 0x0000000080005ed8 (0x51f28293) addi    t0, t0, 1311
core   0: 1 0x0000000080005ed8 (0x51f28293) x5  0xffffffc1423d451f
core   0: 0x0000000080005edc (0x001110f3) csrrw   ra, fflags, sp
core   0: 1 0x0000000080005edc (0x001110f3) x1  0x0000000000000019 c1_fflags 0x000000000000000d
core   0: 0x0000000080005ee0 (0xc2227cd3) fcvt.l.d s9, ft4
core   0: 1 0x0000000080005ee0 (0xc2227cd3) c1_fflags 0x000000000000001d x25 0x7fffffffffffffff
core   0: 0x0000000080005ee4 (0xc22bfbd3) fcvt.l.d s7, fs7
core   0: 1 0x0000000080005ee4 (0xc22bfbd3) x23 0x0000000000000001
core   0: 0x0000000080005ee8 (0x026005b3) mul     a1, zero, t1
core   0: 1 0x0000000080005ee8 (0x026005b3) x11 0x0000000000000000
core   0: 0x0000000080005eec (0xf2030353) fmv.d.x ft6, t1
core   0: 1 0x0000000080005eec (0xf2030353) f6  0x0000000000000810
core   0: 0x0000000080005ef0 (0x73ca7e47) fmsub.d ft8, fs4, ft8, fa4
core   0: 1 0x0000000080005ef0 (0x73ca7e47) f28 0x7ff8000000000000
core   0: 0x0000000080005ef4 (0x282a871b) addiw   a4, s5, 642
core   0: 1 0x0000000080005ef4 (0x282a871b) x14 0x0000000000000282
core   0: 0x0000000080005ef8 (0x106eb073) csrrc   zero, scounteren, t4
core   0: 1 0x0000000080005ef8 (0x106eb073) c262_scounteren 0x0000000000000000
core   0: 0x0000000080005efc (0x025959bb) divuw   s3, s2, t0
core   0: 1 0x0000000080005efc (0x025959bb) x19 0x0000000000000003
core   0: 0x0000000080005f00 (0x0058973b) sllw    a4, a7, t0
core   0: 1 0x0000000080005f00 (0x0058973b) x14 0x0000000000000000
core   0: 0x0000000080005f04 (0x2af61853) fmax.d  fa6, fa2, fa5
core   0: 1 0x0000000080005f04 (0x2af61853) f16 0x7ff8000000000000
core   0: 0x0000000080005f08 (0xc22afa53) fcvt.l.d s4, fs5
core   0: 1 0x0000000080005f08 (0xc22afa53) c1_fflags 0x000000000000001d x20 0x7fffffffffffffff
core   0: 0x0000000080005f0c (0x01c87933) and     s2, a6, t3
core   0: 1 0x0000000080005f0c (0x01c87933) x18 0x0000000000000011
core   0: 0x0000000080005f10 (0x23480453) fsgnj.d fs0, fa6, fs4
core   0: 1 0x0000000080005f10 (0x23480453) f8  0x7ff8000000000000
core   0: 0x0000000080005f14 (0x032e7e33) remu    t3, t3, s2
core   0: 1 0x0000000080005f14 (0x032e7e33) x28 0x0000000000000007
core   0: 0x0000000080005f18 (0x000bcd13) xori    s10, s7, 0
core   0: 1 0x0000000080005f18 (0x000bcd13) x26 0x0000000000000001
core   0: 0x0000000080005f1c (0x41cd5213) srai    tp, s10, 28
core   0: 1 0x0000000080005f1c (0x41cd5213) x4  0x0000000000000000
core   0: 0x0000000080005f20 (0x237f8253) fsgnj.d ft4, ft11, fs7
core   0: 1 0x0000000080005f20 (0x237f8253) f4  0x41efffffffe00000
core   0: 0x0000000080005f24 (0x0a4273cf) fnmadd.d ft7, ft4, ft4, ft1
core   0: 1 0x0000000080005f24 (0x0a4273cf) f7  0x7ff8000000000000
core   0: 0x0000000080005f28 (0x01fc199b) slliw   s3, s8, 31
core   0: 1 0x0000000080005f28 (0x01fc199b) x19 0xffffffff80000000
core   0: 0x0000000080005f2c (0x0316c83b) divw    a6, a3, a7
core   0: 1 0x0000000080005f2c (0x0316c83b) x16 0x00000000000248b0
core   0: 0x0000000080005f30 (0x0008543b) srlw    s0, a6, zero
core   0: 1 0x0000000080005f30 (0x0008543b) x8  0x00000000000248b0
core   0: 0x0000000080005f34 (0xd0307c53) fcvt.s.lu fs8, zero
core   0: 1 0x0000000080005f34 (0xd0307c53) f24 0xffffffff00000000
core   0: 0x0000000080005f38 (0x035df93b) remuw   s2, s11, s5
core   0: 1 0x0000000080005f38 (0x035df93b) x18 0x0000000000000000
core   0: 0x0000000080005f3c (0x41295ebb) sraw    t4, s2, s2
core   0: 1 0x0000000080005f3c (0x41295ebb) x29 0x0000000000000000
core   0: 0x0000000080005f40 (0x03f4d913) srli    s2, s1, 63
core   0: 1 0x0000000080005f40 (0x03f4d913) x18 0x0000000000000001
core   0: 0x0000000080005f44 (0x1bd3fed3) fdiv.d  ft9, ft7, ft9
core   0: 1 0x0000000080005f44 (0x1bd3fed3) f29 0x7ff8000000000000
core   0: 0x0000000080005f48 (0xfc69e037) lui     zero, 0xfc69e
core   0: 1 0x0000000080005f48 (0xfc69e037)
core   0: 0x0000000080005f4c (0xe930001b) addiw   zero, zero, -365
core   0: 1 0x0000000080005f4c (0xe930001b)
core   0: 0x0000000080005f50 (0x00d01013) slli    zero, zero, 13
core   0: 1 0x0000000080005f50 (0x00d01013)
core   0: 0x0000000080005f54 (0x02b00013) li      zero, 43
core   0: 1 0x0000000080005f54 (0x02b00013)
core   0: 0x0000000080005f58 (0x0046549b) srliw   s1, a2, 4
core   0: 1 0x0000000080005f58 (0x0046549b) x9  0x0000000000000000
core   0: 0x0000000080005f5c (0x00009726) c.add   a4, s1
core   0: 1 0x0000000080005f5c (0x9726) x14 0x0000000000000000
core   0: 0x0000000080005f5e (0x23411153) fsgnjn.d ft2, ft2, fs4
core   0: 1 0x0000000080005f5e (0x23411153) f2  0xc030000000000000
core   0: 0x0000000080005f62 (0xf2070a53) fmv.d.x fs4, a4
core   0: 1 0x0000000080005f62 (0xf2070a53) f20 0x0000000000000000
core   0: 0x0000000080005f66 (0x41855313) srai    t1, a0, 24
core   0: 1 0x0000000080005f66 (0x41855313) x6  0x0000000000000000
core   0: 0x0000000080005f6a (0x1b1a7593) andi    a1, s4, 433
core   0: 1 0x0000000080005f6a (0x1b1a7593) x11 0x00000000000001b1
core   0: 0x0000000080005f6e (0x012184bb) addw    s1, gp, s2
core   0: 1 0x0000000080005f6e (0x012184bb) x9  0x0000000000000000
core   0: 0x0000000080005f72 (0x1a6a72d3) fdiv.d  ft5, fs4, ft6
core   0: 1 0x0000000080005f72 (0x1a6a72d3) f5  0x0000000000000000
core   0: 0x0000000080005f76 (0x0ff0000f) fence   iorw,iorw
core   0: 1 0x0000000080005f76 (0x0ff0000f)
core   0: 0x0000000080005f7a (0x00f380bb) addw    ra, t2, a5
core   0: 1 0x0000000080005f7a (0x00f380bb) x1  0x000000000007ffff
core   0: 0x0000000080005f7e (0xc2317cd3) fcvt.lu.d s9, ft2
core   0: 1 0x0000000080005f7e (0xc2317cd3) c1_fflags 0x000000000000001d x25 0x0000000000000000
core   0: 0x0000000080005f82 (0x0014561b) srliw   a2, s0, 1
core   0: 1 0x0000000080005f82 (0x0014561b) x12 0x0000000000012458
core   0: 0x0000000080005f86 (0xaedb4613) xori    a2, s6, -1299
core   0: 1 0x0000000080005f86 (0xaedb4613) x12 0xfffffffffffffafc
core   0: 0x0000000080005f8a (0x00c48433) add     s0, s1, a2
core   0: 1 0x0000000080005f8a (0x00c48433) x8  0xfffffffffffffafc
core   0: 0x0000000080005f8e (0x02e4c9bb) divw    s3, s1, a4
core   0: 1 0x0000000080005f8e (0x02e4c9bb) x19 0xffffffffffffffff
core   0: 0x0000000080005f92 (0x033eaeb3) mulhsu  t4, t4, s3
core   0: 1 0x0000000080005f92 (0x033eaeb3) x29 0x0000000000000000
core   0: 0x0000000080005f96 (0x00d7a8b3) slt     a7, a5, a3
core   0: 1 0x0000000080005f96 (0x00d7a8b3) x17 0x0000000000000001
core   0: 0x0000000080005f9a (0xa22a84d3) fle.d   s1, fs5, ft2
core   0: 1 0x0000000080005f9a (0xa22a84d3) c1_fflags 0x000000000000001d x9  0x0000000000000000
core   0: 0x0000000080005f9e (0x010ef8b3) and     a7, t4, a6
core   0: 1 0x0000000080005f9e (0x010ef8b3) x17 0x0000000000000000
core   0: 0x0000000080005fa2 (0xa21397d3) flt.d   a5, ft7, ft1
core   0: 1 0x0000000080005fa2 (0xa21397d3) c1_fflags 0x000000000000001d x15 0x0000000000000000
core   0: 0x0000000080005fa6 (0x41f8d21b) sraiw   tp, a7, 31
core   0: 1 0x0000000080005fa6 (0x41f8d21b) x4  0x0000000000000000
core   0: 0x0000000080005faa (0x0139a433) slt     s0, s3, s3
core   0: 1 0x0000000080005faa (0x0139a433) x8  0x0000000000000000
core   0: 0x0000000080005fae (0x2a738553) fmin.d  fa0, ft7, ft7
core   0: 1 0x0000000080005fae (0x2a738553) f10 0x7ff8000000000000
core   0: 0x0000000080005fb2 (0x1a5af54b) fnmsub.d fa0, fs5, ft5, ft3
core   0: 1 0x0000000080005fb2 (0x1a5af54b) f10 0x7ff8000000000000
core   0: 0x0000000080005fb6 (0x03a2e633) rem     a2, t0, s10
core   0: 1 0x0000000080005fb6 (0x03a2e633) x12 0x0000000000000000
core   0: 0x0000000080005fba (0x401471d3) fcvt.s.d ft3, fs0
core   0: 1 0x0000000080005fba (0x401471d3) f3  0xffffffff7fc00000
core   0: 0x0000000080005fbe (0x0121f133) and     sp, gp, s2
core   0: 1 0x0000000080005fbe (0x0121f133) x2  0x0000000000000001
core   0: 0x0000000080005fc2 (0x005281bb) addw    gp, t0, t0
core   0: 1 0x0000000080005fc2 (0x005281bb) x3  0xffffffff847a8a3e
core   0: 0x0000000080005fc6 (0x02318233) mul     tp, gp, gp
core   0: 1 0x0000000080005fc6 (0x02318233) x4  0x3b9984bbfdbee704
core   0: 0x0000000080005fca (0xf2020753) fmv.d.x fa4, tp
core   0: 1 0x0000000080005fca (0xf2020753) f14 0x3b9984bbfdbee704
core   0: 0x0000000080005fce (0x0008581b) srliw   a6, a6, 0
core   0: 1 0x0000000080005fce (0x0008581b) x16 0x00000000000248b0
core   0: 0x0000000080005fd2 (0x0ff0000f) fence   iorw,iorw
core   0: 1 0x0000000080005fd2 (0x0ff0000f)
core   0: 0x0000000080005fd6 (0xd021fed3) fcvt.s.l ft9, gp
core   0: 1 0x0000000080005fd6 (0xd021fed3) c1_fflags 0x000000000000001d f29 0xffffffffcef70aeb
core   0: 0x0000000080005fda (0x10aeb073) csrrc   zero, senvcfg, t4
core   0: 1 0x0000000080005fda (0x10aeb073) c266_senvcfg 0x0000000000000000
core   0: 0x0000000080005fde (0xa3d70953) fle.d   s2, fa4, ft9
core   0: 1 0x0000000080005fde (0xa3d70953) c1_fflags 0x000000000000001d x18 0x0000000000000000
core   0: 0x0000000080005fe2 (0x0094d9b3) srl     s3, s1, s1
core   0: 1 0x0000000080005fe2 (0x0094d9b3) x19 0x0000000000000000
core   0: 0x0000000080005fe6 (0xd230f2d3) fcvt.d.lu ft5, ra
core   0: 1 0x0000000080005fe6 (0xd230f2d3) f5  0x411ffffc00000000
core   0: 0x0000000080005fea (0x69b5b1b7) lui     gp, 0x69b5b
core   0: 1 0x0000000080005fea (0x69b5b1b7) x3  0x0000000069b5b000
core   0: 0x0000000080005fee (0x000eda9b) srliw   s5, t4, 0
core   0: 1 0x0000000080005fee (0x000eda9b) x21 0x0000000000000000
core   0: 0x0000000080005ff2 (0x0f65051b) addiw   a0, a0, 246
core   0: 1 0x0000000080005ff2 (0x0f65051b) x10 0x0000000000000107
core   0: 0x0000000080005ff6 (0x00ae70b3) and     ra, t3, a0
core   0: 1 0x0000000080005ff6 (0x00ae70b3) x1  0x0000000000000007
core   0: 0x0000000080005ffa (0x016b1433) sll     s0, s6, s6
core   0: 1 0x0000000080005ffa (0x016b1433) x8  0x0000000000220000
core   0: 0x0000000080005ffe (0x037880b3) mul     ra, a7, s7
core   0: 1 0x0000000080005ffe (0x037880b3) x1  0x0000000000000000
core   0: 0x0000000080006002 (0x03a2c9b3) div     s3, t0, s10
core   0: 1 0x0000000080006002 (0x03a2c9b3) x19 0xffffffc1423d451f
core   0: 0x0000000080006006 (0x00102473) csrrs   s0, fflags, zero
core   0: 1 0x0000000080006006 (0x00102473) x8  0x000000000000001d
core   0: 0x000000008000600a (0x34279573) csrrw   a0, mcause, a5
core   0: exception trap_illegal_instruction, epc 0x000000008000600a
core   0:           tval 0x0000000034279573
core   0: >>>>  $xrv64i2p1_m2p0_a2p1_f2p2_d2p2_zicsr2p0_zifencei2p0_zmmul1p0_zba1p0_zbb1p0_zbc1p0_zbs1p0
core   0: 0x0000000080004000 (0x0080006f) j       pc + 0x8
core   0: 3 0x0000000080004000 (0x0080006f)
core   0: >>>>  mmode_exception_handler
core   0: 0x0000000080004008 (0x00002c17) auipc   s8, 0x2
core   0: 3 0x0000000080004008 (0x00002c17) x24 0x0000000080006008
core   0: 0x000000008000400c (0x0a4c0c13) addi    s8, s8, 164
core   0: 3 0x000000008000400c (0x0a4c0c13) x24 0x00000000800060ac
core   0: 0x0000000080004010 (0x000c00e7) jalr    s8
core   0: 3 0x0000000080004010 (0x000c00e7) x1  0x0000000080004014
core   0: >>>>  any_handler
core   0: 0x00000000800060ac (0x341027f3) csrrs   a5, mepc, zero
core   0: 3 0x00000000800060ac (0x341027f3) x15 0x000000008000600a
core   0: 0x00000000800060b0 (0x34202773) csrrs   a4, mcause, zero
core   0: 3 0x00000000800060b0 (0x34202773) x14 0x0000000000000002
core   0: 0x00000000800060b4 (0x142026f3) csrrs   a3, scause, zero
core   0: 3 0x00000000800060b4 (0x142026f3) x13 0x0000000000000000
core   0: 0x00000000800060b8 (0x30402673) csrrs   a2, mie, zero
core   0: 3 0x00000000800060b8 (0x30402673) x12 0x0000000000000a00
core   0: 0x00000000800060bc (0x344025f3) csrrs   a1, mip, zero
core   0: 3 0x00000000800060bc (0x344025f3) x11 0x0000000000000080
core   0: 0x00000000800060c0 (0x343025f3) csrrs   a1, mtval, zero
core   0: 3 0x00000000800060c0 (0x343025f3) x11 0x0000000034279573
core   0: 0x00000000800060c4 (0x14302573) csrrs   a0, stval, zero
core   0: 3 0x00000000800060c4 (0x14302573) x10 0x0000000000000001
core   0: 0x00000000800060c8 (0xb02024f3) csrrs   s1, minstret, zero
core   0: 3 0x00000000800060c8 (0xb02024f3) x9  0x00000000000012b1
core   0: 0x00000000800060cc (0x0000a811) c.j     pc + 20
core   0: 3 0x00000000800060cc (0xa811)
core   0: >>>>  mepc_4
core   0: 0x00000000800060e0 (0x00000791) c.addi  a5, 4
core   0: 3 0x00000000800060e0 (0x0791) x15 0x000000008000600e
core   0: 0x00000000800060e2 (0x34179073) csrrw   zero, mepc, a5
core   0: 3 0x00000000800060e2 (0x34179073) c833_mepc 0x000000008000600e
core   0: 0x00000000800060e6 (0x30200073) mret
core   0: 3 0x00000000800060e6 (0x30200073) c768_mstatus 0x8000000a00106080
core   0: 0x000000008000600e (0xc8081873) csrrw   a6, cycleh, a6
core   0: exception trap_illegal_instruction, epc 0x000000008000600e
core   0:           tval 0x00000000c8081873
core   0: >>>>  $xrv64i2p1_m2p0_a2p1_f2p2_d2p2_zicsr2p0_zifencei2p0_zmmul1p0_zba1p0_zbb1p0_zbc1p0_zbs1p0
core   0: 0x0000000080004000 (0x0080006f) j       pc + 0x8
core   0: 3 0x0000000080004000 (0x0080006f)
core   0: >>>>  mmode_exception_handler
core   0: 0x0000000080004008 (0x00002c17) auipc   s8, 0x2
core   0: 3 0x0000000080004008 (0x00002c17) x24 0x0000000080006008
core   0: 0x000000008000400c (0x0a4c0c13) addi    s8, s8, 164
core   0: 3 0x000000008000400c (0x0a4c0c13) x24 0x00000000800060ac
core   0: 0x0000000080004010 (0x000c00e7) jalr    s8
core   0: 3 0x0000000080004010 (0x000c00e7) x1  0x0000000080004014
core   0: >>>>  any_handler
core   0: 0x00000000800060ac (0x341027f3) csrrs   a5, mepc, zero
core   0: 3 0x00000000800060ac (0x341027f3) x15 0x000000008000600e
core   0: 0x00000000800060b0 (0x34202773) csrrs   a4, mcause, zero
core   0: 3 0x00000000800060b0 (0x34202773) x14 0x0000000000000002
core   0: 0x00000000800060b4 (0x142026f3) csrrs   a3, scause, zero
core   0: 3 0x00000000800060b4 (0x142026f3) x13 0x0000000000000000
core   0: 0x00000000800060b8 (0x30402673) csrrs   a2, mie, zero
core   0: 3 0x00000000800060b8 (0x30402673) x12 0x0000000000000a00
core   0: 0x00000000800060bc (0x344025f3) csrrs   a1, mip, zero
core   0: 3 0x00000000800060bc (0x344025f3) x11 0x0000000000000080
core   0: 0x00000000800060c0 (0x343025f3) csrrs   a1, mtval, zero
core   0: 3 0x00000000800060c0 (0x343025f3) x11 0x00000000c8081873
core   0: 0x00000000800060c4 (0x14302573) csrrs   a0, stval, zero
core   0: 3 0x00000000800060c4 (0x14302573) x10 0x0000000000000001
core   0: 0x00000000800060c8 (0xb02024f3) csrrs   s1, minstret, zero
core   0: 3 0x00000000800060c8 (0xb02024f3) x9  0x00000000000012c1
core   0: 0x00000000800060cc (0x0000a811) c.j     pc + 20
core   0: 3 0x00000000800060cc (0xa811)
core   0: >>>>  mepc_4
core   0: 0x00000000800060e0 (0x00000791) c.addi  a5, 4
core   0: 3 0x00000000800060e0 (0x0791) x15 0x0000000080006012
core   0: 0x00000000800060e2 (0x34179073) csrrw   zero, mepc, a5
core   0: 3 0x00000000800060e2 (0x34179073) c833_mepc 0x0000000080006012
core   0: 0x00000000800060e6 (0x30200073) mret
core   0: 3 0x00000000800060e6 (0x30200073) c768_mstatus 0x8000000a00106080
core   0: 0x0000000080006012 (0x001292f3) csrrw   t0, fflags, t0
core   0: 1 0x0000000080006012 (0x001292f3) x5  0x000000000000001d c1_fflags 0x000000000000001f
core   0: 0x0000000080006016 (0x96f2021b) addiw   tp, tp, -1681
core   0: 1 0x0000000080006016 (0x96f2021b) x4  0xfffffffffdbee073
core   0: 0x000000008000601a (0x2a5212d3) fmax.d  ft5, ft4, ft5
core   0: 1 0x000000008000601a (0x2a5212d3) f5  0x41efffffffe00000
core   0: 0x000000008000601e (0xc20efdd3) fcvt.w.d s11, ft9
core   0: 1 0x000000008000601e (0xc20efdd3) c1_fflags 0x000000000000001f x27 0x000000007fffffff
core   0: 0x0000000080006022 (0x012dd3bb) srlw    t2, s11, s2
core   0: 1 0x0000000080006022 (0x012dd3bb) x7  0x000000007fffffff
core   0: 0x0000000080006026 (0x01397533) and     a0, s2, s3
core   0: 1 0x0000000080006026 (0x01397533) x10 0x0000000000000000
core   0: 0x000000008000602a (0x01676e33) or      t3, a4, s6
core   0: 1 0x000000008000602a (0x01676e33) x28 0x0000000000000013
core   0: 0x000000008000602e (0x0006021b) sext.w  tp, a2
core   0: 1 0x000000008000602e (0x0006021b) x4  0x0000000000000a00
core   0: 0x0000000080006032 (0x220e9dd3) fsgnjn.d fs11, ft9, ft0
core   0: 1 0x0000000080006032 (0x220e9dd3) f27 0xffffffffcef70aeb
core   0: 0x0000000080006036 (0x02fd2d33) mulhsu  s10, s10, a5
core   0: 1 0x0000000080006036 (0x02fd2d33) x26 0x0000000000000000
core   0: 0x000000008000603a (0x023953b3) divu    t2, s2, gp
core   0: 1 0x000000008000603a (0x023953b3) x7  0x0000000000000000
core   0: 0x000000008000603e (0x035cccb3) div     s9, s9, s5
core   0: 1 0x000000008000603e (0x035cccb3) x25 0xffffffffffffffff
core   0: 0x0000000080006042 (0xd03770d3) fcvt.s.lu ft1, a4
core   0: 1 0x0000000080006042 (0xd03770d3) f1  0xffffffff40000000
core   0: 0x0000000080006046 (0xc03df453) fcvt.lu.s s0, fs11
core   0: 1 0x0000000080006046 (0xc03df453) c1_fflags 0x000000000000001f x8  0x0000000000000000
core   0: 0x000000008000604a (0x00127c13) andi    s8, tp, 1
core   0: 1 0x000000008000604a (0x00127c13) x24 0x0000000000000000
core   0: 0x000000008000604e (0x002b95f3) csrrw   a1, frm, s7
core   0: 1 0x000000008000604e (0x002b95f3) x11 0x0000000000000001 c2_frm 0x0000000000000001
core   0: 0x0000000080006052 (0x00629eb3) sll     t4, t0, t1
core   0: 1 0x0000000080006052 (0x00629eb3) x29 0x000000000000001d
core   0: 0x0000000080006056 (0x00209df3) csrrw   s11, frm, ra
core   0: 1 0x0000000080006056 (0x00209df3) x27 0x0000000000000001 c2_frm 0x0000000000000004
core   0: 0x000000008000605a (0x99b17693) andi    a3, sp, -1637
core   0: 1 0x000000008000605a (0x99b17693) x13 0x0000000000000001
core   0: 0x000000008000605e (0x84be6937) lui     s2, 0x84be6
core   0: 1 0x000000008000605e (0x84be6937) x18 0xffffffff84be6000
core   0: 0x0000000080006062 (0xc22970d3) fcvt.l.d ra, fs2
core   0: 1 0x0000000080006062 (0xc22970d3) x1  0x000000000007ffff
core   0: 0x0000000080006066 (0x03d70233) mul     tp, a4, t4
core   0: 1 0x0000000080006066 (0x03d70233) x4  0x000000000000003a
core   0: 0x000000008000606a (0xc0211173) csrrw   sp, instret, sp
core   0: exception trap_illegal_instruction, epc 0x000000008000606a
core   0:           tval 0x00000000c0211173
core   0: >>>>  $xrv64i2p1_m2p0_a2p1_f2p2_d2p2_zicsr2p0_zifencei2p0_zmmul1p0_zba1p0_zbb1p0_zbc1p0_zbs1p0
core   0: 0x0000000080004000 (0x0080006f) j       pc + 0x8
core   0: 3 0x0000000080004000 (0x0080006f)
core   0: >>>>  mmode_exception_handler
core   0: 0x0000000080004008 (0x00002c17) auipc   s8, 0x2
core   0: 3 0x0000000080004008 (0x00002c17) x24 0x0000000080006008
core   0: 0x000000008000400c (0x0a4c0c13) addi    s8, s8, 164
core   0: 3 0x000000008000400c (0x0a4c0c13) x24 0x00000000800060ac
core   0: 0x0000000080004010 (0x000c00e7) jalr    s8
core   0: 3 0x0000000080004010 (0x000c00e7) x1  0x0000000080004014
core   0: >>>>  any_handler
core   0: 0x00000000800060ac (0x341027f3) csrrs   a5, mepc, zero
core   0: 3 0x00000000800060ac (0x341027f3) x15 0x000000008000606a
core   0: 0x00000000800060b0 (0x34202773) csrrs   a4, mcause, zero
core   0: 3 0x00000000800060b0 (0x34202773) x14 0x0000000000000002
core   0: 0x00000000800060b4 (0x142026f3) csrrs   a3, scause, zero
core   0: 3 0x00000000800060b4 (0x142026f3) x13 0x0000000000000000
core   0: 0x00000000800060b8 (0x30402673) csrrs   a2, mie, zero
core   0: 3 0x00000000800060b8 (0x30402673) x12 0x0000000000000a00
core   0: 0x00000000800060bc (0x344025f3) csrrs   a1, mip, zero
core   0: 3 0x00000000800060bc (0x344025f3) x11 0x0000000000000080
core   0: 0x00000000800060c0 (0x343025f3) csrrs   a1, mtval, zero
core   0: 3 0x00000000800060c0 (0x343025f3) x11 0x00000000c0211173
core   0: 0x00000000800060c4 (0x14302573) csrrs   a0, stval, zero
core   0: 3 0x00000000800060c4 (0x14302573) x10 0x0000000000000001
core   0: 0x00000000800060c8 (0xb02024f3) csrrs   s1, minstret, zero
core   0: 3 0x00000000800060c8 (0xb02024f3) x9  0x00000000000012e7
core   0: 0x00000000800060cc (0x0000a811) c.j     pc + 20
core   0: 3 0x00000000800060cc (0xa811)
core   0: >>>>  mepc_4
core   0: 0x00000000800060e0 (0x00000791) c.addi  a5, 4
core   0: 3 0x00000000800060e0 (0x0791) x15 0x000000008000606e
core   0: 0x00000000800060e2 (0x34179073) csrrw   zero, mepc, a5
core   0: 3 0x00000000800060e2 (0x34179073) c833_mepc 0x000000008000606e
core   0: 0x00000000800060e6 (0x30200073) mret
core   0: 3 0x00000000800060e6 (0x30200073) c768_mstatus 0x8000000a00106080
core   0: 0x000000008000606e (0x0236463b) divw    a2, a2, gp
core   0: 1 0x000000008000606e (0x0236463b) x12 0x0000000000000000
core   0: 0x0000000080006072 (0x00000001) c.nop
core   0: 1 0x0000000080006072 (0x0001)
core   0: 0x0000000080006074 (0xd2088153) fcvt.d.w ft2, a7
core   0: 1 0x0000000080006074 (0xd2088153) f2  0x0000000000000000
core   0: 0x0000000080006078 (0x00110a13) addi    s4, sp, 1
core   0: 1 0x0000000080006078 (0x00110a13) x20 0x0000000000000002
core   0: 0x000000008000607c (0xd21184d3) fcvt.d.wu fs1, gp
core   0: 1 0x000000008000607c (0xd21184d3) f9  0x41da6d6c00000000
core   0: 0x0000000080006080 (0xa29187d3) fle.d   a5, ft3, fs1
core   0: 1 0x0000000080006080 (0xa29187d3) c1_fflags 0x000000000000001f x15 0x0000000000000000
core   0: 0x0000000080006084 (0x415add3b) sraw    s10, s5, s5
core   0: 1 0x0000000080006084 (0x415add3b) x26 0x0000000000000000
core   0: 0x0000000080006088 (0x000092f2) c.add   t0, t3
core   0: 1 0x0000000080006088 (0x92f2) x5  0x0000000000000030
core   0: 0x000000008000608a (0xc03bf953) fcvt.lu.s s2, fs7
core   0: 1 0x000000008000608a (0xc03bf953) c1_fflags 0x000000000000001f x18 0xffffffffffffffff
core   0: 0x000000008000608e (0x025e6033) rem     zero, t3, t0
core   0: 1 0x000000008000608e (0x025e6033)
core   0: 0x0000000080006092 (0x411b80bb) subw    ra, s7, a7
core   0: 1 0x0000000080006092 (0x411b80bb) x1  0x0000000000000001
core   0: 0x0000000080006096 (0xc231f853) fcvt.lu.d a6, ft3
core   0: 1 0x0000000080006096 (0xc231f853) c1_fflags 0x000000000000001f x16 0xffffffffffffffff
core   0: 0x000000008000609a (0x0ff0000f) fence   iorw,iorw
core   0: 1 0x000000008000609a (0x0ff0000f)
core   0: 0x000000008000609e (0xc201f6d3) fcvt.w.d a3, ft3
core   0: 1 0x000000008000609e (0xc201f6d3) c1_fflags 0x000000000000001f x13 0x000000007fffffff
core   0: 0x00000000800060a2 (0x122f79d3) fmul.d  fs3, ft10, ft2
core   0: 1 0x00000000800060a2 (0x122f79d3) f19 0x7ff8000000000000
core   0: >>>>  write_tohost
core   0: 0x00000000800060a6 (0x93efa0ef) jal     pc - 0x5ec2
core   0: 1 0x00000000800060a6 (0x93efa0ef) x1  0x00000000800060aa
core   0: >>>>  _exit
core   0: 0x00000000800001e4 (0x00004505) c.li    a0, 1
core   0: 1 0x00000000800001e4 (0x4505) x10 0x0000000000000001
core   0: 0x00000000800001e6 (0x00001f17) auipc   t5, 0x1
core   0: 1 0x00000000800001e6 (0x00001f17) x30 0x00000000800011e6
core   0: 0x00000000800001ea (0xe0af2d23) sw      a0, -486(t5)
core   0: 1 0x00000000800001ea (0xe0af2d23) mem 0x0000000080001000 0x00000001
cp /home/server/RISCV/cva6/verif/sim/out/seed_1138/spike_sim/new_seeds_1138_.cv64a6_imafdc_sv39.log.iss /home/server/RISCV/cva6/verif/sim/out/seed_1138/spike_sim/new_seeds_1138_.cv64a6_imafdc_sv39.log
