Makefile:14: must set CVA6_REPO_DIR to point at the root of CVA6 sources and CVA6_TB_DIR to point here -- doing it for you...
LD_LIBRARY_PATH="$(realpath ../../tools/spike/lib):$LD_LIBRARY_PATH" \
	/home/server/RISCV/cva6/tools/spike/bin/spike --steps=2000000  --log-commits --isa=rv64gc_zba_zbb_zbs_zbc_zicsr_zifencei --priv=msu -l /home/server/RISCV/cva6/verif/sim/out/seed_1411/directed_asm_tests/new_seeds_1411_.o
[SPIKE] Max simulation steps: 2000000
[SPIKE] Proc 0 | ISA: rv64gc_zba_zbb_zbs_zbc_zicsr_zifencei PRIV: msu
[SPIKE] Initializing memories...
core   0: 0x0000000000010000 (0x00100413) li      s0, 1
core   0: 3 0x0000000000010000 (0x00100413) x8  0x0000000000000001
core   0: 0x0000000000010004 (0x01f41413) slli    s0, s0, 31
core   0: 3 0x0000000000010004 (0x01f41413) x8  0x0000000080000000
core   0: 0x0000000000010008 (0xf1402573) csrrs   a0, mhartid, zero
core   0: 3 0x0000000000010008 (0xf1402573) x10 0x0000000000000000
core   0: 0x000000000001000c (0x00000597) auipc   a1, 0x0
core   0: 3 0x000000000001000c (0x00000597) x11 0x000000000001000c
core   0: 0x0000000000010010 (0x07458593) addi    a1, a1, 116
core   0: 3 0x0000000000010010 (0x07458593) x11 0x0000000000010080
core   0: 0x0000000000010014 (0x00040067) jr      s0
core   0: 3 0x0000000000010014 (0x00040067)
core   0: >>>>  _start
core   0: 0x0000000080000000 (0x00004081) c.li    ra, 0
core   0: 3 0x0000000080000000 (0x4081) x1  0x0000000000000000
core   0: 0x0000000080000002 (0x00004101) c.li    sp, 0
core   0: 3 0x0000000080000002 (0x4101) x2  0x0000000000000000
core   0: 0x0000000080000004 (0x00004181) c.li    gp, 0
core   0: 3 0x0000000080000004 (0x4181) x3  0x0000000000000000
core   0: 0x0000000080000006 (0x00004201) c.li    tp, 0
core   0: 3 0x0000000080000006 (0x4201) x4  0x0000000000000000
core   0: 0x0000000080000008 (0x00004281) c.li    t0, 0
core   0: 3 0x0000000080000008 (0x4281) x5  0x0000000000000000
core   0: 0x000000008000000a (0x00004301) c.li    t1, 0
core   0: 3 0x000000008000000a (0x4301) x6  0x0000000000000000
core   0: 0x000000008000000c (0x00004381) c.li    t2, 0
core   0: 3 0x000000008000000c (0x4381) x7  0x0000000000000000
core   0: 0x000000008000000e (0x00004401) c.li    s0, 0
core   0: 3 0x000000008000000e (0x4401) x8  0x0000000000000000
core   0: 0x0000000080000010 (0x00004481) c.li    s1, 0
core   0: 3 0x0000000080000010 (0x4481) x9  0x0000000000000000
core   0: 0x0000000080000012 (0x00004501) c.li    a0, 0
core   0: 3 0x0000000080000012 (0x4501) x10 0x0000000000000000
core   0: 0x0000000080000014 (0x00004581) c.li    a1, 0
core   0: 3 0x0000000080000014 (0x4581) x11 0x0000000000000000
core   0: 0x0000000080000016 (0x00004601) c.li    a2, 0
core   0: 3 0x0000000080000016 (0x4601) x12 0x0000000000000000
core   0: 0x0000000080000018 (0x00004681) c.li    a3, 0
core   0: 3 0x0000000080000018 (0x4681) x13 0x0000000000000000
core   0: 0x000000008000001a (0x00004701) c.li    a4, 0
core   0: 3 0x000000008000001a (0x4701) x14 0x0000000000000000
core   0: 0x000000008000001c (0x00004781) c.li    a5, 0
core   0: 3 0x000000008000001c (0x4781) x15 0x0000000000000000
core   0: 0x000000008000001e (0x00004801) c.li    a6, 0
core   0: 3 0x000000008000001e (0x4801) x16 0x0000000000000000
core   0: 0x0000000080000020 (0x00004881) c.li    a7, 0
core   0: 3 0x0000000080000020 (0x4881) x17 0x0000000000000000
core   0: 0x0000000080000022 (0x00004901) c.li    s2, 0
core   0: 3 0x0000000080000022 (0x4901) x18 0x0000000000000000
core   0: 0x0000000080000024 (0x00004981) c.li    s3, 0
core   0: 3 0x0000000080000024 (0x4981) x19 0x0000000000000000
core   0: 0x0000000080000026 (0x00004a01) c.li    s4, 0
core   0: 3 0x0000000080000026 (0x4a01) x20 0x0000000000000000
core   0: 0x0000000080000028 (0x00004a81) c.li    s5, 0
core   0: 3 0x0000000080000028 (0x4a81) x21 0x0000000000000000
core   0: 0x000000008000002a (0x00004b01) c.li    s6, 0
core   0: 3 0x000000008000002a (0x4b01) x22 0x0000000000000000
core   0: 0x000000008000002c (0x00004b81) c.li    s7, 0
core   0: 3 0x000000008000002c (0x4b81) x23 0x0000000000000000
core   0: 0x000000008000002e (0x00004c01) c.li    s8, 0
core   0: 3 0x000000008000002e (0x4c01) x24 0x0000000000000000
core   0: 0x0000000080000030 (0x00004c81) c.li    s9, 0
core   0: 3 0x0000000080000030 (0x4c81) x25 0x0000000000000000
core   0: 0x0000000080000032 (0x00004d01) c.li    s10, 0
core   0: 3 0x0000000080000032 (0x4d01) x26 0x0000000000000000
core   0: 0x0000000080000034 (0x00004d81) c.li    s11, 0
core   0: 3 0x0000000080000034 (0x4d81) x27 0x0000000000000000
core   0: 0x0000000080000036 (0x00004e01) c.li    t3, 0
core   0: 3 0x0000000080000036 (0x4e01) x28 0x0000000000000000
core   0: 0x0000000080000038 (0x00004e81) c.li    t4, 0
core   0: 3 0x0000000080000038 (0x4e81) x29 0x0000000000000000
core   0: 0x000000008000003a (0x00004f01) c.li    t5, 0
core   0: 3 0x000000008000003a (0x4f01) x30 0x0000000000000000
core   0: 0x000000008000003c (0x00004f81) c.li    t6, 0
core   0: 3 0x000000008000003c (0x4f81) x31 0x0000000000000000
core   0: 0x000000008000003e (0x000062f9) c.lui   t0, 0x1e
core   0: 3 0x000000008000003e (0x62f9) x5  0x000000000001e000
core   0: 0x0000000080000040 (0x3002a073) csrrs   zero, mstatus, t0
core   0: 3 0x0000000080000040 (0x3002a073) c768_mstatus 0x8000000a00006000
core   0: 0x0000000080000044 (0x00004285) c.li    t0, 1
core   0: 3 0x0000000080000044 (0x4285) x5  0x0000000000000001
core   0: 0x0000000080000046 (0x000002fe) c.slli  t0, 31
core   0: 3 0x0000000080000046 (0x02fe) x5  0x0000000080000000
core   0: 0x0000000080000048 (0x0002d863) bge     t0, zero, pc + 16
core   0: 3 0x0000000080000048 (0x0002d863)
core   0: 0x0000000080000058 (0x00000297) auipc   t0, 0x0
core   0: 3 0x0000000080000058 (0x00000297) x5  0x0000000080000058
core   0: 0x000000008000005c (0x09028293) addi    t0, t0, 144
core   0: 3 0x000000008000005c (0x09028293) x5  0x00000000800000e8
core   0: 0x0000000080000060 (0x30529073) csrrw   zero, mtvec, t0
core   0: 3 0x0000000080000060 (0x30529073) c773_mtvec 0x00000000800000e8
core   0: 0x0000000080000064 (0x00301073) csrrw   zero, fcsr, zero
core   0: 3 0x0000000080000064 (0x00301073) c1_fflags 0x0000000000000000 c2_frm 0x0000000000000000
core   0: 0x0000000080000068 (0xf0000053) fmv.w.x ft0, zero
core   0: 3 0x0000000080000068 (0xf0000053) f0  0xffffffff00000000
core   0: 0x000000008000006c (0xf00000d3) fmv.w.x ft1, zero
core   0: 3 0x000000008000006c (0xf00000d3) f1  0xffffffff00000000
core   0: 0x0000000080000070 (0xf0000153) fmv.w.x ft2, zero
core   0: 3 0x0000000080000070 (0xf0000153) f2  0xffffffff00000000
core   0: 0x0000000080000074 (0xf00001d3) fmv.w.x ft3, zero
core   0: 3 0x0000000080000074 (0xf00001d3) f3  0xffffffff00000000
core   0: 0x0000000080000078 (0xf0000253) fmv.w.x ft4, zero
core   0: 3 0x0000000080000078 (0xf0000253) f4  0xffffffff00000000
core   0: 0x000000008000007c (0xf00002d3) fmv.w.x ft5, zero
core   0: 3 0x000000008000007c (0xf00002d3) f5  0xffffffff00000000
core   0: 0x0000000080000080 (0xf0000353) fmv.w.x ft6, zero
core   0: 3 0x0000000080000080 (0xf0000353) f6  0xffffffff00000000
core   0: 0x0000000080000084 (0xf00003d3) fmv.w.x ft7, zero
core   0: 3 0x0000000080000084 (0xf00003d3) f7  0xffffffff00000000
core   0: 0x0000000080000088 (0xf0000453) fmv.w.x fs0, zero
core   0: 3 0x0000000080000088 (0xf0000453) f8  0xffffffff00000000
core   0: 0x000000008000008c (0xf00004d3) fmv.w.x fs1, zero
core   0: 3 0x000000008000008c (0xf00004d3) f9  0xffffffff00000000
core   0: 0x0000000080000090 (0xf0000553) fmv.w.x fa0, zero
core   0: 3 0x0000000080000090 (0xf0000553) f10 0xffffffff00000000
core   0: 0x0000000080000094 (0xf00005d3) fmv.w.x fa1, zero
core   0: 3 0x0000000080000094 (0xf00005d3) f11 0xffffffff00000000
core   0: 0x0000000080000098 (0xf0000653) fmv.w.x fa2, zero
core   0: 3 0x0000000080000098 (0xf0000653) f12 0xffffffff00000000
core   0: 0x000000008000009c (0xf00006d3) fmv.w.x fa3, zero
core   0: 3 0x000000008000009c (0xf00006d3) f13 0xffffffff00000000
core   0: 0x00000000800000a0 (0xf0000753) fmv.w.x fa4, zero
core   0: 3 0x00000000800000a0 (0xf0000753) f14 0xffffffff00000000
core   0: 0x00000000800000a4 (0xf00007d3) fmv.w.x fa5, zero
core   0: 3 0x00000000800000a4 (0xf00007d3) f15 0xffffffff00000000
core   0: 0x00000000800000a8 (0xf0000853) fmv.w.x fa6, zero
core   0: 3 0x00000000800000a8 (0xf0000853) f16 0xffffffff00000000
core   0: 0x00000000800000ac (0xf00008d3) fmv.w.x fa7, zero
core   0: 3 0x00000000800000ac (0xf00008d3) f17 0xffffffff00000000
core   0: 0x00000000800000b0 (0xf0000953) fmv.w.x fs2, zero
core   0: 3 0x00000000800000b0 (0xf0000953) f18 0xffffffff00000000
core   0: 0x00000000800000b4 (0xf00009d3) fmv.w.x fs3, zero
core   0: 3 0x00000000800000b4 (0xf00009d3) f19 0xffffffff00000000
core   0: 0x00000000800000b8 (0xf0000a53) fmv.w.x fs4, zero
core   0: 3 0x00000000800000b8 (0xf0000a53) f20 0xffffffff00000000
core   0: 0x00000000800000bc (0xf0000ad3) fmv.w.x fs5, zero
core   0: 3 0x00000000800000bc (0xf0000ad3) f21 0xffffffff00000000
core   0: 0x00000000800000c0 (0xf0000b53) fmv.w.x fs6, zero
core   0: 3 0x00000000800000c0 (0xf0000b53) f22 0xffffffff00000000
core   0: 0x00000000800000c4 (0xf0000bd3) fmv.w.x fs7, zero
core   0: 3 0x00000000800000c4 (0xf0000bd3) f23 0xffffffff00000000
core   0: 0x00000000800000c8 (0xf0000c53) fmv.w.x fs8, zero
core   0: 3 0x00000000800000c8 (0xf0000c53) f24 0xffffffff00000000
core   0: 0x00000000800000cc (0xf0000cd3) fmv.w.x fs9, zero
core   0: 3 0x00000000800000cc (0xf0000cd3) f25 0xffffffff00000000
core   0: 0x00000000800000d0 (0xf0000d53) fmv.w.x fs10, zero
core   0: 3 0x00000000800000d0 (0xf0000d53) f26 0xffffffff00000000
core   0: 0x00000000800000d4 (0xf0000dd3) fmv.w.x fs11, zero
core   0: 3 0x00000000800000d4 (0xf0000dd3) f27 0xffffffff00000000
core   0: 0x00000000800000d8 (0xf0000e53) fmv.w.x ft8, zero
core   0: 3 0x00000000800000d8 (0xf0000e53) f28 0xffffffff00000000
core   0: 0x00000000800000dc (0xf0000ed3) fmv.w.x ft9, zero
core   0: 3 0x00000000800000dc (0xf0000ed3) f29 0xffffffff00000000
core   0: 0x00000000800000e0 (0xf0000f53) fmv.w.x ft10, zero
core   0: 3 0x00000000800000e0 (0xf0000f53) f30 0xffffffff00000000
core   0: 0x00000000800000e4 (0xf0000fd3) fmv.w.x ft11, zero
core   0: 3 0x00000000800000e4 (0xf0000fd3) f31 0xffffffff00000000
core   0: 0x00000000800000e8 (0x00000297) auipc   t0, 0x0
core   0: 3 0x00000000800000e8 (0x00000297) x5  0x00000000800000e8
core   0: 0x00000000800000ec (0x03c28293) addi    t0, t0, 60
core   0: 3 0x00000000800000ec (0x03c28293) x5  0x0000000080000124
core   0: 0x00000000800000f0 (0x30529073) csrrw   zero, mtvec, t0
core   0: 3 0x00000000800000f0 (0x30529073) c773_mtvec 0x0000000080000124
core   0: 0x00000000800000f4 (0x00012197) auipc   gp, 0x12
core   0: 3 0x00000000800000f4 (0x00012197) x3  0x00000000800120f4
core   0: 0x00000000800000f8 (0x73418193) addi    gp, gp, 1844
core   0: 3 0x00000000800000f8 (0x73418193) x3  0x0000000080012828
core   0: 0x00000000800000fc (0x00012217) auipc   tp, 0x12
core   0: 3 0x00000000800000fc (0x00012217) x4  0x00000000800120fc
core   0: 0x0000000080000100 (0xf8320213) addi    tp, tp, -125
core   0: 3 0x0000000080000100 (0xf8320213) x4  0x000000008001207f
core   0: 0x0000000080000104 (0xfc027213) andi    tp, tp, -64
core   0: 3 0x0000000080000104 (0xfc027213) x4  0x0000000080012040
core   0: 0x0000000080000108 (0xf1402573) csrrs   a0, mhartid, zero
core   0: 3 0x0000000080000108 (0xf1402573) x10 0x0000000000000000
core   0: 0x000000008000010c (0x00004585) c.li    a1, 1
core   0: 3 0x000000008000010c (0x4585) x11 0x0000000000000001
core   0: 0x000000008000010e (0x00b57063) bgeu    a0, a1, pc + 0
core   0: 3 0x000000008000010e (0x00b57063)
core   0: 0x0000000080000112 (0x00150113) addi    sp, a0, 1
core   0: 3 0x0000000080000112 (0x00150113) x2  0x0000000000000001
core   0: 0x0000000080000116 (0x00000146) c.slli  sp, 17
core   0: 3 0x0000000080000116 (0x0146) x2  0x0000000000020000
core   0: 0x0000000080000118 (0x00009112) c.add   sp, tp
core   0: 3 0x0000000080000118 (0x9112) x2  0x0000000080032040
core   0: 0x000000008000011a (0x01151613) slli    a2, a0, 17
core   0: 3 0x000000008000011a (0x01151613) x12 0x0000000000000000
core   0: 0x000000008000011e (0x00009232) c.add   tp, a2
core   0: 3 0x000000008000011e (0x9232) x4  0x0000000080012040
core   0: 0x0000000080000120 (0x4560f06f) j       pc + 0xf456
core   0: 3 0x0000000080000120 (0x4560f06f)
core   0: >>>>  _init
core   0: 0x000000008000f576 (0x00007171) c.addi16sp sp, -176
core   0: 3 0x000000008000f576 (0x7171) x2  0x0000000080031f90
core   0: 0x000000008000f578 (0x0000f506) c.sdsp  ra, 168(sp)
core   0: 3 0x000000008000f578 (0xf506) mem 0x0000000080032038 0x0000000000000000
core   0: 0x000000008000f57a (0x0000f122) c.sdsp  s0, 160(sp)
core   0: 3 0x000000008000f57a (0xf122) mem 0x0000000080032030 0x0000000000000000
core   0: 0x000000008000f57c (0x0000ed26) c.sdsp  s1, 152(sp)
core   0: 3 0x000000008000f57c (0xed26) mem 0x0000000080032028 0x0000000000000000
core   0: 0x000000008000f57e (0x00001900) c.addi4spn s0, sp, 176
core   0: 3 0x000000008000f57e (0x1900) x8  0x0000000080032040
core   0: 0x000000008000f580 (0x000087aa) c.mv    a5, a0
core   0: 3 0x000000008000f580 (0x87aa) x15 0x0000000000000000
core   0: 0x000000008000f582 (0x0000872e) c.mv    a4, a1
core   0: 3 0x000000008000f582 (0x872e) x14 0x0000000000000001
core   0: 0x000000008000f584 (0xf4f42e23) sw      a5, -164(s0)
core   0: 3 0x000000008000f584 (0xf4f42e23) mem 0x0000000080031f9c 0x00000000
core   0: 0x000000008000f588 (0x000087ba) c.mv    a5, a4
core   0: 3 0x000000008000f588 (0x87ba) x15 0x0000000000000001
core   0: 0x000000008000f58a (0xf4f42c23) sw      a5, -168(s0)
core   0: 3 0x000000008000f58a (0xf4f42c23) mem 0x0000000080031f98 0x00000001
core   0: 0x000000008000f58e (0xfe040793) addi    a5, s0, -32
core   0: 3 0x000000008000f58e (0xfe040793) x15 0x0000000080032020
core   0: 0x000000008000f592 (0xf4f43823) sd      a5, -176(s0)
core   0: 3 0x000000008000f592 (0xf4f43823) mem 0x0000000080031f90 0x0000000080032020
core   0: 0x000000008000f596 (0xf5043783) ld      a5, -176(s0)
core   0: 3 0x000000008000f596 (0xf5043783) x15 0x0000000080032020 mem 0x0000000080031f90
core   0: 0x000000008000f59a (0xf8078793) addi    a5, a5, -128
core   0: 3 0x000000008000f59a (0xf8078793) x15 0x0000000080031fa0
core   0: 0x000000008000f59e (0x03f78793) addi    a5, a5, 63
core   0: 3 0x000000008000f59e (0x03f78793) x15 0x0000000080031fdf
core   0: 0x000000008000f5a2 (0x00008399) c.srli  a5, 6
core   0: 3 0x000000008000f5a2 (0x8399) x15 0x0000000002000c7f
core   0: 0x000000008000f5a4 (0x00679493) slli    s1, a5, 6
core   0: 3 0x000000008000f5a4 (0x00679493) x9  0x0000000080031fc0
core   0: 0x000000008000f5a8 (0xf65ff0ef) jal     pc - 0x9c
core   0: 3 0x000000008000f5a8 (0xf65ff0ef) x1  0x000000008000f5ac
core   0: >>>>  init_tls
core   0: 0x000000008000f50c (0x00001101) c.addi  sp, -32
core   0: 3 0x000000008000f50c (0x1101) x2  0x0000000080031f70
core   0: 0x000000008000f50e (0x0000ec06) c.sdsp  ra, 24(sp)
core   0: 3 0x000000008000f50e (0xec06) mem 0x0000000080031f88 0x000000008000f5ac
core   0: 0x000000008000f510 (0x0000e822) c.sdsp  s0, 16(sp)
core   0: 3 0x000000008000f510 (0xe822) mem 0x0000000080031f80 0x0000000080032040
core   0: 0x000000008000f512 (0x00001000) c.addi4spn s0, sp, 32
core   0: 3 0x000000008000f512 (0x1000) x8  0x0000000080031f90
core   0: 0x000000008000f514 (0x00003717) auipc   a4, 0x3
core   0: 3 0x000000008000f514 (0x00003717) x14 0x0000000080012514
core   0: 0x000000008000f518 (0xb1470713) addi    a4, a4, -1260
core   0: 3 0x000000008000f518 (0xb1470713) x14 0x0000000080012028
core   0: 0x000000008000f51c (0x00003797) auipc   a5, 0x3
core   0: 3 0x000000008000f51c (0x00003797) x15 0x000000008001251c
core   0: 0x000000008000f520 (0xb0c78793) addi    a5, a5, -1268
core   0: 3 0x000000008000f520 (0xb0c78793) x15 0x0000000080012028
core   0: 0x000000008000f524 (0x40f707b3) sub     a5, a4, a5
core   0: 3 0x000000008000f524 (0x40f707b3) x15 0x0000000000000000
core   0: 0x000000008000f528 (0xfef43423) sd      a5, -24(s0)
core   0: 3 0x000000008000f528 (0xfef43423) mem 0x0000000080031f78 0x0000000000000000
core   0: 0x000000008000f52c (0x00008792) c.mv    a5, tp
core   0: 3 0x000000008000f52c (0x8792) x15 0x0000000080012040
core   0: 0x000000008000f52e (0xfe843603) ld      a2, -24(s0)
core   0: 3 0x000000008000f52e (0xfe843603) x12 0x0000000000000000 mem 0x0000000080031f78
core   0: 0x000000008000f532 (0x00003597) auipc   a1, 0x3
core   0: 3 0x000000008000f532 (0x00003597) x11 0x0000000080012532
core   0: 0x000000008000f536 (0xaf658593) addi    a1, a1, -1290
core   0: 3 0x000000008000f536 (0xaf658593) x11 0x0000000080012028
core   0: 0x000000008000f53a (0x0000853e) c.mv    a0, a5
core   0: 3 0x000000008000f53a (0x853e) x10 0x0000000080012040
core   0: 0x000000008000f53c (0x0f9000ef) jal     pc + 0x8f8
core   0: 3 0x000000008000f53c (0x0f9000ef) x1  0x000000008000f540
core   0: >>>>  memcpy
core   0: 0x000000008000fe34 (0x0000715d) c.addi16sp sp, -80
core   0: 3 0x000000008000fe34 (0x715d) x2  0x0000000080031f20
core   0: 0x000000008000fe36 (0x0000e4a2) c.sdsp  s0, 72(sp)
core   0: 3 0x000000008000fe36 (0xe4a2) mem 0x0000000080031f68 0x0000000080031f90
core   0: 0x000000008000fe38 (0x00000880) c.addi4spn s0, sp, 80
core   0: 3 0x000000008000fe38 (0x0880) x8  0x0000000080031f70
core   0: 0x000000008000fe3a (0xfca43423) sd      a0, -56(s0)
core   0: 3 0x000000008000fe3a (0xfca43423) mem 0x0000000080031f38 0x0000000080012040
core   0: 0x000000008000fe3e (0xfcb43023) sd      a1, -64(s0)
core   0: 3 0x000000008000fe3e (0xfcb43023) mem 0x0000000080031f30 0x0000000080012028
core   0: 0x000000008000fe42 (0xfac43c23) sd      a2, -72(s0)
core   0: 3 0x000000008000fe42 (0xfac43c23) mem 0x0000000080031f28 0x0000000000000000
core   0: 0x000000008000fe46 (0xfc843703) ld      a4, -56(s0)
core   0: 3 0x000000008000fe46 (0xfc843703) x14 0x0000000080012040 mem 0x0000000080031f38
core   0: 0x000000008000fe4a (0xfc043783) ld      a5, -64(s0)
core   0: 3 0x000000008000fe4a (0xfc043783) x15 0x0000000080012028 mem 0x0000000080031f30
core   0: 0x000000008000fe4e (0x00008f5d) c.or    a4, a5
core   0: 3 0x000000008000fe4e (0x8f5d) x14 0x0000000080012068
core   0: 0x000000008000fe50 (0xfb843783) ld      a5, -72(s0)
core   0: 3 0x000000008000fe50 (0xfb843783) x15 0x0000000000000000 mem 0x0000000080031f28
core   0: 0x000000008000fe54 (0x00008fd9) c.or    a5, a4
core   0: 3 0x000000008000fe54 (0x8fd9) x15 0x0000000080012068
core   0: 0x000000008000fe56 (0x00008b9d) c.andi  a5, 7
core   0: 3 0x000000008000fe56 (0x8b9d) x15 0x0000000000000000
core   0: 0x000000008000fe58 (0x0000e3b1) c.bnez  a5, pc + 68
core   0: 3 0x000000008000fe58 (0xe3b1)
core   0: 0x000000008000fe5a (0xfc043783) ld      a5, -64(s0)
core   0: 3 0x000000008000fe5a (0xfc043783) x15 0x0000000080012028 mem 0x0000000080031f30
core   0: 0x000000008000fe5e (0xfef43423) sd      a5, -24(s0)
core   0: 3 0x000000008000fe5e (0xfef43423) mem 0x0000000080031f58 0x0000000080012028
core   0: 0x000000008000fe62 (0xfc843783) ld      a5, -56(s0)
core   0: 3 0x000000008000fe62 (0xfc843783) x15 0x0000000080012040 mem 0x0000000080031f38
core   0: 0x000000008000fe66 (0xfef43023) sd      a5, -32(s0)
core   0: 3 0x000000008000fe66 (0xfef43023) mem 0x0000000080031f50 0x0000000080012040
core   0: 0x000000008000fe6a (0x0000a839) c.j     pc + 30
core   0: 3 0x000000008000fe6a (0xa839)
core   0: 0x000000008000fe88 (0xfc843703) ld      a4, -56(s0)
core   0: 3 0x000000008000fe88 (0xfc843703) x14 0x0000000080012040 mem 0x0000000080031f38
core   0: 0x000000008000fe8c (0xfb843783) ld      a5, -72(s0)
core   0: 3 0x000000008000fe8c (0xfb843783) x15 0x0000000000000000 mem 0x0000000080031f28
core   0: 0x000000008000fe90 (0x000097ba) c.add   a5, a4
core   0: 3 0x000000008000fe90 (0x97ba) x15 0x0000000080012040
core   0: 0x000000008000fe92 (0xfe043703) ld      a4, -32(s0)
core   0: 3 0x000000008000fe92 (0xfe043703) x14 0x0000000080012040 mem 0x0000000080031f50
core   0: 0x000000008000fe96 (0xfcf76be3) bltu    a4, a5, pc - 42
core   0: 3 0x000000008000fe96 (0xfcf76be3)
core   0: 0x000000008000fe9a (0x0000a099) c.j     pc + 70
core   0: 3 0x000000008000fe9a (0xa099)
core   0: 0x000000008000fee0 (0xfc843783) ld      a5, -56(s0)
core   0: 3 0x000000008000fee0 (0xfc843783) x15 0x0000000080012040 mem 0x0000000080031f38
core   0: 0x000000008000fee4 (0x0000853e) c.mv    a0, a5
core   0: 3 0x000000008000fee4 (0x853e) x10 0x0000000080012040
core   0: 0x000000008000fee6 (0x00006426) c.ldsp  s0, 72(sp)
core   0: 3 0x000000008000fee6 (0x6426) x8  0x0000000080031f90 mem 0x0000000080031f68
core   0: 0x000000008000fee8 (0x00006161) c.addi16sp sp, 80
core   0: 3 0x000000008000fee8 (0x6161) x2  0x0000000080031f70
core   0: 0x000000008000feea (0x00008082) ret
core   0: 3 0x000000008000feea (0x8082)
core   0: 0x000000008000f540 (0x00003717) auipc   a4, 0x3
core   0: 3 0x000000008000f540 (0x00003717) x14 0x0000000080012540
core   0: 0x000000008000f544 (0xb8470713) addi    a4, a4, -1148
core   0: 3 0x000000008000f544 (0xb8470713) x14 0x00000000800120c4
core   0: 0x000000008000f548 (0x00003797) auipc   a5, 0x3
core   0: 3 0x000000008000f548 (0x00003797) x15 0x0000000080012548
core   0: 0x000000008000f54c (0xae078793) addi    a5, a5, -1312
core   0: 3 0x000000008000f54c (0xae078793) x15 0x0000000080012028
core   0: 0x000000008000f550 (0x40f707b3) sub     a5, a4, a5
core   0: 3 0x000000008000f550 (0x40f707b3) x15 0x000000000000009c
core   0: 0x000000008000f554 (0xfef43023) sd      a5, -32(s0)
core   0: 3 0x000000008000f554 (0xfef43023) mem 0x0000000080031f70 0x000000000000009c
core   0: 0x000000008000f558 (0x00008712) c.mv    a4, tp
core   0: 3 0x000000008000f558 (0x8712) x14 0x0000000080012040
core   0: 0x000000008000f55a (0xfe843783) ld      a5, -24(s0)
core   0: 3 0x000000008000f55a (0xfe843783) x15 0x0000000000000000 mem 0x0000000080031f78
core   0: 0x000000008000f55e (0x000097ba) c.add   a5, a4
core   0: 3 0x000000008000f55e (0x97ba) x15 0x0000000080012040
core   0: 0x000000008000f560 (0xfe043603) ld      a2, -32(s0)
core   0: 3 0x000000008000f560 (0xfe043603) x12 0x000000000000009c mem 0x0000000080031f70
core   0: 0x000000008000f564 (0x00004581) c.li    a1, 0
core   0: 3 0x000000008000f564 (0x4581) x11 0x0000000000000000
core   0: 0x000000008000f566 (0x0000853e) c.mv    a0, a5
core   0: 3 0x000000008000f566 (0x853e) x10 0x0000000080012040
core   0: 0x000000008000f568 (0x185000ef) jal     pc + 0x984
core   0: 3 0x000000008000f568 (0x185000ef) x1  0x000000008000f56c
core   0: >>>>  memset
core   0: 0x000000008000feec (0x0000715d) c.addi16sp sp, -80
core   0: 3 0x000000008000feec (0x715d) x2  0x0000000080031f20
core   0: 0x000000008000feee (0x0000e4a2) c.sdsp  s0, 72(sp)
core   0: 3 0x000000008000feee (0xe4a2) mem 0x0000000080031f68 0x0000000080031f90
core   0: 0x000000008000fef0 (0x00000880) c.addi4spn s0, sp, 80
core   0: 3 0x000000008000fef0 (0x0880) x8  0x0000000080031f70
core   0: 0x000000008000fef2 (0xfca43423) sd      a0, -56(s0)
core   0: 3 0x000000008000fef2 (0xfca43423) mem 0x0000000080031f38 0x0000000080012040
core   0: 0x000000008000fef6 (0x000087ae) c.mv    a5, a1
core   0: 3 0x000000008000fef6 (0x87ae) x15 0x0000000000000000
core   0: 0x000000008000fef8 (0xfac43c23) sd      a2, -72(s0)
core   0: 3 0x000000008000fef8 (0xfac43c23) mem 0x0000000080031f28 0x000000000000009c
core   0: 0x000000008000fefc (0xfcf42223) sw      a5, -60(s0)
core   0: 3 0x000000008000fefc (0xfcf42223) mem 0x0000000080031f34 0x00000000
core   0: 0x000000008000ff00 (0xfc843703) ld      a4, -56(s0)
core   0: 3 0x000000008000ff00 (0xfc843703) x14 0x0000000080012040 mem 0x0000000080031f38
core   0: 0x000000008000ff04 (0xfb843783) ld      a5, -72(s0)
core   0: 3 0x000000008000ff04 (0xfb843783) x15 0x000000000000009c mem 0x0000000080031f28
core   0: 0x000000008000ff08 (0x00008fd9) c.or    a5, a4
core   0: 3 0x000000008000ff08 (0x8fd9) x15 0x00000000800120dc
core   0: 0x000000008000ff0a (0x00008b9d) c.andi  a5, 7
core   0: 3 0x000000008000ff0a (0x8b9d) x15 0x0000000000000004
core   0: 0x000000008000ff0c (0x0000e7bd) c.bnez  a5, pc + 110
core   0: 3 0x000000008000ff0c (0xe7bd)
core   0: 0x000000008000ff7a (0xfc843783) ld      a5, -56(s0)
core   0: 3 0x000000008000ff7a (0xfc843783) x15 0x0000000080012040 mem 0x0000000080031f38
core   0: 0x000000008000ff7e (0xfef43023) sd      a5, -32(s0)
core   0: 3 0x000000008000ff7e (0xfef43023) mem 0x0000000080031f50 0x0000000080012040
core   0: 0x000000008000ff82 (0x0000a829) c.j     pc + 26
core   0: 3 0x000000008000ff82 (0xa829)
core   0: 0x000000008000ff9c (0xfc843703) ld      a4, -56(s0)
core   0: 3 0x000000008000ff9c (0xfc843703) x14 0x0000000080012040 mem 0x0000000080031f38
core   0: 0x000000008000ffa0 (0xfb843783) ld      a5, -72(s0)
core   0: 3 0x000000008000ffa0 (0xfb843783) x15 0x000000000000009c mem 0x0000000080031f28
core   0: 0x000000008000ffa4 (0x000097ba) c.add   a5, a4
core   0: 3 0x000000008000ffa4 (0x97ba) x15 0x00000000800120dc
core   0: 0x000000008000ffa6 (0xfe043703) ld      a4, -32(s0)
core   0: 3 0x000000008000ffa6 (0xfe043703) x14 0x0000000080012040 mem 0x0000000080031f50
core   0: 0x000000008000ffaa (0xfcf76de3) bltu    a4, a5, pc - 38
core   0: 3 0x000000008000ffaa (0xfcf76de3)
core   0: 0x000000008000ff84 (0xfe043783) ld      a5, -32(s0)
core   0: 3 0x000000008000ff84 (0xfe043783) x15 0x0000000080012040 mem 0x0000000080031f50
core   0: 0x000000008000ff88 (0x00178713) addi    a4, a5, 1
core   0: 3 0x000000008000ff88 (0x00178713) x14 0x0000000080012041
core   0: 0x000000008000ff8c (0xfee43023) sd      a4, -32(s0)
core   0: 3 0x000000008000ff8c (0xfee43023) mem 0x0000000080031f50 0x0000000080012041
core   0: 0x000000008000ff90 (0xfc442703) lw      a4, -60(s0)
core   0: 3 0x000000008000ff90 (0xfc442703) x14 0x0000000000000000 mem 0x0000000080031f34
core   0: 0x000000008000ff94 (0x0ff77713) andi    a4, a4, 255
core   0: 3 0x000000008000ff94 (0x0ff77713) x14 0x0000000000000000
core   0: 0x000000008000ff98 (0x00e78023) sb      a4, 0(a5)
core   0: 3 0x000000008000ff98 (0x00e78023) mem 0x0000000080012040 0x00
core   0: 0x000000008000ff9c (0xfc843703) ld      a4, -56(s0)
core   0: 3 0x000000008000ff9c (0xfc843703) x14 0x0000000080012040 mem 0x0000000080031f38
core   0: 0x000000008000ffa0 (0xfb843783) ld      a5, -72(s0)
core   0: 3 0x000000008000ffa0 (0xfb843783) x15 0x000000000000009c mem 0x0000000080031f28
core   0: 0x000000008000ffa4 (0x000097ba) c.add   a5, a4
core   0: 3 0x000000008000ffa4 (0x97ba) x15 0x00000000800120dc
core   0: 0x000000008000ffa6 (0xfe043703) ld      a4, -32(s0)
core   0: 3 0x000000008000ffa6 (0xfe043703) x14 0x0000000080012041 mem 0x0000000080031f50
core   0: 0x000000008000ffaa (0xfcf76de3) bltu    a4, a5, pc - 38
core   0: 3 0x000000008000ffaa (0xfcf76de3)
core   0: 0x000000008000ff84 (0xfe043783) ld      a5, -32(s0)
core   0: 3 0x000000008000ff84 (0xfe043783) x15 0x0000000080012041 mem 0x0000000080031f50
core   0: 0x000000008000ff88 (0x00178713) addi    a4, a5, 1
core   0: 3 0x000000008000ff88 (0x00178713) x14 0x0000000080012042
core   0: 0x000000008000ff8c (0xfee43023) sd      a4, -32(s0)
core   0: 3 0x000000008000ff8c (0xfee43023) mem 0x0000000080031f50 0x0000000080012042
core   0: 0x000000008000ff90 (0xfc442703) lw      a4, -60(s0)
core   0: 3 0x000000008000ff90 (0xfc442703) x14 0x0000000000000000 mem 0x0000000080031f34
core   0: 0x000000008000ff94 (0x0ff77713) andi    a4, a4, 255
core   0: 3 0x000000008000ff94 (0x0ff77713) x14 0x0000000000000000
core   0: 0x000000008000ff98 (0x00e78023) sb      a4, 0(a5)
core   0: 3 0x000000008000ff98 (0x00e78023) mem 0x0000000080012041 0x00
core   0: 0x000000008000ff9c (0xfc843703) ld      a4, -56(s0)
core   0: 3 0x000000008000ff9c (0xfc843703) x14 0x0000000080012040 mem 0x0000000080031f38
core   0: 0x000000008000ffa0 (0xfb843783) ld      a5, -72(s0)
core   0: 3 0x000000008000ffa0 (0xfb843783) x15 0x000000000000009c mem 0x0000000080031f28
core   0: 0x000000008000ffa4 (0x000097ba) c.add   a5, a4
core   0: 3 0x000000008000ffa4 (0x97ba) x15 0x00000000800120dc
core   0: 0x000000008000ffa6 (0xfe043703) ld      a4, -32(s0)
core   0: 3 0x000000008000ffa6 (0xfe043703) x14 0x0000000080012042 mem 0x0000000080031f50
core   0: 0x000000008000ffaa (0xfcf76de3) bltu    a4, a5, pc - 38
core   0: 3 0x000000008000ffaa (0xfcf76de3)
core   0: 0x000000008000ff84 (0xfe043783) ld      a5, -32(s0)
core   0: 3 0x000000008000ff84 (0xfe043783) x15 0x0000000080012042 mem 0x0000000080031f50
core   0: 0x000000008000ff88 (0x00178713) addi    a4, a5, 1
core   0: 3 0x000000008000ff88 (0x00178713) x14 0x0000000080012043
core   0: 0x000000008000ff8c (0xfee43023) sd      a4, -32(s0)
core   0: 3 0x000000008000ff8c (0xfee43023) mem 0x0000000080031f50 0x0000000080012043
core   0: 0x000000008000ff90 (0xfc442703) lw      a4, -60(s0)
core   0: 3 0x000000008000ff90 (0xfc442703) x14 0x0000000000000000 mem 0x0000000080031f34
core   0: 0x000000008000ff94 (0x0ff77713) andi    a4, a4, 255
core   0: 3 0x000000008000ff94 (0x0ff77713) x14 0x0000000000000000
core   0: 0x000000008000ff98 (0x00e78023) sb      a4, 0(a5)
core   0: 3 0x000000008000ff98 (0x00e78023) mem 0x0000000080012042 0x00
core   0: 0x000000008000ff9c (0xfc843703) ld      a4, -56(s0)
core   0: 3 0x000000008000ff9c (0xfc843703) x14 0x0000000080012040 mem 0x0000000080031f38
core   0: 0x000000008000ffa0 (0xfb843783) ld      a5, -72(s0)
core   0: 3 0x000000008000ffa0 (0xfb843783) x15 0x000000000000009c mem 0x0000000080031f28
core   0: 0x000000008000ffa4 (0x000097ba) c.add   a5, a4
core   0: 3 0x000000008000ffa4 (0x97ba) x15 0x00000000800120dc
core   0: 0x000000008000ffa6 (0xfe043703) ld      a4, -32(s0)
core   0: 3 0x000000008000ffa6 (0xfe043703) x14 0x0000000080012043 mem 0x0000000080031f50
core   0: 0x000000008000ffaa (0xfcf76de3) bltu    a4, a5, pc - 38
core   0: 3 0x000000008000ffaa (0xfcf76de3)
core   0: 0x000000008000ff84 (0xfe043783) ld      a5, -32(s0)
core   0: 3 0x000000008000ff84 (0xfe043783) x15 0x0000000080012043 mem 0x0000000080031f50
core   0: 0x000000008000ff88 (0x00178713) addi    a4, a5, 1
core   0: 3 0x000000008000ff88 (0x00178713) x14 0x0000000080012044
core   0: 0x000000008000ff8c (0xfee43023) sd      a4, -32(s0)
core   0: 3 0x000000008000ff8c (0xfee43023) mem 0x0000000080031f50 0x0000000080012044
core   0: 0x000000008000ff90 (0xfc442703) lw      a4, -60(s0)
core   0: 3 0x000000008000ff90 (0xfc442703) x14 0x0000000000000000 mem 0x0000000080031f34
core   0: 0x000000008000ff94 (0x0ff77713) andi    a4, a4, 255
core   0: 3 0x000000008000ff94 (0x0ff77713) x14 0x0000000000000000
core   0: 0x000000008000ff98 (0x00e78023) sb      a4, 0(a5)
core   0: 3 0x000000008000ff98 (0x00e78023) mem 0x0000000080012043 0x00
core   0: 0x000000008000ff9c (0xfc843703) ld      a4, -56(s0)
core   0: 3 0x000000008000ff9c (0xfc843703) x14 0x0000000080012040 mem 0x0000000080031f38
core   0: 0x000000008000ffa0 (0xfb843783) ld      a5, -72(s0)
core   0: 3 0x000000008000ffa0 (0xfb843783) x15 0x000000000000009c mem 0x0000000080031f28
core   0: 0x000000008000ffa4 (0x000097ba) c.add   a5, a4
core   0: 3 0x000000008000ffa4 (0x97ba) x15 0x00000000800120dc
core   0: 0x000000008000ffa6 (0xfe043703) ld      a4, -32(s0)
core   0: 3 0x000000008000ffa6 (0xfe043703) x14 0x0000000080012044 mem 0x0000000080031f50
core   0: 0x000000008000ffaa (0xfcf76de3) bltu    a4, a5, pc - 38
core   0: 3 0x000000008000ffaa (0xfcf76de3)
core   0: 0x000000008000ff84 (0xfe043783) ld      a5, -32(s0)
core   0: 3 0x000000008000ff84 (0xfe043783) x15 0x0000000080012044 mem 0x0000000080031f50
core   0: 0x000000008000ff88 (0x00178713) addi    a4, a5, 1
core   0: 3 0x000000008000ff88 (0x00178713) x14 0x0000000080012045
core   0: 0x000000008000ff8c (0xfee43023) sd      a4, -32(s0)
core   0: 3 0x000000008000ff8c (0xfee43023) mem 0x0000000080031f50 0x0000000080012045
core   0: 0x000000008000ff90 (0xfc442703) lw      a4, -60(s0)
core   0: 3 0x000000008000ff90 (0xfc442703) x14 0x0000000000000000 mem 0x0000000080031f34
core   0: 0x000000008000ff94 (0x0ff77713) andi    a4, a4, 255
core   0: 3 0x000000008000ff94 (0x0ff77713) x14 0x0000000000000000
core   0: 0x000000008000ff98 (0x00e78023) sb      a4, 0(a5)
core   0: 3 0x000000008000ff98 (0x00e78023) mem 0x0000000080012044 0x00
core   0: 0x000000008000ff9c (0xfc843703) ld      a4, -56(s0)
core   0: 3 0x000000008000ff9c (0xfc843703) x14 0x0000000080012040 mem 0x0000000080031f38
core   0: 0x000000008000ffa0 (0xfb843783) ld      a5, -72(s0)
core   0: 3 0x000000008000ffa0 (0xfb843783) x15 0x000000000000009c mem 0x0000000080031f28
core   0: 0x000000008000ffa4 (0x000097ba) c.add   a5, a4
core   0: 3 0x000000008000ffa4 (0x97ba) x15 0x00000000800120dc
core   0: 0x000000008000ffa6 (0xfe043703) ld      a4, -32(s0)
core   0: 3 0x000000008000ffa6 (0xfe043703) x14 0x0000000080012045 mem 0x0000000080031f50
core   0: 0x000000008000ffaa (0xfcf76de3) bltu    a4, a5, pc - 38
core   0: 3 0x000000008000ffaa (0xfcf76de3)
core   0: 0x000000008000ff84 (0xfe043783) ld      a5, -32(s0)
core   0: 3 0x000000008000ff84 (0xfe043783) x15 0x0000000080012045 mem 0x0000000080031f50
core   0: 0x000000008000ff88 (0x00178713) addi    a4, a5, 1
core   0: 3 0x000000008000ff88 (0x00178713) x14 0x0000000080012046
core   0: 0x000000008000ff8c (0xfee43023) sd      a4, -32(s0)
core   0: 3 0x000000008000ff8c (0xfee43023) mem 0x0000000080031f50 0x0000000080012046
core   0: 0x000000008000ff90 (0xfc442703) lw      a4, -60(s0)
core   0: 3 0x000000008000ff90 (0xfc442703) x14 0x0000000000000000 mem 0x0000000080031f34
core   0: 0x000000008000ff94 (0x0ff77713) andi    a4, a4, 255
core   0: 3 0x000000008000ff94 (0x0ff77713) x14 0x0000000000000000
core   0: 0x000000008000ff98 (0x00e78023) sb      a4, 0(a5)
core   0: 3 0x000000008000ff98 (0x00e78023) mem 0x0000000080012045 0x00
core   0: 0x000000008000ff9c (0xfc843703) ld      a4, -56(s0)
core   0: 3 0x000000008000ff9c (0xfc843703) x14 0x0000000080012040 mem 0x0000000080031f38
core   0: 0x000000008000ffa0 (0xfb843783) ld      a5, -72(s0)
core   0: 3 0x000000008000ffa0 (0xfb843783) x15 0x000000000000009c mem 0x0000000080031f28
core   0: 0x000000008000ffa4 (0x000097ba) c.add   a5, a4
core   0: 3 0x000000008000ffa4 (0x97ba) x15 0x00000000800120dc
core   0: 0x000000008000ffa6 (0xfe043703) ld      a4, -32(s0)
core   0: 3 0x000000008000ffa6 (0xfe043703) x14 0x0000000080012046 mem 0x0000000080031f50
core   0: 0x000000008000ffaa (0xfcf76de3) bltu    a4, a5, pc - 38
core   0: 3 0x000000008000ffaa (0xfcf76de3)
core   0: 0x000000008000ff84 (0xfe043783) ld      a5, -32(s0)
core   0: 3 0x000000008000ff84 (0xfe043783) x15 0x0000000080012046 mem 0x0000000080031f50
core   0: 0x000000008000ff88 (0x00178713) addi    a4, a5, 1
core   0: 3 0x000000008000ff88 (0x00178713) x14 0x0000000080012047
core   0: 0x000000008000ff8c (0xfee43023) sd      a4, -32(s0)
core   0: 3 0x000000008000ff8c (0xfee43023) mem 0x0000000080031f50 0x0000000080012047
core   0: 0x000000008000ff90 (0xfc442703) lw      a4, -60(s0)
core   0: 3 0x000000008000ff90 (0xfc442703) x14 0x0000000000000000 mem 0x0000000080031f34
core   0: 0x000000008000ff94 (0x0ff77713) andi    a4, a4, 255
core   0: 3 0x000000008000ff94 (0x0ff77713) x14 0x0000000000000000
core   0: 0x000000008000ff98 (0x00e78023) sb      a4, 0(a5)
core   0: 3 0x000000008000ff98 (0x00e78023) mem 0x0000000080012046 0x00
core   0: 0x000000008000ff9c (0xfc843703) ld      a4, -56(s0)
core   0: 3 0x000000008000ff9c (0xfc843703) x14 0x0000000080012040 mem 0x0000000080031f38
core   0: 0x000000008000ffa0 (0xfb843783) ld      a5, -72(s0)
core   0: 3 0x000000008000ffa0 (0xfb843783) x15 0x000000000000009c mem 0x0000000080031f28
core   0: 0x000000008000ffa4 (0x000097ba) c.add   a5, a4
core   0: 3 0x000000008000ffa4 (0x97ba) x15 0x00000000800120dc
core   0: 0x000000008000ffa6 (0xfe043703) ld      a4, -32(s0)
core   0: 3 0x000000008000ffa6 (0xfe043703) x14 0x0000000080012047 mem 0x0000000080031f50
core   0: 0x000000008000ffaa (0xfcf76de3) bltu    a4, a5, pc - 38
core   0: 3 0x000000008000ffaa (0xfcf76de3)
core   0: 0x000000008000ff84 (0xfe043783) ld      a5, -32(s0)
core   0: 3 0x000000008000ff84 (0xfe043783) x15 0x0000000080012047 mem 0x0000000080031f50
core   0: 0x000000008000ff88 (0x00178713) addi    a4, a5, 1
core   0: 3 0x000000008000ff88 (0x00178713) x14 0x0000000080012048
core   0: 0x000000008000ff8c (0xfee43023) sd      a4, -32(s0)
core   0: 3 0x000000008000ff8c (0xfee43023) mem 0x0000000080031f50 0x0000000080012048
core   0: 0x000000008000ff90 (0xfc442703) lw      a4, -60(s0)
core   0: 3 0x000000008000ff90 (0xfc442703) x14 0x0000000000000000 mem 0x0000000080031f34
core   0: 0x000000008000ff94 (0x0ff77713) andi    a4, a4, 255
core   0: 3 0x000000008000ff94 (0x0ff77713) x14 0x0000000000000000
core   0: 0x000000008000ff98 (0x00e78023) sb      a4, 0(a5)
core   0: 3 0x000000008000ff98 (0x00e78023) mem 0x0000000080012047 0x00
core   0: 0x000000008000ff9c (0xfc843703) ld      a4, -56(s0)
core   0: 3 0x000000008000ff9c (0xfc843703) x14 0x0000000080012040 mem 0x0000000080031f38
core   0: 0x000000008000ffa0 (0xfb843783) ld      a5, -72(s0)
core   0: 3 0x000000008000ffa0 (0xfb843783) x15 0x000000000000009c mem 0x0000000080031f28
core   0: 0x000000008000ffa4 (0x000097ba) c.add   a5, a4
core   0: 3 0x000000008000ffa4 (0x97ba) x15 0x00000000800120dc
core   0: 0x000000008000ffa6 (0xfe043703) ld      a4, -32(s0)
core   0: 3 0x000000008000ffa6 (0xfe043703) x14 0x0000000080012048 mem 0x0000000080031f50
core   0: 0x000000008000ffaa (0xfcf76de3) bltu    a4, a5, pc - 38
core   0: 3 0x000000008000ffaa (0xfcf76de3)
core   0: 0x000000008000ff84 (0xfe043783) ld      a5, -32(s0)
core   0: 3 0x000000008000ff84 (0xfe043783) x15 0x0000000080012048 mem 0x0000000080031f50
core   0: 0x000000008000ff88 (0x00178713) addi    a4, a5, 1
core   0: 3 0x000000008000ff88 (0x00178713) x14 0x0000000080012049
core   0: 0x000000008000ff8c (0xfee43023) sd      a4, -32(s0)
core   0: 3 0x000000008000ff8c (0xfee43023) mem 0x0000000080031f50 0x0000000080012049
core   0: 0x000000008000ff90 (0xfc442703) lw      a4, -60(s0)
core   0: 3 0x000000008000ff90 (0xfc442703) x14 0x0000000000000000 mem 0x0000000080031f34
core   0: 0x000000008000ff94 (0x0ff77713) andi    a4, a4, 255
core   0: 3 0x000000008000ff94 (0x0ff77713) x14 0x0000000000000000
core   0: 0x000000008000ff98 (0x00e78023) sb      a4, 0(a5)
core   0: 3 0x000000008000ff98 (0x00e78023) mem 0x0000000080012048 0x00
core   0: 0x000000008000ff9c (0xfc843703) ld      a4, -56(s0)
core   0: 3 0x000000008000ff9c (0xfc843703) x14 0x0000000080012040 mem 0x0000000080031f38
core   0: 0x000000008000ffa0 (0xfb843783) ld      a5, -72(s0)
core   0: 3 0x000000008000ffa0 (0xfb843783) x15 0x000000000000009c mem 0x0000000080031f28
core   0: 0x000000008000ffa4 (0x000097ba) c.add   a5, a4
core   0: 3 0x000000008000ffa4 (0x97ba) x15 0x00000000800120dc
core   0: 0x000000008000ffa6 (0xfe043703) ld      a4, -32(s0)
core   0: 3 0x000000008000ffa6 (0xfe043703) x14 0x0000000080012049 mem 0x0000000080031f50
core   0: 0x000000008000ffaa (0xfcf76de3) bltu    a4, a5, pc - 38
core   0: 3 0x000000008000ffaa (0xfcf76de3)
core   0: 0x000000008000ff84 (0xfe043783) ld      a5, -32(s0)
core   0: 3 0x000000008000ff84 (0xfe043783) x15 0x0000000080012049 mem 0x0000000080031f50
core   0: 0x000000008000ff88 (0x00178713) addi    a4, a5, 1
core   0: 3 0x000000008000ff88 (0x00178713) x14 0x000000008001204a
core   0: 0x000000008000ff8c (0xfee43023) sd      a4, -32(s0)
core   0: 3 0x000000008000ff8c (0xfee43023) mem 0x0000000080031f50 0x000000008001204a
core   0: 0x000000008000ff90 (0xfc442703) lw      a4, -60(s0)
core   0: 3 0x000000008000ff90 (0xfc442703) x14 0x0000000000000000 mem 0x0000000080031f34
core   0: 0x000000008000ff94 (0x0ff77713) andi    a4, a4, 255
core   0: 3 0x000000008000ff94 (0x0ff77713) x14 0x0000000000000000
core   0: 0x000000008000ff98 (0x00e78023) sb      a4, 0(a5)
core   0: 3 0x000000008000ff98 (0x00e78023) mem 0x0000000080012049 0x00
core   0: 0x000000008000ff9c (0xfc843703) ld      a4, -56(s0)
core   0: 3 0x000000008000ff9c (0xfc843703) x14 0x0000000080012040 mem 0x0000000080031f38
core   0: 0x000000008000ffa0 (0xfb843783) ld      a5, -72(s0)
core   0: 3 0x000000008000ffa0 (0xfb843783) x15 0x000000000000009c mem 0x0000000080031f28
core   0: 0x000000008000ffa4 (0x000097ba) c.add   a5, a4
core   0: 3 0x000000008000ffa4 (0x97ba) x15 0x00000000800120dc
core   0: 0x000000008000ffa6 (0xfe043703) ld      a4, -32(s0)
core   0: 3 0x000000008000ffa6 (0xfe043703) x14 0x000000008001204a mem 0x0000000080031f50
core   0: 0x000000008000ffaa (0xfcf76de3) bltu    a4, a5, pc - 38
core   0: 3 0x000000008000ffaa (0xfcf76de3)
core   0: 0x000000008000ff84 (0xfe043783) ld      a5, -32(s0)
core   0: 3 0x000000008000ff84 (0xfe043783) x15 0x000000008001204a mem 0x0000000080031f50
core   0: 0x000000008000ff88 (0x00178713) addi    a4, a5, 1
core   0: 3 0x000000008000ff88 (0x00178713) x14 0x000000008001204b
core   0: 0x000000008000ff8c (0xfee43023) sd      a4, -32(s0)
core   0: 3 0x000000008000ff8c (0xfee43023) mem 0x0000000080031f50 0x000000008001204b
core   0: 0x000000008000ff90 (0xfc442703) lw      a4, -60(s0)
core   0: 3 0x000000008000ff90 (0xfc442703) x14 0x0000000000000000 mem 0x0000000080031f34
core   0: 0x000000008000ff94 (0x0ff77713) andi    a4, a4, 255
core   0: 3 0x000000008000ff94 (0x0ff77713) x14 0x0000000000000000
core   0: 0x000000008000ff98 (0x00e78023) sb      a4, 0(a5)
core   0: 3 0x000000008000ff98 (0x00e78023) mem 0x000000008001204a 0x00
core   0: 0x000000008000ff9c (0xfc843703) ld      a4, -56(s0)
core   0: 3 0x000000008000ff9c (0xfc843703) x14 0x0000000080012040 mem 0x0000000080031f38
core   0: 0x000000008000ffa0 (0xfb843783) ld      a5, -72(s0)
core   0: 3 0x000000008000ffa0 (0xfb843783) x15 0x000000000000009c mem 0x0000000080031f28
core   0: 0x000000008000ffa4 (0x000097ba) c.add   a5, a4
core   0: 3 0x000000008000ffa4 (0x97ba) x15 0x00000000800120dc
core   0: 0x000000008000ffa6 (0xfe043703) ld      a4, -32(s0)
core   0: 3 0x000000008000ffa6 (0xfe043703) x14 0x000000008001204b mem 0x0000000080031f50
core   0: 0x000000008000ffaa (0xfcf76de3) bltu    a4, a5, pc - 38
core   0: 3 0x000000008000ffaa (0xfcf76de3)
core   0: 0x000000008000ff84 (0xfe043783) ld      a5, -32(s0)
core   0: 3 0x000000008000ff84 (0xfe043783) x15 0x000000008001204b mem 0x0000000080031f50
core   0: 0x000000008000ff88 (0x00178713) addi    a4, a5, 1
core   0: 3 0x000000008000ff88 (0x00178713) x14 0x000000008001204c
core   0: 0x000000008000ff8c (0xfee43023) sd      a4, -32(s0)
core   0: 3 0x000000008000ff8c (0xfee43023) mem 0x0000000080031f50 0x000000008001204c
core   0: 0x000000008000ff90 (0xfc442703) lw      a4, -60(s0)
core   0: 3 0x000000008000ff90 (0xfc442703) x14 0x0000000000000000 mem 0x0000000080031f34
core   0: 0x000000008000ff94 (0x0ff77713) andi    a4, a4, 255
core   0: 3 0x000000008000ff94 (0x0ff77713) x14 0x0000000000000000
core   0: 0x000000008000ff98 (0x00e78023) sb      a4, 0(a5)
core   0: 3 0x000000008000ff98 (0x00e78023) mem 0x000000008001204b 0x00
core   0: 0x000000008000ff9c (0xfc843703) ld      a4, -56(s0)
core   0: 3 0x000000008000ff9c (0xfc843703) x14 0x0000000080012040 mem 0x0000000080031f38
core   0: 0x000000008000ffa0 (0xfb843783) ld      a5, -72(s0)
core   0: 3 0x000000008000ffa0 (0xfb843783) x15 0x000000000000009c mem 0x0000000080031f28
core   0: 0x000000008000ffa4 (0x000097ba) c.add   a5, a4
core   0: 3 0x000000008000ffa4 (0x97ba) x15 0x00000000800120dc
core   0: 0x000000008000ffa6 (0xfe043703) ld      a4, -32(s0)
core   0: 3 0x000000008000ffa6 (0xfe043703) x14 0x000000008001204c mem 0x0000000080031f50
core   0: 0x000000008000ffaa (0xfcf76de3) bltu    a4, a5, pc - 38
core   0: 3 0x000000008000ffaa (0xfcf76de3)
core   0: 0x000000008000ff84 (0xfe043783) ld      a5, -32(s0)
core   0: 3 0x000000008000ff84 (0xfe043783) x15 0x000000008001204c mem 0x0000000080031f50
core   0: 0x000000008000ff88 (0x00178713) addi    a4, a5, 1
core   0: 3 0x000000008000ff88 (0x00178713) x14 0x000000008001204d
core   0: 0x000000008000ff8c (0xfee43023) sd      a4, -32(s0)
core   0: 3 0x000000008000ff8c (0xfee43023) mem 0x0000000080031f50 0x000000008001204d
core   0: 0x000000008000ff90 (0xfc442703) lw      a4, -60(s0)
core   0: 3 0x000000008000ff90 (0xfc442703) x14 0x0000000000000000 mem 0x0000000080031f34
core   0: 0x000000008000ff94 (0x0ff77713) andi    a4, a4, 255
core   0: 3 0x000000008000ff94 (0x0ff77713) x14 0x0000000000000000
core   0: 0x000000008000ff98 (0x00e78023) sb      a4, 0(a5)
core   0: 3 0x000000008000ff98 (0x00e78023) mem 0x000000008001204c 0x00
core   0: 0x000000008000ff9c (0xfc843703) ld      a4, -56(s0)
core   0: 3 0x000000008000ff9c (0xfc843703) x14 0x0000000080012040 mem 0x0000000080031f38
core   0: 0x000000008000ffa0 (0xfb843783) ld      a5, -72(s0)
core   0: 3 0x000000008000ffa0 (0xfb843783) x15 0x000000000000009c mem 0x0000000080031f28
core   0: 0x000000008000ffa4 (0x000097ba) c.add   a5, a4
core   0: 3 0x000000008000ffa4 (0x97ba) x15 0x00000000800120dc
core   0: 0x000000008000ffa6 (0xfe043703) ld      a4, -32(s0)
core   0: 3 0x000000008000ffa6 (0xfe043703) x14 0x000000008001204d mem 0x0000000080031f50
core   0: 0x000000008000ffaa (0xfcf76de3) bltu    a4, a5, pc - 38
core   0: 3 0x000000008000ffaa (0xfcf76de3)
core   0: 0x000000008000ff84 (0xfe043783) ld      a5, -32(s0)
core   0: 3 0x000000008000ff84 (0xfe043783) x15 0x000000008001204d mem 0x0000000080031f50
core   0: 0x000000008000ff88 (0x00178713) addi    a4, a5, 1
core   0: 3 0x000000008000ff88 (0x00178713) x14 0x000000008001204e
core   0: 0x000000008000ff8c (0xfee43023) sd      a4, -32(s0)
core   0: 3 0x000000008000ff8c (0xfee43023) mem 0x0000000080031f50 0x000000008001204e
core   0: 0x000000008000ff90 (0xfc442703) lw      a4, -60(s0)
core   0: 3 0x000000008000ff90 (0xfc442703) x14 0x0000000000000000 mem 0x0000000080031f34
core   0: 0x000000008000ff94 (0x0ff77713) andi    a4, a4, 255
core   0: 3 0x000000008000ff94 (0x0ff77713) x14 0x0000000000000000
core   0: 0x000000008000ff98 (0x00e78023) sb      a4, 0(a5)
core   0: 3 0x000000008000ff98 (0x00e78023) mem 0x000000008001204d 0x00
core   0: 0x000000008000ff9c (0xfc843703) ld      a4, -56(s0)
core   0: 3 0x000000008000ff9c (0xfc843703) x14 0x0000000080012040 mem 0x0000000080031f38
core   0: 0x000000008000ffa0 (0xfb843783) ld      a5, -72(s0)
core   0: 3 0x000000008000ffa0 (0xfb843783) x15 0x000000000000009c mem 0x0000000080031f28
core   0: 0x000000008000ffa4 (0x000097ba) c.add   a5, a4
core   0: 3 0x000000008000ffa4 (0x97ba) x15 0x00000000800120dc
core   0: 0x000000008000ffa6 (0xfe043703) ld      a4, -32(s0)
core   0: 3 0x000000008000ffa6 (0xfe043703) x14 0x000000008001204e mem 0x0000000080031f50
core   0: 0x000000008000ffaa (0xfcf76de3) bltu    a4, a5, pc - 38
core   0: 3 0x000000008000ffaa (0xfcf76de3)
core   0: 0x000000008000ff84 (0xfe043783) ld      a5, -32(s0)
core   0: 3 0x000000008000ff84 (0xfe043783) x15 0x000000008001204e mem 0x0000000080031f50
core   0: 0x000000008000ff88 (0x00178713) addi    a4, a5, 1
core   0: 3 0x000000008000ff88 (0x00178713) x14 0x000000008001204f
core   0: 0x000000008000ff8c (0xfee43023) sd      a4, -32(s0)
core   0: 3 0x000000008000ff8c (0xfee43023) mem 0x0000000080031f50 0x000000008001204f
core   0: 0x000000008000ff90 (0xfc442703) lw      a4, -60(s0)
core   0: 3 0x000000008000ff90 (0xfc442703) x14 0x0000000000000000 mem 0x0000000080031f34
core   0: 0x000000008000ff94 (0x0ff77713) andi    a4, a4, 255
core   0: 3 0x000000008000ff94 (0x0ff77713) x14 0x0000000000000000
core   0: 0x000000008000ff98 (0x00e78023) sb      a4, 0(a5)
core   0: 3 0x000000008000ff98 (0x00e78023) mem 0x000000008001204e 0x00
core   0: 0x000000008000ff9c (0xfc843703) ld      a4, -56(s0)
core   0: 3 0x000000008000ff9c (0xfc843703) x14 0x0000000080012040 mem 0x0000000080031f38
core   0: 0x000000008000ffa0 (0xfb843783) ld      a5, -72(s0)
core   0: 3 0x000000008000ffa0 (0xfb843783) x15 0x000000000000009c mem 0x0000000080031f28
core   0: 0x000000008000ffa4 (0x000097ba) c.add   a5, a4
core   0: 3 0x000000008000ffa4 (0x97ba) x15 0x00000000800120dc
core   0: 0x000000008000ffa6 (0xfe043703) ld      a4, -32(s0)
core   0: 3 0x000000008000ffa6 (0xfe043703) x14 0x000000008001204f mem 0x0000000080031f50
core   0: 0x000000008000ffaa (0xfcf76de3) bltu    a4, a5, pc - 38
core   0: 3 0x000000008000ffaa (0xfcf76de3)
core   0: 0x000000008000ff84 (0xfe043783) ld      a5, -32(s0)
core   0: 3 0x000000008000ff84 (0xfe043783) x15 0x000000008001204f mem 0x0000000080031f50
core   0: 0x000000008000ff88 (0x00178713) addi    a4, a5, 1
core   0: 3 0x000000008000ff88 (0x00178713) x14 0x0000000080012050
core   0: 0x000000008000ff8c (0xfee43023) sd      a4, -32(s0)
core   0: 3 0x000000008000ff8c (0xfee43023) mem 0x0000000080031f50 0x0000000080012050
core   0: 0x000000008000ff90 (0xfc442703) lw      a4, -60(s0)
core   0: 3 0x000000008000ff90 (0xfc442703) x14 0x0000000000000000 mem 0x0000000080031f34
core   0: 0x000000008000ff94 (0x0ff77713) andi    a4, a4, 255
core   0: 3 0x000000008000ff94 (0x0ff77713) x14 0x0000000000000000
core   0: 0x000000008000ff98 (0x00e78023) sb      a4, 0(a5)
core   0: 3 0x000000008000ff98 (0x00e78023) mem 0x000000008001204f 0x00
core   0: 0x000000008000ff9c (0xfc843703) ld      a4, -56(s0)
core   0: 3 0x000000008000ff9c (0xfc843703) x14 0x0000000080012040 mem 0x0000000080031f38
core   0: 0x000000008000ffa0 (0xfb843783) ld      a5, -72(s0)
core   0: 3 0x000000008000ffa0 (0xfb843783) x15 0x000000000000009c mem 0x0000000080031f28
core   0: 0x000000008000ffa4 (0x000097ba) c.add   a5, a4
core   0: 3 0x000000008000ffa4 (0x97ba) x15 0x00000000800120dc
core   0: 0x000000008000ffa6 (0xfe043703) ld      a4, -32(s0)
core   0: 3 0x000000008000ffa6 (0xfe043703) x14 0x0000000080012050 mem 0x0000000080031f50
core   0: 0x000000008000ffaa (0xfcf76de3) bltu    a4, a5, pc - 38
core   0: 3 0x000000008000ffaa (0xfcf76de3)
core   0: 0x000000008000ff84 (0xfe043783) ld      a5, -32(s0)
core   0: 3 0x000000008000ff84 (0xfe043783) x15 0x0000000080012050 mem 0x0000000080031f50
core   0: 0x000000008000ff88 (0x00178713) addi    a4, a5, 1
core   0: 3 0x000000008000ff88 (0x00178713) x14 0x0000000080012051
core   0: 0x000000008000ff8c (0xfee43023) sd      a4, -32(s0)
core   0: 3 0x000000008000ff8c (0xfee43023) mem 0x0000000080031f50 0x0000000080012051
core   0: 0x000000008000ff90 (0xfc442703) lw      a4, -60(s0)
core   0: 3 0x000000008000ff90 (0xfc442703) x14 0x0000000000000000 mem 0x0000000080031f34
core   0: 0x000000008000ff94 (0x0ff77713) andi    a4, a4, 255
core   0: 3 0x000000008000ff94 (0x0ff77713) x14 0x0000000000000000
core   0: 0x000000008000ff98 (0x00e78023) sb      a4, 0(a5)
core   0: 3 0x000000008000ff98 (0x00e78023) mem 0x0000000080012050 0x00
core   0: 0x000000008000ff9c (0xfc843703) ld      a4, -56(s0)
core   0: 3 0x000000008000ff9c (0xfc843703) x14 0x0000000080012040 mem 0x0000000080031f38
core   0: 0x000000008000ffa0 (0xfb843783) ld      a5, -72(s0)
core   0: 3 0x000000008000ffa0 (0xfb843783) x15 0x000000000000009c mem 0x0000000080031f28
core   0: 0x000000008000ffa4 (0x000097ba) c.add   a5, a4
core   0: 3 0x000000008000ffa4 (0x97ba) x15 0x00000000800120dc
core   0: 0x000000008000ffa6 (0xfe043703) ld      a4, -32(s0)
core   0: 3 0x000000008000ffa6 (0xfe043703) x14 0x0000000080012051 mem 0x0000000080031f50
core   0: 0x000000008000ffaa (0xfcf76de3) bltu    a4, a5, pc - 38
core   0: 3 0x000000008000ffaa (0xfcf76de3)
core   0: 0x000000008000ff84 (0xfe043783) ld      a5, -32(s0)
core   0: 3 0x000000008000ff84 (0xfe043783) x15 0x0000000080012051 mem 0x0000000080031f50
core   0: 0x000000008000ff88 (0x00178713) addi    a4, a5, 1
core   0: 3 0x000000008000ff88 (0x00178713) x14 0x0000000080012052
core   0: 0x000000008000ff8c (0xfee43023) sd      a4, -32(s0)
core   0: 3 0x000000008000ff8c (0xfee43023) mem 0x0000000080031f50 0x0000000080012052
core   0: 0x000000008000ff90 (0xfc442703) lw      a4, -60(s0)
core   0: 3 0x000000008000ff90 (0xfc442703) x14 0x0000000000000000 mem 0x0000000080031f34
core   0: 0x000000008000ff94 (0x0ff77713) andi    a4, a4, 255
core   0: 3 0x000000008000ff94 (0x0ff77713) x14 0x0000000000000000
core   0: 0x000000008000ff98 (0x00e78023) sb      a4, 0(a5)
core   0: 3 0x000000008000ff98 (0x00e78023) mem 0x0000000080012051 0x00
core   0: 0x000000008000ff9c (0xfc843703) ld      a4, -56(s0)
core   0: 3 0x000000008000ff9c (0xfc843703) x14 0x0000000080012040 mem 0x0000000080031f38
core   0: 0x000000008000ffa0 (0xfb843783) ld      a5, -72(s0)
core   0: 3 0x000000008000ffa0 (0xfb843783) x15 0x000000000000009c mem 0x0000000080031f28
core   0: 0x000000008000ffa4 (0x000097ba) c.add   a5, a4
core   0: 3 0x000000008000ffa4 (0x97ba) x15 0x00000000800120dc
core   0: 0x000000008000ffa6 (0xfe043703) ld      a4, -32(s0)
core   0: 3 0x000000008000ffa6 (0xfe043703) x14 0x0000000080012052 mem 0x0000000080031f50
core   0: 0x000000008000ffaa (0xfcf76de3) bltu    a4, a5, pc - 38
core   0: 3 0x000000008000ffaa (0xfcf76de3)
core   0: 0x000000008000ff84 (0xfe043783) ld      a5, -32(s0)
core   0: 3 0x000000008000ff84 (0xfe043783) x15 0x0000000080012052 mem 0x0000000080031f50
core   0: 0x000000008000ff88 (0x00178713) addi    a4, a5, 1
core   0: 3 0x000000008000ff88 (0x00178713) x14 0x0000000080012053
core   0: 0x000000008000ff8c (0xfee43023) sd      a4, -32(s0)
core   0: 3 0x000000008000ff8c (0xfee43023) mem 0x0000000080031f50 0x0000000080012053
core   0: 0x000000008000ff90 (0xfc442703) lw      a4, -60(s0)
core   0: 3 0x000000008000ff90 (0xfc442703) x14 0x0000000000000000 mem 0x0000000080031f34
core   0: 0x000000008000ff94 (0x0ff77713) andi    a4, a4, 255
core   0: 3 0x000000008000ff94 (0x0ff77713) x14 0x0000000000000000
core   0: 0x000000008000ff98 (0x00e78023) sb      a4, 0(a5)
core   0: 3 0x000000008000ff98 (0x00e78023) mem 0x0000000080012052 0x00
core   0: 0x000000008000ff9c (0xfc843703) ld      a4, -56(s0)
core   0: 3 0x000000008000ff9c (0xfc843703) x14 0x0000000080012040 mem 0x0000000080031f38
core   0: 0x000000008000ffa0 (0xfb843783) ld      a5, -72(s0)
core   0: 3 0x000000008000ffa0 (0xfb843783) x15 0x000000000000009c mem 0x0000000080031f28
core   0: 0x000000008000ffa4 (0x000097ba) c.add   a5, a4
core   0: 3 0x000000008000ffa4 (0x97ba) x15 0x00000000800120dc
core   0: 0x000000008000ffa6 (0xfe043703) ld      a4, -32(s0)
core   0: 3 0x000000008000ffa6 (0xfe043703) x14 0x0000000080012053 mem 0x0000000080031f50
core   0: 0x000000008000ffaa (0xfcf76de3) bltu    a4, a5, pc - 38
core   0: 3 0x000000008000ffaa (0xfcf76de3)
core   0: 0x000000008000ff84 (0xfe043783) ld      a5, -32(s0)
core   0: 3 0x000000008000ff84 (0xfe043783) x15 0x0000000080012053 mem 0x0000000080031f50
core   0: 0x000000008000ff88 (0x00178713) addi    a4, a5, 1
core   0: 3 0x000000008000ff88 (0x00178713) x14 0x0000000080012054
core   0: 0x000000008000ff8c (0xfee43023) sd      a4, -32(s0)
core   0: 3 0x000000008000ff8c (0xfee43023) mem 0x0000000080031f50 0x0000000080012054
core   0: 0x000000008000ff90 (0xfc442703) lw      a4, -60(s0)
core   0: 3 0x000000008000ff90 (0xfc442703) x14 0x0000000000000000 mem 0x0000000080031f34
core   0: 0x000000008000ff94 (0x0ff77713) andi    a4, a4, 255
core   0: 3 0x000000008000ff94 (0x0ff77713) x14 0x0000000000000000
core   0: 0x000000008000ff98 (0x00e78023) sb      a4, 0(a5)
core   0: 3 0x000000008000ff98 (0x00e78023) mem 0x0000000080012053 0x00
core   0: 0x000000008000ff9c (0xfc843703) ld      a4, -56(s0)
core   0: 3 0x000000008000ff9c (0xfc843703) x14 0x0000000080012040 mem 0x0000000080031f38
core   0: 0x000000008000ffa0 (0xfb843783) ld      a5, -72(s0)
core   0: 3 0x000000008000ffa0 (0xfb843783) x15 0x000000000000009c mem 0x0000000080031f28
core   0: 0x000000008000ffa4 (0x000097ba) c.add   a5, a4
core   0: 3 0x000000008000ffa4 (0x97ba) x15 0x00000000800120dc
core   0: 0x000000008000ffa6 (0xfe043703) ld      a4, -32(s0)
core   0: 3 0x000000008000ffa6 (0xfe043703) x14 0x0000000080012054 mem 0x0000000080031f50
core   0: 0x000000008000ffaa (0xfcf76de3) bltu    a4, a5, pc - 38
core   0: 3 0x000000008000ffaa (0xfcf76de3)
core   0: 0x000000008000ff84 (0xfe043783) ld      a5, -32(s0)
core   0: 3 0x000000008000ff84 (0xfe043783) x15 0x0000000080012054 mem 0x0000000080031f50
core   0: 0x000000008000ff88 (0x00178713) addi    a4, a5, 1
core   0: 3 0x000000008000ff88 (0x00178713) x14 0x0000000080012055
core   0: 0x000000008000ff8c (0xfee43023) sd      a4, -32(s0)
core   0: 3 0x000000008000ff8c (0xfee43023) mem 0x0000000080031f50 0x0000000080012055
core   0: 0x000000008000ff90 (0xfc442703) lw      a4, -60(s0)
core   0: 3 0x000000008000ff90 (0xfc442703) x14 0x0000000000000000 mem 0x0000000080031f34
core   0: 0x000000008000ff94 (0x0ff77713) andi    a4, a4, 255
core   0: 3 0x000000008000ff94 (0x0ff77713) x14 0x0000000000000000
core   0: 0x000000008000ff98 (0x00e78023) sb      a4, 0(a5)
core   0: 3 0x000000008000ff98 (0x00e78023) mem 0x0000000080012054 0x00
core   0: 0x000000008000ff9c (0xfc843703) ld      a4, -56(s0)
core   0: 3 0x000000008000ff9c (0xfc843703) x14 0x0000000080012040 mem 0x0000000080031f38
core   0: 0x000000008000ffa0 (0xfb843783) ld      a5, -72(s0)
core   0: 3 0x000000008000ffa0 (0xfb843783) x15 0x000000000000009c mem 0x0000000080031f28
core   0: 0x000000008000ffa4 (0x000097ba) c.add   a5, a4
core   0: 3 0x000000008000ffa4 (0x97ba) x15 0x00000000800120dc
core   0: 0x000000008000ffa6 (0xfe043703) ld      a4, -32(s0)
core   0: 3 0x000000008000ffa6 (0xfe043703) x14 0x0000000080012055 mem 0x0000000080031f50
core   0: 0x000000008000ffaa (0xfcf76de3) bltu    a4, a5, pc - 38
core   0: 3 0x000000008000ffaa (0xfcf76de3)
core   0: 0x000000008000ff84 (0xfe043783) ld      a5, -32(s0)
core   0: 3 0x000000008000ff84 (0xfe043783) x15 0x0000000080012055 mem 0x0000000080031f50
core   0: 0x000000008000ff88 (0x00178713) addi    a4, a5, 1
core   0: 3 0x000000008000ff88 (0x00178713) x14 0x0000000080012056
core   0: 0x000000008000ff8c (0xfee43023) sd      a4, -32(s0)
core   0: 3 0x000000008000ff8c (0xfee43023) mem 0x0000000080031f50 0x0000000080012056
core   0: 0x000000008000ff90 (0xfc442703) lw      a4, -60(s0)
core   0: 3 0x000000008000ff90 (0xfc442703) x14 0x0000000000000000 mem 0x0000000080031f34
core   0: 0x000000008000ff94 (0x0ff77713) andi    a4, a4, 255
core   0: 3 0x000000008000ff94 (0x0ff77713) x14 0x0000000000000000
core   0: 0x000000008000ff98 (0x00e78023) sb      a4, 0(a5)
core   0: 3 0x000000008000ff98 (0x00e78023) mem 0x0000000080012055 0x00
core   0: 0x000000008000ff9c (0xfc843703) ld      a4, -56(s0)
core   0: 3 0x000000008000ff9c (0xfc843703) x14 0x0000000080012040 mem 0x0000000080031f38
core   0: 0x000000008000ffa0 (0xfb843783) ld      a5, -72(s0)
core   0: 3 0x000000008000ffa0 (0xfb843783) x15 0x000000000000009c mem 0x0000000080031f28
core   0: 0x000000008000ffa4 (0x000097ba) c.add   a5, a4
core   0: 3 0x000000008000ffa4 (0x97ba) x15 0x00000000800120dc
core   0: 0x000000008000ffa6 (0xfe043703) ld      a4, -32(s0)
core   0: 3 0x000000008000ffa6 (0xfe043703) x14 0x0000000080012056 mem 0x0000000080031f50
core   0: 0x000000008000ffaa (0xfcf76de3) bltu    a4, a5, pc - 38
core   0: 3 0x000000008000ffaa (0xfcf76de3)
core   0: 0x000000008000ff84 (0xfe043783) ld      a5, -32(s0)
core   0: 3 0x000000008000ff84 (0xfe043783) x15 0x0000000080012056 mem 0x0000000080031f50
core   0: 0x000000008000ff88 (0x00178713) addi    a4, a5, 1
core   0: 3 0x000000008000ff88 (0x00178713) x14 0x0000000080012057
core   0: 0x000000008000ff8c (0xfee43023) sd      a4, -32(s0)
core   0: 3 0x000000008000ff8c (0xfee43023) mem 0x0000000080031f50 0x0000000080012057
core   0: 0x000000008000ff90 (0xfc442703) lw      a4, -60(s0)
core   0: 3 0x000000008000ff90 (0xfc442703) x14 0x0000000000000000 mem 0x0000000080031f34
core   0: 0x000000008000ff94 (0x0ff77713) andi    a4, a4, 255
core   0: 3 0x000000008000ff94 (0x0ff77713) x14 0x0000000000000000
core   0: 0x000000008000ff98 (0x00e78023) sb      a4, 0(a5)
core   0: 3 0x000000008000ff98 (0x00e78023) mem 0x0000000080012056 0x00
core   0: 0x000000008000ff9c (0xfc843703) ld      a4, -56(s0)
core   0: 3 0x000000008000ff9c (0xfc843703) x14 0x0000000080012040 mem 0x0000000080031f38
core   0: 0x000000008000ffa0 (0xfb843783) ld      a5, -72(s0)
core   0: 3 0x000000008000ffa0 (0xfb843783) x15 0x000000000000009c mem 0x0000000080031f28
core   0: 0x000000008000ffa4 (0x000097ba) c.add   a5, a4
core   0: 3 0x000000008000ffa4 (0x97ba) x15 0x00000000800120dc
core   0: 0x000000008000ffa6 (0xfe043703) ld      a4, -32(s0)
core   0: 3 0x000000008000ffa6 (0xfe043703) x14 0x0000000080012057 mem 0x0000000080031f50
core   0: 0x000000008000ffaa (0xfcf76de3) bltu    a4, a5, pc - 38
core   0: 3 0x000000008000ffaa (0xfcf76de3)
core   0: 0x000000008000ff84 (0xfe043783) ld      a5, -32(s0)
core   0: 3 0x000000008000ff84 (0xfe043783) x15 0x0000000080012057 mem 0x0000000080031f50
core   0: 0x000000008000ff88 (0x00178713) addi    a4, a5, 1
core   0: 3 0x000000008000ff88 (0x00178713) x14 0x0000000080012058
core   0: 0x000000008000ff8c (0xfee43023) sd      a4, -32(s0)
core   0: 3 0x000000008000ff8c (0xfee43023) mem 0x0000000080031f50 0x0000000080012058
core   0: 0x000000008000ff90 (0xfc442703) lw      a4, -60(s0)
core   0: 3 0x000000008000ff90 (0xfc442703) x14 0x0000000000000000 mem 0x0000000080031f34
core   0: 0x000000008000ff94 (0x0ff77713) andi    a4, a4, 255
core   0: 3 0x000000008000ff94 (0x0ff77713) x14 0x0000000000000000
core   0: 0x000000008000ff98 (0x00e78023) sb      a4, 0(a5)
core   0: 3 0x000000008000ff98 (0x00e78023) mem 0x0000000080012057 0x00
core   0: 0x000000008000ff9c (0xfc843703) ld      a4, -56(s0)
core   0: 3 0x000000008000ff9c (0xfc843703) x14 0x0000000080012040 mem 0x0000000080031f38
core   0: 0x000000008000ffa0 (0xfb843783) ld      a5, -72(s0)
core   0: 3 0x000000008000ffa0 (0xfb843783) x15 0x000000000000009c mem 0x0000000080031f28
core   0: 0x000000008000ffa4 (0x000097ba) c.add   a5, a4
core   0: 3 0x000000008000ffa4 (0x97ba) x15 0x00000000800120dc
core   0: 0x000000008000ffa6 (0xfe043703) ld      a4, -32(s0)
core   0: 3 0x000000008000ffa6 (0xfe043703) x14 0x0000000080012058 mem 0x0000000080031f50
core   0: 0x000000008000ffaa (0xfcf76de3) bltu    a4, a5, pc - 38
core   0: 3 0x000000008000ffaa (0xfcf76de3)
core   0: 0x000000008000ff84 (0xfe043783) ld      a5, -32(s0)
core   0: 3 0x000000008000ff84 (0xfe043783) x15 0x0000000080012058 mem 0x0000000080031f50
core   0: 0x000000008000ff88 (0x00178713) addi    a4, a5, 1
core   0: 3 0x000000008000ff88 (0x00178713) x14 0x0000000080012059
core   0: 0x000000008000ff8c (0xfee43023) sd      a4, -32(s0)
core   0: 3 0x000000008000ff8c (0xfee43023) mem 0x0000000080031f50 0x0000000080012059
core   0: 0x000000008000ff90 (0xfc442703) lw      a4, -60(s0)
core   0: 3 0x000000008000ff90 (0xfc442703) x14 0x0000000000000000 mem 0x0000000080031f34
core   0: 0x000000008000ff94 (0x0ff77713) andi    a4, a4, 255
core   0: 3 0x000000008000ff94 (0x0ff77713) x14 0x0000000000000000
core   0: 0x000000008000ff98 (0x00e78023) sb      a4, 0(a5)
core   0: 3 0x000000008000ff98 (0x00e78023) mem 0x0000000080012058 0x00
core   0: 0x000000008000ff9c (0xfc843703) ld      a4, -56(s0)
core   0: 3 0x000000008000ff9c (0xfc843703) x14 0x0000000080012040 mem 0x0000000080031f38
core   0: 0x000000008000ffa0 (0xfb843783) ld      a5, -72(s0)
core   0: 3 0x000000008000ffa0 (0xfb843783) x15 0x000000000000009c mem 0x0000000080031f28
core   0: 0x000000008000ffa4 (0x000097ba) c.add   a5, a4
core   0: 3 0x000000008000ffa4 (0x97ba) x15 0x00000000800120dc
core   0: 0x000000008000ffa6 (0xfe043703) ld      a4, -32(s0)
core   0: 3 0x000000008000ffa6 (0xfe043703) x14 0x0000000080012059 mem 0x0000000080031f50
core   0: 0x000000008000ffaa (0xfcf76de3) bltu    a4, a5, pc - 38
core   0: 3 0x000000008000ffaa (0xfcf76de3)
core   0: 0x000000008000ff84 (0xfe043783) ld      a5, -32(s0)
core   0: 3 0x000000008000ff84 (0xfe043783) x15 0x0000000080012059 mem 0x0000000080031f50
core   0: 0x000000008000ff88 (0x00178713) addi    a4, a5, 1
core   0: 3 0x000000008000ff88 (0x00178713) x14 0x000000008001205a
core   0: 0x000000008000ff8c (0xfee43023) sd      a4, -32(s0)
core   0: 3 0x000000008000ff8c (0xfee43023) mem 0x0000000080031f50 0x000000008001205a
core   0: 0x000000008000ff90 (0xfc442703) lw      a4, -60(s0)
core   0: 3 0x000000008000ff90 (0xfc442703) x14 0x0000000000000000 mem 0x0000000080031f34
core   0: 0x000000008000ff94 (0x0ff77713) andi    a4, a4, 255
core   0: 3 0x000000008000ff94 (0x0ff77713) x14 0x0000000000000000
core   0: 0x000000008000ff98 (0x00e78023) sb      a4, 0(a5)
core   0: 3 0x000000008000ff98 (0x00e78023) mem 0x0000000080012059 0x00
core   0: 0x000000008000ff9c (0xfc843703) ld      a4, -56(s0)
core   0: 3 0x000000008000ff9c (0xfc843703) x14 0x0000000080012040 mem 0x0000000080031f38
core   0: 0x000000008000ffa0 (0xfb843783) ld      a5, -72(s0)
core   0: 3 0x000000008000ffa0 (0xfb843783) x15 0x000000000000009c mem 0x0000000080031f28
core   0: 0x000000008000ffa4 (0x000097ba) c.add   a5, a4
core   0: 3 0x000000008000ffa4 (0x97ba) x15 0x00000000800120dc
core   0: 0x000000008000ffa6 (0xfe043703) ld      a4, -32(s0)
core   0: 3 0x000000008000ffa6 (0xfe043703) x14 0x000000008001205a mem 0x0000000080031f50
core   0: 0x000000008000ffaa (0xfcf76de3) bltu    a4, a5, pc - 38
core   0: 3 0x000000008000ffaa (0xfcf76de3)
core   0: 0x000000008000ff84 (0xfe043783) ld      a5, -32(s0)
core   0: 3 0x000000008000ff84 (0xfe043783) x15 0x000000008001205a mem 0x0000000080031f50
core   0: 0x000000008000ff88 (0x00178713) addi    a4, a5, 1
core   0: 3 0x000000008000ff88 (0x00178713) x14 0x000000008001205b
core   0: 0x000000008000ff8c (0xfee43023) sd      a4, -32(s0)
core   0: 3 0x000000008000ff8c (0xfee43023) mem 0x0000000080031f50 0x000000008001205b
core   0: 0x000000008000ff90 (0xfc442703) lw      a4, -60(s0)
core   0: 3 0x000000008000ff90 (0xfc442703) x14 0x0000000000000000 mem 0x0000000080031f34
core   0: 0x000000008000ff94 (0x0ff77713) andi    a4, a4, 255
core   0: 3 0x000000008000ff94 (0x0ff77713) x14 0x0000000000000000
core   0: 0x000000008000ff98 (0x00e78023) sb      a4, 0(a5)
core   0: 3 0x000000008000ff98 (0x00e78023) mem 0x000000008001205a 0x00
core   0: 0x000000008000ff9c (0xfc843703) ld      a4, -56(s0)
core   0: 3 0x000000008000ff9c (0xfc843703) x14 0x0000000080012040 mem 0x0000000080031f38
core   0: 0x000000008000ffa0 (0xfb843783) ld      a5, -72(s0)
core   0: 3 0x000000008000ffa0 (0xfb843783) x15 0x000000000000009c mem 0x0000000080031f28
core   0: 0x000000008000ffa4 (0x000097ba) c.add   a5, a4
core   0: 3 0x000000008000ffa4 (0x97ba) x15 0x00000000800120dc
core   0: 0x000000008000ffa6 (0xfe043703) ld      a4, -32(s0)
core   0: 3 0x000000008000ffa6 (0xfe043703) x14 0x000000008001205b mem 0x0000000080031f50
core   0: 0x000000008000ffaa (0xfcf76de3) bltu    a4, a5, pc - 38
core   0: 3 0x000000008000ffaa (0xfcf76de3)
core   0: 0x000000008000ff84 (0xfe043783) ld      a5, -32(s0)
core   0: 3 0x000000008000ff84 (0xfe043783) x15 0x000000008001205b mem 0x0000000080031f50
core   0: 0x000000008000ff88 (0x00178713) addi    a4, a5, 1
core   0: 3 0x000000008000ff88 (0x00178713) x14 0x000000008001205c
core   0: 0x000000008000ff8c (0xfee43023) sd      a4, -32(s0)
core   0: 3 0x000000008000ff8c (0xfee43023) mem 0x0000000080031f50 0x000000008001205c
core   0: 0x000000008000ff90 (0xfc442703) lw      a4, -60(s0)
core   0: 3 0x000000008000ff90 (0xfc442703) x14 0x0000000000000000 mem 0x0000000080031f34
core   0: 0x000000008000ff94 (0x0ff77713) andi    a4, a4, 255
core   0: 3 0x000000008000ff94 (0x0ff77713) x14 0x0000000000000000
core   0: 0x000000008000ff98 (0x00e78023) sb      a4, 0(a5)
core   0: 3 0x000000008000ff98 (0x00e78023) mem 0x000000008001205b 0x00
core   0: 0x000000008000ff9c (0xfc843703) ld      a4, -56(s0)
core   0: 3 0x000000008000ff9c (0xfc843703) x14 0x0000000080012040 mem 0x0000000080031f38
core   0: 0x000000008000ffa0 (0xfb843783) ld      a5, -72(s0)
core   0: 3 0x000000008000ffa0 (0xfb843783) x15 0x000000000000009c mem 0x0000000080031f28
core   0: 0x000000008000ffa4 (0x000097ba) c.add   a5, a4
core   0: 3 0x000000008000ffa4 (0x97ba) x15 0x00000000800120dc
core   0: 0x000000008000ffa6 (0xfe043703) ld      a4, -32(s0)
core   0: 3 0x000000008000ffa6 (0xfe043703) x14 0x000000008001205c mem 0x0000000080031f50
core   0: 0x000000008000ffaa (0xfcf76de3) bltu    a4, a5, pc - 38
core   0: 3 0x000000008000ffaa (0xfcf76de3)
core   0: 0x000000008000ff84 (0xfe043783) ld      a5, -32(s0)
core   0: 3 0x000000008000ff84 (0xfe043783) x15 0x000000008001205c mem 0x0000000080031f50
core   0: 0x000000008000ff88 (0x00178713) addi    a4, a5, 1
core   0: 3 0x000000008000ff88 (0x00178713) x14 0x000000008001205d
core   0: 0x000000008000ff8c (0xfee43023) sd      a4, -32(s0)
core   0: 3 0x000000008000ff8c (0xfee43023) mem 0x0000000080031f50 0x000000008001205d
core   0: 0x000000008000ff90 (0xfc442703) lw      a4, -60(s0)
core   0: 3 0x000000008000ff90 (0xfc442703) x14 0x0000000000000000 mem 0x0000000080031f34
core   0: 0x000000008000ff94 (0x0ff77713) andi    a4, a4, 255
core   0: 3 0x000000008000ff94 (0x0ff77713) x14 0x0000000000000000
core   0: 0x000000008000ff98 (0x00e78023) sb      a4, 0(a5)
core   0: 3 0x000000008000ff98 (0x00e78023) mem 0x000000008001205c 0x00
core   0: 0x000000008000ff9c (0xfc843703) ld      a4, -56(s0)
core   0: 3 0x000000008000ff9c (0xfc843703) x14 0x0000000080012040 mem 0x0000000080031f38
core   0: 0x000000008000ffa0 (0xfb843783) ld      a5, -72(s0)
core   0: 3 0x000000008000ffa0 (0xfb843783) x15 0x000000000000009c mem 0x0000000080031f28
core   0: 0x000000008000ffa4 (0x000097ba) c.add   a5, a4
core   0: 3 0x000000008000ffa4 (0x97ba) x15 0x00000000800120dc
core   0: 0x000000008000ffa6 (0xfe043703) ld      a4, -32(s0)
core   0: 3 0x000000008000ffa6 (0xfe043703) x14 0x000000008001205d mem 0x0000000080031f50
core   0: 0x000000008000ffaa (0xfcf76de3) bltu    a4, a5, pc - 38
core   0: 3 0x000000008000ffaa (0xfcf76de3)
core   0: 0x000000008000ff84 (0xfe043783) ld      a5, -32(s0)
core   0: 3 0x000000008000ff84 (0xfe043783) x15 0x000000008001205d mem 0x0000000080031f50
core   0: 0x000000008000ff88 (0x00178713) addi    a4, a5, 1
core   0: 3 0x000000008000ff88 (0x00178713) x14 0x000000008001205e
core   0: 0x000000008000ff8c (0xfee43023) sd      a4, -32(s0)
core   0: 3 0x000000008000ff8c (0xfee43023) mem 0x0000000080031f50 0x000000008001205e
core   0: 0x000000008000ff90 (0xfc442703) lw      a4, -60(s0)
core   0: 3 0x000000008000ff90 (0xfc442703) x14 0x0000000000000000 mem 0x0000000080031f34
core   0: 0x000000008000ff94 (0x0ff77713) andi    a4, a4, 255
core   0: 3 0x000000008000ff94 (0x0ff77713) x14 0x0000000000000000
core   0: 0x000000008000ff98 (0x00e78023) sb      a4, 0(a5)
core   0: 3 0x000000008000ff98 (0x00e78023) mem 0x000000008001205d 0x00
core   0: 0x000000008000ff9c (0xfc843703) ld      a4, -56(s0)
core   0: 3 0x000000008000ff9c (0xfc843703) x14 0x0000000080012040 mem 0x0000000080031f38
core   0: 0x000000008000ffa0 (0xfb843783) ld      a5, -72(s0)
core   0: 3 0x000000008000ffa0 (0xfb843783) x15 0x000000000000009c mem 0x0000000080031f28
core   0: 0x000000008000ffa4 (0x000097ba) c.add   a5, a4
core   0: 3 0x000000008000ffa4 (0x97ba) x15 0x00000000800120dc
core   0: 0x000000008000ffa6 (0xfe043703) ld      a4, -32(s0)
core   0: 3 0x000000008000ffa6 (0xfe043703) x14 0x000000008001205e mem 0x0000000080031f50
core   0: 0x000000008000ffaa (0xfcf76de3) bltu    a4, a5, pc - 38
core   0: 3 0x000000008000ffaa (0xfcf76de3)
core   0: 0x000000008000ff84 (0xfe043783) ld      a5, -32(s0)
core   0: 3 0x000000008000ff84 (0xfe043783) x15 0x000000008001205e mem 0x0000000080031f50
core   0: 0x000000008000ff88 (0x00178713) addi    a4, a5, 1
core   0: 3 0x000000008000ff88 (0x00178713) x14 0x000000008001205f
core   0: 0x000000008000ff8c (0xfee43023) sd      a4, -32(s0)
core   0: 3 0x000000008000ff8c (0xfee43023) mem 0x0000000080031f50 0x000000008001205f
core   0: 0x000000008000ff90 (0xfc442703) lw      a4, -60(s0)
core   0: 3 0x000000008000ff90 (0xfc442703) x14 0x0000000000000000 mem 0x0000000080031f34
core   0: 0x000000008000ff94 (0x0ff77713) andi    a4, a4, 255
core   0: 3 0x000000008000ff94 (0x0ff77713) x14 0x0000000000000000
core   0: 0x000000008000ff98 (0x00e78023) sb      a4, 0(a5)
core   0: 3 0x000000008000ff98 (0x00e78023) mem 0x000000008001205e 0x00
core   0: 0x000000008000ff9c (0xfc843703) ld      a4, -56(s0)
core   0: 3 0x000000008000ff9c (0xfc843703) x14 0x0000000080012040 mem 0x0000000080031f38
core   0: 0x000000008000ffa0 (0xfb843783) ld      a5, -72(s0)
core   0: 3 0x000000008000ffa0 (0xfb843783) x15 0x000000000000009c mem 0x0000000080031f28
core   0: 0x000000008000ffa4 (0x000097ba) c.add   a5, a4
core   0: 3 0x000000008000ffa4 (0x97ba) x15 0x00000000800120dc
core   0: 0x000000008000ffa6 (0xfe043703) ld      a4, -32(s0)
core   0: 3 0x000000008000ffa6 (0xfe043703) x14 0x000000008001205f mem 0x0000000080031f50
core   0: 0x000000008000ffaa (0xfcf76de3) bltu    a4, a5, pc - 38
core   0: 3 0x000000008000ffaa (0xfcf76de3)
core   0: 0x000000008000ff84 (0xfe043783) ld      a5, -32(s0)
core   0: 3 0x000000008000ff84 (0xfe043783) x15 0x000000008001205f mem 0x0000000080031f50
core   0: 0x000000008000ff88 (0x00178713) addi    a4, a5, 1
core   0: 3 0x000000008000ff88 (0x00178713) x14 0x0000000080012060
core   0: 0x000000008000ff8c (0xfee43023) sd      a4, -32(s0)
core   0: 3 0x000000008000ff8c (0xfee43023) mem 0x0000000080031f50 0x0000000080012060
core   0: 0x000000008000ff90 (0xfc442703) lw      a4, -60(s0)
core   0: 3 0x000000008000ff90 (0xfc442703) x14 0x0000000000000000 mem 0x0000000080031f34
core   0: 0x000000008000ff94 (0x0ff77713) andi    a4, a4, 255
core   0: 3 0x000000008000ff94 (0x0ff77713) x14 0x0000000000000000
core   0: 0x000000008000ff98 (0x00e78023) sb      a4, 0(a5)
core   0: 3 0x000000008000ff98 (0x00e78023) mem 0x000000008001205f 0x00
core   0: 0x000000008000ff9c (0xfc843703) ld      a4, -56(s0)
core   0: 3 0x000000008000ff9c (0xfc843703) x14 0x0000000080012040 mem 0x0000000080031f38
core   0: 0x000000008000ffa0 (0xfb843783) ld      a5, -72(s0)
core   0: 3 0x000000008000ffa0 (0xfb843783) x15 0x000000000000009c mem 0x0000000080031f28
core   0: 0x000000008000ffa4 (0x000097ba) c.add   a5, a4
core   0: 3 0x000000008000ffa4 (0x97ba) x15 0x00000000800120dc
core   0: 0x000000008000ffa6 (0xfe043703) ld      a4, -32(s0)
core   0: 3 0x000000008000ffa6 (0xfe043703) x14 0x0000000080012060 mem 0x0000000080031f50
core   0: 0x000000008000ffaa (0xfcf76de3) bltu    a4, a5, pc - 38
core   0: 3 0x000000008000ffaa (0xfcf76de3)
core   0: 0x000000008000ff84 (0xfe043783) ld      a5, -32(s0)
core   0: 3 0x000000008000ff84 (0xfe043783) x15 0x0000000080012060 mem 0x0000000080031f50
core   0: 0x000000008000ff88 (0x00178713) addi    a4, a5, 1
core   0: 3 0x000000008000ff88 (0x00178713) x14 0x0000000080012061
core   0: 0x000000008000ff8c (0xfee43023) sd      a4, -32(s0)
core   0: 3 0x000000008000ff8c (0xfee43023) mem 0x0000000080031f50 0x0000000080012061
core   0: 0x000000008000ff90 (0xfc442703) lw      a4, -60(s0)
core   0: 3 0x000000008000ff90 (0xfc442703) x14 0x0000000000000000 mem 0x0000000080031f34
core   0: 0x000000008000ff94 (0x0ff77713) andi    a4, a4, 255
core   0: 3 0x000000008000ff94 (0x0ff77713) x14 0x0000000000000000
core   0: 0x000000008000ff98 (0x00e78023) sb      a4, 0(a5)
core   0: 3 0x000000008000ff98 (0x00e78023) mem 0x0000000080012060 0x00
core   0: 0x000000008000ff9c (0xfc843703) ld      a4, -56(s0)
core   0: 3 0x000000008000ff9c (0xfc843703) x14 0x0000000080012040 mem 0x0000000080031f38
core   0: 0x000000008000ffa0 (0xfb843783) ld      a5, -72(s0)
core   0: 3 0x000000008000ffa0 (0xfb843783) x15 0x000000000000009c mem 0x0000000080031f28
core   0: 0x000000008000ffa4 (0x000097ba) c.add   a5, a4
core   0: 3 0x000000008000ffa4 (0x97ba) x15 0x00000000800120dc
core   0: 0x000000008000ffa6 (0xfe043703) ld      a4, -32(s0)
core   0: 3 0x000000008000ffa6 (0xfe043703) x14 0x0000000080012061 mem 0x0000000080031f50
core   0: 0x000000008000ffaa (0xfcf76de3) bltu    a4, a5, pc - 38
core   0: 3 0x000000008000ffaa (0xfcf76de3)
core   0: 0x000000008000ff84 (0xfe043783) ld      a5, -32(s0)
core   0: 3 0x000000008000ff84 (0xfe043783) x15 0x0000000080012061 mem 0x0000000080031f50
core   0: 0x000000008000ff88 (0x00178713) addi    a4, a5, 1
core   0: 3 0x000000008000ff88 (0x00178713) x14 0x0000000080012062
core   0: 0x000000008000ff8c (0xfee43023) sd      a4, -32(s0)
core   0: 3 0x000000008000ff8c (0xfee43023) mem 0x0000000080031f50 0x0000000080012062
core   0: 0x000000008000ff90 (0xfc442703) lw      a4, -60(s0)
core   0: 3 0x000000008000ff90 (0xfc442703) x14 0x0000000000000000 mem 0x0000000080031f34
core   0: 0x000000008000ff94 (0x0ff77713) andi    a4, a4, 255
core   0: 3 0x000000008000ff94 (0x0ff77713) x14 0x0000000000000000
core   0: 0x000000008000ff98 (0x00e78023) sb      a4, 0(a5)
core   0: 3 0x000000008000ff98 (0x00e78023) mem 0x0000000080012061 0x00
core   0: 0x000000008000ff9c (0xfc843703) ld      a4, -56(s0)
core   0: 3 0x000000008000ff9c (0xfc843703) x14 0x0000000080012040 mem 0x0000000080031f38
core   0: 0x000000008000ffa0 (0xfb843783) ld      a5, -72(s0)
core   0: 3 0x000000008000ffa0 (0xfb843783) x15 0x000000000000009c mem 0x0000000080031f28
core   0: 0x000000008000ffa4 (0x000097ba) c.add   a5, a4
core   0: 3 0x000000008000ffa4 (0x97ba) x15 0x00000000800120dc
core   0: 0x000000008000ffa6 (0xfe043703) ld      a4, -32(s0)
core   0: 3 0x000000008000ffa6 (0xfe043703) x14 0x0000000080012062 mem 0x0000000080031f50
core   0: 0x000000008000ffaa (0xfcf76de3) bltu    a4, a5, pc - 38
core   0: 3 0x000000008000ffaa (0xfcf76de3)
core   0: 0x000000008000ff84 (0xfe043783) ld      a5, -32(s0)
core   0: 3 0x000000008000ff84 (0xfe043783) x15 0x0000000080012062 mem 0x0000000080031f50
core   0: 0x000000008000ff88 (0x00178713) addi    a4, a5, 1
core   0: 3 0x000000008000ff88 (0x00178713) x14 0x0000000080012063
core   0: 0x000000008000ff8c (0xfee43023) sd      a4, -32(s0)
core   0: 3 0x000000008000ff8c (0xfee43023) mem 0x0000000080031f50 0x0000000080012063
core   0: 0x000000008000ff90 (0xfc442703) lw      a4, -60(s0)
core   0: 3 0x000000008000ff90 (0xfc442703) x14 0x0000000000000000 mem 0x0000000080031f34
core   0: 0x000000008000ff94 (0x0ff77713) andi    a4, a4, 255
core   0: 3 0x000000008000ff94 (0x0ff77713) x14 0x0000000000000000
core   0: 0x000000008000ff98 (0x00e78023) sb      a4, 0(a5)
core   0: 3 0x000000008000ff98 (0x00e78023) mem 0x0000000080012062 0x00
core   0: 0x000000008000ff9c (0xfc843703) ld      a4, -56(s0)
core   0: 3 0x000000008000ff9c (0xfc843703) x14 0x0000000080012040 mem 0x0000000080031f38
core   0: 0x000000008000ffa0 (0xfb843783) ld      a5, -72(s0)
core   0: 3 0x000000008000ffa0 (0xfb843783) x15 0x000000000000009c mem 0x0000000080031f28
core   0: 0x000000008000ffa4 (0x000097ba) c.add   a5, a4
core   0: 3 0x000000008000ffa4 (0x97ba) x15 0x00000000800120dc
core   0: 0x000000008000ffa6 (0xfe043703) ld      a4, -32(s0)
core   0: 3 0x000000008000ffa6 (0xfe043703) x14 0x0000000080012063 mem 0x0000000080031f50
core   0: 0x000000008000ffaa (0xfcf76de3) bltu    a4, a5, pc - 38
core   0: 3 0x000000008000ffaa (0xfcf76de3)
core   0: 0x000000008000ff84 (0xfe043783) ld      a5, -32(s0)
core   0: 3 0x000000008000ff84 (0xfe043783) x15 0x0000000080012063 mem 0x0000000080031f50
core   0: 0x000000008000ff88 (0x00178713) addi    a4, a5, 1
core   0: 3 0x000000008000ff88 (0x00178713) x14 0x0000000080012064
core   0: 0x000000008000ff8c (0xfee43023) sd      a4, -32(s0)
core   0: 3 0x000000008000ff8c (0xfee43023) mem 0x0000000080031f50 0x0000000080012064
core   0: 0x000000008000ff90 (0xfc442703) lw      a4, -60(s0)
core   0: 3 0x000000008000ff90 (0xfc442703) x14 0x0000000000000000 mem 0x0000000080031f34
core   0: 0x000000008000ff94 (0x0ff77713) andi    a4, a4, 255
core   0: 3 0x000000008000ff94 (0x0ff77713) x14 0x0000000000000000
core   0: 0x000000008000ff98 (0x00e78023) sb      a4, 0(a5)
core   0: 3 0x000000008000ff98 (0x00e78023) mem 0x0000000080012063 0x00
core   0: 0x000000008000ff9c (0xfc843703) ld      a4, -56(s0)
core   0: 3 0x000000008000ff9c (0xfc843703) x14 0x0000000080012040 mem 0x0000000080031f38
core   0: 0x000000008000ffa0 (0xfb843783) ld      a5, -72(s0)
core   0: 3 0x000000008000ffa0 (0xfb843783) x15 0x000000000000009c mem 0x0000000080031f28
core   0: 0x000000008000ffa4 (0x000097ba) c.add   a5, a4
core   0: 3 0x000000008000ffa4 (0x97ba) x15 0x00000000800120dc
core   0: 0x000000008000ffa6 (0xfe043703) ld      a4, -32(s0)
core   0: 3 0x000000008000ffa6 (0xfe043703) x14 0x0000000080012064 mem 0x0000000080031f50
core   0: 0x000000008000ffaa (0xfcf76de3) bltu    a4, a5, pc - 38
core   0: 3 0x000000008000ffaa (0xfcf76de3)
core   0: 0x000000008000ff84 (0xfe043783) ld      a5, -32(s0)
core   0: 3 0x000000008000ff84 (0xfe043783) x15 0x0000000080012064 mem 0x0000000080031f50
core   0: 0x000000008000ff88 (0x00178713) addi    a4, a5, 1
core   0: 3 0x000000008000ff88 (0x00178713) x14 0x0000000080012065
core   0: 0x000000008000ff8c (0xfee43023) sd      a4, -32(s0)
core   0: 3 0x000000008000ff8c (0xfee43023) mem 0x0000000080031f50 0x0000000080012065
core   0: 0x000000008000ff90 (0xfc442703) lw      a4, -60(s0)
core   0: 3 0x000000008000ff90 (0xfc442703) x14 0x0000000000000000 mem 0x0000000080031f34
core   0: 0x000000008000ff94 (0x0ff77713) andi    a4, a4, 255
core   0: 3 0x000000008000ff94 (0x0ff77713) x14 0x0000000000000000
core   0: 0x000000008000ff98 (0x00e78023) sb      a4, 0(a5)
core   0: 3 0x000000008000ff98 (0x00e78023) mem 0x0000000080012064 0x00
core   0: 0x000000008000ff9c (0xfc843703) ld      a4, -56(s0)
core   0: 3 0x000000008000ff9c (0xfc843703) x14 0x0000000080012040 mem 0x0000000080031f38
core   0: 0x000000008000ffa0 (0xfb843783) ld      a5, -72(s0)
core   0: 3 0x000000008000ffa0 (0xfb843783) x15 0x000000000000009c mem 0x0000000080031f28
core   0: 0x000000008000ffa4 (0x000097ba) c.add   a5, a4
core   0: 3 0x000000008000ffa4 (0x97ba) x15 0x00000000800120dc
core   0: 0x000000008000ffa6 (0xfe043703) ld      a4, -32(s0)
core   0: 3 0x000000008000ffa6 (0xfe043703) x14 0x0000000080012065 mem 0x0000000080031f50
core   0: 0x000000008000ffaa (0xfcf76de3) bltu    a4, a5, pc - 38
core   0: 3 0x000000008000ffaa (0xfcf76de3)
core   0: 0x000000008000ff84 (0xfe043783) ld      a5, -32(s0)
core   0: 3 0x000000008000ff84 (0xfe043783) x15 0x0000000080012065 mem 0x0000000080031f50
core   0: 0x000000008000ff88 (0x00178713) addi    a4, a5, 1
core   0: 3 0x000000008000ff88 (0x00178713) x14 0x0000000080012066
core   0: 0x000000008000ff8c (0xfee43023) sd      a4, -32(s0)
core   0: 3 0x000000008000ff8c (0xfee43023) mem 0x0000000080031f50 0x0000000080012066
core   0: 0x000000008000ff90 (0xfc442703) lw      a4, -60(s0)
core   0: 3 0x000000008000ff90 (0xfc442703) x14 0x0000000000000000 mem 0x0000000080031f34
core   0: 0x000000008000ff94 (0x0ff77713) andi    a4, a4, 255
core   0: 3 0x000000008000ff94 (0x0ff77713) x14 0x0000000000000000
core   0: 0x000000008000ff98 (0x00e78023) sb      a4, 0(a5)
core   0: 3 0x000000008000ff98 (0x00e78023) mem 0x0000000080012065 0x00
core   0: 0x000000008000ff9c (0xfc843703) ld      a4, -56(s0)
core   0: 3 0x000000008000ff9c (0xfc843703) x14 0x0000000080012040 mem 0x0000000080031f38
core   0: 0x000000008000ffa0 (0xfb843783) ld      a5, -72(s0)
core   0: 3 0x000000008000ffa0 (0xfb843783) x15 0x000000000000009c mem 0x0000000080031f28
core   0: 0x000000008000ffa4 (0x000097ba) c.add   a5, a4
core   0: 3 0x000000008000ffa4 (0x97ba) x15 0x00000000800120dc
core   0: 0x000000008000ffa6 (0xfe043703) ld      a4, -32(s0)
core   0: 3 0x000000008000ffa6 (0xfe043703) x14 0x0000000080012066 mem 0x0000000080031f50
core   0: 0x000000008000ffaa (0xfcf76de3) bltu    a4, a5, pc - 38
core   0: 3 0x000000008000ffaa (0xfcf76de3)
core   0: 0x000000008000ff84 (0xfe043783) ld      a5, -32(s0)
core   0: 3 0x000000008000ff84 (0xfe043783) x15 0x0000000080012066 mem 0x0000000080031f50
core   0: 0x000000008000ff88 (0x00178713) addi    a4, a5, 1
core   0: 3 0x000000008000ff88 (0x00178713) x14 0x0000000080012067
core   0: 0x000000008000ff8c (0xfee43023) sd      a4, -32(s0)
core   0: 3 0x000000008000ff8c (0xfee43023) mem 0x0000000080031f50 0x0000000080012067
core   0: 0x000000008000ff90 (0xfc442703) lw      a4, -60(s0)
core   0: 3 0x000000008000ff90 (0xfc442703) x14 0x0000000000000000 mem 0x0000000080031f34
core   0: 0x000000008000ff94 (0x0ff77713) andi    a4, a4, 255
core   0: 3 0x000000008000ff94 (0x0ff77713) x14 0x0000000000000000
core   0: 0x000000008000ff98 (0x00e78023) sb      a4, 0(a5)
core   0: 3 0x000000008000ff98 (0x00e78023) mem 0x0000000080012066 0x00
core   0: 0x000000008000ff9c (0xfc843703) ld      a4, -56(s0)
core   0: 3 0x000000008000ff9c (0xfc843703) x14 0x0000000080012040 mem 0x0000000080031f38
core   0: 0x000000008000ffa0 (0xfb843783) ld      a5, -72(s0)
core   0: 3 0x000000008000ffa0 (0xfb843783) x15 0x000000000000009c mem 0x0000000080031f28
core   0: 0x000000008000ffa4 (0x000097ba) c.add   a5, a4
core   0: 3 0x000000008000ffa4 (0x97ba) x15 0x00000000800120dc
core   0: 0x000000008000ffa6 (0xfe043703) ld      a4, -32(s0)
core   0: 3 0x000000008000ffa6 (0xfe043703) x14 0x0000000080012067 mem 0x0000000080031f50
core   0: 0x000000008000ffaa (0xfcf76de3) bltu    a4, a5, pc - 38
core   0: 3 0x000000008000ffaa (0xfcf76de3)
core   0: 0x000000008000ff84 (0xfe043783) ld      a5, -32(s0)
core   0: 3 0x000000008000ff84 (0xfe043783) x15 0x0000000080012067 mem 0x0000000080031f50
core   0: 0x000000008000ff88 (0x00178713) addi    a4, a5, 1
core   0: 3 0x000000008000ff88 (0x00178713) x14 0x0000000080012068
core   0: 0x000000008000ff8c (0xfee43023) sd      a4, -32(s0)
core   0: 3 0x000000008000ff8c (0xfee43023) mem 0x0000000080031f50 0x0000000080012068
core   0: 0x000000008000ff90 (0xfc442703) lw      a4, -60(s0)
core   0: 3 0x000000008000ff90 (0xfc442703) x14 0x0000000000000000 mem 0x0000000080031f34
core   0: 0x000000008000ff94 (0x0ff77713) andi    a4, a4, 255
core   0: 3 0x000000008000ff94 (0x0ff77713) x14 0x0000000000000000
core   0: 0x000000008000ff98 (0x00e78023) sb      a4, 0(a5)
core   0: 3 0x000000008000ff98 (0x00e78023) mem 0x0000000080012067 0x00
core   0: 0x000000008000ff9c (0xfc843703) ld      a4, -56(s0)
core   0: 3 0x000000008000ff9c (0xfc843703) x14 0x0000000080012040 mem 0x0000000080031f38
core   0: 0x000000008000ffa0 (0xfb843783) ld      a5, -72(s0)
core   0: 3 0x000000008000ffa0 (0xfb843783) x15 0x000000000000009c mem 0x0000000080031f28
core   0: 0x000000008000ffa4 (0x000097ba) c.add   a5, a4
core   0: 3 0x000000008000ffa4 (0x97ba) x15 0x00000000800120dc
core   0: 0x000000008000ffa6 (0xfe043703) ld      a4, -32(s0)
core   0: 3 0x000000008000ffa6 (0xfe043703) x14 0x0000000080012068 mem 0x0000000080031f50
core   0: 0x000000008000ffaa (0xfcf76de3) bltu    a4, a5, pc - 38
core   0: 3 0x000000008000ffaa (0xfcf76de3)
core   0: 0x000000008000ff84 (0xfe043783) ld      a5, -32(s0)
core   0: 3 0x000000008000ff84 (0xfe043783) x15 0x0000000080012068 mem 0x0000000080031f50
core   0: 0x000000008000ff88 (0x00178713) addi    a4, a5, 1
core   0: 3 0x000000008000ff88 (0x00178713) x14 0x0000000080012069
core   0: 0x000000008000ff8c (0xfee43023) sd      a4, -32(s0)
core   0: 3 0x000000008000ff8c (0xfee43023) mem 0x0000000080031f50 0x0000000080012069
core   0: 0x000000008000ff90 (0xfc442703) lw      a4, -60(s0)
core   0: 3 0x000000008000ff90 (0xfc442703) x14 0x0000000000000000 mem 0x0000000080031f34
core   0: 0x000000008000ff94 (0x0ff77713) andi    a4, a4, 255
core   0: 3 0x000000008000ff94 (0x0ff77713) x14 0x0000000000000000
core   0: 0x000000008000ff98 (0x00e78023) sb      a4, 0(a5)
core   0: 3 0x000000008000ff98 (0x00e78023) mem 0x0000000080012068 0x00
core   0: 0x000000008000ff9c (0xfc843703) ld      a4, -56(s0)
core   0: 3 0x000000008000ff9c (0xfc843703) x14 0x0000000080012040 mem 0x0000000080031f38
core   0: 0x000000008000ffa0 (0xfb843783) ld      a5, -72(s0)
core   0: 3 0x000000008000ffa0 (0xfb843783) x15 0x000000000000009c mem 0x0000000080031f28
core   0: 0x000000008000ffa4 (0x000097ba) c.add   a5, a4
core   0: 3 0x000000008000ffa4 (0x97ba) x15 0x00000000800120dc
core   0: 0x000000008000ffa6 (0xfe043703) ld      a4, -32(s0)
core   0: 3 0x000000008000ffa6 (0xfe043703) x14 0x0000000080012069 mem 0x0000000080031f50
core   0: 0x000000008000ffaa (0xfcf76de3) bltu    a4, a5, pc - 38
core   0: 3 0x000000008000ffaa (0xfcf76de3)
core   0: 0x000000008000ff84 (0xfe043783) ld      a5, -32(s0)
core   0: 3 0x000000008000ff84 (0xfe043783) x15 0x0000000080012069 mem 0x0000000080031f50
core   0: 0x000000008000ff88 (0x00178713) addi    a4, a5, 1
core   0: 3 0x000000008000ff88 (0x00178713) x14 0x000000008001206a
core   0: 0x000000008000ff8c (0xfee43023) sd      a4, -32(s0)
core   0: 3 0x000000008000ff8c (0xfee43023) mem 0x0000000080031f50 0x000000008001206a
core   0: 0x000000008000ff90 (0xfc442703) lw      a4, -60(s0)
core   0: 3 0x000000008000ff90 (0xfc442703) x14 0x0000000000000000 mem 0x0000000080031f34
core   0: 0x000000008000ff94 (0x0ff77713) andi    a4, a4, 255
core   0: 3 0x000000008000ff94 (0x0ff77713) x14 0x0000000000000000
core   0: 0x000000008000ff98 (0x00e78023) sb      a4, 0(a5)
core   0: 3 0x000000008000ff98 (0x00e78023) mem 0x0000000080012069 0x00
core   0: 0x000000008000ff9c (0xfc843703) ld      a4, -56(s0)
core   0: 3 0x000000008000ff9c (0xfc843703) x14 0x0000000080012040 mem 0x0000000080031f38
core   0: 0x000000008000ffa0 (0xfb843783) ld      a5, -72(s0)
core   0: 3 0x000000008000ffa0 (0xfb843783) x15 0x000000000000009c mem 0x0000000080031f28
core   0: 0x000000008000ffa4 (0x000097ba) c.add   a5, a4
core   0: 3 0x000000008000ffa4 (0x97ba) x15 0x00000000800120dc
core   0: 0x000000008000ffa6 (0xfe043703) ld      a4, -32(s0)
core   0: 3 0x000000008000ffa6 (0xfe043703) x14 0x000000008001206a mem 0x0000000080031f50
core   0: 0x000000008000ffaa (0xfcf76de3) bltu    a4, a5, pc - 38
core   0: 3 0x000000008000ffaa (0xfcf76de3)
core   0: 0x000000008000ff84 (0xfe043783) ld      a5, -32(s0)
core   0: 3 0x000000008000ff84 (0xfe043783) x15 0x000000008001206a mem 0x0000000080031f50
core   0: 0x000000008000ff88 (0x00178713) addi    a4, a5, 1
core   0: 3 0x000000008000ff88 (0x00178713) x14 0x000000008001206b
core   0: 0x000000008000ff8c (0xfee43023) sd      a4, -32(s0)
core   0: 3 0x000000008000ff8c (0xfee43023) mem 0x0000000080031f50 0x000000008001206b
core   0: 0x000000008000ff90 (0xfc442703) lw      a4, -60(s0)
core   0: 3 0x000000008000ff90 (0xfc442703) x14 0x0000000000000000 mem 0x0000000080031f34
core   0: 0x000000008000ff94 (0x0ff77713) andi    a4, a4, 255
core   0: 3 0x000000008000ff94 (0x0ff77713) x14 0x0000000000000000
core   0: 0x000000008000ff98 (0x00e78023) sb      a4, 0(a5)
core   0: 3 0x000000008000ff98 (0x00e78023) mem 0x000000008001206a 0x00
core   0: 0x000000008000ff9c (0xfc843703) ld      a4, -56(s0)
core   0: 3 0x000000008000ff9c (0xfc843703) x14 0x0000000080012040 mem 0x0000000080031f38
core   0: 0x000000008000ffa0 (0xfb843783) ld      a5, -72(s0)
core   0: 3 0x000000008000ffa0 (0xfb843783) x15 0x000000000000009c mem 0x0000000080031f28
core   0: 0x000000008000ffa4 (0x000097ba) c.add   a5, a4
core   0: 3 0x000000008000ffa4 (0x97ba) x15 0x00000000800120dc
core   0: 0x000000008000ffa6 (0xfe043703) ld      a4, -32(s0)
core   0: 3 0x000000008000ffa6 (0xfe043703) x14 0x000000008001206b mem 0x0000000080031f50
core   0: 0x000000008000ffaa (0xfcf76de3) bltu    a4, a5, pc - 38
core   0: 3 0x000000008000ffaa (0xfcf76de3)
core   0: 0x000000008000ff84 (0xfe043783) ld      a5, -32(s0)
core   0: 3 0x000000008000ff84 (0xfe043783) x15 0x000000008001206b mem 0x0000000080031f50
core   0: 0x000000008000ff88 (0x00178713) addi    a4, a5, 1
core   0: 3 0x000000008000ff88 (0x00178713) x14 0x000000008001206c
core   0: 0x000000008000ff8c (0xfee43023) sd      a4, -32(s0)
core   0: 3 0x000000008000ff8c (0xfee43023) mem 0x0000000080031f50 0x000000008001206c
core   0: 0x000000008000ff90 (0xfc442703) lw      a4, -60(s0)
core   0: 3 0x000000008000ff90 (0xfc442703) x14 0x0000000000000000 mem 0x0000000080031f34
core   0: 0x000000008000ff94 (0x0ff77713) andi    a4, a4, 255
core   0: 3 0x000000008000ff94 (0x0ff77713) x14 0x0000000000000000
core   0: 0x000000008000ff98 (0x00e78023) sb      a4, 0(a5)
core   0: 3 0x000000008000ff98 (0x00e78023) mem 0x000000008001206b 0x00
core   0: 0x000000008000ff9c (0xfc843703) ld      a4, -56(s0)
core   0: 3 0x000000008000ff9c (0xfc843703) x14 0x0000000080012040 mem 0x0000000080031f38
core   0: 0x000000008000ffa0 (0xfb843783) ld      a5, -72(s0)
core   0: 3 0x000000008000ffa0 (0xfb843783) x15 0x000000000000009c mem 0x0000000080031f28
core   0: 0x000000008000ffa4 (0x000097ba) c.add   a5, a4
core   0: 3 0x000000008000ffa4 (0x97ba) x15 0x00000000800120dc
core   0: 0x000000008000ffa6 (0xfe043703) ld      a4, -32(s0)
core   0: 3 0x000000008000ffa6 (0xfe043703) x14 0x000000008001206c mem 0x0000000080031f50
core   0: 0x000000008000ffaa (0xfcf76de3) bltu    a4, a5, pc - 38
core   0: 3 0x000000008000ffaa (0xfcf76de3)
core   0: 0x000000008000ff84 (0xfe043783) ld      a5, -32(s0)
core   0: 3 0x000000008000ff84 (0xfe043783) x15 0x000000008001206c mem 0x0000000080031f50
core   0: 0x000000008000ff88 (0x00178713) addi    a4, a5, 1
core   0: 3 0x000000008000ff88 (0x00178713) x14 0x000000008001206d
core   0: 0x000000008000ff8c (0xfee43023) sd      a4, -32(s0)
core   0: 3 0x000000008000ff8c (0xfee43023) mem 0x0000000080031f50 0x000000008001206d
core   0: 0x000000008000ff90 (0xfc442703) lw      a4, -60(s0)
core   0: 3 0x000000008000ff90 (0xfc442703) x14 0x0000000000000000 mem 0x0000000080031f34
core   0: 0x000000008000ff94 (0x0ff77713) andi    a4, a4, 255
core   0: 3 0x000000008000ff94 (0x0ff77713) x14 0x0000000000000000
core   0: 0x000000008000ff98 (0x00e78023) sb      a4, 0(a5)
core   0: 3 0x000000008000ff98 (0x00e78023) mem 0x000000008001206c 0x00
core   0: 0x000000008000ff9c (0xfc843703) ld      a4, -56(s0)
core   0: 3 0x000000008000ff9c (0xfc843703) x14 0x0000000080012040 mem 0x0000000080031f38
core   0: 0x000000008000ffa0 (0xfb843783) ld      a5, -72(s0)
core   0: 3 0x000000008000ffa0 (0xfb843783) x15 0x000000000000009c mem 0x0000000080031f28
core   0: 0x000000008000ffa4 (0x000097ba) c.add   a5, a4
core   0: 3 0x000000008000ffa4 (0x97ba) x15 0x00000000800120dc
core   0: 0x000000008000ffa6 (0xfe043703) ld      a4, -32(s0)
core   0: 3 0x000000008000ffa6 (0xfe043703) x14 0x000000008001206d mem 0x0000000080031f50
core   0: 0x000000008000ffaa (0xfcf76de3) bltu    a4, a5, pc - 38
core   0: 3 0x000000008000ffaa (0xfcf76de3)
core   0: 0x000000008000ff84 (0xfe043783) ld      a5, -32(s0)
core   0: 3 0x000000008000ff84 (0xfe043783) x15 0x000000008001206d mem 0x0000000080031f50
core   0: 0x000000008000ff88 (0x00178713) addi    a4, a5, 1
core   0: 3 0x000000008000ff88 (0x00178713) x14 0x000000008001206e
core   0: 0x000000008000ff8c (0xfee43023) sd      a4, -32(s0)
core   0: 3 0x000000008000ff8c (0xfee43023) mem 0x0000000080031f50 0x000000008001206e
core   0: 0x000000008000ff90 (0xfc442703) lw      a4, -60(s0)
core   0: 3 0x000000008000ff90 (0xfc442703) x14 0x0000000000000000 mem 0x0000000080031f34
core   0: 0x000000008000ff94 (0x0ff77713) andi    a4, a4, 255
core   0: 3 0x000000008000ff94 (0x0ff77713) x14 0x0000000000000000
core   0: 0x000000008000ff98 (0x00e78023) sb      a4, 0(a5)
core   0: 3 0x000000008000ff98 (0x00e78023) mem 0x000000008001206d 0x00
core   0: 0x000000008000ff9c (0xfc843703) ld      a4, -56(s0)
core   0: 3 0x000000008000ff9c (0xfc843703) x14 0x0000000080012040 mem 0x0000000080031f38
core   0: 0x000000008000ffa0 (0xfb843783) ld      a5, -72(s0)
core   0: 3 0x000000008000ffa0 (0xfb843783) x15 0x000000000000009c mem 0x0000000080031f28
core   0: 0x000000008000ffa4 (0x000097ba) c.add   a5, a4
core   0: 3 0x000000008000ffa4 (0x97ba) x15 0x00000000800120dc
core   0: 0x000000008000ffa6 (0xfe043703) ld      a4, -32(s0)
core   0: 3 0x000000008000ffa6 (0xfe043703) x14 0x000000008001206e mem 0x0000000080031f50
core   0: 0x000000008000ffaa (0xfcf76de3) bltu    a4, a5, pc - 38
core   0: 3 0x000000008000ffaa (0xfcf76de3)
core   0: 0x000000008000ff84 (0xfe043783) ld      a5, -32(s0)
core   0: 3 0x000000008000ff84 (0xfe043783) x15 0x000000008001206e mem 0x0000000080031f50
core   0: 0x000000008000ff88 (0x00178713) addi    a4, a5, 1
core   0: 3 0x000000008000ff88 (0x00178713) x14 0x000000008001206f
core   0: 0x000000008000ff8c (0xfee43023) sd      a4, -32(s0)
core   0: 3 0x000000008000ff8c (0xfee43023) mem 0x0000000080031f50 0x000000008001206f
core   0: 0x000000008000ff90 (0xfc442703) lw      a4, -60(s0)
core   0: 3 0x000000008000ff90 (0xfc442703) x14 0x0000000000000000 mem 0x0000000080031f34
core   0: 0x000000008000ff94 (0x0ff77713) andi    a4, a4, 255
core   0: 3 0x000000008000ff94 (0x0ff77713) x14 0x0000000000000000
core   0: 0x000000008000ff98 (0x00e78023) sb      a4, 0(a5)
core   0: 3 0x000000008000ff98 (0x00e78023) mem 0x000000008001206e 0x00
core   0: 0x000000008000ff9c (0xfc843703) ld      a4, -56(s0)
core   0: 3 0x000000008000ff9c (0xfc843703) x14 0x0000000080012040 mem 0x0000000080031f38
core   0: 0x000000008000ffa0 (0xfb843783) ld      a5, -72(s0)
core   0: 3 0x000000008000ffa0 (0xfb843783) x15 0x000000000000009c mem 0x0000000080031f28
core   0: 0x000000008000ffa4 (0x000097ba) c.add   a5, a4
core   0: 3 0x000000008000ffa4 (0x97ba) x15 0x00000000800120dc
core   0: 0x000000008000ffa6 (0xfe043703) ld      a4, -32(s0)
core   0: 3 0x000000008000ffa6 (0xfe043703) x14 0x000000008001206f mem 0x0000000080031f50
core   0: 0x000000008000ffaa (0xfcf76de3) bltu    a4, a5, pc - 38
core   0: 3 0x000000008000ffaa (0xfcf76de3)
core   0: 0x000000008000ff84 (0xfe043783) ld      a5, -32(s0)
core   0: 3 0x000000008000ff84 (0xfe043783) x15 0x000000008001206f mem 0x0000000080031f50
core   0: 0x000000008000ff88 (0x00178713) addi    a4, a5, 1
core   0: 3 0x000000008000ff88 (0x00178713) x14 0x0000000080012070
core   0: 0x000000008000ff8c (0xfee43023) sd      a4, -32(s0)
core   0: 3 0x000000008000ff8c (0xfee43023) mem 0x0000000080031f50 0x0000000080012070
core   0: 0x000000008000ff90 (0xfc442703) lw      a4, -60(s0)
core   0: 3 0x000000008000ff90 (0xfc442703) x14 0x0000000000000000 mem 0x0000000080031f34
core   0: 0x000000008000ff94 (0x0ff77713) andi    a4, a4, 255
core   0: 3 0x000000008000ff94 (0x0ff77713) x14 0x0000000000000000
core   0: 0x000000008000ff98 (0x00e78023) sb      a4, 0(a5)
core   0: 3 0x000000008000ff98 (0x00e78023) mem 0x000000008001206f 0x00
core   0: 0x000000008000ff9c (0xfc843703) ld      a4, -56(s0)
core   0: 3 0x000000008000ff9c (0xfc843703) x14 0x0000000080012040 mem 0x0000000080031f38
core   0: 0x000000008000ffa0 (0xfb843783) ld      a5, -72(s0)
core   0: 3 0x000000008000ffa0 (0xfb843783) x15 0x000000000000009c mem 0x0000000080031f28
core   0: 0x000000008000ffa4 (0x000097ba) c.add   a5, a4
core   0: 3 0x000000008000ffa4 (0x97ba) x15 0x00000000800120dc
core   0: 0x000000008000ffa6 (0xfe043703) ld      a4, -32(s0)
core   0: 3 0x000000008000ffa6 (0xfe043703) x14 0x0000000080012070 mem 0x0000000080031f50
core   0: 0x000000008000ffaa (0xfcf76de3) bltu    a4, a5, pc - 38
core   0: 3 0x000000008000ffaa (0xfcf76de3)
core   0: 0x000000008000ff84 (0xfe043783) ld      a5, -32(s0)
core   0: 3 0x000000008000ff84 (0xfe043783) x15 0x0000000080012070 mem 0x0000000080031f50
core   0: 0x000000008000ff88 (0x00178713) addi    a4, a5, 1
core   0: 3 0x000000008000ff88 (0x00178713) x14 0x0000000080012071
core   0: 0x000000008000ff8c (0xfee43023) sd      a4, -32(s0)
core   0: 3 0x000000008000ff8c (0xfee43023) mem 0x0000000080031f50 0x0000000080012071
core   0: 0x000000008000ff90 (0xfc442703) lw      a4, -60(s0)
core   0: 3 0x000000008000ff90 (0xfc442703) x14 0x0000000000000000 mem 0x0000000080031f34
core   0: 0x000000008000ff94 (0x0ff77713) andi    a4, a4, 255
core   0: 3 0x000000008000ff94 (0x0ff77713) x14 0x0000000000000000
core   0: 0x000000008000ff98 (0x00e78023) sb      a4, 0(a5)
core   0: 3 0x000000008000ff98 (0x00e78023) mem 0x0000000080012070 0x00
core   0: 0x000000008000ff9c (0xfc843703) ld      a4, -56(s0)
core   0: 3 0x000000008000ff9c (0xfc843703) x14 0x0000000080012040 mem 0x0000000080031f38
core   0: 0x000000008000ffa0 (0xfb843783) ld      a5, -72(s0)
core   0: 3 0x000000008000ffa0 (0xfb843783) x15 0x000000000000009c mem 0x0000000080031f28
core   0: 0x000000008000ffa4 (0x000097ba) c.add   a5, a4
core   0: 3 0x000000008000ffa4 (0x97ba) x15 0x00000000800120dc
core   0: 0x000000008000ffa6 (0xfe043703) ld      a4, -32(s0)
core   0: 3 0x000000008000ffa6 (0xfe043703) x14 0x0000000080012071 mem 0x0000000080031f50
core   0: 0x000000008000ffaa (0xfcf76de3) bltu    a4, a5, pc - 38
core   0: 3 0x000000008000ffaa (0xfcf76de3)
core   0: 0x000000008000ff84 (0xfe043783) ld      a5, -32(s0)
core   0: 3 0x000000008000ff84 (0xfe043783) x15 0x0000000080012071 mem 0x0000000080031f50
core   0: 0x000000008000ff88 (0x00178713) addi    a4, a5, 1
core   0: 3 0x000000008000ff88 (0x00178713) x14 0x0000000080012072
core   0: 0x000000008000ff8c (0xfee43023) sd      a4, -32(s0)
core   0: 3 0x000000008000ff8c (0xfee43023) mem 0x0000000080031f50 0x0000000080012072
core   0: 0x000000008000ff90 (0xfc442703) lw      a4, -60(s0)
core   0: 3 0x000000008000ff90 (0xfc442703) x14 0x0000000000000000 mem 0x0000000080031f34
core   0: 0x000000008000ff94 (0x0ff77713) andi    a4, a4, 255
core   0: 3 0x000000008000ff94 (0x0ff77713) x14 0x0000000000000000
core   0: 0x000000008000ff98 (0x00e78023) sb      a4, 0(a5)
core   0: 3 0x000000008000ff98 (0x00e78023) mem 0x0000000080012071 0x00
core   0: 0x000000008000ff9c (0xfc843703) ld      a4, -56(s0)
core   0: 3 0x000000008000ff9c (0xfc843703) x14 0x0000000080012040 mem 0x0000000080031f38
core   0: 0x000000008000ffa0 (0xfb843783) ld      a5, -72(s0)
core   0: 3 0x000000008000ffa0 (0xfb843783) x15 0x000000000000009c mem 0x0000000080031f28
core   0: 0x000000008000ffa4 (0x000097ba) c.add   a5, a4
core   0: 3 0x000000008000ffa4 (0x97ba) x15 0x00000000800120dc
core   0: 0x000000008000ffa6 (0xfe043703) ld      a4, -32(s0)
core   0: 3 0x000000008000ffa6 (0xfe043703) x14 0x0000000080012072 mem 0x0000000080031f50
core   0: 0x000000008000ffaa (0xfcf76de3) bltu    a4, a5, pc - 38
core   0: 3 0x000000008000ffaa (0xfcf76de3)
core   0: 0x000000008000ff84 (0xfe043783) ld      a5, -32(s0)
core   0: 3 0x000000008000ff84 (0xfe043783) x15 0x0000000080012072 mem 0x0000000080031f50
core   0: 0x000000008000ff88 (0x00178713) addi    a4, a5, 1
core   0: 3 0x000000008000ff88 (0x00178713) x14 0x0000000080012073
core   0: 0x000000008000ff8c (0xfee43023) sd      a4, -32(s0)
core   0: 3 0x000000008000ff8c (0xfee43023) mem 0x0000000080031f50 0x0000000080012073
core   0: 0x000000008000ff90 (0xfc442703) lw      a4, -60(s0)
core   0: 3 0x000000008000ff90 (0xfc442703) x14 0x0000000000000000 mem 0x0000000080031f34
core   0: 0x000000008000ff94 (0x0ff77713) andi    a4, a4, 255
core   0: 3 0x000000008000ff94 (0x0ff77713) x14 0x0000000000000000
core   0: 0x000000008000ff98 (0x00e78023) sb      a4, 0(a5)
core   0: 3 0x000000008000ff98 (0x00e78023) mem 0x0000000080012072 0x00
core   0: 0x000000008000ff9c (0xfc843703) ld      a4, -56(s0)
core   0: 3 0x000000008000ff9c (0xfc843703) x14 0x0000000080012040 mem 0x0000000080031f38
core   0: 0x000000008000ffa0 (0xfb843783) ld      a5, -72(s0)
core   0: 3 0x000000008000ffa0 (0xfb843783) x15 0x000000000000009c mem 0x0000000080031f28
core   0: 0x000000008000ffa4 (0x000097ba) c.add   a5, a4
core   0: 3 0x000000008000ffa4 (0x97ba) x15 0x00000000800120dc
core   0: 0x000000008000ffa6 (0xfe043703) ld      a4, -32(s0)
core   0: 3 0x000000008000ffa6 (0xfe043703) x14 0x0000000080012073 mem 0x0000000080031f50
core   0: 0x000000008000ffaa (0xfcf76de3) bltu    a4, a5, pc - 38
core   0: 3 0x000000008000ffaa (0xfcf76de3)
core   0: 0x000000008000ff84 (0xfe043783) ld      a5, -32(s0)
core   0: 3 0x000000008000ff84 (0xfe043783) x15 0x0000000080012073 mem 0x0000000080031f50
core   0: 0x000000008000ff88 (0x00178713) addi    a4, a5, 1
core   0: 3 0x000000008000ff88 (0x00178713) x14 0x0000000080012074
core   0: 0x000000008000ff8c (0xfee43023) sd      a4, -32(s0)
core   0: 3 0x000000008000ff8c (0xfee43023) mem 0x0000000080031f50 0x0000000080012074
core   0: 0x000000008000ff90 (0xfc442703) lw      a4, -60(s0)
core   0: 3 0x000000008000ff90 (0xfc442703) x14 0x0000000000000000 mem 0x0000000080031f34
core   0: 0x000000008000ff94 (0x0ff77713) andi    a4, a4, 255
core   0: 3 0x000000008000ff94 (0x0ff77713) x14 0x0000000000000000
core   0: 0x000000008000ff98 (0x00e78023) sb      a4, 0(a5)
core   0: 3 0x000000008000ff98 (0x00e78023) mem 0x0000000080012073 0x00
core   0: 0x000000008000ff9c (0xfc843703) ld      a4, -56(s0)
core   0: 3 0x000000008000ff9c (0xfc843703) x14 0x0000000080012040 mem 0x0000000080031f38
core   0: 0x000000008000ffa0 (0xfb843783) ld      a5, -72(s0)
core   0: 3 0x000000008000ffa0 (0xfb843783) x15 0x000000000000009c mem 0x0000000080031f28
core   0: 0x000000008000ffa4 (0x000097ba) c.add   a5, a4
core   0: 3 0x000000008000ffa4 (0x97ba) x15 0x00000000800120dc
core   0: 0x000000008000ffa6 (0xfe043703) ld      a4, -32(s0)
core   0: 3 0x000000008000ffa6 (0xfe043703) x14 0x0000000080012074 mem 0x0000000080031f50
core   0: 0x000000008000ffaa (0xfcf76de3) bltu    a4, a5, pc - 38
core   0: 3 0x000000008000ffaa (0xfcf76de3)
core   0: 0x000000008000ff84 (0xfe043783) ld      a5, -32(s0)
core   0: 3 0x000000008000ff84 (0xfe043783) x15 0x0000000080012074 mem 0x0000000080031f50
core   0: 0x000000008000ff88 (0x00178713) addi    a4, a5, 1
core   0: 3 0x000000008000ff88 (0x00178713) x14 0x0000000080012075
core   0: 0x000000008000ff8c (0xfee43023) sd      a4, -32(s0)
core   0: 3 0x000000008000ff8c (0xfee43023) mem 0x0000000080031f50 0x0000000080012075
core   0: 0x000000008000ff90 (0xfc442703) lw      a4, -60(s0)
core   0: 3 0x000000008000ff90 (0xfc442703) x14 0x0000000000000000 mem 0x0000000080031f34
core   0: 0x000000008000ff94 (0x0ff77713) andi    a4, a4, 255
core   0: 3 0x000000008000ff94 (0x0ff77713) x14 0x0000000000000000
core   0: 0x000000008000ff98 (0x00e78023) sb      a4, 0(a5)
core   0: 3 0x000000008000ff98 (0x00e78023) mem 0x0000000080012074 0x00
core   0: 0x000000008000ff9c (0xfc843703) ld      a4, -56(s0)
core   0: 3 0x000000008000ff9c (0xfc843703) x14 0x0000000080012040 mem 0x0000000080031f38
core   0: 0x000000008000ffa0 (0xfb843783) ld      a5, -72(s0)
core   0: 3 0x000000008000ffa0 (0xfb843783) x15 0x000000000000009c mem 0x0000000080031f28
core   0: 0x000000008000ffa4 (0x000097ba) c.add   a5, a4
core   0: 3 0x000000008000ffa4 (0x97ba) x15 0x00000000800120dc
core   0: 0x000000008000ffa6 (0xfe043703) ld      a4, -32(s0)
core   0: 3 0x000000008000ffa6 (0xfe043703) x14 0x0000000080012075 mem 0x0000000080031f50
core   0: 0x000000008000ffaa (0xfcf76de3) bltu    a4, a5, pc - 38
core   0: 3 0x000000008000ffaa (0xfcf76de3)
core   0: 0x000000008000ff84 (0xfe043783) ld      a5, -32(s0)
core   0: 3 0x000000008000ff84 (0xfe043783) x15 0x0000000080012075 mem 0x0000000080031f50
core   0: 0x000000008000ff88 (0x00178713) addi    a4, a5, 1
core   0: 3 0x000000008000ff88 (0x00178713) x14 0x0000000080012076
core   0: 0x000000008000ff8c (0xfee43023) sd      a4, -32(s0)
core   0: 3 0x000000008000ff8c (0xfee43023) mem 0x0000000080031f50 0x0000000080012076
core   0: 0x000000008000ff90 (0xfc442703) lw      a4, -60(s0)
core   0: 3 0x000000008000ff90 (0xfc442703) x14 0x0000000000000000 mem 0x0000000080031f34
core   0: 0x000000008000ff94 (0x0ff77713) andi    a4, a4, 255
core   0: 3 0x000000008000ff94 (0x0ff77713) x14 0x0000000000000000
core   0: 0x000000008000ff98 (0x00e78023) sb      a4, 0(a5)
core   0: 3 0x000000008000ff98 (0x00e78023) mem 0x0000000080012075 0x00
core   0: 0x000000008000ff9c (0xfc843703) ld      a4, -56(s0)
core   0: 3 0x000000008000ff9c (0xfc843703) x14 0x0000000080012040 mem 0x0000000080031f38
core   0: 0x000000008000ffa0 (0xfb843783) ld      a5, -72(s0)
core   0: 3 0x000000008000ffa0 (0xfb843783) x15 0x000000000000009c mem 0x0000000080031f28
core   0: 0x000000008000ffa4 (0x000097ba) c.add   a5, a4
core   0: 3 0x000000008000ffa4 (0x97ba) x15 0x00000000800120dc
core   0: 0x000000008000ffa6 (0xfe043703) ld      a4, -32(s0)
core   0: 3 0x000000008000ffa6 (0xfe043703) x14 0x0000000080012076 mem 0x0000000080031f50
core   0: 0x000000008000ffaa (0xfcf76de3) bltu    a4, a5, pc - 38
core   0: 3 0x000000008000ffaa (0xfcf76de3)
core   0: 0x000000008000ff84 (0xfe043783) ld      a5, -32(s0)
core   0: 3 0x000000008000ff84 (0xfe043783) x15 0x0000000080012076 mem 0x0000000080031f50
core   0: 0x000000008000ff88 (0x00178713) addi    a4, a5, 1
core   0: 3 0x000000008000ff88 (0x00178713) x14 0x0000000080012077
core   0: 0x000000008000ff8c (0xfee43023) sd      a4, -32(s0)
core   0: 3 0x000000008000ff8c (0xfee43023) mem 0x0000000080031f50 0x0000000080012077
core   0: 0x000000008000ff90 (0xfc442703) lw      a4, -60(s0)
core   0: 3 0x000000008000ff90 (0xfc442703) x14 0x0000000000000000 mem 0x0000000080031f34
core   0: 0x000000008000ff94 (0x0ff77713) andi    a4, a4, 255
core   0: 3 0x000000008000ff94 (0x0ff77713) x14 0x0000000000000000
core   0: 0x000000008000ff98 (0x00e78023) sb      a4, 0(a5)
core   0: 3 0x000000008000ff98 (0x00e78023) mem 0x0000000080012076 0x00
core   0: 0x000000008000ff9c (0xfc843703) ld      a4, -56(s0)
core   0: 3 0x000000008000ff9c (0xfc843703) x14 0x0000000080012040 mem 0x0000000080031f38
core   0: 0x000000008000ffa0 (0xfb843783) ld      a5, -72(s0)
core   0: 3 0x000000008000ffa0 (0xfb843783) x15 0x000000000000009c mem 0x0000000080031f28
core   0: 0x000000008000ffa4 (0x000097ba) c.add   a5, a4
core   0: 3 0x000000008000ffa4 (0x97ba) x15 0x00000000800120dc
core   0: 0x000000008000ffa6 (0xfe043703) ld      a4, -32(s0)
core   0: 3 0x000000008000ffa6 (0xfe043703) x14 0x0000000080012077 mem 0x0000000080031f50
core   0: 0x000000008000ffaa (0xfcf76de3) bltu    a4, a5, pc - 38
core   0: 3 0x000000008000ffaa (0xfcf76de3)
core   0: 0x000000008000ff84 (0xfe043783) ld      a5, -32(s0)
core   0: 3 0x000000008000ff84 (0xfe043783) x15 0x0000000080012077 mem 0x0000000080031f50
core   0: 0x000000008000ff88 (0x00178713) addi    a4, a5, 1
core   0: 3 0x000000008000ff88 (0x00178713) x14 0x0000000080012078
core   0: 0x000000008000ff8c (0xfee43023) sd      a4, -32(s0)
core   0: 3 0x000000008000ff8c (0xfee43023) mem 0x0000000080031f50 0x0000000080012078
core   0: 0x000000008000ff90 (0xfc442703) lw      a4, -60(s0)
core   0: 3 0x000000008000ff90 (0xfc442703) x14 0x0000000000000000 mem 0x0000000080031f34
core   0: 0x000000008000ff94 (0x0ff77713) andi    a4, a4, 255
core   0: 3 0x000000008000ff94 (0x0ff77713) x14 0x0000000000000000
core   0: 0x000000008000ff98 (0x00e78023) sb      a4, 0(a5)
core   0: 3 0x000000008000ff98 (0x00e78023) mem 0x0000000080012077 0x00
core   0: 0x000000008000ff9c (0xfc843703) ld      a4, -56(s0)
core   0: 3 0x000000008000ff9c (0xfc843703) x14 0x0000000080012040 mem 0x0000000080031f38
core   0: 0x000000008000ffa0 (0xfb843783) ld      a5, -72(s0)
core   0: 3 0x000000008000ffa0 (0xfb843783) x15 0x000000000000009c mem 0x0000000080031f28
core   0: 0x000000008000ffa4 (0x000097ba) c.add   a5, a4
core   0: 3 0x000000008000ffa4 (0x97ba) x15 0x00000000800120dc
core   0: 0x000000008000ffa6 (0xfe043703) ld      a4, -32(s0)
core   0: 3 0x000000008000ffa6 (0xfe043703) x14 0x0000000080012078 mem 0x0000000080031f50
core   0: 0x000000008000ffaa (0xfcf76de3) bltu    a4, a5, pc - 38
core   0: 3 0x000000008000ffaa (0xfcf76de3)
core   0: 0x000000008000ff84 (0xfe043783) ld      a5, -32(s0)
core   0: 3 0x000000008000ff84 (0xfe043783) x15 0x0000000080012078 mem 0x0000000080031f50
core   0: 0x000000008000ff88 (0x00178713) addi    a4, a5, 1
core   0: 3 0x000000008000ff88 (0x00178713) x14 0x0000000080012079
core   0: 0x000000008000ff8c (0xfee43023) sd      a4, -32(s0)
core   0: 3 0x000000008000ff8c (0xfee43023) mem 0x0000000080031f50 0x0000000080012079
core   0: 0x000000008000ff90 (0xfc442703) lw      a4, -60(s0)
core   0: 3 0x000000008000ff90 (0xfc442703) x14 0x0000000000000000 mem 0x0000000080031f34
core   0: 0x000000008000ff94 (0x0ff77713) andi    a4, a4, 255
core   0: 3 0x000000008000ff94 (0x0ff77713) x14 0x0000000000000000
core   0: 0x000000008000ff98 (0x00e78023) sb      a4, 0(a5)
core   0: 3 0x000000008000ff98 (0x00e78023) mem 0x0000000080012078 0x00
core   0: 0x000000008000ff9c (0xfc843703) ld      a4, -56(s0)
core   0: 3 0x000000008000ff9c (0xfc843703) x14 0x0000000080012040 mem 0x0000000080031f38
core   0: 0x000000008000ffa0 (0xfb843783) ld      a5, -72(s0)
core   0: 3 0x000000008000ffa0 (0xfb843783) x15 0x000000000000009c mem 0x0000000080031f28
core   0: 0x000000008000ffa4 (0x000097ba) c.add   a5, a4
core   0: 3 0x000000008000ffa4 (0x97ba) x15 0x00000000800120dc
core   0: 0x000000008000ffa6 (0xfe043703) ld      a4, -32(s0)
core   0: 3 0x000000008000ffa6 (0xfe043703) x14 0x0000000080012079 mem 0x0000000080031f50
core   0: 0x000000008000ffaa (0xfcf76de3) bltu    a4, a5, pc - 38
core   0: 3 0x000000008000ffaa (0xfcf76de3)
core   0: 0x000000008000ff84 (0xfe043783) ld      a5, -32(s0)
core   0: 3 0x000000008000ff84 (0xfe043783) x15 0x0000000080012079 mem 0x0000000080031f50
core   0: 0x000000008000ff88 (0x00178713) addi    a4, a5, 1
core   0: 3 0x000000008000ff88 (0x00178713) x14 0x000000008001207a
core   0: 0x000000008000ff8c (0xfee43023) sd      a4, -32(s0)
core   0: 3 0x000000008000ff8c (0xfee43023) mem 0x0000000080031f50 0x000000008001207a
core   0: 0x000000008000ff90 (0xfc442703) lw      a4, -60(s0)
core   0: 3 0x000000008000ff90 (0xfc442703) x14 0x0000000000000000 mem 0x0000000080031f34
core   0: 0x000000008000ff94 (0x0ff77713) andi    a4, a4, 255
core   0: 3 0x000000008000ff94 (0x0ff77713) x14 0x0000000000000000
core   0: 0x000000008000ff98 (0x00e78023) sb      a4, 0(a5)
core   0: 3 0x000000008000ff98 (0x00e78023) mem 0x0000000080012079 0x00
core   0: 0x000000008000ff9c (0xfc843703) ld      a4, -56(s0)
core   0: 3 0x000000008000ff9c (0xfc843703) x14 0x0000000080012040 mem 0x0000000080031f38
core   0: 0x000000008000ffa0 (0xfb843783) ld      a5, -72(s0)
core   0: 3 0x000000008000ffa0 (0xfb843783) x15 0x000000000000009c mem 0x0000000080031f28
core   0: 0x000000008000ffa4 (0x000097ba) c.add   a5, a4
core   0: 3 0x000000008000ffa4 (0x97ba) x15 0x00000000800120dc
core   0: 0x000000008000ffa6 (0xfe043703) ld      a4, -32(s0)
core   0: 3 0x000000008000ffa6 (0xfe043703) x14 0x000000008001207a mem 0x0000000080031f50
core   0: 0x000000008000ffaa (0xfcf76de3) bltu    a4, a5, pc - 38
core   0: 3 0x000000008000ffaa (0xfcf76de3)
core   0: 0x000000008000ff84 (0xfe043783) ld      a5, -32(s0)
core   0: 3 0x000000008000ff84 (0xfe043783) x15 0x000000008001207a mem 0x0000000080031f50
core   0: 0x000000008000ff88 (0x00178713) addi    a4, a5, 1
core   0: 3 0x000000008000ff88 (0x00178713) x14 0x000000008001207b
core   0: 0x000000008000ff8c (0xfee43023) sd      a4, -32(s0)
core   0: 3 0x000000008000ff8c (0xfee43023) mem 0x0000000080031f50 0x000000008001207b
core   0: 0x000000008000ff90 (0xfc442703) lw      a4, -60(s0)
core   0: 3 0x000000008000ff90 (0xfc442703) x14 0x0000000000000000 mem 0x0000000080031f34
core   0: 0x000000008000ff94 (0x0ff77713) andi    a4, a4, 255
core   0: 3 0x000000008000ff94 (0x0ff77713) x14 0x0000000000000000
core   0: 0x000000008000ff98 (0x00e78023) sb      a4, 0(a5)
core   0: 3 0x000000008000ff98 (0x00e78023) mem 0x000000008001207a 0x00
core   0: 0x000000008000ff9c (0xfc843703) ld      a4, -56(s0)
core   0: 3 0x000000008000ff9c (0xfc843703) x14 0x0000000080012040 mem 0x0000000080031f38
core   0: 0x000000008000ffa0 (0xfb843783) ld      a5, -72(s0)
core   0: 3 0x000000008000ffa0 (0xfb843783) x15 0x000000000000009c mem 0x0000000080031f28
core   0: 0x000000008000ffa4 (0x000097ba) c.add   a5, a4
core   0: 3 0x000000008000ffa4 (0x97ba) x15 0x00000000800120dc
core   0: 0x000000008000ffa6 (0xfe043703) ld      a4, -32(s0)
core   0: 3 0x000000008000ffa6 (0xfe043703) x14 0x000000008001207b mem 0x0000000080031f50
core   0: 0x000000008000ffaa (0xfcf76de3) bltu    a4, a5, pc - 38
core   0: 3 0x000000008000ffaa (0xfcf76de3)
core   0: 0x000000008000ff84 (0xfe043783) ld      a5, -32(s0)
core   0: 3 0x000000008000ff84 (0xfe043783) x15 0x000000008001207b mem 0x0000000080031f50
core   0: 0x000000008000ff88 (0x00178713) addi    a4, a5, 1
core   0: 3 0x000000008000ff88 (0x00178713) x14 0x000000008001207c
core   0: 0x000000008000ff8c (0xfee43023) sd      a4, -32(s0)
core   0: 3 0x000000008000ff8c (0xfee43023) mem 0x0000000080031f50 0x000000008001207c
core   0: 0x000000008000ff90 (0xfc442703) lw      a4, -60(s0)
core   0: 3 0x000000008000ff90 (0xfc442703) x14 0x0000000000000000 mem 0x0000000080031f34
core   0: 0x000000008000ff94 (0x0ff77713) andi    a4, a4, 255
core   0: 3 0x000000008000ff94 (0x0ff77713) x14 0x0000000000000000
core   0: 0x000000008000ff98 (0x00e78023) sb      a4, 0(a5)
core   0: 3 0x000000008000ff98 (0x00e78023) mem 0x000000008001207b 0x00
core   0: 0x000000008000ff9c (0xfc843703) ld      a4, -56(s0)
core   0: 3 0x000000008000ff9c (0xfc843703) x14 0x0000000080012040 mem 0x0000000080031f38
core   0: 0x000000008000ffa0 (0xfb843783) ld      a5, -72(s0)
core   0: 3 0x000000008000ffa0 (0xfb843783) x15 0x000000000000009c mem 0x0000000080031f28
core   0: 0x000000008000ffa4 (0x000097ba) c.add   a5, a4
core   0: 3 0x000000008000ffa4 (0x97ba) x15 0x00000000800120dc
core   0: 0x000000008000ffa6 (0xfe043703) ld      a4, -32(s0)
core   0: 3 0x000000008000ffa6 (0xfe043703) x14 0x000000008001207c mem 0x0000000080031f50
core   0: 0x000000008000ffaa (0xfcf76de3) bltu    a4, a5, pc - 38
core   0: 3 0x000000008000ffaa (0xfcf76de3)
core   0: 0x000000008000ff84 (0xfe043783) ld      a5, -32(s0)
core   0: 3 0x000000008000ff84 (0xfe043783) x15 0x000000008001207c mem 0x0000000080031f50
core   0: 0x000000008000ff88 (0x00178713) addi    a4, a5, 1
core   0: 3 0x000000008000ff88 (0x00178713) x14 0x000000008001207d
core   0: 0x000000008000ff8c (0xfee43023) sd      a4, -32(s0)
core   0: 3 0x000000008000ff8c (0xfee43023) mem 0x0000000080031f50 0x000000008001207d
core   0: 0x000000008000ff90 (0xfc442703) lw      a4, -60(s0)
core   0: 3 0x000000008000ff90 (0xfc442703) x14 0x0000000000000000 mem 0x0000000080031f34
core   0: 0x000000008000ff94 (0x0ff77713) andi    a4, a4, 255
core   0: 3 0x000000008000ff94 (0x0ff77713) x14 0x0000000000000000
core   0: 0x000000008000ff98 (0x00e78023) sb      a4, 0(a5)
core   0: 3 0x000000008000ff98 (0x00e78023) mem 0x000000008001207c 0x00
core   0: 0x000000008000ff9c (0xfc843703) ld      a4, -56(s0)
core   0: 3 0x000000008000ff9c (0xfc843703) x14 0x0000000080012040 mem 0x0000000080031f38
core   0: 0x000000008000ffa0 (0xfb843783) ld      a5, -72(s0)
core   0: 3 0x000000008000ffa0 (0xfb843783) x15 0x000000000000009c mem 0x0000000080031f28
core   0: 0x000000008000ffa4 (0x000097ba) c.add   a5, a4
core   0: 3 0x000000008000ffa4 (0x97ba) x15 0x00000000800120dc
core   0: 0x000000008000ffa6 (0xfe043703) ld      a4, -32(s0)
core   0: 3 0x000000008000ffa6 (0xfe043703) x14 0x000000008001207d mem 0x0000000080031f50
core   0: 0x000000008000ffaa (0xfcf76de3) bltu    a4, a5, pc - 38
core   0: 3 0x000000008000ffaa (0xfcf76de3)
core   0: 0x000000008000ff84 (0xfe043783) ld      a5, -32(s0)
core   0: 3 0x000000008000ff84 (0xfe043783) x15 0x000000008001207d mem 0x0000000080031f50
core   0: 0x000000008000ff88 (0x00178713) addi    a4, a5, 1
core   0: 3 0x000000008000ff88 (0x00178713) x14 0x000000008001207e
core   0: 0x000000008000ff8c (0xfee43023) sd      a4, -32(s0)
core   0: 3 0x000000008000ff8c (0xfee43023) mem 0x0000000080031f50 0x000000008001207e
core   0: 0x000000008000ff90 (0xfc442703) lw      a4, -60(s0)
core   0: 3 0x000000008000ff90 (0xfc442703) x14 0x0000000000000000 mem 0x0000000080031f34
core   0: 0x000000008000ff94 (0x0ff77713) andi    a4, a4, 255
core   0: 3 0x000000008000ff94 (0x0ff77713) x14 0x0000000000000000
core   0: 0x000000008000ff98 (0x00e78023) sb      a4, 0(a5)
core   0: 3 0x000000008000ff98 (0x00e78023) mem 0x000000008001207d 0x00
core   0: 0x000000008000ff9c (0xfc843703) ld      a4, -56(s0)
core   0: 3 0x000000008000ff9c (0xfc843703) x14 0x0000000080012040 mem 0x0000000080031f38
core   0: 0x000000008000ffa0 (0xfb843783) ld      a5, -72(s0)
core   0: 3 0x000000008000ffa0 (0xfb843783) x15 0x000000000000009c mem 0x0000000080031f28
core   0: 0x000000008000ffa4 (0x000097ba) c.add   a5, a4
core   0: 3 0x000000008000ffa4 (0x97ba) x15 0x00000000800120dc
core   0: 0x000000008000ffa6 (0xfe043703) ld      a4, -32(s0)
core   0: 3 0x000000008000ffa6 (0xfe043703) x14 0x000000008001207e mem 0x0000000080031f50
core   0: 0x000000008000ffaa (0xfcf76de3) bltu    a4, a5, pc - 38
core   0: 3 0x000000008000ffaa (0xfcf76de3)
core   0: 0x000000008000ff84 (0xfe043783) ld      a5, -32(s0)
core   0: 3 0x000000008000ff84 (0xfe043783) x15 0x000000008001207e mem 0x0000000080031f50
core   0: 0x000000008000ff88 (0x00178713) addi    a4, a5, 1
core   0: 3 0x000000008000ff88 (0x00178713) x14 0x000000008001207f
core   0: 0x000000008000ff8c (0xfee43023) sd      a4, -32(s0)
core   0: 3 0x000000008000ff8c (0xfee43023) mem 0x0000000080031f50 0x000000008001207f
core   0: 0x000000008000ff90 (0xfc442703) lw      a4, -60(s0)
core   0: 3 0x000000008000ff90 (0xfc442703) x14 0x0000000000000000 mem 0x0000000080031f34
core   0: 0x000000008000ff94 (0x0ff77713) andi    a4, a4, 255
core   0: 3 0x000000008000ff94 (0x0ff77713) x14 0x0000000000000000
core   0: 0x000000008000ff98 (0x00e78023) sb      a4, 0(a5)
core   0: 3 0x000000008000ff98 (0x00e78023) mem 0x000000008001207e 0x00
core   0: 0x000000008000ff9c (0xfc843703) ld      a4, -56(s0)
core   0: 3 0x000000008000ff9c (0xfc843703) x14 0x0000000080012040 mem 0x0000000080031f38
core   0: 0x000000008000ffa0 (0xfb843783) ld      a5, -72(s0)
core   0: 3 0x000000008000ffa0 (0xfb843783) x15 0x000000000000009c mem 0x0000000080031f28
core   0: 0x000000008000ffa4 (0x000097ba) c.add   a5, a4
core   0: 3 0x000000008000ffa4 (0x97ba) x15 0x00000000800120dc
core   0: 0x000000008000ffa6 (0xfe043703) ld      a4, -32(s0)
core   0: 3 0x000000008000ffa6 (0xfe043703) x14 0x000000008001207f mem 0x0000000080031f50
core   0: 0x000000008000ffaa (0xfcf76de3) bltu    a4, a5, pc - 38
core   0: 3 0x000000008000ffaa (0xfcf76de3)
core   0: 0x000000008000ff84 (0xfe043783) ld      a5, -32(s0)
core   0: 3 0x000000008000ff84 (0xfe043783) x15 0x000000008001207f mem 0x0000000080031f50
core   0: 0x000000008000ff88 (0x00178713) addi    a4, a5, 1
core   0: 3 0x000000008000ff88 (0x00178713) x14 0x0000000080012080
core   0: 0x000000008000ff8c (0xfee43023) sd      a4, -32(s0)
core   0: 3 0x000000008000ff8c (0xfee43023) mem 0x0000000080031f50 0x0000000080012080
core   0: 0x000000008000ff90 (0xfc442703) lw      a4, -60(s0)
core   0: 3 0x000000008000ff90 (0xfc442703) x14 0x0000000000000000 mem 0x0000000080031f34
core   0: 0x000000008000ff94 (0x0ff77713) andi    a4, a4, 255
core   0: 3 0x000000008000ff94 (0x0ff77713) x14 0x0000000000000000
core   0: 0x000000008000ff98 (0x00e78023) sb      a4, 0(a5)
core   0: 3 0x000000008000ff98 (0x00e78023) mem 0x000000008001207f 0x00
core   0: 0x000000008000ff9c (0xfc843703) ld      a4, -56(s0)
core   0: 3 0x000000008000ff9c (0xfc843703) x14 0x0000000080012040 mem 0x0000000080031f38
core   0: 0x000000008000ffa0 (0xfb843783) ld      a5, -72(s0)
core   0: 3 0x000000008000ffa0 (0xfb843783) x15 0x000000000000009c mem 0x0000000080031f28
core   0: 0x000000008000ffa4 (0x000097ba) c.add   a5, a4
core   0: 3 0x000000008000ffa4 (0x97ba) x15 0x00000000800120dc
core   0: 0x000000008000ffa6 (0xfe043703) ld      a4, -32(s0)
core   0: 3 0x000000008000ffa6 (0xfe043703) x14 0x0000000080012080 mem 0x0000000080031f50
core   0: 0x000000008000ffaa (0xfcf76de3) bltu    a4, a5, pc - 38
core   0: 3 0x000000008000ffaa (0xfcf76de3)
core   0: 0x000000008000ff84 (0xfe043783) ld      a5, -32(s0)
core   0: 3 0x000000008000ff84 (0xfe043783) x15 0x0000000080012080 mem 0x0000000080031f50
core   0: 0x000000008000ff88 (0x00178713) addi    a4, a5, 1
core   0: 3 0x000000008000ff88 (0x00178713) x14 0x0000000080012081
core   0: 0x000000008000ff8c (0xfee43023) sd      a4, -32(s0)
core   0: 3 0x000000008000ff8c (0xfee43023) mem 0x0000000080031f50 0x0000000080012081
core   0: 0x000000008000ff90 (0xfc442703) lw      a4, -60(s0)
core   0: 3 0x000000008000ff90 (0xfc442703) x14 0x0000000000000000 mem 0x0000000080031f34
core   0: 0x000000008000ff94 (0x0ff77713) andi    a4, a4, 255
core   0: 3 0x000000008000ff94 (0x0ff77713) x14 0x0000000000000000
core   0: 0x000000008000ff98 (0x00e78023) sb      a4, 0(a5)
core   0: 3 0x000000008000ff98 (0x00e78023) mem 0x0000000080012080 0x00
core   0: 0x000000008000ff9c (0xfc843703) ld      a4, -56(s0)
core   0: 3 0x000000008000ff9c (0xfc843703) x14 0x0000000080012040 mem 0x0000000080031f38
core   0: 0x000000008000ffa0 (0xfb843783) ld      a5, -72(s0)
core   0: 3 0x000000008000ffa0 (0xfb843783) x15 0x000000000000009c mem 0x0000000080031f28
core   0: 0x000000008000ffa4 (0x000097ba) c.add   a5, a4
core   0: 3 0x000000008000ffa4 (0x97ba) x15 0x00000000800120dc
core   0: 0x000000008000ffa6 (0xfe043703) ld      a4, -32(s0)
core   0: 3 0x000000008000ffa6 (0xfe043703) x14 0x0000000080012081 mem 0x0000000080031f50
core   0: 0x000000008000ffaa (0xfcf76de3) bltu    a4, a5, pc - 38
core   0: 3 0x000000008000ffaa (0xfcf76de3)
core   0: 0x000000008000ff84 (0xfe043783) ld      a5, -32(s0)
core   0: 3 0x000000008000ff84 (0xfe043783) x15 0x0000000080012081 mem 0x0000000080031f50
core   0: 0x000000008000ff88 (0x00178713) addi    a4, a5, 1
core   0: 3 0x000000008000ff88 (0x00178713) x14 0x0000000080012082
core   0: 0x000000008000ff8c (0xfee43023) sd      a4, -32(s0)
core   0: 3 0x000000008000ff8c (0xfee43023) mem 0x0000000080031f50 0x0000000080012082
core   0: 0x000000008000ff90 (0xfc442703) lw      a4, -60(s0)
core   0: 3 0x000000008000ff90 (0xfc442703) x14 0x0000000000000000 mem 0x0000000080031f34
core   0: 0x000000008000ff94 (0x0ff77713) andi    a4, a4, 255
core   0: 3 0x000000008000ff94 (0x0ff77713) x14 0x0000000000000000
core   0: 0x000000008000ff98 (0x00e78023) sb      a4, 0(a5)
core   0: 3 0x000000008000ff98 (0x00e78023) mem 0x0000000080012081 0x00
core   0: 0x000000008000ff9c (0xfc843703) ld      a4, -56(s0)
core   0: 3 0x000000008000ff9c (0xfc843703) x14 0x0000000080012040 mem 0x0000000080031f38
core   0: 0x000000008000ffa0 (0xfb843783) ld      a5, -72(s0)
core   0: 3 0x000000008000ffa0 (0xfb843783) x15 0x000000000000009c mem 0x0000000080031f28
core   0: 0x000000008000ffa4 (0x000097ba) c.add   a5, a4
core   0: 3 0x000000008000ffa4 (0x97ba) x15 0x00000000800120dc
core   0: 0x000000008000ffa6 (0xfe043703) ld      a4, -32(s0)
core   0: 3 0x000000008000ffa6 (0xfe043703) x14 0x0000000080012082 mem 0x0000000080031f50
core   0: 0x000000008000ffaa (0xfcf76de3) bltu    a4, a5, pc - 38
core   0: 3 0x000000008000ffaa (0xfcf76de3)
core   0: 0x000000008000ff84 (0xfe043783) ld      a5, -32(s0)
core   0: 3 0x000000008000ff84 (0xfe043783) x15 0x0000000080012082 mem 0x0000000080031f50
core   0: 0x000000008000ff88 (0x00178713) addi    a4, a5, 1
core   0: 3 0x000000008000ff88 (0x00178713) x14 0x0000000080012083
core   0: 0x000000008000ff8c (0xfee43023) sd      a4, -32(s0)
core   0: 3 0x000000008000ff8c (0xfee43023) mem 0x0000000080031f50 0x0000000080012083
core   0: 0x000000008000ff90 (0xfc442703) lw      a4, -60(s0)
core   0: 3 0x000000008000ff90 (0xfc442703) x14 0x0000000000000000 mem 0x0000000080031f34
core   0: 0x000000008000ff94 (0x0ff77713) andi    a4, a4, 255
core   0: 3 0x000000008000ff94 (0x0ff77713) x14 0x0000000000000000
core   0: 0x000000008000ff98 (0x00e78023) sb      a4, 0(a5)
core   0: 3 0x000000008000ff98 (0x00e78023) mem 0x0000000080012082 0x00
core   0: 0x000000008000ff9c (0xfc843703) ld      a4, -56(s0)
core   0: 3 0x000000008000ff9c (0xfc843703) x14 0x0000000080012040 mem 0x0000000080031f38
core   0: 0x000000008000ffa0 (0xfb843783) ld      a5, -72(s0)
core   0: 3 0x000000008000ffa0 (0xfb843783) x15 0x000000000000009c mem 0x0000000080031f28
core   0: 0x000000008000ffa4 (0x000097ba) c.add   a5, a4
core   0: 3 0x000000008000ffa4 (0x97ba) x15 0x00000000800120dc
core   0: 0x000000008000ffa6 (0xfe043703) ld      a4, -32(s0)
core   0: 3 0x000000008000ffa6 (0xfe043703) x14 0x0000000080012083 mem 0x0000000080031f50
core   0: 0x000000008000ffaa (0xfcf76de3) bltu    a4, a5, pc - 38
core   0: 3 0x000000008000ffaa (0xfcf76de3)
core   0: 0x000000008000ff84 (0xfe043783) ld      a5, -32(s0)
core   0: 3 0x000000008000ff84 (0xfe043783) x15 0x0000000080012083 mem 0x0000000080031f50
core   0: 0x000000008000ff88 (0x00178713) addi    a4, a5, 1
core   0: 3 0x000000008000ff88 (0x00178713) x14 0x0000000080012084
core   0: 0x000000008000ff8c (0xfee43023) sd      a4, -32(s0)
core   0: 3 0x000000008000ff8c (0xfee43023) mem 0x0000000080031f50 0x0000000080012084
core   0: 0x000000008000ff90 (0xfc442703) lw      a4, -60(s0)
core   0: 3 0x000000008000ff90 (0xfc442703) x14 0x0000000000000000 mem 0x0000000080031f34
core   0: 0x000000008000ff94 (0x0ff77713) andi    a4, a4, 255
core   0: 3 0x000000008000ff94 (0x0ff77713) x14 0x0000000000000000
core   0: 0x000000008000ff98 (0x00e78023) sb      a4, 0(a5)
core   0: 3 0x000000008000ff98 (0x00e78023) mem 0x0000000080012083 0x00
core   0: 0x000000008000ff9c (0xfc843703) ld      a4, -56(s0)
core   0: 3 0x000000008000ff9c (0xfc843703) x14 0x0000000080012040 mem 0x0000000080031f38
core   0: 0x000000008000ffa0 (0xfb843783) ld      a5, -72(s0)
core   0: 3 0x000000008000ffa0 (0xfb843783) x15 0x000000000000009c mem 0x0000000080031f28
core   0: 0x000000008000ffa4 (0x000097ba) c.add   a5, a4
core   0: 3 0x000000008000ffa4 (0x97ba) x15 0x00000000800120dc
core   0: 0x000000008000ffa6 (0xfe043703) ld      a4, -32(s0)
core   0: 3 0x000000008000ffa6 (0xfe043703) x14 0x0000000080012084 mem 0x0000000080031f50
core   0: 0x000000008000ffaa (0xfcf76de3) bltu    a4, a5, pc - 38
core   0: 3 0x000000008000ffaa (0xfcf76de3)
core   0: 0x000000008000ff84 (0xfe043783) ld      a5, -32(s0)
core   0: 3 0x000000008000ff84 (0xfe043783) x15 0x0000000080012084 mem 0x0000000080031f50
core   0: 0x000000008000ff88 (0x00178713) addi    a4, a5, 1
core   0: 3 0x000000008000ff88 (0x00178713) x14 0x0000000080012085
core   0: 0x000000008000ff8c (0xfee43023) sd      a4, -32(s0)
core   0: 3 0x000000008000ff8c (0xfee43023) mem 0x0000000080031f50 0x0000000080012085
core   0: 0x000000008000ff90 (0xfc442703) lw      a4, -60(s0)
core   0: 3 0x000000008000ff90 (0xfc442703) x14 0x0000000000000000 mem 0x0000000080031f34
core   0: 0x000000008000ff94 (0x0ff77713) andi    a4, a4, 255
core   0: 3 0x000000008000ff94 (0x0ff77713) x14 0x0000000000000000
core   0: 0x000000008000ff98 (0x00e78023) sb      a4, 0(a5)
core   0: 3 0x000000008000ff98 (0x00e78023) mem 0x0000000080012084 0x00
core   0: 0x000000008000ff9c (0xfc843703) ld      a4, -56(s0)
core   0: 3 0x000000008000ff9c (0xfc843703) x14 0x0000000080012040 mem 0x0000000080031f38
core   0: 0x000000008000ffa0 (0xfb843783) ld      a5, -72(s0)
core   0: 3 0x000000008000ffa0 (0xfb843783) x15 0x000000000000009c mem 0x0000000080031f28
core   0: 0x000000008000ffa4 (0x000097ba) c.add   a5, a4
core   0: 3 0x000000008000ffa4 (0x97ba) x15 0x00000000800120dc
core   0: 0x000000008000ffa6 (0xfe043703) ld      a4, -32(s0)
core   0: 3 0x000000008000ffa6 (0xfe043703) x14 0x0000000080012085 mem 0x0000000080031f50
core   0: 0x000000008000ffaa (0xfcf76de3) bltu    a4, a5, pc - 38
core   0: 3 0x000000008000ffaa (0xfcf76de3)
core   0: 0x000000008000ff84 (0xfe043783) ld      a5, -32(s0)
core   0: 3 0x000000008000ff84 (0xfe043783) x15 0x0000000080012085 mem 0x0000000080031f50
core   0: 0x000000008000ff88 (0x00178713) addi    a4, a5, 1
core   0: 3 0x000000008000ff88 (0x00178713) x14 0x0000000080012086
core   0: 0x000000008000ff8c (0xfee43023) sd      a4, -32(s0)
core   0: 3 0x000000008000ff8c (0xfee43023) mem 0x0000000080031f50 0x0000000080012086
core   0: 0x000000008000ff90 (0xfc442703) lw      a4, -60(s0)
core   0: 3 0x000000008000ff90 (0xfc442703) x14 0x0000000000000000 mem 0x0000000080031f34
core   0: 0x000000008000ff94 (0x0ff77713) andi    a4, a4, 255
core   0: 3 0x000000008000ff94 (0x0ff77713) x14 0x0000000000000000
core   0: 0x000000008000ff98 (0x00e78023) sb      a4, 0(a5)
core   0: 3 0x000000008000ff98 (0x00e78023) mem 0x0000000080012085 0x00
core   0: 0x000000008000ff9c (0xfc843703) ld      a4, -56(s0)
core   0: 3 0x000000008000ff9c (0xfc843703) x14 0x0000000080012040 mem 0x0000000080031f38
core   0: 0x000000008000ffa0 (0xfb843783) ld      a5, -72(s0)
core   0: 3 0x000000008000ffa0 (0xfb843783) x15 0x000000000000009c mem 0x0000000080031f28
core   0: 0x000000008000ffa4 (0x000097ba) c.add   a5, a4
core   0: 3 0x000000008000ffa4 (0x97ba) x15 0x00000000800120dc
core   0: 0x000000008000ffa6 (0xfe043703) ld      a4, -32(s0)
core   0: 3 0x000000008000ffa6 (0xfe043703) x14 0x0000000080012086 mem 0x0000000080031f50
core   0: 0x000000008000ffaa (0xfcf76de3) bltu    a4, a5, pc - 38
core   0: 3 0x000000008000ffaa (0xfcf76de3)
core   0: 0x000000008000ff84 (0xfe043783) ld      a5, -32(s0)
core   0: 3 0x000000008000ff84 (0xfe043783) x15 0x0000000080012086 mem 0x0000000080031f50
core   0: 0x000000008000ff88 (0x00178713) addi    a4, a5, 1
core   0: 3 0x000000008000ff88 (0x00178713) x14 0x0000000080012087
core   0: 0x000000008000ff8c (0xfee43023) sd      a4, -32(s0)
core   0: 3 0x000000008000ff8c (0xfee43023) mem 0x0000000080031f50 0x0000000080012087
core   0: 0x000000008000ff90 (0xfc442703) lw      a4, -60(s0)
core   0: 3 0x000000008000ff90 (0xfc442703) x14 0x0000000000000000 mem 0x0000000080031f34
core   0: 0x000000008000ff94 (0x0ff77713) andi    a4, a4, 255
core   0: 3 0x000000008000ff94 (0x0ff77713) x14 0x0000000000000000
core   0: 0x000000008000ff98 (0x00e78023) sb      a4, 0(a5)
core   0: 3 0x000000008000ff98 (0x00e78023) mem 0x0000000080012086 0x00
core   0: 0x000000008000ff9c (0xfc843703) ld      a4, -56(s0)
core   0: 3 0x000000008000ff9c (0xfc843703) x14 0x0000000080012040 mem 0x0000000080031f38
core   0: 0x000000008000ffa0 (0xfb843783) ld      a5, -72(s0)
core   0: 3 0x000000008000ffa0 (0xfb843783) x15 0x000000000000009c mem 0x0000000080031f28
core   0: 0x000000008000ffa4 (0x000097ba) c.add   a5, a4
core   0: 3 0x000000008000ffa4 (0x97ba) x15 0x00000000800120dc
core   0: 0x000000008000ffa6 (0xfe043703) ld      a4, -32(s0)
core   0: 3 0x000000008000ffa6 (0xfe043703) x14 0x0000000080012087 mem 0x0000000080031f50
core   0: 0x000000008000ffaa (0xfcf76de3) bltu    a4, a5, pc - 38
core   0: 3 0x000000008000ffaa (0xfcf76de3)
core   0: 0x000000008000ff84 (0xfe043783) ld      a5, -32(s0)
core   0: 3 0x000000008000ff84 (0xfe043783) x15 0x0000000080012087 mem 0x0000000080031f50
core   0: 0x000000008000ff88 (0x00178713) addi    a4, a5, 1
core   0: 3 0x000000008000ff88 (0x00178713) x14 0x0000000080012088
core   0: 0x000000008000ff8c (0xfee43023) sd      a4, -32(s0)
core   0: 3 0x000000008000ff8c (0xfee43023) mem 0x0000000080031f50 0x0000000080012088
core   0: 0x000000008000ff90 (0xfc442703) lw      a4, -60(s0)
core   0: 3 0x000000008000ff90 (0xfc442703) x14 0x0000000000000000 mem 0x0000000080031f34
core   0: 0x000000008000ff94 (0x0ff77713) andi    a4, a4, 255
core   0: 3 0x000000008000ff94 (0x0ff77713) x14 0x0000000000000000
core   0: 0x000000008000ff98 (0x00e78023) sb      a4, 0(a5)
core   0: 3 0x000000008000ff98 (0x00e78023) mem 0x0000000080012087 0x00
core   0: 0x000000008000ff9c (0xfc843703) ld      a4, -56(s0)
core   0: 3 0x000000008000ff9c (0xfc843703) x14 0x0000000080012040 mem 0x0000000080031f38
core   0: 0x000000008000ffa0 (0xfb843783) ld      a5, -72(s0)
core   0: 3 0x000000008000ffa0 (0xfb843783) x15 0x000000000000009c mem 0x0000000080031f28
core   0: 0x000000008000ffa4 (0x000097ba) c.add   a5, a4
core   0: 3 0x000000008000ffa4 (0x97ba) x15 0x00000000800120dc
core   0: 0x000000008000ffa6 (0xfe043703) ld      a4, -32(s0)
core   0: 3 0x000000008000ffa6 (0xfe043703) x14 0x0000000080012088 mem 0x0000000080031f50
core   0: 0x000000008000ffaa (0xfcf76de3) bltu    a4, a5, pc - 38
core   0: 3 0x000000008000ffaa (0xfcf76de3)
core   0: 0x000000008000ff84 (0xfe043783) ld      a5, -32(s0)
core   0: 3 0x000000008000ff84 (0xfe043783) x15 0x0000000080012088 mem 0x0000000080031f50
core   0: 0x000000008000ff88 (0x00178713) addi    a4, a5, 1
core   0: 3 0x000000008000ff88 (0x00178713) x14 0x0000000080012089
core   0: 0x000000008000ff8c (0xfee43023) sd      a4, -32(s0)
core   0: 3 0x000000008000ff8c (0xfee43023) mem 0x0000000080031f50 0x0000000080012089
core   0: 0x000000008000ff90 (0xfc442703) lw      a4, -60(s0)
core   0: 3 0x000000008000ff90 (0xfc442703) x14 0x0000000000000000 mem 0x0000000080031f34
core   0: 0x000000008000ff94 (0x0ff77713) andi    a4, a4, 255
core   0: 3 0x000000008000ff94 (0x0ff77713) x14 0x0000000000000000
core   0: 0x000000008000ff98 (0x00e78023) sb      a4, 0(a5)
core   0: 3 0x000000008000ff98 (0x00e78023) mem 0x0000000080012088 0x00
core   0: 0x000000008000ff9c (0xfc843703) ld      a4, -56(s0)
core   0: 3 0x000000008000ff9c (0xfc843703) x14 0x0000000080012040 mem 0x0000000080031f38
core   0: 0x000000008000ffa0 (0xfb843783) ld      a5, -72(s0)
core   0: 3 0x000000008000ffa0 (0xfb843783) x15 0x000000000000009c mem 0x0000000080031f28
core   0: 0x000000008000ffa4 (0x000097ba) c.add   a5, a4
core   0: 3 0x000000008000ffa4 (0x97ba) x15 0x00000000800120dc
core   0: 0x000000008000ffa6 (0xfe043703) ld      a4, -32(s0)
core   0: 3 0x000000008000ffa6 (0xfe043703) x14 0x0000000080012089 mem 0x0000000080031f50
core   0: 0x000000008000ffaa (0xfcf76de3) bltu    a4, a5, pc - 38
core   0: 3 0x000000008000ffaa (0xfcf76de3)
core   0: 0x000000008000ff84 (0xfe043783) ld      a5, -32(s0)
core   0: 3 0x000000008000ff84 (0xfe043783) x15 0x0000000080012089 mem 0x0000000080031f50
core   0: 0x000000008000ff88 (0x00178713) addi    a4, a5, 1
core   0: 3 0x000000008000ff88 (0x00178713) x14 0x000000008001208a
core   0: 0x000000008000ff8c (0xfee43023) sd      a4, -32(s0)
core   0: 3 0x000000008000ff8c (0xfee43023) mem 0x0000000080031f50 0x000000008001208a
core   0: 0x000000008000ff90 (0xfc442703) lw      a4, -60(s0)
core   0: 3 0x000000008000ff90 (0xfc442703) x14 0x0000000000000000 mem 0x0000000080031f34
core   0: 0x000000008000ff94 (0x0ff77713) andi    a4, a4, 255
core   0: 3 0x000000008000ff94 (0x0ff77713) x14 0x0000000000000000
core   0: 0x000000008000ff98 (0x00e78023) sb      a4, 0(a5)
core   0: 3 0x000000008000ff98 (0x00e78023) mem 0x0000000080012089 0x00
core   0: 0x000000008000ff9c (0xfc843703) ld      a4, -56(s0)
core   0: 3 0x000000008000ff9c (0xfc843703) x14 0x0000000080012040 mem 0x0000000080031f38
core   0: 0x000000008000ffa0 (0xfb843783) ld      a5, -72(s0)
core   0: 3 0x000000008000ffa0 (0xfb843783) x15 0x000000000000009c mem 0x0000000080031f28
core   0: 0x000000008000ffa4 (0x000097ba) c.add   a5, a4
core   0: 3 0x000000008000ffa4 (0x97ba) x15 0x00000000800120dc
core   0: 0x000000008000ffa6 (0xfe043703) ld      a4, -32(s0)
core   0: 3 0x000000008000ffa6 (0xfe043703) x14 0x000000008001208a mem 0x0000000080031f50
core   0: 0x000000008000ffaa (0xfcf76de3) bltu    a4, a5, pc - 38
core   0: 3 0x000000008000ffaa (0xfcf76de3)
core   0: 0x000000008000ff84 (0xfe043783) ld      a5, -32(s0)
core   0: 3 0x000000008000ff84 (0xfe043783) x15 0x000000008001208a mem 0x0000000080031f50
core   0: 0x000000008000ff88 (0x00178713) addi    a4, a5, 1
core   0: 3 0x000000008000ff88 (0x00178713) x14 0x000000008001208b
core   0: 0x000000008000ff8c (0xfee43023) sd      a4, -32(s0)
core   0: 3 0x000000008000ff8c (0xfee43023) mem 0x0000000080031f50 0x000000008001208b
core   0: 0x000000008000ff90 (0xfc442703) lw      a4, -60(s0)
core   0: 3 0x000000008000ff90 (0xfc442703) x14 0x0000000000000000 mem 0x0000000080031f34
core   0: 0x000000008000ff94 (0x0ff77713) andi    a4, a4, 255
core   0: 3 0x000000008000ff94 (0x0ff77713) x14 0x0000000000000000
core   0: 0x000000008000ff98 (0x00e78023) sb      a4, 0(a5)
core   0: 3 0x000000008000ff98 (0x00e78023) mem 0x000000008001208a 0x00
core   0: 0x000000008000ff9c (0xfc843703) ld      a4, -56(s0)
core   0: 3 0x000000008000ff9c (0xfc843703) x14 0x0000000080012040 mem 0x0000000080031f38
core   0: 0x000000008000ffa0 (0xfb843783) ld      a5, -72(s0)
core   0: 3 0x000000008000ffa0 (0xfb843783) x15 0x000000000000009c mem 0x0000000080031f28
core   0: 0x000000008000ffa4 (0x000097ba) c.add   a5, a4
core   0: 3 0x000000008000ffa4 (0x97ba) x15 0x00000000800120dc
core   0: 0x000000008000ffa6 (0xfe043703) ld      a4, -32(s0)
core   0: 3 0x000000008000ffa6 (0xfe043703) x14 0x000000008001208b mem 0x0000000080031f50
core   0: 0x000000008000ffaa (0xfcf76de3) bltu    a4, a5, pc - 38
core   0: 3 0x000000008000ffaa (0xfcf76de3)
core   0: 0x000000008000ff84 (0xfe043783) ld      a5, -32(s0)
core   0: 3 0x000000008000ff84 (0xfe043783) x15 0x000000008001208b mem 0x0000000080031f50
core   0: 0x000000008000ff88 (0x00178713) addi    a4, a5, 1
core   0: 3 0x000000008000ff88 (0x00178713) x14 0x000000008001208c
core   0: 0x000000008000ff8c (0xfee43023) sd      a4, -32(s0)
core   0: 3 0x000000008000ff8c (0xfee43023) mem 0x0000000080031f50 0x000000008001208c
core   0: 0x000000008000ff90 (0xfc442703) lw      a4, -60(s0)
core   0: 3 0x000000008000ff90 (0xfc442703) x14 0x0000000000000000 mem 0x0000000080031f34
core   0: 0x000000008000ff94 (0x0ff77713) andi    a4, a4, 255
core   0: 3 0x000000008000ff94 (0x0ff77713) x14 0x0000000000000000
core   0: 0x000000008000ff98 (0x00e78023) sb      a4, 0(a5)
core   0: 3 0x000000008000ff98 (0x00e78023) mem 0x000000008001208b 0x00
core   0: 0x000000008000ff9c (0xfc843703) ld      a4, -56(s0)
core   0: 3 0x000000008000ff9c (0xfc843703) x14 0x0000000080012040 mem 0x0000000080031f38
core   0: 0x000000008000ffa0 (0xfb843783) ld      a5, -72(s0)
core   0: 3 0x000000008000ffa0 (0xfb843783) x15 0x000000000000009c mem 0x0000000080031f28
core   0: 0x000000008000ffa4 (0x000097ba) c.add   a5, a4
core   0: 3 0x000000008000ffa4 (0x97ba) x15 0x00000000800120dc
core   0: 0x000000008000ffa6 (0xfe043703) ld      a4, -32(s0)
core   0: 3 0x000000008000ffa6 (0xfe043703) x14 0x000000008001208c mem 0x0000000080031f50
core   0: 0x000000008000ffaa (0xfcf76de3) bltu    a4, a5, pc - 38
core   0: 3 0x000000008000ffaa (0xfcf76de3)
core   0: 0x000000008000ff84 (0xfe043783) ld      a5, -32(s0)
core   0: 3 0x000000008000ff84 (0xfe043783) x15 0x000000008001208c mem 0x0000000080031f50
core   0: 0x000000008000ff88 (0x00178713) addi    a4, a5, 1
core   0: 3 0x000000008000ff88 (0x00178713) x14 0x000000008001208d
core   0: 0x000000008000ff8c (0xfee43023) sd      a4, -32(s0)
core   0: 3 0x000000008000ff8c (0xfee43023) mem 0x0000000080031f50 0x000000008001208d
core   0: 0x000000008000ff90 (0xfc442703) lw      a4, -60(s0)
core   0: 3 0x000000008000ff90 (0xfc442703) x14 0x0000000000000000 mem 0x0000000080031f34
core   0: 0x000000008000ff94 (0x0ff77713) andi    a4, a4, 255
core   0: 3 0x000000008000ff94 (0x0ff77713) x14 0x0000000000000000
core   0: 0x000000008000ff98 (0x00e78023) sb      a4, 0(a5)
core   0: 3 0x000000008000ff98 (0x00e78023) mem 0x000000008001208c 0x00
core   0: 0x000000008000ff9c (0xfc843703) ld      a4, -56(s0)
core   0: 3 0x000000008000ff9c (0xfc843703) x14 0x0000000080012040 mem 0x0000000080031f38
core   0: 0x000000008000ffa0 (0xfb843783) ld      a5, -72(s0)
core   0: 3 0x000000008000ffa0 (0xfb843783) x15 0x000000000000009c mem 0x0000000080031f28
core   0: 0x000000008000ffa4 (0x000097ba) c.add   a5, a4
core   0: 3 0x000000008000ffa4 (0x97ba) x15 0x00000000800120dc
core   0: 0x000000008000ffa6 (0xfe043703) ld      a4, -32(s0)
core   0: 3 0x000000008000ffa6 (0xfe043703) x14 0x000000008001208d mem 0x0000000080031f50
core   0: 0x000000008000ffaa (0xfcf76de3) bltu    a4, a5, pc - 38
core   0: 3 0x000000008000ffaa (0xfcf76de3)
core   0: 0x000000008000ff84 (0xfe043783) ld      a5, -32(s0)
core   0: 3 0x000000008000ff84 (0xfe043783) x15 0x000000008001208d mem 0x0000000080031f50
core   0: 0x000000008000ff88 (0x00178713) addi    a4, a5, 1
core   0: 3 0x000000008000ff88 (0x00178713) x14 0x000000008001208e
core   0: 0x000000008000ff8c (0xfee43023) sd      a4, -32(s0)
core   0: 3 0x000000008000ff8c (0xfee43023) mem 0x0000000080031f50 0x000000008001208e
core   0: 0x000000008000ff90 (0xfc442703) lw      a4, -60(s0)
core   0: 3 0x000000008000ff90 (0xfc442703) x14 0x0000000000000000 mem 0x0000000080031f34
core   0: 0x000000008000ff94 (0x0ff77713) andi    a4, a4, 255
core   0: 3 0x000000008000ff94 (0x0ff77713) x14 0x0000000000000000
core   0: 0x000000008000ff98 (0x00e78023) sb      a4, 0(a5)
core   0: 3 0x000000008000ff98 (0x00e78023) mem 0x000000008001208d 0x00
core   0: 0x000000008000ff9c (0xfc843703) ld      a4, -56(s0)
core   0: 3 0x000000008000ff9c (0xfc843703) x14 0x0000000080012040 mem 0x0000000080031f38
core   0: 0x000000008000ffa0 (0xfb843783) ld      a5, -72(s0)
core   0: 3 0x000000008000ffa0 (0xfb843783) x15 0x000000000000009c mem 0x0000000080031f28
core   0: 0x000000008000ffa4 (0x000097ba) c.add   a5, a4
core   0: 3 0x000000008000ffa4 (0x97ba) x15 0x00000000800120dc
core   0: 0x000000008000ffa6 (0xfe043703) ld      a4, -32(s0)
core   0: 3 0x000000008000ffa6 (0xfe043703) x14 0x000000008001208e mem 0x0000000080031f50
core   0: 0x000000008000ffaa (0xfcf76de3) bltu    a4, a5, pc - 38
core   0: 3 0x000000008000ffaa (0xfcf76de3)
core   0: 0x000000008000ff84 (0xfe043783) ld      a5, -32(s0)
core   0: 3 0x000000008000ff84 (0xfe043783) x15 0x000000008001208e mem 0x0000000080031f50
core   0: 0x000000008000ff88 (0x00178713) addi    a4, a5, 1
core   0: 3 0x000000008000ff88 (0x00178713) x14 0x000000008001208f
core   0: 0x000000008000ff8c (0xfee43023) sd      a4, -32(s0)
core   0: 3 0x000000008000ff8c (0xfee43023) mem 0x0000000080031f50 0x000000008001208f
core   0: 0x000000008000ff90 (0xfc442703) lw      a4, -60(s0)
core   0: 3 0x000000008000ff90 (0xfc442703) x14 0x0000000000000000 mem 0x0000000080031f34
core   0: 0x000000008000ff94 (0x0ff77713) andi    a4, a4, 255
core   0: 3 0x000000008000ff94 (0x0ff77713) x14 0x0000000000000000
core   0: 0x000000008000ff98 (0x00e78023) sb      a4, 0(a5)
core   0: 3 0x000000008000ff98 (0x00e78023) mem 0x000000008001208e 0x00
core   0: 0x000000008000ff9c (0xfc843703) ld      a4, -56(s0)
core   0: 3 0x000000008000ff9c (0xfc843703) x14 0x0000000080012040 mem 0x0000000080031f38
core   0: 0x000000008000ffa0 (0xfb843783) ld      a5, -72(s0)
core   0: 3 0x000000008000ffa0 (0xfb843783) x15 0x000000000000009c mem 0x0000000080031f28
core   0: 0x000000008000ffa4 (0x000097ba) c.add   a5, a4
core   0: 3 0x000000008000ffa4 (0x97ba) x15 0x00000000800120dc
core   0: 0x000000008000ffa6 (0xfe043703) ld      a4, -32(s0)
core   0: 3 0x000000008000ffa6 (0xfe043703) x14 0x000000008001208f mem 0x0000000080031f50
core   0: 0x000000008000ffaa (0xfcf76de3) bltu    a4, a5, pc - 38
core   0: 3 0x000000008000ffaa (0xfcf76de3)
core   0: 0x000000008000ff84 (0xfe043783) ld      a5, -32(s0)
core   0: 3 0x000000008000ff84 (0xfe043783) x15 0x000000008001208f mem 0x0000000080031f50
core   0: 0x000000008000ff88 (0x00178713) addi    a4, a5, 1
core   0: 3 0x000000008000ff88 (0x00178713) x14 0x0000000080012090
core   0: 0x000000008000ff8c (0xfee43023) sd      a4, -32(s0)
core   0: 3 0x000000008000ff8c (0xfee43023) mem 0x0000000080031f50 0x0000000080012090
core   0: 0x000000008000ff90 (0xfc442703) lw      a4, -60(s0)
core   0: 3 0x000000008000ff90 (0xfc442703) x14 0x0000000000000000 mem 0x0000000080031f34
core   0: 0x000000008000ff94 (0x0ff77713) andi    a4, a4, 255
core   0: 3 0x000000008000ff94 (0x0ff77713) x14 0x0000000000000000
core   0: 0x000000008000ff98 (0x00e78023) sb      a4, 0(a5)
core   0: 3 0x000000008000ff98 (0x00e78023) mem 0x000000008001208f 0x00
core   0: 0x000000008000ff9c (0xfc843703) ld      a4, -56(s0)
core   0: 3 0x000000008000ff9c (0xfc843703) x14 0x0000000080012040 mem 0x0000000080031f38
core   0: 0x000000008000ffa0 (0xfb843783) ld      a5, -72(s0)
core   0: 3 0x000000008000ffa0 (0xfb843783) x15 0x000000000000009c mem 0x0000000080031f28
core   0: 0x000000008000ffa4 (0x000097ba) c.add   a5, a4
core   0: 3 0x000000008000ffa4 (0x97ba) x15 0x00000000800120dc
core   0: 0x000000008000ffa6 (0xfe043703) ld      a4, -32(s0)
core   0: 3 0x000000008000ffa6 (0xfe043703) x14 0x0000000080012090 mem 0x0000000080031f50
core   0: 0x000000008000ffaa (0xfcf76de3) bltu    a4, a5, pc - 38
core   0: 3 0x000000008000ffaa (0xfcf76de3)
core   0: 0x000000008000ff84 (0xfe043783) ld      a5, -32(s0)
core   0: 3 0x000000008000ff84 (0xfe043783) x15 0x0000000080012090 mem 0x0000000080031f50
core   0: 0x000000008000ff88 (0x00178713) addi    a4, a5, 1
core   0: 3 0x000000008000ff88 (0x00178713) x14 0x0000000080012091
core   0: 0x000000008000ff8c (0xfee43023) sd      a4, -32(s0)
core   0: 3 0x000000008000ff8c (0xfee43023) mem 0x0000000080031f50 0x0000000080012091
core   0: 0x000000008000ff90 (0xfc442703) lw      a4, -60(s0)
core   0: 3 0x000000008000ff90 (0xfc442703) x14 0x0000000000000000 mem 0x0000000080031f34
core   0: 0x000000008000ff94 (0x0ff77713) andi    a4, a4, 255
core   0: 3 0x000000008000ff94 (0x0ff77713) x14 0x0000000000000000
core   0: 0x000000008000ff98 (0x00e78023) sb      a4, 0(a5)
core   0: 3 0x000000008000ff98 (0x00e78023) mem 0x0000000080012090 0x00
core   0: 0x000000008000ff9c (0xfc843703) ld      a4, -56(s0)
core   0: 3 0x000000008000ff9c (0xfc843703) x14 0x0000000080012040 mem 0x0000000080031f38
core   0: 0x000000008000ffa0 (0xfb843783) ld      a5, -72(s0)
core   0: 3 0x000000008000ffa0 (0xfb843783) x15 0x000000000000009c mem 0x0000000080031f28
core   0: 0x000000008000ffa4 (0x000097ba) c.add   a5, a4
core   0: 3 0x000000008000ffa4 (0x97ba) x15 0x00000000800120dc
core   0: 0x000000008000ffa6 (0xfe043703) ld      a4, -32(s0)
core   0: 3 0x000000008000ffa6 (0xfe043703) x14 0x0000000080012091 mem 0x0000000080031f50
core   0: 0x000000008000ffaa (0xfcf76de3) bltu    a4, a5, pc - 38
core   0: 3 0x000000008000ffaa (0xfcf76de3)
core   0: 0x000000008000ff84 (0xfe043783) ld      a5, -32(s0)
core   0: 3 0x000000008000ff84 (0xfe043783) x15 0x0000000080012091 mem 0x0000000080031f50
core   0: 0x000000008000ff88 (0x00178713) addi    a4, a5, 1
core   0: 3 0x000000008000ff88 (0x00178713) x14 0x0000000080012092
core   0: 0x000000008000ff8c (0xfee43023) sd      a4, -32(s0)
core   0: 3 0x000000008000ff8c (0xfee43023) mem 0x0000000080031f50 0x0000000080012092
core   0: 0x000000008000ff90 (0xfc442703) lw      a4, -60(s0)
core   0: 3 0x000000008000ff90 (0xfc442703) x14 0x0000000000000000 mem 0x0000000080031f34
core   0: 0x000000008000ff94 (0x0ff77713) andi    a4, a4, 255
core   0: 3 0x000000008000ff94 (0x0ff77713) x14 0x0000000000000000
core   0: 0x000000008000ff98 (0x00e78023) sb      a4, 0(a5)
core   0: 3 0x000000008000ff98 (0x00e78023) mem 0x0000000080012091 0x00
core   0: 0x000000008000ff9c (0xfc843703) ld      a4, -56(s0)
core   0: 3 0x000000008000ff9c (0xfc843703) x14 0x0000000080012040 mem 0x0000000080031f38
core   0: 0x000000008000ffa0 (0xfb843783) ld      a5, -72(s0)
core   0: 3 0x000000008000ffa0 (0xfb843783) x15 0x000000000000009c mem 0x0000000080031f28
core   0: 0x000000008000ffa4 (0x000097ba) c.add   a5, a4
core   0: 3 0x000000008000ffa4 (0x97ba) x15 0x00000000800120dc
core   0: 0x000000008000ffa6 (0xfe043703) ld      a4, -32(s0)
core   0: 3 0x000000008000ffa6 (0xfe043703) x14 0x0000000080012092 mem 0x0000000080031f50
core   0: 0x000000008000ffaa (0xfcf76de3) bltu    a4, a5, pc - 38
core   0: 3 0x000000008000ffaa (0xfcf76de3)
core   0: 0x000000008000ff84 (0xfe043783) ld      a5, -32(s0)
core   0: 3 0x000000008000ff84 (0xfe043783) x15 0x0000000080012092 mem 0x0000000080031f50
core   0: 0x000000008000ff88 (0x00178713) addi    a4, a5, 1
core   0: 3 0x000000008000ff88 (0x00178713) x14 0x0000000080012093
core   0: 0x000000008000ff8c (0xfee43023) sd      a4, -32(s0)
core   0: 3 0x000000008000ff8c (0xfee43023) mem 0x0000000080031f50 0x0000000080012093
core   0: 0x000000008000ff90 (0xfc442703) lw      a4, -60(s0)
core   0: 3 0x000000008000ff90 (0xfc442703) x14 0x0000000000000000 mem 0x0000000080031f34
core   0: 0x000000008000ff94 (0x0ff77713) andi    a4, a4, 255
core   0: 3 0x000000008000ff94 (0x0ff77713) x14 0x0000000000000000
core   0: 0x000000008000ff98 (0x00e78023) sb      a4, 0(a5)
core   0: 3 0x000000008000ff98 (0x00e78023) mem 0x0000000080012092 0x00
core   0: 0x000000008000ff9c (0xfc843703) ld      a4, -56(s0)
core   0: 3 0x000000008000ff9c (0xfc843703) x14 0x0000000080012040 mem 0x0000000080031f38
core   0: 0x000000008000ffa0 (0xfb843783) ld      a5, -72(s0)
core   0: 3 0x000000008000ffa0 (0xfb843783) x15 0x000000000000009c mem 0x0000000080031f28
core   0: 0x000000008000ffa4 (0x000097ba) c.add   a5, a4
core   0: 3 0x000000008000ffa4 (0x97ba) x15 0x00000000800120dc
core   0: 0x000000008000ffa6 (0xfe043703) ld      a4, -32(s0)
core   0: 3 0x000000008000ffa6 (0xfe043703) x14 0x0000000080012093 mem 0x0000000080031f50
core   0: 0x000000008000ffaa (0xfcf76de3) bltu    a4, a5, pc - 38
core   0: 3 0x000000008000ffaa (0xfcf76de3)
core   0: 0x000000008000ff84 (0xfe043783) ld      a5, -32(s0)
core   0: 3 0x000000008000ff84 (0xfe043783) x15 0x0000000080012093 mem 0x0000000080031f50
core   0: 0x000000008000ff88 (0x00178713) addi    a4, a5, 1
core   0: 3 0x000000008000ff88 (0x00178713) x14 0x0000000080012094
core   0: 0x000000008000ff8c (0xfee43023) sd      a4, -32(s0)
core   0: 3 0x000000008000ff8c (0xfee43023) mem 0x0000000080031f50 0x0000000080012094
core   0: 0x000000008000ff90 (0xfc442703) lw      a4, -60(s0)
core   0: 3 0x000000008000ff90 (0xfc442703) x14 0x0000000000000000 mem 0x0000000080031f34
core   0: 0x000000008000ff94 (0x0ff77713) andi    a4, a4, 255
core   0: 3 0x000000008000ff94 (0x0ff77713) x14 0x0000000000000000
core   0: 0x000000008000ff98 (0x00e78023) sb      a4, 0(a5)
core   0: 3 0x000000008000ff98 (0x00e78023) mem 0x0000000080012093 0x00
core   0: 0x000000008000ff9c (0xfc843703) ld      a4, -56(s0)
core   0: 3 0x000000008000ff9c (0xfc843703) x14 0x0000000080012040 mem 0x0000000080031f38
core   0: 0x000000008000ffa0 (0xfb843783) ld      a5, -72(s0)
core   0: 3 0x000000008000ffa0 (0xfb843783) x15 0x000000000000009c mem 0x0000000080031f28
core   0: 0x000000008000ffa4 (0x000097ba) c.add   a5, a4
core   0: 3 0x000000008000ffa4 (0x97ba) x15 0x00000000800120dc
core   0: 0x000000008000ffa6 (0xfe043703) ld      a4, -32(s0)
core   0: 3 0x000000008000ffa6 (0xfe043703) x14 0x0000000080012094 mem 0x0000000080031f50
core   0: 0x000000008000ffaa (0xfcf76de3) bltu    a4, a5, pc - 38
core   0: 3 0x000000008000ffaa (0xfcf76de3)
core   0: 0x000000008000ff84 (0xfe043783) ld      a5, -32(s0)
core   0: 3 0x000000008000ff84 (0xfe043783) x15 0x0000000080012094 mem 0x0000000080031f50
core   0: 0x000000008000ff88 (0x00178713) addi    a4, a5, 1
core   0: 3 0x000000008000ff88 (0x00178713) x14 0x0000000080012095
core   0: 0x000000008000ff8c (0xfee43023) sd      a4, -32(s0)
core   0: 3 0x000000008000ff8c (0xfee43023) mem 0x0000000080031f50 0x0000000080012095
core   0: 0x000000008000ff90 (0xfc442703) lw      a4, -60(s0)
core   0: 3 0x000000008000ff90 (0xfc442703) x14 0x0000000000000000 mem 0x0000000080031f34
core   0: 0x000000008000ff94 (0x0ff77713) andi    a4, a4, 255
core   0: 3 0x000000008000ff94 (0x0ff77713) x14 0x0000000000000000
core   0: 0x000000008000ff98 (0x00e78023) sb      a4, 0(a5)
core   0: 3 0x000000008000ff98 (0x00e78023) mem 0x0000000080012094 0x00
core   0: 0x000000008000ff9c (0xfc843703) ld      a4, -56(s0)
core   0: 3 0x000000008000ff9c (0xfc843703) x14 0x0000000080012040 mem 0x0000000080031f38
core   0: 0x000000008000ffa0 (0xfb843783) ld      a5, -72(s0)
core   0: 3 0x000000008000ffa0 (0xfb843783) x15 0x000000000000009c mem 0x0000000080031f28
core   0: 0x000000008000ffa4 (0x000097ba) c.add   a5, a4
core   0: 3 0x000000008000ffa4 (0x97ba) x15 0x00000000800120dc
core   0: 0x000000008000ffa6 (0xfe043703) ld      a4, -32(s0)
core   0: 3 0x000000008000ffa6 (0xfe043703) x14 0x0000000080012095 mem 0x0000000080031f50
core   0: 0x000000008000ffaa (0xfcf76de3) bltu    a4, a5, pc - 38
core   0: 3 0x000000008000ffaa (0xfcf76de3)
core   0: 0x000000008000ff84 (0xfe043783) ld      a5, -32(s0)
core   0: 3 0x000000008000ff84 (0xfe043783) x15 0x0000000080012095 mem 0x0000000080031f50
core   0: 0x000000008000ff88 (0x00178713) addi    a4, a5, 1
core   0: 3 0x000000008000ff88 (0x00178713) x14 0x0000000080012096
core   0: 0x000000008000ff8c (0xfee43023) sd      a4, -32(s0)
core   0: 3 0x000000008000ff8c (0xfee43023) mem 0x0000000080031f50 0x0000000080012096
core   0: 0x000000008000ff90 (0xfc442703) lw      a4, -60(s0)
core   0: 3 0x000000008000ff90 (0xfc442703) x14 0x0000000000000000 mem 0x0000000080031f34
core   0: 0x000000008000ff94 (0x0ff77713) andi    a4, a4, 255
core   0: 3 0x000000008000ff94 (0x0ff77713) x14 0x0000000000000000
core   0: 0x000000008000ff98 (0x00e78023) sb      a4, 0(a5)
core   0: 3 0x000000008000ff98 (0x00e78023) mem 0x0000000080012095 0x00
core   0: 0x000000008000ff9c (0xfc843703) ld      a4, -56(s0)
core   0: 3 0x000000008000ff9c (0xfc843703) x14 0x0000000080012040 mem 0x0000000080031f38
core   0: 0x000000008000ffa0 (0xfb843783) ld      a5, -72(s0)
core   0: 3 0x000000008000ffa0 (0xfb843783) x15 0x000000000000009c mem 0x0000000080031f28
core   0: 0x000000008000ffa4 (0x000097ba) c.add   a5, a4
core   0: 3 0x000000008000ffa4 (0x97ba) x15 0x00000000800120dc
core   0: 0x000000008000ffa6 (0xfe043703) ld      a4, -32(s0)
core   0: 3 0x000000008000ffa6 (0xfe043703) x14 0x0000000080012096 mem 0x0000000080031f50
core   0: 0x000000008000ffaa (0xfcf76de3) bltu    a4, a5, pc - 38
core   0: 3 0x000000008000ffaa (0xfcf76de3)
core   0: 0x000000008000ff84 (0xfe043783) ld      a5, -32(s0)
core   0: 3 0x000000008000ff84 (0xfe043783) x15 0x0000000080012096 mem 0x0000000080031f50
core   0: 0x000000008000ff88 (0x00178713) addi    a4, a5, 1
core   0: 3 0x000000008000ff88 (0x00178713) x14 0x0000000080012097
core   0: 0x000000008000ff8c (0xfee43023) sd      a4, -32(s0)
core   0: 3 0x000000008000ff8c (0xfee43023) mem 0x0000000080031f50 0x0000000080012097
core   0: 0x000000008000ff90 (0xfc442703) lw      a4, -60(s0)
core   0: 3 0x000000008000ff90 (0xfc442703) x14 0x0000000000000000 mem 0x0000000080031f34
core   0: 0x000000008000ff94 (0x0ff77713) andi    a4, a4, 255
core   0: 3 0x000000008000ff94 (0x0ff77713) x14 0x0000000000000000
core   0: 0x000000008000ff98 (0x00e78023) sb      a4, 0(a5)
core   0: 3 0x000000008000ff98 (0x00e78023) mem 0x0000000080012096 0x00
core   0: 0x000000008000ff9c (0xfc843703) ld      a4, -56(s0)
core   0: 3 0x000000008000ff9c (0xfc843703) x14 0x0000000080012040 mem 0x0000000080031f38
core   0: 0x000000008000ffa0 (0xfb843783) ld      a5, -72(s0)
core   0: 3 0x000000008000ffa0 (0xfb843783) x15 0x000000000000009c mem 0x0000000080031f28
core   0: 0x000000008000ffa4 (0x000097ba) c.add   a5, a4
core   0: 3 0x000000008000ffa4 (0x97ba) x15 0x00000000800120dc
core   0: 0x000000008000ffa6 (0xfe043703) ld      a4, -32(s0)
core   0: 3 0x000000008000ffa6 (0xfe043703) x14 0x0000000080012097 mem 0x0000000080031f50
core   0: 0x000000008000ffaa (0xfcf76de3) bltu    a4, a5, pc - 38
core   0: 3 0x000000008000ffaa (0xfcf76de3)
core   0: 0x000000008000ff84 (0xfe043783) ld      a5, -32(s0)
core   0: 3 0x000000008000ff84 (0xfe043783) x15 0x0000000080012097 mem 0x0000000080031f50
core   0: 0x000000008000ff88 (0x00178713) addi    a4, a5, 1
core   0: 3 0x000000008000ff88 (0x00178713) x14 0x0000000080012098
core   0: 0x000000008000ff8c (0xfee43023) sd      a4, -32(s0)
core   0: 3 0x000000008000ff8c (0xfee43023) mem 0x0000000080031f50 0x0000000080012098
core   0: 0x000000008000ff90 (0xfc442703) lw      a4, -60(s0)
core   0: 3 0x000000008000ff90 (0xfc442703) x14 0x0000000000000000 mem 0x0000000080031f34
core   0: 0x000000008000ff94 (0x0ff77713) andi    a4, a4, 255
core   0: 3 0x000000008000ff94 (0x0ff77713) x14 0x0000000000000000
core   0: 0x000000008000ff98 (0x00e78023) sb      a4, 0(a5)
core   0: 3 0x000000008000ff98 (0x00e78023) mem 0x0000000080012097 0x00
core   0: 0x000000008000ff9c (0xfc843703) ld      a4, -56(s0)
core   0: 3 0x000000008000ff9c (0xfc843703) x14 0x0000000080012040 mem 0x0000000080031f38
core   0: 0x000000008000ffa0 (0xfb843783) ld      a5, -72(s0)
core   0: 3 0x000000008000ffa0 (0xfb843783) x15 0x000000000000009c mem 0x0000000080031f28
core   0: 0x000000008000ffa4 (0x000097ba) c.add   a5, a4
core   0: 3 0x000000008000ffa4 (0x97ba) x15 0x00000000800120dc
core   0: 0x000000008000ffa6 (0xfe043703) ld      a4, -32(s0)
core   0: 3 0x000000008000ffa6 (0xfe043703) x14 0x0000000080012098 mem 0x0000000080031f50
core   0: 0x000000008000ffaa (0xfcf76de3) bltu    a4, a5, pc - 38
core   0: 3 0x000000008000ffaa (0xfcf76de3)
core   0: 0x000000008000ff84 (0xfe043783) ld      a5, -32(s0)
core   0: 3 0x000000008000ff84 (0xfe043783) x15 0x0000000080012098 mem 0x0000000080031f50
core   0: 0x000000008000ff88 (0x00178713) addi    a4, a5, 1
core   0: 3 0x000000008000ff88 (0x00178713) x14 0x0000000080012099
core   0: 0x000000008000ff8c (0xfee43023) sd      a4, -32(s0)
core   0: 3 0x000000008000ff8c (0xfee43023) mem 0x0000000080031f50 0x0000000080012099
core   0: 0x000000008000ff90 (0xfc442703) lw      a4, -60(s0)
core   0: 3 0x000000008000ff90 (0xfc442703) x14 0x0000000000000000 mem 0x0000000080031f34
core   0: 0x000000008000ff94 (0x0ff77713) andi    a4, a4, 255
core   0: 3 0x000000008000ff94 (0x0ff77713) x14 0x0000000000000000
core   0: 0x000000008000ff98 (0x00e78023) sb      a4, 0(a5)
core   0: 3 0x000000008000ff98 (0x00e78023) mem 0x0000000080012098 0x00
core   0: 0x000000008000ff9c (0xfc843703) ld      a4, -56(s0)
core   0: 3 0x000000008000ff9c (0xfc843703) x14 0x0000000080012040 mem 0x0000000080031f38
core   0: 0x000000008000ffa0 (0xfb843783) ld      a5, -72(s0)
core   0: 3 0x000000008000ffa0 (0xfb843783) x15 0x000000000000009c mem 0x0000000080031f28
core   0: 0x000000008000ffa4 (0x000097ba) c.add   a5, a4
core   0: 3 0x000000008000ffa4 (0x97ba) x15 0x00000000800120dc
core   0: 0x000000008000ffa6 (0xfe043703) ld      a4, -32(s0)
core   0: 3 0x000000008000ffa6 (0xfe043703) x14 0x0000000080012099 mem 0x0000000080031f50
core   0: 0x000000008000ffaa (0xfcf76de3) bltu    a4, a5, pc - 38
core   0: 3 0x000000008000ffaa (0xfcf76de3)
core   0: 0x000000008000ff84 (0xfe043783) ld      a5, -32(s0)
core   0: 3 0x000000008000ff84 (0xfe043783) x15 0x0000000080012099 mem 0x0000000080031f50
core   0: 0x000000008000ff88 (0x00178713) addi    a4, a5, 1
core   0: 3 0x000000008000ff88 (0x00178713) x14 0x000000008001209a
core   0: 0x000000008000ff8c (0xfee43023) sd      a4, -32(s0)
core   0: 3 0x000000008000ff8c (0xfee43023) mem 0x0000000080031f50 0x000000008001209a
core   0: 0x000000008000ff90 (0xfc442703) lw      a4, -60(s0)
core   0: 3 0x000000008000ff90 (0xfc442703) x14 0x0000000000000000 mem 0x0000000080031f34
core   0: 0x000000008000ff94 (0x0ff77713) andi    a4, a4, 255
core   0: 3 0x000000008000ff94 (0x0ff77713) x14 0x0000000000000000
core   0: 0x000000008000ff98 (0x00e78023) sb      a4, 0(a5)
core   0: 3 0x000000008000ff98 (0x00e78023) mem 0x0000000080012099 0x00
core   0: 0x000000008000ff9c (0xfc843703) ld      a4, -56(s0)
core   0: 3 0x000000008000ff9c (0xfc843703) x14 0x0000000080012040 mem 0x0000000080031f38
core   0: 0x000000008000ffa0 (0xfb843783) ld      a5, -72(s0)
core   0: 3 0x000000008000ffa0 (0xfb843783) x15 0x000000000000009c mem 0x0000000080031f28
core   0: 0x000000008000ffa4 (0x000097ba) c.add   a5, a4
core   0: 3 0x000000008000ffa4 (0x97ba) x15 0x00000000800120dc
core   0: 0x000000008000ffa6 (0xfe043703) ld      a4, -32(s0)
core   0: 3 0x000000008000ffa6 (0xfe043703) x14 0x000000008001209a mem 0x0000000080031f50
core   0: 0x000000008000ffaa (0xfcf76de3) bltu    a4, a5, pc - 38
core   0: 3 0x000000008000ffaa (0xfcf76de3)
core   0: 0x000000008000ff84 (0xfe043783) ld      a5, -32(s0)
core   0: 3 0x000000008000ff84 (0xfe043783) x15 0x000000008001209a mem 0x0000000080031f50
core   0: 0x000000008000ff88 (0x00178713) addi    a4, a5, 1
core   0: 3 0x000000008000ff88 (0x00178713) x14 0x000000008001209b
core   0: 0x000000008000ff8c (0xfee43023) sd      a4, -32(s0)
core   0: 3 0x000000008000ff8c (0xfee43023) mem 0x0000000080031f50 0x000000008001209b
core   0: 0x000000008000ff90 (0xfc442703) lw      a4, -60(s0)
core   0: 3 0x000000008000ff90 (0xfc442703) x14 0x0000000000000000 mem 0x0000000080031f34
core   0: 0x000000008000ff94 (0x0ff77713) andi    a4, a4, 255
core   0: 3 0x000000008000ff94 (0x0ff77713) x14 0x0000000000000000
core   0: 0x000000008000ff98 (0x00e78023) sb      a4, 0(a5)
core   0: 3 0x000000008000ff98 (0x00e78023) mem 0x000000008001209a 0x00
core   0: 0x000000008000ff9c (0xfc843703) ld      a4, -56(s0)
core   0: 3 0x000000008000ff9c (0xfc843703) x14 0x0000000080012040 mem 0x0000000080031f38
core   0: 0x000000008000ffa0 (0xfb843783) ld      a5, -72(s0)
core   0: 3 0x000000008000ffa0 (0xfb843783) x15 0x000000000000009c mem 0x0000000080031f28
core   0: 0x000000008000ffa4 (0x000097ba) c.add   a5, a4
core   0: 3 0x000000008000ffa4 (0x97ba) x15 0x00000000800120dc
core   0: 0x000000008000ffa6 (0xfe043703) ld      a4, -32(s0)
core   0: 3 0x000000008000ffa6 (0xfe043703) x14 0x000000008001209b mem 0x0000000080031f50
core   0: 0x000000008000ffaa (0xfcf76de3) bltu    a4, a5, pc - 38
core   0: 3 0x000000008000ffaa (0xfcf76de3)
core   0: 0x000000008000ff84 (0xfe043783) ld      a5, -32(s0)
core   0: 3 0x000000008000ff84 (0xfe043783) x15 0x000000008001209b mem 0x0000000080031f50
core   0: 0x000000008000ff88 (0x00178713) addi    a4, a5, 1
core   0: 3 0x000000008000ff88 (0x00178713) x14 0x000000008001209c
core   0: 0x000000008000ff8c (0xfee43023) sd      a4, -32(s0)
core   0: 3 0x000000008000ff8c (0xfee43023) mem 0x0000000080031f50 0x000000008001209c
core   0: 0x000000008000ff90 (0xfc442703) lw      a4, -60(s0)
core   0: 3 0x000000008000ff90 (0xfc442703) x14 0x0000000000000000 mem 0x0000000080031f34
core   0: 0x000000008000ff94 (0x0ff77713) andi    a4, a4, 255
core   0: 3 0x000000008000ff94 (0x0ff77713) x14 0x0000000000000000
core   0: 0x000000008000ff98 (0x00e78023) sb      a4, 0(a5)
core   0: 3 0x000000008000ff98 (0x00e78023) mem 0x000000008001209b 0x00
core   0: 0x000000008000ff9c (0xfc843703) ld      a4, -56(s0)
core   0: 3 0x000000008000ff9c (0xfc843703) x14 0x0000000080012040 mem 0x0000000080031f38
core   0: 0x000000008000ffa0 (0xfb843783) ld      a5, -72(s0)
core   0: 3 0x000000008000ffa0 (0xfb843783) x15 0x000000000000009c mem 0x0000000080031f28
core   0: 0x000000008000ffa4 (0x000097ba) c.add   a5, a4
core   0: 3 0x000000008000ffa4 (0x97ba) x15 0x00000000800120dc
core   0: 0x000000008000ffa6 (0xfe043703) ld      a4, -32(s0)
core   0: 3 0x000000008000ffa6 (0xfe043703) x14 0x000000008001209c mem 0x0000000080031f50
core   0: 0x000000008000ffaa (0xfcf76de3) bltu    a4, a5, pc - 38
core   0: 3 0x000000008000ffaa (0xfcf76de3)
core   0: 0x000000008000ff84 (0xfe043783) ld      a5, -32(s0)
core   0: 3 0x000000008000ff84 (0xfe043783) x15 0x000000008001209c mem 0x0000000080031f50
core   0: 0x000000008000ff88 (0x00178713) addi    a4, a5, 1
core   0: 3 0x000000008000ff88 (0x00178713) x14 0x000000008001209d
core   0: 0x000000008000ff8c (0xfee43023) sd      a4, -32(s0)
core   0: 3 0x000000008000ff8c (0xfee43023) mem 0x0000000080031f50 0x000000008001209d
core   0: 0x000000008000ff90 (0xfc442703) lw      a4, -60(s0)
core   0: 3 0x000000008000ff90 (0xfc442703) x14 0x0000000000000000 mem 0x0000000080031f34
core   0: 0x000000008000ff94 (0x0ff77713) andi    a4, a4, 255
core   0: 3 0x000000008000ff94 (0x0ff77713) x14 0x0000000000000000
core   0: 0x000000008000ff98 (0x00e78023) sb      a4, 0(a5)
core   0: 3 0x000000008000ff98 (0x00e78023) mem 0x000000008001209c 0x00
core   0: 0x000000008000ff9c (0xfc843703) ld      a4, -56(s0)
core   0: 3 0x000000008000ff9c (0xfc843703) x14 0x0000000080012040 mem 0x0000000080031f38
core   0: 0x000000008000ffa0 (0xfb843783) ld      a5, -72(s0)
core   0: 3 0x000000008000ffa0 (0xfb843783) x15 0x000000000000009c mem 0x0000000080031f28
core   0: 0x000000008000ffa4 (0x000097ba) c.add   a5, a4
core   0: 3 0x000000008000ffa4 (0x97ba) x15 0x00000000800120dc
core   0: 0x000000008000ffa6 (0xfe043703) ld      a4, -32(s0)
core   0: 3 0x000000008000ffa6 (0xfe043703) x14 0x000000008001209d mem 0x0000000080031f50
core   0: 0x000000008000ffaa (0xfcf76de3) bltu    a4, a5, pc - 38
core   0: 3 0x000000008000ffaa (0xfcf76de3)
core   0: 0x000000008000ff84 (0xfe043783) ld      a5, -32(s0)
core   0: 3 0x000000008000ff84 (0xfe043783) x15 0x000000008001209d mem 0x0000000080031f50
core   0: 0x000000008000ff88 (0x00178713) addi    a4, a5, 1
core   0: 3 0x000000008000ff88 (0x00178713) x14 0x000000008001209e
core   0: 0x000000008000ff8c (0xfee43023) sd      a4, -32(s0)
core   0: 3 0x000000008000ff8c (0xfee43023) mem 0x0000000080031f50 0x000000008001209e
core   0: 0x000000008000ff90 (0xfc442703) lw      a4, -60(s0)
core   0: 3 0x000000008000ff90 (0xfc442703) x14 0x0000000000000000 mem 0x0000000080031f34
core   0: 0x000000008000ff94 (0x0ff77713) andi    a4, a4, 255
core   0: 3 0x000000008000ff94 (0x0ff77713) x14 0x0000000000000000
core   0: 0x000000008000ff98 (0x00e78023) sb      a4, 0(a5)
core   0: 3 0x000000008000ff98 (0x00e78023) mem 0x000000008001209d 0x00
core   0: 0x000000008000ff9c (0xfc843703) ld      a4, -56(s0)
core   0: 3 0x000000008000ff9c (0xfc843703) x14 0x0000000080012040 mem 0x0000000080031f38
core   0: 0x000000008000ffa0 (0xfb843783) ld      a5, -72(s0)
core   0: 3 0x000000008000ffa0 (0xfb843783) x15 0x000000000000009c mem 0x0000000080031f28
core   0: 0x000000008000ffa4 (0x000097ba) c.add   a5, a4
core   0: 3 0x000000008000ffa4 (0x97ba) x15 0x00000000800120dc
core   0: 0x000000008000ffa6 (0xfe043703) ld      a4, -32(s0)
core   0: 3 0x000000008000ffa6 (0xfe043703) x14 0x000000008001209e mem 0x0000000080031f50
core   0: 0x000000008000ffaa (0xfcf76de3) bltu    a4, a5, pc - 38
core   0: 3 0x000000008000ffaa (0xfcf76de3)
core   0: 0x000000008000ff84 (0xfe043783) ld      a5, -32(s0)
core   0: 3 0x000000008000ff84 (0xfe043783) x15 0x000000008001209e mem 0x0000000080031f50
core   0: 0x000000008000ff88 (0x00178713) addi    a4, a5, 1
core   0: 3 0x000000008000ff88 (0x00178713) x14 0x000000008001209f
core   0: 0x000000008000ff8c (0xfee43023) sd      a4, -32(s0)
core   0: 3 0x000000008000ff8c (0xfee43023) mem 0x0000000080031f50 0x000000008001209f
core   0: 0x000000008000ff90 (0xfc442703) lw      a4, -60(s0)
core   0: 3 0x000000008000ff90 (0xfc442703) x14 0x0000000000000000 mem 0x0000000080031f34
core   0: 0x000000008000ff94 (0x0ff77713) andi    a4, a4, 255
core   0: 3 0x000000008000ff94 (0x0ff77713) x14 0x0000000000000000
core   0: 0x000000008000ff98 (0x00e78023) sb      a4, 0(a5)
core   0: 3 0x000000008000ff98 (0x00e78023) mem 0x000000008001209e 0x00
core   0: 0x000000008000ff9c (0xfc843703) ld      a4, -56(s0)
core   0: 3 0x000000008000ff9c (0xfc843703) x14 0x0000000080012040 mem 0x0000000080031f38
core   0: 0x000000008000ffa0 (0xfb843783) ld      a5, -72(s0)
core   0: 3 0x000000008000ffa0 (0xfb843783) x15 0x000000000000009c mem 0x0000000080031f28
core   0: 0x000000008000ffa4 (0x000097ba) c.add   a5, a4
core   0: 3 0x000000008000ffa4 (0x97ba) x15 0x00000000800120dc
core   0: 0x000000008000ffa6 (0xfe043703) ld      a4, -32(s0)
core   0: 3 0x000000008000ffa6 (0xfe043703) x14 0x000000008001209f mem 0x0000000080031f50
core   0: 0x000000008000ffaa (0xfcf76de3) bltu    a4, a5, pc - 38
core   0: 3 0x000000008000ffaa (0xfcf76de3)
core   0: 0x000000008000ff84 (0xfe043783) ld      a5, -32(s0)
core   0: 3 0x000000008000ff84 (0xfe043783) x15 0x000000008001209f mem 0x0000000080031f50
core   0: 0x000000008000ff88 (0x00178713) addi    a4, a5, 1
core   0: 3 0x000000008000ff88 (0x00178713) x14 0x00000000800120a0
core   0: 0x000000008000ff8c (0xfee43023) sd      a4, -32(s0)
core   0: 3 0x000000008000ff8c (0xfee43023) mem 0x0000000080031f50 0x00000000800120a0
core   0: 0x000000008000ff90 (0xfc442703) lw      a4, -60(s0)
core   0: 3 0x000000008000ff90 (0xfc442703) x14 0x0000000000000000 mem 0x0000000080031f34
core   0: 0x000000008000ff94 (0x0ff77713) andi    a4, a4, 255
core   0: 3 0x000000008000ff94 (0x0ff77713) x14 0x0000000000000000
core   0: 0x000000008000ff98 (0x00e78023) sb      a4, 0(a5)
core   0: 3 0x000000008000ff98 (0x00e78023) mem 0x000000008001209f 0x00
core   0: 0x000000008000ff9c (0xfc843703) ld      a4, -56(s0)
core   0: 3 0x000000008000ff9c (0xfc843703) x14 0x0000000080012040 mem 0x0000000080031f38
core   0: 0x000000008000ffa0 (0xfb843783) ld      a5, -72(s0)
core   0: 3 0x000000008000ffa0 (0xfb843783) x15 0x000000000000009c mem 0x0000000080031f28
core   0: 0x000000008000ffa4 (0x000097ba) c.add   a5, a4
core   0: 3 0x000000008000ffa4 (0x97ba) x15 0x00000000800120dc
core   0: 0x000000008000ffa6 (0xfe043703) ld      a4, -32(s0)
core   0: 3 0x000000008000ffa6 (0xfe043703) x14 0x00000000800120a0 mem 0x0000000080031f50
core   0: 0x000000008000ffaa (0xfcf76de3) bltu    a4, a5, pc - 38
core   0: 3 0x000000008000ffaa (0xfcf76de3)
core   0: 0x000000008000ff84 (0xfe043783) ld      a5, -32(s0)
core   0: 3 0x000000008000ff84 (0xfe043783) x15 0x00000000800120a0 mem 0x0000000080031f50
core   0: 0x000000008000ff88 (0x00178713) addi    a4, a5, 1
core   0: 3 0x000000008000ff88 (0x00178713) x14 0x00000000800120a1
core   0: 0x000000008000ff8c (0xfee43023) sd      a4, -32(s0)
core   0: 3 0x000000008000ff8c (0xfee43023) mem 0x0000000080031f50 0x00000000800120a1
core   0: 0x000000008000ff90 (0xfc442703) lw      a4, -60(s0)
core   0: 3 0x000000008000ff90 (0xfc442703) x14 0x0000000000000000 mem 0x0000000080031f34
core   0: 0x000000008000ff94 (0x0ff77713) andi    a4, a4, 255
core   0: 3 0x000000008000ff94 (0x0ff77713) x14 0x0000000000000000
core   0: 0x000000008000ff98 (0x00e78023) sb      a4, 0(a5)
core   0: 3 0x000000008000ff98 (0x00e78023) mem 0x00000000800120a0 0x00
core   0: 0x000000008000ff9c (0xfc843703) ld      a4, -56(s0)
core   0: 3 0x000000008000ff9c (0xfc843703) x14 0x0000000080012040 mem 0x0000000080031f38
core   0: 0x000000008000ffa0 (0xfb843783) ld      a5, -72(s0)
core   0: 3 0x000000008000ffa0 (0xfb843783) x15 0x000000000000009c mem 0x0000000080031f28
core   0: 0x000000008000ffa4 (0x000097ba) c.add   a5, a4
core   0: 3 0x000000008000ffa4 (0x97ba) x15 0x00000000800120dc
core   0: 0x000000008000ffa6 (0xfe043703) ld      a4, -32(s0)
core   0: 3 0x000000008000ffa6 (0xfe043703) x14 0x00000000800120a1 mem 0x0000000080031f50
core   0: 0x000000008000ffaa (0xfcf76de3) bltu    a4, a5, pc - 38
core   0: 3 0x000000008000ffaa (0xfcf76de3)
core   0: 0x000000008000ff84 (0xfe043783) ld      a5, -32(s0)
core   0: 3 0x000000008000ff84 (0xfe043783) x15 0x00000000800120a1 mem 0x0000000080031f50
core   0: 0x000000008000ff88 (0x00178713) addi    a4, a5, 1
core   0: 3 0x000000008000ff88 (0x00178713) x14 0x00000000800120a2
core   0: 0x000000008000ff8c (0xfee43023) sd      a4, -32(s0)
core   0: 3 0x000000008000ff8c (0xfee43023) mem 0x0000000080031f50 0x00000000800120a2
core   0: 0x000000008000ff90 (0xfc442703) lw      a4, -60(s0)
core   0: 3 0x000000008000ff90 (0xfc442703) x14 0x0000000000000000 mem 0x0000000080031f34
core   0: 0x000000008000ff94 (0x0ff77713) andi    a4, a4, 255
core   0: 3 0x000000008000ff94 (0x0ff77713) x14 0x0000000000000000
core   0: 0x000000008000ff98 (0x00e78023) sb      a4, 0(a5)
core   0: 3 0x000000008000ff98 (0x00e78023) mem 0x00000000800120a1 0x00
core   0: 0x000000008000ff9c (0xfc843703) ld      a4, -56(s0)
core   0: 3 0x000000008000ff9c (0xfc843703) x14 0x0000000080012040 mem 0x0000000080031f38
core   0: 0x000000008000ffa0 (0xfb843783) ld      a5, -72(s0)
core   0: 3 0x000000008000ffa0 (0xfb843783) x15 0x000000000000009c mem 0x0000000080031f28
core   0: 0x000000008000ffa4 (0x000097ba) c.add   a5, a4
core   0: 3 0x000000008000ffa4 (0x97ba) x15 0x00000000800120dc
core   0: 0x000000008000ffa6 (0xfe043703) ld      a4, -32(s0)
core   0: 3 0x000000008000ffa6 (0xfe043703) x14 0x00000000800120a2 mem 0x0000000080031f50
core   0: 0x000000008000ffaa (0xfcf76de3) bltu    a4, a5, pc - 38
core   0: 3 0x000000008000ffaa (0xfcf76de3)
core   0: 0x000000008000ff84 (0xfe043783) ld      a5, -32(s0)
core   0: 3 0x000000008000ff84 (0xfe043783) x15 0x00000000800120a2 mem 0x0000000080031f50
core   0: 0x000000008000ff88 (0x00178713) addi    a4, a5, 1
core   0: 3 0x000000008000ff88 (0x00178713) x14 0x00000000800120a3
core   0: 0x000000008000ff8c (0xfee43023) sd      a4, -32(s0)
core   0: 3 0x000000008000ff8c (0xfee43023) mem 0x0000000080031f50 0x00000000800120a3
core   0: 0x000000008000ff90 (0xfc442703) lw      a4, -60(s0)
core   0: 3 0x000000008000ff90 (0xfc442703) x14 0x0000000000000000 mem 0x0000000080031f34
core   0: 0x000000008000ff94 (0x0ff77713) andi    a4, a4, 255
core   0: 3 0x000000008000ff94 (0x0ff77713) x14 0x0000000000000000
core   0: 0x000000008000ff98 (0x00e78023) sb      a4, 0(a5)
core   0: 3 0x000000008000ff98 (0x00e78023) mem 0x00000000800120a2 0x00
core   0: 0x000000008000ff9c (0xfc843703) ld      a4, -56(s0)
core   0: 3 0x000000008000ff9c (0xfc843703) x14 0x0000000080012040 mem 0x0000000080031f38
core   0: 0x000000008000ffa0 (0xfb843783) ld      a5, -72(s0)
core   0: 3 0x000000008000ffa0 (0xfb843783) x15 0x000000000000009c mem 0x0000000080031f28
core   0: 0x000000008000ffa4 (0x000097ba) c.add   a5, a4
core   0: 3 0x000000008000ffa4 (0x97ba) x15 0x00000000800120dc
core   0: 0x000000008000ffa6 (0xfe043703) ld      a4, -32(s0)
core   0: 3 0x000000008000ffa6 (0xfe043703) x14 0x00000000800120a3 mem 0x0000000080031f50
core   0: 0x000000008000ffaa (0xfcf76de3) bltu    a4, a5, pc - 38
core   0: 3 0x000000008000ffaa (0xfcf76de3)
core   0: 0x000000008000ff84 (0xfe043783) ld      a5, -32(s0)
core   0: 3 0x000000008000ff84 (0xfe043783) x15 0x00000000800120a3 mem 0x0000000080031f50
core   0: 0x000000008000ff88 (0x00178713) addi    a4, a5, 1
core   0: 3 0x000000008000ff88 (0x00178713) x14 0x00000000800120a4
core   0: 0x000000008000ff8c (0xfee43023) sd      a4, -32(s0)
core   0: 3 0x000000008000ff8c (0xfee43023) mem 0x0000000080031f50 0x00000000800120a4
core   0: 0x000000008000ff90 (0xfc442703) lw      a4, -60(s0)
core   0: 3 0x000000008000ff90 (0xfc442703) x14 0x0000000000000000 mem 0x0000000080031f34
core   0: 0x000000008000ff94 (0x0ff77713) andi    a4, a4, 255
core   0: 3 0x000000008000ff94 (0x0ff77713) x14 0x0000000000000000
core   0: 0x000000008000ff98 (0x00e78023) sb      a4, 0(a5)
core   0: 3 0x000000008000ff98 (0x00e78023) mem 0x00000000800120a3 0x00
core   0: 0x000000008000ff9c (0xfc843703) ld      a4, -56(s0)
core   0: 3 0x000000008000ff9c (0xfc843703) x14 0x0000000080012040 mem 0x0000000080031f38
core   0: 0x000000008000ffa0 (0xfb843783) ld      a5, -72(s0)
core   0: 3 0x000000008000ffa0 (0xfb843783) x15 0x000000000000009c mem 0x0000000080031f28
core   0: 0x000000008000ffa4 (0x000097ba) c.add   a5, a4
core   0: 3 0x000000008000ffa4 (0x97ba) x15 0x00000000800120dc
core   0: 0x000000008000ffa6 (0xfe043703) ld      a4, -32(s0)
core   0: 3 0x000000008000ffa6 (0xfe043703) x14 0x00000000800120a4 mem 0x0000000080031f50
core   0: 0x000000008000ffaa (0xfcf76de3) bltu    a4, a5, pc - 38
core   0: 3 0x000000008000ffaa (0xfcf76de3)
core   0: 0x000000008000ff84 (0xfe043783) ld      a5, -32(s0)
core   0: 3 0x000000008000ff84 (0xfe043783) x15 0x00000000800120a4 mem 0x0000000080031f50
core   0: 0x000000008000ff88 (0x00178713) addi    a4, a5, 1
core   0: 3 0x000000008000ff88 (0x00178713) x14 0x00000000800120a5
core   0: 0x000000008000ff8c (0xfee43023) sd      a4, -32(s0)
core   0: 3 0x000000008000ff8c (0xfee43023) mem 0x0000000080031f50 0x00000000800120a5
core   0: 0x000000008000ff90 (0xfc442703) lw      a4, -60(s0)
core   0: 3 0x000000008000ff90 (0xfc442703) x14 0x0000000000000000 mem 0x0000000080031f34
core   0: 0x000000008000ff94 (0x0ff77713) andi    a4, a4, 255
core   0: 3 0x000000008000ff94 (0x0ff77713) x14 0x0000000000000000
core   0: 0x000000008000ff98 (0x00e78023) sb      a4, 0(a5)
core   0: 3 0x000000008000ff98 (0x00e78023) mem 0x00000000800120a4 0x00
core   0: 0x000000008000ff9c (0xfc843703) ld      a4, -56(s0)
core   0: 3 0x000000008000ff9c (0xfc843703) x14 0x0000000080012040 mem 0x0000000080031f38
core   0: 0x000000008000ffa0 (0xfb843783) ld      a5, -72(s0)
core   0: 3 0x000000008000ffa0 (0xfb843783) x15 0x000000000000009c mem 0x0000000080031f28
core   0: 0x000000008000ffa4 (0x000097ba) c.add   a5, a4
core   0: 3 0x000000008000ffa4 (0x97ba) x15 0x00000000800120dc
core   0: 0x000000008000ffa6 (0xfe043703) ld      a4, -32(s0)
core   0: 3 0x000000008000ffa6 (0xfe043703) x14 0x00000000800120a5 mem 0x0000000080031f50
core   0: 0x000000008000ffaa (0xfcf76de3) bltu    a4, a5, pc - 38
core   0: 3 0x000000008000ffaa (0xfcf76de3)
core   0: 0x000000008000ff84 (0xfe043783) ld      a5, -32(s0)
core   0: 3 0x000000008000ff84 (0xfe043783) x15 0x00000000800120a5 mem 0x0000000080031f50
core   0: 0x000000008000ff88 (0x00178713) addi    a4, a5, 1
core   0: 3 0x000000008000ff88 (0x00178713) x14 0x00000000800120a6
core   0: 0x000000008000ff8c (0xfee43023) sd      a4, -32(s0)
core   0: 3 0x000000008000ff8c (0xfee43023) mem 0x0000000080031f50 0x00000000800120a6
core   0: 0x000000008000ff90 (0xfc442703) lw      a4, -60(s0)
core   0: 3 0x000000008000ff90 (0xfc442703) x14 0x0000000000000000 mem 0x0000000080031f34
core   0: 0x000000008000ff94 (0x0ff77713) andi    a4, a4, 255
core   0: 3 0x000000008000ff94 (0x0ff77713) x14 0x0000000000000000
core   0: 0x000000008000ff98 (0x00e78023) sb      a4, 0(a5)
core   0: 3 0x000000008000ff98 (0x00e78023) mem 0x00000000800120a5 0x00
core   0: 0x000000008000ff9c (0xfc843703) ld      a4, -56(s0)
core   0: 3 0x000000008000ff9c (0xfc843703) x14 0x0000000080012040 mem 0x0000000080031f38
core   0: 0x000000008000ffa0 (0xfb843783) ld      a5, -72(s0)
core   0: 3 0x000000008000ffa0 (0xfb843783) x15 0x000000000000009c mem 0x0000000080031f28
core   0: 0x000000008000ffa4 (0x000097ba) c.add   a5, a4
core   0: 3 0x000000008000ffa4 (0x97ba) x15 0x00000000800120dc
core   0: 0x000000008000ffa6 (0xfe043703) ld      a4, -32(s0)
core   0: 3 0x000000008000ffa6 (0xfe043703) x14 0x00000000800120a6 mem 0x0000000080031f50
core   0: 0x000000008000ffaa (0xfcf76de3) bltu    a4, a5, pc - 38
core   0: 3 0x000000008000ffaa (0xfcf76de3)
core   0: 0x000000008000ff84 (0xfe043783) ld      a5, -32(s0)
core   0: 3 0x000000008000ff84 (0xfe043783) x15 0x00000000800120a6 mem 0x0000000080031f50
core   0: 0x000000008000ff88 (0x00178713) addi    a4, a5, 1
core   0: 3 0x000000008000ff88 (0x00178713) x14 0x00000000800120a7
core   0: 0x000000008000ff8c (0xfee43023) sd      a4, -32(s0)
core   0: 3 0x000000008000ff8c (0xfee43023) mem 0x0000000080031f50 0x00000000800120a7
core   0: 0x000000008000ff90 (0xfc442703) lw      a4, -60(s0)
core   0: 3 0x000000008000ff90 (0xfc442703) x14 0x0000000000000000 mem 0x0000000080031f34
core   0: 0x000000008000ff94 (0x0ff77713) andi    a4, a4, 255
core   0: 3 0x000000008000ff94 (0x0ff77713) x14 0x0000000000000000
core   0: 0x000000008000ff98 (0x00e78023) sb      a4, 0(a5)
core   0: 3 0x000000008000ff98 (0x00e78023) mem 0x00000000800120a6 0x00
core   0: 0x000000008000ff9c (0xfc843703) ld      a4, -56(s0)
core   0: 3 0x000000008000ff9c (0xfc843703) x14 0x0000000080012040 mem 0x0000000080031f38
core   0: 0x000000008000ffa0 (0xfb843783) ld      a5, -72(s0)
core   0: 3 0x000000008000ffa0 (0xfb843783) x15 0x000000000000009c mem 0x0000000080031f28
core   0: 0x000000008000ffa4 (0x000097ba) c.add   a5, a4
core   0: 3 0x000000008000ffa4 (0x97ba) x15 0x00000000800120dc
core   0: 0x000000008000ffa6 (0xfe043703) ld      a4, -32(s0)
core   0: 3 0x000000008000ffa6 (0xfe043703) x14 0x00000000800120a7 mem 0x0000000080031f50
core   0: 0x000000008000ffaa (0xfcf76de3) bltu    a4, a5, pc - 38
core   0: 3 0x000000008000ffaa (0xfcf76de3)
core   0: 0x000000008000ff84 (0xfe043783) ld      a5, -32(s0)
core   0: 3 0x000000008000ff84 (0xfe043783) x15 0x00000000800120a7 mem 0x0000000080031f50
core   0: 0x000000008000ff88 (0x00178713) addi    a4, a5, 1
core   0: 3 0x000000008000ff88 (0x00178713) x14 0x00000000800120a8
core   0: 0x000000008000ff8c (0xfee43023) sd      a4, -32(s0)
core   0: 3 0x000000008000ff8c (0xfee43023) mem 0x0000000080031f50 0x00000000800120a8
core   0: 0x000000008000ff90 (0xfc442703) lw      a4, -60(s0)
core   0: 3 0x000000008000ff90 (0xfc442703) x14 0x0000000000000000 mem 0x0000000080031f34
core   0: 0x000000008000ff94 (0x0ff77713) andi    a4, a4, 255
core   0: 3 0x000000008000ff94 (0x0ff77713) x14 0x0000000000000000
core   0: 0x000000008000ff98 (0x00e78023) sb      a4, 0(a5)
core   0: 3 0x000000008000ff98 (0x00e78023) mem 0x00000000800120a7 0x00
core   0: 0x000000008000ff9c (0xfc843703) ld      a4, -56(s0)
core   0: 3 0x000000008000ff9c (0xfc843703) x14 0x0000000080012040 mem 0x0000000080031f38
core   0: 0x000000008000ffa0 (0xfb843783) ld      a5, -72(s0)
core   0: 3 0x000000008000ffa0 (0xfb843783) x15 0x000000000000009c mem 0x0000000080031f28
core   0: 0x000000008000ffa4 (0x000097ba) c.add   a5, a4
core   0: 3 0x000000008000ffa4 (0x97ba) x15 0x00000000800120dc
core   0: 0x000000008000ffa6 (0xfe043703) ld      a4, -32(s0)
core   0: 3 0x000000008000ffa6 (0xfe043703) x14 0x00000000800120a8 mem 0x0000000080031f50
core   0: 0x000000008000ffaa (0xfcf76de3) bltu    a4, a5, pc - 38
core   0: 3 0x000000008000ffaa (0xfcf76de3)
core   0: 0x000000008000ff84 (0xfe043783) ld      a5, -32(s0)
core   0: 3 0x000000008000ff84 (0xfe043783) x15 0x00000000800120a8 mem 0x0000000080031f50
core   0: 0x000000008000ff88 (0x00178713) addi    a4, a5, 1
core   0: 3 0x000000008000ff88 (0x00178713) x14 0x00000000800120a9
core   0: 0x000000008000ff8c (0xfee43023) sd      a4, -32(s0)
core   0: 3 0x000000008000ff8c (0xfee43023) mem 0x0000000080031f50 0x00000000800120a9
core   0: 0x000000008000ff90 (0xfc442703) lw      a4, -60(s0)
core   0: 3 0x000000008000ff90 (0xfc442703) x14 0x0000000000000000 mem 0x0000000080031f34
core   0: 0x000000008000ff94 (0x0ff77713) andi    a4, a4, 255
core   0: 3 0x000000008000ff94 (0x0ff77713) x14 0x0000000000000000
core   0: 0x000000008000ff98 (0x00e78023) sb      a4, 0(a5)
core   0: 3 0x000000008000ff98 (0x00e78023) mem 0x00000000800120a8 0x00
core   0: 0x000000008000ff9c (0xfc843703) ld      a4, -56(s0)
core   0: 3 0x000000008000ff9c (0xfc843703) x14 0x0000000080012040 mem 0x0000000080031f38
core   0: 0x000000008000ffa0 (0xfb843783) ld      a5, -72(s0)
core   0: 3 0x000000008000ffa0 (0xfb843783) x15 0x000000000000009c mem 0x0000000080031f28
core   0: 0x000000008000ffa4 (0x000097ba) c.add   a5, a4
core   0: 3 0x000000008000ffa4 (0x97ba) x15 0x00000000800120dc
core   0: 0x000000008000ffa6 (0xfe043703) ld      a4, -32(s0)
core   0: 3 0x000000008000ffa6 (0xfe043703) x14 0x00000000800120a9 mem 0x0000000080031f50
core   0: 0x000000008000ffaa (0xfcf76de3) bltu    a4, a5, pc - 38
core   0: 3 0x000000008000ffaa (0xfcf76de3)
core   0: 0x000000008000ff84 (0xfe043783) ld      a5, -32(s0)
core   0: 3 0x000000008000ff84 (0xfe043783) x15 0x00000000800120a9 mem 0x0000000080031f50
core   0: 0x000000008000ff88 (0x00178713) addi    a4, a5, 1
core   0: 3 0x000000008000ff88 (0x00178713) x14 0x00000000800120aa
core   0: 0x000000008000ff8c (0xfee43023) sd      a4, -32(s0)
core   0: 3 0x000000008000ff8c (0xfee43023) mem 0x0000000080031f50 0x00000000800120aa
core   0: 0x000000008000ff90 (0xfc442703) lw      a4, -60(s0)
core   0: 3 0x000000008000ff90 (0xfc442703) x14 0x0000000000000000 mem 0x0000000080031f34
core   0: 0x000000008000ff94 (0x0ff77713) andi    a4, a4, 255
core   0: 3 0x000000008000ff94 (0x0ff77713) x14 0x0000000000000000
core   0: 0x000000008000ff98 (0x00e78023) sb      a4, 0(a5)
core   0: 3 0x000000008000ff98 (0x00e78023) mem 0x00000000800120a9 0x00
core   0: 0x000000008000ff9c (0xfc843703) ld      a4, -56(s0)
core   0: 3 0x000000008000ff9c (0xfc843703) x14 0x0000000080012040 mem 0x0000000080031f38
core   0: 0x000000008000ffa0 (0xfb843783) ld      a5, -72(s0)
core   0: 3 0x000000008000ffa0 (0xfb843783) x15 0x000000000000009c mem 0x0000000080031f28
core   0: 0x000000008000ffa4 (0x000097ba) c.add   a5, a4
core   0: 3 0x000000008000ffa4 (0x97ba) x15 0x00000000800120dc
core   0: 0x000000008000ffa6 (0xfe043703) ld      a4, -32(s0)
core   0: 3 0x000000008000ffa6 (0xfe043703) x14 0x00000000800120aa mem 0x0000000080031f50
core   0: 0x000000008000ffaa (0xfcf76de3) bltu    a4, a5, pc - 38
core   0: 3 0x000000008000ffaa (0xfcf76de3)
core   0: 0x000000008000ff84 (0xfe043783) ld      a5, -32(s0)
core   0: 3 0x000000008000ff84 (0xfe043783) x15 0x00000000800120aa mem 0x0000000080031f50
core   0: 0x000000008000ff88 (0x00178713) addi    a4, a5, 1
core   0: 3 0x000000008000ff88 (0x00178713) x14 0x00000000800120ab
core   0: 0x000000008000ff8c (0xfee43023) sd      a4, -32(s0)
core   0: 3 0x000000008000ff8c (0xfee43023) mem 0x0000000080031f50 0x00000000800120ab
core   0: 0x000000008000ff90 (0xfc442703) lw      a4, -60(s0)
core   0: 3 0x000000008000ff90 (0xfc442703) x14 0x0000000000000000 mem 0x0000000080031f34
core   0: 0x000000008000ff94 (0x0ff77713) andi    a4, a4, 255
core   0: 3 0x000000008000ff94 (0x0ff77713) x14 0x0000000000000000
core   0: 0x000000008000ff98 (0x00e78023) sb      a4, 0(a5)
core   0: 3 0x000000008000ff98 (0x00e78023) mem 0x00000000800120aa 0x00
core   0: 0x000000008000ff9c (0xfc843703) ld      a4, -56(s0)
core   0: 3 0x000000008000ff9c (0xfc843703) x14 0x0000000080012040 mem 0x0000000080031f38
core   0: 0x000000008000ffa0 (0xfb843783) ld      a5, -72(s0)
core   0: 3 0x000000008000ffa0 (0xfb843783) x15 0x000000000000009c mem 0x0000000080031f28
core   0: 0x000000008000ffa4 (0x000097ba) c.add   a5, a4
core   0: 3 0x000000008000ffa4 (0x97ba) x15 0x00000000800120dc
core   0: 0x000000008000ffa6 (0xfe043703) ld      a4, -32(s0)
core   0: 3 0x000000008000ffa6 (0xfe043703) x14 0x00000000800120ab mem 0x0000000080031f50
core   0: 0x000000008000ffaa (0xfcf76de3) bltu    a4, a5, pc - 38
core   0: 3 0x000000008000ffaa (0xfcf76de3)
core   0: 0x000000008000ff84 (0xfe043783) ld      a5, -32(s0)
core   0: 3 0x000000008000ff84 (0xfe043783) x15 0x00000000800120ab mem 0x0000000080031f50
core   0: 0x000000008000ff88 (0x00178713) addi    a4, a5, 1
core   0: 3 0x000000008000ff88 (0x00178713) x14 0x00000000800120ac
core   0: 0x000000008000ff8c (0xfee43023) sd      a4, -32(s0)
core   0: 3 0x000000008000ff8c (0xfee43023) mem 0x0000000080031f50 0x00000000800120ac
core   0: 0x000000008000ff90 (0xfc442703) lw      a4, -60(s0)
core   0: 3 0x000000008000ff90 (0xfc442703) x14 0x0000000000000000 mem 0x0000000080031f34
core   0: 0x000000008000ff94 (0x0ff77713) andi    a4, a4, 255
core   0: 3 0x000000008000ff94 (0x0ff77713) x14 0x0000000000000000
core   0: 0x000000008000ff98 (0x00e78023) sb      a4, 0(a5)
core   0: 3 0x000000008000ff98 (0x00e78023) mem 0x00000000800120ab 0x00
core   0: 0x000000008000ff9c (0xfc843703) ld      a4, -56(s0)
core   0: 3 0x000000008000ff9c (0xfc843703) x14 0x0000000080012040 mem 0x0000000080031f38
core   0: 0x000000008000ffa0 (0xfb843783) ld      a5, -72(s0)
core   0: 3 0x000000008000ffa0 (0xfb843783) x15 0x000000000000009c mem 0x0000000080031f28
core   0: 0x000000008000ffa4 (0x000097ba) c.add   a5, a4
core   0: 3 0x000000008000ffa4 (0x97ba) x15 0x00000000800120dc
core   0: 0x000000008000ffa6 (0xfe043703) ld      a4, -32(s0)
core   0: 3 0x000000008000ffa6 (0xfe043703) x14 0x00000000800120ac mem 0x0000000080031f50
core   0: 0x000000008000ffaa (0xfcf76de3) bltu    a4, a5, pc - 38
core   0: 3 0x000000008000ffaa (0xfcf76de3)
core   0: 0x000000008000ff84 (0xfe043783) ld      a5, -32(s0)
core   0: 3 0x000000008000ff84 (0xfe043783) x15 0x00000000800120ac mem 0x0000000080031f50
core   0: 0x000000008000ff88 (0x00178713) addi    a4, a5, 1
core   0: 3 0x000000008000ff88 (0x00178713) x14 0x00000000800120ad
core   0: 0x000000008000ff8c (0xfee43023) sd      a4, -32(s0)
core   0: 3 0x000000008000ff8c (0xfee43023) mem 0x0000000080031f50 0x00000000800120ad
core   0: 0x000000008000ff90 (0xfc442703) lw      a4, -60(s0)
core   0: 3 0x000000008000ff90 (0xfc442703) x14 0x0000000000000000 mem 0x0000000080031f34
core   0: 0x000000008000ff94 (0x0ff77713) andi    a4, a4, 255
core   0: 3 0x000000008000ff94 (0x0ff77713) x14 0x0000000000000000
core   0: 0x000000008000ff98 (0x00e78023) sb      a4, 0(a5)
core   0: 3 0x000000008000ff98 (0x00e78023) mem 0x00000000800120ac 0x00
core   0: 0x000000008000ff9c (0xfc843703) ld      a4, -56(s0)
core   0: 3 0x000000008000ff9c (0xfc843703) x14 0x0000000080012040 mem 0x0000000080031f38
core   0: 0x000000008000ffa0 (0xfb843783) ld      a5, -72(s0)
core   0: 3 0x000000008000ffa0 (0xfb843783) x15 0x000000000000009c mem 0x0000000080031f28
core   0: 0x000000008000ffa4 (0x000097ba) c.add   a5, a4
core   0: 3 0x000000008000ffa4 (0x97ba) x15 0x00000000800120dc
core   0: 0x000000008000ffa6 (0xfe043703) ld      a4, -32(s0)
core   0: 3 0x000000008000ffa6 (0xfe043703) x14 0x00000000800120ad mem 0x0000000080031f50
core   0: 0x000000008000ffaa (0xfcf76de3) bltu    a4, a5, pc - 38
core   0: 3 0x000000008000ffaa (0xfcf76de3)
core   0: 0x000000008000ff84 (0xfe043783) ld      a5, -32(s0)
core   0: 3 0x000000008000ff84 (0xfe043783) x15 0x00000000800120ad mem 0x0000000080031f50
core   0: 0x000000008000ff88 (0x00178713) addi    a4, a5, 1
core   0: 3 0x000000008000ff88 (0x00178713) x14 0x00000000800120ae
core   0: 0x000000008000ff8c (0xfee43023) sd      a4, -32(s0)
core   0: 3 0x000000008000ff8c (0xfee43023) mem 0x0000000080031f50 0x00000000800120ae
core   0: 0x000000008000ff90 (0xfc442703) lw      a4, -60(s0)
core   0: 3 0x000000008000ff90 (0xfc442703) x14 0x0000000000000000 mem 0x0000000080031f34
core   0: 0x000000008000ff94 (0x0ff77713) andi    a4, a4, 255
core   0: 3 0x000000008000ff94 (0x0ff77713) x14 0x0000000000000000
core   0: 0x000000008000ff98 (0x00e78023) sb      a4, 0(a5)
core   0: 3 0x000000008000ff98 (0x00e78023) mem 0x00000000800120ad 0x00
core   0: 0x000000008000ff9c (0xfc843703) ld      a4, -56(s0)
core   0: 3 0x000000008000ff9c (0xfc843703) x14 0x0000000080012040 mem 0x0000000080031f38
core   0: 0x000000008000ffa0 (0xfb843783) ld      a5, -72(s0)
core   0: 3 0x000000008000ffa0 (0xfb843783) x15 0x000000000000009c mem 0x0000000080031f28
core   0: 0x000000008000ffa4 (0x000097ba) c.add   a5, a4
core   0: 3 0x000000008000ffa4 (0x97ba) x15 0x00000000800120dc
core   0: 0x000000008000ffa6 (0xfe043703) ld      a4, -32(s0)
core   0: 3 0x000000008000ffa6 (0xfe043703) x14 0x00000000800120ae mem 0x0000000080031f50
core   0: 0x000000008000ffaa (0xfcf76de3) bltu    a4, a5, pc - 38
core   0: 3 0x000000008000ffaa (0xfcf76de3)
core   0: 0x000000008000ff84 (0xfe043783) ld      a5, -32(s0)
core   0: 3 0x000000008000ff84 (0xfe043783) x15 0x00000000800120ae mem 0x0000000080031f50
core   0: 0x000000008000ff88 (0x00178713) addi    a4, a5, 1
core   0: 3 0x000000008000ff88 (0x00178713) x14 0x00000000800120af
core   0: 0x000000008000ff8c (0xfee43023) sd      a4, -32(s0)
core   0: 3 0x000000008000ff8c (0xfee43023) mem 0x0000000080031f50 0x00000000800120af
core   0: 0x000000008000ff90 (0xfc442703) lw      a4, -60(s0)
core   0: 3 0x000000008000ff90 (0xfc442703) x14 0x0000000000000000 mem 0x0000000080031f34
core   0: 0x000000008000ff94 (0x0ff77713) andi    a4, a4, 255
core   0: 3 0x000000008000ff94 (0x0ff77713) x14 0x0000000000000000
core   0: 0x000000008000ff98 (0x00e78023) sb      a4, 0(a5)
core   0: 3 0x000000008000ff98 (0x00e78023) mem 0x00000000800120ae 0x00
core   0: 0x000000008000ff9c (0xfc843703) ld      a4, -56(s0)
core   0: 3 0x000000008000ff9c (0xfc843703) x14 0x0000000080012040 mem 0x0000000080031f38
core   0: 0x000000008000ffa0 (0xfb843783) ld      a5, -72(s0)
core   0: 3 0x000000008000ffa0 (0xfb843783) x15 0x000000000000009c mem 0x0000000080031f28
core   0: 0x000000008000ffa4 (0x000097ba) c.add   a5, a4
core   0: 3 0x000000008000ffa4 (0x97ba) x15 0x00000000800120dc
core   0: 0x000000008000ffa6 (0xfe043703) ld      a4, -32(s0)
core   0: 3 0x000000008000ffa6 (0xfe043703) x14 0x00000000800120af mem 0x0000000080031f50
core   0: 0x000000008000ffaa (0xfcf76de3) bltu    a4, a5, pc - 38
core   0: 3 0x000000008000ffaa (0xfcf76de3)
core   0: 0x000000008000ff84 (0xfe043783) ld      a5, -32(s0)
core   0: 3 0x000000008000ff84 (0xfe043783) x15 0x00000000800120af mem 0x0000000080031f50
core   0: 0x000000008000ff88 (0x00178713) addi    a4, a5, 1
core   0: 3 0x000000008000ff88 (0x00178713) x14 0x00000000800120b0
core   0: 0x000000008000ff8c (0xfee43023) sd      a4, -32(s0)
core   0: 3 0x000000008000ff8c (0xfee43023) mem 0x0000000080031f50 0x00000000800120b0
core   0: 0x000000008000ff90 (0xfc442703) lw      a4, -60(s0)
core   0: 3 0x000000008000ff90 (0xfc442703) x14 0x0000000000000000 mem 0x0000000080031f34
core   0: 0x000000008000ff94 (0x0ff77713) andi    a4, a4, 255
core   0: 3 0x000000008000ff94 (0x0ff77713) x14 0x0000000000000000
core   0: 0x000000008000ff98 (0x00e78023) sb      a4, 0(a5)
core   0: 3 0x000000008000ff98 (0x00e78023) mem 0x00000000800120af 0x00
core   0: 0x000000008000ff9c (0xfc843703) ld      a4, -56(s0)
core   0: 3 0x000000008000ff9c (0xfc843703) x14 0x0000000080012040 mem 0x0000000080031f38
core   0: 0x000000008000ffa0 (0xfb843783) ld      a5, -72(s0)
core   0: 3 0x000000008000ffa0 (0xfb843783) x15 0x000000000000009c mem 0x0000000080031f28
core   0: 0x000000008000ffa4 (0x000097ba) c.add   a5, a4
core   0: 3 0x000000008000ffa4 (0x97ba) x15 0x00000000800120dc
core   0: 0x000000008000ffa6 (0xfe043703) ld      a4, -32(s0)
core   0: 3 0x000000008000ffa6 (0xfe043703) x14 0x00000000800120b0 mem 0x0000000080031f50
core   0: 0x000000008000ffaa (0xfcf76de3) bltu    a4, a5, pc - 38
core   0: 3 0x000000008000ffaa (0xfcf76de3)
core   0: 0x000000008000ff84 (0xfe043783) ld      a5, -32(s0)
core   0: 3 0x000000008000ff84 (0xfe043783) x15 0x00000000800120b0 mem 0x0000000080031f50
core   0: 0x000000008000ff88 (0x00178713) addi    a4, a5, 1
core   0: 3 0x000000008000ff88 (0x00178713) x14 0x00000000800120b1
core   0: 0x000000008000ff8c (0xfee43023) sd      a4, -32(s0)
core   0: 3 0x000000008000ff8c (0xfee43023) mem 0x0000000080031f50 0x00000000800120b1
core   0: 0x000000008000ff90 (0xfc442703) lw      a4, -60(s0)
core   0: 3 0x000000008000ff90 (0xfc442703) x14 0x0000000000000000 mem 0x0000000080031f34
core   0: 0x000000008000ff94 (0x0ff77713) andi    a4, a4, 255
core   0: 3 0x000000008000ff94 (0x0ff77713) x14 0x0000000000000000
core   0: 0x000000008000ff98 (0x00e78023) sb      a4, 0(a5)
core   0: 3 0x000000008000ff98 (0x00e78023) mem 0x00000000800120b0 0x00
core   0: 0x000000008000ff9c (0xfc843703) ld      a4, -56(s0)
core   0: 3 0x000000008000ff9c (0xfc843703) x14 0x0000000080012040 mem 0x0000000080031f38
core   0: 0x000000008000ffa0 (0xfb843783) ld      a5, -72(s0)
core   0: 3 0x000000008000ffa0 (0xfb843783) x15 0x000000000000009c mem 0x0000000080031f28
core   0: 0x000000008000ffa4 (0x000097ba) c.add   a5, a4
core   0: 3 0x000000008000ffa4 (0x97ba) x15 0x00000000800120dc
core   0: 0x000000008000ffa6 (0xfe043703) ld      a4, -32(s0)
core   0: 3 0x000000008000ffa6 (0xfe043703) x14 0x00000000800120b1 mem 0x0000000080031f50
core   0: 0x000000008000ffaa (0xfcf76de3) bltu    a4, a5, pc - 38
core   0: 3 0x000000008000ffaa (0xfcf76de3)
core   0: 0x000000008000ff84 (0xfe043783) ld      a5, -32(s0)
core   0: 3 0x000000008000ff84 (0xfe043783) x15 0x00000000800120b1 mem 0x0000000080031f50
core   0: 0x000000008000ff88 (0x00178713) addi    a4, a5, 1
core   0: 3 0x000000008000ff88 (0x00178713) x14 0x00000000800120b2
core   0: 0x000000008000ff8c (0xfee43023) sd      a4, -32(s0)
core   0: 3 0x000000008000ff8c (0xfee43023) mem 0x0000000080031f50 0x00000000800120b2
core   0: 0x000000008000ff90 (0xfc442703) lw      a4, -60(s0)
core   0: 3 0x000000008000ff90 (0xfc442703) x14 0x0000000000000000 mem 0x0000000080031f34
core   0: 0x000000008000ff94 (0x0ff77713) andi    a4, a4, 255
core   0: 3 0x000000008000ff94 (0x0ff77713) x14 0x0000000000000000
core   0: 0x000000008000ff98 (0x00e78023) sb      a4, 0(a5)
core   0: 3 0x000000008000ff98 (0x00e78023) mem 0x00000000800120b1 0x00
core   0: 0x000000008000ff9c (0xfc843703) ld      a4, -56(s0)
core   0: 3 0x000000008000ff9c (0xfc843703) x14 0x0000000080012040 mem 0x0000000080031f38
core   0: 0x000000008000ffa0 (0xfb843783) ld      a5, -72(s0)
core   0: 3 0x000000008000ffa0 (0xfb843783) x15 0x000000000000009c mem 0x0000000080031f28
core   0: 0x000000008000ffa4 (0x000097ba) c.add   a5, a4
core   0: 3 0x000000008000ffa4 (0x97ba) x15 0x00000000800120dc
core   0: 0x000000008000ffa6 (0xfe043703) ld      a4, -32(s0)
core   0: 3 0x000000008000ffa6 (0xfe043703) x14 0x00000000800120b2 mem 0x0000000080031f50
core   0: 0x000000008000ffaa (0xfcf76de3) bltu    a4, a5, pc - 38
core   0: 3 0x000000008000ffaa (0xfcf76de3)
core   0: 0x000000008000ff84 (0xfe043783) ld      a5, -32(s0)
core   0: 3 0x000000008000ff84 (0xfe043783) x15 0x00000000800120b2 mem 0x0000000080031f50
core   0: 0x000000008000ff88 (0x00178713) addi    a4, a5, 1
core   0: 3 0x000000008000ff88 (0x00178713) x14 0x00000000800120b3
core   0: 0x000000008000ff8c (0xfee43023) sd      a4, -32(s0)
core   0: 3 0x000000008000ff8c (0xfee43023) mem 0x0000000080031f50 0x00000000800120b3
core   0: 0x000000008000ff90 (0xfc442703) lw      a4, -60(s0)
core   0: 3 0x000000008000ff90 (0xfc442703) x14 0x0000000000000000 mem 0x0000000080031f34
core   0: 0x000000008000ff94 (0x0ff77713) andi    a4, a4, 255
core   0: 3 0x000000008000ff94 (0x0ff77713) x14 0x0000000000000000
core   0: 0x000000008000ff98 (0x00e78023) sb      a4, 0(a5)
core   0: 3 0x000000008000ff98 (0x00e78023) mem 0x00000000800120b2 0x00
core   0: 0x000000008000ff9c (0xfc843703) ld      a4, -56(s0)
core   0: 3 0x000000008000ff9c (0xfc843703) x14 0x0000000080012040 mem 0x0000000080031f38
core   0: 0x000000008000ffa0 (0xfb843783) ld      a5, -72(s0)
core   0: 3 0x000000008000ffa0 (0xfb843783) x15 0x000000000000009c mem 0x0000000080031f28
core   0: 0x000000008000ffa4 (0x000097ba) c.add   a5, a4
core   0: 3 0x000000008000ffa4 (0x97ba) x15 0x00000000800120dc
core   0: 0x000000008000ffa6 (0xfe043703) ld      a4, -32(s0)
core   0: 3 0x000000008000ffa6 (0xfe043703) x14 0x00000000800120b3 mem 0x0000000080031f50
core   0: 0x000000008000ffaa (0xfcf76de3) bltu    a4, a5, pc - 38
core   0: 3 0x000000008000ffaa (0xfcf76de3)
core   0: 0x000000008000ff84 (0xfe043783) ld      a5, -32(s0)
core   0: 3 0x000000008000ff84 (0xfe043783) x15 0x00000000800120b3 mem 0x0000000080031f50
core   0: 0x000000008000ff88 (0x00178713) addi    a4, a5, 1
core   0: 3 0x000000008000ff88 (0x00178713) x14 0x00000000800120b4
core   0: 0x000000008000ff8c (0xfee43023) sd      a4, -32(s0)
core   0: 3 0x000000008000ff8c (0xfee43023) mem 0x0000000080031f50 0x00000000800120b4
core   0: 0x000000008000ff90 (0xfc442703) lw      a4, -60(s0)
core   0: 3 0x000000008000ff90 (0xfc442703) x14 0x0000000000000000 mem 0x0000000080031f34
core   0: 0x000000008000ff94 (0x0ff77713) andi    a4, a4, 255
core   0: 3 0x000000008000ff94 (0x0ff77713) x14 0x0000000000000000
core   0: 0x000000008000ff98 (0x00e78023) sb      a4, 0(a5)
core   0: 3 0x000000008000ff98 (0x00e78023) mem 0x00000000800120b3 0x00
core   0: 0x000000008000ff9c (0xfc843703) ld      a4, -56(s0)
core   0: 3 0x000000008000ff9c (0xfc843703) x14 0x0000000080012040 mem 0x0000000080031f38
core   0: 0x000000008000ffa0 (0xfb843783) ld      a5, -72(s0)
core   0: 3 0x000000008000ffa0 (0xfb843783) x15 0x000000000000009c mem 0x0000000080031f28
core   0: 0x000000008000ffa4 (0x000097ba) c.add   a5, a4
core   0: 3 0x000000008000ffa4 (0x97ba) x15 0x00000000800120dc
core   0: 0x000000008000ffa6 (0xfe043703) ld      a4, -32(s0)
core   0: 3 0x000000008000ffa6 (0xfe043703) x14 0x00000000800120b4 mem 0x0000000080031f50
core   0: 0x000000008000ffaa (0xfcf76de3) bltu    a4, a5, pc - 38
core   0: 3 0x000000008000ffaa (0xfcf76de3)
core   0: 0x000000008000ff84 (0xfe043783) ld      a5, -32(s0)
core   0: 3 0x000000008000ff84 (0xfe043783) x15 0x00000000800120b4 mem 0x0000000080031f50
core   0: 0x000000008000ff88 (0x00178713) addi    a4, a5, 1
core   0: 3 0x000000008000ff88 (0x00178713) x14 0x00000000800120b5
core   0: 0x000000008000ff8c (0xfee43023) sd      a4, -32(s0)
core   0: 3 0x000000008000ff8c (0xfee43023) mem 0x0000000080031f50 0x00000000800120b5
core   0: 0x000000008000ff90 (0xfc442703) lw      a4, -60(s0)
core   0: 3 0x000000008000ff90 (0xfc442703) x14 0x0000000000000000 mem 0x0000000080031f34
core   0: 0x000000008000ff94 (0x0ff77713) andi    a4, a4, 255
core   0: 3 0x000000008000ff94 (0x0ff77713) x14 0x0000000000000000
core   0: 0x000000008000ff98 (0x00e78023) sb      a4, 0(a5)
core   0: 3 0x000000008000ff98 (0x00e78023) mem 0x00000000800120b4 0x00
core   0: 0x000000008000ff9c (0xfc843703) ld      a4, -56(s0)
core   0: 3 0x000000008000ff9c (0xfc843703) x14 0x0000000080012040 mem 0x0000000080031f38
core   0: 0x000000008000ffa0 (0xfb843783) ld      a5, -72(s0)
core   0: 3 0x000000008000ffa0 (0xfb843783) x15 0x000000000000009c mem 0x0000000080031f28
core   0: 0x000000008000ffa4 (0x000097ba) c.add   a5, a4
core   0: 3 0x000000008000ffa4 (0x97ba) x15 0x00000000800120dc
core   0: 0x000000008000ffa6 (0xfe043703) ld      a4, -32(s0)
core   0: 3 0x000000008000ffa6 (0xfe043703) x14 0x00000000800120b5 mem 0x0000000080031f50
core   0: 0x000000008000ffaa (0xfcf76de3) bltu    a4, a5, pc - 38
core   0: 3 0x000000008000ffaa (0xfcf76de3)
core   0: 0x000000008000ff84 (0xfe043783) ld      a5, -32(s0)
core   0: 3 0x000000008000ff84 (0xfe043783) x15 0x00000000800120b5 mem 0x0000000080031f50
core   0: 0x000000008000ff88 (0x00178713) addi    a4, a5, 1
core   0: 3 0x000000008000ff88 (0x00178713) x14 0x00000000800120b6
core   0: 0x000000008000ff8c (0xfee43023) sd      a4, -32(s0)
core   0: 3 0x000000008000ff8c (0xfee43023) mem 0x0000000080031f50 0x00000000800120b6
core   0: 0x000000008000ff90 (0xfc442703) lw      a4, -60(s0)
core   0: 3 0x000000008000ff90 (0xfc442703) x14 0x0000000000000000 mem 0x0000000080031f34
core   0: 0x000000008000ff94 (0x0ff77713) andi    a4, a4, 255
core   0: 3 0x000000008000ff94 (0x0ff77713) x14 0x0000000000000000
core   0: 0x000000008000ff98 (0x00e78023) sb      a4, 0(a5)
core   0: 3 0x000000008000ff98 (0x00e78023) mem 0x00000000800120b5 0x00
core   0: 0x000000008000ff9c (0xfc843703) ld      a4, -56(s0)
core   0: 3 0x000000008000ff9c (0xfc843703) x14 0x0000000080012040 mem 0x0000000080031f38
core   0: 0x000000008000ffa0 (0xfb843783) ld      a5, -72(s0)
core   0: 3 0x000000008000ffa0 (0xfb843783) x15 0x000000000000009c mem 0x0000000080031f28
core   0: 0x000000008000ffa4 (0x000097ba) c.add   a5, a4
core   0: 3 0x000000008000ffa4 (0x97ba) x15 0x00000000800120dc
core   0: 0x000000008000ffa6 (0xfe043703) ld      a4, -32(s0)
core   0: 3 0x000000008000ffa6 (0xfe043703) x14 0x00000000800120b6 mem 0x0000000080031f50
core   0: 0x000000008000ffaa (0xfcf76de3) bltu    a4, a5, pc - 38
core   0: 3 0x000000008000ffaa (0xfcf76de3)
core   0: 0x000000008000ff84 (0xfe043783) ld      a5, -32(s0)
core   0: 3 0x000000008000ff84 (0xfe043783) x15 0x00000000800120b6 mem 0x0000000080031f50
core   0: 0x000000008000ff88 (0x00178713) addi    a4, a5, 1
core   0: 3 0x000000008000ff88 (0x00178713) x14 0x00000000800120b7
core   0: 0x000000008000ff8c (0xfee43023) sd      a4, -32(s0)
core   0: 3 0x000000008000ff8c (0xfee43023) mem 0x0000000080031f50 0x00000000800120b7
core   0: 0x000000008000ff90 (0xfc442703) lw      a4, -60(s0)
core   0: 3 0x000000008000ff90 (0xfc442703) x14 0x0000000000000000 mem 0x0000000080031f34
core   0: 0x000000008000ff94 (0x0ff77713) andi    a4, a4, 255
core   0: 3 0x000000008000ff94 (0x0ff77713) x14 0x0000000000000000
core   0: 0x000000008000ff98 (0x00e78023) sb      a4, 0(a5)
core   0: 3 0x000000008000ff98 (0x00e78023) mem 0x00000000800120b6 0x00
core   0: 0x000000008000ff9c (0xfc843703) ld      a4, -56(s0)
core   0: 3 0x000000008000ff9c (0xfc843703) x14 0x0000000080012040 mem 0x0000000080031f38
core   0: 0x000000008000ffa0 (0xfb843783) ld      a5, -72(s0)
core   0: 3 0x000000008000ffa0 (0xfb843783) x15 0x000000000000009c mem 0x0000000080031f28
core   0: 0x000000008000ffa4 (0x000097ba) c.add   a5, a4
core   0: 3 0x000000008000ffa4 (0x97ba) x15 0x00000000800120dc
core   0: 0x000000008000ffa6 (0xfe043703) ld      a4, -32(s0)
core   0: 3 0x000000008000ffa6 (0xfe043703) x14 0x00000000800120b7 mem 0x0000000080031f50
core   0: 0x000000008000ffaa (0xfcf76de3) bltu    a4, a5, pc - 38
core   0: 3 0x000000008000ffaa (0xfcf76de3)
core   0: 0x000000008000ff84 (0xfe043783) ld      a5, -32(s0)
core   0: 3 0x000000008000ff84 (0xfe043783) x15 0x00000000800120b7 mem 0x0000000080031f50
core   0: 0x000000008000ff88 (0x00178713) addi    a4, a5, 1
core   0: 3 0x000000008000ff88 (0x00178713) x14 0x00000000800120b8
core   0: 0x000000008000ff8c (0xfee43023) sd      a4, -32(s0)
core   0: 3 0x000000008000ff8c (0xfee43023) mem 0x0000000080031f50 0x00000000800120b8
core   0: 0x000000008000ff90 (0xfc442703) lw      a4, -60(s0)
core   0: 3 0x000000008000ff90 (0xfc442703) x14 0x0000000000000000 mem 0x0000000080031f34
core   0: 0x000000008000ff94 (0x0ff77713) andi    a4, a4, 255
core   0: 3 0x000000008000ff94 (0x0ff77713) x14 0x0000000000000000
core   0: 0x000000008000ff98 (0x00e78023) sb      a4, 0(a5)
core   0: 3 0x000000008000ff98 (0x00e78023) mem 0x00000000800120b7 0x00
core   0: 0x000000008000ff9c (0xfc843703) ld      a4, -56(s0)
core   0: 3 0x000000008000ff9c (0xfc843703) x14 0x0000000080012040 mem 0x0000000080031f38
core   0: 0x000000008000ffa0 (0xfb843783) ld      a5, -72(s0)
core   0: 3 0x000000008000ffa0 (0xfb843783) x15 0x000000000000009c mem 0x0000000080031f28
core   0: 0x000000008000ffa4 (0x000097ba) c.add   a5, a4
core   0: 3 0x000000008000ffa4 (0x97ba) x15 0x00000000800120dc
core   0: 0x000000008000ffa6 (0xfe043703) ld      a4, -32(s0)
core   0: 3 0x000000008000ffa6 (0xfe043703) x14 0x00000000800120b8 mem 0x0000000080031f50
core   0: 0x000000008000ffaa (0xfcf76de3) bltu    a4, a5, pc - 38
core   0: 3 0x000000008000ffaa (0xfcf76de3)
core   0: 0x000000008000ff84 (0xfe043783) ld      a5, -32(s0)
core   0: 3 0x000000008000ff84 (0xfe043783) x15 0x00000000800120b8 mem 0x0000000080031f50
core   0: 0x000000008000ff88 (0x00178713) addi    a4, a5, 1
core   0: 3 0x000000008000ff88 (0x00178713) x14 0x00000000800120b9
core   0: 0x000000008000ff8c (0xfee43023) sd      a4, -32(s0)
core   0: 3 0x000000008000ff8c (0xfee43023) mem 0x0000000080031f50 0x00000000800120b9
core   0: 0x000000008000ff90 (0xfc442703) lw      a4, -60(s0)
core   0: 3 0x000000008000ff90 (0xfc442703) x14 0x0000000000000000 mem 0x0000000080031f34
core   0: 0x000000008000ff94 (0x0ff77713) andi    a4, a4, 255
core   0: 3 0x000000008000ff94 (0x0ff77713) x14 0x0000000000000000
core   0: 0x000000008000ff98 (0x00e78023) sb      a4, 0(a5)
core   0: 3 0x000000008000ff98 (0x00e78023) mem 0x00000000800120b8 0x00
core   0: 0x000000008000ff9c (0xfc843703) ld      a4, -56(s0)
core   0: 3 0x000000008000ff9c (0xfc843703) x14 0x0000000080012040 mem 0x0000000080031f38
core   0: 0x000000008000ffa0 (0xfb843783) ld      a5, -72(s0)
core   0: 3 0x000000008000ffa0 (0xfb843783) x15 0x000000000000009c mem 0x0000000080031f28
core   0: 0x000000008000ffa4 (0x000097ba) c.add   a5, a4
core   0: 3 0x000000008000ffa4 (0x97ba) x15 0x00000000800120dc
core   0: 0x000000008000ffa6 (0xfe043703) ld      a4, -32(s0)
core   0: 3 0x000000008000ffa6 (0xfe043703) x14 0x00000000800120b9 mem 0x0000000080031f50
core   0: 0x000000008000ffaa (0xfcf76de3) bltu    a4, a5, pc - 38
core   0: 3 0x000000008000ffaa (0xfcf76de3)
core   0: 0x000000008000ff84 (0xfe043783) ld      a5, -32(s0)
core   0: 3 0x000000008000ff84 (0xfe043783) x15 0x00000000800120b9 mem 0x0000000080031f50
core   0: 0x000000008000ff88 (0x00178713) addi    a4, a5, 1
core   0: 3 0x000000008000ff88 (0x00178713) x14 0x00000000800120ba
core   0: 0x000000008000ff8c (0xfee43023) sd      a4, -32(s0)
core   0: 3 0x000000008000ff8c (0xfee43023) mem 0x0000000080031f50 0x00000000800120ba
core   0: 0x000000008000ff90 (0xfc442703) lw      a4, -60(s0)
core   0: 3 0x000000008000ff90 (0xfc442703) x14 0x0000000000000000 mem 0x0000000080031f34
core   0: 0x000000008000ff94 (0x0ff77713) andi    a4, a4, 255
core   0: 3 0x000000008000ff94 (0x0ff77713) x14 0x0000000000000000
core   0: 0x000000008000ff98 (0x00e78023) sb      a4, 0(a5)
core   0: 3 0x000000008000ff98 (0x00e78023) mem 0x00000000800120b9 0x00
core   0: 0x000000008000ff9c (0xfc843703) ld      a4, -56(s0)
core   0: 3 0x000000008000ff9c (0xfc843703) x14 0x0000000080012040 mem 0x0000000080031f38
core   0: 0x000000008000ffa0 (0xfb843783) ld      a5, -72(s0)
core   0: 3 0x000000008000ffa0 (0xfb843783) x15 0x000000000000009c mem 0x0000000080031f28
core   0: 0x000000008000ffa4 (0x000097ba) c.add   a5, a4
core   0: 3 0x000000008000ffa4 (0x97ba) x15 0x00000000800120dc
core   0: 0x000000008000ffa6 (0xfe043703) ld      a4, -32(s0)
core   0: 3 0x000000008000ffa6 (0xfe043703) x14 0x00000000800120ba mem 0x0000000080031f50
core   0: 0x000000008000ffaa (0xfcf76de3) bltu    a4, a5, pc - 38
core   0: 3 0x000000008000ffaa (0xfcf76de3)
core   0: 0x000000008000ff84 (0xfe043783) ld      a5, -32(s0)
core   0: 3 0x000000008000ff84 (0xfe043783) x15 0x00000000800120ba mem 0x0000000080031f50
core   0: 0x000000008000ff88 (0x00178713) addi    a4, a5, 1
core   0: 3 0x000000008000ff88 (0x00178713) x14 0x00000000800120bb
core   0: 0x000000008000ff8c (0xfee43023) sd      a4, -32(s0)
core   0: 3 0x000000008000ff8c (0xfee43023) mem 0x0000000080031f50 0x00000000800120bb
core   0: 0x000000008000ff90 (0xfc442703) lw      a4, -60(s0)
core   0: 3 0x000000008000ff90 (0xfc442703) x14 0x0000000000000000 mem 0x0000000080031f34
core   0: 0x000000008000ff94 (0x0ff77713) andi    a4, a4, 255
core   0: 3 0x000000008000ff94 (0x0ff77713) x14 0x0000000000000000
core   0: 0x000000008000ff98 (0x00e78023) sb      a4, 0(a5)
core   0: 3 0x000000008000ff98 (0x00e78023) mem 0x00000000800120ba 0x00
core   0: 0x000000008000ff9c (0xfc843703) ld      a4, -56(s0)
core   0: 3 0x000000008000ff9c (0xfc843703) x14 0x0000000080012040 mem 0x0000000080031f38
core   0: 0x000000008000ffa0 (0xfb843783) ld      a5, -72(s0)
core   0: 3 0x000000008000ffa0 (0xfb843783) x15 0x000000000000009c mem 0x0000000080031f28
core   0: 0x000000008000ffa4 (0x000097ba) c.add   a5, a4
core   0: 3 0x000000008000ffa4 (0x97ba) x15 0x00000000800120dc
core   0: 0x000000008000ffa6 (0xfe043703) ld      a4, -32(s0)
core   0: 3 0x000000008000ffa6 (0xfe043703) x14 0x00000000800120bb mem 0x0000000080031f50
core   0: 0x000000008000ffaa (0xfcf76de3) bltu    a4, a5, pc - 38
core   0: 3 0x000000008000ffaa (0xfcf76de3)
core   0: 0x000000008000ff84 (0xfe043783) ld      a5, -32(s0)
core   0: 3 0x000000008000ff84 (0xfe043783) x15 0x00000000800120bb mem 0x0000000080031f50
core   0: 0x000000008000ff88 (0x00178713) addi    a4, a5, 1
core   0: 3 0x000000008000ff88 (0x00178713) x14 0x00000000800120bc
core   0: 0x000000008000ff8c (0xfee43023) sd      a4, -32(s0)
core   0: 3 0x000000008000ff8c (0xfee43023) mem 0x0000000080031f50 0x00000000800120bc
core   0: 0x000000008000ff90 (0xfc442703) lw      a4, -60(s0)
core   0: 3 0x000000008000ff90 (0xfc442703) x14 0x0000000000000000 mem 0x0000000080031f34
core   0: 0x000000008000ff94 (0x0ff77713) andi    a4, a4, 255
core   0: 3 0x000000008000ff94 (0x0ff77713) x14 0x0000000000000000
core   0: 0x000000008000ff98 (0x00e78023) sb      a4, 0(a5)
core   0: 3 0x000000008000ff98 (0x00e78023) mem 0x00000000800120bb 0x00
core   0: 0x000000008000ff9c (0xfc843703) ld      a4, -56(s0)
core   0: 3 0x000000008000ff9c (0xfc843703) x14 0x0000000080012040 mem 0x0000000080031f38
core   0: 0x000000008000ffa0 (0xfb843783) ld      a5, -72(s0)
core   0: 3 0x000000008000ffa0 (0xfb843783) x15 0x000000000000009c mem 0x0000000080031f28
core   0: 0x000000008000ffa4 (0x000097ba) c.add   a5, a4
core   0: 3 0x000000008000ffa4 (0x97ba) x15 0x00000000800120dc
core   0: 0x000000008000ffa6 (0xfe043703) ld      a4, -32(s0)
core   0: 3 0x000000008000ffa6 (0xfe043703) x14 0x00000000800120bc mem 0x0000000080031f50
core   0: 0x000000008000ffaa (0xfcf76de3) bltu    a4, a5, pc - 38
core   0: 3 0x000000008000ffaa (0xfcf76de3)
core   0: 0x000000008000ff84 (0xfe043783) ld      a5, -32(s0)
core   0: 3 0x000000008000ff84 (0xfe043783) x15 0x00000000800120bc mem 0x0000000080031f50
core   0: 0x000000008000ff88 (0x00178713) addi    a4, a5, 1
core   0: 3 0x000000008000ff88 (0x00178713) x14 0x00000000800120bd
core   0: 0x000000008000ff8c (0xfee43023) sd      a4, -32(s0)
core   0: 3 0x000000008000ff8c (0xfee43023) mem 0x0000000080031f50 0x00000000800120bd
core   0: 0x000000008000ff90 (0xfc442703) lw      a4, -60(s0)
core   0: 3 0x000000008000ff90 (0xfc442703) x14 0x0000000000000000 mem 0x0000000080031f34
core   0: 0x000000008000ff94 (0x0ff77713) andi    a4, a4, 255
core   0: 3 0x000000008000ff94 (0x0ff77713) x14 0x0000000000000000
core   0: 0x000000008000ff98 (0x00e78023) sb      a4, 0(a5)
core   0: 3 0x000000008000ff98 (0x00e78023) mem 0x00000000800120bc 0x00
core   0: 0x000000008000ff9c (0xfc843703) ld      a4, -56(s0)
core   0: 3 0x000000008000ff9c (0xfc843703) x14 0x0000000080012040 mem 0x0000000080031f38
core   0: 0x000000008000ffa0 (0xfb843783) ld      a5, -72(s0)
core   0: 3 0x000000008000ffa0 (0xfb843783) x15 0x000000000000009c mem 0x0000000080031f28
core   0: 0x000000008000ffa4 (0x000097ba) c.add   a5, a4
core   0: 3 0x000000008000ffa4 (0x97ba) x15 0x00000000800120dc
core   0: 0x000000008000ffa6 (0xfe043703) ld      a4, -32(s0)
core   0: 3 0x000000008000ffa6 (0xfe043703) x14 0x00000000800120bd mem 0x0000000080031f50
core   0: 0x000000008000ffaa (0xfcf76de3) bltu    a4, a5, pc - 38
core   0: 3 0x000000008000ffaa (0xfcf76de3)
core   0: 0x000000008000ff84 (0xfe043783) ld      a5, -32(s0)
core   0: 3 0x000000008000ff84 (0xfe043783) x15 0x00000000800120bd mem 0x0000000080031f50
core   0: 0x000000008000ff88 (0x00178713) addi    a4, a5, 1
core   0: 3 0x000000008000ff88 (0x00178713) x14 0x00000000800120be
core   0: 0x000000008000ff8c (0xfee43023) sd      a4, -32(s0)
core   0: 3 0x000000008000ff8c (0xfee43023) mem 0x0000000080031f50 0x00000000800120be
core   0: 0x000000008000ff90 (0xfc442703) lw      a4, -60(s0)
core   0: 3 0x000000008000ff90 (0xfc442703) x14 0x0000000000000000 mem 0x0000000080031f34
core   0: 0x000000008000ff94 (0x0ff77713) andi    a4, a4, 255
core   0: 3 0x000000008000ff94 (0x0ff77713) x14 0x0000000000000000
core   0: 0x000000008000ff98 (0x00e78023) sb      a4, 0(a5)
core   0: 3 0x000000008000ff98 (0x00e78023) mem 0x00000000800120bd 0x00
core   0: 0x000000008000ff9c (0xfc843703) ld      a4, -56(s0)
core   0: 3 0x000000008000ff9c (0xfc843703) x14 0x0000000080012040 mem 0x0000000080031f38
core   0: 0x000000008000ffa0 (0xfb843783) ld      a5, -72(s0)
core   0: 3 0x000000008000ffa0 (0xfb843783) x15 0x000000000000009c mem 0x0000000080031f28
core   0: 0x000000008000ffa4 (0x000097ba) c.add   a5, a4
core   0: 3 0x000000008000ffa4 (0x97ba) x15 0x00000000800120dc
core   0: 0x000000008000ffa6 (0xfe043703) ld      a4, -32(s0)
core   0: 3 0x000000008000ffa6 (0xfe043703) x14 0x00000000800120be mem 0x0000000080031f50
core   0: 0x000000008000ffaa (0xfcf76de3) bltu    a4, a5, pc - 38
core   0: 3 0x000000008000ffaa (0xfcf76de3)
core   0: 0x000000008000ff84 (0xfe043783) ld      a5, -32(s0)
core   0: 3 0x000000008000ff84 (0xfe043783) x15 0x00000000800120be mem 0x0000000080031f50
core   0: 0x000000008000ff88 (0x00178713) addi    a4, a5, 1
core   0: 3 0x000000008000ff88 (0x00178713) x14 0x00000000800120bf
core   0: 0x000000008000ff8c (0xfee43023) sd      a4, -32(s0)
core   0: 3 0x000000008000ff8c (0xfee43023) mem 0x0000000080031f50 0x00000000800120bf
core   0: 0x000000008000ff90 (0xfc442703) lw      a4, -60(s0)
core   0: 3 0x000000008000ff90 (0xfc442703) x14 0x0000000000000000 mem 0x0000000080031f34
core   0: 0x000000008000ff94 (0x0ff77713) andi    a4, a4, 255
core   0: 3 0x000000008000ff94 (0x0ff77713) x14 0x0000000000000000
core   0: 0x000000008000ff98 (0x00e78023) sb      a4, 0(a5)
core   0: 3 0x000000008000ff98 (0x00e78023) mem 0x00000000800120be 0x00
core   0: 0x000000008000ff9c (0xfc843703) ld      a4, -56(s0)
core   0: 3 0x000000008000ff9c (0xfc843703) x14 0x0000000080012040 mem 0x0000000080031f38
core   0: 0x000000008000ffa0 (0xfb843783) ld      a5, -72(s0)
core   0: 3 0x000000008000ffa0 (0xfb843783) x15 0x000000000000009c mem 0x0000000080031f28
core   0: 0x000000008000ffa4 (0x000097ba) c.add   a5, a4
core   0: 3 0x000000008000ffa4 (0x97ba) x15 0x00000000800120dc
core   0: 0x000000008000ffa6 (0xfe043703) ld      a4, -32(s0)
core   0: 3 0x000000008000ffa6 (0xfe043703) x14 0x00000000800120bf mem 0x0000000080031f50
core   0: 0x000000008000ffaa (0xfcf76de3) bltu    a4, a5, pc - 38
core   0: 3 0x000000008000ffaa (0xfcf76de3)
core   0: 0x000000008000ff84 (0xfe043783) ld      a5, -32(s0)
core   0: 3 0x000000008000ff84 (0xfe043783) x15 0x00000000800120bf mem 0x0000000080031f50
core   0: 0x000000008000ff88 (0x00178713) addi    a4, a5, 1
core   0: 3 0x000000008000ff88 (0x00178713) x14 0x00000000800120c0
core   0: 0x000000008000ff8c (0xfee43023) sd      a4, -32(s0)
core   0: 3 0x000000008000ff8c (0xfee43023) mem 0x0000000080031f50 0x00000000800120c0
core   0: 0x000000008000ff90 (0xfc442703) lw      a4, -60(s0)
core   0: 3 0x000000008000ff90 (0xfc442703) x14 0x0000000000000000 mem 0x0000000080031f34
core   0: 0x000000008000ff94 (0x0ff77713) andi    a4, a4, 255
core   0: 3 0x000000008000ff94 (0x0ff77713) x14 0x0000000000000000
core   0: 0x000000008000ff98 (0x00e78023) sb      a4, 0(a5)
core   0: 3 0x000000008000ff98 (0x00e78023) mem 0x00000000800120bf 0x00
core   0: 0x000000008000ff9c (0xfc843703) ld      a4, -56(s0)
core   0: 3 0x000000008000ff9c (0xfc843703) x14 0x0000000080012040 mem 0x0000000080031f38
core   0: 0x000000008000ffa0 (0xfb843783) ld      a5, -72(s0)
core   0: 3 0x000000008000ffa0 (0xfb843783) x15 0x000000000000009c mem 0x0000000080031f28
core   0: 0x000000008000ffa4 (0x000097ba) c.add   a5, a4
core   0: 3 0x000000008000ffa4 (0x97ba) x15 0x00000000800120dc
core   0: 0x000000008000ffa6 (0xfe043703) ld      a4, -32(s0)
core   0: 3 0x000000008000ffa6 (0xfe043703) x14 0x00000000800120c0 mem 0x0000000080031f50
core   0: 0x000000008000ffaa (0xfcf76de3) bltu    a4, a5, pc - 38
core   0: 3 0x000000008000ffaa (0xfcf76de3)
core   0: 0x000000008000ff84 (0xfe043783) ld      a5, -32(s0)
core   0: 3 0x000000008000ff84 (0xfe043783) x15 0x00000000800120c0 mem 0x0000000080031f50
core   0: 0x000000008000ff88 (0x00178713) addi    a4, a5, 1
core   0: 3 0x000000008000ff88 (0x00178713) x14 0x00000000800120c1
core   0: 0x000000008000ff8c (0xfee43023) sd      a4, -32(s0)
core   0: 3 0x000000008000ff8c (0xfee43023) mem 0x0000000080031f50 0x00000000800120c1
core   0: 0x000000008000ff90 (0xfc442703) lw      a4, -60(s0)
core   0: 3 0x000000008000ff90 (0xfc442703) x14 0x0000000000000000 mem 0x0000000080031f34
core   0: 0x000000008000ff94 (0x0ff77713) andi    a4, a4, 255
core   0: 3 0x000000008000ff94 (0x0ff77713) x14 0x0000000000000000
core   0: 0x000000008000ff98 (0x00e78023) sb      a4, 0(a5)
core   0: 3 0x000000008000ff98 (0x00e78023) mem 0x00000000800120c0 0x00
core   0: 0x000000008000ff9c (0xfc843703) ld      a4, -56(s0)
core   0: 3 0x000000008000ff9c (0xfc843703) x14 0x0000000080012040 mem 0x0000000080031f38
core   0: 0x000000008000ffa0 (0xfb843783) ld      a5, -72(s0)
core   0: 3 0x000000008000ffa0 (0xfb843783) x15 0x000000000000009c mem 0x0000000080031f28
core   0: 0x000000008000ffa4 (0x000097ba) c.add   a5, a4
core   0: 3 0x000000008000ffa4 (0x97ba) x15 0x00000000800120dc
core   0: 0x000000008000ffa6 (0xfe043703) ld      a4, -32(s0)
core   0: 3 0x000000008000ffa6 (0xfe043703) x14 0x00000000800120c1 mem 0x0000000080031f50
core   0: 0x000000008000ffaa (0xfcf76de3) bltu    a4, a5, pc - 38
core   0: 3 0x000000008000ffaa (0xfcf76de3)
core   0: 0x000000008000ff84 (0xfe043783) ld      a5, -32(s0)
core   0: 3 0x000000008000ff84 (0xfe043783) x15 0x00000000800120c1 mem 0x0000000080031f50
core   0: 0x000000008000ff88 (0x00178713) addi    a4, a5, 1
core   0: 3 0x000000008000ff88 (0x00178713) x14 0x00000000800120c2
core   0: 0x000000008000ff8c (0xfee43023) sd      a4, -32(s0)
core   0: 3 0x000000008000ff8c (0xfee43023) mem 0x0000000080031f50 0x00000000800120c2
core   0: 0x000000008000ff90 (0xfc442703) lw      a4, -60(s0)
core   0: 3 0x000000008000ff90 (0xfc442703) x14 0x0000000000000000 mem 0x0000000080031f34
core   0: 0x000000008000ff94 (0x0ff77713) andi    a4, a4, 255
core   0: 3 0x000000008000ff94 (0x0ff77713) x14 0x0000000000000000
core   0: 0x000000008000ff98 (0x00e78023) sb      a4, 0(a5)
core   0: 3 0x000000008000ff98 (0x00e78023) mem 0x00000000800120c1 0x00
core   0: 0x000000008000ff9c (0xfc843703) ld      a4, -56(s0)
core   0: 3 0x000000008000ff9c (0xfc843703) x14 0x0000000080012040 mem 0x0000000080031f38
core   0: 0x000000008000ffa0 (0xfb843783) ld      a5, -72(s0)
core   0: 3 0x000000008000ffa0 (0xfb843783) x15 0x000000000000009c mem 0x0000000080031f28
core   0: 0x000000008000ffa4 (0x000097ba) c.add   a5, a4
core   0: 3 0x000000008000ffa4 (0x97ba) x15 0x00000000800120dc
core   0: 0x000000008000ffa6 (0xfe043703) ld      a4, -32(s0)
core   0: 3 0x000000008000ffa6 (0xfe043703) x14 0x00000000800120c2 mem 0x0000000080031f50
core   0: 0x000000008000ffaa (0xfcf76de3) bltu    a4, a5, pc - 38
core   0: 3 0x000000008000ffaa (0xfcf76de3)
core   0: 0x000000008000ff84 (0xfe043783) ld      a5, -32(s0)
core   0: 3 0x000000008000ff84 (0xfe043783) x15 0x00000000800120c2 mem 0x0000000080031f50
core   0: 0x000000008000ff88 (0x00178713) addi    a4, a5, 1
core   0: 3 0x000000008000ff88 (0x00178713) x14 0x00000000800120c3
core   0: 0x000000008000ff8c (0xfee43023) sd      a4, -32(s0)
core   0: 3 0x000000008000ff8c (0xfee43023) mem 0x0000000080031f50 0x00000000800120c3
core   0: 0x000000008000ff90 (0xfc442703) lw      a4, -60(s0)
core   0: 3 0x000000008000ff90 (0xfc442703) x14 0x0000000000000000 mem 0x0000000080031f34
core   0: 0x000000008000ff94 (0x0ff77713) andi    a4, a4, 255
core   0: 3 0x000000008000ff94 (0x0ff77713) x14 0x0000000000000000
core   0: 0x000000008000ff98 (0x00e78023) sb      a4, 0(a5)
core   0: 3 0x000000008000ff98 (0x00e78023) mem 0x00000000800120c2 0x00
core   0: 0x000000008000ff9c (0xfc843703) ld      a4, -56(s0)
core   0: 3 0x000000008000ff9c (0xfc843703) x14 0x0000000080012040 mem 0x0000000080031f38
core   0: 0x000000008000ffa0 (0xfb843783) ld      a5, -72(s0)
core   0: 3 0x000000008000ffa0 (0xfb843783) x15 0x000000000000009c mem 0x0000000080031f28
core   0: 0x000000008000ffa4 (0x000097ba) c.add   a5, a4
core   0: 3 0x000000008000ffa4 (0x97ba) x15 0x00000000800120dc
core   0: 0x000000008000ffa6 (0xfe043703) ld      a4, -32(s0)
core   0: 3 0x000000008000ffa6 (0xfe043703) x14 0x00000000800120c3 mem 0x0000000080031f50
core   0: 0x000000008000ffaa (0xfcf76de3) bltu    a4, a5, pc - 38
core   0: 3 0x000000008000ffaa (0xfcf76de3)
core   0: 0x000000008000ff84 (0xfe043783) ld      a5, -32(s0)
core   0: 3 0x000000008000ff84 (0xfe043783) x15 0x00000000800120c3 mem 0x0000000080031f50
core   0: 0x000000008000ff88 (0x00178713) addi    a4, a5, 1
core   0: 3 0x000000008000ff88 (0x00178713) x14 0x00000000800120c4
core   0: 0x000000008000ff8c (0xfee43023) sd      a4, -32(s0)
core   0: 3 0x000000008000ff8c (0xfee43023) mem 0x0000000080031f50 0x00000000800120c4
core   0: 0x000000008000ff90 (0xfc442703) lw      a4, -60(s0)
core   0: 3 0x000000008000ff90 (0xfc442703) x14 0x0000000000000000 mem 0x0000000080031f34
core   0: 0x000000008000ff94 (0x0ff77713) andi    a4, a4, 255
core   0: 3 0x000000008000ff94 (0x0ff77713) x14 0x0000000000000000
core   0: 0x000000008000ff98 (0x00e78023) sb      a4, 0(a5)
core   0: 3 0x000000008000ff98 (0x00e78023) mem 0x00000000800120c3 0x00
core   0: 0x000000008000ff9c (0xfc843703) ld      a4, -56(s0)
core   0: 3 0x000000008000ff9c (0xfc843703) x14 0x0000000080012040 mem 0x0000000080031f38
core   0: 0x000000008000ffa0 (0xfb843783) ld      a5, -72(s0)
core   0: 3 0x000000008000ffa0 (0xfb843783) x15 0x000000000000009c mem 0x0000000080031f28
core   0: 0x000000008000ffa4 (0x000097ba) c.add   a5, a4
core   0: 3 0x000000008000ffa4 (0x97ba) x15 0x00000000800120dc
core   0: 0x000000008000ffa6 (0xfe043703) ld      a4, -32(s0)
core   0: 3 0x000000008000ffa6 (0xfe043703) x14 0x00000000800120c4 mem 0x0000000080031f50
core   0: 0x000000008000ffaa (0xfcf76de3) bltu    a4, a5, pc - 38
core   0: 3 0x000000008000ffaa (0xfcf76de3)
core   0: 0x000000008000ff84 (0xfe043783) ld      a5, -32(s0)
core   0: 3 0x000000008000ff84 (0xfe043783) x15 0x00000000800120c4 mem 0x0000000080031f50
core   0: 0x000000008000ff88 (0x00178713) addi    a4, a5, 1
core   0: 3 0x000000008000ff88 (0x00178713) x14 0x00000000800120c5
core   0: 0x000000008000ff8c (0xfee43023) sd      a4, -32(s0)
core   0: 3 0x000000008000ff8c (0xfee43023) mem 0x0000000080031f50 0x00000000800120c5
core   0: 0x000000008000ff90 (0xfc442703) lw      a4, -60(s0)
core   0: 3 0x000000008000ff90 (0xfc442703) x14 0x0000000000000000 mem 0x0000000080031f34
core   0: 0x000000008000ff94 (0x0ff77713) andi    a4, a4, 255
core   0: 3 0x000000008000ff94 (0x0ff77713) x14 0x0000000000000000
core   0: 0x000000008000ff98 (0x00e78023) sb      a4, 0(a5)
core   0: 3 0x000000008000ff98 (0x00e78023) mem 0x00000000800120c4 0x00
core   0: 0x000000008000ff9c (0xfc843703) ld      a4, -56(s0)
core   0: 3 0x000000008000ff9c (0xfc843703) x14 0x0000000080012040 mem 0x0000000080031f38
core   0: 0x000000008000ffa0 (0xfb843783) ld      a5, -72(s0)
core   0: 3 0x000000008000ffa0 (0xfb843783) x15 0x000000000000009c mem 0x0000000080031f28
core   0: 0x000000008000ffa4 (0x000097ba) c.add   a5, a4
core   0: 3 0x000000008000ffa4 (0x97ba) x15 0x00000000800120dc
core   0: 0x000000008000ffa6 (0xfe043703) ld      a4, -32(s0)
core   0: 3 0x000000008000ffa6 (0xfe043703) x14 0x00000000800120c5 mem 0x0000000080031f50
core   0: 0x000000008000ffaa (0xfcf76de3) bltu    a4, a5, pc - 38
core   0: 3 0x000000008000ffaa (0xfcf76de3)
core   0: 0x000000008000ff84 (0xfe043783) ld      a5, -32(s0)
core   0: 3 0x000000008000ff84 (0xfe043783) x15 0x00000000800120c5 mem 0x0000000080031f50
core   0: 0x000000008000ff88 (0x00178713) addi    a4, a5, 1
core   0: 3 0x000000008000ff88 (0x00178713) x14 0x00000000800120c6
core   0: 0x000000008000ff8c (0xfee43023) sd      a4, -32(s0)
core   0: 3 0x000000008000ff8c (0xfee43023) mem 0x0000000080031f50 0x00000000800120c6
core   0: 0x000000008000ff90 (0xfc442703) lw      a4, -60(s0)
core   0: 3 0x000000008000ff90 (0xfc442703) x14 0x0000000000000000 mem 0x0000000080031f34
core   0: 0x000000008000ff94 (0x0ff77713) andi    a4, a4, 255
core   0: 3 0x000000008000ff94 (0x0ff77713) x14 0x0000000000000000
core   0: 0x000000008000ff98 (0x00e78023) sb      a4, 0(a5)
core   0: 3 0x000000008000ff98 (0x00e78023) mem 0x00000000800120c5 0x00
core   0: 0x000000008000ff9c (0xfc843703) ld      a4, -56(s0)
core   0: 3 0x000000008000ff9c (0xfc843703) x14 0x0000000080012040 mem 0x0000000080031f38
core   0: 0x000000008000ffa0 (0xfb843783) ld      a5, -72(s0)
core   0: 3 0x000000008000ffa0 (0xfb843783) x15 0x000000000000009c mem 0x0000000080031f28
core   0: 0x000000008000ffa4 (0x000097ba) c.add   a5, a4
core   0: 3 0x000000008000ffa4 (0x97ba) x15 0x00000000800120dc
core   0: 0x000000008000ffa6 (0xfe043703) ld      a4, -32(s0)
core   0: 3 0x000000008000ffa6 (0xfe043703) x14 0x00000000800120c6 mem 0x0000000080031f50
core   0: 0x000000008000ffaa (0xfcf76de3) bltu    a4, a5, pc - 38
core   0: 3 0x000000008000ffaa (0xfcf76de3)
core   0: 0x000000008000ff84 (0xfe043783) ld      a5, -32(s0)
core   0: 3 0x000000008000ff84 (0xfe043783) x15 0x00000000800120c6 mem 0x0000000080031f50
core   0: 0x000000008000ff88 (0x00178713) addi    a4, a5, 1
core   0: 3 0x000000008000ff88 (0x00178713) x14 0x00000000800120c7
core   0: 0x000000008000ff8c (0xfee43023) sd      a4, -32(s0)
core   0: 3 0x000000008000ff8c (0xfee43023) mem 0x0000000080031f50 0x00000000800120c7
core   0: 0x000000008000ff90 (0xfc442703) lw      a4, -60(s0)
core   0: 3 0x000000008000ff90 (0xfc442703) x14 0x0000000000000000 mem 0x0000000080031f34
core   0: 0x000000008000ff94 (0x0ff77713) andi    a4, a4, 255
core   0: 3 0x000000008000ff94 (0x0ff77713) x14 0x0000000000000000
core   0: 0x000000008000ff98 (0x00e78023) sb      a4, 0(a5)
core   0: 3 0x000000008000ff98 (0x00e78023) mem 0x00000000800120c6 0x00
core   0: 0x000000008000ff9c (0xfc843703) ld      a4, -56(s0)
core   0: 3 0x000000008000ff9c (0xfc843703) x14 0x0000000080012040 mem 0x0000000080031f38
core   0: 0x000000008000ffa0 (0xfb843783) ld      a5, -72(s0)
core   0: 3 0x000000008000ffa0 (0xfb843783) x15 0x000000000000009c mem 0x0000000080031f28
core   0: 0x000000008000ffa4 (0x000097ba) c.add   a5, a4
core   0: 3 0x000000008000ffa4 (0x97ba) x15 0x00000000800120dc
core   0: 0x000000008000ffa6 (0xfe043703) ld      a4, -32(s0)
core   0: 3 0x000000008000ffa6 (0xfe043703) x14 0x00000000800120c7 mem 0x0000000080031f50
core   0: 0x000000008000ffaa (0xfcf76de3) bltu    a4, a5, pc - 38
core   0: 3 0x000000008000ffaa (0xfcf76de3)
core   0: 0x000000008000ff84 (0xfe043783) ld      a5, -32(s0)
core   0: 3 0x000000008000ff84 (0xfe043783) x15 0x00000000800120c7 mem 0x0000000080031f50
core   0: 0x000000008000ff88 (0x00178713) addi    a4, a5, 1
core   0: 3 0x000000008000ff88 (0x00178713) x14 0x00000000800120c8
core   0: 0x000000008000ff8c (0xfee43023) sd      a4, -32(s0)
core   0: 3 0x000000008000ff8c (0xfee43023) mem 0x0000000080031f50 0x00000000800120c8
core   0: 0x000000008000ff90 (0xfc442703) lw      a4, -60(s0)
core   0: 3 0x000000008000ff90 (0xfc442703) x14 0x0000000000000000 mem 0x0000000080031f34
core   0: 0x000000008000ff94 (0x0ff77713) andi    a4, a4, 255
core   0: 3 0x000000008000ff94 (0x0ff77713) x14 0x0000000000000000
core   0: 0x000000008000ff98 (0x00e78023) sb      a4, 0(a5)
core   0: 3 0x000000008000ff98 (0x00e78023) mem 0x00000000800120c7 0x00
core   0: 0x000000008000ff9c (0xfc843703) ld      a4, -56(s0)
core   0: 3 0x000000008000ff9c (0xfc843703) x14 0x0000000080012040 mem 0x0000000080031f38
core   0: 0x000000008000ffa0 (0xfb843783) ld      a5, -72(s0)
core   0: 3 0x000000008000ffa0 (0xfb843783) x15 0x000000000000009c mem 0x0000000080031f28
core   0: 0x000000008000ffa4 (0x000097ba) c.add   a5, a4
core   0: 3 0x000000008000ffa4 (0x97ba) x15 0x00000000800120dc
core   0: 0x000000008000ffa6 (0xfe043703) ld      a4, -32(s0)
core   0: 3 0x000000008000ffa6 (0xfe043703) x14 0x00000000800120c8 mem 0x0000000080031f50
core   0: 0x000000008000ffaa (0xfcf76de3) bltu    a4, a5, pc - 38
core   0: 3 0x000000008000ffaa (0xfcf76de3)
core   0: 0x000000008000ff84 (0xfe043783) ld      a5, -32(s0)
core   0: 3 0x000000008000ff84 (0xfe043783) x15 0x00000000800120c8 mem 0x0000000080031f50
core   0: 0x000000008000ff88 (0x00178713) addi    a4, a5, 1
core   0: 3 0x000000008000ff88 (0x00178713) x14 0x00000000800120c9
core   0: 0x000000008000ff8c (0xfee43023) sd      a4, -32(s0)
core   0: 3 0x000000008000ff8c (0xfee43023) mem 0x0000000080031f50 0x00000000800120c9
core   0: 0x000000008000ff90 (0xfc442703) lw      a4, -60(s0)
core   0: 3 0x000000008000ff90 (0xfc442703) x14 0x0000000000000000 mem 0x0000000080031f34
core   0: 0x000000008000ff94 (0x0ff77713) andi    a4, a4, 255
core   0: 3 0x000000008000ff94 (0x0ff77713) x14 0x0000000000000000
core   0: 0x000000008000ff98 (0x00e78023) sb      a4, 0(a5)
core   0: 3 0x000000008000ff98 (0x00e78023) mem 0x00000000800120c8 0x00
core   0: 0x000000008000ff9c (0xfc843703) ld      a4, -56(s0)
core   0: 3 0x000000008000ff9c (0xfc843703) x14 0x0000000080012040 mem 0x0000000080031f38
core   0: 0x000000008000ffa0 (0xfb843783) ld      a5, -72(s0)
core   0: 3 0x000000008000ffa0 (0xfb843783) x15 0x000000000000009c mem 0x0000000080031f28
core   0: 0x000000008000ffa4 (0x000097ba) c.add   a5, a4
core   0: 3 0x000000008000ffa4 (0x97ba) x15 0x00000000800120dc
core   0: 0x000000008000ffa6 (0xfe043703) ld      a4, -32(s0)
core   0: 3 0x000000008000ffa6 (0xfe043703) x14 0x00000000800120c9 mem 0x0000000080031f50
core   0: 0x000000008000ffaa (0xfcf76de3) bltu    a4, a5, pc - 38
core   0: 3 0x000000008000ffaa (0xfcf76de3)
core   0: 0x000000008000ff84 (0xfe043783) ld      a5, -32(s0)
core   0: 3 0x000000008000ff84 (0xfe043783) x15 0x00000000800120c9 mem 0x0000000080031f50
core   0: 0x000000008000ff88 (0x00178713) addi    a4, a5, 1
core   0: 3 0x000000008000ff88 (0x00178713) x14 0x00000000800120ca
core   0: 0x000000008000ff8c (0xfee43023) sd      a4, -32(s0)
core   0: 3 0x000000008000ff8c (0xfee43023) mem 0x0000000080031f50 0x00000000800120ca
core   0: 0x000000008000ff90 (0xfc442703) lw      a4, -60(s0)
core   0: 3 0x000000008000ff90 (0xfc442703) x14 0x0000000000000000 mem 0x0000000080031f34
core   0: 0x000000008000ff94 (0x0ff77713) andi    a4, a4, 255
core   0: 3 0x000000008000ff94 (0x0ff77713) x14 0x0000000000000000
core   0: 0x000000008000ff98 (0x00e78023) sb      a4, 0(a5)
core   0: 3 0x000000008000ff98 (0x00e78023) mem 0x00000000800120c9 0x00
core   0: 0x000000008000ff9c (0xfc843703) ld      a4, -56(s0)
core   0: 3 0x000000008000ff9c (0xfc843703) x14 0x0000000080012040 mem 0x0000000080031f38
core   0: 0x000000008000ffa0 (0xfb843783) ld      a5, -72(s0)
core   0: 3 0x000000008000ffa0 (0xfb843783) x15 0x000000000000009c mem 0x0000000080031f28
core   0: 0x000000008000ffa4 (0x000097ba) c.add   a5, a4
core   0: 3 0x000000008000ffa4 (0x97ba) x15 0x00000000800120dc
core   0: 0x000000008000ffa6 (0xfe043703) ld      a4, -32(s0)
core   0: 3 0x000000008000ffa6 (0xfe043703) x14 0x00000000800120ca mem 0x0000000080031f50
core   0: 0x000000008000ffaa (0xfcf76de3) bltu    a4, a5, pc - 38
core   0: 3 0x000000008000ffaa (0xfcf76de3)
core   0: 0x000000008000ff84 (0xfe043783) ld      a5, -32(s0)
core   0: 3 0x000000008000ff84 (0xfe043783) x15 0x00000000800120ca mem 0x0000000080031f50
core   0: 0x000000008000ff88 (0x00178713) addi    a4, a5, 1
core   0: 3 0x000000008000ff88 (0x00178713) x14 0x00000000800120cb
core   0: 0x000000008000ff8c (0xfee43023) sd      a4, -32(s0)
core   0: 3 0x000000008000ff8c (0xfee43023) mem 0x0000000080031f50 0x00000000800120cb
core   0: 0x000000008000ff90 (0xfc442703) lw      a4, -60(s0)
core   0: 3 0x000000008000ff90 (0xfc442703) x14 0x0000000000000000 mem 0x0000000080031f34
core   0: 0x000000008000ff94 (0x0ff77713) andi    a4, a4, 255
core   0: 3 0x000000008000ff94 (0x0ff77713) x14 0x0000000000000000
core   0: 0x000000008000ff98 (0x00e78023) sb      a4, 0(a5)
core   0: 3 0x000000008000ff98 (0x00e78023) mem 0x00000000800120ca 0x00
core   0: 0x000000008000ff9c (0xfc843703) ld      a4, -56(s0)
core   0: 3 0x000000008000ff9c (0xfc843703) x14 0x0000000080012040 mem 0x0000000080031f38
core   0: 0x000000008000ffa0 (0xfb843783) ld      a5, -72(s0)
core   0: 3 0x000000008000ffa0 (0xfb843783) x15 0x000000000000009c mem 0x0000000080031f28
core   0: 0x000000008000ffa4 (0x000097ba) c.add   a5, a4
core   0: 3 0x000000008000ffa4 (0x97ba) x15 0x00000000800120dc
core   0: 0x000000008000ffa6 (0xfe043703) ld      a4, -32(s0)
core   0: 3 0x000000008000ffa6 (0xfe043703) x14 0x00000000800120cb mem 0x0000000080031f50
core   0: 0x000000008000ffaa (0xfcf76de3) bltu    a4, a5, pc - 38
core   0: 3 0x000000008000ffaa (0xfcf76de3)
core   0: 0x000000008000ff84 (0xfe043783) ld      a5, -32(s0)
core   0: 3 0x000000008000ff84 (0xfe043783) x15 0x00000000800120cb mem 0x0000000080031f50
core   0: 0x000000008000ff88 (0x00178713) addi    a4, a5, 1
core   0: 3 0x000000008000ff88 (0x00178713) x14 0x00000000800120cc
core   0: 0x000000008000ff8c (0xfee43023) sd      a4, -32(s0)
core   0: 3 0x000000008000ff8c (0xfee43023) mem 0x0000000080031f50 0x00000000800120cc
core   0: 0x000000008000ff90 (0xfc442703) lw      a4, -60(s0)
core   0: 3 0x000000008000ff90 (0xfc442703) x14 0x0000000000000000 mem 0x0000000080031f34
core   0: 0x000000008000ff94 (0x0ff77713) andi    a4, a4, 255
core   0: 3 0x000000008000ff94 (0x0ff77713) x14 0x0000000000000000
core   0: 0x000000008000ff98 (0x00e78023) sb      a4, 0(a5)
core   0: 3 0x000000008000ff98 (0x00e78023) mem 0x00000000800120cb 0x00
core   0: 0x000000008000ff9c (0xfc843703) ld      a4, -56(s0)
core   0: 3 0x000000008000ff9c (0xfc843703) x14 0x0000000080012040 mem 0x0000000080031f38
core   0: 0x000000008000ffa0 (0xfb843783) ld      a5, -72(s0)
core   0: 3 0x000000008000ffa0 (0xfb843783) x15 0x000000000000009c mem 0x0000000080031f28
core   0: 0x000000008000ffa4 (0x000097ba) c.add   a5, a4
core   0: 3 0x000000008000ffa4 (0x97ba) x15 0x00000000800120dc
core   0: 0x000000008000ffa6 (0xfe043703) ld      a4, -32(s0)
core   0: 3 0x000000008000ffa6 (0xfe043703) x14 0x00000000800120cc mem 0x0000000080031f50
core   0: 0x000000008000ffaa (0xfcf76de3) bltu    a4, a5, pc - 38
core   0: 3 0x000000008000ffaa (0xfcf76de3)
core   0: 0x000000008000ff84 (0xfe043783) ld      a5, -32(s0)
core   0: 3 0x000000008000ff84 (0xfe043783) x15 0x00000000800120cc mem 0x0000000080031f50
core   0: 0x000000008000ff88 (0x00178713) addi    a4, a5, 1
core   0: 3 0x000000008000ff88 (0x00178713) x14 0x00000000800120cd
core   0: 0x000000008000ff8c (0xfee43023) sd      a4, -32(s0)
core   0: 3 0x000000008000ff8c (0xfee43023) mem 0x0000000080031f50 0x00000000800120cd
core   0: 0x000000008000ff90 (0xfc442703) lw      a4, -60(s0)
core   0: 3 0x000000008000ff90 (0xfc442703) x14 0x0000000000000000 mem 0x0000000080031f34
core   0: 0x000000008000ff94 (0x0ff77713) andi    a4, a4, 255
core   0: 3 0x000000008000ff94 (0x0ff77713) x14 0x0000000000000000
core   0: 0x000000008000ff98 (0x00e78023) sb      a4, 0(a5)
core   0: 3 0x000000008000ff98 (0x00e78023) mem 0x00000000800120cc 0x00
core   0: 0x000000008000ff9c (0xfc843703) ld      a4, -56(s0)
core   0: 3 0x000000008000ff9c (0xfc843703) x14 0x0000000080012040 mem 0x0000000080031f38
core   0: 0x000000008000ffa0 (0xfb843783) ld      a5, -72(s0)
core   0: 3 0x000000008000ffa0 (0xfb843783) x15 0x000000000000009c mem 0x0000000080031f28
core   0: 0x000000008000ffa4 (0x000097ba) c.add   a5, a4
core   0: 3 0x000000008000ffa4 (0x97ba) x15 0x00000000800120dc
core   0: 0x000000008000ffa6 (0xfe043703) ld      a4, -32(s0)
core   0: 3 0x000000008000ffa6 (0xfe043703) x14 0x00000000800120cd mem 0x0000000080031f50
core   0: 0x000000008000ffaa (0xfcf76de3) bltu    a4, a5, pc - 38
core   0: 3 0x000000008000ffaa (0xfcf76de3)
core   0: 0x000000008000ff84 (0xfe043783) ld      a5, -32(s0)
core   0: 3 0x000000008000ff84 (0xfe043783) x15 0x00000000800120cd mem 0x0000000080031f50
core   0: 0x000000008000ff88 (0x00178713) addi    a4, a5, 1
core   0: 3 0x000000008000ff88 (0x00178713) x14 0x00000000800120ce
core   0: 0x000000008000ff8c (0xfee43023) sd      a4, -32(s0)
core   0: 3 0x000000008000ff8c (0xfee43023) mem 0x0000000080031f50 0x00000000800120ce
core   0: 0x000000008000ff90 (0xfc442703) lw      a4, -60(s0)
core   0: 3 0x000000008000ff90 (0xfc442703) x14 0x0000000000000000 mem 0x0000000080031f34
core   0: 0x000000008000ff94 (0x0ff77713) andi    a4, a4, 255
core   0: 3 0x000000008000ff94 (0x0ff77713) x14 0x0000000000000000
core   0: 0x000000008000ff98 (0x00e78023) sb      a4, 0(a5)
core   0: 3 0x000000008000ff98 (0x00e78023) mem 0x00000000800120cd 0x00
core   0: 0x000000008000ff9c (0xfc843703) ld      a4, -56(s0)
core   0: 3 0x000000008000ff9c (0xfc843703) x14 0x0000000080012040 mem 0x0000000080031f38
core   0: 0x000000008000ffa0 (0xfb843783) ld      a5, -72(s0)
core   0: 3 0x000000008000ffa0 (0xfb843783) x15 0x000000000000009c mem 0x0000000080031f28
core   0: 0x000000008000ffa4 (0x000097ba) c.add   a5, a4
core   0: 3 0x000000008000ffa4 (0x97ba) x15 0x00000000800120dc
core   0: 0x000000008000ffa6 (0xfe043703) ld      a4, -32(s0)
core   0: 3 0x000000008000ffa6 (0xfe043703) x14 0x00000000800120ce mem 0x0000000080031f50
core   0: 0x000000008000ffaa (0xfcf76de3) bltu    a4, a5, pc - 38
core   0: 3 0x000000008000ffaa (0xfcf76de3)
core   0: 0x000000008000ff84 (0xfe043783) ld      a5, -32(s0)
core   0: 3 0x000000008000ff84 (0xfe043783) x15 0x00000000800120ce mem 0x0000000080031f50
core   0: 0x000000008000ff88 (0x00178713) addi    a4, a5, 1
core   0: 3 0x000000008000ff88 (0x00178713) x14 0x00000000800120cf
core   0: 0x000000008000ff8c (0xfee43023) sd      a4, -32(s0)
core   0: 3 0x000000008000ff8c (0xfee43023) mem 0x0000000080031f50 0x00000000800120cf
core   0: 0x000000008000ff90 (0xfc442703) lw      a4, -60(s0)
core   0: 3 0x000000008000ff90 (0xfc442703) x14 0x0000000000000000 mem 0x0000000080031f34
core   0: 0x000000008000ff94 (0x0ff77713) andi    a4, a4, 255
core   0: 3 0x000000008000ff94 (0x0ff77713) x14 0x0000000000000000
core   0: 0x000000008000ff98 (0x00e78023) sb      a4, 0(a5)
core   0: 3 0x000000008000ff98 (0x00e78023) mem 0x00000000800120ce 0x00
core   0: 0x000000008000ff9c (0xfc843703) ld      a4, -56(s0)
core   0: 3 0x000000008000ff9c (0xfc843703) x14 0x0000000080012040 mem 0x0000000080031f38
core   0: 0x000000008000ffa0 (0xfb843783) ld      a5, -72(s0)
core   0: 3 0x000000008000ffa0 (0xfb843783) x15 0x000000000000009c mem 0x0000000080031f28
core   0: 0x000000008000ffa4 (0x000097ba) c.add   a5, a4
core   0: 3 0x000000008000ffa4 (0x97ba) x15 0x00000000800120dc
core   0: 0x000000008000ffa6 (0xfe043703) ld      a4, -32(s0)
core   0: 3 0x000000008000ffa6 (0xfe043703) x14 0x00000000800120cf mem 0x0000000080031f50
core   0: 0x000000008000ffaa (0xfcf76de3) bltu    a4, a5, pc - 38
core   0: 3 0x000000008000ffaa (0xfcf76de3)
core   0: 0x000000008000ff84 (0xfe043783) ld      a5, -32(s0)
core   0: 3 0x000000008000ff84 (0xfe043783) x15 0x00000000800120cf mem 0x0000000080031f50
core   0: 0x000000008000ff88 (0x00178713) addi    a4, a5, 1
core   0: 3 0x000000008000ff88 (0x00178713) x14 0x00000000800120d0
core   0: 0x000000008000ff8c (0xfee43023) sd      a4, -32(s0)
core   0: 3 0x000000008000ff8c (0xfee43023) mem 0x0000000080031f50 0x00000000800120d0
core   0: 0x000000008000ff90 (0xfc442703) lw      a4, -60(s0)
core   0: 3 0x000000008000ff90 (0xfc442703) x14 0x0000000000000000 mem 0x0000000080031f34
core   0: 0x000000008000ff94 (0x0ff77713) andi    a4, a4, 255
core   0: 3 0x000000008000ff94 (0x0ff77713) x14 0x0000000000000000
core   0: 0x000000008000ff98 (0x00e78023) sb      a4, 0(a5)
core   0: 3 0x000000008000ff98 (0x00e78023) mem 0x00000000800120cf 0x00
core   0: 0x000000008000ff9c (0xfc843703) ld      a4, -56(s0)
core   0: 3 0x000000008000ff9c (0xfc843703) x14 0x0000000080012040 mem 0x0000000080031f38
core   0: 0x000000008000ffa0 (0xfb843783) ld      a5, -72(s0)
core   0: 3 0x000000008000ffa0 (0xfb843783) x15 0x000000000000009c mem 0x0000000080031f28
core   0: 0x000000008000ffa4 (0x000097ba) c.add   a5, a4
core   0: 3 0x000000008000ffa4 (0x97ba) x15 0x00000000800120dc
core   0: 0x000000008000ffa6 (0xfe043703) ld      a4, -32(s0)
core   0: 3 0x000000008000ffa6 (0xfe043703) x14 0x00000000800120d0 mem 0x0000000080031f50
core   0: 0x000000008000ffaa (0xfcf76de3) bltu    a4, a5, pc - 38
core   0: 3 0x000000008000ffaa (0xfcf76de3)
core   0: 0x000000008000ff84 (0xfe043783) ld      a5, -32(s0)
core   0: 3 0x000000008000ff84 (0xfe043783) x15 0x00000000800120d0 mem 0x0000000080031f50
core   0: 0x000000008000ff88 (0x00178713) addi    a4, a5, 1
core   0: 3 0x000000008000ff88 (0x00178713) x14 0x00000000800120d1
core   0: 0x000000008000ff8c (0xfee43023) sd      a4, -32(s0)
core   0: 3 0x000000008000ff8c (0xfee43023) mem 0x0000000080031f50 0x00000000800120d1
core   0: 0x000000008000ff90 (0xfc442703) lw      a4, -60(s0)
core   0: 3 0x000000008000ff90 (0xfc442703) x14 0x0000000000000000 mem 0x0000000080031f34
core   0: 0x000000008000ff94 (0x0ff77713) andi    a4, a4, 255
core   0: 3 0x000000008000ff94 (0x0ff77713) x14 0x0000000000000000
core   0: 0x000000008000ff98 (0x00e78023) sb      a4, 0(a5)
core   0: 3 0x000000008000ff98 (0x00e78023) mem 0x00000000800120d0 0x00
core   0: 0x000000008000ff9c (0xfc843703) ld      a4, -56(s0)
core   0: 3 0x000000008000ff9c (0xfc843703) x14 0x0000000080012040 mem 0x0000000080031f38
core   0: 0x000000008000ffa0 (0xfb843783) ld      a5, -72(s0)
core   0: 3 0x000000008000ffa0 (0xfb843783) x15 0x000000000000009c mem 0x0000000080031f28
core   0: 0x000000008000ffa4 (0x000097ba) c.add   a5, a4
core   0: 3 0x000000008000ffa4 (0x97ba) x15 0x00000000800120dc
core   0: 0x000000008000ffa6 (0xfe043703) ld      a4, -32(s0)
core   0: 3 0x000000008000ffa6 (0xfe043703) x14 0x00000000800120d1 mem 0x0000000080031f50
core   0: 0x000000008000ffaa (0xfcf76de3) bltu    a4, a5, pc - 38
core   0: 3 0x000000008000ffaa (0xfcf76de3)
core   0: 0x000000008000ff84 (0xfe043783) ld      a5, -32(s0)
core   0: 3 0x000000008000ff84 (0xfe043783) x15 0x00000000800120d1 mem 0x0000000080031f50
core   0: 0x000000008000ff88 (0x00178713) addi    a4, a5, 1
core   0: 3 0x000000008000ff88 (0x00178713) x14 0x00000000800120d2
core   0: 0x000000008000ff8c (0xfee43023) sd      a4, -32(s0)
core   0: 3 0x000000008000ff8c (0xfee43023) mem 0x0000000080031f50 0x00000000800120d2
core   0: 0x000000008000ff90 (0xfc442703) lw      a4, -60(s0)
core   0: 3 0x000000008000ff90 (0xfc442703) x14 0x0000000000000000 mem 0x0000000080031f34
core   0: 0x000000008000ff94 (0x0ff77713) andi    a4, a4, 255
core   0: 3 0x000000008000ff94 (0x0ff77713) x14 0x0000000000000000
core   0: 0x000000008000ff98 (0x00e78023) sb      a4, 0(a5)
core   0: 3 0x000000008000ff98 (0x00e78023) mem 0x00000000800120d1 0x00
core   0: 0x000000008000ff9c (0xfc843703) ld      a4, -56(s0)
core   0: 3 0x000000008000ff9c (0xfc843703) x14 0x0000000080012040 mem 0x0000000080031f38
core   0: 0x000000008000ffa0 (0xfb843783) ld      a5, -72(s0)
core   0: 3 0x000000008000ffa0 (0xfb843783) x15 0x000000000000009c mem 0x0000000080031f28
core   0: 0x000000008000ffa4 (0x000097ba) c.add   a5, a4
core   0: 3 0x000000008000ffa4 (0x97ba) x15 0x00000000800120dc
core   0: 0x000000008000ffa6 (0xfe043703) ld      a4, -32(s0)
core   0: 3 0x000000008000ffa6 (0xfe043703) x14 0x00000000800120d2 mem 0x0000000080031f50
core   0: 0x000000008000ffaa (0xfcf76de3) bltu    a4, a5, pc - 38
core   0: 3 0x000000008000ffaa (0xfcf76de3)
core   0: 0x000000008000ff84 (0xfe043783) ld      a5, -32(s0)
core   0: 3 0x000000008000ff84 (0xfe043783) x15 0x00000000800120d2 mem 0x0000000080031f50
core   0: 0x000000008000ff88 (0x00178713) addi    a4, a5, 1
core   0: 3 0x000000008000ff88 (0x00178713) x14 0x00000000800120d3
core   0: 0x000000008000ff8c (0xfee43023) sd      a4, -32(s0)
core   0: 3 0x000000008000ff8c (0xfee43023) mem 0x0000000080031f50 0x00000000800120d3
core   0: 0x000000008000ff90 (0xfc442703) lw      a4, -60(s0)
core   0: 3 0x000000008000ff90 (0xfc442703) x14 0x0000000000000000 mem 0x0000000080031f34
core   0: 0x000000008000ff94 (0x0ff77713) andi    a4, a4, 255
core   0: 3 0x000000008000ff94 (0x0ff77713) x14 0x0000000000000000
core   0: 0x000000008000ff98 (0x00e78023) sb      a4, 0(a5)
core   0: 3 0x000000008000ff98 (0x00e78023) mem 0x00000000800120d2 0x00
core   0: 0x000000008000ff9c (0xfc843703) ld      a4, -56(s0)
core   0: 3 0x000000008000ff9c (0xfc843703) x14 0x0000000080012040 mem 0x0000000080031f38
core   0: 0x000000008000ffa0 (0xfb843783) ld      a5, -72(s0)
core   0: 3 0x000000008000ffa0 (0xfb843783) x15 0x000000000000009c mem 0x0000000080031f28
core   0: 0x000000008000ffa4 (0x000097ba) c.add   a5, a4
core   0: 3 0x000000008000ffa4 (0x97ba) x15 0x00000000800120dc
core   0: 0x000000008000ffa6 (0xfe043703) ld      a4, -32(s0)
core   0: 3 0x000000008000ffa6 (0xfe043703) x14 0x00000000800120d3 mem 0x0000000080031f50
core   0: 0x000000008000ffaa (0xfcf76de3) bltu    a4, a5, pc - 38
core   0: 3 0x000000008000ffaa (0xfcf76de3)
core   0: 0x000000008000ff84 (0xfe043783) ld      a5, -32(s0)
core   0: 3 0x000000008000ff84 (0xfe043783) x15 0x00000000800120d3 mem 0x0000000080031f50
core   0: 0x000000008000ff88 (0x00178713) addi    a4, a5, 1
core   0: 3 0x000000008000ff88 (0x00178713) x14 0x00000000800120d4
core   0: 0x000000008000ff8c (0xfee43023) sd      a4, -32(s0)
core   0: 3 0x000000008000ff8c (0xfee43023) mem 0x0000000080031f50 0x00000000800120d4
core   0: 0x000000008000ff90 (0xfc442703) lw      a4, -60(s0)
core   0: 3 0x000000008000ff90 (0xfc442703) x14 0x0000000000000000 mem 0x0000000080031f34
core   0: 0x000000008000ff94 (0x0ff77713) andi    a4, a4, 255
core   0: 3 0x000000008000ff94 (0x0ff77713) x14 0x0000000000000000
core   0: 0x000000008000ff98 (0x00e78023) sb      a4, 0(a5)
core   0: 3 0x000000008000ff98 (0x00e78023) mem 0x00000000800120d3 0x00
core   0: 0x000000008000ff9c (0xfc843703) ld      a4, -56(s0)
core   0: 3 0x000000008000ff9c (0xfc843703) x14 0x0000000080012040 mem 0x0000000080031f38
core   0: 0x000000008000ffa0 (0xfb843783) ld      a5, -72(s0)
core   0: 3 0x000000008000ffa0 (0xfb843783) x15 0x000000000000009c mem 0x0000000080031f28
core   0: 0x000000008000ffa4 (0x000097ba) c.add   a5, a4
core   0: 3 0x000000008000ffa4 (0x97ba) x15 0x00000000800120dc
core   0: 0x000000008000ffa6 (0xfe043703) ld      a4, -32(s0)
core   0: 3 0x000000008000ffa6 (0xfe043703) x14 0x00000000800120d4 mem 0x0000000080031f50
core   0: 0x000000008000ffaa (0xfcf76de3) bltu    a4, a5, pc - 38
core   0: 3 0x000000008000ffaa (0xfcf76de3)
core   0: 0x000000008000ff84 (0xfe043783) ld      a5, -32(s0)
core   0: 3 0x000000008000ff84 (0xfe043783) x15 0x00000000800120d4 mem 0x0000000080031f50
core   0: 0x000000008000ff88 (0x00178713) addi    a4, a5, 1
core   0: 3 0x000000008000ff88 (0x00178713) x14 0x00000000800120d5
core   0: 0x000000008000ff8c (0xfee43023) sd      a4, -32(s0)
core   0: 3 0x000000008000ff8c (0xfee43023) mem 0x0000000080031f50 0x00000000800120d5
core   0: 0x000000008000ff90 (0xfc442703) lw      a4, -60(s0)
core   0: 3 0x000000008000ff90 (0xfc442703) x14 0x0000000000000000 mem 0x0000000080031f34
core   0: 0x000000008000ff94 (0x0ff77713) andi    a4, a4, 255
core   0: 3 0x000000008000ff94 (0x0ff77713) x14 0x0000000000000000
core   0: 0x000000008000ff98 (0x00e78023) sb      a4, 0(a5)
core   0: 3 0x000000008000ff98 (0x00e78023) mem 0x00000000800120d4 0x00
core   0: 0x000000008000ff9c (0xfc843703) ld      a4, -56(s0)
core   0: 3 0x000000008000ff9c (0xfc843703) x14 0x0000000080012040 mem 0x0000000080031f38
core   0: 0x000000008000ffa0 (0xfb843783) ld      a5, -72(s0)
core   0: 3 0x000000008000ffa0 (0xfb843783) x15 0x000000000000009c mem 0x0000000080031f28
core   0: 0x000000008000ffa4 (0x000097ba) c.add   a5, a4
core   0: 3 0x000000008000ffa4 (0x97ba) x15 0x00000000800120dc
core   0: 0x000000008000ffa6 (0xfe043703) ld      a4, -32(s0)
core   0: 3 0x000000008000ffa6 (0xfe043703) x14 0x00000000800120d5 mem 0x0000000080031f50
core   0: 0x000000008000ffaa (0xfcf76de3) bltu    a4, a5, pc - 38
core   0: 3 0x000000008000ffaa (0xfcf76de3)
core   0: 0x000000008000ff84 (0xfe043783) ld      a5, -32(s0)
core   0: 3 0x000000008000ff84 (0xfe043783) x15 0x00000000800120d5 mem 0x0000000080031f50
core   0: 0x000000008000ff88 (0x00178713) addi    a4, a5, 1
core   0: 3 0x000000008000ff88 (0x00178713) x14 0x00000000800120d6
core   0: 0x000000008000ff8c (0xfee43023) sd      a4, -32(s0)
core   0: 3 0x000000008000ff8c (0xfee43023) mem 0x0000000080031f50 0x00000000800120d6
core   0: 0x000000008000ff90 (0xfc442703) lw      a4, -60(s0)
core   0: 3 0x000000008000ff90 (0xfc442703) x14 0x0000000000000000 mem 0x0000000080031f34
core   0: 0x000000008000ff94 (0x0ff77713) andi    a4, a4, 255
core   0: 3 0x000000008000ff94 (0x0ff77713) x14 0x0000000000000000
core   0: 0x000000008000ff98 (0x00e78023) sb      a4, 0(a5)
core   0: 3 0x000000008000ff98 (0x00e78023) mem 0x00000000800120d5 0x00
core   0: 0x000000008000ff9c (0xfc843703) ld      a4, -56(s0)
core   0: 3 0x000000008000ff9c (0xfc843703) x14 0x0000000080012040 mem 0x0000000080031f38
core   0: 0x000000008000ffa0 (0xfb843783) ld      a5, -72(s0)
core   0: 3 0x000000008000ffa0 (0xfb843783) x15 0x000000000000009c mem 0x0000000080031f28
core   0: 0x000000008000ffa4 (0x000097ba) c.add   a5, a4
core   0: 3 0x000000008000ffa4 (0x97ba) x15 0x00000000800120dc
core   0: 0x000000008000ffa6 (0xfe043703) ld      a4, -32(s0)
core   0: 3 0x000000008000ffa6 (0xfe043703) x14 0x00000000800120d6 mem 0x0000000080031f50
core   0: 0x000000008000ffaa (0xfcf76de3) bltu    a4, a5, pc - 38
core   0: 3 0x000000008000ffaa (0xfcf76de3)
core   0: 0x000000008000ff84 (0xfe043783) ld      a5, -32(s0)
core   0: 3 0x000000008000ff84 (0xfe043783) x15 0x00000000800120d6 mem 0x0000000080031f50
core   0: 0x000000008000ff88 (0x00178713) addi    a4, a5, 1
core   0: 3 0x000000008000ff88 (0x00178713) x14 0x00000000800120d7
core   0: 0x000000008000ff8c (0xfee43023) sd      a4, -32(s0)
core   0: 3 0x000000008000ff8c (0xfee43023) mem 0x0000000080031f50 0x00000000800120d7
core   0: 0x000000008000ff90 (0xfc442703) lw      a4, -60(s0)
core   0: 3 0x000000008000ff90 (0xfc442703) x14 0x0000000000000000 mem 0x0000000080031f34
core   0: 0x000000008000ff94 (0x0ff77713) andi    a4, a4, 255
core   0: 3 0x000000008000ff94 (0x0ff77713) x14 0x0000000000000000
core   0: 0x000000008000ff98 (0x00e78023) sb      a4, 0(a5)
core   0: 3 0x000000008000ff98 (0x00e78023) mem 0x00000000800120d6 0x00
core   0: 0x000000008000ff9c (0xfc843703) ld      a4, -56(s0)
core   0: 3 0x000000008000ff9c (0xfc843703) x14 0x0000000080012040 mem 0x0000000080031f38
core   0: 0x000000008000ffa0 (0xfb843783) ld      a5, -72(s0)
core   0: 3 0x000000008000ffa0 (0xfb843783) x15 0x000000000000009c mem 0x0000000080031f28
core   0: 0x000000008000ffa4 (0x000097ba) c.add   a5, a4
core   0: 3 0x000000008000ffa4 (0x97ba) x15 0x00000000800120dc
core   0: 0x000000008000ffa6 (0xfe043703) ld      a4, -32(s0)
core   0: 3 0x000000008000ffa6 (0xfe043703) x14 0x00000000800120d7 mem 0x0000000080031f50
core   0: 0x000000008000ffaa (0xfcf76de3) bltu    a4, a5, pc - 38
core   0: 3 0x000000008000ffaa (0xfcf76de3)
core   0: 0x000000008000ff84 (0xfe043783) ld      a5, -32(s0)
core   0: 3 0x000000008000ff84 (0xfe043783) x15 0x00000000800120d7 mem 0x0000000080031f50
core   0: 0x000000008000ff88 (0x00178713) addi    a4, a5, 1
core   0: 3 0x000000008000ff88 (0x00178713) x14 0x00000000800120d8
core   0: 0x000000008000ff8c (0xfee43023) sd      a4, -32(s0)
core   0: 3 0x000000008000ff8c (0xfee43023) mem 0x0000000080031f50 0x00000000800120d8
core   0: 0x000000008000ff90 (0xfc442703) lw      a4, -60(s0)
core   0: 3 0x000000008000ff90 (0xfc442703) x14 0x0000000000000000 mem 0x0000000080031f34
core   0: 0x000000008000ff94 (0x0ff77713) andi    a4, a4, 255
core   0: 3 0x000000008000ff94 (0x0ff77713) x14 0x0000000000000000
core   0: 0x000000008000ff98 (0x00e78023) sb      a4, 0(a5)
core   0: 3 0x000000008000ff98 (0x00e78023) mem 0x00000000800120d7 0x00
core   0: 0x000000008000ff9c (0xfc843703) ld      a4, -56(s0)
core   0: 3 0x000000008000ff9c (0xfc843703) x14 0x0000000080012040 mem 0x0000000080031f38
core   0: 0x000000008000ffa0 (0xfb843783) ld      a5, -72(s0)
core   0: 3 0x000000008000ffa0 (0xfb843783) x15 0x000000000000009c mem 0x0000000080031f28
core   0: 0x000000008000ffa4 (0x000097ba) c.add   a5, a4
core   0: 3 0x000000008000ffa4 (0x97ba) x15 0x00000000800120dc
core   0: 0x000000008000ffa6 (0xfe043703) ld      a4, -32(s0)
core   0: 3 0x000000008000ffa6 (0xfe043703) x14 0x00000000800120d8 mem 0x0000000080031f50
core   0: 0x000000008000ffaa (0xfcf76de3) bltu    a4, a5, pc - 38
core   0: 3 0x000000008000ffaa (0xfcf76de3)
core   0: 0x000000008000ff84 (0xfe043783) ld      a5, -32(s0)
core   0: 3 0x000000008000ff84 (0xfe043783) x15 0x00000000800120d8 mem 0x0000000080031f50
core   0: 0x000000008000ff88 (0x00178713) addi    a4, a5, 1
core   0: 3 0x000000008000ff88 (0x00178713) x14 0x00000000800120d9
core   0: 0x000000008000ff8c (0xfee43023) sd      a4, -32(s0)
core   0: 3 0x000000008000ff8c (0xfee43023) mem 0x0000000080031f50 0x00000000800120d9
core   0: 0x000000008000ff90 (0xfc442703) lw      a4, -60(s0)
core   0: 3 0x000000008000ff90 (0xfc442703) x14 0x0000000000000000 mem 0x0000000080031f34
core   0: 0x000000008000ff94 (0x0ff77713) andi    a4, a4, 255
core   0: 3 0x000000008000ff94 (0x0ff77713) x14 0x0000000000000000
core   0: 0x000000008000ff98 (0x00e78023) sb      a4, 0(a5)
core   0: 3 0x000000008000ff98 (0x00e78023) mem 0x00000000800120d8 0x00
core   0: 0x000000008000ff9c (0xfc843703) ld      a4, -56(s0)
core   0: 3 0x000000008000ff9c (0xfc843703) x14 0x0000000080012040 mem 0x0000000080031f38
core   0: 0x000000008000ffa0 (0xfb843783) ld      a5, -72(s0)
core   0: 3 0x000000008000ffa0 (0xfb843783) x15 0x000000000000009c mem 0x0000000080031f28
core   0: 0x000000008000ffa4 (0x000097ba) c.add   a5, a4
core   0: 3 0x000000008000ffa4 (0x97ba) x15 0x00000000800120dc
core   0: 0x000000008000ffa6 (0xfe043703) ld      a4, -32(s0)
core   0: 3 0x000000008000ffa6 (0xfe043703) x14 0x00000000800120d9 mem 0x0000000080031f50
core   0: 0x000000008000ffaa (0xfcf76de3) bltu    a4, a5, pc - 38
core   0: 3 0x000000008000ffaa (0xfcf76de3)
core   0: 0x000000008000ff84 (0xfe043783) ld      a5, -32(s0)
core   0: 3 0x000000008000ff84 (0xfe043783) x15 0x00000000800120d9 mem 0x0000000080031f50
core   0: 0x000000008000ff88 (0x00178713) addi    a4, a5, 1
core   0: 3 0x000000008000ff88 (0x00178713) x14 0x00000000800120da
core   0: 0x000000008000ff8c (0xfee43023) sd      a4, -32(s0)
core   0: 3 0x000000008000ff8c (0xfee43023) mem 0x0000000080031f50 0x00000000800120da
core   0: 0x000000008000ff90 (0xfc442703) lw      a4, -60(s0)
core   0: 3 0x000000008000ff90 (0xfc442703) x14 0x0000000000000000 mem 0x0000000080031f34
core   0: 0x000000008000ff94 (0x0ff77713) andi    a4, a4, 255
core   0: 3 0x000000008000ff94 (0x0ff77713) x14 0x0000000000000000
core   0: 0x000000008000ff98 (0x00e78023) sb      a4, 0(a5)
core   0: 3 0x000000008000ff98 (0x00e78023) mem 0x00000000800120d9 0x00
core   0: 0x000000008000ff9c (0xfc843703) ld      a4, -56(s0)
core   0: 3 0x000000008000ff9c (0xfc843703) x14 0x0000000080012040 mem 0x0000000080031f38
core   0: 0x000000008000ffa0 (0xfb843783) ld      a5, -72(s0)
core   0: 3 0x000000008000ffa0 (0xfb843783) x15 0x000000000000009c mem 0x0000000080031f28
core   0: 0x000000008000ffa4 (0x000097ba) c.add   a5, a4
core   0: 3 0x000000008000ffa4 (0x97ba) x15 0x00000000800120dc
core   0: 0x000000008000ffa6 (0xfe043703) ld      a4, -32(s0)
core   0: 3 0x000000008000ffa6 (0xfe043703) x14 0x00000000800120da mem 0x0000000080031f50
core   0: 0x000000008000ffaa (0xfcf76de3) bltu    a4, a5, pc - 38
core   0: 3 0x000000008000ffaa (0xfcf76de3)
core   0: 0x000000008000ff84 (0xfe043783) ld      a5, -32(s0)
core   0: 3 0x000000008000ff84 (0xfe043783) x15 0x00000000800120da mem 0x0000000080031f50
core   0: 0x000000008000ff88 (0x00178713) addi    a4, a5, 1
core   0: 3 0x000000008000ff88 (0x00178713) x14 0x00000000800120db
core   0: 0x000000008000ff8c (0xfee43023) sd      a4, -32(s0)
core   0: 3 0x000000008000ff8c (0xfee43023) mem 0x0000000080031f50 0x00000000800120db
core   0: 0x000000008000ff90 (0xfc442703) lw      a4, -60(s0)
core   0: 3 0x000000008000ff90 (0xfc442703) x14 0x0000000000000000 mem 0x0000000080031f34
core   0: 0x000000008000ff94 (0x0ff77713) andi    a4, a4, 255
core   0: 3 0x000000008000ff94 (0x0ff77713) x14 0x0000000000000000
core   0: 0x000000008000ff98 (0x00e78023) sb      a4, 0(a5)
core   0: 3 0x000000008000ff98 (0x00e78023) mem 0x00000000800120da 0x00
core   0: 0x000000008000ff9c (0xfc843703) ld      a4, -56(s0)
core   0: 3 0x000000008000ff9c (0xfc843703) x14 0x0000000080012040 mem 0x0000000080031f38
core   0: 0x000000008000ffa0 (0xfb843783) ld      a5, -72(s0)
core   0: 3 0x000000008000ffa0 (0xfb843783) x15 0x000000000000009c mem 0x0000000080031f28
core   0: 0x000000008000ffa4 (0x000097ba) c.add   a5, a4
core   0: 3 0x000000008000ffa4 (0x97ba) x15 0x00000000800120dc
core   0: 0x000000008000ffa6 (0xfe043703) ld      a4, -32(s0)
core   0: 3 0x000000008000ffa6 (0xfe043703) x14 0x00000000800120db mem 0x0000000080031f50
core   0: 0x000000008000ffaa (0xfcf76de3) bltu    a4, a5, pc - 38
core   0: 3 0x000000008000ffaa (0xfcf76de3)
core   0: 0x000000008000ff84 (0xfe043783) ld      a5, -32(s0)
core   0: 3 0x000000008000ff84 (0xfe043783) x15 0x00000000800120db mem 0x0000000080031f50
core   0: 0x000000008000ff88 (0x00178713) addi    a4, a5, 1
core   0: 3 0x000000008000ff88 (0x00178713) x14 0x00000000800120dc
core   0: 0x000000008000ff8c (0xfee43023) sd      a4, -32(s0)
core   0: 3 0x000000008000ff8c (0xfee43023) mem 0x0000000080031f50 0x00000000800120dc
core   0: 0x000000008000ff90 (0xfc442703) lw      a4, -60(s0)
core   0: 3 0x000000008000ff90 (0xfc442703) x14 0x0000000000000000 mem 0x0000000080031f34
core   0: 0x000000008000ff94 (0x0ff77713) andi    a4, a4, 255
core   0: 3 0x000000008000ff94 (0x0ff77713) x14 0x0000000000000000
core   0: 0x000000008000ff98 (0x00e78023) sb      a4, 0(a5)
core   0: 3 0x000000008000ff98 (0x00e78023) mem 0x00000000800120db 0x00
core   0: 0x000000008000ff9c (0xfc843703) ld      a4, -56(s0)
core   0: 3 0x000000008000ff9c (0xfc843703) x14 0x0000000080012040 mem 0x0000000080031f38
core   0: 0x000000008000ffa0 (0xfb843783) ld      a5, -72(s0)
core   0: 3 0x000000008000ffa0 (0xfb843783) x15 0x000000000000009c mem 0x0000000080031f28
core   0: 0x000000008000ffa4 (0x000097ba) c.add   a5, a4
core   0: 3 0x000000008000ffa4 (0x97ba) x15 0x00000000800120dc
core   0: 0x000000008000ffa6 (0xfe043703) ld      a4, -32(s0)
core   0: 3 0x000000008000ffa6 (0xfe043703) x14 0x00000000800120dc mem 0x0000000080031f50
core   0: 0x000000008000ffaa (0xfcf76de3) bltu    a4, a5, pc - 38
core   0: 3 0x000000008000ffaa (0xfcf76de3)
core   0: 0x000000008000ffae (0xfc843783) ld      a5, -56(s0)
core   0: 3 0x000000008000ffae (0xfc843783) x15 0x0000000080012040 mem 0x0000000080031f38
core   0: 0x000000008000ffb2 (0x0000853e) c.mv    a0, a5
core   0: 3 0x000000008000ffb2 (0x853e) x10 0x0000000080012040
core   0: 0x000000008000ffb4 (0x00006426) c.ldsp  s0, 72(sp)
core   0: 3 0x000000008000ffb4 (0x6426) x8  0x0000000080031f90 mem 0x0000000080031f68
core   0: 0x000000008000ffb6 (0x00006161) c.addi16sp sp, 80
core   0: 3 0x000000008000ffb6 (0x6161) x2  0x0000000080031f70
core   0: 0x000000008000ffb8 (0x00008082) ret
core   0: 3 0x000000008000ffb8 (0x8082)
core   0: 0x000000008000f56c (0x00000001) c.nop
core   0: 3 0x000000008000f56c (0x0001)
core   0: 0x000000008000f56e (0x000060e2) c.ldsp  ra, 24(sp)
core   0: 3 0x000000008000f56e (0x60e2) x1  0x000000008000f5ac mem 0x0000000080031f88
core   0: 0x000000008000f570 (0x00006442) c.ldsp  s0, 16(sp)
core   0: 3 0x000000008000f570 (0x6442) x8  0x0000000080032040 mem 0x0000000080031f80
core   0: 0x000000008000f572 (0x00006105) c.addi16sp sp, 32
core   0: 3 0x000000008000f572 (0x6105) x2  0x0000000080031f90
core   0: 0x000000008000f574 (0x00008082) ret
core   0: 3 0x000000008000f574 (0x8082)
core   0: 0x000000008000f5ac (0xf5842703) lw      a4, -168(s0)
core   0: 3 0x000000008000f5ac (0xf5842703) x14 0x0000000000000001 mem 0x0000000080031f98
core   0: 0x000000008000f5b0 (0xf5c42783) lw      a5, -164(s0)
core   0: 3 0x000000008000f5b0 (0xf5c42783) x15 0x0000000000000000 mem 0x0000000080031f9c
core   0: 0x000000008000f5b4 (0x000085ba) c.mv    a1, a4
core   0: 3 0x000000008000f5b4 (0x85ba) x11 0x0000000000000001
core   0: 0x000000008000f5b6 (0x0000853e) c.mv    a0, a5
core   0: 3 0x000000008000f5b6 (0x853e) x10 0x0000000000000000
core   0: 0x000000008000f5b8 (0xf03ff0ef) jal     pc - 0xfe
core   0: 3 0x000000008000f5b8 (0xf03ff0ef) x1  0x000000008000f5bc
core   0: >>>>  thread_entry
core   0: 0x000000008000f4ba (0x00001101) c.addi  sp, -32
core   0: 3 0x000000008000f4ba (0x1101) x2  0x0000000080031f70
core   0: 0x000000008000f4bc (0x0000ec22) c.sdsp  s0, 24(sp)
core   0: 3 0x000000008000f4bc (0xec22) mem 0x0000000080031f88 0x0000000080032040
core   0: 0x000000008000f4be (0x00001000) c.addi4spn s0, sp, 32
core   0: 3 0x000000008000f4be (0x1000) x8  0x0000000080031f90
core   0: 0x000000008000f4c0 (0x000087aa) c.mv    a5, a0
core   0: 3 0x000000008000f4c0 (0x87aa) x15 0x0000000000000000
core   0: 0x000000008000f4c2 (0x0000872e) c.mv    a4, a1
core   0: 3 0x000000008000f4c2 (0x872e) x14 0x0000000000000001
core   0: 0x000000008000f4c4 (0xfef42623) sw      a5, -20(s0)
core   0: 3 0x000000008000f4c4 (0xfef42623) mem 0x0000000080031f7c 0x00000000
core   0: 0x000000008000f4c8 (0x000087ba) c.mv    a5, a4
core   0: 3 0x000000008000f4c8 (0x87ba) x15 0x0000000000000001
core   0: 0x000000008000f4ca (0xfef42423) sw      a5, -24(s0)
core   0: 3 0x000000008000f4ca (0xfef42423) mem 0x0000000080031f78 0x00000001
core   0: 0x000000008000f4ce (0x00000001) c.nop
core   0: 3 0x000000008000f4ce (0x0001)
core   0: 0x000000008000f4d0 (0xfec42783) lw      a5, -20(s0)
core   0: 3 0x000000008000f4d0 (0xfec42783) x15 0x0000000000000000 mem 0x0000000080031f7c
core   0: 0x000000008000f4d4 (0x00002781) c.addiw a5, 0
core   0: 3 0x000000008000f4d4 (0x2781) x15 0x0000000000000000
core   0: 0x000000008000f4d6 (0x0000ffed) c.bnez  a5, pc - 6
core   0: 3 0x000000008000f4d6 (0xffed)
core   0: 0x000000008000f4d8 (0x00000001) c.nop
core   0: 3 0x000000008000f4d8 (0x0001)
core   0: 0x000000008000f4da (0x00000001) c.nop
core   0: 3 0x000000008000f4da (0x0001)
core   0: 0x000000008000f4dc (0x00006462) c.ldsp  s0, 24(sp)
core   0: 3 0x000000008000f4dc (0x6462) x8  0x0000000080032040 mem 0x0000000080031f88
core   0: 0x000000008000f4de (0x00006105) c.addi16sp sp, 32
core   0: 3 0x000000008000f4de (0x6105) x2  0x0000000080031f90
core   0: 0x000000008000f4e0 (0x00008082) ret
core   0: 3 0x000000008000f4e0 (0x8082)
core   0: 0x000000008000f5bc (0x00004581) c.li    a1, 0
core   0: 3 0x000000008000f5bc (0x4581) x11 0x0000000000000000
core   0: 0x000000008000f5be (0x00004501) c.li    a0, 0
core   0: 3 0x000000008000f5be (0x4501) x10 0x0000000000000000
core   0: 0x000000008000f5c0 (0xa41f20ef) jal     pc - 0xd5c0
core   0: 3 0x000000008000f5c0 (0xa41f20ef) x1  0x000000008000f5c4
core   0: >>>>  main
core   0: 0x0000000080002000 (0x00000001) c.nop
core   0: 3 0x0000000080002000 (0x0001)
core   0: >>>>  trap_vec_init
core   0: 0x0000000080002002 (0x00002797) auipc   a5, 0x2
core   0: 3 0x0000000080002002 (0x00002797) x15 0x0000000080004002
core   0: 0x0000000080002006 (0xffe78793) addi    a5, a5, -2
core   0: 3 0x0000000080002006 (0xffe78793) x15 0x0000000080004000
core   0: 0x000000008000200a (0x30579073) csrrw   zero, mtvec, a5
core   0: 3 0x000000008000200a (0x30579073) c773_mtvec 0x0000000080004000
core   0: >>>>  pmp_setup
core   0: 0x000000008000200e (0x00002c17) auipc   s8, 0x2
core   0: 3 0x000000008000200e (0x00002c17) x24 0x000000008000400e
core   0: 0x0000000080002012 (0x022c0c13) addi    s8, s8, 34
core   0: 3 0x0000000080002012 (0x022c0c13) x24 0x0000000080004030
core   0: 0x0000000080002016 (0x00004781) c.li    a5, 0
core   0: 3 0x0000000080002016 (0x4781) x15 0x0000000000000000
core   0: 0x0000000080002018 (0x00009c3e) c.add   s8, a5
core   0: 3 0x0000000080002018 (0x9c3e) x24 0x0000000080004030
core   0: 0x000000008000201a (0x3b0c1073) csrrw   zero, pmpaddr0, s8
core   0: 3 0x000000008000201a (0x3b0c1073) c944_pmpaddr0 0x0000000080004030
core   0: 0x000000008000201e (0x00004c3d) c.li    s8, 15
core   0: 3 0x000000008000201e (0x4c3d) x24 0x000000000000000f
core   0: 0x0000000080002020 (0x3a0c1073) csrrw   zero, pmpcfg0, s8
core   0: 3 0x0000000080002020 (0x3a0c1073) c928_pmpcfg0 0x000000000000000f
core   0: 0x0000000080002024 (0x12000073) sfence.vma zero, zero
core   0: 3 0x0000000080002024 (0x12000073)
core   0: >>>>  mepc_setup
core   0: 0x0000000080002028 (0x00002797) auipc   a5, 0x2
core   0: 3 0x0000000080002028 (0x00002797) x15 0x0000000080004028
core   0: 0x000000008000202c (0x00878793) addi    a5, a5, 8
core   0: 3 0x000000008000202c (0x00878793) x15 0x0000000080004030
core   0: 0x0000000080002030 (0x34179073) csrrw   zero, mepc, a5
core   0: 3 0x0000000080002030 (0x34179073) c833_mepc 0x0000000080004030
core   0: >>>>  custom_csr_setup
core   0: 0x0000000080002034 (0x00100f9b) addiw   t6, zero, 1
core   0: 3 0x0000000080002034 (0x00100f9b) x31 0x0000000000000001
core   0: 0x0000000080002038 (0x00000ffe) c.slli  t6, 31
core   0: 3 0x0000000080002038 (0x0ffe) x31 0x0000000080000000
core   0: 0x000000008000203a (0x00000001) c.nop
core   0: 3 0x000000008000203a (0x0001)
core   0: >>>>  init_s_mode
core   0: 0x000000008000203c (0xfff0079b) addiw   a5, zero, -1
core   0: 3 0x000000008000203c (0xfff0079b) x15 0xffffffffffffffff
core   0: 0x0000000080002040 (0x000017fe) c.slli  a5, 63
core   0: 3 0x0000000080002040 (0x17fe) x15 0x8000000000000000
core   0: 0x0000000080002042 (0x18079073) csrrw   zero, satp, a5
core   0: 3 0x0000000080002042 (0x18079073) c384_satp 0x8000000000000000
core   0: 0x0000000080002046 (0x0000f797) auipc   a5, 0xf
core   0: 3 0x0000000080002046 (0x0000f797) x15 0x0000000080011046
core   0: 0x000000008000204a (0xfba78793) addi    a5, a5, -70
core   0: 3 0x000000008000204a (0xfba78793) x15 0x0000000080011000
core   0: 0x000000008000204e (0x000083b1) c.srli  a5, 12
core   0: 3 0x000000008000204e (0x83b1) x15 0x0000000000080011
core   0: 0x0000000080002050 (0x0010061b) addiw   a2, zero, 1
core   0: 3 0x0000000080002050 (0x0010061b) x12 0x0000000000000001
core   0: 0x0000000080002054 (0x00001632) c.slli  a2, 44
core   0: 3 0x0000000080002054 (0x1632) x12 0x0000100000000000
core   0: 0x0000000080002056 (0x0000167d) c.addi  a2, -1
core   0: 3 0x0000000080002056 (0x167d) x12 0x00000fffffffffff
core   0: 0x0000000080002058 (0x00008ff1) c.and   a5, a2
core   0: 3 0x0000000080002058 (0x8ff1) x15 0x0000000000080011
core   0: 0x000000008000205a (0x1807a073) csrrs   zero, satp, a5
core   0: 3 0x000000008000205a (0x1807a073) c384_satp 0x8000000000080011
core   0: 0x000000008000205e (0x00a005b7) lui     a1, 0xa00
core   0: 3 0x000000008000205e (0x00a005b7) x11 0x0000000000a00000
core   0: 0x0000000080002062 (0x10b5859b) addiw   a1, a1, 267
core   0: 3 0x0000000080002062 (0x10b5859b) x11 0x0000000000a0010b
core   0: 0x0000000080002066 (0x000005b2) c.slli  a1, 12
core   0: 3 0x0000000080002066 (0x05b2) x11 0x0000000a0010b000
core   0: 0x0000000080002068 (0xa0058593) addi    a1, a1, -1536
core   0: 3 0x0000000080002068 (0xa0058593) x11 0x0000000a0010aa00
core   0: 0x000000008000206c (0x30059073) csrrw   zero, mstatus, a1
core   0: 3 0x000000008000206c (0x30059073) c768_mstatus 0x0000000a00102800
core   0: 0x0000000080002070 (0x30459073) csrrw   zero, mie, a1
core   0: 3 0x0000000080002070 (0x30459073) c772_mie 0x0000000000000a00
core   0: 0x0000000080002074 (0x00a005b7) lui     a1, 0xa00
core   0: 3 0x0000000080002074 (0x00a005b7) x11 0x0000000000a00000
core   0: 0x0000000080002078 (0x10b5859b) addiw   a1, a1, 267
core   0: 3 0x0000000080002078 (0x10b5859b) x11 0x0000000000a0010b
core   0: 0x000000008000207c (0x000005b2) c.slli  a1, 12
core   0: 3 0x000000008000207c (0x05b2) x11 0x0000000a0010b000
core   0: 0x000000008000207e (0xa0058593) addi    a1, a1, -1536
core   0: 3 0x000000008000207e (0xa0058593) x11 0x0000000a0010aa00
core   0: 0x0000000080002082 (0x10059073) csrrw   zero, sstatus, a1
core   0: 3 0x0000000080002082 (0x10059073) c768_mstatus 0x0000000a00102800
core   0: 0x0000000080002086 (0x10459073) csrrw   zero, sie, a1
core   0: 3 0x0000000080002086 (0x10459073) c772_mie 0x0000000000000a00
core   0: 0x000000008000208a (0x30200073) mret
core   0: 3 0x000000008000208a (0x30200073) c768_mstatus 0x0000000a00102080
core   0: >>>>  main_g
core   0: 0x0000000080004030 (0x2ae30753) fmin.d  fa4, ft6, fa4
core   0: 1 0x0000000080004030 (0x2ae30753) c768_mstatus 0x8000000a00106080 f14 0x7ff8000000000000
core   0: 0x0000000080004034 (0x00000001) c.nop
core   0: 1 0x0000000080004034 (0x0001)
core   0: 0x0000000080004036 (0x0012911b) slliw   sp, t0, 1
core   0: 1 0x0000000080004036 (0x0012911b) x2  0x0000000000000248
core   0: 0x000000008000403a (0x03c13eb3) mulhu   t4, sp, t3
core   0: 1 0x000000008000403a (0x03c13eb3) x29 0x0000000000000000
core   0: 0x000000008000403e (0x1789049b) addiw   s1, s2, 376
core   0: 1 0x000000008000403e (0x1789049b) x9  0x0000000000000178
core   0: 0x0000000080004042 (0xa2e6a853) feq.d   a6, fa3, fa4
core   0: 1 0x0000000080004042 (0xa2e6a853) x16 0x0000000000000000
core   0: 0x0000000080004046 (0x03885313) srli    t1, a6, 56
core   0: 1 0x0000000080004046 (0x03885313) x6  0x0000000000000000
core   0: 0x000000008000404a (0x0062e2b3) or      t0, t0, t1
core   0: 1 0x000000008000404a (0x0062e2b3) x5  0x0000000080000124
core   0: 0x000000008000404e (0xfff7851b) addiw   a0, a5, -1
core   0: 1 0x000000008000404e (0xfff7851b) x10 0x0000000000080010
core   0: 0x0000000080004052 (0x420f8dd3) fcvt.d.s fs11, ft11
core   0: 1 0x0000000080004052 (0x420f8dd3) f27 0x0000000000000000
core   0: 0x0000000080004056 (0xf0d18193) addi    gp, gp, -243
core   0: 1 0x0000000080004056 (0xf0d18193) x3  0x0000000080012735
core   0: 0x000000008000405a (0xc03ff053) fcvt.lu.s zero, ft11
core   0: 1 0x000000008000405a (0xc03ff053)
core   0: 0x000000008000405e (0x400ad613) srai    a2, s5, 0
core   0: 1 0x000000008000405e (0x400ad613) x12 0x0000000000000000
core   0: 0x0000000080004062 (0x0171581b) srliw   a6, sp, 23
core   0: 1 0x0000000080004062 (0x0171581b) x16 0x0000000000000000
core   0: 0x0000000080004066 (0x404a8533) sub     a0, s5, tp
core   0: 1 0x0000000080004066 (0x404a8533) x10 0xffffffff7ffedfc0
core   0: 0x000000008000406a (0x0037d7bb) srlw    a5, a5, gp
core   0: 1 0x000000008000406a (0x0037d7bb) x15 0x0000000000000000
core   0: 0x000000008000406e (0xc202f653) fcvt.w.d a2, ft5
core   0: 1 0x000000008000406e (0xc202f653) c1_fflags 0x0000000000000010 x12 0x000000007fffffff
core   0: 0x0000000080004072 (0x01472133) slt     sp, a4, s4
core   0: 1 0x0000000080004072 (0x01472133) x2  0x0000000000000000
core   0: 0x0000000080004076 (0xc234f053) fcvt.lu.d zero, fs1
core   0: 1 0x0000000080004076 (0xc234f053) c1_fflags 0x0000000000000010
core   0: 0x000000008000407a (0x03b8ba33) mulhu   s4, a7, s11
core   0: 1 0x000000008000407a (0x03b8ba33) x20 0x0000000000000000
core   0: 0x000000008000407e (0xc02af353) fcvt.l.s t1, fs5
core   0: 1 0x000000008000407e (0xc02af353) x6  0x0000000000000000
core   0: 0x0000000080004082 (0x01185033) srl     zero, a6, a7
core   0: 1 0x0000000080004082 (0x01185033)
core   0: 0x0000000080004086 (0xc227fa53) fcvt.l.d s4, fa5
core   0: 1 0x0000000080004086 (0xc227fa53) c1_fflags 0x0000000000000010 x20 0x7fffffffffffffff
core   0: 0x000000008000408a (0xd2140cd3) fcvt.d.wu fs9, s0
core   0: 1 0x000000008000408a (0xd2140cd3) f25 0x41e0006408000000
core   0: 0x000000008000408e (0x02291b33) mulh    s6, s2, sp
core   0: 1 0x000000008000408e (0x02291b33) x22 0x0000000000000000
core   0: 0x0000000080004092 (0x010a5d3b) srlw    s10, s4, a6
core   0: 1 0x0000000080004092 (0x010a5d3b) x26 0xffffffffffffffff
core   0: 0x0000000080004096 (0xfb9ef5c3) fmadd.d fa1, ft9, fs9, ft11
core   0: 1 0x0000000080004096 (0xfb9ef5c3) f11 0x7ff8000000000000
core   0: 0x000000008000409a (0x00171773) csrrw   a4, fflags, a4
core   0: 1 0x000000008000409a (0x00171773) x14 0x0000000000000010 c1_fflags 0x0000000000000001
core   0: 0x000000008000409e (0x8007021b) addiw   tp, a4, -2048
core   0: 1 0x000000008000409e (0x8007021b) x4  0xfffffffffffff810
core   0: 0x00000000800040a2 (0xc7987813) andi    a6, a6, -903
core   0: 1 0x00000000800040a2 (0xc7987813) x16 0x0000000000000000
core   0: 0x00000000800040a6 (0x4109d9bb) sraw    s3, s3, a6
core   0: 1 0x00000000800040a6 (0x4109d9bb) x19 0x0000000000000000
core   0: 0x00000000800040aa (0x009611bb) sllw    gp, a2, s1
core   0: 1 0x00000000800040aa (0x009611bb) x3  0xffffffffff000000
core   0: 0x00000000800040ae (0x0012171b) slliw   a4, tp, 1
core   0: 1 0x00000000800040ae (0x0012171b) x14 0xfffffffffffff020
core   0: 0x00000000800040b2 (0x00311d33) sll     s10, sp, gp
core   0: 1 0x00000000800040b2 (0x00311d33) x26 0x0000000000000000
core   0: 0x00000000800040b6 (0xd03e7d53) fcvt.s.lu fs10, t3
core   0: 1 0x00000000800040b6 (0xd03e7d53) f26 0xffffffff00000000
core   0: 0x00000000800040ba (0x9405cc93) xori    s9, a1, -1728
core   0: 1 0x00000000800040ba (0x9405cc93) x25 0xfffffff5ffef5340
core   0: 0x00000000800040be (0x7ffb7913) andi    s2, s6, 2047
core   0: 1 0x00000000800040be (0x7ffb7913) x18 0x0000000000000000
core   0: 0x00000000800040c2 (0xd2058b53) fcvt.d.w fs6, a1
core   0: 1 0x00000000800040c2 (0xd2058b53) f22 0x4130aa0000000000
core   0: 0x00000000800040c6 (0x404b5893) srai    a7, s6, 4
core   0: 1 0x00000000800040c6 (0x404b5893) x17 0x0000000000000000
core   0: 0x00000000800040ca (0x01127233) and     tp, tp, a7
core   0: 1 0x00000000800040ca (0x01127233) x4  0x0000000000000000
core   0: 0x00000000800040ce (0x0073d8bb) srlw    a7, t2, t2
core   0: 1 0x00000000800040ce (0x0073d8bb) x17 0x0000000000000000
core   0: 0x00000000800040d2 (0x4063d09b) sraiw   ra, t2, 6
core   0: 1 0x00000000800040d2 (0x4063d09b) x1  0x0000000000000000
core   0: 0x00000000800040d6 (0x7ffc7813) andi    a6, s8, 2047
core   0: 1 0x00000000800040d6 (0x7ffc7813) x16 0x000000000000000f
core   0: 0x00000000800040da (0x002b98f3) csrrw   a7, frm, s7
core   0: 1 0x00000000800040da (0x002b98f3) x17 0x0000000000000000 c2_frm 0x0000000000000000
core   0: 0x00000000800040de (0x002b931b) slliw   t1, s7, 2
core   0: 1 0x00000000800040de (0x002b931b) x6  0x0000000000000000
core   0: 0x00000000800040e2 (0xff4720b7) lui     ra, 0xff472
core   0: 1 0x00000000800040e2 (0xff4720b7) x1  0xffffffffff472000
core   0: 0x00000000800040e6 (0x001dd593) srli    a1, s11, 1
core   0: 1 0x00000000800040e6 (0x001dd593) x11 0x0000000000000000
core   0: 0x00000000800040ea (0x01b60dbb) addw    s11, a2, s11
core   0: 1 0x00000000800040ea (0x01b60dbb) x27 0x000000007fffffff
core   0: 0x00000000800040ee (0x401f7f53) fcvt.s.d ft10, ft10
core   0: 1 0x00000000800040ee (0x401f7f53) f30 0xffffffff7fc00000
core   0: 0x00000000800040f2 (0x41ce0d3b) subw    s10, t3, t3
core   0: 1 0x00000000800040f2 (0x41ce0d3b) x26 0x0000000000000000
core   0: 0x00000000800040f6 (0x039bcd3b) divw    s10, s7, s9
core   0: 1 0x00000000800040f6 (0x039bcd3b) x26 0x0000000000000000
core   0: 0x00000000800040fa (0x00008285) c.srli  a3, 1
core   0: 1 0x00000000800040fa (0x8285) x13 0x0000000000000000
core   0: 0x00000000800040fc (0x002c1c73) csrrw   s8, frm, s8
core   0: 1 0x00000000800040fc (0x002c1c73) x24 0x0000000000000000 c2_frm 0x0000000000000007
core   0: 0x0000000080004100 (0x02ac4533) div     a0, s8, a0
core   0: 1 0x0000000080004100 (0x02ac4533) x10 0x0000000000000000
core   0: 0x0000000080004104 (0x0102013b) addw    sp, tp, a6
core   0: 1 0x0000000080004104 (0x0102013b) x2  0x000000000000000f
core   0: 0x0000000080004108 (0x81f399b7) lui     s3, 0x81f39
core   0: 1 0x0000000080004108 (0x81f399b7) x19 0xffffffff81f39000
core   0: 0x000000008000410c (0x002d9673) csrrw   a2, frm, s11
core   0: 1 0x000000008000410c (0x002d9673) x12 0x0000000000000007 c2_frm 0x0000000000000007
core   0: 0x0000000080004110 (0x2b11f343) fmadd.d ft6, ft3, fa7, ft5
core   0: exception trap_illegal_instruction, epc 0x0000000080004110
core   0:           tval 0x000000002b11f343
core   0: >>>>  $xrv64i2p1_m2p0_a2p1_f2p2_d2p2_zicsr2p0_zifencei2p0_zmmul1p0_zba1p0_zbb1p0_zbc1p0_zbs1p0
core   0: 0x0000000080004000 (0x0080006f) j       pc + 0x8
core   0: 3 0x0000000080004000 (0x0080006f)
core   0: >>>>  mmode_exception_handler
core   0: 0x0000000080004008 (0x00002c17) auipc   s8, 0x2
core   0: 3 0x0000000080004008 (0x00002c17) x24 0x0000000080006008
core   0: 0x000000008000400c (0xfcec0c13) addi    s8, s8, -50
core   0: 3 0x000000008000400c (0xfcec0c13) x24 0x0000000080005fd6
core   0: 0x0000000080004010 (0x000c00e7) jalr    s8
core   0: 3 0x0000000080004010 (0x000c00e7) x1  0x0000000080004014
core   0: >>>>  any_handler
core   0: 0x0000000080005fd6 (0x341027f3) csrrs   a5, mepc, zero
core   0: 3 0x0000000080005fd6 (0x341027f3) x15 0x0000000080004110
core   0: 0x0000000080005fda (0x34202773) csrrs   a4, mcause, zero
core   0: 3 0x0000000080005fda (0x34202773) x14 0x0000000000000002
core   0: 0x0000000080005fde (0x142026f3) csrrs   a3, scause, zero
core   0: 3 0x0000000080005fde (0x142026f3) x13 0x0000000000000000
core   0: 0x0000000080005fe2 (0x30402673) csrrs   a2, mie, zero
core   0: 3 0x0000000080005fe2 (0x30402673) x12 0x0000000000000a00
core   0: 0x0000000080005fe6 (0x344025f3) csrrs   a1, mip, zero
core   0: 3 0x0000000080005fe6 (0x344025f3) x11 0x0000000000000080
core   0: 0x0000000080005fea (0x343025f3) csrrs   a1, mtval, zero
core   0: 3 0x0000000080005fea (0x343025f3) x11 0x000000002b11f343
core   0: 0x0000000080005fee (0x14302573) csrrs   a0, stval, zero
core   0: 3 0x0000000080005fee (0x14302573) x10 0x0000000000000000
core   0: 0x0000000080005ff2 (0xb02024f3) csrrs   s1, minstret, zero
core   0: 3 0x0000000080005ff2 (0xb02024f3) x9  0x0000000000000804
core   0: 0x0000000080005ff6 (0x0000a811) c.j     pc + 20
core   0: 3 0x0000000080005ff6 (0xa811)
core   0: >>>>  mepc_4
core   0: 0x000000008000600a (0x00000791) c.addi  a5, 4
core   0: 3 0x000000008000600a (0x0791) x15 0x0000000080004114
core   0: 0x000000008000600c (0x34179073) csrrw   zero, mepc, a5
core   0: 3 0x000000008000600c (0x34179073) c833_mepc 0x0000000080004114
core   0: 0x0000000080006010 (0x30200073) mret
core   0: 3 0x0000000080006010 (0x30200073) c768_mstatus 0x8000000a00106080
core   0: 0x0000000080004114 (0x4b33f84b) fnmsub.d fa6, ft7, fs3, fs1
core   0: exception trap_illegal_instruction, epc 0x0000000080004114
core   0:           tval 0x000000004b33f84b
core   0: >>>>  $xrv64i2p1_m2p0_a2p1_f2p2_d2p2_zicsr2p0_zifencei2p0_zmmul1p0_zba1p0_zbb1p0_zbc1p0_zbs1p0
core   0: 0x0000000080004000 (0x0080006f) j       pc + 0x8
core   0: 3 0x0000000080004000 (0x0080006f)
core   0: >>>>  mmode_exception_handler
core   0: 0x0000000080004008 (0x00002c17) auipc   s8, 0x2
core   0: 3 0x0000000080004008 (0x00002c17) x24 0x0000000080006008
core   0: 0x000000008000400c (0xfcec0c13) addi    s8, s8, -50
core   0: 3 0x000000008000400c (0xfcec0c13) x24 0x0000000080005fd6
core   0: 0x0000000080004010 (0x000c00e7) jalr    s8
core   0: 3 0x0000000080004010 (0x000c00e7) x1  0x0000000080004014
core   0: >>>>  any_handler
core   0: 0x0000000080005fd6 (0x341027f3) csrrs   a5, mepc, zero
core   0: 3 0x0000000080005fd6 (0x341027f3) x15 0x0000000080004114
core   0: 0x0000000080005fda (0x34202773) csrrs   a4, mcause, zero
core   0: 3 0x0000000080005fda (0x34202773) x14 0x0000000000000002
core   0: 0x0000000080005fde (0x142026f3) csrrs   a3, scause, zero
core   0: 3 0x0000000080005fde (0x142026f3) x13 0x0000000000000000
core   0: 0x0000000080005fe2 (0x30402673) csrrs   a2, mie, zero
core   0: 3 0x0000000080005fe2 (0x30402673) x12 0x0000000000000a00
core   0: 0x0000000080005fe6 (0x344025f3) csrrs   a1, mip, zero
core   0: 3 0x0000000080005fe6 (0x344025f3) x11 0x0000000000000080
core   0: 0x0000000080005fea (0x343025f3) csrrs   a1, mtval, zero
core   0: 3 0x0000000080005fea (0x343025f3) x11 0x000000004b33f84b
core   0: 0x0000000080005fee (0x14302573) csrrs   a0, stval, zero
core   0: 3 0x0000000080005fee (0x14302573) x10 0x0000000000000000
core   0: 0x0000000080005ff2 (0xb02024f3) csrrs   s1, minstret, zero
core   0: 3 0x0000000080005ff2 (0xb02024f3) x9  0x0000000000000814
core   0: 0x0000000080005ff6 (0x0000a811) c.j     pc + 20
core   0: 3 0x0000000080005ff6 (0xa811)
core   0: >>>>  mepc_4
core   0: 0x000000008000600a (0x00000791) c.addi  a5, 4
core   0: 3 0x000000008000600a (0x0791) x15 0x0000000080004118
core   0: 0x000000008000600c (0x34179073) csrrw   zero, mepc, a5
core   0: 3 0x000000008000600c (0x34179073) c833_mepc 0x0000000080004118
core   0: 0x0000000080006010 (0x30200073) mret
core   0: 3 0x0000000080006010 (0x30200073) c768_mstatus 0x8000000a00106080
core   0: 0x0000000080004118 (0x3231baf3) csrrc   s5, mhpmevent3, gp
core   0: exception trap_illegal_instruction, epc 0x0000000080004118
core   0:           tval 0x000000003231baf3
core   0: >>>>  $xrv64i2p1_m2p0_a2p1_f2p2_d2p2_zicsr2p0_zifencei2p0_zmmul1p0_zba1p0_zbb1p0_zbc1p0_zbs1p0
core   0: 0x0000000080004000 (0x0080006f) j       pc + 0x8
core   0: 3 0x0000000080004000 (0x0080006f)
core   0: >>>>  mmode_exception_handler
core   0: 0x0000000080004008 (0x00002c17) auipc   s8, 0x2
core   0: 3 0x0000000080004008 (0x00002c17) x24 0x0000000080006008
core   0: 0x000000008000400c (0xfcec0c13) addi    s8, s8, -50
core   0: 3 0x000000008000400c (0xfcec0c13) x24 0x0000000080005fd6
core   0: 0x0000000080004010 (0x000c00e7) jalr    s8
core   0: 3 0x0000000080004010 (0x000c00e7) x1  0x0000000080004014
core   0: >>>>  any_handler
core   0: 0x0000000080005fd6 (0x341027f3) csrrs   a5, mepc, zero
core   0: 3 0x0000000080005fd6 (0x341027f3) x15 0x0000000080004118
core   0: 0x0000000080005fda (0x34202773) csrrs   a4, mcause, zero
core   0: 3 0x0000000080005fda (0x34202773) x14 0x0000000000000002
core   0: 0x0000000080005fde (0x142026f3) csrrs   a3, scause, zero
core   0: 3 0x0000000080005fde (0x142026f3) x13 0x0000000000000000
core   0: 0x0000000080005fe2 (0x30402673) csrrs   a2, mie, zero
core   0: 3 0x0000000080005fe2 (0x30402673) x12 0x0000000000000a00
core   0: 0x0000000080005fe6 (0x344025f3) csrrs   a1, mip, zero
core   0: 3 0x0000000080005fe6 (0x344025f3) x11 0x0000000000000080
core   0: 0x0000000080005fea (0x343025f3) csrrs   a1, mtval, zero
core   0: 3 0x0000000080005fea (0x343025f3) x11 0x000000003231baf3
core   0: 0x0000000080005fee (0x14302573) csrrs   a0, stval, zero
core   0: 3 0x0000000080005fee (0x14302573) x10 0x0000000000000000
core   0: 0x0000000080005ff2 (0xb02024f3) csrrs   s1, minstret, zero
core   0: 3 0x0000000080005ff2 (0xb02024f3) x9  0x0000000000000824
core   0: 0x0000000080005ff6 (0x0000a811) c.j     pc + 20
core   0: 3 0x0000000080005ff6 (0xa811)
core   0: >>>>  mepc_4
core   0: 0x000000008000600a (0x00000791) c.addi  a5, 4
core   0: 3 0x000000008000600a (0x0791) x15 0x000000008000411c
core   0: 0x000000008000600c (0x34179073) csrrw   zero, mepc, a5
core   0: 3 0x000000008000600c (0x34179073) c833_mepc 0x000000008000411c
core   0: 0x0000000080006010 (0x30200073) mret
core   0: 3 0x0000000080006010 (0x30200073) c768_mstatus 0x8000000a00106080
core   0: 0x000000008000411c (0x02607fd3) fadd.d  ft11, ft0, ft6
core   0: exception trap_illegal_instruction, epc 0x000000008000411c
core   0:           tval 0x0000000002607fd3
core   0: >>>>  $xrv64i2p1_m2p0_a2p1_f2p2_d2p2_zicsr2p0_zifencei2p0_zmmul1p0_zba1p0_zbb1p0_zbc1p0_zbs1p0
core   0: 0x0000000080004000 (0x0080006f) j       pc + 0x8
core   0: 3 0x0000000080004000 (0x0080006f)
core   0: >>>>  mmode_exception_handler
core   0: 0x0000000080004008 (0x00002c17) auipc   s8, 0x2
core   0: 3 0x0000000080004008 (0x00002c17) x24 0x0000000080006008
core   0: 0x000000008000400c (0xfcec0c13) addi    s8, s8, -50
core   0: 3 0x000000008000400c (0xfcec0c13) x24 0x0000000080005fd6
core   0: 0x0000000080004010 (0x000c00e7) jalr    s8
core   0: 3 0x0000000080004010 (0x000c00e7) x1  0x0000000080004014
core   0: >>>>  any_handler
core   0: 0x0000000080005fd6 (0x341027f3) csrrs   a5, mepc, zero
core   0: 3 0x0000000080005fd6 (0x341027f3) x15 0x000000008000411c
core   0: 0x0000000080005fda (0x34202773) csrrs   a4, mcause, zero
core   0: 3 0x0000000080005fda (0x34202773) x14 0x0000000000000002
core   0: 0x0000000080005fde (0x142026f3) csrrs   a3, scause, zero
core   0: 3 0x0000000080005fde (0x142026f3) x13 0x0000000000000000
core   0: 0x0000000080005fe2 (0x30402673) csrrs   a2, mie, zero
core   0: 3 0x0000000080005fe2 (0x30402673) x12 0x0000000000000a00
core   0: 0x0000000080005fe6 (0x344025f3) csrrs   a1, mip, zero
core   0: 3 0x0000000080005fe6 (0x344025f3) x11 0x0000000000000080
core   0: 0x0000000080005fea (0x343025f3) csrrs   a1, mtval, zero
core   0: 3 0x0000000080005fea (0x343025f3) x11 0x0000000002607fd3
core   0: 0x0000000080005fee (0x14302573) csrrs   a0, stval, zero
core   0: 3 0x0000000080005fee (0x14302573) x10 0x0000000000000000
core   0: 0x0000000080005ff2 (0xb02024f3) csrrs   s1, minstret, zero
core   0: 3 0x0000000080005ff2 (0xb02024f3) x9  0x0000000000000834
core   0: 0x0000000080005ff6 (0x0000a811) c.j     pc + 20
core   0: 3 0x0000000080005ff6 (0xa811)
core   0: >>>>  mepc_4
core   0: 0x000000008000600a (0x00000791) c.addi  a5, 4
core   0: 3 0x000000008000600a (0x0791) x15 0x0000000080004120
core   0: 0x000000008000600c (0x34179073) csrrw   zero, mepc, a5
core   0: 3 0x000000008000600c (0x34179073) c833_mepc 0x0000000080004120
core   0: 0x0000000080006010 (0x30200073) mret
core   0: 3 0x0000000080006010 (0x30200073) c768_mstatus 0x8000000a00106080
core   0: 0x0000000080004120 (0xfff06013) ori     zero, zero, -1
core   0: 1 0x0000000080004120 (0xfff06013)
core   0: 0x0000000080004124 (0x00771533) sll     a0, a4, t2
core   0: 1 0x0000000080004124 (0x00771533) x10 0x0000000000000002
core   0: 0x0000000080004128 (0x22b20753) fsgnj.d fa4, ft4, fa1
core   0: 1 0x0000000080004128 (0x22b20753) f14 0x7fffffff00000000
core   0: 0x000000008000412c (0x02e4443b) divw    s0, s0, a4
core   0: 1 0x000000008000412c (0x02e4443b) x8  0xffffffffc0019020
core   0: 0x0000000080004130 (0x00541233) sll     tp, s0, t0
core   0: 1 0x0000000080004130 (0x00541233) x4  0x0019020000000000
core   0: 0x0000000080004134 (0x00025513) srli    a0, tp, 0
core   0: 1 0x0000000080004134 (0x00025513) x10 0x0019020000000000
core   0: 0x0000000080004138 (0xc2237153) fcvt.l.d sp, ft6
core   0: exception trap_illegal_instruction, epc 0x0000000080004138
core   0:           tval 0x00000000c2237153
core   0: >>>>  $xrv64i2p1_m2p0_a2p1_f2p2_d2p2_zicsr2p0_zifencei2p0_zmmul1p0_zba1p0_zbb1p0_zbc1p0_zbs1p0
core   0: 0x0000000080004000 (0x0080006f) j       pc + 0x8
core   0: 3 0x0000000080004000 (0x0080006f)
core   0: >>>>  mmode_exception_handler
core   0: 0x0000000080004008 (0x00002c17) auipc   s8, 0x2
core   0: 3 0x0000000080004008 (0x00002c17) x24 0x0000000080006008
core   0: 0x000000008000400c (0xfcec0c13) addi    s8, s8, -50
core   0: 3 0x000000008000400c (0xfcec0c13) x24 0x0000000080005fd6
core   0: 0x0000000080004010 (0x000c00e7) jalr    s8
core   0: 3 0x0000000080004010 (0x000c00e7) x1  0x0000000080004014
core   0: >>>>  any_handler
core   0: 0x0000000080005fd6 (0x341027f3) csrrs   a5, mepc, zero
core   0: 3 0x0000000080005fd6 (0x341027f3) x15 0x0000000080004138
core   0: 0x0000000080005fda (0x34202773) csrrs   a4, mcause, zero
core   0: 3 0x0000000080005fda (0x34202773) x14 0x0000000000000002
core   0: 0x0000000080005fde (0x142026f3) csrrs   a3, scause, zero
core   0: 3 0x0000000080005fde (0x142026f3) x13 0x0000000000000000
core   0: 0x0000000080005fe2 (0x30402673) csrrs   a2, mie, zero
core   0: 3 0x0000000080005fe2 (0x30402673) x12 0x0000000000000a00
core   0: 0x0000000080005fe6 (0x344025f3) csrrs   a1, mip, zero
core   0: 3 0x0000000080005fe6 (0x344025f3) x11 0x0000000000000080
core   0: 0x0000000080005fea (0x343025f3) csrrs   a1, mtval, zero
core   0: 3 0x0000000080005fea (0x343025f3) x11 0x00000000c2237153
core   0: 0x0000000080005fee (0x14302573) csrrs   a0, stval, zero
core   0: 3 0x0000000080005fee (0x14302573) x10 0x0000000000000000
core   0: 0x0000000080005ff2 (0xb02024f3) csrrs   s1, minstret, zero
core   0: 3 0x0000000080005ff2 (0xb02024f3) x9  0x000000000000084a
core   0: 0x0000000080005ff6 (0x0000a811) c.j     pc + 20
core   0: 3 0x0000000080005ff6 (0xa811)
core   0: >>>>  mepc_4
core   0: 0x000000008000600a (0x00000791) c.addi  a5, 4
core   0: 3 0x000000008000600a (0x0791) x15 0x000000008000413c
core   0: 0x000000008000600c (0x34179073) csrrw   zero, mepc, a5
core   0: 3 0x000000008000600c (0x34179073) c833_mepc 0x000000008000413c
core   0: 0x0000000080006010 (0x30200073) mret
core   0: 3 0x0000000080006010 (0x30200073) c768_mstatus 0x8000000a00106080
core   0: 0x000000008000413c (0x02210b33) mul     s6, sp, sp
core   0: 1 0x000000008000413c (0x02210b33) x22 0x00000000000000e1
core   0: 0x0000000080004140 (0x036da4b3) mulhsu  s1, s11, s6
core   0: 1 0x0000000080004140 (0x036da4b3) x9  0x0000000000000000
core   0: 0x0000000080004144 (0x43f0db93) srai    s7, ra, 63
core   0: 1 0x0000000080004144 (0x43f0db93) x23 0x0000000000000000
core   0: 0x0000000080004148 (0x4009d99b) sraiw   s3, s3, 0
core   0: 1 0x0000000080004148 (0x4009d99b) x19 0xffffffff81f39000
core   0: 0x000000008000414c (0x22d309d3) fsgnj.d fs3, ft6, fa3
core   0: 1 0x000000008000414c (0x22d309d3) f19 0xffffffff00000000
core   0: 0x0000000080004150 (0x029b9a93) slli    s5, s7, 41
core   0: 1 0x0000000080004150 (0x029b9a93) x21 0x0000000000000000
core   0: 0x0000000080004154 (0x404c84b3) sub     s1, s9, tp
core   0: 1 0x0000000080004154 (0x404c84b3) x9  0xffe6fdf5ffef5340
core   0: 0x0000000080004158 (0x02965b33) divu    s6, a2, s1
core   0: 1 0x0000000080004158 (0x02965b33) x22 0x0000000000000000
core   0: 0x000000008000415c (0x96947113) andi    sp, s0, -1687
core   0: 1 0x000000008000415c (0x96947113) x2  0xffffffffc0019020
core   0: 0x0000000080004160 (0x0000597d) c.li    s2, -1
core   0: 1 0x0000000080004160 (0x597d) x18 0xffffffffffffffff
core   0: 0x0000000080004162 (0x0013dc9b) srliw   s9, t2, 1
core   0: 1 0x0000000080004162 (0x0013dc9b) x25 0x0000000000000000
core   0: 0x0000000080004166 (0x00acf8b3) and     a7, s9, a0
core   0: 1 0x0000000080004166 (0x00acf8b3) x17 0x0000000000000000
core   0: 0x000000008000416a (0x1b36fe53) fdiv.d  ft8, fa3, fs3
core   0: exception trap_illegal_instruction, epc 0x000000008000416a
core   0:           tval 0x000000001b36fe53
core   0: >>>>  $xrv64i2p1_m2p0_a2p1_f2p2_d2p2_zicsr2p0_zifencei2p0_zmmul1p0_zba1p0_zbb1p0_zbc1p0_zbs1p0
core   0: 0x0000000080004000 (0x0080006f) j       pc + 0x8
core   0: 3 0x0000000080004000 (0x0080006f)
core   0: >>>>  mmode_exception_handler
core   0: 0x0000000080004008 (0x00002c17) auipc   s8, 0x2
core   0: 3 0x0000000080004008 (0x00002c17) x24 0x0000000080006008
core   0: 0x000000008000400c (0xfcec0c13) addi    s8, s8, -50
core   0: 3 0x000000008000400c (0xfcec0c13) x24 0x0000000080005fd6
core   0: 0x0000000080004010 (0x000c00e7) jalr    s8
core   0: 3 0x0000000080004010 (0x000c00e7) x1  0x0000000080004014
core   0: >>>>  any_handler
core   0: 0x0000000080005fd6 (0x341027f3) csrrs   a5, mepc, zero
core   0: 3 0x0000000080005fd6 (0x341027f3) x15 0x000000008000416a
core   0: 0x0000000080005fda (0x34202773) csrrs   a4, mcause, zero
core   0: 3 0x0000000080005fda (0x34202773) x14 0x0000000000000002
core   0: 0x0000000080005fde (0x142026f3) csrrs   a3, scause, zero
core   0: 3 0x0000000080005fde (0x142026f3) x13 0x0000000000000000
core   0: 0x0000000080005fe2 (0x30402673) csrrs   a2, mie, zero
core   0: 3 0x0000000080005fe2 (0x30402673) x12 0x0000000000000a00
core   0: 0x0000000080005fe6 (0x344025f3) csrrs   a1, mip, zero
core   0: 3 0x0000000080005fe6 (0x344025f3) x11 0x0000000000000080
core   0: 0x0000000080005fea (0x343025f3) csrrs   a1, mtval, zero
core   0: 3 0x0000000080005fea (0x343025f3) x11 0x000000001b36fe53
core   0: 0x0000000080005fee (0x14302573) csrrs   a0, stval, zero
core   0: 3 0x0000000080005fee (0x14302573) x10 0x0000000000000000
core   0: 0x0000000080005ff2 (0xb02024f3) csrrs   s1, minstret, zero
core   0: 3 0x0000000080005ff2 (0xb02024f3) x9  0x0000000000000866
core   0: 0x0000000080005ff6 (0x0000a811) c.j     pc + 20
core   0: 3 0x0000000080005ff6 (0xa811)
core   0: >>>>  mepc_4
core   0: 0x000000008000600a (0x00000791) c.addi  a5, 4
core   0: 3 0x000000008000600a (0x0791) x15 0x000000008000416e
core   0: 0x000000008000600c (0x34179073) csrrw   zero, mepc, a5
core   0: 3 0x000000008000600c (0x34179073) c833_mepc 0x000000008000416e
core   0: 0x0000000080006010 (0x30200073) mret
core   0: 3 0x0000000080006010 (0x30200073) c768_mstatus 0x8000000a00106080
core   0: 0x000000008000416e (0x0231d9bb) divuw   s3, gp, gp
core   0: 1 0x000000008000416e (0x0231d9bb) x19 0x0000000000000001
core   0: 0x0000000080004172 (0x8008081b) addiw   a6, a6, -2048
core   0: 1 0x0000000080004172 (0x8008081b) x16 0xfffffffffffff80f
core   0: 0x0000000080004176 (0x002395f3) csrrw   a1, frm, t2
core   0: 1 0x0000000080004176 (0x002395f3) x11 0x0000000000000007 c2_frm 0x0000000000000000
core   0: 0x000000008000417a (0xd033f1d3) fcvt.s.lu ft3, t2
core   0: 1 0x000000008000417a (0xd033f1d3) f3  0xffffffff00000000
core   0: 0x000000008000417e (0x4219db93) srai    s7, s3, 33
core   0: 1 0x000000008000417e (0x4219db93) x23 0x0000000000000000
core   0: 0x0000000080004182 (0x236c1553) fsgnjn.d fa0, fs8, fs6
core   0: 1 0x0000000080004182 (0x236c1553) f10 0xffffffff00000000
core   0: 0x0000000080004186 (0x407d813b) subw    sp, s11, t2
core   0: 1 0x0000000080004186 (0x407d813b) x2  0x000000007fffffff
core   0: 0x000000008000418a (0x000b1b33) sll     s6, s6, zero
core   0: 1 0x000000008000418a (0x000b1b33) x22 0x0000000000000000
core   0: 0x000000008000418e (0x22a19953) fsgnjn.d fs2, ft3, fa0
core   0: 1 0x000000008000418e (0x22a19953) f18 0x7fffffff00000000
core   0: 0x0000000080004192 (0x00660033) add     zero, a2, t1
core   0: 1 0x0000000080004192 (0x00660033)
core   0: 0x0000000080004196 (0xc021f853) fcvt.l.s a6, ft3
core   0: 1 0x0000000080004196 (0xc021f853) x16 0x0000000000000000
core   0: 0x000000008000419a (0x0002da9b) srliw   s5, t0, 0
core   0: 1 0x000000008000419a (0x0002da9b) x21 0xffffffff80000124
core   0: 0x000000008000419e (0x40085d13) srai    s10, a6, 0
core   0: 1 0x000000008000419e (0x40085d13) x26 0x0000000000000000
core   0: 0x00000000800041a2 (0x03ad3633) mulhu   a2, s10, s10
core   0: 1 0x00000000800041a2 (0x03ad3633) x12 0x0000000000000000
core   0: 0x00000000800041a6 (0xe2070dd3) fmv.x.d s11, fa4
core   0: 1 0x00000000800041a6 (0xe2070dd3) x27 0x7fffffff00000000
core   0: 0x00000000800041aa (0x00aec8b3) xor     a7, t4, a0
core   0: 1 0x00000000800041aa (0x00aec8b3) x17 0x0000000000000000
core   0: 0x00000000800041ae (0x022070bb) remuw   ra, zero, sp
core   0: 1 0x00000000800041ae (0x022070bb) x1  0x0000000000000000
core   0: 0x00000000800041b2 (0x2ae08653) fmin.d  fa2, ft1, fa4
core   0: 1 0x00000000800041b2 (0x2ae08653) f12 0x7ff8000000000000
core   0: 0x00000000800041b6 (0x0341c23b) divw    tp, gp, s4
core   0: 1 0x00000000800041b6 (0x0341c23b) x4  0x0000000001000000
core   0: 0x00000000800041ba (0x40108eb3) sub     t4, ra, ra
core   0: 1 0x00000000800041ba (0x40108eb3) x29 0x0000000000000000
core   0: 0x00000000800041be (0x02b4a5b3) mulhsu  a1, s1, a1
core   0: 1 0x00000000800041be (0x02b4a5b3) x11 0x0000000000000000
core   0: 0x00000000800041c2 (0x30000293) li      t0, 768
core   0: 1 0x00000000800041c2 (0x30000293) x5  0x0000000000000300
core   0: 0x00000000800041c6 (0x00008d4d) c.or    a0, a1
core   0: 1 0x00000000800041c6 (0x8d4d) x10 0x0000000000000000
core   0: 0x00000000800041c8 (0x000093bd) c.srli  a5, 47
core   0: 1 0x00000000800041c8 (0x93bd) x15 0x0000000000000000
core   0: 0x00000000800041ca (0x72e774c7) fmsub.d fs1, fa4, fa4, fa4
core   0: 1 0x00000000800041ca (0x72e774c7) f9  0x7ff8000000000000
core   0: 0x00000000800041ce (0x22c62853) fsgnjx.d fa6, fa2, fa2
core   0: 1 0x00000000800041ce (0x22c62853) f16 0x7ff8000000000000
core   0: 0x00000000800041d2 (0xe2060e53) fmv.x.d t3, fa2
core   0: 1 0x00000000800041d2 (0xe2060e53) x28 0x7ff8000000000000
core   0: 0x00000000800041d6 (0x0012e193) ori     gp, t0, 1
core   0: 1 0x00000000800041d6 (0x0012e193) x3  0x0000000000000301
core   0: 0x00000000800041da (0x00f50e3b) addw    t3, a0, a5
core   0: 1 0x00000000800041da (0x00f50e3b) x28 0x0000000000000000
core   0: 0x00000000800041de (0x00202273) csrrs   tp, frm, zero
core   0: 1 0x00000000800041de (0x00202273) x4  0x0000000000000000
core   0: 0x00000000800041e2 (0x4bfb7ecb) fnmsub.d ft9, fs6, ft11, fs1
core   0: 1 0x00000000800041e2 (0x4bfb7ecb) f29 0x7ff8000000000000
core   0: 0x00000000800041e6 (0xf2d67a93) andi    s5, a2, -211
core   0: 1 0x00000000800041e6 (0xf2d67a93) x21 0x0000000000000000
core   0: 0x00000000800041ea (0x002023f3) csrrs   t2, frm, zero
core   0: 1 0x00000000800041ea (0x002023f3) x7  0x0000000000000000
core   0: 0x00000000800041ee (0x00000001) c.nop
core   0: 1 0x00000000800041ee (0x0001)
core   0: 0x00000000800041f0 (0x02684233) div     tp, a6, t1
core   0: 1 0x00000000800041f0 (0x02684233) x4  0xffffffffffffffff
core   0: 0x00000000800041f4 (0xe20b0d53) fmv.x.d s10, fs6
core   0: 1 0x00000000800041f4 (0xe20b0d53) x26 0x4130aa0000000000
core   0: 0x00000000800041f8 (0x0105083b) addw    a6, a0, a6
core   0: 1 0x00000000800041f8 (0x0105083b) x16 0x0000000000000000
core   0: 0x00000000800041fc (0x01485133) srl     sp, a6, s4
core   0: 1 0x00000000800041fc (0x01485133) x2  0x0000000000000000
core   0: 0x0000000080004200 (0x017d10b3) sll     ra, s10, s7
core   0: 1 0x0000000080004200 (0x017d10b3) x1  0x4130aa0000000000
core   0: 0x0000000080004204 (0x003211bb) sllw    gp, tp, gp
core   0: 1 0x0000000080004204 (0x003211bb) x3  0xfffffffffffffffe
core   0: 0x0000000080004208 (0x4000d29b) sraiw   t0, ra, 0
core   0: 1 0x0000000080004208 (0x4000d29b) x5  0x0000000000000000
core   0: 0x000000008000420c (0x010d81bb) addw    gp, s11, a6
core   0: 1 0x000000008000420c (0x010d81bb) x3  0x0000000000000000
core   0: 0x0000000080004210 (0x41fbd79b) sraiw   a5, s7, 31
core   0: 1 0x0000000080004210 (0x41fbd79b) x15 0x0000000000000000
core   0: 0x0000000080004214 (0xd2337ad3) fcvt.d.lu fs5, t1
core   0: 1 0x0000000080004214 (0xd2337ad3) f21 0x0000000000000000
core   0: 0x0000000080004218 (0x000093ae) c.add   t2, a1
core   0: 1 0x0000000080004218 (0x93ae) x7  0x0000000000000000
core   0: 0x000000008000421a (0x005312bb) sllw    t0, t1, t0
core   0: 1 0x000000008000421a (0x005312bb) x5  0x0000000000000000
core   0: 0x000000008000421e (0x417d5d1b) sraiw   s10, s10, 23
core   0: 1 0x000000008000421e (0x417d5d1b) x26 0x0000000000000000
core   0: 0x0000000080004222 (0x036733b3) mulhu   t2, a4, s6
core   0: 1 0x0000000080004222 (0x036733b3) x7  0x0000000000000000
core   0: 0x0000000080004226 (0xc202f453) fcvt.w.d s0, ft5
core   0: 1 0x0000000080004226 (0xc202f453) c1_fflags 0x0000000000000011 x8  0x000000007fffffff
core   0: 0x000000008000422a (0x400d5c9b) sraiw   s9, s10, 0
core   0: 1 0x000000008000422a (0x400d5c9b) x25 0x0000000000000000
core   0: 0x000000008000422e (0x001b10f3) csrrw   ra, fflags, s6
core   0: 1 0x000000008000422e (0x001b10f3) x1  0x0000000000000011 c1_fflags 0x0000000000000000
core   0: 0x0000000080004232 (0x014a9a1b) slliw   s4, s5, 20
core   0: 1 0x0000000080004232 (0x014a9a1b) x20 0x0000000000000000
core   0: 0x0000000080004236 (0x14469c73) csrrw   s8, sip, a3
core   0: 1 0x0000000080004236 (0x14469c73) x24 0x0000000000000000 c836_mip 0x0000000000000080
core   0: 0x000000008000423a (0x4047523b) sraw    tp, a4, tp
core   0: 1 0x000000008000423a (0x4047523b) x4  0x0000000000000000
core   0: 0x000000008000423e (0x1342fa4b) fnmsub.d fs4, ft5, fs4, ft2
core   0: 1 0x000000008000423e (0x1342fa4b) f20 0x7ff8000000000000
core   0: 0x0000000080004242 (0xd2070753) fcvt.d.w fa4, a4
core   0: 1 0x0000000080004242 (0xd2070753) f14 0x4000000000000000
core   0: 0x0000000080004246 (0x00e3d9bb) srlw    s3, t2, a4
core   0: 1 0x0000000080004246 (0x00e3d9bb) x19 0x0000000000000000
core   0: 0x000000008000424a (0x1a31f1c3) fmadd.d ft3, ft3, ft3, ft3
core   0: 1 0x000000008000424a (0x1a31f1c3) f3  0x7ff8000000000000
core   0: 0x000000008000424e (0xd2120353) fcvt.d.wu ft6, tp
core   0: 1 0x000000008000424e (0xd2120353) f6  0x0000000000000000
core   0: 0x0000000080004252 (0xa2e28a53) fle.d   s4, ft5, fa4
core   0: 1 0x0000000080004252 (0xa2e28a53) c1_fflags 0x0000000000000010 x20 0x0000000000000000
core   0: 0x0000000080004256 (0x00181273) csrrw   tp, fflags, a6
core   0: 1 0x0000000080004256 (0x00181273) x4  0x0000000000000010 c1_fflags 0x0000000000000000
core   0: 0x000000008000425a (0x4142d2bb) sraw    t0, t0, s4
core   0: 1 0x000000008000425a (0x4142d2bb) x5  0x0000000000000000
core   0: 0x000000008000425e (0xc021f353) fcvt.l.s t1, ft3
core   0: 1 0x000000008000425e (0xc021f353) c1_fflags 0x0000000000000010 x6  0x7fffffffffffffff
core   0: 0x0000000080004262 (0x7ffa7a13) andi    s4, s4, 2047
core   0: 1 0x0000000080004262 (0x7ffa7a13) x20 0x0000000000000000
core   0: 0x0000000080004266 (0x0ff0000f) fence   iorw,iorw
core   0: 1 0x0000000080004266 (0x0ff0000f)
core   0: 0x000000008000426a (0xd226f953) fcvt.d.l fs2, a3
core   0: 1 0x000000008000426a (0xd226f953) f18 0x0000000000000000
core   0: 0x000000008000426e (0x001494f3) csrrw   s1, fflags, s1
core   0: 1 0x000000008000426e (0x001494f3) x9  0x0000000000000010 c1_fflags 0x0000000000000006
core   0: 0x0000000080004272 (0x02e75733) divu    a4, a4, a4
core   0: 1 0x0000000080004272 (0x02e75733) x14 0x0000000000000001
core   0: 0x0000000080004276 (0x030bdc3b) divuw   s8, s7, a6
core   0: 1 0x0000000080004276 (0x030bdc3b) x24 0xffffffffffffffff
core   0: 0x000000008000427a (0xd23b7253) fcvt.d.lu ft4, s6
core   0: 1 0x000000008000427a (0xd23b7253) f4  0x0000000000000000
core   0: 0x000000008000427e (0x4051d3bb) sraw    t2, gp, t0
core   0: 1 0x000000008000427e (0x4051d3bb) x7  0x0000000000000000
core   0: 0x0000000080004282 (0x0355fbbb) remuw   s7, a1, s5
core   0: 1 0x0000000080004282 (0x0355fbbb) x23 0x0000000000000000
core   0: 0x0000000080004286 (0x93577713) andi    a4, a4, -1739
core   0: 1 0x0000000080004286 (0x93577713) x14 0x0000000000000001
core   0: 0x000000008000428a (0x007a9ab3) sll     s5, s5, t2
core   0: 1 0x000000008000428a (0x007a9ab3) x21 0x0000000000000000
core   0: 0x000000008000428e (0x00202773) csrrs   a4, frm, zero
core   0: 1 0x000000008000428e (0x00202773) x14 0x0000000000000000
core   0: 0x0000000080004292 (0x0203cbb3) div     s7, t2, zero
core   0: 1 0x0000000080004292 (0x0203cbb3) x23 0xffffffffffffffff
core   0: 0x0000000080004296 (0xf3867a43) fmadd.d fs4, fa2, fs8, ft10
core   0: 1 0x0000000080004296 (0xf3867a43) f20 0x7ff8000000000000
core   0: 0x000000008000429a (0x02eb64bb) remw    s1, s6, a4
core   0: 1 0x000000008000429a (0x02eb64bb) x9  0x0000000000000000
core   0: 0x000000008000429e (0xc21f73d3) fcvt.wu.d t2, ft10
core   0: 1 0x000000008000429e (0xc21f73d3) c1_fflags 0x0000000000000016 x7  0xffffffffffffffff
core   0: 0x00000000800042a2 (0x2a4d8ed3) fmin.d  ft9, fs11, ft4
core   0: 1 0x00000000800042a2 (0x2a4d8ed3) f29 0x0000000000000000
core   0: 0x00000000800042a6 (0xd2028553) fcvt.d.w fa0, t0
core   0: 1 0x00000000800042a6 (0xd2028553) f10 0x0000000000000000
core   0: 0x00000000800042aa (0x0c33081b) addiw   a6, t1, 195
core   0: 1 0x00000000800042aa (0x0c33081b) x16 0x00000000000000c2
core   0: 0x00000000800042ae (0x4149d39b) sraiw   t2, s3, 20
core   0: 1 0x00000000800042ae (0x4149d39b) x7  0x0000000000000000
core   0: 0x00000000800042b2 (0xd0237fd3) fcvt.s.l ft11, t1
core   0: 1 0x00000000800042b2 (0xd0237fd3) c1_fflags 0x0000000000000017 f31 0xffffffff5f000000
core   0: 0x00000000800042b6 (0xceba1917) auipc   s2, 0xceba1
core   0: 1 0x00000000800042b6 (0xceba1917) x18 0x000000004eba52b6
core   0: 0x00000000800042ba (0x01ad39b3) sltu    s3, s10, s10
core   0: 1 0x00000000800042ba (0x01ad39b3) x19 0x0000000000000000
core   0: 0x00000000800042be (0x018152b3) srl     t0, sp, s8
core   0: 1 0x00000000800042be (0x018152b3) x5  0x0000000000000000
core   0: 0x00000000800042c2 (0x01aa9a9b) slliw   s5, s5, 26
core   0: 1 0x00000000800042c2 (0x01aa9a9b) x21 0x0000000000000000
core   0: 0x00000000800042c6 (0x41f8de1b) sraiw   t3, a7, 31
core   0: 1 0x00000000800042c6 (0x41f8de1b) x28 0x0000000000000000
core   0: 0x00000000800042ca (0x239e1153) fsgnjn.d ft2, ft8, fs9
core   0: 1 0x00000000800042ca (0x239e1153) f2  0xffffffff00000000
core   0: 0x00000000800042ce (0x014a02b3) add     t0, s4, s4
core   0: 1 0x00000000800042ce (0x014a02b3) x5  0x0000000000000000
core   0: 0x00000000800042d2 (0x5a0b70d3) fsqrt.d ft1, fs6
core   0: 1 0x00000000800042d2 (0x5a0b70d3) c1_fflags 0x0000000000000017 f1  0x40905422c939c043
core   0: 0x00000000800042d6 (0x411a0733) sub     a4, s4, a7
core   0: 1 0x00000000800042d6 (0x411a0733) x14 0x0000000000000000
core   0: 0x00000000800042da (0x01cd1cbb) sllw    s9, s10, t3
core   0: 1 0x00000000800042da (0x01cd1cbb) x25 0x0000000000000000
core   0: 0x00000000800042de (0x4308784b) fnmsub.d fa6, fa6, fa6, fs0
core   0: 1 0x00000000800042de (0x4308784b) f16 0x7ff8000000000000
core   0: 0x00000000800042e2 (0x00000001) c.nop
core   0: 1 0x00000000800042e2 (0x0001)
core   0: 0x00000000800042e4 (0x40045b13) srai    s6, s0, 0
core   0: 1 0x00000000800042e4 (0x40045b13) x22 0x000000007fffffff
core   0: 0x00000000800042e8 (0x00202773) csrrs   a4, frm, zero
core   0: 1 0x00000000800042e8 (0x00202773) x14 0x0000000000000000
core   0: 0x00000000800042ec (0x4009579b) sraiw   a5, s2, 0
core   0: 1 0x00000000800042ec (0x4009579b) x15 0x000000004eba52b6
core   0: 0x00000000800042f0 (0x03079b13) slli    s6, a5, 48
core   0: 1 0x00000000800042f0 (0x03079b13) x22 0x52b6000000000000
core   0: 0x00000000800042f4 (0x0252f2bb) remuw   t0, t0, t0
core   0: 1 0x00000000800042f4 (0x0252f2bb) x5  0x0000000000000000
core   0: 0x00000000800042f8 (0x00000001) c.nop
core   0: 1 0x00000000800042f8 (0x0001)
core   0: 0x00000000800042fa (0x0ff0000f) fence   iorw,iorw
core   0: 1 0x00000000800042fa (0x0ff0000f)
core   0: 0x00000000800042fe (0x02228ab3) mul     s5, t0, sp
core   0: 1 0x00000000800042fe (0x02228ab3) x21 0x0000000000000000
core   0: 0x0000000080004302 (0x6f0d6513) ori     a0, s10, 1776
core   0: 1 0x0000000080004302 (0x6f0d6513) x10 0x00000000000006f0
core   0: 0x0000000080004306 (0x415859bb) sraw    s3, a6, s5
core   0: 1 0x0000000080004306 (0x415859bb) x19 0x00000000000000c2
core   0: 0x000000008000430a (0x006311b3) sll     gp, t1, t1
core   0: 1 0x000000008000430a (0x006311b3) x3  0x8000000000000000
core   0: 0x000000008000430e (0x03d80933) mul     s2, a6, t4
core   0: 1 0x000000008000430e (0x03d80933) x18 0x0000000000000000
core   0: 0x0000000080004312 (0x031ec4b3) div     s1, t4, a7
core   0: 1 0x0000000080004312 (0x031ec4b3) x9  0xffffffffffffffff
core   0: 0x0000000080004316 (0x00c9f2b3) and     t0, s3, a2
core   0: 1 0x0000000080004316 (0x00c9f2b3) x5  0x0000000000000000
core   0: 0x000000008000431a (0x031b78bb) remuw   a7, s6, a7
core   0: 1 0x000000008000431a (0x031b78bb) x17 0x0000000000000000
core   0: 0x000000008000431e (0xd232f9d3) fcvt.d.lu fs3, t0
core   0: 1 0x000000008000431e (0xd232f9d3) f19 0x0000000000000000
core   0: 0x0000000080004322 (0x003d5337) lui     t1, 0x3d5
core   0: 1 0x0000000080004322 (0x003d5337) x6  0x00000000003d5000
core   0: 0x0000000080004326 (0xbbf3031b) addiw   t1, t1, -1089
core   0: 1 0x0000000080004326 (0xbbf3031b) x6  0x00000000003d4bbf
core   0: 0x000000008000432a (0x0000033e) c.slli  t1, 15
core   0: 1 0x000000008000432a (0x033e) x6  0x0000001ea5df8000
core   0: 0x000000008000432c (0x14e30313) addi    t1, t1, 334
core   0: 1 0x000000008000432c (0x14e30313) x6  0x0000001ea5df814e
core   0: 0x0000000080004330 (0xc88d0417) auipc   s0, 0xc88d0
core   0: 1 0x0000000080004330 (0xc88d0417) x8  0x00000000488d4330
core   0: 0x0000000080004334 (0x0225c13b) divw    sp, a1, sp
core   0: 1 0x0000000080004334 (0x0225c13b) x2  0xffffffffffffffff
core   0: 0x0000000080004338 (0x00b148b3) xor     a7, sp, a1
core   0: 1 0x0000000080004338 (0x00b148b3) x17 0xffffffffffffffff
core   0: 0x000000008000433c (0x0b3ff953) fsub.d  fs2, ft11, fs3
core   0: 1 0x000000008000433c (0x0b3ff953) f18 0x7ff8000000000000
core   0: 0x0000000080004340 (0xc2097b53) fcvt.w.d s6, fs2
core   0: 1 0x0000000080004340 (0xc2097b53) c1_fflags 0x0000000000000017 x22 0x000000007fffffff
core   0: 0x0000000080004344 (0x0108d393) srli    t2, a7, 16
core   0: 1 0x0000000080004344 (0x0108d393) x7  0x0000ffffffffffff
core   0: 0x0000000080004348 (0x4017db3b) sraw    s6, a5, ra
core   0: 1 0x0000000080004348 (0x4017db3b) x22 0x000000000000275d
core   0: 0x000000008000434c (0xd026f7d3) fcvt.s.l fa5, a3
core   0: 1 0x000000008000434c (0xd026f7d3) f15 0xffffffff00000000
core   0: 0x0000000080004350 (0xc2d9fc4f) fnmadd.d fs8, fs3, fa3, fs8
core   0: 1 0x0000000080004350 (0xc2d9fc4f) f24 0x7ff8000000000000
core   0: 0x0000000080004354 (0x012a0ab3) add     s5, s4, s2
core   0: 1 0x0000000080004354 (0x012a0ab3) x21 0x0000000000000000
core   0: 0x0000000080004358 (0xb82135f3) csrrc   a1, minstreth, sp
core   0: exception trap_illegal_instruction, epc 0x0000000080004358
core   0:           tval 0x00000000b82135f3
core   0: >>>>  $xrv64i2p1_m2p0_a2p1_f2p2_d2p2_zicsr2p0_zifencei2p0_zmmul1p0_zba1p0_zbb1p0_zbc1p0_zbs1p0
core   0: 0x0000000080004000 (0x0080006f) j       pc + 0x8
core   0: 3 0x0000000080004000 (0x0080006f)
core   0: >>>>  mmode_exception_handler
core   0: 0x0000000080004008 (0x00002c17) auipc   s8, 0x2
core   0: 3 0x0000000080004008 (0x00002c17) x24 0x0000000080006008
core   0: 0x000000008000400c (0xfcec0c13) addi    s8, s8, -50
core   0: 3 0x000000008000400c (0xfcec0c13) x24 0x0000000080005fd6
core   0: 0x0000000080004010 (0x000c00e7) jalr    s8
core   0: 3 0x0000000080004010 (0x000c00e7) x1  0x0000000080004014
core   0: >>>>  any_handler
core   0: 0x0000000080005fd6 (0x341027f3) csrrs   a5, mepc, zero
core   0: 3 0x0000000080005fd6 (0x341027f3) x15 0x0000000080004358
core   0: 0x0000000080005fda (0x34202773) csrrs   a4, mcause, zero
core   0: 3 0x0000000080005fda (0x34202773) x14 0x0000000000000002
core   0: 0x0000000080005fde (0x142026f3) csrrs   a3, scause, zero
core   0: 3 0x0000000080005fde (0x142026f3) x13 0x0000000000000000
core   0: 0x0000000080005fe2 (0x30402673) csrrs   a2, mie, zero
core   0: 3 0x0000000080005fe2 (0x30402673) x12 0x0000000000000a00
core   0: 0x0000000080005fe6 (0x344025f3) csrrs   a1, mip, zero
core   0: 3 0x0000000080005fe6 (0x344025f3) x11 0x0000000000000080
core   0: 0x0000000080005fea (0x343025f3) csrrs   a1, mtval, zero
core   0: 3 0x0000000080005fea (0x343025f3) x11 0x00000000b82135f3
core   0: 0x0000000080005fee (0x14302573) csrrs   a0, stval, zero
core   0: 3 0x0000000080005fee (0x14302573) x10 0x0000000000000000
core   0: 0x0000000080005ff2 (0xb02024f3) csrrs   s1, minstret, zero
core   0: 3 0x0000000080005ff2 (0xb02024f3) x9  0x00000000000008f4
core   0: 0x0000000080005ff6 (0x0000a811) c.j     pc + 20
core   0: 3 0x0000000080005ff6 (0xa811)
core   0: >>>>  mepc_4
core   0: 0x000000008000600a (0x00000791) c.addi  a5, 4
core   0: 3 0x000000008000600a (0x0791) x15 0x000000008000435c
core   0: 0x000000008000600c (0x34179073) csrrw   zero, mepc, a5
core   0: 3 0x000000008000600c (0x34179073) c833_mepc 0x000000008000435c
core   0: 0x0000000080006010 (0x30200073) mret
core   0: 3 0x0000000080006010 (0x30200073) c768_mstatus 0x8000000a00106080
core   0: 0x000000008000435c (0x00d97c33) and     s8, s2, a3
core   0: 1 0x000000008000435c (0x00d97c33) x24 0x0000000000000000
core   0: 0x0000000080004360 (0x021a0b3b) mulw    s6, s4, ra
core   0: 1 0x0000000080004360 (0x021a0b3b) x22 0x0000000000000000
core   0: 0x0000000080004364 (0xd035ff53) fcvt.s.lu ft10, a1
core   0: 1 0x0000000080004364 (0xd035ff53) c1_fflags 0x0000000000000017 f30 0xffffffff4f382136
core   0: 0x0000000080004368 (0xff8f5eb7) lui     t4, 0xff8f5
core   0: 1 0x0000000080004368 (0xff8f5eb7) x29 0xffffffffff8f5000
core   0: 0x000000008000436c (0x139e8e9b) addiw   t4, t4, 313
core   0: 1 0x000000008000436c (0x139e8e9b) x29 0xffffffffff8f5139
core   0: 0x0000000080004370 (0x00000ec2) c.slli  t4, 16
core   0: 1 0x0000000080004370 (0x0ec2) x29 0xffffff8f51390000
core   0: 0x0000000080004372 (0xdcce8e93) addi    t4, t4, -564
core   0: 1 0x0000000080004372 (0xdcce8e93) x29 0xffffff8f5138fdcc
core   0: 0x0000000080004376 (0x0258d293) srli    t0, a7, 37
core   0: 1 0x0000000080004376 (0x0258d293) x5  0x0000000007ffffff
core   0: 0x000000008000437a (0x029a3a33) mulhu   s4, s4, s1
core   0: 1 0x000000008000437a (0x029a3a33) x20 0x0000000000000000
core   0: 0x000000008000437e (0x2bab0d53) fmin.d  fs10, fs6, fs10
core   0: 1 0x000000008000437e (0x2bab0d53) f26 0x4130aa0000000000
core   0: 0x0000000080004382 (0x030839b3) mulhu   s3, a6, a6
core   0: 1 0x0000000080004382 (0x030839b3) x19 0x0000000000000000
core   0: 0x0000000080004386 (0xede08eb7) lui     t4, 0xede08
core   0: 1 0x0000000080004386 (0xede08eb7) x29 0xffffffffede08000
core   0: 0x000000008000438a (0x000a541b) srliw   s0, s4, 0
core   0: 1 0x000000008000438a (0x000a541b) x8  0x0000000000000000
core   0: 0x000000008000438e (0x03d6d6bb) divuw   a3, a3, t4
core   0: 1 0x000000008000438e (0x03d6d6bb) x13 0x0000000000000000
core   0: 0x0000000080004392 (0x401b5c1b) sraiw   s8, s6, 1
core   0: 1 0x0000000080004392 (0x401b5c1b) x24 0x0000000000000000
core   0: 0x0000000080004396 (0xc1877293) andi    t0, a4, -1000
core   0: 1 0x0000000080004396 (0xc1877293) x5  0x0000000000000000
core   0: 0x000000008000439a (0x0ff0000f) fence   iorw,iorw
core   0: 1 0x000000008000439a (0x0ff0000f)
core   0: 0x000000008000439e (0x48788917) auipc   s2, 0x48788
core   0: 1 0x000000008000439e (0x48788917) x18 0x00000000c878c39e
core   0: 0x00000000800043a2 (0x412b0b3b) subw    s6, s6, s2
core   0: 1 0x00000000800043a2 (0x412b0b3b) x22 0x0000000037873c62
core   0: 0x00000000800043a6 (0x00000001) c.nop
core   0: 1 0x00000000800043a6 (0x0001)
core   0: 0x00000000800043a8 (0x00d04733) xor     a4, zero, a3
core   0: 1 0x00000000800043a8 (0x00d04733) x14 0x0000000000000000
core   0: 0x00000000800043ac (0x42f75693) srai    a3, a4, 47
core   0: 1 0x00000000800043ac (0x42f75693) x13 0x0000000000000000
core   0: 0x00000000800043b0 (0x00fda333) slt     t1, s11, a5
core   0: 1 0x00000000800043b0 (0x00fda333) x6  0x0000000000000000
core   0: 0x00000000800043b4 (0x0267dabb) divuw   s5, a5, t1
core   0: 1 0x00000000800043b4 (0x0267dabb) x21 0xffffffffffffffff
core   0: 0x00000000800043b8 (0x00001a3a) c.slli  s4, 46
core   0: 1 0x00000000800043b8 (0x1a3a) x20 0x0000000000000000
core   0: 0x00000000800043ba (0x5a0b7d53) fsqrt.d fs10, fs6
core   0: 1 0x00000000800043ba (0x5a0b7d53) c1_fflags 0x0000000000000017 f26 0x40905422c939c043
core   0: 0x00000000800043be (0x0236a9b3) mulhsu  s3, a3, gp
core   0: 1 0x00000000800043be (0x0236a9b3) x19 0x0000000000000000
core   0: 0x00000000800043c2 (0x029e5233) divu    tp, t3, s1
core   0: 1 0x00000000800043c2 (0x029e5233) x4  0x0000000000000000
core   0: 0x00000000800043c6 (0x405e52b3) sra     t0, t3, t0
core   0: 1 0x00000000800043c6 (0x405e52b3) x5  0x0000000000000000
core   0: 0x00000000800043ca (0x00109d9b) slliw   s11, ra, 1
core   0: 1 0x00000000800043ca (0x00109d9b) x27 0x0000000000008028
core   0: 0x00000000800043ce (0x000056b3) srl     a3, zero, zero
core   0: 1 0x00000000800043ce (0x000056b3) x13 0x0000000000000000
core   0: 0x00000000800043d2 (0x0385fab3) remu    s5, a1, s8
core   0: 1 0x00000000800043d2 (0x0385fab3) x21 0x00000000b82135f3
core   0: 0x00000000800043d6 (0x03735e13) srli    t3, t1, 55
core   0: 1 0x00000000800043d6 (0x03735e13) x28 0x0000000000000000
core   0: 0x00000000800043da (0x01c999bb) sllw    s3, s3, t3
core   0: 1 0x00000000800043da (0x01c999bb) x19 0x0000000000000000
core   0: 0x00000000800043de (0x0183d533) srl     a0, t2, s8
core   0: 1 0x00000000800043de (0x0183d533) x10 0x0000ffffffffffff
core   0: 0x00000000800043e2 (0xd023f453) fcvt.s.l fs0, t2
core   0: 1 0x00000000800043e2 (0xd023f453) c1_fflags 0x0000000000000017 f8  0xffffffff57800000
core   0: 0x00000000800043e6 (0x01485633) srl     a2, a6, s4
core   0: 1 0x00000000800043e6 (0x01485633) x12 0x00000000000000c2
core   0: 0x00000000800043ea (0x0151cbb3) xor     s7, gp, s5
core   0: 1 0x00000000800043ea (0x0151cbb3) x23 0x80000000b82135f3
core   0: 0x00000000800043ee (0x23849c53) fsgnjn.d fs8, fs1, fs8
core   0: 1 0x00000000800043ee (0x23849c53) f24 0xfff8000000000000
core   0: 0x00000000800043f2 (0xf3b281b7) lui     gp, 0xf3b28
core   0: 1 0x00000000800043f2 (0xf3b281b7) x3  0xfffffffff3b28000
core   0: 0x00000000800043f6 (0x238c1953) fsgnjn.d fs2, fs8, fs8
core   0: 1 0x00000000800043f6 (0x238c1953) f18 0x7ff8000000000000
core   0: 0x00000000800043fa (0x00001813) slli    a6, zero, 0
core   0: 1 0x00000000800043fa (0x00001813) x16 0x0000000000000000
core   0: 0x00000000800043fe (0xc3217bcb) fnmsub.d fs7, ft2, fs2, fs8
core   0: 1 0x00000000800043fe (0xc3217bcb) f23 0x7ff8000000000000
core   0: 0x0000000080004402 (0x8b28d997) auipc   s3, 0x8b28d
core   0: 1 0x0000000080004402 (0x8b28d997) x19 0x000000000b291402
core   0: 0x0000000080004406 (0x01487533) and     a0, a6, s4
core   0: 1 0x0000000080004406 (0x01487533) x10 0x0000000000000000
core   0: 0x000000008000440a (0xc02c78d3) fcvt.l.s a7, fs8
core   0: 1 0x000000008000440a (0xc02c78d3) c1_fflags 0x0000000000000017 x17 0x7fffffffffffffff
core   0: 0x000000008000440e (0x5b3ef847) fmsub.d fa6, ft9, fs3, fa1
core   0: 1 0x000000008000440e (0x5b3ef847) f16 0x7ff8000000000000
core   0: 0x0000000080004412 (0x009af1b3) and     gp, s5, s1
core   0: 1 0x0000000080004412 (0x009af1b3) x3  0x00000000000000f0
core   0: 0x0000000080004416 (0x00ccdcb3) srl     s9, s9, a2
core   0: 1 0x0000000080004416 (0x00ccdcb3) x25 0x0000000000000000
core   0: 0x000000008000441a (0x4140d29b) sraiw   t0, ra, 20
core   0: 1 0x000000008000441a (0x4140d29b) x5  0xfffffffffffff800
core   0: 0x000000008000441e (0x0065171b) slliw   a4, a0, 6
core   0: 1 0x000000008000441e (0x0065171b) x14 0x0000000000000000
core   0: 0x0000000080004422 (0x40815e3b) sraw    t3, sp, s0
core   0: 1 0x0000000080004422 (0x40815e3b) x28 0xffffffffffffffff
core   0: 0x0000000080004426 (0x00874d33) xor     s10, a4, s0
core   0: 1 0x0000000080004426 (0x00874d33) x26 0x0000000000000000
core   0: 0x000000008000442a (0x401d5013) srai    zero, s10, 1
core   0: 1 0x000000008000442a (0x401d5013)
core   0: 0x000000008000442e (0x02e14933) div     s2, sp, a4
core   0: 1 0x000000008000442e (0x02e14933) x18 0xffffffffffffffff
core   0: 0x0000000080004432 (0x7ff8081b) addiw   a6, a6, 2047
core   0: 1 0x0000000080004432 (0x7ff8081b) x16 0x00000000000007ff
core   0: 0x0000000080004436 (0x40127953) fcvt.s.d fs2, ft4
core   0: 1 0x0000000080004436 (0x40127953) f18 0xffffffff00000000
core   0: 0x000000008000443a (0x001713f3) csrrw   t2, fflags, a4
core   0: 1 0x000000008000443a (0x001713f3) x7  0x0000000000000017 c1_fflags 0x0000000000000000
core   0: 0x000000008000443e (0x0073debb) srlw    t4, t2, t2
core   0: 1 0x000000008000443e (0x0073debb) x29 0x0000000000000000
core   0: 0x0000000080004442 (0x00000001) c.nop
core   0: 1 0x0000000080004442 (0x0001)
core   0: 0x0000000080004444 (0x00ceddbb) srlw    s11, t4, a2
core   0: 1 0x0000000080004444 (0x00ceddbb) x27 0x0000000000000000
core   0: 0x0000000080004448 (0x4002d793) srai    a5, t0, 0
core   0: 1 0x0000000080004448 (0x4002d793) x15 0xfffffffffffff800
core   0: 0x000000008000444c (0xf9d28913) addi    s2, t0, -99
core   0: 1 0x000000008000444c (0xf9d28913) x18 0xfffffffffffff79d
core   0: 0x0000000080004450 (0x0ff0000f) fence   iorw,iorw
core   0: 1 0x0000000080004450 (0x0ff0000f)
core   0: 0x0000000080004454 (0x00027c13) andi    s8, tp, 0
core   0: 1 0x0000000080004454 (0x00027c13) x24 0x0000000000000000
core   0: 0x0000000080004458 (0x40bc5a33) sra     s4, s8, a1
core   0: 1 0x0000000080004458 (0x40bc5a33) x20 0x0000000000000000
core   0: 0x000000008000445c (0xfff5021b) addiw   tp, a0, -1
core   0: 1 0x000000008000445c (0xfff5021b) x4  0xffffffffffffffff
core   0: 0x0000000080004460 (0x03890033) mul     zero, s2, s8
core   0: 1 0x0000000080004460 (0x03890033)
core   0: 0x0000000080004464 (0x039b69bb) remw    s3, s6, s9
core   0: 1 0x0000000080004464 (0x039b69bb) x19 0x0000000037873c62
core   0: 0x0000000080004468 (0x00000001) c.nop
core   0: 1 0x0000000080004468 (0x0001)
core   0: 0x000000008000446a (0x41305033) sra     zero, zero, s3
core   0: 1 0x000000008000446a (0x41305033)
core   0: 0x000000008000446e (0x80000213) li      tp, -2048
core   0: 1 0x000000008000446e (0x80000213) x4  0xfffffffffffff800
core   0: 0x0000000080004472 (0x8bb04d97) auipc   s11, 0x8bb04
core   0: 1 0x0000000080004472 (0x8bb04d97) x27 0x000000000bb08472
core   0: 0x0000000080004476 (0x13c57553) fmul.d  fa0, fa0, ft8
core   0: 1 0x0000000080004476 (0x13c57553) f10 0x7ff8000000000000
core   0: 0x000000008000447a (0xf2080f53) fmv.d.x ft10, a6
core   0: 1 0x000000008000447a (0xf2080f53) f30 0x00000000000007ff
core   0: 0x000000008000447e (0x00ce511b) srliw   sp, t3, 12
core   0: 1 0x000000008000447e (0x00ce511b) x2  0x00000000000fffff
core   0: 0x0000000080004482 (0x02c15eb3) divu    t4, sp, a2
core   0: 1 0x0000000080004482 (0x02c15eb3) x29 0x000000000000151d
core   0: 0x0000000080004486 (0x00610b3b) addw    s6, sp, t1
core   0: 1 0x0000000080004486 (0x00610b3b) x22 0x00000000000fffff
core   0: 0x000000008000448a (0xe20c0c53) fmv.x.d s8, fs8
core   0: 1 0x000000008000448a (0xe20c0c53) x24 0xfff8000000000000
core   0: 0x000000008000448e (0x00815113) srli    sp, sp, 8
core   0: 1 0x000000008000448e (0x00815113) x2  0x0000000000000fff
core   0: 0x0000000080004492 (0xd226fed3) fcvt.d.l ft9, a3
core   0: 1 0x0000000080004492 (0xd226fed3) f29 0x0000000000000000
core   0: 0x0000000080004496 (0x00000001) c.nop
core   0: 1 0x0000000080004496 (0x0001)
core   0: 0x0000000080004498 (0x31a0fc73) csrrci  s8, menvcfgh, 1
core   0: exception trap_illegal_instruction, epc 0x0000000080004498
core   0:           tval 0x0000000031a0fc73
core   0: >>>>  $xrv64i2p1_m2p0_a2p1_f2p2_d2p2_zicsr2p0_zifencei2p0_zmmul1p0_zba1p0_zbb1p0_zbc1p0_zbs1p0
core   0: 0x0000000080004000 (0x0080006f) j       pc + 0x8
core   0: 3 0x0000000080004000 (0x0080006f)
core   0: >>>>  mmode_exception_handler
core   0: 0x0000000080004008 (0x00002c17) auipc   s8, 0x2
core   0: 3 0x0000000080004008 (0x00002c17) x24 0x0000000080006008
core   0: 0x000000008000400c (0xfcec0c13) addi    s8, s8, -50
core   0: 3 0x000000008000400c (0xfcec0c13) x24 0x0000000080005fd6
core   0: 0x0000000080004010 (0x000c00e7) jalr    s8
core   0: 3 0x0000000080004010 (0x000c00e7) x1  0x0000000080004014
core   0: >>>>  any_handler
core   0: 0x0000000080005fd6 (0x341027f3) csrrs   a5, mepc, zero
core   0: 3 0x0000000080005fd6 (0x341027f3) x15 0x0000000080004498
core   0: 0x0000000080005fda (0x34202773) csrrs   a4, mcause, zero
core   0: 3 0x0000000080005fda (0x34202773) x14 0x0000000000000002
core   0: 0x0000000080005fde (0x142026f3) csrrs   a3, scause, zero
core   0: 3 0x0000000080005fde (0x142026f3) x13 0x0000000000000000
core   0: 0x0000000080005fe2 (0x30402673) csrrs   a2, mie, zero
core   0: 3 0x0000000080005fe2 (0x30402673) x12 0x0000000000000a00
core   0: 0x0000000080005fe6 (0x344025f3) csrrs   a1, mip, zero
core   0: 3 0x0000000080005fe6 (0x344025f3) x11 0x0000000000000080
core   0: 0x0000000080005fea (0x343025f3) csrrs   a1, mtval, zero
core   0: 3 0x0000000080005fea (0x343025f3) x11 0x0000000031a0fc73
core   0: 0x0000000080005fee (0x14302573) csrrs   a0, stval, zero
core   0: 3 0x0000000080005fee (0x14302573) x10 0x0000000000000000
core   0: 0x0000000080005ff2 (0xb02024f3) csrrs   s1, minstret, zero
core   0: 3 0x0000000080005ff2 (0xb02024f3) x9  0x0000000000000956
core   0: 0x0000000080005ff6 (0x0000a811) c.j     pc + 20
core   0: 3 0x0000000080005ff6 (0xa811)
core   0: >>>>  mepc_4
core   0: 0x000000008000600a (0x00000791) c.addi  a5, 4
core   0: 3 0x000000008000600a (0x0791) x15 0x000000008000449c
core   0: 0x000000008000600c (0x34179073) csrrw   zero, mepc, a5
core   0: 3 0x000000008000600c (0x34179073) c833_mepc 0x000000008000449c
core   0: 0x0000000080006010 (0x30200073) mret
core   0: 3 0x0000000080006010 (0x30200073) c768_mstatus 0x8000000a00106080
core   0: 0x000000008000449c (0x0231a833) mulhsu  a6, gp, gp
core   0: 1 0x000000008000449c (0x0231a833) x16 0x0000000000000000
core   0: 0x00000000800044a0 (0x00609333) sll     t1, ra, t1
core   0: 1 0x00000000800044a0 (0x00609333) x6  0x0000000080004014
core   0: 0x00000000800044a4 (0xd225f2d3) fcvt.d.l ft5, a1
core   0: 1 0x00000000800044a4 (0xd225f2d3) f5  0x41c8d07e39800000
core   0: 0x00000000800044a8 (0x4010d793) srai    a5, ra, 1
core   0: 1 0x00000000800044a8 (0x4010d793) x15 0x000000004000200a
core   0: 0x00000000800044ac (0xa9fcb6b7) lui     a3, 0xa9fcb
core   0: 1 0x00000000800044ac (0xa9fcb6b7) x13 0xffffffffa9fcb000
core   0: 0x00000000800044b0 (0xf2068b53) fmv.d.x fs6, a3
core   0: 1 0x00000000800044b0 (0xf2068b53) f22 0xffffffffa9fcb000
core   0: 0x00000000800044b4 (0x4072521b) sraiw   tp, tp, 7
core   0: 1 0x00000000800044b4 (0x4072521b) x4  0xfffffffffffffff0
core   0: 0x00000000800044b8 (0x00a416b3) sll     a3, s0, a0
core   0: 1 0x00000000800044b8 (0x00a416b3) x13 0x0000000000000000
core   0: 0x00000000800044bc (0x41b8519b) sraiw   gp, a6, 27
core   0: 1 0x00000000800044bc (0x41b8519b) x3  0x0000000000000000
core   0: 0x00000000800044c0 (0xc2107753) fcvt.wu.d a4, ft0
core   0: 1 0x00000000800044c0 (0xc2107753) c1_fflags 0x0000000000000010 x14 0xffffffffffffffff
core   0: 0x00000000800044c4 (0x409654b3) sra     s1, a2, s1
core   0: 1 0x00000000800044c4 (0x409654b3) x9  0x0000000000000000
core   0: 0x00000000800044c8 (0x23512153) fsgnjx.d ft2, ft2, fs5
core   0: 1 0x00000000800044c8 (0x23512153) f2  0xffffffff00000000
core   0: 0x00000000800044cc (0x001399f3) csrrw   s3, fflags, t2
core   0: 1 0x00000000800044cc (0x001399f3) x19 0x0000000000000010 c1_fflags 0x0000000000000017
core   0: 0x00000000800044d0 (0x41b9da3b) sraw    s4, s3, s11
core   0: 1 0x00000000800044d0 (0x41b9da3b) x20 0x0000000000000000
core   0: 0x00000000800044d4 (0x0000953a) c.add   a0, a4
core   0: 1 0x00000000800044d4 (0x953a) x10 0xffffffffffffffff
core   0: 0x00000000800044d6 (0x0346bdb3) mulhu   s11, a3, s4
core   0: 1 0x00000000800044d6 (0x0346bdb3) x27 0x0000000000000000
core   0: 0x00000000800044da (0x43755e13) srai    t3, a0, 55
core   0: 1 0x00000000800044da (0x43755e13) x28 0xffffffffffffffff
core   0: 0x00000000800044de (0x420701d3) fcvt.d.s ft3, fa4
core   0: 1 0x00000000800044de (0x420701d3) f3  0x7ff8000000000000
core   0: 0x00000000800044e2 (0x001024f3) csrrs   s1, fflags, zero
core   0: 1 0x00000000800044e2 (0x001024f3) x9  0x0000000000000017
core   0: 0x00000000800044e6 (0x00000001) c.nop
core   0: 1 0x00000000800044e6 (0x0001)
core   0: 0x00000000800044e8 (0xc02f7b53) fcvt.l.s s6, ft10
core   0: 1 0x00000000800044e8 (0xc02f7b53) c1_fflags 0x0000000000000017 x22 0x7fffffffffffffff
core   0: 0x00000000800044ec (0x00ead533) srl     a0, s5, a4
core   0: 1 0x00000000800044ec (0x00ead533) x10 0x0000000000000000
core   0: 0x00000000800044f0 (0xfff24013) not     zero, tp
core   0: 1 0x00000000800044f0 (0xfff24013)
core   0: 0x00000000800044f4 (0x007713bb) sllw    t2, a4, t2
core   0: 1 0x00000000800044f4 (0x007713bb) x7  0xffffffffff800000
core   0: 0x00000000800044f8 (0x009e083b) addw    a6, t3, s1
core   0: 1 0x00000000800044f8 (0x009e083b) x16 0x0000000000000016
core   0: 0x00000000800044fc (0x01759c9b) slliw   s9, a1, 23
core   0: 1 0x00000000800044fc (0x01759c9b) x25 0x0000000039800000
core   0: 0x0000000080004500 (0x2ab717d3) fmax.d  fa5, fa4, fa1
core   0: 1 0x0000000080004500 (0x2ab717d3) f15 0x4000000000000000
core   0: 0x0000000080004504 (0x0aa4fc53) fsub.d  fs8, fs1, fa0
core   0: 1 0x0000000080004504 (0x0aa4fc53) f24 0x7ff8000000000000
core   0: 0x0000000080004508 (0x00191a9b) slliw   s5, s2, 1
core   0: 1 0x0000000080004508 (0x00191a9b) x21 0xffffffffffffef3a
core   0: 0x000000008000450c (0x0197989b) slliw   a7, a5, 25
core   0: 1 0x000000008000450c (0x0197989b) x17 0x0000000014000000
core   0: 0x0000000080004510 (0x02bbf5bb) remuw   a1, s7, a1
core   0: 1 0x0000000080004510 (0x02bbf5bb) x11 0x00000000233e409a
core   0: 0x0000000080004514 (0x00000001) c.nop
core   0: 1 0x0000000080004514 (0x0001)
core   0: 0x0000000080004516 (0x420507d3) fcvt.d.s fa5, fa0
core   0: 1 0x0000000080004516 (0x420507d3) f15 0x7ff8000000000000
core   0: 0x000000008000451a (0x01c4d03b) srlw    zero, s1, t3
core   0: 1 0x000000008000451a (0x01c4d03b)
core   0: 0x000000008000451e (0x0008d23b) srlw    tp, a7, zero
core   0: 1 0x000000008000451e (0x0008d23b) x4  0x0000000014000000
core   0: 0x0000000080004522 (0x001026f3) csrrs   a3, fflags, zero
core   0: 1 0x0000000080004522 (0x001026f3) x13 0x0000000000000017
core   0: 0x0000000080004526 (0x5c1d7717) auipc   a4, 0x5c1d7
core   0: 1 0x0000000080004526 (0x5c1d7717) x14 0x00000000dc1db526
core   0: 0x000000008000452a (0xf2008953) fmv.d.x fs2, ra
core   0: 1 0x000000008000452a (0xf2008953) f18 0x0000000080004014
core   0: 0x000000008000452e (0xf15be1f3) csrrsi  gp, mconfigptr, 23
core   0: exception trap_illegal_instruction, epc 0x000000008000452e
core   0:           tval 0x00000000f15be1f3
core   0: >>>>  $xrv64i2p1_m2p0_a2p1_f2p2_d2p2_zicsr2p0_zifencei2p0_zmmul1p0_zba1p0_zbb1p0_zbc1p0_zbs1p0
core   0: 0x0000000080004000 (0x0080006f) j       pc + 0x8
core   0: 3 0x0000000080004000 (0x0080006f)
core   0: >>>>  mmode_exception_handler
core   0: 0x0000000080004008 (0x00002c17) auipc   s8, 0x2
core   0: 3 0x0000000080004008 (0x00002c17) x24 0x0000000080006008
core   0: 0x000000008000400c (0xfcec0c13) addi    s8, s8, -50
core   0: 3 0x000000008000400c (0xfcec0c13) x24 0x0000000080005fd6
core   0: 0x0000000080004010 (0x000c00e7) jalr    s8
core   0: 3 0x0000000080004010 (0x000c00e7) x1  0x0000000080004014
core   0: >>>>  any_handler
core   0: 0x0000000080005fd6 (0x341027f3) csrrs   a5, mepc, zero
core   0: 3 0x0000000080005fd6 (0x341027f3) x15 0x000000008000452e
core   0: 0x0000000080005fda (0x34202773) csrrs   a4, mcause, zero
core   0: 3 0x0000000080005fda (0x34202773) x14 0x0000000000000002
core   0: 0x0000000080005fde (0x142026f3) csrrs   a3, scause, zero
core   0: 3 0x0000000080005fde (0x142026f3) x13 0x0000000000000000
core   0: 0x0000000080005fe2 (0x30402673) csrrs   a2, mie, zero
core   0: 3 0x0000000080005fe2 (0x30402673) x12 0x0000000000000a00
core   0: 0x0000000080005fe6 (0x344025f3) csrrs   a1, mip, zero
core   0: 3 0x0000000080005fe6 (0x344025f3) x11 0x0000000000000080
core   0: 0x0000000080005fea (0x343025f3) csrrs   a1, mtval, zero
core   0: 3 0x0000000080005fea (0x343025f3) x11 0x00000000f15be1f3
core   0: 0x0000000080005fee (0x14302573) csrrs   a0, stval, zero
core   0: 3 0x0000000080005fee (0x14302573) x10 0x0000000000000000
core   0: 0x0000000080005ff2 (0xb02024f3) csrrs   s1, minstret, zero
core   0: 3 0x0000000080005ff2 (0xb02024f3) x9  0x000000000000098c
core   0: 0x0000000080005ff6 (0x0000a811) c.j     pc + 20
core   0: 3 0x0000000080005ff6 (0xa811)
core   0: >>>>  mepc_4
core   0: 0x000000008000600a (0x00000791) c.addi  a5, 4
core   0: 3 0x000000008000600a (0x0791) x15 0x0000000080004532
core   0: 0x000000008000600c (0x34179073) csrrw   zero, mepc, a5
core   0: 3 0x000000008000600c (0x34179073) c833_mepc 0x0000000080004532
core   0: 0x0000000080006010 (0x30200073) mret
core   0: 3 0x0000000080006010 (0x30200073) c768_mstatus 0x8000000a00106080
core   0: 0x0000000080004532 (0x019d5ab3) srl     s5, s10, s9
core   0: 1 0x0000000080004532 (0x019d5ab3) x21 0x0000000000000000
core   0: 0x0000000080004536 (0xeccc6d13) ori     s10, s8, -308
core   0: 1 0x0000000080004536 (0xeccc6d13) x26 0xffffffffffffffde
core   0: 0x000000008000453a (0x358a8a17) auipc   s4, 0x358a8
core   0: 1 0x000000008000453a (0x358a8a17) x20 0x00000000b58ac53a
core   0: 0x000000008000453e (0x0170939b) slliw   t2, ra, 23
core   0: 1 0x000000008000453e (0x0170939b) x7  0x000000000a000000
core   0: 0x0000000080004542 (0x3b99e9b7) lui     s3, 0x3b99e
core   0: 1 0x0000000080004542 (0x3b99e9b7) x19 0x000000003b99e000
core   0: 0x0000000080004546 (0x00b39733) sll     a4, t2, a1
core   0: 1 0x0000000080004546 (0x00b39733) x14 0x0000000000000000
core   0: 0x000000008000454a (0x0015e0b3) or      ra, a1, ra
core   0: 1 0x000000008000454a (0x0015e0b3) x1  0x00000000f15be1f7
core   0: 0x000000008000454e (0x40c6563b) sraw    a2, a2, a2
core   0: 1 0x000000008000454e (0x40c6563b) x12 0x0000000000000a00
core   0: 0x0000000080004552 (0x005e8ebb) addw    t4, t4, t0
core   0: 1 0x0000000080004552 (0x005e8ebb) x29 0x0000000000000d1d
core   0: 0x0000000080004556 (0x4a9ef243) fmadd.d ft4, ft9, fs1, fs1
core   0: 1 0x0000000080004556 (0x4a9ef243) f4  0x7ff8000000000000
core   0: 0x000000008000455a (0xbb7efbc7) fmsub.d fs7, ft9, fs7, fs7
core   0: 1 0x000000008000455a (0xbb7efbc7) f23 0x7ff8000000000000
core   0: 0x000000008000455e (0xd23174d3) fcvt.d.lu fs1, sp
core   0: 1 0x000000008000455e (0xd23174d3) f9  0x40affe0000000000
core   0: 0x0000000080004562 (0x4012f2d3) fcvt.s.d ft5, ft5
core   0: 1 0x0000000080004562 (0x4012f2d3) c1_fflags 0x0000000000000017 f5  0xffffffff4e4683f2
core   0: 0x0000000080004566 (0xc232f6d3) fcvt.lu.d a3, ft5
core   0: 1 0x0000000080004566 (0xc232f6d3) c1_fflags 0x0000000000000017 x13 0xffffffffffffffff
core   0: 0x000000008000456a (0x007c9abb) sllw    s5, s9, t2
core   0: 1 0x000000008000456a (0x007c9abb) x21 0x0000000039800000
core   0: 0x000000008000456e (0xc23a79d3) fcvt.lu.d s3, fs4
core   0: 1 0x000000008000456e (0xc23a79d3) c1_fflags 0x0000000000000017 x19 0xffffffffffffffff
core   0: 0x0000000080004572 (0xc2ee9317) auipc   t1, 0xc2ee9
core   0: 1 0x0000000080004572 (0xc2ee9317) x6  0x0000000042eed572
core   0: 0x0000000080004576 (0x414d5e33) sra     t3, s10, s4
core   0: 1 0x0000000080004576 (0x414d5e33) x28 0xffffffffffffffff
core   0: 0x000000008000457a (0x4097d4bb) sraw    s1, a5, s1
core   0: 1 0x000000008000457a (0x4097d4bb) x9  0xfffffffffff80004
core   0: 0x000000008000457e (0x1ff7c193) xori    gp, a5, 511
core   0: 1 0x000000008000457e (0x1ff7c193) x3  0x00000000800044cd
core   0: 0x0000000080004582 (0x4013f3d3) fcvt.s.d ft7, ft7
core   0: 1 0x0000000080004582 (0x4013f3d3) f7  0xffffffff7fc00000
core   0: 0x0000000080004586 (0xc23af2d3) fcvt.lu.d t0, fs5
core   0: 1 0x0000000080004586 (0xc23af2d3) x5  0x0000000000000000
core   0: 0x000000008000458a (0xe2028253) fmv.x.d tp, ft5
core   0: 1 0x000000008000458a (0xe2028253) x4  0xffffffff4e4683f2
core   0: 0x000000008000458e (0x009c2eb3) slt     t4, s8, s1
core   0: 1 0x000000008000458e (0x009c2eb3) x29 0x0000000000000000
core   0: 0x0000000080004592 (0x409e5c1b) sraiw   s8, t3, 9
core   0: 1 0x0000000080004592 (0x409e5c1b) x24 0xffffffffffffffff
core   0: 0x0000000080004596 (0xc20a77d3) fcvt.w.d a5, fs4
core   0: 1 0x0000000080004596 (0xc20a77d3) c1_fflags 0x0000000000000017 x15 0x000000007fffffff
core   0: 0x000000008000459a (0x02d6fbbb) remuw   s7, a3, a3
core   0: 1 0x000000008000459a (0x02d6fbbb) x23 0x0000000000000000
core   0: 0x000000008000459e (0xd234f7d3) fcvt.d.lu fa5, s1
core   0: 1 0x000000008000459e (0xd234f7d3) c1_fflags 0x0000000000000017 f15 0x43efffffffffff00
core   0: 0x00000000800045a2 (0x41fb529b) sraiw   t0, s6, 31
core   0: 1 0x00000000800045a2 (0x41fb529b) x5  0xffffffffffffffff
core   0: 0x00000000800045a6 (0xa2000453) fle.d   s0, ft0, ft0
core   0: 1 0x00000000800045a6 (0xa2000453) c1_fflags 0x0000000000000017 x8  0x0000000000000000
core   0: 0x00000000800045aa (0x00e4d0bb) srlw    ra, s1, a4
core   0: 1 0x00000000800045aa (0x00e4d0bb) x1  0xfffffffffff80004
core   0: 0x00000000800045ae (0x0048f1b3) and     gp, a7, tp
core   0: 1 0x00000000800045ae (0x0048f1b3) x3  0x0000000004000000
core   0: 0x00000000800045b2 (0xcecc4c13) xori    s8, s8, -788
core   0: 1 0x00000000800045b2 (0xcecc4c13) x24 0x0000000000000313
core   0: 0x00000000800045b6 (0x23d0724b) fnmsub.d ft4, ft0, ft9, ft4
core   0: 1 0x00000000800045b6 (0x23d0724b) f4  0x7ff8000000000000
core   0: 0x00000000800045ba (0x401b7f53) fcvt.s.d ft10, fs6
core   0: 1 0x00000000800045ba (0x401b7f53) f30 0xffffffff7fc00000
core   0: 0x00000000800045be (0x8b78f9c7) fmsub.d fs3, fa7, fs7, fa7
core   0: 1 0x00000000800045be (0x8b78f9c7) f19 0x7ff8000000000000
core   0: 0x00000000800045c2 (0xc3419db7) lui     s11, 0xc3419
core   0: 1 0x00000000800045c2 (0xc3419db7) x27 0xffffffffc3419000
core   0: 0x00000000800045c6 (0x012c5933) srl     s2, s8, s2
core   0: 1 0x00000000800045c6 (0x012c5933) x18 0x0000000000000000
core   0: 0x00000000800045ca (0xd02973d3) fcvt.s.l ft7, s2
core   0: 1 0x00000000800045ca (0xd02973d3) f7  0xffffffff00000000
core   0: 0x00000000800045ce (0xf2010853) fmv.d.x fa6, sp
core   0: 1 0x00000000800045ce (0xf2010853) f16 0x0000000000000fff
core   0: 0x00000000800045d2 (0x001c7213) andi    tp, s8, 1
core   0: 1 0x00000000800045d2 (0x001c7213) x4  0x0000000000000001
core   0: 0x00000000800045d6 (0x36326113) ori     sp, tp, 867
core   0: 1 0x00000000800045d6 (0x36326113) x2  0x0000000000000363
core   0: 0x00000000800045da (0x030142b3) div     t0, sp, a6
core   0: 1 0x00000000800045da (0x030142b3) x5  0x0000000000000027
core   0: 0x00000000800045de (0x8dea77b7) lui     a5, 0x8dea7
core   0: 1 0x00000000800045de (0x8dea77b7) x15 0xffffffff8dea7000
core   0: 0x00000000800045e2 (0x03406cbb) remw    s9, zero, s4
core   0: 1 0x00000000800045e2 (0x03406cbb) x25 0x0000000000000000
core   0: 0x00000000800045e6 (0x400cd49b) sraiw   s1, s9, 0
core   0: 1 0x00000000800045e6 (0x400cd49b) x9  0x0000000000000000
core   0: 0x00000000800045ea (0x409a0a3b) subw    s4, s4, s1
core   0: 1 0x00000000800045ea (0x409a0a3b) x20 0xffffffffb58ac53a
core   0: 0x00000000800045ee (0x0141f1b3) and     gp, gp, s4
core   0: 1 0x00000000800045ee (0x0141f1b3) x3  0x0000000004000000
core   0: 0x00000000800045f2 (0x5a09fe53) fsqrt.d ft8, fs3
core   0: 1 0x00000000800045f2 (0x5a09fe53) f28 0x7ff8000000000000
core   0: 0x00000000800045f6 (0xd02c7a53) fcvt.s.l fs4, s8
core   0: 1 0x00000000800045f6 (0xd02c7a53) f20 0xffffffff4444c000
core   0: 0x00000000800045fa (0x420c88d3) fcvt.d.s fa7, fs9
core   0: 1 0x00000000800045fa (0x420c88d3) f17 0x7ff8000000000000
core   0: 0x00000000800045fe (0x001020f3) csrrs   ra, fflags, zero
core   0: 1 0x00000000800045fe (0x001020f3) x1  0x0000000000000017
core   0: 0x0000000080004602 (0x00d6d6b3) srl     a3, a3, a3
core   0: 1 0x0000000080004602 (0x00d6d6b3) x13 0x0000000000000001
core   0: 0x0000000080004606 (0xc02e7d53) fcvt.l.s s10, ft8
core   0: 1 0x0000000080004606 (0xc02e7d53) c1_fflags 0x0000000000000017 x26 0x7fffffffffffffff
core   0: 0x000000008000460a (0x40168ab3) sub     s5, a3, ra
core   0: 1 0x000000008000460a (0x40168ab3) x21 0xffffffffffffffea
core   0: 0x000000008000460e (0xf1392373) csrrs   t1, mimpid, s2
core   0: exception trap_illegal_instruction, epc 0x000000008000460e
core   0:           tval 0x00000000f1392373
core   0: >>>>  $xrv64i2p1_m2p0_a2p1_f2p2_d2p2_zicsr2p0_zifencei2p0_zmmul1p0_zba1p0_zbb1p0_zbc1p0_zbs1p0
core   0: 0x0000000080004000 (0x0080006f) j       pc + 0x8
core   0: 3 0x0000000080004000 (0x0080006f)
core   0: >>>>  mmode_exception_handler
core   0: 0x0000000080004008 (0x00002c17) auipc   s8, 0x2
core   0: 3 0x0000000080004008 (0x00002c17) x24 0x0000000080006008
core   0: 0x000000008000400c (0xfcec0c13) addi    s8, s8, -50
core   0: 3 0x000000008000400c (0xfcec0c13) x24 0x0000000080005fd6
core   0: 0x0000000080004010 (0x000c00e7) jalr    s8
core   0: 3 0x0000000080004010 (0x000c00e7) x1  0x0000000080004014
core   0: >>>>  any_handler
core   0: 0x0000000080005fd6 (0x341027f3) csrrs   a5, mepc, zero
core   0: 3 0x0000000080005fd6 (0x341027f3) x15 0x000000008000460e
core   0: 0x0000000080005fda (0x34202773) csrrs   a4, mcause, zero
core   0: 3 0x0000000080005fda (0x34202773) x14 0x0000000000000002
core   0: 0x0000000080005fde (0x142026f3) csrrs   a3, scause, zero
core   0: 3 0x0000000080005fde (0x142026f3) x13 0x0000000000000000
core   0: 0x0000000080005fe2 (0x30402673) csrrs   a2, mie, zero
core   0: 3 0x0000000080005fe2 (0x30402673) x12 0x0000000000000a00
core   0: 0x0000000080005fe6 (0x344025f3) csrrs   a1, mip, zero
core   0: 3 0x0000000080005fe6 (0x344025f3) x11 0x0000000000000080
core   0: 0x0000000080005fea (0x343025f3) csrrs   a1, mtval, zero
core   0: 3 0x0000000080005fea (0x343025f3) x11 0x00000000f1392373
core   0: 0x0000000080005fee (0x14302573) csrrs   a0, stval, zero
core   0: 3 0x0000000080005fee (0x14302573) x10 0x0000000000000000
core   0: 0x0000000080005ff2 (0xb02024f3) csrrs   s1, minstret, zero
core   0: 3 0x0000000080005ff2 (0xb02024f3) x9  0x00000000000009d3
core   0: 0x0000000080005ff6 (0x0000a811) c.j     pc + 20
core   0: 3 0x0000000080005ff6 (0xa811)
core   0: >>>>  mepc_4
core   0: 0x000000008000600a (0x00000791) c.addi  a5, 4
core   0: 3 0x000000008000600a (0x0791) x15 0x0000000080004612
core   0: 0x000000008000600c (0x34179073) csrrw   zero, mepc, a5
core   0: 3 0x000000008000600c (0x34179073) c833_mepc 0x0000000080004612
core   0: 0x0000000080006010 (0x30200073) mret
core   0: 3 0x0000000080006010 (0x30200073) c768_mstatus 0x8000000a00106080
core   0: 0x0000000080004612 (0x0000d193) srli    gp, ra, 0
core   0: 1 0x0000000080004612 (0x0000d193) x3  0x0000000080004014
core   0: 0x0000000080004616 (0x0014589b) srliw   a7, s0, 1
core   0: 1 0x0000000080004616 (0x0014589b) x17 0x0000000000000000
core   0: 0x000000008000461a (0xc02e7ed3) fcvt.l.s t4, ft8
core   0: 1 0x000000008000461a (0xc02e7ed3) c1_fflags 0x0000000000000017 x29 0x7fffffffffffffff
core   0: 0x000000008000461e (0xc0287353) fcvt.l.s t1, fa6
core   0: 1 0x000000008000461e (0xc0287353) c1_fflags 0x0000000000000017 x6  0x7fffffffffffffff
core   0: 0x0000000080004622 (0x1a20f153) fdiv.d  ft2, ft1, ft2
core   0: 1 0x0000000080004622 (0x1a20f153) f2  0x7ff8000000000000
core   0: 0x0000000080004626 (0x03176ab3) rem     s5, a4, a7
core   0: 1 0x0000000080004626 (0x03176ab3) x21 0x0000000000000002
core   0: 0x000000008000462a (0x5a06f1d3) fsqrt.d ft3, fa3
core   0: 1 0x000000008000462a (0x5a06f1d3) f3  0x7ff8000000000000
core   0: 0x000000008000462e (0x62dbfbcf) fnmadd.d fs7, fs7, fa3, fa2
core   0: 1 0x000000008000462e (0x62dbfbcf) f23 0x7ff8000000000000
core   0: 0x0000000080004632 (0xd03dfe53) fcvt.s.lu ft8, s11
core   0: 1 0x0000000080004632 (0xd03dfe53) c1_fflags 0x0000000000000017 f28 0xffffffff5f800000
core   0: 0x0000000080004636 (0x00000001) c.nop
core   0: 1 0x0000000080004636 (0x0001)
core   0: 0x0000000080004638 (0x02c5e1b3) rem     gp, a1, a2
core   0: 1 0x0000000080004638 (0x02c5e1b3) x3  0x0000000000000373
core   0: 0x000000008000463c (0x028c6433) rem     s0, s8, s0
core   0: 1 0x000000008000463c (0x028c6433) x8  0x0000000080005fd6
core   0: 0x0000000080004640 (0x003c09b3) add     s3, s8, gp
core   0: 1 0x0000000080004640 (0x003c09b3) x19 0x0000000080006349
core   0: 0x0000000080004644 (0xd02479d3) fcvt.s.l fs3, s0
core   0: 1 0x0000000080004644 (0xd02479d3) c1_fflags 0x0000000000000017 f19 0xffffffff4f000060
core   0: 0x0000000080004648 (0xf20a88d3) fmv.d.x fa7, s5
core   0: 1 0x0000000080004648 (0xf20a88d3) f17 0x0000000000000002
core   0: 0x000000008000464c (0x4bc3e393) ori     t2, t2, 1212
core   0: 1 0x000000008000464c (0x4bc3e393) x7  0x000000000a0004bc
core   0: 0x0000000080004650 (0x22688dd3) fsgnj.d fs11, fa7, ft6
core   0: 1 0x0000000080004650 (0x22688dd3) f27 0x0000000000000002
core   0: 0x0000000080004654 (0x1bc1fe53) fdiv.d  ft8, ft3, ft8
core   0: 1 0x0000000080004654 (0x1bc1fe53) f28 0x7ff8000000000000
core   0: 0x0000000080004658 (0xbb75754f) fnmadd.d fa0, fa0, fs7, fs7
core   0: 1 0x0000000080004658 (0xbb75754f) f10 0x7ff8000000000000
core   0: 0x000000008000465c (0xd233fcd3) fcvt.d.lu fs9, t2
core   0: 1 0x000000008000465c (0xd233fcd3) f25 0x41a4000978000000
core   0: 0x0000000080004660 (0x22ec94d3) fsgnjn.d fs1, fs9, fa4
core   0: 1 0x0000000080004660 (0x22ec94d3) f9  0xc1a4000978000000
core   0: 0x0000000080004664 (0x0005d913) srli    s2, a1, 0
core   0: 1 0x0000000080004664 (0x0005d913) x18 0x00000000f1392373
core   0: 0x0000000080004668 (0x139f7453) fmul.d  fs0, ft10, fs9
core   0: 1 0x0000000080004668 (0x139f7453) f8  0x7ff8000000000000
core   0: 0x000000008000466c (0x23ff9ed3) fsgnjn.d ft9, ft11, ft11
core   0: 1 0x000000008000466c (0x23ff9ed3) f29 0x7fffffff5f000000
core   0: 0x0000000080004670 (0x01739493) slli    s1, t2, 23
core   0: 1 0x0000000080004670 (0x01739493) x9  0x000500025e000000
core   0: 0x0000000080004674 (0xc034f6d3) fcvt.lu.s a3, fs1
core   0: 1 0x0000000080004674 (0xc034f6d3) c1_fflags 0x0000000000000017 x13 0xffffffffffffffff
core   0: 0x0000000080004678 (0x001bcb93) xori    s7, s7, 1
core   0: 1 0x0000000080004678 (0x001bcb93) x23 0x0000000000000001
core   0: 0x000000008000467c (0x029bf5bb) remuw   a1, s7, s1
core   0: 1 0x000000008000467c (0x029bf5bb) x11 0x0000000000000001
core   0: 0x0000000080004680 (0xd2018753) fcvt.d.w fa4, gp
core   0: 1 0x0000000080004680 (0xd2018753) f14 0x408b980000000000
core   0: 0x0000000080004684 (0x0339edbb) remw    s11, s3, s3
core   0: 1 0x0000000080004684 (0x0339edbb) x27 0x0000000000000000
core   0: 0x0000000080004688 (0x105054f3) csrrwi  s1, stvec, 0
core   0: 1 0x0000000080004688 (0x105054f3) x9  0x0000000000000000 c261_stvec 0x0000000000000000
core   0: 0x000000008000468c (0x409bd593) srai    a1, s7, 9
core   0: 1 0x000000008000468c (0x409bd593) x11 0x0000000000000000
core   0: 0x0000000080004690 (0xd226f153) fcvt.d.l ft2, a3
core   0: 1 0x0000000080004690 (0xd226f153) f2  0xbff0000000000000
core   0: 0x0000000080004694 (0x4316dc13) srai    s8, a3, 49
core   0: 1 0x0000000080004694 (0x4316dc13) x24 0xffffffffffffffff
core   0: 0x0000000080004698 (0x01b6163b) sllw    a2, a2, s11
core   0: 1 0x0000000080004698 (0x01b6163b) x12 0x0000000000000a00
core   0: 0x000000008000469c (0x00fc1333) sll     t1, s8, a5
core   0: 1 0x000000008000469c (0x00fc1333) x6  0xfffffffffffc0000
core   0: 0x00000000800046a0 (0x000dd293) srli    t0, s11, 0
core   0: 1 0x00000000800046a0 (0x000dd293) x5  0x0000000000000000
core   0: 0x00000000800046a4 (0xd223f053) fcvt.d.l ft0, t2
core   0: 1 0x00000000800046a4 (0xd223f053) f0  0x41a4000978000000
core   0: 0x00000000800046a8 (0x41ad0d33) sub     s10, s10, s10
core   0: 1 0x00000000800046a8 (0x41ad0d33) x26 0x0000000000000000
core   0: 0x00000000800046ac (0x86f33e17) auipc   t3, 0x86f33
core   0: 1 0x00000000800046ac (0x86f33e17) x28 0x0000000006f376ac
core   0: 0x00000000800046b0 (0x37a80337) lui     t1, 0x37a80
core   0: 1 0x00000000800046b0 (0x37a80337) x6  0x0000000037a80000
core   0: 0x00000000800046b4 (0x0182d31b) srliw   t1, t0, 24
core   0: 1 0x00000000800046b4 (0x0182d31b) x6  0x0000000000000000
core   0: 0x00000000800046b8 (0x3a0d73cb) fnmsub.d ft7, fs10, ft0, ft7
core   0: 1 0x00000000800046b8 (0x3a0d73cb) f7  0x7ff8000000000000
core   0: 0x00000000800046bc (0x40aed6b3) sra     a3, t4, a0
core   0: 1 0x00000000800046bc (0x40aed6b3) x13 0x7fffffffffffffff
core   0: 0x00000000800046c0 (0xfff3079b) addiw   a5, t1, -1
core   0: 1 0x00000000800046c0 (0xfff3079b) x15 0xffffffffffffffff
core   0: 0x00000000800046c4 (0x00251573) csrrw   a0, frm, a0
core   0: 1 0x00000000800046c4 (0x00251573) x10 0x0000000000000000 c2_frm 0x0000000000000000
core   0: 0x00000000800046c8 (0x1b6ef4d3) fdiv.d  fs1, ft9, fs6
core   0: 1 0x00000000800046c8 (0x1b6ef4d3) f9  0x7ff8000000000000
core   0: 0x00000000800046cc (0xd2090253) fcvt.d.w ft4, s2
core   0: 1 0x00000000800046cc (0xd2090253) f4  0xc1ad8db91a000000
core   0: 0x00000000800046d0 (0x00251ef3) csrrw   t4, frm, a0
core   0: 1 0x00000000800046d0 (0x00251ef3) x29 0x0000000000000000 c2_frm 0x0000000000000000
core   0: 0x00000000800046d4 (0x1b517453) fdiv.d  fs0, ft2, fs5
core   0: 1 0x00000000800046d4 (0x1b517453) c1_fflags 0x000000000000001f f8  0xfff0000000000000
core   0: 0x00000000800046d8 (0x72128697) auipc   a3, 0x72128
core   0: 1 0x00000000800046d8 (0x72128697) x13 0x00000000f212c6d8
core   0: 0x00000000800046dc (0x0015d5b3) srl     a1, a1, ra
core   0: 1 0x00000000800046dc (0x0015d5b3) x11 0x0000000000000000
core   0: 0x00000000800046e0 (0x139273d3) fmul.d  ft7, ft4, fs9
core   0: 1 0x00000000800046e0 (0x139273d3) c1_fflags 0x000000000000001f f7  0xc362789c6eef8572
core   0: 0x00000000800046e4 (0xc0397453) fcvt.lu.s s0, fs2
core   0: 1 0x00000000800046e4 (0xc0397453) c1_fflags 0x000000000000001f x8  0xffffffffffffffff
core   0: 0x00000000800046e8 (0xc0237cd3) fcvt.l.s s9, ft6
core   0: 1 0x00000000800046e8 (0xc0237cd3) c1_fflags 0x000000000000001f x25 0x7fffffffffffffff
core   0: 0x00000000800046ec (0x03daf5b3) remu    a1, s5, t4
core   0: 1 0x00000000800046ec (0x03daf5b3) x11 0x0000000000000002
core   0: 0x00000000800046f0 (0xc22d70d3) fcvt.l.d ra, fs10
core   0: 1 0x00000000800046f0 (0xc22d70d3) c1_fflags 0x000000000000001f x1  0x0000000000000415
core   0: 0x00000000800046f4 (0x023d2ab3) mulhsu  s5, s10, gp
core   0: 1 0x00000000800046f4 (0x023d2ab3) x21 0x0000000000000000
core   0: 0x00000000800046f8 (0x015825b3) slt     a1, a6, s5
core   0: 1 0x00000000800046f8 (0x015825b3) x11 0x0000000000000000
core   0: 0x00000000800046fc (0x7ffd3d93) sltiu   s11, s10, 2047
core   0: 1 0x00000000800046fc (0x7ffd3d93) x27 0x0000000000000001
core   0: 0x0000000080004700 (0xff10d6b7) lui     a3, 0xff10d
core   0: 1 0x0000000080004700 (0xff10d6b7) x13 0xffffffffff10d000
core   0: 0x0000000080004704 (0x7696869b) addiw   a3, a3, 1897
core   0: 1 0x0000000080004704 (0x7696869b) x13 0xffffffffff10d769
core   0: 0x0000000080004708 (0x000006ba) c.slli  a3, 14
core   0: 1 0x0000000080004708 (0x06ba) x13 0xffffffc435da4000
core   0: 0x000000008000470a (0x40868693) addi    a3, a3, 1032
core   0: 1 0x000000008000470a (0x40868693) x13 0xffffffc435da4408
core   0: 0x000000008000470e (0x1b6a7353) fdiv.d  ft6, fs4, fs6
core   0: 1 0x000000008000470e (0x1b6a7353) f6  0x7ff8000000000000
core   0: 0x0000000080004712 (0x03b2ab33) mulhsu  s6, t0, s11
core   0: 1 0x0000000080004712 (0x03b2ab33) x22 0x0000000000000000
core   0: 0x0000000080004716 (0x4166d8bb) sraw    a7, a3, s6
core   0: 1 0x0000000080004716 (0x4166d8bb) x17 0x0000000035da4408
core   0: 0x000000008000471a (0x03f49393) slli    t2, s1, 63
core   0: 1 0x000000008000471a (0x03f49393) x7  0x0000000000000000
core   0: 0x000000008000471e (0x02215eb3) divu    t4, sp, sp
core   0: 1 0x000000008000471e (0x02215eb3) x29 0x0000000000000001
core   0: 0x0000000080004722 (0xbfc59b17) auipc   s6, 0xbfc59
core   0: 1 0x0000000080004722 (0xbfc59b17) x22 0x000000003fc5d722
core   0: 0x0000000080004726 (0x7ffee813) ori     a6, t4, 2047
core   0: 1 0x0000000080004726 (0x7ffee813) x16 0x00000000000007ff
core   0: 0x000000008000472a (0x00001df2) c.slli  s11, 60
core   0: 1 0x000000008000472a (0x1df2) x27 0x1000000000000000
core   0: 0x000000008000472c (0x0b2f7453) fsub.d  fs0, ft10, fs2
core   0: 1 0x000000008000472c (0x0b2f7453) f8  0x7ff8000000000000
core   0: 0x0000000080004730 (0x015306b3) add     a3, t1, s5
core   0: 1 0x0000000080004730 (0x015306b3) x13 0x0000000000000000
core   0: 0x0000000080004734 (0x00db7333) and     t1, s6, a3
core   0: 1 0x0000000080004734 (0x00db7333) x6  0x0000000000000000
core   0: 0x0000000080004738 (0xb6fe1317) auipc   t1, 0xb6fe1
core   0: 1 0x0000000080004738 (0xb6fe1317) x6  0x0000000036fe5738
core   0: 0x000000008000473c (0x029ec3b3) div     t2, t4, s1
core   0: 1 0x000000008000473c (0x029ec3b3) x7  0xffffffffffffffff
core   0: 0x0000000080004740 (0x409080bb) subw    ra, ra, s1
core   0: 1 0x0000000080004740 (0x409080bb) x1  0x0000000000000415
core   0: 0x0000000080004744 (0x232d88d3) fsgnj.d fa7, fs11, fs2
core   0: 1 0x0000000080004744 (0x232d88d3) f17 0x0000000000000002
core   0: 0x0000000080004748 (0xe2028953) fmv.x.d s2, ft5
core   0: 1 0x0000000080004748 (0xe2028953) x18 0xffffffff4e4683f2
core   0: 0x000000008000474c (0xd2048c53) fcvt.d.w fs8, s1
core   0: 1 0x000000008000474c (0xd2048c53) f24 0x0000000000000000
core   0: 0x0000000080004750 (0x03cc7dbb) remuw   s11, s8, t3
core   0: 1 0x0000000080004750 (0x03cc7dbb) x27 0x0000000005c34fcf
core   0: 0x0000000080004754 (0x037df133) remu    sp, s11, s7
core   0: 1 0x0000000080004754 (0x037df133) x2  0x0000000000000000
core   0: 0x0000000080004758 (0x409d50b3) sra     ra, s10, s1
core   0: 1 0x0000000080004758 (0x409d50b3) x1  0x0000000000000000
core   0: 0x000000008000475c (0xc22df953) fcvt.l.d s2, fs11
core   0: 1 0x000000008000475c (0xc22df953) c1_fflags 0x000000000000001f x18 0x0000000000000000
core   0: 0x0000000080004760 (0x03f69113) slli    sp, a3, 63
core   0: 1 0x0000000080004760 (0x03f69113) x2  0x0000000000000000
core   0: 0x0000000080004764 (0x401df1d3) fcvt.s.d ft3, fs11
core   0: 1 0x0000000080004764 (0x401df1d3) c1_fflags 0x000000000000001f f3  0xffffffff00000000
core   0: 0x0000000080004768 (0x2b1e1753) fmax.d  fa4, ft8, fa7
core   0: 1 0x0000000080004768 (0x2b1e1753) f14 0x0000000000000002
core   0: 0x000000008000476c (0x0126823b) addw    tp, a3, s2
core   0: 1 0x000000008000476c (0x0126823b) x4  0x0000000000000000
core   0: 0x0000000080004770 (0x019da933) slt     s2, s11, s9
core   0: 1 0x0000000080004770 (0x019da933) x18 0x0000000000000001
core   0: 0x0000000080004774 (0x0332b333) mulhu   t1, t0, s3
core   0: 1 0x0000000080004774 (0x0332b333) x6  0x0000000000000000
core   0: 0x0000000080004778 (0x039590b3) mulh    ra, a1, s9
core   0: 1 0x0000000080004778 (0x039590b3) x1  0x0000000000000000
core   0: 0x000000008000477c (0xd23979d3) fcvt.d.lu fs3, s2
core   0: 1 0x000000008000477c (0xd23979d3) f19 0x3ff0000000000000
core   0: 0x0000000080004780 (0xaa55c593) xori    a1, a1, -1371
core   0: 1 0x0000000080004780 (0xaa55c593) x11 0xfffffffffffffaa5
core   0: 0x0000000080004784 (0x2a318653) fmin.d  fa2, ft3, ft3
core   0: 1 0x0000000080004784 (0x2a318653) f12 0x7ff8000000000000
core   0: 0x0000000080004788 (0x1ac8f7cf) fnmadd.d fa5, fa7, fa2, ft3
core   0: 1 0x0000000080004788 (0x1ac8f7cf) f15 0x7ff8000000000000
core   0: 0x000000008000478c (0x00202a73) csrrs   s4, frm, zero
core   0: 1 0x000000008000478c (0x00202a73) x20 0x0000000000000000
core   0: 0x0000000080004790 (0x41c58733) sub     a4, a1, t3
core   0: 1 0x0000000080004790 (0x41c58733) x14 0xfffffffff90c83f9
core   0: 0x0000000080004794 (0x400eda13) srai    s4, t4, 0
core   0: 1 0x0000000080004794 (0x400eda13) x20 0x0000000000000001
core   0: 0x0000000080004798 (0x010a0dbb) addw    s11, s4, a6
core   0: 1 0x0000000080004798 (0x010a0dbb) x27 0x0000000000000800
core   0: 0x000000008000479c (0x001a1173) csrrw   sp, fflags, s4
core   0: 1 0x000000008000479c (0x001a1173) x2  0x000000000000001f c1_fflags 0x0000000000000001
core   0: 0x00000000800047a0 (0x00511193) slli    gp, sp, 5
core   0: 1 0x00000000800047a0 (0x00511193) x3  0x00000000000003e0
core   0: 0x00000000800047a4 (0x747fe073) csrrsi  zero, mseccfg, 31
core   0: exception trap_illegal_instruction, epc 0x00000000800047a4
core   0:           tval 0x00000000747fe073
core   0: >>>>  $xrv64i2p1_m2p0_a2p1_f2p2_d2p2_zicsr2p0_zifencei2p0_zmmul1p0_zba1p0_zbb1p0_zbc1p0_zbs1p0
core   0: 0x0000000080004000 (0x0080006f) j       pc + 0x8
core   0: 3 0x0000000080004000 (0x0080006f)
core   0: >>>>  mmode_exception_handler
core   0: 0x0000000080004008 (0x00002c17) auipc   s8, 0x2
core   0: 3 0x0000000080004008 (0x00002c17) x24 0x0000000080006008
core   0: 0x000000008000400c (0xfcec0c13) addi    s8, s8, -50
core   0: 3 0x000000008000400c (0xfcec0c13) x24 0x0000000080005fd6
core   0: 0x0000000080004010 (0x000c00e7) jalr    s8
core   0: 3 0x0000000080004010 (0x000c00e7) x1  0x0000000080004014
core   0: >>>>  any_handler
core   0: 0x0000000080005fd6 (0x341027f3) csrrs   a5, mepc, zero
core   0: 3 0x0000000080005fd6 (0x341027f3) x15 0x00000000800047a4
core   0: 0x0000000080005fda (0x34202773) csrrs   a4, mcause, zero
core   0: 3 0x0000000080005fda (0x34202773) x14 0x0000000000000002
core   0: 0x0000000080005fde (0x142026f3) csrrs   a3, scause, zero
core   0: 3 0x0000000080005fde (0x142026f3) x13 0x0000000000000000
core   0: 0x0000000080005fe2 (0x30402673) csrrs   a2, mie, zero
core   0: 3 0x0000000080005fe2 (0x30402673) x12 0x0000000000000a00
core   0: 0x0000000080005fe6 (0x344025f3) csrrs   a1, mip, zero
core   0: 3 0x0000000080005fe6 (0x344025f3) x11 0x0000000000000080
core   0: 0x0000000080005fea (0x343025f3) csrrs   a1, mtval, zero
core   0: 3 0x0000000080005fea (0x343025f3) x11 0x00000000747fe073
core   0: 0x0000000080005fee (0x14302573) csrrs   a0, stval, zero
core   0: 3 0x0000000080005fee (0x14302573) x10 0x0000000000000000
core   0: 0x0000000080005ff2 (0xb02024f3) csrrs   s1, minstret, zero
core   0: 3 0x0000000080005ff2 (0xb02024f3) x9  0x0000000000000a49
core   0: 0x0000000080005ff6 (0x0000a811) c.j     pc + 20
core   0: 3 0x0000000080005ff6 (0xa811)
core   0: >>>>  mepc_4
core   0: 0x000000008000600a (0x00000791) c.addi  a5, 4
core   0: 3 0x000000008000600a (0x0791) x15 0x00000000800047a8
core   0: 0x000000008000600c (0x34179073) csrrw   zero, mepc, a5
core   0: 3 0x000000008000600c (0x34179073) c833_mepc 0x00000000800047a8
core   0: 0x0000000080006010 (0x30200073) mret
core   0: 3 0x0000000080006010 (0x30200073) c768_mstatus 0x8000000a00106080
core   0: 0x00000000800047a8 (0x0ff0000f) fence   iorw,iorw
core   0: 1 0x00000000800047a8 (0x0ff0000f)
core   0: 0x00000000800047ac (0x4001dc13) srai    s8, gp, 0
core   0: 1 0x00000000800047ac (0x4001dc13) x24 0x00000000000003e0
core   0: 0x00000000800047b0 (0x001e1a13) slli    s4, t3, 1
core   0: 1 0x00000000800047b0 (0x001e1a13) x20 0x000000000de6ed58
core   0: 0x00000000800047b4 (0xd21c06d3) fcvt.d.wu fa3, s8
core   0: 1 0x00000000800047b4 (0xd21c06d3) f13 0x408f000000000000
core   0: 0x00000000800047b8 (0xc2297cd3) fcvt.l.d s9, fs2
core   0: 1 0x00000000800047b8 (0xc2297cd3) c1_fflags 0x0000000000000001 x25 0x0000000000000000
core   0: 0x00000000800047bc (0xc236fb53) fcvt.lu.d s6, fa3
core   0: 1 0x00000000800047bc (0xc236fb53) x22 0x00000000000003e0
core   0: 0x00000000800047c0 (0x03b1c73b) divw    a4, gp, s11
core   0: 1 0x00000000800047c0 (0x03b1c73b) x14 0x0000000000000000
core   0: 0x00000000800047c4 (0x02a13537) lui     a0, 0x2a13
core   0: 1 0x00000000800047c4 (0x02a13537) x10 0x0000000002a13000
core   0: 0x00000000800047c8 (0xd03775d3) fcvt.s.lu fa1, a4
core   0: 1 0x00000000800047c8 (0xd03775d3) f11 0xffffffff00000000
core   0: 0x00000000800047cc (0x02d2f2b3) remu    t0, t0, a3
core   0: 1 0x00000000800047cc (0x02d2f2b3) x5  0x0000000000000000
core   0: 0x00000000800047d0 (0x4043deb3) sra     t4, t2, tp
core   0: 1 0x00000000800047d0 (0x4043deb3) x29 0xffffffffffffffff
core   0: 0x00000000800047d4 (0x01ba9cb3) sll     s9, s5, s11
core   0: 1 0x00000000800047d4 (0x01ba9cb3) x25 0x0000000000000000
core   0: 0x00000000800047d8 (0x032563b3) rem     t2, a0, s2
core   0: 1 0x00000000800047d8 (0x032563b3) x7  0x0000000000000000
core   0: 0x00000000800047dc (0x02737233) remu    tp, t1, t2
core   0: 1 0x00000000800047dc (0x02737233) x4  0x0000000000000000
core   0: 0x00000000800047e0 (0xfff3e793) ori     a5, t2, -1
core   0: 1 0x00000000800047e0 (0xfff3e793) x15 0xffffffffffffffff
core   0: 0x00000000800047e4 (0x1fd6e993) ori     s3, a3, 509
core   0: 1 0x00000000800047e4 (0x1fd6e993) x19 0x00000000000001fd
core   0: 0x00000000800047e8 (0x02216c3b) remw    s8, sp, sp
core   0: 1 0x00000000800047e8 (0x02216c3b) x24 0x0000000000000000
core   0: 0x00000000800047ec (0xc216fd53) fcvt.wu.d s10, fa3
core   0: 1 0x00000000800047ec (0xc216fd53) x26 0x00000000000003e0
core   0: 0x00000000800047f0 (0x0aed8217) auipc   tp, 0xaed8
core   0: 1 0x00000000800047f0 (0x0aed8217) x4  0x000000008aedc7f0
core   0: 0x00000000800047f4 (0x0012d29b) srliw   t0, t0, 1
core   0: 1 0x00000000800047f4 (0x0012d29b) x5  0x0000000000000000
core   0: 0x00000000800047f8 (0x22de2cd3) fsgnjx.d fs9, ft8, fa3
core   0: 1 0x00000000800047f8 (0x22de2cd3) f25 0x7ff8000000000000
core   0: 0x00000000800047fc (0x40f2863b) subw    a2, t0, a5
core   0: 1 0x00000000800047fc (0x40f2863b) x12 0x0000000000000001
core   0: 0x0000000080004800 (0x22a79e53) fsgnjn.d ft8, fa5, fa0
core   0: 1 0x0000000080004800 (0x22a79e53) f28 0xfff8000000000000
core   0: 0x0000000080004804 (0x401e76d3) fcvt.s.d fa3, ft8
core   0: 1 0x0000000080004804 (0x401e76d3) f13 0xffffffff7fc00000
core   0: 0x0000000080004808 (0x0072529b) srliw   t0, tp, 7
core   0: 1 0x0000000080004808 (0x0072529b) x5  0x000000000115db8f
core   0: 0x000000008000480c (0xe20c80d3) fmv.x.d ra, fs9
core   0: 1 0x000000008000480c (0xe20c80d3) x1  0x7ff8000000000000
core   0: 0x0000000080004810 (0x80008613) addi    a2, ra, -2048
core   0: 1 0x0000000080004810 (0x80008613) x12 0x7ff7fffffffff800
core   0: 0x0000000080004814 (0xc02cf253) fcvt.l.s tp, fs9
core   0: 1 0x0000000080004814 (0xc02cf253) c1_fflags 0x0000000000000011 x4  0x7fffffffffffffff
core   0: 0x0000000080004818 (0xe20b8453) fmv.x.d s0, fs7
core   0: 1 0x0000000080004818 (0xe20b8453) x8  0x7ff8000000000000
core   0: 0x000000008000481c (0x02b4413b) divw    sp, s0, a1
core   0: 1 0x000000008000481c (0x02b4413b) x2  0x0000000000000000
core   0: 0x0000000080004820 (0xc215fcd3) fcvt.wu.d s9, fa1
core   0: 1 0x0000000080004820 (0xc215fcd3) c1_fflags 0x0000000000000011 x25 0xffffffffffffffff
core   0: 0x0000000080004824 (0xd03bf353) fcvt.s.lu ft6, s7
core   0: 1 0x0000000080004824 (0xd03bf353) f6  0xffffffff3f800000
core   0: 0x0000000080004828 (0x01f1551b) srliw   a0, sp, 31
core   0: 1 0x0000000080004828 (0x01f1551b) x10 0x0000000000000000
core   0: 0x000000008000482c (0x01831c3b) sllw    s8, t1, s8
core   0: 1 0x000000008000482c (0x01831c3b) x24 0x0000000000000000
core   0: 0x0000000080004830 (0x01dec1b3) xor     gp, t4, t4
core   0: 1 0x0000000080004830 (0x01dec1b3) x3  0x0000000000000000
core   0: 0x0000000080004834 (0x406a853b) subw    a0, s5, t1
core   0: 1 0x0000000080004834 (0x406a853b) x10 0x0000000000000000
core   0: 0x0000000080004838 (0x126d7a53) fmul.d  fs4, fs10, ft6
core   0: 1 0x0000000080004838 (0x126d7a53) f20 0x7ff8000000000000
core   0: 0x000000008000483c (0x40165493) srai    s1, a2, 1
core   0: 1 0x000000008000483c (0x40165493) x9  0x3ffbfffffffffc00
core   0: 0x0000000080004840 (0x4088d933) sra     s2, a7, s0
core   0: 1 0x0000000080004840 (0x4088d933) x18 0x0000000035da4408
core   0: 0x0000000080004844 (0x408ed2bb) sraw    t0, t4, s0
core   0: 1 0x0000000080004844 (0x408ed2bb) x5  0xffffffffffffffff
core   0: 0x0000000080004848 (0x028e7033) remu    zero, t3, s0
core   0: 1 0x0000000080004848 (0x028e7033)
core   0: 0x000000008000484c (0x030ff153) fadd.d  ft2, ft11, fa6
core   0: 1 0x000000008000484c (0x030ff153) f2  0x7ff8000000000000
core   0: 0x0000000080004850 (0x0014d99b) srliw   s3, s1, 1
core   0: 1 0x0000000080004850 (0x0014d99b) x19 0x000000007ffffe00
core   0: 0x0000000080004854 (0x03ad433b) divw    t1, s10, s10
core   0: 1 0x0000000080004854 (0x03ad433b) x6  0x0000000000000001
core   0: 0x0000000080004858 (0x01d985bb) addw    a1, s3, t4
core   0: 1 0x0000000080004858 (0x01d985bb) x11 0x000000007ffffdff
core   0: 0x000000008000485c (0x00499abb) sllw    s5, s3, tp
core   0: 1 0x000000008000485c (0x00499abb) x21 0x0000000000000000
core   0: 0x0000000080004860 (0x401bfd53) fcvt.s.d fs10, fs7
core   0: 1 0x0000000080004860 (0x401bfd53) f26 0xffffffff7fc00000
core   0: 0x0000000080004864 (0x00000001) c.nop
core   0: 1 0x0000000080004864 (0x0001)
core   0: 0x0000000080004866 (0x40127f53) fcvt.s.d ft10, ft4
core   0: 1 0x0000000080004866 (0x40127f53) c1_fflags 0x0000000000000011 f30 0xffffffffcd6c6dc9
core   0: 0x000000008000486a (0x0019591b) srliw   s2, s2, 1
core   0: 1 0x000000008000486a (0x0019591b) x18 0x000000001aed2204
core   0: 0x000000008000486e (0x12cefa53) fmul.d  fs4, ft9, fa2
core   0: 1 0x000000008000486e (0x12cefa53) f20 0x7ff8000000000000
core   0: 0x0000000080004872 (0x415b0ab3) sub     s5, s6, s5
core   0: 1 0x0000000080004872 (0x415b0ab3) x21 0x00000000000003e0
core   0: 0x0000000080004876 (0x028e3033) mulhu   zero, t3, s0
core   0: 1 0x0000000080004876 (0x028e3033)
core   0: 0x000000008000487a (0x5a0cfad3) fsqrt.d fs5, fs9
core   0: 1 0x000000008000487a (0x5a0cfad3) f21 0x7ff8000000000000
core   0: 0x000000008000487e (0x41275133) sra     sp, a4, s2
core   0: 1 0x000000008000487e (0x41275133) x2  0x0000000000000000
core   0: 0x0000000080004882 (0x00577e13) andi    t3, a4, 5
core   0: 1 0x0000000080004882 (0x00577e13) x28 0x0000000000000000
core   0: 0x0000000080004886 (0x01f0521b) srliw   tp, zero, 31
core   0: 1 0x0000000080004886 (0x01f0521b) x4  0x0000000000000000
core   0: 0x000000008000488a (0xd2387953) fcvt.d.lu fs2, a6
core   0: 1 0x000000008000488a (0xd2387953) f18 0x409ffc0000000000
core   0: 0x000000008000488e (0xc207fad3) fcvt.w.d s5, fa5
core   0: 1 0x000000008000488e (0xc207fad3) c1_fflags 0x0000000000000011 x21 0x000000007fffffff
core   0: 0x0000000080004892 (0x00000001) c.nop
core   0: 1 0x0000000080004892 (0x0001)
core   0: 0x0000000080004894 (0x0107c033) xor     zero, a5, a6
core   0: 1 0x0000000080004894 (0x0107c033)
core   0: 0x0000000080004898 (0x03f9d993) srli    s3, s3, 63
core   0: 1 0x0000000080004898 (0x03f9d993) x19 0x0000000000000000
core   0: 0x000000008000489c (0x01801b1b) slliw   s6, zero, 24
core   0: 1 0x000000008000489c (0x01801b1b) x22 0x0000000000000000
core   0: 0x00000000800048a0 (0x01315a3b) srlw    s4, sp, s3
core   0: 1 0x00000000800048a0 (0x01315a3b) x20 0x0000000000000000
core   0: 0x00000000800048a4 (0x016692bb) sllw    t0, a3, s6
core   0: 1 0x00000000800048a4 (0x016692bb) x5  0x0000000000000000
core   0: 0x00000000800048a8 (0x402c5c9b) sraiw   s9, s8, 2
core   0: 1 0x00000000800048a8 (0x402c5c9b) x25 0x0000000000000000
core   0: 0x00000000800048ac (0x025b893b) mulw    s2, s7, t0
core   0: 1 0x00000000800048ac (0x025b893b) x18 0x0000000000000000
core   0: 0x00000000800048b0 (0x6aa57d4f) fnmadd.d fs10, fa0, fa0, fa3
core   0: 1 0x00000000800048b0 (0x6aa57d4f) f26 0x7ff8000000000000
core   0: 0x00000000800048b4 (0x62a378c7) fmsub.d fa7, ft6, fa0, fa2
core   0: 1 0x00000000800048b4 (0x62a378c7) f17 0x7ff8000000000000
core   0: 0x00000000800048b8 (0x0ff0000f) fence   iorw,iorw
core   0: 1 0x00000000800048b8 (0x0ff0000f)
core   0: 0x00000000800048bc (0x23ff8c53) fsgnj.d fs8, ft11, ft11
core   0: 1 0x00000000800048bc (0x23ff8c53) f24 0xffffffff5f000000
core   0: 0x00000000800048c0 (0x41338abb) subw    s5, t2, s3
core   0: 1 0x00000000800048c0 (0x41338abb) x21 0x0000000000000000
core   0: 0x00000000800048c4 (0x0088901b) slliw   zero, a7, 8
core   0: 1 0x00000000800048c4 (0x0088901b)
core   0: 0x00000000800048c8 (0x02c16633) rem     a2, sp, a2
core   0: 1 0x00000000800048c8 (0x02c16633) x12 0x0000000000000000
core   0: 0x00000000800048cc (0x0008d593) srli    a1, a7, 0
core   0: 1 0x00000000800048cc (0x0008d593) x11 0x0000000035da4408
core   0: 0x00000000800048d0 (0x8d648393) addi    t2, s1, -1834
core   0: 1 0x00000000800048d0 (0x8d648393) x7  0x3ffbfffffffff4d6
core   0: 0x00000000800048d4 (0x00b41c3b) sllw    s8, s0, a1
core   0: 1 0x00000000800048d4 (0x00b41c3b) x24 0x0000000000000000
core   0: 0x00000000800048d8 (0x01f9191b) slliw   s2, s2, 31
core   0: 1 0x00000000800048d8 (0x01f9191b) x18 0x0000000000000000
core   0: 0x00000000800048dc (0xd23e7153) fcvt.d.lu ft2, t3
core   0: 1 0x00000000800048dc (0xd23e7153) f2  0x0000000000000000
core   0: 0x00000000800048e0 (0x409858b3) sra     a7, a6, s1
core   0: 1 0x00000000800048e0 (0x409858b3) x17 0x00000000000007ff
core   0: 0x00000000800048e4 (0xafdcc593) xori    a1, s9, -1283
core   0: 1 0x00000000800048e4 (0xafdcc593) x11 0xfffffffffffffafd
core   0: 0x00000000800048e8 (0x00258cb3) add     s9, a1, sp
core   0: 1 0x00000000800048e8 (0x00258cb3) x25 0xfffffffffffffafd
core   0: 0x00000000800048ec (0xc228f3cb) fnmsub.d ft7, fa7, ft2, fs8
core   0: 1 0x00000000800048ec (0xc228f3cb) f7  0x7ff8000000000000
core   0: 0x00000000800048f0 (0xc23ffbd3) fcvt.lu.d s7, ft11
core   0: 1 0x00000000800048f0 (0xc23ffbd3) c1_fflags 0x0000000000000011 x23 0xffffffffffffffff
core   0: 0x00000000800048f4 (0x3445a273) csrrs   tp, mip, a1
core   0: exception trap_illegal_instruction, epc 0x00000000800048f4
core   0:           tval 0x000000003445a273
core   0: >>>>  $xrv64i2p1_m2p0_a2p1_f2p2_d2p2_zicsr2p0_zifencei2p0_zmmul1p0_zba1p0_zbb1p0_zbc1p0_zbs1p0
core   0: 0x0000000080004000 (0x0080006f) j       pc + 0x8
core   0: 3 0x0000000080004000 (0x0080006f)
core   0: >>>>  mmode_exception_handler
core   0: 0x0000000080004008 (0x00002c17) auipc   s8, 0x2
core   0: 3 0x0000000080004008 (0x00002c17) x24 0x0000000080006008
core   0: 0x000000008000400c (0xfcec0c13) addi    s8, s8, -50
core   0: 3 0x000000008000400c (0xfcec0c13) x24 0x0000000080005fd6
core   0: 0x0000000080004010 (0x000c00e7) jalr    s8
core   0: 3 0x0000000080004010 (0x000c00e7) x1  0x0000000080004014
core   0: >>>>  any_handler
core   0: 0x0000000080005fd6 (0x341027f3) csrrs   a5, mepc, zero
core   0: 3 0x0000000080005fd6 (0x341027f3) x15 0x00000000800048f4
core   0: 0x0000000080005fda (0x34202773) csrrs   a4, mcause, zero
core   0: 3 0x0000000080005fda (0x34202773) x14 0x0000000000000002
core   0: 0x0000000080005fde (0x142026f3) csrrs   a3, scause, zero
core   0: 3 0x0000000080005fde (0x142026f3) x13 0x0000000000000000
core   0: 0x0000000080005fe2 (0x30402673) csrrs   a2, mie, zero
core   0: 3 0x0000000080005fe2 (0x30402673) x12 0x0000000000000a00
core   0: 0x0000000080005fe6 (0x344025f3) csrrs   a1, mip, zero
core   0: 3 0x0000000080005fe6 (0x344025f3) x11 0x0000000000000080
core   0: 0x0000000080005fea (0x343025f3) csrrs   a1, mtval, zero
core   0: 3 0x0000000080005fea (0x343025f3) x11 0x000000003445a273
core   0: 0x0000000080005fee (0x14302573) csrrs   a0, stval, zero
core   0: 3 0x0000000080005fee (0x14302573) x10 0x0000000000000000
core   0: 0x0000000080005ff2 (0xb02024f3) csrrs   s1, minstret, zero
core   0: 3 0x0000000080005ff2 (0xb02024f3) x9  0x0000000000000aad
core   0: 0x0000000080005ff6 (0x0000a811) c.j     pc + 20
core   0: 3 0x0000000080005ff6 (0xa811)
core   0: >>>>  mepc_4
core   0: 0x000000008000600a (0x00000791) c.addi  a5, 4
core   0: 3 0x000000008000600a (0x0791) x15 0x00000000800048f8
core   0: 0x000000008000600c (0x34179073) csrrw   zero, mepc, a5
core   0: 3 0x000000008000600c (0x34179073) c833_mepc 0x00000000800048f8
core   0: 0x0000000080006010 (0x30200073) mret
core   0: 3 0x0000000080006010 (0x30200073) c768_mstatus 0x8000000a00106080
core   0: 0x00000000800048f8 (0x075ca8b7) lui     a7, 0x75ca
core   0: 1 0x00000000800048f8 (0x075ca8b7) x17 0x00000000075ca000
core   0: 0x00000000800048fc (0x4398889b) addiw   a7, a7, 1081
core   0: 1 0x00000000800048fc (0x4398889b) x17 0x00000000075ca439
core   0: 0x0000000080004900 (0x000008b2) c.slli  a7, 12
core   0: 1 0x0000000080004900 (0x08b2) x17 0x00000075ca439000
core   0: 0x0000000080004902 (0x21788893) addi    a7, a7, 535
core   0: 1 0x0000000080004902 (0x21788893) x17 0x00000075ca439217
core   0: 0x0000000080004906 (0x017f5a97) auipc   s5, 0x17f5
core   0: 1 0x0000000080004906 (0x017f5a97) x21 0x00000000817f9906
core   0: 0x000000008000490a (0xe490cb93) xori    s7, ra, -439
core   0: 1 0x000000008000490a (0xe490cb93) x23 0xffffffff7fffbe5d
core   0: 0x000000008000490e (0x0bf17e53) fsub.d  ft8, ft2, ft11
core   0: 1 0x000000008000490e (0x0bf17e53) f28 0x7ff8000000000000
core   0: 0x0000000080004912 (0x40ad08b3) sub     a7, s10, a0
core   0: 1 0x0000000080004912 (0x40ad08b3) x17 0x00000000000003e0
core   0: 0x0000000080004916 (0x02372d33) mulhsu  s10, a4, gp
core   0: 1 0x0000000080004916 (0x02372d33) x26 0x0000000000000000
core   0: 0x000000008000491a (0x030602b3) mul     t0, a2, a6
core   0: 1 0x000000008000491a (0x030602b3) x5  0x00000000004ff600
core   0: 0x000000008000491e (0x01198633) add     a2, s3, a7
core   0: 1 0x000000008000491e (0x01198633) x12 0x00000000000003e0
core   0: 0x0000000080004922 (0xd029fc53) fcvt.s.l fs8, s3
core   0: 1 0x0000000080004922 (0xd029fc53) f24 0xffffffff00000000
core   0: 0x0000000080004926 (0xbbf40093) addi    ra, s0, -1089
core   0: 1 0x0000000080004926 (0xbbf40093) x1  0x7ff7fffffffffbbf
core   0: 0x000000008000492a (0xc8032b73) csrrs   s6, cycleh, t1
core   0: exception trap_illegal_instruction, epc 0x000000008000492a
core   0:           tval 0x00000000c8032b73
core   0: >>>>  $xrv64i2p1_m2p0_a2p1_f2p2_d2p2_zicsr2p0_zifencei2p0_zmmul1p0_zba1p0_zbb1p0_zbc1p0_zbs1p0
core   0: 0x0000000080004000 (0x0080006f) j       pc + 0x8
core   0: 3 0x0000000080004000 (0x0080006f)
core   0: >>>>  mmode_exception_handler
core   0: 0x0000000080004008 (0x00002c17) auipc   s8, 0x2
core   0: 3 0x0000000080004008 (0x00002c17) x24 0x0000000080006008
core   0: 0x000000008000400c (0xfcec0c13) addi    s8, s8, -50
core   0: 3 0x000000008000400c (0xfcec0c13) x24 0x0000000080005fd6
core   0: 0x0000000080004010 (0x000c00e7) jalr    s8
core   0: 3 0x0000000080004010 (0x000c00e7) x1  0x0000000080004014
core   0: >>>>  any_handler
core   0: 0x0000000080005fd6 (0x341027f3) csrrs   a5, mepc, zero
core   0: 3 0x0000000080005fd6 (0x341027f3) x15 0x000000008000492a
core   0: 0x0000000080005fda (0x34202773) csrrs   a4, mcause, zero
core   0: 3 0x0000000080005fda (0x34202773) x14 0x0000000000000002
core   0: 0x0000000080005fde (0x142026f3) csrrs   a3, scause, zero
core   0: 3 0x0000000080005fde (0x142026f3) x13 0x0000000000000000
core   0: 0x0000000080005fe2 (0x30402673) csrrs   a2, mie, zero
core   0: 3 0x0000000080005fe2 (0x30402673) x12 0x0000000000000a00
core   0: 0x0000000080005fe6 (0x344025f3) csrrs   a1, mip, zero
core   0: 3 0x0000000080005fe6 (0x344025f3) x11 0x0000000000000080
core   0: 0x0000000080005fea (0x343025f3) csrrs   a1, mtval, zero
core   0: 3 0x0000000080005fea (0x343025f3) x11 0x00000000c8032b73
core   0: 0x0000000080005fee (0x14302573) csrrs   a0, stval, zero
core   0: 3 0x0000000080005fee (0x14302573) x10 0x0000000000000000
core   0: 0x0000000080005ff2 (0xb02024f3) csrrs   s1, minstret, zero
core   0: 3 0x0000000080005ff2 (0xb02024f3) x9  0x0000000000000aca
core   0: 0x0000000080005ff6 (0x0000a811) c.j     pc + 20
core   0: 3 0x0000000080005ff6 (0xa811)
core   0: >>>>  mepc_4
core   0: 0x000000008000600a (0x00000791) c.addi  a5, 4
core   0: 3 0x000000008000600a (0x0791) x15 0x000000008000492e
core   0: 0x000000008000600c (0x34179073) csrrw   zero, mepc, a5
core   0: 3 0x000000008000600c (0x34179073) c833_mepc 0x000000008000492e
core   0: 0x0000000080006010 (0x30200073) mret
core   0: 3 0x0000000080006010 (0x30200073) c768_mstatus 0x8000000a00106080
core   0: 0x000000008000492e (0x0297d613) srli    a2, a5, 41
core   0: 1 0x000000008000492e (0x0297d613) x12 0x0000000000000000
core   0: 0x0000000080004932 (0x40a80d33) sub     s10, a6, a0
core   0: 1 0x0000000080004932 (0x40a80d33) x26 0x00000000000007ff
core   0: 0x0000000080004936 (0x013494b3) sll     s1, s1, s3
core   0: 1 0x0000000080004936 (0x013494b3) x9  0x0000000000000aca
core   0: 0x000000008000493a (0x221310d3) fsgnjn.d ft1, ft6, ft1
core   0: 1 0x000000008000493a (0x221310d3) f1  0xffffffff3f800000
core   0: 0x000000008000493e (0x1a20fdd3) fdiv.d  fs11, ft1, ft2
core   0: 1 0x000000008000493e (0x1a20fdd3) f27 0x7ff8000000000000
core   0: 0x0000000080004942 (0xd2198b53) fcvt.d.wu fs6, s3
core   0: 1 0x0000000080004942 (0xd2198b53) f22 0x0000000000000000
core   0: 0x0000000080004946 (0x000a82b3) add     t0, s5, zero
core   0: 1 0x0000000080004946 (0x000a82b3) x5  0x00000000817f9906
core   0: 0x000000008000494a (0x0012d013) srli    zero, t0, 1
core   0: 1 0x000000008000494a (0x0012d013)
core   0: 0x000000008000494e (0x4112d0bb) sraw    ra, t0, a7
core   0: 1 0x000000008000494e (0x4112d0bb) x1  0xffffffff817f9906
core   0: 0x0000000080004952 (0x0004953b) sllw    a0, s1, zero
core   0: 1 0x0000000080004952 (0x0004953b) x10 0x0000000000000aca
core   0: 0x0000000080004956 (0xd0387553) fcvt.s.lu fa0, a6
core   0: 1 0x0000000080004956 (0xd0387553) f10 0xffffffff44ffe000
core   0: 0x000000008000495a (0x4af90e93) addi    t4, s2, 1199
core   0: 1 0x000000008000495a (0x4af90e93) x29 0x00000000000004af
core   0: 0x000000008000495e (0x001595f3) csrrw   a1, fflags, a1
core   0: 1 0x000000008000495e (0x001595f3) x11 0x0000000000000011 c1_fflags 0x0000000000000013
core   0: 0x0000000080004962 (0x7ff88b9b) addiw   s7, a7, 2047
core   0: 1 0x0000000080004962 (0x7ff88b9b) x23 0x0000000000000bdf
core   0: 0x0000000080004966 (0x02cb4933) div     s2, s6, a2
core   0: 1 0x0000000080004966 (0x02cb4933) x18 0xffffffffffffffff
core   0: 0x000000008000496a (0x02c630b3) mulhu   ra, a2, a2
core   0: 1 0x000000008000496a (0x02c630b3) x1  0x0000000000000000
core   0: 0x000000008000496e (0x020c4c3b) divw    s8, s8, zero
core   0: 1 0x000000008000496e (0x020c4c3b) x24 0xffffffffffffffff
core   0: 0x0000000080004972 (0x0020d5bb) srlw    a1, ra, sp
core   0: 1 0x0000000080004972 (0x0020d5bb) x11 0x0000000000000000
core   0: 0x0000000080004976 (0x1d566793) ori     a5, a2, 469
core   0: 1 0x0000000080004976 (0x1d566793) x15 0x00000000000001d5
core   0: 0x000000008000497a (0x40a6519b) sraiw   gp, a2, 10
core   0: 1 0x000000008000497a (0x40a6519b) x3  0x0000000000000000
core   0: 0x000000008000497e (0x0050539b) srliw   t2, zero, 5
core   0: 1 0x000000008000497e (0x0050539b) x7  0x0000000000000000
core   0: 0x0000000080004982 (0xba0f7f47) fmsub.d ft10, ft10, ft0, fs7
core   0: 1 0x0000000080004982 (0xba0f7f47) f30 0x7ff8000000000000
core   0: 0x0000000080004986 (0x0045013b) addw    sp, a0, tp
core   0: 1 0x0000000080004986 (0x0045013b) x2  0x0000000000000aca
core   0: 0x000000008000498a (0x01755bbb) srlw    s7, a0, s7
core   0: 1 0x000000008000498a (0x01755bbb) x23 0x0000000000000000
core   0: 0x000000008000498e (0x3be776c7) fmsub.d fa3, fa4, ft10, ft7
core   0: 1 0x000000008000498e (0x3be776c7) f13 0x7ff8000000000000
core   0: 0x0000000080004992 (0xff050113) addi    sp, a0, -16
core   0: 1 0x0000000080004992 (0xff050113) x2  0x0000000000000aba
core   0: 0x0000000080004996 (0x03db9093) slli    ra, s7, 61
core   0: 1 0x0000000080004996 (0x03db9093) x1  0x0000000000000000
core   0: 0x000000008000499a (0x0294d333) divu    t1, s1, s1
core   0: 1 0x000000008000499a (0x0294d333) x6  0x0000000000000001
core   0: 0x000000008000499e (0xd030f253) fcvt.s.lu ft4, ra
core   0: 1 0x000000008000499e (0xd030f253) f4  0xffffffff00000000
core   0: 0x00000000800049a2 (0x03ad4833) div     a6, s10, s10
core   0: 1 0x00000000800049a2 (0x03ad4833) x16 0x0000000000000001
core   0: 0x00000000800049a6 (0x232515d3) fsgnjn.d fa1, fa0, fs2
core   0: 1 0x00000000800049a6 (0x232515d3) f11 0xffffffff44ffe000
core   0: 0x00000000800049aa (0x008c24b3) slt     s1, s8, s0
core   0: 1 0x00000000800049aa (0x008c24b3) x9  0x0000000000000001
core   0: 0x00000000800049ae (0x0217d2bb) divuw   t0, a5, ra
core   0: 1 0x00000000800049ae (0x0217d2bb) x5  0xffffffffffffffff
core   0: 0x00000000800049b2 (0x03c6063b) mulw    a2, a2, t3
core   0: 1 0x00000000800049b2 (0x03c6063b) x12 0x0000000000000000
core   0: 0x00000000800049b6 (0x00000c76) c.slli  s8, 29
core   0: 1 0x00000000800049b6 (0x0c76) x24 0xffffffffe0000000
core   0: 0x00000000800049b8 (0x02616133) rem     sp, sp, t1
core   0: 1 0x00000000800049b8 (0x02616133) x2  0x0000000000000000
core   0: 0x00000000800049bc (0xc23bfad3) fcvt.lu.d s5, fs7
core   0: 1 0x00000000800049bc (0xc23bfad3) c1_fflags 0x0000000000000013 x21 0xffffffffffffffff
core   0: 0x00000000800049c0 (0x2a850853) fmin.d  fa6, fa0, fs0
core   0: 1 0x00000000800049c0 (0x2a850853) f16 0x7ff8000000000000
core   0: 0x00000000800049c4 (0x0000101b) slliw   zero, zero, 0
core   0: 1 0x00000000800049c4 (0x0000101b)
core   0: 0x00000000800049c8 (0x02dce6bb) remw    a3, s9, a3
core   0: 1 0x00000000800049c8 (0x02dce6bb) x13 0xfffffffffffffafd
core   0: 0x00000000800049cc (0x4ae06613) ori     a2, zero, 1198
core   0: 1 0x00000000800049cc (0x4ae06613) x12 0x00000000000004ae
core   0: 0x00000000800049d0 (0x225999d3) fsgnjn.d fs3, fs3, ft5
core   0: 1 0x00000000800049d0 (0x225999d3) f19 0x3ff0000000000000
core   0: 0x00000000800049d4 (0x00a3d3bb) srlw    t2, t2, a0
core   0: 1 0x00000000800049d4 (0x00a3d3bb) x7  0x0000000000000000
core   0: 0x00000000800049d8 (0x0018841b) addiw   s0, a7, 1
core   0: 1 0x00000000800049d8 (0x0018841b) x8  0x00000000000003e1
core   0: 0x00000000800049dc (0xc23c77d3) fcvt.lu.d a5, fs8
core   0: 1 0x00000000800049dc (0xc23c77d3) c1_fflags 0x0000000000000013 x15 0xffffffffffffffff
core   0: 0x00000000800049e0 (0x41d00333) sub     t1, zero, t4
core   0: 1 0x00000000800049e0 (0x41d00333) x6  0xfffffffffffffb51
core   0: 0x00000000800049e4 (0x02372ab3) mulhsu  s5, a4, gp
core   0: 1 0x00000000800049e4 (0x02372ab3) x21 0x0000000000000000
core   0: 0x00000000800049e8 (0x4118d63b) sraw    a2, a7, a7
core   0: 1 0x00000000800049e8 (0x4118d63b) x12 0x00000000000003e0
core   0: 0x00000000800049ec (0xf20884d3) fmv.d.x fs1, a7
core   0: 1 0x00000000800049ec (0xf20884d3) f9  0x00000000000003e0
core   0: 0x00000000800049f0 (0x82c5f5c3) fmadd.d fa1, fa1, fa2, fa6
core   0: 1 0x00000000800049f0 (0x82c5f5c3) f11 0x7ff8000000000000
core   0: 0x00000000800049f4 (0x4127073b) subw    a4, a4, s2
core   0: 1 0x00000000800049f4 (0x4127073b) x14 0x0000000000000003
core   0: 0x00000000800049f8 (0x0127553b) srlw    a0, a4, s2
core   0: 1 0x00000000800049f8 (0x0127553b) x10 0x0000000000000000
core   0: 0x00000000800049fc (0xd02b73d3) fcvt.s.l ft7, s6
core   0: 1 0x00000000800049fc (0xd02b73d3) f7  0xffffffff00000000
core   0: 0x0000000080004a00 (0xd2397bd3) fcvt.d.lu fs7, s2
core   0: 1 0x0000000080004a00 (0xd2397bd3) c1_fflags 0x0000000000000013 f23 0x43f0000000000000
core   0: 0x0000000080004a04 (0x00e72bb3) slt     s7, a4, a4
core   0: 1 0x0000000080004a04 (0x00e72bb3) x23 0x0000000000000000
core   0: 0x0000000080004a08 (0x00a0c9b3) xor     s3, ra, a0
core   0: 1 0x0000000080004a08 (0x00a0c9b3) x19 0x0000000000000000
core   0: 0x0000000080004a0c (0xf987e793) ori     a5, a5, -104
core   0: 1 0x0000000080004a0c (0xf987e793) x15 0xffffffffffffffff
core   0: 0x0000000080004a10 (0x401b5613) srai    a2, s6, 1
core   0: 1 0x0000000080004a10 (0x401b5613) x12 0x0000000000000000
core   0: 0x0000000080004a14 (0x00d2989b) slliw   a7, t0, 13
core   0: 1 0x0000000080004a14 (0x00d2989b) x17 0xffffffffffffe000
core   0: 0x0000000080004a18 (0xf7b35737) lui     a4, 0xf7b35
core   0: 1 0x0000000080004a18 (0xf7b35737) x14 0xfffffffff7b35000
core   0: 0x0000000080004a1c (0x02208233) mul     tp, ra, sp
core   0: 1 0x0000000080004a1c (0x02208233) x4  0x0000000000000000
core   0: 0x0000000080004a20 (0x41b1d8bb) sraw    a7, gp, s11
core   0: 1 0x0000000080004a20 (0x41b1d8bb) x17 0x0000000000000000
core   0: 0x0000000080004a24 (0xe2020553) fmv.x.d a0, ft4
core   0: 1 0x0000000080004a24 (0xe2020553) x10 0xffffffff00000000
core   0: 0x0000000080004a28 (0x41cc8d33) sub     s10, s9, t3
core   0: 1 0x0000000080004a28 (0x41cc8d33) x26 0xfffffffffffffafd
core   0: 0x0000000080004a2c (0x03ce6c33) rem     s8, t3, t3
core   0: 1 0x0000000080004a2c (0x03ce6c33) x24 0x0000000000000000
core   0: 0x0000000080004a30 (0xc028f0d3) fcvt.l.s ra, fa7
core   0: 1 0x0000000080004a30 (0xc028f0d3) c1_fflags 0x0000000000000013 x1  0x7fffffffffffffff
core   0: 0x0000000080004a34 (0x0379f253) fadd.d  ft4, fs3, fs7
core   0: 1 0x0000000080004a34 (0x0379f253) c1_fflags 0x0000000000000013 f4  0x43f0000000000000
core   0: 0x0000000080004a38 (0x13f6fa53) fmul.d  fs4, fa3, ft11
core   0: 1 0x0000000080004a38 (0x13f6fa53) f20 0x7ff8000000000000
core   0: 0x0000000080004a3c (0x0a667353) fsub.d  ft6, fa2, ft6
core   0: 1 0x0000000080004a3c (0x0a667353) f6  0x7ff8000000000000
core   0: 0x0000000080004a40 (0x4072dd93) srai    s11, t0, 7
core   0: 1 0x0000000080004a40 (0x4072dd93) x27 0xffffffffffffffff
core   0: 0x0000000080004a44 (0xc0377ad3) fcvt.lu.s s5, fa4
core   0: 1 0x0000000080004a44 (0xc0377ad3) c1_fflags 0x0000000000000013 x21 0xffffffffffffffff
core   0: 0x0000000080004a48 (0x0237b4b3) mulhu   s1, a5, gp
core   0: 1 0x0000000080004a48 (0x0237b4b3) x9  0x0000000000000000
core   0: 0x0000000080004a4c (0x00f209b3) add     s3, tp, a5
core   0: 1 0x0000000080004a4c (0x00f209b3) x19 0xffffffffffffffff
core   0: 0x0000000080004a50 (0x002b93f3) csrrw   t2, frm, s7
core   0: 1 0x0000000080004a50 (0x002b93f3) x7  0x0000000000000000 c2_frm 0x0000000000000000
core   0: 0x0000000080004a54 (0x021e9db3) mulh    s11, t4, ra
core   0: 1 0x0000000080004a54 (0x021e9db3) x27 0x0000000000000257
core   0: 0x0000000080004a58 (0x400a5c9b) sraiw   s9, s4, 0
core   0: 1 0x0000000080004a58 (0x400a5c9b) x25 0x0000000000000000
core   0: 0x0000000080004a5c (0x002c941b) slliw   s0, s9, 2
core   0: 1 0x0000000080004a5c (0x002c941b) x8  0x0000000000000000
core   0: 0x0000000080004a60 (0x12c37e4f) fnmadd.d ft8, ft6, fa2, ft2
core   0: 1 0x0000000080004a60 (0x12c37e4f) f28 0x7ff8000000000000
core   0: 0x0000000080004a64 (0x00858233) add     tp, a1, s0
core   0: 1 0x0000000080004a64 (0x00858233) x4  0x0000000000000000
core   0: 0x0000000080004a68 (0x033dedbb) remw    s11, s11, s3
core   0: 1 0x0000000080004a68 (0x033dedbb) x27 0x0000000000000000
core   0: 0x0000000080004a6c (0x1060e073) csrrsi  zero, scounteren, 1
core   0: 1 0x0000000080004a6c (0x1060e073) c262_scounteren 0x0000000000000000
core   0: 0x0000000080004a70 (0xe20692d3) fclass.d t0, fa3
core   0: 1 0x0000000080004a70 (0xe20692d3) x5  0x0000000000000200
core   0: 0x0000000080004a74 (0x02c04a33) div     s4, zero, a2
core   0: 1 0x0000000080004a74 (0x02c04a33) x20 0xffffffffffffffff
core   0: 0x0000000080004a78 (0x03c2d3b3) divu    t2, t0, t3
core   0: 1 0x0000000080004a78 (0x03c2d3b3) x7  0xffffffffffffffff
core   0: 0x0000000080004a7c (0x0354bb33) mulhu   s6, s1, s5
core   0: 1 0x0000000080004a7c (0x0354bb33) x22 0x0000000000000000
core   0: 0x0000000080004a80 (0xd029f3d3) fcvt.s.l ft7, s3
core   0: 1 0x0000000080004a80 (0xd029f3d3) f7  0xffffffffbf800000
core   0: 0x0000000080004a84 (0xf144aef3) csrrs   t4, mhartid, s1
core   0: exception trap_illegal_instruction, epc 0x0000000080004a84
core   0:           tval 0x00000000f144aef3
core   0: >>>>  $xrv64i2p1_m2p0_a2p1_f2p2_d2p2_zicsr2p0_zifencei2p0_zmmul1p0_zba1p0_zbb1p0_zbc1p0_zbs1p0
core   0: 0x0000000080004000 (0x0080006f) j       pc + 0x8
core   0: 3 0x0000000080004000 (0x0080006f)
core   0: >>>>  mmode_exception_handler
core   0: 0x0000000080004008 (0x00002c17) auipc   s8, 0x2
core   0: 3 0x0000000080004008 (0x00002c17) x24 0x0000000080006008
core   0: 0x000000008000400c (0xfcec0c13) addi    s8, s8, -50
core   0: 3 0x000000008000400c (0xfcec0c13) x24 0x0000000080005fd6
core   0: 0x0000000080004010 (0x000c00e7) jalr    s8
core   0: 3 0x0000000080004010 (0x000c00e7) x1  0x0000000080004014
core   0: >>>>  any_handler
core   0: 0x0000000080005fd6 (0x341027f3) csrrs   a5, mepc, zero
core   0: 3 0x0000000080005fd6 (0x341027f3) x15 0x0000000080004a84
core   0: 0x0000000080005fda (0x34202773) csrrs   a4, mcause, zero
core   0: 3 0x0000000080005fda (0x34202773) x14 0x0000000000000002
core   0: 0x0000000080005fde (0x142026f3) csrrs   a3, scause, zero
core   0: 3 0x0000000080005fde (0x142026f3) x13 0x0000000000000000
core   0: 0x0000000080005fe2 (0x30402673) csrrs   a2, mie, zero
core   0: 3 0x0000000080005fe2 (0x30402673) x12 0x0000000000000a00
core   0: 0x0000000080005fe6 (0x344025f3) csrrs   a1, mip, zero
core   0: 3 0x0000000080005fe6 (0x344025f3) x11 0x0000000000000080
core   0: 0x0000000080005fea (0x343025f3) csrrs   a1, mtval, zero
core   0: 3 0x0000000080005fea (0x343025f3) x11 0x00000000f144aef3
core   0: 0x0000000080005fee (0x14302573) csrrs   a0, stval, zero
core   0: 3 0x0000000080005fee (0x14302573) x10 0x0000000000000000
core   0: 0x0000000080005ff2 (0xb02024f3) csrrs   s1, minstret, zero
core   0: 3 0x0000000080005ff2 (0xb02024f3) x9  0x0000000000000b30
core   0: 0x0000000080005ff6 (0x0000a811) c.j     pc + 20
core   0: 3 0x0000000080005ff6 (0xa811)
core   0: >>>>  mepc_4
core   0: 0x000000008000600a (0x00000791) c.addi  a5, 4
core   0: 3 0x000000008000600a (0x0791) x15 0x0000000080004a88
core   0: 0x000000008000600c (0x34179073) csrrw   zero, mepc, a5
core   0: 3 0x000000008000600c (0x34179073) c833_mepc 0x0000000080004a88
core   0: 0x0000000080006010 (0x30200073) mret
core   0: 3 0x0000000080006010 (0x30200073) c768_mstatus 0x8000000a00106080
core   0: 0x0000000080004a88 (0x13c3f453) fmul.d  fs0, ft7, ft8
core   0: 1 0x0000000080004a88 (0x13c3f453) f8  0x7ff8000000000000
core   0: 0x0000000080004a8c (0x000be4b3) or      s1, s7, zero
core   0: 1 0x0000000080004a8c (0x000be4b3) x9  0x0000000000000000
core   0: 0x0000000080004a90 (0x2bbf1ed3) fmax.d  ft9, ft10, fs11
core   0: 1 0x0000000080004a90 (0x2bbf1ed3) f29 0x7ff8000000000000
core   0: 0x0000000080004a94 (0x407bd3b3) sra     t2, s7, t2
core   0: 1 0x0000000080004a94 (0x407bd3b3) x7  0x0000000000000000
core   0: 0x0000000080004a98 (0xc201f353) fcvt.w.d t1, ft3
core   0: 1 0x0000000080004a98 (0xc201f353) c1_fflags 0x0000000000000013 x6  0x000000007fffffff
core   0: 0x0000000080004a9c (0x00008422) c.mv    s0, s0
core   0: 1 0x0000000080004a9c (0x8422) x8  0x0000000000000000
core   0: 0x0000000080004a9e (0x039940b3) div     ra, s2, s9
core   0: 1 0x0000000080004a9e (0x039940b3) x1  0xffffffffffffffff
core   0: 0x0000000080004aa2 (0x0230f433) remu    s0, ra, gp
core   0: 1 0x0000000080004aa2 (0x0230f433) x8  0xffffffffffffffff
core   0: 0x0000000080004aa6 (0x80030c1b) addiw   s8, t1, -2048
core   0: 1 0x0000000080004aa6 (0x80030c1b) x24 0x000000007ffff7ff
core   0: 0x0000000080004aaa (0xc221fc53) fcvt.l.d s8, ft3
core   0: 1 0x0000000080004aaa (0xc221fc53) c1_fflags 0x0000000000000013 x24 0x7fffffffffffffff
core   0: 0x0000000080004aae (0x23bf0b53) fsgnj.d fs6, ft10, fs11
core   0: 1 0x0000000080004aae (0x23bf0b53) f22 0x7ff8000000000000
core   0: 0x0000000080004ab2 (0x003ca133) slt     sp, s9, gp
core   0: 1 0x0000000080004ab2 (0x003ca133) x2  0x0000000000000000
core   0: 0x0000000080004ab6 (0x0353873b) mulw    a4, t2, s5
core   0: 1 0x0000000080004ab6 (0x0353873b) x14 0x0000000000000000
core   0: 0x0000000080004aba (0x015ee433) or      s0, t4, s5
core   0: 1 0x0000000080004aba (0x015ee433) x8  0xffffffffffffffff
core   0: 0x0000000080004abe (0x417b86bb) subw    a3, s7, s7
core   0: 1 0x0000000080004abe (0x417b86bb) x13 0x0000000000000000
core   0: 0x0000000080004ac2 (0x008281bb) addw    gp, t0, s0
core   0: 1 0x0000000080004ac2 (0x008281bb) x3  0x00000000000001ff
core   0: 0x0000000080004ac6 (0x41218db3) sub     s11, gp, s2
core   0: 1 0x0000000080004ac6 (0x41218db3) x27 0x0000000000000200
core   0: 0x0000000080004aca (0x00f4d7bb) srlw    a5, s1, a5
core   0: 1 0x0000000080004aca (0x00f4d7bb) x15 0x0000000000000000
core   0: 0x0000000080004ace (0x00149373) csrrw   t1, fflags, s1
core   0: 1 0x0000000080004ace (0x00149373) x6  0x0000000000000013 c1_fflags 0x0000000000000000
core   0: 0x0000000080004ad2 (0x40175c1b) sraiw   s8, a4, 1
core   0: 1 0x0000000080004ad2 (0x40175c1b) x24 0x0000000000000000
core   0: 0x0000000080004ad6 (0xc2197153) fcvt.wu.d sp, fs2
core   0: 1 0x0000000080004ad6 (0xc2197153) x2  0x00000000000007ff
core   0: 0x0000000080004ada (0x401876d3) fcvt.s.d fa3, fa6
core   0: 1 0x0000000080004ada (0x401876d3) f13 0xffffffff7fc00000
core   0: 0x0000000080004ade (0x0156173b) sllw    a4, a2, s5
core   0: 1 0x0000000080004ade (0x0156173b) x14 0x0000000000000000
core   0: 0x0000000080004ae2 (0x41560033) sub     zero, a2, s5
core   0: 1 0x0000000080004ae2 (0x41560033)
core   0: 0x0000000080004ae6 (0xc23d7b53) fcvt.lu.d s6, fs10
core   0: 1 0x0000000080004ae6 (0xc23d7b53) c1_fflags 0x0000000000000010 x22 0xffffffffffffffff
core   0: 0x0000000080004aea (0x22271153) fsgnjn.d ft2, fa4, ft2
core   0: 1 0x0000000080004aea (0x22271153) f2  0x8000000000000002
core   0: 0x0000000080004aee (0x03ca9c93) slli    s9, s5, 60
core   0: 1 0x0000000080004aee (0x03ca9c93) x25 0xf000000000000000
core   0: 0x0000000080004af2 (0xc22e7453) fcvt.l.d s0, ft8
core   0: 1 0x0000000080004af2 (0xc22e7453) c1_fflags 0x0000000000000010 x8  0x7fffffffffffffff
core   0: 0x0000000080004af6 (0x0030e933) or      s2, ra, gp
core   0: 1 0x0000000080004af6 (0x0030e933) x18 0xffffffffffffffff
core   0: 0x0000000080004afa (0x412d86bb) subw    a3, s11, s2
core   0: 1 0x0000000080004afa (0x412d86bb) x13 0x0000000000000201
core   0: 0x0000000080004afe (0x0125053b) addw    a0, a0, s2
core   0: 1 0x0000000080004afe (0x0125053b) x10 0xffffffffffffffff
core   0: 0x0000000080004b02 (0x00000001) c.nop
core   0: 1 0x0000000080004b02 (0x0001)
core   0: 0x0000000080004b04 (0x40bb0b3b) subw    s6, s6, a1
core   0: 1 0x0000000080004b04 (0x40bb0b3b) x22 0x000000000ebb510c
core   0: 0x0000000080004b08 (0xfe4201b7) lui     gp, 0xfe420
core   0: 1 0x0000000080004b08 (0xfe4201b7) x3  0xfffffffffe420000
core   0: 0x0000000080004b0c (0xcf31819b) addiw   gp, gp, -781
core   0: 1 0x0000000080004b0c (0xcf31819b) x3  0xfffffffffe41fcf3
core   0: 0x0000000080004b10 (0x000001b6) c.slli  gp, 13
core   0: 1 0x0000000080004b10 (0x01b6) x3  0xffffffc83f9e6000
core   0: 0x0000000080004b12 (0xdd218193) addi    gp, gp, -558
core   0: 1 0x0000000080004b12 (0xdd218193) x3  0xffffffc83f9e5dd2
core   0: 0x0000000080004b16 (0x03f4d813) srli    a6, s1, 63
core   0: 1 0x0000000080004b16 (0x03f4d813) x16 0x0000000000000000
core   0: 0x0000000080004b1a (0xcaf171c7) fmsub.d ft3, ft2, fa5, fs9
core   0: 1 0x0000000080004b1a (0xcaf171c7) f3  0x7ff8000000000000
core   0: 0x0000000080004b1e (0x00000001) c.nop
core   0: 1 0x0000000080004b1e (0x0001)
core   0: 0x0000000080004b20 (0x001217f3) csrrw   a5, fflags, tp
core   0: 1 0x0000000080004b20 (0x001217f3) x15 0x0000000000000010 c1_fflags 0x0000000000000000
core   0: 0x0000000080004b24 (0x02ab0433) mul     s0, s6, a0
core   0: 1 0x0000000080004b24 (0x02ab0433) x8  0xfffffffff144aef4
core   0: 0x0000000080004b28 (0x0278f3b3) remu    t2, a7, t2
core   0: 1 0x0000000080004b28 (0x0278f3b3) x7  0x0000000000000000
core   0: 0x0000000080004b2c (0x02d272bb) remuw   t0, tp, a3
core   0: 1 0x0000000080004b2c (0x02d272bb) x5  0x0000000000000000
core   0: 0x0000000080004b30 (0x43d8d913) srai    s2, a7, 61
core   0: 1 0x0000000080004b30 (0x43d8d913) x18 0x0000000000000000
core   0: 0x0000000080004b34 (0x1396f3d3) fmul.d  ft7, fa3, fs9
core   0: 1 0x0000000080004b34 (0x1396f3d3) f7  0x7ff8000000000000
core   0: 0x0000000080004b38 (0x03ddbb33) mulhu   s6, s11, t4
core   0: 1 0x0000000080004b38 (0x03ddbb33) x22 0x0000000000000000
core   0: 0x0000000080004b3c (0x40630133) sub     sp, t1, t1
core   0: 1 0x0000000080004b3c (0x40630133) x2  0x0000000000000000
core   0: 0x0000000080004b40 (0xc201f7d3) fcvt.w.d a5, ft3
core   0: 1 0x0000000080004b40 (0xc201f7d3) c1_fflags 0x0000000000000010 x15 0x000000007fffffff
core   0: 0x0000000080004b44 (0x40185833) sra     a6, a6, ra
core   0: 1 0x0000000080004b44 (0x40185833) x16 0x0000000000000000
core   0: 0x0000000080004b48 (0xf2040953) fmv.d.x fs2, s0
core   0: 1 0x0000000080004b48 (0xf2040953) f18 0xfffffffff144aef4
core   0: 0x0000000080004b4c (0x41085033) sra     zero, a6, a6
core   0: 1 0x0000000080004b4c (0x41085033)
core   0: 0x0000000080004b50 (0x0390cc3b) divw    s8, ra, s9
core   0: 1 0x0000000080004b50 (0x0390cc3b) x24 0xffffffffffffffff
core   0: 0x0000000080004b54 (0xd030fb53) fcvt.s.lu fs6, ra
core   0: 1 0x0000000080004b54 (0xd030fb53) c1_fflags 0x0000000000000011 f22 0xffffffff5f800000
core   0: 0x0000000080004b58 (0x00855abb) srlw    s5, a0, s0
core   0: 1 0x0000000080004b58 (0x00855abb) x21 0x0000000000000fff
core   0: 0x0000000080004b5c (0xc039f9d3) fcvt.lu.s s3, fs3
core   0: 1 0x0000000080004b5c (0xc039f9d3) c1_fflags 0x0000000000000011 x19 0xffffffffffffffff
core   0: 0x0000000080004b60 (0xc21973d3) fcvt.wu.d t2, fs2
core   0: 1 0x0000000080004b60 (0xc21973d3) c1_fflags 0x0000000000000011 x7  0xffffffffffffffff
core   0: 0x0000000080004b64 (0x034dfb33) remu    s6, s11, s4
core   0: 1 0x0000000080004b64 (0x034dfb33) x22 0x0000000000000200
core   0: 0x0000000080004b68 (0xd23a7cd3) fcvt.d.lu fs9, s4
core   0: 1 0x0000000080004b68 (0xd23a7cd3) c1_fflags 0x0000000000000011 f25 0x43f0000000000000
core   0: 0x0000000080004b6c (0x012cf1b3) and     gp, s9, s2
core   0: 1 0x0000000080004b6c (0x012cf1b3) x3  0x0000000000000000
core   0: 0x0000000080004b70 (0xd025f6d3) fcvt.s.l fa3, a1
core   0: 1 0x0000000080004b70 (0xd025f6d3) c1_fflags 0x0000000000000011 f13 0xffffffff4f7144af
core   0: 0x0000000080004b74 (0x1ad37ec3) fmadd.d ft9, ft6, fa3, ft3
core   0: 1 0x0000000080004b74 (0x1ad37ec3) f29 0x7ff8000000000000
core   0: 0x0000000080004b78 (0x1b11f8d3) fdiv.d  fa7, ft3, fa7
core   0: 1 0x0000000080004b78 (0x1b11f8d3) f17 0x7ff8000000000000
core   0: 0x0000000080004b7c (0x03927cd3) fadd.d  fs9, ft4, fs9
core   0: 1 0x0000000080004b7c (0x03927cd3) f25 0x4400000000000000
core   0: 0x0000000080004b80 (0x00202673) csrrs   a2, frm, zero
core   0: 1 0x0000000080004b80 (0x00202673) x12 0x0000000000000000
core   0: 0x0000000080004b84 (0x039cf73b) remuw   a4, s9, s9
core   0: 1 0x0000000080004b84 (0x039cf73b) x14 0x0000000000000000
core   0: 0x0000000080004b88 (0x41bc813b) subw    sp, s9, s11
core   0: 1 0x0000000080004b88 (0x41bc813b) x2  0xfffffffffffffe00
core   0: 0x0000000080004b8c (0x23c8f24b) fnmsub.d ft4, fa7, ft8, ft4
core   0: 1 0x0000000080004b8c (0x23c8f24b) f4  0x7ff8000000000000
core   0: 0x0000000080004b90 (0x40115e13) srai    t3, sp, 1
core   0: 1 0x0000000080004b90 (0x40115e13) x28 0xffffffffffffff00
core   0: 0x0000000080004b94 (0x01a0d3b3) srl     t2, ra, s10
core   0: 1 0x0000000080004b94 (0x01a0d3b3) x7  0x0000000000000007
core   0: 0x0000000080004b98 (0xc208f5d3) fcvt.w.d a1, fa7
core   0: 1 0x0000000080004b98 (0xc208f5d3) c1_fflags 0x0000000000000011 x11 0x000000007fffffff
core   0: 0x0000000080004b9c (0x00199973) csrrw   s2, fflags, s3
core   0: 1 0x0000000080004b9c (0x00199973) x18 0x0000000000000011 c1_fflags 0x000000000000001f
core   0: 0x0000000080004ba0 (0x4013591b) sraiw   s2, t1, 1
core   0: 1 0x0000000080004ba0 (0x4013591b) x18 0x0000000000000009
core   0: 0x0000000080004ba4 (0x41220233) sub     tp, tp, s2
core   0: 1 0x0000000080004ba4 (0x41220233) x4  0xfffffffffffffff7
core   0: 0x0000000080004ba8 (0x8004cc93) xori    s9, s1, -2048
core   0: 1 0x0000000080004ba8 (0x8004cc93) x25 0xfffffffffffff800
core   0: 0x0000000080004bac (0x22f7a7d3) fsgnjx.d fa5, fa5, fa5
core   0: 1 0x0000000080004bac (0x22f7a7d3) f15 0x7ff8000000000000
core   0: 0x0000000080004bb0 (0x0174593b) srlw    s2, s0, s7
core   0: 1 0x0000000080004bb0 (0x0174593b) x18 0xfffffffff144aef4
core   0: 0x0000000080004bb4 (0x1b79ec37) lui     s8, 0x1b79e
core   0: 1 0x0000000080004bb4 (0x1b79ec37) x24 0x000000001b79e000
core   0: 0x0000000080004bb8 (0x021cf0d3) fadd.d  ft1, fs9, ft1
core   0: 1 0x0000000080004bb8 (0x021cf0d3) f1  0x7ff8000000000000
core   0: 0x0000000080004bbc (0x01c908bb) addw    a7, s2, t3
core   0: 1 0x0000000080004bbc (0x01c908bb) x17 0xfffffffff144adf4
core   0: 0x0000000080004bc0 (0x03905a13) srli    s4, zero, 57
core   0: 1 0x0000000080004bc0 (0x03905a13) x20 0x0000000000000000
core   0: 0x0000000080004bc4 (0x1aab7353) fdiv.d  ft6, fs6, fa0
core   0: 1 0x0000000080004bc4 (0x1aab7353) f6  0x7ff8000000000000
core   0: 0x0000000080004bc8 (0xa2ab03d3) fle.d   t2, fs6, fa0
core   0: 1 0x0000000080004bc8 (0xa2ab03d3) c1_fflags 0x000000000000001f x7  0x0000000000000000
core   0: 0x0000000080004bcc (0x0142d5bb) srlw    a1, t0, s4
core   0: 1 0x0000000080004bcc (0x0142d5bb) x11 0x0000000000000000
core   0: 0x0000000080004bd0 (0xb620ad93) slti    s11, ra, -1182
core   0: 1 0x0000000080004bd0 (0xb620ad93) x27 0x0000000000000000
core   0: 0x0000000080004bd4 (0x019ca333) slt     t1, s9, s9
core   0: 1 0x0000000080004bd4 (0x019ca333) x6  0x0000000000000000
core   0: 0x0000000080004bd8 (0xb4636293) ori     t0, t1, -1210
core   0: 1 0x0000000080004bd8 (0xb4636293) x5  0xfffffffffffffb46
core   0: 0x0000000080004bdc (0x00cc21b3) slt     gp, s8, a2
core   0: 1 0x0000000080004bdc (0x00cc21b3) x3  0x0000000000000000
core   0: 0x0000000080004be0 (0x0b2b7e53) fsub.d  ft8, fs6, fs2
core   0: 1 0x0000000080004be0 (0x0b2b7e53) f28 0x7ff8000000000000
core   0: 0x0000000080004be4 (0x40188abb) subw    s5, a7, ra
core   0: 1 0x0000000080004be4 (0x40188abb) x21 0xfffffffff144adf5
core   0: 0x0000000080004be8 (0x027ce733) rem     a4, s9, t2
core   0: 1 0x0000000080004be8 (0x027ce733) x14 0xfffffffffffff800
core   0: 0x0000000080004bec (0x41f6589b) sraiw   a7, a2, 31
core   0: 1 0x0000000080004bec (0x41f6589b) x17 0x0000000000000000
core   0: 0x0000000080004bf0 (0x9238ec13) ori     s8, a7, -1757
core   0: 1 0x0000000080004bf0 (0x9238ec13) x24 0xfffffffffffff923
core   0: 0x0000000080004bf4 (0x013d121b) slliw   tp, s10, 19
core   0: 1 0x0000000080004bf4 (0x013d121b) x4  0xffffffffd7e80000
core   0: 0x0000000080004bf8 (0x23441a53) fsgnjn.d fs4, fs0, fs4
core   0: 1 0x0000000080004bf8 (0x23441a53) f20 0xfff8000000000000
core   0: 0x0000000080004bfc (0x13017253) fmul.d  ft4, ft2, fa6
core   0: 1 0x0000000080004bfc (0x13017253) f4  0x7ff8000000000000
core   0: 0x0000000080004c00 (0x224f744f) fnmadd.d fs0, ft10, ft4, ft4
core   0: 1 0x0000000080004c00 (0x224f744f) f8  0x7ff8000000000000
core   0: 0x0000000080004c04 (0x00c93137) lui     sp, 0xc93
core   0: 1 0x0000000080004c04 (0x00c93137) x2  0x0000000000c93000
core   0: 0x0000000080004c08 (0x1e11011b) addiw   sp, sp, 481
core   0: 1 0x0000000080004c08 (0x1e11011b) x2  0x0000000000c931e1
core   0: 0x0000000080004c0c (0x0000013e) c.slli  sp, 15
core   0: 1 0x0000000080004c0c (0x013e) x2  0x0000006498f08000
core   0: 0x0000000080004c0e (0x94b10113) addi    sp, sp, -1717
core   0: 1 0x0000000080004c0e (0x94b10113) x2  0x0000006498f0794b
core   0: 0x0000000080004c12 (0x344050f3) csrrwi  ra, mip, 0
core   0: exception trap_illegal_instruction, epc 0x0000000080004c12
core   0:           tval 0x00000000344050f3
core   0: >>>>  $xrv64i2p1_m2p0_a2p1_f2p2_d2p2_zicsr2p0_zifencei2p0_zmmul1p0_zba1p0_zbb1p0_zbc1p0_zbs1p0
core   0: 0x0000000080004000 (0x0080006f) j       pc + 0x8
core   0: 3 0x0000000080004000 (0x0080006f)
core   0: >>>>  mmode_exception_handler
core   0: 0x0000000080004008 (0x00002c17) auipc   s8, 0x2
core   0: 3 0x0000000080004008 (0x00002c17) x24 0x0000000080006008
core   0: 0x000000008000400c (0xfcec0c13) addi    s8, s8, -50
core   0: 3 0x000000008000400c (0xfcec0c13) x24 0x0000000080005fd6
core   0: 0x0000000080004010 (0x000c00e7) jalr    s8
core   0: 3 0x0000000080004010 (0x000c00e7) x1  0x0000000080004014
core   0: >>>>  any_handler
core   0: 0x0000000080005fd6 (0x341027f3) csrrs   a5, mepc, zero
core   0: 3 0x0000000080005fd6 (0x341027f3) x15 0x0000000080004c12
core   0: 0x0000000080005fda (0x34202773) csrrs   a4, mcause, zero
core   0: 3 0x0000000080005fda (0x34202773) x14 0x0000000000000002
core   0: 0x0000000080005fde (0x142026f3) csrrs   a3, scause, zero
core   0: 3 0x0000000080005fde (0x142026f3) x13 0x0000000000000000
core   0: 0x0000000080005fe2 (0x30402673) csrrs   a2, mie, zero
core   0: 3 0x0000000080005fe2 (0x30402673) x12 0x0000000000000a00
core   0: 0x0000000080005fe6 (0x344025f3) csrrs   a1, mip, zero
core   0: 3 0x0000000080005fe6 (0x344025f3) x11 0x0000000000000080
core   0: 0x0000000080005fea (0x343025f3) csrrs   a1, mtval, zero
core   0: 3 0x0000000080005fea (0x343025f3) x11 0x00000000344050f3
core   0: 0x0000000080005fee (0x14302573) csrrs   a0, stval, zero
core   0: 3 0x0000000080005fee (0x14302573) x10 0x0000000000000000
core   0: 0x0000000080005ff2 (0xb02024f3) csrrs   s1, minstret, zero
core   0: 3 0x0000000080005ff2 (0xb02024f3) x9  0x0000000000000ba5
core   0: 0x0000000080005ff6 (0x0000a811) c.j     pc + 20
core   0: 3 0x0000000080005ff6 (0xa811)
core   0: >>>>  mepc_4
core   0: 0x000000008000600a (0x00000791) c.addi  a5, 4
core   0: 3 0x000000008000600a (0x0791) x15 0x0000000080004c16
core   0: 0x000000008000600c (0x34179073) csrrw   zero, mepc, a5
core   0: 3 0x000000008000600c (0x34179073) c833_mepc 0x0000000080004c16
core   0: 0x0000000080006010 (0x30200073) mret
core   0: 3 0x0000000080006010 (0x30200073) c768_mstatus 0x8000000a00106080
core   0: 0x0000000080004c16 (0x400c5b93) srai    s7, s8, 0
core   0: 1 0x0000000080004c16 (0x400c5b93) x23 0x0000000080005fd6
core   0: 0x0000000080004c1a (0x6ad6ad37) lui     s10, 0x6ad6a
core   0: 1 0x0000000080004c1a (0x6ad6ad37) x26 0x000000006ad6a000
core   0: 0x0000000080004c1e (0x95a97493) andi    s1, s2, -1702
core   0: 1 0x0000000080004c1e (0x95a97493) x9  0xfffffffff144a850
core   0: 0x0000000080004c22 (0x0010d0bb) srlw    ra, ra, ra
core   0: 1 0x0000000080004c22 (0x0010d0bb) x1  0x0000000000000800
core   0: 0x0000000080004c26 (0x0033e513) ori     a0, t2, 3
core   0: 1 0x0000000080004c26 (0x0033e513) x10 0x0000000000000003
core   0: 0x0000000080004c2a (0xf20e0d53) fmv.d.x fs10, t3
core   0: 1 0x0000000080004c2a (0xf20e0d53) f26 0xffffffffffffff00
core   0: 0x0000000080004c2e (0x4014d49b) sraiw   s1, s1, 1
core   0: 1 0x0000000080004c2e (0x4014d49b) x9  0xfffffffff8a25428
core   0: 0x0000000080004c32 (0xc020f7d3) fcvt.l.s a5, ft1
core   0: 1 0x0000000080004c32 (0xc020f7d3) c1_fflags 0x000000000000001f x15 0x7fffffffffffffff
core   0: 0x0000000080004c36 (0x00202c73) csrrs   s8, frm, zero
core   0: 1 0x0000000080004c36 (0x00202c73) x24 0x0000000000000000
core   0: 0x0000000080004c3a (0x03f89b93) slli    s7, a7, 63
core   0: 1 0x0000000080004c3a (0x03f89b93) x23 0x0000000000000000
core   0: 0x0000000080004c3e (0x57526a93) ori     s5, tp, 1397
core   0: 1 0x0000000080004c3e (0x57526a93) x21 0xffffffffd7e80575
core   0: 0x0000000080004c42 (0x2ba39bd3) fmax.d  fs7, ft7, fs10
core   0: 1 0x0000000080004c42 (0x2ba39bd3) f23 0x7ff8000000000000
core   0: 0x0000000080004c46 (0xc03d71d3) fcvt.lu.s gp, fs10
core   0: 1 0x0000000080004c46 (0xc03d71d3) c1_fflags 0x000000000000001f x3  0xffffffffffffffff
core   0: 0x0000000080004c4a (0xe20b86d3) fmv.x.d a3, fs7
core   0: 1 0x0000000080004c4a (0xe20b86d3) x13 0x7ff8000000000000
core   0: 0x0000000080004c4e (0x034244bb) divw    s1, tp, s4
core   0: 1 0x0000000080004c4e (0x034244bb) x9  0xffffffffffffffff
core   0: 0x0000000080004c52 (0xf1579973) csrrw   s2, mconfigptr, a5
core   0: exception trap_illegal_instruction, epc 0x0000000080004c52
core   0:           tval 0x00000000f1579973
core   0: >>>>  $xrv64i2p1_m2p0_a2p1_f2p2_d2p2_zicsr2p0_zifencei2p0_zmmul1p0_zba1p0_zbb1p0_zbc1p0_zbs1p0
core   0: 0x0000000080004000 (0x0080006f) j       pc + 0x8
core   0: 3 0x0000000080004000 (0x0080006f)
core   0: >>>>  mmode_exception_handler
core   0: 0x0000000080004008 (0x00002c17) auipc   s8, 0x2
core   0: 3 0x0000000080004008 (0x00002c17) x24 0x0000000080006008
core   0: 0x000000008000400c (0xfcec0c13) addi    s8, s8, -50
core   0: 3 0x000000008000400c (0xfcec0c13) x24 0x0000000080005fd6
core   0: 0x0000000080004010 (0x000c00e7) jalr    s8
core   0: 3 0x0000000080004010 (0x000c00e7) x1  0x0000000080004014
core   0: >>>>  any_handler
core   0: 0x0000000080005fd6 (0x341027f3) csrrs   a5, mepc, zero
core   0: 3 0x0000000080005fd6 (0x341027f3) x15 0x0000000080004c52
core   0: 0x0000000080005fda (0x34202773) csrrs   a4, mcause, zero
core   0: 3 0x0000000080005fda (0x34202773) x14 0x0000000000000002
core   0: 0x0000000080005fde (0x142026f3) csrrs   a3, scause, zero
core   0: 3 0x0000000080005fde (0x142026f3) x13 0x0000000000000000
core   0: 0x0000000080005fe2 (0x30402673) csrrs   a2, mie, zero
core   0: 3 0x0000000080005fe2 (0x30402673) x12 0x0000000000000a00
core   0: 0x0000000080005fe6 (0x344025f3) csrrs   a1, mip, zero
core   0: 3 0x0000000080005fe6 (0x344025f3) x11 0x0000000000000080
core   0: 0x0000000080005fea (0x343025f3) csrrs   a1, mtval, zero
core   0: 3 0x0000000080005fea (0x343025f3) x11 0x00000000f1579973
core   0: 0x0000000080005fee (0x14302573) csrrs   a0, stval, zero
core   0: 3 0x0000000080005fee (0x14302573) x10 0x0000000000000000
core   0: 0x0000000080005ff2 (0xb02024f3) csrrs   s1, minstret, zero
core   0: 3 0x0000000080005ff2 (0xb02024f3) x9  0x0000000000000bc4
core   0: 0x0000000080005ff6 (0x0000a811) c.j     pc + 20
core   0: 3 0x0000000080005ff6 (0xa811)
core   0: >>>>  mepc_4
core   0: 0x000000008000600a (0x00000791) c.addi  a5, 4
core   0: 3 0x000000008000600a (0x0791) x15 0x0000000080004c56
core   0: 0x000000008000600c (0x34179073) csrrw   zero, mepc, a5
core   0: 3 0x000000008000600c (0x34179073) c833_mepc 0x0000000080004c56
core   0: 0x0000000080006010 (0x30200073) mret
core   0: 3 0x0000000080006010 (0x30200073) c768_mstatus 0x8000000a00106080
core   0: 0x0000000080004c56 (0x4143dcb3) sra     s9, t2, s4
core   0: 1 0x0000000080004c56 (0x4143dcb3) x25 0x0000000000000000
core   0: 0x0000000080004c5a (0x02705833) divu    a6, zero, t2
core   0: 1 0x0000000080004c5a (0x02705833) x16 0xffffffffffffffff
core   0: 0x0000000080004c5e (0xc23d7bd3) fcvt.lu.d s7, fs10
core   0: 1 0x0000000080004c5e (0xc23d7bd3) c1_fflags 0x000000000000001f x23 0xffffffffffffffff
core   0: 0x0000000080004c62 (0xc265ed13) ori     s10, a1, -986
core   0: 1 0x0000000080004c62 (0xc265ed13) x26 0xfffffffffffffd77
core   0: 0x0000000080004c66 (0x22632053) fsgnjx.d ft0, ft6, ft6
core   0: 1 0x0000000080004c66 (0x22632053) f0  0x7ff8000000000000
core   0: 0x0000000080004c6a (0x42090653) fcvt.d.s fa2, fs2
core   0: 1 0x0000000080004c6a (0x42090653) f12 0xc62895de80000000
core   0: 0x0000000080004c6e (0x00015613) srli    a2, sp, 0
core   0: 1 0x0000000080004c6e (0x00015613) x12 0x0000006498f0794b
core   0: 0x0000000080004c72 (0xd226f353) fcvt.d.l ft6, a3
core   0: 1 0x0000000080004c72 (0xd226f353) f6  0x0000000000000000
core   0: 0x0000000080004c76 (0x004b98bb) sllw    a7, s7, tp
core   0: 1 0x0000000080004c76 (0x004b98bb) x17 0xffffffffffffffff
core   0: 0x0000000080004c7a (0x0318fcb3) remu    s9, a7, a7
core   0: 1 0x0000000080004c7a (0x0318fcb3) x25 0x0000000000000000
core   0: 0x0000000080004c7e (0x56f760b7) lui     ra, 0x56f76
core   0: 1 0x0000000080004c7e (0x56f760b7) x1  0x0000000056f76000
core   0: 0x0000000080004c82 (0x417b86b3) sub     a3, s7, s7
core   0: 1 0x0000000080004c82 (0x417b86b3) x13 0x0000000000000000
core   0: 0x0000000080004c86 (0xd21a0ad3) fcvt.d.wu fs5, s4
core   0: 1 0x0000000080004c86 (0xd21a0ad3) f21 0x0000000000000000
core   0: 0x0000000080004c8a (0x10a07073) csrrci  zero, senvcfg, 0
core   0: 1 0x0000000080004c8a (0x10a07073)
core   0: 0x0000000080004c8e (0x0252aab3) mulhsu  s5, t0, t0
core   0: 1 0x0000000080004c8e (0x0252aab3) x21 0xfffffffffffffb46
core   0: 0x0000000080004c92 (0x287d8193) addi    gp, s11, 647
core   0: 1 0x0000000080004c92 (0x287d8193) x3  0x0000000000000287
core   0: 0x0000000080004c96 (0x01041c3b) sllw    s8, s0, a6
core   0: 1 0x0000000080004c96 (0x01041c3b) x24 0x0000000000000000
core   0: 0x0000000080004c9a (0x01a66633) or      a2, a2, s10
core   0: 1 0x0000000080004c9a (0x01a66633) x12 0xfffffffffffffd7f
core   0: 0x0000000080004c9e (0xc03ffbd3) fcvt.lu.s s7, ft11
core   0: 1 0x0000000080004c9e (0xc03ffbd3) x23 0x8000000000000000
core   0: 0x0000000080004ca2 (0x003a41b3) xor     gp, s4, gp
core   0: 1 0x0000000080004ca2 (0x003a41b3) x3  0x0000000000000287
core   0: 0x0000000080004ca6 (0x0286d43b) divuw   s0, a3, s0
core   0: 1 0x0000000080004ca6 (0x0286d43b) x8  0x0000000000000000
core   0: 0x0000000080004caa (0x0153531b) srliw   t1, t1, 21
core   0: 1 0x0000000080004caa (0x0153531b) x6  0x0000000000000000
core   0: 0x0000000080004cae (0x00135c3b) srlw    s8, t1, ra
core   0: 1 0x0000000080004cae (0x00135c3b) x24 0x0000000000000000
core   0: 0x0000000080004cb2 (0x002999f3) csrrw   s3, frm, s3
core   0: 1 0x0000000080004cb2 (0x002999f3) x19 0x0000000000000000 c2_frm 0x0000000000000007
core   0: 0x0000000080004cb6 (0x011e1713) slli    a4, t3, 17
core   0: 1 0x0000000080004cb6 (0x011e1713) x14 0xfffffffffe000000
core   0: 0x0000000080004cba (0x4aa1d017) auipc   zero, 0x4aa1d
core   0: 1 0x0000000080004cba (0x4aa1d017)
core   0: 0x0000000080004cbe (0x235a16d3) fsgnjn.d fa3, fs4, fs5
core   0: 1 0x0000000080004cbe (0x235a16d3) f13 0xfff8000000000000
core   0: 0x0000000080004cc2 (0x3a5ff54f) fnmadd.d fa0, ft11, ft5, ft7
core   0: exception trap_illegal_instruction, epc 0x0000000080004cc2
core   0:           tval 0x000000003a5ff54f
core   0: >>>>  $xrv64i2p1_m2p0_a2p1_f2p2_d2p2_zicsr2p0_zifencei2p0_zmmul1p0_zba1p0_zbb1p0_zbc1p0_zbs1p0
core   0: 0x0000000080004000 (0x0080006f) j       pc + 0x8
core   0: 3 0x0000000080004000 (0x0080006f)
core   0: >>>>  mmode_exception_handler
core   0: 0x0000000080004008 (0x00002c17) auipc   s8, 0x2
core   0: 3 0x0000000080004008 (0x00002c17) x24 0x0000000080006008
core   0: 0x000000008000400c (0xfcec0c13) addi    s8, s8, -50
core   0: 3 0x000000008000400c (0xfcec0c13) x24 0x0000000080005fd6
core   0: 0x0000000080004010 (0x000c00e7) jalr    s8
core   0: 3 0x0000000080004010 (0x000c00e7) x1  0x0000000080004014
core   0: >>>>  any_handler
core   0: 0x0000000080005fd6 (0x341027f3) csrrs   a5, mepc, zero
core   0: 3 0x0000000080005fd6 (0x341027f3) x15 0x0000000080004cc2
core   0: 0x0000000080005fda (0x34202773) csrrs   a4, mcause, zero
core   0: 3 0x0000000080005fda (0x34202773) x14 0x0000000000000002
core   0: 0x0000000080005fde (0x142026f3) csrrs   a3, scause, zero
core   0: 3 0x0000000080005fde (0x142026f3) x13 0x0000000000000000
core   0: 0x0000000080005fe2 (0x30402673) csrrs   a2, mie, zero
core   0: 3 0x0000000080005fe2 (0x30402673) x12 0x0000000000000a00
core   0: 0x0000000080005fe6 (0x344025f3) csrrs   a1, mip, zero
core   0: 3 0x0000000080005fe6 (0x344025f3) x11 0x0000000000000080
core   0: 0x0000000080005fea (0x343025f3) csrrs   a1, mtval, zero
core   0: 3 0x0000000080005fea (0x343025f3) x11 0x000000003a5ff54f
core   0: 0x0000000080005fee (0x14302573) csrrs   a0, stval, zero
core   0: 3 0x0000000080005fee (0x14302573) x10 0x0000000000000000
core   0: 0x0000000080005ff2 (0xb02024f3) csrrs   s1, minstret, zero
core   0: 3 0x0000000080005ff2 (0xb02024f3) x9  0x0000000000000bef
core   0: 0x0000000080005ff6 (0x0000a811) c.j     pc + 20
core   0: 3 0x0000000080005ff6 (0xa811)
core   0: >>>>  mepc_4
core   0: 0x000000008000600a (0x00000791) c.addi  a5, 4
core   0: 3 0x000000008000600a (0x0791) x15 0x0000000080004cc6
core   0: 0x000000008000600c (0x34179073) csrrw   zero, mepc, a5
core   0: 3 0x000000008000600c (0x34179073) c833_mepc 0x0000000080004cc6
core   0: 0x0000000080006010 (0x30200073) mret
core   0: 3 0x0000000080006010 (0x30200073) c768_mstatus 0x8000000a00106080
core   0: 0x0000000080004cc6 (0x001e939b) slliw   t2, t4, 1
core   0: 1 0x0000000080004cc6 (0x001e939b) x7  0x000000000000095e
core   0: 0x0000000080004cca (0x419888b3) sub     a7, a7, s9
core   0: 1 0x0000000080004cca (0x419888b3) x17 0xffffffffffffffff
core   0: 0x0000000080004cce (0x009044b3) xor     s1, zero, s1
core   0: 1 0x0000000080004cce (0x009044b3) x9  0x0000000000000bef
core   0: 0x0000000080004cd2 (0x001a97f3) csrrw   a5, fflags, s5
core   0: 1 0x0000000080004cd2 (0x001a97f3) x15 0x000000000000001f c1_fflags 0x0000000000000006
core   0: 0x0000000080004cd6 (0x401e70d3) fcvt.s.d ft1, ft8
core   0: exception trap_illegal_instruction, epc 0x0000000080004cd6
core   0:           tval 0x00000000401e70d3
core   0: >>>>  $xrv64i2p1_m2p0_a2p1_f2p2_d2p2_zicsr2p0_zifencei2p0_zmmul1p0_zba1p0_zbb1p0_zbc1p0_zbs1p0
core   0: 0x0000000080004000 (0x0080006f) j       pc + 0x8
core   0: 3 0x0000000080004000 (0x0080006f)
core   0: >>>>  mmode_exception_handler
core   0: 0x0000000080004008 (0x00002c17) auipc   s8, 0x2
core   0: 3 0x0000000080004008 (0x00002c17) x24 0x0000000080006008
core   0: 0x000000008000400c (0xfcec0c13) addi    s8, s8, -50
core   0: 3 0x000000008000400c (0xfcec0c13) x24 0x0000000080005fd6
core   0: 0x0000000080004010 (0x000c00e7) jalr    s8
core   0: 3 0x0000000080004010 (0x000c00e7) x1  0x0000000080004014
core   0: >>>>  any_handler
core   0: 0x0000000080005fd6 (0x341027f3) csrrs   a5, mepc, zero
core   0: 3 0x0000000080005fd6 (0x341027f3) x15 0x0000000080004cd6
core   0: 0x0000000080005fda (0x34202773) csrrs   a4, mcause, zero
core   0: 3 0x0000000080005fda (0x34202773) x14 0x0000000000000002
core   0: 0x0000000080005fde (0x142026f3) csrrs   a3, scause, zero
core   0: 3 0x0000000080005fde (0x142026f3) x13 0x0000000000000000
core   0: 0x0000000080005fe2 (0x30402673) csrrs   a2, mie, zero
core   0: 3 0x0000000080005fe2 (0x30402673) x12 0x0000000000000a00
core   0: 0x0000000080005fe6 (0x344025f3) csrrs   a1, mip, zero
core   0: 3 0x0000000080005fe6 (0x344025f3) x11 0x0000000000000080
core   0: 0x0000000080005fea (0x343025f3) csrrs   a1, mtval, zero
core   0: 3 0x0000000080005fea (0x343025f3) x11 0x00000000401e70d3
core   0: 0x0000000080005fee (0x14302573) csrrs   a0, stval, zero
core   0: 3 0x0000000080005fee (0x14302573) x10 0x0000000000000000
core   0: 0x0000000080005ff2 (0xb02024f3) csrrs   s1, minstret, zero
core   0: 3 0x0000000080005ff2 (0xb02024f3) x9  0x0000000000000c03
core   0: 0x0000000080005ff6 (0x0000a811) c.j     pc + 20
core   0: 3 0x0000000080005ff6 (0xa811)
core   0: >>>>  mepc_4
core   0: 0x000000008000600a (0x00000791) c.addi  a5, 4
core   0: 3 0x000000008000600a (0x0791) x15 0x0000000080004cda
core   0: 0x000000008000600c (0x34179073) csrrw   zero, mepc, a5
core   0: 3 0x000000008000600c (0x34179073) c833_mepc 0x0000000080004cda
core   0: 0x0000000080006010 (0x30200073) mret
core   0: 3 0x0000000080006010 (0x30200073) c768_mstatus 0x8000000a00106080
core   0: 0x0000000080004cda (0x4005519b) sraiw   gp, a0, 0
core   0: 1 0x0000000080004cda (0x4005519b) x3  0x0000000000000000
core   0: 0x0000000080004cde (0xc23cfcd3) fcvt.lu.d s9, fs9
core   0: exception trap_illegal_instruction, epc 0x0000000080004cde
core   0:           tval 0x00000000c23cfcd3
core   0: >>>>  $xrv64i2p1_m2p0_a2p1_f2p2_d2p2_zicsr2p0_zifencei2p0_zmmul1p0_zba1p0_zbb1p0_zbc1p0_zbs1p0
core   0: 0x0000000080004000 (0x0080006f) j       pc + 0x8
core   0: 3 0x0000000080004000 (0x0080006f)
core   0: >>>>  mmode_exception_handler
core   0: 0x0000000080004008 (0x00002c17) auipc   s8, 0x2
core   0: 3 0x0000000080004008 (0x00002c17) x24 0x0000000080006008
core   0: 0x000000008000400c (0xfcec0c13) addi    s8, s8, -50
core   0: 3 0x000000008000400c (0xfcec0c13) x24 0x0000000080005fd6
core   0: 0x0000000080004010 (0x000c00e7) jalr    s8
core   0: 3 0x0000000080004010 (0x000c00e7) x1  0x0000000080004014
core   0: >>>>  any_handler
core   0: 0x0000000080005fd6 (0x341027f3) csrrs   a5, mepc, zero
core   0: 3 0x0000000080005fd6 (0x341027f3) x15 0x0000000080004cde
core   0: 0x0000000080005fda (0x34202773) csrrs   a4, mcause, zero
core   0: 3 0x0000000080005fda (0x34202773) x14 0x0000000000000002
core   0: 0x0000000080005fde (0x142026f3) csrrs   a3, scause, zero
core   0: 3 0x0000000080005fde (0x142026f3) x13 0x0000000000000000
core   0: 0x0000000080005fe2 (0x30402673) csrrs   a2, mie, zero
core   0: 3 0x0000000080005fe2 (0x30402673) x12 0x0000000000000a00
core   0: 0x0000000080005fe6 (0x344025f3) csrrs   a1, mip, zero
core   0: 3 0x0000000080005fe6 (0x344025f3) x11 0x0000000000000080
core   0: 0x0000000080005fea (0x343025f3) csrrs   a1, mtval, zero
core   0: 3 0x0000000080005fea (0x343025f3) x11 0x00000000c23cfcd3
core   0: 0x0000000080005fee (0x14302573) csrrs   a0, stval, zero
core   0: 3 0x0000000080005fee (0x14302573) x10 0x0000000000000000
core   0: 0x0000000080005ff2 (0xb02024f3) csrrs   s1, minstret, zero
core   0: 3 0x0000000080005ff2 (0xb02024f3) x9  0x0000000000000c14
core   0: 0x0000000080005ff6 (0x0000a811) c.j     pc + 20
core   0: 3 0x0000000080005ff6 (0xa811)
core   0: >>>>  mepc_4
core   0: 0x000000008000600a (0x00000791) c.addi  a5, 4
core   0: 3 0x000000008000600a (0x0791) x15 0x0000000080004ce2
core   0: 0x000000008000600c (0x34179073) csrrw   zero, mepc, a5
core   0: 3 0x000000008000600c (0x34179073) c833_mepc 0x0000000080004ce2
core   0: 0x0000000080006010 (0x30200073) mret
core   0: 3 0x0000000080006010 (0x30200073) c768_mstatus 0x8000000a00106080
core   0: 0x0000000080004ce2 (0x38aa0437) lui     s0, 0x38aa0
core   0: 1 0x0000000080004ce2 (0x38aa0437) x8  0x0000000038aa0000
core   0: 0x0000000080004ce6 (0x2a100053) fmin.d  ft0, ft0, ft1
core   0: 1 0x0000000080004ce6 (0x2a100053) f0  0x7ff8000000000000
core   0: 0x0000000080004cea (0x0b907cd3) fsub.d  fs9, ft0, fs9
core   0: exception trap_illegal_instruction, epc 0x0000000080004cea
core   0:           tval 0x000000000b907cd3
core   0: >>>>  $xrv64i2p1_m2p0_a2p1_f2p2_d2p2_zicsr2p0_zifencei2p0_zmmul1p0_zba1p0_zbb1p0_zbc1p0_zbs1p0
core   0: 0x0000000080004000 (0x0080006f) j       pc + 0x8
core   0: 3 0x0000000080004000 (0x0080006f)
core   0: >>>>  mmode_exception_handler
core   0: 0x0000000080004008 (0x00002c17) auipc   s8, 0x2
core   0: 3 0x0000000080004008 (0x00002c17) x24 0x0000000080006008
core   0: 0x000000008000400c (0xfcec0c13) addi    s8, s8, -50
core   0: 3 0x000000008000400c (0xfcec0c13) x24 0x0000000080005fd6
core   0: 0x0000000080004010 (0x000c00e7) jalr    s8
core   0: 3 0x0000000080004010 (0x000c00e7) x1  0x0000000080004014
core   0: >>>>  any_handler
core   0: 0x0000000080005fd6 (0x341027f3) csrrs   a5, mepc, zero
core   0: 3 0x0000000080005fd6 (0x341027f3) x15 0x0000000080004cea
core   0: 0x0000000080005fda (0x34202773) csrrs   a4, mcause, zero
core   0: 3 0x0000000080005fda (0x34202773) x14 0x0000000000000002
core   0: 0x0000000080005fde (0x142026f3) csrrs   a3, scause, zero
core   0: 3 0x0000000080005fde (0x142026f3) x13 0x0000000000000000
core   0: 0x0000000080005fe2 (0x30402673) csrrs   a2, mie, zero
core   0: 3 0x0000000080005fe2 (0x30402673) x12 0x0000000000000a00
core   0: 0x0000000080005fe6 (0x344025f3) csrrs   a1, mip, zero
core   0: 3 0x0000000080005fe6 (0x344025f3) x11 0x0000000000000080
core   0: 0x0000000080005fea (0x343025f3) csrrs   a1, mtval, zero
core   0: 3 0x0000000080005fea (0x343025f3) x11 0x000000000b907cd3
core   0: 0x0000000080005fee (0x14302573) csrrs   a0, stval, zero
core   0: 3 0x0000000080005fee (0x14302573) x10 0x0000000000000000
core   0: 0x0000000080005ff2 (0xb02024f3) csrrs   s1, minstret, zero
core   0: 3 0x0000000080005ff2 (0xb02024f3) x9  0x0000000000000c26
core   0: 0x0000000080005ff6 (0x0000a811) c.j     pc + 20
core   0: 3 0x0000000080005ff6 (0xa811)
core   0: >>>>  mepc_4
core   0: 0x000000008000600a (0x00000791) c.addi  a5, 4
core   0: 3 0x000000008000600a (0x0791) x15 0x0000000080004cee
core   0: 0x000000008000600c (0x34179073) csrrw   zero, mepc, a5
core   0: 3 0x000000008000600c (0x34179073) c833_mepc 0x0000000080004cee
core   0: 0x0000000080006010 (0x30200073) mret
core   0: 3 0x0000000080006010 (0x30200073) c768_mstatus 0x8000000a00106080
core   0: 0x0000000080004cee (0x2b6c9b53) fmax.d  fs6, fs9, fs6
core   0: 1 0x0000000080004cee (0x2b6c9b53) f22 0x4400000000000000
core   0: 0x0000000080004cf2 (0xb22c7147) fmsub.d ft2, fs8, ft2, fs6
core   0: exception trap_illegal_instruction, epc 0x0000000080004cf2
core   0:           tval 0x00000000b22c7147
core   0: >>>>  $xrv64i2p1_m2p0_a2p1_f2p2_d2p2_zicsr2p0_zifencei2p0_zmmul1p0_zba1p0_zbb1p0_zbc1p0_zbs1p0
core   0: 0x0000000080004000 (0x0080006f) j       pc + 0x8
core   0: 3 0x0000000080004000 (0x0080006f)
core   0: >>>>  mmode_exception_handler
core   0: 0x0000000080004008 (0x00002c17) auipc   s8, 0x2
core   0: 3 0x0000000080004008 (0x00002c17) x24 0x0000000080006008
core   0: 0x000000008000400c (0xfcec0c13) addi    s8, s8, -50
core   0: 3 0x000000008000400c (0xfcec0c13) x24 0x0000000080005fd6
core   0: 0x0000000080004010 (0x000c00e7) jalr    s8
core   0: 3 0x0000000080004010 (0x000c00e7) x1  0x0000000080004014
core   0: >>>>  any_handler
core   0: 0x0000000080005fd6 (0x341027f3) csrrs   a5, mepc, zero
core   0: 3 0x0000000080005fd6 (0x341027f3) x15 0x0000000080004cf2
core   0: 0x0000000080005fda (0x34202773) csrrs   a4, mcause, zero
core   0: 3 0x0000000080005fda (0x34202773) x14 0x0000000000000002
core   0: 0x0000000080005fde (0x142026f3) csrrs   a3, scause, zero
core   0: 3 0x0000000080005fde (0x142026f3) x13 0x0000000000000000
core   0: 0x0000000080005fe2 (0x30402673) csrrs   a2, mie, zero
core   0: 3 0x0000000080005fe2 (0x30402673) x12 0x0000000000000a00
core   0: 0x0000000080005fe6 (0x344025f3) csrrs   a1, mip, zero
core   0: 3 0x0000000080005fe6 (0x344025f3) x11 0x0000000000000080
core   0: 0x0000000080005fea (0x343025f3) csrrs   a1, mtval, zero
core   0: 3 0x0000000080005fea (0x343025f3) x11 0x00000000b22c7147
core   0: 0x0000000080005fee (0x14302573) csrrs   a0, stval, zero
core   0: 3 0x0000000080005fee (0x14302573) x10 0x0000000000000000
core   0: 0x0000000080005ff2 (0xb02024f3) csrrs   s1, minstret, zero
core   0: 3 0x0000000080005ff2 (0xb02024f3) x9  0x0000000000000c37
core   0: 0x0000000080005ff6 (0x0000a811) c.j     pc + 20
core   0: 3 0x0000000080005ff6 (0xa811)
core   0: >>>>  mepc_4
core   0: 0x000000008000600a (0x00000791) c.addi  a5, 4
core   0: 3 0x000000008000600a (0x0791) x15 0x0000000080004cf6
core   0: 0x000000008000600c (0x34179073) csrrw   zero, mepc, a5
core   0: 3 0x000000008000600c (0x34179073) c833_mepc 0x0000000080004cf6
core   0: 0x0000000080006010 (0x30200073) mret
core   0: 3 0x0000000080006010 (0x30200073) c768_mstatus 0x8000000a00106080
core   0: 0x0000000080004cf6 (0xa36c0253) fle.d   tp, fs8, fs6
core   0: 1 0x0000000080004cf6 (0xa36c0253) c1_fflags 0x0000000000000016 x4  0x0000000000000000
core   0: 0x0000000080004cfa (0x50180c9b) addiw   s9, a6, 1281
core   0: 1 0x0000000080004cfa (0x50180c9b) x25 0x0000000000000500
core   0: 0x0000000080004cfe (0x222b0bd3) fsgnj.d fs7, fs6, ft2
core   0: 1 0x0000000080004cfe (0x222b0bd3) f23 0xc400000000000000
core   0: 0x0000000080004d02 (0x0252403b) divw    zero, tp, t0
core   0: 1 0x0000000080004d02 (0x0252403b)
core   0: 0x0000000080004d06 (0xff730c37) lui     s8, 0xff730
core   0: 1 0x0000000080004d06 (0xff730c37) x24 0xffffffffff730000
core   0: 0x0000000080004d0a (0xa5bc0c1b) addiw   s8, s8, -1445
core   0: 1 0x0000000080004d0a (0xa5bc0c1b) x24 0xffffffffff72fa5b
core   0: 0x0000000080004d0e (0x00000c3a) c.slli  s8, 14
core   0: 1 0x0000000080004d0e (0x0c3a) x24 0xffffffdcbe96c000
core   0: 0x0000000080004d10 (0x58cc0c13) addi    s8, s8, 1420
core   0: 1 0x0000000080004d10 (0x58cc0c13) x24 0xffffffdcbe96c58c
core   0: 0x0000000080004d14 (0x9dcc02b7) lui     t0, 0x9dcc0
core   0: 1 0x0000000080004d14 (0x9dcc02b7) x5  0xffffffff9dcc0000
core   0: 0x0000000080004d18 (0x00000001) c.nop
core   0: 1 0x0000000080004d18 (0x0001)
core   0: 0x0000000080004d1a (0x0186913b) sllw    sp, a3, s8
core   0: 1 0x0000000080004d1a (0x0186913b) x2  0x0000000000000000
core   0: 0x0000000080004d1e (0x41f6d71b) sraiw   a4, a3, 31
core   0: 1 0x0000000080004d1e (0x41f6d71b) x14 0x0000000000000000
core   0: 0x0000000080004d22 (0xa2c802d3) fle.d   t0, fa6, fa2
core   0: 1 0x0000000080004d22 (0xa2c802d3) c1_fflags 0x0000000000000016 x5  0x0000000000000000
core   0: 0x0000000080004d26 (0x000cd59b) srliw   a1, s9, 0
core   0: 1 0x0000000080004d26 (0x000cd59b) x11 0x0000000000000500
core   0: 0x0000000080004d2a (0x4012fd53) fcvt.s.d fs10, ft5
core   0: exception trap_illegal_instruction, epc 0x0000000080004d2a
core   0:           tval 0x000000004012fd53
core   0: >>>>  $xrv64i2p1_m2p0_a2p1_f2p2_d2p2_zicsr2p0_zifencei2p0_zmmul1p0_zba1p0_zbb1p0_zbc1p0_zbs1p0
core   0: 0x0000000080004000 (0x0080006f) j       pc + 0x8
core   0: 3 0x0000000080004000 (0x0080006f)
core   0: >>>>  mmode_exception_handler
core   0: 0x0000000080004008 (0x00002c17) auipc   s8, 0x2
core   0: 3 0x0000000080004008 (0x00002c17) x24 0x0000000080006008
core   0: 0x000000008000400c (0xfcec0c13) addi    s8, s8, -50
core   0: 3 0x000000008000400c (0xfcec0c13) x24 0x0000000080005fd6
core   0: 0x0000000080004010 (0x000c00e7) jalr    s8
core   0: 3 0x0000000080004010 (0x000c00e7) x1  0x0000000080004014
core   0: >>>>  any_handler
core   0: 0x0000000080005fd6 (0x341027f3) csrrs   a5, mepc, zero
core   0: 3 0x0000000080005fd6 (0x341027f3) x15 0x0000000080004d2a
core   0: 0x0000000080005fda (0x34202773) csrrs   a4, mcause, zero
core   0: 3 0x0000000080005fda (0x34202773) x14 0x0000000000000002
core   0: 0x0000000080005fde (0x142026f3) csrrs   a3, scause, zero
core   0: 3 0x0000000080005fde (0x142026f3) x13 0x0000000000000000
core   0: 0x0000000080005fe2 (0x30402673) csrrs   a2, mie, zero
core   0: 3 0x0000000080005fe2 (0x30402673) x12 0x0000000000000a00
core   0: 0x0000000080005fe6 (0x344025f3) csrrs   a1, mip, zero
core   0: 3 0x0000000080005fe6 (0x344025f3) x11 0x0000000000000080
core   0: 0x0000000080005fea (0x343025f3) csrrs   a1, mtval, zero
core   0: 3 0x0000000080005fea (0x343025f3) x11 0x000000004012fd53
core   0: 0x0000000080005fee (0x14302573) csrrs   a0, stval, zero
core   0: 3 0x0000000080005fee (0x14302573) x10 0x0000000000000000
core   0: 0x0000000080005ff2 (0xb02024f3) csrrs   s1, minstret, zero
core   0: 3 0x0000000080005ff2 (0xb02024f3) x9  0x0000000000000c55
core   0: 0x0000000080005ff6 (0x0000a811) c.j     pc + 20
core   0: 3 0x0000000080005ff6 (0xa811)
core   0: >>>>  mepc_4
core   0: 0x000000008000600a (0x00000791) c.addi  a5, 4
core   0: 3 0x000000008000600a (0x0791) x15 0x0000000080004d2e
core   0: 0x000000008000600c (0x34179073) csrrw   zero, mepc, a5
core   0: 3 0x000000008000600c (0x34179073) c833_mepc 0x0000000080004d2e
core   0: 0x0000000080006010 (0x30200073) mret
core   0: 3 0x0000000080006010 (0x30200073) c768_mstatus 0x8000000a00106080
core   0: 0x0000000080004d2e (0x420484d3) fcvt.d.s fs1, fs1
core   0: 1 0x0000000080004d2e (0x420484d3) f9  0x7ff8000000000000
core   0: 0x0000000080004d32 (0x414e09b3) sub     s3, t3, s4
core   0: 1 0x0000000080004d32 (0x414e09b3) x19 0xffffffffffffff00
core   0: 0x0000000080004d36 (0x0064d433) srl     s0, s1, t1
core   0: 1 0x0000000080004d36 (0x0064d433) x8  0x0000000000000c55
core   0: 0x0000000080004d3a (0x001a12f3) csrrw   t0, fflags, s4
core   0: 1 0x0000000080004d3a (0x001a12f3) x5  0x0000000000000016 c1_fflags 0x0000000000000000
core   0: 0x0000000080004d3e (0x5a48784f) fnmadd.d fa6, fa6, ft4, fa1
core   0: exception trap_illegal_instruction, epc 0x0000000080004d3e
core   0:           tval 0x000000005a48784f
core   0: >>>>  $xrv64i2p1_m2p0_a2p1_f2p2_d2p2_zicsr2p0_zifencei2p0_zmmul1p0_zba1p0_zbb1p0_zbc1p0_zbs1p0
core   0: 0x0000000080004000 (0x0080006f) j       pc + 0x8
core   0: 3 0x0000000080004000 (0x0080006f)
core   0: >>>>  mmode_exception_handler
core   0: 0x0000000080004008 (0x00002c17) auipc   s8, 0x2
core   0: 3 0x0000000080004008 (0x00002c17) x24 0x0000000080006008
core   0: 0x000000008000400c (0xfcec0c13) addi    s8, s8, -50
core   0: 3 0x000000008000400c (0xfcec0c13) x24 0x0000000080005fd6
core   0: 0x0000000080004010 (0x000c00e7) jalr    s8
core   0: 3 0x0000000080004010 (0x000c00e7) x1  0x0000000080004014
core   0: >>>>  any_handler
core   0: 0x0000000080005fd6 (0x341027f3) csrrs   a5, mepc, zero
core   0: 3 0x0000000080005fd6 (0x341027f3) x15 0x0000000080004d3e
core   0: 0x0000000080005fda (0x34202773) csrrs   a4, mcause, zero
core   0: 3 0x0000000080005fda (0x34202773) x14 0x0000000000000002
core   0: 0x0000000080005fde (0x142026f3) csrrs   a3, scause, zero
core   0: 3 0x0000000080005fde (0x142026f3) x13 0x0000000000000000
core   0: 0x0000000080005fe2 (0x30402673) csrrs   a2, mie, zero
core   0: 3 0x0000000080005fe2 (0x30402673) x12 0x0000000000000a00
core   0: 0x0000000080005fe6 (0x344025f3) csrrs   a1, mip, zero
core   0: 3 0x0000000080005fe6 (0x344025f3) x11 0x0000000000000080
core   0: 0x0000000080005fea (0x343025f3) csrrs   a1, mtval, zero
core   0: 3 0x0000000080005fea (0x343025f3) x11 0x000000005a48784f
core   0: 0x0000000080005fee (0x14302573) csrrs   a0, stval, zero
core   0: 3 0x0000000080005fee (0x14302573) x10 0x0000000000000000
core   0: 0x0000000080005ff2 (0xb02024f3) csrrs   s1, minstret, zero
core   0: 3 0x0000000080005ff2 (0xb02024f3) x9  0x0000000000000c69
core   0: 0x0000000080005ff6 (0x0000a811) c.j     pc + 20
core   0: 3 0x0000000080005ff6 (0xa811)
core   0: >>>>  mepc_4
core   0: 0x000000008000600a (0x00000791) c.addi  a5, 4
core   0: 3 0x000000008000600a (0x0791) x15 0x0000000080004d42
core   0: 0x000000008000600c (0x34179073) csrrw   zero, mepc, a5
core   0: 3 0x000000008000600c (0x34179073) c833_mepc 0x0000000080004d42
core   0: 0x0000000080006010 (0x30200073) mret
core   0: 3 0x0000000080006010 (0x30200073) c768_mstatus 0x8000000a00106080
core   0: 0x0000000080004d42 (0x0a99f4d3) fsub.d  fs1, fs3, fs1
core   0: exception trap_illegal_instruction, epc 0x0000000080004d42
core   0:           tval 0x000000000a99f4d3
core   0: >>>>  $xrv64i2p1_m2p0_a2p1_f2p2_d2p2_zicsr2p0_zifencei2p0_zmmul1p0_zba1p0_zbb1p0_zbc1p0_zbs1p0
core   0: 0x0000000080004000 (0x0080006f) j       pc + 0x8
core   0: 3 0x0000000080004000 (0x0080006f)
core   0: >>>>  mmode_exception_handler
core   0: 0x0000000080004008 (0x00002c17) auipc   s8, 0x2
core   0: 3 0x0000000080004008 (0x00002c17) x24 0x0000000080006008
core   0: 0x000000008000400c (0xfcec0c13) addi    s8, s8, -50
core   0: 3 0x000000008000400c (0xfcec0c13) x24 0x0000000080005fd6
core   0: 0x0000000080004010 (0x000c00e7) jalr    s8
core   0: 3 0x0000000080004010 (0x000c00e7) x1  0x0000000080004014
core   0: >>>>  any_handler
core   0: 0x0000000080005fd6 (0x341027f3) csrrs   a5, mepc, zero
core   0: 3 0x0000000080005fd6 (0x341027f3) x15 0x0000000080004d42
core   0: 0x0000000080005fda (0x34202773) csrrs   a4, mcause, zero
core   0: 3 0x0000000080005fda (0x34202773) x14 0x0000000000000002
core   0: 0x0000000080005fde (0x142026f3) csrrs   a3, scause, zero
core   0: 3 0x0000000080005fde (0x142026f3) x13 0x0000000000000000
core   0: 0x0000000080005fe2 (0x30402673) csrrs   a2, mie, zero
core   0: 3 0x0000000080005fe2 (0x30402673) x12 0x0000000000000a00
core   0: 0x0000000080005fe6 (0x344025f3) csrrs   a1, mip, zero
core   0: 3 0x0000000080005fe6 (0x344025f3) x11 0x0000000000000080
core   0: 0x0000000080005fea (0x343025f3) csrrs   a1, mtval, zero
core   0: 3 0x0000000080005fea (0x343025f3) x11 0x000000000a99f4d3
core   0: 0x0000000080005fee (0x14302573) csrrs   a0, stval, zero
core   0: 3 0x0000000080005fee (0x14302573) x10 0x0000000000000000
core   0: 0x0000000080005ff2 (0xb02024f3) csrrs   s1, minstret, zero
core   0: 3 0x0000000080005ff2 (0xb02024f3) x9  0x0000000000000c79
core   0: 0x0000000080005ff6 (0x0000a811) c.j     pc + 20
core   0: 3 0x0000000080005ff6 (0xa811)
core   0: >>>>  mepc_4
core   0: 0x000000008000600a (0x00000791) c.addi  a5, 4
core   0: 3 0x000000008000600a (0x0791) x15 0x0000000080004d46
core   0: 0x000000008000600c (0x34179073) csrrw   zero, mepc, a5
core   0: 3 0x000000008000600c (0x34179073) c833_mepc 0x0000000080004d46
core   0: 0x0000000080006010 (0x30200073) mret
core   0: 3 0x0000000080006010 (0x30200073) c768_mstatus 0x8000000a00106080
core   0: 0x0000000080004d46 (0x4180083b) subw    a6, zero, s8
core   0: 1 0x0000000080004d46 (0x4180083b) x16 0x000000007fffa02a
core   0: 0x0000000080004d4a (0x2a9c9a53) fmax.d  fs4, fs9, fs1
core   0: 1 0x0000000080004d4a (0x2a9c9a53) f20 0x4400000000000000
core   0: 0x0000000080004d4e (0x40fc54b3) sra     s1, s8, a5
core   0: 1 0x0000000080004d4e (0x40fc54b3) x9  0x000000000200017f
core   0: 0x0000000080004d52 (0x0002f693) andi    a3, t0, 0
core   0: 1 0x0000000080004d52 (0x0002f693) x13 0x0000000000000000
core   0: 0x0000000080004d56 (0xa2ca0253) fle.d   tp, fs4, fa2
core   0: 1 0x0000000080004d56 (0xa2ca0253) x4  0x0000000000000000
core   0: 0x0000000080004d5a (0x03aa0737) lui     a4, 0x3aa0
core   0: 1 0x0000000080004d5a (0x03aa0737) x14 0x0000000003aa0000
core   0: 0x0000000080004d5e (0xcb17071b) addiw   a4, a4, -847
core   0: 1 0x0000000080004d5e (0xcb17071b) x14 0x0000000003a9fcb1
core   0: 0x0000000080004d62 (0x00000732) c.slli  a4, 12
core   0: 1 0x0000000080004d62 (0x0732) x14 0x0000003a9fcb1000
core   0: 0x0000000080004d64 (0xdd170713) addi    a4, a4, -559
core   0: 1 0x0000000080004d64 (0xdd170713) x14 0x0000003a9fcb0dd1
core   0: 0x0000000080004d68 (0x003a5413) srli    s0, s4, 3
core   0: 1 0x0000000080004d68 (0x003a5413) x8  0x0000000000000000
core   0: 0x0000000080004d6c (0xd21b8153) fcvt.d.wu ft2, s7
core   0: 1 0x0000000080004d6c (0xd21b8153) f2  0x0000000000000000
core   0: 0x0000000080004d70 (0x026c453b) divw    a0, s8, t1
core   0: 1 0x0000000080004d70 (0x026c453b) x10 0xffffffffffffffff
core   0: 0x0000000080004d74 (0x002b1173) csrrw   sp, frm, s6
core   0: 1 0x0000000080004d74 (0x002b1173) x2  0x0000000000000007 c2_frm 0x0000000000000000
core   0: 0x0000000080004d78 (0x00099093) slli    ra, s3, 0
core   0: 1 0x0000000080004d78 (0x00099093) x1  0xffffffffffffff00
core   0: 0x0000000080004d7c (0x22952853) fsgnjx.d fa6, fa0, fs1
core   0: 1 0x0000000080004d7c (0x22952853) f16 0xffffffff44ffe000
core   0: 0x0000000080004d80 (0x00b9873b) addw    a4, s3, a1
core   0: 1 0x0000000080004d80 (0x00b9873b) x14 0x000000000a99f3d3
core   0: 0x0000000080004d84 (0x02f48933) mul     s2, s1, a5
core   0: 1 0x0000000080004d84 (0x02f48933) x18 0x0100015a0c739bba
core   0: 0x0000000080004d88 (0x400cd11b) sraiw   sp, s9, 0
core   0: 1 0x0000000080004d88 (0x400cd11b) x2  0x0000000000000500
core   0: 0x0000000080004d8c (0x4066063b) subw    a2, a2, t1
core   0: 1 0x0000000080004d8c (0x4066063b) x12 0x0000000000000a00
core   0: 0x0000000080004d90 (0x23729cd3) fsgnjn.d fs9, ft5, fs7
core   0: 1 0x0000000080004d90 (0x23729cd3) f25 0x7fffffff4e4683f2
core   0: 0x0000000080004d94 (0x82b4e793) ori     a5, s1, -2005
core   0: 1 0x0000000080004d94 (0x82b4e793) x15 0xfffffffffffff97f
core   0: 0x0000000080004d98 (0x4123dbb3) sra     s7, t2, s2
core   0: 1 0x0000000080004d98 (0x4123dbb3) x23 0x0000000000000000
core   0: 0x0000000080004d9c (0xec608b13) addi    s6, ra, -314
core   0: 1 0x0000000080004d9c (0xec608b13) x22 0xfffffffffffffdc6
core   0: 0x0000000080004da0 (0xa3990dd3) fle.d   s11, fs2, fs9
core   0: 1 0x0000000080004da0 (0xa3990dd3) c1_fflags 0x0000000000000010 x27 0x0000000000000000
core   0: 0x0000000080004da4 (0x01bd983b) sllw    a6, s11, s11
core   0: 1 0x0000000080004da4 (0x01bd983b) x16 0x0000000000000000
core   0: 0x0000000080004da8 (0xab59f4cb) fnmsub.d fs1, fs3, fs5, fs5
core   0: 1 0x0000000080004da8 (0xab59f4cb) f9  0x0000000000000000
core   0: 0x0000000080004dac (0x3030e173) csrrsi  sp, mideleg, 1
core   0: exception trap_illegal_instruction, epc 0x0000000080004dac
core   0:           tval 0x000000003030e173
core   0: >>>>  $xrv64i2p1_m2p0_a2p1_f2p2_d2p2_zicsr2p0_zifencei2p0_zmmul1p0_zba1p0_zbb1p0_zbc1p0_zbs1p0
core   0: 0x0000000080004000 (0x0080006f) j       pc + 0x8
core   0: 3 0x0000000080004000 (0x0080006f)
core   0: >>>>  mmode_exception_handler
core   0: 0x0000000080004008 (0x00002c17) auipc   s8, 0x2
core   0: 3 0x0000000080004008 (0x00002c17) x24 0x0000000080006008
core   0: 0x000000008000400c (0xfcec0c13) addi    s8, s8, -50
core   0: 3 0x000000008000400c (0xfcec0c13) x24 0x0000000080005fd6
core   0: 0x0000000080004010 (0x000c00e7) jalr    s8
core   0: 3 0x0000000080004010 (0x000c00e7) x1  0x0000000080004014
core   0: >>>>  any_handler
core   0: 0x0000000080005fd6 (0x341027f3) csrrs   a5, mepc, zero
core   0: 3 0x0000000080005fd6 (0x341027f3) x15 0x0000000080004dac
core   0: 0x0000000080005fda (0x34202773) csrrs   a4, mcause, zero
core   0: 3 0x0000000080005fda (0x34202773) x14 0x0000000000000002
core   0: 0x0000000080005fde (0x142026f3) csrrs   a3, scause, zero
core   0: 3 0x0000000080005fde (0x142026f3) x13 0x0000000000000000
core   0: 0x0000000080005fe2 (0x30402673) csrrs   a2, mie, zero
core   0: 3 0x0000000080005fe2 (0x30402673) x12 0x0000000000000a00
core   0: 0x0000000080005fe6 (0x344025f3) csrrs   a1, mip, zero
core   0: 3 0x0000000080005fe6 (0x344025f3) x11 0x0000000000000080
core   0: 0x0000000080005fea (0x343025f3) csrrs   a1, mtval, zero
core   0: 3 0x0000000080005fea (0x343025f3) x11 0x000000003030e173
core   0: 0x0000000080005fee (0x14302573) csrrs   a0, stval, zero
core   0: 3 0x0000000080005fee (0x14302573) x10 0x0000000000000000
core   0: 0x0000000080005ff2 (0xb02024f3) csrrs   s1, minstret, zero
core   0: 3 0x0000000080005ff2 (0xb02024f3) x9  0x0000000000000ca3
core   0: 0x0000000080005ff6 (0x0000a811) c.j     pc + 20
core   0: 3 0x0000000080005ff6 (0xa811)
core   0: >>>>  mepc_4
core   0: 0x000000008000600a (0x00000791) c.addi  a5, 4
core   0: 3 0x000000008000600a (0x0791) x15 0x0000000080004db0
core   0: 0x000000008000600c (0x34179073) csrrw   zero, mepc, a5
core   0: 3 0x000000008000600c (0x34179073) c833_mepc 0x0000000080004db0
core   0: 0x0000000080006010 (0x30200073) mret
core   0: 3 0x0000000080006010 (0x30200073) c768_mstatus 0x8000000a00106080
core   0: 0x0000000080004db0 (0x0021173b) sllw    a4, sp, sp
core   0: 1 0x0000000080004db0 (0x0021173b) x14 0x0000000000000500
core   0: 0x0000000080004db4 (0x001020f3) csrrs   ra, fflags, zero
core   0: 1 0x0000000080004db4 (0x001020f3) x1  0x0000000000000010
core   0: 0x0000000080004db8 (0x00209ef3) csrrw   t4, frm, ra
core   0: 1 0x0000000080004db8 (0x00209ef3) x29 0x0000000000000000 c2_frm 0x0000000000000000
core   0: 0x0000000080004dbc (0xf1563df3) csrrc   s11, mconfigptr, a2
core   0: exception trap_illegal_instruction, epc 0x0000000080004dbc
core   0:           tval 0x00000000f1563df3
core   0: >>>>  $xrv64i2p1_m2p0_a2p1_f2p2_d2p2_zicsr2p0_zifencei2p0_zmmul1p0_zba1p0_zbb1p0_zbc1p0_zbs1p0
core   0: 0x0000000080004000 (0x0080006f) j       pc + 0x8
core   0: 3 0x0000000080004000 (0x0080006f)
core   0: >>>>  mmode_exception_handler
core   0: 0x0000000080004008 (0x00002c17) auipc   s8, 0x2
core   0: 3 0x0000000080004008 (0x00002c17) x24 0x0000000080006008
core   0: 0x000000008000400c (0xfcec0c13) addi    s8, s8, -50
core   0: 3 0x000000008000400c (0xfcec0c13) x24 0x0000000080005fd6
core   0: 0x0000000080004010 (0x000c00e7) jalr    s8
core   0: 3 0x0000000080004010 (0x000c00e7) x1  0x0000000080004014
core   0: >>>>  any_handler
core   0: 0x0000000080005fd6 (0x341027f3) csrrs   a5, mepc, zero
core   0: 3 0x0000000080005fd6 (0x341027f3) x15 0x0000000080004dbc
core   0: 0x0000000080005fda (0x34202773) csrrs   a4, mcause, zero
core   0: 3 0x0000000080005fda (0x34202773) x14 0x0000000000000002
core   0: 0x0000000080005fde (0x142026f3) csrrs   a3, scause, zero
core   0: 3 0x0000000080005fde (0x142026f3) x13 0x0000000000000000
core   0: 0x0000000080005fe2 (0x30402673) csrrs   a2, mie, zero
core   0: 3 0x0000000080005fe2 (0x30402673) x12 0x0000000000000a00
core   0: 0x0000000080005fe6 (0x344025f3) csrrs   a1, mip, zero
core   0: 3 0x0000000080005fe6 (0x344025f3) x11 0x0000000000000080
core   0: 0x0000000080005fea (0x343025f3) csrrs   a1, mtval, zero
core   0: 3 0x0000000080005fea (0x343025f3) x11 0x00000000f1563df3
core   0: 0x0000000080005fee (0x14302573) csrrs   a0, stval, zero
core   0: 3 0x0000000080005fee (0x14302573) x10 0x0000000000000000
core   0: 0x0000000080005ff2 (0xb02024f3) csrrs   s1, minstret, zero
core   0: 3 0x0000000080005ff2 (0xb02024f3) x9  0x0000000000000cb6
core   0: 0x0000000080005ff6 (0x0000a811) c.j     pc + 20
core   0: 3 0x0000000080005ff6 (0xa811)
core   0: >>>>  mepc_4
core   0: 0x000000008000600a (0x00000791) c.addi  a5, 4
core   0: 3 0x000000008000600a (0x0791) x15 0x0000000080004dc0
core   0: 0x000000008000600c (0x34179073) csrrw   zero, mepc, a5
core   0: 3 0x000000008000600c (0x34179073) c833_mepc 0x0000000080004dc0
core   0: 0x0000000080006010 (0x30200073) mret
core   0: 3 0x0000000080006010 (0x30200073) c768_mstatus 0x8000000a00106080
core   0: 0x0000000080004dc0 (0x2f958297) auipc   t0, 0x2f958
core   0: 1 0x0000000080004dc0 (0x2f958297) x5  0x00000000af95cdc0
core   0: 0x0000000080004dc4 (0x0781fcb7) lui     s9, 0x781f
core   0: 1 0x0000000080004dc4 (0x0781fcb7) x25 0x000000000781f000
core   0: 0x0000000080004dc8 (0x0b3c8c9b) addiw   s9, s9, 179
core   0: 1 0x0000000080004dc8 (0x0b3c8c9b) x25 0x000000000781f0b3
core   0: 0x0000000080004dcc (0x00000cb2) c.slli  s9, 12
core   0: 1 0x0000000080004dcc (0x0cb2) x25 0x000000781f0b3000
core   0: 0x0000000080004dce (0x8a0c8c93) addi    s9, s9, -1888
core   0: 1 0x0000000080004dce (0x8a0c8c93) x25 0x000000781f0b28a0
core   0: 0x0000000080004dd2 (0x001c28b3) slt     a7, s8, ra
core   0: 1 0x0000000080004dd2 (0x001c28b3) x17 0x0000000000000000
core   0: 0x0000000080004dd6 (0x4194513b) sraw    sp, s0, s9
core   0: 1 0x0000000080004dd6 (0x4194513b) x2  0x0000000000000000
core   0: 0x0000000080004dda (0x4000d19b) sraiw   gp, ra, 0
core   0: 1 0x0000000080004dda (0x4000d19b) x3  0xffffffff80004014
core   0: 0x0000000080004dde (0xc21cfbcb) fnmsub.d fs7, fs9, ft1, fs8
core   0: 1 0x0000000080004dde (0xc21cfbcb) f23 0x7ff8000000000000
core   0: 0x0000000080004de2 (0x01d19013) slli    zero, gp, 29
core   0: 1 0x0000000080004de2 (0x01d19013)
core   0: 0x0000000080004de6 (0x00129ab3) sll     s5, t0, ra
core   0: 1 0x0000000080004de6 (0x00129ab3) x21 0x000af95cdc000000
core   0: 0x0000000080004dea (0xc209fc53) fcvt.w.d s8, fs3
core   0: 1 0x0000000080004dea (0xc209fc53) x24 0x0000000000000001
core   0: 0x0000000080004dee (0xc212fed3) fcvt.wu.d t4, ft5
core   0: 1 0x0000000080004dee (0xc212fed3) c1_fflags 0x0000000000000010 x29 0xffffffffffffffff
core   0: 0x0000000080004df2 (0x02939b33) mulh    s6, t2, s1
core   0: 1 0x0000000080004df2 (0x02939b33) x22 0x0000000000000000
core   0: 0x0000000080004df6 (0x00202073) csrrs   zero, frm, zero
core   0: 1 0x0000000080004df6 (0x00202073)
core   0: 0x0000000080004dfa (0x016307b3) add     a5, t1, s6
core   0: 1 0x0000000080004dfa (0x016307b3) x15 0x0000000000000000
core   0: 0x0000000080004dfe (0x0012529b) srliw   t0, tp, 1
core   0: 1 0x0000000080004dfe (0x0012529b) x5  0x0000000000000000
core   0: 0x0000000080004e02 (0x4002023b) subw    tp, tp, zero
core   0: 1 0x0000000080004e02 (0x4002023b) x4  0x0000000000000000
core   0: 0x0000000080004e06 (0x00580cbb) addw    s9, a6, t0
core   0: 1 0x0000000080004e06 (0x00580cbb) x25 0x0000000000000000
core   0: 0x0000000080004e0a (0x025bf253) fadd.d  ft4, fs7, ft5
core   0: 1 0x0000000080004e0a (0x025bf253) f4  0x7ff8000000000000
core   0: 0x0000000080004e0e (0x93e2aab7) lui     s5, 0x93e2a
core   0: 1 0x0000000080004e0e (0x93e2aab7) x21 0xffffffff93e2a000
core   0: 0x0000000080004e12 (0x800ac613) xori    a2, s5, -2048
core   0: 1 0x0000000080004e12 (0x800ac613) x12 0x000000006c1d5800
core   0: 0x0000000080004e16 (0x01089db3) sll     s11, a7, a6
core   0: 1 0x0000000080004e16 (0x01089db3) x27 0x0000000000000000
core   0: 0x0000000080004e1a (0x418c8233) sub     tp, s9, s8
core   0: 1 0x0000000080004e1a (0x418c8233) x4  0xffffffffffffffff
core   0: 0x0000000080004e1e (0x02f7d533) divu    a0, a5, a5
core   0: 1 0x0000000080004e1e (0x02f7d533) x10 0xffffffffffffffff
core   0: 0x0000000080004e22 (0x4130d6b3) sra     a3, ra, s3
core   0: 1 0x0000000080004e22 (0x4130d6b3) x13 0x0000000080004014
core   0: 0x0000000080004e26 (0xf2050153) fmv.d.x ft2, a0
core   0: 1 0x0000000080004e26 (0xf2050153) f2  0xffffffffffffffff
core   0: 0x0000000080004e2a (0x000dedb3) or      s11, s11, zero
core   0: 1 0x0000000080004e2a (0x000dedb3) x27 0x0000000000000000
core   0: 0x0000000080004e2e (0xf20e8d53) fmv.d.x fs10, t4
core   0: 1 0x0000000080004e2e (0xf20e8d53) f26 0xffffffffffffffff
core   0: 0x0000000080004e32 (0x001026f3) csrrs   a3, fflags, zero
core   0: 1 0x0000000080004e32 (0x001026f3) x13 0x0000000000000010
core   0: 0x0000000080004e36 (0x41818c33) sub     s8, gp, s8
core   0: 1 0x0000000080004e36 (0x41818c33) x24 0xffffffff80004013
core   0: 0x0000000080004e3a (0x420609d3) fcvt.d.s fs3, fa2
core   0: 1 0x0000000080004e3a (0x420609d3) f19 0x7ff8000000000000
core   0: 0x0000000080004e3e (0x0071e7b3) or      a5, gp, t2
core   0: 1 0x0000000080004e3e (0x0071e7b3) x15 0xffffffff8000495e
core   0: 0x0000000080004e42 (0x02a104bb) mulw    s1, sp, a0
core   0: 1 0x0000000080004e42 (0x02a104bb) x9  0x0000000000000000
core   0: 0x0000000080004e46 (0x3a54f313) andi    t1, s1, 933
core   0: 1 0x0000000080004e46 (0x3a54f313) x6  0x0000000000000000
core   0: 0x0000000080004e4a (0x41530d33) sub     s10, t1, s5
core   0: 1 0x0000000080004e4a (0x41530d33) x26 0x000000006c1d6000
core   0: 0x0000000080004e4e (0x0263ba33) mulhu   s4, t2, t1
core   0: 1 0x0000000080004e4e (0x0263ba33) x20 0x0000000000000000
core   0: 0x0000000080004e52 (0xd23d7853) fcvt.d.lu fa6, s10
core   0: 1 0x0000000080004e52 (0xd23d7853) f16 0x41db075800000000
core   0: 0x0000000080004e56 (0xc20379d3) fcvt.w.d s3, ft6
core   0: 1 0x0000000080004e56 (0xc20379d3) x19 0x0000000000000000
core   0: 0x0000000080004e5a (0x40a5dcb3) sra     s9, a1, a0
core   0: 1 0x0000000080004e5a (0x40a5dcb3) x25 0x0000000000000000
core   0: 0x0000000080004e5e (0x2a109dd3) fmax.d  fs11, ft1, ft1
core   0: 1 0x0000000080004e5e (0x2a109dd3) f27 0x7ff8000000000000
core   0: 0x0000000080004e62 (0x0a4cea93) ori     s5, s9, 164
core   0: 1 0x0000000080004e62 (0x0a4cea93) x21 0x00000000000000a4
core   0: 0x0000000080004e66 (0x00c0119b) slliw   gp, zero, 12
core   0: 1 0x0000000080004e66 (0x00c0119b) x3  0x0000000000000000
core   0: 0x0000000080004e6a (0xd21c8a53) fcvt.d.wu fs4, s9
core   0: 1 0x0000000080004e6a (0xd21c8a53) f20 0x0000000000000000
core   0: 0x0000000080004e6e (0x002194f3) csrrw   s1, frm, gp
core   0: 1 0x0000000080004e6e (0x002194f3) x9  0x0000000000000000 c2_frm 0x0000000000000000
core   0: 0x0000000080004e72 (0x002b9bf3) csrrw   s7, frm, s7
core   0: 1 0x0000000080004e72 (0x002b9bf3) x23 0x0000000000000000 c2_frm 0x0000000000000000
core   0: 0x0000000080004e76 (0xa8504e13) xori    t3, zero, -1403
core   0: 1 0x0000000080004e76 (0xa8504e13) x28 0xfffffffffffffa85
core   0: 0x0000000080004e7a (0x413000bb) subw    ra, zero, s3
core   0: 1 0x0000000080004e7a (0x413000bb) x1  0x0000000000000000
core   0: 0x0000000080004e7e (0x2abe9653) fmax.d  fa2, ft9, fa1
core   0: 1 0x0000000080004e7e (0x2abe9653) f12 0x7ff8000000000000
core   0: 0x0000000080004e82 (0xa32e89d3) fle.d   s3, ft9, fs2
core   0: 1 0x0000000080004e82 (0xa32e89d3) c1_fflags 0x0000000000000010 x19 0x0000000000000000
core   0: 0x0000000080004e86 (0x036e42bb) divw    t0, t3, s6
core   0: 1 0x0000000080004e86 (0x036e42bb) x5  0xffffffffffffffff
core   0: 0x0000000080004e8a (0x40bb88b3) sub     a7, s7, a1
core   0: 1 0x0000000080004e8a (0x40bb88b3) x17 0xffffffff0ea9c20d
core   0: 0x0000000080004e8e (0x4125d73b) sraw    a4, a1, s2
core   0: 1 0x0000000080004e8e (0x4125d73b) x14 0xfffffffffffffffc
core   0: 0x0000000080004e92 (0x0349d333) divu    t1, s3, s4
core   0: 1 0x0000000080004e92 (0x0349d333) x6  0xffffffffffffffff
core   0: 0x0000000080004e96 (0x1290f0d3) fmul.d  ft1, ft1, fs1
core   0: 1 0x0000000080004e96 (0x1290f0d3) f1  0x7ff8000000000000
core   0: 0x0000000080004e9a (0xd20587d3) fcvt.d.w fa5, a1
core   0: 1 0x0000000080004e9a (0xd20587d3) f15 0xc1ad53841a000000
core   0: 0x0000000080004e9e (0x0376623b) remw    tp, a2, s7
core   0: 1 0x0000000080004e9e (0x0376623b) x4  0x000000006c1d5800
core   0: 0x0000000080004ea2 (0x0075e2b3) or      t0, a1, t2
core   0: 1 0x0000000080004ea2 (0x0075e2b3) x5  0x00000000f1563dff
core   0: 0x0000000080004ea6 (0xd21204d3) fcvt.d.wu fs1, tp
core   0: 1 0x0000000080004ea6 (0xd21204d3) f9  0x41db075600000000
core   0: 0x0000000080004eaa (0x029de133) rem     sp, s11, s1
core   0: 1 0x0000000080004eaa (0x029de133) x2  0x0000000000000000
core   0: 0x0000000080004eae (0x001496f3) csrrw   a3, fflags, s1
core   0: 1 0x0000000080004eae (0x001496f3) x13 0x0000000000000010 c1_fflags 0x0000000000000000
core   0: 0x0000000080004eb2 (0x0ff0000f) fence   iorw,iorw
core   0: 1 0x0000000080004eb2 (0x0ff0000f)
core   0: 0x0000000080004eb6 (0x0274e8b3) rem     a7, s1, t2
core   0: 1 0x0000000080004eb6 (0x0274e8b3) x17 0x0000000000000000
core   0: 0x0000000080004eba (0x0022013b) addw    sp, tp, sp
core   0: 1 0x0000000080004eba (0x0022013b) x2  0x000000006c1d5800
core   0: 0x0000000080004ebe (0x01c8c5b3) xor     a1, a7, t3
core   0: 1 0x0000000080004ebe (0x01c8c5b3) x11 0xfffffffffffffa85
core   0: 0x0000000080004ec2 (0xd20201d3) fcvt.d.w ft3, tp
core   0: 1 0x0000000080004ec2 (0xd20201d3) f3  0x41db075600000000
core   0: 0x0000000080004ec6 (0x41ce533b) sraw    t1, t3, t3
core   0: 1 0x0000000080004ec6 (0x41ce533b) x6  0xffffffffffffffd4
core   0: 0x0000000080004eca (0x004517b3) sll     a5, a0, tp
core   0: 1 0x0000000080004eca (0x004517b3) x15 0xffffffffffffffff
core   0: 0x0000000080004ece (0xc4e70d37) lui     s10, 0xc4e70
core   0: 1 0x0000000080004ece (0xc4e70d37) x26 0xffffffffc4e70000
core   0: 0x0000000080004ed2 (0xa2fa7a47) fmsub.d fs4, fs4, fa5, fs4
core   0: 1 0x0000000080004ed2 (0xa2fa7a47) f20 0x8000000000000000
core   0: 0x0000000080004ed6 (0x1c436537) lui     a0, 0x1c436
core   0: 1 0x0000000080004ed6 (0x1c436537) x10 0x000000001c436000
core   0: 0x0000000080004eda (0x03ad6a33) rem     s4, s10, s10
core   0: 1 0x0000000080004eda (0x03ad6a33) x20 0x0000000000000000
core   0: 0x0000000080004ede (0x00102273) csrrs   tp, fflags, zero
core   0: 1 0x0000000080004ede (0x00102273) x4  0x0000000000000000
core   0: 0x0000000080004ee2 (0x0a9a7953) fsub.d  fs2, fs4, fs1
core   0: 1 0x0000000080004ee2 (0x0a9a7953) f18 0xc1db075600000000
core   0: 0x0000000080004ee6 (0x03fa5493) srli    s1, s4, 63
core   0: 1 0x0000000080004ee6 (0x03fa5493) x9  0x0000000000000000
core   0: 0x0000000080004eea (0x23ef02d3) fsgnj.d ft5, ft10, ft10
core   0: 1 0x0000000080004eea (0x23ef02d3) f5  0x7ff8000000000000
core   0: 0x0000000080004eee (0xc214fed3) fcvt.wu.d t4, fs1
core   0: 1 0x0000000080004eee (0xc214fed3) x29 0x000000006c1d5800
core   0: 0x0000000080004ef2 (0x03fd5d93) srli    s11, s10, 63
core   0: 1 0x0000000080004ef2 (0x03fd5d93) x27 0x0000000000000001
core   0: 0x0000000080004ef6 (0x0359fad3) fadd.d  fs5, fs3, fs5
core   0: 1 0x0000000080004ef6 (0x0359fad3) f21 0x7ff8000000000000
core   0: 0x0000000080004efa (0xd21d8853) fcvt.d.wu fa6, s11
core   0: 1 0x0000000080004efa (0xd21d8853) f16 0x3ff0000000000000
core   0: 0x0000000080004efe (0x03b4d13b) divuw   sp, s1, s11
core   0: 1 0x0000000080004efe (0x03b4d13b) x2  0x0000000000000000
core   0: 0x0000000080004f02 (0xa38c03d3) fle.d   t2, fs8, fs8
core   0: 1 0x0000000080004f02 (0xa38c03d3) c1_fflags 0x0000000000000010 x7  0x0000000000000000
core   0: 0x0000000080004f06 (0x00065793) srli    a5, a2, 0
core   0: 1 0x0000000080004f06 (0x00065793) x15 0x000000006c1d5800
core   0: 0x0000000080004f0a (0x7ffe0293) addi    t0, t3, 2047
core   0: 1 0x0000000080004f0a (0x7ffe0293) x5  0x0000000000000284
core   0: 0x0000000080004f0e (0x01f1d71b) srliw   a4, gp, 31
core   0: 1 0x0000000080004f0e (0x01f1d71b) x14 0x0000000000000000
core   0: 0x0000000080004f12 (0xc03af5d3) fcvt.lu.s a1, fs5
core   0: 1 0x0000000080004f12 (0xc03af5d3) c1_fflags 0x0000000000000010 x11 0xffffffffffffffff
core   0: 0x0000000080004f16 (0x41c557b3) sra     a5, a0, t3
core   0: 1 0x0000000080004f16 (0x41c557b3) x15 0x0000000000e21b00
core   0: 0x0000000080004f1a (0x17edf413) andi    s0, s11, 382
core   0: 1 0x0000000080004f1a (0x17edf413) x8  0x0000000000000000
core   0: 0x0000000080004f1e (0x0150853b) addw    a0, ra, s5
core   0: 1 0x0000000080004f1e (0x0150853b) x10 0x00000000000000a4
core   0: 0x0000000080004f22 (0x02eaf333) remu    t1, s5, a4
core   0: 1 0x0000000080004f22 (0x02eaf333) x6  0x00000000000000a4
core   0: 0x0000000080004f26 (0x000a1e93) slli    t4, s4, 0
core   0: 1 0x0000000080004f26 (0x000a1e93) x29 0x0000000000000000
core   0: 0x0000000080004f2a (0x40197fd3) fcvt.s.d ft11, fs2
core   0: 1 0x0000000080004f2a (0x40197fd3) f31 0xffffffffced83ab0
core   0: 0x0000000080004f2e (0x017ecc33) xor     s8, t4, s7
core   0: 1 0x0000000080004f2e (0x017ecc33) x24 0x0000000000000000
core   0: 0x0000000080004f32 (0xf20806d3) fmv.d.x fa3, a6
core   0: 1 0x0000000080004f32 (0xf20806d3) f13 0x0000000000000000
core   0: 0x0000000080004f36 (0x2bde9d53) fmax.d  fs10, ft9, ft9
core   0: 1 0x0000000080004f36 (0x2bde9d53) f26 0x7ff8000000000000
core   0: 0x0000000080004f3a (0x025232b3) mulhu   t0, tp, t0
core   0: 1 0x0000000080004f3a (0x025232b3) x5  0x0000000000000000
core   0: 0x0000000080004f3e (0x01d2863b) addw    a2, t0, t4
core   0: 1 0x0000000080004f3e (0x01d2863b) x12 0x0000000000000000
core   0: 0x0000000080004f42 (0xd2038b53) fcvt.d.w fs6, t2
core   0: 1 0x0000000080004f42 (0xd2038b53) f22 0x0000000000000000
core   0: 0x0000000080004f46 (0x409ddb3b) sraw    s6, s11, s1
core   0: 1 0x0000000080004f46 (0x409ddb3b) x22 0x0000000000000001
core   0: 0x0000000080004f4a (0x0242093b) mulw    s2, tp, tp
core   0: 1 0x0000000080004f4a (0x0242093b) x18 0x0000000000000000
core   0: 0x0000000080004f4e (0x01a31a3b) sllw    s4, t1, s10
core   0: 1 0x0000000080004f4e (0x01a31a3b) x20 0x00000000000000a4
core   0: 0x0000000080004f52 (0xc16c8b9b) addiw   s7, s9, -1002
core   0: 1 0x0000000080004f52 (0xc16c8b9b) x23 0xfffffffffffffc16
core   0: 0x0000000080004f56 (0x01f4559b) srliw   a1, s0, 31
core   0: 1 0x0000000080004f56 (0x01f4559b) x11 0x0000000000000000
core   0: 0x0000000080004f5a (0x3201a473) csrrs   s0, mcountinhibit, gp
core   0: exception trap_illegal_instruction, epc 0x0000000080004f5a
core   0:           tval 0x000000003201a473
core   0: >>>>  $xrv64i2p1_m2p0_a2p1_f2p2_d2p2_zicsr2p0_zifencei2p0_zmmul1p0_zba1p0_zbb1p0_zbc1p0_zbs1p0
core   0: 0x0000000080004000 (0x0080006f) j       pc + 0x8
core   0: 3 0x0000000080004000 (0x0080006f)
core   0: >>>>  mmode_exception_handler
core   0: 0x0000000080004008 (0x00002c17) auipc   s8, 0x2
core   0: 3 0x0000000080004008 (0x00002c17) x24 0x0000000080006008
core   0: 0x000000008000400c (0xfcec0c13) addi    s8, s8, -50
core   0: 3 0x000000008000400c (0xfcec0c13) x24 0x0000000080005fd6
core   0: 0x0000000080004010 (0x000c00e7) jalr    s8
core   0: 3 0x0000000080004010 (0x000c00e7) x1  0x0000000080004014
core   0: >>>>  any_handler
core   0: 0x0000000080005fd6 (0x341027f3) csrrs   a5, mepc, zero
core   0: 3 0x0000000080005fd6 (0x341027f3) x15 0x0000000080004f5a
core   0: 0x0000000080005fda (0x34202773) csrrs   a4, mcause, zero
core   0: 3 0x0000000080005fda (0x34202773) x14 0x0000000000000002
core   0: 0x0000000080005fde (0x142026f3) csrrs   a3, scause, zero
core   0: 3 0x0000000080005fde (0x142026f3) x13 0x0000000000000000
core   0: 0x0000000080005fe2 (0x30402673) csrrs   a2, mie, zero
core   0: 3 0x0000000080005fe2 (0x30402673) x12 0x0000000000000a00
core   0: 0x0000000080005fe6 (0x344025f3) csrrs   a1, mip, zero
core   0: 3 0x0000000080005fe6 (0x344025f3) x11 0x0000000000000080
core   0: 0x0000000080005fea (0x343025f3) csrrs   a1, mtval, zero
core   0: 3 0x0000000080005fea (0x343025f3) x11 0x000000003201a473
core   0: 0x0000000080005fee (0x14302573) csrrs   a0, stval, zero
core   0: 3 0x0000000080005fee (0x14302573) x10 0x0000000000000000
core   0: 0x0000000080005ff2 (0xb02024f3) csrrs   s1, minstret, zero
core   0: 3 0x0000000080005ff2 (0xb02024f3) x9  0x0000000000000d2d
core   0: 0x0000000080005ff6 (0x0000a811) c.j     pc + 20
core   0: 3 0x0000000080005ff6 (0xa811)
core   0: >>>>  mepc_4
core   0: 0x000000008000600a (0x00000791) c.addi  a5, 4
core   0: 3 0x000000008000600a (0x0791) x15 0x0000000080004f5e
core   0: 0x000000008000600c (0x34179073) csrrw   zero, mepc, a5
core   0: 3 0x000000008000600c (0x34179073) c833_mepc 0x0000000080004f5e
core   0: 0x0000000080006010 (0x30200073) mret
core   0: 3 0x0000000080006010 (0x30200073) c768_mstatus 0x8000000a00106080
core   0: 0x0000000080004f5e (0x0216f3b3) remu    t2, a3, ra
core   0: 1 0x0000000080004f5e (0x0216f3b3) x7  0x0000000000000000
core   0: 0x0000000080004f62 (0x5a81734b) fnmsub.d ft6, ft2, fs0, fa1
core   0: 1 0x0000000080004f62 (0x5a81734b) f6  0x7ff8000000000000
core   0: 0x0000000080004f66 (0x00091913) slli    s2, s2, 0
core   0: 1 0x0000000080004f66 (0x00091913) x18 0x0000000000000000
core   0: 0x0000000080004f6a (0x0ff0000f) fence   iorw,iorw
core   0: 1 0x0000000080004f6a (0x0ff0000f)
core   0: 0x0000000080004f6e (0x40058333) sub     t1, a1, zero
core   0: 1 0x0000000080004f6e (0x40058333) x6  0x000000003201a473
core   0: 0x0000000080004f72 (0x0144939b) slliw   t2, s1, 20
core   0: 1 0x0000000080004f72 (0x0144939b) x7  0xffffffffd2d00000
core   0: 0x0000000080004f76 (0x2b231053) fmax.d  ft0, ft6, fs2
core   0: 1 0x0000000080004f76 (0x2b231053) f0  0xc1db075600000000
core   0: 0x0000000080004f7a (0x238ea2d3) fsgnjx.d ft5, ft9, fs8
core   0: 1 0x0000000080004f7a (0x238ea2d3) f5  0xfff8000000000000
core   0: 0x0000000080004f7e (0x006b9c9b) slliw   s9, s7, 6
core   0: 1 0x0000000080004f7e (0x006b9c9b) x25 0xffffffffffff0580
core   0: 0x0000000080004f82 (0x029765b3) rem     a1, a4, s1
core   0: 1 0x0000000080004f82 (0x029765b3) x11 0x0000000000000002
core   0: 0x0000000080004f86 (0x014cd73b) srlw    a4, s9, s4
core   0: 1 0x0000000080004f86 (0x014cd73b) x14 0x000000000ffff058
core   0: 0x0000000080004f8a (0x23a008d3) fsgnj.d fa7, ft0, fs10
core   0: 1 0x0000000080004f8a (0x23a008d3) f17 0x41db075600000000
core   0: 0x0000000080004f8e (0x1b4a0017) auipc   zero, 0x1b4a0
core   0: 1 0x0000000080004f8e (0x1b4a0017)
core   0: 0x0000000080004f92 (0xf2000f53) fmv.d.x ft10, zero
core   0: 1 0x0000000080004f92 (0xf2000f53) f30 0x0000000000000000
core   0: 0x0000000080004f96 (0x00221df3) csrrw   s11, frm, tp
core   0: 1 0x0000000080004f96 (0x00221df3) x27 0x0000000000000000 c2_frm 0x0000000000000000
core   0: 0x0000000080004f9a (0x0bef79cf) fnmadd.d fs3, ft10, ft10, ft1
core   0: 1 0x0000000080004f9a (0x0bef79cf) f19 0x7ff8000000000000
core   0: 0x0000000080004f9e (0x01c285bb) addw    a1, t0, t3
core   0: 1 0x0000000080004f9e (0x01c285bb) x11 0xfffffffffffffa85
core   0: 0x0000000080004fa2 (0x405e513b) sraw    sp, t3, t0
core   0: 1 0x0000000080004fa2 (0x405e513b) x2  0xfffffffffffffa85
core   0: 0x0000000080004fa6 (0x5a0dfc53) fsqrt.d fs8, fs11
core   0: 1 0x0000000080004fa6 (0x5a0dfc53) f24 0x7ff8000000000000
core   0: 0x0000000080004faa (0x41805a33) sra     s4, zero, s8
core   0: 1 0x0000000080004faa (0x41805a33) x20 0x0000000000000000
core   0: 0x0000000080004fae (0x0a4c7dd3) fsub.d  fs11, fs8, ft4
core   0: 1 0x0000000080004fae (0x0a4c7dd3) f27 0x7ff8000000000000
core   0: 0x0000000080004fb2 (0x0343f43b) remuw   s0, t2, s4
core   0: 1 0x0000000080004fb2 (0x0343f43b) x8  0xffffffffd2d00000
core   0: 0x0000000080004fb6 (0x110ba837) lui     a6, 0x110ba
core   0: 1 0x0000000080004fb6 (0x110ba837) x16 0x00000000110ba000
core   0: 0x0000000080004fba (0x028d5d33) divu    s10, s10, s0
core   0: 1 0x0000000080004fba (0x028d5d33) x26 0x0000000000000000
core   0: 0x0000000080004fbe (0x030d2eb3) mulhsu  t4, s10, a6
core   0: 1 0x0000000080004fbe (0x030d2eb3) x29 0x0000000000000000
core   0: 0x0000000080004fc2 (0x40da5813) srai    a6, s4, 13
core   0: 1 0x0000000080004fc2 (0x40da5813) x16 0x0000000000000000
core   0: 0x0000000080004fc6 (0x00b81cb3) sll     s9, a6, a1
core   0: 1 0x0000000080004fc6 (0x00b81cb3) x25 0x0000000000000000
core   0: 0x0000000080004fca (0x401cd613) srai    a2, s9, 1
core   0: 1 0x0000000080004fca (0x401cd613) x12 0x0000000000000000
core   0: 0x0000000080004fce (0x00165b13) srli    s6, a2, 1
core   0: 1 0x0000000080004fce (0x00165b13) x22 0x0000000000000000
core   0: 0x0000000080004fd2 (0x027d93b3) mulh    t2, s11, t2
core   0: 1 0x0000000080004fd2 (0x027d93b3) x7  0x0000000000000000
core   0: 0x0000000080004fd6 (0x7ff76993) ori     s3, a4, 2047
core   0: 1 0x0000000080004fd6 (0x7ff76993) x19 0x000000000ffff7ff
core   0: 0x0000000080004fda (0x8b21f7cb) fnmsub.d fa5, ft3, fs2, fa7
core   0: 1 0x0000000080004fda (0x8b21f7cb) f15 0x43c6d462cebd2eac
core   0: 0x0000000080004fde (0x00000001) c.nop
core   0: 1 0x0000000080004fde (0x0001)
core   0: 0x0000000080004fe0 (0x033c7db3) remu    s11, s8, s3
core   0: 1 0x0000000080004fe0 (0x033c7db3) x27 0x0000000000009fde
core   0: 0x0000000080004fe4 (0x80010113) addi    sp, sp, -2048
core   0: 1 0x0000000080004fe4 (0x80010113) x2  0xfffffffffffff285
core   0: 0x0000000080004fe8 (0x400ada93) srai    s5, s5, 0
core   0: 1 0x0000000080004fe8 (0x400ada93) x21 0x00000000000000a4
core   0: 0x0000000080004fec (0x3cbdc413) xori    s0, s11, 971
core   0: 1 0x0000000080004fec (0x3cbdc413) x8  0x0000000000009c15
core   0: 0x0000000080004ff0 (0x035aeabb) remw    s5, s5, s5
core   0: 1 0x0000000080004ff0 (0x035aeabb) x21 0x0000000000000000
core   0: 0x0000000080004ff4 (0x00f95e1b) srliw   t3, s2, 15
core   0: 1 0x0000000080004ff4 (0x00f95e1b) x28 0x0000000000000000
core   0: 0x0000000080004ff8 (0x2af89453) fmax.d  fs0, fa7, fa5
core   0: 1 0x0000000080004ff8 (0x2af89453) f8  0x43c6d462cebd2eac
core   0: 0x0000000080004ffc (0x015c83b3) add     t2, s9, s5
core   0: 1 0x0000000080004ffc (0x015c83b3) x7  0x0000000000000000
core   0: 0x0000000080005000 (0x027e47bb) divw    a5, t3, t2
core   0: 1 0x0000000080005000 (0x027e47bb) x15 0xffffffffffffffff
core   0: 0x0000000080005004 (0x00202773) csrrs   a4, frm, zero
core   0: 1 0x0000000080005004 (0x00202773) x14 0x0000000000000000
core   0: 0x0000000080005008 (0x0071919b) slliw   gp, gp, 7
core   0: 1 0x0000000080005008 (0x0071919b) x3  0x0000000000000000
core   0: 0x000000008000500c (0xb028b2f3) csrrc   t0, minstret, a7
core   0: exception trap_illegal_instruction, epc 0x000000008000500c
core   0:           tval 0x00000000b028b2f3
core   0: >>>>  $xrv64i2p1_m2p0_a2p1_f2p2_d2p2_zicsr2p0_zifencei2p0_zmmul1p0_zba1p0_zbb1p0_zbc1p0_zbs1p0
core   0: 0x0000000080004000 (0x0080006f) j       pc + 0x8
core   0: 3 0x0000000080004000 (0x0080006f)
core   0: >>>>  mmode_exception_handler
core   0: 0x0000000080004008 (0x00002c17) auipc   s8, 0x2
core   0: 3 0x0000000080004008 (0x00002c17) x24 0x0000000080006008
core   0: 0x000000008000400c (0xfcec0c13) addi    s8, s8, -50
core   0: 3 0x000000008000400c (0xfcec0c13) x24 0x0000000080005fd6
core   0: 0x0000000080004010 (0x000c00e7) jalr    s8
core   0: 3 0x0000000080004010 (0x000c00e7) x1  0x0000000080004014
core   0: >>>>  any_handler
core   0: 0x0000000080005fd6 (0x341027f3) csrrs   a5, mepc, zero
core   0: 3 0x0000000080005fd6 (0x341027f3) x15 0x000000008000500c
core   0: 0x0000000080005fda (0x34202773) csrrs   a4, mcause, zero
core   0: 3 0x0000000080005fda (0x34202773) x14 0x0000000000000002
core   0: 0x0000000080005fde (0x142026f3) csrrs   a3, scause, zero
core   0: 3 0x0000000080005fde (0x142026f3) x13 0x0000000000000000
core   0: 0x0000000080005fe2 (0x30402673) csrrs   a2, mie, zero
core   0: 3 0x0000000080005fe2 (0x30402673) x12 0x0000000000000a00
core   0: 0x0000000080005fe6 (0x344025f3) csrrs   a1, mip, zero
core   0: 3 0x0000000080005fe6 (0x344025f3) x11 0x0000000000000080
core   0: 0x0000000080005fea (0x343025f3) csrrs   a1, mtval, zero
core   0: 3 0x0000000080005fea (0x343025f3) x11 0x00000000b028b2f3
core   0: 0x0000000080005fee (0x14302573) csrrs   a0, stval, zero
core   0: 3 0x0000000080005fee (0x14302573) x10 0x0000000000000000
core   0: 0x0000000080005ff2 (0xb02024f3) csrrs   s1, minstret, zero
core   0: 3 0x0000000080005ff2 (0xb02024f3) x9  0x0000000000000d69
core   0: 0x0000000080005ff6 (0x0000a811) c.j     pc + 20
core   0: 3 0x0000000080005ff6 (0xa811)
core   0: >>>>  mepc_4
core   0: 0x000000008000600a (0x00000791) c.addi  a5, 4
core   0: 3 0x000000008000600a (0x0791) x15 0x0000000080005010
core   0: 0x000000008000600c (0x34179073) csrrw   zero, mepc, a5
core   0: 3 0x000000008000600c (0x34179073) c833_mepc 0x0000000080005010
core   0: 0x0000000080006010 (0x30200073) mret
core   0: 3 0x0000000080006010 (0x30200073) c768_mstatus 0x8000000a00106080
core   0: 0x0000000080005010 (0x419cdeb3) sra     t4, s9, s9
core   0: 1 0x0000000080005010 (0x419cdeb3) x29 0x0000000000000000
core   0: 0x0000000080005014 (0xd2120453) fcvt.d.wu fs0, tp
core   0: 1 0x0000000080005014 (0xd2120453) f8  0x0000000000000000
core   0: 0x0000000080005018 (0x4003d59b) sraiw   a1, t2, 0
core   0: 1 0x0000000080005018 (0x4003d59b) x11 0x0000000000000000
core   0: 0x000000008000501c (0x023591b3) mulh    gp, a1, gp
core   0: 1 0x000000008000501c (0x023591b3) x3  0x0000000000000000
core   0: 0x0000000080005020 (0x4094863b) subw    a2, s1, s1
core   0: 1 0x0000000080005020 (0x4094863b) x12 0x0000000000000000
core   0: 0x0000000080005024 (0x00000001) c.nop
core   0: 1 0x0000000080005024 (0x0001)
core   0: 0x0000000080005026 (0x0e220593) addi    a1, tp, 226
core   0: 1 0x0000000080005026 (0x0e220593) x11 0x00000000000000e2
core   0: 0x000000008000502a (0x4125dbbb) sraw    s7, a1, s2
core   0: 1 0x000000008000502a (0x4125dbbb) x23 0x00000000000000e2
core   0: 0x000000008000502e (0xc028f4d3) fcvt.l.s s1, fa7
core   0: 1 0x000000008000502e (0xc028f4d3) c1_fflags 0x0000000000000010 x9  0x7fffffffffffffff
core   0: 0x0000000080005032 (0x0ff0000f) fence   iorw,iorw
core   0: 1 0x0000000080005032 (0x0ff0000f)
core   0: 0x0000000080005036 (0x029c733b) remuw   t1, s8, s1
core   0: 1 0x0000000080005036 (0x029c733b) x6  0xffffffff80005fd6
core   0: 0x000000008000503a (0x02981833) mulh    a6, a6, s1
core   0: 1 0x000000008000503a (0x02981833) x16 0x0000000000000000
core   0: 0x000000008000503e (0xc027f653) fcvt.l.s a2, fa5
core   0: 1 0x000000008000503e (0xc027f653) c1_fflags 0x0000000000000010 x12 0x7fffffffffffffff
core   0: 0x0000000080005042 (0xe2078e53) fmv.x.d t3, fa5
core   0: 1 0x0000000080005042 (0xe2078e53) x28 0x43c6d462cebd2eac
core   0: 0x0000000080005046 (0x0000989b) slliw   a7, ra, 0
core   0: 1 0x0000000080005046 (0x0000989b) x17 0xffffffff80004014
core   0: 0x000000008000504a (0x40147bd3) fcvt.s.d fs7, fs0
core   0: 1 0x000000008000504a (0x40147bd3) f23 0xffffffff00000000
core   0: 0x000000008000504e (0x6e788a9b) addiw   s5, a7, 1767
core   0: 1 0x000000008000504e (0x6e788a9b) x21 0xffffffff800046fb
core   0: 0x0000000080005052 (0x0018931b) slliw   t1, a7, 1
core   0: 1 0x0000000080005052 (0x0018931b) x6  0x0000000000008028
core   0: 0x0000000080005056 (0x03c7d3b3) divu    t2, a5, t3
core   0: 1 0x0000000080005056 (0x03c7d3b3) x7  0x0000000000000000
core   0: 0x000000008000505a (0x03c84833) div     a6, a6, t3
core   0: 1 0x000000008000505a (0x03c84833) x16 0x0000000000000000
core   0: 0x000000008000505e (0x001b18f3) csrrw   a7, fflags, s6
core   0: 1 0x000000008000505e (0x001b18f3) x17 0x0000000000000010 c1_fflags 0x0000000000000000
core   0: 0x0000000080005062 (0xc0397b53) fcvt.lu.s s6, fs2
core   0: 1 0x0000000080005062 (0xc0397b53) c1_fflags 0x0000000000000010 x22 0xffffffffffffffff
core   0: 0x0000000080005066 (0x00b8d9bb) srlw    s3, a7, a1
core   0: 1 0x0000000080005066 (0x00b8d9bb) x19 0x0000000000000004
core   0: 0x000000008000506a (0x019b00bb) addw    ra, s6, s9
core   0: 1 0x000000008000506a (0x019b00bb) x1  0xffffffffffffffff
core   0: 0x000000008000506e (0x02bada13) srli    s4, s5, 43
core   0: 1 0x000000008000506e (0x02bada13) x20 0x00000000001fffff
core   0: 0x0000000080005072 (0x0ab1f537) lui     a0, 0xab1f
core   0: 1 0x0000000080005072 (0x0ab1f537) x10 0x000000000ab1f000
core   0: 0x0000000080005076 (0xb3047b4b) fnmsub.d fs6, fs0, fa6, fs6
core   0: 1 0x0000000080005076 (0xb3047b4b) f22 0x0000000000000000
core   0: 0x000000008000507a (0xba407ccf) fnmadd.d fs9, ft0, ft4, fs7
core   0: 1 0x000000008000507a (0xba407ccf) f25 0x7ff8000000000000
core   0: 0x000000008000507e (0x01b7119b) slliw   gp, a4, 27
core   0: 1 0x000000008000507e (0x01b7119b) x3  0x0000000010000000
core   0: 0x0000000080005082 (0x035af933) remu    s2, s5, s5
core   0: 1 0x0000000080005082 (0x035af933) x18 0x0000000000000000
core   0: 0x0000000080005086 (0x27b48337) lui     t1, 0x27b48
core   0: 1 0x0000000080005086 (0x27b48337) x6  0x0000000027b48000
core   0: 0x000000008000508a (0x0000040e) c.slli  s0, 3
core   0: 1 0x000000008000508a (0x040e) x8  0x000000000004e0a8
core   0: 0x000000008000508c (0x00c1debb) srlw    t4, gp, a2
core   0: 1 0x000000008000508c (0x00c1debb) x29 0x0000000000000000
core   0: 0x0000000080005090 (0xc02176d3) fcvt.l.s a3, ft2
core   0: 1 0x0000000080005090 (0xc02176d3) c1_fflags 0x0000000000000010 x13 0x7fffffffffffffff
core   0: 0x0000000080005094 (0x002a87bb) addw    a5, s5, sp
core   0: 1 0x0000000080005094 (0x002a87bb) x15 0xffffffff80003980
core   0: 0x0000000080005098 (0x0b7271d3) fsub.d  ft3, ft4, fs7
core   0: 1 0x0000000080005098 (0x0b7271d3) f3  0x7ff8000000000000
core   0: 0x000000008000509c (0xdbb4724b) fnmsub.d ft4, fs0, fs11, fs11
core   0: 1 0x000000008000509c (0xdbb4724b) f4  0x7ff8000000000000
core   0: 0x00000000800050a0 (0xc2047853) fcvt.w.d a6, fs0
core   0: 1 0x00000000800050a0 (0xc2047853) x16 0x0000000000000000
core   0: 0x00000000800050a4 (0x0107d8b3) srl     a7, a5, a6
core   0: 1 0x00000000800050a4 (0x0107d8b3) x17 0xffffffff80003980
core   0: 0x00000000800050a8 (0x012882b3) add     t0, a7, s2
core   0: 1 0x00000000800050a8 (0x012882b3) x5  0xffffffff80003980
core   0: 0x00000000800050ac (0x02d17a3b) remuw   s4, sp, a3
core   0: 1 0x00000000800050ac (0x02d17a3b) x20 0xfffffffffffff285
core   0: 0x00000000800050b0 (0xee2c0c13) addi    s8, s8, -286
core   0: 1 0x00000000800050b0 (0xee2c0c13) x24 0x0000000080005eb8
core   0: 0x00000000800050b4 (0xc03d7153) fcvt.lu.s sp, fs10
core   0: 1 0x00000000800050b4 (0xc03d7153) c1_fflags 0x0000000000000010 x2  0xffffffffffffffff
core   0: 0x00000000800050b8 (0x01c327b3) slt     a5, t1, t3
core   0: 1 0x00000000800050b8 (0x01c327b3) x15 0x0000000000000001
core   0: 0x00000000800050bc (0x7b007df3) csrrci  s11, dcsr, 0
core   0: exception trap_illegal_instruction, epc 0x00000000800050bc
core   0:           tval 0x000000007b007df3
core   0: >>>>  $xrv64i2p1_m2p0_a2p1_f2p2_d2p2_zicsr2p0_zifencei2p0_zmmul1p0_zba1p0_zbb1p0_zbc1p0_zbs1p0
core   0: 0x0000000080004000 (0x0080006f) j       pc + 0x8
core   0: 3 0x0000000080004000 (0x0080006f)
core   0: >>>>  mmode_exception_handler
core   0: 0x0000000080004008 (0x00002c17) auipc   s8, 0x2
core   0: 3 0x0000000080004008 (0x00002c17) x24 0x0000000080006008
core   0: 0x000000008000400c (0xfcec0c13) addi    s8, s8, -50
core   0: 3 0x000000008000400c (0xfcec0c13) x24 0x0000000080005fd6
core   0: 0x0000000080004010 (0x000c00e7) jalr    s8
core   0: 3 0x0000000080004010 (0x000c00e7) x1  0x0000000080004014
core   0: >>>>  any_handler
core   0: 0x0000000080005fd6 (0x341027f3) csrrs   a5, mepc, zero
core   0: 3 0x0000000080005fd6 (0x341027f3) x15 0x00000000800050bc
core   0: 0x0000000080005fda (0x34202773) csrrs   a4, mcause, zero
core   0: 3 0x0000000080005fda (0x34202773) x14 0x0000000000000002
core   0: 0x0000000080005fde (0x142026f3) csrrs   a3, scause, zero
core   0: 3 0x0000000080005fde (0x142026f3) x13 0x0000000000000000
core   0: 0x0000000080005fe2 (0x30402673) csrrs   a2, mie, zero
core   0: 3 0x0000000080005fe2 (0x30402673) x12 0x0000000000000a00
core   0: 0x0000000080005fe6 (0x344025f3) csrrs   a1, mip, zero
core   0: 3 0x0000000080005fe6 (0x344025f3) x11 0x0000000000000080
core   0: 0x0000000080005fea (0x343025f3) csrrs   a1, mtval, zero
core   0: 3 0x0000000080005fea (0x343025f3) x11 0x000000007b007df3
core   0: 0x0000000080005fee (0x14302573) csrrs   a0, stval, zero
core   0: 3 0x0000000080005fee (0x14302573) x10 0x0000000000000000
core   0: 0x0000000080005ff2 (0xb02024f3) csrrs   s1, minstret, zero
core   0: 3 0x0000000080005ff2 (0xb02024f3) x9  0x0000000000000da5
core   0: 0x0000000080005ff6 (0x0000a811) c.j     pc + 20
core   0: 3 0x0000000080005ff6 (0xa811)
core   0: >>>>  mepc_4
core   0: 0x000000008000600a (0x00000791) c.addi  a5, 4
core   0: 3 0x000000008000600a (0x0791) x15 0x00000000800050c0
core   0: 0x000000008000600c (0x34179073) csrrw   zero, mepc, a5
core   0: 3 0x000000008000600c (0x34179073) c833_mepc 0x00000000800050c0
core   0: 0x0000000080006010 (0x30200073) mret
core   0: 3 0x0000000080006010 (0x30200073) c768_mstatus 0x8000000a00106080
core   0: 0x00000000800050c0 (0xc2297153) fcvt.l.d sp, fs2
core   0: 1 0x00000000800050c0 (0xc2297153) x2  0xffffffff93e2a800
core   0: 0x00000000800050c4 (0x007bebb3) or      s7, s7, t2
core   0: 1 0x00000000800050c4 (0x007bebb3) x23 0x00000000000000e2
core   0: 0x00000000800050c8 (0xd027f5d3) fcvt.s.l fa1, a5
core   0: 1 0x00000000800050c8 (0xd027f5d3) c1_fflags 0x0000000000000011 f11 0xffffffff4f000051
core   0: 0x00000000800050cc (0x02a0d833) divu    a6, ra, a0
core   0: 1 0x00000000800050cc (0x02a0d833) x16 0xffffffffffffffff
core   0: 0x00000000800050d0 (0x017a08bb) addw    a7, s4, s7
core   0: 1 0x00000000800050d0 (0x017a08bb) x17 0xfffffffffffff367
core   0: 0x00000000800050d4 (0x82dbfa13) andi    s4, s7, -2003
core   0: 1 0x00000000800050d4 (0x82dbfa13) x20 0x0000000000000020
core   0: 0x00000000800050d8 (0x00067633) and     a2, a2, zero
core   0: 1 0x00000000800050d8 (0x00067633) x12 0x0000000000000000
core   0: 0x00000000800050dc (0xfff5e593) ori     a1, a1, -1
core   0: 1 0x00000000800050dc (0xfff5e593) x11 0xffffffffffffffff
core   0: 0x00000000800050e0 (0x4b755b97) auipc   s7, 0x4b755
core   0: 1 0x00000000800050e0 (0x4b755b97) x23 0x00000000cb75a0e0
core   0: 0x00000000800050e4 (0x00000001) c.nop
core   0: 1 0x00000000800050e4 (0x0001)
core   0: 0x00000000800050e6 (0xd02079d3) fcvt.s.l fs3, zero
core   0: 1 0x00000000800050e6 (0xd02079d3) f19 0xffffffff00000000
core   0: 0x00000000800050ea (0xfea79337) lui     t1, 0xfea79
core   0: 1 0x00000000800050ea (0xfea79337) x6  0xfffffffffea79000
core   0: 0x00000000800050ee (0xe9b3031b) addiw   t1, t1, -357
core   0: 1 0x00000000800050ee (0xe9b3031b) x6  0xfffffffffea78e9b
core   0: 0x00000000800050f2 (0x0000033a) c.slli  t1, 14
core   0: 1 0x00000000800050f2 (0x033a) x6  0xffffffa9e3a6c000
core   0: 0x00000000800050f4 (0x54730313) addi    t1, t1, 1351
core   0: 1 0x00000000800050f4 (0x54730313) x6  0xffffffa9e3a6c547
core   0: 0x00000000800050f8 (0x03f11b13) slli    s6, sp, 63
core   0: 1 0x00000000800050f8 (0x03f11b13) x22 0x0000000000000000
core   0: 0x00000000800050fc (0x0339d2b3) divu    t0, s3, s3
core   0: 1 0x00000000800050fc (0x0339d2b3) x5  0x0000000000000001
core   0: 0x0000000080005100 (0x22d29953) fsgnjn.d fs2, ft5, fa3
core   0: 1 0x0000000080005100 (0x22d29953) f18 0xfff8000000000000
core   0: 0x0000000080005104 (0x01fb5b9b) srliw   s7, s6, 31
core   0: 1 0x0000000080005104 (0x01fb5b9b) x23 0x0000000000000000
core   0: 0x0000000080005108 (0xfb23f447) fmsub.d fs0, ft7, fs2, ft11
core   0: 1 0x0000000080005108 (0xfb23f447) f8  0x7ff8000000000000
core   0: 0x000000008000510c (0x13cd7e53) fmul.d  ft8, fs10, ft8
core   0: 1 0x000000008000510c (0x13cd7e53) f28 0x7ff8000000000000
core   0: 0x0000000080005110 (0x00009e11) c.subw  a2, a2
core   0: 1 0x0000000080005110 (0x9e11) x12 0x0000000000000000
core   0: 0x0000000080005112 (0xc02e7dd3) fcvt.l.s s11, ft8
core   0: 1 0x0000000080005112 (0xc02e7dd3) c1_fflags 0x0000000000000011 x27 0x7fffffffffffffff
core   0: 0x0000000080005116 (0xd0387353) fcvt.s.lu ft6, a6
core   0: 1 0x0000000080005116 (0xd0387353) c1_fflags 0x0000000000000011 f6  0xffffffff5f800000
core   0: 0x000000008000511a (0x0329783b) remuw   a6, s2, s2
core   0: 1 0x000000008000511a (0x0329783b) x16 0x0000000000000000
core   0: 0x000000008000511e (0xc22b7cd3) fcvt.l.d s9, fs6
core   0: 1 0x000000008000511e (0xc22b7cd3) x25 0x0000000000000000
core   0: 0x0000000080005122 (0x02e07a3b) remuw   s4, zero, a4
core   0: 1 0x0000000080005122 (0x02e07a3b) x20 0x0000000000000000
core   0: 0x0000000080005126 (0x024663bb) remw    t2, a2, tp
core   0: 1 0x0000000080005126 (0x024663bb) x7  0x0000000000000000
core   0: 0x000000008000512a (0x00121313) slli    t1, tp, 1
core   0: 1 0x000000008000512a (0x00121313) x6  0x0000000000000000
core   0: 0x000000008000512e (0xc33ff8c3) fmadd.d fa7, ft11, fs3, fs8
core   0: 1 0x000000008000512e (0xc33ff8c3) f17 0x7ff8000000000000
core   0: 0x0000000080005132 (0xf2038c53) fmv.d.x fs8, t2
core   0: 1 0x0000000080005132 (0xf2038c53) f24 0x0000000000000000
core   0: 0x0000000080005136 (0x2aff97d3) fmax.d  fa5, ft11, fa5
core   0: 1 0x0000000080005136 (0x2aff97d3) f15 0x43c6d462cebd2eac
core   0: 0x000000008000513a (0x0060013b) addw    sp, zero, t1
core   0: 1 0x000000008000513a (0x0060013b) x2  0x0000000000000000
core   0: 0x000000008000513e (0xd21d0cd3) fcvt.d.wu fs9, s10
core   0: 1 0x000000008000513e (0xd21d0cd3) f25 0x0000000000000000
core   0: 0x0000000080005142 (0x0011d313) srli    t1, gp, 1
core   0: 1 0x0000000080005142 (0x0011d313) x6  0x0000000008000000
core   0: 0x0000000080005146 (0x00ca9633) sll     a2, s5, a2
core   0: 1 0x0000000080005146 (0x00ca9633) x12 0xffffffff800046fb
core   0: 0x000000008000514a (0x420f0253) fcvt.d.s ft4, ft10
core   0: 1 0x000000008000514a (0x420f0253) f4  0x7ff8000000000000
core   0: 0x000000008000514e (0x008bd393) srli    t2, s7, 8
core   0: 1 0x000000008000514e (0x008bd393) x7  0x0000000000000000
core   0: 0x0000000080005152 (0xc22f76d3) fcvt.l.d a3, ft10
core   0: 1 0x0000000080005152 (0xc22f76d3) x13 0x0000000000000000
core   0: 0x0000000080005156 (0x4074043b) subw    s0, s0, t2
core   0: 1 0x0000000080005156 (0x4074043b) x8  0x000000000004e0a8
core   0: 0x000000008000515a (0x02dc7a33) remu    s4, s8, a3
core   0: 1 0x000000008000515a (0x02dc7a33) x20 0x0000000080005fd6
core   0: 0x000000008000515e (0x006d56b3) srl     a3, s10, t1
core   0: 1 0x000000008000515e (0x006d56b3) x13 0x0000000000000000
core   0: 0x0000000080005162 (0x03a6743b) remuw   s0, a2, s10
core   0: 1 0x0000000080005162 (0x03a6743b) x8  0xffffffff800046fb
core   0: 0x0000000080005166 (0x0ff0000f) fence   iorw,iorw
core   0: 1 0x0000000080005166 (0x0ff0000f)
core   0: 0x000000008000516a (0x00026213) ori     tp, tp, 0
core   0: 1 0x000000008000516a (0x00026213) x4  0x0000000000000000
core   0: 0x000000008000516e (0x8a486eb7) lui     t4, 0x8a486
core   0: 1 0x000000008000516e (0x8a486eb7) x29 0xffffffff8a486000
core   0: 0x0000000080005172 (0x41ba5c13) srai    s8, s4, 27
core   0: 1 0x0000000080005172 (0x41ba5c13) x24 0x0000000000000010
core   0: 0x0000000080005176 (0x028d3033) mulhu   zero, s10, s0
core   0: 1 0x0000000080005176 (0x028d3033)
core   0: 0x000000008000517a (0x024d7b3b) remuw   s6, s10, tp
core   0: 1 0x000000008000517a (0x024d7b3b) x22 0x0000000000000000
core   0: 0x000000008000517e (0x4244744f) fnmadd.d fs0, fs0, ft4, fs0
core   0: 1 0x000000008000517e (0x4244744f) f8  0x7ff8000000000000
core   0: 0x0000000080005182 (0xc2047653) fcvt.w.d a2, fs0
core   0: 1 0x0000000080005182 (0xc2047653) c1_fflags 0x0000000000000011 x12 0x000000007fffffff
core   0: 0x0000000080005186 (0x02002b33) mulhsu  s6, zero, zero
core   0: 1 0x0000000080005186 (0x02002b33) x22 0x0000000000000000
core   0: 0x000000008000518a (0x41b30db3) sub     s11, t1, s11
core   0: 1 0x000000008000518a (0x41b30db3) x27 0x8000000008000001
core   0: 0x000000008000518e (0x006b89b3) add     s3, s7, t1
core   0: 1 0x000000008000518e (0x006b89b3) x19 0x0000000008000000
core   0: 0x0000000080005192 (0xd0337bd3) fcvt.s.lu fs7, t1
core   0: 1 0x0000000080005192 (0xd0337bd3) f23 0xffffffff4d000000
core   0: 0x0000000080005196 (0x43847fc3) fmadd.d ft11, fs0, fs8, fs0
core   0: 1 0x0000000080005196 (0x43847fc3) f31 0x7ff8000000000000
core   0: 0x000000008000519a (0x01bb44b3) xor     s1, s6, s11
core   0: 1 0x000000008000519a (0x01bb44b3) x9  0x8000000008000001
core   0: 0x000000008000519e (0xfff3089b) addiw   a7, t1, -1
core   0: 1 0x000000008000519e (0xfff3089b) x17 0x0000000007ffffff
core   0: 0x00000000800051a2 (0x41fcd99b) sraiw   s3, s9, 31
core   0: 1 0x00000000800051a2 (0x41fcd99b) x19 0x0000000000000000
core   0: 0x00000000800051a6 (0x41f45c13) srai    s8, s0, 31
core   0: 1 0x00000000800051a6 (0x41f45c13) x24 0xffffffffffffffff
core   0: 0x00000000800051aa (0xc03c75d3) fcvt.lu.s a1, fs8
core   0: 1 0x00000000800051aa (0xc03c75d3) c1_fflags 0x0000000000000011 x11 0xffffffffffffffff
core   0: 0x00000000800051ae (0x73dbf74f) fnmadd.d fa4, fs7, ft9, fa4
core   0: 1 0x00000000800051ae (0x73dbf74f) f14 0x7ff8000000000000
core   0: 0x00000000800051b2 (0x02a5863b) mulw    a2, a1, a0
core   0: 1 0x00000000800051b2 (0x02a5863b) x12 0x0000000000000000
core   0: 0x00000000800051b6 (0xd0247153) fcvt.s.l ft2, s0
core   0: 1 0x00000000800051b6 (0xd0247153) c1_fflags 0x0000000000000011 f2  0xffffffffceffff72
core   0: 0x00000000800051ba (0x0ff0000f) fence   iorw,iorw
core   0: 1 0x00000000800051ba (0x0ff0000f)
core   0: 0x00000000800051be (0x20ec0d1b) addiw   s10, s8, 526
core   0: 1 0x00000000800051be (0x20ec0d1b) x26 0x000000000000020d
core   0: 0x00000000800051c2 (0x2a7e75cf) fnmadd.d fa1, ft8, ft7, ft5
core   0: 1 0x00000000800051c2 (0x2a7e75cf) f11 0x7ff8000000000000
core   0: 0x00000000800051c6 (0x88813cb7) lui     s9, 0x88813
core   0: 1 0x00000000800051c6 (0x88813cb7) x25 0xffffffff88813000
core   0: 0x00000000800051ca (0xfef97037) lui     zero, 0xfef97
core   0: 1 0x00000000800051ca (0xfef97037)
core   0: 0x00000000800051ce (0x4dd0001b) addiw   zero, zero, 1245
core   0: 1 0x00000000800051ce (0x4dd0001b)
core   0: 0x00000000800051d2 (0x00c01013) slli    zero, zero, 12
core   0: 1 0x00000000800051d2 (0x00c01013)
core   0: 0x00000000800051d6 (0x0d000013) li      zero, 208
core   0: 1 0x00000000800051d6 (0x0d000013)
core   0: 0x00000000800051da (0xc000d273) csrrwi  tp, cycle, 1
core   0: exception trap_illegal_instruction, epc 0x00000000800051da
core   0:           tval 0x00000000c000d273
core   0: >>>>  $xrv64i2p1_m2p0_a2p1_f2p2_d2p2_zicsr2p0_zifencei2p0_zmmul1p0_zba1p0_zbb1p0_zbc1p0_zbs1p0
core   0: 0x0000000080004000 (0x0080006f) j       pc + 0x8
core   0: 3 0x0000000080004000 (0x0080006f)
core   0: >>>>  mmode_exception_handler
core   0: 0x0000000080004008 (0x00002c17) auipc   s8, 0x2
core   0: 3 0x0000000080004008 (0x00002c17) x24 0x0000000080006008
core   0: 0x000000008000400c (0xfcec0c13) addi    s8, s8, -50
core   0: 3 0x000000008000400c (0xfcec0c13) x24 0x0000000080005fd6
core   0: 0x0000000080004010 (0x000c00e7) jalr    s8
core   0: 3 0x0000000080004010 (0x000c00e7) x1  0x0000000080004014
core   0: >>>>  any_handler
core   0: 0x0000000080005fd6 (0x341027f3) csrrs   a5, mepc, zero
core   0: 3 0x0000000080005fd6 (0x341027f3) x15 0x00000000800051da
core   0: 0x0000000080005fda (0x34202773) csrrs   a4, mcause, zero
core   0: 3 0x0000000080005fda (0x34202773) x14 0x0000000000000002
core   0: 0x0000000080005fde (0x142026f3) csrrs   a3, scause, zero
core   0: 3 0x0000000080005fde (0x142026f3) x13 0x0000000000000000
core   0: 0x0000000080005fe2 (0x30402673) csrrs   a2, mie, zero
core   0: 3 0x0000000080005fe2 (0x30402673) x12 0x0000000000000a00
core   0: 0x0000000080005fe6 (0x344025f3) csrrs   a1, mip, zero
core   0: 3 0x0000000080005fe6 (0x344025f3) x11 0x0000000000000080
core   0: 0x0000000080005fea (0x343025f3) csrrs   a1, mtval, zero
core   0: 3 0x0000000080005fea (0x343025f3) x11 0x00000000c000d273
core   0: 0x0000000080005fee (0x14302573) csrrs   a0, stval, zero
core   0: 3 0x0000000080005fee (0x14302573) x10 0x0000000000000000
core   0: 0x0000000080005ff2 (0xb02024f3) csrrs   s1, minstret, zero
core   0: 3 0x0000000080005ff2 (0xb02024f3) x9  0x0000000000000dfd
core   0: 0x0000000080005ff6 (0x0000a811) c.j     pc + 20
core   0: 3 0x0000000080005ff6 (0xa811)
core   0: >>>>  mepc_4
core   0: 0x000000008000600a (0x00000791) c.addi  a5, 4
core   0: 3 0x000000008000600a (0x0791) x15 0x00000000800051de
core   0: 0x000000008000600c (0x34179073) csrrw   zero, mepc, a5
core   0: 3 0x000000008000600c (0x34179073) c833_mepc 0x00000000800051de
core   0: 0x0000000080006010 (0x30200073) mret
core   0: 3 0x0000000080006010 (0x30200073) c768_mstatus 0x8000000a00106080
core   0: 0x00000000800051de (0x40f0511b) sraiw   sp, zero, 15
core   0: 1 0x00000000800051de (0x40f0511b) x2  0x0000000000000000
core   0: 0x00000000800051e2 (0x025469b3) rem     s3, s0, t0
core   0: 1 0x00000000800051e2 (0x025469b3) x19 0x0000000000000000
core   0: 0x00000000800051e6 (0xd229fdd3) fcvt.d.l fs11, s3
core   0: 1 0x00000000800051e6 (0xd229fdd3) f27 0x0000000000000000
core   0: 0x00000000800051ea (0x416a87b3) sub     a5, s5, s6
core   0: 1 0x00000000800051ea (0x416a87b3) x15 0xffffffff800046fb
core   0: 0x00000000800051ee (0x31082af3) csrrs   s5, mstatush, a6
core   0: exception trap_illegal_instruction, epc 0x00000000800051ee
core   0:           tval 0x0000000031082af3
core   0: >>>>  $xrv64i2p1_m2p0_a2p1_f2p2_d2p2_zicsr2p0_zifencei2p0_zmmul1p0_zba1p0_zbb1p0_zbc1p0_zbs1p0
core   0: 0x0000000080004000 (0x0080006f) j       pc + 0x8
core   0: 3 0x0000000080004000 (0x0080006f)
core   0: >>>>  mmode_exception_handler
core   0: 0x0000000080004008 (0x00002c17) auipc   s8, 0x2
core   0: 3 0x0000000080004008 (0x00002c17) x24 0x0000000080006008
core   0: 0x000000008000400c (0xfcec0c13) addi    s8, s8, -50
core   0: 3 0x000000008000400c (0xfcec0c13) x24 0x0000000080005fd6
core   0: 0x0000000080004010 (0x000c00e7) jalr    s8
core   0: 3 0x0000000080004010 (0x000c00e7) x1  0x0000000080004014
core   0: >>>>  any_handler
core   0: 0x0000000080005fd6 (0x341027f3) csrrs   a5, mepc, zero
core   0: 3 0x0000000080005fd6 (0x341027f3) x15 0x00000000800051ee
core   0: 0x0000000080005fda (0x34202773) csrrs   a4, mcause, zero
core   0: 3 0x0000000080005fda (0x34202773) x14 0x0000000000000002
core   0: 0x0000000080005fde (0x142026f3) csrrs   a3, scause, zero
core   0: 3 0x0000000080005fde (0x142026f3) x13 0x0000000000000000
core   0: 0x0000000080005fe2 (0x30402673) csrrs   a2, mie, zero
core   0: 3 0x0000000080005fe2 (0x30402673) x12 0x0000000000000a00
core   0: 0x0000000080005fe6 (0x344025f3) csrrs   a1, mip, zero
core   0: 3 0x0000000080005fe6 (0x344025f3) x11 0x0000000000000080
core   0: 0x0000000080005fea (0x343025f3) csrrs   a1, mtval, zero
core   0: 3 0x0000000080005fea (0x343025f3) x11 0x0000000031082af3
core   0: 0x0000000080005fee (0x14302573) csrrs   a0, stval, zero
core   0: 3 0x0000000080005fee (0x14302573) x10 0x0000000000000000
core   0: 0x0000000080005ff2 (0xb02024f3) csrrs   s1, minstret, zero
core   0: 3 0x0000000080005ff2 (0xb02024f3) x9  0x0000000000000e11
core   0: 0x0000000080005ff6 (0x0000a811) c.j     pc + 20
core   0: 3 0x0000000080005ff6 (0xa811)
core   0: >>>>  mepc_4
core   0: 0x000000008000600a (0x00000791) c.addi  a5, 4
core   0: 3 0x000000008000600a (0x0791) x15 0x00000000800051f2
core   0: 0x000000008000600c (0x34179073) csrrw   zero, mepc, a5
core   0: 3 0x000000008000600c (0x34179073) c833_mepc 0x00000000800051f2
core   0: 0x0000000080006010 (0x30200073) mret
core   0: 3 0x0000000080006010 (0x30200073) c768_mstatus 0x8000000a00106080
core   0: 0x00000000800051f2 (0xfe502437) lui     s0, 0xfe502
core   0: 1 0x00000000800051f2 (0xfe502437) x8  0xfffffffffe502000
core   0: 0x00000000800051f6 (0x60b4041b) addiw   s0, s0, 1547
core   0: 1 0x00000000800051f6 (0x60b4041b) x8  0xfffffffffe50260b
core   0: 0x00000000800051fa (0x00000432) c.slli  s0, 12
core   0: 1 0x00000000800051fa (0x0432) x8  0xffffffe50260b000
core   0: 0x00000000800051fc (0x19340413) addi    s0, s0, 403
core   0: 1 0x00000000800051fc (0x19340413) x8  0xffffffe50260b193
core   0: 0x0000000080005200 (0x00b5e9b3) or      s3, a1, a1
core   0: 1 0x0000000080005200 (0x00b5e9b3) x19 0x0000000031082af3
core   0: 0x0000000080005204 (0x00d6a933) slt     s2, a3, a3
core   0: 1 0x0000000080005204 (0x00d6a933) x18 0x0000000000000000
core   0: 0x0000000080005208 (0xd2158f53) fcvt.d.wu ft10, a1
core   0: 1 0x0000000080005208 (0xd2158f53) f30 0x41c8841579800000
core   0: 0x000000008000520c (0xa21d88d3) fle.d   a7, fs11, ft1
core   0: 1 0x000000008000520c (0xa21d88d3) c1_fflags 0x0000000000000011 x17 0x0000000000000000
core   0: 0x0000000080005210 (0x6426e513) ori     a0, a3, 1602
core   0: 1 0x0000000080005210 (0x6426e513) x10 0x0000000000000642
core   0: 0x0000000080005214 (0xe20907d3) fmv.x.d a5, fs2
core   0: 1 0x0000000080005214 (0xe20907d3) x15 0xfff8000000000000
core   0: 0x0000000080005218 (0x23ed8553) fsgnj.d fa0, fs11, ft10
core   0: 1 0x0000000080005218 (0x23ed8553) f10 0x0000000000000000
core   0: 0x000000008000521c (0x40147453) fcvt.s.d fs0, fs0
core   0: 1 0x000000008000521c (0x40147453) f8  0xffffffff7fc00000
core   0: 0x0000000080005220 (0x42b7d013) srai    zero, a5, 43
core   0: 1 0x0000000080005220 (0x42b7d013)
core   0: 0x0000000080005224 (0x01150133) add     sp, a0, a7
core   0: 1 0x0000000080005224 (0x01150133) x2  0x0000000000000642
core   0: 0x0000000080005228 (0x237f02d3) fsgnj.d ft5, ft10, fs7
core   0: 1 0x0000000080005228 (0x237f02d3) f5  0xc1c8841579800000
core   0: 0x000000008000522c (0x41400a3b) subw    s4, zero, s4
core   0: 1 0x000000008000522c (0x41400a3b) x20 0x000000007fffa02a
core   0: 0x0000000080005230 (0xc807ab73) csrrs   s6, cycleh, a5
core   0: exception trap_illegal_instruction, epc 0x0000000080005230
core   0:           tval 0x00000000c807ab73
core   0: >>>>  $xrv64i2p1_m2p0_a2p1_f2p2_d2p2_zicsr2p0_zifencei2p0_zmmul1p0_zba1p0_zbb1p0_zbc1p0_zbs1p0
core   0: 0x0000000080004000 (0x0080006f) j       pc + 0x8
core   0: 3 0x0000000080004000 (0x0080006f)
core   0: >>>>  mmode_exception_handler
core   0: 0x0000000080004008 (0x00002c17) auipc   s8, 0x2
core   0: 3 0x0000000080004008 (0x00002c17) x24 0x0000000080006008
core   0: 0x000000008000400c (0xfcec0c13) addi    s8, s8, -50
core   0: 3 0x000000008000400c (0xfcec0c13) x24 0x0000000080005fd6
core   0: 0x0000000080004010 (0x000c00e7) jalr    s8
core   0: 3 0x0000000080004010 (0x000c00e7) x1  0x0000000080004014
core   0: >>>>  any_handler
core   0: 0x0000000080005fd6 (0x341027f3) csrrs   a5, mepc, zero
core   0: 3 0x0000000080005fd6 (0x341027f3) x15 0x0000000080005230
core   0: 0x0000000080005fda (0x34202773) csrrs   a4, mcause, zero
core   0: 3 0x0000000080005fda (0x34202773) x14 0x0000000000000002
core   0: 0x0000000080005fde (0x142026f3) csrrs   a3, scause, zero
core   0: 3 0x0000000080005fde (0x142026f3) x13 0x0000000000000000
core   0: 0x0000000080005fe2 (0x30402673) csrrs   a2, mie, zero
core   0: 3 0x0000000080005fe2 (0x30402673) x12 0x0000000000000a00
core   0: 0x0000000080005fe6 (0x344025f3) csrrs   a1, mip, zero
core   0: 3 0x0000000080005fe6 (0x344025f3) x11 0x0000000000000080
core   0: 0x0000000080005fea (0x343025f3) csrrs   a1, mtval, zero
core   0: 3 0x0000000080005fea (0x343025f3) x11 0x00000000c807ab73
core   0: 0x0000000080005fee (0x14302573) csrrs   a0, stval, zero
core   0: 3 0x0000000080005fee (0x14302573) x10 0x0000000000000000
core   0: 0x0000000080005ff2 (0xb02024f3) csrrs   s1, minstret, zero
core   0: 3 0x0000000080005ff2 (0xb02024f3) x9  0x0000000000000e31
core   0: 0x0000000080005ff6 (0x0000a811) c.j     pc + 20
core   0: 3 0x0000000080005ff6 (0xa811)
core   0: >>>>  mepc_4
core   0: 0x000000008000600a (0x00000791) c.addi  a5, 4
core   0: 3 0x000000008000600a (0x0791) x15 0x0000000080005234
core   0: 0x000000008000600c (0x34179073) csrrw   zero, mepc, a5
core   0: 3 0x000000008000600c (0x34179073) c833_mepc 0x0000000080005234
core   0: 0x0000000080006010 (0x30200073) mret
core   0: 3 0x0000000080006010 (0x30200073) c768_mstatus 0x8000000a00106080
core   0: 0x0000000080005234 (0x3446b8f3) csrrc   a7, mip, a3
core   0: exception trap_illegal_instruction, epc 0x0000000080005234
core   0:           tval 0x000000003446b8f3
core   0: >>>>  $xrv64i2p1_m2p0_a2p1_f2p2_d2p2_zicsr2p0_zifencei2p0_zmmul1p0_zba1p0_zbb1p0_zbc1p0_zbs1p0
core   0: 0x0000000080004000 (0x0080006f) j       pc + 0x8
core   0: 3 0x0000000080004000 (0x0080006f)
core   0: >>>>  mmode_exception_handler
core   0: 0x0000000080004008 (0x00002c17) auipc   s8, 0x2
core   0: 3 0x0000000080004008 (0x00002c17) x24 0x0000000080006008
core   0: 0x000000008000400c (0xfcec0c13) addi    s8, s8, -50
core   0: 3 0x000000008000400c (0xfcec0c13) x24 0x0000000080005fd6
core   0: 0x0000000080004010 (0x000c00e7) jalr    s8
core   0: 3 0x0000000080004010 (0x000c00e7) x1  0x0000000080004014
core   0: >>>>  any_handler
core   0: 0x0000000080005fd6 (0x341027f3) csrrs   a5, mepc, zero
core   0: 3 0x0000000080005fd6 (0x341027f3) x15 0x0000000080005234
core   0: 0x0000000080005fda (0x34202773) csrrs   a4, mcause, zero
core   0: 3 0x0000000080005fda (0x34202773) x14 0x0000000000000002
core   0: 0x0000000080005fde (0x142026f3) csrrs   a3, scause, zero
core   0: 3 0x0000000080005fde (0x142026f3) x13 0x0000000000000000
core   0: 0x0000000080005fe2 (0x30402673) csrrs   a2, mie, zero
core   0: 3 0x0000000080005fe2 (0x30402673) x12 0x0000000000000a00
core   0: 0x0000000080005fe6 (0x344025f3) csrrs   a1, mip, zero
core   0: 3 0x0000000080005fe6 (0x344025f3) x11 0x0000000000000080
core   0: 0x0000000080005fea (0x343025f3) csrrs   a1, mtval, zero
core   0: 3 0x0000000080005fea (0x343025f3) x11 0x000000003446b8f3
core   0: 0x0000000080005fee (0x14302573) csrrs   a0, stval, zero
core   0: 3 0x0000000080005fee (0x14302573) x10 0x0000000000000000
core   0: 0x0000000080005ff2 (0xb02024f3) csrrs   s1, minstret, zero
core   0: 3 0x0000000080005ff2 (0xb02024f3) x9  0x0000000000000e41
core   0: 0x0000000080005ff6 (0x0000a811) c.j     pc + 20
core   0: 3 0x0000000080005ff6 (0xa811)
core   0: >>>>  mepc_4
core   0: 0x000000008000600a (0x00000791) c.addi  a5, 4
core   0: 3 0x000000008000600a (0x0791) x15 0x0000000080005238
core   0: 0x000000008000600c (0x34179073) csrrw   zero, mepc, a5
core   0: 3 0x000000008000600c (0x34179073) c833_mepc 0x0000000080005238
core   0: 0x0000000080006010 (0x30200073) mret
core   0: 3 0x0000000080006010 (0x30200073) c768_mstatus 0x8000000a00106080
core   0: 0x0000000080005238 (0x1b18fb53) fdiv.d  fs6, fa7, fa7
core   0: 1 0x0000000080005238 (0x1b18fb53) f22 0x7ff8000000000000
core   0: 0x000000008000523c (0x23980cd3) fsgnj.d fs9, fa6, fs9
core   0: 1 0x000000008000523c (0x23980cd3) f25 0x3ff0000000000000
core   0: 0x0000000080005240 (0xcb5cfacf) fnmadd.d fs5, fs9, fs5, fs9
core   0: 1 0x0000000080005240 (0xcb5cfacf) f21 0x7ff8000000000000
core   0: 0x0000000080005244 (0x232b9bd3) fsgnjn.d fs7, fs7, fs2
core   0: 1 0x0000000080005244 (0x232b9bd3) f23 0x7fffffff4d000000
core   0: 0x0000000080005248 (0x02b2b3b3) mulhu   t2, t0, a1
core   0: 1 0x0000000080005248 (0x02b2b3b3) x7  0x0000000000000000
core   0: 0x000000008000524c (0x00129d93) slli    s11, t0, 1
core   0: 1 0x000000008000524c (0x00129d93) x27 0x0000000000000002
core   0: 0x0000000080005250 (0x0178931b) slliw   t1, a7, 23
core   0: 1 0x0000000080005250 (0x0178931b) x6  0x0000000000000000
core   0: 0x0000000080005254 (0x03fafdd3) fadd.d  fs11, fs5, ft11
core   0: 1 0x0000000080005254 (0x03fafdd3) f27 0x7ff8000000000000
core   0: 0x0000000080005258 (0x02e0f4b3) remu    s1, ra, a4
core   0: 1 0x0000000080005258 (0x02e0f4b3) x9  0x0000000000000000
core   0: 0x000000008000525c (0x0ff0000f) fence   iorw,iorw
core   0: 1 0x000000008000525c (0x0ff0000f)
core   0: 0x0000000080005260 (0x6a2c774f) fnmadd.d fa4, fs8, ft2, fa3
core   0: 1 0x0000000080005260 (0x6a2c774f) f14 0x7ff8000000000000
core   0: 0x0000000080005264 (0xa22c0d53) fle.d   s10, fs8, ft2
core   0: 1 0x0000000080005264 (0xa22c0d53) c1_fflags 0x0000000000000011 x26 0x0000000000000000
core   0: 0x0000000080005268 (0x403a893b) subw    s2, s5, gp
core   0: 1 0x0000000080005268 (0x403a893b) x18 0x00000000700046fb
core   0: 0x000000008000526c (0x00a84633) xor     a2, a6, a0
core   0: 1 0x000000008000526c (0x00a84633) x12 0x0000000000000000
core   0: 0x0000000080005270 (0xfc33beb7) lui     t4, 0xfc33b
core   0: 1 0x0000000080005270 (0xfc33beb7) x29 0xfffffffffc33b000
core   0: 0x0000000080005274 (0xaabe8e9b) addiw   t4, t4, -1365
core   0: 1 0x0000000080005274 (0xaabe8e9b) x29 0xfffffffffc33aaab
core   0: 0x0000000080005278 (0x00000eb6) c.slli  t4, 13
core   0: 1 0x0000000080005278 (0x0eb6) x29 0xffffff8675556000
core   0: 0x000000008000527a (0x217e8e93) addi    t4, t4, 535
core   0: 1 0x000000008000527a (0x217e8e93) x29 0xffffff8675556217
core   0: 0x000000008000527e (0x03d8e033) rem     zero, a7, t4
core   0: 1 0x000000008000527e (0x03d8e033)
core   0: 0x0000000080005282 (0x0006d813) srli    a6, a3, 0
core   0: 1 0x0000000080005282 (0x0006d813) x16 0x0000000000000000
core   0: 0x0000000080005286 (0x416a5b33) sra     s6, s4, s6
core   0: 1 0x0000000080005286 (0x416a5b33) x22 0x000000007fffa02a
core   0: 0x000000008000528a (0xf20804d3) fmv.d.x fs1, a6
core   0: 1 0x000000008000528a (0xf20804d3) f9  0x0000000000000000
core   0: 0x000000008000528e (0x0006041b) sext.w  s0, a2
core   0: 1 0x000000008000528e (0x0006041b) x8  0x0000000000000000
core   0: 0x0000000080005292 (0x4000501b) sraiw   zero, zero, 0
core   0: 1 0x0000000080005292 (0x4000501b)
core   0: 0x0000000080005296 (0x41d8523b) sraw    tp, a6, t4
core   0: 1 0x0000000080005296 (0x41d8523b) x4  0x0000000000000000
core   0: 0x000000008000529a (0x01925d9b) srliw   s11, tp, 25
core   0: 1 0x000000008000529a (0x01925d9b) x27 0x0000000000000000
core   0: 0x000000008000529e (0x4ad5754b) fnmsub.d fa0, fa0, fa3, fs1
core   0: 1 0x000000008000529e (0x4ad5754b) f10 0x0000000000000000
core   0: 0x00000000800052a2 (0x12d3f6d3) fmul.d  fa3, ft7, fa3
core   0: 1 0x00000000800052a2 (0x12d3f6d3) f13 0x7ff8000000000000
core   0: 0x00000000800052a6 (0x00000001) c.nop
core   0: 1 0x00000000800052a6 (0x0001)
core   0: 0x00000000800052a8 (0x03011d33) mulh    s10, sp, a6
core   0: 1 0x00000000800052a8 (0x03011d33) x26 0x0000000000000000
core   0: 0x00000000800052ac (0xf91c32b7) lui     t0, 0xf91c3
core   0: 1 0x00000000800052ac (0xf91c32b7) x5  0xfffffffff91c3000
core   0: 0x00000000800052b0 (0xc532829b) addiw   t0, t0, -941
core   0: 1 0x00000000800052b0 (0xc532829b) x5  0xfffffffff91c2c53
core   0: 0x00000000800052b4 (0x000002b2) c.slli  t0, 12
core   0: 1 0x00000000800052b4 (0x02b2) x5  0xffffff91c2c53000
core   0: 0x00000000800052b6 (0xfb828293) addi    t0, t0, -72
core   0: 1 0x00000000800052b6 (0xfb828293) x5  0xffffff91c2c52fb8
core   0: 0x00000000800052ba (0x00681e33) sll     t3, a6, t1
core   0: 1 0x00000000800052ba (0x00681e33) x28 0x0000000000000000
core   0: 0x00000000800052be (0x000d529b) srliw   t0, s10, 0
core   0: 1 0x00000000800052be (0x000d529b) x5  0x0000000000000000
core   0: 0x00000000800052c2 (0xc802b773) csrrc   a4, cycleh, t0
core   0: exception trap_illegal_instruction, epc 0x00000000800052c2
core   0:           tval 0x00000000c802b773
core   0: >>>>  $xrv64i2p1_m2p0_a2p1_f2p2_d2p2_zicsr2p0_zifencei2p0_zmmul1p0_zba1p0_zbb1p0_zbc1p0_zbs1p0
core   0: 0x0000000080004000 (0x0080006f) j       pc + 0x8
core   0: 3 0x0000000080004000 (0x0080006f)
core   0: >>>>  mmode_exception_handler
core   0: 0x0000000080004008 (0x00002c17) auipc   s8, 0x2
core   0: 3 0x0000000080004008 (0x00002c17) x24 0x0000000080006008
core   0: 0x000000008000400c (0xfcec0c13) addi    s8, s8, -50
core   0: 3 0x000000008000400c (0xfcec0c13) x24 0x0000000080005fd6
core   0: 0x0000000080004010 (0x000c00e7) jalr    s8
core   0: 3 0x0000000080004010 (0x000c00e7) x1  0x0000000080004014
core   0: >>>>  any_handler
core   0: 0x0000000080005fd6 (0x341027f3) csrrs   a5, mepc, zero
core   0: 3 0x0000000080005fd6 (0x341027f3) x15 0x00000000800052c2
core   0: 0x0000000080005fda (0x34202773) csrrs   a4, mcause, zero
core   0: 3 0x0000000080005fda (0x34202773) x14 0x0000000000000002
core   0: 0x0000000080005fde (0x142026f3) csrrs   a3, scause, zero
core   0: 3 0x0000000080005fde (0x142026f3) x13 0x0000000000000000
core   0: 0x0000000080005fe2 (0x30402673) csrrs   a2, mie, zero
core   0: 3 0x0000000080005fe2 (0x30402673) x12 0x0000000000000a00
core   0: 0x0000000080005fe6 (0x344025f3) csrrs   a1, mip, zero
core   0: 3 0x0000000080005fe6 (0x344025f3) x11 0x0000000000000080
core   0: 0x0000000080005fea (0x343025f3) csrrs   a1, mtval, zero
core   0: 3 0x0000000080005fea (0x343025f3) x11 0x00000000c802b773
core   0: 0x0000000080005fee (0x14302573) csrrs   a0, stval, zero
core   0: 3 0x0000000080005fee (0x14302573) x10 0x0000000000000000
core   0: 0x0000000080005ff2 (0xb02024f3) csrrs   s1, minstret, zero
core   0: 3 0x0000000080005ff2 (0xb02024f3) x9  0x0000000000000e75
core   0: 0x0000000080005ff6 (0x0000a811) c.j     pc + 20
core   0: 3 0x0000000080005ff6 (0xa811)
core   0: >>>>  mepc_4
core   0: 0x000000008000600a (0x00000791) c.addi  a5, 4
core   0: 3 0x000000008000600a (0x0791) x15 0x00000000800052c6
core   0: 0x000000008000600c (0x34179073) csrrw   zero, mepc, a5
core   0: 3 0x000000008000600c (0x34179073) c833_mepc 0x00000000800052c6
core   0: 0x0000000080006010 (0x30200073) mret
core   0: 3 0x0000000080006010 (0x30200073) c768_mstatus 0x8000000a00106080
core   0: 0x00000000800052c6 (0x23dc2153) fsgnjx.d ft2, fs8, ft9
core   0: 1 0x00000000800052c6 (0x23dc2153) f2  0x0000000000000000
core   0: 0x00000000800052ca (0x5a0bf8d3) fsqrt.d fa7, fs7
core   0: 1 0x00000000800052ca (0x5a0bf8d3) f17 0x7ff8000000000000
core   0: 0x00000000800052ce (0x22f787d3) fsgnj.d fa5, fa5, fa5
core   0: 1 0x00000000800052ce (0x22f787d3) f15 0x43c6d462cebd2eac
core   0: 0x00000000800052d2 (0x2a0886d3) fmin.d  fa3, fa7, ft0
core   0: 1 0x00000000800052d2 (0x2a0886d3) f13 0xc1db075600000000
core   0: 0x00000000800052d6 (0x024d6233) rem     tp, s10, tp
core   0: 1 0x00000000800052d6 (0x024d6233) x4  0x0000000000000000
core   0: 0x00000000800052da (0x00000001) c.nop
core   0: 1 0x00000000800052da (0x0001)
core   0: 0x00000000800052dc (0x018a813b) addw    sp, s5, s8
core   0: 1 0x00000000800052dc (0x018a813b) x2  0x000000000000a6d1
core   0: 0x00000000800052e0 (0x038b7b53) fadd.d  fs6, fs6, fs8
core   0: 1 0x00000000800052e0 (0x038b7b53) f22 0x7ff8000000000000
core   0: 0x00000000800052e4 (0xbcf64d13) xori    s10, a2, -1073
core   0: 1 0x00000000800052e4 (0xbcf64d13) x26 0xfffffffffffff1cf
core   0: 0x00000000800052e8 (0x03847453) fadd.d  fs0, fs0, fs8
core   0: 1 0x00000000800052e8 (0x03847453) f8  0x7ff8000000000000
core   0: 0x00000000800052ec (0x001026f3) csrrs   a3, fflags, zero
core   0: 1 0x00000000800052ec (0x001026f3) x13 0x0000000000000011
core   0: 0x00000000800052f0 (0xc219f553) fcvt.wu.d a0, fs3
core   0: 1 0x00000000800052f0 (0xc219f553) c1_fflags 0x0000000000000011 x10 0xffffffffffffffff
core   0: 0x00000000800052f4 (0x00a1f633) and     a2, gp, a0
core   0: 1 0x00000000800052f4 (0x00a1f633) x12 0x0000000010000000
core   0: 0x00000000800052f8 (0x01714833) xor     a6, sp, s7
core   0: 1 0x00000000800052f8 (0x01714833) x16 0x000000000000a6d1
core   0: 0x00000000800052fc (0x028168bb) remw    a7, sp, s0
core   0: 1 0x00000000800052fc (0x028168bb) x17 0x000000000000a6d1
core   0: 0x0000000080005300 (0x22bc16d3) fsgnjn.d fa3, fs8, fa1
core   0: 1 0x0000000080005300 (0x22bc16d3) f13 0x8000000000000000
core   0: 0x0000000080005304 (0x1b52f653) fdiv.d  fa2, ft5, fs5
core   0: 1 0x0000000080005304 (0x1b52f653) f12 0x7ff8000000000000
core   0: 0x0000000080005308 (0xc20677d3) fcvt.w.d a5, fa2
core   0: 1 0x0000000080005308 (0xc20677d3) c1_fflags 0x0000000000000011 x15 0x000000007fffffff
core   0: 0x000000008000530c (0x02e8ccbb) divw    s9, a7, a4
core   0: 1 0x000000008000530c (0x02e8ccbb) x25 0x0000000000005368
core   0: 0x0000000080005310 (0xfff47993) andi    s3, s0, -1
core   0: 1 0x0000000080005310 (0xfff47993) x19 0x0000000000000000
core   0: 0x0000000080005314 (0x007dc7b3) xor     a5, s11, t2
core   0: 1 0x0000000080005314 (0x007dc7b3) x15 0x0000000000000000
core   0: 0x0000000080005318 (0xc20674d3) fcvt.w.d s1, fa2
core   0: 1 0x0000000080005318 (0xc20674d3) c1_fflags 0x0000000000000011 x9  0x000000007fffffff
core   0: 0x000000008000531c (0x40085993) srai    s3, a6, 0
core   0: 1 0x000000008000531c (0x40085993) x19 0x000000000000a6d1
core   0: 0x0000000080005320 (0x00abd533) srl     a0, s7, a0
core   0: 1 0x0000000080005320 (0x00abd533) x10 0x0000000000000000
core   0: 0x0000000080005324 (0xd2038cd3) fcvt.d.w fs9, t2
core   0: 1 0x0000000080005324 (0xd2038cd3) f25 0x0000000000000000
core   0: 0x0000000080005328 (0xd228f0d3) fcvt.d.l ft1, a7
core   0: 1 0x0000000080005328 (0xd228f0d3) f1  0x40e4da2000000000
core   0: 0x000000008000532c (0x91e79a17) auipc   s4, 0x91e79
core   0: 1 0x000000008000532c (0x91e79a17) x20 0x0000000011e7e32c
core   0: 0x0000000080005330 (0x40005113) srai    sp, zero, 0
core   0: 1 0x0000000080005330 (0x40005113) x2  0x0000000000000000
core   0: 0x0000000080005334 (0x12b0fd53) fmul.d  fs10, ft1, fa1
core   0: 1 0x0000000080005334 (0x12b0fd53) f26 0x7ff8000000000000
core   0: 0x0000000080005338 (0x06277c93) andi    s9, a4, 98
core   0: 1 0x0000000080005338 (0x06277c93) x25 0x0000000000000002
core   0: 0x000000008000533c (0x40045a9b) sraiw   s5, s0, 0
core   0: 1 0x000000008000533c (0x40045a9b) x21 0x0000000000000000
core   0: 0x0000000080005340 (0x00aada1b) srliw   s4, s5, 10
core   0: 1 0x0000000080005340 (0x00aada1b) x20 0x0000000000000000
core   0: 0x0000000080005344 (0xc023f6d3) fcvt.l.s a3, ft7
core   0: 1 0x0000000080005344 (0xc023f6d3) c1_fflags 0x0000000000000011 x13 0x7fffffffffffffff
core   0: 0x0000000080005348 (0x414c5b33) sra     s6, s8, s4
core   0: 1 0x0000000080005348 (0x414c5b33) x22 0x0000000080005fd6
core   0: 0x000000008000534c (0x02b01113) slli    sp, zero, 43
core   0: 1 0x000000008000534c (0x02b01113) x2  0x0000000000000000
core   0: 0x0000000080005350 (0x02d782b3) mul     t0, a5, a3
core   0: 1 0x0000000080005350 (0x02d782b3) x5  0x0000000000000000
core   0: 0x0000000080005354 (0x42395513) srai    a0, s2, 35
core   0: 1 0x0000000080005354 (0x42395513) x10 0x0000000000000000
core   0: 0x0000000080005358 (0x409284b3) sub     s1, t0, s1
core   0: 1 0x0000000080005358 (0x409284b3) x9  0xffffffff80000001
core   0: 0x000000008000535c (0xc23c7ed3) fcvt.lu.d t4, fs8
core   0: 1 0x000000008000535c (0xc23c7ed3) x29 0x0000000000000000
core   0: 0x0000000080005360 (0x40e783bb) subw    t2, a5, a4
core   0: 1 0x0000000080005360 (0x40e783bb) x7  0xfffffffffffffffe
core   0: 0x0000000080005364 (0x2ba01dd3) fmax.d  fs11, ft0, fs10
core   0: 1 0x0000000080005364 (0x2ba01dd3) f27 0xc1db075600000000
core   0: 0x0000000080005368 (0x0077571b) srliw   a4, a4, 7
core   0: 1 0x0000000080005368 (0x0077571b) x14 0x0000000000000000
core   0: 0x000000008000536c (0x00e746b3) xor     a3, a4, a4
core   0: 1 0x000000008000536c (0x00e746b3) x13 0x0000000000000000
core   0: 0x0000000080005370 (0xc02c7d53) fcvt.l.s s10, fs8
core   0: 1 0x0000000080005370 (0xc02c7d53) c1_fflags 0x0000000000000011 x26 0x7fffffffffffffff
core   0: 0x0000000080005374 (0x0ff0000f) fence   iorw,iorw
core   0: 1 0x0000000080005374 (0x0ff0000f)
core   0: 0x0000000080005378 (0xfffe019b) addiw   gp, t3, -1
core   0: 1 0x0000000080005378 (0xfffe019b) x3  0xffffffffffffffff
core   0: 0x000000008000537c (0x41cd05b3) sub     a1, s10, t3
core   0: 1 0x000000008000537c (0x41cd05b3) x11 0x7fffffffffffffff
core   0: 0x0000000080005380 (0x4084d4b3) sra     s1, s1, s0
core   0: 1 0x0000000080005380 (0x4084d4b3) x9  0xffffffff80000001
core   0: 0x0000000080005384 (0x0365fd3b) remuw   s10, a1, s6
core   0: 1 0x0000000080005384 (0x0365fd3b) x26 0x000000007fffa029
core   0: 0x0000000080005388 (0xfff1e613) ori     a2, gp, -1
core   0: 1 0x0000000080005388 (0xfff1e613) x12 0xffffffffffffffff
core   0: 0x000000008000538c (0x03943433) mulhu   s0, s0, s9
core   0: 1 0x000000008000538c (0x03943433) x8  0x0000000000000000
core   0: 0x0000000080005390 (0xe20d0d53) fmv.x.d s10, fs10
core   0: 1 0x0000000080005390 (0xe20d0d53) x26 0x7ff8000000000000
core   0: 0x0000000080005394 (0x03a72ab3) mulhsu  s5, a4, s10
core   0: 1 0x0000000080005394 (0x03a72ab3) x21 0x0000000000000000
core   0: 0x0000000080005398 (0xc21f7b53) fcvt.wu.d s6, ft10
core   0: 1 0x0000000080005398 (0xc21f7b53) x22 0x0000000031082af3
core   0: 0x000000008000539c (0x40088633) sub     a2, a7, zero
core   0: 1 0x000000008000539c (0x40088633) x12 0x000000000000a6d1
core   0: 0x00000000800053a0 (0x1bddf6d3) fdiv.d  fa3, fs11, ft9
core   0: 1 0x00000000800053a0 (0x1bddf6d3) f13 0x7ff8000000000000
core   0: 0x00000000800053a4 (0xc216f4d3) fcvt.wu.d s1, fa3
core   0: 1 0x00000000800053a4 (0xc216f4d3) c1_fflags 0x0000000000000011 x9  0xffffffffffffffff
core   0: 0x00000000800053a8 (0x85769797) auipc   a5, 0x85769
core   0: 1 0x00000000800053a8 (0x85769797) x15 0x000000000576e3a8
core   0: 0x00000000800053ac (0x00db973b) sllw    a4, s7, a3
core   0: 1 0x00000000800053ac (0x00db973b) x14 0x0000000000000000
core   0: 0x00000000800053b0 (0xd21c0153) fcvt.d.wu ft2, s8
core   0: 1 0x00000000800053b0 (0xd21c0153) f2  0x41e0000bfac00000
core   0: 0x00000000800053b4 (0x016d2833) slt     a6, s10, s6
core   0: 1 0x00000000800053b4 (0x016d2833) x16 0x0000000000000000
core   0: 0x00000000800053b8 (0x00102c73) csrrs   s8, fflags, zero
core   0: 1 0x00000000800053b8 (0x00102c73) x24 0x0000000000000011
core   0: 0x00000000800053bc (0x7ffa899b) addiw   s3, s5, 2047
core   0: 1 0x00000000800053bc (0x7ffa899b) x19 0x00000000000007ff
core   0: 0x00000000800053c0 (0xabe17c4f) fnmadd.d fs8, ft2, ft10, fs5
core   0: 1 0x00000000800053c0 (0xabe17c4f) f24 0x7ff8000000000000
core   0: 0x00000000800053c4 (0x03ce6233) rem     tp, t3, t3
core   0: 1 0x00000000800053c4 (0x03ce6233) x4  0x0000000000000000
core   0: 0x00000000800053c8 (0xc22afcc7) fmsub.d fs9, fs5, ft2, fs8
core   0: 1 0x00000000800053c8 (0xc22afcc7) f25 0x7ff8000000000000
core   0: 0x00000000800053cc (0x0b9cf453) fsub.d  fs0, fs9, fs9
core   0: 1 0x00000000800053cc (0x0b9cf453) f8  0x7ff8000000000000
core   0: 0x00000000800053d0 (0x00d0d0bb) srlw    ra, ra, a3
core   0: 1 0x00000000800053d0 (0x00d0d0bb) x1  0xffffffff80004014
core   0: 0x00000000800053d4 (0x418b5a33) sra     s4, s6, s8
core   0: 1 0x00000000800053d4 (0x418b5a33) x20 0x0000000000001884
core   0: 0x00000000800053d8 (0x1b4c7a53) fdiv.d  fs4, fs8, fs4
core   0: 1 0x00000000800053d8 (0x1b4c7a53) f20 0x7ff8000000000000
core   0: 0x00000000800053dc (0xcac57547) fmsub.d fa0, fa0, fa2, fs9
core   0: 1 0x00000000800053dc (0xcac57547) f10 0x7ff8000000000000
core   0: 0x00000000800053e0 (0x31eb47b7) lui     a5, 0x31eb4
core   0: 1 0x00000000800053e0 (0x31eb47b7) x15 0x0000000031eb4000
core   0: 0x00000000800053e4 (0x01244333) xor     t1, s0, s2
core   0: 1 0x00000000800053e4 (0x01244333) x6  0x00000000700046fb
core   0: 0x00000000800053e8 (0x027c0c33) mul     s8, s8, t2
core   0: 1 0x00000000800053e8 (0x027c0c33) x24 0xffffffffffffffde
core   0: 0x00000000800053ec (0x036133b3) mulhu   t2, sp, s6
core   0: 1 0x00000000800053ec (0x036133b3) x7  0x0000000000000000
core   0: 0x00000000800053f0 (0x314067b7) lui     a5, 0x31406
core   0: 1 0x00000000800053f0 (0x314067b7) x15 0x0000000031406000
core   0: 0x00000000800053f4 (0x02fe20b3) mulhsu  ra, t3, a5
core   0: 1 0x00000000800053f4 (0x02fe20b3) x1  0x0000000000000000
core   0: 0x00000000800053f8 (0x00008306) c.mv    t1, ra
core   0: 1 0x00000000800053f8 (0x8306) x6  0x0000000000000000
core   0: 0x00000000800053fa (0xa34e0453) fle.d   s0, ft8, fs4
core   0: 1 0x00000000800053fa (0xa34e0453) c1_fflags 0x0000000000000011 x8  0x0000000000000000
core   0: 0x00000000800053fe (0xb30cf147) fmsub.d ft2, fs9, fa6, fs6
core   0: 1 0x00000000800053fe (0xb30cf147) f2  0x7ff8000000000000
core   0: 0x0000000080005402 (0x001d1773) csrrw   a4, fflags, s10
core   0: 1 0x0000000080005402 (0x001d1773) x14 0x0000000000000011 c1_fflags 0x0000000000000000
core   0: 0x0000000080005406 (0x23910653) fsgnj.d fa2, ft2, fs9
core   0: 1 0x0000000080005406 (0x23910653) f12 0x7ff8000000000000
core   0: 0x000000008000540a (0x000018bb) sllw    a7, zero, zero
core   0: 1 0x000000008000540a (0x000018bb) x17 0x0000000000000000
core   0: 0x000000008000540e (0x0002559b) srliw   a1, tp, 0
core   0: 1 0x000000008000540e (0x0002559b) x11 0x0000000000000000
core   0: 0x0000000080005412 (0xa2210d53) fle.d   s10, ft2, ft2
core   0: 1 0x0000000080005412 (0xa2210d53) c1_fflags 0x0000000000000010 x26 0x0000000000000000
core   0: 0x0000000080005416 (0xd21d0553) fcvt.d.wu fa0, s10
core   0: 1 0x0000000080005416 (0xd21d0553) f10 0x0000000000000000
core   0: 0x000000008000541a (0x00c152bb) srlw    t0, sp, a2
core   0: 1 0x000000008000541a (0x00c152bb) x5  0x0000000000000000
core   0: 0x000000008000541e (0x0130d0bb) srlw    ra, ra, s3
core   0: 1 0x000000008000541e (0x0130d0bb) x1  0x0000000000000000
core   0: 0x0000000080005422 (0xd21503d3) fcvt.d.wu ft7, a0
core   0: 1 0x0000000080005422 (0xd21503d3) f7  0x0000000000000000
core   0: 0x0000000080005426 (0xa27bf2c3) fmadd.d ft5, fs7, ft7, fs4
core   0: 1 0x0000000080005426 (0xa27bf2c3) f5  0x7ff8000000000000
core   0: 0x000000008000542a (0xc023fed3) fcvt.l.s t4, ft7
core   0: 1 0x000000008000542a (0xc023fed3) c1_fflags 0x0000000000000010 x29 0x7fffffffffffffff
core   0: 0x000000008000542e (0xc223fb53) fcvt.l.d s6, ft7
core   0: 1 0x000000008000542e (0xc223fb53) x22 0x0000000000000000
core   0: 0x0000000080005432 (0x00845c1b) srliw   s8, s0, 8
core   0: 1 0x0000000080005432 (0x00845c1b) x24 0x0000000000000000
core   0: 0x0000000080005436 (0x5a00f0d3) fsqrt.d ft1, ft1
core   0: 1 0x0000000080005436 (0x5a00f0d3) c1_fflags 0x0000000000000011 f1  0x4069d4dc35f1d08d
core   0: 0x000000008000543a (0x032962b3) rem     t0, s2, s2
core   0: 1 0x000000008000543a (0x032962b3) x5  0x0000000000000000
core   0: 0x000000008000543e (0xcbfcff4b) fnmsub.d ft10, fs9, ft11, fs9
core   0: 1 0x000000008000543e (0xcbfcff4b) f30 0x7ff8000000000000
core   0: 0x0000000080005442 (0x004dc233) xor     tp, s11, tp
core   0: 1 0x0000000080005442 (0x004dc233) x4  0x0000000000000000
core   0: 0x0000000080005446 (0x00000001) c.nop
core   0: 1 0x0000000080005446 (0x0001)
core   0: 0x0000000080005448 (0x9d626137) lui     sp, 0x9d626
core   0: 1 0x0000000080005448 (0x9d626137) x2  0xffffffff9d626000
core   0: 0x000000008000544c (0xd21a0a53) fcvt.d.wu fs4, s4
core   0: 1 0x000000008000544c (0xd21a0a53) f20 0x40b8840000000000
core   0: 0x0000000080005450 (0x00c61533) sll     a0, a2, a2
core   0: 1 0x0000000080005450 (0x00c61533) x10 0x000000014da20000
core   0: 0x0000000080005454 (0x222d8dd3) fsgnj.d fs11, fs11, ft2
core   0: 1 0x0000000080005454 (0x222d8dd3) f27 0x41db075600000000
core   0: 0x0000000080005458 (0x03354a3b) divw    s4, a0, s3
core   0: 1 0x0000000080005458 (0x03354a3b) x20 0x000000000009b576
core   0: 0x000000008000545c (0x0395573b) divuw   a4, a0, s9
core   0: 1 0x000000008000545c (0x0395573b) x14 0x0000000026d10000
core   0: 0x0000000080005460 (0xc0227dd3) fcvt.l.s s11, ft4
core   0: 1 0x0000000080005460 (0xc0227dd3) c1_fflags 0x0000000000000011 x27 0x7fffffffffffffff
core   0: 0x0000000080005464 (0x0374443b) divw    s0, s0, s7
core   0: 1 0x0000000080005464 (0x0374443b) x8  0xffffffffffffffff
core   0: 0x0000000080005468 (0x00000001) c.nop
core   0: 1 0x0000000080005468 (0x0001)
core   0: 0x000000008000546a (0x4086de33) sra     t3, a3, s0
core   0: 1 0x000000008000546a (0x4086de33) x28 0x0000000000000000
core   0: 0x000000008000546e (0x0348823b) mulw    tp, a7, s4
core   0: 1 0x000000008000546e (0x0348823b) x4  0x0000000000000000
core   0: 0x0000000080005472 (0x420002d3) fcvt.d.s ft5, ft0
core   0: 1 0x0000000080005472 (0x420002d3) f5  0x7ff8000000000000
core   0: 0x0000000080005476 (0x011b18bb) sllw    a7, s6, a7
core   0: 1 0x0000000080005476 (0x011b18bb) x17 0x0000000000000000
core   0: 0x000000008000547a (0x00189273) csrrw   tp, fflags, a7
core   0: 1 0x000000008000547a (0x00189273) x4  0x0000000000000011 c1_fflags 0x0000000000000000
core   0: 0x000000008000547e (0x01dc5333) srl     t1, s8, t4
core   0: 1 0x000000008000547e (0x01dc5333) x6  0x0000000000000000
core   0: 0x0000000080005482 (0x00000001) c.nop
core   0: 1 0x0000000080005482 (0x0001)
core   0: 0x0000000080005484 (0x2a0313d3) fmax.d  ft7, ft6, ft0
core   0: 1 0x0000000080005484 (0x2a0313d3) f7  0xc1db075600000000
core   0: 0x0000000080005488 (0x0b37f153) fsub.d  ft2, fa5, fs3
core   0: 1 0x0000000080005488 (0x0b37f153) f2  0x7ff8000000000000
core   0: 0x000000008000548c (0x0ff0000f) fence   iorw,iorw
core   0: 1 0x000000008000548c (0x0ff0000f)
core   0: 0x0000000080005490 (0xd21d8a53) fcvt.d.wu fs4, s11
core   0: 1 0x0000000080005490 (0xd21d8a53) f20 0x41efffffffe00000
core   0: 0x0000000080005494 (0x4012d113) srai    sp, t0, 1
core   0: 1 0x0000000080005494 (0x4012d113) x2  0x0000000000000000
core   0: 0x0000000080005498 (0x0395acb3) mulhsu  s9, a1, s9
core   0: 1 0x0000000080005498 (0x0395acb3) x25 0x0000000000000000
core   0: 0x000000008000549c (0x0377bcb3) mulhu   s9, a5, s7
core   0: 1 0x000000008000549c (0x0377bcb3) x25 0x0000000000000000
core   0: 0x00000000800054a0 (0x3cc78e1b) addiw   t3, a5, 972
core   0: 1 0x00000000800054a0 (0x3cc78e1b) x28 0x00000000314063cc
core   0: 0x00000000800054a4 (0x40a25233) sra     tp, tp, a0
core   0: 1 0x00000000800054a4 (0x40a25233) x4  0x0000000000000011
core   0: 0x00000000800054a8 (0xf12fd173) csrrwi  sp, marchid, 31
core   0: exception trap_illegal_instruction, epc 0x00000000800054a8
core   0:           tval 0x00000000f12fd173
core   0: >>>>  $xrv64i2p1_m2p0_a2p1_f2p2_d2p2_zicsr2p0_zifencei2p0_zmmul1p0_zba1p0_zbb1p0_zbc1p0_zbs1p0
core   0: 0x0000000080004000 (0x0080006f) j       pc + 0x8
core   0: 3 0x0000000080004000 (0x0080006f)
core   0: >>>>  mmode_exception_handler
core   0: 0x0000000080004008 (0x00002c17) auipc   s8, 0x2
core   0: 3 0x0000000080004008 (0x00002c17) x24 0x0000000080006008
core   0: 0x000000008000400c (0xfcec0c13) addi    s8, s8, -50
core   0: 3 0x000000008000400c (0xfcec0c13) x24 0x0000000080005fd6
core   0: 0x0000000080004010 (0x000c00e7) jalr    s8
core   0: 3 0x0000000080004010 (0x000c00e7) x1  0x0000000080004014
core   0: >>>>  any_handler
core   0: 0x0000000080005fd6 (0x341027f3) csrrs   a5, mepc, zero
core   0: 3 0x0000000080005fd6 (0x341027f3) x15 0x00000000800054a8
core   0: 0x0000000080005fda (0x34202773) csrrs   a4, mcause, zero
core   0: 3 0x0000000080005fda (0x34202773) x14 0x0000000000000002
core   0: 0x0000000080005fde (0x142026f3) csrrs   a3, scause, zero
core   0: 3 0x0000000080005fde (0x142026f3) x13 0x0000000000000000
core   0: 0x0000000080005fe2 (0x30402673) csrrs   a2, mie, zero
core   0: 3 0x0000000080005fe2 (0x30402673) x12 0x0000000000000a00
core   0: 0x0000000080005fe6 (0x344025f3) csrrs   a1, mip, zero
core   0: 3 0x0000000080005fe6 (0x344025f3) x11 0x0000000000000080
core   0: 0x0000000080005fea (0x343025f3) csrrs   a1, mtval, zero
core   0: 3 0x0000000080005fea (0x343025f3) x11 0x00000000f12fd173
core   0: 0x0000000080005fee (0x14302573) csrrs   a0, stval, zero
core   0: 3 0x0000000080005fee (0x14302573) x10 0x0000000000000000
core   0: 0x0000000080005ff2 (0xb02024f3) csrrs   s1, minstret, zero
core   0: 3 0x0000000080005ff2 (0xb02024f3) x9  0x0000000000000f00
core   0: 0x0000000080005ff6 (0x0000a811) c.j     pc + 20
core   0: 3 0x0000000080005ff6 (0xa811)
core   0: >>>>  mepc_4
core   0: 0x000000008000600a (0x00000791) c.addi  a5, 4
core   0: 3 0x000000008000600a (0x0791) x15 0x00000000800054ac
core   0: 0x000000008000600c (0x34179073) csrrw   zero, mepc, a5
core   0: 3 0x000000008000600c (0x34179073) c833_mepc 0x00000000800054ac
core   0: 0x0000000080006010 (0x30200073) mret
core   0: 3 0x0000000080006010 (0x30200073) c768_mstatus 0x8000000a00106080
core   0: 0x00000000800054ac (0xfff54093) not     ra, a0
core   0: 1 0x00000000800054ac (0xfff54093) x1  0xffffffffffffffff
core   0: 0x00000000800054b0 (0x6b5af2c3) fmadd.d ft5, fs5, fs5, fa3
core   0: 1 0x00000000800054b0 (0x6b5af2c3) f5  0x7ff8000000000000
core   0: 0x00000000800054b4 (0x400084bb) subw    s1, ra, zero
core   0: 1 0x00000000800054b4 (0x400084bb) x9  0xffffffffffffffff
core   0: 0x00000000800054b8 (0xd21084d3) fcvt.d.wu fs1, ra
core   0: 1 0x00000000800054b8 (0xd21084d3) f9  0x41efffffffe00000
core   0: 0x00000000800054bc (0x03d0febb) remuw   t4, ra, t4
core   0: 1 0x00000000800054bc (0x03d0febb) x29 0x0000000000000000
core   0: 0x00000000800054c0 (0x222eaad3) fsgnjx.d fs5, ft9, ft2
core   0: 1 0x00000000800054c0 (0x222eaad3) f21 0x7ff8000000000000
core   0: 0x00000000800054c4 (0x0004171b) slliw   a4, s0, 0
core   0: 1 0x00000000800054c4 (0x0004171b) x14 0xffffffffffffffff
core   0: 0x00000000800054c8 (0x5a0d7c53) fsqrt.d fs8, fs10
core   0: 1 0x00000000800054c8 (0x5a0d7c53) f24 0x7ff8000000000000
core   0: 0x00000000800054cc (0x03124c3b) divw    s8, tp, a7
core   0: 1 0x00000000800054cc (0x03124c3b) x24 0xffffffffffffffff
core   0: 0x00000000800054d0 (0x4068dc3b) sraw    s8, a7, t1
core   0: 1 0x00000000800054d0 (0x4068dc3b) x24 0x0000000000000000
core   0: 0x00000000800054d4 (0x03ad4d33) div     s10, s10, s10
core   0: 1 0x00000000800054d4 (0x03ad4d33) x26 0xffffffffffffffff
core   0: 0x00000000800054d8 (0x027dcdbb) divw    s11, s11, t2
core   0: 1 0x00000000800054d8 (0x027dcdbb) x27 0xffffffffffffffff
core   0: 0x00000000800054dc (0x020af153) fadd.d  ft2, fs5, ft0
core   0: 1 0x00000000800054dc (0x020af153) f2  0x7ff8000000000000
core   0: 0x00000000800054e0 (0xc03af6d3) fcvt.lu.s a3, fs5
core   0: 1 0x00000000800054e0 (0xc03af6d3) c1_fflags 0x0000000000000010 x13 0xffffffffffffffff
core   0: 0x00000000800054e4 (0x03469bb3) mulh    s7, a3, s4
core   0: 1 0x00000000800054e4 (0x03469bb3) x23 0xffffffffffffffff
core   0: 0x00000000800054e8 (0x02bb8cb3) mul     s9, s7, a1
core   0: 1 0x00000000800054e8 (0x02bb8cb3) x25 0xffffffff0ed02e8d
core   0: 0x00000000800054ec (0x00bbe8b3) or      a7, s7, a1
core   0: 1 0x00000000800054ec (0x00bbe8b3) x17 0xffffffffffffffff
core   0: 0x00000000800054f0 (0x00000001) c.nop
core   0: 1 0x00000000800054f0 (0x0001)
core   0: 0x00000000800054f2 (0x00088ebb) addw    t4, a7, zero
core   0: 1 0x00000000800054f2 (0x00088ebb) x29 0xffffffffffffffff
core   0: 0x00000000800054f6 (0x0aa174d3) fsub.d  fs1, ft2, fa0
core   0: 1 0x00000000800054f6 (0x0aa174d3) f9  0x7ff8000000000000
core   0: 0x00000000800054fa (0xc0257453) fcvt.l.s s0, fa0
core   0: 1 0x00000000800054fa (0xc0257453) c1_fflags 0x0000000000000010 x8  0x7fffffffffffffff
core   0: 0x00000000800054fe (0x4001d1bb) sraw    gp, gp, zero
core   0: 1 0x00000000800054fe (0x4001d1bb) x3  0xffffffffffffffff
core   0: 0x0000000080005502 (0x0129de3b) srlw    t3, s3, s2
core   0: 1 0x0000000080005502 (0x0129de3b) x28 0x0000000000000000
core   0: 0x0000000080005506 (0xd03977d3) fcvt.s.lu fa5, s2
core   0: 1 0x0000000080005506 (0xd03977d3) c1_fflags 0x0000000000000011 f15 0xffffffff4ee0008e
core   0: 0x000000008000550a (0x00be5033) srl     zero, t3, a1
core   0: 1 0x000000008000550a (0x00be5033)
core   0: 0x000000008000550e (0x23cb85d3) fsgnj.d fa1, fs7, ft8
core   0: 1 0x000000008000550e (0x23cb85d3) f11 0x7fffffff4d000000
core   0: 0x0000000080005512 (0x5a037f53) fsqrt.d ft10, ft6
core   0: 1 0x0000000080005512 (0x5a037f53) f30 0x7ff8000000000000
core   0: 0x0000000080005516 (0x0263a3b3) mulhsu  t2, t2, t1
core   0: 1 0x0000000080005516 (0x0263a3b3) x7  0x0000000000000000
core   0: 0x000000008000551a (0x401179d3) fcvt.s.d fs3, ft2
core   0: 1 0x000000008000551a (0x401179d3) f19 0xffffffff7fc00000
core   0: 0x000000008000551e (0xd02074d3) fcvt.s.l fs1, zero
core   0: 1 0x000000008000551e (0xd02074d3) f9  0xffffffff00000000
core   0: 0x0000000080005522 (0x0260ca3b) divw    s4, ra, t1
core   0: 1 0x0000000080005522 (0x0260ca3b) x20 0xffffffffffffffff
core   0: 0x0000000080005526 (0x4117093b) subw    s2, a4, a7
core   0: 1 0x0000000080005526 (0x4117093b) x18 0x0000000000000000
core   0: 0x000000008000552a (0x4016da1b) sraiw   s4, a3, 1
core   0: 1 0x000000008000552a (0x4016da1b) x20 0xffffffffffffffff
core   0: 0x000000008000552e (0x2a9d9dd3) fmax.d  fs11, fs11, fs1
core   0: 1 0x000000008000552e (0x2a9d9dd3) f27 0x41db075600000000
core   0: 0x0000000080005532 (0x02841833) mulh    a6, s0, s0
core   0: 1 0x0000000080005532 (0x02841833) x16 0x3fffffffffffffff
core   0: 0x0000000080005536 (0xc235fb53) fcvt.lu.d s6, fa1
core   0: 1 0x0000000080005536 (0xc235fb53) c1_fflags 0x0000000000000011 x22 0xffffffffffffffff
core   0: 0x000000008000553a (0x003b5ebb) srlw    t4, s6, gp
core   0: 1 0x000000008000553a (0x003b5ebb) x29 0x0000000000000001
core   0: 0x000000008000553e (0xd2327ed3) fcvt.d.lu ft9, tp
core   0: 1 0x000000008000553e (0xd2327ed3) f29 0x4031000000000000
core   0: 0x0000000080005542 (0x409656b3) sra     a3, a2, s1
core   0: 1 0x0000000080005542 (0x409656b3) x13 0x0000000000000000
core   0: 0x0000000080005546 (0x0362753b) remuw   a0, tp, s6
core   0: 1 0x0000000080005546 (0x0362753b) x10 0x0000000000000011
core   0: 0x000000008000554a (0x0010d09b) srliw   ra, ra, 1
core   0: 1 0x000000008000554a (0x0010d09b) x1  0x000000007fffffff
core   0: 0x000000008000554e (0xd230fa53) fcvt.d.lu fs4, ra
core   0: 1 0x000000008000554e (0xd230fa53) f20 0x41dfffffffc00000
core   0: 0x0000000080005552 (0x03857c3b) remuw   s8, a0, s8
core   0: 1 0x0000000080005552 (0x03857c3b) x24 0x0000000000000011
core   0: 0x0000000080005556 (0x32061373) csrrw   t1, mcountinhibit, a2
core   0: exception trap_illegal_instruction, epc 0x0000000080005556
core   0:           tval 0x0000000032061373
core   0: >>>>  $xrv64i2p1_m2p0_a2p1_f2p2_d2p2_zicsr2p0_zifencei2p0_zmmul1p0_zba1p0_zbb1p0_zbc1p0_zbs1p0
core   0: 0x0000000080004000 (0x0080006f) j       pc + 0x8
core   0: 3 0x0000000080004000 (0x0080006f)
core   0: >>>>  mmode_exception_handler
core   0: 0x0000000080004008 (0x00002c17) auipc   s8, 0x2
core   0: 3 0x0000000080004008 (0x00002c17) x24 0x0000000080006008
core   0: 0x000000008000400c (0xfcec0c13) addi    s8, s8, -50
core   0: 3 0x000000008000400c (0xfcec0c13) x24 0x0000000080005fd6
core   0: 0x0000000080004010 (0x000c00e7) jalr    s8
core   0: 3 0x0000000080004010 (0x000c00e7) x1  0x0000000080004014
core   0: >>>>  any_handler
core   0: 0x0000000080005fd6 (0x341027f3) csrrs   a5, mepc, zero
core   0: 3 0x0000000080005fd6 (0x341027f3) x15 0x0000000080005556
core   0: 0x0000000080005fda (0x34202773) csrrs   a4, mcause, zero
core   0: 3 0x0000000080005fda (0x34202773) x14 0x0000000000000002
core   0: 0x0000000080005fde (0x142026f3) csrrs   a3, scause, zero
core   0: 3 0x0000000080005fde (0x142026f3) x13 0x0000000000000000
core   0: 0x0000000080005fe2 (0x30402673) csrrs   a2, mie, zero
core   0: 3 0x0000000080005fe2 (0x30402673) x12 0x0000000000000a00
core   0: 0x0000000080005fe6 (0x344025f3) csrrs   a1, mip, zero
core   0: 3 0x0000000080005fe6 (0x344025f3) x11 0x0000000000000080
core   0: 0x0000000080005fea (0x343025f3) csrrs   a1, mtval, zero
core   0: 3 0x0000000080005fea (0x343025f3) x11 0x0000000032061373
core   0: 0x0000000080005fee (0x14302573) csrrs   a0, stval, zero
core   0: 3 0x0000000080005fee (0x14302573) x10 0x0000000000000000
core   0: 0x0000000080005ff2 (0xb02024f3) csrrs   s1, minstret, zero
core   0: 3 0x0000000080005ff2 (0xb02024f3) x9  0x0000000000000f3b
core   0: 0x0000000080005ff6 (0x0000a811) c.j     pc + 20
core   0: 3 0x0000000080005ff6 (0xa811)
core   0: >>>>  mepc_4
core   0: 0x000000008000600a (0x00000791) c.addi  a5, 4
core   0: 3 0x000000008000600a (0x0791) x15 0x000000008000555a
core   0: 0x000000008000600c (0x34179073) csrrw   zero, mepc, a5
core   0: 3 0x000000008000600c (0x34179073) c833_mepc 0x000000008000555a
core   0: 0x0000000080006010 (0x30200073) mret
core   0: 3 0x0000000080006010 (0x30200073) c768_mstatus 0x8000000a00106080
core   0: 0x000000008000555a (0x00a4949b) slliw   s1, s1, 10
core   0: 1 0x000000008000555a (0x00a4949b) x9  0x00000000003cec00
core   0: 0x000000008000555e (0x4020d13b) sraw    sp, ra, sp
core   0: 1 0x000000008000555e (0x4020d13b) x2  0xffffffff80004014
core   0: 0x0000000080005562 (0xe20587d3) fmv.x.d a5, fa1
core   0: 1 0x0000000080005562 (0xe20587d3) x15 0x7fffffff4d000000
core   0: 0x0000000080005566 (0x001a9b73) csrrw   s6, fflags, s5
core   0: 1 0x0000000080005566 (0x001a9b73) x22 0x0000000000000011 c1_fflags 0x0000000000000000
core   0: 0x000000008000556a (0x4086d31b) sraiw   t1, a3, 8
core   0: 1 0x000000008000556a (0x4086d31b) x6  0x0000000000000000
core   0: 0x000000008000556e (0x024e703b) remuw   zero, t3, tp
core   0: 1 0x000000008000556e (0x024e703b)
core   0: 0x0000000080005572 (0xd2070153) fcvt.d.w ft2, a4
core   0: 1 0x0000000080005572 (0xd2070153) f2  0x4000000000000000
core   0: 0x0000000080005576 (0xd039f1d3) fcvt.s.lu ft3, s3
core   0: 1 0x0000000080005576 (0xd039f1d3) f3  0xffffffff44ffe000
core   0: 0x000000008000557a (0x6ad8f6c3) fmadd.d fa3, fa7, fa3, fa3
core   0: 1 0x000000008000557a (0x6ad8f6c3) f13 0x7ff8000000000000
core   0: 0x000000008000557e (0xc035f1d3) fcvt.lu.s gp, fa1
core   0: 1 0x000000008000557e (0xc035f1d3) c1_fflags 0x0000000000000010 x3  0xffffffffffffffff
core   0: 0x0000000080005582 (0x00b18a3b) addw    s4, gp, a1
core   0: 1 0x0000000080005582 (0x00b18a3b) x20 0x0000000032061372
core   0: 0x0000000080005586 (0xd229ff53) fcvt.d.l ft10, s3
core   0: 1 0x0000000080005586 (0xd229ff53) f30 0x409ffc0000000000
core   0: 0x000000008000558a (0x03740e33) mul     t3, s0, s7
core   0: 1 0x000000008000558a (0x03740e33) x28 0x8000000000000001
core   0: 0x000000008000558e (0x00202d73) csrrs   s10, frm, zero
core   0: 1 0x000000008000558e (0x00202d73) x26 0x0000000000000000
core   0: 0x0000000080005592 (0xc22f74d3) fcvt.l.d s1, ft10
core   0: 1 0x0000000080005592 (0xc22f74d3) x9  0x00000000000007ff
core   0: 0x0000000080005596 (0xe219fb4b) fnmsub.d fs6, fs3, ft1, ft8
core   0: 1 0x0000000080005596 (0xe219fb4b) f22 0x7ff8000000000000
core   0: 0x000000008000559a (0xc20f70d3) fcvt.w.d ra, ft10
core   0: 1 0x000000008000559a (0xc20f70d3) x1  0x00000000000007ff
core   0: 0x000000008000559e (0x00e09213) slli    tp, ra, 14
core   0: 1 0x000000008000559e (0x00e09213) x4  0x0000000001ffc000
core   0: 0x00000000800055a2 (0x00009669) c.srai  a2, 58
core   0: 1 0x00000000800055a2 (0x9669) x12 0x0000000000000000
core   0: 0x00000000800055a4 (0x004e2333) slt     t1, t3, tp
core   0: 1 0x00000000800055a4 (0x004e2333) x6  0x0000000000000001
core   0: 0x00000000800055a8 (0x000d1e93) slli    t4, s10, 0
core   0: 1 0x00000000800055a8 (0x000d1e93) x29 0x0000000000000000
core   0: 0x00000000800055ac (0x019159bb) srlw    s3, sp, s9
core   0: 1 0x00000000800055ac (0x019159bb) x19 0x0000000000040002
core   0: 0x00000000800055b0 (0xc029f8d3) fcvt.l.s a7, fs3
core   0: 1 0x00000000800055b0 (0xc029f8d3) c1_fflags 0x0000000000000010 x17 0x7fffffffffffffff
core   0: 0x00000000800055b4 (0x4091d51b) sraiw   a0, gp, 9
core   0: 1 0x00000000800055b4 (0x4091d51b) x10 0xffffffffffffffff
core   0: 0x00000000800055b8 (0x02a6563b) divuw   a2, a2, a0
core   0: 1 0x00000000800055b8 (0x02a6563b) x12 0x0000000000000000
core   0: 0x00000000800055bc (0x017423b3) slt     t2, s0, s7
core   0: 1 0x00000000800055bc (0x017423b3) x7  0x0000000000000000
core   0: 0x00000000800055c0 (0xd2160753) fcvt.d.wu fa4, a2
core   0: 1 0x00000000800055c0 (0xd2160753) f14 0x0000000000000000
core   0: 0x00000000800055c4 (0x02edfdd3) fadd.d  fs11, fs11, fa4
core   0: 1 0x00000000800055c4 (0x02edfdd3) f27 0x41db075600000000
core   0: 0x00000000800055c8 (0x40ad02bb) subw    t0, s10, a0
core   0: 1 0x00000000800055c8 (0x40ad02bb) x5  0x0000000000000001
core   0: 0x00000000800055cc (0x02ac1c33) mulh    s8, s8, a0
core   0: 1 0x00000000800055cc (0x02ac1c33) x24 0xffffffffffffffff
core   0: 0x00000000800055d0 (0xd23c7ad3) fcvt.d.lu fs5, s8
core   0: 1 0x00000000800055d0 (0xd23c7ad3) c1_fflags 0x0000000000000011 f21 0x43f0000000000000
core   0: 0x00000000800055d4 (0x004c43b3) xor     t2, s8, tp
core   0: 1 0x00000000800055d4 (0x004c43b3) x7  0xfffffffffe003fff
core   0: 0x00000000800055d8 (0xd20c00d3) fcvt.d.w ft1, s8
core   0: 1 0x00000000800055d8 (0xd20c00d3) f1  0xbff0000000000000
core   0: 0x00000000800055dc (0x00b384bb) addw    s1, t2, a1
core   0: 1 0x00000000800055dc (0x00b384bb) x9  0x0000000030065372
core   0: 0x00000000800055e0 (0x0bd8f2d3) fsub.d  ft5, fa7, ft9
core   0: 1 0x00000000800055e0 (0x0bd8f2d3) f5  0x7ff8000000000000
core   0: 0x00000000800055e4 (0x4124d5bb) sraw    a1, s1, s2
core   0: 1 0x00000000800055e4 (0x4124d5bb) x11 0x0000000030065372
core   0: 0x00000000800055e8 (0x0320dbb3) divu    s7, ra, s2
core   0: 1 0x00000000800055e8 (0x0320dbb3) x23 0xffffffffffffffff
core   0: 0x00000000800055ec (0xf15b78f3) csrrci  a7, mconfigptr, 22
core   0: exception trap_illegal_instruction, epc 0x00000000800055ec
core   0:           tval 0x00000000f15b78f3
core   0: >>>>  $xrv64i2p1_m2p0_a2p1_f2p2_d2p2_zicsr2p0_zifencei2p0_zmmul1p0_zba1p0_zbb1p0_zbc1p0_zbs1p0
core   0: 0x0000000080004000 (0x0080006f) j       pc + 0x8
core   0: 3 0x0000000080004000 (0x0080006f)
core   0: >>>>  mmode_exception_handler
core   0: 0x0000000080004008 (0x00002c17) auipc   s8, 0x2
core   0: 3 0x0000000080004008 (0x00002c17) x24 0x0000000080006008
core   0: 0x000000008000400c (0xfcec0c13) addi    s8, s8, -50
core   0: 3 0x000000008000400c (0xfcec0c13) x24 0x0000000080005fd6
core   0: 0x0000000080004010 (0x000c00e7) jalr    s8
core   0: 3 0x0000000080004010 (0x000c00e7) x1  0x0000000080004014
core   0: >>>>  any_handler
core   0: 0x0000000080005fd6 (0x341027f3) csrrs   a5, mepc, zero
core   0: 3 0x0000000080005fd6 (0x341027f3) x15 0x00000000800055ec
core   0: 0x0000000080005fda (0x34202773) csrrs   a4, mcause, zero
core   0: 3 0x0000000080005fda (0x34202773) x14 0x0000000000000002
core   0: 0x0000000080005fde (0x142026f3) csrrs   a3, scause, zero
core   0: 3 0x0000000080005fde (0x142026f3) x13 0x0000000000000000
core   0: 0x0000000080005fe2 (0x30402673) csrrs   a2, mie, zero
core   0: 3 0x0000000080005fe2 (0x30402673) x12 0x0000000000000a00
core   0: 0x0000000080005fe6 (0x344025f3) csrrs   a1, mip, zero
core   0: 3 0x0000000080005fe6 (0x344025f3) x11 0x0000000000000080
core   0: 0x0000000080005fea (0x343025f3) csrrs   a1, mtval, zero
core   0: 3 0x0000000080005fea (0x343025f3) x11 0x00000000f15b78f3
core   0: 0x0000000080005fee (0x14302573) csrrs   a0, stval, zero
core   0: 3 0x0000000080005fee (0x14302573) x10 0x0000000000000000
core   0: 0x0000000080005ff2 (0xb02024f3) csrrs   s1, minstret, zero
core   0: 3 0x0000000080005ff2 (0xb02024f3) x9  0x0000000000000f70
core   0: 0x0000000080005ff6 (0x0000a811) c.j     pc + 20
core   0: 3 0x0000000080005ff6 (0xa811)
core   0: >>>>  mepc_4
core   0: 0x000000008000600a (0x00000791) c.addi  a5, 4
core   0: 3 0x000000008000600a (0x0791) x15 0x00000000800055f0
core   0: 0x000000008000600c (0x34179073) csrrw   zero, mepc, a5
core   0: 3 0x000000008000600c (0x34179073) c833_mepc 0x00000000800055f0
core   0: 0x0000000080006010 (0x30200073) mret
core   0: 3 0x0000000080006010 (0x30200073) c768_mstatus 0x8000000a00106080
core   0: 0x00000000800055f0 (0x2a5cfc47) fmsub.d fs8, fs9, ft5, ft5
core   0: 1 0x00000000800055f0 (0x2a5cfc47) f24 0x7ff8000000000000
core   0: 0x00000000800055f4 (0x0376f9bb) remuw   s3, a3, s7
core   0: 1 0x00000000800055f4 (0x0376f9bb) x19 0x0000000000000000
core   0: 0x00000000800055f8 (0x013986bb) addw    a3, s3, s3
core   0: 1 0x00000000800055f8 (0x013986bb) x13 0x0000000000000000
core   0: 0x00000000800055fc (0x1afcfcd3) fdiv.d  fs9, fs9, fa5
core   0: 1 0x00000000800055fc (0x1afcfcd3) f25 0x7ff8000000000000
core   0: 0x0000000080005600 (0x00000001) c.nop
core   0: 1 0x0000000080005600 (0x0001)
core   0: 0x0000000080005602 (0x01fd9b93) slli    s7, s11, 31
core   0: 1 0x0000000080005602 (0x01fd9b93) x23 0xffffffff80000000
core   0: 0x0000000080005606 (0x00000001) c.nop
core   0: 1 0x0000000080005606 (0x0001)
core   0: 0x0000000080005608 (0x232e8753) fsgnj.d fa4, ft9, fs2
core   0: 1 0x0000000080005608 (0x232e8753) f14 0xc031000000000000
core   0: 0x000000008000560c (0x01519abb) sllw    s5, gp, s5
core   0: 1 0x000000008000560c (0x01519abb) x21 0xffffffffffffffff
core   0: 0x0000000080005610 (0xe2060953) fmv.x.d s2, fa2
core   0: 1 0x0000000080005610 (0xe2060953) x18 0x7ff8000000000000
core   0: 0x0000000080005614 (0x002912f3) csrrw   t0, frm, s2
core   0: 1 0x0000000080005614 (0x002912f3) x5  0x0000000000000000 c2_frm 0x0000000000000000
core   0: 0x0000000080005618 (0x002291f3) csrrw   gp, frm, t0
core   0: 1 0x0000000080005618 (0x002291f3) x3  0x0000000000000000 c2_frm 0x0000000000000000
core   0: 0x000000008000561c (0x0014cd13) xori    s10, s1, 1
core   0: 1 0x000000008000561c (0x0014cd13) x26 0x0000000000000f71
core   0: 0x0000000080005620 (0xd6c32997) auipc   s3, 0xd6c32
core   0: 1 0x0000000080005620 (0xd6c32997) x19 0x0000000056c37620
core   0: 0x0000000080005624 (0x3b957547) fmsub.d fa0, fa0, fs9, ft7
core   0: 1 0x0000000080005624 (0x3b957547) f10 0x7ff8000000000000
core   0: 0x0000000080005628 (0x3a0cf043) fmadd.d ft0, fs9, ft0, ft7
core   0: 1 0x0000000080005628 (0x3a0cf043) f0  0x7ff8000000000000
core   0: 0x000000008000562c (0xe20002d3) fmv.x.d t0, ft0
core   0: 1 0x000000008000562c (0xe20002d3) x5  0x7ff8000000000000
core   0: 0x0000000080005630 (0x029cf23b) remuw   tp, s9, s1
core   0: 1 0x0000000080005630 (0x029cf23b) x4  0x0000000000000b5d
core   0: 0x0000000080005634 (0x00000001) c.nop
core   0: 1 0x0000000080005634 (0x0001)
core   0: 0x0000000080005636 (0xb02e2e73) csrrs   t3, minstret, t3
core   0: exception trap_illegal_instruction, epc 0x0000000080005636
core   0:           tval 0x00000000b02e2e73
core   0: >>>>  $xrv64i2p1_m2p0_a2p1_f2p2_d2p2_zicsr2p0_zifencei2p0_zmmul1p0_zba1p0_zbb1p0_zbc1p0_zbs1p0
core   0: 0x0000000080004000 (0x0080006f) j       pc + 0x8
core   0: 3 0x0000000080004000 (0x0080006f)
core   0: >>>>  mmode_exception_handler
core   0: 0x0000000080004008 (0x00002c17) auipc   s8, 0x2
core   0: 3 0x0000000080004008 (0x00002c17) x24 0x0000000080006008
core   0: 0x000000008000400c (0xfcec0c13) addi    s8, s8, -50
core   0: 3 0x000000008000400c (0xfcec0c13) x24 0x0000000080005fd6
core   0: 0x0000000080004010 (0x000c00e7) jalr    s8
core   0: 3 0x0000000080004010 (0x000c00e7) x1  0x0000000080004014
core   0: >>>>  any_handler
core   0: 0x0000000080005fd6 (0x341027f3) csrrs   a5, mepc, zero
core   0: 3 0x0000000080005fd6 (0x341027f3) x15 0x0000000080005636
core   0: 0x0000000080005fda (0x34202773) csrrs   a4, mcause, zero
core   0: 3 0x0000000080005fda (0x34202773) x14 0x0000000000000002
core   0: 0x0000000080005fde (0x142026f3) csrrs   a3, scause, zero
core   0: 3 0x0000000080005fde (0x142026f3) x13 0x0000000000000000
core   0: 0x0000000080005fe2 (0x30402673) csrrs   a2, mie, zero
core   0: 3 0x0000000080005fe2 (0x30402673) x12 0x0000000000000a00
core   0: 0x0000000080005fe6 (0x344025f3) csrrs   a1, mip, zero
core   0: 3 0x0000000080005fe6 (0x344025f3) x11 0x0000000000000080
core   0: 0x0000000080005fea (0x343025f3) csrrs   a1, mtval, zero
core   0: 3 0x0000000080005fea (0x343025f3) x11 0x00000000b02e2e73
core   0: 0x0000000080005fee (0x14302573) csrrs   a0, stval, zero
core   0: 3 0x0000000080005fee (0x14302573) x10 0x0000000000000000
core   0: 0x0000000080005ff2 (0xb02024f3) csrrs   s1, minstret, zero
core   0: 3 0x0000000080005ff2 (0xb02024f3) x9  0x0000000000000f93
core   0: 0x0000000080005ff6 (0x0000a811) c.j     pc + 20
core   0: 3 0x0000000080005ff6 (0xa811)
core   0: >>>>  mepc_4
core   0: 0x000000008000600a (0x00000791) c.addi  a5, 4
core   0: 3 0x000000008000600a (0x0791) x15 0x000000008000563a
core   0: 0x000000008000600c (0x34179073) csrrw   zero, mepc, a5
core   0: 3 0x000000008000600c (0x34179073) c833_mepc 0x000000008000563a
core   0: 0x0000000080006010 (0x30200073) mret
core   0: 3 0x0000000080006010 (0x30200073) c768_mstatus 0x8000000a00106080
core   0: 0x000000008000563a (0x01ea9013) slli    zero, s5, 30
core   0: 1 0x000000008000563a (0x01ea9013)
core   0: 0x000000008000563e (0x0ba073d3) fsub.d  ft7, ft0, fs10
core   0: 1 0x000000008000563e (0x0ba073d3) f7  0x7ff8000000000000
core   0: 0x0000000080005642 (0x0115fd33) and     s10, a1, a7
core   0: 1 0x0000000080005642 (0x0115fd33) x26 0x00000000b02e2e73
core   0: 0x0000000080005646 (0x41d00033) sub     zero, zero, t4
core   0: 1 0x0000000080005646 (0x41d00033)
core   0: 0x000000008000564a (0x1a84f753) fdiv.d  fa4, fs1, fs0
core   0: 1 0x000000008000564a (0x1a84f753) f14 0x7ff8000000000000
core   0: 0x000000008000564e (0x017adbbb) srlw    s7, s5, s7
core   0: 1 0x000000008000564e (0x017adbbb) x23 0xffffffffffffffff
core   0: 0x0000000080005652 (0xd030fe53) fcvt.s.lu ft8, ra
core   0: 1 0x0000000080005652 (0xd030fe53) c1_fflags 0x0000000000000011 f28 0xffffffff4f000040
core   0: 0x0000000080005656 (0x401ef453) fcvt.s.d fs0, ft9
core   0: 1 0x0000000080005656 (0x401ef453) f8  0xffffffff41880000
core   0: 0x000000008000565a (0x005be2b3) or      t0, s7, t0
core   0: 1 0x000000008000565a (0x005be2b3) x5  0xffffffffffffffff
core   0: 0x000000008000565e (0x41b2d3bb) sraw    t2, t0, s11
core   0: 1 0x000000008000565e (0x41b2d3bb) x7  0xffffffffffffffff
core   0: 0x0000000080005662 (0x232611d3) fsgnjn.d ft3, fa2, fs2
core   0: 1 0x0000000080005662 (0x232611d3) f3  0x7ff8000000000000
core   0: 0x0000000080005666 (0x006b9b9b) slliw   s7, s7, 6
core   0: 1 0x0000000080005666 (0x006b9b9b) x23 0xffffffffffffffc0
core   0: 0x000000008000566a (0x829972cb) fnmsub.d ft5, fs2, fs1, fa6
core   0: 1 0x000000008000566a (0x829972cb) f5  0x7ff8000000000000
core   0: 0x000000008000566e (0x0a5f7f53) fsub.d  ft10, ft10, ft5
core   0: 1 0x000000008000566e (0x0a5f7f53) f30 0x7ff8000000000000
core   0: 0x0000000080005672 (0x0235f8bb) remuw   a7, a1, gp
core   0: 1 0x0000000080005672 (0x0235f8bb) x17 0xffffffffb02e2e73
core   0: 0x0000000080005676 (0x00102cf3) csrrs   s9, fflags, zero
core   0: 1 0x0000000080005676 (0x00102cf3) x25 0x0000000000000011
core   0: 0x000000008000567a (0x1a5cf047) fmsub.d ft0, fs9, ft5, ft3
core   0: 1 0x000000008000567a (0x1a5cf047) f0  0x7ff8000000000000
core   0: 0x000000008000567e (0x00202573) csrrs   a0, frm, zero
core   0: 1 0x000000008000567e (0x00202573) x10 0x0000000000000000
core   0: 0x0000000080005682 (0x0b1c7453) fsub.d  fs0, fs8, fa7
core   0: 1 0x0000000080005682 (0x0b1c7453) f8  0x7ff8000000000000
core   0: 0x0000000080005686 (0x000080b9) c.srli  s1, 14
core   0: 1 0x0000000080005686 (0x80b9) x9  0x0000000000000000
core   0: 0x0000000080005688 (0x401b80b3) sub     ra, s7, ra
core   0: 1 0x0000000080005688 (0x401b80b3) x1  0xffffffff7fffbfac
core   0: 0x000000008000568c (0x4192d913) srai    s2, t0, 25
core   0: 1 0x000000008000568c (0x4192d913) x18 0xffffffffffffffff
core   0: 0x0000000080005690 (0x017ed9b3) srl     s3, t4, s7
core   0: 1 0x0000000080005690 (0x017ed9b3) x19 0x0000000000000000
core   0: 0x0000000080005694 (0x1a847e53) fdiv.d  ft8, fs0, fs0
core   0: 1 0x0000000080005694 (0x1a847e53) f28 0x7ff8000000000000
core   0: 0x0000000080005698 (0x41455e3b) sraw    t3, a0, s4
core   0: 1 0x0000000080005698 (0x41455e3b) x28 0x0000000000000000
core   0: 0x000000008000569c (0xc2247cd3) fcvt.l.d s9, fs0
core   0: 1 0x000000008000569c (0xc2247cd3) c1_fflags 0x0000000000000011 x25 0x7fffffffffffffff
core   0: 0x00000000800056a0 (0x232928d3) fsgnjx.d fa7, fs2, fs2
core   0: 1 0x00000000800056a0 (0x232928d3) f17 0x7ff8000000000000
core   0: 0x00000000800056a4 (0x03bad53b) divuw   a0, s5, s11
core   0: 1 0x00000000800056a4 (0x03bad53b) x10 0x0000000000000001
core   0: 0x00000000800056a8 (0xc200fad3) fcvt.w.d s5, ft1
core   0: 1 0x00000000800056a8 (0xc200fad3) x21 0xffffffffffffffff
core   0: 0x00000000800056ac (0x4adc74c3) fmadd.d fs1, fs8, fa3, fs1
core   0: 1 0x00000000800056ac (0x4adc74c3) f9  0x7ff8000000000000
core   0: 0x00000000800056b0 (0x0291d4b7) lui     s1, 0x291d
core   0: 1 0x00000000800056b0 (0x0291d4b7) x9  0x000000000291d000
core   0: 0x00000000800056b4 (0xb0d4849b) addiw   s1, s1, -1267
core   0: 1 0x00000000800056b4 (0xb0d4849b) x9  0x000000000291cb0d
core   0: 0x00000000800056b8 (0x000004b2) c.slli  s1, 12
core   0: 1 0x00000000800056b8 (0x04b2) x9  0x000000291cb0d000
core   0: 0x00000000800056ba (0x20548493) addi    s1, s1, 517
core   0: 1 0x00000000800056ba (0x20548493) x9  0x000000291cb0d205
core   0: 0x00000000800056be (0xfe10b037) lui     zero, 0xfe10b
core   0: 1 0x00000000800056be (0xfe10b037)
core   0: 0x00000000800056c2 (0xb650001b) addiw   zero, zero, -1179
core   0: 1 0x00000000800056c2 (0xb650001b)
core   0: 0x00000000800056c6 (0x00e01013) slli    zero, zero, 14
core   0: 1 0x00000000800056c6 (0x00e01013)
core   0: 0x00000000800056ca (0x02900013) li      zero, 41
core   0: 1 0x00000000800056ca (0x02900013)
core   0: 0x00000000800056ce (0xfffaf393) andi    t2, s5, -1
core   0: 1 0x00000000800056ce (0xfffaf393) x7  0xffffffffffffffff
core   0: 0x00000000800056d2 (0x007e183b) sllw    a6, t3, t2
core   0: 1 0x00000000800056d2 (0x007e183b) x16 0x0000000000000000
core   0: 0x00000000800056d6 (0x75977313) andi    t1, a4, 1881
core   0: 1 0x00000000800056d6 (0x75977313) x6  0x0000000000000000
core   0: 0x00000000800056da (0x00e35413) srli    s0, t1, 14
core   0: 1 0x00000000800056da (0x00e35413) x8  0x0000000000000000
core   0: 0x00000000800056de (0x40fe0cb3) sub     s9, t3, a5
core   0: 1 0x00000000800056de (0x40fe0cb3) x25 0xffffffff7fffa9c6
core   0: 0x00000000800056e2 (0x00000001) c.nop
core   0: 1 0x00000000800056e2 (0x0001)
core   0: 0x00000000800056e4 (0x12967253) fmul.d  ft4, fa2, fs1
core   0: 1 0x00000000800056e4 (0x12967253) f4  0x7ff8000000000000
core   0: 0x00000000800056e8 (0xc02064f3) csrrsi  s1, instret, 0
core   0: exception trap_illegal_instruction, epc 0x00000000800056e8
core   0:           tval 0x00000000c02064f3
core   0: >>>>  $xrv64i2p1_m2p0_a2p1_f2p2_d2p2_zicsr2p0_zifencei2p0_zmmul1p0_zba1p0_zbb1p0_zbc1p0_zbs1p0
core   0: 0x0000000080004000 (0x0080006f) j       pc + 0x8
core   0: 3 0x0000000080004000 (0x0080006f)
core   0: >>>>  mmode_exception_handler
core   0: 0x0000000080004008 (0x00002c17) auipc   s8, 0x2
core   0: 3 0x0000000080004008 (0x00002c17) x24 0x0000000080006008
core   0: 0x000000008000400c (0xfcec0c13) addi    s8, s8, -50
core   0: 3 0x000000008000400c (0xfcec0c13) x24 0x0000000080005fd6
core   0: 0x0000000080004010 (0x000c00e7) jalr    s8
core   0: 3 0x0000000080004010 (0x000c00e7) x1  0x0000000080004014
core   0: >>>>  any_handler
core   0: 0x0000000080005fd6 (0x341027f3) csrrs   a5, mepc, zero
core   0: 3 0x0000000080005fd6 (0x341027f3) x15 0x00000000800056e8
core   0: 0x0000000080005fda (0x34202773) csrrs   a4, mcause, zero
core   0: 3 0x0000000080005fda (0x34202773) x14 0x0000000000000002
core   0: 0x0000000080005fde (0x142026f3) csrrs   a3, scause, zero
core   0: 3 0x0000000080005fde (0x142026f3) x13 0x0000000000000000
core   0: 0x0000000080005fe2 (0x30402673) csrrs   a2, mie, zero
core   0: 3 0x0000000080005fe2 (0x30402673) x12 0x0000000000000a00
core   0: 0x0000000080005fe6 (0x344025f3) csrrs   a1, mip, zero
core   0: 3 0x0000000080005fe6 (0x344025f3) x11 0x0000000000000080
core   0: 0x0000000080005fea (0x343025f3) csrrs   a1, mtval, zero
core   0: 3 0x0000000080005fea (0x343025f3) x11 0x00000000c02064f3
core   0: 0x0000000080005fee (0x14302573) csrrs   a0, stval, zero
core   0: 3 0x0000000080005fee (0x14302573) x10 0x0000000000000000
core   0: 0x0000000080005ff2 (0xb02024f3) csrrs   s1, minstret, zero
core   0: 3 0x0000000080005ff2 (0xb02024f3) x9  0x0000000000000fd0
core   0: 0x0000000080005ff6 (0x0000a811) c.j     pc + 20
core   0: 3 0x0000000080005ff6 (0xa811)
core   0: >>>>  mepc_4
core   0: 0x000000008000600a (0x00000791) c.addi  a5, 4
core   0: 3 0x000000008000600a (0x0791) x15 0x00000000800056ec
core   0: 0x000000008000600c (0x34179073) csrrw   zero, mepc, a5
core   0: 3 0x000000008000600c (0x34179073) c833_mepc 0x00000000800056ec
core   0: 0x0000000080006010 (0x30200073) mret
core   0: 3 0x0000000080006010 (0x30200073) c768_mstatus 0x8000000a00106080
core   0: 0x00000000800056ec (0x22840453) fsgnj.d fs0, fs0, fs0
core   0: 1 0x00000000800056ec (0x22840453) f8  0x7ff8000000000000
core   0: 0x00000000800056f0 (0x00021c1b) slliw   s8, tp, 0
core   0: 1 0x00000000800056f0 (0x00021c1b) x24 0x0000000000000b5d
core   0: 0x00000000800056f4 (0x99e84597) auipc   a1, 0x99e84
core   0: 1 0x00000000800056f4 (0x99e84597) x11 0x0000000019e896f4
core   0: 0x00000000800056f8 (0x5a0474d3) fsqrt.d fs1, fs0
core   0: 1 0x00000000800056f8 (0x5a0474d3) f9  0x7ff8000000000000
core   0: 0x00000000800056fc (0x02a3cd33) div     s10, t2, a0
core   0: 1 0x00000000800056fc (0x02a3cd33) x26 0xffffffffffffffff
core   0: 0x0000000080005700 (0x00ad0333) add     t1, s10, a0
core   0: 1 0x0000000080005700 (0x00ad0333) x6  0xffffffffffffffff
core   0: 0x0000000080005704 (0xc21170d3) fcvt.wu.d ra, ft2
core   0: 1 0x0000000080005704 (0xc21170d3) x1  0x0000000000000002
core   0: 0x0000000080005708 (0x014a14bb) sllw    s1, s4, s4
core   0: 1 0x0000000080005708 (0x014a14bb) x9  0x000000004dc80000
core   0: 0x000000008000570c (0x01f3d99b) srliw   s3, t2, 31
core   0: 1 0x000000008000570c (0x01f3d99b) x19 0x0000000000000001
core   0: 0x0000000080005710 (0x00055893) srli    a7, a0, 0
core   0: 1 0x0000000080005710 (0x00055893) x17 0x0000000000000000
core   0: 0x0000000080005714 (0x0ff0000f) fence   iorw,iorw
core   0: 1 0x0000000080005714 (0x0ff0000f)
core   0: 0x0000000080005718 (0xa1055bb7) lui     s7, 0xa1055
core   0: 1 0x0000000080005718 (0xa1055bb7) x23 0xffffffffa1055000
core   0: 0x000000008000571c (0x2b2105d3) fmin.d  fa1, ft2, fs2
core   0: 1 0x000000008000571c (0x2b2105d3) f11 0x4000000000000000
core   0: 0x0000000080005720 (0x014d55b3) srl     a1, s10, s4
core   0: 1 0x0000000080005720 (0x014d55b3) x11 0x0000000000003fff
core   0: 0x0000000080005724 (0x0379fc3b) remuw   s8, s3, s7
core   0: 1 0x0000000080005724 (0x0379fc3b) x24 0x0000000000000001
core   0: 0x0000000080005728 (0xd229f4d3) fcvt.d.l fs1, s3
core   0: 1 0x0000000080005728 (0xd229f4d3) f9  0x3ff0000000000000
core   0: 0x000000008000572c (0xdb5dfdcb) fnmsub.d fs11, fs11, fs5, fs11
core   0: 1 0x000000008000572c (0xdb5dfdcb) c1_fflags 0x0000000000000011 f27 0xc5db075600000000
core   0: 0x0000000080005730 (0x000a1413) slli    s0, s4, 0
core   0: 1 0x0000000080005730 (0x000a1413) x8  0x0000000032061372
core   0: 0x0000000080005734 (0x02a9db93) srli    s7, s3, 42
core   0: 1 0x0000000080005734 (0x02a9db93) x23 0x0000000000000000
core   0: 0x0000000080005738 (0xd2297f53) fcvt.d.l ft10, s2
core   0: 1 0x0000000080005738 (0xd2297f53) f30 0xbff0000000000000
core   0: 0x000000008000573c (0x014574b3) and     s1, a0, s4
core   0: 1 0x000000008000573c (0x014574b3) x9  0x0000000000000000
core   0: 0x0000000080005740 (0x2b8080d3) fmin.d  ft1, ft1, fs8
core   0: 1 0x0000000080005740 (0x2b8080d3) f1  0xbff0000000000000
core   0: 0x0000000080005744 (0x02149133) mulh    sp, s1, ra
core   0: 1 0x0000000080005744 (0x02149133) x2  0x0000000000000000
core   0: 0x0000000080005748 (0xc213fb53) fcvt.wu.d s6, ft7
core   0: 1 0x0000000080005748 (0xc213fb53) c1_fflags 0x0000000000000011 x22 0xffffffffffffffff
core   0: 0x000000008000574c (0x9978d597) auipc   a1, 0x9978d
core   0: 1 0x000000008000574c (0x9978d597) x11 0x000000001979274c
core   0: 0x0000000080005750 (0xfc761637) lui     a2, 0xfc761
core   0: 1 0x0000000080005750 (0xfc761637) x12 0xfffffffffc761000
core   0: 0x0000000080005754 (0x00003665) c.addiw a2, -7
core   0: 1 0x0000000080005754 (0x3665) x12 0xfffffffffc760ff9
core   0: 0x0000000080005756 (0x00000636) c.slli  a2, 13
core   0: 1 0x0000000080005756 (0x0636) x12 0xffffff8ec1ff2000
core   0: 0x0000000080005758 (0xf7a60613) addi    a2, a2, -134
core   0: 1 0x0000000080005758 (0xf7a60613) x12 0xffffff8ec1ff1f7a
core   0: 0x000000008000575c (0x01fcdc9b) srliw   s9, s9, 31
core   0: 1 0x000000008000575c (0x01fcdc9b) x25 0x0000000000000000
core   0: 0x0000000080005760 (0x0a18f3d3) fsub.d  ft7, fa7, ft1
core   0: 1 0x0000000080005760 (0x0a18f3d3) f7  0x7ff8000000000000
core   0: 0x0000000080005764 (0x0375c9bb) divw    s3, a1, s7
core   0: 1 0x0000000080005764 (0x0375c9bb) x19 0xffffffffffffffff
core   0: 0x0000000080005768 (0x22b384d3) fsgnj.d fs1, ft7, fa1
core   0: 1 0x0000000080005768 (0x22b384d3) f9  0x7ff8000000000000
core   0: 0x000000008000576c (0x4030dd1b) sraiw   s10, ra, 3
core   0: 1 0x000000008000576c (0x4030dd1b) x26 0x0000000000000000
core   0: 0x0000000080005770 (0x7ffd051b) addiw   a0, s10, 2047
core   0: 1 0x0000000080005770 (0x7ffd051b) x10 0x00000000000007ff
core   0: 0x0000000080005774 (0x00202bf3) csrrs   s7, frm, zero
core   0: 1 0x0000000080005774 (0x00202bf3) x23 0x0000000000000000
core   0: 0x0000000080005778 (0x0020101b) slliw   zero, zero, 2
core   0: 1 0x0000000080005778 (0x0020101b)
core   0: 0x000000008000577c (0xf20900d3) fmv.d.x ft1, s2
core   0: 1 0x000000008000577c (0xf20900d3) f1  0xffffffffffffffff
core   0: 0x0000000080005780 (0x01ca27b3) slt     a5, s4, t3
core   0: 1 0x0000000080005780 (0x01ca27b3) x15 0x0000000000000000
core   0: 0x0000000080005784 (0x2147fb13) andi    s6, a5, 532
core   0: 1 0x0000000080005784 (0x2147fb13) x22 0x0000000000000000
core   0: 0x0000000080005788 (0xf20986d3) fmv.d.x fa3, s3
core   0: 1 0x0000000080005788 (0xf20986d3) f13 0xffffffffffffffff
core   0: 0x000000008000578c (0xfd0f4317) auipc   t1, 0xfd0f4
core   0: 1 0x000000008000578c (0xfd0f4317) x6  0x000000007d0f978c
core   0: 0x0000000080005790 (0x008857bb) srlw    a5, a6, s0
core   0: 1 0x0000000080005790 (0x008857bb) x15 0x0000000000000000
core   0: 0x0000000080005794 (0x00279273) csrrw   tp, frm, a5
core   0: 1 0x0000000080005794 (0x00279273) x4  0x0000000000000000 c2_frm 0x0000000000000000
core   0: 0x0000000080005798 (0x551fd097) auipc   ra, 0x551fd
core   0: 1 0x0000000080005798 (0x551fd097) x1  0x00000000d5202798
core   0: 0x000000008000579c (0x40a7dc33) sra     s8, a5, a0
core   0: 1 0x000000008000579c (0x40a7dc33) x24 0x0000000000000000
core   0: 0x00000000800057a0 (0xf131f1f3) csrrci  gp, mimpid, 3
core   0: exception trap_illegal_instruction, epc 0x00000000800057a0
core   0:           tval 0x00000000f131f1f3
core   0: >>>>  $xrv64i2p1_m2p0_a2p1_f2p2_d2p2_zicsr2p0_zifencei2p0_zmmul1p0_zba1p0_zbb1p0_zbc1p0_zbs1p0
core   0: 0x0000000080004000 (0x0080006f) j       pc + 0x8
core   0: 3 0x0000000080004000 (0x0080006f)
core   0: >>>>  mmode_exception_handler
core   0: 0x0000000080004008 (0x00002c17) auipc   s8, 0x2
core   0: 3 0x0000000080004008 (0x00002c17) x24 0x0000000080006008
core   0: 0x000000008000400c (0xfcec0c13) addi    s8, s8, -50
core   0: 3 0x000000008000400c (0xfcec0c13) x24 0x0000000080005fd6
core   0: 0x0000000080004010 (0x000c00e7) jalr    s8
core   0: 3 0x0000000080004010 (0x000c00e7) x1  0x0000000080004014
core   0: >>>>  any_handler
core   0: 0x0000000080005fd6 (0x341027f3) csrrs   a5, mepc, zero
core   0: 3 0x0000000080005fd6 (0x341027f3) x15 0x00000000800057a0
core   0: 0x0000000080005fda (0x34202773) csrrs   a4, mcause, zero
core   0: 3 0x0000000080005fda (0x34202773) x14 0x0000000000000002
core   0: 0x0000000080005fde (0x142026f3) csrrs   a3, scause, zero
core   0: 3 0x0000000080005fde (0x142026f3) x13 0x0000000000000000
core   0: 0x0000000080005fe2 (0x30402673) csrrs   a2, mie, zero
core   0: 3 0x0000000080005fe2 (0x30402673) x12 0x0000000000000a00
core   0: 0x0000000080005fe6 (0x344025f3) csrrs   a1, mip, zero
core   0: 3 0x0000000080005fe6 (0x344025f3) x11 0x0000000000000080
core   0: 0x0000000080005fea (0x343025f3) csrrs   a1, mtval, zero
core   0: 3 0x0000000080005fea (0x343025f3) x11 0x00000000f131f1f3
core   0: 0x0000000080005fee (0x14302573) csrrs   a0, stval, zero
core   0: 3 0x0000000080005fee (0x14302573) x10 0x0000000000000000
core   0: 0x0000000080005ff2 (0xb02024f3) csrrs   s1, minstret, zero
core   0: 3 0x0000000080005ff2 (0xb02024f3) x9  0x000000000000100e
core   0: 0x0000000080005ff6 (0x0000a811) c.j     pc + 20
core   0: 3 0x0000000080005ff6 (0xa811)
core   0: >>>>  mepc_4
core   0: 0x000000008000600a (0x00000791) c.addi  a5, 4
core   0: 3 0x000000008000600a (0x0791) x15 0x00000000800057a4
core   0: 0x000000008000600c (0x34179073) csrrw   zero, mepc, a5
core   0: 3 0x000000008000600c (0x34179073) c833_mepc 0x00000000800057a4
core   0: 0x0000000080006010 (0x30200073) mret
core   0: 3 0x0000000080006010 (0x30200073) c768_mstatus 0x8000000a00106080
core   0: 0x00000000800057a4 (0xc200fed3) fcvt.w.d t4, ft1
core   0: 1 0x00000000800057a4 (0xc200fed3) c1_fflags 0x0000000000000011 x29 0x000000007fffffff
core   0: 0x00000000800057a8 (0x724dc117) auipc   sp, 0x724dc
core   0: 1 0x00000000800057a8 (0x724dc117) x2  0x00000000f24e17a8
core   0: 0x00000000800057ac (0x00149793) slli    a5, s1, 1
core   0: 1 0x00000000800057ac (0x00149793) x15 0x000000000000201c
core   0: 0x00000000800057b0 (0x00ba05bb) addw    a1, s4, a1
core   0: 1 0x00000000800057b0 (0x00ba05bb) x11 0x0000000023380565
core   0: 0x00000000800057b4 (0xd2178d53) fcvt.d.wu fs10, a5
core   0: 1 0x00000000800057b4 (0xd2178d53) f26 0x40c00e0000000000
core   0: 0x00000000800057b8 (0xd027f553) fcvt.s.l fa0, a5
core   0: 1 0x00000000800057b8 (0xd027f553) f10 0xffffffff46007000
core   0: 0x00000000800057bc (0x02859333) mulh    t1, a1, s0
core   0: 1 0x00000000800057bc (0x02859333) x6  0x0000000000000000
core   0: 0x00000000800057c0 (0xd2108b53) fcvt.d.wu fs6, ra
core   0: 1 0x00000000800057c0 (0xd2108b53) f22 0x41e0000802800000
core   0: 0x00000000800057c4 (0xfff37a13) andi    s4, t1, -1
core   0: 1 0x00000000800057c4 (0xfff37a13) x20 0x0000000000000000
core   0: 0x00000000800057c8 (0x1400e7f3) csrrsi  a5, sscratch, 1
core   0: 1 0x00000000800057c8 (0x1400e7f3) x15 0x0000000000000000 c320_sscratch 0x0000000000000001
core   0: 0x00000000800057cc (0x0188ad37) lui     s10, 0x188a
core   0: 1 0x00000000800057cc (0x0188ad37) x26 0x000000000188a000
core   0: 0x00000000800057d0 (0x44dd0d1b) addiw   s10, s10, 1101
core   0: 1 0x00000000800057d0 (0x44dd0d1b) x26 0x000000000188a44d
core   0: 0x00000000800057d4 (0x00000d32) c.slli  s10, 12
core   0: 1 0x00000000800057d4 (0x0d32) x26 0x000000188a44d000
core   0: 0x00000000800057d6 (0x8dbd0d13) addi    s10, s10, -1829
core   0: 1 0x00000000800057d6 (0x8dbd0d13) x26 0x000000188a44c8db
core   0: 0x00000000800057da (0x01f9d993) srli    s3, s3, 31
core   0: 1 0x00000000800057da (0x01f9d993) x19 0x00000001ffffffff
core   0: 0x00000000800057de (0x00000001) c.nop
core   0: 1 0x00000000800057de (0x0001)
core   0: 0x00000000800057e0 (0xc20cf853) fcvt.w.d a6, fs9
core   0: 1 0x00000000800057e0 (0xc20cf853) c1_fflags 0x0000000000000011 x16 0x000000007fffffff
core   0: 0x00000000800057e4 (0x0a24f653) fsub.d  fa2, fs1, ft2
core   0: 1 0x00000000800057e4 (0x0a24f653) f12 0x7ff8000000000000
core   0: 0x00000000800057e8 (0x01b35d13) srli    s10, t1, 27
core   0: 1 0x00000000800057e8 (0x01b35d13) x26 0x0000000000000000
core   0: 0x00000000800057ec (0x0be67553) fsub.d  fa0, fa2, ft10
core   0: 1 0x00000000800057ec (0x0be67553) f10 0x7ff8000000000000
core   0: 0x00000000800057f0 (0x01892c33) slt     s8, s2, s8
core   0: 1 0x00000000800057f0 (0x01892c33) x24 0x0000000000000001
core   0: 0x00000000800057f4 (0x4127813b) subw    sp, a5, s2
core   0: 1 0x00000000800057f4 (0x4127813b) x2  0x0000000000000001
core   0: 0x00000000800057f8 (0x00c999b3) sll     s3, s3, a2
core   0: 1 0x00000000800057f8 (0x00c999b3) x19 0x00000001ffffffff
core   0: 0x00000000800057fc (0x42080053) fcvt.d.s ft0, fa6
core   0: 1 0x00000000800057fc (0x42080053) f0  0x7ff8000000000000
core   0: 0x0000000080005800 (0x018595b3) sll     a1, a1, s8
core   0: 1 0x0000000080005800 (0x018595b3) x11 0x0000000046700aca
core   0: 0x0000000080005804 (0xc02579d3) fcvt.l.s s3, fa0
core   0: 1 0x0000000080005804 (0xc02579d3) c1_fflags 0x0000000000000011 x19 0x7fffffffffffffff
core   0: 0x0000000080005808 (0x00009562) c.add   a0, s8
core   0: 1 0x0000000080005808 (0x9562) x10 0x0000000000000001
core   0: 0x000000008000580a (0xe24279cf) fnmadd.d fs3, ft4, ft4, ft8
core   0: 1 0x000000008000580a (0xe24279cf) f19 0x7ff8000000000000
core   0: 0x000000008000580e (0x0002921b) slliw   tp, t0, 0
core   0: 1 0x000000008000580e (0x0002921b) x4  0xffffffffffffffff
core   0: 0x0000000080005812 (0x00029a93) slli    s5, t0, 0
core   0: 1 0x0000000080005812 (0x00029a93) x21 0xffffffffffffffff
core   0: 0x0000000080005816 (0x2bfe0d53) fmin.d  fs10, ft8, ft11
core   0: 1 0x0000000080005816 (0x2bfe0d53) f26 0x7ff8000000000000
core   0: 0x000000008000581a (0x2224ae53) fsgnjx.d ft8, fs1, ft2
core   0: 1 0x000000008000581a (0x2224ae53) f28 0x7ff8000000000000
core   0: 0x000000008000581e (0xf2010b53) fmv.d.x fs6, sp
core   0: 1 0x000000008000581e (0xf2010b53) f22 0x0000000000000001
core   0: 0x0000000080005822 (0x001026f3) csrrs   a3, fflags, zero
core   0: 1 0x0000000080005822 (0x001026f3) x13 0x0000000000000011
core   0: 0x0000000080005826 (0x00000001) c.nop
core   0: 1 0x0000000080005826 (0x0001)
core   0: 0x0000000080005828 (0x2bc388d3) fmin.d  fa7, ft7, ft8
core   0: 1 0x0000000080005828 (0x2bc388d3) f17 0x7ff8000000000000
core   0: 0x000000008000582c (0x00e8d83b) srlw    a6, a7, a4
core   0: 1 0x000000008000582c (0x00e8d83b) x16 0x0000000000000000
core   0: 0x0000000080005830 (0x0305653b) remw    a0, a0, a6
core   0: 1 0x0000000080005830 (0x0305653b) x10 0x0000000000000001
core   0: 0x0000000080005834 (0xe90558b7) lui     a7, 0xe9055
core   0: 1 0x0000000080005834 (0xe90558b7) x17 0xffffffffe9055000
core   0: 0x0000000080005838 (0xf6d47b93) andi    s7, s0, -147
core   0: 1 0x0000000080005838 (0xf6d47b93) x23 0x0000000032061360
core   0: 0x000000008000583c (0x0ff0000f) fence   iorw,iorw
core   0: 1 0x000000008000583c (0x0ff0000f)
core   0: 0x0000000080005840 (0xd21804d3) fcvt.d.wu fs1, a6
core   0: 1 0x0000000080005840 (0xd21804d3) f9  0x0000000000000000
core   0: 0x0000000080005844 (0x40388a33) sub     s4, a7, gp
core   0: 1 0x0000000080005844 (0x40388a33) x20 0xffffffffe9055000
core   0: 0x0000000080005848 (0xe5e81eb7) lui     t4, 0xe5e81
core   0: 1 0x0000000080005848 (0xe5e81eb7) x29 0xffffffffe5e81000
core   0: 0x000000008000584c (0x03498dbb) mulw    s11, s3, s4
core   0: 1 0x000000008000584c (0x03498dbb) x27 0x0000000016fab000
core   0: 0x0000000080005850 (0x2b9485d3) fmin.d  fa1, fs1, fs9
core   0: 1 0x0000000080005850 (0x2b9485d3) f11 0x0000000000000000
core   0: 0x0000000080005854 (0x0210f1b3) remu    gp, ra, ra
core   0: 1 0x0000000080005854 (0x0210f1b3) x3  0x0000000000000000
core   0: 0x0000000080005858 (0x023c7dbb) remuw   s11, s8, gp
core   0: 1 0x0000000080005858 (0x023c7dbb) x27 0x0000000000000001
core   0: 0x000000008000585c (0x090a6313) ori     t1, s4, 144
core   0: 1 0x000000008000585c (0x090a6313) x6  0xffffffffe9055090
core   0: 0x0000000080005860 (0x006d74b3) and     s1, s10, t1
core   0: 1 0x0000000080005860 (0x006d74b3) x9  0x0000000000000000
core   0: 0x0000000080005864 (0x001020f3) csrrs   ra, fflags, zero
core   0: 1 0x0000000080005864 (0x001020f3) x1  0x0000000000000011
core   0: 0x0000000080005868 (0x2a7686d3) fmin.d  fa3, fa3, ft7
core   0: 1 0x0000000080005868 (0x2a7686d3) f13 0x7ff8000000000000
core   0: 0x000000008000586c (0x021589b3) mul     s3, a1, ra
core   0: 1 0x000000008000586c (0x021589b3) x19 0x00000004ad70b76a
core   0: 0x0000000080005870 (0x00a9debb) srlw    t4, s3, a0
core   0: 1 0x0000000080005870 (0x00a9debb) x29 0x0000000056b85bb5
core   0: 0x0000000080005874 (0x40f7d7bb) sraw    a5, a5, a5
core   0: 1 0x0000000080005874 (0x40f7d7bb) x15 0x0000000000000000
core   0: 0x0000000080005878 (0x001029f3) csrrs   s3, fflags, zero
core   0: 1 0x0000000080005878 (0x001029f3) x19 0x0000000000000011
core   0: 0x000000008000587c (0xb2db7d43) fmadd.d fs10, fs6, fa3, fs6
core   0: 1 0x000000008000587c (0xb2db7d43) f26 0x7ff8000000000000
core   0: 0x0000000080005880 (0x4275db93) srai    s7, a1, 39
core   0: 1 0x0000000080005880 (0x4275db93) x23 0x0000000000000000
core   0: 0x0000000080005884 (0x0a6f7253) fsub.d  ft4, ft10, ft6
core   0: 1 0x0000000080005884 (0x0a6f7253) f4  0x7ff8000000000000
core   0: 0x0000000080005888 (0x0179923b) sllw    tp, s3, s7
core   0: 1 0x0000000080005888 (0x0179923b) x4  0x0000000000000011
core   0: 0x000000008000588c (0x0089e1b3) or      gp, s3, s0
core   0: 1 0x000000008000588c (0x0089e1b3) x3  0x0000000032061373
core   0: 0x0000000080005890 (0x0006da93) srli    s5, a3, 0
core   0: 1 0x0000000080005890 (0x0006da93) x21 0x0000000000000011
core   0: 0x0000000080005894 (0x03fc1813) slli    a6, s8, 63
core   0: 1 0x0000000080005894 (0x03fc1813) x16 0x8000000000000000
core   0: 0x0000000080005898 (0x43d8dc13) srai    s8, a7, 61
core   0: 1 0x0000000080005898 (0x43d8dc13) x24 0xffffffffffffffff
core   0: 0x000000008000589c (0xfffb0d1b) addiw   s10, s6, -1
core   0: 1 0x000000008000589c (0xfffb0d1b) x26 0xffffffffffffffff
core   0: 0x00000000800058a0 (0x222da153) fsgnjx.d ft2, fs11, ft2
core   0: 1 0x00000000800058a0 (0x222da153) f2  0xc5db075600000000
core   0: 0x00000000800058a4 (0xc213f153) fcvt.wu.d sp, ft7
core   0: 1 0x00000000800058a4 (0xc213f153) c1_fflags 0x0000000000000011 x2  0xffffffffffffffff
core   0: 0x00000000800058a8 (0x013813b3) sll     t2, a6, s3
core   0: 1 0x00000000800058a8 (0x013813b3) x7  0x0000000000000000
core   0: 0x00000000800058ac (0x5a017a53) fsqrt.d fs4, ft2
core   0: 1 0x00000000800058ac (0x5a017a53) c1_fflags 0x0000000000000011 f20 0x7ff8000000000000
core   0: 0x00000000800058b0 (0x00c68ab3) add     s5, a3, a2
core   0: 1 0x00000000800058b0 (0x00c68ab3) x21 0x0000000000000a11
core   0: 0x00000000800058b4 (0x000ad19b) srliw   gp, s5, 0
core   0: 1 0x00000000800058b4 (0x000ad19b) x3  0x0000000000000a11
core   0: 0x00000000800058b8 (0x03236433) rem     s0, t1, s2
core   0: 1 0x00000000800058b8 (0x03236433) x8  0x0000000000000000
core   0: 0x00000000800058bc (0x00741033) sll     zero, s0, t2
core   0: 1 0x00000000800058bc (0x00741033)
core   0: 0x00000000800058c0 (0x0200713b) remuw   sp, zero, zero
core   0: 1 0x00000000800058c0 (0x0200713b) x2  0x0000000000000000
core   0: 0x00000000800058c4 (0xe345f0cf) fnmadd.d ft1, fa1, fs4, ft8
core   0: 1 0x00000000800058c4 (0xe345f0cf) f1  0x7ff8000000000000
core   0: 0x00000000800058c8 (0x821d7743) fmadd.d fa4, fs10, ft1, fa6
core   0: 1 0x00000000800058c8 (0x821d7743) f14 0x7ff8000000000000
core   0: 0x00000000800058cc (0x03460033) mul     zero, a2, s4
core   0: 1 0x00000000800058cc (0x03460033)
core   0: 0x00000000800058d0 (0x0006033b) addw    t1, a2, zero
core   0: 1 0x00000000800058d0 (0x0006033b) x6  0x0000000000000a00
core   0: 0x00000000800058d4 (0x124774d3) fmul.d  fs1, fa4, ft4
core   0: 1 0x00000000800058d4 (0x124774d3) f9  0x7ff8000000000000
core   0: 0x00000000800058d8 (0xd2297bd3) fcvt.d.l fs7, s2
core   0: 1 0x00000000800058d8 (0xd2297bd3) f23 0xbff0000000000000
core   0: 0x00000000800058dc (0x0babf653) fsub.d  fa2, fs7, fs10
core   0: 1 0x00000000800058dc (0x0babf653) f12 0x7ff8000000000000
core   0: 0x00000000800058e0 (0x40198933) sub     s2, s3, ra
core   0: 1 0x00000000800058e0 (0x40198933) x18 0x0000000000000000
core   0: 0x00000000800058e4 (0x4370d893) srai    a7, ra, 55
core   0: 1 0x00000000800058e4 (0x4370d893) x17 0x0000000000000000
core   0: 0x00000000800058e8 (0xbbcb7b4b) fnmsub.d fs6, fs6, ft8, fs7
core   0: 1 0x00000000800058e8 (0xbbcb7b4b) f22 0x7ff8000000000000
core   0: 0x00000000800058ec (0x2a4915d3) fmax.d  fa1, fs2, ft4
core   0: 1 0x00000000800058ec (0x2a4915d3) f11 0x7ff8000000000000
core   0: 0x00000000800058f0 (0x0330fa33) remu    s4, ra, s3
core   0: 1 0x00000000800058f0 (0x0330fa33) x20 0x0000000000000000
core   0: 0x00000000800058f4 (0x4376de93) srai    t4, a3, 55
core   0: 1 0x00000000800058f4 (0x4376de93) x29 0x0000000000000000
core   0: 0x00000000800058f8 (0x0267bc33) mulhu   s8, a5, t1
core   0: 1 0x00000000800058f8 (0x0267bc33) x24 0x0000000000000000
core   0: 0x00000000800058fc (0x00ac03b3) add     t2, s8, a0
core   0: 1 0x00000000800058fc (0x00ac03b3) x7  0x0000000000000001
core   0: 0x0000000080005900 (0x002a15f3) csrrw   a1, frm, s4
core   0: 1 0x0000000080005900 (0x002a15f3) x11 0x0000000000000000 c2_frm 0x0000000000000000
core   0: 0x0000000080005904 (0x025c42bb) divw    t0, s8, t0
core   0: 1 0x0000000080005904 (0x025c42bb) x5  0x0000000000000000
core   0: 0x0000000080005908 (0xc217f3d3) fcvt.wu.d t2, fa5
core   0: 1 0x0000000080005908 (0xc217f3d3) c1_fflags 0x0000000000000011 x7  0xffffffffffffffff
core   0: 0x000000008000590c (0x23d59453) fsgnjn.d fs0, fa1, ft9
core   0: 1 0x000000008000590c (0x23d59453) f8  0xfff8000000000000
core   0: 0x0000000080005910 (0xd2198853) fcvt.d.wu fa6, s3
core   0: 1 0x0000000080005910 (0xd2198853) f16 0x4031000000000000
core   0: 0x0000000080005914 (0x00b615bb) sllw    a1, a2, a1
core   0: 1 0x0000000080005914 (0x00b615bb) x11 0x0000000000000a00
core   0: 0x0000000080005918 (0x00249573) csrrw   a0, frm, s1
core   0: 1 0x0000000080005918 (0x00249573) x10 0x0000000000000000 c2_frm 0x0000000000000000
core   0: 0x000000008000591c (0x4ac17293) andi    t0, sp, 1196
core   0: 1 0x000000008000591c (0x4ac17293) x5  0x0000000000000000
core   0: 0x0000000080005920 (0x41ad8dbb) subw    s11, s11, s10
core   0: 1 0x0000000080005920 (0x41ad8dbb) x27 0x0000000000000002
core   0: 0x0000000080005924 (0xc02073d3) fcvt.l.s t2, ft0
core   0: 1 0x0000000080005924 (0xc02073d3) c1_fflags 0x0000000000000011 x7  0x7fffffffffffffff
core   0: 0x0000000080005928 (0x5a06fd53) fsqrt.d fs10, fa3
core   0: 1 0x0000000080005928 (0x5a06fd53) f26 0x7ff8000000000000
core   0: 0x000000008000592c (0x8003861b) addiw   a2, t2, -2048
core   0: 1 0x000000008000592c (0x8003861b) x12 0xfffffffffffff7ff
core   0: 0x0000000080005930 (0x221d2153) fsgnjx.d ft2, fs10, ft1
core   0: 1 0x0000000080005930 (0x221d2153) f2  0x7ff8000000000000
core   0: 0x0000000080005934 (0x00b5d03b) srlw    zero, a1, a1
core   0: 1 0x0000000080005934 (0x00b5d03b)
core   0: 0x0000000080005938 (0xc02cf5d3) fcvt.l.s a1, fs9
core   0: 1 0x0000000080005938 (0xc02cf5d3) c1_fflags 0x0000000000000011 x11 0x7fffffffffffffff
core   0: 0x000000008000593c (0x01bcf7b3) and     a5, s9, s11
core   0: 1 0x000000008000593c (0x01bcf7b3) x15 0x0000000000000000
core   0: 0x0000000080005940 (0x23fc0053) fsgnj.d ft0, fs8, ft11
core   0: 1 0x0000000080005940 (0x23fc0053) f0  0x7ff8000000000000
core   0: 0x0000000080005944 (0x4157d61b) sraiw   a2, a5, 21
core   0: 1 0x0000000080005944 (0x4157d61b) x12 0x0000000000000000
core   0: 0x0000000080005948 (0x0027c133) xor     sp, a5, sp
core   0: 1 0x0000000080005948 (0x0027c133) x2  0x0000000000000000
core   0: 0x000000008000594c (0xeb963d13) sltiu   s10, a2, -327
core   0: 1 0x000000008000594c (0xeb963d13) x26 0x0000000000000001
core   0: 0x0000000080005950 (0xa3c90153) fle.d   sp, fs2, ft8
core   0: 1 0x0000000080005950 (0xa3c90153) c1_fflags 0x0000000000000011 x2  0x0000000000000000
core   0: 0x0000000080005954 (0x0222d7b3) divu    a5, t0, sp
core   0: 1 0x0000000080005954 (0x0222d7b3) x15 0xffffffffffffffff
core   0: 0x0000000080005958 (0x02bffbd3) fadd.d  fs7, ft11, fa1
core   0: 1 0x0000000080005958 (0x02bffbd3) f23 0x7ff8000000000000
core   0: 0x000000008000595c (0x403c0333) sub     t1, s8, gp
core   0: 1 0x000000008000595c (0x403c0333) x6  0xfffffffffffff5ef
core   0: 0x0000000080005960 (0x01ce0c3b) addw    s8, t3, t3
core   0: 1 0x0000000080005960 (0x01ce0c3b) x24 0x0000000000000000
core   0: 0x0000000080005964 (0x0013d51b) srliw   a0, t2, 1
core   0: 1 0x0000000080005964 (0x0013d51b) x10 0x000000007fffffff
core   0: 0x0000000080005968 (0x5a00fad3) fsqrt.d fs5, ft1
core   0: 1 0x0000000080005968 (0x5a00fad3) f21 0x7ff8000000000000
core   0: 0x000000008000596c (0x0b15f7d3) fsub.d  fa5, fa1, fa7
core   0: 1 0x000000008000596c (0x0b15f7d3) f15 0x7ff8000000000000
core   0: 0x0000000080005970 (0xd2267fd3) fcvt.d.l ft11, a2
core   0: 1 0x0000000080005970 (0xd2267fd3) f31 0x0000000000000000
core   0: 0x0000000080005974 (0x13167353) fmul.d  ft6, fa2, fa7
core   0: 1 0x0000000080005974 (0x13167353) f6  0x7ff8000000000000
core   0: 0x0000000080005978 (0x0184ea33) or      s4, s1, s8
core   0: 1 0x0000000080005978 (0x0184ea33) x20 0x0000000000000000
core   0: 0x000000008000597c (0x00202073) csrrs   zero, frm, zero
core   0: 1 0x000000008000597c (0x00202073)
core   0: 0x0000000080005980 (0x40187dd3) fcvt.s.d fs11, fa6
core   0: 1 0x0000000080005980 (0x40187dd3) f27 0xffffffff41880000
core   0: 0x0000000080005984 (0x03b1adb3) mulhsu  s11, gp, s11
core   0: 1 0x0000000080005984 (0x03b1adb3) x27 0x0000000000000000
core   0: 0x0000000080005988 (0xd2100b53) fcvt.d.wu fs6, zero
core   0: 1 0x0000000080005988 (0xd2100b53) f22 0x0000000000000000
core   0: 0x000000008000598c (0x68c64b13) xori    s6, a2, 1676
core   0: 1 0x000000008000598c (0x68c64b13) x22 0x000000000000068c
core   0: 0x0000000080005990 (0x015edabb) srlw    s5, t4, s5
core   0: 1 0x0000000080005990 (0x015edabb) x21 0x0000000000000000
core   0: 0x0000000080005994 (0xc206f2d3) fcvt.w.d t0, fa3
core   0: 1 0x0000000080005994 (0xc206f2d3) c1_fflags 0x0000000000000011 x5  0x000000007fffffff
core   0: 0x0000000080005998 (0x026ffd53) fadd.d  fs10, ft11, ft6
core   0: 1 0x0000000080005998 (0x026ffd53) f26 0x7ff8000000000000
core   0: 0x000000008000599c (0x00b185bb) addw    a1, gp, a1
core   0: 1 0x000000008000599c (0x00b185bb) x11 0x0000000000000a10
core   0: 0x00000000800059a0 (0xc03d74d3) fcvt.lu.s s1, fs10
core   0: 1 0x00000000800059a0 (0xc03d74d3) c1_fflags 0x0000000000000011 x9  0xffffffffffffffff
core   0: 0x00000000800059a4 (0x013480bb) addw    ra, s1, s3
core   0: 1 0x00000000800059a4 (0x013480bb) x1  0x0000000000000010
core   0: 0x00000000800059a8 (0x08e441b7) lui     gp, 0x8e44
core   0: 1 0x00000000800059a8 (0x08e441b7) x3  0x0000000008e44000
core   0: 0x00000000800059ac (0x001310f3) csrrw   ra, fflags, t1
core   0: 1 0x00000000800059ac (0x001310f3) x1  0x0000000000000011 c1_fflags 0x000000000000000f
core   0: 0x00000000800059b0 (0xc024f1d3) fcvt.l.s gp, fs1
core   0: 1 0x00000000800059b0 (0xc024f1d3) c1_fflags 0x000000000000001f x3  0x7fffffffffffffff
core   0: 0x00000000800059b4 (0xc2027ed3) fcvt.w.d t4, ft4
core   0: 1 0x00000000800059b4 (0xc2027ed3) c1_fflags 0x000000000000001f x29 0x000000007fffffff
core   0: 0x00000000800059b8 (0x974afa93) andi    s5, s5, -1676
core   0: 1 0x00000000800059b8 (0x974afa93) x21 0x0000000000000000
core   0: 0x00000000800059bc (0x028686bb) mulw    a3, a3, s0
core   0: 1 0x00000000800059bc (0x028686bb) x13 0x0000000000000000
core   0: 0x00000000800059c0 (0x5a0bfbd3) fsqrt.d fs7, fs7
core   0: 1 0x00000000800059c0 (0x5a0bfbd3) f23 0x7ff8000000000000
core   0: 0x00000000800059c4 (0x0063179b) slliw   a5, t1, 6
core   0: 1 0x00000000800059c4 (0x0063179b) x15 0xfffffffffffd7bc0
core   0: 0x00000000800059c8 (0x033dd6b3) divu    a3, s11, s3
core   0: 1 0x00000000800059c8 (0x033dd6b3) x13 0x0000000000000000
core   0: 0x00000000800059cc (0x22d68953) fsgnj.d fs2, fa3, fa3
core   0: 1 0x00000000800059cc (0x22d68953) f18 0x7ff8000000000000
core   0: 0x00000000800059d0 (0x01689733) sll     a4, a7, s6
core   0: 1 0x00000000800059d0 (0x01689733) x14 0x0000000000000000
core   0: 0x00000000800059d4 (0x002a98f3) csrrw   a7, frm, s5
core   0: 1 0x00000000800059d4 (0x002a98f3) x17 0x0000000000000000 c2_frm 0x0000000000000000
core   0: 0x00000000800059d8 (0x4018db93) srai    s7, a7, 1
core   0: 1 0x00000000800059d8 (0x4018db93) x23 0x0000000000000000
core   0: 0x00000000800059dc (0x03627bbb) remuw   s7, tp, s6
core   0: 1 0x00000000800059dc (0x03627bbb) x23 0x0000000000000011
core   0: 0x00000000800059e0 (0xd22677d3) fcvt.d.l fa5, a2
core   0: 1 0x00000000800059e0 (0xd22677d3) f15 0x0000000000000000
core   0: 0x00000000800059e4 (0x00bd8cb3) add     s9, s11, a1
core   0: 1 0x00000000800059e4 (0x00bd8cb3) x25 0x0000000000000a10
core   0: 0x00000000800059e8 (0x01fb981b) slliw   a6, s7, 31
core   0: 1 0x00000000800059e8 (0x01fb981b) x16 0xffffffff80000000
core   0: 0x00000000800059ec (0xc20d7e53) fcvt.w.d t3, fs10
core   0: 1 0x00000000800059ec (0xc20d7e53) c1_fflags 0x000000000000001f x28 0x000000007fffffff
core   0: 0x00000000800059f0 (0xc208f7d3) fcvt.w.d a5, fa7
core   0: 1 0x00000000800059f0 (0xc208f7d3) c1_fflags 0x000000000000001f x15 0x000000007fffffff
core   0: 0x00000000800059f4 (0x2318a5d3) fsgnjx.d fa1, fa7, fa7
core   0: 1 0x00000000800059f4 (0x2318a5d3) f11 0x7ff8000000000000
core   0: 0x00000000800059f8 (0x02c6eab3) rem     s5, a3, a2
core   0: 1 0x00000000800059f8 (0x02c6eab3) x21 0x0000000000000000
core   0: 0x00000000800059fc (0x0000397d) c.addiw s2, -1
core   0: 1 0x00000000800059fc (0x397d) x18 0xffffffffffffffff
core   0: 0x00000000800059fe (0x03defed3) fadd.d  ft9, ft9, ft9
core   0: 1 0x00000000800059fe (0x03defed3) f29 0x4041000000000000
core   0: 0x0000000080005a02 (0x0bd3f8d3) fsub.d  fa7, ft7, ft9
core   0: 1 0x0000000080005a02 (0x0bd3f8d3) f17 0x7ff8000000000000
core   0: 0x0000000080005a06 (0x00000001) c.nop
core   0: 1 0x0000000080005a06 (0x0001)
core   0: 0x0000000080005a08 (0x000095c6) c.add   a1, a7
core   0: 1 0x0000000080005a08 (0x95c6) x11 0x0000000000000a10
core   0: 0x0000000080005a0a (0xc21cfcd3) fcvt.wu.d s9, fs9
core   0: 1 0x0000000080005a0a (0xc21cfcd3) c1_fflags 0x000000000000001f x25 0xffffffffffffffff
core   0: 0x0000000080005a0e (0x0118a8b3) slt     a7, a7, a7
core   0: 1 0x0000000080005a0e (0x0118a8b3) x17 0x0000000000000000
core   0: 0x0000000080005a12 (0x014875b3) and     a1, a6, s4
core   0: 1 0x0000000080005a12 (0x014875b3) x11 0x0000000000000000
core   0: 0x0000000080005a16 (0x014537b3) sltu    a5, a0, s4
core   0: 1 0x0000000080005a16 (0x014537b3) x15 0x0000000000000000
core   0: 0x0000000080005a1a (0x01284933) xor     s2, a6, s2
core   0: 1 0x0000000080005a1a (0x01284933) x18 0x000000007fffffff
core   0: 0x0000000080005a1e (0x002c17f3) csrrw   a5, frm, s8
core   0: 1 0x0000000080005a1e (0x002c17f3) x15 0x0000000000000000 c2_frm 0x0000000000000000
core   0: 0x0000000080005a22 (0x001706b3) add     a3, a4, ra
core   0: 1 0x0000000080005a22 (0x001706b3) x13 0x0000000000000011
core   0: 0x0000000080005a26 (0x40ce5493) srai    s1, t3, 12
core   0: 1 0x0000000080005a26 (0x40ce5493) x9  0x000000000007ffff
core   0: 0x0000000080005a2a (0x00bc65b3) or      a1, s8, a1
core   0: 1 0x0000000080005a2a (0x00bc65b3) x11 0x0000000000000000
core   0: 0x0000000080005a2e (0x02aa2933) mulhsu  s2, s4, a0
core   0: 1 0x0000000080005a2e (0x02aa2933) x18 0x0000000000000000
core   0: 0x0000000080005a32 (0x002a18bb) sllw    a7, s4, sp
core   0: 1 0x0000000080005a32 (0x002a18bb) x17 0x0000000000000000
core   0: 0x0000000080005a36 (0x41c9ddb3) sra     s11, s3, t3
core   0: 1 0x0000000080005a36 (0x41c9ddb3) x27 0x0000000000000000
core   0: 0x0000000080005a3a (0x0104883b) addw    a6, s1, a6
core   0: 1 0x0000000080005a3a (0x0104883b) x16 0xffffffff8007ffff
core   0: 0x0000000080005a3e (0x02014333) div     t1, sp, zero
core   0: 1 0x0000000080005a3e (0x02014333) x6  0xffffffffffffffff
core   0: 0x0000000080005a42 (0x002593bb) sllw    t2, a1, sp
core   0: 1 0x0000000080005a42 (0x002593bb) x7  0x0000000000000000
core   0: 0x0000000080005a46 (0x03080833) mul     a6, a6, a6
core   0: 1 0x0000000080005a46 (0x03080833) x16 0x3ff80040fff00001
core   0: 0x0000000080005a4a (0x00b7dc93) srli    s9, a5, 11
core   0: 1 0x0000000080005a4a (0x00b7dc93) x25 0x0000000000000000
core   0: 0x0000000080005a4e (0x220686d3) fsgnj.d fa3, fa3, ft0
core   0: 1 0x0000000080005a4e (0x220686d3) f13 0x7ff8000000000000
core   0: 0x0000000080005a52 (0xc230f5d3) fcvt.lu.d a1, ft1
core   0: 1 0x0000000080005a52 (0xc230f5d3) c1_fflags 0x000000000000001f x11 0xffffffffffffffff
core   0: 0x0000000080005a56 (0x0209ecb3) rem     s9, s3, zero
core   0: 1 0x0000000080005a56 (0x0209ecb3) x25 0x0000000000000011
core   0: 0x0000000080005a5a (0x01ba5733) srl     a4, s4, s11
core   0: 1 0x0000000080005a5a (0x01ba5733) x14 0x0000000000000000
core   0: 0x0000000080005a5e (0x0ff0000f) fence   iorw,iorw
core   0: 1 0x0000000080005a5e (0x0ff0000f)
core   0: 0x0000000080005a62 (0x019822b3) slt     t0, a6, s9
core   0: 1 0x0000000080005a62 (0x019822b3) x5  0x0000000000000000
core   0: 0x0000000080005a66 (0xc2007e53) fcvt.w.d t3, ft0
core   0: 1 0x0000000080005a66 (0xc2007e53) c1_fflags 0x000000000000001f x28 0x000000007fffffff
core   0: 0x0000000080005a6a (0x01f2531b) srliw   t1, tp, 31
core   0: 1 0x0000000080005a6a (0x01f2531b) x6  0x0000000000000000
core   0: 0x0000000080005a6e (0x0163d6bb) srlw    a3, t2, s6
core   0: 1 0x0000000080005a6e (0x0163d6bb) x13 0x0000000000000000
core   0: 0x0000000080005a72 (0xc0207753) fcvt.l.s a4, ft0
core   0: 1 0x0000000080005a72 (0xc0207753) c1_fflags 0x000000000000001f x14 0x7fffffffffffffff
core   0: 0x0000000080005a76 (0xd20887d3) fcvt.d.w fa5, a7
core   0: 1 0x0000000080005a76 (0xd20887d3) f15 0x0000000000000000
core   0: 0x0000000080005a7a (0x031af9b3) remu    s3, s5, a7
core   0: 1 0x0000000080005a7a (0x031af9b3) x19 0x0000000000000000
core   0: 0x0000000080005a7e (0x007893b3) sll     t2, a7, t2
core   0: 1 0x0000000080005a7e (0x007893b3) x7  0x0000000000000000
core   0: 0x0000000080005a82 (0xc2087b53) fcvt.w.d s6, fa6
core   0: 1 0x0000000080005a82 (0xc2087b53) x22 0x0000000000000011
core   0: 0x0000000080005a86 (0xea57f54b) fnmsub.d fa0, fa5, ft5, ft9
core   0: 1 0x0000000080005a86 (0xea57f54b) f10 0x7ff8000000000000
core   0: 0x0000000080005a8a (0x00061793) slli    a5, a2, 0
core   0: 1 0x0000000080005a8a (0x00061793) x15 0x0000000000000000
core   0: 0x0000000080005a8e (0x001290f3) csrrw   ra, fflags, t0
core   0: 1 0x0000000080005a8e (0x001290f3) x1  0x000000000000001f c1_fflags 0x0000000000000000
core   0: 0x0000000080005a92 (0x41bd0dbb) subw    s11, s10, s11
core   0: 1 0x0000000080005a92 (0x41bd0dbb) x27 0x0000000000000001
core   0: 0x0000000080005a96 (0x948b6513) ori     a0, s6, -1720
core   0: 1 0x0000000080005a96 (0x948b6513) x10 0xfffffffffffff959
core   0: 0x0000000080005a9a (0x03a3c3b3) div     t2, t2, s10
core   0: 1 0x0000000080005a9a (0x03a3c3b3) x7  0x0000000000000000
core   0: 0x0000000080005a9e (0x00a3d713) srli    a4, t2, 10
core   0: 1 0x0000000080005a9e (0x00a3d713) x14 0x0000000000000000
core   0: 0x0000000080005aa2 (0x40ec0433) sub     s0, s8, a4
core   0: 1 0x0000000080005aa2 (0x40ec0433) x8  0x0000000000000000
core   0: 0x0000000080005aa6 (0x1afb77d3) fdiv.d  fa5, fs6, fa5
core   0: 1 0x0000000080005aa6 (0x1afb77d3) c1_fflags 0x0000000000000010 f15 0x7ff8000000000000
core   0: 0x0000000080005aaa (0xc03ff853) fcvt.lu.s a6, ft11
core   0: 1 0x0000000080005aaa (0xc03ff853) c1_fflags 0x0000000000000010 x16 0xffffffffffffffff
core   0: 0x0000000080005aae (0xf2038fd3) fmv.d.x ft11, t2
core   0: 1 0x0000000080005aae (0xf2038fd3) f31 0x0000000000000000
core   0: 0x0000000080005ab2 (0x02447253) fadd.d  ft4, fs0, ft4
core   0: 1 0x0000000080005ab2 (0x02447253) f4  0x7ff8000000000000
core   0: 0x0000000080005ab6 (0x2e61819b) addiw   gp, gp, 742
core   0: 1 0x0000000080005ab6 (0x2e61819b) x3  0x00000000000002e5
core   0: 0x0000000080005aba (0x003752bb) srlw    t0, a4, gp
core   0: 1 0x0000000080005aba (0x003752bb) x5  0x0000000000000000
core   0: 0x0000000080005abe (0xc016a6f3) csrrs   a3, time, a3
core   0: exception trap_illegal_instruction, epc 0x0000000080005abe
core   0:           tval 0x00000000c016a6f3
core   0: >>>>  $xrv64i2p1_m2p0_a2p1_f2p2_d2p2_zicsr2p0_zifencei2p0_zmmul1p0_zba1p0_zbb1p0_zbc1p0_zbs1p0
core   0: 0x0000000080004000 (0x0080006f) j       pc + 0x8
core   0: 3 0x0000000080004000 (0x0080006f)
core   0: >>>>  mmode_exception_handler
core   0: 0x0000000080004008 (0x00002c17) auipc   s8, 0x2
core   0: 3 0x0000000080004008 (0x00002c17) x24 0x0000000080006008
core   0: 0x000000008000400c (0xfcec0c13) addi    s8, s8, -50
core   0: 3 0x000000008000400c (0xfcec0c13) x24 0x0000000080005fd6
core   0: 0x0000000080004010 (0x000c00e7) jalr    s8
core   0: 3 0x0000000080004010 (0x000c00e7) x1  0x0000000080004014
core   0: >>>>  any_handler
core   0: 0x0000000080005fd6 (0x341027f3) csrrs   a5, mepc, zero
core   0: 3 0x0000000080005fd6 (0x341027f3) x15 0x0000000080005abe
core   0: 0x0000000080005fda (0x34202773) csrrs   a4, mcause, zero
core   0: 3 0x0000000080005fda (0x34202773) x14 0x0000000000000002
core   0: 0x0000000080005fde (0x142026f3) csrrs   a3, scause, zero
core   0: 3 0x0000000080005fde (0x142026f3) x13 0x0000000000000000
core   0: 0x0000000080005fe2 (0x30402673) csrrs   a2, mie, zero
core   0: 3 0x0000000080005fe2 (0x30402673) x12 0x0000000000000a00
core   0: 0x0000000080005fe6 (0x344025f3) csrrs   a1, mip, zero
core   0: 3 0x0000000080005fe6 (0x344025f3) x11 0x0000000000000080
core   0: 0x0000000080005fea (0x343025f3) csrrs   a1, mtval, zero
core   0: 3 0x0000000080005fea (0x343025f3) x11 0x00000000c016a6f3
core   0: 0x0000000080005fee (0x14302573) csrrs   a0, stval, zero
core   0: 3 0x0000000080005fee (0x14302573) x10 0x0000000000000000
core   0: 0x0000000080005ff2 (0xb02024f3) csrrs   s1, minstret, zero
core   0: 3 0x0000000080005ff2 (0xb02024f3) x9  0x00000000000010e8
core   0: 0x0000000080005ff6 (0x0000a811) c.j     pc + 20
core   0: 3 0x0000000080005ff6 (0xa811)
core   0: >>>>  mepc_4
core   0: 0x000000008000600a (0x00000791) c.addi  a5, 4
core   0: 3 0x000000008000600a (0x0791) x15 0x0000000080005ac2
core   0: 0x000000008000600c (0x34179073) csrrw   zero, mepc, a5
core   0: 3 0x000000008000600c (0x34179073) c833_mepc 0x0000000080005ac2
core   0: 0x0000000080006010 (0x30200073) mret
core   0: 3 0x0000000080006010 (0x30200073) c768_mstatus 0x8000000a00106080
core   0: 0x0000000080005ac2 (0x03d80ebb) mulw    t4, a6, t4
core   0: 1 0x0000000080005ac2 (0x03d80ebb) x29 0xffffffff80000001
core   0: 0x0000000080005ac6 (0x41b2d333) sra     t1, t0, s11
core   0: 1 0x0000000080005ac6 (0x41b2d333) x6  0x0000000000000000
core   0: 0x0000000080005aca (0xfbfcf54f) fnmadd.d fa0, fs9, ft11, ft11
core   0: 1 0x0000000080005aca (0xfbfcf54f) f10 0x7ff8000000000000
core   0: 0x0000000080005ace (0x02ac86b3) mul     a3, s9, a0
core   0: 1 0x0000000080005ace (0x02ac86b3) x13 0x0000000000000000
core   0: 0x0000000080005ad2 (0xd2337e53) fcvt.d.lu ft8, t1
core   0: 1 0x0000000080005ad2 (0xd2337e53) f28 0x0000000000000000
core   0: 0x0000000080005ad6 (0x2a4889d3) fmin.d  fs3, fa7, ft4
core   0: 1 0x0000000080005ad6 (0x2a4889d3) f19 0x7ff8000000000000
core   0: 0x0000000080005ada (0x2249f1c3) fmadd.d ft3, fs3, ft4, ft4
core   0: 1 0x0000000080005ada (0x2249f1c3) f3  0x7ff8000000000000
core   0: 0x0000000080005ade (0x03ab6c3b) remw    s8, s6, s10
core   0: 1 0x0000000080005ade (0x03ab6c3b) x24 0x0000000000000000
core   0: 0x0000000080005ae2 (0x310bfaf3) csrrci  s5, mstatush, 23
core   0: exception trap_illegal_instruction, epc 0x0000000080005ae2
core   0:           tval 0x00000000310bfaf3
core   0: >>>>  $xrv64i2p1_m2p0_a2p1_f2p2_d2p2_zicsr2p0_zifencei2p0_zmmul1p0_zba1p0_zbb1p0_zbc1p0_zbs1p0
core   0: 0x0000000080004000 (0x0080006f) j       pc + 0x8
core   0: 3 0x0000000080004000 (0x0080006f)
core   0: >>>>  mmode_exception_handler
core   0: 0x0000000080004008 (0x00002c17) auipc   s8, 0x2
core   0: 3 0x0000000080004008 (0x00002c17) x24 0x0000000080006008
core   0: 0x000000008000400c (0xfcec0c13) addi    s8, s8, -50
core   0: 3 0x000000008000400c (0xfcec0c13) x24 0x0000000080005fd6
core   0: 0x0000000080004010 (0x000c00e7) jalr    s8
core   0: 3 0x0000000080004010 (0x000c00e7) x1  0x0000000080004014
core   0: >>>>  any_handler
core   0: 0x0000000080005fd6 (0x341027f3) csrrs   a5, mepc, zero
core   0: 3 0x0000000080005fd6 (0x341027f3) x15 0x0000000080005ae2
core   0: 0x0000000080005fda (0x34202773) csrrs   a4, mcause, zero
core   0: 3 0x0000000080005fda (0x34202773) x14 0x0000000000000002
core   0: 0x0000000080005fde (0x142026f3) csrrs   a3, scause, zero
core   0: 3 0x0000000080005fde (0x142026f3) x13 0x0000000000000000
core   0: 0x0000000080005fe2 (0x30402673) csrrs   a2, mie, zero
core   0: 3 0x0000000080005fe2 (0x30402673) x12 0x0000000000000a00
core   0: 0x0000000080005fe6 (0x344025f3) csrrs   a1, mip, zero
core   0: 3 0x0000000080005fe6 (0x344025f3) x11 0x0000000000000080
core   0: 0x0000000080005fea (0x343025f3) csrrs   a1, mtval, zero
core   0: 3 0x0000000080005fea (0x343025f3) x11 0x00000000310bfaf3
core   0: 0x0000000080005fee (0x14302573) csrrs   a0, stval, zero
core   0: 3 0x0000000080005fee (0x14302573) x10 0x0000000000000000
core   0: 0x0000000080005ff2 (0xb02024f3) csrrs   s1, minstret, zero
core   0: 3 0x0000000080005ff2 (0xb02024f3) x9  0x0000000000001100
core   0: 0x0000000080005ff6 (0x0000a811) c.j     pc + 20
core   0: 3 0x0000000080005ff6 (0xa811)
core   0: >>>>  mepc_4
core   0: 0x000000008000600a (0x00000791) c.addi  a5, 4
core   0: 3 0x000000008000600a (0x0791) x15 0x0000000080005ae6
core   0: 0x000000008000600c (0x34179073) csrrw   zero, mepc, a5
core   0: 3 0x000000008000600c (0x34179073) c833_mepc 0x0000000080005ae6
core   0: 0x0000000080006010 (0x30200073) mret
core   0: 3 0x0000000080006010 (0x30200073) c768_mstatus 0x8000000a00106080
core   0: 0x0000000080005ae6 (0x1b9cfcc3) fmadd.d fs9, fs9, fs9, ft3
core   0: 1 0x0000000080005ae6 (0x1b9cfcc3) f25 0x7ff8000000000000
core   0: 0x0000000080005aea (0x0000952a) c.add   a0, a0
core   0: 1 0x0000000080005aea (0x952a) x10 0x0000000000000000
core   0: 0x0000000080005aec (0x01cd2333) slt     t1, s10, t3
core   0: 1 0x0000000080005aec (0x01cd2333) x6  0x0000000000000001
core   0: 0x0000000080005af0 (0x22a99553) fsgnjn.d fa0, fs3, fa0
core   0: 1 0x0000000080005af0 (0x22a99553) f10 0xfff8000000000000
core   0: 0x0000000080005af4 (0x0ff0000f) fence   iorw,iorw
core   0: 1 0x0000000080005af4 (0x0ff0000f)
core   0: 0x0000000080005af8 (0x00edddbb) srlw    s11, s11, a4
core   0: 1 0x0000000080005af8 (0x00edddbb) x27 0x0000000000000000
core   0: 0x0000000080005afc (0xc8e38c93) addi    s9, t2, -882
core   0: 1 0x0000000080005afc (0xc8e38c93) x25 0xfffffffffffffc8e
core   0: 0x0000000080005b00 (0xc006a773) csrrs   a4, cycle, a3
core   0: exception trap_illegal_instruction, epc 0x0000000080005b00
core   0:           tval 0x00000000c006a773
core   0: >>>>  $xrv64i2p1_m2p0_a2p1_f2p2_d2p2_zicsr2p0_zifencei2p0_zmmul1p0_zba1p0_zbb1p0_zbc1p0_zbs1p0
core   0: 0x0000000080004000 (0x0080006f) j       pc + 0x8
core   0: 3 0x0000000080004000 (0x0080006f)
core   0: >>>>  mmode_exception_handler
core   0: 0x0000000080004008 (0x00002c17) auipc   s8, 0x2
core   0: 3 0x0000000080004008 (0x00002c17) x24 0x0000000080006008
core   0: 0x000000008000400c (0xfcec0c13) addi    s8, s8, -50
core   0: 3 0x000000008000400c (0xfcec0c13) x24 0x0000000080005fd6
core   0: 0x0000000080004010 (0x000c00e7) jalr    s8
core   0: 3 0x0000000080004010 (0x000c00e7) x1  0x0000000080004014
core   0: >>>>  any_handler
core   0: 0x0000000080005fd6 (0x341027f3) csrrs   a5, mepc, zero
core   0: 3 0x0000000080005fd6 (0x341027f3) x15 0x0000000080005b00
core   0: 0x0000000080005fda (0x34202773) csrrs   a4, mcause, zero
core   0: 3 0x0000000080005fda (0x34202773) x14 0x0000000000000002
core   0: 0x0000000080005fde (0x142026f3) csrrs   a3, scause, zero
core   0: 3 0x0000000080005fde (0x142026f3) x13 0x0000000000000000
core   0: 0x0000000080005fe2 (0x30402673) csrrs   a2, mie, zero
core   0: 3 0x0000000080005fe2 (0x30402673) x12 0x0000000000000a00
core   0: 0x0000000080005fe6 (0x344025f3) csrrs   a1, mip, zero
core   0: 3 0x0000000080005fe6 (0x344025f3) x11 0x0000000000000080
core   0: 0x0000000080005fea (0x343025f3) csrrs   a1, mtval, zero
core   0: 3 0x0000000080005fea (0x343025f3) x11 0x00000000c006a773
core   0: 0x0000000080005fee (0x14302573) csrrs   a0, stval, zero
core   0: 3 0x0000000080005fee (0x14302573) x10 0x0000000000000000
core   0: 0x0000000080005ff2 (0xb02024f3) csrrs   s1, minstret, zero
core   0: 3 0x0000000080005ff2 (0xb02024f3) x9  0x0000000000001117
core   0: 0x0000000080005ff6 (0x0000a811) c.j     pc + 20
core   0: 3 0x0000000080005ff6 (0xa811)
core   0: >>>>  mepc_4
core   0: 0x000000008000600a (0x00000791) c.addi  a5, 4
core   0: 3 0x000000008000600a (0x0791) x15 0x0000000080005b04
core   0: 0x000000008000600c (0x34179073) csrrw   zero, mepc, a5
core   0: 3 0x000000008000600c (0x34179073) c833_mepc 0x0000000080005b04
core   0: 0x0000000080006010 (0x30200073) mret
core   0: 3 0x0000000080006010 (0x30200073) c768_mstatus 0x8000000a00106080
core   0: 0x0000000080005b04 (0x03d3dab3) divu    s5, t2, t4
core   0: 1 0x0000000080005b04 (0x03d3dab3) x21 0x0000000000000000
core   0: 0x0000000080005b08 (0x03ca5eb3) divu    t4, s4, t3
core   0: 1 0x0000000080005b08 (0x03ca5eb3) x29 0x0000000000000000
core   0: 0x0000000080005b0c (0x41b05dbb) sraw    s11, zero, s11
core   0: 1 0x0000000080005b0c (0x41b05dbb) x27 0x0000000000000000
core   0: 0x0000000080005b10 (0xa2217443) fmadd.d fs0, ft2, ft2, fs4
core   0: 1 0x0000000080005b10 (0xa2217443) f8  0x7ff8000000000000
core   0: 0x0000000080005b14 (0x12a37253) fmul.d  ft4, ft6, fa0
core   0: 1 0x0000000080005b14 (0x12a37253) f4  0x7ff8000000000000
core   0: 0x0000000080005b18 (0x03f31193) slli    gp, t1, 63
core   0: 1 0x0000000080005b18 (0x03f31193) x3  0x8000000000000000
core   0: 0x0000000080005b1c (0xc2207053) fcvt.l.d zero, ft0
core   0: 1 0x0000000080005b1c (0xc2207053) c1_fflags 0x0000000000000010
core   0: 0x0000000080005b20 (0x01840abb) addw    s5, s0, s8
core   0: 1 0x0000000080005b20 (0x01840abb) x21 0xffffffff80005fd6
core   0: 0x0000000080005b24 (0x0153a1b3) slt     gp, t2, s5
core   0: 1 0x0000000080005b24 (0x0153a1b3) x3  0x0000000000000000
core   0: 0x0000000080005b28 (0x00d16bb3) or      s7, sp, a3
core   0: 1 0x0000000080005b28 (0x00d16bb3) x23 0x0000000000000000
core   0: 0x0000000080005b2c (0x001518f3) csrrw   a7, fflags, a0
core   0: 1 0x0000000080005b2c (0x001518f3) x17 0x0000000000000010 c1_fflags 0x0000000000000000
core   0: 0x0000000080005b30 (0xcaf87dcb) fnmsub.d fs11, fa6, fa5, fs9
core   0: 1 0x0000000080005b30 (0xcaf87dcb) f27 0x7ff8000000000000
core   0: 0x0000000080005b34 (0x03a8c3bb) divw    t2, a7, s10
core   0: 1 0x0000000080005b34 (0x03a8c3bb) x7  0x0000000000000010
core   0: 0x0000000080005b38 (0x22bfac53) fsgnjx.d fs8, ft11, fa1
core   0: 1 0x0000000080005b38 (0x22bfac53) f24 0x0000000000000000
core   0: 0x0000000080005b3c (0x00239af3) csrrw   s5, frm, t2
core   0: 1 0x0000000080005b3c (0x00239af3) x21 0x0000000000000000 c2_frm 0x0000000000000000
core   0: 0x0000000080005b40 (0x02e7e8bb) remw    a7, a5, a4
core   0: 1 0x0000000080005b40 (0x02e7e8bb) x17 0x0000000000000000
core   0: 0x0000000080005b44 (0x4012f653) fcvt.s.d fa2, ft5
core   0: 1 0x0000000080005b44 (0x4012f653) f12 0xffffffff7fc00000
core   0: 0x0000000080005b48 (0xd21783d3) fcvt.d.wu ft7, a5
core   0: 1 0x0000000080005b48 (0xd21783d3) f7  0x41e0000b60800000
core   0: 0x0000000080005b4c (0x03f29193) slli    gp, t0, 63
core   0: 1 0x0000000080005b4c (0x03f29193) x3  0x0000000000000000
core   0: 0x0000000080005b50 (0x5a0cfcd3) fsqrt.d fs9, fs9
core   0: 1 0x0000000080005b50 (0x5a0cfcd3) f25 0x7ff8000000000000
core   0: 0x0000000080005b54 (0x00202673) csrrs   a2, frm, zero
core   0: 1 0x0000000080005b54 (0x00202673) x12 0x0000000000000000
core   0: 0x0000000080005b58 (0x0b1675d3) fsub.d  fa1, fa2, fa7
core   0: 1 0x0000000080005b58 (0x0b1675d3) f11 0x7ff8000000000000
core   0: 0x0000000080005b5c (0x0beb7cd3) fsub.d  fs9, fs6, ft10
core   0: 1 0x0000000080005b5c (0x0beb7cd3) f25 0x3ff0000000000000
core   0: 0x0000000080005b60 (0x00c342b3) xor     t0, t1, a2
core   0: 1 0x0000000080005b60 (0x00c342b3) x5  0x0000000000000001
core   0: 0x0000000080005b64 (0x00049493) slli    s1, s1, 0
core   0: 1 0x0000000080005b64 (0x00049493) x9  0x0000000000001117
core   0: 0x0000000080005b68 (0x01c32e33) slt     t3, t1, t3
core   0: 1 0x0000000080005b68 (0x01c32e33) x28 0x0000000000000001
core   0: 0x0000000080005b6c (0x221aa7d3) fsgnjx.d fa5, fs5, ft1
core   0: 1 0x0000000080005b6c (0x221aa7d3) f15 0x7ff8000000000000
core   0: 0x0000000080005b70 (0x80d8b397) auipc   t2, 0x80d8b
core   0: 1 0x0000000080005b70 (0x80d8b397) x7  0x0000000000d90b70
core   0: 0x0000000080005b74 (0xe20b0d53) fmv.x.d s10, fs6
core   0: 1 0x0000000080005b74 (0xe20b0d53) x26 0x0000000000000000
core   0: 0x0000000080005b78 (0x009c6c33) or      s8, s8, s1
core   0: 1 0x0000000080005b78 (0x009c6c33) x24 0x0000000080005fd7
core   0: 0x0000000080005b7c (0x00211173) csrrw   sp, frm, sp
core   0: 1 0x0000000080005b7c (0x00211173) x2  0x0000000000000000 c2_frm 0x0000000000000000
core   0: 0x0000000080005b80 (0x022b68b3) rem     a7, s6, sp
core   0: 1 0x0000000080005b80 (0x022b68b3) x17 0x0000000000000011
core   0: 0x0000000080005b84 (0x6ffb831b) addiw   t1, s7, 1791
core   0: 1 0x0000000080005b84 (0x6ffb831b) x6  0x00000000000006ff
core   0: 0x0000000080005b88 (0x0315b233) mulhu   tp, a1, a7
core   0: 1 0x0000000080005b88 (0x0315b233) x4  0x0000000000000000
core   0: 0x0000000080005b8c (0xc02c7ad3) fcvt.l.s s5, fs8
core   0: 1 0x0000000080005b8c (0xc02c7ad3) c1_fflags 0x0000000000000010 x21 0x7fffffffffffffff
core   0: 0x0000000080005b90 (0xa39b0bd3) fle.d   s7, fs6, fs9
core   0: 1 0x0000000080005b90 (0xa39b0bd3) x23 0x0000000000000001
core   0: 0x0000000080005b94 (0x021b8d3b) mulw    s10, s7, ra
core   0: 1 0x0000000080005b94 (0x021b8d3b) x26 0xffffffff80004014
core   0: 0x0000000080005b98 (0xc229fed3) fcvt.l.d t4, fs3
core   0: 1 0x0000000080005b98 (0xc229fed3) c1_fflags 0x0000000000000010 x29 0x7fffffffffffffff
core   0: 0x0000000080005b9c (0x1b947353) fdiv.d  ft6, fs0, fs9
core   0: 1 0x0000000080005b9c (0x1b947353) f6  0x7ff8000000000000
core   0: 0x0000000080005ba0 (0x406d5cb3) sra     s9, s10, t1
core   0: 1 0x0000000080005ba0 (0x406d5cb3) x25 0xffffffffffffffff
core   0: 0x0000000080005ba4 (0xce457d93) andi    s11, a0, -796
core   0: 1 0x0000000080005ba4 (0xce457d93) x27 0x0000000000000000
core   0: 0x0000000080005ba8 (0x01cc539b) srliw   t2, s8, 28
core   0: 1 0x0000000080005ba8 (0x01cc539b) x7  0x0000000000000008
core   0: 0x0000000080005bac (0x22b19053) fsgnjn.d ft0, ft3, fa1
core   0: 1 0x0000000080005bac (0x22b19053) f0  0xfff8000000000000
core   0: 0x0000000080005bb0 (0x2b649bd3) fmax.d  fs7, fs1, fs6
core   0: 1 0x0000000080005bb0 (0x2b649bd3) f23 0x0000000000000000
core   0: 0x0000000080005bb4 (0x0bee76d3) fsub.d  fa3, ft8, ft10
core   0: 1 0x0000000080005bb4 (0x0bee76d3) f13 0x3ff0000000000000
core   0: 0x0000000080005bb8 (0xd03dfe53) fcvt.s.lu ft8, s11
core   0: 1 0x0000000080005bb8 (0xd03dfe53) f28 0xffffffff00000000
core   0: 0x0000000080005bbc (0x02e14d33) div     s10, sp, a4
core   0: 1 0x0000000080005bbc (0x02e14d33) x26 0x0000000000000000
core   0: 0x0000000080005bc0 (0xc22af453) fcvt.l.d s0, fs5
core   0: 1 0x0000000080005bc0 (0xc22af453) c1_fflags 0x0000000000000010 x8  0x7fffffffffffffff
core   0: 0x0000000080005bc4 (0x03d077b7) lui     a5, 0x3d07
core   0: 1 0x0000000080005bc4 (0x03d077b7) x15 0x0000000003d07000
core   0: 0x0000000080005bc8 (0xc8b7879b) addiw   a5, a5, -885
core   0: 1 0x0000000080005bc8 (0xc8b7879b) x15 0x0000000003d06c8b
core   0: 0x0000000080005bcc (0x000007b6) c.slli  a5, 13
core   0: 1 0x0000000080005bcc (0x07b6) x15 0x0000007a0d916000
core   0: 0x0000000080005bce (0xf9778793) addi    a5, a5, -105
core   0: 1 0x0000000080005bce (0xf9778793) x15 0x0000007a0d915f97
core   0: 0x0000000080005bd2 (0x411e81bb) subw    gp, t4, a7
core   0: 1 0x0000000080005bd2 (0x411e81bb) x3  0xffffffffffffffee
core   0: 0x0000000080005bd6 (0x40f15c3b) sraw    s8, sp, a5
core   0: 1 0x0000000080005bd6 (0x40f15c3b) x24 0x0000000000000000
core   0: 0x0000000080005bda (0x23188253) fsgnj.d ft4, fa7, fa7
core   0: 1 0x0000000080005bda (0x23188253) f4  0x7ff8000000000000
core   0: 0x0000000080005bde (0x037bd0b3) divu    ra, s7, s7
core   0: 1 0x0000000080005bde (0x037bd0b3) x1  0x0000000000000001
core   0: 0x0000000080005be2 (0x02b2e933) rem     s2, t0, a1
core   0: 1 0x0000000080005be2 (0x02b2e933) x18 0x0000000000000001
core   0: 0x0000000080005be6 (0x135bfad3) fmul.d  fs5, fs7, fs5
core   0: 1 0x0000000080005be6 (0x135bfad3) f21 0x7ff8000000000000
core   0: 0x0000000080005bea (0xc21e7cd3) fcvt.wu.d s9, ft8
core   0: 1 0x0000000080005bea (0xc21e7cd3) c1_fflags 0x0000000000000010 x25 0xffffffffffffffff
core   0: 0x0000000080005bee (0xc0347753) fcvt.lu.s a4, fs0
core   0: 1 0x0000000080005bee (0xc0347753) c1_fflags 0x0000000000000010 x14 0xffffffffffffffff
core   0: 0x0000000080005bf2 (0x4013fdd3) fcvt.s.d fs11, ft7
core   0: 1 0x0000000080005bf2 (0x4013fdd3) c1_fflags 0x0000000000000011 f27 0xffffffff4f00005b
core   0: 0x0000000080005bf6 (0x03c175bb) remuw   a1, sp, t3
core   0: 1 0x0000000080005bf6 (0x03c175bb) x11 0x0000000000000000
core   0: 0x0000000080005bfa (0x00000001) c.nop
core   0: 1 0x0000000080005bfa (0x0001)
core   0: 0x0000000080005bfc (0x00000001) c.nop
core   0: 1 0x0000000080005bfc (0x0001)
core   0: 0x0000000080005bfe (0xc2097653) fcvt.w.d a2, fs2
core   0: 1 0x0000000080005bfe (0xc2097653) c1_fflags 0x0000000000000011 x12 0x000000007fffffff
core   0: 0x0000000080005c02 (0xdbb0704b) fnmsub.d ft0, ft0, fs11, fs11
core   0: 1 0x0000000080005c02 (0xdbb0704b) f0  0x7ff8000000000000
core   0: 0x0000000080005c06 (0x01ae9cbb) sllw    s9, t4, s10
core   0: 1 0x0000000080005c06 (0x01ae9cbb) x25 0xffffffffffffffff
core   0: 0x0000000080005c0a (0x5a0278d3) fsqrt.d fa7, ft4
core   0: 1 0x0000000080005c0a (0x5a0278d3) f17 0x7ff8000000000000
core   0: 0x0000000080005c0e (0x8acb72cb) fnmsub.d ft5, fs6, fa2, fa7
core   0: 1 0x0000000080005c0e (0x8acb72cb) f5  0x7ff8000000000000
core   0: 0x0000000080005c12 (0x01de8833) add     a6, t4, t4
core   0: 1 0x0000000080005c12 (0x01de8833) x16 0xfffffffffffffffe
core   0: 0x0000000080005c16 (0x1bd4f493) andi    s1, s1, 445
core   0: 1 0x0000000080005c16 (0x1bd4f493) x9  0x0000000000000115
core   0: 0x0000000080005c1a (0x00102ef3) csrrs   t4, fflags, zero
core   0: 1 0x0000000080005c1a (0x00102ef3) x29 0x0000000000000011
core   0: 0x0000000080005c1e (0x0365063b) mulw    a2, a0, s6
core   0: 1 0x0000000080005c1e (0x0365063b) x12 0x0000000000000000
core   0: 0x0000000080005c22 (0x011992bb) sllw    t0, s3, a7
core   0: 1 0x0000000080005c22 (0x011992bb) x5  0x0000000000000000
core   0: 0x0000000080005c26 (0x001d1b73) csrrw   s6, fflags, s10
core   0: 1 0x0000000080005c26 (0x001d1b73) x22 0x0000000000000011 c1_fflags 0x0000000000000000
core   0: 0x0000000080005c2a (0x000b1413) slli    s0, s6, 0
core   0: 1 0x0000000080005c2a (0x000b1413) x8  0x0000000000000011
core   0: 0x0000000080005c2e (0xd2028cd3) fcvt.d.w fs9, t0
core   0: 1 0x0000000080005c2e (0xd2028cd3) f25 0x0000000000000000
core   0: 0x0000000080005c32 (0x231808d3) fsgnj.d fa7, fa6, fa7
core   0: 1 0x0000000080005c32 (0x231808d3) f17 0x4031000000000000
core   0: 0x0000000080005c36 (0xf20d08d3) fmv.d.x fa7, s10
core   0: 1 0x0000000080005c36 (0xf20d08d3) f17 0x0000000000000000
core   0: 0x0000000080005c3a (0x408b58b3) sra     a7, s6, s0
core   0: 1 0x0000000080005c3a (0x408b58b3) x17 0x0000000000000000
core   0: 0x0000000080005c3e (0xf20e80d3) fmv.d.x ft1, t4
core   0: 1 0x0000000080005c3e (0xf20e80d3) f1  0x0000000000000011
core   0: 0x0000000080005c42 (0xf20b0153) fmv.d.x ft2, s6
core   0: 1 0x0000000080005c42 (0xf20b0153) f2  0x0000000000000011
core   0: 0x0000000080005c46 (0x0215473b) divw    a4, a0, ra
core   0: 1 0x0000000080005c46 (0x0215473b) x14 0x0000000000000000
core   0: 0x0000000080005c4a (0x401ff453) fcvt.s.d fs0, ft11
core   0: 1 0x0000000080005c4a (0x401ff453) f8  0xffffffff00000000
core   0: 0x0000000080005c4e (0xc02df4d3) fcvt.l.s s1, fs11
core   0: 1 0x0000000080005c4e (0xc02df4d3) x9  0x0000000080005b00
core   0: 0x0000000080005c52 (0x419dd91b) sraiw   s2, s11, 25
core   0: 1 0x0000000080005c52 (0x419dd91b) x18 0x0000000000000000
core   0: 0x0000000080005c56 (0x024e2633) mulhsu  a2, t3, tp
core   0: 1 0x0000000080005c56 (0x024e2633) x12 0x0000000000000000
core   0: 0x0000000080005c5a (0x01e55113) srli    sp, a0, 30
core   0: 1 0x0000000080005c5a (0x01e55113) x2  0x0000000000000000
core   0: 0x0000000080005c5e (0x12737753) fmul.d  fa4, ft6, ft7
core   0: 1 0x0000000080005c5e (0x12737753) f14 0x7ff8000000000000
core   0: 0x0000000080005c62 (0x1a16f0c7) fmsub.d ft1, fa3, ft1, ft3
core   0: 1 0x0000000080005c62 (0x1a16f0c7) f1  0x7ff8000000000000
core   0: 0x0000000080005c66 (0x00000001) c.nop
core   0: 1 0x0000000080005c66 (0x0001)
core   0: 0x0000000080005c68 (0x01ded73b) srlw    a4, t4, t4
core   0: 1 0x0000000080005c68 (0x01ded73b) x14 0x0000000000000000
core   0: 0x0000000080005c6c (0x000b89b3) add     s3, s7, zero
core   0: 1 0x0000000080005c6c (0x000b89b3) x19 0x0000000000000001
core   0: 0x0000000080005c70 (0xd21985d3) fcvt.d.wu fa1, s3
core   0: 1 0x0000000080005c70 (0xd21985d3) f11 0x3ff0000000000000
core   0: 0x0000000080005c74 (0xf29ef347) fmsub.d ft6, ft9, fs1, ft10
core   0: 1 0x0000000080005c74 (0xf29ef347) f6  0x7ff8000000000000
core   0: 0x0000000080005c78 (0x0e3b0c93) addi    s9, s6, 227
core   0: 1 0x0000000080005c78 (0x0e3b0c93) x25 0x00000000000000f4
core   0: 0x0000000080005c7c (0x80018a13) addi    s4, gp, -2048
core   0: 1 0x0000000080005c7c (0x80018a13) x20 0xfffffffffffff7ee
core   0: 0x0000000080005c80 (0x41b1511b) sraiw   sp, sp, 27
core   0: 1 0x0000000080005c80 (0x41b1511b) x2  0x0000000000000000
core   0: 0x0000000080005c84 (0x000bdb93) srli    s7, s7, 0
core   0: 1 0x0000000080005c84 (0x000bdb93) x23 0x0000000000000001
core   0: 0x0000000080005c88 (0x40405413) srai    s0, zero, 4
core   0: 1 0x0000000080005c88 (0x40405413) x8  0x0000000000000000
core   0: 0x0000000080005c8c (0x031ede3b) divuw   t3, t4, a7
core   0: 1 0x0000000080005c8c (0x031ede3b) x28 0xffffffffffffffff
core   0: 0x0000000080005c90 (0x0361f73b) remuw   a4, gp, s6
core   0: 1 0x0000000080005c90 (0x0361f73b) x14 0x0000000000000000
core   0: 0x0000000080005c94 (0x01775bb3) srl     s7, a4, s7
core   0: 1 0x0000000080005c94 (0x01775bb3) x23 0x0000000000000000
core   0: 0x0000000080005c98 (0x5546811b) addiw   sp, a3, 1364
core   0: 1 0x0000000080005c98 (0x5546811b) x2  0x0000000000000554
core   0: 0x0000000080005c9c (0x01f9191b) slliw   s2, s2, 31
core   0: 1 0x0000000080005c9c (0x01f9191b) x18 0x0000000000000000
core   0: 0x0000000080005ca0 (0x01ad1d33) sll     s10, s10, s10
core   0: 1 0x0000000080005ca0 (0x01ad1d33) x26 0x0000000000000000
core   0: 0x0000000080005ca4 (0x23292453) fsgnjx.d fs0, fs2, fs2
core   0: 1 0x0000000080005ca4 (0x23292453) f8  0x7ff8000000000000
core   0: 0x0000000080005ca8 (0x013d9dbb) sllw    s11, s11, s3
core   0: 1 0x0000000080005ca8 (0x013d9dbb) x27 0x0000000000000000
core   0: 0x0000000080005cac (0x00045913) srli    s2, s0, 0
core   0: 1 0x0000000080005cac (0x00045913) x18 0x0000000000000000
core   0: 0x0000000080005cb0 (0x40655533) sra     a0, a0, t1
core   0: 1 0x0000000080005cb0 (0x40655533) x10 0x0000000000000000
core   0: 0x0000000080005cb4 (0x031578b3) remu    a7, a0, a7
core   0: 1 0x0000000080005cb4 (0x031578b3) x17 0x0000000000000000
core   0: 0x0000000080005cb8 (0x411851b3) sra     gp, a6, a7
core   0: 1 0x0000000080005cb8 (0x411851b3) x3  0xfffffffffffffffe
core   0: 0x0000000080005cbc (0x410d053b) subw    a0, s10, a6
core   0: 1 0x0000000080005cbc (0x410d053b) x10 0x0000000000000002
core   0: 0x0000000080005cc0 (0xd23d7753) fcvt.d.lu fa4, s10
core   0: 1 0x0000000080005cc0 (0xd23d7753) f14 0x0000000000000000
core   0: 0x0000000080005cc4 (0x000c9893) slli    a7, s9, 0
core   0: 1 0x0000000080005cc4 (0x000c9893) x17 0x00000000000000f4
core   0: 0x0000000080005cc8 (0x02e89613) slli    a2, a7, 46
core   0: 1 0x0000000080005cc8 (0x02e89613) x12 0x003d000000000000
core   0: 0x0000000080005ccc (0x02e628b3) mulhsu  a7, a2, a4
core   0: 1 0x0000000080005ccc (0x02e628b3) x17 0x0000000000000000
core   0: 0x0000000080005cd0 (0x03120233) mul     tp, tp, a7
core   0: 1 0x0000000080005cd0 (0x03120233) x4  0x0000000000000000
core   0: 0x0000000080005cd4 (0xc2147153) fcvt.wu.d sp, fs0
core   0: 1 0x0000000080005cd4 (0xc2147153) c1_fflags 0x0000000000000010 x2  0xffffffffffffffff
core   0: 0x0000000080005cd8 (0x00000001) c.nop
core   0: 1 0x0000000080005cd8 (0x0001)
core   0: 0x0000000080005cda (0xfff17393) andi    t2, sp, -1
core   0: 1 0x0000000080005cda (0xfff17393) x7  0xffffffffffffffff
core   0: 0x0000000080005cde (0x008d523b) srlw    tp, s10, s0
core   0: 1 0x0000000080005cde (0x008d523b) x4  0x0000000000000000
core   0: 0x0000000080005ce2 (0x1376f8d3) fmul.d  fa7, fa3, fs7
core   0: 1 0x0000000080005ce2 (0x1376f8d3) f17 0x0000000000000000
core   0: 0x0000000080005ce6 (0x0ff0000f) fence   iorw,iorw
core   0: 1 0x0000000080005ce6 (0x0ff0000f)
core   0: 0x0000000080005cea (0x40b50b3b) subw    s6, a0, a1
core   0: 1 0x0000000080005cea (0x40b50b3b) x22 0x0000000000000002
core   0: 0x0000000080005cee (0xd02a7c53) fcvt.s.l fs8, s4
core   0: 1 0x0000000080005cee (0xd02a7c53) f24 0xffffffffc5012000
core   0: 0x0000000080005cf2 (0x016ceeb3) or      t4, s9, s6
core   0: 1 0x0000000080005cf2 (0x016ceeb3) x29 0x00000000000000f6
core   0: 0x0000000080005cf6 (0x231c2353) fsgnjx.d ft6, fs8, fa7
core   0: 1 0x0000000080005cf6 (0x231c2353) f6  0xffffffffc5012000
core   0: 0x0000000080005cfa (0x01f2d91b) srliw   s2, t0, 31
core   0: 1 0x0000000080005cfa (0x01f2d91b) x18 0x0000000000000000
core   0: 0x0000000080005cfe (0xfe02c737) lui     a4, 0xfe02c
core   0: 1 0x0000000080005cfe (0xfe02c737) x14 0xfffffffffe02c000
core   0: 0x0000000080005d02 (0xc977071b) addiw   a4, a4, -873
core   0: 1 0x0000000080005d02 (0xc977071b) x14 0xfffffffffe02bc97
core   0: 0x0000000080005d06 (0x00000732) c.slli  a4, 12
core   0: 1 0x0000000080005d06 (0x0732) x14 0xffffffe02bc97000
core   0: 0x0000000080005d08 (0x20070713) addi    a4, a4, 512
core   0: 1 0x0000000080005d08 (0x20070713) x14 0xffffffe02bc97200
core   0: 0x0000000080005d0c (0x027073b3) remu    t2, zero, t2
core   0: 1 0x0000000080005d0c (0x027073b3) x7  0x0000000000000000
core   0: 0x0000000080005d10 (0x01b8e133) or      sp, a7, s11
core   0: 1 0x0000000080005d10 (0x01b8e133) x2  0x0000000000000000
core   0: 0x0000000080005d14 (0xf2008153) fmv.d.x ft2, ra
core   0: 1 0x0000000080005d14 (0xf2008153) f2  0x0000000000000001
core   0: 0x0000000080005d18 (0x026143bb) divw    t2, sp, t1
core   0: 1 0x0000000080005d18 (0x026143bb) x7  0x0000000000000000
core   0: 0x0000000080005d1c (0x2aa113d3) fmax.d  ft7, ft2, fa0
core   0: 1 0x0000000080005d1c (0x2aa113d3) f7  0x0000000000000001
core   0: 0x0000000080005d20 (0x00261ef3) csrrw   t4, frm, a2
core   0: 1 0x0000000080005d20 (0x00261ef3) x29 0x0000000000000000 c2_frm 0x0000000000000000
core   0: 0x0000000080005d24 (0x97113513) sltiu   a0, sp, -1679
core   0: 1 0x0000000080005d24 (0x97113513) x10 0x0000000000000001
core   0: 0x0000000080005d28 (0x0235643b) remw    s0, a0, gp
core   0: 1 0x0000000080005d28 (0x0235643b) x8  0x0000000000000001
core   0: 0x0000000080005d2c (0xf121d3f3) csrrwi  t2, marchid, 3
core   0: exception trap_illegal_instruction, epc 0x0000000080005d2c
core   0:           tval 0x00000000f121d3f3
core   0: >>>>  $xrv64i2p1_m2p0_a2p1_f2p2_d2p2_zicsr2p0_zifencei2p0_zmmul1p0_zba1p0_zbb1p0_zbc1p0_zbs1p0
core   0: 0x0000000080004000 (0x0080006f) j       pc + 0x8
core   0: 3 0x0000000080004000 (0x0080006f)
core   0: >>>>  mmode_exception_handler
core   0: 0x0000000080004008 (0x00002c17) auipc   s8, 0x2
core   0: 3 0x0000000080004008 (0x00002c17) x24 0x0000000080006008
core   0: 0x000000008000400c (0xfcec0c13) addi    s8, s8, -50
core   0: 3 0x000000008000400c (0xfcec0c13) x24 0x0000000080005fd6
core   0: 0x0000000080004010 (0x000c00e7) jalr    s8
core   0: 3 0x0000000080004010 (0x000c00e7) x1  0x0000000080004014
core   0: >>>>  any_handler
core   0: 0x0000000080005fd6 (0x341027f3) csrrs   a5, mepc, zero
core   0: 3 0x0000000080005fd6 (0x341027f3) x15 0x0000000080005d2c
core   0: 0x0000000080005fda (0x34202773) csrrs   a4, mcause, zero
core   0: 3 0x0000000080005fda (0x34202773) x14 0x0000000000000002
core   0: 0x0000000080005fde (0x142026f3) csrrs   a3, scause, zero
core   0: 3 0x0000000080005fde (0x142026f3) x13 0x0000000000000000
core   0: 0x0000000080005fe2 (0x30402673) csrrs   a2, mie, zero
core   0: 3 0x0000000080005fe2 (0x30402673) x12 0x0000000000000a00
core   0: 0x0000000080005fe6 (0x344025f3) csrrs   a1, mip, zero
core   0: 3 0x0000000080005fe6 (0x344025f3) x11 0x0000000000000080
core   0: 0x0000000080005fea (0x343025f3) csrrs   a1, mtval, zero
core   0: 3 0x0000000080005fea (0x343025f3) x11 0x00000000f121d3f3
core   0: 0x0000000080005fee (0x14302573) csrrs   a0, stval, zero
core   0: 3 0x0000000080005fee (0x14302573) x10 0x0000000000000000
core   0: 0x0000000080005ff2 (0xb02024f3) csrrs   s1, minstret, zero
core   0: 3 0x0000000080005ff2 (0xb02024f3) x9  0x00000000000011b4
core   0: 0x0000000080005ff6 (0x0000a811) c.j     pc + 20
core   0: 3 0x0000000080005ff6 (0xa811)
core   0: >>>>  mepc_4
core   0: 0x000000008000600a (0x00000791) c.addi  a5, 4
core   0: 3 0x000000008000600a (0x0791) x15 0x0000000080005d30
core   0: 0x000000008000600c (0x34179073) csrrw   zero, mepc, a5
core   0: 3 0x000000008000600c (0x34179073) c833_mepc 0x0000000080005d30
core   0: 0x0000000080006010 (0x30200073) mret
core   0: 3 0x0000000080006010 (0x30200073) c768_mstatus 0x8000000a00106080
core   0: 0x0000000080005d30 (0x40157053) fcvt.s.d ft0, fa0
core   0: 1 0x0000000080005d30 (0x40157053) f0  0xffffffff7fc00000
core   0: 0x0000000080005d34 (0x0bff7fcf) fnmadd.d ft11, ft10, ft11, ft1
core   0: 1 0x0000000080005d34 (0x0bff7fcf) f31 0x7ff8000000000000
core   0: 0x0000000080005d38 (0x31a82873) csrrs   a6, menvcfgh, a6
core   0: exception trap_illegal_instruction, epc 0x0000000080005d38
core   0:           tval 0x0000000031a82873
core   0: >>>>  $xrv64i2p1_m2p0_a2p1_f2p2_d2p2_zicsr2p0_zifencei2p0_zmmul1p0_zba1p0_zbb1p0_zbc1p0_zbs1p0
core   0: 0x0000000080004000 (0x0080006f) j       pc + 0x8
core   0: 3 0x0000000080004000 (0x0080006f)
core   0: >>>>  mmode_exception_handler
core   0: 0x0000000080004008 (0x00002c17) auipc   s8, 0x2
core   0: 3 0x0000000080004008 (0x00002c17) x24 0x0000000080006008
core   0: 0x000000008000400c (0xfcec0c13) addi    s8, s8, -50
core   0: 3 0x000000008000400c (0xfcec0c13) x24 0x0000000080005fd6
core   0: 0x0000000080004010 (0x000c00e7) jalr    s8
core   0: 3 0x0000000080004010 (0x000c00e7) x1  0x0000000080004014
core   0: >>>>  any_handler
core   0: 0x0000000080005fd6 (0x341027f3) csrrs   a5, mepc, zero
core   0: 3 0x0000000080005fd6 (0x341027f3) x15 0x0000000080005d38
core   0: 0x0000000080005fda (0x34202773) csrrs   a4, mcause, zero
core   0: 3 0x0000000080005fda (0x34202773) x14 0x0000000000000002
core   0: 0x0000000080005fde (0x142026f3) csrrs   a3, scause, zero
core   0: 3 0x0000000080005fde (0x142026f3) x13 0x0000000000000000
core   0: 0x0000000080005fe2 (0x30402673) csrrs   a2, mie, zero
core   0: 3 0x0000000080005fe2 (0x30402673) x12 0x0000000000000a00
core   0: 0x0000000080005fe6 (0x344025f3) csrrs   a1, mip, zero
core   0: 3 0x0000000080005fe6 (0x344025f3) x11 0x0000000000000080
core   0: 0x0000000080005fea (0x343025f3) csrrs   a1, mtval, zero
core   0: 3 0x0000000080005fea (0x343025f3) x11 0x0000000031a82873
core   0: 0x0000000080005fee (0x14302573) csrrs   a0, stval, zero
core   0: 3 0x0000000080005fee (0x14302573) x10 0x0000000000000000
core   0: 0x0000000080005ff2 (0xb02024f3) csrrs   s1, minstret, zero
core   0: 3 0x0000000080005ff2 (0xb02024f3) x9  0x00000000000011c6
core   0: 0x0000000080005ff6 (0x0000a811) c.j     pc + 20
core   0: 3 0x0000000080005ff6 (0xa811)
core   0: >>>>  mepc_4
core   0: 0x000000008000600a (0x00000791) c.addi  a5, 4
core   0: 3 0x000000008000600a (0x0791) x15 0x0000000080005d3c
core   0: 0x000000008000600c (0x34179073) csrrw   zero, mepc, a5
core   0: 3 0x000000008000600c (0x34179073) c833_mepc 0x0000000080005d3c
core   0: 0x0000000080006010 (0x30200073) mret
core   0: 3 0x0000000080006010 (0x30200073) c768_mstatus 0x8000000a00106080
core   0: 0x0000000080005d3c (0xc2117453) fcvt.wu.d s0, ft2
core   0: 1 0x0000000080005d3c (0xc2117453) c1_fflags 0x0000000000000011 x8  0x0000000000000000
core   0: 0x0000000080005d40 (0x00148833) add     a6, s1, ra
core   0: 1 0x0000000080005d40 (0x00148833) x16 0x00000000800051da
core   0: 0x0000000080005d44 (0x00e4541b) srliw   s0, s0, 14
core   0: 1 0x0000000080005d44 (0x00e4541b) x8  0x0000000000000000
core   0: 0x0000000080005d48 (0x023289b3) mul     s3, t0, gp
core   0: 1 0x0000000080005d48 (0x023289b3) x19 0x0000000000000000
core   0: 0x0000000080005d4c (0xd029f0d3) fcvt.s.l ft1, s3
core   0: 1 0x0000000080005d4c (0xd029f0d3) f1  0xffffffff00000000
core   0: 0x0000000080005d50 (0xd232fd53) fcvt.d.lu fs10, t0
core   0: 1 0x0000000080005d50 (0xd232fd53) f26 0x0000000000000000
core   0: 0x0000000080005d54 (0xe20d80d3) fmv.x.d ra, fs11
core   0: 1 0x0000000080005d54 (0xe20d80d3) x1  0xffffffff4f00005b
core   0: 0x0000000080005d58 (0x2b220d53) fmin.d  fs10, ft4, fs2
core   0: 1 0x0000000080005d58 (0x2b220d53) f26 0x7ff8000000000000
core   0: 0x0000000080005d5c (0xffeeb2b7) lui     t0, 0xffeeb
core   0: 1 0x0000000080005d5c (0xffeeb2b7) x5  0xffffffffffeeb000
core   0: 0x0000000080005d60 (0x001463b7) lui     t2, 0x146
core   0: 1 0x0000000080005d60 (0x001463b7) x7  0x0000000000146000
core   0: 0x0000000080005d64 (0xf173839b) addiw   t2, t2, -233
core   0: 1 0x0000000080005d64 (0xf173839b) x7  0x0000000000145f17
core   0: 0x0000000080005d68 (0x000003b6) c.slli  t2, 13
core   0: 1 0x0000000080005d68 (0x03b6) x7  0x000000028be2e000
core   0: 0x0000000080005d6a (0xd6038393) addi    t2, t2, -672
core   0: 1 0x0000000080005d6a (0xd6038393) x7  0x000000028be2dd60
core   0: 0x0000000080005d6e (0x120f7cd3) fmul.d  fs9, ft10, ft0
core   0: 1 0x0000000080005d6e (0x120f7cd3) f25 0x7ff8000000000000
core   0: 0x0000000080005d72 (0x0263d8b3) divu    a7, t2, t1
core   0: 1 0x0000000080005d72 (0x0263d8b3) x17 0x00000000005d2db8
core   0: 0x0000000080005d76 (0x01d0d69b) srliw   a3, ra, 29
core   0: 1 0x0000000080005d76 (0x01d0d69b) x13 0x0000000000000002
core   0: 0x0000000080005d7a (0x01bddc33) srl     s8, s11, s11
core   0: 1 0x0000000080005d7a (0x01bddc33) x24 0x0000000000000000
core   0: 0x0000000080005d7e (0x02a513b3) mulh    t2, a0, a0
core   0: 1 0x0000000080005d7e (0x02a513b3) x7  0x0000000000000000
core   0: 0x0000000080005d82 (0x23bda0d3) fsgnjx.d ft1, fs11, fs11
core   0: 1 0x0000000080005d82 (0x23bda0d3) f1  0x7fffffff4f00005b
core   0: 0x0000000080005d86 (0x00085293) srli    t0, a6, 0
core   0: 1 0x0000000080005d86 (0x00085293) x5  0x00000000800051da
core   0: 0x0000000080005d8a (0x00000001) c.nop
core   0: 1 0x0000000080005d8a (0x0001)
core   0: 0x0000000080005d8c (0x02ad7d3b) remuw   s10, s10, a0
core   0: 1 0x0000000080005d8c (0x02ad7d3b) x26 0x0000000000000000
core   0: 0x0000000080005d90 (0xc035f6d3) fcvt.lu.s a3, fa1
core   0: 1 0x0000000080005d90 (0xc035f6d3) c1_fflags 0x0000000000000011 x13 0xffffffffffffffff
core   0: 0x0000000080005d94 (0x400d58b3) sra     a7, s10, zero
core   0: 1 0x0000000080005d94 (0x400d58b3) x17 0x0000000000000000
core   0: 0x0000000080005d98 (0x00eb4733) xor     a4, s6, a4
core   0: 1 0x0000000080005d98 (0x00eb4733) x14 0x0000000000000000
core   0: 0x0000000080005d9c (0x01431dbb) sllw    s11, t1, s4
core   0: 1 0x0000000080005d9c (0x01431dbb) x27 0x0000000001bfc000
core   0: 0x0000000080005da0 (0xb9ca7313) andi    t1, s4, -1124
core   0: 1 0x0000000080005da0 (0xb9ca7313) x6  0xfffffffffffff38c
core   0: 0x0000000080005da4 (0x0391513b) divuw   sp, sp, s9
core   0: 1 0x0000000080005da4 (0x0391513b) x2  0x0000000000000000
core   0: 0x0000000080005da8 (0xc2187453) fcvt.wu.d s0, fa6
core   0: 1 0x0000000080005da8 (0xc2187453) x8  0x0000000000000011
core   0: 0x0000000080005dac (0x40d45b33) sra     s6, s0, a3
core   0: 1 0x0000000080005dac (0x40d45b33) x22 0x0000000000000000
core   0: 0x0000000080005db0 (0xa22d88d3) fle.d   a7, fs11, ft2
core   0: 1 0x0000000080005db0 (0xa22d88d3) c1_fflags 0x0000000000000011 x17 0x0000000000000000
core   0: 0x0000000080005db4 (0x41300133) sub     sp, zero, s3
core   0: 1 0x0000000080005db4 (0x41300133) x2  0x0000000000000000
core   0: 0x0000000080005db8 (0xa2b00253) fle.d   tp, ft0, fa1
core   0: 1 0x0000000080005db8 (0xa2b00253) c1_fflags 0x0000000000000011 x4  0x0000000000000000
core   0: 0x0000000080005dbc (0x2bed9f53) fmax.d  ft10, fs11, ft10
core   0: 1 0x0000000080005dbc (0x2bed9f53) f30 0xbff0000000000000
core   0: 0x0000000080005dc0 (0x00000001) c.nop
core   0: 1 0x0000000080005dc0 (0x0001)
core   0: 0x0000000080005dc2 (0xd2038cd3) fcvt.d.w fs9, t2
core   0: 1 0x0000000080005dc2 (0xd2038cd3) f25 0x0000000000000000
core   0: 0x0000000080005dc6 (0xd20c80d3) fcvt.d.w ft1, s9
core   0: 1 0x0000000080005dc6 (0xd20c80d3) f1  0x406e800000000000
core   0: 0x0000000080005dca (0x00027813) andi    a6, tp, 0
core   0: 1 0x0000000080005dca (0x00027813) x16 0x0000000000000000
core   0: 0x0000000080005dce (0x4010fe53) fcvt.s.d ft8, ft1
core   0: 1 0x0000000080005dce (0x4010fe53) f28 0xffffffff43740000
core   0: 0x0000000080005dd2 (0xab40f1c7) fmsub.d ft3, ft1, fs4, fs5
core   0: 1 0x0000000080005dd2 (0xab40f1c7) f3  0x7ff8000000000000
core   0: 0x0000000080005dd6 (0x021d0c33) mul     s8, s10, ra
core   0: 1 0x0000000080005dd6 (0x021d0c33) x24 0x0000000000000000
core   0: 0x0000000080005dda (0x03c603bb) mulw    t2, a2, t3
core   0: 1 0x0000000080005dda (0x03c603bb) x7  0xfffffffffffff600
core   0: 0x0000000080005dde (0x03ad76bb) remuw   a3, s10, s10
core   0: 1 0x0000000080005dde (0x03ad76bb) x13 0x0000000000000000
core   0: 0x0000000080005de2 (0x0019d913) srli    s2, s3, 1
core   0: 1 0x0000000080005de2 (0x0019d913) x18 0x0000000000000000
core   0: 0x0000000080005de6 (0x0137b537) lui     a0, 0x137b
core   0: 1 0x0000000080005de6 (0x0137b537) x10 0x000000000137b000
core   0: 0x0000000080005dea (0x80f5051b) addiw   a0, a0, -2033
core   0: 1 0x0000000080005dea (0x80f5051b) x10 0x000000000137a80f
core   0: 0x0000000080005dee (0x00000536) c.slli  a0, 13
core   0: 1 0x0000000080005dee (0x0536) x10 0x00000026f501e000
core   0: 0x0000000080005df0 (0x4c150513) addi    a0, a0, 1217
core   0: 1 0x0000000080005df0 (0x4c150513) x10 0x00000026f501e4c1
core   0: 0x0000000080005df4 (0x01d977b3) and     a5, s2, t4
core   0: 1 0x0000000080005df4 (0x01d977b3) x15 0x0000000000000000
core   0: 0x0000000080005df8 (0x00069293) slli    t0, a3, 0
core   0: 1 0x0000000080005df8 (0x00069293) x5  0x0000000000000000
core   0: 0x0000000080005dfc (0xa29b0253) fle.d   tp, fs6, fs1
core   0: 1 0x0000000080005dfc (0xa29b0253) c1_fflags 0x0000000000000011 x4  0x0000000000000000
core   0: 0x0000000080005e00 (0x03925113) srli    sp, tp, 57
core   0: 1 0x0000000080005e00 (0x03925113) x2  0x0000000000000000
core   0: 0x0000000080005e04 (0x03000833) mul     a6, zero, a6
core   0: 1 0x0000000080005e04 (0x03000833) x16 0x0000000000000000
core   0: 0x0000000080005e08 (0x41c8573b) sraw    a4, a6, t3
core   0: 1 0x0000000080005e08 (0x41c8573b) x14 0x0000000000000000
core   0: 0x0000000080005e0c (0x01674b33) xor     s6, a4, s6
core   0: 1 0x0000000080005e0c (0x01674b33) x22 0x0000000000000000
core   0: 0x0000000080005e10 (0x407c87bb) subw    a5, s9, t2
core   0: 1 0x0000000080005e10 (0x407c87bb) x15 0x0000000000000af4
core   0: 0x0000000080005e14 (0xa28cf637) lui     a2, 0xa28cf
core   0: 1 0x0000000080005e14 (0xa28cf637) x12 0xffffffffa28cf000
core   0: 0x0000000080005e18 (0x40cc0dbb) subw    s11, s8, a2
core   0: 1 0x0000000080005e18 (0x40cc0dbb) x27 0x000000005d731000
core   0: 0x0000000080005e1c (0x00c0d01b) srliw   zero, ra, 12
core   0: 1 0x0000000080005e1c (0x00c0d01b)
core   0: 0x0000000080005e20 (0x00202cf3) csrrs   s9, frm, zero
core   0: 1 0x0000000080005e20 (0x00202cf3) x25 0x0000000000000000
core   0: 0x0000000080005e24 (0xdcf11917) auipc   s2, 0xdcf11
core   0: 1 0x0000000080005e24 (0xdcf11917) x18 0x000000005cf16e24
core   0: 0x0000000080005e28 (0x0325fcb3) remu    s9, a1, s2
core   0: 1 0x0000000080005e28 (0x0325fcb3) x25 0x0000000031a82873
core   0: 0x0000000080005e2c (0xd22b7653) fcvt.d.l fa2, s6
core   0: 1 0x0000000080005e2c (0xd22b7653) f12 0x0000000000000000
core   0: 0x0000000080005e30 (0x0329f93b) remuw   s2, s3, s2
core   0: 1 0x0000000080005e30 (0x0329f93b) x18 0x0000000000000000
core   0: 0x0000000080005e34 (0x00038c9b) sext.w  s9, t2
core   0: 1 0x0000000080005e34 (0x00038c9b) x25 0xfffffffffffff600
core   0: 0x0000000080005e38 (0x00000001) c.nop
core   0: 1 0x0000000080005e38 (0x0001)
core   0: 0x0000000080005e3a (0x02c3503b) divuw   zero, t1, a2
core   0: 1 0x0000000080005e3a (0x02c3503b)
core   0: 0x0000000080005e3e (0x225b1ed3) fsgnjn.d ft9, fs6, ft5
core   0: 1 0x0000000080005e3e (0x225b1ed3) f29 0x8000000000000000
core   0: 0x0000000080005e42 (0x004997bb) sllw    a5, s3, tp
core   0: 1 0x0000000080005e42 (0x004997bb) x15 0x0000000000000000
core   0: 0x0000000080005e46 (0x036588bb) mulw    a7, a1, s6
core   0: 1 0x0000000080005e46 (0x036588bb) x17 0x0000000000000000
core   0: 0x0000000080005e4a (0x002029f3) csrrs   s3, frm, zero
core   0: 1 0x0000000080005e4a (0x002029f3) x19 0x0000000000000000
core   0: 0x0000000080005e4e (0x02670533) mul     a0, a4, t1
core   0: 1 0x0000000080005e4e (0x02670533) x10 0x0000000000000000
core   0: 0x0000000080005e52 (0x40b459bb) sraw    s3, s0, a1
core   0: 1 0x0000000080005e52 (0x40b459bb) x19 0x0000000000000000
core   0: 0x0000000080005e56 (0x01345733) srl     a4, s0, s3
core   0: 1 0x0000000080005e56 (0x01345733) x14 0x0000000000000011
core   0: 0x0000000080005e5a (0xc22b7853) fcvt.l.d a6, fs6
core   0: 1 0x0000000080005e5a (0xc22b7853) x16 0x0000000000000000
core   0: 0x0000000080005e5e (0x0019961b) slliw   a2, s3, 1
core   0: 1 0x0000000080005e5e (0x0019961b) x12 0x0000000000000000
core   0: 0x0000000080005e62 (0x1ac0f0d3) fdiv.d  ft1, ft1, fa2
core   0: 1 0x0000000080005e62 (0x1ac0f0d3) c1_fflags 0x0000000000000019 f1  0x7ff0000000000000
core   0: 0x0000000080005e66 (0x018baa33) slt     s4, s7, s8
core   0: 1 0x0000000080005e66 (0x018baa33) x20 0x0000000000000000
core   0: 0x0000000080005e6a (0x014a5b3b) srlw    s6, s4, s4
core   0: 1 0x0000000080005e6a (0x014a5b3b) x22 0x0000000000000000
core   0: 0x0000000080005e6e (0x416b00bb) subw    ra, s6, s6
core   0: 1 0x0000000080005e6e (0x416b00bb) x1  0x0000000000000000
core   0: 0x0000000080005e72 (0x40c35313) srai    t1, t1, 12
core   0: 1 0x0000000080005e72 (0x40c35313) x6  0xffffffffffffffff
core   0: 0x0000000080005e76 (0x00102ef3) csrrs   t4, fflags, zero
core   0: 1 0x0000000080005e76 (0x00102ef3) x29 0x0000000000000019
core   0: 0x0000000080005e7a (0x00000001) c.nop
core   0: 1 0x0000000080005e7a (0x0001)
core   0: 0x0000000080005e7c (0x001c911b) slliw   sp, s9, 1
core   0: 1 0x0000000080005e7c (0x001c911b) x2  0xffffffffffffec00
core   0: 0x0000000080005e80 (0x00f8f2b3) and     t0, a7, a5
core   0: 1 0x0000000080005e80 (0x00f8f2b3) x5  0x0000000000000000
core   0: 0x0000000080005e84 (0x7b0715f3) csrrw   a1, dcsr, a4
core   0: exception trap_illegal_instruction, epc 0x0000000080005e84
core   0:           tval 0x000000007b0715f3
core   0: >>>>  $xrv64i2p1_m2p0_a2p1_f2p2_d2p2_zicsr2p0_zifencei2p0_zmmul1p0_zba1p0_zbb1p0_zbc1p0_zbs1p0
core   0: 0x0000000080004000 (0x0080006f) j       pc + 0x8
core   0: 3 0x0000000080004000 (0x0080006f)
core   0: >>>>  mmode_exception_handler
core   0: 0x0000000080004008 (0x00002c17) auipc   s8, 0x2
core   0: 3 0x0000000080004008 (0x00002c17) x24 0x0000000080006008
core   0: 0x000000008000400c (0xfcec0c13) addi    s8, s8, -50
core   0: 3 0x000000008000400c (0xfcec0c13) x24 0x0000000080005fd6
core   0: 0x0000000080004010 (0x000c00e7) jalr    s8
core   0: 3 0x0000000080004010 (0x000c00e7) x1  0x0000000080004014
core   0: >>>>  any_handler
core   0: 0x0000000080005fd6 (0x341027f3) csrrs   a5, mepc, zero
core   0: 3 0x0000000080005fd6 (0x341027f3) x15 0x0000000080005e84
core   0: 0x0000000080005fda (0x34202773) csrrs   a4, mcause, zero
core   0: 3 0x0000000080005fda (0x34202773) x14 0x0000000000000002
core   0: 0x0000000080005fde (0x142026f3) csrrs   a3, scause, zero
core   0: 3 0x0000000080005fde (0x142026f3) x13 0x0000000000000000
core   0: 0x0000000080005fe2 (0x30402673) csrrs   a2, mie, zero
core   0: 3 0x0000000080005fe2 (0x30402673) x12 0x0000000000000a00
core   0: 0x0000000080005fe6 (0x344025f3) csrrs   a1, mip, zero
core   0: 3 0x0000000080005fe6 (0x344025f3) x11 0x0000000000000080
core   0: 0x0000000080005fea (0x343025f3) csrrs   a1, mtval, zero
core   0: 3 0x0000000080005fea (0x343025f3) x11 0x000000007b0715f3
core   0: 0x0000000080005fee (0x14302573) csrrs   a0, stval, zero
core   0: 3 0x0000000080005fee (0x14302573) x10 0x0000000000000000
core   0: 0x0000000080005ff2 (0xb02024f3) csrrs   s1, minstret, zero
core   0: 3 0x0000000080005ff2 (0xb02024f3) x9  0x000000000000122b
core   0: 0x0000000080005ff6 (0x0000a811) c.j     pc + 20
core   0: 3 0x0000000080005ff6 (0xa811)
core   0: >>>>  mepc_4
core   0: 0x000000008000600a (0x00000791) c.addi  a5, 4
core   0: 3 0x000000008000600a (0x0791) x15 0x0000000080005e88
core   0: 0x000000008000600c (0x34179073) csrrw   zero, mepc, a5
core   0: 3 0x000000008000600c (0x34179073) c833_mepc 0x0000000080005e88
core   0: 0x0000000080006010 (0x30200073) mret
core   0: 3 0x0000000080006010 (0x30200073) c768_mstatus 0x8000000a00106080
core   0: 0x0000000080005e88 (0x020e6d33) rem     s10, t3, zero
core   0: 1 0x0000000080005e88 (0x020e6d33) x26 0xffffffffffffffff
core   0: 0x0000000080005e8c (0x00199c73) csrrw   s8, fflags, s3
core   0: 1 0x0000000080005e8c (0x00199c73) x24 0x0000000000000019 c1_fflags 0x0000000000000000
core   0: 0x0000000080005e90 (0xc22f79d3) fcvt.l.d s3, ft10
core   0: 1 0x0000000080005e90 (0xc22f79d3) x19 0xffffffffffffffff
core   0: 0x0000000080005e94 (0x5c207e13) andi    t3, zero, 1474
core   0: 1 0x0000000080005e94 (0x5c207e13) x28 0x0000000000000000
core   0: 0x0000000080005e98 (0x236a1d53) fsgnjn.d fs10, fs4, fs6
core   0: 1 0x0000000080005e98 (0x236a1d53) f26 0xfff8000000000000
core   0: 0x0000000080005e9c (0xc01c3bf3) csrrc   s7, time, s8
core   0: exception trap_illegal_instruction, epc 0x0000000080005e9c
core   0:           tval 0x00000000c01c3bf3
core   0: >>>>  $xrv64i2p1_m2p0_a2p1_f2p2_d2p2_zicsr2p0_zifencei2p0_zmmul1p0_zba1p0_zbb1p0_zbc1p0_zbs1p0
core   0: 0x0000000080004000 (0x0080006f) j       pc + 0x8
core   0: 3 0x0000000080004000 (0x0080006f)
core   0: >>>>  mmode_exception_handler
core   0: 0x0000000080004008 (0x00002c17) auipc   s8, 0x2
core   0: 3 0x0000000080004008 (0x00002c17) x24 0x0000000080006008
core   0: 0x000000008000400c (0xfcec0c13) addi    s8, s8, -50
core   0: 3 0x000000008000400c (0xfcec0c13) x24 0x0000000080005fd6
core   0: 0x0000000080004010 (0x000c00e7) jalr    s8
core   0: 3 0x0000000080004010 (0x000c00e7) x1  0x0000000080004014
core   0: >>>>  any_handler
core   0: 0x0000000080005fd6 (0x341027f3) csrrs   a5, mepc, zero
core   0: 3 0x0000000080005fd6 (0x341027f3) x15 0x0000000080005e9c
core   0: 0x0000000080005fda (0x34202773) csrrs   a4, mcause, zero
core   0: 3 0x0000000080005fda (0x34202773) x14 0x0000000000000002
core   0: 0x0000000080005fde (0x142026f3) csrrs   a3, scause, zero
core   0: 3 0x0000000080005fde (0x142026f3) x13 0x0000000000000000
core   0: 0x0000000080005fe2 (0x30402673) csrrs   a2, mie, zero
core   0: 3 0x0000000080005fe2 (0x30402673) x12 0x0000000000000a00
core   0: 0x0000000080005fe6 (0x344025f3) csrrs   a1, mip, zero
core   0: 3 0x0000000080005fe6 (0x344025f3) x11 0x0000000000000080
core   0: 0x0000000080005fea (0x343025f3) csrrs   a1, mtval, zero
core   0: 3 0x0000000080005fea (0x343025f3) x11 0x00000000c01c3bf3
core   0: 0x0000000080005fee (0x14302573) csrrs   a0, stval, zero
core   0: 3 0x0000000080005fee (0x14302573) x10 0x0000000000000000
core   0: 0x0000000080005ff2 (0xb02024f3) csrrs   s1, minstret, zero
core   0: 3 0x0000000080005ff2 (0xb02024f3) x9  0x0000000000001240
core   0: 0x0000000080005ff6 (0x0000a811) c.j     pc + 20
core   0: 3 0x0000000080005ff6 (0xa811)
core   0: >>>>  mepc_4
core   0: 0x000000008000600a (0x00000791) c.addi  a5, 4
core   0: 3 0x000000008000600a (0x0791) x15 0x0000000080005ea0
core   0: 0x000000008000600c (0x34179073) csrrw   zero, mepc, a5
core   0: 3 0x000000008000600c (0x34179073) c833_mepc 0x0000000080005ea0
core   0: 0x0000000080006010 (0x30200073) mret
core   0: 3 0x0000000080006010 (0x30200073) c768_mstatus 0x8000000a00106080
core   0: 0x0000000080005ea0 (0x0242e6b3) rem     a3, t0, tp
core   0: 1 0x0000000080005ea0 (0x0242e6b3) x13 0x0000000000000000
core   0: 0x0000000080005ea4 (0x03dbf633) remu    a2, s7, t4
core   0: 1 0x0000000080005ea4 (0x03dbf633) x12 0x0000000000000000
core   0: 0x0000000080005ea8 (0xd21b8553) fcvt.d.wu fa0, s7
core   0: 1 0x0000000080005ea8 (0xd21b8553) f10 0x0000000000000000
core   0: 0x0000000080005eac (0x0ff0000f) fence   iorw,iorw
core   0: 1 0x0000000080005eac (0x0ff0000f)
core   0: 0x0000000080005eb0 (0x033653bb) divuw   t2, a2, s3
core   0: 1 0x0000000080005eb0 (0x033653bb) x7  0x0000000000000000
core   0: 0x0000000080005eb4 (0xf27c7e47) fmsub.d ft8, fs8, ft7, ft10
core   0: 1 0x0000000080005eb4 (0xf27c7e47) f28 0x7ff8000000000000
core   0: 0x0000000080005eb8 (0x138872d3) fmul.d  ft5, fa6, fs8
core   0: 1 0x0000000080005eb8 (0x138872d3) f5  0x7ff8000000000000
core   0: 0x0000000080005ebc (0x405c5613) srai    a2, s8, 5
core   0: 1 0x0000000080005ebc (0x405c5613) x12 0x00000000040002fe
core   0: 0x0000000080005ec0 (0x23a21cd3) fsgnjn.d fs9, ft4, fs10
core   0: 1 0x0000000080005ec0 (0x23a21cd3) f25 0x7ff8000000000000
core   0: 0x0000000080005ec4 (0x0316e633) rem     a2, a3, a7
core   0: 1 0x0000000080005ec4 (0x0316e633) x12 0x0000000000000000
core   0: 0x0000000080005ec8 (0x41de833b) subw    t1, t4, t4
core   0: 1 0x0000000080005ec8 (0x41de833b) x6  0x0000000000000000
core   0: 0x0000000080005ecc (0x127173d3) fmul.d  ft7, ft2, ft7
core   0: 1 0x0000000080005ecc (0x127173d3) c1_fflags 0x0000000000000003 f7  0x0000000000000000
core   0: 0x0000000080005ed0 (0x4006501b) sraiw   zero, a2, 0
core   0: 1 0x0000000080005ed0 (0x4006501b)
core   0: 0x0000000080005ed4 (0x12f67e4f) fnmadd.d ft8, fa2, fa5, ft2
core   0: 1 0x0000000080005ed4 (0x12f67e4f) f28 0x7ff8000000000000
core   0: 0x0000000080005ed8 (0x03d5493b) divw    s2, a0, t4
core   0: 1 0x0000000080005ed8 (0x03d5493b) x18 0x0000000000000000
core   0: 0x0000000080005edc (0x23cb2b53) fsgnjx.d fs6, fs6, ft8
core   0: 1 0x0000000080005edc (0x23cb2b53) f22 0x0000000000000000
core   0: 0x0000000080005ee0 (0x0135d3b3) srl     t2, a1, s3
core   0: 1 0x0000000080005ee0 (0x0135d3b3) x7  0x0000000000000000
core   0: 0x0000000080005ee4 (0x4123d93b) sraw    s2, t2, s2
core   0: 1 0x0000000080005ee4 (0x4123d93b) x18 0x0000000000000000
core   0: 0x0000000080005ee8 (0x3ad0e0b7) lui     ra, 0x3ad0e
core   0: 1 0x0000000080005ee8 (0x3ad0e0b7) x1  0x000000003ad0e000
core   0: 0x0000000080005eec (0x002021f3) csrrs   gp, frm, zero
core   0: 1 0x0000000080005eec (0x002021f3) x3  0x0000000000000000
core   0: 0x0000000080005ef0 (0x01d081bb) addw    gp, ra, t4
core   0: 1 0x0000000080005ef0 (0x01d081bb) x3  0x000000003ad0e019
core   0: 0x0000000080005ef4 (0x017b933b) sllw    t1, s7, s7
core   0: 1 0x0000000080005ef4 (0x017b933b) x6  0x0000000000000000
core   0: 0x0000000080005ef8 (0x00009d8e) c.add   s11, gp
core   0: 1 0x0000000080005ef8 (0x9d8e) x27 0x000000009843f019
core   0: 0x0000000080005efa (0x00009bc6) c.add   s7, a7
core   0: 1 0x0000000080005efa (0x9bc6) x23 0x0000000000000000
core   0: 0x0000000080005efc (0x417ed23b) sraw    tp, t4, s7
core   0: 1 0x0000000080005efc (0x417ed23b) x4  0x0000000000000019
core   0: 0x0000000080005f00 (0xd2118253) fcvt.d.wu ft4, gp
core   0: 1 0x0000000080005f00 (0xd2118253) f4  0x41cd68700c800000
core   0: 0x0000000080005f04 (0x40da83bb) subw    t2, s5, a3
core   0: 1 0x0000000080005f04 (0x40da83bb) x7  0xffffffffffffffff
core   0: 0x0000000080005f08 (0x3444bcf3) csrrc   s9, mip, s1
core   0: exception trap_illegal_instruction, epc 0x0000000080005f08
core   0:           tval 0x000000003444bcf3
core   0: >>>>  $xrv64i2p1_m2p0_a2p1_f2p2_d2p2_zicsr2p0_zifencei2p0_zmmul1p0_zba1p0_zbb1p0_zbc1p0_zbs1p0
core   0: 0x0000000080004000 (0x0080006f) j       pc + 0x8
core   0: 3 0x0000000080004000 (0x0080006f)
core   0: >>>>  mmode_exception_handler
core   0: 0x0000000080004008 (0x00002c17) auipc   s8, 0x2
core   0: 3 0x0000000080004008 (0x00002c17) x24 0x0000000080006008
core   0: 0x000000008000400c (0xfcec0c13) addi    s8, s8, -50
core   0: 3 0x000000008000400c (0xfcec0c13) x24 0x0000000080005fd6
core   0: 0x0000000080004010 (0x000c00e7) jalr    s8
core   0: 3 0x0000000080004010 (0x000c00e7) x1  0x0000000080004014
core   0: >>>>  any_handler
core   0: 0x0000000080005fd6 (0x341027f3) csrrs   a5, mepc, zero
core   0: 3 0x0000000080005fd6 (0x341027f3) x15 0x0000000080005f08
core   0: 0x0000000080005fda (0x34202773) csrrs   a4, mcause, zero
core   0: 3 0x0000000080005fda (0x34202773) x14 0x0000000000000002
core   0: 0x0000000080005fde (0x142026f3) csrrs   a3, scause, zero
core   0: 3 0x0000000080005fde (0x142026f3) x13 0x0000000000000000
core   0: 0x0000000080005fe2 (0x30402673) csrrs   a2, mie, zero
core   0: 3 0x0000000080005fe2 (0x30402673) x12 0x0000000000000a00
core   0: 0x0000000080005fe6 (0x344025f3) csrrs   a1, mip, zero
core   0: 3 0x0000000080005fe6 (0x344025f3) x11 0x0000000000000080
core   0: 0x0000000080005fea (0x343025f3) csrrs   a1, mtval, zero
core   0: 3 0x0000000080005fea (0x343025f3) x11 0x000000003444bcf3
core   0: 0x0000000080005fee (0x14302573) csrrs   a0, stval, zero
core   0: 3 0x0000000080005fee (0x14302573) x10 0x0000000000000000
core   0: 0x0000000080005ff2 (0xb02024f3) csrrs   s1, minstret, zero
core   0: 3 0x0000000080005ff2 (0xb02024f3) x9  0x000000000000126b
core   0: 0x0000000080005ff6 (0x0000a811) c.j     pc + 20
core   0: 3 0x0000000080005ff6 (0xa811)
core   0: >>>>  mepc_4
core   0: 0x000000008000600a (0x00000791) c.addi  a5, 4
core   0: 3 0x000000008000600a (0x0791) x15 0x0000000080005f0c
core   0: 0x000000008000600c (0x34179073) csrrw   zero, mepc, a5
core   0: 3 0x000000008000600c (0x34179073) c833_mepc 0x0000000080005f0c
core   0: 0x0000000080006010 (0x30200073) mret
core   0: 3 0x0000000080006010 (0x30200073) c768_mstatus 0x8000000a00106080
core   0: 0x0000000080005f0c (0x01a09d3b) sllw    s10, ra, s10
core   0: 1 0x0000000080005f0c (0x01a09d3b) x26 0x0000000000000000
core   0: 0x0000000080005f10 (0x02384233) div     tp, a6, gp
core   0: 1 0x0000000080005f10 (0x02384233) x4  0x0000000000000000
core   0: 0x0000000080005f14 (0x800a0713) addi    a4, s4, -2048
core   0: 1 0x0000000080005f14 (0x800a0713) x14 0xfffffffffffff800
core   0: 0x0000000080005f18 (0x0118d8bb) srlw    a7, a7, a7
core   0: 1 0x0000000080005f18 (0x0118d8bb) x17 0x0000000000000000
core   0: 0x0000000080005f1c (0x43e4d013) srai    zero, s1, 62
core   0: 1 0x0000000080005f1c (0x43e4d013)
core   0: 0x0000000080005f20 (0x0186931b) slliw   t1, a3, 24
core   0: 1 0x0000000080005f20 (0x0186931b) x6  0x0000000000000000
core   0: 0x0000000080005f24 (0x03deba33) mulhu   s4, t4, t4
core   0: 1 0x0000000080005f24 (0x03deba33) x20 0x0000000000000000
core   0: 0x0000000080005f28 (0x001a9e73) csrrw   t3, fflags, s5
core   0: 1 0x0000000080005f28 (0x001a9e73) x28 0x0000000000000003 c1_fflags 0x000000000000001f
core   0: 0x0000000080005f2c (0xd22a7753) fcvt.d.l fa4, s4
core   0: 1 0x0000000080005f2c (0xd22a7753) f14 0x0000000000000000
core   0: 0x0000000080005f30 (0x0094ddb3) srl     s11, s1, s1
core   0: 1 0x0000000080005f30 (0x0094ddb3) x27 0x0000000000000000
core   0: 0x0000000080005f34 (0x037bcab3) div     s5, s7, s7
core   0: 1 0x0000000080005f34 (0x037bcab3) x21 0xffffffffffffffff
core   0: 0x0000000080005f38 (0x5a087b53) fsqrt.d fs6, fa6
core   0: 1 0x0000000080005f38 (0x5a087b53) c1_fflags 0x000000000000001f f22 0x40107e0f66afed07
core   0: 0x0000000080005f3c (0xf98ef013) andi    zero, t4, -104
core   0: 1 0x0000000080005f3c (0xf98ef013)
core   0: 0x0000000080005f40 (0x220e1753) fsgnjn.d fa4, ft8, ft0
core   0: 1 0x0000000080005f40 (0x220e1753) f14 0x7ff8000000000000
core   0: 0x0000000080005f44 (0xc030f5d3) fcvt.lu.s a1, ft1
core   0: 1 0x0000000080005f44 (0xc030f5d3) c1_fflags 0x000000000000001f x11 0xffffffffffffffff
core   0: 0x0000000080005f48 (0x01f9569b) srliw   a3, s2, 31
core   0: 1 0x0000000080005f48 (0x01f9569b) x13 0x0000000000000000
core   0: 0x0000000080005f4c (0x001a7eb3) and     t4, s4, ra
core   0: 1 0x0000000080005f4c (0x001a7eb3) x29 0x0000000000000000
core   0: 0x0000000080005f50 (0x021326b3) mulhsu  a3, t1, ra
core   0: 1 0x0000000080005f50 (0x021326b3) x13 0x0000000000000000
core   0: 0x0000000080005f54 (0x1ae1f9c7) fmsub.d fs3, ft3, fa4, ft3
core   0: 1 0x0000000080005f54 (0x1ae1f9c7) f19 0x7ff8000000000000
core   0: 0x0000000080005f58 (0xc03d76d3) fcvt.lu.s a3, fs10
core   0: 1 0x0000000080005f58 (0xc03d76d3) c1_fflags 0x000000000000001f x13 0xffffffffffffffff
core   0: 0x0000000080005f5c (0x012cc433) xor     s0, s9, s2
core   0: 1 0x0000000080005f5c (0x012cc433) x8  0xfffffffffffff600
core   0: 0x0000000080005f60 (0xc03d75d3) fcvt.lu.s a1, fs10
core   0: 1 0x0000000080005f60 (0xc03d75d3) c1_fflags 0x000000000000001f x11 0xffffffffffffffff
core   0: 0x0000000080005f64 (0x0316fd3b) remuw   s10, a3, a7
core   0: 1 0x0000000080005f64 (0x0316fd3b) x26 0xffffffffffffffff
core   0: 0x0000000080005f68 (0x4105d53b) sraw    a0, a1, a6
core   0: 1 0x0000000080005f68 (0x4105d53b) x10 0xffffffffffffffff
core   0: 0x0000000080005f6c (0x009a1c3b) sllw    s8, s4, s1
core   0: 1 0x0000000080005f6c (0x009a1c3b) x24 0x0000000000000000
core   0: 0x0000000080005f70 (0x0383ad33) mulhsu  s10, t2, s8
core   0: 1 0x0000000080005f70 (0x0383ad33) x26 0x0000000000000000
core   0: 0x0000000080005f74 (0x026b81b3) mul     gp, s7, t1
core   0: 1 0x0000000080005f74 (0x026b81b3) x3  0x0000000000000000
core   0: 0x0000000080005f78 (0x00ab1013) slli    zero, s6, 10
core   0: 1 0x0000000080005f78 (0x00ab1013)
core   0: 0x0000000080005f7c (0x001d79b3) and     s3, s10, ra
core   0: 1 0x0000000080005f7c (0x001d79b3) x19 0x0000000000000000
core   0: 0x0000000080005f80 (0xc20dfed3) fcvt.w.d t4, fs11
core   0: 1 0x0000000080005f80 (0xc20dfed3) c1_fflags 0x000000000000001f x29 0x000000007fffffff
core   0: 0x0000000080005f84 (0x40cad8bb) sraw    a7, s5, a2
core   0: 1 0x0000000080005f84 (0x40cad8bb) x17 0xffffffffffffffff
core   0: 0x0000000080005f88 (0x01f49b9b) slliw   s7, s1, 31
core   0: 1 0x0000000080005f88 (0x01f49b9b) x23 0xffffffff80000000
core   0: 0x0000000080005f8c (0xd225f653) fcvt.d.l fa2, a1
core   0: 1 0x0000000080005f8c (0xd225f653) f12 0xbff0000000000000
core   0: 0x0000000080005f90 (0x00000001) c.nop
core   0: 1 0x0000000080005f90 (0x0001)
core   0: 0x0000000080005f92 (0x01aead33) slt     s10, t4, s10
core   0: 1 0x0000000080005f92 (0x01aead33) x26 0x0000000000000000
core   0: 0x0000000080005f96 (0xd21c89d3) fcvt.d.wu fs3, s9
core   0: 1 0x0000000080005f96 (0xd21c89d3) f19 0x41effffec0000000
core   0: 0x0000000080005f9a (0x019c8b3b) addw    s6, s9, s9
core   0: 1 0x0000000080005f9a (0x019c8b3b) x22 0xffffffffffffec00
core   0: 0x0000000080005f9e (0x43a9d913) srai    s2, s3, 58
core   0: 1 0x0000000080005f9e (0x43a9d913) x18 0x0000000000000000
core   0: 0x0000000080005fa2 (0x4075d3b3) sra     t2, a1, t2
core   0: 1 0x0000000080005fa2 (0x4075d3b3) x7  0xffffffffffffffff
core   0: 0x0000000080005fa6 (0xd2138053) fcvt.d.wu ft0, t2
core   0: 1 0x0000000080005fa6 (0xd2138053) f0  0x41efffffffe00000
core   0: 0x0000000080005faa (0x00000001) c.nop
core   0: 1 0x0000000080005faa (0x0001)
core   0: 0x0000000080005fac (0x0293d093) srli    ra, t2, 41
core   0: 1 0x0000000080005fac (0x0293d093) x1  0x00000000007fffff
core   0: 0x0000000080005fb0 (0x02f4a2b3) mulhsu  t0, s1, a5
core   0: 1 0x0000000080005fb0 (0x02f4a2b3) x5  0x0000000000000000
core   0: 0x0000000080005fb4 (0x10405ef3) csrrwi  t4, sie, 0
core   0: 1 0x0000000080005fb4 (0x10405ef3) x29 0x0000000000000000 c772_mie 0x0000000000000a00
core   0: 0x0000000080005fb8 (0x01bddbbb) srlw    s7, s11, s11
core   0: 1 0x0000000080005fb8 (0x01bddbbb) x23 0x0000000000000000
core   0: 0x0000000080005fbc (0xe20a8c53) fmv.x.d s8, fs5
core   0: 1 0x0000000080005fbc (0xe20a8c53) x24 0x7ff8000000000000
core   0: 0x0000000080005fc0 (0xc2207253) fcvt.l.d tp, ft0
core   0: 1 0x0000000080005fc0 (0xc2207253) x4  0x00000000ffffffff
core   0: 0x0000000080005fc4 (0x001029f3) csrrs   s3, fflags, zero
core   0: 1 0x0000000080005fc4 (0x001029f3) x19 0x000000000000001f
core   0: 0x0000000080005fc8 (0x90994613) xori    a2, s2, -1783
core   0: 1 0x0000000080005fc8 (0x90994613) x12 0xfffffffffffff909
core   0: 0x0000000080005fcc (0x00102973) csrrs   s2, fflags, zero
core   0: 1 0x0000000080005fcc (0x00102973) x18 0x000000000000001f
core   0: >>>>  write_tohost
core   0: 0x0000000080005fd0 (0xa14fa0ef) jal     pc - 0x5dec
core   0: 1 0x0000000080005fd0 (0xa14fa0ef) x1  0x0000000080005fd4
core   0: >>>>  _exit
core   0: 0x00000000800001e4 (0x00004505) c.li    a0, 1
core   0: 1 0x00000000800001e4 (0x4505) x10 0x0000000000000001
core   0: 0x00000000800001e6 (0x00001f17) auipc   t5, 0x1
core   0: 1 0x00000000800001e6 (0x00001f17) x30 0x00000000800011e6
core   0: 0x00000000800001ea (0xe0af2d23) sw      a0, -486(t5)
core   0: 1 0x00000000800001ea (0xe0af2d23) mem 0x0000000080001000 0x00000001
cp /home/server/RISCV/cva6/verif/sim/out/seed_1411/spike_sim/new_seeds_1411_.cv64a6_imafdc_sv39.log.iss /home/server/RISCV/cva6/verif/sim/out/seed_1411/spike_sim/new_seeds_1411_.cv64a6_imafdc_sv39.log
