Makefile:14: must set CVA6_REPO_DIR to point at the root of CVA6 sources and CVA6_TB_DIR to point here -- doing it for you...
LD_LIBRARY_PATH="$(realpath ../../tools/spike/lib):$LD_LIBRARY_PATH" \
	/home/server/RISCV/cva6/tools/spike/bin/spike --steps=2000000  --log-commits --isa=rv64gc_zba_zbb_zbs_zbc_zicsr_zifencei --priv=msu -l /home/server/RISCV/cva6/verif/sim/out/seed_1950/directed_asm_tests/new_seeds_1950_.o
[SPIKE] Max simulation steps: 2000000
[SPIKE] Proc 0 | ISA: rv64gc_zba_zbb_zbs_zbc_zicsr_zifencei PRIV: msu
[SPIKE] Initializing memories...
core   0: 0x0000000000010000 (0x00100413) li      s0, 1
core   0: 3 0x0000000000010000 (0x00100413) x8  0x0000000000000001
core   0: 0x0000000000010004 (0x01f41413) slli    s0, s0, 31
core   0: 3 0x0000000000010004 (0x01f41413) x8  0x0000000080000000
core   0: 0x0000000000010008 (0xf1402573) csrrs   a0, mhartid, zero
core   0: 3 0x0000000000010008 (0xf1402573) x10 0x0000000000000000
core   0: 0x000000000001000c (0x00000597) auipc   a1, 0x0
core   0: 3 0x000000000001000c (0x00000597) x11 0x000000000001000c
core   0: 0x0000000000010010 (0x07458593) addi    a1, a1, 116
core   0: 3 0x0000000000010010 (0x07458593) x11 0x0000000000010080
core   0: 0x0000000000010014 (0x00040067) jr      s0
core   0: 3 0x0000000000010014 (0x00040067)
core   0: >>>>  _start
core   0: 0x0000000080000000 (0x00004081) c.li    ra, 0
core   0: 3 0x0000000080000000 (0x4081) x1  0x0000000000000000
core   0: 0x0000000080000002 (0x00004101) c.li    sp, 0
core   0: 3 0x0000000080000002 (0x4101) x2  0x0000000000000000
core   0: 0x0000000080000004 (0x00004181) c.li    gp, 0
core   0: 3 0x0000000080000004 (0x4181) x3  0x0000000000000000
core   0: 0x0000000080000006 (0x00004201) c.li    tp, 0
core   0: 3 0x0000000080000006 (0x4201) x4  0x0000000000000000
core   0: 0x0000000080000008 (0x00004281) c.li    t0, 0
core   0: 3 0x0000000080000008 (0x4281) x5  0x0000000000000000
core   0: 0x000000008000000a (0x00004301) c.li    t1, 0
core   0: 3 0x000000008000000a (0x4301) x6  0x0000000000000000
core   0: 0x000000008000000c (0x00004381) c.li    t2, 0
core   0: 3 0x000000008000000c (0x4381) x7  0x0000000000000000
core   0: 0x000000008000000e (0x00004401) c.li    s0, 0
core   0: 3 0x000000008000000e (0x4401) x8  0x0000000000000000
core   0: 0x0000000080000010 (0x00004481) c.li    s1, 0
core   0: 3 0x0000000080000010 (0x4481) x9  0x0000000000000000
core   0: 0x0000000080000012 (0x00004501) c.li    a0, 0
core   0: 3 0x0000000080000012 (0x4501) x10 0x0000000000000000
core   0: 0x0000000080000014 (0x00004581) c.li    a1, 0
core   0: 3 0x0000000080000014 (0x4581) x11 0x0000000000000000
core   0: 0x0000000080000016 (0x00004601) c.li    a2, 0
core   0: 3 0x0000000080000016 (0x4601) x12 0x0000000000000000
core   0: 0x0000000080000018 (0x00004681) c.li    a3, 0
core   0: 3 0x0000000080000018 (0x4681) x13 0x0000000000000000
core   0: 0x000000008000001a (0x00004701) c.li    a4, 0
core   0: 3 0x000000008000001a (0x4701) x14 0x0000000000000000
core   0: 0x000000008000001c (0x00004781) c.li    a5, 0
core   0: 3 0x000000008000001c (0x4781) x15 0x0000000000000000
core   0: 0x000000008000001e (0x00004801) c.li    a6, 0
core   0: 3 0x000000008000001e (0x4801) x16 0x0000000000000000
core   0: 0x0000000080000020 (0x00004881) c.li    a7, 0
core   0: 3 0x0000000080000020 (0x4881) x17 0x0000000000000000
core   0: 0x0000000080000022 (0x00004901) c.li    s2, 0
core   0: 3 0x0000000080000022 (0x4901) x18 0x0000000000000000
core   0: 0x0000000080000024 (0x00004981) c.li    s3, 0
core   0: 3 0x0000000080000024 (0x4981) x19 0x0000000000000000
core   0: 0x0000000080000026 (0x00004a01) c.li    s4, 0
core   0: 3 0x0000000080000026 (0x4a01) x20 0x0000000000000000
core   0: 0x0000000080000028 (0x00004a81) c.li    s5, 0
core   0: 3 0x0000000080000028 (0x4a81) x21 0x0000000000000000
core   0: 0x000000008000002a (0x00004b01) c.li    s6, 0
core   0: 3 0x000000008000002a (0x4b01) x22 0x0000000000000000
core   0: 0x000000008000002c (0x00004b81) c.li    s7, 0
core   0: 3 0x000000008000002c (0x4b81) x23 0x0000000000000000
core   0: 0x000000008000002e (0x00004c01) c.li    s8, 0
core   0: 3 0x000000008000002e (0x4c01) x24 0x0000000000000000
core   0: 0x0000000080000030 (0x00004c81) c.li    s9, 0
core   0: 3 0x0000000080000030 (0x4c81) x25 0x0000000000000000
core   0: 0x0000000080000032 (0x00004d01) c.li    s10, 0
core   0: 3 0x0000000080000032 (0x4d01) x26 0x0000000000000000
core   0: 0x0000000080000034 (0x00004d81) c.li    s11, 0
core   0: 3 0x0000000080000034 (0x4d81) x27 0x0000000000000000
core   0: 0x0000000080000036 (0x00004e01) c.li    t3, 0
core   0: 3 0x0000000080000036 (0x4e01) x28 0x0000000000000000
core   0: 0x0000000080000038 (0x00004e81) c.li    t4, 0
core   0: 3 0x0000000080000038 (0x4e81) x29 0x0000000000000000
core   0: 0x000000008000003a (0x00004f01) c.li    t5, 0
core   0: 3 0x000000008000003a (0x4f01) x30 0x0000000000000000
core   0: 0x000000008000003c (0x00004f81) c.li    t6, 0
core   0: 3 0x000000008000003c (0x4f81) x31 0x0000000000000000
core   0: 0x000000008000003e (0x000062f9) c.lui   t0, 0x1e
core   0: 3 0x000000008000003e (0x62f9) x5  0x000000000001e000
core   0: 0x0000000080000040 (0x3002a073) csrrs   zero, mstatus, t0
core   0: 3 0x0000000080000040 (0x3002a073) c768_mstatus 0x8000000a00006000
core   0: 0x0000000080000044 (0x00004285) c.li    t0, 1
core   0: 3 0x0000000080000044 (0x4285) x5  0x0000000000000001
core   0: 0x0000000080000046 (0x000002fe) c.slli  t0, 31
core   0: 3 0x0000000080000046 (0x02fe) x5  0x0000000080000000
core   0: 0x0000000080000048 (0x0002d863) bge     t0, zero, pc + 16
core   0: 3 0x0000000080000048 (0x0002d863)
core   0: 0x0000000080000058 (0x00000297) auipc   t0, 0x0
core   0: 3 0x0000000080000058 (0x00000297) x5  0x0000000080000058
core   0: 0x000000008000005c (0x09028293) addi    t0, t0, 144
core   0: 3 0x000000008000005c (0x09028293) x5  0x00000000800000e8
core   0: 0x0000000080000060 (0x30529073) csrrw   zero, mtvec, t0
core   0: 3 0x0000000080000060 (0x30529073) c773_mtvec 0x00000000800000e8
core   0: 0x0000000080000064 (0x00301073) csrrw   zero, fcsr, zero
core   0: 3 0x0000000080000064 (0x00301073) c1_fflags 0x0000000000000000 c2_frm 0x0000000000000000
core   0: 0x0000000080000068 (0xf0000053) fmv.w.x ft0, zero
core   0: 3 0x0000000080000068 (0xf0000053) f0  0xffffffff00000000
core   0: 0x000000008000006c (0xf00000d3) fmv.w.x ft1, zero
core   0: 3 0x000000008000006c (0xf00000d3) f1  0xffffffff00000000
core   0: 0x0000000080000070 (0xf0000153) fmv.w.x ft2, zero
core   0: 3 0x0000000080000070 (0xf0000153) f2  0xffffffff00000000
core   0: 0x0000000080000074 (0xf00001d3) fmv.w.x ft3, zero
core   0: 3 0x0000000080000074 (0xf00001d3) f3  0xffffffff00000000
core   0: 0x0000000080000078 (0xf0000253) fmv.w.x ft4, zero
core   0: 3 0x0000000080000078 (0xf0000253) f4  0xffffffff00000000
core   0: 0x000000008000007c (0xf00002d3) fmv.w.x ft5, zero
core   0: 3 0x000000008000007c (0xf00002d3) f5  0xffffffff00000000
core   0: 0x0000000080000080 (0xf0000353) fmv.w.x ft6, zero
core   0: 3 0x0000000080000080 (0xf0000353) f6  0xffffffff00000000
core   0: 0x0000000080000084 (0xf00003d3) fmv.w.x ft7, zero
core   0: 3 0x0000000080000084 (0xf00003d3) f7  0xffffffff00000000
core   0: 0x0000000080000088 (0xf0000453) fmv.w.x fs0, zero
core   0: 3 0x0000000080000088 (0xf0000453) f8  0xffffffff00000000
core   0: 0x000000008000008c (0xf00004d3) fmv.w.x fs1, zero
core   0: 3 0x000000008000008c (0xf00004d3) f9  0xffffffff00000000
core   0: 0x0000000080000090 (0xf0000553) fmv.w.x fa0, zero
core   0: 3 0x0000000080000090 (0xf0000553) f10 0xffffffff00000000
core   0: 0x0000000080000094 (0xf00005d3) fmv.w.x fa1, zero
core   0: 3 0x0000000080000094 (0xf00005d3) f11 0xffffffff00000000
core   0: 0x0000000080000098 (0xf0000653) fmv.w.x fa2, zero
core   0: 3 0x0000000080000098 (0xf0000653) f12 0xffffffff00000000
core   0: 0x000000008000009c (0xf00006d3) fmv.w.x fa3, zero
core   0: 3 0x000000008000009c (0xf00006d3) f13 0xffffffff00000000
core   0: 0x00000000800000a0 (0xf0000753) fmv.w.x fa4, zero
core   0: 3 0x00000000800000a0 (0xf0000753) f14 0xffffffff00000000
core   0: 0x00000000800000a4 (0xf00007d3) fmv.w.x fa5, zero
core   0: 3 0x00000000800000a4 (0xf00007d3) f15 0xffffffff00000000
core   0: 0x00000000800000a8 (0xf0000853) fmv.w.x fa6, zero
core   0: 3 0x00000000800000a8 (0xf0000853) f16 0xffffffff00000000
core   0: 0x00000000800000ac (0xf00008d3) fmv.w.x fa7, zero
core   0: 3 0x00000000800000ac (0xf00008d3) f17 0xffffffff00000000
core   0: 0x00000000800000b0 (0xf0000953) fmv.w.x fs2, zero
core   0: 3 0x00000000800000b0 (0xf0000953) f18 0xffffffff00000000
core   0: 0x00000000800000b4 (0xf00009d3) fmv.w.x fs3, zero
core   0: 3 0x00000000800000b4 (0xf00009d3) f19 0xffffffff00000000
core   0: 0x00000000800000b8 (0xf0000a53) fmv.w.x fs4, zero
core   0: 3 0x00000000800000b8 (0xf0000a53) f20 0xffffffff00000000
core   0: 0x00000000800000bc (0xf0000ad3) fmv.w.x fs5, zero
core   0: 3 0x00000000800000bc (0xf0000ad3) f21 0xffffffff00000000
core   0: 0x00000000800000c0 (0xf0000b53) fmv.w.x fs6, zero
core   0: 3 0x00000000800000c0 (0xf0000b53) f22 0xffffffff00000000
core   0: 0x00000000800000c4 (0xf0000bd3) fmv.w.x fs7, zero
core   0: 3 0x00000000800000c4 (0xf0000bd3) f23 0xffffffff00000000
core   0: 0x00000000800000c8 (0xf0000c53) fmv.w.x fs8, zero
core   0: 3 0x00000000800000c8 (0xf0000c53) f24 0xffffffff00000000
core   0: 0x00000000800000cc (0xf0000cd3) fmv.w.x fs9, zero
core   0: 3 0x00000000800000cc (0xf0000cd3) f25 0xffffffff00000000
core   0: 0x00000000800000d0 (0xf0000d53) fmv.w.x fs10, zero
core   0: 3 0x00000000800000d0 (0xf0000d53) f26 0xffffffff00000000
core   0: 0x00000000800000d4 (0xf0000dd3) fmv.w.x fs11, zero
core   0: 3 0x00000000800000d4 (0xf0000dd3) f27 0xffffffff00000000
core   0: 0x00000000800000d8 (0xf0000e53) fmv.w.x ft8, zero
core   0: 3 0x00000000800000d8 (0xf0000e53) f28 0xffffffff00000000
core   0: 0x00000000800000dc (0xf0000ed3) fmv.w.x ft9, zero
core   0: 3 0x00000000800000dc (0xf0000ed3) f29 0xffffffff00000000
core   0: 0x00000000800000e0 (0xf0000f53) fmv.w.x ft10, zero
core   0: 3 0x00000000800000e0 (0xf0000f53) f30 0xffffffff00000000
core   0: 0x00000000800000e4 (0xf0000fd3) fmv.w.x ft11, zero
core   0: 3 0x00000000800000e4 (0xf0000fd3) f31 0xffffffff00000000
core   0: 0x00000000800000e8 (0x00000297) auipc   t0, 0x0
core   0: 3 0x00000000800000e8 (0x00000297) x5  0x00000000800000e8
core   0: 0x00000000800000ec (0x03c28293) addi    t0, t0, 60
core   0: 3 0x00000000800000ec (0x03c28293) x5  0x0000000080000124
core   0: 0x00000000800000f0 (0x30529073) csrrw   zero, mtvec, t0
core   0: 3 0x00000000800000f0 (0x30529073) c773_mtvec 0x0000000080000124
core   0: 0x00000000800000f4 (0x00012197) auipc   gp, 0x12
core   0: 3 0x00000000800000f4 (0x00012197) x3  0x00000000800120f4
core   0: 0x00000000800000f8 (0x73418193) addi    gp, gp, 1844
core   0: 3 0x00000000800000f8 (0x73418193) x3  0x0000000080012828
core   0: 0x00000000800000fc (0x00012217) auipc   tp, 0x12
core   0: 3 0x00000000800000fc (0x00012217) x4  0x00000000800120fc
core   0: 0x0000000080000100 (0xf8320213) addi    tp, tp, -125
core   0: 3 0x0000000080000100 (0xf8320213) x4  0x000000008001207f
core   0: 0x0000000080000104 (0xfc027213) andi    tp, tp, -64
core   0: 3 0x0000000080000104 (0xfc027213) x4  0x0000000080012040
core   0: 0x0000000080000108 (0xf1402573) csrrs   a0, mhartid, zero
core   0: 3 0x0000000080000108 (0xf1402573) x10 0x0000000000000000
core   0: 0x000000008000010c (0x00004585) c.li    a1, 1
core   0: 3 0x000000008000010c (0x4585) x11 0x0000000000000001
core   0: 0x000000008000010e (0x00b57063) bgeu    a0, a1, pc + 0
core   0: 3 0x000000008000010e (0x00b57063)
core   0: 0x0000000080000112 (0x00150113) addi    sp, a0, 1
core   0: 3 0x0000000080000112 (0x00150113) x2  0x0000000000000001
core   0: 0x0000000080000116 (0x00000146) c.slli  sp, 17
core   0: 3 0x0000000080000116 (0x0146) x2  0x0000000000020000
core   0: 0x0000000080000118 (0x00009112) c.add   sp, tp
core   0: 3 0x0000000080000118 (0x9112) x2  0x0000000080032040
core   0: 0x000000008000011a (0x01151613) slli    a2, a0, 17
core   0: 3 0x000000008000011a (0x01151613) x12 0x0000000000000000
core   0: 0x000000008000011e (0x00009232) c.add   tp, a2
core   0: 3 0x000000008000011e (0x9232) x4  0x0000000080012040
core   0: 0x0000000080000120 (0x4120f06f) j       pc + 0xf412
core   0: 3 0x0000000080000120 (0x4120f06f)
core   0: >>>>  _init
core   0: 0x000000008000f532 (0x00007171) c.addi16sp sp, -176
core   0: 3 0x000000008000f532 (0x7171) x2  0x0000000080031f90
core   0: 0x000000008000f534 (0x0000f506) c.sdsp  ra, 168(sp)
core   0: 3 0x000000008000f534 (0xf506) mem 0x0000000080032038 0x0000000000000000
core   0: 0x000000008000f536 (0x0000f122) c.sdsp  s0, 160(sp)
core   0: 3 0x000000008000f536 (0xf122) mem 0x0000000080032030 0x0000000000000000
core   0: 0x000000008000f538 (0x0000ed26) c.sdsp  s1, 152(sp)
core   0: 3 0x000000008000f538 (0xed26) mem 0x0000000080032028 0x0000000000000000
core   0: 0x000000008000f53a (0x00001900) c.addi4spn s0, sp, 176
core   0: 3 0x000000008000f53a (0x1900) x8  0x0000000080032040
core   0: 0x000000008000f53c (0x000087aa) c.mv    a5, a0
core   0: 3 0x000000008000f53c (0x87aa) x15 0x0000000000000000
core   0: 0x000000008000f53e (0x0000872e) c.mv    a4, a1
core   0: 3 0x000000008000f53e (0x872e) x14 0x0000000000000001
core   0: 0x000000008000f540 (0xf4f42e23) sw      a5, -164(s0)
core   0: 3 0x000000008000f540 (0xf4f42e23) mem 0x0000000080031f9c 0x00000000
core   0: 0x000000008000f544 (0x000087ba) c.mv    a5, a4
core   0: 3 0x000000008000f544 (0x87ba) x15 0x0000000000000001
core   0: 0x000000008000f546 (0xf4f42c23) sw      a5, -168(s0)
core   0: 3 0x000000008000f546 (0xf4f42c23) mem 0x0000000080031f98 0x00000001
core   0: 0x000000008000f54a (0xfe040793) addi    a5, s0, -32
core   0: 3 0x000000008000f54a (0xfe040793) x15 0x0000000080032020
core   0: 0x000000008000f54e (0xf4f43823) sd      a5, -176(s0)
core   0: 3 0x000000008000f54e (0xf4f43823) mem 0x0000000080031f90 0x0000000080032020
core   0: 0x000000008000f552 (0xf5043783) ld      a5, -176(s0)
core   0: 3 0x000000008000f552 (0xf5043783) x15 0x0000000080032020 mem 0x0000000080031f90
core   0: 0x000000008000f556 (0xf8078793) addi    a5, a5, -128
core   0: 3 0x000000008000f556 (0xf8078793) x15 0x0000000080031fa0
core   0: 0x000000008000f55a (0x03f78793) addi    a5, a5, 63
core   0: 3 0x000000008000f55a (0x03f78793) x15 0x0000000080031fdf
core   0: 0x000000008000f55e (0x00008399) c.srli  a5, 6
core   0: 3 0x000000008000f55e (0x8399) x15 0x0000000002000c7f
core   0: 0x000000008000f560 (0x00679493) slli    s1, a5, 6
core   0: 3 0x000000008000f560 (0x00679493) x9  0x0000000080031fc0
core   0: 0x000000008000f564 (0xf65ff0ef) jal     pc - 0x9c
core   0: 3 0x000000008000f564 (0xf65ff0ef) x1  0x000000008000f568
core   0: >>>>  init_tls
core   0: 0x000000008000f4c8 (0x00001101) c.addi  sp, -32
core   0: 3 0x000000008000f4c8 (0x1101) x2  0x0000000080031f70
core   0: 0x000000008000f4ca (0x0000ec06) c.sdsp  ra, 24(sp)
core   0: 3 0x000000008000f4ca (0xec06) mem 0x0000000080031f88 0x000000008000f568
core   0: 0x000000008000f4cc (0x0000e822) c.sdsp  s0, 16(sp)
core   0: 3 0x000000008000f4cc (0xe822) mem 0x0000000080031f80 0x0000000080032040
core   0: 0x000000008000f4ce (0x00001000) c.addi4spn s0, sp, 32
core   0: 3 0x000000008000f4ce (0x1000) x8  0x0000000080031f90
core   0: 0x000000008000f4d0 (0x00003717) auipc   a4, 0x3
core   0: 3 0x000000008000f4d0 (0x00003717) x14 0x00000000800124d0
core   0: 0x000000008000f4d4 (0xb5870713) addi    a4, a4, -1192
core   0: 3 0x000000008000f4d4 (0xb5870713) x14 0x0000000080012028
core   0: 0x000000008000f4d8 (0x00003797) auipc   a5, 0x3
core   0: 3 0x000000008000f4d8 (0x00003797) x15 0x00000000800124d8
core   0: 0x000000008000f4dc (0xb5078793) addi    a5, a5, -1200
core   0: 3 0x000000008000f4dc (0xb5078793) x15 0x0000000080012028
core   0: 0x000000008000f4e0 (0x40f707b3) sub     a5, a4, a5
core   0: 3 0x000000008000f4e0 (0x40f707b3) x15 0x0000000000000000
core   0: 0x000000008000f4e4 (0xfef43423) sd      a5, -24(s0)
core   0: 3 0x000000008000f4e4 (0xfef43423) mem 0x0000000080031f78 0x0000000000000000
core   0: 0x000000008000f4e8 (0x00008792) c.mv    a5, tp
core   0: 3 0x000000008000f4e8 (0x8792) x15 0x0000000080012040
core   0: 0x000000008000f4ea (0xfe843603) ld      a2, -24(s0)
core   0: 3 0x000000008000f4ea (0xfe843603) x12 0x0000000000000000 mem 0x0000000080031f78
core   0: 0x000000008000f4ee (0x00003597) auipc   a1, 0x3
core   0: 3 0x000000008000f4ee (0x00003597) x11 0x00000000800124ee
core   0: 0x000000008000f4f2 (0xb3a58593) addi    a1, a1, -1222
core   0: 3 0x000000008000f4f2 (0xb3a58593) x11 0x0000000080012028
core   0: 0x000000008000f4f6 (0x0000853e) c.mv    a0, a5
core   0: 3 0x000000008000f4f6 (0x853e) x10 0x0000000080012040
core   0: 0x000000008000f4f8 (0x0f9000ef) jal     pc + 0x8f8
core   0: 3 0x000000008000f4f8 (0x0f9000ef) x1  0x000000008000f4fc
core   0: >>>>  memcpy
core   0: 0x000000008000fdf0 (0x0000715d) c.addi16sp sp, -80
core   0: 3 0x000000008000fdf0 (0x715d) x2  0x0000000080031f20
core   0: 0x000000008000fdf2 (0x0000e4a2) c.sdsp  s0, 72(sp)
core   0: 3 0x000000008000fdf2 (0xe4a2) mem 0x0000000080031f68 0x0000000080031f90
core   0: 0x000000008000fdf4 (0x00000880) c.addi4spn s0, sp, 80
core   0: 3 0x000000008000fdf4 (0x0880) x8  0x0000000080031f70
core   0: 0x000000008000fdf6 (0xfca43423) sd      a0, -56(s0)
core   0: 3 0x000000008000fdf6 (0xfca43423) mem 0x0000000080031f38 0x0000000080012040
core   0: 0x000000008000fdfa (0xfcb43023) sd      a1, -64(s0)
core   0: 3 0x000000008000fdfa (0xfcb43023) mem 0x0000000080031f30 0x0000000080012028
core   0: 0x000000008000fdfe (0xfac43c23) sd      a2, -72(s0)
core   0: 3 0x000000008000fdfe (0xfac43c23) mem 0x0000000080031f28 0x0000000000000000
core   0: 0x000000008000fe02 (0xfc843703) ld      a4, -56(s0)
core   0: 3 0x000000008000fe02 (0xfc843703) x14 0x0000000080012040 mem 0x0000000080031f38
core   0: 0x000000008000fe06 (0xfc043783) ld      a5, -64(s0)
core   0: 3 0x000000008000fe06 (0xfc043783) x15 0x0000000080012028 mem 0x0000000080031f30
core   0: 0x000000008000fe0a (0x00008f5d) c.or    a4, a5
core   0: 3 0x000000008000fe0a (0x8f5d) x14 0x0000000080012068
core   0: 0x000000008000fe0c (0xfb843783) ld      a5, -72(s0)
core   0: 3 0x000000008000fe0c (0xfb843783) x15 0x0000000000000000 mem 0x0000000080031f28
core   0: 0x000000008000fe10 (0x00008fd9) c.or    a5, a4
core   0: 3 0x000000008000fe10 (0x8fd9) x15 0x0000000080012068
core   0: 0x000000008000fe12 (0x00008b9d) c.andi  a5, 7
core   0: 3 0x000000008000fe12 (0x8b9d) x15 0x0000000000000000
core   0: 0x000000008000fe14 (0x0000e3b1) c.bnez  a5, pc + 68
core   0: 3 0x000000008000fe14 (0xe3b1)
core   0: 0x000000008000fe16 (0xfc043783) ld      a5, -64(s0)
core   0: 3 0x000000008000fe16 (0xfc043783) x15 0x0000000080012028 mem 0x0000000080031f30
core   0: 0x000000008000fe1a (0xfef43423) sd      a5, -24(s0)
core   0: 3 0x000000008000fe1a (0xfef43423) mem 0x0000000080031f58 0x0000000080012028
core   0: 0x000000008000fe1e (0xfc843783) ld      a5, -56(s0)
core   0: 3 0x000000008000fe1e (0xfc843783) x15 0x0000000080012040 mem 0x0000000080031f38
core   0: 0x000000008000fe22 (0xfef43023) sd      a5, -32(s0)
core   0: 3 0x000000008000fe22 (0xfef43023) mem 0x0000000080031f50 0x0000000080012040
core   0: 0x000000008000fe26 (0x0000a839) c.j     pc + 30
core   0: 3 0x000000008000fe26 (0xa839)
core   0: 0x000000008000fe44 (0xfc843703) ld      a4, -56(s0)
core   0: 3 0x000000008000fe44 (0xfc843703) x14 0x0000000080012040 mem 0x0000000080031f38
core   0: 0x000000008000fe48 (0xfb843783) ld      a5, -72(s0)
core   0: 3 0x000000008000fe48 (0xfb843783) x15 0x0000000000000000 mem 0x0000000080031f28
core   0: 0x000000008000fe4c (0x000097ba) c.add   a5, a4
core   0: 3 0x000000008000fe4c (0x97ba) x15 0x0000000080012040
core   0: 0x000000008000fe4e (0xfe043703) ld      a4, -32(s0)
core   0: 3 0x000000008000fe4e (0xfe043703) x14 0x0000000080012040 mem 0x0000000080031f50
core   0: 0x000000008000fe52 (0xfcf76be3) bltu    a4, a5, pc - 42
core   0: 3 0x000000008000fe52 (0xfcf76be3)
core   0: 0x000000008000fe56 (0x0000a099) c.j     pc + 70
core   0: 3 0x000000008000fe56 (0xa099)
core   0: 0x000000008000fe9c (0xfc843783) ld      a5, -56(s0)
core   0: 3 0x000000008000fe9c (0xfc843783) x15 0x0000000080012040 mem 0x0000000080031f38
core   0: 0x000000008000fea0 (0x0000853e) c.mv    a0, a5
core   0: 3 0x000000008000fea0 (0x853e) x10 0x0000000080012040
core   0: 0x000000008000fea2 (0x00006426) c.ldsp  s0, 72(sp)
core   0: 3 0x000000008000fea2 (0x6426) x8  0x0000000080031f90 mem 0x0000000080031f68
core   0: 0x000000008000fea4 (0x00006161) c.addi16sp sp, 80
core   0: 3 0x000000008000fea4 (0x6161) x2  0x0000000080031f70
core   0: 0x000000008000fea6 (0x00008082) ret
core   0: 3 0x000000008000fea6 (0x8082)
core   0: 0x000000008000f4fc (0x00003717) auipc   a4, 0x3
core   0: 3 0x000000008000f4fc (0x00003717) x14 0x00000000800124fc
core   0: 0x000000008000f500 (0xbc870713) addi    a4, a4, -1080
core   0: 3 0x000000008000f500 (0xbc870713) x14 0x00000000800120c4
core   0: 0x000000008000f504 (0x00003797) auipc   a5, 0x3
core   0: 3 0x000000008000f504 (0x00003797) x15 0x0000000080012504
core   0: 0x000000008000f508 (0xb2478793) addi    a5, a5, -1244
core   0: 3 0x000000008000f508 (0xb2478793) x15 0x0000000080012028
core   0: 0x000000008000f50c (0x40f707b3) sub     a5, a4, a5
core   0: 3 0x000000008000f50c (0x40f707b3) x15 0x000000000000009c
core   0: 0x000000008000f510 (0xfef43023) sd      a5, -32(s0)
core   0: 3 0x000000008000f510 (0xfef43023) mem 0x0000000080031f70 0x000000000000009c
core   0: 0x000000008000f514 (0x00008712) c.mv    a4, tp
core   0: 3 0x000000008000f514 (0x8712) x14 0x0000000080012040
core   0: 0x000000008000f516 (0xfe843783) ld      a5, -24(s0)
core   0: 3 0x000000008000f516 (0xfe843783) x15 0x0000000000000000 mem 0x0000000080031f78
core   0: 0x000000008000f51a (0x000097ba) c.add   a5, a4
core   0: 3 0x000000008000f51a (0x97ba) x15 0x0000000080012040
core   0: 0x000000008000f51c (0xfe043603) ld      a2, -32(s0)
core   0: 3 0x000000008000f51c (0xfe043603) x12 0x000000000000009c mem 0x0000000080031f70
core   0: 0x000000008000f520 (0x00004581) c.li    a1, 0
core   0: 3 0x000000008000f520 (0x4581) x11 0x0000000000000000
core   0: 0x000000008000f522 (0x0000853e) c.mv    a0, a5
core   0: 3 0x000000008000f522 (0x853e) x10 0x0000000080012040
core   0: 0x000000008000f524 (0x185000ef) jal     pc + 0x984
core   0: 3 0x000000008000f524 (0x185000ef) x1  0x000000008000f528
core   0: >>>>  memset
core   0: 0x000000008000fea8 (0x0000715d) c.addi16sp sp, -80
core   0: 3 0x000000008000fea8 (0x715d) x2  0x0000000080031f20
core   0: 0x000000008000feaa (0x0000e4a2) c.sdsp  s0, 72(sp)
core   0: 3 0x000000008000feaa (0xe4a2) mem 0x0000000080031f68 0x0000000080031f90
core   0: 0x000000008000feac (0x00000880) c.addi4spn s0, sp, 80
core   0: 3 0x000000008000feac (0x0880) x8  0x0000000080031f70
core   0: 0x000000008000feae (0xfca43423) sd      a0, -56(s0)
core   0: 3 0x000000008000feae (0xfca43423) mem 0x0000000080031f38 0x0000000080012040
core   0: 0x000000008000feb2 (0x000087ae) c.mv    a5, a1
core   0: 3 0x000000008000feb2 (0x87ae) x15 0x0000000000000000
core   0: 0x000000008000feb4 (0xfac43c23) sd      a2, -72(s0)
core   0: 3 0x000000008000feb4 (0xfac43c23) mem 0x0000000080031f28 0x000000000000009c
core   0: 0x000000008000feb8 (0xfcf42223) sw      a5, -60(s0)
core   0: 3 0x000000008000feb8 (0xfcf42223) mem 0x0000000080031f34 0x00000000
core   0: 0x000000008000febc (0xfc843703) ld      a4, -56(s0)
core   0: 3 0x000000008000febc (0xfc843703) x14 0x0000000080012040 mem 0x0000000080031f38
core   0: 0x000000008000fec0 (0xfb843783) ld      a5, -72(s0)
core   0: 3 0x000000008000fec0 (0xfb843783) x15 0x000000000000009c mem 0x0000000080031f28
core   0: 0x000000008000fec4 (0x00008fd9) c.or    a5, a4
core   0: 3 0x000000008000fec4 (0x8fd9) x15 0x00000000800120dc
core   0: 0x000000008000fec6 (0x00008b9d) c.andi  a5, 7
core   0: 3 0x000000008000fec6 (0x8b9d) x15 0x0000000000000004
core   0: 0x000000008000fec8 (0x0000e7bd) c.bnez  a5, pc + 110
core   0: 3 0x000000008000fec8 (0xe7bd)
core   0: 0x000000008000ff36 (0xfc843783) ld      a5, -56(s0)
core   0: 3 0x000000008000ff36 (0xfc843783) x15 0x0000000080012040 mem 0x0000000080031f38
core   0: 0x000000008000ff3a (0xfef43023) sd      a5, -32(s0)
core   0: 3 0x000000008000ff3a (0xfef43023) mem 0x0000000080031f50 0x0000000080012040
core   0: 0x000000008000ff3e (0x0000a829) c.j     pc + 26
core   0: 3 0x000000008000ff3e (0xa829)
core   0: 0x000000008000ff58 (0xfc843703) ld      a4, -56(s0)
core   0: 3 0x000000008000ff58 (0xfc843703) x14 0x0000000080012040 mem 0x0000000080031f38
core   0: 0x000000008000ff5c (0xfb843783) ld      a5, -72(s0)
core   0: 3 0x000000008000ff5c (0xfb843783) x15 0x000000000000009c mem 0x0000000080031f28
core   0: 0x000000008000ff60 (0x000097ba) c.add   a5, a4
core   0: 3 0x000000008000ff60 (0x97ba) x15 0x00000000800120dc
core   0: 0x000000008000ff62 (0xfe043703) ld      a4, -32(s0)
core   0: 3 0x000000008000ff62 (0xfe043703) x14 0x0000000080012040 mem 0x0000000080031f50
core   0: 0x000000008000ff66 (0xfcf76de3) bltu    a4, a5, pc - 38
core   0: 3 0x000000008000ff66 (0xfcf76de3)
core   0: 0x000000008000ff40 (0xfe043783) ld      a5, -32(s0)
core   0: 3 0x000000008000ff40 (0xfe043783) x15 0x0000000080012040 mem 0x0000000080031f50
core   0: 0x000000008000ff44 (0x00178713) addi    a4, a5, 1
core   0: 3 0x000000008000ff44 (0x00178713) x14 0x0000000080012041
core   0: 0x000000008000ff48 (0xfee43023) sd      a4, -32(s0)
core   0: 3 0x000000008000ff48 (0xfee43023) mem 0x0000000080031f50 0x0000000080012041
core   0: 0x000000008000ff4c (0xfc442703) lw      a4, -60(s0)
core   0: 3 0x000000008000ff4c (0xfc442703) x14 0x0000000000000000 mem 0x0000000080031f34
core   0: 0x000000008000ff50 (0x0ff77713) andi    a4, a4, 255
core   0: 3 0x000000008000ff50 (0x0ff77713) x14 0x0000000000000000
core   0: 0x000000008000ff54 (0x00e78023) sb      a4, 0(a5)
core   0: 3 0x000000008000ff54 (0x00e78023) mem 0x0000000080012040 0x00
core   0: 0x000000008000ff58 (0xfc843703) ld      a4, -56(s0)
core   0: 3 0x000000008000ff58 (0xfc843703) x14 0x0000000080012040 mem 0x0000000080031f38
core   0: 0x000000008000ff5c (0xfb843783) ld      a5, -72(s0)
core   0: 3 0x000000008000ff5c (0xfb843783) x15 0x000000000000009c mem 0x0000000080031f28
core   0: 0x000000008000ff60 (0x000097ba) c.add   a5, a4
core   0: 3 0x000000008000ff60 (0x97ba) x15 0x00000000800120dc
core   0: 0x000000008000ff62 (0xfe043703) ld      a4, -32(s0)
core   0: 3 0x000000008000ff62 (0xfe043703) x14 0x0000000080012041 mem 0x0000000080031f50
core   0: 0x000000008000ff66 (0xfcf76de3) bltu    a4, a5, pc - 38
core   0: 3 0x000000008000ff66 (0xfcf76de3)
core   0: 0x000000008000ff40 (0xfe043783) ld      a5, -32(s0)
core   0: 3 0x000000008000ff40 (0xfe043783) x15 0x0000000080012041 mem 0x0000000080031f50
core   0: 0x000000008000ff44 (0x00178713) addi    a4, a5, 1
core   0: 3 0x000000008000ff44 (0x00178713) x14 0x0000000080012042
core   0: 0x000000008000ff48 (0xfee43023) sd      a4, -32(s0)
core   0: 3 0x000000008000ff48 (0xfee43023) mem 0x0000000080031f50 0x0000000080012042
core   0: 0x000000008000ff4c (0xfc442703) lw      a4, -60(s0)
core   0: 3 0x000000008000ff4c (0xfc442703) x14 0x0000000000000000 mem 0x0000000080031f34
core   0: 0x000000008000ff50 (0x0ff77713) andi    a4, a4, 255
core   0: 3 0x000000008000ff50 (0x0ff77713) x14 0x0000000000000000
core   0: 0x000000008000ff54 (0x00e78023) sb      a4, 0(a5)
core   0: 3 0x000000008000ff54 (0x00e78023) mem 0x0000000080012041 0x00
core   0: 0x000000008000ff58 (0xfc843703) ld      a4, -56(s0)
core   0: 3 0x000000008000ff58 (0xfc843703) x14 0x0000000080012040 mem 0x0000000080031f38
core   0: 0x000000008000ff5c (0xfb843783) ld      a5, -72(s0)
core   0: 3 0x000000008000ff5c (0xfb843783) x15 0x000000000000009c mem 0x0000000080031f28
core   0: 0x000000008000ff60 (0x000097ba) c.add   a5, a4
core   0: 3 0x000000008000ff60 (0x97ba) x15 0x00000000800120dc
core   0: 0x000000008000ff62 (0xfe043703) ld      a4, -32(s0)
core   0: 3 0x000000008000ff62 (0xfe043703) x14 0x0000000080012042 mem 0x0000000080031f50
core   0: 0x000000008000ff66 (0xfcf76de3) bltu    a4, a5, pc - 38
core   0: 3 0x000000008000ff66 (0xfcf76de3)
core   0: 0x000000008000ff40 (0xfe043783) ld      a5, -32(s0)
core   0: 3 0x000000008000ff40 (0xfe043783) x15 0x0000000080012042 mem 0x0000000080031f50
core   0: 0x000000008000ff44 (0x00178713) addi    a4, a5, 1
core   0: 3 0x000000008000ff44 (0x00178713) x14 0x0000000080012043
core   0: 0x000000008000ff48 (0xfee43023) sd      a4, -32(s0)
core   0: 3 0x000000008000ff48 (0xfee43023) mem 0x0000000080031f50 0x0000000080012043
core   0: 0x000000008000ff4c (0xfc442703) lw      a4, -60(s0)
core   0: 3 0x000000008000ff4c (0xfc442703) x14 0x0000000000000000 mem 0x0000000080031f34
core   0: 0x000000008000ff50 (0x0ff77713) andi    a4, a4, 255
core   0: 3 0x000000008000ff50 (0x0ff77713) x14 0x0000000000000000
core   0: 0x000000008000ff54 (0x00e78023) sb      a4, 0(a5)
core   0: 3 0x000000008000ff54 (0x00e78023) mem 0x0000000080012042 0x00
core   0: 0x000000008000ff58 (0xfc843703) ld      a4, -56(s0)
core   0: 3 0x000000008000ff58 (0xfc843703) x14 0x0000000080012040 mem 0x0000000080031f38
core   0: 0x000000008000ff5c (0xfb843783) ld      a5, -72(s0)
core   0: 3 0x000000008000ff5c (0xfb843783) x15 0x000000000000009c mem 0x0000000080031f28
core   0: 0x000000008000ff60 (0x000097ba) c.add   a5, a4
core   0: 3 0x000000008000ff60 (0x97ba) x15 0x00000000800120dc
core   0: 0x000000008000ff62 (0xfe043703) ld      a4, -32(s0)
core   0: 3 0x000000008000ff62 (0xfe043703) x14 0x0000000080012043 mem 0x0000000080031f50
core   0: 0x000000008000ff66 (0xfcf76de3) bltu    a4, a5, pc - 38
core   0: 3 0x000000008000ff66 (0xfcf76de3)
core   0: 0x000000008000ff40 (0xfe043783) ld      a5, -32(s0)
core   0: 3 0x000000008000ff40 (0xfe043783) x15 0x0000000080012043 mem 0x0000000080031f50
core   0: 0x000000008000ff44 (0x00178713) addi    a4, a5, 1
core   0: 3 0x000000008000ff44 (0x00178713) x14 0x0000000080012044
core   0: 0x000000008000ff48 (0xfee43023) sd      a4, -32(s0)
core   0: 3 0x000000008000ff48 (0xfee43023) mem 0x0000000080031f50 0x0000000080012044
core   0: 0x000000008000ff4c (0xfc442703) lw      a4, -60(s0)
core   0: 3 0x000000008000ff4c (0xfc442703) x14 0x0000000000000000 mem 0x0000000080031f34
core   0: 0x000000008000ff50 (0x0ff77713) andi    a4, a4, 255
core   0: 3 0x000000008000ff50 (0x0ff77713) x14 0x0000000000000000
core   0: 0x000000008000ff54 (0x00e78023) sb      a4, 0(a5)
core   0: 3 0x000000008000ff54 (0x00e78023) mem 0x0000000080012043 0x00
core   0: 0x000000008000ff58 (0xfc843703) ld      a4, -56(s0)
core   0: 3 0x000000008000ff58 (0xfc843703) x14 0x0000000080012040 mem 0x0000000080031f38
core   0: 0x000000008000ff5c (0xfb843783) ld      a5, -72(s0)
core   0: 3 0x000000008000ff5c (0xfb843783) x15 0x000000000000009c mem 0x0000000080031f28
core   0: 0x000000008000ff60 (0x000097ba) c.add   a5, a4
core   0: 3 0x000000008000ff60 (0x97ba) x15 0x00000000800120dc
core   0: 0x000000008000ff62 (0xfe043703) ld      a4, -32(s0)
core   0: 3 0x000000008000ff62 (0xfe043703) x14 0x0000000080012044 mem 0x0000000080031f50
core   0: 0x000000008000ff66 (0xfcf76de3) bltu    a4, a5, pc - 38
core   0: 3 0x000000008000ff66 (0xfcf76de3)
core   0: 0x000000008000ff40 (0xfe043783) ld      a5, -32(s0)
core   0: 3 0x000000008000ff40 (0xfe043783) x15 0x0000000080012044 mem 0x0000000080031f50
core   0: 0x000000008000ff44 (0x00178713) addi    a4, a5, 1
core   0: 3 0x000000008000ff44 (0x00178713) x14 0x0000000080012045
core   0: 0x000000008000ff48 (0xfee43023) sd      a4, -32(s0)
core   0: 3 0x000000008000ff48 (0xfee43023) mem 0x0000000080031f50 0x0000000080012045
core   0: 0x000000008000ff4c (0xfc442703) lw      a4, -60(s0)
core   0: 3 0x000000008000ff4c (0xfc442703) x14 0x0000000000000000 mem 0x0000000080031f34
core   0: 0x000000008000ff50 (0x0ff77713) andi    a4, a4, 255
core   0: 3 0x000000008000ff50 (0x0ff77713) x14 0x0000000000000000
core   0: 0x000000008000ff54 (0x00e78023) sb      a4, 0(a5)
core   0: 3 0x000000008000ff54 (0x00e78023) mem 0x0000000080012044 0x00
core   0: 0x000000008000ff58 (0xfc843703) ld      a4, -56(s0)
core   0: 3 0x000000008000ff58 (0xfc843703) x14 0x0000000080012040 mem 0x0000000080031f38
core   0: 0x000000008000ff5c (0xfb843783) ld      a5, -72(s0)
core   0: 3 0x000000008000ff5c (0xfb843783) x15 0x000000000000009c mem 0x0000000080031f28
core   0: 0x000000008000ff60 (0x000097ba) c.add   a5, a4
core   0: 3 0x000000008000ff60 (0x97ba) x15 0x00000000800120dc
core   0: 0x000000008000ff62 (0xfe043703) ld      a4, -32(s0)
core   0: 3 0x000000008000ff62 (0xfe043703) x14 0x0000000080012045 mem 0x0000000080031f50
core   0: 0x000000008000ff66 (0xfcf76de3) bltu    a4, a5, pc - 38
core   0: 3 0x000000008000ff66 (0xfcf76de3)
core   0: 0x000000008000ff40 (0xfe043783) ld      a5, -32(s0)
core   0: 3 0x000000008000ff40 (0xfe043783) x15 0x0000000080012045 mem 0x0000000080031f50
core   0: 0x000000008000ff44 (0x00178713) addi    a4, a5, 1
core   0: 3 0x000000008000ff44 (0x00178713) x14 0x0000000080012046
core   0: 0x000000008000ff48 (0xfee43023) sd      a4, -32(s0)
core   0: 3 0x000000008000ff48 (0xfee43023) mem 0x0000000080031f50 0x0000000080012046
core   0: 0x000000008000ff4c (0xfc442703) lw      a4, -60(s0)
core   0: 3 0x000000008000ff4c (0xfc442703) x14 0x0000000000000000 mem 0x0000000080031f34
core   0: 0x000000008000ff50 (0x0ff77713) andi    a4, a4, 255
core   0: 3 0x000000008000ff50 (0x0ff77713) x14 0x0000000000000000
core   0: 0x000000008000ff54 (0x00e78023) sb      a4, 0(a5)
core   0: 3 0x000000008000ff54 (0x00e78023) mem 0x0000000080012045 0x00
core   0: 0x000000008000ff58 (0xfc843703) ld      a4, -56(s0)
core   0: 3 0x000000008000ff58 (0xfc843703) x14 0x0000000080012040 mem 0x0000000080031f38
core   0: 0x000000008000ff5c (0xfb843783) ld      a5, -72(s0)
core   0: 3 0x000000008000ff5c (0xfb843783) x15 0x000000000000009c mem 0x0000000080031f28
core   0: 0x000000008000ff60 (0x000097ba) c.add   a5, a4
core   0: 3 0x000000008000ff60 (0x97ba) x15 0x00000000800120dc
core   0: 0x000000008000ff62 (0xfe043703) ld      a4, -32(s0)
core   0: 3 0x000000008000ff62 (0xfe043703) x14 0x0000000080012046 mem 0x0000000080031f50
core   0: 0x000000008000ff66 (0xfcf76de3) bltu    a4, a5, pc - 38
core   0: 3 0x000000008000ff66 (0xfcf76de3)
core   0: 0x000000008000ff40 (0xfe043783) ld      a5, -32(s0)
core   0: 3 0x000000008000ff40 (0xfe043783) x15 0x0000000080012046 mem 0x0000000080031f50
core   0: 0x000000008000ff44 (0x00178713) addi    a4, a5, 1
core   0: 3 0x000000008000ff44 (0x00178713) x14 0x0000000080012047
core   0: 0x000000008000ff48 (0xfee43023) sd      a4, -32(s0)
core   0: 3 0x000000008000ff48 (0xfee43023) mem 0x0000000080031f50 0x0000000080012047
core   0: 0x000000008000ff4c (0xfc442703) lw      a4, -60(s0)
core   0: 3 0x000000008000ff4c (0xfc442703) x14 0x0000000000000000 mem 0x0000000080031f34
core   0: 0x000000008000ff50 (0x0ff77713) andi    a4, a4, 255
core   0: 3 0x000000008000ff50 (0x0ff77713) x14 0x0000000000000000
core   0: 0x000000008000ff54 (0x00e78023) sb      a4, 0(a5)
core   0: 3 0x000000008000ff54 (0x00e78023) mem 0x0000000080012046 0x00
core   0: 0x000000008000ff58 (0xfc843703) ld      a4, -56(s0)
core   0: 3 0x000000008000ff58 (0xfc843703) x14 0x0000000080012040 mem 0x0000000080031f38
core   0: 0x000000008000ff5c (0xfb843783) ld      a5, -72(s0)
core   0: 3 0x000000008000ff5c (0xfb843783) x15 0x000000000000009c mem 0x0000000080031f28
core   0: 0x000000008000ff60 (0x000097ba) c.add   a5, a4
core   0: 3 0x000000008000ff60 (0x97ba) x15 0x00000000800120dc
core   0: 0x000000008000ff62 (0xfe043703) ld      a4, -32(s0)
core   0: 3 0x000000008000ff62 (0xfe043703) x14 0x0000000080012047 mem 0x0000000080031f50
core   0: 0x000000008000ff66 (0xfcf76de3) bltu    a4, a5, pc - 38
core   0: 3 0x000000008000ff66 (0xfcf76de3)
core   0: 0x000000008000ff40 (0xfe043783) ld      a5, -32(s0)
core   0: 3 0x000000008000ff40 (0xfe043783) x15 0x0000000080012047 mem 0x0000000080031f50
core   0: 0x000000008000ff44 (0x00178713) addi    a4, a5, 1
core   0: 3 0x000000008000ff44 (0x00178713) x14 0x0000000080012048
core   0: 0x000000008000ff48 (0xfee43023) sd      a4, -32(s0)
core   0: 3 0x000000008000ff48 (0xfee43023) mem 0x0000000080031f50 0x0000000080012048
core   0: 0x000000008000ff4c (0xfc442703) lw      a4, -60(s0)
core   0: 3 0x000000008000ff4c (0xfc442703) x14 0x0000000000000000 mem 0x0000000080031f34
core   0: 0x000000008000ff50 (0x0ff77713) andi    a4, a4, 255
core   0: 3 0x000000008000ff50 (0x0ff77713) x14 0x0000000000000000
core   0: 0x000000008000ff54 (0x00e78023) sb      a4, 0(a5)
core   0: 3 0x000000008000ff54 (0x00e78023) mem 0x0000000080012047 0x00
core   0: 0x000000008000ff58 (0xfc843703) ld      a4, -56(s0)
core   0: 3 0x000000008000ff58 (0xfc843703) x14 0x0000000080012040 mem 0x0000000080031f38
core   0: 0x000000008000ff5c (0xfb843783) ld      a5, -72(s0)
core   0: 3 0x000000008000ff5c (0xfb843783) x15 0x000000000000009c mem 0x0000000080031f28
core   0: 0x000000008000ff60 (0x000097ba) c.add   a5, a4
core   0: 3 0x000000008000ff60 (0x97ba) x15 0x00000000800120dc
core   0: 0x000000008000ff62 (0xfe043703) ld      a4, -32(s0)
core   0: 3 0x000000008000ff62 (0xfe043703) x14 0x0000000080012048 mem 0x0000000080031f50
core   0: 0x000000008000ff66 (0xfcf76de3) bltu    a4, a5, pc - 38
core   0: 3 0x000000008000ff66 (0xfcf76de3)
core   0: 0x000000008000ff40 (0xfe043783) ld      a5, -32(s0)
core   0: 3 0x000000008000ff40 (0xfe043783) x15 0x0000000080012048 mem 0x0000000080031f50
core   0: 0x000000008000ff44 (0x00178713) addi    a4, a5, 1
core   0: 3 0x000000008000ff44 (0x00178713) x14 0x0000000080012049
core   0: 0x000000008000ff48 (0xfee43023) sd      a4, -32(s0)
core   0: 3 0x000000008000ff48 (0xfee43023) mem 0x0000000080031f50 0x0000000080012049
core   0: 0x000000008000ff4c (0xfc442703) lw      a4, -60(s0)
core   0: 3 0x000000008000ff4c (0xfc442703) x14 0x0000000000000000 mem 0x0000000080031f34
core   0: 0x000000008000ff50 (0x0ff77713) andi    a4, a4, 255
core   0: 3 0x000000008000ff50 (0x0ff77713) x14 0x0000000000000000
core   0: 0x000000008000ff54 (0x00e78023) sb      a4, 0(a5)
core   0: 3 0x000000008000ff54 (0x00e78023) mem 0x0000000080012048 0x00
core   0: 0x000000008000ff58 (0xfc843703) ld      a4, -56(s0)
core   0: 3 0x000000008000ff58 (0xfc843703) x14 0x0000000080012040 mem 0x0000000080031f38
core   0: 0x000000008000ff5c (0xfb843783) ld      a5, -72(s0)
core   0: 3 0x000000008000ff5c (0xfb843783) x15 0x000000000000009c mem 0x0000000080031f28
core   0: 0x000000008000ff60 (0x000097ba) c.add   a5, a4
core   0: 3 0x000000008000ff60 (0x97ba) x15 0x00000000800120dc
core   0: 0x000000008000ff62 (0xfe043703) ld      a4, -32(s0)
core   0: 3 0x000000008000ff62 (0xfe043703) x14 0x0000000080012049 mem 0x0000000080031f50
core   0: 0x000000008000ff66 (0xfcf76de3) bltu    a4, a5, pc - 38
core   0: 3 0x000000008000ff66 (0xfcf76de3)
core   0: 0x000000008000ff40 (0xfe043783) ld      a5, -32(s0)
core   0: 3 0x000000008000ff40 (0xfe043783) x15 0x0000000080012049 mem 0x0000000080031f50
core   0: 0x000000008000ff44 (0x00178713) addi    a4, a5, 1
core   0: 3 0x000000008000ff44 (0x00178713) x14 0x000000008001204a
core   0: 0x000000008000ff48 (0xfee43023) sd      a4, -32(s0)
core   0: 3 0x000000008000ff48 (0xfee43023) mem 0x0000000080031f50 0x000000008001204a
core   0: 0x000000008000ff4c (0xfc442703) lw      a4, -60(s0)
core   0: 3 0x000000008000ff4c (0xfc442703) x14 0x0000000000000000 mem 0x0000000080031f34
core   0: 0x000000008000ff50 (0x0ff77713) andi    a4, a4, 255
core   0: 3 0x000000008000ff50 (0x0ff77713) x14 0x0000000000000000
core   0: 0x000000008000ff54 (0x00e78023) sb      a4, 0(a5)
core   0: 3 0x000000008000ff54 (0x00e78023) mem 0x0000000080012049 0x00
core   0: 0x000000008000ff58 (0xfc843703) ld      a4, -56(s0)
core   0: 3 0x000000008000ff58 (0xfc843703) x14 0x0000000080012040 mem 0x0000000080031f38
core   0: 0x000000008000ff5c (0xfb843783) ld      a5, -72(s0)
core   0: 3 0x000000008000ff5c (0xfb843783) x15 0x000000000000009c mem 0x0000000080031f28
core   0: 0x000000008000ff60 (0x000097ba) c.add   a5, a4
core   0: 3 0x000000008000ff60 (0x97ba) x15 0x00000000800120dc
core   0: 0x000000008000ff62 (0xfe043703) ld      a4, -32(s0)
core   0: 3 0x000000008000ff62 (0xfe043703) x14 0x000000008001204a mem 0x0000000080031f50
core   0: 0x000000008000ff66 (0xfcf76de3) bltu    a4, a5, pc - 38
core   0: 3 0x000000008000ff66 (0xfcf76de3)
core   0: 0x000000008000ff40 (0xfe043783) ld      a5, -32(s0)
core   0: 3 0x000000008000ff40 (0xfe043783) x15 0x000000008001204a mem 0x0000000080031f50
core   0: 0x000000008000ff44 (0x00178713) addi    a4, a5, 1
core   0: 3 0x000000008000ff44 (0x00178713) x14 0x000000008001204b
core   0: 0x000000008000ff48 (0xfee43023) sd      a4, -32(s0)
core   0: 3 0x000000008000ff48 (0xfee43023) mem 0x0000000080031f50 0x000000008001204b
core   0: 0x000000008000ff4c (0xfc442703) lw      a4, -60(s0)
core   0: 3 0x000000008000ff4c (0xfc442703) x14 0x0000000000000000 mem 0x0000000080031f34
core   0: 0x000000008000ff50 (0x0ff77713) andi    a4, a4, 255
core   0: 3 0x000000008000ff50 (0x0ff77713) x14 0x0000000000000000
core   0: 0x000000008000ff54 (0x00e78023) sb      a4, 0(a5)
core   0: 3 0x000000008000ff54 (0x00e78023) mem 0x000000008001204a 0x00
core   0: 0x000000008000ff58 (0xfc843703) ld      a4, -56(s0)
core   0: 3 0x000000008000ff58 (0xfc843703) x14 0x0000000080012040 mem 0x0000000080031f38
core   0: 0x000000008000ff5c (0xfb843783) ld      a5, -72(s0)
core   0: 3 0x000000008000ff5c (0xfb843783) x15 0x000000000000009c mem 0x0000000080031f28
core   0: 0x000000008000ff60 (0x000097ba) c.add   a5, a4
core   0: 3 0x000000008000ff60 (0x97ba) x15 0x00000000800120dc
core   0: 0x000000008000ff62 (0xfe043703) ld      a4, -32(s0)
core   0: 3 0x000000008000ff62 (0xfe043703) x14 0x000000008001204b mem 0x0000000080031f50
core   0: 0x000000008000ff66 (0xfcf76de3) bltu    a4, a5, pc - 38
core   0: 3 0x000000008000ff66 (0xfcf76de3)
core   0: 0x000000008000ff40 (0xfe043783) ld      a5, -32(s0)
core   0: 3 0x000000008000ff40 (0xfe043783) x15 0x000000008001204b mem 0x0000000080031f50
core   0: 0x000000008000ff44 (0x00178713) addi    a4, a5, 1
core   0: 3 0x000000008000ff44 (0x00178713) x14 0x000000008001204c
core   0: 0x000000008000ff48 (0xfee43023) sd      a4, -32(s0)
core   0: 3 0x000000008000ff48 (0xfee43023) mem 0x0000000080031f50 0x000000008001204c
core   0: 0x000000008000ff4c (0xfc442703) lw      a4, -60(s0)
core   0: 3 0x000000008000ff4c (0xfc442703) x14 0x0000000000000000 mem 0x0000000080031f34
core   0: 0x000000008000ff50 (0x0ff77713) andi    a4, a4, 255
core   0: 3 0x000000008000ff50 (0x0ff77713) x14 0x0000000000000000
core   0: 0x000000008000ff54 (0x00e78023) sb      a4, 0(a5)
core   0: 3 0x000000008000ff54 (0x00e78023) mem 0x000000008001204b 0x00
core   0: 0x000000008000ff58 (0xfc843703) ld      a4, -56(s0)
core   0: 3 0x000000008000ff58 (0xfc843703) x14 0x0000000080012040 mem 0x0000000080031f38
core   0: 0x000000008000ff5c (0xfb843783) ld      a5, -72(s0)
core   0: 3 0x000000008000ff5c (0xfb843783) x15 0x000000000000009c mem 0x0000000080031f28
core   0: 0x000000008000ff60 (0x000097ba) c.add   a5, a4
core   0: 3 0x000000008000ff60 (0x97ba) x15 0x00000000800120dc
core   0: 0x000000008000ff62 (0xfe043703) ld      a4, -32(s0)
core   0: 3 0x000000008000ff62 (0xfe043703) x14 0x000000008001204c mem 0x0000000080031f50
core   0: 0x000000008000ff66 (0xfcf76de3) bltu    a4, a5, pc - 38
core   0: 3 0x000000008000ff66 (0xfcf76de3)
core   0: 0x000000008000ff40 (0xfe043783) ld      a5, -32(s0)
core   0: 3 0x000000008000ff40 (0xfe043783) x15 0x000000008001204c mem 0x0000000080031f50
core   0: 0x000000008000ff44 (0x00178713) addi    a4, a5, 1
core   0: 3 0x000000008000ff44 (0x00178713) x14 0x000000008001204d
core   0: 0x000000008000ff48 (0xfee43023) sd      a4, -32(s0)
core   0: 3 0x000000008000ff48 (0xfee43023) mem 0x0000000080031f50 0x000000008001204d
core   0: 0x000000008000ff4c (0xfc442703) lw      a4, -60(s0)
core   0: 3 0x000000008000ff4c (0xfc442703) x14 0x0000000000000000 mem 0x0000000080031f34
core   0: 0x000000008000ff50 (0x0ff77713) andi    a4, a4, 255
core   0: 3 0x000000008000ff50 (0x0ff77713) x14 0x0000000000000000
core   0: 0x000000008000ff54 (0x00e78023) sb      a4, 0(a5)
core   0: 3 0x000000008000ff54 (0x00e78023) mem 0x000000008001204c 0x00
core   0: 0x000000008000ff58 (0xfc843703) ld      a4, -56(s0)
core   0: 3 0x000000008000ff58 (0xfc843703) x14 0x0000000080012040 mem 0x0000000080031f38
core   0: 0x000000008000ff5c (0xfb843783) ld      a5, -72(s0)
core   0: 3 0x000000008000ff5c (0xfb843783) x15 0x000000000000009c mem 0x0000000080031f28
core   0: 0x000000008000ff60 (0x000097ba) c.add   a5, a4
core   0: 3 0x000000008000ff60 (0x97ba) x15 0x00000000800120dc
core   0: 0x000000008000ff62 (0xfe043703) ld      a4, -32(s0)
core   0: 3 0x000000008000ff62 (0xfe043703) x14 0x000000008001204d mem 0x0000000080031f50
core   0: 0x000000008000ff66 (0xfcf76de3) bltu    a4, a5, pc - 38
core   0: 3 0x000000008000ff66 (0xfcf76de3)
core   0: 0x000000008000ff40 (0xfe043783) ld      a5, -32(s0)
core   0: 3 0x000000008000ff40 (0xfe043783) x15 0x000000008001204d mem 0x0000000080031f50
core   0: 0x000000008000ff44 (0x00178713) addi    a4, a5, 1
core   0: 3 0x000000008000ff44 (0x00178713) x14 0x000000008001204e
core   0: 0x000000008000ff48 (0xfee43023) sd      a4, -32(s0)
core   0: 3 0x000000008000ff48 (0xfee43023) mem 0x0000000080031f50 0x000000008001204e
core   0: 0x000000008000ff4c (0xfc442703) lw      a4, -60(s0)
core   0: 3 0x000000008000ff4c (0xfc442703) x14 0x0000000000000000 mem 0x0000000080031f34
core   0: 0x000000008000ff50 (0x0ff77713) andi    a4, a4, 255
core   0: 3 0x000000008000ff50 (0x0ff77713) x14 0x0000000000000000
core   0: 0x000000008000ff54 (0x00e78023) sb      a4, 0(a5)
core   0: 3 0x000000008000ff54 (0x00e78023) mem 0x000000008001204d 0x00
core   0: 0x000000008000ff58 (0xfc843703) ld      a4, -56(s0)
core   0: 3 0x000000008000ff58 (0xfc843703) x14 0x0000000080012040 mem 0x0000000080031f38
core   0: 0x000000008000ff5c (0xfb843783) ld      a5, -72(s0)
core   0: 3 0x000000008000ff5c (0xfb843783) x15 0x000000000000009c mem 0x0000000080031f28
core   0: 0x000000008000ff60 (0x000097ba) c.add   a5, a4
core   0: 3 0x000000008000ff60 (0x97ba) x15 0x00000000800120dc
core   0: 0x000000008000ff62 (0xfe043703) ld      a4, -32(s0)
core   0: 3 0x000000008000ff62 (0xfe043703) x14 0x000000008001204e mem 0x0000000080031f50
core   0: 0x000000008000ff66 (0xfcf76de3) bltu    a4, a5, pc - 38
core   0: 3 0x000000008000ff66 (0xfcf76de3)
core   0: 0x000000008000ff40 (0xfe043783) ld      a5, -32(s0)
core   0: 3 0x000000008000ff40 (0xfe043783) x15 0x000000008001204e mem 0x0000000080031f50
core   0: 0x000000008000ff44 (0x00178713) addi    a4, a5, 1
core   0: 3 0x000000008000ff44 (0x00178713) x14 0x000000008001204f
core   0: 0x000000008000ff48 (0xfee43023) sd      a4, -32(s0)
core   0: 3 0x000000008000ff48 (0xfee43023) mem 0x0000000080031f50 0x000000008001204f
core   0: 0x000000008000ff4c (0xfc442703) lw      a4, -60(s0)
core   0: 3 0x000000008000ff4c (0xfc442703) x14 0x0000000000000000 mem 0x0000000080031f34
core   0: 0x000000008000ff50 (0x0ff77713) andi    a4, a4, 255
core   0: 3 0x000000008000ff50 (0x0ff77713) x14 0x0000000000000000
core   0: 0x000000008000ff54 (0x00e78023) sb      a4, 0(a5)
core   0: 3 0x000000008000ff54 (0x00e78023) mem 0x000000008001204e 0x00
core   0: 0x000000008000ff58 (0xfc843703) ld      a4, -56(s0)
core   0: 3 0x000000008000ff58 (0xfc843703) x14 0x0000000080012040 mem 0x0000000080031f38
core   0: 0x000000008000ff5c (0xfb843783) ld      a5, -72(s0)
core   0: 3 0x000000008000ff5c (0xfb843783) x15 0x000000000000009c mem 0x0000000080031f28
core   0: 0x000000008000ff60 (0x000097ba) c.add   a5, a4
core   0: 3 0x000000008000ff60 (0x97ba) x15 0x00000000800120dc
core   0: 0x000000008000ff62 (0xfe043703) ld      a4, -32(s0)
core   0: 3 0x000000008000ff62 (0xfe043703) x14 0x000000008001204f mem 0x0000000080031f50
core   0: 0x000000008000ff66 (0xfcf76de3) bltu    a4, a5, pc - 38
core   0: 3 0x000000008000ff66 (0xfcf76de3)
core   0: 0x000000008000ff40 (0xfe043783) ld      a5, -32(s0)
core   0: 3 0x000000008000ff40 (0xfe043783) x15 0x000000008001204f mem 0x0000000080031f50
core   0: 0x000000008000ff44 (0x00178713) addi    a4, a5, 1
core   0: 3 0x000000008000ff44 (0x00178713) x14 0x0000000080012050
core   0: 0x000000008000ff48 (0xfee43023) sd      a4, -32(s0)
core   0: 3 0x000000008000ff48 (0xfee43023) mem 0x0000000080031f50 0x0000000080012050
core   0: 0x000000008000ff4c (0xfc442703) lw      a4, -60(s0)
core   0: 3 0x000000008000ff4c (0xfc442703) x14 0x0000000000000000 mem 0x0000000080031f34
core   0: 0x000000008000ff50 (0x0ff77713) andi    a4, a4, 255
core   0: 3 0x000000008000ff50 (0x0ff77713) x14 0x0000000000000000
core   0: 0x000000008000ff54 (0x00e78023) sb      a4, 0(a5)
core   0: 3 0x000000008000ff54 (0x00e78023) mem 0x000000008001204f 0x00
core   0: 0x000000008000ff58 (0xfc843703) ld      a4, -56(s0)
core   0: 3 0x000000008000ff58 (0xfc843703) x14 0x0000000080012040 mem 0x0000000080031f38
core   0: 0x000000008000ff5c (0xfb843783) ld      a5, -72(s0)
core   0: 3 0x000000008000ff5c (0xfb843783) x15 0x000000000000009c mem 0x0000000080031f28
core   0: 0x000000008000ff60 (0x000097ba) c.add   a5, a4
core   0: 3 0x000000008000ff60 (0x97ba) x15 0x00000000800120dc
core   0: 0x000000008000ff62 (0xfe043703) ld      a4, -32(s0)
core   0: 3 0x000000008000ff62 (0xfe043703) x14 0x0000000080012050 mem 0x0000000080031f50
core   0: 0x000000008000ff66 (0xfcf76de3) bltu    a4, a5, pc - 38
core   0: 3 0x000000008000ff66 (0xfcf76de3)
core   0: 0x000000008000ff40 (0xfe043783) ld      a5, -32(s0)
core   0: 3 0x000000008000ff40 (0xfe043783) x15 0x0000000080012050 mem 0x0000000080031f50
core   0: 0x000000008000ff44 (0x00178713) addi    a4, a5, 1
core   0: 3 0x000000008000ff44 (0x00178713) x14 0x0000000080012051
core   0: 0x000000008000ff48 (0xfee43023) sd      a4, -32(s0)
core   0: 3 0x000000008000ff48 (0xfee43023) mem 0x0000000080031f50 0x0000000080012051
core   0: 0x000000008000ff4c (0xfc442703) lw      a4, -60(s0)
core   0: 3 0x000000008000ff4c (0xfc442703) x14 0x0000000000000000 mem 0x0000000080031f34
core   0: 0x000000008000ff50 (0x0ff77713) andi    a4, a4, 255
core   0: 3 0x000000008000ff50 (0x0ff77713) x14 0x0000000000000000
core   0: 0x000000008000ff54 (0x00e78023) sb      a4, 0(a5)
core   0: 3 0x000000008000ff54 (0x00e78023) mem 0x0000000080012050 0x00
core   0: 0x000000008000ff58 (0xfc843703) ld      a4, -56(s0)
core   0: 3 0x000000008000ff58 (0xfc843703) x14 0x0000000080012040 mem 0x0000000080031f38
core   0: 0x000000008000ff5c (0xfb843783) ld      a5, -72(s0)
core   0: 3 0x000000008000ff5c (0xfb843783) x15 0x000000000000009c mem 0x0000000080031f28
core   0: 0x000000008000ff60 (0x000097ba) c.add   a5, a4
core   0: 3 0x000000008000ff60 (0x97ba) x15 0x00000000800120dc
core   0: 0x000000008000ff62 (0xfe043703) ld      a4, -32(s0)
core   0: 3 0x000000008000ff62 (0xfe043703) x14 0x0000000080012051 mem 0x0000000080031f50
core   0: 0x000000008000ff66 (0xfcf76de3) bltu    a4, a5, pc - 38
core   0: 3 0x000000008000ff66 (0xfcf76de3)
core   0: 0x000000008000ff40 (0xfe043783) ld      a5, -32(s0)
core   0: 3 0x000000008000ff40 (0xfe043783) x15 0x0000000080012051 mem 0x0000000080031f50
core   0: 0x000000008000ff44 (0x00178713) addi    a4, a5, 1
core   0: 3 0x000000008000ff44 (0x00178713) x14 0x0000000080012052
core   0: 0x000000008000ff48 (0xfee43023) sd      a4, -32(s0)
core   0: 3 0x000000008000ff48 (0xfee43023) mem 0x0000000080031f50 0x0000000080012052
core   0: 0x000000008000ff4c (0xfc442703) lw      a4, -60(s0)
core   0: 3 0x000000008000ff4c (0xfc442703) x14 0x0000000000000000 mem 0x0000000080031f34
core   0: 0x000000008000ff50 (0x0ff77713) andi    a4, a4, 255
core   0: 3 0x000000008000ff50 (0x0ff77713) x14 0x0000000000000000
core   0: 0x000000008000ff54 (0x00e78023) sb      a4, 0(a5)
core   0: 3 0x000000008000ff54 (0x00e78023) mem 0x0000000080012051 0x00
core   0: 0x000000008000ff58 (0xfc843703) ld      a4, -56(s0)
core   0: 3 0x000000008000ff58 (0xfc843703) x14 0x0000000080012040 mem 0x0000000080031f38
core   0: 0x000000008000ff5c (0xfb843783) ld      a5, -72(s0)
core   0: 3 0x000000008000ff5c (0xfb843783) x15 0x000000000000009c mem 0x0000000080031f28
core   0: 0x000000008000ff60 (0x000097ba) c.add   a5, a4
core   0: 3 0x000000008000ff60 (0x97ba) x15 0x00000000800120dc
core   0: 0x000000008000ff62 (0xfe043703) ld      a4, -32(s0)
core   0: 3 0x000000008000ff62 (0xfe043703) x14 0x0000000080012052 mem 0x0000000080031f50
core   0: 0x000000008000ff66 (0xfcf76de3) bltu    a4, a5, pc - 38
core   0: 3 0x000000008000ff66 (0xfcf76de3)
core   0: 0x000000008000ff40 (0xfe043783) ld      a5, -32(s0)
core   0: 3 0x000000008000ff40 (0xfe043783) x15 0x0000000080012052 mem 0x0000000080031f50
core   0: 0x000000008000ff44 (0x00178713) addi    a4, a5, 1
core   0: 3 0x000000008000ff44 (0x00178713) x14 0x0000000080012053
core   0: 0x000000008000ff48 (0xfee43023) sd      a4, -32(s0)
core   0: 3 0x000000008000ff48 (0xfee43023) mem 0x0000000080031f50 0x0000000080012053
core   0: 0x000000008000ff4c (0xfc442703) lw      a4, -60(s0)
core   0: 3 0x000000008000ff4c (0xfc442703) x14 0x0000000000000000 mem 0x0000000080031f34
core   0: 0x000000008000ff50 (0x0ff77713) andi    a4, a4, 255
core   0: 3 0x000000008000ff50 (0x0ff77713) x14 0x0000000000000000
core   0: 0x000000008000ff54 (0x00e78023) sb      a4, 0(a5)
core   0: 3 0x000000008000ff54 (0x00e78023) mem 0x0000000080012052 0x00
core   0: 0x000000008000ff58 (0xfc843703) ld      a4, -56(s0)
core   0: 3 0x000000008000ff58 (0xfc843703) x14 0x0000000080012040 mem 0x0000000080031f38
core   0: 0x000000008000ff5c (0xfb843783) ld      a5, -72(s0)
core   0: 3 0x000000008000ff5c (0xfb843783) x15 0x000000000000009c mem 0x0000000080031f28
core   0: 0x000000008000ff60 (0x000097ba) c.add   a5, a4
core   0: 3 0x000000008000ff60 (0x97ba) x15 0x00000000800120dc
core   0: 0x000000008000ff62 (0xfe043703) ld      a4, -32(s0)
core   0: 3 0x000000008000ff62 (0xfe043703) x14 0x0000000080012053 mem 0x0000000080031f50
core   0: 0x000000008000ff66 (0xfcf76de3) bltu    a4, a5, pc - 38
core   0: 3 0x000000008000ff66 (0xfcf76de3)
core   0: 0x000000008000ff40 (0xfe043783) ld      a5, -32(s0)
core   0: 3 0x000000008000ff40 (0xfe043783) x15 0x0000000080012053 mem 0x0000000080031f50
core   0: 0x000000008000ff44 (0x00178713) addi    a4, a5, 1
core   0: 3 0x000000008000ff44 (0x00178713) x14 0x0000000080012054
core   0: 0x000000008000ff48 (0xfee43023) sd      a4, -32(s0)
core   0: 3 0x000000008000ff48 (0xfee43023) mem 0x0000000080031f50 0x0000000080012054
core   0: 0x000000008000ff4c (0xfc442703) lw      a4, -60(s0)
core   0: 3 0x000000008000ff4c (0xfc442703) x14 0x0000000000000000 mem 0x0000000080031f34
core   0: 0x000000008000ff50 (0x0ff77713) andi    a4, a4, 255
core   0: 3 0x000000008000ff50 (0x0ff77713) x14 0x0000000000000000
core   0: 0x000000008000ff54 (0x00e78023) sb      a4, 0(a5)
core   0: 3 0x000000008000ff54 (0x00e78023) mem 0x0000000080012053 0x00
core   0: 0x000000008000ff58 (0xfc843703) ld      a4, -56(s0)
core   0: 3 0x000000008000ff58 (0xfc843703) x14 0x0000000080012040 mem 0x0000000080031f38
core   0: 0x000000008000ff5c (0xfb843783) ld      a5, -72(s0)
core   0: 3 0x000000008000ff5c (0xfb843783) x15 0x000000000000009c mem 0x0000000080031f28
core   0: 0x000000008000ff60 (0x000097ba) c.add   a5, a4
core   0: 3 0x000000008000ff60 (0x97ba) x15 0x00000000800120dc
core   0: 0x000000008000ff62 (0xfe043703) ld      a4, -32(s0)
core   0: 3 0x000000008000ff62 (0xfe043703) x14 0x0000000080012054 mem 0x0000000080031f50
core   0: 0x000000008000ff66 (0xfcf76de3) bltu    a4, a5, pc - 38
core   0: 3 0x000000008000ff66 (0xfcf76de3)
core   0: 0x000000008000ff40 (0xfe043783) ld      a5, -32(s0)
core   0: 3 0x000000008000ff40 (0xfe043783) x15 0x0000000080012054 mem 0x0000000080031f50
core   0: 0x000000008000ff44 (0x00178713) addi    a4, a5, 1
core   0: 3 0x000000008000ff44 (0x00178713) x14 0x0000000080012055
core   0: 0x000000008000ff48 (0xfee43023) sd      a4, -32(s0)
core   0: 3 0x000000008000ff48 (0xfee43023) mem 0x0000000080031f50 0x0000000080012055
core   0: 0x000000008000ff4c (0xfc442703) lw      a4, -60(s0)
core   0: 3 0x000000008000ff4c (0xfc442703) x14 0x0000000000000000 mem 0x0000000080031f34
core   0: 0x000000008000ff50 (0x0ff77713) andi    a4, a4, 255
core   0: 3 0x000000008000ff50 (0x0ff77713) x14 0x0000000000000000
core   0: 0x000000008000ff54 (0x00e78023) sb      a4, 0(a5)
core   0: 3 0x000000008000ff54 (0x00e78023) mem 0x0000000080012054 0x00
core   0: 0x000000008000ff58 (0xfc843703) ld      a4, -56(s0)
core   0: 3 0x000000008000ff58 (0xfc843703) x14 0x0000000080012040 mem 0x0000000080031f38
core   0: 0x000000008000ff5c (0xfb843783) ld      a5, -72(s0)
core   0: 3 0x000000008000ff5c (0xfb843783) x15 0x000000000000009c mem 0x0000000080031f28
core   0: 0x000000008000ff60 (0x000097ba) c.add   a5, a4
core   0: 3 0x000000008000ff60 (0x97ba) x15 0x00000000800120dc
core   0: 0x000000008000ff62 (0xfe043703) ld      a4, -32(s0)
core   0: 3 0x000000008000ff62 (0xfe043703) x14 0x0000000080012055 mem 0x0000000080031f50
core   0: 0x000000008000ff66 (0xfcf76de3) bltu    a4, a5, pc - 38
core   0: 3 0x000000008000ff66 (0xfcf76de3)
core   0: 0x000000008000ff40 (0xfe043783) ld      a5, -32(s0)
core   0: 3 0x000000008000ff40 (0xfe043783) x15 0x0000000080012055 mem 0x0000000080031f50
core   0: 0x000000008000ff44 (0x00178713) addi    a4, a5, 1
core   0: 3 0x000000008000ff44 (0x00178713) x14 0x0000000080012056
core   0: 0x000000008000ff48 (0xfee43023) sd      a4, -32(s0)
core   0: 3 0x000000008000ff48 (0xfee43023) mem 0x0000000080031f50 0x0000000080012056
core   0: 0x000000008000ff4c (0xfc442703) lw      a4, -60(s0)
core   0: 3 0x000000008000ff4c (0xfc442703) x14 0x0000000000000000 mem 0x0000000080031f34
core   0: 0x000000008000ff50 (0x0ff77713) andi    a4, a4, 255
core   0: 3 0x000000008000ff50 (0x0ff77713) x14 0x0000000000000000
core   0: 0x000000008000ff54 (0x00e78023) sb      a4, 0(a5)
core   0: 3 0x000000008000ff54 (0x00e78023) mem 0x0000000080012055 0x00
core   0: 0x000000008000ff58 (0xfc843703) ld      a4, -56(s0)
core   0: 3 0x000000008000ff58 (0xfc843703) x14 0x0000000080012040 mem 0x0000000080031f38
core   0: 0x000000008000ff5c (0xfb843783) ld      a5, -72(s0)
core   0: 3 0x000000008000ff5c (0xfb843783) x15 0x000000000000009c mem 0x0000000080031f28
core   0: 0x000000008000ff60 (0x000097ba) c.add   a5, a4
core   0: 3 0x000000008000ff60 (0x97ba) x15 0x00000000800120dc
core   0: 0x000000008000ff62 (0xfe043703) ld      a4, -32(s0)
core   0: 3 0x000000008000ff62 (0xfe043703) x14 0x0000000080012056 mem 0x0000000080031f50
core   0: 0x000000008000ff66 (0xfcf76de3) bltu    a4, a5, pc - 38
core   0: 3 0x000000008000ff66 (0xfcf76de3)
core   0: 0x000000008000ff40 (0xfe043783) ld      a5, -32(s0)
core   0: 3 0x000000008000ff40 (0xfe043783) x15 0x0000000080012056 mem 0x0000000080031f50
core   0: 0x000000008000ff44 (0x00178713) addi    a4, a5, 1
core   0: 3 0x000000008000ff44 (0x00178713) x14 0x0000000080012057
core   0: 0x000000008000ff48 (0xfee43023) sd      a4, -32(s0)
core   0: 3 0x000000008000ff48 (0xfee43023) mem 0x0000000080031f50 0x0000000080012057
core   0: 0x000000008000ff4c (0xfc442703) lw      a4, -60(s0)
core   0: 3 0x000000008000ff4c (0xfc442703) x14 0x0000000000000000 mem 0x0000000080031f34
core   0: 0x000000008000ff50 (0x0ff77713) andi    a4, a4, 255
core   0: 3 0x000000008000ff50 (0x0ff77713) x14 0x0000000000000000
core   0: 0x000000008000ff54 (0x00e78023) sb      a4, 0(a5)
core   0: 3 0x000000008000ff54 (0x00e78023) mem 0x0000000080012056 0x00
core   0: 0x000000008000ff58 (0xfc843703) ld      a4, -56(s0)
core   0: 3 0x000000008000ff58 (0xfc843703) x14 0x0000000080012040 mem 0x0000000080031f38
core   0: 0x000000008000ff5c (0xfb843783) ld      a5, -72(s0)
core   0: 3 0x000000008000ff5c (0xfb843783) x15 0x000000000000009c mem 0x0000000080031f28
core   0: 0x000000008000ff60 (0x000097ba) c.add   a5, a4
core   0: 3 0x000000008000ff60 (0x97ba) x15 0x00000000800120dc
core   0: 0x000000008000ff62 (0xfe043703) ld      a4, -32(s0)
core   0: 3 0x000000008000ff62 (0xfe043703) x14 0x0000000080012057 mem 0x0000000080031f50
core   0: 0x000000008000ff66 (0xfcf76de3) bltu    a4, a5, pc - 38
core   0: 3 0x000000008000ff66 (0xfcf76de3)
core   0: 0x000000008000ff40 (0xfe043783) ld      a5, -32(s0)
core   0: 3 0x000000008000ff40 (0xfe043783) x15 0x0000000080012057 mem 0x0000000080031f50
core   0: 0x000000008000ff44 (0x00178713) addi    a4, a5, 1
core   0: 3 0x000000008000ff44 (0x00178713) x14 0x0000000080012058
core   0: 0x000000008000ff48 (0xfee43023) sd      a4, -32(s0)
core   0: 3 0x000000008000ff48 (0xfee43023) mem 0x0000000080031f50 0x0000000080012058
core   0: 0x000000008000ff4c (0xfc442703) lw      a4, -60(s0)
core   0: 3 0x000000008000ff4c (0xfc442703) x14 0x0000000000000000 mem 0x0000000080031f34
core   0: 0x000000008000ff50 (0x0ff77713) andi    a4, a4, 255
core   0: 3 0x000000008000ff50 (0x0ff77713) x14 0x0000000000000000
core   0: 0x000000008000ff54 (0x00e78023) sb      a4, 0(a5)
core   0: 3 0x000000008000ff54 (0x00e78023) mem 0x0000000080012057 0x00
core   0: 0x000000008000ff58 (0xfc843703) ld      a4, -56(s0)
core   0: 3 0x000000008000ff58 (0xfc843703) x14 0x0000000080012040 mem 0x0000000080031f38
core   0: 0x000000008000ff5c (0xfb843783) ld      a5, -72(s0)
core   0: 3 0x000000008000ff5c (0xfb843783) x15 0x000000000000009c mem 0x0000000080031f28
core   0: 0x000000008000ff60 (0x000097ba) c.add   a5, a4
core   0: 3 0x000000008000ff60 (0x97ba) x15 0x00000000800120dc
core   0: 0x000000008000ff62 (0xfe043703) ld      a4, -32(s0)
core   0: 3 0x000000008000ff62 (0xfe043703) x14 0x0000000080012058 mem 0x0000000080031f50
core   0: 0x000000008000ff66 (0xfcf76de3) bltu    a4, a5, pc - 38
core   0: 3 0x000000008000ff66 (0xfcf76de3)
core   0: 0x000000008000ff40 (0xfe043783) ld      a5, -32(s0)
core   0: 3 0x000000008000ff40 (0xfe043783) x15 0x0000000080012058 mem 0x0000000080031f50
core   0: 0x000000008000ff44 (0x00178713) addi    a4, a5, 1
core   0: 3 0x000000008000ff44 (0x00178713) x14 0x0000000080012059
core   0: 0x000000008000ff48 (0xfee43023) sd      a4, -32(s0)
core   0: 3 0x000000008000ff48 (0xfee43023) mem 0x0000000080031f50 0x0000000080012059
core   0: 0x000000008000ff4c (0xfc442703) lw      a4, -60(s0)
core   0: 3 0x000000008000ff4c (0xfc442703) x14 0x0000000000000000 mem 0x0000000080031f34
core   0: 0x000000008000ff50 (0x0ff77713) andi    a4, a4, 255
core   0: 3 0x000000008000ff50 (0x0ff77713) x14 0x0000000000000000
core   0: 0x000000008000ff54 (0x00e78023) sb      a4, 0(a5)
core   0: 3 0x000000008000ff54 (0x00e78023) mem 0x0000000080012058 0x00
core   0: 0x000000008000ff58 (0xfc843703) ld      a4, -56(s0)
core   0: 3 0x000000008000ff58 (0xfc843703) x14 0x0000000080012040 mem 0x0000000080031f38
core   0: 0x000000008000ff5c (0xfb843783) ld      a5, -72(s0)
core   0: 3 0x000000008000ff5c (0xfb843783) x15 0x000000000000009c mem 0x0000000080031f28
core   0: 0x000000008000ff60 (0x000097ba) c.add   a5, a4
core   0: 3 0x000000008000ff60 (0x97ba) x15 0x00000000800120dc
core   0: 0x000000008000ff62 (0xfe043703) ld      a4, -32(s0)
core   0: 3 0x000000008000ff62 (0xfe043703) x14 0x0000000080012059 mem 0x0000000080031f50
core   0: 0x000000008000ff66 (0xfcf76de3) bltu    a4, a5, pc - 38
core   0: 3 0x000000008000ff66 (0xfcf76de3)
core   0: 0x000000008000ff40 (0xfe043783) ld      a5, -32(s0)
core   0: 3 0x000000008000ff40 (0xfe043783) x15 0x0000000080012059 mem 0x0000000080031f50
core   0: 0x000000008000ff44 (0x00178713) addi    a4, a5, 1
core   0: 3 0x000000008000ff44 (0x00178713) x14 0x000000008001205a
core   0: 0x000000008000ff48 (0xfee43023) sd      a4, -32(s0)
core   0: 3 0x000000008000ff48 (0xfee43023) mem 0x0000000080031f50 0x000000008001205a
core   0: 0x000000008000ff4c (0xfc442703) lw      a4, -60(s0)
core   0: 3 0x000000008000ff4c (0xfc442703) x14 0x0000000000000000 mem 0x0000000080031f34
core   0: 0x000000008000ff50 (0x0ff77713) andi    a4, a4, 255
core   0: 3 0x000000008000ff50 (0x0ff77713) x14 0x0000000000000000
core   0: 0x000000008000ff54 (0x00e78023) sb      a4, 0(a5)
core   0: 3 0x000000008000ff54 (0x00e78023) mem 0x0000000080012059 0x00
core   0: 0x000000008000ff58 (0xfc843703) ld      a4, -56(s0)
core   0: 3 0x000000008000ff58 (0xfc843703) x14 0x0000000080012040 mem 0x0000000080031f38
core   0: 0x000000008000ff5c (0xfb843783) ld      a5, -72(s0)
core   0: 3 0x000000008000ff5c (0xfb843783) x15 0x000000000000009c mem 0x0000000080031f28
core   0: 0x000000008000ff60 (0x000097ba) c.add   a5, a4
core   0: 3 0x000000008000ff60 (0x97ba) x15 0x00000000800120dc
core   0: 0x000000008000ff62 (0xfe043703) ld      a4, -32(s0)
core   0: 3 0x000000008000ff62 (0xfe043703) x14 0x000000008001205a mem 0x0000000080031f50
core   0: 0x000000008000ff66 (0xfcf76de3) bltu    a4, a5, pc - 38
core   0: 3 0x000000008000ff66 (0xfcf76de3)
core   0: 0x000000008000ff40 (0xfe043783) ld      a5, -32(s0)
core   0: 3 0x000000008000ff40 (0xfe043783) x15 0x000000008001205a mem 0x0000000080031f50
core   0: 0x000000008000ff44 (0x00178713) addi    a4, a5, 1
core   0: 3 0x000000008000ff44 (0x00178713) x14 0x000000008001205b
core   0: 0x000000008000ff48 (0xfee43023) sd      a4, -32(s0)
core   0: 3 0x000000008000ff48 (0xfee43023) mem 0x0000000080031f50 0x000000008001205b
core   0: 0x000000008000ff4c (0xfc442703) lw      a4, -60(s0)
core   0: 3 0x000000008000ff4c (0xfc442703) x14 0x0000000000000000 mem 0x0000000080031f34
core   0: 0x000000008000ff50 (0x0ff77713) andi    a4, a4, 255
core   0: 3 0x000000008000ff50 (0x0ff77713) x14 0x0000000000000000
core   0: 0x000000008000ff54 (0x00e78023) sb      a4, 0(a5)
core   0: 3 0x000000008000ff54 (0x00e78023) mem 0x000000008001205a 0x00
core   0: 0x000000008000ff58 (0xfc843703) ld      a4, -56(s0)
core   0: 3 0x000000008000ff58 (0xfc843703) x14 0x0000000080012040 mem 0x0000000080031f38
core   0: 0x000000008000ff5c (0xfb843783) ld      a5, -72(s0)
core   0: 3 0x000000008000ff5c (0xfb843783) x15 0x000000000000009c mem 0x0000000080031f28
core   0: 0x000000008000ff60 (0x000097ba) c.add   a5, a4
core   0: 3 0x000000008000ff60 (0x97ba) x15 0x00000000800120dc
core   0: 0x000000008000ff62 (0xfe043703) ld      a4, -32(s0)
core   0: 3 0x000000008000ff62 (0xfe043703) x14 0x000000008001205b mem 0x0000000080031f50
core   0: 0x000000008000ff66 (0xfcf76de3) bltu    a4, a5, pc - 38
core   0: 3 0x000000008000ff66 (0xfcf76de3)
core   0: 0x000000008000ff40 (0xfe043783) ld      a5, -32(s0)
core   0: 3 0x000000008000ff40 (0xfe043783) x15 0x000000008001205b mem 0x0000000080031f50
core   0: 0x000000008000ff44 (0x00178713) addi    a4, a5, 1
core   0: 3 0x000000008000ff44 (0x00178713) x14 0x000000008001205c
core   0: 0x000000008000ff48 (0xfee43023) sd      a4, -32(s0)
core   0: 3 0x000000008000ff48 (0xfee43023) mem 0x0000000080031f50 0x000000008001205c
core   0: 0x000000008000ff4c (0xfc442703) lw      a4, -60(s0)
core   0: 3 0x000000008000ff4c (0xfc442703) x14 0x0000000000000000 mem 0x0000000080031f34
core   0: 0x000000008000ff50 (0x0ff77713) andi    a4, a4, 255
core   0: 3 0x000000008000ff50 (0x0ff77713) x14 0x0000000000000000
core   0: 0x000000008000ff54 (0x00e78023) sb      a4, 0(a5)
core   0: 3 0x000000008000ff54 (0x00e78023) mem 0x000000008001205b 0x00
core   0: 0x000000008000ff58 (0xfc843703) ld      a4, -56(s0)
core   0: 3 0x000000008000ff58 (0xfc843703) x14 0x0000000080012040 mem 0x0000000080031f38
core   0: 0x000000008000ff5c (0xfb843783) ld      a5, -72(s0)
core   0: 3 0x000000008000ff5c (0xfb843783) x15 0x000000000000009c mem 0x0000000080031f28
core   0: 0x000000008000ff60 (0x000097ba) c.add   a5, a4
core   0: 3 0x000000008000ff60 (0x97ba) x15 0x00000000800120dc
core   0: 0x000000008000ff62 (0xfe043703) ld      a4, -32(s0)
core   0: 3 0x000000008000ff62 (0xfe043703) x14 0x000000008001205c mem 0x0000000080031f50
core   0: 0x000000008000ff66 (0xfcf76de3) bltu    a4, a5, pc - 38
core   0: 3 0x000000008000ff66 (0xfcf76de3)
core   0: 0x000000008000ff40 (0xfe043783) ld      a5, -32(s0)
core   0: 3 0x000000008000ff40 (0xfe043783) x15 0x000000008001205c mem 0x0000000080031f50
core   0: 0x000000008000ff44 (0x00178713) addi    a4, a5, 1
core   0: 3 0x000000008000ff44 (0x00178713) x14 0x000000008001205d
core   0: 0x000000008000ff48 (0xfee43023) sd      a4, -32(s0)
core   0: 3 0x000000008000ff48 (0xfee43023) mem 0x0000000080031f50 0x000000008001205d
core   0: 0x000000008000ff4c (0xfc442703) lw      a4, -60(s0)
core   0: 3 0x000000008000ff4c (0xfc442703) x14 0x0000000000000000 mem 0x0000000080031f34
core   0: 0x000000008000ff50 (0x0ff77713) andi    a4, a4, 255
core   0: 3 0x000000008000ff50 (0x0ff77713) x14 0x0000000000000000
core   0: 0x000000008000ff54 (0x00e78023) sb      a4, 0(a5)
core   0: 3 0x000000008000ff54 (0x00e78023) mem 0x000000008001205c 0x00
core   0: 0x000000008000ff58 (0xfc843703) ld      a4, -56(s0)
core   0: 3 0x000000008000ff58 (0xfc843703) x14 0x0000000080012040 mem 0x0000000080031f38
core   0: 0x000000008000ff5c (0xfb843783) ld      a5, -72(s0)
core   0: 3 0x000000008000ff5c (0xfb843783) x15 0x000000000000009c mem 0x0000000080031f28
core   0: 0x000000008000ff60 (0x000097ba) c.add   a5, a4
core   0: 3 0x000000008000ff60 (0x97ba) x15 0x00000000800120dc
core   0: 0x000000008000ff62 (0xfe043703) ld      a4, -32(s0)
core   0: 3 0x000000008000ff62 (0xfe043703) x14 0x000000008001205d mem 0x0000000080031f50
core   0: 0x000000008000ff66 (0xfcf76de3) bltu    a4, a5, pc - 38
core   0: 3 0x000000008000ff66 (0xfcf76de3)
core   0: 0x000000008000ff40 (0xfe043783) ld      a5, -32(s0)
core   0: 3 0x000000008000ff40 (0xfe043783) x15 0x000000008001205d mem 0x0000000080031f50
core   0: 0x000000008000ff44 (0x00178713) addi    a4, a5, 1
core   0: 3 0x000000008000ff44 (0x00178713) x14 0x000000008001205e
core   0: 0x000000008000ff48 (0xfee43023) sd      a4, -32(s0)
core   0: 3 0x000000008000ff48 (0xfee43023) mem 0x0000000080031f50 0x000000008001205e
core   0: 0x000000008000ff4c (0xfc442703) lw      a4, -60(s0)
core   0: 3 0x000000008000ff4c (0xfc442703) x14 0x0000000000000000 mem 0x0000000080031f34
core   0: 0x000000008000ff50 (0x0ff77713) andi    a4, a4, 255
core   0: 3 0x000000008000ff50 (0x0ff77713) x14 0x0000000000000000
core   0: 0x000000008000ff54 (0x00e78023) sb      a4, 0(a5)
core   0: 3 0x000000008000ff54 (0x00e78023) mem 0x000000008001205d 0x00
core   0: 0x000000008000ff58 (0xfc843703) ld      a4, -56(s0)
core   0: 3 0x000000008000ff58 (0xfc843703) x14 0x0000000080012040 mem 0x0000000080031f38
core   0: 0x000000008000ff5c (0xfb843783) ld      a5, -72(s0)
core   0: 3 0x000000008000ff5c (0xfb843783) x15 0x000000000000009c mem 0x0000000080031f28
core   0: 0x000000008000ff60 (0x000097ba) c.add   a5, a4
core   0: 3 0x000000008000ff60 (0x97ba) x15 0x00000000800120dc
core   0: 0x000000008000ff62 (0xfe043703) ld      a4, -32(s0)
core   0: 3 0x000000008000ff62 (0xfe043703) x14 0x000000008001205e mem 0x0000000080031f50
core   0: 0x000000008000ff66 (0xfcf76de3) bltu    a4, a5, pc - 38
core   0: 3 0x000000008000ff66 (0xfcf76de3)
core   0: 0x000000008000ff40 (0xfe043783) ld      a5, -32(s0)
core   0: 3 0x000000008000ff40 (0xfe043783) x15 0x000000008001205e mem 0x0000000080031f50
core   0: 0x000000008000ff44 (0x00178713) addi    a4, a5, 1
core   0: 3 0x000000008000ff44 (0x00178713) x14 0x000000008001205f
core   0: 0x000000008000ff48 (0xfee43023) sd      a4, -32(s0)
core   0: 3 0x000000008000ff48 (0xfee43023) mem 0x0000000080031f50 0x000000008001205f
core   0: 0x000000008000ff4c (0xfc442703) lw      a4, -60(s0)
core   0: 3 0x000000008000ff4c (0xfc442703) x14 0x0000000000000000 mem 0x0000000080031f34
core   0: 0x000000008000ff50 (0x0ff77713) andi    a4, a4, 255
core   0: 3 0x000000008000ff50 (0x0ff77713) x14 0x0000000000000000
core   0: 0x000000008000ff54 (0x00e78023) sb      a4, 0(a5)
core   0: 3 0x000000008000ff54 (0x00e78023) mem 0x000000008001205e 0x00
core   0: 0x000000008000ff58 (0xfc843703) ld      a4, -56(s0)
core   0: 3 0x000000008000ff58 (0xfc843703) x14 0x0000000080012040 mem 0x0000000080031f38
core   0: 0x000000008000ff5c (0xfb843783) ld      a5, -72(s0)
core   0: 3 0x000000008000ff5c (0xfb843783) x15 0x000000000000009c mem 0x0000000080031f28
core   0: 0x000000008000ff60 (0x000097ba) c.add   a5, a4
core   0: 3 0x000000008000ff60 (0x97ba) x15 0x00000000800120dc
core   0: 0x000000008000ff62 (0xfe043703) ld      a4, -32(s0)
core   0: 3 0x000000008000ff62 (0xfe043703) x14 0x000000008001205f mem 0x0000000080031f50
core   0: 0x000000008000ff66 (0xfcf76de3) bltu    a4, a5, pc - 38
core   0: 3 0x000000008000ff66 (0xfcf76de3)
core   0: 0x000000008000ff40 (0xfe043783) ld      a5, -32(s0)
core   0: 3 0x000000008000ff40 (0xfe043783) x15 0x000000008001205f mem 0x0000000080031f50
core   0: 0x000000008000ff44 (0x00178713) addi    a4, a5, 1
core   0: 3 0x000000008000ff44 (0x00178713) x14 0x0000000080012060
core   0: 0x000000008000ff48 (0xfee43023) sd      a4, -32(s0)
core   0: 3 0x000000008000ff48 (0xfee43023) mem 0x0000000080031f50 0x0000000080012060
core   0: 0x000000008000ff4c (0xfc442703) lw      a4, -60(s0)
core   0: 3 0x000000008000ff4c (0xfc442703) x14 0x0000000000000000 mem 0x0000000080031f34
core   0: 0x000000008000ff50 (0x0ff77713) andi    a4, a4, 255
core   0: 3 0x000000008000ff50 (0x0ff77713) x14 0x0000000000000000
core   0: 0x000000008000ff54 (0x00e78023) sb      a4, 0(a5)
core   0: 3 0x000000008000ff54 (0x00e78023) mem 0x000000008001205f 0x00
core   0: 0x000000008000ff58 (0xfc843703) ld      a4, -56(s0)
core   0: 3 0x000000008000ff58 (0xfc843703) x14 0x0000000080012040 mem 0x0000000080031f38
core   0: 0x000000008000ff5c (0xfb843783) ld      a5, -72(s0)
core   0: 3 0x000000008000ff5c (0xfb843783) x15 0x000000000000009c mem 0x0000000080031f28
core   0: 0x000000008000ff60 (0x000097ba) c.add   a5, a4
core   0: 3 0x000000008000ff60 (0x97ba) x15 0x00000000800120dc
core   0: 0x000000008000ff62 (0xfe043703) ld      a4, -32(s0)
core   0: 3 0x000000008000ff62 (0xfe043703) x14 0x0000000080012060 mem 0x0000000080031f50
core   0: 0x000000008000ff66 (0xfcf76de3) bltu    a4, a5, pc - 38
core   0: 3 0x000000008000ff66 (0xfcf76de3)
core   0: 0x000000008000ff40 (0xfe043783) ld      a5, -32(s0)
core   0: 3 0x000000008000ff40 (0xfe043783) x15 0x0000000080012060 mem 0x0000000080031f50
core   0: 0x000000008000ff44 (0x00178713) addi    a4, a5, 1
core   0: 3 0x000000008000ff44 (0x00178713) x14 0x0000000080012061
core   0: 0x000000008000ff48 (0xfee43023) sd      a4, -32(s0)
core   0: 3 0x000000008000ff48 (0xfee43023) mem 0x0000000080031f50 0x0000000080012061
core   0: 0x000000008000ff4c (0xfc442703) lw      a4, -60(s0)
core   0: 3 0x000000008000ff4c (0xfc442703) x14 0x0000000000000000 mem 0x0000000080031f34
core   0: 0x000000008000ff50 (0x0ff77713) andi    a4, a4, 255
core   0: 3 0x000000008000ff50 (0x0ff77713) x14 0x0000000000000000
core   0: 0x000000008000ff54 (0x00e78023) sb      a4, 0(a5)
core   0: 3 0x000000008000ff54 (0x00e78023) mem 0x0000000080012060 0x00
core   0: 0x000000008000ff58 (0xfc843703) ld      a4, -56(s0)
core   0: 3 0x000000008000ff58 (0xfc843703) x14 0x0000000080012040 mem 0x0000000080031f38
core   0: 0x000000008000ff5c (0xfb843783) ld      a5, -72(s0)
core   0: 3 0x000000008000ff5c (0xfb843783) x15 0x000000000000009c mem 0x0000000080031f28
core   0: 0x000000008000ff60 (0x000097ba) c.add   a5, a4
core   0: 3 0x000000008000ff60 (0x97ba) x15 0x00000000800120dc
core   0: 0x000000008000ff62 (0xfe043703) ld      a4, -32(s0)
core   0: 3 0x000000008000ff62 (0xfe043703) x14 0x0000000080012061 mem 0x0000000080031f50
core   0: 0x000000008000ff66 (0xfcf76de3) bltu    a4, a5, pc - 38
core   0: 3 0x000000008000ff66 (0xfcf76de3)
core   0: 0x000000008000ff40 (0xfe043783) ld      a5, -32(s0)
core   0: 3 0x000000008000ff40 (0xfe043783) x15 0x0000000080012061 mem 0x0000000080031f50
core   0: 0x000000008000ff44 (0x00178713) addi    a4, a5, 1
core   0: 3 0x000000008000ff44 (0x00178713) x14 0x0000000080012062
core   0: 0x000000008000ff48 (0xfee43023) sd      a4, -32(s0)
core   0: 3 0x000000008000ff48 (0xfee43023) mem 0x0000000080031f50 0x0000000080012062
core   0: 0x000000008000ff4c (0xfc442703) lw      a4, -60(s0)
core   0: 3 0x000000008000ff4c (0xfc442703) x14 0x0000000000000000 mem 0x0000000080031f34
core   0: 0x000000008000ff50 (0x0ff77713) andi    a4, a4, 255
core   0: 3 0x000000008000ff50 (0x0ff77713) x14 0x0000000000000000
core   0: 0x000000008000ff54 (0x00e78023) sb      a4, 0(a5)
core   0: 3 0x000000008000ff54 (0x00e78023) mem 0x0000000080012061 0x00
core   0: 0x000000008000ff58 (0xfc843703) ld      a4, -56(s0)
core   0: 3 0x000000008000ff58 (0xfc843703) x14 0x0000000080012040 mem 0x0000000080031f38
core   0: 0x000000008000ff5c (0xfb843783) ld      a5, -72(s0)
core   0: 3 0x000000008000ff5c (0xfb843783) x15 0x000000000000009c mem 0x0000000080031f28
core   0: 0x000000008000ff60 (0x000097ba) c.add   a5, a4
core   0: 3 0x000000008000ff60 (0x97ba) x15 0x00000000800120dc
core   0: 0x000000008000ff62 (0xfe043703) ld      a4, -32(s0)
core   0: 3 0x000000008000ff62 (0xfe043703) x14 0x0000000080012062 mem 0x0000000080031f50
core   0: 0x000000008000ff66 (0xfcf76de3) bltu    a4, a5, pc - 38
core   0: 3 0x000000008000ff66 (0xfcf76de3)
core   0: 0x000000008000ff40 (0xfe043783) ld      a5, -32(s0)
core   0: 3 0x000000008000ff40 (0xfe043783) x15 0x0000000080012062 mem 0x0000000080031f50
core   0: 0x000000008000ff44 (0x00178713) addi    a4, a5, 1
core   0: 3 0x000000008000ff44 (0x00178713) x14 0x0000000080012063
core   0: 0x000000008000ff48 (0xfee43023) sd      a4, -32(s0)
core   0: 3 0x000000008000ff48 (0xfee43023) mem 0x0000000080031f50 0x0000000080012063
core   0: 0x000000008000ff4c (0xfc442703) lw      a4, -60(s0)
core   0: 3 0x000000008000ff4c (0xfc442703) x14 0x0000000000000000 mem 0x0000000080031f34
core   0: 0x000000008000ff50 (0x0ff77713) andi    a4, a4, 255
core   0: 3 0x000000008000ff50 (0x0ff77713) x14 0x0000000000000000
core   0: 0x000000008000ff54 (0x00e78023) sb      a4, 0(a5)
core   0: 3 0x000000008000ff54 (0x00e78023) mem 0x0000000080012062 0x00
core   0: 0x000000008000ff58 (0xfc843703) ld      a4, -56(s0)
core   0: 3 0x000000008000ff58 (0xfc843703) x14 0x0000000080012040 mem 0x0000000080031f38
core   0: 0x000000008000ff5c (0xfb843783) ld      a5, -72(s0)
core   0: 3 0x000000008000ff5c (0xfb843783) x15 0x000000000000009c mem 0x0000000080031f28
core   0: 0x000000008000ff60 (0x000097ba) c.add   a5, a4
core   0: 3 0x000000008000ff60 (0x97ba) x15 0x00000000800120dc
core   0: 0x000000008000ff62 (0xfe043703) ld      a4, -32(s0)
core   0: 3 0x000000008000ff62 (0xfe043703) x14 0x0000000080012063 mem 0x0000000080031f50
core   0: 0x000000008000ff66 (0xfcf76de3) bltu    a4, a5, pc - 38
core   0: 3 0x000000008000ff66 (0xfcf76de3)
core   0: 0x000000008000ff40 (0xfe043783) ld      a5, -32(s0)
core   0: 3 0x000000008000ff40 (0xfe043783) x15 0x0000000080012063 mem 0x0000000080031f50
core   0: 0x000000008000ff44 (0x00178713) addi    a4, a5, 1
core   0: 3 0x000000008000ff44 (0x00178713) x14 0x0000000080012064
core   0: 0x000000008000ff48 (0xfee43023) sd      a4, -32(s0)
core   0: 3 0x000000008000ff48 (0xfee43023) mem 0x0000000080031f50 0x0000000080012064
core   0: 0x000000008000ff4c (0xfc442703) lw      a4, -60(s0)
core   0: 3 0x000000008000ff4c (0xfc442703) x14 0x0000000000000000 mem 0x0000000080031f34
core   0: 0x000000008000ff50 (0x0ff77713) andi    a4, a4, 255
core   0: 3 0x000000008000ff50 (0x0ff77713) x14 0x0000000000000000
core   0: 0x000000008000ff54 (0x00e78023) sb      a4, 0(a5)
core   0: 3 0x000000008000ff54 (0x00e78023) mem 0x0000000080012063 0x00
core   0: 0x000000008000ff58 (0xfc843703) ld      a4, -56(s0)
core   0: 3 0x000000008000ff58 (0xfc843703) x14 0x0000000080012040 mem 0x0000000080031f38
core   0: 0x000000008000ff5c (0xfb843783) ld      a5, -72(s0)
core   0: 3 0x000000008000ff5c (0xfb843783) x15 0x000000000000009c mem 0x0000000080031f28
core   0: 0x000000008000ff60 (0x000097ba) c.add   a5, a4
core   0: 3 0x000000008000ff60 (0x97ba) x15 0x00000000800120dc
core   0: 0x000000008000ff62 (0xfe043703) ld      a4, -32(s0)
core   0: 3 0x000000008000ff62 (0xfe043703) x14 0x0000000080012064 mem 0x0000000080031f50
core   0: 0x000000008000ff66 (0xfcf76de3) bltu    a4, a5, pc - 38
core   0: 3 0x000000008000ff66 (0xfcf76de3)
core   0: 0x000000008000ff40 (0xfe043783) ld      a5, -32(s0)
core   0: 3 0x000000008000ff40 (0xfe043783) x15 0x0000000080012064 mem 0x0000000080031f50
core   0: 0x000000008000ff44 (0x00178713) addi    a4, a5, 1
core   0: 3 0x000000008000ff44 (0x00178713) x14 0x0000000080012065
core   0: 0x000000008000ff48 (0xfee43023) sd      a4, -32(s0)
core   0: 3 0x000000008000ff48 (0xfee43023) mem 0x0000000080031f50 0x0000000080012065
core   0: 0x000000008000ff4c (0xfc442703) lw      a4, -60(s0)
core   0: 3 0x000000008000ff4c (0xfc442703) x14 0x0000000000000000 mem 0x0000000080031f34
core   0: 0x000000008000ff50 (0x0ff77713) andi    a4, a4, 255
core   0: 3 0x000000008000ff50 (0x0ff77713) x14 0x0000000000000000
core   0: 0x000000008000ff54 (0x00e78023) sb      a4, 0(a5)
core   0: 3 0x000000008000ff54 (0x00e78023) mem 0x0000000080012064 0x00
core   0: 0x000000008000ff58 (0xfc843703) ld      a4, -56(s0)
core   0: 3 0x000000008000ff58 (0xfc843703) x14 0x0000000080012040 mem 0x0000000080031f38
core   0: 0x000000008000ff5c (0xfb843783) ld      a5, -72(s0)
core   0: 3 0x000000008000ff5c (0xfb843783) x15 0x000000000000009c mem 0x0000000080031f28
core   0: 0x000000008000ff60 (0x000097ba) c.add   a5, a4
core   0: 3 0x000000008000ff60 (0x97ba) x15 0x00000000800120dc
core   0: 0x000000008000ff62 (0xfe043703) ld      a4, -32(s0)
core   0: 3 0x000000008000ff62 (0xfe043703) x14 0x0000000080012065 mem 0x0000000080031f50
core   0: 0x000000008000ff66 (0xfcf76de3) bltu    a4, a5, pc - 38
core   0: 3 0x000000008000ff66 (0xfcf76de3)
core   0: 0x000000008000ff40 (0xfe043783) ld      a5, -32(s0)
core   0: 3 0x000000008000ff40 (0xfe043783) x15 0x0000000080012065 mem 0x0000000080031f50
core   0: 0x000000008000ff44 (0x00178713) addi    a4, a5, 1
core   0: 3 0x000000008000ff44 (0x00178713) x14 0x0000000080012066
core   0: 0x000000008000ff48 (0xfee43023) sd      a4, -32(s0)
core   0: 3 0x000000008000ff48 (0xfee43023) mem 0x0000000080031f50 0x0000000080012066
core   0: 0x000000008000ff4c (0xfc442703) lw      a4, -60(s0)
core   0: 3 0x000000008000ff4c (0xfc442703) x14 0x0000000000000000 mem 0x0000000080031f34
core   0: 0x000000008000ff50 (0x0ff77713) andi    a4, a4, 255
core   0: 3 0x000000008000ff50 (0x0ff77713) x14 0x0000000000000000
core   0: 0x000000008000ff54 (0x00e78023) sb      a4, 0(a5)
core   0: 3 0x000000008000ff54 (0x00e78023) mem 0x0000000080012065 0x00
core   0: 0x000000008000ff58 (0xfc843703) ld      a4, -56(s0)
core   0: 3 0x000000008000ff58 (0xfc843703) x14 0x0000000080012040 mem 0x0000000080031f38
core   0: 0x000000008000ff5c (0xfb843783) ld      a5, -72(s0)
core   0: 3 0x000000008000ff5c (0xfb843783) x15 0x000000000000009c mem 0x0000000080031f28
core   0: 0x000000008000ff60 (0x000097ba) c.add   a5, a4
core   0: 3 0x000000008000ff60 (0x97ba) x15 0x00000000800120dc
core   0: 0x000000008000ff62 (0xfe043703) ld      a4, -32(s0)
core   0: 3 0x000000008000ff62 (0xfe043703) x14 0x0000000080012066 mem 0x0000000080031f50
core   0: 0x000000008000ff66 (0xfcf76de3) bltu    a4, a5, pc - 38
core   0: 3 0x000000008000ff66 (0xfcf76de3)
core   0: 0x000000008000ff40 (0xfe043783) ld      a5, -32(s0)
core   0: 3 0x000000008000ff40 (0xfe043783) x15 0x0000000080012066 mem 0x0000000080031f50
core   0: 0x000000008000ff44 (0x00178713) addi    a4, a5, 1
core   0: 3 0x000000008000ff44 (0x00178713) x14 0x0000000080012067
core   0: 0x000000008000ff48 (0xfee43023) sd      a4, -32(s0)
core   0: 3 0x000000008000ff48 (0xfee43023) mem 0x0000000080031f50 0x0000000080012067
core   0: 0x000000008000ff4c (0xfc442703) lw      a4, -60(s0)
core   0: 3 0x000000008000ff4c (0xfc442703) x14 0x0000000000000000 mem 0x0000000080031f34
core   0: 0x000000008000ff50 (0x0ff77713) andi    a4, a4, 255
core   0: 3 0x000000008000ff50 (0x0ff77713) x14 0x0000000000000000
core   0: 0x000000008000ff54 (0x00e78023) sb      a4, 0(a5)
core   0: 3 0x000000008000ff54 (0x00e78023) mem 0x0000000080012066 0x00
core   0: 0x000000008000ff58 (0xfc843703) ld      a4, -56(s0)
core   0: 3 0x000000008000ff58 (0xfc843703) x14 0x0000000080012040 mem 0x0000000080031f38
core   0: 0x000000008000ff5c (0xfb843783) ld      a5, -72(s0)
core   0: 3 0x000000008000ff5c (0xfb843783) x15 0x000000000000009c mem 0x0000000080031f28
core   0: 0x000000008000ff60 (0x000097ba) c.add   a5, a4
core   0: 3 0x000000008000ff60 (0x97ba) x15 0x00000000800120dc
core   0: 0x000000008000ff62 (0xfe043703) ld      a4, -32(s0)
core   0: 3 0x000000008000ff62 (0xfe043703) x14 0x0000000080012067 mem 0x0000000080031f50
core   0: 0x000000008000ff66 (0xfcf76de3) bltu    a4, a5, pc - 38
core   0: 3 0x000000008000ff66 (0xfcf76de3)
core   0: 0x000000008000ff40 (0xfe043783) ld      a5, -32(s0)
core   0: 3 0x000000008000ff40 (0xfe043783) x15 0x0000000080012067 mem 0x0000000080031f50
core   0: 0x000000008000ff44 (0x00178713) addi    a4, a5, 1
core   0: 3 0x000000008000ff44 (0x00178713) x14 0x0000000080012068
core   0: 0x000000008000ff48 (0xfee43023) sd      a4, -32(s0)
core   0: 3 0x000000008000ff48 (0xfee43023) mem 0x0000000080031f50 0x0000000080012068
core   0: 0x000000008000ff4c (0xfc442703) lw      a4, -60(s0)
core   0: 3 0x000000008000ff4c (0xfc442703) x14 0x0000000000000000 mem 0x0000000080031f34
core   0: 0x000000008000ff50 (0x0ff77713) andi    a4, a4, 255
core   0: 3 0x000000008000ff50 (0x0ff77713) x14 0x0000000000000000
core   0: 0x000000008000ff54 (0x00e78023) sb      a4, 0(a5)
core   0: 3 0x000000008000ff54 (0x00e78023) mem 0x0000000080012067 0x00
core   0: 0x000000008000ff58 (0xfc843703) ld      a4, -56(s0)
core   0: 3 0x000000008000ff58 (0xfc843703) x14 0x0000000080012040 mem 0x0000000080031f38
core   0: 0x000000008000ff5c (0xfb843783) ld      a5, -72(s0)
core   0: 3 0x000000008000ff5c (0xfb843783) x15 0x000000000000009c mem 0x0000000080031f28
core   0: 0x000000008000ff60 (0x000097ba) c.add   a5, a4
core   0: 3 0x000000008000ff60 (0x97ba) x15 0x00000000800120dc
core   0: 0x000000008000ff62 (0xfe043703) ld      a4, -32(s0)
core   0: 3 0x000000008000ff62 (0xfe043703) x14 0x0000000080012068 mem 0x0000000080031f50
core   0: 0x000000008000ff66 (0xfcf76de3) bltu    a4, a5, pc - 38
core   0: 3 0x000000008000ff66 (0xfcf76de3)
core   0: 0x000000008000ff40 (0xfe043783) ld      a5, -32(s0)
core   0: 3 0x000000008000ff40 (0xfe043783) x15 0x0000000080012068 mem 0x0000000080031f50
core   0: 0x000000008000ff44 (0x00178713) addi    a4, a5, 1
core   0: 3 0x000000008000ff44 (0x00178713) x14 0x0000000080012069
core   0: 0x000000008000ff48 (0xfee43023) sd      a4, -32(s0)
core   0: 3 0x000000008000ff48 (0xfee43023) mem 0x0000000080031f50 0x0000000080012069
core   0: 0x000000008000ff4c (0xfc442703) lw      a4, -60(s0)
core   0: 3 0x000000008000ff4c (0xfc442703) x14 0x0000000000000000 mem 0x0000000080031f34
core   0: 0x000000008000ff50 (0x0ff77713) andi    a4, a4, 255
core   0: 3 0x000000008000ff50 (0x0ff77713) x14 0x0000000000000000
core   0: 0x000000008000ff54 (0x00e78023) sb      a4, 0(a5)
core   0: 3 0x000000008000ff54 (0x00e78023) mem 0x0000000080012068 0x00
core   0: 0x000000008000ff58 (0xfc843703) ld      a4, -56(s0)
core   0: 3 0x000000008000ff58 (0xfc843703) x14 0x0000000080012040 mem 0x0000000080031f38
core   0: 0x000000008000ff5c (0xfb843783) ld      a5, -72(s0)
core   0: 3 0x000000008000ff5c (0xfb843783) x15 0x000000000000009c mem 0x0000000080031f28
core   0: 0x000000008000ff60 (0x000097ba) c.add   a5, a4
core   0: 3 0x000000008000ff60 (0x97ba) x15 0x00000000800120dc
core   0: 0x000000008000ff62 (0xfe043703) ld      a4, -32(s0)
core   0: 3 0x000000008000ff62 (0xfe043703) x14 0x0000000080012069 mem 0x0000000080031f50
core   0: 0x000000008000ff66 (0xfcf76de3) bltu    a4, a5, pc - 38
core   0: 3 0x000000008000ff66 (0xfcf76de3)
core   0: 0x000000008000ff40 (0xfe043783) ld      a5, -32(s0)
core   0: 3 0x000000008000ff40 (0xfe043783) x15 0x0000000080012069 mem 0x0000000080031f50
core   0: 0x000000008000ff44 (0x00178713) addi    a4, a5, 1
core   0: 3 0x000000008000ff44 (0x00178713) x14 0x000000008001206a
core   0: 0x000000008000ff48 (0xfee43023) sd      a4, -32(s0)
core   0: 3 0x000000008000ff48 (0xfee43023) mem 0x0000000080031f50 0x000000008001206a
core   0: 0x000000008000ff4c (0xfc442703) lw      a4, -60(s0)
core   0: 3 0x000000008000ff4c (0xfc442703) x14 0x0000000000000000 mem 0x0000000080031f34
core   0: 0x000000008000ff50 (0x0ff77713) andi    a4, a4, 255
core   0: 3 0x000000008000ff50 (0x0ff77713) x14 0x0000000000000000
core   0: 0x000000008000ff54 (0x00e78023) sb      a4, 0(a5)
core   0: 3 0x000000008000ff54 (0x00e78023) mem 0x0000000080012069 0x00
core   0: 0x000000008000ff58 (0xfc843703) ld      a4, -56(s0)
core   0: 3 0x000000008000ff58 (0xfc843703) x14 0x0000000080012040 mem 0x0000000080031f38
core   0: 0x000000008000ff5c (0xfb843783) ld      a5, -72(s0)
core   0: 3 0x000000008000ff5c (0xfb843783) x15 0x000000000000009c mem 0x0000000080031f28
core   0: 0x000000008000ff60 (0x000097ba) c.add   a5, a4
core   0: 3 0x000000008000ff60 (0x97ba) x15 0x00000000800120dc
core   0: 0x000000008000ff62 (0xfe043703) ld      a4, -32(s0)
core   0: 3 0x000000008000ff62 (0xfe043703) x14 0x000000008001206a mem 0x0000000080031f50
core   0: 0x000000008000ff66 (0xfcf76de3) bltu    a4, a5, pc - 38
core   0: 3 0x000000008000ff66 (0xfcf76de3)
core   0: 0x000000008000ff40 (0xfe043783) ld      a5, -32(s0)
core   0: 3 0x000000008000ff40 (0xfe043783) x15 0x000000008001206a mem 0x0000000080031f50
core   0: 0x000000008000ff44 (0x00178713) addi    a4, a5, 1
core   0: 3 0x000000008000ff44 (0x00178713) x14 0x000000008001206b
core   0: 0x000000008000ff48 (0xfee43023) sd      a4, -32(s0)
core   0: 3 0x000000008000ff48 (0xfee43023) mem 0x0000000080031f50 0x000000008001206b
core   0: 0x000000008000ff4c (0xfc442703) lw      a4, -60(s0)
core   0: 3 0x000000008000ff4c (0xfc442703) x14 0x0000000000000000 mem 0x0000000080031f34
core   0: 0x000000008000ff50 (0x0ff77713) andi    a4, a4, 255
core   0: 3 0x000000008000ff50 (0x0ff77713) x14 0x0000000000000000
core   0: 0x000000008000ff54 (0x00e78023) sb      a4, 0(a5)
core   0: 3 0x000000008000ff54 (0x00e78023) mem 0x000000008001206a 0x00
core   0: 0x000000008000ff58 (0xfc843703) ld      a4, -56(s0)
core   0: 3 0x000000008000ff58 (0xfc843703) x14 0x0000000080012040 mem 0x0000000080031f38
core   0: 0x000000008000ff5c (0xfb843783) ld      a5, -72(s0)
core   0: 3 0x000000008000ff5c (0xfb843783) x15 0x000000000000009c mem 0x0000000080031f28
core   0: 0x000000008000ff60 (0x000097ba) c.add   a5, a4
core   0: 3 0x000000008000ff60 (0x97ba) x15 0x00000000800120dc
core   0: 0x000000008000ff62 (0xfe043703) ld      a4, -32(s0)
core   0: 3 0x000000008000ff62 (0xfe043703) x14 0x000000008001206b mem 0x0000000080031f50
core   0: 0x000000008000ff66 (0xfcf76de3) bltu    a4, a5, pc - 38
core   0: 3 0x000000008000ff66 (0xfcf76de3)
core   0: 0x000000008000ff40 (0xfe043783) ld      a5, -32(s0)
core   0: 3 0x000000008000ff40 (0xfe043783) x15 0x000000008001206b mem 0x0000000080031f50
core   0: 0x000000008000ff44 (0x00178713) addi    a4, a5, 1
core   0: 3 0x000000008000ff44 (0x00178713) x14 0x000000008001206c
core   0: 0x000000008000ff48 (0xfee43023) sd      a4, -32(s0)
core   0: 3 0x000000008000ff48 (0xfee43023) mem 0x0000000080031f50 0x000000008001206c
core   0: 0x000000008000ff4c (0xfc442703) lw      a4, -60(s0)
core   0: 3 0x000000008000ff4c (0xfc442703) x14 0x0000000000000000 mem 0x0000000080031f34
core   0: 0x000000008000ff50 (0x0ff77713) andi    a4, a4, 255
core   0: 3 0x000000008000ff50 (0x0ff77713) x14 0x0000000000000000
core   0: 0x000000008000ff54 (0x00e78023) sb      a4, 0(a5)
core   0: 3 0x000000008000ff54 (0x00e78023) mem 0x000000008001206b 0x00
core   0: 0x000000008000ff58 (0xfc843703) ld      a4, -56(s0)
core   0: 3 0x000000008000ff58 (0xfc843703) x14 0x0000000080012040 mem 0x0000000080031f38
core   0: 0x000000008000ff5c (0xfb843783) ld      a5, -72(s0)
core   0: 3 0x000000008000ff5c (0xfb843783) x15 0x000000000000009c mem 0x0000000080031f28
core   0: 0x000000008000ff60 (0x000097ba) c.add   a5, a4
core   0: 3 0x000000008000ff60 (0x97ba) x15 0x00000000800120dc
core   0: 0x000000008000ff62 (0xfe043703) ld      a4, -32(s0)
core   0: 3 0x000000008000ff62 (0xfe043703) x14 0x000000008001206c mem 0x0000000080031f50
core   0: 0x000000008000ff66 (0xfcf76de3) bltu    a4, a5, pc - 38
core   0: 3 0x000000008000ff66 (0xfcf76de3)
core   0: 0x000000008000ff40 (0xfe043783) ld      a5, -32(s0)
core   0: 3 0x000000008000ff40 (0xfe043783) x15 0x000000008001206c mem 0x0000000080031f50
core   0: 0x000000008000ff44 (0x00178713) addi    a4, a5, 1
core   0: 3 0x000000008000ff44 (0x00178713) x14 0x000000008001206d
core   0: 0x000000008000ff48 (0xfee43023) sd      a4, -32(s0)
core   0: 3 0x000000008000ff48 (0xfee43023) mem 0x0000000080031f50 0x000000008001206d
core   0: 0x000000008000ff4c (0xfc442703) lw      a4, -60(s0)
core   0: 3 0x000000008000ff4c (0xfc442703) x14 0x0000000000000000 mem 0x0000000080031f34
core   0: 0x000000008000ff50 (0x0ff77713) andi    a4, a4, 255
core   0: 3 0x000000008000ff50 (0x0ff77713) x14 0x0000000000000000
core   0: 0x000000008000ff54 (0x00e78023) sb      a4, 0(a5)
core   0: 3 0x000000008000ff54 (0x00e78023) mem 0x000000008001206c 0x00
core   0: 0x000000008000ff58 (0xfc843703) ld      a4, -56(s0)
core   0: 3 0x000000008000ff58 (0xfc843703) x14 0x0000000080012040 mem 0x0000000080031f38
core   0: 0x000000008000ff5c (0xfb843783) ld      a5, -72(s0)
core   0: 3 0x000000008000ff5c (0xfb843783) x15 0x000000000000009c mem 0x0000000080031f28
core   0: 0x000000008000ff60 (0x000097ba) c.add   a5, a4
core   0: 3 0x000000008000ff60 (0x97ba) x15 0x00000000800120dc
core   0: 0x000000008000ff62 (0xfe043703) ld      a4, -32(s0)
core   0: 3 0x000000008000ff62 (0xfe043703) x14 0x000000008001206d mem 0x0000000080031f50
core   0: 0x000000008000ff66 (0xfcf76de3) bltu    a4, a5, pc - 38
core   0: 3 0x000000008000ff66 (0xfcf76de3)
core   0: 0x000000008000ff40 (0xfe043783) ld      a5, -32(s0)
core   0: 3 0x000000008000ff40 (0xfe043783) x15 0x000000008001206d mem 0x0000000080031f50
core   0: 0x000000008000ff44 (0x00178713) addi    a4, a5, 1
core   0: 3 0x000000008000ff44 (0x00178713) x14 0x000000008001206e
core   0: 0x000000008000ff48 (0xfee43023) sd      a4, -32(s0)
core   0: 3 0x000000008000ff48 (0xfee43023) mem 0x0000000080031f50 0x000000008001206e
core   0: 0x000000008000ff4c (0xfc442703) lw      a4, -60(s0)
core   0: 3 0x000000008000ff4c (0xfc442703) x14 0x0000000000000000 mem 0x0000000080031f34
core   0: 0x000000008000ff50 (0x0ff77713) andi    a4, a4, 255
core   0: 3 0x000000008000ff50 (0x0ff77713) x14 0x0000000000000000
core   0: 0x000000008000ff54 (0x00e78023) sb      a4, 0(a5)
core   0: 3 0x000000008000ff54 (0x00e78023) mem 0x000000008001206d 0x00
core   0: 0x000000008000ff58 (0xfc843703) ld      a4, -56(s0)
core   0: 3 0x000000008000ff58 (0xfc843703) x14 0x0000000080012040 mem 0x0000000080031f38
core   0: 0x000000008000ff5c (0xfb843783) ld      a5, -72(s0)
core   0: 3 0x000000008000ff5c (0xfb843783) x15 0x000000000000009c mem 0x0000000080031f28
core   0: 0x000000008000ff60 (0x000097ba) c.add   a5, a4
core   0: 3 0x000000008000ff60 (0x97ba) x15 0x00000000800120dc
core   0: 0x000000008000ff62 (0xfe043703) ld      a4, -32(s0)
core   0: 3 0x000000008000ff62 (0xfe043703) x14 0x000000008001206e mem 0x0000000080031f50
core   0: 0x000000008000ff66 (0xfcf76de3) bltu    a4, a5, pc - 38
core   0: 3 0x000000008000ff66 (0xfcf76de3)
core   0: 0x000000008000ff40 (0xfe043783) ld      a5, -32(s0)
core   0: 3 0x000000008000ff40 (0xfe043783) x15 0x000000008001206e mem 0x0000000080031f50
core   0: 0x000000008000ff44 (0x00178713) addi    a4, a5, 1
core   0: 3 0x000000008000ff44 (0x00178713) x14 0x000000008001206f
core   0: 0x000000008000ff48 (0xfee43023) sd      a4, -32(s0)
core   0: 3 0x000000008000ff48 (0xfee43023) mem 0x0000000080031f50 0x000000008001206f
core   0: 0x000000008000ff4c (0xfc442703) lw      a4, -60(s0)
core   0: 3 0x000000008000ff4c (0xfc442703) x14 0x0000000000000000 mem 0x0000000080031f34
core   0: 0x000000008000ff50 (0x0ff77713) andi    a4, a4, 255
core   0: 3 0x000000008000ff50 (0x0ff77713) x14 0x0000000000000000
core   0: 0x000000008000ff54 (0x00e78023) sb      a4, 0(a5)
core   0: 3 0x000000008000ff54 (0x00e78023) mem 0x000000008001206e 0x00
core   0: 0x000000008000ff58 (0xfc843703) ld      a4, -56(s0)
core   0: 3 0x000000008000ff58 (0xfc843703) x14 0x0000000080012040 mem 0x0000000080031f38
core   0: 0x000000008000ff5c (0xfb843783) ld      a5, -72(s0)
core   0: 3 0x000000008000ff5c (0xfb843783) x15 0x000000000000009c mem 0x0000000080031f28
core   0: 0x000000008000ff60 (0x000097ba) c.add   a5, a4
core   0: 3 0x000000008000ff60 (0x97ba) x15 0x00000000800120dc
core   0: 0x000000008000ff62 (0xfe043703) ld      a4, -32(s0)
core   0: 3 0x000000008000ff62 (0xfe043703) x14 0x000000008001206f mem 0x0000000080031f50
core   0: 0x000000008000ff66 (0xfcf76de3) bltu    a4, a5, pc - 38
core   0: 3 0x000000008000ff66 (0xfcf76de3)
core   0: 0x000000008000ff40 (0xfe043783) ld      a5, -32(s0)
core   0: 3 0x000000008000ff40 (0xfe043783) x15 0x000000008001206f mem 0x0000000080031f50
core   0: 0x000000008000ff44 (0x00178713) addi    a4, a5, 1
core   0: 3 0x000000008000ff44 (0x00178713) x14 0x0000000080012070
core   0: 0x000000008000ff48 (0xfee43023) sd      a4, -32(s0)
core   0: 3 0x000000008000ff48 (0xfee43023) mem 0x0000000080031f50 0x0000000080012070
core   0: 0x000000008000ff4c (0xfc442703) lw      a4, -60(s0)
core   0: 3 0x000000008000ff4c (0xfc442703) x14 0x0000000000000000 mem 0x0000000080031f34
core   0: 0x000000008000ff50 (0x0ff77713) andi    a4, a4, 255
core   0: 3 0x000000008000ff50 (0x0ff77713) x14 0x0000000000000000
core   0: 0x000000008000ff54 (0x00e78023) sb      a4, 0(a5)
core   0: 3 0x000000008000ff54 (0x00e78023) mem 0x000000008001206f 0x00
core   0: 0x000000008000ff58 (0xfc843703) ld      a4, -56(s0)
core   0: 3 0x000000008000ff58 (0xfc843703) x14 0x0000000080012040 mem 0x0000000080031f38
core   0: 0x000000008000ff5c (0xfb843783) ld      a5, -72(s0)
core   0: 3 0x000000008000ff5c (0xfb843783) x15 0x000000000000009c mem 0x0000000080031f28
core   0: 0x000000008000ff60 (0x000097ba) c.add   a5, a4
core   0: 3 0x000000008000ff60 (0x97ba) x15 0x00000000800120dc
core   0: 0x000000008000ff62 (0xfe043703) ld      a4, -32(s0)
core   0: 3 0x000000008000ff62 (0xfe043703) x14 0x0000000080012070 mem 0x0000000080031f50
core   0: 0x000000008000ff66 (0xfcf76de3) bltu    a4, a5, pc - 38
core   0: 3 0x000000008000ff66 (0xfcf76de3)
core   0: 0x000000008000ff40 (0xfe043783) ld      a5, -32(s0)
core   0: 3 0x000000008000ff40 (0xfe043783) x15 0x0000000080012070 mem 0x0000000080031f50
core   0: 0x000000008000ff44 (0x00178713) addi    a4, a5, 1
core   0: 3 0x000000008000ff44 (0x00178713) x14 0x0000000080012071
core   0: 0x000000008000ff48 (0xfee43023) sd      a4, -32(s0)
core   0: 3 0x000000008000ff48 (0xfee43023) mem 0x0000000080031f50 0x0000000080012071
core   0: 0x000000008000ff4c (0xfc442703) lw      a4, -60(s0)
core   0: 3 0x000000008000ff4c (0xfc442703) x14 0x0000000000000000 mem 0x0000000080031f34
core   0: 0x000000008000ff50 (0x0ff77713) andi    a4, a4, 255
core   0: 3 0x000000008000ff50 (0x0ff77713) x14 0x0000000000000000
core   0: 0x000000008000ff54 (0x00e78023) sb      a4, 0(a5)
core   0: 3 0x000000008000ff54 (0x00e78023) mem 0x0000000080012070 0x00
core   0: 0x000000008000ff58 (0xfc843703) ld      a4, -56(s0)
core   0: 3 0x000000008000ff58 (0xfc843703) x14 0x0000000080012040 mem 0x0000000080031f38
core   0: 0x000000008000ff5c (0xfb843783) ld      a5, -72(s0)
core   0: 3 0x000000008000ff5c (0xfb843783) x15 0x000000000000009c mem 0x0000000080031f28
core   0: 0x000000008000ff60 (0x000097ba) c.add   a5, a4
core   0: 3 0x000000008000ff60 (0x97ba) x15 0x00000000800120dc
core   0: 0x000000008000ff62 (0xfe043703) ld      a4, -32(s0)
core   0: 3 0x000000008000ff62 (0xfe043703) x14 0x0000000080012071 mem 0x0000000080031f50
core   0: 0x000000008000ff66 (0xfcf76de3) bltu    a4, a5, pc - 38
core   0: 3 0x000000008000ff66 (0xfcf76de3)
core   0: 0x000000008000ff40 (0xfe043783) ld      a5, -32(s0)
core   0: 3 0x000000008000ff40 (0xfe043783) x15 0x0000000080012071 mem 0x0000000080031f50
core   0: 0x000000008000ff44 (0x00178713) addi    a4, a5, 1
core   0: 3 0x000000008000ff44 (0x00178713) x14 0x0000000080012072
core   0: 0x000000008000ff48 (0xfee43023) sd      a4, -32(s0)
core   0: 3 0x000000008000ff48 (0xfee43023) mem 0x0000000080031f50 0x0000000080012072
core   0: 0x000000008000ff4c (0xfc442703) lw      a4, -60(s0)
core   0: 3 0x000000008000ff4c (0xfc442703) x14 0x0000000000000000 mem 0x0000000080031f34
core   0: 0x000000008000ff50 (0x0ff77713) andi    a4, a4, 255
core   0: 3 0x000000008000ff50 (0x0ff77713) x14 0x0000000000000000
core   0: 0x000000008000ff54 (0x00e78023) sb      a4, 0(a5)
core   0: 3 0x000000008000ff54 (0x00e78023) mem 0x0000000080012071 0x00
core   0: 0x000000008000ff58 (0xfc843703) ld      a4, -56(s0)
core   0: 3 0x000000008000ff58 (0xfc843703) x14 0x0000000080012040 mem 0x0000000080031f38
core   0: 0x000000008000ff5c (0xfb843783) ld      a5, -72(s0)
core   0: 3 0x000000008000ff5c (0xfb843783) x15 0x000000000000009c mem 0x0000000080031f28
core   0: 0x000000008000ff60 (0x000097ba) c.add   a5, a4
core   0: 3 0x000000008000ff60 (0x97ba) x15 0x00000000800120dc
core   0: 0x000000008000ff62 (0xfe043703) ld      a4, -32(s0)
core   0: 3 0x000000008000ff62 (0xfe043703) x14 0x0000000080012072 mem 0x0000000080031f50
core   0: 0x000000008000ff66 (0xfcf76de3) bltu    a4, a5, pc - 38
core   0: 3 0x000000008000ff66 (0xfcf76de3)
core   0: 0x000000008000ff40 (0xfe043783) ld      a5, -32(s0)
core   0: 3 0x000000008000ff40 (0xfe043783) x15 0x0000000080012072 mem 0x0000000080031f50
core   0: 0x000000008000ff44 (0x00178713) addi    a4, a5, 1
core   0: 3 0x000000008000ff44 (0x00178713) x14 0x0000000080012073
core   0: 0x000000008000ff48 (0xfee43023) sd      a4, -32(s0)
core   0: 3 0x000000008000ff48 (0xfee43023) mem 0x0000000080031f50 0x0000000080012073
core   0: 0x000000008000ff4c (0xfc442703) lw      a4, -60(s0)
core   0: 3 0x000000008000ff4c (0xfc442703) x14 0x0000000000000000 mem 0x0000000080031f34
core   0: 0x000000008000ff50 (0x0ff77713) andi    a4, a4, 255
core   0: 3 0x000000008000ff50 (0x0ff77713) x14 0x0000000000000000
core   0: 0x000000008000ff54 (0x00e78023) sb      a4, 0(a5)
core   0: 3 0x000000008000ff54 (0x00e78023) mem 0x0000000080012072 0x00
core   0: 0x000000008000ff58 (0xfc843703) ld      a4, -56(s0)
core   0: 3 0x000000008000ff58 (0xfc843703) x14 0x0000000080012040 mem 0x0000000080031f38
core   0: 0x000000008000ff5c (0xfb843783) ld      a5, -72(s0)
core   0: 3 0x000000008000ff5c (0xfb843783) x15 0x000000000000009c mem 0x0000000080031f28
core   0: 0x000000008000ff60 (0x000097ba) c.add   a5, a4
core   0: 3 0x000000008000ff60 (0x97ba) x15 0x00000000800120dc
core   0: 0x000000008000ff62 (0xfe043703) ld      a4, -32(s0)
core   0: 3 0x000000008000ff62 (0xfe043703) x14 0x0000000080012073 mem 0x0000000080031f50
core   0: 0x000000008000ff66 (0xfcf76de3) bltu    a4, a5, pc - 38
core   0: 3 0x000000008000ff66 (0xfcf76de3)
core   0: 0x000000008000ff40 (0xfe043783) ld      a5, -32(s0)
core   0: 3 0x000000008000ff40 (0xfe043783) x15 0x0000000080012073 mem 0x0000000080031f50
core   0: 0x000000008000ff44 (0x00178713) addi    a4, a5, 1
core   0: 3 0x000000008000ff44 (0x00178713) x14 0x0000000080012074
core   0: 0x000000008000ff48 (0xfee43023) sd      a4, -32(s0)
core   0: 3 0x000000008000ff48 (0xfee43023) mem 0x0000000080031f50 0x0000000080012074
core   0: 0x000000008000ff4c (0xfc442703) lw      a4, -60(s0)
core   0: 3 0x000000008000ff4c (0xfc442703) x14 0x0000000000000000 mem 0x0000000080031f34
core   0: 0x000000008000ff50 (0x0ff77713) andi    a4, a4, 255
core   0: 3 0x000000008000ff50 (0x0ff77713) x14 0x0000000000000000
core   0: 0x000000008000ff54 (0x00e78023) sb      a4, 0(a5)
core   0: 3 0x000000008000ff54 (0x00e78023) mem 0x0000000080012073 0x00
core   0: 0x000000008000ff58 (0xfc843703) ld      a4, -56(s0)
core   0: 3 0x000000008000ff58 (0xfc843703) x14 0x0000000080012040 mem 0x0000000080031f38
core   0: 0x000000008000ff5c (0xfb843783) ld      a5, -72(s0)
core   0: 3 0x000000008000ff5c (0xfb843783) x15 0x000000000000009c mem 0x0000000080031f28
core   0: 0x000000008000ff60 (0x000097ba) c.add   a5, a4
core   0: 3 0x000000008000ff60 (0x97ba) x15 0x00000000800120dc
core   0: 0x000000008000ff62 (0xfe043703) ld      a4, -32(s0)
core   0: 3 0x000000008000ff62 (0xfe043703) x14 0x0000000080012074 mem 0x0000000080031f50
core   0: 0x000000008000ff66 (0xfcf76de3) bltu    a4, a5, pc - 38
core   0: 3 0x000000008000ff66 (0xfcf76de3)
core   0: 0x000000008000ff40 (0xfe043783) ld      a5, -32(s0)
core   0: 3 0x000000008000ff40 (0xfe043783) x15 0x0000000080012074 mem 0x0000000080031f50
core   0: 0x000000008000ff44 (0x00178713) addi    a4, a5, 1
core   0: 3 0x000000008000ff44 (0x00178713) x14 0x0000000080012075
core   0: 0x000000008000ff48 (0xfee43023) sd      a4, -32(s0)
core   0: 3 0x000000008000ff48 (0xfee43023) mem 0x0000000080031f50 0x0000000080012075
core   0: 0x000000008000ff4c (0xfc442703) lw      a4, -60(s0)
core   0: 3 0x000000008000ff4c (0xfc442703) x14 0x0000000000000000 mem 0x0000000080031f34
core   0: 0x000000008000ff50 (0x0ff77713) andi    a4, a4, 255
core   0: 3 0x000000008000ff50 (0x0ff77713) x14 0x0000000000000000
core   0: 0x000000008000ff54 (0x00e78023) sb      a4, 0(a5)
core   0: 3 0x000000008000ff54 (0x00e78023) mem 0x0000000080012074 0x00
core   0: 0x000000008000ff58 (0xfc843703) ld      a4, -56(s0)
core   0: 3 0x000000008000ff58 (0xfc843703) x14 0x0000000080012040 mem 0x0000000080031f38
core   0: 0x000000008000ff5c (0xfb843783) ld      a5, -72(s0)
core   0: 3 0x000000008000ff5c (0xfb843783) x15 0x000000000000009c mem 0x0000000080031f28
core   0: 0x000000008000ff60 (0x000097ba) c.add   a5, a4
core   0: 3 0x000000008000ff60 (0x97ba) x15 0x00000000800120dc
core   0: 0x000000008000ff62 (0xfe043703) ld      a4, -32(s0)
core   0: 3 0x000000008000ff62 (0xfe043703) x14 0x0000000080012075 mem 0x0000000080031f50
core   0: 0x000000008000ff66 (0xfcf76de3) bltu    a4, a5, pc - 38
core   0: 3 0x000000008000ff66 (0xfcf76de3)
core   0: 0x000000008000ff40 (0xfe043783) ld      a5, -32(s0)
core   0: 3 0x000000008000ff40 (0xfe043783) x15 0x0000000080012075 mem 0x0000000080031f50
core   0: 0x000000008000ff44 (0x00178713) addi    a4, a5, 1
core   0: 3 0x000000008000ff44 (0x00178713) x14 0x0000000080012076
core   0: 0x000000008000ff48 (0xfee43023) sd      a4, -32(s0)
core   0: 3 0x000000008000ff48 (0xfee43023) mem 0x0000000080031f50 0x0000000080012076
core   0: 0x000000008000ff4c (0xfc442703) lw      a4, -60(s0)
core   0: 3 0x000000008000ff4c (0xfc442703) x14 0x0000000000000000 mem 0x0000000080031f34
core   0: 0x000000008000ff50 (0x0ff77713) andi    a4, a4, 255
core   0: 3 0x000000008000ff50 (0x0ff77713) x14 0x0000000000000000
core   0: 0x000000008000ff54 (0x00e78023) sb      a4, 0(a5)
core   0: 3 0x000000008000ff54 (0x00e78023) mem 0x0000000080012075 0x00
core   0: 0x000000008000ff58 (0xfc843703) ld      a4, -56(s0)
core   0: 3 0x000000008000ff58 (0xfc843703) x14 0x0000000080012040 mem 0x0000000080031f38
core   0: 0x000000008000ff5c (0xfb843783) ld      a5, -72(s0)
core   0: 3 0x000000008000ff5c (0xfb843783) x15 0x000000000000009c mem 0x0000000080031f28
core   0: 0x000000008000ff60 (0x000097ba) c.add   a5, a4
core   0: 3 0x000000008000ff60 (0x97ba) x15 0x00000000800120dc
core   0: 0x000000008000ff62 (0xfe043703) ld      a4, -32(s0)
core   0: 3 0x000000008000ff62 (0xfe043703) x14 0x0000000080012076 mem 0x0000000080031f50
core   0: 0x000000008000ff66 (0xfcf76de3) bltu    a4, a5, pc - 38
core   0: 3 0x000000008000ff66 (0xfcf76de3)
core   0: 0x000000008000ff40 (0xfe043783) ld      a5, -32(s0)
core   0: 3 0x000000008000ff40 (0xfe043783) x15 0x0000000080012076 mem 0x0000000080031f50
core   0: 0x000000008000ff44 (0x00178713) addi    a4, a5, 1
core   0: 3 0x000000008000ff44 (0x00178713) x14 0x0000000080012077
core   0: 0x000000008000ff48 (0xfee43023) sd      a4, -32(s0)
core   0: 3 0x000000008000ff48 (0xfee43023) mem 0x0000000080031f50 0x0000000080012077
core   0: 0x000000008000ff4c (0xfc442703) lw      a4, -60(s0)
core   0: 3 0x000000008000ff4c (0xfc442703) x14 0x0000000000000000 mem 0x0000000080031f34
core   0: 0x000000008000ff50 (0x0ff77713) andi    a4, a4, 255
core   0: 3 0x000000008000ff50 (0x0ff77713) x14 0x0000000000000000
core   0: 0x000000008000ff54 (0x00e78023) sb      a4, 0(a5)
core   0: 3 0x000000008000ff54 (0x00e78023) mem 0x0000000080012076 0x00
core   0: 0x000000008000ff58 (0xfc843703) ld      a4, -56(s0)
core   0: 3 0x000000008000ff58 (0xfc843703) x14 0x0000000080012040 mem 0x0000000080031f38
core   0: 0x000000008000ff5c (0xfb843783) ld      a5, -72(s0)
core   0: 3 0x000000008000ff5c (0xfb843783) x15 0x000000000000009c mem 0x0000000080031f28
core   0: 0x000000008000ff60 (0x000097ba) c.add   a5, a4
core   0: 3 0x000000008000ff60 (0x97ba) x15 0x00000000800120dc
core   0: 0x000000008000ff62 (0xfe043703) ld      a4, -32(s0)
core   0: 3 0x000000008000ff62 (0xfe043703) x14 0x0000000080012077 mem 0x0000000080031f50
core   0: 0x000000008000ff66 (0xfcf76de3) bltu    a4, a5, pc - 38
core   0: 3 0x000000008000ff66 (0xfcf76de3)
core   0: 0x000000008000ff40 (0xfe043783) ld      a5, -32(s0)
core   0: 3 0x000000008000ff40 (0xfe043783) x15 0x0000000080012077 mem 0x0000000080031f50
core   0: 0x000000008000ff44 (0x00178713) addi    a4, a5, 1
core   0: 3 0x000000008000ff44 (0x00178713) x14 0x0000000080012078
core   0: 0x000000008000ff48 (0xfee43023) sd      a4, -32(s0)
core   0: 3 0x000000008000ff48 (0xfee43023) mem 0x0000000080031f50 0x0000000080012078
core   0: 0x000000008000ff4c (0xfc442703) lw      a4, -60(s0)
core   0: 3 0x000000008000ff4c (0xfc442703) x14 0x0000000000000000 mem 0x0000000080031f34
core   0: 0x000000008000ff50 (0x0ff77713) andi    a4, a4, 255
core   0: 3 0x000000008000ff50 (0x0ff77713) x14 0x0000000000000000
core   0: 0x000000008000ff54 (0x00e78023) sb      a4, 0(a5)
core   0: 3 0x000000008000ff54 (0x00e78023) mem 0x0000000080012077 0x00
core   0: 0x000000008000ff58 (0xfc843703) ld      a4, -56(s0)
core   0: 3 0x000000008000ff58 (0xfc843703) x14 0x0000000080012040 mem 0x0000000080031f38
core   0: 0x000000008000ff5c (0xfb843783) ld      a5, -72(s0)
core   0: 3 0x000000008000ff5c (0xfb843783) x15 0x000000000000009c mem 0x0000000080031f28
core   0: 0x000000008000ff60 (0x000097ba) c.add   a5, a4
core   0: 3 0x000000008000ff60 (0x97ba) x15 0x00000000800120dc
core   0: 0x000000008000ff62 (0xfe043703) ld      a4, -32(s0)
core   0: 3 0x000000008000ff62 (0xfe043703) x14 0x0000000080012078 mem 0x0000000080031f50
core   0: 0x000000008000ff66 (0xfcf76de3) bltu    a4, a5, pc - 38
core   0: 3 0x000000008000ff66 (0xfcf76de3)
core   0: 0x000000008000ff40 (0xfe043783) ld      a5, -32(s0)
core   0: 3 0x000000008000ff40 (0xfe043783) x15 0x0000000080012078 mem 0x0000000080031f50
core   0: 0x000000008000ff44 (0x00178713) addi    a4, a5, 1
core   0: 3 0x000000008000ff44 (0x00178713) x14 0x0000000080012079
core   0: 0x000000008000ff48 (0xfee43023) sd      a4, -32(s0)
core   0: 3 0x000000008000ff48 (0xfee43023) mem 0x0000000080031f50 0x0000000080012079
core   0: 0x000000008000ff4c (0xfc442703) lw      a4, -60(s0)
core   0: 3 0x000000008000ff4c (0xfc442703) x14 0x0000000000000000 mem 0x0000000080031f34
core   0: 0x000000008000ff50 (0x0ff77713) andi    a4, a4, 255
core   0: 3 0x000000008000ff50 (0x0ff77713) x14 0x0000000000000000
core   0: 0x000000008000ff54 (0x00e78023) sb      a4, 0(a5)
core   0: 3 0x000000008000ff54 (0x00e78023) mem 0x0000000080012078 0x00
core   0: 0x000000008000ff58 (0xfc843703) ld      a4, -56(s0)
core   0: 3 0x000000008000ff58 (0xfc843703) x14 0x0000000080012040 mem 0x0000000080031f38
core   0: 0x000000008000ff5c (0xfb843783) ld      a5, -72(s0)
core   0: 3 0x000000008000ff5c (0xfb843783) x15 0x000000000000009c mem 0x0000000080031f28
core   0: 0x000000008000ff60 (0x000097ba) c.add   a5, a4
core   0: 3 0x000000008000ff60 (0x97ba) x15 0x00000000800120dc
core   0: 0x000000008000ff62 (0xfe043703) ld      a4, -32(s0)
core   0: 3 0x000000008000ff62 (0xfe043703) x14 0x0000000080012079 mem 0x0000000080031f50
core   0: 0x000000008000ff66 (0xfcf76de3) bltu    a4, a5, pc - 38
core   0: 3 0x000000008000ff66 (0xfcf76de3)
core   0: 0x000000008000ff40 (0xfe043783) ld      a5, -32(s0)
core   0: 3 0x000000008000ff40 (0xfe043783) x15 0x0000000080012079 mem 0x0000000080031f50
core   0: 0x000000008000ff44 (0x00178713) addi    a4, a5, 1
core   0: 3 0x000000008000ff44 (0x00178713) x14 0x000000008001207a
core   0: 0x000000008000ff48 (0xfee43023) sd      a4, -32(s0)
core   0: 3 0x000000008000ff48 (0xfee43023) mem 0x0000000080031f50 0x000000008001207a
core   0: 0x000000008000ff4c (0xfc442703) lw      a4, -60(s0)
core   0: 3 0x000000008000ff4c (0xfc442703) x14 0x0000000000000000 mem 0x0000000080031f34
core   0: 0x000000008000ff50 (0x0ff77713) andi    a4, a4, 255
core   0: 3 0x000000008000ff50 (0x0ff77713) x14 0x0000000000000000
core   0: 0x000000008000ff54 (0x00e78023) sb      a4, 0(a5)
core   0: 3 0x000000008000ff54 (0x00e78023) mem 0x0000000080012079 0x00
core   0: 0x000000008000ff58 (0xfc843703) ld      a4, -56(s0)
core   0: 3 0x000000008000ff58 (0xfc843703) x14 0x0000000080012040 mem 0x0000000080031f38
core   0: 0x000000008000ff5c (0xfb843783) ld      a5, -72(s0)
core   0: 3 0x000000008000ff5c (0xfb843783) x15 0x000000000000009c mem 0x0000000080031f28
core   0: 0x000000008000ff60 (0x000097ba) c.add   a5, a4
core   0: 3 0x000000008000ff60 (0x97ba) x15 0x00000000800120dc
core   0: 0x000000008000ff62 (0xfe043703) ld      a4, -32(s0)
core   0: 3 0x000000008000ff62 (0xfe043703) x14 0x000000008001207a mem 0x0000000080031f50
core   0: 0x000000008000ff66 (0xfcf76de3) bltu    a4, a5, pc - 38
core   0: 3 0x000000008000ff66 (0xfcf76de3)
core   0: 0x000000008000ff40 (0xfe043783) ld      a5, -32(s0)
core   0: 3 0x000000008000ff40 (0xfe043783) x15 0x000000008001207a mem 0x0000000080031f50
core   0: 0x000000008000ff44 (0x00178713) addi    a4, a5, 1
core   0: 3 0x000000008000ff44 (0x00178713) x14 0x000000008001207b
core   0: 0x000000008000ff48 (0xfee43023) sd      a4, -32(s0)
core   0: 3 0x000000008000ff48 (0xfee43023) mem 0x0000000080031f50 0x000000008001207b
core   0: 0x000000008000ff4c (0xfc442703) lw      a4, -60(s0)
core   0: 3 0x000000008000ff4c (0xfc442703) x14 0x0000000000000000 mem 0x0000000080031f34
core   0: 0x000000008000ff50 (0x0ff77713) andi    a4, a4, 255
core   0: 3 0x000000008000ff50 (0x0ff77713) x14 0x0000000000000000
core   0: 0x000000008000ff54 (0x00e78023) sb      a4, 0(a5)
core   0: 3 0x000000008000ff54 (0x00e78023) mem 0x000000008001207a 0x00
core   0: 0x000000008000ff58 (0xfc843703) ld      a4, -56(s0)
core   0: 3 0x000000008000ff58 (0xfc843703) x14 0x0000000080012040 mem 0x0000000080031f38
core   0: 0x000000008000ff5c (0xfb843783) ld      a5, -72(s0)
core   0: 3 0x000000008000ff5c (0xfb843783) x15 0x000000000000009c mem 0x0000000080031f28
core   0: 0x000000008000ff60 (0x000097ba) c.add   a5, a4
core   0: 3 0x000000008000ff60 (0x97ba) x15 0x00000000800120dc
core   0: 0x000000008000ff62 (0xfe043703) ld      a4, -32(s0)
core   0: 3 0x000000008000ff62 (0xfe043703) x14 0x000000008001207b mem 0x0000000080031f50
core   0: 0x000000008000ff66 (0xfcf76de3) bltu    a4, a5, pc - 38
core   0: 3 0x000000008000ff66 (0xfcf76de3)
core   0: 0x000000008000ff40 (0xfe043783) ld      a5, -32(s0)
core   0: 3 0x000000008000ff40 (0xfe043783) x15 0x000000008001207b mem 0x0000000080031f50
core   0: 0x000000008000ff44 (0x00178713) addi    a4, a5, 1
core   0: 3 0x000000008000ff44 (0x00178713) x14 0x000000008001207c
core   0: 0x000000008000ff48 (0xfee43023) sd      a4, -32(s0)
core   0: 3 0x000000008000ff48 (0xfee43023) mem 0x0000000080031f50 0x000000008001207c
core   0: 0x000000008000ff4c (0xfc442703) lw      a4, -60(s0)
core   0: 3 0x000000008000ff4c (0xfc442703) x14 0x0000000000000000 mem 0x0000000080031f34
core   0: 0x000000008000ff50 (0x0ff77713) andi    a4, a4, 255
core   0: 3 0x000000008000ff50 (0x0ff77713) x14 0x0000000000000000
core   0: 0x000000008000ff54 (0x00e78023) sb      a4, 0(a5)
core   0: 3 0x000000008000ff54 (0x00e78023) mem 0x000000008001207b 0x00
core   0: 0x000000008000ff58 (0xfc843703) ld      a4, -56(s0)
core   0: 3 0x000000008000ff58 (0xfc843703) x14 0x0000000080012040 mem 0x0000000080031f38
core   0: 0x000000008000ff5c (0xfb843783) ld      a5, -72(s0)
core   0: 3 0x000000008000ff5c (0xfb843783) x15 0x000000000000009c mem 0x0000000080031f28
core   0: 0x000000008000ff60 (0x000097ba) c.add   a5, a4
core   0: 3 0x000000008000ff60 (0x97ba) x15 0x00000000800120dc
core   0: 0x000000008000ff62 (0xfe043703) ld      a4, -32(s0)
core   0: 3 0x000000008000ff62 (0xfe043703) x14 0x000000008001207c mem 0x0000000080031f50
core   0: 0x000000008000ff66 (0xfcf76de3) bltu    a4, a5, pc - 38
core   0: 3 0x000000008000ff66 (0xfcf76de3)
core   0: 0x000000008000ff40 (0xfe043783) ld      a5, -32(s0)
core   0: 3 0x000000008000ff40 (0xfe043783) x15 0x000000008001207c mem 0x0000000080031f50
core   0: 0x000000008000ff44 (0x00178713) addi    a4, a5, 1
core   0: 3 0x000000008000ff44 (0x00178713) x14 0x000000008001207d
core   0: 0x000000008000ff48 (0xfee43023) sd      a4, -32(s0)
core   0: 3 0x000000008000ff48 (0xfee43023) mem 0x0000000080031f50 0x000000008001207d
core   0: 0x000000008000ff4c (0xfc442703) lw      a4, -60(s0)
core   0: 3 0x000000008000ff4c (0xfc442703) x14 0x0000000000000000 mem 0x0000000080031f34
core   0: 0x000000008000ff50 (0x0ff77713) andi    a4, a4, 255
core   0: 3 0x000000008000ff50 (0x0ff77713) x14 0x0000000000000000
core   0: 0x000000008000ff54 (0x00e78023) sb      a4, 0(a5)
core   0: 3 0x000000008000ff54 (0x00e78023) mem 0x000000008001207c 0x00
core   0: 0x000000008000ff58 (0xfc843703) ld      a4, -56(s0)
core   0: 3 0x000000008000ff58 (0xfc843703) x14 0x0000000080012040 mem 0x0000000080031f38
core   0: 0x000000008000ff5c (0xfb843783) ld      a5, -72(s0)
core   0: 3 0x000000008000ff5c (0xfb843783) x15 0x000000000000009c mem 0x0000000080031f28
core   0: 0x000000008000ff60 (0x000097ba) c.add   a5, a4
core   0: 3 0x000000008000ff60 (0x97ba) x15 0x00000000800120dc
core   0: 0x000000008000ff62 (0xfe043703) ld      a4, -32(s0)
core   0: 3 0x000000008000ff62 (0xfe043703) x14 0x000000008001207d mem 0x0000000080031f50
core   0: 0x000000008000ff66 (0xfcf76de3) bltu    a4, a5, pc - 38
core   0: 3 0x000000008000ff66 (0xfcf76de3)
core   0: 0x000000008000ff40 (0xfe043783) ld      a5, -32(s0)
core   0: 3 0x000000008000ff40 (0xfe043783) x15 0x000000008001207d mem 0x0000000080031f50
core   0: 0x000000008000ff44 (0x00178713) addi    a4, a5, 1
core   0: 3 0x000000008000ff44 (0x00178713) x14 0x000000008001207e
core   0: 0x000000008000ff48 (0xfee43023) sd      a4, -32(s0)
core   0: 3 0x000000008000ff48 (0xfee43023) mem 0x0000000080031f50 0x000000008001207e
core   0: 0x000000008000ff4c (0xfc442703) lw      a4, -60(s0)
core   0: 3 0x000000008000ff4c (0xfc442703) x14 0x0000000000000000 mem 0x0000000080031f34
core   0: 0x000000008000ff50 (0x0ff77713) andi    a4, a4, 255
core   0: 3 0x000000008000ff50 (0x0ff77713) x14 0x0000000000000000
core   0: 0x000000008000ff54 (0x00e78023) sb      a4, 0(a5)
core   0: 3 0x000000008000ff54 (0x00e78023) mem 0x000000008001207d 0x00
core   0: 0x000000008000ff58 (0xfc843703) ld      a4, -56(s0)
core   0: 3 0x000000008000ff58 (0xfc843703) x14 0x0000000080012040 mem 0x0000000080031f38
core   0: 0x000000008000ff5c (0xfb843783) ld      a5, -72(s0)
core   0: 3 0x000000008000ff5c (0xfb843783) x15 0x000000000000009c mem 0x0000000080031f28
core   0: 0x000000008000ff60 (0x000097ba) c.add   a5, a4
core   0: 3 0x000000008000ff60 (0x97ba) x15 0x00000000800120dc
core   0: 0x000000008000ff62 (0xfe043703) ld      a4, -32(s0)
core   0: 3 0x000000008000ff62 (0xfe043703) x14 0x000000008001207e mem 0x0000000080031f50
core   0: 0x000000008000ff66 (0xfcf76de3) bltu    a4, a5, pc - 38
core   0: 3 0x000000008000ff66 (0xfcf76de3)
core   0: 0x000000008000ff40 (0xfe043783) ld      a5, -32(s0)
core   0: 3 0x000000008000ff40 (0xfe043783) x15 0x000000008001207e mem 0x0000000080031f50
core   0: 0x000000008000ff44 (0x00178713) addi    a4, a5, 1
core   0: 3 0x000000008000ff44 (0x00178713) x14 0x000000008001207f
core   0: 0x000000008000ff48 (0xfee43023) sd      a4, -32(s0)
core   0: 3 0x000000008000ff48 (0xfee43023) mem 0x0000000080031f50 0x000000008001207f
core   0: 0x000000008000ff4c (0xfc442703) lw      a4, -60(s0)
core   0: 3 0x000000008000ff4c (0xfc442703) x14 0x0000000000000000 mem 0x0000000080031f34
core   0: 0x000000008000ff50 (0x0ff77713) andi    a4, a4, 255
core   0: 3 0x000000008000ff50 (0x0ff77713) x14 0x0000000000000000
core   0: 0x000000008000ff54 (0x00e78023) sb      a4, 0(a5)
core   0: 3 0x000000008000ff54 (0x00e78023) mem 0x000000008001207e 0x00
core   0: 0x000000008000ff58 (0xfc843703) ld      a4, -56(s0)
core   0: 3 0x000000008000ff58 (0xfc843703) x14 0x0000000080012040 mem 0x0000000080031f38
core   0: 0x000000008000ff5c (0xfb843783) ld      a5, -72(s0)
core   0: 3 0x000000008000ff5c (0xfb843783) x15 0x000000000000009c mem 0x0000000080031f28
core   0: 0x000000008000ff60 (0x000097ba) c.add   a5, a4
core   0: 3 0x000000008000ff60 (0x97ba) x15 0x00000000800120dc
core   0: 0x000000008000ff62 (0xfe043703) ld      a4, -32(s0)
core   0: 3 0x000000008000ff62 (0xfe043703) x14 0x000000008001207f mem 0x0000000080031f50
core   0: 0x000000008000ff66 (0xfcf76de3) bltu    a4, a5, pc - 38
core   0: 3 0x000000008000ff66 (0xfcf76de3)
core   0: 0x000000008000ff40 (0xfe043783) ld      a5, -32(s0)
core   0: 3 0x000000008000ff40 (0xfe043783) x15 0x000000008001207f mem 0x0000000080031f50
core   0: 0x000000008000ff44 (0x00178713) addi    a4, a5, 1
core   0: 3 0x000000008000ff44 (0x00178713) x14 0x0000000080012080
core   0: 0x000000008000ff48 (0xfee43023) sd      a4, -32(s0)
core   0: 3 0x000000008000ff48 (0xfee43023) mem 0x0000000080031f50 0x0000000080012080
core   0: 0x000000008000ff4c (0xfc442703) lw      a4, -60(s0)
core   0: 3 0x000000008000ff4c (0xfc442703) x14 0x0000000000000000 mem 0x0000000080031f34
core   0: 0x000000008000ff50 (0x0ff77713) andi    a4, a4, 255
core   0: 3 0x000000008000ff50 (0x0ff77713) x14 0x0000000000000000
core   0: 0x000000008000ff54 (0x00e78023) sb      a4, 0(a5)
core   0: 3 0x000000008000ff54 (0x00e78023) mem 0x000000008001207f 0x00
core   0: 0x000000008000ff58 (0xfc843703) ld      a4, -56(s0)
core   0: 3 0x000000008000ff58 (0xfc843703) x14 0x0000000080012040 mem 0x0000000080031f38
core   0: 0x000000008000ff5c (0xfb843783) ld      a5, -72(s0)
core   0: 3 0x000000008000ff5c (0xfb843783) x15 0x000000000000009c mem 0x0000000080031f28
core   0: 0x000000008000ff60 (0x000097ba) c.add   a5, a4
core   0: 3 0x000000008000ff60 (0x97ba) x15 0x00000000800120dc
core   0: 0x000000008000ff62 (0xfe043703) ld      a4, -32(s0)
core   0: 3 0x000000008000ff62 (0xfe043703) x14 0x0000000080012080 mem 0x0000000080031f50
core   0: 0x000000008000ff66 (0xfcf76de3) bltu    a4, a5, pc - 38
core   0: 3 0x000000008000ff66 (0xfcf76de3)
core   0: 0x000000008000ff40 (0xfe043783) ld      a5, -32(s0)
core   0: 3 0x000000008000ff40 (0xfe043783) x15 0x0000000080012080 mem 0x0000000080031f50
core   0: 0x000000008000ff44 (0x00178713) addi    a4, a5, 1
core   0: 3 0x000000008000ff44 (0x00178713) x14 0x0000000080012081
core   0: 0x000000008000ff48 (0xfee43023) sd      a4, -32(s0)
core   0: 3 0x000000008000ff48 (0xfee43023) mem 0x0000000080031f50 0x0000000080012081
core   0: 0x000000008000ff4c (0xfc442703) lw      a4, -60(s0)
core   0: 3 0x000000008000ff4c (0xfc442703) x14 0x0000000000000000 mem 0x0000000080031f34
core   0: 0x000000008000ff50 (0x0ff77713) andi    a4, a4, 255
core   0: 3 0x000000008000ff50 (0x0ff77713) x14 0x0000000000000000
core   0: 0x000000008000ff54 (0x00e78023) sb      a4, 0(a5)
core   0: 3 0x000000008000ff54 (0x00e78023) mem 0x0000000080012080 0x00
core   0: 0x000000008000ff58 (0xfc843703) ld      a4, -56(s0)
core   0: 3 0x000000008000ff58 (0xfc843703) x14 0x0000000080012040 mem 0x0000000080031f38
core   0: 0x000000008000ff5c (0xfb843783) ld      a5, -72(s0)
core   0: 3 0x000000008000ff5c (0xfb843783) x15 0x000000000000009c mem 0x0000000080031f28
core   0: 0x000000008000ff60 (0x000097ba) c.add   a5, a4
core   0: 3 0x000000008000ff60 (0x97ba) x15 0x00000000800120dc
core   0: 0x000000008000ff62 (0xfe043703) ld      a4, -32(s0)
core   0: 3 0x000000008000ff62 (0xfe043703) x14 0x0000000080012081 mem 0x0000000080031f50
core   0: 0x000000008000ff66 (0xfcf76de3) bltu    a4, a5, pc - 38
core   0: 3 0x000000008000ff66 (0xfcf76de3)
core   0: 0x000000008000ff40 (0xfe043783) ld      a5, -32(s0)
core   0: 3 0x000000008000ff40 (0xfe043783) x15 0x0000000080012081 mem 0x0000000080031f50
core   0: 0x000000008000ff44 (0x00178713) addi    a4, a5, 1
core   0: 3 0x000000008000ff44 (0x00178713) x14 0x0000000080012082
core   0: 0x000000008000ff48 (0xfee43023) sd      a4, -32(s0)
core   0: 3 0x000000008000ff48 (0xfee43023) mem 0x0000000080031f50 0x0000000080012082
core   0: 0x000000008000ff4c (0xfc442703) lw      a4, -60(s0)
core   0: 3 0x000000008000ff4c (0xfc442703) x14 0x0000000000000000 mem 0x0000000080031f34
core   0: 0x000000008000ff50 (0x0ff77713) andi    a4, a4, 255
core   0: 3 0x000000008000ff50 (0x0ff77713) x14 0x0000000000000000
core   0: 0x000000008000ff54 (0x00e78023) sb      a4, 0(a5)
core   0: 3 0x000000008000ff54 (0x00e78023) mem 0x0000000080012081 0x00
core   0: 0x000000008000ff58 (0xfc843703) ld      a4, -56(s0)
core   0: 3 0x000000008000ff58 (0xfc843703) x14 0x0000000080012040 mem 0x0000000080031f38
core   0: 0x000000008000ff5c (0xfb843783) ld      a5, -72(s0)
core   0: 3 0x000000008000ff5c (0xfb843783) x15 0x000000000000009c mem 0x0000000080031f28
core   0: 0x000000008000ff60 (0x000097ba) c.add   a5, a4
core   0: 3 0x000000008000ff60 (0x97ba) x15 0x00000000800120dc
core   0: 0x000000008000ff62 (0xfe043703) ld      a4, -32(s0)
core   0: 3 0x000000008000ff62 (0xfe043703) x14 0x0000000080012082 mem 0x0000000080031f50
core   0: 0x000000008000ff66 (0xfcf76de3) bltu    a4, a5, pc - 38
core   0: 3 0x000000008000ff66 (0xfcf76de3)
core   0: 0x000000008000ff40 (0xfe043783) ld      a5, -32(s0)
core   0: 3 0x000000008000ff40 (0xfe043783) x15 0x0000000080012082 mem 0x0000000080031f50
core   0: 0x000000008000ff44 (0x00178713) addi    a4, a5, 1
core   0: 3 0x000000008000ff44 (0x00178713) x14 0x0000000080012083
core   0: 0x000000008000ff48 (0xfee43023) sd      a4, -32(s0)
core   0: 3 0x000000008000ff48 (0xfee43023) mem 0x0000000080031f50 0x0000000080012083
core   0: 0x000000008000ff4c (0xfc442703) lw      a4, -60(s0)
core   0: 3 0x000000008000ff4c (0xfc442703) x14 0x0000000000000000 mem 0x0000000080031f34
core   0: 0x000000008000ff50 (0x0ff77713) andi    a4, a4, 255
core   0: 3 0x000000008000ff50 (0x0ff77713) x14 0x0000000000000000
core   0: 0x000000008000ff54 (0x00e78023) sb      a4, 0(a5)
core   0: 3 0x000000008000ff54 (0x00e78023) mem 0x0000000080012082 0x00
core   0: 0x000000008000ff58 (0xfc843703) ld      a4, -56(s0)
core   0: 3 0x000000008000ff58 (0xfc843703) x14 0x0000000080012040 mem 0x0000000080031f38
core   0: 0x000000008000ff5c (0xfb843783) ld      a5, -72(s0)
core   0: 3 0x000000008000ff5c (0xfb843783) x15 0x000000000000009c mem 0x0000000080031f28
core   0: 0x000000008000ff60 (0x000097ba) c.add   a5, a4
core   0: 3 0x000000008000ff60 (0x97ba) x15 0x00000000800120dc
core   0: 0x000000008000ff62 (0xfe043703) ld      a4, -32(s0)
core   0: 3 0x000000008000ff62 (0xfe043703) x14 0x0000000080012083 mem 0x0000000080031f50
core   0: 0x000000008000ff66 (0xfcf76de3) bltu    a4, a5, pc - 38
core   0: 3 0x000000008000ff66 (0xfcf76de3)
core   0: 0x000000008000ff40 (0xfe043783) ld      a5, -32(s0)
core   0: 3 0x000000008000ff40 (0xfe043783) x15 0x0000000080012083 mem 0x0000000080031f50
core   0: 0x000000008000ff44 (0x00178713) addi    a4, a5, 1
core   0: 3 0x000000008000ff44 (0x00178713) x14 0x0000000080012084
core   0: 0x000000008000ff48 (0xfee43023) sd      a4, -32(s0)
core   0: 3 0x000000008000ff48 (0xfee43023) mem 0x0000000080031f50 0x0000000080012084
core   0: 0x000000008000ff4c (0xfc442703) lw      a4, -60(s0)
core   0: 3 0x000000008000ff4c (0xfc442703) x14 0x0000000000000000 mem 0x0000000080031f34
core   0: 0x000000008000ff50 (0x0ff77713) andi    a4, a4, 255
core   0: 3 0x000000008000ff50 (0x0ff77713) x14 0x0000000000000000
core   0: 0x000000008000ff54 (0x00e78023) sb      a4, 0(a5)
core   0: 3 0x000000008000ff54 (0x00e78023) mem 0x0000000080012083 0x00
core   0: 0x000000008000ff58 (0xfc843703) ld      a4, -56(s0)
core   0: 3 0x000000008000ff58 (0xfc843703) x14 0x0000000080012040 mem 0x0000000080031f38
core   0: 0x000000008000ff5c (0xfb843783) ld      a5, -72(s0)
core   0: 3 0x000000008000ff5c (0xfb843783) x15 0x000000000000009c mem 0x0000000080031f28
core   0: 0x000000008000ff60 (0x000097ba) c.add   a5, a4
core   0: 3 0x000000008000ff60 (0x97ba) x15 0x00000000800120dc
core   0: 0x000000008000ff62 (0xfe043703) ld      a4, -32(s0)
core   0: 3 0x000000008000ff62 (0xfe043703) x14 0x0000000080012084 mem 0x0000000080031f50
core   0: 0x000000008000ff66 (0xfcf76de3) bltu    a4, a5, pc - 38
core   0: 3 0x000000008000ff66 (0xfcf76de3)
core   0: 0x000000008000ff40 (0xfe043783) ld      a5, -32(s0)
core   0: 3 0x000000008000ff40 (0xfe043783) x15 0x0000000080012084 mem 0x0000000080031f50
core   0: 0x000000008000ff44 (0x00178713) addi    a4, a5, 1
core   0: 3 0x000000008000ff44 (0x00178713) x14 0x0000000080012085
core   0: 0x000000008000ff48 (0xfee43023) sd      a4, -32(s0)
core   0: 3 0x000000008000ff48 (0xfee43023) mem 0x0000000080031f50 0x0000000080012085
core   0: 0x000000008000ff4c (0xfc442703) lw      a4, -60(s0)
core   0: 3 0x000000008000ff4c (0xfc442703) x14 0x0000000000000000 mem 0x0000000080031f34
core   0: 0x000000008000ff50 (0x0ff77713) andi    a4, a4, 255
core   0: 3 0x000000008000ff50 (0x0ff77713) x14 0x0000000000000000
core   0: 0x000000008000ff54 (0x00e78023) sb      a4, 0(a5)
core   0: 3 0x000000008000ff54 (0x00e78023) mem 0x0000000080012084 0x00
core   0: 0x000000008000ff58 (0xfc843703) ld      a4, -56(s0)
core   0: 3 0x000000008000ff58 (0xfc843703) x14 0x0000000080012040 mem 0x0000000080031f38
core   0: 0x000000008000ff5c (0xfb843783) ld      a5, -72(s0)
core   0: 3 0x000000008000ff5c (0xfb843783) x15 0x000000000000009c mem 0x0000000080031f28
core   0: 0x000000008000ff60 (0x000097ba) c.add   a5, a4
core   0: 3 0x000000008000ff60 (0x97ba) x15 0x00000000800120dc
core   0: 0x000000008000ff62 (0xfe043703) ld      a4, -32(s0)
core   0: 3 0x000000008000ff62 (0xfe043703) x14 0x0000000080012085 mem 0x0000000080031f50
core   0: 0x000000008000ff66 (0xfcf76de3) bltu    a4, a5, pc - 38
core   0: 3 0x000000008000ff66 (0xfcf76de3)
core   0: 0x000000008000ff40 (0xfe043783) ld      a5, -32(s0)
core   0: 3 0x000000008000ff40 (0xfe043783) x15 0x0000000080012085 mem 0x0000000080031f50
core   0: 0x000000008000ff44 (0x00178713) addi    a4, a5, 1
core   0: 3 0x000000008000ff44 (0x00178713) x14 0x0000000080012086
core   0: 0x000000008000ff48 (0xfee43023) sd      a4, -32(s0)
core   0: 3 0x000000008000ff48 (0xfee43023) mem 0x0000000080031f50 0x0000000080012086
core   0: 0x000000008000ff4c (0xfc442703) lw      a4, -60(s0)
core   0: 3 0x000000008000ff4c (0xfc442703) x14 0x0000000000000000 mem 0x0000000080031f34
core   0: 0x000000008000ff50 (0x0ff77713) andi    a4, a4, 255
core   0: 3 0x000000008000ff50 (0x0ff77713) x14 0x0000000000000000
core   0: 0x000000008000ff54 (0x00e78023) sb      a4, 0(a5)
core   0: 3 0x000000008000ff54 (0x00e78023) mem 0x0000000080012085 0x00
core   0: 0x000000008000ff58 (0xfc843703) ld      a4, -56(s0)
core   0: 3 0x000000008000ff58 (0xfc843703) x14 0x0000000080012040 mem 0x0000000080031f38
core   0: 0x000000008000ff5c (0xfb843783) ld      a5, -72(s0)
core   0: 3 0x000000008000ff5c (0xfb843783) x15 0x000000000000009c mem 0x0000000080031f28
core   0: 0x000000008000ff60 (0x000097ba) c.add   a5, a4
core   0: 3 0x000000008000ff60 (0x97ba) x15 0x00000000800120dc
core   0: 0x000000008000ff62 (0xfe043703) ld      a4, -32(s0)
core   0: 3 0x000000008000ff62 (0xfe043703) x14 0x0000000080012086 mem 0x0000000080031f50
core   0: 0x000000008000ff66 (0xfcf76de3) bltu    a4, a5, pc - 38
core   0: 3 0x000000008000ff66 (0xfcf76de3)
core   0: 0x000000008000ff40 (0xfe043783) ld      a5, -32(s0)
core   0: 3 0x000000008000ff40 (0xfe043783) x15 0x0000000080012086 mem 0x0000000080031f50
core   0: 0x000000008000ff44 (0x00178713) addi    a4, a5, 1
core   0: 3 0x000000008000ff44 (0x00178713) x14 0x0000000080012087
core   0: 0x000000008000ff48 (0xfee43023) sd      a4, -32(s0)
core   0: 3 0x000000008000ff48 (0xfee43023) mem 0x0000000080031f50 0x0000000080012087
core   0: 0x000000008000ff4c (0xfc442703) lw      a4, -60(s0)
core   0: 3 0x000000008000ff4c (0xfc442703) x14 0x0000000000000000 mem 0x0000000080031f34
core   0: 0x000000008000ff50 (0x0ff77713) andi    a4, a4, 255
core   0: 3 0x000000008000ff50 (0x0ff77713) x14 0x0000000000000000
core   0: 0x000000008000ff54 (0x00e78023) sb      a4, 0(a5)
core   0: 3 0x000000008000ff54 (0x00e78023) mem 0x0000000080012086 0x00
core   0: 0x000000008000ff58 (0xfc843703) ld      a4, -56(s0)
core   0: 3 0x000000008000ff58 (0xfc843703) x14 0x0000000080012040 mem 0x0000000080031f38
core   0: 0x000000008000ff5c (0xfb843783) ld      a5, -72(s0)
core   0: 3 0x000000008000ff5c (0xfb843783) x15 0x000000000000009c mem 0x0000000080031f28
core   0: 0x000000008000ff60 (0x000097ba) c.add   a5, a4
core   0: 3 0x000000008000ff60 (0x97ba) x15 0x00000000800120dc
core   0: 0x000000008000ff62 (0xfe043703) ld      a4, -32(s0)
core   0: 3 0x000000008000ff62 (0xfe043703) x14 0x0000000080012087 mem 0x0000000080031f50
core   0: 0x000000008000ff66 (0xfcf76de3) bltu    a4, a5, pc - 38
core   0: 3 0x000000008000ff66 (0xfcf76de3)
core   0: 0x000000008000ff40 (0xfe043783) ld      a5, -32(s0)
core   0: 3 0x000000008000ff40 (0xfe043783) x15 0x0000000080012087 mem 0x0000000080031f50
core   0: 0x000000008000ff44 (0x00178713) addi    a4, a5, 1
core   0: 3 0x000000008000ff44 (0x00178713) x14 0x0000000080012088
core   0: 0x000000008000ff48 (0xfee43023) sd      a4, -32(s0)
core   0: 3 0x000000008000ff48 (0xfee43023) mem 0x0000000080031f50 0x0000000080012088
core   0: 0x000000008000ff4c (0xfc442703) lw      a4, -60(s0)
core   0: 3 0x000000008000ff4c (0xfc442703) x14 0x0000000000000000 mem 0x0000000080031f34
core   0: 0x000000008000ff50 (0x0ff77713) andi    a4, a4, 255
core   0: 3 0x000000008000ff50 (0x0ff77713) x14 0x0000000000000000
core   0: 0x000000008000ff54 (0x00e78023) sb      a4, 0(a5)
core   0: 3 0x000000008000ff54 (0x00e78023) mem 0x0000000080012087 0x00
core   0: 0x000000008000ff58 (0xfc843703) ld      a4, -56(s0)
core   0: 3 0x000000008000ff58 (0xfc843703) x14 0x0000000080012040 mem 0x0000000080031f38
core   0: 0x000000008000ff5c (0xfb843783) ld      a5, -72(s0)
core   0: 3 0x000000008000ff5c (0xfb843783) x15 0x000000000000009c mem 0x0000000080031f28
core   0: 0x000000008000ff60 (0x000097ba) c.add   a5, a4
core   0: 3 0x000000008000ff60 (0x97ba) x15 0x00000000800120dc
core   0: 0x000000008000ff62 (0xfe043703) ld      a4, -32(s0)
core   0: 3 0x000000008000ff62 (0xfe043703) x14 0x0000000080012088 mem 0x0000000080031f50
core   0: 0x000000008000ff66 (0xfcf76de3) bltu    a4, a5, pc - 38
core   0: 3 0x000000008000ff66 (0xfcf76de3)
core   0: 0x000000008000ff40 (0xfe043783) ld      a5, -32(s0)
core   0: 3 0x000000008000ff40 (0xfe043783) x15 0x0000000080012088 mem 0x0000000080031f50
core   0: 0x000000008000ff44 (0x00178713) addi    a4, a5, 1
core   0: 3 0x000000008000ff44 (0x00178713) x14 0x0000000080012089
core   0: 0x000000008000ff48 (0xfee43023) sd      a4, -32(s0)
core   0: 3 0x000000008000ff48 (0xfee43023) mem 0x0000000080031f50 0x0000000080012089
core   0: 0x000000008000ff4c (0xfc442703) lw      a4, -60(s0)
core   0: 3 0x000000008000ff4c (0xfc442703) x14 0x0000000000000000 mem 0x0000000080031f34
core   0: 0x000000008000ff50 (0x0ff77713) andi    a4, a4, 255
core   0: 3 0x000000008000ff50 (0x0ff77713) x14 0x0000000000000000
core   0: 0x000000008000ff54 (0x00e78023) sb      a4, 0(a5)
core   0: 3 0x000000008000ff54 (0x00e78023) mem 0x0000000080012088 0x00
core   0: 0x000000008000ff58 (0xfc843703) ld      a4, -56(s0)
core   0: 3 0x000000008000ff58 (0xfc843703) x14 0x0000000080012040 mem 0x0000000080031f38
core   0: 0x000000008000ff5c (0xfb843783) ld      a5, -72(s0)
core   0: 3 0x000000008000ff5c (0xfb843783) x15 0x000000000000009c mem 0x0000000080031f28
core   0: 0x000000008000ff60 (0x000097ba) c.add   a5, a4
core   0: 3 0x000000008000ff60 (0x97ba) x15 0x00000000800120dc
core   0: 0x000000008000ff62 (0xfe043703) ld      a4, -32(s0)
core   0: 3 0x000000008000ff62 (0xfe043703) x14 0x0000000080012089 mem 0x0000000080031f50
core   0: 0x000000008000ff66 (0xfcf76de3) bltu    a4, a5, pc - 38
core   0: 3 0x000000008000ff66 (0xfcf76de3)
core   0: 0x000000008000ff40 (0xfe043783) ld      a5, -32(s0)
core   0: 3 0x000000008000ff40 (0xfe043783) x15 0x0000000080012089 mem 0x0000000080031f50
core   0: 0x000000008000ff44 (0x00178713) addi    a4, a5, 1
core   0: 3 0x000000008000ff44 (0x00178713) x14 0x000000008001208a
core   0: 0x000000008000ff48 (0xfee43023) sd      a4, -32(s0)
core   0: 3 0x000000008000ff48 (0xfee43023) mem 0x0000000080031f50 0x000000008001208a
core   0: 0x000000008000ff4c (0xfc442703) lw      a4, -60(s0)
core   0: 3 0x000000008000ff4c (0xfc442703) x14 0x0000000000000000 mem 0x0000000080031f34
core   0: 0x000000008000ff50 (0x0ff77713) andi    a4, a4, 255
core   0: 3 0x000000008000ff50 (0x0ff77713) x14 0x0000000000000000
core   0: 0x000000008000ff54 (0x00e78023) sb      a4, 0(a5)
core   0: 3 0x000000008000ff54 (0x00e78023) mem 0x0000000080012089 0x00
core   0: 0x000000008000ff58 (0xfc843703) ld      a4, -56(s0)
core   0: 3 0x000000008000ff58 (0xfc843703) x14 0x0000000080012040 mem 0x0000000080031f38
core   0: 0x000000008000ff5c (0xfb843783) ld      a5, -72(s0)
core   0: 3 0x000000008000ff5c (0xfb843783) x15 0x000000000000009c mem 0x0000000080031f28
core   0: 0x000000008000ff60 (0x000097ba) c.add   a5, a4
core   0: 3 0x000000008000ff60 (0x97ba) x15 0x00000000800120dc
core   0: 0x000000008000ff62 (0xfe043703) ld      a4, -32(s0)
core   0: 3 0x000000008000ff62 (0xfe043703) x14 0x000000008001208a mem 0x0000000080031f50
core   0: 0x000000008000ff66 (0xfcf76de3) bltu    a4, a5, pc - 38
core   0: 3 0x000000008000ff66 (0xfcf76de3)
core   0: 0x000000008000ff40 (0xfe043783) ld      a5, -32(s0)
core   0: 3 0x000000008000ff40 (0xfe043783) x15 0x000000008001208a mem 0x0000000080031f50
core   0: 0x000000008000ff44 (0x00178713) addi    a4, a5, 1
core   0: 3 0x000000008000ff44 (0x00178713) x14 0x000000008001208b
core   0: 0x000000008000ff48 (0xfee43023) sd      a4, -32(s0)
core   0: 3 0x000000008000ff48 (0xfee43023) mem 0x0000000080031f50 0x000000008001208b
core   0: 0x000000008000ff4c (0xfc442703) lw      a4, -60(s0)
core   0: 3 0x000000008000ff4c (0xfc442703) x14 0x0000000000000000 mem 0x0000000080031f34
core   0: 0x000000008000ff50 (0x0ff77713) andi    a4, a4, 255
core   0: 3 0x000000008000ff50 (0x0ff77713) x14 0x0000000000000000
core   0: 0x000000008000ff54 (0x00e78023) sb      a4, 0(a5)
core   0: 3 0x000000008000ff54 (0x00e78023) mem 0x000000008001208a 0x00
core   0: 0x000000008000ff58 (0xfc843703) ld      a4, -56(s0)
core   0: 3 0x000000008000ff58 (0xfc843703) x14 0x0000000080012040 mem 0x0000000080031f38
core   0: 0x000000008000ff5c (0xfb843783) ld      a5, -72(s0)
core   0: 3 0x000000008000ff5c (0xfb843783) x15 0x000000000000009c mem 0x0000000080031f28
core   0: 0x000000008000ff60 (0x000097ba) c.add   a5, a4
core   0: 3 0x000000008000ff60 (0x97ba) x15 0x00000000800120dc
core   0: 0x000000008000ff62 (0xfe043703) ld      a4, -32(s0)
core   0: 3 0x000000008000ff62 (0xfe043703) x14 0x000000008001208b mem 0x0000000080031f50
core   0: 0x000000008000ff66 (0xfcf76de3) bltu    a4, a5, pc - 38
core   0: 3 0x000000008000ff66 (0xfcf76de3)
core   0: 0x000000008000ff40 (0xfe043783) ld      a5, -32(s0)
core   0: 3 0x000000008000ff40 (0xfe043783) x15 0x000000008001208b mem 0x0000000080031f50
core   0: 0x000000008000ff44 (0x00178713) addi    a4, a5, 1
core   0: 3 0x000000008000ff44 (0x00178713) x14 0x000000008001208c
core   0: 0x000000008000ff48 (0xfee43023) sd      a4, -32(s0)
core   0: 3 0x000000008000ff48 (0xfee43023) mem 0x0000000080031f50 0x000000008001208c
core   0: 0x000000008000ff4c (0xfc442703) lw      a4, -60(s0)
core   0: 3 0x000000008000ff4c (0xfc442703) x14 0x0000000000000000 mem 0x0000000080031f34
core   0: 0x000000008000ff50 (0x0ff77713) andi    a4, a4, 255
core   0: 3 0x000000008000ff50 (0x0ff77713) x14 0x0000000000000000
core   0: 0x000000008000ff54 (0x00e78023) sb      a4, 0(a5)
core   0: 3 0x000000008000ff54 (0x00e78023) mem 0x000000008001208b 0x00
core   0: 0x000000008000ff58 (0xfc843703) ld      a4, -56(s0)
core   0: 3 0x000000008000ff58 (0xfc843703) x14 0x0000000080012040 mem 0x0000000080031f38
core   0: 0x000000008000ff5c (0xfb843783) ld      a5, -72(s0)
core   0: 3 0x000000008000ff5c (0xfb843783) x15 0x000000000000009c mem 0x0000000080031f28
core   0: 0x000000008000ff60 (0x000097ba) c.add   a5, a4
core   0: 3 0x000000008000ff60 (0x97ba) x15 0x00000000800120dc
core   0: 0x000000008000ff62 (0xfe043703) ld      a4, -32(s0)
core   0: 3 0x000000008000ff62 (0xfe043703) x14 0x000000008001208c mem 0x0000000080031f50
core   0: 0x000000008000ff66 (0xfcf76de3) bltu    a4, a5, pc - 38
core   0: 3 0x000000008000ff66 (0xfcf76de3)
core   0: 0x000000008000ff40 (0xfe043783) ld      a5, -32(s0)
core   0: 3 0x000000008000ff40 (0xfe043783) x15 0x000000008001208c mem 0x0000000080031f50
core   0: 0x000000008000ff44 (0x00178713) addi    a4, a5, 1
core   0: 3 0x000000008000ff44 (0x00178713) x14 0x000000008001208d
core   0: 0x000000008000ff48 (0xfee43023) sd      a4, -32(s0)
core   0: 3 0x000000008000ff48 (0xfee43023) mem 0x0000000080031f50 0x000000008001208d
core   0: 0x000000008000ff4c (0xfc442703) lw      a4, -60(s0)
core   0: 3 0x000000008000ff4c (0xfc442703) x14 0x0000000000000000 mem 0x0000000080031f34
core   0: 0x000000008000ff50 (0x0ff77713) andi    a4, a4, 255
core   0: 3 0x000000008000ff50 (0x0ff77713) x14 0x0000000000000000
core   0: 0x000000008000ff54 (0x00e78023) sb      a4, 0(a5)
core   0: 3 0x000000008000ff54 (0x00e78023) mem 0x000000008001208c 0x00
core   0: 0x000000008000ff58 (0xfc843703) ld      a4, -56(s0)
core   0: 3 0x000000008000ff58 (0xfc843703) x14 0x0000000080012040 mem 0x0000000080031f38
core   0: 0x000000008000ff5c (0xfb843783) ld      a5, -72(s0)
core   0: 3 0x000000008000ff5c (0xfb843783) x15 0x000000000000009c mem 0x0000000080031f28
core   0: 0x000000008000ff60 (0x000097ba) c.add   a5, a4
core   0: 3 0x000000008000ff60 (0x97ba) x15 0x00000000800120dc
core   0: 0x000000008000ff62 (0xfe043703) ld      a4, -32(s0)
core   0: 3 0x000000008000ff62 (0xfe043703) x14 0x000000008001208d mem 0x0000000080031f50
core   0: 0x000000008000ff66 (0xfcf76de3) bltu    a4, a5, pc - 38
core   0: 3 0x000000008000ff66 (0xfcf76de3)
core   0: 0x000000008000ff40 (0xfe043783) ld      a5, -32(s0)
core   0: 3 0x000000008000ff40 (0xfe043783) x15 0x000000008001208d mem 0x0000000080031f50
core   0: 0x000000008000ff44 (0x00178713) addi    a4, a5, 1
core   0: 3 0x000000008000ff44 (0x00178713) x14 0x000000008001208e
core   0: 0x000000008000ff48 (0xfee43023) sd      a4, -32(s0)
core   0: 3 0x000000008000ff48 (0xfee43023) mem 0x0000000080031f50 0x000000008001208e
core   0: 0x000000008000ff4c (0xfc442703) lw      a4, -60(s0)
core   0: 3 0x000000008000ff4c (0xfc442703) x14 0x0000000000000000 mem 0x0000000080031f34
core   0: 0x000000008000ff50 (0x0ff77713) andi    a4, a4, 255
core   0: 3 0x000000008000ff50 (0x0ff77713) x14 0x0000000000000000
core   0: 0x000000008000ff54 (0x00e78023) sb      a4, 0(a5)
core   0: 3 0x000000008000ff54 (0x00e78023) mem 0x000000008001208d 0x00
core   0: 0x000000008000ff58 (0xfc843703) ld      a4, -56(s0)
core   0: 3 0x000000008000ff58 (0xfc843703) x14 0x0000000080012040 mem 0x0000000080031f38
core   0: 0x000000008000ff5c (0xfb843783) ld      a5, -72(s0)
core   0: 3 0x000000008000ff5c (0xfb843783) x15 0x000000000000009c mem 0x0000000080031f28
core   0: 0x000000008000ff60 (0x000097ba) c.add   a5, a4
core   0: 3 0x000000008000ff60 (0x97ba) x15 0x00000000800120dc
core   0: 0x000000008000ff62 (0xfe043703) ld      a4, -32(s0)
core   0: 3 0x000000008000ff62 (0xfe043703) x14 0x000000008001208e mem 0x0000000080031f50
core   0: 0x000000008000ff66 (0xfcf76de3) bltu    a4, a5, pc - 38
core   0: 3 0x000000008000ff66 (0xfcf76de3)
core   0: 0x000000008000ff40 (0xfe043783) ld      a5, -32(s0)
core   0: 3 0x000000008000ff40 (0xfe043783) x15 0x000000008001208e mem 0x0000000080031f50
core   0: 0x000000008000ff44 (0x00178713) addi    a4, a5, 1
core   0: 3 0x000000008000ff44 (0x00178713) x14 0x000000008001208f
core   0: 0x000000008000ff48 (0xfee43023) sd      a4, -32(s0)
core   0: 3 0x000000008000ff48 (0xfee43023) mem 0x0000000080031f50 0x000000008001208f
core   0: 0x000000008000ff4c (0xfc442703) lw      a4, -60(s0)
core   0: 3 0x000000008000ff4c (0xfc442703) x14 0x0000000000000000 mem 0x0000000080031f34
core   0: 0x000000008000ff50 (0x0ff77713) andi    a4, a4, 255
core   0: 3 0x000000008000ff50 (0x0ff77713) x14 0x0000000000000000
core   0: 0x000000008000ff54 (0x00e78023) sb      a4, 0(a5)
core   0: 3 0x000000008000ff54 (0x00e78023) mem 0x000000008001208e 0x00
core   0: 0x000000008000ff58 (0xfc843703) ld      a4, -56(s0)
core   0: 3 0x000000008000ff58 (0xfc843703) x14 0x0000000080012040 mem 0x0000000080031f38
core   0: 0x000000008000ff5c (0xfb843783) ld      a5, -72(s0)
core   0: 3 0x000000008000ff5c (0xfb843783) x15 0x000000000000009c mem 0x0000000080031f28
core   0: 0x000000008000ff60 (0x000097ba) c.add   a5, a4
core   0: 3 0x000000008000ff60 (0x97ba) x15 0x00000000800120dc
core   0: 0x000000008000ff62 (0xfe043703) ld      a4, -32(s0)
core   0: 3 0x000000008000ff62 (0xfe043703) x14 0x000000008001208f mem 0x0000000080031f50
core   0: 0x000000008000ff66 (0xfcf76de3) bltu    a4, a5, pc - 38
core   0: 3 0x000000008000ff66 (0xfcf76de3)
core   0: 0x000000008000ff40 (0xfe043783) ld      a5, -32(s0)
core   0: 3 0x000000008000ff40 (0xfe043783) x15 0x000000008001208f mem 0x0000000080031f50
core   0: 0x000000008000ff44 (0x00178713) addi    a4, a5, 1
core   0: 3 0x000000008000ff44 (0x00178713) x14 0x0000000080012090
core   0: 0x000000008000ff48 (0xfee43023) sd      a4, -32(s0)
core   0: 3 0x000000008000ff48 (0xfee43023) mem 0x0000000080031f50 0x0000000080012090
core   0: 0x000000008000ff4c (0xfc442703) lw      a4, -60(s0)
core   0: 3 0x000000008000ff4c (0xfc442703) x14 0x0000000000000000 mem 0x0000000080031f34
core   0: 0x000000008000ff50 (0x0ff77713) andi    a4, a4, 255
core   0: 3 0x000000008000ff50 (0x0ff77713) x14 0x0000000000000000
core   0: 0x000000008000ff54 (0x00e78023) sb      a4, 0(a5)
core   0: 3 0x000000008000ff54 (0x00e78023) mem 0x000000008001208f 0x00
core   0: 0x000000008000ff58 (0xfc843703) ld      a4, -56(s0)
core   0: 3 0x000000008000ff58 (0xfc843703) x14 0x0000000080012040 mem 0x0000000080031f38
core   0: 0x000000008000ff5c (0xfb843783) ld      a5, -72(s0)
core   0: 3 0x000000008000ff5c (0xfb843783) x15 0x000000000000009c mem 0x0000000080031f28
core   0: 0x000000008000ff60 (0x000097ba) c.add   a5, a4
core   0: 3 0x000000008000ff60 (0x97ba) x15 0x00000000800120dc
core   0: 0x000000008000ff62 (0xfe043703) ld      a4, -32(s0)
core   0: 3 0x000000008000ff62 (0xfe043703) x14 0x0000000080012090 mem 0x0000000080031f50
core   0: 0x000000008000ff66 (0xfcf76de3) bltu    a4, a5, pc - 38
core   0: 3 0x000000008000ff66 (0xfcf76de3)
core   0: 0x000000008000ff40 (0xfe043783) ld      a5, -32(s0)
core   0: 3 0x000000008000ff40 (0xfe043783) x15 0x0000000080012090 mem 0x0000000080031f50
core   0: 0x000000008000ff44 (0x00178713) addi    a4, a5, 1
core   0: 3 0x000000008000ff44 (0x00178713) x14 0x0000000080012091
core   0: 0x000000008000ff48 (0xfee43023) sd      a4, -32(s0)
core   0: 3 0x000000008000ff48 (0xfee43023) mem 0x0000000080031f50 0x0000000080012091
core   0: 0x000000008000ff4c (0xfc442703) lw      a4, -60(s0)
core   0: 3 0x000000008000ff4c (0xfc442703) x14 0x0000000000000000 mem 0x0000000080031f34
core   0: 0x000000008000ff50 (0x0ff77713) andi    a4, a4, 255
core   0: 3 0x000000008000ff50 (0x0ff77713) x14 0x0000000000000000
core   0: 0x000000008000ff54 (0x00e78023) sb      a4, 0(a5)
core   0: 3 0x000000008000ff54 (0x00e78023) mem 0x0000000080012090 0x00
core   0: 0x000000008000ff58 (0xfc843703) ld      a4, -56(s0)
core   0: 3 0x000000008000ff58 (0xfc843703) x14 0x0000000080012040 mem 0x0000000080031f38
core   0: 0x000000008000ff5c (0xfb843783) ld      a5, -72(s0)
core   0: 3 0x000000008000ff5c (0xfb843783) x15 0x000000000000009c mem 0x0000000080031f28
core   0: 0x000000008000ff60 (0x000097ba) c.add   a5, a4
core   0: 3 0x000000008000ff60 (0x97ba) x15 0x00000000800120dc
core   0: 0x000000008000ff62 (0xfe043703) ld      a4, -32(s0)
core   0: 3 0x000000008000ff62 (0xfe043703) x14 0x0000000080012091 mem 0x0000000080031f50
core   0: 0x000000008000ff66 (0xfcf76de3) bltu    a4, a5, pc - 38
core   0: 3 0x000000008000ff66 (0xfcf76de3)
core   0: 0x000000008000ff40 (0xfe043783) ld      a5, -32(s0)
core   0: 3 0x000000008000ff40 (0xfe043783) x15 0x0000000080012091 mem 0x0000000080031f50
core   0: 0x000000008000ff44 (0x00178713) addi    a4, a5, 1
core   0: 3 0x000000008000ff44 (0x00178713) x14 0x0000000080012092
core   0: 0x000000008000ff48 (0xfee43023) sd      a4, -32(s0)
core   0: 3 0x000000008000ff48 (0xfee43023) mem 0x0000000080031f50 0x0000000080012092
core   0: 0x000000008000ff4c (0xfc442703) lw      a4, -60(s0)
core   0: 3 0x000000008000ff4c (0xfc442703) x14 0x0000000000000000 mem 0x0000000080031f34
core   0: 0x000000008000ff50 (0x0ff77713) andi    a4, a4, 255
core   0: 3 0x000000008000ff50 (0x0ff77713) x14 0x0000000000000000
core   0: 0x000000008000ff54 (0x00e78023) sb      a4, 0(a5)
core   0: 3 0x000000008000ff54 (0x00e78023) mem 0x0000000080012091 0x00
core   0: 0x000000008000ff58 (0xfc843703) ld      a4, -56(s0)
core   0: 3 0x000000008000ff58 (0xfc843703) x14 0x0000000080012040 mem 0x0000000080031f38
core   0: 0x000000008000ff5c (0xfb843783) ld      a5, -72(s0)
core   0: 3 0x000000008000ff5c (0xfb843783) x15 0x000000000000009c mem 0x0000000080031f28
core   0: 0x000000008000ff60 (0x000097ba) c.add   a5, a4
core   0: 3 0x000000008000ff60 (0x97ba) x15 0x00000000800120dc
core   0: 0x000000008000ff62 (0xfe043703) ld      a4, -32(s0)
core   0: 3 0x000000008000ff62 (0xfe043703) x14 0x0000000080012092 mem 0x0000000080031f50
core   0: 0x000000008000ff66 (0xfcf76de3) bltu    a4, a5, pc - 38
core   0: 3 0x000000008000ff66 (0xfcf76de3)
core   0: 0x000000008000ff40 (0xfe043783) ld      a5, -32(s0)
core   0: 3 0x000000008000ff40 (0xfe043783) x15 0x0000000080012092 mem 0x0000000080031f50
core   0: 0x000000008000ff44 (0x00178713) addi    a4, a5, 1
core   0: 3 0x000000008000ff44 (0x00178713) x14 0x0000000080012093
core   0: 0x000000008000ff48 (0xfee43023) sd      a4, -32(s0)
core   0: 3 0x000000008000ff48 (0xfee43023) mem 0x0000000080031f50 0x0000000080012093
core   0: 0x000000008000ff4c (0xfc442703) lw      a4, -60(s0)
core   0: 3 0x000000008000ff4c (0xfc442703) x14 0x0000000000000000 mem 0x0000000080031f34
core   0: 0x000000008000ff50 (0x0ff77713) andi    a4, a4, 255
core   0: 3 0x000000008000ff50 (0x0ff77713) x14 0x0000000000000000
core   0: 0x000000008000ff54 (0x00e78023) sb      a4, 0(a5)
core   0: 3 0x000000008000ff54 (0x00e78023) mem 0x0000000080012092 0x00
core   0: 0x000000008000ff58 (0xfc843703) ld      a4, -56(s0)
core   0: 3 0x000000008000ff58 (0xfc843703) x14 0x0000000080012040 mem 0x0000000080031f38
core   0: 0x000000008000ff5c (0xfb843783) ld      a5, -72(s0)
core   0: 3 0x000000008000ff5c (0xfb843783) x15 0x000000000000009c mem 0x0000000080031f28
core   0: 0x000000008000ff60 (0x000097ba) c.add   a5, a4
core   0: 3 0x000000008000ff60 (0x97ba) x15 0x00000000800120dc
core   0: 0x000000008000ff62 (0xfe043703) ld      a4, -32(s0)
core   0: 3 0x000000008000ff62 (0xfe043703) x14 0x0000000080012093 mem 0x0000000080031f50
core   0: 0x000000008000ff66 (0xfcf76de3) bltu    a4, a5, pc - 38
core   0: 3 0x000000008000ff66 (0xfcf76de3)
core   0: 0x000000008000ff40 (0xfe043783) ld      a5, -32(s0)
core   0: 3 0x000000008000ff40 (0xfe043783) x15 0x0000000080012093 mem 0x0000000080031f50
core   0: 0x000000008000ff44 (0x00178713) addi    a4, a5, 1
core   0: 3 0x000000008000ff44 (0x00178713) x14 0x0000000080012094
core   0: 0x000000008000ff48 (0xfee43023) sd      a4, -32(s0)
core   0: 3 0x000000008000ff48 (0xfee43023) mem 0x0000000080031f50 0x0000000080012094
core   0: 0x000000008000ff4c (0xfc442703) lw      a4, -60(s0)
core   0: 3 0x000000008000ff4c (0xfc442703) x14 0x0000000000000000 mem 0x0000000080031f34
core   0: 0x000000008000ff50 (0x0ff77713) andi    a4, a4, 255
core   0: 3 0x000000008000ff50 (0x0ff77713) x14 0x0000000000000000
core   0: 0x000000008000ff54 (0x00e78023) sb      a4, 0(a5)
core   0: 3 0x000000008000ff54 (0x00e78023) mem 0x0000000080012093 0x00
core   0: 0x000000008000ff58 (0xfc843703) ld      a4, -56(s0)
core   0: 3 0x000000008000ff58 (0xfc843703) x14 0x0000000080012040 mem 0x0000000080031f38
core   0: 0x000000008000ff5c (0xfb843783) ld      a5, -72(s0)
core   0: 3 0x000000008000ff5c (0xfb843783) x15 0x000000000000009c mem 0x0000000080031f28
core   0: 0x000000008000ff60 (0x000097ba) c.add   a5, a4
core   0: 3 0x000000008000ff60 (0x97ba) x15 0x00000000800120dc
core   0: 0x000000008000ff62 (0xfe043703) ld      a4, -32(s0)
core   0: 3 0x000000008000ff62 (0xfe043703) x14 0x0000000080012094 mem 0x0000000080031f50
core   0: 0x000000008000ff66 (0xfcf76de3) bltu    a4, a5, pc - 38
core   0: 3 0x000000008000ff66 (0xfcf76de3)
core   0: 0x000000008000ff40 (0xfe043783) ld      a5, -32(s0)
core   0: 3 0x000000008000ff40 (0xfe043783) x15 0x0000000080012094 mem 0x0000000080031f50
core   0: 0x000000008000ff44 (0x00178713) addi    a4, a5, 1
core   0: 3 0x000000008000ff44 (0x00178713) x14 0x0000000080012095
core   0: 0x000000008000ff48 (0xfee43023) sd      a4, -32(s0)
core   0: 3 0x000000008000ff48 (0xfee43023) mem 0x0000000080031f50 0x0000000080012095
core   0: 0x000000008000ff4c (0xfc442703) lw      a4, -60(s0)
core   0: 3 0x000000008000ff4c (0xfc442703) x14 0x0000000000000000 mem 0x0000000080031f34
core   0: 0x000000008000ff50 (0x0ff77713) andi    a4, a4, 255
core   0: 3 0x000000008000ff50 (0x0ff77713) x14 0x0000000000000000
core   0: 0x000000008000ff54 (0x00e78023) sb      a4, 0(a5)
core   0: 3 0x000000008000ff54 (0x00e78023) mem 0x0000000080012094 0x00
core   0: 0x000000008000ff58 (0xfc843703) ld      a4, -56(s0)
core   0: 3 0x000000008000ff58 (0xfc843703) x14 0x0000000080012040 mem 0x0000000080031f38
core   0: 0x000000008000ff5c (0xfb843783) ld      a5, -72(s0)
core   0: 3 0x000000008000ff5c (0xfb843783) x15 0x000000000000009c mem 0x0000000080031f28
core   0: 0x000000008000ff60 (0x000097ba) c.add   a5, a4
core   0: 3 0x000000008000ff60 (0x97ba) x15 0x00000000800120dc
core   0: 0x000000008000ff62 (0xfe043703) ld      a4, -32(s0)
core   0: 3 0x000000008000ff62 (0xfe043703) x14 0x0000000080012095 mem 0x0000000080031f50
core   0: 0x000000008000ff66 (0xfcf76de3) bltu    a4, a5, pc - 38
core   0: 3 0x000000008000ff66 (0xfcf76de3)
core   0: 0x000000008000ff40 (0xfe043783) ld      a5, -32(s0)
core   0: 3 0x000000008000ff40 (0xfe043783) x15 0x0000000080012095 mem 0x0000000080031f50
core   0: 0x000000008000ff44 (0x00178713) addi    a4, a5, 1
core   0: 3 0x000000008000ff44 (0x00178713) x14 0x0000000080012096
core   0: 0x000000008000ff48 (0xfee43023) sd      a4, -32(s0)
core   0: 3 0x000000008000ff48 (0xfee43023) mem 0x0000000080031f50 0x0000000080012096
core   0: 0x000000008000ff4c (0xfc442703) lw      a4, -60(s0)
core   0: 3 0x000000008000ff4c (0xfc442703) x14 0x0000000000000000 mem 0x0000000080031f34
core   0: 0x000000008000ff50 (0x0ff77713) andi    a4, a4, 255
core   0: 3 0x000000008000ff50 (0x0ff77713) x14 0x0000000000000000
core   0: 0x000000008000ff54 (0x00e78023) sb      a4, 0(a5)
core   0: 3 0x000000008000ff54 (0x00e78023) mem 0x0000000080012095 0x00
core   0: 0x000000008000ff58 (0xfc843703) ld      a4, -56(s0)
core   0: 3 0x000000008000ff58 (0xfc843703) x14 0x0000000080012040 mem 0x0000000080031f38
core   0: 0x000000008000ff5c (0xfb843783) ld      a5, -72(s0)
core   0: 3 0x000000008000ff5c (0xfb843783) x15 0x000000000000009c mem 0x0000000080031f28
core   0: 0x000000008000ff60 (0x000097ba) c.add   a5, a4
core   0: 3 0x000000008000ff60 (0x97ba) x15 0x00000000800120dc
core   0: 0x000000008000ff62 (0xfe043703) ld      a4, -32(s0)
core   0: 3 0x000000008000ff62 (0xfe043703) x14 0x0000000080012096 mem 0x0000000080031f50
core   0: 0x000000008000ff66 (0xfcf76de3) bltu    a4, a5, pc - 38
core   0: 3 0x000000008000ff66 (0xfcf76de3)
core   0: 0x000000008000ff40 (0xfe043783) ld      a5, -32(s0)
core   0: 3 0x000000008000ff40 (0xfe043783) x15 0x0000000080012096 mem 0x0000000080031f50
core   0: 0x000000008000ff44 (0x00178713) addi    a4, a5, 1
core   0: 3 0x000000008000ff44 (0x00178713) x14 0x0000000080012097
core   0: 0x000000008000ff48 (0xfee43023) sd      a4, -32(s0)
core   0: 3 0x000000008000ff48 (0xfee43023) mem 0x0000000080031f50 0x0000000080012097
core   0: 0x000000008000ff4c (0xfc442703) lw      a4, -60(s0)
core   0: 3 0x000000008000ff4c (0xfc442703) x14 0x0000000000000000 mem 0x0000000080031f34
core   0: 0x000000008000ff50 (0x0ff77713) andi    a4, a4, 255
core   0: 3 0x000000008000ff50 (0x0ff77713) x14 0x0000000000000000
core   0: 0x000000008000ff54 (0x00e78023) sb      a4, 0(a5)
core   0: 3 0x000000008000ff54 (0x00e78023) mem 0x0000000080012096 0x00
core   0: 0x000000008000ff58 (0xfc843703) ld      a4, -56(s0)
core   0: 3 0x000000008000ff58 (0xfc843703) x14 0x0000000080012040 mem 0x0000000080031f38
core   0: 0x000000008000ff5c (0xfb843783) ld      a5, -72(s0)
core   0: 3 0x000000008000ff5c (0xfb843783) x15 0x000000000000009c mem 0x0000000080031f28
core   0: 0x000000008000ff60 (0x000097ba) c.add   a5, a4
core   0: 3 0x000000008000ff60 (0x97ba) x15 0x00000000800120dc
core   0: 0x000000008000ff62 (0xfe043703) ld      a4, -32(s0)
core   0: 3 0x000000008000ff62 (0xfe043703) x14 0x0000000080012097 mem 0x0000000080031f50
core   0: 0x000000008000ff66 (0xfcf76de3) bltu    a4, a5, pc - 38
core   0: 3 0x000000008000ff66 (0xfcf76de3)
core   0: 0x000000008000ff40 (0xfe043783) ld      a5, -32(s0)
core   0: 3 0x000000008000ff40 (0xfe043783) x15 0x0000000080012097 mem 0x0000000080031f50
core   0: 0x000000008000ff44 (0x00178713) addi    a4, a5, 1
core   0: 3 0x000000008000ff44 (0x00178713) x14 0x0000000080012098
core   0: 0x000000008000ff48 (0xfee43023) sd      a4, -32(s0)
core   0: 3 0x000000008000ff48 (0xfee43023) mem 0x0000000080031f50 0x0000000080012098
core   0: 0x000000008000ff4c (0xfc442703) lw      a4, -60(s0)
core   0: 3 0x000000008000ff4c (0xfc442703) x14 0x0000000000000000 mem 0x0000000080031f34
core   0: 0x000000008000ff50 (0x0ff77713) andi    a4, a4, 255
core   0: 3 0x000000008000ff50 (0x0ff77713) x14 0x0000000000000000
core   0: 0x000000008000ff54 (0x00e78023) sb      a4, 0(a5)
core   0: 3 0x000000008000ff54 (0x00e78023) mem 0x0000000080012097 0x00
core   0: 0x000000008000ff58 (0xfc843703) ld      a4, -56(s0)
core   0: 3 0x000000008000ff58 (0xfc843703) x14 0x0000000080012040 mem 0x0000000080031f38
core   0: 0x000000008000ff5c (0xfb843783) ld      a5, -72(s0)
core   0: 3 0x000000008000ff5c (0xfb843783) x15 0x000000000000009c mem 0x0000000080031f28
core   0: 0x000000008000ff60 (0x000097ba) c.add   a5, a4
core   0: 3 0x000000008000ff60 (0x97ba) x15 0x00000000800120dc
core   0: 0x000000008000ff62 (0xfe043703) ld      a4, -32(s0)
core   0: 3 0x000000008000ff62 (0xfe043703) x14 0x0000000080012098 mem 0x0000000080031f50
core   0: 0x000000008000ff66 (0xfcf76de3) bltu    a4, a5, pc - 38
core   0: 3 0x000000008000ff66 (0xfcf76de3)
core   0: 0x000000008000ff40 (0xfe043783) ld      a5, -32(s0)
core   0: 3 0x000000008000ff40 (0xfe043783) x15 0x0000000080012098 mem 0x0000000080031f50
core   0: 0x000000008000ff44 (0x00178713) addi    a4, a5, 1
core   0: 3 0x000000008000ff44 (0x00178713) x14 0x0000000080012099
core   0: 0x000000008000ff48 (0xfee43023) sd      a4, -32(s0)
core   0: 3 0x000000008000ff48 (0xfee43023) mem 0x0000000080031f50 0x0000000080012099
core   0: 0x000000008000ff4c (0xfc442703) lw      a4, -60(s0)
core   0: 3 0x000000008000ff4c (0xfc442703) x14 0x0000000000000000 mem 0x0000000080031f34
core   0: 0x000000008000ff50 (0x0ff77713) andi    a4, a4, 255
core   0: 3 0x000000008000ff50 (0x0ff77713) x14 0x0000000000000000
core   0: 0x000000008000ff54 (0x00e78023) sb      a4, 0(a5)
core   0: 3 0x000000008000ff54 (0x00e78023) mem 0x0000000080012098 0x00
core   0: 0x000000008000ff58 (0xfc843703) ld      a4, -56(s0)
core   0: 3 0x000000008000ff58 (0xfc843703) x14 0x0000000080012040 mem 0x0000000080031f38
core   0: 0x000000008000ff5c (0xfb843783) ld      a5, -72(s0)
core   0: 3 0x000000008000ff5c (0xfb843783) x15 0x000000000000009c mem 0x0000000080031f28
core   0: 0x000000008000ff60 (0x000097ba) c.add   a5, a4
core   0: 3 0x000000008000ff60 (0x97ba) x15 0x00000000800120dc
core   0: 0x000000008000ff62 (0xfe043703) ld      a4, -32(s0)
core   0: 3 0x000000008000ff62 (0xfe043703) x14 0x0000000080012099 mem 0x0000000080031f50
core   0: 0x000000008000ff66 (0xfcf76de3) bltu    a4, a5, pc - 38
core   0: 3 0x000000008000ff66 (0xfcf76de3)
core   0: 0x000000008000ff40 (0xfe043783) ld      a5, -32(s0)
core   0: 3 0x000000008000ff40 (0xfe043783) x15 0x0000000080012099 mem 0x0000000080031f50
core   0: 0x000000008000ff44 (0x00178713) addi    a4, a5, 1
core   0: 3 0x000000008000ff44 (0x00178713) x14 0x000000008001209a
core   0: 0x000000008000ff48 (0xfee43023) sd      a4, -32(s0)
core   0: 3 0x000000008000ff48 (0xfee43023) mem 0x0000000080031f50 0x000000008001209a
core   0: 0x000000008000ff4c (0xfc442703) lw      a4, -60(s0)
core   0: 3 0x000000008000ff4c (0xfc442703) x14 0x0000000000000000 mem 0x0000000080031f34
core   0: 0x000000008000ff50 (0x0ff77713) andi    a4, a4, 255
core   0: 3 0x000000008000ff50 (0x0ff77713) x14 0x0000000000000000
core   0: 0x000000008000ff54 (0x00e78023) sb      a4, 0(a5)
core   0: 3 0x000000008000ff54 (0x00e78023) mem 0x0000000080012099 0x00
core   0: 0x000000008000ff58 (0xfc843703) ld      a4, -56(s0)
core   0: 3 0x000000008000ff58 (0xfc843703) x14 0x0000000080012040 mem 0x0000000080031f38
core   0: 0x000000008000ff5c (0xfb843783) ld      a5, -72(s0)
core   0: 3 0x000000008000ff5c (0xfb843783) x15 0x000000000000009c mem 0x0000000080031f28
core   0: 0x000000008000ff60 (0x000097ba) c.add   a5, a4
core   0: 3 0x000000008000ff60 (0x97ba) x15 0x00000000800120dc
core   0: 0x000000008000ff62 (0xfe043703) ld      a4, -32(s0)
core   0: 3 0x000000008000ff62 (0xfe043703) x14 0x000000008001209a mem 0x0000000080031f50
core   0: 0x000000008000ff66 (0xfcf76de3) bltu    a4, a5, pc - 38
core   0: 3 0x000000008000ff66 (0xfcf76de3)
core   0: 0x000000008000ff40 (0xfe043783) ld      a5, -32(s0)
core   0: 3 0x000000008000ff40 (0xfe043783) x15 0x000000008001209a mem 0x0000000080031f50
core   0: 0x000000008000ff44 (0x00178713) addi    a4, a5, 1
core   0: 3 0x000000008000ff44 (0x00178713) x14 0x000000008001209b
core   0: 0x000000008000ff48 (0xfee43023) sd      a4, -32(s0)
core   0: 3 0x000000008000ff48 (0xfee43023) mem 0x0000000080031f50 0x000000008001209b
core   0: 0x000000008000ff4c (0xfc442703) lw      a4, -60(s0)
core   0: 3 0x000000008000ff4c (0xfc442703) x14 0x0000000000000000 mem 0x0000000080031f34
core   0: 0x000000008000ff50 (0x0ff77713) andi    a4, a4, 255
core   0: 3 0x000000008000ff50 (0x0ff77713) x14 0x0000000000000000
core   0: 0x000000008000ff54 (0x00e78023) sb      a4, 0(a5)
core   0: 3 0x000000008000ff54 (0x00e78023) mem 0x000000008001209a 0x00
core   0: 0x000000008000ff58 (0xfc843703) ld      a4, -56(s0)
core   0: 3 0x000000008000ff58 (0xfc843703) x14 0x0000000080012040 mem 0x0000000080031f38
core   0: 0x000000008000ff5c (0xfb843783) ld      a5, -72(s0)
core   0: 3 0x000000008000ff5c (0xfb843783) x15 0x000000000000009c mem 0x0000000080031f28
core   0: 0x000000008000ff60 (0x000097ba) c.add   a5, a4
core   0: 3 0x000000008000ff60 (0x97ba) x15 0x00000000800120dc
core   0: 0x000000008000ff62 (0xfe043703) ld      a4, -32(s0)
core   0: 3 0x000000008000ff62 (0xfe043703) x14 0x000000008001209b mem 0x0000000080031f50
core   0: 0x000000008000ff66 (0xfcf76de3) bltu    a4, a5, pc - 38
core   0: 3 0x000000008000ff66 (0xfcf76de3)
core   0: 0x000000008000ff40 (0xfe043783) ld      a5, -32(s0)
core   0: 3 0x000000008000ff40 (0xfe043783) x15 0x000000008001209b mem 0x0000000080031f50
core   0: 0x000000008000ff44 (0x00178713) addi    a4, a5, 1
core   0: 3 0x000000008000ff44 (0x00178713) x14 0x000000008001209c
core   0: 0x000000008000ff48 (0xfee43023) sd      a4, -32(s0)
core   0: 3 0x000000008000ff48 (0xfee43023) mem 0x0000000080031f50 0x000000008001209c
core   0: 0x000000008000ff4c (0xfc442703) lw      a4, -60(s0)
core   0: 3 0x000000008000ff4c (0xfc442703) x14 0x0000000000000000 mem 0x0000000080031f34
core   0: 0x000000008000ff50 (0x0ff77713) andi    a4, a4, 255
core   0: 3 0x000000008000ff50 (0x0ff77713) x14 0x0000000000000000
core   0: 0x000000008000ff54 (0x00e78023) sb      a4, 0(a5)
core   0: 3 0x000000008000ff54 (0x00e78023) mem 0x000000008001209b 0x00
core   0: 0x000000008000ff58 (0xfc843703) ld      a4, -56(s0)
core   0: 3 0x000000008000ff58 (0xfc843703) x14 0x0000000080012040 mem 0x0000000080031f38
core   0: 0x000000008000ff5c (0xfb843783) ld      a5, -72(s0)
core   0: 3 0x000000008000ff5c (0xfb843783) x15 0x000000000000009c mem 0x0000000080031f28
core   0: 0x000000008000ff60 (0x000097ba) c.add   a5, a4
core   0: 3 0x000000008000ff60 (0x97ba) x15 0x00000000800120dc
core   0: 0x000000008000ff62 (0xfe043703) ld      a4, -32(s0)
core   0: 3 0x000000008000ff62 (0xfe043703) x14 0x000000008001209c mem 0x0000000080031f50
core   0: 0x000000008000ff66 (0xfcf76de3) bltu    a4, a5, pc - 38
core   0: 3 0x000000008000ff66 (0xfcf76de3)
core   0: 0x000000008000ff40 (0xfe043783) ld      a5, -32(s0)
core   0: 3 0x000000008000ff40 (0xfe043783) x15 0x000000008001209c mem 0x0000000080031f50
core   0: 0x000000008000ff44 (0x00178713) addi    a4, a5, 1
core   0: 3 0x000000008000ff44 (0x00178713) x14 0x000000008001209d
core   0: 0x000000008000ff48 (0xfee43023) sd      a4, -32(s0)
core   0: 3 0x000000008000ff48 (0xfee43023) mem 0x0000000080031f50 0x000000008001209d
core   0: 0x000000008000ff4c (0xfc442703) lw      a4, -60(s0)
core   0: 3 0x000000008000ff4c (0xfc442703) x14 0x0000000000000000 mem 0x0000000080031f34
core   0: 0x000000008000ff50 (0x0ff77713) andi    a4, a4, 255
core   0: 3 0x000000008000ff50 (0x0ff77713) x14 0x0000000000000000
core   0: 0x000000008000ff54 (0x00e78023) sb      a4, 0(a5)
core   0: 3 0x000000008000ff54 (0x00e78023) mem 0x000000008001209c 0x00
core   0: 0x000000008000ff58 (0xfc843703) ld      a4, -56(s0)
core   0: 3 0x000000008000ff58 (0xfc843703) x14 0x0000000080012040 mem 0x0000000080031f38
core   0: 0x000000008000ff5c (0xfb843783) ld      a5, -72(s0)
core   0: 3 0x000000008000ff5c (0xfb843783) x15 0x000000000000009c mem 0x0000000080031f28
core   0: 0x000000008000ff60 (0x000097ba) c.add   a5, a4
core   0: 3 0x000000008000ff60 (0x97ba) x15 0x00000000800120dc
core   0: 0x000000008000ff62 (0xfe043703) ld      a4, -32(s0)
core   0: 3 0x000000008000ff62 (0xfe043703) x14 0x000000008001209d mem 0x0000000080031f50
core   0: 0x000000008000ff66 (0xfcf76de3) bltu    a4, a5, pc - 38
core   0: 3 0x000000008000ff66 (0xfcf76de3)
core   0: 0x000000008000ff40 (0xfe043783) ld      a5, -32(s0)
core   0: 3 0x000000008000ff40 (0xfe043783) x15 0x000000008001209d mem 0x0000000080031f50
core   0: 0x000000008000ff44 (0x00178713) addi    a4, a5, 1
core   0: 3 0x000000008000ff44 (0x00178713) x14 0x000000008001209e
core   0: 0x000000008000ff48 (0xfee43023) sd      a4, -32(s0)
core   0: 3 0x000000008000ff48 (0xfee43023) mem 0x0000000080031f50 0x000000008001209e
core   0: 0x000000008000ff4c (0xfc442703) lw      a4, -60(s0)
core   0: 3 0x000000008000ff4c (0xfc442703) x14 0x0000000000000000 mem 0x0000000080031f34
core   0: 0x000000008000ff50 (0x0ff77713) andi    a4, a4, 255
core   0: 3 0x000000008000ff50 (0x0ff77713) x14 0x0000000000000000
core   0: 0x000000008000ff54 (0x00e78023) sb      a4, 0(a5)
core   0: 3 0x000000008000ff54 (0x00e78023) mem 0x000000008001209d 0x00
core   0: 0x000000008000ff58 (0xfc843703) ld      a4, -56(s0)
core   0: 3 0x000000008000ff58 (0xfc843703) x14 0x0000000080012040 mem 0x0000000080031f38
core   0: 0x000000008000ff5c (0xfb843783) ld      a5, -72(s0)
core   0: 3 0x000000008000ff5c (0xfb843783) x15 0x000000000000009c mem 0x0000000080031f28
core   0: 0x000000008000ff60 (0x000097ba) c.add   a5, a4
core   0: 3 0x000000008000ff60 (0x97ba) x15 0x00000000800120dc
core   0: 0x000000008000ff62 (0xfe043703) ld      a4, -32(s0)
core   0: 3 0x000000008000ff62 (0xfe043703) x14 0x000000008001209e mem 0x0000000080031f50
core   0: 0x000000008000ff66 (0xfcf76de3) bltu    a4, a5, pc - 38
core   0: 3 0x000000008000ff66 (0xfcf76de3)
core   0: 0x000000008000ff40 (0xfe043783) ld      a5, -32(s0)
core   0: 3 0x000000008000ff40 (0xfe043783) x15 0x000000008001209e mem 0x0000000080031f50
core   0: 0x000000008000ff44 (0x00178713) addi    a4, a5, 1
core   0: 3 0x000000008000ff44 (0x00178713) x14 0x000000008001209f
core   0: 0x000000008000ff48 (0xfee43023) sd      a4, -32(s0)
core   0: 3 0x000000008000ff48 (0xfee43023) mem 0x0000000080031f50 0x000000008001209f
core   0: 0x000000008000ff4c (0xfc442703) lw      a4, -60(s0)
core   0: 3 0x000000008000ff4c (0xfc442703) x14 0x0000000000000000 mem 0x0000000080031f34
core   0: 0x000000008000ff50 (0x0ff77713) andi    a4, a4, 255
core   0: 3 0x000000008000ff50 (0x0ff77713) x14 0x0000000000000000
core   0: 0x000000008000ff54 (0x00e78023) sb      a4, 0(a5)
core   0: 3 0x000000008000ff54 (0x00e78023) mem 0x000000008001209e 0x00
core   0: 0x000000008000ff58 (0xfc843703) ld      a4, -56(s0)
core   0: 3 0x000000008000ff58 (0xfc843703) x14 0x0000000080012040 mem 0x0000000080031f38
core   0: 0x000000008000ff5c (0xfb843783) ld      a5, -72(s0)
core   0: 3 0x000000008000ff5c (0xfb843783) x15 0x000000000000009c mem 0x0000000080031f28
core   0: 0x000000008000ff60 (0x000097ba) c.add   a5, a4
core   0: 3 0x000000008000ff60 (0x97ba) x15 0x00000000800120dc
core   0: 0x000000008000ff62 (0xfe043703) ld      a4, -32(s0)
core   0: 3 0x000000008000ff62 (0xfe043703) x14 0x000000008001209f mem 0x0000000080031f50
core   0: 0x000000008000ff66 (0xfcf76de3) bltu    a4, a5, pc - 38
core   0: 3 0x000000008000ff66 (0xfcf76de3)
core   0: 0x000000008000ff40 (0xfe043783) ld      a5, -32(s0)
core   0: 3 0x000000008000ff40 (0xfe043783) x15 0x000000008001209f mem 0x0000000080031f50
core   0: 0x000000008000ff44 (0x00178713) addi    a4, a5, 1
core   0: 3 0x000000008000ff44 (0x00178713) x14 0x00000000800120a0
core   0: 0x000000008000ff48 (0xfee43023) sd      a4, -32(s0)
core   0: 3 0x000000008000ff48 (0xfee43023) mem 0x0000000080031f50 0x00000000800120a0
core   0: 0x000000008000ff4c (0xfc442703) lw      a4, -60(s0)
core   0: 3 0x000000008000ff4c (0xfc442703) x14 0x0000000000000000 mem 0x0000000080031f34
core   0: 0x000000008000ff50 (0x0ff77713) andi    a4, a4, 255
core   0: 3 0x000000008000ff50 (0x0ff77713) x14 0x0000000000000000
core   0: 0x000000008000ff54 (0x00e78023) sb      a4, 0(a5)
core   0: 3 0x000000008000ff54 (0x00e78023) mem 0x000000008001209f 0x00
core   0: 0x000000008000ff58 (0xfc843703) ld      a4, -56(s0)
core   0: 3 0x000000008000ff58 (0xfc843703) x14 0x0000000080012040 mem 0x0000000080031f38
core   0: 0x000000008000ff5c (0xfb843783) ld      a5, -72(s0)
core   0: 3 0x000000008000ff5c (0xfb843783) x15 0x000000000000009c mem 0x0000000080031f28
core   0: 0x000000008000ff60 (0x000097ba) c.add   a5, a4
core   0: 3 0x000000008000ff60 (0x97ba) x15 0x00000000800120dc
core   0: 0x000000008000ff62 (0xfe043703) ld      a4, -32(s0)
core   0: 3 0x000000008000ff62 (0xfe043703) x14 0x00000000800120a0 mem 0x0000000080031f50
core   0: 0x000000008000ff66 (0xfcf76de3) bltu    a4, a5, pc - 38
core   0: 3 0x000000008000ff66 (0xfcf76de3)
core   0: 0x000000008000ff40 (0xfe043783) ld      a5, -32(s0)
core   0: 3 0x000000008000ff40 (0xfe043783) x15 0x00000000800120a0 mem 0x0000000080031f50
core   0: 0x000000008000ff44 (0x00178713) addi    a4, a5, 1
core   0: 3 0x000000008000ff44 (0x00178713) x14 0x00000000800120a1
core   0: 0x000000008000ff48 (0xfee43023) sd      a4, -32(s0)
core   0: 3 0x000000008000ff48 (0xfee43023) mem 0x0000000080031f50 0x00000000800120a1
core   0: 0x000000008000ff4c (0xfc442703) lw      a4, -60(s0)
core   0: 3 0x000000008000ff4c (0xfc442703) x14 0x0000000000000000 mem 0x0000000080031f34
core   0: 0x000000008000ff50 (0x0ff77713) andi    a4, a4, 255
core   0: 3 0x000000008000ff50 (0x0ff77713) x14 0x0000000000000000
core   0: 0x000000008000ff54 (0x00e78023) sb      a4, 0(a5)
core   0: 3 0x000000008000ff54 (0x00e78023) mem 0x00000000800120a0 0x00
core   0: 0x000000008000ff58 (0xfc843703) ld      a4, -56(s0)
core   0: 3 0x000000008000ff58 (0xfc843703) x14 0x0000000080012040 mem 0x0000000080031f38
core   0: 0x000000008000ff5c (0xfb843783) ld      a5, -72(s0)
core   0: 3 0x000000008000ff5c (0xfb843783) x15 0x000000000000009c mem 0x0000000080031f28
core   0: 0x000000008000ff60 (0x000097ba) c.add   a5, a4
core   0: 3 0x000000008000ff60 (0x97ba) x15 0x00000000800120dc
core   0: 0x000000008000ff62 (0xfe043703) ld      a4, -32(s0)
core   0: 3 0x000000008000ff62 (0xfe043703) x14 0x00000000800120a1 mem 0x0000000080031f50
core   0: 0x000000008000ff66 (0xfcf76de3) bltu    a4, a5, pc - 38
core   0: 3 0x000000008000ff66 (0xfcf76de3)
core   0: 0x000000008000ff40 (0xfe043783) ld      a5, -32(s0)
core   0: 3 0x000000008000ff40 (0xfe043783) x15 0x00000000800120a1 mem 0x0000000080031f50
core   0: 0x000000008000ff44 (0x00178713) addi    a4, a5, 1
core   0: 3 0x000000008000ff44 (0x00178713) x14 0x00000000800120a2
core   0: 0x000000008000ff48 (0xfee43023) sd      a4, -32(s0)
core   0: 3 0x000000008000ff48 (0xfee43023) mem 0x0000000080031f50 0x00000000800120a2
core   0: 0x000000008000ff4c (0xfc442703) lw      a4, -60(s0)
core   0: 3 0x000000008000ff4c (0xfc442703) x14 0x0000000000000000 mem 0x0000000080031f34
core   0: 0x000000008000ff50 (0x0ff77713) andi    a4, a4, 255
core   0: 3 0x000000008000ff50 (0x0ff77713) x14 0x0000000000000000
core   0: 0x000000008000ff54 (0x00e78023) sb      a4, 0(a5)
core   0: 3 0x000000008000ff54 (0x00e78023) mem 0x00000000800120a1 0x00
core   0: 0x000000008000ff58 (0xfc843703) ld      a4, -56(s0)
core   0: 3 0x000000008000ff58 (0xfc843703) x14 0x0000000080012040 mem 0x0000000080031f38
core   0: 0x000000008000ff5c (0xfb843783) ld      a5, -72(s0)
core   0: 3 0x000000008000ff5c (0xfb843783) x15 0x000000000000009c mem 0x0000000080031f28
core   0: 0x000000008000ff60 (0x000097ba) c.add   a5, a4
core   0: 3 0x000000008000ff60 (0x97ba) x15 0x00000000800120dc
core   0: 0x000000008000ff62 (0xfe043703) ld      a4, -32(s0)
core   0: 3 0x000000008000ff62 (0xfe043703) x14 0x00000000800120a2 mem 0x0000000080031f50
core   0: 0x000000008000ff66 (0xfcf76de3) bltu    a4, a5, pc - 38
core   0: 3 0x000000008000ff66 (0xfcf76de3)
core   0: 0x000000008000ff40 (0xfe043783) ld      a5, -32(s0)
core   0: 3 0x000000008000ff40 (0xfe043783) x15 0x00000000800120a2 mem 0x0000000080031f50
core   0: 0x000000008000ff44 (0x00178713) addi    a4, a5, 1
core   0: 3 0x000000008000ff44 (0x00178713) x14 0x00000000800120a3
core   0: 0x000000008000ff48 (0xfee43023) sd      a4, -32(s0)
core   0: 3 0x000000008000ff48 (0xfee43023) mem 0x0000000080031f50 0x00000000800120a3
core   0: 0x000000008000ff4c (0xfc442703) lw      a4, -60(s0)
core   0: 3 0x000000008000ff4c (0xfc442703) x14 0x0000000000000000 mem 0x0000000080031f34
core   0: 0x000000008000ff50 (0x0ff77713) andi    a4, a4, 255
core   0: 3 0x000000008000ff50 (0x0ff77713) x14 0x0000000000000000
core   0: 0x000000008000ff54 (0x00e78023) sb      a4, 0(a5)
core   0: 3 0x000000008000ff54 (0x00e78023) mem 0x00000000800120a2 0x00
core   0: 0x000000008000ff58 (0xfc843703) ld      a4, -56(s0)
core   0: 3 0x000000008000ff58 (0xfc843703) x14 0x0000000080012040 mem 0x0000000080031f38
core   0: 0x000000008000ff5c (0xfb843783) ld      a5, -72(s0)
core   0: 3 0x000000008000ff5c (0xfb843783) x15 0x000000000000009c mem 0x0000000080031f28
core   0: 0x000000008000ff60 (0x000097ba) c.add   a5, a4
core   0: 3 0x000000008000ff60 (0x97ba) x15 0x00000000800120dc
core   0: 0x000000008000ff62 (0xfe043703) ld      a4, -32(s0)
core   0: 3 0x000000008000ff62 (0xfe043703) x14 0x00000000800120a3 mem 0x0000000080031f50
core   0: 0x000000008000ff66 (0xfcf76de3) bltu    a4, a5, pc - 38
core   0: 3 0x000000008000ff66 (0xfcf76de3)
core   0: 0x000000008000ff40 (0xfe043783) ld      a5, -32(s0)
core   0: 3 0x000000008000ff40 (0xfe043783) x15 0x00000000800120a3 mem 0x0000000080031f50
core   0: 0x000000008000ff44 (0x00178713) addi    a4, a5, 1
core   0: 3 0x000000008000ff44 (0x00178713) x14 0x00000000800120a4
core   0: 0x000000008000ff48 (0xfee43023) sd      a4, -32(s0)
core   0: 3 0x000000008000ff48 (0xfee43023) mem 0x0000000080031f50 0x00000000800120a4
core   0: 0x000000008000ff4c (0xfc442703) lw      a4, -60(s0)
core   0: 3 0x000000008000ff4c (0xfc442703) x14 0x0000000000000000 mem 0x0000000080031f34
core   0: 0x000000008000ff50 (0x0ff77713) andi    a4, a4, 255
core   0: 3 0x000000008000ff50 (0x0ff77713) x14 0x0000000000000000
core   0: 0x000000008000ff54 (0x00e78023) sb      a4, 0(a5)
core   0: 3 0x000000008000ff54 (0x00e78023) mem 0x00000000800120a3 0x00
core   0: 0x000000008000ff58 (0xfc843703) ld      a4, -56(s0)
core   0: 3 0x000000008000ff58 (0xfc843703) x14 0x0000000080012040 mem 0x0000000080031f38
core   0: 0x000000008000ff5c (0xfb843783) ld      a5, -72(s0)
core   0: 3 0x000000008000ff5c (0xfb843783) x15 0x000000000000009c mem 0x0000000080031f28
core   0: 0x000000008000ff60 (0x000097ba) c.add   a5, a4
core   0: 3 0x000000008000ff60 (0x97ba) x15 0x00000000800120dc
core   0: 0x000000008000ff62 (0xfe043703) ld      a4, -32(s0)
core   0: 3 0x000000008000ff62 (0xfe043703) x14 0x00000000800120a4 mem 0x0000000080031f50
core   0: 0x000000008000ff66 (0xfcf76de3) bltu    a4, a5, pc - 38
core   0: 3 0x000000008000ff66 (0xfcf76de3)
core   0: 0x000000008000ff40 (0xfe043783) ld      a5, -32(s0)
core   0: 3 0x000000008000ff40 (0xfe043783) x15 0x00000000800120a4 mem 0x0000000080031f50
core   0: 0x000000008000ff44 (0x00178713) addi    a4, a5, 1
core   0: 3 0x000000008000ff44 (0x00178713) x14 0x00000000800120a5
core   0: 0x000000008000ff48 (0xfee43023) sd      a4, -32(s0)
core   0: 3 0x000000008000ff48 (0xfee43023) mem 0x0000000080031f50 0x00000000800120a5
core   0: 0x000000008000ff4c (0xfc442703) lw      a4, -60(s0)
core   0: 3 0x000000008000ff4c (0xfc442703) x14 0x0000000000000000 mem 0x0000000080031f34
core   0: 0x000000008000ff50 (0x0ff77713) andi    a4, a4, 255
core   0: 3 0x000000008000ff50 (0x0ff77713) x14 0x0000000000000000
core   0: 0x000000008000ff54 (0x00e78023) sb      a4, 0(a5)
core   0: 3 0x000000008000ff54 (0x00e78023) mem 0x00000000800120a4 0x00
core   0: 0x000000008000ff58 (0xfc843703) ld      a4, -56(s0)
core   0: 3 0x000000008000ff58 (0xfc843703) x14 0x0000000080012040 mem 0x0000000080031f38
core   0: 0x000000008000ff5c (0xfb843783) ld      a5, -72(s0)
core   0: 3 0x000000008000ff5c (0xfb843783) x15 0x000000000000009c mem 0x0000000080031f28
core   0: 0x000000008000ff60 (0x000097ba) c.add   a5, a4
core   0: 3 0x000000008000ff60 (0x97ba) x15 0x00000000800120dc
core   0: 0x000000008000ff62 (0xfe043703) ld      a4, -32(s0)
core   0: 3 0x000000008000ff62 (0xfe043703) x14 0x00000000800120a5 mem 0x0000000080031f50
core   0: 0x000000008000ff66 (0xfcf76de3) bltu    a4, a5, pc - 38
core   0: 3 0x000000008000ff66 (0xfcf76de3)
core   0: 0x000000008000ff40 (0xfe043783) ld      a5, -32(s0)
core   0: 3 0x000000008000ff40 (0xfe043783) x15 0x00000000800120a5 mem 0x0000000080031f50
core   0: 0x000000008000ff44 (0x00178713) addi    a4, a5, 1
core   0: 3 0x000000008000ff44 (0x00178713) x14 0x00000000800120a6
core   0: 0x000000008000ff48 (0xfee43023) sd      a4, -32(s0)
core   0: 3 0x000000008000ff48 (0xfee43023) mem 0x0000000080031f50 0x00000000800120a6
core   0: 0x000000008000ff4c (0xfc442703) lw      a4, -60(s0)
core   0: 3 0x000000008000ff4c (0xfc442703) x14 0x0000000000000000 mem 0x0000000080031f34
core   0: 0x000000008000ff50 (0x0ff77713) andi    a4, a4, 255
core   0: 3 0x000000008000ff50 (0x0ff77713) x14 0x0000000000000000
core   0: 0x000000008000ff54 (0x00e78023) sb      a4, 0(a5)
core   0: 3 0x000000008000ff54 (0x00e78023) mem 0x00000000800120a5 0x00
core   0: 0x000000008000ff58 (0xfc843703) ld      a4, -56(s0)
core   0: 3 0x000000008000ff58 (0xfc843703) x14 0x0000000080012040 mem 0x0000000080031f38
core   0: 0x000000008000ff5c (0xfb843783) ld      a5, -72(s0)
core   0: 3 0x000000008000ff5c (0xfb843783) x15 0x000000000000009c mem 0x0000000080031f28
core   0: 0x000000008000ff60 (0x000097ba) c.add   a5, a4
core   0: 3 0x000000008000ff60 (0x97ba) x15 0x00000000800120dc
core   0: 0x000000008000ff62 (0xfe043703) ld      a4, -32(s0)
core   0: 3 0x000000008000ff62 (0xfe043703) x14 0x00000000800120a6 mem 0x0000000080031f50
core   0: 0x000000008000ff66 (0xfcf76de3) bltu    a4, a5, pc - 38
core   0: 3 0x000000008000ff66 (0xfcf76de3)
core   0: 0x000000008000ff40 (0xfe043783) ld      a5, -32(s0)
core   0: 3 0x000000008000ff40 (0xfe043783) x15 0x00000000800120a6 mem 0x0000000080031f50
core   0: 0x000000008000ff44 (0x00178713) addi    a4, a5, 1
core   0: 3 0x000000008000ff44 (0x00178713) x14 0x00000000800120a7
core   0: 0x000000008000ff48 (0xfee43023) sd      a4, -32(s0)
core   0: 3 0x000000008000ff48 (0xfee43023) mem 0x0000000080031f50 0x00000000800120a7
core   0: 0x000000008000ff4c (0xfc442703) lw      a4, -60(s0)
core   0: 3 0x000000008000ff4c (0xfc442703) x14 0x0000000000000000 mem 0x0000000080031f34
core   0: 0x000000008000ff50 (0x0ff77713) andi    a4, a4, 255
core   0: 3 0x000000008000ff50 (0x0ff77713) x14 0x0000000000000000
core   0: 0x000000008000ff54 (0x00e78023) sb      a4, 0(a5)
core   0: 3 0x000000008000ff54 (0x00e78023) mem 0x00000000800120a6 0x00
core   0: 0x000000008000ff58 (0xfc843703) ld      a4, -56(s0)
core   0: 3 0x000000008000ff58 (0xfc843703) x14 0x0000000080012040 mem 0x0000000080031f38
core   0: 0x000000008000ff5c (0xfb843783) ld      a5, -72(s0)
core   0: 3 0x000000008000ff5c (0xfb843783) x15 0x000000000000009c mem 0x0000000080031f28
core   0: 0x000000008000ff60 (0x000097ba) c.add   a5, a4
core   0: 3 0x000000008000ff60 (0x97ba) x15 0x00000000800120dc
core   0: 0x000000008000ff62 (0xfe043703) ld      a4, -32(s0)
core   0: 3 0x000000008000ff62 (0xfe043703) x14 0x00000000800120a7 mem 0x0000000080031f50
core   0: 0x000000008000ff66 (0xfcf76de3) bltu    a4, a5, pc - 38
core   0: 3 0x000000008000ff66 (0xfcf76de3)
core   0: 0x000000008000ff40 (0xfe043783) ld      a5, -32(s0)
core   0: 3 0x000000008000ff40 (0xfe043783) x15 0x00000000800120a7 mem 0x0000000080031f50
core   0: 0x000000008000ff44 (0x00178713) addi    a4, a5, 1
core   0: 3 0x000000008000ff44 (0x00178713) x14 0x00000000800120a8
core   0: 0x000000008000ff48 (0xfee43023) sd      a4, -32(s0)
core   0: 3 0x000000008000ff48 (0xfee43023) mem 0x0000000080031f50 0x00000000800120a8
core   0: 0x000000008000ff4c (0xfc442703) lw      a4, -60(s0)
core   0: 3 0x000000008000ff4c (0xfc442703) x14 0x0000000000000000 mem 0x0000000080031f34
core   0: 0x000000008000ff50 (0x0ff77713) andi    a4, a4, 255
core   0: 3 0x000000008000ff50 (0x0ff77713) x14 0x0000000000000000
core   0: 0x000000008000ff54 (0x00e78023) sb      a4, 0(a5)
core   0: 3 0x000000008000ff54 (0x00e78023) mem 0x00000000800120a7 0x00
core   0: 0x000000008000ff58 (0xfc843703) ld      a4, -56(s0)
core   0: 3 0x000000008000ff58 (0xfc843703) x14 0x0000000080012040 mem 0x0000000080031f38
core   0: 0x000000008000ff5c (0xfb843783) ld      a5, -72(s0)
core   0: 3 0x000000008000ff5c (0xfb843783) x15 0x000000000000009c mem 0x0000000080031f28
core   0: 0x000000008000ff60 (0x000097ba) c.add   a5, a4
core   0: 3 0x000000008000ff60 (0x97ba) x15 0x00000000800120dc
core   0: 0x000000008000ff62 (0xfe043703) ld      a4, -32(s0)
core   0: 3 0x000000008000ff62 (0xfe043703) x14 0x00000000800120a8 mem 0x0000000080031f50
core   0: 0x000000008000ff66 (0xfcf76de3) bltu    a4, a5, pc - 38
core   0: 3 0x000000008000ff66 (0xfcf76de3)
core   0: 0x000000008000ff40 (0xfe043783) ld      a5, -32(s0)
core   0: 3 0x000000008000ff40 (0xfe043783) x15 0x00000000800120a8 mem 0x0000000080031f50
core   0: 0x000000008000ff44 (0x00178713) addi    a4, a5, 1
core   0: 3 0x000000008000ff44 (0x00178713) x14 0x00000000800120a9
core   0: 0x000000008000ff48 (0xfee43023) sd      a4, -32(s0)
core   0: 3 0x000000008000ff48 (0xfee43023) mem 0x0000000080031f50 0x00000000800120a9
core   0: 0x000000008000ff4c (0xfc442703) lw      a4, -60(s0)
core   0: 3 0x000000008000ff4c (0xfc442703) x14 0x0000000000000000 mem 0x0000000080031f34
core   0: 0x000000008000ff50 (0x0ff77713) andi    a4, a4, 255
core   0: 3 0x000000008000ff50 (0x0ff77713) x14 0x0000000000000000
core   0: 0x000000008000ff54 (0x00e78023) sb      a4, 0(a5)
core   0: 3 0x000000008000ff54 (0x00e78023) mem 0x00000000800120a8 0x00
core   0: 0x000000008000ff58 (0xfc843703) ld      a4, -56(s0)
core   0: 3 0x000000008000ff58 (0xfc843703) x14 0x0000000080012040 mem 0x0000000080031f38
core   0: 0x000000008000ff5c (0xfb843783) ld      a5, -72(s0)
core   0: 3 0x000000008000ff5c (0xfb843783) x15 0x000000000000009c mem 0x0000000080031f28
core   0: 0x000000008000ff60 (0x000097ba) c.add   a5, a4
core   0: 3 0x000000008000ff60 (0x97ba) x15 0x00000000800120dc
core   0: 0x000000008000ff62 (0xfe043703) ld      a4, -32(s0)
core   0: 3 0x000000008000ff62 (0xfe043703) x14 0x00000000800120a9 mem 0x0000000080031f50
core   0: 0x000000008000ff66 (0xfcf76de3) bltu    a4, a5, pc - 38
core   0: 3 0x000000008000ff66 (0xfcf76de3)
core   0: 0x000000008000ff40 (0xfe043783) ld      a5, -32(s0)
core   0: 3 0x000000008000ff40 (0xfe043783) x15 0x00000000800120a9 mem 0x0000000080031f50
core   0: 0x000000008000ff44 (0x00178713) addi    a4, a5, 1
core   0: 3 0x000000008000ff44 (0x00178713) x14 0x00000000800120aa
core   0: 0x000000008000ff48 (0xfee43023) sd      a4, -32(s0)
core   0: 3 0x000000008000ff48 (0xfee43023) mem 0x0000000080031f50 0x00000000800120aa
core   0: 0x000000008000ff4c (0xfc442703) lw      a4, -60(s0)
core   0: 3 0x000000008000ff4c (0xfc442703) x14 0x0000000000000000 mem 0x0000000080031f34
core   0: 0x000000008000ff50 (0x0ff77713) andi    a4, a4, 255
core   0: 3 0x000000008000ff50 (0x0ff77713) x14 0x0000000000000000
core   0: 0x000000008000ff54 (0x00e78023) sb      a4, 0(a5)
core   0: 3 0x000000008000ff54 (0x00e78023) mem 0x00000000800120a9 0x00
core   0: 0x000000008000ff58 (0xfc843703) ld      a4, -56(s0)
core   0: 3 0x000000008000ff58 (0xfc843703) x14 0x0000000080012040 mem 0x0000000080031f38
core   0: 0x000000008000ff5c (0xfb843783) ld      a5, -72(s0)
core   0: 3 0x000000008000ff5c (0xfb843783) x15 0x000000000000009c mem 0x0000000080031f28
core   0: 0x000000008000ff60 (0x000097ba) c.add   a5, a4
core   0: 3 0x000000008000ff60 (0x97ba) x15 0x00000000800120dc
core   0: 0x000000008000ff62 (0xfe043703) ld      a4, -32(s0)
core   0: 3 0x000000008000ff62 (0xfe043703) x14 0x00000000800120aa mem 0x0000000080031f50
core   0: 0x000000008000ff66 (0xfcf76de3) bltu    a4, a5, pc - 38
core   0: 3 0x000000008000ff66 (0xfcf76de3)
core   0: 0x000000008000ff40 (0xfe043783) ld      a5, -32(s0)
core   0: 3 0x000000008000ff40 (0xfe043783) x15 0x00000000800120aa mem 0x0000000080031f50
core   0: 0x000000008000ff44 (0x00178713) addi    a4, a5, 1
core   0: 3 0x000000008000ff44 (0x00178713) x14 0x00000000800120ab
core   0: 0x000000008000ff48 (0xfee43023) sd      a4, -32(s0)
core   0: 3 0x000000008000ff48 (0xfee43023) mem 0x0000000080031f50 0x00000000800120ab
core   0: 0x000000008000ff4c (0xfc442703) lw      a4, -60(s0)
core   0: 3 0x000000008000ff4c (0xfc442703) x14 0x0000000000000000 mem 0x0000000080031f34
core   0: 0x000000008000ff50 (0x0ff77713) andi    a4, a4, 255
core   0: 3 0x000000008000ff50 (0x0ff77713) x14 0x0000000000000000
core   0: 0x000000008000ff54 (0x00e78023) sb      a4, 0(a5)
core   0: 3 0x000000008000ff54 (0x00e78023) mem 0x00000000800120aa 0x00
core   0: 0x000000008000ff58 (0xfc843703) ld      a4, -56(s0)
core   0: 3 0x000000008000ff58 (0xfc843703) x14 0x0000000080012040 mem 0x0000000080031f38
core   0: 0x000000008000ff5c (0xfb843783) ld      a5, -72(s0)
core   0: 3 0x000000008000ff5c (0xfb843783) x15 0x000000000000009c mem 0x0000000080031f28
core   0: 0x000000008000ff60 (0x000097ba) c.add   a5, a4
core   0: 3 0x000000008000ff60 (0x97ba) x15 0x00000000800120dc
core   0: 0x000000008000ff62 (0xfe043703) ld      a4, -32(s0)
core   0: 3 0x000000008000ff62 (0xfe043703) x14 0x00000000800120ab mem 0x0000000080031f50
core   0: 0x000000008000ff66 (0xfcf76de3) bltu    a4, a5, pc - 38
core   0: 3 0x000000008000ff66 (0xfcf76de3)
core   0: 0x000000008000ff40 (0xfe043783) ld      a5, -32(s0)
core   0: 3 0x000000008000ff40 (0xfe043783) x15 0x00000000800120ab mem 0x0000000080031f50
core   0: 0x000000008000ff44 (0x00178713) addi    a4, a5, 1
core   0: 3 0x000000008000ff44 (0x00178713) x14 0x00000000800120ac
core   0: 0x000000008000ff48 (0xfee43023) sd      a4, -32(s0)
core   0: 3 0x000000008000ff48 (0xfee43023) mem 0x0000000080031f50 0x00000000800120ac
core   0: 0x000000008000ff4c (0xfc442703) lw      a4, -60(s0)
core   0: 3 0x000000008000ff4c (0xfc442703) x14 0x0000000000000000 mem 0x0000000080031f34
core   0: 0x000000008000ff50 (0x0ff77713) andi    a4, a4, 255
core   0: 3 0x000000008000ff50 (0x0ff77713) x14 0x0000000000000000
core   0: 0x000000008000ff54 (0x00e78023) sb      a4, 0(a5)
core   0: 3 0x000000008000ff54 (0x00e78023) mem 0x00000000800120ab 0x00
core   0: 0x000000008000ff58 (0xfc843703) ld      a4, -56(s0)
core   0: 3 0x000000008000ff58 (0xfc843703) x14 0x0000000080012040 mem 0x0000000080031f38
core   0: 0x000000008000ff5c (0xfb843783) ld      a5, -72(s0)
core   0: 3 0x000000008000ff5c (0xfb843783) x15 0x000000000000009c mem 0x0000000080031f28
core   0: 0x000000008000ff60 (0x000097ba) c.add   a5, a4
core   0: 3 0x000000008000ff60 (0x97ba) x15 0x00000000800120dc
core   0: 0x000000008000ff62 (0xfe043703) ld      a4, -32(s0)
core   0: 3 0x000000008000ff62 (0xfe043703) x14 0x00000000800120ac mem 0x0000000080031f50
core   0: 0x000000008000ff66 (0xfcf76de3) bltu    a4, a5, pc - 38
core   0: 3 0x000000008000ff66 (0xfcf76de3)
core   0: 0x000000008000ff40 (0xfe043783) ld      a5, -32(s0)
core   0: 3 0x000000008000ff40 (0xfe043783) x15 0x00000000800120ac mem 0x0000000080031f50
core   0: 0x000000008000ff44 (0x00178713) addi    a4, a5, 1
core   0: 3 0x000000008000ff44 (0x00178713) x14 0x00000000800120ad
core   0: 0x000000008000ff48 (0xfee43023) sd      a4, -32(s0)
core   0: 3 0x000000008000ff48 (0xfee43023) mem 0x0000000080031f50 0x00000000800120ad
core   0: 0x000000008000ff4c (0xfc442703) lw      a4, -60(s0)
core   0: 3 0x000000008000ff4c (0xfc442703) x14 0x0000000000000000 mem 0x0000000080031f34
core   0: 0x000000008000ff50 (0x0ff77713) andi    a4, a4, 255
core   0: 3 0x000000008000ff50 (0x0ff77713) x14 0x0000000000000000
core   0: 0x000000008000ff54 (0x00e78023) sb      a4, 0(a5)
core   0: 3 0x000000008000ff54 (0x00e78023) mem 0x00000000800120ac 0x00
core   0: 0x000000008000ff58 (0xfc843703) ld      a4, -56(s0)
core   0: 3 0x000000008000ff58 (0xfc843703) x14 0x0000000080012040 mem 0x0000000080031f38
core   0: 0x000000008000ff5c (0xfb843783) ld      a5, -72(s0)
core   0: 3 0x000000008000ff5c (0xfb843783) x15 0x000000000000009c mem 0x0000000080031f28
core   0: 0x000000008000ff60 (0x000097ba) c.add   a5, a4
core   0: 3 0x000000008000ff60 (0x97ba) x15 0x00000000800120dc
core   0: 0x000000008000ff62 (0xfe043703) ld      a4, -32(s0)
core   0: 3 0x000000008000ff62 (0xfe043703) x14 0x00000000800120ad mem 0x0000000080031f50
core   0: 0x000000008000ff66 (0xfcf76de3) bltu    a4, a5, pc - 38
core   0: 3 0x000000008000ff66 (0xfcf76de3)
core   0: 0x000000008000ff40 (0xfe043783) ld      a5, -32(s0)
core   0: 3 0x000000008000ff40 (0xfe043783) x15 0x00000000800120ad mem 0x0000000080031f50
core   0: 0x000000008000ff44 (0x00178713) addi    a4, a5, 1
core   0: 3 0x000000008000ff44 (0x00178713) x14 0x00000000800120ae
core   0: 0x000000008000ff48 (0xfee43023) sd      a4, -32(s0)
core   0: 3 0x000000008000ff48 (0xfee43023) mem 0x0000000080031f50 0x00000000800120ae
core   0: 0x000000008000ff4c (0xfc442703) lw      a4, -60(s0)
core   0: 3 0x000000008000ff4c (0xfc442703) x14 0x0000000000000000 mem 0x0000000080031f34
core   0: 0x000000008000ff50 (0x0ff77713) andi    a4, a4, 255
core   0: 3 0x000000008000ff50 (0x0ff77713) x14 0x0000000000000000
core   0: 0x000000008000ff54 (0x00e78023) sb      a4, 0(a5)
core   0: 3 0x000000008000ff54 (0x00e78023) mem 0x00000000800120ad 0x00
core   0: 0x000000008000ff58 (0xfc843703) ld      a4, -56(s0)
core   0: 3 0x000000008000ff58 (0xfc843703) x14 0x0000000080012040 mem 0x0000000080031f38
core   0: 0x000000008000ff5c (0xfb843783) ld      a5, -72(s0)
core   0: 3 0x000000008000ff5c (0xfb843783) x15 0x000000000000009c mem 0x0000000080031f28
core   0: 0x000000008000ff60 (0x000097ba) c.add   a5, a4
core   0: 3 0x000000008000ff60 (0x97ba) x15 0x00000000800120dc
core   0: 0x000000008000ff62 (0xfe043703) ld      a4, -32(s0)
core   0: 3 0x000000008000ff62 (0xfe043703) x14 0x00000000800120ae mem 0x0000000080031f50
core   0: 0x000000008000ff66 (0xfcf76de3) bltu    a4, a5, pc - 38
core   0: 3 0x000000008000ff66 (0xfcf76de3)
core   0: 0x000000008000ff40 (0xfe043783) ld      a5, -32(s0)
core   0: 3 0x000000008000ff40 (0xfe043783) x15 0x00000000800120ae mem 0x0000000080031f50
core   0: 0x000000008000ff44 (0x00178713) addi    a4, a5, 1
core   0: 3 0x000000008000ff44 (0x00178713) x14 0x00000000800120af
core   0: 0x000000008000ff48 (0xfee43023) sd      a4, -32(s0)
core   0: 3 0x000000008000ff48 (0xfee43023) mem 0x0000000080031f50 0x00000000800120af
core   0: 0x000000008000ff4c (0xfc442703) lw      a4, -60(s0)
core   0: 3 0x000000008000ff4c (0xfc442703) x14 0x0000000000000000 mem 0x0000000080031f34
core   0: 0x000000008000ff50 (0x0ff77713) andi    a4, a4, 255
core   0: 3 0x000000008000ff50 (0x0ff77713) x14 0x0000000000000000
core   0: 0x000000008000ff54 (0x00e78023) sb      a4, 0(a5)
core   0: 3 0x000000008000ff54 (0x00e78023) mem 0x00000000800120ae 0x00
core   0: 0x000000008000ff58 (0xfc843703) ld      a4, -56(s0)
core   0: 3 0x000000008000ff58 (0xfc843703) x14 0x0000000080012040 mem 0x0000000080031f38
core   0: 0x000000008000ff5c (0xfb843783) ld      a5, -72(s0)
core   0: 3 0x000000008000ff5c (0xfb843783) x15 0x000000000000009c mem 0x0000000080031f28
core   0: 0x000000008000ff60 (0x000097ba) c.add   a5, a4
core   0: 3 0x000000008000ff60 (0x97ba) x15 0x00000000800120dc
core   0: 0x000000008000ff62 (0xfe043703) ld      a4, -32(s0)
core   0: 3 0x000000008000ff62 (0xfe043703) x14 0x00000000800120af mem 0x0000000080031f50
core   0: 0x000000008000ff66 (0xfcf76de3) bltu    a4, a5, pc - 38
core   0: 3 0x000000008000ff66 (0xfcf76de3)
core   0: 0x000000008000ff40 (0xfe043783) ld      a5, -32(s0)
core   0: 3 0x000000008000ff40 (0xfe043783) x15 0x00000000800120af mem 0x0000000080031f50
core   0: 0x000000008000ff44 (0x00178713) addi    a4, a5, 1
core   0: 3 0x000000008000ff44 (0x00178713) x14 0x00000000800120b0
core   0: 0x000000008000ff48 (0xfee43023) sd      a4, -32(s0)
core   0: 3 0x000000008000ff48 (0xfee43023) mem 0x0000000080031f50 0x00000000800120b0
core   0: 0x000000008000ff4c (0xfc442703) lw      a4, -60(s0)
core   0: 3 0x000000008000ff4c (0xfc442703) x14 0x0000000000000000 mem 0x0000000080031f34
core   0: 0x000000008000ff50 (0x0ff77713) andi    a4, a4, 255
core   0: 3 0x000000008000ff50 (0x0ff77713) x14 0x0000000000000000
core   0: 0x000000008000ff54 (0x00e78023) sb      a4, 0(a5)
core   0: 3 0x000000008000ff54 (0x00e78023) mem 0x00000000800120af 0x00
core   0: 0x000000008000ff58 (0xfc843703) ld      a4, -56(s0)
core   0: 3 0x000000008000ff58 (0xfc843703) x14 0x0000000080012040 mem 0x0000000080031f38
core   0: 0x000000008000ff5c (0xfb843783) ld      a5, -72(s0)
core   0: 3 0x000000008000ff5c (0xfb843783) x15 0x000000000000009c mem 0x0000000080031f28
core   0: 0x000000008000ff60 (0x000097ba) c.add   a5, a4
core   0: 3 0x000000008000ff60 (0x97ba) x15 0x00000000800120dc
core   0: 0x000000008000ff62 (0xfe043703) ld      a4, -32(s0)
core   0: 3 0x000000008000ff62 (0xfe043703) x14 0x00000000800120b0 mem 0x0000000080031f50
core   0: 0x000000008000ff66 (0xfcf76de3) bltu    a4, a5, pc - 38
core   0: 3 0x000000008000ff66 (0xfcf76de3)
core   0: 0x000000008000ff40 (0xfe043783) ld      a5, -32(s0)
core   0: 3 0x000000008000ff40 (0xfe043783) x15 0x00000000800120b0 mem 0x0000000080031f50
core   0: 0x000000008000ff44 (0x00178713) addi    a4, a5, 1
core   0: 3 0x000000008000ff44 (0x00178713) x14 0x00000000800120b1
core   0: 0x000000008000ff48 (0xfee43023) sd      a4, -32(s0)
core   0: 3 0x000000008000ff48 (0xfee43023) mem 0x0000000080031f50 0x00000000800120b1
core   0: 0x000000008000ff4c (0xfc442703) lw      a4, -60(s0)
core   0: 3 0x000000008000ff4c (0xfc442703) x14 0x0000000000000000 mem 0x0000000080031f34
core   0: 0x000000008000ff50 (0x0ff77713) andi    a4, a4, 255
core   0: 3 0x000000008000ff50 (0x0ff77713) x14 0x0000000000000000
core   0: 0x000000008000ff54 (0x00e78023) sb      a4, 0(a5)
core   0: 3 0x000000008000ff54 (0x00e78023) mem 0x00000000800120b0 0x00
core   0: 0x000000008000ff58 (0xfc843703) ld      a4, -56(s0)
core   0: 3 0x000000008000ff58 (0xfc843703) x14 0x0000000080012040 mem 0x0000000080031f38
core   0: 0x000000008000ff5c (0xfb843783) ld      a5, -72(s0)
core   0: 3 0x000000008000ff5c (0xfb843783) x15 0x000000000000009c mem 0x0000000080031f28
core   0: 0x000000008000ff60 (0x000097ba) c.add   a5, a4
core   0: 3 0x000000008000ff60 (0x97ba) x15 0x00000000800120dc
core   0: 0x000000008000ff62 (0xfe043703) ld      a4, -32(s0)
core   0: 3 0x000000008000ff62 (0xfe043703) x14 0x00000000800120b1 mem 0x0000000080031f50
core   0: 0x000000008000ff66 (0xfcf76de3) bltu    a4, a5, pc - 38
core   0: 3 0x000000008000ff66 (0xfcf76de3)
core   0: 0x000000008000ff40 (0xfe043783) ld      a5, -32(s0)
core   0: 3 0x000000008000ff40 (0xfe043783) x15 0x00000000800120b1 mem 0x0000000080031f50
core   0: 0x000000008000ff44 (0x00178713) addi    a4, a5, 1
core   0: 3 0x000000008000ff44 (0x00178713) x14 0x00000000800120b2
core   0: 0x000000008000ff48 (0xfee43023) sd      a4, -32(s0)
core   0: 3 0x000000008000ff48 (0xfee43023) mem 0x0000000080031f50 0x00000000800120b2
core   0: 0x000000008000ff4c (0xfc442703) lw      a4, -60(s0)
core   0: 3 0x000000008000ff4c (0xfc442703) x14 0x0000000000000000 mem 0x0000000080031f34
core   0: 0x000000008000ff50 (0x0ff77713) andi    a4, a4, 255
core   0: 3 0x000000008000ff50 (0x0ff77713) x14 0x0000000000000000
core   0: 0x000000008000ff54 (0x00e78023) sb      a4, 0(a5)
core   0: 3 0x000000008000ff54 (0x00e78023) mem 0x00000000800120b1 0x00
core   0: 0x000000008000ff58 (0xfc843703) ld      a4, -56(s0)
core   0: 3 0x000000008000ff58 (0xfc843703) x14 0x0000000080012040 mem 0x0000000080031f38
core   0: 0x000000008000ff5c (0xfb843783) ld      a5, -72(s0)
core   0: 3 0x000000008000ff5c (0xfb843783) x15 0x000000000000009c mem 0x0000000080031f28
core   0: 0x000000008000ff60 (0x000097ba) c.add   a5, a4
core   0: 3 0x000000008000ff60 (0x97ba) x15 0x00000000800120dc
core   0: 0x000000008000ff62 (0xfe043703) ld      a4, -32(s0)
core   0: 3 0x000000008000ff62 (0xfe043703) x14 0x00000000800120b2 mem 0x0000000080031f50
core   0: 0x000000008000ff66 (0xfcf76de3) bltu    a4, a5, pc - 38
core   0: 3 0x000000008000ff66 (0xfcf76de3)
core   0: 0x000000008000ff40 (0xfe043783) ld      a5, -32(s0)
core   0: 3 0x000000008000ff40 (0xfe043783) x15 0x00000000800120b2 mem 0x0000000080031f50
core   0: 0x000000008000ff44 (0x00178713) addi    a4, a5, 1
core   0: 3 0x000000008000ff44 (0x00178713) x14 0x00000000800120b3
core   0: 0x000000008000ff48 (0xfee43023) sd      a4, -32(s0)
core   0: 3 0x000000008000ff48 (0xfee43023) mem 0x0000000080031f50 0x00000000800120b3
core   0: 0x000000008000ff4c (0xfc442703) lw      a4, -60(s0)
core   0: 3 0x000000008000ff4c (0xfc442703) x14 0x0000000000000000 mem 0x0000000080031f34
core   0: 0x000000008000ff50 (0x0ff77713) andi    a4, a4, 255
core   0: 3 0x000000008000ff50 (0x0ff77713) x14 0x0000000000000000
core   0: 0x000000008000ff54 (0x00e78023) sb      a4, 0(a5)
core   0: 3 0x000000008000ff54 (0x00e78023) mem 0x00000000800120b2 0x00
core   0: 0x000000008000ff58 (0xfc843703) ld      a4, -56(s0)
core   0: 3 0x000000008000ff58 (0xfc843703) x14 0x0000000080012040 mem 0x0000000080031f38
core   0: 0x000000008000ff5c (0xfb843783) ld      a5, -72(s0)
core   0: 3 0x000000008000ff5c (0xfb843783) x15 0x000000000000009c mem 0x0000000080031f28
core   0: 0x000000008000ff60 (0x000097ba) c.add   a5, a4
core   0: 3 0x000000008000ff60 (0x97ba) x15 0x00000000800120dc
core   0: 0x000000008000ff62 (0xfe043703) ld      a4, -32(s0)
core   0: 3 0x000000008000ff62 (0xfe043703) x14 0x00000000800120b3 mem 0x0000000080031f50
core   0: 0x000000008000ff66 (0xfcf76de3) bltu    a4, a5, pc - 38
core   0: 3 0x000000008000ff66 (0xfcf76de3)
core   0: 0x000000008000ff40 (0xfe043783) ld      a5, -32(s0)
core   0: 3 0x000000008000ff40 (0xfe043783) x15 0x00000000800120b3 mem 0x0000000080031f50
core   0: 0x000000008000ff44 (0x00178713) addi    a4, a5, 1
core   0: 3 0x000000008000ff44 (0x00178713) x14 0x00000000800120b4
core   0: 0x000000008000ff48 (0xfee43023) sd      a4, -32(s0)
core   0: 3 0x000000008000ff48 (0xfee43023) mem 0x0000000080031f50 0x00000000800120b4
core   0: 0x000000008000ff4c (0xfc442703) lw      a4, -60(s0)
core   0: 3 0x000000008000ff4c (0xfc442703) x14 0x0000000000000000 mem 0x0000000080031f34
core   0: 0x000000008000ff50 (0x0ff77713) andi    a4, a4, 255
core   0: 3 0x000000008000ff50 (0x0ff77713) x14 0x0000000000000000
core   0: 0x000000008000ff54 (0x00e78023) sb      a4, 0(a5)
core   0: 3 0x000000008000ff54 (0x00e78023) mem 0x00000000800120b3 0x00
core   0: 0x000000008000ff58 (0xfc843703) ld      a4, -56(s0)
core   0: 3 0x000000008000ff58 (0xfc843703) x14 0x0000000080012040 mem 0x0000000080031f38
core   0: 0x000000008000ff5c (0xfb843783) ld      a5, -72(s0)
core   0: 3 0x000000008000ff5c (0xfb843783) x15 0x000000000000009c mem 0x0000000080031f28
core   0: 0x000000008000ff60 (0x000097ba) c.add   a5, a4
core   0: 3 0x000000008000ff60 (0x97ba) x15 0x00000000800120dc
core   0: 0x000000008000ff62 (0xfe043703) ld      a4, -32(s0)
core   0: 3 0x000000008000ff62 (0xfe043703) x14 0x00000000800120b4 mem 0x0000000080031f50
core   0: 0x000000008000ff66 (0xfcf76de3) bltu    a4, a5, pc - 38
core   0: 3 0x000000008000ff66 (0xfcf76de3)
core   0: 0x000000008000ff40 (0xfe043783) ld      a5, -32(s0)
core   0: 3 0x000000008000ff40 (0xfe043783) x15 0x00000000800120b4 mem 0x0000000080031f50
core   0: 0x000000008000ff44 (0x00178713) addi    a4, a5, 1
core   0: 3 0x000000008000ff44 (0x00178713) x14 0x00000000800120b5
core   0: 0x000000008000ff48 (0xfee43023) sd      a4, -32(s0)
core   0: 3 0x000000008000ff48 (0xfee43023) mem 0x0000000080031f50 0x00000000800120b5
core   0: 0x000000008000ff4c (0xfc442703) lw      a4, -60(s0)
core   0: 3 0x000000008000ff4c (0xfc442703) x14 0x0000000000000000 mem 0x0000000080031f34
core   0: 0x000000008000ff50 (0x0ff77713) andi    a4, a4, 255
core   0: 3 0x000000008000ff50 (0x0ff77713) x14 0x0000000000000000
core   0: 0x000000008000ff54 (0x00e78023) sb      a4, 0(a5)
core   0: 3 0x000000008000ff54 (0x00e78023) mem 0x00000000800120b4 0x00
core   0: 0x000000008000ff58 (0xfc843703) ld      a4, -56(s0)
core   0: 3 0x000000008000ff58 (0xfc843703) x14 0x0000000080012040 mem 0x0000000080031f38
core   0: 0x000000008000ff5c (0xfb843783) ld      a5, -72(s0)
core   0: 3 0x000000008000ff5c (0xfb843783) x15 0x000000000000009c mem 0x0000000080031f28
core   0: 0x000000008000ff60 (0x000097ba) c.add   a5, a4
core   0: 3 0x000000008000ff60 (0x97ba) x15 0x00000000800120dc
core   0: 0x000000008000ff62 (0xfe043703) ld      a4, -32(s0)
core   0: 3 0x000000008000ff62 (0xfe043703) x14 0x00000000800120b5 mem 0x0000000080031f50
core   0: 0x000000008000ff66 (0xfcf76de3) bltu    a4, a5, pc - 38
core   0: 3 0x000000008000ff66 (0xfcf76de3)
core   0: 0x000000008000ff40 (0xfe043783) ld      a5, -32(s0)
core   0: 3 0x000000008000ff40 (0xfe043783) x15 0x00000000800120b5 mem 0x0000000080031f50
core   0: 0x000000008000ff44 (0x00178713) addi    a4, a5, 1
core   0: 3 0x000000008000ff44 (0x00178713) x14 0x00000000800120b6
core   0: 0x000000008000ff48 (0xfee43023) sd      a4, -32(s0)
core   0: 3 0x000000008000ff48 (0xfee43023) mem 0x0000000080031f50 0x00000000800120b6
core   0: 0x000000008000ff4c (0xfc442703) lw      a4, -60(s0)
core   0: 3 0x000000008000ff4c (0xfc442703) x14 0x0000000000000000 mem 0x0000000080031f34
core   0: 0x000000008000ff50 (0x0ff77713) andi    a4, a4, 255
core   0: 3 0x000000008000ff50 (0x0ff77713) x14 0x0000000000000000
core   0: 0x000000008000ff54 (0x00e78023) sb      a4, 0(a5)
core   0: 3 0x000000008000ff54 (0x00e78023) mem 0x00000000800120b5 0x00
core   0: 0x000000008000ff58 (0xfc843703) ld      a4, -56(s0)
core   0: 3 0x000000008000ff58 (0xfc843703) x14 0x0000000080012040 mem 0x0000000080031f38
core   0: 0x000000008000ff5c (0xfb843783) ld      a5, -72(s0)
core   0: 3 0x000000008000ff5c (0xfb843783) x15 0x000000000000009c mem 0x0000000080031f28
core   0: 0x000000008000ff60 (0x000097ba) c.add   a5, a4
core   0: 3 0x000000008000ff60 (0x97ba) x15 0x00000000800120dc
core   0: 0x000000008000ff62 (0xfe043703) ld      a4, -32(s0)
core   0: 3 0x000000008000ff62 (0xfe043703) x14 0x00000000800120b6 mem 0x0000000080031f50
core   0: 0x000000008000ff66 (0xfcf76de3) bltu    a4, a5, pc - 38
core   0: 3 0x000000008000ff66 (0xfcf76de3)
core   0: 0x000000008000ff40 (0xfe043783) ld      a5, -32(s0)
core   0: 3 0x000000008000ff40 (0xfe043783) x15 0x00000000800120b6 mem 0x0000000080031f50
core   0: 0x000000008000ff44 (0x00178713) addi    a4, a5, 1
core   0: 3 0x000000008000ff44 (0x00178713) x14 0x00000000800120b7
core   0: 0x000000008000ff48 (0xfee43023) sd      a4, -32(s0)
core   0: 3 0x000000008000ff48 (0xfee43023) mem 0x0000000080031f50 0x00000000800120b7
core   0: 0x000000008000ff4c (0xfc442703) lw      a4, -60(s0)
core   0: 3 0x000000008000ff4c (0xfc442703) x14 0x0000000000000000 mem 0x0000000080031f34
core   0: 0x000000008000ff50 (0x0ff77713) andi    a4, a4, 255
core   0: 3 0x000000008000ff50 (0x0ff77713) x14 0x0000000000000000
core   0: 0x000000008000ff54 (0x00e78023) sb      a4, 0(a5)
core   0: 3 0x000000008000ff54 (0x00e78023) mem 0x00000000800120b6 0x00
core   0: 0x000000008000ff58 (0xfc843703) ld      a4, -56(s0)
core   0: 3 0x000000008000ff58 (0xfc843703) x14 0x0000000080012040 mem 0x0000000080031f38
core   0: 0x000000008000ff5c (0xfb843783) ld      a5, -72(s0)
core   0: 3 0x000000008000ff5c (0xfb843783) x15 0x000000000000009c mem 0x0000000080031f28
core   0: 0x000000008000ff60 (0x000097ba) c.add   a5, a4
core   0: 3 0x000000008000ff60 (0x97ba) x15 0x00000000800120dc
core   0: 0x000000008000ff62 (0xfe043703) ld      a4, -32(s0)
core   0: 3 0x000000008000ff62 (0xfe043703) x14 0x00000000800120b7 mem 0x0000000080031f50
core   0: 0x000000008000ff66 (0xfcf76de3) bltu    a4, a5, pc - 38
core   0: 3 0x000000008000ff66 (0xfcf76de3)
core   0: 0x000000008000ff40 (0xfe043783) ld      a5, -32(s0)
core   0: 3 0x000000008000ff40 (0xfe043783) x15 0x00000000800120b7 mem 0x0000000080031f50
core   0: 0x000000008000ff44 (0x00178713) addi    a4, a5, 1
core   0: 3 0x000000008000ff44 (0x00178713) x14 0x00000000800120b8
core   0: 0x000000008000ff48 (0xfee43023) sd      a4, -32(s0)
core   0: 3 0x000000008000ff48 (0xfee43023) mem 0x0000000080031f50 0x00000000800120b8
core   0: 0x000000008000ff4c (0xfc442703) lw      a4, -60(s0)
core   0: 3 0x000000008000ff4c (0xfc442703) x14 0x0000000000000000 mem 0x0000000080031f34
core   0: 0x000000008000ff50 (0x0ff77713) andi    a4, a4, 255
core   0: 3 0x000000008000ff50 (0x0ff77713) x14 0x0000000000000000
core   0: 0x000000008000ff54 (0x00e78023) sb      a4, 0(a5)
core   0: 3 0x000000008000ff54 (0x00e78023) mem 0x00000000800120b7 0x00
core   0: 0x000000008000ff58 (0xfc843703) ld      a4, -56(s0)
core   0: 3 0x000000008000ff58 (0xfc843703) x14 0x0000000080012040 mem 0x0000000080031f38
core   0: 0x000000008000ff5c (0xfb843783) ld      a5, -72(s0)
core   0: 3 0x000000008000ff5c (0xfb843783) x15 0x000000000000009c mem 0x0000000080031f28
core   0: 0x000000008000ff60 (0x000097ba) c.add   a5, a4
core   0: 3 0x000000008000ff60 (0x97ba) x15 0x00000000800120dc
core   0: 0x000000008000ff62 (0xfe043703) ld      a4, -32(s0)
core   0: 3 0x000000008000ff62 (0xfe043703) x14 0x00000000800120b8 mem 0x0000000080031f50
core   0: 0x000000008000ff66 (0xfcf76de3) bltu    a4, a5, pc - 38
core   0: 3 0x000000008000ff66 (0xfcf76de3)
core   0: 0x000000008000ff40 (0xfe043783) ld      a5, -32(s0)
core   0: 3 0x000000008000ff40 (0xfe043783) x15 0x00000000800120b8 mem 0x0000000080031f50
core   0: 0x000000008000ff44 (0x00178713) addi    a4, a5, 1
core   0: 3 0x000000008000ff44 (0x00178713) x14 0x00000000800120b9
core   0: 0x000000008000ff48 (0xfee43023) sd      a4, -32(s0)
core   0: 3 0x000000008000ff48 (0xfee43023) mem 0x0000000080031f50 0x00000000800120b9
core   0: 0x000000008000ff4c (0xfc442703) lw      a4, -60(s0)
core   0: 3 0x000000008000ff4c (0xfc442703) x14 0x0000000000000000 mem 0x0000000080031f34
core   0: 0x000000008000ff50 (0x0ff77713) andi    a4, a4, 255
core   0: 3 0x000000008000ff50 (0x0ff77713) x14 0x0000000000000000
core   0: 0x000000008000ff54 (0x00e78023) sb      a4, 0(a5)
core   0: 3 0x000000008000ff54 (0x00e78023) mem 0x00000000800120b8 0x00
core   0: 0x000000008000ff58 (0xfc843703) ld      a4, -56(s0)
core   0: 3 0x000000008000ff58 (0xfc843703) x14 0x0000000080012040 mem 0x0000000080031f38
core   0: 0x000000008000ff5c (0xfb843783) ld      a5, -72(s0)
core   0: 3 0x000000008000ff5c (0xfb843783) x15 0x000000000000009c mem 0x0000000080031f28
core   0: 0x000000008000ff60 (0x000097ba) c.add   a5, a4
core   0: 3 0x000000008000ff60 (0x97ba) x15 0x00000000800120dc
core   0: 0x000000008000ff62 (0xfe043703) ld      a4, -32(s0)
core   0: 3 0x000000008000ff62 (0xfe043703) x14 0x00000000800120b9 mem 0x0000000080031f50
core   0: 0x000000008000ff66 (0xfcf76de3) bltu    a4, a5, pc - 38
core   0: 3 0x000000008000ff66 (0xfcf76de3)
core   0: 0x000000008000ff40 (0xfe043783) ld      a5, -32(s0)
core   0: 3 0x000000008000ff40 (0xfe043783) x15 0x00000000800120b9 mem 0x0000000080031f50
core   0: 0x000000008000ff44 (0x00178713) addi    a4, a5, 1
core   0: 3 0x000000008000ff44 (0x00178713) x14 0x00000000800120ba
core   0: 0x000000008000ff48 (0xfee43023) sd      a4, -32(s0)
core   0: 3 0x000000008000ff48 (0xfee43023) mem 0x0000000080031f50 0x00000000800120ba
core   0: 0x000000008000ff4c (0xfc442703) lw      a4, -60(s0)
core   0: 3 0x000000008000ff4c (0xfc442703) x14 0x0000000000000000 mem 0x0000000080031f34
core   0: 0x000000008000ff50 (0x0ff77713) andi    a4, a4, 255
core   0: 3 0x000000008000ff50 (0x0ff77713) x14 0x0000000000000000
core   0: 0x000000008000ff54 (0x00e78023) sb      a4, 0(a5)
core   0: 3 0x000000008000ff54 (0x00e78023) mem 0x00000000800120b9 0x00
core   0: 0x000000008000ff58 (0xfc843703) ld      a4, -56(s0)
core   0: 3 0x000000008000ff58 (0xfc843703) x14 0x0000000080012040 mem 0x0000000080031f38
core   0: 0x000000008000ff5c (0xfb843783) ld      a5, -72(s0)
core   0: 3 0x000000008000ff5c (0xfb843783) x15 0x000000000000009c mem 0x0000000080031f28
core   0: 0x000000008000ff60 (0x000097ba) c.add   a5, a4
core   0: 3 0x000000008000ff60 (0x97ba) x15 0x00000000800120dc
core   0: 0x000000008000ff62 (0xfe043703) ld      a4, -32(s0)
core   0: 3 0x000000008000ff62 (0xfe043703) x14 0x00000000800120ba mem 0x0000000080031f50
core   0: 0x000000008000ff66 (0xfcf76de3) bltu    a4, a5, pc - 38
core   0: 3 0x000000008000ff66 (0xfcf76de3)
core   0: 0x000000008000ff40 (0xfe043783) ld      a5, -32(s0)
core   0: 3 0x000000008000ff40 (0xfe043783) x15 0x00000000800120ba mem 0x0000000080031f50
core   0: 0x000000008000ff44 (0x00178713) addi    a4, a5, 1
core   0: 3 0x000000008000ff44 (0x00178713) x14 0x00000000800120bb
core   0: 0x000000008000ff48 (0xfee43023) sd      a4, -32(s0)
core   0: 3 0x000000008000ff48 (0xfee43023) mem 0x0000000080031f50 0x00000000800120bb
core   0: 0x000000008000ff4c (0xfc442703) lw      a4, -60(s0)
core   0: 3 0x000000008000ff4c (0xfc442703) x14 0x0000000000000000 mem 0x0000000080031f34
core   0: 0x000000008000ff50 (0x0ff77713) andi    a4, a4, 255
core   0: 3 0x000000008000ff50 (0x0ff77713) x14 0x0000000000000000
core   0: 0x000000008000ff54 (0x00e78023) sb      a4, 0(a5)
core   0: 3 0x000000008000ff54 (0x00e78023) mem 0x00000000800120ba 0x00
core   0: 0x000000008000ff58 (0xfc843703) ld      a4, -56(s0)
core   0: 3 0x000000008000ff58 (0xfc843703) x14 0x0000000080012040 mem 0x0000000080031f38
core   0: 0x000000008000ff5c (0xfb843783) ld      a5, -72(s0)
core   0: 3 0x000000008000ff5c (0xfb843783) x15 0x000000000000009c mem 0x0000000080031f28
core   0: 0x000000008000ff60 (0x000097ba) c.add   a5, a4
core   0: 3 0x000000008000ff60 (0x97ba) x15 0x00000000800120dc
core   0: 0x000000008000ff62 (0xfe043703) ld      a4, -32(s0)
core   0: 3 0x000000008000ff62 (0xfe043703) x14 0x00000000800120bb mem 0x0000000080031f50
core   0: 0x000000008000ff66 (0xfcf76de3) bltu    a4, a5, pc - 38
core   0: 3 0x000000008000ff66 (0xfcf76de3)
core   0: 0x000000008000ff40 (0xfe043783) ld      a5, -32(s0)
core   0: 3 0x000000008000ff40 (0xfe043783) x15 0x00000000800120bb mem 0x0000000080031f50
core   0: 0x000000008000ff44 (0x00178713) addi    a4, a5, 1
core   0: 3 0x000000008000ff44 (0x00178713) x14 0x00000000800120bc
core   0: 0x000000008000ff48 (0xfee43023) sd      a4, -32(s0)
core   0: 3 0x000000008000ff48 (0xfee43023) mem 0x0000000080031f50 0x00000000800120bc
core   0: 0x000000008000ff4c (0xfc442703) lw      a4, -60(s0)
core   0: 3 0x000000008000ff4c (0xfc442703) x14 0x0000000000000000 mem 0x0000000080031f34
core   0: 0x000000008000ff50 (0x0ff77713) andi    a4, a4, 255
core   0: 3 0x000000008000ff50 (0x0ff77713) x14 0x0000000000000000
core   0: 0x000000008000ff54 (0x00e78023) sb      a4, 0(a5)
core   0: 3 0x000000008000ff54 (0x00e78023) mem 0x00000000800120bb 0x00
core   0: 0x000000008000ff58 (0xfc843703) ld      a4, -56(s0)
core   0: 3 0x000000008000ff58 (0xfc843703) x14 0x0000000080012040 mem 0x0000000080031f38
core   0: 0x000000008000ff5c (0xfb843783) ld      a5, -72(s0)
core   0: 3 0x000000008000ff5c (0xfb843783) x15 0x000000000000009c mem 0x0000000080031f28
core   0: 0x000000008000ff60 (0x000097ba) c.add   a5, a4
core   0: 3 0x000000008000ff60 (0x97ba) x15 0x00000000800120dc
core   0: 0x000000008000ff62 (0xfe043703) ld      a4, -32(s0)
core   0: 3 0x000000008000ff62 (0xfe043703) x14 0x00000000800120bc mem 0x0000000080031f50
core   0: 0x000000008000ff66 (0xfcf76de3) bltu    a4, a5, pc - 38
core   0: 3 0x000000008000ff66 (0xfcf76de3)
core   0: 0x000000008000ff40 (0xfe043783) ld      a5, -32(s0)
core   0: 3 0x000000008000ff40 (0xfe043783) x15 0x00000000800120bc mem 0x0000000080031f50
core   0: 0x000000008000ff44 (0x00178713) addi    a4, a5, 1
core   0: 3 0x000000008000ff44 (0x00178713) x14 0x00000000800120bd
core   0: 0x000000008000ff48 (0xfee43023) sd      a4, -32(s0)
core   0: 3 0x000000008000ff48 (0xfee43023) mem 0x0000000080031f50 0x00000000800120bd
core   0: 0x000000008000ff4c (0xfc442703) lw      a4, -60(s0)
core   0: 3 0x000000008000ff4c (0xfc442703) x14 0x0000000000000000 mem 0x0000000080031f34
core   0: 0x000000008000ff50 (0x0ff77713) andi    a4, a4, 255
core   0: 3 0x000000008000ff50 (0x0ff77713) x14 0x0000000000000000
core   0: 0x000000008000ff54 (0x00e78023) sb      a4, 0(a5)
core   0: 3 0x000000008000ff54 (0x00e78023) mem 0x00000000800120bc 0x00
core   0: 0x000000008000ff58 (0xfc843703) ld      a4, -56(s0)
core   0: 3 0x000000008000ff58 (0xfc843703) x14 0x0000000080012040 mem 0x0000000080031f38
core   0: 0x000000008000ff5c (0xfb843783) ld      a5, -72(s0)
core   0: 3 0x000000008000ff5c (0xfb843783) x15 0x000000000000009c mem 0x0000000080031f28
core   0: 0x000000008000ff60 (0x000097ba) c.add   a5, a4
core   0: 3 0x000000008000ff60 (0x97ba) x15 0x00000000800120dc
core   0: 0x000000008000ff62 (0xfe043703) ld      a4, -32(s0)
core   0: 3 0x000000008000ff62 (0xfe043703) x14 0x00000000800120bd mem 0x0000000080031f50
core   0: 0x000000008000ff66 (0xfcf76de3) bltu    a4, a5, pc - 38
core   0: 3 0x000000008000ff66 (0xfcf76de3)
core   0: 0x000000008000ff40 (0xfe043783) ld      a5, -32(s0)
core   0: 3 0x000000008000ff40 (0xfe043783) x15 0x00000000800120bd mem 0x0000000080031f50
core   0: 0x000000008000ff44 (0x00178713) addi    a4, a5, 1
core   0: 3 0x000000008000ff44 (0x00178713) x14 0x00000000800120be
core   0: 0x000000008000ff48 (0xfee43023) sd      a4, -32(s0)
core   0: 3 0x000000008000ff48 (0xfee43023) mem 0x0000000080031f50 0x00000000800120be
core   0: 0x000000008000ff4c (0xfc442703) lw      a4, -60(s0)
core   0: 3 0x000000008000ff4c (0xfc442703) x14 0x0000000000000000 mem 0x0000000080031f34
core   0: 0x000000008000ff50 (0x0ff77713) andi    a4, a4, 255
core   0: 3 0x000000008000ff50 (0x0ff77713) x14 0x0000000000000000
core   0: 0x000000008000ff54 (0x00e78023) sb      a4, 0(a5)
core   0: 3 0x000000008000ff54 (0x00e78023) mem 0x00000000800120bd 0x00
core   0: 0x000000008000ff58 (0xfc843703) ld      a4, -56(s0)
core   0: 3 0x000000008000ff58 (0xfc843703) x14 0x0000000080012040 mem 0x0000000080031f38
core   0: 0x000000008000ff5c (0xfb843783) ld      a5, -72(s0)
core   0: 3 0x000000008000ff5c (0xfb843783) x15 0x000000000000009c mem 0x0000000080031f28
core   0: 0x000000008000ff60 (0x000097ba) c.add   a5, a4
core   0: 3 0x000000008000ff60 (0x97ba) x15 0x00000000800120dc
core   0: 0x000000008000ff62 (0xfe043703) ld      a4, -32(s0)
core   0: 3 0x000000008000ff62 (0xfe043703) x14 0x00000000800120be mem 0x0000000080031f50
core   0: 0x000000008000ff66 (0xfcf76de3) bltu    a4, a5, pc - 38
core   0: 3 0x000000008000ff66 (0xfcf76de3)
core   0: 0x000000008000ff40 (0xfe043783) ld      a5, -32(s0)
core   0: 3 0x000000008000ff40 (0xfe043783) x15 0x00000000800120be mem 0x0000000080031f50
core   0: 0x000000008000ff44 (0x00178713) addi    a4, a5, 1
core   0: 3 0x000000008000ff44 (0x00178713) x14 0x00000000800120bf
core   0: 0x000000008000ff48 (0xfee43023) sd      a4, -32(s0)
core   0: 3 0x000000008000ff48 (0xfee43023) mem 0x0000000080031f50 0x00000000800120bf
core   0: 0x000000008000ff4c (0xfc442703) lw      a4, -60(s0)
core   0: 3 0x000000008000ff4c (0xfc442703) x14 0x0000000000000000 mem 0x0000000080031f34
core   0: 0x000000008000ff50 (0x0ff77713) andi    a4, a4, 255
core   0: 3 0x000000008000ff50 (0x0ff77713) x14 0x0000000000000000
core   0: 0x000000008000ff54 (0x00e78023) sb      a4, 0(a5)
core   0: 3 0x000000008000ff54 (0x00e78023) mem 0x00000000800120be 0x00
core   0: 0x000000008000ff58 (0xfc843703) ld      a4, -56(s0)
core   0: 3 0x000000008000ff58 (0xfc843703) x14 0x0000000080012040 mem 0x0000000080031f38
core   0: 0x000000008000ff5c (0xfb843783) ld      a5, -72(s0)
core   0: 3 0x000000008000ff5c (0xfb843783) x15 0x000000000000009c mem 0x0000000080031f28
core   0: 0x000000008000ff60 (0x000097ba) c.add   a5, a4
core   0: 3 0x000000008000ff60 (0x97ba) x15 0x00000000800120dc
core   0: 0x000000008000ff62 (0xfe043703) ld      a4, -32(s0)
core   0: 3 0x000000008000ff62 (0xfe043703) x14 0x00000000800120bf mem 0x0000000080031f50
core   0: 0x000000008000ff66 (0xfcf76de3) bltu    a4, a5, pc - 38
core   0: 3 0x000000008000ff66 (0xfcf76de3)
core   0: 0x000000008000ff40 (0xfe043783) ld      a5, -32(s0)
core   0: 3 0x000000008000ff40 (0xfe043783) x15 0x00000000800120bf mem 0x0000000080031f50
core   0: 0x000000008000ff44 (0x00178713) addi    a4, a5, 1
core   0: 3 0x000000008000ff44 (0x00178713) x14 0x00000000800120c0
core   0: 0x000000008000ff48 (0xfee43023) sd      a4, -32(s0)
core   0: 3 0x000000008000ff48 (0xfee43023) mem 0x0000000080031f50 0x00000000800120c0
core   0: 0x000000008000ff4c (0xfc442703) lw      a4, -60(s0)
core   0: 3 0x000000008000ff4c (0xfc442703) x14 0x0000000000000000 mem 0x0000000080031f34
core   0: 0x000000008000ff50 (0x0ff77713) andi    a4, a4, 255
core   0: 3 0x000000008000ff50 (0x0ff77713) x14 0x0000000000000000
core   0: 0x000000008000ff54 (0x00e78023) sb      a4, 0(a5)
core   0: 3 0x000000008000ff54 (0x00e78023) mem 0x00000000800120bf 0x00
core   0: 0x000000008000ff58 (0xfc843703) ld      a4, -56(s0)
core   0: 3 0x000000008000ff58 (0xfc843703) x14 0x0000000080012040 mem 0x0000000080031f38
core   0: 0x000000008000ff5c (0xfb843783) ld      a5, -72(s0)
core   0: 3 0x000000008000ff5c (0xfb843783) x15 0x000000000000009c mem 0x0000000080031f28
core   0: 0x000000008000ff60 (0x000097ba) c.add   a5, a4
core   0: 3 0x000000008000ff60 (0x97ba) x15 0x00000000800120dc
core   0: 0x000000008000ff62 (0xfe043703) ld      a4, -32(s0)
core   0: 3 0x000000008000ff62 (0xfe043703) x14 0x00000000800120c0 mem 0x0000000080031f50
core   0: 0x000000008000ff66 (0xfcf76de3) bltu    a4, a5, pc - 38
core   0: 3 0x000000008000ff66 (0xfcf76de3)
core   0: 0x000000008000ff40 (0xfe043783) ld      a5, -32(s0)
core   0: 3 0x000000008000ff40 (0xfe043783) x15 0x00000000800120c0 mem 0x0000000080031f50
core   0: 0x000000008000ff44 (0x00178713) addi    a4, a5, 1
core   0: 3 0x000000008000ff44 (0x00178713) x14 0x00000000800120c1
core   0: 0x000000008000ff48 (0xfee43023) sd      a4, -32(s0)
core   0: 3 0x000000008000ff48 (0xfee43023) mem 0x0000000080031f50 0x00000000800120c1
core   0: 0x000000008000ff4c (0xfc442703) lw      a4, -60(s0)
core   0: 3 0x000000008000ff4c (0xfc442703) x14 0x0000000000000000 mem 0x0000000080031f34
core   0: 0x000000008000ff50 (0x0ff77713) andi    a4, a4, 255
core   0: 3 0x000000008000ff50 (0x0ff77713) x14 0x0000000000000000
core   0: 0x000000008000ff54 (0x00e78023) sb      a4, 0(a5)
core   0: 3 0x000000008000ff54 (0x00e78023) mem 0x00000000800120c0 0x00
core   0: 0x000000008000ff58 (0xfc843703) ld      a4, -56(s0)
core   0: 3 0x000000008000ff58 (0xfc843703) x14 0x0000000080012040 mem 0x0000000080031f38
core   0: 0x000000008000ff5c (0xfb843783) ld      a5, -72(s0)
core   0: 3 0x000000008000ff5c (0xfb843783) x15 0x000000000000009c mem 0x0000000080031f28
core   0: 0x000000008000ff60 (0x000097ba) c.add   a5, a4
core   0: 3 0x000000008000ff60 (0x97ba) x15 0x00000000800120dc
core   0: 0x000000008000ff62 (0xfe043703) ld      a4, -32(s0)
core   0: 3 0x000000008000ff62 (0xfe043703) x14 0x00000000800120c1 mem 0x0000000080031f50
core   0: 0x000000008000ff66 (0xfcf76de3) bltu    a4, a5, pc - 38
core   0: 3 0x000000008000ff66 (0xfcf76de3)
core   0: 0x000000008000ff40 (0xfe043783) ld      a5, -32(s0)
core   0: 3 0x000000008000ff40 (0xfe043783) x15 0x00000000800120c1 mem 0x0000000080031f50
core   0: 0x000000008000ff44 (0x00178713) addi    a4, a5, 1
core   0: 3 0x000000008000ff44 (0x00178713) x14 0x00000000800120c2
core   0: 0x000000008000ff48 (0xfee43023) sd      a4, -32(s0)
core   0: 3 0x000000008000ff48 (0xfee43023) mem 0x0000000080031f50 0x00000000800120c2
core   0: 0x000000008000ff4c (0xfc442703) lw      a4, -60(s0)
core   0: 3 0x000000008000ff4c (0xfc442703) x14 0x0000000000000000 mem 0x0000000080031f34
core   0: 0x000000008000ff50 (0x0ff77713) andi    a4, a4, 255
core   0: 3 0x000000008000ff50 (0x0ff77713) x14 0x0000000000000000
core   0: 0x000000008000ff54 (0x00e78023) sb      a4, 0(a5)
core   0: 3 0x000000008000ff54 (0x00e78023) mem 0x00000000800120c1 0x00
core   0: 0x000000008000ff58 (0xfc843703) ld      a4, -56(s0)
core   0: 3 0x000000008000ff58 (0xfc843703) x14 0x0000000080012040 mem 0x0000000080031f38
core   0: 0x000000008000ff5c (0xfb843783) ld      a5, -72(s0)
core   0: 3 0x000000008000ff5c (0xfb843783) x15 0x000000000000009c mem 0x0000000080031f28
core   0: 0x000000008000ff60 (0x000097ba) c.add   a5, a4
core   0: 3 0x000000008000ff60 (0x97ba) x15 0x00000000800120dc
core   0: 0x000000008000ff62 (0xfe043703) ld      a4, -32(s0)
core   0: 3 0x000000008000ff62 (0xfe043703) x14 0x00000000800120c2 mem 0x0000000080031f50
core   0: 0x000000008000ff66 (0xfcf76de3) bltu    a4, a5, pc - 38
core   0: 3 0x000000008000ff66 (0xfcf76de3)
core   0: 0x000000008000ff40 (0xfe043783) ld      a5, -32(s0)
core   0: 3 0x000000008000ff40 (0xfe043783) x15 0x00000000800120c2 mem 0x0000000080031f50
core   0: 0x000000008000ff44 (0x00178713) addi    a4, a5, 1
core   0: 3 0x000000008000ff44 (0x00178713) x14 0x00000000800120c3
core   0: 0x000000008000ff48 (0xfee43023) sd      a4, -32(s0)
core   0: 3 0x000000008000ff48 (0xfee43023) mem 0x0000000080031f50 0x00000000800120c3
core   0: 0x000000008000ff4c (0xfc442703) lw      a4, -60(s0)
core   0: 3 0x000000008000ff4c (0xfc442703) x14 0x0000000000000000 mem 0x0000000080031f34
core   0: 0x000000008000ff50 (0x0ff77713) andi    a4, a4, 255
core   0: 3 0x000000008000ff50 (0x0ff77713) x14 0x0000000000000000
core   0: 0x000000008000ff54 (0x00e78023) sb      a4, 0(a5)
core   0: 3 0x000000008000ff54 (0x00e78023) mem 0x00000000800120c2 0x00
core   0: 0x000000008000ff58 (0xfc843703) ld      a4, -56(s0)
core   0: 3 0x000000008000ff58 (0xfc843703) x14 0x0000000080012040 mem 0x0000000080031f38
core   0: 0x000000008000ff5c (0xfb843783) ld      a5, -72(s0)
core   0: 3 0x000000008000ff5c (0xfb843783) x15 0x000000000000009c mem 0x0000000080031f28
core   0: 0x000000008000ff60 (0x000097ba) c.add   a5, a4
core   0: 3 0x000000008000ff60 (0x97ba) x15 0x00000000800120dc
core   0: 0x000000008000ff62 (0xfe043703) ld      a4, -32(s0)
core   0: 3 0x000000008000ff62 (0xfe043703) x14 0x00000000800120c3 mem 0x0000000080031f50
core   0: 0x000000008000ff66 (0xfcf76de3) bltu    a4, a5, pc - 38
core   0: 3 0x000000008000ff66 (0xfcf76de3)
core   0: 0x000000008000ff40 (0xfe043783) ld      a5, -32(s0)
core   0: 3 0x000000008000ff40 (0xfe043783) x15 0x00000000800120c3 mem 0x0000000080031f50
core   0: 0x000000008000ff44 (0x00178713) addi    a4, a5, 1
core   0: 3 0x000000008000ff44 (0x00178713) x14 0x00000000800120c4
core   0: 0x000000008000ff48 (0xfee43023) sd      a4, -32(s0)
core   0: 3 0x000000008000ff48 (0xfee43023) mem 0x0000000080031f50 0x00000000800120c4
core   0: 0x000000008000ff4c (0xfc442703) lw      a4, -60(s0)
core   0: 3 0x000000008000ff4c (0xfc442703) x14 0x0000000000000000 mem 0x0000000080031f34
core   0: 0x000000008000ff50 (0x0ff77713) andi    a4, a4, 255
core   0: 3 0x000000008000ff50 (0x0ff77713) x14 0x0000000000000000
core   0: 0x000000008000ff54 (0x00e78023) sb      a4, 0(a5)
core   0: 3 0x000000008000ff54 (0x00e78023) mem 0x00000000800120c3 0x00
core   0: 0x000000008000ff58 (0xfc843703) ld      a4, -56(s0)
core   0: 3 0x000000008000ff58 (0xfc843703) x14 0x0000000080012040 mem 0x0000000080031f38
core   0: 0x000000008000ff5c (0xfb843783) ld      a5, -72(s0)
core   0: 3 0x000000008000ff5c (0xfb843783) x15 0x000000000000009c mem 0x0000000080031f28
core   0: 0x000000008000ff60 (0x000097ba) c.add   a5, a4
core   0: 3 0x000000008000ff60 (0x97ba) x15 0x00000000800120dc
core   0: 0x000000008000ff62 (0xfe043703) ld      a4, -32(s0)
core   0: 3 0x000000008000ff62 (0xfe043703) x14 0x00000000800120c4 mem 0x0000000080031f50
core   0: 0x000000008000ff66 (0xfcf76de3) bltu    a4, a5, pc - 38
core   0: 3 0x000000008000ff66 (0xfcf76de3)
core   0: 0x000000008000ff40 (0xfe043783) ld      a5, -32(s0)
core   0: 3 0x000000008000ff40 (0xfe043783) x15 0x00000000800120c4 mem 0x0000000080031f50
core   0: 0x000000008000ff44 (0x00178713) addi    a4, a5, 1
core   0: 3 0x000000008000ff44 (0x00178713) x14 0x00000000800120c5
core   0: 0x000000008000ff48 (0xfee43023) sd      a4, -32(s0)
core   0: 3 0x000000008000ff48 (0xfee43023) mem 0x0000000080031f50 0x00000000800120c5
core   0: 0x000000008000ff4c (0xfc442703) lw      a4, -60(s0)
core   0: 3 0x000000008000ff4c (0xfc442703) x14 0x0000000000000000 mem 0x0000000080031f34
core   0: 0x000000008000ff50 (0x0ff77713) andi    a4, a4, 255
core   0: 3 0x000000008000ff50 (0x0ff77713) x14 0x0000000000000000
core   0: 0x000000008000ff54 (0x00e78023) sb      a4, 0(a5)
core   0: 3 0x000000008000ff54 (0x00e78023) mem 0x00000000800120c4 0x00
core   0: 0x000000008000ff58 (0xfc843703) ld      a4, -56(s0)
core   0: 3 0x000000008000ff58 (0xfc843703) x14 0x0000000080012040 mem 0x0000000080031f38
core   0: 0x000000008000ff5c (0xfb843783) ld      a5, -72(s0)
core   0: 3 0x000000008000ff5c (0xfb843783) x15 0x000000000000009c mem 0x0000000080031f28
core   0: 0x000000008000ff60 (0x000097ba) c.add   a5, a4
core   0: 3 0x000000008000ff60 (0x97ba) x15 0x00000000800120dc
core   0: 0x000000008000ff62 (0xfe043703) ld      a4, -32(s0)
core   0: 3 0x000000008000ff62 (0xfe043703) x14 0x00000000800120c5 mem 0x0000000080031f50
core   0: 0x000000008000ff66 (0xfcf76de3) bltu    a4, a5, pc - 38
core   0: 3 0x000000008000ff66 (0xfcf76de3)
core   0: 0x000000008000ff40 (0xfe043783) ld      a5, -32(s0)
core   0: 3 0x000000008000ff40 (0xfe043783) x15 0x00000000800120c5 mem 0x0000000080031f50
core   0: 0x000000008000ff44 (0x00178713) addi    a4, a5, 1
core   0: 3 0x000000008000ff44 (0x00178713) x14 0x00000000800120c6
core   0: 0x000000008000ff48 (0xfee43023) sd      a4, -32(s0)
core   0: 3 0x000000008000ff48 (0xfee43023) mem 0x0000000080031f50 0x00000000800120c6
core   0: 0x000000008000ff4c (0xfc442703) lw      a4, -60(s0)
core   0: 3 0x000000008000ff4c (0xfc442703) x14 0x0000000000000000 mem 0x0000000080031f34
core   0: 0x000000008000ff50 (0x0ff77713) andi    a4, a4, 255
core   0: 3 0x000000008000ff50 (0x0ff77713) x14 0x0000000000000000
core   0: 0x000000008000ff54 (0x00e78023) sb      a4, 0(a5)
core   0: 3 0x000000008000ff54 (0x00e78023) mem 0x00000000800120c5 0x00
core   0: 0x000000008000ff58 (0xfc843703) ld      a4, -56(s0)
core   0: 3 0x000000008000ff58 (0xfc843703) x14 0x0000000080012040 mem 0x0000000080031f38
core   0: 0x000000008000ff5c (0xfb843783) ld      a5, -72(s0)
core   0: 3 0x000000008000ff5c (0xfb843783) x15 0x000000000000009c mem 0x0000000080031f28
core   0: 0x000000008000ff60 (0x000097ba) c.add   a5, a4
core   0: 3 0x000000008000ff60 (0x97ba) x15 0x00000000800120dc
core   0: 0x000000008000ff62 (0xfe043703) ld      a4, -32(s0)
core   0: 3 0x000000008000ff62 (0xfe043703) x14 0x00000000800120c6 mem 0x0000000080031f50
core   0: 0x000000008000ff66 (0xfcf76de3) bltu    a4, a5, pc - 38
core   0: 3 0x000000008000ff66 (0xfcf76de3)
core   0: 0x000000008000ff40 (0xfe043783) ld      a5, -32(s0)
core   0: 3 0x000000008000ff40 (0xfe043783) x15 0x00000000800120c6 mem 0x0000000080031f50
core   0: 0x000000008000ff44 (0x00178713) addi    a4, a5, 1
core   0: 3 0x000000008000ff44 (0x00178713) x14 0x00000000800120c7
core   0: 0x000000008000ff48 (0xfee43023) sd      a4, -32(s0)
core   0: 3 0x000000008000ff48 (0xfee43023) mem 0x0000000080031f50 0x00000000800120c7
core   0: 0x000000008000ff4c (0xfc442703) lw      a4, -60(s0)
core   0: 3 0x000000008000ff4c (0xfc442703) x14 0x0000000000000000 mem 0x0000000080031f34
core   0: 0x000000008000ff50 (0x0ff77713) andi    a4, a4, 255
core   0: 3 0x000000008000ff50 (0x0ff77713) x14 0x0000000000000000
core   0: 0x000000008000ff54 (0x00e78023) sb      a4, 0(a5)
core   0: 3 0x000000008000ff54 (0x00e78023) mem 0x00000000800120c6 0x00
core   0: 0x000000008000ff58 (0xfc843703) ld      a4, -56(s0)
core   0: 3 0x000000008000ff58 (0xfc843703) x14 0x0000000080012040 mem 0x0000000080031f38
core   0: 0x000000008000ff5c (0xfb843783) ld      a5, -72(s0)
core   0: 3 0x000000008000ff5c (0xfb843783) x15 0x000000000000009c mem 0x0000000080031f28
core   0: 0x000000008000ff60 (0x000097ba) c.add   a5, a4
core   0: 3 0x000000008000ff60 (0x97ba) x15 0x00000000800120dc
core   0: 0x000000008000ff62 (0xfe043703) ld      a4, -32(s0)
core   0: 3 0x000000008000ff62 (0xfe043703) x14 0x00000000800120c7 mem 0x0000000080031f50
core   0: 0x000000008000ff66 (0xfcf76de3) bltu    a4, a5, pc - 38
core   0: 3 0x000000008000ff66 (0xfcf76de3)
core   0: 0x000000008000ff40 (0xfe043783) ld      a5, -32(s0)
core   0: 3 0x000000008000ff40 (0xfe043783) x15 0x00000000800120c7 mem 0x0000000080031f50
core   0: 0x000000008000ff44 (0x00178713) addi    a4, a5, 1
core   0: 3 0x000000008000ff44 (0x00178713) x14 0x00000000800120c8
core   0: 0x000000008000ff48 (0xfee43023) sd      a4, -32(s0)
core   0: 3 0x000000008000ff48 (0xfee43023) mem 0x0000000080031f50 0x00000000800120c8
core   0: 0x000000008000ff4c (0xfc442703) lw      a4, -60(s0)
core   0: 3 0x000000008000ff4c (0xfc442703) x14 0x0000000000000000 mem 0x0000000080031f34
core   0: 0x000000008000ff50 (0x0ff77713) andi    a4, a4, 255
core   0: 3 0x000000008000ff50 (0x0ff77713) x14 0x0000000000000000
core   0: 0x000000008000ff54 (0x00e78023) sb      a4, 0(a5)
core   0: 3 0x000000008000ff54 (0x00e78023) mem 0x00000000800120c7 0x00
core   0: 0x000000008000ff58 (0xfc843703) ld      a4, -56(s0)
core   0: 3 0x000000008000ff58 (0xfc843703) x14 0x0000000080012040 mem 0x0000000080031f38
core   0: 0x000000008000ff5c (0xfb843783) ld      a5, -72(s0)
core   0: 3 0x000000008000ff5c (0xfb843783) x15 0x000000000000009c mem 0x0000000080031f28
core   0: 0x000000008000ff60 (0x000097ba) c.add   a5, a4
core   0: 3 0x000000008000ff60 (0x97ba) x15 0x00000000800120dc
core   0: 0x000000008000ff62 (0xfe043703) ld      a4, -32(s0)
core   0: 3 0x000000008000ff62 (0xfe043703) x14 0x00000000800120c8 mem 0x0000000080031f50
core   0: 0x000000008000ff66 (0xfcf76de3) bltu    a4, a5, pc - 38
core   0: 3 0x000000008000ff66 (0xfcf76de3)
core   0: 0x000000008000ff40 (0xfe043783) ld      a5, -32(s0)
core   0: 3 0x000000008000ff40 (0xfe043783) x15 0x00000000800120c8 mem 0x0000000080031f50
core   0: 0x000000008000ff44 (0x00178713) addi    a4, a5, 1
core   0: 3 0x000000008000ff44 (0x00178713) x14 0x00000000800120c9
core   0: 0x000000008000ff48 (0xfee43023) sd      a4, -32(s0)
core   0: 3 0x000000008000ff48 (0xfee43023) mem 0x0000000080031f50 0x00000000800120c9
core   0: 0x000000008000ff4c (0xfc442703) lw      a4, -60(s0)
core   0: 3 0x000000008000ff4c (0xfc442703) x14 0x0000000000000000 mem 0x0000000080031f34
core   0: 0x000000008000ff50 (0x0ff77713) andi    a4, a4, 255
core   0: 3 0x000000008000ff50 (0x0ff77713) x14 0x0000000000000000
core   0: 0x000000008000ff54 (0x00e78023) sb      a4, 0(a5)
core   0: 3 0x000000008000ff54 (0x00e78023) mem 0x00000000800120c8 0x00
core   0: 0x000000008000ff58 (0xfc843703) ld      a4, -56(s0)
core   0: 3 0x000000008000ff58 (0xfc843703) x14 0x0000000080012040 mem 0x0000000080031f38
core   0: 0x000000008000ff5c (0xfb843783) ld      a5, -72(s0)
core   0: 3 0x000000008000ff5c (0xfb843783) x15 0x000000000000009c mem 0x0000000080031f28
core   0: 0x000000008000ff60 (0x000097ba) c.add   a5, a4
core   0: 3 0x000000008000ff60 (0x97ba) x15 0x00000000800120dc
core   0: 0x000000008000ff62 (0xfe043703) ld      a4, -32(s0)
core   0: 3 0x000000008000ff62 (0xfe043703) x14 0x00000000800120c9 mem 0x0000000080031f50
core   0: 0x000000008000ff66 (0xfcf76de3) bltu    a4, a5, pc - 38
core   0: 3 0x000000008000ff66 (0xfcf76de3)
core   0: 0x000000008000ff40 (0xfe043783) ld      a5, -32(s0)
core   0: 3 0x000000008000ff40 (0xfe043783) x15 0x00000000800120c9 mem 0x0000000080031f50
core   0: 0x000000008000ff44 (0x00178713) addi    a4, a5, 1
core   0: 3 0x000000008000ff44 (0x00178713) x14 0x00000000800120ca
core   0: 0x000000008000ff48 (0xfee43023) sd      a4, -32(s0)
core   0: 3 0x000000008000ff48 (0xfee43023) mem 0x0000000080031f50 0x00000000800120ca
core   0: 0x000000008000ff4c (0xfc442703) lw      a4, -60(s0)
core   0: 3 0x000000008000ff4c (0xfc442703) x14 0x0000000000000000 mem 0x0000000080031f34
core   0: 0x000000008000ff50 (0x0ff77713) andi    a4, a4, 255
core   0: 3 0x000000008000ff50 (0x0ff77713) x14 0x0000000000000000
core   0: 0x000000008000ff54 (0x00e78023) sb      a4, 0(a5)
core   0: 3 0x000000008000ff54 (0x00e78023) mem 0x00000000800120c9 0x00
core   0: 0x000000008000ff58 (0xfc843703) ld      a4, -56(s0)
core   0: 3 0x000000008000ff58 (0xfc843703) x14 0x0000000080012040 mem 0x0000000080031f38
core   0: 0x000000008000ff5c (0xfb843783) ld      a5, -72(s0)
core   0: 3 0x000000008000ff5c (0xfb843783) x15 0x000000000000009c mem 0x0000000080031f28
core   0: 0x000000008000ff60 (0x000097ba) c.add   a5, a4
core   0: 3 0x000000008000ff60 (0x97ba) x15 0x00000000800120dc
core   0: 0x000000008000ff62 (0xfe043703) ld      a4, -32(s0)
core   0: 3 0x000000008000ff62 (0xfe043703) x14 0x00000000800120ca mem 0x0000000080031f50
core   0: 0x000000008000ff66 (0xfcf76de3) bltu    a4, a5, pc - 38
core   0: 3 0x000000008000ff66 (0xfcf76de3)
core   0: 0x000000008000ff40 (0xfe043783) ld      a5, -32(s0)
core   0: 3 0x000000008000ff40 (0xfe043783) x15 0x00000000800120ca mem 0x0000000080031f50
core   0: 0x000000008000ff44 (0x00178713) addi    a4, a5, 1
core   0: 3 0x000000008000ff44 (0x00178713) x14 0x00000000800120cb
core   0: 0x000000008000ff48 (0xfee43023) sd      a4, -32(s0)
core   0: 3 0x000000008000ff48 (0xfee43023) mem 0x0000000080031f50 0x00000000800120cb
core   0: 0x000000008000ff4c (0xfc442703) lw      a4, -60(s0)
core   0: 3 0x000000008000ff4c (0xfc442703) x14 0x0000000000000000 mem 0x0000000080031f34
core   0: 0x000000008000ff50 (0x0ff77713) andi    a4, a4, 255
core   0: 3 0x000000008000ff50 (0x0ff77713) x14 0x0000000000000000
core   0: 0x000000008000ff54 (0x00e78023) sb      a4, 0(a5)
core   0: 3 0x000000008000ff54 (0x00e78023) mem 0x00000000800120ca 0x00
core   0: 0x000000008000ff58 (0xfc843703) ld      a4, -56(s0)
core   0: 3 0x000000008000ff58 (0xfc843703) x14 0x0000000080012040 mem 0x0000000080031f38
core   0: 0x000000008000ff5c (0xfb843783) ld      a5, -72(s0)
core   0: 3 0x000000008000ff5c (0xfb843783) x15 0x000000000000009c mem 0x0000000080031f28
core   0: 0x000000008000ff60 (0x000097ba) c.add   a5, a4
core   0: 3 0x000000008000ff60 (0x97ba) x15 0x00000000800120dc
core   0: 0x000000008000ff62 (0xfe043703) ld      a4, -32(s0)
core   0: 3 0x000000008000ff62 (0xfe043703) x14 0x00000000800120cb mem 0x0000000080031f50
core   0: 0x000000008000ff66 (0xfcf76de3) bltu    a4, a5, pc - 38
core   0: 3 0x000000008000ff66 (0xfcf76de3)
core   0: 0x000000008000ff40 (0xfe043783) ld      a5, -32(s0)
core   0: 3 0x000000008000ff40 (0xfe043783) x15 0x00000000800120cb mem 0x0000000080031f50
core   0: 0x000000008000ff44 (0x00178713) addi    a4, a5, 1
core   0: 3 0x000000008000ff44 (0x00178713) x14 0x00000000800120cc
core   0: 0x000000008000ff48 (0xfee43023) sd      a4, -32(s0)
core   0: 3 0x000000008000ff48 (0xfee43023) mem 0x0000000080031f50 0x00000000800120cc
core   0: 0x000000008000ff4c (0xfc442703) lw      a4, -60(s0)
core   0: 3 0x000000008000ff4c (0xfc442703) x14 0x0000000000000000 mem 0x0000000080031f34
core   0: 0x000000008000ff50 (0x0ff77713) andi    a4, a4, 255
core   0: 3 0x000000008000ff50 (0x0ff77713) x14 0x0000000000000000
core   0: 0x000000008000ff54 (0x00e78023) sb      a4, 0(a5)
core   0: 3 0x000000008000ff54 (0x00e78023) mem 0x00000000800120cb 0x00
core   0: 0x000000008000ff58 (0xfc843703) ld      a4, -56(s0)
core   0: 3 0x000000008000ff58 (0xfc843703) x14 0x0000000080012040 mem 0x0000000080031f38
core   0: 0x000000008000ff5c (0xfb843783) ld      a5, -72(s0)
core   0: 3 0x000000008000ff5c (0xfb843783) x15 0x000000000000009c mem 0x0000000080031f28
core   0: 0x000000008000ff60 (0x000097ba) c.add   a5, a4
core   0: 3 0x000000008000ff60 (0x97ba) x15 0x00000000800120dc
core   0: 0x000000008000ff62 (0xfe043703) ld      a4, -32(s0)
core   0: 3 0x000000008000ff62 (0xfe043703) x14 0x00000000800120cc mem 0x0000000080031f50
core   0: 0x000000008000ff66 (0xfcf76de3) bltu    a4, a5, pc - 38
core   0: 3 0x000000008000ff66 (0xfcf76de3)
core   0: 0x000000008000ff40 (0xfe043783) ld      a5, -32(s0)
core   0: 3 0x000000008000ff40 (0xfe043783) x15 0x00000000800120cc mem 0x0000000080031f50
core   0: 0x000000008000ff44 (0x00178713) addi    a4, a5, 1
core   0: 3 0x000000008000ff44 (0x00178713) x14 0x00000000800120cd
core   0: 0x000000008000ff48 (0xfee43023) sd      a4, -32(s0)
core   0: 3 0x000000008000ff48 (0xfee43023) mem 0x0000000080031f50 0x00000000800120cd
core   0: 0x000000008000ff4c (0xfc442703) lw      a4, -60(s0)
core   0: 3 0x000000008000ff4c (0xfc442703) x14 0x0000000000000000 mem 0x0000000080031f34
core   0: 0x000000008000ff50 (0x0ff77713) andi    a4, a4, 255
core   0: 3 0x000000008000ff50 (0x0ff77713) x14 0x0000000000000000
core   0: 0x000000008000ff54 (0x00e78023) sb      a4, 0(a5)
core   0: 3 0x000000008000ff54 (0x00e78023) mem 0x00000000800120cc 0x00
core   0: 0x000000008000ff58 (0xfc843703) ld      a4, -56(s0)
core   0: 3 0x000000008000ff58 (0xfc843703) x14 0x0000000080012040 mem 0x0000000080031f38
core   0: 0x000000008000ff5c (0xfb843783) ld      a5, -72(s0)
core   0: 3 0x000000008000ff5c (0xfb843783) x15 0x000000000000009c mem 0x0000000080031f28
core   0: 0x000000008000ff60 (0x000097ba) c.add   a5, a4
core   0: 3 0x000000008000ff60 (0x97ba) x15 0x00000000800120dc
core   0: 0x000000008000ff62 (0xfe043703) ld      a4, -32(s0)
core   0: 3 0x000000008000ff62 (0xfe043703) x14 0x00000000800120cd mem 0x0000000080031f50
core   0: 0x000000008000ff66 (0xfcf76de3) bltu    a4, a5, pc - 38
core   0: 3 0x000000008000ff66 (0xfcf76de3)
core   0: 0x000000008000ff40 (0xfe043783) ld      a5, -32(s0)
core   0: 3 0x000000008000ff40 (0xfe043783) x15 0x00000000800120cd mem 0x0000000080031f50
core   0: 0x000000008000ff44 (0x00178713) addi    a4, a5, 1
core   0: 3 0x000000008000ff44 (0x00178713) x14 0x00000000800120ce
core   0: 0x000000008000ff48 (0xfee43023) sd      a4, -32(s0)
core   0: 3 0x000000008000ff48 (0xfee43023) mem 0x0000000080031f50 0x00000000800120ce
core   0: 0x000000008000ff4c (0xfc442703) lw      a4, -60(s0)
core   0: 3 0x000000008000ff4c (0xfc442703) x14 0x0000000000000000 mem 0x0000000080031f34
core   0: 0x000000008000ff50 (0x0ff77713) andi    a4, a4, 255
core   0: 3 0x000000008000ff50 (0x0ff77713) x14 0x0000000000000000
core   0: 0x000000008000ff54 (0x00e78023) sb      a4, 0(a5)
core   0: 3 0x000000008000ff54 (0x00e78023) mem 0x00000000800120cd 0x00
core   0: 0x000000008000ff58 (0xfc843703) ld      a4, -56(s0)
core   0: 3 0x000000008000ff58 (0xfc843703) x14 0x0000000080012040 mem 0x0000000080031f38
core   0: 0x000000008000ff5c (0xfb843783) ld      a5, -72(s0)
core   0: 3 0x000000008000ff5c (0xfb843783) x15 0x000000000000009c mem 0x0000000080031f28
core   0: 0x000000008000ff60 (0x000097ba) c.add   a5, a4
core   0: 3 0x000000008000ff60 (0x97ba) x15 0x00000000800120dc
core   0: 0x000000008000ff62 (0xfe043703) ld      a4, -32(s0)
core   0: 3 0x000000008000ff62 (0xfe043703) x14 0x00000000800120ce mem 0x0000000080031f50
core   0: 0x000000008000ff66 (0xfcf76de3) bltu    a4, a5, pc - 38
core   0: 3 0x000000008000ff66 (0xfcf76de3)
core   0: 0x000000008000ff40 (0xfe043783) ld      a5, -32(s0)
core   0: 3 0x000000008000ff40 (0xfe043783) x15 0x00000000800120ce mem 0x0000000080031f50
core   0: 0x000000008000ff44 (0x00178713) addi    a4, a5, 1
core   0: 3 0x000000008000ff44 (0x00178713) x14 0x00000000800120cf
core   0: 0x000000008000ff48 (0xfee43023) sd      a4, -32(s0)
core   0: 3 0x000000008000ff48 (0xfee43023) mem 0x0000000080031f50 0x00000000800120cf
core   0: 0x000000008000ff4c (0xfc442703) lw      a4, -60(s0)
core   0: 3 0x000000008000ff4c (0xfc442703) x14 0x0000000000000000 mem 0x0000000080031f34
core   0: 0x000000008000ff50 (0x0ff77713) andi    a4, a4, 255
core   0: 3 0x000000008000ff50 (0x0ff77713) x14 0x0000000000000000
core   0: 0x000000008000ff54 (0x00e78023) sb      a4, 0(a5)
core   0: 3 0x000000008000ff54 (0x00e78023) mem 0x00000000800120ce 0x00
core   0: 0x000000008000ff58 (0xfc843703) ld      a4, -56(s0)
core   0: 3 0x000000008000ff58 (0xfc843703) x14 0x0000000080012040 mem 0x0000000080031f38
core   0: 0x000000008000ff5c (0xfb843783) ld      a5, -72(s0)
core   0: 3 0x000000008000ff5c (0xfb843783) x15 0x000000000000009c mem 0x0000000080031f28
core   0: 0x000000008000ff60 (0x000097ba) c.add   a5, a4
core   0: 3 0x000000008000ff60 (0x97ba) x15 0x00000000800120dc
core   0: 0x000000008000ff62 (0xfe043703) ld      a4, -32(s0)
core   0: 3 0x000000008000ff62 (0xfe043703) x14 0x00000000800120cf mem 0x0000000080031f50
core   0: 0x000000008000ff66 (0xfcf76de3) bltu    a4, a5, pc - 38
core   0: 3 0x000000008000ff66 (0xfcf76de3)
core   0: 0x000000008000ff40 (0xfe043783) ld      a5, -32(s0)
core   0: 3 0x000000008000ff40 (0xfe043783) x15 0x00000000800120cf mem 0x0000000080031f50
core   0: 0x000000008000ff44 (0x00178713) addi    a4, a5, 1
core   0: 3 0x000000008000ff44 (0x00178713) x14 0x00000000800120d0
core   0: 0x000000008000ff48 (0xfee43023) sd      a4, -32(s0)
core   0: 3 0x000000008000ff48 (0xfee43023) mem 0x0000000080031f50 0x00000000800120d0
core   0: 0x000000008000ff4c (0xfc442703) lw      a4, -60(s0)
core   0: 3 0x000000008000ff4c (0xfc442703) x14 0x0000000000000000 mem 0x0000000080031f34
core   0: 0x000000008000ff50 (0x0ff77713) andi    a4, a4, 255
core   0: 3 0x000000008000ff50 (0x0ff77713) x14 0x0000000000000000
core   0: 0x000000008000ff54 (0x00e78023) sb      a4, 0(a5)
core   0: 3 0x000000008000ff54 (0x00e78023) mem 0x00000000800120cf 0x00
core   0: 0x000000008000ff58 (0xfc843703) ld      a4, -56(s0)
core   0: 3 0x000000008000ff58 (0xfc843703) x14 0x0000000080012040 mem 0x0000000080031f38
core   0: 0x000000008000ff5c (0xfb843783) ld      a5, -72(s0)
core   0: 3 0x000000008000ff5c (0xfb843783) x15 0x000000000000009c mem 0x0000000080031f28
core   0: 0x000000008000ff60 (0x000097ba) c.add   a5, a4
core   0: 3 0x000000008000ff60 (0x97ba) x15 0x00000000800120dc
core   0: 0x000000008000ff62 (0xfe043703) ld      a4, -32(s0)
core   0: 3 0x000000008000ff62 (0xfe043703) x14 0x00000000800120d0 mem 0x0000000080031f50
core   0: 0x000000008000ff66 (0xfcf76de3) bltu    a4, a5, pc - 38
core   0: 3 0x000000008000ff66 (0xfcf76de3)
core   0: 0x000000008000ff40 (0xfe043783) ld      a5, -32(s0)
core   0: 3 0x000000008000ff40 (0xfe043783) x15 0x00000000800120d0 mem 0x0000000080031f50
core   0: 0x000000008000ff44 (0x00178713) addi    a4, a5, 1
core   0: 3 0x000000008000ff44 (0x00178713) x14 0x00000000800120d1
core   0: 0x000000008000ff48 (0xfee43023) sd      a4, -32(s0)
core   0: 3 0x000000008000ff48 (0xfee43023) mem 0x0000000080031f50 0x00000000800120d1
core   0: 0x000000008000ff4c (0xfc442703) lw      a4, -60(s0)
core   0: 3 0x000000008000ff4c (0xfc442703) x14 0x0000000000000000 mem 0x0000000080031f34
core   0: 0x000000008000ff50 (0x0ff77713) andi    a4, a4, 255
core   0: 3 0x000000008000ff50 (0x0ff77713) x14 0x0000000000000000
core   0: 0x000000008000ff54 (0x00e78023) sb      a4, 0(a5)
core   0: 3 0x000000008000ff54 (0x00e78023) mem 0x00000000800120d0 0x00
core   0: 0x000000008000ff58 (0xfc843703) ld      a4, -56(s0)
core   0: 3 0x000000008000ff58 (0xfc843703) x14 0x0000000080012040 mem 0x0000000080031f38
core   0: 0x000000008000ff5c (0xfb843783) ld      a5, -72(s0)
core   0: 3 0x000000008000ff5c (0xfb843783) x15 0x000000000000009c mem 0x0000000080031f28
core   0: 0x000000008000ff60 (0x000097ba) c.add   a5, a4
core   0: 3 0x000000008000ff60 (0x97ba) x15 0x00000000800120dc
core   0: 0x000000008000ff62 (0xfe043703) ld      a4, -32(s0)
core   0: 3 0x000000008000ff62 (0xfe043703) x14 0x00000000800120d1 mem 0x0000000080031f50
core   0: 0x000000008000ff66 (0xfcf76de3) bltu    a4, a5, pc - 38
core   0: 3 0x000000008000ff66 (0xfcf76de3)
core   0: 0x000000008000ff40 (0xfe043783) ld      a5, -32(s0)
core   0: 3 0x000000008000ff40 (0xfe043783) x15 0x00000000800120d1 mem 0x0000000080031f50
core   0: 0x000000008000ff44 (0x00178713) addi    a4, a5, 1
core   0: 3 0x000000008000ff44 (0x00178713) x14 0x00000000800120d2
core   0: 0x000000008000ff48 (0xfee43023) sd      a4, -32(s0)
core   0: 3 0x000000008000ff48 (0xfee43023) mem 0x0000000080031f50 0x00000000800120d2
core   0: 0x000000008000ff4c (0xfc442703) lw      a4, -60(s0)
core   0: 3 0x000000008000ff4c (0xfc442703) x14 0x0000000000000000 mem 0x0000000080031f34
core   0: 0x000000008000ff50 (0x0ff77713) andi    a4, a4, 255
core   0: 3 0x000000008000ff50 (0x0ff77713) x14 0x0000000000000000
core   0: 0x000000008000ff54 (0x00e78023) sb      a4, 0(a5)
core   0: 3 0x000000008000ff54 (0x00e78023) mem 0x00000000800120d1 0x00
core   0: 0x000000008000ff58 (0xfc843703) ld      a4, -56(s0)
core   0: 3 0x000000008000ff58 (0xfc843703) x14 0x0000000080012040 mem 0x0000000080031f38
core   0: 0x000000008000ff5c (0xfb843783) ld      a5, -72(s0)
core   0: 3 0x000000008000ff5c (0xfb843783) x15 0x000000000000009c mem 0x0000000080031f28
core   0: 0x000000008000ff60 (0x000097ba) c.add   a5, a4
core   0: 3 0x000000008000ff60 (0x97ba) x15 0x00000000800120dc
core   0: 0x000000008000ff62 (0xfe043703) ld      a4, -32(s0)
core   0: 3 0x000000008000ff62 (0xfe043703) x14 0x00000000800120d2 mem 0x0000000080031f50
core   0: 0x000000008000ff66 (0xfcf76de3) bltu    a4, a5, pc - 38
core   0: 3 0x000000008000ff66 (0xfcf76de3)
core   0: 0x000000008000ff40 (0xfe043783) ld      a5, -32(s0)
core   0: 3 0x000000008000ff40 (0xfe043783) x15 0x00000000800120d2 mem 0x0000000080031f50
core   0: 0x000000008000ff44 (0x00178713) addi    a4, a5, 1
core   0: 3 0x000000008000ff44 (0x00178713) x14 0x00000000800120d3
core   0: 0x000000008000ff48 (0xfee43023) sd      a4, -32(s0)
core   0: 3 0x000000008000ff48 (0xfee43023) mem 0x0000000080031f50 0x00000000800120d3
core   0: 0x000000008000ff4c (0xfc442703) lw      a4, -60(s0)
core   0: 3 0x000000008000ff4c (0xfc442703) x14 0x0000000000000000 mem 0x0000000080031f34
core   0: 0x000000008000ff50 (0x0ff77713) andi    a4, a4, 255
core   0: 3 0x000000008000ff50 (0x0ff77713) x14 0x0000000000000000
core   0: 0x000000008000ff54 (0x00e78023) sb      a4, 0(a5)
core   0: 3 0x000000008000ff54 (0x00e78023) mem 0x00000000800120d2 0x00
core   0: 0x000000008000ff58 (0xfc843703) ld      a4, -56(s0)
core   0: 3 0x000000008000ff58 (0xfc843703) x14 0x0000000080012040 mem 0x0000000080031f38
core   0: 0x000000008000ff5c (0xfb843783) ld      a5, -72(s0)
core   0: 3 0x000000008000ff5c (0xfb843783) x15 0x000000000000009c mem 0x0000000080031f28
core   0: 0x000000008000ff60 (0x000097ba) c.add   a5, a4
core   0: 3 0x000000008000ff60 (0x97ba) x15 0x00000000800120dc
core   0: 0x000000008000ff62 (0xfe043703) ld      a4, -32(s0)
core   0: 3 0x000000008000ff62 (0xfe043703) x14 0x00000000800120d3 mem 0x0000000080031f50
core   0: 0x000000008000ff66 (0xfcf76de3) bltu    a4, a5, pc - 38
core   0: 3 0x000000008000ff66 (0xfcf76de3)
core   0: 0x000000008000ff40 (0xfe043783) ld      a5, -32(s0)
core   0: 3 0x000000008000ff40 (0xfe043783) x15 0x00000000800120d3 mem 0x0000000080031f50
core   0: 0x000000008000ff44 (0x00178713) addi    a4, a5, 1
core   0: 3 0x000000008000ff44 (0x00178713) x14 0x00000000800120d4
core   0: 0x000000008000ff48 (0xfee43023) sd      a4, -32(s0)
core   0: 3 0x000000008000ff48 (0xfee43023) mem 0x0000000080031f50 0x00000000800120d4
core   0: 0x000000008000ff4c (0xfc442703) lw      a4, -60(s0)
core   0: 3 0x000000008000ff4c (0xfc442703) x14 0x0000000000000000 mem 0x0000000080031f34
core   0: 0x000000008000ff50 (0x0ff77713) andi    a4, a4, 255
core   0: 3 0x000000008000ff50 (0x0ff77713) x14 0x0000000000000000
core   0: 0x000000008000ff54 (0x00e78023) sb      a4, 0(a5)
core   0: 3 0x000000008000ff54 (0x00e78023) mem 0x00000000800120d3 0x00
core   0: 0x000000008000ff58 (0xfc843703) ld      a4, -56(s0)
core   0: 3 0x000000008000ff58 (0xfc843703) x14 0x0000000080012040 mem 0x0000000080031f38
core   0: 0x000000008000ff5c (0xfb843783) ld      a5, -72(s0)
core   0: 3 0x000000008000ff5c (0xfb843783) x15 0x000000000000009c mem 0x0000000080031f28
core   0: 0x000000008000ff60 (0x000097ba) c.add   a5, a4
core   0: 3 0x000000008000ff60 (0x97ba) x15 0x00000000800120dc
core   0: 0x000000008000ff62 (0xfe043703) ld      a4, -32(s0)
core   0: 3 0x000000008000ff62 (0xfe043703) x14 0x00000000800120d4 mem 0x0000000080031f50
core   0: 0x000000008000ff66 (0xfcf76de3) bltu    a4, a5, pc - 38
core   0: 3 0x000000008000ff66 (0xfcf76de3)
core   0: 0x000000008000ff40 (0xfe043783) ld      a5, -32(s0)
core   0: 3 0x000000008000ff40 (0xfe043783) x15 0x00000000800120d4 mem 0x0000000080031f50
core   0: 0x000000008000ff44 (0x00178713) addi    a4, a5, 1
core   0: 3 0x000000008000ff44 (0x00178713) x14 0x00000000800120d5
core   0: 0x000000008000ff48 (0xfee43023) sd      a4, -32(s0)
core   0: 3 0x000000008000ff48 (0xfee43023) mem 0x0000000080031f50 0x00000000800120d5
core   0: 0x000000008000ff4c (0xfc442703) lw      a4, -60(s0)
core   0: 3 0x000000008000ff4c (0xfc442703) x14 0x0000000000000000 mem 0x0000000080031f34
core   0: 0x000000008000ff50 (0x0ff77713) andi    a4, a4, 255
core   0: 3 0x000000008000ff50 (0x0ff77713) x14 0x0000000000000000
core   0: 0x000000008000ff54 (0x00e78023) sb      a4, 0(a5)
core   0: 3 0x000000008000ff54 (0x00e78023) mem 0x00000000800120d4 0x00
core   0: 0x000000008000ff58 (0xfc843703) ld      a4, -56(s0)
core   0: 3 0x000000008000ff58 (0xfc843703) x14 0x0000000080012040 mem 0x0000000080031f38
core   0: 0x000000008000ff5c (0xfb843783) ld      a5, -72(s0)
core   0: 3 0x000000008000ff5c (0xfb843783) x15 0x000000000000009c mem 0x0000000080031f28
core   0: 0x000000008000ff60 (0x000097ba) c.add   a5, a4
core   0: 3 0x000000008000ff60 (0x97ba) x15 0x00000000800120dc
core   0: 0x000000008000ff62 (0xfe043703) ld      a4, -32(s0)
core   0: 3 0x000000008000ff62 (0xfe043703) x14 0x00000000800120d5 mem 0x0000000080031f50
core   0: 0x000000008000ff66 (0xfcf76de3) bltu    a4, a5, pc - 38
core   0: 3 0x000000008000ff66 (0xfcf76de3)
core   0: 0x000000008000ff40 (0xfe043783) ld      a5, -32(s0)
core   0: 3 0x000000008000ff40 (0xfe043783) x15 0x00000000800120d5 mem 0x0000000080031f50
core   0: 0x000000008000ff44 (0x00178713) addi    a4, a5, 1
core   0: 3 0x000000008000ff44 (0x00178713) x14 0x00000000800120d6
core   0: 0x000000008000ff48 (0xfee43023) sd      a4, -32(s0)
core   0: 3 0x000000008000ff48 (0xfee43023) mem 0x0000000080031f50 0x00000000800120d6
core   0: 0x000000008000ff4c (0xfc442703) lw      a4, -60(s0)
core   0: 3 0x000000008000ff4c (0xfc442703) x14 0x0000000000000000 mem 0x0000000080031f34
core   0: 0x000000008000ff50 (0x0ff77713) andi    a4, a4, 255
core   0: 3 0x000000008000ff50 (0x0ff77713) x14 0x0000000000000000
core   0: 0x000000008000ff54 (0x00e78023) sb      a4, 0(a5)
core   0: 3 0x000000008000ff54 (0x00e78023) mem 0x00000000800120d5 0x00
core   0: 0x000000008000ff58 (0xfc843703) ld      a4, -56(s0)
core   0: 3 0x000000008000ff58 (0xfc843703) x14 0x0000000080012040 mem 0x0000000080031f38
core   0: 0x000000008000ff5c (0xfb843783) ld      a5, -72(s0)
core   0: 3 0x000000008000ff5c (0xfb843783) x15 0x000000000000009c mem 0x0000000080031f28
core   0: 0x000000008000ff60 (0x000097ba) c.add   a5, a4
core   0: 3 0x000000008000ff60 (0x97ba) x15 0x00000000800120dc
core   0: 0x000000008000ff62 (0xfe043703) ld      a4, -32(s0)
core   0: 3 0x000000008000ff62 (0xfe043703) x14 0x00000000800120d6 mem 0x0000000080031f50
core   0: 0x000000008000ff66 (0xfcf76de3) bltu    a4, a5, pc - 38
core   0: 3 0x000000008000ff66 (0xfcf76de3)
core   0: 0x000000008000ff40 (0xfe043783) ld      a5, -32(s0)
core   0: 3 0x000000008000ff40 (0xfe043783) x15 0x00000000800120d6 mem 0x0000000080031f50
core   0: 0x000000008000ff44 (0x00178713) addi    a4, a5, 1
core   0: 3 0x000000008000ff44 (0x00178713) x14 0x00000000800120d7
core   0: 0x000000008000ff48 (0xfee43023) sd      a4, -32(s0)
core   0: 3 0x000000008000ff48 (0xfee43023) mem 0x0000000080031f50 0x00000000800120d7
core   0: 0x000000008000ff4c (0xfc442703) lw      a4, -60(s0)
core   0: 3 0x000000008000ff4c (0xfc442703) x14 0x0000000000000000 mem 0x0000000080031f34
core   0: 0x000000008000ff50 (0x0ff77713) andi    a4, a4, 255
core   0: 3 0x000000008000ff50 (0x0ff77713) x14 0x0000000000000000
core   0: 0x000000008000ff54 (0x00e78023) sb      a4, 0(a5)
core   0: 3 0x000000008000ff54 (0x00e78023) mem 0x00000000800120d6 0x00
core   0: 0x000000008000ff58 (0xfc843703) ld      a4, -56(s0)
core   0: 3 0x000000008000ff58 (0xfc843703) x14 0x0000000080012040 mem 0x0000000080031f38
core   0: 0x000000008000ff5c (0xfb843783) ld      a5, -72(s0)
core   0: 3 0x000000008000ff5c (0xfb843783) x15 0x000000000000009c mem 0x0000000080031f28
core   0: 0x000000008000ff60 (0x000097ba) c.add   a5, a4
core   0: 3 0x000000008000ff60 (0x97ba) x15 0x00000000800120dc
core   0: 0x000000008000ff62 (0xfe043703) ld      a4, -32(s0)
core   0: 3 0x000000008000ff62 (0xfe043703) x14 0x00000000800120d7 mem 0x0000000080031f50
core   0: 0x000000008000ff66 (0xfcf76de3) bltu    a4, a5, pc - 38
core   0: 3 0x000000008000ff66 (0xfcf76de3)
core   0: 0x000000008000ff40 (0xfe043783) ld      a5, -32(s0)
core   0: 3 0x000000008000ff40 (0xfe043783) x15 0x00000000800120d7 mem 0x0000000080031f50
core   0: 0x000000008000ff44 (0x00178713) addi    a4, a5, 1
core   0: 3 0x000000008000ff44 (0x00178713) x14 0x00000000800120d8
core   0: 0x000000008000ff48 (0xfee43023) sd      a4, -32(s0)
core   0: 3 0x000000008000ff48 (0xfee43023) mem 0x0000000080031f50 0x00000000800120d8
core   0: 0x000000008000ff4c (0xfc442703) lw      a4, -60(s0)
core   0: 3 0x000000008000ff4c (0xfc442703) x14 0x0000000000000000 mem 0x0000000080031f34
core   0: 0x000000008000ff50 (0x0ff77713) andi    a4, a4, 255
core   0: 3 0x000000008000ff50 (0x0ff77713) x14 0x0000000000000000
core   0: 0x000000008000ff54 (0x00e78023) sb      a4, 0(a5)
core   0: 3 0x000000008000ff54 (0x00e78023) mem 0x00000000800120d7 0x00
core   0: 0x000000008000ff58 (0xfc843703) ld      a4, -56(s0)
core   0: 3 0x000000008000ff58 (0xfc843703) x14 0x0000000080012040 mem 0x0000000080031f38
core   0: 0x000000008000ff5c (0xfb843783) ld      a5, -72(s0)
core   0: 3 0x000000008000ff5c (0xfb843783) x15 0x000000000000009c mem 0x0000000080031f28
core   0: 0x000000008000ff60 (0x000097ba) c.add   a5, a4
core   0: 3 0x000000008000ff60 (0x97ba) x15 0x00000000800120dc
core   0: 0x000000008000ff62 (0xfe043703) ld      a4, -32(s0)
core   0: 3 0x000000008000ff62 (0xfe043703) x14 0x00000000800120d8 mem 0x0000000080031f50
core   0: 0x000000008000ff66 (0xfcf76de3) bltu    a4, a5, pc - 38
core   0: 3 0x000000008000ff66 (0xfcf76de3)
core   0: 0x000000008000ff40 (0xfe043783) ld      a5, -32(s0)
core   0: 3 0x000000008000ff40 (0xfe043783) x15 0x00000000800120d8 mem 0x0000000080031f50
core   0: 0x000000008000ff44 (0x00178713) addi    a4, a5, 1
core   0: 3 0x000000008000ff44 (0x00178713) x14 0x00000000800120d9
core   0: 0x000000008000ff48 (0xfee43023) sd      a4, -32(s0)
core   0: 3 0x000000008000ff48 (0xfee43023) mem 0x0000000080031f50 0x00000000800120d9
core   0: 0x000000008000ff4c (0xfc442703) lw      a4, -60(s0)
core   0: 3 0x000000008000ff4c (0xfc442703) x14 0x0000000000000000 mem 0x0000000080031f34
core   0: 0x000000008000ff50 (0x0ff77713) andi    a4, a4, 255
core   0: 3 0x000000008000ff50 (0x0ff77713) x14 0x0000000000000000
core   0: 0x000000008000ff54 (0x00e78023) sb      a4, 0(a5)
core   0: 3 0x000000008000ff54 (0x00e78023) mem 0x00000000800120d8 0x00
core   0: 0x000000008000ff58 (0xfc843703) ld      a4, -56(s0)
core   0: 3 0x000000008000ff58 (0xfc843703) x14 0x0000000080012040 mem 0x0000000080031f38
core   0: 0x000000008000ff5c (0xfb843783) ld      a5, -72(s0)
core   0: 3 0x000000008000ff5c (0xfb843783) x15 0x000000000000009c mem 0x0000000080031f28
core   0: 0x000000008000ff60 (0x000097ba) c.add   a5, a4
core   0: 3 0x000000008000ff60 (0x97ba) x15 0x00000000800120dc
core   0: 0x000000008000ff62 (0xfe043703) ld      a4, -32(s0)
core   0: 3 0x000000008000ff62 (0xfe043703) x14 0x00000000800120d9 mem 0x0000000080031f50
core   0: 0x000000008000ff66 (0xfcf76de3) bltu    a4, a5, pc - 38
core   0: 3 0x000000008000ff66 (0xfcf76de3)
core   0: 0x000000008000ff40 (0xfe043783) ld      a5, -32(s0)
core   0: 3 0x000000008000ff40 (0xfe043783) x15 0x00000000800120d9 mem 0x0000000080031f50
core   0: 0x000000008000ff44 (0x00178713) addi    a4, a5, 1
core   0: 3 0x000000008000ff44 (0x00178713) x14 0x00000000800120da
core   0: 0x000000008000ff48 (0xfee43023) sd      a4, -32(s0)
core   0: 3 0x000000008000ff48 (0xfee43023) mem 0x0000000080031f50 0x00000000800120da
core   0: 0x000000008000ff4c (0xfc442703) lw      a4, -60(s0)
core   0: 3 0x000000008000ff4c (0xfc442703) x14 0x0000000000000000 mem 0x0000000080031f34
core   0: 0x000000008000ff50 (0x0ff77713) andi    a4, a4, 255
core   0: 3 0x000000008000ff50 (0x0ff77713) x14 0x0000000000000000
core   0: 0x000000008000ff54 (0x00e78023) sb      a4, 0(a5)
core   0: 3 0x000000008000ff54 (0x00e78023) mem 0x00000000800120d9 0x00
core   0: 0x000000008000ff58 (0xfc843703) ld      a4, -56(s0)
core   0: 3 0x000000008000ff58 (0xfc843703) x14 0x0000000080012040 mem 0x0000000080031f38
core   0: 0x000000008000ff5c (0xfb843783) ld      a5, -72(s0)
core   0: 3 0x000000008000ff5c (0xfb843783) x15 0x000000000000009c mem 0x0000000080031f28
core   0: 0x000000008000ff60 (0x000097ba) c.add   a5, a4
core   0: 3 0x000000008000ff60 (0x97ba) x15 0x00000000800120dc
core   0: 0x000000008000ff62 (0xfe043703) ld      a4, -32(s0)
core   0: 3 0x000000008000ff62 (0xfe043703) x14 0x00000000800120da mem 0x0000000080031f50
core   0: 0x000000008000ff66 (0xfcf76de3) bltu    a4, a5, pc - 38
core   0: 3 0x000000008000ff66 (0xfcf76de3)
core   0: 0x000000008000ff40 (0xfe043783) ld      a5, -32(s0)
core   0: 3 0x000000008000ff40 (0xfe043783) x15 0x00000000800120da mem 0x0000000080031f50
core   0: 0x000000008000ff44 (0x00178713) addi    a4, a5, 1
core   0: 3 0x000000008000ff44 (0x00178713) x14 0x00000000800120db
core   0: 0x000000008000ff48 (0xfee43023) sd      a4, -32(s0)
core   0: 3 0x000000008000ff48 (0xfee43023) mem 0x0000000080031f50 0x00000000800120db
core   0: 0x000000008000ff4c (0xfc442703) lw      a4, -60(s0)
core   0: 3 0x000000008000ff4c (0xfc442703) x14 0x0000000000000000 mem 0x0000000080031f34
core   0: 0x000000008000ff50 (0x0ff77713) andi    a4, a4, 255
core   0: 3 0x000000008000ff50 (0x0ff77713) x14 0x0000000000000000
core   0: 0x000000008000ff54 (0x00e78023) sb      a4, 0(a5)
core   0: 3 0x000000008000ff54 (0x00e78023) mem 0x00000000800120da 0x00
core   0: 0x000000008000ff58 (0xfc843703) ld      a4, -56(s0)
core   0: 3 0x000000008000ff58 (0xfc843703) x14 0x0000000080012040 mem 0x0000000080031f38
core   0: 0x000000008000ff5c (0xfb843783) ld      a5, -72(s0)
core   0: 3 0x000000008000ff5c (0xfb843783) x15 0x000000000000009c mem 0x0000000080031f28
core   0: 0x000000008000ff60 (0x000097ba) c.add   a5, a4
core   0: 3 0x000000008000ff60 (0x97ba) x15 0x00000000800120dc
core   0: 0x000000008000ff62 (0xfe043703) ld      a4, -32(s0)
core   0: 3 0x000000008000ff62 (0xfe043703) x14 0x00000000800120db mem 0x0000000080031f50
core   0: 0x000000008000ff66 (0xfcf76de3) bltu    a4, a5, pc - 38
core   0: 3 0x000000008000ff66 (0xfcf76de3)
core   0: 0x000000008000ff40 (0xfe043783) ld      a5, -32(s0)
core   0: 3 0x000000008000ff40 (0xfe043783) x15 0x00000000800120db mem 0x0000000080031f50
core   0: 0x000000008000ff44 (0x00178713) addi    a4, a5, 1
core   0: 3 0x000000008000ff44 (0x00178713) x14 0x00000000800120dc
core   0: 0x000000008000ff48 (0xfee43023) sd      a4, -32(s0)
core   0: 3 0x000000008000ff48 (0xfee43023) mem 0x0000000080031f50 0x00000000800120dc
core   0: 0x000000008000ff4c (0xfc442703) lw      a4, -60(s0)
core   0: 3 0x000000008000ff4c (0xfc442703) x14 0x0000000000000000 mem 0x0000000080031f34
core   0: 0x000000008000ff50 (0x0ff77713) andi    a4, a4, 255
core   0: 3 0x000000008000ff50 (0x0ff77713) x14 0x0000000000000000
core   0: 0x000000008000ff54 (0x00e78023) sb      a4, 0(a5)
core   0: 3 0x000000008000ff54 (0x00e78023) mem 0x00000000800120db 0x00
core   0: 0x000000008000ff58 (0xfc843703) ld      a4, -56(s0)
core   0: 3 0x000000008000ff58 (0xfc843703) x14 0x0000000080012040 mem 0x0000000080031f38
core   0: 0x000000008000ff5c (0xfb843783) ld      a5, -72(s0)
core   0: 3 0x000000008000ff5c (0xfb843783) x15 0x000000000000009c mem 0x0000000080031f28
core   0: 0x000000008000ff60 (0x000097ba) c.add   a5, a4
core   0: 3 0x000000008000ff60 (0x97ba) x15 0x00000000800120dc
core   0: 0x000000008000ff62 (0xfe043703) ld      a4, -32(s0)
core   0: 3 0x000000008000ff62 (0xfe043703) x14 0x00000000800120dc mem 0x0000000080031f50
core   0: 0x000000008000ff66 (0xfcf76de3) bltu    a4, a5, pc - 38
core   0: 3 0x000000008000ff66 (0xfcf76de3)
core   0: 0x000000008000ff6a (0xfc843783) ld      a5, -56(s0)
core   0: 3 0x000000008000ff6a (0xfc843783) x15 0x0000000080012040 mem 0x0000000080031f38
core   0: 0x000000008000ff6e (0x0000853e) c.mv    a0, a5
core   0: 3 0x000000008000ff6e (0x853e) x10 0x0000000080012040
core   0: 0x000000008000ff70 (0x00006426) c.ldsp  s0, 72(sp)
core   0: 3 0x000000008000ff70 (0x6426) x8  0x0000000080031f90 mem 0x0000000080031f68
core   0: 0x000000008000ff72 (0x00006161) c.addi16sp sp, 80
core   0: 3 0x000000008000ff72 (0x6161) x2  0x0000000080031f70
core   0: 0x000000008000ff74 (0x00008082) ret
core   0: 3 0x000000008000ff74 (0x8082)
core   0: 0x000000008000f528 (0x00000001) c.nop
core   0: 3 0x000000008000f528 (0x0001)
core   0: 0x000000008000f52a (0x000060e2) c.ldsp  ra, 24(sp)
core   0: 3 0x000000008000f52a (0x60e2) x1  0x000000008000f568 mem 0x0000000080031f88
core   0: 0x000000008000f52c (0x00006442) c.ldsp  s0, 16(sp)
core   0: 3 0x000000008000f52c (0x6442) x8  0x0000000080032040 mem 0x0000000080031f80
core   0: 0x000000008000f52e (0x00006105) c.addi16sp sp, 32
core   0: 3 0x000000008000f52e (0x6105) x2  0x0000000080031f90
core   0: 0x000000008000f530 (0x00008082) ret
core   0: 3 0x000000008000f530 (0x8082)
core   0: 0x000000008000f568 (0xf5842703) lw      a4, -168(s0)
core   0: 3 0x000000008000f568 (0xf5842703) x14 0x0000000000000001 mem 0x0000000080031f98
core   0: 0x000000008000f56c (0xf5c42783) lw      a5, -164(s0)
core   0: 3 0x000000008000f56c (0xf5c42783) x15 0x0000000000000000 mem 0x0000000080031f9c
core   0: 0x000000008000f570 (0x000085ba) c.mv    a1, a4
core   0: 3 0x000000008000f570 (0x85ba) x11 0x0000000000000001
core   0: 0x000000008000f572 (0x0000853e) c.mv    a0, a5
core   0: 3 0x000000008000f572 (0x853e) x10 0x0000000000000000
core   0: 0x000000008000f574 (0xf03ff0ef) jal     pc - 0xfe
core   0: 3 0x000000008000f574 (0xf03ff0ef) x1  0x000000008000f578
core   0: >>>>  thread_entry
core   0: 0x000000008000f476 (0x00001101) c.addi  sp, -32
core   0: 3 0x000000008000f476 (0x1101) x2  0x0000000080031f70
core   0: 0x000000008000f478 (0x0000ec22) c.sdsp  s0, 24(sp)
core   0: 3 0x000000008000f478 (0xec22) mem 0x0000000080031f88 0x0000000080032040
core   0: 0x000000008000f47a (0x00001000) c.addi4spn s0, sp, 32
core   0: 3 0x000000008000f47a (0x1000) x8  0x0000000080031f90
core   0: 0x000000008000f47c (0x000087aa) c.mv    a5, a0
core   0: 3 0x000000008000f47c (0x87aa) x15 0x0000000000000000
core   0: 0x000000008000f47e (0x0000872e) c.mv    a4, a1
core   0: 3 0x000000008000f47e (0x872e) x14 0x0000000000000001
core   0: 0x000000008000f480 (0xfef42623) sw      a5, -20(s0)
core   0: 3 0x000000008000f480 (0xfef42623) mem 0x0000000080031f7c 0x00000000
core   0: 0x000000008000f484 (0x000087ba) c.mv    a5, a4
core   0: 3 0x000000008000f484 (0x87ba) x15 0x0000000000000001
core   0: 0x000000008000f486 (0xfef42423) sw      a5, -24(s0)
core   0: 3 0x000000008000f486 (0xfef42423) mem 0x0000000080031f78 0x00000001
core   0: 0x000000008000f48a (0x00000001) c.nop
core   0: 3 0x000000008000f48a (0x0001)
core   0: 0x000000008000f48c (0xfec42783) lw      a5, -20(s0)
core   0: 3 0x000000008000f48c (0xfec42783) x15 0x0000000000000000 mem 0x0000000080031f7c
core   0: 0x000000008000f490 (0x00002781) c.addiw a5, 0
core   0: 3 0x000000008000f490 (0x2781) x15 0x0000000000000000
core   0: 0x000000008000f492 (0x0000ffed) c.bnez  a5, pc - 6
core   0: 3 0x000000008000f492 (0xffed)
core   0: 0x000000008000f494 (0x00000001) c.nop
core   0: 3 0x000000008000f494 (0x0001)
core   0: 0x000000008000f496 (0x00000001) c.nop
core   0: 3 0x000000008000f496 (0x0001)
core   0: 0x000000008000f498 (0x00006462) c.ldsp  s0, 24(sp)
core   0: 3 0x000000008000f498 (0x6462) x8  0x0000000080032040 mem 0x0000000080031f88
core   0: 0x000000008000f49a (0x00006105) c.addi16sp sp, 32
core   0: 3 0x000000008000f49a (0x6105) x2  0x0000000080031f90
core   0: 0x000000008000f49c (0x00008082) ret
core   0: 3 0x000000008000f49c (0x8082)
core   0: 0x000000008000f578 (0x00004581) c.li    a1, 0
core   0: 3 0x000000008000f578 (0x4581) x11 0x0000000000000000
core   0: 0x000000008000f57a (0x00004501) c.li    a0, 0
core   0: 3 0x000000008000f57a (0x4501) x10 0x0000000000000000
core   0: 0x000000008000f57c (0xa85f20ef) jal     pc - 0xd57c
core   0: 3 0x000000008000f57c (0xa85f20ef) x1  0x000000008000f580
core   0: >>>>  main
core   0: 0x0000000080002000 (0x00000001) c.nop
core   0: 3 0x0000000080002000 (0x0001)
core   0: >>>>  trap_vec_init
core   0: 0x0000000080002002 (0x00002797) auipc   a5, 0x2
core   0: 3 0x0000000080002002 (0x00002797) x15 0x0000000080004002
core   0: 0x0000000080002006 (0xffe78793) addi    a5, a5, -2
core   0: 3 0x0000000080002006 (0xffe78793) x15 0x0000000080004000
core   0: 0x000000008000200a (0x30579073) csrrw   zero, mtvec, a5
core   0: 3 0x000000008000200a (0x30579073) c773_mtvec 0x0000000080004000
core   0: >>>>  pmp_setup
core   0: 0x000000008000200e (0x00002c17) auipc   s8, 0x2
core   0: 3 0x000000008000200e (0x00002c17) x24 0x000000008000400e
core   0: 0x0000000080002012 (0x022c0c13) addi    s8, s8, 34
core   0: 3 0x0000000080002012 (0x022c0c13) x24 0x0000000080004030
core   0: 0x0000000080002016 (0x00004781) c.li    a5, 0
core   0: 3 0x0000000080002016 (0x4781) x15 0x0000000000000000
core   0: 0x0000000080002018 (0x00009c3e) c.add   s8, a5
core   0: 3 0x0000000080002018 (0x9c3e) x24 0x0000000080004030
core   0: 0x000000008000201a (0x3b0c1073) csrrw   zero, pmpaddr0, s8
core   0: 3 0x000000008000201a (0x3b0c1073) c944_pmpaddr0 0x0000000080004030
core   0: 0x000000008000201e (0x00004c3d) c.li    s8, 15
core   0: 3 0x000000008000201e (0x4c3d) x24 0x000000000000000f
core   0: 0x0000000080002020 (0x3a0c1073) csrrw   zero, pmpcfg0, s8
core   0: 3 0x0000000080002020 (0x3a0c1073) c928_pmpcfg0 0x000000000000000f
core   0: 0x0000000080002024 (0x12000073) sfence.vma zero, zero
core   0: 3 0x0000000080002024 (0x12000073)
core   0: >>>>  mepc_setup
core   0: 0x0000000080002028 (0x00002797) auipc   a5, 0x2
core   0: 3 0x0000000080002028 (0x00002797) x15 0x0000000080004028
core   0: 0x000000008000202c (0x00878793) addi    a5, a5, 8
core   0: 3 0x000000008000202c (0x00878793) x15 0x0000000080004030
core   0: 0x0000000080002030 (0x34179073) csrrw   zero, mepc, a5
core   0: 3 0x0000000080002030 (0x34179073) c833_mepc 0x0000000080004030
core   0: >>>>  custom_csr_setup
core   0: 0x0000000080002034 (0x00100f9b) addiw   t6, zero, 1
core   0: 3 0x0000000080002034 (0x00100f9b) x31 0x0000000000000001
core   0: 0x0000000080002038 (0x00000ffe) c.slli  t6, 31
core   0: 3 0x0000000080002038 (0x0ffe) x31 0x0000000080000000
core   0: 0x000000008000203a (0x00000001) c.nop
core   0: 3 0x000000008000203a (0x0001)
core   0: >>>>  init_s_mode
core   0: 0x000000008000203c (0xfff0079b) addiw   a5, zero, -1
core   0: 3 0x000000008000203c (0xfff0079b) x15 0xffffffffffffffff
core   0: 0x0000000080002040 (0x000017fe) c.slli  a5, 63
core   0: 3 0x0000000080002040 (0x17fe) x15 0x8000000000000000
core   0: 0x0000000080002042 (0x18079073) csrrw   zero, satp, a5
core   0: 3 0x0000000080002042 (0x18079073) c384_satp 0x8000000000000000
core   0: 0x0000000080002046 (0x0000f797) auipc   a5, 0xf
core   0: 3 0x0000000080002046 (0x0000f797) x15 0x0000000080011046
core   0: 0x000000008000204a (0xfba78793) addi    a5, a5, -70
core   0: 3 0x000000008000204a (0xfba78793) x15 0x0000000080011000
core   0: 0x000000008000204e (0x000083b1) c.srli  a5, 12
core   0: 3 0x000000008000204e (0x83b1) x15 0x0000000000080011
core   0: 0x0000000080002050 (0x0010061b) addiw   a2, zero, 1
core   0: 3 0x0000000080002050 (0x0010061b) x12 0x0000000000000001
core   0: 0x0000000080002054 (0x00001632) c.slli  a2, 44
core   0: 3 0x0000000080002054 (0x1632) x12 0x0000100000000000
core   0: 0x0000000080002056 (0x0000167d) c.addi  a2, -1
core   0: 3 0x0000000080002056 (0x167d) x12 0x00000fffffffffff
core   0: 0x0000000080002058 (0x00008ff1) c.and   a5, a2
core   0: 3 0x0000000080002058 (0x8ff1) x15 0x0000000000080011
core   0: 0x000000008000205a (0x1807a073) csrrs   zero, satp, a5
core   0: 3 0x000000008000205a (0x1807a073) c384_satp 0x8000000000080011
core   0: 0x000000008000205e (0x00a005b7) lui     a1, 0xa00
core   0: 3 0x000000008000205e (0x00a005b7) x11 0x0000000000a00000
core   0: 0x0000000080002062 (0x10b5859b) addiw   a1, a1, 267
core   0: 3 0x0000000080002062 (0x10b5859b) x11 0x0000000000a0010b
core   0: 0x0000000080002066 (0x000005b2) c.slli  a1, 12
core   0: 3 0x0000000080002066 (0x05b2) x11 0x0000000a0010b000
core   0: 0x0000000080002068 (0xa0058593) addi    a1, a1, -1536
core   0: 3 0x0000000080002068 (0xa0058593) x11 0x0000000a0010aa00
core   0: 0x000000008000206c (0x30059073) csrrw   zero, mstatus, a1
core   0: 3 0x000000008000206c (0x30059073) c768_mstatus 0x0000000a00102800
core   0: 0x0000000080002070 (0x30459073) csrrw   zero, mie, a1
core   0: 3 0x0000000080002070 (0x30459073) c772_mie 0x0000000000000a00
core   0: 0x0000000080002074 (0x00a005b7) lui     a1, 0xa00
core   0: 3 0x0000000080002074 (0x00a005b7) x11 0x0000000000a00000
core   0: 0x0000000080002078 (0x10b5859b) addiw   a1, a1, 267
core   0: 3 0x0000000080002078 (0x10b5859b) x11 0x0000000000a0010b
core   0: 0x000000008000207c (0x000005b2) c.slli  a1, 12
core   0: 3 0x000000008000207c (0x05b2) x11 0x0000000a0010b000
core   0: 0x000000008000207e (0xa0058593) addi    a1, a1, -1536
core   0: 3 0x000000008000207e (0xa0058593) x11 0x0000000a0010aa00
core   0: 0x0000000080002082 (0x10059073) csrrw   zero, sstatus, a1
core   0: 3 0x0000000080002082 (0x10059073) c768_mstatus 0x0000000a00102800
core   0: 0x0000000080002086 (0x10459073) csrrw   zero, sie, a1
core   0: 3 0x0000000080002086 (0x10459073) c772_mie 0x0000000000000a00
core   0: 0x000000008000208a (0x30200073) mret
core   0: 3 0x000000008000208a (0x30200073) c768_mstatus 0x0000000a00102080
core   0: >>>>  main_g
core   0: 0x0000000080004030 (0x014a42b3) xor     t0, s4, s4
core   0: 1 0x0000000080004030 (0x014a42b3) x5  0x0000000000000000
core   0: 0x0000000080004034 (0x014177b3) and     a5, sp, s4
core   0: 1 0x0000000080004034 (0x014177b3) x15 0x0000000000000000
core   0: 0x0000000080004038 (0x001a9013) slli    zero, s5, 1
core   0: 1 0x0000000080004038 (0x001a9013)
core   0: 0x000000008000403c (0xc21b7ad3) fcvt.wu.d s5, fs6
core   0: 1 0x000000008000403c (0xc21b7ad3) c1_fflags 0x0000000000000010 c768_mstatus 0x8000000a00106080 x21 0xffffffffffffffff
core   0: 0x0000000080004040 (0xd2367253) fcvt.d.lu ft4, a2
core   0: 1 0x0000000080004040 (0xd2367253) f4  0x42affffffffffe00
core   0: 0x0000000080004044 (0xa2c90bd3) fle.d   s7, fs2, fa2
core   0: 1 0x0000000080004044 (0xa2c90bd3) c1_fflags 0x0000000000000010 x23 0x0000000000000000
core   0: 0x0000000080004048 (0x00681db3) sll     s11, a6, t1
core   0: 1 0x0000000080004048 (0x00681db3) x27 0x0000000000000000
core   0: 0x000000008000404c (0x000d9e13) slli    t3, s11, 0
core   0: 1 0x000000008000404c (0x000d9e13) x28 0x0000000000000000
core   0: 0x0000000080004050 (0x017e7bb3) and     s7, t3, s7
core   0: 1 0x0000000080004050 (0x017e7bb3) x23 0x0000000000000000
core   0: 0x0000000080004054 (0x420587d3) fcvt.d.s fa5, fa1
core   0: 1 0x0000000080004054 (0x420587d3) f15 0x0000000000000000
core   0: 0x0000000080004058 (0x40b855b3) sra     a1, a6, a1
core   0: 1 0x0000000080004058 (0x40b855b3) x11 0x0000000000000000
core   0: 0x000000008000405c (0x1ab8f9d3) fdiv.d  fs3, fa7, fa1
core   0: 1 0x000000008000405c (0x1ab8f9d3) f19 0x7ff8000000000000
core   0: 0x0000000080004060 (0x00e601b3) add     gp, a2, a4
core   0: 1 0x0000000080004060 (0x00e601b3) x3  0x0000100000000000
core   0: 0x0000000080004064 (0x41d00c33) sub     s8, zero, t4
core   0: 1 0x0000000080004064 (0x41d00c33) x24 0x0000000000000000
core   0: 0x0000000080004068 (0x02a080bb) mulw    ra, ra, a0
core   0: 1 0x0000000080004068 (0x02a080bb) x1  0x0000000000000000
core   0: 0x000000008000406c (0x4152023b) subw    tp, tp, s5
core   0: 1 0x000000008000406c (0x4152023b) x4  0xffffffff80012041
core   0: 0x0000000080004070 (0x2ac59cd3) fmax.d  fs9, fa1, fa2
core   0: 1 0x0000000080004070 (0x2ac59cd3) f25 0x7ff8000000000000
core   0: 0x0000000080004074 (0xa3f62153) feq.d   sp, fa2, ft11
core   0: 1 0x0000000080004074 (0xa3f62153) x2  0x0000000000000000
core   0: 0x0000000080004078 (0x401cd99b) sraiw   s3, s9, 1
core   0: 1 0x0000000080004078 (0x401cd99b) x19 0x0000000000000000
core   0: 0x000000008000407c (0x029124b3) mulhsu  s1, sp, s1
core   0: 1 0x000000008000407c (0x029124b3) x9  0x0000000000000000
core   0: 0x0000000080004080 (0x016755bb) srlw    a1, a4, s6
core   0: 1 0x0000000080004080 (0x016755bb) x11 0x0000000000000001
core   0: 0x0000000080004084 (0x019b561b) srliw   a2, s6, 25
core   0: 1 0x0000000080004084 (0x019b561b) x12 0x0000000000000000
core   0: 0x0000000080004088 (0x00110e93) addi    t4, sp, 1
core   0: 1 0x0000000080004088 (0x00110e93) x29 0x0000000000000001
core   0: 0x000000008000408c (0x00000001) c.nop
core   0: 1 0x000000008000408c (0x0001)
core   0: 0x000000008000408e (0x0043119b) slliw   gp, t1, 4
core   0: 1 0x000000008000408e (0x0043119b) x3  0x0000000000000000
core   0: 0x0000000080004092 (0xe2058bd3) fmv.x.d s7, fa1
core   0: 1 0x0000000080004092 (0xe2058bd3) x23 0xffffffff00000000
core   0: 0x0000000080004096 (0x00b49cbb) sllw    s9, s1, a1
core   0: 1 0x0000000080004096 (0x00b49cbb) x25 0x0000000000000000
core   0: 0x000000008000409a (0x00c8963b) sllw    a2, a7, a2
core   0: 1 0x000000008000409a (0x00c8963b) x12 0x0000000000000000
core   0: 0x000000008000409e (0x03a8a4b3) mulhsu  s1, a7, s10
core   0: 1 0x000000008000409e (0x03a8a4b3) x9  0x0000000000000000
core   0: 0x00000000800040a2 (0x01c7171b) slliw   a4, a4, 28
core   0: 1 0x00000000800040a2 (0x01c7171b) x14 0x0000000010000000
core   0: 0x00000000800040a6 (0x144057f3) csrrwi  a5, sip, 0
core   0: 1 0x00000000800040a6 (0x144057f3) x15 0x0000000000000000 c836_mip 0x0000000000000080
core   0: 0x00000000800040aa (0x01a7e033) or      zero, a5, s10
core   0: 1 0x00000000800040aa (0x01a7e033)
core   0: 0x00000000800040ae (0x03858db3) mul     s11, a1, s8
core   0: 1 0x00000000800040ae (0x03858db3) x27 0x0000000000000000
core   0: 0x00000000800040b2 (0xc817ad73) csrrs   s10, timeh, a5
core   0: exception trap_illegal_instruction, epc 0x00000000800040b2
core   0:           tval 0x00000000c817ad73
core   0: >>>>  $xrv64i2p1_m2p0_a2p1_f2p2_d2p2_zicsr2p0_zifencei2p0_zmmul1p0_zba1p0_zbb1p0_zbc1p0_zbs1p0
core   0: 0x0000000080004000 (0x0080006f) j       pc + 0x8
core   0: 3 0x0000000080004000 (0x0080006f)
core   0: >>>>  mmode_exception_handler
core   0: 0x0000000080004008 (0x00002c17) auipc   s8, 0x2
core   0: 3 0x0000000080004008 (0x00002c17) x24 0x0000000080006008
core   0: 0x000000008000400c (0x012c0c13) addi    s8, s8, 18
core   0: 3 0x000000008000400c (0x012c0c13) x24 0x000000008000601a
core   0: 0x0000000080004010 (0x000c00e7) jalr    s8
core   0: 3 0x0000000080004010 (0x000c00e7) x1  0x0000000080004014
core   0: >>>>  any_handler
core   0: 0x000000008000601a (0x341027f3) csrrs   a5, mepc, zero
core   0: 3 0x000000008000601a (0x341027f3) x15 0x00000000800040b2
core   0: 0x000000008000601e (0x34202773) csrrs   a4, mcause, zero
core   0: 3 0x000000008000601e (0x34202773) x14 0x0000000000000002
core   0: 0x0000000080006022 (0x142026f3) csrrs   a3, scause, zero
core   0: 3 0x0000000080006022 (0x142026f3) x13 0x0000000000000000
core   0: 0x0000000080006026 (0x30402673) csrrs   a2, mie, zero
core   0: 3 0x0000000080006026 (0x30402673) x12 0x0000000000000a00
core   0: 0x000000008000602a (0x344025f3) csrrs   a1, mip, zero
core   0: 3 0x000000008000602a (0x344025f3) x11 0x0000000000000080
core   0: 0x000000008000602e (0x343025f3) csrrs   a1, mtval, zero
core   0: 3 0x000000008000602e (0x343025f3) x11 0x00000000c817ad73
core   0: 0x0000000080006032 (0x14302573) csrrs   a0, stval, zero
core   0: 3 0x0000000080006032 (0x14302573) x10 0x0000000000000000
core   0: 0x0000000080006036 (0xb02024f3) csrrs   s1, minstret, zero
core   0: 3 0x0000000080006036 (0xb02024f3) x9  0x00000000000007ec
core   0: 0x000000008000603a (0x0000a811) c.j     pc + 20
core   0: 3 0x000000008000603a (0xa811)
core   0: >>>>  mepc_4
core   0: 0x000000008000604e (0x00000791) c.addi  a5, 4
core   0: 3 0x000000008000604e (0x0791) x15 0x00000000800040b6
core   0: 0x0000000080006050 (0x34179073) csrrw   zero, mepc, a5
core   0: 3 0x0000000080006050 (0x34179073) c833_mepc 0x00000000800040b6
core   0: 0x0000000080006054 (0x30200073) mret
core   0: 3 0x0000000080006054 (0x30200073) c768_mstatus 0x8000000a00106080
core   0: 0x00000000800040b6 (0xd21d0a53) fcvt.d.wu fs4, s10
core   0: 1 0x00000000800040b6 (0xd21d0a53) f20 0x0000000000000000
core   0: 0x00000000800040ba (0x03d8fed3) fadd.d  ft9, fa7, ft9
core   0: 1 0x00000000800040ba (0x03d8fed3) f29 0x7ff8000000000000
core   0: 0x00000000800040be (0x42060253) fcvt.d.s ft4, fa2
core   0: 1 0x00000000800040be (0x42060253) f4  0x0000000000000000
core   0: 0x00000000800040c2 (0x00326233) or      tp, tp, gp
core   0: 1 0x00000000800040c2 (0x00326233) x4  0xffffffff80012041
core   0: 0x00000000800040c6 (0xd23a7353) fcvt.d.lu ft6, s4
core   0: 1 0x00000000800040c6 (0xd23a7353) f6  0x0000000000000000
core   0: 0x00000000800040ca (0x009853bb) srlw    t2, a6, s1
core   0: 1 0x00000000800040ca (0x009853bb) x7  0x0000000000000000
core   0: 0x00000000800040ce (0x019c6cb3) or      s9, s8, s9
core   0: 1 0x00000000800040ce (0x019c6cb3) x25 0x000000008000601a
core   0: 0x00000000800040d2 (0x00251073) csrrw   zero, frm, a0
core   0: 1 0x00000000800040d2 (0x00251073) c2_frm 0x0000000000000000
core   0: 0x00000000800040d6 (0x007a7637) lui     a2, 0x7a7
core   0: 1 0x00000000800040d6 (0x007a7637) x12 0x00000000007a7000
core   0: 0x00000000800040da (0xdfd6061b) addiw   a2, a2, -515
core   0: 1 0x00000000800040da (0xdfd6061b) x12 0x00000000007a6dfd
core   0: 0x00000000800040de (0x0000063e) c.slli  a2, 15
core   0: 1 0x00000000800040de (0x063e) x12 0x0000003d36fe8000
core   0: 0x00000000800040e0 (0xa1460613) addi    a2, a2, -1516
core   0: 1 0x00000000800040e0 (0xa1460613) x12 0x0000003d36fe7a14
core   0: 0x00000000800040e4 (0x02cab1b3) mulhu   gp, s5, a2
core   0: 1 0x00000000800040e4 (0x02cab1b3) x3  0x0000003d36fe7a13
core   0: 0x00000000800040e8 (0x00491db7) lui     s11, 0x491
core   0: 1 0x00000000800040e8 (0x00491db7) x27 0x0000000000491000
core   0: 0x00000000800040ec (0xe39d8d9b) addiw   s11, s11, -455
core   0: 1 0x00000000800040ec (0xe39d8d9b) x27 0x0000000000490e39
core   0: 0x00000000800040f0 (0x00000dba) c.slli  s11, 14
core   0: 1 0x00000000800040f0 (0x0dba) x27 0x00000012438e4000
core   0: 0x00000000800040f2 (0xb1bd8d93) addi    s11, s11, -1253
core   0: 1 0x00000000800040f2 (0xb1bd8d93) x27 0x00000012438e3b1b
core   0: 0x00000000800040f6 (0x003190b3) sll     ra, gp, gp
core   0: 1 0x00000000800040f6 (0x003190b3) x1  0x01e9b7f3d0980000
core   0: 0x00000000800040fa (0xffb996b7) lui     a3, 0xffb99
core   0: 1 0x00000000800040fa (0xffb996b7) x13 0xffffffffffb99000
core   0: 0x00000000800040fe (0xf856869b) addiw   a3, a3, -123
core   0: 1 0x00000000800040fe (0xf856869b) x13 0xffffffffffb98f85
core   0: 0x0000000080004102 (0x000006be) c.slli  a3, 15
core   0: 1 0x0000000080004102 (0x06be) x13 0xffffffdcc7c28000
core   0: 0x0000000080004104 (0x10768693) addi    a3, a3, 263
core   0: 1 0x0000000080004104 (0x10768693) x13 0xffffffdcc7c28107
core   0: 0x0000000080004108 (0x008d163b) sllw    a2, s10, s0
core   0: 1 0x0000000080004108 (0x008d163b) x12 0x0000000000000000
core   0: 0x000000008000410c (0x7bde7ecf) fnmadd.d ft9, ft8, ft9, fa5
core   0: 1 0x000000008000410c (0x7bde7ecf) f29 0x7ff8000000000000
core   0: 0x0000000080004110 (0x419cd6b3) sra     a3, s9, s9
core   0: 1 0x0000000080004110 (0x419cd6b3) x13 0x0000000000000020
core   0: 0x0000000080004114 (0x412b0b33) sub     s6, s6, s2
core   0: 1 0x0000000080004114 (0x412b0b33) x22 0x0000000000000000
core   0: 0x0000000080004118 (0x32137247) fmsub.d ft4, ft6, ft1, ft6
core   0: 1 0x0000000080004118 (0x32137247) f4  0x7ff8000000000000
core   0: 0x000000008000411c (0x0273c3bb) divw    t2, t2, t2
core   0: 1 0x000000008000411c (0x0273c3bb) x7  0xffffffffffffffff
core   0: 0x0000000080004120 (0xd02976d3) fcvt.s.l fa3, s2
core   0: 1 0x0000000080004120 (0xd02976d3) f13 0xffffffff00000000
core   0: 0x0000000080004124 (0x0a9ef4d3) fsub.d  fs1, ft9, fs1
core   0: 1 0x0000000080004124 (0x0a9ef4d3) f9  0x7ff8000000000000
core   0: 0x0000000080004128 (0x00000001) c.nop
core   0: 1 0x0000000080004128 (0x0001)
core   0: 0x000000008000412a (0x229491d3) fsgnjn.d ft3, fs1, fs1
core   0: 1 0x000000008000412a (0x229491d3) f3  0xfff8000000000000
core   0: 0x000000008000412e (0x024ded3b) remw    s10, s11, tp
core   0: 1 0x000000008000412e (0x024ded3b) x26 0x00000000438e3b1b
core   0: 0x0000000080004132 (0x01a367b3) or      a5, t1, s10
core   0: 1 0x0000000080004132 (0x01a367b3) x15 0x00000000438e3b1b
core   0: 0x0000000080004136 (0xd2078a53) fcvt.d.w fs4, a5
core   0: 1 0x0000000080004136 (0xd2078a53) f20 0x41d0e38ec6c00000
core   0: 0x000000008000413a (0xc21a72d3) fcvt.wu.d t0, fs4
core   0: 1 0x000000008000413a (0xc21a72d3) x5  0x00000000438e3b1b
core   0: 0x000000008000413e (0x0bc8bcb7) lui     s9, 0xbc8b
core   0: 1 0x000000008000413e (0x0bc8bcb7) x25 0x000000000bc8b000
core   0: 0x0000000080004142 (0x932c784b) fnmsub.d fa6, fs8, fs2, fs2
core   0: 1 0x0000000080004142 (0x932c784b) f16 0x7ff8000000000000
core   0: 0x0000000080004146 (0x0212843b) mulw    s0, t0, ra
core   0: 1 0x0000000080004146 (0x0212843b) x8  0x0000000008080000
core   0: 0x000000008000414a (0x00000001) c.nop
core   0: 1 0x000000008000414a (0x0001)
core   0: 0x000000008000414c (0x4133533b) sraw    t1, t1, s3
core   0: 1 0x000000008000414c (0x4133533b) x6  0x0000000000000000
core   0: 0x0000000080004150 (0x02f21593) slli    a1, tp, 47
core   0: 1 0x0000000080004150 (0x02f21593) x11 0x9020800000000000
core   0: 0x0000000080004154 (0x41085d3b) sraw    s10, a6, a6
core   0: 1 0x0000000080004154 (0x41085d3b) x26 0x0000000000000000
core   0: 0x0000000080004158 (0xc22b7cd3) fcvt.l.d s9, fs6
core   0: 1 0x0000000080004158 (0xc22b7cd3) c1_fflags 0x0000000000000010 x25 0x7fffffffffffffff
core   0: 0x000000008000415c (0xfff6c513) not     a0, a3
core   0: 1 0x000000008000415c (0xfff6c513) x10 0xffffffffffffffdf
core   0: 0x0000000080004160 (0x1b5470d3) fdiv.d  ft1, fs0, fs5
core   0: 1 0x0000000080004160 (0x1b5470d3) f1  0x7ff8000000000000
core   0: 0x0000000080004164 (0x4175591b) sraiw   s2, a0, 23
core   0: 1 0x0000000080004164 (0x4175591b) x18 0xffffffffffffffff
core   0: 0x0000000080004168 (0x412556bb) sraw    a3, a0, s2
core   0: 1 0x0000000080004168 (0x412556bb) x13 0xffffffffffffffff
core   0: 0x000000008000416c (0x02b40b3b) mulw    s6, s0, a1
core   0: 1 0x000000008000416c (0x02b40b3b) x22 0x0000000000000000
core   0: 0x0000000080004170 (0x4a9bd397) auipc   t2, 0x4a9bd
core   0: 1 0x0000000080004170 (0x4a9bd397) x7  0x00000000ca9c1170
core   0: 0x0000000080004174 (0x002027f3) csrrs   a5, frm, zero
core   0: 1 0x0000000080004174 (0x002027f3) x15 0x0000000000000000
core   0: 0x0000000080004178 (0xd1d49837) lui     a6, 0xd1d49
core   0: 1 0x0000000080004178 (0xd1d49837) x16 0xffffffffd1d49000
core   0: 0x000000008000417c (0x80084093) xori    ra, a6, -2048
core   0: 1 0x000000008000417c (0x80084093) x1  0x000000002e2b6800
core   0: 0x0000000080004180 (0x00f0921b) slliw   tp, ra, 15
core   0: 1 0x0000000080004180 (0x00f0921b) x4  0xffffffffb4000000
core   0: 0x0000000080004184 (0x00095913) srli    s2, s2, 0
core   0: 1 0x0000000080004184 (0x00095913) x18 0xffffffffffffffff
core   0: 0x0000000080004188 (0x022077d3) fadd.d  fa5, ft0, ft2
core   0: 1 0x0000000080004188 (0x022077d3) f15 0x7ff8000000000000
core   0: 0x000000008000418c (0x412851bb) sraw    gp, a6, s2
core   0: 1 0x000000008000418c (0x412851bb) x3  0xffffffffffffffff
core   0: 0x0000000080004190 (0x018390bb) sllw    ra, t2, s8
core   0: 1 0x0000000080004190 (0x018390bb) x1  0xffffffffc0000000
core   0: 0x0000000080004194 (0x01b0933b) sllw    t1, ra, s11
core   0: 1 0x0000000080004194 (0x01b0933b) x6  0x0000000000000000
core   0: 0x0000000080004198 (0x13887a53) fmul.d  fs4, fa6, fs8
core   0: 1 0x0000000080004198 (0x13887a53) f20 0x7ff8000000000000
core   0: 0x000000008000419c (0x0000869b) sext.w  a3, ra
core   0: 1 0x000000008000419c (0x0000869b) x13 0xffffffffc0000000
core   0: 0x00000000800041a0 (0x01a6d49b) srliw   s1, a3, 26
core   0: 1 0x00000000800041a0 (0x01a6d49b) x9  0x0000000000000030
core   0: 0x00000000800041a4 (0x153b4b13) xori    s6, s6, 339
core   0: 1 0x00000000800041a4 (0x153b4b13) x22 0x0000000000000153
core   0: 0x00000000800041a8 (0x02d6e4b3) rem     s1, a3, a3
core   0: 1 0x00000000800041a8 (0x02d6e4b3) x9  0x0000000000000000
core   0: 0x00000000800041ac (0x03a95913) srli    s2, s2, 58
core   0: 1 0x00000000800041ac (0x03a95913) x18 0x000000000000003f
core   0: 0x00000000800041b0 (0x0052f7b3) and     a5, t0, t0
core   0: 1 0x00000000800041b0 (0x0052f7b3) x15 0x00000000438e3b1b
core   0: 0x00000000800041b4 (0x80058593) addi    a1, a1, -2048
core   0: 1 0x00000000800041b4 (0x80058593) x11 0x90207ffffffff800
core   0: 0x00000000800041b8 (0x001b9ef3) csrrw   t4, fflags, s7
core   0: 1 0x00000000800041b8 (0x001b9ef3) x29 0x0000000000000010 c1_fflags 0x0000000000000000
core   0: 0x00000000800041bc (0x01786633) or      a2, a6, s7
core   0: 1 0x00000000800041bc (0x01786633) x12 0xffffffffd1d49000
core   0: 0x00000000800041c0 (0x22312153) fsgnjx.d ft2, ft2, ft3
core   0: 1 0x00000000800041c0 (0x22312153) f2  0x7fffffff00000000
core   0: 0x00000000800041c4 (0x41c15033) sra     zero, sp, t3
core   0: 1 0x00000000800041c4 (0x41c15033)
core   0: 0x00000000800041c8 (0x01c11613) slli    a2, sp, 28
core   0: 1 0x00000000800041c8 (0x01c11613) x12 0x0000000000000000
core   0: 0x00000000800041cc (0x00159473) csrrw   s0, fflags, a1
core   0: 1 0x00000000800041cc (0x00159473) x8  0x0000000000000000 c1_fflags 0x0000000000000000
core   0: 0x00000000800041d0 (0xa5a42b37) lui     s6, 0xa5a42
core   0: 1 0x00000000800041d0 (0xa5a42b37) x22 0xffffffffa5a42000
core   0: 0x00000000800041d4 (0x015999bb) sllw    s3, s3, s5
core   0: 1 0x00000000800041d4 (0x015999bb) x19 0x0000000000000000
core   0: 0x00000000800041d8 (0x122ff5d3) fmul.d  fa1, ft11, ft2
core   0: 1 0x00000000800041d8 (0x122ff5d3) f11 0x7ff8000000000000
core   0: 0x00000000800041dc (0x000c541b) srliw   s0, s8, 0
core   0: 1 0x00000000800041dc (0x000c541b) x8  0xffffffff8000601a
core   0: 0x00000000800041e0 (0xd21e8ad3) fcvt.d.wu fs5, t4
core   0: 1 0x00000000800041e0 (0xd21e8ad3) f21 0x4030000000000000
core   0: 0x00000000800041e4 (0x41708733) sub     a4, ra, s7
core   0: 1 0x00000000800041e4 (0x41708733) x14 0x00000000c0000000
core   0: 0x00000000800041e8 (0x00105e3b) srlw    t3, zero, ra
core   0: 1 0x00000000800041e8 (0x00105e3b) x28 0x0000000000000000
core   0: 0x00000000800041ec (0x00000001) c.nop
core   0: 1 0x00000000800041ec (0x0001)
core   0: 0x00000000800041ee (0x00e5169b) slliw   a3, a0, 14
core   0: 1 0x00000000800041ee (0x00e5169b) x13 0xfffffffffff7c000
core   0: 0x00000000800041f2 (0x00da0cb3) add     s9, s4, a3
core   0: 1 0x00000000800041f2 (0x00da0cb3) x25 0xfffffffffff7c000
core   0: 0x00000000800041f6 (0x0ff0000f) fence   iorw,iorw
core   0: 1 0x00000000800041f6 (0x0ff0000f)
core   0: 0x00000000800041fa (0x01e11313) slli    t1, sp, 30
core   0: 1 0x00000000800041fa (0x01e11313) x6  0x0000000000000000
core   0: 0x00000000800041fe (0x00680433) add     s0, a6, t1
core   0: 1 0x00000000800041fe (0x00680433) x8  0xffffffffd1d49000
core   0: 0x0000000080004202 (0x0173111b) slliw   sp, t1, 23
core   0: 1 0x0000000080004202 (0x0173111b) x2  0x0000000000000000
core   0: 0x0000000080004206 (0x4137d81b) sraiw   a6, a5, 19
core   0: 1 0x0000000080004206 (0x4137d81b) x16 0x0000000000000871
core   0: 0x000000008000420a (0x00047e93) andi    t4, s0, 0
core   0: 1 0x000000008000420a (0x00047e93) x29 0x0000000000000000
core   0: 0x000000008000420e (0x03ce7e43) fmadd.d ft8, ft8, ft8, ft0
core   0: 1 0x000000008000420e (0x03ce7e43) f28 0x7ff8000000000000
core   0: 0x0000000080004212 (0x2b411a53) fmax.d  fs4, ft2, fs4
core   0: 1 0x0000000080004212 (0x2b411a53) f20 0x7ff8000000000000
core   0: 0x0000000080004216 (0x00974db3) xor     s11, a4, s1
core   0: 1 0x0000000080004216 (0x00974db3) x27 0x00000000c0000000
core   0: 0x000000008000421a (0x02ce9e13) slli    t3, t4, 44
core   0: 1 0x000000008000421a (0x02ce9e13) x28 0x0000000000000000
core   0: 0x000000008000421e (0xc23a71d3) fcvt.lu.d gp, fs4
core   0: 1 0x000000008000421e (0xc23a71d3) c1_fflags 0x0000000000000010 x3  0xffffffffffffffff
core   0: 0x0000000080004222 (0x22de29d3) fsgnjx.d fs3, ft8, fa3
core   0: 1 0x0000000080004222 (0x22de29d3) f19 0xfff8000000000000
core   0: 0x0000000080004226 (0xc239f8d3) fcvt.lu.d a7, fs3
core   0: 1 0x0000000080004226 (0xc239f8d3) c1_fflags 0x0000000000000010 x17 0xffffffffffffffff
core   0: 0x000000008000422a (0x00000001) c.nop
core   0: 1 0x000000008000422a (0x0001)
core   0: 0x000000008000422c (0xe2068ed3) fmv.x.d t4, fa3
core   0: 1 0x000000008000422c (0xe2068ed3) x29 0xffffffff00000000
core   0: 0x0000000080004230 (0x401ede1b) sraiw   t3, t4, 1
core   0: 1 0x0000000080004230 (0x401ede1b) x28 0x0000000000000000
core   0: 0x0000000080004234 (0x00102d73) csrrs   s10, fflags, zero
core   0: 1 0x0000000080004234 (0x00102d73) x26 0x0000000000000010
core   0: 0x0000000080004238 (0x00000001) c.nop
core   0: 1 0x0000000080004238 (0x0001)
core   0: 0x000000008000423a (0xa2540953) fle.d   s2, fs0, ft5
core   0: 1 0x000000008000423a (0xa2540953) c1_fflags 0x0000000000000010 x18 0x0000000000000000
core   0: 0x000000008000423e (0xf13e12f3) csrrw   t0, mimpid, t3
core   0: exception trap_illegal_instruction, epc 0x000000008000423e
core   0:           tval 0x00000000f13e12f3
core   0: >>>>  $xrv64i2p1_m2p0_a2p1_f2p2_d2p2_zicsr2p0_zifencei2p0_zmmul1p0_zba1p0_zbb1p0_zbc1p0_zbs1p0
core   0: 0x0000000080004000 (0x0080006f) j       pc + 0x8
core   0: 3 0x0000000080004000 (0x0080006f)
core   0: >>>>  mmode_exception_handler
core   0: 0x0000000080004008 (0x00002c17) auipc   s8, 0x2
core   0: 3 0x0000000080004008 (0x00002c17) x24 0x0000000080006008
core   0: 0x000000008000400c (0x012c0c13) addi    s8, s8, 18
core   0: 3 0x000000008000400c (0x012c0c13) x24 0x000000008000601a
core   0: 0x0000000080004010 (0x000c00e7) jalr    s8
core   0: 3 0x0000000080004010 (0x000c00e7) x1  0x0000000080004014
core   0: >>>>  any_handler
core   0: 0x000000008000601a (0x341027f3) csrrs   a5, mepc, zero
core   0: 3 0x000000008000601a (0x341027f3) x15 0x000000008000423e
core   0: 0x000000008000601e (0x34202773) csrrs   a4, mcause, zero
core   0: 3 0x000000008000601e (0x34202773) x14 0x0000000000000002
core   0: 0x0000000080006022 (0x142026f3) csrrs   a3, scause, zero
core   0: 3 0x0000000080006022 (0x142026f3) x13 0x0000000000000000
core   0: 0x0000000080006026 (0x30402673) csrrs   a2, mie, zero
core   0: 3 0x0000000080006026 (0x30402673) x12 0x0000000000000a00
core   0: 0x000000008000602a (0x344025f3) csrrs   a1, mip, zero
core   0: 3 0x000000008000602a (0x344025f3) x11 0x0000000000000080
core   0: 0x000000008000602e (0x343025f3) csrrs   a1, mtval, zero
core   0: 3 0x000000008000602e (0x343025f3) x11 0x00000000f13e12f3
core   0: 0x0000000080006032 (0x14302573) csrrs   a0, stval, zero
core   0: 3 0x0000000080006032 (0x14302573) x10 0x0000000000000000
core   0: 0x0000000080006036 (0xb02024f3) csrrs   s1, minstret, zero
core   0: 3 0x0000000080006036 (0xb02024f3) x9  0x0000000000000862
core   0: 0x000000008000603a (0x0000a811) c.j     pc + 20
core   0: 3 0x000000008000603a (0xa811)
core   0: >>>>  mepc_4
core   0: 0x000000008000604e (0x00000791) c.addi  a5, 4
core   0: 3 0x000000008000604e (0x0791) x15 0x0000000080004242
core   0: 0x0000000080006050 (0x34179073) csrrw   zero, mepc, a5
core   0: 3 0x0000000080006050 (0x34179073) c833_mepc 0x0000000080004242
core   0: 0x0000000080006054 (0x30200073) mret
core   0: 3 0x0000000080006054 (0x30200073) c768_mstatus 0x8000000a00106080
core   0: 0x0000000080004242 (0xa3ce7b43) fmadd.d fs6, ft8, ft8, fs4
core   0: 1 0x0000000080004242 (0xa3ce7b43) f22 0x7ff8000000000000
core   0: 0x0000000080004246 (0x23cc87d3) fsgnj.d fa5, fs9, ft8
core   0: 1 0x0000000080004246 (0x23cc87d3) f15 0x7ff8000000000000
core   0: 0x000000008000424a (0xc227f7d3) fcvt.l.d a5, fa5
core   0: 1 0x000000008000424a (0xc227f7d3) c1_fflags 0x0000000000000010 x15 0x7fffffffffffffff
core   0: 0x000000008000424e (0x003d5893) srli    a7, s10, 3
core   0: 1 0x000000008000424e (0x003d5893) x17 0x0000000000000002
core   0: 0x0000000080004252 (0x000dc113) xori    sp, s11, 0
core   0: 1 0x0000000080004252 (0x000dc113) x2  0x00000000c0000000
core   0: 0x0000000080004256 (0x0beff5d3) fsub.d  fa1, ft11, ft10
core   0: 1 0x0000000080004256 (0x0beff5d3) f11 0x7ff8000000000000
core   0: 0x000000008000425a (0x01d6d313) srli    t1, a3, 29
core   0: 1 0x000000008000425a (0x01d6d313) x6  0x0000000000000000
core   0: 0x000000008000425e (0x40175ebb) sraw    t4, a4, ra
core   0: 1 0x000000008000425e (0x40175ebb) x29 0x0000000000000000
core   0: 0x0000000080004262 (0x03fe9293) slli    t0, t4, 63
core   0: 1 0x0000000080004262 (0x03fe9293) x5  0x0000000000000000
core   0: 0x0000000080004266 (0x03f99213) slli    tp, s3, 63
core   0: 1 0x0000000080004266 (0x03f99213) x4  0x0000000000000000
core   0: 0x000000008000426a (0x033645b3) div     a1, a2, s3
core   0: 1 0x000000008000426a (0x033645b3) x11 0xffffffffffffffff
core   0: 0x000000008000426e (0x0ff0000f) fence   iorw,iorw
core   0: 1 0x000000008000426e (0x0ff0000f)
core   0: 0x0000000080004272 (0xc025f453) fcvt.l.s s0, fa1
core   0: 1 0x0000000080004272 (0xc025f453) c1_fflags 0x0000000000000010 x8  0x7fffffffffffffff
core   0: 0x0000000080004276 (0xc0622273) csrrs   tp, hpmcounter6, tp
core   0: exception trap_illegal_instruction, epc 0x0000000080004276
core   0:           tval 0x00000000c0622273
core   0: >>>>  $xrv64i2p1_m2p0_a2p1_f2p2_d2p2_zicsr2p0_zifencei2p0_zmmul1p0_zba1p0_zbb1p0_zbc1p0_zbs1p0
core   0: 0x0000000080004000 (0x0080006f) j       pc + 0x8
core   0: 3 0x0000000080004000 (0x0080006f)
core   0: >>>>  mmode_exception_handler
core   0: 0x0000000080004008 (0x00002c17) auipc   s8, 0x2
core   0: 3 0x0000000080004008 (0x00002c17) x24 0x0000000080006008
core   0: 0x000000008000400c (0x012c0c13) addi    s8, s8, 18
core   0: 3 0x000000008000400c (0x012c0c13) x24 0x000000008000601a
core   0: 0x0000000080004010 (0x000c00e7) jalr    s8
core   0: 3 0x0000000080004010 (0x000c00e7) x1  0x0000000080004014
core   0: >>>>  any_handler
core   0: 0x000000008000601a (0x341027f3) csrrs   a5, mepc, zero
core   0: 3 0x000000008000601a (0x341027f3) x15 0x0000000080004276
core   0: 0x000000008000601e (0x34202773) csrrs   a4, mcause, zero
core   0: 3 0x000000008000601e (0x34202773) x14 0x0000000000000002
core   0: 0x0000000080006022 (0x142026f3) csrrs   a3, scause, zero
core   0: 3 0x0000000080006022 (0x142026f3) x13 0x0000000000000000
core   0: 0x0000000080006026 (0x30402673) csrrs   a2, mie, zero
core   0: 3 0x0000000080006026 (0x30402673) x12 0x0000000000000a00
core   0: 0x000000008000602a (0x344025f3) csrrs   a1, mip, zero
core   0: 3 0x000000008000602a (0x344025f3) x11 0x0000000000000080
core   0: 0x000000008000602e (0x343025f3) csrrs   a1, mtval, zero
core   0: 3 0x000000008000602e (0x343025f3) x11 0x00000000c0622273
core   0: 0x0000000080006032 (0x14302573) csrrs   a0, stval, zero
core   0: 3 0x0000000080006032 (0x14302573) x10 0x0000000000000000
core   0: 0x0000000080006036 (0xb02024f3) csrrs   s1, minstret, zero
core   0: 3 0x0000000080006036 (0xb02024f3) x9  0x000000000000087f
core   0: 0x000000008000603a (0x0000a811) c.j     pc + 20
core   0: 3 0x000000008000603a (0xa811)
core   0: >>>>  mepc_4
core   0: 0x000000008000604e (0x00000791) c.addi  a5, 4
core   0: 3 0x000000008000604e (0x0791) x15 0x000000008000427a
core   0: 0x0000000080006050 (0x34179073) csrrw   zero, mepc, a5
core   0: 3 0x0000000080006050 (0x34179073) c833_mepc 0x000000008000427a
core   0: 0x0000000080006054 (0x30200073) mret
core   0: 3 0x0000000080006054 (0x30200073) c768_mstatus 0x8000000a00106080
core   0: 0x000000008000427a (0x23cc2853) fsgnjx.d fa6, fs8, ft8
core   0: 1 0x000000008000427a (0x23cc2853) f16 0xffffffff00000000
core   0: 0x000000008000427e (0x2a929bd3) fmax.d  fs7, ft5, fs1
core   0: 1 0x000000008000427e (0x2a929bd3) f23 0x7ff8000000000000
core   0: 0x0000000080004282 (0x019801b3) add     gp, a6, s9
core   0: 1 0x0000000080004282 (0x019801b3) x3  0xfffffffffff7c871
core   0: 0x0000000080004286 (0x001022f3) csrrs   t0, fflags, zero
core   0: 1 0x0000000080004286 (0x001022f3) x5  0x0000000000000010
core   0: 0x000000008000428a (0x1af577d3) fdiv.d  fa5, fa0, fa5
core   0: 1 0x000000008000428a (0x1af577d3) f15 0x7ff8000000000000
core   0: 0x000000008000428e (0x0bb7fdd3) fsub.d  fs11, fa5, fs11
core   0: 1 0x000000008000428e (0x0bb7fdd3) f27 0x7ff8000000000000
core   0: 0x0000000080004292 (0x40aa8ab3) sub     s5, s5, a0
core   0: 1 0x0000000080004292 (0x40aa8ab3) x21 0xffffffffffffffff
core   0: 0x0000000080004296 (0x420282d3) fcvt.d.s ft5, ft5
core   0: 1 0x0000000080004296 (0x420282d3) f5  0x0000000000000000
core   0: 0x000000008000429a (0x013a8cb3) add     s9, s5, s3
core   0: 1 0x000000008000429a (0x013a8cb3) x25 0xffffffffffffffff
core   0: 0x000000008000429e (0x22c58b53) fsgnj.d fs6, fa1, fa2
core   0: 1 0x000000008000429e (0x22c58b53) f22 0xfff8000000000000
core   0: 0x00000000800042a2 (0xc214f7d3) fcvt.wu.d a5, fs1
core   0: 1 0x00000000800042a2 (0xc214f7d3) c1_fflags 0x0000000000000010 x15 0xffffffffffffffff
core   0: 0x00000000800042a6 (0x023a02bb) mulw    t0, s4, gp
core   0: 1 0x00000000800042a6 (0x023a02bb) x5  0x0000000000000000
core   0: 0x00000000800042aa (0x104290f3) csrrw   ra, sie, t0
core   0: 1 0x00000000800042aa (0x104290f3) x1  0x0000000000000000 c772_mie 0x0000000000000a00
core   0: 0x00000000800042ae (0xf20e83d3) fmv.d.x ft7, t4
core   0: 1 0x00000000800042ae (0xf20e83d3) f7  0x0000000000000000
core   0: 0x00000000800042b2 (0xd02df153) fcvt.s.l ft2, s11
core   0: 1 0x00000000800042b2 (0xd02df153) f2  0xffffffff4f400000
core   0: 0x00000000800042b6 (0x020888b3) mul     a7, a7, zero
core   0: 1 0x00000000800042b6 (0x020888b3) x17 0x0000000000000000
core   0: 0x00000000800042ba (0x2a7a8953) fmin.d  fs2, fs5, ft7
core   0: 1 0x00000000800042ba (0x2a7a8953) f18 0x0000000000000000
core   0: 0x00000000800042be (0xc20977d3) fcvt.w.d a5, fs2
core   0: 1 0x00000000800042be (0xc20977d3) x15 0x0000000000000000
core   0: 0x00000000800042c2 (0xa3f90ad3) fle.d   s5, fs2, ft11
core   0: 1 0x00000000800042c2 (0xa3f90ad3) c1_fflags 0x0000000000000010 x21 0x0000000000000000
core   0: 0x00000000800042c6 (0x0017199b) slliw   s3, a4, 1
core   0: 1 0x00000000800042c6 (0x0017199b) x19 0x0000000000000004
core   0: 0x00000000800042ca (0x035ac0b3) div     ra, s5, s5
core   0: 1 0x00000000800042ca (0x035ac0b3) x1  0xffffffffffffffff
core   0: 0x00000000800042ce (0x007852bb) srlw    t0, a6, t2
core   0: 1 0x00000000800042ce (0x007852bb) x5  0x0000000000000000
core   0: 0x00000000800042d2 (0x01306733) or      a4, zero, s3
core   0: 1 0x00000000800042d2 (0x01306733) x14 0x0000000000000004
core   0: 0x00000000800042d6 (0x40720cbb) subw    s9, tp, t2
core   0: 1 0x00000000800042d6 (0x40720cbb) x25 0x000000003563ee90
core   0: 0x00000000800042da (0x40a707bb) subw    a5, a4, a0
core   0: 1 0x00000000800042da (0x40a707bb) x15 0x0000000000000004
core   0: 0x00000000800042de (0x00000001) c.nop
core   0: 1 0x00000000800042de (0x0001)
core   0: 0x00000000800042e0 (0x5c00ed17) auipc   s10, 0x5c00e
core   0: 1 0x00000000800042e0 (0x5c00ed17) x26 0x00000000dc0122e0
core   0: 0x00000000800042e4 (0x0319d613) srli    a2, s3, 49
core   0: 1 0x00000000800042e4 (0x0319d613) x12 0x0000000000000000
core   0: 0x00000000800042e8 (0x0090d4b3) srl     s1, ra, s1
core   0: 1 0x00000000800042e8 (0x0090d4b3) x9  0x0000000000000001
core   0: 0x00000000800042ec (0x10636073) csrrsi  zero, scounteren, 6
core   0: 1 0x00000000800042ec (0x10636073) c262_scounteren 0x0000000000000000
core   0: 0x00000000800042f0 (0x01bb129b) slliw   t0, s6, 27
core   0: 1 0x00000000800042f0 (0x01bb129b) x5  0x0000000000000000
core   0: 0x00000000800042f4 (0x01f89b9b) slliw   s7, a7, 31
core   0: 1 0x00000000800042f4 (0x01f89b9b) x23 0x0000000000000000
core   0: 0x00000000800042f8 (0x024afa3b) remuw   s4, s5, tp
core   0: 1 0x00000000800042f8 (0x024afa3b) x20 0x0000000000000000
core   0: 0x00000000800042fc (0xe803f113) andi    sp, t2, -384
core   0: 1 0x00000000800042fc (0xe803f113) x2  0x00000000ca9c1000
core   0: 0x0000000080004300 (0x0012e913) ori     s2, t0, 1
core   0: 1 0x0000000080004300 (0x0012e913) x18 0x0000000000000001
core   0: 0x0000000080004304 (0x0256f613) andi    a2, a3, 37
core   0: 1 0x0000000080004304 (0x0256f613) x12 0x0000000000000000
core   0: 0x0000000080004308 (0xe2010553) fmv.x.d a0, ft2
core   0: 1 0x0000000080004308 (0xe2010553) x10 0xffffffff4f400000
core   0: 0x000000008000430c (0x00c1883b) addw    a6, gp, a2
core   0: 1 0x000000008000430c (0x00c1883b) x16 0xfffffffffff7c871
core   0: 0x0000000080004310 (0xc2397053) fcvt.lu.d zero, fs2
core   0: 1 0x0000000080004310 (0xc2397053)
core   0: 0x0000000080004314 (0xc029de73) csrrwi  t3, instret, 19
core   0: exception trap_illegal_instruction, epc 0x0000000080004314
core   0:           tval 0x00000000c029de73
core   0: >>>>  $xrv64i2p1_m2p0_a2p1_f2p2_d2p2_zicsr2p0_zifencei2p0_zmmul1p0_zba1p0_zbb1p0_zbc1p0_zbs1p0
core   0: 0x0000000080004000 (0x0080006f) j       pc + 0x8
core   0: 3 0x0000000080004000 (0x0080006f)
core   0: >>>>  mmode_exception_handler
core   0: 0x0000000080004008 (0x00002c17) auipc   s8, 0x2
core   0: 3 0x0000000080004008 (0x00002c17) x24 0x0000000080006008
core   0: 0x000000008000400c (0x012c0c13) addi    s8, s8, 18
core   0: 3 0x000000008000400c (0x012c0c13) x24 0x000000008000601a
core   0: 0x0000000080004010 (0x000c00e7) jalr    s8
core   0: 3 0x0000000080004010 (0x000c00e7) x1  0x0000000080004014
core   0: >>>>  any_handler
core   0: 0x000000008000601a (0x341027f3) csrrs   a5, mepc, zero
core   0: 3 0x000000008000601a (0x341027f3) x15 0x0000000080004314
core   0: 0x000000008000601e (0x34202773) csrrs   a4, mcause, zero
core   0: 3 0x000000008000601e (0x34202773) x14 0x0000000000000002
core   0: 0x0000000080006022 (0x142026f3) csrrs   a3, scause, zero
core   0: 3 0x0000000080006022 (0x142026f3) x13 0x0000000000000000
core   0: 0x0000000080006026 (0x30402673) csrrs   a2, mie, zero
core   0: 3 0x0000000080006026 (0x30402673) x12 0x0000000000000a00
core   0: 0x000000008000602a (0x344025f3) csrrs   a1, mip, zero
core   0: 3 0x000000008000602a (0x344025f3) x11 0x0000000000000080
core   0: 0x000000008000602e (0x343025f3) csrrs   a1, mtval, zero
core   0: 3 0x000000008000602e (0x343025f3) x11 0x00000000c029de73
core   0: 0x0000000080006032 (0x14302573) csrrs   a0, stval, zero
core   0: 3 0x0000000080006032 (0x14302573) x10 0x0000000000000000
core   0: 0x0000000080006036 (0xb02024f3) csrrs   s1, minstret, zero
core   0: 3 0x0000000080006036 (0xb02024f3) x9  0x00000000000008b6
core   0: 0x000000008000603a (0x0000a811) c.j     pc + 20
core   0: 3 0x000000008000603a (0xa811)
core   0: >>>>  mepc_4
core   0: 0x000000008000604e (0x00000791) c.addi  a5, 4
core   0: 3 0x000000008000604e (0x0791) x15 0x0000000080004318
core   0: 0x0000000080006050 (0x34179073) csrrw   zero, mepc, a5
core   0: 3 0x0000000080006050 (0x34179073) c833_mepc 0x0000000080004318
core   0: 0x0000000080006054 (0x30200073) mret
core   0: 3 0x0000000080006054 (0x30200073) c768_mstatus 0x8000000a00106080
core   0: 0x0000000080004318 (0x024a31b3) mulhu   gp, s4, tp
core   0: 1 0x0000000080004318 (0x024a31b3) x3  0x0000000000000000
core   0: 0x000000008000431c (0x00119373) csrrw   t1, fflags, gp
core   0: 1 0x000000008000431c (0x00119373) x6  0x0000000000000010 c1_fflags 0x0000000000000000
core   0: 0x0000000080004320 (0xd2c05ab7) lui     s5, 0xd2c05
core   0: 1 0x0000000080004320 (0xd2c05ab7) x21 0xffffffffd2c05000
core   0: 0x0000000080004324 (0x004a9233) sll     tp, s5, tp
core   0: 1 0x0000000080004324 (0x004a9233) x4  0xffffffffd2c05000
core   0: 0x0000000080004328 (0xc203fdd3) fcvt.w.d s11, ft7
core   0: 1 0x0000000080004328 (0xc203fdd3) x27 0x0000000000000000
core   0: 0x000000008000432c (0xd02af7d3) fcvt.s.l fa5, s5
core   0: 1 0x000000008000432c (0xd02af7d3) f15 0xffffffffce34fec0
core   0: 0x0000000080004330 (0x134737b7) lui     a5, 0x13473
core   0: 1 0x0000000080004330 (0x134737b7) x15 0x0000000013473000
core   0: 0x0000000080004334 (0xa4163c17) auipc   s8, 0xa4163
core   0: 1 0x0000000080004334 (0xa4163c17) x24 0x0000000024167334
core   0: 0x0000000080004338 (0x01d4d4b3) srl     s1, s1, t4
core   0: 1 0x0000000080004338 (0x01d4d4b3) x9  0x00000000000008b6
core   0: 0x000000008000433c (0x02a34237) lui     tp, 0x2a34
core   0: 1 0x000000008000433c (0x02a34237) x4  0x0000000002a34000
core   0: 0x0000000080004340 (0x4792021b) addiw   tp, tp, 1145
core   0: 1 0x0000000080004340 (0x4792021b) x4  0x0000000002a34479
core   0: 0x0000000080004344 (0x00000232) c.slli  tp, 12
core   0: 1 0x0000000080004344 (0x0232) x4  0x0000002a34479000
core   0: 0x0000000080004346 (0x74920213) addi    tp, tp, 1865
core   0: 1 0x0000000080004346 (0x74920213) x4  0x0000002a34479749
core   0: 0x000000008000434a (0x5a027b53) fsqrt.d fs6, ft4
core   0: 1 0x000000008000434a (0x5a027b53) f22 0x7ff8000000000000
core   0: 0x000000008000434e (0x0362f2d3) fadd.d  ft5, ft5, fs6
core   0: 1 0x000000008000434e (0x0362f2d3) f5  0x7ff8000000000000
core   0: 0x0000000080004352 (0xc20b7953) fcvt.w.d s2, fs6
core   0: 1 0x0000000080004352 (0xc20b7953) c1_fflags 0x0000000000000010 x18 0x000000007fffffff
core   0: 0x0000000080004356 (0x412304bb) subw    s1, t1, s2
core   0: 1 0x0000000080004356 (0x412304bb) x9  0xffffffff80000011
core   0: 0x000000008000435a (0xd039f1d3) fcvt.s.lu ft3, s3
core   0: 1 0x000000008000435a (0xd039f1d3) f3  0xffffffff40800000
core   0: 0x000000008000435e (0xf111ee73) csrrsi  t3, mvendorid, 3
core   0: exception trap_illegal_instruction, epc 0x000000008000435e
core   0:           tval 0x00000000f111ee73
core   0: >>>>  $xrv64i2p1_m2p0_a2p1_f2p2_d2p2_zicsr2p0_zifencei2p0_zmmul1p0_zba1p0_zbb1p0_zbc1p0_zbs1p0
core   0: 0x0000000080004000 (0x0080006f) j       pc + 0x8
core   0: 3 0x0000000080004000 (0x0080006f)
core   0: >>>>  mmode_exception_handler
core   0: 0x0000000080004008 (0x00002c17) auipc   s8, 0x2
core   0: 3 0x0000000080004008 (0x00002c17) x24 0x0000000080006008
core   0: 0x000000008000400c (0x012c0c13) addi    s8, s8, 18
core   0: 3 0x000000008000400c (0x012c0c13) x24 0x000000008000601a
core   0: 0x0000000080004010 (0x000c00e7) jalr    s8
core   0: 3 0x0000000080004010 (0x000c00e7) x1  0x0000000080004014
core   0: >>>>  any_handler
core   0: 0x000000008000601a (0x341027f3) csrrs   a5, mepc, zero
core   0: 3 0x000000008000601a (0x341027f3) x15 0x000000008000435e
core   0: 0x000000008000601e (0x34202773) csrrs   a4, mcause, zero
core   0: 3 0x000000008000601e (0x34202773) x14 0x0000000000000002
core   0: 0x0000000080006022 (0x142026f3) csrrs   a3, scause, zero
core   0: 3 0x0000000080006022 (0x142026f3) x13 0x0000000000000000
core   0: 0x0000000080006026 (0x30402673) csrrs   a2, mie, zero
core   0: 3 0x0000000080006026 (0x30402673) x12 0x0000000000000a00
core   0: 0x000000008000602a (0x344025f3) csrrs   a1, mip, zero
core   0: 3 0x000000008000602a (0x344025f3) x11 0x0000000000000080
core   0: 0x000000008000602e (0x343025f3) csrrs   a1, mtval, zero
core   0: 3 0x000000008000602e (0x343025f3) x11 0x00000000f111ee73
core   0: 0x0000000080006032 (0x14302573) csrrs   a0, stval, zero
core   0: 3 0x0000000080006032 (0x14302573) x10 0x0000000000000000
core   0: 0x0000000080006036 (0xb02024f3) csrrs   s1, minstret, zero
core   0: 3 0x0000000080006036 (0xb02024f3) x9  0x00000000000008d8
core   0: 0x000000008000603a (0x0000a811) c.j     pc + 20
core   0: 3 0x000000008000603a (0xa811)
core   0: >>>>  mepc_4
core   0: 0x000000008000604e (0x00000791) c.addi  a5, 4
core   0: 3 0x000000008000604e (0x0791) x15 0x0000000080004362
core   0: 0x0000000080006050 (0x34179073) csrrw   zero, mepc, a5
core   0: 3 0x0000000080006050 (0x34179073) c833_mepc 0x0000000080004362
core   0: 0x0000000080006054 (0x30200073) mret
core   0: 3 0x0000000080006054 (0x30200073) c768_mstatus 0x8000000a00106080
core   0: 0x0000000080004362 (0xfe0c9637) lui     a2, 0xfe0c9
core   0: 1 0x0000000080004362 (0xfe0c9637) x12 0xfffffffffe0c9000
core   0: 0x0000000080004366 (0x4f36061b) addiw   a2, a2, 1267
core   0: 1 0x0000000080004366 (0x4f36061b) x12 0xfffffffffe0c94f3
core   0: 0x000000008000436a (0x00000636) c.slli  a2, 13
core   0: 1 0x000000008000436a (0x0636) x12 0xffffffc1929e6000
core   0: 0x000000008000436c (0xa6360613) addi    a2, a2, -1437
core   0: 1 0x000000008000436c (0xa6360613) x12 0xffffffc1929e5a63
core   0: 0x0000000080004370 (0x401b73d3) fcvt.s.d ft7, fs6
core   0: 1 0x0000000080004370 (0x401b73d3) f7  0xffffffff7fc00000
core   0: 0x0000000080004374 (0xd0347ed3) fcvt.s.lu ft9, s0
core   0: 1 0x0000000080004374 (0xd0347ed3) c1_fflags 0x0000000000000011 f29 0xffffffff5f000000
core   0: 0x0000000080004378 (0x00d216b3) sll     a3, tp, a3
core   0: 1 0x0000000080004378 (0x00d216b3) x13 0x0000002a34479749
core   0: 0x000000008000437c (0x40d2debb) sraw    t4, t0, a3
core   0: 1 0x000000008000437c (0x40d2debb) x29 0x0000000000000000
core   0: 0x0000000080004380 (0x01dc0c3b) addw    s8, s8, t4
core   0: 1 0x0000000080004380 (0x01dc0c3b) x24 0xffffffff8000601a
core   0: 0x0000000080004384 (0x00141473) csrrw   s0, fflags, s0
core   0: 1 0x0000000080004384 (0x00141473) x8  0x0000000000000011 c1_fflags 0x000000000000001f
core   0: 0x0000000080004388 (0x0205c33b) divw    t1, a1, zero
core   0: 1 0x0000000080004388 (0x0205c33b) x6  0xffffffffffffffff
core   0: 0x000000008000438c (0x001d7833) and     a6, s10, ra
core   0: 1 0x000000008000438c (0x001d7833) x16 0x0000000080000000
core   0: 0x0000000080004390 (0x012cd033) srl     zero, s9, s2
core   0: 1 0x0000000080004390 (0x012cd033)
core   0: 0x0000000080004394 (0x021aba33) mulhu   s4, s5, ra
core   0: 1 0x0000000080004394 (0x021aba33) x20 0x0000000080004013
core   0: 0x0000000080004398 (0x4017f4d3) fcvt.s.d fs1, fa5
core   0: 1 0x0000000080004398 (0x4017f4d3) f9  0xffffffff7fc00000
core   0: 0x000000008000439c (0x027b0b33) mul     s6, s6, t2
core   0: 1 0x000000008000439c (0x027b0b33) x22 0xb87c6b1bddee0000
core   0: 0x00000000800043a0 (0xa3778553) fle.d   a0, fa5, fs7
core   0: 1 0x00000000800043a0 (0xa3778553) c1_fflags 0x000000000000001f x10 0x0000000000000000
core   0: 0x00000000800043a4 (0x0085579b) srliw   a5, a0, 8
core   0: 1 0x00000000800043a4 (0x0085579b) x15 0x0000000000000000
core   0: 0x00000000800043a8 (0x0ff0000f) fence   iorw,iorw
core   0: 1 0x00000000800043a8 (0x0ff0000f)
core   0: 0x00000000800043ac (0xc20cf0d3) fcvt.w.d ra, fs9
core   0: 1 0x00000000800043ac (0xc20cf0d3) c1_fflags 0x000000000000001f x1  0x000000007fffffff
core   0: 0x00000000800043b0 (0x41f6dd1b) sraiw   s10, a3, 31
core   0: 1 0x00000000800043b0 (0x41f6dd1b) x26 0x0000000000000000
core   0: 0x00000000800043b4 (0x413d083b) subw    a6, s10, s3
core   0: 1 0x00000000800043b4 (0x413d083b) x16 0xfffffffffffffffc
core   0: 0x00000000800043b8 (0x43abdd93) srai    s11, s7, 58
core   0: 1 0x00000000800043b8 (0x43abdd93) x27 0x0000000000000000
core   0: 0x00000000800043bc (0x239498d3) fsgnjn.d fa7, fs1, fs9
core   0: 1 0x00000000800043bc (0x239498d3) f17 0xffffffff7fc00000
core   0: 0x00000000800043c0 (0x001d9773) csrrw   a4, fflags, s11
core   0: 1 0x00000000800043c0 (0x001d9773) x14 0x000000000000001f c1_fflags 0x0000000000000000
core   0: 0x00000000800043c4 (0x6674f013) andi    zero, s1, 1639
core   0: 1 0x00000000800043c4 (0x6674f013)
core   0: 0x00000000800043c8 (0x01fb539b) srliw   t2, s6, 31
core   0: 1 0x00000000800043c8 (0x01fb539b) x7  0x0000000000000001
core   0: 0x00000000800043cc (0x03a3c53b) divw    a0, t2, s10
core   0: 1 0x00000000800043cc (0x03a3c53b) x10 0xffffffffffffffff
core   0: 0x00000000800043d0 (0xa3800bd3) fle.d   s7, ft0, fs8
core   0: 1 0x00000000800043d0 (0xa3800bd3) c1_fflags 0x0000000000000010 x23 0x0000000000000000
core   0: 0x00000000800043d4 (0x02b7d7b3) divu    a5, a5, a1
core   0: 1 0x00000000800043d4 (0x02b7d7b3) x15 0x0000000000000000
core   0: 0x00000000800043d8 (0xc22a76d3) fcvt.l.d a3, fs4
core   0: 1 0x00000000800043d8 (0xc22a76d3) c1_fflags 0x0000000000000010 x13 0x7fffffffffffffff
core   0: 0x00000000800043dc (0x00000001) c.nop
core   0: 1 0x00000000800043dc (0x0001)
core   0: 0x00000000800043de (0x007c2e33) slt     t3, s8, t2
core   0: 1 0x00000000800043de (0x007c2e33) x28 0x0000000000000001
core   0: 0x00000000800043e2 (0x02747c33) remu    s8, s0, t2
core   0: 1 0x00000000800043e2 (0x02747c33) x24 0x0000000000000000
core   0: 0x00000000800043e6 (0x02620dbb) mulw    s11, tp, t1
core   0: 1 0x00000000800043e6 (0x02620dbb) x27 0xffffffffcbb868b7
core   0: 0x00000000800043ea (0x00202773) csrrs   a4, frm, zero
core   0: 1 0x00000000800043ea (0x00202773) x14 0x0000000000000000
core   0: 0x00000000800043ee (0x54778893) addi    a7, a5, 1351
core   0: 1 0x00000000800043ee (0x54778893) x17 0x0000000000000547
core   0: 0x00000000800043f2 (0x220a1ad3) fsgnjn.d fs5, fs4, ft0
core   0: 1 0x00000000800043f2 (0x220a1ad3) f21 0x7ff8000000000000
core   0: 0x00000000800043f6 (0x013790bb) sllw    ra, a5, s3
core   0: 1 0x00000000800043f6 (0x013790bb) x1  0x0000000000000000
core   0: 0x00000000800043fa (0x23188353) fsgnj.d ft6, fa7, fa7
core   0: 1 0x00000000800043fa (0x23188353) f6  0xffffffff7fc00000
core   0: 0x00000000800043fe (0x0248adb3) mulhsu  s11, a7, tp
core   0: 1 0x00000000800043fe (0x0248adb3) x27 0x0000000000000000
core   0: 0x0000000080004402 (0x03cd853b) mulw    a0, s11, t3
core   0: 1 0x0000000080004402 (0x03cd853b) x10 0x0000000000000000
core   0: 0x0000000080004406 (0x3424aa73) csrrs   s4, mcause, s1
core   0: exception trap_illegal_instruction, epc 0x0000000080004406
core   0:           tval 0x000000003424aa73
core   0: >>>>  $xrv64i2p1_m2p0_a2p1_f2p2_d2p2_zicsr2p0_zifencei2p0_zmmul1p0_zba1p0_zbb1p0_zbc1p0_zbs1p0
core   0: 0x0000000080004000 (0x0080006f) j       pc + 0x8
core   0: 3 0x0000000080004000 (0x0080006f)
core   0: >>>>  mmode_exception_handler
core   0: 0x0000000080004008 (0x00002c17) auipc   s8, 0x2
core   0: 3 0x0000000080004008 (0x00002c17) x24 0x0000000080006008
core   0: 0x000000008000400c (0x012c0c13) addi    s8, s8, 18
core   0: 3 0x000000008000400c (0x012c0c13) x24 0x000000008000601a
core   0: 0x0000000080004010 (0x000c00e7) jalr    s8
core   0: 3 0x0000000080004010 (0x000c00e7) x1  0x0000000080004014
core   0: >>>>  any_handler
core   0: 0x000000008000601a (0x341027f3) csrrs   a5, mepc, zero
core   0: 3 0x000000008000601a (0x341027f3) x15 0x0000000080004406
core   0: 0x000000008000601e (0x34202773) csrrs   a4, mcause, zero
core   0: 3 0x000000008000601e (0x34202773) x14 0x0000000000000002
core   0: 0x0000000080006022 (0x142026f3) csrrs   a3, scause, zero
core   0: 3 0x0000000080006022 (0x142026f3) x13 0x0000000000000000
core   0: 0x0000000080006026 (0x30402673) csrrs   a2, mie, zero
core   0: 3 0x0000000080006026 (0x30402673) x12 0x0000000000000a00
core   0: 0x000000008000602a (0x344025f3) csrrs   a1, mip, zero
core   0: 3 0x000000008000602a (0x344025f3) x11 0x0000000000000080
core   0: 0x000000008000602e (0x343025f3) csrrs   a1, mtval, zero
core   0: 3 0x000000008000602e (0x343025f3) x11 0x000000003424aa73
core   0: 0x0000000080006032 (0x14302573) csrrs   a0, stval, zero
core   0: 3 0x0000000080006032 (0x14302573) x10 0x0000000000000000
core   0: 0x0000000080006036 (0xb02024f3) csrrs   s1, minstret, zero
core   0: 3 0x0000000080006036 (0xb02024f3) x9  0x0000000000000912
core   0: 0x000000008000603a (0x0000a811) c.j     pc + 20
core   0: 3 0x000000008000603a (0xa811)
core   0: >>>>  mepc_4
core   0: 0x000000008000604e (0x00000791) c.addi  a5, 4
core   0: 3 0x000000008000604e (0x0791) x15 0x000000008000440a
core   0: 0x0000000080006050 (0x34179073) csrrw   zero, mepc, a5
core   0: 3 0x0000000080006050 (0x34179073) c833_mepc 0x000000008000440a
core   0: 0x0000000080006054 (0x30200073) mret
core   0: 3 0x0000000080006054 (0x30200073) c768_mstatus 0x8000000a00106080
core   0: 0x000000008000440a (0x01aa5533) srl     a0, s4, s10
core   0: 1 0x000000008000440a (0x01aa5533) x10 0x0000000080004013
core   0: 0x000000008000440e (0x41075e3b) sraw    t3, a4, a6
core   0: 1 0x000000008000440e (0x41075e3b) x28 0x0000000000000000
core   0: 0x0000000080004412 (0x02c695b3) mulh    a1, a3, a2
core   0: 1 0x0000000080004412 (0x02c695b3) x11 0x0000000000000000
core   0: 0x0000000080004416 (0xa2268293) addi    t0, a3, -1502
core   0: 1 0x0000000080004416 (0xa2268293) x5  0xfffffffffffffa22
core   0: 0x000000008000441a (0x03c6dcb3) divu    s9, a3, t3
core   0: 1 0x000000008000441a (0x03c6dcb3) x25 0xffffffffffffffff
core   0: 0x000000008000441e (0x07ba0637) lui     a2, 0x7ba0
core   0: 1 0x000000008000441e (0x07ba0637) x12 0x0000000007ba0000
core   0: 0x0000000080004422 (0xa656061b) addiw   a2, a2, -1435
core   0: 1 0x0000000080004422 (0xa656061b) x12 0x0000000007b9fa65
core   0: 0x0000000080004426 (0x00000632) c.slli  a2, 12
core   0: 1 0x0000000080004426 (0x0632) x12 0x0000007b9fa65000
core   0: 0x0000000080004428 (0x36560613) addi    a2, a2, 869
core   0: 1 0x0000000080004428 (0x36560613) x12 0x0000007b9fa65365
core   0: 0x000000008000442c (0x026bc73b) divw    a4, s7, t1
core   0: 1 0x000000008000442c (0x026bc73b) x14 0x0000000000000000
core   0: 0x0000000080004430 (0x5a0d7353) fsqrt.d ft6, fs10
core   0: 1 0x0000000080004430 (0x5a0d7353) f6  0x7ff8000000000000
core   0: 0x0000000080004434 (0xd20e04d3) fcvt.d.w fs1, t3
core   0: 1 0x0000000080004434 (0xd20e04d3) f9  0x0000000000000000
core   0: 0x0000000080004438 (0x57f26213) ori     tp, tp, 1407
core   0: 1 0x0000000080004438 (0x57f26213) x4  0x0000002a3447977f
core   0: 0x000000008000443c (0x00000001) c.nop
core   0: 1 0x000000008000443c (0x0001)
core   0: 0x000000008000443e (0x021d9db3) mulh    s11, s11, ra
core   0: 1 0x000000008000443e (0x021d9db3) x27 0x0000000000000000
core   0: 0x0000000080004442 (0x0a637c53) fsub.d  fs8, ft6, ft6
core   0: 1 0x0000000080004442 (0x0a637c53) f24 0x7ff8000000000000
core   0: 0x0000000080004446 (0x401d7053) fcvt.s.d ft0, fs10
core   0: 1 0x0000000080004446 (0x401d7053) f0  0xffffffff7fc00000
core   0: 0x000000008000444a (0xea26d197) auipc   gp, 0xea26d
core   0: 1 0x000000008000444a (0xea26d197) x3  0x000000006a27144a
core   0: 0x000000008000444e (0x1b977fd3) fdiv.d  ft11, fa4, fs9
core   0: 1 0x000000008000444e (0x1b977fd3) f31 0x7ff8000000000000
core   0: 0x0000000080004452 (0xd0227d53) fcvt.s.l fs10, tp
core   0: 1 0x0000000080004452 (0xd0227d53) c1_fflags 0x0000000000000011 f26 0xffffffff5228d11e
core   0: 0x0000000080004456 (0x03424a33) div     s4, tp, s4
core   0: 1 0x0000000080004456 (0x03424a33) x20 0x0000000000000054
core   0: 0x000000008000445a (0x40e00033) sub     zero, zero, a4
core   0: 1 0x000000008000445a (0x40e00033)
core   0: 0x000000008000445e (0x2b6b1353) fmax.d  ft6, fs6, fs6
core   0: 1 0x000000008000445e (0x2b6b1353) f6  0x7ff8000000000000
core   0: 0x0000000080004462 (0x0088901b) slliw   zero, a7, 8
core   0: 1 0x0000000080004462 (0x0088901b)
core   0: 0x0000000080004466 (0x00109973) csrrw   s2, fflags, ra
core   0: 1 0x0000000080004466 (0x00109973) x18 0x0000000000000011 c1_fflags 0x0000000000000014
core   0: 0x000000008000446a (0x2bef16d3) fmax.d  fa3, ft10, ft10
core   0: 1 0x000000008000446a (0x2bef16d3) f13 0x7ff8000000000000
core   0: 0x000000008000446e (0xc23d7153) fcvt.lu.d sp, fs10
core   0: 1 0x000000008000446e (0xc23d7153) c1_fflags 0x0000000000000014 x2  0xffffffffffffffff
core   0: 0x0000000080004472 (0xd2217a53) fcvt.d.l fs4, sp
core   0: 1 0x0000000080004472 (0xd2217a53) f20 0xbff0000000000000
core   0: 0x0000000080004476 (0x401a7353) fcvt.s.d ft6, fs4
core   0: 1 0x0000000080004476 (0x401a7353) f6  0xffffffffbf800000
core   0: 0x000000008000447a (0x001b1bbb) sllw    s7, s6, ra
core   0: 1 0x000000008000447a (0x001b1bbb) x23 0x0000000000000000
core   0: 0x000000008000447e (0x1b59f1c3) fmadd.d ft3, fs3, fs5, ft3
core   0: 1 0x000000008000447e (0x1b59f1c3) f3  0x7ff8000000000000
core   0: 0x0000000080004482 (0x6b510513) addi    a0, sp, 1717
core   0: 1 0x0000000080004482 (0x6b510513) x10 0x00000000000006b4
core   0: 0x0000000080004486 (0x43f5de93) srai    t4, a1, 63
core   0: 1 0x0000000080004486 (0x43f5de93) x29 0x0000000000000000
core   0: 0x000000008000448a (0x8b29bd37) lui     s10, 0x8b29b
core   0: 1 0x000000008000448a (0x8b29bd37) x26 0xffffffff8b29b000
core   0: 0x000000008000448e (0x00202073) csrrs   zero, frm, zero
core   0: 1 0x000000008000448e (0x00202073)
core   0: 0x0000000080004492 (0x016ca133) slt     sp, s9, s6
core   0: 1 0x0000000080004492 (0x016ca133) x2  0x0000000000000000
core   0: 0x0000000080004496 (0x00000001) c.nop
core   0: 1 0x0000000080004496 (0x0001)
core   0: 0x0000000080004498 (0x0235e23b) remw    tp, a1, gp
core   0: 1 0x0000000080004498 (0x0235e23b) x4  0x0000000000000000
core   0: 0x000000008000449c (0x2fa49337) lui     t1, 0x2fa49
core   0: 1 0x000000008000449c (0x2fa49337) x6  0x000000002fa49000
core   0: 0x00000000800044a0 (0x40b252b3) sra     t0, tp, a1
core   0: 1 0x00000000800044a0 (0x40b252b3) x5  0x0000000000000000
core   0: 0x00000000800044a4 (0x0015d713) srli    a4, a1, 1
core   0: 1 0x00000000800044a4 (0x0015d713) x14 0x0000000000000000
core   0: 0x00000000800044a8 (0x01a74833) xor     a6, a4, s10
core   0: 1 0x00000000800044a8 (0x01a74833) x16 0xffffffff8b29b000
core   0: 0x00000000800044ac (0x62137647) fmsub.d fa2, ft6, ft1, fa2
core   0: 1 0x00000000800044ac (0x62137647) f12 0x7ff8000000000000
core   0: 0x00000000800044b0 (0x2bfe98d3) fmax.d  fa7, ft9, ft11
core   0: 1 0x00000000800044b0 (0x2bfe98d3) f17 0x7ff8000000000000
core   0: 0x00000000800044b4 (0x00734ab3) xor     s5, t1, t2
core   0: 1 0x00000000800044b4 (0x00734ab3) x21 0x000000002fa49001
core   0: 0x00000000800044b8 (0x00102d73) csrrs   s10, fflags, zero
core   0: 1 0x00000000800044b8 (0x00102d73) x26 0x0000000000000014
core   0: 0x00000000800044bc (0x005dedb3) or      s11, s11, t0
core   0: 1 0x00000000800044bc (0x005dedb3) x27 0x0000000000000000
core   0: 0x00000000800044c0 (0x02eb5b13) srli    s6, s6, 46
core   0: 1 0x00000000800044c0 (0x02eb5b13) x22 0x000000000002e1f1
core   0: 0x00000000800044c4 (0x0294b5b3) mulhu   a1, s1, s1
core   0: 1 0x00000000800044c4 (0x0294b5b3) x11 0x0000000000000000
core   0: 0x00000000800044c8 (0x001e1473) csrrw   s0, fflags, t3
core   0: 1 0x00000000800044c8 (0x001e1473) x8  0x0000000000000014 c1_fflags 0x0000000000000000
core   0: 0x00000000800044cc (0x00000001) c.nop
core   0: 1 0x00000000800044cc (0x0001)
core   0: 0x00000000800044ce (0xc22cfc53) fcvt.l.d s8, fs9
core   0: 1 0x00000000800044ce (0xc22cfc53) c1_fflags 0x0000000000000010 x24 0x7fffffffffffffff
core   0: 0x00000000800044d2 (0x000035fd) c.addiw a1, -1
core   0: 1 0x00000000800044d2 (0x35fd) x11 0xffffffffffffffff
core   0: 0x00000000800044d4 (0xd034f253) fcvt.s.lu ft4, s1
core   0: 1 0x00000000800044d4 (0xd034f253) f4  0xffffffff45112000
core   0: 0x00000000800044d8 (0xd2058a53) fcvt.d.w fs4, a1
core   0: 1 0x00000000800044d8 (0xd2058a53) f20 0xbff0000000000000
core   0: 0x00000000800044dc (0x036cd4b3) divu    s1, s9, s6
core   0: 1 0x00000000800044dc (0x036cd4b3) x9  0x000058cf28faef97
core   0: 0x00000000800044e0 (0xd20b0653) fcvt.d.w fa2, s6
core   0: 1 0x00000000800044e0 (0xd20b0653) f12 0x41070f8800000000
core   0: 0x00000000800044e4 (0x001090f3) csrrw   ra, fflags, ra
core   0: 1 0x00000000800044e4 (0x001090f3) x1  0x0000000000000010 c1_fflags 0x0000000000000014
core   0: 0x00000000800044e8 (0x40d85abb) sraw    s5, a6, a3
core   0: 1 0x00000000800044e8 (0x40d85abb) x21 0xffffffff8b29b000
core   0: 0x00000000800044ec (0x00b6ddb3) srl     s11, a3, a1
core   0: 1 0x00000000800044ec (0x00b6ddb3) x27 0x0000000000000000
core   0: 0x00000000800044f0 (0x00179c93) slli    s9, a5, 1
core   0: 1 0x00000000800044f0 (0x00179c93) x25 0x0000000100008814
core   0: 0x00000000800044f4 (0x011272b3) and     t0, tp, a7
core   0: 1 0x00000000800044f4 (0x011272b3) x5  0x0000000000000000
core   0: 0x00000000800044f8 (0x03830c3b) mulw    s8, t1, s8
core   0: 1 0x00000000800044f8 (0x03830c3b) x24 0xffffffffd05b7000
core   0: 0x00000000800044fc (0x0171193b) sllw    s2, sp, s7
core   0: 1 0x00000000800044fc (0x0171193b) x18 0x0000000000000000
core   0: 0x0000000080004500 (0x00bc1513) slli    a0, s8, 11
core   0: 1 0x0000000080004500 (0x00bc1513) x10 0xfffffe82db800000
core   0: 0x0000000080004504 (0x00351d93) slli    s11, a0, 3
core   0: 1 0x0000000080004504 (0x00351d93) x27 0xfffff416dc000000
core   0: 0x0000000080004508 (0x00071d1b) slliw   s10, a4, 0
core   0: 1 0x0000000080004508 (0x00071d1b) x26 0x0000000000000000
core   0: 0x000000008000450c (0x5b44fdc7) fmsub.d fs11, fs1, fs4, fa1
core   0: 1 0x000000008000450c (0x5b44fdc7) f27 0x7ff8000000000000
core   0: 0x0000000080004510 (0x0ff0000f) fence   iorw,iorw
core   0: 1 0x0000000080004510 (0x0ff0000f)
core   0: 0x0000000080004514 (0x007209b3) add     s3, tp, t2
core   0: 1 0x0000000080004514 (0x007209b3) x19 0x0000000000000001
core   0: 0x0000000080004518 (0x236c2b53) fsgnjx.d fs6, fs8, fs6
core   0: 1 0x0000000080004518 (0x236c2b53) f22 0x7ff8000000000000
core   0: 0x000000008000451c (0x0146d0bb) srlw    ra, a3, s4
core   0: 1 0x000000008000451c (0x0146d0bb) x1  0x0000000000000000
core   0: 0x0000000080004520 (0x015ce9b3) or      s3, s9, s5
core   0: 1 0x0000000080004520 (0x015ce9b3) x19 0xffffffff8b29b814
core   0: 0x0000000080004524 (0x0a5c7e53) fsub.d  ft8, fs8, ft5
core   0: 1 0x0000000080004524 (0x0a5c7e53) f28 0x7ff8000000000000
core   0: 0x0000000080004528 (0x00b2033b) addw    t1, tp, a1
core   0: 1 0x0000000080004528 (0x00b2033b) x6  0xffffffffffffffff
core   0: 0x000000008000452c (0x02f7f2d3) fadd.d  ft5, fa5, fa5
core   0: 1 0x000000008000452c (0x02f7f2d3) f5  0x7ff8000000000000
core   0: 0x0000000080004530 (0x0ff0000f) fence   iorw,iorw
core   0: 1 0x0000000080004530 (0x0ff0000f)
core   0: 0x0000000080004534 (0x001025f3) csrrs   a1, fflags, zero
core   0: 1 0x0000000080004534 (0x001025f3) x11 0x0000000000000014
core   0: 0x0000000080004538 (0x40b65833) sra     a6, a2, a1
core   0: 1 0x0000000080004538 (0x40b65833) x16 0x000000000007b9fa
core   0: 0x000000008000453c (0x02c46bbb) remw    s7, s0, a2
core   0: 1 0x000000008000453c (0x02c46bbb) x23 0x0000000000000014
core   0: 0x0000000080004540 (0xfffb8993) addi    s3, s7, -1
core   0: 1 0x0000000080004540 (0xfffb8993) x19 0x0000000000000013
core   0: 0x0000000080004544 (0x002f0a37) lui     s4, 0x2f0
core   0: 1 0x0000000080004544 (0x002f0a37) x20 0x00000000002f0000
core   0: 0x0000000080004548 (0xec3a0a1b) addiw   s4, s4, -317
core   0: 1 0x0000000080004548 (0xec3a0a1b) x20 0x00000000002efec3
core   0: 0x000000008000454c (0x00000a36) c.slli  s4, 13
core   0: 1 0x000000008000454c (0x0a36) x20 0x00000005dfd86000
core   0: 0x000000008000454e (0xaeba0a13) addi    s4, s4, -1301
core   0: 1 0x000000008000454e (0xaeba0a13) x20 0x00000005dfd85aeb
core   0: 0x0000000080004552 (0x0089d69b) srliw   a3, s3, 8
core   0: 1 0x0000000080004552 (0x0089d69b) x13 0x0000000000000000
core   0: 0x0000000080004556 (0xf2090953) fmv.d.x fs2, s2
core   0: 1 0x0000000080004556 (0xf2090953) f18 0x0000000000000000
core   0: 0x000000008000455a (0x0132d23b) srlw    tp, t0, s3
core   0: 1 0x000000008000455a (0x0132d23b) x4  0x0000000000000000
core   0: 0x000000008000455e (0x00490abb) addw    s5, s2, tp
core   0: 1 0x000000008000455e (0x00490abb) x21 0x0000000000000000
core   0: 0x0000000080004562 (0x0a00fe4b) fnmsub.d ft8, ft1, ft0, ft1
core   0: 1 0x0000000080004562 (0x0a00fe4b) f28 0x7ff8000000000000
core   0: 0x0000000080004566 (0xc3fc794b) fnmsub.d fs2, fs8, ft11, fs8
core   0: 1 0x0000000080004566 (0xc3fc794b) f18 0x7ff8000000000000
core   0: 0x000000008000456a (0x00ea5c33) srl     s8, s4, a4
core   0: 1 0x000000008000456a (0x00ea5c33) x24 0x00000005dfd85aeb
core   0: 0x000000008000456e (0x54ac4693) xori    a3, s8, 1354
core   0: 1 0x000000008000456e (0x54ac4693) x13 0x00000005dfd85fa1
core   0: 0x0000000080004572 (0x01d29213) slli    tp, t0, 29
core   0: 1 0x0000000080004572 (0x01d29213) x4  0x0000000000000000
core   0: 0x0000000080004576 (0x00a0583b) srlw    a6, zero, a0
core   0: 1 0x0000000080004576 (0x00a0583b) x16 0x0000000000000000
core   0: 0x000000008000457a (0x00000001) c.nop
core   0: 1 0x000000008000457a (0x0001)
core   0: 0x000000008000457c (0x03045d3b) divuw   s10, s0, a6
core   0: 1 0x000000008000457c (0x03045d3b) x26 0xffffffffffffffff
core   0: 0x0000000080004580 (0xba697e13) andi    t3, s2, -1114
core   0: 1 0x0000000080004580 (0xba697e13) x28 0x0000000000000000
core   0: 0x0000000080004584 (0xc03d7b53) fcvt.lu.s s6, fs10
core   0: 1 0x0000000080004584 (0xc03d7b53) x22 0x0000002a34478000
core   0: 0x0000000080004588 (0x01848e33) add     t3, s1, s8
core   0: 1 0x0000000080004588 (0x01848e33) x28 0x000058d508d34a82
core   0: 0x000000008000458c (0xc23178d3) fcvt.lu.d a7, ft2
core   0: 1 0x000000008000458c (0xc23178d3) c1_fflags 0x0000000000000014 x17 0xffffffffffffffff
core   0: 0x0000000080004590 (0x4aedf6cf) fnmadd.d fa3, fs11, fa4, fs1
core   0: 1 0x0000000080004590 (0x4aedf6cf) f13 0x7ff8000000000000
core   0: 0x0000000080004594 (0x000d9413) slli    s0, s11, 0
core   0: 1 0x0000000080004594 (0x000d9413) x8  0xfffff416dc000000
core   0: 0x0000000080004598 (0x0331b7b3) mulhu   a5, gp, s3
core   0: 1 0x0000000080004598 (0x0331b7b3) x15 0x0000000000000000
core   0: 0x000000008000459c (0x40c4053b) subw    a0, s0, a2
core   0: 1 0x000000008000459c (0x40c4053b) x10 0x000000003c59ac9b
core   0: 0x00000000800045a0 (0x98542317) auipc   t1, 0x98542
core   0: 1 0x00000000800045a0 (0x98542317) x6  0x00000000185465a0
core   0: 0x00000000800045a4 (0x406284bb) subw    s1, t0, t1
core   0: 1 0x00000000800045a4 (0x406284bb) x9  0xffffffffe7ab9a60
core   0: 0x00000000800045a8 (0x2356acd3) fsgnjx.d fs9, fa3, fs5
core   0: 1 0x00000000800045a8 (0x2356acd3) f25 0x7ff8000000000000
core   0: 0x00000000800045ac (0x005172b3) and     t0, sp, t0
core   0: 1 0x00000000800045ac (0x005172b3) x5  0x0000000000000000
core   0: 0x00000000800045b0 (0x00c2cdb3) xor     s11, t0, a2
core   0: 1 0x00000000800045b0 (0x00c2cdb3) x27 0x0000007b9fa65365
core   0: 0x00000000800045b4 (0x01254ab3) xor     s5, a0, s2
core   0: 1 0x00000000800045b4 (0x01254ab3) x21 0x000000003c59ac9b
core   0: 0x00000000800045b8 (0xa625f837) lui     a6, 0xa625f
core   0: 1 0x00000000800045b8 (0xa625f837) x16 0xffffffffa625f000
core   0: 0x00000000800045bc (0xc05eae73) csrrs   t3, hpmcounter5, t4
core   0: exception trap_illegal_instruction, epc 0x00000000800045bc
core   0:           tval 0x00000000c05eae73
core   0: >>>>  $xrv64i2p1_m2p0_a2p1_f2p2_d2p2_zicsr2p0_zifencei2p0_zmmul1p0_zba1p0_zbb1p0_zbc1p0_zbs1p0
core   0: 0x0000000080004000 (0x0080006f) j       pc + 0x8
core   0: 3 0x0000000080004000 (0x0080006f)
core   0: >>>>  mmode_exception_handler
core   0: 0x0000000080004008 (0x00002c17) auipc   s8, 0x2
core   0: 3 0x0000000080004008 (0x00002c17) x24 0x0000000080006008
core   0: 0x000000008000400c (0x012c0c13) addi    s8, s8, 18
core   0: 3 0x000000008000400c (0x012c0c13) x24 0x000000008000601a
core   0: 0x0000000080004010 (0x000c00e7) jalr    s8
core   0: 3 0x0000000080004010 (0x000c00e7) x1  0x0000000080004014
core   0: >>>>  any_handler
core   0: 0x000000008000601a (0x341027f3) csrrs   a5, mepc, zero
core   0: 3 0x000000008000601a (0x341027f3) x15 0x00000000800045bc
core   0: 0x000000008000601e (0x34202773) csrrs   a4, mcause, zero
core   0: 3 0x000000008000601e (0x34202773) x14 0x0000000000000002
core   0: 0x0000000080006022 (0x142026f3) csrrs   a3, scause, zero
core   0: 3 0x0000000080006022 (0x142026f3) x13 0x0000000000000000
core   0: 0x0000000080006026 (0x30402673) csrrs   a2, mie, zero
core   0: 3 0x0000000080006026 (0x30402673) x12 0x0000000000000a00
core   0: 0x000000008000602a (0x344025f3) csrrs   a1, mip, zero
core   0: 3 0x000000008000602a (0x344025f3) x11 0x0000000000000080
core   0: 0x000000008000602e (0x343025f3) csrrs   a1, mtval, zero
core   0: 3 0x000000008000602e (0x343025f3) x11 0x00000000c05eae73
core   0: 0x0000000080006032 (0x14302573) csrrs   a0, stval, zero
core   0: 3 0x0000000080006032 (0x14302573) x10 0x0000000000000000
core   0: 0x0000000080006036 (0xb02024f3) csrrs   s1, minstret, zero
core   0: 3 0x0000000080006036 (0xb02024f3) x9  0x0000000000000992
core   0: 0x000000008000603a (0x0000a811) c.j     pc + 20
core   0: 3 0x000000008000603a (0xa811)
core   0: >>>>  mepc_4
core   0: 0x000000008000604e (0x00000791) c.addi  a5, 4
core   0: 3 0x000000008000604e (0x0791) x15 0x00000000800045c0
core   0: 0x0000000080006050 (0x34179073) csrrw   zero, mepc, a5
core   0: 3 0x0000000080006050 (0x34179073) c833_mepc 0x00000000800045c0
core   0: 0x0000000080006054 (0x30200073) mret
core   0: 3 0x0000000080006054 (0x30200073) c768_mstatus 0x8000000a00106080
core   0: 0x00000000800045c0 (0x4024511b) sraiw   sp, s0, 2
core   0: 1 0x00000000800045c0 (0x4024511b) x2  0xfffffffff7000000
core   0: 0x00000000800045c4 (0xfffa8c1b) addiw   s8, s5, -1
core   0: 1 0x00000000800045c4 (0xfffa8c1b) x24 0x000000003c59ac9a
core   0: 0x00000000800045c8 (0x00009dc6) c.add   s11, a7
core   0: 1 0x00000000800045c8 (0x9dc6) x27 0x0000007b9fa65364
core   0: 0x00000000800045ca (0x00000001) c.nop
core   0: 1 0x00000000800045ca (0x0001)
core   0: 0x00000000800045cc (0xc024fcd3) fcvt.l.s s9, fs1
core   0: 1 0x00000000800045cc (0xc024fcd3) c1_fflags 0x0000000000000014 x25 0x7fffffffffffffff
core   0: 0x00000000800045d0 (0x01cccdb3) xor     s11, s9, t3
core   0: 1 0x00000000800045d0 (0x01cccdb3) x27 0x7fffa72af72cb57d
core   0: 0x00000000800045d4 (0x000099ce) c.add   s3, s3
core   0: 1 0x00000000800045d4 (0x99ce) x19 0x0000000000000026
core   0: 0x00000000800045d6 (0xc2307ad3) fcvt.lu.d s5, ft0
core   0: 1 0x00000000800045d6 (0xc2307ad3) c1_fflags 0x0000000000000014 x21 0xffffffffffffffff
core   0: 0x00000000800045da (0x01b9919b) slliw   gp, s3, 27
core   0: 1 0x00000000800045da (0x01b9919b) x3  0x0000000030000000
core   0: 0x00000000800045de (0x030188bb) mulw    a7, gp, a6
core   0: 1 0x00000000800045de (0x030188bb) x17 0x0000000000000000
core   0: 0x00000000800045e2 (0x410e0ebb) subw    t4, t3, a6
core   0: 1 0x00000000800045e2 (0x410e0ebb) x29 0x0000000062ad5a82
core   0: 0x00000000800045e6 (0x229d08d3) fsgnj.d fa7, fs10, fs1
core   0: 1 0x00000000800045e6 (0x229d08d3) f17 0x7fffffff5228d11e
core   0: 0x00000000800045ea (0x239c94d3) fsgnjn.d fs1, fs9, fs9
core   0: 1 0x00000000800045ea (0x239c94d3) f9  0xfff8000000000000
core   0: 0x00000000800045ee (0x0a26f0d3) fsub.d  ft1, fa3, ft2
core   0: 1 0x00000000800045ee (0x0a26f0d3) f1  0x7ff8000000000000
core   0: 0x00000000800045f2 (0x1a31f2d3) fdiv.d  ft5, ft3, ft3
core   0: 1 0x00000000800045f2 (0x1a31f2d3) f5  0x7ff8000000000000
core   0: 0x00000000800045f6 (0x41cad2b3) sra     t0, s5, t3
core   0: 1 0x00000000800045f6 (0x41cad2b3) x5  0xffffffffffffffff
core   0: 0x00000000800045fa (0x00271173) csrrw   sp, frm, a4
core   0: 1 0x00000000800045fa (0x00271173) x2  0x0000000000000000 c2_frm 0x0000000000000002
core   0: 0x00000000800045fe (0x41dedebb) sraw    t4, t4, t4
core   0: 1 0x00000000800045fe (0x41dedebb) x29 0x0000000018ab56a0
core   0: 0x0000000080004602 (0xc03779d3) fcvt.lu.s s3, fa4
core   0: 1 0x0000000080004602 (0xc03779d3) x19 0x0000000000000000
core   0: 0x0000000080004606 (0xa2b58c53) fle.d   s8, fa1, fa1
core   0: 1 0x0000000080004606 (0xa2b58c53) c1_fflags 0x0000000000000014 x24 0x0000000000000000
core   0: 0x000000008000460a (0x001ef893) andi    a7, t4, 1
core   0: 1 0x000000008000460a (0x001ef893) x17 0x0000000000000000
core   0: 0x000000008000460e (0x005e939b) slliw   t2, t4, 5
core   0: 1 0x000000008000460e (0x005e939b) x7  0x00000000156ad400
core   0: 0x0000000080004612 (0xd233f0d3) fcvt.d.lu ft1, t2
core   0: 1 0x0000000080004612 (0xd233f0d3) f1  0x41b56ad400000000
core   0: 0x0000000080004616 (0x030ed213) srli    tp, t4, 48
core   0: 1 0x0000000080004616 (0x030ed213) x4  0x0000000000000000
core   0: 0x000000008000461a (0x02bab933) mulhu   s2, s5, a1
core   0: 1 0x000000008000461a (0x02bab933) x18 0x00000000c05eae72
core   0: 0x000000008000461e (0x401f7553) fcvt.s.d fa0, ft10
core   0: 1 0x000000008000461e (0x401f7553) f10 0xffffffff7fc00000
core   0: 0x0000000080004622 (0x99d52d37) lui     s10, 0x99d52
core   0: 1 0x0000000080004622 (0x99d52d37) x26 0xffffffff99d52000
core   0: 0x0000000080004626 (0xe20509d3) fmv.x.d s3, fa0
core   0: 1 0x0000000080004626 (0xe20509d3) x19 0xffffffff7fc00000
core   0: 0x000000008000462a (0x0003e8b3) or      a7, t2, zero
core   0: 1 0x000000008000462a (0x0003e8b3) x17 0x00000000156ad400
core   0: 0x000000008000462e (0x4013d713) srai    a4, t2, 1
core   0: 1 0x000000008000462e (0x4013d713) x14 0x000000000ab56a00
core   0: 0x0000000080004632 (0x40000033) sub     zero, zero, zero
core   0: 1 0x0000000080004632 (0x40000033)
core   0: 0x0000000080004636 (0x00075b1b) srliw   s6, a4, 0
core   0: 1 0x0000000080004636 (0x00075b1b) x22 0x000000000ab56a00
core   0: 0x000000008000463a (0xc05858f3) csrrwi  a7, hpmcounter5, 16
core   0: exception trap_illegal_instruction, epc 0x000000008000463a
core   0:           tval 0x00000000c05858f3
core   0: >>>>  $xrv64i2p1_m2p0_a2p1_f2p2_d2p2_zicsr2p0_zifencei2p0_zmmul1p0_zba1p0_zbb1p0_zbc1p0_zbs1p0
core   0: 0x0000000080004000 (0x0080006f) j       pc + 0x8
core   0: 3 0x0000000080004000 (0x0080006f)
core   0: >>>>  mmode_exception_handler
core   0: 0x0000000080004008 (0x00002c17) auipc   s8, 0x2
core   0: 3 0x0000000080004008 (0x00002c17) x24 0x0000000080006008
core   0: 0x000000008000400c (0x012c0c13) addi    s8, s8, 18
core   0: 3 0x000000008000400c (0x012c0c13) x24 0x000000008000601a
core   0: 0x0000000080004010 (0x000c00e7) jalr    s8
core   0: 3 0x0000000080004010 (0x000c00e7) x1  0x0000000080004014
core   0: >>>>  any_handler
core   0: 0x000000008000601a (0x341027f3) csrrs   a5, mepc, zero
core   0: 3 0x000000008000601a (0x341027f3) x15 0x000000008000463a
core   0: 0x000000008000601e (0x34202773) csrrs   a4, mcause, zero
core   0: 3 0x000000008000601e (0x34202773) x14 0x0000000000000002
core   0: 0x0000000080006022 (0x142026f3) csrrs   a3, scause, zero
core   0: 3 0x0000000080006022 (0x142026f3) x13 0x0000000000000000
core   0: 0x0000000080006026 (0x30402673) csrrs   a2, mie, zero
core   0: 3 0x0000000080006026 (0x30402673) x12 0x0000000000000a00
core   0: 0x000000008000602a (0x344025f3) csrrs   a1, mip, zero
core   0: 3 0x000000008000602a (0x344025f3) x11 0x0000000000000080
core   0: 0x000000008000602e (0x343025f3) csrrs   a1, mtval, zero
core   0: 3 0x000000008000602e (0x343025f3) x11 0x00000000c05858f3
core   0: 0x0000000080006032 (0x14302573) csrrs   a0, stval, zero
core   0: 3 0x0000000080006032 (0x14302573) x10 0x0000000000000000
core   0: 0x0000000080006036 (0xb02024f3) csrrs   s1, minstret, zero
core   0: 3 0x0000000080006036 (0xb02024f3) x9  0x00000000000009c2
core   0: 0x000000008000603a (0x0000a811) c.j     pc + 20
core   0: 3 0x000000008000603a (0xa811)
core   0: >>>>  mepc_4
core   0: 0x000000008000604e (0x00000791) c.addi  a5, 4
core   0: 3 0x000000008000604e (0x0791) x15 0x000000008000463e
core   0: 0x0000000080006050 (0x34179073) csrrw   zero, mepc, a5
core   0: 3 0x0000000080006050 (0x34179073) c833_mepc 0x000000008000463e
core   0: 0x0000000080006054 (0x30200073) mret
core   0: 3 0x0000000080006054 (0x30200073) c768_mstatus 0x8000000a00106080
core   0: 0x000000008000463e (0x22851bd3) fsgnjn.d fs7, fa0, fs0
core   0: 1 0x000000008000463e (0x22851bd3) f23 0x7fffffff7fc00000
core   0: 0x0000000080004642 (0x023d79b3) remu    s3, s10, gp
core   0: 1 0x0000000080004642 (0x023d79b3) x19 0x0000000009d52000
core   0: 0x0000000080004646 (0x00cd16b3) sll     a3, s10, a2
core   0: 1 0x0000000080004646 (0x00cd16b3) x13 0xffffffff99d52000
core   0: 0x000000008000464a (0x12a571d3) fmul.d  ft3, fa0, fa0
core   0: 1 0x000000008000464a (0x12a571d3) f3  0x7ff8000000000000
core   0: 0x000000008000464e (0x01325bbb) srlw    s7, tp, s3
core   0: 1 0x000000008000464e (0x01325bbb) x23 0x0000000000000000
core   0: 0x0000000080004652 (0x029bb233) mulhu   tp, s7, s1
core   0: 1 0x0000000080004652 (0x029bb233) x4  0x0000000000000000
core   0: 0x0000000080004656 (0x000b9913) slli    s2, s7, 0
core   0: 1 0x0000000080004656 (0x000b9913) x18 0x0000000000000000
core   0: 0x000000008000465a (0x4003d1b3) sra     gp, t2, zero
core   0: 1 0x000000008000465a (0x4003d1b3) x3  0x00000000156ad400
core   0: 0x000000008000465e (0x0160cb33) xor     s6, ra, s6
core   0: 1 0x000000008000465e (0x0160cb33) x22 0x000000008ab52a14
core   0: 0x0000000080004662 (0xfff1f113) andi    sp, gp, -1
core   0: 1 0x0000000080004662 (0xfff1f113) x2  0x00000000156ad400
core   0: 0x0000000080004666 (0x0000942e) c.add   s0, a1
core   0: 1 0x0000000080004666 (0x942e) x8  0xfffff4179c5858f3
core   0: 0x0000000080004668 (0x02244433) div     s0, s0, sp
core   0: 1 0x0000000080004668 (0x02244433) x8  0xffffffffffff71ab
core   0: 0x000000008000466c (0x4043dc1b) sraiw   s8, t2, 4
core   0: 1 0x000000008000466c (0x4043dc1b) x24 0x000000000156ad40
core   0: 0x0000000080004670 (0x401d7fd3) fcvt.s.d ft11, fs10
core   0: 1 0x0000000080004670 (0x401d7fd3) f31 0xffffffff7fc00000
core   0: 0x0000000080004674 (0x8ba8f6c3) fmadd.d fa3, fa7, fs10, fa7
core   0: 1 0x0000000080004674 (0x8ba8f6c3) f13 0x7ff8000000000000
core   0: 0x0000000080004678 (0xd02074d3) fcvt.s.l fs1, zero
core   0: 1 0x0000000080004678 (0xd02074d3) f9  0xffffffff00000000
core   0: 0x000000008000467c (0x00000001) c.nop
core   0: 1 0x000000008000467c (0x0001)
core   0: 0x000000008000467e (0x0230f353) fadd.d  ft6, ft1, ft3
core   0: 1 0x000000008000467e (0x0230f353) f6  0x7ff8000000000000
core   0: 0x0000000080004682 (0x030c7db3) remu    s11, s8, a6
core   0: 1 0x0000000080004682 (0x030c7db3) x27 0x000000000156ad40
core   0: 0x0000000080004686 (0x00c6563b) srlw    a2, a2, a2
core   0: 1 0x0000000080004686 (0x00c6563b) x12 0x0000000000000a00
core   0: 0x000000008000468a (0x404e5e3b) sraw    t3, t3, tp
core   0: 1 0x000000008000468a (0x404e5e3b) x28 0x0000000008d34a82
core   0: 0x000000008000468e (0x003e47b3) xor     a5, t3, gp
core   0: 1 0x000000008000468e (0x003e47b3) x15 0x000000001db99e82
core   0: 0x0000000080004692 (0x40a90e3b) subw    t3, s2, a0
core   0: 1 0x0000000080004692 (0x40a90e3b) x28 0x0000000000000000
core   0: 0x0000000080004696 (0x41325733) sra     a4, tp, s3
core   0: 1 0x0000000080004696 (0x41325733) x14 0x0000000000000000
core   0: 0x000000008000469a (0x41875dbb) sraw    s11, a4, s8
core   0: 1 0x000000008000469a (0x41875dbb) x27 0x0000000000000000
core   0: 0x000000008000469e (0x41c4debb) sraw    t4, s1, t3
core   0: 1 0x000000008000469e (0x41c4debb) x29 0x00000000000009c2
core   0: 0x00000000800046a2 (0x01d0de33) srl     t3, ra, t4
core   0: 1 0x00000000800046a2 (0x01d0de33) x28 0x0000000020001005
core   0: 0x00000000800046a6 (0x7ff28a13) addi    s4, t0, 2047
core   0: 1 0x00000000800046a6 (0x7ff28a13) x20 0x00000000000007fe
core   0: 0x00000000800046aa (0x40308133) sub     sp, ra, gp
core   0: 1 0x00000000800046aa (0x40308133) x2  0x000000006a956c14
core   0: 0x00000000800046ae (0xe75c7a97) auipc   s5, 0xe75c7
core   0: 1 0x00000000800046ae (0xe75c7a97) x21 0x00000000675cb6ae
core   0: 0x00000000800046b2 (0x0022523b) srlw    tp, tp, sp
core   0: 1 0x00000000800046b2 (0x0022523b) x4  0x0000000000000000
core   0: 0x00000000800046b6 (0x00154413) xori    s0, a0, 1
core   0: 1 0x00000000800046b6 (0x00154413) x8  0x0000000000000001
core   0: 0x00000000800046ba (0x003a949b) slliw   s1, s5, 3
core   0: 1 0x00000000800046ba (0x003a949b) x9  0x000000003ae5b570
core   0: 0x00000000800046be (0x00000001) c.nop
core   0: 1 0x00000000800046be (0x0001)
core   0: 0x00000000800046c0 (0xf1107573) csrrci  a0, mvendorid, 0
core   0: exception trap_illegal_instruction, epc 0x00000000800046c0
core   0:           tval 0x00000000f1107573
core   0: >>>>  $xrv64i2p1_m2p0_a2p1_f2p2_d2p2_zicsr2p0_zifencei2p0_zmmul1p0_zba1p0_zbb1p0_zbc1p0_zbs1p0
core   0: 0x0000000080004000 (0x0080006f) j       pc + 0x8
core   0: 3 0x0000000080004000 (0x0080006f)
core   0: >>>>  mmode_exception_handler
core   0: 0x0000000080004008 (0x00002c17) auipc   s8, 0x2
core   0: 3 0x0000000080004008 (0x00002c17) x24 0x0000000080006008
core   0: 0x000000008000400c (0x012c0c13) addi    s8, s8, 18
core   0: 3 0x000000008000400c (0x012c0c13) x24 0x000000008000601a
core   0: 0x0000000080004010 (0x000c00e7) jalr    s8
core   0: 3 0x0000000080004010 (0x000c00e7) x1  0x0000000080004014
core   0: >>>>  any_handler
core   0: 0x000000008000601a (0x341027f3) csrrs   a5, mepc, zero
core   0: 3 0x000000008000601a (0x341027f3) x15 0x00000000800046c0
core   0: 0x000000008000601e (0x34202773) csrrs   a4, mcause, zero
core   0: 3 0x000000008000601e (0x34202773) x14 0x0000000000000002
core   0: 0x0000000080006022 (0x142026f3) csrrs   a3, scause, zero
core   0: 3 0x0000000080006022 (0x142026f3) x13 0x0000000000000000
core   0: 0x0000000080006026 (0x30402673) csrrs   a2, mie, zero
core   0: 3 0x0000000080006026 (0x30402673) x12 0x0000000000000a00
core   0: 0x000000008000602a (0x344025f3) csrrs   a1, mip, zero
core   0: 3 0x000000008000602a (0x344025f3) x11 0x0000000000000080
core   0: 0x000000008000602e (0x343025f3) csrrs   a1, mtval, zero
core   0: 3 0x000000008000602e (0x343025f3) x11 0x00000000f1107573
core   0: 0x0000000080006032 (0x14302573) csrrs   a0, stval, zero
core   0: 3 0x0000000080006032 (0x14302573) x10 0x0000000000000000
core   0: 0x0000000080006036 (0xb02024f3) csrrs   s1, minstret, zero
core   0: 3 0x0000000080006036 (0xb02024f3) x9  0x00000000000009f4
core   0: 0x000000008000603a (0x0000a811) c.j     pc + 20
core   0: 3 0x000000008000603a (0xa811)
core   0: >>>>  mepc_4
core   0: 0x000000008000604e (0x00000791) c.addi  a5, 4
core   0: 3 0x000000008000604e (0x0791) x15 0x00000000800046c4
core   0: 0x0000000080006050 (0x34179073) csrrw   zero, mepc, a5
core   0: 3 0x0000000080006050 (0x34179073) c833_mepc 0x00000000800046c4
core   0: 0x0000000080006054 (0x30200073) mret
core   0: 3 0x0000000080006054 (0x30200073) c768_mstatus 0x8000000a00106080
core   0: 0x00000000800046c4 (0x0180c037) lui     zero, 0x180c
core   0: 1 0x00000000800046c4 (0x0180c037)
core   0: 0x00000000800046c8 (0xedf0001b) addiw   zero, zero, -289
core   0: 1 0x00000000800046c8 (0xedf0001b)
core   0: 0x00000000800046cc (0x00d01013) slli    zero, zero, 13
core   0: 1 0x00000000800046cc (0x00d01013)
core   0: 0x00000000800046d0 (0x0b800013) li      zero, 184
core   0: 1 0x00000000800046d0 (0x0b800013)
core   0: 0x00000000800046d4 (0x7a6ff7cf) fnmadd.d fa5, ft11, ft6, fa5
core   0: 1 0x00000000800046d4 (0x7a6ff7cf) f15 0x7ff8000000000000
core   0: 0x00000000800046d8 (0x7a1178cb) fnmsub.d fa7, ft2, ft1, fa5
core   0: 1 0x00000000800046d8 (0x7a1178cb) f17 0x7ff8000000000000
core   0: 0x00000000800046dc (0xd20d0953) fcvt.d.w fs2, s10
core   0: 1 0x00000000800046dc (0xd20d0953) f18 0xc1d98ab800000000
core   0: 0x00000000800046e0 (0x40e356bb) sraw    a3, t1, a4
core   0: 1 0x00000000800046e0 (0x40e356bb) x13 0x0000000006151968
core   0: 0x00000000800046e4 (0x00d342b3) xor     t0, t1, a3
core   0: 1 0x00000000800046e4 (0x00d342b3) x5  0x000000001e417cc8
core   0: 0x00000000800046e8 (0x00249273) csrrw   tp, frm, s1
core   0: 1 0x00000000800046e8 (0x00249273) x4  0x0000000000000002 c2_frm 0x0000000000000004
core   0: 0x00000000800046ec (0x0b107053) fsub.d  ft0, ft0, fa7
core   0: 1 0x00000000800046ec (0x0b107053) f0  0x7ff8000000000000
core   0: 0x00000000800046f0 (0x00021013) slli    zero, tp, 0
core   0: 1 0x00000000800046f0 (0x00021013)
core   0: 0x00000000800046f4 (0x7b007773) csrrci  a4, dcsr, 0
core   0: exception trap_illegal_instruction, epc 0x00000000800046f4
core   0:           tval 0x000000007b007773
core   0: >>>>  $xrv64i2p1_m2p0_a2p1_f2p2_d2p2_zicsr2p0_zifencei2p0_zmmul1p0_zba1p0_zbb1p0_zbc1p0_zbs1p0
core   0: 0x0000000080004000 (0x0080006f) j       pc + 0x8
core   0: 3 0x0000000080004000 (0x0080006f)
core   0: >>>>  mmode_exception_handler
core   0: 0x0000000080004008 (0x00002c17) auipc   s8, 0x2
core   0: 3 0x0000000080004008 (0x00002c17) x24 0x0000000080006008
core   0: 0x000000008000400c (0x012c0c13) addi    s8, s8, 18
core   0: 3 0x000000008000400c (0x012c0c13) x24 0x000000008000601a
core   0: 0x0000000080004010 (0x000c00e7) jalr    s8
core   0: 3 0x0000000080004010 (0x000c00e7) x1  0x0000000080004014
core   0: >>>>  any_handler
core   0: 0x000000008000601a (0x341027f3) csrrs   a5, mepc, zero
core   0: 3 0x000000008000601a (0x341027f3) x15 0x00000000800046f4
core   0: 0x000000008000601e (0x34202773) csrrs   a4, mcause, zero
core   0: 3 0x000000008000601e (0x34202773) x14 0x0000000000000002
core   0: 0x0000000080006022 (0x142026f3) csrrs   a3, scause, zero
core   0: 3 0x0000000080006022 (0x142026f3) x13 0x0000000000000000
core   0: 0x0000000080006026 (0x30402673) csrrs   a2, mie, zero
core   0: 3 0x0000000080006026 (0x30402673) x12 0x0000000000000a00
core   0: 0x000000008000602a (0x344025f3) csrrs   a1, mip, zero
core   0: 3 0x000000008000602a (0x344025f3) x11 0x0000000000000080
core   0: 0x000000008000602e (0x343025f3) csrrs   a1, mtval, zero
core   0: 3 0x000000008000602e (0x343025f3) x11 0x000000007b007773
core   0: 0x0000000080006032 (0x14302573) csrrs   a0, stval, zero
core   0: 3 0x0000000080006032 (0x14302573) x10 0x0000000000000000
core   0: 0x0000000080006036 (0xb02024f3) csrrs   s1, minstret, zero
core   0: 3 0x0000000080006036 (0xb02024f3) x9  0x0000000000000a10
core   0: 0x000000008000603a (0x0000a811) c.j     pc + 20
core   0: 3 0x000000008000603a (0xa811)
core   0: >>>>  mepc_4
core   0: 0x000000008000604e (0x00000791) c.addi  a5, 4
core   0: 3 0x000000008000604e (0x0791) x15 0x00000000800046f8
core   0: 0x0000000080006050 (0x34179073) csrrw   zero, mepc, a5
core   0: 3 0x0000000080006050 (0x34179073) c833_mepc 0x00000000800046f8
core   0: 0x0000000080006054 (0x30200073) mret
core   0: 3 0x0000000080006054 (0x30200073) c768_mstatus 0x8000000a00106080
core   0: 0x00000000800046f8 (0x01940133) add     sp, s0, s9
core   0: 1 0x00000000800046f8 (0x01940133) x2  0x8000000000000000
core   0: 0x00000000800046fc (0x00035313) srli    t1, t1, 0
core   0: 1 0x00000000800046fc (0x00035313) x6  0x00000000185465a0
core   0: 0x0000000080004700 (0x006954bb) srlw    s1, s2, t1
core   0: 1 0x0000000080004700 (0x006954bb) x9  0x0000000000000000
core   0: 0x0000000080004704 (0xd02cf553) fcvt.s.l fa0, s9
core   0: 1 0x0000000080004704 (0xd02cf553) c1_fflags 0x0000000000000015 f10 0xffffffff5f000000
core   0: 0x0000000080004708 (0x007363b3) or      t2, t1, t2
core   0: 1 0x0000000080004708 (0x007363b3) x7  0x000000001d7ef5a0
core   0: 0x000000008000470c (0x0271683b) remw    a6, sp, t2
core   0: 1 0x000000008000470c (0x0271683b) x16 0x0000000000000000
core   0: 0x0000000080004710 (0x41048a33) sub     s4, s1, a6
core   0: 1 0x0000000080004710 (0x41048a33) x20 0x0000000000000000
core   0: 0x0000000080004714 (0xc2387ed3) fcvt.lu.d t4, fa6
core   0: 1 0x0000000080004714 (0xc2387ed3) c1_fflags 0x0000000000000015 x29 0xffffffffffffffff
core   0: 0x0000000080004718 (0x32039973) csrrw   s2, mcountinhibit, t2
core   0: exception trap_illegal_instruction, epc 0x0000000080004718
core   0:           tval 0x0000000032039973
core   0: >>>>  $xrv64i2p1_m2p0_a2p1_f2p2_d2p2_zicsr2p0_zifencei2p0_zmmul1p0_zba1p0_zbb1p0_zbc1p0_zbs1p0
core   0: 0x0000000080004000 (0x0080006f) j       pc + 0x8
core   0: 3 0x0000000080004000 (0x0080006f)
core   0: >>>>  mmode_exception_handler
core   0: 0x0000000080004008 (0x00002c17) auipc   s8, 0x2
core   0: 3 0x0000000080004008 (0x00002c17) x24 0x0000000080006008
core   0: 0x000000008000400c (0x012c0c13) addi    s8, s8, 18
core   0: 3 0x000000008000400c (0x012c0c13) x24 0x000000008000601a
core   0: 0x0000000080004010 (0x000c00e7) jalr    s8
core   0: 3 0x0000000080004010 (0x000c00e7) x1  0x0000000080004014
core   0: >>>>  any_handler
core   0: 0x000000008000601a (0x341027f3) csrrs   a5, mepc, zero
core   0: 3 0x000000008000601a (0x341027f3) x15 0x0000000080004718
core   0: 0x000000008000601e (0x34202773) csrrs   a4, mcause, zero
core   0: 3 0x000000008000601e (0x34202773) x14 0x0000000000000002
core   0: 0x0000000080006022 (0x142026f3) csrrs   a3, scause, zero
core   0: 3 0x0000000080006022 (0x142026f3) x13 0x0000000000000000
core   0: 0x0000000080006026 (0x30402673) csrrs   a2, mie, zero
core   0: 3 0x0000000080006026 (0x30402673) x12 0x0000000000000a00
core   0: 0x000000008000602a (0x344025f3) csrrs   a1, mip, zero
core   0: 3 0x000000008000602a (0x344025f3) x11 0x0000000000000080
core   0: 0x000000008000602e (0x343025f3) csrrs   a1, mtval, zero
core   0: 3 0x000000008000602e (0x343025f3) x11 0x0000000032039973
core   0: 0x0000000080006032 (0x14302573) csrrs   a0, stval, zero
core   0: 3 0x0000000080006032 (0x14302573) x10 0x0000000000000000
core   0: 0x0000000080006036 (0xb02024f3) csrrs   s1, minstret, zero
core   0: 3 0x0000000080006036 (0xb02024f3) x9  0x0000000000000a28
core   0: 0x000000008000603a (0x0000a811) c.j     pc + 20
core   0: 3 0x000000008000603a (0xa811)
core   0: >>>>  mepc_4
core   0: 0x000000008000604e (0x00000791) c.addi  a5, 4
core   0: 3 0x000000008000604e (0x0791) x15 0x000000008000471c
core   0: 0x0000000080006050 (0x34179073) csrrw   zero, mepc, a5
core   0: 3 0x0000000080006050 (0x34179073) c833_mepc 0x000000008000471c
core   0: 0x0000000080006054 (0x30200073) mret
core   0: 3 0x0000000080006054 (0x30200073) c768_mstatus 0x8000000a00106080
core   0: 0x000000008000471c (0x02091333) mulh    t1, s2, zero
core   0: 1 0x000000008000471c (0x02091333) x6  0x0000000000000000
core   0: 0x0000000080004720 (0x0031deb3) srl     t4, gp, gp
core   0: 1 0x0000000080004720 (0x0031deb3) x29 0x00000000156ad400
core   0: 0x0000000080004724 (0x87f7e413) ori     s0, a5, -1921
core   0: 1 0x0000000080004724 (0x87f7e413) x8  0xffffffffffffff7f
core   0: 0x0000000080004728 (0x400bdb9b) sraiw   s7, s7, 0
core   0: 1 0x0000000080004728 (0x400bdb9b) x23 0x0000000000000000
core   0: 0x000000008000472c (0x00000001) c.nop
core   0: 1 0x000000008000472c (0x0001)
core   0: 0x000000008000472e (0x02d3f447) fmsub.d fs0, ft7, fa3, ft0
core   0: 1 0x000000008000472e (0x02d3f447) f8  0x7ff8000000000000
core   0: 0x0000000080004732 (0x01d6d8b3) srl     a7, a3, t4
core   0: 1 0x0000000080004732 (0x01d6d8b3) x17 0x0000000000000000
core   0: 0x0000000080004736 (0x2aee8ed3) fmin.d  ft9, ft9, fa4
core   0: 1 0x0000000080004736 (0x2aee8ed3) f29 0x7ff8000000000000
core   0: 0x000000008000473a (0x00191713) slli    a4, s2, 1
core   0: 1 0x000000008000473a (0x00191713) x14 0x0000000000000000
core   0: 0x000000008000473e (0x021910b3) mulh    ra, s2, ra
core   0: 1 0x000000008000473e (0x021910b3) x1  0x0000000000000000
core   0: 0x0000000080004742 (0x42028253) fcvt.d.s ft4, ft5
core   0: 1 0x0000000080004742 (0x42028253) f4  0x7ff8000000000000
core   0: 0x0000000080004746 (0xbb251c17) auipc   s8, 0xbb251
core   0: 1 0x0000000080004746 (0xbb251c17) x24 0x000000003b255746
core   0: 0x000000008000474a (0x5a077253) fsqrt.d ft4, fa4
core   0: 1 0x000000008000474a (0x5a077253) f4  0x7ff8000000000000
core   0: 0x000000008000474e (0x0014eeb3) or      t4, s1, ra
core   0: 1 0x000000008000474e (0x0014eeb3) x29 0x0000000000000a28
core   0: 0x0000000080004752 (0x01891c93) slli    s9, s2, 24
core   0: 1 0x0000000080004752 (0x01891c93) x25 0x0000000000000000
core   0: 0x0000000080004756 (0x123272d3) fmul.d  ft5, ft4, ft3
core   0: 1 0x0000000080004756 (0x123272d3) f5  0x7ff8000000000000
core   0: 0x000000008000475a (0xfffb8713) addi    a4, s7, -1
core   0: 1 0x000000008000475a (0xfffb8713) x14 0xffffffffffffffff
core   0: 0x000000008000475e (0x4012f0d3) fcvt.s.d ft1, ft5
core   0: 1 0x000000008000475e (0x4012f0d3) f1  0xffffffff7fc00000
core   0: 0x0000000080004762 (0xc20677d3) fcvt.w.d a5, fa2
core   0: 1 0x0000000080004762 (0xc20677d3) x15 0x000000000002e1f1
core   0: 0x0000000080004766 (0xc021f8d3) fcvt.l.s a7, ft3
core   0: 1 0x0000000080004766 (0xc021f8d3) c1_fflags 0x0000000000000015 x17 0x7fffffffffffffff
core   0: 0x000000008000476a (0x0707e393) ori     t2, a5, 112
core   0: 1 0x000000008000476a (0x0707e393) x7  0x000000000002e1f1
core   0: 0x000000008000476e (0x12097053) fmul.d  ft0, fs2, ft0
core   0: 1 0x000000008000476e (0x12097053) f0  0x7ff8000000000000
core   0: 0x0000000080004772 (0x7ffd4d13) xori    s10, s10, 2047
core   0: 1 0x0000000080004772 (0x7ffd4d13) x26 0xffffffff99d527ff
core   0: 0x0000000080004776 (0x4154d933) sra     s2, s1, s5
core   0: 1 0x0000000080004776 (0x4154d933) x18 0x0000000000000000
core   0: 0x000000008000477a (0xd02a7d53) fcvt.s.l fs10, s4
core   0: 1 0x000000008000477a (0xd02a7d53) f26 0xffffffff00000000
core   0: 0x000000008000477e (0x122c7c4b) fnmsub.d fs8, fs8, ft2, ft2
core   0: 1 0x000000008000477e (0x122c7c4b) f24 0x7ff8000000000000
core   0: 0x0000000080004782 (0x014d173b) sllw    a4, s10, s4
core   0: 1 0x0000000080004782 (0x014d173b) x14 0xffffffff99d527ff
core   0: 0x0000000080004786 (0x01a95233) srl     tp, s2, s10
core   0: 1 0x0000000080004786 (0x01a95233) x4  0x0000000000000000
core   0: 0x000000008000478a (0x23bd8dd3) fsgnj.d fs11, fs11, fs11
core   0: 1 0x000000008000478a (0x23bd8dd3) f27 0x7ff8000000000000
core   0: 0x000000008000478e (0x40167953) fcvt.s.d fs2, fa2
core   0: 1 0x000000008000478e (0x40167953) f18 0xffffffff48387c40
core   0: 0x0000000080004792 (0x400c549b) sraiw   s1, s8, 0
core   0: 1 0x0000000080004792 (0x400c549b) x9  0x000000003b255746
core   0: 0x0000000080004796 (0x00fb87bb) addw    a5, s7, a5
core   0: 1 0x0000000080004796 (0x00fb87bb) x15 0x000000000002e1f1
core   0: 0x000000008000479a (0x2af905d3) fmin.d  fa1, fs2, fa5
core   0: 1 0x000000008000479a (0x2af905d3) f11 0x7ff8000000000000
core   0: 0x000000008000479e (0x41a8d99b) sraiw   s3, a7, 26
core   0: 1 0x000000008000479e (0x41a8d99b) x19 0xffffffffffffffff
core   0: 0x00000000800047a2 (0xe20f82d3) fmv.x.d t0, ft11
core   0: 1 0x00000000800047a2 (0xe20f82d3) x5  0xffffffff7fc00000
core   0: 0x00000000800047a6 (0x00000001) c.nop
core   0: 1 0x00000000800047a6 (0x0001)
core   0: 0x00000000800047a8 (0x00129b1b) slliw   s6, t0, 1
core   0: 1 0x00000000800047a8 (0x00129b1b) x22 0xffffffffff800000
core   0: 0x00000000800047ac (0xff3aa237) lui     tp, 0xff3aa
core   0: 1 0x00000000800047ac (0xff3aa237) x4  0xffffffffff3aa000
core   0: 0x00000000800047b0 (0x6ab2021b) addiw   tp, tp, 1707
core   0: 1 0x00000000800047b0 (0x6ab2021b) x4  0xffffffffff3aa6ab
core   0: 0x00000000800047b4 (0x00000232) c.slli  tp, 12
core   0: 1 0x00000000800047b4 (0x0232) x4  0xfffffff3aa6ab000
core   0: 0x00000000800047b6 (0x2c020213) addi    tp, tp, 704
core   0: 1 0x00000000800047b6 (0x2c020213) x4  0xfffffff3aa6ab2c0
core   0: 0x00000000800047ba (0x01e3da9b) srliw   s5, t2, 30
core   0: 1 0x00000000800047ba (0x01e3da9b) x21 0x0000000000000000
core   0: 0x00000000800047be (0x036ad83b) divuw   a6, s5, s6
core   0: 1 0x00000000800047be (0x036ad83b) x16 0x0000000000000000
core   0: 0x00000000800047c2 (0x037be1bb) remw    gp, s7, s7
core   0: 1 0x00000000800047c2 (0x037be1bb) x3  0x0000000000000000
core   0: 0x00000000800047c6 (0x01fd501b) srliw   zero, s10, 31
core   0: 1 0x00000000800047c6 (0x01fd501b)
core   0: 0x00000000800047ca (0x02b1b5b3) mulhu   a1, gp, a1
core   0: 1 0x00000000800047ca (0x02b1b5b3) x11 0x0000000000000000
core   0: 0x00000000800047ce (0x0004fa33) and     s4, s1, zero
core   0: 1 0x00000000800047ce (0x0004fa33) x20 0x0000000000000000
core   0: 0x00000000800047d2 (0x40b58bbb) subw    s7, a1, a1
core   0: 1 0x00000000800047d2 (0x40b58bbb) x23 0x0000000000000000
core   0: 0x00000000800047d6 (0x00102173) csrrs   sp, fflags, zero
core   0: 1 0x00000000800047d6 (0x00102173) x2  0x0000000000000015
core   0: 0x00000000800047da (0x79c26317) auipc   t1, 0x79c26
core   0: 1 0x00000000800047da (0x79c26317) x6  0x00000000f9c2a7da
core   0: 0x00000000800047de (0x02ac7553) fadd.d  fa0, fs8, fa0
core   0: 1 0x00000000800047de (0x02ac7553) f10 0x7ff8000000000000
core   0: 0x00000000800047e2 (0xd2257ed3) fcvt.d.l ft9, a0
core   0: 1 0x00000000800047e2 (0xd2257ed3) f29 0x0000000000000000
core   0: 0x00000000800047e6 (0x7ff5f293) andi    t0, a1, 2047
core   0: 1 0x00000000800047e6 (0x7ff5f293) x5  0x0000000000000000
core   0: 0x00000000800047ea (0x401651b3) sra     gp, a2, ra
core   0: 1 0x00000000800047ea (0x401651b3) x3  0x0000000000000a00
core   0: 0x00000000800047ee (0x00c40b3b) addw    s6, s0, a2
core   0: 1 0x00000000800047ee (0x00c40b3b) x22 0x000000000000097f
core   0: 0x00000000800047f2 (0x00000001) c.nop
core   0: 1 0x00000000800047f2 (0x0001)
core   0: 0x00000000800047f4 (0x7ff7cb93) xori    s7, a5, 2047
core   0: 1 0x00000000800047f4 (0x7ff7cb93) x23 0x000000000002e60e
core   0: 0x00000000800047f8 (0x01f6d09b) srliw   ra, a3, 31
core   0: 1 0x00000000800047f8 (0x01f6d09b) x1  0x0000000000000000
core   0: 0x00000000800047fc (0x40165b13) srai    s6, a2, 1
core   0: 1 0x00000000800047fc (0x40165b13) x22 0x0000000000000500
core   0: 0x0000000080004800 (0xd038f3d3) fcvt.s.lu ft7, a7
core   0: 1 0x0000000080004800 (0xd038f3d3) c1_fflags 0x0000000000000015 f7  0xffffffff5f000000
core   0: 0x0000000080004804 (0x03dae03b) remw    zero, s5, t4
core   0: 1 0x0000000080004804 (0x03dae03b)
core   0: 0x0000000080004808 (0x020e4c3b) divw    s8, t3, zero
core   0: 1 0x0000000080004808 (0x020e4c3b) x24 0xffffffffffffffff
core   0: 0x000000008000480c (0x23a690d3) fsgnjn.d ft1, fa3, fs10
core   0: 1 0x000000008000480c (0x23a690d3) f1  0x7ff8000000000000
core   0: 0x0000000080004810 (0x0ff0000f) fence   iorw,iorw
core   0: 1 0x0000000080004810 (0x0ff0000f)
core   0: 0x0000000080004814 (0x00529833) sll     a6, t0, t0
core   0: 1 0x0000000080004814 (0x00529833) x16 0x0000000000000000
core   0: 0x0000000080004818 (0x01d69a9b) slliw   s5, a3, 29
core   0: 1 0x0000000080004818 (0x01d69a9b) x21 0x0000000000000000
core   0: 0x000000008000481c (0xd0a273b7) lui     t2, 0xd0a27
core   0: 1 0x000000008000481c (0xd0a273b7) x7  0xffffffffd0a27000
core   0: 0x0000000080004820 (0xb2d6f9c7) fmsub.d fs3, fa3, fa3, fs6
core   0: 1 0x0000000080004820 (0xb2d6f9c7) f19 0x7ff8000000000000
core   0: 0x0000000080004824 (0xa33d1cd3) flt.d   s9, fs10, fs3
core   0: 1 0x0000000080004824 (0xa33d1cd3) c1_fflags 0x0000000000000015 x25 0x0000000000000000
core   0: 0x0000000080004828 (0x41ca893b) subw    s2, s5, t3
core   0: 1 0x0000000080004828 (0x41ca893b) x18 0xffffffffdfffeffb
core   0: 0x000000008000482c (0x412e5bbb) sraw    s7, t3, s2
core   0: 1 0x000000008000482c (0x412e5bbb) x23 0x0000000000000004
core   0: 0x0000000080004830 (0x00000001) c.nop
core   0: 1 0x0000000080004830 (0x0001)
core   0: 0x0000000080004832 (0xd23cf153) fcvt.d.lu ft2, s9
core   0: 1 0x0000000080004832 (0xd23cf153) f2  0x0000000000000000
core   0: 0x0000000080004836 (0x5a03f953) fsqrt.d fs2, ft7
core   0: 1 0x0000000080004836 (0x5a03f953) f18 0x7ff8000000000000
core   0: 0x000000008000483a (0x4127d11b) sraiw   sp, a5, 18
core   0: 1 0x000000008000483a (0x4127d11b) x2  0x0000000000000000
core   0: 0x000000008000483e (0x034c63b3) rem     t2, s8, s4
core   0: 1 0x000000008000483e (0x034c63b3) x7  0xffffffffffffffff
core   0: 0x0000000080004842 (0x007a45b3) xor     a1, s4, t2
core   0: 1 0x0000000080004842 (0x007a45b3) x11 0xffffffffffffffff
core   0: 0x0000000080004846 (0x41970933) sub     s2, a4, s9
core   0: 1 0x0000000080004846 (0x41970933) x18 0xffffffff99d527ff
core   0: 0x000000008000484a (0x7ffa059b) addiw   a1, s4, 2047
core   0: 1 0x000000008000484a (0x7ffa059b) x11 0x00000000000007ff
core   0: 0x000000008000484e (0xd2008fd3) fcvt.d.w ft11, ra
core   0: 1 0x000000008000484e (0xd2008fd3) f31 0x0000000000000000
core   0: 0x0000000080004852 (0x010963b3) or      t2, s2, a6
core   0: 1 0x0000000080004852 (0x010963b3) x7  0xffffffff99d527ff
core   0: 0x0000000080004856 (0x00631333) sll     t1, t1, t1
core   0: 1 0x0000000080004856 (0x00631333) x6  0x03e70a9f68000000
core   0: 0x000000008000485a (0xd221fad3) fcvt.d.l fs5, gp
core   0: 1 0x000000008000485a (0xd221fad3) f21 0x40a4000000000000
core   0: 0x000000008000485e (0x40ac893b) subw    s2, s9, a0
core   0: 1 0x000000008000485e (0x40ac893b) x18 0x0000000000000000
core   0: 0x0000000080004862 (0x00009b4a) c.add   s6, s2
core   0: 1 0x0000000080004862 (0x9b4a) x22 0x0000000000000500
core   0: 0x0000000080004864 (0xe20a89d3) fmv.x.d s3, fs5
core   0: 1 0x0000000080004864 (0xe20a89d3) x19 0x40a4000000000000
core   0: 0x0000000080004868 (0x011ded33) or      s10, s11, a7
core   0: 1 0x0000000080004868 (0x011ded33) x26 0x7fffffffffffffff
core   0: 0x000000008000486c (0xf20c8dd3) fmv.d.x fs11, s9
core   0: 1 0x000000008000486c (0xf20c8dd3) f27 0x0000000000000000
core   0: 0x0000000080004870 (0x40815bbb) sraw    s7, sp, s0
core   0: 1 0x0000000080004870 (0x40815bbb) x23 0x0000000000000000
core   0: 0x0000000080004874 (0x41820a3b) subw    s4, tp, s8
core   0: 1 0x0000000080004874 (0x41820a3b) x20 0xffffffffaa6ab2c1
core   0: 0x0000000080004878 (0xc201f6d3) fcvt.w.d a3, ft3
core   0: 1 0x0000000080004878 (0xc201f6d3) c1_fflags 0x0000000000000015 x13 0x000000007fffffff
core   0: 0x000000008000487c (0x03d898b3) mulh    a7, a7, t4
core   0: 1 0x000000008000487c (0x03d898b3) x17 0x0000000000000513
core   0: 0x0000000080004880 (0x000095f6) c.add   a1, t4
core   0: 1 0x0000000080004880 (0x95f6) x11 0x0000000000001227
core   0: 0x0000000080004882 (0x026ae83b) remw    a6, s5, t1
core   0: 1 0x0000000080004882 (0x026ae83b) x16 0x0000000000000000
core   0: 0x0000000080004886 (0xd2237ed3) fcvt.d.l ft9, t1
core   0: 1 0x0000000080004886 (0xd2237ed3) f29 0x438f3854fb400000
core   0: 0x000000008000488a (0xd0237453) fcvt.s.l fs0, t1
core   0: 1 0x000000008000488a (0xd0237453) c1_fflags 0x0000000000000015 f8  0xffffffff5c79c2a8
core   0: 0x000000008000488e (0x03f0dc93) srli    s9, ra, 63
core   0: 1 0x000000008000488e (0x03f0dc93) x25 0x0000000000000000
core   0: 0x0000000080004892 (0x0a827753) fsub.d  fa4, ft4, fs0
core   0: 1 0x0000000080004892 (0x0a827753) f14 0x7ff8000000000000
core   0: 0x0000000080004896 (0x12def053) fmul.d  ft0, ft9, fa3
core   0: 1 0x0000000080004896 (0x12def053) f0  0x7ff8000000000000
core   0: 0x000000008000489a (0x0246763b) remuw   a2, a2, tp
core   0: 1 0x000000008000489a (0x0246763b) x12 0x0000000000000a00
core   0: 0x000000008000489e (0xc20efdd3) fcvt.w.d s11, ft9
core   0: 1 0x000000008000489e (0xc20efdd3) c1_fflags 0x0000000000000015 x27 0x000000007fffffff
core   0: 0x00000000800048a2 (0x40a45a13) srai    s4, s0, 10
core   0: 1 0x00000000800048a2 (0x40a45a13) x20 0xffffffffffffffff
core   0: 0x00000000800048a6 (0xc028f5d3) fcvt.l.s a1, fa7
core   0: 1 0x00000000800048a6 (0xc028f5d3) c1_fflags 0x0000000000000015 x11 0x7fffffffffffffff
core   0: 0x00000000800048aa (0x015acab3) xor     s5, s5, s5
core   0: 1 0x00000000800048aa (0x015acab3) x21 0x0000000000000000
core   0: 0x00000000800048ae (0x401dd433) sra     s0, s11, ra
core   0: 1 0x00000000800048ae (0x401dd433) x8  0x000000007fffffff
core   0: 0x00000000800048b2 (0x006ef4b3) and     s1, t4, t1
core   0: 1 0x00000000800048b2 (0x006ef4b3) x9  0x0000000000000000
core   0: 0x00000000800048b6 (0x007980bb) addw    ra, s3, t2
core   0: 1 0x00000000800048b6 (0x007980bb) x1  0xffffffff99d527ff
core   0: 0x00000000800048ba (0x02908e33) mul     t3, ra, s1
core   0: 1 0x00000000800048ba (0x02908e33) x28 0x0000000000000000
core   0: 0x00000000800048be (0x01c306b3) add     a3, t1, t3
core   0: 1 0x00000000800048be (0x01c306b3) x13 0x03e70a9f68000000
core   0: 0x00000000800048c2 (0x03431ab3) mulh    s5, t1, s4
core   0: 1 0x00000000800048c2 (0x03431ab3) x21 0xffffffffffffffff
core   0: 0x00000000800048c6 (0x4075d93b) sraw    s2, a1, t2
core   0: 1 0x00000000800048c6 (0x4075d93b) x18 0xffffffffffffffff
core   0: 0x00000000800048ca (0x02c65633) divu    a2, a2, a2
core   0: 1 0x00000000800048ca (0x02c65633) x12 0x0000000000000001
core   0: 0x00000000800048ce (0xd2090753) fcvt.d.w fa4, s2
core   0: 1 0x00000000800048ce (0xd2090753) f14 0xbff0000000000000
core   0: 0x00000000800048d2 (0x00161e73) csrrw   t3, fflags, a2
core   0: 1 0x00000000800048d2 (0x00161e73) x28 0x0000000000000015 c1_fflags 0x0000000000000001
core   0: 0x00000000800048d6 (0x039cccb3) div     s9, s9, s9
core   0: 1 0x00000000800048d6 (0x039cccb3) x25 0xffffffffffffffff
core   0: 0x00000000800048da (0x0052d5bb) srlw    a1, t0, t0
core   0: 1 0x00000000800048da (0x0052d5bb) x11 0x0000000000000000
core   0: 0x00000000800048de (0x01b3b8b7) lui     a7, 0x1b3b
core   0: 1 0x00000000800048de (0x01b3b8b7) x17 0x0000000001b3b000
core   0: 0x00000000800048e2 (0xecf8889b) addiw   a7, a7, -305
core   0: 1 0x00000000800048e2 (0xecf8889b) x17 0x0000000001b3aecf
core   0: 0x00000000800048e6 (0x000008b6) c.slli  a7, 13
core   0: 1 0x00000000800048e6 (0x08b6) x17 0x0000003675d9e000
core   0: 0x00000000800048e8 (0x77288893) addi    a7, a7, 1906
core   0: 1 0x00000000800048e8 (0x77288893) x17 0x0000003675d9e772
core   0: 0x00000000800048ec (0x416707bb) subw    a5, a4, s6
core   0: 1 0x00000000800048ec (0x416707bb) x15 0xffffffff99d522ff
core   0: 0x00000000800048f0 (0x0ff0000f) fence   iorw,iorw
core   0: 1 0x00000000800048f0 (0x0ff0000f)
core   0: 0x00000000800048f4 (0x2339a353) fsgnjx.d ft6, fs3, fs3
core   0: 1 0x00000000800048f4 (0x2339a353) f6  0x7ff8000000000000
core   0: 0x00000000800048f8 (0xc2147dd3) fcvt.wu.d s11, fs0
core   0: 1 0x00000000800048f8 (0xc2147dd3) c1_fflags 0x0000000000000011 x27 0xffffffffffffffff
core   0: 0x00000000800048fc (0x01d9d733) srl     a4, s3, t4
core   0: 1 0x00000000800048fc (0x01d9d733) x14 0x000000000040a400
core   0: 0x0000000080004900 (0x0132823b) addw    tp, t0, s3
core   0: 1 0x0000000080004900 (0x0132823b) x4  0x0000000000000000
core   0: 0x0000000080004904 (0xf2000ed3) fmv.d.x ft9, zero
core   0: 1 0x0000000080004904 (0xf2000ed3) f29 0x0000000000000000
core   0: 0x0000000080004908 (0xe20302d3) fmv.x.d t0, ft6
core   0: 1 0x0000000080004908 (0xe20302d3) x5  0x7ff8000000000000
core   0: 0x000000008000490c (0xe5db87b7) lui     a5, 0xe5db8
core   0: 1 0x000000008000490c (0xe5db87b7) x15 0xffffffffe5db8000
core   0: 0x0000000080004910 (0x0ab2f2d3) fsub.d  ft5, ft5, fa1
core   0: 1 0x0000000080004910 (0x0ab2f2d3) f5  0x7ff8000000000000
core   0: 0x0000000080004914 (0x00f0a733) slt     a4, ra, a5
core   0: 1 0x0000000080004914 (0x00f0a733) x14 0x0000000000000001
core   0: 0x0000000080004918 (0xc4783a17) auipc   s4, 0xc4783
core   0: 1 0x0000000080004918 (0xc4783a17) x20 0x0000000044787918
core   0: 0x000000008000491c (0x03c0e0b3) rem     ra, ra, t3
core   0: 1 0x000000008000491c (0x03c0e0b3) x1  0xffffffffffffffff
core   0: 0x0000000080004920 (0x016b82bb) addw    t0, s7, s6
core   0: 1 0x0000000080004920 (0x016b82bb) x5  0x0000000000000500
core   0: 0x0000000080004924 (0xb3d27b4f) fnmadd.d fs6, ft4, ft9, fs6
core   0: 1 0x0000000080004924 (0xb3d27b4f) f22 0x7ff8000000000000
core   0: 0x0000000080004928 (0x401a7dd3) fcvt.s.d fs11, fs4
core   0: 1 0x0000000080004928 (0x401a7dd3) f27 0xffffffffbf800000
core   0: 0x000000008000492c (0x75754d13) xori    s10, a0, 1879
core   0: 1 0x000000008000492c (0x75754d13) x26 0x0000000000000757
core   0: 0x0000000080004930 (0xc23a7553) fcvt.lu.d a0, fs4
core   0: 1 0x0000000080004930 (0xc23a7553) c1_fflags 0x0000000000000011 x10 0x0000000000000000
core   0: 0x0000000080004934 (0x02a660bb) remw    ra, a2, a0
core   0: 1 0x0000000080004934 (0x02a660bb) x1  0x0000000000000001
core   0: 0x0000000080004938 (0x401087bb) subw    a5, ra, ra
core   0: 1 0x0000000080004938 (0x401087bb) x15 0x0000000000000000
core   0: 0x000000008000493c (0x022772bb) remuw   t0, a4, sp
core   0: 1 0x000000008000493c (0x022772bb) x5  0x0000000000000001
core   0: 0x0000000080004940 (0x5a05f5d3) fsqrt.d fa1, fa1
core   0: 1 0x0000000080004940 (0x5a05f5d3) f11 0x7ff8000000000000
core   0: 0x0000000080004944 (0xc22873d3) fcvt.l.d t2, fa6
core   0: 1 0x0000000080004944 (0xc22873d3) c1_fflags 0x0000000000000011 x7  0x7fffffffffffffff
core   0: 0x0000000080004948 (0xa2bd8353) fle.d   t1, fs11, fa1
core   0: 1 0x0000000080004948 (0xa2bd8353) c1_fflags 0x0000000000000011 x6  0x0000000000000000
core   0: 0x000000008000494c (0x00000001) c.nop
core   0: 1 0x000000008000494c (0x0001)
core   0: 0x000000008000494e (0x03b8543b) divuw   s0, a6, s11
core   0: 1 0x000000008000494e (0x03b8543b) x8  0x0000000000000000
core   0: 0x0000000080004952 (0x00980733) add     a4, a6, s1
core   0: 1 0x0000000080004952 (0x00980733) x14 0x0000000000000000
core   0: 0x0000000080004956 (0x016021b3) slt     gp, zero, s6
core   0: 1 0x0000000080004956 (0x016021b3) x3  0x0000000000000001
core   0: 0x000000008000495a (0xd2307353) fcvt.d.lu ft6, zero
core   0: 1 0x000000008000495a (0xd2307353) f6  0x0000000000000000
core   0: 0x000000008000495e (0x2b718313) addi    t1, gp, 695
core   0: 1 0x000000008000495e (0x2b718313) x6  0x00000000000002b8
core   0: 0x0000000080004962 (0x142df273) csrrci  tp, scause, 27
core   0: 1 0x0000000080004962 (0x142df273) x4  0x0000000000000000 c322_scause 0x0000000000000000
core   0: 0x0000000080004966 (0x024405bb) mulw    a1, s0, tp
core   0: 1 0x0000000080004966 (0x024405bb) x11 0x0000000000000000
core   0: 0x000000008000496a (0x0105f633) and     a2, a1, a6
core   0: 1 0x000000008000496a (0x0105f633) x12 0x0000000000000000
core   0: 0x000000008000496e (0xd023f153) fcvt.s.l ft2, t2
core   0: 1 0x000000008000496e (0xd023f153) c1_fflags 0x0000000000000011 f2  0xffffffff5f000000
core   0: 0x0000000080004972 (0xa7408293) addi    t0, ra, -1420
core   0: 1 0x0000000080004972 (0xa7408293) x5  0xfffffffffffffa75
core   0: 0x0000000080004976 (0x0040e233) or      tp, ra, tp
core   0: 1 0x0000000080004976 (0x0040e233) x4  0x0000000000000001
core   0: 0x000000008000497a (0x800e0c93) addi    s9, t3, -2048
core   0: 1 0x000000008000497a (0x800e0c93) x25 0xfffffffffffff815
core   0: 0x000000008000497e (0x41b6d4b3) sra     s1, a3, s11
core   0: 1 0x000000008000497e (0x41b6d4b3) x9  0x0000000000000000
core   0: 0x0000000080004982 (0x00049e13) slli    t3, s1, 0
core   0: 1 0x0000000080004982 (0x00049e13) x28 0x0000000000000000
core   0: 0x0000000080004986 (0x00111173) csrrw   sp, fflags, sp
core   0: 1 0x0000000080004986 (0x00111173) x2  0x0000000000000011 c1_fflags 0x0000000000000000
core   0: 0x000000008000498a (0x42058cd3) fcvt.d.s fs9, fa1
core   0: 1 0x000000008000498a (0x42058cd3) f25 0x7ff8000000000000
core   0: 0x000000008000498e (0x5a04f053) fsqrt.d ft0, fs1
core   0: 1 0x000000008000498e (0x5a04f053) f0  0x7ff8000000000000
core   0: 0x0000000080004992 (0x4154d33b) sraw    t1, s1, s5
core   0: 1 0x0000000080004992 (0x4154d33b) x6  0x0000000000000000
core   0: 0x0000000080004996 (0xf20902d3) fmv.d.x ft5, s2
core   0: 1 0x0000000080004996 (0xf20902d3) f5  0xffffffffffffffff
core   0: 0x000000008000499a (0x000e9eb3) sll     t4, t4, zero
core   0: 1 0x000000008000499a (0x000e9eb3) x29 0x0000000000000a28
core   0: 0x000000008000499e (0x006a94bb) sllw    s1, s5, t1
core   0: 1 0x000000008000499e (0x006a94bb) x9  0xffffffffffffffff
core   0: 0x00000000800049a2 (0xd037f553) fcvt.s.lu fa0, a5
core   0: 1 0x00000000800049a2 (0xd037f553) f10 0xffffffff00000000
core   0: 0x00000000800049a6 (0xc216fbd3) fcvt.wu.d s7, fa3
core   0: 1 0x00000000800049a6 (0xc216fbd3) c1_fflags 0x0000000000000010 x23 0xffffffffffffffff
core   0: 0x00000000800049aa (0x74777c73) csrrci  s8, mseccfg, 14
core   0: exception trap_illegal_instruction, epc 0x00000000800049aa
core   0:           tval 0x0000000074777c73
core   0: >>>>  $xrv64i2p1_m2p0_a2p1_f2p2_d2p2_zicsr2p0_zifencei2p0_zmmul1p0_zba1p0_zbb1p0_zbc1p0_zbs1p0
core   0: 0x0000000080004000 (0x0080006f) j       pc + 0x8
core   0: 3 0x0000000080004000 (0x0080006f)
core   0: >>>>  mmode_exception_handler
core   0: 0x0000000080004008 (0x00002c17) auipc   s8, 0x2
core   0: 3 0x0000000080004008 (0x00002c17) x24 0x0000000080006008
core   0: 0x000000008000400c (0x012c0c13) addi    s8, s8, 18
core   0: 3 0x000000008000400c (0x012c0c13) x24 0x000000008000601a
core   0: 0x0000000080004010 (0x000c00e7) jalr    s8
core   0: 3 0x0000000080004010 (0x000c00e7) x1  0x0000000080004014
core   0: >>>>  any_handler
core   0: 0x000000008000601a (0x341027f3) csrrs   a5, mepc, zero
core   0: 3 0x000000008000601a (0x341027f3) x15 0x00000000800049aa
core   0: 0x000000008000601e (0x34202773) csrrs   a4, mcause, zero
core   0: 3 0x000000008000601e (0x34202773) x14 0x0000000000000002
core   0: 0x0000000080006022 (0x142026f3) csrrs   a3, scause, zero
core   0: 3 0x0000000080006022 (0x142026f3) x13 0x0000000000000000
core   0: 0x0000000080006026 (0x30402673) csrrs   a2, mie, zero
core   0: 3 0x0000000080006026 (0x30402673) x12 0x0000000000000a00
core   0: 0x000000008000602a (0x344025f3) csrrs   a1, mip, zero
core   0: 3 0x000000008000602a (0x344025f3) x11 0x0000000000000080
core   0: 0x000000008000602e (0x343025f3) csrrs   a1, mtval, zero
core   0: 3 0x000000008000602e (0x343025f3) x11 0x0000000074777c73
core   0: 0x0000000080006032 (0x14302573) csrrs   a0, stval, zero
core   0: 3 0x0000000080006032 (0x14302573) x10 0x0000000000000000
core   0: 0x0000000080006036 (0xb02024f3) csrrs   s1, minstret, zero
core   0: 3 0x0000000080006036 (0xb02024f3) x9  0x0000000000000ae0
core   0: 0x000000008000603a (0x0000a811) c.j     pc + 20
core   0: 3 0x000000008000603a (0xa811)
core   0: >>>>  mepc_4
core   0: 0x000000008000604e (0x00000791) c.addi  a5, 4
core   0: 3 0x000000008000604e (0x0791) x15 0x00000000800049ae
core   0: 0x0000000080006050 (0x34179073) csrrw   zero, mepc, a5
core   0: 3 0x0000000080006050 (0x34179073) c833_mepc 0x00000000800049ae
core   0: 0x0000000080006054 (0x30200073) mret
core   0: 3 0x0000000080006054 (0x30200073) c768_mstatus 0x8000000a00106080
core   0: 0x00000000800049ae (0xc02770d3) fcvt.l.s ra, fa4
core   0: 1 0x00000000800049ae (0xc02770d3) c1_fflags 0x0000000000000010 x1  0x7fffffffffffffff
core   0: 0x00000000800049b2 (0x00000001) c.nop
core   0: 1 0x00000000800049b2 (0x0001)
core   0: 0x00000000800049b4 (0x12f6f6d3) fmul.d  fa3, fa3, fa5
core   0: 1 0x00000000800049b4 (0x12f6f6d3) f13 0x7ff8000000000000
core   0: 0x00000000800049b8 (0x234a2a53) fsgnjx.d fs4, fs4, fs4
core   0: 1 0x00000000800049b8 (0x234a2a53) f20 0x3ff0000000000000
core   0: 0x00000000800049bc (0xe20b0253) fmv.x.d tp, fs6
core   0: 1 0x00000000800049bc (0xe20b0253) x4  0x7ff8000000000000
core   0: 0x00000000800049c0 (0x00000001) c.nop
core   0: 1 0x00000000800049c0 (0x0001)
core   0: 0x00000000800049c2 (0x0240c2bb) divw    t0, ra, tp
core   0: 1 0x00000000800049c2 (0x0240c2bb) x5  0xffffffffffffffff
core   0: 0x00000000800049c6 (0x0006d89b) srliw   a7, a3, 0
core   0: 1 0x00000000800049c6 (0x0006d89b) x17 0x0000000000000000
core   0: 0x00000000800049ca (0x0102f3b3) and     t2, t0, a6
core   0: 1 0x00000000800049ca (0x0102f3b3) x7  0x0000000000000000
core   0: 0x00000000800049ce (0xc021f9d3) fcvt.l.s s3, ft3
core   0: 1 0x00000000800049ce (0xc021f9d3) c1_fflags 0x0000000000000010 x19 0x7fffffffffffffff
core   0: 0x00000000800049d2 (0x002024f3) csrrs   s1, frm, zero
core   0: 1 0x00000000800049d2 (0x002024f3) x9  0x0000000000000004
core   0: 0x00000000800049d6 (0xd21480d3) fcvt.d.wu ft1, s1
core   0: 1 0x00000000800049d6 (0xd21480d3) f1  0x4010000000000000
core   0: 0x00000000800049da (0x020cdcbb) divuw   s9, s9, zero
core   0: 1 0x00000000800049da (0x020cdcbb) x25 0xffffffffffffffff
core   0: 0x00000000800049de (0x00202bf3) csrrs   s7, frm, zero
core   0: 1 0x00000000800049de (0x00202bf3) x23 0x0000000000000004
core   0: 0x00000000800049e2 (0xa2008d53) fle.d   s10, ft1, ft0
core   0: 1 0x00000000800049e2 (0xa2008d53) c1_fflags 0x0000000000000010 x26 0x0000000000000000
core   0: 0x00000000800049e6 (0x0a0ff8d3) fsub.d  fa7, ft11, ft0
core   0: 1 0x00000000800049e6 (0x0a0ff8d3) f17 0x7ff8000000000000
core   0: 0x00000000800049ea (0x0ff0000f) fence   iorw,iorw
core   0: 1 0x00000000800049ea (0x0ff0000f)
core   0: 0x00000000800049ee (0x4184d793) srai    a5, s1, 24
core   0: 1 0x00000000800049ee (0x4184d793) x15 0x0000000000000000
core   0: 0x00000000800049f2 (0x00e910b3) sll     ra, s2, a4
core   0: 1 0x00000000800049f2 (0x00e910b3) x1  0xfffffffffffffffc
core   0: 0x00000000800049f6 (0x41aa5dbb) sraw    s11, s4, s10
core   0: 1 0x00000000800049f6 (0x41aa5dbb) x27 0x0000000044787918
core   0: 0x00000000800049fa (0x01bc64b3) or      s1, s8, s11
core   0: 1 0x00000000800049fa (0x01bc64b3) x9  0x00000000c478791a
core   0: 0x00000000800049fe (0x80017293) andi    t0, sp, -2048
core   0: 1 0x00000000800049fe (0x80017293) x5  0x0000000000000000
core   0: 0x0000000080004a02 (0x40187c53) fcvt.s.d fs8, fa6
core   0: 1 0x0000000080004a02 (0x40187c53) f24 0xffffffff7fc00000
core   0: 0x0000000080004a06 (0xc207fa53) fcvt.w.d s4, fa5
core   0: 1 0x0000000080004a06 (0xc207fa53) c1_fflags 0x0000000000000010 x20 0x000000007fffffff
core   0: 0x0000000080004a0a (0xd20c8053) fcvt.d.w ft0, s9
core   0: 1 0x0000000080004a0a (0xd20c8053) f0  0xbff0000000000000
core   0: 0x0000000080004a0e (0x016ad0bb) srlw    ra, s5, s6
core   0: 1 0x0000000080004a0e (0x016ad0bb) x1  0xffffffffffffffff
core   0: 0x0000000080004a12 (0x0abff253) fsub.d  ft4, ft11, fa1
core   0: 1 0x0000000080004a12 (0x0abff253) f4  0x7ff8000000000000
core   0: 0x0000000080004a16 (0xc025f8d3) fcvt.l.s a7, fa1
core   0: 1 0x0000000080004a16 (0xc025f8d3) c1_fflags 0x0000000000000010 x17 0x7fffffffffffffff
core   0: 0x0000000080004a1a (0x001092f3) csrrw   t0, fflags, ra
core   0: 1 0x0000000080004a1a (0x001092f3) x5  0x0000000000000010 c1_fflags 0x000000000000001f
core   0: 0x0000000080004a1e (0x0382c83b) divw    a6, t0, s8
core   0: 1 0x0000000080004a1e (0x0382c83b) x16 0x0000000000000000
core   0: 0x0000000080004a22 (0xfd1dd6b7) lui     a3, 0xfd1dd
core   0: 1 0x0000000080004a22 (0xfd1dd6b7) x13 0xfffffffffd1dd000
core   0: 0x0000000080004a26 (0x43f6869b) addiw   a3, a3, 1087
core   0: 1 0x0000000080004a26 (0x43f6869b) x13 0xfffffffffd1dd43f
core   0: 0x0000000080004a2a (0x000006b2) c.slli  a3, 12
core   0: 1 0x0000000080004a2a (0x06b2) x13 0xffffffd1dd43f000
core   0: 0x0000000080004a2c (0xfcf68693) addi    a3, a3, -49
core   0: 1 0x0000000080004a2c (0xfcf68693) x13 0xffffffd1dd43efcf
core   0: 0x0000000080004a30 (0xc72ce837) lui     a6, 0xc72ce
core   0: 1 0x0000000080004a30 (0xc72ce837) x16 0xffffffffc72ce000
core   0: 0x0000000080004a34 (0x420309d3) fcvt.d.s fs3, ft6
core   0: 1 0x0000000080004a34 (0x420309d3) f19 0x7ff8000000000000
core   0: 0x0000000080004a38 (0x01de9cb3) sll     s9, t4, t4
core   0: 1 0x0000000080004a38 (0x01de9cb3) x25 0x000a280000000000
core   0: 0x0000000080004a3c (0x028e533b) divuw   t1, t3, s0
core   0: 1 0x0000000080004a3c (0x028e533b) x6  0xffffffffffffffff
core   0: 0x0000000080004a40 (0x001029f3) csrrs   s3, fflags, zero
core   0: 1 0x0000000080004a40 (0x001029f3) x19 0x000000000000001f
core   0: 0x0000000080004a44 (0x0007869b) sext.w  a3, a5
core   0: 1 0x0000000080004a44 (0x0007869b) x13 0x0000000000000000
core   0: 0x0000000080004a48 (0x018b4833) xor     a6, s6, s8
core   0: 1 0x0000000080004a48 (0x018b4833) x16 0x000000008000651a
core   0: 0x0000000080004a4c (0xd03873d3) fcvt.s.lu ft7, a6
core   0: 1 0x0000000080004a4c (0xd03873d3) c1_fflags 0x000000000000001f f7  0xffffffff4f000065
core   0: 0x0000000080004a50 (0x02acd2bb) divuw   t0, s9, a0
core   0: 1 0x0000000080004a50 (0x02acd2bb) x5  0xffffffffffffffff
core   0: 0x0000000080004a54 (0x02581733) mulh    a4, a6, t0
core   0: 1 0x0000000080004a54 (0x02581733) x14 0xffffffffffffffff
core   0: 0x0000000080004a58 (0x012eabb3) slt     s7, t4, s2
core   0: 1 0x0000000080004a58 (0x012eabb3) x23 0x0000000000000000
core   0: 0x0000000080004a5c (0xa2cc9b53) flt.d   s6, fs9, fa2
core   0: 1 0x0000000080004a5c (0xa2cc9b53) c1_fflags 0x000000000000001f x22 0x0000000000000000
core   0: 0x0000000080004a60 (0x41200e3b) subw    t3, zero, s2
core   0: 1 0x0000000080004a60 (0x41200e3b) x28 0x0000000000000001
core   0: 0x0000000080004a64 (0x22db9bd3) fsgnjn.d fs7, fs7, fa3
core   0: 1 0x0000000080004a64 (0x22db9bd3) f23 0xffffffff7fc00000
core   0: 0x0000000080004a68 (0x00239df3) csrrw   s11, frm, t2
core   0: 1 0x0000000080004a68 (0x00239df3) x27 0x0000000000000004 c2_frm 0x0000000000000000
core   0: 0x0000000080004a6c (0x037bd03b) divuw   zero, s7, s7
core   0: 1 0x0000000080004a6c (0x037bd03b)
core   0: 0x0000000080004a70 (0xe8ade213) ori     tp, s11, -374
core   0: 1 0x0000000080004a70 (0xe8ade213) x4  0xfffffffffffffe8e
core   0: 0x0000000080004a74 (0xd23ef453) fcvt.d.lu fs0, t4
core   0: 1 0x0000000080004a74 (0xd23ef453) f8  0x40a4500000000000
core   0: 0x0000000080004a78 (0x4041873b) subw    a4, gp, tp
core   0: 1 0x0000000080004a78 (0x4041873b) x14 0x0000000000000173
core   0: 0x0000000080004a7c (0x43f75893) srai    a7, a4, 63
core   0: 1 0x0000000080004a7c (0x43f75893) x17 0x0000000000000000
core   0: 0x0000000080004a80 (0x015a55b3) srl     a1, s4, s5
core   0: 1 0x0000000080004a80 (0x015a55b3) x11 0x0000000000000000
core   0: 0x0000000080004a84 (0x032ab2b3) mulhu   t0, s5, s2
core   0: 1 0x0000000080004a84 (0x032ab2b3) x5  0xfffffffffffffffe
core   0: 0x0000000080004a88 (0x8355f1b7) lui     gp, 0x8355f
core   0: 1 0x0000000080004a88 (0x8355f1b7) x3  0xffffffff8355f000
core   0: 0x0000000080004a8c (0x403dd033) sra     zero, s11, gp
core   0: 1 0x0000000080004a8c (0x403dd033)
core   0: 0x0000000080004a90 (0x022bf653) fadd.d  fa2, fs7, ft2
core   0: 1 0x0000000080004a90 (0x022bf653) f12 0x7ff8000000000000
core   0: 0x0000000080004a94 (0x7b001ef3) csrrw   t4, dcsr, zero
core   0: exception trap_illegal_instruction, epc 0x0000000080004a94
core   0:           tval 0x000000007b001ef3
core   0: >>>>  $xrv64i2p1_m2p0_a2p1_f2p2_d2p2_zicsr2p0_zifencei2p0_zmmul1p0_zba1p0_zbb1p0_zbc1p0_zbs1p0
core   0: 0x0000000080004000 (0x0080006f) j       pc + 0x8
core   0: 3 0x0000000080004000 (0x0080006f)
core   0: >>>>  mmode_exception_handler
core   0: 0x0000000080004008 (0x00002c17) auipc   s8, 0x2
core   0: 3 0x0000000080004008 (0x00002c17) x24 0x0000000080006008
core   0: 0x000000008000400c (0x012c0c13) addi    s8, s8, 18
core   0: 3 0x000000008000400c (0x012c0c13) x24 0x000000008000601a
core   0: 0x0000000080004010 (0x000c00e7) jalr    s8
core   0: 3 0x0000000080004010 (0x000c00e7) x1  0x0000000080004014
core   0: >>>>  any_handler
core   0: 0x000000008000601a (0x341027f3) csrrs   a5, mepc, zero
core   0: 3 0x000000008000601a (0x341027f3) x15 0x0000000080004a94
core   0: 0x000000008000601e (0x34202773) csrrs   a4, mcause, zero
core   0: 3 0x000000008000601e (0x34202773) x14 0x0000000000000002
core   0: 0x0000000080006022 (0x142026f3) csrrs   a3, scause, zero
core   0: 3 0x0000000080006022 (0x142026f3) x13 0x0000000000000000
core   0: 0x0000000080006026 (0x30402673) csrrs   a2, mie, zero
core   0: 3 0x0000000080006026 (0x30402673) x12 0x0000000000000a00
core   0: 0x000000008000602a (0x344025f3) csrrs   a1, mip, zero
core   0: 3 0x000000008000602a (0x344025f3) x11 0x0000000000000080
core   0: 0x000000008000602e (0x343025f3) csrrs   a1, mtval, zero
core   0: 3 0x000000008000602e (0x343025f3) x11 0x000000007b001ef3
core   0: 0x0000000080006032 (0x14302573) csrrs   a0, stval, zero
core   0: 3 0x0000000080006032 (0x14302573) x10 0x0000000000000000
core   0: 0x0000000080006036 (0xb02024f3) csrrs   s1, minstret, zero
core   0: 3 0x0000000080006036 (0xb02024f3) x9  0x0000000000000b2b
core   0: 0x000000008000603a (0x0000a811) c.j     pc + 20
core   0: 3 0x000000008000603a (0xa811)
core   0: >>>>  mepc_4
core   0: 0x000000008000604e (0x00000791) c.addi  a5, 4
core   0: 3 0x000000008000604e (0x0791) x15 0x0000000080004a98
core   0: 0x0000000080006050 (0x34179073) csrrw   zero, mepc, a5
core   0: 3 0x0000000080006050 (0x34179073) c833_mepc 0x0000000080004a98
core   0: 0x0000000080006054 (0x30200073) mret
core   0: 3 0x0000000080006054 (0x30200073) c768_mstatus 0x8000000a00106080
core   0: 0x0000000080004a98 (0x004a89b3) add     s3, s5, tp
core   0: 1 0x0000000080004a98 (0x004a89b3) x19 0xfffffffffffffe8d
core   0: 0x0000000080004a9c (0x000a951b) slliw   a0, s5, 0
core   0: 1 0x0000000080004a9c (0x000a951b) x10 0xffffffffffffffff
core   0: 0x0000000080004aa0 (0x00202173) csrrs   sp, frm, zero
core   0: 1 0x0000000080004aa0 (0x00202173) x2  0x0000000000000000
core   0: 0x0000000080004aa4 (0x006a0713) addi    a4, s4, 6
core   0: 1 0x0000000080004aa4 (0x006a0713) x14 0x0000000080000005
core   0: 0x0000000080004aa8 (0x00f7dbbb) srlw    s7, a5, a5
core   0: 1 0x0000000080004aa8 (0x00f7dbbb) x23 0x0000000000000080
core   0: 0x0000000080004aac (0x02f09393) slli    t2, ra, 47
core   0: 1 0x0000000080004aac (0x02f09393) x7  0x200a000000000000
core   0: 0x0000000080004ab0 (0x01095713) srli    a4, s2, 16
core   0: 1 0x0000000080004ab0 (0x01095713) x14 0x0000ffffffffffff
core   0: 0x0000000080004ab4 (0xc23677d3) fcvt.lu.d a5, fa2
core   0: 1 0x0000000080004ab4 (0xc23677d3) c1_fflags 0x000000000000001f x15 0xffffffffffffffff
core   0: 0x0000000080004ab8 (0xc0267b53) fcvt.l.s s6, fa2
core   0: 1 0x0000000080004ab8 (0xc0267b53) c1_fflags 0x000000000000001f x22 0x7fffffffffffffff
core   0: 0x0000000080004abc (0x03b3c7b3) div     a5, t2, s11
core   0: 1 0x0000000080004abc (0x03b3c7b3) x15 0x0802800000000000
core   0: 0x0000000080004ac0 (0xc2047653) fcvt.w.d a2, fs0
core   0: 1 0x0000000080004ac0 (0xc2047653) x12 0x0000000000000a28
core   0: 0x0000000080004ac4 (0x41265e9b) sraiw   t4, a2, 18
core   0: 1 0x0000000080004ac4 (0x41265e9b) x29 0x0000000000000000
core   0: 0x0000000080004ac8 (0x13f471c7) fmsub.d ft3, fs0, ft11, ft2
core   0: 1 0x0000000080004ac8 (0x13f471c7) f3  0x7ff8000000000000
core   0: 0x0000000080004acc (0x01b1fab3) and     s5, gp, s11
core   0: 1 0x0000000080004acc (0x01b1fab3) x21 0x0000000000000000
core   0: 0x0000000080004ad0 (0x01005033) srl     zero, zero, a6
core   0: 1 0x0000000080004ad0 (0x01005033)
core   0: 0x0000000080004ad4 (0x1bf070d3) fdiv.d  ft1, ft0, ft11
core   0: 1 0x0000000080004ad4 (0x1bf070d3) c1_fflags 0x000000000000001f f1  0xfff0000000000000
core   0: 0x0000000080004ad8 (0x1b77fa53) fdiv.d  fs4, fa5, fs7
core   0: 1 0x0000000080004ad8 (0x1b77fa53) f20 0x7ff8000000000000
core   0: 0x0000000080004adc (0x0042553b) srlw    a0, tp, tp
core   0: 1 0x0000000080004adc (0x0042553b) x10 0x000000000003ffff
core   0: 0x0000000080004ae0 (0x00009615) c.srai  a2, 37
core   0: 1 0x0000000080004ae0 (0x9615) x12 0x0000000000000000
core   0: 0x0000000080004ae2 (0xd23af0d3) fcvt.d.lu ft1, s5
core   0: 1 0x0000000080004ae2 (0xd23af0d3) f1  0x0000000000000000
core   0: 0x0000000080004ae6 (0xe2078b53) fmv.x.d s6, fa5
core   0: 1 0x0000000080004ae6 (0xe2078b53) x22 0x7ff8000000000000
core   0: 0x0000000080004aea (0xc231fa53) fcvt.lu.d s4, ft3
core   0: 1 0x0000000080004aea (0xc231fa53) c1_fflags 0x000000000000001f x20 0xffffffffffffffff
core   0: 0x0000000080004aee (0x00c71413) slli    s0, a4, 12
core   0: 1 0x0000000080004aee (0x00c71413) x8  0x0ffffffffffff000
core   0: 0x0000000080004af2 (0xd290794f) fnmadd.d fs2, ft0, fs1, fs10
core   0: 1 0x0000000080004af2 (0xd290794f) f18 0x7ff8000000000000
core   0: 0x0000000080004af6 (0x410151b3) sra     gp, sp, a6
core   0: 1 0x0000000080004af6 (0x410151b3) x3  0x0000000000000000
core   0: 0x0000000080004afa (0x2b6914d3) fmax.d  fs1, fs2, fs6
core   0: 1 0x0000000080004afa (0x2b6914d3) f9  0x7ff8000000000000
core   0: 0x0000000080004afe (0x0b517253) fsub.d  ft4, ft2, fs5
core   0: 1 0x0000000080004afe (0x0b517253) f4  0x7ff8000000000000
core   0: 0x0000000080004b02 (0x0087d0b3) srl     ra, a5, s0
core   0: 1 0x0000000080004b02 (0x0087d0b3) x1  0x0802800000000000
core   0: 0x0000000080004b06 (0x40f0d6b3) sra     a3, ra, a5
core   0: 1 0x0000000080004b06 (0x40f0d6b3) x13 0x0802800000000000
core   0: 0x0000000080004b0a (0x001d981b) slliw   a6, s11, 1
core   0: 1 0x0000000080004b0a (0x001d981b) x16 0x0000000000000008
core   0: 0x0000000080004b0e (0xf2038b53) fmv.d.x fs6, t2
core   0: 1 0x0000000080004b0e (0xf2038b53) f22 0x200a000000000000
core   0: 0x0000000080004b12 (0xcaf47547) fmsub.d fa0, fs0, fa5, fs9
core   0: 1 0x0000000080004b12 (0xcaf47547) f10 0x7ff8000000000000
core   0: 0x0000000080004b16 (0x00561133) sll     sp, a2, t0
core   0: 1 0x0000000080004b16 (0x00561133) x2  0x0000000000000000
core   0: 0x0000000080004b1a (0xd234f253) fcvt.d.lu ft4, s1
core   0: 1 0x0000000080004b1a (0xd234f253) f4  0x40a6560000000000
core   0: 0x0000000080004b1e (0x2b3d9ed3) fmax.d  ft9, fs11, fs3
core   0: 1 0x0000000080004b1e (0x2b3d9ed3) f29 0x7ff8000000000000
core   0: 0x0000000080004b22 (0x4396db93) srai    s7, a3, 57
core   0: 1 0x0000000080004b22 (0x4396db93) x23 0x0000000000000004
core   0: 0x0000000080004b26 (0x239eaad3) fsgnjx.d fs5, ft9, fs9
core   0: 1 0x0000000080004b26 (0x239eaad3) f21 0x7ff8000000000000
core   0: 0x0000000080004b2a (0x010ba4b3) slt     s1, s7, a6
core   0: 1 0x0000000080004b2a (0x010ba4b3) x9  0x0000000000000001
core   0: 0x0000000080004b2e (0xd2d576cb) fnmsub.d fa3, fa0, fa3, fs10
core   0: 1 0x0000000080004b2e (0xd2d576cb) f13 0x7ff8000000000000
core   0: 0x0000000080004b32 (0xe6978337) lui     t1, 0xe6978
core   0: 1 0x0000000080004b32 (0xe6978337) x6  0xffffffffe6978000
core   0: 0x0000000080004b36 (0xd2118853) fcvt.d.wu fa6, gp
core   0: 1 0x0000000080004b36 (0xd2118853) f16 0x0000000000000000
core   0: 0x0000000080004b3a (0x03f35b93) srli    s7, t1, 63
core   0: 1 0x0000000080004b3a (0x03f35b93) x23 0x0000000000000001
core   0: 0x0000000080004b3e (0x00000001) c.nop
core   0: 1 0x0000000080004b3e (0x0001)
core   0: 0x0000000080004b40 (0x0326593b) divuw   s2, a2, s2
core   0: 1 0x0000000080004b40 (0x0326593b) x18 0x0000000000000000
core   0: 0x0000000080004b44 (0x22c4af53) fsgnjx.d ft10, fs1, fa2
core   0: 1 0x0000000080004b44 (0x22c4af53) f30 0x7ff8000000000000
core   0: 0x0000000080004b48 (0xfbd826b7) lui     a3, 0xfbd82
core   0: 1 0x0000000080004b48 (0xfbd826b7) x13 0xfffffffffbd82000
core   0: 0x0000000080004b4c (0xa2a504d3) fle.d   s1, fa0, fa0
core   0: 1 0x0000000080004b4c (0xa2a504d3) c1_fflags 0x000000000000001f x9  0x0000000000000000
core   0: 0x0000000080004b50 (0x00169bf3) csrrw   s7, fflags, a3
core   0: 1 0x0000000080004b50 (0x00169bf3) x23 0x000000000000001f c1_fflags 0x0000000000000000
core   0: 0x0000000080004b54 (0x0141593b) srlw    s2, sp, s4
core   0: 1 0x0000000080004b54 (0x0141593b) x18 0x0000000000000000
core   0: 0x0000000080004b58 (0xd1816c93) ori     s9, sp, -744
core   0: 1 0x0000000080004b58 (0xd1816c93) x25 0xfffffffffffffd18
core   0: 0x0000000080004b5c (0x02a95d13) srli    s10, s2, 42
core   0: 1 0x0000000080004b5c (0x02a95d13) x26 0x0000000000000000
core   0: 0x0000000080004b60 (0x00000001) c.nop
core   0: 1 0x0000000080004b60 (0x0001)
core   0: 0x0000000080004b62 (0xc028f9d3) fcvt.l.s s3, fa7
core   0: 1 0x0000000080004b62 (0xc028f9d3) c1_fflags 0x0000000000000010 x19 0x7fffffffffffffff
core   0: 0x0000000080004b66 (0x029c563b) divuw   a2, s8, s1
core   0: 1 0x0000000080004b66 (0x029c563b) x12 0xffffffffffffffff
core   0: 0x0000000080004b6a (0xd87e051b) addiw   a0, t3, -633
core   0: 1 0x0000000080004b6a (0xd87e051b) x10 0xfffffffffffffd88
core   0: 0x0000000080004b6e (0xd20e0dd3) fcvt.d.w fs11, t3
core   0: 1 0x0000000080004b6e (0xd20e0dd3) f27 0x3ff0000000000000
core   0: 0x0000000080004b72 (0x028e09b3) mul     s3, t3, s0
core   0: 1 0x0000000080004b72 (0x028e09b3) x19 0x0ffffffffffff000
core   0: 0x0000000080004b76 (0x012943b3) xor     t2, s2, s2
core   0: 1 0x0000000080004b76 (0x012943b3) x7  0x0000000000000000
core   0: 0x0000000080004b7a (0x00008eed) c.and   a3, a1
core   0: 1 0x0000000080004b7a (0x8eed) x13 0x000000007b000000
core   0: 0x0000000080004b7c (0x007d09b3) add     s3, s10, t2
core   0: 1 0x0000000080004b7c (0x007d09b3) x19 0x0000000000000000
core   0: 0x0000000080004b80 (0x1a247ad3) fdiv.d  fs5, fs0, ft2
core   0: 1 0x0000000080004b80 (0x1a247ad3) f21 0x7ff8000000000000
core   0: 0x0000000080004b84 (0x40b855bb) sraw    a1, a6, a1
core   0: 1 0x0000000080004b84 (0x40b855bb) x11 0x0000000000000000
core   0: 0x0000000080004b88 (0xf942ecb7) lui     s9, 0xf942e
core   0: 1 0x0000000080004b88 (0xf942ecb7) x25 0xfffffffff942e000
core   0: 0x0000000080004b8c (0x73dc8c9b) addiw   s9, s9, 1853
core   0: 1 0x0000000080004b8c (0x73dc8c9b) x25 0xfffffffff942e73d
core   0: 0x0000000080004b90 (0x00000cb2) c.slli  s9, 12
core   0: 1 0x0000000080004b90 (0x0cb2) x25 0xffffff942e73d000
core   0: 0x0000000080004b92 (0xd78c8c93) addi    s9, s9, -648
core   0: 1 0x0000000080004b92 (0xd78c8c93) x25 0xffffff942e73cd78
core   0: 0x0000000080004b96 (0x3a74794b) fnmsub.d fs2, fs0, ft7, ft7
core   0: 1 0x0000000080004b96 (0x3a74794b) f18 0x7ff8000000000000
core   0: 0x0000000080004b9a (0x000873b3) and     t2, a6, zero
core   0: 1 0x0000000080004b9a (0x000873b3) x7  0x0000000000000000
core   0: 0x0000000080004b9e (0xd033fad3) fcvt.s.lu fs5, t2
core   0: 1 0x0000000080004b9e (0xd033fad3) f21 0xffffffff00000000
core   0: 0x0000000080004ba2 (0x0303b333) mulhu   t1, t2, a6
core   0: 1 0x0000000080004ba2 (0x0303b333) x6  0x0000000000000000
core   0: 0x0000000080004ba6 (0x0ff0000f) fence   iorw,iorw
core   0: 1 0x0000000080004ba6 (0x0ff0000f)
core   0: 0x0000000080004baa (0x00219473) csrrw   s0, frm, gp
core   0: 1 0x0000000080004baa (0x00219473) x8  0x0000000000000000 c2_frm 0x0000000000000000
core   0: 0x0000000080004bae (0x7ff1881b) addiw   a6, gp, 2047
core   0: 1 0x0000000080004bae (0x7ff1881b) x16 0x00000000000007ff
core   0: 0x0000000080004bb2 (0x93de7ac3) fmadd.d fs5, ft8, ft9, fs2
core   0: 1 0x0000000080004bb2 (0x93de7ac3) f21 0x7ff8000000000000
core   0: 0x0000000080004bb6 (0x2bd80953) fmin.d  fs2, fa6, ft9
core   0: 1 0x0000000080004bb6 (0x2bd80953) f18 0x0000000000000000
core   0: 0x0000000080004bba (0x0ff0000f) fence   iorw,iorw
core   0: 1 0x0000000080004bba (0x0ff0000f)
core   0: 0x0000000080004bbe (0x018c6e33) or      t3, s8, s8
core   0: 1 0x0000000080004bbe (0x018c6e33) x28 0x000000008000601a
core   0: 0x0000000080004bc2 (0x74705df3) csrrwi  s11, mseccfg, 0
core   0: exception trap_illegal_instruction, epc 0x0000000080004bc2
core   0:           tval 0x0000000074705df3
core   0: >>>>  $xrv64i2p1_m2p0_a2p1_f2p2_d2p2_zicsr2p0_zifencei2p0_zmmul1p0_zba1p0_zbb1p0_zbc1p0_zbs1p0
core   0: 0x0000000080004000 (0x0080006f) j       pc + 0x8
core   0: 3 0x0000000080004000 (0x0080006f)
core   0: >>>>  mmode_exception_handler
core   0: 0x0000000080004008 (0x00002c17) auipc   s8, 0x2
core   0: 3 0x0000000080004008 (0x00002c17) x24 0x0000000080006008
core   0: 0x000000008000400c (0x012c0c13) addi    s8, s8, 18
core   0: 3 0x000000008000400c (0x012c0c13) x24 0x000000008000601a
core   0: 0x0000000080004010 (0x000c00e7) jalr    s8
core   0: 3 0x0000000080004010 (0x000c00e7) x1  0x0000000080004014
core   0: >>>>  any_handler
core   0: 0x000000008000601a (0x341027f3) csrrs   a5, mepc, zero
core   0: 3 0x000000008000601a (0x341027f3) x15 0x0000000080004bc2
core   0: 0x000000008000601e (0x34202773) csrrs   a4, mcause, zero
core   0: 3 0x000000008000601e (0x34202773) x14 0x0000000000000002
core   0: 0x0000000080006022 (0x142026f3) csrrs   a3, scause, zero
core   0: 3 0x0000000080006022 (0x142026f3) x13 0x0000000000000000
core   0: 0x0000000080006026 (0x30402673) csrrs   a2, mie, zero
core   0: 3 0x0000000080006026 (0x30402673) x12 0x0000000000000a00
core   0: 0x000000008000602a (0x344025f3) csrrs   a1, mip, zero
core   0: 3 0x000000008000602a (0x344025f3) x11 0x0000000000000080
core   0: 0x000000008000602e (0x343025f3) csrrs   a1, mtval, zero
core   0: 3 0x000000008000602e (0x343025f3) x11 0x0000000074705df3
core   0: 0x0000000080006032 (0x14302573) csrrs   a0, stval, zero
core   0: 3 0x0000000080006032 (0x14302573) x10 0x0000000000000000
core   0: 0x0000000080006036 (0xb02024f3) csrrs   s1, minstret, zero
core   0: 3 0x0000000080006036 (0xb02024f3) x9  0x0000000000000b88
core   0: 0x000000008000603a (0x0000a811) c.j     pc + 20
core   0: 3 0x000000008000603a (0xa811)
core   0: >>>>  mepc_4
core   0: 0x000000008000604e (0x00000791) c.addi  a5, 4
core   0: 3 0x000000008000604e (0x0791) x15 0x0000000080004bc6
core   0: 0x0000000080006050 (0x34179073) csrrw   zero, mepc, a5
core   0: 3 0x0000000080006050 (0x34179073) c833_mepc 0x0000000080004bc6
core   0: 0x0000000080006054 (0x30200073) mret
core   0: 3 0x0000000080006054 (0x30200073) c768_mstatus 0x8000000a00106080
core   0: 0x0000000080004bc6 (0x1441b8f3) csrrc   a7, sip, gp
core   0: 1 0x0000000080004bc6 (0x1441b8f3) x17 0x0000000000000000 c836_mip 0x0000000000000080
core   0: 0x0000000080004bca (0x2bb19dd3) fmax.d  fs11, ft3, fs11
core   0: 1 0x0000000080004bca (0x2bb19dd3) f27 0x3ff0000000000000
core   0: 0x0000000080004bce (0x0189133b) sllw    t1, s2, s8
core   0: 1 0x0000000080004bce (0x0189133b) x6  0x0000000000000000
core   0: 0x0000000080004bd2 (0x41620b33) sub     s6, tp, s6
core   0: 1 0x0000000080004bd2 (0x41620b33) x22 0x8007fffffffffe8e
core   0: 0x0000000080004bd6 (0x2adc06d3) fmin.d  fa3, fs8, fa3
core   0: 1 0x0000000080004bd6 (0x2adc06d3) f13 0x7ff8000000000000
core   0: 0x0000000080004bda (0xdbf87d13) andi    s10, a6, -577
core   0: 1 0x0000000080004bda (0xdbf87d13) x26 0x00000000000005bf
core   0: 0x0000000080004bde (0x001490f3) csrrw   ra, fflags, s1
core   0: 1 0x0000000080004bde (0x001490f3) x1  0x0000000000000010 c1_fflags 0x0000000000000008
core   0: 0x0000000080004be2 (0x01bc53b3) srl     t2, s8, s11
core   0: 1 0x0000000080004be2 (0x01bc53b3) x7  0x0000000008000601
core   0: 0x0000000080004be6 (0x2aaf9ed3) fmax.d  ft9, ft11, fa0
core   0: 1 0x0000000080004be6 (0x2aaf9ed3) f29 0x0000000000000000
core   0: 0x0000000080004bea (0x13d07dd3) fmul.d  fs11, ft0, ft9
core   0: 1 0x0000000080004bea (0x13d07dd3) f27 0x8000000000000000
core   0: 0x0000000080004bee (0x2a7d07d3) fmin.d  fa5, fs10, ft7
core   0: 1 0x0000000080004bee (0x2a7d07d3) f15 0x7ff8000000000000
core   0: 0x0000000080004bf2 (0x4bbd74cf) fnmadd.d fs1, fs10, fs11, fs1
core   0: 1 0x0000000080004bf2 (0x4bbd74cf) f9  0x7ff8000000000000
core   0: 0x0000000080004bf6 (0x000000ba) c.slli  ra, 14
core   0: 1 0x0000000080004bf6 (0x00ba) x1  0x0000000000040000
core   0: 0x0000000080004bf8 (0x021e2b33) mulhsu  s6, t3, ra
core   0: 1 0x0000000080004bf8 (0x021e2b33) x22 0x0000000000000000
core   0: 0x0000000080004bfc (0x413edeb3) sra     t4, t4, s3
core   0: 1 0x0000000080004bfc (0x413edeb3) x29 0x0000000000000000
core   0: 0x0000000080004c00 (0x0307e83b) remw    a6, a5, a6
core   0: 1 0x0000000080004c00 (0x0307e83b) x16 0xfffffffffffff9d0
core   0: 0x0000000080004c04 (0x00000001) c.nop
core   0: 1 0x0000000080004c04 (0x0001)
core   0: 0x0000000080004c06 (0xc03cf0d3) fcvt.lu.s ra, fs9
core   0: 1 0x0000000080004c06 (0xc03cf0d3) c1_fflags 0x0000000000000018 x1  0xffffffffffffffff
core   0: 0x0000000080004c0a (0x03f7d813) srli    a6, a5, 63
core   0: 1 0x0000000080004c0a (0x03f7d813) x16 0x0000000000000000
core   0: 0x0000000080004c0e (0x002d6033) or      zero, s10, sp
core   0: 1 0x0000000080004c0e (0x002d6033)
core   0: 0x0000000080004c12 (0x00ea873b) addw    a4, s5, a4
core   0: 1 0x0000000080004c12 (0x00ea873b) x14 0x0000000000000002
core   0: 0x0000000080004c16 (0xd0317553) fcvt.s.lu fa0, sp
core   0: 1 0x0000000080004c16 (0xd0317553) f10 0xffffffff00000000
core   0: 0x0000000080004c1a (0x7880c013) xori    zero, ra, 1928
core   0: 1 0x0000000080004c1a (0x7880c013)
core   0: 0x0000000080004c1e (0x0137d9b3) srl     s3, a5, s3
core   0: 1 0x0000000080004c1e (0x0137d9b3) x19 0x0000000080004bc6
core   0: 0x0000000080004c22 (0x00202873) csrrs   a6, frm, zero
core   0: 1 0x0000000080004c22 (0x00202873) x16 0x0000000000000000
core   0: 0x0000000080004c26 (0x02aaf1cb) fnmsub.d ft3, fs5, fa0, ft0
core   0: 1 0x0000000080004c26 (0x02aaf1cb) f3  0x7ff8000000000000
core   0: 0x0000000080004c2a (0xd30e049b) addiw   s1, t3, -720
core   0: 1 0x0000000080004c2a (0xd30e049b) x9  0xffffffff80005d4a
core   0: 0x0000000080004c2e (0x012dc933) xor     s2, s11, s2
core   0: 1 0x0000000080004c2e (0x012dc933) x18 0x0000000000000004
core   0: 0x0000000080004c32 (0x01d10ab3) add     s5, sp, t4
core   0: 1 0x0000000080004c32 (0x01d10ab3) x21 0x0000000000000000
core   0: 0x0000000080004c36 (0xa2840d53) fle.d   s10, fs0, fs0
core   0: 1 0x0000000080004c36 (0xa2840d53) x26 0x0000000000000001
core   0: 0x0000000080004c3a (0xc0307cd3) fcvt.lu.s s9, ft0
core   0: 1 0x0000000080004c3a (0xc0307cd3) c1_fflags 0x0000000000000018 x25 0xffffffffffffffff
core   0: 0x0000000080004c3e (0x2ba51553) fmax.d  fa0, fa0, fs10
core   0: 1 0x0000000080004c3e (0x2ba51553) f10 0x7ff8000000000000
core   0: 0x0000000080004c42 (0xac8bb437) lui     s0, 0xac8bb
core   0: 1 0x0000000080004c42 (0xac8bb437) x8  0xffffffffac8bb000
core   0: 0x0000000080004c46 (0x0013893b) addw    s2, t2, ra
core   0: 1 0x0000000080004c46 (0x0013893b) x18 0x0000000008000600
core   0: 0x0000000080004c4a (0x00000001) c.nop
core   0: 1 0x0000000080004c4a (0x0001)
core   0: 0x0000000080004c4c (0xf20a0b53) fmv.d.x fs6, s4
core   0: 1 0x0000000080004c4c (0xf20a0b53) f22 0xffffffffffffffff
core   0: 0x0000000080004c50 (0xa867879b) addiw   a5, a5, -1402
core   0: 1 0x0000000080004c50 (0xa867879b) x15 0xffffffff8000464c
core   0: 0x0000000080004c54 (0x00008621) c.srai  a2, 8
core   0: 1 0x0000000080004c54 (0x8621) x12 0x000000000000000a
core   0: 0x0000000080004c56 (0x0015939b) slliw   t2, a1, 1
core   0: 1 0x0000000080004c56 (0x0015939b) x7  0xffffffffe8e0bbe6
core   0: 0x0000000080004c5a (0x03fa1613) slli    a2, s4, 63
core   0: 1 0x0000000080004c5a (0x03fa1613) x12 0x8000000000000000
core   0: 0x0000000080004c5e (0x420406d3) fcvt.d.s fa3, fs0
core   0: 1 0x0000000080004c5e (0x420406d3) f13 0x7ff8000000000000
core   0: 0x0000000080004c62 (0x40200d33) sub     s10, zero, sp
core   0: 1 0x0000000080004c62 (0x40200d33) x26 0x0000000000000000
core   0: 0x0000000080004c66 (0x03ab13b3) mulh    t2, s6, s10
core   0: 1 0x0000000080004c66 (0x03ab13b3) x7  0x0000000000000000
core   0: 0x0000000080004c6a (0x03defc3b) remuw   s8, t4, t4
core   0: 1 0x0000000080004c6a (0x03defc3b) x24 0x0000000000000000
core   0: 0x0000000080004c6e (0x035cacb3) mulhsu  s9, s9, s5
core   0: 1 0x0000000080004c6e (0x035cacb3) x25 0x0000000000000000
core   0: 0x0000000080004c72 (0xc03076d3) fcvt.lu.s a3, ft0
core   0: 1 0x0000000080004c72 (0xc03076d3) c1_fflags 0x0000000000000018 x13 0xffffffffffffffff
core   0: 0x0000000080004c76 (0x00c27cb3) and     s9, tp, a2
core   0: 1 0x0000000080004c76 (0x00c27cb3) x25 0x8000000000000000
core   0: 0x0000000080004c7a (0x0ff0000f) fence   iorw,iorw
core   0: 1 0x0000000080004c7a (0x0ff0000f)
core   0: 0x0000000080004c7e (0x022cde3b) divuw   t3, s9, sp
core   0: 1 0x0000000080004c7e (0x022cde3b) x28 0xffffffffffffffff
core   0: 0x0000000080004c82 (0x12a57ac7) fmsub.d fs5, fa0, fa0, ft2
core   0: 1 0x0000000080004c82 (0x12a57ac7) f21 0x7ff8000000000000
core   0: 0x0000000080004c86 (0x00bd25b3) slt     a1, s10, a1
core   0: 1 0x0000000080004c86 (0x00bd25b3) x11 0x0000000000000001
core   0: 0x0000000080004c8a (0x1a367bd3) fdiv.d  fs7, fa2, ft3
core   0: 1 0x0000000080004c8a (0x1a367bd3) f23 0x7ff8000000000000
core   0: 0x0000000080004c8e (0x10586c73) csrrsi  s8, stvec, 16
core   0: 1 0x0000000080004c8e (0x10586c73) x24 0x0000000000000000 c261_stvec 0x0000000000000010
core   0: 0x0000000080004c92 (0x0311e83b) remw    a6, gp, a7
core   0: 1 0x0000000080004c92 (0x0311e83b) x16 0x0000000000000000
core   0: 0x0000000080004c96 (0x01536333) or      t1, t1, s5
core   0: 1 0x0000000080004c96 (0x01536333) x6  0x0000000000000000
core   0: 0x0000000080004c9a (0x888f5b37) lui     s6, 0x888f5
core   0: 1 0x0000000080004c9a (0x888f5b37) x22 0xffffffff888f5000
core   0: 0x0000000080004c9e (0x03266c33) rem     s8, a2, s2
core   0: 1 0x0000000080004c9e (0x03266c33) x24 0xfffffffff8003000
core   0: 0x0000000080004ca2 (0x020145bb) divw    a1, sp, zero
core   0: 1 0x0000000080004ca2 (0x020145bb) x11 0xffffffffffffffff
core   0: 0x0000000080004ca6 (0x1293f3d3) fmul.d  ft7, ft7, fs1
core   0: 1 0x0000000080004ca6 (0x1293f3d3) f7  0x7ff8000000000000
core   0: 0x0000000080004caa (0x229d06d3) fsgnj.d fa3, fs10, fs1
core   0: 1 0x0000000080004caa (0x229d06d3) f13 0x7fffffff00000000
core   0: 0x0000000080004cae (0x4000599b) sraiw   s3, zero, 0
core   0: 1 0x0000000080004cae (0x4000599b) x19 0x0000000000000000
core   0: 0x0000000080004cb2 (0x00a8853b) addw    a0, a7, a0
core   0: 1 0x0000000080004cb2 (0x00a8853b) x10 0x0000000000000000
core   0: 0x0000000080004cb6 (0x6245774f) fnmadd.d fa4, fa0, ft4, fa2
core   0: 1 0x0000000080004cb6 (0x6245774f) f14 0x7ff8000000000000
core   0: 0x0000000080004cba (0x70d3be37) lui     t3, 0x70d3b
core   0: 1 0x0000000080004cba (0x70d3be37) x28 0x0000000070d3b000
core   0: 0x0000000080004cbe (0x00009b86) c.add   s7, ra
core   0: 1 0x0000000080004cbe (0x9b86) x23 0x000000000000001e
core   0: 0x0000000080004cc0 (0x017a8dbb) addw    s11, s5, s7
core   0: 1 0x0000000080004cc0 (0x017a8dbb) x27 0x000000000000001e
core   0: 0x0000000080004cc4 (0x40105013) srai    zero, zero, 1
core   0: 1 0x0000000080004cc4 (0x40105013)
core   0: 0x0000000080004cc8 (0xf1186d73) csrrsi  s10, mvendorid, 16
core   0: exception trap_illegal_instruction, epc 0x0000000080004cc8
core   0:           tval 0x00000000f1186d73
core   0: >>>>  $xrv64i2p1_m2p0_a2p1_f2p2_d2p2_zicsr2p0_zifencei2p0_zmmul1p0_zba1p0_zbb1p0_zbc1p0_zbs1p0
core   0: 0x0000000080004000 (0x0080006f) j       pc + 0x8
core   0: 3 0x0000000080004000 (0x0080006f)
core   0: >>>>  mmode_exception_handler
core   0: 0x0000000080004008 (0x00002c17) auipc   s8, 0x2
core   0: 3 0x0000000080004008 (0x00002c17) x24 0x0000000080006008
core   0: 0x000000008000400c (0x012c0c13) addi    s8, s8, 18
core   0: 3 0x000000008000400c (0x012c0c13) x24 0x000000008000601a
core   0: 0x0000000080004010 (0x000c00e7) jalr    s8
core   0: 3 0x0000000080004010 (0x000c00e7) x1  0x0000000080004014
core   0: >>>>  any_handler
core   0: 0x000000008000601a (0x341027f3) csrrs   a5, mepc, zero
core   0: 3 0x000000008000601a (0x341027f3) x15 0x0000000080004cc8
core   0: 0x000000008000601e (0x34202773) csrrs   a4, mcause, zero
core   0: 3 0x000000008000601e (0x34202773) x14 0x0000000000000002
core   0: 0x0000000080006022 (0x142026f3) csrrs   a3, scause, zero
core   0: 3 0x0000000080006022 (0x142026f3) x13 0x0000000000000000
core   0: 0x0000000080006026 (0x30402673) csrrs   a2, mie, zero
core   0: 3 0x0000000080006026 (0x30402673) x12 0x0000000000000a00
core   0: 0x000000008000602a (0x344025f3) csrrs   a1, mip, zero
core   0: 3 0x000000008000602a (0x344025f3) x11 0x0000000000000080
core   0: 0x000000008000602e (0x343025f3) csrrs   a1, mtval, zero
core   0: 3 0x000000008000602e (0x343025f3) x11 0x00000000f1186d73
core   0: 0x0000000080006032 (0x14302573) csrrs   a0, stval, zero
core   0: 3 0x0000000080006032 (0x14302573) x10 0x0000000000000000
core   0: 0x0000000080006036 (0xb02024f3) csrrs   s1, minstret, zero
core   0: 3 0x0000000080006036 (0xb02024f3) x9  0x0000000000000bdb
core   0: 0x000000008000603a (0x0000a811) c.j     pc + 20
core   0: 3 0x000000008000603a (0xa811)
core   0: >>>>  mepc_4
core   0: 0x000000008000604e (0x00000791) c.addi  a5, 4
core   0: 3 0x000000008000604e (0x0791) x15 0x0000000080004ccc
core   0: 0x0000000080006050 (0x34179073) csrrw   zero, mepc, a5
core   0: 3 0x0000000080006050 (0x34179073) c833_mepc 0x0000000080004ccc
core   0: 0x0000000080006054 (0x30200073) mret
core   0: 3 0x0000000080006054 (0x30200073) c768_mstatus 0x8000000a00106080
core   0: 0x0000000080004ccc (0x00000001) c.nop
core   0: 1 0x0000000080004ccc (0x0001)
core   0: 0x0000000080004cce (0x0037991b) slliw   s2, a5, 3
core   0: 1 0x0000000080004cce (0x0037991b) x18 0x0000000000026660
core   0: 0x0000000080004cd2 (0x409ed4b3) sra     s1, t4, s1
core   0: 1 0x0000000080004cd2 (0x409ed4b3) x9  0x0000000000000000
core   0: 0x0000000080004cd6 (0x02056033) rem     zero, a0, zero
core   0: 1 0x0000000080004cd6 (0x02056033)
core   0: 0x0000000080004cda (0x2ac80c53) fmin.d  fs8, fa6, fa2
core   0: 1 0x0000000080004cda (0x2ac80c53) f24 0x0000000000000000
core   0: 0x0000000080004cde (0xd22df9d3) fcvt.d.l fs3, s11
core   0: 1 0x0000000080004cde (0xd22df9d3) f19 0x403e000000000000
core   0: 0x0000000080004ce2 (0x54a70c1b) addiw   s8, a4, 1354
core   0: 1 0x0000000080004ce2 (0x54a70c1b) x24 0x000000000000054c
core   0: 0x0000000080004ce6 (0xd03a77d3) fcvt.s.lu fa5, s4
core   0: 1 0x0000000080004ce6 (0xd03a77d3) c1_fflags 0x0000000000000019 f15 0xffffffff5f800000
core   0: 0x0000000080004cea (0x400754b3) sra     s1, a4, zero
core   0: 1 0x0000000080004cea (0x400754b3) x9  0x0000000000000002
core   0: 0x0000000080004cee (0xc220f553) fcvt.l.d a0, ft1
core   0: 1 0x0000000080004cee (0xc220f553) x10 0x0000000000000000
core   0: 0x0000000080004cf2 (0xc210f0d3) fcvt.wu.d ra, ft1
core   0: 1 0x0000000080004cf2 (0xc210f0d3) x1  0x0000000000000000
core   0: 0x0000000080004cf6 (0xa3830a53) fle.d   s4, ft6, fs8
core   0: 1 0x0000000080004cf6 (0xa3830a53) x20 0x0000000000000001
core   0: 0x0000000080004cfa (0xb415e617) auipc   a2, 0xb415e
core   0: 1 0x0000000080004cfa (0xb415e617) x12 0x0000000034162cfa
core   0: 0x0000000080004cfe (0x5b39f5cf) fnmadd.d fa1, fs3, fs3, fa1
core   0: 1 0x0000000080004cfe (0x5b39f5cf) f11 0x7ff8000000000000
core   0: 0x0000000080004d02 (0x22f11153) fsgnjn.d ft2, ft2, fa5
core   0: 1 0x0000000080004d02 (0x22f11153) f2  0x7fffffff5f000000
core   0: 0x0000000080004d06 (0xc0462273) csrrs   tp, hpmcounter4, a2
core   0: exception trap_illegal_instruction, epc 0x0000000080004d06
core   0:           tval 0x00000000c0462273
core   0: >>>>  $xrv64i2p1_m2p0_a2p1_f2p2_d2p2_zicsr2p0_zifencei2p0_zmmul1p0_zba1p0_zbb1p0_zbc1p0_zbs1p0
core   0: 0x0000000080004000 (0x0080006f) j       pc + 0x8
core   0: 3 0x0000000080004000 (0x0080006f)
core   0: >>>>  mmode_exception_handler
core   0: 0x0000000080004008 (0x00002c17) auipc   s8, 0x2
core   0: 3 0x0000000080004008 (0x00002c17) x24 0x0000000080006008
core   0: 0x000000008000400c (0x012c0c13) addi    s8, s8, 18
core   0: 3 0x000000008000400c (0x012c0c13) x24 0x000000008000601a
core   0: 0x0000000080004010 (0x000c00e7) jalr    s8
core   0: 3 0x0000000080004010 (0x000c00e7) x1  0x0000000080004014
core   0: >>>>  any_handler
core   0: 0x000000008000601a (0x341027f3) csrrs   a5, mepc, zero
core   0: 3 0x000000008000601a (0x341027f3) x15 0x0000000080004d06
core   0: 0x000000008000601e (0x34202773) csrrs   a4, mcause, zero
core   0: 3 0x000000008000601e (0x34202773) x14 0x0000000000000002
core   0: 0x0000000080006022 (0x142026f3) csrrs   a3, scause, zero
core   0: 3 0x0000000080006022 (0x142026f3) x13 0x0000000000000000
core   0: 0x0000000080006026 (0x30402673) csrrs   a2, mie, zero
core   0: 3 0x0000000080006026 (0x30402673) x12 0x0000000000000a00
core   0: 0x000000008000602a (0x344025f3) csrrs   a1, mip, zero
core   0: 3 0x000000008000602a (0x344025f3) x11 0x0000000000000080
core   0: 0x000000008000602e (0x343025f3) csrrs   a1, mtval, zero
core   0: 3 0x000000008000602e (0x343025f3) x11 0x00000000c0462273
core   0: 0x0000000080006032 (0x14302573) csrrs   a0, stval, zero
core   0: 3 0x0000000080006032 (0x14302573) x10 0x0000000000000000
core   0: 0x0000000080006036 (0xb02024f3) csrrs   s1, minstret, zero
core   0: 3 0x0000000080006036 (0xb02024f3) x9  0x0000000000000bfa
core   0: 0x000000008000603a (0x0000a811) c.j     pc + 20
core   0: 3 0x000000008000603a (0xa811)
core   0: >>>>  mepc_4
core   0: 0x000000008000604e (0x00000791) c.addi  a5, 4
core   0: 3 0x000000008000604e (0x0791) x15 0x0000000080004d0a
core   0: 0x0000000080006050 (0x34179073) csrrw   zero, mepc, a5
core   0: 3 0x0000000080006050 (0x34179073) c833_mepc 0x0000000080004d0a
core   0: 0x0000000080006054 (0x30200073) mret
core   0: 3 0x0000000080006054 (0x30200073) c768_mstatus 0x8000000a00106080
core   0: 0x0000000080004d0a (0x014a553b) srlw    a0, s4, s4
core   0: 1 0x0000000080004d0a (0x014a553b) x10 0x0000000000000000
core   0: 0x0000000080004d0e (0x0000529b) srliw   t0, zero, 0
core   0: 1 0x0000000080004d0e (0x0000529b) x5  0x0000000000000000
core   0: 0x0000000080004d12 (0x032e9d33) mulh    s10, t4, s2
core   0: 1 0x0000000080004d12 (0x032e9d33) x26 0x0000000000000000
core   0: 0x0000000080004d16 (0x41a7dcbb) sraw    s9, a5, s10
core   0: 1 0x0000000080004d16 (0x41a7dcbb) x25 0xffffffff80004d0a
core   0: 0x0000000080004d1a (0x5a0a71d3) fsqrt.d ft3, fs4
core   0: 1 0x0000000080004d1a (0x5a0a71d3) f3  0x7ff8000000000000
core   0: 0x0000000080004d1e (0x22c1aed3) fsgnjx.d ft9, ft3, fa2
core   0: 1 0x0000000080004d1e (0x22c1aed3) f29 0x7ff8000000000000
core   0: 0x0000000080004d22 (0x02d52533) mulhsu  a0, a0, a3
core   0: 1 0x0000000080004d22 (0x02d52533) x10 0x0000000000000000
core   0: 0x0000000080004d26 (0x033509bb) mulw    s3, a0, s3
core   0: 1 0x0000000080004d26 (0x033509bb) x19 0x0000000000000000
core   0: 0x0000000080004d2a (0x2a521153) fmax.d  ft2, ft4, ft5
core   0: 1 0x0000000080004d2a (0x2a521153) f2  0x40a6560000000000
core   0: 0x0000000080004d2e (0xc2317ed3) fcvt.lu.d t4, ft2
core   0: 1 0x0000000080004d2e (0xc2317ed3) x29 0x0000000000000b2b
core   0: 0x0000000080004d32 (0x02779e33) mulh    t3, a5, t2
core   0: 1 0x0000000080004d32 (0x02779e33) x28 0x0000000000000000
core   0: 0x0000000080004d36 (0x027dcd33) div     s10, s11, t2
core   0: 1 0x0000000080004d36 (0x027dcd33) x26 0xffffffffffffffff
core   0: 0x0000000080004d3a (0x01a85a93) srli    s5, a6, 26
core   0: 1 0x0000000080004d3a (0x01a85a93) x21 0x0000000000000000
core   0: 0x0000000080004d3e (0xd20601d3) fcvt.d.w ft3, a2
core   0: 1 0x0000000080004d3e (0xd20601d3) f3  0x40a4000000000000
core   0: 0x0000000080004d42 (0x411288bb) subw    a7, t0, a7
core   0: 1 0x0000000080004d42 (0x411288bb) x17 0x0000000000000000
core   0: 0x0000000080004d46 (0x03f35313) srli    t1, t1, 63
core   0: 1 0x0000000080004d46 (0x03f35313) x6  0x0000000000000000
core   0: 0x0000000080004d4a (0x22391953) fsgnjn.d fs2, fs2, ft3
core   0: 1 0x0000000080004d4a (0x22391953) f18 0x8000000000000000
core   0: 0x0000000080004d4e (0x0189cab3) xor     s5, s3, s8
core   0: 1 0x0000000080004d4e (0x0189cab3) x21 0x000000008000601a
core   0: 0x0000000080004d52 (0x420f8f53) fcvt.d.s ft10, ft11
core   0: 1 0x0000000080004d52 (0x420f8f53) f30 0x7ff8000000000000
core   0: 0x0000000080004d56 (0x40095933) sra     s2, s2, zero
core   0: 1 0x0000000080004d56 (0x40095933) x18 0x0000000000026660
core   0: 0x0000000080004d5a (0x026979b3) remu    s3, s2, t1
core   0: 1 0x0000000080004d5a (0x026979b3) x19 0x0000000000026660
core   0: 0x0000000080004d5e (0xd2048ad3) fcvt.d.w fs5, s1
core   0: 1 0x0000000080004d5e (0xd2048ad3) f21 0x40a7f40000000000
core   0: 0x0000000080004d62 (0x000603bb) addw    t2, a2, zero
core   0: 1 0x0000000080004d62 (0x000603bb) x7  0x0000000000000a00
core   0: 0x0000000080004d66 (0x01f8db1b) srliw   s6, a7, 31
core   0: 1 0x0000000080004d66 (0x01f8db1b) x22 0x0000000000000000
core   0: 0x0000000080004d6a (0x2b091e53) fmax.d  ft8, fs2, fa6
core   0: 1 0x0000000080004d6a (0x2b091e53) f28 0x0000000000000000
core   0: 0x0000000080004d6e (0x1af972d3) fdiv.d  ft5, fs2, fa5
core   0: 1 0x0000000080004d6e (0x1af972d3) f5  0x7ff8000000000000
core   0: 0x0000000080004d72 (0xf2098753) fmv.d.x fa4, s3
core   0: 1 0x0000000080004d72 (0xf2098753) f14 0x0000000000026660
core   0: 0x0000000080004d76 (0x0014581b) srliw   a6, s0, 1
core   0: 1 0x0000000080004d76 (0x0014581b) x16 0x000000005645d800
core   0: 0x0000000080004d7a (0xd03b7f53) fcvt.s.lu ft10, s6
core   0: 1 0x0000000080004d7a (0xd03b7f53) f30 0xffffffff00000000
core   0: 0x0000000080004d7e (0x401ed61b) sraiw   a2, t4, 1
core   0: 1 0x0000000080004d7e (0x401ed61b) x12 0x0000000000000595
core   0: 0x0000000080004d82 (0x73e37a4f) fnmadd.d fs4, ft6, ft10, fa4
core   0: 1 0x0000000080004d82 (0x73e37a4f) f20 0x7ff8000000000000
core   0: 0x0000000080004d86 (0x039edeb3) divu    t4, t4, s9
core   0: 1 0x0000000080004d86 (0x039edeb3) x29 0x0000000000000000
core   0: 0x0000000080004d8a (0xd23ef353) fcvt.d.lu ft6, t4
core   0: 1 0x0000000080004d8a (0xd23ef353) f6  0x0000000000000000
core   0: 0x0000000080004d8e (0x994dcd13) xori    s10, s11, -1644
core   0: 1 0x0000000080004d8e (0x994dcd13) x26 0xfffffffffffff98a
core   0: 0x0000000080004d92 (0x00db8b3b) addw    s6, s7, a3
core   0: 1 0x0000000080004d92 (0x00db8b3b) x22 0x000000000000001e
core   0: 0x0000000080004d96 (0xc228f5d3) fcvt.l.d a1, fa7
core   0: 1 0x0000000080004d96 (0xc228f5d3) c1_fflags 0x0000000000000019 x11 0x7fffffffffffffff
core   0: 0x0000000080004d9a (0x4168ddb3) sra     s11, a7, s6
core   0: 1 0x0000000080004d9a (0x4168ddb3) x27 0x0000000000000000
core   0: 0x0000000080004d9e (0x417b8ab3) sub     s5, s7, s7
core   0: 1 0x0000000080004d9e (0x417b8ab3) x21 0x0000000000000000
core   0: 0x0000000080004da2 (0xc0337d53) fcvt.lu.s s10, ft6
core   0: 1 0x0000000080004da2 (0xc0337d53) c1_fflags 0x0000000000000019 x26 0xffffffffffffffff
core   0: 0x0000000080004da6 (0x0176b8b7) lui     a7, 0x176b
core   0: 1 0x0000000080004da6 (0x0176b8b7) x17 0x000000000176b000
core   0: 0x0000000080004daa (0xe9d8889b) addiw   a7, a7, -355
core   0: 1 0x0000000080004daa (0xe9d8889b) x17 0x000000000176ae9d
core   0: 0x0000000080004dae (0x000008ba) c.slli  a7, 14
core   0: 1 0x0000000080004dae (0x08ba) x17 0x0000005daba74000
core   0: 0x0000000080004db0 (0xf2088893) addi    a7, a7, -224
core   0: 1 0x0000000080004db0 (0xf2088893) x17 0x0000005daba73f20
core   0: 0x0000000080004db4 (0x9e28ce37) lui     t3, 0x9e28c
core   0: 1 0x0000000080004db4 (0x9e28ce37) x28 0xffffffff9e28c000
core   0: 0x0000000080004db8 (0x2c477113) andi    sp, a4, 708
core   0: 1 0x0000000080004db8 (0x2c477113) x2  0x0000000000000000
core   0: 0x0000000080004dbc (0x030e083b) mulw    a6, t3, a6
core   0: 1 0x0000000080004dbc (0x030e083b) x16 0x0000000022000000
core   0: 0x0000000080004dc0 (0xc23a70d3) fcvt.lu.d ra, fs4
core   0: 1 0x0000000080004dc0 (0xc23a70d3) c1_fflags 0x0000000000000019 x1  0xffffffffffffffff
core   0: 0x0000000080004dc4 (0x42285813) srai    a6, a6, 34
core   0: 1 0x0000000080004dc4 (0x42285813) x16 0x0000000000000000
core   0: 0x0000000080004dc8 (0x00a85433) srl     s0, a6, a0
core   0: 1 0x0000000080004dc8 (0x00a85433) x8  0x0000000000000000
core   0: 0x0000000080004dcc (0x030e71b3) remu    gp, t3, a6
core   0: 1 0x0000000080004dcc (0x030e71b3) x3  0xffffffff9e28c000
core   0: 0x0000000080004dd0 (0x032863bb) remw    t2, a6, s2
core   0: 1 0x0000000080004dd0 (0x032863bb) x7  0x0000000000000000
core   0: 0x0000000080004dd4 (0x420c8c53) fcvt.d.s fs8, fs9
core   0: 1 0x0000000080004dd4 (0x420c8c53) f24 0x7ff8000000000000
core   0: 0x0000000080004dd8 (0x2a599d53) fmax.d  fs10, fs3, ft5
core   0: 1 0x0000000080004dd8 (0x2a599d53) f26 0x403e000000000000
core   0: 0x0000000080004ddc (0xe0f87693) andi    a3, a6, -497
core   0: 1 0x0000000080004ddc (0xe0f87693) x13 0x0000000000000000
core   0: 0x0000000080004de0 (0x039860bb) remw    ra, a6, s9
core   0: 1 0x0000000080004de0 (0x039860bb) x1  0x0000000000000000
core   0: 0x0000000080004de4 (0xf88f8597) auipc   a1, 0xf88f8
core   0: 1 0x0000000080004de4 (0xf88f8597) x11 0x00000000788fcde4
core   0: 0x0000000080004de8 (0x4004db93) srai    s7, s1, 0
core   0: 1 0x0000000080004de8 (0x4004db93) x23 0x0000000000000bfa
core   0: 0x0000000080004dec (0xc23cf6d3) fcvt.lu.d a3, fs9
core   0: 1 0x0000000080004dec (0xc23cf6d3) c1_fflags 0x0000000000000019 x13 0xffffffffffffffff
core   0: 0x0000000080004df0 (0x800bf093) andi    ra, s7, -2048
core   0: 1 0x0000000080004df0 (0x800bf093) x1  0x0000000000000800
core   0: 0x0000000080004df4 (0x00137213) andi    tp, t1, 1
core   0: 1 0x0000000080004df4 (0x00137213) x4  0x0000000000000000
core   0: 0x0000000080004df8 (0xd7b7ac17) auipc   s8, 0xd7b7a
core   0: 1 0x0000000080004df8 (0xd7b7ac17) x24 0x0000000057b7edf8
core   0: 0x0000000080004dfc (0x03dba2b3) mulhsu  t0, s7, t4
core   0: 1 0x0000000080004dfc (0x03dba2b3) x5  0x0000000000000000
core   0: 0x0000000080004e00 (0x006bd61b) srliw   a2, s7, 6
core   0: 1 0x0000000080004e00 (0x006bd61b) x12 0x000000000000002f
core   0: 0x0000000080004e04 (0x017d2d33) slt     s10, s10, s7
core   0: 1 0x0000000080004e04 (0x017d2d33) x26 0x0000000000000001
core   0: 0x0000000080004e08 (0x415a883b) subw    a6, s5, s5
core   0: 1 0x0000000080004e08 (0x415a883b) x16 0x0000000000000000
core   0: 0x0000000080004e0c (0xa3a22a53) feq.d   s4, ft4, fs10
core   0: 1 0x0000000080004e0c (0xa3a22a53) x20 0x0000000000000000
core   0: 0x0000000080004e10 (0x2baf8753) fmin.d  fa4, ft11, fs10
core   0: 1 0x0000000080004e10 (0x2baf8753) f14 0x0000000000000000
core   0: 0x0000000080004e14 (0x0266f6b3) remu    a3, a3, t1
core   0: 1 0x0000000080004e14 (0x0266f6b3) x13 0xffffffffffffffff
core   0: 0x0000000080004e18 (0x400cdb9b) sraiw   s7, s9, 0
core   0: 1 0x0000000080004e18 (0x400cdb9b) x23 0xffffffff80004d0a
core   0: 0x0000000080004e1c (0x2a3384d3) fmin.d  fs1, ft7, ft3
core   0: 1 0x0000000080004e1c (0x2a3384d3) f9  0x40a4000000000000
core   0: 0x0000000080004e20 (0x4003d59b) sraiw   a1, t2, 0
core   0: 1 0x0000000080004e20 (0x4003d59b) x11 0x0000000000000000
core   0: 0x0000000080004e24 (0x0240c533) div     a0, ra, tp
core   0: 1 0x0000000080004e24 (0x0240c533) x10 0xffffffffffffffff
core   0: 0x0000000080004e28 (0x82f18b93) addi    s7, gp, -2001
core   0: 1 0x0000000080004e28 (0x82f18b93) x23 0xffffffff9e28b82f
core   0: 0x0000000080004e2c (0x41f1da1b) sraiw   s4, gp, 31
core   0: 1 0x0000000080004e2c (0x41f1da1b) x20 0xffffffffffffffff
core   0: 0x0000000080004e30 (0x00000001) c.nop
core   0: 1 0x0000000080004e30 (0x0001)
core   0: 0x0000000080004e32 (0x24506937) lui     s2, 0x24506
core   0: 1 0x0000000080004e32 (0x24506937) x18 0x0000000024506000
core   0: 0x0000000080004e36 (0x239b0ed3) fsgnj.d ft9, fs6, fs9
core   0: 1 0x0000000080004e36 (0x239b0ed3) f29 0x7fffffffffffffff
core   0: 0x0000000080004e3a (0xc03b7cd3) fcvt.lu.s s9, fs6
core   0: 1 0x0000000080004e3a (0xc03b7cd3) c1_fflags 0x0000000000000019 x25 0xffffffffffffffff
core   0: 0x0000000080004e3e (0x0b48fa53) fsub.d  fs4, fa7, fs4
core   0: 1 0x0000000080004e3e (0x0b48fa53) f20 0x7ff8000000000000
core   0: 0x0000000080004e42 (0xfdb4a8b7) lui     a7, 0xfdb4a
core   0: 1 0x0000000080004e42 (0xfdb4a8b7) x17 0xfffffffffdb4a000
core   0: 0x0000000080004e46 (0x44d8889b) addiw   a7, a7, 1101
core   0: 1 0x0000000080004e46 (0x44d8889b) x17 0xfffffffffdb4a44d
core   0: 0x0000000080004e4a (0x000008b2) c.slli  a7, 12
core   0: 1 0x0000000080004e4a (0x08b2) x17 0xffffffdb4a44d000
core   0: 0x0000000080004e4c (0xb6288893) addi    a7, a7, -1182
core   0: 1 0x0000000080004e4c (0xb6288893) x17 0xffffffdb4a44cb62
core   0: 0x0000000080004e50 (0x0328c23b) divw    tp, a7, s2
core   0: 1 0x0000000080004e50 (0x0328c23b) x4  0x0000000000000002
core   0: 0x0000000080004e54 (0x4008d293) srai    t0, a7, 0
core   0: 1 0x0000000080004e54 (0x4008d293) x5  0xffffffdb4a44cb62
core   0: 0x0000000080004e58 (0x1b4a7353) fdiv.d  ft6, fs4, fs4
core   0: 1 0x0000000080004e58 (0x1b4a7353) f6  0x7ff8000000000000
core   0: 0x0000000080004e5c (0x024dfdbb) remuw   s11, s11, tp
core   0: 1 0x0000000080004e5c (0x024dfdbb) x27 0x0000000000000000
core   0: 0x0000000080004e60 (0x41ad8d3b) subw    s10, s11, s10
core   0: 1 0x0000000080004e60 (0x41ad8d3b) x26 0xffffffffffffffff
core   0: 0x0000000080004e64 (0xc20cf3d3) fcvt.w.d t2, fs9
core   0: 1 0x0000000080004e64 (0xc20cf3d3) c1_fflags 0x0000000000000019 x7  0x000000007fffffff
core   0: 0x0000000080004e68 (0x226a02d3) fsgnj.d ft5, fs4, ft6
core   0: 1 0x0000000080004e68 (0x226a02d3) f5  0x7ff8000000000000
core   0: 0x0000000080004e6c (0x001994f3) csrrw   s1, fflags, s3
core   0: 1 0x0000000080004e6c (0x001994f3) x9  0x0000000000000019 c1_fflags 0x0000000000000000
core   0: 0x0000000080004e70 (0xd22d74d3) fcvt.d.l fs1, s10
core   0: 1 0x0000000080004e70 (0xd22d74d3) f9  0xbff0000000000000
core   0: 0x0000000080004e74 (0x029d52b3) divu    t0, s10, s1
core   0: 1 0x0000000080004e74 (0x029d52b3) x5  0x0a3d70a3d70a3d70
core   0: 0x0000000080004e78 (0x0ff0000f) fence   iorw,iorw
core   0: 1 0x0000000080004e78 (0x0ff0000f)
core   0: 0x0000000080004e7c (0x01fc561b) srliw   a2, s8, 31
core   0: 1 0x0000000080004e7c (0x01fc561b) x12 0x0000000000000000
core   0: 0x0000000080004e80 (0x02742433) mulhsu  s0, s0, t2
core   0: 1 0x0000000080004e80 (0x02742433) x8  0x0000000000000000
core   0: 0x0000000080004e84 (0x12b9f993) andi    s3, s3, 299
core   0: 1 0x0000000080004e84 (0x12b9f993) x19 0x0000000000000020
core   0: 0x0000000080004e88 (0x00862933) slt     s2, a2, s0
core   0: 1 0x0000000080004e88 (0x00862933) x18 0x0000000000000000
core   0: 0x0000000080004e8c (0x002029f3) csrrs   s3, frm, zero
core   0: 1 0x0000000080004e8c (0x002029f3) x19 0x0000000000000000
core   0: 0x0000000080004e90 (0xc22a73d3) fcvt.l.d t2, fs4
core   0: 1 0x0000000080004e90 (0xc22a73d3) c1_fflags 0x0000000000000010 x7  0x7fffffffffffffff
core   0: 0x0000000080004e94 (0xad2e4cb7) lui     s9, 0xad2e4
core   0: 1 0x0000000080004e94 (0xad2e4cb7) x25 0xffffffffad2e4000
core   0: 0x0000000080004e98 (0x03b14333) div     t1, sp, s11
core   0: 1 0x0000000080004e98 (0x03b14333) x6  0xffffffffffffffff
core   0: 0x0000000080004e9c (0xc7810493) addi    s1, sp, -904
core   0: 1 0x0000000080004e9c (0xc7810493) x9  0xfffffffffffffc78
core   0: 0x0000000080004ea0 (0xd0217053) fcvt.s.l ft0, sp
core   0: 1 0x0000000080004ea0 (0xd0217053) f0  0xffffffff00000000
core   0: 0x0000000080004ea4 (0xd2337c53) fcvt.d.lu fs8, t1
core   0: 1 0x0000000080004ea4 (0xd2337c53) c1_fflags 0x0000000000000011 f24 0x43f0000000000000
core   0: 0x0000000080004ea8 (0x00027813) andi    a6, tp, 0
core   0: 1 0x0000000080004ea8 (0x00027813) x16 0x0000000000000000
core   0: 0x0000000080004eac (0x0245fdb3) remu    s11, a1, tp
core   0: 1 0x0000000080004eac (0x0245fdb3) x27 0x0000000000000000
core   0: 0x0000000080004eb0 (0x4064813b) subw    sp, s1, t1
core   0: 1 0x0000000080004eb0 (0x4064813b) x2  0xfffffffffffffc79
core   0: 0x0000000080004eb4 (0x00202273) csrrs   tp, frm, zero
core   0: 1 0x0000000080004eb4 (0x00202273) x4  0x0000000000000000
core   0: 0x0000000080004eb8 (0x000a1293) slli    t0, s4, 0
core   0: 1 0x0000000080004eb8 (0x000a1293) x5  0xffffffffffffffff
core   0: 0x0000000080004ebc (0x010a59b3) srl     s3, s4, a6
core   0: 1 0x0000000080004ebc (0x010a59b3) x19 0xffffffffffffffff
core   0: 0x0000000080004ec0 (0x03246a33) rem     s4, s0, s2
core   0: 1 0x0000000080004ec0 (0x03246a33) x20 0x0000000000000000
core   0: 0x0000000080004ec4 (0x032e813b) mulw    sp, t4, s2
core   0: 1 0x0000000080004ec4 (0x032e813b) x2  0x0000000000000000
core   0: 0x0000000080004ec8 (0x7b5cc597) auipc   a1, 0x7b5cc
core   0: 1 0x0000000080004ec8 (0x7b5cc597) x11 0x00000000fb5d0ec8
core   0: 0x0000000080004ecc (0x405e52bb) sraw    t0, t3, t0
core   0: 1 0x0000000080004ecc (0x405e52bb) x5  0xffffffffffffffff
core   0: 0x0000000080004ed0 (0x2fdbe217) auipc   tp, 0x2fdbe
core   0: 1 0x0000000080004ed0 (0x2fdbe217) x4  0x00000000afdc2ed0
core   0: 0x0000000080004ed4 (0xe2089953) fclass.d s2, fa7
core   0: 1 0x0000000080004ed4 (0xe2089953) x18 0x0000000000000200
core   0: 0x0000000080004ed8 (0x2a2413d3) fmax.d  ft7, fs0, ft2
core   0: 1 0x0000000080004ed8 (0x2a2413d3) f7  0x40a6560000000000
core   0: 0x0000000080004edc (0x00000001) c.nop
core   0: 1 0x0000000080004edc (0x0001)
core   0: 0x0000000080004ede (0x12ee7e53) fmul.d  ft8, ft8, fa4
core   0: 1 0x0000000080004ede (0x12ee7e53) f28 0x0000000000000000
core   0: 0x0000000080004ee2 (0x23cd2253) fsgnjx.d ft4, fs10, ft8
core   0: 1 0x0000000080004ee2 (0x23cd2253) f4  0x403e000000000000
core   0: 0x0000000080004ee6 (0xd0327d53) fcvt.s.lu fs10, tp
core   0: 1 0x0000000080004ee6 (0xd0327d53) c1_fflags 0x0000000000000011 f26 0xffffffff4f2fdc2f
core   0: 0x0000000080004eea (0x000011e6) c.slli  gp, 57
core   0: 1 0x0000000080004eea (0x11e6) x3  0x0000000000000000
core   0: 0x0000000080004eec (0x236d7b4b) fnmsub.d fs6, fs10, fs6, ft4
core   0: 1 0x0000000080004eec (0x236d7b4b) f22 0x7ff8000000000000
core   0: 0x0000000080004ef0 (0xc0282873) csrrs   a6, instret, a6
core   0: exception trap_illegal_instruction, epc 0x0000000080004ef0
core   0:           tval 0x00000000c0282873
core   0: >>>>  $xrv64i2p1_m2p0_a2p1_f2p2_d2p2_zicsr2p0_zifencei2p0_zmmul1p0_zba1p0_zbb1p0_zbc1p0_zbs1p0
core   0: 0x0000000080004000 (0x0080006f) j       pc + 0x8
core   0: 3 0x0000000080004000 (0x0080006f)
core   0: >>>>  mmode_exception_handler
core   0: 0x0000000080004008 (0x00002c17) auipc   s8, 0x2
core   0: 3 0x0000000080004008 (0x00002c17) x24 0x0000000080006008
core   0: 0x000000008000400c (0x012c0c13) addi    s8, s8, 18
core   0: 3 0x000000008000400c (0x012c0c13) x24 0x000000008000601a
core   0: 0x0000000080004010 (0x000c00e7) jalr    s8
core   0: 3 0x0000000080004010 (0x000c00e7) x1  0x0000000080004014
core   0: >>>>  any_handler
core   0: 0x000000008000601a (0x341027f3) csrrs   a5, mepc, zero
core   0: 3 0x000000008000601a (0x341027f3) x15 0x0000000080004ef0
core   0: 0x000000008000601e (0x34202773) csrrs   a4, mcause, zero
core   0: 3 0x000000008000601e (0x34202773) x14 0x0000000000000002
core   0: 0x0000000080006022 (0x142026f3) csrrs   a3, scause, zero
core   0: 3 0x0000000080006022 (0x142026f3) x13 0x0000000000000000
core   0: 0x0000000080006026 (0x30402673) csrrs   a2, mie, zero
core   0: 3 0x0000000080006026 (0x30402673) x12 0x0000000000000a00
core   0: 0x000000008000602a (0x344025f3) csrrs   a1, mip, zero
core   0: 3 0x000000008000602a (0x344025f3) x11 0x0000000000000080
core   0: 0x000000008000602e (0x343025f3) csrrs   a1, mtval, zero
core   0: 3 0x000000008000602e (0x343025f3) x11 0x00000000c0282873
core   0: 0x0000000080006032 (0x14302573) csrrs   a0, stval, zero
core   0: 3 0x0000000080006032 (0x14302573) x10 0x0000000000000000
core   0: 0x0000000080006036 (0xb02024f3) csrrs   s1, minstret, zero
core   0: 3 0x0000000080006036 (0xb02024f3) x9  0x0000000000000c86
core   0: 0x000000008000603a (0x0000a811) c.j     pc + 20
core   0: 3 0x000000008000603a (0xa811)
core   0: >>>>  mepc_4
core   0: 0x000000008000604e (0x00000791) c.addi  a5, 4
core   0: 3 0x000000008000604e (0x0791) x15 0x0000000080004ef4
core   0: 0x0000000080006050 (0x34179073) csrrw   zero, mepc, a5
core   0: 3 0x0000000080006050 (0x34179073) c833_mepc 0x0000000080004ef4
core   0: 0x0000000080006054 (0x30200073) mret
core   0: 3 0x0000000080006054 (0x30200073) c768_mstatus 0x8000000a00106080
core   0: 0x0000000080004ef4 (0x034cdcb3) divu    s9, s9, s4
core   0: 1 0x0000000080004ef4 (0x034cdcb3) x25 0xffffffffffffffff
core   0: 0x0000000080004ef8 (0x03c2e6b3) rem     a3, t0, t3
core   0: 1 0x0000000080004ef8 (0x03c2e6b3) x13 0xffffffffffffffff
core   0: 0x0000000080004efc (0x00202273) csrrs   tp, frm, zero
core   0: 1 0x0000000080004efc (0x00202273) x4  0x0000000000000000
core   0: 0x0000000080004f00 (0x0263e63b) remw    a2, t2, t1
core   0: 1 0x0000000080004f00 (0x0263e63b) x12 0x0000000000000000
core   0: 0x0000000080004f04 (0x0319b8b3) mulhu   a7, s3, a7
core   0: 1 0x0000000080004f04 (0x0319b8b3) x17 0xffffffdb4a44cb61
core   0: 0x0000000080004f08 (0x0b627ad3) fsub.d  fs5, ft4, fs6
core   0: 1 0x0000000080004f08 (0x0b627ad3) f21 0x7ff8000000000000
core   0: 0x0000000080004f0c (0x43f0d113) srai    sp, ra, 63
core   0: 1 0x0000000080004f0c (0x43f0d113) x2  0x0000000000000000
core   0: 0x0000000080004f10 (0x01c7de3b) srlw    t3, a5, t3
core   0: 1 0x0000000080004f10 (0x01c7de3b) x28 0xffffffff80004ef4
core   0: 0x0000000080004f14 (0x0ff0000f) fence   iorw,iorw
core   0: 1 0x0000000080004f14 (0x0ff0000f)
core   0: 0x0000000080004f18 (0xd03a79d3) fcvt.s.lu fs3, s4
core   0: 1 0x0000000080004f18 (0xd03a79d3) f19 0xffffffff00000000
core   0: 0x0000000080004f1c (0xf20704d3) fmv.d.x fs1, a4
core   0: 1 0x0000000080004f1c (0xf20704d3) f9  0x0000000000000002
core   0: 0x0000000080004f20 (0xe2018bd3) fmv.x.d s7, ft3
core   0: 1 0x0000000080004f20 (0xe2018bd3) x23 0x40a4000000000000
core   0: 0x0000000080004f24 (0x225cacd3) fsgnjx.d fs9, fs9, ft5
core   0: 1 0x0000000080004f24 (0x225cacd3) f25 0x7ff8000000000000
core   0: 0x0000000080004f28 (0x00279673) csrrw   a2, frm, a5
core   0: 1 0x0000000080004f28 (0x00279673) x12 0x0000000000000000 c2_frm 0x0000000000000004
core   0: 0x0000000080004f2c (0x5a0cf9d3) fsqrt.d fs3, fs9
core   0: 1 0x0000000080004f2c (0x5a0cf9d3) f19 0x7ff8000000000000
core   0: 0x0000000080004f30 (0x035a4ab3) div     s5, s4, s5
core   0: 1 0x0000000080004f30 (0x035a4ab3) x21 0xffffffffffffffff
core   0: 0x0000000080004f34 (0x41d65eb3) sra     t4, a2, t4
core   0: 1 0x0000000080004f34 (0x41d65eb3) x29 0x0000000000000000
core   0: 0x0000000080004f38 (0xa40ef993) andi    s3, t4, -1472
core   0: 1 0x0000000080004f38 (0xa40ef993) x19 0x0000000000000000
core   0: 0x0000000080004f3c (0x036ddb3b) divuw   s6, s11, s6
core   0: 1 0x0000000080004f3c (0x036ddb3b) x22 0x0000000000000000
core   0: 0x0000000080004f40 (0x0059adb3) slt     s11, s3, t0
core   0: 1 0x0000000080004f40 (0x0059adb3) x27 0x0000000000000000
core   0: 0x0000000080004f44 (0x4051d313) srai    t1, gp, 5
core   0: 1 0x0000000080004f44 (0x4051d313) x6  0x0000000000000000
core   0: 0x0000000080004f48 (0x000c5a1b) srliw   s4, s8, 0
core   0: 1 0x0000000080004f48 (0x000c5a1b) x20 0xffffffff8000601a
core   0: 0x0000000080004f4c (0x002023f3) csrrs   t2, frm, zero
core   0: 1 0x0000000080004f4c (0x002023f3) x7  0x0000000000000004
core   0: 0x0000000080004f50 (0x02d3b333) mulhu   t1, t2, a3
core   0: 1 0x0000000080004f50 (0x02d3b333) x6  0x0000000000000003
core   0: 0x0000000080004f54 (0xcb32fdcb) fnmsub.d fs11, ft5, fs3, fs9
core   0: 1 0x0000000080004f54 (0xcb32fdcb) f27 0x7ff8000000000000
core   0: 0x0000000080004f58 (0x00000001) c.nop
core   0: 1 0x0000000080004f58 (0x0001)
core   0: 0x0000000080004f5a (0x43775e93) srai    t4, a4, 55
core   0: 1 0x0000000080004f5a (0x43775e93) x29 0x0000000000000000
core   0: 0x0000000080004f5e (0x0134c0b3) xor     ra, s1, s3
core   0: 1 0x0000000080004f5e (0x0134c0b3) x1  0x0000000000000c86
core   0: 0x0000000080004f62 (0x00149eb3) sll     t4, s1, ra
core   0: 1 0x0000000080004f62 (0x00149eb3) x29 0x0000000000032180
core   0: 0x0000000080004f66 (0x03f45013) srli    zero, s0, 63
core   0: 1 0x0000000080004f66 (0x03f45013)
core   0: 0x0000000080004f6a (0x4012d29b) sraiw   t0, t0, 1
core   0: 1 0x0000000080004f6a (0x4012d29b) x5  0xffffffffffffffff
core   0: 0x0000000080004f6e (0xf2088dd3) fmv.d.x fs11, a7
core   0: 1 0x0000000080004f6e (0xf2088dd3) f27 0xffffffdb4a44cb61
core   0: 0x0000000080004f72 (0x4012d993) srai    s3, t0, 1
core   0: 1 0x0000000080004f72 (0x4012d993) x19 0xffffffffffffffff
core   0: 0x0000000080004f76 (0x0386adb3) mulhsu  s11, a3, s8
core   0: 1 0x0000000080004f76 (0x0386adb3) x27 0xffffffffffffffff
core   0: 0x0000000080004f7a (0x420989d3) fcvt.d.s fs3, fs3
core   0: 1 0x0000000080004f7a (0x420989d3) f19 0x7ff8000000000000
core   0: 0x0000000080004f7e (0x405b5e33) sra     t3, s6, t0
core   0: 1 0x0000000080004f7e (0x405b5e33) x28 0x0000000000000000
core   0: 0x0000000080004f82 (0xc0397c53) fcvt.lu.s s8, fs2
core   0: 1 0x0000000080004f82 (0xc0397c53) c1_fflags 0x0000000000000011 x24 0xffffffffffffffff
core   0: 0x0000000080004f86 (0x03aee0bb) remw    ra, t4, s10
core   0: 1 0x0000000080004f86 (0x03aee0bb) x1  0x0000000000000000
core   0: 0x0000000080004f8a (0x000a149b) slliw   s1, s4, 0
core   0: 1 0x0000000080004f8a (0x000a149b) x9  0xffffffff8000601a
core   0: 0x0000000080004f8e (0x43647b4f) fnmadd.d fs6, fs0, fs6, fs0
core   0: 1 0x0000000080004f8e (0x43647b4f) f22 0x7ff8000000000000
core   0: 0x0000000080004f92 (0x40b4d7b3) sra     a5, s1, a1
core   0: 1 0x0000000080004f92 (0x40b4d7b3) x15 0xffffffffffffffff
core   0: 0x0000000080004f96 (0x427a5193) srai    gp, s4, 39
core   0: 1 0x0000000080004f96 (0x427a5193) x3  0xffffffffffffffff
core   0: 0x0000000080004f9a (0x42020cd3) fcvt.d.s fs9, ft4
core   0: 1 0x0000000080004f9a (0x42020cd3) f25 0x7ff8000000000000
core   0: 0x0000000080004f9e (0x02f44eb3) div     t4, s0, a5
core   0: 1 0x0000000080004f9e (0x02f44eb3) x29 0x0000000000000000
core   0: 0x0000000080004fa2 (0x001e9213) slli    tp, t4, 1
core   0: 1 0x0000000080004fa2 (0x001e9213) x4  0x0000000000000000
core   0: 0x0000000080004fa6 (0x407bd3bb) sraw    t2, s7, t2
core   0: 1 0x0000000080004fa6 (0x407bd3bb) x7  0x0000000000000000
core   0: 0x0000000080004faa (0xd22e7dd3) fcvt.d.l fs11, t3
core   0: 1 0x0000000080004faa (0xd22e7dd3) f27 0x0000000000000000
core   0: 0x0000000080004fae (0xd0337c53) fcvt.s.lu fs8, t1
core   0: 1 0x0000000080004fae (0xd0337c53) f24 0xffffffff40400000
core   0: 0x0000000080004fb2 (0xc0277cd3) fcvt.l.s s9, fa4
core   0: 1 0x0000000080004fb2 (0xc0277cd3) c1_fflags 0x0000000000000011 x25 0x7fffffffffffffff
core   0: 0x0000000080004fb6 (0xe20405d3) fmv.x.d a1, fs0
core   0: 1 0x0000000080004fb6 (0xe20405d3) x11 0x40a4500000000000
core   0: 0x0000000080004fba (0xc029f453) fcvt.l.s s0, fs3
core   0: 1 0x0000000080004fba (0xc029f453) c1_fflags 0x0000000000000011 x8  0x7fffffffffffffff
core   0: 0x0000000080004fbe (0xfffc7c13) andi    s8, s8, -1
core   0: 1 0x0000000080004fbe (0xfffc7c13) x24 0xffffffffffffffff
core   0: 0x0000000080004fc2 (0x914f80b7) lui     ra, 0x914f8
core   0: 1 0x0000000080004fc2 (0x914f80b7) x1  0xffffffff914f8000
core   0: 0x0000000080004fc6 (0x40e25833) sra     a6, tp, a4
core   0: 1 0x0000000080004fc6 (0x40e25833) x16 0x0000000000000000
core   0: 0x0000000080004fca (0x6fc57337) lui     t1, 0x6fc57
core   0: 1 0x0000000080004fca (0x6fc57337) x6  0x000000006fc57000
core   0: 0x0000000080004fce (0x238c2a53) fsgnjx.d fs4, fs8, fs8
core   0: 1 0x0000000080004fce (0x238c2a53) f20 0x7fffffff40400000
core   0: 0x0000000080004fd2 (0xd035f9d3) fcvt.s.lu fs3, a1
core   0: 1 0x0000000080004fd2 (0xd035f9d3) f19 0xffffffff5e8148a0
core   0: 0x0000000080004fd6 (0x00000ade) c.slli  s5, 23
core   0: 1 0x0000000080004fd6 (0x0ade) x21 0xffffffffff800000
core   0: 0x0000000080004fd8 (0xc23a7ed3) fcvt.lu.d t4, fs4
core   0: 1 0x0000000080004fd8 (0xc23a7ed3) c1_fflags 0x0000000000000011 x29 0xffffffffffffffff
core   0: 0x0000000080004fdc (0x7ff28293) addi    t0, t0, 2047
core   0: 1 0x0000000080004fdc (0x7ff28293) x5  0x00000000000007fe
core   0: 0x0000000080004fe0 (0x0066503b) srlw    zero, a2, t1
core   0: 1 0x0000000080004fe0 (0x0066503b)
core   0: 0x0000000080004fe4 (0x874c2937) lui     s2, 0x874c2
core   0: 1 0x0000000080004fe4 (0x874c2937) x18 0xffffffff874c2000
core   0: 0x0000000080004fe8 (0x0b3273cb) fnmsub.d ft7, ft4, fs3, ft1
core   0: 1 0x0000000080004fe8 (0x0b3273cb) f7  0x7ff8000000000000
core   0: 0x0000000080004fec (0x0191c633) xor     a2, gp, s9
core   0: 1 0x0000000080004fec (0x0191c633) x12 0x8000000000000000
core   0: 0x0000000080004ff0 (0xcade839b) addiw   t2, t4, -851
core   0: 1 0x0000000080004ff0 (0xcade839b) x7  0xfffffffffffffcac
core   0: 0x0000000080004ff4 (0x4010f353) fcvt.s.d ft6, ft1
core   0: 1 0x0000000080004ff4 (0x4010f353) f6  0xffffffff00000000
core   0: 0x0000000080004ff8 (0x007efb33) and     s6, t4, t2
core   0: 1 0x0000000080004ff8 (0x007efb33) x22 0xfffffffffffffcac
core   0: 0x0000000080004ffc (0xa3650cd3) fle.d   s9, fa0, fs6
core   0: 1 0x0000000080004ffc (0xa3650cd3) c1_fflags 0x0000000000000011 x25 0x0000000000000000
core   0: 0x0000000080005000 (0x401a58b3) sra     a7, s4, ra
core   0: 1 0x0000000080005000 (0x401a58b3) x17 0xffffffff8000601a
core   0: 0x0000000080005004 (0x230904d3) fsgnj.d fs1, fs2, fa6
core   0: 1 0x0000000080005004 (0x230904d3) f9  0x0000000000000000
core   0: 0x0000000080005008 (0x402dd13b) sraw    sp, s11, sp
core   0: 1 0x0000000080005008 (0x402dd13b) x2  0xffffffffffffffff
core   0: 0x000000008000500c (0xe224744b) fnmsub.d fs0, fs0, ft2, ft8
core   0: 1 0x000000008000500c (0xe224744b) f8  0xc15c5b2e00000000
core   0: 0x0000000080005010 (0x9b2979cb) fnmsub.d fs3, fs2, fs2, fs3
core   0: 1 0x0000000080005010 (0x9b2979cb) f19 0x7ff8000000000000
core   0: 0x0000000080005014 (0xe20783d3) fmv.x.d t2, fa5
core   0: 1 0x0000000080005014 (0xe20783d3) x7  0xffffffff5f800000
core   0: 0x0000000080005018 (0xd23a7c53) fcvt.d.lu fs8, s4
core   0: 1 0x0000000080005018 (0xd23a7c53) c1_fflags 0x0000000000000011 f24 0x43effffffff0000c
core   0: 0x000000008000501c (0x2aac0cd3) fmin.d  fs9, fs8, fa0
core   0: 1 0x000000008000501c (0x2aac0cd3) f25 0x43effffffff0000c
core   0: 0x0000000080005020 (0xd20881d3) fcvt.d.w ft3, a7
core   0: 1 0x0000000080005020 (0xd20881d3) f3  0xc1dfffe7f9800000
core   0: 0x0000000080005024 (0x123fffd3) fmul.d  ft11, ft11, ft3
core   0: 1 0x0000000080005024 (0x123fffd3) f31 0x8000000000000000
core   0: 0x0000000080005028 (0x23da2ed3) fsgnjx.d ft9, fs4, ft9
core   0: 1 0x0000000080005028 (0x23da2ed3) f29 0x7fffffff40400000
core   0: 0x000000008000502c (0x02611213) slli    tp, sp, 38
core   0: 1 0x000000008000502c (0x02611213) x4  0xffffffc000000000
core   0: 0x0000000080005030 (0x01c004bb) addw    s1, zero, t3
core   0: 1 0x0000000080005030 (0x01c004bb) x9  0x0000000000000000
core   0: 0x0000000080005034 (0x0289fed3) fadd.d  ft9, fs3, fs0
core   0: 1 0x0000000080005034 (0x0289fed3) f29 0x7ff8000000000000
core   0: 0x0000000080005038 (0x00d0153b) sllw    a0, zero, a3
core   0: 1 0x0000000080005038 (0x00d0153b) x10 0x0000000000000000
core   0: 0x000000008000503c (0x00000001) c.nop
core   0: 1 0x000000008000503c (0x0001)
core   0: 0x000000008000503e (0xed24eb17) auipc   s6, 0xed24e
core   0: 1 0x000000008000503e (0xed24eb17) x22 0x000000006d25303e
core   0: 0x0000000080005042 (0x0210603b) remw    zero, zero, ra
core   0: 1 0x0000000080005042 (0x0210603b)
core   0: 0x0000000080005046 (0x034f77d3) fadd.d  fa5, ft10, fs4
core   0: 1 0x0000000080005046 (0x034f77d3) f15 0x7ff8000000000000
core   0: 0x000000008000504a (0x000b9213) slli    tp, s7, 0
core   0: 1 0x000000008000504a (0x000b9213) x4  0x40a4000000000000
core   0: 0x000000008000504e (0x032660bb) remw    ra, a2, s2
core   0: 1 0x000000008000504e (0x032660bb) x1  0x0000000000000000
core   0: 0x0000000080005052 (0x124a7253) fmul.d  ft4, fs4, ft4
core   0: 1 0x0000000080005052 (0x124a7253) f4  0x7ff8000000000000
core   0: 0x0000000080005056 (0xc20f7a53) fcvt.w.d s4, ft10
core   0: 1 0x0000000080005056 (0xc20f7a53) c1_fflags 0x0000000000000011 x20 0x000000007fffffff
core   0: 0x000000008000505a (0x54c71cb7) lui     s9, 0x54c71
core   0: 1 0x000000008000505a (0x54c71cb7) x25 0x0000000054c71000
core   0: 0x000000008000505e (0x405884bb) subw    s1, a7, t0
core   0: 1 0x000000008000505e (0x405884bb) x9  0xffffffff8000581c
core   0: 0x0000000080005062 (0x1af27cd3) fdiv.d  fs9, ft4, fa5
core   0: 1 0x0000000080005062 (0x1af27cd3) f25 0x7ff8000000000000
core   0: 0x0000000080005066 (0x000b1113) slli    sp, s6, 0
core   0: 1 0x0000000080005066 (0x000b1113) x2  0x000000006d25303e
core   0: 0x000000008000506a (0xd2317553) fcvt.d.lu fa0, sp
core   0: 1 0x000000008000506a (0xd2317553) f10 0x41db494c0f800000
core   0: 0x000000008000506e (0x022af03b) remuw   zero, s5, sp
core   0: 1 0x000000008000506e (0x022af03b)
core   0: 0x0000000080005072 (0x4095da3b) sraw    s4, a1, s1
core   0: 1 0x0000000080005072 (0x4095da3b) x20 0x0000000000000000
core   0: 0x0000000080005076 (0x01fcd71b) srliw   a4, s9, 31
core   0: 1 0x0000000080005076 (0x01fcd71b) x14 0x0000000000000000
core   0: 0x000000008000507a (0x41ebda13) srai    s4, s7, 30
core   0: 1 0x000000008000507a (0x41ebda13) x20 0x0000000102900000
core   0: 0x000000008000507e (0x015de4b3) or      s1, s11, s5
core   0: 1 0x000000008000507e (0x015de4b3) x9  0xffffffffffffffff
core   0: 0x0000000080005082 (0x7b0828f3) csrrs   a7, dcsr, a6
core   0: exception trap_illegal_instruction, epc 0x0000000080005082
core   0:           tval 0x000000007b0828f3
core   0: >>>>  $xrv64i2p1_m2p0_a2p1_f2p2_d2p2_zicsr2p0_zifencei2p0_zmmul1p0_zba1p0_zbb1p0_zbc1p0_zbs1p0
core   0: 0x0000000080004000 (0x0080006f) j       pc + 0x8
core   0: 3 0x0000000080004000 (0x0080006f)
core   0: >>>>  mmode_exception_handler
core   0: 0x0000000080004008 (0x00002c17) auipc   s8, 0x2
core   0: 3 0x0000000080004008 (0x00002c17) x24 0x0000000080006008
core   0: 0x000000008000400c (0x012c0c13) addi    s8, s8, 18
core   0: 3 0x000000008000400c (0x012c0c13) x24 0x000000008000601a
core   0: 0x0000000080004010 (0x000c00e7) jalr    s8
core   0: 3 0x0000000080004010 (0x000c00e7) x1  0x0000000080004014
core   0: >>>>  any_handler
core   0: 0x000000008000601a (0x341027f3) csrrs   a5, mepc, zero
core   0: 3 0x000000008000601a (0x341027f3) x15 0x0000000080005082
core   0: 0x000000008000601e (0x34202773) csrrs   a4, mcause, zero
core   0: 3 0x000000008000601e (0x34202773) x14 0x0000000000000002
core   0: 0x0000000080006022 (0x142026f3) csrrs   a3, scause, zero
core   0: 3 0x0000000080006022 (0x142026f3) x13 0x0000000000000000
core   0: 0x0000000080006026 (0x30402673) csrrs   a2, mie, zero
core   0: 3 0x0000000080006026 (0x30402673) x12 0x0000000000000a00
core   0: 0x000000008000602a (0x344025f3) csrrs   a1, mip, zero
core   0: 3 0x000000008000602a (0x344025f3) x11 0x0000000000000080
core   0: 0x000000008000602e (0x343025f3) csrrs   a1, mtval, zero
core   0: 3 0x000000008000602e (0x343025f3) x11 0x000000007b0828f3
core   0: 0x0000000080006032 (0x14302573) csrrs   a0, stval, zero
core   0: 3 0x0000000080006032 (0x14302573) x10 0x0000000000000000
core   0: 0x0000000080006036 (0xb02024f3) csrrs   s1, minstret, zero
core   0: 3 0x0000000080006036 (0xb02024f3) x9  0x0000000000000cfb
core   0: 0x000000008000603a (0x0000a811) c.j     pc + 20
core   0: 3 0x000000008000603a (0xa811)
core   0: >>>>  mepc_4
core   0: 0x000000008000604e (0x00000791) c.addi  a5, 4
core   0: 3 0x000000008000604e (0x0791) x15 0x0000000080005086
core   0: 0x0000000080006050 (0x34179073) csrrw   zero, mepc, a5
core   0: 3 0x0000000080006050 (0x34179073) c833_mepc 0x0000000080005086
core   0: 0x0000000080006054 (0x30200073) mret
core   0: 3 0x0000000080006054 (0x30200073) c768_mstatus 0x8000000a00106080
core   0: 0x0000000080005086 (0x028a5793) srli    a5, s4, 40
core   0: 1 0x0000000080005086 (0x028a5793) x15 0x0000000000000000
core   0: 0x000000008000508a (0xc23d71d3) fcvt.lu.d gp, fs10
core   0: 1 0x000000008000508a (0xc23d71d3) c1_fflags 0x0000000000000011 x3  0xffffffffffffffff
core   0: 0x000000008000508e (0xf2000453) fmv.d.x fs0, zero
core   0: 1 0x000000008000508e (0xf2000453) f8  0x0000000000000000
core   0: 0x0000000080005092 (0x40005a13) srai    s4, zero, 0
core   0: 1 0x0000000080005092 (0x40005a13) x20 0x0000000000000000
core   0: 0x0000000080005096 (0x0ff0000f) fence   iorw,iorw
core   0: 1 0x0000000080005096 (0x0ff0000f)
core   0: 0x000000008000509a (0x013292b3) sll     t0, t0, s3
core   0: 1 0x000000008000509a (0x013292b3) x5  0x0000000000000000
core   0: 0x000000008000509e (0xed72ed13) ori     s10, t0, -297
core   0: 1 0x000000008000509e (0xed72ed13) x26 0xfffffffffffffed7
core   0: 0x00000000800050a2 (0xe2040a53) fmv.x.d s4, fs0
core   0: 1 0x00000000800050a2 (0xe2040a53) x20 0x0000000000000000
core   0: 0x00000000800050a6 (0x0341c5bb) divw    a1, gp, s4
core   0: 1 0x00000000800050a6 (0x0341c5bb) x11 0xffffffffffffffff
core   0: 0x00000000800050aa (0xc0247dd3) fcvt.l.s s11, fs0
core   0: 1 0x00000000800050aa (0xc0247dd3) c1_fflags 0x0000000000000011 x27 0x7fffffffffffffff
core   0: 0x00000000800050ae (0x416a8dbb) subw    s11, s5, s6
core   0: 1 0x00000000800050ae (0x416a8dbb) x27 0xffffffff925acfc2
core   0: 0x00000000800050b2 (0xd21581d3) fcvt.d.wu ft3, a1
core   0: 1 0x00000000800050b2 (0xd21581d3) f3  0x41efffffffe00000
core   0: 0x00000000800050b6 (0x003de633) or      a2, s11, gp
core   0: 1 0x00000000800050b6 (0x003de633) x12 0xffffffffffffffff
core   0: 0x00000000800050ba (0xc233f853) fcvt.lu.d a6, ft7
core   0: 1 0x00000000800050ba (0xc233f853) c1_fflags 0x0000000000000011 x16 0xffffffffffffffff
core   0: 0x00000000800050be (0x40948533) sub     a0, s1, s1
core   0: 1 0x00000000800050be (0x40948533) x10 0x0000000000000000
core   0: 0x00000000800050c2 (0x00a542b3) xor     t0, a0, a0
core   0: 1 0x00000000800050c2 (0x00a542b3) x5  0x0000000000000000
core   0: 0x00000000800050c6 (0x01048733) add     a4, s1, a6
core   0: 1 0x00000000800050c6 (0x01048733) x14 0x0000000000000cfa
core   0: 0x00000000800050ca (0x0110f8b3) and     a7, ra, a7
core   0: 1 0x00000000800050ca (0x0110f8b3) x17 0x0000000080004010
core   0: 0x00000000800050ce (0x03450a3b) mulw    s4, a0, s4
core   0: 1 0x00000000800050ce (0x03450a3b) x20 0x0000000000000000
core   0: 0x00000000800050d2 (0x40d2d1bb) sraw    gp, t0, a3
core   0: 1 0x00000000800050d2 (0x40d2d1bb) x3  0x0000000000000000
core   0: 0x00000000800050d6 (0x00366633) or      a2, a2, gp
core   0: 1 0x00000000800050d6 (0x00366633) x12 0xffffffffffffffff
core   0: 0x00000000800050da (0x0347f4b3) remu    s1, a5, s4
core   0: 1 0x00000000800050da (0x0347f4b3) x9  0x0000000000000000
core   0: 0x00000000800050de (0xd2160f53) fcvt.d.wu ft10, a2
core   0: 1 0x00000000800050de (0xd2160f53) f30 0x41efffffffe00000
core   0: 0x00000000800050e2 (0x00291973) csrrw   s2, frm, s2
core   0: 1 0x00000000800050e2 (0x00291973) x18 0x0000000000000004 c2_frm 0x0000000000000000
core   0: 0x00000000800050e6 (0x0142d5bb) srlw    a1, t0, s4
core   0: 1 0x00000000800050e6 (0x0142d5bb) x11 0x0000000000000000
core   0: 0x00000000800050ea (0xa33288d3) fle.d   a7, ft5, fs3
core   0: 1 0x00000000800050ea (0xa33288d3) c1_fflags 0x0000000000000011 x17 0x0000000000000000
core   0: 0x00000000800050ee (0x02a6653b) remw    a0, a2, a0
core   0: 1 0x00000000800050ee (0x02a6653b) x10 0xffffffffffffffff
core   0: 0x00000000800050f2 (0x414504b3) sub     s1, a0, s4
core   0: 1 0x00000000800050f2 (0x414504b3) x9  0xffffffffffffffff
core   0: 0x00000000800050f6 (0x2be68153) fmin.d  ft2, fa3, ft10
core   0: 1 0x00000000800050f6 (0x2be68153) f2  0x41efffffffe00000
core   0: 0x00000000800050fa (0x00a31e3b) sllw    t3, t1, a0
core   0: 1 0x00000000800050fa (0x00a31e3b) x28 0x0000000000000000
core   0: 0x00000000800050fe (0xa23109d3) fle.d   s3, ft2, ft3
core   0: 1 0x00000000800050fe (0xa23109d3) x19 0x0000000000000001
core   0: 0x0000000080005102 (0xd227fe53) fcvt.d.l ft8, a5
core   0: 1 0x0000000080005102 (0xd227fe53) f28 0x0000000000000000
core   0: 0x0000000080005106 (0xc22171d3) fcvt.l.d gp, ft2
core   0: 1 0x0000000080005106 (0xc22171d3) x3  0x00000000ffffffff
core   0: 0x000000008000510a (0x3421ae73) csrrs   t3, mcause, gp
core   0: exception trap_illegal_instruction, epc 0x000000008000510a
core   0:           tval 0x000000003421ae73
core   0: >>>>  $xrv64i2p1_m2p0_a2p1_f2p2_d2p2_zicsr2p0_zifencei2p0_zmmul1p0_zba1p0_zbb1p0_zbc1p0_zbs1p0
core   0: 0x0000000080004000 (0x0080006f) j       pc + 0x8
core   0: 3 0x0000000080004000 (0x0080006f)
core   0: >>>>  mmode_exception_handler
core   0: 0x0000000080004008 (0x00002c17) auipc   s8, 0x2
core   0: 3 0x0000000080004008 (0x00002c17) x24 0x0000000080006008
core   0: 0x000000008000400c (0x012c0c13) addi    s8, s8, 18
core   0: 3 0x000000008000400c (0x012c0c13) x24 0x000000008000601a
core   0: 0x0000000080004010 (0x000c00e7) jalr    s8
core   0: 3 0x0000000080004010 (0x000c00e7) x1  0x0000000080004014
core   0: >>>>  any_handler
core   0: 0x000000008000601a (0x341027f3) csrrs   a5, mepc, zero
core   0: 3 0x000000008000601a (0x341027f3) x15 0x000000008000510a
core   0: 0x000000008000601e (0x34202773) csrrs   a4, mcause, zero
core   0: 3 0x000000008000601e (0x34202773) x14 0x0000000000000002
core   0: 0x0000000080006022 (0x142026f3) csrrs   a3, scause, zero
core   0: 3 0x0000000080006022 (0x142026f3) x13 0x0000000000000000
core   0: 0x0000000080006026 (0x30402673) csrrs   a2, mie, zero
core   0: 3 0x0000000080006026 (0x30402673) x12 0x0000000000000a00
core   0: 0x000000008000602a (0x344025f3) csrrs   a1, mip, zero
core   0: 3 0x000000008000602a (0x344025f3) x11 0x0000000000000080
core   0: 0x000000008000602e (0x343025f3) csrrs   a1, mtval, zero
core   0: 3 0x000000008000602e (0x343025f3) x11 0x000000003421ae73
core   0: 0x0000000080006032 (0x14302573) csrrs   a0, stval, zero
core   0: 3 0x0000000080006032 (0x14302573) x10 0x0000000000000000
core   0: 0x0000000080006036 (0xb02024f3) csrrs   s1, minstret, zero
core   0: 3 0x0000000080006036 (0xb02024f3) x9  0x0000000000000d2c
core   0: 0x000000008000603a (0x0000a811) c.j     pc + 20
core   0: 3 0x000000008000603a (0xa811)
core   0: >>>>  mepc_4
core   0: 0x000000008000604e (0x00000791) c.addi  a5, 4
core   0: 3 0x000000008000604e (0x0791) x15 0x000000008000510e
core   0: 0x0000000080006050 (0x34179073) csrrw   zero, mepc, a5
core   0: 3 0x0000000080006050 (0x34179073) c833_mepc 0x000000008000510e
core   0: 0x0000000080006054 (0x30200073) mret
core   0: 3 0x0000000080006054 (0x30200073) c768_mstatus 0x8000000a00106080
core   0: 0x000000008000510e (0x2bc203d3) fmin.d  ft7, ft4, ft8
core   0: 1 0x000000008000510e (0x2bc203d3) f7  0x0000000000000000
core   0: 0x0000000080005112 (0x0291fcbb) remuw   s9, gp, s1
core   0: 1 0x0000000080005112 (0x0291fcbb) x25 0x000000000000013b
core   0: 0x0000000080005116 (0x0009da93) srli    s5, s3, 0
core   0: 1 0x0000000080005116 (0x0009da93) x21 0x0000000000000001
core   0: 0x000000008000511a (0xfffa881b) addiw   a6, s5, -1
core   0: 1 0x000000008000511a (0xfffa881b) x16 0x0000000000000000
core   0: 0x000000008000511e (0x983e0e1b) addiw   t3, t3, -1661
core   0: 1 0x000000008000511e (0x983e0e1b) x28 0xfffffffffffff983
core   0: 0x0000000080005122 (0x5a0276d3) fsqrt.d fa3, ft4
core   0: 1 0x0000000080005122 (0x5a0276d3) f13 0x7ff8000000000000
core   0: 0x0000000080005126 (0x00000001) c.nop
core   0: 1 0x0000000080005126 (0x0001)
core   0: 0x0000000080005128 (0x01c874b3) and     s1, a6, t3
core   0: 1 0x0000000080005128 (0x01c874b3) x9  0x0000000000000000
core   0: 0x000000008000512c (0x01850cb7) lui     s9, 0x1850
core   0: 1 0x000000008000512c (0x01850cb7) x25 0x0000000001850000
core   0: 0x0000000080005130 (0xc85c8c9b) addiw   s9, s9, -891
core   0: 1 0x0000000080005130 (0xc85c8c9b) x25 0x000000000184fc85
core   0: 0x0000000080005134 (0x00000cb2) c.slli  s9, 12
core   0: 1 0x0000000080005134 (0x0cb2) x25 0x000000184fc85000
core   0: 0x0000000080005136 (0xfa7c8c93) addi    s9, s9, -89
core   0: 1 0x0000000080005136 (0xfa7c8c93) x25 0x000000184fc84fa7
core   0: 0x000000008000513a (0x00a441b3) xor     gp, s0, a0
core   0: 1 0x000000008000513a (0x00a441b3) x3  0x7fffffffffffffff
core   0: 0x000000008000513e (0x00b50db3) add     s11, a0, a1
core   0: 1 0x000000008000513e (0x00b50db3) x27 0x000000003421ae73
core   0: 0x0000000080005142 (0x02422e33) mulhsu  t3, tp, tp
core   0: 1 0x0000000080005142 (0x02422e33) x28 0x1052691000000000
core   0: 0x0000000080005146 (0x017c97bb) sllw    a5, s9, s7
core   0: 1 0x0000000080005146 (0x017c97bb) x15 0x000000004fc84fa7
core   0: 0x000000008000514a (0x01645293) srli    t0, s0, 22
core   0: 1 0x000000008000514a (0x01645293) x5  0x000001ffffffffff
core   0: 0x000000008000514e (0x0210cc3b) divw    s8, ra, ra
core   0: 1 0x000000008000514e (0x0210cc3b) x24 0x0000000000000001
core   0: 0x0000000080005152 (0x00000001) c.nop
core   0: 1 0x0000000080005152 (0x0001)
core   0: 0x0000000080005154 (0x001d1673) csrrw   a2, fflags, s10
core   0: 1 0x0000000080005154 (0x001d1673) x12 0x0000000000000011 c1_fflags 0x0000000000000017
core   0: 0x0000000080005158 (0x1c4cf493) andi    s1, s9, 452
core   0: 1 0x0000000080005158 (0x1c4cf493) x9  0x0000000000000184
core   0: 0x000000008000515c (0x01b29813) slli    a6, t0, 27
core   0: 1 0x000000008000515c (0x01b29813) x16 0xfffffffff8000000
core   0: 0x0000000080005160 (0x02c84b33) div     s6, a6, a2
core   0: 1 0x0000000080005160 (0x02c84b33) x22 0xffffffffff878788
core   0: 0x0000000080005164 (0x025726b3) mulhsu  a3, a4, t0
core   0: 1 0x0000000080005164 (0x025726b3) x13 0x0000000000000000
core   0: 0x0000000080005168 (0x9a66fdc7) fmsub.d fs11, fa3, ft6, fs3
core   0: 1 0x0000000080005168 (0x9a66fdc7) f27 0x7ff8000000000000
core   0: 0x000000008000516c (0x416a8bb3) sub     s7, s5, s6
core   0: 1 0x000000008000516c (0x416a8bb3) x23 0x0000000000787879
core   0: 0x0000000080005170 (0x037ecebb) divw    t4, t4, s7
core   0: 1 0x0000000080005170 (0x037ecebb) x29 0x0000000000000000
core   0: 0x0000000080005174 (0x001417f3) csrrw   a5, fflags, s0
core   0: 1 0x0000000080005174 (0x001417f3) x15 0x0000000000000017 c1_fflags 0x000000000000001f
core   0: 0x0000000080005178 (0x02378d33) mul     s10, a5, gp
core   0: 1 0x0000000080005178 (0x02378d33) x26 0x7fffffffffffffe9
core   0: 0x000000008000517c (0x9b68c893) xori    a7, a7, -1610
core   0: 1 0x000000008000517c (0x9b68c893) x17 0xfffffffffffff9b6
core   0: 0x0000000080005180 (0x03127233) remu    tp, tp, a7
core   0: 1 0x0000000080005180 (0x03127233) x4  0x40a4000000000000
core   0: 0x0000000080005184 (0x0a74fbd3) fsub.d  fs7, fs1, ft7
core   0: 1 0x0000000080005184 (0x0a74fbd3) f23 0x0000000000000000
core   0: 0x0000000080005188 (0xd0327153) fcvt.s.lu ft2, tp
core   0: 1 0x0000000080005188 (0xd0327153) f2  0xffffffff5e814800
core   0: 0x000000008000518c (0xd0357ad3) fcvt.s.lu fs5, a0
core   0: 1 0x000000008000518c (0xd0357ad3) f21 0xffffffff00000000
core   0: 0x0000000080005190 (0x420080d3) fcvt.d.s ft1, ft1
core   0: 1 0x0000000080005190 (0x420080d3) f1  0x7ff8000000000000
core   0: 0x0000000080005194 (0x0367ae33) mulhsu  t3, a5, s6
core   0: 1 0x0000000080005194 (0x0367ae33) x28 0x0000000000000016
core   0: 0x0000000080005198 (0x01d9a3b3) slt     t2, s3, t4
core   0: 1 0x0000000080005198 (0x01d9a3b3) x7  0x0000000000000000
core   0: 0x000000008000519c (0xf3a07043) fmadd.d ft0, ft0, fs10, ft10
core   0: 1 0x000000008000519c (0xf3a07043) f0  0x7ff8000000000000
core   0: 0x00000000800051a0 (0x03358233) mul     tp, a1, s3
core   0: 1 0x00000000800051a0 (0x03358233) x4  0x000000003421ae73
core   0: 0x00000000800051a4 (0x00020a9b) sext.w  s5, tp
core   0: 1 0x00000000800051a4 (0x00020a9b) x21 0x000000003421ae73
core   0: 0x00000000800051a8 (0x02fed533) divu    a0, t4, a5
core   0: 1 0x00000000800051a8 (0x02fed533) x10 0x0000000000000000
core   0: 0x00000000800051ac (0x12fbf24b) fnmsub.d ft4, fs7, fa5, ft2
core   0: 1 0x00000000800051ac (0x12fbf24b) f4  0x7ff8000000000000
core   0: 0x00000000800051b0 (0x4086dcbb) sraw    s9, a3, s0
core   0: 1 0x00000000800051b0 (0x4086dcbb) x25 0x0000000000000000
core   0: 0x00000000800051b4 (0x340ca1f3) csrrs   gp, mscratch, s9
core   0: exception trap_illegal_instruction, epc 0x00000000800051b4
core   0:           tval 0x00000000340ca1f3
core   0: >>>>  $xrv64i2p1_m2p0_a2p1_f2p2_d2p2_zicsr2p0_zifencei2p0_zmmul1p0_zba1p0_zbb1p0_zbc1p0_zbs1p0
core   0: 0x0000000080004000 (0x0080006f) j       pc + 0x8
core   0: 3 0x0000000080004000 (0x0080006f)
core   0: >>>>  mmode_exception_handler
core   0: 0x0000000080004008 (0x00002c17) auipc   s8, 0x2
core   0: 3 0x0000000080004008 (0x00002c17) x24 0x0000000080006008
core   0: 0x000000008000400c (0x012c0c13) addi    s8, s8, 18
core   0: 3 0x000000008000400c (0x012c0c13) x24 0x000000008000601a
core   0: 0x0000000080004010 (0x000c00e7) jalr    s8
core   0: 3 0x0000000080004010 (0x000c00e7) x1  0x0000000080004014
core   0: >>>>  any_handler
core   0: 0x000000008000601a (0x341027f3) csrrs   a5, mepc, zero
core   0: 3 0x000000008000601a (0x341027f3) x15 0x00000000800051b4
core   0: 0x000000008000601e (0x34202773) csrrs   a4, mcause, zero
core   0: 3 0x000000008000601e (0x34202773) x14 0x0000000000000002
core   0: 0x0000000080006022 (0x142026f3) csrrs   a3, scause, zero
core   0: 3 0x0000000080006022 (0x142026f3) x13 0x0000000000000000
core   0: 0x0000000080006026 (0x30402673) csrrs   a2, mie, zero
core   0: 3 0x0000000080006026 (0x30402673) x12 0x0000000000000a00
core   0: 0x000000008000602a (0x344025f3) csrrs   a1, mip, zero
core   0: 3 0x000000008000602a (0x344025f3) x11 0x0000000000000080
core   0: 0x000000008000602e (0x343025f3) csrrs   a1, mtval, zero
core   0: 3 0x000000008000602e (0x343025f3) x11 0x00000000340ca1f3
core   0: 0x0000000080006032 (0x14302573) csrrs   a0, stval, zero
core   0: 3 0x0000000080006032 (0x14302573) x10 0x0000000000000000
core   0: 0x0000000080006036 (0xb02024f3) csrrs   s1, minstret, zero
core   0: 3 0x0000000080006036 (0xb02024f3) x9  0x0000000000000d67
core   0: 0x000000008000603a (0x0000a811) c.j     pc + 20
core   0: 3 0x000000008000603a (0xa811)
core   0: >>>>  mepc_4
core   0: 0x000000008000604e (0x00000791) c.addi  a5, 4
core   0: 3 0x000000008000604e (0x0791) x15 0x00000000800051b8
core   0: 0x0000000080006050 (0x34179073) csrrw   zero, mepc, a5
core   0: 3 0x0000000080006050 (0x34179073) c833_mepc 0x00000000800051b8
core   0: 0x0000000080006054 (0x30200073) mret
core   0: 3 0x0000000080006054 (0x30200073) c768_mstatus 0x8000000a00106080
core   0: 0x00000000800051b8 (0x41f0501b) sraiw   zero, zero, 31
core   0: 1 0x00000000800051b8 (0x41f0501b)
core   0: 0x00000000800051bc (0x020a5a33) divu    s4, s4, zero
core   0: 1 0x00000000800051bc (0x020a5a33) x20 0xffffffffffffffff
core   0: 0x00000000800051c0 (0x009682bb) addw    t0, a3, s1
core   0: 1 0x00000000800051c0 (0x009682bb) x5  0x0000000000000d67
core   0: 0x00000000800051c4 (0x01294933) xor     s2, s2, s2
core   0: 1 0x00000000800051c4 (0x01294933) x18 0x0000000000000000
core   0: 0x00000000800051c8 (0x23269f53) fsgnjn.d ft10, fa3, fs2
core   0: 1 0x00000000800051c8 (0x23269f53) f30 0x7ff8000000000000
core   0: 0x00000000800051cc (0x03b97333) remu    t1, s2, s11
core   0: 1 0x00000000800051cc (0x03b97333) x6  0x0000000000000000
core   0: 0x00000000800051d0 (0x00ea04b3) add     s1, s4, a4
core   0: 1 0x00000000800051d0 (0x00ea04b3) x9  0x0000000000000001
core   0: 0x00000000800051d4 (0x02a3a533) mulhsu  a0, t2, a0
core   0: 1 0x00000000800051d4 (0x02a3a533) x10 0x0000000000000000
core   0: 0x00000000800051d8 (0x8005f793) andi    a5, a1, -2048
core   0: 1 0x00000000800051d8 (0x8005f793) x15 0x00000000340ca000
core   0: 0x00000000800051dc (0x00000001) c.nop
core   0: 1 0x00000000800051dc (0x0001)
core   0: 0x00000000800051de (0xe2060a53) fmv.x.d s4, fa2
core   0: 1 0x00000000800051de (0xe2060a53) x20 0x7ff8000000000000
core   0: 0x00000000800051e2 (0x031a5233) divu    tp, s4, a7
core   0: 1 0x00000000800051e2 (0x031a5233) x4  0x0000000000000000
core   0: 0x00000000800051e6 (0x001b0713) addi    a4, s6, 1
core   0: 1 0x00000000800051e6 (0x001b0713) x14 0xffffffffff878789
core   0: 0x00000000800051ea (0x017e0233) add     tp, t3, s7
core   0: 1 0x00000000800051ea (0x017e0233) x4  0x000000000078788f
core   0: 0x00000000800051ee (0x02f7febb) remuw   t4, a5, a5
core   0: 1 0x00000000800051ee (0x02f7febb) x29 0x0000000000000000
core   0: 0x00000000800051f2 (0x400ed71b) sraiw   a4, t4, 0
core   0: 1 0x00000000800051f2 (0x400ed71b) x14 0x0000000000000000
core   0: 0x00000000800051f6 (0x0ff0000f) fence   iorw,iorw
core   0: 1 0x00000000800051f6 (0x0ff0000f)
core   0: 0x00000000800051fa (0xc208f153) fcvt.w.d sp, fa7
core   0: 1 0x00000000800051fa (0xc208f153) c1_fflags 0x000000000000001f x2  0x000000007fffffff
core   0: 0x00000000800051fe (0x021040b3) div     ra, zero, ra
core   0: 1 0x00000000800051fe (0x021040b3) x1  0x0000000000000000
core   0: 0x0000000080005202 (0xd0387053) fcvt.s.lu ft0, a6
core   0: 1 0x0000000080005202 (0xd0387053) c1_fflags 0x000000000000001f f0  0xffffffff5f800000
core   0: 0x0000000080005206 (0x02cd7d33) remu    s10, s10, a2
core   0: 1 0x0000000080005206 (0x02cd7d33) x26 0x00000000000007e9
core   0: 0x000000008000520a (0xeb7efec3) fmadd.d ft9, ft9, fs7, ft9
core   0: 1 0x000000008000520a (0xeb7efec3) f29 0x7ff8000000000000
core   0: 0x000000008000520e (0xc23efcd3) fcvt.lu.d s9, ft9
core   0: 1 0x000000008000520e (0xc23efcd3) c1_fflags 0x000000000000001f x25 0xffffffffffffffff
core   0: 0x0000000080005212 (0x03907cd3) fadd.d  fs9, ft0, fs9
core   0: 1 0x0000000080005212 (0x03907cd3) f25 0x7ff8000000000000
core   0: 0x0000000080005216 (0x02127433) remu    s0, tp, ra
core   0: 1 0x0000000080005216 (0x02127433) x8  0x000000000078788f
core   0: 0x000000008000521a (0x039d1d33) mulh    s10, s10, s9
core   0: 1 0x000000008000521a (0x039d1d33) x26 0xffffffffffffffff
core   0: 0x000000008000521e (0x41b5ddbb) sraw    s11, a1, s11
core   0: 1 0x000000008000521e (0x41b5ddbb) x27 0x0000000000000681
core   0: 0x0000000080005222 (0x220c8753) fsgnj.d fa4, fs9, ft0
core   0: 1 0x0000000080005222 (0x220c8753) f14 0xfff8000000000000
core   0: 0x0000000080005226 (0x01b5f633) and     a2, a1, s11
core   0: 1 0x0000000080005226 (0x01b5f633) x12 0x0000000000000081
core   0: 0x000000008000522a (0x02c8e4b3) rem     s1, a7, a2
core   0: 1 0x000000008000522a (0x02c8e4b3) x9  0xffffffffffffffc2
core   0: 0x000000008000522e (0x4146563b) sraw    a2, a2, s4
core   0: 1 0x000000008000522e (0x4146563b) x12 0x0000000000000081
core   0: 0x0000000080005232 (0x9a391b37) lui     s6, 0x9a391
core   0: 1 0x0000000080005232 (0x9a391b37) x22 0xffffffff9a391000
core   0: 0x0000000080005236 (0x5a06f853) fsqrt.d fa6, fa3
core   0: 1 0x0000000080005236 (0x5a06f853) f16 0x7ff8000000000000
core   0: 0x000000008000523a (0x02435313) srli    t1, t1, 36
core   0: 1 0x000000008000523a (0x02435313) x6  0x0000000000000000
core   0: 0x000000008000523e (0x003d8dbb) addw    s11, s11, gp
core   0: 1 0x000000008000523e (0x003d8dbb) x27 0x0000000000000680
core   0: 0x0000000080005242 (0x406d5bb3) sra     s7, s10, t1
core   0: 1 0x0000000080005242 (0x406d5bb3) x23 0xffffffffffffffff
core   0: 0x0000000080005246 (0x0ff0000f) fence   iorw,iorw
core   0: 1 0x0000000080005246 (0x0ff0000f)
core   0: 0x000000008000524a (0x023bdd33) divu    s10, s7, gp
core   0: 1 0x000000008000524a (0x023bdd33) x26 0x0000000000000002
core   0: 0x000000008000524e (0x03868c33) mul     s8, a3, s8
core   0: 1 0x000000008000524e (0x03868c33) x24 0x0000000000000000
core   0: 0x0000000080005252 (0x56875c37) lui     s8, 0x56875
core   0: 1 0x0000000080005252 (0x56875c37) x24 0x0000000056875000
core   0: 0x0000000080005256 (0xc0387c53) fcvt.lu.s s8, fa6
core   0: 1 0x0000000080005256 (0xc0387c53) c1_fflags 0x000000000000001f x24 0xffffffffffffffff
core   0: 0x000000008000525a (0x008294bb) sllw    s1, t0, s0
core   0: 1 0x000000008000525a (0x008294bb) x9  0x0000000006b38000
core   0: 0x000000008000525e (0x8004851b) addiw   a0, s1, -2048
core   0: 1 0x000000008000525e (0x8004851b) x10 0x0000000006b37800
core   0: 0x0000000080005262 (0x40177453) fcvt.s.d fs0, fa4
core   0: 1 0x0000000080005262 (0x40177453) f8  0xffffffff7fc00000
core   0: 0x0000000080005266 (0xd0357ad3) fcvt.s.lu fs5, a0
core   0: 1 0x0000000080005266 (0xd0357ad3) f21 0xffffffff4cd66f00
core   0: 0x000000008000526a (0x420a0253) fcvt.d.s ft4, fs4
core   0: 1 0x000000008000526a (0x420a0253) f4  0x7ff8000000000000
core   0: 0x000000008000526e (0x414cdc9b) sraiw   s9, s9, 20
core   0: 1 0x000000008000526e (0x414cdc9b) x25 0xffffffffffffffff
core   0: 0x0000000080005272 (0x019a7333) and     t1, s4, s9
core   0: 1 0x0000000080005272 (0x019a7333) x6  0x7ff8000000000000
core   0: 0x0000000080005276 (0x001027f3) csrrs   a5, fflags, zero
core   0: 1 0x0000000080005276 (0x001027f3) x15 0x000000000000001f
core   0: 0x000000008000527a (0xd2030ed3) fcvt.d.w ft9, t1
core   0: 1 0x000000008000527a (0xd2030ed3) f29 0x0000000000000000
core   0: 0x000000008000527e (0x8e05d0b7) lui     ra, 0x8e05d
core   0: 1 0x000000008000527e (0x8e05d0b7) x1  0xffffffff8e05d000
core   0: 0x0000000080005282 (0x41fe571b) sraiw   a4, t3, 31
core   0: 1 0x0000000080005282 (0x41fe571b) x14 0x0000000000000000
core   0: 0x0000000080005286 (0xd2108853) fcvt.d.wu fa6, ra
core   0: 1 0x0000000080005286 (0xd2108853) f16 0x41e1c0ba00000000
core   0: 0x000000008000528a (0x10a6a073) csrrs   zero, senvcfg, a3
core   0: 1 0x000000008000528a (0x10a6a073) c266_senvcfg 0x0000000000000000
core   0: 0x000000008000528e (0x0359b0b3) mulhu   ra, s3, s5
core   0: 1 0x000000008000528e (0x0359b0b3) x1  0x0000000000000000
core   0: 0x0000000080005292 (0x1228f8d3) fmul.d  fa7, fa7, ft2
core   0: 1 0x0000000080005292 (0x1228f8d3) f17 0x7ff8000000000000
core   0: 0x0000000080005296 (0xd238f7d3) fcvt.d.lu fa5, a7
core   0: 1 0x0000000080005296 (0xd238f7d3) c1_fflags 0x000000000000001f f15 0x43efffffffffffff
core   0: 0x000000008000529a (0x0319f547) fmsub.d fa0, fs3, fa7, ft0
core   0: 1 0x000000008000529a (0x0319f547) f10 0x7ff8000000000000
core   0: 0x000000008000529e (0x028e7e4f) fnmadd.d ft8, ft8, fs0, ft0
core   0: 1 0x000000008000529e (0x028e7e4f) f28 0x7ff8000000000000
core   0: 0x00000000800052a2 (0x023485b3) mul     a1, s1, gp
core   0: 1 0x00000000800052a2 (0x023485b3) x11 0xfffffffff94c8000
core   0: 0x00000000800052a6 (0xa2b007d3) fle.d   a5, ft0, fa1
core   0: 1 0x00000000800052a6 (0xa2b007d3) c1_fflags 0x000000000000001f x15 0x0000000000000000
core   0: 0x00000000800052aa (0xdbc24993) xori    s3, tp, -580
core   0: 1 0x00000000800052aa (0xdbc24993) x19 0xffffffffff878533
core   0: 0x00000000800052ae (0xe3c07c47) fmsub.d fs8, ft0, ft8, ft8
core   0: 1 0x00000000800052ae (0xe3c07c47) f24 0x7ff8000000000000
core   0: 0x00000000800052b2 (0x23e50353) fsgnj.d ft6, fa0, ft10
core   0: 1 0x00000000800052b2 (0x23e50353) f6  0x7ff8000000000000
core   0: 0x00000000800052b6 (0x03405a3b) divuw   s4, zero, s4
core   0: 1 0x00000000800052b6 (0x03405a3b) x20 0xffffffffffffffff
core   0: 0x00000000800052ba (0x001021f3) csrrs   gp, fflags, zero
core   0: 1 0x00000000800052ba (0x001021f3) x3  0x000000000000001f
core   0: 0x00000000800052be (0x22401e53) fsgnjn.d ft8, ft0, ft4
core   0: 1 0x00000000800052be (0x22401e53) f28 0xffffffff5f800000
core   0: 0x00000000800052c2 (0x0205acb3) mulhsu  s9, a1, zero
core   0: 1 0x00000000800052c2 (0x0205acb3) x25 0x0000000000000000
core   0: 0x00000000800052c6 (0x53bdf74f) fnmadd.d fa4, fs11, fs11, fa0
core   0: 1 0x00000000800052c6 (0x53bdf74f) f14 0x7ff8000000000000
core   0: 0x00000000800052ca (0x1251f253) fmul.d  ft4, ft3, ft5
core   0: 1 0x00000000800052ca (0x1251f253) f4  0x7ff8000000000000
core   0: 0x00000000800052ce (0x401cdd1b) sraiw   s10, s9, 1
core   0: 1 0x00000000800052ce (0x401cdd1b) x26 0x0000000000000000
core   0: 0x00000000800052d2 (0x015c81bb) addw    gp, s9, s5
core   0: 1 0x00000000800052d2 (0x015c81bb) x3  0x000000003421ae73
core   0: 0x00000000800052d6 (0x00000001) c.nop
core   0: 1 0x00000000800052d6 (0x0001)
core   0: 0x00000000800052d8 (0x9ffe3c17) auipc   s8, 0x9ffe3
core   0: 1 0x00000000800052d8 (0x9ffe3c17) x24 0x000000001ffe82d8
core   0: 0x00000000800052dc (0x0ff0000f) fence   iorw,iorw
core   0: 1 0x00000000800052dc (0x0ff0000f)
core   0: 0x00000000800052e0 (0xf20189d3) fmv.d.x fs3, gp
core   0: 1 0x00000000800052e0 (0xf20189d3) f19 0x000000003421ae73
core   0: 0x00000000800052e4 (0xd2317e53) fcvt.d.lu ft8, sp
core   0: 1 0x00000000800052e4 (0xd2317e53) f28 0x41dfffffffc00000
core   0: 0x00000000800052e8 (0x00485393) srli    t2, a6, 4
core   0: 1 0x00000000800052e8 (0x00485393) x7  0x0fffffffff800000
core   0: 0x00000000800052ec (0x0060acb3) slt     s9, ra, t1
core   0: 1 0x00000000800052ec (0x0060acb3) x25 0x0000000000000001
core   0: 0x00000000800052f0 (0x0bc9f8d3) fsub.d  fa7, fs3, ft8
core   0: 1 0x00000000800052f0 (0x0bc9f8d3) c1_fflags 0x000000000000001f f17 0xc1dfffffffc00000
core   0: 0x00000000800052f4 (0x0249d2b3) divu    t0, s3, tp
core   0: 1 0x00000000800052f4 (0x0249d2b3) x5  0x0000021fff9a4412
core   0: 0x00000000800052f8 (0x4127dd9b) sraiw   s11, a5, 18
core   0: 1 0x00000000800052f8 (0x4127dd9b) x27 0x0000000000000000
core   0: 0x00000000800052fc (0x405658bb) sraw    a7, a2, t0
core   0: 1 0x00000000800052fc (0x405658bb) x17 0x0000000000000000
core   0: 0x0000000080005300 (0x0198939b) slliw   t2, a7, 25
core   0: 1 0x0000000080005300 (0x0198939b) x7  0x0000000000000000
core   0: 0x0000000080005304 (0x034d4a33) div     s4, s10, s4
core   0: 1 0x0000000080005304 (0x034d4a33) x20 0x0000000000000000
core   0: 0x0000000080005308 (0x2bce92d3) fmax.d  ft5, ft9, ft8
core   0: 1 0x0000000080005308 (0x2bce92d3) f5  0x41dfffffffc00000
core   0: 0x000000008000530c (0x41435cbb) sraw    s9, t1, s4
core   0: 1 0x000000008000530c (0x41435cbb) x25 0x0000000000000000
core   0: 0x0000000080005310 (0x40bb05bb) subw    a1, s6, a1
core   0: 1 0x0000000080005310 (0x40bb05bb) x11 0xffffffffa0ec9000
core   0: 0x0000000080005314 (0x02e2f1d3) fadd.d  ft3, ft5, fa4
core   0: 1 0x0000000080005314 (0x02e2f1d3) f3  0x7ff8000000000000
core   0: 0x0000000080005318 (0x033982b3) mul     t0, s3, s3
core   0: 1 0x0000000080005318 (0x033982b3) x5  0x000038b35b180829
core   0: 0x000000008000531c (0x01629d3b) sllw    s10, t0, s6
core   0: 1 0x000000008000531c (0x01629d3b) x26 0x000000005b180829
core   0: 0x0000000080005320 (0xd03b7253) fcvt.s.lu ft4, s6
core   0: 1 0x0000000080005320 (0xd03b7253) c1_fflags 0x000000000000001f f4  0xffffffff5f800000
core   0: 0x0000000080005324 (0xc02976d3) fcvt.l.s a3, fs2
core   0: 1 0x0000000080005324 (0xc02976d3) c1_fflags 0x000000000000001f x13 0x7fffffffffffffff
core   0: 0x0000000080005328 (0x41de523b) sraw    tp, t3, t4
core   0: 1 0x0000000080005328 (0x41de523b) x4  0x0000000000000016
core   0: 0x000000008000532c (0x221c2c53) fsgnjx.d fs8, fs8, ft1
core   0: 1 0x000000008000532c (0x221c2c53) f24 0x7ff8000000000000
core   0: 0x0000000080005330 (0x23ee8ed3) fsgnj.d ft9, ft9, ft10
core   0: 1 0x0000000080005330 (0x23ee8ed3) f29 0x0000000000000000
core   0: 0x0000000080005334 (0x02468bbb) mulw    s7, a3, tp
core   0: 1 0x0000000080005334 (0x02468bbb) x23 0xffffffffffffffea
core   0: 0x0000000080005338 (0xd23e7bd3) fcvt.d.lu fs7, t3
core   0: 1 0x0000000080005338 (0xd23e7bd3) f23 0x4036000000000000
core   0: 0x000000008000533c (0x12e77747) fmsub.d fa4, fa4, fa4, ft2
core   0: 1 0x000000008000533c (0x12e77747) f14 0x7ff8000000000000
core   0: 0x0000000080005340 (0x0005179b) slliw   a5, a0, 0
core   0: 1 0x0000000080005340 (0x0005179b) x15 0x0000000006b37800
core   0: 0x0000000080005344 (0x00009b22) c.add   s6, s0
core   0: 1 0x0000000080005344 (0x9b22) x22 0xffffffff9ab1888f
core   0: 0x0000000080005346 (0xc2c1c6b7) lui     a3, 0xc2c1c
core   0: 1 0x0000000080005346 (0xc2c1c6b7) x13 0xffffffffc2c1c000
core   0: 0x000000008000534a (0x00b494b3) sll     s1, s1, a1
core   0: 1 0x000000008000534a (0x00b494b3) x9  0x0000000006b38000
core   0: 0x000000008000534e (0x00b11013) slli    zero, sp, 11
core   0: 1 0x000000008000534e (0x00b11013)
core   0: 0x0000000080005352 (0x01095a3b) srlw    s4, s2, a6
core   0: 1 0x0000000080005352 (0x01095a3b) x20 0x0000000000000000
core   0: 0x0000000080005356 (0x227f73c3) fmadd.d ft7, ft10, ft7, ft4
core   0: 1 0x0000000080005356 (0x227f73c3) f7  0x7ff8000000000000
core   0: 0x000000008000535a (0x2b400a53) fmin.d  fs4, ft0, fs4
core   0: 1 0x000000008000535a (0x2b400a53) f20 0x7ff8000000000000
core   0: 0x000000008000535e (0x23838c53) fsgnj.d fs8, ft7, fs8
core   0: 1 0x000000008000535e (0x23838c53) f24 0x7ff8000000000000
core   0: 0x0000000080005362 (0x22672253) fsgnjx.d ft4, fa4, ft6
core   0: 1 0x0000000080005362 (0x22672253) f4  0x7ff8000000000000
core   0: 0x0000000080005366 (0xd036f2d3) fcvt.s.lu ft5, a3
core   0: 1 0x0000000080005366 (0xd036f2d3) c1_fflags 0x000000000000001f f5  0xffffffff5f800000
core   0: 0x000000008000536a (0x41f9d99b) sraiw   s3, s3, 31
core   0: 1 0x000000008000536a (0x41f9d99b) x19 0xffffffffffffffff
core   0: 0x000000008000536e (0x4197073b) subw    a4, a4, s9
core   0: 1 0x000000008000536e (0x4197073b) x14 0x0000000000000000
core   0: 0x0000000080005372 (0xd21d0ad3) fcvt.d.wu fs5, s10
core   0: 1 0x0000000080005372 (0xd21d0ad3) f21 0x41d6c6020a400000
core   0: 0x0000000080005376 (0x00d696bb) sllw    a3, a3, a3
core   0: 1 0x0000000080005376 (0x00d696bb) x13 0xffffffffc2c1c000
core   0: 0x000000008000537a (0x01a4179b) slliw   a5, s0, 26
core   0: 1 0x000000008000537a (0x01a4179b) x15 0x000000003c000000
core   0: 0x000000008000537e (0xc21cfa53) fcvt.wu.d s4, fs9
core   0: 1 0x000000008000537e (0xc21cfa53) c1_fflags 0x000000000000001f x20 0xffffffffffffffff
core   0: 0x0000000080005382 (0x4007d693) srai    a3, a5, 0
core   0: 1 0x0000000080005382 (0x4007d693) x13 0x000000003c000000
core   0: 0x0000000080005386 (0x2b1af94f) fnmadd.d fs2, fs5, fa7, ft5
core   0: 1 0x0000000080005386 (0x2b1af94f) f18 0x7ff8000000000000
core   0: 0x000000008000538a (0x23fb1053) fsgnjn.d ft0, fs6, ft11
core   0: 1 0x000000008000538a (0x23fb1053) f0  0x7ff8000000000000
core   0: 0x000000008000538e (0x00003bfd) c.addiw s7, -1
core   0: 1 0x000000008000538e (0x3bfd) x23 0xffffffffffffffe9
core   0: 0x0000000080005390 (0x03937cb3) remu    s9, t1, s9
core   0: 1 0x0000000080005390 (0x03937cb3) x25 0x7ff8000000000000
core   0: 0x0000000080005394 (0xd2190f53) fcvt.d.wu ft10, s2
core   0: 1 0x0000000080005394 (0xd2190f53) f30 0x0000000000000000
core   0: 0x0000000080005398 (0x036eceb3) div     t4, t4, s6
core   0: 1 0x0000000080005398 (0x036eceb3) x29 0x0000000000000000
core   0: 0x000000008000539c (0x2a7388d3) fmin.d  fa7, ft7, ft7
core   0: 1 0x000000008000539c (0x2a7388d3) f17 0x7ff8000000000000
core   0: 0x00000000800053a0 (0x027435b3) mulhu   a1, s0, t2
core   0: 1 0x00000000800053a0 (0x027435b3) x11 0x0000000000000000
core   0: 0x00000000800053a4 (0x23bf13d3) fsgnjn.d ft7, ft10, fs11
core   0: 1 0x00000000800053a4 (0x23bf13d3) f7  0x8000000000000000
core   0: 0x00000000800053a8 (0x81b3ed13) ori     s10, t2, -2021
core   0: 1 0x00000000800053a8 (0x81b3ed13) x26 0xfffffffffffff81b
core   0: 0x00000000800053ac (0x22d428d3) fsgnjx.d fa7, fs0, fa3
core   0: 1 0x00000000800053ac (0x22d428d3) f17 0xffffffff7fc00000
core   0: 0x00000000800053b0 (0xe20405d3) fmv.x.d a1, fs0
core   0: 1 0x00000000800053b0 (0xe20405d3) x11 0xffffffff7fc00000
core   0: 0x00000000800053b4 (0x41c05013) srai    zero, zero, 28
core   0: 1 0x00000000800053b4 (0x41c05013)
core   0: 0x00000000800053b8 (0x03c3a233) mulhsu  tp, t2, t3
core   0: 1 0x00000000800053b8 (0x03c3a233) x4  0x0000000000000000
core   0: 0x00000000800053bc (0xfde2a717) auipc   a4, 0xfde2a
core   0: 1 0x00000000800053bc (0xfde2a717) x14 0x000000007de2f3bc
core   0: 0x00000000800053c0 (0x00029993) slli    s3, t0, 0
core   0: 1 0x00000000800053c0 (0x00029993) x19 0x000038b35b180829
core   0: 0x00000000800053c4 (0x2b274693) xori    a3, a4, 690
core   0: 1 0x00000000800053c4 (0x2b274693) x13 0x000000007de2f10e
core   0: 0x00000000800053c8 (0xd2110c53) fcvt.d.wu fs8, sp
core   0: 1 0x00000000800053c8 (0xd2110c53) f24 0x41dfffffffc00000
core   0: 0x00000000800053cc (0x7a4e879b) addiw   a5, t4, 1956
core   0: 1 0x00000000800053cc (0x7a4e879b) x15 0x00000000000007a4
core   0: 0x00000000800053d0 (0x01f4159b) slliw   a1, s0, 31
core   0: 1 0x00000000800053d0 (0x01f4159b) x11 0xffffffff80000000
core   0: 0x00000000800053d4 (0xa38c0253) fle.d   tp, fs8, fs8
core   0: 1 0x00000000800053d4 (0xa38c0253) x4  0x0000000000000001
core   0: 0x00000000800053d8 (0x7b0d9473) csrrw   s0, dcsr, s11
core   0: exception trap_illegal_instruction, epc 0x00000000800053d8
core   0:           tval 0x000000007b0d9473
core   0: >>>>  $xrv64i2p1_m2p0_a2p1_f2p2_d2p2_zicsr2p0_zifencei2p0_zmmul1p0_zba1p0_zbb1p0_zbc1p0_zbs1p0
core   0: 0x0000000080004000 (0x0080006f) j       pc + 0x8
core   0: 3 0x0000000080004000 (0x0080006f)
core   0: >>>>  mmode_exception_handler
core   0: 0x0000000080004008 (0x00002c17) auipc   s8, 0x2
core   0: 3 0x0000000080004008 (0x00002c17) x24 0x0000000080006008
core   0: 0x000000008000400c (0x012c0c13) addi    s8, s8, 18
core   0: 3 0x000000008000400c (0x012c0c13) x24 0x000000008000601a
core   0: 0x0000000080004010 (0x000c00e7) jalr    s8
core   0: 3 0x0000000080004010 (0x000c00e7) x1  0x0000000080004014
core   0: >>>>  any_handler
core   0: 0x000000008000601a (0x341027f3) csrrs   a5, mepc, zero
core   0: 3 0x000000008000601a (0x341027f3) x15 0x00000000800053d8
core   0: 0x000000008000601e (0x34202773) csrrs   a4, mcause, zero
core   0: 3 0x000000008000601e (0x34202773) x14 0x0000000000000002
core   0: 0x0000000080006022 (0x142026f3) csrrs   a3, scause, zero
core   0: 3 0x0000000080006022 (0x142026f3) x13 0x0000000000000000
core   0: 0x0000000080006026 (0x30402673) csrrs   a2, mie, zero
core   0: 3 0x0000000080006026 (0x30402673) x12 0x0000000000000a00
core   0: 0x000000008000602a (0x344025f3) csrrs   a1, mip, zero
core   0: 3 0x000000008000602a (0x344025f3) x11 0x0000000000000080
core   0: 0x000000008000602e (0x343025f3) csrrs   a1, mtval, zero
core   0: 3 0x000000008000602e (0x343025f3) x11 0x000000007b0d9473
core   0: 0x0000000080006032 (0x14302573) csrrs   a0, stval, zero
core   0: 3 0x0000000080006032 (0x14302573) x10 0x0000000000000000
core   0: 0x0000000080006036 (0xb02024f3) csrrs   s1, minstret, zero
core   0: 3 0x0000000080006036 (0xb02024f3) x9  0x0000000000000e01
core   0: 0x000000008000603a (0x0000a811) c.j     pc + 20
core   0: 3 0x000000008000603a (0xa811)
core   0: >>>>  mepc_4
core   0: 0x000000008000604e (0x00000791) c.addi  a5, 4
core   0: 3 0x000000008000604e (0x0791) x15 0x00000000800053dc
core   0: 0x0000000080006050 (0x34179073) csrrw   zero, mepc, a5
core   0: 3 0x0000000080006050 (0x34179073) c833_mepc 0x00000000800053dc
core   0: 0x0000000080006054 (0x30200073) mret
core   0: 3 0x0000000080006054 (0x30200073) c768_mstatus 0x8000000a00106080
core   0: 0x00000000800053dc (0x014a6a33) or      s4, s4, s4
core   0: 1 0x00000000800053dc (0x014a6a33) x20 0xffffffffffffffff
core   0: 0x00000000800053e0 (0xa20880d3) fle.d   ra, fa7, ft0
core   0: 1 0x00000000800053e0 (0xa20880d3) c1_fflags 0x000000000000001f x1  0x0000000000000000
core   0: 0x00000000800053e4 (0x06c33237) lui     tp, 0x6c33
core   0: 1 0x00000000800053e4 (0x06c33237) x4  0x0000000006c33000
core   0: 0x00000000800053e8 (0xc972021b) addiw   tp, tp, -873
core   0: 1 0x00000000800053e8 (0xc972021b) x4  0x0000000006c32c97
core   0: 0x00000000800053ec (0x00000232) c.slli  tp, 12
core   0: 1 0x00000000800053ec (0x0232) x4  0x0000006c32c97000
core   0: 0x00000000800053ee (0x78820213) addi    tp, tp, 1928
core   0: 1 0x00000000800053ee (0x78820213) x4  0x0000006c32c97788
core   0: 0x00000000800053f2 (0x80024d13) xori    s10, tp, -2048
core   0: 1 0x00000000800053f2 (0x80024d13) x26 0xffffff93cd368f88
core   0: 0x00000000800053f6 (0x41625b3b) sraw    s6, tp, s6
core   0: 1 0x00000000800053f6 (0x41625b3b) x22 0x0000000000006592
core   0: 0x00000000800053fa (0x238c2353) fsgnjx.d ft6, fs8, fs8
core   0: 1 0x00000000800053fa (0x238c2353) f6  0x41dfffffffc00000
core   0: 0x00000000800053fe (0x13dfff43) fmadd.d ft10, ft11, ft9, ft2
core   0: 1 0x00000000800053fe (0x13dfff43) f30 0x7ff8000000000000
core   0: 0x0000000080005402 (0x13b8f853) fmul.d  fa6, fa7, fs11
core   0: 1 0x0000000080005402 (0x13b8f853) f16 0x7ff8000000000000
core   0: 0x0000000080005406 (0xe563ea17) auipc   s4, 0xe563e
core   0: 1 0x0000000080005406 (0xe563ea17) x20 0x0000000065643406
core   0: 0x000000008000540a (0x01f9191b) slliw   s2, s2, 31
core   0: 1 0x000000008000540a (0x01f9191b) x18 0x0000000000000000
core   0: 0x000000008000540e (0x012e07b3) add     a5, t3, s2
core   0: 1 0x000000008000540e (0x012e07b3) x15 0x0000000000000016
core   0: 0x0000000080005412 (0xb02854f3) csrrwi  s1, minstret, 16
core   0: exception trap_illegal_instruction, epc 0x0000000080005412
core   0:           tval 0x00000000b02854f3
core   0: >>>>  $xrv64i2p1_m2p0_a2p1_f2p2_d2p2_zicsr2p0_zifencei2p0_zmmul1p0_zba1p0_zbb1p0_zbc1p0_zbs1p0
core   0: 0x0000000080004000 (0x0080006f) j       pc + 0x8
core   0: 3 0x0000000080004000 (0x0080006f)
core   0: >>>>  mmode_exception_handler
core   0: 0x0000000080004008 (0x00002c17) auipc   s8, 0x2
core   0: 3 0x0000000080004008 (0x00002c17) x24 0x0000000080006008
core   0: 0x000000008000400c (0x012c0c13) addi    s8, s8, 18
core   0: 3 0x000000008000400c (0x012c0c13) x24 0x000000008000601a
core   0: 0x0000000080004010 (0x000c00e7) jalr    s8
core   0: 3 0x0000000080004010 (0x000c00e7) x1  0x0000000080004014
core   0: >>>>  any_handler
core   0: 0x000000008000601a (0x341027f3) csrrs   a5, mepc, zero
core   0: 3 0x000000008000601a (0x341027f3) x15 0x0000000080005412
core   0: 0x000000008000601e (0x34202773) csrrs   a4, mcause, zero
core   0: 3 0x000000008000601e (0x34202773) x14 0x0000000000000002
core   0: 0x0000000080006022 (0x142026f3) csrrs   a3, scause, zero
core   0: 3 0x0000000080006022 (0x142026f3) x13 0x0000000000000000
core   0: 0x0000000080006026 (0x30402673) csrrs   a2, mie, zero
core   0: 3 0x0000000080006026 (0x30402673) x12 0x0000000000000a00
core   0: 0x000000008000602a (0x344025f3) csrrs   a1, mip, zero
core   0: 3 0x000000008000602a (0x344025f3) x11 0x0000000000000080
core   0: 0x000000008000602e (0x343025f3) csrrs   a1, mtval, zero
core   0: 3 0x000000008000602e (0x343025f3) x11 0x00000000b02854f3
core   0: 0x0000000080006032 (0x14302573) csrrs   a0, stval, zero
core   0: 3 0x0000000080006032 (0x14302573) x10 0x0000000000000000
core   0: 0x0000000080006036 (0xb02024f3) csrrs   s1, minstret, zero
core   0: 3 0x0000000080006036 (0xb02024f3) x9  0x0000000000000e1f
core   0: 0x000000008000603a (0x0000a811) c.j     pc + 20
core   0: 3 0x000000008000603a (0xa811)
core   0: >>>>  mepc_4
core   0: 0x000000008000604e (0x00000791) c.addi  a5, 4
core   0: 3 0x000000008000604e (0x0791) x15 0x0000000080005416
core   0: 0x0000000080006050 (0x34179073) csrrw   zero, mepc, a5
core   0: 3 0x0000000080006050 (0x34179073) c833_mepc 0x0000000080005416
core   0: 0x0000000080006054 (0x30200073) mret
core   0: 3 0x0000000080006054 (0x30200073) c768_mstatus 0x8000000a00106080
core   0: 0x0000000080005416 (0x00948e3b) addw    t3, s1, s1
core   0: 1 0x0000000080005416 (0x00948e3b) x28 0x0000000000001c3e
core   0: 0x000000008000541a (0xd20e0453) fcvt.d.w fs0, t3
core   0: 1 0x000000008000541a (0xd20e0453) f8  0x40bc3e0000000000
core   0: 0x000000008000541e (0x002c96f3) csrrw   a3, frm, s9
core   0: 1 0x000000008000541e (0x002c96f3) x13 0x0000000000000000 c2_frm 0x0000000000000000
core   0: 0x0000000080005422 (0x01f7d91b) srliw   s2, a5, 31
core   0: 1 0x0000000080005422 (0x01f7d91b) x18 0x0000000000000001
core   0: 0x0000000080005426 (0xd027f953) fcvt.s.l fs2, a5
core   0: 1 0x0000000080005426 (0xd027f953) c1_fflags 0x000000000000001f f18 0xffffffff4f000054
core   0: 0x000000008000542a (0x800be813) ori     a6, s7, -2048
core   0: 1 0x000000008000542a (0x800be813) x16 0xffffffffffffffe9
core   0: 0x000000008000542e (0x2ad116d3) fmax.d  fa3, ft2, fa3
core   0: 1 0x000000008000542e (0x2ad116d3) f13 0x7ff8000000000000
core   0: 0x0000000080005432 (0x00000001) c.nop
core   0: 1 0x0000000080005432 (0x0001)
core   0: 0x0000000080005434 (0x5a0cf2d3) fsqrt.d ft5, fs9
core   0: 1 0x0000000080005434 (0x5a0cf2d3) f5  0x7ff8000000000000
core   0: 0x0000000080005438 (0xc035f3d3) fcvt.lu.s t2, fa1
core   0: 1 0x0000000080005438 (0xc035f3d3) c1_fflags 0x000000000000001f x7  0xffffffffffffffff
core   0: 0x000000008000543c (0x3259734b) fnmsub.d ft6, fs2, ft5, ft6
core   0: 1 0x000000008000543c (0x3259734b) f6  0x7ff8000000000000
core   0: 0x0000000080005440 (0xd03a7153) fcvt.s.lu ft2, s4
core   0: 1 0x0000000080005440 (0xd03a7153) c1_fflags 0x000000000000001f f2  0xffffffff4ecac868
core   0: 0x0000000080005444 (0x03461937) lui     s2, 0x3461
core   0: 1 0x0000000080005444 (0x03461937) x18 0x0000000003461000
core   0: 0x0000000080005448 (0x4ed9091b) addiw   s2, s2, 1261
core   0: 1 0x0000000080005448 (0x4ed9091b) x18 0x00000000034614ed
core   0: 0x000000008000544c (0x00000936) c.slli  s2, 13
core   0: 1 0x000000008000544c (0x0936) x18 0x00000068c29da000
core   0: 0x000000008000544e (0xb5a90913) addi    s2, s2, -1190
core   0: 1 0x000000008000544e (0xb5a90913) x18 0x00000068c29d9b5a
core   0: 0x0000000080005452 (0x03c787b3) mul     a5, a5, t3
core   0: 1 0x0000000080005452 (0x03c787b3) x15 0x00000e1f0946c554
core   0: 0x0000000080005456 (0xc231f553) fcvt.lu.d a0, ft3
core   0: 1 0x0000000080005456 (0xc231f553) c1_fflags 0x000000000000001f x10 0xffffffffffffffff
core   0: 0x000000008000545a (0x030cfcbb) remuw   s9, s9, a6
core   0: 1 0x000000008000545a (0x030cfcbb) x25 0x0000000000000000
core   0: 0x000000008000545e (0x0069189b) slliw   a7, s2, 6
core   0: 1 0x000000008000545e (0x0069189b) x17 0xffffffffa766d680
core   0: 0x0000000080005462 (0x2a2c8153) fmin.d  ft2, fs9, ft2
core   0: 1 0x0000000080005462 (0x2a2c8153) f2  0x7ff8000000000000
core   0: 0x0000000080005466 (0x02812133) mulhsu  sp, sp, s0
core   0: 1 0x0000000080005466 (0x02812133) x2  0x0000000000000000
core   0: 0x000000008000546a (0x02d451b3) divu    gp, s0, a3
core   0: 1 0x000000008000546a (0x02d451b3) x3  0xffffffffffffffff
core   0: 0x000000008000546e (0x122178d3) fmul.d  fa7, ft2, ft2
core   0: 1 0x000000008000546e (0x122178d3) f17 0x7ff8000000000000
core   0: 0x0000000080005472 (0x034df9b3) remu    s3, s11, s4
core   0: 1 0x0000000080005472 (0x034df9b3) x19 0x0000000000000000
core   0: 0x0000000080005476 (0x002d9473) csrrw   s0, frm, s11
core   0: 1 0x0000000080005476 (0x002d9473) x8  0x0000000000000000 c2_frm 0x0000000000000000
core   0: 0x000000008000547a (0x0341e2b3) rem     t0, gp, s4
core   0: 1 0x000000008000547a (0x0341e2b3) x5  0xffffffffffffffff
core   0: 0x000000008000547e (0x032936b3) mulhu   a3, s2, s2
core   0: 1 0x000000008000547e (0x032936b3) x13 0x0000000000002ade
core   0: 0x0000000080005482 (0x001919f3) csrrw   s3, fflags, s2
core   0: 1 0x0000000080005482 (0x001919f3) x19 0x000000000000001f c1_fflags 0x000000000000001a
core   0: 0x0000000080005486 (0xd0397bd3) fcvt.s.lu fs7, s2
core   0: 1 0x0000000080005486 (0xd0397bd3) c1_fflags 0x000000000000001b f23 0xffffffff52d1853b
core   0: 0x000000008000548a (0x0339dbbb) divuw   s7, s3, s3
core   0: 1 0x000000008000548a (0x0339dbbb) x23 0x0000000000000001
core   0: 0x000000008000548e (0x0013141b) slliw   s0, t1, 1
core   0: 1 0x000000008000548e (0x0013141b) x8  0x0000000000000000
core   0: 0x0000000080005492 (0x222b8b53) fsgnj.d fs6, fs7, ft2
core   0: 1 0x0000000080005492 (0x222b8b53) f22 0x7fffffff52d1853b
core   0: 0x0000000080005496 (0x01b45ebb) srlw    t4, s0, s11
core   0: 1 0x0000000080005496 (0x01b45ebb) x29 0x0000000000000000
core   0: 0x000000008000549a (0x00202373) csrrs   t1, frm, zero
core   0: 1 0x000000008000549a (0x00202373) x6  0x0000000000000000
core   0: 0x000000008000549e (0x142db1f3) csrrc   gp, scause, s11
core   0: 1 0x000000008000549e (0x142db1f3) x3  0x0000000000000000 c322_scause 0x0000000000000000
core   0: 0x00000000800054a2 (0x53797d47) fmsub.d fs10, fs2, fs7, fa0
core   0: 1 0x00000000800054a2 (0x53797d47) f26 0x7ff8000000000000
core   0: 0x00000000800054a6 (0x13da7fd3) fmul.d  ft11, fs4, ft9
core   0: 1 0x00000000800054a6 (0x13da7fd3) f31 0x7ff8000000000000
core   0: 0x00000000800054aa (0x037e08b3) mul     a7, t3, s7
core   0: 1 0x00000000800054aa (0x037e08b3) x17 0x0000000000001c3e
core   0: 0x00000000800054ae (0xed38eb13) ori     s6, a7, -301
core   0: 1 0x00000000800054ae (0xed38eb13) x22 0xfffffffffffffeff
core   0: 0x00000000800054b2 (0xc2287953) fcvt.l.d s2, fa6
core   0: 1 0x00000000800054b2 (0xc2287953) c1_fflags 0x000000000000001b x18 0x7fffffffffffffff
core   0: 0x00000000800054b6 (0xcbda72c7) fmsub.d ft5, fs4, ft9, fs9
core   0: 1 0x00000000800054b6 (0xcbda72c7) f5  0x7ff8000000000000
core   0: 0x00000000800054ba (0x1d27bc97) auipc   s9, 0x1d27b
core   0: 1 0x00000000800054ba (0x1d27bc97) x25 0x000000009d2804ba
core   0: 0x00000000800054be (0x006c5013) srli    zero, s8, 6
core   0: 1 0x00000000800054be (0x006c5013)
core   0: 0x00000000800054c2 (0x03f05093) srli    ra, zero, 63
core   0: 1 0x00000000800054c2 (0x03f05093) x1  0x0000000000000000
core   0: 0x00000000800054c6 (0x40195133) sra     sp, s2, ra
core   0: 1 0x00000000800054c6 (0x40195133) x2  0x7fffffffffffffff
core   0: 0x00000000800054ca (0x03256a3b) remw    s4, a0, s2
core   0: 1 0x00000000800054ca (0x03256a3b) x20 0x0000000000000000
core   0: 0x00000000800054ce (0x671856b7) lui     a3, 0x67185
core   0: 1 0x00000000800054ce (0x671856b7) x13 0x0000000067185000
core   0: 0x00000000800054d2 (0xcb977cc3) fmadd.d fs9, fa4, fs9, fs9
core   0: 1 0x00000000800054d2 (0xcb977cc3) f25 0x7ff8000000000000
core   0: 0x00000000800054d6 (0x4120d09b) sraiw   ra, ra, 18
core   0: 1 0x00000000800054d6 (0x4120d09b) x1  0x0000000000000000
core   0: 0x00000000800054da (0x1a2674d3) fdiv.d  fs1, fa2, ft2
core   0: 1 0x00000000800054da (0x1a2674d3) f9  0x7ff8000000000000
core   0: 0x00000000800054de (0x001177b3) and     a5, sp, ra
core   0: 1 0x00000000800054de (0x001177b3) x15 0x0000000000000000
core   0: 0x00000000800054e2 (0x418c033b) subw    t1, s8, s8
core   0: 1 0x00000000800054e2 (0x418c033b) x6  0x0000000000000000
core   0: 0x00000000800054e6 (0x22e329d3) fsgnjx.d fs3, ft6, fa4
core   0: 1 0x00000000800054e6 (0x22e329d3) f19 0x7ff8000000000000
core   0: 0x00000000800054ea (0x00331bbb) sllw    s7, t1, gp
core   0: 1 0x00000000800054ea (0x00331bbb) x23 0x0000000000000000
core   0: 0x00000000800054ee (0x95810e1b) addiw   t3, sp, -1704
core   0: 1 0x00000000800054ee (0x95810e1b) x28 0xfffffffffffff957
core   0: 0x00000000800054f2 (0xa2e58653) fle.d   a2, fa1, fa4
core   0: 1 0x00000000800054f2 (0xa2e58653) c1_fflags 0x000000000000001b x12 0x0000000000000000
core   0: 0x00000000800054f6 (0x4033d13b) sraw    sp, t2, gp
core   0: 1 0x00000000800054f6 (0x4033d13b) x2  0xffffffffffffffff
core   0: 0x00000000800054fa (0x4c858993) addi    s3, a1, 1224
core   0: 1 0x00000000800054fa (0x4c858993) x19 0x00000000b02859bb
core   0: 0x00000000800054fe (0x86537693) andi    a3, t1, -1947
core   0: 1 0x00000000800054fe (0x86537693) x13 0x0000000000000000
core   0: 0x0000000080005502 (0x74769c73) csrrw   s8, mseccfg, a3
core   0: exception trap_illegal_instruction, epc 0x0000000080005502
core   0:           tval 0x0000000074769c73
core   0: >>>>  $xrv64i2p1_m2p0_a2p1_f2p2_d2p2_zicsr2p0_zifencei2p0_zmmul1p0_zba1p0_zbb1p0_zbc1p0_zbs1p0
core   0: 0x0000000080004000 (0x0080006f) j       pc + 0x8
core   0: 3 0x0000000080004000 (0x0080006f)
core   0: >>>>  mmode_exception_handler
core   0: 0x0000000080004008 (0x00002c17) auipc   s8, 0x2
core   0: 3 0x0000000080004008 (0x00002c17) x24 0x0000000080006008
core   0: 0x000000008000400c (0x012c0c13) addi    s8, s8, 18
core   0: 3 0x000000008000400c (0x012c0c13) x24 0x000000008000601a
core   0: 0x0000000080004010 (0x000c00e7) jalr    s8
core   0: 3 0x0000000080004010 (0x000c00e7) x1  0x0000000080004014
core   0: >>>>  any_handler
core   0: 0x000000008000601a (0x341027f3) csrrs   a5, mepc, zero
core   0: 3 0x000000008000601a (0x341027f3) x15 0x0000000080005502
core   0: 0x000000008000601e (0x34202773) csrrs   a4, mcause, zero
core   0: 3 0x000000008000601e (0x34202773) x14 0x0000000000000002
core   0: 0x0000000080006022 (0x142026f3) csrrs   a3, scause, zero
core   0: 3 0x0000000080006022 (0x142026f3) x13 0x0000000000000000
core   0: 0x0000000080006026 (0x30402673) csrrs   a2, mie, zero
core   0: 3 0x0000000080006026 (0x30402673) x12 0x0000000000000a00
core   0: 0x000000008000602a (0x344025f3) csrrs   a1, mip, zero
core   0: 3 0x000000008000602a (0x344025f3) x11 0x0000000000000080
core   0: 0x000000008000602e (0x343025f3) csrrs   a1, mtval, zero
core   0: 3 0x000000008000602e (0x343025f3) x11 0x0000000074769c73
core   0: 0x0000000080006032 (0x14302573) csrrs   a0, stval, zero
core   0: 3 0x0000000080006032 (0x14302573) x10 0x0000000000000000
core   0: 0x0000000080006036 (0xb02024f3) csrrs   s1, minstret, zero
core   0: 3 0x0000000080006036 (0xb02024f3) x9  0x0000000000000e6b
core   0: 0x000000008000603a (0x0000a811) c.j     pc + 20
core   0: 3 0x000000008000603a (0xa811)
core   0: >>>>  mepc_4
core   0: 0x000000008000604e (0x00000791) c.addi  a5, 4
core   0: 3 0x000000008000604e (0x0791) x15 0x0000000080005506
core   0: 0x0000000080006050 (0x34179073) csrrw   zero, mepc, a5
core   0: 3 0x0000000080006050 (0x34179073) c833_mepc 0x0000000080005506
core   0: 0x0000000080006054 (0x30200073) mret
core   0: 3 0x0000000080006054 (0x30200073) c768_mstatus 0x8000000a00106080
core   0: 0x0000000080005506 (0xd20c0f53) fcvt.d.w ft10, s8
core   0: 1 0x0000000080005506 (0xd20c0f53) f30 0xc1dfffe7f9800000
core   0: 0x000000008000550a (0x038c7e3b) remuw   t3, s8, s8
core   0: 1 0x000000008000550a (0x038c7e3b) x28 0x0000000000000000
core   0: 0x000000008000550e (0x1aa97953) fdiv.d  fs2, fs2, fa0
core   0: 1 0x000000008000550e (0x1aa97953) f18 0x7ff8000000000000
core   0: 0x0000000080005512 (0x223581d3) fsgnj.d ft3, fa1, ft3
core   0: 1 0x0000000080005512 (0x223581d3) f3  0x7ff8000000000000
core   0: 0x0000000080005516 (0x0240db3b) divuw   s6, ra, tp
core   0: 1 0x0000000080005516 (0x0240db3b) x22 0x0000000000000002
core   0: 0x000000008000551a (0x027ede93) srli    t4, t4, 39
core   0: 1 0x000000008000551a (0x027ede93) x29 0x0000000000000000
core   0: 0x000000008000551e (0x0076d433) srl     s0, a3, t2
core   0: 1 0x000000008000551e (0x0076d433) x8  0x0000000000000000
core   0: 0x0000000080005522 (0x4013549b) sraiw   s1, t1, 1
core   0: 1 0x0000000080005522 (0x4013549b) x9  0x0000000000000000
core   0: 0x0000000080005526 (0x02e1e7b3) rem     a5, gp, a4
core   0: 1 0x0000000080005526 (0x02e1e7b3) x15 0x0000000000000000
core   0: 0x000000008000552a (0x01f8599b) srliw   s3, a6, 31
core   0: 1 0x000000008000552a (0x01f8599b) x19 0x0000000000000001
core   0: 0x000000008000552e (0x40185d13) srai    s10, a6, 1
core   0: 1 0x000000008000552e (0x40185d13) x26 0xfffffffffffffff4
core   0: 0x0000000080005532 (0x00008f91) c.sub   a5, a2
core   0: 1 0x0000000080005532 (0x8f91) x15 0xfffffffffffff600
core   0: 0x0000000080005534 (0x01dad81b) srliw   a6, s5, 29
core   0: 1 0x0000000080005534 (0x01dad81b) x16 0x0000000000000001
core   0: 0x0000000080005538 (0x03f8d313) srli    t1, a7, 63
core   0: 1 0x0000000080005538 (0x03f8d313) x6  0x0000000000000000
core   0: 0x000000008000553c (0x00202b73) csrrs   s6, frm, zero
core   0: 1 0x000000008000553c (0x00202b73) x22 0x0000000000000000
core   0: 0x0000000080005540 (0xc01a26f3) csrrs   a3, time, s4
core   0: exception trap_illegal_instruction, epc 0x0000000080005540
core   0:           tval 0x00000000c01a26f3
core   0: >>>>  $xrv64i2p1_m2p0_a2p1_f2p2_d2p2_zicsr2p0_zifencei2p0_zmmul1p0_zba1p0_zbb1p0_zbc1p0_zbs1p0
core   0: 0x0000000080004000 (0x0080006f) j       pc + 0x8
core   0: 3 0x0000000080004000 (0x0080006f)
core   0: >>>>  mmode_exception_handler
core   0: 0x0000000080004008 (0x00002c17) auipc   s8, 0x2
core   0: 3 0x0000000080004008 (0x00002c17) x24 0x0000000080006008
core   0: 0x000000008000400c (0x012c0c13) addi    s8, s8, 18
core   0: 3 0x000000008000400c (0x012c0c13) x24 0x000000008000601a
core   0: 0x0000000080004010 (0x000c00e7) jalr    s8
core   0: 3 0x0000000080004010 (0x000c00e7) x1  0x0000000080004014
core   0: >>>>  any_handler
core   0: 0x000000008000601a (0x341027f3) csrrs   a5, mepc, zero
core   0: 3 0x000000008000601a (0x341027f3) x15 0x0000000080005540
core   0: 0x000000008000601e (0x34202773) csrrs   a4, mcause, zero
core   0: 3 0x000000008000601e (0x34202773) x14 0x0000000000000002
core   0: 0x0000000080006022 (0x142026f3) csrrs   a3, scause, zero
core   0: 3 0x0000000080006022 (0x142026f3) x13 0x0000000000000000
core   0: 0x0000000080006026 (0x30402673) csrrs   a2, mie, zero
core   0: 3 0x0000000080006026 (0x30402673) x12 0x0000000000000a00
core   0: 0x000000008000602a (0x344025f3) csrrs   a1, mip, zero
core   0: 3 0x000000008000602a (0x344025f3) x11 0x0000000000000080
core   0: 0x000000008000602e (0x343025f3) csrrs   a1, mtval, zero
core   0: 3 0x000000008000602e (0x343025f3) x11 0x00000000c01a26f3
core   0: 0x0000000080006032 (0x14302573) csrrs   a0, stval, zero
core   0: 3 0x0000000080006032 (0x14302573) x10 0x0000000000000000
core   0: 0x0000000080006036 (0xb02024f3) csrrs   s1, minstret, zero
core   0: 3 0x0000000080006036 (0xb02024f3) x9  0x0000000000000e8a
core   0: 0x000000008000603a (0x0000a811) c.j     pc + 20
core   0: 3 0x000000008000603a (0xa811)
core   0: >>>>  mepc_4
core   0: 0x000000008000604e (0x00000791) c.addi  a5, 4
core   0: 3 0x000000008000604e (0x0791) x15 0x0000000080005544
core   0: 0x0000000080006050 (0x34179073) csrrw   zero, mepc, a5
core   0: 3 0x0000000080006050 (0x34179073) c833_mepc 0x0000000080005544
core   0: 0x0000000080006054 (0x30200073) mret
core   0: 3 0x0000000080006054 (0x30200073) c768_mstatus 0x8000000a00106080
core   0: 0x0000000080005544 (0x401ad39b) sraiw   t2, s5, 1
core   0: 1 0x0000000080005544 (0x401ad39b) x7  0x000000001a10d739
core   0: 0x0000000080005548 (0x40918c33) sub     s8, gp, s1
core   0: 1 0x0000000080005548 (0x40918c33) x24 0xfffffffffffff176
core   0: 0x000000008000554c (0x306b23f3) csrrs   t2, mcounteren, s6
core   0: exception trap_illegal_instruction, epc 0x000000008000554c
core   0:           tval 0x00000000306b23f3
core   0: >>>>  $xrv64i2p1_m2p0_a2p1_f2p2_d2p2_zicsr2p0_zifencei2p0_zmmul1p0_zba1p0_zbb1p0_zbc1p0_zbs1p0
core   0: 0x0000000080004000 (0x0080006f) j       pc + 0x8
core   0: 3 0x0000000080004000 (0x0080006f)
core   0: >>>>  mmode_exception_handler
core   0: 0x0000000080004008 (0x00002c17) auipc   s8, 0x2
core   0: 3 0x0000000080004008 (0x00002c17) x24 0x0000000080006008
core   0: 0x000000008000400c (0x012c0c13) addi    s8, s8, 18
core   0: 3 0x000000008000400c (0x012c0c13) x24 0x000000008000601a
core   0: 0x0000000080004010 (0x000c00e7) jalr    s8
core   0: 3 0x0000000080004010 (0x000c00e7) x1  0x0000000080004014
core   0: >>>>  any_handler
core   0: 0x000000008000601a (0x341027f3) csrrs   a5, mepc, zero
core   0: 3 0x000000008000601a (0x341027f3) x15 0x000000008000554c
core   0: 0x000000008000601e (0x34202773) csrrs   a4, mcause, zero
core   0: 3 0x000000008000601e (0x34202773) x14 0x0000000000000002
core   0: 0x0000000080006022 (0x142026f3) csrrs   a3, scause, zero
core   0: 3 0x0000000080006022 (0x142026f3) x13 0x0000000000000000
core   0: 0x0000000080006026 (0x30402673) csrrs   a2, mie, zero
core   0: 3 0x0000000080006026 (0x30402673) x12 0x0000000000000a00
core   0: 0x000000008000602a (0x344025f3) csrrs   a1, mip, zero
core   0: 3 0x000000008000602a (0x344025f3) x11 0x0000000000000080
core   0: 0x000000008000602e (0x343025f3) csrrs   a1, mtval, zero
core   0: 3 0x000000008000602e (0x343025f3) x11 0x00000000306b23f3
core   0: 0x0000000080006032 (0x14302573) csrrs   a0, stval, zero
core   0: 3 0x0000000080006032 (0x14302573) x10 0x0000000000000000
core   0: 0x0000000080006036 (0xb02024f3) csrrs   s1, minstret, zero
core   0: 3 0x0000000080006036 (0xb02024f3) x9  0x0000000000000e9c
core   0: 0x000000008000603a (0x0000a811) c.j     pc + 20
core   0: 3 0x000000008000603a (0xa811)
core   0: >>>>  mepc_4
core   0: 0x000000008000604e (0x00000791) c.addi  a5, 4
core   0: 3 0x000000008000604e (0x0791) x15 0x0000000080005550
core   0: 0x0000000080006050 (0x34179073) csrrw   zero, mepc, a5
core   0: 3 0x0000000080006050 (0x34179073) c833_mepc 0x0000000080005550
core   0: 0x0000000080006054 (0x30200073) mret
core   0: 3 0x0000000080006054 (0x30200073) c768_mstatus 0x8000000a00106080
core   0: 0x0000000080005550 (0x029154bb) divuw   s1, sp, s1
core   0: 1 0x0000000080005550 (0x029154bb) x9  0x00000000001185e2
core   0: 0x0000000080005554 (0x40b68333) sub     t1, a3, a1
core   0: 1 0x0000000080005554 (0x40b68333) x6  0xffffffffcf94dc0d
core   0: 0x0000000080005558 (0x2bce0ed3) fmin.d  ft9, ft8, ft8
core   0: 1 0x0000000080005558 (0x2bce0ed3) f29 0x41dfffffffc00000
core   0: 0x000000008000555c (0x00000001) c.nop
core   0: 1 0x000000008000555c (0x0001)
core   0: 0x000000008000555e (0xa36803d3) fle.d   t2, fa6, fs6
core   0: 1 0x000000008000555e (0xa36803d3) c1_fflags 0x000000000000001b x7  0x0000000000000000
core   0: 0x0000000080005562 (0x22ae9cd3) fsgnjn.d fs9, ft9, fa0
core   0: 1 0x0000000080005562 (0x22ae9cd3) f25 0xc1dfffffffc00000
core   0: 0x0000000080005566 (0x233985d3) fsgnj.d fa1, fs3, fs3
core   0: 1 0x0000000080005566 (0x233985d3) f11 0x7ff8000000000000
core   0: 0x000000008000556a (0x013b86bb) addw    a3, s7, s3
core   0: 1 0x000000008000556a (0x013b86bb) x13 0x0000000000000001
core   0: 0x000000008000556e (0x9501879b) addiw   a5, gp, -1712
core   0: 1 0x000000008000556e (0x9501879b) x15 0xfffffffffffff950
core   0: 0x0000000080005572 (0x2ac89253) fmax.d  ft4, fa7, fa2
core   0: 1 0x0000000080005572 (0x2ac89253) f4  0x7ff8000000000000
core   0: 0x0000000080005576 (0xf114e373) csrrsi  t1, mvendorid, 9
core   0: exception trap_illegal_instruction, epc 0x0000000080005576
core   0:           tval 0x00000000f114e373
core   0: >>>>  $xrv64i2p1_m2p0_a2p1_f2p2_d2p2_zicsr2p0_zifencei2p0_zmmul1p0_zba1p0_zbb1p0_zbc1p0_zbs1p0
core   0: 0x0000000080004000 (0x0080006f) j       pc + 0x8
core   0: 3 0x0000000080004000 (0x0080006f)
core   0: >>>>  mmode_exception_handler
core   0: 0x0000000080004008 (0x00002c17) auipc   s8, 0x2
core   0: 3 0x0000000080004008 (0x00002c17) x24 0x0000000080006008
core   0: 0x000000008000400c (0x012c0c13) addi    s8, s8, 18
core   0: 3 0x000000008000400c (0x012c0c13) x24 0x000000008000601a
core   0: 0x0000000080004010 (0x000c00e7) jalr    s8
core   0: 3 0x0000000080004010 (0x000c00e7) x1  0x0000000080004014
core   0: >>>>  any_handler
core   0: 0x000000008000601a (0x341027f3) csrrs   a5, mepc, zero
core   0: 3 0x000000008000601a (0x341027f3) x15 0x0000000080005576
core   0: 0x000000008000601e (0x34202773) csrrs   a4, mcause, zero
core   0: 3 0x000000008000601e (0x34202773) x14 0x0000000000000002
core   0: 0x0000000080006022 (0x142026f3) csrrs   a3, scause, zero
core   0: 3 0x0000000080006022 (0x142026f3) x13 0x0000000000000000
core   0: 0x0000000080006026 (0x30402673) csrrs   a2, mie, zero
core   0: 3 0x0000000080006026 (0x30402673) x12 0x0000000000000a00
core   0: 0x000000008000602a (0x344025f3) csrrs   a1, mip, zero
core   0: 3 0x000000008000602a (0x344025f3) x11 0x0000000000000080
core   0: 0x000000008000602e (0x343025f3) csrrs   a1, mtval, zero
core   0: 3 0x000000008000602e (0x343025f3) x11 0x00000000f114e373
core   0: 0x0000000080006032 (0x14302573) csrrs   a0, stval, zero
core   0: 3 0x0000000080006032 (0x14302573) x10 0x0000000000000000
core   0: 0x0000000080006036 (0xb02024f3) csrrs   s1, minstret, zero
core   0: 3 0x0000000080006036 (0xb02024f3) x9  0x0000000000000eb6
core   0: 0x000000008000603a (0x0000a811) c.j     pc + 20
core   0: 3 0x000000008000603a (0xa811)
core   0: >>>>  mepc_4
core   0: 0x000000008000604e (0x00000791) c.addi  a5, 4
core   0: 3 0x000000008000604e (0x0791) x15 0x000000008000557a
core   0: 0x0000000080006050 (0x34179073) csrrw   zero, mepc, a5
core   0: 3 0x0000000080006050 (0x34179073) c833_mepc 0x000000008000557a
core   0: 0x0000000080006054 (0x30200073) mret
core   0: 3 0x0000000080006054 (0x30200073) c768_mstatus 0x8000000a00106080
core   0: 0x000000008000557a (0x02635ab3) divu    s5, t1, t1
core   0: 1 0x000000008000557a (0x02635ab3) x21 0x0000000000000001
core   0: 0x000000008000557e (0x0008dc1b) srliw   s8, a7, 0
core   0: 1 0x000000008000557e (0x0008dc1b) x24 0x0000000000001c3e
core   0: 0x0000000080005582 (0x0017921b) slliw   tp, a5, 1
core   0: 1 0x0000000080005582 (0x0017921b) x4  0x000000000000aaf4
core   0: 0x0000000080005586 (0x03b47433) remu    s0, s0, s11
core   0: 1 0x0000000080005586 (0x03b47433) x8  0x0000000000000000
core   0: 0x000000008000558a (0x0ff0000f) fence   iorw,iorw
core   0: 1 0x000000008000558a (0x0ff0000f)
core   0: 0x000000008000558e (0xa37f8cd3) fle.d   s9, ft11, fs7
core   0: 1 0x000000008000558e (0xa37f8cd3) c1_fflags 0x000000000000001b x25 0x0000000000000000
core   0: 0x0000000080005592 (0x2bfc0ad3) fmin.d  fs5, fs8, ft11
core   0: 1 0x0000000080005592 (0x2bfc0ad3) f21 0x41dfffffffc00000
core   0: 0x0000000080005596 (0x40075713) srai    a4, a4, 0
core   0: 1 0x0000000080005596 (0x40075713) x14 0x0000000000000002
core   0: 0x000000008000559a (0xd030f553) fcvt.s.lu fa0, ra
core   0: 1 0x000000008000559a (0xd030f553) c1_fflags 0x000000000000001b f10 0xffffffff4f000040
core   0: 0x000000008000559e (0x00155d13) srli    s10, a0, 1
core   0: 1 0x000000008000559e (0x00155d13) x26 0x0000000000000000
core   0: 0x00000000800055a2 (0xc01676f3) csrrci  a3, time, 12
core   0: exception trap_illegal_instruction, epc 0x00000000800055a2
core   0:           tval 0x00000000c01676f3
core   0: >>>>  $xrv64i2p1_m2p0_a2p1_f2p2_d2p2_zicsr2p0_zifencei2p0_zmmul1p0_zba1p0_zbb1p0_zbc1p0_zbs1p0
core   0: 0x0000000080004000 (0x0080006f) j       pc + 0x8
core   0: 3 0x0000000080004000 (0x0080006f)
core   0: >>>>  mmode_exception_handler
core   0: 0x0000000080004008 (0x00002c17) auipc   s8, 0x2
core   0: 3 0x0000000080004008 (0x00002c17) x24 0x0000000080006008
core   0: 0x000000008000400c (0x012c0c13) addi    s8, s8, 18
core   0: 3 0x000000008000400c (0x012c0c13) x24 0x000000008000601a
core   0: 0x0000000080004010 (0x000c00e7) jalr    s8
core   0: 3 0x0000000080004010 (0x000c00e7) x1  0x0000000080004014
core   0: >>>>  any_handler
core   0: 0x000000008000601a (0x341027f3) csrrs   a5, mepc, zero
core   0: 3 0x000000008000601a (0x341027f3) x15 0x00000000800055a2
core   0: 0x000000008000601e (0x34202773) csrrs   a4, mcause, zero
core   0: 3 0x000000008000601e (0x34202773) x14 0x0000000000000002
core   0: 0x0000000080006022 (0x142026f3) csrrs   a3, scause, zero
core   0: 3 0x0000000080006022 (0x142026f3) x13 0x0000000000000000
core   0: 0x0000000080006026 (0x30402673) csrrs   a2, mie, zero
core   0: 3 0x0000000080006026 (0x30402673) x12 0x0000000000000a00
core   0: 0x000000008000602a (0x344025f3) csrrs   a1, mip, zero
core   0: 3 0x000000008000602a (0x344025f3) x11 0x0000000000000080
core   0: 0x000000008000602e (0x343025f3) csrrs   a1, mtval, zero
core   0: 3 0x000000008000602e (0x343025f3) x11 0x00000000c01676f3
core   0: 0x0000000080006032 (0x14302573) csrrs   a0, stval, zero
core   0: 3 0x0000000080006032 (0x14302573) x10 0x0000000000000000
core   0: 0x0000000080006036 (0xb02024f3) csrrs   s1, minstret, zero
core   0: 3 0x0000000080006036 (0xb02024f3) x9  0x0000000000000ed0
core   0: 0x000000008000603a (0x0000a811) c.j     pc + 20
core   0: 3 0x000000008000603a (0xa811)
core   0: >>>>  mepc_4
core   0: 0x000000008000604e (0x00000791) c.addi  a5, 4
core   0: 3 0x000000008000604e (0x0791) x15 0x00000000800055a6
core   0: 0x0000000080006050 (0x34179073) csrrw   zero, mepc, a5
core   0: 3 0x0000000080006050 (0x34179073) c833_mepc 0x00000000800055a6
core   0: 0x0000000080006054 (0x30200073) mret
core   0: 3 0x0000000080006054 (0x30200073) c768_mstatus 0x8000000a00106080
core   0: 0x00000000800055a6 (0xc236f1d3) fcvt.lu.d gp, fa3
core   0: 1 0x00000000800055a6 (0xc236f1d3) c1_fflags 0x000000000000001b x3  0xffffffffffffffff
core   0: 0x00000000800055aa (0x40a50433) sub     s0, a0, a0
core   0: 1 0x00000000800055aa (0x40a50433) x8  0x0000000000000000
core   0: 0x00000000800055ae (0x12fc79d3) fmul.d  fs3, fs8, fa5
core   0: 1 0x00000000800055ae (0x12fc79d3) c1_fflags 0x000000000000001b f19 0x45dfffffffbfffff
core   0: 0x00000000800055b2 (0x30322173) csrrs   sp, mideleg, tp
core   0: exception trap_illegal_instruction, epc 0x00000000800055b2
core   0:           tval 0x0000000030322173
core   0: >>>>  $xrv64i2p1_m2p0_a2p1_f2p2_d2p2_zicsr2p0_zifencei2p0_zmmul1p0_zba1p0_zbb1p0_zbc1p0_zbs1p0
core   0: 0x0000000080004000 (0x0080006f) j       pc + 0x8
core   0: 3 0x0000000080004000 (0x0080006f)
core   0: >>>>  mmode_exception_handler
core   0: 0x0000000080004008 (0x00002c17) auipc   s8, 0x2
core   0: 3 0x0000000080004008 (0x00002c17) x24 0x0000000080006008
core   0: 0x000000008000400c (0x012c0c13) addi    s8, s8, 18
core   0: 3 0x000000008000400c (0x012c0c13) x24 0x000000008000601a
core   0: 0x0000000080004010 (0x000c00e7) jalr    s8
core   0: 3 0x0000000080004010 (0x000c00e7) x1  0x0000000080004014
core   0: >>>>  any_handler
core   0: 0x000000008000601a (0x341027f3) csrrs   a5, mepc, zero
core   0: 3 0x000000008000601a (0x341027f3) x15 0x00000000800055b2
core   0: 0x000000008000601e (0x34202773) csrrs   a4, mcause, zero
core   0: 3 0x000000008000601e (0x34202773) x14 0x0000000000000002
core   0: 0x0000000080006022 (0x142026f3) csrrs   a3, scause, zero
core   0: 3 0x0000000080006022 (0x142026f3) x13 0x0000000000000000
core   0: 0x0000000080006026 (0x30402673) csrrs   a2, mie, zero
core   0: 3 0x0000000080006026 (0x30402673) x12 0x0000000000000a00
core   0: 0x000000008000602a (0x344025f3) csrrs   a1, mip, zero
core   0: 3 0x000000008000602a (0x344025f3) x11 0x0000000000000080
core   0: 0x000000008000602e (0x343025f3) csrrs   a1, mtval, zero
core   0: 3 0x000000008000602e (0x343025f3) x11 0x0000000030322173
core   0: 0x0000000080006032 (0x14302573) csrrs   a0, stval, zero
core   0: 3 0x0000000080006032 (0x14302573) x10 0x0000000000000000
core   0: 0x0000000080006036 (0xb02024f3) csrrs   s1, minstret, zero
core   0: 3 0x0000000080006036 (0xb02024f3) x9  0x0000000000000ee3
core   0: 0x000000008000603a (0x0000a811) c.j     pc + 20
core   0: 3 0x000000008000603a (0xa811)
core   0: >>>>  mepc_4
core   0: 0x000000008000604e (0x00000791) c.addi  a5, 4
core   0: 3 0x000000008000604e (0x0791) x15 0x00000000800055b6
core   0: 0x0000000080006050 (0x34179073) csrrw   zero, mepc, a5
core   0: 3 0x0000000080006050 (0x34179073) c833_mepc 0x00000000800055b6
core   0: 0x0000000080006054 (0x30200073) mret
core   0: 3 0x0000000080006054 (0x30200073) c768_mstatus 0x8000000a00106080
core   0: 0x00000000800055b6 (0x00000001) c.nop
core   0: 1 0x00000000800055b6 (0x0001)
core   0: 0x00000000800055b8 (0x2a0bf1c7) fmsub.d ft3, fs7, ft0, ft5
core   0: 1 0x00000000800055b8 (0x2a0bf1c7) f3  0x7ff8000000000000
core   0: 0x00000000800055bc (0x42645893) srai    a7, s0, 38
core   0: 1 0x00000000800055bc (0x42645893) x17 0x0000000000000000
core   0: 0x00000000800055c0 (0x1e61099b) addiw   s3, sp, 486
core   0: 1 0x00000000800055c0 (0x1e61099b) x19 0x00000000000001e5
core   0: 0x00000000800055c4 (0x40e758bb) sraw    a7, a4, a4
core   0: 1 0x00000000800055c4 (0x40e758bb) x17 0x0000000000000000
core   0: 0x00000000800055c8 (0xe2018153) fmv.x.d sp, ft3
core   0: 1 0x00000000800055c8 (0xe2018153) x2  0x7ff8000000000000
core   0: 0x00000000800055cc (0x026c95b3) mulh    a1, s9, t1
core   0: 1 0x00000000800055cc (0x026c95b3) x11 0x0000000000000000
core   0: 0x00000000800055d0 (0x01d5f233) and     tp, a1, t4
core   0: 1 0x00000000800055d0 (0x01d5f233) x4  0x0000000000000000
core   0: 0x00000000800055d4 (0x02be8abb) mulw    s5, t4, a1
core   0: 1 0x00000000800055d4 (0x02be8abb) x21 0x0000000000000000
core   0: 0x00000000800055d8 (0x007bd3b3) srl     t2, s7, t2
core   0: 1 0x00000000800055d8 (0x007bd3b3) x7  0x0000000000000000
core   0: 0x00000000800055dc (0x22281ed3) fsgnjn.d ft9, fa6, ft2
core   0: 1 0x00000000800055dc (0x22281ed3) f29 0xfff8000000000000
core   0: 0x00000000800055e0 (0x40045a13) srai    s4, s0, 0
core   0: 1 0x00000000800055e0 (0x40045a13) x20 0x0000000000000000
core   0: 0x00000000800055e4 (0x0ff0000f) fence   iorw,iorw
core   0: 1 0x00000000800055e4 (0x0ff0000f)
core   0: 0x00000000800055e8 (0x00138513) addi    a0, t2, 1
core   0: 1 0x00000000800055e8 (0x00138513) x10 0x0000000000000001
core   0: 0x00000000800055ec (0x00000001) c.nop
core   0: 1 0x00000000800055ec (0x0001)
core   0: 0x00000000800055ee (0xb24e72cb) fnmsub.d ft5, ft8, ft4, fs6
core   0: 1 0x00000000800055ee (0xb24e72cb) f5  0x7ff8000000000000
core   0: 0x00000000800055f2 (0x03291833) mulh    a6, s2, s2
core   0: 1 0x00000000800055f2 (0x03291833) x16 0x3fffffffffffffff
core   0: 0x00000000800055f6 (0xc03e7653) fcvt.lu.s a2, ft8
core   0: 1 0x00000000800055f6 (0xc03e7653) c1_fflags 0x000000000000001b x12 0xffffffffffffffff
core   0: 0x00000000800055fa (0x03dbd733) divu    a4, s7, t4
core   0: 1 0x00000000800055fa (0x03dbd733) x14 0xffffffffffffffff
core   0: 0x00000000800055fe (0x7ff0f213) andi    tp, ra, 2047
core   0: 1 0x00000000800055fe (0x7ff0f213) x4  0x0000000000000014
core   0: 0x0000000080005602 (0xd5ce5d97) auipc   s11, 0xd5ce5
core   0: 1 0x0000000080005602 (0xd5ce5d97) x27 0x0000000055cea602
core   0: 0x0000000080005606 (0x14359773) csrrw   a4, stval, a1
core   0: 1 0x0000000080005606 (0x14359773) x14 0x0000000000000000 c323_stval 0x0000000000000000
core   0: 0x000000008000560a (0xd23af9d3) fcvt.d.lu fs3, s5
core   0: 1 0x000000008000560a (0xd23af9d3) f19 0x0000000000000000
core   0: 0x000000008000560e (0xfd35da37) lui     s4, 0xfd35d
core   0: 1 0x000000008000560e (0xfd35da37) x20 0xfffffffffd35d000
core   0: 0x0000000080005612 (0x2aba0a1b) addiw   s4, s4, 683
core   0: 1 0x0000000080005612 (0x2aba0a1b) x20 0xfffffffffd35d2ab
core   0: 0x0000000080005616 (0x00000a36) c.slli  s4, 13
core   0: 1 0x0000000080005616 (0x0a36) x20 0xffffffa6ba556000
core   0: 0x0000000080005618 (0x3d4a0a13) addi    s4, s4, 980
core   0: 1 0x0000000080005618 (0x3d4a0a13) x20 0xffffffa6ba5563d4
core   0: 0x000000008000561c (0x00658933) add     s2, a1, t1
core   0: 1 0x000000008000561c (0x00658933) x18 0xffffffffcf94dc0d
core   0: 0x0000000080005620 (0x01c19c37) lui     s8, 0x1c19
core   0: 1 0x0000000080005620 (0x01c19c37) x24 0x0000000001c19000
core   0: 0x0000000080005624 (0x425c0c1b) addiw   s8, s8, 1061
core   0: 1 0x0000000080005624 (0x425c0c1b) x24 0x0000000001c19425
core   0: 0x0000000080005628 (0x00000c32) c.slli  s8, 12
core   0: 1 0x0000000080005628 (0x0c32) x24 0x0000001c19425000
core   0: 0x000000008000562a (0x462c0c13) addi    s8, s8, 1122
core   0: 1 0x000000008000562a (0x462c0c13) x24 0x0000001c19425462
core   0: 0x000000008000562e (0xd2128853) fcvt.d.wu fa6, t0
core   0: 1 0x000000008000562e (0xd2128853) f16 0x41efffffffe00000
core   0: 0x0000000080005632 (0x1bb47dd3) fdiv.d  fs11, fs0, fs11
core   0: 1 0x0000000080005632 (0x1bb47dd3) f27 0x7ff8000000000000
core   0: 0x0000000080005636 (0x0ff0000f) fence   iorw,iorw
core   0: 1 0x0000000080005636 (0x0ff0000f)
core   0: 0x000000008000563a (0x03f95913) srli    s2, s2, 63
core   0: 1 0x000000008000563a (0x03f95913) x18 0x0000000000000001
core   0: 0x000000008000563e (0x011b3033) sltu    zero, s6, a7
core   0: 1 0x000000008000563e (0x011b3033)
core   0: 0x0000000080005642 (0x431ded93) ori     s11, s11, 1073
core   0: 1 0x0000000080005642 (0x431ded93) x27 0x0000000055cea633
core   0: 0x0000000080005646 (0x0179883b) addw    a6, s3, s7
core   0: 1 0x0000000080005646 (0x0179883b) x16 0x00000000000001e5
core   0: 0x000000008000564a (0x0ff0000f) fence   iorw,iorw
core   0: 1 0x000000008000564a (0x0ff0000f)
core   0: 0x000000008000564e (0x40a7d53b) sraw    a0, a5, a0
core   0: 1 0x000000008000564e (0x40a7d53b) x10 0xffffffffc0002adb
core   0: 0x0000000080005652 (0x0231f5b3) remu    a1, gp, gp
core   0: 1 0x0000000080005652 (0x0231f5b3) x11 0x0000000000000000
core   0: 0x0000000080005656 (0x4b85011b) addiw   sp, a0, 1208
core   0: 1 0x0000000080005656 (0x4b85011b) x2  0xffffffffc0002f93
core   0: 0x000000008000565a (0xc03ff6d3) fcvt.lu.s a3, ft11
core   0: 1 0x000000008000565a (0xc03ff6d3) c1_fflags 0x000000000000001b x13 0xffffffffffffffff
core   0: 0x000000008000565e (0xd23176d3) fcvt.d.lu fa3, sp
core   0: 1 0x000000008000565e (0xd23176d3) c1_fflags 0x000000000000001b f13 0x43effffffff80006
core   0: 0x0000000080005662 (0x5a09f9d3) fsqrt.d fs3, fs3
core   0: 1 0x0000000080005662 (0x5a09f9d3) f19 0x0000000000000000
core   0: 0x0000000080005666 (0x4018d113) srai    sp, a7, 1
core   0: 1 0x0000000080005666 (0x4018d113) x2  0x0000000000000000
core   0: 0x000000008000566a (0x402b0ebb) subw    t4, s6, sp
core   0: 1 0x000000008000566a (0x402b0ebb) x29 0x0000000000000000
core   0: 0x000000008000566e (0x23952353) fsgnjx.d ft6, fa0, fs9
core   0: 1 0x000000008000566e (0x23952353) f6  0x7fffffff4f000040
core   0: 0x0000000080005672 (0x02a572d3) fadd.d  ft5, fa0, fa0
core   0: 1 0x0000000080005672 (0x02a572d3) f5  0x7ff8000000000000
core   0: 0x0000000080005676 (0x23a51d53) fsgnjn.d fs10, fa0, fs10
core   0: 1 0x0000000080005676 (0x23a51d53) f26 0xffffffff4f000040
core   0: 0x000000008000567a (0x1bf2f7d3) fdiv.d  fa5, ft5, ft11
core   0: 1 0x000000008000567a (0x1bf2f7d3) f15 0x7ff8000000000000
core   0: 0x000000008000567e (0x410783b3) sub     t2, a5, a6
core   0: 1 0x000000008000567e (0x410783b3) x7  0x00000000800053d1
core   0: 0x0000000080005682 (0x00d1d6b3) srl     a3, gp, a3
core   0: 1 0x0000000080005682 (0x00d1d6b3) x13 0x0000000000000001
core   0: 0x0000000080005686 (0xd02b7dd3) fcvt.s.l fs11, s6
core   0: 1 0x0000000080005686 (0xd02b7dd3) f27 0xffffffff00000000
core   0: 0x000000008000568a (0xbf526013) ori     zero, tp, -1035
core   0: 1 0x000000008000568a (0xbf526013)
core   0: 0x000000008000568e (0x002022f3) csrrs   t0, frm, zero
core   0: 1 0x000000008000568e (0x002022f3) x5  0x0000000000000000
core   0: 0x0000000080005692 (0x0ff0000f) fence   iorw,iorw
core   0: 1 0x0000000080005692 (0x0ff0000f)
core   0: 0x0000000080005696 (0xd2100cd3) fcvt.d.wu fs9, zero
core   0: 1 0x0000000080005696 (0xd2100cd3) f25 0x0000000000000000
core   0: 0x000000008000569a (0xd036f153) fcvt.s.lu ft2, a3
core   0: 1 0x000000008000569a (0xd036f153) f2  0xffffffff3f800000
core   0: 0x000000008000569e (0x013c4133) xor     sp, s8, s3
core   0: 1 0x000000008000569e (0x013c4133) x2  0x0000001c19425587
core   0: 0x00000000800056a2 (0x0014fa93) andi    s5, s1, 1
core   0: 1 0x00000000800056a2 (0x0014fa93) x21 0x0000000000000001
core   0: 0x00000000800056a6 (0x0004d51b) srliw   a0, s1, 0
core   0: 1 0x00000000800056a6 (0x0004d51b) x10 0x0000000000000ee3
core   0: 0x00000000800056aa (0x4034d6b3) sra     a3, s1, gp
core   0: 1 0x00000000800056aa (0x4034d6b3) x13 0x0000000000000000
core   0: 0x00000000800056ae (0x40117f53) fcvt.s.d ft10, ft2
core   0: 1 0x00000000800056ae (0x40117f53) f30 0xffffffff7fc00000
core   0: 0x00000000800056b2 (0xd03577d3) fcvt.s.lu fa5, a0
core   0: 1 0x00000000800056b2 (0xd03577d3) f15 0xffffffff456e3000
core   0: 0x00000000800056b6 (0x02abd433) divu    s0, s7, a0
core   0: 1 0x00000000800056b6 (0x02abd433) x8  0x0000000000000000
core   0: 0x00000000800056ba (0x00c292b3) sll     t0, t0, a2
core   0: 1 0x00000000800056ba (0x00c292b3) x5  0x0000000000000000
core   0: 0x00000000800056be (0x02a14e3b) divw    t3, sp, a0
core   0: 1 0x00000000800056be (0x02a14e3b) x28 0x000000000001b25e
core   0: 0x00000000800056c2 (0xa2610953) fle.d   s2, ft2, ft6
core   0: 1 0x00000000800056c2 (0xa2610953) c1_fflags 0x000000000000001b x18 0x0000000000000000
core   0: 0x00000000800056c6 (0x000b9e93) slli    t4, s7, 0
core   0: 1 0x00000000800056c6 (0x000b9e93) x29 0x0000000000000000
core   0: 0x00000000800056ca (0xc02f7dd3) fcvt.l.s s11, ft10
core   0: 1 0x00000000800056ca (0xc02f7dd3) c1_fflags 0x000000000000001b x27 0x7fffffffffffffff
core   0: 0x00000000800056ce (0xc02c2c73) csrrs   s8, instret, s8
core   0: exception trap_illegal_instruction, epc 0x00000000800056ce
core   0:           tval 0x00000000c02c2c73
core   0: >>>>  $xrv64i2p1_m2p0_a2p1_f2p2_d2p2_zicsr2p0_zifencei2p0_zmmul1p0_zba1p0_zbb1p0_zbc1p0_zbs1p0
core   0: 0x0000000080004000 (0x0080006f) j       pc + 0x8
core   0: 3 0x0000000080004000 (0x0080006f)
core   0: >>>>  mmode_exception_handler
core   0: 0x0000000080004008 (0x00002c17) auipc   s8, 0x2
core   0: 3 0x0000000080004008 (0x00002c17) x24 0x0000000080006008
core   0: 0x000000008000400c (0x012c0c13) addi    s8, s8, 18
core   0: 3 0x000000008000400c (0x012c0c13) x24 0x000000008000601a
core   0: 0x0000000080004010 (0x000c00e7) jalr    s8
core   0: 3 0x0000000080004010 (0x000c00e7) x1  0x0000000080004014
core   0: >>>>  any_handler
core   0: 0x000000008000601a (0x341027f3) csrrs   a5, mepc, zero
core   0: 3 0x000000008000601a (0x341027f3) x15 0x00000000800056ce
core   0: 0x000000008000601e (0x34202773) csrrs   a4, mcause, zero
core   0: 3 0x000000008000601e (0x34202773) x14 0x0000000000000002
core   0: 0x0000000080006022 (0x142026f3) csrrs   a3, scause, zero
core   0: 3 0x0000000080006022 (0x142026f3) x13 0x0000000000000000
core   0: 0x0000000080006026 (0x30402673) csrrs   a2, mie, zero
core   0: 3 0x0000000080006026 (0x30402673) x12 0x0000000000000a00
core   0: 0x000000008000602a (0x344025f3) csrrs   a1, mip, zero
core   0: 3 0x000000008000602a (0x344025f3) x11 0x0000000000000080
core   0: 0x000000008000602e (0x343025f3) csrrs   a1, mtval, zero
core   0: 3 0x000000008000602e (0x343025f3) x11 0x00000000c02c2c73
core   0: 0x0000000080006032 (0x14302573) csrrs   a0, stval, zero
core   0: 3 0x0000000080006032 (0x14302573) x10 0x0000000000000000
core   0: 0x0000000080006036 (0xb02024f3) csrrs   s1, minstret, zero
core   0: 3 0x0000000080006036 (0xb02024f3) x9  0x0000000000000f3b
core   0: 0x000000008000603a (0x0000a811) c.j     pc + 20
core   0: 3 0x000000008000603a (0xa811)
core   0: >>>>  mepc_4
core   0: 0x000000008000604e (0x00000791) c.addi  a5, 4
core   0: 3 0x000000008000604e (0x0791) x15 0x00000000800056d2
core   0: 0x0000000080006050 (0x34179073) csrrw   zero, mepc, a5
core   0: 3 0x0000000080006050 (0x34179073) c833_mepc 0x00000000800056d2
core   0: 0x0000000080006054 (0x30200073) mret
core   0: 3 0x0000000080006054 (0x30200073) c768_mstatus 0x8000000a00106080
core   0: 0x00000000800056d2 (0x00815d33) srl     s10, sp, s0
core   0: 1 0x00000000800056d2 (0x00815d33) x26 0x0000001c19425587
core   0: 0x00000000800056d6 (0x013820b3) slt     ra, a6, s3
core   0: 1 0x00000000800056d6 (0x013820b3) x1  0x0000000000000000
core   0: 0x00000000800056da (0x01c9de33) srl     t3, s3, t3
core   0: 1 0x00000000800056da (0x01c9de33) x28 0x0000000000000000
core   0: 0x00000000800056de (0x420f0053) fcvt.d.s ft0, ft10
core   0: 1 0x00000000800056de (0x420f0053) f0  0x7ff8000000000000
core   0: 0x00000000800056e2 (0xc02f7473) csrrci  s0, instret, 30
core   0: exception trap_illegal_instruction, epc 0x00000000800056e2
core   0:           tval 0x00000000c02f7473
core   0: >>>>  $xrv64i2p1_m2p0_a2p1_f2p2_d2p2_zicsr2p0_zifencei2p0_zmmul1p0_zba1p0_zbb1p0_zbc1p0_zbs1p0
core   0: 0x0000000080004000 (0x0080006f) j       pc + 0x8
core   0: 3 0x0000000080004000 (0x0080006f)
core   0: >>>>  mmode_exception_handler
core   0: 0x0000000080004008 (0x00002c17) auipc   s8, 0x2
core   0: 3 0x0000000080004008 (0x00002c17) x24 0x0000000080006008
core   0: 0x000000008000400c (0x012c0c13) addi    s8, s8, 18
core   0: 3 0x000000008000400c (0x012c0c13) x24 0x000000008000601a
core   0: 0x0000000080004010 (0x000c00e7) jalr    s8
core   0: 3 0x0000000080004010 (0x000c00e7) x1  0x0000000080004014
core   0: >>>>  any_handler
core   0: 0x000000008000601a (0x341027f3) csrrs   a5, mepc, zero
core   0: 3 0x000000008000601a (0x341027f3) x15 0x00000000800056e2
core   0: 0x000000008000601e (0x34202773) csrrs   a4, mcause, zero
core   0: 3 0x000000008000601e (0x34202773) x14 0x0000000000000002
core   0: 0x0000000080006022 (0x142026f3) csrrs   a3, scause, zero
core   0: 3 0x0000000080006022 (0x142026f3) x13 0x0000000000000000
core   0: 0x0000000080006026 (0x30402673) csrrs   a2, mie, zero
core   0: 3 0x0000000080006026 (0x30402673) x12 0x0000000000000a00
core   0: 0x000000008000602a (0x344025f3) csrrs   a1, mip, zero
core   0: 3 0x000000008000602a (0x344025f3) x11 0x0000000000000080
core   0: 0x000000008000602e (0x343025f3) csrrs   a1, mtval, zero
core   0: 3 0x000000008000602e (0x343025f3) x11 0x00000000c02f7473
core   0: 0x0000000080006032 (0x14302573) csrrs   a0, stval, zero
core   0: 3 0x0000000080006032 (0x14302573) x10 0x0000000000000000
core   0: 0x0000000080006036 (0xb02024f3) csrrs   s1, minstret, zero
core   0: 3 0x0000000080006036 (0xb02024f3) x9  0x0000000000000f4f
core   0: 0x000000008000603a (0x0000a811) c.j     pc + 20
core   0: 3 0x000000008000603a (0xa811)
core   0: >>>>  mepc_4
core   0: 0x000000008000604e (0x00000791) c.addi  a5, 4
core   0: 3 0x000000008000604e (0x0791) x15 0x00000000800056e6
core   0: 0x0000000080006050 (0x34179073) csrrw   zero, mepc, a5
core   0: 3 0x0000000080006050 (0x34179073) c833_mepc 0x00000000800056e6
core   0: 0x0000000080006054 (0x30200073) mret
core   0: 3 0x0000000080006054 (0x30200073) c768_mstatus 0x8000000a00106080
core   0: 0x00000000800056e6 (0x02d63e33) mulhu   t3, a2, a3
core   0: 1 0x00000000800056e6 (0x02d63e33) x28 0x0000000000000000
core   0: 0x00000000800056ea (0x226f2353) fsgnjx.d ft6, ft10, ft6
core   0: 1 0x00000000800056ea (0x226f2353) f6  0xffffffff7fc00000
core   0: 0x00000000800056ee (0x0a56fad3) fsub.d  fs5, fa3, ft5
core   0: 1 0x00000000800056ee (0x0a56fad3) f21 0x7ff8000000000000
core   0: 0x00000000800056f2 (0x00008305) c.srli  a4, 1
core   0: 1 0x00000000800056f2 (0x8305) x14 0x0000000000000001
core   0: 0x00000000800056f4 (0x1a397253) fdiv.d  ft4, fs2, ft3
core   0: 1 0x00000000800056f4 (0x1a397253) f4  0x7ff8000000000000
core   0: 0x00000000800056f8 (0x4109dd3b) sraw    s10, s3, a6
core   0: 1 0x00000000800056f8 (0x4109dd3b) x26 0x000000000000000f
core   0: 0x00000000800056fc (0xc812a173) csrrs   sp, timeh, t0
core   0: exception trap_illegal_instruction, epc 0x00000000800056fc
core   0:           tval 0x00000000c812a173
core   0: >>>>  $xrv64i2p1_m2p0_a2p1_f2p2_d2p2_zicsr2p0_zifencei2p0_zmmul1p0_zba1p0_zbb1p0_zbc1p0_zbs1p0
core   0: 0x0000000080004000 (0x0080006f) j       pc + 0x8
core   0: 3 0x0000000080004000 (0x0080006f)
core   0: >>>>  mmode_exception_handler
core   0: 0x0000000080004008 (0x00002c17) auipc   s8, 0x2
core   0: 3 0x0000000080004008 (0x00002c17) x24 0x0000000080006008
core   0: 0x000000008000400c (0x012c0c13) addi    s8, s8, 18
core   0: 3 0x000000008000400c (0x012c0c13) x24 0x000000008000601a
core   0: 0x0000000080004010 (0x000c00e7) jalr    s8
core   0: 3 0x0000000080004010 (0x000c00e7) x1  0x0000000080004014
core   0: >>>>  any_handler
core   0: 0x000000008000601a (0x341027f3) csrrs   a5, mepc, zero
core   0: 3 0x000000008000601a (0x341027f3) x15 0x00000000800056fc
core   0: 0x000000008000601e (0x34202773) csrrs   a4, mcause, zero
core   0: 3 0x000000008000601e (0x34202773) x14 0x0000000000000002
core   0: 0x0000000080006022 (0x142026f3) csrrs   a3, scause, zero
core   0: 3 0x0000000080006022 (0x142026f3) x13 0x0000000000000000
core   0: 0x0000000080006026 (0x30402673) csrrs   a2, mie, zero
core   0: 3 0x0000000080006026 (0x30402673) x12 0x0000000000000a00
core   0: 0x000000008000602a (0x344025f3) csrrs   a1, mip, zero
core   0: 3 0x000000008000602a (0x344025f3) x11 0x0000000000000080
core   0: 0x000000008000602e (0x343025f3) csrrs   a1, mtval, zero
core   0: 3 0x000000008000602e (0x343025f3) x11 0x00000000c812a173
core   0: 0x0000000080006032 (0x14302573) csrrs   a0, stval, zero
core   0: 3 0x0000000080006032 (0x14302573) x10 0x0000000000000000
core   0: 0x0000000080006036 (0xb02024f3) csrrs   s1, minstret, zero
core   0: 3 0x0000000080006036 (0xb02024f3) x9  0x0000000000000f65
core   0: 0x000000008000603a (0x0000a811) c.j     pc + 20
core   0: 3 0x000000008000603a (0xa811)
core   0: >>>>  mepc_4
core   0: 0x000000008000604e (0x00000791) c.addi  a5, 4
core   0: 3 0x000000008000604e (0x0791) x15 0x0000000080005700
core   0: 0x0000000080006050 (0x34179073) csrrw   zero, mepc, a5
core   0: 3 0x0000000080006050 (0x34179073) c833_mepc 0x0000000080005700
core   0: 0x0000000080006054 (0x30200073) mret
core   0: 3 0x0000000080006054 (0x30200073) c768_mstatus 0x8000000a00106080
core   0: 0x0000000080005700 (0x012d1793) slli    a5, s10, 18
core   0: 1 0x0000000080005700 (0x012d1793) x15 0x00000000003c0000
core   0: 0x0000000080005704 (0x001b7133) and     sp, s6, ra
core   0: 1 0x0000000080005704 (0x001b7133) x2  0x0000000000000000
core   0: 0x0000000080005708 (0x0268e5bb) remw    a1, a7, t1
core   0: 1 0x0000000080005708 (0x0268e5bb) x11 0x0000000000000000
core   0: 0x000000008000570c (0x029c82b3) mul     t0, s9, s1
core   0: 1 0x000000008000570c (0x029c82b3) x5  0x0000000000000000
core   0: 0x0000000080005710 (0xcb12f7c3) fmadd.d fa5, ft5, fa7, fs9
core   0: 1 0x0000000080005710 (0xcb12f7c3) f15 0x7ff8000000000000
core   0: 0x0000000080005714 (0x015c6eb3) or      t4, s8, s5
core   0: 1 0x0000000080005714 (0x015c6eb3) x29 0x000000008000601b
core   0: 0x0000000080005718 (0x2b1c94d3) fmax.d  fs1, fs9, fa7
core   0: 1 0x0000000080005718 (0x2b1c94d3) f9  0x0000000000000000
core   0: 0x000000008000571c (0x0152923b) sllw    tp, t0, s5
core   0: 1 0x000000008000571c (0x0152923b) x4  0x0000000000000000
core   0: 0x0000000080005720 (0xeb37f9c3) fmadd.d fs3, fa5, fs3, ft9
core   0: 1 0x0000000080005720 (0xeb37f9c3) f19 0x7ff8000000000000
core   0: 0x0000000080005724 (0xb2e8829b) addiw   t0, a7, -1234
core   0: 1 0x0000000080005724 (0xb2e8829b) x5  0xfffffffffffffb2e
core   0: 0x0000000080005728 (0xc23e7753) fcvt.lu.d a4, ft8
core   0: 1 0x0000000080005728 (0xc23e7753) x14 0x000000007fffffff
core   0: 0x000000008000572c (0x0017cdb3) xor     s11, a5, ra
core   0: 1 0x000000008000572c (0x0017cdb3) x27 0x00000000803c4014
core   0: 0x0000000080005730 (0x00f35333) srl     t1, t1, a5
core   0: 1 0x0000000080005730 (0x00f35333) x6  0xffffffffcf94dc0d
core   0: 0x0000000080005734 (0x00399d1b) slliw   s10, s3, 3
core   0: 1 0x0000000080005734 (0x00399d1b) x26 0x0000000000000f28
core   0: 0x0000000080005738 (0x00202e73) csrrs   t3, frm, zero
core   0: 1 0x0000000080005738 (0x00202e73) x28 0x0000000000000000
core   0: 0x000000008000573c (0x40ba5a3b) sraw    s4, s4, a1
core   0: 1 0x000000008000573c (0x40ba5a3b) x20 0xffffffffba5563d4
core   0: 0x0000000080005740 (0x12427c53) fmul.d  fs8, ft4, ft4
core   0: 1 0x0000000080005740 (0x12427c53) f24 0x7ff8000000000000
core   0: 0x0000000080005744 (0x5a07f153) fsqrt.d ft2, fa5
core   0: 1 0x0000000080005744 (0x5a07f153) f2  0x7ff8000000000000
core   0: 0x0000000080005748 (0x03fad193) srli    gp, s5, 63
core   0: 1 0x0000000080005748 (0x03fad193) x3  0x0000000000000000
core   0: 0x000000008000574c (0x01b6c833) xor     a6, a3, s11
core   0: 1 0x000000008000574c (0x01b6c833) x16 0x00000000803c4014
core   0: 0x0000000080005750 (0x02580c33) mul     s8, a6, t0
core   0: 1 0x0000000080005750 (0x02580c33) x24 0xfffffd95dd931f98
core   0: 0x0000000080005754 (0x002029f3) csrrs   s3, frm, zero
core   0: 1 0x0000000080005754 (0x002029f3) x19 0x0000000000000000
core   0: 0x0000000080005758 (0x03321d13) slli    s10, tp, 51
core   0: 1 0x0000000080005758 (0x03321d13) x26 0x0000000000000000
core   0: 0x000000008000575c (0xc03c7953) fcvt.lu.s s2, fs8
core   0: 1 0x000000008000575c (0xc03c7953) c1_fflags 0x000000000000001b x18 0xffffffffffffffff
core   0: 0x0000000080005760 (0xd22a78d3) fcvt.d.l fa7, s4
core   0: 1 0x0000000080005760 (0xd22a78d3) f17 0xc1d16aa70b000000
core   0: 0x0000000080005764 (0x41ab5b33) sra     s6, s6, s10
core   0: 1 0x0000000080005764 (0x41ab5b33) x22 0x0000000000000000
core   0: 0x0000000080005768 (0x035bc8b3) div     a7, s7, s5
core   0: 1 0x0000000080005768 (0x035bc8b3) x17 0x0000000000000000
core   0: 0x000000008000576c (0x023b06b3) mul     a3, s6, gp
core   0: 1 0x000000008000576c (0x023b06b3) x13 0x0000000000000000
core   0: 0x0000000080005770 (0x4056d813) srai    a6, a3, 5
core   0: 1 0x0000000080005770 (0x4056d813) x16 0x0000000000000000
core   0: 0x0000000080005774 (0x8005f413) andi    s0, a1, -2048
core   0: 1 0x0000000080005774 (0x8005f413) x8  0x0000000000000000
core   0: 0x0000000080005778 (0xd23d74d3) fcvt.d.lu fs1, s10
core   0: 1 0x0000000080005778 (0xd23d74d3) f9  0x0000000000000000
core   0: 0x000000008000577c (0x2a619353) fmax.d  ft6, ft3, ft6
core   0: 1 0x000000008000577c (0x2a619353) f6  0x7ff8000000000000
core   0: 0x0000000080005780 (0x021d83b7) lui     t2, 0x21d8
core   0: 1 0x0000000080005780 (0x021d83b7) x7  0x00000000021d8000
core   0: 0x0000000080005784 (0xa0f3839b) addiw   t2, t2, -1521
core   0: 1 0x0000000080005784 (0xa0f3839b) x7  0x00000000021d7a0f
core   0: 0x0000000080005788 (0x000003b2) c.slli  t2, 12
core   0: 1 0x0000000080005788 (0x03b2) x7  0x00000021d7a0f000
core   0: 0x000000008000578a (0xa3f38393) addi    t2, t2, -1473
core   0: 1 0x000000008000578a (0xa3f38393) x7  0x00000021d7a0ea3f
core   0: 0x000000008000578e (0x007d14bb) sllw    s1, s10, t2
core   0: 1 0x000000008000578e (0x007d14bb) x9  0x0000000000000000
core   0: 0x0000000080005792 (0x036931b3) mulhu   gp, s2, s6
core   0: 1 0x0000000080005792 (0x036931b3) x3  0x0000000000000000
core   0: 0x0000000080005796 (0x61610893) addi    a7, sp, 1558
core   0: 1 0x0000000080005796 (0x61610893) x17 0x0000000000000616
core   0: 0x000000008000579a (0xd2297d53) fcvt.d.l fs10, s2
core   0: 1 0x000000008000579a (0xd2297d53) f26 0xbff0000000000000
core   0: 0x000000008000579e (0xa2688653) fle.d   a2, fa7, ft6
core   0: 1 0x000000008000579e (0xa2688653) c1_fflags 0x000000000000001b x12 0x0000000000000000
core   0: 0x00000000800057a2 (0x3a935517) auipc   a0, 0x3a935
core   0: 1 0x00000000800057a2 (0x3a935517) x10 0x00000000ba93a7a2
core   0: 0x00000000800057a6 (0xc204fa53) fcvt.w.d s4, fs1
core   0: 1 0x00000000800057a6 (0xc204fa53) x20 0x0000000000000000
core   0: 0x00000000800057aa (0x00261173) csrrw   sp, frm, a2
core   0: 1 0x00000000800057aa (0x00261173) x2  0x0000000000000000 c2_frm 0x0000000000000000
core   0: 0x00000000800057ae (0x2a6d1dd3) fmax.d  fs11, fs10, ft6
core   0: 1 0x00000000800057ae (0x2a6d1dd3) f27 0xbff0000000000000
core   0: 0x00000000800057b2 (0x035cecb3) rem     s9, s9, s5
core   0: 1 0x00000000800057b2 (0x035cecb3) x25 0x0000000000000000
core   0: 0x00000000800057b6 (0x92d67943) fmadd.d fs2, fa2, fa3, fs2
core   0: 1 0x00000000800057b6 (0x92d67943) f18 0x7ff8000000000000
core   0: 0x00000000800057ba (0x5a0bf7d3) fsqrt.d fa5, fs7
core   0: 1 0x00000000800057ba (0x5a0bf7d3) f15 0x7ff8000000000000
core   0: 0x00000000800057be (0x005aa933) slt     s2, s5, t0
core   0: 1 0x00000000800057be (0x005aa933) x18 0x0000000000000000
core   0: 0x00000000800057c2 (0x00000001) c.nop
core   0: 1 0x00000000800057c2 (0x0001)
core   0: 0x00000000800057c4 (0x4135553b) sraw    a0, a0, s3
core   0: 1 0x00000000800057c4 (0x4135553b) x10 0xffffffffba93a7a2
core   0: 0x00000000800057c8 (0x4373d393) srai    t2, t2, 55
core   0: 1 0x00000000800057c8 (0x4373d393) x7  0x0000000000000000
core   0: 0x00000000800057cc (0x0002dc1b) srliw   s8, t0, 0
core   0: 1 0x00000000800057cc (0x0002dc1b) x24 0xfffffffffffffb2e
core   0: 0x00000000800057d0 (0x22cd1653) fsgnjn.d fa2, fs10, fa2
core   0: 1 0x00000000800057d0 (0x22cd1653) f12 0xbff0000000000000
core   0: 0x00000000800057d4 (0x00009892) c.add   a7, tp
core   0: 1 0x00000000800057d4 (0x9892) x17 0x0000000000000616
core   0: 0x00000000800057d6 (0x4117d7b3) sra     a5, a5, a7
core   0: 1 0x00000000800057d6 (0x4117d7b3) x15 0x0000000000000000
core   0: 0x00000000800057da (0x7ff3c393) xori    t2, t2, 2047
core   0: 1 0x00000000800057da (0x7ff3c393) x7  0x00000000000007ff
core   0: 0x00000000800057de (0xfd585037) lui     zero, 0xfd585
core   0: 1 0x00000000800057de (0xfd585037)
core   0: 0x00000000800057e2 (0xdc10001b) addiw   zero, zero, -575
core   0: 1 0x00000000800057e2 (0xdc10001b)
core   0: 0x00000000800057e6 (0x00d01013) slli    zero, zero, 13
core   0: 1 0x00000000800057e6 (0x00d01013)
core   0: 0x00000000800057ea (0x0f300013) li      zero, 243
core   0: 1 0x00000000800057ea (0x0f300013)
core   0: 0x00000000800057ee (0x024af753) fadd.d  fa4, fs5, ft4
core   0: 1 0x00000000800057ee (0x024af753) f14 0x7ff8000000000000
core   0: 0x00000000800057f2 (0x01b898bb) sllw    a7, a7, s11
core   0: 1 0x00000000800057f2 (0x01b898bb) x17 0x0000000061600000
core   0: 0x00000000800057f6 (0x0115553b) srlw    a0, a0, a7
core   0: 1 0x00000000800057f6 (0x0115553b) x10 0xffffffffba93a7a2
core   0: 0x00000000800057fa (0x003548b3) xor     a7, a0, gp
core   0: 1 0x00000000800057fa (0x003548b3) x17 0xffffffffba93a7a2
core   0: 0x00000000800057fe (0x7310f993) andi    s3, ra, 1841
core   0: 1 0x00000000800057fe (0x7310f993) x19 0x0000000000000010
core   0: 0x0000000080005802 (0xf2088f53) fmv.d.x ft10, a7
core   0: 1 0x0000000080005802 (0xf2088f53) f30 0xffffffffba93a7a2
core   0: 0x0000000080005806 (0x01c25233) srl     tp, tp, t3
core   0: 1 0x0000000080005806 (0x01c25233) x4  0x0000000000000000
core   0: 0x000000008000580a (0x02cc03b7) lui     t2, 0x2cc0
core   0: 1 0x000000008000580a (0x02cc03b7) x7  0x0000000002cc0000
core   0: 0x000000008000580e (0x9173839b) addiw   t2, t2, -1769
core   0: 1 0x000000008000580e (0x9173839b) x7  0x0000000002cbf917
core   0: 0x0000000080005812 (0x000003b2) c.slli  t2, 12
core   0: 1 0x0000000080005812 (0x03b2) x7  0x0000002cbf917000
core   0: 0x0000000080005814 (0xd6c38393) addi    t2, t2, -660
core   0: 1 0x0000000080005814 (0xd6c38393) x7  0x0000002cbf916d6c
core   0: 0x0000000080005818 (0x012948b3) xor     a7, s2, s2
core   0: 1 0x0000000080005818 (0x012948b3) x17 0x0000000000000000
core   0: 0x000000008000581c (0xf31f7bcb) fnmsub.d fs7, ft10, fa7, ft10
core   0: 1 0x000000008000581c (0xf31f7bcb) f23 0x7ff8000000000000
core   0: 0x0000000080005820 (0x00000001) c.nop
core   0: 1 0x0000000080005820 (0x0001)
core   0: 0x0000000080005822 (0x02b975b3) remu    a1, s2, a1
core   0: 1 0x0000000080005822 (0x02b975b3) x11 0x0000000000000000
core   0: 0x0000000080005826 (0xe2088353) fmv.x.d t1, fa7
core   0: 1 0x0000000080005826 (0xe2088353) x6  0xc1d16aa70b000000
core   0: 0x000000008000582a (0x231f04d3) fsgnj.d fs1, ft10, fa7
core   0: 1 0x000000008000582a (0x231f04d3) f9  0xffffffffba93a7a2
core   0: 0x000000008000582e (0x02015033) divu    zero, sp, zero
core   0: 1 0x000000008000582e (0x02015033)
core   0: 0x0000000080005832 (0x02a91533) mulh    a0, s2, a0
core   0: 1 0x0000000080005832 (0x02a91533) x10 0x0000000000000000
core   0: 0x0000000080005836 (0xa30b8953) fle.d   s2, fs7, fa6
core   0: 1 0x0000000080005836 (0xa30b8953) c1_fflags 0x000000000000001b x18 0x0000000000000000
core   0: 0x000000008000583a (0xc208fa53) fcvt.w.d s4, fa7
core   0: 1 0x000000008000583a (0xc208fa53) x20 0xffffffffba5563d4
core   0: 0x000000008000583e (0xd2190353) fcvt.d.wu ft6, s2
core   0: 1 0x000000008000583e (0xd2190353) f6  0x0000000000000000
core   0: 0x0000000080005842 (0x002029f3) csrrs   s3, frm, zero
core   0: 1 0x0000000080005842 (0x002029f3) x19 0x0000000000000000
core   0: 0x0000000080005846 (0xc23d75d3) fcvt.lu.d a1, fs10
core   0: 1 0x0000000080005846 (0xc23d75d3) c1_fflags 0x000000000000001b x11 0x0000000000000000
core   0: 0x000000008000584a (0x00e712bb) sllw    t0, a4, a4
core   0: 1 0x000000008000584a (0x00e712bb) x5  0xffffffff80000000
core   0: 0x000000008000584e (0x830878cf) fnmadd.d fa7, fa6, fa6, fa6
core   0: 1 0x000000008000584e (0x830878cf) f17 0xc3efffffffe00000
core   0: 0x0000000080005852 (0x422bdb93) srai    s7, s7, 34
core   0: 1 0x0000000080005852 (0x422bdb93) x23 0x0000000000000000
core   0: 0x0000000080005856 (0x02e53533) mulhu   a0, a0, a4
core   0: 1 0x0000000080005856 (0x02e53533) x10 0x0000000000000000
core   0: 0x000000008000585a (0x029db633) mulhu   a2, s11, s1
core   0: 1 0x000000008000585a (0x029db633) x12 0x0000000000000000
core   0: 0x000000008000585e (0x40107453) fcvt.s.d fs0, ft0
core   0: 1 0x000000008000585e (0x40107453) f8  0xffffffff7fc00000
core   0: 0x0000000080005862 (0x40b1563b) sraw    a2, sp, a1
core   0: 1 0x0000000080005862 (0x40b1563b) x12 0x0000000000000000
core   0: 0x0000000080005866 (0x41895e3b) sraw    t3, s2, s8
core   0: 1 0x0000000080005866 (0x41895e3b) x28 0x0000000000000000
core   0: 0x000000008000586a (0x0104d43b) srlw    s0, s1, a6
core   0: 1 0x000000008000586a (0x0104d43b) x8  0x0000000000000000
core   0: 0x000000008000586e (0xd21306d3) fcvt.d.wu fa3, t1
core   0: 1 0x000000008000586e (0xd21306d3) f13 0x41a6000000000000
core   0: 0x0000000080005872 (0xa20286d3) fle.d   a3, ft5, ft0
core   0: 1 0x0000000080005872 (0xa20286d3) c1_fflags 0x000000000000001b x13 0x0000000000000000
core   0: 0x0000000080005876 (0x0296e0bb) remw    ra, a3, s1
core   0: 1 0x0000000080005876 (0x0296e0bb) x1  0x0000000000000000
core   0: 0x000000008000587a (0x00000001) c.nop
core   0: 1 0x000000008000587a (0x0001)
core   0: 0x000000008000587c (0xe2078bd3) fmv.x.d s7, fa5
core   0: 1 0x000000008000587c (0xe2078bd3) x23 0x7ff8000000000000
core   0: 0x0000000080005880 (0x0018531b) srliw   t1, a6, 1
core   0: 1 0x0000000080005880 (0x0018531b) x6  0x0000000000000000
core   0: 0x0000000080005884 (0x01f2571b) srliw   a4, tp, 31
core   0: 1 0x0000000080005884 (0x01f2571b) x14 0x0000000000000000
core   0: 0x0000000080005888 (0x4094d133) sra     sp, s1, s1
core   0: 1 0x0000000080005888 (0x4094d133) x2  0x0000000000000000
core   0: 0x000000008000588c (0xd21c8ed3) fcvt.d.wu ft9, s9
core   0: 1 0x000000008000588c (0xd21c8ed3) f29 0x0000000000000000
core   0: 0x0000000080005890 (0x22d40c53) fsgnj.d fs8, fs0, fa3
core   0: 1 0x0000000080005890 (0x22d40c53) f24 0x7fffffff7fc00000
core   0: 0x0000000080005894 (0x0b7ef153) fsub.d  ft2, ft9, fs7
core   0: 1 0x0000000080005894 (0x0b7ef153) f2  0x7ff8000000000000
core   0: 0x0000000080005898 (0xd02d72d3) fcvt.s.l ft5, s10
core   0: 1 0x0000000080005898 (0xd02d72d3) f5  0xffffffff00000000
core   0: 0x000000008000589c (0x0212ecb3) rem     s9, t0, ra
core   0: 1 0x000000008000589c (0x0212ecb3) x25 0xffffffff80000000
core   0: 0x00000000800058a0 (0xa39b0453) fle.d   s0, fs6, fs9
core   0: 1 0x00000000800058a0 (0xa39b0453) c1_fflags 0x000000000000001b x8  0x0000000000000000
core   0: 0x00000000800058a4 (0x222103d3) fsgnj.d ft7, ft2, ft2
core   0: 1 0x00000000800058a4 (0x222103d3) f7  0x7ff8000000000000
core   0: 0x00000000800058a8 (0x008e1833) sll     a6, t3, s0
core   0: 1 0x00000000800058a8 (0x008e1833) x16 0x0000000000000000
core   0: 0x00000000800058ac (0x011cdcb3) srl     s9, s9, a7
core   0: 1 0x00000000800058ac (0x011cdcb3) x25 0xffffffff80000000
core   0: 0x00000000800058b0 (0xc03c76d3) fcvt.lu.s a3, fs8
core   0: 1 0x00000000800058b0 (0xc03c76d3) c1_fflags 0x000000000000001b x13 0xffffffffffffffff
core   0: 0x00000000800058b4 (0x0307aa33) mulhsu  s4, a5, a6
core   0: 1 0x00000000800058b4 (0x0307aa33) x20 0x0000000000000000
core   0: 0x00000000800058b8 (0x02c77333) remu    t1, a4, a2
core   0: 1 0x00000000800058b8 (0x02c77333) x6  0x0000000000000000
core   0: 0x00000000800058bc (0x0b6cfb53) fsub.d  fs6, fs9, fs6
core   0: 1 0x00000000800058bc (0x0b6cfb53) f22 0x7ff8000000000000
core   0: 0x00000000800058c0 (0x02a549b3) div     s3, a0, a0
core   0: 1 0x00000000800058c0 (0x02a549b3) x19 0xffffffffffffffff
core   0: 0x00000000800058c4 (0x42038ad3) fcvt.d.s fs5, ft7
core   0: 1 0x00000000800058c4 (0x42038ad3) f21 0x7ff8000000000000
core   0: 0x00000000800058c8 (0x01c31333) sll     t1, t1, t3
core   0: 1 0x00000000800058c8 (0x01c31333) x6  0x0000000000000000
core   0: 0x00000000800058cc (0x019a0cbb) addw    s9, s4, s9
core   0: 1 0x00000000800058cc (0x019a0cbb) x25 0xffffffff80000000
core   0: 0x00000000800058d0 (0xc23df8d3) fcvt.lu.d a7, fs11
core   0: 1 0x00000000800058d0 (0xc23df8d3) c1_fflags 0x000000000000001b x17 0x0000000000000000
core   0: 0x00000000800058d4 (0x00c29c33) sll     s8, t0, a2
core   0: 1 0x00000000800058d4 (0x00c29c33) x24 0xffffffff80000000
core   0: 0x00000000800058d8 (0x53bdfdcf) fnmadd.d fs11, fs11, fs11, fa0
core   0: 1 0x00000000800058d8 (0x53bdfdcf) f27 0x7ff8000000000000
core   0: 0x00000000800058dc (0x02a454b3) divu    s1, s0, a0
core   0: 1 0x00000000800058dc (0x02a454b3) x9  0xffffffffffffffff
core   0: 0x00000000800058e0 (0x004e0733) add     a4, t3, tp
core   0: 1 0x00000000800058e0 (0x004e0733) x14 0x0000000000000000
core   0: 0x00000000800058e4 (0x420f0e53) fcvt.d.s ft8, ft10
core   0: 1 0x00000000800058e4 (0x420f0e53) f28 0xbf5274f440000000
core   0: 0x00000000800058e8 (0x00009cb1) c.addw  s1, a2
core   0: 1 0x00000000800058e8 (0x9cb1) x9  0xffffffffffffffff
core   0: 0x00000000800058ea (0x2a2b0cd3) fmin.d  fs9, fs6, ft2
core   0: 1 0x00000000800058ea (0x2a2b0cd3) f25 0x7ff8000000000000
core   0: 0x00000000800058ee (0x0ff0000f) fence   iorw,iorw
core   0: 1 0x00000000800058ee (0x0ff0000f)
core   0: 0x00000000800058f2 (0x42d9d993) srai    s3, s3, 45
core   0: 1 0x00000000800058f2 (0x42d9d993) x19 0xffffffffffffffff
core   0: 0x00000000800058f6 (0x00009cd6) c.add   s9, s5
core   0: 1 0x00000000800058f6 (0x9cd6) x25 0xffffffff80000001
core   0: 0x00000000800058f8 (0xd03cf353) fcvt.s.lu ft6, s9
core   0: 1 0x00000000800058f8 (0xd03cf353) c1_fflags 0x000000000000001b f6  0xffffffff5f800000
core   0: 0x00000000800058fc (0x2bbc8a53) fmin.d  fs4, fs9, fs11
core   0: 1 0x00000000800058fc (0x2bbc8a53) f20 0x7ff8000000000000
core   0: 0x0000000080005900 (0x228b0953) fsgnj.d fs2, fs6, fs0
core   0: 1 0x0000000080005900 (0x228b0953) f18 0xfff8000000000000
core   0: 0x0000000080005904 (0x7ff94b93) xori    s7, s2, 2047
core   0: 1 0x0000000080005904 (0x7ff94b93) x23 0x00000000000007ff
core   0: 0x0000000080005908 (0x81928113) addi    sp, t0, -2023
core   0: 1 0x0000000080005908 (0x81928113) x2  0xffffffff7ffff819
core   0: 0x000000008000590c (0x7ac00a93) li      s5, 1964
core   0: 1 0x000000008000590c (0x7ac00a93) x21 0x00000000000007ac
core   0: 0x0000000080005910 (0x01f8d31b) srliw   t1, a7, 31
core   0: 1 0x0000000080005910 (0x01f8d31b) x6  0x0000000000000000
core   0: 0x0000000080005914 (0x00009d86) c.add   s11, ra
core   0: 1 0x0000000080005914 (0x9d86) x27 0x00000000803c4014
core   0: 0x0000000080005916 (0x00fc6db3) or      s11, s8, a5
core   0: 1 0x0000000080005916 (0x00fc6db3) x27 0xffffffff80000000
core   0: 0x000000008000591a (0x41875893) srai    a7, a4, 24
core   0: 1 0x000000008000591a (0x41875893) x17 0x0000000000000000
core   0: 0x000000008000591e (0xd028f953) fcvt.s.l fs2, a7
core   0: 1 0x000000008000591e (0xd028f953) f18 0xffffffff00000000
core   0: 0x0000000080005922 (0x2b431a53) fmax.d  fs4, ft6, fs4
core   0: 1 0x0000000080005922 (0x2b431a53) f20 0x7ff8000000000000
core   0: 0x0000000080005926 (0x00009f35) c.addw  a4, a3
core   0: 1 0x0000000080005926 (0x9f35) x14 0xffffffffffffffff
core   0: 0x0000000080005928 (0x00c1dc9b) srliw   s9, gp, 12
core   0: 1 0x0000000080005928 (0x00c1dc9b) x25 0x0000000000000000
core   0: 0x000000008000592c (0x22ac81d3) fsgnj.d ft3, fs9, fa0
core   0: 1 0x000000008000592c (0x22ac81d3) f3  0xfff8000000000000
core   0: 0x0000000080005930 (0x417e8bb3) sub     s7, t4, s7
core   0: 1 0x0000000080005930 (0x417e8bb3) x23 0x000000008000581c
core   0: 0x0000000080005934 (0xc02076d3) fcvt.l.s a3, ft0
core   0: 1 0x0000000080005934 (0xc02076d3) c1_fflags 0x000000000000001b x13 0x7fffffffffffffff
core   0: 0x0000000080005938 (0xd21a8053) fcvt.d.wu ft0, s5
core   0: 1 0x0000000080005938 (0xd21a8053) f0  0x409eb00000000000
core   0: 0x000000008000593c (0x1a01fbd3) fdiv.d  fs7, ft3, ft0
core   0: 1 0x000000008000593c (0x1a01fbd3) f23 0x7ff8000000000000
core   0: 0x0000000080005940 (0xc23df853) fcvt.lu.d a6, fs11
core   0: 1 0x0000000080005940 (0xc23df853) c1_fflags 0x000000000000001b x16 0xffffffffffffffff
core   0: 0x0000000080005944 (0x001027f3) csrrs   a5, fflags, zero
core   0: 1 0x0000000080005944 (0x001027f3) x15 0x000000000000001b
core   0: 0x0000000080005948 (0x023701bb) mulw    gp, a4, gp
core   0: 1 0x0000000080005948 (0x023701bb) x3  0x0000000000000000
core   0: 0x000000008000594c (0x016354b3) srl     s1, t1, s6
core   0: 1 0x000000008000594c (0x016354b3) x9  0x0000000000000000
core   0: 0x0000000080005950 (0x4053873b) subw    a4, t2, t0
core   0: 1 0x0000000080005950 (0x4053873b) x14 0x000000003f916d6c
core   0: 0x0000000080005954 (0x00971b33) sll     s6, a4, s1
core   0: 1 0x0000000080005954 (0x00971b33) x22 0x000000003f916d6c
core   0: 0x0000000080005958 (0x41a88c3b) subw    s8, a7, s10
core   0: 1 0x0000000080005958 (0x41a88c3b) x24 0x0000000000000000
core   0: 0x000000008000595c (0x40fc54b3) sra     s1, s8, a5
core   0: 1 0x000000008000595c (0x40fc54b3) x9  0x0000000000000000
core   0: 0x0000000080005960 (0x03b47153) fadd.d  ft2, fs0, fs11
core   0: 1 0x0000000080005960 (0x03b47153) f2  0x7ff8000000000000
core   0: 0x0000000080005964 (0xc02178d3) fcvt.l.s a7, ft2
core   0: 1 0x0000000080005964 (0xc02178d3) c1_fflags 0x000000000000001b x17 0x7fffffffffffffff
core   0: 0x0000000080005968 (0x002afab3) and     s5, s5, sp
core   0: 1 0x0000000080005968 (0x002afab3) x21 0x0000000000000008
core   0: 0x000000008000596c (0x228b1b53) fsgnjn.d fs6, fs6, fs0
core   0: 1 0x000000008000596c (0x228b1b53) f22 0x7ff8000000000000
core   0: 0x0000000080005970 (0x2ab41753) fmax.d  fa4, fs0, fa1
core   0: 1 0x0000000080005970 (0x2ab41753) f14 0x7ff8000000000000
core   0: 0x0000000080005974 (0x02511193) slli    gp, sp, 37
core   0: 1 0x0000000080005974 (0x02511193) x3  0xffff032000000000
core   0: 0x0000000080005978 (0xa2e588d3) fle.d   a7, fa1, fa4
core   0: 1 0x0000000080005978 (0xa2e588d3) c1_fflags 0x000000000000001b x17 0x0000000000000000
core   0: 0x000000008000597c (0x000906bb) addw    a3, s2, zero
core   0: 1 0x000000008000597c (0x000906bb) x13 0x0000000000000000
core   0: 0x0000000080005980 (0x409b0bbb) subw    s7, s6, s1
core   0: 1 0x0000000080005980 (0x409b0bbb) x23 0x000000003f916d6c
core   0: 0x0000000080005984 (0x02387833) remu    a6, a6, gp
core   0: 1 0x0000000080005984 (0x02387833) x16 0x0000fcdfffffffff
core   0: 0x0000000080005988 (0x01ab0b3b) addw    s6, s6, s10
core   0: 1 0x0000000080005988 (0x01ab0b3b) x22 0x000000003f916d6c
core   0: 0x000000008000598c (0x01cb01bb) addw    gp, s6, t3
core   0: 1 0x000000008000598c (0x01cb01bb) x3  0x000000003f916d6c
core   0: 0x0000000080005990 (0xf0028497) auipc   s1, 0xf0028
core   0: 1 0x0000000080005990 (0xf0028497) x9  0x000000007002d990
core   0: 0x0000000080005994 (0x00918333) add     t1, gp, s1
core   0: 1 0x0000000080005994 (0x00918333) x6  0x00000000af9446fc
core   0: 0x0000000080005998 (0x00000001) c.nop
core   0: 1 0x0000000080005998 (0x0001)
core   0: 0x000000008000599a (0x41d4dd1b) sraiw   s10, s1, 29
core   0: 1 0x000000008000599a (0x41d4dd1b) x26 0x0000000000000003
core   0: 0x000000008000599e (0xc024fdd3) fcvt.l.s s11, fs1
core   0: 1 0x000000008000599e (0xc024fdd3) c1_fflags 0x000000000000001b x27 0x0000000000000000
core   0: 0x00000000800059a2 (0xfb25b037) lui     zero, 0xfb25b
core   0: 1 0x00000000800059a2 (0xfb25b037)
core   0: 0x00000000800059a6 (0xc0f0001b) addiw   zero, zero, -1009
core   0: 1 0x00000000800059a6 (0xc0f0001b)
core   0: 0x00000000800059aa (0x00c01013) slli    zero, zero, 12
core   0: 1 0x00000000800059aa (0x00c01013)
core   0: 0x00000000800059ae (0x5df00013) li      zero, 1503
core   0: 1 0x00000000800059ae (0x5df00013)
core   0: 0x00000000800059b2 (0x01b52eb3) slt     t4, a0, s11
core   0: 1 0x00000000800059b2 (0x01b52eb3) x29 0x0000000000000000
core   0: 0x00000000800059b6 (0x22510ad3) fsgnj.d fs5, ft2, ft5
core   0: 1 0x00000000800059b6 (0x22510ad3) f21 0xfff8000000000000
core   0: 0x00000000800059ba (0xd223fa53) fcvt.d.l fs4, t2
core   0: 1 0x00000000800059ba (0xd223fa53) f20 0x42465fc8b6b60000
core   0: 0x00000000800059be (0x00202573) csrrs   a0, frm, zero
core   0: 1 0x00000000800059be (0x00202573) x10 0x0000000000000000
core   0: 0x00000000800059c2 (0x03b8e73b) remw    a4, a7, s11
core   0: 1 0x00000000800059c2 (0x03b8e73b) x14 0x0000000000000000
core   0: 0x00000000800059c6 (0xa9464513) xori    a0, a2, -1388
core   0: 1 0x00000000800059c6 (0xa9464513) x10 0xfffffffffffffa94
core   0: 0x00000000800059ca (0x92c678cf) fnmadd.d fa7, fa2, fa2, fs2
core   0: 1 0x00000000800059ca (0x92c678cf) f17 0x7ff8000000000000
core   0: 0x00000000800059ce (0x234b12d3) fsgnjn.d ft5, fs6, fs4
core   0: 1 0x00000000800059ce (0x234b12d3) f5  0xfff8000000000000
core   0: 0x00000000800059d2 (0x02b0c9bb) divw    s3, ra, a1
core   0: 1 0x00000000800059d2 (0x02b0c9bb) x19 0xffffffffffffffff
core   0: 0x00000000800059d6 (0x4179d133) sra     sp, s3, s7
core   0: 1 0x00000000800059d6 (0x4179d133) x2  0xffffffffffffffff
core   0: 0x00000000800059da (0x02bde5bb) remw    a1, s11, a1
core   0: 1 0x00000000800059da (0x02bde5bb) x11 0x0000000000000000
core   0: 0x00000000800059de (0x00b191b3) sll     gp, gp, a1
core   0: 1 0x00000000800059de (0x00b191b3) x3  0x000000003f916d6c
core   0: 0x00000000800059e2 (0x03d4f633) remu    a2, s1, t4
core   0: 1 0x00000000800059e2 (0x03d4f633) x12 0x000000007002d990
core   0: 0x00000000800059e6 (0x002029f3) csrrs   s3, frm, zero
core   0: 1 0x00000000800059e6 (0x002029f3) x19 0x0000000000000000
core   0: 0x00000000800059ea (0x2a3291d3) fmax.d  ft3, ft5, ft3
core   0: 1 0x00000000800059ea (0x2a3291d3) f3  0x7ff8000000000000
core   0: 0x00000000800059ee (0x5a02fdd3) fsqrt.d fs11, ft5
core   0: 1 0x00000000800059ee (0x5a02fdd3) f27 0x7ff8000000000000
core   0: 0x00000000800059f2 (0x00055413) srli    s0, a0, 0
core   0: 1 0x00000000800059f2 (0x00055413) x8  0xfffffffffffffa94
core   0: 0x00000000800059f6 (0x4048dc9b) sraiw   s9, a7, 4
core   0: 1 0x00000000800059f6 (0x4048dc9b) x25 0x0000000000000000
core   0: 0x00000000800059fa (0x0008521b) srliw   tp, a6, 0
core   0: 1 0x00000000800059fa (0x0008521b) x4  0xffffffffffffffff
core   0: 0x00000000800059fe (0x224c2253) fsgnjx.d ft4, fs8, ft4
core   0: 1 0x00000000800059fe (0x224c2253) f4  0x7fffffff7fc00000
core   0: 0x0000000080005a02 (0xc028fed3) fcvt.l.s t4, fa7
core   0: 1 0x0000000080005a02 (0xc028fed3) c1_fflags 0x000000000000001b x29 0x7fffffffffffffff
core   0: 0x0000000080005a06 (0xfff6e693) ori     a3, a3, -1
core   0: 1 0x0000000080005a06 (0xfff6e693) x13 0xffffffffffffffff
core   0: 0x0000000080005a0a (0x0049d993) srli    s3, s3, 4
core   0: 1 0x0000000080005a0a (0x0049d993) x19 0x0000000000000000
core   0: 0x0000000080005a0e (0x00d10a3b) addw    s4, sp, a3
core   0: 1 0x0000000080005a0e (0x00d10a3b) x20 0xfffffffffffffffe
core   0: 0x0000000080005a12 (0x00d843b3) xor     t2, a6, a3
core   0: 1 0x0000000080005a12 (0x00d843b3) x7  0xffff032000000000
core   0: 0x0000000080005a16 (0x23481053) fsgnjn.d ft0, fa6, fs4
core   0: 1 0x0000000080005a16 (0x23481053) f0  0xc1efffffffe00000
core   0: 0x0000000080005a1a (0x01aa1d33) sll     s10, s4, s10
core   0: 1 0x0000000080005a1a (0x01aa1d33) x26 0xfffffffffffffff0
core   0: 0x0000000080005a1e (0xc030f853) fcvt.lu.s a6, ft1
core   0: 1 0x0000000080005a1e (0xc030f853) c1_fflags 0x000000000000001b x16 0xffffffffffffffff
core   0: 0x0000000080005a22 (0x03c71e33) mulh    t3, a4, t3
core   0: 1 0x0000000080005a22 (0x03c71e33) x28 0x0000000000000000
core   0: 0x0000000080005a26 (0x03b44033) div     zero, s0, s11
core   0: 1 0x0000000080005a26 (0x03b44033)
core   0: 0x0000000080005a2a (0x00ff06b7) lui     a3, 0xff0
core   0: 1 0x0000000080005a2a (0x00ff06b7) x13 0x0000000000ff0000
core   0: 0x0000000080005a2e (0x1176869b) addiw   a3, a3, 279
core   0: 1 0x0000000080005a2e (0x1176869b) x13 0x0000000000ff0117
core   0: 0x0000000080005a32 (0x000006be) c.slli  a3, 15
core   0: 1 0x0000000080005a32 (0x06be) x13 0x0000007f808b8000
core   0: 0x0000000080005a34 (0x42f68693) addi    a3, a3, 1071
core   0: 1 0x0000000080005a34 (0x42f68693) x13 0x0000007f808b842f
core   0: 0x0000000080005a38 (0x00058b9b) sext.w  s7, a1
core   0: 1 0x0000000080005a38 (0x00058b9b) x23 0x0000000000000000
core   0: 0x0000000080005a3c (0x00e8f3b3) and     t2, a7, a4
core   0: 1 0x0000000080005a3c (0x00e8f3b3) x7  0x0000000000000000
core   0: 0x0000000080005a40 (0x404902b3) sub     t0, s2, tp
core   0: 1 0x0000000080005a40 (0x404902b3) x5  0x0000000000000001
core   0: 0x0000000080005a44 (0xc0307153) fcvt.lu.s sp, ft0
core   0: 1 0x0000000080005a44 (0xc0307153) c1_fflags 0x000000000000001b x2  0xffffffffffffffff
core   0: 0x0000000080005a48 (0xc02971d3) fcvt.l.s gp, fs2
core   0: 1 0x0000000080005a48 (0xc02971d3) x3  0x0000000000000000
core   0: 0x0000000080005a4c (0x00c0a6b3) slt     a3, ra, a2
core   0: 1 0x0000000080005a4c (0x00c0a6b3) x13 0x0000000000000001
core   0: 0x0000000080005a50 (0x02f307b3) mul     a5, t1, a5
core   0: 1 0x0000000080005a50 (0x02f307b3) x15 0x0000001284a37c94
core   0: 0x0000000080005a54 (0x0297f7bb) remuw   a5, a5, s1
core   0: 1 0x0000000080005a54 (0x0297f7bb) x15 0x0000000014a0a304
core   0: 0x0000000080005a58 (0x00000001) c.nop
core   0: 1 0x0000000080005a58 (0x0001)
core   0: 0x0000000080005a5a (0x2b448ad3) fmin.d  fs5, fs1, fs4
core   0: 1 0x0000000080005a5a (0x2b448ad3) f21 0x42465fc8b6b60000
core   0: 0x0000000080005a5e (0x020ae033) rem     zero, s5, zero
core   0: 1 0x0000000080005a5e (0x020ae033)
core   0: 0x0000000080005a62 (0x227b85d3) fsgnj.d fa1, fs7, ft7
core   0: 1 0x0000000080005a62 (0x227b85d3) f11 0x7ff8000000000000
core   0: 0x0000000080005a66 (0x4dbe7513) andi    a0, t3, 1243
core   0: 1 0x0000000080005a66 (0x4dbe7513) x10 0x0000000000000000
core   0: 0x0000000080005a6a (0x01c56e33) or      t3, a0, t3
core   0: 1 0x0000000080005a6a (0x01c56e33) x28 0x0000000000000000
core   0: 0x0000000080005a6e (0x01ae19b3) sll     s3, t3, s10
core   0: 1 0x0000000080005a6e (0x01ae19b3) x19 0x0000000000000000
core   0: 0x0000000080005a72 (0xfff4f7b7) lui     a5, 0xfff4f
core   0: 1 0x0000000080005a72 (0xfff4f7b7) x15 0xfffffffffff4f000
core   0: 0x0000000080005a76 (0x94b7879b) addiw   a5, a5, -1717
core   0: 1 0x0000000080005a76 (0x94b7879b) x15 0xfffffffffff4e94b
core   0: 0x0000000080005a7a (0x000007ce) c.slli  a5, 19
core   0: 1 0x0000000080005a7a (0x07ce) x15 0xffffffa74a580000
core   0: 0x0000000080005a7c (0xc4178793) addi    a5, a5, -959
core   0: 1 0x0000000080005a7c (0xc4178793) x15 0xffffffa74a57fc41
core   0: 0x0000000080005a80 (0x0013569b) srliw   a3, t1, 1
core   0: 1 0x0000000080005a80 (0x0013569b) x13 0x0000000057ca237e
core   0: 0x0000000080005a84 (0x0ff0000f) fence   iorw,iorw
core   0: 1 0x0000000080005a84 (0x0ff0000f)
core   0: 0x0000000080005a88 (0x03ce4dbb) divw    s11, t3, t3
core   0: 1 0x0000000080005a88 (0x03ce4dbb) x27 0xffffffffffffffff
core   0: 0x0000000080005a8c (0x00131973) csrrw   s2, fflags, t1
core   0: 1 0x0000000080005a8c (0x00131973) x18 0x000000000000001b c1_fflags 0x000000000000001c
core   0: 0x0000000080005a90 (0x007ade3b) srlw    t3, s5, t2
core   0: 1 0x0000000080005a90 (0x007ade3b) x28 0x0000000000000008
core   0: 0x0000000080005a94 (0xeaccc6b7) lui     a3, 0xeaccc
core   0: 1 0x0000000080005a94 (0xeaccc6b7) x13 0xffffffffeaccc000
core   0: 0x0000000080005a98 (0x4147573b) sraw    a4, a4, s4
core   0: 1 0x0000000080005a98 (0x4147573b) x14 0x0000000000000000
core   0: 0x0000000080005a9c (0x00159873) csrrw   a6, fflags, a1
core   0: 1 0x0000000080005a9c (0x00159873) x16 0x000000000000001c c1_fflags 0x0000000000000000
core   0: 0x0000000080005aa0 (0x00000001) c.nop
core   0: 1 0x0000000080005aa0 (0x0001)
core   0: 0x0000000080005aa2 (0x0257dc13) srli    s8, a5, 37
core   0: 1 0x0000000080005aa2 (0x0257dc13) x24 0x0000000007fffffd
core   0: 0x0000000080005aa6 (0xe20a89d3) fmv.x.d s3, fs5
core   0: 1 0x0000000080005aa6 (0xe20a89d3) x19 0x42465fc8b6b60000
core   0: 0x0000000080005aaa (0x00000001) c.nop
core   0: 1 0x0000000080005aaa (0x0001)
core   0: 0x0000000080005aac (0x407e083b) subw    a6, t3, t2
core   0: 1 0x0000000080005aac (0x407e083b) x16 0x0000000000000008
core   0: 0x0000000080005ab0 (0x023bfb3b) remuw   s6, s7, gp
core   0: 1 0x0000000080005ab0 (0x023bfb3b) x22 0x0000000000000000
core   0: 0x0000000080005ab4 (0xc035fe53) fcvt.lu.s t3, fa1
core   0: 1 0x0000000080005ab4 (0xc035fe53) c1_fflags 0x0000000000000010 x28 0xffffffffffffffff
core   0: 0x0000000080005ab8 (0x02c90a33) mul     s4, s2, a2
core   0: 1 0x0000000080005ab8 (0x02c90a33) x20 0x0000000bd04cf230
core   0: 0x0000000080005abc (0x018bf5b3) and     a1, s7, s8
core   0: 1 0x0000000080005abc (0x018bf5b3) x11 0x0000000000000000
core   0: 0x0000000080005ac0 (0x40528133) sub     sp, t0, t0
core   0: 1 0x0000000080005ac0 (0x40528133) x2  0x0000000000000000
core   0: 0x0000000080005ac4 (0x4036d53b) sraw    a0, a3, gp
core   0: 1 0x0000000080005ac4 (0x4036d53b) x10 0xffffffffeaccc000
core   0: 0x0000000080005ac8 (0x037570bb) remuw   ra, a0, s7
core   0: 1 0x0000000080005ac8 (0x037570bb) x1  0xffffffffeaccc000
core   0: 0x0000000080005acc (0xc025f6d3) fcvt.l.s a3, fa1
core   0: 1 0x0000000080005acc (0xc025f6d3) c1_fflags 0x0000000000000010 x13 0x7fffffffffffffff
core   0: 0x0000000080005ad0 (0x11046913) ori     s2, s0, 272
core   0: 1 0x0000000080005ad0 (0x11046913) x18 0xfffffffffffffb94
core   0: 0x0000000080005ad4 (0x0ff0000f) fence   iorw,iorw
core   0: 1 0x0000000080005ad4 (0x0ff0000f)
core   0: 0x0000000080005ad8 (0x03f59113) slli    sp, a1, 63
core   0: 1 0x0000000080005ad8 (0x03f59113) x2  0x0000000000000000
core   0: 0x0000000080005adc (0x22c01553) fsgnjn.d fa0, ft0, fa2
core   0: 1 0x0000000080005adc (0x22c01553) f10 0x41efffffffe00000
core   0: 0x0000000080005ae0 (0x02528e3b) mulw    t3, t0, t0
core   0: 1 0x0000000080005ae0 (0x02528e3b) x28 0x0000000000000001
core   0: 0x0000000080005ae4 (0x41cb87b3) sub     a5, s7, t3
core   0: 1 0x0000000080005ae4 (0x41cb87b3) x15 0xffffffffffffffff
core   0: 0x0000000080005ae8 (0x41410333) sub     t1, sp, s4
core   0: 1 0x0000000080005ae8 (0x41410333) x6  0xfffffff42fb30dd0
core   0: 0x0000000080005aec (0x00000001) c.nop
core   0: 1 0x0000000080005aec (0x0001)
core   0: 0x0000000080005aee (0x409d0dbb) subw    s11, s10, s1
core   0: 1 0x0000000080005aee (0x409d0dbb) x27 0xffffffff8ffd2660
core   0: 0x0000000080005af2 (0x024277b3) remu    a5, tp, tp
core   0: 1 0x0000000080005af2 (0x024277b3) x15 0x0000000000000000
core   0: 0x0000000080005af6 (0xc2357253) fcvt.lu.d tp, fa0
core   0: 1 0x0000000080005af6 (0xc2357253) x4  0x00000000ffffffff
core   0: 0x0000000080005afa (0xc23a7253) fcvt.lu.d tp, fs4
core   0: 1 0x0000000080005afa (0xc23a7253) x4  0x0000002cbf916d6c
core   0: 0x0000000080005afe (0x02a1e1bb) remw    gp, gp, a0
core   0: 1 0x0000000080005afe (0x02a1e1bb) x3  0x0000000000000000
core   0: 0x0000000080005b02 (0x012918bb) sllw    a7, s2, s2
core   0: 1 0x0000000080005b02 (0x012918bb) x17 0xffffffffb9400000
core   0: 0x0000000080005b06 (0xd2317953) fcvt.d.lu fs2, sp
core   0: 1 0x0000000080005b06 (0xd2317953) f18 0x0000000000000000
core   0: 0x0000000080005b0a (0x93c1f047) fmsub.d ft0, ft3, ft8, fs2
core   0: 1 0x0000000080005b0a (0x93c1f047) f0  0x7ff8000000000000
core   0: 0x0000000080005b0e (0x4016da93) srai    s5, a3, 1
core   0: 1 0x0000000080005b0e (0x4016da93) x21 0x3fffffffffffffff
core   0: 0x0000000080005b12 (0x00004013) xori    zero, zero, 0
core   0: 1 0x0000000080005b12 (0x00004013)
core   0: 0x0000000080005b16 (0x401cd893) srai    a7, s9, 1
core   0: 1 0x0000000080005b16 (0x401cd893) x17 0x0000000000000000
core   0: 0x0000000080005b1a (0x4053db9b) sraiw   s7, t2, 5
core   0: 1 0x0000000080005b1a (0x4053db9b) x23 0x0000000000000000
core   0: 0x0000000080005b1e (0xf14696f3) csrrw   a3, mhartid, a3
core   0: exception trap_illegal_instruction, epc 0x0000000080005b1e
core   0:           tval 0x00000000f14696f3
core   0: >>>>  $xrv64i2p1_m2p0_a2p1_f2p2_d2p2_zicsr2p0_zifencei2p0_zmmul1p0_zba1p0_zbb1p0_zbc1p0_zbs1p0
core   0: 0x0000000080004000 (0x0080006f) j       pc + 0x8
core   0: 3 0x0000000080004000 (0x0080006f)
core   0: >>>>  mmode_exception_handler
core   0: 0x0000000080004008 (0x00002c17) auipc   s8, 0x2
core   0: 3 0x0000000080004008 (0x00002c17) x24 0x0000000080006008
core   0: 0x000000008000400c (0x012c0c13) addi    s8, s8, 18
core   0: 3 0x000000008000400c (0x012c0c13) x24 0x000000008000601a
core   0: 0x0000000080004010 (0x000c00e7) jalr    s8
core   0: 3 0x0000000080004010 (0x000c00e7) x1  0x0000000080004014
core   0: >>>>  any_handler
core   0: 0x000000008000601a (0x341027f3) csrrs   a5, mepc, zero
core   0: 3 0x000000008000601a (0x341027f3) x15 0x0000000080005b1e
core   0: 0x000000008000601e (0x34202773) csrrs   a4, mcause, zero
core   0: 3 0x000000008000601e (0x34202773) x14 0x0000000000000002
core   0: 0x0000000080006022 (0x142026f3) csrrs   a3, scause, zero
core   0: 3 0x0000000080006022 (0x142026f3) x13 0x0000000000000000
core   0: 0x0000000080006026 (0x30402673) csrrs   a2, mie, zero
core   0: 3 0x0000000080006026 (0x30402673) x12 0x0000000000000a00
core   0: 0x000000008000602a (0x344025f3) csrrs   a1, mip, zero
core   0: 3 0x000000008000602a (0x344025f3) x11 0x0000000000000080
core   0: 0x000000008000602e (0x343025f3) csrrs   a1, mtval, zero
core   0: 3 0x000000008000602e (0x343025f3) x11 0x00000000f14696f3
core   0: 0x0000000080006032 (0x14302573) csrrs   a0, stval, zero
core   0: 3 0x0000000080006032 (0x14302573) x10 0x0000000000000000
core   0: 0x0000000080006036 (0xb02024f3) csrrs   s1, minstret, zero
core   0: 3 0x0000000080006036 (0xb02024f3) x9  0x0000000000001085
core   0: 0x000000008000603a (0x0000a811) c.j     pc + 20
core   0: 3 0x000000008000603a (0xa811)
core   0: >>>>  mepc_4
core   0: 0x000000008000604e (0x00000791) c.addi  a5, 4
core   0: 3 0x000000008000604e (0x0791) x15 0x0000000080005b22
core   0: 0x0000000080006050 (0x34179073) csrrw   zero, mepc, a5
core   0: 3 0x0000000080006050 (0x34179073) c833_mepc 0x0000000080005b22
core   0: 0x0000000080006054 (0x30200073) mret
core   0: 3 0x0000000080006054 (0x30200073) c768_mstatus 0x8000000a00106080
core   0: 0x0000000080005b22 (0x52a5704f) fnmadd.d ft0, fa0, fa0, fa0
core   0: 1 0x0000000080005b22 (0x52a5704f) f0  0xc3efffffffe00000
core   0: 0x0000000080005b26 (0x00000001) c.nop
core   0: 1 0x0000000080005b26 (0x0001)
core   0: 0x0000000080005b28 (0x5a0372d3) fsqrt.d ft5, ft6
core   0: 1 0x0000000080005b28 (0x5a0372d3) f5  0x7ff8000000000000
core   0: 0x0000000080005b2c (0x401b539b) sraiw   t2, s6, 1
core   0: 1 0x0000000080005b2c (0x401b539b) x7  0x0000000000000000
core   0: 0x0000000080005b30 (0x001b1793) slli    a5, s6, 1
core   0: 1 0x0000000080005b30 (0x001b1793) x15 0x0000000000000000
core   0: 0x0000000080005b34 (0x001c9e9b) slliw   t4, s9, 1
core   0: 1 0x0000000080005b34 (0x001c9e9b) x29 0x0000000000000000
core   0: 0x0000000080005b38 (0x00009093) slli    ra, ra, 0
core   0: 1 0x0000000080005b38 (0x00009093) x1  0x0000000080004014
core   0: 0x0000000080005b3c (0x0227513b) divuw   sp, a4, sp
core   0: 1 0x0000000080005b3c (0x0227513b) x2  0xffffffffffffffff
core   0: 0x0000000080005b40 (0x03b4683b) remw    a6, s0, s11
core   0: 1 0x0000000080005b40 (0x03b4683b) x16 0xfffffffffffffa94
core   0: 0x0000000080005b44 (0x0016d99b) srliw   s3, a3, 1
core   0: 1 0x0000000080005b44 (0x0016d99b) x19 0x0000000000000000
core   0: 0x0000000080005b48 (0xc0369373) csrrw   t1, hpmcounter3, a3
core   0: exception trap_illegal_instruction, epc 0x0000000080005b48
core   0:           tval 0x00000000c0369373
core   0: >>>>  $xrv64i2p1_m2p0_a2p1_f2p2_d2p2_zicsr2p0_zifencei2p0_zmmul1p0_zba1p0_zbb1p0_zbc1p0_zbs1p0
core   0: 0x0000000080004000 (0x0080006f) j       pc + 0x8
core   0: 3 0x0000000080004000 (0x0080006f)
core   0: >>>>  mmode_exception_handler
core   0: 0x0000000080004008 (0x00002c17) auipc   s8, 0x2
core   0: 3 0x0000000080004008 (0x00002c17) x24 0x0000000080006008
core   0: 0x000000008000400c (0x012c0c13) addi    s8, s8, 18
core   0: 3 0x000000008000400c (0x012c0c13) x24 0x000000008000601a
core   0: 0x0000000080004010 (0x000c00e7) jalr    s8
core   0: 3 0x0000000080004010 (0x000c00e7) x1  0x0000000080004014
core   0: >>>>  any_handler
core   0: 0x000000008000601a (0x341027f3) csrrs   a5, mepc, zero
core   0: 3 0x000000008000601a (0x341027f3) x15 0x0000000080005b48
core   0: 0x000000008000601e (0x34202773) csrrs   a4, mcause, zero
core   0: 3 0x000000008000601e (0x34202773) x14 0x0000000000000002
core   0: 0x0000000080006022 (0x142026f3) csrrs   a3, scause, zero
core   0: 3 0x0000000080006022 (0x142026f3) x13 0x0000000000000000
core   0: 0x0000000080006026 (0x30402673) csrrs   a2, mie, zero
core   0: 3 0x0000000080006026 (0x30402673) x12 0x0000000000000a00
core   0: 0x000000008000602a (0x344025f3) csrrs   a1, mip, zero
core   0: 3 0x000000008000602a (0x344025f3) x11 0x0000000000000080
core   0: 0x000000008000602e (0x343025f3) csrrs   a1, mtval, zero
core   0: 3 0x000000008000602e (0x343025f3) x11 0x00000000c0369373
core   0: 0x0000000080006032 (0x14302573) csrrs   a0, stval, zero
core   0: 3 0x0000000080006032 (0x14302573) x10 0x0000000000000000
core   0: 0x0000000080006036 (0xb02024f3) csrrs   s1, minstret, zero
core   0: 3 0x0000000080006036 (0xb02024f3) x9  0x000000000000109f
core   0: 0x000000008000603a (0x0000a811) c.j     pc + 20
core   0: 3 0x000000008000603a (0xa811)
core   0: >>>>  mepc_4
core   0: 0x000000008000604e (0x00000791) c.addi  a5, 4
core   0: 3 0x000000008000604e (0x0791) x15 0x0000000080005b4c
core   0: 0x0000000080006050 (0x34179073) csrrw   zero, mepc, a5
core   0: 3 0x0000000080006050 (0x34179073) c833_mepc 0x0000000080005b4c
core   0: 0x0000000080006054 (0x30200073) mret
core   0: 3 0x0000000080006054 (0x30200073) c768_mstatus 0x8000000a00106080
core   0: 0x0000000080005b4c (0x93c5f2c7) fmsub.d ft5, fa1, ft8, fs2
core   0: 1 0x0000000080005b4c (0x93c5f2c7) f5  0x7ff8000000000000
core   0: 0x0000000080005b50 (0xdbcdfdc7) fmsub.d fs11, fs11, ft8, fs11
core   0: 1 0x0000000080005b50 (0xdbcdfdc7) f27 0x7ff8000000000000
core   0: 0x0000000080005b54 (0x2300ac53) fsgnjx.d fs8, ft1, fa6
core   0: 1 0x0000000080005b54 (0x2300ac53) f24 0x7ff8000000000000
core   0: 0x0000000080005b58 (0x0185593b) srlw    s2, a0, s8
core   0: 1 0x0000000080005b58 (0x0185593b) x18 0x0000000000000000
core   0: 0x0000000080005b5c (0x1732c293) xori    t0, t0, 371
core   0: 1 0x0000000080005b5c (0x1732c293) x5  0x0000000000000172
core   0: 0x0000000080005b60 (0x02f77bb3) remu    s7, a4, a5
core   0: 1 0x0000000080005b60 (0x02f77bb3) x23 0x0000000000000002
core   0: 0x0000000080005b64 (0x405e59bb) sraw    s3, t3, t0
core   0: 1 0x0000000080005b64 (0x405e59bb) x19 0x0000000000000000
core   0: 0x0000000080005b68 (0x0aa578d3) fsub.d  fa7, fa0, fa0
core   0: 1 0x0000000080005b68 (0x0aa578d3) f17 0x0000000000000000
core   0: 0x0000000080005b6c (0xc2057853) fcvt.w.d a6, fa0
core   0: 1 0x0000000080005b6c (0xc2057853) c1_fflags 0x0000000000000010 x16 0x000000007fffffff
core   0: 0x0000000080005b70 (0x009ad6bb) srlw    a3, s5, s1
core   0: 1 0x0000000080005b70 (0x009ad6bb) x13 0x0000000000000001
core   0: 0x0000000080005b74 (0x022920b3) mulhsu  ra, s2, sp
core   0: 1 0x0000000080005b74 (0x022920b3) x1  0x0000000000000000
core   0: 0x0000000080005b78 (0x23f10fd3) fsgnj.d ft11, ft2, ft11
core   0: 1 0x0000000080005b78 (0x23f10fd3) f31 0x7ff8000000000000
core   0: 0x0000000080005b7c (0xd2190453) fcvt.d.wu fs0, s2
core   0: 1 0x0000000080005b7c (0xd2190453) f8  0x0000000000000000
core   0: 0x0000000080005b80 (0x00196633) or      a2, s2, ra
core   0: 1 0x0000000080005b80 (0x00196633) x12 0x0000000000000000
core   0: 0x0000000080005b84 (0x02d68833) mul     a6, a3, a3
core   0: 1 0x0000000080005b84 (0x02d68833) x16 0x0000000000000001
core   0: 0x0000000080005b88 (0x0ff0000f) fence   iorw,iorw
core   0: 1 0x0000000080005b88 (0x0ff0000f)
core   0: 0x0000000080005b8c (0xd21401d3) fcvt.d.wu ft3, s0
core   0: 1 0x0000000080005b8c (0xd21401d3) f3  0x41efffff52800000
core   0: 0x0000000080005b90 (0x013488bb) addw    a7, s1, s3
core   0: 1 0x0000000080005b90 (0x013488bb) x17 0x000000000000109f
core   0: 0x0000000080005b94 (0x00011593) slli    a1, sp, 0
core   0: 1 0x0000000080005b94 (0x00011593) x11 0xffffffffffffffff
core   0: 0x0000000080005b98 (0x00000001) c.nop
core   0: 1 0x0000000080005b98 (0x0001)
core   0: 0x0000000080005b9a (0xd20c8e53) fcvt.d.w ft8, s9
core   0: 1 0x0000000080005b9a (0xd20c8e53) f28 0x0000000000000000
core   0: 0x0000000080005b9e (0x23442753) fsgnjx.d fa4, fs0, fs4
core   0: 1 0x0000000080005b9e (0x23442753) f14 0x0000000000000000
core   0: 0x0000000080005ba2 (0x00051c9b) slliw   s9, a0, 0
core   0: 1 0x0000000080005ba2 (0x00051c9b) x25 0x0000000000000000
core   0: 0x0000000080005ba6 (0xfffb0113) addi    sp, s6, -1
core   0: 1 0x0000000080005ba6 (0xfffb0113) x2  0xffffffffffffffff
core   0: 0x0000000080005baa (0x031b4e33) div     t3, s6, a7
core   0: 1 0x0000000080005baa (0x031b4e33) x28 0x0000000000000000
core   0: 0x0000000080005bae (0x239f2553) fsgnjx.d fa0, ft10, fs9
core   0: 1 0x0000000080005bae (0x239f2553) f10 0xffffffffba93a7a2
core   0: 0x0000000080005bb2 (0x00000001) c.nop
core   0: 1 0x0000000080005bb2 (0x0001)
core   0: 0x0000000080005bb4 (0xbb54facf) fnmadd.d fs5, fs1, fs5, fs7
core   0: 1 0x0000000080005bb4 (0xbb54facf) f21 0x7ff8000000000000
core   0: 0x0000000080005bb8 (0x23f3ffcb) fnmsub.d ft11, ft7, ft11, ft4
core   0: 1 0x0000000080005bb8 (0x23f3ffcb) f31 0x7ff8000000000000
core   0: 0x0000000080005bbc (0x140139f3) csrrc   s3, sscratch, sp
core   0: 1 0x0000000080005bbc (0x140139f3) x19 0x0000000000000000 c320_sscratch 0x0000000000000000
core   0: 0x0000000080005bc0 (0x2a3b0a53) fmin.d  fs4, fs6, ft3
core   0: 1 0x0000000080005bc0 (0x2a3b0a53) f20 0x41efffff52800000
core   0: 0x0000000080005bc4 (0x016adab3) srl     s5, s5, s6
core   0: 1 0x0000000080005bc4 (0x016adab3) x21 0x3fffffffffffffff
core   0: 0x0000000080005bc8 (0x1b99f6d3) fdiv.d  fa3, fs3, fs9
core   0: 1 0x0000000080005bc8 (0x1b99f6d3) f13 0x7ff8000000000000
core   0: 0x0000000080005bcc (0x034a6a3b) remw    s4, s4, s4
core   0: 1 0x0000000080005bcc (0x034a6a3b) x20 0x0000000000000000
core   0: 0x0000000080005bd0 (0x229c2953) fsgnjx.d fs2, fs8, fs1
core   0: 1 0x0000000080005bd0 (0x229c2953) f18 0xfff8000000000000
core   0: 0x0000000080005bd4 (0x009492bb) sllw    t0, s1, s1
core   0: 1 0x0000000080005bd4 (0x009492bb) x5  0xffffffff80000000
core   0: 0x0000000080005bd8 (0x57f2b0b7) lui     ra, 0x57f2b
core   0: 1 0x0000000080005bd8 (0x57f2b0b7) x1  0x0000000057f2b000
core   0: 0x0000000080005bdc (0xa30c0ed3) fle.d   t4, fs8, fa6
core   0: 1 0x0000000080005bdc (0xa30c0ed3) c1_fflags 0x0000000000000010 x29 0x0000000000000000
core   0: 0x0000000080005be0 (0x1a61f1d3) fdiv.d  ft3, ft3, ft6
core   0: 1 0x0000000080005be0 (0x1a61f1d3) f3  0x7ff8000000000000
core   0: 0x0000000080005be4 (0x00a867b3) or      a5, a6, a0
core   0: 1 0x0000000080005be4 (0x00a867b3) x15 0x0000000000000001
core   0: 0x0000000080005be8 (0xfff78e93) addi    t4, a5, -1
core   0: 1 0x0000000080005be8 (0xfff78e93) x29 0x0000000000000000
core   0: 0x0000000080005bec (0x0067953b) sllw    a0, a5, t1
core   0: 1 0x0000000080005bec (0x0067953b) x10 0x0000000000010000
core   0: 0x0000000080005bf0 (0x16c94b93) xori    s7, s2, 364
core   0: 1 0x0000000080005bf0 (0x16c94b93) x23 0x000000000000016c
core   0: 0x0000000080005bf4 (0x01761d33) sll     s10, a2, s7
core   0: 1 0x0000000080005bf4 (0x01761d33) x26 0x0000000000000000
core   0: 0x0000000080005bf8 (0x00dcc7b3) xor     a5, s9, a3
core   0: 1 0x0000000080005bf8 (0x00dcc7b3) x15 0x0000000000000001
core   0: 0x0000000080005bfc (0x001b9773) csrrw   a4, fflags, s7
core   0: 1 0x0000000080005bfc (0x001b9773) x14 0x0000000000000010 c1_fflags 0x000000000000000c
core   0: 0x0000000080005c00 (0x4072d0bb) sraw    ra, t0, t2
core   0: 1 0x0000000080005c00 (0x4072d0bb) x1  0xffffffff80000000
core   0: 0x0000000080005c04 (0x033389bb) mulw    s3, t2, s3
core   0: 1 0x0000000080005c04 (0x033389bb) x19 0x0000000000000000
core   0: 0x0000000080005c08 (0x00039d13) slli    s10, t2, 0
core   0: 1 0x0000000080005c08 (0x00039d13) x26 0x0000000000000000
core   0: 0x0000000080005c0c (0x634a63b7) lui     t2, 0x634a6
core   0: 1 0x0000000080005c0c (0x634a63b7) x7  0x00000000634a6000
core   0: 0x0000000080005c10 (0x01d19ebb) sllw    t4, gp, t4
core   0: 1 0x0000000080005c10 (0x01d19ebb) x29 0x0000000000000000
core   0: 0x0000000080005c14 (0x010eca33) xor     s4, t4, a6
core   0: 1 0x0000000080005c14 (0x010eca33) x20 0x0000000000000001
core   0: 0x0000000080005c18 (0xc231fed3) fcvt.lu.d t4, ft3
core   0: 1 0x0000000080005c18 (0xc231fed3) c1_fflags 0x000000000000001c x29 0xffffffffffffffff
core   0: 0x0000000080005c1c (0x02be9cb3) mulh    s9, t4, a1
core   0: 1 0x0000000080005c1c (0x02be9cb3) x25 0x0000000000000000
core   0: 0x0000000080005c20 (0x0008101b) slliw   zero, a6, 0
core   0: 1 0x0000000080005c20 (0x0008101b)
core   0: 0x0000000080005c24 (0x00bad5bb) srlw    a1, s5, a1
core   0: 1 0x0000000080005c24 (0x00bad5bb) x11 0x0000000000000001
core   0: 0x0000000080005c28 (0x03e0f3d3) fadd.d  ft7, ft1, ft10
core   0: 1 0x0000000080005c28 (0x03e0f3d3) f7  0x7ff8000000000000
core   0: 0x0000000080005c2c (0x806c8313) addi    t1, s9, -2042
core   0: 1 0x0000000080005c2c (0x806c8313) x6  0xfffffffffffff806
core   0: 0x0000000080005c30 (0xc02ff3d3) fcvt.l.s t2, ft11
core   0: 1 0x0000000080005c30 (0xc02ff3d3) c1_fflags 0x000000000000001c x7  0x7fffffffffffffff
core   0: 0x0000000080005c34 (0x033da2b3) mulhsu  t0, s11, s3
core   0: 1 0x0000000080005c34 (0x033da2b3) x5  0x0000000000000000
core   0: 0x0000000080005c38 (0xd299f913) andi    s2, s3, -727
core   0: 1 0x0000000080005c38 (0xd299f913) x18 0x0000000000000000
core   0: 0x0000000080005c3c (0x01e31993) slli    s3, t1, 30
core   0: 1 0x0000000080005c3c (0x01e31993) x19 0xfffffe0180000000
core   0: 0x0000000080005c40 (0x01a68833) add     a6, a3, s10
core   0: 1 0x0000000080005c40 (0x01a68833) x16 0x0000000000000001
core   0: 0x0000000080005c44 (0x3f5b829b) addiw   t0, s7, 1013
core   0: 1 0x0000000080005c44 (0x3f5b829b) x5  0x0000000000000561
core   0: 0x0000000080005c48 (0x3e3b00b7) lui     ra, 0x3e3b0
core   0: 1 0x0000000080005c48 (0x3e3b00b7) x1  0x000000003e3b0000
core   0: 0x0000000080005c4c (0x0360e933) rem     s2, ra, s6
core   0: 1 0x0000000080005c4c (0x0360e933) x18 0x000000003e3b0000
core   0: 0x0000000080005c50 (0x2a439d53) fmax.d  fs10, ft7, ft4
core   0: 1 0x0000000080005c50 (0x2a439d53) f26 0x7ff8000000000000
core   0: 0x0000000080005c54 (0x401d7e53) fcvt.s.d ft8, fs10
core   0: 1 0x0000000080005c54 (0x401d7e53) f28 0xffffffff7fc00000
core   0: 0x0000000080005c58 (0x0000151b) slliw   a0, zero, 0
core   0: 1 0x0000000080005c58 (0x0000151b) x10 0x0000000000000000
core   0: 0x0000000080005c5c (0x41f8591b) sraiw   s2, a6, 31
core   0: 1 0x0000000080005c5c (0x41f8591b) x18 0x0000000000000000
core   0: 0x0000000080005c60 (0x02584233) div     tp, a6, t0
core   0: 1 0x0000000080005c60 (0x02584233) x4  0x0000000000000000
core   0: 0x0000000080005c64 (0x0330d093) srli    ra, ra, 51
core   0: 1 0x0000000080005c64 (0x0330d093) x1  0x0000000000000000
core   0: 0x0000000080005c68 (0x00c898b3) sll     a7, a7, a2
core   0: 1 0x0000000080005c68 (0x00c898b3) x17 0x000000000000109f
core   0: 0x0000000080005c6c (0x031d5293) srli    t0, s10, 49
core   0: 1 0x0000000080005c6c (0x031d5293) x5  0x0000000000000000
core   0: 0x0000000080005c70 (0x033e0db3) mul     s11, t3, s3
core   0: 1 0x0000000080005c70 (0x033e0db3) x27 0x0000000000000000
core   0: 0x0000000080005c74 (0x00851033) sll     zero, a0, s0
core   0: 1 0x0000000080005c74 (0x00851033)
core   0: 0x0000000080005c78 (0x340ce9f3) csrrsi  s3, mscratch, 25
core   0: exception trap_illegal_instruction, epc 0x0000000080005c78
core   0:           tval 0x00000000340ce9f3
core   0: >>>>  $xrv64i2p1_m2p0_a2p1_f2p2_d2p2_zicsr2p0_zifencei2p0_zmmul1p0_zba1p0_zbb1p0_zbc1p0_zbs1p0
core   0: 0x0000000080004000 (0x0080006f) j       pc + 0x8
core   0: 3 0x0000000080004000 (0x0080006f)
core   0: >>>>  mmode_exception_handler
core   0: 0x0000000080004008 (0x00002c17) auipc   s8, 0x2
core   0: 3 0x0000000080004008 (0x00002c17) x24 0x0000000080006008
core   0: 0x000000008000400c (0x012c0c13) addi    s8, s8, 18
core   0: 3 0x000000008000400c (0x012c0c13) x24 0x000000008000601a
core   0: 0x0000000080004010 (0x000c00e7) jalr    s8
core   0: 3 0x0000000080004010 (0x000c00e7) x1  0x0000000080004014
core   0: >>>>  any_handler
core   0: 0x000000008000601a (0x341027f3) csrrs   a5, mepc, zero
core   0: 3 0x000000008000601a (0x341027f3) x15 0x0000000080005c78
core   0: 0x000000008000601e (0x34202773) csrrs   a4, mcause, zero
core   0: 3 0x000000008000601e (0x34202773) x14 0x0000000000000002
core   0: 0x0000000080006022 (0x142026f3) csrrs   a3, scause, zero
core   0: 3 0x0000000080006022 (0x142026f3) x13 0x0000000000000000
core   0: 0x0000000080006026 (0x30402673) csrrs   a2, mie, zero
core   0: 3 0x0000000080006026 (0x30402673) x12 0x0000000000000a00
core   0: 0x000000008000602a (0x344025f3) csrrs   a1, mip, zero
core   0: 3 0x000000008000602a (0x344025f3) x11 0x0000000000000080
core   0: 0x000000008000602e (0x343025f3) csrrs   a1, mtval, zero
core   0: 3 0x000000008000602e (0x343025f3) x11 0x00000000340ce9f3
core   0: 0x0000000080006032 (0x14302573) csrrs   a0, stval, zero
core   0: 3 0x0000000080006032 (0x14302573) x10 0x0000000000000000
core   0: 0x0000000080006036 (0xb02024f3) csrrs   s1, minstret, zero
core   0: 3 0x0000000080006036 (0xb02024f3) x9  0x00000000000010fb
core   0: 0x000000008000603a (0x0000a811) c.j     pc + 20
core   0: 3 0x000000008000603a (0xa811)
core   0: >>>>  mepc_4
core   0: 0x000000008000604e (0x00000791) c.addi  a5, 4
core   0: 3 0x000000008000604e (0x0791) x15 0x0000000080005c7c
core   0: 0x0000000080006050 (0x34179073) csrrw   zero, mepc, a5
core   0: 3 0x0000000080006050 (0x34179073) c833_mepc 0x0000000080005c7c
core   0: 0x0000000080006054 (0x30200073) mret
core   0: 3 0x0000000080006054 (0x30200073) c768_mstatus 0x8000000a00106080
core   0: 0x0000000080005c7c (0x01565d9b) srliw   s11, a2, 21
core   0: 1 0x0000000080005c7c (0x01565d9b) x27 0x0000000000000000
core   0: 0x0000000080005c80 (0x00ce55b3) srl     a1, t3, a2
core   0: 1 0x0000000080005c80 (0x00ce55b3) x11 0x0000000000000000
core   0: 0x0000000080005c84 (0x013e5933) srl     s2, t3, s3
core   0: 1 0x0000000080005c84 (0x013e5933) x18 0x0000000000000000
core   0: 0x0000000080005c88 (0x01920b33) add     s6, tp, s9
core   0: 1 0x0000000080005c88 (0x01920b33) x22 0x0000000000000000
core   0: 0x0000000080005c8c (0x0205603b) remw    zero, a0, zero
core   0: 1 0x0000000080005c8c (0x0205603b)
core   0: 0x0000000080005c90 (0x00002605) c.addiw a2, 1
core   0: 1 0x0000000080005c90 (0x2605) x12 0x0000000000000a01
core   0: 0x0000000080005c92 (0x5a08f1d3) fsqrt.d ft3, fa7
core   0: 1 0x0000000080005c92 (0x5a08f1d3) f3  0x0000000000000000
core   0: 0x0000000080005c96 (0x02feb533) mulhu   a0, t4, a5
core   0: 1 0x0000000080005c96 (0x02feb533) x10 0x0000000080005c7b
core   0: 0x0000000080005c9a (0x015c0bbb) addw    s7, s8, s5
core   0: 1 0x0000000080005c9a (0x015c0bbb) x23 0xffffffff80006019
core   0: 0x0000000080005c9e (0x00008231) c.srli  a2, 12
core   0: 1 0x0000000080005c9e (0x8231) x12 0x0000000000000000
core   0: 0x0000000080005ca0 (0x22788dd3) fsgnj.d fs11, fa7, ft7
core   0: 1 0x0000000080005ca0 (0x22788dd3) f27 0x0000000000000000
core   0: 0x0000000080005ca4 (0x03666b33) rem     s6, a2, s6
core   0: 1 0x0000000080005ca4 (0x03666b33) x22 0x0000000000000000
core   0: 0x0000000080005ca8 (0x0ff0000f) fence   iorw,iorw
core   0: 1 0x0000000080005ca8 (0x0ff0000f)
core   0: 0x0000000080005cac (0x40eb0e33) sub     t3, s6, a4
core   0: 1 0x0000000080005cac (0x40eb0e33) x28 0xfffffffffffffffe
core   0: 0x0000000080005cb0 (0xc208f5d3) fcvt.w.d a1, fa7
core   0: 1 0x0000000080005cb0 (0xc208f5d3) x11 0x0000000000000000
core   0: 0x0000000080005cb4 (0x140fda73) csrrwi  s4, sscratch, 31
core   0: 1 0x0000000080005cb4 (0x140fda73) x20 0x0000000000000000 c320_sscratch 0x000000000000001f
core   0: 0x0000000080005cb8 (0xd02a74d3) fcvt.s.l fs1, s4
core   0: 1 0x0000000080005cb8 (0xd02a74d3) f9  0xffffffff00000000
core   0: 0x0000000080005cbc (0x410c89b3) sub     s3, s9, a6
core   0: 1 0x0000000080005cbc (0x410c89b3) x19 0xffffffffffffffff
core   0: 0x0000000080005cc0 (0x013cecb3) or      s9, s9, s3
core   0: 1 0x0000000080005cc0 (0x013cecb3) x25 0xffffffffffffffff
core   0: 0x0000000080005cc4 (0x030cf13b) remuw   sp, s9, a6
core   0: 1 0x0000000080005cc4 (0x030cf13b) x2  0x0000000000000000
core   0: 0x0000000080005cc8 (0xc234fbd3) fcvt.lu.d s7, fs1
core   0: 1 0x0000000080005cc8 (0xc234fbd3) c1_fflags 0x000000000000001c x23 0xffffffffffffffff
core   0: 0x0000000080005ccc (0xd21d0253) fcvt.d.wu ft4, s10
core   0: 1 0x0000000080005ccc (0xd21d0253) f4  0x0000000000000000
core   0: 0x0000000080005cd0 (0x7ff58c93) addi    s9, a1, 2047
core   0: 1 0x0000000080005cd0 (0x7ff58c93) x25 0x00000000000007ff
core   0: 0x0000000080005cd4 (0x23ab1b53) fsgnjn.d fs6, fs6, fs10
core   0: 1 0x0000000080005cd4 (0x23ab1b53) f22 0xfff8000000000000
core   0: 0x0000000080005cd8 (0xd20c84d3) fcvt.d.w fs1, s9
core   0: 1 0x0000000080005cd8 (0xd20c84d3) f9  0x409ffc0000000000
core   0: 0x0000000080005cdc (0x4192db3b) sraw    s6, t0, s9
core   0: 1 0x0000000080005cdc (0x4192db3b) x22 0x0000000000000000
core   0: 0x0000000080005ce0 (0x00590e33) add     t3, s2, t0
core   0: 1 0x0000000080005ce0 (0x00590e33) x28 0x0000000000000000
core   0: 0x0000000080005ce4 (0x00201a73) csrrw   s4, frm, zero
core   0: 1 0x0000000080005ce4 (0x00201a73) x20 0x0000000000000000 c2_frm 0x0000000000000000
core   0: 0x0000000080005ce8 (0xc02d7453) fcvt.l.s s0, fs10
core   0: 1 0x0000000080005ce8 (0xc02d7453) c1_fflags 0x000000000000001c x8  0x7fffffffffffffff
core   0: 0x0000000080005cec (0x001091f3) csrrw   gp, fflags, ra
core   0: 1 0x0000000080005cec (0x001091f3) x3  0x000000000000001c c1_fflags 0x0000000000000014
core   0: 0x0000000080005cf0 (0xd20189d3) fcvt.d.w fs3, gp
core   0: 1 0x0000000080005cf0 (0xd20189d3) f19 0x403c000000000000
core   0: 0x0000000080005cf4 (0xbd3c2837) lui     a6, 0xbd3c2
core   0: 1 0x0000000080005cf4 (0xbd3c2837) x16 0xffffffffbd3c2000
core   0: 0x0000000080005cf8 (0xa28600d3) fle.d   ra, fa2, fs0
core   0: 1 0x0000000080005cf8 (0xa28600d3) x1  0x0000000000000001
core   0: 0x0000000080005cfc (0x03ad9693) slli    a3, s11, 58
core   0: 1 0x0000000080005cfc (0x03ad9693) x13 0x0000000000000000
core   0: 0x0000000080005d00 (0x031e5233) divu    tp, t3, a7
core   0: 1 0x0000000080005d00 (0x031e5233) x4  0x0000000000000000
core   0: 0x0000000080005d04 (0x004dac33) slt     s8, s11, tp
core   0: 1 0x0000000080005d04 (0x004dac33) x24 0x0000000000000000
core   0: 0x0000000080005d08 (0x22ad8653) fsgnj.d fa2, fs11, fa0
core   0: 1 0x0000000080005d08 (0x22ad8653) f12 0x8000000000000000
core   0: 0x0000000080005d0c (0xd0297253) fcvt.s.l ft4, s2
core   0: 1 0x0000000080005d0c (0xd0297253) f4  0xffffffff00000000
core   0: 0x0000000080005d10 (0x0096883b) addw    a6, a3, s1
core   0: 1 0x0000000080005d10 (0x0096883b) x16 0x00000000000010fb
core   0: 0x0000000080005d14 (0x0038533b) srlw    t1, a6, gp
core   0: 1 0x0000000080005d14 (0x0038533b) x6  0x0000000000000000
core   0: 0x0000000080005d18 (0xd03e77d3) fcvt.s.lu fa5, t3
core   0: 1 0x0000000080005d18 (0xd03e77d3) f15 0xffffffff00000000
core   0: 0x0000000080005d1c (0x01bb5b1b) srliw   s6, s6, 27
core   0: 1 0x0000000080005d1c (0x01bb5b1b) x22 0x0000000000000000
core   0: 0x0000000080005d20 (0x01a601b3) add     gp, a2, s10
core   0: 1 0x0000000080005d20 (0x01a601b3) x3  0x0000000000000000
core   0: 0x0000000080005d24 (0x419407b3) sub     a5, s0, s9
core   0: 1 0x0000000080005d24 (0x419407b3) x15 0x7ffffffffffff800
core   0: 0x0000000080005d28 (0x40095033) sra     zero, s2, zero
core   0: 1 0x0000000080005d28 (0x40095033)
core   0: 0x0000000080005d2c (0x413bd59b) sraiw   a1, s7, 19
core   0: 1 0x0000000080005d2c (0x413bd59b) x11 0xffffffffffffffff
core   0: 0x0000000080005d30 (0xc2267153) fcvt.l.d sp, fa2
core   0: 1 0x0000000080005d30 (0xc2267153) x2  0x0000000000000000
core   0: 0x0000000080005d34 (0x7ffc839b) addiw   t2, s9, 2047
core   0: 1 0x0000000080005d34 (0x7ffc839b) x7  0x0000000000000ffe
core   0: 0x0000000080005d38 (0x41338d33) sub     s10, t2, s3
core   0: 1 0x0000000080005d38 (0x41338d33) x26 0x0000000000000fff
core   0: 0x0000000080005d3c (0xc02b7353) fcvt.l.s t1, fs6
core   0: 1 0x0000000080005d3c (0xc02b7353) c1_fflags 0x0000000000000014 x6  0x7fffffffffffffff
core   0: 0x0000000080005d40 (0x40525b9b) sraiw   s7, tp, 5
core   0: 1 0x0000000080005d40 (0x40525b9b) x23 0x0000000000000000
core   0: 0x0000000080005d44 (0xc23afcd3) fcvt.lu.d s9, fs5
core   0: 1 0x0000000080005d44 (0xc23afcd3) c1_fflags 0x0000000000000014 x25 0xffffffffffffffff
core   0: 0x0000000080005d48 (0x40187853) fcvt.s.d fa6, fa6
core   0: 1 0x0000000080005d48 (0x40187853) c1_fflags 0x0000000000000015 f16 0xffffffff4f800000
core   0: 0x0000000080005d4c (0xd224f4d3) fcvt.d.l fs1, s1
core   0: 1 0x0000000080005d4c (0xd224f4d3) f9  0x40b0fb0000000000
core   0: 0x0000000080005d50 (0x41fcd71b) sraiw   a4, s9, 31
core   0: 1 0x0000000080005d50 (0x41fcd71b) x14 0xffffffffffffffff
core   0: 0x0000000080005d54 (0x008c95b3) sll     a1, s9, s0
core   0: 1 0x0000000080005d54 (0x008c95b3) x11 0x8000000000000000
core   0: 0x0000000080005d58 (0x0305c4bb) divw    s1, a1, a6
core   0: 1 0x0000000080005d58 (0x0305c4bb) x9  0x0000000000000000
core   0: 0x0000000080005d5c (0x016050b3) srl     ra, zero, s6
core   0: 1 0x0000000080005d5c (0x016050b3) x1  0x0000000000000000
core   0: 0x0000000080005d60 (0x411e8c33) sub     s8, t4, a7
core   0: 1 0x0000000080005d60 (0x411e8c33) x24 0xffffffffffffef60
core   0: 0x0000000080005d64 (0xd20c0453) fcvt.d.w fs0, s8
core   0: 1 0x0000000080005d64 (0xd20c0453) f8  0xc0b0a00000000000
core   0: 0x0000000080005d68 (0x420306d3) fcvt.d.s fa3, ft6
core   0: 1 0x0000000080005d68 (0x420306d3) f13 0x43f0000000000000
core   0: 0x0000000080005d6c (0xfeeae013) ori     zero, s5, -18
core   0: 1 0x0000000080005d6c (0xfeeae013)
core   0: 0x0000000080005d70 (0x263e8813) addi    a6, t4, 611
core   0: 1 0x0000000080005d70 (0x263e8813) x16 0x0000000000000262
core   0: 0x0000000080005d74 (0x41ce5e3b) sraw    t3, t3, t3
core   0: 1 0x0000000080005d74 (0x41ce5e3b) x28 0x0000000000000000
core   0: 0x0000000080005d78 (0x23019dd3) fsgnjn.d fs11, ft3, fa6
core   0: 1 0x0000000080005d78 (0x23019dd3) f27 0x0000000000000000
core   0: 0x0000000080005d7c (0xc03474d3) fcvt.lu.s s1, fs0
core   0: 1 0x0000000080005d7c (0xc03474d3) c1_fflags 0x0000000000000015 x9  0xffffffffffffffff
core   0: 0x0000000080005d80 (0xefb38513) addi    a0, t2, -261
core   0: 1 0x0000000080005d80 (0xefb38513) x10 0x0000000000000ef9
core   0: 0x0000000080005d84 (0xd0337253) fcvt.s.lu ft4, t1
core   0: 1 0x0000000080005d84 (0xd0337253) c1_fflags 0x0000000000000015 f4  0xffffffff5f000000
core   0: 0x0000000080005d88 (0xc213fcd3) fcvt.wu.d s9, ft7
core   0: 1 0x0000000080005d88 (0xc213fcd3) c1_fflags 0x0000000000000015 x25 0xffffffffffffffff
core   0: 0x0000000080005d8c (0x0b7df7d3) fsub.d  fa5, fs11, fs7
core   0: 1 0x0000000080005d8c (0x0b7df7d3) f15 0x7ff8000000000000
core   0: 0x0000000080005d90 (0x41398ab3) sub     s5, s3, s3
core   0: 1 0x0000000080005d90 (0x41398ab3) x21 0x0000000000000000
core   0: 0x0000000080005d94 (0xa8db0d93) addi    s11, s6, -1395
core   0: 1 0x0000000080005d94 (0xa8db0d93) x27 0xfffffffffffffa8d
core   0: 0x0000000080005d98 (0x00003761) c.addiw a4, -8
core   0: 1 0x0000000080005d98 (0x3761) x14 0xfffffffffffffff7
core   0: 0x0000000080005d9a (0x02fef7bb) remuw   a5, t4, a5
core   0: 1 0x0000000080005d9a (0x02fef7bb) x15 0x00000000000007ff
core   0: 0x0000000080005d9e (0x13e67353) fmul.d  ft6, fa2, ft10
core   0: 1 0x0000000080005d9e (0x13e67353) f6  0x7ff8000000000000
core   0: 0x0000000080005da2 (0xc2377a53) fcvt.lu.d s4, fa4
core   0: 1 0x0000000080005da2 (0xc2377a53) x20 0x0000000000000000
core   0: 0x0000000080005da6 (0x413c001b) addiw   zero, s8, 1043
core   0: 1 0x0000000080005da6 (0x413c001b)
core   0: 0x0000000080005daa (0x41965dbb) sraw    s11, a2, s9
core   0: 1 0x0000000080005daa (0x41965dbb) x27 0x0000000000000000
core   0: 0x0000000080005dae (0x00275a9b) srliw   s5, a4, 2
core   0: 1 0x0000000080005dae (0x00275a9b) x21 0x000000003ffffffd
core   0: 0x0000000080005db2 (0x420b8fd3) fcvt.d.s ft11, fs7
core   0: 1 0x0000000080005db2 (0x420b8fd3) f31 0x7ff8000000000000
core   0: 0x0000000080005db6 (0x5a007053) fsqrt.d ft0, ft0
core   0: 1 0x0000000080005db6 (0x5a007053) c1_fflags 0x0000000000000015 f0  0x7ff8000000000000
core   0: 0x0000000080005dba (0x3a83f54b) fnmsub.d fa0, ft7, fs0, ft7
core   0: 1 0x0000000080005dba (0x3a83f54b) f10 0x7ff8000000000000
core   0: 0x0000000080005dbe (0xd2148753) fcvt.d.wu fa4, s1
core   0: 1 0x0000000080005dbe (0xd2148753) f14 0x41efffffffe00000
core   0: 0x0000000080005dc2 (0x1bff764f) fnmadd.d fa2, ft10, ft11, ft3
core   0: 1 0x0000000080005dc2 (0x1bff764f) f12 0x7ff8000000000000
core   0: 0x0000000080005dc6 (0x00a02a33) slt     s4, zero, a0
core   0: 1 0x0000000080005dc6 (0x00a02a33) x20 0x0000000000000001
core   0: 0x0000000080005dca (0x00008505) c.srai  a0, 1
core   0: 1 0x0000000080005dca (0x8505) x10 0x000000000000077c
core   0: 0x0000000080005dcc (0x012a043b) addw    s0, s4, s2
core   0: 1 0x0000000080005dcc (0x012a043b) x8  0x0000000000000001
core   0: 0x0000000080005dd0 (0x4b4df4c3) fmadd.d fs1, fs11, fs4, fs1
core   0: 1 0x0000000080005dd0 (0x4b4df4c3) f9  0x40b0fb0000000000
core   0: 0x0000000080005dd4 (0x99156813) ori     a6, a0, -1647
core   0: 1 0x0000000080005dd4 (0x99156813) x16 0xfffffffffffffffd
core   0: 0x0000000080005dd8 (0x1087aa37) lui     s4, 0x1087a
core   0: 1 0x0000000080005dd8 (0x1087aa37) x20 0x000000001087a000
core   0: 0x0000000080005ddc (0xbbda0a1b) addiw   s4, s4, -1091
core   0: 1 0x0000000080005ddc (0xbbda0a1b) x20 0x0000000010879bbd
core   0: 0x0000000080005de0 (0xc20976d3) fcvt.w.d a3, fs2
core   0: 1 0x0000000080005de0 (0xc20976d3) c1_fflags 0x0000000000000015 x13 0x000000007fffffff
core   0: 0x0000000080005de4 (0x5322f293) andi    t0, t0, 1330
core   0: 1 0x0000000080005de4 (0x5322f293) x5  0x0000000000000000
core   0: 0x0000000080005de8 (0x5b7bf7c7) fmsub.d fa5, fs7, fs7, fa1
core   0: 1 0x0000000080005de8 (0x5b7bf7c7) f15 0x7ff8000000000000
core   0: 0x0000000080005dec (0xd2130cd3) fcvt.d.wu fs9, t1
core   0: 1 0x0000000080005dec (0xd2130cd3) f25 0x41efffffffe00000
core   0: 0x0000000080005df0 (0x1a37fad3) fdiv.d  fs5, fa5, ft3
core   0: 1 0x0000000080005df0 (0x1a37fad3) f21 0x7ff8000000000000
core   0: 0x0000000080005df4 (0x00031393) slli    t2, t1, 0
core   0: 1 0x0000000080005df4 (0x00031393) x7  0x7fffffffffffffff
core   0: 0x0000000080005df8 (0x00000001) c.nop
core   0: 1 0x0000000080005df8 (0x0001)
core   0: 0x0000000080005dfa (0x034d7a33) remu    s4, s10, s4
core   0: 1 0x0000000080005dfa (0x034d7a33) x20 0x0000000000000fff
core   0: 0x0000000080005dfe (0x40025a9b) sraiw   s5, tp, 0
core   0: 1 0x0000000080005dfe (0x40025a9b) x21 0x0000000000000000
core   0: 0x0000000080005e02 (0x0ff0000f) fence   iorw,iorw
core   0: 1 0x0000000080005e02 (0x0ff0000f)
core   0: 0x0000000080005e06 (0x420f8ad3) fcvt.d.s fs5, ft11
core   0: 1 0x0000000080005e06 (0x420f8ad3) f21 0x7ff8000000000000
core   0: 0x0000000080005e0a (0x03fc5113) srli    sp, s8, 63
core   0: 1 0x0000000080005e0a (0x03fc5113) x2  0x0000000000000001
core   0: 0x0000000080005e0e (0x0308083b) mulw    a6, a6, a6
core   0: 1 0x0000000080005e0e (0x0308083b) x16 0x0000000000000009
core   0: 0x0000000080005e12 (0x42068ed3) fcvt.d.s ft9, fa3
core   0: 1 0x0000000080005e12 (0x42068ed3) f29 0x7ff8000000000000
core   0: 0x0000000080005e16 (0x00000001) c.nop
core   0: 1 0x0000000080005e16 (0x0001)
core   0: 0x0000000080005e18 (0x01bc9b33) sll     s6, s9, s11
core   0: 1 0x0000000080005e18 (0x01bc9b33) x22 0xffffffffffffffff
core   0: 0x0000000080005e1c (0x00b672b3) and     t0, a2, a1
core   0: 1 0x0000000080005e1c (0x00b672b3) x5  0x0000000000000000
core   0: 0x0000000080005e20 (0x417dd89b) sraiw   a7, s11, 23
core   0: 1 0x0000000080005e20 (0x417dd89b) x17 0x0000000000000000
core   0: 0x0000000080005e24 (0x02e74a3b) divw    s4, a4, a4
core   0: 1 0x0000000080005e24 (0x02e74a3b) x20 0x0000000000000001
core   0: 0x0000000080005e28 (0x13c17e53) fmul.d  ft8, ft2, ft8
core   0: 1 0x0000000080005e28 (0x13c17e53) f28 0x7ff8000000000000
core   0: 0x0000000080005e2c (0x00102df3) csrrs   s11, fflags, zero
core   0: 1 0x0000000080005e2c (0x00102df3) x27 0x0000000000000015
core   0: 0x0000000080005e30 (0x022e8cb3) mul     s9, t4, sp
core   0: 1 0x0000000080005e30 (0x022e8cb3) x25 0xffffffffffffffff
core   0: 0x0000000080005e34 (0x00000001) c.nop
core   0: 1 0x0000000080005e34 (0x0001)
core   0: 0x0000000080005e36 (0xc20d7053) fcvt.w.d zero, fs10
core   0: 1 0x0000000080005e36 (0xc20d7053) c1_fflags 0x0000000000000015
core   0: 0x0000000080005e3a (0x022080bb) mulw    ra, ra, sp
core   0: 1 0x0000000080005e3a (0x022080bb) x1  0x0000000000000000
core   0: 0x0000000080005e3e (0x027583b3) mul     t2, a1, t2
core   0: 1 0x0000000080005e3e (0x027583b3) x7  0x8000000000000000
core   0: 0x0000000080005e42 (0x017b9a33) sll     s4, s7, s7
core   0: 1 0x0000000080005e42 (0x017b9a33) x20 0x0000000000000000
core   0: 0x0000000080005e46 (0xd2397c53) fcvt.d.lu fs8, s2
core   0: 1 0x0000000080005e46 (0xd2397c53) f24 0x0000000000000000
core   0: 0x0000000080005e4a (0x617b8b1b) addiw   s6, s7, 1559
core   0: 1 0x0000000080005e4a (0x617b8b1b) x22 0x0000000000000617
core   0: 0x0000000080005e4e (0x004c9cbb) sllw    s9, s9, tp
core   0: 1 0x0000000080005e4e (0x004c9cbb) x25 0xffffffffffffffff
core   0: 0x0000000080005e52 (0x47ea7437) lui     s0, 0x47ea7
core   0: 1 0x0000000080005e52 (0x47ea7437) x8  0x0000000047ea7000
core   0: 0x0000000080005e56 (0xd21d0253) fcvt.d.wu ft4, s10
core   0: 1 0x0000000080005e56 (0xd21d0253) f4  0x40affe0000000000
core   0: 0x0000000080005e5a (0x419603bb) subw    t2, a2, s9
core   0: 1 0x0000000080005e5a (0x419603bb) x7  0x0000000000000001
core   0: 0x0000000080005e5e (0x0123c7b3) xor     a5, t2, s2
core   0: 1 0x0000000080005e5e (0x0123c7b3) x15 0x0000000000000001
core   0: 0x0000000080005e62 (0xc206f853) fcvt.w.d a6, fa3
core   0: 1 0x0000000080005e62 (0xc206f853) c1_fflags 0x0000000000000015 x16 0x000000007fffffff
core   0: 0x0000000080005e66 (0x0018549b) srliw   s1, a6, 1
core   0: 1 0x0000000080005e66 (0x0018549b) x9  0x000000003fffffff
core   0: 0x0000000080005e6a (0xe2068853) fmv.x.d a6, fa3
core   0: 1 0x0000000080005e6a (0xe2068853) x16 0x43f0000000000000
core   0: 0x0000000080005e6e (0x133ef9d3) fmul.d  fs3, ft9, fs3
core   0: 1 0x0000000080005e6e (0x133ef9d3) f19 0x7ff8000000000000
core   0: 0x0000000080005e72 (0x006a7133) and     sp, s4, t1
core   0: 1 0x0000000080005e72 (0x006a7133) x2  0x0000000000000000
core   0: 0x0000000080005e76 (0x2389a453) fsgnjx.d fs0, fs3, fs8
core   0: 1 0x0000000080005e76 (0x2389a453) f8  0x7ff8000000000000
core   0: 0x0000000080005e7a (0x0006149b) slliw   s1, a2, 0
core   0: 1 0x0000000080005e7a (0x0006149b) x9  0x0000000000000000
core   0: 0x0000000080005e7e (0x01d47633) and     a2, s0, t4
core   0: 1 0x0000000080005e7e (0x01d47633) x12 0x0000000047ea7000
core   0: 0x0000000080005e82 (0x0076e5b3) or      a1, a3, t2
core   0: 1 0x0000000080005e82 (0x0076e5b3) x11 0x000000007fffffff
core   0: 0x0000000080005e86 (0xf11fe4f3) csrrsi  s1, mvendorid, 31
core   0: exception trap_illegal_instruction, epc 0x0000000080005e86
core   0:           tval 0x00000000f11fe4f3
core   0: >>>>  $xrv64i2p1_m2p0_a2p1_f2p2_d2p2_zicsr2p0_zifencei2p0_zmmul1p0_zba1p0_zbb1p0_zbc1p0_zbs1p0
core   0: 0x0000000080004000 (0x0080006f) j       pc + 0x8
core   0: 3 0x0000000080004000 (0x0080006f)
core   0: >>>>  mmode_exception_handler
core   0: 0x0000000080004008 (0x00002c17) auipc   s8, 0x2
core   0: 3 0x0000000080004008 (0x00002c17) x24 0x0000000080006008
core   0: 0x000000008000400c (0x012c0c13) addi    s8, s8, 18
core   0: 3 0x000000008000400c (0x012c0c13) x24 0x000000008000601a
core   0: 0x0000000080004010 (0x000c00e7) jalr    s8
core   0: 3 0x0000000080004010 (0x000c00e7) x1  0x0000000080004014
core   0: >>>>  any_handler
core   0: 0x000000008000601a (0x341027f3) csrrs   a5, mepc, zero
core   0: 3 0x000000008000601a (0x341027f3) x15 0x0000000080005e86
core   0: 0x000000008000601e (0x34202773) csrrs   a4, mcause, zero
core   0: 3 0x000000008000601e (0x34202773) x14 0x0000000000000002
core   0: 0x0000000080006022 (0x142026f3) csrrs   a3, scause, zero
core   0: 3 0x0000000080006022 (0x142026f3) x13 0x0000000000000000
core   0: 0x0000000080006026 (0x30402673) csrrs   a2, mie, zero
core   0: 3 0x0000000080006026 (0x30402673) x12 0x0000000000000a00
core   0: 0x000000008000602a (0x344025f3) csrrs   a1, mip, zero
core   0: 3 0x000000008000602a (0x344025f3) x11 0x0000000000000080
core   0: 0x000000008000602e (0x343025f3) csrrs   a1, mtval, zero
core   0: 3 0x000000008000602e (0x343025f3) x11 0x00000000f11fe4f3
core   0: 0x0000000080006032 (0x14302573) csrrs   a0, stval, zero
core   0: 3 0x0000000080006032 (0x14302573) x10 0x0000000000000000
core   0: 0x0000000080006036 (0xb02024f3) csrrs   s1, minstret, zero
core   0: 3 0x0000000080006036 (0xb02024f3) x9  0x0000000000001191
core   0: 0x000000008000603a (0x0000a811) c.j     pc + 20
core   0: 3 0x000000008000603a (0xa811)
core   0: >>>>  mepc_4
core   0: 0x000000008000604e (0x00000791) c.addi  a5, 4
core   0: 3 0x000000008000604e (0x0791) x15 0x0000000080005e8a
core   0: 0x0000000080006050 (0x34179073) csrrw   zero, mepc, a5
core   0: 3 0x0000000080006050 (0x34179073) c833_mepc 0x0000000080005e8a
core   0: 0x0000000080006054 (0x30200073) mret
core   0: 3 0x0000000080006054 (0x30200073) c768_mstatus 0x8000000a00106080
core   0: 0x0000000080005e8a (0xd035fbd3) fcvt.s.lu fs7, a1
core   0: 1 0x0000000080005e8a (0xd035fbd3) c1_fflags 0x0000000000000015 f23 0xffffffff4f711fe5
core   0: 0x0000000080005e8e (0x23358c53) fsgnj.d fs8, fa1, fs3
core   0: 1 0x0000000080005e8e (0x23358c53) f24 0x7ff8000000000000
core   0: 0x0000000080005e92 (0xe6cce493) ori     s1, s9, -404
core   0: 1 0x0000000080005e92 (0xe6cce493) x9  0xffffffffffffffff
core   0: 0x0000000080005e96 (0xd024fad3) fcvt.s.l fs5, s1
core   0: 1 0x0000000080005e96 (0xd024fad3) f21 0xffffffffbf800000
core   0: 0x0000000080005e9a (0x01294633) xor     a2, s2, s2
core   0: 1 0x0000000080005e9a (0x01294633) x12 0x0000000000000000
core   0: 0x0000000080005e9e (0x008e0e3b) addw    t3, t3, s0
core   0: 1 0x0000000080005e9e (0x008e0e3b) x28 0x0000000047ea7000
core   0: 0x0000000080005ea2 (0x3659dc37) lui     s8, 0x3659d
core   0: 1 0x0000000080005ea2 (0x3659dc37) x24 0x000000003659d000
core   0: 0x0000000080005ea6 (0xf3cb0b13) addi    s6, s6, -196
core   0: 1 0x0000000080005ea6 (0xf3cb0b13) x22 0x0000000000000553
core   0: 0x0000000080005eaa (0x034c89bb) mulw    s3, s9, s4
core   0: 1 0x0000000080005eaa (0x034c89bb) x19 0x0000000000000000
core   0: 0x0000000080005eae (0xc031fad3) fcvt.lu.s s5, ft3
core   0: 1 0x0000000080005eae (0xc031fad3) c1_fflags 0x0000000000000015 x21 0xffffffffffffffff
core   0: 0x0000000080005eb2 (0xc03c7053) fcvt.lu.s zero, fs8
core   0: 1 0x0000000080005eb2 (0xc03c7053) c1_fflags 0x0000000000000015
core   0: 0x0000000080005eb6 (0x405204bb) subw    s1, tp, t0
core   0: 1 0x0000000080005eb6 (0x405204bb) x9  0x0000000000000000
core   0: 0x0000000080005eba (0x41cd5b93) srai    s7, s10, 28
core   0: 1 0x0000000080005eba (0x41cd5b93) x23 0x0000000000000000
core   0: 0x0000000080005ebe (0xc20afc53) fcvt.w.d s8, fs5
core   0: 1 0x0000000080005ebe (0xc20afc53) c1_fflags 0x0000000000000015 x24 0x000000007fffffff
core   0: 0x0000000080005ec2 (0xd03b77d3) fcvt.s.lu fa5, s6
core   0: 1 0x0000000080005ec2 (0xd03b77d3) f15 0xffffffff44aa6000
core   0: 0x0000000080005ec6 (0x00a0f0b3) and     ra, ra, a0
core   0: 1 0x0000000080005ec6 (0x00a0f0b3) x1  0x0000000000000000
core   0: 0x0000000080005eca (0x00000001) c.nop
core   0: 1 0x0000000080005eca (0x0001)
core   0: 0x0000000080005ecc (0x0219e733) rem     a4, s3, ra
core   0: 1 0x0000000080005ecc (0x0219e733) x14 0x0000000000000000
core   0: 0x0000000080005ed0 (0x40e70d3b) subw    s10, a4, a4
core   0: 1 0x0000000080005ed0 (0x40e70d3b) x26 0x0000000000000000
core   0: 0x0000000080005ed4 (0x40020a3b) subw    s4, tp, zero
core   0: 1 0x0000000080005ed4 (0x40020a3b) x20 0x0000000000000000
core   0: 0x0000000080005ed8 (0x8f336e93) ori     t4, t1, -1805
core   0: 1 0x0000000080005ed8 (0x8f336e93) x29 0xffffffffffffffff
core   0: 0x0000000080005edc (0x01a99b13) slli    s6, s3, 26
core   0: 1 0x0000000080005edc (0x01a99b13) x22 0x0000000000000000
core   0: 0x0000000080005ee0 (0x034afc33) remu    s8, s5, s4
core   0: 1 0x0000000080005ee0 (0x034afc33) x24 0xffffffffffffffff
core   0: 0x0000000080005ee4 (0xbc20e093) ori     ra, ra, -1086
core   0: 1 0x0000000080005ee4 (0xbc20e093) x1  0xfffffffffffffbc2
core   0: 0x0000000080005ee8 (0x420781d3) fcvt.d.s ft3, fa5
core   0: 1 0x0000000080005ee8 (0x420781d3) f3  0x40954c0000000000
core   0: 0x0000000080005eec (0x2049851b) addiw   a0, s3, 516
core   0: 1 0x0000000080005eec (0x2049851b) x10 0x0000000000000204
core   0: 0x0000000080005ef0 (0x00000001) c.nop
core   0: 1 0x0000000080005ef0 (0x0001)
core   0: 0x0000000080005ef2 (0x30305873) csrrwi  a6, mideleg, 0
core   0: exception trap_illegal_instruction, epc 0x0000000080005ef2
core   0:           tval 0x0000000030305873
core   0: >>>>  $xrv64i2p1_m2p0_a2p1_f2p2_d2p2_zicsr2p0_zifencei2p0_zmmul1p0_zba1p0_zbb1p0_zbc1p0_zbs1p0
core   0: 0x0000000080004000 (0x0080006f) j       pc + 0x8
core   0: 3 0x0000000080004000 (0x0080006f)
core   0: >>>>  mmode_exception_handler
core   0: 0x0000000080004008 (0x00002c17) auipc   s8, 0x2
core   0: 3 0x0000000080004008 (0x00002c17) x24 0x0000000080006008
core   0: 0x000000008000400c (0x012c0c13) addi    s8, s8, 18
core   0: 3 0x000000008000400c (0x012c0c13) x24 0x000000008000601a
core   0: 0x0000000080004010 (0x000c00e7) jalr    s8
core   0: 3 0x0000000080004010 (0x000c00e7) x1  0x0000000080004014
core   0: >>>>  any_handler
core   0: 0x000000008000601a (0x341027f3) csrrs   a5, mepc, zero
core   0: 3 0x000000008000601a (0x341027f3) x15 0x0000000080005ef2
core   0: 0x000000008000601e (0x34202773) csrrs   a4, mcause, zero
core   0: 3 0x000000008000601e (0x34202773) x14 0x0000000000000002
core   0: 0x0000000080006022 (0x142026f3) csrrs   a3, scause, zero
core   0: 3 0x0000000080006022 (0x142026f3) x13 0x0000000000000000
core   0: 0x0000000080006026 (0x30402673) csrrs   a2, mie, zero
core   0: 3 0x0000000080006026 (0x30402673) x12 0x0000000000000a00
core   0: 0x000000008000602a (0x344025f3) csrrs   a1, mip, zero
core   0: 3 0x000000008000602a (0x344025f3) x11 0x0000000000000080
core   0: 0x000000008000602e (0x343025f3) csrrs   a1, mtval, zero
core   0: 3 0x000000008000602e (0x343025f3) x11 0x0000000030305873
core   0: 0x0000000080006032 (0x14302573) csrrs   a0, stval, zero
core   0: 3 0x0000000080006032 (0x14302573) x10 0x0000000000000000
core   0: 0x0000000080006036 (0xb02024f3) csrrs   s1, minstret, zero
core   0: 3 0x0000000080006036 (0xb02024f3) x9  0x00000000000011bc
core   0: 0x000000008000603a (0x0000a811) c.j     pc + 20
core   0: 3 0x000000008000603a (0xa811)
core   0: >>>>  mepc_4
core   0: 0x000000008000604e (0x00000791) c.addi  a5, 4
core   0: 3 0x000000008000604e (0x0791) x15 0x0000000080005ef6
core   0: 0x0000000080006050 (0x34179073) csrrw   zero, mepc, a5
core   0: 3 0x0000000080006050 (0x34179073) c833_mepc 0x0000000080005ef6
core   0: 0x0000000080006054 (0x30200073) mret
core   0: 3 0x0000000080006054 (0x30200073) c768_mstatus 0x8000000a00106080
core   0: 0x0000000080005ef6 (0x4052573b) sraw    a4, tp, t0
core   0: 1 0x0000000080005ef6 (0x4052573b) x14 0x0000000000000000
core   0: 0x0000000080005efa (0xfcda0337) lui     t1, 0xfcda0
core   0: 1 0x0000000080005efa (0xfcda0337) x6  0xfffffffffcda0000
core   0: 0x0000000080005efe (0x38b3031b) addiw   t1, t1, 907
core   0: 1 0x0000000080005efe (0x38b3031b) x6  0xfffffffffcda038b
core   0: 0x0000000080005f02 (0x00000332) c.slli  t1, 12
core   0: 1 0x0000000080005f02 (0x0332) x6  0xffffffcda038b000
core   0: 0x0000000080005f04 (0xdb430313) addi    t1, t1, -588
core   0: 1 0x0000000080005f04 (0xdb430313) x6  0xffffffcda038adb4
core   0: 0x0000000080005f08 (0x7abcb417) auipc   s0, 0x7abcb
core   0: 1 0x0000000080005f08 (0x7abcb417) x8  0x00000000fabd0f08
core   0: 0x0000000080005f0c (0xf1125673) csrrwi  a2, mvendorid, 4
core   0: exception trap_illegal_instruction, epc 0x0000000080005f0c
core   0:           tval 0x00000000f1125673
core   0: >>>>  $xrv64i2p1_m2p0_a2p1_f2p2_d2p2_zicsr2p0_zifencei2p0_zmmul1p0_zba1p0_zbb1p0_zbc1p0_zbs1p0
core   0: 0x0000000080004000 (0x0080006f) j       pc + 0x8
core   0: 3 0x0000000080004000 (0x0080006f)
core   0: >>>>  mmode_exception_handler
core   0: 0x0000000080004008 (0x00002c17) auipc   s8, 0x2
core   0: 3 0x0000000080004008 (0x00002c17) x24 0x0000000080006008
core   0: 0x000000008000400c (0x012c0c13) addi    s8, s8, 18
core   0: 3 0x000000008000400c (0x012c0c13) x24 0x000000008000601a
core   0: 0x0000000080004010 (0x000c00e7) jalr    s8
core   0: 3 0x0000000080004010 (0x000c00e7) x1  0x0000000080004014
core   0: >>>>  any_handler
core   0: 0x000000008000601a (0x341027f3) csrrs   a5, mepc, zero
core   0: 3 0x000000008000601a (0x341027f3) x15 0x0000000080005f0c
core   0: 0x000000008000601e (0x34202773) csrrs   a4, mcause, zero
core   0: 3 0x000000008000601e (0x34202773) x14 0x0000000000000002
core   0: 0x0000000080006022 (0x142026f3) csrrs   a3, scause, zero
core   0: 3 0x0000000080006022 (0x142026f3) x13 0x0000000000000000
core   0: 0x0000000080006026 (0x30402673) csrrs   a2, mie, zero
core   0: 3 0x0000000080006026 (0x30402673) x12 0x0000000000000a00
core   0: 0x000000008000602a (0x344025f3) csrrs   a1, mip, zero
core   0: 3 0x000000008000602a (0x344025f3) x11 0x0000000000000080
core   0: 0x000000008000602e (0x343025f3) csrrs   a1, mtval, zero
core   0: 3 0x000000008000602e (0x343025f3) x11 0x00000000f1125673
core   0: 0x0000000080006032 (0x14302573) csrrs   a0, stval, zero
core   0: 3 0x0000000080006032 (0x14302573) x10 0x0000000000000000
core   0: 0x0000000080006036 (0xb02024f3) csrrs   s1, minstret, zero
core   0: 3 0x0000000080006036 (0xb02024f3) x9  0x00000000000011d2
core   0: 0x000000008000603a (0x0000a811) c.j     pc + 20
core   0: 3 0x000000008000603a (0xa811)
core   0: >>>>  mepc_4
core   0: 0x000000008000604e (0x00000791) c.addi  a5, 4
core   0: 3 0x000000008000604e (0x0791) x15 0x0000000080005f10
core   0: 0x0000000080006050 (0x34179073) csrrw   zero, mepc, a5
core   0: 3 0x0000000080006050 (0x34179073) c833_mepc 0x0000000080005f10
core   0: 0x0000000080006054 (0x30200073) mret
core   0: 3 0x0000000080006054 (0x30200073) c768_mstatus 0x8000000a00106080
core   0: 0x0000000080005f10 (0x43f95d93) srai    s11, s2, 63
core   0: 1 0x0000000080005f10 (0x43f95d93) x27 0x0000000000000000
core   0: 0x0000000080005f14 (0x23539953) fsgnjn.d fs2, ft7, fs5
core   0: 1 0x0000000080005f14 (0x23539953) f18 0x7ff8000000000000
core   0: 0x0000000080005f18 (0x0241013b) mulw    sp, sp, tp
core   0: 1 0x0000000080005f18 (0x0241013b) x2  0x0000000000000000
core   0: 0x0000000080005f1c (0x41fcd81b) sraiw   a6, s9, 31
core   0: 1 0x0000000080005f1c (0x41fcd81b) x16 0xffffffffffffffff
core   0: 0x0000000080005f20 (0x00202e73) csrrs   t3, frm, zero
core   0: 1 0x0000000080005f20 (0x00202e73) x28 0x0000000000000000
core   0: 0x0000000080005f24 (0xc231fb53) fcvt.lu.d s6, ft3
core   0: 1 0x0000000080005f24 (0xc231fb53) x22 0x0000000000000553
core   0: 0x0000000080005f28 (0x59fe6813) ori     a6, t3, 1439
core   0: 1 0x0000000080005f28 (0x59fe6813) x16 0x000000000000059f
core   0: 0x0000000080005f2c (0xd02cfbd3) fcvt.s.l fs7, s9
core   0: 1 0x0000000080005f2c (0xd02cfbd3) f23 0xffffffffbf800000
core   0: 0x0000000080005f30 (0x41b505bb) subw    a1, a0, s11
core   0: 1 0x0000000080005f30 (0x41b505bb) x11 0x0000000000000000
core   0: 0x0000000080005f34 (0x005c5d13) srli    s10, s8, 5
core   0: 1 0x0000000080005f34 (0x005c5d13) x26 0x0000000004000300
core   0: 0x0000000080005f38 (0x420a8ad3) fcvt.d.s fs5, fs5
core   0: 1 0x0000000080005f38 (0x420a8ad3) f21 0xbff0000000000000
core   0: 0x0000000080005f3c (0xb0276df3) csrrsi  s11, minstret, 14
core   0: exception trap_illegal_instruction, epc 0x0000000080005f3c
core   0:           tval 0x00000000b0276df3
core   0: >>>>  $xrv64i2p1_m2p0_a2p1_f2p2_d2p2_zicsr2p0_zifencei2p0_zmmul1p0_zba1p0_zbb1p0_zbc1p0_zbs1p0
core   0: 0x0000000080004000 (0x0080006f) j       pc + 0x8
core   0: 3 0x0000000080004000 (0x0080006f)
core   0: >>>>  mmode_exception_handler
core   0: 0x0000000080004008 (0x00002c17) auipc   s8, 0x2
core   0: 3 0x0000000080004008 (0x00002c17) x24 0x0000000080006008
core   0: 0x000000008000400c (0x012c0c13) addi    s8, s8, 18
core   0: 3 0x000000008000400c (0x012c0c13) x24 0x000000008000601a
core   0: 0x0000000080004010 (0x000c00e7) jalr    s8
core   0: 3 0x0000000080004010 (0x000c00e7) x1  0x0000000080004014
core   0: >>>>  any_handler
core   0: 0x000000008000601a (0x341027f3) csrrs   a5, mepc, zero
core   0: 3 0x000000008000601a (0x341027f3) x15 0x0000000080005f3c
core   0: 0x000000008000601e (0x34202773) csrrs   a4, mcause, zero
core   0: 3 0x000000008000601e (0x34202773) x14 0x0000000000000002
core   0: 0x0000000080006022 (0x142026f3) csrrs   a3, scause, zero
core   0: 3 0x0000000080006022 (0x142026f3) x13 0x0000000000000000
core   0: 0x0000000080006026 (0x30402673) csrrs   a2, mie, zero
core   0: 3 0x0000000080006026 (0x30402673) x12 0x0000000000000a00
core   0: 0x000000008000602a (0x344025f3) csrrs   a1, mip, zero
core   0: 3 0x000000008000602a (0x344025f3) x11 0x0000000000000080
core   0: 0x000000008000602e (0x343025f3) csrrs   a1, mtval, zero
core   0: 3 0x000000008000602e (0x343025f3) x11 0x00000000b0276df3
core   0: 0x0000000080006032 (0x14302573) csrrs   a0, stval, zero
core   0: 3 0x0000000080006032 (0x14302573) x10 0x0000000000000000
core   0: 0x0000000080006036 (0xb02024f3) csrrs   s1, minstret, zero
core   0: 3 0x0000000080006036 (0xb02024f3) x9  0x00000000000011ed
core   0: 0x000000008000603a (0x0000a811) c.j     pc + 20
core   0: 3 0x000000008000603a (0xa811)
core   0: >>>>  mepc_4
core   0: 0x000000008000604e (0x00000791) c.addi  a5, 4
core   0: 3 0x000000008000604e (0x0791) x15 0x0000000080005f40
core   0: 0x0000000080006050 (0x34179073) csrrw   zero, mepc, a5
core   0: 3 0x0000000080006050 (0x34179073) c833_mepc 0x0000000080005f40
core   0: 0x0000000080006054 (0x30200073) mret
core   0: 3 0x0000000080006054 (0x30200073) c768_mstatus 0x8000000a00106080
core   0: 0x0000000080005f40 (0xa3ca06d3) fle.d   a3, fs4, ft8
core   0: 1 0x0000000080005f40 (0xa3ca06d3) c1_fflags 0x0000000000000015 x13 0x0000000000000000
core   0: 0x0000000080005f44 (0x023ad13b) divuw   sp, s5, gp
core   0: 1 0x0000000080005f44 (0x023ad13b) x2  0xffffffffffffffff
core   0: 0x0000000080005f48 (0x002814f3) csrrw   s1, frm, a6
core   0: 1 0x0000000080005f48 (0x002814f3) x9  0x0000000000000000 c2_frm 0x0000000000000007
core   0: 0x0000000080005f4c (0x0ff0000f) fence   iorw,iorw
core   0: 1 0x0000000080005f4c (0x0ff0000f)
core   0: 0x0000000080005f50 (0xc206fa53) fcvt.w.d s4, fa3
core   0: exception trap_illegal_instruction, epc 0x0000000080005f50
core   0:           tval 0x00000000c206fa53
core   0: >>>>  $xrv64i2p1_m2p0_a2p1_f2p2_d2p2_zicsr2p0_zifencei2p0_zmmul1p0_zba1p0_zbb1p0_zbc1p0_zbs1p0
core   0: 0x0000000080004000 (0x0080006f) j       pc + 0x8
core   0: 3 0x0000000080004000 (0x0080006f)
core   0: >>>>  mmode_exception_handler
core   0: 0x0000000080004008 (0x00002c17) auipc   s8, 0x2
core   0: 3 0x0000000080004008 (0x00002c17) x24 0x0000000080006008
core   0: 0x000000008000400c (0x012c0c13) addi    s8, s8, 18
core   0: 3 0x000000008000400c (0x012c0c13) x24 0x000000008000601a
core   0: 0x0000000080004010 (0x000c00e7) jalr    s8
core   0: 3 0x0000000080004010 (0x000c00e7) x1  0x0000000080004014
core   0: >>>>  any_handler
core   0: 0x000000008000601a (0x341027f3) csrrs   a5, mepc, zero
core   0: 3 0x000000008000601a (0x341027f3) x15 0x0000000080005f50
core   0: 0x000000008000601e (0x34202773) csrrs   a4, mcause, zero
core   0: 3 0x000000008000601e (0x34202773) x14 0x0000000000000002
core   0: 0x0000000080006022 (0x142026f3) csrrs   a3, scause, zero
core   0: 3 0x0000000080006022 (0x142026f3) x13 0x0000000000000000
core   0: 0x0000000080006026 (0x30402673) csrrs   a2, mie, zero
core   0: 3 0x0000000080006026 (0x30402673) x12 0x0000000000000a00
core   0: 0x000000008000602a (0x344025f3) csrrs   a1, mip, zero
core   0: 3 0x000000008000602a (0x344025f3) x11 0x0000000000000080
core   0: 0x000000008000602e (0x343025f3) csrrs   a1, mtval, zero
core   0: 3 0x000000008000602e (0x343025f3) x11 0x00000000c206fa53
core   0: 0x0000000080006032 (0x14302573) csrrs   a0, stval, zero
core   0: 3 0x0000000080006032 (0x14302573) x10 0x0000000000000000
core   0: 0x0000000080006036 (0xb02024f3) csrrs   s1, minstret, zero
core   0: 3 0x0000000080006036 (0xb02024f3) x9  0x0000000000001201
core   0: 0x000000008000603a (0x0000a811) c.j     pc + 20
core   0: 3 0x000000008000603a (0xa811)
core   0: >>>>  mepc_4
core   0: 0x000000008000604e (0x00000791) c.addi  a5, 4
core   0: 3 0x000000008000604e (0x0791) x15 0x0000000080005f54
core   0: 0x0000000080006050 (0x34179073) csrrw   zero, mepc, a5
core   0: 3 0x0000000080006050 (0x34179073) c833_mepc 0x0000000080005f54
core   0: 0x0000000080006054 (0x30200073) mret
core   0: 3 0x0000000080006054 (0x30200073) c768_mstatus 0x8000000a00106080
core   0: 0x0000000080005f54 (0x4163db1b) sraiw   s6, t2, 22
core   0: 1 0x0000000080005f54 (0x4163db1b) x22 0x0000000000000000
core   0: 0x0000000080005f58 (0x0b5afac3) fmadd.d fs5, fs5, fs5, ft1
core   0: exception trap_illegal_instruction, epc 0x0000000080005f58
core   0:           tval 0x000000000b5afac3
core   0: >>>>  $xrv64i2p1_m2p0_a2p1_f2p2_d2p2_zicsr2p0_zifencei2p0_zmmul1p0_zba1p0_zbb1p0_zbc1p0_zbs1p0
core   0: 0x0000000080004000 (0x0080006f) j       pc + 0x8
core   0: 3 0x0000000080004000 (0x0080006f)
core   0: >>>>  mmode_exception_handler
core   0: 0x0000000080004008 (0x00002c17) auipc   s8, 0x2
core   0: 3 0x0000000080004008 (0x00002c17) x24 0x0000000080006008
core   0: 0x000000008000400c (0x012c0c13) addi    s8, s8, 18
core   0: 3 0x000000008000400c (0x012c0c13) x24 0x000000008000601a
core   0: 0x0000000080004010 (0x000c00e7) jalr    s8
core   0: 3 0x0000000080004010 (0x000c00e7) x1  0x0000000080004014
core   0: >>>>  any_handler
core   0: 0x000000008000601a (0x341027f3) csrrs   a5, mepc, zero
core   0: 3 0x000000008000601a (0x341027f3) x15 0x0000000080005f58
core   0: 0x000000008000601e (0x34202773) csrrs   a4, mcause, zero
core   0: 3 0x000000008000601e (0x34202773) x14 0x0000000000000002
core   0: 0x0000000080006022 (0x142026f3) csrrs   a3, scause, zero
core   0: 3 0x0000000080006022 (0x142026f3) x13 0x0000000000000000
core   0: 0x0000000080006026 (0x30402673) csrrs   a2, mie, zero
core   0: 3 0x0000000080006026 (0x30402673) x12 0x0000000000000a00
core   0: 0x000000008000602a (0x344025f3) csrrs   a1, mip, zero
core   0: 3 0x000000008000602a (0x344025f3) x11 0x0000000000000080
core   0: 0x000000008000602e (0x343025f3) csrrs   a1, mtval, zero
core   0: 3 0x000000008000602e (0x343025f3) x11 0x000000000b5afac3
core   0: 0x0000000080006032 (0x14302573) csrrs   a0, stval, zero
core   0: 3 0x0000000080006032 (0x14302573) x10 0x0000000000000000
core   0: 0x0000000080006036 (0xb02024f3) csrrs   s1, minstret, zero
core   0: 3 0x0000000080006036 (0xb02024f3) x9  0x0000000000001212
core   0: 0x000000008000603a (0x0000a811) c.j     pc + 20
core   0: 3 0x000000008000603a (0xa811)
core   0: >>>>  mepc_4
core   0: 0x000000008000604e (0x00000791) c.addi  a5, 4
core   0: 3 0x000000008000604e (0x0791) x15 0x0000000080005f5c
core   0: 0x0000000080006050 (0x34179073) csrrw   zero, mepc, a5
core   0: 3 0x0000000080006050 (0x34179073) c833_mepc 0x0000000080005f5c
core   0: 0x0000000080006054 (0x30200073) mret
core   0: 3 0x0000000080006054 (0x30200073) c768_mstatus 0x8000000a00106080
core   0: 0x0000000080005f5c (0x235c704b) fnmsub.d ft0, fs8, fs5, ft4
core   0: exception trap_illegal_instruction, epc 0x0000000080005f5c
core   0:           tval 0x00000000235c704b
core   0: >>>>  $xrv64i2p1_m2p0_a2p1_f2p2_d2p2_zicsr2p0_zifencei2p0_zmmul1p0_zba1p0_zbb1p0_zbc1p0_zbs1p0
core   0: 0x0000000080004000 (0x0080006f) j       pc + 0x8
core   0: 3 0x0000000080004000 (0x0080006f)
core   0: >>>>  mmode_exception_handler
core   0: 0x0000000080004008 (0x00002c17) auipc   s8, 0x2
core   0: 3 0x0000000080004008 (0x00002c17) x24 0x0000000080006008
core   0: 0x000000008000400c (0x012c0c13) addi    s8, s8, 18
core   0: 3 0x000000008000400c (0x012c0c13) x24 0x000000008000601a
core   0: 0x0000000080004010 (0x000c00e7) jalr    s8
core   0: 3 0x0000000080004010 (0x000c00e7) x1  0x0000000080004014
core   0: >>>>  any_handler
core   0: 0x000000008000601a (0x341027f3) csrrs   a5, mepc, zero
core   0: 3 0x000000008000601a (0x341027f3) x15 0x0000000080005f5c
core   0: 0x000000008000601e (0x34202773) csrrs   a4, mcause, zero
core   0: 3 0x000000008000601e (0x34202773) x14 0x0000000000000002
core   0: 0x0000000080006022 (0x142026f3) csrrs   a3, scause, zero
core   0: 3 0x0000000080006022 (0x142026f3) x13 0x0000000000000000
core   0: 0x0000000080006026 (0x30402673) csrrs   a2, mie, zero
core   0: 3 0x0000000080006026 (0x30402673) x12 0x0000000000000a00
core   0: 0x000000008000602a (0x344025f3) csrrs   a1, mip, zero
core   0: 3 0x000000008000602a (0x344025f3) x11 0x0000000000000080
core   0: 0x000000008000602e (0x343025f3) csrrs   a1, mtval, zero
core   0: 3 0x000000008000602e (0x343025f3) x11 0x00000000235c704b
core   0: 0x0000000080006032 (0x14302573) csrrs   a0, stval, zero
core   0: 3 0x0000000080006032 (0x14302573) x10 0x0000000000000000
core   0: 0x0000000080006036 (0xb02024f3) csrrs   s1, minstret, zero
core   0: 3 0x0000000080006036 (0xb02024f3) x9  0x0000000000001222
core   0: 0x000000008000603a (0x0000a811) c.j     pc + 20
core   0: 3 0x000000008000603a (0xa811)
core   0: >>>>  mepc_4
core   0: 0x000000008000604e (0x00000791) c.addi  a5, 4
core   0: 3 0x000000008000604e (0x0791) x15 0x0000000080005f60
core   0: 0x0000000080006050 (0x34179073) csrrw   zero, mepc, a5
core   0: 3 0x0000000080006050 (0x34179073) c833_mepc 0x0000000080005f60
core   0: 0x0000000080006054 (0x30200073) mret
core   0: 3 0x0000000080006054 (0x30200073) c768_mstatus 0x8000000a00106080
core   0: 0x0000000080005f60 (0x016817b3) sll     a5, a6, s6
core   0: 1 0x0000000080005f60 (0x016817b3) x15 0x000000000000059f
core   0: 0x0000000080005f64 (0x001b5b93) srli    s7, s6, 1
core   0: 1 0x0000000080005f64 (0x001b5b93) x23 0x0000000000000000
core   0: 0x0000000080005f68 (0xe2000b53) fmv.x.d s6, ft0
core   0: 1 0x0000000080005f68 (0xe2000b53) x22 0x7ff8000000000000
core   0: 0x0000000080005f6c (0x1ad0fdd3) fdiv.d  fs11, ft1, fa3
core   0: exception trap_illegal_instruction, epc 0x0000000080005f6c
core   0:           tval 0x000000001ad0fdd3
core   0: >>>>  $xrv64i2p1_m2p0_a2p1_f2p2_d2p2_zicsr2p0_zifencei2p0_zmmul1p0_zba1p0_zbb1p0_zbc1p0_zbs1p0
core   0: 0x0000000080004000 (0x0080006f) j       pc + 0x8
core   0: 3 0x0000000080004000 (0x0080006f)
core   0: >>>>  mmode_exception_handler
core   0: 0x0000000080004008 (0x00002c17) auipc   s8, 0x2
core   0: 3 0x0000000080004008 (0x00002c17) x24 0x0000000080006008
core   0: 0x000000008000400c (0x012c0c13) addi    s8, s8, 18
core   0: 3 0x000000008000400c (0x012c0c13) x24 0x000000008000601a
core   0: 0x0000000080004010 (0x000c00e7) jalr    s8
core   0: 3 0x0000000080004010 (0x000c00e7) x1  0x0000000080004014
core   0: >>>>  any_handler
core   0: 0x000000008000601a (0x341027f3) csrrs   a5, mepc, zero
core   0: 3 0x000000008000601a (0x341027f3) x15 0x0000000080005f6c
core   0: 0x000000008000601e (0x34202773) csrrs   a4, mcause, zero
core   0: 3 0x000000008000601e (0x34202773) x14 0x0000000000000002
core   0: 0x0000000080006022 (0x142026f3) csrrs   a3, scause, zero
core   0: 3 0x0000000080006022 (0x142026f3) x13 0x0000000000000000
core   0: 0x0000000080006026 (0x30402673) csrrs   a2, mie, zero
core   0: 3 0x0000000080006026 (0x30402673) x12 0x0000000000000a00
core   0: 0x000000008000602a (0x344025f3) csrrs   a1, mip, zero
core   0: 3 0x000000008000602a (0x344025f3) x11 0x0000000000000080
core   0: 0x000000008000602e (0x343025f3) csrrs   a1, mtval, zero
core   0: 3 0x000000008000602e (0x343025f3) x11 0x000000001ad0fdd3
core   0: 0x0000000080006032 (0x14302573) csrrs   a0, stval, zero
core   0: 3 0x0000000080006032 (0x14302573) x10 0x0000000000000000
core   0: 0x0000000080006036 (0xb02024f3) csrrs   s1, minstret, zero
core   0: 3 0x0000000080006036 (0xb02024f3) x9  0x0000000000001235
core   0: 0x000000008000603a (0x0000a811) c.j     pc + 20
core   0: 3 0x000000008000603a (0xa811)
core   0: >>>>  mepc_4
core   0: 0x000000008000604e (0x00000791) c.addi  a5, 4
core   0: 3 0x000000008000604e (0x0791) x15 0x0000000080005f70
core   0: 0x0000000080006050 (0x34179073) csrrw   zero, mepc, a5
core   0: 3 0x0000000080006050 (0x34179073) c833_mepc 0x0000000080005f70
core   0: 0x0000000080006054 (0x30200073) mret
core   0: 3 0x0000000080006054 (0x30200073) c768_mstatus 0x8000000a00106080
core   0: 0x0000000080005f70 (0x016b113b) sllw    sp, s6, s6
core   0: 1 0x0000000080005f70 (0x016b113b) x2  0x0000000000000000
core   0: 0x0000000080005f74 (0x039151bb) divuw   gp, sp, s9
core   0: 1 0x0000000080005f74 (0x039151bb) x3  0x0000000000000000
core   0: 0x0000000080005f78 (0x2aa00553) fmin.d  fa0, ft0, fa0
core   0: 1 0x0000000080005f78 (0x2aa00553) f10 0x7ff8000000000000
core   0: 0x0000000080005f7c (0x00009399) c.srli  a5, 38
core   0: 1 0x0000000080005f7c (0x9399) x15 0x0000000000000000
core   0: 0x0000000080005f7e (0x02f1c233) div     tp, gp, a5
core   0: 1 0x0000000080005f7e (0x02f1c233) x4  0xffffffffffffffff
core   0: 0x0000000080005f82 (0x00000001) c.nop
core   0: 1 0x0000000080005f82 (0x0001)
core   0: 0x0000000080005f84 (0x238e2bd3) fsgnjx.d fs7, ft8, fs8
core   0: 1 0x0000000080005f84 (0x238e2bd3) f23 0x7ff8000000000000
core   0: 0x0000000080005f88 (0x000b7033) and     zero, s6, zero
core   0: 1 0x0000000080005f88 (0x000b7033)
core   0: 0x0000000080005f8c (0x60c00c1b) addiw   s8, zero, 1548
core   0: 1 0x0000000080005f8c (0x60c00c1b) x24 0x000000000000060c
core   0: 0x0000000080005f90 (0x00454a33) xor     s4, a0, tp
core   0: 1 0x0000000080005f90 (0x00454a33) x20 0xffffffffffffffff
core   0: 0x0000000080005f94 (0x401d7ed3) fcvt.s.d ft9, fs10
core   0: exception trap_illegal_instruction, epc 0x0000000080005f94
core   0:           tval 0x00000000401d7ed3
core   0: >>>>  $xrv64i2p1_m2p0_a2p1_f2p2_d2p2_zicsr2p0_zifencei2p0_zmmul1p0_zba1p0_zbb1p0_zbc1p0_zbs1p0
core   0: 0x0000000080004000 (0x0080006f) j       pc + 0x8
core   0: 3 0x0000000080004000 (0x0080006f)
core   0: >>>>  mmode_exception_handler
core   0: 0x0000000080004008 (0x00002c17) auipc   s8, 0x2
core   0: 3 0x0000000080004008 (0x00002c17) x24 0x0000000080006008
core   0: 0x000000008000400c (0x012c0c13) addi    s8, s8, 18
core   0: 3 0x000000008000400c (0x012c0c13) x24 0x000000008000601a
core   0: 0x0000000080004010 (0x000c00e7) jalr    s8
core   0: 3 0x0000000080004010 (0x000c00e7) x1  0x0000000080004014
core   0: >>>>  any_handler
core   0: 0x000000008000601a (0x341027f3) csrrs   a5, mepc, zero
core   0: 3 0x000000008000601a (0x341027f3) x15 0x0000000080005f94
core   0: 0x000000008000601e (0x34202773) csrrs   a4, mcause, zero
core   0: 3 0x000000008000601e (0x34202773) x14 0x0000000000000002
core   0: 0x0000000080006022 (0x142026f3) csrrs   a3, scause, zero
core   0: 3 0x0000000080006022 (0x142026f3) x13 0x0000000000000000
core   0: 0x0000000080006026 (0x30402673) csrrs   a2, mie, zero
core   0: 3 0x0000000080006026 (0x30402673) x12 0x0000000000000a00
core   0: 0x000000008000602a (0x344025f3) csrrs   a1, mip, zero
core   0: 3 0x000000008000602a (0x344025f3) x11 0x0000000000000080
core   0: 0x000000008000602e (0x343025f3) csrrs   a1, mtval, zero
core   0: 3 0x000000008000602e (0x343025f3) x11 0x00000000401d7ed3
core   0: 0x0000000080006032 (0x14302573) csrrs   a0, stval, zero
core   0: 3 0x0000000080006032 (0x14302573) x10 0x0000000000000000
core   0: 0x0000000080006036 (0xb02024f3) csrrs   s1, minstret, zero
core   0: 3 0x0000000080006036 (0xb02024f3) x9  0x000000000000124f
core   0: 0x000000008000603a (0x0000a811) c.j     pc + 20
core   0: 3 0x000000008000603a (0xa811)
core   0: >>>>  mepc_4
core   0: 0x000000008000604e (0x00000791) c.addi  a5, 4
core   0: 3 0x000000008000604e (0x0791) x15 0x0000000080005f98
core   0: 0x0000000080006050 (0x34179073) csrrw   zero, mepc, a5
core   0: 3 0x0000000080006050 (0x34179073) c833_mepc 0x0000000080005f98
core   0: 0x0000000080006054 (0x30200073) mret
core   0: 3 0x0000000080006054 (0x30200073) c768_mstatus 0x8000000a00106080
core   0: 0x0000000080005f98 (0x4002521b) sraiw   tp, tp, 0
core   0: 1 0x0000000080005f98 (0x4002521b) x4  0xffffffffffffffff
core   0: 0x0000000080005f9c (0x03924cb3) div     s9, tp, s9
core   0: 1 0x0000000080005f9c (0x03924cb3) x25 0x0000000000000001
core   0: 0x0000000080005fa0 (0x01921993) slli    s3, tp, 25
core   0: 1 0x0000000080005fa0 (0x01921993) x19 0xfffffffffe000000
core   0: 0x0000000080005fa4 (0xa23e84d3) fle.d   s1, ft9, ft3
core   0: 1 0x0000000080005fa4 (0xa23e84d3) c1_fflags 0x0000000000000015 x9  0x0000000000000000
core   0: 0x0000000080005fa8 (0x02e8c33b) divw    t1, a7, a4
core   0: 1 0x0000000080005fa8 (0x02e8c33b) x6  0x0000000000000000
core   0: 0x0000000080005fac (0x00000001) c.nop
core   0: 1 0x0000000080005fac (0x0001)
core   0: 0x0000000080005fae (0x00202af3) csrrs   s5, frm, zero
core   0: 1 0x0000000080005fae (0x00202af3) x21 0x0000000000000007
core   0: 0x0000000080005fb2 (0x014b4e33) xor     t3, s6, s4
core   0: 1 0x0000000080005fb2 (0x014b4e33) x28 0x8007ffffffffffff
core   0: 0x0000000080005fb6 (0x4059d0b3) sra     ra, s3, t0
core   0: 1 0x0000000080005fb6 (0x4059d0b3) x1  0xfffffffffe000000
core   0: 0x0000000080005fba (0x036e1333) mulh    t1, t3, s6
core   0: 1 0x0000000080005fba (0x036e1333) x6  0xc007ffbfffffffff
core   0: 0x0000000080005fbe (0x00f77b33) and     s6, a4, a5
core   0: 1 0x0000000080005fbe (0x00f77b33) x22 0x0000000000000000
core   0: 0x0000000080005fc2 (0x024e10b3) mulh    ra, t3, tp
core   0: 1 0x0000000080005fc2 (0x024e10b3) x1  0x0000000000000000
core   0: 0x0000000080005fc6 (0x00f7a1b3) slt     gp, a5, a5
core   0: 1 0x0000000080005fc6 (0x00f7a1b3) x3  0x0000000000000000
core   0: 0x0000000080005fca (0x00202a73) csrrs   s4, frm, zero
core   0: 1 0x0000000080005fca (0x00202a73) x20 0x0000000000000007
core   0: 0x0000000080005fce (0x001027f3) csrrs   a5, fflags, zero
core   0: 1 0x0000000080005fce (0x001027f3) x15 0x0000000000000015
core   0: 0x0000000080005fd2 (0xe9d47a93) andi    s5, s0, -355
core   0: 1 0x0000000080005fd2 (0xe9d47a93) x21 0x00000000fabd0e08
core   0: 0x0000000080005fd6 (0xd20908d3) fcvt.d.w fa7, s2
core   0: 1 0x0000000080005fd6 (0xd20908d3) f17 0x0000000000000000
core   0: 0x0000000080005fda (0x231eadd3) fsgnjx.d fs11, ft9, fa7
core   0: 1 0x0000000080005fda (0x231eadd3) f27 0x7ff8000000000000
core   0: 0x0000000080005fde (0x03f25213) srli    tp, tp, 63
core   0: 1 0x0000000080005fde (0x03f25213) x4  0x0000000000000001
core   0: 0x0000000080005fe2 (0x420e00d3) fcvt.d.s ft1, ft8
core   0: 1 0x0000000080005fe2 (0x420e00d3) f1  0x7ff8000000000000
core   0: 0x0000000080005fe6 (0x402259b3) sra     s3, tp, sp
core   0: 1 0x0000000080005fe6 (0x402259b3) x19 0x0000000000000001
core   0: 0x0000000080005fea (0xa37fbb17) auipc   s6, 0xa37fb
core   0: 1 0x0000000080005fea (0xa37fbb17) x22 0x0000000023800fea
core   0: 0x0000000080005fee (0x5a08f6d3) fsqrt.d fa3, fa7
core   0: exception trap_illegal_instruction, epc 0x0000000080005fee
core   0:           tval 0x000000005a08f6d3
core   0: >>>>  $xrv64i2p1_m2p0_a2p1_f2p2_d2p2_zicsr2p0_zifencei2p0_zmmul1p0_zba1p0_zbb1p0_zbc1p0_zbs1p0
core   0: 0x0000000080004000 (0x0080006f) j       pc + 0x8
core   0: 3 0x0000000080004000 (0x0080006f)
core   0: >>>>  mmode_exception_handler
core   0: 0x0000000080004008 (0x00002c17) auipc   s8, 0x2
core   0: 3 0x0000000080004008 (0x00002c17) x24 0x0000000080006008
core   0: 0x000000008000400c (0x012c0c13) addi    s8, s8, 18
core   0: 3 0x000000008000400c (0x012c0c13) x24 0x000000008000601a
core   0: 0x0000000080004010 (0x000c00e7) jalr    s8
core   0: 3 0x0000000080004010 (0x000c00e7) x1  0x0000000080004014
core   0: >>>>  any_handler
core   0: 0x000000008000601a (0x341027f3) csrrs   a5, mepc, zero
core   0: 3 0x000000008000601a (0x341027f3) x15 0x0000000080005fee
core   0: 0x000000008000601e (0x34202773) csrrs   a4, mcause, zero
core   0: 3 0x000000008000601e (0x34202773) x14 0x0000000000000002
core   0: 0x0000000080006022 (0x142026f3) csrrs   a3, scause, zero
core   0: 3 0x0000000080006022 (0x142026f3) x13 0x0000000000000000
core   0: 0x0000000080006026 (0x30402673) csrrs   a2, mie, zero
core   0: 3 0x0000000080006026 (0x30402673) x12 0x0000000000000a00
core   0: 0x000000008000602a (0x344025f3) csrrs   a1, mip, zero
core   0: 3 0x000000008000602a (0x344025f3) x11 0x0000000000000080
core   0: 0x000000008000602e (0x343025f3) csrrs   a1, mtval, zero
core   0: 3 0x000000008000602e (0x343025f3) x11 0x000000005a08f6d3
core   0: 0x0000000080006032 (0x14302573) csrrs   a0, stval, zero
core   0: 3 0x0000000080006032 (0x14302573) x10 0x0000000000000000
core   0: 0x0000000080006036 (0xb02024f3) csrrs   s1, minstret, zero
core   0: 3 0x0000000080006036 (0xb02024f3) x9  0x0000000000001275
core   0: 0x000000008000603a (0x0000a811) c.j     pc + 20
core   0: 3 0x000000008000603a (0xa811)
core   0: >>>>  mepc_4
core   0: 0x000000008000604e (0x00000791) c.addi  a5, 4
core   0: 3 0x000000008000604e (0x0791) x15 0x0000000080005ff2
core   0: 0x0000000080006050 (0x34179073) csrrw   zero, mepc, a5
core   0: 3 0x0000000080006050 (0x34179073) c833_mepc 0x0000000080005ff2
core   0: 0x0000000080006054 (0x30200073) mret
core   0: 3 0x0000000080006054 (0x30200073) c768_mstatus 0x8000000a00106080
core   0: 0x0000000080005ff2 (0xd2198553) fcvt.d.wu fa0, s3
core   0: 1 0x0000000080005ff2 (0xd2198553) f10 0x3ff0000000000000
core   0: 0x0000000080005ff6 (0x00000001) c.nop
core   0: 1 0x0000000080005ff6 (0x0001)
core   0: 0x0000000080005ff8 (0x0017129b) slliw   t0, a4, 1
core   0: 1 0x0000000080005ff8 (0x0017129b) x5  0x0000000000000004
core   0: 0x0000000080005ffc (0xd02672d3) fcvt.s.l ft5, a2
core   0: exception trap_illegal_instruction, epc 0x0000000080005ffc
core   0:           tval 0x00000000d02672d3
core   0: >>>>  $xrv64i2p1_m2p0_a2p1_f2p2_d2p2_zicsr2p0_zifencei2p0_zmmul1p0_zba1p0_zbb1p0_zbc1p0_zbs1p0
core   0: 0x0000000080004000 (0x0080006f) j       pc + 0x8
core   0: 3 0x0000000080004000 (0x0080006f)
core   0: >>>>  mmode_exception_handler
core   0: 0x0000000080004008 (0x00002c17) auipc   s8, 0x2
core   0: 3 0x0000000080004008 (0x00002c17) x24 0x0000000080006008
core   0: 0x000000008000400c (0x012c0c13) addi    s8, s8, 18
core   0: 3 0x000000008000400c (0x012c0c13) x24 0x000000008000601a
core   0: 0x0000000080004010 (0x000c00e7) jalr    s8
core   0: 3 0x0000000080004010 (0x000c00e7) x1  0x0000000080004014
core   0: >>>>  any_handler
core   0: 0x000000008000601a (0x341027f3) csrrs   a5, mepc, zero
core   0: 3 0x000000008000601a (0x341027f3) x15 0x0000000080005ffc
core   0: 0x000000008000601e (0x34202773) csrrs   a4, mcause, zero
core   0: 3 0x000000008000601e (0x34202773) x14 0x0000000000000002
core   0: 0x0000000080006022 (0x142026f3) csrrs   a3, scause, zero
core   0: 3 0x0000000080006022 (0x142026f3) x13 0x0000000000000000
core   0: 0x0000000080006026 (0x30402673) csrrs   a2, mie, zero
core   0: 3 0x0000000080006026 (0x30402673) x12 0x0000000000000a00
core   0: 0x000000008000602a (0x344025f3) csrrs   a1, mip, zero
core   0: 3 0x000000008000602a (0x344025f3) x11 0x0000000000000080
core   0: 0x000000008000602e (0x343025f3) csrrs   a1, mtval, zero
core   0: 3 0x000000008000602e (0x343025f3) x11 0x00000000d02672d3
core   0: 0x0000000080006032 (0x14302573) csrrs   a0, stval, zero
core   0: 3 0x0000000080006032 (0x14302573) x10 0x0000000000000000
core   0: 0x0000000080006036 (0xb02024f3) csrrs   s1, minstret, zero
core   0: 3 0x0000000080006036 (0xb02024f3) x9  0x0000000000001288
core   0: 0x000000008000603a (0x0000a811) c.j     pc + 20
core   0: 3 0x000000008000603a (0xa811)
core   0: >>>>  mepc_4
core   0: 0x000000008000604e (0x00000791) c.addi  a5, 4
core   0: 3 0x000000008000604e (0x0791) x15 0x0000000080006000
core   0: 0x0000000080006050 (0x34179073) csrrw   zero, mepc, a5
core   0: 3 0x0000000080006050 (0x34179073) c833_mepc 0x0000000080006000
core   0: 0x0000000080006054 (0x30200073) mret
core   0: 3 0x0000000080006054 (0x30200073) c768_mstatus 0x8000000a00106080
core   0: 0x0000000080006000 (0x017096b3) sll     a3, ra, s7
core   0: 1 0x0000000080006000 (0x017096b3) x13 0x0000000080004014
core   0: 0x0000000080006004 (0x0019d613) srli    a2, s3, 1
core   0: 1 0x0000000080006004 (0x0019d613) x12 0x0000000000000000
core   0: 0x0000000080006008 (0x0076d4bb) srlw    s1, a3, t2
core   0: 1 0x0000000080006008 (0x0076d4bb) x9  0x000000004000200a
core   0: 0x000000008000600c (0x0006d013) srli    zero, a3, 0
core   0: 1 0x000000008000600c (0x0006d013)
core   0: 0x0000000080006010 (0x400dd49b) sraiw   s1, s11, 0
core   0: 1 0x0000000080006010 (0x400dd49b) x9  0x0000000000000000
core   0: >>>>  write_tohost
core   0: 0x0000000080006014 (0x9d0fa0ef) jal     pc - 0x5e30
core   0: 1 0x0000000080006014 (0x9d0fa0ef) x1  0x0000000080006018
core   0: >>>>  _exit
core   0: 0x00000000800001e4 (0x00004505) c.li    a0, 1
core   0: 1 0x00000000800001e4 (0x4505) x10 0x0000000000000001
core   0: 0x00000000800001e6 (0x00001f17) auipc   t5, 0x1
core   0: 1 0x00000000800001e6 (0x00001f17) x30 0x00000000800011e6
core   0: 0x00000000800001ea (0xe0af2d23) sw      a0, -486(t5)
core   0: 1 0x00000000800001ea (0xe0af2d23) mem 0x0000000080001000 0x00000001
cp /home/server/RISCV/cva6/verif/sim/out/seed_1950/spike_sim/new_seeds_1950_.cv64a6_imafdc_sv39.log.iss /home/server/RISCV/cva6/verif/sim/out/seed_1950/spike_sim/new_seeds_1950_.cv64a6_imafdc_sv39.log
