Makefile:14: must set CVA6_REPO_DIR to point at the root of CVA6 sources and CVA6_TB_DIR to point here -- doing it for you...
LD_LIBRARY_PATH="$(realpath ../../tools/spike/lib):$LD_LIBRARY_PATH" \
	/home/server/RISCV/cva6/tools/spike/bin/spike --steps=2000000  --log-commits --isa=rv64gc_zba_zbb_zbs_zbc_zicsr_zifencei --priv=msu -l /home/server/RISCV/cva6/verif/sim/out/seed_1479/directed_asm_tests/new_seeds_1479_.o
[SPIKE] Max simulation steps: 2000000
[SPIKE] Proc 0 | ISA: rv64gc_zba_zbb_zbs_zbc_zicsr_zifencei PRIV: msu
[SPIKE] Initializing memories...
core   0: 0x0000000000010000 (0x00100413) li      s0, 1
core   0: 3 0x0000000000010000 (0x00100413) x8  0x0000000000000001
core   0: 0x0000000000010004 (0x01f41413) slli    s0, s0, 31
core   0: 3 0x0000000000010004 (0x01f41413) x8  0x0000000080000000
core   0: 0x0000000000010008 (0xf1402573) csrrs   a0, mhartid, zero
core   0: 3 0x0000000000010008 (0xf1402573) x10 0x0000000000000000
core   0: 0x000000000001000c (0x00000597) auipc   a1, 0x0
core   0: 3 0x000000000001000c (0x00000597) x11 0x000000000001000c
core   0: 0x0000000000010010 (0x07458593) addi    a1, a1, 116
core   0: 3 0x0000000000010010 (0x07458593) x11 0x0000000000010080
core   0: 0x0000000000010014 (0x00040067) jr      s0
core   0: 3 0x0000000000010014 (0x00040067)
core   0: >>>>  _start
core   0: 0x0000000080000000 (0x00004081) c.li    ra, 0
core   0: 3 0x0000000080000000 (0x4081) x1  0x0000000000000000
core   0: 0x0000000080000002 (0x00004101) c.li    sp, 0
core   0: 3 0x0000000080000002 (0x4101) x2  0x0000000000000000
core   0: 0x0000000080000004 (0x00004181) c.li    gp, 0
core   0: 3 0x0000000080000004 (0x4181) x3  0x0000000000000000
core   0: 0x0000000080000006 (0x00004201) c.li    tp, 0
core   0: 3 0x0000000080000006 (0x4201) x4  0x0000000000000000
core   0: 0x0000000080000008 (0x00004281) c.li    t0, 0
core   0: 3 0x0000000080000008 (0x4281) x5  0x0000000000000000
core   0: 0x000000008000000a (0x00004301) c.li    t1, 0
core   0: 3 0x000000008000000a (0x4301) x6  0x0000000000000000
core   0: 0x000000008000000c (0x00004381) c.li    t2, 0
core   0: 3 0x000000008000000c (0x4381) x7  0x0000000000000000
core   0: 0x000000008000000e (0x00004401) c.li    s0, 0
core   0: 3 0x000000008000000e (0x4401) x8  0x0000000000000000
core   0: 0x0000000080000010 (0x00004481) c.li    s1, 0
core   0: 3 0x0000000080000010 (0x4481) x9  0x0000000000000000
core   0: 0x0000000080000012 (0x00004501) c.li    a0, 0
core   0: 3 0x0000000080000012 (0x4501) x10 0x0000000000000000
core   0: 0x0000000080000014 (0x00004581) c.li    a1, 0
core   0: 3 0x0000000080000014 (0x4581) x11 0x0000000000000000
core   0: 0x0000000080000016 (0x00004601) c.li    a2, 0
core   0: 3 0x0000000080000016 (0x4601) x12 0x0000000000000000
core   0: 0x0000000080000018 (0x00004681) c.li    a3, 0
core   0: 3 0x0000000080000018 (0x4681) x13 0x0000000000000000
core   0: 0x000000008000001a (0x00004701) c.li    a4, 0
core   0: 3 0x000000008000001a (0x4701) x14 0x0000000000000000
core   0: 0x000000008000001c (0x00004781) c.li    a5, 0
core   0: 3 0x000000008000001c (0x4781) x15 0x0000000000000000
core   0: 0x000000008000001e (0x00004801) c.li    a6, 0
core   0: 3 0x000000008000001e (0x4801) x16 0x0000000000000000
core   0: 0x0000000080000020 (0x00004881) c.li    a7, 0
core   0: 3 0x0000000080000020 (0x4881) x17 0x0000000000000000
core   0: 0x0000000080000022 (0x00004901) c.li    s2, 0
core   0: 3 0x0000000080000022 (0x4901) x18 0x0000000000000000
core   0: 0x0000000080000024 (0x00004981) c.li    s3, 0
core   0: 3 0x0000000080000024 (0x4981) x19 0x0000000000000000
core   0: 0x0000000080000026 (0x00004a01) c.li    s4, 0
core   0: 3 0x0000000080000026 (0x4a01) x20 0x0000000000000000
core   0: 0x0000000080000028 (0x00004a81) c.li    s5, 0
core   0: 3 0x0000000080000028 (0x4a81) x21 0x0000000000000000
core   0: 0x000000008000002a (0x00004b01) c.li    s6, 0
core   0: 3 0x000000008000002a (0x4b01) x22 0x0000000000000000
core   0: 0x000000008000002c (0x00004b81) c.li    s7, 0
core   0: 3 0x000000008000002c (0x4b81) x23 0x0000000000000000
core   0: 0x000000008000002e (0x00004c01) c.li    s8, 0
core   0: 3 0x000000008000002e (0x4c01) x24 0x0000000000000000
core   0: 0x0000000080000030 (0x00004c81) c.li    s9, 0
core   0: 3 0x0000000080000030 (0x4c81) x25 0x0000000000000000
core   0: 0x0000000080000032 (0x00004d01) c.li    s10, 0
core   0: 3 0x0000000080000032 (0x4d01) x26 0x0000000000000000
core   0: 0x0000000080000034 (0x00004d81) c.li    s11, 0
core   0: 3 0x0000000080000034 (0x4d81) x27 0x0000000000000000
core   0: 0x0000000080000036 (0x00004e01) c.li    t3, 0
core   0: 3 0x0000000080000036 (0x4e01) x28 0x0000000000000000
core   0: 0x0000000080000038 (0x00004e81) c.li    t4, 0
core   0: 3 0x0000000080000038 (0x4e81) x29 0x0000000000000000
core   0: 0x000000008000003a (0x00004f01) c.li    t5, 0
core   0: 3 0x000000008000003a (0x4f01) x30 0x0000000000000000
core   0: 0x000000008000003c (0x00004f81) c.li    t6, 0
core   0: 3 0x000000008000003c (0x4f81) x31 0x0000000000000000
core   0: 0x000000008000003e (0x000062f9) c.lui   t0, 0x1e
core   0: 3 0x000000008000003e (0x62f9) x5  0x000000000001e000
core   0: 0x0000000080000040 (0x3002a073) csrrs   zero, mstatus, t0
core   0: 3 0x0000000080000040 (0x3002a073) c768_mstatus 0x8000000a00006000
core   0: 0x0000000080000044 (0x00004285) c.li    t0, 1
core   0: 3 0x0000000080000044 (0x4285) x5  0x0000000000000001
core   0: 0x0000000080000046 (0x000002fe) c.slli  t0, 31
core   0: 3 0x0000000080000046 (0x02fe) x5  0x0000000080000000
core   0: 0x0000000080000048 (0x0002d863) bge     t0, zero, pc + 16
core   0: 3 0x0000000080000048 (0x0002d863)
core   0: 0x0000000080000058 (0x00000297) auipc   t0, 0x0
core   0: 3 0x0000000080000058 (0x00000297) x5  0x0000000080000058
core   0: 0x000000008000005c (0x09028293) addi    t0, t0, 144
core   0: 3 0x000000008000005c (0x09028293) x5  0x00000000800000e8
core   0: 0x0000000080000060 (0x30529073) csrrw   zero, mtvec, t0
core   0: 3 0x0000000080000060 (0x30529073) c773_mtvec 0x00000000800000e8
core   0: 0x0000000080000064 (0x00301073) csrrw   zero, fcsr, zero
core   0: 3 0x0000000080000064 (0x00301073) c1_fflags 0x0000000000000000 c2_frm 0x0000000000000000
core   0: 0x0000000080000068 (0xf0000053) fmv.w.x ft0, zero
core   0: 3 0x0000000080000068 (0xf0000053) f0  0xffffffff00000000
core   0: 0x000000008000006c (0xf00000d3) fmv.w.x ft1, zero
core   0: 3 0x000000008000006c (0xf00000d3) f1  0xffffffff00000000
core   0: 0x0000000080000070 (0xf0000153) fmv.w.x ft2, zero
core   0: 3 0x0000000080000070 (0xf0000153) f2  0xffffffff00000000
core   0: 0x0000000080000074 (0xf00001d3) fmv.w.x ft3, zero
core   0: 3 0x0000000080000074 (0xf00001d3) f3  0xffffffff00000000
core   0: 0x0000000080000078 (0xf0000253) fmv.w.x ft4, zero
core   0: 3 0x0000000080000078 (0xf0000253) f4  0xffffffff00000000
core   0: 0x000000008000007c (0xf00002d3) fmv.w.x ft5, zero
core   0: 3 0x000000008000007c (0xf00002d3) f5  0xffffffff00000000
core   0: 0x0000000080000080 (0xf0000353) fmv.w.x ft6, zero
core   0: 3 0x0000000080000080 (0xf0000353) f6  0xffffffff00000000
core   0: 0x0000000080000084 (0xf00003d3) fmv.w.x ft7, zero
core   0: 3 0x0000000080000084 (0xf00003d3) f7  0xffffffff00000000
core   0: 0x0000000080000088 (0xf0000453) fmv.w.x fs0, zero
core   0: 3 0x0000000080000088 (0xf0000453) f8  0xffffffff00000000
core   0: 0x000000008000008c (0xf00004d3) fmv.w.x fs1, zero
core   0: 3 0x000000008000008c (0xf00004d3) f9  0xffffffff00000000
core   0: 0x0000000080000090 (0xf0000553) fmv.w.x fa0, zero
core   0: 3 0x0000000080000090 (0xf0000553) f10 0xffffffff00000000
core   0: 0x0000000080000094 (0xf00005d3) fmv.w.x fa1, zero
core   0: 3 0x0000000080000094 (0xf00005d3) f11 0xffffffff00000000
core   0: 0x0000000080000098 (0xf0000653) fmv.w.x fa2, zero
core   0: 3 0x0000000080000098 (0xf0000653) f12 0xffffffff00000000
core   0: 0x000000008000009c (0xf00006d3) fmv.w.x fa3, zero
core   0: 3 0x000000008000009c (0xf00006d3) f13 0xffffffff00000000
core   0: 0x00000000800000a0 (0xf0000753) fmv.w.x fa4, zero
core   0: 3 0x00000000800000a0 (0xf0000753) f14 0xffffffff00000000
core   0: 0x00000000800000a4 (0xf00007d3) fmv.w.x fa5, zero
core   0: 3 0x00000000800000a4 (0xf00007d3) f15 0xffffffff00000000
core   0: 0x00000000800000a8 (0xf0000853) fmv.w.x fa6, zero
core   0: 3 0x00000000800000a8 (0xf0000853) f16 0xffffffff00000000
core   0: 0x00000000800000ac (0xf00008d3) fmv.w.x fa7, zero
core   0: 3 0x00000000800000ac (0xf00008d3) f17 0xffffffff00000000
core   0: 0x00000000800000b0 (0xf0000953) fmv.w.x fs2, zero
core   0: 3 0x00000000800000b0 (0xf0000953) f18 0xffffffff00000000
core   0: 0x00000000800000b4 (0xf00009d3) fmv.w.x fs3, zero
core   0: 3 0x00000000800000b4 (0xf00009d3) f19 0xffffffff00000000
core   0: 0x00000000800000b8 (0xf0000a53) fmv.w.x fs4, zero
core   0: 3 0x00000000800000b8 (0xf0000a53) f20 0xffffffff00000000
core   0: 0x00000000800000bc (0xf0000ad3) fmv.w.x fs5, zero
core   0: 3 0x00000000800000bc (0xf0000ad3) f21 0xffffffff00000000
core   0: 0x00000000800000c0 (0xf0000b53) fmv.w.x fs6, zero
core   0: 3 0x00000000800000c0 (0xf0000b53) f22 0xffffffff00000000
core   0: 0x00000000800000c4 (0xf0000bd3) fmv.w.x fs7, zero
core   0: 3 0x00000000800000c4 (0xf0000bd3) f23 0xffffffff00000000
core   0: 0x00000000800000c8 (0xf0000c53) fmv.w.x fs8, zero
core   0: 3 0x00000000800000c8 (0xf0000c53) f24 0xffffffff00000000
core   0: 0x00000000800000cc (0xf0000cd3) fmv.w.x fs9, zero
core   0: 3 0x00000000800000cc (0xf0000cd3) f25 0xffffffff00000000
core   0: 0x00000000800000d0 (0xf0000d53) fmv.w.x fs10, zero
core   0: 3 0x00000000800000d0 (0xf0000d53) f26 0xffffffff00000000
core   0: 0x00000000800000d4 (0xf0000dd3) fmv.w.x fs11, zero
core   0: 3 0x00000000800000d4 (0xf0000dd3) f27 0xffffffff00000000
core   0: 0x00000000800000d8 (0xf0000e53) fmv.w.x ft8, zero
core   0: 3 0x00000000800000d8 (0xf0000e53) f28 0xffffffff00000000
core   0: 0x00000000800000dc (0xf0000ed3) fmv.w.x ft9, zero
core   0: 3 0x00000000800000dc (0xf0000ed3) f29 0xffffffff00000000
core   0: 0x00000000800000e0 (0xf0000f53) fmv.w.x ft10, zero
core   0: 3 0x00000000800000e0 (0xf0000f53) f30 0xffffffff00000000
core   0: 0x00000000800000e4 (0xf0000fd3) fmv.w.x ft11, zero
core   0: 3 0x00000000800000e4 (0xf0000fd3) f31 0xffffffff00000000
core   0: 0x00000000800000e8 (0x00000297) auipc   t0, 0x0
core   0: 3 0x00000000800000e8 (0x00000297) x5  0x00000000800000e8
core   0: 0x00000000800000ec (0x03c28293) addi    t0, t0, 60
core   0: 3 0x00000000800000ec (0x03c28293) x5  0x0000000080000124
core   0: 0x00000000800000f0 (0x30529073) csrrw   zero, mtvec, t0
core   0: 3 0x00000000800000f0 (0x30529073) c773_mtvec 0x0000000080000124
core   0: 0x00000000800000f4 (0x00012197) auipc   gp, 0x12
core   0: 3 0x00000000800000f4 (0x00012197) x3  0x00000000800120f4
core   0: 0x00000000800000f8 (0x73418193) addi    gp, gp, 1844
core   0: 3 0x00000000800000f8 (0x73418193) x3  0x0000000080012828
core   0: 0x00000000800000fc (0x00012217) auipc   tp, 0x12
core   0: 3 0x00000000800000fc (0x00012217) x4  0x00000000800120fc
core   0: 0x0000000080000100 (0xf8320213) addi    tp, tp, -125
core   0: 3 0x0000000080000100 (0xf8320213) x4  0x000000008001207f
core   0: 0x0000000080000104 (0xfc027213) andi    tp, tp, -64
core   0: 3 0x0000000080000104 (0xfc027213) x4  0x0000000080012040
core   0: 0x0000000080000108 (0xf1402573) csrrs   a0, mhartid, zero
core   0: 3 0x0000000080000108 (0xf1402573) x10 0x0000000000000000
core   0: 0x000000008000010c (0x00004585) c.li    a1, 1
core   0: 3 0x000000008000010c (0x4585) x11 0x0000000000000001
core   0: 0x000000008000010e (0x00b57063) bgeu    a0, a1, pc + 0
core   0: 3 0x000000008000010e (0x00b57063)
core   0: 0x0000000080000112 (0x00150113) addi    sp, a0, 1
core   0: 3 0x0000000080000112 (0x00150113) x2  0x0000000000000001
core   0: 0x0000000080000116 (0x00000146) c.slli  sp, 17
core   0: 3 0x0000000080000116 (0x0146) x2  0x0000000000020000
core   0: 0x0000000080000118 (0x00009112) c.add   sp, tp
core   0: 3 0x0000000080000118 (0x9112) x2  0x0000000080032040
core   0: 0x000000008000011a (0x01151613) slli    a2, a0, 17
core   0: 3 0x000000008000011a (0x01151613) x12 0x0000000000000000
core   0: 0x000000008000011e (0x00009232) c.add   tp, a2
core   0: 3 0x000000008000011e (0x9232) x4  0x0000000080012040
core   0: 0x0000000080000120 (0x43a0f06f) j       pc + 0xf43a
core   0: 3 0x0000000080000120 (0x43a0f06f)
core   0: >>>>  _init
core   0: 0x000000008000f55a (0x00007171) c.addi16sp sp, -176
core   0: 3 0x000000008000f55a (0x7171) x2  0x0000000080031f90
core   0: 0x000000008000f55c (0x0000f506) c.sdsp  ra, 168(sp)
core   0: 3 0x000000008000f55c (0xf506) mem 0x0000000080032038 0x0000000000000000
core   0: 0x000000008000f55e (0x0000f122) c.sdsp  s0, 160(sp)
core   0: 3 0x000000008000f55e (0xf122) mem 0x0000000080032030 0x0000000000000000
core   0: 0x000000008000f560 (0x0000ed26) c.sdsp  s1, 152(sp)
core   0: 3 0x000000008000f560 (0xed26) mem 0x0000000080032028 0x0000000000000000
core   0: 0x000000008000f562 (0x00001900) c.addi4spn s0, sp, 176
core   0: 3 0x000000008000f562 (0x1900) x8  0x0000000080032040
core   0: 0x000000008000f564 (0x000087aa) c.mv    a5, a0
core   0: 3 0x000000008000f564 (0x87aa) x15 0x0000000000000000
core   0: 0x000000008000f566 (0x0000872e) c.mv    a4, a1
core   0: 3 0x000000008000f566 (0x872e) x14 0x0000000000000001
core   0: 0x000000008000f568 (0xf4f42e23) sw      a5, -164(s0)
core   0: 3 0x000000008000f568 (0xf4f42e23) mem 0x0000000080031f9c 0x00000000
core   0: 0x000000008000f56c (0x000087ba) c.mv    a5, a4
core   0: 3 0x000000008000f56c (0x87ba) x15 0x0000000000000001
core   0: 0x000000008000f56e (0xf4f42c23) sw      a5, -168(s0)
core   0: 3 0x000000008000f56e (0xf4f42c23) mem 0x0000000080031f98 0x00000001
core   0: 0x000000008000f572 (0xfe040793) addi    a5, s0, -32
core   0: 3 0x000000008000f572 (0xfe040793) x15 0x0000000080032020
core   0: 0x000000008000f576 (0xf4f43823) sd      a5, -176(s0)
core   0: 3 0x000000008000f576 (0xf4f43823) mem 0x0000000080031f90 0x0000000080032020
core   0: 0x000000008000f57a (0xf5043783) ld      a5, -176(s0)
core   0: 3 0x000000008000f57a (0xf5043783) x15 0x0000000080032020 mem 0x0000000080031f90
core   0: 0x000000008000f57e (0xf8078793) addi    a5, a5, -128
core   0: 3 0x000000008000f57e (0xf8078793) x15 0x0000000080031fa0
core   0: 0x000000008000f582 (0x03f78793) addi    a5, a5, 63
core   0: 3 0x000000008000f582 (0x03f78793) x15 0x0000000080031fdf
core   0: 0x000000008000f586 (0x00008399) c.srli  a5, 6
core   0: 3 0x000000008000f586 (0x8399) x15 0x0000000002000c7f
core   0: 0x000000008000f588 (0x00679493) slli    s1, a5, 6
core   0: 3 0x000000008000f588 (0x00679493) x9  0x0000000080031fc0
core   0: 0x000000008000f58c (0xf65ff0ef) jal     pc - 0x9c
core   0: 3 0x000000008000f58c (0xf65ff0ef) x1  0x000000008000f590
core   0: >>>>  init_tls
core   0: 0x000000008000f4f0 (0x00001101) c.addi  sp, -32
core   0: 3 0x000000008000f4f0 (0x1101) x2  0x0000000080031f70
core   0: 0x000000008000f4f2 (0x0000ec06) c.sdsp  ra, 24(sp)
core   0: 3 0x000000008000f4f2 (0xec06) mem 0x0000000080031f88 0x000000008000f590
core   0: 0x000000008000f4f4 (0x0000e822) c.sdsp  s0, 16(sp)
core   0: 3 0x000000008000f4f4 (0xe822) mem 0x0000000080031f80 0x0000000080032040
core   0: 0x000000008000f4f6 (0x00001000) c.addi4spn s0, sp, 32
core   0: 3 0x000000008000f4f6 (0x1000) x8  0x0000000080031f90
core   0: 0x000000008000f4f8 (0x00003717) auipc   a4, 0x3
core   0: 3 0x000000008000f4f8 (0x00003717) x14 0x00000000800124f8
core   0: 0x000000008000f4fc (0xb3070713) addi    a4, a4, -1232
core   0: 3 0x000000008000f4fc (0xb3070713) x14 0x0000000080012028
core   0: 0x000000008000f500 (0x00003797) auipc   a5, 0x3
core   0: 3 0x000000008000f500 (0x00003797) x15 0x0000000080012500
core   0: 0x000000008000f504 (0xb2878793) addi    a5, a5, -1240
core   0: 3 0x000000008000f504 (0xb2878793) x15 0x0000000080012028
core   0: 0x000000008000f508 (0x40f707b3) sub     a5, a4, a5
core   0: 3 0x000000008000f508 (0x40f707b3) x15 0x0000000000000000
core   0: 0x000000008000f50c (0xfef43423) sd      a5, -24(s0)
core   0: 3 0x000000008000f50c (0xfef43423) mem 0x0000000080031f78 0x0000000000000000
core   0: 0x000000008000f510 (0x00008792) c.mv    a5, tp
core   0: 3 0x000000008000f510 (0x8792) x15 0x0000000080012040
core   0: 0x000000008000f512 (0xfe843603) ld      a2, -24(s0)
core   0: 3 0x000000008000f512 (0xfe843603) x12 0x0000000000000000 mem 0x0000000080031f78
core   0: 0x000000008000f516 (0x00003597) auipc   a1, 0x3
core   0: 3 0x000000008000f516 (0x00003597) x11 0x0000000080012516
core   0: 0x000000008000f51a (0xb1258593) addi    a1, a1, -1262
core   0: 3 0x000000008000f51a (0xb1258593) x11 0x0000000080012028
core   0: 0x000000008000f51e (0x0000853e) c.mv    a0, a5
core   0: 3 0x000000008000f51e (0x853e) x10 0x0000000080012040
core   0: 0x000000008000f520 (0x0f9000ef) jal     pc + 0x8f8
core   0: 3 0x000000008000f520 (0x0f9000ef) x1  0x000000008000f524
core   0: >>>>  memcpy
core   0: 0x000000008000fe18 (0x0000715d) c.addi16sp sp, -80
core   0: 3 0x000000008000fe18 (0x715d) x2  0x0000000080031f20
core   0: 0x000000008000fe1a (0x0000e4a2) c.sdsp  s0, 72(sp)
core   0: 3 0x000000008000fe1a (0xe4a2) mem 0x0000000080031f68 0x0000000080031f90
core   0: 0x000000008000fe1c (0x00000880) c.addi4spn s0, sp, 80
core   0: 3 0x000000008000fe1c (0x0880) x8  0x0000000080031f70
core   0: 0x000000008000fe1e (0xfca43423) sd      a0, -56(s0)
core   0: 3 0x000000008000fe1e (0xfca43423) mem 0x0000000080031f38 0x0000000080012040
core   0: 0x000000008000fe22 (0xfcb43023) sd      a1, -64(s0)
core   0: 3 0x000000008000fe22 (0xfcb43023) mem 0x0000000080031f30 0x0000000080012028
core   0: 0x000000008000fe26 (0xfac43c23) sd      a2, -72(s0)
core   0: 3 0x000000008000fe26 (0xfac43c23) mem 0x0000000080031f28 0x0000000000000000
core   0: 0x000000008000fe2a (0xfc843703) ld      a4, -56(s0)
core   0: 3 0x000000008000fe2a (0xfc843703) x14 0x0000000080012040 mem 0x0000000080031f38
core   0: 0x000000008000fe2e (0xfc043783) ld      a5, -64(s0)
core   0: 3 0x000000008000fe2e (0xfc043783) x15 0x0000000080012028 mem 0x0000000080031f30
core   0: 0x000000008000fe32 (0x00008f5d) c.or    a4, a5
core   0: 3 0x000000008000fe32 (0x8f5d) x14 0x0000000080012068
core   0: 0x000000008000fe34 (0xfb843783) ld      a5, -72(s0)
core   0: 3 0x000000008000fe34 (0xfb843783) x15 0x0000000000000000 mem 0x0000000080031f28
core   0: 0x000000008000fe38 (0x00008fd9) c.or    a5, a4
core   0: 3 0x000000008000fe38 (0x8fd9) x15 0x0000000080012068
core   0: 0x000000008000fe3a (0x00008b9d) c.andi  a5, 7
core   0: 3 0x000000008000fe3a (0x8b9d) x15 0x0000000000000000
core   0: 0x000000008000fe3c (0x0000e3b1) c.bnez  a5, pc + 68
core   0: 3 0x000000008000fe3c (0xe3b1)
core   0: 0x000000008000fe3e (0xfc043783) ld      a5, -64(s0)
core   0: 3 0x000000008000fe3e (0xfc043783) x15 0x0000000080012028 mem 0x0000000080031f30
core   0: 0x000000008000fe42 (0xfef43423) sd      a5, -24(s0)
core   0: 3 0x000000008000fe42 (0xfef43423) mem 0x0000000080031f58 0x0000000080012028
core   0: 0x000000008000fe46 (0xfc843783) ld      a5, -56(s0)
core   0: 3 0x000000008000fe46 (0xfc843783) x15 0x0000000080012040 mem 0x0000000080031f38
core   0: 0x000000008000fe4a (0xfef43023) sd      a5, -32(s0)
core   0: 3 0x000000008000fe4a (0xfef43023) mem 0x0000000080031f50 0x0000000080012040
core   0: 0x000000008000fe4e (0x0000a839) c.j     pc + 30
core   0: 3 0x000000008000fe4e (0xa839)
core   0: 0x000000008000fe6c (0xfc843703) ld      a4, -56(s0)
core   0: 3 0x000000008000fe6c (0xfc843703) x14 0x0000000080012040 mem 0x0000000080031f38
core   0: 0x000000008000fe70 (0xfb843783) ld      a5, -72(s0)
core   0: 3 0x000000008000fe70 (0xfb843783) x15 0x0000000000000000 mem 0x0000000080031f28
core   0: 0x000000008000fe74 (0x000097ba) c.add   a5, a4
core   0: 3 0x000000008000fe74 (0x97ba) x15 0x0000000080012040
core   0: 0x000000008000fe76 (0xfe043703) ld      a4, -32(s0)
core   0: 3 0x000000008000fe76 (0xfe043703) x14 0x0000000080012040 mem 0x0000000080031f50
core   0: 0x000000008000fe7a (0xfcf76be3) bltu    a4, a5, pc - 42
core   0: 3 0x000000008000fe7a (0xfcf76be3)
core   0: 0x000000008000fe7e (0x0000a099) c.j     pc + 70
core   0: 3 0x000000008000fe7e (0xa099)
core   0: 0x000000008000fec4 (0xfc843783) ld      a5, -56(s0)
core   0: 3 0x000000008000fec4 (0xfc843783) x15 0x0000000080012040 mem 0x0000000080031f38
core   0: 0x000000008000fec8 (0x0000853e) c.mv    a0, a5
core   0: 3 0x000000008000fec8 (0x853e) x10 0x0000000080012040
core   0: 0x000000008000feca (0x00006426) c.ldsp  s0, 72(sp)
core   0: 3 0x000000008000feca (0x6426) x8  0x0000000080031f90 mem 0x0000000080031f68
core   0: 0x000000008000fecc (0x00006161) c.addi16sp sp, 80
core   0: 3 0x000000008000fecc (0x6161) x2  0x0000000080031f70
core   0: 0x000000008000fece (0x00008082) ret
core   0: 3 0x000000008000fece (0x8082)
core   0: 0x000000008000f524 (0x00003717) auipc   a4, 0x3
core   0: 3 0x000000008000f524 (0x00003717) x14 0x0000000080012524
core   0: 0x000000008000f528 (0xba070713) addi    a4, a4, -1120
core   0: 3 0x000000008000f528 (0xba070713) x14 0x00000000800120c4
core   0: 0x000000008000f52c (0x00003797) auipc   a5, 0x3
core   0: 3 0x000000008000f52c (0x00003797) x15 0x000000008001252c
core   0: 0x000000008000f530 (0xafc78793) addi    a5, a5, -1284
core   0: 3 0x000000008000f530 (0xafc78793) x15 0x0000000080012028
core   0: 0x000000008000f534 (0x40f707b3) sub     a5, a4, a5
core   0: 3 0x000000008000f534 (0x40f707b3) x15 0x000000000000009c
core   0: 0x000000008000f538 (0xfef43023) sd      a5, -32(s0)
core   0: 3 0x000000008000f538 (0xfef43023) mem 0x0000000080031f70 0x000000000000009c
core   0: 0x000000008000f53c (0x00008712) c.mv    a4, tp
core   0: 3 0x000000008000f53c (0x8712) x14 0x0000000080012040
core   0: 0x000000008000f53e (0xfe843783) ld      a5, -24(s0)
core   0: 3 0x000000008000f53e (0xfe843783) x15 0x0000000000000000 mem 0x0000000080031f78
core   0: 0x000000008000f542 (0x000097ba) c.add   a5, a4
core   0: 3 0x000000008000f542 (0x97ba) x15 0x0000000080012040
core   0: 0x000000008000f544 (0xfe043603) ld      a2, -32(s0)
core   0: 3 0x000000008000f544 (0xfe043603) x12 0x000000000000009c mem 0x0000000080031f70
core   0: 0x000000008000f548 (0x00004581) c.li    a1, 0
core   0: 3 0x000000008000f548 (0x4581) x11 0x0000000000000000
core   0: 0x000000008000f54a (0x0000853e) c.mv    a0, a5
core   0: 3 0x000000008000f54a (0x853e) x10 0x0000000080012040
core   0: 0x000000008000f54c (0x185000ef) jal     pc + 0x984
core   0: 3 0x000000008000f54c (0x185000ef) x1  0x000000008000f550
core   0: >>>>  memset
core   0: 0x000000008000fed0 (0x0000715d) c.addi16sp sp, -80
core   0: 3 0x000000008000fed0 (0x715d) x2  0x0000000080031f20
core   0: 0x000000008000fed2 (0x0000e4a2) c.sdsp  s0, 72(sp)
core   0: 3 0x000000008000fed2 (0xe4a2) mem 0x0000000080031f68 0x0000000080031f90
core   0: 0x000000008000fed4 (0x00000880) c.addi4spn s0, sp, 80
core   0: 3 0x000000008000fed4 (0x0880) x8  0x0000000080031f70
core   0: 0x000000008000fed6 (0xfca43423) sd      a0, -56(s0)
core   0: 3 0x000000008000fed6 (0xfca43423) mem 0x0000000080031f38 0x0000000080012040
core   0: 0x000000008000feda (0x000087ae) c.mv    a5, a1
core   0: 3 0x000000008000feda (0x87ae) x15 0x0000000000000000
core   0: 0x000000008000fedc (0xfac43c23) sd      a2, -72(s0)
core   0: 3 0x000000008000fedc (0xfac43c23) mem 0x0000000080031f28 0x000000000000009c
core   0: 0x000000008000fee0 (0xfcf42223) sw      a5, -60(s0)
core   0: 3 0x000000008000fee0 (0xfcf42223) mem 0x0000000080031f34 0x00000000
core   0: 0x000000008000fee4 (0xfc843703) ld      a4, -56(s0)
core   0: 3 0x000000008000fee4 (0xfc843703) x14 0x0000000080012040 mem 0x0000000080031f38
core   0: 0x000000008000fee8 (0xfb843783) ld      a5, -72(s0)
core   0: 3 0x000000008000fee8 (0xfb843783) x15 0x000000000000009c mem 0x0000000080031f28
core   0: 0x000000008000feec (0x00008fd9) c.or    a5, a4
core   0: 3 0x000000008000feec (0x8fd9) x15 0x00000000800120dc
core   0: 0x000000008000feee (0x00008b9d) c.andi  a5, 7
core   0: 3 0x000000008000feee (0x8b9d) x15 0x0000000000000004
core   0: 0x000000008000fef0 (0x0000e7bd) c.bnez  a5, pc + 110
core   0: 3 0x000000008000fef0 (0xe7bd)
core   0: 0x000000008000ff5e (0xfc843783) ld      a5, -56(s0)
core   0: 3 0x000000008000ff5e (0xfc843783) x15 0x0000000080012040 mem 0x0000000080031f38
core   0: 0x000000008000ff62 (0xfef43023) sd      a5, -32(s0)
core   0: 3 0x000000008000ff62 (0xfef43023) mem 0x0000000080031f50 0x0000000080012040
core   0: 0x000000008000ff66 (0x0000a829) c.j     pc + 26
core   0: 3 0x000000008000ff66 (0xa829)
core   0: 0x000000008000ff80 (0xfc843703) ld      a4, -56(s0)
core   0: 3 0x000000008000ff80 (0xfc843703) x14 0x0000000080012040 mem 0x0000000080031f38
core   0: 0x000000008000ff84 (0xfb843783) ld      a5, -72(s0)
core   0: 3 0x000000008000ff84 (0xfb843783) x15 0x000000000000009c mem 0x0000000080031f28
core   0: 0x000000008000ff88 (0x000097ba) c.add   a5, a4
core   0: 3 0x000000008000ff88 (0x97ba) x15 0x00000000800120dc
core   0: 0x000000008000ff8a (0xfe043703) ld      a4, -32(s0)
core   0: 3 0x000000008000ff8a (0xfe043703) x14 0x0000000080012040 mem 0x0000000080031f50
core   0: 0x000000008000ff8e (0xfcf76de3) bltu    a4, a5, pc - 38
core   0: 3 0x000000008000ff8e (0xfcf76de3)
core   0: 0x000000008000ff68 (0xfe043783) ld      a5, -32(s0)
core   0: 3 0x000000008000ff68 (0xfe043783) x15 0x0000000080012040 mem 0x0000000080031f50
core   0: 0x000000008000ff6c (0x00178713) addi    a4, a5, 1
core   0: 3 0x000000008000ff6c (0x00178713) x14 0x0000000080012041
core   0: 0x000000008000ff70 (0xfee43023) sd      a4, -32(s0)
core   0: 3 0x000000008000ff70 (0xfee43023) mem 0x0000000080031f50 0x0000000080012041
core   0: 0x000000008000ff74 (0xfc442703) lw      a4, -60(s0)
core   0: 3 0x000000008000ff74 (0xfc442703) x14 0x0000000000000000 mem 0x0000000080031f34
core   0: 0x000000008000ff78 (0x0ff77713) andi    a4, a4, 255
core   0: 3 0x000000008000ff78 (0x0ff77713) x14 0x0000000000000000
core   0: 0x000000008000ff7c (0x00e78023) sb      a4, 0(a5)
core   0: 3 0x000000008000ff7c (0x00e78023) mem 0x0000000080012040 0x00
core   0: 0x000000008000ff80 (0xfc843703) ld      a4, -56(s0)
core   0: 3 0x000000008000ff80 (0xfc843703) x14 0x0000000080012040 mem 0x0000000080031f38
core   0: 0x000000008000ff84 (0xfb843783) ld      a5, -72(s0)
core   0: 3 0x000000008000ff84 (0xfb843783) x15 0x000000000000009c mem 0x0000000080031f28
core   0: 0x000000008000ff88 (0x000097ba) c.add   a5, a4
core   0: 3 0x000000008000ff88 (0x97ba) x15 0x00000000800120dc
core   0: 0x000000008000ff8a (0xfe043703) ld      a4, -32(s0)
core   0: 3 0x000000008000ff8a (0xfe043703) x14 0x0000000080012041 mem 0x0000000080031f50
core   0: 0x000000008000ff8e (0xfcf76de3) bltu    a4, a5, pc - 38
core   0: 3 0x000000008000ff8e (0xfcf76de3)
core   0: 0x000000008000ff68 (0xfe043783) ld      a5, -32(s0)
core   0: 3 0x000000008000ff68 (0xfe043783) x15 0x0000000080012041 mem 0x0000000080031f50
core   0: 0x000000008000ff6c (0x00178713) addi    a4, a5, 1
core   0: 3 0x000000008000ff6c (0x00178713) x14 0x0000000080012042
core   0: 0x000000008000ff70 (0xfee43023) sd      a4, -32(s0)
core   0: 3 0x000000008000ff70 (0xfee43023) mem 0x0000000080031f50 0x0000000080012042
core   0: 0x000000008000ff74 (0xfc442703) lw      a4, -60(s0)
core   0: 3 0x000000008000ff74 (0xfc442703) x14 0x0000000000000000 mem 0x0000000080031f34
core   0: 0x000000008000ff78 (0x0ff77713) andi    a4, a4, 255
core   0: 3 0x000000008000ff78 (0x0ff77713) x14 0x0000000000000000
core   0: 0x000000008000ff7c (0x00e78023) sb      a4, 0(a5)
core   0: 3 0x000000008000ff7c (0x00e78023) mem 0x0000000080012041 0x00
core   0: 0x000000008000ff80 (0xfc843703) ld      a4, -56(s0)
core   0: 3 0x000000008000ff80 (0xfc843703) x14 0x0000000080012040 mem 0x0000000080031f38
core   0: 0x000000008000ff84 (0xfb843783) ld      a5, -72(s0)
core   0: 3 0x000000008000ff84 (0xfb843783) x15 0x000000000000009c mem 0x0000000080031f28
core   0: 0x000000008000ff88 (0x000097ba) c.add   a5, a4
core   0: 3 0x000000008000ff88 (0x97ba) x15 0x00000000800120dc
core   0: 0x000000008000ff8a (0xfe043703) ld      a4, -32(s0)
core   0: 3 0x000000008000ff8a (0xfe043703) x14 0x0000000080012042 mem 0x0000000080031f50
core   0: 0x000000008000ff8e (0xfcf76de3) bltu    a4, a5, pc - 38
core   0: 3 0x000000008000ff8e (0xfcf76de3)
core   0: 0x000000008000ff68 (0xfe043783) ld      a5, -32(s0)
core   0: 3 0x000000008000ff68 (0xfe043783) x15 0x0000000080012042 mem 0x0000000080031f50
core   0: 0x000000008000ff6c (0x00178713) addi    a4, a5, 1
core   0: 3 0x000000008000ff6c (0x00178713) x14 0x0000000080012043
core   0: 0x000000008000ff70 (0xfee43023) sd      a4, -32(s0)
core   0: 3 0x000000008000ff70 (0xfee43023) mem 0x0000000080031f50 0x0000000080012043
core   0: 0x000000008000ff74 (0xfc442703) lw      a4, -60(s0)
core   0: 3 0x000000008000ff74 (0xfc442703) x14 0x0000000000000000 mem 0x0000000080031f34
core   0: 0x000000008000ff78 (0x0ff77713) andi    a4, a4, 255
core   0: 3 0x000000008000ff78 (0x0ff77713) x14 0x0000000000000000
core   0: 0x000000008000ff7c (0x00e78023) sb      a4, 0(a5)
core   0: 3 0x000000008000ff7c (0x00e78023) mem 0x0000000080012042 0x00
core   0: 0x000000008000ff80 (0xfc843703) ld      a4, -56(s0)
core   0: 3 0x000000008000ff80 (0xfc843703) x14 0x0000000080012040 mem 0x0000000080031f38
core   0: 0x000000008000ff84 (0xfb843783) ld      a5, -72(s0)
core   0: 3 0x000000008000ff84 (0xfb843783) x15 0x000000000000009c mem 0x0000000080031f28
core   0: 0x000000008000ff88 (0x000097ba) c.add   a5, a4
core   0: 3 0x000000008000ff88 (0x97ba) x15 0x00000000800120dc
core   0: 0x000000008000ff8a (0xfe043703) ld      a4, -32(s0)
core   0: 3 0x000000008000ff8a (0xfe043703) x14 0x0000000080012043 mem 0x0000000080031f50
core   0: 0x000000008000ff8e (0xfcf76de3) bltu    a4, a5, pc - 38
core   0: 3 0x000000008000ff8e (0xfcf76de3)
core   0: 0x000000008000ff68 (0xfe043783) ld      a5, -32(s0)
core   0: 3 0x000000008000ff68 (0xfe043783) x15 0x0000000080012043 mem 0x0000000080031f50
core   0: 0x000000008000ff6c (0x00178713) addi    a4, a5, 1
core   0: 3 0x000000008000ff6c (0x00178713) x14 0x0000000080012044
core   0: 0x000000008000ff70 (0xfee43023) sd      a4, -32(s0)
core   0: 3 0x000000008000ff70 (0xfee43023) mem 0x0000000080031f50 0x0000000080012044
core   0: 0x000000008000ff74 (0xfc442703) lw      a4, -60(s0)
core   0: 3 0x000000008000ff74 (0xfc442703) x14 0x0000000000000000 mem 0x0000000080031f34
core   0: 0x000000008000ff78 (0x0ff77713) andi    a4, a4, 255
core   0: 3 0x000000008000ff78 (0x0ff77713) x14 0x0000000000000000
core   0: 0x000000008000ff7c (0x00e78023) sb      a4, 0(a5)
core   0: 3 0x000000008000ff7c (0x00e78023) mem 0x0000000080012043 0x00
core   0: 0x000000008000ff80 (0xfc843703) ld      a4, -56(s0)
core   0: 3 0x000000008000ff80 (0xfc843703) x14 0x0000000080012040 mem 0x0000000080031f38
core   0: 0x000000008000ff84 (0xfb843783) ld      a5, -72(s0)
core   0: 3 0x000000008000ff84 (0xfb843783) x15 0x000000000000009c mem 0x0000000080031f28
core   0: 0x000000008000ff88 (0x000097ba) c.add   a5, a4
core   0: 3 0x000000008000ff88 (0x97ba) x15 0x00000000800120dc
core   0: 0x000000008000ff8a (0xfe043703) ld      a4, -32(s0)
core   0: 3 0x000000008000ff8a (0xfe043703) x14 0x0000000080012044 mem 0x0000000080031f50
core   0: 0x000000008000ff8e (0xfcf76de3) bltu    a4, a5, pc - 38
core   0: 3 0x000000008000ff8e (0xfcf76de3)
core   0: 0x000000008000ff68 (0xfe043783) ld      a5, -32(s0)
core   0: 3 0x000000008000ff68 (0xfe043783) x15 0x0000000080012044 mem 0x0000000080031f50
core   0: 0x000000008000ff6c (0x00178713) addi    a4, a5, 1
core   0: 3 0x000000008000ff6c (0x00178713) x14 0x0000000080012045
core   0: 0x000000008000ff70 (0xfee43023) sd      a4, -32(s0)
core   0: 3 0x000000008000ff70 (0xfee43023) mem 0x0000000080031f50 0x0000000080012045
core   0: 0x000000008000ff74 (0xfc442703) lw      a4, -60(s0)
core   0: 3 0x000000008000ff74 (0xfc442703) x14 0x0000000000000000 mem 0x0000000080031f34
core   0: 0x000000008000ff78 (0x0ff77713) andi    a4, a4, 255
core   0: 3 0x000000008000ff78 (0x0ff77713) x14 0x0000000000000000
core   0: 0x000000008000ff7c (0x00e78023) sb      a4, 0(a5)
core   0: 3 0x000000008000ff7c (0x00e78023) mem 0x0000000080012044 0x00
core   0: 0x000000008000ff80 (0xfc843703) ld      a4, -56(s0)
core   0: 3 0x000000008000ff80 (0xfc843703) x14 0x0000000080012040 mem 0x0000000080031f38
core   0: 0x000000008000ff84 (0xfb843783) ld      a5, -72(s0)
core   0: 3 0x000000008000ff84 (0xfb843783) x15 0x000000000000009c mem 0x0000000080031f28
core   0: 0x000000008000ff88 (0x000097ba) c.add   a5, a4
core   0: 3 0x000000008000ff88 (0x97ba) x15 0x00000000800120dc
core   0: 0x000000008000ff8a (0xfe043703) ld      a4, -32(s0)
core   0: 3 0x000000008000ff8a (0xfe043703) x14 0x0000000080012045 mem 0x0000000080031f50
core   0: 0x000000008000ff8e (0xfcf76de3) bltu    a4, a5, pc - 38
core   0: 3 0x000000008000ff8e (0xfcf76de3)
core   0: 0x000000008000ff68 (0xfe043783) ld      a5, -32(s0)
core   0: 3 0x000000008000ff68 (0xfe043783) x15 0x0000000080012045 mem 0x0000000080031f50
core   0: 0x000000008000ff6c (0x00178713) addi    a4, a5, 1
core   0: 3 0x000000008000ff6c (0x00178713) x14 0x0000000080012046
core   0: 0x000000008000ff70 (0xfee43023) sd      a4, -32(s0)
core   0: 3 0x000000008000ff70 (0xfee43023) mem 0x0000000080031f50 0x0000000080012046
core   0: 0x000000008000ff74 (0xfc442703) lw      a4, -60(s0)
core   0: 3 0x000000008000ff74 (0xfc442703) x14 0x0000000000000000 mem 0x0000000080031f34
core   0: 0x000000008000ff78 (0x0ff77713) andi    a4, a4, 255
core   0: 3 0x000000008000ff78 (0x0ff77713) x14 0x0000000000000000
core   0: 0x000000008000ff7c (0x00e78023) sb      a4, 0(a5)
core   0: 3 0x000000008000ff7c (0x00e78023) mem 0x0000000080012045 0x00
core   0: 0x000000008000ff80 (0xfc843703) ld      a4, -56(s0)
core   0: 3 0x000000008000ff80 (0xfc843703) x14 0x0000000080012040 mem 0x0000000080031f38
core   0: 0x000000008000ff84 (0xfb843783) ld      a5, -72(s0)
core   0: 3 0x000000008000ff84 (0xfb843783) x15 0x000000000000009c mem 0x0000000080031f28
core   0: 0x000000008000ff88 (0x000097ba) c.add   a5, a4
core   0: 3 0x000000008000ff88 (0x97ba) x15 0x00000000800120dc
core   0: 0x000000008000ff8a (0xfe043703) ld      a4, -32(s0)
core   0: 3 0x000000008000ff8a (0xfe043703) x14 0x0000000080012046 mem 0x0000000080031f50
core   0: 0x000000008000ff8e (0xfcf76de3) bltu    a4, a5, pc - 38
core   0: 3 0x000000008000ff8e (0xfcf76de3)
core   0: 0x000000008000ff68 (0xfe043783) ld      a5, -32(s0)
core   0: 3 0x000000008000ff68 (0xfe043783) x15 0x0000000080012046 mem 0x0000000080031f50
core   0: 0x000000008000ff6c (0x00178713) addi    a4, a5, 1
core   0: 3 0x000000008000ff6c (0x00178713) x14 0x0000000080012047
core   0: 0x000000008000ff70 (0xfee43023) sd      a4, -32(s0)
core   0: 3 0x000000008000ff70 (0xfee43023) mem 0x0000000080031f50 0x0000000080012047
core   0: 0x000000008000ff74 (0xfc442703) lw      a4, -60(s0)
core   0: 3 0x000000008000ff74 (0xfc442703) x14 0x0000000000000000 mem 0x0000000080031f34
core   0: 0x000000008000ff78 (0x0ff77713) andi    a4, a4, 255
core   0: 3 0x000000008000ff78 (0x0ff77713) x14 0x0000000000000000
core   0: 0x000000008000ff7c (0x00e78023) sb      a4, 0(a5)
core   0: 3 0x000000008000ff7c (0x00e78023) mem 0x0000000080012046 0x00
core   0: 0x000000008000ff80 (0xfc843703) ld      a4, -56(s0)
core   0: 3 0x000000008000ff80 (0xfc843703) x14 0x0000000080012040 mem 0x0000000080031f38
core   0: 0x000000008000ff84 (0xfb843783) ld      a5, -72(s0)
core   0: 3 0x000000008000ff84 (0xfb843783) x15 0x000000000000009c mem 0x0000000080031f28
core   0: 0x000000008000ff88 (0x000097ba) c.add   a5, a4
core   0: 3 0x000000008000ff88 (0x97ba) x15 0x00000000800120dc
core   0: 0x000000008000ff8a (0xfe043703) ld      a4, -32(s0)
core   0: 3 0x000000008000ff8a (0xfe043703) x14 0x0000000080012047 mem 0x0000000080031f50
core   0: 0x000000008000ff8e (0xfcf76de3) bltu    a4, a5, pc - 38
core   0: 3 0x000000008000ff8e (0xfcf76de3)
core   0: 0x000000008000ff68 (0xfe043783) ld      a5, -32(s0)
core   0: 3 0x000000008000ff68 (0xfe043783) x15 0x0000000080012047 mem 0x0000000080031f50
core   0: 0x000000008000ff6c (0x00178713) addi    a4, a5, 1
core   0: 3 0x000000008000ff6c (0x00178713) x14 0x0000000080012048
core   0: 0x000000008000ff70 (0xfee43023) sd      a4, -32(s0)
core   0: 3 0x000000008000ff70 (0xfee43023) mem 0x0000000080031f50 0x0000000080012048
core   0: 0x000000008000ff74 (0xfc442703) lw      a4, -60(s0)
core   0: 3 0x000000008000ff74 (0xfc442703) x14 0x0000000000000000 mem 0x0000000080031f34
core   0: 0x000000008000ff78 (0x0ff77713) andi    a4, a4, 255
core   0: 3 0x000000008000ff78 (0x0ff77713) x14 0x0000000000000000
core   0: 0x000000008000ff7c (0x00e78023) sb      a4, 0(a5)
core   0: 3 0x000000008000ff7c (0x00e78023) mem 0x0000000080012047 0x00
core   0: 0x000000008000ff80 (0xfc843703) ld      a4, -56(s0)
core   0: 3 0x000000008000ff80 (0xfc843703) x14 0x0000000080012040 mem 0x0000000080031f38
core   0: 0x000000008000ff84 (0xfb843783) ld      a5, -72(s0)
core   0: 3 0x000000008000ff84 (0xfb843783) x15 0x000000000000009c mem 0x0000000080031f28
core   0: 0x000000008000ff88 (0x000097ba) c.add   a5, a4
core   0: 3 0x000000008000ff88 (0x97ba) x15 0x00000000800120dc
core   0: 0x000000008000ff8a (0xfe043703) ld      a4, -32(s0)
core   0: 3 0x000000008000ff8a (0xfe043703) x14 0x0000000080012048 mem 0x0000000080031f50
core   0: 0x000000008000ff8e (0xfcf76de3) bltu    a4, a5, pc - 38
core   0: 3 0x000000008000ff8e (0xfcf76de3)
core   0: 0x000000008000ff68 (0xfe043783) ld      a5, -32(s0)
core   0: 3 0x000000008000ff68 (0xfe043783) x15 0x0000000080012048 mem 0x0000000080031f50
core   0: 0x000000008000ff6c (0x00178713) addi    a4, a5, 1
core   0: 3 0x000000008000ff6c (0x00178713) x14 0x0000000080012049
core   0: 0x000000008000ff70 (0xfee43023) sd      a4, -32(s0)
core   0: 3 0x000000008000ff70 (0xfee43023) mem 0x0000000080031f50 0x0000000080012049
core   0: 0x000000008000ff74 (0xfc442703) lw      a4, -60(s0)
core   0: 3 0x000000008000ff74 (0xfc442703) x14 0x0000000000000000 mem 0x0000000080031f34
core   0: 0x000000008000ff78 (0x0ff77713) andi    a4, a4, 255
core   0: 3 0x000000008000ff78 (0x0ff77713) x14 0x0000000000000000
core   0: 0x000000008000ff7c (0x00e78023) sb      a4, 0(a5)
core   0: 3 0x000000008000ff7c (0x00e78023) mem 0x0000000080012048 0x00
core   0: 0x000000008000ff80 (0xfc843703) ld      a4, -56(s0)
core   0: 3 0x000000008000ff80 (0xfc843703) x14 0x0000000080012040 mem 0x0000000080031f38
core   0: 0x000000008000ff84 (0xfb843783) ld      a5, -72(s0)
core   0: 3 0x000000008000ff84 (0xfb843783) x15 0x000000000000009c mem 0x0000000080031f28
core   0: 0x000000008000ff88 (0x000097ba) c.add   a5, a4
core   0: 3 0x000000008000ff88 (0x97ba) x15 0x00000000800120dc
core   0: 0x000000008000ff8a (0xfe043703) ld      a4, -32(s0)
core   0: 3 0x000000008000ff8a (0xfe043703) x14 0x0000000080012049 mem 0x0000000080031f50
core   0: 0x000000008000ff8e (0xfcf76de3) bltu    a4, a5, pc - 38
core   0: 3 0x000000008000ff8e (0xfcf76de3)
core   0: 0x000000008000ff68 (0xfe043783) ld      a5, -32(s0)
core   0: 3 0x000000008000ff68 (0xfe043783) x15 0x0000000080012049 mem 0x0000000080031f50
core   0: 0x000000008000ff6c (0x00178713) addi    a4, a5, 1
core   0: 3 0x000000008000ff6c (0x00178713) x14 0x000000008001204a
core   0: 0x000000008000ff70 (0xfee43023) sd      a4, -32(s0)
core   0: 3 0x000000008000ff70 (0xfee43023) mem 0x0000000080031f50 0x000000008001204a
core   0: 0x000000008000ff74 (0xfc442703) lw      a4, -60(s0)
core   0: 3 0x000000008000ff74 (0xfc442703) x14 0x0000000000000000 mem 0x0000000080031f34
core   0: 0x000000008000ff78 (0x0ff77713) andi    a4, a4, 255
core   0: 3 0x000000008000ff78 (0x0ff77713) x14 0x0000000000000000
core   0: 0x000000008000ff7c (0x00e78023) sb      a4, 0(a5)
core   0: 3 0x000000008000ff7c (0x00e78023) mem 0x0000000080012049 0x00
core   0: 0x000000008000ff80 (0xfc843703) ld      a4, -56(s0)
core   0: 3 0x000000008000ff80 (0xfc843703) x14 0x0000000080012040 mem 0x0000000080031f38
core   0: 0x000000008000ff84 (0xfb843783) ld      a5, -72(s0)
core   0: 3 0x000000008000ff84 (0xfb843783) x15 0x000000000000009c mem 0x0000000080031f28
core   0: 0x000000008000ff88 (0x000097ba) c.add   a5, a4
core   0: 3 0x000000008000ff88 (0x97ba) x15 0x00000000800120dc
core   0: 0x000000008000ff8a (0xfe043703) ld      a4, -32(s0)
core   0: 3 0x000000008000ff8a (0xfe043703) x14 0x000000008001204a mem 0x0000000080031f50
core   0: 0x000000008000ff8e (0xfcf76de3) bltu    a4, a5, pc - 38
core   0: 3 0x000000008000ff8e (0xfcf76de3)
core   0: 0x000000008000ff68 (0xfe043783) ld      a5, -32(s0)
core   0: 3 0x000000008000ff68 (0xfe043783) x15 0x000000008001204a mem 0x0000000080031f50
core   0: 0x000000008000ff6c (0x00178713) addi    a4, a5, 1
core   0: 3 0x000000008000ff6c (0x00178713) x14 0x000000008001204b
core   0: 0x000000008000ff70 (0xfee43023) sd      a4, -32(s0)
core   0: 3 0x000000008000ff70 (0xfee43023) mem 0x0000000080031f50 0x000000008001204b
core   0: 0x000000008000ff74 (0xfc442703) lw      a4, -60(s0)
core   0: 3 0x000000008000ff74 (0xfc442703) x14 0x0000000000000000 mem 0x0000000080031f34
core   0: 0x000000008000ff78 (0x0ff77713) andi    a4, a4, 255
core   0: 3 0x000000008000ff78 (0x0ff77713) x14 0x0000000000000000
core   0: 0x000000008000ff7c (0x00e78023) sb      a4, 0(a5)
core   0: 3 0x000000008000ff7c (0x00e78023) mem 0x000000008001204a 0x00
core   0: 0x000000008000ff80 (0xfc843703) ld      a4, -56(s0)
core   0: 3 0x000000008000ff80 (0xfc843703) x14 0x0000000080012040 mem 0x0000000080031f38
core   0: 0x000000008000ff84 (0xfb843783) ld      a5, -72(s0)
core   0: 3 0x000000008000ff84 (0xfb843783) x15 0x000000000000009c mem 0x0000000080031f28
core   0: 0x000000008000ff88 (0x000097ba) c.add   a5, a4
core   0: 3 0x000000008000ff88 (0x97ba) x15 0x00000000800120dc
core   0: 0x000000008000ff8a (0xfe043703) ld      a4, -32(s0)
core   0: 3 0x000000008000ff8a (0xfe043703) x14 0x000000008001204b mem 0x0000000080031f50
core   0: 0x000000008000ff8e (0xfcf76de3) bltu    a4, a5, pc - 38
core   0: 3 0x000000008000ff8e (0xfcf76de3)
core   0: 0x000000008000ff68 (0xfe043783) ld      a5, -32(s0)
core   0: 3 0x000000008000ff68 (0xfe043783) x15 0x000000008001204b mem 0x0000000080031f50
core   0: 0x000000008000ff6c (0x00178713) addi    a4, a5, 1
core   0: 3 0x000000008000ff6c (0x00178713) x14 0x000000008001204c
core   0: 0x000000008000ff70 (0xfee43023) sd      a4, -32(s0)
core   0: 3 0x000000008000ff70 (0xfee43023) mem 0x0000000080031f50 0x000000008001204c
core   0: 0x000000008000ff74 (0xfc442703) lw      a4, -60(s0)
core   0: 3 0x000000008000ff74 (0xfc442703) x14 0x0000000000000000 mem 0x0000000080031f34
core   0: 0x000000008000ff78 (0x0ff77713) andi    a4, a4, 255
core   0: 3 0x000000008000ff78 (0x0ff77713) x14 0x0000000000000000
core   0: 0x000000008000ff7c (0x00e78023) sb      a4, 0(a5)
core   0: 3 0x000000008000ff7c (0x00e78023) mem 0x000000008001204b 0x00
core   0: 0x000000008000ff80 (0xfc843703) ld      a4, -56(s0)
core   0: 3 0x000000008000ff80 (0xfc843703) x14 0x0000000080012040 mem 0x0000000080031f38
core   0: 0x000000008000ff84 (0xfb843783) ld      a5, -72(s0)
core   0: 3 0x000000008000ff84 (0xfb843783) x15 0x000000000000009c mem 0x0000000080031f28
core   0: 0x000000008000ff88 (0x000097ba) c.add   a5, a4
core   0: 3 0x000000008000ff88 (0x97ba) x15 0x00000000800120dc
core   0: 0x000000008000ff8a (0xfe043703) ld      a4, -32(s0)
core   0: 3 0x000000008000ff8a (0xfe043703) x14 0x000000008001204c mem 0x0000000080031f50
core   0: 0x000000008000ff8e (0xfcf76de3) bltu    a4, a5, pc - 38
core   0: 3 0x000000008000ff8e (0xfcf76de3)
core   0: 0x000000008000ff68 (0xfe043783) ld      a5, -32(s0)
core   0: 3 0x000000008000ff68 (0xfe043783) x15 0x000000008001204c mem 0x0000000080031f50
core   0: 0x000000008000ff6c (0x00178713) addi    a4, a5, 1
core   0: 3 0x000000008000ff6c (0x00178713) x14 0x000000008001204d
core   0: 0x000000008000ff70 (0xfee43023) sd      a4, -32(s0)
core   0: 3 0x000000008000ff70 (0xfee43023) mem 0x0000000080031f50 0x000000008001204d
core   0: 0x000000008000ff74 (0xfc442703) lw      a4, -60(s0)
core   0: 3 0x000000008000ff74 (0xfc442703) x14 0x0000000000000000 mem 0x0000000080031f34
core   0: 0x000000008000ff78 (0x0ff77713) andi    a4, a4, 255
core   0: 3 0x000000008000ff78 (0x0ff77713) x14 0x0000000000000000
core   0: 0x000000008000ff7c (0x00e78023) sb      a4, 0(a5)
core   0: 3 0x000000008000ff7c (0x00e78023) mem 0x000000008001204c 0x00
core   0: 0x000000008000ff80 (0xfc843703) ld      a4, -56(s0)
core   0: 3 0x000000008000ff80 (0xfc843703) x14 0x0000000080012040 mem 0x0000000080031f38
core   0: 0x000000008000ff84 (0xfb843783) ld      a5, -72(s0)
core   0: 3 0x000000008000ff84 (0xfb843783) x15 0x000000000000009c mem 0x0000000080031f28
core   0: 0x000000008000ff88 (0x000097ba) c.add   a5, a4
core   0: 3 0x000000008000ff88 (0x97ba) x15 0x00000000800120dc
core   0: 0x000000008000ff8a (0xfe043703) ld      a4, -32(s0)
core   0: 3 0x000000008000ff8a (0xfe043703) x14 0x000000008001204d mem 0x0000000080031f50
core   0: 0x000000008000ff8e (0xfcf76de3) bltu    a4, a5, pc - 38
core   0: 3 0x000000008000ff8e (0xfcf76de3)
core   0: 0x000000008000ff68 (0xfe043783) ld      a5, -32(s0)
core   0: 3 0x000000008000ff68 (0xfe043783) x15 0x000000008001204d mem 0x0000000080031f50
core   0: 0x000000008000ff6c (0x00178713) addi    a4, a5, 1
core   0: 3 0x000000008000ff6c (0x00178713) x14 0x000000008001204e
core   0: 0x000000008000ff70 (0xfee43023) sd      a4, -32(s0)
core   0: 3 0x000000008000ff70 (0xfee43023) mem 0x0000000080031f50 0x000000008001204e
core   0: 0x000000008000ff74 (0xfc442703) lw      a4, -60(s0)
core   0: 3 0x000000008000ff74 (0xfc442703) x14 0x0000000000000000 mem 0x0000000080031f34
core   0: 0x000000008000ff78 (0x0ff77713) andi    a4, a4, 255
core   0: 3 0x000000008000ff78 (0x0ff77713) x14 0x0000000000000000
core   0: 0x000000008000ff7c (0x00e78023) sb      a4, 0(a5)
core   0: 3 0x000000008000ff7c (0x00e78023) mem 0x000000008001204d 0x00
core   0: 0x000000008000ff80 (0xfc843703) ld      a4, -56(s0)
core   0: 3 0x000000008000ff80 (0xfc843703) x14 0x0000000080012040 mem 0x0000000080031f38
core   0: 0x000000008000ff84 (0xfb843783) ld      a5, -72(s0)
core   0: 3 0x000000008000ff84 (0xfb843783) x15 0x000000000000009c mem 0x0000000080031f28
core   0: 0x000000008000ff88 (0x000097ba) c.add   a5, a4
core   0: 3 0x000000008000ff88 (0x97ba) x15 0x00000000800120dc
core   0: 0x000000008000ff8a (0xfe043703) ld      a4, -32(s0)
core   0: 3 0x000000008000ff8a (0xfe043703) x14 0x000000008001204e mem 0x0000000080031f50
core   0: 0x000000008000ff8e (0xfcf76de3) bltu    a4, a5, pc - 38
core   0: 3 0x000000008000ff8e (0xfcf76de3)
core   0: 0x000000008000ff68 (0xfe043783) ld      a5, -32(s0)
core   0: 3 0x000000008000ff68 (0xfe043783) x15 0x000000008001204e mem 0x0000000080031f50
core   0: 0x000000008000ff6c (0x00178713) addi    a4, a5, 1
core   0: 3 0x000000008000ff6c (0x00178713) x14 0x000000008001204f
core   0: 0x000000008000ff70 (0xfee43023) sd      a4, -32(s0)
core   0: 3 0x000000008000ff70 (0xfee43023) mem 0x0000000080031f50 0x000000008001204f
core   0: 0x000000008000ff74 (0xfc442703) lw      a4, -60(s0)
core   0: 3 0x000000008000ff74 (0xfc442703) x14 0x0000000000000000 mem 0x0000000080031f34
core   0: 0x000000008000ff78 (0x0ff77713) andi    a4, a4, 255
core   0: 3 0x000000008000ff78 (0x0ff77713) x14 0x0000000000000000
core   0: 0x000000008000ff7c (0x00e78023) sb      a4, 0(a5)
core   0: 3 0x000000008000ff7c (0x00e78023) mem 0x000000008001204e 0x00
core   0: 0x000000008000ff80 (0xfc843703) ld      a4, -56(s0)
core   0: 3 0x000000008000ff80 (0xfc843703) x14 0x0000000080012040 mem 0x0000000080031f38
core   0: 0x000000008000ff84 (0xfb843783) ld      a5, -72(s0)
core   0: 3 0x000000008000ff84 (0xfb843783) x15 0x000000000000009c mem 0x0000000080031f28
core   0: 0x000000008000ff88 (0x000097ba) c.add   a5, a4
core   0: 3 0x000000008000ff88 (0x97ba) x15 0x00000000800120dc
core   0: 0x000000008000ff8a (0xfe043703) ld      a4, -32(s0)
core   0: 3 0x000000008000ff8a (0xfe043703) x14 0x000000008001204f mem 0x0000000080031f50
core   0: 0x000000008000ff8e (0xfcf76de3) bltu    a4, a5, pc - 38
core   0: 3 0x000000008000ff8e (0xfcf76de3)
core   0: 0x000000008000ff68 (0xfe043783) ld      a5, -32(s0)
core   0: 3 0x000000008000ff68 (0xfe043783) x15 0x000000008001204f mem 0x0000000080031f50
core   0: 0x000000008000ff6c (0x00178713) addi    a4, a5, 1
core   0: 3 0x000000008000ff6c (0x00178713) x14 0x0000000080012050
core   0: 0x000000008000ff70 (0xfee43023) sd      a4, -32(s0)
core   0: 3 0x000000008000ff70 (0xfee43023) mem 0x0000000080031f50 0x0000000080012050
core   0: 0x000000008000ff74 (0xfc442703) lw      a4, -60(s0)
core   0: 3 0x000000008000ff74 (0xfc442703) x14 0x0000000000000000 mem 0x0000000080031f34
core   0: 0x000000008000ff78 (0x0ff77713) andi    a4, a4, 255
core   0: 3 0x000000008000ff78 (0x0ff77713) x14 0x0000000000000000
core   0: 0x000000008000ff7c (0x00e78023) sb      a4, 0(a5)
core   0: 3 0x000000008000ff7c (0x00e78023) mem 0x000000008001204f 0x00
core   0: 0x000000008000ff80 (0xfc843703) ld      a4, -56(s0)
core   0: 3 0x000000008000ff80 (0xfc843703) x14 0x0000000080012040 mem 0x0000000080031f38
core   0: 0x000000008000ff84 (0xfb843783) ld      a5, -72(s0)
core   0: 3 0x000000008000ff84 (0xfb843783) x15 0x000000000000009c mem 0x0000000080031f28
core   0: 0x000000008000ff88 (0x000097ba) c.add   a5, a4
core   0: 3 0x000000008000ff88 (0x97ba) x15 0x00000000800120dc
core   0: 0x000000008000ff8a (0xfe043703) ld      a4, -32(s0)
core   0: 3 0x000000008000ff8a (0xfe043703) x14 0x0000000080012050 mem 0x0000000080031f50
core   0: 0x000000008000ff8e (0xfcf76de3) bltu    a4, a5, pc - 38
core   0: 3 0x000000008000ff8e (0xfcf76de3)
core   0: 0x000000008000ff68 (0xfe043783) ld      a5, -32(s0)
core   0: 3 0x000000008000ff68 (0xfe043783) x15 0x0000000080012050 mem 0x0000000080031f50
core   0: 0x000000008000ff6c (0x00178713) addi    a4, a5, 1
core   0: 3 0x000000008000ff6c (0x00178713) x14 0x0000000080012051
core   0: 0x000000008000ff70 (0xfee43023) sd      a4, -32(s0)
core   0: 3 0x000000008000ff70 (0xfee43023) mem 0x0000000080031f50 0x0000000080012051
core   0: 0x000000008000ff74 (0xfc442703) lw      a4, -60(s0)
core   0: 3 0x000000008000ff74 (0xfc442703) x14 0x0000000000000000 mem 0x0000000080031f34
core   0: 0x000000008000ff78 (0x0ff77713) andi    a4, a4, 255
core   0: 3 0x000000008000ff78 (0x0ff77713) x14 0x0000000000000000
core   0: 0x000000008000ff7c (0x00e78023) sb      a4, 0(a5)
core   0: 3 0x000000008000ff7c (0x00e78023) mem 0x0000000080012050 0x00
core   0: 0x000000008000ff80 (0xfc843703) ld      a4, -56(s0)
core   0: 3 0x000000008000ff80 (0xfc843703) x14 0x0000000080012040 mem 0x0000000080031f38
core   0: 0x000000008000ff84 (0xfb843783) ld      a5, -72(s0)
core   0: 3 0x000000008000ff84 (0xfb843783) x15 0x000000000000009c mem 0x0000000080031f28
core   0: 0x000000008000ff88 (0x000097ba) c.add   a5, a4
core   0: 3 0x000000008000ff88 (0x97ba) x15 0x00000000800120dc
core   0: 0x000000008000ff8a (0xfe043703) ld      a4, -32(s0)
core   0: 3 0x000000008000ff8a (0xfe043703) x14 0x0000000080012051 mem 0x0000000080031f50
core   0: 0x000000008000ff8e (0xfcf76de3) bltu    a4, a5, pc - 38
core   0: 3 0x000000008000ff8e (0xfcf76de3)
core   0: 0x000000008000ff68 (0xfe043783) ld      a5, -32(s0)
core   0: 3 0x000000008000ff68 (0xfe043783) x15 0x0000000080012051 mem 0x0000000080031f50
core   0: 0x000000008000ff6c (0x00178713) addi    a4, a5, 1
core   0: 3 0x000000008000ff6c (0x00178713) x14 0x0000000080012052
core   0: 0x000000008000ff70 (0xfee43023) sd      a4, -32(s0)
core   0: 3 0x000000008000ff70 (0xfee43023) mem 0x0000000080031f50 0x0000000080012052
core   0: 0x000000008000ff74 (0xfc442703) lw      a4, -60(s0)
core   0: 3 0x000000008000ff74 (0xfc442703) x14 0x0000000000000000 mem 0x0000000080031f34
core   0: 0x000000008000ff78 (0x0ff77713) andi    a4, a4, 255
core   0: 3 0x000000008000ff78 (0x0ff77713) x14 0x0000000000000000
core   0: 0x000000008000ff7c (0x00e78023) sb      a4, 0(a5)
core   0: 3 0x000000008000ff7c (0x00e78023) mem 0x0000000080012051 0x00
core   0: 0x000000008000ff80 (0xfc843703) ld      a4, -56(s0)
core   0: 3 0x000000008000ff80 (0xfc843703) x14 0x0000000080012040 mem 0x0000000080031f38
core   0: 0x000000008000ff84 (0xfb843783) ld      a5, -72(s0)
core   0: 3 0x000000008000ff84 (0xfb843783) x15 0x000000000000009c mem 0x0000000080031f28
core   0: 0x000000008000ff88 (0x000097ba) c.add   a5, a4
core   0: 3 0x000000008000ff88 (0x97ba) x15 0x00000000800120dc
core   0: 0x000000008000ff8a (0xfe043703) ld      a4, -32(s0)
core   0: 3 0x000000008000ff8a (0xfe043703) x14 0x0000000080012052 mem 0x0000000080031f50
core   0: 0x000000008000ff8e (0xfcf76de3) bltu    a4, a5, pc - 38
core   0: 3 0x000000008000ff8e (0xfcf76de3)
core   0: 0x000000008000ff68 (0xfe043783) ld      a5, -32(s0)
core   0: 3 0x000000008000ff68 (0xfe043783) x15 0x0000000080012052 mem 0x0000000080031f50
core   0: 0x000000008000ff6c (0x00178713) addi    a4, a5, 1
core   0: 3 0x000000008000ff6c (0x00178713) x14 0x0000000080012053
core   0: 0x000000008000ff70 (0xfee43023) sd      a4, -32(s0)
core   0: 3 0x000000008000ff70 (0xfee43023) mem 0x0000000080031f50 0x0000000080012053
core   0: 0x000000008000ff74 (0xfc442703) lw      a4, -60(s0)
core   0: 3 0x000000008000ff74 (0xfc442703) x14 0x0000000000000000 mem 0x0000000080031f34
core   0: 0x000000008000ff78 (0x0ff77713) andi    a4, a4, 255
core   0: 3 0x000000008000ff78 (0x0ff77713) x14 0x0000000000000000
core   0: 0x000000008000ff7c (0x00e78023) sb      a4, 0(a5)
core   0: 3 0x000000008000ff7c (0x00e78023) mem 0x0000000080012052 0x00
core   0: 0x000000008000ff80 (0xfc843703) ld      a4, -56(s0)
core   0: 3 0x000000008000ff80 (0xfc843703) x14 0x0000000080012040 mem 0x0000000080031f38
core   0: 0x000000008000ff84 (0xfb843783) ld      a5, -72(s0)
core   0: 3 0x000000008000ff84 (0xfb843783) x15 0x000000000000009c mem 0x0000000080031f28
core   0: 0x000000008000ff88 (0x000097ba) c.add   a5, a4
core   0: 3 0x000000008000ff88 (0x97ba) x15 0x00000000800120dc
core   0: 0x000000008000ff8a (0xfe043703) ld      a4, -32(s0)
core   0: 3 0x000000008000ff8a (0xfe043703) x14 0x0000000080012053 mem 0x0000000080031f50
core   0: 0x000000008000ff8e (0xfcf76de3) bltu    a4, a5, pc - 38
core   0: 3 0x000000008000ff8e (0xfcf76de3)
core   0: 0x000000008000ff68 (0xfe043783) ld      a5, -32(s0)
core   0: 3 0x000000008000ff68 (0xfe043783) x15 0x0000000080012053 mem 0x0000000080031f50
core   0: 0x000000008000ff6c (0x00178713) addi    a4, a5, 1
core   0: 3 0x000000008000ff6c (0x00178713) x14 0x0000000080012054
core   0: 0x000000008000ff70 (0xfee43023) sd      a4, -32(s0)
core   0: 3 0x000000008000ff70 (0xfee43023) mem 0x0000000080031f50 0x0000000080012054
core   0: 0x000000008000ff74 (0xfc442703) lw      a4, -60(s0)
core   0: 3 0x000000008000ff74 (0xfc442703) x14 0x0000000000000000 mem 0x0000000080031f34
core   0: 0x000000008000ff78 (0x0ff77713) andi    a4, a4, 255
core   0: 3 0x000000008000ff78 (0x0ff77713) x14 0x0000000000000000
core   0: 0x000000008000ff7c (0x00e78023) sb      a4, 0(a5)
core   0: 3 0x000000008000ff7c (0x00e78023) mem 0x0000000080012053 0x00
core   0: 0x000000008000ff80 (0xfc843703) ld      a4, -56(s0)
core   0: 3 0x000000008000ff80 (0xfc843703) x14 0x0000000080012040 mem 0x0000000080031f38
core   0: 0x000000008000ff84 (0xfb843783) ld      a5, -72(s0)
core   0: 3 0x000000008000ff84 (0xfb843783) x15 0x000000000000009c mem 0x0000000080031f28
core   0: 0x000000008000ff88 (0x000097ba) c.add   a5, a4
core   0: 3 0x000000008000ff88 (0x97ba) x15 0x00000000800120dc
core   0: 0x000000008000ff8a (0xfe043703) ld      a4, -32(s0)
core   0: 3 0x000000008000ff8a (0xfe043703) x14 0x0000000080012054 mem 0x0000000080031f50
core   0: 0x000000008000ff8e (0xfcf76de3) bltu    a4, a5, pc - 38
core   0: 3 0x000000008000ff8e (0xfcf76de3)
core   0: 0x000000008000ff68 (0xfe043783) ld      a5, -32(s0)
core   0: 3 0x000000008000ff68 (0xfe043783) x15 0x0000000080012054 mem 0x0000000080031f50
core   0: 0x000000008000ff6c (0x00178713) addi    a4, a5, 1
core   0: 3 0x000000008000ff6c (0x00178713) x14 0x0000000080012055
core   0: 0x000000008000ff70 (0xfee43023) sd      a4, -32(s0)
core   0: 3 0x000000008000ff70 (0xfee43023) mem 0x0000000080031f50 0x0000000080012055
core   0: 0x000000008000ff74 (0xfc442703) lw      a4, -60(s0)
core   0: 3 0x000000008000ff74 (0xfc442703) x14 0x0000000000000000 mem 0x0000000080031f34
core   0: 0x000000008000ff78 (0x0ff77713) andi    a4, a4, 255
core   0: 3 0x000000008000ff78 (0x0ff77713) x14 0x0000000000000000
core   0: 0x000000008000ff7c (0x00e78023) sb      a4, 0(a5)
core   0: 3 0x000000008000ff7c (0x00e78023) mem 0x0000000080012054 0x00
core   0: 0x000000008000ff80 (0xfc843703) ld      a4, -56(s0)
core   0: 3 0x000000008000ff80 (0xfc843703) x14 0x0000000080012040 mem 0x0000000080031f38
core   0: 0x000000008000ff84 (0xfb843783) ld      a5, -72(s0)
core   0: 3 0x000000008000ff84 (0xfb843783) x15 0x000000000000009c mem 0x0000000080031f28
core   0: 0x000000008000ff88 (0x000097ba) c.add   a5, a4
core   0: 3 0x000000008000ff88 (0x97ba) x15 0x00000000800120dc
core   0: 0x000000008000ff8a (0xfe043703) ld      a4, -32(s0)
core   0: 3 0x000000008000ff8a (0xfe043703) x14 0x0000000080012055 mem 0x0000000080031f50
core   0: 0x000000008000ff8e (0xfcf76de3) bltu    a4, a5, pc - 38
core   0: 3 0x000000008000ff8e (0xfcf76de3)
core   0: 0x000000008000ff68 (0xfe043783) ld      a5, -32(s0)
core   0: 3 0x000000008000ff68 (0xfe043783) x15 0x0000000080012055 mem 0x0000000080031f50
core   0: 0x000000008000ff6c (0x00178713) addi    a4, a5, 1
core   0: 3 0x000000008000ff6c (0x00178713) x14 0x0000000080012056
core   0: 0x000000008000ff70 (0xfee43023) sd      a4, -32(s0)
core   0: 3 0x000000008000ff70 (0xfee43023) mem 0x0000000080031f50 0x0000000080012056
core   0: 0x000000008000ff74 (0xfc442703) lw      a4, -60(s0)
core   0: 3 0x000000008000ff74 (0xfc442703) x14 0x0000000000000000 mem 0x0000000080031f34
core   0: 0x000000008000ff78 (0x0ff77713) andi    a4, a4, 255
core   0: 3 0x000000008000ff78 (0x0ff77713) x14 0x0000000000000000
core   0: 0x000000008000ff7c (0x00e78023) sb      a4, 0(a5)
core   0: 3 0x000000008000ff7c (0x00e78023) mem 0x0000000080012055 0x00
core   0: 0x000000008000ff80 (0xfc843703) ld      a4, -56(s0)
core   0: 3 0x000000008000ff80 (0xfc843703) x14 0x0000000080012040 mem 0x0000000080031f38
core   0: 0x000000008000ff84 (0xfb843783) ld      a5, -72(s0)
core   0: 3 0x000000008000ff84 (0xfb843783) x15 0x000000000000009c mem 0x0000000080031f28
core   0: 0x000000008000ff88 (0x000097ba) c.add   a5, a4
core   0: 3 0x000000008000ff88 (0x97ba) x15 0x00000000800120dc
core   0: 0x000000008000ff8a (0xfe043703) ld      a4, -32(s0)
core   0: 3 0x000000008000ff8a (0xfe043703) x14 0x0000000080012056 mem 0x0000000080031f50
core   0: 0x000000008000ff8e (0xfcf76de3) bltu    a4, a5, pc - 38
core   0: 3 0x000000008000ff8e (0xfcf76de3)
core   0: 0x000000008000ff68 (0xfe043783) ld      a5, -32(s0)
core   0: 3 0x000000008000ff68 (0xfe043783) x15 0x0000000080012056 mem 0x0000000080031f50
core   0: 0x000000008000ff6c (0x00178713) addi    a4, a5, 1
core   0: 3 0x000000008000ff6c (0x00178713) x14 0x0000000080012057
core   0: 0x000000008000ff70 (0xfee43023) sd      a4, -32(s0)
core   0: 3 0x000000008000ff70 (0xfee43023) mem 0x0000000080031f50 0x0000000080012057
core   0: 0x000000008000ff74 (0xfc442703) lw      a4, -60(s0)
core   0: 3 0x000000008000ff74 (0xfc442703) x14 0x0000000000000000 mem 0x0000000080031f34
core   0: 0x000000008000ff78 (0x0ff77713) andi    a4, a4, 255
core   0: 3 0x000000008000ff78 (0x0ff77713) x14 0x0000000000000000
core   0: 0x000000008000ff7c (0x00e78023) sb      a4, 0(a5)
core   0: 3 0x000000008000ff7c (0x00e78023) mem 0x0000000080012056 0x00
core   0: 0x000000008000ff80 (0xfc843703) ld      a4, -56(s0)
core   0: 3 0x000000008000ff80 (0xfc843703) x14 0x0000000080012040 mem 0x0000000080031f38
core   0: 0x000000008000ff84 (0xfb843783) ld      a5, -72(s0)
core   0: 3 0x000000008000ff84 (0xfb843783) x15 0x000000000000009c mem 0x0000000080031f28
core   0: 0x000000008000ff88 (0x000097ba) c.add   a5, a4
core   0: 3 0x000000008000ff88 (0x97ba) x15 0x00000000800120dc
core   0: 0x000000008000ff8a (0xfe043703) ld      a4, -32(s0)
core   0: 3 0x000000008000ff8a (0xfe043703) x14 0x0000000080012057 mem 0x0000000080031f50
core   0: 0x000000008000ff8e (0xfcf76de3) bltu    a4, a5, pc - 38
core   0: 3 0x000000008000ff8e (0xfcf76de3)
core   0: 0x000000008000ff68 (0xfe043783) ld      a5, -32(s0)
core   0: 3 0x000000008000ff68 (0xfe043783) x15 0x0000000080012057 mem 0x0000000080031f50
core   0: 0x000000008000ff6c (0x00178713) addi    a4, a5, 1
core   0: 3 0x000000008000ff6c (0x00178713) x14 0x0000000080012058
core   0: 0x000000008000ff70 (0xfee43023) sd      a4, -32(s0)
core   0: 3 0x000000008000ff70 (0xfee43023) mem 0x0000000080031f50 0x0000000080012058
core   0: 0x000000008000ff74 (0xfc442703) lw      a4, -60(s0)
core   0: 3 0x000000008000ff74 (0xfc442703) x14 0x0000000000000000 mem 0x0000000080031f34
core   0: 0x000000008000ff78 (0x0ff77713) andi    a4, a4, 255
core   0: 3 0x000000008000ff78 (0x0ff77713) x14 0x0000000000000000
core   0: 0x000000008000ff7c (0x00e78023) sb      a4, 0(a5)
core   0: 3 0x000000008000ff7c (0x00e78023) mem 0x0000000080012057 0x00
core   0: 0x000000008000ff80 (0xfc843703) ld      a4, -56(s0)
core   0: 3 0x000000008000ff80 (0xfc843703) x14 0x0000000080012040 mem 0x0000000080031f38
core   0: 0x000000008000ff84 (0xfb843783) ld      a5, -72(s0)
core   0: 3 0x000000008000ff84 (0xfb843783) x15 0x000000000000009c mem 0x0000000080031f28
core   0: 0x000000008000ff88 (0x000097ba) c.add   a5, a4
core   0: 3 0x000000008000ff88 (0x97ba) x15 0x00000000800120dc
core   0: 0x000000008000ff8a (0xfe043703) ld      a4, -32(s0)
core   0: 3 0x000000008000ff8a (0xfe043703) x14 0x0000000080012058 mem 0x0000000080031f50
core   0: 0x000000008000ff8e (0xfcf76de3) bltu    a4, a5, pc - 38
core   0: 3 0x000000008000ff8e (0xfcf76de3)
core   0: 0x000000008000ff68 (0xfe043783) ld      a5, -32(s0)
core   0: 3 0x000000008000ff68 (0xfe043783) x15 0x0000000080012058 mem 0x0000000080031f50
core   0: 0x000000008000ff6c (0x00178713) addi    a4, a5, 1
core   0: 3 0x000000008000ff6c (0x00178713) x14 0x0000000080012059
core   0: 0x000000008000ff70 (0xfee43023) sd      a4, -32(s0)
core   0: 3 0x000000008000ff70 (0xfee43023) mem 0x0000000080031f50 0x0000000080012059
core   0: 0x000000008000ff74 (0xfc442703) lw      a4, -60(s0)
core   0: 3 0x000000008000ff74 (0xfc442703) x14 0x0000000000000000 mem 0x0000000080031f34
core   0: 0x000000008000ff78 (0x0ff77713) andi    a4, a4, 255
core   0: 3 0x000000008000ff78 (0x0ff77713) x14 0x0000000000000000
core   0: 0x000000008000ff7c (0x00e78023) sb      a4, 0(a5)
core   0: 3 0x000000008000ff7c (0x00e78023) mem 0x0000000080012058 0x00
core   0: 0x000000008000ff80 (0xfc843703) ld      a4, -56(s0)
core   0: 3 0x000000008000ff80 (0xfc843703) x14 0x0000000080012040 mem 0x0000000080031f38
core   0: 0x000000008000ff84 (0xfb843783) ld      a5, -72(s0)
core   0: 3 0x000000008000ff84 (0xfb843783) x15 0x000000000000009c mem 0x0000000080031f28
core   0: 0x000000008000ff88 (0x000097ba) c.add   a5, a4
core   0: 3 0x000000008000ff88 (0x97ba) x15 0x00000000800120dc
core   0: 0x000000008000ff8a (0xfe043703) ld      a4, -32(s0)
core   0: 3 0x000000008000ff8a (0xfe043703) x14 0x0000000080012059 mem 0x0000000080031f50
core   0: 0x000000008000ff8e (0xfcf76de3) bltu    a4, a5, pc - 38
core   0: 3 0x000000008000ff8e (0xfcf76de3)
core   0: 0x000000008000ff68 (0xfe043783) ld      a5, -32(s0)
core   0: 3 0x000000008000ff68 (0xfe043783) x15 0x0000000080012059 mem 0x0000000080031f50
core   0: 0x000000008000ff6c (0x00178713) addi    a4, a5, 1
core   0: 3 0x000000008000ff6c (0x00178713) x14 0x000000008001205a
core   0: 0x000000008000ff70 (0xfee43023) sd      a4, -32(s0)
core   0: 3 0x000000008000ff70 (0xfee43023) mem 0x0000000080031f50 0x000000008001205a
core   0: 0x000000008000ff74 (0xfc442703) lw      a4, -60(s0)
core   0: 3 0x000000008000ff74 (0xfc442703) x14 0x0000000000000000 mem 0x0000000080031f34
core   0: 0x000000008000ff78 (0x0ff77713) andi    a4, a4, 255
core   0: 3 0x000000008000ff78 (0x0ff77713) x14 0x0000000000000000
core   0: 0x000000008000ff7c (0x00e78023) sb      a4, 0(a5)
core   0: 3 0x000000008000ff7c (0x00e78023) mem 0x0000000080012059 0x00
core   0: 0x000000008000ff80 (0xfc843703) ld      a4, -56(s0)
core   0: 3 0x000000008000ff80 (0xfc843703) x14 0x0000000080012040 mem 0x0000000080031f38
core   0: 0x000000008000ff84 (0xfb843783) ld      a5, -72(s0)
core   0: 3 0x000000008000ff84 (0xfb843783) x15 0x000000000000009c mem 0x0000000080031f28
core   0: 0x000000008000ff88 (0x000097ba) c.add   a5, a4
core   0: 3 0x000000008000ff88 (0x97ba) x15 0x00000000800120dc
core   0: 0x000000008000ff8a (0xfe043703) ld      a4, -32(s0)
core   0: 3 0x000000008000ff8a (0xfe043703) x14 0x000000008001205a mem 0x0000000080031f50
core   0: 0x000000008000ff8e (0xfcf76de3) bltu    a4, a5, pc - 38
core   0: 3 0x000000008000ff8e (0xfcf76de3)
core   0: 0x000000008000ff68 (0xfe043783) ld      a5, -32(s0)
core   0: 3 0x000000008000ff68 (0xfe043783) x15 0x000000008001205a mem 0x0000000080031f50
core   0: 0x000000008000ff6c (0x00178713) addi    a4, a5, 1
core   0: 3 0x000000008000ff6c (0x00178713) x14 0x000000008001205b
core   0: 0x000000008000ff70 (0xfee43023) sd      a4, -32(s0)
core   0: 3 0x000000008000ff70 (0xfee43023) mem 0x0000000080031f50 0x000000008001205b
core   0: 0x000000008000ff74 (0xfc442703) lw      a4, -60(s0)
core   0: 3 0x000000008000ff74 (0xfc442703) x14 0x0000000000000000 mem 0x0000000080031f34
core   0: 0x000000008000ff78 (0x0ff77713) andi    a4, a4, 255
core   0: 3 0x000000008000ff78 (0x0ff77713) x14 0x0000000000000000
core   0: 0x000000008000ff7c (0x00e78023) sb      a4, 0(a5)
core   0: 3 0x000000008000ff7c (0x00e78023) mem 0x000000008001205a 0x00
core   0: 0x000000008000ff80 (0xfc843703) ld      a4, -56(s0)
core   0: 3 0x000000008000ff80 (0xfc843703) x14 0x0000000080012040 mem 0x0000000080031f38
core   0: 0x000000008000ff84 (0xfb843783) ld      a5, -72(s0)
core   0: 3 0x000000008000ff84 (0xfb843783) x15 0x000000000000009c mem 0x0000000080031f28
core   0: 0x000000008000ff88 (0x000097ba) c.add   a5, a4
core   0: 3 0x000000008000ff88 (0x97ba) x15 0x00000000800120dc
core   0: 0x000000008000ff8a (0xfe043703) ld      a4, -32(s0)
core   0: 3 0x000000008000ff8a (0xfe043703) x14 0x000000008001205b mem 0x0000000080031f50
core   0: 0x000000008000ff8e (0xfcf76de3) bltu    a4, a5, pc - 38
core   0: 3 0x000000008000ff8e (0xfcf76de3)
core   0: 0x000000008000ff68 (0xfe043783) ld      a5, -32(s0)
core   0: 3 0x000000008000ff68 (0xfe043783) x15 0x000000008001205b mem 0x0000000080031f50
core   0: 0x000000008000ff6c (0x00178713) addi    a4, a5, 1
core   0: 3 0x000000008000ff6c (0x00178713) x14 0x000000008001205c
core   0: 0x000000008000ff70 (0xfee43023) sd      a4, -32(s0)
core   0: 3 0x000000008000ff70 (0xfee43023) mem 0x0000000080031f50 0x000000008001205c
core   0: 0x000000008000ff74 (0xfc442703) lw      a4, -60(s0)
core   0: 3 0x000000008000ff74 (0xfc442703) x14 0x0000000000000000 mem 0x0000000080031f34
core   0: 0x000000008000ff78 (0x0ff77713) andi    a4, a4, 255
core   0: 3 0x000000008000ff78 (0x0ff77713) x14 0x0000000000000000
core   0: 0x000000008000ff7c (0x00e78023) sb      a4, 0(a5)
core   0: 3 0x000000008000ff7c (0x00e78023) mem 0x000000008001205b 0x00
core   0: 0x000000008000ff80 (0xfc843703) ld      a4, -56(s0)
core   0: 3 0x000000008000ff80 (0xfc843703) x14 0x0000000080012040 mem 0x0000000080031f38
core   0: 0x000000008000ff84 (0xfb843783) ld      a5, -72(s0)
core   0: 3 0x000000008000ff84 (0xfb843783) x15 0x000000000000009c mem 0x0000000080031f28
core   0: 0x000000008000ff88 (0x000097ba) c.add   a5, a4
core   0: 3 0x000000008000ff88 (0x97ba) x15 0x00000000800120dc
core   0: 0x000000008000ff8a (0xfe043703) ld      a4, -32(s0)
core   0: 3 0x000000008000ff8a (0xfe043703) x14 0x000000008001205c mem 0x0000000080031f50
core   0: 0x000000008000ff8e (0xfcf76de3) bltu    a4, a5, pc - 38
core   0: 3 0x000000008000ff8e (0xfcf76de3)
core   0: 0x000000008000ff68 (0xfe043783) ld      a5, -32(s0)
core   0: 3 0x000000008000ff68 (0xfe043783) x15 0x000000008001205c mem 0x0000000080031f50
core   0: 0x000000008000ff6c (0x00178713) addi    a4, a5, 1
core   0: 3 0x000000008000ff6c (0x00178713) x14 0x000000008001205d
core   0: 0x000000008000ff70 (0xfee43023) sd      a4, -32(s0)
core   0: 3 0x000000008000ff70 (0xfee43023) mem 0x0000000080031f50 0x000000008001205d
core   0: 0x000000008000ff74 (0xfc442703) lw      a4, -60(s0)
core   0: 3 0x000000008000ff74 (0xfc442703) x14 0x0000000000000000 mem 0x0000000080031f34
core   0: 0x000000008000ff78 (0x0ff77713) andi    a4, a4, 255
core   0: 3 0x000000008000ff78 (0x0ff77713) x14 0x0000000000000000
core   0: 0x000000008000ff7c (0x00e78023) sb      a4, 0(a5)
core   0: 3 0x000000008000ff7c (0x00e78023) mem 0x000000008001205c 0x00
core   0: 0x000000008000ff80 (0xfc843703) ld      a4, -56(s0)
core   0: 3 0x000000008000ff80 (0xfc843703) x14 0x0000000080012040 mem 0x0000000080031f38
core   0: 0x000000008000ff84 (0xfb843783) ld      a5, -72(s0)
core   0: 3 0x000000008000ff84 (0xfb843783) x15 0x000000000000009c mem 0x0000000080031f28
core   0: 0x000000008000ff88 (0x000097ba) c.add   a5, a4
core   0: 3 0x000000008000ff88 (0x97ba) x15 0x00000000800120dc
core   0: 0x000000008000ff8a (0xfe043703) ld      a4, -32(s0)
core   0: 3 0x000000008000ff8a (0xfe043703) x14 0x000000008001205d mem 0x0000000080031f50
core   0: 0x000000008000ff8e (0xfcf76de3) bltu    a4, a5, pc - 38
core   0: 3 0x000000008000ff8e (0xfcf76de3)
core   0: 0x000000008000ff68 (0xfe043783) ld      a5, -32(s0)
core   0: 3 0x000000008000ff68 (0xfe043783) x15 0x000000008001205d mem 0x0000000080031f50
core   0: 0x000000008000ff6c (0x00178713) addi    a4, a5, 1
core   0: 3 0x000000008000ff6c (0x00178713) x14 0x000000008001205e
core   0: 0x000000008000ff70 (0xfee43023) sd      a4, -32(s0)
core   0: 3 0x000000008000ff70 (0xfee43023) mem 0x0000000080031f50 0x000000008001205e
core   0: 0x000000008000ff74 (0xfc442703) lw      a4, -60(s0)
core   0: 3 0x000000008000ff74 (0xfc442703) x14 0x0000000000000000 mem 0x0000000080031f34
core   0: 0x000000008000ff78 (0x0ff77713) andi    a4, a4, 255
core   0: 3 0x000000008000ff78 (0x0ff77713) x14 0x0000000000000000
core   0: 0x000000008000ff7c (0x00e78023) sb      a4, 0(a5)
core   0: 3 0x000000008000ff7c (0x00e78023) mem 0x000000008001205d 0x00
core   0: 0x000000008000ff80 (0xfc843703) ld      a4, -56(s0)
core   0: 3 0x000000008000ff80 (0xfc843703) x14 0x0000000080012040 mem 0x0000000080031f38
core   0: 0x000000008000ff84 (0xfb843783) ld      a5, -72(s0)
core   0: 3 0x000000008000ff84 (0xfb843783) x15 0x000000000000009c mem 0x0000000080031f28
core   0: 0x000000008000ff88 (0x000097ba) c.add   a5, a4
core   0: 3 0x000000008000ff88 (0x97ba) x15 0x00000000800120dc
core   0: 0x000000008000ff8a (0xfe043703) ld      a4, -32(s0)
core   0: 3 0x000000008000ff8a (0xfe043703) x14 0x000000008001205e mem 0x0000000080031f50
core   0: 0x000000008000ff8e (0xfcf76de3) bltu    a4, a5, pc - 38
core   0: 3 0x000000008000ff8e (0xfcf76de3)
core   0: 0x000000008000ff68 (0xfe043783) ld      a5, -32(s0)
core   0: 3 0x000000008000ff68 (0xfe043783) x15 0x000000008001205e mem 0x0000000080031f50
core   0: 0x000000008000ff6c (0x00178713) addi    a4, a5, 1
core   0: 3 0x000000008000ff6c (0x00178713) x14 0x000000008001205f
core   0: 0x000000008000ff70 (0xfee43023) sd      a4, -32(s0)
core   0: 3 0x000000008000ff70 (0xfee43023) mem 0x0000000080031f50 0x000000008001205f
core   0: 0x000000008000ff74 (0xfc442703) lw      a4, -60(s0)
core   0: 3 0x000000008000ff74 (0xfc442703) x14 0x0000000000000000 mem 0x0000000080031f34
core   0: 0x000000008000ff78 (0x0ff77713) andi    a4, a4, 255
core   0: 3 0x000000008000ff78 (0x0ff77713) x14 0x0000000000000000
core   0: 0x000000008000ff7c (0x00e78023) sb      a4, 0(a5)
core   0: 3 0x000000008000ff7c (0x00e78023) mem 0x000000008001205e 0x00
core   0: 0x000000008000ff80 (0xfc843703) ld      a4, -56(s0)
core   0: 3 0x000000008000ff80 (0xfc843703) x14 0x0000000080012040 mem 0x0000000080031f38
core   0: 0x000000008000ff84 (0xfb843783) ld      a5, -72(s0)
core   0: 3 0x000000008000ff84 (0xfb843783) x15 0x000000000000009c mem 0x0000000080031f28
core   0: 0x000000008000ff88 (0x000097ba) c.add   a5, a4
core   0: 3 0x000000008000ff88 (0x97ba) x15 0x00000000800120dc
core   0: 0x000000008000ff8a (0xfe043703) ld      a4, -32(s0)
core   0: 3 0x000000008000ff8a (0xfe043703) x14 0x000000008001205f mem 0x0000000080031f50
core   0: 0x000000008000ff8e (0xfcf76de3) bltu    a4, a5, pc - 38
core   0: 3 0x000000008000ff8e (0xfcf76de3)
core   0: 0x000000008000ff68 (0xfe043783) ld      a5, -32(s0)
core   0: 3 0x000000008000ff68 (0xfe043783) x15 0x000000008001205f mem 0x0000000080031f50
core   0: 0x000000008000ff6c (0x00178713) addi    a4, a5, 1
core   0: 3 0x000000008000ff6c (0x00178713) x14 0x0000000080012060
core   0: 0x000000008000ff70 (0xfee43023) sd      a4, -32(s0)
core   0: 3 0x000000008000ff70 (0xfee43023) mem 0x0000000080031f50 0x0000000080012060
core   0: 0x000000008000ff74 (0xfc442703) lw      a4, -60(s0)
core   0: 3 0x000000008000ff74 (0xfc442703) x14 0x0000000000000000 mem 0x0000000080031f34
core   0: 0x000000008000ff78 (0x0ff77713) andi    a4, a4, 255
core   0: 3 0x000000008000ff78 (0x0ff77713) x14 0x0000000000000000
core   0: 0x000000008000ff7c (0x00e78023) sb      a4, 0(a5)
core   0: 3 0x000000008000ff7c (0x00e78023) mem 0x000000008001205f 0x00
core   0: 0x000000008000ff80 (0xfc843703) ld      a4, -56(s0)
core   0: 3 0x000000008000ff80 (0xfc843703) x14 0x0000000080012040 mem 0x0000000080031f38
core   0: 0x000000008000ff84 (0xfb843783) ld      a5, -72(s0)
core   0: 3 0x000000008000ff84 (0xfb843783) x15 0x000000000000009c mem 0x0000000080031f28
core   0: 0x000000008000ff88 (0x000097ba) c.add   a5, a4
core   0: 3 0x000000008000ff88 (0x97ba) x15 0x00000000800120dc
core   0: 0x000000008000ff8a (0xfe043703) ld      a4, -32(s0)
core   0: 3 0x000000008000ff8a (0xfe043703) x14 0x0000000080012060 mem 0x0000000080031f50
core   0: 0x000000008000ff8e (0xfcf76de3) bltu    a4, a5, pc - 38
core   0: 3 0x000000008000ff8e (0xfcf76de3)
core   0: 0x000000008000ff68 (0xfe043783) ld      a5, -32(s0)
core   0: 3 0x000000008000ff68 (0xfe043783) x15 0x0000000080012060 mem 0x0000000080031f50
core   0: 0x000000008000ff6c (0x00178713) addi    a4, a5, 1
core   0: 3 0x000000008000ff6c (0x00178713) x14 0x0000000080012061
core   0: 0x000000008000ff70 (0xfee43023) sd      a4, -32(s0)
core   0: 3 0x000000008000ff70 (0xfee43023) mem 0x0000000080031f50 0x0000000080012061
core   0: 0x000000008000ff74 (0xfc442703) lw      a4, -60(s0)
core   0: 3 0x000000008000ff74 (0xfc442703) x14 0x0000000000000000 mem 0x0000000080031f34
core   0: 0x000000008000ff78 (0x0ff77713) andi    a4, a4, 255
core   0: 3 0x000000008000ff78 (0x0ff77713) x14 0x0000000000000000
core   0: 0x000000008000ff7c (0x00e78023) sb      a4, 0(a5)
core   0: 3 0x000000008000ff7c (0x00e78023) mem 0x0000000080012060 0x00
core   0: 0x000000008000ff80 (0xfc843703) ld      a4, -56(s0)
core   0: 3 0x000000008000ff80 (0xfc843703) x14 0x0000000080012040 mem 0x0000000080031f38
core   0: 0x000000008000ff84 (0xfb843783) ld      a5, -72(s0)
core   0: 3 0x000000008000ff84 (0xfb843783) x15 0x000000000000009c mem 0x0000000080031f28
core   0: 0x000000008000ff88 (0x000097ba) c.add   a5, a4
core   0: 3 0x000000008000ff88 (0x97ba) x15 0x00000000800120dc
core   0: 0x000000008000ff8a (0xfe043703) ld      a4, -32(s0)
core   0: 3 0x000000008000ff8a (0xfe043703) x14 0x0000000080012061 mem 0x0000000080031f50
core   0: 0x000000008000ff8e (0xfcf76de3) bltu    a4, a5, pc - 38
core   0: 3 0x000000008000ff8e (0xfcf76de3)
core   0: 0x000000008000ff68 (0xfe043783) ld      a5, -32(s0)
core   0: 3 0x000000008000ff68 (0xfe043783) x15 0x0000000080012061 mem 0x0000000080031f50
core   0: 0x000000008000ff6c (0x00178713) addi    a4, a5, 1
core   0: 3 0x000000008000ff6c (0x00178713) x14 0x0000000080012062
core   0: 0x000000008000ff70 (0xfee43023) sd      a4, -32(s0)
core   0: 3 0x000000008000ff70 (0xfee43023) mem 0x0000000080031f50 0x0000000080012062
core   0: 0x000000008000ff74 (0xfc442703) lw      a4, -60(s0)
core   0: 3 0x000000008000ff74 (0xfc442703) x14 0x0000000000000000 mem 0x0000000080031f34
core   0: 0x000000008000ff78 (0x0ff77713) andi    a4, a4, 255
core   0: 3 0x000000008000ff78 (0x0ff77713) x14 0x0000000000000000
core   0: 0x000000008000ff7c (0x00e78023) sb      a4, 0(a5)
core   0: 3 0x000000008000ff7c (0x00e78023) mem 0x0000000080012061 0x00
core   0: 0x000000008000ff80 (0xfc843703) ld      a4, -56(s0)
core   0: 3 0x000000008000ff80 (0xfc843703) x14 0x0000000080012040 mem 0x0000000080031f38
core   0: 0x000000008000ff84 (0xfb843783) ld      a5, -72(s0)
core   0: 3 0x000000008000ff84 (0xfb843783) x15 0x000000000000009c mem 0x0000000080031f28
core   0: 0x000000008000ff88 (0x000097ba) c.add   a5, a4
core   0: 3 0x000000008000ff88 (0x97ba) x15 0x00000000800120dc
core   0: 0x000000008000ff8a (0xfe043703) ld      a4, -32(s0)
core   0: 3 0x000000008000ff8a (0xfe043703) x14 0x0000000080012062 mem 0x0000000080031f50
core   0: 0x000000008000ff8e (0xfcf76de3) bltu    a4, a5, pc - 38
core   0: 3 0x000000008000ff8e (0xfcf76de3)
core   0: 0x000000008000ff68 (0xfe043783) ld      a5, -32(s0)
core   0: 3 0x000000008000ff68 (0xfe043783) x15 0x0000000080012062 mem 0x0000000080031f50
core   0: 0x000000008000ff6c (0x00178713) addi    a4, a5, 1
core   0: 3 0x000000008000ff6c (0x00178713) x14 0x0000000080012063
core   0: 0x000000008000ff70 (0xfee43023) sd      a4, -32(s0)
core   0: 3 0x000000008000ff70 (0xfee43023) mem 0x0000000080031f50 0x0000000080012063
core   0: 0x000000008000ff74 (0xfc442703) lw      a4, -60(s0)
core   0: 3 0x000000008000ff74 (0xfc442703) x14 0x0000000000000000 mem 0x0000000080031f34
core   0: 0x000000008000ff78 (0x0ff77713) andi    a4, a4, 255
core   0: 3 0x000000008000ff78 (0x0ff77713) x14 0x0000000000000000
core   0: 0x000000008000ff7c (0x00e78023) sb      a4, 0(a5)
core   0: 3 0x000000008000ff7c (0x00e78023) mem 0x0000000080012062 0x00
core   0: 0x000000008000ff80 (0xfc843703) ld      a4, -56(s0)
core   0: 3 0x000000008000ff80 (0xfc843703) x14 0x0000000080012040 mem 0x0000000080031f38
core   0: 0x000000008000ff84 (0xfb843783) ld      a5, -72(s0)
core   0: 3 0x000000008000ff84 (0xfb843783) x15 0x000000000000009c mem 0x0000000080031f28
core   0: 0x000000008000ff88 (0x000097ba) c.add   a5, a4
core   0: 3 0x000000008000ff88 (0x97ba) x15 0x00000000800120dc
core   0: 0x000000008000ff8a (0xfe043703) ld      a4, -32(s0)
core   0: 3 0x000000008000ff8a (0xfe043703) x14 0x0000000080012063 mem 0x0000000080031f50
core   0: 0x000000008000ff8e (0xfcf76de3) bltu    a4, a5, pc - 38
core   0: 3 0x000000008000ff8e (0xfcf76de3)
core   0: 0x000000008000ff68 (0xfe043783) ld      a5, -32(s0)
core   0: 3 0x000000008000ff68 (0xfe043783) x15 0x0000000080012063 mem 0x0000000080031f50
core   0: 0x000000008000ff6c (0x00178713) addi    a4, a5, 1
core   0: 3 0x000000008000ff6c (0x00178713) x14 0x0000000080012064
core   0: 0x000000008000ff70 (0xfee43023) sd      a4, -32(s0)
core   0: 3 0x000000008000ff70 (0xfee43023) mem 0x0000000080031f50 0x0000000080012064
core   0: 0x000000008000ff74 (0xfc442703) lw      a4, -60(s0)
core   0: 3 0x000000008000ff74 (0xfc442703) x14 0x0000000000000000 mem 0x0000000080031f34
core   0: 0x000000008000ff78 (0x0ff77713) andi    a4, a4, 255
core   0: 3 0x000000008000ff78 (0x0ff77713) x14 0x0000000000000000
core   0: 0x000000008000ff7c (0x00e78023) sb      a4, 0(a5)
core   0: 3 0x000000008000ff7c (0x00e78023) mem 0x0000000080012063 0x00
core   0: 0x000000008000ff80 (0xfc843703) ld      a4, -56(s0)
core   0: 3 0x000000008000ff80 (0xfc843703) x14 0x0000000080012040 mem 0x0000000080031f38
core   0: 0x000000008000ff84 (0xfb843783) ld      a5, -72(s0)
core   0: 3 0x000000008000ff84 (0xfb843783) x15 0x000000000000009c mem 0x0000000080031f28
core   0: 0x000000008000ff88 (0x000097ba) c.add   a5, a4
core   0: 3 0x000000008000ff88 (0x97ba) x15 0x00000000800120dc
core   0: 0x000000008000ff8a (0xfe043703) ld      a4, -32(s0)
core   0: 3 0x000000008000ff8a (0xfe043703) x14 0x0000000080012064 mem 0x0000000080031f50
core   0: 0x000000008000ff8e (0xfcf76de3) bltu    a4, a5, pc - 38
core   0: 3 0x000000008000ff8e (0xfcf76de3)
core   0: 0x000000008000ff68 (0xfe043783) ld      a5, -32(s0)
core   0: 3 0x000000008000ff68 (0xfe043783) x15 0x0000000080012064 mem 0x0000000080031f50
core   0: 0x000000008000ff6c (0x00178713) addi    a4, a5, 1
core   0: 3 0x000000008000ff6c (0x00178713) x14 0x0000000080012065
core   0: 0x000000008000ff70 (0xfee43023) sd      a4, -32(s0)
core   0: 3 0x000000008000ff70 (0xfee43023) mem 0x0000000080031f50 0x0000000080012065
core   0: 0x000000008000ff74 (0xfc442703) lw      a4, -60(s0)
core   0: 3 0x000000008000ff74 (0xfc442703) x14 0x0000000000000000 mem 0x0000000080031f34
core   0: 0x000000008000ff78 (0x0ff77713) andi    a4, a4, 255
core   0: 3 0x000000008000ff78 (0x0ff77713) x14 0x0000000000000000
core   0: 0x000000008000ff7c (0x00e78023) sb      a4, 0(a5)
core   0: 3 0x000000008000ff7c (0x00e78023) mem 0x0000000080012064 0x00
core   0: 0x000000008000ff80 (0xfc843703) ld      a4, -56(s0)
core   0: 3 0x000000008000ff80 (0xfc843703) x14 0x0000000080012040 mem 0x0000000080031f38
core   0: 0x000000008000ff84 (0xfb843783) ld      a5, -72(s0)
core   0: 3 0x000000008000ff84 (0xfb843783) x15 0x000000000000009c mem 0x0000000080031f28
core   0: 0x000000008000ff88 (0x000097ba) c.add   a5, a4
core   0: 3 0x000000008000ff88 (0x97ba) x15 0x00000000800120dc
core   0: 0x000000008000ff8a (0xfe043703) ld      a4, -32(s0)
core   0: 3 0x000000008000ff8a (0xfe043703) x14 0x0000000080012065 mem 0x0000000080031f50
core   0: 0x000000008000ff8e (0xfcf76de3) bltu    a4, a5, pc - 38
core   0: 3 0x000000008000ff8e (0xfcf76de3)
core   0: 0x000000008000ff68 (0xfe043783) ld      a5, -32(s0)
core   0: 3 0x000000008000ff68 (0xfe043783) x15 0x0000000080012065 mem 0x0000000080031f50
core   0: 0x000000008000ff6c (0x00178713) addi    a4, a5, 1
core   0: 3 0x000000008000ff6c (0x00178713) x14 0x0000000080012066
core   0: 0x000000008000ff70 (0xfee43023) sd      a4, -32(s0)
core   0: 3 0x000000008000ff70 (0xfee43023) mem 0x0000000080031f50 0x0000000080012066
core   0: 0x000000008000ff74 (0xfc442703) lw      a4, -60(s0)
core   0: 3 0x000000008000ff74 (0xfc442703) x14 0x0000000000000000 mem 0x0000000080031f34
core   0: 0x000000008000ff78 (0x0ff77713) andi    a4, a4, 255
core   0: 3 0x000000008000ff78 (0x0ff77713) x14 0x0000000000000000
core   0: 0x000000008000ff7c (0x00e78023) sb      a4, 0(a5)
core   0: 3 0x000000008000ff7c (0x00e78023) mem 0x0000000080012065 0x00
core   0: 0x000000008000ff80 (0xfc843703) ld      a4, -56(s0)
core   0: 3 0x000000008000ff80 (0xfc843703) x14 0x0000000080012040 mem 0x0000000080031f38
core   0: 0x000000008000ff84 (0xfb843783) ld      a5, -72(s0)
core   0: 3 0x000000008000ff84 (0xfb843783) x15 0x000000000000009c mem 0x0000000080031f28
core   0: 0x000000008000ff88 (0x000097ba) c.add   a5, a4
core   0: 3 0x000000008000ff88 (0x97ba) x15 0x00000000800120dc
core   0: 0x000000008000ff8a (0xfe043703) ld      a4, -32(s0)
core   0: 3 0x000000008000ff8a (0xfe043703) x14 0x0000000080012066 mem 0x0000000080031f50
core   0: 0x000000008000ff8e (0xfcf76de3) bltu    a4, a5, pc - 38
core   0: 3 0x000000008000ff8e (0xfcf76de3)
core   0: 0x000000008000ff68 (0xfe043783) ld      a5, -32(s0)
core   0: 3 0x000000008000ff68 (0xfe043783) x15 0x0000000080012066 mem 0x0000000080031f50
core   0: 0x000000008000ff6c (0x00178713) addi    a4, a5, 1
core   0: 3 0x000000008000ff6c (0x00178713) x14 0x0000000080012067
core   0: 0x000000008000ff70 (0xfee43023) sd      a4, -32(s0)
core   0: 3 0x000000008000ff70 (0xfee43023) mem 0x0000000080031f50 0x0000000080012067
core   0: 0x000000008000ff74 (0xfc442703) lw      a4, -60(s0)
core   0: 3 0x000000008000ff74 (0xfc442703) x14 0x0000000000000000 mem 0x0000000080031f34
core   0: 0x000000008000ff78 (0x0ff77713) andi    a4, a4, 255
core   0: 3 0x000000008000ff78 (0x0ff77713) x14 0x0000000000000000
core   0: 0x000000008000ff7c (0x00e78023) sb      a4, 0(a5)
core   0: 3 0x000000008000ff7c (0x00e78023) mem 0x0000000080012066 0x00
core   0: 0x000000008000ff80 (0xfc843703) ld      a4, -56(s0)
core   0: 3 0x000000008000ff80 (0xfc843703) x14 0x0000000080012040 mem 0x0000000080031f38
core   0: 0x000000008000ff84 (0xfb843783) ld      a5, -72(s0)
core   0: 3 0x000000008000ff84 (0xfb843783) x15 0x000000000000009c mem 0x0000000080031f28
core   0: 0x000000008000ff88 (0x000097ba) c.add   a5, a4
core   0: 3 0x000000008000ff88 (0x97ba) x15 0x00000000800120dc
core   0: 0x000000008000ff8a (0xfe043703) ld      a4, -32(s0)
core   0: 3 0x000000008000ff8a (0xfe043703) x14 0x0000000080012067 mem 0x0000000080031f50
core   0: 0x000000008000ff8e (0xfcf76de3) bltu    a4, a5, pc - 38
core   0: 3 0x000000008000ff8e (0xfcf76de3)
core   0: 0x000000008000ff68 (0xfe043783) ld      a5, -32(s0)
core   0: 3 0x000000008000ff68 (0xfe043783) x15 0x0000000080012067 mem 0x0000000080031f50
core   0: 0x000000008000ff6c (0x00178713) addi    a4, a5, 1
core   0: 3 0x000000008000ff6c (0x00178713) x14 0x0000000080012068
core   0: 0x000000008000ff70 (0xfee43023) sd      a4, -32(s0)
core   0: 3 0x000000008000ff70 (0xfee43023) mem 0x0000000080031f50 0x0000000080012068
core   0: 0x000000008000ff74 (0xfc442703) lw      a4, -60(s0)
core   0: 3 0x000000008000ff74 (0xfc442703) x14 0x0000000000000000 mem 0x0000000080031f34
core   0: 0x000000008000ff78 (0x0ff77713) andi    a4, a4, 255
core   0: 3 0x000000008000ff78 (0x0ff77713) x14 0x0000000000000000
core   0: 0x000000008000ff7c (0x00e78023) sb      a4, 0(a5)
core   0: 3 0x000000008000ff7c (0x00e78023) mem 0x0000000080012067 0x00
core   0: 0x000000008000ff80 (0xfc843703) ld      a4, -56(s0)
core   0: 3 0x000000008000ff80 (0xfc843703) x14 0x0000000080012040 mem 0x0000000080031f38
core   0: 0x000000008000ff84 (0xfb843783) ld      a5, -72(s0)
core   0: 3 0x000000008000ff84 (0xfb843783) x15 0x000000000000009c mem 0x0000000080031f28
core   0: 0x000000008000ff88 (0x000097ba) c.add   a5, a4
core   0: 3 0x000000008000ff88 (0x97ba) x15 0x00000000800120dc
core   0: 0x000000008000ff8a (0xfe043703) ld      a4, -32(s0)
core   0: 3 0x000000008000ff8a (0xfe043703) x14 0x0000000080012068 mem 0x0000000080031f50
core   0: 0x000000008000ff8e (0xfcf76de3) bltu    a4, a5, pc - 38
core   0: 3 0x000000008000ff8e (0xfcf76de3)
core   0: 0x000000008000ff68 (0xfe043783) ld      a5, -32(s0)
core   0: 3 0x000000008000ff68 (0xfe043783) x15 0x0000000080012068 mem 0x0000000080031f50
core   0: 0x000000008000ff6c (0x00178713) addi    a4, a5, 1
core   0: 3 0x000000008000ff6c (0x00178713) x14 0x0000000080012069
core   0: 0x000000008000ff70 (0xfee43023) sd      a4, -32(s0)
core   0: 3 0x000000008000ff70 (0xfee43023) mem 0x0000000080031f50 0x0000000080012069
core   0: 0x000000008000ff74 (0xfc442703) lw      a4, -60(s0)
core   0: 3 0x000000008000ff74 (0xfc442703) x14 0x0000000000000000 mem 0x0000000080031f34
core   0: 0x000000008000ff78 (0x0ff77713) andi    a4, a4, 255
core   0: 3 0x000000008000ff78 (0x0ff77713) x14 0x0000000000000000
core   0: 0x000000008000ff7c (0x00e78023) sb      a4, 0(a5)
core   0: 3 0x000000008000ff7c (0x00e78023) mem 0x0000000080012068 0x00
core   0: 0x000000008000ff80 (0xfc843703) ld      a4, -56(s0)
core   0: 3 0x000000008000ff80 (0xfc843703) x14 0x0000000080012040 mem 0x0000000080031f38
core   0: 0x000000008000ff84 (0xfb843783) ld      a5, -72(s0)
core   0: 3 0x000000008000ff84 (0xfb843783) x15 0x000000000000009c mem 0x0000000080031f28
core   0: 0x000000008000ff88 (0x000097ba) c.add   a5, a4
core   0: 3 0x000000008000ff88 (0x97ba) x15 0x00000000800120dc
core   0: 0x000000008000ff8a (0xfe043703) ld      a4, -32(s0)
core   0: 3 0x000000008000ff8a (0xfe043703) x14 0x0000000080012069 mem 0x0000000080031f50
core   0: 0x000000008000ff8e (0xfcf76de3) bltu    a4, a5, pc - 38
core   0: 3 0x000000008000ff8e (0xfcf76de3)
core   0: 0x000000008000ff68 (0xfe043783) ld      a5, -32(s0)
core   0: 3 0x000000008000ff68 (0xfe043783) x15 0x0000000080012069 mem 0x0000000080031f50
core   0: 0x000000008000ff6c (0x00178713) addi    a4, a5, 1
core   0: 3 0x000000008000ff6c (0x00178713) x14 0x000000008001206a
core   0: 0x000000008000ff70 (0xfee43023) sd      a4, -32(s0)
core   0: 3 0x000000008000ff70 (0xfee43023) mem 0x0000000080031f50 0x000000008001206a
core   0: 0x000000008000ff74 (0xfc442703) lw      a4, -60(s0)
core   0: 3 0x000000008000ff74 (0xfc442703) x14 0x0000000000000000 mem 0x0000000080031f34
core   0: 0x000000008000ff78 (0x0ff77713) andi    a4, a4, 255
core   0: 3 0x000000008000ff78 (0x0ff77713) x14 0x0000000000000000
core   0: 0x000000008000ff7c (0x00e78023) sb      a4, 0(a5)
core   0: 3 0x000000008000ff7c (0x00e78023) mem 0x0000000080012069 0x00
core   0: 0x000000008000ff80 (0xfc843703) ld      a4, -56(s0)
core   0: 3 0x000000008000ff80 (0xfc843703) x14 0x0000000080012040 mem 0x0000000080031f38
core   0: 0x000000008000ff84 (0xfb843783) ld      a5, -72(s0)
core   0: 3 0x000000008000ff84 (0xfb843783) x15 0x000000000000009c mem 0x0000000080031f28
core   0: 0x000000008000ff88 (0x000097ba) c.add   a5, a4
core   0: 3 0x000000008000ff88 (0x97ba) x15 0x00000000800120dc
core   0: 0x000000008000ff8a (0xfe043703) ld      a4, -32(s0)
core   0: 3 0x000000008000ff8a (0xfe043703) x14 0x000000008001206a mem 0x0000000080031f50
core   0: 0x000000008000ff8e (0xfcf76de3) bltu    a4, a5, pc - 38
core   0: 3 0x000000008000ff8e (0xfcf76de3)
core   0: 0x000000008000ff68 (0xfe043783) ld      a5, -32(s0)
core   0: 3 0x000000008000ff68 (0xfe043783) x15 0x000000008001206a mem 0x0000000080031f50
core   0: 0x000000008000ff6c (0x00178713) addi    a4, a5, 1
core   0: 3 0x000000008000ff6c (0x00178713) x14 0x000000008001206b
core   0: 0x000000008000ff70 (0xfee43023) sd      a4, -32(s0)
core   0: 3 0x000000008000ff70 (0xfee43023) mem 0x0000000080031f50 0x000000008001206b
core   0: 0x000000008000ff74 (0xfc442703) lw      a4, -60(s0)
core   0: 3 0x000000008000ff74 (0xfc442703) x14 0x0000000000000000 mem 0x0000000080031f34
core   0: 0x000000008000ff78 (0x0ff77713) andi    a4, a4, 255
core   0: 3 0x000000008000ff78 (0x0ff77713) x14 0x0000000000000000
core   0: 0x000000008000ff7c (0x00e78023) sb      a4, 0(a5)
core   0: 3 0x000000008000ff7c (0x00e78023) mem 0x000000008001206a 0x00
core   0: 0x000000008000ff80 (0xfc843703) ld      a4, -56(s0)
core   0: 3 0x000000008000ff80 (0xfc843703) x14 0x0000000080012040 mem 0x0000000080031f38
core   0: 0x000000008000ff84 (0xfb843783) ld      a5, -72(s0)
core   0: 3 0x000000008000ff84 (0xfb843783) x15 0x000000000000009c mem 0x0000000080031f28
core   0: 0x000000008000ff88 (0x000097ba) c.add   a5, a4
core   0: 3 0x000000008000ff88 (0x97ba) x15 0x00000000800120dc
core   0: 0x000000008000ff8a (0xfe043703) ld      a4, -32(s0)
core   0: 3 0x000000008000ff8a (0xfe043703) x14 0x000000008001206b mem 0x0000000080031f50
core   0: 0x000000008000ff8e (0xfcf76de3) bltu    a4, a5, pc - 38
core   0: 3 0x000000008000ff8e (0xfcf76de3)
core   0: 0x000000008000ff68 (0xfe043783) ld      a5, -32(s0)
core   0: 3 0x000000008000ff68 (0xfe043783) x15 0x000000008001206b mem 0x0000000080031f50
core   0: 0x000000008000ff6c (0x00178713) addi    a4, a5, 1
core   0: 3 0x000000008000ff6c (0x00178713) x14 0x000000008001206c
core   0: 0x000000008000ff70 (0xfee43023) sd      a4, -32(s0)
core   0: 3 0x000000008000ff70 (0xfee43023) mem 0x0000000080031f50 0x000000008001206c
core   0: 0x000000008000ff74 (0xfc442703) lw      a4, -60(s0)
core   0: 3 0x000000008000ff74 (0xfc442703) x14 0x0000000000000000 mem 0x0000000080031f34
core   0: 0x000000008000ff78 (0x0ff77713) andi    a4, a4, 255
core   0: 3 0x000000008000ff78 (0x0ff77713) x14 0x0000000000000000
core   0: 0x000000008000ff7c (0x00e78023) sb      a4, 0(a5)
core   0: 3 0x000000008000ff7c (0x00e78023) mem 0x000000008001206b 0x00
core   0: 0x000000008000ff80 (0xfc843703) ld      a4, -56(s0)
core   0: 3 0x000000008000ff80 (0xfc843703) x14 0x0000000080012040 mem 0x0000000080031f38
core   0: 0x000000008000ff84 (0xfb843783) ld      a5, -72(s0)
core   0: 3 0x000000008000ff84 (0xfb843783) x15 0x000000000000009c mem 0x0000000080031f28
core   0: 0x000000008000ff88 (0x000097ba) c.add   a5, a4
core   0: 3 0x000000008000ff88 (0x97ba) x15 0x00000000800120dc
core   0: 0x000000008000ff8a (0xfe043703) ld      a4, -32(s0)
core   0: 3 0x000000008000ff8a (0xfe043703) x14 0x000000008001206c mem 0x0000000080031f50
core   0: 0x000000008000ff8e (0xfcf76de3) bltu    a4, a5, pc - 38
core   0: 3 0x000000008000ff8e (0xfcf76de3)
core   0: 0x000000008000ff68 (0xfe043783) ld      a5, -32(s0)
core   0: 3 0x000000008000ff68 (0xfe043783) x15 0x000000008001206c mem 0x0000000080031f50
core   0: 0x000000008000ff6c (0x00178713) addi    a4, a5, 1
core   0: 3 0x000000008000ff6c (0x00178713) x14 0x000000008001206d
core   0: 0x000000008000ff70 (0xfee43023) sd      a4, -32(s0)
core   0: 3 0x000000008000ff70 (0xfee43023) mem 0x0000000080031f50 0x000000008001206d
core   0: 0x000000008000ff74 (0xfc442703) lw      a4, -60(s0)
core   0: 3 0x000000008000ff74 (0xfc442703) x14 0x0000000000000000 mem 0x0000000080031f34
core   0: 0x000000008000ff78 (0x0ff77713) andi    a4, a4, 255
core   0: 3 0x000000008000ff78 (0x0ff77713) x14 0x0000000000000000
core   0: 0x000000008000ff7c (0x00e78023) sb      a4, 0(a5)
core   0: 3 0x000000008000ff7c (0x00e78023) mem 0x000000008001206c 0x00
core   0: 0x000000008000ff80 (0xfc843703) ld      a4, -56(s0)
core   0: 3 0x000000008000ff80 (0xfc843703) x14 0x0000000080012040 mem 0x0000000080031f38
core   0: 0x000000008000ff84 (0xfb843783) ld      a5, -72(s0)
core   0: 3 0x000000008000ff84 (0xfb843783) x15 0x000000000000009c mem 0x0000000080031f28
core   0: 0x000000008000ff88 (0x000097ba) c.add   a5, a4
core   0: 3 0x000000008000ff88 (0x97ba) x15 0x00000000800120dc
core   0: 0x000000008000ff8a (0xfe043703) ld      a4, -32(s0)
core   0: 3 0x000000008000ff8a (0xfe043703) x14 0x000000008001206d mem 0x0000000080031f50
core   0: 0x000000008000ff8e (0xfcf76de3) bltu    a4, a5, pc - 38
core   0: 3 0x000000008000ff8e (0xfcf76de3)
core   0: 0x000000008000ff68 (0xfe043783) ld      a5, -32(s0)
core   0: 3 0x000000008000ff68 (0xfe043783) x15 0x000000008001206d mem 0x0000000080031f50
core   0: 0x000000008000ff6c (0x00178713) addi    a4, a5, 1
core   0: 3 0x000000008000ff6c (0x00178713) x14 0x000000008001206e
core   0: 0x000000008000ff70 (0xfee43023) sd      a4, -32(s0)
core   0: 3 0x000000008000ff70 (0xfee43023) mem 0x0000000080031f50 0x000000008001206e
core   0: 0x000000008000ff74 (0xfc442703) lw      a4, -60(s0)
core   0: 3 0x000000008000ff74 (0xfc442703) x14 0x0000000000000000 mem 0x0000000080031f34
core   0: 0x000000008000ff78 (0x0ff77713) andi    a4, a4, 255
core   0: 3 0x000000008000ff78 (0x0ff77713) x14 0x0000000000000000
core   0: 0x000000008000ff7c (0x00e78023) sb      a4, 0(a5)
core   0: 3 0x000000008000ff7c (0x00e78023) mem 0x000000008001206d 0x00
core   0: 0x000000008000ff80 (0xfc843703) ld      a4, -56(s0)
core   0: 3 0x000000008000ff80 (0xfc843703) x14 0x0000000080012040 mem 0x0000000080031f38
core   0: 0x000000008000ff84 (0xfb843783) ld      a5, -72(s0)
core   0: 3 0x000000008000ff84 (0xfb843783) x15 0x000000000000009c mem 0x0000000080031f28
core   0: 0x000000008000ff88 (0x000097ba) c.add   a5, a4
core   0: 3 0x000000008000ff88 (0x97ba) x15 0x00000000800120dc
core   0: 0x000000008000ff8a (0xfe043703) ld      a4, -32(s0)
core   0: 3 0x000000008000ff8a (0xfe043703) x14 0x000000008001206e mem 0x0000000080031f50
core   0: 0x000000008000ff8e (0xfcf76de3) bltu    a4, a5, pc - 38
core   0: 3 0x000000008000ff8e (0xfcf76de3)
core   0: 0x000000008000ff68 (0xfe043783) ld      a5, -32(s0)
core   0: 3 0x000000008000ff68 (0xfe043783) x15 0x000000008001206e mem 0x0000000080031f50
core   0: 0x000000008000ff6c (0x00178713) addi    a4, a5, 1
core   0: 3 0x000000008000ff6c (0x00178713) x14 0x000000008001206f
core   0: 0x000000008000ff70 (0xfee43023) sd      a4, -32(s0)
core   0: 3 0x000000008000ff70 (0xfee43023) mem 0x0000000080031f50 0x000000008001206f
core   0: 0x000000008000ff74 (0xfc442703) lw      a4, -60(s0)
core   0: 3 0x000000008000ff74 (0xfc442703) x14 0x0000000000000000 mem 0x0000000080031f34
core   0: 0x000000008000ff78 (0x0ff77713) andi    a4, a4, 255
core   0: 3 0x000000008000ff78 (0x0ff77713) x14 0x0000000000000000
core   0: 0x000000008000ff7c (0x00e78023) sb      a4, 0(a5)
core   0: 3 0x000000008000ff7c (0x00e78023) mem 0x000000008001206e 0x00
core   0: 0x000000008000ff80 (0xfc843703) ld      a4, -56(s0)
core   0: 3 0x000000008000ff80 (0xfc843703) x14 0x0000000080012040 mem 0x0000000080031f38
core   0: 0x000000008000ff84 (0xfb843783) ld      a5, -72(s0)
core   0: 3 0x000000008000ff84 (0xfb843783) x15 0x000000000000009c mem 0x0000000080031f28
core   0: 0x000000008000ff88 (0x000097ba) c.add   a5, a4
core   0: 3 0x000000008000ff88 (0x97ba) x15 0x00000000800120dc
core   0: 0x000000008000ff8a (0xfe043703) ld      a4, -32(s0)
core   0: 3 0x000000008000ff8a (0xfe043703) x14 0x000000008001206f mem 0x0000000080031f50
core   0: 0x000000008000ff8e (0xfcf76de3) bltu    a4, a5, pc - 38
core   0: 3 0x000000008000ff8e (0xfcf76de3)
core   0: 0x000000008000ff68 (0xfe043783) ld      a5, -32(s0)
core   0: 3 0x000000008000ff68 (0xfe043783) x15 0x000000008001206f mem 0x0000000080031f50
core   0: 0x000000008000ff6c (0x00178713) addi    a4, a5, 1
core   0: 3 0x000000008000ff6c (0x00178713) x14 0x0000000080012070
core   0: 0x000000008000ff70 (0xfee43023) sd      a4, -32(s0)
core   0: 3 0x000000008000ff70 (0xfee43023) mem 0x0000000080031f50 0x0000000080012070
core   0: 0x000000008000ff74 (0xfc442703) lw      a4, -60(s0)
core   0: 3 0x000000008000ff74 (0xfc442703) x14 0x0000000000000000 mem 0x0000000080031f34
core   0: 0x000000008000ff78 (0x0ff77713) andi    a4, a4, 255
core   0: 3 0x000000008000ff78 (0x0ff77713) x14 0x0000000000000000
core   0: 0x000000008000ff7c (0x00e78023) sb      a4, 0(a5)
core   0: 3 0x000000008000ff7c (0x00e78023) mem 0x000000008001206f 0x00
core   0: 0x000000008000ff80 (0xfc843703) ld      a4, -56(s0)
core   0: 3 0x000000008000ff80 (0xfc843703) x14 0x0000000080012040 mem 0x0000000080031f38
core   0: 0x000000008000ff84 (0xfb843783) ld      a5, -72(s0)
core   0: 3 0x000000008000ff84 (0xfb843783) x15 0x000000000000009c mem 0x0000000080031f28
core   0: 0x000000008000ff88 (0x000097ba) c.add   a5, a4
core   0: 3 0x000000008000ff88 (0x97ba) x15 0x00000000800120dc
core   0: 0x000000008000ff8a (0xfe043703) ld      a4, -32(s0)
core   0: 3 0x000000008000ff8a (0xfe043703) x14 0x0000000080012070 mem 0x0000000080031f50
core   0: 0x000000008000ff8e (0xfcf76de3) bltu    a4, a5, pc - 38
core   0: 3 0x000000008000ff8e (0xfcf76de3)
core   0: 0x000000008000ff68 (0xfe043783) ld      a5, -32(s0)
core   0: 3 0x000000008000ff68 (0xfe043783) x15 0x0000000080012070 mem 0x0000000080031f50
core   0: 0x000000008000ff6c (0x00178713) addi    a4, a5, 1
core   0: 3 0x000000008000ff6c (0x00178713) x14 0x0000000080012071
core   0: 0x000000008000ff70 (0xfee43023) sd      a4, -32(s0)
core   0: 3 0x000000008000ff70 (0xfee43023) mem 0x0000000080031f50 0x0000000080012071
core   0: 0x000000008000ff74 (0xfc442703) lw      a4, -60(s0)
core   0: 3 0x000000008000ff74 (0xfc442703) x14 0x0000000000000000 mem 0x0000000080031f34
core   0: 0x000000008000ff78 (0x0ff77713) andi    a4, a4, 255
core   0: 3 0x000000008000ff78 (0x0ff77713) x14 0x0000000000000000
core   0: 0x000000008000ff7c (0x00e78023) sb      a4, 0(a5)
core   0: 3 0x000000008000ff7c (0x00e78023) mem 0x0000000080012070 0x00
core   0: 0x000000008000ff80 (0xfc843703) ld      a4, -56(s0)
core   0: 3 0x000000008000ff80 (0xfc843703) x14 0x0000000080012040 mem 0x0000000080031f38
core   0: 0x000000008000ff84 (0xfb843783) ld      a5, -72(s0)
core   0: 3 0x000000008000ff84 (0xfb843783) x15 0x000000000000009c mem 0x0000000080031f28
core   0: 0x000000008000ff88 (0x000097ba) c.add   a5, a4
core   0: 3 0x000000008000ff88 (0x97ba) x15 0x00000000800120dc
core   0: 0x000000008000ff8a (0xfe043703) ld      a4, -32(s0)
core   0: 3 0x000000008000ff8a (0xfe043703) x14 0x0000000080012071 mem 0x0000000080031f50
core   0: 0x000000008000ff8e (0xfcf76de3) bltu    a4, a5, pc - 38
core   0: 3 0x000000008000ff8e (0xfcf76de3)
core   0: 0x000000008000ff68 (0xfe043783) ld      a5, -32(s0)
core   0: 3 0x000000008000ff68 (0xfe043783) x15 0x0000000080012071 mem 0x0000000080031f50
core   0: 0x000000008000ff6c (0x00178713) addi    a4, a5, 1
core   0: 3 0x000000008000ff6c (0x00178713) x14 0x0000000080012072
core   0: 0x000000008000ff70 (0xfee43023) sd      a4, -32(s0)
core   0: 3 0x000000008000ff70 (0xfee43023) mem 0x0000000080031f50 0x0000000080012072
core   0: 0x000000008000ff74 (0xfc442703) lw      a4, -60(s0)
core   0: 3 0x000000008000ff74 (0xfc442703) x14 0x0000000000000000 mem 0x0000000080031f34
core   0: 0x000000008000ff78 (0x0ff77713) andi    a4, a4, 255
core   0: 3 0x000000008000ff78 (0x0ff77713) x14 0x0000000000000000
core   0: 0x000000008000ff7c (0x00e78023) sb      a4, 0(a5)
core   0: 3 0x000000008000ff7c (0x00e78023) mem 0x0000000080012071 0x00
core   0: 0x000000008000ff80 (0xfc843703) ld      a4, -56(s0)
core   0: 3 0x000000008000ff80 (0xfc843703) x14 0x0000000080012040 mem 0x0000000080031f38
core   0: 0x000000008000ff84 (0xfb843783) ld      a5, -72(s0)
core   0: 3 0x000000008000ff84 (0xfb843783) x15 0x000000000000009c mem 0x0000000080031f28
core   0: 0x000000008000ff88 (0x000097ba) c.add   a5, a4
core   0: 3 0x000000008000ff88 (0x97ba) x15 0x00000000800120dc
core   0: 0x000000008000ff8a (0xfe043703) ld      a4, -32(s0)
core   0: 3 0x000000008000ff8a (0xfe043703) x14 0x0000000080012072 mem 0x0000000080031f50
core   0: 0x000000008000ff8e (0xfcf76de3) bltu    a4, a5, pc - 38
core   0: 3 0x000000008000ff8e (0xfcf76de3)
core   0: 0x000000008000ff68 (0xfe043783) ld      a5, -32(s0)
core   0: 3 0x000000008000ff68 (0xfe043783) x15 0x0000000080012072 mem 0x0000000080031f50
core   0: 0x000000008000ff6c (0x00178713) addi    a4, a5, 1
core   0: 3 0x000000008000ff6c (0x00178713) x14 0x0000000080012073
core   0: 0x000000008000ff70 (0xfee43023) sd      a4, -32(s0)
core   0: 3 0x000000008000ff70 (0xfee43023) mem 0x0000000080031f50 0x0000000080012073
core   0: 0x000000008000ff74 (0xfc442703) lw      a4, -60(s0)
core   0: 3 0x000000008000ff74 (0xfc442703) x14 0x0000000000000000 mem 0x0000000080031f34
core   0: 0x000000008000ff78 (0x0ff77713) andi    a4, a4, 255
core   0: 3 0x000000008000ff78 (0x0ff77713) x14 0x0000000000000000
core   0: 0x000000008000ff7c (0x00e78023) sb      a4, 0(a5)
core   0: 3 0x000000008000ff7c (0x00e78023) mem 0x0000000080012072 0x00
core   0: 0x000000008000ff80 (0xfc843703) ld      a4, -56(s0)
core   0: 3 0x000000008000ff80 (0xfc843703) x14 0x0000000080012040 mem 0x0000000080031f38
core   0: 0x000000008000ff84 (0xfb843783) ld      a5, -72(s0)
core   0: 3 0x000000008000ff84 (0xfb843783) x15 0x000000000000009c mem 0x0000000080031f28
core   0: 0x000000008000ff88 (0x000097ba) c.add   a5, a4
core   0: 3 0x000000008000ff88 (0x97ba) x15 0x00000000800120dc
core   0: 0x000000008000ff8a (0xfe043703) ld      a4, -32(s0)
core   0: 3 0x000000008000ff8a (0xfe043703) x14 0x0000000080012073 mem 0x0000000080031f50
core   0: 0x000000008000ff8e (0xfcf76de3) bltu    a4, a5, pc - 38
core   0: 3 0x000000008000ff8e (0xfcf76de3)
core   0: 0x000000008000ff68 (0xfe043783) ld      a5, -32(s0)
core   0: 3 0x000000008000ff68 (0xfe043783) x15 0x0000000080012073 mem 0x0000000080031f50
core   0: 0x000000008000ff6c (0x00178713) addi    a4, a5, 1
core   0: 3 0x000000008000ff6c (0x00178713) x14 0x0000000080012074
core   0: 0x000000008000ff70 (0xfee43023) sd      a4, -32(s0)
core   0: 3 0x000000008000ff70 (0xfee43023) mem 0x0000000080031f50 0x0000000080012074
core   0: 0x000000008000ff74 (0xfc442703) lw      a4, -60(s0)
core   0: 3 0x000000008000ff74 (0xfc442703) x14 0x0000000000000000 mem 0x0000000080031f34
core   0: 0x000000008000ff78 (0x0ff77713) andi    a4, a4, 255
core   0: 3 0x000000008000ff78 (0x0ff77713) x14 0x0000000000000000
core   0: 0x000000008000ff7c (0x00e78023) sb      a4, 0(a5)
core   0: 3 0x000000008000ff7c (0x00e78023) mem 0x0000000080012073 0x00
core   0: 0x000000008000ff80 (0xfc843703) ld      a4, -56(s0)
core   0: 3 0x000000008000ff80 (0xfc843703) x14 0x0000000080012040 mem 0x0000000080031f38
core   0: 0x000000008000ff84 (0xfb843783) ld      a5, -72(s0)
core   0: 3 0x000000008000ff84 (0xfb843783) x15 0x000000000000009c mem 0x0000000080031f28
core   0: 0x000000008000ff88 (0x000097ba) c.add   a5, a4
core   0: 3 0x000000008000ff88 (0x97ba) x15 0x00000000800120dc
core   0: 0x000000008000ff8a (0xfe043703) ld      a4, -32(s0)
core   0: 3 0x000000008000ff8a (0xfe043703) x14 0x0000000080012074 mem 0x0000000080031f50
core   0: 0x000000008000ff8e (0xfcf76de3) bltu    a4, a5, pc - 38
core   0: 3 0x000000008000ff8e (0xfcf76de3)
core   0: 0x000000008000ff68 (0xfe043783) ld      a5, -32(s0)
core   0: 3 0x000000008000ff68 (0xfe043783) x15 0x0000000080012074 mem 0x0000000080031f50
core   0: 0x000000008000ff6c (0x00178713) addi    a4, a5, 1
core   0: 3 0x000000008000ff6c (0x00178713) x14 0x0000000080012075
core   0: 0x000000008000ff70 (0xfee43023) sd      a4, -32(s0)
core   0: 3 0x000000008000ff70 (0xfee43023) mem 0x0000000080031f50 0x0000000080012075
core   0: 0x000000008000ff74 (0xfc442703) lw      a4, -60(s0)
core   0: 3 0x000000008000ff74 (0xfc442703) x14 0x0000000000000000 mem 0x0000000080031f34
core   0: 0x000000008000ff78 (0x0ff77713) andi    a4, a4, 255
core   0: 3 0x000000008000ff78 (0x0ff77713) x14 0x0000000000000000
core   0: 0x000000008000ff7c (0x00e78023) sb      a4, 0(a5)
core   0: 3 0x000000008000ff7c (0x00e78023) mem 0x0000000080012074 0x00
core   0: 0x000000008000ff80 (0xfc843703) ld      a4, -56(s0)
core   0: 3 0x000000008000ff80 (0xfc843703) x14 0x0000000080012040 mem 0x0000000080031f38
core   0: 0x000000008000ff84 (0xfb843783) ld      a5, -72(s0)
core   0: 3 0x000000008000ff84 (0xfb843783) x15 0x000000000000009c mem 0x0000000080031f28
core   0: 0x000000008000ff88 (0x000097ba) c.add   a5, a4
core   0: 3 0x000000008000ff88 (0x97ba) x15 0x00000000800120dc
core   0: 0x000000008000ff8a (0xfe043703) ld      a4, -32(s0)
core   0: 3 0x000000008000ff8a (0xfe043703) x14 0x0000000080012075 mem 0x0000000080031f50
core   0: 0x000000008000ff8e (0xfcf76de3) bltu    a4, a5, pc - 38
core   0: 3 0x000000008000ff8e (0xfcf76de3)
core   0: 0x000000008000ff68 (0xfe043783) ld      a5, -32(s0)
core   0: 3 0x000000008000ff68 (0xfe043783) x15 0x0000000080012075 mem 0x0000000080031f50
core   0: 0x000000008000ff6c (0x00178713) addi    a4, a5, 1
core   0: 3 0x000000008000ff6c (0x00178713) x14 0x0000000080012076
core   0: 0x000000008000ff70 (0xfee43023) sd      a4, -32(s0)
core   0: 3 0x000000008000ff70 (0xfee43023) mem 0x0000000080031f50 0x0000000080012076
core   0: 0x000000008000ff74 (0xfc442703) lw      a4, -60(s0)
core   0: 3 0x000000008000ff74 (0xfc442703) x14 0x0000000000000000 mem 0x0000000080031f34
core   0: 0x000000008000ff78 (0x0ff77713) andi    a4, a4, 255
core   0: 3 0x000000008000ff78 (0x0ff77713) x14 0x0000000000000000
core   0: 0x000000008000ff7c (0x00e78023) sb      a4, 0(a5)
core   0: 3 0x000000008000ff7c (0x00e78023) mem 0x0000000080012075 0x00
core   0: 0x000000008000ff80 (0xfc843703) ld      a4, -56(s0)
core   0: 3 0x000000008000ff80 (0xfc843703) x14 0x0000000080012040 mem 0x0000000080031f38
core   0: 0x000000008000ff84 (0xfb843783) ld      a5, -72(s0)
core   0: 3 0x000000008000ff84 (0xfb843783) x15 0x000000000000009c mem 0x0000000080031f28
core   0: 0x000000008000ff88 (0x000097ba) c.add   a5, a4
core   0: 3 0x000000008000ff88 (0x97ba) x15 0x00000000800120dc
core   0: 0x000000008000ff8a (0xfe043703) ld      a4, -32(s0)
core   0: 3 0x000000008000ff8a (0xfe043703) x14 0x0000000080012076 mem 0x0000000080031f50
core   0: 0x000000008000ff8e (0xfcf76de3) bltu    a4, a5, pc - 38
core   0: 3 0x000000008000ff8e (0xfcf76de3)
core   0: 0x000000008000ff68 (0xfe043783) ld      a5, -32(s0)
core   0: 3 0x000000008000ff68 (0xfe043783) x15 0x0000000080012076 mem 0x0000000080031f50
core   0: 0x000000008000ff6c (0x00178713) addi    a4, a5, 1
core   0: 3 0x000000008000ff6c (0x00178713) x14 0x0000000080012077
core   0: 0x000000008000ff70 (0xfee43023) sd      a4, -32(s0)
core   0: 3 0x000000008000ff70 (0xfee43023) mem 0x0000000080031f50 0x0000000080012077
core   0: 0x000000008000ff74 (0xfc442703) lw      a4, -60(s0)
core   0: 3 0x000000008000ff74 (0xfc442703) x14 0x0000000000000000 mem 0x0000000080031f34
core   0: 0x000000008000ff78 (0x0ff77713) andi    a4, a4, 255
core   0: 3 0x000000008000ff78 (0x0ff77713) x14 0x0000000000000000
core   0: 0x000000008000ff7c (0x00e78023) sb      a4, 0(a5)
core   0: 3 0x000000008000ff7c (0x00e78023) mem 0x0000000080012076 0x00
core   0: 0x000000008000ff80 (0xfc843703) ld      a4, -56(s0)
core   0: 3 0x000000008000ff80 (0xfc843703) x14 0x0000000080012040 mem 0x0000000080031f38
core   0: 0x000000008000ff84 (0xfb843783) ld      a5, -72(s0)
core   0: 3 0x000000008000ff84 (0xfb843783) x15 0x000000000000009c mem 0x0000000080031f28
core   0: 0x000000008000ff88 (0x000097ba) c.add   a5, a4
core   0: 3 0x000000008000ff88 (0x97ba) x15 0x00000000800120dc
core   0: 0x000000008000ff8a (0xfe043703) ld      a4, -32(s0)
core   0: 3 0x000000008000ff8a (0xfe043703) x14 0x0000000080012077 mem 0x0000000080031f50
core   0: 0x000000008000ff8e (0xfcf76de3) bltu    a4, a5, pc - 38
core   0: 3 0x000000008000ff8e (0xfcf76de3)
core   0: 0x000000008000ff68 (0xfe043783) ld      a5, -32(s0)
core   0: 3 0x000000008000ff68 (0xfe043783) x15 0x0000000080012077 mem 0x0000000080031f50
core   0: 0x000000008000ff6c (0x00178713) addi    a4, a5, 1
core   0: 3 0x000000008000ff6c (0x00178713) x14 0x0000000080012078
core   0: 0x000000008000ff70 (0xfee43023) sd      a4, -32(s0)
core   0: 3 0x000000008000ff70 (0xfee43023) mem 0x0000000080031f50 0x0000000080012078
core   0: 0x000000008000ff74 (0xfc442703) lw      a4, -60(s0)
core   0: 3 0x000000008000ff74 (0xfc442703) x14 0x0000000000000000 mem 0x0000000080031f34
core   0: 0x000000008000ff78 (0x0ff77713) andi    a4, a4, 255
core   0: 3 0x000000008000ff78 (0x0ff77713) x14 0x0000000000000000
core   0: 0x000000008000ff7c (0x00e78023) sb      a4, 0(a5)
core   0: 3 0x000000008000ff7c (0x00e78023) mem 0x0000000080012077 0x00
core   0: 0x000000008000ff80 (0xfc843703) ld      a4, -56(s0)
core   0: 3 0x000000008000ff80 (0xfc843703) x14 0x0000000080012040 mem 0x0000000080031f38
core   0: 0x000000008000ff84 (0xfb843783) ld      a5, -72(s0)
core   0: 3 0x000000008000ff84 (0xfb843783) x15 0x000000000000009c mem 0x0000000080031f28
core   0: 0x000000008000ff88 (0x000097ba) c.add   a5, a4
core   0: 3 0x000000008000ff88 (0x97ba) x15 0x00000000800120dc
core   0: 0x000000008000ff8a (0xfe043703) ld      a4, -32(s0)
core   0: 3 0x000000008000ff8a (0xfe043703) x14 0x0000000080012078 mem 0x0000000080031f50
core   0: 0x000000008000ff8e (0xfcf76de3) bltu    a4, a5, pc - 38
core   0: 3 0x000000008000ff8e (0xfcf76de3)
core   0: 0x000000008000ff68 (0xfe043783) ld      a5, -32(s0)
core   0: 3 0x000000008000ff68 (0xfe043783) x15 0x0000000080012078 mem 0x0000000080031f50
core   0: 0x000000008000ff6c (0x00178713) addi    a4, a5, 1
core   0: 3 0x000000008000ff6c (0x00178713) x14 0x0000000080012079
core   0: 0x000000008000ff70 (0xfee43023) sd      a4, -32(s0)
core   0: 3 0x000000008000ff70 (0xfee43023) mem 0x0000000080031f50 0x0000000080012079
core   0: 0x000000008000ff74 (0xfc442703) lw      a4, -60(s0)
core   0: 3 0x000000008000ff74 (0xfc442703) x14 0x0000000000000000 mem 0x0000000080031f34
core   0: 0x000000008000ff78 (0x0ff77713) andi    a4, a4, 255
core   0: 3 0x000000008000ff78 (0x0ff77713) x14 0x0000000000000000
core   0: 0x000000008000ff7c (0x00e78023) sb      a4, 0(a5)
core   0: 3 0x000000008000ff7c (0x00e78023) mem 0x0000000080012078 0x00
core   0: 0x000000008000ff80 (0xfc843703) ld      a4, -56(s0)
core   0: 3 0x000000008000ff80 (0xfc843703) x14 0x0000000080012040 mem 0x0000000080031f38
core   0: 0x000000008000ff84 (0xfb843783) ld      a5, -72(s0)
core   0: 3 0x000000008000ff84 (0xfb843783) x15 0x000000000000009c mem 0x0000000080031f28
core   0: 0x000000008000ff88 (0x000097ba) c.add   a5, a4
core   0: 3 0x000000008000ff88 (0x97ba) x15 0x00000000800120dc
core   0: 0x000000008000ff8a (0xfe043703) ld      a4, -32(s0)
core   0: 3 0x000000008000ff8a (0xfe043703) x14 0x0000000080012079 mem 0x0000000080031f50
core   0: 0x000000008000ff8e (0xfcf76de3) bltu    a4, a5, pc - 38
core   0: 3 0x000000008000ff8e (0xfcf76de3)
core   0: 0x000000008000ff68 (0xfe043783) ld      a5, -32(s0)
core   0: 3 0x000000008000ff68 (0xfe043783) x15 0x0000000080012079 mem 0x0000000080031f50
core   0: 0x000000008000ff6c (0x00178713) addi    a4, a5, 1
core   0: 3 0x000000008000ff6c (0x00178713) x14 0x000000008001207a
core   0: 0x000000008000ff70 (0xfee43023) sd      a4, -32(s0)
core   0: 3 0x000000008000ff70 (0xfee43023) mem 0x0000000080031f50 0x000000008001207a
core   0: 0x000000008000ff74 (0xfc442703) lw      a4, -60(s0)
core   0: 3 0x000000008000ff74 (0xfc442703) x14 0x0000000000000000 mem 0x0000000080031f34
core   0: 0x000000008000ff78 (0x0ff77713) andi    a4, a4, 255
core   0: 3 0x000000008000ff78 (0x0ff77713) x14 0x0000000000000000
core   0: 0x000000008000ff7c (0x00e78023) sb      a4, 0(a5)
core   0: 3 0x000000008000ff7c (0x00e78023) mem 0x0000000080012079 0x00
core   0: 0x000000008000ff80 (0xfc843703) ld      a4, -56(s0)
core   0: 3 0x000000008000ff80 (0xfc843703) x14 0x0000000080012040 mem 0x0000000080031f38
core   0: 0x000000008000ff84 (0xfb843783) ld      a5, -72(s0)
core   0: 3 0x000000008000ff84 (0xfb843783) x15 0x000000000000009c mem 0x0000000080031f28
core   0: 0x000000008000ff88 (0x000097ba) c.add   a5, a4
core   0: 3 0x000000008000ff88 (0x97ba) x15 0x00000000800120dc
core   0: 0x000000008000ff8a (0xfe043703) ld      a4, -32(s0)
core   0: 3 0x000000008000ff8a (0xfe043703) x14 0x000000008001207a mem 0x0000000080031f50
core   0: 0x000000008000ff8e (0xfcf76de3) bltu    a4, a5, pc - 38
core   0: 3 0x000000008000ff8e (0xfcf76de3)
core   0: 0x000000008000ff68 (0xfe043783) ld      a5, -32(s0)
core   0: 3 0x000000008000ff68 (0xfe043783) x15 0x000000008001207a mem 0x0000000080031f50
core   0: 0x000000008000ff6c (0x00178713) addi    a4, a5, 1
core   0: 3 0x000000008000ff6c (0x00178713) x14 0x000000008001207b
core   0: 0x000000008000ff70 (0xfee43023) sd      a4, -32(s0)
core   0: 3 0x000000008000ff70 (0xfee43023) mem 0x0000000080031f50 0x000000008001207b
core   0: 0x000000008000ff74 (0xfc442703) lw      a4, -60(s0)
core   0: 3 0x000000008000ff74 (0xfc442703) x14 0x0000000000000000 mem 0x0000000080031f34
core   0: 0x000000008000ff78 (0x0ff77713) andi    a4, a4, 255
core   0: 3 0x000000008000ff78 (0x0ff77713) x14 0x0000000000000000
core   0: 0x000000008000ff7c (0x00e78023) sb      a4, 0(a5)
core   0: 3 0x000000008000ff7c (0x00e78023) mem 0x000000008001207a 0x00
core   0: 0x000000008000ff80 (0xfc843703) ld      a4, -56(s0)
core   0: 3 0x000000008000ff80 (0xfc843703) x14 0x0000000080012040 mem 0x0000000080031f38
core   0: 0x000000008000ff84 (0xfb843783) ld      a5, -72(s0)
core   0: 3 0x000000008000ff84 (0xfb843783) x15 0x000000000000009c mem 0x0000000080031f28
core   0: 0x000000008000ff88 (0x000097ba) c.add   a5, a4
core   0: 3 0x000000008000ff88 (0x97ba) x15 0x00000000800120dc
core   0: 0x000000008000ff8a (0xfe043703) ld      a4, -32(s0)
core   0: 3 0x000000008000ff8a (0xfe043703) x14 0x000000008001207b mem 0x0000000080031f50
core   0: 0x000000008000ff8e (0xfcf76de3) bltu    a4, a5, pc - 38
core   0: 3 0x000000008000ff8e (0xfcf76de3)
core   0: 0x000000008000ff68 (0xfe043783) ld      a5, -32(s0)
core   0: 3 0x000000008000ff68 (0xfe043783) x15 0x000000008001207b mem 0x0000000080031f50
core   0: 0x000000008000ff6c (0x00178713) addi    a4, a5, 1
core   0: 3 0x000000008000ff6c (0x00178713) x14 0x000000008001207c
core   0: 0x000000008000ff70 (0xfee43023) sd      a4, -32(s0)
core   0: 3 0x000000008000ff70 (0xfee43023) mem 0x0000000080031f50 0x000000008001207c
core   0: 0x000000008000ff74 (0xfc442703) lw      a4, -60(s0)
core   0: 3 0x000000008000ff74 (0xfc442703) x14 0x0000000000000000 mem 0x0000000080031f34
core   0: 0x000000008000ff78 (0x0ff77713) andi    a4, a4, 255
core   0: 3 0x000000008000ff78 (0x0ff77713) x14 0x0000000000000000
core   0: 0x000000008000ff7c (0x00e78023) sb      a4, 0(a5)
core   0: 3 0x000000008000ff7c (0x00e78023) mem 0x000000008001207b 0x00
core   0: 0x000000008000ff80 (0xfc843703) ld      a4, -56(s0)
core   0: 3 0x000000008000ff80 (0xfc843703) x14 0x0000000080012040 mem 0x0000000080031f38
core   0: 0x000000008000ff84 (0xfb843783) ld      a5, -72(s0)
core   0: 3 0x000000008000ff84 (0xfb843783) x15 0x000000000000009c mem 0x0000000080031f28
core   0: 0x000000008000ff88 (0x000097ba) c.add   a5, a4
core   0: 3 0x000000008000ff88 (0x97ba) x15 0x00000000800120dc
core   0: 0x000000008000ff8a (0xfe043703) ld      a4, -32(s0)
core   0: 3 0x000000008000ff8a (0xfe043703) x14 0x000000008001207c mem 0x0000000080031f50
core   0: 0x000000008000ff8e (0xfcf76de3) bltu    a4, a5, pc - 38
core   0: 3 0x000000008000ff8e (0xfcf76de3)
core   0: 0x000000008000ff68 (0xfe043783) ld      a5, -32(s0)
core   0: 3 0x000000008000ff68 (0xfe043783) x15 0x000000008001207c mem 0x0000000080031f50
core   0: 0x000000008000ff6c (0x00178713) addi    a4, a5, 1
core   0: 3 0x000000008000ff6c (0x00178713) x14 0x000000008001207d
core   0: 0x000000008000ff70 (0xfee43023) sd      a4, -32(s0)
core   0: 3 0x000000008000ff70 (0xfee43023) mem 0x0000000080031f50 0x000000008001207d
core   0: 0x000000008000ff74 (0xfc442703) lw      a4, -60(s0)
core   0: 3 0x000000008000ff74 (0xfc442703) x14 0x0000000000000000 mem 0x0000000080031f34
core   0: 0x000000008000ff78 (0x0ff77713) andi    a4, a4, 255
core   0: 3 0x000000008000ff78 (0x0ff77713) x14 0x0000000000000000
core   0: 0x000000008000ff7c (0x00e78023) sb      a4, 0(a5)
core   0: 3 0x000000008000ff7c (0x00e78023) mem 0x000000008001207c 0x00
core   0: 0x000000008000ff80 (0xfc843703) ld      a4, -56(s0)
core   0: 3 0x000000008000ff80 (0xfc843703) x14 0x0000000080012040 mem 0x0000000080031f38
core   0: 0x000000008000ff84 (0xfb843783) ld      a5, -72(s0)
core   0: 3 0x000000008000ff84 (0xfb843783) x15 0x000000000000009c mem 0x0000000080031f28
core   0: 0x000000008000ff88 (0x000097ba) c.add   a5, a4
core   0: 3 0x000000008000ff88 (0x97ba) x15 0x00000000800120dc
core   0: 0x000000008000ff8a (0xfe043703) ld      a4, -32(s0)
core   0: 3 0x000000008000ff8a (0xfe043703) x14 0x000000008001207d mem 0x0000000080031f50
core   0: 0x000000008000ff8e (0xfcf76de3) bltu    a4, a5, pc - 38
core   0: 3 0x000000008000ff8e (0xfcf76de3)
core   0: 0x000000008000ff68 (0xfe043783) ld      a5, -32(s0)
core   0: 3 0x000000008000ff68 (0xfe043783) x15 0x000000008001207d mem 0x0000000080031f50
core   0: 0x000000008000ff6c (0x00178713) addi    a4, a5, 1
core   0: 3 0x000000008000ff6c (0x00178713) x14 0x000000008001207e
core   0: 0x000000008000ff70 (0xfee43023) sd      a4, -32(s0)
core   0: 3 0x000000008000ff70 (0xfee43023) mem 0x0000000080031f50 0x000000008001207e
core   0: 0x000000008000ff74 (0xfc442703) lw      a4, -60(s0)
core   0: 3 0x000000008000ff74 (0xfc442703) x14 0x0000000000000000 mem 0x0000000080031f34
core   0: 0x000000008000ff78 (0x0ff77713) andi    a4, a4, 255
core   0: 3 0x000000008000ff78 (0x0ff77713) x14 0x0000000000000000
core   0: 0x000000008000ff7c (0x00e78023) sb      a4, 0(a5)
core   0: 3 0x000000008000ff7c (0x00e78023) mem 0x000000008001207d 0x00
core   0: 0x000000008000ff80 (0xfc843703) ld      a4, -56(s0)
core   0: 3 0x000000008000ff80 (0xfc843703) x14 0x0000000080012040 mem 0x0000000080031f38
core   0: 0x000000008000ff84 (0xfb843783) ld      a5, -72(s0)
core   0: 3 0x000000008000ff84 (0xfb843783) x15 0x000000000000009c mem 0x0000000080031f28
core   0: 0x000000008000ff88 (0x000097ba) c.add   a5, a4
core   0: 3 0x000000008000ff88 (0x97ba) x15 0x00000000800120dc
core   0: 0x000000008000ff8a (0xfe043703) ld      a4, -32(s0)
core   0: 3 0x000000008000ff8a (0xfe043703) x14 0x000000008001207e mem 0x0000000080031f50
core   0: 0x000000008000ff8e (0xfcf76de3) bltu    a4, a5, pc - 38
core   0: 3 0x000000008000ff8e (0xfcf76de3)
core   0: 0x000000008000ff68 (0xfe043783) ld      a5, -32(s0)
core   0: 3 0x000000008000ff68 (0xfe043783) x15 0x000000008001207e mem 0x0000000080031f50
core   0: 0x000000008000ff6c (0x00178713) addi    a4, a5, 1
core   0: 3 0x000000008000ff6c (0x00178713) x14 0x000000008001207f
core   0: 0x000000008000ff70 (0xfee43023) sd      a4, -32(s0)
core   0: 3 0x000000008000ff70 (0xfee43023) mem 0x0000000080031f50 0x000000008001207f
core   0: 0x000000008000ff74 (0xfc442703) lw      a4, -60(s0)
core   0: 3 0x000000008000ff74 (0xfc442703) x14 0x0000000000000000 mem 0x0000000080031f34
core   0: 0x000000008000ff78 (0x0ff77713) andi    a4, a4, 255
core   0: 3 0x000000008000ff78 (0x0ff77713) x14 0x0000000000000000
core   0: 0x000000008000ff7c (0x00e78023) sb      a4, 0(a5)
core   0: 3 0x000000008000ff7c (0x00e78023) mem 0x000000008001207e 0x00
core   0: 0x000000008000ff80 (0xfc843703) ld      a4, -56(s0)
core   0: 3 0x000000008000ff80 (0xfc843703) x14 0x0000000080012040 mem 0x0000000080031f38
core   0: 0x000000008000ff84 (0xfb843783) ld      a5, -72(s0)
core   0: 3 0x000000008000ff84 (0xfb843783) x15 0x000000000000009c mem 0x0000000080031f28
core   0: 0x000000008000ff88 (0x000097ba) c.add   a5, a4
core   0: 3 0x000000008000ff88 (0x97ba) x15 0x00000000800120dc
core   0: 0x000000008000ff8a (0xfe043703) ld      a4, -32(s0)
core   0: 3 0x000000008000ff8a (0xfe043703) x14 0x000000008001207f mem 0x0000000080031f50
core   0: 0x000000008000ff8e (0xfcf76de3) bltu    a4, a5, pc - 38
core   0: 3 0x000000008000ff8e (0xfcf76de3)
core   0: 0x000000008000ff68 (0xfe043783) ld      a5, -32(s0)
core   0: 3 0x000000008000ff68 (0xfe043783) x15 0x000000008001207f mem 0x0000000080031f50
core   0: 0x000000008000ff6c (0x00178713) addi    a4, a5, 1
core   0: 3 0x000000008000ff6c (0x00178713) x14 0x0000000080012080
core   0: 0x000000008000ff70 (0xfee43023) sd      a4, -32(s0)
core   0: 3 0x000000008000ff70 (0xfee43023) mem 0x0000000080031f50 0x0000000080012080
core   0: 0x000000008000ff74 (0xfc442703) lw      a4, -60(s0)
core   0: 3 0x000000008000ff74 (0xfc442703) x14 0x0000000000000000 mem 0x0000000080031f34
core   0: 0x000000008000ff78 (0x0ff77713) andi    a4, a4, 255
core   0: 3 0x000000008000ff78 (0x0ff77713) x14 0x0000000000000000
core   0: 0x000000008000ff7c (0x00e78023) sb      a4, 0(a5)
core   0: 3 0x000000008000ff7c (0x00e78023) mem 0x000000008001207f 0x00
core   0: 0x000000008000ff80 (0xfc843703) ld      a4, -56(s0)
core   0: 3 0x000000008000ff80 (0xfc843703) x14 0x0000000080012040 mem 0x0000000080031f38
core   0: 0x000000008000ff84 (0xfb843783) ld      a5, -72(s0)
core   0: 3 0x000000008000ff84 (0xfb843783) x15 0x000000000000009c mem 0x0000000080031f28
core   0: 0x000000008000ff88 (0x000097ba) c.add   a5, a4
core   0: 3 0x000000008000ff88 (0x97ba) x15 0x00000000800120dc
core   0: 0x000000008000ff8a (0xfe043703) ld      a4, -32(s0)
core   0: 3 0x000000008000ff8a (0xfe043703) x14 0x0000000080012080 mem 0x0000000080031f50
core   0: 0x000000008000ff8e (0xfcf76de3) bltu    a4, a5, pc - 38
core   0: 3 0x000000008000ff8e (0xfcf76de3)
core   0: 0x000000008000ff68 (0xfe043783) ld      a5, -32(s0)
core   0: 3 0x000000008000ff68 (0xfe043783) x15 0x0000000080012080 mem 0x0000000080031f50
core   0: 0x000000008000ff6c (0x00178713) addi    a4, a5, 1
core   0: 3 0x000000008000ff6c (0x00178713) x14 0x0000000080012081
core   0: 0x000000008000ff70 (0xfee43023) sd      a4, -32(s0)
core   0: 3 0x000000008000ff70 (0xfee43023) mem 0x0000000080031f50 0x0000000080012081
core   0: 0x000000008000ff74 (0xfc442703) lw      a4, -60(s0)
core   0: 3 0x000000008000ff74 (0xfc442703) x14 0x0000000000000000 mem 0x0000000080031f34
core   0: 0x000000008000ff78 (0x0ff77713) andi    a4, a4, 255
core   0: 3 0x000000008000ff78 (0x0ff77713) x14 0x0000000000000000
core   0: 0x000000008000ff7c (0x00e78023) sb      a4, 0(a5)
core   0: 3 0x000000008000ff7c (0x00e78023) mem 0x0000000080012080 0x00
core   0: 0x000000008000ff80 (0xfc843703) ld      a4, -56(s0)
core   0: 3 0x000000008000ff80 (0xfc843703) x14 0x0000000080012040 mem 0x0000000080031f38
core   0: 0x000000008000ff84 (0xfb843783) ld      a5, -72(s0)
core   0: 3 0x000000008000ff84 (0xfb843783) x15 0x000000000000009c mem 0x0000000080031f28
core   0: 0x000000008000ff88 (0x000097ba) c.add   a5, a4
core   0: 3 0x000000008000ff88 (0x97ba) x15 0x00000000800120dc
core   0: 0x000000008000ff8a (0xfe043703) ld      a4, -32(s0)
core   0: 3 0x000000008000ff8a (0xfe043703) x14 0x0000000080012081 mem 0x0000000080031f50
core   0: 0x000000008000ff8e (0xfcf76de3) bltu    a4, a5, pc - 38
core   0: 3 0x000000008000ff8e (0xfcf76de3)
core   0: 0x000000008000ff68 (0xfe043783) ld      a5, -32(s0)
core   0: 3 0x000000008000ff68 (0xfe043783) x15 0x0000000080012081 mem 0x0000000080031f50
core   0: 0x000000008000ff6c (0x00178713) addi    a4, a5, 1
core   0: 3 0x000000008000ff6c (0x00178713) x14 0x0000000080012082
core   0: 0x000000008000ff70 (0xfee43023) sd      a4, -32(s0)
core   0: 3 0x000000008000ff70 (0xfee43023) mem 0x0000000080031f50 0x0000000080012082
core   0: 0x000000008000ff74 (0xfc442703) lw      a4, -60(s0)
core   0: 3 0x000000008000ff74 (0xfc442703) x14 0x0000000000000000 mem 0x0000000080031f34
core   0: 0x000000008000ff78 (0x0ff77713) andi    a4, a4, 255
core   0: 3 0x000000008000ff78 (0x0ff77713) x14 0x0000000000000000
core   0: 0x000000008000ff7c (0x00e78023) sb      a4, 0(a5)
core   0: 3 0x000000008000ff7c (0x00e78023) mem 0x0000000080012081 0x00
core   0: 0x000000008000ff80 (0xfc843703) ld      a4, -56(s0)
core   0: 3 0x000000008000ff80 (0xfc843703) x14 0x0000000080012040 mem 0x0000000080031f38
core   0: 0x000000008000ff84 (0xfb843783) ld      a5, -72(s0)
core   0: 3 0x000000008000ff84 (0xfb843783) x15 0x000000000000009c mem 0x0000000080031f28
core   0: 0x000000008000ff88 (0x000097ba) c.add   a5, a4
core   0: 3 0x000000008000ff88 (0x97ba) x15 0x00000000800120dc
core   0: 0x000000008000ff8a (0xfe043703) ld      a4, -32(s0)
core   0: 3 0x000000008000ff8a (0xfe043703) x14 0x0000000080012082 mem 0x0000000080031f50
core   0: 0x000000008000ff8e (0xfcf76de3) bltu    a4, a5, pc - 38
core   0: 3 0x000000008000ff8e (0xfcf76de3)
core   0: 0x000000008000ff68 (0xfe043783) ld      a5, -32(s0)
core   0: 3 0x000000008000ff68 (0xfe043783) x15 0x0000000080012082 mem 0x0000000080031f50
core   0: 0x000000008000ff6c (0x00178713) addi    a4, a5, 1
core   0: 3 0x000000008000ff6c (0x00178713) x14 0x0000000080012083
core   0: 0x000000008000ff70 (0xfee43023) sd      a4, -32(s0)
core   0: 3 0x000000008000ff70 (0xfee43023) mem 0x0000000080031f50 0x0000000080012083
core   0: 0x000000008000ff74 (0xfc442703) lw      a4, -60(s0)
core   0: 3 0x000000008000ff74 (0xfc442703) x14 0x0000000000000000 mem 0x0000000080031f34
core   0: 0x000000008000ff78 (0x0ff77713) andi    a4, a4, 255
core   0: 3 0x000000008000ff78 (0x0ff77713) x14 0x0000000000000000
core   0: 0x000000008000ff7c (0x00e78023) sb      a4, 0(a5)
core   0: 3 0x000000008000ff7c (0x00e78023) mem 0x0000000080012082 0x00
core   0: 0x000000008000ff80 (0xfc843703) ld      a4, -56(s0)
core   0: 3 0x000000008000ff80 (0xfc843703) x14 0x0000000080012040 mem 0x0000000080031f38
core   0: 0x000000008000ff84 (0xfb843783) ld      a5, -72(s0)
core   0: 3 0x000000008000ff84 (0xfb843783) x15 0x000000000000009c mem 0x0000000080031f28
core   0: 0x000000008000ff88 (0x000097ba) c.add   a5, a4
core   0: 3 0x000000008000ff88 (0x97ba) x15 0x00000000800120dc
core   0: 0x000000008000ff8a (0xfe043703) ld      a4, -32(s0)
core   0: 3 0x000000008000ff8a (0xfe043703) x14 0x0000000080012083 mem 0x0000000080031f50
core   0: 0x000000008000ff8e (0xfcf76de3) bltu    a4, a5, pc - 38
core   0: 3 0x000000008000ff8e (0xfcf76de3)
core   0: 0x000000008000ff68 (0xfe043783) ld      a5, -32(s0)
core   0: 3 0x000000008000ff68 (0xfe043783) x15 0x0000000080012083 mem 0x0000000080031f50
core   0: 0x000000008000ff6c (0x00178713) addi    a4, a5, 1
core   0: 3 0x000000008000ff6c (0x00178713) x14 0x0000000080012084
core   0: 0x000000008000ff70 (0xfee43023) sd      a4, -32(s0)
core   0: 3 0x000000008000ff70 (0xfee43023) mem 0x0000000080031f50 0x0000000080012084
core   0: 0x000000008000ff74 (0xfc442703) lw      a4, -60(s0)
core   0: 3 0x000000008000ff74 (0xfc442703) x14 0x0000000000000000 mem 0x0000000080031f34
core   0: 0x000000008000ff78 (0x0ff77713) andi    a4, a4, 255
core   0: 3 0x000000008000ff78 (0x0ff77713) x14 0x0000000000000000
core   0: 0x000000008000ff7c (0x00e78023) sb      a4, 0(a5)
core   0: 3 0x000000008000ff7c (0x00e78023) mem 0x0000000080012083 0x00
core   0: 0x000000008000ff80 (0xfc843703) ld      a4, -56(s0)
core   0: 3 0x000000008000ff80 (0xfc843703) x14 0x0000000080012040 mem 0x0000000080031f38
core   0: 0x000000008000ff84 (0xfb843783) ld      a5, -72(s0)
core   0: 3 0x000000008000ff84 (0xfb843783) x15 0x000000000000009c mem 0x0000000080031f28
core   0: 0x000000008000ff88 (0x000097ba) c.add   a5, a4
core   0: 3 0x000000008000ff88 (0x97ba) x15 0x00000000800120dc
core   0: 0x000000008000ff8a (0xfe043703) ld      a4, -32(s0)
core   0: 3 0x000000008000ff8a (0xfe043703) x14 0x0000000080012084 mem 0x0000000080031f50
core   0: 0x000000008000ff8e (0xfcf76de3) bltu    a4, a5, pc - 38
core   0: 3 0x000000008000ff8e (0xfcf76de3)
core   0: 0x000000008000ff68 (0xfe043783) ld      a5, -32(s0)
core   0: 3 0x000000008000ff68 (0xfe043783) x15 0x0000000080012084 mem 0x0000000080031f50
core   0: 0x000000008000ff6c (0x00178713) addi    a4, a5, 1
core   0: 3 0x000000008000ff6c (0x00178713) x14 0x0000000080012085
core   0: 0x000000008000ff70 (0xfee43023) sd      a4, -32(s0)
core   0: 3 0x000000008000ff70 (0xfee43023) mem 0x0000000080031f50 0x0000000080012085
core   0: 0x000000008000ff74 (0xfc442703) lw      a4, -60(s0)
core   0: 3 0x000000008000ff74 (0xfc442703) x14 0x0000000000000000 mem 0x0000000080031f34
core   0: 0x000000008000ff78 (0x0ff77713) andi    a4, a4, 255
core   0: 3 0x000000008000ff78 (0x0ff77713) x14 0x0000000000000000
core   0: 0x000000008000ff7c (0x00e78023) sb      a4, 0(a5)
core   0: 3 0x000000008000ff7c (0x00e78023) mem 0x0000000080012084 0x00
core   0: 0x000000008000ff80 (0xfc843703) ld      a4, -56(s0)
core   0: 3 0x000000008000ff80 (0xfc843703) x14 0x0000000080012040 mem 0x0000000080031f38
core   0: 0x000000008000ff84 (0xfb843783) ld      a5, -72(s0)
core   0: 3 0x000000008000ff84 (0xfb843783) x15 0x000000000000009c mem 0x0000000080031f28
core   0: 0x000000008000ff88 (0x000097ba) c.add   a5, a4
core   0: 3 0x000000008000ff88 (0x97ba) x15 0x00000000800120dc
core   0: 0x000000008000ff8a (0xfe043703) ld      a4, -32(s0)
core   0: 3 0x000000008000ff8a (0xfe043703) x14 0x0000000080012085 mem 0x0000000080031f50
core   0: 0x000000008000ff8e (0xfcf76de3) bltu    a4, a5, pc - 38
core   0: 3 0x000000008000ff8e (0xfcf76de3)
core   0: 0x000000008000ff68 (0xfe043783) ld      a5, -32(s0)
core   0: 3 0x000000008000ff68 (0xfe043783) x15 0x0000000080012085 mem 0x0000000080031f50
core   0: 0x000000008000ff6c (0x00178713) addi    a4, a5, 1
core   0: 3 0x000000008000ff6c (0x00178713) x14 0x0000000080012086
core   0: 0x000000008000ff70 (0xfee43023) sd      a4, -32(s0)
core   0: 3 0x000000008000ff70 (0xfee43023) mem 0x0000000080031f50 0x0000000080012086
core   0: 0x000000008000ff74 (0xfc442703) lw      a4, -60(s0)
core   0: 3 0x000000008000ff74 (0xfc442703) x14 0x0000000000000000 mem 0x0000000080031f34
core   0: 0x000000008000ff78 (0x0ff77713) andi    a4, a4, 255
core   0: 3 0x000000008000ff78 (0x0ff77713) x14 0x0000000000000000
core   0: 0x000000008000ff7c (0x00e78023) sb      a4, 0(a5)
core   0: 3 0x000000008000ff7c (0x00e78023) mem 0x0000000080012085 0x00
core   0: 0x000000008000ff80 (0xfc843703) ld      a4, -56(s0)
core   0: 3 0x000000008000ff80 (0xfc843703) x14 0x0000000080012040 mem 0x0000000080031f38
core   0: 0x000000008000ff84 (0xfb843783) ld      a5, -72(s0)
core   0: 3 0x000000008000ff84 (0xfb843783) x15 0x000000000000009c mem 0x0000000080031f28
core   0: 0x000000008000ff88 (0x000097ba) c.add   a5, a4
core   0: 3 0x000000008000ff88 (0x97ba) x15 0x00000000800120dc
core   0: 0x000000008000ff8a (0xfe043703) ld      a4, -32(s0)
core   0: 3 0x000000008000ff8a (0xfe043703) x14 0x0000000080012086 mem 0x0000000080031f50
core   0: 0x000000008000ff8e (0xfcf76de3) bltu    a4, a5, pc - 38
core   0: 3 0x000000008000ff8e (0xfcf76de3)
core   0: 0x000000008000ff68 (0xfe043783) ld      a5, -32(s0)
core   0: 3 0x000000008000ff68 (0xfe043783) x15 0x0000000080012086 mem 0x0000000080031f50
core   0: 0x000000008000ff6c (0x00178713) addi    a4, a5, 1
core   0: 3 0x000000008000ff6c (0x00178713) x14 0x0000000080012087
core   0: 0x000000008000ff70 (0xfee43023) sd      a4, -32(s0)
core   0: 3 0x000000008000ff70 (0xfee43023) mem 0x0000000080031f50 0x0000000080012087
core   0: 0x000000008000ff74 (0xfc442703) lw      a4, -60(s0)
core   0: 3 0x000000008000ff74 (0xfc442703) x14 0x0000000000000000 mem 0x0000000080031f34
core   0: 0x000000008000ff78 (0x0ff77713) andi    a4, a4, 255
core   0: 3 0x000000008000ff78 (0x0ff77713) x14 0x0000000000000000
core   0: 0x000000008000ff7c (0x00e78023) sb      a4, 0(a5)
core   0: 3 0x000000008000ff7c (0x00e78023) mem 0x0000000080012086 0x00
core   0: 0x000000008000ff80 (0xfc843703) ld      a4, -56(s0)
core   0: 3 0x000000008000ff80 (0xfc843703) x14 0x0000000080012040 mem 0x0000000080031f38
core   0: 0x000000008000ff84 (0xfb843783) ld      a5, -72(s0)
core   0: 3 0x000000008000ff84 (0xfb843783) x15 0x000000000000009c mem 0x0000000080031f28
core   0: 0x000000008000ff88 (0x000097ba) c.add   a5, a4
core   0: 3 0x000000008000ff88 (0x97ba) x15 0x00000000800120dc
core   0: 0x000000008000ff8a (0xfe043703) ld      a4, -32(s0)
core   0: 3 0x000000008000ff8a (0xfe043703) x14 0x0000000080012087 mem 0x0000000080031f50
core   0: 0x000000008000ff8e (0xfcf76de3) bltu    a4, a5, pc - 38
core   0: 3 0x000000008000ff8e (0xfcf76de3)
core   0: 0x000000008000ff68 (0xfe043783) ld      a5, -32(s0)
core   0: 3 0x000000008000ff68 (0xfe043783) x15 0x0000000080012087 mem 0x0000000080031f50
core   0: 0x000000008000ff6c (0x00178713) addi    a4, a5, 1
core   0: 3 0x000000008000ff6c (0x00178713) x14 0x0000000080012088
core   0: 0x000000008000ff70 (0xfee43023) sd      a4, -32(s0)
core   0: 3 0x000000008000ff70 (0xfee43023) mem 0x0000000080031f50 0x0000000080012088
core   0: 0x000000008000ff74 (0xfc442703) lw      a4, -60(s0)
core   0: 3 0x000000008000ff74 (0xfc442703) x14 0x0000000000000000 mem 0x0000000080031f34
core   0: 0x000000008000ff78 (0x0ff77713) andi    a4, a4, 255
core   0: 3 0x000000008000ff78 (0x0ff77713) x14 0x0000000000000000
core   0: 0x000000008000ff7c (0x00e78023) sb      a4, 0(a5)
core   0: 3 0x000000008000ff7c (0x00e78023) mem 0x0000000080012087 0x00
core   0: 0x000000008000ff80 (0xfc843703) ld      a4, -56(s0)
core   0: 3 0x000000008000ff80 (0xfc843703) x14 0x0000000080012040 mem 0x0000000080031f38
core   0: 0x000000008000ff84 (0xfb843783) ld      a5, -72(s0)
core   0: 3 0x000000008000ff84 (0xfb843783) x15 0x000000000000009c mem 0x0000000080031f28
core   0: 0x000000008000ff88 (0x000097ba) c.add   a5, a4
core   0: 3 0x000000008000ff88 (0x97ba) x15 0x00000000800120dc
core   0: 0x000000008000ff8a (0xfe043703) ld      a4, -32(s0)
core   0: 3 0x000000008000ff8a (0xfe043703) x14 0x0000000080012088 mem 0x0000000080031f50
core   0: 0x000000008000ff8e (0xfcf76de3) bltu    a4, a5, pc - 38
core   0: 3 0x000000008000ff8e (0xfcf76de3)
core   0: 0x000000008000ff68 (0xfe043783) ld      a5, -32(s0)
core   0: 3 0x000000008000ff68 (0xfe043783) x15 0x0000000080012088 mem 0x0000000080031f50
core   0: 0x000000008000ff6c (0x00178713) addi    a4, a5, 1
core   0: 3 0x000000008000ff6c (0x00178713) x14 0x0000000080012089
core   0: 0x000000008000ff70 (0xfee43023) sd      a4, -32(s0)
core   0: 3 0x000000008000ff70 (0xfee43023) mem 0x0000000080031f50 0x0000000080012089
core   0: 0x000000008000ff74 (0xfc442703) lw      a4, -60(s0)
core   0: 3 0x000000008000ff74 (0xfc442703) x14 0x0000000000000000 mem 0x0000000080031f34
core   0: 0x000000008000ff78 (0x0ff77713) andi    a4, a4, 255
core   0: 3 0x000000008000ff78 (0x0ff77713) x14 0x0000000000000000
core   0: 0x000000008000ff7c (0x00e78023) sb      a4, 0(a5)
core   0: 3 0x000000008000ff7c (0x00e78023) mem 0x0000000080012088 0x00
core   0: 0x000000008000ff80 (0xfc843703) ld      a4, -56(s0)
core   0: 3 0x000000008000ff80 (0xfc843703) x14 0x0000000080012040 mem 0x0000000080031f38
core   0: 0x000000008000ff84 (0xfb843783) ld      a5, -72(s0)
core   0: 3 0x000000008000ff84 (0xfb843783) x15 0x000000000000009c mem 0x0000000080031f28
core   0: 0x000000008000ff88 (0x000097ba) c.add   a5, a4
core   0: 3 0x000000008000ff88 (0x97ba) x15 0x00000000800120dc
core   0: 0x000000008000ff8a (0xfe043703) ld      a4, -32(s0)
core   0: 3 0x000000008000ff8a (0xfe043703) x14 0x0000000080012089 mem 0x0000000080031f50
core   0: 0x000000008000ff8e (0xfcf76de3) bltu    a4, a5, pc - 38
core   0: 3 0x000000008000ff8e (0xfcf76de3)
core   0: 0x000000008000ff68 (0xfe043783) ld      a5, -32(s0)
core   0: 3 0x000000008000ff68 (0xfe043783) x15 0x0000000080012089 mem 0x0000000080031f50
core   0: 0x000000008000ff6c (0x00178713) addi    a4, a5, 1
core   0: 3 0x000000008000ff6c (0x00178713) x14 0x000000008001208a
core   0: 0x000000008000ff70 (0xfee43023) sd      a4, -32(s0)
core   0: 3 0x000000008000ff70 (0xfee43023) mem 0x0000000080031f50 0x000000008001208a
core   0: 0x000000008000ff74 (0xfc442703) lw      a4, -60(s0)
core   0: 3 0x000000008000ff74 (0xfc442703) x14 0x0000000000000000 mem 0x0000000080031f34
core   0: 0x000000008000ff78 (0x0ff77713) andi    a4, a4, 255
core   0: 3 0x000000008000ff78 (0x0ff77713) x14 0x0000000000000000
core   0: 0x000000008000ff7c (0x00e78023) sb      a4, 0(a5)
core   0: 3 0x000000008000ff7c (0x00e78023) mem 0x0000000080012089 0x00
core   0: 0x000000008000ff80 (0xfc843703) ld      a4, -56(s0)
core   0: 3 0x000000008000ff80 (0xfc843703) x14 0x0000000080012040 mem 0x0000000080031f38
core   0: 0x000000008000ff84 (0xfb843783) ld      a5, -72(s0)
core   0: 3 0x000000008000ff84 (0xfb843783) x15 0x000000000000009c mem 0x0000000080031f28
core   0: 0x000000008000ff88 (0x000097ba) c.add   a5, a4
core   0: 3 0x000000008000ff88 (0x97ba) x15 0x00000000800120dc
core   0: 0x000000008000ff8a (0xfe043703) ld      a4, -32(s0)
core   0: 3 0x000000008000ff8a (0xfe043703) x14 0x000000008001208a mem 0x0000000080031f50
core   0: 0x000000008000ff8e (0xfcf76de3) bltu    a4, a5, pc - 38
core   0: 3 0x000000008000ff8e (0xfcf76de3)
core   0: 0x000000008000ff68 (0xfe043783) ld      a5, -32(s0)
core   0: 3 0x000000008000ff68 (0xfe043783) x15 0x000000008001208a mem 0x0000000080031f50
core   0: 0x000000008000ff6c (0x00178713) addi    a4, a5, 1
core   0: 3 0x000000008000ff6c (0x00178713) x14 0x000000008001208b
core   0: 0x000000008000ff70 (0xfee43023) sd      a4, -32(s0)
core   0: 3 0x000000008000ff70 (0xfee43023) mem 0x0000000080031f50 0x000000008001208b
core   0: 0x000000008000ff74 (0xfc442703) lw      a4, -60(s0)
core   0: 3 0x000000008000ff74 (0xfc442703) x14 0x0000000000000000 mem 0x0000000080031f34
core   0: 0x000000008000ff78 (0x0ff77713) andi    a4, a4, 255
core   0: 3 0x000000008000ff78 (0x0ff77713) x14 0x0000000000000000
core   0: 0x000000008000ff7c (0x00e78023) sb      a4, 0(a5)
core   0: 3 0x000000008000ff7c (0x00e78023) mem 0x000000008001208a 0x00
core   0: 0x000000008000ff80 (0xfc843703) ld      a4, -56(s0)
core   0: 3 0x000000008000ff80 (0xfc843703) x14 0x0000000080012040 mem 0x0000000080031f38
core   0: 0x000000008000ff84 (0xfb843783) ld      a5, -72(s0)
core   0: 3 0x000000008000ff84 (0xfb843783) x15 0x000000000000009c mem 0x0000000080031f28
core   0: 0x000000008000ff88 (0x000097ba) c.add   a5, a4
core   0: 3 0x000000008000ff88 (0x97ba) x15 0x00000000800120dc
core   0: 0x000000008000ff8a (0xfe043703) ld      a4, -32(s0)
core   0: 3 0x000000008000ff8a (0xfe043703) x14 0x000000008001208b mem 0x0000000080031f50
core   0: 0x000000008000ff8e (0xfcf76de3) bltu    a4, a5, pc - 38
core   0: 3 0x000000008000ff8e (0xfcf76de3)
core   0: 0x000000008000ff68 (0xfe043783) ld      a5, -32(s0)
core   0: 3 0x000000008000ff68 (0xfe043783) x15 0x000000008001208b mem 0x0000000080031f50
core   0: 0x000000008000ff6c (0x00178713) addi    a4, a5, 1
core   0: 3 0x000000008000ff6c (0x00178713) x14 0x000000008001208c
core   0: 0x000000008000ff70 (0xfee43023) sd      a4, -32(s0)
core   0: 3 0x000000008000ff70 (0xfee43023) mem 0x0000000080031f50 0x000000008001208c
core   0: 0x000000008000ff74 (0xfc442703) lw      a4, -60(s0)
core   0: 3 0x000000008000ff74 (0xfc442703) x14 0x0000000000000000 mem 0x0000000080031f34
core   0: 0x000000008000ff78 (0x0ff77713) andi    a4, a4, 255
core   0: 3 0x000000008000ff78 (0x0ff77713) x14 0x0000000000000000
core   0: 0x000000008000ff7c (0x00e78023) sb      a4, 0(a5)
core   0: 3 0x000000008000ff7c (0x00e78023) mem 0x000000008001208b 0x00
core   0: 0x000000008000ff80 (0xfc843703) ld      a4, -56(s0)
core   0: 3 0x000000008000ff80 (0xfc843703) x14 0x0000000080012040 mem 0x0000000080031f38
core   0: 0x000000008000ff84 (0xfb843783) ld      a5, -72(s0)
core   0: 3 0x000000008000ff84 (0xfb843783) x15 0x000000000000009c mem 0x0000000080031f28
core   0: 0x000000008000ff88 (0x000097ba) c.add   a5, a4
core   0: 3 0x000000008000ff88 (0x97ba) x15 0x00000000800120dc
core   0: 0x000000008000ff8a (0xfe043703) ld      a4, -32(s0)
core   0: 3 0x000000008000ff8a (0xfe043703) x14 0x000000008001208c mem 0x0000000080031f50
core   0: 0x000000008000ff8e (0xfcf76de3) bltu    a4, a5, pc - 38
core   0: 3 0x000000008000ff8e (0xfcf76de3)
core   0: 0x000000008000ff68 (0xfe043783) ld      a5, -32(s0)
core   0: 3 0x000000008000ff68 (0xfe043783) x15 0x000000008001208c mem 0x0000000080031f50
core   0: 0x000000008000ff6c (0x00178713) addi    a4, a5, 1
core   0: 3 0x000000008000ff6c (0x00178713) x14 0x000000008001208d
core   0: 0x000000008000ff70 (0xfee43023) sd      a4, -32(s0)
core   0: 3 0x000000008000ff70 (0xfee43023) mem 0x0000000080031f50 0x000000008001208d
core   0: 0x000000008000ff74 (0xfc442703) lw      a4, -60(s0)
core   0: 3 0x000000008000ff74 (0xfc442703) x14 0x0000000000000000 mem 0x0000000080031f34
core   0: 0x000000008000ff78 (0x0ff77713) andi    a4, a4, 255
core   0: 3 0x000000008000ff78 (0x0ff77713) x14 0x0000000000000000
core   0: 0x000000008000ff7c (0x00e78023) sb      a4, 0(a5)
core   0: 3 0x000000008000ff7c (0x00e78023) mem 0x000000008001208c 0x00
core   0: 0x000000008000ff80 (0xfc843703) ld      a4, -56(s0)
core   0: 3 0x000000008000ff80 (0xfc843703) x14 0x0000000080012040 mem 0x0000000080031f38
core   0: 0x000000008000ff84 (0xfb843783) ld      a5, -72(s0)
core   0: 3 0x000000008000ff84 (0xfb843783) x15 0x000000000000009c mem 0x0000000080031f28
core   0: 0x000000008000ff88 (0x000097ba) c.add   a5, a4
core   0: 3 0x000000008000ff88 (0x97ba) x15 0x00000000800120dc
core   0: 0x000000008000ff8a (0xfe043703) ld      a4, -32(s0)
core   0: 3 0x000000008000ff8a (0xfe043703) x14 0x000000008001208d mem 0x0000000080031f50
core   0: 0x000000008000ff8e (0xfcf76de3) bltu    a4, a5, pc - 38
core   0: 3 0x000000008000ff8e (0xfcf76de3)
core   0: 0x000000008000ff68 (0xfe043783) ld      a5, -32(s0)
core   0: 3 0x000000008000ff68 (0xfe043783) x15 0x000000008001208d mem 0x0000000080031f50
core   0: 0x000000008000ff6c (0x00178713) addi    a4, a5, 1
core   0: 3 0x000000008000ff6c (0x00178713) x14 0x000000008001208e
core   0: 0x000000008000ff70 (0xfee43023) sd      a4, -32(s0)
core   0: 3 0x000000008000ff70 (0xfee43023) mem 0x0000000080031f50 0x000000008001208e
core   0: 0x000000008000ff74 (0xfc442703) lw      a4, -60(s0)
core   0: 3 0x000000008000ff74 (0xfc442703) x14 0x0000000000000000 mem 0x0000000080031f34
core   0: 0x000000008000ff78 (0x0ff77713) andi    a4, a4, 255
core   0: 3 0x000000008000ff78 (0x0ff77713) x14 0x0000000000000000
core   0: 0x000000008000ff7c (0x00e78023) sb      a4, 0(a5)
core   0: 3 0x000000008000ff7c (0x00e78023) mem 0x000000008001208d 0x00
core   0: 0x000000008000ff80 (0xfc843703) ld      a4, -56(s0)
core   0: 3 0x000000008000ff80 (0xfc843703) x14 0x0000000080012040 mem 0x0000000080031f38
core   0: 0x000000008000ff84 (0xfb843783) ld      a5, -72(s0)
core   0: 3 0x000000008000ff84 (0xfb843783) x15 0x000000000000009c mem 0x0000000080031f28
core   0: 0x000000008000ff88 (0x000097ba) c.add   a5, a4
core   0: 3 0x000000008000ff88 (0x97ba) x15 0x00000000800120dc
core   0: 0x000000008000ff8a (0xfe043703) ld      a4, -32(s0)
core   0: 3 0x000000008000ff8a (0xfe043703) x14 0x000000008001208e mem 0x0000000080031f50
core   0: 0x000000008000ff8e (0xfcf76de3) bltu    a4, a5, pc - 38
core   0: 3 0x000000008000ff8e (0xfcf76de3)
core   0: 0x000000008000ff68 (0xfe043783) ld      a5, -32(s0)
core   0: 3 0x000000008000ff68 (0xfe043783) x15 0x000000008001208e mem 0x0000000080031f50
core   0: 0x000000008000ff6c (0x00178713) addi    a4, a5, 1
core   0: 3 0x000000008000ff6c (0x00178713) x14 0x000000008001208f
core   0: 0x000000008000ff70 (0xfee43023) sd      a4, -32(s0)
core   0: 3 0x000000008000ff70 (0xfee43023) mem 0x0000000080031f50 0x000000008001208f
core   0: 0x000000008000ff74 (0xfc442703) lw      a4, -60(s0)
core   0: 3 0x000000008000ff74 (0xfc442703) x14 0x0000000000000000 mem 0x0000000080031f34
core   0: 0x000000008000ff78 (0x0ff77713) andi    a4, a4, 255
core   0: 3 0x000000008000ff78 (0x0ff77713) x14 0x0000000000000000
core   0: 0x000000008000ff7c (0x00e78023) sb      a4, 0(a5)
core   0: 3 0x000000008000ff7c (0x00e78023) mem 0x000000008001208e 0x00
core   0: 0x000000008000ff80 (0xfc843703) ld      a4, -56(s0)
core   0: 3 0x000000008000ff80 (0xfc843703) x14 0x0000000080012040 mem 0x0000000080031f38
core   0: 0x000000008000ff84 (0xfb843783) ld      a5, -72(s0)
core   0: 3 0x000000008000ff84 (0xfb843783) x15 0x000000000000009c mem 0x0000000080031f28
core   0: 0x000000008000ff88 (0x000097ba) c.add   a5, a4
core   0: 3 0x000000008000ff88 (0x97ba) x15 0x00000000800120dc
core   0: 0x000000008000ff8a (0xfe043703) ld      a4, -32(s0)
core   0: 3 0x000000008000ff8a (0xfe043703) x14 0x000000008001208f mem 0x0000000080031f50
core   0: 0x000000008000ff8e (0xfcf76de3) bltu    a4, a5, pc - 38
core   0: 3 0x000000008000ff8e (0xfcf76de3)
core   0: 0x000000008000ff68 (0xfe043783) ld      a5, -32(s0)
core   0: 3 0x000000008000ff68 (0xfe043783) x15 0x000000008001208f mem 0x0000000080031f50
core   0: 0x000000008000ff6c (0x00178713) addi    a4, a5, 1
core   0: 3 0x000000008000ff6c (0x00178713) x14 0x0000000080012090
core   0: 0x000000008000ff70 (0xfee43023) sd      a4, -32(s0)
core   0: 3 0x000000008000ff70 (0xfee43023) mem 0x0000000080031f50 0x0000000080012090
core   0: 0x000000008000ff74 (0xfc442703) lw      a4, -60(s0)
core   0: 3 0x000000008000ff74 (0xfc442703) x14 0x0000000000000000 mem 0x0000000080031f34
core   0: 0x000000008000ff78 (0x0ff77713) andi    a4, a4, 255
core   0: 3 0x000000008000ff78 (0x0ff77713) x14 0x0000000000000000
core   0: 0x000000008000ff7c (0x00e78023) sb      a4, 0(a5)
core   0: 3 0x000000008000ff7c (0x00e78023) mem 0x000000008001208f 0x00
core   0: 0x000000008000ff80 (0xfc843703) ld      a4, -56(s0)
core   0: 3 0x000000008000ff80 (0xfc843703) x14 0x0000000080012040 mem 0x0000000080031f38
core   0: 0x000000008000ff84 (0xfb843783) ld      a5, -72(s0)
core   0: 3 0x000000008000ff84 (0xfb843783) x15 0x000000000000009c mem 0x0000000080031f28
core   0: 0x000000008000ff88 (0x000097ba) c.add   a5, a4
core   0: 3 0x000000008000ff88 (0x97ba) x15 0x00000000800120dc
core   0: 0x000000008000ff8a (0xfe043703) ld      a4, -32(s0)
core   0: 3 0x000000008000ff8a (0xfe043703) x14 0x0000000080012090 mem 0x0000000080031f50
core   0: 0x000000008000ff8e (0xfcf76de3) bltu    a4, a5, pc - 38
core   0: 3 0x000000008000ff8e (0xfcf76de3)
core   0: 0x000000008000ff68 (0xfe043783) ld      a5, -32(s0)
core   0: 3 0x000000008000ff68 (0xfe043783) x15 0x0000000080012090 mem 0x0000000080031f50
core   0: 0x000000008000ff6c (0x00178713) addi    a4, a5, 1
core   0: 3 0x000000008000ff6c (0x00178713) x14 0x0000000080012091
core   0: 0x000000008000ff70 (0xfee43023) sd      a4, -32(s0)
core   0: 3 0x000000008000ff70 (0xfee43023) mem 0x0000000080031f50 0x0000000080012091
core   0: 0x000000008000ff74 (0xfc442703) lw      a4, -60(s0)
core   0: 3 0x000000008000ff74 (0xfc442703) x14 0x0000000000000000 mem 0x0000000080031f34
core   0: 0x000000008000ff78 (0x0ff77713) andi    a4, a4, 255
core   0: 3 0x000000008000ff78 (0x0ff77713) x14 0x0000000000000000
core   0: 0x000000008000ff7c (0x00e78023) sb      a4, 0(a5)
core   0: 3 0x000000008000ff7c (0x00e78023) mem 0x0000000080012090 0x00
core   0: 0x000000008000ff80 (0xfc843703) ld      a4, -56(s0)
core   0: 3 0x000000008000ff80 (0xfc843703) x14 0x0000000080012040 mem 0x0000000080031f38
core   0: 0x000000008000ff84 (0xfb843783) ld      a5, -72(s0)
core   0: 3 0x000000008000ff84 (0xfb843783) x15 0x000000000000009c mem 0x0000000080031f28
core   0: 0x000000008000ff88 (0x000097ba) c.add   a5, a4
core   0: 3 0x000000008000ff88 (0x97ba) x15 0x00000000800120dc
core   0: 0x000000008000ff8a (0xfe043703) ld      a4, -32(s0)
core   0: 3 0x000000008000ff8a (0xfe043703) x14 0x0000000080012091 mem 0x0000000080031f50
core   0: 0x000000008000ff8e (0xfcf76de3) bltu    a4, a5, pc - 38
core   0: 3 0x000000008000ff8e (0xfcf76de3)
core   0: 0x000000008000ff68 (0xfe043783) ld      a5, -32(s0)
core   0: 3 0x000000008000ff68 (0xfe043783) x15 0x0000000080012091 mem 0x0000000080031f50
core   0: 0x000000008000ff6c (0x00178713) addi    a4, a5, 1
core   0: 3 0x000000008000ff6c (0x00178713) x14 0x0000000080012092
core   0: 0x000000008000ff70 (0xfee43023) sd      a4, -32(s0)
core   0: 3 0x000000008000ff70 (0xfee43023) mem 0x0000000080031f50 0x0000000080012092
core   0: 0x000000008000ff74 (0xfc442703) lw      a4, -60(s0)
core   0: 3 0x000000008000ff74 (0xfc442703) x14 0x0000000000000000 mem 0x0000000080031f34
core   0: 0x000000008000ff78 (0x0ff77713) andi    a4, a4, 255
core   0: 3 0x000000008000ff78 (0x0ff77713) x14 0x0000000000000000
core   0: 0x000000008000ff7c (0x00e78023) sb      a4, 0(a5)
core   0: 3 0x000000008000ff7c (0x00e78023) mem 0x0000000080012091 0x00
core   0: 0x000000008000ff80 (0xfc843703) ld      a4, -56(s0)
core   0: 3 0x000000008000ff80 (0xfc843703) x14 0x0000000080012040 mem 0x0000000080031f38
core   0: 0x000000008000ff84 (0xfb843783) ld      a5, -72(s0)
core   0: 3 0x000000008000ff84 (0xfb843783) x15 0x000000000000009c mem 0x0000000080031f28
core   0: 0x000000008000ff88 (0x000097ba) c.add   a5, a4
core   0: 3 0x000000008000ff88 (0x97ba) x15 0x00000000800120dc
core   0: 0x000000008000ff8a (0xfe043703) ld      a4, -32(s0)
core   0: 3 0x000000008000ff8a (0xfe043703) x14 0x0000000080012092 mem 0x0000000080031f50
core   0: 0x000000008000ff8e (0xfcf76de3) bltu    a4, a5, pc - 38
core   0: 3 0x000000008000ff8e (0xfcf76de3)
core   0: 0x000000008000ff68 (0xfe043783) ld      a5, -32(s0)
core   0: 3 0x000000008000ff68 (0xfe043783) x15 0x0000000080012092 mem 0x0000000080031f50
core   0: 0x000000008000ff6c (0x00178713) addi    a4, a5, 1
core   0: 3 0x000000008000ff6c (0x00178713) x14 0x0000000080012093
core   0: 0x000000008000ff70 (0xfee43023) sd      a4, -32(s0)
core   0: 3 0x000000008000ff70 (0xfee43023) mem 0x0000000080031f50 0x0000000080012093
core   0: 0x000000008000ff74 (0xfc442703) lw      a4, -60(s0)
core   0: 3 0x000000008000ff74 (0xfc442703) x14 0x0000000000000000 mem 0x0000000080031f34
core   0: 0x000000008000ff78 (0x0ff77713) andi    a4, a4, 255
core   0: 3 0x000000008000ff78 (0x0ff77713) x14 0x0000000000000000
core   0: 0x000000008000ff7c (0x00e78023) sb      a4, 0(a5)
core   0: 3 0x000000008000ff7c (0x00e78023) mem 0x0000000080012092 0x00
core   0: 0x000000008000ff80 (0xfc843703) ld      a4, -56(s0)
core   0: 3 0x000000008000ff80 (0xfc843703) x14 0x0000000080012040 mem 0x0000000080031f38
core   0: 0x000000008000ff84 (0xfb843783) ld      a5, -72(s0)
core   0: 3 0x000000008000ff84 (0xfb843783) x15 0x000000000000009c mem 0x0000000080031f28
core   0: 0x000000008000ff88 (0x000097ba) c.add   a5, a4
core   0: 3 0x000000008000ff88 (0x97ba) x15 0x00000000800120dc
core   0: 0x000000008000ff8a (0xfe043703) ld      a4, -32(s0)
core   0: 3 0x000000008000ff8a (0xfe043703) x14 0x0000000080012093 mem 0x0000000080031f50
core   0: 0x000000008000ff8e (0xfcf76de3) bltu    a4, a5, pc - 38
core   0: 3 0x000000008000ff8e (0xfcf76de3)
core   0: 0x000000008000ff68 (0xfe043783) ld      a5, -32(s0)
core   0: 3 0x000000008000ff68 (0xfe043783) x15 0x0000000080012093 mem 0x0000000080031f50
core   0: 0x000000008000ff6c (0x00178713) addi    a4, a5, 1
core   0: 3 0x000000008000ff6c (0x00178713) x14 0x0000000080012094
core   0: 0x000000008000ff70 (0xfee43023) sd      a4, -32(s0)
core   0: 3 0x000000008000ff70 (0xfee43023) mem 0x0000000080031f50 0x0000000080012094
core   0: 0x000000008000ff74 (0xfc442703) lw      a4, -60(s0)
core   0: 3 0x000000008000ff74 (0xfc442703) x14 0x0000000000000000 mem 0x0000000080031f34
core   0: 0x000000008000ff78 (0x0ff77713) andi    a4, a4, 255
core   0: 3 0x000000008000ff78 (0x0ff77713) x14 0x0000000000000000
core   0: 0x000000008000ff7c (0x00e78023) sb      a4, 0(a5)
core   0: 3 0x000000008000ff7c (0x00e78023) mem 0x0000000080012093 0x00
core   0: 0x000000008000ff80 (0xfc843703) ld      a4, -56(s0)
core   0: 3 0x000000008000ff80 (0xfc843703) x14 0x0000000080012040 mem 0x0000000080031f38
core   0: 0x000000008000ff84 (0xfb843783) ld      a5, -72(s0)
core   0: 3 0x000000008000ff84 (0xfb843783) x15 0x000000000000009c mem 0x0000000080031f28
core   0: 0x000000008000ff88 (0x000097ba) c.add   a5, a4
core   0: 3 0x000000008000ff88 (0x97ba) x15 0x00000000800120dc
core   0: 0x000000008000ff8a (0xfe043703) ld      a4, -32(s0)
core   0: 3 0x000000008000ff8a (0xfe043703) x14 0x0000000080012094 mem 0x0000000080031f50
core   0: 0x000000008000ff8e (0xfcf76de3) bltu    a4, a5, pc - 38
core   0: 3 0x000000008000ff8e (0xfcf76de3)
core   0: 0x000000008000ff68 (0xfe043783) ld      a5, -32(s0)
core   0: 3 0x000000008000ff68 (0xfe043783) x15 0x0000000080012094 mem 0x0000000080031f50
core   0: 0x000000008000ff6c (0x00178713) addi    a4, a5, 1
core   0: 3 0x000000008000ff6c (0x00178713) x14 0x0000000080012095
core   0: 0x000000008000ff70 (0xfee43023) sd      a4, -32(s0)
core   0: 3 0x000000008000ff70 (0xfee43023) mem 0x0000000080031f50 0x0000000080012095
core   0: 0x000000008000ff74 (0xfc442703) lw      a4, -60(s0)
core   0: 3 0x000000008000ff74 (0xfc442703) x14 0x0000000000000000 mem 0x0000000080031f34
core   0: 0x000000008000ff78 (0x0ff77713) andi    a4, a4, 255
core   0: 3 0x000000008000ff78 (0x0ff77713) x14 0x0000000000000000
core   0: 0x000000008000ff7c (0x00e78023) sb      a4, 0(a5)
core   0: 3 0x000000008000ff7c (0x00e78023) mem 0x0000000080012094 0x00
core   0: 0x000000008000ff80 (0xfc843703) ld      a4, -56(s0)
core   0: 3 0x000000008000ff80 (0xfc843703) x14 0x0000000080012040 mem 0x0000000080031f38
core   0: 0x000000008000ff84 (0xfb843783) ld      a5, -72(s0)
core   0: 3 0x000000008000ff84 (0xfb843783) x15 0x000000000000009c mem 0x0000000080031f28
core   0: 0x000000008000ff88 (0x000097ba) c.add   a5, a4
core   0: 3 0x000000008000ff88 (0x97ba) x15 0x00000000800120dc
core   0: 0x000000008000ff8a (0xfe043703) ld      a4, -32(s0)
core   0: 3 0x000000008000ff8a (0xfe043703) x14 0x0000000080012095 mem 0x0000000080031f50
core   0: 0x000000008000ff8e (0xfcf76de3) bltu    a4, a5, pc - 38
core   0: 3 0x000000008000ff8e (0xfcf76de3)
core   0: 0x000000008000ff68 (0xfe043783) ld      a5, -32(s0)
core   0: 3 0x000000008000ff68 (0xfe043783) x15 0x0000000080012095 mem 0x0000000080031f50
core   0: 0x000000008000ff6c (0x00178713) addi    a4, a5, 1
core   0: 3 0x000000008000ff6c (0x00178713) x14 0x0000000080012096
core   0: 0x000000008000ff70 (0xfee43023) sd      a4, -32(s0)
core   0: 3 0x000000008000ff70 (0xfee43023) mem 0x0000000080031f50 0x0000000080012096
core   0: 0x000000008000ff74 (0xfc442703) lw      a4, -60(s0)
core   0: 3 0x000000008000ff74 (0xfc442703) x14 0x0000000000000000 mem 0x0000000080031f34
core   0: 0x000000008000ff78 (0x0ff77713) andi    a4, a4, 255
core   0: 3 0x000000008000ff78 (0x0ff77713) x14 0x0000000000000000
core   0: 0x000000008000ff7c (0x00e78023) sb      a4, 0(a5)
core   0: 3 0x000000008000ff7c (0x00e78023) mem 0x0000000080012095 0x00
core   0: 0x000000008000ff80 (0xfc843703) ld      a4, -56(s0)
core   0: 3 0x000000008000ff80 (0xfc843703) x14 0x0000000080012040 mem 0x0000000080031f38
core   0: 0x000000008000ff84 (0xfb843783) ld      a5, -72(s0)
core   0: 3 0x000000008000ff84 (0xfb843783) x15 0x000000000000009c mem 0x0000000080031f28
core   0: 0x000000008000ff88 (0x000097ba) c.add   a5, a4
core   0: 3 0x000000008000ff88 (0x97ba) x15 0x00000000800120dc
core   0: 0x000000008000ff8a (0xfe043703) ld      a4, -32(s0)
core   0: 3 0x000000008000ff8a (0xfe043703) x14 0x0000000080012096 mem 0x0000000080031f50
core   0: 0x000000008000ff8e (0xfcf76de3) bltu    a4, a5, pc - 38
core   0: 3 0x000000008000ff8e (0xfcf76de3)
core   0: 0x000000008000ff68 (0xfe043783) ld      a5, -32(s0)
core   0: 3 0x000000008000ff68 (0xfe043783) x15 0x0000000080012096 mem 0x0000000080031f50
core   0: 0x000000008000ff6c (0x00178713) addi    a4, a5, 1
core   0: 3 0x000000008000ff6c (0x00178713) x14 0x0000000080012097
core   0: 0x000000008000ff70 (0xfee43023) sd      a4, -32(s0)
core   0: 3 0x000000008000ff70 (0xfee43023) mem 0x0000000080031f50 0x0000000080012097
core   0: 0x000000008000ff74 (0xfc442703) lw      a4, -60(s0)
core   0: 3 0x000000008000ff74 (0xfc442703) x14 0x0000000000000000 mem 0x0000000080031f34
core   0: 0x000000008000ff78 (0x0ff77713) andi    a4, a4, 255
core   0: 3 0x000000008000ff78 (0x0ff77713) x14 0x0000000000000000
core   0: 0x000000008000ff7c (0x00e78023) sb      a4, 0(a5)
core   0: 3 0x000000008000ff7c (0x00e78023) mem 0x0000000080012096 0x00
core   0: 0x000000008000ff80 (0xfc843703) ld      a4, -56(s0)
core   0: 3 0x000000008000ff80 (0xfc843703) x14 0x0000000080012040 mem 0x0000000080031f38
core   0: 0x000000008000ff84 (0xfb843783) ld      a5, -72(s0)
core   0: 3 0x000000008000ff84 (0xfb843783) x15 0x000000000000009c mem 0x0000000080031f28
core   0: 0x000000008000ff88 (0x000097ba) c.add   a5, a4
core   0: 3 0x000000008000ff88 (0x97ba) x15 0x00000000800120dc
core   0: 0x000000008000ff8a (0xfe043703) ld      a4, -32(s0)
core   0: 3 0x000000008000ff8a (0xfe043703) x14 0x0000000080012097 mem 0x0000000080031f50
core   0: 0x000000008000ff8e (0xfcf76de3) bltu    a4, a5, pc - 38
core   0: 3 0x000000008000ff8e (0xfcf76de3)
core   0: 0x000000008000ff68 (0xfe043783) ld      a5, -32(s0)
core   0: 3 0x000000008000ff68 (0xfe043783) x15 0x0000000080012097 mem 0x0000000080031f50
core   0: 0x000000008000ff6c (0x00178713) addi    a4, a5, 1
core   0: 3 0x000000008000ff6c (0x00178713) x14 0x0000000080012098
core   0: 0x000000008000ff70 (0xfee43023) sd      a4, -32(s0)
core   0: 3 0x000000008000ff70 (0xfee43023) mem 0x0000000080031f50 0x0000000080012098
core   0: 0x000000008000ff74 (0xfc442703) lw      a4, -60(s0)
core   0: 3 0x000000008000ff74 (0xfc442703) x14 0x0000000000000000 mem 0x0000000080031f34
core   0: 0x000000008000ff78 (0x0ff77713) andi    a4, a4, 255
core   0: 3 0x000000008000ff78 (0x0ff77713) x14 0x0000000000000000
core   0: 0x000000008000ff7c (0x00e78023) sb      a4, 0(a5)
core   0: 3 0x000000008000ff7c (0x00e78023) mem 0x0000000080012097 0x00
core   0: 0x000000008000ff80 (0xfc843703) ld      a4, -56(s0)
core   0: 3 0x000000008000ff80 (0xfc843703) x14 0x0000000080012040 mem 0x0000000080031f38
core   0: 0x000000008000ff84 (0xfb843783) ld      a5, -72(s0)
core   0: 3 0x000000008000ff84 (0xfb843783) x15 0x000000000000009c mem 0x0000000080031f28
core   0: 0x000000008000ff88 (0x000097ba) c.add   a5, a4
core   0: 3 0x000000008000ff88 (0x97ba) x15 0x00000000800120dc
core   0: 0x000000008000ff8a (0xfe043703) ld      a4, -32(s0)
core   0: 3 0x000000008000ff8a (0xfe043703) x14 0x0000000080012098 mem 0x0000000080031f50
core   0: 0x000000008000ff8e (0xfcf76de3) bltu    a4, a5, pc - 38
core   0: 3 0x000000008000ff8e (0xfcf76de3)
core   0: 0x000000008000ff68 (0xfe043783) ld      a5, -32(s0)
core   0: 3 0x000000008000ff68 (0xfe043783) x15 0x0000000080012098 mem 0x0000000080031f50
core   0: 0x000000008000ff6c (0x00178713) addi    a4, a5, 1
core   0: 3 0x000000008000ff6c (0x00178713) x14 0x0000000080012099
core   0: 0x000000008000ff70 (0xfee43023) sd      a4, -32(s0)
core   0: 3 0x000000008000ff70 (0xfee43023) mem 0x0000000080031f50 0x0000000080012099
core   0: 0x000000008000ff74 (0xfc442703) lw      a4, -60(s0)
core   0: 3 0x000000008000ff74 (0xfc442703) x14 0x0000000000000000 mem 0x0000000080031f34
core   0: 0x000000008000ff78 (0x0ff77713) andi    a4, a4, 255
core   0: 3 0x000000008000ff78 (0x0ff77713) x14 0x0000000000000000
core   0: 0x000000008000ff7c (0x00e78023) sb      a4, 0(a5)
core   0: 3 0x000000008000ff7c (0x00e78023) mem 0x0000000080012098 0x00
core   0: 0x000000008000ff80 (0xfc843703) ld      a4, -56(s0)
core   0: 3 0x000000008000ff80 (0xfc843703) x14 0x0000000080012040 mem 0x0000000080031f38
core   0: 0x000000008000ff84 (0xfb843783) ld      a5, -72(s0)
core   0: 3 0x000000008000ff84 (0xfb843783) x15 0x000000000000009c mem 0x0000000080031f28
core   0: 0x000000008000ff88 (0x000097ba) c.add   a5, a4
core   0: 3 0x000000008000ff88 (0x97ba) x15 0x00000000800120dc
core   0: 0x000000008000ff8a (0xfe043703) ld      a4, -32(s0)
core   0: 3 0x000000008000ff8a (0xfe043703) x14 0x0000000080012099 mem 0x0000000080031f50
core   0: 0x000000008000ff8e (0xfcf76de3) bltu    a4, a5, pc - 38
core   0: 3 0x000000008000ff8e (0xfcf76de3)
core   0: 0x000000008000ff68 (0xfe043783) ld      a5, -32(s0)
core   0: 3 0x000000008000ff68 (0xfe043783) x15 0x0000000080012099 mem 0x0000000080031f50
core   0: 0x000000008000ff6c (0x00178713) addi    a4, a5, 1
core   0: 3 0x000000008000ff6c (0x00178713) x14 0x000000008001209a
core   0: 0x000000008000ff70 (0xfee43023) sd      a4, -32(s0)
core   0: 3 0x000000008000ff70 (0xfee43023) mem 0x0000000080031f50 0x000000008001209a
core   0: 0x000000008000ff74 (0xfc442703) lw      a4, -60(s0)
core   0: 3 0x000000008000ff74 (0xfc442703) x14 0x0000000000000000 mem 0x0000000080031f34
core   0: 0x000000008000ff78 (0x0ff77713) andi    a4, a4, 255
core   0: 3 0x000000008000ff78 (0x0ff77713) x14 0x0000000000000000
core   0: 0x000000008000ff7c (0x00e78023) sb      a4, 0(a5)
core   0: 3 0x000000008000ff7c (0x00e78023) mem 0x0000000080012099 0x00
core   0: 0x000000008000ff80 (0xfc843703) ld      a4, -56(s0)
core   0: 3 0x000000008000ff80 (0xfc843703) x14 0x0000000080012040 mem 0x0000000080031f38
core   0: 0x000000008000ff84 (0xfb843783) ld      a5, -72(s0)
core   0: 3 0x000000008000ff84 (0xfb843783) x15 0x000000000000009c mem 0x0000000080031f28
core   0: 0x000000008000ff88 (0x000097ba) c.add   a5, a4
core   0: 3 0x000000008000ff88 (0x97ba) x15 0x00000000800120dc
core   0: 0x000000008000ff8a (0xfe043703) ld      a4, -32(s0)
core   0: 3 0x000000008000ff8a (0xfe043703) x14 0x000000008001209a mem 0x0000000080031f50
core   0: 0x000000008000ff8e (0xfcf76de3) bltu    a4, a5, pc - 38
core   0: 3 0x000000008000ff8e (0xfcf76de3)
core   0: 0x000000008000ff68 (0xfe043783) ld      a5, -32(s0)
core   0: 3 0x000000008000ff68 (0xfe043783) x15 0x000000008001209a mem 0x0000000080031f50
core   0: 0x000000008000ff6c (0x00178713) addi    a4, a5, 1
core   0: 3 0x000000008000ff6c (0x00178713) x14 0x000000008001209b
core   0: 0x000000008000ff70 (0xfee43023) sd      a4, -32(s0)
core   0: 3 0x000000008000ff70 (0xfee43023) mem 0x0000000080031f50 0x000000008001209b
core   0: 0x000000008000ff74 (0xfc442703) lw      a4, -60(s0)
core   0: 3 0x000000008000ff74 (0xfc442703) x14 0x0000000000000000 mem 0x0000000080031f34
core   0: 0x000000008000ff78 (0x0ff77713) andi    a4, a4, 255
core   0: 3 0x000000008000ff78 (0x0ff77713) x14 0x0000000000000000
core   0: 0x000000008000ff7c (0x00e78023) sb      a4, 0(a5)
core   0: 3 0x000000008000ff7c (0x00e78023) mem 0x000000008001209a 0x00
core   0: 0x000000008000ff80 (0xfc843703) ld      a4, -56(s0)
core   0: 3 0x000000008000ff80 (0xfc843703) x14 0x0000000080012040 mem 0x0000000080031f38
core   0: 0x000000008000ff84 (0xfb843783) ld      a5, -72(s0)
core   0: 3 0x000000008000ff84 (0xfb843783) x15 0x000000000000009c mem 0x0000000080031f28
core   0: 0x000000008000ff88 (0x000097ba) c.add   a5, a4
core   0: 3 0x000000008000ff88 (0x97ba) x15 0x00000000800120dc
core   0: 0x000000008000ff8a (0xfe043703) ld      a4, -32(s0)
core   0: 3 0x000000008000ff8a (0xfe043703) x14 0x000000008001209b mem 0x0000000080031f50
core   0: 0x000000008000ff8e (0xfcf76de3) bltu    a4, a5, pc - 38
core   0: 3 0x000000008000ff8e (0xfcf76de3)
core   0: 0x000000008000ff68 (0xfe043783) ld      a5, -32(s0)
core   0: 3 0x000000008000ff68 (0xfe043783) x15 0x000000008001209b mem 0x0000000080031f50
core   0: 0x000000008000ff6c (0x00178713) addi    a4, a5, 1
core   0: 3 0x000000008000ff6c (0x00178713) x14 0x000000008001209c
core   0: 0x000000008000ff70 (0xfee43023) sd      a4, -32(s0)
core   0: 3 0x000000008000ff70 (0xfee43023) mem 0x0000000080031f50 0x000000008001209c
core   0: 0x000000008000ff74 (0xfc442703) lw      a4, -60(s0)
core   0: 3 0x000000008000ff74 (0xfc442703) x14 0x0000000000000000 mem 0x0000000080031f34
core   0: 0x000000008000ff78 (0x0ff77713) andi    a4, a4, 255
core   0: 3 0x000000008000ff78 (0x0ff77713) x14 0x0000000000000000
core   0: 0x000000008000ff7c (0x00e78023) sb      a4, 0(a5)
core   0: 3 0x000000008000ff7c (0x00e78023) mem 0x000000008001209b 0x00
core   0: 0x000000008000ff80 (0xfc843703) ld      a4, -56(s0)
core   0: 3 0x000000008000ff80 (0xfc843703) x14 0x0000000080012040 mem 0x0000000080031f38
core   0: 0x000000008000ff84 (0xfb843783) ld      a5, -72(s0)
core   0: 3 0x000000008000ff84 (0xfb843783) x15 0x000000000000009c mem 0x0000000080031f28
core   0: 0x000000008000ff88 (0x000097ba) c.add   a5, a4
core   0: 3 0x000000008000ff88 (0x97ba) x15 0x00000000800120dc
core   0: 0x000000008000ff8a (0xfe043703) ld      a4, -32(s0)
core   0: 3 0x000000008000ff8a (0xfe043703) x14 0x000000008001209c mem 0x0000000080031f50
core   0: 0x000000008000ff8e (0xfcf76de3) bltu    a4, a5, pc - 38
core   0: 3 0x000000008000ff8e (0xfcf76de3)
core   0: 0x000000008000ff68 (0xfe043783) ld      a5, -32(s0)
core   0: 3 0x000000008000ff68 (0xfe043783) x15 0x000000008001209c mem 0x0000000080031f50
core   0: 0x000000008000ff6c (0x00178713) addi    a4, a5, 1
core   0: 3 0x000000008000ff6c (0x00178713) x14 0x000000008001209d
core   0: 0x000000008000ff70 (0xfee43023) sd      a4, -32(s0)
core   0: 3 0x000000008000ff70 (0xfee43023) mem 0x0000000080031f50 0x000000008001209d
core   0: 0x000000008000ff74 (0xfc442703) lw      a4, -60(s0)
core   0: 3 0x000000008000ff74 (0xfc442703) x14 0x0000000000000000 mem 0x0000000080031f34
core   0: 0x000000008000ff78 (0x0ff77713) andi    a4, a4, 255
core   0: 3 0x000000008000ff78 (0x0ff77713) x14 0x0000000000000000
core   0: 0x000000008000ff7c (0x00e78023) sb      a4, 0(a5)
core   0: 3 0x000000008000ff7c (0x00e78023) mem 0x000000008001209c 0x00
core   0: 0x000000008000ff80 (0xfc843703) ld      a4, -56(s0)
core   0: 3 0x000000008000ff80 (0xfc843703) x14 0x0000000080012040 mem 0x0000000080031f38
core   0: 0x000000008000ff84 (0xfb843783) ld      a5, -72(s0)
core   0: 3 0x000000008000ff84 (0xfb843783) x15 0x000000000000009c mem 0x0000000080031f28
core   0: 0x000000008000ff88 (0x000097ba) c.add   a5, a4
core   0: 3 0x000000008000ff88 (0x97ba) x15 0x00000000800120dc
core   0: 0x000000008000ff8a (0xfe043703) ld      a4, -32(s0)
core   0: 3 0x000000008000ff8a (0xfe043703) x14 0x000000008001209d mem 0x0000000080031f50
core   0: 0x000000008000ff8e (0xfcf76de3) bltu    a4, a5, pc - 38
core   0: 3 0x000000008000ff8e (0xfcf76de3)
core   0: 0x000000008000ff68 (0xfe043783) ld      a5, -32(s0)
core   0: 3 0x000000008000ff68 (0xfe043783) x15 0x000000008001209d mem 0x0000000080031f50
core   0: 0x000000008000ff6c (0x00178713) addi    a4, a5, 1
core   0: 3 0x000000008000ff6c (0x00178713) x14 0x000000008001209e
core   0: 0x000000008000ff70 (0xfee43023) sd      a4, -32(s0)
core   0: 3 0x000000008000ff70 (0xfee43023) mem 0x0000000080031f50 0x000000008001209e
core   0: 0x000000008000ff74 (0xfc442703) lw      a4, -60(s0)
core   0: 3 0x000000008000ff74 (0xfc442703) x14 0x0000000000000000 mem 0x0000000080031f34
core   0: 0x000000008000ff78 (0x0ff77713) andi    a4, a4, 255
core   0: 3 0x000000008000ff78 (0x0ff77713) x14 0x0000000000000000
core   0: 0x000000008000ff7c (0x00e78023) sb      a4, 0(a5)
core   0: 3 0x000000008000ff7c (0x00e78023) mem 0x000000008001209d 0x00
core   0: 0x000000008000ff80 (0xfc843703) ld      a4, -56(s0)
core   0: 3 0x000000008000ff80 (0xfc843703) x14 0x0000000080012040 mem 0x0000000080031f38
core   0: 0x000000008000ff84 (0xfb843783) ld      a5, -72(s0)
core   0: 3 0x000000008000ff84 (0xfb843783) x15 0x000000000000009c mem 0x0000000080031f28
core   0: 0x000000008000ff88 (0x000097ba) c.add   a5, a4
core   0: 3 0x000000008000ff88 (0x97ba) x15 0x00000000800120dc
core   0: 0x000000008000ff8a (0xfe043703) ld      a4, -32(s0)
core   0: 3 0x000000008000ff8a (0xfe043703) x14 0x000000008001209e mem 0x0000000080031f50
core   0: 0x000000008000ff8e (0xfcf76de3) bltu    a4, a5, pc - 38
core   0: 3 0x000000008000ff8e (0xfcf76de3)
core   0: 0x000000008000ff68 (0xfe043783) ld      a5, -32(s0)
core   0: 3 0x000000008000ff68 (0xfe043783) x15 0x000000008001209e mem 0x0000000080031f50
core   0: 0x000000008000ff6c (0x00178713) addi    a4, a5, 1
core   0: 3 0x000000008000ff6c (0x00178713) x14 0x000000008001209f
core   0: 0x000000008000ff70 (0xfee43023) sd      a4, -32(s0)
core   0: 3 0x000000008000ff70 (0xfee43023) mem 0x0000000080031f50 0x000000008001209f
core   0: 0x000000008000ff74 (0xfc442703) lw      a4, -60(s0)
core   0: 3 0x000000008000ff74 (0xfc442703) x14 0x0000000000000000 mem 0x0000000080031f34
core   0: 0x000000008000ff78 (0x0ff77713) andi    a4, a4, 255
core   0: 3 0x000000008000ff78 (0x0ff77713) x14 0x0000000000000000
core   0: 0x000000008000ff7c (0x00e78023) sb      a4, 0(a5)
core   0: 3 0x000000008000ff7c (0x00e78023) mem 0x000000008001209e 0x00
core   0: 0x000000008000ff80 (0xfc843703) ld      a4, -56(s0)
core   0: 3 0x000000008000ff80 (0xfc843703) x14 0x0000000080012040 mem 0x0000000080031f38
core   0: 0x000000008000ff84 (0xfb843783) ld      a5, -72(s0)
core   0: 3 0x000000008000ff84 (0xfb843783) x15 0x000000000000009c mem 0x0000000080031f28
core   0: 0x000000008000ff88 (0x000097ba) c.add   a5, a4
core   0: 3 0x000000008000ff88 (0x97ba) x15 0x00000000800120dc
core   0: 0x000000008000ff8a (0xfe043703) ld      a4, -32(s0)
core   0: 3 0x000000008000ff8a (0xfe043703) x14 0x000000008001209f mem 0x0000000080031f50
core   0: 0x000000008000ff8e (0xfcf76de3) bltu    a4, a5, pc - 38
core   0: 3 0x000000008000ff8e (0xfcf76de3)
core   0: 0x000000008000ff68 (0xfe043783) ld      a5, -32(s0)
core   0: 3 0x000000008000ff68 (0xfe043783) x15 0x000000008001209f mem 0x0000000080031f50
core   0: 0x000000008000ff6c (0x00178713) addi    a4, a5, 1
core   0: 3 0x000000008000ff6c (0x00178713) x14 0x00000000800120a0
core   0: 0x000000008000ff70 (0xfee43023) sd      a4, -32(s0)
core   0: 3 0x000000008000ff70 (0xfee43023) mem 0x0000000080031f50 0x00000000800120a0
core   0: 0x000000008000ff74 (0xfc442703) lw      a4, -60(s0)
core   0: 3 0x000000008000ff74 (0xfc442703) x14 0x0000000000000000 mem 0x0000000080031f34
core   0: 0x000000008000ff78 (0x0ff77713) andi    a4, a4, 255
core   0: 3 0x000000008000ff78 (0x0ff77713) x14 0x0000000000000000
core   0: 0x000000008000ff7c (0x00e78023) sb      a4, 0(a5)
core   0: 3 0x000000008000ff7c (0x00e78023) mem 0x000000008001209f 0x00
core   0: 0x000000008000ff80 (0xfc843703) ld      a4, -56(s0)
core   0: 3 0x000000008000ff80 (0xfc843703) x14 0x0000000080012040 mem 0x0000000080031f38
core   0: 0x000000008000ff84 (0xfb843783) ld      a5, -72(s0)
core   0: 3 0x000000008000ff84 (0xfb843783) x15 0x000000000000009c mem 0x0000000080031f28
core   0: 0x000000008000ff88 (0x000097ba) c.add   a5, a4
core   0: 3 0x000000008000ff88 (0x97ba) x15 0x00000000800120dc
core   0: 0x000000008000ff8a (0xfe043703) ld      a4, -32(s0)
core   0: 3 0x000000008000ff8a (0xfe043703) x14 0x00000000800120a0 mem 0x0000000080031f50
core   0: 0x000000008000ff8e (0xfcf76de3) bltu    a4, a5, pc - 38
core   0: 3 0x000000008000ff8e (0xfcf76de3)
core   0: 0x000000008000ff68 (0xfe043783) ld      a5, -32(s0)
core   0: 3 0x000000008000ff68 (0xfe043783) x15 0x00000000800120a0 mem 0x0000000080031f50
core   0: 0x000000008000ff6c (0x00178713) addi    a4, a5, 1
core   0: 3 0x000000008000ff6c (0x00178713) x14 0x00000000800120a1
core   0: 0x000000008000ff70 (0xfee43023) sd      a4, -32(s0)
core   0: 3 0x000000008000ff70 (0xfee43023) mem 0x0000000080031f50 0x00000000800120a1
core   0: 0x000000008000ff74 (0xfc442703) lw      a4, -60(s0)
core   0: 3 0x000000008000ff74 (0xfc442703) x14 0x0000000000000000 mem 0x0000000080031f34
core   0: 0x000000008000ff78 (0x0ff77713) andi    a4, a4, 255
core   0: 3 0x000000008000ff78 (0x0ff77713) x14 0x0000000000000000
core   0: 0x000000008000ff7c (0x00e78023) sb      a4, 0(a5)
core   0: 3 0x000000008000ff7c (0x00e78023) mem 0x00000000800120a0 0x00
core   0: 0x000000008000ff80 (0xfc843703) ld      a4, -56(s0)
core   0: 3 0x000000008000ff80 (0xfc843703) x14 0x0000000080012040 mem 0x0000000080031f38
core   0: 0x000000008000ff84 (0xfb843783) ld      a5, -72(s0)
core   0: 3 0x000000008000ff84 (0xfb843783) x15 0x000000000000009c mem 0x0000000080031f28
core   0: 0x000000008000ff88 (0x000097ba) c.add   a5, a4
core   0: 3 0x000000008000ff88 (0x97ba) x15 0x00000000800120dc
core   0: 0x000000008000ff8a (0xfe043703) ld      a4, -32(s0)
core   0: 3 0x000000008000ff8a (0xfe043703) x14 0x00000000800120a1 mem 0x0000000080031f50
core   0: 0x000000008000ff8e (0xfcf76de3) bltu    a4, a5, pc - 38
core   0: 3 0x000000008000ff8e (0xfcf76de3)
core   0: 0x000000008000ff68 (0xfe043783) ld      a5, -32(s0)
core   0: 3 0x000000008000ff68 (0xfe043783) x15 0x00000000800120a1 mem 0x0000000080031f50
core   0: 0x000000008000ff6c (0x00178713) addi    a4, a5, 1
core   0: 3 0x000000008000ff6c (0x00178713) x14 0x00000000800120a2
core   0: 0x000000008000ff70 (0xfee43023) sd      a4, -32(s0)
core   0: 3 0x000000008000ff70 (0xfee43023) mem 0x0000000080031f50 0x00000000800120a2
core   0: 0x000000008000ff74 (0xfc442703) lw      a4, -60(s0)
core   0: 3 0x000000008000ff74 (0xfc442703) x14 0x0000000000000000 mem 0x0000000080031f34
core   0: 0x000000008000ff78 (0x0ff77713) andi    a4, a4, 255
core   0: 3 0x000000008000ff78 (0x0ff77713) x14 0x0000000000000000
core   0: 0x000000008000ff7c (0x00e78023) sb      a4, 0(a5)
core   0: 3 0x000000008000ff7c (0x00e78023) mem 0x00000000800120a1 0x00
core   0: 0x000000008000ff80 (0xfc843703) ld      a4, -56(s0)
core   0: 3 0x000000008000ff80 (0xfc843703) x14 0x0000000080012040 mem 0x0000000080031f38
core   0: 0x000000008000ff84 (0xfb843783) ld      a5, -72(s0)
core   0: 3 0x000000008000ff84 (0xfb843783) x15 0x000000000000009c mem 0x0000000080031f28
core   0: 0x000000008000ff88 (0x000097ba) c.add   a5, a4
core   0: 3 0x000000008000ff88 (0x97ba) x15 0x00000000800120dc
core   0: 0x000000008000ff8a (0xfe043703) ld      a4, -32(s0)
core   0: 3 0x000000008000ff8a (0xfe043703) x14 0x00000000800120a2 mem 0x0000000080031f50
core   0: 0x000000008000ff8e (0xfcf76de3) bltu    a4, a5, pc - 38
core   0: 3 0x000000008000ff8e (0xfcf76de3)
core   0: 0x000000008000ff68 (0xfe043783) ld      a5, -32(s0)
core   0: 3 0x000000008000ff68 (0xfe043783) x15 0x00000000800120a2 mem 0x0000000080031f50
core   0: 0x000000008000ff6c (0x00178713) addi    a4, a5, 1
core   0: 3 0x000000008000ff6c (0x00178713) x14 0x00000000800120a3
core   0: 0x000000008000ff70 (0xfee43023) sd      a4, -32(s0)
core   0: 3 0x000000008000ff70 (0xfee43023) mem 0x0000000080031f50 0x00000000800120a3
core   0: 0x000000008000ff74 (0xfc442703) lw      a4, -60(s0)
core   0: 3 0x000000008000ff74 (0xfc442703) x14 0x0000000000000000 mem 0x0000000080031f34
core   0: 0x000000008000ff78 (0x0ff77713) andi    a4, a4, 255
core   0: 3 0x000000008000ff78 (0x0ff77713) x14 0x0000000000000000
core   0: 0x000000008000ff7c (0x00e78023) sb      a4, 0(a5)
core   0: 3 0x000000008000ff7c (0x00e78023) mem 0x00000000800120a2 0x00
core   0: 0x000000008000ff80 (0xfc843703) ld      a4, -56(s0)
core   0: 3 0x000000008000ff80 (0xfc843703) x14 0x0000000080012040 mem 0x0000000080031f38
core   0: 0x000000008000ff84 (0xfb843783) ld      a5, -72(s0)
core   0: 3 0x000000008000ff84 (0xfb843783) x15 0x000000000000009c mem 0x0000000080031f28
core   0: 0x000000008000ff88 (0x000097ba) c.add   a5, a4
core   0: 3 0x000000008000ff88 (0x97ba) x15 0x00000000800120dc
core   0: 0x000000008000ff8a (0xfe043703) ld      a4, -32(s0)
core   0: 3 0x000000008000ff8a (0xfe043703) x14 0x00000000800120a3 mem 0x0000000080031f50
core   0: 0x000000008000ff8e (0xfcf76de3) bltu    a4, a5, pc - 38
core   0: 3 0x000000008000ff8e (0xfcf76de3)
core   0: 0x000000008000ff68 (0xfe043783) ld      a5, -32(s0)
core   0: 3 0x000000008000ff68 (0xfe043783) x15 0x00000000800120a3 mem 0x0000000080031f50
core   0: 0x000000008000ff6c (0x00178713) addi    a4, a5, 1
core   0: 3 0x000000008000ff6c (0x00178713) x14 0x00000000800120a4
core   0: 0x000000008000ff70 (0xfee43023) sd      a4, -32(s0)
core   0: 3 0x000000008000ff70 (0xfee43023) mem 0x0000000080031f50 0x00000000800120a4
core   0: 0x000000008000ff74 (0xfc442703) lw      a4, -60(s0)
core   0: 3 0x000000008000ff74 (0xfc442703) x14 0x0000000000000000 mem 0x0000000080031f34
core   0: 0x000000008000ff78 (0x0ff77713) andi    a4, a4, 255
core   0: 3 0x000000008000ff78 (0x0ff77713) x14 0x0000000000000000
core   0: 0x000000008000ff7c (0x00e78023) sb      a4, 0(a5)
core   0: 3 0x000000008000ff7c (0x00e78023) mem 0x00000000800120a3 0x00
core   0: 0x000000008000ff80 (0xfc843703) ld      a4, -56(s0)
core   0: 3 0x000000008000ff80 (0xfc843703) x14 0x0000000080012040 mem 0x0000000080031f38
core   0: 0x000000008000ff84 (0xfb843783) ld      a5, -72(s0)
core   0: 3 0x000000008000ff84 (0xfb843783) x15 0x000000000000009c mem 0x0000000080031f28
core   0: 0x000000008000ff88 (0x000097ba) c.add   a5, a4
core   0: 3 0x000000008000ff88 (0x97ba) x15 0x00000000800120dc
core   0: 0x000000008000ff8a (0xfe043703) ld      a4, -32(s0)
core   0: 3 0x000000008000ff8a (0xfe043703) x14 0x00000000800120a4 mem 0x0000000080031f50
core   0: 0x000000008000ff8e (0xfcf76de3) bltu    a4, a5, pc - 38
core   0: 3 0x000000008000ff8e (0xfcf76de3)
core   0: 0x000000008000ff68 (0xfe043783) ld      a5, -32(s0)
core   0: 3 0x000000008000ff68 (0xfe043783) x15 0x00000000800120a4 mem 0x0000000080031f50
core   0: 0x000000008000ff6c (0x00178713) addi    a4, a5, 1
core   0: 3 0x000000008000ff6c (0x00178713) x14 0x00000000800120a5
core   0: 0x000000008000ff70 (0xfee43023) sd      a4, -32(s0)
core   0: 3 0x000000008000ff70 (0xfee43023) mem 0x0000000080031f50 0x00000000800120a5
core   0: 0x000000008000ff74 (0xfc442703) lw      a4, -60(s0)
core   0: 3 0x000000008000ff74 (0xfc442703) x14 0x0000000000000000 mem 0x0000000080031f34
core   0: 0x000000008000ff78 (0x0ff77713) andi    a4, a4, 255
core   0: 3 0x000000008000ff78 (0x0ff77713) x14 0x0000000000000000
core   0: 0x000000008000ff7c (0x00e78023) sb      a4, 0(a5)
core   0: 3 0x000000008000ff7c (0x00e78023) mem 0x00000000800120a4 0x00
core   0: 0x000000008000ff80 (0xfc843703) ld      a4, -56(s0)
core   0: 3 0x000000008000ff80 (0xfc843703) x14 0x0000000080012040 mem 0x0000000080031f38
core   0: 0x000000008000ff84 (0xfb843783) ld      a5, -72(s0)
core   0: 3 0x000000008000ff84 (0xfb843783) x15 0x000000000000009c mem 0x0000000080031f28
core   0: 0x000000008000ff88 (0x000097ba) c.add   a5, a4
core   0: 3 0x000000008000ff88 (0x97ba) x15 0x00000000800120dc
core   0: 0x000000008000ff8a (0xfe043703) ld      a4, -32(s0)
core   0: 3 0x000000008000ff8a (0xfe043703) x14 0x00000000800120a5 mem 0x0000000080031f50
core   0: 0x000000008000ff8e (0xfcf76de3) bltu    a4, a5, pc - 38
core   0: 3 0x000000008000ff8e (0xfcf76de3)
core   0: 0x000000008000ff68 (0xfe043783) ld      a5, -32(s0)
core   0: 3 0x000000008000ff68 (0xfe043783) x15 0x00000000800120a5 mem 0x0000000080031f50
core   0: 0x000000008000ff6c (0x00178713) addi    a4, a5, 1
core   0: 3 0x000000008000ff6c (0x00178713) x14 0x00000000800120a6
core   0: 0x000000008000ff70 (0xfee43023) sd      a4, -32(s0)
core   0: 3 0x000000008000ff70 (0xfee43023) mem 0x0000000080031f50 0x00000000800120a6
core   0: 0x000000008000ff74 (0xfc442703) lw      a4, -60(s0)
core   0: 3 0x000000008000ff74 (0xfc442703) x14 0x0000000000000000 mem 0x0000000080031f34
core   0: 0x000000008000ff78 (0x0ff77713) andi    a4, a4, 255
core   0: 3 0x000000008000ff78 (0x0ff77713) x14 0x0000000000000000
core   0: 0x000000008000ff7c (0x00e78023) sb      a4, 0(a5)
core   0: 3 0x000000008000ff7c (0x00e78023) mem 0x00000000800120a5 0x00
core   0: 0x000000008000ff80 (0xfc843703) ld      a4, -56(s0)
core   0: 3 0x000000008000ff80 (0xfc843703) x14 0x0000000080012040 mem 0x0000000080031f38
core   0: 0x000000008000ff84 (0xfb843783) ld      a5, -72(s0)
core   0: 3 0x000000008000ff84 (0xfb843783) x15 0x000000000000009c mem 0x0000000080031f28
core   0: 0x000000008000ff88 (0x000097ba) c.add   a5, a4
core   0: 3 0x000000008000ff88 (0x97ba) x15 0x00000000800120dc
core   0: 0x000000008000ff8a (0xfe043703) ld      a4, -32(s0)
core   0: 3 0x000000008000ff8a (0xfe043703) x14 0x00000000800120a6 mem 0x0000000080031f50
core   0: 0x000000008000ff8e (0xfcf76de3) bltu    a4, a5, pc - 38
core   0: 3 0x000000008000ff8e (0xfcf76de3)
core   0: 0x000000008000ff68 (0xfe043783) ld      a5, -32(s0)
core   0: 3 0x000000008000ff68 (0xfe043783) x15 0x00000000800120a6 mem 0x0000000080031f50
core   0: 0x000000008000ff6c (0x00178713) addi    a4, a5, 1
core   0: 3 0x000000008000ff6c (0x00178713) x14 0x00000000800120a7
core   0: 0x000000008000ff70 (0xfee43023) sd      a4, -32(s0)
core   0: 3 0x000000008000ff70 (0xfee43023) mem 0x0000000080031f50 0x00000000800120a7
core   0: 0x000000008000ff74 (0xfc442703) lw      a4, -60(s0)
core   0: 3 0x000000008000ff74 (0xfc442703) x14 0x0000000000000000 mem 0x0000000080031f34
core   0: 0x000000008000ff78 (0x0ff77713) andi    a4, a4, 255
core   0: 3 0x000000008000ff78 (0x0ff77713) x14 0x0000000000000000
core   0: 0x000000008000ff7c (0x00e78023) sb      a4, 0(a5)
core   0: 3 0x000000008000ff7c (0x00e78023) mem 0x00000000800120a6 0x00
core   0: 0x000000008000ff80 (0xfc843703) ld      a4, -56(s0)
core   0: 3 0x000000008000ff80 (0xfc843703) x14 0x0000000080012040 mem 0x0000000080031f38
core   0: 0x000000008000ff84 (0xfb843783) ld      a5, -72(s0)
core   0: 3 0x000000008000ff84 (0xfb843783) x15 0x000000000000009c mem 0x0000000080031f28
core   0: 0x000000008000ff88 (0x000097ba) c.add   a5, a4
core   0: 3 0x000000008000ff88 (0x97ba) x15 0x00000000800120dc
core   0: 0x000000008000ff8a (0xfe043703) ld      a4, -32(s0)
core   0: 3 0x000000008000ff8a (0xfe043703) x14 0x00000000800120a7 mem 0x0000000080031f50
core   0: 0x000000008000ff8e (0xfcf76de3) bltu    a4, a5, pc - 38
core   0: 3 0x000000008000ff8e (0xfcf76de3)
core   0: 0x000000008000ff68 (0xfe043783) ld      a5, -32(s0)
core   0: 3 0x000000008000ff68 (0xfe043783) x15 0x00000000800120a7 mem 0x0000000080031f50
core   0: 0x000000008000ff6c (0x00178713) addi    a4, a5, 1
core   0: 3 0x000000008000ff6c (0x00178713) x14 0x00000000800120a8
core   0: 0x000000008000ff70 (0xfee43023) sd      a4, -32(s0)
core   0: 3 0x000000008000ff70 (0xfee43023) mem 0x0000000080031f50 0x00000000800120a8
core   0: 0x000000008000ff74 (0xfc442703) lw      a4, -60(s0)
core   0: 3 0x000000008000ff74 (0xfc442703) x14 0x0000000000000000 mem 0x0000000080031f34
core   0: 0x000000008000ff78 (0x0ff77713) andi    a4, a4, 255
core   0: 3 0x000000008000ff78 (0x0ff77713) x14 0x0000000000000000
core   0: 0x000000008000ff7c (0x00e78023) sb      a4, 0(a5)
core   0: 3 0x000000008000ff7c (0x00e78023) mem 0x00000000800120a7 0x00
core   0: 0x000000008000ff80 (0xfc843703) ld      a4, -56(s0)
core   0: 3 0x000000008000ff80 (0xfc843703) x14 0x0000000080012040 mem 0x0000000080031f38
core   0: 0x000000008000ff84 (0xfb843783) ld      a5, -72(s0)
core   0: 3 0x000000008000ff84 (0xfb843783) x15 0x000000000000009c mem 0x0000000080031f28
core   0: 0x000000008000ff88 (0x000097ba) c.add   a5, a4
core   0: 3 0x000000008000ff88 (0x97ba) x15 0x00000000800120dc
core   0: 0x000000008000ff8a (0xfe043703) ld      a4, -32(s0)
core   0: 3 0x000000008000ff8a (0xfe043703) x14 0x00000000800120a8 mem 0x0000000080031f50
core   0: 0x000000008000ff8e (0xfcf76de3) bltu    a4, a5, pc - 38
core   0: 3 0x000000008000ff8e (0xfcf76de3)
core   0: 0x000000008000ff68 (0xfe043783) ld      a5, -32(s0)
core   0: 3 0x000000008000ff68 (0xfe043783) x15 0x00000000800120a8 mem 0x0000000080031f50
core   0: 0x000000008000ff6c (0x00178713) addi    a4, a5, 1
core   0: 3 0x000000008000ff6c (0x00178713) x14 0x00000000800120a9
core   0: 0x000000008000ff70 (0xfee43023) sd      a4, -32(s0)
core   0: 3 0x000000008000ff70 (0xfee43023) mem 0x0000000080031f50 0x00000000800120a9
core   0: 0x000000008000ff74 (0xfc442703) lw      a4, -60(s0)
core   0: 3 0x000000008000ff74 (0xfc442703) x14 0x0000000000000000 mem 0x0000000080031f34
core   0: 0x000000008000ff78 (0x0ff77713) andi    a4, a4, 255
core   0: 3 0x000000008000ff78 (0x0ff77713) x14 0x0000000000000000
core   0: 0x000000008000ff7c (0x00e78023) sb      a4, 0(a5)
core   0: 3 0x000000008000ff7c (0x00e78023) mem 0x00000000800120a8 0x00
core   0: 0x000000008000ff80 (0xfc843703) ld      a4, -56(s0)
core   0: 3 0x000000008000ff80 (0xfc843703) x14 0x0000000080012040 mem 0x0000000080031f38
core   0: 0x000000008000ff84 (0xfb843783) ld      a5, -72(s0)
core   0: 3 0x000000008000ff84 (0xfb843783) x15 0x000000000000009c mem 0x0000000080031f28
core   0: 0x000000008000ff88 (0x000097ba) c.add   a5, a4
core   0: 3 0x000000008000ff88 (0x97ba) x15 0x00000000800120dc
core   0: 0x000000008000ff8a (0xfe043703) ld      a4, -32(s0)
core   0: 3 0x000000008000ff8a (0xfe043703) x14 0x00000000800120a9 mem 0x0000000080031f50
core   0: 0x000000008000ff8e (0xfcf76de3) bltu    a4, a5, pc - 38
core   0: 3 0x000000008000ff8e (0xfcf76de3)
core   0: 0x000000008000ff68 (0xfe043783) ld      a5, -32(s0)
core   0: 3 0x000000008000ff68 (0xfe043783) x15 0x00000000800120a9 mem 0x0000000080031f50
core   0: 0x000000008000ff6c (0x00178713) addi    a4, a5, 1
core   0: 3 0x000000008000ff6c (0x00178713) x14 0x00000000800120aa
core   0: 0x000000008000ff70 (0xfee43023) sd      a4, -32(s0)
core   0: 3 0x000000008000ff70 (0xfee43023) mem 0x0000000080031f50 0x00000000800120aa
core   0: 0x000000008000ff74 (0xfc442703) lw      a4, -60(s0)
core   0: 3 0x000000008000ff74 (0xfc442703) x14 0x0000000000000000 mem 0x0000000080031f34
core   0: 0x000000008000ff78 (0x0ff77713) andi    a4, a4, 255
core   0: 3 0x000000008000ff78 (0x0ff77713) x14 0x0000000000000000
core   0: 0x000000008000ff7c (0x00e78023) sb      a4, 0(a5)
core   0: 3 0x000000008000ff7c (0x00e78023) mem 0x00000000800120a9 0x00
core   0: 0x000000008000ff80 (0xfc843703) ld      a4, -56(s0)
core   0: 3 0x000000008000ff80 (0xfc843703) x14 0x0000000080012040 mem 0x0000000080031f38
core   0: 0x000000008000ff84 (0xfb843783) ld      a5, -72(s0)
core   0: 3 0x000000008000ff84 (0xfb843783) x15 0x000000000000009c mem 0x0000000080031f28
core   0: 0x000000008000ff88 (0x000097ba) c.add   a5, a4
core   0: 3 0x000000008000ff88 (0x97ba) x15 0x00000000800120dc
core   0: 0x000000008000ff8a (0xfe043703) ld      a4, -32(s0)
core   0: 3 0x000000008000ff8a (0xfe043703) x14 0x00000000800120aa mem 0x0000000080031f50
core   0: 0x000000008000ff8e (0xfcf76de3) bltu    a4, a5, pc - 38
core   0: 3 0x000000008000ff8e (0xfcf76de3)
core   0: 0x000000008000ff68 (0xfe043783) ld      a5, -32(s0)
core   0: 3 0x000000008000ff68 (0xfe043783) x15 0x00000000800120aa mem 0x0000000080031f50
core   0: 0x000000008000ff6c (0x00178713) addi    a4, a5, 1
core   0: 3 0x000000008000ff6c (0x00178713) x14 0x00000000800120ab
core   0: 0x000000008000ff70 (0xfee43023) sd      a4, -32(s0)
core   0: 3 0x000000008000ff70 (0xfee43023) mem 0x0000000080031f50 0x00000000800120ab
core   0: 0x000000008000ff74 (0xfc442703) lw      a4, -60(s0)
core   0: 3 0x000000008000ff74 (0xfc442703) x14 0x0000000000000000 mem 0x0000000080031f34
core   0: 0x000000008000ff78 (0x0ff77713) andi    a4, a4, 255
core   0: 3 0x000000008000ff78 (0x0ff77713) x14 0x0000000000000000
core   0: 0x000000008000ff7c (0x00e78023) sb      a4, 0(a5)
core   0: 3 0x000000008000ff7c (0x00e78023) mem 0x00000000800120aa 0x00
core   0: 0x000000008000ff80 (0xfc843703) ld      a4, -56(s0)
core   0: 3 0x000000008000ff80 (0xfc843703) x14 0x0000000080012040 mem 0x0000000080031f38
core   0: 0x000000008000ff84 (0xfb843783) ld      a5, -72(s0)
core   0: 3 0x000000008000ff84 (0xfb843783) x15 0x000000000000009c mem 0x0000000080031f28
core   0: 0x000000008000ff88 (0x000097ba) c.add   a5, a4
core   0: 3 0x000000008000ff88 (0x97ba) x15 0x00000000800120dc
core   0: 0x000000008000ff8a (0xfe043703) ld      a4, -32(s0)
core   0: 3 0x000000008000ff8a (0xfe043703) x14 0x00000000800120ab mem 0x0000000080031f50
core   0: 0x000000008000ff8e (0xfcf76de3) bltu    a4, a5, pc - 38
core   0: 3 0x000000008000ff8e (0xfcf76de3)
core   0: 0x000000008000ff68 (0xfe043783) ld      a5, -32(s0)
core   0: 3 0x000000008000ff68 (0xfe043783) x15 0x00000000800120ab mem 0x0000000080031f50
core   0: 0x000000008000ff6c (0x00178713) addi    a4, a5, 1
core   0: 3 0x000000008000ff6c (0x00178713) x14 0x00000000800120ac
core   0: 0x000000008000ff70 (0xfee43023) sd      a4, -32(s0)
core   0: 3 0x000000008000ff70 (0xfee43023) mem 0x0000000080031f50 0x00000000800120ac
core   0: 0x000000008000ff74 (0xfc442703) lw      a4, -60(s0)
core   0: 3 0x000000008000ff74 (0xfc442703) x14 0x0000000000000000 mem 0x0000000080031f34
core   0: 0x000000008000ff78 (0x0ff77713) andi    a4, a4, 255
core   0: 3 0x000000008000ff78 (0x0ff77713) x14 0x0000000000000000
core   0: 0x000000008000ff7c (0x00e78023) sb      a4, 0(a5)
core   0: 3 0x000000008000ff7c (0x00e78023) mem 0x00000000800120ab 0x00
core   0: 0x000000008000ff80 (0xfc843703) ld      a4, -56(s0)
core   0: 3 0x000000008000ff80 (0xfc843703) x14 0x0000000080012040 mem 0x0000000080031f38
core   0: 0x000000008000ff84 (0xfb843783) ld      a5, -72(s0)
core   0: 3 0x000000008000ff84 (0xfb843783) x15 0x000000000000009c mem 0x0000000080031f28
core   0: 0x000000008000ff88 (0x000097ba) c.add   a5, a4
core   0: 3 0x000000008000ff88 (0x97ba) x15 0x00000000800120dc
core   0: 0x000000008000ff8a (0xfe043703) ld      a4, -32(s0)
core   0: 3 0x000000008000ff8a (0xfe043703) x14 0x00000000800120ac mem 0x0000000080031f50
core   0: 0x000000008000ff8e (0xfcf76de3) bltu    a4, a5, pc - 38
core   0: 3 0x000000008000ff8e (0xfcf76de3)
core   0: 0x000000008000ff68 (0xfe043783) ld      a5, -32(s0)
core   0: 3 0x000000008000ff68 (0xfe043783) x15 0x00000000800120ac mem 0x0000000080031f50
core   0: 0x000000008000ff6c (0x00178713) addi    a4, a5, 1
core   0: 3 0x000000008000ff6c (0x00178713) x14 0x00000000800120ad
core   0: 0x000000008000ff70 (0xfee43023) sd      a4, -32(s0)
core   0: 3 0x000000008000ff70 (0xfee43023) mem 0x0000000080031f50 0x00000000800120ad
core   0: 0x000000008000ff74 (0xfc442703) lw      a4, -60(s0)
core   0: 3 0x000000008000ff74 (0xfc442703) x14 0x0000000000000000 mem 0x0000000080031f34
core   0: 0x000000008000ff78 (0x0ff77713) andi    a4, a4, 255
core   0: 3 0x000000008000ff78 (0x0ff77713) x14 0x0000000000000000
core   0: 0x000000008000ff7c (0x00e78023) sb      a4, 0(a5)
core   0: 3 0x000000008000ff7c (0x00e78023) mem 0x00000000800120ac 0x00
core   0: 0x000000008000ff80 (0xfc843703) ld      a4, -56(s0)
core   0: 3 0x000000008000ff80 (0xfc843703) x14 0x0000000080012040 mem 0x0000000080031f38
core   0: 0x000000008000ff84 (0xfb843783) ld      a5, -72(s0)
core   0: 3 0x000000008000ff84 (0xfb843783) x15 0x000000000000009c mem 0x0000000080031f28
core   0: 0x000000008000ff88 (0x000097ba) c.add   a5, a4
core   0: 3 0x000000008000ff88 (0x97ba) x15 0x00000000800120dc
core   0: 0x000000008000ff8a (0xfe043703) ld      a4, -32(s0)
core   0: 3 0x000000008000ff8a (0xfe043703) x14 0x00000000800120ad mem 0x0000000080031f50
core   0: 0x000000008000ff8e (0xfcf76de3) bltu    a4, a5, pc - 38
core   0: 3 0x000000008000ff8e (0xfcf76de3)
core   0: 0x000000008000ff68 (0xfe043783) ld      a5, -32(s0)
core   0: 3 0x000000008000ff68 (0xfe043783) x15 0x00000000800120ad mem 0x0000000080031f50
core   0: 0x000000008000ff6c (0x00178713) addi    a4, a5, 1
core   0: 3 0x000000008000ff6c (0x00178713) x14 0x00000000800120ae
core   0: 0x000000008000ff70 (0xfee43023) sd      a4, -32(s0)
core   0: 3 0x000000008000ff70 (0xfee43023) mem 0x0000000080031f50 0x00000000800120ae
core   0: 0x000000008000ff74 (0xfc442703) lw      a4, -60(s0)
core   0: 3 0x000000008000ff74 (0xfc442703) x14 0x0000000000000000 mem 0x0000000080031f34
core   0: 0x000000008000ff78 (0x0ff77713) andi    a4, a4, 255
core   0: 3 0x000000008000ff78 (0x0ff77713) x14 0x0000000000000000
core   0: 0x000000008000ff7c (0x00e78023) sb      a4, 0(a5)
core   0: 3 0x000000008000ff7c (0x00e78023) mem 0x00000000800120ad 0x00
core   0: 0x000000008000ff80 (0xfc843703) ld      a4, -56(s0)
core   0: 3 0x000000008000ff80 (0xfc843703) x14 0x0000000080012040 mem 0x0000000080031f38
core   0: 0x000000008000ff84 (0xfb843783) ld      a5, -72(s0)
core   0: 3 0x000000008000ff84 (0xfb843783) x15 0x000000000000009c mem 0x0000000080031f28
core   0: 0x000000008000ff88 (0x000097ba) c.add   a5, a4
core   0: 3 0x000000008000ff88 (0x97ba) x15 0x00000000800120dc
core   0: 0x000000008000ff8a (0xfe043703) ld      a4, -32(s0)
core   0: 3 0x000000008000ff8a (0xfe043703) x14 0x00000000800120ae mem 0x0000000080031f50
core   0: 0x000000008000ff8e (0xfcf76de3) bltu    a4, a5, pc - 38
core   0: 3 0x000000008000ff8e (0xfcf76de3)
core   0: 0x000000008000ff68 (0xfe043783) ld      a5, -32(s0)
core   0: 3 0x000000008000ff68 (0xfe043783) x15 0x00000000800120ae mem 0x0000000080031f50
core   0: 0x000000008000ff6c (0x00178713) addi    a4, a5, 1
core   0: 3 0x000000008000ff6c (0x00178713) x14 0x00000000800120af
core   0: 0x000000008000ff70 (0xfee43023) sd      a4, -32(s0)
core   0: 3 0x000000008000ff70 (0xfee43023) mem 0x0000000080031f50 0x00000000800120af
core   0: 0x000000008000ff74 (0xfc442703) lw      a4, -60(s0)
core   0: 3 0x000000008000ff74 (0xfc442703) x14 0x0000000000000000 mem 0x0000000080031f34
core   0: 0x000000008000ff78 (0x0ff77713) andi    a4, a4, 255
core   0: 3 0x000000008000ff78 (0x0ff77713) x14 0x0000000000000000
core   0: 0x000000008000ff7c (0x00e78023) sb      a4, 0(a5)
core   0: 3 0x000000008000ff7c (0x00e78023) mem 0x00000000800120ae 0x00
core   0: 0x000000008000ff80 (0xfc843703) ld      a4, -56(s0)
core   0: 3 0x000000008000ff80 (0xfc843703) x14 0x0000000080012040 mem 0x0000000080031f38
core   0: 0x000000008000ff84 (0xfb843783) ld      a5, -72(s0)
core   0: 3 0x000000008000ff84 (0xfb843783) x15 0x000000000000009c mem 0x0000000080031f28
core   0: 0x000000008000ff88 (0x000097ba) c.add   a5, a4
core   0: 3 0x000000008000ff88 (0x97ba) x15 0x00000000800120dc
core   0: 0x000000008000ff8a (0xfe043703) ld      a4, -32(s0)
core   0: 3 0x000000008000ff8a (0xfe043703) x14 0x00000000800120af mem 0x0000000080031f50
core   0: 0x000000008000ff8e (0xfcf76de3) bltu    a4, a5, pc - 38
core   0: 3 0x000000008000ff8e (0xfcf76de3)
core   0: 0x000000008000ff68 (0xfe043783) ld      a5, -32(s0)
core   0: 3 0x000000008000ff68 (0xfe043783) x15 0x00000000800120af mem 0x0000000080031f50
core   0: 0x000000008000ff6c (0x00178713) addi    a4, a5, 1
core   0: 3 0x000000008000ff6c (0x00178713) x14 0x00000000800120b0
core   0: 0x000000008000ff70 (0xfee43023) sd      a4, -32(s0)
core   0: 3 0x000000008000ff70 (0xfee43023) mem 0x0000000080031f50 0x00000000800120b0
core   0: 0x000000008000ff74 (0xfc442703) lw      a4, -60(s0)
core   0: 3 0x000000008000ff74 (0xfc442703) x14 0x0000000000000000 mem 0x0000000080031f34
core   0: 0x000000008000ff78 (0x0ff77713) andi    a4, a4, 255
core   0: 3 0x000000008000ff78 (0x0ff77713) x14 0x0000000000000000
core   0: 0x000000008000ff7c (0x00e78023) sb      a4, 0(a5)
core   0: 3 0x000000008000ff7c (0x00e78023) mem 0x00000000800120af 0x00
core   0: 0x000000008000ff80 (0xfc843703) ld      a4, -56(s0)
core   0: 3 0x000000008000ff80 (0xfc843703) x14 0x0000000080012040 mem 0x0000000080031f38
core   0: 0x000000008000ff84 (0xfb843783) ld      a5, -72(s0)
core   0: 3 0x000000008000ff84 (0xfb843783) x15 0x000000000000009c mem 0x0000000080031f28
core   0: 0x000000008000ff88 (0x000097ba) c.add   a5, a4
core   0: 3 0x000000008000ff88 (0x97ba) x15 0x00000000800120dc
core   0: 0x000000008000ff8a (0xfe043703) ld      a4, -32(s0)
core   0: 3 0x000000008000ff8a (0xfe043703) x14 0x00000000800120b0 mem 0x0000000080031f50
core   0: 0x000000008000ff8e (0xfcf76de3) bltu    a4, a5, pc - 38
core   0: 3 0x000000008000ff8e (0xfcf76de3)
core   0: 0x000000008000ff68 (0xfe043783) ld      a5, -32(s0)
core   0: 3 0x000000008000ff68 (0xfe043783) x15 0x00000000800120b0 mem 0x0000000080031f50
core   0: 0x000000008000ff6c (0x00178713) addi    a4, a5, 1
core   0: 3 0x000000008000ff6c (0x00178713) x14 0x00000000800120b1
core   0: 0x000000008000ff70 (0xfee43023) sd      a4, -32(s0)
core   0: 3 0x000000008000ff70 (0xfee43023) mem 0x0000000080031f50 0x00000000800120b1
core   0: 0x000000008000ff74 (0xfc442703) lw      a4, -60(s0)
core   0: 3 0x000000008000ff74 (0xfc442703) x14 0x0000000000000000 mem 0x0000000080031f34
core   0: 0x000000008000ff78 (0x0ff77713) andi    a4, a4, 255
core   0: 3 0x000000008000ff78 (0x0ff77713) x14 0x0000000000000000
core   0: 0x000000008000ff7c (0x00e78023) sb      a4, 0(a5)
core   0: 3 0x000000008000ff7c (0x00e78023) mem 0x00000000800120b0 0x00
core   0: 0x000000008000ff80 (0xfc843703) ld      a4, -56(s0)
core   0: 3 0x000000008000ff80 (0xfc843703) x14 0x0000000080012040 mem 0x0000000080031f38
core   0: 0x000000008000ff84 (0xfb843783) ld      a5, -72(s0)
core   0: 3 0x000000008000ff84 (0xfb843783) x15 0x000000000000009c mem 0x0000000080031f28
core   0: 0x000000008000ff88 (0x000097ba) c.add   a5, a4
core   0: 3 0x000000008000ff88 (0x97ba) x15 0x00000000800120dc
core   0: 0x000000008000ff8a (0xfe043703) ld      a4, -32(s0)
core   0: 3 0x000000008000ff8a (0xfe043703) x14 0x00000000800120b1 mem 0x0000000080031f50
core   0: 0x000000008000ff8e (0xfcf76de3) bltu    a4, a5, pc - 38
core   0: 3 0x000000008000ff8e (0xfcf76de3)
core   0: 0x000000008000ff68 (0xfe043783) ld      a5, -32(s0)
core   0: 3 0x000000008000ff68 (0xfe043783) x15 0x00000000800120b1 mem 0x0000000080031f50
core   0: 0x000000008000ff6c (0x00178713) addi    a4, a5, 1
core   0: 3 0x000000008000ff6c (0x00178713) x14 0x00000000800120b2
core   0: 0x000000008000ff70 (0xfee43023) sd      a4, -32(s0)
core   0: 3 0x000000008000ff70 (0xfee43023) mem 0x0000000080031f50 0x00000000800120b2
core   0: 0x000000008000ff74 (0xfc442703) lw      a4, -60(s0)
core   0: 3 0x000000008000ff74 (0xfc442703) x14 0x0000000000000000 mem 0x0000000080031f34
core   0: 0x000000008000ff78 (0x0ff77713) andi    a4, a4, 255
core   0: 3 0x000000008000ff78 (0x0ff77713) x14 0x0000000000000000
core   0: 0x000000008000ff7c (0x00e78023) sb      a4, 0(a5)
core   0: 3 0x000000008000ff7c (0x00e78023) mem 0x00000000800120b1 0x00
core   0: 0x000000008000ff80 (0xfc843703) ld      a4, -56(s0)
core   0: 3 0x000000008000ff80 (0xfc843703) x14 0x0000000080012040 mem 0x0000000080031f38
core   0: 0x000000008000ff84 (0xfb843783) ld      a5, -72(s0)
core   0: 3 0x000000008000ff84 (0xfb843783) x15 0x000000000000009c mem 0x0000000080031f28
core   0: 0x000000008000ff88 (0x000097ba) c.add   a5, a4
core   0: 3 0x000000008000ff88 (0x97ba) x15 0x00000000800120dc
core   0: 0x000000008000ff8a (0xfe043703) ld      a4, -32(s0)
core   0: 3 0x000000008000ff8a (0xfe043703) x14 0x00000000800120b2 mem 0x0000000080031f50
core   0: 0x000000008000ff8e (0xfcf76de3) bltu    a4, a5, pc - 38
core   0: 3 0x000000008000ff8e (0xfcf76de3)
core   0: 0x000000008000ff68 (0xfe043783) ld      a5, -32(s0)
core   0: 3 0x000000008000ff68 (0xfe043783) x15 0x00000000800120b2 mem 0x0000000080031f50
core   0: 0x000000008000ff6c (0x00178713) addi    a4, a5, 1
core   0: 3 0x000000008000ff6c (0x00178713) x14 0x00000000800120b3
core   0: 0x000000008000ff70 (0xfee43023) sd      a4, -32(s0)
core   0: 3 0x000000008000ff70 (0xfee43023) mem 0x0000000080031f50 0x00000000800120b3
core   0: 0x000000008000ff74 (0xfc442703) lw      a4, -60(s0)
core   0: 3 0x000000008000ff74 (0xfc442703) x14 0x0000000000000000 mem 0x0000000080031f34
core   0: 0x000000008000ff78 (0x0ff77713) andi    a4, a4, 255
core   0: 3 0x000000008000ff78 (0x0ff77713) x14 0x0000000000000000
core   0: 0x000000008000ff7c (0x00e78023) sb      a4, 0(a5)
core   0: 3 0x000000008000ff7c (0x00e78023) mem 0x00000000800120b2 0x00
core   0: 0x000000008000ff80 (0xfc843703) ld      a4, -56(s0)
core   0: 3 0x000000008000ff80 (0xfc843703) x14 0x0000000080012040 mem 0x0000000080031f38
core   0: 0x000000008000ff84 (0xfb843783) ld      a5, -72(s0)
core   0: 3 0x000000008000ff84 (0xfb843783) x15 0x000000000000009c mem 0x0000000080031f28
core   0: 0x000000008000ff88 (0x000097ba) c.add   a5, a4
core   0: 3 0x000000008000ff88 (0x97ba) x15 0x00000000800120dc
core   0: 0x000000008000ff8a (0xfe043703) ld      a4, -32(s0)
core   0: 3 0x000000008000ff8a (0xfe043703) x14 0x00000000800120b3 mem 0x0000000080031f50
core   0: 0x000000008000ff8e (0xfcf76de3) bltu    a4, a5, pc - 38
core   0: 3 0x000000008000ff8e (0xfcf76de3)
core   0: 0x000000008000ff68 (0xfe043783) ld      a5, -32(s0)
core   0: 3 0x000000008000ff68 (0xfe043783) x15 0x00000000800120b3 mem 0x0000000080031f50
core   0: 0x000000008000ff6c (0x00178713) addi    a4, a5, 1
core   0: 3 0x000000008000ff6c (0x00178713) x14 0x00000000800120b4
core   0: 0x000000008000ff70 (0xfee43023) sd      a4, -32(s0)
core   0: 3 0x000000008000ff70 (0xfee43023) mem 0x0000000080031f50 0x00000000800120b4
core   0: 0x000000008000ff74 (0xfc442703) lw      a4, -60(s0)
core   0: 3 0x000000008000ff74 (0xfc442703) x14 0x0000000000000000 mem 0x0000000080031f34
core   0: 0x000000008000ff78 (0x0ff77713) andi    a4, a4, 255
core   0: 3 0x000000008000ff78 (0x0ff77713) x14 0x0000000000000000
core   0: 0x000000008000ff7c (0x00e78023) sb      a4, 0(a5)
core   0: 3 0x000000008000ff7c (0x00e78023) mem 0x00000000800120b3 0x00
core   0: 0x000000008000ff80 (0xfc843703) ld      a4, -56(s0)
core   0: 3 0x000000008000ff80 (0xfc843703) x14 0x0000000080012040 mem 0x0000000080031f38
core   0: 0x000000008000ff84 (0xfb843783) ld      a5, -72(s0)
core   0: 3 0x000000008000ff84 (0xfb843783) x15 0x000000000000009c mem 0x0000000080031f28
core   0: 0x000000008000ff88 (0x000097ba) c.add   a5, a4
core   0: 3 0x000000008000ff88 (0x97ba) x15 0x00000000800120dc
core   0: 0x000000008000ff8a (0xfe043703) ld      a4, -32(s0)
core   0: 3 0x000000008000ff8a (0xfe043703) x14 0x00000000800120b4 mem 0x0000000080031f50
core   0: 0x000000008000ff8e (0xfcf76de3) bltu    a4, a5, pc - 38
core   0: 3 0x000000008000ff8e (0xfcf76de3)
core   0: 0x000000008000ff68 (0xfe043783) ld      a5, -32(s0)
core   0: 3 0x000000008000ff68 (0xfe043783) x15 0x00000000800120b4 mem 0x0000000080031f50
core   0: 0x000000008000ff6c (0x00178713) addi    a4, a5, 1
core   0: 3 0x000000008000ff6c (0x00178713) x14 0x00000000800120b5
core   0: 0x000000008000ff70 (0xfee43023) sd      a4, -32(s0)
core   0: 3 0x000000008000ff70 (0xfee43023) mem 0x0000000080031f50 0x00000000800120b5
core   0: 0x000000008000ff74 (0xfc442703) lw      a4, -60(s0)
core   0: 3 0x000000008000ff74 (0xfc442703) x14 0x0000000000000000 mem 0x0000000080031f34
core   0: 0x000000008000ff78 (0x0ff77713) andi    a4, a4, 255
core   0: 3 0x000000008000ff78 (0x0ff77713) x14 0x0000000000000000
core   0: 0x000000008000ff7c (0x00e78023) sb      a4, 0(a5)
core   0: 3 0x000000008000ff7c (0x00e78023) mem 0x00000000800120b4 0x00
core   0: 0x000000008000ff80 (0xfc843703) ld      a4, -56(s0)
core   0: 3 0x000000008000ff80 (0xfc843703) x14 0x0000000080012040 mem 0x0000000080031f38
core   0: 0x000000008000ff84 (0xfb843783) ld      a5, -72(s0)
core   0: 3 0x000000008000ff84 (0xfb843783) x15 0x000000000000009c mem 0x0000000080031f28
core   0: 0x000000008000ff88 (0x000097ba) c.add   a5, a4
core   0: 3 0x000000008000ff88 (0x97ba) x15 0x00000000800120dc
core   0: 0x000000008000ff8a (0xfe043703) ld      a4, -32(s0)
core   0: 3 0x000000008000ff8a (0xfe043703) x14 0x00000000800120b5 mem 0x0000000080031f50
core   0: 0x000000008000ff8e (0xfcf76de3) bltu    a4, a5, pc - 38
core   0: 3 0x000000008000ff8e (0xfcf76de3)
core   0: 0x000000008000ff68 (0xfe043783) ld      a5, -32(s0)
core   0: 3 0x000000008000ff68 (0xfe043783) x15 0x00000000800120b5 mem 0x0000000080031f50
core   0: 0x000000008000ff6c (0x00178713) addi    a4, a5, 1
core   0: 3 0x000000008000ff6c (0x00178713) x14 0x00000000800120b6
core   0: 0x000000008000ff70 (0xfee43023) sd      a4, -32(s0)
core   0: 3 0x000000008000ff70 (0xfee43023) mem 0x0000000080031f50 0x00000000800120b6
core   0: 0x000000008000ff74 (0xfc442703) lw      a4, -60(s0)
core   0: 3 0x000000008000ff74 (0xfc442703) x14 0x0000000000000000 mem 0x0000000080031f34
core   0: 0x000000008000ff78 (0x0ff77713) andi    a4, a4, 255
core   0: 3 0x000000008000ff78 (0x0ff77713) x14 0x0000000000000000
core   0: 0x000000008000ff7c (0x00e78023) sb      a4, 0(a5)
core   0: 3 0x000000008000ff7c (0x00e78023) mem 0x00000000800120b5 0x00
core   0: 0x000000008000ff80 (0xfc843703) ld      a4, -56(s0)
core   0: 3 0x000000008000ff80 (0xfc843703) x14 0x0000000080012040 mem 0x0000000080031f38
core   0: 0x000000008000ff84 (0xfb843783) ld      a5, -72(s0)
core   0: 3 0x000000008000ff84 (0xfb843783) x15 0x000000000000009c mem 0x0000000080031f28
core   0: 0x000000008000ff88 (0x000097ba) c.add   a5, a4
core   0: 3 0x000000008000ff88 (0x97ba) x15 0x00000000800120dc
core   0: 0x000000008000ff8a (0xfe043703) ld      a4, -32(s0)
core   0: 3 0x000000008000ff8a (0xfe043703) x14 0x00000000800120b6 mem 0x0000000080031f50
core   0: 0x000000008000ff8e (0xfcf76de3) bltu    a4, a5, pc - 38
core   0: 3 0x000000008000ff8e (0xfcf76de3)
core   0: 0x000000008000ff68 (0xfe043783) ld      a5, -32(s0)
core   0: 3 0x000000008000ff68 (0xfe043783) x15 0x00000000800120b6 mem 0x0000000080031f50
core   0: 0x000000008000ff6c (0x00178713) addi    a4, a5, 1
core   0: 3 0x000000008000ff6c (0x00178713) x14 0x00000000800120b7
core   0: 0x000000008000ff70 (0xfee43023) sd      a4, -32(s0)
core   0: 3 0x000000008000ff70 (0xfee43023) mem 0x0000000080031f50 0x00000000800120b7
core   0: 0x000000008000ff74 (0xfc442703) lw      a4, -60(s0)
core   0: 3 0x000000008000ff74 (0xfc442703) x14 0x0000000000000000 mem 0x0000000080031f34
core   0: 0x000000008000ff78 (0x0ff77713) andi    a4, a4, 255
core   0: 3 0x000000008000ff78 (0x0ff77713) x14 0x0000000000000000
core   0: 0x000000008000ff7c (0x00e78023) sb      a4, 0(a5)
core   0: 3 0x000000008000ff7c (0x00e78023) mem 0x00000000800120b6 0x00
core   0: 0x000000008000ff80 (0xfc843703) ld      a4, -56(s0)
core   0: 3 0x000000008000ff80 (0xfc843703) x14 0x0000000080012040 mem 0x0000000080031f38
core   0: 0x000000008000ff84 (0xfb843783) ld      a5, -72(s0)
core   0: 3 0x000000008000ff84 (0xfb843783) x15 0x000000000000009c mem 0x0000000080031f28
core   0: 0x000000008000ff88 (0x000097ba) c.add   a5, a4
core   0: 3 0x000000008000ff88 (0x97ba) x15 0x00000000800120dc
core   0: 0x000000008000ff8a (0xfe043703) ld      a4, -32(s0)
core   0: 3 0x000000008000ff8a (0xfe043703) x14 0x00000000800120b7 mem 0x0000000080031f50
core   0: 0x000000008000ff8e (0xfcf76de3) bltu    a4, a5, pc - 38
core   0: 3 0x000000008000ff8e (0xfcf76de3)
core   0: 0x000000008000ff68 (0xfe043783) ld      a5, -32(s0)
core   0: 3 0x000000008000ff68 (0xfe043783) x15 0x00000000800120b7 mem 0x0000000080031f50
core   0: 0x000000008000ff6c (0x00178713) addi    a4, a5, 1
core   0: 3 0x000000008000ff6c (0x00178713) x14 0x00000000800120b8
core   0: 0x000000008000ff70 (0xfee43023) sd      a4, -32(s0)
core   0: 3 0x000000008000ff70 (0xfee43023) mem 0x0000000080031f50 0x00000000800120b8
core   0: 0x000000008000ff74 (0xfc442703) lw      a4, -60(s0)
core   0: 3 0x000000008000ff74 (0xfc442703) x14 0x0000000000000000 mem 0x0000000080031f34
core   0: 0x000000008000ff78 (0x0ff77713) andi    a4, a4, 255
core   0: 3 0x000000008000ff78 (0x0ff77713) x14 0x0000000000000000
core   0: 0x000000008000ff7c (0x00e78023) sb      a4, 0(a5)
core   0: 3 0x000000008000ff7c (0x00e78023) mem 0x00000000800120b7 0x00
core   0: 0x000000008000ff80 (0xfc843703) ld      a4, -56(s0)
core   0: 3 0x000000008000ff80 (0xfc843703) x14 0x0000000080012040 mem 0x0000000080031f38
core   0: 0x000000008000ff84 (0xfb843783) ld      a5, -72(s0)
core   0: 3 0x000000008000ff84 (0xfb843783) x15 0x000000000000009c mem 0x0000000080031f28
core   0: 0x000000008000ff88 (0x000097ba) c.add   a5, a4
core   0: 3 0x000000008000ff88 (0x97ba) x15 0x00000000800120dc
core   0: 0x000000008000ff8a (0xfe043703) ld      a4, -32(s0)
core   0: 3 0x000000008000ff8a (0xfe043703) x14 0x00000000800120b8 mem 0x0000000080031f50
core   0: 0x000000008000ff8e (0xfcf76de3) bltu    a4, a5, pc - 38
core   0: 3 0x000000008000ff8e (0xfcf76de3)
core   0: 0x000000008000ff68 (0xfe043783) ld      a5, -32(s0)
core   0: 3 0x000000008000ff68 (0xfe043783) x15 0x00000000800120b8 mem 0x0000000080031f50
core   0: 0x000000008000ff6c (0x00178713) addi    a4, a5, 1
core   0: 3 0x000000008000ff6c (0x00178713) x14 0x00000000800120b9
core   0: 0x000000008000ff70 (0xfee43023) sd      a4, -32(s0)
core   0: 3 0x000000008000ff70 (0xfee43023) mem 0x0000000080031f50 0x00000000800120b9
core   0: 0x000000008000ff74 (0xfc442703) lw      a4, -60(s0)
core   0: 3 0x000000008000ff74 (0xfc442703) x14 0x0000000000000000 mem 0x0000000080031f34
core   0: 0x000000008000ff78 (0x0ff77713) andi    a4, a4, 255
core   0: 3 0x000000008000ff78 (0x0ff77713) x14 0x0000000000000000
core   0: 0x000000008000ff7c (0x00e78023) sb      a4, 0(a5)
core   0: 3 0x000000008000ff7c (0x00e78023) mem 0x00000000800120b8 0x00
core   0: 0x000000008000ff80 (0xfc843703) ld      a4, -56(s0)
core   0: 3 0x000000008000ff80 (0xfc843703) x14 0x0000000080012040 mem 0x0000000080031f38
core   0: 0x000000008000ff84 (0xfb843783) ld      a5, -72(s0)
core   0: 3 0x000000008000ff84 (0xfb843783) x15 0x000000000000009c mem 0x0000000080031f28
core   0: 0x000000008000ff88 (0x000097ba) c.add   a5, a4
core   0: 3 0x000000008000ff88 (0x97ba) x15 0x00000000800120dc
core   0: 0x000000008000ff8a (0xfe043703) ld      a4, -32(s0)
core   0: 3 0x000000008000ff8a (0xfe043703) x14 0x00000000800120b9 mem 0x0000000080031f50
core   0: 0x000000008000ff8e (0xfcf76de3) bltu    a4, a5, pc - 38
core   0: 3 0x000000008000ff8e (0xfcf76de3)
core   0: 0x000000008000ff68 (0xfe043783) ld      a5, -32(s0)
core   0: 3 0x000000008000ff68 (0xfe043783) x15 0x00000000800120b9 mem 0x0000000080031f50
core   0: 0x000000008000ff6c (0x00178713) addi    a4, a5, 1
core   0: 3 0x000000008000ff6c (0x00178713) x14 0x00000000800120ba
core   0: 0x000000008000ff70 (0xfee43023) sd      a4, -32(s0)
core   0: 3 0x000000008000ff70 (0xfee43023) mem 0x0000000080031f50 0x00000000800120ba
core   0: 0x000000008000ff74 (0xfc442703) lw      a4, -60(s0)
core   0: 3 0x000000008000ff74 (0xfc442703) x14 0x0000000000000000 mem 0x0000000080031f34
core   0: 0x000000008000ff78 (0x0ff77713) andi    a4, a4, 255
core   0: 3 0x000000008000ff78 (0x0ff77713) x14 0x0000000000000000
core   0: 0x000000008000ff7c (0x00e78023) sb      a4, 0(a5)
core   0: 3 0x000000008000ff7c (0x00e78023) mem 0x00000000800120b9 0x00
core   0: 0x000000008000ff80 (0xfc843703) ld      a4, -56(s0)
core   0: 3 0x000000008000ff80 (0xfc843703) x14 0x0000000080012040 mem 0x0000000080031f38
core   0: 0x000000008000ff84 (0xfb843783) ld      a5, -72(s0)
core   0: 3 0x000000008000ff84 (0xfb843783) x15 0x000000000000009c mem 0x0000000080031f28
core   0: 0x000000008000ff88 (0x000097ba) c.add   a5, a4
core   0: 3 0x000000008000ff88 (0x97ba) x15 0x00000000800120dc
core   0: 0x000000008000ff8a (0xfe043703) ld      a4, -32(s0)
core   0: 3 0x000000008000ff8a (0xfe043703) x14 0x00000000800120ba mem 0x0000000080031f50
core   0: 0x000000008000ff8e (0xfcf76de3) bltu    a4, a5, pc - 38
core   0: 3 0x000000008000ff8e (0xfcf76de3)
core   0: 0x000000008000ff68 (0xfe043783) ld      a5, -32(s0)
core   0: 3 0x000000008000ff68 (0xfe043783) x15 0x00000000800120ba mem 0x0000000080031f50
core   0: 0x000000008000ff6c (0x00178713) addi    a4, a5, 1
core   0: 3 0x000000008000ff6c (0x00178713) x14 0x00000000800120bb
core   0: 0x000000008000ff70 (0xfee43023) sd      a4, -32(s0)
core   0: 3 0x000000008000ff70 (0xfee43023) mem 0x0000000080031f50 0x00000000800120bb
core   0: 0x000000008000ff74 (0xfc442703) lw      a4, -60(s0)
core   0: 3 0x000000008000ff74 (0xfc442703) x14 0x0000000000000000 mem 0x0000000080031f34
core   0: 0x000000008000ff78 (0x0ff77713) andi    a4, a4, 255
core   0: 3 0x000000008000ff78 (0x0ff77713) x14 0x0000000000000000
core   0: 0x000000008000ff7c (0x00e78023) sb      a4, 0(a5)
core   0: 3 0x000000008000ff7c (0x00e78023) mem 0x00000000800120ba 0x00
core   0: 0x000000008000ff80 (0xfc843703) ld      a4, -56(s0)
core   0: 3 0x000000008000ff80 (0xfc843703) x14 0x0000000080012040 mem 0x0000000080031f38
core   0: 0x000000008000ff84 (0xfb843783) ld      a5, -72(s0)
core   0: 3 0x000000008000ff84 (0xfb843783) x15 0x000000000000009c mem 0x0000000080031f28
core   0: 0x000000008000ff88 (0x000097ba) c.add   a5, a4
core   0: 3 0x000000008000ff88 (0x97ba) x15 0x00000000800120dc
core   0: 0x000000008000ff8a (0xfe043703) ld      a4, -32(s0)
core   0: 3 0x000000008000ff8a (0xfe043703) x14 0x00000000800120bb mem 0x0000000080031f50
core   0: 0x000000008000ff8e (0xfcf76de3) bltu    a4, a5, pc - 38
core   0: 3 0x000000008000ff8e (0xfcf76de3)
core   0: 0x000000008000ff68 (0xfe043783) ld      a5, -32(s0)
core   0: 3 0x000000008000ff68 (0xfe043783) x15 0x00000000800120bb mem 0x0000000080031f50
core   0: 0x000000008000ff6c (0x00178713) addi    a4, a5, 1
core   0: 3 0x000000008000ff6c (0x00178713) x14 0x00000000800120bc
core   0: 0x000000008000ff70 (0xfee43023) sd      a4, -32(s0)
core   0: 3 0x000000008000ff70 (0xfee43023) mem 0x0000000080031f50 0x00000000800120bc
core   0: 0x000000008000ff74 (0xfc442703) lw      a4, -60(s0)
core   0: 3 0x000000008000ff74 (0xfc442703) x14 0x0000000000000000 mem 0x0000000080031f34
core   0: 0x000000008000ff78 (0x0ff77713) andi    a4, a4, 255
core   0: 3 0x000000008000ff78 (0x0ff77713) x14 0x0000000000000000
core   0: 0x000000008000ff7c (0x00e78023) sb      a4, 0(a5)
core   0: 3 0x000000008000ff7c (0x00e78023) mem 0x00000000800120bb 0x00
core   0: 0x000000008000ff80 (0xfc843703) ld      a4, -56(s0)
core   0: 3 0x000000008000ff80 (0xfc843703) x14 0x0000000080012040 mem 0x0000000080031f38
core   0: 0x000000008000ff84 (0xfb843783) ld      a5, -72(s0)
core   0: 3 0x000000008000ff84 (0xfb843783) x15 0x000000000000009c mem 0x0000000080031f28
core   0: 0x000000008000ff88 (0x000097ba) c.add   a5, a4
core   0: 3 0x000000008000ff88 (0x97ba) x15 0x00000000800120dc
core   0: 0x000000008000ff8a (0xfe043703) ld      a4, -32(s0)
core   0: 3 0x000000008000ff8a (0xfe043703) x14 0x00000000800120bc mem 0x0000000080031f50
core   0: 0x000000008000ff8e (0xfcf76de3) bltu    a4, a5, pc - 38
core   0: 3 0x000000008000ff8e (0xfcf76de3)
core   0: 0x000000008000ff68 (0xfe043783) ld      a5, -32(s0)
core   0: 3 0x000000008000ff68 (0xfe043783) x15 0x00000000800120bc mem 0x0000000080031f50
core   0: 0x000000008000ff6c (0x00178713) addi    a4, a5, 1
core   0: 3 0x000000008000ff6c (0x00178713) x14 0x00000000800120bd
core   0: 0x000000008000ff70 (0xfee43023) sd      a4, -32(s0)
core   0: 3 0x000000008000ff70 (0xfee43023) mem 0x0000000080031f50 0x00000000800120bd
core   0: 0x000000008000ff74 (0xfc442703) lw      a4, -60(s0)
core   0: 3 0x000000008000ff74 (0xfc442703) x14 0x0000000000000000 mem 0x0000000080031f34
core   0: 0x000000008000ff78 (0x0ff77713) andi    a4, a4, 255
core   0: 3 0x000000008000ff78 (0x0ff77713) x14 0x0000000000000000
core   0: 0x000000008000ff7c (0x00e78023) sb      a4, 0(a5)
core   0: 3 0x000000008000ff7c (0x00e78023) mem 0x00000000800120bc 0x00
core   0: 0x000000008000ff80 (0xfc843703) ld      a4, -56(s0)
core   0: 3 0x000000008000ff80 (0xfc843703) x14 0x0000000080012040 mem 0x0000000080031f38
core   0: 0x000000008000ff84 (0xfb843783) ld      a5, -72(s0)
core   0: 3 0x000000008000ff84 (0xfb843783) x15 0x000000000000009c mem 0x0000000080031f28
core   0: 0x000000008000ff88 (0x000097ba) c.add   a5, a4
core   0: 3 0x000000008000ff88 (0x97ba) x15 0x00000000800120dc
core   0: 0x000000008000ff8a (0xfe043703) ld      a4, -32(s0)
core   0: 3 0x000000008000ff8a (0xfe043703) x14 0x00000000800120bd mem 0x0000000080031f50
core   0: 0x000000008000ff8e (0xfcf76de3) bltu    a4, a5, pc - 38
core   0: 3 0x000000008000ff8e (0xfcf76de3)
core   0: 0x000000008000ff68 (0xfe043783) ld      a5, -32(s0)
core   0: 3 0x000000008000ff68 (0xfe043783) x15 0x00000000800120bd mem 0x0000000080031f50
core   0: 0x000000008000ff6c (0x00178713) addi    a4, a5, 1
core   0: 3 0x000000008000ff6c (0x00178713) x14 0x00000000800120be
core   0: 0x000000008000ff70 (0xfee43023) sd      a4, -32(s0)
core   0: 3 0x000000008000ff70 (0xfee43023) mem 0x0000000080031f50 0x00000000800120be
core   0: 0x000000008000ff74 (0xfc442703) lw      a4, -60(s0)
core   0: 3 0x000000008000ff74 (0xfc442703) x14 0x0000000000000000 mem 0x0000000080031f34
core   0: 0x000000008000ff78 (0x0ff77713) andi    a4, a4, 255
core   0: 3 0x000000008000ff78 (0x0ff77713) x14 0x0000000000000000
core   0: 0x000000008000ff7c (0x00e78023) sb      a4, 0(a5)
core   0: 3 0x000000008000ff7c (0x00e78023) mem 0x00000000800120bd 0x00
core   0: 0x000000008000ff80 (0xfc843703) ld      a4, -56(s0)
core   0: 3 0x000000008000ff80 (0xfc843703) x14 0x0000000080012040 mem 0x0000000080031f38
core   0: 0x000000008000ff84 (0xfb843783) ld      a5, -72(s0)
core   0: 3 0x000000008000ff84 (0xfb843783) x15 0x000000000000009c mem 0x0000000080031f28
core   0: 0x000000008000ff88 (0x000097ba) c.add   a5, a4
core   0: 3 0x000000008000ff88 (0x97ba) x15 0x00000000800120dc
core   0: 0x000000008000ff8a (0xfe043703) ld      a4, -32(s0)
core   0: 3 0x000000008000ff8a (0xfe043703) x14 0x00000000800120be mem 0x0000000080031f50
core   0: 0x000000008000ff8e (0xfcf76de3) bltu    a4, a5, pc - 38
core   0: 3 0x000000008000ff8e (0xfcf76de3)
core   0: 0x000000008000ff68 (0xfe043783) ld      a5, -32(s0)
core   0: 3 0x000000008000ff68 (0xfe043783) x15 0x00000000800120be mem 0x0000000080031f50
core   0: 0x000000008000ff6c (0x00178713) addi    a4, a5, 1
core   0: 3 0x000000008000ff6c (0x00178713) x14 0x00000000800120bf
core   0: 0x000000008000ff70 (0xfee43023) sd      a4, -32(s0)
core   0: 3 0x000000008000ff70 (0xfee43023) mem 0x0000000080031f50 0x00000000800120bf
core   0: 0x000000008000ff74 (0xfc442703) lw      a4, -60(s0)
core   0: 3 0x000000008000ff74 (0xfc442703) x14 0x0000000000000000 mem 0x0000000080031f34
core   0: 0x000000008000ff78 (0x0ff77713) andi    a4, a4, 255
core   0: 3 0x000000008000ff78 (0x0ff77713) x14 0x0000000000000000
core   0: 0x000000008000ff7c (0x00e78023) sb      a4, 0(a5)
core   0: 3 0x000000008000ff7c (0x00e78023) mem 0x00000000800120be 0x00
core   0: 0x000000008000ff80 (0xfc843703) ld      a4, -56(s0)
core   0: 3 0x000000008000ff80 (0xfc843703) x14 0x0000000080012040 mem 0x0000000080031f38
core   0: 0x000000008000ff84 (0xfb843783) ld      a5, -72(s0)
core   0: 3 0x000000008000ff84 (0xfb843783) x15 0x000000000000009c mem 0x0000000080031f28
core   0: 0x000000008000ff88 (0x000097ba) c.add   a5, a4
core   0: 3 0x000000008000ff88 (0x97ba) x15 0x00000000800120dc
core   0: 0x000000008000ff8a (0xfe043703) ld      a4, -32(s0)
core   0: 3 0x000000008000ff8a (0xfe043703) x14 0x00000000800120bf mem 0x0000000080031f50
core   0: 0x000000008000ff8e (0xfcf76de3) bltu    a4, a5, pc - 38
core   0: 3 0x000000008000ff8e (0xfcf76de3)
core   0: 0x000000008000ff68 (0xfe043783) ld      a5, -32(s0)
core   0: 3 0x000000008000ff68 (0xfe043783) x15 0x00000000800120bf mem 0x0000000080031f50
core   0: 0x000000008000ff6c (0x00178713) addi    a4, a5, 1
core   0: 3 0x000000008000ff6c (0x00178713) x14 0x00000000800120c0
core   0: 0x000000008000ff70 (0xfee43023) sd      a4, -32(s0)
core   0: 3 0x000000008000ff70 (0xfee43023) mem 0x0000000080031f50 0x00000000800120c0
core   0: 0x000000008000ff74 (0xfc442703) lw      a4, -60(s0)
core   0: 3 0x000000008000ff74 (0xfc442703) x14 0x0000000000000000 mem 0x0000000080031f34
core   0: 0x000000008000ff78 (0x0ff77713) andi    a4, a4, 255
core   0: 3 0x000000008000ff78 (0x0ff77713) x14 0x0000000000000000
core   0: 0x000000008000ff7c (0x00e78023) sb      a4, 0(a5)
core   0: 3 0x000000008000ff7c (0x00e78023) mem 0x00000000800120bf 0x00
core   0: 0x000000008000ff80 (0xfc843703) ld      a4, -56(s0)
core   0: 3 0x000000008000ff80 (0xfc843703) x14 0x0000000080012040 mem 0x0000000080031f38
core   0: 0x000000008000ff84 (0xfb843783) ld      a5, -72(s0)
core   0: 3 0x000000008000ff84 (0xfb843783) x15 0x000000000000009c mem 0x0000000080031f28
core   0: 0x000000008000ff88 (0x000097ba) c.add   a5, a4
core   0: 3 0x000000008000ff88 (0x97ba) x15 0x00000000800120dc
core   0: 0x000000008000ff8a (0xfe043703) ld      a4, -32(s0)
core   0: 3 0x000000008000ff8a (0xfe043703) x14 0x00000000800120c0 mem 0x0000000080031f50
core   0: 0x000000008000ff8e (0xfcf76de3) bltu    a4, a5, pc - 38
core   0: 3 0x000000008000ff8e (0xfcf76de3)
core   0: 0x000000008000ff68 (0xfe043783) ld      a5, -32(s0)
core   0: 3 0x000000008000ff68 (0xfe043783) x15 0x00000000800120c0 mem 0x0000000080031f50
core   0: 0x000000008000ff6c (0x00178713) addi    a4, a5, 1
core   0: 3 0x000000008000ff6c (0x00178713) x14 0x00000000800120c1
core   0: 0x000000008000ff70 (0xfee43023) sd      a4, -32(s0)
core   0: 3 0x000000008000ff70 (0xfee43023) mem 0x0000000080031f50 0x00000000800120c1
core   0: 0x000000008000ff74 (0xfc442703) lw      a4, -60(s0)
core   0: 3 0x000000008000ff74 (0xfc442703) x14 0x0000000000000000 mem 0x0000000080031f34
core   0: 0x000000008000ff78 (0x0ff77713) andi    a4, a4, 255
core   0: 3 0x000000008000ff78 (0x0ff77713) x14 0x0000000000000000
core   0: 0x000000008000ff7c (0x00e78023) sb      a4, 0(a5)
core   0: 3 0x000000008000ff7c (0x00e78023) mem 0x00000000800120c0 0x00
core   0: 0x000000008000ff80 (0xfc843703) ld      a4, -56(s0)
core   0: 3 0x000000008000ff80 (0xfc843703) x14 0x0000000080012040 mem 0x0000000080031f38
core   0: 0x000000008000ff84 (0xfb843783) ld      a5, -72(s0)
core   0: 3 0x000000008000ff84 (0xfb843783) x15 0x000000000000009c mem 0x0000000080031f28
core   0: 0x000000008000ff88 (0x000097ba) c.add   a5, a4
core   0: 3 0x000000008000ff88 (0x97ba) x15 0x00000000800120dc
core   0: 0x000000008000ff8a (0xfe043703) ld      a4, -32(s0)
core   0: 3 0x000000008000ff8a (0xfe043703) x14 0x00000000800120c1 mem 0x0000000080031f50
core   0: 0x000000008000ff8e (0xfcf76de3) bltu    a4, a5, pc - 38
core   0: 3 0x000000008000ff8e (0xfcf76de3)
core   0: 0x000000008000ff68 (0xfe043783) ld      a5, -32(s0)
core   0: 3 0x000000008000ff68 (0xfe043783) x15 0x00000000800120c1 mem 0x0000000080031f50
core   0: 0x000000008000ff6c (0x00178713) addi    a4, a5, 1
core   0: 3 0x000000008000ff6c (0x00178713) x14 0x00000000800120c2
core   0: 0x000000008000ff70 (0xfee43023) sd      a4, -32(s0)
core   0: 3 0x000000008000ff70 (0xfee43023) mem 0x0000000080031f50 0x00000000800120c2
core   0: 0x000000008000ff74 (0xfc442703) lw      a4, -60(s0)
core   0: 3 0x000000008000ff74 (0xfc442703) x14 0x0000000000000000 mem 0x0000000080031f34
core   0: 0x000000008000ff78 (0x0ff77713) andi    a4, a4, 255
core   0: 3 0x000000008000ff78 (0x0ff77713) x14 0x0000000000000000
core   0: 0x000000008000ff7c (0x00e78023) sb      a4, 0(a5)
core   0: 3 0x000000008000ff7c (0x00e78023) mem 0x00000000800120c1 0x00
core   0: 0x000000008000ff80 (0xfc843703) ld      a4, -56(s0)
core   0: 3 0x000000008000ff80 (0xfc843703) x14 0x0000000080012040 mem 0x0000000080031f38
core   0: 0x000000008000ff84 (0xfb843783) ld      a5, -72(s0)
core   0: 3 0x000000008000ff84 (0xfb843783) x15 0x000000000000009c mem 0x0000000080031f28
core   0: 0x000000008000ff88 (0x000097ba) c.add   a5, a4
core   0: 3 0x000000008000ff88 (0x97ba) x15 0x00000000800120dc
core   0: 0x000000008000ff8a (0xfe043703) ld      a4, -32(s0)
core   0: 3 0x000000008000ff8a (0xfe043703) x14 0x00000000800120c2 mem 0x0000000080031f50
core   0: 0x000000008000ff8e (0xfcf76de3) bltu    a4, a5, pc - 38
core   0: 3 0x000000008000ff8e (0xfcf76de3)
core   0: 0x000000008000ff68 (0xfe043783) ld      a5, -32(s0)
core   0: 3 0x000000008000ff68 (0xfe043783) x15 0x00000000800120c2 mem 0x0000000080031f50
core   0: 0x000000008000ff6c (0x00178713) addi    a4, a5, 1
core   0: 3 0x000000008000ff6c (0x00178713) x14 0x00000000800120c3
core   0: 0x000000008000ff70 (0xfee43023) sd      a4, -32(s0)
core   0: 3 0x000000008000ff70 (0xfee43023) mem 0x0000000080031f50 0x00000000800120c3
core   0: 0x000000008000ff74 (0xfc442703) lw      a4, -60(s0)
core   0: 3 0x000000008000ff74 (0xfc442703) x14 0x0000000000000000 mem 0x0000000080031f34
core   0: 0x000000008000ff78 (0x0ff77713) andi    a4, a4, 255
core   0: 3 0x000000008000ff78 (0x0ff77713) x14 0x0000000000000000
core   0: 0x000000008000ff7c (0x00e78023) sb      a4, 0(a5)
core   0: 3 0x000000008000ff7c (0x00e78023) mem 0x00000000800120c2 0x00
core   0: 0x000000008000ff80 (0xfc843703) ld      a4, -56(s0)
core   0: 3 0x000000008000ff80 (0xfc843703) x14 0x0000000080012040 mem 0x0000000080031f38
core   0: 0x000000008000ff84 (0xfb843783) ld      a5, -72(s0)
core   0: 3 0x000000008000ff84 (0xfb843783) x15 0x000000000000009c mem 0x0000000080031f28
core   0: 0x000000008000ff88 (0x000097ba) c.add   a5, a4
core   0: 3 0x000000008000ff88 (0x97ba) x15 0x00000000800120dc
core   0: 0x000000008000ff8a (0xfe043703) ld      a4, -32(s0)
core   0: 3 0x000000008000ff8a (0xfe043703) x14 0x00000000800120c3 mem 0x0000000080031f50
core   0: 0x000000008000ff8e (0xfcf76de3) bltu    a4, a5, pc - 38
core   0: 3 0x000000008000ff8e (0xfcf76de3)
core   0: 0x000000008000ff68 (0xfe043783) ld      a5, -32(s0)
core   0: 3 0x000000008000ff68 (0xfe043783) x15 0x00000000800120c3 mem 0x0000000080031f50
core   0: 0x000000008000ff6c (0x00178713) addi    a4, a5, 1
core   0: 3 0x000000008000ff6c (0x00178713) x14 0x00000000800120c4
core   0: 0x000000008000ff70 (0xfee43023) sd      a4, -32(s0)
core   0: 3 0x000000008000ff70 (0xfee43023) mem 0x0000000080031f50 0x00000000800120c4
core   0: 0x000000008000ff74 (0xfc442703) lw      a4, -60(s0)
core   0: 3 0x000000008000ff74 (0xfc442703) x14 0x0000000000000000 mem 0x0000000080031f34
core   0: 0x000000008000ff78 (0x0ff77713) andi    a4, a4, 255
core   0: 3 0x000000008000ff78 (0x0ff77713) x14 0x0000000000000000
core   0: 0x000000008000ff7c (0x00e78023) sb      a4, 0(a5)
core   0: 3 0x000000008000ff7c (0x00e78023) mem 0x00000000800120c3 0x00
core   0: 0x000000008000ff80 (0xfc843703) ld      a4, -56(s0)
core   0: 3 0x000000008000ff80 (0xfc843703) x14 0x0000000080012040 mem 0x0000000080031f38
core   0: 0x000000008000ff84 (0xfb843783) ld      a5, -72(s0)
core   0: 3 0x000000008000ff84 (0xfb843783) x15 0x000000000000009c mem 0x0000000080031f28
core   0: 0x000000008000ff88 (0x000097ba) c.add   a5, a4
core   0: 3 0x000000008000ff88 (0x97ba) x15 0x00000000800120dc
core   0: 0x000000008000ff8a (0xfe043703) ld      a4, -32(s0)
core   0: 3 0x000000008000ff8a (0xfe043703) x14 0x00000000800120c4 mem 0x0000000080031f50
core   0: 0x000000008000ff8e (0xfcf76de3) bltu    a4, a5, pc - 38
core   0: 3 0x000000008000ff8e (0xfcf76de3)
core   0: 0x000000008000ff68 (0xfe043783) ld      a5, -32(s0)
core   0: 3 0x000000008000ff68 (0xfe043783) x15 0x00000000800120c4 mem 0x0000000080031f50
core   0: 0x000000008000ff6c (0x00178713) addi    a4, a5, 1
core   0: 3 0x000000008000ff6c (0x00178713) x14 0x00000000800120c5
core   0: 0x000000008000ff70 (0xfee43023) sd      a4, -32(s0)
core   0: 3 0x000000008000ff70 (0xfee43023) mem 0x0000000080031f50 0x00000000800120c5
core   0: 0x000000008000ff74 (0xfc442703) lw      a4, -60(s0)
core   0: 3 0x000000008000ff74 (0xfc442703) x14 0x0000000000000000 mem 0x0000000080031f34
core   0: 0x000000008000ff78 (0x0ff77713) andi    a4, a4, 255
core   0: 3 0x000000008000ff78 (0x0ff77713) x14 0x0000000000000000
core   0: 0x000000008000ff7c (0x00e78023) sb      a4, 0(a5)
core   0: 3 0x000000008000ff7c (0x00e78023) mem 0x00000000800120c4 0x00
core   0: 0x000000008000ff80 (0xfc843703) ld      a4, -56(s0)
core   0: 3 0x000000008000ff80 (0xfc843703) x14 0x0000000080012040 mem 0x0000000080031f38
core   0: 0x000000008000ff84 (0xfb843783) ld      a5, -72(s0)
core   0: 3 0x000000008000ff84 (0xfb843783) x15 0x000000000000009c mem 0x0000000080031f28
core   0: 0x000000008000ff88 (0x000097ba) c.add   a5, a4
core   0: 3 0x000000008000ff88 (0x97ba) x15 0x00000000800120dc
core   0: 0x000000008000ff8a (0xfe043703) ld      a4, -32(s0)
core   0: 3 0x000000008000ff8a (0xfe043703) x14 0x00000000800120c5 mem 0x0000000080031f50
core   0: 0x000000008000ff8e (0xfcf76de3) bltu    a4, a5, pc - 38
core   0: 3 0x000000008000ff8e (0xfcf76de3)
core   0: 0x000000008000ff68 (0xfe043783) ld      a5, -32(s0)
core   0: 3 0x000000008000ff68 (0xfe043783) x15 0x00000000800120c5 mem 0x0000000080031f50
core   0: 0x000000008000ff6c (0x00178713) addi    a4, a5, 1
core   0: 3 0x000000008000ff6c (0x00178713) x14 0x00000000800120c6
core   0: 0x000000008000ff70 (0xfee43023) sd      a4, -32(s0)
core   0: 3 0x000000008000ff70 (0xfee43023) mem 0x0000000080031f50 0x00000000800120c6
core   0: 0x000000008000ff74 (0xfc442703) lw      a4, -60(s0)
core   0: 3 0x000000008000ff74 (0xfc442703) x14 0x0000000000000000 mem 0x0000000080031f34
core   0: 0x000000008000ff78 (0x0ff77713) andi    a4, a4, 255
core   0: 3 0x000000008000ff78 (0x0ff77713) x14 0x0000000000000000
core   0: 0x000000008000ff7c (0x00e78023) sb      a4, 0(a5)
core   0: 3 0x000000008000ff7c (0x00e78023) mem 0x00000000800120c5 0x00
core   0: 0x000000008000ff80 (0xfc843703) ld      a4, -56(s0)
core   0: 3 0x000000008000ff80 (0xfc843703) x14 0x0000000080012040 mem 0x0000000080031f38
core   0: 0x000000008000ff84 (0xfb843783) ld      a5, -72(s0)
core   0: 3 0x000000008000ff84 (0xfb843783) x15 0x000000000000009c mem 0x0000000080031f28
core   0: 0x000000008000ff88 (0x000097ba) c.add   a5, a4
core   0: 3 0x000000008000ff88 (0x97ba) x15 0x00000000800120dc
core   0: 0x000000008000ff8a (0xfe043703) ld      a4, -32(s0)
core   0: 3 0x000000008000ff8a (0xfe043703) x14 0x00000000800120c6 mem 0x0000000080031f50
core   0: 0x000000008000ff8e (0xfcf76de3) bltu    a4, a5, pc - 38
core   0: 3 0x000000008000ff8e (0xfcf76de3)
core   0: 0x000000008000ff68 (0xfe043783) ld      a5, -32(s0)
core   0: 3 0x000000008000ff68 (0xfe043783) x15 0x00000000800120c6 mem 0x0000000080031f50
core   0: 0x000000008000ff6c (0x00178713) addi    a4, a5, 1
core   0: 3 0x000000008000ff6c (0x00178713) x14 0x00000000800120c7
core   0: 0x000000008000ff70 (0xfee43023) sd      a4, -32(s0)
core   0: 3 0x000000008000ff70 (0xfee43023) mem 0x0000000080031f50 0x00000000800120c7
core   0: 0x000000008000ff74 (0xfc442703) lw      a4, -60(s0)
core   0: 3 0x000000008000ff74 (0xfc442703) x14 0x0000000000000000 mem 0x0000000080031f34
core   0: 0x000000008000ff78 (0x0ff77713) andi    a4, a4, 255
core   0: 3 0x000000008000ff78 (0x0ff77713) x14 0x0000000000000000
core   0: 0x000000008000ff7c (0x00e78023) sb      a4, 0(a5)
core   0: 3 0x000000008000ff7c (0x00e78023) mem 0x00000000800120c6 0x00
core   0: 0x000000008000ff80 (0xfc843703) ld      a4, -56(s0)
core   0: 3 0x000000008000ff80 (0xfc843703) x14 0x0000000080012040 mem 0x0000000080031f38
core   0: 0x000000008000ff84 (0xfb843783) ld      a5, -72(s0)
core   0: 3 0x000000008000ff84 (0xfb843783) x15 0x000000000000009c mem 0x0000000080031f28
core   0: 0x000000008000ff88 (0x000097ba) c.add   a5, a4
core   0: 3 0x000000008000ff88 (0x97ba) x15 0x00000000800120dc
core   0: 0x000000008000ff8a (0xfe043703) ld      a4, -32(s0)
core   0: 3 0x000000008000ff8a (0xfe043703) x14 0x00000000800120c7 mem 0x0000000080031f50
core   0: 0x000000008000ff8e (0xfcf76de3) bltu    a4, a5, pc - 38
core   0: 3 0x000000008000ff8e (0xfcf76de3)
core   0: 0x000000008000ff68 (0xfe043783) ld      a5, -32(s0)
core   0: 3 0x000000008000ff68 (0xfe043783) x15 0x00000000800120c7 mem 0x0000000080031f50
core   0: 0x000000008000ff6c (0x00178713) addi    a4, a5, 1
core   0: 3 0x000000008000ff6c (0x00178713) x14 0x00000000800120c8
core   0: 0x000000008000ff70 (0xfee43023) sd      a4, -32(s0)
core   0: 3 0x000000008000ff70 (0xfee43023) mem 0x0000000080031f50 0x00000000800120c8
core   0: 0x000000008000ff74 (0xfc442703) lw      a4, -60(s0)
core   0: 3 0x000000008000ff74 (0xfc442703) x14 0x0000000000000000 mem 0x0000000080031f34
core   0: 0x000000008000ff78 (0x0ff77713) andi    a4, a4, 255
core   0: 3 0x000000008000ff78 (0x0ff77713) x14 0x0000000000000000
core   0: 0x000000008000ff7c (0x00e78023) sb      a4, 0(a5)
core   0: 3 0x000000008000ff7c (0x00e78023) mem 0x00000000800120c7 0x00
core   0: 0x000000008000ff80 (0xfc843703) ld      a4, -56(s0)
core   0: 3 0x000000008000ff80 (0xfc843703) x14 0x0000000080012040 mem 0x0000000080031f38
core   0: 0x000000008000ff84 (0xfb843783) ld      a5, -72(s0)
core   0: 3 0x000000008000ff84 (0xfb843783) x15 0x000000000000009c mem 0x0000000080031f28
core   0: 0x000000008000ff88 (0x000097ba) c.add   a5, a4
core   0: 3 0x000000008000ff88 (0x97ba) x15 0x00000000800120dc
core   0: 0x000000008000ff8a (0xfe043703) ld      a4, -32(s0)
core   0: 3 0x000000008000ff8a (0xfe043703) x14 0x00000000800120c8 mem 0x0000000080031f50
core   0: 0x000000008000ff8e (0xfcf76de3) bltu    a4, a5, pc - 38
core   0: 3 0x000000008000ff8e (0xfcf76de3)
core   0: 0x000000008000ff68 (0xfe043783) ld      a5, -32(s0)
core   0: 3 0x000000008000ff68 (0xfe043783) x15 0x00000000800120c8 mem 0x0000000080031f50
core   0: 0x000000008000ff6c (0x00178713) addi    a4, a5, 1
core   0: 3 0x000000008000ff6c (0x00178713) x14 0x00000000800120c9
core   0: 0x000000008000ff70 (0xfee43023) sd      a4, -32(s0)
core   0: 3 0x000000008000ff70 (0xfee43023) mem 0x0000000080031f50 0x00000000800120c9
core   0: 0x000000008000ff74 (0xfc442703) lw      a4, -60(s0)
core   0: 3 0x000000008000ff74 (0xfc442703) x14 0x0000000000000000 mem 0x0000000080031f34
core   0: 0x000000008000ff78 (0x0ff77713) andi    a4, a4, 255
core   0: 3 0x000000008000ff78 (0x0ff77713) x14 0x0000000000000000
core   0: 0x000000008000ff7c (0x00e78023) sb      a4, 0(a5)
core   0: 3 0x000000008000ff7c (0x00e78023) mem 0x00000000800120c8 0x00
core   0: 0x000000008000ff80 (0xfc843703) ld      a4, -56(s0)
core   0: 3 0x000000008000ff80 (0xfc843703) x14 0x0000000080012040 mem 0x0000000080031f38
core   0: 0x000000008000ff84 (0xfb843783) ld      a5, -72(s0)
core   0: 3 0x000000008000ff84 (0xfb843783) x15 0x000000000000009c mem 0x0000000080031f28
core   0: 0x000000008000ff88 (0x000097ba) c.add   a5, a4
core   0: 3 0x000000008000ff88 (0x97ba) x15 0x00000000800120dc
core   0: 0x000000008000ff8a (0xfe043703) ld      a4, -32(s0)
core   0: 3 0x000000008000ff8a (0xfe043703) x14 0x00000000800120c9 mem 0x0000000080031f50
core   0: 0x000000008000ff8e (0xfcf76de3) bltu    a4, a5, pc - 38
core   0: 3 0x000000008000ff8e (0xfcf76de3)
core   0: 0x000000008000ff68 (0xfe043783) ld      a5, -32(s0)
core   0: 3 0x000000008000ff68 (0xfe043783) x15 0x00000000800120c9 mem 0x0000000080031f50
core   0: 0x000000008000ff6c (0x00178713) addi    a4, a5, 1
core   0: 3 0x000000008000ff6c (0x00178713) x14 0x00000000800120ca
core   0: 0x000000008000ff70 (0xfee43023) sd      a4, -32(s0)
core   0: 3 0x000000008000ff70 (0xfee43023) mem 0x0000000080031f50 0x00000000800120ca
core   0: 0x000000008000ff74 (0xfc442703) lw      a4, -60(s0)
core   0: 3 0x000000008000ff74 (0xfc442703) x14 0x0000000000000000 mem 0x0000000080031f34
core   0: 0x000000008000ff78 (0x0ff77713) andi    a4, a4, 255
core   0: 3 0x000000008000ff78 (0x0ff77713) x14 0x0000000000000000
core   0: 0x000000008000ff7c (0x00e78023) sb      a4, 0(a5)
core   0: 3 0x000000008000ff7c (0x00e78023) mem 0x00000000800120c9 0x00
core   0: 0x000000008000ff80 (0xfc843703) ld      a4, -56(s0)
core   0: 3 0x000000008000ff80 (0xfc843703) x14 0x0000000080012040 mem 0x0000000080031f38
core   0: 0x000000008000ff84 (0xfb843783) ld      a5, -72(s0)
core   0: 3 0x000000008000ff84 (0xfb843783) x15 0x000000000000009c mem 0x0000000080031f28
core   0: 0x000000008000ff88 (0x000097ba) c.add   a5, a4
core   0: 3 0x000000008000ff88 (0x97ba) x15 0x00000000800120dc
core   0: 0x000000008000ff8a (0xfe043703) ld      a4, -32(s0)
core   0: 3 0x000000008000ff8a (0xfe043703) x14 0x00000000800120ca mem 0x0000000080031f50
core   0: 0x000000008000ff8e (0xfcf76de3) bltu    a4, a5, pc - 38
core   0: 3 0x000000008000ff8e (0xfcf76de3)
core   0: 0x000000008000ff68 (0xfe043783) ld      a5, -32(s0)
core   0: 3 0x000000008000ff68 (0xfe043783) x15 0x00000000800120ca mem 0x0000000080031f50
core   0: 0x000000008000ff6c (0x00178713) addi    a4, a5, 1
core   0: 3 0x000000008000ff6c (0x00178713) x14 0x00000000800120cb
core   0: 0x000000008000ff70 (0xfee43023) sd      a4, -32(s0)
core   0: 3 0x000000008000ff70 (0xfee43023) mem 0x0000000080031f50 0x00000000800120cb
core   0: 0x000000008000ff74 (0xfc442703) lw      a4, -60(s0)
core   0: 3 0x000000008000ff74 (0xfc442703) x14 0x0000000000000000 mem 0x0000000080031f34
core   0: 0x000000008000ff78 (0x0ff77713) andi    a4, a4, 255
core   0: 3 0x000000008000ff78 (0x0ff77713) x14 0x0000000000000000
core   0: 0x000000008000ff7c (0x00e78023) sb      a4, 0(a5)
core   0: 3 0x000000008000ff7c (0x00e78023) mem 0x00000000800120ca 0x00
core   0: 0x000000008000ff80 (0xfc843703) ld      a4, -56(s0)
core   0: 3 0x000000008000ff80 (0xfc843703) x14 0x0000000080012040 mem 0x0000000080031f38
core   0: 0x000000008000ff84 (0xfb843783) ld      a5, -72(s0)
core   0: 3 0x000000008000ff84 (0xfb843783) x15 0x000000000000009c mem 0x0000000080031f28
core   0: 0x000000008000ff88 (0x000097ba) c.add   a5, a4
core   0: 3 0x000000008000ff88 (0x97ba) x15 0x00000000800120dc
core   0: 0x000000008000ff8a (0xfe043703) ld      a4, -32(s0)
core   0: 3 0x000000008000ff8a (0xfe043703) x14 0x00000000800120cb mem 0x0000000080031f50
core   0: 0x000000008000ff8e (0xfcf76de3) bltu    a4, a5, pc - 38
core   0: 3 0x000000008000ff8e (0xfcf76de3)
core   0: 0x000000008000ff68 (0xfe043783) ld      a5, -32(s0)
core   0: 3 0x000000008000ff68 (0xfe043783) x15 0x00000000800120cb mem 0x0000000080031f50
core   0: 0x000000008000ff6c (0x00178713) addi    a4, a5, 1
core   0: 3 0x000000008000ff6c (0x00178713) x14 0x00000000800120cc
core   0: 0x000000008000ff70 (0xfee43023) sd      a4, -32(s0)
core   0: 3 0x000000008000ff70 (0xfee43023) mem 0x0000000080031f50 0x00000000800120cc
core   0: 0x000000008000ff74 (0xfc442703) lw      a4, -60(s0)
core   0: 3 0x000000008000ff74 (0xfc442703) x14 0x0000000000000000 mem 0x0000000080031f34
core   0: 0x000000008000ff78 (0x0ff77713) andi    a4, a4, 255
core   0: 3 0x000000008000ff78 (0x0ff77713) x14 0x0000000000000000
core   0: 0x000000008000ff7c (0x00e78023) sb      a4, 0(a5)
core   0: 3 0x000000008000ff7c (0x00e78023) mem 0x00000000800120cb 0x00
core   0: 0x000000008000ff80 (0xfc843703) ld      a4, -56(s0)
core   0: 3 0x000000008000ff80 (0xfc843703) x14 0x0000000080012040 mem 0x0000000080031f38
core   0: 0x000000008000ff84 (0xfb843783) ld      a5, -72(s0)
core   0: 3 0x000000008000ff84 (0xfb843783) x15 0x000000000000009c mem 0x0000000080031f28
core   0: 0x000000008000ff88 (0x000097ba) c.add   a5, a4
core   0: 3 0x000000008000ff88 (0x97ba) x15 0x00000000800120dc
core   0: 0x000000008000ff8a (0xfe043703) ld      a4, -32(s0)
core   0: 3 0x000000008000ff8a (0xfe043703) x14 0x00000000800120cc mem 0x0000000080031f50
core   0: 0x000000008000ff8e (0xfcf76de3) bltu    a4, a5, pc - 38
core   0: 3 0x000000008000ff8e (0xfcf76de3)
core   0: 0x000000008000ff68 (0xfe043783) ld      a5, -32(s0)
core   0: 3 0x000000008000ff68 (0xfe043783) x15 0x00000000800120cc mem 0x0000000080031f50
core   0: 0x000000008000ff6c (0x00178713) addi    a4, a5, 1
core   0: 3 0x000000008000ff6c (0x00178713) x14 0x00000000800120cd
core   0: 0x000000008000ff70 (0xfee43023) sd      a4, -32(s0)
core   0: 3 0x000000008000ff70 (0xfee43023) mem 0x0000000080031f50 0x00000000800120cd
core   0: 0x000000008000ff74 (0xfc442703) lw      a4, -60(s0)
core   0: 3 0x000000008000ff74 (0xfc442703) x14 0x0000000000000000 mem 0x0000000080031f34
core   0: 0x000000008000ff78 (0x0ff77713) andi    a4, a4, 255
core   0: 3 0x000000008000ff78 (0x0ff77713) x14 0x0000000000000000
core   0: 0x000000008000ff7c (0x00e78023) sb      a4, 0(a5)
core   0: 3 0x000000008000ff7c (0x00e78023) mem 0x00000000800120cc 0x00
core   0: 0x000000008000ff80 (0xfc843703) ld      a4, -56(s0)
core   0: 3 0x000000008000ff80 (0xfc843703) x14 0x0000000080012040 mem 0x0000000080031f38
core   0: 0x000000008000ff84 (0xfb843783) ld      a5, -72(s0)
core   0: 3 0x000000008000ff84 (0xfb843783) x15 0x000000000000009c mem 0x0000000080031f28
core   0: 0x000000008000ff88 (0x000097ba) c.add   a5, a4
core   0: 3 0x000000008000ff88 (0x97ba) x15 0x00000000800120dc
core   0: 0x000000008000ff8a (0xfe043703) ld      a4, -32(s0)
core   0: 3 0x000000008000ff8a (0xfe043703) x14 0x00000000800120cd mem 0x0000000080031f50
core   0: 0x000000008000ff8e (0xfcf76de3) bltu    a4, a5, pc - 38
core   0: 3 0x000000008000ff8e (0xfcf76de3)
core   0: 0x000000008000ff68 (0xfe043783) ld      a5, -32(s0)
core   0: 3 0x000000008000ff68 (0xfe043783) x15 0x00000000800120cd mem 0x0000000080031f50
core   0: 0x000000008000ff6c (0x00178713) addi    a4, a5, 1
core   0: 3 0x000000008000ff6c (0x00178713) x14 0x00000000800120ce
core   0: 0x000000008000ff70 (0xfee43023) sd      a4, -32(s0)
core   0: 3 0x000000008000ff70 (0xfee43023) mem 0x0000000080031f50 0x00000000800120ce
core   0: 0x000000008000ff74 (0xfc442703) lw      a4, -60(s0)
core   0: 3 0x000000008000ff74 (0xfc442703) x14 0x0000000000000000 mem 0x0000000080031f34
core   0: 0x000000008000ff78 (0x0ff77713) andi    a4, a4, 255
core   0: 3 0x000000008000ff78 (0x0ff77713) x14 0x0000000000000000
core   0: 0x000000008000ff7c (0x00e78023) sb      a4, 0(a5)
core   0: 3 0x000000008000ff7c (0x00e78023) mem 0x00000000800120cd 0x00
core   0: 0x000000008000ff80 (0xfc843703) ld      a4, -56(s0)
core   0: 3 0x000000008000ff80 (0xfc843703) x14 0x0000000080012040 mem 0x0000000080031f38
core   0: 0x000000008000ff84 (0xfb843783) ld      a5, -72(s0)
core   0: 3 0x000000008000ff84 (0xfb843783) x15 0x000000000000009c mem 0x0000000080031f28
core   0: 0x000000008000ff88 (0x000097ba) c.add   a5, a4
core   0: 3 0x000000008000ff88 (0x97ba) x15 0x00000000800120dc
core   0: 0x000000008000ff8a (0xfe043703) ld      a4, -32(s0)
core   0: 3 0x000000008000ff8a (0xfe043703) x14 0x00000000800120ce mem 0x0000000080031f50
core   0: 0x000000008000ff8e (0xfcf76de3) bltu    a4, a5, pc - 38
core   0: 3 0x000000008000ff8e (0xfcf76de3)
core   0: 0x000000008000ff68 (0xfe043783) ld      a5, -32(s0)
core   0: 3 0x000000008000ff68 (0xfe043783) x15 0x00000000800120ce mem 0x0000000080031f50
core   0: 0x000000008000ff6c (0x00178713) addi    a4, a5, 1
core   0: 3 0x000000008000ff6c (0x00178713) x14 0x00000000800120cf
core   0: 0x000000008000ff70 (0xfee43023) sd      a4, -32(s0)
core   0: 3 0x000000008000ff70 (0xfee43023) mem 0x0000000080031f50 0x00000000800120cf
core   0: 0x000000008000ff74 (0xfc442703) lw      a4, -60(s0)
core   0: 3 0x000000008000ff74 (0xfc442703) x14 0x0000000000000000 mem 0x0000000080031f34
core   0: 0x000000008000ff78 (0x0ff77713) andi    a4, a4, 255
core   0: 3 0x000000008000ff78 (0x0ff77713) x14 0x0000000000000000
core   0: 0x000000008000ff7c (0x00e78023) sb      a4, 0(a5)
core   0: 3 0x000000008000ff7c (0x00e78023) mem 0x00000000800120ce 0x00
core   0: 0x000000008000ff80 (0xfc843703) ld      a4, -56(s0)
core   0: 3 0x000000008000ff80 (0xfc843703) x14 0x0000000080012040 mem 0x0000000080031f38
core   0: 0x000000008000ff84 (0xfb843783) ld      a5, -72(s0)
core   0: 3 0x000000008000ff84 (0xfb843783) x15 0x000000000000009c mem 0x0000000080031f28
core   0: 0x000000008000ff88 (0x000097ba) c.add   a5, a4
core   0: 3 0x000000008000ff88 (0x97ba) x15 0x00000000800120dc
core   0: 0x000000008000ff8a (0xfe043703) ld      a4, -32(s0)
core   0: 3 0x000000008000ff8a (0xfe043703) x14 0x00000000800120cf mem 0x0000000080031f50
core   0: 0x000000008000ff8e (0xfcf76de3) bltu    a4, a5, pc - 38
core   0: 3 0x000000008000ff8e (0xfcf76de3)
core   0: 0x000000008000ff68 (0xfe043783) ld      a5, -32(s0)
core   0: 3 0x000000008000ff68 (0xfe043783) x15 0x00000000800120cf mem 0x0000000080031f50
core   0: 0x000000008000ff6c (0x00178713) addi    a4, a5, 1
core   0: 3 0x000000008000ff6c (0x00178713) x14 0x00000000800120d0
core   0: 0x000000008000ff70 (0xfee43023) sd      a4, -32(s0)
core   0: 3 0x000000008000ff70 (0xfee43023) mem 0x0000000080031f50 0x00000000800120d0
core   0: 0x000000008000ff74 (0xfc442703) lw      a4, -60(s0)
core   0: 3 0x000000008000ff74 (0xfc442703) x14 0x0000000000000000 mem 0x0000000080031f34
core   0: 0x000000008000ff78 (0x0ff77713) andi    a4, a4, 255
core   0: 3 0x000000008000ff78 (0x0ff77713) x14 0x0000000000000000
core   0: 0x000000008000ff7c (0x00e78023) sb      a4, 0(a5)
core   0: 3 0x000000008000ff7c (0x00e78023) mem 0x00000000800120cf 0x00
core   0: 0x000000008000ff80 (0xfc843703) ld      a4, -56(s0)
core   0: 3 0x000000008000ff80 (0xfc843703) x14 0x0000000080012040 mem 0x0000000080031f38
core   0: 0x000000008000ff84 (0xfb843783) ld      a5, -72(s0)
core   0: 3 0x000000008000ff84 (0xfb843783) x15 0x000000000000009c mem 0x0000000080031f28
core   0: 0x000000008000ff88 (0x000097ba) c.add   a5, a4
core   0: 3 0x000000008000ff88 (0x97ba) x15 0x00000000800120dc
core   0: 0x000000008000ff8a (0xfe043703) ld      a4, -32(s0)
core   0: 3 0x000000008000ff8a (0xfe043703) x14 0x00000000800120d0 mem 0x0000000080031f50
core   0: 0x000000008000ff8e (0xfcf76de3) bltu    a4, a5, pc - 38
core   0: 3 0x000000008000ff8e (0xfcf76de3)
core   0: 0x000000008000ff68 (0xfe043783) ld      a5, -32(s0)
core   0: 3 0x000000008000ff68 (0xfe043783) x15 0x00000000800120d0 mem 0x0000000080031f50
core   0: 0x000000008000ff6c (0x00178713) addi    a4, a5, 1
core   0: 3 0x000000008000ff6c (0x00178713) x14 0x00000000800120d1
core   0: 0x000000008000ff70 (0xfee43023) sd      a4, -32(s0)
core   0: 3 0x000000008000ff70 (0xfee43023) mem 0x0000000080031f50 0x00000000800120d1
core   0: 0x000000008000ff74 (0xfc442703) lw      a4, -60(s0)
core   0: 3 0x000000008000ff74 (0xfc442703) x14 0x0000000000000000 mem 0x0000000080031f34
core   0: 0x000000008000ff78 (0x0ff77713) andi    a4, a4, 255
core   0: 3 0x000000008000ff78 (0x0ff77713) x14 0x0000000000000000
core   0: 0x000000008000ff7c (0x00e78023) sb      a4, 0(a5)
core   0: 3 0x000000008000ff7c (0x00e78023) mem 0x00000000800120d0 0x00
core   0: 0x000000008000ff80 (0xfc843703) ld      a4, -56(s0)
core   0: 3 0x000000008000ff80 (0xfc843703) x14 0x0000000080012040 mem 0x0000000080031f38
core   0: 0x000000008000ff84 (0xfb843783) ld      a5, -72(s0)
core   0: 3 0x000000008000ff84 (0xfb843783) x15 0x000000000000009c mem 0x0000000080031f28
core   0: 0x000000008000ff88 (0x000097ba) c.add   a5, a4
core   0: 3 0x000000008000ff88 (0x97ba) x15 0x00000000800120dc
core   0: 0x000000008000ff8a (0xfe043703) ld      a4, -32(s0)
core   0: 3 0x000000008000ff8a (0xfe043703) x14 0x00000000800120d1 mem 0x0000000080031f50
core   0: 0x000000008000ff8e (0xfcf76de3) bltu    a4, a5, pc - 38
core   0: 3 0x000000008000ff8e (0xfcf76de3)
core   0: 0x000000008000ff68 (0xfe043783) ld      a5, -32(s0)
core   0: 3 0x000000008000ff68 (0xfe043783) x15 0x00000000800120d1 mem 0x0000000080031f50
core   0: 0x000000008000ff6c (0x00178713) addi    a4, a5, 1
core   0: 3 0x000000008000ff6c (0x00178713) x14 0x00000000800120d2
core   0: 0x000000008000ff70 (0xfee43023) sd      a4, -32(s0)
core   0: 3 0x000000008000ff70 (0xfee43023) mem 0x0000000080031f50 0x00000000800120d2
core   0: 0x000000008000ff74 (0xfc442703) lw      a4, -60(s0)
core   0: 3 0x000000008000ff74 (0xfc442703) x14 0x0000000000000000 mem 0x0000000080031f34
core   0: 0x000000008000ff78 (0x0ff77713) andi    a4, a4, 255
core   0: 3 0x000000008000ff78 (0x0ff77713) x14 0x0000000000000000
core   0: 0x000000008000ff7c (0x00e78023) sb      a4, 0(a5)
core   0: 3 0x000000008000ff7c (0x00e78023) mem 0x00000000800120d1 0x00
core   0: 0x000000008000ff80 (0xfc843703) ld      a4, -56(s0)
core   0: 3 0x000000008000ff80 (0xfc843703) x14 0x0000000080012040 mem 0x0000000080031f38
core   0: 0x000000008000ff84 (0xfb843783) ld      a5, -72(s0)
core   0: 3 0x000000008000ff84 (0xfb843783) x15 0x000000000000009c mem 0x0000000080031f28
core   0: 0x000000008000ff88 (0x000097ba) c.add   a5, a4
core   0: 3 0x000000008000ff88 (0x97ba) x15 0x00000000800120dc
core   0: 0x000000008000ff8a (0xfe043703) ld      a4, -32(s0)
core   0: 3 0x000000008000ff8a (0xfe043703) x14 0x00000000800120d2 mem 0x0000000080031f50
core   0: 0x000000008000ff8e (0xfcf76de3) bltu    a4, a5, pc - 38
core   0: 3 0x000000008000ff8e (0xfcf76de3)
core   0: 0x000000008000ff68 (0xfe043783) ld      a5, -32(s0)
core   0: 3 0x000000008000ff68 (0xfe043783) x15 0x00000000800120d2 mem 0x0000000080031f50
core   0: 0x000000008000ff6c (0x00178713) addi    a4, a5, 1
core   0: 3 0x000000008000ff6c (0x00178713) x14 0x00000000800120d3
core   0: 0x000000008000ff70 (0xfee43023) sd      a4, -32(s0)
core   0: 3 0x000000008000ff70 (0xfee43023) mem 0x0000000080031f50 0x00000000800120d3
core   0: 0x000000008000ff74 (0xfc442703) lw      a4, -60(s0)
core   0: 3 0x000000008000ff74 (0xfc442703) x14 0x0000000000000000 mem 0x0000000080031f34
core   0: 0x000000008000ff78 (0x0ff77713) andi    a4, a4, 255
core   0: 3 0x000000008000ff78 (0x0ff77713) x14 0x0000000000000000
core   0: 0x000000008000ff7c (0x00e78023) sb      a4, 0(a5)
core   0: 3 0x000000008000ff7c (0x00e78023) mem 0x00000000800120d2 0x00
core   0: 0x000000008000ff80 (0xfc843703) ld      a4, -56(s0)
core   0: 3 0x000000008000ff80 (0xfc843703) x14 0x0000000080012040 mem 0x0000000080031f38
core   0: 0x000000008000ff84 (0xfb843783) ld      a5, -72(s0)
core   0: 3 0x000000008000ff84 (0xfb843783) x15 0x000000000000009c mem 0x0000000080031f28
core   0: 0x000000008000ff88 (0x000097ba) c.add   a5, a4
core   0: 3 0x000000008000ff88 (0x97ba) x15 0x00000000800120dc
core   0: 0x000000008000ff8a (0xfe043703) ld      a4, -32(s0)
core   0: 3 0x000000008000ff8a (0xfe043703) x14 0x00000000800120d3 mem 0x0000000080031f50
core   0: 0x000000008000ff8e (0xfcf76de3) bltu    a4, a5, pc - 38
core   0: 3 0x000000008000ff8e (0xfcf76de3)
core   0: 0x000000008000ff68 (0xfe043783) ld      a5, -32(s0)
core   0: 3 0x000000008000ff68 (0xfe043783) x15 0x00000000800120d3 mem 0x0000000080031f50
core   0: 0x000000008000ff6c (0x00178713) addi    a4, a5, 1
core   0: 3 0x000000008000ff6c (0x00178713) x14 0x00000000800120d4
core   0: 0x000000008000ff70 (0xfee43023) sd      a4, -32(s0)
core   0: 3 0x000000008000ff70 (0xfee43023) mem 0x0000000080031f50 0x00000000800120d4
core   0: 0x000000008000ff74 (0xfc442703) lw      a4, -60(s0)
core   0: 3 0x000000008000ff74 (0xfc442703) x14 0x0000000000000000 mem 0x0000000080031f34
core   0: 0x000000008000ff78 (0x0ff77713) andi    a4, a4, 255
core   0: 3 0x000000008000ff78 (0x0ff77713) x14 0x0000000000000000
core   0: 0x000000008000ff7c (0x00e78023) sb      a4, 0(a5)
core   0: 3 0x000000008000ff7c (0x00e78023) mem 0x00000000800120d3 0x00
core   0: 0x000000008000ff80 (0xfc843703) ld      a4, -56(s0)
core   0: 3 0x000000008000ff80 (0xfc843703) x14 0x0000000080012040 mem 0x0000000080031f38
core   0: 0x000000008000ff84 (0xfb843783) ld      a5, -72(s0)
core   0: 3 0x000000008000ff84 (0xfb843783) x15 0x000000000000009c mem 0x0000000080031f28
core   0: 0x000000008000ff88 (0x000097ba) c.add   a5, a4
core   0: 3 0x000000008000ff88 (0x97ba) x15 0x00000000800120dc
core   0: 0x000000008000ff8a (0xfe043703) ld      a4, -32(s0)
core   0: 3 0x000000008000ff8a (0xfe043703) x14 0x00000000800120d4 mem 0x0000000080031f50
core   0: 0x000000008000ff8e (0xfcf76de3) bltu    a4, a5, pc - 38
core   0: 3 0x000000008000ff8e (0xfcf76de3)
core   0: 0x000000008000ff68 (0xfe043783) ld      a5, -32(s0)
core   0: 3 0x000000008000ff68 (0xfe043783) x15 0x00000000800120d4 mem 0x0000000080031f50
core   0: 0x000000008000ff6c (0x00178713) addi    a4, a5, 1
core   0: 3 0x000000008000ff6c (0x00178713) x14 0x00000000800120d5
core   0: 0x000000008000ff70 (0xfee43023) sd      a4, -32(s0)
core   0: 3 0x000000008000ff70 (0xfee43023) mem 0x0000000080031f50 0x00000000800120d5
core   0: 0x000000008000ff74 (0xfc442703) lw      a4, -60(s0)
core   0: 3 0x000000008000ff74 (0xfc442703) x14 0x0000000000000000 mem 0x0000000080031f34
core   0: 0x000000008000ff78 (0x0ff77713) andi    a4, a4, 255
core   0: 3 0x000000008000ff78 (0x0ff77713) x14 0x0000000000000000
core   0: 0x000000008000ff7c (0x00e78023) sb      a4, 0(a5)
core   0: 3 0x000000008000ff7c (0x00e78023) mem 0x00000000800120d4 0x00
core   0: 0x000000008000ff80 (0xfc843703) ld      a4, -56(s0)
core   0: 3 0x000000008000ff80 (0xfc843703) x14 0x0000000080012040 mem 0x0000000080031f38
core   0: 0x000000008000ff84 (0xfb843783) ld      a5, -72(s0)
core   0: 3 0x000000008000ff84 (0xfb843783) x15 0x000000000000009c mem 0x0000000080031f28
core   0: 0x000000008000ff88 (0x000097ba) c.add   a5, a4
core   0: 3 0x000000008000ff88 (0x97ba) x15 0x00000000800120dc
core   0: 0x000000008000ff8a (0xfe043703) ld      a4, -32(s0)
core   0: 3 0x000000008000ff8a (0xfe043703) x14 0x00000000800120d5 mem 0x0000000080031f50
core   0: 0x000000008000ff8e (0xfcf76de3) bltu    a4, a5, pc - 38
core   0: 3 0x000000008000ff8e (0xfcf76de3)
core   0: 0x000000008000ff68 (0xfe043783) ld      a5, -32(s0)
core   0: 3 0x000000008000ff68 (0xfe043783) x15 0x00000000800120d5 mem 0x0000000080031f50
core   0: 0x000000008000ff6c (0x00178713) addi    a4, a5, 1
core   0: 3 0x000000008000ff6c (0x00178713) x14 0x00000000800120d6
core   0: 0x000000008000ff70 (0xfee43023) sd      a4, -32(s0)
core   0: 3 0x000000008000ff70 (0xfee43023) mem 0x0000000080031f50 0x00000000800120d6
core   0: 0x000000008000ff74 (0xfc442703) lw      a4, -60(s0)
core   0: 3 0x000000008000ff74 (0xfc442703) x14 0x0000000000000000 mem 0x0000000080031f34
core   0: 0x000000008000ff78 (0x0ff77713) andi    a4, a4, 255
core   0: 3 0x000000008000ff78 (0x0ff77713) x14 0x0000000000000000
core   0: 0x000000008000ff7c (0x00e78023) sb      a4, 0(a5)
core   0: 3 0x000000008000ff7c (0x00e78023) mem 0x00000000800120d5 0x00
core   0: 0x000000008000ff80 (0xfc843703) ld      a4, -56(s0)
core   0: 3 0x000000008000ff80 (0xfc843703) x14 0x0000000080012040 mem 0x0000000080031f38
core   0: 0x000000008000ff84 (0xfb843783) ld      a5, -72(s0)
core   0: 3 0x000000008000ff84 (0xfb843783) x15 0x000000000000009c mem 0x0000000080031f28
core   0: 0x000000008000ff88 (0x000097ba) c.add   a5, a4
core   0: 3 0x000000008000ff88 (0x97ba) x15 0x00000000800120dc
core   0: 0x000000008000ff8a (0xfe043703) ld      a4, -32(s0)
core   0: 3 0x000000008000ff8a (0xfe043703) x14 0x00000000800120d6 mem 0x0000000080031f50
core   0: 0x000000008000ff8e (0xfcf76de3) bltu    a4, a5, pc - 38
core   0: 3 0x000000008000ff8e (0xfcf76de3)
core   0: 0x000000008000ff68 (0xfe043783) ld      a5, -32(s0)
core   0: 3 0x000000008000ff68 (0xfe043783) x15 0x00000000800120d6 mem 0x0000000080031f50
core   0: 0x000000008000ff6c (0x00178713) addi    a4, a5, 1
core   0: 3 0x000000008000ff6c (0x00178713) x14 0x00000000800120d7
core   0: 0x000000008000ff70 (0xfee43023) sd      a4, -32(s0)
core   0: 3 0x000000008000ff70 (0xfee43023) mem 0x0000000080031f50 0x00000000800120d7
core   0: 0x000000008000ff74 (0xfc442703) lw      a4, -60(s0)
core   0: 3 0x000000008000ff74 (0xfc442703) x14 0x0000000000000000 mem 0x0000000080031f34
core   0: 0x000000008000ff78 (0x0ff77713) andi    a4, a4, 255
core   0: 3 0x000000008000ff78 (0x0ff77713) x14 0x0000000000000000
core   0: 0x000000008000ff7c (0x00e78023) sb      a4, 0(a5)
core   0: 3 0x000000008000ff7c (0x00e78023) mem 0x00000000800120d6 0x00
core   0: 0x000000008000ff80 (0xfc843703) ld      a4, -56(s0)
core   0: 3 0x000000008000ff80 (0xfc843703) x14 0x0000000080012040 mem 0x0000000080031f38
core   0: 0x000000008000ff84 (0xfb843783) ld      a5, -72(s0)
core   0: 3 0x000000008000ff84 (0xfb843783) x15 0x000000000000009c mem 0x0000000080031f28
core   0: 0x000000008000ff88 (0x000097ba) c.add   a5, a4
core   0: 3 0x000000008000ff88 (0x97ba) x15 0x00000000800120dc
core   0: 0x000000008000ff8a (0xfe043703) ld      a4, -32(s0)
core   0: 3 0x000000008000ff8a (0xfe043703) x14 0x00000000800120d7 mem 0x0000000080031f50
core   0: 0x000000008000ff8e (0xfcf76de3) bltu    a4, a5, pc - 38
core   0: 3 0x000000008000ff8e (0xfcf76de3)
core   0: 0x000000008000ff68 (0xfe043783) ld      a5, -32(s0)
core   0: 3 0x000000008000ff68 (0xfe043783) x15 0x00000000800120d7 mem 0x0000000080031f50
core   0: 0x000000008000ff6c (0x00178713) addi    a4, a5, 1
core   0: 3 0x000000008000ff6c (0x00178713) x14 0x00000000800120d8
core   0: 0x000000008000ff70 (0xfee43023) sd      a4, -32(s0)
core   0: 3 0x000000008000ff70 (0xfee43023) mem 0x0000000080031f50 0x00000000800120d8
core   0: 0x000000008000ff74 (0xfc442703) lw      a4, -60(s0)
core   0: 3 0x000000008000ff74 (0xfc442703) x14 0x0000000000000000 mem 0x0000000080031f34
core   0: 0x000000008000ff78 (0x0ff77713) andi    a4, a4, 255
core   0: 3 0x000000008000ff78 (0x0ff77713) x14 0x0000000000000000
core   0: 0x000000008000ff7c (0x00e78023) sb      a4, 0(a5)
core   0: 3 0x000000008000ff7c (0x00e78023) mem 0x00000000800120d7 0x00
core   0: 0x000000008000ff80 (0xfc843703) ld      a4, -56(s0)
core   0: 3 0x000000008000ff80 (0xfc843703) x14 0x0000000080012040 mem 0x0000000080031f38
core   0: 0x000000008000ff84 (0xfb843783) ld      a5, -72(s0)
core   0: 3 0x000000008000ff84 (0xfb843783) x15 0x000000000000009c mem 0x0000000080031f28
core   0: 0x000000008000ff88 (0x000097ba) c.add   a5, a4
core   0: 3 0x000000008000ff88 (0x97ba) x15 0x00000000800120dc
core   0: 0x000000008000ff8a (0xfe043703) ld      a4, -32(s0)
core   0: 3 0x000000008000ff8a (0xfe043703) x14 0x00000000800120d8 mem 0x0000000080031f50
core   0: 0x000000008000ff8e (0xfcf76de3) bltu    a4, a5, pc - 38
core   0: 3 0x000000008000ff8e (0xfcf76de3)
core   0: 0x000000008000ff68 (0xfe043783) ld      a5, -32(s0)
core   0: 3 0x000000008000ff68 (0xfe043783) x15 0x00000000800120d8 mem 0x0000000080031f50
core   0: 0x000000008000ff6c (0x00178713) addi    a4, a5, 1
core   0: 3 0x000000008000ff6c (0x00178713) x14 0x00000000800120d9
core   0: 0x000000008000ff70 (0xfee43023) sd      a4, -32(s0)
core   0: 3 0x000000008000ff70 (0xfee43023) mem 0x0000000080031f50 0x00000000800120d9
core   0: 0x000000008000ff74 (0xfc442703) lw      a4, -60(s0)
core   0: 3 0x000000008000ff74 (0xfc442703) x14 0x0000000000000000 mem 0x0000000080031f34
core   0: 0x000000008000ff78 (0x0ff77713) andi    a4, a4, 255
core   0: 3 0x000000008000ff78 (0x0ff77713) x14 0x0000000000000000
core   0: 0x000000008000ff7c (0x00e78023) sb      a4, 0(a5)
core   0: 3 0x000000008000ff7c (0x00e78023) mem 0x00000000800120d8 0x00
core   0: 0x000000008000ff80 (0xfc843703) ld      a4, -56(s0)
core   0: 3 0x000000008000ff80 (0xfc843703) x14 0x0000000080012040 mem 0x0000000080031f38
core   0: 0x000000008000ff84 (0xfb843783) ld      a5, -72(s0)
core   0: 3 0x000000008000ff84 (0xfb843783) x15 0x000000000000009c mem 0x0000000080031f28
core   0: 0x000000008000ff88 (0x000097ba) c.add   a5, a4
core   0: 3 0x000000008000ff88 (0x97ba) x15 0x00000000800120dc
core   0: 0x000000008000ff8a (0xfe043703) ld      a4, -32(s0)
core   0: 3 0x000000008000ff8a (0xfe043703) x14 0x00000000800120d9 mem 0x0000000080031f50
core   0: 0x000000008000ff8e (0xfcf76de3) bltu    a4, a5, pc - 38
core   0: 3 0x000000008000ff8e (0xfcf76de3)
core   0: 0x000000008000ff68 (0xfe043783) ld      a5, -32(s0)
core   0: 3 0x000000008000ff68 (0xfe043783) x15 0x00000000800120d9 mem 0x0000000080031f50
core   0: 0x000000008000ff6c (0x00178713) addi    a4, a5, 1
core   0: 3 0x000000008000ff6c (0x00178713) x14 0x00000000800120da
core   0: 0x000000008000ff70 (0xfee43023) sd      a4, -32(s0)
core   0: 3 0x000000008000ff70 (0xfee43023) mem 0x0000000080031f50 0x00000000800120da
core   0: 0x000000008000ff74 (0xfc442703) lw      a4, -60(s0)
core   0: 3 0x000000008000ff74 (0xfc442703) x14 0x0000000000000000 mem 0x0000000080031f34
core   0: 0x000000008000ff78 (0x0ff77713) andi    a4, a4, 255
core   0: 3 0x000000008000ff78 (0x0ff77713) x14 0x0000000000000000
core   0: 0x000000008000ff7c (0x00e78023) sb      a4, 0(a5)
core   0: 3 0x000000008000ff7c (0x00e78023) mem 0x00000000800120d9 0x00
core   0: 0x000000008000ff80 (0xfc843703) ld      a4, -56(s0)
core   0: 3 0x000000008000ff80 (0xfc843703) x14 0x0000000080012040 mem 0x0000000080031f38
core   0: 0x000000008000ff84 (0xfb843783) ld      a5, -72(s0)
core   0: 3 0x000000008000ff84 (0xfb843783) x15 0x000000000000009c mem 0x0000000080031f28
core   0: 0x000000008000ff88 (0x000097ba) c.add   a5, a4
core   0: 3 0x000000008000ff88 (0x97ba) x15 0x00000000800120dc
core   0: 0x000000008000ff8a (0xfe043703) ld      a4, -32(s0)
core   0: 3 0x000000008000ff8a (0xfe043703) x14 0x00000000800120da mem 0x0000000080031f50
core   0: 0x000000008000ff8e (0xfcf76de3) bltu    a4, a5, pc - 38
core   0: 3 0x000000008000ff8e (0xfcf76de3)
core   0: 0x000000008000ff68 (0xfe043783) ld      a5, -32(s0)
core   0: 3 0x000000008000ff68 (0xfe043783) x15 0x00000000800120da mem 0x0000000080031f50
core   0: 0x000000008000ff6c (0x00178713) addi    a4, a5, 1
core   0: 3 0x000000008000ff6c (0x00178713) x14 0x00000000800120db
core   0: 0x000000008000ff70 (0xfee43023) sd      a4, -32(s0)
core   0: 3 0x000000008000ff70 (0xfee43023) mem 0x0000000080031f50 0x00000000800120db
core   0: 0x000000008000ff74 (0xfc442703) lw      a4, -60(s0)
core   0: 3 0x000000008000ff74 (0xfc442703) x14 0x0000000000000000 mem 0x0000000080031f34
core   0: 0x000000008000ff78 (0x0ff77713) andi    a4, a4, 255
core   0: 3 0x000000008000ff78 (0x0ff77713) x14 0x0000000000000000
core   0: 0x000000008000ff7c (0x00e78023) sb      a4, 0(a5)
core   0: 3 0x000000008000ff7c (0x00e78023) mem 0x00000000800120da 0x00
core   0: 0x000000008000ff80 (0xfc843703) ld      a4, -56(s0)
core   0: 3 0x000000008000ff80 (0xfc843703) x14 0x0000000080012040 mem 0x0000000080031f38
core   0: 0x000000008000ff84 (0xfb843783) ld      a5, -72(s0)
core   0: 3 0x000000008000ff84 (0xfb843783) x15 0x000000000000009c mem 0x0000000080031f28
core   0: 0x000000008000ff88 (0x000097ba) c.add   a5, a4
core   0: 3 0x000000008000ff88 (0x97ba) x15 0x00000000800120dc
core   0: 0x000000008000ff8a (0xfe043703) ld      a4, -32(s0)
core   0: 3 0x000000008000ff8a (0xfe043703) x14 0x00000000800120db mem 0x0000000080031f50
core   0: 0x000000008000ff8e (0xfcf76de3) bltu    a4, a5, pc - 38
core   0: 3 0x000000008000ff8e (0xfcf76de3)
core   0: 0x000000008000ff68 (0xfe043783) ld      a5, -32(s0)
core   0: 3 0x000000008000ff68 (0xfe043783) x15 0x00000000800120db mem 0x0000000080031f50
core   0: 0x000000008000ff6c (0x00178713) addi    a4, a5, 1
core   0: 3 0x000000008000ff6c (0x00178713) x14 0x00000000800120dc
core   0: 0x000000008000ff70 (0xfee43023) sd      a4, -32(s0)
core   0: 3 0x000000008000ff70 (0xfee43023) mem 0x0000000080031f50 0x00000000800120dc
core   0: 0x000000008000ff74 (0xfc442703) lw      a4, -60(s0)
core   0: 3 0x000000008000ff74 (0xfc442703) x14 0x0000000000000000 mem 0x0000000080031f34
core   0: 0x000000008000ff78 (0x0ff77713) andi    a4, a4, 255
core   0: 3 0x000000008000ff78 (0x0ff77713) x14 0x0000000000000000
core   0: 0x000000008000ff7c (0x00e78023) sb      a4, 0(a5)
core   0: 3 0x000000008000ff7c (0x00e78023) mem 0x00000000800120db 0x00
core   0: 0x000000008000ff80 (0xfc843703) ld      a4, -56(s0)
core   0: 3 0x000000008000ff80 (0xfc843703) x14 0x0000000080012040 mem 0x0000000080031f38
core   0: 0x000000008000ff84 (0xfb843783) ld      a5, -72(s0)
core   0: 3 0x000000008000ff84 (0xfb843783) x15 0x000000000000009c mem 0x0000000080031f28
core   0: 0x000000008000ff88 (0x000097ba) c.add   a5, a4
core   0: 3 0x000000008000ff88 (0x97ba) x15 0x00000000800120dc
core   0: 0x000000008000ff8a (0xfe043703) ld      a4, -32(s0)
core   0: 3 0x000000008000ff8a (0xfe043703) x14 0x00000000800120dc mem 0x0000000080031f50
core   0: 0x000000008000ff8e (0xfcf76de3) bltu    a4, a5, pc - 38
core   0: 3 0x000000008000ff8e (0xfcf76de3)
core   0: 0x000000008000ff92 (0xfc843783) ld      a5, -56(s0)
core   0: 3 0x000000008000ff92 (0xfc843783) x15 0x0000000080012040 mem 0x0000000080031f38
core   0: 0x000000008000ff96 (0x0000853e) c.mv    a0, a5
core   0: 3 0x000000008000ff96 (0x853e) x10 0x0000000080012040
core   0: 0x000000008000ff98 (0x00006426) c.ldsp  s0, 72(sp)
core   0: 3 0x000000008000ff98 (0x6426) x8  0x0000000080031f90 mem 0x0000000080031f68
core   0: 0x000000008000ff9a (0x00006161) c.addi16sp sp, 80
core   0: 3 0x000000008000ff9a (0x6161) x2  0x0000000080031f70
core   0: 0x000000008000ff9c (0x00008082) ret
core   0: 3 0x000000008000ff9c (0x8082)
core   0: 0x000000008000f550 (0x00000001) c.nop
core   0: 3 0x000000008000f550 (0x0001)
core   0: 0x000000008000f552 (0x000060e2) c.ldsp  ra, 24(sp)
core   0: 3 0x000000008000f552 (0x60e2) x1  0x000000008000f590 mem 0x0000000080031f88
core   0: 0x000000008000f554 (0x00006442) c.ldsp  s0, 16(sp)
core   0: 3 0x000000008000f554 (0x6442) x8  0x0000000080032040 mem 0x0000000080031f80
core   0: 0x000000008000f556 (0x00006105) c.addi16sp sp, 32
core   0: 3 0x000000008000f556 (0x6105) x2  0x0000000080031f90
core   0: 0x000000008000f558 (0x00008082) ret
core   0: 3 0x000000008000f558 (0x8082)
core   0: 0x000000008000f590 (0xf5842703) lw      a4, -168(s0)
core   0: 3 0x000000008000f590 (0xf5842703) x14 0x0000000000000001 mem 0x0000000080031f98
core   0: 0x000000008000f594 (0xf5c42783) lw      a5, -164(s0)
core   0: 3 0x000000008000f594 (0xf5c42783) x15 0x0000000000000000 mem 0x0000000080031f9c
core   0: 0x000000008000f598 (0x000085ba) c.mv    a1, a4
core   0: 3 0x000000008000f598 (0x85ba) x11 0x0000000000000001
core   0: 0x000000008000f59a (0x0000853e) c.mv    a0, a5
core   0: 3 0x000000008000f59a (0x853e) x10 0x0000000000000000
core   0: 0x000000008000f59c (0xf03ff0ef) jal     pc - 0xfe
core   0: 3 0x000000008000f59c (0xf03ff0ef) x1  0x000000008000f5a0
core   0: >>>>  thread_entry
core   0: 0x000000008000f49e (0x00001101) c.addi  sp, -32
core   0: 3 0x000000008000f49e (0x1101) x2  0x0000000080031f70
core   0: 0x000000008000f4a0 (0x0000ec22) c.sdsp  s0, 24(sp)
core   0: 3 0x000000008000f4a0 (0xec22) mem 0x0000000080031f88 0x0000000080032040
core   0: 0x000000008000f4a2 (0x00001000) c.addi4spn s0, sp, 32
core   0: 3 0x000000008000f4a2 (0x1000) x8  0x0000000080031f90
core   0: 0x000000008000f4a4 (0x000087aa) c.mv    a5, a0
core   0: 3 0x000000008000f4a4 (0x87aa) x15 0x0000000000000000
core   0: 0x000000008000f4a6 (0x0000872e) c.mv    a4, a1
core   0: 3 0x000000008000f4a6 (0x872e) x14 0x0000000000000001
core   0: 0x000000008000f4a8 (0xfef42623) sw      a5, -20(s0)
core   0: 3 0x000000008000f4a8 (0xfef42623) mem 0x0000000080031f7c 0x00000000
core   0: 0x000000008000f4ac (0x000087ba) c.mv    a5, a4
core   0: 3 0x000000008000f4ac (0x87ba) x15 0x0000000000000001
core   0: 0x000000008000f4ae (0xfef42423) sw      a5, -24(s0)
core   0: 3 0x000000008000f4ae (0xfef42423) mem 0x0000000080031f78 0x00000001
core   0: 0x000000008000f4b2 (0x00000001) c.nop
core   0: 3 0x000000008000f4b2 (0x0001)
core   0: 0x000000008000f4b4 (0xfec42783) lw      a5, -20(s0)
core   0: 3 0x000000008000f4b4 (0xfec42783) x15 0x0000000000000000 mem 0x0000000080031f7c
core   0: 0x000000008000f4b8 (0x00002781) c.addiw a5, 0
core   0: 3 0x000000008000f4b8 (0x2781) x15 0x0000000000000000
core   0: 0x000000008000f4ba (0x0000ffed) c.bnez  a5, pc - 6
core   0: 3 0x000000008000f4ba (0xffed)
core   0: 0x000000008000f4bc (0x00000001) c.nop
core   0: 3 0x000000008000f4bc (0x0001)
core   0: 0x000000008000f4be (0x00000001) c.nop
core   0: 3 0x000000008000f4be (0x0001)
core   0: 0x000000008000f4c0 (0x00006462) c.ldsp  s0, 24(sp)
core   0: 3 0x000000008000f4c0 (0x6462) x8  0x0000000080032040 mem 0x0000000080031f88
core   0: 0x000000008000f4c2 (0x00006105) c.addi16sp sp, 32
core   0: 3 0x000000008000f4c2 (0x6105) x2  0x0000000080031f90
core   0: 0x000000008000f4c4 (0x00008082) ret
core   0: 3 0x000000008000f4c4 (0x8082)
core   0: 0x000000008000f5a0 (0x00004581) c.li    a1, 0
core   0: 3 0x000000008000f5a0 (0x4581) x11 0x0000000000000000
core   0: 0x000000008000f5a2 (0x00004501) c.li    a0, 0
core   0: 3 0x000000008000f5a2 (0x4501) x10 0x0000000000000000
core   0: 0x000000008000f5a4 (0xa5df20ef) jal     pc - 0xd5a4
core   0: 3 0x000000008000f5a4 (0xa5df20ef) x1  0x000000008000f5a8
core   0: >>>>  main
core   0: 0x0000000080002000 (0x00000001) c.nop
core   0: 3 0x0000000080002000 (0x0001)
core   0: >>>>  trap_vec_init
core   0: 0x0000000080002002 (0x00002797) auipc   a5, 0x2
core   0: 3 0x0000000080002002 (0x00002797) x15 0x0000000080004002
core   0: 0x0000000080002006 (0xffe78793) addi    a5, a5, -2
core   0: 3 0x0000000080002006 (0xffe78793) x15 0x0000000080004000
core   0: 0x000000008000200a (0x30579073) csrrw   zero, mtvec, a5
core   0: 3 0x000000008000200a (0x30579073) c773_mtvec 0x0000000080004000
core   0: >>>>  pmp_setup
core   0: 0x000000008000200e (0x00002c17) auipc   s8, 0x2
core   0: 3 0x000000008000200e (0x00002c17) x24 0x000000008000400e
core   0: 0x0000000080002012 (0x022c0c13) addi    s8, s8, 34
core   0: 3 0x0000000080002012 (0x022c0c13) x24 0x0000000080004030
core   0: 0x0000000080002016 (0x00004781) c.li    a5, 0
core   0: 3 0x0000000080002016 (0x4781) x15 0x0000000000000000
core   0: 0x0000000080002018 (0x00009c3e) c.add   s8, a5
core   0: 3 0x0000000080002018 (0x9c3e) x24 0x0000000080004030
core   0: 0x000000008000201a (0x3b0c1073) csrrw   zero, pmpaddr0, s8
core   0: 3 0x000000008000201a (0x3b0c1073) c944_pmpaddr0 0x0000000080004030
core   0: 0x000000008000201e (0x00004c3d) c.li    s8, 15
core   0: 3 0x000000008000201e (0x4c3d) x24 0x000000000000000f
core   0: 0x0000000080002020 (0x3a0c1073) csrrw   zero, pmpcfg0, s8
core   0: 3 0x0000000080002020 (0x3a0c1073) c928_pmpcfg0 0x000000000000000f
core   0: 0x0000000080002024 (0x12000073) sfence.vma zero, zero
core   0: 3 0x0000000080002024 (0x12000073)
core   0: >>>>  mepc_setup
core   0: 0x0000000080002028 (0x00002797) auipc   a5, 0x2
core   0: 3 0x0000000080002028 (0x00002797) x15 0x0000000080004028
core   0: 0x000000008000202c (0x00878793) addi    a5, a5, 8
core   0: 3 0x000000008000202c (0x00878793) x15 0x0000000080004030
core   0: 0x0000000080002030 (0x34179073) csrrw   zero, mepc, a5
core   0: 3 0x0000000080002030 (0x34179073) c833_mepc 0x0000000080004030
core   0: >>>>  custom_csr_setup
core   0: 0x0000000080002034 (0x00100f9b) addiw   t6, zero, 1
core   0: 3 0x0000000080002034 (0x00100f9b) x31 0x0000000000000001
core   0: 0x0000000080002038 (0x00000ffe) c.slli  t6, 31
core   0: 3 0x0000000080002038 (0x0ffe) x31 0x0000000080000000
core   0: 0x000000008000203a (0x00000001) c.nop
core   0: 3 0x000000008000203a (0x0001)
core   0: >>>>  init_s_mode
core   0: 0x000000008000203c (0xfff0079b) addiw   a5, zero, -1
core   0: 3 0x000000008000203c (0xfff0079b) x15 0xffffffffffffffff
core   0: 0x0000000080002040 (0x000017fe) c.slli  a5, 63
core   0: 3 0x0000000080002040 (0x17fe) x15 0x8000000000000000
core   0: 0x0000000080002042 (0x18079073) csrrw   zero, satp, a5
core   0: 3 0x0000000080002042 (0x18079073) c384_satp 0x8000000000000000
core   0: 0x0000000080002046 (0x0000f797) auipc   a5, 0xf
core   0: 3 0x0000000080002046 (0x0000f797) x15 0x0000000080011046
core   0: 0x000000008000204a (0xfba78793) addi    a5, a5, -70
core   0: 3 0x000000008000204a (0xfba78793) x15 0x0000000080011000
core   0: 0x000000008000204e (0x000083b1) c.srli  a5, 12
core   0: 3 0x000000008000204e (0x83b1) x15 0x0000000000080011
core   0: 0x0000000080002050 (0x0010061b) addiw   a2, zero, 1
core   0: 3 0x0000000080002050 (0x0010061b) x12 0x0000000000000001
core   0: 0x0000000080002054 (0x00001632) c.slli  a2, 44
core   0: 3 0x0000000080002054 (0x1632) x12 0x0000100000000000
core   0: 0x0000000080002056 (0x0000167d) c.addi  a2, -1
core   0: 3 0x0000000080002056 (0x167d) x12 0x00000fffffffffff
core   0: 0x0000000080002058 (0x00008ff1) c.and   a5, a2
core   0: 3 0x0000000080002058 (0x8ff1) x15 0x0000000000080011
core   0: 0x000000008000205a (0x1807a073) csrrs   zero, satp, a5
core   0: 3 0x000000008000205a (0x1807a073) c384_satp 0x8000000000080011
core   0: 0x000000008000205e (0x00a005b7) lui     a1, 0xa00
core   0: 3 0x000000008000205e (0x00a005b7) x11 0x0000000000a00000
core   0: 0x0000000080002062 (0x10b5859b) addiw   a1, a1, 267
core   0: 3 0x0000000080002062 (0x10b5859b) x11 0x0000000000a0010b
core   0: 0x0000000080002066 (0x000005b2) c.slli  a1, 12
core   0: 3 0x0000000080002066 (0x05b2) x11 0x0000000a0010b000
core   0: 0x0000000080002068 (0xa0058593) addi    a1, a1, -1536
core   0: 3 0x0000000080002068 (0xa0058593) x11 0x0000000a0010aa00
core   0: 0x000000008000206c (0x30059073) csrrw   zero, mstatus, a1
core   0: 3 0x000000008000206c (0x30059073) c768_mstatus 0x0000000a00102800
core   0: 0x0000000080002070 (0x30459073) csrrw   zero, mie, a1
core   0: 3 0x0000000080002070 (0x30459073) c772_mie 0x0000000000000a00
core   0: 0x0000000080002074 (0x00a005b7) lui     a1, 0xa00
core   0: 3 0x0000000080002074 (0x00a005b7) x11 0x0000000000a00000
core   0: 0x0000000080002078 (0x10b5859b) addiw   a1, a1, 267
core   0: 3 0x0000000080002078 (0x10b5859b) x11 0x0000000000a0010b
core   0: 0x000000008000207c (0x000005b2) c.slli  a1, 12
core   0: 3 0x000000008000207c (0x05b2) x11 0x0000000a0010b000
core   0: 0x000000008000207e (0xa0058593) addi    a1, a1, -1536
core   0: 3 0x000000008000207e (0xa0058593) x11 0x0000000a0010aa00
core   0: 0x0000000080002082 (0x10059073) csrrw   zero, sstatus, a1
core   0: 3 0x0000000080002082 (0x10059073) c768_mstatus 0x0000000a00102800
core   0: 0x0000000080002086 (0x10459073) csrrw   zero, sie, a1
core   0: 3 0x0000000080002086 (0x10459073) c772_mie 0x0000000000000a00
core   0: 0x000000008000208a (0x30200073) mret
core   0: 3 0x000000008000208a (0x30200073) c768_mstatus 0x0000000a00102080
core   0: >>>>  main_g
core   0: 0x0000000080004030 (0x420e0553) fcvt.d.s fa0, ft8
core   0: 1 0x0000000080004030 (0x420e0553) c768_mstatus 0x8000000a00106080 f10 0x0000000000000000
core   0: 0x0000000080004034 (0x00000001) c.nop
core   0: 1 0x0000000080004034 (0x0001)
core   0: 0x0000000080004036 (0x0109d01b) srliw   zero, s3, 16
core   0: 1 0x0000000080004036 (0x0109d01b)
core   0: 0x000000008000403a (0x03cc3c33) mulhu   s8, s8, t3
core   0: 1 0x000000008000403a (0x03cc3c33) x24 0x0000000000000000
core   0: 0x000000008000403e (0x0172853b) addw    a0, t0, s7
core   0: 1 0x000000008000403e (0x0172853b) x10 0xffffffff80000124
core   0: 0x0000000080004042 (0x0373fbd3) fadd.d  fs7, ft7, fs7
core   0: 1 0x0000000080004042 (0x0373fbd3) f23 0x7ff8000000000000
core   0: 0x0000000080004046 (0x0138d53b) srlw    a0, a7, s3
core   0: 1 0x0000000080004046 (0x0138d53b) x10 0x0000000000000000
core   0: 0x000000008000404a (0x0088d5bb) srlw    a1, a7, s0
core   0: 1 0x000000008000404a (0x0088d5bb) x11 0x0000000000000000
core   0: 0x000000008000404e (0x401c7c53) fcvt.s.d fs8, fs8
core   0: 1 0x000000008000404e (0x401c7c53) f24 0xffffffff7fc00000
core   0: 0x0000000080004052 (0xd03bf753) fcvt.s.lu fa4, s7
core   0: 1 0x0000000080004052 (0xd03bf753) f14 0xffffffff00000000
core   0: 0x0000000080004056 (0x0054961b) slliw   a2, s1, 5
core   0: 1 0x0000000080004056 (0x0054961b) x12 0x000000000063f800
core   0: 0x000000008000405a (0x01e91e9b) slliw   t4, s2, 30
core   0: 1 0x000000008000405a (0x01e91e9b) x29 0x0000000000000000
core   0: 0x000000008000405e (0x00061b9b) slliw   s7, a2, 0
core   0: 1 0x000000008000405e (0x00061b9b) x23 0x000000000063f800
core   0: 0x0000000080004062 (0x0da24d17) auipc   s10, 0xda24
core   0: 1 0x0000000080004062 (0x0da24d17) x26 0x000000008da28062
core   0: 0x0000000080004066 (0x41fada1b) sraiw   s4, s5, 31
core   0: 1 0x0000000080004066 (0x41fada1b) x20 0x0000000000000000
core   0: 0x000000008000406a (0x5a07f953) fsqrt.d fs2, fa5
core   0: 1 0x000000008000406a (0x5a07f953) f18 0x7ff8000000000000
core   0: 0x000000008000406e (0x02cd1293) slli    t0, s10, 44
core   0: 1 0x000000008000406e (0x02cd1293) x5  0x2806200000000000
core   0: 0x0000000080004072 (0x153dc413) xori    s0, s11, 339
core   0: 1 0x0000000080004072 (0x153dc413) x8  0x0000000000000153
core   0: 0x0000000080004076 (0xc23dfad3) fcvt.lu.d s5, fs11
core   0: 1 0x0000000080004076 (0xc23dfad3) c1_fflags 0x0000000000000010 x21 0xffffffffffffffff
core   0: 0x000000008000407a (0x02780eb3) mul     t4, a6, t2
core   0: 1 0x000000008000407a (0x02780eb3) x29 0x0000000000000000
core   0: 0x000000008000407e (0xd0247453) fcvt.s.l fs0, s0
core   0: 1 0x000000008000407e (0xd0247453) f8  0xffffffff43a98000
core   0: 0x0000000080004082 (0x01677bb3) and     s7, a4, s6
core   0: 1 0x0000000080004082 (0x01677bb3) x23 0x0000000000000000
core   0: 0x0000000080004086 (0xd23c70d3) fcvt.d.lu ft1, s8
core   0: 1 0x0000000080004086 (0xd23c70d3) f1  0x0000000000000000
core   0: 0x000000008000408a (0x02769db3) mulh    s11, a3, t2
core   0: 1 0x000000008000408a (0x02769db3) x27 0x0000000000000000
core   0: 0x000000008000408e (0x03f95a13) srli    s4, s2, 63
core   0: 1 0x000000008000408e (0x03f95a13) x20 0x0000000000000000
core   0: 0x0000000080004092 (0x223a13d3) fsgnjn.d ft7, fs4, ft3
core   0: 1 0x0000000080004092 (0x223a13d3) f7  0x7fffffff00000000
core   0: 0x0000000080004096 (0x747539f3) csrrc   s3, mseccfg, a0
core   0: exception trap_illegal_instruction, epc 0x0000000080004096
core   0:           tval 0x00000000747539f3
core   0: >>>>  $xrv64i2p1_m2p0_a2p1_f2p2_d2p2_zicsr2p0_zifencei2p0_zmmul1p0_zba1p0_zbb1p0_zbc1p0_zbs1p0
core   0: 0x0000000080004000 (0x0080006f) j       pc + 0x8
core   0: 3 0x0000000080004000 (0x0080006f)
core   0: >>>>  mmode_exception_handler
core   0: 0x0000000080004008 (0x00002c17) auipc   s8, 0x2
core   0: 3 0x0000000080004008 (0x00002c17) x24 0x0000000080006008
core   0: 0x000000008000400c (0xfeac0c13) addi    s8, s8, -22
core   0: 3 0x000000008000400c (0xfeac0c13) x24 0x0000000080005ff2
core   0: 0x0000000080004010 (0x000c00e7) jalr    s8
core   0: 3 0x0000000080004010 (0x000c00e7) x1  0x0000000080004014
core   0: >>>>  any_handler
core   0: 0x0000000080005ff2 (0x341027f3) csrrs   a5, mepc, zero
core   0: 3 0x0000000080005ff2 (0x341027f3) x15 0x0000000080004096
core   0: 0x0000000080005ff6 (0x34202773) csrrs   a4, mcause, zero
core   0: 3 0x0000000080005ff6 (0x34202773) x14 0x0000000000000002
core   0: 0x0000000080005ffa (0x142026f3) csrrs   a3, scause, zero
core   0: 3 0x0000000080005ffa (0x142026f3) x13 0x0000000000000000
core   0: 0x0000000080005ffe (0x30402673) csrrs   a2, mie, zero
core   0: 3 0x0000000080005ffe (0x30402673) x12 0x0000000000000a00
core   0: 0x0000000080006002 (0x344025f3) csrrs   a1, mip, zero
core   0: 3 0x0000000080006002 (0x344025f3) x11 0x0000000000000080
core   0: 0x0000000080006006 (0x343025f3) csrrs   a1, mtval, zero
core   0: 3 0x0000000080006006 (0x343025f3) x11 0x00000000747539f3
core   0: 0x000000008000600a (0x14302573) csrrs   a0, stval, zero
core   0: 3 0x000000008000600a (0x14302573) x10 0x0000000000000000
core   0: 0x000000008000600e (0xb02024f3) csrrs   s1, minstret, zero
core   0: 3 0x000000008000600e (0xb02024f3) x9  0x00000000000007e5
core   0: 0x0000000080006012 (0x0000a811) c.j     pc + 20
core   0: 3 0x0000000080006012 (0xa811)
core   0: >>>>  mepc_4
core   0: 0x0000000080006026 (0x00000791) c.addi  a5, 4
core   0: 3 0x0000000080006026 (0x0791) x15 0x000000008000409a
core   0: 0x0000000080006028 (0x34179073) csrrw   zero, mepc, a5
core   0: 3 0x0000000080006028 (0x34179073) c833_mepc 0x000000008000409a
core   0: 0x000000008000602c (0x30200073) mret
core   0: 3 0x000000008000602c (0x30200073) c768_mstatus 0x8000000a00106080
core   0: 0x000000008000409a (0x40a981bb) subw    gp, s3, a0
core   0: 1 0x000000008000409a (0x40a981bb) x3  0x0000000000000000
core   0: 0x000000008000409e (0x0011cdb3) xor     s11, gp, ra
core   0: 1 0x000000008000409e (0x0011cdb3) x27 0x0000000080004014
core   0: 0x00000000800040a2 (0xbd78ee13) ori     t3, a7, -1065
core   0: 1 0x00000000800040a2 (0xbd78ee13) x28 0xfffffffffffffbd7
core   0: 0x00000000800040a6 (0x415dd213) srai    tp, s11, 21
core   0: 1 0x00000000800040a6 (0x415dd213) x4  0x0000000000000400
core   0: 0x00000000800040aa (0x4003d39b) sraiw   t2, t2, 0
core   0: 1 0x00000000800040aa (0x4003d39b) x7  0x0000000000000000
core   0: 0x00000000800040ae (0x00009e06) c.add   t3, ra
core   0: 1 0x00000000800040ae (0x9e06) x28 0x0000000080003beb
core   0: 0x00000000800040b0 (0x41fe571b) sraiw   a4, t3, 31
core   0: 1 0x00000000800040b0 (0x41fe571b) x14 0xffffffffffffffff
core   0: 0x00000000800040b4 (0x00000001) c.nop
core   0: 1 0x00000000800040b4 (0x0001)
core   0: 0x00000000800040b6 (0xc033fad3) fcvt.lu.s s5, ft7
core   0: 1 0x00000000800040b6 (0xc033fad3) c1_fflags 0x0000000000000010 x21 0xffffffffffffffff
core   0: 0x00000000800040ba (0x019729b3) slt     s3, a4, s9
core   0: 1 0x00000000800040ba (0x019729b3) x19 0x0000000000000001
core   0: 0x00000000800040be (0x01c746b3) xor     a3, a4, t3
core   0: 1 0x00000000800040be (0x01c746b3) x13 0xffffffff7fffc414
core   0: 0x00000000800040c2 (0x1bb1fdd3) fdiv.d  fs11, ft3, fs11
core   0: 1 0x00000000800040c2 (0x1bb1fdd3) f27 0x7ff8000000000000
core   0: 0x00000000800040c6 (0xe565f013) andi    zero, a1, -426
core   0: 1 0x00000000800040c6 (0xe565f013)
core   0: 0x00000000800040ca (0x01b79b1b) slliw   s6, a5, 27
core   0: 1 0x00000000800040ca (0x01b79b1b) x22 0xffffffffd0000000
core   0: 0x00000000800040ce (0x00202673) csrrs   a2, frm, zero
core   0: 1 0x00000000800040ce (0x00202673) x12 0x0000000000000000
core   0: 0x00000000800040d2 (0x00145a93) srli    s5, s0, 1
core   0: 1 0x00000000800040d2 (0x00145a93) x21 0x00000000000000a9
core   0: 0x00000000800040d6 (0x0ff0000f) fence   iorw,iorw
core   0: 1 0x00000000800040d6 (0x0ff0000f)
core   0: 0x00000000800040da (0x00cad933) srl     s2, s5, a2
core   0: 1 0x00000000800040da (0x00cad933) x18 0x00000000000000a9
core   0: 0x00000000800040de (0x40f68b3b) subw    s6, a3, a5
core   0: 1 0x00000000800040de (0x40f68b3b) x22 0xffffffffffff837a
core   0: 0x00000000800040e2 (0x40e6d293) srai    t0, a3, 14
core   0: 1 0x00000000800040e2 (0x40e6d293) x5  0xfffffffffffdffff
core   0: 0x00000000800040e6 (0xa27189d3) fle.d   s3, ft3, ft7
core   0: 1 0x00000000800040e6 (0xa27189d3) c1_fflags 0x0000000000000010 x19 0x0000000000000000
core   0: 0x00000000800040ea (0x41bc823b) subw    tp, s9, s11
core   0: 1 0x00000000800040ea (0x41bc823b) x4  0x000000007fffbfec
core   0: 0x00000000800040ee (0x02d272bb) remuw   t0, tp, a3
core   0: 1 0x00000000800040ee (0x02d272bb) x5  0x000000007fffbfec
core   0: 0x00000000800040f2 (0x143150f3) csrrwi  ra, stval, 2
core   0: 1 0x00000000800040f2 (0x143150f3) x1  0x0000000000000000 c323_stval 0x0000000000000002
core   0: 0x00000000800040f6 (0x02460633) mul     a2, a2, tp
core   0: 1 0x00000000800040f6 (0x02460633) x12 0x0000000000000000
core   0: 0x00000000800040fa (0x0129a433) slt     s0, s3, s2
core   0: 1 0x00000000800040fa (0x0129a433) x8  0x0000000000000001
core   0: 0x00000000800040fe (0x00c0cd33) xor     s10, ra, a2
core   0: 1 0x00000000800040fe (0x00c0cd33) x26 0x0000000000000000
core   0: 0x0000000080004102 (0x4040d193) srai    gp, ra, 4
core   0: 1 0x0000000080004102 (0x4040d193) x3  0x0000000000000000
core   0: 0x0000000080004106 (0x4099591b) sraiw   s2, s2, 9
core   0: 1 0x0000000080004106 (0x4099591b) x18 0x0000000000000000
core   0: 0x000000008000410a (0x00f1c9b3) xor     s3, gp, a5
core   0: 1 0x000000008000410a (0x00f1c9b3) x19 0x000000008000409a
core   0: 0x000000008000410e (0x2a2d9bd3) fmax.d  fs7, fs11, ft2
core   0: 1 0x000000008000410e (0x2a2d9bd3) f23 0x7ff8000000000000
core   0: 0x0000000080004112 (0x5a027253) fsqrt.d ft4, ft4
core   0: 1 0x0000000080004112 (0x5a027253) f4  0x7ff8000000000000
core   0: 0x0000000080004116 (0x3403e473) csrrsi  s0, mscratch, 7
core   0: exception trap_illegal_instruction, epc 0x0000000080004116
core   0:           tval 0x000000003403e473
core   0: >>>>  $xrv64i2p1_m2p0_a2p1_f2p2_d2p2_zicsr2p0_zifencei2p0_zmmul1p0_zba1p0_zbb1p0_zbc1p0_zbs1p0
core   0: 0x0000000080004000 (0x0080006f) j       pc + 0x8
core   0: 3 0x0000000080004000 (0x0080006f)
core   0: >>>>  mmode_exception_handler
core   0: 0x0000000080004008 (0x00002c17) auipc   s8, 0x2
core   0: 3 0x0000000080004008 (0x00002c17) x24 0x0000000080006008
core   0: 0x000000008000400c (0xfeac0c13) addi    s8, s8, -22
core   0: 3 0x000000008000400c (0xfeac0c13) x24 0x0000000080005ff2
core   0: 0x0000000080004010 (0x000c00e7) jalr    s8
core   0: 3 0x0000000080004010 (0x000c00e7) x1  0x0000000080004014
core   0: >>>>  any_handler
core   0: 0x0000000080005ff2 (0x341027f3) csrrs   a5, mepc, zero
core   0: 3 0x0000000080005ff2 (0x341027f3) x15 0x0000000080004116
core   0: 0x0000000080005ff6 (0x34202773) csrrs   a4, mcause, zero
core   0: 3 0x0000000080005ff6 (0x34202773) x14 0x0000000000000002
core   0: 0x0000000080005ffa (0x142026f3) csrrs   a3, scause, zero
core   0: 3 0x0000000080005ffa (0x142026f3) x13 0x0000000000000000
core   0: 0x0000000080005ffe (0x30402673) csrrs   a2, mie, zero
core   0: 3 0x0000000080005ffe (0x30402673) x12 0x0000000000000a00
core   0: 0x0000000080006002 (0x344025f3) csrrs   a1, mip, zero
core   0: 3 0x0000000080006002 (0x344025f3) x11 0x0000000000000080
core   0: 0x0000000080006006 (0x343025f3) csrrs   a1, mtval, zero
core   0: 3 0x0000000080006006 (0x343025f3) x11 0x000000003403e473
core   0: 0x000000008000600a (0x14302573) csrrs   a0, stval, zero
core   0: 3 0x000000008000600a (0x14302573) x10 0x0000000000000002
core   0: 0x000000008000600e (0xb02024f3) csrrs   s1, minstret, zero
core   0: 3 0x000000008000600e (0xb02024f3) x9  0x0000000000000815
core   0: 0x0000000080006012 (0x0000a811) c.j     pc + 20
core   0: 3 0x0000000080006012 (0xa811)
core   0: >>>>  mepc_4
core   0: 0x0000000080006026 (0x00000791) c.addi  a5, 4
core   0: 3 0x0000000080006026 (0x0791) x15 0x000000008000411a
core   0: 0x0000000080006028 (0x34179073) csrrw   zero, mepc, a5
core   0: 3 0x0000000080006028 (0x34179073) c833_mepc 0x000000008000411a
core   0: 0x000000008000602c (0x30200073) mret
core   0: 3 0x000000008000602c (0x30200073) c768_mstatus 0x8000000a00106080
core   0: 0x000000008000411a (0xa2a205d3) fle.d   a1, ft4, fa0
core   0: 1 0x000000008000411a (0xa2a205d3) c1_fflags 0x0000000000000010 x11 0x0000000000000000
core   0: 0x000000008000411e (0x016800b3) add     ra, a6, s6
core   0: 1 0x000000008000411e (0x016800b3) x1  0xffffffffffff837a
core   0: 0x0000000080004122 (0x00b708bb) addw    a7, a4, a1
core   0: 1 0x0000000080004122 (0x00b708bb) x17 0x0000000000000002
core   0: 0x0000000080004126 (0x00209d73) csrrw   s10, frm, ra
core   0: 1 0x0000000080004126 (0x00209d73) x26 0x0000000000000000 c2_frm 0x0000000000000002
core   0: 0x000000008000412a (0xc219f7d3) fcvt.wu.d a5, fs3
core   0: 1 0x000000008000412a (0xc219f7d3) c1_fflags 0x0000000000000010 x15 0xffffffffffffffff
core   0: 0x000000008000412e (0x02fd763b) remuw   a2, s10, a5
core   0: 1 0x000000008000412e (0x02fd763b) x12 0x0000000000000000
core   0: 0x0000000080004132 (0x419e04bb) subw    s1, t3, s9
core   0: 1 0x0000000080004132 (0x419e04bb) x9  0xffffffff80003beb
core   0: 0x0000000080004136 (0x4004da9b) sraiw   s5, s1, 0
core   0: 1 0x0000000080004136 (0x4004da9b) x21 0xffffffff80003beb
core   0: 0x000000008000413a (0xf2030353) fmv.d.x ft6, t1
core   0: 1 0x000000008000413a (0xf2030353) f6  0x0000000000000000
core   0: 0x000000008000413e (0x026ac433) div     s0, s5, t1
core   0: 1 0x000000008000413e (0x026ac433) x8  0xffffffffffffffff
core   0: 0x0000000080004142 (0x037aebb3) rem     s7, s5, s7
core   0: 1 0x0000000080004142 (0x037aebb3) x23 0xffffffff80003beb
core   0: 0x0000000080004146 (0x40f3823b) subw    tp, t2, a5
core   0: 1 0x0000000080004146 (0x40f3823b) x4  0x0000000000000001
core   0: 0x000000008000414a (0x4013fbd3) fcvt.s.d fs7, ft7
core   0: 1 0x000000008000414a (0x4013fbd3) f23 0xffffffff7fc00000
core   0: 0x000000008000414e (0x03816eb3) rem     t4, sp, s8
core   0: 1 0x000000008000414e (0x03816eb3) x29 0x000000000002bf9e
core   0: 0x0000000080004152 (0x57ad9b17) auipc   s6, 0x57ad9
core   0: 1 0x0000000080004152 (0x57ad9b17) x22 0x00000000d7add152
core   0: 0x0000000080004156 (0xfffa6493) ori     s1, s4, -1
core   0: 1 0x0000000080004156 (0xfffa6493) x9  0xffffffffffffffff
core   0: 0x000000008000415a (0xfff48b1b) addiw   s6, s1, -1
core   0: 1 0x000000008000415a (0xfff48b1b) x22 0xfffffffffffffffe
core   0: 0x000000008000415e (0x7863f793) andi    a5, t2, 1926
core   0: 1 0x000000008000415e (0x7863f793) x15 0x0000000000000000
core   0: 0x0000000080004162 (0xd20a08d3) fcvt.d.w fa7, s4
core   0: 1 0x0000000080004162 (0xd20a08d3) f17 0x0000000000000000
core   0: 0x0000000080004166 (0x02d7e6bb) remw    a3, a5, a3
core   0: 1 0x0000000080004166 (0x02d7e6bb) x13 0x0000000000000000
core   0: 0x000000008000416a (0x00ae1cbb) sllw    s9, t3, a0
core   0: 1 0x000000008000416a (0x00ae1cbb) x25 0x000000000000efac
core   0: 0x000000008000416e (0x143eb473) csrrc   s0, stval, t4
core   0: 1 0x000000008000416e (0x143eb473) x8  0x0000000000000002 c323_stval 0x0000000000000000
core   0: 0x0000000080004172 (0xd036f6d3) fcvt.s.lu fa3, a3
core   0: 1 0x0000000080004172 (0xd036f6d3) f13 0xffffffff00000000
core   0: 0x0000000080004176 (0x412a513b) sraw    sp, s4, s2
core   0: 1 0x0000000080004176 (0x412a513b) x2  0x0000000000000000
core   0: 0x000000008000417a (0x0ac373d3) fsub.d  ft7, ft6, fa2
core   0: 1 0x000000008000417a (0x0ac373d3) f7  0x7ff8000000000000
core   0: 0x000000008000417e (0x10970e1b) addiw   t3, a4, 265
core   0: 1 0x000000008000417e (0x10970e1b) x28 0x000000000000010b
core   0: 0x0000000080004182 (0x63e44417) auipc   s0, 0x63e44
core   0: 1 0x0000000080004182 (0x63e44417) x8  0x00000000e3e48182
core   0: 0x0000000080004186 (0x2b809c53) fmax.d  fs8, ft1, fs8
core   0: 1 0x0000000080004186 (0x2b809c53) f24 0x0000000000000000
core   0: 0x000000008000418a (0x00684433) xor     s0, a6, t1
core   0: 1 0x000000008000418a (0x00684433) x8  0x0000000000000000
core   0: 0x000000008000418e (0xd038f453) fcvt.s.lu fs0, a7
core   0: 1 0x000000008000418e (0xd038f453) f8  0xffffffff40000000
core   0: 0x0000000080004192 (0x2af109d3) fmin.d  fs3, ft2, fa5
core   0: 1 0x0000000080004192 (0x2af109d3) f19 0x7ff8000000000000
core   0: 0x0000000080004196 (0x0006003b) addw    zero, a2, zero
core   0: 1 0x0000000080004196 (0x0006003b)
core   0: 0x000000008000419a (0x00069b9b) slliw   s7, a3, 0
core   0: 1 0x000000008000419a (0x00069b9b) x23 0x0000000000000000
core   0: 0x000000008000419e (0x02c6ce33) div     t3, a3, a2
core   0: 1 0x000000008000419e (0x02c6ce33) x28 0xffffffffffffffff
core   0: 0x00000000800041a2 (0xe2098753) fmv.x.d a4, fs3
core   0: 1 0x00000000800041a2 (0xe2098753) x14 0x7ff8000000000000
core   0: 0x00000000800041a6 (0xb5d649b7) lui     s3, 0xb5d64
core   0: 1 0x00000000800041a6 (0xb5d649b7) x19 0xffffffffb5d64000
core   0: 0x00000000800041aa (0x033dedbb) remw    s11, s11, s3
core   0: 1 0x00000000800041aa (0x033dedbb) x27 0xffffffffca2a0014
core   0: 0x00000000800041ae (0x6a8ff94b) fnmsub.d fs2, ft11, fs0, fa3
core   0: 1 0x00000000800041ae (0x6a8ff94b) f18 0x7ff8000000000000
core   0: 0x00000000800041b2 (0x02a5613b) remw    sp, a0, a0
core   0: 1 0x00000000800041b2 (0x02a5613b) x2  0x0000000000000000
core   0: 0x00000000800041b6 (0x05ec7193) andi    gp, s8, 94
core   0: 1 0x00000000800041b6 (0x05ec7193) x3  0x0000000000000052
core   0: 0x00000000800041ba (0x0218b333) mulhu   t1, a7, ra
core   0: 1 0x00000000800041ba (0x0218b333) x6  0x0000000000000001
core   0: 0x00000000800041be (0x01ca1e33) sll     t3, s4, t3
core   0: 1 0x00000000800041be (0x01ca1e33) x28 0x0000000000000000
core   0: 0x00000000800041c2 (0xf625cc97) auipc   s9, 0xf625c
core   0: 1 0x00000000800041c2 (0xf625cc97) x25 0x00000000762601c2
core   0: 0x00000000800041c6 (0x015adab3) srl     s5, s5, s5
core   0: 1 0x00000000800041c6 (0x015adab3) x21 0x00000000001fffff
core   0: 0x00000000800041ca (0xd2128c53) fcvt.d.wu fs8, t0
core   0: 1 0x00000000800041ca (0xd2128c53) f24 0x41dfffeffb000000
core   0: 0x00000000800041ce (0x0b897253) fsub.d  ft4, fs2, fs8
core   0: 1 0x00000000800041ce (0x0b897253) f4  0x7ff8000000000000
core   0: 0x00000000800041d2 (0xf20e08d3) fmv.d.x fa7, t3
core   0: 1 0x00000000800041d2 (0xf20e08d3) f17 0x0000000000000000
core   0: 0x00000000800041d6 (0x80b47513) andi    a0, s0, -2037
core   0: 1 0x00000000800041d6 (0x80b47513) x10 0x0000000000000000
core   0: 0x00000000800041da (0x00f595bb) sllw    a1, a1, a5
core   0: 1 0x00000000800041da (0x00f595bb) x11 0x0000000000000000
core   0: 0x00000000800041de (0xc027dcf3) csrrwi  s9, instret, 15
core   0: exception trap_illegal_instruction, epc 0x00000000800041de
core   0:           tval 0x00000000c027dcf3
core   0: >>>>  $xrv64i2p1_m2p0_a2p1_f2p2_d2p2_zicsr2p0_zifencei2p0_zmmul1p0_zba1p0_zbb1p0_zbc1p0_zbs1p0
core   0: 0x0000000080004000 (0x0080006f) j       pc + 0x8
core   0: 3 0x0000000080004000 (0x0080006f)
core   0: >>>>  mmode_exception_handler
core   0: 0x0000000080004008 (0x00002c17) auipc   s8, 0x2
core   0: 3 0x0000000080004008 (0x00002c17) x24 0x0000000080006008
core   0: 0x000000008000400c (0xfeac0c13) addi    s8, s8, -22
core   0: 3 0x000000008000400c (0xfeac0c13) x24 0x0000000080005ff2
core   0: 0x0000000080004010 (0x000c00e7) jalr    s8
core   0: 3 0x0000000080004010 (0x000c00e7) x1  0x0000000080004014
core   0: >>>>  any_handler
core   0: 0x0000000080005ff2 (0x341027f3) csrrs   a5, mepc, zero
core   0: 3 0x0000000080005ff2 (0x341027f3) x15 0x00000000800041de
core   0: 0x0000000080005ff6 (0x34202773) csrrs   a4, mcause, zero
core   0: 3 0x0000000080005ff6 (0x34202773) x14 0x0000000000000002
core   0: 0x0000000080005ffa (0x142026f3) csrrs   a3, scause, zero
core   0: 3 0x0000000080005ffa (0x142026f3) x13 0x0000000000000000
core   0: 0x0000000080005ffe (0x30402673) csrrs   a2, mie, zero
core   0: 3 0x0000000080005ffe (0x30402673) x12 0x0000000000000a00
core   0: 0x0000000080006002 (0x344025f3) csrrs   a1, mip, zero
core   0: 3 0x0000000080006002 (0x344025f3) x11 0x0000000000000080
core   0: 0x0000000080006006 (0x343025f3) csrrs   a1, mtval, zero
core   0: 3 0x0000000080006006 (0x343025f3) x11 0x00000000c027dcf3
core   0: 0x000000008000600a (0x14302573) csrrs   a0, stval, zero
core   0: 3 0x000000008000600a (0x14302573) x10 0x0000000000000000
core   0: 0x000000008000600e (0xb02024f3) csrrs   s1, minstret, zero
core   0: 3 0x000000008000600e (0xb02024f3) x9  0x0000000000000856
core   0: 0x0000000080006012 (0x0000a811) c.j     pc + 20
core   0: 3 0x0000000080006012 (0xa811)
core   0: >>>>  mepc_4
core   0: 0x0000000080006026 (0x00000791) c.addi  a5, 4
core   0: 3 0x0000000080006026 (0x0791) x15 0x00000000800041e2
core   0: 0x0000000080006028 (0x34179073) csrrw   zero, mepc, a5
core   0: 3 0x0000000080006028 (0x34179073) c833_mepc 0x00000000800041e2
core   0: 0x000000008000602c (0x30200073) mret
core   0: 3 0x000000008000602c (0x30200073) c768_mstatus 0x8000000a00106080
core   0: 0x00000000800041e2 (0x420880d3) fcvt.d.s ft1, fa7
core   0: 1 0x00000000800041e2 (0x420880d3) f1  0x7ff8000000000000
core   0: 0x00000000800041e6 (0x0010ca33) xor     s4, ra, ra
core   0: 1 0x00000000800041e6 (0x0010ca33) x20 0x0000000000000000
core   0: 0x00000000800041ea (0x048fb8b7) lui     a7, 0x48fb
core   0: 1 0x00000000800041ea (0x048fb8b7) x17 0x00000000048fb000
core   0: 0x00000000800041ee (0xfc58889b) addiw   a7, a7, -59
core   0: 1 0x00000000800041ee (0xfc58889b) x17 0x00000000048fafc5
core   0: 0x00000000800041f2 (0x000008b2) c.slli  a7, 12
core   0: 1 0x00000000800041f2 (0x08b2) x17 0x00000048fafc5000
core   0: 0x00000000800041f4 (0xd3588893) addi    a7, a7, -715
core   0: 1 0x00000000800041f4 (0xd3588893) x17 0x00000048fafc4d35
core   0: 0x00000000800041f8 (0x00000001) c.nop
core   0: 1 0x00000000800041f8 (0x0001)
core   0: 0x00000000800041fa (0x0391ce33) div     t3, gp, s9
core   0: 1 0x00000000800041fa (0x0391ce33) x28 0x0000000000000000
core   0: 0x00000000800041fe (0xf20c8053) fmv.d.x ft0, s9
core   0: 1 0x00000000800041fe (0xf20c8053) f0  0x00000000762601c2
core   0: 0x0000000080004202 (0x25905417) auipc   s0, 0x25905
core   0: 1 0x0000000080004202 (0x25905417) x8  0x00000000a5909202
core   0: 0x0000000080004206 (0x008b8dbb) addw    s11, s7, s0
core   0: 1 0x0000000080004206 (0x008b8dbb) x27 0xffffffffa5909202
core   0: 0x000000008000420a (0x01f35d9b) srliw   s11, t1, 31
core   0: 1 0x000000008000420a (0x01f35d9b) x27 0x0000000000000000
core   0: 0x000000008000420e (0x410e0d33) sub     s10, t3, a6
core   0: 1 0x000000008000420e (0x410e0d33) x26 0x0000000000000000
core   0: 0x0000000080004212 (0x00cd9ebb) sllw    t4, s11, a2
core   0: 1 0x0000000080004212 (0x00cd9ebb) x29 0x0000000000000000
core   0: 0x0000000080004216 (0x41f6551b) sraiw   a0, a2, 31
core   0: 1 0x0000000080004216 (0x41f6551b) x10 0x0000000000000000
core   0: 0x000000008000421a (0xd2357053) fcvt.d.lu ft0, a0
core   0: 1 0x000000008000421a (0xd2357053) f0  0x0000000000000000
core   0: 0x000000008000421e (0x008462b3) or      t0, s0, s0
core   0: 1 0x000000008000421e (0x008462b3) x5  0x00000000a5909202
core   0: 0x0000000080004222 (0x78b28e9b) addiw   t4, t0, 1931
core   0: 1 0x0000000080004222 (0x78b28e9b) x29 0xffffffffa590998d
core   0: 0x0000000080004226 (0x01b2911b) slliw   sp, t0, 27
core   0: 1 0x0000000080004226 (0x01b2911b) x2  0x0000000010000000
core   0: 0x000000008000422a (0x0048e533) or      a0, a7, tp
core   0: 1 0x000000008000422a (0x0048e533) x10 0x00000048fafc4d35
core   0: 0x000000008000422e (0x02ad84b3) mul     s1, s11, a0
core   0: 1 0x000000008000422e (0x02ad84b3) x9  0x0000000000000000
core   0: 0x0000000080004232 (0x2b6d0f53) fmin.d  ft10, fs10, fs6
core   0: 1 0x0000000080004232 (0x2b6d0f53) f30 0x7ff8000000000000
core   0: 0x0000000080004236 (0x002025f3) csrrs   a1, frm, zero
core   0: 1 0x0000000080004236 (0x002025f3) x11 0x0000000000000002
core   0: 0x000000008000423a (0x4016d91b) sraiw   s2, a3, 1
core   0: 1 0x000000008000423a (0x4016d91b) x18 0x0000000000000000
core   0: 0x000000008000423e (0x00259bf3) csrrw   s7, frm, a1
core   0: 1 0x000000008000423e (0x00259bf3) x23 0x0000000000000002 c2_frm 0x0000000000000002
core   0: 0x0000000080004242 (0x41bd52bb) sraw    t0, s10, s11
core   0: 1 0x0000000080004242 (0x41bd52bb) x5  0x0000000000000000
core   0: 0x0000000080004246 (0x140b5d73) csrrwi  s10, sscratch, 22
core   0: 1 0x0000000080004246 (0x140b5d73) x26 0x0000000000000000 c320_sscratch 0x0000000000000016
core   0: 0x000000008000424a (0x407659bb) sraw    s3, a2, t2
core   0: 1 0x000000008000424a (0x407659bb) x19 0x0000000000000a00
core   0: 0x000000008000424e (0x235a1a53) fsgnjn.d fs4, fs4, fs5
core   0: 1 0x000000008000424e (0x235a1a53) f20 0x7fffffff00000000
core   0: 0x0000000080004252 (0x4144ddbb) sraw    s11, s1, s4
core   0: 1 0x0000000080004252 (0x4144ddbb) x27 0x0000000000000000
core   0: 0x0000000080004256 (0x0273f453) fadd.d  fs0, ft7, ft7
core   0: 1 0x0000000080004256 (0x0273f453) f8  0x7ff8000000000000
core   0: 0x000000008000425a (0x0a827743) fmadd.d fa4, ft4, fs0, ft1
core   0: 1 0x000000008000425a (0x0a827743) f14 0x7ff8000000000000
core   0: 0x000000008000425e (0x002020f3) csrrs   ra, frm, zero
core   0: 1 0x000000008000425e (0x002020f3) x1  0x0000000000000002
core   0: 0x0000000080004262 (0xc0277953) fcvt.l.s s2, fa4
core   0: 1 0x0000000080004262 (0xc0277953) c1_fflags 0x0000000000000010 x18 0x7fffffffffffffff
core   0: 0x0000000080004266 (0xc966bd17) auipc   s10, 0xc966b
core   0: 1 0x0000000080004266 (0xc966bd17) x26 0x000000004966f266
core   0: 0x000000008000426a (0x006d4533) xor     a0, s10, t1
core   0: 1 0x000000008000426a (0x006d4533) x10 0x000000004966f267
core   0: 0x000000008000426e (0x0ff0000f) fence   iorw,iorw
core   0: 1 0x000000008000426e (0x0ff0000f)
core   0: 0x0000000080004272 (0xf2050f53) fmv.d.x ft10, a0
core   0: 1 0x0000000080004272 (0xf2050f53) f30 0x000000004966f267
core   0: 0x0000000080004276 (0x02312ab3) mulhsu  s5, sp, gp
core   0: 1 0x0000000080004276 (0x02312ab3) x21 0x0000000000000000
core   0: 0x000000008000427a (0x0271023b) mulw    tp, sp, t2
core   0: 1 0x000000008000427a (0x0271023b) x4  0x0000000000000000
core   0: 0x000000008000427e (0xc231f053) fcvt.lu.d zero, ft3
core   0: 1 0x000000008000427e (0xc231f053) c1_fflags 0x0000000000000010
core   0: 0x0000000080004282 (0x4042d4bb) sraw    s1, t0, tp
core   0: 1 0x0000000080004282 (0x4042d4bb) x9  0x0000000000000000
core   0: 0x0000000080004286 (0x0307573b) divuw   a4, a4, a6
core   0: 1 0x0000000080004286 (0x0307573b) x14 0xffffffffffffffff
core   0: 0x000000008000428a (0x001750b3) srl     ra, a4, ra
core   0: 1 0x000000008000428a (0x001750b3) x1  0x3fffffffffffffff
core   0: 0x000000008000428e (0x001025f3) csrrs   a1, fflags, zero
core   0: 1 0x000000008000428e (0x001025f3) x11 0x0000000000000010
core   0: 0x0000000080004292 (0x02b64133) div     sp, a2, a1
core   0: 1 0x0000000080004292 (0x02b64133) x2  0x00000000000000a0
core   0: 0x0000000080004296 (0x4011f053) fcvt.s.d ft0, ft3
core   0: 1 0x0000000080004296 (0x4011f053) f0  0xffffffff7fc00000
core   0: 0x000000008000429a (0x039ee6bb) remw    a3, t4, s9
core   0: 1 0x000000008000429a (0x039ee6bb) x13 0xffffffffa590998d
core   0: 0x000000008000429e (0xda2079cb) fnmsub.d fs3, ft0, ft2, fs11
core   0: 1 0x000000008000429e (0xda2079cb) f19 0x7ff8000000000000
core   0: 0x00000000800042a2 (0x2a739fd3) fmax.d  ft11, ft7, ft7
core   0: 1 0x00000000800042a2 (0x2a739fd3) f31 0x7ff8000000000000
core   0: 0x00000000800042a6 (0xc2107ad3) fcvt.wu.d s5, ft0
core   0: 1 0x00000000800042a6 (0xc2107ad3) c1_fflags 0x0000000000000010 x21 0xffffffffffffffff
core   0: 0x00000000800042aa (0xd20a8cd3) fcvt.d.w fs9, s5
core   0: 1 0x00000000800042aa (0xd20a8cd3) f25 0xbff0000000000000
core   0: 0x00000000800042ae (0x00000001) c.nop
core   0: 1 0x00000000800042ae (0x0001)
core   0: 0x00000000800042b0 (0x0000909b) slliw   ra, ra, 0
core   0: 1 0x00000000800042b0 (0x0000909b) x1  0xffffffffffffffff
core   0: 0x00000000800042b4 (0xc028fed3) fcvt.l.s t4, fa7
core   0: 1 0x00000000800042b4 (0xc028fed3) c1_fflags 0x0000000000000010 x29 0x7fffffffffffffff
core   0: 0x00000000800042b8 (0x00a495b3) sll     a1, s1, a0
core   0: 1 0x00000000800042b8 (0x00a495b3) x11 0x0000000000000000
core   0: 0x00000000800042bc (0x00957933) and     s2, a0, s1
core   0: 1 0x00000000800042bc (0x00957933) x18 0x0000000000000000
core   0: 0x00000000800042c0 (0xbcec4113) xori    sp, s8, -1074
core   0: 1 0x00000000800042c0 (0xbcec4113) x2  0xffffffff7fffa43c
core   0: 0x00000000800042c4 (0x41c95e9b) sraiw   t4, s2, 28
core   0: 1 0x00000000800042c4 (0x41c95e9b) x29 0x0000000000000000
core   0: 0x00000000800042c8 (0x004900bb) addw    ra, s2, tp
core   0: 1 0x00000000800042c8 (0x004900bb) x1  0x0000000000000000
core   0: 0x00000000800042cc (0xc211f6d3) fcvt.wu.d a3, ft3
core   0: 1 0x00000000800042cc (0xc211f6d3) c1_fflags 0x0000000000000010 x13 0xffffffffffffffff
core   0: 0x00000000800042d0 (0x001a08b3) add     a7, s4, ra
core   0: 1 0x00000000800042d0 (0x001a08b3) x17 0x0000000000000000
core   0: 0x00000000800042d4 (0x420f0853) fcvt.d.s fa6, ft10
core   0: 1 0x00000000800042d4 (0x420f0853) f16 0x7ff8000000000000
core   0: 0x00000000800042d8 (0x00d115b3) sll     a1, sp, a3
core   0: 1 0x00000000800042d8 (0x00d115b3) x11 0x0000000000000000
core   0: 0x00000000800042dc (0x41fada9b) sraiw   s5, s5, 31
core   0: 1 0x00000000800042dc (0x41fada9b) x21 0xffffffffffffffff
core   0: 0x00000000800042e0 (0x40157253) fcvt.s.d ft4, fa0
core   0: 1 0x00000000800042e0 (0x40157253) f4  0xffffffff00000000
core   0: 0x00000000800042e4 (0x60f6b113) sltiu   sp, a3, 1551
core   0: 1 0x00000000800042e4 (0x60f6b113) x2  0x0000000000000000
core   0: 0x00000000800042e8 (0x40f1509b) sraiw   ra, sp, 15
core   0: 1 0x00000000800042e8 (0x40f1509b) x1  0x0000000000000000
core   0: 0x00000000800042ec (0x00291bf3) csrrw   s7, frm, s2
core   0: 1 0x00000000800042ec (0x00291bf3) x23 0x0000000000000002 c2_frm 0x0000000000000000
core   0: 0x00000000800042f0 (0x41dedabb) sraw    s5, t4, t4
core   0: 1 0x00000000800042f0 (0x41dedabb) x21 0x0000000000000000
core   0: 0x00000000800042f4 (0x000a929b) slliw   t0, s5, 0
core   0: 1 0x00000000800042f4 (0x000a929b) x5  0x0000000000000000
core   0: 0x00000000800042f8 (0x02aad03b) divuw   zero, s5, a0
core   0: 1 0x00000000800042f8 (0x02aad03b)
core   0: 0x00000000800042fc (0x46a60193) addi    gp, a2, 1130
core   0: 1 0x00000000800042fc (0x46a60193) x3  0x0000000000000e6a
core   0: 0x0000000080004300 (0x5093c6b7) lui     a3, 0x5093c
core   0: 1 0x0000000080004300 (0x5093c6b7) x13 0x000000005093c000
core   0: 0x0000000080004304 (0x79b6869b) addiw   a3, a3, 1947
core   0: 1 0x0000000080004304 (0x79b6869b) x13 0x000000005093c79b
core   0: 0x0000000080004308 (0x02f247b3) div     a5, tp, a5
core   0: 1 0x0000000080004308 (0x02f247b3) x15 0x0000000000000000
core   0: 0x000000008000430c (0xbfea7417) auipc   s0, 0xbfea7
core   0: 1 0x000000008000430c (0xbfea7417) x8  0x000000003feab30c
core   0: 0x0000000080004310 (0x400e5893) srai    a7, t3, 0
core   0: 1 0x0000000080004310 (0x400e5893) x17 0x0000000000000000
core   0: 0x0000000080004314 (0x028e5433) divu    s0, t3, s0
core   0: 1 0x0000000080004314 (0x028e5433) x8  0x0000000000000000
core   0: 0x0000000080004318 (0x036e32b3) mulhu   t0, t3, s6
core   0: 1 0x0000000080004318 (0x036e32b3) x5  0x0000000000000000
core   0: 0x000000008000431c (0x00841bb3) sll     s7, s0, s0
core   0: 1 0x000000008000431c (0x00841bb3) x23 0x0000000000000000
core   0: 0x0000000080004320 (0x071db017) auipc   zero, 0x71db
core   0: 1 0x0000000080004320 (0x071db017)
core   0: 0x0000000080004324 (0x032b4dbb) divw    s11, s6, s2
core   0: 1 0x0000000080004324 (0x032b4dbb) x27 0xffffffffffffffff
core   0: 0x0000000080004328 (0xc23272d3) fcvt.lu.d t0, ft4
core   0: 1 0x0000000080004328 (0xc23272d3) c1_fflags 0x0000000000000010 x5  0xffffffffffffffff
core   0: 0x000000008000432c (0x00f69533) sll     a0, a3, a5
core   0: 1 0x000000008000432c (0x00f69533) x10 0x000000005093c79b
core   0: 0x0000000080004330 (0xfff7f493) andi    s1, a5, -1
core   0: 1 0x0000000080004330 (0xfff7f493) x9  0x0000000000000000
core   0: 0x0000000080004334 (0x035ad2bb) divuw   t0, s5, s5
core   0: 1 0x0000000080004334 (0x035ad2bb) x5  0xffffffffffffffff
core   0: 0x0000000080004338 (0x2be505d3) fmin.d  fa1, fa0, ft10
core   0: 1 0x0000000080004338 (0x2be505d3) f11 0x0000000000000000
core   0: 0x000000008000433c (0x8b58f8c3) fmadd.d fa7, fa7, fs5, fa7
core   0: 1 0x000000008000433c (0x8b58f8c3) f17 0x7ff8000000000000
core   0: 0x0000000080004340 (0x411758bb) sraw    a7, a4, a7
core   0: 1 0x0000000080004340 (0x411758bb) x17 0xffffffffffffffff
core   0: 0x0000000080004344 (0xc0207d53) fcvt.l.s s10, ft0
core   0: 1 0x0000000080004344 (0xc0207d53) c1_fflags 0x0000000000000010 x26 0x7fffffffffffffff
core   0: 0x0000000080004348 (0x8a94f9c7) fmsub.d fs3, fs1, fs1, fa7
core   0: 1 0x0000000080004348 (0x8a94f9c7) f19 0x7ff8000000000000
core   0: 0x000000008000434c (0x006d1c33) sll     s8, s10, t1
core   0: 1 0x000000008000434c (0x006d1c33) x24 0xfffffffffffffffe
core   0: 0x0000000080004350 (0x00202473) csrrs   s0, frm, zero
core   0: 1 0x0000000080004350 (0x00202473) x8  0x0000000000000000
core   0: 0x0000000080004354 (0x01fd999b) slliw   s3, s11, 31
core   0: 1 0x0000000080004354 (0x01fd999b) x19 0xffffffff80000000
core   0: 0x0000000080004358 (0x033b033b) mulw    t1, s6, s3
core   0: 1 0x0000000080004358 (0x033b033b) x6  0x0000000000000000
core   0: 0x000000008000435c (0xc028f453) fcvt.l.s s0, fa7
core   0: 1 0x000000008000435c (0xc028f453) c1_fflags 0x0000000000000010 x8  0x7fffffffffffffff
core   0: 0x0000000080004360 (0x415c8d33) sub     s10, s9, s5
core   0: 1 0x0000000080004360 (0x415c8d33) x26 0x00000000762601c2
core   0: 0x0000000080004364 (0x43d75593) srai    a1, a4, 61
core   0: 1 0x0000000080004364 (0x43d75593) x11 0xffffffffffffffff
core   0: 0x0000000080004368 (0x02b3dcb3) divu    s9, t2, a1
core   0: 1 0x0000000080004368 (0x02b3dcb3) x25 0x0000000000000000
core   0: 0x000000008000436c (0x0b38fed3) fsub.d  ft9, fa7, fs3
core   0: 1 0x000000008000436c (0x0b38fed3) f29 0x7ff8000000000000
core   0: 0x0000000080004370 (0x02c8d533) divu    a0, a7, a2
core   0: 1 0x0000000080004370 (0x02c8d533) x10 0x0019999999999999
core   0: 0x0000000080004374 (0x01f8909b) slliw   ra, a7, 31
core   0: 1 0x0000000080004374 (0x01f8909b) x1  0xffffffff80000000
core   0: 0x0000000080004378 (0x03ccce3b) divw    t3, s9, t3
core   0: 1 0x0000000080004378 (0x03ccce3b) x28 0xffffffffffffffff
core   0: 0x000000008000437c (0x343e1473) csrrw   s0, mtval, t3
core   0: exception trap_illegal_instruction, epc 0x000000008000437c
core   0:           tval 0x00000000343e1473
core   0: >>>>  $xrv64i2p1_m2p0_a2p1_f2p2_d2p2_zicsr2p0_zifencei2p0_zmmul1p0_zba1p0_zbb1p0_zbc1p0_zbs1p0
core   0: 0x0000000080004000 (0x0080006f) j       pc + 0x8
core   0: 3 0x0000000080004000 (0x0080006f)
core   0: >>>>  mmode_exception_handler
core   0: 0x0000000080004008 (0x00002c17) auipc   s8, 0x2
core   0: 3 0x0000000080004008 (0x00002c17) x24 0x0000000080006008
core   0: 0x000000008000400c (0xfeac0c13) addi    s8, s8, -22
core   0: 3 0x000000008000400c (0xfeac0c13) x24 0x0000000080005ff2
core   0: 0x0000000080004010 (0x000c00e7) jalr    s8
core   0: 3 0x0000000080004010 (0x000c00e7) x1  0x0000000080004014
core   0: >>>>  any_handler
core   0: 0x0000000080005ff2 (0x341027f3) csrrs   a5, mepc, zero
core   0: 3 0x0000000080005ff2 (0x341027f3) x15 0x000000008000437c
core   0: 0x0000000080005ff6 (0x34202773) csrrs   a4, mcause, zero
core   0: 3 0x0000000080005ff6 (0x34202773) x14 0x0000000000000002
core   0: 0x0000000080005ffa (0x142026f3) csrrs   a3, scause, zero
core   0: 3 0x0000000080005ffa (0x142026f3) x13 0x0000000000000000
core   0: 0x0000000080005ffe (0x30402673) csrrs   a2, mie, zero
core   0: 3 0x0000000080005ffe (0x30402673) x12 0x0000000000000a00
core   0: 0x0000000080006002 (0x344025f3) csrrs   a1, mip, zero
core   0: 3 0x0000000080006002 (0x344025f3) x11 0x0000000000000080
core   0: 0x0000000080006006 (0x343025f3) csrrs   a1, mtval, zero
core   0: 3 0x0000000080006006 (0x343025f3) x11 0x00000000343e1473
core   0: 0x000000008000600a (0x14302573) csrrs   a0, stval, zero
core   0: 3 0x000000008000600a (0x14302573) x10 0x0000000000000000
core   0: 0x000000008000600e (0xb02024f3) csrrs   s1, minstret, zero
core   0: 3 0x000000008000600e (0xb02024f3) x9  0x00000000000008ce
core   0: 0x0000000080006012 (0x0000a811) c.j     pc + 20
core   0: 3 0x0000000080006012 (0xa811)
core   0: >>>>  mepc_4
core   0: 0x0000000080006026 (0x00000791) c.addi  a5, 4
core   0: 3 0x0000000080006026 (0x0791) x15 0x0000000080004380
core   0: 0x0000000080006028 (0x34179073) csrrw   zero, mepc, a5
core   0: 3 0x0000000080006028 (0x34179073) c833_mepc 0x0000000080004380
core   0: 0x000000008000602c (0x30200073) mret
core   0: 3 0x000000008000602c (0x30200073) c768_mstatus 0x8000000a00106080
core   0: 0x0000000080004380 (0x4004d4b3) sra     s1, s1, zero
core   0: 1 0x0000000080004380 (0x4004d4b3) x9  0x00000000000008ce
core   0: 0x0000000080004384 (0x800d7d13) andi    s10, s10, -2048
core   0: 1 0x0000000080004384 (0x800d7d13) x26 0x0000000076260000
core   0: 0x0000000080004388 (0x03a4de93) srli    t4, s1, 58
core   0: 1 0x0000000080004388 (0x03a4de93) x29 0x0000000000000000
core   0: 0x000000008000438c (0x0ff0000f) fence   iorw,iorw
core   0: 1 0x000000008000438c (0x0ff0000f)
core   0: 0x0000000080004390 (0x800df593) andi    a1, s11, -2048
core   0: 1 0x0000000080004390 (0x800df593) x11 0xfffffffffffff800
core   0: 0x0000000080004394 (0x2b0f2817) auipc   a6, 0x2b0f2
core   0: 1 0x0000000080004394 (0x2b0f2817) x16 0x00000000ab0f6394
core   0: 0x0000000080004398 (0x03bb663b) remw    a2, s6, s11
core   0: 1 0x0000000080004398 (0x03bb663b) x12 0x0000000000000000
core   0: 0x000000008000439c (0x0ff0000f) fence   iorw,iorw
core   0: 1 0x000000008000439c (0x0ff0000f)
core   0: 0x00000000800043a0 (0xc214f853) fcvt.wu.d a6, fs1
core   0: 1 0x00000000800043a0 (0xc214f853) c1_fflags 0x0000000000000010 x16 0xffffffffffffffff
core   0: 0x00000000800043a4 (0x02b2d8b3) divu    a7, t0, a1
core   0: 1 0x00000000800043a4 (0x02b2d8b3) x17 0x0000000000000001
core   0: 0x00000000800043a8 (0x02f55eb3) divu    t4, a0, a5
core   0: 1 0x00000000800043a8 (0x02f55eb3) x29 0x0000000000000000
core   0: 0x00000000800043ac (0x018e7c33) and     s8, t3, s8
core   0: 1 0x00000000800043ac (0x018e7c33) x24 0x0000000080005ff2
core   0: 0x00000000800043b0 (0x018b901b) slliw   zero, s7, 24
core   0: 1 0x00000000800043b0 (0x018b901b)
core   0: 0x00000000800043b4 (0x000009b3) add     s3, zero, zero
core   0: 1 0x00000000800043b4 (0x000009b3) x19 0x0000000000000000
core   0: 0x00000000800043b8 (0x0239f933) remu    s2, s3, gp
core   0: 1 0x00000000800043b8 (0x0239f933) x18 0x0000000000000000
core   0: 0x00000000800043bc (0x401b531b) sraiw   t1, s6, 1
core   0: 1 0x00000000800043bc (0x401b531b) x6  0xffffffffffffffff
core   0: 0x00000000800043c0 (0x408b58bb) sraw    a7, s6, s0
core   0: 1 0x00000000800043c0 (0x408b58bb) x17 0xffffffffffffffff
core   0: 0x00000000800043c4 (0xd02374d3) fcvt.s.l fs1, t1
core   0: 1 0x00000000800043c4 (0xd02374d3) f9  0xffffffffbf800000
core   0: 0x00000000800043c8 (0x01ce2e33) slt     t3, t3, t3
core   0: 1 0x00000000800043c8 (0x01ce2e33) x28 0x0000000000000000
core   0: 0x00000000800043cc (0x000094f2) c.add   s1, t3
core   0: 1 0x00000000800043cc (0x94f2) x9  0x00000000000008ce
core   0: 0x00000000800043ce (0x8b3877cb) fnmsub.d fa5, fa6, fs3, fa7
core   0: 1 0x00000000800043ce (0x8b3877cb) f15 0x7ff8000000000000
core   0: 0x00000000800043d2 (0x9af8ff47) fmsub.d ft10, fa7, fa5, fs3
core   0: 1 0x00000000800043d2 (0x9af8ff47) f30 0x7ff8000000000000
core   0: 0x00000000800043d6 (0x00c58d3b) addw    s10, a1, a2
core   0: 1 0x00000000800043d6 (0x00c58d3b) x26 0xfffffffffffff800
core   0: 0x00000000800043da (0x22a5a5d3) fsgnjx.d fa1, fa1, fa0
core   0: 1 0x00000000800043da (0x22a5a5d3) f11 0x0000000000000000
core   0: 0x00000000800043de (0x007e63b3) or      t2, t3, t2
core   0: 1 0x00000000800043de (0x007e63b3) x7  0x0000000000000000
core   0: 0x00000000800043e2 (0xd03e79d3) fcvt.s.lu fs3, t3
core   0: 1 0x00000000800043e2 (0xd03e79d3) f19 0xffffffff00000000
core   0: 0x00000000800043e6 (0x00000001) c.nop
core   0: 1 0x00000000800043e6 (0x0001)
core   0: 0x00000000800043e8 (0x002024f3) csrrs   s1, frm, zero
core   0: 1 0x00000000800043e8 (0x002024f3) x9  0x0000000000000000
core   0: 0x00000000800043ec (0x42f35113) srai    sp, t1, 47
core   0: 1 0x00000000800043ec (0x42f35113) x2  0xffffffffffffffff
core   0: 0x00000000800043f0 (0xa0f17a93) andi    s5, sp, -1521
core   0: 1 0x00000000800043f0 (0xa0f17a93) x21 0xfffffffffffffa0f
core   0: 0x00000000800043f4 (0x4139553b) sraw    a0, s2, s3
core   0: 1 0x00000000800043f4 (0x4139553b) x10 0x0000000000000000
core   0: 0x00000000800043f8 (0x7ff88193) addi    gp, a7, 2047
core   0: 1 0x00000000800043f8 (0x7ff88193) x3  0x00000000000007fe
core   0: 0x00000000800043fc (0x03b866b3) rem     a3, a6, s11
core   0: 1 0x00000000800043fc (0x03b866b3) x13 0x0000000000000000
core   0: 0x0000000080004400 (0x000090ce) c.add   ra, s3
core   0: 1 0x0000000080004400 (0x90ce) x1  0x0000000080004014
core   0: 0x0000000080004402 (0x401df253) fcvt.s.d ft4, fs11
core   0: 1 0x0000000080004402 (0x401df253) f4  0xffffffff7fc00000
core   0: 0x0000000080004406 (0x43761a37) lui     s4, 0x43761
core   0: 1 0x0000000080004406 (0x43761a37) x20 0x0000000043761000
core   0: 0x000000008000440a (0x3421fe73) csrrci  t3, mcause, 3
core   0: exception trap_illegal_instruction, epc 0x000000008000440a
core   0:           tval 0x000000003421fe73
core   0: >>>>  $xrv64i2p1_m2p0_a2p1_f2p2_d2p2_zicsr2p0_zifencei2p0_zmmul1p0_zba1p0_zbb1p0_zbc1p0_zbs1p0
core   0: 0x0000000080004000 (0x0080006f) j       pc + 0x8
core   0: 3 0x0000000080004000 (0x0080006f)
core   0: >>>>  mmode_exception_handler
core   0: 0x0000000080004008 (0x00002c17) auipc   s8, 0x2
core   0: 3 0x0000000080004008 (0x00002c17) x24 0x0000000080006008
core   0: 0x000000008000400c (0xfeac0c13) addi    s8, s8, -22
core   0: 3 0x000000008000400c (0xfeac0c13) x24 0x0000000080005ff2
core   0: 0x0000000080004010 (0x000c00e7) jalr    s8
core   0: 3 0x0000000080004010 (0x000c00e7) x1  0x0000000080004014
core   0: >>>>  any_handler
core   0: 0x0000000080005ff2 (0x341027f3) csrrs   a5, mepc, zero
core   0: 3 0x0000000080005ff2 (0x341027f3) x15 0x000000008000440a
core   0: 0x0000000080005ff6 (0x34202773) csrrs   a4, mcause, zero
core   0: 3 0x0000000080005ff6 (0x34202773) x14 0x0000000000000002
core   0: 0x0000000080005ffa (0x142026f3) csrrs   a3, scause, zero
core   0: 3 0x0000000080005ffa (0x142026f3) x13 0x0000000000000000
core   0: 0x0000000080005ffe (0x30402673) csrrs   a2, mie, zero
core   0: 3 0x0000000080005ffe (0x30402673) x12 0x0000000000000a00
core   0: 0x0000000080006002 (0x344025f3) csrrs   a1, mip, zero
core   0: 3 0x0000000080006002 (0x344025f3) x11 0x0000000000000080
core   0: 0x0000000080006006 (0x343025f3) csrrs   a1, mtval, zero
core   0: 3 0x0000000080006006 (0x343025f3) x11 0x000000003421fe73
core   0: 0x000000008000600a (0x14302573) csrrs   a0, stval, zero
core   0: 3 0x000000008000600a (0x14302573) x10 0x0000000000000000
core   0: 0x000000008000600e (0xb02024f3) csrrs   s1, minstret, zero
core   0: 3 0x000000008000600e (0xb02024f3) x9  0x0000000000000902
core   0: 0x0000000080006012 (0x0000a811) c.j     pc + 20
core   0: 3 0x0000000080006012 (0xa811)
core   0: >>>>  mepc_4
core   0: 0x0000000080006026 (0x00000791) c.addi  a5, 4
core   0: 3 0x0000000080006026 (0x0791) x15 0x000000008000440e
core   0: 0x0000000080006028 (0x34179073) csrrw   zero, mepc, a5
core   0: 3 0x0000000080006028 (0x34179073) c833_mepc 0x000000008000440e
core   0: 0x000000008000602c (0x30200073) mret
core   0: 3 0x000000008000602c (0x30200073) c768_mstatus 0x8000000a00106080
core   0: 0x000000008000440e (0x00000001) c.nop
core   0: 1 0x000000008000440e (0x0001)
core   0: 0x0000000080004410 (0x0108151b) slliw   a0, a6, 16
core   0: 1 0x0000000080004410 (0x0108151b) x10 0xffffffffffff0000
core   0: 0x0000000080004414 (0x0fc17593) andi    a1, sp, 252
core   0: 1 0x0000000080004414 (0x0fc17593) x11 0x00000000000000fc
core   0: 0x0000000080004418 (0x012b84bb) addw    s1, s7, s2
core   0: 1 0x0000000080004418 (0x012b84bb) x9  0x0000000000000000
core   0: 0x000000008000441c (0x02d6b7b3) mulhu   a5, a3, a3
core   0: 1 0x000000008000441c (0x02d6b7b3) x15 0x0000000000000000
core   0: 0x0000000080004420 (0x03694bbb) divw    s7, s2, s6
core   0: 1 0x0000000080004420 (0x03694bbb) x23 0x0000000000000000
core   0: 0x0000000080004424 (0x00008b56) c.mv    s6, s5
core   0: 1 0x0000000080004424 (0x8b56) x22 0xfffffffffffffa0f
core   0: 0x0000000080004426 (0x00faaab3) slt     s5, s5, a5
core   0: 1 0x0000000080004426 (0x00faaab3) x21 0x0000000000000001
core   0: 0x000000008000442a (0x01421233) sll     tp, tp, s4
core   0: 1 0x000000008000442a (0x01421233) x4  0x0000000000000000
core   0: 0x000000008000442e (0x0ff0000f) fence   iorw,iorw
core   0: 1 0x000000008000442e (0x0ff0000f)
core   0: 0x0000000080004432 (0x000ad19b) srliw   gp, s5, 0
core   0: 1 0x0000000080004432 (0x000ad19b) x3  0x0000000000000001
core   0: 0x0000000080004436 (0x43f27443) fmadd.d fs0, ft4, ft11, fs0
core   0: 1 0x0000000080004436 (0x43f27443) f8  0x7ff8000000000000
core   0: 0x000000008000443a (0xc22ff2d3) fcvt.l.d t0, ft11
core   0: 1 0x000000008000443a (0xc22ff2d3) c1_fflags 0x0000000000000010 x5  0x7fffffffffffffff
core   0: 0x000000008000443e (0x4062dc9b) sraiw   s9, t0, 6
core   0: 1 0x000000008000443e (0x4062dc9b) x25 0xffffffffffffffff
core   0: 0x0000000080004442 (0x03acea33) rem     s4, s9, s10
core   0: 1 0x0000000080004442 (0x03acea33) x20 0xffffffffffffffff
core   0: 0x0000000080004446 (0x7ffa071b) addiw   a4, s4, 2047
core   0: 1 0x0000000080004446 (0x7ffa071b) x14 0x00000000000007fe
core   0: 0x000000008000444a (0xe2020153) fmv.x.d sp, ft4
core   0: 1 0x000000008000444a (0xe2020153) x2  0xffffffff7fc00000
core   0: 0x000000008000444e (0x02225c93) srli    s9, tp, 34
core   0: 1 0x000000008000444e (0x02225c93) x25 0x0000000000000000
core   0: 0x0000000080004452 (0xc23ff553) fcvt.lu.d a0, ft11
core   0: 1 0x0000000080004452 (0xc23ff553) c1_fflags 0x0000000000000010 x10 0xffffffffffffffff
core   0: 0x0000000080004456 (0x444acb93) xori    s7, s5, 1092
core   0: 1 0x0000000080004456 (0x444acb93) x23 0x0000000000000445
core   0: 0x000000008000445a (0xc0107473) csrrci  s0, time, 0
core   0: exception trap_illegal_instruction, epc 0x000000008000445a
core   0:           tval 0x00000000c0107473
core   0: >>>>  $xrv64i2p1_m2p0_a2p1_f2p2_d2p2_zicsr2p0_zifencei2p0_zmmul1p0_zba1p0_zbb1p0_zbc1p0_zbs1p0
core   0: 0x0000000080004000 (0x0080006f) j       pc + 0x8
core   0: 3 0x0000000080004000 (0x0080006f)
core   0: >>>>  mmode_exception_handler
core   0: 0x0000000080004008 (0x00002c17) auipc   s8, 0x2
core   0: 3 0x0000000080004008 (0x00002c17) x24 0x0000000080006008
core   0: 0x000000008000400c (0xfeac0c13) addi    s8, s8, -22
core   0: 3 0x000000008000400c (0xfeac0c13) x24 0x0000000080005ff2
core   0: 0x0000000080004010 (0x000c00e7) jalr    s8
core   0: 3 0x0000000080004010 (0x000c00e7) x1  0x0000000080004014
core   0: >>>>  any_handler
core   0: 0x0000000080005ff2 (0x341027f3) csrrs   a5, mepc, zero
core   0: 3 0x0000000080005ff2 (0x341027f3) x15 0x000000008000445a
core   0: 0x0000000080005ff6 (0x34202773) csrrs   a4, mcause, zero
core   0: 3 0x0000000080005ff6 (0x34202773) x14 0x0000000000000002
core   0: 0x0000000080005ffa (0x142026f3) csrrs   a3, scause, zero
core   0: 3 0x0000000080005ffa (0x142026f3) x13 0x0000000000000000
core   0: 0x0000000080005ffe (0x30402673) csrrs   a2, mie, zero
core   0: 3 0x0000000080005ffe (0x30402673) x12 0x0000000000000a00
core   0: 0x0000000080006002 (0x344025f3) csrrs   a1, mip, zero
core   0: 3 0x0000000080006002 (0x344025f3) x11 0x0000000000000080
core   0: 0x0000000080006006 (0x343025f3) csrrs   a1, mtval, zero
core   0: 3 0x0000000080006006 (0x343025f3) x11 0x00000000c0107473
core   0: 0x000000008000600a (0x14302573) csrrs   a0, stval, zero
core   0: 3 0x000000008000600a (0x14302573) x10 0x0000000000000000
core   0: 0x000000008000600e (0xb02024f3) csrrs   s1, minstret, zero
core   0: 3 0x000000008000600e (0xb02024f3) x9  0x0000000000000926
core   0: 0x0000000080006012 (0x0000a811) c.j     pc + 20
core   0: 3 0x0000000080006012 (0xa811)
core   0: >>>>  mepc_4
core   0: 0x0000000080006026 (0x00000791) c.addi  a5, 4
core   0: 3 0x0000000080006026 (0x0791) x15 0x000000008000445e
core   0: 0x0000000080006028 (0x34179073) csrrw   zero, mepc, a5
core   0: 3 0x0000000080006028 (0x34179073) c833_mepc 0x000000008000445e
core   0: 0x000000008000602c (0x30200073) mret
core   0: 3 0x000000008000602c (0x30200073) c768_mstatus 0x8000000a00106080
core   0: 0x000000008000445e (0x02abb633) mulhu   a2, s7, a0
core   0: 1 0x000000008000445e (0x02abb633) x12 0x0000000000000000
core   0: 0x0000000080004462 (0x00000001) c.nop
core   0: 1 0x0000000080004462 (0x0001)
core   0: 0x0000000080004464 (0xd2367ed3) fcvt.d.lu ft9, a2
core   0: 1 0x0000000080004464 (0xd2367ed3) f29 0x0000000000000000
core   0: 0x0000000080004468 (0x4088d73b) sraw    a4, a7, s0
core   0: 1 0x0000000080004468 (0x4088d73b) x14 0xffffffffffffffff
core   0: 0x000000008000446c (0x014b1b33) sll     s6, s6, s4
core   0: 1 0x000000008000446c (0x014b1b33) x22 0x8000000000000000
core   0: 0x0000000080004470 (0xd22b7653) fcvt.d.l fa2, s6
core   0: 1 0x0000000080004470 (0xd22b7653) f12 0xc3e0000000000000
core   0: 0x0000000080004474 (0x80040b9b) addiw   s7, s0, -2048
core   0: 1 0x0000000080004474 (0x80040b9b) x23 0xfffffffffffff7ff
core   0: 0x0000000080004478 (0x22c09c53) fsgnjn.d fs8, ft1, fa2
core   0: 1 0x0000000080004478 (0x22c09c53) f24 0x7ff8000000000000
core   0: 0x000000008000447c (0x01ab50b3) srl     ra, s6, s10
core   0: 1 0x000000008000447c (0x01ab50b3) x1  0x8000000000000000
core   0: 0x0000000080004480 (0x0065d793) srli    a5, a1, 6
core   0: 1 0x0000000080004480 (0x0065d793) x15 0x00000000030041d1
core   0: 0x0000000080004484 (0x002454bb) srlw    s1, s0, sp
core   0: 1 0x0000000080004484 (0x002454bb) x9  0xffffffffffffffff
core   0: 0x0000000080004488 (0x02bddb33) divu    s6, s11, a1
core   0: 1 0x0000000080004488 (0x02bddb33) x22 0x000000015538170a
core   0: 0x000000008000448c (0x0281fad3) fadd.d  fs5, ft3, fs0
core   0: 1 0x000000008000448c (0x0281fad3) f21 0x7ff8000000000000
core   0: 0x0000000080004490 (0x27275d17) auipc   s10, 0x27275
core   0: 1 0x0000000080004490 (0x27275d17) x26 0x00000000a7279490
core   0: 0x0000000080004494 (0x01a1943b) sllw    s0, gp, s10
core   0: 1 0x0000000080004494 (0x01a1943b) x8  0x0000000000010000
core   0: 0x0000000080004498 (0x00000001) c.nop
core   0: 1 0x0000000080004498 (0x0001)
core   0: 0x000000008000449a (0xd02d79d3) fcvt.s.l fs3, s10
core   0: 1 0x000000008000449a (0xd02d79d3) c1_fflags 0x0000000000000011 f19 0xffffffff4f272795
core   0: 0x000000008000449e (0x0bfcfcd3) fsub.d  fs9, fs9, ft11
core   0: 1 0x000000008000449e (0x0bfcfcd3) f25 0x7ff8000000000000
core   0: 0x00000000800044a2 (0x000e901b) slliw   zero, t4, 0
core   0: 1 0x00000000800044a2 (0x000e901b)
core   0: 0x00000000800044a6 (0x01c75ebb) srlw    t4, a4, t3
core   0: 1 0x00000000800044a6 (0x01c75ebb) x29 0xffffffffffffffff
core   0: 0x00000000800044aa (0x22cc8dd3) fsgnj.d fs11, fs9, fa2
core   0: 1 0x00000000800044aa (0x22cc8dd3) f27 0xfff8000000000000
core   0: 0x00000000800044ae (0xa24a0253) fle.d   tp, fs4, ft4
core   0: 1 0x00000000800044ae (0xa24a0253) c1_fflags 0x0000000000000011 x4  0x0000000000000000
core   0: 0x00000000800044b2 (0x40705b13) srai    s6, zero, 7
core   0: 1 0x00000000800044b2 (0x40705b13) x22 0x0000000000000000
core   0: 0x00000000800044b6 (0x02b3ebbb) remw    s7, t2, a1
core   0: 1 0x00000000800044b6 (0x02b3ebbb) x23 0x0000000000000000
core   0: 0x00000000800044ba (0x4010d03b) sraw    zero, ra, ra
core   0: 1 0x00000000800044ba (0x4010d03b)
core   0: 0x00000000800044be (0x40c1d1bb) sraw    gp, gp, a2
core   0: 1 0x00000000800044be (0x40c1d1bb) x3  0x0000000000000001
core   0: 0x00000000800044c2 (0x00000001) c.nop
core   0: 1 0x00000000800044c2 (0x0001)
core   0: 0x00000000800044c4 (0xd239f1d3) fcvt.d.lu ft3, s3
core   0: 1 0x00000000800044c4 (0xd239f1d3) f3  0x0000000000000000
core   0: 0x00000000800044c8 (0x00181573) csrrw   a0, fflags, a6
core   0: 1 0x00000000800044c8 (0x00181573) x10 0x0000000000000011 c1_fflags 0x000000000000001f
core   0: 0x00000000800044cc (0x00000001) c.nop
core   0: 1 0x00000000800044cc (0x0001)
core   0: 0x00000000800044ce (0x400ada93) srai    s5, s5, 0
core   0: 1 0x00000000800044ce (0x400ada93) x21 0x0000000000000001
core   0: 0x00000000800044d2 (0x00655533) srl     a0, a0, t1
core   0: 1 0x00000000800044d2 (0x00655533) x10 0x0000000000000000
core   0: 0x00000000800044d6 (0x00a2d9bb) srlw    s3, t0, a0
core   0: 1 0x00000000800044d6 (0x00a2d9bb) x19 0xffffffffffffffff
core   0: 0x00000000800044da (0x4199d69b) sraiw   a3, s3, 25
core   0: 1 0x00000000800044da (0x4199d69b) x13 0xffffffffffffffff
core   0: 0x00000000800044de (0xd2168ad3) fcvt.d.wu fs5, a3
core   0: 1 0x00000000800044de (0xd2168ad3) f21 0x41efffffffe00000
core   0: 0x00000000800044e2 (0x2bca9753) fmax.d  fa4, fs5, ft8
core   0: 1 0x00000000800044e2 (0x2bca9753) f14 0x41efffffffe00000
core   0: 0x00000000800044e6 (0x00000001) c.nop
core   0: 1 0x00000000800044e6 (0x0001)
core   0: 0x00000000800044e8 (0xc2277ed3) fcvt.l.d t4, fa4
core   0: 1 0x00000000800044e8 (0xc2277ed3) x29 0x00000000ffffffff
core   0: 0x00000000800044ec (0x1b747853) fdiv.d  fa6, fs0, fs7
core   0: 1 0x00000000800044ec (0x1b747853) f16 0x7ff8000000000000
core   0: 0x00000000800044f0 (0xf20904d3) fmv.d.x fs1, s2
core   0: 1 0x00000000800044f0 (0xf20904d3) f9  0x0000000000000000
core   0: 0x00000000800044f4 (0x419ede3b) sraw    t3, t4, s9
core   0: 1 0x00000000800044f4 (0x419ede3b) x28 0xffffffffffffffff
core   0: 0x00000000800044f8 (0xd226f7d3) fcvt.d.l fa5, a3
core   0: 1 0x00000000800044f8 (0xd226f7d3) f15 0xbff0000000000000
core   0: 0x00000000800044fc (0x0047d5b3) srl     a1, a5, tp
core   0: 1 0x00000000800044fc (0x0047d5b3) x11 0x00000000030041d1
core   0: 0x0000000080004500 (0x0047043b) addw    s0, a4, tp
core   0: 1 0x0000000080004500 (0x0047043b) x8  0xffffffffffffffff
core   0: 0x0000000080004504 (0x002410f3) csrrw   ra, frm, s0
core   0: 1 0x0000000080004504 (0x002410f3) x1  0x0000000000000000 c2_frm 0x0000000000000007
core   0: 0x0000000080004508 (0x0ff0000f) fence   iorw,iorw
core   0: 1 0x0000000080004508 (0x0ff0000f)
core   0: 0x000000008000450c (0x420888d3) fcvt.d.s fa7, fa7
core   0: 1 0x000000008000450c (0x420888d3) f17 0x7ff8000000000000
core   0: 0x0000000080004510 (0xd2247dd3) fcvt.d.l fs11, s0
core   0: exception trap_illegal_instruction, epc 0x0000000080004510
core   0:           tval 0x00000000d2247dd3
core   0: >>>>  $xrv64i2p1_m2p0_a2p1_f2p2_d2p2_zicsr2p0_zifencei2p0_zmmul1p0_zba1p0_zbb1p0_zbc1p0_zbs1p0
core   0: 0x0000000080004000 (0x0080006f) j       pc + 0x8
core   0: 3 0x0000000080004000 (0x0080006f)
core   0: >>>>  mmode_exception_handler
core   0: 0x0000000080004008 (0x00002c17) auipc   s8, 0x2
core   0: 3 0x0000000080004008 (0x00002c17) x24 0x0000000080006008
core   0: 0x000000008000400c (0xfeac0c13) addi    s8, s8, -22
core   0: 3 0x000000008000400c (0xfeac0c13) x24 0x0000000080005ff2
core   0: 0x0000000080004010 (0x000c00e7) jalr    s8
core   0: 3 0x0000000080004010 (0x000c00e7) x1  0x0000000080004014
core   0: >>>>  any_handler
core   0: 0x0000000080005ff2 (0x341027f3) csrrs   a5, mepc, zero
core   0: 3 0x0000000080005ff2 (0x341027f3) x15 0x0000000080004510
core   0: 0x0000000080005ff6 (0x34202773) csrrs   a4, mcause, zero
core   0: 3 0x0000000080005ff6 (0x34202773) x14 0x0000000000000002
core   0: 0x0000000080005ffa (0x142026f3) csrrs   a3, scause, zero
core   0: 3 0x0000000080005ffa (0x142026f3) x13 0x0000000000000000
core   0: 0x0000000080005ffe (0x30402673) csrrs   a2, mie, zero
core   0: 3 0x0000000080005ffe (0x30402673) x12 0x0000000000000a00
core   0: 0x0000000080006002 (0x344025f3) csrrs   a1, mip, zero
core   0: 3 0x0000000080006002 (0x344025f3) x11 0x0000000000000080
core   0: 0x0000000080006006 (0x343025f3) csrrs   a1, mtval, zero
core   0: 3 0x0000000080006006 (0x343025f3) x11 0x00000000d2247dd3
core   0: 0x000000008000600a (0x14302573) csrrs   a0, stval, zero
core   0: 3 0x000000008000600a (0x14302573) x10 0x0000000000000000
core   0: 0x000000008000600e (0xb02024f3) csrrs   s1, minstret, zero
core   0: 3 0x000000008000600e (0xb02024f3) x9  0x0000000000000965
core   0: 0x0000000080006012 (0x0000a811) c.j     pc + 20
core   0: 3 0x0000000080006012 (0xa811)
core   0: >>>>  mepc_4
core   0: 0x0000000080006026 (0x00000791) c.addi  a5, 4
core   0: 3 0x0000000080006026 (0x0791) x15 0x0000000080004514
core   0: 0x0000000080006028 (0x34179073) csrrw   zero, mepc, a5
core   0: 3 0x0000000080006028 (0x34179073) c833_mepc 0x0000000080004514
core   0: 0x000000008000602c (0x30200073) mret
core   0: 3 0x000000008000602c (0x30200073) c768_mstatus 0x8000000a00106080
core   0: 0x0000000080004514 (0x00009166) c.add   sp, s9
core   0: 1 0x0000000080004514 (0x9166) x2  0xffffffff7fc00000
core   0: 0x0000000080004516 (0xd23cf1d3) fcvt.d.lu ft3, s9
core   0: exception trap_illegal_instruction, epc 0x0000000080004516
core   0:           tval 0x00000000d23cf1d3
core   0: >>>>  $xrv64i2p1_m2p0_a2p1_f2p2_d2p2_zicsr2p0_zifencei2p0_zmmul1p0_zba1p0_zbb1p0_zbc1p0_zbs1p0
core   0: 0x0000000080004000 (0x0080006f) j       pc + 0x8
core   0: 3 0x0000000080004000 (0x0080006f)
core   0: >>>>  mmode_exception_handler
core   0: 0x0000000080004008 (0x00002c17) auipc   s8, 0x2
core   0: 3 0x0000000080004008 (0x00002c17) x24 0x0000000080006008
core   0: 0x000000008000400c (0xfeac0c13) addi    s8, s8, -22
core   0: 3 0x000000008000400c (0xfeac0c13) x24 0x0000000080005ff2
core   0: 0x0000000080004010 (0x000c00e7) jalr    s8
core   0: 3 0x0000000080004010 (0x000c00e7) x1  0x0000000080004014
core   0: >>>>  any_handler
core   0: 0x0000000080005ff2 (0x341027f3) csrrs   a5, mepc, zero
core   0: 3 0x0000000080005ff2 (0x341027f3) x15 0x0000000080004516
core   0: 0x0000000080005ff6 (0x34202773) csrrs   a4, mcause, zero
core   0: 3 0x0000000080005ff6 (0x34202773) x14 0x0000000000000002
core   0: 0x0000000080005ffa (0x142026f3) csrrs   a3, scause, zero
core   0: 3 0x0000000080005ffa (0x142026f3) x13 0x0000000000000000
core   0: 0x0000000080005ffe (0x30402673) csrrs   a2, mie, zero
core   0: 3 0x0000000080005ffe (0x30402673) x12 0x0000000000000a00
core   0: 0x0000000080006002 (0x344025f3) csrrs   a1, mip, zero
core   0: 3 0x0000000080006002 (0x344025f3) x11 0x0000000000000080
core   0: 0x0000000080006006 (0x343025f3) csrrs   a1, mtval, zero
core   0: 3 0x0000000080006006 (0x343025f3) x11 0x00000000d23cf1d3
core   0: 0x000000008000600a (0x14302573) csrrs   a0, stval, zero
core   0: 3 0x000000008000600a (0x14302573) x10 0x0000000000000000
core   0: 0x000000008000600e (0xb02024f3) csrrs   s1, minstret, zero
core   0: 3 0x000000008000600e (0xb02024f3) x9  0x0000000000000976
core   0: 0x0000000080006012 (0x0000a811) c.j     pc + 20
core   0: 3 0x0000000080006012 (0xa811)
core   0: >>>>  mepc_4
core   0: 0x0000000080006026 (0x00000791) c.addi  a5, 4
core   0: 3 0x0000000080006026 (0x0791) x15 0x000000008000451a
core   0: 0x0000000080006028 (0x34179073) csrrw   zero, mepc, a5
core   0: 3 0x0000000080006028 (0x34179073) c833_mepc 0x000000008000451a
core   0: 0x000000008000602c (0x30200073) mret
core   0: 3 0x000000008000602c (0x30200073) c768_mstatus 0x8000000a00106080
core   0: 0x000000008000451a (0x00000001) c.nop
core   0: 1 0x000000008000451a (0x0001)
core   0: 0x000000008000451c (0xe29e7147) fmsub.d ft2, ft8, fs1, ft8
core   0: exception trap_illegal_instruction, epc 0x000000008000451c
core   0:           tval 0x00000000e29e7147
core   0: >>>>  $xrv64i2p1_m2p0_a2p1_f2p2_d2p2_zicsr2p0_zifencei2p0_zmmul1p0_zba1p0_zbb1p0_zbc1p0_zbs1p0
core   0: 0x0000000080004000 (0x0080006f) j       pc + 0x8
core   0: 3 0x0000000080004000 (0x0080006f)
core   0: >>>>  mmode_exception_handler
core   0: 0x0000000080004008 (0x00002c17) auipc   s8, 0x2
core   0: 3 0x0000000080004008 (0x00002c17) x24 0x0000000080006008
core   0: 0x000000008000400c (0xfeac0c13) addi    s8, s8, -22
core   0: 3 0x000000008000400c (0xfeac0c13) x24 0x0000000080005ff2
core   0: 0x0000000080004010 (0x000c00e7) jalr    s8
core   0: 3 0x0000000080004010 (0x000c00e7) x1  0x0000000080004014
core   0: >>>>  any_handler
core   0: 0x0000000080005ff2 (0x341027f3) csrrs   a5, mepc, zero
core   0: 3 0x0000000080005ff2 (0x341027f3) x15 0x000000008000451c
core   0: 0x0000000080005ff6 (0x34202773) csrrs   a4, mcause, zero
core   0: 3 0x0000000080005ff6 (0x34202773) x14 0x0000000000000002
core   0: 0x0000000080005ffa (0x142026f3) csrrs   a3, scause, zero
core   0: 3 0x0000000080005ffa (0x142026f3) x13 0x0000000000000000
core   0: 0x0000000080005ffe (0x30402673) csrrs   a2, mie, zero
core   0: 3 0x0000000080005ffe (0x30402673) x12 0x0000000000000a00
core   0: 0x0000000080006002 (0x344025f3) csrrs   a1, mip, zero
core   0: 3 0x0000000080006002 (0x344025f3) x11 0x0000000000000080
core   0: 0x0000000080006006 (0x343025f3) csrrs   a1, mtval, zero
core   0: 3 0x0000000080006006 (0x343025f3) x11 0x00000000e29e7147
core   0: 0x000000008000600a (0x14302573) csrrs   a0, stval, zero
core   0: 3 0x000000008000600a (0x14302573) x10 0x0000000000000000
core   0: 0x000000008000600e (0xb02024f3) csrrs   s1, minstret, zero
core   0: 3 0x000000008000600e (0xb02024f3) x9  0x0000000000000987
core   0: 0x0000000080006012 (0x0000a811) c.j     pc + 20
core   0: 3 0x0000000080006012 (0xa811)
core   0: >>>>  mepc_4
core   0: 0x0000000080006026 (0x00000791) c.addi  a5, 4
core   0: 3 0x0000000080006026 (0x0791) x15 0x0000000080004520
core   0: 0x0000000080006028 (0x34179073) csrrw   zero, mepc, a5
core   0: 3 0x0000000080006028 (0x34179073) c833_mepc 0x0000000080004520
core   0: 0x000000008000602c (0x30200073) mret
core   0: 3 0x000000008000602c (0x30200073) c768_mstatus 0x8000000a00106080
core   0: 0x0000000080004520 (0x034002bb) mulw    t0, zero, s4
core   0: 1 0x0000000080004520 (0x034002bb) x5  0x0000000000000000
core   0: 0x0000000080004524 (0xd23efcd3) fcvt.d.lu fs9, t4
core   0: exception trap_illegal_instruction, epc 0x0000000080004524
core   0:           tval 0x00000000d23efcd3
core   0: >>>>  $xrv64i2p1_m2p0_a2p1_f2p2_d2p2_zicsr2p0_zifencei2p0_zmmul1p0_zba1p0_zbb1p0_zbc1p0_zbs1p0
core   0: 0x0000000080004000 (0x0080006f) j       pc + 0x8
core   0: 3 0x0000000080004000 (0x0080006f)
core   0: >>>>  mmode_exception_handler
core   0: 0x0000000080004008 (0x00002c17) auipc   s8, 0x2
core   0: 3 0x0000000080004008 (0x00002c17) x24 0x0000000080006008
core   0: 0x000000008000400c (0xfeac0c13) addi    s8, s8, -22
core   0: 3 0x000000008000400c (0xfeac0c13) x24 0x0000000080005ff2
core   0: 0x0000000080004010 (0x000c00e7) jalr    s8
core   0: 3 0x0000000080004010 (0x000c00e7) x1  0x0000000080004014
core   0: >>>>  any_handler
core   0: 0x0000000080005ff2 (0x341027f3) csrrs   a5, mepc, zero
core   0: 3 0x0000000080005ff2 (0x341027f3) x15 0x0000000080004524
core   0: 0x0000000080005ff6 (0x34202773) csrrs   a4, mcause, zero
core   0: 3 0x0000000080005ff6 (0x34202773) x14 0x0000000000000002
core   0: 0x0000000080005ffa (0x142026f3) csrrs   a3, scause, zero
core   0: 3 0x0000000080005ffa (0x142026f3) x13 0x0000000000000000
core   0: 0x0000000080005ffe (0x30402673) csrrs   a2, mie, zero
core   0: 3 0x0000000080005ffe (0x30402673) x12 0x0000000000000a00
core   0: 0x0000000080006002 (0x344025f3) csrrs   a1, mip, zero
core   0: 3 0x0000000080006002 (0x344025f3) x11 0x0000000000000080
core   0: 0x0000000080006006 (0x343025f3) csrrs   a1, mtval, zero
core   0: 3 0x0000000080006006 (0x343025f3) x11 0x00000000d23efcd3
core   0: 0x000000008000600a (0x14302573) csrrs   a0, stval, zero
core   0: 3 0x000000008000600a (0x14302573) x10 0x0000000000000000
core   0: 0x000000008000600e (0xb02024f3) csrrs   s1, minstret, zero
core   0: 3 0x000000008000600e (0xb02024f3) x9  0x0000000000000998
core   0: 0x0000000080006012 (0x0000a811) c.j     pc + 20
core   0: 3 0x0000000080006012 (0xa811)
core   0: >>>>  mepc_4
core   0: 0x0000000080006026 (0x00000791) c.addi  a5, 4
core   0: 3 0x0000000080006026 (0x0791) x15 0x0000000080004528
core   0: 0x0000000080006028 (0x34179073) csrrw   zero, mepc, a5
core   0: 3 0x0000000080006028 (0x34179073) c833_mepc 0x0000000080004528
core   0: 0x000000008000602c (0x30200073) mret
core   0: 3 0x000000008000602c (0x30200073) c768_mstatus 0x8000000a00106080
core   0: 0x0000000080004528 (0x009294bb) sllw    s1, t0, s1
core   0: 1 0x0000000080004528 (0x009294bb) x9  0x0000000000000000
core   0: 0x000000008000452c (0x339df4cf) fnmadd.d fs1, fs11, fs9, ft6
core   0: exception trap_illegal_instruction, epc 0x000000008000452c
core   0:           tval 0x00000000339df4cf
core   0: >>>>  $xrv64i2p1_m2p0_a2p1_f2p2_d2p2_zicsr2p0_zifencei2p0_zmmul1p0_zba1p0_zbb1p0_zbc1p0_zbs1p0
core   0: 0x0000000080004000 (0x0080006f) j       pc + 0x8
core   0: 3 0x0000000080004000 (0x0080006f)
core   0: >>>>  mmode_exception_handler
core   0: 0x0000000080004008 (0x00002c17) auipc   s8, 0x2
core   0: 3 0x0000000080004008 (0x00002c17) x24 0x0000000080006008
core   0: 0x000000008000400c (0xfeac0c13) addi    s8, s8, -22
core   0: 3 0x000000008000400c (0xfeac0c13) x24 0x0000000080005ff2
core   0: 0x0000000080004010 (0x000c00e7) jalr    s8
core   0: 3 0x0000000080004010 (0x000c00e7) x1  0x0000000080004014
core   0: >>>>  any_handler
core   0: 0x0000000080005ff2 (0x341027f3) csrrs   a5, mepc, zero
core   0: 3 0x0000000080005ff2 (0x341027f3) x15 0x000000008000452c
core   0: 0x0000000080005ff6 (0x34202773) csrrs   a4, mcause, zero
core   0: 3 0x0000000080005ff6 (0x34202773) x14 0x0000000000000002
core   0: 0x0000000080005ffa (0x142026f3) csrrs   a3, scause, zero
core   0: 3 0x0000000080005ffa (0x142026f3) x13 0x0000000000000000
core   0: 0x0000000080005ffe (0x30402673) csrrs   a2, mie, zero
core   0: 3 0x0000000080005ffe (0x30402673) x12 0x0000000000000a00
core   0: 0x0000000080006002 (0x344025f3) csrrs   a1, mip, zero
core   0: 3 0x0000000080006002 (0x344025f3) x11 0x0000000000000080
core   0: 0x0000000080006006 (0x343025f3) csrrs   a1, mtval, zero
core   0: 3 0x0000000080006006 (0x343025f3) x11 0x00000000339df4cf
core   0: 0x000000008000600a (0x14302573) csrrs   a0, stval, zero
core   0: 3 0x000000008000600a (0x14302573) x10 0x0000000000000000
core   0: 0x000000008000600e (0xb02024f3) csrrs   s1, minstret, zero
core   0: 3 0x000000008000600e (0xb02024f3) x9  0x00000000000009a9
core   0: 0x0000000080006012 (0x0000a811) c.j     pc + 20
core   0: 3 0x0000000080006012 (0xa811)
core   0: >>>>  mepc_4
core   0: 0x0000000080006026 (0x00000791) c.addi  a5, 4
core   0: 3 0x0000000080006026 (0x0791) x15 0x0000000080004530
core   0: 0x0000000080006028 (0x34179073) csrrw   zero, mepc, a5
core   0: 3 0x0000000080006028 (0x34179073) c833_mepc 0x0000000080004530
core   0: 0x000000008000602c (0x30200073) mret
core   0: 3 0x000000008000602c (0x30200073) c768_mstatus 0x8000000a00106080
core   0: 0x0000000080004530 (0x00025693) srli    a3, tp, 0
core   0: 1 0x0000000080004530 (0x00025693) x13 0x0000000000000000
core   0: 0x0000000080004534 (0x00000001) c.nop
core   0: 1 0x0000000080004534 (0x0001)
core   0: 0x0000000080004536 (0x417989b3) sub     s3, s3, s7
core   0: 1 0x0000000080004536 (0x417989b3) x19 0xffffffffffffffff
core   0: 0x000000008000453a (0xc2137bd3) fcvt.wu.d s7, ft6
core   0: exception trap_illegal_instruction, epc 0x000000008000453a
core   0:           tval 0x00000000c2137bd3
core   0: >>>>  $xrv64i2p1_m2p0_a2p1_f2p2_d2p2_zicsr2p0_zifencei2p0_zmmul1p0_zba1p0_zbb1p0_zbc1p0_zbs1p0
core   0: 0x0000000080004000 (0x0080006f) j       pc + 0x8
core   0: 3 0x0000000080004000 (0x0080006f)
core   0: >>>>  mmode_exception_handler
core   0: 0x0000000080004008 (0x00002c17) auipc   s8, 0x2
core   0: 3 0x0000000080004008 (0x00002c17) x24 0x0000000080006008
core   0: 0x000000008000400c (0xfeac0c13) addi    s8, s8, -22
core   0: 3 0x000000008000400c (0xfeac0c13) x24 0x0000000080005ff2
core   0: 0x0000000080004010 (0x000c00e7) jalr    s8
core   0: 3 0x0000000080004010 (0x000c00e7) x1  0x0000000080004014
core   0: >>>>  any_handler
core   0: 0x0000000080005ff2 (0x341027f3) csrrs   a5, mepc, zero
core   0: 3 0x0000000080005ff2 (0x341027f3) x15 0x000000008000453a
core   0: 0x0000000080005ff6 (0x34202773) csrrs   a4, mcause, zero
core   0: 3 0x0000000080005ff6 (0x34202773) x14 0x0000000000000002
core   0: 0x0000000080005ffa (0x142026f3) csrrs   a3, scause, zero
core   0: 3 0x0000000080005ffa (0x142026f3) x13 0x0000000000000000
core   0: 0x0000000080005ffe (0x30402673) csrrs   a2, mie, zero
core   0: 3 0x0000000080005ffe (0x30402673) x12 0x0000000000000a00
core   0: 0x0000000080006002 (0x344025f3) csrrs   a1, mip, zero
core   0: 3 0x0000000080006002 (0x344025f3) x11 0x0000000000000080
core   0: 0x0000000080006006 (0x343025f3) csrrs   a1, mtval, zero
core   0: 3 0x0000000080006006 (0x343025f3) x11 0x00000000c2137bd3
core   0: 0x000000008000600a (0x14302573) csrrs   a0, stval, zero
core   0: 3 0x000000008000600a (0x14302573) x10 0x0000000000000000
core   0: 0x000000008000600e (0xb02024f3) csrrs   s1, minstret, zero
core   0: 3 0x000000008000600e (0xb02024f3) x9  0x00000000000009bc
core   0: 0x0000000080006012 (0x0000a811) c.j     pc + 20
core   0: 3 0x0000000080006012 (0xa811)
core   0: >>>>  mepc_4
core   0: 0x0000000080006026 (0x00000791) c.addi  a5, 4
core   0: 3 0x0000000080006026 (0x0791) x15 0x000000008000453e
core   0: 0x0000000080006028 (0x34179073) csrrw   zero, mepc, a5
core   0: 3 0x0000000080006028 (0x34179073) c833_mepc 0x000000008000453e
core   0: 0x000000008000602c (0x30200073) mret
core   0: 3 0x000000008000602c (0x30200073) c768_mstatus 0x8000000a00106080
core   0: 0x000000008000453e (0xc21b7253) fcvt.wu.d tp, fs6
core   0: exception trap_illegal_instruction, epc 0x000000008000453e
core   0:           tval 0x00000000c21b7253
core   0: >>>>  $xrv64i2p1_m2p0_a2p1_f2p2_d2p2_zicsr2p0_zifencei2p0_zmmul1p0_zba1p0_zbb1p0_zbc1p0_zbs1p0
core   0: 0x0000000080004000 (0x0080006f) j       pc + 0x8
core   0: 3 0x0000000080004000 (0x0080006f)
core   0: >>>>  mmode_exception_handler
core   0: 0x0000000080004008 (0x00002c17) auipc   s8, 0x2
core   0: 3 0x0000000080004008 (0x00002c17) x24 0x0000000080006008
core   0: 0x000000008000400c (0xfeac0c13) addi    s8, s8, -22
core   0: 3 0x000000008000400c (0xfeac0c13) x24 0x0000000080005ff2
core   0: 0x0000000080004010 (0x000c00e7) jalr    s8
core   0: 3 0x0000000080004010 (0x000c00e7) x1  0x0000000080004014
core   0: >>>>  any_handler
core   0: 0x0000000080005ff2 (0x341027f3) csrrs   a5, mepc, zero
core   0: 3 0x0000000080005ff2 (0x341027f3) x15 0x000000008000453e
core   0: 0x0000000080005ff6 (0x34202773) csrrs   a4, mcause, zero
core   0: 3 0x0000000080005ff6 (0x34202773) x14 0x0000000000000002
core   0: 0x0000000080005ffa (0x142026f3) csrrs   a3, scause, zero
core   0: 3 0x0000000080005ffa (0x142026f3) x13 0x0000000000000000
core   0: 0x0000000080005ffe (0x30402673) csrrs   a2, mie, zero
core   0: 3 0x0000000080005ffe (0x30402673) x12 0x0000000000000a00
core   0: 0x0000000080006002 (0x344025f3) csrrs   a1, mip, zero
core   0: 3 0x0000000080006002 (0x344025f3) x11 0x0000000000000080
core   0: 0x0000000080006006 (0x343025f3) csrrs   a1, mtval, zero
core   0: 3 0x0000000080006006 (0x343025f3) x11 0x00000000c21b7253
core   0: 0x000000008000600a (0x14302573) csrrs   a0, stval, zero
core   0: 3 0x000000008000600a (0x14302573) x10 0x0000000000000000
core   0: 0x000000008000600e (0xb02024f3) csrrs   s1, minstret, zero
core   0: 3 0x000000008000600e (0xb02024f3) x9  0x00000000000009cc
core   0: 0x0000000080006012 (0x0000a811) c.j     pc + 20
core   0: 3 0x0000000080006012 (0xa811)
core   0: >>>>  mepc_4
core   0: 0x0000000080006026 (0x00000791) c.addi  a5, 4
core   0: 3 0x0000000080006026 (0x0791) x15 0x0000000080004542
core   0: 0x0000000080006028 (0x34179073) csrrw   zero, mepc, a5
core   0: 3 0x0000000080006028 (0x34179073) c833_mepc 0x0000000080004542
core   0: 0x000000008000602c (0x30200073) mret
core   0: 3 0x000000008000602c (0x30200073) c768_mstatus 0x8000000a00106080
core   0: 0x0000000080004542 (0x0b5cfad3) fsub.d  fs5, fs9, fs5
core   0: exception trap_illegal_instruction, epc 0x0000000080004542
core   0:           tval 0x000000000b5cfad3
core   0: >>>>  $xrv64i2p1_m2p0_a2p1_f2p2_d2p2_zicsr2p0_zifencei2p0_zmmul1p0_zba1p0_zbb1p0_zbc1p0_zbs1p0
core   0: 0x0000000080004000 (0x0080006f) j       pc + 0x8
core   0: 3 0x0000000080004000 (0x0080006f)
core   0: >>>>  mmode_exception_handler
core   0: 0x0000000080004008 (0x00002c17) auipc   s8, 0x2
core   0: 3 0x0000000080004008 (0x00002c17) x24 0x0000000080006008
core   0: 0x000000008000400c (0xfeac0c13) addi    s8, s8, -22
core   0: 3 0x000000008000400c (0xfeac0c13) x24 0x0000000080005ff2
core   0: 0x0000000080004010 (0x000c00e7) jalr    s8
core   0: 3 0x0000000080004010 (0x000c00e7) x1  0x0000000080004014
core   0: >>>>  any_handler
core   0: 0x0000000080005ff2 (0x341027f3) csrrs   a5, mepc, zero
core   0: 3 0x0000000080005ff2 (0x341027f3) x15 0x0000000080004542
core   0: 0x0000000080005ff6 (0x34202773) csrrs   a4, mcause, zero
core   0: 3 0x0000000080005ff6 (0x34202773) x14 0x0000000000000002
core   0: 0x0000000080005ffa (0x142026f3) csrrs   a3, scause, zero
core   0: 3 0x0000000080005ffa (0x142026f3) x13 0x0000000000000000
core   0: 0x0000000080005ffe (0x30402673) csrrs   a2, mie, zero
core   0: 3 0x0000000080005ffe (0x30402673) x12 0x0000000000000a00
core   0: 0x0000000080006002 (0x344025f3) csrrs   a1, mip, zero
core   0: 3 0x0000000080006002 (0x344025f3) x11 0x0000000000000080
core   0: 0x0000000080006006 (0x343025f3) csrrs   a1, mtval, zero
core   0: 3 0x0000000080006006 (0x343025f3) x11 0x000000000b5cfad3
core   0: 0x000000008000600a (0x14302573) csrrs   a0, stval, zero
core   0: 3 0x000000008000600a (0x14302573) x10 0x0000000000000000
core   0: 0x000000008000600e (0xb02024f3) csrrs   s1, minstret, zero
core   0: 3 0x000000008000600e (0xb02024f3) x9  0x00000000000009dc
core   0: 0x0000000080006012 (0x0000a811) c.j     pc + 20
core   0: 3 0x0000000080006012 (0xa811)
core   0: >>>>  mepc_4
core   0: 0x0000000080006026 (0x00000791) c.addi  a5, 4
core   0: 3 0x0000000080006026 (0x0791) x15 0x0000000080004546
core   0: 0x0000000080006028 (0x34179073) csrrw   zero, mepc, a5
core   0: 3 0x0000000080006028 (0x34179073) c833_mepc 0x0000000080004546
core   0: 0x000000008000602c (0x30200073) mret
core   0: 3 0x000000008000602c (0x30200073) c768_mstatus 0x8000000a00106080
core   0: 0x0000000080004546 (0x001cd0b3) srl     ra, s9, ra
core   0: 1 0x0000000080004546 (0x001cd0b3) x1  0x0000000000000000
core   0: 0x000000008000454a (0x53719237) lui     tp, 0x53719
core   0: 1 0x000000008000454a (0x53719237) x4  0x0000000053719000
core   0: 0x000000008000454e (0xd03b76d3) fcvt.s.lu fa3, s6
core   0: exception trap_illegal_instruction, epc 0x000000008000454e
core   0:           tval 0x00000000d03b76d3
core   0: >>>>  $xrv64i2p1_m2p0_a2p1_f2p2_d2p2_zicsr2p0_zifencei2p0_zmmul1p0_zba1p0_zbb1p0_zbc1p0_zbs1p0
core   0: 0x0000000080004000 (0x0080006f) j       pc + 0x8
core   0: 3 0x0000000080004000 (0x0080006f)
core   0: >>>>  mmode_exception_handler
core   0: 0x0000000080004008 (0x00002c17) auipc   s8, 0x2
core   0: 3 0x0000000080004008 (0x00002c17) x24 0x0000000080006008
core   0: 0x000000008000400c (0xfeac0c13) addi    s8, s8, -22
core   0: 3 0x000000008000400c (0xfeac0c13) x24 0x0000000080005ff2
core   0: 0x0000000080004010 (0x000c00e7) jalr    s8
core   0: 3 0x0000000080004010 (0x000c00e7) x1  0x0000000080004014
core   0: >>>>  any_handler
core   0: 0x0000000080005ff2 (0x341027f3) csrrs   a5, mepc, zero
core   0: 3 0x0000000080005ff2 (0x341027f3) x15 0x000000008000454e
core   0: 0x0000000080005ff6 (0x34202773) csrrs   a4, mcause, zero
core   0: 3 0x0000000080005ff6 (0x34202773) x14 0x0000000000000002
core   0: 0x0000000080005ffa (0x142026f3) csrrs   a3, scause, zero
core   0: 3 0x0000000080005ffa (0x142026f3) x13 0x0000000000000000
core   0: 0x0000000080005ffe (0x30402673) csrrs   a2, mie, zero
core   0: 3 0x0000000080005ffe (0x30402673) x12 0x0000000000000a00
core   0: 0x0000000080006002 (0x344025f3) csrrs   a1, mip, zero
core   0: 3 0x0000000080006002 (0x344025f3) x11 0x0000000000000080
core   0: 0x0000000080006006 (0x343025f3) csrrs   a1, mtval, zero
core   0: 3 0x0000000080006006 (0x343025f3) x11 0x00000000d03b76d3
core   0: 0x000000008000600a (0x14302573) csrrs   a0, stval, zero
core   0: 3 0x000000008000600a (0x14302573) x10 0x0000000000000000
core   0: 0x000000008000600e (0xb02024f3) csrrs   s1, minstret, zero
core   0: 3 0x000000008000600e (0xb02024f3) x9  0x00000000000009ee
core   0: 0x0000000080006012 (0x0000a811) c.j     pc + 20
core   0: 3 0x0000000080006012 (0xa811)
core   0: >>>>  mepc_4
core   0: 0x0000000080006026 (0x00000791) c.addi  a5, 4
core   0: 3 0x0000000080006026 (0x0791) x15 0x0000000080004552
core   0: 0x0000000080006028 (0x34179073) csrrw   zero, mepc, a5
core   0: 3 0x0000000080006028 (0x34179073) c833_mepc 0x0000000080004552
core   0: 0x000000008000602c (0x30200073) mret
core   0: 3 0x000000008000602c (0x30200073) c768_mstatus 0x8000000a00106080
core   0: 0x0000000080004552 (0xc23afcd3) fcvt.lu.d s9, fs5
core   0: exception trap_illegal_instruction, epc 0x0000000080004552
core   0:           tval 0x00000000c23afcd3
core   0: >>>>  $xrv64i2p1_m2p0_a2p1_f2p2_d2p2_zicsr2p0_zifencei2p0_zmmul1p0_zba1p0_zbb1p0_zbc1p0_zbs1p0
core   0: 0x0000000080004000 (0x0080006f) j       pc + 0x8
core   0: 3 0x0000000080004000 (0x0080006f)
core   0: >>>>  mmode_exception_handler
core   0: 0x0000000080004008 (0x00002c17) auipc   s8, 0x2
core   0: 3 0x0000000080004008 (0x00002c17) x24 0x0000000080006008
core   0: 0x000000008000400c (0xfeac0c13) addi    s8, s8, -22
core   0: 3 0x000000008000400c (0xfeac0c13) x24 0x0000000080005ff2
core   0: 0x0000000080004010 (0x000c00e7) jalr    s8
core   0: 3 0x0000000080004010 (0x000c00e7) x1  0x0000000080004014
core   0: >>>>  any_handler
core   0: 0x0000000080005ff2 (0x341027f3) csrrs   a5, mepc, zero
core   0: 3 0x0000000080005ff2 (0x341027f3) x15 0x0000000080004552
core   0: 0x0000000080005ff6 (0x34202773) csrrs   a4, mcause, zero
core   0: 3 0x0000000080005ff6 (0x34202773) x14 0x0000000000000002
core   0: 0x0000000080005ffa (0x142026f3) csrrs   a3, scause, zero
core   0: 3 0x0000000080005ffa (0x142026f3) x13 0x0000000000000000
core   0: 0x0000000080005ffe (0x30402673) csrrs   a2, mie, zero
core   0: 3 0x0000000080005ffe (0x30402673) x12 0x0000000000000a00
core   0: 0x0000000080006002 (0x344025f3) csrrs   a1, mip, zero
core   0: 3 0x0000000080006002 (0x344025f3) x11 0x0000000000000080
core   0: 0x0000000080006006 (0x343025f3) csrrs   a1, mtval, zero
core   0: 3 0x0000000080006006 (0x343025f3) x11 0x00000000c23afcd3
core   0: 0x000000008000600a (0x14302573) csrrs   a0, stval, zero
core   0: 3 0x000000008000600a (0x14302573) x10 0x0000000000000000
core   0: 0x000000008000600e (0xb02024f3) csrrs   s1, minstret, zero
core   0: 3 0x000000008000600e (0xb02024f3) x9  0x00000000000009fe
core   0: 0x0000000080006012 (0x0000a811) c.j     pc + 20
core   0: 3 0x0000000080006012 (0xa811)
core   0: >>>>  mepc_4
core   0: 0x0000000080006026 (0x00000791) c.addi  a5, 4
core   0: 3 0x0000000080006026 (0x0791) x15 0x0000000080004556
core   0: 0x0000000080006028 (0x34179073) csrrw   zero, mepc, a5
core   0: 3 0x0000000080006028 (0x34179073) c833_mepc 0x0000000080004556
core   0: 0x000000008000602c (0x30200073) mret
core   0: 3 0x000000008000602c (0x30200073) c768_mstatus 0x8000000a00106080
core   0: 0x0000000080004556 (0x7ffcc613) xori    a2, s9, 2047
core   0: 1 0x0000000080004556 (0x7ffcc613) x12 0x00000000000007ff
core   0: 0x000000008000455a (0x519e8a93) addi    s5, t4, 1305
core   0: 1 0x000000008000455a (0x519e8a93) x21 0x0000000100000518
core   0: 0x000000008000455e (0x0284a2b3) mulhsu  t0, s1, s0
core   0: 1 0x000000008000455e (0x0284a2b3) x5  0x00000000000009fd
core   0: 0x0000000080004562 (0x003218b3) sll     a7, tp, gp
core   0: 1 0x0000000080004562 (0x003218b3) x17 0x00000000a6e32000
core   0: 0x0000000080004566 (0x02605a3b) divuw   s4, zero, t1
core   0: 1 0x0000000080004566 (0x02605a3b) x20 0x0000000000000000
core   0: 0x000000008000456a (0x007a119b) slliw   gp, s4, 7
core   0: 1 0x000000008000456a (0x007a119b) x3  0x0000000000000000
core   0: 0x000000008000456e (0x003ede93) srli    t4, t4, 3
core   0: 1 0x000000008000456e (0x003ede93) x29 0x000000001fffffff
core   0: 0x0000000080004572 (0x409384b3) sub     s1, t2, s1
core   0: 1 0x0000000080004572 (0x409384b3) x9  0xfffffffffffff602
core   0: 0x0000000080004576 (0xc20af2d3) fcvt.w.d t0, fs5
core   0: exception trap_illegal_instruction, epc 0x0000000080004576
core   0:           tval 0x00000000c20af2d3
core   0: >>>>  $xrv64i2p1_m2p0_a2p1_f2p2_d2p2_zicsr2p0_zifencei2p0_zmmul1p0_zba1p0_zbb1p0_zbc1p0_zbs1p0
core   0: 0x0000000080004000 (0x0080006f) j       pc + 0x8
core   0: 3 0x0000000080004000 (0x0080006f)
core   0: >>>>  mmode_exception_handler
core   0: 0x0000000080004008 (0x00002c17) auipc   s8, 0x2
core   0: 3 0x0000000080004008 (0x00002c17) x24 0x0000000080006008
core   0: 0x000000008000400c (0xfeac0c13) addi    s8, s8, -22
core   0: 3 0x000000008000400c (0xfeac0c13) x24 0x0000000080005ff2
core   0: 0x0000000080004010 (0x000c00e7) jalr    s8
core   0: 3 0x0000000080004010 (0x000c00e7) x1  0x0000000080004014
core   0: >>>>  any_handler
core   0: 0x0000000080005ff2 (0x341027f3) csrrs   a5, mepc, zero
core   0: 3 0x0000000080005ff2 (0x341027f3) x15 0x0000000080004576
core   0: 0x0000000080005ff6 (0x34202773) csrrs   a4, mcause, zero
core   0: 3 0x0000000080005ff6 (0x34202773) x14 0x0000000000000002
core   0: 0x0000000080005ffa (0x142026f3) csrrs   a3, scause, zero
core   0: 3 0x0000000080005ffa (0x142026f3) x13 0x0000000000000000
core   0: 0x0000000080005ffe (0x30402673) csrrs   a2, mie, zero
core   0: 3 0x0000000080005ffe (0x30402673) x12 0x0000000000000a00
core   0: 0x0000000080006002 (0x344025f3) csrrs   a1, mip, zero
core   0: 3 0x0000000080006002 (0x344025f3) x11 0x0000000000000080
core   0: 0x0000000080006006 (0x343025f3) csrrs   a1, mtval, zero
core   0: 3 0x0000000080006006 (0x343025f3) x11 0x00000000c20af2d3
core   0: 0x000000008000600a (0x14302573) csrrs   a0, stval, zero
core   0: 3 0x000000008000600a (0x14302573) x10 0x0000000000000000
core   0: 0x000000008000600e (0xb02024f3) csrrs   s1, minstret, zero
core   0: 3 0x000000008000600e (0xb02024f3) x9  0x0000000000000a16
core   0: 0x0000000080006012 (0x0000a811) c.j     pc + 20
core   0: 3 0x0000000080006012 (0xa811)
core   0: >>>>  mepc_4
core   0: 0x0000000080006026 (0x00000791) c.addi  a5, 4
core   0: 3 0x0000000080006026 (0x0791) x15 0x000000008000457a
core   0: 0x0000000080006028 (0x34179073) csrrw   zero, mepc, a5
core   0: 3 0x0000000080006028 (0x34179073) c833_mepc 0x000000008000457a
core   0: 0x000000008000602c (0x30200073) mret
core   0: 3 0x000000008000602c (0x30200073) c768_mstatus 0x8000000a00106080
core   0: 0x000000008000457a (0x00dac6b3) xor     a3, s5, a3
core   0: 1 0x000000008000457a (0x00dac6b3) x13 0x0000000100000518
core   0: 0x000000008000457e (0xd032f753) fcvt.s.lu fa4, t0
core   0: exception trap_illegal_instruction, epc 0x000000008000457e
core   0:           tval 0x00000000d032f753
core   0: >>>>  $xrv64i2p1_m2p0_a2p1_f2p2_d2p2_zicsr2p0_zifencei2p0_zmmul1p0_zba1p0_zbb1p0_zbc1p0_zbs1p0
core   0: 0x0000000080004000 (0x0080006f) j       pc + 0x8
core   0: 3 0x0000000080004000 (0x0080006f)
core   0: >>>>  mmode_exception_handler
core   0: 0x0000000080004008 (0x00002c17) auipc   s8, 0x2
core   0: 3 0x0000000080004008 (0x00002c17) x24 0x0000000080006008
core   0: 0x000000008000400c (0xfeac0c13) addi    s8, s8, -22
core   0: 3 0x000000008000400c (0xfeac0c13) x24 0x0000000080005ff2
core   0: 0x0000000080004010 (0x000c00e7) jalr    s8
core   0: 3 0x0000000080004010 (0x000c00e7) x1  0x0000000080004014
core   0: >>>>  any_handler
core   0: 0x0000000080005ff2 (0x341027f3) csrrs   a5, mepc, zero
core   0: 3 0x0000000080005ff2 (0x341027f3) x15 0x000000008000457e
core   0: 0x0000000080005ff6 (0x34202773) csrrs   a4, mcause, zero
core   0: 3 0x0000000080005ff6 (0x34202773) x14 0x0000000000000002
core   0: 0x0000000080005ffa (0x142026f3) csrrs   a3, scause, zero
core   0: 3 0x0000000080005ffa (0x142026f3) x13 0x0000000000000000
core   0: 0x0000000080005ffe (0x30402673) csrrs   a2, mie, zero
core   0: 3 0x0000000080005ffe (0x30402673) x12 0x0000000000000a00
core   0: 0x0000000080006002 (0x344025f3) csrrs   a1, mip, zero
core   0: 3 0x0000000080006002 (0x344025f3) x11 0x0000000000000080
core   0: 0x0000000080006006 (0x343025f3) csrrs   a1, mtval, zero
core   0: 3 0x0000000080006006 (0x343025f3) x11 0x00000000d032f753
core   0: 0x000000008000600a (0x14302573) csrrs   a0, stval, zero
core   0: 3 0x000000008000600a (0x14302573) x10 0x0000000000000000
core   0: 0x000000008000600e (0xb02024f3) csrrs   s1, minstret, zero
core   0: 3 0x000000008000600e (0xb02024f3) x9  0x0000000000000a27
core   0: 0x0000000080006012 (0x0000a811) c.j     pc + 20
core   0: 3 0x0000000080006012 (0xa811)
core   0: >>>>  mepc_4
core   0: 0x0000000080006026 (0x00000791) c.addi  a5, 4
core   0: 3 0x0000000080006026 (0x0791) x15 0x0000000080004582
core   0: 0x0000000080006028 (0x34179073) csrrw   zero, mepc, a5
core   0: 3 0x0000000080006028 (0x34179073) c833_mepc 0x0000000080004582
core   0: 0x000000008000602c (0x30200073) mret
core   0: 3 0x000000008000602c (0x30200073) c768_mstatus 0x8000000a00106080
core   0: 0x0000000080004582 (0x0ae07053) fsub.d  ft0, ft0, fa4
core   0: exception trap_illegal_instruction, epc 0x0000000080004582
core   0:           tval 0x000000000ae07053
core   0: >>>>  $xrv64i2p1_m2p0_a2p1_f2p2_d2p2_zicsr2p0_zifencei2p0_zmmul1p0_zba1p0_zbb1p0_zbc1p0_zbs1p0
core   0: 0x0000000080004000 (0x0080006f) j       pc + 0x8
core   0: 3 0x0000000080004000 (0x0080006f)
core   0: >>>>  mmode_exception_handler
core   0: 0x0000000080004008 (0x00002c17) auipc   s8, 0x2
core   0: 3 0x0000000080004008 (0x00002c17) x24 0x0000000080006008
core   0: 0x000000008000400c (0xfeac0c13) addi    s8, s8, -22
core   0: 3 0x000000008000400c (0xfeac0c13) x24 0x0000000080005ff2
core   0: 0x0000000080004010 (0x000c00e7) jalr    s8
core   0: 3 0x0000000080004010 (0x000c00e7) x1  0x0000000080004014
core   0: >>>>  any_handler
core   0: 0x0000000080005ff2 (0x341027f3) csrrs   a5, mepc, zero
core   0: 3 0x0000000080005ff2 (0x341027f3) x15 0x0000000080004582
core   0: 0x0000000080005ff6 (0x34202773) csrrs   a4, mcause, zero
core   0: 3 0x0000000080005ff6 (0x34202773) x14 0x0000000000000002
core   0: 0x0000000080005ffa (0x142026f3) csrrs   a3, scause, zero
core   0: 3 0x0000000080005ffa (0x142026f3) x13 0x0000000000000000
core   0: 0x0000000080005ffe (0x30402673) csrrs   a2, mie, zero
core   0: 3 0x0000000080005ffe (0x30402673) x12 0x0000000000000a00
core   0: 0x0000000080006002 (0x344025f3) csrrs   a1, mip, zero
core   0: 3 0x0000000080006002 (0x344025f3) x11 0x0000000000000080
core   0: 0x0000000080006006 (0x343025f3) csrrs   a1, mtval, zero
core   0: 3 0x0000000080006006 (0x343025f3) x11 0x000000000ae07053
core   0: 0x000000008000600a (0x14302573) csrrs   a0, stval, zero
core   0: 3 0x000000008000600a (0x14302573) x10 0x0000000000000000
core   0: 0x000000008000600e (0xb02024f3) csrrs   s1, minstret, zero
core   0: 3 0x000000008000600e (0xb02024f3) x9  0x0000000000000a37
core   0: 0x0000000080006012 (0x0000a811) c.j     pc + 20
core   0: 3 0x0000000080006012 (0xa811)
core   0: >>>>  mepc_4
core   0: 0x0000000080006026 (0x00000791) c.addi  a5, 4
core   0: 3 0x0000000080006026 (0x0791) x15 0x0000000080004586
core   0: 0x0000000080006028 (0x34179073) csrrw   zero, mepc, a5
core   0: 3 0x0000000080006028 (0x34179073) c833_mepc 0x0000000080004586
core   0: 0x000000008000602c (0x30200073) mret
core   0: 3 0x000000008000602c (0x30200073) c768_mstatus 0x8000000a00106080
core   0: 0x0000000080004586 (0x0129e833) or      a6, s3, s2
core   0: 1 0x0000000080004586 (0x0129e833) x16 0xffffffffffffffff
core   0: 0x000000008000458a (0xc20c71d3) fcvt.w.d gp, fs8
core   0: exception trap_illegal_instruction, epc 0x000000008000458a
core   0:           tval 0x00000000c20c71d3
core   0: >>>>  $xrv64i2p1_m2p0_a2p1_f2p2_d2p2_zicsr2p0_zifencei2p0_zmmul1p0_zba1p0_zbb1p0_zbc1p0_zbs1p0
core   0: 0x0000000080004000 (0x0080006f) j       pc + 0x8
core   0: 3 0x0000000080004000 (0x0080006f)
core   0: >>>>  mmode_exception_handler
core   0: 0x0000000080004008 (0x00002c17) auipc   s8, 0x2
core   0: 3 0x0000000080004008 (0x00002c17) x24 0x0000000080006008
core   0: 0x000000008000400c (0xfeac0c13) addi    s8, s8, -22
core   0: 3 0x000000008000400c (0xfeac0c13) x24 0x0000000080005ff2
core   0: 0x0000000080004010 (0x000c00e7) jalr    s8
core   0: 3 0x0000000080004010 (0x000c00e7) x1  0x0000000080004014
core   0: >>>>  any_handler
core   0: 0x0000000080005ff2 (0x341027f3) csrrs   a5, mepc, zero
core   0: 3 0x0000000080005ff2 (0x341027f3) x15 0x000000008000458a
core   0: 0x0000000080005ff6 (0x34202773) csrrs   a4, mcause, zero
core   0: 3 0x0000000080005ff6 (0x34202773) x14 0x0000000000000002
core   0: 0x0000000080005ffa (0x142026f3) csrrs   a3, scause, zero
core   0: 3 0x0000000080005ffa (0x142026f3) x13 0x0000000000000000
core   0: 0x0000000080005ffe (0x30402673) csrrs   a2, mie, zero
core   0: 3 0x0000000080005ffe (0x30402673) x12 0x0000000000000a00
core   0: 0x0000000080006002 (0x344025f3) csrrs   a1, mip, zero
core   0: 3 0x0000000080006002 (0x344025f3) x11 0x0000000000000080
core   0: 0x0000000080006006 (0x343025f3) csrrs   a1, mtval, zero
core   0: 3 0x0000000080006006 (0x343025f3) x11 0x00000000c20c71d3
core   0: 0x000000008000600a (0x14302573) csrrs   a0, stval, zero
core   0: 3 0x000000008000600a (0x14302573) x10 0x0000000000000000
core   0: 0x000000008000600e (0xb02024f3) csrrs   s1, minstret, zero
core   0: 3 0x000000008000600e (0xb02024f3) x9  0x0000000000000a48
core   0: 0x0000000080006012 (0x0000a811) c.j     pc + 20
core   0: 3 0x0000000080006012 (0xa811)
core   0: >>>>  mepc_4
core   0: 0x0000000080006026 (0x00000791) c.addi  a5, 4
core   0: 3 0x0000000080006026 (0x0791) x15 0x000000008000458e
core   0: 0x0000000080006028 (0x34179073) csrrw   zero, mepc, a5
core   0: 3 0x0000000080006028 (0x34179073) c833_mepc 0x000000008000458e
core   0: 0x000000008000602c (0x30200073) mret
core   0: 3 0x000000008000602c (0x30200073) c768_mstatus 0x8000000a00106080
core   0: 0x000000008000458e (0x002716f3) csrrw   a3, frm, a4
core   0: 1 0x000000008000458e (0x002716f3) x13 0x0000000000000007 c2_frm 0x0000000000000002
core   0: 0x0000000080004592 (0x54a28bb7) lui     s7, 0x54a28
core   0: 1 0x0000000080004592 (0x54a28bb7) x23 0x0000000054a28000
core   0: 0x0000000080004596 (0xd03a76d3) fcvt.s.lu fa3, s4
core   0: 1 0x0000000080004596 (0xd03a76d3) f13 0xffffffff00000000
core   0: 0x000000008000459a (0x01bbddb3) srl     s11, s7, s11
core   0: 1 0x000000008000459a (0x01bbddb3) x27 0x0000000000000000
core   0: 0x000000008000459e (0x016457b7) lui     a5, 0x1645
core   0: 1 0x000000008000459e (0x016457b7) x15 0x0000000001645000
core   0: 0x00000000800045a2 (0xea77879b) addiw   a5, a5, -345
core   0: 1 0x00000000800045a2 (0xea77879b) x15 0x0000000001644ea7
core   0: 0x00000000800045a6 (0x000007ba) c.slli  a5, 14
core   0: 1 0x00000000800045a6 (0x07ba) x15 0x0000005913a9c000
core   0: 0x00000000800045a8 (0x13b78793) addi    a5, a5, 315
core   0: 1 0x00000000800045a8 (0x13b78793) x15 0x0000005913a9c13b
core   0: 0x00000000800045ac (0x002c9cf3) csrrw   s9, frm, s9
core   0: 1 0x00000000800045ac (0x002c9cf3) x25 0x0000000000000002 c2_frm 0x0000000000000000
core   0: 0x00000000800045b0 (0xd0217453) fcvt.s.l fs0, sp
core   0: 1 0x00000000800045b0 (0xd0217453) f8  0xffffffffcf004000
core   0: 0x00000000800045b4 (0xc032f3d3) fcvt.lu.s t2, ft5
core   0: 1 0x00000000800045b4 (0xc032f3d3) x7  0x0000000000000000
core   0: 0x00000000800045b8 (0xd21089d3) fcvt.d.wu fs3, ra
core   0: 1 0x00000000800045b8 (0xd21089d3) f19 0x41e0000802800000
core   0: 0x00000000800045bc (0x02d134b3) mulhu   s1, sp, a3
core   0: 1 0x00000000800045bc (0x02d134b3) x9  0x0000000000000006
core   0: 0x00000000800045c0 (0x9b0a71c7) fmsub.d ft3, fs4, fa6, fs3
core   0: 1 0x00000000800045c0 (0x9b0a71c7) f3  0x7ff8000000000000
core   0: 0x00000000800045c4 (0x03f15513) srli    a0, sp, 63
core   0: 1 0x00000000800045c4 (0x03f15513) x10 0x0000000000000001
core   0: 0x00000000800045c8 (0xd2110c53) fcvt.d.wu fs8, sp
core   0: 1 0x00000000800045c8 (0xd2110c53) f24 0x41dff00000000000
core   0: 0x00000000800045cc (0x0a0af947) fmsub.d fs2, fs5, ft0, ft1
core   0: 1 0x00000000800045cc (0x0a0af947) f18 0x7ff8000000000000
core   0: 0x00000000800045d0 (0xd024f753) fcvt.s.l fa4, s1
core   0: 1 0x00000000800045d0 (0xd024f753) f14 0xffffffff40c00000
core   0: 0x00000000800045d4 (0x00000001) c.nop
core   0: 1 0x00000000800045d4 (0x0001)
core   0: 0x00000000800045d6 (0x02575733) divu    a4, a4, t0
core   0: 1 0x00000000800045d6 (0x02575733) x14 0x0000000000000000
core   0: 0x00000000800045da (0x032ba933) mulhsu  s2, s7, s2
core   0: 1 0x00000000800045da (0x032ba933) x18 0x0000000000000000
core   0: 0x00000000800045de (0xf98be193) ori     gp, s7, -104
core   0: 1 0x00000000800045de (0xf98be193) x3  0xffffffffffffff98
core   0: 0x00000000800045e2 (0x0004f4b3) and     s1, s1, zero
core   0: 1 0x00000000800045e2 (0x0004f4b3) x9  0x0000000000000000
core   0: 0x00000000800045e6 (0xc0207bd3) fcvt.l.s s7, ft0
core   0: 1 0x00000000800045e6 (0xc0207bd3) c1_fflags 0x000000000000001f x23 0x7fffffffffffffff
core   0: 0x00000000800045ea (0xc234f953) fcvt.lu.d s2, fs1
core   0: 1 0x00000000800045ea (0xc234f953) x18 0x0000000000000000
core   0: 0x00000000800045ee (0x0178fc33) and     s8, a7, s7
core   0: 1 0x00000000800045ee (0x0178fc33) x24 0x00000000a6e32000
core   0: 0x00000000800045f2 (0x0abff553) fsub.d  fa0, ft11, fa1
core   0: 1 0x00000000800045f2 (0x0abff553) f10 0x7ff8000000000000
core   0: 0x00000000800045f6 (0x0ff0000f) fence   iorw,iorw
core   0: 1 0x00000000800045f6 (0x0ff0000f)
core   0: 0x00000000800045fa (0x239faf53) fsgnjx.d ft10, ft11, fs9
core   0: 1 0x00000000800045fa (0x239faf53) f30 0x7ff8000000000000
core   0: 0x00000000800045fe (0x008d9233) sll     tp, s11, s0
core   0: 1 0x00000000800045fe (0x008d9233) x4  0x0000000000000000
core   0: 0x0000000080004602 (0x2b901bd3) fmax.d  fs7, ft0, fs9
core   0: 1 0x0000000080004602 (0x2b901bd3) f23 0x7ff8000000000000
core   0: 0x0000000080004606 (0xf20c0fd3) fmv.d.x ft11, s8
core   0: 1 0x0000000080004606 (0xf20c0fd3) f31 0x00000000a6e32000
core   0: 0x000000008000460a (0x4004d69b) sraiw   a3, s1, 0
core   0: 1 0x000000008000460a (0x4004d69b) x13 0x0000000000000000
core   0: 0x000000008000460e (0x22302d53) fsgnjx.d fs10, ft0, ft3
core   0: 1 0x000000008000460e (0x22302d53) f26 0xffffffff7fc00000
core   0: 0x0000000080004612 (0x23229953) fsgnjn.d fs2, ft5, fs2
core   0: 1 0x0000000080004612 (0x23229953) f18 0xffffffff00000000
core   0: 0x0000000080004616 (0x80058b1b) addiw   s6, a1, -2048
core   0: 1 0x0000000080004616 (0x80058b1b) x22 0xffffffffc20c69d3
core   0: 0x000000008000461a (0x40f6d3b3) sra     t2, a3, a5
core   0: 1 0x000000008000461a (0x40f6d3b3) x7  0x0000000000000000
core   0: 0x000000008000461e (0xd026ffd3) fcvt.s.l ft11, a3
core   0: 1 0x000000008000461e (0xd026ffd3) f31 0xffffffff00000000
core   0: 0x0000000080004622 (0x3e138093) addi    ra, t2, 993
core   0: 1 0x0000000080004622 (0x3e138093) x1  0x00000000000003e1
core   0: 0x0000000080004626 (0x0320813b) mulw    sp, ra, s2
core   0: 1 0x0000000080004626 (0x0320813b) x2  0x0000000000000000
core   0: 0x000000008000462a (0x2a1ff24b) fnmsub.d ft4, ft11, ft1, ft5
core   0: 1 0x000000008000462a (0x2a1ff24b) f4  0x7ff8000000000000
core   0: 0x000000008000462e (0x5ecf6837) lui     a6, 0x5ecf6
core   0: 1 0x000000008000462e (0x5ecf6837) x16 0x000000005ecf6000
core   0: 0x0000000080004632 (0x02d651bb) divuw   gp, a2, a3
core   0: 1 0x0000000080004632 (0x02d651bb) x3  0xffffffffffffffff
core   0: 0x0000000080004636 (0x43fa5a93) srai    s5, s4, 63
core   0: 1 0x0000000080004636 (0x43fa5a93) x21 0x0000000000000000
core   0: 0x000000008000463a (0xd236f653) fcvt.d.lu fa2, a3
core   0: 1 0x000000008000463a (0xd236f653) f12 0x0000000000000000
core   0: 0x000000008000463e (0xc2107453) fcvt.wu.d s0, ft0
core   0: 1 0x000000008000463e (0xc2107453) c1_fflags 0x000000000000001f x8  0xffffffffffffffff
core   0: 0x0000000080004642 (0x4009511b) sraiw   sp, s2, 0
core   0: 1 0x0000000080004642 (0x4009511b) x2  0x0000000000000000
core   0: 0x0000000080004646 (0xc010f473) csrrci  s0, time, 1
core   0: exception trap_illegal_instruction, epc 0x0000000080004646
core   0:           tval 0x00000000c010f473
core   0: >>>>  $xrv64i2p1_m2p0_a2p1_f2p2_d2p2_zicsr2p0_zifencei2p0_zmmul1p0_zba1p0_zbb1p0_zbc1p0_zbs1p0
core   0: 0x0000000080004000 (0x0080006f) j       pc + 0x8
core   0: 3 0x0000000080004000 (0x0080006f)
core   0: >>>>  mmode_exception_handler
core   0: 0x0000000080004008 (0x00002c17) auipc   s8, 0x2
core   0: 3 0x0000000080004008 (0x00002c17) x24 0x0000000080006008
core   0: 0x000000008000400c (0xfeac0c13) addi    s8, s8, -22
core   0: 3 0x000000008000400c (0xfeac0c13) x24 0x0000000080005ff2
core   0: 0x0000000080004010 (0x000c00e7) jalr    s8
core   0: 3 0x0000000080004010 (0x000c00e7) x1  0x0000000080004014
core   0: >>>>  any_handler
core   0: 0x0000000080005ff2 (0x341027f3) csrrs   a5, mepc, zero
core   0: 3 0x0000000080005ff2 (0x341027f3) x15 0x0000000080004646
core   0: 0x0000000080005ff6 (0x34202773) csrrs   a4, mcause, zero
core   0: 3 0x0000000080005ff6 (0x34202773) x14 0x0000000000000002
core   0: 0x0000000080005ffa (0x142026f3) csrrs   a3, scause, zero
core   0: 3 0x0000000080005ffa (0x142026f3) x13 0x0000000000000000
core   0: 0x0000000080005ffe (0x30402673) csrrs   a2, mie, zero
core   0: 3 0x0000000080005ffe (0x30402673) x12 0x0000000000000a00
core   0: 0x0000000080006002 (0x344025f3) csrrs   a1, mip, zero
core   0: 3 0x0000000080006002 (0x344025f3) x11 0x0000000000000080
core   0: 0x0000000080006006 (0x343025f3) csrrs   a1, mtval, zero
core   0: 3 0x0000000080006006 (0x343025f3) x11 0x00000000c010f473
core   0: 0x000000008000600a (0x14302573) csrrs   a0, stval, zero
core   0: 3 0x000000008000600a (0x14302573) x10 0x0000000000000000
core   0: 0x000000008000600e (0xb02024f3) csrrs   s1, minstret, zero
core   0: 3 0x000000008000600e (0xb02024f3) x9  0x0000000000000a87
core   0: 0x0000000080006012 (0x0000a811) c.j     pc + 20
core   0: 3 0x0000000080006012 (0xa811)
core   0: >>>>  mepc_4
core   0: 0x0000000080006026 (0x00000791) c.addi  a5, 4
core   0: 3 0x0000000080006026 (0x0791) x15 0x000000008000464a
core   0: 0x0000000080006028 (0x34179073) csrrw   zero, mepc, a5
core   0: 3 0x0000000080006028 (0x34179073) c833_mepc 0x000000008000464a
core   0: 0x000000008000602c (0x30200073) mret
core   0: 3 0x000000008000602c (0x30200073) c768_mstatus 0x8000000a00106080
core   0: 0x000000008000464a (0x40585493) srai    s1, a6, 5
core   0: 1 0x000000008000464a (0x40585493) x9  0x0000000002f67b00
core   0: 0x000000008000464e (0xc23df653) fcvt.lu.d a2, fs11
core   0: 1 0x000000008000464e (0xc23df653) c1_fflags 0x000000000000001f x12 0xffffffffffffffff
core   0: 0x0000000080004652 (0x0193f3b3) and     t2, t2, s9
core   0: 1 0x0000000080004652 (0x0193f3b3) x7  0x0000000000000000
core   0: 0x0000000080004656 (0xc860c893) xori    a7, ra, -890
core   0: 1 0x0000000080004656 (0xc860c893) x17 0xffffffff7fffbc92
core   0: 0x000000008000465a (0x00424cb3) xor     s9, tp, tp
core   0: 1 0x000000008000465a (0x00424cb3) x25 0x0000000000000000
core   0: 0x000000008000465e (0x01621ebb) sllw    t4, tp, s6
core   0: 1 0x000000008000465e (0x01621ebb) x29 0x0000000000000000
core   0: 0x0000000080004662 (0x223814d3) fsgnjn.d fs1, fa6, ft3
core   0: 1 0x0000000080004662 (0x223814d3) f9  0xfff8000000000000
core   0: 0x0000000080004666 (0x26b10817) auipc   a6, 0x26b10
core   0: 1 0x0000000080004666 (0x26b10817) x16 0x00000000a6b14666
core   0: 0x000000008000466a (0x4020501b) sraiw   zero, zero, 2
core   0: 1 0x000000008000466a (0x4020501b)
core   0: 0x000000008000466e (0x8239f743) fmadd.d fa4, fs3, ft3, fa6
core   0: 1 0x000000008000466e (0x8239f743) f14 0x7ff8000000000000
core   0: 0x0000000080004672 (0x00202573) csrrs   a0, frm, zero
core   0: 1 0x0000000080004672 (0x00202573) x10 0x0000000000000000
core   0: 0x0000000080004676 (0x22ae2453) fsgnjx.d fs0, ft8, fa0
core   0: 1 0x0000000080004676 (0x22ae2453) f8  0xffffffff00000000
core   0: 0x000000008000467a (0x40b65433) sra     s0, a2, a1
core   0: 1 0x000000008000467a (0x40b65433) x8  0xffffffffffffffff
core   0: 0x000000008000467e (0x4012fdd3) fcvt.s.d fs11, ft5
core   0: 1 0x000000008000467e (0x4012fdd3) f27 0xffffffff7fc00000
core   0: 0x0000000080004682 (0x100370f3) csrrci  ra, sstatus, 6
core   0: 1 0x0000000080004682 (0x100370f3) x1  0x8000000200006000 c768_mstatus 0x8000000a00106080
core   0: 0x0000000080004686 (0x0b46f1d3) fsub.d  ft3, fa3, fs4
core   0: 1 0x0000000080004686 (0x0b46f1d3) f3  0x7ff8000000000000
core   0: 0x000000008000468a (0x40865eb3) sra     t4, a2, s0
core   0: 1 0x000000008000468a (0x40865eb3) x29 0xffffffffffffffff
core   0: 0x000000008000468e (0x008091b3) sll     gp, ra, s0
core   0: 1 0x000000008000468e (0x008091b3) x3  0x0000000000000000
core   0: 0x0000000080004692 (0x5a0bfe53) fsqrt.d ft8, fs7
core   0: 1 0x0000000080004692 (0x5a0bfe53) f28 0x7ff8000000000000
core   0: 0x0000000080004696 (0xc03d75d3) fcvt.lu.s a1, fs10
core   0: 1 0x0000000080004696 (0xc03d75d3) c1_fflags 0x000000000000001f x11 0xffffffffffffffff
core   0: 0x000000008000469a (0xd023fcd3) fcvt.s.l fs9, t2
core   0: 1 0x000000008000469a (0xd023fcd3) f25 0xffffffff00000000
core   0: 0x000000008000469e (0x02138d33) mul     s10, t2, ra
core   0: 1 0x000000008000469e (0x02138d33) x26 0x0000000000000000
core   0: 0x00000000800046a2 (0xc236fb53) fcvt.lu.d s6, fa3
core   0: 1 0x00000000800046a2 (0xc236fb53) c1_fflags 0x000000000000001f x22 0xffffffffffffffff
core   0: 0x00000000800046a6 (0x036db733) mulhu   a4, s11, s6
core   0: 1 0x00000000800046a6 (0x036db733) x14 0x0000000000000000
core   0: 0x00000000800046aa (0x4076da33) sra     s4, a3, t2
core   0: 1 0x00000000800046aa (0x4076da33) x20 0x0000000000000000
core   0: 0x00000000800046ae (0x00000001) c.nop
core   0: 1 0x00000000800046ae (0x0001)
core   0: 0x00000000800046b0 (0x3bfa6313) ori     t1, s4, 959
core   0: 1 0x00000000800046b0 (0x3bfa6313) x6  0x00000000000003bf
core   0: 0x00000000800046b4 (0xeb71fec3) fmadd.d ft9, ft3, fs7, ft9
core   0: 1 0x00000000800046b4 (0xeb71fec3) f29 0x7ff8000000000000
core   0: 0x00000000800046b8 (0x03c66233) rem     tp, a2, t3
core   0: 1 0x00000000800046b8 (0x03c66233) x4  0x0000000000000000
core   0: 0x00000000800046bc (0x41ae5d9b) sraiw   s11, t3, 26
core   0: 1 0x00000000800046bc (0x41ae5d9b) x27 0xffffffffffffffff
core   0: 0x00000000800046c0 (0x02182133) mulhsu  sp, a6, ra
core   0: 1 0x00000000800046c0 (0x02182133) x2  0x000000005358a334
core   0: 0x00000000800046c4 (0x00eec733) xor     a4, t4, a4
core   0: 1 0x00000000800046c4 (0x00eec733) x14 0xffffffffffffffff
core   0: 0x00000000800046c8 (0x01b1ddb3) srl     s11, gp, s11
core   0: 1 0x00000000800046c8 (0x01b1ddb3) x27 0x0000000000000000
core   0: 0x00000000800046cc (0x0108d8bb) srlw    a7, a7, a6
core   0: 1 0x00000000800046cc (0x0108d8bb) x17 0x0000000001fffef2
core   0: 0x00000000800046d0 (0xa3cc8353) fle.d   t1, fs9, ft8
core   0: 1 0x00000000800046d0 (0xa3cc8353) c1_fflags 0x000000000000001f x6  0x0000000000000000
core   0: 0x00000000800046d4 (0x012ca233) slt     tp, s9, s2
core   0: 1 0x00000000800046d4 (0x012ca233) x4  0x0000000000000000
core   0: 0x00000000800046d8 (0x00637eb3) and     t4, t1, t1
core   0: 1 0x00000000800046d8 (0x00637eb3) x29 0x0000000000000000
core   0: 0x00000000800046dc (0x002aaab3) slt     s5, s5, sp
core   0: 1 0x00000000800046dc (0x002aaab3) x21 0x0000000000000001
core   0: 0x00000000800046e0 (0x03112d33) mulhsu  s10, sp, a7
core   0: 1 0x00000000800046e0 (0x03112d33) x26 0x0000000000000000
core   0: 0x00000000800046e4 (0x00161c13) slli    s8, a2, 1
core   0: 1 0x00000000800046e4 (0x00161c13) x24 0xfffffffffffffffe
core   0: 0x00000000800046e8 (0x23641453) fsgnjn.d fs0, fs0, fs6
core   0: 1 0x00000000800046e8 (0x23641453) f8  0x7fffffff00000000
core   0: 0x00000000800046ec (0xc23f7b53) fcvt.lu.d s6, ft10
core   0: 1 0x00000000800046ec (0xc23f7b53) c1_fflags 0x000000000000001f x22 0xffffffffffffffff
core   0: 0x00000000800046f0 (0xc20ef753) fcvt.w.d a4, ft9
core   0: 1 0x00000000800046f0 (0xc20ef753) c1_fflags 0x000000000000001f x14 0x000000007fffffff
core   0: 0x00000000800046f4 (0x036ef8bb) remuw   a7, t4, s6
core   0: 1 0x00000000800046f4 (0x036ef8bb) x17 0x0000000000000000
core   0: 0x00000000800046f8 (0x02447a33) remu    s4, s0, tp
core   0: 1 0x00000000800046f8 (0x02447a33) x20 0xffffffffffffffff
core   0: 0x00000000800046fc (0x401052bb) sraw    t0, zero, ra
core   0: 1 0x00000000800046fc (0x401052bb) x5  0x0000000000000000
core   0: 0x0000000080004700 (0xbaa7dc97) auipc   s9, 0xbaa7d
core   0: 1 0x0000000080004700 (0xbaa7dc97) x25 0x000000003aa81700
core   0: 0x0000000080004704 (0xe722be93) sltiu   t4, t0, -398
core   0: 1 0x0000000080004704 (0xe722be93) x29 0x0000000000000001
core   0: 0x0000000080004708 (0x000cd113) srli    sp, s9, 0
core   0: 1 0x0000000080004708 (0x000cd113) x2  0x000000003aa81700
core   0: 0x000000008000470c (0xc2337253) fcvt.lu.d tp, ft6
core   0: 1 0x000000008000470c (0xc2337253) x4  0x0000000000000000
core   0: 0x0000000080004710 (0x01e2191b) slliw   s2, tp, 30
core   0: 1 0x0000000080004710 (0x01e2191b) x18 0x0000000000000000
core   0: 0x0000000080004714 (0x2bef1253) fmax.d  ft4, ft10, ft10
core   0: 1 0x0000000080004714 (0x2bef1253) f4  0x7ff8000000000000
core   0: 0x0000000080004718 (0xc2127653) fcvt.wu.d a2, ft4
core   0: 1 0x0000000080004718 (0xc2127653) c1_fflags 0x000000000000001f x12 0xffffffffffffffff
core   0: 0x000000008000471c (0x00b599bb) sllw    s3, a1, a1
core   0: 1 0x000000008000471c (0x00b599bb) x19 0xffffffff80000000
core   0: 0x0000000080004720 (0xfb470db7) lui     s11, 0xfb470
core   0: 1 0x0000000080004720 (0xfb470db7) x27 0xfffffffffb470000
core   0: 0x0000000080004724 (0x593d8d9b) addiw   s11, s11, 1427
core   0: 1 0x0000000080004724 (0x593d8d9b) x27 0xfffffffffb470593
core   0: 0x0000000080004728 (0x00000db2) c.slli  s11, 12
core   0: 1 0x0000000080004728 (0x0db2) x27 0xffffffb470593000
core   0: 0x000000008000472a (0xda6d8d93) addi    s11, s11, -602
core   0: 1 0x000000008000472a (0xda6d8d93) x27 0xffffffb470592da6
core   0: 0x000000008000472e (0x029660b3) rem     ra, a2, s1
core   0: 1 0x000000008000472e (0x029660b3) x1  0xffffffffffffffff
core   0: 0x0000000080004732 (0x02971433) mulh    s0, a4, s1
core   0: 1 0x0000000080004732 (0x02971433) x8  0x0000000000000000
core   0: 0x0000000080004736 (0xc23970d3) fcvt.lu.d ra, fs2
core   0: 1 0x0000000080004736 (0xc23970d3) c1_fflags 0x000000000000001f x1  0xffffffffffffffff
core   0: 0x000000008000473a (0xcc4c8a13) addi    s4, s9, -828
core   0: 1 0x000000008000473a (0xcc4c8a13) x20 0x000000003aa813c4
core   0: 0x000000008000473e (0x001a0bb3) add     s7, s4, ra
core   0: 1 0x000000008000473e (0x001a0bb3) x23 0x000000003aa813c3
core   0: 0x0000000080004742 (0xd2048653) fcvt.d.w fa2, s1
core   0: 1 0x0000000080004742 (0xd2048653) f12 0x4187b3d800000000
core   0: 0x0000000080004746 (0x5a0672d3) fsqrt.d ft5, fa2
core   0: 1 0x0000000080004746 (0x5a0672d3) c1_fflags 0x000000000000001f f5  0x40bb8a5fc9e5dd6f
core   0: 0x000000008000474a (0x42028f53) fcvt.d.s ft10, ft5
core   0: 1 0x000000008000474a (0x42028f53) f30 0x7ff8000000000000
core   0: 0x000000008000474e (0x0005149b) slliw   s1, a0, 0
core   0: 1 0x000000008000474e (0x0005149b) x9  0x0000000000000000
core   0: 0x0000000080004752 (0x014bd21b) srliw   tp, s7, 20
core   0: 1 0x0000000080004752 (0x014bd21b) x4  0x00000000000003aa
core   0: 0x0000000080004756 (0x00102173) csrrs   sp, fflags, zero
core   0: 1 0x0000000080004756 (0x00102173) x2  0x000000000000001f
core   0: 0x000000008000475a (0x00a3d3bb) srlw    t2, t2, a0
core   0: 1 0x000000008000475a (0x00a3d3bb) x7  0x0000000000000000
core   0: 0x000000008000475e (0xa826f613) andi    a2, a3, -1406
core   0: 1 0x000000008000475e (0xa826f613) x12 0x0000000000000000
core   0: 0x0000000080004762 (0x7b08b8f3) csrrc   a7, dcsr, a7
core   0: exception trap_illegal_instruction, epc 0x0000000080004762
core   0:           tval 0x000000007b08b8f3
core   0: >>>>  $xrv64i2p1_m2p0_a2p1_f2p2_d2p2_zicsr2p0_zifencei2p0_zmmul1p0_zba1p0_zbb1p0_zbc1p0_zbs1p0
core   0: 0x0000000080004000 (0x0080006f) j       pc + 0x8
core   0: 3 0x0000000080004000 (0x0080006f)
core   0: >>>>  mmode_exception_handler
core   0: 0x0000000080004008 (0x00002c17) auipc   s8, 0x2
core   0: 3 0x0000000080004008 (0x00002c17) x24 0x0000000080006008
core   0: 0x000000008000400c (0xfeac0c13) addi    s8, s8, -22
core   0: 3 0x000000008000400c (0xfeac0c13) x24 0x0000000080005ff2
core   0: 0x0000000080004010 (0x000c00e7) jalr    s8
core   0: 3 0x0000000080004010 (0x000c00e7) x1  0x0000000080004014
core   0: >>>>  any_handler
core   0: 0x0000000080005ff2 (0x341027f3) csrrs   a5, mepc, zero
core   0: 3 0x0000000080005ff2 (0x341027f3) x15 0x0000000080004762
core   0: 0x0000000080005ff6 (0x34202773) csrrs   a4, mcause, zero
core   0: 3 0x0000000080005ff6 (0x34202773) x14 0x0000000000000002
core   0: 0x0000000080005ffa (0x142026f3) csrrs   a3, scause, zero
core   0: 3 0x0000000080005ffa (0x142026f3) x13 0x0000000000000000
core   0: 0x0000000080005ffe (0x30402673) csrrs   a2, mie, zero
core   0: 3 0x0000000080005ffe (0x30402673) x12 0x0000000000000a00
core   0: 0x0000000080006002 (0x344025f3) csrrs   a1, mip, zero
core   0: 3 0x0000000080006002 (0x344025f3) x11 0x0000000000000080
core   0: 0x0000000080006006 (0x343025f3) csrrs   a1, mtval, zero
core   0: 3 0x0000000080006006 (0x343025f3) x11 0x000000007b08b8f3
core   0: 0x000000008000600a (0x14302573) csrrs   a0, stval, zero
core   0: 3 0x000000008000600a (0x14302573) x10 0x0000000000000000
core   0: 0x000000008000600e (0xb02024f3) csrrs   s1, minstret, zero
core   0: 3 0x000000008000600e (0xb02024f3) x9  0x0000000000000ade
core   0: 0x0000000080006012 (0x0000a811) c.j     pc + 20
core   0: 3 0x0000000080006012 (0xa811)
core   0: >>>>  mepc_4
core   0: 0x0000000080006026 (0x00000791) c.addi  a5, 4
core   0: 3 0x0000000080006026 (0x0791) x15 0x0000000080004766
core   0: 0x0000000080006028 (0x34179073) csrrw   zero, mepc, a5
core   0: 3 0x0000000080006028 (0x34179073) c833_mepc 0x0000000080004766
core   0: 0x000000008000602c (0x30200073) mret
core   0: 3 0x000000008000602c (0x30200073) c768_mstatus 0x8000000a00106080
core   0: 0x0000000080004766 (0xc21a9eb7) lui     t4, 0xc21a9
core   0: 1 0x0000000080004766 (0xc21a9eb7) x29 0xffffffffc21a9000
core   0: 0x000000008000476a (0x01dd813b) addw    sp, s11, t4
core   0: 1 0x000000008000476a (0x01dd813b) x2  0x000000003273bda6
core   0: 0x000000008000476e (0xd2040e53) fcvt.d.w ft8, s0
core   0: 1 0x000000008000476e (0xd2040e53) f28 0x0000000000000000
core   0: 0x0000000080004772 (0xe20d8653) fmv.x.d a2, fs11
core   0: 1 0x0000000080004772 (0xe20d8653) x12 0xffffffff7fc00000
core   0: 0x0000000080004776 (0xc226f853) fcvt.l.d a6, fa3
core   0: 1 0x0000000080004776 (0xc226f853) c1_fflags 0x000000000000001f x16 0x7fffffffffffffff
core   0: 0x000000008000477a (0x02cd48bb) divw    a7, s10, a2
core   0: 1 0x000000008000477a (0x02cd48bb) x17 0x0000000000000000
core   0: 0x000000008000477e (0x01f8d79b) srliw   a5, a7, 31
core   0: 1 0x000000008000477e (0x01f8d79b) x15 0x0000000000000000
core   0: 0x0000000080004782 (0x4028d033) sra     zero, a7, sp
core   0: 1 0x0000000080004782 (0x4028d033)
core   0: 0x0000000080004786 (0xd03af8d3) fcvt.s.lu fa7, s5
core   0: 1 0x0000000080004786 (0xd03af8d3) f17 0xffffffff3f800000
core   0: 0x000000008000478a (0x02f3e133) rem     sp, t2, a5
core   0: 1 0x000000008000478a (0x02f3e133) x2  0x0000000000000000
core   0: 0x000000008000478e (0x002b0db3) add     s11, s6, sp
core   0: 1 0x000000008000478e (0x002b0db3) x27 0xffffffffffffffff
core   0: 0x0000000080004792 (0x87fb4193) xori    gp, s6, -1921
core   0: 1 0x0000000080004792 (0x87fb4193) x3  0x0000000000000780
core   0: 0x0000000080004796 (0x024ab133) mulhu   sp, s5, tp
core   0: 1 0x0000000080004796 (0x024ab133) x2  0x0000000000000000
core   0: 0x000000008000479a (0x03b140b3) div     ra, sp, s11
core   0: 1 0x000000008000479a (0x03b140b3) x1  0x0000000000000000
core   0: 0x000000008000479e (0x7ff7c213) xori    tp, a5, 2047
core   0: 1 0x000000008000479e (0x7ff7c213) x4  0x00000000000007ff
core   0: 0x00000000800047a2 (0x01114b33) xor     s6, sp, a7
core   0: 1 0x00000000800047a2 (0x01114b33) x22 0x0000000000000000
core   0: 0x00000000800047a6 (0x030e083b) mulw    a6, t3, a6
core   0: 1 0x00000000800047a6 (0x030e083b) x16 0x0000000000000001
core   0: 0x00000000800047aa (0x1b0a7c53) fdiv.d  fs8, fs4, fa6
core   0: 1 0x00000000800047aa (0x1b0a7c53) f24 0x7ff8000000000000
core   0: 0x00000000800047ae (0x030b5893) srli    a7, s6, 48
core   0: 1 0x00000000800047ae (0x030b5893) x17 0x0000000000000000
core   0: 0x00000000800047b2 (0x8007f313) andi    t1, a5, -2048
core   0: 1 0x00000000800047b2 (0x8007f313) x6  0x0000000000000000
core   0: 0x00000000800047b6 (0xc36c74c3) fmadd.d fs1, fs8, fs6, fs8
core   0: 1 0x00000000800047b6 (0xc36c74c3) f9  0x7ff8000000000000
core   0: 0x00000000800047ba (0x40f20c3b) subw    s8, tp, a5
core   0: 1 0x00000000800047ba (0x40f20c3b) x24 0x00000000000007ff
core   0: 0x00000000800047be (0x02637353) fadd.d  ft6, ft6, ft6
core   0: 1 0x00000000800047be (0x02637353) f6  0x0000000000000000
core   0: 0x00000000800047c2 (0x2264f847) fmsub.d fa6, fs1, ft6, ft4
core   0: 1 0x00000000800047c2 (0x2264f847) f16 0x7ff8000000000000
core   0: 0x00000000800047c6 (0x01d201bb) addw    gp, tp, t4
core   0: 1 0x00000000800047c6 (0x01d201bb) x3  0xffffffffc21a97ff
core   0: 0x00000000800047ca (0x00096293) ori     t0, s2, 0
core   0: 1 0x00000000800047ca (0x00096293) x5  0x0000000000000000
core   0: 0x00000000800047ce (0xc23ef5d3) fcvt.lu.d a1, ft9
core   0: 1 0x00000000800047ce (0xc23ef5d3) c1_fflags 0x000000000000001f x11 0xffffffffffffffff
core   0: 0x00000000800047d2 (0x00000001) c.nop
core   0: 1 0x00000000800047d2 (0x0001)
core   0: 0x00000000800047d4 (0xc02ef7d3) fcvt.l.s a5, ft9
core   0: 1 0x00000000800047d4 (0xc02ef7d3) c1_fflags 0x000000000000001f x15 0x7fffffffffffffff
core   0: 0x00000000800047d8 (0xc22879d3) fcvt.l.d s3, fa6
core   0: 1 0x00000000800047d8 (0xc22879d3) c1_fflags 0x000000000000001f x19 0x7fffffffffffffff
core   0: 0x00000000800047dc (0x020b7abb) remuw   s5, s6, zero
core   0: 1 0x00000000800047dc (0x020b7abb) x21 0x0000000000000000
core   0: 0x00000000800047e0 (0xd20a8fd3) fcvt.d.w ft11, s5
core   0: 1 0x00000000800047e0 (0xd20a8fd3) f31 0x0000000000000000
core   0: 0x00000000800047e4 (0xc039f653) fcvt.lu.s a2, fs3
core   0: 1 0x00000000800047e4 (0xc039f653) c1_fflags 0x000000000000001f x12 0xffffffffffffffff
core   0: 0x00000000800047e8 (0x4008581b) sraiw   a6, a6, 0
core   0: 1 0x00000000800047e8 (0x4008581b) x16 0x0000000000000001
core   0: 0x00000000800047ec (0x40c8083b) subw    a6, a6, a2
core   0: 1 0x00000000800047ec (0x40c8083b) x16 0x0000000000000002
core   0: 0x00000000800047f0 (0x0129a933) slt     s2, s3, s2
core   0: 1 0x00000000800047f0 (0x0129a933) x18 0x0000000000000000
core   0: 0x00000000800047f4 (0x010ac2b3) xor     t0, s5, a6
core   0: 1 0x00000000800047f4 (0x010ac2b3) x5  0x0000000000000002
core   0: 0x00000000800047f8 (0x31072273) csrrs   tp, mstatush, a4
core   0: exception trap_illegal_instruction, epc 0x00000000800047f8
core   0:           tval 0x0000000031072273
core   0: >>>>  $xrv64i2p1_m2p0_a2p1_f2p2_d2p2_zicsr2p0_zifencei2p0_zmmul1p0_zba1p0_zbb1p0_zbc1p0_zbs1p0
core   0: 0x0000000080004000 (0x0080006f) j       pc + 0x8
core   0: 3 0x0000000080004000 (0x0080006f)
core   0: >>>>  mmode_exception_handler
core   0: 0x0000000080004008 (0x00002c17) auipc   s8, 0x2
core   0: 3 0x0000000080004008 (0x00002c17) x24 0x0000000080006008
core   0: 0x000000008000400c (0xfeac0c13) addi    s8, s8, -22
core   0: 3 0x000000008000400c (0xfeac0c13) x24 0x0000000080005ff2
core   0: 0x0000000080004010 (0x000c00e7) jalr    s8
core   0: 3 0x0000000080004010 (0x000c00e7) x1  0x0000000080004014
core   0: >>>>  any_handler
core   0: 0x0000000080005ff2 (0x341027f3) csrrs   a5, mepc, zero
core   0: 3 0x0000000080005ff2 (0x341027f3) x15 0x00000000800047f8
core   0: 0x0000000080005ff6 (0x34202773) csrrs   a4, mcause, zero
core   0: 3 0x0000000080005ff6 (0x34202773) x14 0x0000000000000002
core   0: 0x0000000080005ffa (0x142026f3) csrrs   a3, scause, zero
core   0: 3 0x0000000080005ffa (0x142026f3) x13 0x0000000000000000
core   0: 0x0000000080005ffe (0x30402673) csrrs   a2, mie, zero
core   0: 3 0x0000000080005ffe (0x30402673) x12 0x0000000000000a00
core   0: 0x0000000080006002 (0x344025f3) csrrs   a1, mip, zero
core   0: 3 0x0000000080006002 (0x344025f3) x11 0x0000000000000080
core   0: 0x0000000080006006 (0x343025f3) csrrs   a1, mtval, zero
core   0: 3 0x0000000080006006 (0x343025f3) x11 0x0000000031072273
core   0: 0x000000008000600a (0x14302573) csrrs   a0, stval, zero
core   0: 3 0x000000008000600a (0x14302573) x10 0x0000000000000000
core   0: 0x000000008000600e (0xb02024f3) csrrs   s1, minstret, zero
core   0: 3 0x000000008000600e (0xb02024f3) x9  0x0000000000000b13
core   0: 0x0000000080006012 (0x0000a811) c.j     pc + 20
core   0: 3 0x0000000080006012 (0xa811)
core   0: >>>>  mepc_4
core   0: 0x0000000080006026 (0x00000791) c.addi  a5, 4
core   0: 3 0x0000000080006026 (0x0791) x15 0x00000000800047fc
core   0: 0x0000000080006028 (0x34179073) csrrw   zero, mepc, a5
core   0: 3 0x0000000080006028 (0x34179073) c833_mepc 0x00000000800047fc
core   0: 0x000000008000602c (0x30200073) mret
core   0: 3 0x000000008000602c (0x30200073) c768_mstatus 0x8000000a00106080
core   0: 0x00000000800047fc (0x40025b93) srai    s7, tp, 0
core   0: 1 0x00000000800047fc (0x40025b93) x23 0x00000000000007ff
core   0: 0x0000000080004800 (0xa8298e93) addi    t4, s3, -1406
core   0: 1 0x0000000080004800 (0xa8298e93) x29 0x7ffffffffffffa81
core   0: 0x0000000080004804 (0x4016561b) sraiw   a2, a2, 1
core   0: 1 0x0000000080004804 (0x4016561b) x12 0x0000000000000500
core   0: 0x0000000080004808 (0x02d5d5b3) divu    a1, a1, a3
core   0: 1 0x0000000080004808 (0x02d5d5b3) x11 0xffffffffffffffff
core   0: 0x000000008000480c (0x849fc637) lui     a2, 0x849fc
core   0: 1 0x000000008000480c (0x849fc637) x12 0xffffffff849fc000
core   0: 0x0000000080004810 (0x420d82d3) fcvt.d.s ft5, fs11
core   0: 1 0x0000000080004810 (0x420d82d3) f5  0x7ff8000000000000
core   0: 0x0000000080004814 (0x41b9ddbb) sraw    s11, s3, s11
core   0: 1 0x0000000080004814 (0x41b9ddbb) x27 0xffffffffffffffff
core   0: 0x0000000080004818 (0x0325843b) mulw    s0, a1, s2
core   0: 1 0x0000000080004818 (0x0325843b) x8  0x0000000000000000
core   0: 0x000000008000481c (0x016b1e3b) sllw    t3, s6, s6
core   0: 1 0x000000008000481c (0x016b1e3b) x28 0x0000000000000000
core   0: 0x0000000080004820 (0x00019893) slli    a7, gp, 0
core   0: 1 0x0000000080004820 (0x00019893) x17 0xffffffffc21a97ff
core   0: 0x0000000080004824 (0x00000001) c.nop
core   0: 1 0x0000000080004824 (0x0001)
core   0: 0x0000000080004826 (0x5a087353) fsqrt.d ft6, fa6
core   0: 1 0x0000000080004826 (0x5a087353) f6  0x7ff8000000000000
core   0: 0x000000008000482a (0x0a8b7253) fsub.d  ft4, fs6, fs0
core   0: 1 0x000000008000482a (0x0a8b7253) f4  0x7ff8000000000000
core   0: 0x000000008000482e (0x407653bb) sraw    t2, a2, t2
core   0: 1 0x000000008000482e (0x407653bb) x7  0xffffffff849fc000
core   0: 0x0000000080004832 (0x0a979e37) lui     t3, 0xa979
core   0: 1 0x0000000080004832 (0x0a979e37) x28 0x000000000a979000
core   0: 0x0000000080004836 (0x02be3533) mulhu   a0, t3, a1
core   0: 1 0x0000000080004836 (0x02be3533) x10 0x000000000a978fff
core   0: 0x000000008000483a (0x82e6f843) fmadd.d fa6, fa3, fa4, fa6
core   0: 1 0x000000008000483a (0x82e6f843) f16 0x7ff8000000000000
core   0: 0x000000008000483e (0x0022f1b3) and     gp, t0, sp
core   0: 1 0x000000008000483e (0x0022f1b3) x3  0x0000000000000000
core   0: 0x0000000080004842 (0xc01377f3) csrrci  a5, time, 6
core   0: exception trap_illegal_instruction, epc 0x0000000080004842
core   0:           tval 0x00000000c01377f3
core   0: >>>>  $xrv64i2p1_m2p0_a2p1_f2p2_d2p2_zicsr2p0_zifencei2p0_zmmul1p0_zba1p0_zbb1p0_zbc1p0_zbs1p0
core   0: 0x0000000080004000 (0x0080006f) j       pc + 0x8
core   0: 3 0x0000000080004000 (0x0080006f)
core   0: >>>>  mmode_exception_handler
core   0: 0x0000000080004008 (0x00002c17) auipc   s8, 0x2
core   0: 3 0x0000000080004008 (0x00002c17) x24 0x0000000080006008
core   0: 0x000000008000400c (0xfeac0c13) addi    s8, s8, -22
core   0: 3 0x000000008000400c (0xfeac0c13) x24 0x0000000080005ff2
core   0: 0x0000000080004010 (0x000c00e7) jalr    s8
core   0: 3 0x0000000080004010 (0x000c00e7) x1  0x0000000080004014
core   0: >>>>  any_handler
core   0: 0x0000000080005ff2 (0x341027f3) csrrs   a5, mepc, zero
core   0: 3 0x0000000080005ff2 (0x341027f3) x15 0x0000000080004842
core   0: 0x0000000080005ff6 (0x34202773) csrrs   a4, mcause, zero
core   0: 3 0x0000000080005ff6 (0x34202773) x14 0x0000000000000002
core   0: 0x0000000080005ffa (0x142026f3) csrrs   a3, scause, zero
core   0: 3 0x0000000080005ffa (0x142026f3) x13 0x0000000000000000
core   0: 0x0000000080005ffe (0x30402673) csrrs   a2, mie, zero
core   0: 3 0x0000000080005ffe (0x30402673) x12 0x0000000000000a00
core   0: 0x0000000080006002 (0x344025f3) csrrs   a1, mip, zero
core   0: 3 0x0000000080006002 (0x344025f3) x11 0x0000000000000080
core   0: 0x0000000080006006 (0x343025f3) csrrs   a1, mtval, zero
core   0: 3 0x0000000080006006 (0x343025f3) x11 0x00000000c01377f3
core   0: 0x000000008000600a (0x14302573) csrrs   a0, stval, zero
core   0: 3 0x000000008000600a (0x14302573) x10 0x0000000000000000
core   0: 0x000000008000600e (0xb02024f3) csrrs   s1, minstret, zero
core   0: 3 0x000000008000600e (0xb02024f3) x9  0x0000000000000b35
core   0: 0x0000000080006012 (0x0000a811) c.j     pc + 20
core   0: 3 0x0000000080006012 (0xa811)
core   0: >>>>  mepc_4
core   0: 0x0000000080006026 (0x00000791) c.addi  a5, 4
core   0: 3 0x0000000080006026 (0x0791) x15 0x0000000080004846
core   0: 0x0000000080006028 (0x34179073) csrrw   zero, mepc, a5
core   0: 3 0x0000000080006028 (0x34179073) c833_mepc 0x0000000080004846
core   0: 0x000000008000602c (0x30200073) mret
core   0: 3 0x000000008000602c (0x30200073) c768_mstatus 0x8000000a00106080
core   0: 0x0000000080004846 (0x41478a33) sub     s4, a5, s4
core   0: 1 0x0000000080004846 (0x41478a33) x20 0x0000000045583482
core   0: 0x000000008000484a (0xc7370713) addi    a4, a4, -909
core   0: 1 0x000000008000484a (0xc7370713) x14 0xfffffffffffffc75
core   0: 0x000000008000484e (0x0063033b) addw    t1, t1, t1
core   0: 1 0x000000008000484e (0x0063033b) x6  0x0000000000000000
core   0: 0x0000000080004852 (0xc23277d3) fcvt.lu.d a5, ft4
core   0: 1 0x0000000080004852 (0xc23277d3) c1_fflags 0x000000000000001f x15 0xffffffffffffffff
core   0: 0x0000000080004856 (0x420f8cd3) fcvt.d.s fs9, ft11
core   0: 1 0x0000000080004856 (0x420f8cd3) f25 0x7ff8000000000000
core   0: 0x000000008000485a (0x01088eb3) add     t4, a7, a6
core   0: 1 0x000000008000485a (0x01088eb3) x29 0xffffffffc21a9801
core   0: 0x000000008000485e (0x01d8e133) or      sp, a7, t4
core   0: 1 0x000000008000485e (0x01d8e133) x2  0xffffffffc21a9fff
core   0: 0x0000000080004862 (0x00c0ae33) slt     t3, ra, a2
core   0: 1 0x0000000080004862 (0x00c0ae33) x28 0x0000000000000000
core   0: 0x0000000080004866 (0x0006a933) slt     s2, a3, zero
core   0: 1 0x0000000080004866 (0x0006a933) x18 0x0000000000000000
core   0: 0x000000008000486a (0x001e111b) slliw   sp, t3, 1
core   0: 1 0x000000008000486a (0x001e111b) x2  0x0000000000000000
core   0: 0x000000008000486e (0x4070d83b) sraw    a6, ra, t2
core   0: 1 0x000000008000486e (0x4070d83b) x16 0xffffffff80004014
core   0: 0x0000000080004872 (0x00021513) slli    a0, tp, 0
core   0: 1 0x0000000080004872 (0x00021513) x10 0x00000000000007ff
core   0: 0x0000000080004876 (0x41d589bb) subw    s3, a1, t4
core   0: 1 0x0000000080004876 (0x41d589bb) x19 0xfffffffffdf8dff2
core   0: 0x000000008000487a (0x00d5eeb3) or      t4, a1, a3
core   0: 1 0x000000008000487a (0x00d5eeb3) x29 0x00000000c01377f3
core   0: 0x000000008000487e (0x7ffa0a1b) addiw   s4, s4, 2047
core   0: 1 0x000000008000487e (0x7ffa0a1b) x20 0x0000000045583c81
core   0: 0x0000000080004882 (0x028a6dbb) remw    s11, s4, s0
core   0: 1 0x0000000080004882 (0x028a6dbb) x27 0x0000000045583c81
core   0: 0x0000000080004886 (0xd2140fd3) fcvt.d.wu ft11, s0
core   0: 1 0x0000000080004886 (0xd2140fd3) f31 0x0000000000000000
core   0: 0x000000008000488a (0x80066313) ori     t1, a2, -2048
core   0: 1 0x000000008000488a (0x80066313) x6  0xfffffffffffffa00
core   0: 0x000000008000488e (0x401ff5d3) fcvt.s.d fa1, ft11
core   0: 1 0x000000008000488e (0x401ff5d3) f11 0xffffffff00000000
core   0: 0x0000000080004892 (0x034e2e33) mulhsu  t3, t3, s4
core   0: 1 0x0000000080004892 (0x034e2e33) x28 0x0000000000000000
core   0: 0x0000000080004896 (0x411d073b) subw    a4, s10, a7
core   0: 1 0x0000000080004896 (0x411d073b) x14 0x000000003de56801
core   0: 0x000000008000489a (0x00184d93) xori    s11, a6, 1
core   0: 1 0x000000008000489a (0x00184d93) x27 0xffffffff80004015
core   0: 0x000000008000489e (0x0107121b) slliw   tp, a4, 16
core   0: 1 0x000000008000489e (0x0107121b) x4  0x0000000068010000
core   0: 0x00000000800048a2 (0x00175013) srli    zero, a4, 1
core   0: 1 0x00000000800048a2 (0x00175013)
core   0: 0x00000000800048a6 (0xd233fe53) fcvt.d.lu ft8, t2
core   0: 1 0x00000000800048a6 (0xd233fe53) f28 0x43effffffff093f8
core   0: 0x00000000800048aa (0x4166db33) sra     s6, a3, s6
core   0: 1 0x00000000800048aa (0x4166db33) x22 0x0000000000000000
core   0: 0x00000000800048ae (0x937d7bcb) fnmsub.d fs7, fs10, fs7, fs2
core   0: 1 0x00000000800048ae (0x937d7bcb) f23 0x7ff8000000000000
core   0: 0x00000000800048b2 (0xd228f8d3) fcvt.d.l fa7, a7
core   0: 1 0x00000000800048b2 (0xd228f8d3) f17 0xc1cef2b400800000
core   0: 0x00000000800048b6 (0x001017f3) csrrw   a5, fflags, zero
core   0: 1 0x00000000800048b6 (0x001017f3) x15 0x000000000000001f c1_fflags 0x0000000000000000
core   0: 0x00000000800048ba (0x00057d93) andi    s11, a0, 0
core   0: 1 0x00000000800048ba (0x00057d93) x27 0x0000000000000000
core   0: 0x00000000800048be (0xcae2f213) andi    tp, t0, -850
core   0: 1 0x00000000800048be (0xcae2f213) x4  0x0000000000000002
core   0: 0x00000000800048c2 (0x01ca8e3b) addw    t3, s5, t3
core   0: 1 0x00000000800048c2 (0x01ca8e3b) x28 0x0000000000000000
core   0: 0x00000000800048c6 (0x02b8fcd3) fadd.d  fs9, fa7, fa1
core   0: 1 0x00000000800048c6 (0x02b8fcd3) f25 0x7ff8000000000000
core   0: 0x00000000800048ca (0x27b3da17) auipc   s4, 0x27b3d
core   0: 1 0x00000000800048ca (0x27b3da17) x20 0x00000000a7b418ca
core   0: 0x00000000800048ce (0x021aa033) mulhsu  zero, s5, ra
core   0: 1 0x00000000800048ce (0x021aa033)
core   0: 0x00000000800048d2 (0x023448b3) div     a7, s0, gp
core   0: 1 0x00000000800048d2 (0x023448b3) x17 0xffffffffffffffff
core   0: 0x00000000800048d6 (0x4006d113) srai    sp, a3, 0
core   0: 1 0x00000000800048d6 (0x4006d113) x2  0x0000000000000000
core   0: 0x00000000800048da (0x40c8c193) xori    gp, a7, 1036
core   0: 1 0x00000000800048da (0x40c8c193) x3  0xfffffffffffffbf3
core   0: 0x00000000800048de (0xd03cffd3) fcvt.s.lu ft11, s9
core   0: 1 0x00000000800048de (0xd03cffd3) f31 0xffffffff4e6aa05c
core   0: 0x00000000800048e2 (0x6a977993) andi    s3, a4, 1705
core   0: 1 0x00000000800048e2 (0x6a977993) x19 0x0000000000000001
core   0: 0x00000000800048e6 (0x30393973) csrrc   s2, mideleg, s2
core   0: exception trap_illegal_instruction, epc 0x00000000800048e6
core   0:           tval 0x0000000030393973
core   0: >>>>  $xrv64i2p1_m2p0_a2p1_f2p2_d2p2_zicsr2p0_zifencei2p0_zmmul1p0_zba1p0_zbb1p0_zbc1p0_zbs1p0
core   0: 0x0000000080004000 (0x0080006f) j       pc + 0x8
core   0: 3 0x0000000080004000 (0x0080006f)
core   0: >>>>  mmode_exception_handler
core   0: 0x0000000080004008 (0x00002c17) auipc   s8, 0x2
core   0: 3 0x0000000080004008 (0x00002c17) x24 0x0000000080006008
core   0: 0x000000008000400c (0xfeac0c13) addi    s8, s8, -22
core   0: 3 0x000000008000400c (0xfeac0c13) x24 0x0000000080005ff2
core   0: 0x0000000080004010 (0x000c00e7) jalr    s8
core   0: 3 0x0000000080004010 (0x000c00e7) x1  0x0000000080004014
core   0: >>>>  any_handler
core   0: 0x0000000080005ff2 (0x341027f3) csrrs   a5, mepc, zero
core   0: 3 0x0000000080005ff2 (0x341027f3) x15 0x00000000800048e6
core   0: 0x0000000080005ff6 (0x34202773) csrrs   a4, mcause, zero
core   0: 3 0x0000000080005ff6 (0x34202773) x14 0x0000000000000002
core   0: 0x0000000080005ffa (0x142026f3) csrrs   a3, scause, zero
core   0: 3 0x0000000080005ffa (0x142026f3) x13 0x0000000000000000
core   0: 0x0000000080005ffe (0x30402673) csrrs   a2, mie, zero
core   0: 3 0x0000000080005ffe (0x30402673) x12 0x0000000000000a00
core   0: 0x0000000080006002 (0x344025f3) csrrs   a1, mip, zero
core   0: 3 0x0000000080006002 (0x344025f3) x11 0x0000000000000080
core   0: 0x0000000080006006 (0x343025f3) csrrs   a1, mtval, zero
core   0: 3 0x0000000080006006 (0x343025f3) x11 0x0000000030393973
core   0: 0x000000008000600a (0x14302573) csrrs   a0, stval, zero
core   0: 3 0x000000008000600a (0x14302573) x10 0x0000000000000000
core   0: 0x000000008000600e (0xb02024f3) csrrs   s1, minstret, zero
core   0: 3 0x000000008000600e (0xb02024f3) x9  0x0000000000000b6d
core   0: 0x0000000080006012 (0x0000a811) c.j     pc + 20
core   0: 3 0x0000000080006012 (0xa811)
core   0: >>>>  mepc_4
core   0: 0x0000000080006026 (0x00000791) c.addi  a5, 4
core   0: 3 0x0000000080006026 (0x0791) x15 0x00000000800048ea
core   0: 0x0000000080006028 (0x34179073) csrrw   zero, mepc, a5
core   0: 3 0x0000000080006028 (0x34179073) c833_mepc 0x00000000800048ea
core   0: 0x000000008000602c (0x30200073) mret
core   0: 3 0x000000008000602c (0x30200073) c768_mstatus 0x8000000a00106080
core   0: 0x00000000800048ea (0x4019da9b) sraiw   s5, s3, 1
core   0: 1 0x00000000800048ea (0x4019da9b) x21 0x0000000000000000
core   0: 0x00000000800048ee (0x23eb0153) fsgnj.d ft2, fs6, ft10
core   0: 1 0x00000000800048ee (0x23eb0153) f2  0x7fffffff00000000
core   0: 0x00000000800048f2 (0xec568b97) auipc   s7, 0xec568
core   0: 1 0x00000000800048f2 (0xec568b97) x23 0x000000006c56c8f2
core   0: 0x00000000800048f6 (0x00fbd033) srl     zero, s7, a5
core   0: 1 0x00000000800048f6 (0x00fbd033)
core   0: 0x00000000800048fa (0x1af8f7d3) fdiv.d  fa5, fa7, fa5
core   0: 1 0x00000000800048fa (0x1af8f7d3) f15 0x41cef2b400800000
core   0: 0x00000000800048fe (0x232b04d3) fsgnj.d fs1, fs6, fs2
core   0: 1 0x00000000800048fe (0x232b04d3) f9  0xffffffff00000000
core   0: 0x0000000080004902 (0x0166589b) srliw   a7, a2, 22
core   0: 1 0x0000000080004902 (0x0166589b) x17 0x0000000000000000
core   0: 0x0000000080004906 (0x0108921b) slliw   tp, a7, 16
core   0: 1 0x0000000080004906 (0x0108921b) x4  0x0000000000000000
core   0: 0x000000008000490a (0xc028f5d3) fcvt.l.s a1, fa7
core   0: 1 0x000000008000490a (0xc028f5d3) c1_fflags 0x0000000000000010 x11 0x7fffffffffffffff
core   0: 0x000000008000490e (0x00102af3) csrrs   s5, fflags, zero
core   0: 1 0x000000008000490e (0x00102af3) x21 0x0000000000000010
core   0: 0x0000000080004912 (0x002a913b) sllw    sp, s5, sp
core   0: 1 0x0000000080004912 (0x002a913b) x2  0x0000000000000010
core   0: 0x0000000080004916 (0x6bd18993) addi    s3, gp, 1725
core   0: 1 0x0000000080004916 (0x6bd18993) x19 0x00000000000002b0
core   0: 0x000000008000491a (0x0223b7b3) mulhu   a5, t2, sp
core   0: 1 0x000000008000491a (0x0223b7b3) x15 0x000000000000000f
core   0: 0x000000008000491e (0x02345433) divu    s0, s0, gp
core   0: 1 0x000000008000491e (0x02345433) x8  0x0000000000000000
core   0: 0x0000000080004922 (0x0371e03b) remw    zero, gp, s7
core   0: 1 0x0000000080004922 (0x0371e03b)
core   0: 0x0000000080004926 (0x53626a13) ori     s4, tp, 1334
core   0: 1 0x0000000080004926 (0x53626a13) x20 0x0000000000000536
core   0: 0x000000008000492a (0x00190e13) addi    t3, s2, 1
core   0: 1 0x000000008000492a (0x00190e13) x28 0x0000000000000001
core   0: 0x000000008000492e (0x01085abb) srlw    s5, a6, a6
core   0: 1 0x000000008000492e (0x01085abb) x21 0x0000000000000800
core   0: 0x0000000080004932 (0x028ad113) srli    sp, s5, 40
core   0: 1 0x0000000080004932 (0x028ad113) x2  0x0000000000000000
core   0: 0x0000000080004936 (0x23519a53) fsgnjn.d fs4, ft3, fs5
core   0: 1 0x0000000080004936 (0x23519a53) f20 0xfff8000000000000
core   0: 0x000000008000493a (0x41778bbb) subw    s7, a5, s7
core   0: 1 0x000000008000493a (0x41778bbb) x23 0xffffffff93a9371d
core   0: 0x000000008000493e (0x0000909b) slliw   ra, ra, 0
core   0: 1 0x000000008000493e (0x0000909b) x1  0xffffffff80004014
core   0: 0x0000000080004942 (0x2a639553) fmax.d  fa0, ft7, ft6
core   0: 1 0x0000000080004942 (0x2a639553) f10 0x7ff8000000000000
core   0: 0x0000000080004946 (0x00009152) c.add   sp, s4
core   0: 1 0x0000000080004946 (0x9152) x2  0x0000000000000536
core   0: 0x0000000080004948 (0x02fbec33) rem     s8, s7, a5
core   0: 1 0x0000000080004948 (0x02fbec33) x24 0xfffffffffffffffa
core   0: 0x000000008000494c (0xd0317cd3) fcvt.s.lu fs9, sp
core   0: 1 0x000000008000494c (0xd0317cd3) f25 0xffffffff44a6c000
core   0: 0x0000000080004950 (0x022134b3) mulhu   s1, sp, sp
core   0: 1 0x0000000080004950 (0x022134b3) x9  0x0000000000000000
core   0: 0x0000000080004954 (0x239b8bd3) fsgnj.d fs7, fs7, fs9
core   0: 1 0x0000000080004954 (0x239b8bd3) f23 0xfff8000000000000
core   0: 0x0000000080004958 (0x402153b3) sra     t2, sp, sp
core   0: 1 0x0000000080004958 (0x402153b3) x7  0x0000000000000000
core   0: 0x000000008000495c (0x023bf253) fadd.d  ft4, fs7, ft3
core   0: 1 0x000000008000495c (0x023bf253) f4  0x7ff8000000000000
core   0: 0x0000000080004960 (0x0232423b) divw    tp, tp, gp
core   0: 1 0x0000000080004960 (0x0232423b) x4  0x0000000000000000
core   0: 0x0000000080004964 (0x02778c3b) mulw    s8, a5, t2
core   0: 1 0x0000000080004964 (0x02778c3b) x24 0x0000000000000000
core   0: 0x0000000080004968 (0x00cc513b) srlw    sp, s8, a2
core   0: 1 0x0000000080004968 (0x00cc513b) x2  0x0000000000000000
core   0: 0x000000008000496c (0x02450533) mul     a0, a0, tp
core   0: 1 0x000000008000496c (0x02450533) x10 0x0000000000000000
core   0: 0x0000000080004970 (0x00000001) c.nop
core   0: 1 0x0000000080004970 (0x0001)
core   0: 0x0000000080004972 (0xf20d0b53) fmv.d.x fs6, s10
core   0: 1 0x0000000080004972 (0xf20d0b53) f22 0x0000000000000000
core   0: 0x0000000080004976 (0x420b0653) fcvt.d.s fa2, fs6
core   0: 1 0x0000000080004976 (0x420b0653) f12 0x7ff8000000000000
core   0: 0x000000008000497a (0x401c5d13) srai    s10, s8, 1
core   0: 1 0x000000008000497a (0x401c5d13) x26 0x0000000000000000
core   0: 0x000000008000497e (0x031143bb) divw    t2, sp, a7
core   0: 1 0x000000008000497e (0x031143bb) x7  0xffffffffffffffff
core   0: 0x0000000080004982 (0x0ff0000f) fence   iorw,iorw
core   0: 1 0x0000000080004982 (0x0ff0000f)
core   0: 0x0000000080004986 (0x43f5db93) srai    s7, a1, 63
core   0: 1 0x0000000080004986 (0x43f5db93) x23 0x0000000000000000
core   0: 0x000000008000498a (0x40015b1b) sraiw   s6, sp, 0
core   0: 1 0x000000008000498a (0x40015b1b) x22 0x0000000000000000
core   0: 0x000000008000498e (0x40db07bb) subw    a5, s6, a3
core   0: 1 0x000000008000498e (0x40db07bb) x15 0x0000000000000000
core   0: 0x0000000080004992 (0xc23b7453) fcvt.lu.d s0, fs6
core   0: 1 0x0000000080004992 (0xc23b7453) x8  0x0000000000000000
core   0: 0x0000000080004996 (0x0143d8b3) srl     a7, t2, s4
core   0: 1 0x0000000080004996 (0x0143d8b3) x17 0x00000000000003ff
core   0: 0x000000008000499a (0x0169193b) sllw    s2, s2, s6
core   0: 1 0x000000008000499a (0x0169193b) x18 0x0000000000000000
core   0: 0x000000008000499e (0x4010dc9b) sraiw   s9, ra, 1
core   0: 1 0x000000008000499e (0x4010dc9b) x25 0xffffffffc000200a
core   0: 0x00000000800049a2 (0x00095c1b) srliw   s8, s2, 0
core   0: 1 0x00000000800049a2 (0x00095c1b) x24 0x0000000000000000
core   0: 0x00000000800049a6 (0x038c74b3) remu    s1, s8, s8
core   0: 1 0x00000000800049a6 (0x038c74b3) x9  0x0000000000000000
core   0: 0x00000000800049aa (0x00000001) c.nop
core   0: 1 0x00000000800049aa (0x0001)
core   0: 0x00000000800049ac (0x014491bb) sllw    gp, s1, s4
core   0: 1 0x00000000800049ac (0x014491bb) x3  0x0000000000000000
core   0: 0x00000000800049b0 (0x00211d73) csrrw   s10, frm, sp
core   0: 1 0x00000000800049b0 (0x00211d73) x26 0x0000000000000000 c2_frm 0x0000000000000000
core   0: 0x00000000800049b4 (0xc235f8d3) fcvt.lu.d a7, fa1
core   0: 1 0x00000000800049b4 (0xc235f8d3) c1_fflags 0x0000000000000010 x17 0xffffffffffffffff
core   0: 0x00000000800049b8 (0x40157253) fcvt.s.d ft4, fa0
core   0: 1 0x00000000800049b8 (0x40157253) f4  0xffffffff7fc00000
core   0: 0x00000000800049bc (0x0154dabb) srlw    s5, s1, s5
core   0: 1 0x00000000800049bc (0x0154dabb) x21 0x0000000000000000
core   0: 0x00000000800049c0 (0x000d1193) slli    gp, s10, 0
core   0: 1 0x00000000800049c0 (0x000d1193) x3  0x0000000000000000
core   0: 0x00000000800049c4 (0xc035f353) fcvt.lu.s t1, fa1
core   0: 1 0x00000000800049c4 (0xc035f353) x6  0x0000000000000000
core   0: 0x00000000800049c8 (0xd23372d3) fcvt.d.lu ft5, t1
core   0: 1 0x00000000800049c8 (0xd23372d3) f5  0x0000000000000000
core   0: 0x00000000800049cc (0x8c7fd8b7) lui     a7, 0x8c7fd
core   0: 1 0x00000000800049cc (0x8c7fd8b7) x17 0xffffffff8c7fd000
core   0: 0x00000000800049d0 (0x02d2d913) srli    s2, t0, 45
core   0: 1 0x00000000800049d0 (0x02d2d913) x18 0x0000000000000000
core   0: 0x00000000800049d4 (0x00008985) c.andi  a1, 1
core   0: 1 0x00000000800049d4 (0x8985) x11 0x0000000000000001
core   0: 0x00000000800049d6 (0x4fde071b) addiw   a4, t3, 1277
core   0: 1 0x00000000800049d6 (0x4fde071b) x14 0x00000000000004fe
core   0: 0x00000000800049da (0x41c38abb) subw    s5, t2, t3
core   0: 1 0x00000000800049da (0x41c38abb) x21 0xfffffffffffffffe
core   0: 0x00000000800049de (0x035deeb3) rem     t4, s11, s5
core   0: 1 0x00000000800049de (0x035deeb3) x29 0x0000000000000000
core   0: 0x00000000800049e2 (0x00d79d1b) slliw   s10, a5, 13
core   0: 1 0x00000000800049e2 (0x00d79d1b) x26 0x0000000000000000
core   0: 0x00000000800049e6 (0xd227fe53) fcvt.d.l ft8, a5
core   0: 1 0x00000000800049e6 (0xd227fe53) f28 0x0000000000000000
core   0: 0x00000000800049ea (0x0ff0000f) fence   iorw,iorw
core   0: 1 0x00000000800049ea (0x0ff0000f)
core   0: 0x00000000800049ee (0x021e7633) remu    a2, t3, ra
core   0: 1 0x00000000800049ee (0x021e7633) x12 0x0000000000000001
core   0: 0x00000000800049f2 (0xd020f753) fcvt.s.l fa4, ra
core   0: 1 0x00000000800049f2 (0xd020f753) c1_fflags 0x0000000000000011 f14 0xffffffffceffff80
core   0: 0x00000000800049f6 (0x222f97d3) fsgnjn.d fa5, ft11, ft2
core   0: 1 0x00000000800049f6 (0x222f97d3) f15 0xffffffff4e6aa05c
core   0: 0x00000000800049fa (0x238faed3) fsgnjx.d ft9, ft11, fs8
core   0: 1 0x00000000800049fa (0x238faed3) f29 0xffffffff4e6aa05c
core   0: 0x00000000800049fe (0x420d8dd3) fcvt.d.s fs11, fs11
core   0: 1 0x00000000800049fe (0x420d8dd3) f27 0x7ff8000000000000
core   0: 0x0000000080004a02 (0x001e09bb) addw    s3, t3, ra
core   0: 1 0x0000000080004a02 (0x001e09bb) x19 0xffffffff80004015
core   0: 0x0000000080004a06 (0xc02ef4d3) fcvt.l.s s1, ft9
core   0: 1 0x0000000080004a06 (0xc02ef4d3) x9  0x000000003aa81700
core   0: 0x0000000080004a0a (0x039c8cb3) mul     s9, s9, s9
core   0: 1 0x0000000080004a0a (0x039c8cb3) x25 0x0fffeffb04028064
core   0: 0x0000000080004a0e (0x019e91b3) sll     gp, t4, s9
core   0: 1 0x0000000080004a0e (0x019e91b3) x3  0x0000000000000000
core   0: 0x0000000080004a12 (0x02681333) mulh    t1, a6, t1
core   0: 1 0x0000000080004a12 (0x02681333) x6  0x0000000000000000
core   0: 0x0000000080004a16 (0x43fcd593) srai    a1, s9, 63
core   0: 1 0x0000000080004a16 (0x43fcd593) x11 0x0000000000000000
core   0: 0x0000000080004a1a (0x23bf0253) fsgnj.d ft4, ft10, fs11
core   0: 1 0x0000000080004a1a (0x23bf0253) f4  0x7ff8000000000000
core   0: 0x0000000080004a1e (0x52035d17) auipc   s10, 0x52035
core   0: 1 0x0000000080004a1e (0x52035d17) x26 0x00000000d2039a1e
core   0: 0x0000000080004a22 (0x035ad13b) divuw   sp, s5, s5
core   0: 1 0x0000000080004a22 (0x035ad13b) x2  0x0000000000000001
core   0: 0x0000000080004a26 (0x00102973) csrrs   s2, fflags, zero
core   0: 1 0x0000000080004a26 (0x00102973) x18 0x0000000000000011
core   0: 0x0000000080004a2a (0x2bea0cd3) fmin.d  fs9, fs4, ft10
core   0: 1 0x0000000080004a2a (0x2bea0cd3) f25 0x7ff8000000000000
core   0: 0x0000000080004a2e (0x74703ef3) csrrc   t4, mseccfg, zero
core   0: exception trap_illegal_instruction, epc 0x0000000080004a2e
core   0:           tval 0x0000000074703ef3
core   0: >>>>  $xrv64i2p1_m2p0_a2p1_f2p2_d2p2_zicsr2p0_zifencei2p0_zmmul1p0_zba1p0_zbb1p0_zbc1p0_zbs1p0
core   0: 0x0000000080004000 (0x0080006f) j       pc + 0x8
core   0: 3 0x0000000080004000 (0x0080006f)
core   0: >>>>  mmode_exception_handler
core   0: 0x0000000080004008 (0x00002c17) auipc   s8, 0x2
core   0: 3 0x0000000080004008 (0x00002c17) x24 0x0000000080006008
core   0: 0x000000008000400c (0xfeac0c13) addi    s8, s8, -22
core   0: 3 0x000000008000400c (0xfeac0c13) x24 0x0000000080005ff2
core   0: 0x0000000080004010 (0x000c00e7) jalr    s8
core   0: 3 0x0000000080004010 (0x000c00e7) x1  0x0000000080004014
core   0: >>>>  any_handler
core   0: 0x0000000080005ff2 (0x341027f3) csrrs   a5, mepc, zero
core   0: 3 0x0000000080005ff2 (0x341027f3) x15 0x0000000080004a2e
core   0: 0x0000000080005ff6 (0x34202773) csrrs   a4, mcause, zero
core   0: 3 0x0000000080005ff6 (0x34202773) x14 0x0000000000000002
core   0: 0x0000000080005ffa (0x142026f3) csrrs   a3, scause, zero
core   0: 3 0x0000000080005ffa (0x142026f3) x13 0x0000000000000000
core   0: 0x0000000080005ffe (0x30402673) csrrs   a2, mie, zero
core   0: 3 0x0000000080005ffe (0x30402673) x12 0x0000000000000a00
core   0: 0x0000000080006002 (0x344025f3) csrrs   a1, mip, zero
core   0: 3 0x0000000080006002 (0x344025f3) x11 0x0000000000000080
core   0: 0x0000000080006006 (0x343025f3) csrrs   a1, mtval, zero
core   0: 3 0x0000000080006006 (0x343025f3) x11 0x0000000074703ef3
core   0: 0x000000008000600a (0x14302573) csrrs   a0, stval, zero
core   0: 3 0x000000008000600a (0x14302573) x10 0x0000000000000000
core   0: 0x000000008000600e (0xb02024f3) csrrs   s1, minstret, zero
core   0: 3 0x000000008000600e (0xb02024f3) x9  0x0000000000000bd0
core   0: 0x0000000080006012 (0x0000a811) c.j     pc + 20
core   0: 3 0x0000000080006012 (0xa811)
core   0: >>>>  mepc_4
core   0: 0x0000000080006026 (0x00000791) c.addi  a5, 4
core   0: 3 0x0000000080006026 (0x0791) x15 0x0000000080004a32
core   0: 0x0000000080006028 (0x34179073) csrrw   zero, mepc, a5
core   0: 3 0x0000000080006028 (0x34179073) c833_mepc 0x0000000080004a32
core   0: 0x000000008000602c (0x30200073) mret
core   0: 3 0x000000008000602c (0x30200073) c768_mstatus 0x8000000a00106080
core   0: 0x0000000080004a32 (0x03938cb3) mul     s9, t2, s9
core   0: 1 0x0000000080004a32 (0x03938cb3) x25 0xf0001004fbfd7f9c
core   0: 0x0000000080004a36 (0x340090f3) csrrw   ra, mscratch, ra
core   0: exception trap_illegal_instruction, epc 0x0000000080004a36
core   0:           tval 0x00000000340090f3
core   0: >>>>  $xrv64i2p1_m2p0_a2p1_f2p2_d2p2_zicsr2p0_zifencei2p0_zmmul1p0_zba1p0_zbb1p0_zbc1p0_zbs1p0
core   0: 0x0000000080004000 (0x0080006f) j       pc + 0x8
core   0: 3 0x0000000080004000 (0x0080006f)
core   0: >>>>  mmode_exception_handler
core   0: 0x0000000080004008 (0x00002c17) auipc   s8, 0x2
core   0: 3 0x0000000080004008 (0x00002c17) x24 0x0000000080006008
core   0: 0x000000008000400c (0xfeac0c13) addi    s8, s8, -22
core   0: 3 0x000000008000400c (0xfeac0c13) x24 0x0000000080005ff2
core   0: 0x0000000080004010 (0x000c00e7) jalr    s8
core   0: 3 0x0000000080004010 (0x000c00e7) x1  0x0000000080004014
core   0: >>>>  any_handler
core   0: 0x0000000080005ff2 (0x341027f3) csrrs   a5, mepc, zero
core   0: 3 0x0000000080005ff2 (0x341027f3) x15 0x0000000080004a36
core   0: 0x0000000080005ff6 (0x34202773) csrrs   a4, mcause, zero
core   0: 3 0x0000000080005ff6 (0x34202773) x14 0x0000000000000002
core   0: 0x0000000080005ffa (0x142026f3) csrrs   a3, scause, zero
core   0: 3 0x0000000080005ffa (0x142026f3) x13 0x0000000000000000
core   0: 0x0000000080005ffe (0x30402673) csrrs   a2, mie, zero
core   0: 3 0x0000000080005ffe (0x30402673) x12 0x0000000000000a00
core   0: 0x0000000080006002 (0x344025f3) csrrs   a1, mip, zero
core   0: 3 0x0000000080006002 (0x344025f3) x11 0x0000000000000080
core   0: 0x0000000080006006 (0x343025f3) csrrs   a1, mtval, zero
core   0: 3 0x0000000080006006 (0x343025f3) x11 0x00000000340090f3
core   0: 0x000000008000600a (0x14302573) csrrs   a0, stval, zero
core   0: 3 0x000000008000600a (0x14302573) x10 0x0000000000000000
core   0: 0x000000008000600e (0xb02024f3) csrrs   s1, minstret, zero
core   0: 3 0x000000008000600e (0xb02024f3) x9  0x0000000000000be1
core   0: 0x0000000080006012 (0x0000a811) c.j     pc + 20
core   0: 3 0x0000000080006012 (0xa811)
core   0: >>>>  mepc_4
core   0: 0x0000000080006026 (0x00000791) c.addi  a5, 4
core   0: 3 0x0000000080006026 (0x0791) x15 0x0000000080004a3a
core   0: 0x0000000080006028 (0x34179073) csrrw   zero, mepc, a5
core   0: 3 0x0000000080006028 (0x34179073) c833_mepc 0x0000000080004a3a
core   0: 0x000000008000602c (0x30200073) mret
core   0: 3 0x000000008000602c (0x30200073) c768_mstatus 0x8000000a00106080
core   0: 0x0000000080004a3a (0x03875c33) divu    s8, a4, s8
core   0: 1 0x0000000080004a3a (0x03875c33) x24 0x0000000000000000
core   0: 0x0000000080004a3e (0x034a5cb3) divu    s9, s4, s4
core   0: 1 0x0000000080004a3e (0x034a5cb3) x25 0x0000000000000001
core   0: 0x0000000080004a42 (0xc03cf6d3) fcvt.lu.s a3, fs9
core   0: 1 0x0000000080004a42 (0xc03cf6d3) c1_fflags 0x0000000000000011 x13 0xffffffffffffffff
core   0: 0x0000000080004a46 (0xf14053f3) csrrwi  t2, mhartid, 0
core   0: exception trap_illegal_instruction, epc 0x0000000080004a46
core   0:           tval 0x00000000f14053f3
core   0: >>>>  $xrv64i2p1_m2p0_a2p1_f2p2_d2p2_zicsr2p0_zifencei2p0_zmmul1p0_zba1p0_zbb1p0_zbc1p0_zbs1p0
core   0: 0x0000000080004000 (0x0080006f) j       pc + 0x8
core   0: 3 0x0000000080004000 (0x0080006f)
core   0: >>>>  mmode_exception_handler
core   0: 0x0000000080004008 (0x00002c17) auipc   s8, 0x2
core   0: 3 0x0000000080004008 (0x00002c17) x24 0x0000000080006008
core   0: 0x000000008000400c (0xfeac0c13) addi    s8, s8, -22
core   0: 3 0x000000008000400c (0xfeac0c13) x24 0x0000000080005ff2
core   0: 0x0000000080004010 (0x000c00e7) jalr    s8
core   0: 3 0x0000000080004010 (0x000c00e7) x1  0x0000000080004014
core   0: >>>>  any_handler
core   0: 0x0000000080005ff2 (0x341027f3) csrrs   a5, mepc, zero
core   0: 3 0x0000000080005ff2 (0x341027f3) x15 0x0000000080004a46
core   0: 0x0000000080005ff6 (0x34202773) csrrs   a4, mcause, zero
core   0: 3 0x0000000080005ff6 (0x34202773) x14 0x0000000000000002
core   0: 0x0000000080005ffa (0x142026f3) csrrs   a3, scause, zero
core   0: 3 0x0000000080005ffa (0x142026f3) x13 0x0000000000000000
core   0: 0x0000000080005ffe (0x30402673) csrrs   a2, mie, zero
core   0: 3 0x0000000080005ffe (0x30402673) x12 0x0000000000000a00
core   0: 0x0000000080006002 (0x344025f3) csrrs   a1, mip, zero
core   0: 3 0x0000000080006002 (0x344025f3) x11 0x0000000000000080
core   0: 0x0000000080006006 (0x343025f3) csrrs   a1, mtval, zero
core   0: 3 0x0000000080006006 (0x343025f3) x11 0x00000000f14053f3
core   0: 0x000000008000600a (0x14302573) csrrs   a0, stval, zero
core   0: 3 0x000000008000600a (0x14302573) x10 0x0000000000000000
core   0: 0x000000008000600e (0xb02024f3) csrrs   s1, minstret, zero
core   0: 3 0x000000008000600e (0xb02024f3) x9  0x0000000000000bf4
core   0: 0x0000000080006012 (0x0000a811) c.j     pc + 20
core   0: 3 0x0000000080006012 (0xa811)
core   0: >>>>  mepc_4
core   0: 0x0000000080006026 (0x00000791) c.addi  a5, 4
core   0: 3 0x0000000080006026 (0x0791) x15 0x0000000080004a4a
core   0: 0x0000000080006028 (0x34179073) csrrw   zero, mepc, a5
core   0: 3 0x0000000080006028 (0x34179073) c833_mepc 0x0000000080004a4a
core   0: 0x000000008000602c (0x30200073) mret
core   0: 3 0x000000008000602c (0x30200073) c768_mstatus 0x8000000a00106080
core   0: 0x0000000080004a4a (0x8b9778cf) fnmadd.d fa7, fa4, fs9, fa7
core   0: 1 0x0000000080004a4a (0x8b9778cf) f17 0x7ff8000000000000
core   0: 0x0000000080004a4e (0x00102573) csrrs   a0, fflags, zero
core   0: 1 0x0000000080004a4e (0x00102573) x10 0x0000000000000011
core   0: 0x0000000080004a52 (0x81bfeb17) auipc   s6, 0x81bfe
core   0: 1 0x0000000080004a52 (0x81bfeb17) x22 0x0000000001c02a52
core   0: 0x0000000080004a56 (0xc20f73d3) fcvt.w.d t2, ft10
core   0: 1 0x0000000080004a56 (0xc20f73d3) c1_fflags 0x0000000000000011 x7  0x000000007fffffff
core   0: 0x0000000080004a5a (0x00294eb3) xor     t4, s2, sp
core   0: 1 0x0000000080004a5a (0x00294eb3) x29 0x0000000000000010
core   0: 0x0000000080004a5e (0xc208fbd3) fcvt.w.d s7, fa7
core   0: 1 0x0000000080004a5e (0xc208fbd3) c1_fflags 0x0000000000000011 x23 0x000000007fffffff
core   0: 0x0000000080004a62 (0x00fe9793) slli    a5, t4, 15
core   0: 1 0x0000000080004a62 (0x00fe9793) x15 0x0000000000080000
core   0: 0x0000000080004a66 (0x0254ad33) mulhsu  s10, s1, t0
core   0: 1 0x0000000080004a66 (0x0254ad33) x26 0x0000000000000000
core   0: 0x0000000080004a6a (0x029c0933) mul     s2, s8, s1
core   0: 1 0x0000000080004a6a (0x029c0933) x18 0x000005fa047ad8a8
core   0: 0x0000000080004a6e (0x003a141b) slliw   s0, s4, 3
core   0: 1 0x0000000080004a6e (0x003a141b) x8  0x00000000000029b0
core   0: 0x0000000080004a72 (0x00876333) or      t1, a4, s0
core   0: 1 0x0000000080004a72 (0x00876333) x6  0x00000000000029b2
core   0: 0x0000000080004a76 (0x00009bba) c.add   s7, a4
core   0: 1 0x0000000080004a76 (0x9bba) x23 0x0000000080000001
core   0: 0x0000000080004a78 (0x006b9eb3) sll     t4, s7, t1
core   0: 1 0x0000000080004a78 (0x006b9eb3) x29 0x0004000000000000
core   0: 0x0000000080004a7c (0xd230f153) fcvt.d.lu ft2, ra
core   0: 1 0x0000000080004a7c (0xd230f153) f2  0x41e0000802800000
core   0: 0x0000000080004a80 (0x1a6c7c53) fdiv.d  fs8, fs8, ft6
core   0: 1 0x0000000080004a80 (0x1a6c7c53) f24 0x7ff8000000000000
core   0: 0x0000000080004a84 (0x02dd7bbb) remuw   s7, s10, a3
core   0: 1 0x0000000080004a84 (0x02dd7bbb) x23 0x0000000000000000
core   0: 0x0000000080004a88 (0x73919397) auipc   t2, 0x73919
core   0: 1 0x0000000080004a88 (0x73919397) x7  0x00000000f391da88
core   0: 0x0000000080004a8c (0x01fd179b) slliw   a5, s10, 31
core   0: 1 0x0000000080004a8c (0x01fd179b) x15 0x0000000000000000
core   0: 0x0000000080004a90 (0x00a2113b) sllw    sp, tp, a0
core   0: 1 0x0000000080004a90 (0x00a2113b) x2  0x0000000000000000
core   0: 0x0000000080004a94 (0x2a631953) fmax.d  fs2, ft6, ft6
core   0: 1 0x0000000080004a94 (0x2a631953) f18 0x7ff8000000000000
core   0: 0x0000000080004a98 (0x32005573) csrrwi  a0, mcountinhibit, 0
core   0: exception trap_illegal_instruction, epc 0x0000000080004a98
core   0:           tval 0x0000000032005573
core   0: >>>>  $xrv64i2p1_m2p0_a2p1_f2p2_d2p2_zicsr2p0_zifencei2p0_zmmul1p0_zba1p0_zbb1p0_zbc1p0_zbs1p0
core   0: 0x0000000080004000 (0x0080006f) j       pc + 0x8
core   0: 3 0x0000000080004000 (0x0080006f)
core   0: >>>>  mmode_exception_handler
core   0: 0x0000000080004008 (0x00002c17) auipc   s8, 0x2
core   0: 3 0x0000000080004008 (0x00002c17) x24 0x0000000080006008
core   0: 0x000000008000400c (0xfeac0c13) addi    s8, s8, -22
core   0: 3 0x000000008000400c (0xfeac0c13) x24 0x0000000080005ff2
core   0: 0x0000000080004010 (0x000c00e7) jalr    s8
core   0: 3 0x0000000080004010 (0x000c00e7) x1  0x0000000080004014
core   0: >>>>  any_handler
core   0: 0x0000000080005ff2 (0x341027f3) csrrs   a5, mepc, zero
core   0: 3 0x0000000080005ff2 (0x341027f3) x15 0x0000000080004a98
core   0: 0x0000000080005ff6 (0x34202773) csrrs   a4, mcause, zero
core   0: 3 0x0000000080005ff6 (0x34202773) x14 0x0000000000000002
core   0: 0x0000000080005ffa (0x142026f3) csrrs   a3, scause, zero
core   0: 3 0x0000000080005ffa (0x142026f3) x13 0x0000000000000000
core   0: 0x0000000080005ffe (0x30402673) csrrs   a2, mie, zero
core   0: 3 0x0000000080005ffe (0x30402673) x12 0x0000000000000a00
core   0: 0x0000000080006002 (0x344025f3) csrrs   a1, mip, zero
core   0: 3 0x0000000080006002 (0x344025f3) x11 0x0000000000000080
core   0: 0x0000000080006006 (0x343025f3) csrrs   a1, mtval, zero
core   0: 3 0x0000000080006006 (0x343025f3) x11 0x0000000032005573
core   0: 0x000000008000600a (0x14302573) csrrs   a0, stval, zero
core   0: 3 0x000000008000600a (0x14302573) x10 0x0000000000000000
core   0: 0x000000008000600e (0xb02024f3) csrrs   s1, minstret, zero
core   0: 3 0x000000008000600e (0xb02024f3) x9  0x0000000000000c18
core   0: 0x0000000080006012 (0x0000a811) c.j     pc + 20
core   0: 3 0x0000000080006012 (0xa811)
core   0: >>>>  mepc_4
core   0: 0x0000000080006026 (0x00000791) c.addi  a5, 4
core   0: 3 0x0000000080006026 (0x0791) x15 0x0000000080004a9c
core   0: 0x0000000080006028 (0x34179073) csrrw   zero, mepc, a5
core   0: 3 0x0000000080006028 (0x34179073) c833_mepc 0x0000000080004a9c
core   0: 0x000000008000602c (0x30200073) mret
core   0: 3 0x000000008000602c (0x30200073) c768_mstatus 0x8000000a00106080
core   0: 0x0000000080004a9c (0x0118a433) slt     s0, a7, a7
core   0: 1 0x0000000080004a9c (0x0118a433) x8  0x0000000000000000
core   0: 0x0000000080004aa0 (0x016a1693) slli    a3, s4, 22
core   0: 1 0x0000000080004aa0 (0x016a1693) x13 0x000000014d800000
core   0: 0x0000000080004aa4 (0x0b297b4f) fnmadd.d fs6, fs2, fs2, ft1
core   0: 1 0x0000000080004aa4 (0x0b297b4f) f22 0x7ff8000000000000
core   0: 0x0000000080004aa8 (0x1360f8c7) fmsub.d fa7, ft1, fs6, ft2
core   0: 1 0x0000000080004aa8 (0x1360f8c7) f17 0x7ff8000000000000
core   0: 0x0000000080004aac (0x40590bbb) subw    s7, s2, t0
core   0: 1 0x0000000080004aac (0x40590bbb) x23 0x00000000047ad8a6
core   0: 0x0000000080004ab0 (0x00ea0d33) add     s10, s4, a4
core   0: 1 0x0000000080004ab0 (0x00ea0d33) x26 0x0000000000000538
core   0: 0x0000000080004ab4 (0x41a089b3) sub     s3, ra, s10
core   0: 1 0x0000000080004ab4 (0x41a089b3) x19 0x0000000080003adc
core   0: 0x0000000080004ab8 (0x413ed63b) sraw    a2, t4, s3
core   0: 1 0x0000000080004ab8 (0x413ed63b) x12 0x0000000000000000
core   0: 0x0000000080004abc (0xf20100d3) fmv.d.x ft1, sp
core   0: 1 0x0000000080004abc (0xf20100d3) f1  0x0000000000000000
core   0: 0x0000000080004ac0 (0xd20508d3) fcvt.d.w fa7, a0
core   0: 1 0x0000000080004ac0 (0xd20508d3) f17 0x0000000000000000
core   0: 0x0000000080004ac4 (0x4081033b) subw    t1, sp, s0
core   0: 1 0x0000000080004ac4 (0x4081033b) x6  0x0000000000000000
core   0: 0x0000000080004ac8 (0xe20c81d3) fmv.x.d gp, fs9
core   0: 1 0x0000000080004ac8 (0xe20c81d3) x3  0x7ff8000000000000
core   0: 0x0000000080004acc (0x00fa949b) slliw   s1, s5, 15
core   0: 1 0x0000000080004acc (0x00fa949b) x9  0xffffffffffff0000
core   0: 0x0000000080004ad0 (0x0001d79b) srliw   a5, gp, 0
core   0: 1 0x0000000080004ad0 (0x0001d79b) x15 0x0000000000000000
core   0: 0x0000000080004ad4 (0x00000001) c.nop
core   0: 1 0x0000000080004ad4 (0x0001)
core   0: 0x0000000080004ad6 (0x00a19493) slli    s1, gp, 10
core   0: 1 0x0000000080004ad6 (0x00a19493) x9  0xe000000000000000
core   0: 0x0000000080004ada (0x016a191b) slliw   s2, s4, 22
core   0: 1 0x0000000080004ada (0x016a191b) x18 0x000000004d800000
core   0: 0x0000000080004ade (0x406a80bb) subw    ra, s5, t1
core   0: 1 0x0000000080004ade (0x406a80bb) x1  0xfffffffffffffffe
core   0: 0x0000000080004ae2 (0x23728853) fsgnj.d fa6, ft5, fs7
core   0: 1 0x0000000080004ae2 (0x23728853) f16 0x8000000000000000
core   0: 0x0000000080004ae6 (0x419c0cbb) subw    s9, s8, s9
core   0: 1 0x0000000080004ae6 (0x419c0cbb) x25 0xffffffff80005ff1
core   0: 0x0000000080004aea (0x0ff0000f) fence   iorw,iorw
core   0: 1 0x0000000080004aea (0x0ff0000f)
core   0: 0x0000000080004aee (0x00229673) csrrw   a2, frm, t0
core   0: 1 0x0000000080004aee (0x00229673) x12 0x0000000000000000 c2_frm 0x0000000000000002
core   0: 0x0000000080004af2 (0x03dd3d33) mulhu   s10, s10, t4
core   0: 1 0x0000000080004af2 (0x03dd3d33) x26 0x0000000000000000
core   0: 0x0000000080004af6 (0x0228c9b3) div     s3, a7, sp
core   0: 1 0x0000000080004af6 (0x0228c9b3) x19 0xffffffffffffffff
core   0: 0x0000000080004afa (0x03d2033b) mulw    t1, tp, t4
core   0: 1 0x0000000080004afa (0x03d2033b) x6  0x0000000000000000
core   0: 0x0000000080004afe (0x7ff9861b) addiw   a2, s3, 2047
core   0: 1 0x0000000080004afe (0x7ff9861b) x12 0x00000000000007fe
core   0: 0x0000000080004b02 (0x401efed3) fcvt.s.d ft9, ft9
core   0: 1 0x0000000080004b02 (0x401efed3) f29 0xffffffff7fc00000
core   0: 0x0000000080004b06 (0x026eb9b3) mulhu   s3, t4, t1
core   0: 1 0x0000000080004b06 (0x026eb9b3) x19 0x0000000000000000
core   0: 0x0000000080004b0a (0x00c347b3) xor     a5, t1, a2
core   0: 1 0x0000000080004b0a (0x00c347b3) x15 0x00000000000007fe
core   0: 0x0000000080004b0e (0xd2160ed3) fcvt.d.wu ft9, a2
core   0: 1 0x0000000080004b0e (0xd2160ed3) f29 0x409ff80000000000
core   0: 0x0000000080004b12 (0x002591f3) csrrw   gp, frm, a1
core   0: 1 0x0000000080004b12 (0x002591f3) x3  0x0000000000000002 c2_frm 0x0000000000000003
core   0: 0x0000000080004b16 (0xfb493037) lui     zero, 0xfb493
core   0: 1 0x0000000080004b16 (0xfb493037)
core   0: 0x0000000080004b1a (0x1170001b) addiw   zero, zero, 279
core   0: 1 0x0000000080004b1a (0x1170001b)
core   0: 0x0000000080004b1e (0x00c01013) slli    zero, zero, 12
core   0: 1 0x0000000080004b1e (0x00c01013)
core   0: 0x0000000080004b22 (0x79a00013) li      zero, 1946
core   0: 1 0x0000000080004b22 (0x79a00013)
core   0: 0x0000000080004b26 (0xd22777d3) fcvt.d.l fa5, a4
core   0: 1 0x0000000080004b26 (0xd22777d3) f15 0x4000000000000000
core   0: 0x0000000080004b2a (0x03136c3b) remw    s8, t1, a7
core   0: 1 0x0000000080004b2a (0x03136c3b) x24 0x0000000000000000
core   0: 0x0000000080004b2e (0xd031f0d3) fcvt.s.lu ft1, gp
core   0: 1 0x0000000080004b2e (0xd031f0d3) f1  0xffffffff40000000
core   0: 0x0000000080004b32 (0x4004da13) srai    s4, s1, 0
core   0: 1 0x0000000080004b32 (0x4004da13) x20 0xe000000000000000
core   0: 0x0000000080004b36 (0xc0307653) fcvt.lu.s a2, ft0
core   0: 1 0x0000000080004b36 (0xc0307653) c1_fflags 0x0000000000000011 x12 0xffffffffffffffff
core   0: 0x0000000080004b3a (0x42008cd3) fcvt.d.s fs9, ft1
core   0: 1 0x0000000080004b3a (0x42008cd3) f25 0x4000000000000000
core   0: 0x0000000080004b3e (0x03b0c033) div     zero, ra, s11
core   0: 1 0x0000000080004b3e (0x03b0c033)
core   0: 0x0000000080004b42 (0xc223fe53) fcvt.l.d t3, ft7
core   0: 1 0x0000000080004b42 (0xc223fe53) c1_fflags 0x0000000000000011 x28 0x7fffffffffffffff
core   0: 0x0000000080004b46 (0xc023f5d3) fcvt.l.s a1, ft7
core   0: 1 0x0000000080004b46 (0xc023f5d3) c1_fflags 0x0000000000000011 x11 0x7fffffffffffffff
core   0: 0x0000000080004b4a (0x5b9ff8cf) fnmadd.d fa7, ft11, fs9, fa1
core   0: 1 0x0000000080004b4a (0x5b9ff8cf) f17 0x7ff8000000000000
core   0: 0x0000000080004b4e (0xf265f117) auipc   sp, 0xf265f
core   0: 1 0x0000000080004b4e (0xf265f117) x2  0x0000000072663b4e
core   0: 0x0000000080004b52 (0x736cf74f) fnmadd.d fa4, fs9, fs6, fa4
core   0: 1 0x0000000080004b52 (0x736cf74f) f14 0x7ff8000000000000
core   0: 0x0000000080004b56 (0xc20cf653) fcvt.w.d a2, fs9
core   0: 1 0x0000000080004b56 (0xc20cf653) x12 0x0000000000000002
core   0: 0x0000000080004b5a (0x00202bf3) csrrs   s7, frm, zero
core   0: 1 0x0000000080004b5a (0x00202bf3) x23 0x0000000000000003
core   0: 0x0000000080004b5e (0x02cdcebb) divw    t4, s11, a2
core   0: 1 0x0000000080004b5e (0x02cdcebb) x29 0x0000000000000000
core   0: 0x0000000080004b62 (0x41360e3b) subw    t3, a2, s3
core   0: 1 0x0000000080004b62 (0x41360e3b) x28 0x0000000000000002
core   0: 0x0000000080004b66 (0xd20e0dd3) fcvt.d.w fs11, t3
core   0: 1 0x0000000080004b66 (0xd20e0dd3) f27 0x4000000000000000
core   0: 0x0000000080004b6a (0x035b5193) srli    gp, s6, 53
core   0: 1 0x0000000080004b6a (0x035b5193) x3  0x0000000000000000
core   0: 0x0000000080004b6e (0x00000001) c.nop
core   0: 1 0x0000000080004b6e (0x0001)
core   0: 0x0000000080004b70 (0x73217cc7) fmsub.d fs9, ft2, fs2, fa4
core   0: 1 0x0000000080004b70 (0x73217cc7) f25 0x7ff8000000000000
core   0: 0x0000000080004b74 (0x0177f733) and     a4, a5, s7
core   0: 1 0x0000000080004b74 (0x0177f733) x14 0x0000000000000002
core   0: 0x0000000080004b78 (0x7b0725f3) csrrs   a1, dcsr, a4
core   0: exception trap_illegal_instruction, epc 0x0000000080004b78
core   0:           tval 0x000000007b0725f3
core   0: >>>>  $xrv64i2p1_m2p0_a2p1_f2p2_d2p2_zicsr2p0_zifencei2p0_zmmul1p0_zba1p0_zbb1p0_zbc1p0_zbs1p0
core   0: 0x0000000080004000 (0x0080006f) j       pc + 0x8
core   0: 3 0x0000000080004000 (0x0080006f)
core   0: >>>>  mmode_exception_handler
core   0: 0x0000000080004008 (0x00002c17) auipc   s8, 0x2
core   0: 3 0x0000000080004008 (0x00002c17) x24 0x0000000080006008
core   0: 0x000000008000400c (0xfeac0c13) addi    s8, s8, -22
core   0: 3 0x000000008000400c (0xfeac0c13) x24 0x0000000080005ff2
core   0: 0x0000000080004010 (0x000c00e7) jalr    s8
core   0: 3 0x0000000080004010 (0x000c00e7) x1  0x0000000080004014
core   0: >>>>  any_handler
core   0: 0x0000000080005ff2 (0x341027f3) csrrs   a5, mepc, zero
core   0: 3 0x0000000080005ff2 (0x341027f3) x15 0x0000000080004b78
core   0: 0x0000000080005ff6 (0x34202773) csrrs   a4, mcause, zero
core   0: 3 0x0000000080005ff6 (0x34202773) x14 0x0000000000000002
core   0: 0x0000000080005ffa (0x142026f3) csrrs   a3, scause, zero
core   0: 3 0x0000000080005ffa (0x142026f3) x13 0x0000000000000000
core   0: 0x0000000080005ffe (0x30402673) csrrs   a2, mie, zero
core   0: 3 0x0000000080005ffe (0x30402673) x12 0x0000000000000a00
core   0: 0x0000000080006002 (0x344025f3) csrrs   a1, mip, zero
core   0: 3 0x0000000080006002 (0x344025f3) x11 0x0000000000000080
core   0: 0x0000000080006006 (0x343025f3) csrrs   a1, mtval, zero
core   0: 3 0x0000000080006006 (0x343025f3) x11 0x000000007b0725f3
core   0: 0x000000008000600a (0x14302573) csrrs   a0, stval, zero
core   0: 3 0x000000008000600a (0x14302573) x10 0x0000000000000000
core   0: 0x000000008000600e (0xb02024f3) csrrs   s1, minstret, zero
core   0: 3 0x000000008000600e (0xb02024f3) x9  0x0000000000000c60
core   0: 0x0000000080006012 (0x0000a811) c.j     pc + 20
core   0: 3 0x0000000080006012 (0xa811)
core   0: >>>>  mepc_4
core   0: 0x0000000080006026 (0x00000791) c.addi  a5, 4
core   0: 3 0x0000000080006026 (0x0791) x15 0x0000000080004b7c
core   0: 0x0000000080006028 (0x34179073) csrrw   zero, mepc, a5
core   0: 3 0x0000000080006028 (0x34179073) c833_mepc 0x0000000080004b7c
core   0: 0x000000008000602c (0x30200073) mret
core   0: 3 0x000000008000602c (0x30200073) c768_mstatus 0x8000000a00106080
core   0: 0x0000000080004b7c (0x03f19393) slli    t2, gp, 63
core   0: 1 0x0000000080004b7c (0x03f19393) x7  0x0000000000000000
core   0: 0x0000000080004b80 (0x3f338a13) addi    s4, t2, 1011
core   0: 1 0x0000000080004b80 (0x3f338a13) x20 0x00000000000003f3
core   0: 0x0000000080004b84 (0x005e96b3) sll     a3, t4, t0
core   0: 1 0x0000000080004b84 (0x005e96b3) x13 0x0000000000000000
core   0: 0x0000000080004b88 (0xb36b76c7) fmsub.d fa3, fs6, fs6, fs6
core   0: 1 0x0000000080004b88 (0xb36b76c7) f13 0x7ff8000000000000
core   0: 0x0000000080004b8c (0x2bd69fd3) fmax.d  ft11, fa3, ft9
core   0: 1 0x0000000080004b8c (0x2bd69fd3) f31 0x409ff80000000000
core   0: 0x0000000080004b90 (0x41e9551b) sraiw   a0, s2, 30
core   0: 1 0x0000000080004b90 (0x41e9551b) x10 0x0000000000000001
core   0: 0x0000000080004b94 (0x0ff0000f) fence   iorw,iorw
core   0: 1 0x0000000080004b94 (0x0ff0000f)
core   0: 0x0000000080004b98 (0xc2097353) fcvt.w.d t1, fs2
core   0: 1 0x0000000080004b98 (0xc2097353) c1_fflags 0x0000000000000011 x6  0x000000007fffffff
core   0: 0x0000000080004b9c (0x40b5da13) srai    s4, a1, 11
core   0: 1 0x0000000080004b9c (0x40b5da13) x20 0x00000000000f60e4
core   0: 0x0000000080004ba0 (0x00202973) csrrs   s2, frm, zero
core   0: 1 0x0000000080004ba0 (0x00202973) x18 0x0000000000000003
core   0: 0x0000000080004ba4 (0x400bd21b) sraiw   tp, s7, 0
core   0: 1 0x0000000080004ba4 (0x400bd21b) x4  0x0000000000000003
core   0: 0x0000000080004ba8 (0x0b3ff9d3) fsub.d  fs3, ft11, fs3
core   0: 1 0x0000000080004ba8 (0x0b3ff9d3) f19 0xc1e0000702c00000
core   0: 0x0000000080004bac (0x41b486bb) subw    a3, s1, s11
core   0: 1 0x0000000080004bac (0x41b486bb) x13 0x0000000000000c60
core   0: 0x0000000080004bb0 (0x039ff653) fadd.d  fa2, ft11, fs9
core   0: 1 0x0000000080004bb0 (0x039ff653) f12 0x7ff8000000000000
core   0: 0x0000000080004bb4 (0x408400bb) subw    ra, s0, s0
core   0: 1 0x0000000080004bb4 (0x408400bb) x1  0x0000000000000000
core   0: 0x0000000080004bb8 (0xfaf3e993) ori     s3, t2, -81
core   0: 1 0x0000000080004bb8 (0xfaf3e993) x19 0xffffffffffffffaf
core   0: 0x0000000080004bbc (0x013714b3) sll     s1, a4, s3
core   0: 1 0x0000000080004bbc (0x013714b3) x9  0x0001000000000000
core   0: 0x0000000080004bc0 (0xc20e7253) fcvt.w.d tp, ft8
core   0: 1 0x0000000080004bc0 (0xc20e7253) x4  0x0000000000000000
core   0: 0x0000000080004bc4 (0xd20c85d3) fcvt.d.w fa1, s9
core   0: 1 0x0000000080004bc4 (0xd20c85d3) f11 0xc1dfffe803c00000
core   0: 0x0000000080004bc8 (0x03495a33) divu    s4, s2, s4
core   0: 1 0x0000000080004bc8 (0x03495a33) x20 0x0000000000000000
core   0: 0x0000000080004bcc (0x00091b1b) slliw   s6, s2, 0
core   0: 1 0x0000000080004bcc (0x00091b1b) x22 0x0000000000000003
core   0: 0x0000000080004bd0 (0x598196b7) lui     a3, 0x59819
core   0: 1 0x0000000080004bd0 (0x598196b7) x13 0x0000000059819000
core   0: 0x0000000080004bd4 (0x01689c3b) sllw    s8, a7, s6
core   0: 1 0x0000000080004bd4 (0x01689c3b) x24 0x0000000063fe8000
core   0: 0x0000000080004bd8 (0x2a698dd3) fmin.d  fs11, fs3, ft6
core   0: 1 0x0000000080004bd8 (0x2a698dd3) f27 0xc1e0000702c00000
core   0: 0x0000000080004bdc (0x1a5872d3) fdiv.d  ft5, fa6, ft5
core   0: 1 0x0000000080004bdc (0x1a5872d3) c1_fflags 0x0000000000000011 f5  0x7ff8000000000000
core   0: 0x0000000080004be0 (0x2bcd9e53) fmax.d  ft8, fs11, ft8
core   0: 1 0x0000000080004be0 (0x2bcd9e53) f28 0x0000000000000000
core   0: 0x0000000080004be4 (0x125c7b53) fmul.d  fs6, fs8, ft5
core   0: 1 0x0000000080004be4 (0x125c7b53) f22 0x7ff8000000000000
core   0: 0x0000000080004be8 (0x0166a633) slt     a2, a3, s6
core   0: 1 0x0000000080004be8 (0x0166a633) x12 0x0000000000000000
core   0: 0x0000000080004bec (0x0085d43b) srlw    s0, a1, s0
core   0: 1 0x0000000080004bec (0x0085d43b) x8  0x000000007b0725f3
core   0: 0x0000000080004bf0 (0xc05334f3) csrrc   s1, hpmcounter5, t1
core   0: exception trap_illegal_instruction, epc 0x0000000080004bf0
core   0:           tval 0x00000000c05334f3
core   0: >>>>  $xrv64i2p1_m2p0_a2p1_f2p2_d2p2_zicsr2p0_zifencei2p0_zmmul1p0_zba1p0_zbb1p0_zbc1p0_zbs1p0
core   0: 0x0000000080004000 (0x0080006f) j       pc + 0x8
core   0: 3 0x0000000080004000 (0x0080006f)
core   0: >>>>  mmode_exception_handler
core   0: 0x0000000080004008 (0x00002c17) auipc   s8, 0x2
core   0: 3 0x0000000080004008 (0x00002c17) x24 0x0000000080006008
core   0: 0x000000008000400c (0xfeac0c13) addi    s8, s8, -22
core   0: 3 0x000000008000400c (0xfeac0c13) x24 0x0000000080005ff2
core   0: 0x0000000080004010 (0x000c00e7) jalr    s8
core   0: 3 0x0000000080004010 (0x000c00e7) x1  0x0000000080004014
core   0: >>>>  any_handler
core   0: 0x0000000080005ff2 (0x341027f3) csrrs   a5, mepc, zero
core   0: 3 0x0000000080005ff2 (0x341027f3) x15 0x0000000080004bf0
core   0: 0x0000000080005ff6 (0x34202773) csrrs   a4, mcause, zero
core   0: 3 0x0000000080005ff6 (0x34202773) x14 0x0000000000000002
core   0: 0x0000000080005ffa (0x142026f3) csrrs   a3, scause, zero
core   0: 3 0x0000000080005ffa (0x142026f3) x13 0x0000000000000000
core   0: 0x0000000080005ffe (0x30402673) csrrs   a2, mie, zero
core   0: 3 0x0000000080005ffe (0x30402673) x12 0x0000000000000a00
core   0: 0x0000000080006002 (0x344025f3) csrrs   a1, mip, zero
core   0: 3 0x0000000080006002 (0x344025f3) x11 0x0000000000000080
core   0: 0x0000000080006006 (0x343025f3) csrrs   a1, mtval, zero
core   0: 3 0x0000000080006006 (0x343025f3) x11 0x00000000c05334f3
core   0: 0x000000008000600a (0x14302573) csrrs   a0, stval, zero
core   0: 3 0x000000008000600a (0x14302573) x10 0x0000000000000000
core   0: 0x000000008000600e (0xb02024f3) csrrs   s1, minstret, zero
core   0: 3 0x000000008000600e (0xb02024f3) x9  0x0000000000000c8d
core   0: 0x0000000080006012 (0x0000a811) c.j     pc + 20
core   0: 3 0x0000000080006012 (0xa811)
core   0: >>>>  mepc_4
core   0: 0x0000000080006026 (0x00000791) c.addi  a5, 4
core   0: 3 0x0000000080006026 (0x0791) x15 0x0000000080004bf4
core   0: 0x0000000080006028 (0x34179073) csrrw   zero, mepc, a5
core   0: 3 0x0000000080006028 (0x34179073) c833_mepc 0x0000000080004bf4
core   0: 0x000000008000602c (0x30200073) mret
core   0: 3 0x000000008000602c (0x30200073) c768_mstatus 0x8000000a00106080
core   0: 0x0000000080004bf4 (0x5e6b8b9b) addiw   s7, s7, 1510
core   0: 1 0x0000000080004bf4 (0x5e6b8b9b) x23 0x00000000000005e9
core   0: 0x0000000080004bf8 (0x00691933) sll     s2, s2, t1
core   0: 1 0x0000000080004bf8 (0x00691933) x18 0x8000000000000000
core   0: 0x0000000080004bfc (0x06c90a93) addi    s5, s2, 108
core   0: 1 0x0000000080004bfc (0x06c90a93) x21 0x800000000000006c
core   0: 0x0000000080004c00 (0x4044541b) sraiw   s0, s0, 4
core   0: 1 0x0000000080004c00 (0x4044541b) x8  0x0000000007b0725f
core   0: 0x0000000080004c04 (0x411edabb) sraw    s5, t4, a7
core   0: 1 0x0000000080004c04 (0x411edabb) x21 0x0000000000000000
core   0: 0x0000000080004c08 (0x402a823b) subw    tp, s5, sp
core   0: 1 0x0000000080004c08 (0x402a823b) x4  0xffffffff8d99c4b2
core   0: 0x0000000080004c0c (0x00000001) c.nop
core   0: 1 0x0000000080004c0c (0x0001)
core   0: 0x0000000080004c0e (0xe20b0ad3) fmv.x.d s5, fs6
core   0: 1 0x0000000080004c0e (0xe20b0ad3) x21 0x7ff8000000000000
core   0: 0x0000000080004c12 (0x03fb5a13) srli    s4, s6, 63
core   0: 1 0x0000000080004c12 (0x03fb5a13) x20 0x0000000000000000
core   0: 0x0000000080004c16 (0xd0227153) fcvt.s.l ft2, tp
core   0: 1 0x0000000080004c16 (0xd0227153) c1_fflags 0x0000000000000011 f2  0xffffffffcee4cc76
core   0: 0x0000000080004c1a (0x002092f3) csrrw   t0, frm, ra
core   0: 1 0x0000000080004c1a (0x002092f3) x5  0x0000000000000003 c2_frm 0x0000000000000004
core   0: 0x0000000080004c1e (0xcee4819b) addiw   gp, s1, -786
core   0: 1 0x0000000080004c1e (0xcee4819b) x3  0x000000000000097b
core   0: 0x0000000080004c22 (0xa2d700d3) fle.d   ra, fa4, fa3
core   0: 1 0x0000000080004c22 (0xa2d700d3) c1_fflags 0x0000000000000011 x1  0x0000000000000000
core   0: 0x0000000080004c26 (0xc0217ed3) fcvt.l.s t4, ft2
core   0: 1 0x0000000080004c26 (0xc0217ed3) x29 0xffffffff8d99c500
core   0: 0x0000000080004c2a (0xf2028253) fmv.d.x ft4, t0
core   0: 1 0x0000000080004c2a (0xf2028253) f4  0x0000000000000003
core   0: 0x0000000080004c2e (0x010e95b3) sll     a1, t4, a6
core   0: 1 0x0000000080004c2e (0x010e95b3) x11 0xfff8d99c50000000
core   0: 0x0000000080004c32 (0x02d6813b) mulw    sp, a3, a3
core   0: 1 0x0000000080004c32 (0x02d6813b) x2  0x0000000000000000
core   0: 0x0000000080004c36 (0x012bf233) and     tp, s7, s2
core   0: 1 0x0000000080004c36 (0x012bf233) x4  0x0000000000000000
core   0: 0x0000000080004c3a (0x0ff0000f) fence   iorw,iorw
core   0: 1 0x0000000080004c3a (0x0ff0000f)
core   0: 0x0000000080004c3e (0x40025693) srai    a3, tp, 0
core   0: 1 0x0000000080004c3e (0x40025693) x13 0x0000000000000000
core   0: 0x0000000080004c42 (0x021cf533) remu    a0, s9, ra
core   0: 1 0x0000000080004c42 (0x021cf533) x10 0xffffffff80005ff1
core   0: 0x0000000080004c46 (0xc806a7f3) csrrs   a5, cycleh, a3
core   0: exception trap_illegal_instruction, epc 0x0000000080004c46
core   0:           tval 0x00000000c806a7f3
core   0: >>>>  $xrv64i2p1_m2p0_a2p1_f2p2_d2p2_zicsr2p0_zifencei2p0_zmmul1p0_zba1p0_zbb1p0_zbc1p0_zbs1p0
core   0: 0x0000000080004000 (0x0080006f) j       pc + 0x8
core   0: 3 0x0000000080004000 (0x0080006f)
core   0: >>>>  mmode_exception_handler
core   0: 0x0000000080004008 (0x00002c17) auipc   s8, 0x2
core   0: 3 0x0000000080004008 (0x00002c17) x24 0x0000000080006008
core   0: 0x000000008000400c (0xfeac0c13) addi    s8, s8, -22
core   0: 3 0x000000008000400c (0xfeac0c13) x24 0x0000000080005ff2
core   0: 0x0000000080004010 (0x000c00e7) jalr    s8
core   0: 3 0x0000000080004010 (0x000c00e7) x1  0x0000000080004014
core   0: >>>>  any_handler
core   0: 0x0000000080005ff2 (0x341027f3) csrrs   a5, mepc, zero
core   0: 3 0x0000000080005ff2 (0x341027f3) x15 0x0000000080004c46
core   0: 0x0000000080005ff6 (0x34202773) csrrs   a4, mcause, zero
core   0: 3 0x0000000080005ff6 (0x34202773) x14 0x0000000000000002
core   0: 0x0000000080005ffa (0x142026f3) csrrs   a3, scause, zero
core   0: 3 0x0000000080005ffa (0x142026f3) x13 0x0000000000000000
core   0: 0x0000000080005ffe (0x30402673) csrrs   a2, mie, zero
core   0: 3 0x0000000080005ffe (0x30402673) x12 0x0000000000000a00
core   0: 0x0000000080006002 (0x344025f3) csrrs   a1, mip, zero
core   0: 3 0x0000000080006002 (0x344025f3) x11 0x0000000000000080
core   0: 0x0000000080006006 (0x343025f3) csrrs   a1, mtval, zero
core   0: 3 0x0000000080006006 (0x343025f3) x11 0x00000000c806a7f3
core   0: 0x000000008000600a (0x14302573) csrrs   a0, stval, zero
core   0: 3 0x000000008000600a (0x14302573) x10 0x0000000000000000
core   0: 0x000000008000600e (0xb02024f3) csrrs   s1, minstret, zero
core   0: 3 0x000000008000600e (0xb02024f3) x9  0x0000000000000cb2
core   0: 0x0000000080006012 (0x0000a811) c.j     pc + 20
core   0: 3 0x0000000080006012 (0xa811)
core   0: >>>>  mepc_4
core   0: 0x0000000080006026 (0x00000791) c.addi  a5, 4
core   0: 3 0x0000000080006026 (0x0791) x15 0x0000000080004c4a
core   0: 0x0000000080006028 (0x34179073) csrrw   zero, mepc, a5
core   0: 3 0x0000000080006028 (0x34179073) c833_mepc 0x0000000080004c4a
core   0: 0x000000008000602c (0x30200073) mret
core   0: 3 0x000000008000602c (0x30200073) c768_mstatus 0x8000000a00106080
core   0: 0x0000000080004c4a (0xd22573d3) fcvt.d.l ft7, a0
core   0: 1 0x0000000080004c4a (0xd22573d3) f7  0x0000000000000000
core   0: 0x0000000080004c4e (0xce47c413) xori    s0, a5, -796
core   0: 1 0x0000000080004c4e (0xce47c413) x8  0xffffffff7fffb0ae
core   0: 0x0000000080004c52 (0xd21b0cd3) fcvt.d.wu fs9, s6
core   0: 1 0x0000000080004c52 (0xd21b0cd3) f25 0x4008000000000000
core   0: 0x0000000080004c56 (0x0204f4d3) fadd.d  fs1, fs1, ft0
core   0: 1 0x0000000080004c56 (0x0204f4d3) f9  0x7ff8000000000000
core   0: 0x0000000080004c5a (0xc232f5d3) fcvt.lu.d a1, ft5
core   0: 1 0x0000000080004c5a (0xc232f5d3) c1_fflags 0x0000000000000011 x11 0xffffffffffffffff
core   0: 0x0000000080004c5e (0x41c7553b) sraw    a0, a4, t3
core   0: 1 0x0000000080004c5e (0x41c7553b) x10 0x0000000000000000
core   0: 0x0000000080004c62 (0x02b57333) remu    t1, a0, a1
core   0: 1 0x0000000080004c62 (0x02b57333) x6  0x0000000000000000
core   0: 0x0000000080004c66 (0x34f32b97) auipc   s7, 0x34f32
core   0: 1 0x0000000080004c66 (0x34f32b97) x23 0x00000000b4f36c66
core   0: 0x0000000080004c6a (0x2a080a53) fmin.d  fs4, fa6, ft0
core   0: 1 0x0000000080004c6a (0x2a080a53) f20 0x8000000000000000
core   0: 0x0000000080004c6e (0x00aa66b3) or      a3, s4, a0
core   0: 1 0x0000000080004c6e (0x00aa66b3) x13 0x0000000000000000
core   0: 0x0000000080004c72 (0x00271773) csrrw   a4, frm, a4
core   0: 1 0x0000000080004c72 (0x00271773) x14 0x0000000000000004 c2_frm 0x0000000000000002
core   0: 0x0000000080004c76 (0x02d3cd33) div     s10, t2, a3
core   0: 1 0x0000000080004c76 (0x02d3cd33) x26 0xffffffffffffffff
core   0: 0x0000000080004c7a (0x4098dd93) srai    s11, a7, 9
core   0: 1 0x0000000080004c7a (0x4098dd93) x27 0xffffffffffc63fe8
core   0: 0x0000000080004c7e (0x00000001) c.nop
core   0: 1 0x0000000080004c7e (0x0001)
core   0: 0x0000000080004c80 (0xd038fdd3) fcvt.s.lu fs11, a7
core   0: 1 0x0000000080004c80 (0xd038fdd3) c1_fflags 0x0000000000000011 f27 0xffffffff5f7fffff
core   0: 0x0000000080004c84 (0x012dc0b3) xor     ra, s11, s2
core   0: 1 0x0000000080004c84 (0x012dc0b3) x1  0x7fffffffffc63fe8
core   0: 0x0000000080004c88 (0x02a968bb) remw    a7, s2, a0
core   0: 1 0x0000000080004c88 (0x02a968bb) x17 0x0000000000000000
core   0: 0x0000000080004c8c (0x4141d493) srai    s1, gp, 20
core   0: 1 0x0000000080004c8c (0x4141d493) x9  0x0000000000000000
core   0: 0x0000000080004c90 (0x000091a6) c.add   gp, s1
core   0: 1 0x0000000080004c90 (0x91a6) x3  0x000000000000097b
core   0: 0x0000000080004c92 (0x3031adf3) csrrs   s11, mideleg, gp
core   0: exception trap_illegal_instruction, epc 0x0000000080004c92
core   0:           tval 0x000000003031adf3
core   0: >>>>  $xrv64i2p1_m2p0_a2p1_f2p2_d2p2_zicsr2p0_zifencei2p0_zmmul1p0_zba1p0_zbb1p0_zbc1p0_zbs1p0
core   0: 0x0000000080004000 (0x0080006f) j       pc + 0x8
core   0: 3 0x0000000080004000 (0x0080006f)
core   0: >>>>  mmode_exception_handler
core   0: 0x0000000080004008 (0x00002c17) auipc   s8, 0x2
core   0: 3 0x0000000080004008 (0x00002c17) x24 0x0000000080006008
core   0: 0x000000008000400c (0xfeac0c13) addi    s8, s8, -22
core   0: 3 0x000000008000400c (0xfeac0c13) x24 0x0000000080005ff2
core   0: 0x0000000080004010 (0x000c00e7) jalr    s8
core   0: 3 0x0000000080004010 (0x000c00e7) x1  0x0000000080004014
core   0: >>>>  any_handler
core   0: 0x0000000080005ff2 (0x341027f3) csrrs   a5, mepc, zero
core   0: 3 0x0000000080005ff2 (0x341027f3) x15 0x0000000080004c92
core   0: 0x0000000080005ff6 (0x34202773) csrrs   a4, mcause, zero
core   0: 3 0x0000000080005ff6 (0x34202773) x14 0x0000000000000002
core   0: 0x0000000080005ffa (0x142026f3) csrrs   a3, scause, zero
core   0: 3 0x0000000080005ffa (0x142026f3) x13 0x0000000000000000
core   0: 0x0000000080005ffe (0x30402673) csrrs   a2, mie, zero
core   0: 3 0x0000000080005ffe (0x30402673) x12 0x0000000000000a00
core   0: 0x0000000080006002 (0x344025f3) csrrs   a1, mip, zero
core   0: 3 0x0000000080006002 (0x344025f3) x11 0x0000000000000080
core   0: 0x0000000080006006 (0x343025f3) csrrs   a1, mtval, zero
core   0: 3 0x0000000080006006 (0x343025f3) x11 0x000000003031adf3
core   0: 0x000000008000600a (0x14302573) csrrs   a0, stval, zero
core   0: 3 0x000000008000600a (0x14302573) x10 0x0000000000000000
core   0: 0x000000008000600e (0xb02024f3) csrrs   s1, minstret, zero
core   0: 3 0x000000008000600e (0xb02024f3) x9  0x0000000000000cd5
core   0: 0x0000000080006012 (0x0000a811) c.j     pc + 20
core   0: 3 0x0000000080006012 (0xa811)
core   0: >>>>  mepc_4
core   0: 0x0000000080006026 (0x00000791) c.addi  a5, 4
core   0: 3 0x0000000080006026 (0x0791) x15 0x0000000080004c96
core   0: 0x0000000080006028 (0x34179073) csrrw   zero, mepc, a5
core   0: 3 0x0000000080006028 (0x34179073) c833_mepc 0x0000000080004c96
core   0: 0x000000008000602c (0x30200073) mret
core   0: 3 0x000000008000602c (0x30200073) c768_mstatus 0x8000000a00106080
core   0: 0x0000000080004c96 (0x00ca111b) slliw   sp, s4, 12
core   0: 1 0x0000000080004c96 (0x00ca111b) x2  0x0000000000000000
core   0: 0x0000000080004c9a (0x2b2917d3) fmax.d  fa5, fs2, fs2
core   0: 1 0x0000000080004c9a (0x2b2917d3) f15 0x7ff8000000000000
core   0: 0x0000000080004c9e (0x5a097453) fsqrt.d fs0, fs2
core   0: 1 0x0000000080004c9e (0x5a097453) f8  0x7ff8000000000000
core   0: 0x0000000080004ca2 (0x00dd9dbb) sllw    s11, s11, a3
core   0: 1 0x0000000080004ca2 (0x00dd9dbb) x27 0xffffffffffc63fe8
core   0: 0x0000000080004ca6 (0x00000001) c.nop
core   0: 1 0x0000000080004ca6 (0x0001)
core   0: 0x0000000080004ca8 (0x00db7b33) and     s6, s6, a3
core   0: 1 0x0000000080004ca8 (0x00db7b33) x22 0x0000000000000000
core   0: 0x0000000080004cac (0x23e7a253) fsgnjx.d ft4, fa5, ft10
core   0: 1 0x0000000080004cac (0x23e7a253) f4  0x7ff8000000000000
core   0: 0x0000000080004cb0 (0x13e8fc53) fmul.d  fs8, fa7, ft10
core   0: 1 0x0000000080004cb0 (0x13e8fc53) f24 0x7ff8000000000000
core   0: 0x0000000080004cb4 (0x03209293) slli    t0, ra, 50
core   0: 1 0x0000000080004cb4 (0x03209293) x5  0x0050000000000000
core   0: 0x0000000080004cb8 (0xc228f9d3) fcvt.l.d s3, fa7
core   0: 1 0x0000000080004cb8 (0xc228f9d3) c1_fflags 0x0000000000000011 x19 0x7fffffffffffffff
core   0: 0x0000000080004cbc (0x22a191d3) fsgnjn.d ft3, ft3, fa0
core   0: 1 0x0000000080004cbc (0x22a191d3) f3  0xfff8000000000000
core   0: 0x0000000080004cc0 (0x9bdc714f) fnmadd.d ft2, fs8, ft9, fs3
core   0: 1 0x0000000080004cc0 (0x9bdc714f) f2  0x7ff8000000000000
core   0: 0x0000000080004cc4 (0xd20d00d3) fcvt.d.w ft1, s10
core   0: 1 0x0000000080004cc4 (0xd20d00d3) f1  0xbff0000000000000
core   0: 0x0000000080004cc8 (0x00191373) csrrw   t1, fflags, s2
core   0: 1 0x0000000080004cc8 (0x00191373) x6  0x0000000000000011 c1_fflags 0x0000000000000000
core   0: 0x0000000080004ccc (0xd21989d3) fcvt.d.wu fs3, s3
core   0: 1 0x0000000080004ccc (0xd21989d3) f19 0x41efffffffe00000
core   0: 0x0000000080004cd0 (0xbb80f143) fmadd.d ft2, ft1, fs8, fs7
core   0: 1 0x0000000080004cd0 (0xbb80f143) f2  0x7ff8000000000000
core   0: 0x0000000080004cd4 (0x0233643b) remw    s0, t1, gp
core   0: 1 0x0000000080004cd4 (0x0233643b) x8  0x0000000000000011
core   0: 0x0000000080004cd8 (0x7ffc7113) andi    sp, s8, 2047
core   0: 1 0x0000000080004cd8 (0x7ffc7113) x2  0x00000000000007f2
core   0: 0x0000000080004cdc (0x00000001) c.nop
core   0: 1 0x0000000080004cdc (0x0001)
core   0: 0x0000000080004cde (0x41b8083b) subw    a6, a6, s11
core   0: 1 0x0000000080004cde (0x41b8083b) x16 0xffffffff803a002c
core   0: 0x0000000080004ce2 (0x0125d53b) srlw    a0, a1, s2
core   0: 1 0x0000000080004ce2 (0x0125d53b) x10 0x000000003031adf3
core   0: 0x0000000080004ce6 (0x12bef053) fmul.d  ft0, ft9, fa1
core   0: 1 0x0000000080004ce6 (0x12bef053) f0  0xc28ff7e809bf1000
core   0: 0x0000000080004cea (0x00aa1c3b) sllw    s8, s4, a0
core   0: 1 0x0000000080004cea (0x00aa1c3b) x24 0x0000000000000000
core   0: 0x0000000080004cee (0x00102e73) csrrs   t3, fflags, zero
core   0: 1 0x0000000080004cee (0x00102e73) x28 0x0000000000000000
core   0: 0x0000000080004cf2 (0xf1545773) csrrwi  a4, mconfigptr, 8
core   0: exception trap_illegal_instruction, epc 0x0000000080004cf2
core   0:           tval 0x00000000f1545773
core   0: >>>>  $xrv64i2p1_m2p0_a2p1_f2p2_d2p2_zicsr2p0_zifencei2p0_zmmul1p0_zba1p0_zbb1p0_zbc1p0_zbs1p0
core   0: 0x0000000080004000 (0x0080006f) j       pc + 0x8
core   0: 3 0x0000000080004000 (0x0080006f)
core   0: >>>>  mmode_exception_handler
core   0: 0x0000000080004008 (0x00002c17) auipc   s8, 0x2
core   0: 3 0x0000000080004008 (0x00002c17) x24 0x0000000080006008
core   0: 0x000000008000400c (0xfeac0c13) addi    s8, s8, -22
core   0: 3 0x000000008000400c (0xfeac0c13) x24 0x0000000080005ff2
core   0: 0x0000000080004010 (0x000c00e7) jalr    s8
core   0: 3 0x0000000080004010 (0x000c00e7) x1  0x0000000080004014
core   0: >>>>  any_handler
core   0: 0x0000000080005ff2 (0x341027f3) csrrs   a5, mepc, zero
core   0: 3 0x0000000080005ff2 (0x341027f3) x15 0x0000000080004cf2
core   0: 0x0000000080005ff6 (0x34202773) csrrs   a4, mcause, zero
core   0: 3 0x0000000080005ff6 (0x34202773) x14 0x0000000000000002
core   0: 0x0000000080005ffa (0x142026f3) csrrs   a3, scause, zero
core   0: 3 0x0000000080005ffa (0x142026f3) x13 0x0000000000000000
core   0: 0x0000000080005ffe (0x30402673) csrrs   a2, mie, zero
core   0: 3 0x0000000080005ffe (0x30402673) x12 0x0000000000000a00
core   0: 0x0000000080006002 (0x344025f3) csrrs   a1, mip, zero
core   0: 3 0x0000000080006002 (0x344025f3) x11 0x0000000000000080
core   0: 0x0000000080006006 (0x343025f3) csrrs   a1, mtval, zero
core   0: 3 0x0000000080006006 (0x343025f3) x11 0x00000000f1545773
core   0: 0x000000008000600a (0x14302573) csrrs   a0, stval, zero
core   0: 3 0x000000008000600a (0x14302573) x10 0x0000000000000000
core   0: 0x000000008000600e (0xb02024f3) csrrs   s1, minstret, zero
core   0: 3 0x000000008000600e (0xb02024f3) x9  0x0000000000000cfd
core   0: 0x0000000080006012 (0x0000a811) c.j     pc + 20
core   0: 3 0x0000000080006012 (0xa811)
core   0: >>>>  mepc_4
core   0: 0x0000000080006026 (0x00000791) c.addi  a5, 4
core   0: 3 0x0000000080006026 (0x0791) x15 0x0000000080004cf6
core   0: 0x0000000080006028 (0x34179073) csrrw   zero, mepc, a5
core   0: 3 0x0000000080006028 (0x34179073) c833_mepc 0x0000000080004cf6
core   0: 0x000000008000602c (0x30200073) mret
core   0: 3 0x000000008000602c (0x30200073) c768_mstatus 0x8000000a00106080
core   0: 0x0000000080004cf6 (0xd21780d3) fcvt.d.wu ft1, a5
core   0: 1 0x0000000080004cf6 (0xd21780d3) f1  0x41e000099ec00000
core   0: 0x0000000080004cfa (0x7a9f744b) fnmsub.d fs0, ft10, fs1, fa5
core   0: 1 0x0000000080004cfa (0x7a9f744b) f8  0x7ff8000000000000
core   0: 0x0000000080004cfe (0x410151bb) sraw    gp, sp, a6
core   0: 1 0x0000000080004cfe (0x410151bb) x3  0x0000000000000000
core   0: 0x0000000080004d02 (0x4195d293) srai    t0, a1, 25
core   0: 1 0x0000000080004d02 (0x4195d293) x5  0x0000000000000078
core   0: 0x0000000080004d06 (0x00cb4337) lui     t1, 0xcb4
core   0: 1 0x0000000080004d06 (0x00cb4337) x6  0x0000000000cb4000
core   0: 0x0000000080004d0a (0x6513031b) addiw   t1, t1, 1617
core   0: 1 0x0000000080004d0a (0x6513031b) x6  0x0000000000cb4651
core   0: 0x0000000080004d0e (0x0000033a) c.slli  t1, 14
core   0: 1 0x0000000080004d0e (0x033a) x6  0x00000032d1944000
core   0: 0x0000000080004d10 (0x4f830313) addi    t1, t1, 1272
core   0: 1 0x0000000080004d10 (0x4f830313) x6  0x00000032d19444f8
core   0: 0x0000000080004d14 (0x00202bf3) csrrs   s7, frm, zero
core   0: 1 0x0000000080004d14 (0x00202bf3) x23 0x0000000000000002
core   0: 0x0000000080004d18 (0xc210f0d3) fcvt.wu.d ra, ft1
core   0: 1 0x0000000080004d18 (0xc210f0d3) x1  0xffffffff80004cf6
core   0: 0x0000000080004d1c (0x2290aa53) fsgnjx.d fs4, ft1, fs1
core   0: 1 0x0000000080004d1c (0x2290aa53) f20 0x41e000099ec00000
core   0: 0x0000000080004d20 (0x8001841b) addiw   s0, gp, -2048
core   0: 1 0x0000000080004d20 (0x8001841b) x8  0xfffffffffffff800
core   0: 0x0000000080004d24 (0x00000001) c.nop
core   0: 1 0x0000000080004d24 (0x0001)
core   0: 0x0000000080004d26 (0xfff30c1b) addiw   s8, t1, -1
core   0: 1 0x0000000080004d26 (0xfff30c1b) x24 0xffffffffd19444f7
core   0: 0x0000000080004d2a (0x41788bb3) sub     s7, a7, s7
core   0: 1 0x0000000080004d2a (0x41788bb3) x23 0xfffffffffffffffe
core   0: 0x0000000080004d2e (0xc360f0c7) fmsub.d ft1, ft1, fs6, fs8
core   0: 1 0x0000000080004d2e (0xc360f0c7) f1  0x7ff8000000000000
core   0: 0x0000000080004d32 (0x000c5a93) srli    s5, s8, 0
core   0: 1 0x0000000080004d32 (0x000c5a93) x21 0xffffffffd19444f7
core   0: 0x0000000080004d36 (0x0313ff53) fadd.d  ft10, ft7, fa7
core   0: 1 0x0000000080004d36 (0x0313ff53) f30 0x7ff8000000000000
core   0: 0x0000000080004d3a (0x0228483b) divw    a6, a6, sp
core   0: 1 0x0000000080004d3a (0x0228483b) x16 0xffffffffffefeb1c
core   0: 0x0000000080004d3e (0x0003d39b) srliw   t2, t2, 0
core   0: 1 0x0000000080004d3e (0x0003d39b) x7  0x0000000000000000
core   0: 0x0000000080004d42 (0x0002121b) slliw   tp, tp, 0
core   0: 1 0x0000000080004d42 (0x0002121b) x4  0x0000000000000000
core   0: 0x0000000080004d46 (0x3bce7a47) fmsub.d fs4, ft8, ft8, ft7
core   0: 1 0x0000000080004d46 (0x3bce7a47) f20 0x8000000000000000
core   0: 0x0000000080004d4a (0x02db76b3) remu    a3, s6, a3
core   0: 1 0x0000000080004d4a (0x02db76b3) x13 0x0000000000000000
core   0: 0x0000000080004d4e (0x015c8cbb) addw    s9, s9, s5
core   0: 1 0x0000000080004d4e (0x015c8cbb) x25 0x000000005194a4e8
core   0: 0x0000000080004d52 (0x0bd3ff47) fmsub.d ft10, ft7, ft9, ft1
core   0: 1 0x0000000080004d52 (0x0bd3ff47) f30 0x7ff8000000000000
core   0: 0x0000000080004d56 (0xfc718b37) lui     s6, 0xfc718
core   0: 1 0x0000000080004d56 (0xfc718b37) x22 0xfffffffffc718000
core   0: 0x0000000080004d5a (0x0d5b0b1b) addiw   s6, s6, 213
core   0: 1 0x0000000080004d5a (0x0d5b0b1b) x22 0xfffffffffc7180d5
core   0: 0x0000000080004d5e (0x00000b32) c.slli  s6, 12
core   0: 1 0x0000000080004d5e (0x0b32) x22 0xffffffc7180d5000
core   0: 0x0000000080004d60 (0xfabb0b13) addi    s6, s6, -85
core   0: 1 0x0000000080004d60 (0xfabb0b13) x22 0xffffffc7180d4fab
core   0: 0x0000000080004d64 (0x08863617) auipc   a2, 0x8863
core   0: 1 0x0000000080004d64 (0x08863617) x12 0x0000000088867d64
core   0: 0x0000000080004d68 (0x2ae39853) fmax.d  fa6, ft7, fa4
core   0: 1 0x0000000080004d68 (0x2ae39853) f16 0x0000000000000000
core   0: 0x0000000080004d6c (0x40065213) srai    tp, a2, 0
core   0: 1 0x0000000080004d6c (0x40065213) x4  0x0000000088867d64
core   0: 0x0000000080004d70 (0x4090d4bb) sraw    s1, ra, s1
core   0: 1 0x0000000080004d70 (0x4090d4bb) x9  0xfffffffffffffffc
core   0: 0x0000000080004d74 (0x40177753) fcvt.s.d fa4, fa4
core   0: 1 0x0000000080004d74 (0x40177753) f14 0xffffffff7fc00000
core   0: 0x0000000080004d78 (0x00025093) srli    ra, tp, 0
core   0: 1 0x0000000080004d78 (0x00025093) x1  0x0000000088867d64
core   0: 0x0000000080004d7c (0x002019f3) csrrw   s3, frm, zero
core   0: 1 0x0000000080004d7c (0x002019f3) x19 0x0000000000000002 c2_frm 0x0000000000000000
core   0: 0x0000000080004d80 (0xa837f093) andi    ra, a5, -1405
core   0: 1 0x0000000080004d80 (0xa837f093) x1  0x0000000080004882
core   0: 0x0000000080004d84 (0xd20a0753) fcvt.d.w fa4, s4
core   0: 1 0x0000000080004d84 (0xd20a0753) f14 0x0000000000000000
core   0: 0x0000000080004d88 (0x40f254b3) sra     s1, tp, a5
core   0: 1 0x0000000080004d88 (0x40f254b3) x9  0x0000000000000000
core   0: 0x0000000080004d8c (0x4007589b) sraiw   a7, a4, 0
core   0: 1 0x0000000080004d8c (0x4007589b) x17 0x0000000000000002
core   0: 0x0000000080004d90 (0x41e1d99b) sraiw   s3, gp, 30
core   0: 1 0x0000000080004d90 (0x41e1d99b) x19 0x0000000000000000
core   0: 0x0000000080004d94 (0xc21e75d3) fcvt.wu.d a1, ft8
core   0: 1 0x0000000080004d94 (0xc21e75d3) x11 0x0000000000000000
core   0: 0x0000000080004d98 (0x4075d413) srai    s0, a1, 7
core   0: 1 0x0000000080004d98 (0x4075d413) x8  0x0000000000000000
core   0: 0x0000000080004d9c (0x00a87733) and     a4, a6, a0
core   0: 1 0x0000000080004d9c (0x00a87733) x14 0x0000000000000000
core   0: 0x0000000080004da0 (0x1aef7b53) fdiv.d  fs6, ft10, fa4
core   0: 1 0x0000000080004da0 (0x1aef7b53) f22 0x7ff8000000000000
core   0: 0x0000000080004da4 (0x02841833) mulh    a6, s0, s0
core   0: 1 0x0000000080004da4 (0x02841833) x16 0x0000000000000000
core   0: 0x0000000080004da8 (0x00211673) csrrw   a2, frm, sp
core   0: 1 0x0000000080004da8 (0x00211673) x12 0x0000000000000000 c2_frm 0x0000000000000002
core   0: 0x0000000080004dac (0x75690513) addi    a0, s2, 1878
core   0: 1 0x0000000080004dac (0x75690513) x10 0x8000000000000756
core   0: 0x0000000080004db0 (0x404552bb) sraw    t0, a0, tp
core   0: 1 0x0000000080004db0 (0x404552bb) x5  0x0000000000000075
core   0: 0x0000000080004db4 (0x000082dd) c.srli  a3, 23
core   0: 1 0x0000000080004db4 (0x82dd) x13 0x0000000000000000
core   0: 0x0000000080004db6 (0x4003521b) sraiw   tp, t1, 0
core   0: 1 0x0000000080004db6 (0x4003521b) x4  0xffffffffd19444f8
core   0: 0x0000000080004dba (0x5a077753) fsqrt.d fa4, fa4
core   0: 1 0x0000000080004dba (0x5a077753) f14 0x0000000000000000
core   0: 0x0000000080004dbe (0x4133db33) sra     s6, t2, s3
core   0: 1 0x0000000080004dbe (0x4133db33) x22 0x0000000000000000
core   0: 0x0000000080004dc2 (0x0166c533) xor     a0, a3, s6
core   0: 1 0x0000000080004dc2 (0x0166c533) x10 0x0000000000000000
core   0: 0x0000000080004dc6 (0xa5063797) auipc   a5, 0xa5063
core   0: 1 0x0000000080004dc6 (0xa5063797) x15 0x0000000025067dc6
core   0: 0x0000000080004dca (0x018b4d33) xor     s10, s6, s8
core   0: 1 0x0000000080004dca (0x018b4d33) x26 0xffffffffd19444f7
core   0: 0x0000000080004dce (0x4088da33) sra     s4, a7, s0
core   0: 1 0x0000000080004dce (0x4088da33) x20 0x0000000000000002
core   0: 0x0000000080004dd2 (0x0144e233) or      tp, s1, s4
core   0: 1 0x0000000080004dd2 (0x0144e233) x4  0x0000000000000002
core   0: 0x0000000080004dd6 (0x02aa0633) mul     a2, s4, a0
core   0: 1 0x0000000080004dd6 (0x02aa0633) x12 0x0000000000000000
core   0: 0x0000000080004dda (0xc23b7653) fcvt.lu.d a2, fs6
core   0: 1 0x0000000080004dda (0xc23b7653) c1_fflags 0x0000000000000010 x12 0xffffffffffffffff
core   0: 0x0000000080004dde (0x01a67833) and     a6, a2, s10
core   0: 1 0x0000000080004dde (0x01a67833) x16 0xffffffffd19444f7
core   0: 0x0000000080004de2 (0x499c77b7) lui     a5, 0x499c7
core   0: 1 0x0000000080004de2 (0x499c77b7) x15 0x00000000499c7000
core   0: 0x0000000080004de6 (0xf2098b53) fmv.d.x fs6, s3
core   0: 1 0x0000000080004de6 (0xf2098b53) f22 0x0000000000000000
core   0: 0x0000000080004dea (0x141db4f3) csrrc   s1, sepc, s11
core   0: 1 0x0000000080004dea (0x141db4f3) x9  0x0000000000000000 c321_sepc 0x0000000000000000
core   0: 0x0000000080004dee (0x0093ebb3) or      s7, t2, s1
core   0: 1 0x0000000080004dee (0x0093ebb3) x23 0x0000000000000000
core   0: 0x0000000080004df2 (0x5a0c7553) fsqrt.d fa0, fs8
core   0: 1 0x0000000080004df2 (0x5a0c7553) f10 0x7ff8000000000000
core   0: 0x0000000080004df6 (0x00000001) c.nop
core   0: 1 0x0000000080004df6 (0x0001)
core   0: 0x0000000080004df8 (0x0357eabb) remw    s5, a5, s5
core   0: 1 0x0000000080004df8 (0x0357eabb) x21 0x000000001b30b4f7
core   0: 0x0000000080004dfc (0x416089b3) sub     s3, ra, s6
core   0: 1 0x0000000080004dfc (0x416089b3) x19 0x0000000080004882
core   0: 0x0000000080004e00 (0x07c51e37) lui     t3, 0x7c51
core   0: 1 0x0000000080004e00 (0x07c51e37) x28 0x0000000007c51000
core   0: 0x0000000080004e04 (0xecfe0e1b) addiw   t3, t3, -305
core   0: 1 0x0000000080004e04 (0xecfe0e1b) x28 0x0000000007c50ecf
core   0: 0x0000000080004e08 (0x00000e32) c.slli  t3, 12
core   0: 1 0x0000000080004e08 (0x0e32) x28 0x0000007c50ecf000
core   0: 0x0000000080004e0a (0x8c8e0e13) addi    t3, t3, -1848
core   0: 1 0x0000000080004e0a (0x8c8e0e13) x28 0x0000007c50ece8c8
core   0: 0x0000000080004e0e (0x02f34ab3) div     s5, t1, a5
core   0: 1 0x0000000080004e0e (0x02f34ab3) x21 0x00000000000000b0
core   0: 0x0000000080004e12 (0xd224f7d3) fcvt.d.l fa5, s1
core   0: 1 0x0000000080004e12 (0xd224f7d3) f15 0x0000000000000000
core   0: 0x0000000080004e16 (0x420b02d3) fcvt.d.s ft5, fs6
core   0: 1 0x0000000080004e16 (0x420b02d3) f5  0x7ff8000000000000
core   0: 0x0000000080004e1a (0x42030bd3) fcvt.d.s fs7, ft6
core   0: 1 0x0000000080004e1a (0x42030bd3) f23 0x7ff8000000000000
core   0: 0x0000000080004e1e (0x5984bc97) auipc   s9, 0x5984b
core   0: 1 0x0000000080004e1e (0x5984bc97) x25 0x00000000d984fe1e
core   0: 0x0000000080004e22 (0x0184d39b) srliw   t2, s1, 24
core   0: 1 0x0000000080004e22 (0x0184d39b) x7  0x0000000000000000
core   0: 0x0000000080004e26 (0xd20c0753) fcvt.d.w fa4, s8
core   0: 1 0x0000000080004e26 (0xd20c0753) f14 0xc1c735dd84800000
core   0: 0x0000000080004e2a (0x00202373) csrrs   t1, frm, zero
core   0: 1 0x0000000080004e2a (0x00202373) x6  0x0000000000000002
core   0: 0x0000000080004e2e (0x01d52533) slt     a0, a0, t4
core   0: 1 0x0000000080004e2e (0x01d52533) x10 0x0000000000000000
core   0: 0x0000000080004e32 (0x000eeb13) ori     s6, t4, 0
core   0: 1 0x0000000080004e32 (0x000eeb13) x22 0xffffffff8d99c500
core   0: 0x0000000080004e36 (0x00d282bb) addw    t0, t0, a3
core   0: 1 0x0000000080004e36 (0x00d282bb) x5  0x0000000000000075
core   0: 0x0000000080004e3a (0x2b771553) fmax.d  fa0, fa4, fs7
core   0: 1 0x0000000080004e3a (0x2b771553) f10 0xc1c735dd84800000
core   0: 0x0000000080004e3e (0x40117d53) fcvt.s.d fs10, ft2
core   0: 1 0x0000000080004e3e (0x40117d53) f26 0xffffffff7fc00000
core   0: 0x0000000080004e42 (0x0258053b) mulw    a0, a6, t0
core   0: 1 0x0000000080004e42 (0x0258053b) x10 0xffffffffc8c384e3
core   0: 0x0000000080004e46 (0x40d15133) sra     sp, sp, a3
core   0: 1 0x0000000080004e46 (0x40d15133) x2  0x00000000000007f2
core   0: 0x0000000080004e4a (0x003011b7) lui     gp, 0x301
core   0: 1 0x0000000080004e4a (0x003011b7) x3  0x0000000000301000
core   0: 0x0000000080004e4e (0x6751819b) addiw   gp, gp, 1653
core   0: 1 0x0000000080004e4e (0x6751819b) x3  0x0000000000301675
core   0: 0x0000000080004e52 (0x000001c2) c.slli  gp, 16
core   0: 1 0x0000000080004e52 (0x01c2) x3  0x0000003016750000
core   0: 0x0000000080004e54 (0xf3418193) addi    gp, gp, -204
core   0: 1 0x0000000080004e54 (0xf3418193) x3  0x000000301674ff34
core   0: 0x0000000080004e58 (0x00119e9b) slliw   t4, gp, 1
core   0: 1 0x0000000080004e58 (0x00119e9b) x29 0x000000002ce9fe68
core   0: 0x0000000080004e5c (0x028ec233) div     tp, t4, s0
core   0: 1 0x0000000080004e5c (0x028ec233) x4  0xffffffffffffffff
core   0: 0x0000000080004e60 (0x3b9473cf) fnmadd.d ft7, fs0, fs9, ft7
core   0: 1 0x0000000080004e60 (0x3b9473cf) f7  0x7ff8000000000000
core   0: 0x0000000080004e64 (0x2a848ad3) fmin.d  fs5, fs1, fs0
core   0: 1 0x0000000080004e64 (0x2a848ad3) f21 0x7ff8000000000000
core   0: 0x0000000080004e68 (0x0244043b) mulw    s0, s0, tp
core   0: 1 0x0000000080004e68 (0x0244043b) x8  0x0000000000000000
core   0: 0x0000000080004e6c (0x96248eb7) lui     t4, 0x96248
core   0: 1 0x0000000080004e6c (0x96248eb7) x29 0xffffffff96248000
core   0: 0x0000000080004e70 (0xc3acf3cf) fnmadd.d ft7, fs9, fs10, fs8
core   0: 1 0x0000000080004e70 (0xc3acf3cf) f7  0x7ff8000000000000
core   0: 0x0000000080004e74 (0x02568133) mul     sp, a3, t0
core   0: 1 0x0000000080004e74 (0x02568133) x2  0x0000000000000000
core   0: 0x0000000080004e78 (0x01a7559b) srliw   a1, a4, 26
core   0: 1 0x0000000080004e78 (0x01a7559b) x11 0x0000000000000000
core   0: 0x0000000080004e7c (0x2af92437) lui     s0, 0x2af92
core   0: 1 0x0000000080004e7c (0x2af92437) x8  0x000000002af92000
core   0: 0x0000000080004e80 (0x02725733) divu    a4, tp, t2
core   0: 1 0x0000000080004e80 (0x02725733) x14 0xffffffffffffffff
core   0: 0x0000000080004e84 (0x3afc6613) ori     a2, s8, 943
core   0: 1 0x0000000080004e84 (0x3afc6613) x12 0xffffffffd19447ff
core   0: 0x0000000080004e88 (0x22350753) fsgnj.d fa4, fa0, ft3
core   0: 1 0x0000000080004e88 (0x22350753) f14 0xc1c735dd84800000
core   0: 0x0000000080004e8c (0x000e1d13) slli    s10, t3, 0
core   0: 1 0x0000000080004e8c (0x000e1d13) x26 0x0000007c50ece8c8
core   0: 0x0000000080004e90 (0x014eda33) srl     s4, t4, s4
core   0: 1 0x0000000080004e90 (0x014eda33) x20 0x3fffffffe5892000
core   0: 0x0000000080004e94 (0x1afa7a53) fdiv.d  fs4, fs4, fa5
core   0: 1 0x0000000080004e94 (0x1afa7a53) c1_fflags 0x0000000000000010 f20 0x7ff8000000000000
core   0: 0x0000000080004e98 (0x01a9adb3) slt     s11, s3, s10
core   0: 1 0x0000000080004e98 (0x01a9adb3) x27 0x0000000000000001
core   0: 0x0000000080004e9c (0x031d61b3) rem     gp, s10, a7
core   0: 1 0x0000000080004e9c (0x031d61b3) x3  0x0000000000000000
core   0: 0x0000000080004ea0 (0x1426a4f3) csrrs   s1, scause, a3
core   0: 1 0x0000000080004ea0 (0x1426a4f3) x9  0x0000000000000000 c322_scause 0x0000000000000000
core   0: 0x0000000080004ea4 (0xc20770d3) fcvt.w.d ra, fa4
core   0: 1 0x0000000080004ea4 (0xc20770d3) x1  0xffffffffd19444f7
core   0: 0x0000000080004ea8 (0x2b783017) auipc   zero, 0x2b783
core   0: 1 0x0000000080004ea8 (0x2b783017)
core   0: 0x0000000080004eac (0x01a6063b) addw    a2, a2, s10
core   0: 1 0x0000000080004eac (0x01a6063b) x12 0x00000000228130c7
core   0: 0x0000000080004eb0 (0x1bd77cd3) fdiv.d  fs9, fa4, ft9
core   0: 1 0x0000000080004eb0 (0x1bd77cd3) c1_fflags 0x0000000000000011 f25 0xc1173bac6f9be6fa
core   0: 0x0000000080004eb4 (0x139473d3) fmul.d  ft7, fs0, fs9
core   0: 1 0x0000000080004eb4 (0x139473d3) f7  0x7ff8000000000000
core   0: 0x0000000080004eb8 (0x43f65d13) srai    s10, a2, 63
core   0: 1 0x0000000080004eb8 (0x43f65d13) x26 0x0000000000000000
core   0: 0x0000000080004ebc (0x139772d3) fmul.d  ft5, fa4, fs9
core   0: 1 0x0000000080004ebc (0x139772d3) c1_fflags 0x0000000000000011 f5  0x42f0d9ff9a22e105
core   0: 0x0000000080004ec0 (0x221c81d3) fsgnj.d ft3, fs9, ft1
core   0: 1 0x0000000080004ec0 (0x221c81d3) f3  0x41173bac6f9be6fa
core   0: 0x0000000080004ec4 (0x02b375bb) remuw   a1, t1, a1
core   0: 1 0x0000000080004ec4 (0x02b375bb) x11 0x0000000000000002
core   0: 0x0000000080004ec8 (0x1aec7b53) fdiv.d  fs6, fs8, fa4
core   0: 1 0x0000000080004ec8 (0x1aec7b53) f22 0x7ff8000000000000
core   0: 0x0000000080004ecc (0x010581bb) addw    gp, a1, a6
core   0: 1 0x0000000080004ecc (0x010581bb) x3  0xffffffffd19444f9
core   0: 0x0000000080004ed0 (0x0010551b) srliw   a0, zero, 1
core   0: 1 0x0000000080004ed0 (0x0010551b) x10 0x0000000000000000
core   0: 0x0000000080004ed4 (0xc02c72d3) fcvt.l.s t0, fs8
core   0: 1 0x0000000080004ed4 (0xc02c72d3) c1_fflags 0x0000000000000011 x5  0x7fffffffffffffff
core   0: 0x0000000080004ed8 (0x03bcfed3) fadd.d  ft9, fs9, fs11
core   0: 1 0x0000000080004ed8 (0x03bcfed3) f29 0x7ff8000000000000
core   0: 0x0000000080004edc (0x00011133) sll     sp, sp, zero
core   0: 1 0x0000000080004edc (0x00011133) x2  0x0000000000000000
core   0: 0x0000000080004ee0 (0x000e1a13) slli    s4, t3, 0
core   0: 1 0x0000000080004ee0 (0x000e1a13) x20 0x0000007c50ece8c8
core   0: 0x0000000080004ee4 (0x030cb633) mulhu   a2, s9, a6
core   0: 1 0x0000000080004ee4 (0x030cb633) x12 0x00000000d984fe1d
core   0: 0x0000000080004ee8 (0x40c6003b) subw    zero, a2, a2
core   0: 1 0x0000000080004ee8 (0x40c6003b)
core   0: 0x0000000080004eec (0x00e047b3) xor     a5, zero, a4
core   0: 1 0x0000000080004eec (0x00e047b3) x15 0xffffffffffffffff
core   0: 0x0000000080004ef0 (0xe20905d3) fmv.x.d a1, fs2
core   0: 1 0x0000000080004ef0 (0xe20905d3) x11 0x7ff8000000000000
core   0: 0x0000000080004ef4 (0x23641453) fsgnjn.d fs0, fs0, fs6
core   0: 1 0x0000000080004ef4 (0x23641453) f8  0xfff8000000000000
core   0: 0x0000000080004ef8 (0x03bcf2b3) remu    t0, s9, s11
core   0: 1 0x0000000080004ef8 (0x03bcf2b3) x5  0x0000000000000000
core   0: 0x0000000080004efc (0x0012d11b) srliw   sp, t0, 1
core   0: 1 0x0000000080004efc (0x0012d11b) x2  0x0000000000000000
core   0: 0x0000000080004f00 (0x2b3089d3) fmin.d  fs3, ft1, fs3
core   0: 1 0x0000000080004f00 (0x2b3089d3) f19 0x41efffffffe00000
core   0: 0x0000000080004f04 (0x4011503b) sraw    zero, sp, ra
core   0: 1 0x0000000080004f04 (0x4011503b)
core   0: 0x0000000080004f08 (0x02ca463b) divw    a2, s4, a2
core   0: 1 0x0000000080004f08 (0x02ca463b) x12 0xfffffffffffffffe
core   0: 0x0000000080004f0c (0x01c0143b) sllw    s0, zero, t3
core   0: 1 0x0000000080004f0c (0x01c0143b) x8  0x0000000000000000
core   0: 0x0000000080004f10 (0x4000521b) sraiw   tp, zero, 0
core   0: 1 0x0000000080004f10 (0x4000521b) x4  0x0000000000000000
core   0: 0x0000000080004f14 (0x00102473) csrrs   s0, fflags, zero
core   0: 1 0x0000000080004f14 (0x00102473) x8  0x0000000000000011
core   0: 0x0000000080004f18 (0x02492b33) mulhsu  s6, s2, tp
core   0: 1 0x0000000080004f18 (0x02492b33) x22 0x0000000000000000
core   0: 0x0000000080004f1c (0x0bf775d3) fsub.d  fa1, fa4, ft11
core   0: 1 0x0000000080004f1c (0x0bf775d3) f11 0xc1c735e183800000
core   0: 0x0000000080004f20 (0x4167571b) sraiw   a4, a4, 22
core   0: 1 0x0000000080004f20 (0x4167571b) x14 0xffffffffffffffff
core   0: 0x0000000080004f24 (0x00608033) add     zero, ra, t1
core   0: 1 0x0000000080004f24 (0x00608033)
core   0: 0x0000000080004f28 (0x00865433) srl     s0, a2, s0
core   0: 1 0x0000000080004f28 (0x00865433) x8  0x00007fffffffffff
core   0: 0x0000000080004f2c (0x12b77c53) fmul.d  fs8, fa4, fa1
core   0: 1 0x0000000080004f2c (0x12b77c53) c1_fflags 0x0000000000000011 f24 0x43a0d5cc003e59f0
core   0: 0x0000000080004f30 (0x5aa7f54b) fnmsub.d fa0, fa5, fa0, fa1
core   0: 1 0x0000000080004f30 (0x5aa7f54b) f10 0xc1c735e183800000
core   0: 0x0000000080004f34 (0x00000001) c.nop
core   0: 1 0x0000000080004f34 (0x0001)
core   0: 0x0000000080004f36 (0x000a551b) srliw   a0, s4, 0
core   0: 1 0x0000000080004f36 (0x000a551b) x10 0x0000000050ece8c8
core   0: 0x0000000080004f3a (0x03aa5333) divu    t1, s4, s10
core   0: 1 0x0000000080004f3a (0x03aa5333) x6  0xffffffffffffffff
core   0: 0x0000000080004f3e (0x0003d41b) srliw   s0, t2, 0
core   0: 1 0x0000000080004f3e (0x0003d41b) x8  0x0000000000000000
core   0: 0x0000000080004f42 (0x00c8863b) addw    a2, a7, a2
core   0: 1 0x0000000080004f42 (0x00c8863b) x12 0x0000000000000000
core   0: 0x0000000080004f46 (0xd2150cd3) fcvt.d.wu fs9, a0
core   0: 1 0x0000000080004f46 (0xd2150cd3) f25 0x41d43b3a32000000
core   0: 0x0000000080004f4a (0x00597933) and     s2, s2, t0
core   0: 1 0x0000000080004f4a (0x00597933) x18 0x0000000000000000
core   0: 0x0000000080004f4e (0xf20402d3) fmv.d.x ft5, s0
core   0: 1 0x0000000080004f4e (0xf20402d3) f5  0x0000000000000000
core   0: 0x0000000080004f52 (0x00202973) csrrs   s2, frm, zero
core   0: 1 0x0000000080004f52 (0x00202973) x18 0x0000000000000002
core   0: 0x0000000080004f56 (0x22acafd3) fsgnjx.d ft11, fs9, fa0
core   0: 1 0x0000000080004f56 (0x22acafd3) f31 0xc1d43b3a32000000
core   0: 0x0000000080004f5a (0x1a7ef4d3) fdiv.d  fs1, ft9, ft7
core   0: 1 0x0000000080004f5a (0x1a7ef4d3) f9  0x7ff8000000000000
core   0: 0x0000000080004f5e (0x001b9c93) slli    s9, s7, 1
core   0: 1 0x0000000080004f5e (0x001b9c93) x25 0x0000000000000000
core   0: 0x0000000080004f62 (0x00cb08bb) addw    a7, s6, a2
core   0: 1 0x0000000080004f62 (0x00cb08bb) x17 0x0000000000000000
core   0: 0x0000000080004f66 (0x12e0f9d3) fmul.d  fs3, ft1, fa4
core   0: 1 0x0000000080004f66 (0x12e0f9d3) f19 0x7ff8000000000000
core   0: 0x0000000080004f6a (0x04eee837) lui     a6, 0x4eee
core   0: 1 0x0000000080004f6a (0x04eee837) x16 0x0000000004eee000
core   0: 0x0000000080004f6e (0xc9d8081b) addiw   a6, a6, -867
core   0: 1 0x0000000080004f6e (0xc9d8081b) x16 0x0000000004eedc9d
core   0: 0x0000000080004f72 (0x00000832) c.slli  a6, 12
core   0: 1 0x0000000080004f72 (0x0832) x16 0x0000004eedc9d000
core   0: 0x0000000080004f74 (0x8fb80813) addi    a6, a6, -1797
core   0: 1 0x0000000080004f74 (0x8fb80813) x16 0x0000004eedc9c8fb
core   0: 0x0000000080004f78 (0xd21706d3) fcvt.d.wu fa3, a4
core   0: 1 0x0000000080004f78 (0xd21706d3) f13 0x41efffffffe00000
core   0: 0x0000000080004f7c (0x02d9773b) remuw   a4, s2, a3
core   0: 1 0x0000000080004f7c (0x02d9773b) x14 0x0000000000000002
core   0: 0x0000000080004f80 (0x01db8a33) add     s4, s7, t4
core   0: 1 0x0000000080004f80 (0x01db8a33) x20 0xffffffff96248000
core   0: 0x0000000080004f84 (0x039c7cb3) remu    s9, s8, s9
core   0: 1 0x0000000080004f84 (0x039c7cb3) x25 0xffffffffd19444f7
core   0: 0x0000000080004f88 (0x0ff0000f) fence   iorw,iorw
core   0: 1 0x0000000080004f88 (0x0ff0000f)
core   0: 0x0000000080004f8c (0x02b625b3) mulhsu  a1, a2, a1
core   0: 1 0x0000000080004f8c (0x02b625b3) x11 0x0000000000000000
core   0: 0x0000000080004f90 (0x003d941b) slliw   s0, s11, 3
core   0: 1 0x0000000080004f90 (0x003d941b) x8  0x0000000000000008
core   0: 0x0000000080004f94 (0x01432c33) slt     s8, t1, s4
core   0: 1 0x0000000080004f94 (0x01432c33) x24 0x0000000000000000
core   0: 0x0000000080004f98 (0x418cdcbb) sraw    s9, s9, s8
core   0: 1 0x0000000080004f98 (0x418cdcbb) x25 0xffffffffd19444f7
core   0: 0x0000000080004f9c (0x415c5d1b) sraiw   s10, s8, 21
core   0: 1 0x0000000080004f9c (0x415c5d1b) x26 0x0000000000000000
core   0: 0x0000000080004fa0 (0x02fc93b3) mulh    t2, s9, a5
core   0: 1 0x0000000080004fa0 (0x02fc93b3) x7  0x0000000000000000
core   0: 0x0000000080004fa4 (0xfd106537) lui     a0, 0xfd106
core   0: 1 0x0000000080004fa4 (0xfd106537) x10 0xfffffffffd106000
core   0: 0x0000000080004fa8 (0xe415051b) addiw   a0, a0, -447
core   0: 1 0x0000000080004fa8 (0xe415051b) x10 0xfffffffffd105e41
core   0: 0x0000000080004fac (0x00000532) c.slli  a0, 12
core   0: 1 0x0000000080004fac (0x0532) x10 0xffffffd105e41000
core   0: 0x0000000080004fae (0x38d50513) addi    a0, a0, 909
core   0: 1 0x0000000080004fae (0x38d50513) x10 0xffffffd105e4138d
core   0: 0x0000000080004fb2 (0x00a51233) sll     tp, a0, a0
core   0: 1 0x0000000080004fb2 (0x00a51233) x4  0xfffa20bc8271a000
core   0: 0x0000000080004fb6 (0xc215f753) fcvt.wu.d a4, fa1
core   0: 1 0x0000000080004fb6 (0xc215f753) c1_fflags 0x0000000000000011 x14 0x0000000000000000
core   0: 0x0000000080004fba (0x02276333) rem     t1, a4, sp
core   0: 1 0x0000000080004fba (0x02276333) x6  0x0000000000000000
core   0: 0x0000000080004fbe (0x01871e33) sll     t3, a4, s8
core   0: 1 0x0000000080004fbe (0x01871e33) x28 0x0000000000000000
core   0: 0x0000000080004fc2 (0xfe7a8893) addi    a7, s5, -25
core   0: 1 0x0000000080004fc2 (0xfe7a8893) x17 0x0000000000000097
core   0: 0x0000000080004fc6 (0x01c8debb) srlw    t4, a7, t3
core   0: 1 0x0000000080004fc6 (0x01c8debb) x29 0x0000000000000097
core   0: 0x0000000080004fca (0x01d565b3) or      a1, a0, t4
core   0: 1 0x0000000080004fca (0x01d565b3) x11 0xffffffd105e4139f
core   0: 0x0000000080004fce (0x036e6c3b) remw    s8, t3, s6
core   0: 1 0x0000000080004fce (0x036e6c3b) x24 0x0000000000000000
core   0: 0x0000000080004fd2 (0x00010d1b) sext.w  s10, sp
core   0: 1 0x0000000080004fd2 (0x00010d1b) x26 0x0000000000000000
core   0: 0x0000000080004fd6 (0xd2100ed3) fcvt.d.wu ft9, zero
core   0: 1 0x0000000080004fd6 (0xd2100ed3) f29 0x0000000000000000
core   0: 0x0000000080004fda (0x4c8f97b7) lui     a5, 0x4c8f9
core   0: 1 0x0000000080004fda (0x4c8f97b7) x15 0x000000004c8f9000
core   0: 0x0000000080004fde (0x03574abb) divw    s5, a4, s5
core   0: 1 0x0000000080004fde (0x03574abb) x21 0x0000000000000000
core   0: 0x0000000080004fe2 (0x00281973) csrrw   s2, frm, a6
core   0: 1 0x0000000080004fe2 (0x00281973) x18 0x0000000000000002 c2_frm 0x0000000000000003
core   0: 0x0000000080004fe6 (0x018d033b) addw    t1, s10, s8
core   0: 1 0x0000000080004fe6 (0x018d033b) x6  0x0000000000000000
core   0: 0x0000000080004fea (0xfc536493) ori     s1, t1, -59
core   0: 1 0x0000000080004fea (0xfc536493) x9  0xffffffffffffffc5
core   0: 0x0000000080004fee (0x14113173) csrrc   sp, sepc, sp
core   0: 1 0x0000000080004fee (0x14113173) x2  0x0000000000000000 c321_sepc 0x0000000000000000
core   0: 0x0000000080004ff2 (0x22de99d3) fsgnjn.d fs3, ft9, fa3
core   0: 1 0x0000000080004ff2 (0x22de99d3) f19 0x8000000000000000
core   0: 0x0000000080004ff6 (0x41f1509b) sraiw   ra, sp, 31
core   0: 1 0x0000000080004ff6 (0x41f1509b) x1  0x0000000000000000
core   0: 0x0000000080004ffa (0x4000de13) srai    t3, ra, 0
core   0: 1 0x0000000080004ffa (0x4000de13) x28 0x0000000000000000
core   0: 0x0000000080004ffe (0x02be15b3) mulh    a1, t3, a1
core   0: 1 0x0000000080004ffe (0x02be15b3) x11 0x0000000000000000
core   0: 0x0000000080005002 (0x4254d113) srai    sp, s1, 37
core   0: 1 0x0000000080005002 (0x4254d113) x2  0xffffffffffffffff
core   0: 0x0000000080005006 (0x00000001) c.nop
core   0: 1 0x0000000080005006 (0x0001)
core   0: 0x0000000080005008 (0xab521b17) auipc   s6, 0xab521
core   0: 1 0x0000000080005008 (0xab521b17) x22 0x000000002b526008
core   0: 0x000000008000500c (0x0154593b) srlw    s2, s0, s5
core   0: 1 0x000000008000500c (0x0154593b) x18 0x0000000000000008
core   0: 0x0000000080005010 (0xc036fed3) fcvt.lu.s t4, fa3
core   0: 1 0x0000000080005010 (0xc036fed3) c1_fflags 0x0000000000000011 x29 0xffffffffffffffff
core   0: 0x0000000080005014 (0x405e82b3) sub     t0, t4, t0
core   0: 1 0x0000000080005014 (0x405e82b3) x5  0xffffffffffffffff
core   0: 0x0000000080005018 (0x0272ecbb) remw    s9, t0, t2
core   0: 1 0x0000000080005018 (0x0272ecbb) x25 0xffffffffffffffff
core   0: 0x000000008000501c (0x02fe9933) mulh    s2, t4, a5
core   0: 1 0x000000008000501c (0x02fe9933) x18 0xffffffffffffffff
core   0: 0x0000000080005020 (0xd033f553) fcvt.s.lu fa0, t2
core   0: 1 0x0000000080005020 (0xd033f553) f10 0xffffffff00000000
core   0: 0x0000000080005024 (0xc235fad3) fcvt.lu.d s5, fa1
core   0: 1 0x0000000080005024 (0xc235fad3) c1_fflags 0x0000000000000011 x21 0x0000000000000000
core   0: 0x0000000080005028 (0x71054513) xori    a0, a0, 1808
core   0: 1 0x0000000080005028 (0x71054513) x10 0xffffffd105e4149d
core   0: 0x000000008000502c (0x03f39c13) slli    s8, t2, 63
core   0: 1 0x000000008000502c (0x03f39c13) x24 0x0000000000000000
core   0: 0x0000000080005030 (0x73457b47) fmsub.d fs6, fa0, fs4, fa4
core   0: 1 0x0000000080005030 (0x73457b47) f22 0x7ff8000000000000
core   0: 0x0000000080005034 (0x41f3d01b) sraiw   zero, t2, 31
core   0: 1 0x0000000080005034 (0x41f3d01b)
core   0: 0x0000000080005038 (0x03f3d213) srli    tp, t2, 63
core   0: 1 0x0000000080005038 (0x03f3d213) x4  0x0000000000000000
core   0: 0x000000008000503c (0x00202cf3) csrrs   s9, frm, zero
core   0: 1 0x000000008000503c (0x00202cf3) x25 0x0000000000000003
core   0: 0x0000000080005040 (0x036535b3) mulhu   a1, a0, s6
core   0: 1 0x0000000080005040 (0x036535b3) x11 0x000000002b526000
core   0: 0x0000000080005044 (0x024adab3) divu    s5, s5, tp
core   0: 1 0x0000000080005044 (0x024adab3) x21 0xffffffffffffffff
core   0: 0x0000000080005048 (0x342eeaf3) csrrsi  s5, mcause, 29
core   0: exception trap_illegal_instruction, epc 0x0000000080005048
core   0:           tval 0x00000000342eeaf3
core   0: >>>>  $xrv64i2p1_m2p0_a2p1_f2p2_d2p2_zicsr2p0_zifencei2p0_zmmul1p0_zba1p0_zbb1p0_zbc1p0_zbs1p0
core   0: 0x0000000080004000 (0x0080006f) j       pc + 0x8
core   0: 3 0x0000000080004000 (0x0080006f)
core   0: >>>>  mmode_exception_handler
core   0: 0x0000000080004008 (0x00002c17) auipc   s8, 0x2
core   0: 3 0x0000000080004008 (0x00002c17) x24 0x0000000080006008
core   0: 0x000000008000400c (0xfeac0c13) addi    s8, s8, -22
core   0: 3 0x000000008000400c (0xfeac0c13) x24 0x0000000080005ff2
core   0: 0x0000000080004010 (0x000c00e7) jalr    s8
core   0: 3 0x0000000080004010 (0x000c00e7) x1  0x0000000080004014
core   0: >>>>  any_handler
core   0: 0x0000000080005ff2 (0x341027f3) csrrs   a5, mepc, zero
core   0: 3 0x0000000080005ff2 (0x341027f3) x15 0x0000000080005048
core   0: 0x0000000080005ff6 (0x34202773) csrrs   a4, mcause, zero
core   0: 3 0x0000000080005ff6 (0x34202773) x14 0x0000000000000002
core   0: 0x0000000080005ffa (0x142026f3) csrrs   a3, scause, zero
core   0: 3 0x0000000080005ffa (0x142026f3) x13 0x0000000000000000
core   0: 0x0000000080005ffe (0x30402673) csrrs   a2, mie, zero
core   0: 3 0x0000000080005ffe (0x30402673) x12 0x0000000000000a00
core   0: 0x0000000080006002 (0x344025f3) csrrs   a1, mip, zero
core   0: 3 0x0000000080006002 (0x344025f3) x11 0x0000000000000080
core   0: 0x0000000080006006 (0x343025f3) csrrs   a1, mtval, zero
core   0: 3 0x0000000080006006 (0x343025f3) x11 0x00000000342eeaf3
core   0: 0x000000008000600a (0x14302573) csrrs   a0, stval, zero
core   0: 3 0x000000008000600a (0x14302573) x10 0x0000000000000000
core   0: 0x000000008000600e (0xb02024f3) csrrs   s1, minstret, zero
core   0: 3 0x000000008000600e (0xb02024f3) x9  0x0000000000000de7
core   0: 0x0000000080006012 (0x0000a811) c.j     pc + 20
core   0: 3 0x0000000080006012 (0xa811)
core   0: >>>>  mepc_4
core   0: 0x0000000080006026 (0x00000791) c.addi  a5, 4
core   0: 3 0x0000000080006026 (0x0791) x15 0x000000008000504c
core   0: 0x0000000080006028 (0x34179073) csrrw   zero, mepc, a5
core   0: 3 0x0000000080006028 (0x34179073) c833_mepc 0x000000008000504c
core   0: 0x000000008000602c (0x30200073) mret
core   0: 3 0x000000008000602c (0x30200073) c768_mstatus 0x8000000a00106080
core   0: 0x000000008000504c (0xc023f753) fcvt.l.s a4, ft7
core   0: 1 0x000000008000504c (0xc023f753) c1_fflags 0x0000000000000011 x14 0x7fffffffffffffff
core   0: 0x0000000080005050 (0x416c5c1b) sraiw   s8, s8, 22
core   0: 1 0x0000000080005050 (0x416c5c1b) x24 0xfffffffffffffe00
core   0: 0x0000000080005054 (0x416383bb) subw    t2, t2, s6
core   0: 1 0x0000000080005054 (0x416383bb) x7  0xffffffffd4ad9ff8
core   0: 0x0000000080005058 (0x01f3979b) slliw   a5, t2, 31
core   0: 1 0x0000000080005058 (0x01f3979b) x15 0x0000000000000000
core   0: 0x000000008000505c (0x014a0a3b) addw    s4, s4, s4
core   0: 1 0x000000008000505c (0x014a0a3b) x20 0x000000002c490000
core   0: 0x0000000080005060 (0x86f32697) auipc   a3, 0x86f32
core   0: 1 0x0000000080005060 (0x86f32697) x13 0x0000000006f37060
core   0: 0x0000000080005064 (0xab56f9c3) fmadd.d fs3, fa3, fs5, fs5
core   0: 1 0x0000000080005064 (0xab56f9c3) f19 0x7ff8000000000000
core   0: 0x0000000080005068 (0x12da7ed3) fmul.d  ft9, fs4, fa3
core   0: 1 0x0000000080005068 (0x12da7ed3) f29 0x7ff8000000000000
core   0: 0x000000008000506c (0x001e5e1b) srliw   t3, t3, 1
core   0: 1 0x000000008000506c (0x001e5e1b) x28 0x0000000000000000
core   0: 0x0000000080005070 (0x02ce7eb3) remu    t4, t3, a2
core   0: 1 0x0000000080005070 (0x02ce7eb3) x29 0x0000000000000000
core   0: 0x0000000080005074 (0xff46f6b7) lui     a3, 0xff46f
core   0: 1 0x0000000080005074 (0xff46f6b7) x13 0xffffffffff46f000
core   0: 0x0000000080005078 (0x412b5c3b) sraw    s8, s6, s2
core   0: 1 0x0000000080005078 (0x412b5c3b) x24 0x0000000000000000
core   0: 0x000000008000507c (0x0064cdb3) xor     s11, s1, t1
core   0: 1 0x000000008000507c (0x0064cdb3) x27 0x0000000000000de7
core   0: 0x0000000080005080 (0xc03a73d3) fcvt.lu.s t2, fs4
core   0: 1 0x0000000080005080 (0xc03a73d3) c1_fflags 0x0000000000000011 x7  0xffffffffffffffff
core   0: 0x0000000080005084 (0x0191d6bb) srlw    a3, gp, s9
core   0: 1 0x0000000080005084 (0x0191d6bb) x13 0x000000001a32889f
core   0: 0x0000000080005088 (0x02c572d3) fadd.d  ft5, fa0, fa2
core   0: 1 0x0000000080005088 (0x02c572d3) f5  0x7ff8000000000000
core   0: 0x000000008000508c (0x0a887fd3) fsub.d  ft11, fa6, fs0
core   0: 1 0x000000008000508c (0x0a887fd3) f31 0x7ff8000000000000
core   0: 0x0000000080005090 (0x0ff0000f) fence   iorw,iorw
core   0: 1 0x0000000080005090 (0x0ff0000f)
core   0: 0x0000000080005094 (0x00671333) sll     t1, a4, t1
core   0: 1 0x0000000080005094 (0x00671333) x6  0x7fffffffffffffff
core   0: 0x0000000080005098 (0x00cd89b3) add     s3, s11, a2
core   0: 1 0x0000000080005098 (0x00cd89b3) x19 0x00000000000017e7
core   0: 0x000000008000509c (0xef194913) xori    s2, s2, -271
core   0: 1 0x000000008000509c (0xef194913) x18 0x000000000000010e
core   0: 0x00000000800050a0 (0x0213c3bb) divw    t2, t2, ra
core   0: 1 0x00000000800050a0 (0x0213c3bb) x7  0x0000000000000000
core   0: 0x00000000800050a4 (0x0009eeb3) or      t4, s3, zero
core   0: 1 0x00000000800050a4 (0x0009eeb3) x29 0x00000000000017e7
core   0: 0x00000000800050a8 (0xc02571d3) fcvt.l.s gp, fa0
core   0: 1 0x00000000800050a8 (0xc02571d3) x3  0x0000000000000000
core   0: 0x00000000800050ac (0xc23ff4d3) fcvt.lu.d s1, ft11
core   0: 1 0x00000000800050ac (0xc23ff4d3) c1_fflags 0x0000000000000011 x9  0xffffffffffffffff
core   0: 0x00000000800050b0 (0x03b9fe37) lui     t3, 0x3b9f
core   0: 1 0x00000000800050b0 (0x03b9fe37) x28 0x0000000003b9f000
core   0: 0x00000000800050b4 (0x3d9e0e1b) addiw   t3, t3, 985
core   0: 1 0x00000000800050b4 (0x3d9e0e1b) x28 0x0000000003b9f3d9
core   0: 0x00000000800050b8 (0x00000e36) c.slli  t3, 13
core   0: 1 0x00000000800050b8 (0x0e36) x28 0x000000773e7b2000
core   0: 0x00000000800050ba (0xc5ce0e13) addi    t3, t3, -932
core   0: 1 0x00000000800050ba (0xc5ce0e13) x28 0x000000773e7b1c5c
core   0: 0x00000000800050be (0xc0357c53) fcvt.lu.s s8, fa0
core   0: 1 0x00000000800050be (0xc0357c53) x24 0x0000000000000000
core   0: 0x00000000800050c2 (0x0374f4b3) remu    s1, s1, s7
core   0: 1 0x00000000800050c2 (0x0374f4b3) x9  0xffffffffffffffff
core   0: 0x00000000800050c6 (0x01f7171b) slliw   a4, a4, 31
core   0: 1 0x00000000800050c6 (0x01f7171b) x14 0xffffffff80000000
core   0: 0x00000000800050ca (0x00251273) csrrw   tp, frm, a0
core   0: 1 0x00000000800050ca (0x00251273) x4  0x0000000000000003 c2_frm 0x0000000000000000
core   0: 0x00000000800050ce (0x01a64433) xor     s0, a2, s10
core   0: 1 0x00000000800050ce (0x01a64433) x8  0x0000000000000a00
core   0: 0x00000000800050d2 (0x416e5e33) sra     t3, t3, s6
core   0: 1 0x00000000800050d2 (0x416e5e33) x28 0x00000000773e7b1c
core   0: 0x00000000800050d6 (0xb9f02097) auipc   ra, 0xb9f02
core   0: 1 0x00000000800050d6 (0xb9f02097) x1  0x0000000039f070d6
core   0: 0x00000000800050da (0x01235db3) srl     s11, t1, s2
core   0: 1 0x00000000800050da (0x01235db3) x27 0x0001ffffffffffff
core   0: 0x00000000800050de (0x00000001) c.nop
core   0: 1 0x00000000800050de (0x0001)
core   0: 0x00000000800050e0 (0xc02575d3) fcvt.l.s a1, fa0
core   0: 1 0x00000000800050e0 (0xc02575d3) x11 0x0000000000000000
core   0: 0x00000000800050e4 (0xd0630893) addi    a7, t1, -762
core   0: 1 0x00000000800050e4 (0xd0630893) x17 0x7ffffffffffffd05
core   0: 0x00000000800050e8 (0xfacfb537) lui     a0, 0xfacfb
core   0: 1 0x00000000800050e8 (0xfacfb537) x10 0xfffffffffacfb000
core   0: 0x00000000800050ec (0xb515051b) addiw   a0, a0, -1199
core   0: 1 0x00000000800050ec (0xb515051b) x10 0xfffffffffacfab51
core   0: 0x00000000800050f0 (0x00000532) c.slli  a0, 12
core   0: 1 0x00000000800050f0 (0x0532) x10 0xffffffacfab51000
core   0: 0x00000000800050f2 (0x00000519) c.addi  a0, 6
core   0: 1 0x00000000800050f2 (0x0519) x10 0xffffffacfab51006
core   0: 0x00000000800050f4 (0x0279bab3) mulhu   s5, s3, t2
core   0: 1 0x00000000800050f4 (0x0279bab3) x21 0x0000000000000000
core   0: 0x00000000800050f8 (0xa2ac8853) fle.d   a6, fs9, fa0
core   0: 1 0x00000000800050f8 (0xa2ac8853) c1_fflags 0x0000000000000011 x16 0x0000000000000000
core   0: 0x00000000800050fc (0x41f5d39b) sraiw   t2, a1, 31
core   0: 1 0x00000000800050fc (0x41f5d39b) x7  0x0000000000000000
core   0: 0x0000000080005100 (0xd20606d3) fcvt.d.w fa3, a2
core   0: 1 0x0000000080005100 (0xd20606d3) f13 0x40a4000000000000
core   0: 0x0000000080005104 (0xc38771cb) fnmsub.d ft3, fa4, fs8, fs8
core   0: 1 0x0000000080005104 (0xc38771cb) c1_fflags 0x0000000000000011 f3  0x45786c02891d62f2
core   0: 0x0000000080005108 (0x43f15113) srai    sp, sp, 63
core   0: 1 0x0000000080005108 (0x43f15113) x2  0xffffffffffffffff
core   0: 0x000000008000510c (0xd0327b53) fcvt.s.lu fs6, tp
core   0: 1 0x000000008000510c (0xd0327b53) f22 0xffffffff40400000
core   0: 0x0000000080005110 (0xc0287253) fcvt.l.s tp, fa6
core   0: 1 0x0000000080005110 (0xc0287253) c1_fflags 0x0000000000000011 x4  0x7fffffffffffffff
core   0: 0x0000000080005114 (0x03d6da3b) divuw   s4, a3, t4
core   0: 1 0x0000000080005114 (0x03d6da3b) x20 0x0000000000011894
core   0: 0x0000000080005118 (0xd2317dd3) fcvt.d.lu fs11, sp
core   0: 1 0x0000000080005118 (0xd2317dd3) c1_fflags 0x0000000000000011 f27 0x43f0000000000000
core   0: 0x000000008000511c (0x0206703b) remuw   zero, a2, zero
core   0: 1 0x000000008000511c (0x0206703b)
core   0: 0x0000000080005120 (0x02aec13b) divw    sp, t4, a0
core   0: 1 0x0000000080005120 (0x02aec13b) x2  0x0000000000000000
core   0: 0x0000000080005124 (0x40f4d4bb) sraw    s1, s1, a5
core   0: 1 0x0000000080005124 (0x40f4d4bb) x9  0xffffffffffffffff
core   0: 0x0000000080005128 (0x02f11a93) slli    s5, sp, 47
core   0: 1 0x0000000080005128 (0x02f11a93) x21 0x0000000000000000
core   0: 0x000000008000512c (0x0007c413) xori    s0, a5, 0
core   0: 1 0x000000008000512c (0x0007c413) x8  0x0000000000000000
core   0: 0x0000000080005130 (0x42018853) fcvt.d.s fa6, ft3
core   0: 1 0x0000000080005130 (0x42018853) f16 0x7ff8000000000000
core   0: 0x0000000080005134 (0xc2287dd3) fcvt.l.d s11, fa6
core   0: 1 0x0000000080005134 (0xc2287dd3) c1_fflags 0x0000000000000011 x27 0x7fffffffffffffff
core   0: 0x0000000080005138 (0x1a467253) fdiv.d  ft4, fa2, ft4
core   0: 1 0x0000000080005138 (0x1a467253) f4  0x7ff8000000000000
core   0: 0x000000008000513c (0x010ad71b) srliw   a4, s5, 16
core   0: 1 0x000000008000513c (0x010ad71b) x14 0x0000000000000000
core   0: 0x0000000080005140 (0xc21df153) fcvt.wu.d sp, fs11
core   0: 1 0x0000000080005140 (0xc21df153) c1_fflags 0x0000000000000011 x2  0xffffffffffffffff
core   0: 0x0000000080005144 (0x4189d99b) sraiw   s3, s3, 24
core   0: 1 0x0000000080005144 (0x4189d99b) x19 0x0000000000000000
core   0: 0x0000000080005148 (0x00000001) c.nop
core   0: 1 0x0000000080005148 (0x0001)
core   0: 0x000000008000514a (0x5a0ff6d3) fsqrt.d fa3, ft11
core   0: 1 0x000000008000514a (0x5a0ff6d3) f13 0x7ff8000000000000
core   0: 0x000000008000514e (0x40d0da9b) sraiw   s5, ra, 13
core   0: 1 0x000000008000514e (0x40d0da9b) x21 0x000000000001cf83
core   0: 0x0000000080005152 (0xc2227553) fcvt.l.d a0, ft4
core   0: 1 0x0000000080005152 (0xc2227553) c1_fflags 0x0000000000000011 x10 0x7fffffffffffffff
core   0: 0x0000000080005156 (0x01ad113b) sllw    sp, s10, s10
core   0: 1 0x0000000080005156 (0x01ad113b) x2  0x0000000000000000
core   0: 0x000000008000515a (0x02a568b3) rem     a7, a0, a0
core   0: 1 0x000000008000515a (0x02a568b3) x17 0x0000000000000000
core   0: 0x000000008000515e (0x002a08b3) add     a7, s4, sp
core   0: 1 0x000000008000515e (0x002a08b3) x17 0x0000000000011894
core   0: 0x0000000080005162 (0x0347c93b) divw    s2, a5, s4
core   0: 1 0x0000000080005162 (0x0347c93b) x18 0x0000000000000000
core   0: 0x0000000080005166 (0x03f13eb7) lui     t4, 0x3f13
core   0: 1 0x0000000080005166 (0x03f13eb7) x29 0x0000000003f13000
core   0: 0x000000008000516a (0xad1e8e9b) addiw   t4, t4, -1327
core   0: 1 0x000000008000516a (0xad1e8e9b) x29 0x0000000003f12ad1
core   0: 0x000000008000516e (0x00000eb2) c.slli  t4, 12
core   0: 1 0x000000008000516e (0x0eb2) x29 0x0000003f12ad1000
core   0: 0x0000000080005170 (0x133e8e93) addi    t4, t4, 307
core   0: 1 0x0000000080005170 (0x133e8e93) x29 0x0000003f12ad1133
core   0: 0x0000000080005174 (0x6455081b) addiw   a6, a0, 1605
core   0: 1 0x0000000080005174 (0x6455081b) x16 0x0000000000000644
core   0: 0x0000000080005178 (0x0281bd33) mulhu   s10, gp, s0
core   0: 1 0x0000000080005178 (0x0281bd33) x26 0x0000000000000000
core   0: 0x000000008000517c (0x03cc483b) divw    a6, s8, t3
core   0: 1 0x000000008000517c (0x03cc483b) x16 0x0000000000000000
core   0: 0x0000000080005180 (0x23082853) fsgnjx.d fa6, fa6, fa6
core   0: 1 0x0000000080005180 (0x23082853) f16 0x7ff8000000000000
core   0: 0x0000000080005184 (0x42080b53) fcvt.d.s fs6, fa6
core   0: 1 0x0000000080005184 (0x42080b53) f22 0x7ff8000000000000
core   0: 0x0000000080005188 (0x035432b3) mulhu   t0, s0, s5
core   0: 1 0x0000000080005188 (0x035432b3) x5  0x0000000000000000
core   0: 0x000000008000518c (0xfd188a37) lui     s4, 0xfd188
core   0: 1 0x000000008000518c (0xfd188a37) x20 0xfffffffffd188000
core   0: 0x0000000080005190 (0x97da0a1b) addiw   s4, s4, -1667
core   0: 1 0x0000000080005190 (0x97da0a1b) x20 0xfffffffffd18797d
core   0: 0x0000000080005194 (0x00000a32) c.slli  s4, 12
core   0: 1 0x0000000080005194 (0x0a32) x20 0xffffffd18797d000
core   0: 0x0000000080005196 (0xce9a0a13) addi    s4, s4, -791
core   0: 1 0x0000000080005196 (0xce9a0a13) x20 0xffffffd18797cce9
core   0: 0x000000008000519a (0x0ff0000f) fence   iorw,iorw
core   0: 1 0x000000008000519a (0x0ff0000f)
core   0: 0x000000008000519e (0xd022fad3) fcvt.s.l fs5, t0
core   0: 1 0x000000008000519e (0xd022fad3) f21 0xffffffff00000000
core   0: 0x00000000800051a2 (0xd20d83d3) fcvt.d.w ft7, s11
core   0: 1 0x00000000800051a2 (0xd20d83d3) f7  0xbff0000000000000
core   0: 0x00000000800051a6 (0x40bb5b33) sra     s6, s6, a1
core   0: 1 0x00000000800051a6 (0x40bb5b33) x22 0x000000002b526008
core   0: 0x00000000800051aa (0x541d4137) lui     sp, 0x541d4
core   0: 1 0x00000000800051aa (0x541d4137) x2  0x00000000541d4000
core   0: 0x00000000800051ae (0x0025153b) sllw    a0, a0, sp
core   0: 1 0x00000000800051ae (0x0025153b) x10 0xffffffffffffffff
core   0: 0x00000000800051b2 (0x00a51b3b) sllw    s6, a0, a0
core   0: 1 0x00000000800051b2 (0x00a51b3b) x22 0xffffffff80000000
core   0: 0x00000000800051b6 (0x4a7c891b) addiw   s2, s9, 1191
core   0: 1 0x00000000800051b6 (0x4a7c891b) x18 0x00000000000004aa
core   0: 0x00000000800051ba (0xf1393bf3) csrrc   s7, mimpid, s2
core   0: exception trap_illegal_instruction, epc 0x00000000800051ba
core   0:           tval 0x00000000f1393bf3
core   0: >>>>  $xrv64i2p1_m2p0_a2p1_f2p2_d2p2_zicsr2p0_zifencei2p0_zmmul1p0_zba1p0_zbb1p0_zbc1p0_zbs1p0
core   0: 0x0000000080004000 (0x0080006f) j       pc + 0x8
core   0: 3 0x0000000080004000 (0x0080006f)
core   0: >>>>  mmode_exception_handler
core   0: 0x0000000080004008 (0x00002c17) auipc   s8, 0x2
core   0: 3 0x0000000080004008 (0x00002c17) x24 0x0000000080006008
core   0: 0x000000008000400c (0xfeac0c13) addi    s8, s8, -22
core   0: 3 0x000000008000400c (0xfeac0c13) x24 0x0000000080005ff2
core   0: 0x0000000080004010 (0x000c00e7) jalr    s8
core   0: 3 0x0000000080004010 (0x000c00e7) x1  0x0000000080004014
core   0: >>>>  any_handler
core   0: 0x0000000080005ff2 (0x341027f3) csrrs   a5, mepc, zero
core   0: 3 0x0000000080005ff2 (0x341027f3) x15 0x00000000800051ba
core   0: 0x0000000080005ff6 (0x34202773) csrrs   a4, mcause, zero
core   0: 3 0x0000000080005ff6 (0x34202773) x14 0x0000000000000002
core   0: 0x0000000080005ffa (0x142026f3) csrrs   a3, scause, zero
core   0: 3 0x0000000080005ffa (0x142026f3) x13 0x0000000000000000
core   0: 0x0000000080005ffe (0x30402673) csrrs   a2, mie, zero
core   0: 3 0x0000000080005ffe (0x30402673) x12 0x0000000000000a00
core   0: 0x0000000080006002 (0x344025f3) csrrs   a1, mip, zero
core   0: 3 0x0000000080006002 (0x344025f3) x11 0x0000000000000080
core   0: 0x0000000080006006 (0x343025f3) csrrs   a1, mtval, zero
core   0: 3 0x0000000080006006 (0x343025f3) x11 0x00000000f1393bf3
core   0: 0x000000008000600a (0x14302573) csrrs   a0, stval, zero
core   0: 3 0x000000008000600a (0x14302573) x10 0x0000000000000000
core   0: 0x000000008000600e (0xb02024f3) csrrs   s1, minstret, zero
core   0: 3 0x000000008000600e (0xb02024f3) x9  0x0000000000000e56
core   0: 0x0000000080006012 (0x0000a811) c.j     pc + 20
core   0: 3 0x0000000080006012 (0xa811)
core   0: >>>>  mepc_4
core   0: 0x0000000080006026 (0x00000791) c.addi  a5, 4
core   0: 3 0x0000000080006026 (0x0791) x15 0x00000000800051be
core   0: 0x0000000080006028 (0x34179073) csrrw   zero, mepc, a5
core   0: 3 0x0000000080006028 (0x34179073) c833_mepc 0x00000000800051be
core   0: 0x000000008000602c (0x30200073) mret
core   0: 3 0x000000008000602c (0x30200073) c768_mstatus 0x8000000a00106080
core   0: 0x00000000800051be (0xc01cf073) csrrci  zero, time, 25
core   0: exception trap_illegal_instruction, epc 0x00000000800051be
core   0:           tval 0x00000000c01cf073
core   0: >>>>  $xrv64i2p1_m2p0_a2p1_f2p2_d2p2_zicsr2p0_zifencei2p0_zmmul1p0_zba1p0_zbb1p0_zbc1p0_zbs1p0
core   0: 0x0000000080004000 (0x0080006f) j       pc + 0x8
core   0: 3 0x0000000080004000 (0x0080006f)
core   0: >>>>  mmode_exception_handler
core   0: 0x0000000080004008 (0x00002c17) auipc   s8, 0x2
core   0: 3 0x0000000080004008 (0x00002c17) x24 0x0000000080006008
core   0: 0x000000008000400c (0xfeac0c13) addi    s8, s8, -22
core   0: 3 0x000000008000400c (0xfeac0c13) x24 0x0000000080005ff2
core   0: 0x0000000080004010 (0x000c00e7) jalr    s8
core   0: 3 0x0000000080004010 (0x000c00e7) x1  0x0000000080004014
core   0: >>>>  any_handler
core   0: 0x0000000080005ff2 (0x341027f3) csrrs   a5, mepc, zero
core   0: 3 0x0000000080005ff2 (0x341027f3) x15 0x00000000800051be
core   0: 0x0000000080005ff6 (0x34202773) csrrs   a4, mcause, zero
core   0: 3 0x0000000080005ff6 (0x34202773) x14 0x0000000000000002
core   0: 0x0000000080005ffa (0x142026f3) csrrs   a3, scause, zero
core   0: 3 0x0000000080005ffa (0x142026f3) x13 0x0000000000000000
core   0: 0x0000000080005ffe (0x30402673) csrrs   a2, mie, zero
core   0: 3 0x0000000080005ffe (0x30402673) x12 0x0000000000000a00
core   0: 0x0000000080006002 (0x344025f3) csrrs   a1, mip, zero
core   0: 3 0x0000000080006002 (0x344025f3) x11 0x0000000000000080
core   0: 0x0000000080006006 (0x343025f3) csrrs   a1, mtval, zero
core   0: 3 0x0000000080006006 (0x343025f3) x11 0x00000000c01cf073
core   0: 0x000000008000600a (0x14302573) csrrs   a0, stval, zero
core   0: 3 0x000000008000600a (0x14302573) x10 0x0000000000000000
core   0: 0x000000008000600e (0xb02024f3) csrrs   s1, minstret, zero
core   0: 3 0x000000008000600e (0xb02024f3) x9  0x0000000000000e66
core   0: 0x0000000080006012 (0x0000a811) c.j     pc + 20
core   0: 3 0x0000000080006012 (0xa811)
core   0: >>>>  mepc_4
core   0: 0x0000000080006026 (0x00000791) c.addi  a5, 4
core   0: 3 0x0000000080006026 (0x0791) x15 0x00000000800051c2
core   0: 0x0000000080006028 (0x34179073) csrrw   zero, mepc, a5
core   0: 3 0x0000000080006028 (0x34179073) c833_mepc 0x00000000800051c2
core   0: 0x000000008000602c (0x30200073) mret
core   0: 3 0x000000008000602c (0x30200073) c768_mstatus 0x8000000a00106080
core   0: 0x00000000800051c2 (0xd036fb53) fcvt.s.lu fs6, a3
core   0: 1 0x00000000800051c2 (0xd036fb53) f22 0xffffffff00000000
core   0: 0x00000000800051c6 (0x017010b3) sll     ra, zero, s7
core   0: 1 0x00000000800051c6 (0x017010b3) x1  0x0000000000000000
core   0: 0x00000000800051ca (0x134674d3) fmul.d  fs1, fa2, fs4
core   0: 1 0x00000000800051ca (0x134674d3) f9  0x7ff8000000000000
core   0: 0x00000000800051ce (0x0210c13b) divw    sp, ra, ra
core   0: 1 0x00000000800051ce (0x0210c13b) x2  0xffffffffffffffff
core   0: 0x00000000800051d2 (0xd0217e53) fcvt.s.l ft8, sp
core   0: 1 0x00000000800051d2 (0xd0217e53) f28 0xffffffffbf800000
core   0: 0x00000000800051d6 (0xefca0597) auipc   a1, 0xefca0
core   0: 1 0x00000000800051d6 (0xefca0597) x11 0x000000006fca51d6
core   0: 0x00000000800051da (0x40b2823b) subw    tp, t0, a1
core   0: 1 0x00000000800051da (0x40b2823b) x4  0xffffffff9035ae2a
core   0: 0x00000000800051de (0x23c88f53) fsgnj.d ft10, fa7, ft8
core   0: 1 0x00000000800051de (0x23c88f53) f30 0xfff8000000000000
core   0: 0x00000000800051e2 (0x00102d73) csrrs   s10, fflags, zero
core   0: 1 0x00000000800051e2 (0x00102d73) x26 0x0000000000000011
core   0: 0x00000000800051e6 (0x40e2573b) sraw    a4, tp, a4
core   0: 1 0x00000000800051e6 (0x40e2573b) x14 0xffffffffe40d6b8a
core   0: 0x00000000800051ea (0x030ea833) mulhsu  a6, t4, a6
core   0: 1 0x00000000800051ea (0x030ea833) x16 0x0000000000000000
core   0: 0x00000000800051ee (0xc238f5d3) fcvt.lu.d a1, fa7
core   0: 1 0x00000000800051ee (0xc238f5d3) c1_fflags 0x0000000000000011 x11 0xffffffffffffffff
core   0: 0x00000000800051f2 (0xcada17b7) lui     a5, 0xcada1
core   0: 1 0x00000000800051f2 (0xcada17b7) x15 0xffffffffcada1000
core   0: 0x00000000800051f6 (0x00000001) c.nop
core   0: 1 0x00000000800051f6 (0x0001)
core   0: 0x00000000800051f8 (0x0138023b) addw    tp, a6, s3
core   0: 1 0x00000000800051f8 (0x0138023b) x4  0x0000000000000000
core   0: 0x00000000800051fc (0x002026f3) csrrs   a3, frm, zero
core   0: 1 0x00000000800051fc (0x002026f3) x13 0x0000000000000000
core   0: 0x0000000080005200 (0x0046dbb3) srl     s7, a3, tp
core   0: 1 0x0000000080005200 (0x0046dbb3) x23 0x0000000000000000
core   0: 0x0000000080005204 (0x41d687b3) sub     a5, a3, t4
core   0: 1 0x0000000080005204 (0x41d687b3) x15 0xffffffc0ed52eecd
core   0: 0x0000000080005208 (0x00fbe633) or      a2, s7, a5
core   0: 1 0x0000000080005208 (0x00fbe633) x12 0xffffffc0ed52eecd
core   0: 0x000000008000520c (0x00c0dc3b) srlw    s8, ra, a2
core   0: 1 0x000000008000520c (0x00c0dc3b) x24 0x0000000000000000
core   0: 0x0000000080005210 (0x0b0f73d3) fsub.d  ft7, ft10, fa6
core   0: 1 0x0000000080005210 (0x0b0f73d3) f7  0x7ff8000000000000
core   0: 0x0000000080005214 (0x22cb17d3) fsgnjn.d fa5, fs6, fa2
core   0: 1 0x0000000080005214 (0x22cb17d3) f15 0xffffffff00000000
core   0: 0x0000000080005218 (0x402084b3) sub     s1, ra, sp
core   0: 1 0x0000000080005218 (0x402084b3) x9  0x0000000000000001
core   0: 0x000000008000521c (0x0ff0000f) fence   iorw,iorw
core   0: 1 0x000000008000521c (0x0ff0000f)
core   0: 0x0000000080005220 (0xe2068b53) fmv.x.d s6, fa3
core   0: 1 0x0000000080005220 (0xe2068b53) x22 0x7ff8000000000000
core   0: 0x0000000080005224 (0x5a0c7053) fsqrt.d ft0, fs8
core   0: 1 0x0000000080005224 (0x5a0c7053) c1_fflags 0x0000000000000011 f0  0x41c735df83ffe9fc
core   0: 0x0000000080005228 (0x2a2a7147) fmsub.d ft2, fs4, ft2, ft5
core   0: 1 0x0000000080005228 (0x2a2a7147) f2  0x7ff8000000000000
core   0: 0x000000008000522c (0x00c0063b) addw    a2, zero, a2
core   0: 1 0x000000008000522c (0x00c0063b) x12 0xffffffffed52eecd
core   0: 0x0000000080005230 (0x41660933) sub     s2, a2, s6
core   0: 1 0x0000000080005230 (0x41660933) x18 0x8007ffffed52eecd
core   0: 0x0000000080005234 (0x5a02f3d3) fsqrt.d ft7, ft5
core   0: 1 0x0000000080005234 (0x5a02f3d3) f7  0x7ff8000000000000
core   0: 0x0000000080005238 (0x41dcdc13) srai    s8, s9, 29
core   0: 1 0x0000000080005238 (0x41dcdc13) x24 0x0000000000000000
core   0: 0x000000008000523c (0x2b4a17d3) fmax.d  fa5, fs4, fs4
core   0: 1 0x000000008000523c (0x2b4a17d3) f15 0x7ff8000000000000
core   0: 0x0000000080005240 (0x239886d3) fsgnj.d fa3, fa7, fs9
core   0: 1 0x0000000080005240 (0x239886d3) f13 0x7ff8000000000000
core   0: 0x0000000080005244 (0xc219f6d3) fcvt.wu.d a3, fs3
core   0: 1 0x0000000080005244 (0xc219f6d3) c1_fflags 0x0000000000000011 x13 0xffffffffffffffff
core   0: 0x0000000080005248 (0x02cc5133) divu    sp, s8, a2
core   0: 1 0x0000000080005248 (0x02cc5133) x2  0x0000000000000000
core   0: 0x000000008000524c (0x000c531b) srliw   t1, s8, 0
core   0: 1 0x000000008000524c (0x000c531b) x6  0x0000000000000000
core   0: 0x0000000080005250 (0x409e0e3b) subw    t3, t3, s1
core   0: 1 0x0000000080005250 (0x409e0e3b) x28 0x00000000773e7b1b
core   0: 0x0000000080005254 (0x74717cf3) csrrci  s9, mseccfg, 2
core   0: exception trap_illegal_instruction, epc 0x0000000080005254
core   0:           tval 0x0000000074717cf3
core   0: >>>>  $xrv64i2p1_m2p0_a2p1_f2p2_d2p2_zicsr2p0_zifencei2p0_zmmul1p0_zba1p0_zbb1p0_zbc1p0_zbs1p0
core   0: 0x0000000080004000 (0x0080006f) j       pc + 0x8
core   0: 3 0x0000000080004000 (0x0080006f)
core   0: >>>>  mmode_exception_handler
core   0: 0x0000000080004008 (0x00002c17) auipc   s8, 0x2
core   0: 3 0x0000000080004008 (0x00002c17) x24 0x0000000080006008
core   0: 0x000000008000400c (0xfeac0c13) addi    s8, s8, -22
core   0: 3 0x000000008000400c (0xfeac0c13) x24 0x0000000080005ff2
core   0: 0x0000000080004010 (0x000c00e7) jalr    s8
core   0: 3 0x0000000080004010 (0x000c00e7) x1  0x0000000080004014
core   0: >>>>  any_handler
core   0: 0x0000000080005ff2 (0x341027f3) csrrs   a5, mepc, zero
core   0: 3 0x0000000080005ff2 (0x341027f3) x15 0x0000000080005254
core   0: 0x0000000080005ff6 (0x34202773) csrrs   a4, mcause, zero
core   0: 3 0x0000000080005ff6 (0x34202773) x14 0x0000000000000002
core   0: 0x0000000080005ffa (0x142026f3) csrrs   a3, scause, zero
core   0: 3 0x0000000080005ffa (0x142026f3) x13 0x0000000000000000
core   0: 0x0000000080005ffe (0x30402673) csrrs   a2, mie, zero
core   0: 3 0x0000000080005ffe (0x30402673) x12 0x0000000000000a00
core   0: 0x0000000080006002 (0x344025f3) csrrs   a1, mip, zero
core   0: 3 0x0000000080006002 (0x344025f3) x11 0x0000000000000080
core   0: 0x0000000080006006 (0x343025f3) csrrs   a1, mtval, zero
core   0: 3 0x0000000080006006 (0x343025f3) x11 0x0000000074717cf3
core   0: 0x000000008000600a (0x14302573) csrrs   a0, stval, zero
core   0: 3 0x000000008000600a (0x14302573) x10 0x0000000000000000
core   0: 0x000000008000600e (0xb02024f3) csrrs   s1, minstret, zero
core   0: 3 0x000000008000600e (0xb02024f3) x9  0x0000000000000e9b
core   0: 0x0000000080006012 (0x0000a811) c.j     pc + 20
core   0: 3 0x0000000080006012 (0xa811)
core   0: >>>>  mepc_4
core   0: 0x0000000080006026 (0x00000791) c.addi  a5, 4
core   0: 3 0x0000000080006026 (0x0791) x15 0x0000000080005258
core   0: 0x0000000080006028 (0x34179073) csrrw   zero, mepc, a5
core   0: 3 0x0000000080006028 (0x34179073) c833_mepc 0x0000000080005258
core   0: 0x000000008000602c (0x30200073) mret
core   0: 3 0x000000008000602c (0x30200073) c768_mstatus 0x8000000a00106080
core   0: 0x0000000080005258 (0x419188bb) subw    a7, gp, s9
core   0: 1 0x0000000080005258 (0x419188bb) x17 0xfffffffffffffffd
core   0: 0x000000008000525c (0x2be28f53) fmin.d  ft10, ft5, ft10
core   0: 1 0x000000008000525c (0x2be28f53) f30 0x7ff8000000000000
core   0: 0x0000000080005260 (0x035aeab3) rem     s5, s5, s5
core   0: 1 0x0000000080005260 (0x035aeab3) x21 0x0000000000000000
core   0: 0x0000000080005264 (0x7a49f7cf) fnmadd.d fa5, fs3, ft4, fa5
core   0: 1 0x0000000080005264 (0x7a49f7cf) f15 0x7ff8000000000000
core   0: 0x0000000080005268 (0x226415d3) fsgnjn.d fa1, fs0, ft6
core   0: 1 0x0000000080005268 (0x226415d3) f11 0xfff8000000000000
core   0: 0x000000008000526c (0x4026d813) srai    a6, a3, 2
core   0: 1 0x000000008000526c (0x4026d813) x16 0x0000000000000000
core   0: 0x0000000080005270 (0x018ea133) slt     sp, t4, s8
core   0: 1 0x0000000080005270 (0x018ea133) x2  0x0000000000000000
core   0: 0x0000000080005274 (0x00696933) or      s2, s2, t1
core   0: 1 0x0000000080005274 (0x00696933) x18 0x8007ffffed52eecd
core   0: 0x0000000080005278 (0x02d25233) divu    tp, tp, a3
core   0: 1 0x0000000080005278 (0x02d25233) x4  0xffffffffffffffff
core   0: 0x000000008000527c (0x4014da1b) sraiw   s4, s1, 1
core   0: 1 0x000000008000527c (0x4014da1b) x20 0x000000000000074d
core   0: 0x0000000080005280 (0x01080533) add     a0, a6, a6
core   0: 1 0x0000000080005280 (0x01080533) x10 0x0000000000000000
core   0: 0x0000000080005284 (0x5ab9704b) fnmsub.d ft0, fs2, fa1, fa1
core   0: 1 0x0000000080005284 (0x5ab9704b) f0  0x7ff8000000000000
core   0: 0x0000000080005288 (0x000dc833) xor     a6, s11, zero
core   0: 1 0x0000000080005288 (0x000dc833) x16 0x7fffffffffffffff
core   0: 0x000000008000528c (0xd23df553) fcvt.d.lu fa0, s11
core   0: 1 0x000000008000528c (0xd23df553) c1_fflags 0x0000000000000011 f10 0x43e0000000000000
core   0: 0x0000000080005290 (0x761c099b) addiw   s3, s8, 1889
core   0: 1 0x0000000080005290 (0x761c099b) x19 0xffffffff80006753
core   0: 0x0000000080005294 (0x01005cbb) srlw    s9, zero, a6
core   0: 1 0x0000000080005294 (0x01005cbb) x25 0x0000000000000000
core   0: 0x0000000080005298 (0x000cda93) srli    s5, s9, 0
core   0: 1 0x0000000080005298 (0x000cda93) x21 0x0000000000000000
core   0: 0x000000008000529c (0xd21a8253) fcvt.d.wu ft4, s5
core   0: 1 0x000000008000529c (0xd21a8253) f4  0x0000000000000000
core   0: 0x00000000800052a0 (0x00202273) csrrs   tp, frm, zero
core   0: 1 0x00000000800052a0 (0x00202273) x4  0x0000000000000000
core   0: 0x00000000800052a4 (0xd21a89d3) fcvt.d.wu fs3, s5
core   0: 1 0x00000000800052a4 (0xd21a89d3) f19 0x0000000000000000
core   0: 0x00000000800052a8 (0x00000001) c.nop
core   0: 1 0x00000000800052a8 (0x0001)
core   0: 0x00000000800052aa (0x03441db3) mulh    s11, s0, s4
core   0: 1 0x00000000800052aa (0x03441db3) x27 0x0000000000000000
core   0: 0x00000000800052ae (0x401bd71b) sraiw   a4, s7, 1
core   0: 1 0x00000000800052ae (0x401bd71b) x14 0x0000000000000000
core   0: 0x00000000800052b2 (0x00102173) csrrs   sp, fflags, zero
core   0: 1 0x00000000800052b2 (0x00102173) x2  0x0000000000000011
core   0: 0x00000000800052b6 (0x5a0b7953) fsqrt.d fs2, fs6
core   0: 1 0x00000000800052b6 (0x5a0b7953) f18 0x7ff8000000000000
core   0: 0x00000000800052ba (0x420606d3) fcvt.d.s fa3, fa2
core   0: 1 0x00000000800052ba (0x420606d3) f13 0x7ff8000000000000
core   0: 0x00000000800052be (0xd20b82d3) fcvt.d.w ft5, s7
core   0: 1 0x00000000800052be (0xd20b82d3) f5  0x0000000000000000
core   0: 0x00000000800052c2 (0x036b02b3) mul     t0, s6, s6
core   0: 1 0x00000000800052c2 (0x036b02b3) x5  0x0000000000000000
core   0: 0x00000000800052c6 (0xb9c90a1b) addiw   s4, s2, -1124
core   0: 1 0x00000000800052c6 (0xb9c90a1b) x20 0xffffffffed52ea69
core   0: 0x00000000800052ca (0xa3ce05d3) fle.d   a1, ft8, ft8
core   0: 1 0x00000000800052ca (0xa3ce05d3) c1_fflags 0x0000000000000011 x11 0x0000000000000000
core   0: 0x00000000800052ce (0xc210fed3) fcvt.wu.d t4, ft1
core   0: 1 0x00000000800052ce (0xc210fed3) c1_fflags 0x0000000000000011 x29 0xffffffffffffffff
core   0: 0x00000000800052d2 (0x3421f673) csrrci  a2, mcause, 3
core   0: exception trap_illegal_instruction, epc 0x00000000800052d2
core   0:           tval 0x000000003421f673
core   0: >>>>  $xrv64i2p1_m2p0_a2p1_f2p2_d2p2_zicsr2p0_zifencei2p0_zmmul1p0_zba1p0_zbb1p0_zbc1p0_zbs1p0
core   0: 0x0000000080004000 (0x0080006f) j       pc + 0x8
core   0: 3 0x0000000080004000 (0x0080006f)
core   0: >>>>  mmode_exception_handler
core   0: 0x0000000080004008 (0x00002c17) auipc   s8, 0x2
core   0: 3 0x0000000080004008 (0x00002c17) x24 0x0000000080006008
core   0: 0x000000008000400c (0xfeac0c13) addi    s8, s8, -22
core   0: 3 0x000000008000400c (0xfeac0c13) x24 0x0000000080005ff2
core   0: 0x0000000080004010 (0x000c00e7) jalr    s8
core   0: 3 0x0000000080004010 (0x000c00e7) x1  0x0000000080004014
core   0: >>>>  any_handler
core   0: 0x0000000080005ff2 (0x341027f3) csrrs   a5, mepc, zero
core   0: 3 0x0000000080005ff2 (0x341027f3) x15 0x00000000800052d2
core   0: 0x0000000080005ff6 (0x34202773) csrrs   a4, mcause, zero
core   0: 3 0x0000000080005ff6 (0x34202773) x14 0x0000000000000002
core   0: 0x0000000080005ffa (0x142026f3) csrrs   a3, scause, zero
core   0: 3 0x0000000080005ffa (0x142026f3) x13 0x0000000000000000
core   0: 0x0000000080005ffe (0x30402673) csrrs   a2, mie, zero
core   0: 3 0x0000000080005ffe (0x30402673) x12 0x0000000000000a00
core   0: 0x0000000080006002 (0x344025f3) csrrs   a1, mip, zero
core   0: 3 0x0000000080006002 (0x344025f3) x11 0x0000000000000080
core   0: 0x0000000080006006 (0x343025f3) csrrs   a1, mtval, zero
core   0: 3 0x0000000080006006 (0x343025f3) x11 0x000000003421f673
core   0: 0x000000008000600a (0x14302573) csrrs   a0, stval, zero
core   0: 3 0x000000008000600a (0x14302573) x10 0x0000000000000000
core   0: 0x000000008000600e (0xb02024f3) csrrs   s1, minstret, zero
core   0: 3 0x000000008000600e (0xb02024f3) x9  0x0000000000000eca
core   0: 0x0000000080006012 (0x0000a811) c.j     pc + 20
core   0: 3 0x0000000080006012 (0xa811)
core   0: >>>>  mepc_4
core   0: 0x0000000080006026 (0x00000791) c.addi  a5, 4
core   0: 3 0x0000000080006026 (0x0791) x15 0x00000000800052d6
core   0: 0x0000000080006028 (0x34179073) csrrw   zero, mepc, a5
core   0: 3 0x0000000080006028 (0x34179073) c833_mepc 0x00000000800052d6
core   0: 0x000000008000602c (0x30200073) mret
core   0: 3 0x000000008000602c (0x30200073) c768_mstatus 0x8000000a00106080
core   0: 0x00000000800052d6 (0x0a16fa4f) fnmadd.d fs4, fa3, ft1, ft1
core   0: 1 0x00000000800052d6 (0x0a16fa4f) f20 0x7ff8000000000000
core   0: 0x00000000800052da (0x000099ea) c.add   s3, s10
core   0: 1 0x00000000800052da (0x99ea) x19 0xffffffff80006764
core   0: 0x00000000800052dc (0x9bbead17) auipc   s10, 0x9bbea
core   0: 1 0x00000000800052dc (0x9bbead17) x26 0x000000001bbef2dc
core   0: 0x00000000800052e0 (0x000bcb33) xor     s6, s7, zero
core   0: 1 0x00000000800052e0 (0x000bcb33) x22 0x0000000000000000
core   0: 0x00000000800052e4 (0x032b52bb) divuw   t0, s6, s2
core   0: 1 0x00000000800052e4 (0x032b52bb) x5  0x0000000000000000
core   0: 0x00000000800052e8 (0xd2118553) fcvt.d.wu fa0, gp
core   0: 1 0x00000000800052e8 (0xd2118553) f10 0x0000000000000000
core   0: 0x00000000800052ec (0xd20b8053) fcvt.d.w ft0, s7
core   0: 1 0x00000000800052ec (0xd20b8053) f0  0x0000000000000000
core   0: 0x00000000800052f0 (0x00ec4597) auipc   a1, 0xec4
core   0: 1 0x00000000800052f0 (0x00ec4597) x11 0x0000000080ec92f0
core   0: 0x00000000800052f4 (0x2bab9053) fmax.d  ft0, fs7, fs10
core   0: 1 0x00000000800052f4 (0x2bab9053) f0  0x7ff8000000000000
core   0: 0x00000000800052f8 (0x03b3de3b) divuw   t3, t2, s11
core   0: 1 0x00000000800052f8 (0x03b3de3b) x28 0xffffffffffffffff
core   0: 0x00000000800052fc (0x2a1d95d3) fmax.d  fa1, fs11, ft1
core   0: 1 0x00000000800052fc (0x2a1d95d3) f11 0x43f0000000000000
core   0: 0x0000000080005300 (0x4005db1b) sraiw   s6, a1, 0
core   0: 1 0x0000000080005300 (0x4005db1b) x22 0xffffffff80ec92f0
core   0: 0x0000000080005304 (0x01229cb3) sll     s9, t0, s2
core   0: 1 0x0000000080005304 (0x01229cb3) x25 0x0000000000000000
core   0: 0x0000000080005308 (0x7ffccc13) xori    s8, s9, 2047
core   0: 1 0x0000000080005308 (0x7ffccc13) x24 0x00000000000007ff
core   0: 0x000000008000530c (0x0ba8f8d3) fsub.d  fa7, fa7, fs10
core   0: 1 0x000000008000530c (0x0ba8f8d3) f17 0x7ff8000000000000
core   0: 0x0000000080005310 (0xd238f553) fcvt.d.lu fa0, a7
core   0: 1 0x0000000080005310 (0xd238f553) c1_fflags 0x0000000000000011 f10 0x43f0000000000000
core   0: 0x0000000080005314 (0x0070d3b3) srl     t2, ra, t2
core   0: 1 0x0000000080005314 (0x0070d3b3) x7  0x0000000080004014
core   0: 0x0000000080005318 (0xf15ae9f3) csrrsi  s3, mconfigptr, 21
core   0: exception trap_illegal_instruction, epc 0x0000000080005318
core   0:           tval 0x00000000f15ae9f3
core   0: >>>>  $xrv64i2p1_m2p0_a2p1_f2p2_d2p2_zicsr2p0_zifencei2p0_zmmul1p0_zba1p0_zbb1p0_zbc1p0_zbs1p0
core   0: 0x0000000080004000 (0x0080006f) j       pc + 0x8
core   0: 3 0x0000000080004000 (0x0080006f)
core   0: >>>>  mmode_exception_handler
core   0: 0x0000000080004008 (0x00002c17) auipc   s8, 0x2
core   0: 3 0x0000000080004008 (0x00002c17) x24 0x0000000080006008
core   0: 0x000000008000400c (0xfeac0c13) addi    s8, s8, -22
core   0: 3 0x000000008000400c (0xfeac0c13) x24 0x0000000080005ff2
core   0: 0x0000000080004010 (0x000c00e7) jalr    s8
core   0: 3 0x0000000080004010 (0x000c00e7) x1  0x0000000080004014
core   0: >>>>  any_handler
core   0: 0x0000000080005ff2 (0x341027f3) csrrs   a5, mepc, zero
core   0: 3 0x0000000080005ff2 (0x341027f3) x15 0x0000000080005318
core   0: 0x0000000080005ff6 (0x34202773) csrrs   a4, mcause, zero
core   0: 3 0x0000000080005ff6 (0x34202773) x14 0x0000000000000002
core   0: 0x0000000080005ffa (0x142026f3) csrrs   a3, scause, zero
core   0: 3 0x0000000080005ffa (0x142026f3) x13 0x0000000000000000
core   0: 0x0000000080005ffe (0x30402673) csrrs   a2, mie, zero
core   0: 3 0x0000000080005ffe (0x30402673) x12 0x0000000000000a00
core   0: 0x0000000080006002 (0x344025f3) csrrs   a1, mip, zero
core   0: 3 0x0000000080006002 (0x344025f3) x11 0x0000000000000080
core   0: 0x0000000080006006 (0x343025f3) csrrs   a1, mtval, zero
core   0: 3 0x0000000080006006 (0x343025f3) x11 0x00000000f15ae9f3
core   0: 0x000000008000600a (0x14302573) csrrs   a0, stval, zero
core   0: 3 0x000000008000600a (0x14302573) x10 0x0000000000000000
core   0: 0x000000008000600e (0xb02024f3) csrrs   s1, minstret, zero
core   0: 3 0x000000008000600e (0xb02024f3) x9  0x0000000000000eeb
core   0: 0x0000000080006012 (0x0000a811) c.j     pc + 20
core   0: 3 0x0000000080006012 (0xa811)
core   0: >>>>  mepc_4
core   0: 0x0000000080006026 (0x00000791) c.addi  a5, 4
core   0: 3 0x0000000080006026 (0x0791) x15 0x000000008000531c
core   0: 0x0000000080006028 (0x34179073) csrrw   zero, mepc, a5
core   0: 3 0x0000000080006028 (0x34179073) c833_mepc 0x000000008000531c
core   0: 0x000000008000602c (0x30200073) mret
core   0: 3 0x000000008000602c (0x30200073) c768_mstatus 0x8000000a00106080
core   0: 0x000000008000531c (0x408b08bb) subw    a7, s6, s0
core   0: 1 0x000000008000531c (0x408b08bb) x17 0xffffffff80ec92f0
core   0: 0x0000000080005320 (0x1bf8f9d3) fdiv.d  fs3, fa7, ft11
core   0: 1 0x0000000080005320 (0x1bf8f9d3) f19 0x7ff8000000000000
core   0: 0x0000000080005324 (0xfff10e1b) addiw   t3, sp, -1
core   0: 1 0x0000000080005324 (0xfff10e1b) x28 0x0000000000000010
core   0: 0x0000000080005328 (0x000882bb) addw    t0, a7, zero
core   0: 1 0x0000000080005328 (0x000882bb) x5  0xffffffff80ec92f0
core   0: 0x000000008000532c (0xd024f053) fcvt.s.l ft0, s1
core   0: 1 0x000000008000532c (0xd024f053) f0  0xffffffff456eb000
core   0: 0x0000000080005330 (0x017aebb3) or      s7, s5, s7
core   0: 1 0x0000000080005330 (0x017aebb3) x23 0x0000000000000000
core   0: 0x0000000080005334 (0x43f05213) srai    tp, zero, 63
core   0: 1 0x0000000080005334 (0x43f05213) x4  0x0000000000000000
core   0: 0x0000000080005338 (0x035e8eb3) mul     t4, t4, s5
core   0: 1 0x0000000080005338 (0x035e8eb3) x29 0x0000000000000000
core   0: 0x000000008000533c (0x4189dc33) sra     s8, s3, s8
core   0: 1 0x000000008000533c (0x4189dc33) x24 0xffffffffffffffff
core   0: 0x0000000080005340 (0x01f2d39b) srliw   t2, t0, 31
core   0: 1 0x0000000080005340 (0x01f2d39b) x7  0x0000000000000001
core   0: 0x0000000080005344 (0xd23870d3) fcvt.d.lu ft1, a6
core   0: 1 0x0000000080005344 (0xd23870d3) c1_fflags 0x0000000000000011 f1  0x43e0000000000000
core   0: 0x0000000080005348 (0x0008d913) srli    s2, a7, 0
core   0: 1 0x0000000080005348 (0x0008d913) x18 0xffffffff80ec92f0
core   0: 0x000000008000534c (0x010e989b) slliw   a7, t4, 16
core   0: 1 0x000000008000534c (0x010e989b) x17 0x0000000000000000
core   0: 0x0000000080005350 (0x0a94f653) fsub.d  fa2, fs1, fs1
core   0: 1 0x0000000080005350 (0x0a94f653) f12 0x7ff8000000000000
core   0: 0x0000000080005354 (0x4068dcbb) sraw    s9, a7, t1
core   0: 1 0x0000000080005354 (0x4068dcbb) x25 0x0000000000000000
core   0: 0x0000000080005358 (0x00000001) c.nop
core   0: 1 0x0000000080005358 (0x0001)
core   0: 0x000000008000535a (0xc0277453) fcvt.l.s s0, fa4
core   0: 1 0x000000008000535a (0xc0277453) c1_fflags 0x0000000000000011 x8  0x7fffffffffffffff
core   0: 0x000000008000535e (0x0057e1b3) or      gp, a5, t0
core   0: 1 0x000000008000535e (0x0057e1b3) x3  0xffffffff80ecd3fc
core   0: 0x0000000080005362 (0x2cf4e813) ori     a6, s1, 719
core   0: 1 0x0000000080005362 (0x2cf4e813) x16 0x0000000000000eef
core   0: 0x0000000080005366 (0x01441ebb) sllw    t4, s0, s4
core   0: 1 0x0000000080005366 (0x01441ebb) x29 0xfffffffffffffe00
core   0: 0x000000008000536a (0xc898f893) andi    a7, a7, -887
core   0: 1 0x000000008000536a (0xc898f893) x17 0x0000000000000000
core   0: 0x000000008000536e (0x0018ea13) ori     s4, a7, 1
core   0: 1 0x000000008000536e (0x0018ea13) x20 0x0000000000000001
core   0: 0x0000000080005372 (0x00f240b3) xor     ra, tp, a5
core   0: 1 0x0000000080005372 (0x00f240b3) x1  0x000000008000531c
core   0: 0x0000000080005376 (0x028a50bb) divuw   ra, s4, s0
core   0: 1 0x0000000080005376 (0x028a50bb) x1  0x0000000000000000
core   0: 0x000000008000537a (0xb5148e37) lui     t3, 0xb5148
core   0: 1 0x000000008000537a (0xb5148e37) x28 0xffffffffb5148000
core   0: 0x000000008000537e (0x000e7213) andi    tp, t3, 0
core   0: 1 0x000000008000537e (0x000e7213) x4  0x0000000000000000
core   0: 0x0000000080005382 (0x02c5f3b3) remu    t2, a1, a2
core   0: 1 0x0000000080005382 (0x02c5f3b3) x7  0x00000000000009f3
core   0: 0x0000000080005386 (0x0af9fbd3) fsub.d  fs7, fs3, fa5
core   0: 1 0x0000000080005386 (0x0af9fbd3) f23 0x7ff8000000000000
core   0: 0x000000008000538a (0xd2277fd3) fcvt.d.l ft11, a4
core   0: 1 0x000000008000538a (0xd2277fd3) f31 0x4000000000000000
core   0: 0x000000008000538e (0x02703eb3) mulhu   t4, zero, t2
core   0: 1 0x000000008000538e (0x02703eb3) x29 0x0000000000000000
core   0: 0x0000000080005392 (0xc20a7dd3) fcvt.w.d s11, fs4
core   0: 1 0x0000000080005392 (0xc20a7dd3) c1_fflags 0x0000000000000011 x27 0x000000007fffffff
core   0: 0x0000000080005396 (0x00637333) and     t1, t1, t1
core   0: 1 0x0000000080005396 (0x00637333) x6  0x0000000000000000
core   0: 0x000000008000539a (0x0012f913) andi    s2, t0, 1
core   0: 1 0x000000008000539a (0x0012f913) x18 0x0000000000000000
core   0: 0x000000008000539e (0x2bb20dd3) fmin.d  fs11, ft4, fs11
core   0: 1 0x000000008000539e (0x2bb20dd3) f27 0x0000000000000000
core   0: 0x00000000800053a2 (0x7bbe7e43) fmadd.d ft8, ft8, fs11, fa5
core   0: 1 0x00000000800053a2 (0x7bbe7e43) f28 0x7ff8000000000000
core   0: 0x00000000800053a6 (0x0211d113) srli    sp, gp, 33
core   0: 1 0x00000000800053a6 (0x0211d113) x2  0x000000007fffffff
core   0: 0x00000000800053aa (0x23c115d3) fsgnjn.d fa1, ft2, ft8
core   0: 1 0x00000000800053aa (0x23c115d3) f11 0xfff8000000000000
core   0: 0x00000000800053ae (0x5da92d37) lui     s10, 0x5da92
core   0: 1 0x00000000800053ae (0x5da92d37) x26 0x000000005da92000
core   0: 0x00000000800053b2 (0x80dd0713) addi    a4, s10, -2035
core   0: 1 0x00000000800053b2 (0x80dd0713) x14 0x000000005da9180d
core   0: 0x00000000800053b6 (0x400c5413) srai    s0, s8, 0
core   0: 1 0x00000000800053b6 (0x400c5413) x8  0xffffffffffffffff
core   0: 0x00000000800053ba (0x008c1433) sll     s0, s8, s0
core   0: 1 0x00000000800053ba (0x008c1433) x8  0x8000000000000000
core   0: 0x00000000800053be (0x122274d3) fmul.d  fs1, ft4, ft2
core   0: 1 0x00000000800053be (0x122274d3) f9  0x7ff8000000000000
core   0: 0x00000000800053c2 (0x03b0a0b3) mulhsu  ra, ra, s11
core   0: 1 0x00000000800053c2 (0x03b0a0b3) x1  0x0000000000000000
core   0: 0x00000000800053c6 (0x5a0efed3) fsqrt.d ft9, ft9
core   0: 1 0x00000000800053c6 (0x5a0efed3) f29 0x7ff8000000000000
core   0: 0x00000000800053ca (0xd20085d3) fcvt.d.w fa1, ra
core   0: 1 0x00000000800053ca (0xd20085d3) f11 0x0000000000000000
core   0: 0x00000000800053ce (0x0000d293) srli    t0, ra, 0
core   0: 1 0x00000000800053ce (0x0000d293) x5  0x0000000000000000
core   0: 0x00000000800053d2 (0x023f9137) lui     sp, 0x23f9
core   0: 1 0x00000000800053d2 (0x023f9137) x2  0x00000000023f9000
core   0: 0x00000000800053d6 (0xb191011b) addiw   sp, sp, -1255
core   0: 1 0x00000000800053d6 (0xb191011b) x2  0x00000000023f8b19
core   0: 0x00000000800053da (0x00000132) c.slli  sp, 12
core   0: 1 0x00000000800053da (0x0132) x2  0x00000023f8b19000
core   0: 0x00000000800053dc (0x91710113) addi    sp, sp, -1769
core   0: 1 0x00000000800053dc (0x91710113) x2  0x00000023f8b18917
core   0: 0x00000000800053e0 (0x41975733) sra     a4, a4, s9
core   0: 1 0x00000000800053e0 (0x41975733) x14 0x000000005da9180d
core   0: 0x00000000800053e4 (0xd20e0053) fcvt.d.w ft0, t3
core   0: 1 0x00000000800053e4 (0xd20e0053) f0  0xc1d2bae000000000
core   0: 0x00000000800053e8 (0x014acb33) xor     s6, s5, s4
core   0: 1 0x00000000800053e8 (0x014acb33) x22 0x0000000000000001
core   0: 0x00000000800053ec (0x028b0e33) mul     t3, s6, s0
core   0: 1 0x00000000800053ec (0x028b0e33) x28 0x8000000000000000
core   0: 0x00000000800053f0 (0x038a5333) divu    t1, s4, s8
core   0: 1 0x00000000800053f0 (0x038a5333) x6  0x0000000000000000
core   0: 0x00000000800053f4 (0xb378e893) ori     a7, a7, -1225
core   0: 1 0x00000000800053f4 (0xb378e893) x17 0xfffffffffffffb37
core   0: 0x00000000800053f8 (0x0260c933) div     s2, ra, t1
core   0: 1 0x00000000800053f8 (0x0260c933) x18 0xffffffffffffffff
core   0: 0x00000000800053fc (0x0060c633) xor     a2, ra, t1
core   0: 1 0x00000000800053fc (0x0060c633) x12 0x0000000000000000
core   0: 0x0000000080005400 (0x2a700453) fmin.d  fs0, ft0, ft7
core   0: 1 0x0000000080005400 (0x2a700453) f8  0xc1d2bae000000000
core   0: 0x0000000080005404 (0x1a33f1d3) fdiv.d  ft3, ft7, ft3
core   0: 1 0x0000000080005404 (0x1a33f1d3) f3  0x7ff8000000000000
core   0: 0x0000000080005408 (0x00021b13) slli    s6, tp, 0
core   0: 1 0x0000000080005408 (0x00021b13) x22 0x0000000000000000
core   0: 0x000000008000540c (0x0231f953) fadd.d  fs2, ft3, ft3
core   0: 1 0x000000008000540c (0x0231f953) f18 0x7ff8000000000000
core   0: 0x0000000080005410 (0x01cb07bb) addw    a5, s6, t3
core   0: 1 0x0000000080005410 (0x01cb07bb) x15 0x0000000000000000
core   0: 0x0000000080005414 (0xa2840953) fle.d   s2, fs0, fs0
core   0: 1 0x0000000080005414 (0xa2840953) x18 0x0000000000000001
core   0: 0x0000000080005418 (0x40157553) fcvt.s.d fa0, fa0
core   0: 1 0x0000000080005418 (0x40157553) f10 0xffffffff5f800000
core   0: 0x000000008000541c (0x00f0183b) sllw    a6, zero, a5
core   0: 1 0x000000008000541c (0x00f0183b) x16 0x0000000000000000
core   0: 0x0000000080005420 (0x4187d3bb) sraw    t2, a5, s8
core   0: 1 0x0000000080005420 (0x4187d3bb) x7  0x0000000000000000
core   0: 0x0000000080005424 (0x1a9af0d3) fdiv.d  ft1, fs5, fs1
core   0: 1 0x0000000080005424 (0x1a9af0d3) f1  0x7ff8000000000000
core   0: 0x0000000080005428 (0x2b108253) fmin.d  ft4, ft1, fa7
core   0: 1 0x0000000080005428 (0x2b108253) f4  0x7ff8000000000000
core   0: 0x000000008000542c (0xc030f253) fcvt.lu.s tp, ft1
core   0: 1 0x000000008000542c (0xc030f253) c1_fflags 0x0000000000000011 x4  0xffffffffffffffff
core   0: 0x0000000080005430 (0xf2078f53) fmv.d.x ft10, a5
core   0: 1 0x0000000080005430 (0xf2078f53) f30 0x0000000000000000
core   0: 0x0000000080005434 (0x00095193) srli    gp, s2, 0
core   0: 1 0x0000000080005434 (0x00095193) x3  0x0000000000000001
core   0: 0x0000000080005438 (0xa2417b43) fmadd.d fs6, ft2, ft4, fs4
core   0: 1 0x0000000080005438 (0xa2417b43) f22 0x7ff8000000000000
core   0: 0x000000008000543c (0x007753b3) srl     t2, a4, t2
core   0: 1 0x000000008000543c (0x007753b3) x7  0x000000005da9180d
core   0: 0x0000000080005440 (0x2b640cd3) fmin.d  fs9, fs0, fs6
core   0: 1 0x0000000080005440 (0x2b640cd3) f25 0xc1d2bae000000000
core   0: 0x0000000080005444 (0x027cd433) divu    s0, s9, t2
core   0: 1 0x0000000080005444 (0x027cd433) x8  0x0000000000000000
core   0: 0x0000000080005448 (0xe4814017) auipc   zero, 0xe4814
core   0: 1 0x0000000080005448 (0xe4814017)
core   0: 0x000000008000544c (0x035cf2d3) fadd.d  ft5, fs9, fs5
core   0: 1 0x000000008000544c (0x035cf2d3) f5  0x7ff8000000000000
core   0: 0x0000000080005450 (0x2c944a13) xori    s4, s0, 713
core   0: 1 0x0000000080005450 (0x2c944a13) x20 0x00000000000002c9
core   0: 0x0000000080005454 (0x672a90b7) lui     ra, 0x672a9
core   0: 1 0x0000000080005454 (0x672a90b7) x1  0x00000000672a9000
core   0: 0x0000000080005458 (0x2a5f86d3) fmin.d  fa3, ft11, ft5
core   0: 1 0x0000000080005458 (0x2a5f86d3) f13 0x4000000000000000
core   0: 0x000000008000545c (0x420001d3) fcvt.d.s ft3, ft0
core   0: 1 0x000000008000545c (0x420001d3) f3  0x7ff8000000000000
core   0: 0x0000000080005460 (0x0224d13b) divuw   sp, s1, sp
core   0: 1 0x0000000080005460 (0x0224d13b) x2  0x0000000000000000
core   0: 0x0000000080005464 (0x0275ddbb) divuw   s11, a1, t2
core   0: 1 0x0000000080005464 (0x0275ddbb) x27 0x0000000000000002
core   0: 0x0000000080005468 (0xc026f053) fcvt.l.s zero, fa3
core   0: 1 0x0000000080005468 (0xc026f053) c1_fflags 0x0000000000000011
core   0: 0x000000008000546c (0x0296563b) divuw   a2, a2, s1
core   0: 1 0x000000008000546c (0x0296563b) x12 0x0000000000000000
core   0: 0x0000000080005470 (0x00000001) c.nop
core   0: 1 0x0000000080005470 (0x0001)
core   0: 0x0000000080005472 (0x03c664bb) remw    s1, a2, t3
core   0: 1 0x0000000080005472 (0x03c664bb) x9  0x0000000000000000
core   0: 0x0000000080005476 (0x00202af3) csrrs   s5, frm, zero
core   0: 1 0x0000000080005476 (0x00202af3) x21 0x0000000000000000
core   0: 0x000000008000547a (0x00000001) c.nop
core   0: 1 0x000000008000547a (0x0001)
core   0: 0x000000008000547c (0x1231fdd3) fmul.d  fs11, ft3, ft3
core   0: 1 0x000000008000547c (0x1231fdd3) f27 0x7ff8000000000000
core   0: 0x0000000080005480 (0x5a05fc53) fsqrt.d fs8, fa1
core   0: 1 0x0000000080005480 (0x5a05fc53) f24 0x0000000000000000
core   0: 0x0000000080005484 (0x420602d3) fcvt.d.s ft5, fa2
core   0: 1 0x0000000080005484 (0x420602d3) f5  0x7ff8000000000000
core   0: 0x0000000080005488 (0x0017de9b) srliw   t4, a5, 1
core   0: 1 0x0000000080005488 (0x0017de9b) x29 0x0000000000000000
core   0: 0x000000008000548c (0x038dcc33) div     s8, s11, s8
core   0: 1 0x000000008000548c (0x038dcc33) x24 0xfffffffffffffffe
core   0: 0x0000000080005490 (0x03dee5b3) rem     a1, t4, t4
core   0: 1 0x0000000080005490 (0x03dee5b3) x11 0x0000000000000000
core   0: 0x0000000080005494 (0x0195dc9b) srliw   s9, a1, 25
core   0: 1 0x0000000080005494 (0x0195dc9b) x25 0x0000000000000000
core   0: 0x0000000080005498 (0x00be0133) add     sp, t3, a1
core   0: 1 0x0000000080005498 (0x00be0133) x2  0x8000000000000000
core   0: 0x000000008000549c (0x001110f3) csrrw   ra, fflags, sp
core   0: 1 0x000000008000549c (0x001110f3) x1  0x0000000000000011 c1_fflags 0x0000000000000000
core   0: 0x00000000800054a0 (0x34d592b7) lui     t0, 0x34d59
core   0: 1 0x00000000800054a0 (0x34d592b7) x5  0x0000000034d59000
core   0: 0x00000000800054a4 (0x00f0cc33) xor     s8, ra, a5
core   0: 1 0x00000000800054a4 (0x00f0cc33) x24 0x0000000000000011
core   0: 0x00000000800054a8 (0x0a55f4d3) fsub.d  fs1, fa1, ft5
core   0: 1 0x00000000800054a8 (0x0a55f4d3) f9  0x7ff8000000000000
core   0: 0x00000000800054ac (0x4010dc9b) sraiw   s9, ra, 1
core   0: 1 0x00000000800054ac (0x4010dc9b) x25 0x0000000000000008
core   0: 0x00000000800054b0 (0x1b2b7c53) fdiv.d  fs8, fs6, fs2
core   0: 1 0x00000000800054b0 (0x1b2b7c53) f24 0x7ff8000000000000
core   0: 0x00000000800054b4 (0x42048bd3) fcvt.d.s fs7, fs1
core   0: 1 0x00000000800054b4 (0x42048bd3) f23 0x7ff8000000000000
core   0: 0x00000000800054b8 (0x02d6f63b) remuw   a2, a3, a3
core   0: 1 0x00000000800054b8 (0x02d6f63b) x12 0x0000000000000000
core   0: 0x00000000800054bc (0x5334fc4f) fnmadd.d fs8, fs1, fs3, fa0
core   0: 1 0x00000000800054bc (0x5334fc4f) f24 0x7ff8000000000000
core   0: 0x00000000800054c0 (0x01980ebb) addw    t4, a6, s9
core   0: 1 0x00000000800054c0 (0x01980ebb) x29 0x0000000000000008
core   0: 0x00000000800054c4 (0xc2027753) fcvt.w.d a4, ft4
core   0: 1 0x00000000800054c4 (0xc2027753) c1_fflags 0x0000000000000010 x14 0x000000007fffffff
core   0: 0x00000000800054c8 (0xc2157453) fcvt.wu.d s0, fa0
core   0: 1 0x00000000800054c8 (0xc2157453) c1_fflags 0x0000000000000010 x8  0xffffffffffffffff
core   0: 0x00000000800054cc (0x02bc67bb) remw    a5, s8, a1
core   0: 1 0x00000000800054cc (0x02bc67bb) x15 0x0000000000000011
core   0: 0x00000000800054d0 (0x4017d4bb) sraw    s1, a5, ra
core   0: 1 0x00000000800054d0 (0x4017d4bb) x9  0x0000000000000000
core   0: 0x00000000800054d4 (0x034d7d33) remu    s10, s10, s4
core   0: 1 0x00000000800054d4 (0x034d7d33) x26 0x0000000000000233
core   0: 0x00000000800054d8 (0x033d7dbb) remuw   s11, s10, s3
core   0: 1 0x00000000800054d8 (0x033d7dbb) x27 0x0000000000000233
core   0: 0x00000000800054dc (0x5a0973d3) fsqrt.d ft7, fs2
core   0: 1 0x00000000800054dc (0x5a0973d3) f7  0x7ff8000000000000
core   0: 0x00000000800054e0 (0xd0337c53) fcvt.s.lu fs8, t1
core   0: 1 0x00000000800054e0 (0xd0337c53) f24 0xffffffff00000000
core   0: 0x00000000800054e4 (0x039696b3) mulh    a3, a3, s9
core   0: 1 0x00000000800054e4 (0x039696b3) x13 0x0000000000000000
core   0: 0x00000000800054e8 (0x03bd3d33) mulhu   s10, s10, s11
core   0: 1 0x00000000800054e8 (0x03bd3d33) x26 0x0000000000000000
core   0: 0x00000000800054ec (0x0ff0000f) fence   iorw,iorw
core   0: 1 0x00000000800054ec (0x0ff0000f)
core   0: 0x00000000800054f0 (0x00000001) c.nop
core   0: 1 0x00000000800054f0 (0x0001)
core   0: 0x00000000800054f2 (0x015b18bb) sllw    a7, s6, s5
core   0: 1 0x00000000800054f2 (0x015b18bb) x17 0x0000000000000000
core   0: 0x00000000800054f6 (0x4b5ef847) fmsub.d fa6, ft9, fs5, fs1
core   0: 1 0x00000000800054f6 (0x4b5ef847) f16 0x7ff8000000000000
core   0: 0x00000000800054fa (0xc02efc53) fcvt.l.s s8, ft9
core   0: 1 0x00000000800054fa (0xc02efc53) c1_fflags 0x0000000000000010 x24 0x7fffffffffffffff
core   0: 0x00000000800054fe (0xfdf60237) lui     tp, 0xfdf60
core   0: 1 0x00000000800054fe (0xfdf60237) x4  0xfffffffffdf60000
core   0: 0x0000000080005502 (0xafb2021b) addiw   tp, tp, -1285
core   0: 1 0x0000000080005502 (0xafb2021b) x4  0xfffffffffdf5fafb
core   0: 0x0000000080005506 (0x00000236) c.slli  tp, 13
core   0: 1 0x0000000080005506 (0x0236) x4  0xffffffbebf5f6000
core   0: 0x0000000080005508 (0xe3d20213) addi    tp, tp, -451
core   0: 1 0x0000000080005508 (0xe3d20213) x4  0xffffffbebf5f5e3d
core   0: 0x000000008000550c (0x414857bb) sraw    a5, a6, s4
core   0: 1 0x000000008000550c (0x414857bb) x15 0x0000000000000000
core   0: 0x0000000080005510 (0x85658c9b) addiw   s9, a1, -1962
core   0: 1 0x0000000080005510 (0x85658c9b) x25 0xfffffffffffff856
core   0: 0x0000000080005514 (0xc02a71d3) fcvt.l.s gp, fs4
core   0: 1 0x0000000080005514 (0xc02a71d3) c1_fflags 0x0000000000000010 x3  0x7fffffffffffffff
core   0: 0x0000000080005518 (0x91474613) xori    a2, a4, -1772
core   0: 1 0x0000000080005518 (0x91474613) x12 0xffffffff800006eb
core   0: 0x000000008000551c (0x00e75e33) srl     t3, a4, a4
core   0: 1 0x000000008000551c (0x00e75e33) x28 0x0000000000000000
core   0: 0x0000000080005520 (0xb3787e4b) fnmsub.d ft8, fa6, fs7, fs6
core   0: 1 0x0000000080005520 (0xb3787e4b) f28 0x7ff8000000000000
core   0: 0x0000000080005524 (0x2b0191d3) fmax.d  ft3, ft3, fa6
core   0: 1 0x0000000080005524 (0x2b0191d3) f3  0x7ff8000000000000
core   0: 0x0000000080005528 (0x02ee53b3) divu    t2, t3, a4
core   0: 1 0x0000000080005528 (0x02ee53b3) x7  0x0000000000000000
core   0: 0x000000008000552c (0x00738933) add     s2, t2, t2
core   0: 1 0x000000008000552c (0x00738933) x18 0x0000000000000000
core   0: 0x0000000080005530 (0xd20b80d3) fcvt.d.w ft1, s7
core   0: 1 0x0000000080005530 (0xd20b80d3) f1  0x0000000000000000
core   0: 0x0000000080005534 (0xd02bfc53) fcvt.s.l fs8, s7
core   0: 1 0x0000000080005534 (0xd02bfc53) f24 0xffffffff00000000
core   0: 0x0000000080005538 (0x023250bb) divuw   ra, tp, gp
core   0: 1 0x0000000080005538 (0x023250bb) x1  0x0000000000000000
core   0: 0x000000008000553c (0x0124193b) sllw    s2, s0, s2
core   0: 1 0x000000008000553c (0x0124193b) x18 0xffffffffffffffff
core   0: 0x0000000080005540 (0x0073913b) sllw    sp, t2, t2
core   0: 1 0x0000000080005540 (0x0073913b) x2  0x0000000000000000
core   0: 0x0000000080005544 (0x028893b3) mulh    t2, a7, s0
core   0: 1 0x0000000080005544 (0x028893b3) x7  0x0000000000000000
core   0: 0x0000000080005548 (0x800a4d13) xori    s10, s4, -2048
core   0: 1 0x0000000080005548 (0x800a4d13) x26 0xfffffffffffffac9
core   0: 0x000000008000554c (0xd22d76d3) fcvt.d.l fa3, s10
core   0: 1 0x000000008000554c (0xd22d76d3) f13 0xc094dc0000000000
core   0: 0x0000000080005550 (0x00e6d193) srli    gp, a3, 14
core   0: 1 0x0000000080005550 (0x00e6d193) x3  0x0000000000000000
core   0: 0x0000000080005554 (0xd231fad3) fcvt.d.lu fs5, gp
core   0: 1 0x0000000080005554 (0xd231fad3) f21 0x0000000000000000
core   0: 0x0000000080005558 (0x0051a3b3) slt     t2, gp, t0
core   0: 1 0x0000000080005558 (0x0051a3b3) x7  0x0000000000000001
core   0: 0x000000008000555c (0x029508bb) mulw    a7, a0, s1
core   0: 1 0x000000008000555c (0x029508bb) x17 0x0000000000000000
core   0: 0x0000000080005560 (0xc22771d3) fcvt.l.d gp, fa4
core   0: 1 0x0000000080005560 (0xc22771d3) x3  0xffffffffd19444f7
core   0: 0x0000000080005564 (0x023c49bb) divw    s3, s8, gp
core   0: 1 0x0000000080005564 (0x023c49bb) x19 0x0000000000000000
core   0: 0x0000000080005568 (0x00102373) csrrs   t1, fflags, zero
core   0: 1 0x0000000080005568 (0x00102373) x6  0x0000000000000010
core   0: 0x000000008000556c (0x01281a3b) sllw    s4, a6, s2
core   0: 1 0x000000008000556c (0x01281a3b) x20 0x0000000000000000
core   0: 0x0000000080005570 (0x03999a93) slli    s5, s3, 57
core   0: 1 0x0000000080005570 (0x03999a93) x21 0x0000000000000000
core   0: 0x0000000080005574 (0xd22a77d3) fcvt.d.l fa5, s4
core   0: 1 0x0000000080005574 (0xd22a77d3) f15 0x0000000000000000
core   0: 0x0000000080005578 (0x34405473) csrrwi  s0, mip, 0
core   0: exception trap_illegal_instruction, epc 0x0000000080005578
core   0:           tval 0x0000000034405473
core   0: >>>>  $xrv64i2p1_m2p0_a2p1_f2p2_d2p2_zicsr2p0_zifencei2p0_zmmul1p0_zba1p0_zbb1p0_zbc1p0_zbs1p0
core   0: 0x0000000080004000 (0x0080006f) j       pc + 0x8
core   0: 3 0x0000000080004000 (0x0080006f)
core   0: >>>>  mmode_exception_handler
core   0: 0x0000000080004008 (0x00002c17) auipc   s8, 0x2
core   0: 3 0x0000000080004008 (0x00002c17) x24 0x0000000080006008
core   0: 0x000000008000400c (0xfeac0c13) addi    s8, s8, -22
core   0: 3 0x000000008000400c (0xfeac0c13) x24 0x0000000080005ff2
core   0: 0x0000000080004010 (0x000c00e7) jalr    s8
core   0: 3 0x0000000080004010 (0x000c00e7) x1  0x0000000080004014
core   0: >>>>  any_handler
core   0: 0x0000000080005ff2 (0x341027f3) csrrs   a5, mepc, zero
core   0: 3 0x0000000080005ff2 (0x341027f3) x15 0x0000000080005578
core   0: 0x0000000080005ff6 (0x34202773) csrrs   a4, mcause, zero
core   0: 3 0x0000000080005ff6 (0x34202773) x14 0x0000000000000002
core   0: 0x0000000080005ffa (0x142026f3) csrrs   a3, scause, zero
core   0: 3 0x0000000080005ffa (0x142026f3) x13 0x0000000000000000
core   0: 0x0000000080005ffe (0x30402673) csrrs   a2, mie, zero
core   0: 3 0x0000000080005ffe (0x30402673) x12 0x0000000000000a00
core   0: 0x0000000080006002 (0x344025f3) csrrs   a1, mip, zero
core   0: 3 0x0000000080006002 (0x344025f3) x11 0x0000000000000080
core   0: 0x0000000080006006 (0x343025f3) csrrs   a1, mtval, zero
core   0: 3 0x0000000080006006 (0x343025f3) x11 0x0000000034405473
core   0: 0x000000008000600a (0x14302573) csrrs   a0, stval, zero
core   0: 3 0x000000008000600a (0x14302573) x10 0x0000000000000000
core   0: 0x000000008000600e (0xb02024f3) csrrs   s1, minstret, zero
core   0: 3 0x000000008000600e (0xb02024f3) x9  0x0000000000000f95
core   0: 0x0000000080006012 (0x0000a811) c.j     pc + 20
core   0: 3 0x0000000080006012 (0xa811)
core   0: >>>>  mepc_4
core   0: 0x0000000080006026 (0x00000791) c.addi  a5, 4
core   0: 3 0x0000000080006026 (0x0791) x15 0x000000008000557c
core   0: 0x0000000080006028 (0x34179073) csrrw   zero, mepc, a5
core   0: 3 0x0000000080006028 (0x34179073) c833_mepc 0x000000008000557c
core   0: 0x000000008000602c (0x30200073) mret
core   0: 3 0x000000008000602c (0x30200073) c768_mstatus 0x8000000a00106080
core   0: 0x000000008000557c (0x41de5e1b) sraiw   t3, t3, 29
core   0: 1 0x000000008000557c (0x41de5e1b) x28 0x0000000000000000
core   0: 0x0000000080005580 (0x028001bb) mulw    gp, zero, s0
core   0: 1 0x0000000080005580 (0x028001bb) x3  0x0000000000000000
core   0: 0x0000000080005584 (0x722af147) fmsub.d ft2, fs5, ft2, fa4
core   0: 1 0x0000000080005584 (0x722af147) f2  0x7ff8000000000000
core   0: 0x0000000080005588 (0xc038fad3) fcvt.lu.s s5, fa7
core   0: 1 0x0000000080005588 (0xc038fad3) c1_fflags 0x0000000000000010 x21 0xffffffffffffffff
core   0: 0x000000008000558c (0x22fb88d3) fsgnj.d fa7, fs7, fa5
core   0: 1 0x000000008000558c (0x22fb88d3) f17 0x7ff8000000000000
core   0: 0x0000000080005590 (0xd02af553) fcvt.s.l fa0, s5
core   0: 1 0x0000000080005590 (0xd02af553) f10 0xffffffffbf800000
core   0: 0x0000000080005594 (0x0054d23b) srlw    tp, s1, t0
core   0: 1 0x0000000080005594 (0x0054d23b) x4  0x0000000000000f95
core   0: 0x0000000080005598 (0x0001931b) slliw   t1, gp, 0
core   0: 1 0x0000000080005598 (0x0001931b) x6  0x0000000000000000
core   0: 0x000000008000559c (0xe20309d3) fmv.x.d s3, ft6
core   0: 1 0x000000008000559c (0xe20309d3) x19 0x7ff8000000000000
core   0: 0x00000000800055a0 (0x03298c33) mul     s8, s3, s2
core   0: 1 0x00000000800055a0 (0x03298c33) x24 0x8008000000000000
core   0: 0x00000000800055a4 (0x00102ef3) csrrs   t4, fflags, zero
core   0: 1 0x00000000800055a4 (0x00102ef3) x29 0x0000000000000010
core   0: 0x00000000800055a8 (0xd2357ad3) fcvt.d.lu fs5, a0
core   0: 1 0x00000000800055a8 (0xd2357ad3) f21 0x0000000000000000
core   0: 0x00000000800055ac (0x5ad575cf) fnmadd.d fa1, fa0, fa3, fa1
core   0: 1 0x00000000800055ac (0x5ad575cf) f11 0x7ff8000000000000
core   0: 0x00000000800055b0 (0x414e893b) subw    s2, t4, s4
core   0: 1 0x00000000800055b0 (0x414e893b) x18 0x0000000000000010
core   0: 0x00000000800055b4 (0x004ad833) srl     a6, s5, tp
core   0: 1 0x00000000800055b4 (0x004ad833) x16 0x000007ffffffffff
core   0: 0x00000000800055b8 (0xd03271d3) fcvt.s.lu ft3, tp
core   0: 1 0x00000000800055b8 (0xd03271d3) f3  0xffffffff45795000
core   0: 0x00000000800055bc (0x0fc10b9b) addiw   s7, sp, 252
core   0: 1 0x00000000800055bc (0x0fc10b9b) x23 0x00000000000000fc
core   0: 0x00000000800055c0 (0x0309f13b) remuw   sp, s3, a6
core   0: 1 0x00000000800055c0 (0x0309f13b) x2  0x0000000000000000
core   0: 0x00000000800055c4 (0x123b7853) fmul.d  fa6, fs6, ft3
core   0: 1 0x00000000800055c4 (0x123b7853) f16 0x7ff8000000000000
core   0: 0x00000000800055c8 (0x5a01f453) fsqrt.d fs0, ft3
core   0: 1 0x00000000800055c8 (0x5a01f453) f8  0x7ff8000000000000
core   0: 0x00000000800055cc (0x43f9d913) srai    s2, s3, 63
core   0: 1 0x00000000800055cc (0x43f9d913) x18 0x0000000000000000
core   0: 0x00000000800055d0 (0x02aa97b3) mulh    a5, s5, a0
core   0: 1 0x00000000800055d0 (0x02aa97b3) x15 0x0000000000000000
core   0: 0x00000000800055d4 (0xd2257cd3) fcvt.d.l fs9, a0
core   0: 1 0x00000000800055d4 (0xd2257cd3) f25 0x0000000000000000
core   0: 0x00000000800055d8 (0x00000001) c.nop
core   0: 1 0x00000000800055d8 (0x0001)
core   0: 0x00000000800055da (0xcb9076c7) fmsub.d fa3, ft0, fs9, fs9
core   0: 1 0x00000000800055da (0xcb9076c7) f13 0x8000000000000000
core   0: 0x00000000800055de (0x01495c13) srli    s8, s2, 20
core   0: 1 0x00000000800055de (0x01495c13) x24 0x0000000000000000
core   0: 0x00000000800055e2 (0x01ba72b3) and     t0, s4, s11
core   0: 1 0x00000000800055e2 (0x01ba72b3) x5  0x0000000000000000
core   0: 0x00000000800055e6 (0x02d2d493) srli    s1, t0, 45
core   0: 1 0x00000000800055e6 (0x02d2d493) x9  0x0000000000000000
core   0: 0x00000000800055ea (0x401cfbd3) fcvt.s.d fs7, fs9
core   0: 1 0x00000000800055ea (0x401cfbd3) f23 0xffffffff00000000
core   0: 0x00000000800055ee (0x4202da13) srai    s4, t0, 32
core   0: 1 0x00000000800055ee (0x4202da13) x20 0x0000000000000000
core   0: 0x00000000800055f2 (0x038c70b3) remu    ra, s8, s8
core   0: 1 0x00000000800055f2 (0x038c70b3) x1  0x0000000000000000
core   0: 0x00000000800055f6 (0x0306fabb) remuw   s5, a3, a6
core   0: 1 0x00000000800055f6 (0x0306fabb) x21 0x0000000000000000
core   0: 0x00000000800055fa (0xfff58c1b) addiw   s8, a1, -1
core   0: 1 0x00000000800055fa (0xfff58c1b) x24 0x0000000034405472
core   0: 0x00000000800055fe (0x23d09ed3) fsgnjn.d ft9, ft1, ft9
core   0: 1 0x00000000800055fe (0x23d09ed3) f29 0x8000000000000000
core   0: 0x0000000080005602 (0x017c28b3) slt     a7, s8, s7
core   0: 1 0x0000000080005602 (0x017c28b3) x17 0x0000000000000000
core   0: 0x0000000080005606 (0x00000001) c.nop
core   0: 1 0x0000000080005606 (0x0001)
core   0: 0x0000000080005608 (0x019c1e1b) slliw   t3, s8, 25
core   0: 1 0x0000000080005608 (0x019c1e1b) x28 0xffffffffe4000000
core   0: 0x000000008000560c (0x00000001) c.nop
core   0: 1 0x000000008000560c (0x0001)
core   0: 0x000000008000560e (0xd2088553) fcvt.d.w fa0, a7
core   0: 1 0x000000008000560e (0xd2088553) f10 0x0000000000000000
core   0: 0x0000000080005612 (0x00d1903b) sllw    zero, gp, a3
core   0: 1 0x0000000080005612 (0x00d1903b)
core   0: 0x0000000080005616 (0xf20006d3) fmv.d.x fa3, zero
core   0: 1 0x0000000080005616 (0xf20006d3) f13 0x0000000000000000
core   0: 0x000000008000561a (0x340feaf3) csrrsi  s5, mscratch, 31
core   0: exception trap_illegal_instruction, epc 0x000000008000561a
core   0:           tval 0x00000000340feaf3
core   0: >>>>  $xrv64i2p1_m2p0_a2p1_f2p2_d2p2_zicsr2p0_zifencei2p0_zmmul1p0_zba1p0_zbb1p0_zbc1p0_zbs1p0
core   0: 0x0000000080004000 (0x0080006f) j       pc + 0x8
core   0: 3 0x0000000080004000 (0x0080006f)
core   0: >>>>  mmode_exception_handler
core   0: 0x0000000080004008 (0x00002c17) auipc   s8, 0x2
core   0: 3 0x0000000080004008 (0x00002c17) x24 0x0000000080006008
core   0: 0x000000008000400c (0xfeac0c13) addi    s8, s8, -22
core   0: 3 0x000000008000400c (0xfeac0c13) x24 0x0000000080005ff2
core   0: 0x0000000080004010 (0x000c00e7) jalr    s8
core   0: 3 0x0000000080004010 (0x000c00e7) x1  0x0000000080004014
core   0: >>>>  any_handler
core   0: 0x0000000080005ff2 (0x341027f3) csrrs   a5, mepc, zero
core   0: 3 0x0000000080005ff2 (0x341027f3) x15 0x000000008000561a
core   0: 0x0000000080005ff6 (0x34202773) csrrs   a4, mcause, zero
core   0: 3 0x0000000080005ff6 (0x34202773) x14 0x0000000000000002
core   0: 0x0000000080005ffa (0x142026f3) csrrs   a3, scause, zero
core   0: 3 0x0000000080005ffa (0x142026f3) x13 0x0000000000000000
core   0: 0x0000000080005ffe (0x30402673) csrrs   a2, mie, zero
core   0: 3 0x0000000080005ffe (0x30402673) x12 0x0000000000000a00
core   0: 0x0000000080006002 (0x344025f3) csrrs   a1, mip, zero
core   0: 3 0x0000000080006002 (0x344025f3) x11 0x0000000000000080
core   0: 0x0000000080006006 (0x343025f3) csrrs   a1, mtval, zero
core   0: 3 0x0000000080006006 (0x343025f3) x11 0x00000000340feaf3
core   0: 0x000000008000600a (0x14302573) csrrs   a0, stval, zero
core   0: 3 0x000000008000600a (0x14302573) x10 0x0000000000000000
core   0: 0x000000008000600e (0xb02024f3) csrrs   s1, minstret, zero
core   0: 3 0x000000008000600e (0xb02024f3) x9  0x0000000000000fce
core   0: 0x0000000080006012 (0x0000a811) c.j     pc + 20
core   0: 3 0x0000000080006012 (0xa811)
core   0: >>>>  mepc_4
core   0: 0x0000000080006026 (0x00000791) c.addi  a5, 4
core   0: 3 0x0000000080006026 (0x0791) x15 0x000000008000561e
core   0: 0x0000000080006028 (0x34179073) csrrw   zero, mepc, a5
core   0: 3 0x0000000080006028 (0x34179073) c833_mepc 0x000000008000561e
core   0: 0x000000008000602c (0x30200073) mret
core   0: 3 0x000000008000602c (0x30200073) c768_mstatus 0x8000000a00106080
core   0: 0x000000008000561e (0x00484833) xor     a6, a6, tp
core   0: 1 0x000000008000561e (0x00484833) x16 0x000007fffffff06a
core   0: 0x0000000080005622 (0x12def7d3) fmul.d  fa5, ft9, fa3
core   0: 1 0x0000000080005622 (0x12def7d3) f15 0x8000000000000000
core   0: 0x0000000080005626 (0x2aa18e53) fmin.d  ft8, ft3, fa0
core   0: 1 0x0000000080005626 (0x2aa18e53) f28 0x0000000000000000
core   0: 0x000000008000562a (0xf20c0153) fmv.d.x ft2, s8
core   0: 1 0x000000008000562a (0xf20c0153) f2  0x0000000080005ff2
core   0: 0x000000008000562e (0x02816e3b) remw    t3, sp, s0
core   0: 1 0x000000008000562e (0x02816e3b) x28 0x0000000000000000
core   0: 0x0000000080005632 (0x00171af3) csrrw   s5, fflags, a4
core   0: 1 0x0000000080005632 (0x00171af3) x21 0x0000000000000010 c1_fflags 0x0000000000000002
core   0: 0x0000000080005636 (0x40495a1b) sraiw   s4, s2, 4
core   0: 1 0x0000000080005636 (0x40495a1b) x20 0x0000000000000000
core   0: 0x000000008000563a (0x42000753) fcvt.d.s fa4, ft0
core   0: 1 0x000000008000563a (0x42000753) f14 0x7ff8000000000000
core   0: 0x000000008000563e (0xc2007653) fcvt.w.d a2, ft0
core   0: 1 0x000000008000563e (0xc2007653) x12 0xffffffffb5148000
core   0: 0x0000000080005642 (0x00000001) c.nop
core   0: 1 0x0000000080005642 (0x0001)
core   0: 0x0000000080005644 (0x22601d53) fsgnjn.d fs10, ft0, ft6
core   0: 1 0x0000000080005644 (0x22601d53) f26 0xc1d2bae000000000
core   0: 0x0000000080005648 (0x0842b693) sltiu   a3, t0, 132
core   0: 1 0x0000000080005648 (0x0842b693) x13 0x0000000000000001
core   0: 0x000000008000564c (0x00d3e3b3) or      t2, t2, a3
core   0: 1 0x000000008000564c (0x00d3e3b3) x7  0x0000000000000001
core   0: 0x0000000080005650 (0x00000d33) add     s10, zero, zero
core   0: 1 0x0000000080005650 (0x00000d33) x26 0x0000000000000000
core   0: 0x0000000080005654 (0x6bc17dc3) fmadd.d fs11, ft2, ft8, fa3
core   0: 1 0x0000000080005654 (0x6bc17dc3) f27 0x0000000000000000
core   0: 0x0000000080005658 (0x419005bb) subw    a1, zero, s9
core   0: 1 0x0000000080005658 (0x419005bb) x11 0x00000000000007aa
core   0: 0x000000008000565c (0xc02af0d3) fcvt.l.s ra, fs5
core   0: 1 0x000000008000565c (0xc02af0d3) c1_fflags 0x0000000000000012 x1  0x7fffffffffffffff
core   0: 0x0000000080005660 (0x01fbde1b) srliw   t3, s7, 31
core   0: 1 0x0000000080005660 (0x01fbde1b) x28 0x0000000000000000
core   0: 0x0000000080005664 (0xa2108353) fle.d   t1, ft1, ft1
core   0: 1 0x0000000080005664 (0xa2108353) x6  0x0000000000000001
core   0: 0x0000000080005668 (0x03fa1493) slli    s1, s4, 63
core   0: 1 0x0000000080005668 (0x03fa1493) x9  0x0000000000000000
core   0: 0x000000008000566c (0x23480a53) fsgnj.d fs4, fa6, fs4
core   0: 1 0x000000008000566c (0x23480a53) f20 0x7ff8000000000000
core   0: 0x0000000080005670 (0xa2b17047) fmsub.d ft0, ft2, fa1, fs4
core   0: 1 0x0000000080005670 (0xa2b17047) f0  0x7ff8000000000000
core   0: 0x0000000080005674 (0x03030d3b) mulw    s10, t1, a6
core   0: 1 0x0000000080005674 (0x03030d3b) x26 0xfffffffffffff06a
core   0: 0x0000000080005678 (0x5a0c7153) fsqrt.d ft2, fs8
core   0: 1 0x0000000080005678 (0x5a0c7153) f2  0x7ff8000000000000
core   0: 0x000000008000567c (0x00149e73) csrrw   t3, fflags, s1
core   0: 1 0x000000008000567c (0x00149e73) x28 0x0000000000000012 c1_fflags 0x0000000000000000
core   0: 0x0000000080005680 (0x000e0bb3) add     s7, t3, zero
core   0: 1 0x0000000080005680 (0x000e0bb3) x23 0x0000000000000012
core   0: 0x0000000080005684 (0x2be10c53) fmin.d  fs8, ft2, ft10
core   0: 1 0x0000000080005684 (0x2be10c53) f24 0x0000000000000000
core   0: 0x0000000080005688 (0x008b8cbb) addw    s9, s7, s0
core   0: 1 0x0000000080005688 (0x008b8cbb) x25 0x0000000000000011
core   0: 0x000000008000568c (0x015bfab3) and     s5, s7, s5
core   0: 1 0x000000008000568c (0x015bfab3) x21 0x0000000000000010
core   0: 0x0000000080005690 (0x01b37db3) and     s11, t1, s11
core   0: 1 0x0000000080005690 (0x01b37db3) x27 0x0000000000000001
core   0: 0x0000000080005694 (0x0157d8bb) srlw    a7, a5, s5
core   0: 1 0x0000000080005694 (0x0157d8bb) x17 0x0000000000008000
core   0: 0x0000000080005698 (0x2c537b93) andi    s7, t1, 709
core   0: 1 0x0000000080005698 (0x2c537b93) x23 0x0000000000000001
core   0: 0x000000008000569c (0x000083ee) c.mv    t2, s11
core   0: 1 0x000000008000569c (0x83ee) x7  0x0000000000000001
core   0: 0x000000008000569e (0x4091de13) srai    t3, gp, 9
core   0: 1 0x000000008000569e (0x4091de13) x28 0x0000000000000000
core   0: 0x00000000800056a2 (0xc2307553) fcvt.lu.d a0, ft0
core   0: 1 0x00000000800056a2 (0xc2307553) c1_fflags 0x0000000000000010 x10 0xffffffffffffffff
core   0: 0x00000000800056a6 (0xa2ea0c53) fle.d   s8, fs4, fa4
core   0: 1 0x00000000800056a6 (0xa2ea0c53) c1_fflags 0x0000000000000010 x24 0x0000000000000000
core   0: 0x00000000800056aa (0x034df63b) remuw   a2, s11, s4
core   0: 1 0x00000000800056aa (0x034df63b) x12 0x0000000000000001
core   0: 0x00000000800056ae (0xa22ca3d3) feq.d   t2, fs9, ft2
core   0: 1 0x00000000800056ae (0xa22ca3d3) x7  0x0000000000000000
core   0: 0x00000000800056b2 (0x01865e3b) srlw    t3, a2, s8
core   0: 1 0x00000000800056b2 (0x01865e3b) x28 0x0000000000000001
core   0: 0x00000000800056b6 (0x23ffabd3) fsgnjx.d fs7, ft11, ft11
core   0: 1 0x00000000800056b6 (0x23ffabd3) f23 0x4000000000000000
core   0: 0x00000000800056ba (0xbda16717) auipc   a4, 0xbda16
core   0: 1 0x00000000800056ba (0xbda16717) x14 0x000000003da1b6ba
core   0: 0x00000000800056be (0xff7c6137) lui     sp, 0xff7c6
core   0: 1 0x00000000800056be (0xff7c6137) x2  0xffffffffff7c6000
core   0: 0x00000000800056c2 (0xde51011b) addiw   sp, sp, -539
core   0: 1 0x00000000800056c2 (0xde51011b) x2  0xffffffffff7c5de5
core   0: 0x00000000800056c6 (0x00000132) c.slli  sp, 12
core   0: 1 0x00000000800056c6 (0x0132) x2  0xfffffff7c5de5000
core   0: 0x00000000800056c8 (0x80010113) addi    sp, sp, -2048
core   0: 1 0x00000000800056c8 (0x80010113) x2  0xfffffff7c5de4800
core   0: 0x00000000800056cc (0x00281e73) csrrw   t3, frm, a6
core   0: 1 0x00000000800056cc (0x00281e73) x28 0x0000000000000000 c2_frm 0x0000000000000002
core   0: 0x00000000800056d0 (0x00000001) c.nop
core   0: 1 0x00000000800056d0 (0x0001)
core   0: 0x00000000800056d2 (0x10a96073) csrrsi  zero, senvcfg, 18
core   0: 1 0x00000000800056d2 (0x10a96073) c266_senvcfg 0x0000000000000000
core   0: 0x00000000800056d6 (0x22b61d53) fsgnjn.d fs10, fa2, fa1
core   0: 1 0x00000000800056d6 (0x22b61d53) f26 0xfff8000000000000
core   0: 0x00000000800056da (0x40ee89bb) subw    s3, t4, a4
core   0: 1 0x00000000800056da (0x40ee89bb) x19 0xffffffffc25e4956
core   0: 0x00000000800056de (0x005a4a33) xor     s4, s4, t0
core   0: 1 0x00000000800056de (0x005a4a33) x20 0x0000000000000000
core   0: 0x00000000800056e2 (0xd20a82d3) fcvt.d.w ft5, s5
core   0: 1 0x00000000800056e2 (0xd20a82d3) f5  0x4030000000000000
core   0: 0x00000000800056e6 (0x02fc84b3) mul     s1, s9, a5
core   0: 1 0x00000000800056e6 (0x02fc84b3) x9  0x000000088005b7fe
core   0: 0x00000000800056ea (0x409781b3) sub     gp, a5, s1
core   0: 1 0x00000000800056ea (0x409781b3) x3  0xfffffff7fffa9e20
core   0: 0x00000000800056ee (0x10405273) csrrwi  tp, sie, 0
core   0: 1 0x00000000800056ee (0x10405273) x4  0x0000000000000000 c772_mie 0x0000000000000a00
core   0: 0x00000000800056f2 (0xd21700d3) fcvt.d.wu ft1, a4
core   0: 1 0x00000000800056f2 (0xd21700d3) f1  0x41ced0db5d000000
core   0: 0x00000000800056f6 (0x00071413) slli    s0, a4, 0
core   0: 1 0x00000000800056f6 (0x00071413) x8  0x000000003da1b6ba
core   0: 0x00000000800056fa (0x03a9dc13) srli    s8, s3, 58
core   0: 1 0x00000000800056fa (0x03a9dc13) x24 0x000000000000003f
core   0: 0x00000000800056fe (0x03f25793) srli    a5, tp, 63
core   0: 1 0x00000000800056fe (0x03f25793) x15 0x0000000000000000
core   0: 0x0000000080005702 (0x0083f2b3) and     t0, t2, s0
core   0: 1 0x0000000080005702 (0x0083f2b3) x5  0x0000000000000000
core   0: 0x0000000080005706 (0x40d786b3) sub     a3, a5, a3
core   0: 1 0x0000000080005706 (0x40d786b3) x13 0xffffffffffffffff
core   0: 0x000000008000570a (0x0256cdbb) divw    s11, a3, t0
core   0: 1 0x000000008000570a (0x0256cdbb) x27 0xffffffffffffffff
core   0: 0x000000008000570e (0xea8df2c7) fmsub.d ft5, fs11, fs0, ft9
core   0: 1 0x000000008000570e (0xea8df2c7) f5  0x7ff8000000000000
core   0: 0x0000000080005712 (0xc2397ad3) fcvt.lu.d s5, fs2
core   0: 1 0x0000000080005712 (0xc2397ad3) c1_fflags 0x0000000000000010 x21 0xffffffffffffffff
core   0: 0x0000000080005716 (0x6b9af347) fmsub.d ft6, fs5, fs9, fa3
core   0: 1 0x0000000080005716 (0x6b9af347) f6  0x8000000000000000
core   0: 0x000000008000571a (0x41c1d33b) sraw    t1, gp, t3
core   0: 1 0x000000008000571a (0x41c1d33b) x6  0xfffffffffffa9e20
core   0: 0x000000008000571e (0x001b1cf3) csrrw   s9, fflags, s6
core   0: 1 0x000000008000571e (0x001b1cf3) x25 0x0000000000000010 c1_fflags 0x0000000000000000
core   0: 0x0000000080005722 (0xd22cfa53) fcvt.d.l fs4, s9
core   0: 1 0x0000000080005722 (0xd22cfa53) f20 0x4030000000000000
core   0: 0x0000000080005726 (0x23661b53) fsgnjn.d fs6, fa2, fs6
core   0: 1 0x0000000080005726 (0x23661b53) f22 0xfff8000000000000
core   0: 0x000000008000572a (0x03dc9eb3) mulh    t4, s9, t4
core   0: 1 0x000000008000572a (0x03dc9eb3) x29 0x0000000000000000
core   0: 0x000000008000572e (0x0ae37e53) fsub.d  ft8, ft6, fa4
core   0: 1 0x000000008000572e (0x0ae37e53) f28 0x7ff8000000000000
core   0: 0x0000000080005732 (0x000e871b) sext.w  a4, t4
core   0: 1 0x0000000080005732 (0x000e871b) x14 0x0000000000000000
core   0: 0x0000000080005736 (0x0ff0000f) fence   iorw,iorw
core   0: 1 0x0000000080005736 (0x0ff0000f)
core   0: 0x000000008000573a (0x000097ca) c.add   a5, s2
core   0: 1 0x000000008000573a (0x97ca) x15 0x0000000000000000
core   0: 0x000000008000573c (0x000c9c9b) slliw   s9, s9, 0
core   0: 1 0x000000008000573c (0x000c9c9b) x25 0x0000000000000010
core   0: 0x0000000080005740 (0xd2098cd3) fcvt.d.w fs9, s3
core   0: 1 0x0000000080005740 (0xd2098cd3) f25 0xc1ced0db55000000
core   0: 0x0000000080005744 (0x03148abb) mulw    s5, s1, a7
core   0: 1 0x0000000080005744 (0x03148abb) x21 0xffffffffdbff0000
core   0: 0x0000000080005748 (0x00202a73) csrrs   s4, frm, zero
core   0: 1 0x0000000080005748 (0x00202a73) x20 0x0000000000000002
core   0: 0x000000008000574c (0xdb66f9cb) fnmsub.d fs3, fa3, fs6, fs11
core   0: 1 0x000000008000574c (0xdb66f9cb) f19 0x7ff8000000000000
core   0: 0x0000000080005750 (0x2ab50353) fmin.d  ft6, fa0, fa1
core   0: 1 0x0000000080005750 (0x2ab50353) f6  0x0000000000000000
core   0: 0x0000000080005754 (0x1445fb73) csrrci  s6, sip, 11
core   0: 1 0x0000000080005754 (0x1445fb73) x22 0x0000000000000000 c836_mip 0x0000000000000080
core   0: 0x0000000080005758 (0x001a9693) slli    a3, s5, 1
core   0: 1 0x0000000080005758 (0x001a9693) x13 0xffffffffb7fe0000
core   0: 0x000000008000575c (0x303b2073) csrrs   zero, mideleg, s6
core   0: exception trap_illegal_instruction, epc 0x000000008000575c
core   0:           tval 0x00000000303b2073
core   0: >>>>  $xrv64i2p1_m2p0_a2p1_f2p2_d2p2_zicsr2p0_zifencei2p0_zmmul1p0_zba1p0_zbb1p0_zbc1p0_zbs1p0
core   0: 0x0000000080004000 (0x0080006f) j       pc + 0x8
core   0: 3 0x0000000080004000 (0x0080006f)
core   0: >>>>  mmode_exception_handler
core   0: 0x0000000080004008 (0x00002c17) auipc   s8, 0x2
core   0: 3 0x0000000080004008 (0x00002c17) x24 0x0000000080006008
core   0: 0x000000008000400c (0xfeac0c13) addi    s8, s8, -22
core   0: 3 0x000000008000400c (0xfeac0c13) x24 0x0000000080005ff2
core   0: 0x0000000080004010 (0x000c00e7) jalr    s8
core   0: 3 0x0000000080004010 (0x000c00e7) x1  0x0000000080004014
core   0: >>>>  any_handler
core   0: 0x0000000080005ff2 (0x341027f3) csrrs   a5, mepc, zero
core   0: 3 0x0000000080005ff2 (0x341027f3) x15 0x000000008000575c
core   0: 0x0000000080005ff6 (0x34202773) csrrs   a4, mcause, zero
core   0: 3 0x0000000080005ff6 (0x34202773) x14 0x0000000000000002
core   0: 0x0000000080005ffa (0x142026f3) csrrs   a3, scause, zero
core   0: 3 0x0000000080005ffa (0x142026f3) x13 0x0000000000000000
core   0: 0x0000000080005ffe (0x30402673) csrrs   a2, mie, zero
core   0: 3 0x0000000080005ffe (0x30402673) x12 0x0000000000000a00
core   0: 0x0000000080006002 (0x344025f3) csrrs   a1, mip, zero
core   0: 3 0x0000000080006002 (0x344025f3) x11 0x0000000000000080
core   0: 0x0000000080006006 (0x343025f3) csrrs   a1, mtval, zero
core   0: 3 0x0000000080006006 (0x343025f3) x11 0x00000000303b2073
core   0: 0x000000008000600a (0x14302573) csrrs   a0, stval, zero
core   0: 3 0x000000008000600a (0x14302573) x10 0x0000000000000000
core   0: 0x000000008000600e (0xb02024f3) csrrs   s1, minstret, zero
core   0: 3 0x000000008000600e (0xb02024f3) x9  0x0000000000001030
core   0: 0x0000000080006012 (0x0000a811) c.j     pc + 20
core   0: 3 0x0000000080006012 (0xa811)
core   0: >>>>  mepc_4
core   0: 0x0000000080006026 (0x00000791) c.addi  a5, 4
core   0: 3 0x0000000080006026 (0x0791) x15 0x0000000080005760
core   0: 0x0000000080006028 (0x34179073) csrrw   zero, mepc, a5
core   0: 3 0x0000000080006028 (0x34179073) c833_mepc 0x0000000080005760
core   0: 0x000000008000602c (0x30200073) mret
core   0: 3 0x000000008000602c (0x30200073) c768_mstatus 0x8000000a00106080
core   0: 0x0000000080005760 (0x4026863b) subw    a2, a3, sp
core   0: 1 0x0000000080005760 (0x4026863b) x12 0x000000003a21b800
core   0: 0x0000000080005764 (0xf2000253) fmv.d.x ft4, zero
core   0: 1 0x0000000080005764 (0xf2000253) f4  0x0000000000000000
core   0: 0x0000000080005768 (0x0181c233) xor     tp, gp, s8
core   0: 1 0x0000000080005768 (0x0181c233) x4  0xfffffff77ffac1d2
core   0: 0x000000008000576c (0xf2028153) fmv.d.x ft2, t0
core   0: 1 0x000000008000576c (0xf2028153) f2  0x0000000000000000
core   0: 0x0000000080005770 (0x7ff98413) addi    s0, s3, 2047
core   0: 1 0x0000000080005770 (0x7ff98413) x8  0xffffffffc25e5155
core   0: 0x0000000080005774 (0xae286913) ori     s2, a6, -1310
core   0: 1 0x0000000080005774 (0xae286913) x18 0xfffffffffffffaea
core   0: 0x0000000080005778 (0x00195c1b) srliw   s8, s2, 1
core   0: 1 0x0000000080005778 (0x00195c1b) x24 0x000000007ffffd75
core   0: 0x000000008000577c (0x143e9373) csrrw   t1, stval, t4
core   0: 1 0x000000008000577c (0x143e9373) x6  0x0000000000000000 c323_stval 0x0000000000000000
core   0: 0x0000000080005780 (0x0010edb3) or      s11, ra, ra
core   0: 1 0x0000000080005780 (0x0010edb3) x27 0x0000000080004014
core   0: 0x0000000080005784 (0x459de293) ori     t0, s11, 1113
core   0: 1 0x0000000080005784 (0x459de293) x5  0x000000008000445d
core   0: 0x0000000080005788 (0x00102a73) csrrs   s4, fflags, zero
core   0: 1 0x0000000080005788 (0x00102a73) x20 0x0000000000000000
core   0: 0x000000008000578c (0x32062673) csrrs   a2, mcountinhibit, a2
core   0: exception trap_illegal_instruction, epc 0x000000008000578c
core   0:           tval 0x0000000032062673
core   0: >>>>  $xrv64i2p1_m2p0_a2p1_f2p2_d2p2_zicsr2p0_zifencei2p0_zmmul1p0_zba1p0_zbb1p0_zbc1p0_zbs1p0
core   0: 0x0000000080004000 (0x0080006f) j       pc + 0x8
core   0: 3 0x0000000080004000 (0x0080006f)
core   0: >>>>  mmode_exception_handler
core   0: 0x0000000080004008 (0x00002c17) auipc   s8, 0x2
core   0: 3 0x0000000080004008 (0x00002c17) x24 0x0000000080006008
core   0: 0x000000008000400c (0xfeac0c13) addi    s8, s8, -22
core   0: 3 0x000000008000400c (0xfeac0c13) x24 0x0000000080005ff2
core   0: 0x0000000080004010 (0x000c00e7) jalr    s8
core   0: 3 0x0000000080004010 (0x000c00e7) x1  0x0000000080004014
core   0: >>>>  any_handler
core   0: 0x0000000080005ff2 (0x341027f3) csrrs   a5, mepc, zero
core   0: 3 0x0000000080005ff2 (0x341027f3) x15 0x000000008000578c
core   0: 0x0000000080005ff6 (0x34202773) csrrs   a4, mcause, zero
core   0: 3 0x0000000080005ff6 (0x34202773) x14 0x0000000000000002
core   0: 0x0000000080005ffa (0x142026f3) csrrs   a3, scause, zero
core   0: 3 0x0000000080005ffa (0x142026f3) x13 0x0000000000000000
core   0: 0x0000000080005ffe (0x30402673) csrrs   a2, mie, zero
core   0: 3 0x0000000080005ffe (0x30402673) x12 0x0000000000000a00
core   0: 0x0000000080006002 (0x344025f3) csrrs   a1, mip, zero
core   0: 3 0x0000000080006002 (0x344025f3) x11 0x0000000000000080
core   0: 0x0000000080006006 (0x343025f3) csrrs   a1, mtval, zero
core   0: 3 0x0000000080006006 (0x343025f3) x11 0x0000000032062673
core   0: 0x000000008000600a (0x14302573) csrrs   a0, stval, zero
core   0: 3 0x000000008000600a (0x14302573) x10 0x0000000000000000
core   0: 0x000000008000600e (0xb02024f3) csrrs   s1, minstret, zero
core   0: 3 0x000000008000600e (0xb02024f3) x9  0x000000000000104b
core   0: 0x0000000080006012 (0x0000a811) c.j     pc + 20
core   0: 3 0x0000000080006012 (0xa811)
core   0: >>>>  mepc_4
core   0: 0x0000000080006026 (0x00000791) c.addi  a5, 4
core   0: 3 0x0000000080006026 (0x0791) x15 0x0000000080005790
core   0: 0x0000000080006028 (0x34179073) csrrw   zero, mepc, a5
core   0: 3 0x0000000080006028 (0x34179073) c833_mepc 0x0000000080005790
core   0: 0x000000008000602c (0x30200073) mret
core   0: 3 0x000000008000602c (0x30200073) c768_mstatus 0x8000000a00106080
core   0: 0x0000000080005790 (0x222c24d3) fsgnjx.d fs1, fs8, ft2
core   0: 1 0x0000000080005790 (0x222c24d3) f9  0x0000000000000000
core   0: 0x0000000080005794 (0x40e65713) srai    a4, a2, 14
core   0: 1 0x0000000080005794 (0x40e65713) x14 0x0000000000000000
core   0: 0x0000000080005798 (0x40a884bb) subw    s1, a7, a0
core   0: 1 0x0000000080005798 (0x40a884bb) x9  0x0000000000008000
core   0: 0x000000008000579c (0xc0307cd3) fcvt.lu.s s9, ft0
core   0: 1 0x000000008000579c (0xc0307cd3) c1_fflags 0x0000000000000010 x25 0xffffffffffffffff
core   0: 0x00000000800057a0 (0x4111d1bb) sraw    gp, gp, a7
core   0: 1 0x00000000800057a0 (0x4111d1bb) x3  0xfffffffffffa9e20
core   0: 0x00000000800057a4 (0x027713b3) mulh    t2, a4, t2
core   0: 1 0x00000000800057a4 (0x027713b3) x7  0x0000000000000000
core   0: 0x00000000800057a8 (0x420986d3) fcvt.d.s fa3, fs3
core   0: 1 0x00000000800057a8 (0x420986d3) f13 0x7ff8000000000000
core   0: 0x00000000800057ac (0xc209fad3) fcvt.w.d s5, fs3
core   0: 1 0x00000000800057ac (0xc209fad3) c1_fflags 0x0000000000000010 x21 0x000000007fffffff
core   0: 0x00000000800057b0 (0x001a7513) andi    a0, s4, 1
core   0: 1 0x00000000800057b0 (0x001a7513) x10 0x0000000000000000
core   0: 0x00000000800057b4 (0x00102a73) csrrs   s4, fflags, zero
core   0: 1 0x00000000800057b4 (0x00102a73) x20 0x0000000000000010
core   0: 0x00000000800057b8 (0x071224b7) lui     s1, 0x7122
core   0: 1 0x00000000800057b8 (0x071224b7) x9  0x0000000007122000
core   0: 0x00000000800057bc (0xabf4849b) addiw   s1, s1, -1345
core   0: 1 0x00000000800057bc (0xabf4849b) x9  0x0000000007121abf
core   0: 0x00000000800057c0 (0x000004b2) c.slli  s1, 12
core   0: 1 0x00000000800057c0 (0x04b2) x9  0x0000007121abf000
core   0: 0x00000000800057c2 (0x3c448493) addi    s1, s1, 964
core   0: 1 0x00000000800057c2 (0x3c448493) x9  0x0000007121abf3c4
core   0: 0x00000000800057c6 (0x41fed41b) sraiw   s0, t4, 31
core   0: 1 0x00000000800057c6 (0x41fed41b) x8  0x0000000000000000
core   0: 0x00000000800057ca (0x00586733) or      a4, a6, t0
core   0: 1 0x00000000800057ca (0x00586733) x14 0x000007fffffff47f
core   0: 0x00000000800057ce (0x9b8a7c43) fmadd.d fs8, fs4, fs8, fs3
core   0: 1 0x00000000800057ce (0x9b8a7c43) f24 0x7ff8000000000000
core   0: 0x00000000800057d2 (0x4011f953) fcvt.s.d fs2, ft3
core   0: 1 0x00000000800057d2 (0x4011f953) f18 0xffffffff7fc00000
core   0: 0x00000000800057d6 (0x0028d8bb) srlw    a7, a7, sp
core   0: 1 0x00000000800057d6 (0x0028d8bb) x17 0x0000000000008000
core   0: 0x00000000800057da (0x2a119b53) fmax.d  fs6, ft3, ft1
core   0: 1 0x00000000800057da (0x2a119b53) f22 0x41ced0db5d000000
core   0: 0x00000000800057de (0x0005a033) slt     zero, a1, zero
core   0: 1 0x00000000800057de (0x0005a033)
core   0: 0x00000000800057e2 (0x01499b13) slli    s6, s3, 20
core   0: 1 0x00000000800057e2 (0x01499b13) x22 0xfffc25e495600000
core   0: 0x00000000800057e6 (0x01271733) sll     a4, a4, s2
core   0: 1 0x00000000800057e6 (0x01271733) x14 0xffd1fc0000000000
core   0: 0x00000000800057ea (0x924cf54b) fnmsub.d fa0, fs9, ft4, fs2
core   0: 1 0x00000000800057ea (0x924cf54b) f10 0x7ff8000000000000
core   0: 0x00000000800057ee (0xd03b7c53) fcvt.s.lu fs8, s6
core   0: 1 0x00000000800057ee (0xd03b7c53) c1_fflags 0x0000000000000011 f24 0xffffffff5f7ffc25
core   0: 0x00000000800057f2 (0x0187e6b3) or      a3, a5, s8
core   0: 1 0x00000000800057f2 (0x0187e6b3) x13 0x0000000080005ff2
core   0: 0x00000000800057f6 (0x5a027353) fsqrt.d ft6, ft4
core   0: 1 0x00000000800057f6 (0x5a027353) f6  0x0000000000000000
core   0: 0x00000000800057fa (0x22d10ad3) fsgnj.d fs5, ft2, fa3
core   0: 1 0x00000000800057fa (0x22d10ad3) f21 0x0000000000000000
core   0: 0x00000000800057fe (0x40ec5e1b) sraiw   t3, s8, 14
core   0: 1 0x00000000800057fe (0x40ec5e1b) x28 0xfffffffffffe0001
core   0: 0x0000000080005802 (0x017dddbb) srlw    s11, s11, s7
core   0: 1 0x0000000080005802 (0x017dddbb) x27 0x000000004000200a
core   0: 0x0000000080005806 (0x420b7247) fmsub.d ft4, fs6, ft0, fs0
core   0: 1 0x0000000080005806 (0x420b7247) f4  0x7ff8000000000000
core   0: 0x000000008000580a (0x1a847cd3) fdiv.d  fs9, fs0, fs0
core   0: 1 0x000000008000580a (0x1a847cd3) f25 0x7ff8000000000000
core   0: 0x000000008000580e (0xd230fdd3) fcvt.d.lu fs11, ra
core   0: 1 0x000000008000580e (0xd230fdd3) f27 0x41e0000802800000
core   0: 0x0000000080005812 (0x306febf3) csrrsi  s7, mcounteren, 31
core   0: exception trap_illegal_instruction, epc 0x0000000080005812
core   0:           tval 0x00000000306febf3
core   0: >>>>  $xrv64i2p1_m2p0_a2p1_f2p2_d2p2_zicsr2p0_zifencei2p0_zmmul1p0_zba1p0_zbb1p0_zbc1p0_zbs1p0
core   0: 0x0000000080004000 (0x0080006f) j       pc + 0x8
core   0: 3 0x0000000080004000 (0x0080006f)
core   0: >>>>  mmode_exception_handler
core   0: 0x0000000080004008 (0x00002c17) auipc   s8, 0x2
core   0: 3 0x0000000080004008 (0x00002c17) x24 0x0000000080006008
core   0: 0x000000008000400c (0xfeac0c13) addi    s8, s8, -22
core   0: 3 0x000000008000400c (0xfeac0c13) x24 0x0000000080005ff2
core   0: 0x0000000080004010 (0x000c00e7) jalr    s8
core   0: 3 0x0000000080004010 (0x000c00e7) x1  0x0000000080004014
core   0: >>>>  any_handler
core   0: 0x0000000080005ff2 (0x341027f3) csrrs   a5, mepc, zero
core   0: 3 0x0000000080005ff2 (0x341027f3) x15 0x0000000080005812
core   0: 0x0000000080005ff6 (0x34202773) csrrs   a4, mcause, zero
core   0: 3 0x0000000080005ff6 (0x34202773) x14 0x0000000000000002
core   0: 0x0000000080005ffa (0x142026f3) csrrs   a3, scause, zero
core   0: 3 0x0000000080005ffa (0x142026f3) x13 0x0000000000000000
core   0: 0x0000000080005ffe (0x30402673) csrrs   a2, mie, zero
core   0: 3 0x0000000080005ffe (0x30402673) x12 0x0000000000000a00
core   0: 0x0000000080006002 (0x344025f3) csrrs   a1, mip, zero
core   0: 3 0x0000000080006002 (0x344025f3) x11 0x0000000000000080
core   0: 0x0000000080006006 (0x343025f3) csrrs   a1, mtval, zero
core   0: 3 0x0000000080006006 (0x343025f3) x11 0x00000000306febf3
core   0: 0x000000008000600a (0x14302573) csrrs   a0, stval, zero
core   0: 3 0x000000008000600a (0x14302573) x10 0x0000000000000000
core   0: 0x000000008000600e (0xb02024f3) csrrs   s1, minstret, zero
core   0: 3 0x000000008000600e (0xb02024f3) x9  0x000000000000107c
core   0: 0x0000000080006012 (0x0000a811) c.j     pc + 20
core   0: 3 0x0000000080006012 (0xa811)
core   0: >>>>  mepc_4
core   0: 0x0000000080006026 (0x00000791) c.addi  a5, 4
core   0: 3 0x0000000080006026 (0x0791) x15 0x0000000080005816
core   0: 0x0000000080006028 (0x34179073) csrrw   zero, mepc, a5
core   0: 3 0x0000000080006028 (0x34179073) c833_mepc 0x0000000080005816
core   0: 0x000000008000602c (0x30200073) mret
core   0: 3 0x000000008000602c (0x30200073) c768_mstatus 0x8000000a00106080
core   0: 0x0000000080005816 (0x00000001) c.nop
core   0: 1 0x0000000080005816 (0x0001)
core   0: 0x0000000080005818 (0xc20cf4d3) fcvt.w.d s1, fs9
core   0: 1 0x0000000080005818 (0xc20cf4d3) c1_fflags 0x0000000000000011 x9  0x000000007fffffff
core   0: 0x000000008000581c (0x03aef7bb) remuw   a5, t4, s10
core   0: 1 0x000000008000581c (0x03aef7bb) x15 0x0000000000000000
core   0: 0x0000000080005820 (0x7b35d497) auipc   s1, 0x7b35d
core   0: 1 0x0000000080005820 (0x7b35d497) x9  0x00000000fb362820
core   0: 0x0000000080005824 (0x3b417e97) auipc   t4, 0x3b417
core   0: 1 0x0000000080005824 (0x3b417e97) x29 0x00000000bb41c824
core   0: 0x0000000080005828 (0xa20c8153) fle.d   sp, fs9, ft0
core   0: 1 0x0000000080005828 (0xa20c8153) c1_fflags 0x0000000000000011 x2  0x0000000000000000
core   0: 0x000000008000582c (0x401c0233) sub     tp, s8, ra
core   0: 1 0x000000008000582c (0x401c0233) x4  0x0000000000001fde
core   0: 0x0000000080005830 (0x03750b3b) mulw    s6, a0, s7
core   0: 1 0x0000000080005830 (0x03750b3b) x22 0x0000000000000000
core   0: 0x0000000080005834 (0x125a70d3) fmul.d  ft1, fs4, ft5
core   0: 1 0x0000000080005834 (0x125a70d3) f1  0x7ff8000000000000
core   0: 0x0000000080005838 (0x0290c333) div     t1, ra, s1
core   0: 1 0x0000000080005838 (0x0290c333) x6  0x0000000000000000
core   0: 0x000000008000583c (0x035afe3b) remuw   t3, s5, s5
core   0: 1 0x000000008000583c (0x035afe3b) x28 0x0000000000000000
core   0: 0x0000000080005840 (0x01dcf5b3) and     a1, s9, t4
core   0: 1 0x0000000080005840 (0x01dcf5b3) x11 0x00000000bb41c824
core   0: 0x0000000080005844 (0x0ff0000f) fence   iorw,iorw
core   0: 1 0x0000000080005844 (0x0ff0000f)
core   0: 0x0000000080005848 (0xaba67bcf) fnmadd.d fs7, fa2, fs10, fs5
core   0: 1 0x0000000080005848 (0xaba67bcf) f23 0x7ff8000000000000
core   0: 0x000000008000584c (0x0295e8b3) rem     a7, a1, s1
core   0: 1 0x000000008000584c (0x0295e8b3) x17 0x00000000bb41c824
core   0: 0x0000000080005850 (0x0030003b) addw    zero, zero, gp
core   0: 1 0x0000000080005850 (0x0030003b)
core   0: 0x0000000080005854 (0x008e8ebb) addw    t4, t4, s0
core   0: 1 0x0000000080005854 (0x008e8ebb) x29 0xffffffffbb41c824
core   0: 0x0000000080005858 (0x00102b73) csrrs   s6, fflags, zero
core   0: 1 0x0000000080005858 (0x00102b73) x22 0x0000000000000011
core   0: 0x000000008000585c (0x00271bf3) csrrw   s7, frm, a4
core   0: 1 0x000000008000585c (0x00271bf3) x23 0x0000000000000002 c2_frm 0x0000000000000002
core   0: 0x0000000080005860 (0x420b8953) fcvt.d.s fs2, fs7
core   0: 1 0x0000000080005860 (0x420b8953) f18 0x7ff8000000000000
core   0: 0x0000000080005864 (0x420a0f53) fcvt.d.s ft10, fs4
core   0: 1 0x0000000080005864 (0x420a0f53) f30 0x7ff8000000000000
core   0: 0x0000000080005868 (0x2b311553) fmax.d  fa0, ft2, fs3
core   0: 1 0x0000000080005868 (0x2b311553) f10 0x0000000000000000
core   0: 0x000000008000586c (0x00139c13) slli    s8, t2, 1
core   0: 1 0x000000008000586c (0x00139c13) x24 0x0000000000000000
core   0: 0x0000000080005870 (0xc6bb0e37) lui     t3, 0xc6bb0
core   0: 1 0x0000000080005870 (0xc6bb0e37) x28 0xffffffffc6bb0000
core   0: 0x0000000080005874 (0x0013de93) srli    t4, t2, 1
core   0: 1 0x0000000080005874 (0x0013de93) x29 0x0000000000000000
core   0: 0x0000000080005878 (0xb21e7693) andi    a3, t3, -1247
core   0: 1 0x0000000080005878 (0xb21e7693) x13 0xffffffffc6bb0000
core   0: 0x000000008000587c (0x014ee5b3) or      a1, t4, s4
core   0: 1 0x000000008000587c (0x014ee5b3) x11 0x0000000000000010
core   0: 0x0000000080005880 (0x00ab1b1b) slliw   s6, s6, 10
core   0: 1 0x0000000080005880 (0x00ab1b1b) x22 0x0000000000004400
core   0: 0x0000000080005884 (0x005a80bb) addw    ra, s5, t0
core   0: 1 0x0000000080005884 (0x005a80bb) x1  0x000000000000445c
core   0: 0x0000000080005888 (0xd21b8bd3) fcvt.d.wu fs7, s7
core   0: 1 0x0000000080005888 (0xd21b8bd3) f23 0x4000000000000000
core   0: 0x000000008000588c (0x7ff24213) xori    tp, tp, 2047
core   0: 1 0x000000008000588c (0x7ff24213) x4  0x0000000000001821
core   0: 0x0000000080005890 (0x92d4f1c3) fmadd.d ft3, fs1, fa3, fs2
core   0: 1 0x0000000080005890 (0x92d4f1c3) f3  0x7ff8000000000000
core   0: 0x0000000080005894 (0xd2160cd3) fcvt.d.wu fs9, a2
core   0: 1 0x0000000080005894 (0xd2160cd3) f25 0x40a4000000000000
core   0: 0x0000000080005898 (0x127cf44f) fnmadd.d fs0, fs9, ft7, ft2
core   0: 1 0x0000000080005898 (0x127cf44f) f8  0x7ff8000000000000
core   0: 0x000000008000589c (0x01461a3b) sllw    s4, a2, s4
core   0: 1 0x000000008000589c (0x01461a3b) x20 0x000000000a000000
core   0: 0x00000000800058a0 (0x0048181b) slliw   a6, a6, 4
core   0: 1 0x00000000800058a0 (0x0048181b) x16 0xffffffffffff06a0
core   0: 0x00000000800058a4 (0x02623733) mulhu   a4, tp, t1
core   0: 1 0x00000000800058a4 (0x02623733) x14 0x0000000000000000
core   0: 0x00000000800058a8 (0x6d33e437) lui     s0, 0x6d33e
core   0: 1 0x00000000800058a8 (0x6d33e437) x8  0x000000006d33e000
core   0: 0x00000000800058ac (0x0303663b) remw    a2, t1, a6
core   0: 1 0x00000000800058ac (0x0303663b) x12 0x0000000000000000
core   0: 0x00000000800058b0 (0xa3650e53) fle.d   t3, fa0, fs6
core   0: 1 0x00000000800058b0 (0xa3650e53) x28 0x0000000000000001
core   0: 0x00000000800058b4 (0x0318facb) fnmsub.d fs5, fa7, fa7, ft0
core   0: 1 0x00000000800058b4 (0x0318facb) f21 0x7ff8000000000000
core   0: 0x00000000800058b8 (0x00009fb1) c.addw  a5, a2
core   0: 1 0x00000000800058b8 (0x9fb1) x15 0x0000000000000000
core   0: 0x00000000800058ba (0x02d5fa33) remu    s4, a1, a3
core   0: 1 0x00000000800058ba (0x02d5fa33) x20 0x0000000000000010
core   0: 0x00000000800058be (0x3b647e4b) fnmsub.d ft8, fs0, fs6, ft7
core   0: 1 0x00000000800058be (0x3b647e4b) f28 0x7ff8000000000000
core   0: 0x00000000800058c2 (0xc22e7ad3) fcvt.l.d s5, ft8
core   0: 1 0x00000000800058c2 (0xc22e7ad3) c1_fflags 0x0000000000000011 x21 0x7fffffffffffffff
core   0: 0x00000000800058c6 (0x306233f3) csrrc   t2, mcounteren, tp
core   0: exception trap_illegal_instruction, epc 0x00000000800058c6
core   0:           tval 0x00000000306233f3
core   0: >>>>  $xrv64i2p1_m2p0_a2p1_f2p2_d2p2_zicsr2p0_zifencei2p0_zmmul1p0_zba1p0_zbb1p0_zbc1p0_zbs1p0
core   0: 0x0000000080004000 (0x0080006f) j       pc + 0x8
core   0: 3 0x0000000080004000 (0x0080006f)
core   0: >>>>  mmode_exception_handler
core   0: 0x0000000080004008 (0x00002c17) auipc   s8, 0x2
core   0: 3 0x0000000080004008 (0x00002c17) x24 0x0000000080006008
core   0: 0x000000008000400c (0xfeac0c13) addi    s8, s8, -22
core   0: 3 0x000000008000400c (0xfeac0c13) x24 0x0000000080005ff2
core   0: 0x0000000080004010 (0x000c00e7) jalr    s8
core   0: 3 0x0000000080004010 (0x000c00e7) x1  0x0000000080004014
core   0: >>>>  any_handler
core   0: 0x0000000080005ff2 (0x341027f3) csrrs   a5, mepc, zero
core   0: 3 0x0000000080005ff2 (0x341027f3) x15 0x00000000800058c6
core   0: 0x0000000080005ff6 (0x34202773) csrrs   a4, mcause, zero
core   0: 3 0x0000000080005ff6 (0x34202773) x14 0x0000000000000002
core   0: 0x0000000080005ffa (0x142026f3) csrrs   a3, scause, zero
core   0: 3 0x0000000080005ffa (0x142026f3) x13 0x0000000000000000
core   0: 0x0000000080005ffe (0x30402673) csrrs   a2, mie, zero
core   0: 3 0x0000000080005ffe (0x30402673) x12 0x0000000000000a00
core   0: 0x0000000080006002 (0x344025f3) csrrs   a1, mip, zero
core   0: 3 0x0000000080006002 (0x344025f3) x11 0x0000000000000080
core   0: 0x0000000080006006 (0x343025f3) csrrs   a1, mtval, zero
core   0: 3 0x0000000080006006 (0x343025f3) x11 0x00000000306233f3
core   0: 0x000000008000600a (0x14302573) csrrs   a0, stval, zero
core   0: 3 0x000000008000600a (0x14302573) x10 0x0000000000000000
core   0: 0x000000008000600e (0xb02024f3) csrrs   s1, minstret, zero
core   0: 3 0x000000008000600e (0xb02024f3) x9  0x00000000000010b9
core   0: 0x0000000080006012 (0x0000a811) c.j     pc + 20
core   0: 3 0x0000000080006012 (0xa811)
core   0: >>>>  mepc_4
core   0: 0x0000000080006026 (0x00000791) c.addi  a5, 4
core   0: 3 0x0000000080006026 (0x0791) x15 0x00000000800058ca
core   0: 0x0000000080006028 (0x34179073) csrrw   zero, mepc, a5
core   0: 3 0x0000000080006028 (0x34179073) c833_mepc 0x00000000800058ca
core   0: 0x000000008000602c (0x30200073) mret
core   0: 3 0x000000008000602c (0x30200073) c768_mstatus 0x8000000a00106080
core   0: 0x00000000800058ca (0x420485d3) fcvt.d.s fa1, fs1
core   0: 1 0x00000000800058ca (0x420485d3) f11 0x7ff8000000000000
core   0: 0x00000000800058ce (0x00000001) c.nop
core   0: 1 0x00000000800058ce (0x0001)
core   0: 0x00000000800058d0 (0x0002029b) sext.w  t0, tp
core   0: 1 0x00000000800058d0 (0x0002029b) x5  0x0000000000001821
core   0: 0x00000000800058d4 (0x41255b9b) sraiw   s7, a0, 18
core   0: 1 0x00000000800058d4 (0x41255b9b) x23 0x0000000000000000
core   0: 0x00000000800058d8 (0x2ab798d3) fmax.d  fa7, fa5, fa1
core   0: 1 0x00000000800058d8 (0x2ab798d3) f17 0x8000000000000000
core   0: 0x00000000800058dc (0x2b4fffcb) fnmsub.d ft11, ft11, fs4, ft5
core   0: 1 0x00000000800058dc (0x2b4fffcb) f31 0x7ff8000000000000
core   0: 0x00000000800058e0 (0x02293533) mulhu   a0, s2, sp
core   0: 1 0x00000000800058e0 (0x02293533) x10 0x0000000000000000
core   0: 0x00000000800058e4 (0xc800b9f3) csrrc   s3, cycleh, ra
core   0: exception trap_illegal_instruction, epc 0x00000000800058e4
core   0:           tval 0x00000000c800b9f3
core   0: >>>>  $xrv64i2p1_m2p0_a2p1_f2p2_d2p2_zicsr2p0_zifencei2p0_zmmul1p0_zba1p0_zbb1p0_zbc1p0_zbs1p0
core   0: 0x0000000080004000 (0x0080006f) j       pc + 0x8
core   0: 3 0x0000000080004000 (0x0080006f)
core   0: >>>>  mmode_exception_handler
core   0: 0x0000000080004008 (0x00002c17) auipc   s8, 0x2
core   0: 3 0x0000000080004008 (0x00002c17) x24 0x0000000080006008
core   0: 0x000000008000400c (0xfeac0c13) addi    s8, s8, -22
core   0: 3 0x000000008000400c (0xfeac0c13) x24 0x0000000080005ff2
core   0: 0x0000000080004010 (0x000c00e7) jalr    s8
core   0: 3 0x0000000080004010 (0x000c00e7) x1  0x0000000080004014
core   0: >>>>  any_handler
core   0: 0x0000000080005ff2 (0x341027f3) csrrs   a5, mepc, zero
core   0: 3 0x0000000080005ff2 (0x341027f3) x15 0x00000000800058e4
core   0: 0x0000000080005ff6 (0x34202773) csrrs   a4, mcause, zero
core   0: 3 0x0000000080005ff6 (0x34202773) x14 0x0000000000000002
core   0: 0x0000000080005ffa (0x142026f3) csrrs   a3, scause, zero
core   0: 3 0x0000000080005ffa (0x142026f3) x13 0x0000000000000000
core   0: 0x0000000080005ffe (0x30402673) csrrs   a2, mie, zero
core   0: 3 0x0000000080005ffe (0x30402673) x12 0x0000000000000a00
core   0: 0x0000000080006002 (0x344025f3) csrrs   a1, mip, zero
core   0: 3 0x0000000080006002 (0x344025f3) x11 0x0000000000000080
core   0: 0x0000000080006006 (0x343025f3) csrrs   a1, mtval, zero
core   0: 3 0x0000000080006006 (0x343025f3) x11 0x00000000c800b9f3
core   0: 0x000000008000600a (0x14302573) csrrs   a0, stval, zero
core   0: 3 0x000000008000600a (0x14302573) x10 0x0000000000000000
core   0: 0x000000008000600e (0xb02024f3) csrrs   s1, minstret, zero
core   0: 3 0x000000008000600e (0xb02024f3) x9  0x00000000000010d0
core   0: 0x0000000080006012 (0x0000a811) c.j     pc + 20
core   0: 3 0x0000000080006012 (0xa811)
core   0: >>>>  mepc_4
core   0: 0x0000000080006026 (0x00000791) c.addi  a5, 4
core   0: 3 0x0000000080006026 (0x0791) x15 0x00000000800058e8
core   0: 0x0000000080006028 (0x34179073) csrrw   zero, mepc, a5
core   0: 3 0x0000000080006028 (0x34179073) c833_mepc 0x00000000800058e8
core   0: 0x000000008000602c (0x30200073) mret
core   0: 3 0x000000008000602c (0x30200073) c768_mstatus 0x8000000a00106080
core   0: 0x00000000800058e8 (0x0283a233) mulhsu  tp, t2, s0
core   0: 1 0x00000000800058e8 (0x0283a233) x4  0x0000000000000000
core   0: 0x00000000800058ec (0x0ff0000f) fence   iorw,iorw
core   0: 1 0x00000000800058ec (0x0ff0000f)
core   0: 0x00000000800058f0 (0xa3bdf0cf) fnmadd.d ft1, fs11, fs11, fs4
core   0: 1 0x00000000800058f0 (0xa3bdf0cf) c1_fflags 0x0000000000000011 f1  0xc3d0001005040281
core   0: 0x00000000800058f4 (0x31a827f3) csrrs   a5, menvcfgh, a6
core   0: exception trap_illegal_instruction, epc 0x00000000800058f4
core   0:           tval 0x0000000031a827f3
core   0: >>>>  $xrv64i2p1_m2p0_a2p1_f2p2_d2p2_zicsr2p0_zifencei2p0_zmmul1p0_zba1p0_zbb1p0_zbc1p0_zbs1p0
core   0: 0x0000000080004000 (0x0080006f) j       pc + 0x8
core   0: 3 0x0000000080004000 (0x0080006f)
core   0: >>>>  mmode_exception_handler
core   0: 0x0000000080004008 (0x00002c17) auipc   s8, 0x2
core   0: 3 0x0000000080004008 (0x00002c17) x24 0x0000000080006008
core   0: 0x000000008000400c (0xfeac0c13) addi    s8, s8, -22
core   0: 3 0x000000008000400c (0xfeac0c13) x24 0x0000000080005ff2
core   0: 0x0000000080004010 (0x000c00e7) jalr    s8
core   0: 3 0x0000000080004010 (0x000c00e7) x1  0x0000000080004014
core   0: >>>>  any_handler
core   0: 0x0000000080005ff2 (0x341027f3) csrrs   a5, mepc, zero
core   0: 3 0x0000000080005ff2 (0x341027f3) x15 0x00000000800058f4
core   0: 0x0000000080005ff6 (0x34202773) csrrs   a4, mcause, zero
core   0: 3 0x0000000080005ff6 (0x34202773) x14 0x0000000000000002
core   0: 0x0000000080005ffa (0x142026f3) csrrs   a3, scause, zero
core   0: 3 0x0000000080005ffa (0x142026f3) x13 0x0000000000000000
core   0: 0x0000000080005ffe (0x30402673) csrrs   a2, mie, zero
core   0: 3 0x0000000080005ffe (0x30402673) x12 0x0000000000000a00
core   0: 0x0000000080006002 (0x344025f3) csrrs   a1, mip, zero
core   0: 3 0x0000000080006002 (0x344025f3) x11 0x0000000000000080
core   0: 0x0000000080006006 (0x343025f3) csrrs   a1, mtval, zero
core   0: 3 0x0000000080006006 (0x343025f3) x11 0x0000000031a827f3
core   0: 0x000000008000600a (0x14302573) csrrs   a0, stval, zero
core   0: 3 0x000000008000600a (0x14302573) x10 0x0000000000000000
core   0: 0x000000008000600e (0xb02024f3) csrrs   s1, minstret, zero
core   0: 3 0x000000008000600e (0xb02024f3) x9  0x00000000000010e3
core   0: 0x0000000080006012 (0x0000a811) c.j     pc + 20
core   0: 3 0x0000000080006012 (0xa811)
core   0: >>>>  mepc_4
core   0: 0x0000000080006026 (0x00000791) c.addi  a5, 4
core   0: 3 0x0000000080006026 (0x0791) x15 0x00000000800058f8
core   0: 0x0000000080006028 (0x34179073) csrrw   zero, mepc, a5
core   0: 3 0x0000000080006028 (0x34179073) c833_mepc 0x00000000800058f8
core   0: 0x000000008000602c (0x30200073) mret
core   0: 3 0x000000008000602c (0x30200073) c768_mstatus 0x8000000a00106080
core   0: 0x00000000800058f8 (0x02a8523b) divuw   tp, a6, a0
core   0: 1 0x00000000800058f8 (0x02a8523b) x4  0xffffffffffffffff
core   0: 0x00000000800058fc (0x02d2fb4f) fnmadd.d fs6, ft5, fa3, ft0
core   0: 1 0x00000000800058fc (0x02d2fb4f) f22 0x7ff8000000000000
core   0: 0x0000000080005900 (0xfa8b4d37) lui     s10, 0xfa8b4
core   0: 1 0x0000000080005900 (0xfa8b4d37) x26 0xfffffffffa8b4000
core   0: 0x0000000080005904 (0x5abd0d1b) addiw   s10, s10, 1451
core   0: 1 0x0000000080005904 (0x5abd0d1b) x26 0xfffffffffa8b45ab
core   0: 0x0000000080005908 (0x00000d32) c.slli  s10, 12
core   0: 1 0x0000000080005908 (0x0d32) x26 0xffffffa8b45ab000
core   0: 0x000000008000590a (0x211d0d13) addi    s10, s10, 529
core   0: 1 0x000000008000590a (0x211d0d13) x26 0xffffffa8b45ab211
core   0: 0x000000008000590e (0x2ac5fbc3) fmadd.d fs7, fa1, fa2, ft5
core   0: 1 0x000000008000590e (0x2ac5fbc3) f23 0x7ff8000000000000
core   0: 0x0000000080005912 (0xc215fed3) fcvt.wu.d t4, fa1
core   0: 1 0x0000000080005912 (0xc215fed3) c1_fflags 0x0000000000000011 x29 0xffffffffffffffff
core   0: 0x0000000080005916 (0x03319e13) slli    t3, gp, 51
core   0: 1 0x0000000080005916 (0x03319e13) x28 0xf100000000000000
core   0: 0x000000008000591a (0x10007af3) csrrci  s5, sstatus, 0
core   0: 1 0x000000008000591a (0x10007af3) x21 0x8000000200006000
core   0: 0x000000008000591e (0x001022f3) csrrs   t0, fflags, zero
core   0: 1 0x000000008000591e (0x001022f3) x5  0x0000000000000011
core   0: 0x0000000080005922 (0x00000001) c.nop
core   0: 1 0x0000000080005922 (0x0001)
core   0: 0x0000000080005924 (0x4122d693) srai    a3, t0, 18
core   0: 1 0x0000000080005924 (0x4122d693) x13 0x0000000000000000
core   0: 0x0000000080005928 (0xd03e7ed3) fcvt.s.lu ft9, t3
core   0: 1 0x0000000080005928 (0xd03e7ed3) f29 0xffffffff5f710000
core   0: 0x000000008000592c (0x2a0c8353) fmin.d  ft6, fs9, ft0
core   0: 1 0x000000008000592c (0x2a0c8353) f6  0x40a4000000000000
core   0: 0x0000000080005930 (0x40e0d8bb) sraw    a7, ra, a4
core   0: 1 0x0000000080005930 (0x40e0d8bb) x17 0xffffffffe0001005
core   0: 0x0000000080005934 (0x1a167153) fdiv.d  ft2, fa2, ft1
core   0: 1 0x0000000080005934 (0x1a167153) f2  0x7ff8000000000000
core   0: 0x0000000080005938 (0x00e5183b) sllw    a6, a0, a4
core   0: 1 0x0000000080005938 (0x00e5183b) x16 0x0000000000000000
core   0: 0x000000008000593c (0xc0337053) fcvt.lu.s zero, ft6
core   0: 1 0x000000008000593c (0xc0337053) c1_fflags 0x0000000000000011
core   0: 0x0000000080005940 (0x01d94533) xor     a0, s2, t4
core   0: 1 0x0000000080005940 (0x01d94533) x10 0x0000000000000515
core   0: 0x0000000080005944 (0x00ce46b3) xor     a3, t3, a2
core   0: 1 0x0000000080005944 (0x00ce46b3) x13 0xf100000000000a00
core   0: 0x0000000080005948 (0x00fc173b) sllw    a4, s8, a5
core   0: 1 0x0000000080005948 (0x00fc173b) x14 0xfffffffff2000000
core   0: 0x000000008000594c (0x0017831b) addiw   t1, a5, 1
core   0: 1 0x000000008000594c (0x0017831b) x6  0xffffffff800058f9
core   0: 0x0000000080005950 (0x08f9e993) ori     s3, s3, 143
core   0: 1 0x0000000080005950 (0x08f9e993) x19 0xffffffffc25e49df
core   0: 0x0000000080005954 (0x003e87b3) add     a5, t4, gp
core   0: 1 0x0000000080005954 (0x003e87b3) x15 0xfffffffffffa9e1f
core   0: 0x0000000080005958 (0x00e91733) sll     a4, s2, a4
core   0: 1 0x0000000080005958 (0x00e91733) x14 0xfffffffffffffaea
core   0: 0x000000008000595c (0x401876d3) fcvt.s.d fa3, fa6
core   0: 1 0x000000008000595c (0x401876d3) f13 0xffffffff7fc00000
core   0: 0x0000000080005960 (0x03d526b3) mulhsu  a3, a0, t4
core   0: 1 0x0000000080005960 (0x03d526b3) x13 0x0000000000000514
core   0: 0x0000000080005964 (0x0b62fb53) fsub.d  fs6, ft5, fs6
core   0: 1 0x0000000080005964 (0x0b62fb53) f22 0x7ff8000000000000
core   0: 0x0000000080005968 (0x01f6541b) srliw   s0, a2, 31
core   0: 1 0x0000000080005968 (0x01f6541b) x8  0x0000000000000000
core   0: 0x000000008000596c (0x0340f7d3) fadd.d  fa5, ft1, fs4
core   0: 1 0x000000008000596c (0x0340f7d3) c1_fflags 0x0000000000000011 f15 0xc3d0001005040281
core   0: 0x0000000080005970 (0x0273fdd3) fadd.d  fs11, ft7, ft7
core   0: 1 0x0000000080005970 (0x0273fdd3) f27 0x7ff8000000000000
core   0: 0x0000000080005974 (0xc2317753) fcvt.lu.d a4, ft2
core   0: 1 0x0000000080005974 (0xc2317753) c1_fflags 0x0000000000000011 x14 0xffffffffffffffff
core   0: 0x0000000080005978 (0x8b737bc7) fmsub.d fs7, ft6, fs7, fa7
core   0: 1 0x0000000080005978 (0x8b737bc7) f23 0x7ff8000000000000
core   0: 0x000000008000597c (0x00000001) c.nop
core   0: 1 0x000000008000597c (0x0001)
core   0: 0x000000008000597e (0x401bfa53) fcvt.s.d fs4, fs7
core   0: 1 0x000000008000597e (0x401bfa53) f20 0xffffffff7fc00000
core   0: 0x0000000080005982 (0x039a7a33) remu    s4, s4, s9
core   0: 1 0x0000000080005982 (0x039a7a33) x20 0x0000000000000010
core   0: 0x0000000080005986 (0x232a1953) fsgnjn.d fs2, fs4, fs2
core   0: 1 0x0000000080005986 (0x232a1953) f18 0xffffffff7fc00000
core   0: 0x000000008000598a (0x1252f2d3) fmul.d  ft5, ft5, ft5
core   0: 1 0x000000008000598a (0x1252f2d3) f5  0x7ff8000000000000
core   0: 0x000000008000598e (0x41ad04b3) sub     s1, s10, s10
core   0: 1 0x000000008000598e (0x41ad04b3) x9  0x0000000000000000
core   0: 0x0000000080005992 (0x41dcd8bb) sraw    a7, s9, t4
core   0: 1 0x0000000080005992 (0x41dcd8bb) x17 0xffffffffffffffff
core   0: 0x0000000080005996 (0x0b5df6c7) fmsub.d fa3, fs11, fs5, ft1
core   0: 1 0x0000000080005996 (0x0b5df6c7) f13 0x7ff8000000000000
core   0: 0x000000008000599a (0x2a409353) fmax.d  ft6, ft1, ft4
core   0: 1 0x000000008000599a (0x2a409353) f6  0xc3d0001005040281
core   0: 0x000000008000599e (0xc038f653) fcvt.lu.s a2, fa7
core   0: 1 0x000000008000599e (0xc038f653) c1_fflags 0x0000000000000011 x12 0xffffffffffffffff
core   0: 0x00000000800059a2 (0x01578c3b) addw    s8, a5, s5
core   0: 1 0x00000000800059a2 (0x01578c3b) x24 0xfffffffffffafe1f
core   0: 0x00000000800059a6 (0xfcaac937) lui     s2, 0xfcaac
core   0: 1 0x00000000800059a6 (0xfcaac937) x18 0xfffffffffcaac000
core   0: 0x00000000800059aa (0xbb99091b) addiw   s2, s2, -1095
core   0: 1 0x00000000800059aa (0xbb99091b) x18 0xfffffffffcaabbb9
core   0: 0x00000000800059ae (0x00000936) c.slli  s2, 13
core   0: 1 0x00000000800059ae (0x0936) x18 0xffffff9557772000
core   0: 0x00000000800059b0 (0xd1990913) addi    s2, s2, -743
core   0: 1 0x00000000800059b0 (0xd1990913) x18 0xffffff9557771d19
core   0: 0x00000000800059b4 (0x1421d473) csrrwi  s0, scause, 3
core   0: 1 0x00000000800059b4 (0x1421d473) x8  0x0000000000000000 c322_scause 0x0000000000000003
core   0: 0x00000000800059b8 (0xd033f3d3) fcvt.s.lu ft7, t2
core   0: 1 0x00000000800059b8 (0xd033f3d3) f7  0xffffffff00000000
core   0: 0x00000000800059bc (0x5a09f9d3) fsqrt.d fs3, fs3
core   0: 1 0x00000000800059bc (0x5a09f9d3) f19 0x7ff8000000000000
core   0: 0x00000000800059c0 (0x0331e73b) remw    a4, gp, s3
core   0: 1 0x00000000800059c0 (0x0331e73b) x14 0xfffffffffffa9e20
core   0: 0x00000000800059c4 (0x8beef7cf) fnmadd.d fa5, ft9, ft10, fa7
core   0: 1 0x00000000800059c4 (0x8beef7cf) f15 0x7ff8000000000000
core   0: 0x00000000800059c8 (0x01f9d51b) srliw   a0, s3, 31
core   0: 1 0x00000000800059c8 (0x01f9d51b) x10 0x0000000000000001
core   0: 0x00000000800059cc (0x027141b3) div     gp, sp, t2
core   0: 1 0x00000000800059cc (0x027141b3) x3  0xffffffffffffffff
core   0: 0x00000000800059d0 (0x2b9c8d53) fmin.d  fs10, fs9, fs9
core   0: 1 0x00000000800059d0 (0x2b9c8d53) f26 0x40a4000000000000
core   0: 0x00000000800059d4 (0x0ff0000f) fence   iorw,iorw
core   0: 1 0x00000000800059d4 (0x0ff0000f)
core   0: 0x00000000800059d8 (0x001a9373) csrrw   t1, fflags, s5
core   0: 1 0x00000000800059d8 (0x001a9373) x6  0x0000000000000011 c1_fflags 0x0000000000000000
core   0: 0x00000000800059dc (0xe812021b) addiw   tp, tp, -383
core   0: 1 0x00000000800059dc (0xe812021b) x4  0xfffffffffffffe80
core   0: 0x00000000800059e0 (0x02b3063b) mulw    a2, t1, a1
core   0: 1 0x00000000800059e0 (0x02b3063b) x12 0x000000004c2aa723
core   0: 0x00000000800059e4 (0xd225fad3) fcvt.d.l fs5, a1
core   0: 1 0x00000000800059e4 (0xd225fad3) f21 0x41c8d413f9800000
core   0: 0x00000000800059e8 (0x00c61633) sll     a2, a2, a2
core   0: 1 0x00000000800059e8 (0x00c61633) x12 0x6155391800000000
core   0: 0x00000000800059ec (0x4038dd1b) sraiw   s10, a7, 3
core   0: 1 0x00000000800059ec (0x4038dd1b) x26 0xffffffffffffffff
core   0: 0x00000000800059f0 (0xd2100d53) fcvt.d.wu fs10, zero
core   0: 1 0x00000000800059f0 (0xd2100d53) f26 0x0000000000000000
core   0: 0x00000000800059f4 (0x03b4b9b7) lui     s3, 0x3b4b
core   0: 1 0x00000000800059f4 (0x03b4b9b7) x19 0x0000000003b4b000
core   0: 0x00000000800059f8 (0x3e19899b) addiw   s3, s3, 993
core   0: 1 0x00000000800059f8 (0x3e19899b) x19 0x0000000003b4b3e1
core   0: 0x00000000800059fc (0x000009b6) c.slli  s3, 13
core   0: 1 0x00000000800059fc (0x09b6) x19 0x00000076967c2000
core   0: 0x00000000800059fe (0x6a298993) addi    s3, s3, 1698
core   0: 1 0x00000000800059fe (0x6a298993) x19 0x00000076967c26a2
core   0: 0x0000000080005a02 (0x1b83f053) fdiv.d  ft0, ft7, fs8
core   0: 1 0x0000000080005a02 (0x1b83f053) f0  0x7ff8000000000000
core   0: 0x0000000080005a06 (0x3353facf) fnmadd.d fs5, ft7, fs5, ft6
core   0: 1 0x0000000080005a06 (0x3353facf) f21 0x7ff8000000000000
core   0: 0x0000000080005a0a (0x03f17c53) fadd.d  fs8, ft2, ft11
core   0: 1 0x0000000080005a0a (0x03f17c53) f24 0x7ff8000000000000
core   0: 0x0000000080005a0e (0x03a3dd33) divu    s10, t2, s10
core   0: 1 0x0000000080005a0e (0x03a3dd33) x26 0x0000000000000000
core   0: 0x0000000080005a12 (0x40fcd9bb) sraw    s3, s9, a5
core   0: 1 0x0000000080005a12 (0x40fcd9bb) x19 0xffffffffffffffff
core   0: 0x0000000080005a16 (0x2260a353) fsgnjx.d ft6, ft1, ft6
core   0: 1 0x0000000080005a16 (0x2260a353) f6  0x43d0001005040281
core   0: 0x0000000080005a1a (0xa33306d3) fle.d   a3, ft6, fs3
core   0: 1 0x0000000080005a1a (0xa33306d3) c1_fflags 0x0000000000000010 x13 0x0000000000000000
core   0: 0x0000000080005a1e (0x00000001) c.nop
core   0: 1 0x0000000080005a1e (0x0001)
core   0: 0x0000000080005a20 (0x00b1d1b3) srl     gp, gp, a1
core   0: 1 0x0000000080005a20 (0x00b1d1b3) x3  0x0000000000001fff
core   0: 0x0000000080005a24 (0x42008f53) fcvt.d.s ft10, ft1
core   0: 1 0x0000000080005a24 (0x42008f53) f30 0x7ff8000000000000
core   0: 0x0000000080005a28 (0x4154d033) sra     zero, s1, s5
core   0: 1 0x0000000080005a28 (0x4154d033)
core   0: 0x0000000080005a2c (0x01aadeb3) srl     t4, s5, s10
core   0: 1 0x0000000080005a2c (0x01aadeb3) x29 0x8000000200006000
core   0: 0x0000000080005a30 (0x000fe8b7) lui     a7, 0xfe
core   0: 1 0x0000000080005a30 (0x000fe8b7) x17 0x00000000000fe000
core   0: 0x0000000080005a34 (0x0898889b) addiw   a7, a7, 137
core   0: 1 0x0000000080005a34 (0x0898889b) x17 0x00000000000fe089
core   0: 0x0000000080005a38 (0x000008c2) c.slli  a7, 16
core   0: 1 0x0000000080005a38 (0x08c2) x17 0x0000000fe0890000
core   0: 0x0000000080005a3a (0x6dc88893) addi    a7, a7, 1756
core   0: 1 0x0000000080005a3a (0x6dc88893) x17 0x0000000fe08906dc
core   0: 0x0000000080005a3e (0x002029f3) csrrs   s3, frm, zero
core   0: 1 0x0000000080005a3e (0x002029f3) x19 0x0000000000000002
core   0: 0x0000000080005a42 (0x41bd0a33) sub     s4, s10, s11
core   0: 1 0x0000000080005a42 (0x41bd0a33) x20 0xffffffffbfffdff6
core   0: 0x0000000080005a46 (0x405484bb) subw    s1, s1, t0
core   0: 1 0x0000000080005a46 (0x405484bb) x9  0xffffffffffffffef
core   0: 0x0000000080005a4a (0xbe74e693) ori     a3, s1, -1049
core   0: 1 0x0000000080005a4a (0xbe74e693) x13 0xffffffffffffffef
core   0: 0x0000000080005a4e (0x00e325b3) slt     a1, t1, a4
core   0: 1 0x0000000080005a4e (0x00e325b3) x11 0x0000000000000000
core   0: 0x0000000080005a52 (0x02376733) rem     a4, a4, gp
core   0: 1 0x0000000080005a52 (0x02376733) x14 0xfffffffffffffdf5
core   0: 0x0000000080005a56 (0x0149d49b) srliw   s1, s3, 20
core   0: 1 0x0000000080005a56 (0x0149d49b) x9  0x0000000000000000
core   0: 0x0000000080005a5a (0x034b0a33) mul     s4, s6, s4
core   0: 1 0x0000000080005a5a (0x034b0a33) x20 0xffffeefff77d5800
core   0: 0x0000000080005a5e (0x407585bb) subw    a1, a1, t2
core   0: 1 0x0000000080005a5e (0x407585bb) x11 0x0000000000000000
core   0: 0x0000000080005a62 (0x03c6bdb3) mulhu   s11, a3, t3
core   0: 1 0x0000000080005a62 (0x03c6bdb3) x27 0xf0ffffffffffffef
core   0: 0x0000000080005a66 (0x00c0151b) slliw   a0, zero, 12
core   0: 1 0x0000000080005a66 (0x00c0151b) x10 0x0000000000000000
core   0: 0x0000000080005a6a (0x1ae97753) fdiv.d  fa4, fs2, fa4
core   0: 1 0x0000000080005a6a (0x1ae97753) f14 0x7ff8000000000000
core   0: 0x0000000080005a6e (0xd22271d3) fcvt.d.l ft3, tp
core   0: 1 0x0000000080005a6e (0xd22271d3) f3  0xc078000000000000
core   0: 0x0000000080005a72 (0x02a53133) mulhu   sp, a0, a0
core   0: 1 0x0000000080005a72 (0x02a53133) x2  0x0000000000000000
core   0: 0x0000000080005a76 (0x4128d8b3) sra     a7, a7, s2
core   0: 1 0x0000000080005a76 (0x4128d8b3) x17 0x00000000000007f0
core   0: 0x0000000080005a7a (0x401954b3) sra     s1, s2, ra
core   0: 1 0x0000000080005a7a (0x401954b3) x9  0xfffffffffff95577
core   0: 0x0000000080005a7e (0xc211f753) fcvt.wu.d a4, ft3
core   0: 1 0x0000000080005a7e (0xc211f753) c1_fflags 0x0000000000000010 x14 0x0000000000000000
core   0: 0x0000000080005a82 (0x03225393) srli    t2, tp, 50
core   0: 1 0x0000000080005a82 (0x03225393) x7  0x0000000000003fff
core   0: 0x0000000080005a86 (0xd0327353) fcvt.s.lu ft6, tp
core   0: 1 0x0000000080005a86 (0xd0327353) c1_fflags 0x0000000000000011 f6  0xffffffff5f7fffff
core   0: 0x0000000080005a8a (0x02d6ae33) mulhsu  t3, a3, a3
core   0: 1 0x0000000080005a8a (0x02d6ae33) x28 0xffffffffffffffef
core   0: 0x0000000080005a8e (0x0117a7b3) slt     a5, a5, a7
core   0: 1 0x0000000080005a8e (0x0117a7b3) x15 0x0000000000000001
core   0: 0x0000000080005a92 (0x03055813) srli    a6, a0, 48
core   0: 1 0x0000000080005a92 (0x03055813) x16 0x0000000000000000
core   0: 0x0000000080005a96 (0x5a05ffd3) fsqrt.d ft11, fa1
core   0: 1 0x0000000080005a96 (0x5a05ffd3) f31 0x7ff8000000000000
core   0: 0x0000000080005a9a (0x5a027453) fsqrt.d fs0, ft4
core   0: 1 0x0000000080005a9a (0x5a027453) f8  0x7ff8000000000000
core   0: 0x0000000080005a9e (0x001198f3) csrrw   a7, fflags, gp
core   0: 1 0x0000000080005a9e (0x001198f3) x17 0x0000000000000011 c1_fflags 0x000000000000001f
core   0: 0x0000000080005aa2 (0xab35021b) addiw   tp, a0, -1357
core   0: 1 0x0000000080005aa2 (0xab35021b) x4  0xfffffffffffffab3
core   0: 0x0000000080005aa6 (0x02b5c5b3) div     a1, a1, a1
core   0: 1 0x0000000080005aa6 (0x02b5c5b3) x11 0xffffffffffffffff
core   0: 0x0000000080005aaa (0x800e0e1b) addiw   t3, t3, -2048
core   0: 1 0x0000000080005aaa (0x800e0e1b) x28 0xfffffffffffff7ef
core   0: 0x0000000080005aae (0x42010ad3) fcvt.d.s fs5, ft2
core   0: 1 0x0000000080005aae (0x42010ad3) f21 0x7ff8000000000000
core   0: 0x0000000080005ab2 (0xc02bf953) fcvt.l.s s2, fs7
core   0: 1 0x0000000080005ab2 (0xc02bf953) c1_fflags 0x000000000000001f x18 0x7fffffffffffffff
core   0: 0x0000000080005ab6 (0xc23378d3) fcvt.lu.d a7, ft6
core   0: 1 0x0000000080005ab6 (0xc23378d3) c1_fflags 0x000000000000001f x17 0xffffffffffffffff
core   0: 0x0000000080005aba (0xc200f553) fcvt.w.d a0, ft1
core   0: 1 0x0000000080005aba (0xc200f553) c1_fflags 0x000000000000001f x10 0xffffffff80000000
core   0: 0x0000000080005abe (0x0031d13b) srlw    sp, gp, gp
core   0: 1 0x0000000080005abe (0x0031d13b) x2  0x0000000000000000
core   0: 0x0000000080005ac2 (0x01921cbb) sllw    s9, tp, s9
core   0: 1 0x0000000080005ac2 (0x01921cbb) x25 0xffffffff80000000
core   0: 0x0000000080005ac6 (0x002027f3) csrrs   a5, frm, zero
core   0: 1 0x0000000080005ac6 (0x002027f3) x15 0x0000000000000002
core   0: 0x0000000080005aca (0x02a27e3b) remuw   t3, tp, a0
core   0: 1 0x0000000080005aca (0x02a27e3b) x28 0x000000007ffffab3
core   0: 0x0000000080005ace (0x00017393) andi    t2, sp, 0
core   0: 1 0x0000000080005ace (0x00017393) x7  0x0000000000000000
core   0: 0x0000000080005ad2 (0x0b70f0c3) fmadd.d ft1, ft1, fs7, ft1
core   0: 1 0x0000000080005ad2 (0x0b70f0c3) f1  0x7ff8000000000000
core   0: 0x0000000080005ad6 (0x02d6f5b3) remu    a1, a3, a3
core   0: 1 0x0000000080005ad6 (0x02d6f5b3) x11 0x0000000000000000
core   0: 0x0000000080005ada (0xe20807d3) fmv.x.d a5, fa6
core   0: 1 0x0000000080005ada (0xe20807d3) x15 0x7ff8000000000000
core   0: 0x0000000080005ade (0x228aafd3) fsgnjx.d ft11, fs5, fs0
core   0: 1 0x0000000080005ade (0x228aafd3) f31 0x7ff8000000000000
core   0: 0x0000000080005ae2 (0x235a9d53) fsgnjn.d fs10, fs5, fs5
core   0: 1 0x0000000080005ae2 (0x235a9d53) f26 0xfff8000000000000
core   0: 0x0000000080005ae6 (0x031550bb) divuw   ra, a0, a7
core   0: 1 0x0000000080005ae6 (0x031550bb) x1  0x0000000000000000
core   0: 0x0000000080005aea (0x00102673) csrrs   a2, fflags, zero
core   0: 1 0x0000000080005aea (0x00102673) x12 0x000000000000001f
core   0: 0x0000000080005aee (0x0b00f953) fsub.d  fs2, ft1, fa6
core   0: 1 0x0000000080005aee (0x0b00f953) f18 0x7ff8000000000000
core   0: 0x0000000080005af2 (0x41db56b3) sra     a3, s6, t4
core   0: 1 0x0000000080005af2 (0x41db56b3) x13 0x0000000000004400
core   0: 0x0000000080005af6 (0x7ff10193) addi    gp, sp, 2047
core   0: 1 0x0000000080005af6 (0x7ff10193) x3  0x00000000000007ff
core   0: 0x0000000080005afa (0x0a60f8d3) fsub.d  fa7, ft1, ft6
core   0: 1 0x0000000080005afa (0x0a60f8d3) f17 0x7ff8000000000000
core   0: 0x0000000080005afe (0x419e8cbb) subw    s9, t4, s9
core   0: 1 0x0000000080005afe (0x419e8cbb) x25 0xffffffff80006000
core   0: 0x0000000080005b02 (0x00271633) sll     a2, a4, sp
core   0: 1 0x0000000080005b02 (0x00271633) x12 0x0000000000000000
core   0: 0x0000000080005b06 (0x34361473) csrrw   s0, mtval, a2
core   0: exception trap_illegal_instruction, epc 0x0000000080005b06
core   0:           tval 0x0000000034361473
core   0: >>>>  $xrv64i2p1_m2p0_a2p1_f2p2_d2p2_zicsr2p0_zifencei2p0_zmmul1p0_zba1p0_zbb1p0_zbc1p0_zbs1p0
core   0: 0x0000000080004000 (0x0080006f) j       pc + 0x8
core   0: 3 0x0000000080004000 (0x0080006f)
core   0: >>>>  mmode_exception_handler
core   0: 0x0000000080004008 (0x00002c17) auipc   s8, 0x2
core   0: 3 0x0000000080004008 (0x00002c17) x24 0x0000000080006008
core   0: 0x000000008000400c (0xfeac0c13) addi    s8, s8, -22
core   0: 3 0x000000008000400c (0xfeac0c13) x24 0x0000000080005ff2
core   0: 0x0000000080004010 (0x000c00e7) jalr    s8
core   0: 3 0x0000000080004010 (0x000c00e7) x1  0x0000000080004014
core   0: >>>>  any_handler
core   0: 0x0000000080005ff2 (0x341027f3) csrrs   a5, mepc, zero
core   0: 3 0x0000000080005ff2 (0x341027f3) x15 0x0000000080005b06
core   0: 0x0000000080005ff6 (0x34202773) csrrs   a4, mcause, zero
core   0: 3 0x0000000080005ff6 (0x34202773) x14 0x0000000000000002
core   0: 0x0000000080005ffa (0x142026f3) csrrs   a3, scause, zero
core   0: 3 0x0000000080005ffa (0x142026f3) x13 0x0000000000000003
core   0: 0x0000000080005ffe (0x30402673) csrrs   a2, mie, zero
core   0: 3 0x0000000080005ffe (0x30402673) x12 0x0000000000000a00
core   0: 0x0000000080006002 (0x344025f3) csrrs   a1, mip, zero
core   0: 3 0x0000000080006002 (0x344025f3) x11 0x0000000000000080
core   0: 0x0000000080006006 (0x343025f3) csrrs   a1, mtval, zero
core   0: 3 0x0000000080006006 (0x343025f3) x11 0x0000000034361473
core   0: 0x000000008000600a (0x14302573) csrrs   a0, stval, zero
core   0: 3 0x000000008000600a (0x14302573) x10 0x0000000000000000
core   0: 0x000000008000600e (0xb02024f3) csrrs   s1, minstret, zero
core   0: 3 0x000000008000600e (0xb02024f3) x9  0x000000000000117a
core   0: 0x0000000080006012 (0x0000a811) c.j     pc + 20
core   0: 3 0x0000000080006012 (0xa811)
core   0: >>>>  mepc_4
core   0: 0x0000000080006026 (0x00000791) c.addi  a5, 4
core   0: 3 0x0000000080006026 (0x0791) x15 0x0000000080005b0a
core   0: 0x0000000080006028 (0x34179073) csrrw   zero, mepc, a5
core   0: 3 0x0000000080006028 (0x34179073) c833_mepc 0x0000000080005b0a
core   0: 0x000000008000602c (0x30200073) mret
core   0: 3 0x000000008000602c (0x30200073) c768_mstatus 0x8000000a00106080
core   0: 0x0000000080005b0a (0x02e930b3) mulhu   ra, s2, a4
core   0: 1 0x0000000080005b0a (0x02e930b3) x1  0x0000000000000000
core   0: 0x0000000080005b0e (0x0273c3b3) div     t2, t2, t2
core   0: 1 0x0000000080005b0e (0x0273c3b3) x7  0xffffffffffffffff
core   0: 0x0000000080005b12 (0x001b9a3b) sllw    s4, s7, ra
core   0: 1 0x0000000080005b12 (0x001b9a3b) x20 0x0000000000000000
core   0: 0x0000000080005b16 (0x13d5fdd3) fmul.d  fs11, fa1, ft9
core   0: 1 0x0000000080005b16 (0x13d5fdd3) f27 0x7ff8000000000000
core   0: 0x0000000080005b1a (0xa21c0853) fle.d   a6, fs8, ft1
core   0: 1 0x0000000080005b1a (0xa21c0853) c1_fflags 0x000000000000001f x16 0x0000000000000000
core   0: 0x0000000080005b1e (0xf2080ed3) fmv.d.x ft9, a6
core   0: 1 0x0000000080005b1e (0xf2080ed3) f29 0x0000000000000000
core   0: 0x0000000080005b22 (0x402ddcbb) sraw    s9, s11, sp
core   0: 1 0x0000000080005b22 (0x402ddcbb) x25 0xffffffffffffffef
core   0: 0x0000000080005b26 (0x41d85eb3) sra     t4, a6, t4
core   0: 1 0x0000000080005b26 (0x41d85eb3) x29 0x0000000000000000
core   0: 0x0000000080005b2a (0x01684833) xor     a6, a6, s6
core   0: 1 0x0000000080005b2a (0x01684833) x16 0x0000000000004400
core   0: 0x0000000080005b2e (0x2a1e9553) fmax.d  fa0, ft9, ft1
core   0: 1 0x0000000080005b2e (0x2a1e9553) f10 0x0000000000000000
core   0: 0x0000000080005b32 (0x00000626) c.slli  a2, 9
core   0: 1 0x0000000080005b32 (0x0626) x12 0x0000000000140000
core   0: 0x0000000080005b34 (0x02ac5ebb) divuw   t4, s8, a0
core   0: 1 0x0000000080005b34 (0x02ac5ebb) x29 0xffffffffffffffff
core   0: 0x0000000080005b38 (0x42070753) fcvt.d.s fa4, fa4
core   0: 1 0x0000000080005b38 (0x42070753) f14 0x7ff8000000000000
core   0: 0x0000000080005b3c (0x344fd5f3) csrrwi  a1, mip, 31
core   0: exception trap_illegal_instruction, epc 0x0000000080005b3c
core   0:           tval 0x00000000344fd5f3
core   0: >>>>  $xrv64i2p1_m2p0_a2p1_f2p2_d2p2_zicsr2p0_zifencei2p0_zmmul1p0_zba1p0_zbb1p0_zbc1p0_zbs1p0
core   0: 0x0000000080004000 (0x0080006f) j       pc + 0x8
core   0: 3 0x0000000080004000 (0x0080006f)
core   0: >>>>  mmode_exception_handler
core   0: 0x0000000080004008 (0x00002c17) auipc   s8, 0x2
core   0: 3 0x0000000080004008 (0x00002c17) x24 0x0000000080006008
core   0: 0x000000008000400c (0xfeac0c13) addi    s8, s8, -22
core   0: 3 0x000000008000400c (0xfeac0c13) x24 0x0000000080005ff2
core   0: 0x0000000080004010 (0x000c00e7) jalr    s8
core   0: 3 0x0000000080004010 (0x000c00e7) x1  0x0000000080004014
core   0: >>>>  any_handler
core   0: 0x0000000080005ff2 (0x341027f3) csrrs   a5, mepc, zero
core   0: 3 0x0000000080005ff2 (0x341027f3) x15 0x0000000080005b3c
core   0: 0x0000000080005ff6 (0x34202773) csrrs   a4, mcause, zero
core   0: 3 0x0000000080005ff6 (0x34202773) x14 0x0000000000000002
core   0: 0x0000000080005ffa (0x142026f3) csrrs   a3, scause, zero
core   0: 3 0x0000000080005ffa (0x142026f3) x13 0x0000000000000003
core   0: 0x0000000080005ffe (0x30402673) csrrs   a2, mie, zero
core   0: 3 0x0000000080005ffe (0x30402673) x12 0x0000000000000a00
core   0: 0x0000000080006002 (0x344025f3) csrrs   a1, mip, zero
core   0: 3 0x0000000080006002 (0x344025f3) x11 0x0000000000000080
core   0: 0x0000000080006006 (0x343025f3) csrrs   a1, mtval, zero
core   0: 3 0x0000000080006006 (0x343025f3) x11 0x00000000344fd5f3
core   0: 0x000000008000600a (0x14302573) csrrs   a0, stval, zero
core   0: 3 0x000000008000600a (0x14302573) x10 0x0000000000000000
core   0: 0x000000008000600e (0xb02024f3) csrrs   s1, minstret, zero
core   0: 3 0x000000008000600e (0xb02024f3) x9  0x0000000000001197
core   0: 0x0000000080006012 (0x0000a811) c.j     pc + 20
core   0: 3 0x0000000080006012 (0xa811)
core   0: >>>>  mepc_4
core   0: 0x0000000080006026 (0x00000791) c.addi  a5, 4
core   0: 3 0x0000000080006026 (0x0791) x15 0x0000000080005b40
core   0: 0x0000000080006028 (0x34179073) csrrw   zero, mepc, a5
core   0: 3 0x0000000080006028 (0x34179073) c833_mepc 0x0000000080005b40
core   0: 0x000000008000602c (0x30200073) mret
core   0: 3 0x000000008000602c (0x30200073) c768_mstatus 0x8000000a00106080
core   0: 0x0000000080005b40 (0x421ed093) srai    ra, t4, 33
core   0: 1 0x0000000080005b40 (0x421ed093) x1  0xffffffffffffffff
core   0: 0x0000000080005b44 (0x2a1a1453) fmax.d  fs0, fs4, ft1
core   0: 1 0x0000000080005b44 (0x2a1a1453) f8  0x7ff8000000000000
core   0: 0x0000000080005b48 (0x0268f2bb) remuw   t0, a7, t1
core   0: 1 0x0000000080005b48 (0x0268f2bb) x5  0x0000000000000000
core   0: 0x0000000080005b4c (0x2a1b1453) fmax.d  fs0, fs6, ft1
core   0: 1 0x0000000080005b4c (0x2a1b1453) f8  0x7ff8000000000000
core   0: 0x0000000080005b50 (0x2b209c53) fmax.d  fs8, ft1, fs2
core   0: 1 0x0000000080005b50 (0x2b209c53) f24 0x7ff8000000000000
core   0: 0x0000000080005b54 (0x2b8c1253) fmax.d  ft4, fs8, fs8
core   0: 1 0x0000000080005b54 (0x2b8c1253) f4  0x7ff8000000000000
core   0: 0x0000000080005b58 (0xf1306a73) csrrsi  s4, mimpid, 0
core   0: exception trap_illegal_instruction, epc 0x0000000080005b58
core   0:           tval 0x00000000f1306a73
core   0: >>>>  $xrv64i2p1_m2p0_a2p1_f2p2_d2p2_zicsr2p0_zifencei2p0_zmmul1p0_zba1p0_zbb1p0_zbc1p0_zbs1p0
core   0: 0x0000000080004000 (0x0080006f) j       pc + 0x8
core   0: 3 0x0000000080004000 (0x0080006f)
core   0: >>>>  mmode_exception_handler
core   0: 0x0000000080004008 (0x00002c17) auipc   s8, 0x2
core   0: 3 0x0000000080004008 (0x00002c17) x24 0x0000000080006008
core   0: 0x000000008000400c (0xfeac0c13) addi    s8, s8, -22
core   0: 3 0x000000008000400c (0xfeac0c13) x24 0x0000000080005ff2
core   0: 0x0000000080004010 (0x000c00e7) jalr    s8
core   0: 3 0x0000000080004010 (0x000c00e7) x1  0x0000000080004014
core   0: >>>>  any_handler
core   0: 0x0000000080005ff2 (0x341027f3) csrrs   a5, mepc, zero
core   0: 3 0x0000000080005ff2 (0x341027f3) x15 0x0000000080005b58
core   0: 0x0000000080005ff6 (0x34202773) csrrs   a4, mcause, zero
core   0: 3 0x0000000080005ff6 (0x34202773) x14 0x0000000000000002
core   0: 0x0000000080005ffa (0x142026f3) csrrs   a3, scause, zero
core   0: 3 0x0000000080005ffa (0x142026f3) x13 0x0000000000000003
core   0: 0x0000000080005ffe (0x30402673) csrrs   a2, mie, zero
core   0: 3 0x0000000080005ffe (0x30402673) x12 0x0000000000000a00
core   0: 0x0000000080006002 (0x344025f3) csrrs   a1, mip, zero
core   0: 3 0x0000000080006002 (0x344025f3) x11 0x0000000000000080
core   0: 0x0000000080006006 (0x343025f3) csrrs   a1, mtval, zero
core   0: 3 0x0000000080006006 (0x343025f3) x11 0x00000000f1306a73
core   0: 0x000000008000600a (0x14302573) csrrs   a0, stval, zero
core   0: 3 0x000000008000600a (0x14302573) x10 0x0000000000000000
core   0: 0x000000008000600e (0xb02024f3) csrrs   s1, minstret, zero
core   0: 3 0x000000008000600e (0xb02024f3) x9  0x00000000000011ad
core   0: 0x0000000080006012 (0x0000a811) c.j     pc + 20
core   0: 3 0x0000000080006012 (0xa811)
core   0: >>>>  mepc_4
core   0: 0x0000000080006026 (0x00000791) c.addi  a5, 4
core   0: 3 0x0000000080006026 (0x0791) x15 0x0000000080005b5c
core   0: 0x0000000080006028 (0x34179073) csrrw   zero, mepc, a5
core   0: 3 0x0000000080006028 (0x34179073) c833_mepc 0x0000000080005b5c
core   0: 0x000000008000602c (0x30200073) mret
core   0: 3 0x000000008000602c (0x30200073) c768_mstatus 0x8000000a00106080
core   0: 0x0000000080005b5c (0x0090843b) addw    s0, ra, s1
core   0: 1 0x0000000080005b5c (0x0090843b) x8  0xffffffff800051c1
core   0: 0x0000000080005b60 (0xa2490253) fle.d   tp, fs2, ft4
core   0: 1 0x0000000080005b60 (0xa2490253) c1_fflags 0x000000000000001f x4  0x0000000000000000
core   0: 0x0000000080005b64 (0x7236fc4f) fnmadd.d fs8, fa3, ft3, fa4
core   0: 1 0x0000000080005b64 (0x7236fc4f) f24 0x7ff8000000000000
core   0: 0x0000000080005b68 (0x00599db3) sll     s11, s3, t0
core   0: 1 0x0000000080005b68 (0x00599db3) x27 0x0000000000000002
core   0: 0x0000000080005b6c (0x001d5d33) srl     s10, s10, ra
core   0: 1 0x0000000080005b6c (0x001d5d33) x26 0x0000000000000000
core   0: 0x0000000080005b70 (0x226718d3) fsgnjn.d fa7, fa4, ft6
core   0: 1 0x0000000080005b70 (0x226718d3) f17 0x7ff8000000000000
core   0: 0x0000000080005b74 (0x057d7713) andi    a4, s10, 87
core   0: 1 0x0000000080005b74 (0x057d7713) x14 0x0000000000000000
core   0: 0x0000000080005b78 (0xd224fcd3) fcvt.d.l fs9, s1
core   0: 1 0x0000000080005b78 (0xd224fcd3) f25 0x40b1ad0000000000
core   0: 0x0000000080005b7c (0x002619f3) csrrw   s3, frm, a2
core   0: 1 0x0000000080005b7c (0x002619f3) x19 0x0000000000000002 c2_frm 0x0000000000000000
core   0: 0x0000000080005b80 (0x00202df3) csrrs   s11, frm, zero
core   0: 1 0x0000000080005b80 (0x00202df3) x27 0x0000000000000000
core   0: 0x0000000080005b84 (0x0228aa33) mulhsu  s4, a7, sp
core   0: 1 0x0000000080005b84 (0x0228aa33) x20 0x0000000000000000
core   0: 0x0000000080005b88 (0x02086233) rem     tp, a6, zero
core   0: 1 0x0000000080005b88 (0x02086233) x4  0x0000000000004400
core   0: 0x0000000080005b8c (0xd03d7cd3) fcvt.s.lu fs9, s10
core   0: 1 0x0000000080005b8c (0xd03d7cd3) f25 0xffffffff00000000
core   0: 0x0000000080005b90 (0x2bf61e53) fmax.d  ft8, fa2, ft11
core   0: 1 0x0000000080005b90 (0x2bf61e53) f28 0x7ff8000000000000
core   0: 0x0000000080005b94 (0x030002bb) mulw    t0, zero, a6
core   0: 1 0x0000000080005b94 (0x030002bb) x5  0x0000000000000000
core   0: 0x0000000080005b98 (0xf2020653) fmv.d.x fa2, tp
core   0: 1 0x0000000080005b98 (0xf2020653) f12 0x0000000000004400
core   0: 0x0000000080005b9c (0x237c82d3) fsgnj.d ft5, fs9, fs7
core   0: 1 0x0000000080005b9c (0x237c82d3) f5  0x7fffffff00000000
core   0: 0x0000000080005ba0 (0x1b5bf5d3) fdiv.d  fa1, fs7, fs5
core   0: 1 0x0000000080005ba0 (0x1b5bf5d3) f11 0x7ff8000000000000
core   0: 0x0000000080005ba4 (0x01a20bb3) add     s7, tp, s10
core   0: 1 0x0000000080005ba4 (0x01a20bb3) x23 0x0000000000004400
core   0: 0x0000000080005ba8 (0x00000001) c.nop
core   0: 1 0x0000000080005ba8 (0x0001)
core   0: 0x0000000080005baa (0x006c90bb) sllw    ra, s9, t1
core   0: 1 0x0000000080005baa (0x006c90bb) x1  0xffffffffffde0000
core   0: 0x0000000080005bae (0x0000994a) c.add   s2, s2
core   0: 1 0x0000000080005bae (0x994a) x18 0xfffffffffffffffe
core   0: 0x0000000080005bb0 (0x013c133b) sllw    t1, s8, s3
core   0: 1 0x0000000080005bb0 (0x013c133b) x6  0x0000000000017fc8
core   0: 0x0000000080005bb4 (0x1210f2d3) fmul.d  ft5, ft1, ft1
core   0: 1 0x0000000080005bb4 (0x1210f2d3) f5  0x7ff8000000000000
core   0: 0x0000000080005bb8 (0x6ad8f8cb) fnmsub.d fa7, fa7, fa3, fa3
core   0: 1 0x0000000080005bb8 (0x6ad8f8cb) f17 0x7ff8000000000000
core   0: 0x0000000080005bbc (0x05428d37) lui     s10, 0x5428
core   0: 1 0x0000000080005bbc (0x05428d37) x26 0x0000000005428000
core   0: 0x0000000080005bc0 (0x8abd0d1b) addiw   s10, s10, -1877
core   0: 1 0x0000000080005bc0 (0x8abd0d1b) x26 0x00000000054278ab
core   0: 0x0000000080005bc4 (0x00000d32) c.slli  s10, 12
core   0: 1 0x0000000080005bc4 (0x0d32) x26 0x00000054278ab000
core   0: 0x0000000080005bc6 (0x4e4d0d13) addi    s10, s10, 1252
core   0: 1 0x0000000080005bc6 (0x4e4d0d13) x26 0x00000054278ab4e4
core   0: 0x0000000080005bca (0x127b78d3) fmul.d  fa7, fs6, ft7
core   0: 1 0x0000000080005bca (0x127b78d3) f17 0x7ff8000000000000
core   0: 0x0000000080005bce (0xc028f153) fcvt.l.s sp, fa7
core   0: 1 0x0000000080005bce (0xc028f153) c1_fflags 0x000000000000001f x2  0x7fffffffffffffff
core   0: 0x0000000080005bd2 (0x0308f233) remu    tp, a7, a6
core   0: 1 0x0000000080005bd2 (0x0308f233) x4  0x00000000000033ff
core   0: 0x0000000080005bd6 (0xc223fad3) fcvt.l.d s5, ft7
core   0: 1 0x0000000080005bd6 (0xc223fad3) c1_fflags 0x000000000000001f x21 0x7fffffffffffffff
core   0: 0x0000000080005bda (0x40d1d3bb) sraw    t2, gp, a3
core   0: 1 0x0000000080005bda (0x40d1d3bb) x7  0x00000000000000ff
core   0: 0x0000000080005bde (0x0362f2d3) fadd.d  ft5, ft5, fs6
core   0: 1 0x0000000080005bde (0x0362f2d3) f5  0x7ff8000000000000
core   0: 0x0000000080005be2 (0x02ed8733) mul     a4, s11, a4
core   0: 1 0x0000000080005be2 (0x02ed8733) x14 0x0000000000000000
core   0: 0x0000000080005be6 (0x02764633) div     a2, a2, t2
core   0: 1 0x0000000080005be6 (0x02764633) x12 0x000000000000000a
core   0: 0x0000000080005bea (0xd20783d3) fcvt.d.w ft7, a5
core   0: 1 0x0000000080005bea (0xd20783d3) f7  0xc1dfffe929000000
core   0: 0x0000000080005bee (0xc2027553) fcvt.w.d a0, ft4
core   0: 1 0x0000000080005bee (0xc2027553) c1_fflags 0x000000000000001f x10 0x000000007fffffff
core   0: 0x0000000080005bf2 (0xd0357dd3) fcvt.s.lu fs11, a0
core   0: 1 0x0000000080005bf2 (0xd0357dd3) c1_fflags 0x000000000000001f f27 0xffffffff4f000000
core   0: 0x0000000080005bf6 (0x42058bd3) fcvt.d.s fs7, fa1
core   0: 1 0x0000000080005bf6 (0x42058bd3) f23 0x7ff8000000000000
core   0: 0x0000000080005bfa (0x02aaf03b) remuw   zero, s5, a0
core   0: 1 0x0000000080005bfa (0x02aaf03b)
core   0: 0x0000000080005bfe (0x0008eb33) or      s6, a7, zero
core   0: 1 0x0000000080005bfe (0x0008eb33) x22 0xffffffffffffffff
core   0: 0x0000000080005c02 (0x00599bb3) sll     s7, s3, t0
core   0: 1 0x0000000080005c02 (0x00599bb3) x23 0x0000000000000002
core   0: 0x0000000080005c06 (0xc21a7ad3) fcvt.wu.d s5, fs4
core   0: 1 0x0000000080005c06 (0xc21a7ad3) c1_fflags 0x000000000000001f x21 0xffffffffffffffff
core   0: 0x0000000080005c0a (0x1374f353) fmul.d  ft6, fs1, fs7
core   0: 1 0x0000000080005c0a (0x1374f353) f6  0x7ff8000000000000
core   0: 0x0000000080005c0e (0x00009465) c.srai  s0, 57
core   0: 1 0x0000000080005c0e (0x9465) x8  0xffffffffffffffff
core   0: 0x0000000080005c10 (0xa26986d3) fle.d   a3, fs3, ft6
core   0: 1 0x0000000080005c10 (0xa26986d3) c1_fflags 0x000000000000001f x13 0x0000000000000000
core   0: 0x0000000080005c14 (0xca20f1c3) fmadd.d ft3, ft1, ft2, fs9
core   0: 1 0x0000000080005c14 (0xca20f1c3) f3  0x7ff8000000000000
core   0: 0x0000000080005c18 (0x003c1ab3) sll     s5, s8, gp
core   0: 1 0x0000000080005c18 (0x003c1ab3) x21 0x0000000000000000
core   0: 0x0000000080005c1c (0x014696b3) sll     a3, a3, s4
core   0: 1 0x0000000080005c1c (0x014696b3) x13 0x0000000000000000
core   0: 0x0000000080005c20 (0x0255753b) remuw   a0, a0, t0
core   0: 1 0x0000000080005c20 (0x0255753b) x10 0x000000007fffffff
core   0: 0x0000000080005c24 (0x000b1413) slli    s0, s6, 0
core   0: 1 0x0000000080005c24 (0x000b1413) x8  0xffffffffffffffff
core   0: 0x0000000080005c28 (0x00049b93) slli    s7, s1, 0
core   0: 1 0x0000000080005c28 (0x00049b93) x23 0x00000000000011ad
core   0: 0x0000000080005c2c (0x1b117553) fdiv.d  fa0, ft2, fa7
core   0: 1 0x0000000080005c2c (0x1b117553) f10 0x7ff8000000000000
core   0: 0x0000000080005c30 (0x5315fd43) fmadd.d fs10, fa1, fa7, fa0
core   0: 1 0x0000000080005c30 (0x5315fd43) f26 0x7ff8000000000000
core   0: 0x0000000080005c34 (0xe2018cd3) fmv.x.d s9, ft3
core   0: 1 0x0000000080005c34 (0xe2018cd3) x25 0x7ff8000000000000
core   0: 0x0000000080005c38 (0x0336d0b7) lui     ra, 0x336d
core   0: 1 0x0000000080005c38 (0x0336d0b7) x1  0x000000000336d000
core   0: 0x0000000080005c3c (0xb730809b) addiw   ra, ra, -1165
core   0: 1 0x0000000080005c3c (0xb730809b) x1  0x000000000336cb73
core   0: 0x0000000080005c40 (0x000000b2) c.slli  ra, 12
core   0: 1 0x0000000080005c40 (0x00b2) x1  0x000000336cb73000
core   0: 0x0000000080005c42 (0x19a08093) addi    ra, ra, 410
core   0: 1 0x0000000080005c42 (0x19a08093) x1  0x000000336cb7319a
core   0: 0x0000000080005c46 (0xd232f7d3) fcvt.d.lu fa5, t0
core   0: 1 0x0000000080005c46 (0xd232f7d3) f15 0x0000000000000000
core   0: 0x0000000080005c4a (0xc2257b53) fcvt.l.d s6, fa0
core   0: 1 0x0000000080005c4a (0xc2257b53) c1_fflags 0x000000000000001f x22 0x7fffffffffffffff
core   0: 0x0000000080005c4e (0x02015ebb) divuw   t4, sp, zero
core   0: 1 0x0000000080005c4e (0x02015ebb) x29 0xffffffffffffffff
core   0: 0x0000000080005c52 (0x02e8f753) fadd.d  fa4, fa7, fa4
core   0: 1 0x0000000080005c52 (0x02e8f753) f14 0x7ff8000000000000
core   0: 0x0000000080005c56 (0x00129b73) csrrw   s6, fflags, t0
core   0: 1 0x0000000080005c56 (0x00129b73) x22 0x000000000000001f c1_fflags 0x0000000000000000
core   0: 0x0000000080005c5a (0x01704bb3) xor     s7, zero, s7
core   0: 1 0x0000000080005c5a (0x01704bb3) x23 0x00000000000011ad
core   0: 0x0000000080005c5e (0xc0377653) fcvt.lu.s a2, fa4
core   0: 1 0x0000000080005c5e (0xc0377653) c1_fflags 0x0000000000000010 x12 0xffffffffffffffff
core   0: 0x0000000080005c62 (0x001c079b) addiw   a5, s8, 1
core   0: 1 0x0000000080005c62 (0x001c079b) x15 0xffffffff80005ff3
core   0: 0x0000000080005c66 (0x037e4733) div     a4, t3, s7
core   0: 1 0x0000000080005c66 (0x037e4733) x14 0x0000000000073dd5
core   0: 0x0000000080005c6a (0x001a5293) srli    t0, s4, 1
core   0: 1 0x0000000080005c6a (0x001a5293) x5  0x0000000000000000
core   0: 0x0000000080005c6e (0x22392053) fsgnjx.d ft0, fs2, ft3
core   0: 1 0x0000000080005c6e (0x22392053) f0  0x7ff8000000000000
core   0: 0x0000000080005c72 (0x42090953) fcvt.d.s fs2, fs2
core   0: 1 0x0000000080005c72 (0x42090953) f18 0x7ff8000000000000
core   0: 0x0000000080005c76 (0x0ff0000f) fence   iorw,iorw
core   0: 1 0x0000000080005c76 (0x0ff0000f)
core   0: 0x0000000080005c7a (0x41c7de33) sra     t3, a5, t3
core   0: 1 0x0000000080005c7a (0x41c7de33) x28 0xffffffffffffffff
core   0: 0x0000000080005c7e (0x1a297a53) fdiv.d  fs4, fs2, ft2
core   0: 1 0x0000000080005c7e (0x1a297a53) f20 0x7ff8000000000000
core   0: 0x0000000080005c82 (0x419d57b3) sra     a5, s10, s9
core   0: 1 0x0000000080005c82 (0x419d57b3) x15 0x00000054278ab4e4
core   0: 0x0000000080005c86 (0x001865b7) lui     a1, 0x186
core   0: 1 0x0000000080005c86 (0x001865b7) x11 0x0000000000186000
core   0: 0x0000000080005c8a (0xf855859b) addiw   a1, a1, -123
core   0: 1 0x0000000080005c8a (0xf855859b) x11 0x0000000000185f85
core   0: 0x0000000080005c8e (0x000005c6) c.slli  a1, 17
core   0: 1 0x0000000080005c8e (0x05c6) x11 0x00000030bf0a0000
core   0: 0x0000000080005c90 (0x5ac58593) addi    a1, a1, 1452
core   0: 1 0x0000000080005c90 (0x5ac58593) x11 0x00000030bf0a05ac
core   0: 0x0000000080005c94 (0x70f4ec13) ori     s8, s1, 1807
core   0: 1 0x0000000080005c94 (0x70f4ec13) x24 0x00000000000017af
core   0: 0x0000000080005c98 (0x4374dd13) srai    s10, s1, 55
core   0: 1 0x0000000080005c98 (0x4374dd13) x26 0x0000000000000000
core   0: 0x0000000080005c9c (0x00f6a833) slt     a6, a3, a5
core   0: 1 0x0000000080005c9c (0x00f6a833) x16 0x0000000000000001
core   0: 0x0000000080005ca0 (0x0303033b) mulw    t1, t1, a6
core   0: 1 0x0000000080005ca0 (0x0303033b) x6  0x0000000000017fc8
core   0: 0x0000000080005ca4 (0x0245c5bb) divw    a1, a1, tp
core   0: 1 0x0000000080005ca4 (0x0245c5bb) x11 0xfffffffffffec02c
core   0: 0x0000000080005ca8 (0x015b9ab3) sll     s5, s7, s5
core   0: 1 0x0000000080005ca8 (0x015b9ab3) x21 0x00000000000011ad
core   0: 0x0000000080005cac (0x50b6ab17) auipc   s6, 0x50b6a
core   0: 1 0x0000000080005cac (0x50b6ab17) x22 0x00000000d0b6fcac
core   0: 0x0000000080005cb0 (0x0035941b) slliw   s0, a1, 3
core   0: 1 0x0000000080005cb0 (0x0035941b) x8  0xfffffffffff60160
core   0: 0x0000000080005cb4 (0x0009d81b) srliw   a6, s3, 0
core   0: 1 0x0000000080005cb4 (0x0009d81b) x16 0x0000000000000002
core   0: 0x0000000080005cb8 (0x007452b3) srl     t0, s0, t2
core   0: 1 0x0000000080005cb8 (0x007452b3) x5  0x0000000000000001
core   0: 0x0000000080005cbc (0x1b057553) fdiv.d  fa0, fa0, fa6
core   0: 1 0x0000000080005cbc (0x1b057553) f10 0x7ff8000000000000
core   0: 0x0000000080005cc0 (0x017905bb) addw    a1, s2, s7
core   0: 1 0x0000000080005cc0 (0x017905bb) x11 0x00000000000011ab
core   0: 0x0000000080005cc4 (0x00b28b3b) addw    s6, t0, a1
core   0: 1 0x0000000080005cc4 (0x00b28b3b) x22 0x00000000000011ac
core   0: 0x0000000080005cc8 (0x032b30b3) mulhu   ra, s6, s2
core   0: 1 0x0000000080005cc8 (0x032b30b3) x1  0x00000000000011ab
core   0: 0x0000000080005ccc (0xfff97393) andi    t2, s2, -1
core   0: 1 0x0000000080005ccc (0xfff97393) x7  0xfffffffffffffffe
core   0: 0x0000000080005cd0 (0xfb467b4f) fnmadd.d fs6, fa2, fs4, ft11
core   0: 1 0x0000000080005cd0 (0xfb467b4f) f22 0x7ff8000000000000
core   0: 0x0000000080005cd4 (0x01195493) srli    s1, s2, 17
core   0: 1 0x0000000080005cd4 (0x01195493) x9  0x00007fffffffffff
core   0: 0x0000000080005cd8 (0x006d96bb) sllw    a3, s11, t1
core   0: 1 0x0000000080005cd8 (0x006d96bb) x13 0x0000000000000000
core   0: 0x0000000080005cdc (0xd224f353) fcvt.d.l ft6, s1
core   0: 1 0x0000000080005cdc (0xd224f353) f6  0x42dfffffffffffc0
core   0: 0x0000000080005ce0 (0x00108a3b) addw    s4, ra, ra
core   0: 1 0x0000000080005ce0 (0x00108a3b) x20 0x0000000000002356
core   0: 0x0000000080005ce4 (0x03c33ab3) mulhu   s5, t1, t3
core   0: 1 0x0000000080005ce4 (0x03c33ab3) x21 0x0000000000017fc7
core   0: 0x0000000080005ce8 (0x03528cb3) mul     s9, t0, s5
core   0: 1 0x0000000080005ce8 (0x03528cb3) x25 0x0000000000017fc7
core   0: 0x0000000080005cec (0x1b1a7a53) fdiv.d  fs4, fs4, fa7
core   0: 1 0x0000000080005cec (0x1b1a7a53) f20 0x7ff8000000000000
core   0: 0x0000000080005cf0 (0x41290133) sub     sp, s2, s2
core   0: 1 0x0000000080005cf0 (0x41290133) x2  0x0000000000000000
core   0: 0x0000000080005cf4 (0x015ce033) or      zero, s9, s5
core   0: 1 0x0000000080005cf4 (0x015ce033)
core   0: 0x0000000080005cf8 (0xaba57acb) fnmsub.d fs5, fa0, fs10, fs5
core   0: 1 0x0000000080005cf8 (0xaba57acb) f21 0x7ff8000000000000
core   0: 0x0000000080005cfc (0x42030653) fcvt.d.s fa2, ft6
core   0: 1 0x0000000080005cfc (0x42030653) f12 0x7ff8000000000000
core   0: 0x0000000080005d00 (0xc0217153) fcvt.l.s sp, ft2
core   0: 1 0x0000000080005d00 (0xc0217153) c1_fflags 0x0000000000000010 x2  0x7fffffffffffffff
core   0: 0x0000000080005d04 (0x0000894a) c.mv    s2, s2
core   0: 1 0x0000000080005d04 (0x894a) x18 0xfffffffffffffffe
core   0: 0x0000000080005d06 (0xa3abaed3) feq.d   t4, fs7, fs10
core   0: 1 0x0000000080005d06 (0xa3abaed3) x29 0x0000000000000000
core   0: 0x0000000080005d0a (0x0d334397) auipc   t2, 0xd334
core   0: 1 0x0000000080005d0a (0x0d334397) x7  0x000000008d339d0a
core   0: 0x0000000080005d0e (0x83767bcf) fnmadd.d fs7, fa2, fs7, fa6
core   0: 1 0x0000000080005d0e (0x83767bcf) f23 0x7ff8000000000000
core   0: 0x0000000080005d12 (0x40938abb) subw    s5, t2, s1
core   0: 1 0x0000000080005d12 (0x40938abb) x21 0xffffffff8d339d0b
core   0: 0x0000000080005d16 (0xcfc4e813) ori     a6, s1, -772
core   0: 1 0x0000000080005d16 (0xcfc4e813) x16 0xffffffffffffffff
core   0: 0x0000000080005d1a (0x024e3233) mulhu   tp, t3, tp
core   0: 1 0x0000000080005d1a (0x024e3233) x4  0x00000000000033fe
core   0: 0x0000000080005d1e (0xf20a8753) fmv.d.x fa4, s5
core   0: 1 0x0000000080005d1e (0xf20a8753) f14 0xffffffff8d339d0b
core   0: 0x0000000080005d22 (0x036e713b) remuw   sp, t3, s6
core   0: 1 0x0000000080005d22 (0x036e713b) x2  0x0000000000000f03
core   0: 0x0000000080005d26 (0x233a19d3) fsgnjn.d fs3, fs4, fs3
core   0: 1 0x0000000080005d26 (0x233a19d3) f19 0xfff8000000000000
core   0: 0x0000000080005d2a (0xf12a30f3) csrrc   ra, marchid, s4
core   0: exception trap_illegal_instruction, epc 0x0000000080005d2a
core   0:           tval 0x00000000f12a30f3
core   0: >>>>  $xrv64i2p1_m2p0_a2p1_f2p2_d2p2_zicsr2p0_zifencei2p0_zmmul1p0_zba1p0_zbb1p0_zbc1p0_zbs1p0
core   0: 0x0000000080004000 (0x0080006f) j       pc + 0x8
core   0: 3 0x0000000080004000 (0x0080006f)
core   0: >>>>  mmode_exception_handler
core   0: 0x0000000080004008 (0x00002c17) auipc   s8, 0x2
core   0: 3 0x0000000080004008 (0x00002c17) x24 0x0000000080006008
core   0: 0x000000008000400c (0xfeac0c13) addi    s8, s8, -22
core   0: 3 0x000000008000400c (0xfeac0c13) x24 0x0000000080005ff2
core   0: 0x0000000080004010 (0x000c00e7) jalr    s8
core   0: 3 0x0000000080004010 (0x000c00e7) x1  0x0000000080004014
core   0: >>>>  any_handler
core   0: 0x0000000080005ff2 (0x341027f3) csrrs   a5, mepc, zero
core   0: 3 0x0000000080005ff2 (0x341027f3) x15 0x0000000080005d2a
core   0: 0x0000000080005ff6 (0x34202773) csrrs   a4, mcause, zero
core   0: 3 0x0000000080005ff6 (0x34202773) x14 0x0000000000000002
core   0: 0x0000000080005ffa (0x142026f3) csrrs   a3, scause, zero
core   0: 3 0x0000000080005ffa (0x142026f3) x13 0x0000000000000003
core   0: 0x0000000080005ffe (0x30402673) csrrs   a2, mie, zero
core   0: 3 0x0000000080005ffe (0x30402673) x12 0x0000000000000a00
core   0: 0x0000000080006002 (0x344025f3) csrrs   a1, mip, zero
core   0: 3 0x0000000080006002 (0x344025f3) x11 0x0000000000000080
core   0: 0x0000000080006006 (0x343025f3) csrrs   a1, mtval, zero
core   0: 3 0x0000000080006006 (0x343025f3) x11 0x00000000f12a30f3
core   0: 0x000000008000600a (0x14302573) csrrs   a0, stval, zero
core   0: 3 0x000000008000600a (0x14302573) x10 0x0000000000000000
core   0: 0x000000008000600e (0xb02024f3) csrrs   s1, minstret, zero
core   0: 3 0x000000008000600e (0xb02024f3) x9  0x0000000000001234
core   0: 0x0000000080006012 (0x0000a811) c.j     pc + 20
core   0: 3 0x0000000080006012 (0xa811)
core   0: >>>>  mepc_4
core   0: 0x0000000080006026 (0x00000791) c.addi  a5, 4
core   0: 3 0x0000000080006026 (0x0791) x15 0x0000000080005d2e
core   0: 0x0000000080006028 (0x34179073) csrrw   zero, mepc, a5
core   0: 3 0x0000000080006028 (0x34179073) c833_mepc 0x0000000080005d2e
core   0: 0x000000008000602c (0x30200073) mret
core   0: 3 0x000000008000602c (0x30200073) c768_mstatus 0x8000000a00106080
core   0: 0x0000000080005d2e (0x5a08f5d3) fsqrt.d fa1, fa7
core   0: 1 0x0000000080005d2e (0x5a08f5d3) f11 0x7ff8000000000000
core   0: 0x0000000080005d32 (0x02ab623b) remw    tp, s6, a0
core   0: 1 0x0000000080005d32 (0x02ab623b) x4  0x00000000000011ac
core   0: 0x0000000080005d36 (0x104e9cf3) csrrw   s9, sie, t4
core   0: 1 0x0000000080005d36 (0x104e9cf3) x25 0x0000000000000000 c772_mie 0x0000000000000a00
core   0: 0x0000000080005d3a (0x63fa78c7) fmsub.d fa7, fs4, ft11, fa2
core   0: 1 0x0000000080005d3a (0x63fa78c7) f17 0x7ff8000000000000
core   0: 0x0000000080005d3e (0x5a067ad3) fsqrt.d fs5, fa2
core   0: 1 0x0000000080005d3e (0x5a067ad3) f21 0x7ff8000000000000
core   0: 0x0000000080005d42 (0x00102d73) csrrs   s10, fflags, zero
core   0: 1 0x0000000080005d42 (0x00102d73) x26 0x0000000000000010
core   0: 0x0000000080005d46 (0x225f2f53) fsgnjx.d ft10, ft10, ft5
core   0: 1 0x0000000080005d46 (0x225f2f53) f30 0x7ff8000000000000
core   0: 0x0000000080005d4a (0x0154cab3) xor     s5, s1, s5
core   0: 1 0x0000000080005d4a (0x0154cab3) x21 0xffffffff8d338f3f
core   0: 0x0000000080005d4e (0x0116103b) sllw    zero, a2, a7
core   0: 1 0x0000000080005d4e (0x0116103b)
core   0: 0x0000000080005d52 (0x031afab3) remu    s5, s5, a7
core   0: 1 0x0000000080005d52 (0x031afab3) x21 0xffffffff8d338f3f
core   0: 0x0000000080005d56 (0xc038f853) fcvt.lu.s a6, fa7
core   0: 1 0x0000000080005d56 (0xc038f853) c1_fflags 0x0000000000000010 x16 0xffffffffffffffff
core   0: 0x0000000080005d5a (0xf20d82d3) fmv.d.x ft5, s11
core   0: 1 0x0000000080005d5a (0xf20d82d3) f5  0x0000000000000000
core   0: 0x0000000080005d5e (0x00421233) sll     tp, tp, tp
core   0: 1 0x0000000080005d5e (0x00421233) x4  0x011ac00000000000
core   0: 0x0000000080005d62 (0xc23371d3) fcvt.lu.d gp, ft6
core   0: 1 0x0000000080005d62 (0xc23371d3) x3  0x00007fffffffffff
core   0: 0x0000000080005d66 (0xa2228853) fle.d   a6, ft5, ft2
core   0: 1 0x0000000080005d66 (0xa2228853) c1_fflags 0x0000000000000010 x16 0x0000000000000000
core   0: 0x0000000080005d6a (0x1761b2b7) lui     t0, 0x1761b
core   0: 1 0x0000000080005d6a (0x1761b2b7) x5  0x000000001761b000
core   0: 0x0000000080005d6e (0x2b39fd4f) fnmadd.d fs10, fs3, fs3, ft5
core   0: 1 0x0000000080005d6e (0x2b39fd4f) f26 0x7ff8000000000000
core   0: 0x0000000080005d72 (0x037103b3) mul     t2, sp, s7
core   0: 1 0x0000000080005d72 (0x037103b3) x7  0x0000000001095807
core   0: 0x0000000080005d76 (0x7ff28593) addi    a1, t0, 2047
core   0: 1 0x0000000080005d76 (0x7ff28593) x11 0x000000001761b7ff
core   0: 0x0000000080005d7a (0x01b65b3b) srlw    s6, a2, s11
core   0: 1 0x0000000080005d7a (0x01b65b3b) x22 0x0000000000000a00
core   0: 0x0000000080005d7e (0x02fb99b3) mulh    s3, s7, a5
core   0: 1 0x0000000080005d7e (0x02fb99b3) x19 0x0000000000000000
core   0: 0x0000000080005d82 (0x02497ed3) fadd.d  ft9, fs2, ft4
core   0: 1 0x0000000080005d82 (0x02497ed3) f29 0x7ff8000000000000
core   0: 0x0000000080005d86 (0x000b979b) slliw   a5, s7, 0
core   0: 1 0x0000000080005d86 (0x000b979b) x15 0x00000000000011ad
core   0: 0x0000000080005d8a (0x00000001) c.nop
core   0: 1 0x0000000080005d8a (0x0001)
core   0: 0x0000000080005d8c (0x039562bb) remw    t0, a0, s9
core   0: 1 0x0000000080005d8c (0x039562bb) x5  0x0000000000000000
core   0: 0x0000000080005d90 (0xd03cfb53) fcvt.s.lu fs6, s9
core   0: 1 0x0000000080005d90 (0xd03cfb53) f22 0xffffffff00000000
core   0: 0x0000000080005d94 (0xeb390a93) addi    s5, s2, -333
core   0: 1 0x0000000080005d94 (0xeb390a93) x21 0xfffffffffffffeb1
core   0: 0x0000000080005d98 (0x412658b3) sra     a7, a2, s2
core   0: 1 0x0000000080005d98 (0x412658b3) x17 0x0000000000000000
core   0: 0x0000000080005d9c (0x40fa803b) subw    zero, s5, a5
core   0: 1 0x0000000080005d9c (0x40fa803b)
core   0: 0x0000000080005da0 (0x00202c73) csrrs   s8, frm, zero
core   0: 1 0x0000000080005da0 (0x00202c73) x24 0x0000000000000000
core   0: 0x0000000080005da4 (0xb157f413) andi    s0, a5, -1259
core   0: 1 0x0000000080005da4 (0xb157f413) x8  0x0000000000001105
core   0: 0x0000000080005da8 (0x03d5db3b) divuw   s6, a1, t4
core   0: 1 0x0000000080005da8 (0x03d5db3b) x22 0xffffffffffffffff
core   0: 0x0000000080005dac (0xd39cfcc3) fmadd.d fs9, fs9, fs9, fs10
core   0: 1 0x0000000080005dac (0xd39cfcc3) f25 0x7ff8000000000000
core   0: 0x0000000080005db0 (0x00c208b3) add     a7, tp, a2
core   0: 1 0x0000000080005db0 (0x00c208b3) x17 0x011ac00000000a00
core   0: 0x0000000080005db4 (0x1bca7953) fdiv.d  fs2, fs4, ft8
core   0: 1 0x0000000080005db4 (0x1bca7953) f18 0x7ff8000000000000
core   0: 0x0000000080005db8 (0x01cacab3) xor     s5, s5, t3
core   0: 1 0x0000000080005db8 (0x01cacab3) x21 0x000000000000014e
core   0: 0x0000000080005dbc (0x0bcdfe53) fsub.d  ft8, fs11, ft8
core   0: 1 0x0000000080005dbc (0x0bcdfe53) f28 0x7ff8000000000000
core   0: 0x0000000080005dc0 (0x22c5ac53) fsgnjx.d fs8, fa1, fa2
core   0: 1 0x0000000080005dc0 (0x22c5ac53) f24 0x7ff8000000000000
core   0: 0x0000000080005dc4 (0x000b6b13) ori     s6, s6, 0
core   0: 1 0x0000000080005dc4 (0x000b6b13) x22 0xffffffffffffffff
core   0: 0x0000000080005dc8 (0x6b657ccf) fnmadd.d fs9, fa0, fs6, fa3
core   0: 1 0x0000000080005dc8 (0x6b657ccf) f25 0x7ff8000000000000
core   0: 0x0000000080005dcc (0x2bcc97d3) fmax.d  fa5, fs9, ft8
core   0: 1 0x0000000080005dcc (0x2bcc97d3) f15 0x7ff8000000000000
core   0: 0x0000000080005dd0 (0x8d4bf893) andi    a7, s7, -1836
core   0: 1 0x0000000080005dd0 (0x8d4bf893) x17 0x0000000000001084
core   0: 0x0000000080005dd4 (0xfa9bffcb) fnmsub.d ft11, fs7, fs1, ft11
core   0: 1 0x0000000080005dd4 (0xfa9bffcb) f31 0x7ff8000000000000
core   0: 0x0000000080005dd8 (0x229408d3) fsgnj.d fa7, fs0, fs1
core   0: 1 0x0000000080005dd8 (0x229408d3) f17 0x7ff8000000000000
core   0: 0x0000000080005ddc (0x027222b3) mulhsu  t0, tp, t2
core   0: 1 0x0000000080005ddc (0x027222b3) x5  0x0000000000012511
core   0: 0x0000000080005de0 (0x03855dbb) divuw   s11, a0, s8
core   0: 1 0x0000000080005de0 (0x03855dbb) x27 0xffffffffffffffff
core   0: 0x0000000080005de4 (0x038777bb) remuw   a5, a4, s8
core   0: 1 0x0000000080005de4 (0x038777bb) x15 0x0000000000000002
core   0: 0x0000000080005de8 (0x4006063b) subw    a2, a2, zero
core   0: 1 0x0000000080005de8 (0x4006063b) x12 0x0000000000000a00
core   0: 0x0000000080005dec (0x0097e833) or      a6, a5, s1
core   0: 1 0x0000000080005dec (0x0097e833) x16 0x0000000000001236
core   0: 0x0000000080005df0 (0xfc476ab7) lui     s5, 0xfc476
core   0: 1 0x0000000080005df0 (0xfc476ab7) x21 0xfffffffffc476000
core   0: 0x0000000080005df4 (0x993a8a9b) addiw   s5, s5, -1645
core   0: 1 0x0000000080005df4 (0x993a8a9b) x21 0xfffffffffc475993
core   0: 0x0000000080005df8 (0x00000ab2) c.slli  s5, 12
core   0: 1 0x0000000080005df8 (0x0ab2) x21 0xffffffc475993000
core   0: 0x0000000080005dfa (0x3cca8a93) addi    s5, s5, 972
core   0: 1 0x0000000080005dfa (0x3cca8a93) x21 0xffffffc4759933cc
core   0: 0x0000000080005dfe (0x13137cd3) fmul.d  fs9, ft6, fa7
core   0: 1 0x0000000080005dfe (0x13137cd3) f25 0x7ff8000000000000
core   0: 0x0000000080005e02 (0x0004591b) srliw   s2, s0, 0
core   0: 1 0x0000000080005e02 (0x0004591b) x18 0x0000000000001105
core   0: 0x0000000080005e06 (0x0321d1b3) divu    gp, gp, s2
core   0: 1 0x0000000080005e06 (0x0321d1b3) x3  0x0000000785514273
core   0: 0x0000000080005e0a (0x0113d39b) srliw   t2, t2, 17
core   0: 1 0x0000000080005e0a (0x0113d39b) x7  0x0000000000000084
core   0: 0x0000000080005e0e (0x01f3921b) slliw   tp, t2, 31
core   0: 1 0x0000000080005e0e (0x01f3921b) x4  0x0000000000000000
core   0: 0x0000000080005e12 (0x400a073b) subw    a4, s4, zero
core   0: 1 0x0000000080005e12 (0x400a073b) x14 0x0000000000002356
core   0: 0x0000000080005e16 (0xf9ebe917) auipc   s2, 0xf9ebe
core   0: 1 0x0000000080005e16 (0xf9ebe917) x18 0x0000000079ec3e16
core   0: 0x0000000080005e1a (0x7ff9011b) addiw   sp, s2, 2047
core   0: 1 0x0000000080005e1a (0x7ff9011b) x2  0x0000000079ec4615
core   0: 0x0000000080005e1e (0x140b3c73) csrrc   s8, sscratch, s6
core   0: 1 0x0000000080005e1e (0x140b3c73) x24 0x0000000000000016 c320_sscratch 0x0000000000000000
core   0: 0x0000000080005e22 (0x41fadd1b) sraiw   s10, s5, 31
core   0: 1 0x0000000080005e22 (0x41fadd1b) x26 0x0000000000000000
core   0: 0x0000000080005e26 (0x03aa7b33) remu    s6, s4, s10
core   0: 1 0x0000000080005e26 (0x03aa7b33) x22 0x0000000000002356
core   0: 0x0000000080005e2a (0xd22076d3) fcvt.d.l fa3, zero
core   0: 1 0x0000000080005e2a (0xd22076d3) f13 0x0000000000000000
core   0: 0x0000000080005e2e (0x03014c3b) divw    s8, sp, a6
core   0: 1 0x0000000080005e2e (0x03014c3b) x24 0x000000000006b1ee
core   0: 0x0000000080005e32 (0x416e513b) sraw    sp, t3, s6
core   0: 1 0x0000000080005e32 (0x416e513b) x2  0xffffffffffffffff
core   0: 0x0000000080005e36 (0x9f387e93) andi    t4, a6, -1549
core   0: 1 0x0000000080005e36 (0x9f387e93) x29 0x0000000000001032
core   0: 0x0000000080005e3a (0x0240d0bb) divuw   ra, ra, tp
core   0: 1 0x0000000080005e3a (0x0240d0bb) x1  0xffffffffffffffff
core   0: 0x0000000080005e3e (0x4010fdd3) fcvt.s.d fs11, ft1
core   0: 1 0x0000000080005e3e (0x4010fdd3) f27 0xffffffff7fc00000
core   0: 0x0000000080005e42 (0x0265d5bb) divuw   a1, a1, t1
core   0: 1 0x0000000080005e42 (0x0265d5bb) x11 0x0000000000000f98
core   0: 0x0000000080005e46 (0x02ab4733) div     a4, s6, a0
core   0: 1 0x0000000080005e46 (0x02ab4733) x14 0xffffffffffffffff
core   0: 0x0000000080005e4a (0x000092b9) c.srli  a3, 46
core   0: 1 0x0000000080005e4a (0x92b9) x13 0x0000000000000000
core   0: 0x0000000080005e4c (0x00cd0eb3) add     t4, s10, a2
core   0: 1 0x0000000080005e4c (0x00cd0eb3) x29 0x0000000000000a00
core   0: 0x0000000080005e50 (0xc226fd53) fcvt.l.d s10, fa3
core   0: 1 0x0000000080005e50 (0xc226fd53) x26 0x0000000000000000
core   0: 0x0000000080005e54 (0x03fdd013) srli    zero, s11, 63
core   0: 1 0x0000000080005e54 (0x03fdd013)
core   0: 0x0000000080005e58 (0xd21d08d3) fcvt.d.wu fa7, s10
core   0: 1 0x0000000080005e58 (0xd21d08d3) f17 0x0000000000000000
core   0: 0x0000000080005e5c (0x71c00a1b) addiw   s4, zero, 1820
core   0: 1 0x0000000080005e5c (0x71c00a1b) x20 0x000000000000071c
core   0: 0x0000000080005e60 (0x003a8abb) addw    s5, s5, gp
core   0: 1 0x0000000080005e60 (0x003a8abb) x21 0xfffffffffaea763f
core   0: 0x0000000080005e64 (0xf7fb6093) ori     ra, s6, -129
core   0: 1 0x0000000080005e64 (0xf7fb6093) x1  0xffffffffffffff7f
core   0: 0x0000000080005e68 (0x008e97bb) sllw    a5, t4, s0
core   0: 1 0x0000000080005e68 (0x008e97bb) x15 0x0000000000014000
core   0: 0x0000000080005e6c (0x02dee333) rem     t1, t4, a3
core   0: 1 0x0000000080005e6c (0x02dee333) x6  0x0000000000000a00
core   0: 0x0000000080005e70 (0x00202173) csrrs   sp, frm, zero
core   0: 1 0x0000000080005e70 (0x00202173) x2  0x0000000000000000
core   0: 0x0000000080005e74 (0x0ff0000f) fence   iorw,iorw
core   0: 1 0x0000000080005e74 (0x0ff0000f)
core   0: 0x0000000080005e78 (0xc22478d3) fcvt.l.d a7, fs0
core   0: 1 0x0000000080005e78 (0xc22478d3) c1_fflags 0x0000000000000010 x17 0x7fffffffffffffff
core   0: 0x0000000080005e7c (0x0ff0000f) fence   iorw,iorw
core   0: 1 0x0000000080005e7c (0x0ff0000f)
core   0: 0x0000000080005e80 (0x0288f053) fadd.d  ft0, fa7, fs0
core   0: 1 0x0000000080005e80 (0x0288f053) f0  0x7ff8000000000000
core   0: 0x0000000080005e84 (0x00219473) csrrw   s0, frm, gp
core   0: 1 0x0000000080005e84 (0x00219473) x8  0x0000000000000000 c2_frm 0x0000000000000003
core   0: 0x0000000080005e88 (0x036e7733) remu    a4, t3, s6
core   0: 1 0x0000000080005e88 (0x036e7733) x14 0x000000000000174b
core   0: 0x0000000080005e8c (0x03610cb3) mul     s9, sp, s6
core   0: 1 0x0000000080005e8c (0x03610cb3) x25 0x0000000000000000
core   0: 0x0000000080005e90 (0x026d1713) slli    a4, s10, 38
core   0: 1 0x0000000080005e90 (0x026d1713) x14 0x0000000000000000
core   0: 0x0000000080005e94 (0x42000153) fcvt.d.s ft2, ft0
core   0: 1 0x0000000080005e94 (0x42000153) f2  0x7ff8000000000000
core   0: 0x0000000080005e98 (0x004a6333) or      t1, s4, tp
core   0: 1 0x0000000080005e98 (0x004a6333) x6  0x000000000000071c
core   0: 0x0000000080005e9c (0x03460a3b) mulw    s4, a2, s4
core   0: 1 0x0000000080005e9c (0x03460a3b) x20 0x0000000000471800
core   0: 0x0000000080005ea0 (0xeb717bcb) fnmsub.d fs7, ft2, fs7, ft9
core   0: 1 0x0000000080005ea0 (0xeb717bcb) f23 0x7ff8000000000000
core   0: 0x0000000080005ea4 (0x420f09d3) fcvt.d.s fs3, ft10
core   0: 1 0x0000000080005ea4 (0x420f09d3) f19 0x7ff8000000000000
core   0: 0x0000000080005ea8 (0x000cd59b) srliw   a1, s9, 0
core   0: 1 0x0000000080005ea8 (0x000cd59b) x11 0x0000000000000000
core   0: 0x0000000080005eac (0x23048353) fsgnj.d ft6, fs1, fa6
core   0: 1 0x0000000080005eac (0x23048353) f6  0x0000000000000000
core   0: 0x0000000080005eb0 (0x94ae39b7) lui     s3, 0x94ae3
core   0: 1 0x0000000080005eb0 (0x94ae39b7) x19 0xffffffff94ae3000
core   0: 0x0000000080005eb4 (0x0275a7b3) mulhsu  a5, a1, t2
core   0: 1 0x0000000080005eb4 (0x0275a7b3) x15 0x0000000000000000
core   0: 0x0000000080005eb8 (0x02cc5e93) srli    t4, s8, 44
core   0: 1 0x0000000080005eb8 (0x02cc5e93) x29 0x0000000000000000
core   0: 0x0000000080005ebc (0x2b560953) fmin.d  fs2, fa2, fs5
core   0: 1 0x0000000080005ebc (0x2b560953) f18 0x7ff8000000000000
core   0: 0x0000000080005ec0 (0x012e983b) sllw    a6, t4, s2
core   0: 1 0x0000000080005ec0 (0x012e983b) x16 0x0000000000000000
core   0: 0x0000000080005ec4 (0xc203f253) fcvt.w.d tp, ft7
core   0: 1 0x0000000080005ec4 (0xc203f253) x4  0xffffffff80005b5c
core   0: 0x0000000080005ec8 (0x02a3593b) divuw   s2, t1, a0
core   0: 1 0x0000000080005ec8 (0x02a3593b) x18 0xffffffffffffffff
core   0: 0x0000000080005ecc (0x227cacd3) fsgnjx.d fs9, fs9, ft7
core   0: 1 0x0000000080005ecc (0x227cacd3) f25 0xfff8000000000000
core   0: 0x0000000080005ed0 (0x41bdd7b3) sra     a5, s11, s11
core   0: 1 0x0000000080005ed0 (0x41bdd7b3) x15 0xffffffffffffffff
core   0: 0x0000000080005ed4 (0x4212d213) srai    tp, t0, 33
core   0: 1 0x0000000080005ed4 (0x4212d213) x4  0x0000000000000000
core   0: 0x0000000080005ed8 (0x005b2233) slt     tp, s6, t0
core   0: 1 0x0000000080005ed8 (0x005b2233) x4  0x0000000000000001
core   0: 0x0000000080005edc (0xf11ebcf3) csrrc   s9, mvendorid, t4
core   0: exception trap_illegal_instruction, epc 0x0000000080005edc
core   0:           tval 0x00000000f11ebcf3
core   0: >>>>  $xrv64i2p1_m2p0_a2p1_f2p2_d2p2_zicsr2p0_zifencei2p0_zmmul1p0_zba1p0_zbb1p0_zbc1p0_zbs1p0
core   0: 0x0000000080004000 (0x0080006f) j       pc + 0x8
core   0: 3 0x0000000080004000 (0x0080006f)
core   0: >>>>  mmode_exception_handler
core   0: 0x0000000080004008 (0x00002c17) auipc   s8, 0x2
core   0: 3 0x0000000080004008 (0x00002c17) x24 0x0000000080006008
core   0: 0x000000008000400c (0xfeac0c13) addi    s8, s8, -22
core   0: 3 0x000000008000400c (0xfeac0c13) x24 0x0000000080005ff2
core   0: 0x0000000080004010 (0x000c00e7) jalr    s8
core   0: 3 0x0000000080004010 (0x000c00e7) x1  0x0000000080004014
core   0: >>>>  any_handler
core   0: 0x0000000080005ff2 (0x341027f3) csrrs   a5, mepc, zero
core   0: 3 0x0000000080005ff2 (0x341027f3) x15 0x0000000080005edc
core   0: 0x0000000080005ff6 (0x34202773) csrrs   a4, mcause, zero
core   0: 3 0x0000000080005ff6 (0x34202773) x14 0x0000000000000002
core   0: 0x0000000080005ffa (0x142026f3) csrrs   a3, scause, zero
core   0: 3 0x0000000080005ffa (0x142026f3) x13 0x0000000000000003
core   0: 0x0000000080005ffe (0x30402673) csrrs   a2, mie, zero
core   0: 3 0x0000000080005ffe (0x30402673) x12 0x0000000000000a00
core   0: 0x0000000080006002 (0x344025f3) csrrs   a1, mip, zero
core   0: 3 0x0000000080006002 (0x344025f3) x11 0x0000000000000080
core   0: 0x0000000080006006 (0x343025f3) csrrs   a1, mtval, zero
core   0: 3 0x0000000080006006 (0x343025f3) x11 0x00000000f11ebcf3
core   0: 0x000000008000600a (0x14302573) csrrs   a0, stval, zero
core   0: 3 0x000000008000600a (0x14302573) x10 0x0000000000000000
core   0: 0x000000008000600e (0xb02024f3) csrrs   s1, minstret, zero
core   0: 3 0x000000008000600e (0xb02024f3) x9  0x00000000000012b1
core   0: 0x0000000080006012 (0x0000a811) c.j     pc + 20
core   0: 3 0x0000000080006012 (0xa811)
core   0: >>>>  mepc_4
core   0: 0x0000000080006026 (0x00000791) c.addi  a5, 4
core   0: 3 0x0000000080006026 (0x0791) x15 0x0000000080005ee0
core   0: 0x0000000080006028 (0x34179073) csrrw   zero, mepc, a5
core   0: 3 0x0000000080006028 (0x34179073) c833_mepc 0x0000000080005ee0
core   0: 0x000000008000602c (0x30200073) mret
core   0: 3 0x000000008000602c (0x30200073) c768_mstatus 0x8000000a00106080
core   0: 0x0000000080005ee0 (0x0018839b) addiw   t2, a7, 1
core   0: 1 0x0000000080005ee0 (0x0018839b) x7  0x0000000000000000
core   0: 0x0000000080005ee4 (0x01f7db9b) srliw   s7, a5, 31
core   0: 1 0x0000000080005ee4 (0x01f7db9b) x23 0x0000000000000001
core   0: 0x0000000080005ee8 (0x01d07eb7) lui     t4, 0x1d07
core   0: 1 0x0000000080005ee8 (0x01d07eb7) x29 0x0000000001d07000
core   0: 0x0000000080005eec (0x00002edd) c.addiw t4, 23
core   0: 1 0x0000000080005eec (0x2edd) x29 0x0000000001d07017
core   0: 0x0000000080005eee (0x00000eb6) c.slli  t4, 13
core   0: 1 0x0000000080005eee (0x0eb6) x29 0x0000003a0e02e000
core   0: 0x0000000080005ef0 (0xe99e8e93) addi    t4, t4, -359
core   0: 1 0x0000000080005ef0 (0xe99e8e93) x29 0x0000003a0e02de99
core   0: 0x0000000080005ef4 (0x4170dbb3) sra     s7, ra, s7
core   0: 1 0x0000000080005ef4 (0x4170dbb3) x23 0x000000004000200a
core   0: 0x0000000080005ef8 (0x41f3501b) sraiw   zero, t1, 31
core   0: 1 0x0000000080005ef8 (0x41f3501b)
core   0: 0x0000000080005efc (0x42060cd3) fcvt.d.s fs9, fa2
core   0: 1 0x0000000080005efc (0x42060cd3) f25 0x7ff8000000000000
core   0: 0x0000000080005f00 (0x406b863b) subw    a2, s7, t1
core   0: 1 0x0000000080005f00 (0x406b863b) x12 0x00000000400018ee
core   0: 0x0000000080005f04 (0x0ff0000f) fence   iorw,iorw
core   0: 1 0x0000000080005f04 (0x0ff0000f)
core   0: 0x0000000080005f08 (0x4004d493) srai    s1, s1, 0
core   0: 1 0x0000000080005f08 (0x4004d493) x9  0x00000000000012b1
core   0: 0x0000000080005f0c (0x0384e4b3) rem     s1, s1, s8
core   0: 1 0x0000000080005f0c (0x0384e4b3) x9  0x00000000000012b1
core   0: 0x0000000080005f10 (0x00000001) c.nop
core   0: 1 0x0000000080005f10 (0x0001)
core   0: 0x0000000080005f12 (0x017a1013) slli    zero, s4, 23
core   0: 1 0x0000000080005f12 (0x017a1013)
core   0: 0x0000000080005f16 (0xe0357393) andi    t2, a0, -509
core   0: 1 0x0000000080005f16 (0xe0357393) x7  0x0000000000000000
core   0: 0x0000000080005f1a (0x00051593) slli    a1, a0, 0
core   0: 1 0x0000000080005f1a (0x00051593) x11 0x0000000000000000
core   0: 0x0000000080005f1e (0x3443a073) csrrs   zero, mip, t2
core   0: exception trap_illegal_instruction, epc 0x0000000080005f1e
core   0:           tval 0x000000003443a073
core   0: >>>>  $xrv64i2p1_m2p0_a2p1_f2p2_d2p2_zicsr2p0_zifencei2p0_zmmul1p0_zba1p0_zbb1p0_zbc1p0_zbs1p0
core   0: 0x0000000080004000 (0x0080006f) j       pc + 0x8
core   0: 3 0x0000000080004000 (0x0080006f)
core   0: >>>>  mmode_exception_handler
core   0: 0x0000000080004008 (0x00002c17) auipc   s8, 0x2
core   0: 3 0x0000000080004008 (0x00002c17) x24 0x0000000080006008
core   0: 0x000000008000400c (0xfeac0c13) addi    s8, s8, -22
core   0: 3 0x000000008000400c (0xfeac0c13) x24 0x0000000080005ff2
core   0: 0x0000000080004010 (0x000c00e7) jalr    s8
core   0: 3 0x0000000080004010 (0x000c00e7) x1  0x0000000080004014
core   0: >>>>  any_handler
core   0: 0x0000000080005ff2 (0x341027f3) csrrs   a5, mepc, zero
core   0: 3 0x0000000080005ff2 (0x341027f3) x15 0x0000000080005f1e
core   0: 0x0000000080005ff6 (0x34202773) csrrs   a4, mcause, zero
core   0: 3 0x0000000080005ff6 (0x34202773) x14 0x0000000000000002
core   0: 0x0000000080005ffa (0x142026f3) csrrs   a3, scause, zero
core   0: 3 0x0000000080005ffa (0x142026f3) x13 0x0000000000000003
core   0: 0x0000000080005ffe (0x30402673) csrrs   a2, mie, zero
core   0: 3 0x0000000080005ffe (0x30402673) x12 0x0000000000000a00
core   0: 0x0000000080006002 (0x344025f3) csrrs   a1, mip, zero
core   0: 3 0x0000000080006002 (0x344025f3) x11 0x0000000000000080
core   0: 0x0000000080006006 (0x343025f3) csrrs   a1, mtval, zero
core   0: 3 0x0000000080006006 (0x343025f3) x11 0x000000003443a073
core   0: 0x000000008000600a (0x14302573) csrrs   a0, stval, zero
core   0: 3 0x000000008000600a (0x14302573) x10 0x0000000000000000
core   0: 0x000000008000600e (0xb02024f3) csrrs   s1, minstret, zero
core   0: 3 0x000000008000600e (0xb02024f3) x9  0x00000000000012d2
core   0: 0x0000000080006012 (0x0000a811) c.j     pc + 20
core   0: 3 0x0000000080006012 (0xa811)
core   0: >>>>  mepc_4
core   0: 0x0000000080006026 (0x00000791) c.addi  a5, 4
core   0: 3 0x0000000080006026 (0x0791) x15 0x0000000080005f22
core   0: 0x0000000080006028 (0x34179073) csrrw   zero, mepc, a5
core   0: 3 0x0000000080006028 (0x34179073) c833_mepc 0x0000000080005f22
core   0: 0x000000008000602c (0x30200073) mret
core   0: 3 0x000000008000602c (0x30200073) c768_mstatus 0x8000000a00106080
core   0: 0x0000000080005f22 (0x0397bcb3) mulhu   s9, a5, s9
core   0: 1 0x0000000080005f22 (0x0397bcb3) x25 0x0000000000000000
core   0: 0x0000000080005f26 (0xf114f773) csrrci  a4, mvendorid, 9
core   0: exception trap_illegal_instruction, epc 0x0000000080005f26
core   0:           tval 0x00000000f114f773
core   0: >>>>  $xrv64i2p1_m2p0_a2p1_f2p2_d2p2_zicsr2p0_zifencei2p0_zmmul1p0_zba1p0_zbb1p0_zbc1p0_zbs1p0
core   0: 0x0000000080004000 (0x0080006f) j       pc + 0x8
core   0: 3 0x0000000080004000 (0x0080006f)
core   0: >>>>  mmode_exception_handler
core   0: 0x0000000080004008 (0x00002c17) auipc   s8, 0x2
core   0: 3 0x0000000080004008 (0x00002c17) x24 0x0000000080006008
core   0: 0x000000008000400c (0xfeac0c13) addi    s8, s8, -22
core   0: 3 0x000000008000400c (0xfeac0c13) x24 0x0000000080005ff2
core   0: 0x0000000080004010 (0x000c00e7) jalr    s8
core   0: 3 0x0000000080004010 (0x000c00e7) x1  0x0000000080004014
core   0: >>>>  any_handler
core   0: 0x0000000080005ff2 (0x341027f3) csrrs   a5, mepc, zero
core   0: 3 0x0000000080005ff2 (0x341027f3) x15 0x0000000080005f26
core   0: 0x0000000080005ff6 (0x34202773) csrrs   a4, mcause, zero
core   0: 3 0x0000000080005ff6 (0x34202773) x14 0x0000000000000002
core   0: 0x0000000080005ffa (0x142026f3) csrrs   a3, scause, zero
core   0: 3 0x0000000080005ffa (0x142026f3) x13 0x0000000000000003
core   0: 0x0000000080005ffe (0x30402673) csrrs   a2, mie, zero
core   0: 3 0x0000000080005ffe (0x30402673) x12 0x0000000000000a00
core   0: 0x0000000080006002 (0x344025f3) csrrs   a1, mip, zero
core   0: 3 0x0000000080006002 (0x344025f3) x11 0x0000000000000080
core   0: 0x0000000080006006 (0x343025f3) csrrs   a1, mtval, zero
core   0: 3 0x0000000080006006 (0x343025f3) x11 0x00000000f114f773
core   0: 0x000000008000600a (0x14302573) csrrs   a0, stval, zero
core   0: 3 0x000000008000600a (0x14302573) x10 0x0000000000000000
core   0: 0x000000008000600e (0xb02024f3) csrrs   s1, minstret, zero
core   0: 3 0x000000008000600e (0xb02024f3) x9  0x00000000000012e3
core   0: 0x0000000080006012 (0x0000a811) c.j     pc + 20
core   0: 3 0x0000000080006012 (0xa811)
core   0: >>>>  mepc_4
core   0: 0x0000000080006026 (0x00000791) c.addi  a5, 4
core   0: 3 0x0000000080006026 (0x0791) x15 0x0000000080005f2a
core   0: 0x0000000080006028 (0x34179073) csrrw   zero, mepc, a5
core   0: 3 0x0000000080006028 (0x34179073) c833_mepc 0x0000000080005f2a
core   0: 0x000000008000602c (0x30200073) mret
core   0: 3 0x000000008000602c (0x30200073) c768_mstatus 0x8000000a00106080
core   0: 0x0000000080005f2a (0xd2307453) fcvt.d.lu fs0, zero
core   0: 1 0x0000000080005f2a (0xd2307453) f8  0x0000000000000000
core   0: 0x0000000080005f2e (0x0e7ee613) ori     a2, t4, 231
core   0: 1 0x0000000080005f2e (0x0e7ee613) x12 0x0000003a0e02deff
core   0: 0x0000000080005f32 (0x00eed73b) srlw    a4, t4, a4
core   0: 1 0x0000000080005f32 (0x00eed73b) x14 0x000000000380b7a6
core   0: 0x0000000080005f36 (0x015ed0b3) srl     ra, t4, s5
core   0: 1 0x0000000080005f36 (0x015ed0b3) x1  0x0000000000000000
core   0: 0x0000000080005f3a (0xdd996c13) ori     s8, s2, -551
core   0: 1 0x0000000080005f3a (0xdd996c13) x24 0xffffffffffffffff
core   0: 0x0000000080005f3e (0x0221d1b3) divu    gp, gp, sp
core   0: 1 0x0000000080005f3e (0x0221d1b3) x3  0xffffffffffffffff
core   0: 0x0000000080005f42 (0x42f8f7cb) fnmsub.d fa5, fa7, fa5, fs0
core   0: 1 0x0000000080005f42 (0x42f8f7cb) f15 0x7ff8000000000000
core   0: 0x0000000080005f46 (0x00fbd9b3) srl     s3, s7, a5
core   0: 1 0x0000000080005f46 (0x00fbd9b3) x19 0x0000000000000000
core   0: 0x0000000080005f4a (0x06f7b337) lui     t1, 0x6f7b
core   0: 1 0x0000000080005f4a (0x06f7b337) x6  0x0000000006f7b000
core   0: 0x0000000080005f4e (0x44b3031b) addiw   t1, t1, 1099
core   0: 1 0x0000000080005f4e (0x44b3031b) x6  0x0000000006f7b44b
core   0: 0x0000000080005f52 (0x00000332) c.slli  t1, 12
core   0: 1 0x0000000080005f52 (0x0332) x6  0x0000006f7b44b000
core   0: 0x0000000080005f54 (0x6dc30313) addi    t1, t1, 1756
core   0: 1 0x0000000080005f54 (0x6dc30313) x6  0x0000006f7b44b6dc
core   0: 0x0000000080005f58 (0x5a04f053) fsqrt.d ft0, fs1
core   0: 1 0x0000000080005f58 (0x5a04f053) f0  0x0000000000000000
core   0: 0x0000000080005f5c (0xc0307d53) fcvt.lu.s s10, ft0
core   0: 1 0x0000000080005f5c (0xc0307d53) c1_fflags 0x0000000000000010 x26 0xffffffffffffffff
core   0: 0x0000000080005f60 (0x013309bb) addw    s3, t1, s3
core   0: 1 0x0000000080005f60 (0x013309bb) x19 0x000000007b44b6dc
core   0: 0x0000000080005f64 (0x6729c393) xori    t2, s3, 1650
core   0: 1 0x0000000080005f64 (0x6729c393) x7  0x000000007b44b0ae
core   0: 0x0000000080005f68 (0x02d967b3) rem     a5, s2, a3
core   0: 1 0x0000000080005f68 (0x02d967b3) x15 0xffffffffffffffff
core   0: 0x0000000080005f6c (0x03407953) fadd.d  fs2, ft0, fs4
core   0: 1 0x0000000080005f6c (0x03407953) f18 0x7ff8000000000000
core   0: 0x0000000080005f70 (0xd037f1d3) fcvt.s.lu ft3, a5
core   0: 1 0x0000000080005f70 (0xd037f1d3) c1_fflags 0x0000000000000011 f3  0xffffffff5f800000
core   0: 0x0000000080005f74 (0x00000001) c.nop
core   0: 1 0x0000000080005f74 (0x0001)
core   0: 0x0000000080005f76 (0xc03177d3) fcvt.lu.s a5, ft2
core   0: 1 0x0000000080005f76 (0xc03177d3) c1_fflags 0x0000000000000011 x15 0xffffffffffffffff
core   0: 0x0000000080005f7a (0x02a37b3b) remuw   s6, t1, a0
core   0: 1 0x0000000080005f7a (0x02a37b3b) x22 0x000000007b44b6dc
core   0: 0x0000000080005f7e (0x9f8ab737) lui     a4, 0x9f8ab
core   0: 1 0x0000000080005f7e (0x9f8ab737) x14 0xffffffff9f8ab000
core   0: 0x0000000080005f82 (0x40d5083b) subw    a6, a0, a3
core   0: 1 0x0000000080005f82 (0x40d5083b) x16 0xfffffffffffffffd
core   0: 0x0000000080005f86 (0x002b0abb) addw    s5, s6, sp
core   0: 1 0x0000000080005f86 (0x002b0abb) x21 0x000000007b44b6dc
core   0: 0x0000000080005f8a (0x03894933) div     s2, s2, s8
core   0: 1 0x0000000080005f8a (0x03894933) x18 0x0000000000000001
core   0: 0x0000000080005f8e (0x02846db3) rem     s11, s0, s0
core   0: 1 0x0000000080005f8e (0x02846db3) x27 0x0000000000000000
core   0: 0x0000000080005f92 (0x7ff1051b) addiw   a0, sp, 2047
core   0: 1 0x0000000080005f92 (0x7ff1051b) x10 0x00000000000007ff
core   0: 0x0000000080005f96 (0x00be95b3) sll     a1, t4, a1
core   0: 1 0x0000000080005f96 (0x00be95b3) x11 0xf4c8000000000000
core   0: 0x0000000080005f9a (0xd21e84d3) fcvt.d.wu fs1, t4
core   0: 1 0x0000000080005f9a (0xd21e84d3) f9  0x41ac05bd32000000
core   0: 0x0000000080005f9e (0x406cd7bb) sraw    a5, s9, t1
core   0: 1 0x0000000080005f9e (0x406cd7bb) x15 0x0000000000000000
core   0: 0x0000000080005fa2 (0xd22672d3) fcvt.d.l ft5, a2
core   0: 1 0x0000000080005fa2 (0xd22672d3) f5  0x424d07016f7f8000
core   0: 0x0000000080005fa6 (0x00000001) c.nop
core   0: 1 0x0000000080005fa6 (0x0001)
core   0: 0x0000000080005fa8 (0x0027943b) sllw    s0, a5, sp
core   0: 1 0x0000000080005fa8 (0x0027943b) x8  0x0000000000000000
core   0: 0x0000000080005fac (0x0031ebb3) or      s7, gp, gp
core   0: 1 0x0000000080005fac (0x0031ebb3) x23 0xffffffffffffffff
core   0: 0x0000000080005fb0 (0xc2117ed3) fcvt.wu.d t4, ft2
core   0: 1 0x0000000080005fb0 (0xc2117ed3) c1_fflags 0x0000000000000011 x29 0xffffffffffffffff
core   0: 0x0000000080005fb4 (0x41d850bb) sraw    ra, a6, t4
core   0: 1 0x0000000080005fb4 (0x41d850bb) x1  0xffffffffffffffff
core   0: 0x0000000080005fb8 (0x00067b93) andi    s7, a2, 0
core   0: 1 0x0000000080005fb8 (0x00067b93) x23 0x0000000000000000
core   0: 0x0000000080005fbc (0x40dbdbbb) sraw    s7, s7, a3
core   0: 1 0x0000000080005fbc (0x40dbdbbb) x23 0x0000000000000000
core   0: 0x0000000080005fc0 (0x03ad0d33) mul     s10, s10, s10
core   0: 1 0x0000000080005fc0 (0x03ad0d33) x26 0x0000000000000001
core   0: 0x0000000080005fc4 (0x001025f3) csrrs   a1, fflags, zero
core   0: 1 0x0000000080005fc4 (0x001025f3) x11 0x0000000000000011
core   0: 0x0000000080005fc8 (0x00e953b3) srl     t2, s2, a4
core   0: 1 0x0000000080005fc8 (0x00e953b3) x7  0x0000000000000001
core   0: 0x0000000080005fcc (0x0ff0000f) fence   iorw,iorw
core   0: 1 0x0000000080005fcc (0x0ff0000f)
core   0: 0x0000000080005fd0 (0x419d5cb3) sra     s9, s10, s9
core   0: 1 0x0000000080005fd0 (0x419d5cb3) x25 0x0000000000000001
core   0: 0x0000000080005fd4 (0xd22a7f53) fcvt.d.l ft10, s4
core   0: 1 0x0000000080005fd4 (0xd22a7f53) f30 0x4151c60000000000
core   0: 0x0000000080005fd8 (0x0151dabb) srlw    s5, gp, s5
core   0: 1 0x0000000080005fd8 (0x0151dabb) x21 0x000000000000000f
core   0: 0x0000000080005fdc (0xc22df653) fcvt.l.d a2, fs11
core   0: 1 0x0000000080005fdc (0xc22df653) c1_fflags 0x0000000000000011 x12 0x7fffffffffffffff
core   0: 0x0000000080005fe0 (0x320be973) csrrsi  s2, mcountinhibit, 23
core   0: exception trap_illegal_instruction, epc 0x0000000080005fe0
core   0:           tval 0x00000000320be973
core   0: >>>>  $xrv64i2p1_m2p0_a2p1_f2p2_d2p2_zicsr2p0_zifencei2p0_zmmul1p0_zba1p0_zbb1p0_zbc1p0_zbs1p0
core   0: 0x0000000080004000 (0x0080006f) j       pc + 0x8
core   0: 3 0x0000000080004000 (0x0080006f)
core   0: >>>>  mmode_exception_handler
core   0: 0x0000000080004008 (0x00002c17) auipc   s8, 0x2
core   0: 3 0x0000000080004008 (0x00002c17) x24 0x0000000080006008
core   0: 0x000000008000400c (0xfeac0c13) addi    s8, s8, -22
core   0: 3 0x000000008000400c (0xfeac0c13) x24 0x0000000080005ff2
core   0: 0x0000000080004010 (0x000c00e7) jalr    s8
core   0: 3 0x0000000080004010 (0x000c00e7) x1  0x0000000080004014
core   0: >>>>  any_handler
core   0: 0x0000000080005ff2 (0x341027f3) csrrs   a5, mepc, zero
core   0: 3 0x0000000080005ff2 (0x341027f3) x15 0x0000000080005fe0
core   0: 0x0000000080005ff6 (0x34202773) csrrs   a4, mcause, zero
core   0: 3 0x0000000080005ff6 (0x34202773) x14 0x0000000000000002
core   0: 0x0000000080005ffa (0x142026f3) csrrs   a3, scause, zero
core   0: 3 0x0000000080005ffa (0x142026f3) x13 0x0000000000000003
core   0: 0x0000000080005ffe (0x30402673) csrrs   a2, mie, zero
core   0: 3 0x0000000080005ffe (0x30402673) x12 0x0000000000000a00
core   0: 0x0000000080006002 (0x344025f3) csrrs   a1, mip, zero
core   0: 3 0x0000000080006002 (0x344025f3) x11 0x0000000000000080
core   0: 0x0000000080006006 (0x343025f3) csrrs   a1, mtval, zero
core   0: 3 0x0000000080006006 (0x343025f3) x11 0x00000000320be973
core   0: 0x000000008000600a (0x14302573) csrrs   a0, stval, zero
core   0: 3 0x000000008000600a (0x14302573) x10 0x0000000000000000
core   0: 0x000000008000600e (0xb02024f3) csrrs   s1, minstret, zero
core   0: 3 0x000000008000600e (0xb02024f3) x9  0x0000000000001322
core   0: 0x0000000080006012 (0x0000a811) c.j     pc + 20
core   0: 3 0x0000000080006012 (0xa811)
core   0: >>>>  mepc_4
core   0: 0x0000000080006026 (0x00000791) c.addi  a5, 4
core   0: 3 0x0000000080006026 (0x0791) x15 0x0000000080005fe4
core   0: 0x0000000080006028 (0x34179073) csrrw   zero, mepc, a5
core   0: 3 0x0000000080006028 (0x34179073) c833_mepc 0x0000000080005fe4
core   0: 0x000000008000602c (0x30200073) mret
core   0: 3 0x000000008000602c (0x30200073) c768_mstatus 0x8000000a00106080
core   0: 0x0000000080005fe4 (0x410dca13) xori    s4, s11, 1040
core   0: 1 0x0000000080005fe4 (0x410dca13) x20 0x0000000000000410
core   0: 0x0000000080005fe8 (0x00202d73) csrrs   s10, frm, zero
core   0: 1 0x0000000080005fe8 (0x00202d73) x26 0x0000000000000003
core   0: >>>>  write_tohost
core   0: 0x0000000080005fec (0x9f8fa0ef) jal     pc - 0x5e08
core   0: 1 0x0000000080005fec (0x9f8fa0ef) x1  0x0000000080005ff0
core   0: >>>>  _exit
core   0: 0x00000000800001e4 (0x00004505) c.li    a0, 1
core   0: 1 0x00000000800001e4 (0x4505) x10 0x0000000000000001
core   0: 0x00000000800001e6 (0x00001f17) auipc   t5, 0x1
core   0: 1 0x00000000800001e6 (0x00001f17) x30 0x00000000800011e6
core   0: 0x00000000800001ea (0xe0af2d23) sw      a0, -486(t5)
core   0: 1 0x00000000800001ea (0xe0af2d23) mem 0x0000000080001000 0x00000001
cp /home/server/RISCV/cva6/verif/sim/out/seed_1479/spike_sim/new_seeds_1479_.cv64a6_imafdc_sv39.log.iss /home/server/RISCV/cva6/verif/sim/out/seed_1479/spike_sim/new_seeds_1479_.cv64a6_imafdc_sv39.log
