Makefile:14: must set CVA6_REPO_DIR to point at the root of CVA6 sources and CVA6_TB_DIR to point here -- doing it for you...
LD_LIBRARY_PATH="$(realpath ../../tools/spike/lib):$LD_LIBRARY_PATH" \
	/home/server/RISCV/cva6/tools/spike/bin/spike --steps=2000000  --log-commits --isa=rv64gc_zba_zbb_zbs_zbc_zicsr_zifencei --priv=msu -l /home/server/RISCV/cva6/verif/sim/out/seed_1755/directed_asm_tests/new_seeds_1755_.o
[SPIKE] Max simulation steps: 2000000
[SPIKE] Proc 0 | ISA: rv64gc_zba_zbb_zbs_zbc_zicsr_zifencei PRIV: msu
[SPIKE] Initializing memories...
core   0: 0x0000000000010000 (0x00100413) li      s0, 1
core   0: 3 0x0000000000010000 (0x00100413) x8  0x0000000000000001
core   0: 0x0000000000010004 (0x01f41413) slli    s0, s0, 31
core   0: 3 0x0000000000010004 (0x01f41413) x8  0x0000000080000000
core   0: 0x0000000000010008 (0xf1402573) csrrs   a0, mhartid, zero
core   0: 3 0x0000000000010008 (0xf1402573) x10 0x0000000000000000
core   0: 0x000000000001000c (0x00000597) auipc   a1, 0x0
core   0: 3 0x000000000001000c (0x00000597) x11 0x000000000001000c
core   0: 0x0000000000010010 (0x07458593) addi    a1, a1, 116
core   0: 3 0x0000000000010010 (0x07458593) x11 0x0000000000010080
core   0: 0x0000000000010014 (0x00040067) jr      s0
core   0: 3 0x0000000000010014 (0x00040067)
core   0: >>>>  _start
core   0: 0x0000000080000000 (0x00004081) c.li    ra, 0
core   0: 3 0x0000000080000000 (0x4081) x1  0x0000000000000000
core   0: 0x0000000080000002 (0x00004101) c.li    sp, 0
core   0: 3 0x0000000080000002 (0x4101) x2  0x0000000000000000
core   0: 0x0000000080000004 (0x00004181) c.li    gp, 0
core   0: 3 0x0000000080000004 (0x4181) x3  0x0000000000000000
core   0: 0x0000000080000006 (0x00004201) c.li    tp, 0
core   0: 3 0x0000000080000006 (0x4201) x4  0x0000000000000000
core   0: 0x0000000080000008 (0x00004281) c.li    t0, 0
core   0: 3 0x0000000080000008 (0x4281) x5  0x0000000000000000
core   0: 0x000000008000000a (0x00004301) c.li    t1, 0
core   0: 3 0x000000008000000a (0x4301) x6  0x0000000000000000
core   0: 0x000000008000000c (0x00004381) c.li    t2, 0
core   0: 3 0x000000008000000c (0x4381) x7  0x0000000000000000
core   0: 0x000000008000000e (0x00004401) c.li    s0, 0
core   0: 3 0x000000008000000e (0x4401) x8  0x0000000000000000
core   0: 0x0000000080000010 (0x00004481) c.li    s1, 0
core   0: 3 0x0000000080000010 (0x4481) x9  0x0000000000000000
core   0: 0x0000000080000012 (0x00004501) c.li    a0, 0
core   0: 3 0x0000000080000012 (0x4501) x10 0x0000000000000000
core   0: 0x0000000080000014 (0x00004581) c.li    a1, 0
core   0: 3 0x0000000080000014 (0x4581) x11 0x0000000000000000
core   0: 0x0000000080000016 (0x00004601) c.li    a2, 0
core   0: 3 0x0000000080000016 (0x4601) x12 0x0000000000000000
core   0: 0x0000000080000018 (0x00004681) c.li    a3, 0
core   0: 3 0x0000000080000018 (0x4681) x13 0x0000000000000000
core   0: 0x000000008000001a (0x00004701) c.li    a4, 0
core   0: 3 0x000000008000001a (0x4701) x14 0x0000000000000000
core   0: 0x000000008000001c (0x00004781) c.li    a5, 0
core   0: 3 0x000000008000001c (0x4781) x15 0x0000000000000000
core   0: 0x000000008000001e (0x00004801) c.li    a6, 0
core   0: 3 0x000000008000001e (0x4801) x16 0x0000000000000000
core   0: 0x0000000080000020 (0x00004881) c.li    a7, 0
core   0: 3 0x0000000080000020 (0x4881) x17 0x0000000000000000
core   0: 0x0000000080000022 (0x00004901) c.li    s2, 0
core   0: 3 0x0000000080000022 (0x4901) x18 0x0000000000000000
core   0: 0x0000000080000024 (0x00004981) c.li    s3, 0
core   0: 3 0x0000000080000024 (0x4981) x19 0x0000000000000000
core   0: 0x0000000080000026 (0x00004a01) c.li    s4, 0
core   0: 3 0x0000000080000026 (0x4a01) x20 0x0000000000000000
core   0: 0x0000000080000028 (0x00004a81) c.li    s5, 0
core   0: 3 0x0000000080000028 (0x4a81) x21 0x0000000000000000
core   0: 0x000000008000002a (0x00004b01) c.li    s6, 0
core   0: 3 0x000000008000002a (0x4b01) x22 0x0000000000000000
core   0: 0x000000008000002c (0x00004b81) c.li    s7, 0
core   0: 3 0x000000008000002c (0x4b81) x23 0x0000000000000000
core   0: 0x000000008000002e (0x00004c01) c.li    s8, 0
core   0: 3 0x000000008000002e (0x4c01) x24 0x0000000000000000
core   0: 0x0000000080000030 (0x00004c81) c.li    s9, 0
core   0: 3 0x0000000080000030 (0x4c81) x25 0x0000000000000000
core   0: 0x0000000080000032 (0x00004d01) c.li    s10, 0
core   0: 3 0x0000000080000032 (0x4d01) x26 0x0000000000000000
core   0: 0x0000000080000034 (0x00004d81) c.li    s11, 0
core   0: 3 0x0000000080000034 (0x4d81) x27 0x0000000000000000
core   0: 0x0000000080000036 (0x00004e01) c.li    t3, 0
core   0: 3 0x0000000080000036 (0x4e01) x28 0x0000000000000000
core   0: 0x0000000080000038 (0x00004e81) c.li    t4, 0
core   0: 3 0x0000000080000038 (0x4e81) x29 0x0000000000000000
core   0: 0x000000008000003a (0x00004f01) c.li    t5, 0
core   0: 3 0x000000008000003a (0x4f01) x30 0x0000000000000000
core   0: 0x000000008000003c (0x00004f81) c.li    t6, 0
core   0: 3 0x000000008000003c (0x4f81) x31 0x0000000000000000
core   0: 0x000000008000003e (0x000062f9) c.lui   t0, 0x1e
core   0: 3 0x000000008000003e (0x62f9) x5  0x000000000001e000
core   0: 0x0000000080000040 (0x3002a073) csrrs   zero, mstatus, t0
core   0: 3 0x0000000080000040 (0x3002a073) c768_mstatus 0x8000000a00006000
core   0: 0x0000000080000044 (0x00004285) c.li    t0, 1
core   0: 3 0x0000000080000044 (0x4285) x5  0x0000000000000001
core   0: 0x0000000080000046 (0x000002fe) c.slli  t0, 31
core   0: 3 0x0000000080000046 (0x02fe) x5  0x0000000080000000
core   0: 0x0000000080000048 (0x0002d863) bge     t0, zero, pc + 16
core   0: 3 0x0000000080000048 (0x0002d863)
core   0: 0x0000000080000058 (0x00000297) auipc   t0, 0x0
core   0: 3 0x0000000080000058 (0x00000297) x5  0x0000000080000058
core   0: 0x000000008000005c (0x09028293) addi    t0, t0, 144
core   0: 3 0x000000008000005c (0x09028293) x5  0x00000000800000e8
core   0: 0x0000000080000060 (0x30529073) csrrw   zero, mtvec, t0
core   0: 3 0x0000000080000060 (0x30529073) c773_mtvec 0x00000000800000e8
core   0: 0x0000000080000064 (0x00301073) csrrw   zero, fcsr, zero
core   0: 3 0x0000000080000064 (0x00301073) c1_fflags 0x0000000000000000 c2_frm 0x0000000000000000
core   0: 0x0000000080000068 (0xf0000053) fmv.w.x ft0, zero
core   0: 3 0x0000000080000068 (0xf0000053) f0  0xffffffff00000000
core   0: 0x000000008000006c (0xf00000d3) fmv.w.x ft1, zero
core   0: 3 0x000000008000006c (0xf00000d3) f1  0xffffffff00000000
core   0: 0x0000000080000070 (0xf0000153) fmv.w.x ft2, zero
core   0: 3 0x0000000080000070 (0xf0000153) f2  0xffffffff00000000
core   0: 0x0000000080000074 (0xf00001d3) fmv.w.x ft3, zero
core   0: 3 0x0000000080000074 (0xf00001d3) f3  0xffffffff00000000
core   0: 0x0000000080000078 (0xf0000253) fmv.w.x ft4, zero
core   0: 3 0x0000000080000078 (0xf0000253) f4  0xffffffff00000000
core   0: 0x000000008000007c (0xf00002d3) fmv.w.x ft5, zero
core   0: 3 0x000000008000007c (0xf00002d3) f5  0xffffffff00000000
core   0: 0x0000000080000080 (0xf0000353) fmv.w.x ft6, zero
core   0: 3 0x0000000080000080 (0xf0000353) f6  0xffffffff00000000
core   0: 0x0000000080000084 (0xf00003d3) fmv.w.x ft7, zero
core   0: 3 0x0000000080000084 (0xf00003d3) f7  0xffffffff00000000
core   0: 0x0000000080000088 (0xf0000453) fmv.w.x fs0, zero
core   0: 3 0x0000000080000088 (0xf0000453) f8  0xffffffff00000000
core   0: 0x000000008000008c (0xf00004d3) fmv.w.x fs1, zero
core   0: 3 0x000000008000008c (0xf00004d3) f9  0xffffffff00000000
core   0: 0x0000000080000090 (0xf0000553) fmv.w.x fa0, zero
core   0: 3 0x0000000080000090 (0xf0000553) f10 0xffffffff00000000
core   0: 0x0000000080000094 (0xf00005d3) fmv.w.x fa1, zero
core   0: 3 0x0000000080000094 (0xf00005d3) f11 0xffffffff00000000
core   0: 0x0000000080000098 (0xf0000653) fmv.w.x fa2, zero
core   0: 3 0x0000000080000098 (0xf0000653) f12 0xffffffff00000000
core   0: 0x000000008000009c (0xf00006d3) fmv.w.x fa3, zero
core   0: 3 0x000000008000009c (0xf00006d3) f13 0xffffffff00000000
core   0: 0x00000000800000a0 (0xf0000753) fmv.w.x fa4, zero
core   0: 3 0x00000000800000a0 (0xf0000753) f14 0xffffffff00000000
core   0: 0x00000000800000a4 (0xf00007d3) fmv.w.x fa5, zero
core   0: 3 0x00000000800000a4 (0xf00007d3) f15 0xffffffff00000000
core   0: 0x00000000800000a8 (0xf0000853) fmv.w.x fa6, zero
core   0: 3 0x00000000800000a8 (0xf0000853) f16 0xffffffff00000000
core   0: 0x00000000800000ac (0xf00008d3) fmv.w.x fa7, zero
core   0: 3 0x00000000800000ac (0xf00008d3) f17 0xffffffff00000000
core   0: 0x00000000800000b0 (0xf0000953) fmv.w.x fs2, zero
core   0: 3 0x00000000800000b0 (0xf0000953) f18 0xffffffff00000000
core   0: 0x00000000800000b4 (0xf00009d3) fmv.w.x fs3, zero
core   0: 3 0x00000000800000b4 (0xf00009d3) f19 0xffffffff00000000
core   0: 0x00000000800000b8 (0xf0000a53) fmv.w.x fs4, zero
core   0: 3 0x00000000800000b8 (0xf0000a53) f20 0xffffffff00000000
core   0: 0x00000000800000bc (0xf0000ad3) fmv.w.x fs5, zero
core   0: 3 0x00000000800000bc (0xf0000ad3) f21 0xffffffff00000000
core   0: 0x00000000800000c0 (0xf0000b53) fmv.w.x fs6, zero
core   0: 3 0x00000000800000c0 (0xf0000b53) f22 0xffffffff00000000
core   0: 0x00000000800000c4 (0xf0000bd3) fmv.w.x fs7, zero
core   0: 3 0x00000000800000c4 (0xf0000bd3) f23 0xffffffff00000000
core   0: 0x00000000800000c8 (0xf0000c53) fmv.w.x fs8, zero
core   0: 3 0x00000000800000c8 (0xf0000c53) f24 0xffffffff00000000
core   0: 0x00000000800000cc (0xf0000cd3) fmv.w.x fs9, zero
core   0: 3 0x00000000800000cc (0xf0000cd3) f25 0xffffffff00000000
core   0: 0x00000000800000d0 (0xf0000d53) fmv.w.x fs10, zero
core   0: 3 0x00000000800000d0 (0xf0000d53) f26 0xffffffff00000000
core   0: 0x00000000800000d4 (0xf0000dd3) fmv.w.x fs11, zero
core   0: 3 0x00000000800000d4 (0xf0000dd3) f27 0xffffffff00000000
core   0: 0x00000000800000d8 (0xf0000e53) fmv.w.x ft8, zero
core   0: 3 0x00000000800000d8 (0xf0000e53) f28 0xffffffff00000000
core   0: 0x00000000800000dc (0xf0000ed3) fmv.w.x ft9, zero
core   0: 3 0x00000000800000dc (0xf0000ed3) f29 0xffffffff00000000
core   0: 0x00000000800000e0 (0xf0000f53) fmv.w.x ft10, zero
core   0: 3 0x00000000800000e0 (0xf0000f53) f30 0xffffffff00000000
core   0: 0x00000000800000e4 (0xf0000fd3) fmv.w.x ft11, zero
core   0: 3 0x00000000800000e4 (0xf0000fd3) f31 0xffffffff00000000
core   0: 0x00000000800000e8 (0x00000297) auipc   t0, 0x0
core   0: 3 0x00000000800000e8 (0x00000297) x5  0x00000000800000e8
core   0: 0x00000000800000ec (0x03c28293) addi    t0, t0, 60
core   0: 3 0x00000000800000ec (0x03c28293) x5  0x0000000080000124
core   0: 0x00000000800000f0 (0x30529073) csrrw   zero, mtvec, t0
core   0: 3 0x00000000800000f0 (0x30529073) c773_mtvec 0x0000000080000124
core   0: 0x00000000800000f4 (0x00012197) auipc   gp, 0x12
core   0: 3 0x00000000800000f4 (0x00012197) x3  0x00000000800120f4
core   0: 0x00000000800000f8 (0x73418193) addi    gp, gp, 1844
core   0: 3 0x00000000800000f8 (0x73418193) x3  0x0000000080012828
core   0: 0x00000000800000fc (0x00012217) auipc   tp, 0x12
core   0: 3 0x00000000800000fc (0x00012217) x4  0x00000000800120fc
core   0: 0x0000000080000100 (0xf8320213) addi    tp, tp, -125
core   0: 3 0x0000000080000100 (0xf8320213) x4  0x000000008001207f
core   0: 0x0000000080000104 (0xfc027213) andi    tp, tp, -64
core   0: 3 0x0000000080000104 (0xfc027213) x4  0x0000000080012040
core   0: 0x0000000080000108 (0xf1402573) csrrs   a0, mhartid, zero
core   0: 3 0x0000000080000108 (0xf1402573) x10 0x0000000000000000
core   0: 0x000000008000010c (0x00004585) c.li    a1, 1
core   0: 3 0x000000008000010c (0x4585) x11 0x0000000000000001
core   0: 0x000000008000010e (0x00b57063) bgeu    a0, a1, pc + 0
core   0: 3 0x000000008000010e (0x00b57063)
core   0: 0x0000000080000112 (0x00150113) addi    sp, a0, 1
core   0: 3 0x0000000080000112 (0x00150113) x2  0x0000000000000001
core   0: 0x0000000080000116 (0x00000146) c.slli  sp, 17
core   0: 3 0x0000000080000116 (0x0146) x2  0x0000000000020000
core   0: 0x0000000080000118 (0x00009112) c.add   sp, tp
core   0: 3 0x0000000080000118 (0x9112) x2  0x0000000080032040
core   0: 0x000000008000011a (0x01151613) slli    a2, a0, 17
core   0: 3 0x000000008000011a (0x01151613) x12 0x0000000000000000
core   0: 0x000000008000011e (0x00009232) c.add   tp, a2
core   0: 3 0x000000008000011e (0x9232) x4  0x0000000080012040
core   0: 0x0000000080000120 (0x41a0f06f) j       pc + 0xf41a
core   0: 3 0x0000000080000120 (0x41a0f06f)
core   0: >>>>  _init
core   0: 0x000000008000f53a (0x00007171) c.addi16sp sp, -176
core   0: 3 0x000000008000f53a (0x7171) x2  0x0000000080031f90
core   0: 0x000000008000f53c (0x0000f506) c.sdsp  ra, 168(sp)
core   0: 3 0x000000008000f53c (0xf506) mem 0x0000000080032038 0x0000000000000000
core   0: 0x000000008000f53e (0x0000f122) c.sdsp  s0, 160(sp)
core   0: 3 0x000000008000f53e (0xf122) mem 0x0000000080032030 0x0000000000000000
core   0: 0x000000008000f540 (0x0000ed26) c.sdsp  s1, 152(sp)
core   0: 3 0x000000008000f540 (0xed26) mem 0x0000000080032028 0x0000000000000000
core   0: 0x000000008000f542 (0x00001900) c.addi4spn s0, sp, 176
core   0: 3 0x000000008000f542 (0x1900) x8  0x0000000080032040
core   0: 0x000000008000f544 (0x000087aa) c.mv    a5, a0
core   0: 3 0x000000008000f544 (0x87aa) x15 0x0000000000000000
core   0: 0x000000008000f546 (0x0000872e) c.mv    a4, a1
core   0: 3 0x000000008000f546 (0x872e) x14 0x0000000000000001
core   0: 0x000000008000f548 (0xf4f42e23) sw      a5, -164(s0)
core   0: 3 0x000000008000f548 (0xf4f42e23) mem 0x0000000080031f9c 0x00000000
core   0: 0x000000008000f54c (0x000087ba) c.mv    a5, a4
core   0: 3 0x000000008000f54c (0x87ba) x15 0x0000000000000001
core   0: 0x000000008000f54e (0xf4f42c23) sw      a5, -168(s0)
core   0: 3 0x000000008000f54e (0xf4f42c23) mem 0x0000000080031f98 0x00000001
core   0: 0x000000008000f552 (0xfe040793) addi    a5, s0, -32
core   0: 3 0x000000008000f552 (0xfe040793) x15 0x0000000080032020
core   0: 0x000000008000f556 (0xf4f43823) sd      a5, -176(s0)
core   0: 3 0x000000008000f556 (0xf4f43823) mem 0x0000000080031f90 0x0000000080032020
core   0: 0x000000008000f55a (0xf5043783) ld      a5, -176(s0)
core   0: 3 0x000000008000f55a (0xf5043783) x15 0x0000000080032020 mem 0x0000000080031f90
core   0: 0x000000008000f55e (0xf8078793) addi    a5, a5, -128
core   0: 3 0x000000008000f55e (0xf8078793) x15 0x0000000080031fa0
core   0: 0x000000008000f562 (0x03f78793) addi    a5, a5, 63
core   0: 3 0x000000008000f562 (0x03f78793) x15 0x0000000080031fdf
core   0: 0x000000008000f566 (0x00008399) c.srli  a5, 6
core   0: 3 0x000000008000f566 (0x8399) x15 0x0000000002000c7f
core   0: 0x000000008000f568 (0x00679493) slli    s1, a5, 6
core   0: 3 0x000000008000f568 (0x00679493) x9  0x0000000080031fc0
core   0: 0x000000008000f56c (0xf65ff0ef) jal     pc - 0x9c
core   0: 3 0x000000008000f56c (0xf65ff0ef) x1  0x000000008000f570
core   0: >>>>  init_tls
core   0: 0x000000008000f4d0 (0x00001101) c.addi  sp, -32
core   0: 3 0x000000008000f4d0 (0x1101) x2  0x0000000080031f70
core   0: 0x000000008000f4d2 (0x0000ec06) c.sdsp  ra, 24(sp)
core   0: 3 0x000000008000f4d2 (0xec06) mem 0x0000000080031f88 0x000000008000f570
core   0: 0x000000008000f4d4 (0x0000e822) c.sdsp  s0, 16(sp)
core   0: 3 0x000000008000f4d4 (0xe822) mem 0x0000000080031f80 0x0000000080032040
core   0: 0x000000008000f4d6 (0x00001000) c.addi4spn s0, sp, 32
core   0: 3 0x000000008000f4d6 (0x1000) x8  0x0000000080031f90
core   0: 0x000000008000f4d8 (0x00003717) auipc   a4, 0x3
core   0: 3 0x000000008000f4d8 (0x00003717) x14 0x00000000800124d8
core   0: 0x000000008000f4dc (0xb5070713) addi    a4, a4, -1200
core   0: 3 0x000000008000f4dc (0xb5070713) x14 0x0000000080012028
core   0: 0x000000008000f4e0 (0x00003797) auipc   a5, 0x3
core   0: 3 0x000000008000f4e0 (0x00003797) x15 0x00000000800124e0
core   0: 0x000000008000f4e4 (0xb4878793) addi    a5, a5, -1208
core   0: 3 0x000000008000f4e4 (0xb4878793) x15 0x0000000080012028
core   0: 0x000000008000f4e8 (0x40f707b3) sub     a5, a4, a5
core   0: 3 0x000000008000f4e8 (0x40f707b3) x15 0x0000000000000000
core   0: 0x000000008000f4ec (0xfef43423) sd      a5, -24(s0)
core   0: 3 0x000000008000f4ec (0xfef43423) mem 0x0000000080031f78 0x0000000000000000
core   0: 0x000000008000f4f0 (0x00008792) c.mv    a5, tp
core   0: 3 0x000000008000f4f0 (0x8792) x15 0x0000000080012040
core   0: 0x000000008000f4f2 (0xfe843603) ld      a2, -24(s0)
core   0: 3 0x000000008000f4f2 (0xfe843603) x12 0x0000000000000000 mem 0x0000000080031f78
core   0: 0x000000008000f4f6 (0x00003597) auipc   a1, 0x3
core   0: 3 0x000000008000f4f6 (0x00003597) x11 0x00000000800124f6
core   0: 0x000000008000f4fa (0xb3258593) addi    a1, a1, -1230
core   0: 3 0x000000008000f4fa (0xb3258593) x11 0x0000000080012028
core   0: 0x000000008000f4fe (0x0000853e) c.mv    a0, a5
core   0: 3 0x000000008000f4fe (0x853e) x10 0x0000000080012040
core   0: 0x000000008000f500 (0x0f9000ef) jal     pc + 0x8f8
core   0: 3 0x000000008000f500 (0x0f9000ef) x1  0x000000008000f504
core   0: >>>>  memcpy
core   0: 0x000000008000fdf8 (0x0000715d) c.addi16sp sp, -80
core   0: 3 0x000000008000fdf8 (0x715d) x2  0x0000000080031f20
core   0: 0x000000008000fdfa (0x0000e4a2) c.sdsp  s0, 72(sp)
core   0: 3 0x000000008000fdfa (0xe4a2) mem 0x0000000080031f68 0x0000000080031f90
core   0: 0x000000008000fdfc (0x00000880) c.addi4spn s0, sp, 80
core   0: 3 0x000000008000fdfc (0x0880) x8  0x0000000080031f70
core   0: 0x000000008000fdfe (0xfca43423) sd      a0, -56(s0)
core   0: 3 0x000000008000fdfe (0xfca43423) mem 0x0000000080031f38 0x0000000080012040
core   0: 0x000000008000fe02 (0xfcb43023) sd      a1, -64(s0)
core   0: 3 0x000000008000fe02 (0xfcb43023) mem 0x0000000080031f30 0x0000000080012028
core   0: 0x000000008000fe06 (0xfac43c23) sd      a2, -72(s0)
core   0: 3 0x000000008000fe06 (0xfac43c23) mem 0x0000000080031f28 0x0000000000000000
core   0: 0x000000008000fe0a (0xfc843703) ld      a4, -56(s0)
core   0: 3 0x000000008000fe0a (0xfc843703) x14 0x0000000080012040 mem 0x0000000080031f38
core   0: 0x000000008000fe0e (0xfc043783) ld      a5, -64(s0)
core   0: 3 0x000000008000fe0e (0xfc043783) x15 0x0000000080012028 mem 0x0000000080031f30
core   0: 0x000000008000fe12 (0x00008f5d) c.or    a4, a5
core   0: 3 0x000000008000fe12 (0x8f5d) x14 0x0000000080012068
core   0: 0x000000008000fe14 (0xfb843783) ld      a5, -72(s0)
core   0: 3 0x000000008000fe14 (0xfb843783) x15 0x0000000000000000 mem 0x0000000080031f28
core   0: 0x000000008000fe18 (0x00008fd9) c.or    a5, a4
core   0: 3 0x000000008000fe18 (0x8fd9) x15 0x0000000080012068
core   0: 0x000000008000fe1a (0x00008b9d) c.andi  a5, 7
core   0: 3 0x000000008000fe1a (0x8b9d) x15 0x0000000000000000
core   0: 0x000000008000fe1c (0x0000e3b1) c.bnez  a5, pc + 68
core   0: 3 0x000000008000fe1c (0xe3b1)
core   0: 0x000000008000fe1e (0xfc043783) ld      a5, -64(s0)
core   0: 3 0x000000008000fe1e (0xfc043783) x15 0x0000000080012028 mem 0x0000000080031f30
core   0: 0x000000008000fe22 (0xfef43423) sd      a5, -24(s0)
core   0: 3 0x000000008000fe22 (0xfef43423) mem 0x0000000080031f58 0x0000000080012028
core   0: 0x000000008000fe26 (0xfc843783) ld      a5, -56(s0)
core   0: 3 0x000000008000fe26 (0xfc843783) x15 0x0000000080012040 mem 0x0000000080031f38
core   0: 0x000000008000fe2a (0xfef43023) sd      a5, -32(s0)
core   0: 3 0x000000008000fe2a (0xfef43023) mem 0x0000000080031f50 0x0000000080012040
core   0: 0x000000008000fe2e (0x0000a839) c.j     pc + 30
core   0: 3 0x000000008000fe2e (0xa839)
core   0: 0x000000008000fe4c (0xfc843703) ld      a4, -56(s0)
core   0: 3 0x000000008000fe4c (0xfc843703) x14 0x0000000080012040 mem 0x0000000080031f38
core   0: 0x000000008000fe50 (0xfb843783) ld      a5, -72(s0)
core   0: 3 0x000000008000fe50 (0xfb843783) x15 0x0000000000000000 mem 0x0000000080031f28
core   0: 0x000000008000fe54 (0x000097ba) c.add   a5, a4
core   0: 3 0x000000008000fe54 (0x97ba) x15 0x0000000080012040
core   0: 0x000000008000fe56 (0xfe043703) ld      a4, -32(s0)
core   0: 3 0x000000008000fe56 (0xfe043703) x14 0x0000000080012040 mem 0x0000000080031f50
core   0: 0x000000008000fe5a (0xfcf76be3) bltu    a4, a5, pc - 42
core   0: 3 0x000000008000fe5a (0xfcf76be3)
core   0: 0x000000008000fe5e (0x0000a099) c.j     pc + 70
core   0: 3 0x000000008000fe5e (0xa099)
core   0: 0x000000008000fea4 (0xfc843783) ld      a5, -56(s0)
core   0: 3 0x000000008000fea4 (0xfc843783) x15 0x0000000080012040 mem 0x0000000080031f38
core   0: 0x000000008000fea8 (0x0000853e) c.mv    a0, a5
core   0: 3 0x000000008000fea8 (0x853e) x10 0x0000000080012040
core   0: 0x000000008000feaa (0x00006426) c.ldsp  s0, 72(sp)
core   0: 3 0x000000008000feaa (0x6426) x8  0x0000000080031f90 mem 0x0000000080031f68
core   0: 0x000000008000feac (0x00006161) c.addi16sp sp, 80
core   0: 3 0x000000008000feac (0x6161) x2  0x0000000080031f70
core   0: 0x000000008000feae (0x00008082) ret
core   0: 3 0x000000008000feae (0x8082)
core   0: 0x000000008000f504 (0x00003717) auipc   a4, 0x3
core   0: 3 0x000000008000f504 (0x00003717) x14 0x0000000080012504
core   0: 0x000000008000f508 (0xbc070713) addi    a4, a4, -1088
core   0: 3 0x000000008000f508 (0xbc070713) x14 0x00000000800120c4
core   0: 0x000000008000f50c (0x00003797) auipc   a5, 0x3
core   0: 3 0x000000008000f50c (0x00003797) x15 0x000000008001250c
core   0: 0x000000008000f510 (0xb1c78793) addi    a5, a5, -1252
core   0: 3 0x000000008000f510 (0xb1c78793) x15 0x0000000080012028
core   0: 0x000000008000f514 (0x40f707b3) sub     a5, a4, a5
core   0: 3 0x000000008000f514 (0x40f707b3) x15 0x000000000000009c
core   0: 0x000000008000f518 (0xfef43023) sd      a5, -32(s0)
core   0: 3 0x000000008000f518 (0xfef43023) mem 0x0000000080031f70 0x000000000000009c
core   0: 0x000000008000f51c (0x00008712) c.mv    a4, tp
core   0: 3 0x000000008000f51c (0x8712) x14 0x0000000080012040
core   0: 0x000000008000f51e (0xfe843783) ld      a5, -24(s0)
core   0: 3 0x000000008000f51e (0xfe843783) x15 0x0000000000000000 mem 0x0000000080031f78
core   0: 0x000000008000f522 (0x000097ba) c.add   a5, a4
core   0: 3 0x000000008000f522 (0x97ba) x15 0x0000000080012040
core   0: 0x000000008000f524 (0xfe043603) ld      a2, -32(s0)
core   0: 3 0x000000008000f524 (0xfe043603) x12 0x000000000000009c mem 0x0000000080031f70
core   0: 0x000000008000f528 (0x00004581) c.li    a1, 0
core   0: 3 0x000000008000f528 (0x4581) x11 0x0000000000000000
core   0: 0x000000008000f52a (0x0000853e) c.mv    a0, a5
core   0: 3 0x000000008000f52a (0x853e) x10 0x0000000080012040
core   0: 0x000000008000f52c (0x185000ef) jal     pc + 0x984
core   0: 3 0x000000008000f52c (0x185000ef) x1  0x000000008000f530
core   0: >>>>  memset
core   0: 0x000000008000feb0 (0x0000715d) c.addi16sp sp, -80
core   0: 3 0x000000008000feb0 (0x715d) x2  0x0000000080031f20
core   0: 0x000000008000feb2 (0x0000e4a2) c.sdsp  s0, 72(sp)
core   0: 3 0x000000008000feb2 (0xe4a2) mem 0x0000000080031f68 0x0000000080031f90
core   0: 0x000000008000feb4 (0x00000880) c.addi4spn s0, sp, 80
core   0: 3 0x000000008000feb4 (0x0880) x8  0x0000000080031f70
core   0: 0x000000008000feb6 (0xfca43423) sd      a0, -56(s0)
core   0: 3 0x000000008000feb6 (0xfca43423) mem 0x0000000080031f38 0x0000000080012040
core   0: 0x000000008000feba (0x000087ae) c.mv    a5, a1
core   0: 3 0x000000008000feba (0x87ae) x15 0x0000000000000000
core   0: 0x000000008000febc (0xfac43c23) sd      a2, -72(s0)
core   0: 3 0x000000008000febc (0xfac43c23) mem 0x0000000080031f28 0x000000000000009c
core   0: 0x000000008000fec0 (0xfcf42223) sw      a5, -60(s0)
core   0: 3 0x000000008000fec0 (0xfcf42223) mem 0x0000000080031f34 0x00000000
core   0: 0x000000008000fec4 (0xfc843703) ld      a4, -56(s0)
core   0: 3 0x000000008000fec4 (0xfc843703) x14 0x0000000080012040 mem 0x0000000080031f38
core   0: 0x000000008000fec8 (0xfb843783) ld      a5, -72(s0)
core   0: 3 0x000000008000fec8 (0xfb843783) x15 0x000000000000009c mem 0x0000000080031f28
core   0: 0x000000008000fecc (0x00008fd9) c.or    a5, a4
core   0: 3 0x000000008000fecc (0x8fd9) x15 0x00000000800120dc
core   0: 0x000000008000fece (0x00008b9d) c.andi  a5, 7
core   0: 3 0x000000008000fece (0x8b9d) x15 0x0000000000000004
core   0: 0x000000008000fed0 (0x0000e7bd) c.bnez  a5, pc + 110
core   0: 3 0x000000008000fed0 (0xe7bd)
core   0: 0x000000008000ff3e (0xfc843783) ld      a5, -56(s0)
core   0: 3 0x000000008000ff3e (0xfc843783) x15 0x0000000080012040 mem 0x0000000080031f38
core   0: 0x000000008000ff42 (0xfef43023) sd      a5, -32(s0)
core   0: 3 0x000000008000ff42 (0xfef43023) mem 0x0000000080031f50 0x0000000080012040
core   0: 0x000000008000ff46 (0x0000a829) c.j     pc + 26
core   0: 3 0x000000008000ff46 (0xa829)
core   0: 0x000000008000ff60 (0xfc843703) ld      a4, -56(s0)
core   0: 3 0x000000008000ff60 (0xfc843703) x14 0x0000000080012040 mem 0x0000000080031f38
core   0: 0x000000008000ff64 (0xfb843783) ld      a5, -72(s0)
core   0: 3 0x000000008000ff64 (0xfb843783) x15 0x000000000000009c mem 0x0000000080031f28
core   0: 0x000000008000ff68 (0x000097ba) c.add   a5, a4
core   0: 3 0x000000008000ff68 (0x97ba) x15 0x00000000800120dc
core   0: 0x000000008000ff6a (0xfe043703) ld      a4, -32(s0)
core   0: 3 0x000000008000ff6a (0xfe043703) x14 0x0000000080012040 mem 0x0000000080031f50
core   0: 0x000000008000ff6e (0xfcf76de3) bltu    a4, a5, pc - 38
core   0: 3 0x000000008000ff6e (0xfcf76de3)
core   0: 0x000000008000ff48 (0xfe043783) ld      a5, -32(s0)
core   0: 3 0x000000008000ff48 (0xfe043783) x15 0x0000000080012040 mem 0x0000000080031f50
core   0: 0x000000008000ff4c (0x00178713) addi    a4, a5, 1
core   0: 3 0x000000008000ff4c (0x00178713) x14 0x0000000080012041
core   0: 0x000000008000ff50 (0xfee43023) sd      a4, -32(s0)
core   0: 3 0x000000008000ff50 (0xfee43023) mem 0x0000000080031f50 0x0000000080012041
core   0: 0x000000008000ff54 (0xfc442703) lw      a4, -60(s0)
core   0: 3 0x000000008000ff54 (0xfc442703) x14 0x0000000000000000 mem 0x0000000080031f34
core   0: 0x000000008000ff58 (0x0ff77713) andi    a4, a4, 255
core   0: 3 0x000000008000ff58 (0x0ff77713) x14 0x0000000000000000
core   0: 0x000000008000ff5c (0x00e78023) sb      a4, 0(a5)
core   0: 3 0x000000008000ff5c (0x00e78023) mem 0x0000000080012040 0x00
core   0: 0x000000008000ff60 (0xfc843703) ld      a4, -56(s0)
core   0: 3 0x000000008000ff60 (0xfc843703) x14 0x0000000080012040 mem 0x0000000080031f38
core   0: 0x000000008000ff64 (0xfb843783) ld      a5, -72(s0)
core   0: 3 0x000000008000ff64 (0xfb843783) x15 0x000000000000009c mem 0x0000000080031f28
core   0: 0x000000008000ff68 (0x000097ba) c.add   a5, a4
core   0: 3 0x000000008000ff68 (0x97ba) x15 0x00000000800120dc
core   0: 0x000000008000ff6a (0xfe043703) ld      a4, -32(s0)
core   0: 3 0x000000008000ff6a (0xfe043703) x14 0x0000000080012041 mem 0x0000000080031f50
core   0: 0x000000008000ff6e (0xfcf76de3) bltu    a4, a5, pc - 38
core   0: 3 0x000000008000ff6e (0xfcf76de3)
core   0: 0x000000008000ff48 (0xfe043783) ld      a5, -32(s0)
core   0: 3 0x000000008000ff48 (0xfe043783) x15 0x0000000080012041 mem 0x0000000080031f50
core   0: 0x000000008000ff4c (0x00178713) addi    a4, a5, 1
core   0: 3 0x000000008000ff4c (0x00178713) x14 0x0000000080012042
core   0: 0x000000008000ff50 (0xfee43023) sd      a4, -32(s0)
core   0: 3 0x000000008000ff50 (0xfee43023) mem 0x0000000080031f50 0x0000000080012042
core   0: 0x000000008000ff54 (0xfc442703) lw      a4, -60(s0)
core   0: 3 0x000000008000ff54 (0xfc442703) x14 0x0000000000000000 mem 0x0000000080031f34
core   0: 0x000000008000ff58 (0x0ff77713) andi    a4, a4, 255
core   0: 3 0x000000008000ff58 (0x0ff77713) x14 0x0000000000000000
core   0: 0x000000008000ff5c (0x00e78023) sb      a4, 0(a5)
core   0: 3 0x000000008000ff5c (0x00e78023) mem 0x0000000080012041 0x00
core   0: 0x000000008000ff60 (0xfc843703) ld      a4, -56(s0)
core   0: 3 0x000000008000ff60 (0xfc843703) x14 0x0000000080012040 mem 0x0000000080031f38
core   0: 0x000000008000ff64 (0xfb843783) ld      a5, -72(s0)
core   0: 3 0x000000008000ff64 (0xfb843783) x15 0x000000000000009c mem 0x0000000080031f28
core   0: 0x000000008000ff68 (0x000097ba) c.add   a5, a4
core   0: 3 0x000000008000ff68 (0x97ba) x15 0x00000000800120dc
core   0: 0x000000008000ff6a (0xfe043703) ld      a4, -32(s0)
core   0: 3 0x000000008000ff6a (0xfe043703) x14 0x0000000080012042 mem 0x0000000080031f50
core   0: 0x000000008000ff6e (0xfcf76de3) bltu    a4, a5, pc - 38
core   0: 3 0x000000008000ff6e (0xfcf76de3)
core   0: 0x000000008000ff48 (0xfe043783) ld      a5, -32(s0)
core   0: 3 0x000000008000ff48 (0xfe043783) x15 0x0000000080012042 mem 0x0000000080031f50
core   0: 0x000000008000ff4c (0x00178713) addi    a4, a5, 1
core   0: 3 0x000000008000ff4c (0x00178713) x14 0x0000000080012043
core   0: 0x000000008000ff50 (0xfee43023) sd      a4, -32(s0)
core   0: 3 0x000000008000ff50 (0xfee43023) mem 0x0000000080031f50 0x0000000080012043
core   0: 0x000000008000ff54 (0xfc442703) lw      a4, -60(s0)
core   0: 3 0x000000008000ff54 (0xfc442703) x14 0x0000000000000000 mem 0x0000000080031f34
core   0: 0x000000008000ff58 (0x0ff77713) andi    a4, a4, 255
core   0: 3 0x000000008000ff58 (0x0ff77713) x14 0x0000000000000000
core   0: 0x000000008000ff5c (0x00e78023) sb      a4, 0(a5)
core   0: 3 0x000000008000ff5c (0x00e78023) mem 0x0000000080012042 0x00
core   0: 0x000000008000ff60 (0xfc843703) ld      a4, -56(s0)
core   0: 3 0x000000008000ff60 (0xfc843703) x14 0x0000000080012040 mem 0x0000000080031f38
core   0: 0x000000008000ff64 (0xfb843783) ld      a5, -72(s0)
core   0: 3 0x000000008000ff64 (0xfb843783) x15 0x000000000000009c mem 0x0000000080031f28
core   0: 0x000000008000ff68 (0x000097ba) c.add   a5, a4
core   0: 3 0x000000008000ff68 (0x97ba) x15 0x00000000800120dc
core   0: 0x000000008000ff6a (0xfe043703) ld      a4, -32(s0)
core   0: 3 0x000000008000ff6a (0xfe043703) x14 0x0000000080012043 mem 0x0000000080031f50
core   0: 0x000000008000ff6e (0xfcf76de3) bltu    a4, a5, pc - 38
core   0: 3 0x000000008000ff6e (0xfcf76de3)
core   0: 0x000000008000ff48 (0xfe043783) ld      a5, -32(s0)
core   0: 3 0x000000008000ff48 (0xfe043783) x15 0x0000000080012043 mem 0x0000000080031f50
core   0: 0x000000008000ff4c (0x00178713) addi    a4, a5, 1
core   0: 3 0x000000008000ff4c (0x00178713) x14 0x0000000080012044
core   0: 0x000000008000ff50 (0xfee43023) sd      a4, -32(s0)
core   0: 3 0x000000008000ff50 (0xfee43023) mem 0x0000000080031f50 0x0000000080012044
core   0: 0x000000008000ff54 (0xfc442703) lw      a4, -60(s0)
core   0: 3 0x000000008000ff54 (0xfc442703) x14 0x0000000000000000 mem 0x0000000080031f34
core   0: 0x000000008000ff58 (0x0ff77713) andi    a4, a4, 255
core   0: 3 0x000000008000ff58 (0x0ff77713) x14 0x0000000000000000
core   0: 0x000000008000ff5c (0x00e78023) sb      a4, 0(a5)
core   0: 3 0x000000008000ff5c (0x00e78023) mem 0x0000000080012043 0x00
core   0: 0x000000008000ff60 (0xfc843703) ld      a4, -56(s0)
core   0: 3 0x000000008000ff60 (0xfc843703) x14 0x0000000080012040 mem 0x0000000080031f38
core   0: 0x000000008000ff64 (0xfb843783) ld      a5, -72(s0)
core   0: 3 0x000000008000ff64 (0xfb843783) x15 0x000000000000009c mem 0x0000000080031f28
core   0: 0x000000008000ff68 (0x000097ba) c.add   a5, a4
core   0: 3 0x000000008000ff68 (0x97ba) x15 0x00000000800120dc
core   0: 0x000000008000ff6a (0xfe043703) ld      a4, -32(s0)
core   0: 3 0x000000008000ff6a (0xfe043703) x14 0x0000000080012044 mem 0x0000000080031f50
core   0: 0x000000008000ff6e (0xfcf76de3) bltu    a4, a5, pc - 38
core   0: 3 0x000000008000ff6e (0xfcf76de3)
core   0: 0x000000008000ff48 (0xfe043783) ld      a5, -32(s0)
core   0: 3 0x000000008000ff48 (0xfe043783) x15 0x0000000080012044 mem 0x0000000080031f50
core   0: 0x000000008000ff4c (0x00178713) addi    a4, a5, 1
core   0: 3 0x000000008000ff4c (0x00178713) x14 0x0000000080012045
core   0: 0x000000008000ff50 (0xfee43023) sd      a4, -32(s0)
core   0: 3 0x000000008000ff50 (0xfee43023) mem 0x0000000080031f50 0x0000000080012045
core   0: 0x000000008000ff54 (0xfc442703) lw      a4, -60(s0)
core   0: 3 0x000000008000ff54 (0xfc442703) x14 0x0000000000000000 mem 0x0000000080031f34
core   0: 0x000000008000ff58 (0x0ff77713) andi    a4, a4, 255
core   0: 3 0x000000008000ff58 (0x0ff77713) x14 0x0000000000000000
core   0: 0x000000008000ff5c (0x00e78023) sb      a4, 0(a5)
core   0: 3 0x000000008000ff5c (0x00e78023) mem 0x0000000080012044 0x00
core   0: 0x000000008000ff60 (0xfc843703) ld      a4, -56(s0)
core   0: 3 0x000000008000ff60 (0xfc843703) x14 0x0000000080012040 mem 0x0000000080031f38
core   0: 0x000000008000ff64 (0xfb843783) ld      a5, -72(s0)
core   0: 3 0x000000008000ff64 (0xfb843783) x15 0x000000000000009c mem 0x0000000080031f28
core   0: 0x000000008000ff68 (0x000097ba) c.add   a5, a4
core   0: 3 0x000000008000ff68 (0x97ba) x15 0x00000000800120dc
core   0: 0x000000008000ff6a (0xfe043703) ld      a4, -32(s0)
core   0: 3 0x000000008000ff6a (0xfe043703) x14 0x0000000080012045 mem 0x0000000080031f50
core   0: 0x000000008000ff6e (0xfcf76de3) bltu    a4, a5, pc - 38
core   0: 3 0x000000008000ff6e (0xfcf76de3)
core   0: 0x000000008000ff48 (0xfe043783) ld      a5, -32(s0)
core   0: 3 0x000000008000ff48 (0xfe043783) x15 0x0000000080012045 mem 0x0000000080031f50
core   0: 0x000000008000ff4c (0x00178713) addi    a4, a5, 1
core   0: 3 0x000000008000ff4c (0x00178713) x14 0x0000000080012046
core   0: 0x000000008000ff50 (0xfee43023) sd      a4, -32(s0)
core   0: 3 0x000000008000ff50 (0xfee43023) mem 0x0000000080031f50 0x0000000080012046
core   0: 0x000000008000ff54 (0xfc442703) lw      a4, -60(s0)
core   0: 3 0x000000008000ff54 (0xfc442703) x14 0x0000000000000000 mem 0x0000000080031f34
core   0: 0x000000008000ff58 (0x0ff77713) andi    a4, a4, 255
core   0: 3 0x000000008000ff58 (0x0ff77713) x14 0x0000000000000000
core   0: 0x000000008000ff5c (0x00e78023) sb      a4, 0(a5)
core   0: 3 0x000000008000ff5c (0x00e78023) mem 0x0000000080012045 0x00
core   0: 0x000000008000ff60 (0xfc843703) ld      a4, -56(s0)
core   0: 3 0x000000008000ff60 (0xfc843703) x14 0x0000000080012040 mem 0x0000000080031f38
core   0: 0x000000008000ff64 (0xfb843783) ld      a5, -72(s0)
core   0: 3 0x000000008000ff64 (0xfb843783) x15 0x000000000000009c mem 0x0000000080031f28
core   0: 0x000000008000ff68 (0x000097ba) c.add   a5, a4
core   0: 3 0x000000008000ff68 (0x97ba) x15 0x00000000800120dc
core   0: 0x000000008000ff6a (0xfe043703) ld      a4, -32(s0)
core   0: 3 0x000000008000ff6a (0xfe043703) x14 0x0000000080012046 mem 0x0000000080031f50
core   0: 0x000000008000ff6e (0xfcf76de3) bltu    a4, a5, pc - 38
core   0: 3 0x000000008000ff6e (0xfcf76de3)
core   0: 0x000000008000ff48 (0xfe043783) ld      a5, -32(s0)
core   0: 3 0x000000008000ff48 (0xfe043783) x15 0x0000000080012046 mem 0x0000000080031f50
core   0: 0x000000008000ff4c (0x00178713) addi    a4, a5, 1
core   0: 3 0x000000008000ff4c (0x00178713) x14 0x0000000080012047
core   0: 0x000000008000ff50 (0xfee43023) sd      a4, -32(s0)
core   0: 3 0x000000008000ff50 (0xfee43023) mem 0x0000000080031f50 0x0000000080012047
core   0: 0x000000008000ff54 (0xfc442703) lw      a4, -60(s0)
core   0: 3 0x000000008000ff54 (0xfc442703) x14 0x0000000000000000 mem 0x0000000080031f34
core   0: 0x000000008000ff58 (0x0ff77713) andi    a4, a4, 255
core   0: 3 0x000000008000ff58 (0x0ff77713) x14 0x0000000000000000
core   0: 0x000000008000ff5c (0x00e78023) sb      a4, 0(a5)
core   0: 3 0x000000008000ff5c (0x00e78023) mem 0x0000000080012046 0x00
core   0: 0x000000008000ff60 (0xfc843703) ld      a4, -56(s0)
core   0: 3 0x000000008000ff60 (0xfc843703) x14 0x0000000080012040 mem 0x0000000080031f38
core   0: 0x000000008000ff64 (0xfb843783) ld      a5, -72(s0)
core   0: 3 0x000000008000ff64 (0xfb843783) x15 0x000000000000009c mem 0x0000000080031f28
core   0: 0x000000008000ff68 (0x000097ba) c.add   a5, a4
core   0: 3 0x000000008000ff68 (0x97ba) x15 0x00000000800120dc
core   0: 0x000000008000ff6a (0xfe043703) ld      a4, -32(s0)
core   0: 3 0x000000008000ff6a (0xfe043703) x14 0x0000000080012047 mem 0x0000000080031f50
core   0: 0x000000008000ff6e (0xfcf76de3) bltu    a4, a5, pc - 38
core   0: 3 0x000000008000ff6e (0xfcf76de3)
core   0: 0x000000008000ff48 (0xfe043783) ld      a5, -32(s0)
core   0: 3 0x000000008000ff48 (0xfe043783) x15 0x0000000080012047 mem 0x0000000080031f50
core   0: 0x000000008000ff4c (0x00178713) addi    a4, a5, 1
core   0: 3 0x000000008000ff4c (0x00178713) x14 0x0000000080012048
core   0: 0x000000008000ff50 (0xfee43023) sd      a4, -32(s0)
core   0: 3 0x000000008000ff50 (0xfee43023) mem 0x0000000080031f50 0x0000000080012048
core   0: 0x000000008000ff54 (0xfc442703) lw      a4, -60(s0)
core   0: 3 0x000000008000ff54 (0xfc442703) x14 0x0000000000000000 mem 0x0000000080031f34
core   0: 0x000000008000ff58 (0x0ff77713) andi    a4, a4, 255
core   0: 3 0x000000008000ff58 (0x0ff77713) x14 0x0000000000000000
core   0: 0x000000008000ff5c (0x00e78023) sb      a4, 0(a5)
core   0: 3 0x000000008000ff5c (0x00e78023) mem 0x0000000080012047 0x00
core   0: 0x000000008000ff60 (0xfc843703) ld      a4, -56(s0)
core   0: 3 0x000000008000ff60 (0xfc843703) x14 0x0000000080012040 mem 0x0000000080031f38
core   0: 0x000000008000ff64 (0xfb843783) ld      a5, -72(s0)
core   0: 3 0x000000008000ff64 (0xfb843783) x15 0x000000000000009c mem 0x0000000080031f28
core   0: 0x000000008000ff68 (0x000097ba) c.add   a5, a4
core   0: 3 0x000000008000ff68 (0x97ba) x15 0x00000000800120dc
core   0: 0x000000008000ff6a (0xfe043703) ld      a4, -32(s0)
core   0: 3 0x000000008000ff6a (0xfe043703) x14 0x0000000080012048 mem 0x0000000080031f50
core   0: 0x000000008000ff6e (0xfcf76de3) bltu    a4, a5, pc - 38
core   0: 3 0x000000008000ff6e (0xfcf76de3)
core   0: 0x000000008000ff48 (0xfe043783) ld      a5, -32(s0)
core   0: 3 0x000000008000ff48 (0xfe043783) x15 0x0000000080012048 mem 0x0000000080031f50
core   0: 0x000000008000ff4c (0x00178713) addi    a4, a5, 1
core   0: 3 0x000000008000ff4c (0x00178713) x14 0x0000000080012049
core   0: 0x000000008000ff50 (0xfee43023) sd      a4, -32(s0)
core   0: 3 0x000000008000ff50 (0xfee43023) mem 0x0000000080031f50 0x0000000080012049
core   0: 0x000000008000ff54 (0xfc442703) lw      a4, -60(s0)
core   0: 3 0x000000008000ff54 (0xfc442703) x14 0x0000000000000000 mem 0x0000000080031f34
core   0: 0x000000008000ff58 (0x0ff77713) andi    a4, a4, 255
core   0: 3 0x000000008000ff58 (0x0ff77713) x14 0x0000000000000000
core   0: 0x000000008000ff5c (0x00e78023) sb      a4, 0(a5)
core   0: 3 0x000000008000ff5c (0x00e78023) mem 0x0000000080012048 0x00
core   0: 0x000000008000ff60 (0xfc843703) ld      a4, -56(s0)
core   0: 3 0x000000008000ff60 (0xfc843703) x14 0x0000000080012040 mem 0x0000000080031f38
core   0: 0x000000008000ff64 (0xfb843783) ld      a5, -72(s0)
core   0: 3 0x000000008000ff64 (0xfb843783) x15 0x000000000000009c mem 0x0000000080031f28
core   0: 0x000000008000ff68 (0x000097ba) c.add   a5, a4
core   0: 3 0x000000008000ff68 (0x97ba) x15 0x00000000800120dc
core   0: 0x000000008000ff6a (0xfe043703) ld      a4, -32(s0)
core   0: 3 0x000000008000ff6a (0xfe043703) x14 0x0000000080012049 mem 0x0000000080031f50
core   0: 0x000000008000ff6e (0xfcf76de3) bltu    a4, a5, pc - 38
core   0: 3 0x000000008000ff6e (0xfcf76de3)
core   0: 0x000000008000ff48 (0xfe043783) ld      a5, -32(s0)
core   0: 3 0x000000008000ff48 (0xfe043783) x15 0x0000000080012049 mem 0x0000000080031f50
core   0: 0x000000008000ff4c (0x00178713) addi    a4, a5, 1
core   0: 3 0x000000008000ff4c (0x00178713) x14 0x000000008001204a
core   0: 0x000000008000ff50 (0xfee43023) sd      a4, -32(s0)
core   0: 3 0x000000008000ff50 (0xfee43023) mem 0x0000000080031f50 0x000000008001204a
core   0: 0x000000008000ff54 (0xfc442703) lw      a4, -60(s0)
core   0: 3 0x000000008000ff54 (0xfc442703) x14 0x0000000000000000 mem 0x0000000080031f34
core   0: 0x000000008000ff58 (0x0ff77713) andi    a4, a4, 255
core   0: 3 0x000000008000ff58 (0x0ff77713) x14 0x0000000000000000
core   0: 0x000000008000ff5c (0x00e78023) sb      a4, 0(a5)
core   0: 3 0x000000008000ff5c (0x00e78023) mem 0x0000000080012049 0x00
core   0: 0x000000008000ff60 (0xfc843703) ld      a4, -56(s0)
core   0: 3 0x000000008000ff60 (0xfc843703) x14 0x0000000080012040 mem 0x0000000080031f38
core   0: 0x000000008000ff64 (0xfb843783) ld      a5, -72(s0)
core   0: 3 0x000000008000ff64 (0xfb843783) x15 0x000000000000009c mem 0x0000000080031f28
core   0: 0x000000008000ff68 (0x000097ba) c.add   a5, a4
core   0: 3 0x000000008000ff68 (0x97ba) x15 0x00000000800120dc
core   0: 0x000000008000ff6a (0xfe043703) ld      a4, -32(s0)
core   0: 3 0x000000008000ff6a (0xfe043703) x14 0x000000008001204a mem 0x0000000080031f50
core   0: 0x000000008000ff6e (0xfcf76de3) bltu    a4, a5, pc - 38
core   0: 3 0x000000008000ff6e (0xfcf76de3)
core   0: 0x000000008000ff48 (0xfe043783) ld      a5, -32(s0)
core   0: 3 0x000000008000ff48 (0xfe043783) x15 0x000000008001204a mem 0x0000000080031f50
core   0: 0x000000008000ff4c (0x00178713) addi    a4, a5, 1
core   0: 3 0x000000008000ff4c (0x00178713) x14 0x000000008001204b
core   0: 0x000000008000ff50 (0xfee43023) sd      a4, -32(s0)
core   0: 3 0x000000008000ff50 (0xfee43023) mem 0x0000000080031f50 0x000000008001204b
core   0: 0x000000008000ff54 (0xfc442703) lw      a4, -60(s0)
core   0: 3 0x000000008000ff54 (0xfc442703) x14 0x0000000000000000 mem 0x0000000080031f34
core   0: 0x000000008000ff58 (0x0ff77713) andi    a4, a4, 255
core   0: 3 0x000000008000ff58 (0x0ff77713) x14 0x0000000000000000
core   0: 0x000000008000ff5c (0x00e78023) sb      a4, 0(a5)
core   0: 3 0x000000008000ff5c (0x00e78023) mem 0x000000008001204a 0x00
core   0: 0x000000008000ff60 (0xfc843703) ld      a4, -56(s0)
core   0: 3 0x000000008000ff60 (0xfc843703) x14 0x0000000080012040 mem 0x0000000080031f38
core   0: 0x000000008000ff64 (0xfb843783) ld      a5, -72(s0)
core   0: 3 0x000000008000ff64 (0xfb843783) x15 0x000000000000009c mem 0x0000000080031f28
core   0: 0x000000008000ff68 (0x000097ba) c.add   a5, a4
core   0: 3 0x000000008000ff68 (0x97ba) x15 0x00000000800120dc
core   0: 0x000000008000ff6a (0xfe043703) ld      a4, -32(s0)
core   0: 3 0x000000008000ff6a (0xfe043703) x14 0x000000008001204b mem 0x0000000080031f50
core   0: 0x000000008000ff6e (0xfcf76de3) bltu    a4, a5, pc - 38
core   0: 3 0x000000008000ff6e (0xfcf76de3)
core   0: 0x000000008000ff48 (0xfe043783) ld      a5, -32(s0)
core   0: 3 0x000000008000ff48 (0xfe043783) x15 0x000000008001204b mem 0x0000000080031f50
core   0: 0x000000008000ff4c (0x00178713) addi    a4, a5, 1
core   0: 3 0x000000008000ff4c (0x00178713) x14 0x000000008001204c
core   0: 0x000000008000ff50 (0xfee43023) sd      a4, -32(s0)
core   0: 3 0x000000008000ff50 (0xfee43023) mem 0x0000000080031f50 0x000000008001204c
core   0: 0x000000008000ff54 (0xfc442703) lw      a4, -60(s0)
core   0: 3 0x000000008000ff54 (0xfc442703) x14 0x0000000000000000 mem 0x0000000080031f34
core   0: 0x000000008000ff58 (0x0ff77713) andi    a4, a4, 255
core   0: 3 0x000000008000ff58 (0x0ff77713) x14 0x0000000000000000
core   0: 0x000000008000ff5c (0x00e78023) sb      a4, 0(a5)
core   0: 3 0x000000008000ff5c (0x00e78023) mem 0x000000008001204b 0x00
core   0: 0x000000008000ff60 (0xfc843703) ld      a4, -56(s0)
core   0: 3 0x000000008000ff60 (0xfc843703) x14 0x0000000080012040 mem 0x0000000080031f38
core   0: 0x000000008000ff64 (0xfb843783) ld      a5, -72(s0)
core   0: 3 0x000000008000ff64 (0xfb843783) x15 0x000000000000009c mem 0x0000000080031f28
core   0: 0x000000008000ff68 (0x000097ba) c.add   a5, a4
core   0: 3 0x000000008000ff68 (0x97ba) x15 0x00000000800120dc
core   0: 0x000000008000ff6a (0xfe043703) ld      a4, -32(s0)
core   0: 3 0x000000008000ff6a (0xfe043703) x14 0x000000008001204c mem 0x0000000080031f50
core   0: 0x000000008000ff6e (0xfcf76de3) bltu    a4, a5, pc - 38
core   0: 3 0x000000008000ff6e (0xfcf76de3)
core   0: 0x000000008000ff48 (0xfe043783) ld      a5, -32(s0)
core   0: 3 0x000000008000ff48 (0xfe043783) x15 0x000000008001204c mem 0x0000000080031f50
core   0: 0x000000008000ff4c (0x00178713) addi    a4, a5, 1
core   0: 3 0x000000008000ff4c (0x00178713) x14 0x000000008001204d
core   0: 0x000000008000ff50 (0xfee43023) sd      a4, -32(s0)
core   0: 3 0x000000008000ff50 (0xfee43023) mem 0x0000000080031f50 0x000000008001204d
core   0: 0x000000008000ff54 (0xfc442703) lw      a4, -60(s0)
core   0: 3 0x000000008000ff54 (0xfc442703) x14 0x0000000000000000 mem 0x0000000080031f34
core   0: 0x000000008000ff58 (0x0ff77713) andi    a4, a4, 255
core   0: 3 0x000000008000ff58 (0x0ff77713) x14 0x0000000000000000
core   0: 0x000000008000ff5c (0x00e78023) sb      a4, 0(a5)
core   0: 3 0x000000008000ff5c (0x00e78023) mem 0x000000008001204c 0x00
core   0: 0x000000008000ff60 (0xfc843703) ld      a4, -56(s0)
core   0: 3 0x000000008000ff60 (0xfc843703) x14 0x0000000080012040 mem 0x0000000080031f38
core   0: 0x000000008000ff64 (0xfb843783) ld      a5, -72(s0)
core   0: 3 0x000000008000ff64 (0xfb843783) x15 0x000000000000009c mem 0x0000000080031f28
core   0: 0x000000008000ff68 (0x000097ba) c.add   a5, a4
core   0: 3 0x000000008000ff68 (0x97ba) x15 0x00000000800120dc
core   0: 0x000000008000ff6a (0xfe043703) ld      a4, -32(s0)
core   0: 3 0x000000008000ff6a (0xfe043703) x14 0x000000008001204d mem 0x0000000080031f50
core   0: 0x000000008000ff6e (0xfcf76de3) bltu    a4, a5, pc - 38
core   0: 3 0x000000008000ff6e (0xfcf76de3)
core   0: 0x000000008000ff48 (0xfe043783) ld      a5, -32(s0)
core   0: 3 0x000000008000ff48 (0xfe043783) x15 0x000000008001204d mem 0x0000000080031f50
core   0: 0x000000008000ff4c (0x00178713) addi    a4, a5, 1
core   0: 3 0x000000008000ff4c (0x00178713) x14 0x000000008001204e
core   0: 0x000000008000ff50 (0xfee43023) sd      a4, -32(s0)
core   0: 3 0x000000008000ff50 (0xfee43023) mem 0x0000000080031f50 0x000000008001204e
core   0: 0x000000008000ff54 (0xfc442703) lw      a4, -60(s0)
core   0: 3 0x000000008000ff54 (0xfc442703) x14 0x0000000000000000 mem 0x0000000080031f34
core   0: 0x000000008000ff58 (0x0ff77713) andi    a4, a4, 255
core   0: 3 0x000000008000ff58 (0x0ff77713) x14 0x0000000000000000
core   0: 0x000000008000ff5c (0x00e78023) sb      a4, 0(a5)
core   0: 3 0x000000008000ff5c (0x00e78023) mem 0x000000008001204d 0x00
core   0: 0x000000008000ff60 (0xfc843703) ld      a4, -56(s0)
core   0: 3 0x000000008000ff60 (0xfc843703) x14 0x0000000080012040 mem 0x0000000080031f38
core   0: 0x000000008000ff64 (0xfb843783) ld      a5, -72(s0)
core   0: 3 0x000000008000ff64 (0xfb843783) x15 0x000000000000009c mem 0x0000000080031f28
core   0: 0x000000008000ff68 (0x000097ba) c.add   a5, a4
core   0: 3 0x000000008000ff68 (0x97ba) x15 0x00000000800120dc
core   0: 0x000000008000ff6a (0xfe043703) ld      a4, -32(s0)
core   0: 3 0x000000008000ff6a (0xfe043703) x14 0x000000008001204e mem 0x0000000080031f50
core   0: 0x000000008000ff6e (0xfcf76de3) bltu    a4, a5, pc - 38
core   0: 3 0x000000008000ff6e (0xfcf76de3)
core   0: 0x000000008000ff48 (0xfe043783) ld      a5, -32(s0)
core   0: 3 0x000000008000ff48 (0xfe043783) x15 0x000000008001204e mem 0x0000000080031f50
core   0: 0x000000008000ff4c (0x00178713) addi    a4, a5, 1
core   0: 3 0x000000008000ff4c (0x00178713) x14 0x000000008001204f
core   0: 0x000000008000ff50 (0xfee43023) sd      a4, -32(s0)
core   0: 3 0x000000008000ff50 (0xfee43023) mem 0x0000000080031f50 0x000000008001204f
core   0: 0x000000008000ff54 (0xfc442703) lw      a4, -60(s0)
core   0: 3 0x000000008000ff54 (0xfc442703) x14 0x0000000000000000 mem 0x0000000080031f34
core   0: 0x000000008000ff58 (0x0ff77713) andi    a4, a4, 255
core   0: 3 0x000000008000ff58 (0x0ff77713) x14 0x0000000000000000
core   0: 0x000000008000ff5c (0x00e78023) sb      a4, 0(a5)
core   0: 3 0x000000008000ff5c (0x00e78023) mem 0x000000008001204e 0x00
core   0: 0x000000008000ff60 (0xfc843703) ld      a4, -56(s0)
core   0: 3 0x000000008000ff60 (0xfc843703) x14 0x0000000080012040 mem 0x0000000080031f38
core   0: 0x000000008000ff64 (0xfb843783) ld      a5, -72(s0)
core   0: 3 0x000000008000ff64 (0xfb843783) x15 0x000000000000009c mem 0x0000000080031f28
core   0: 0x000000008000ff68 (0x000097ba) c.add   a5, a4
core   0: 3 0x000000008000ff68 (0x97ba) x15 0x00000000800120dc
core   0: 0x000000008000ff6a (0xfe043703) ld      a4, -32(s0)
core   0: 3 0x000000008000ff6a (0xfe043703) x14 0x000000008001204f mem 0x0000000080031f50
core   0: 0x000000008000ff6e (0xfcf76de3) bltu    a4, a5, pc - 38
core   0: 3 0x000000008000ff6e (0xfcf76de3)
core   0: 0x000000008000ff48 (0xfe043783) ld      a5, -32(s0)
core   0: 3 0x000000008000ff48 (0xfe043783) x15 0x000000008001204f mem 0x0000000080031f50
core   0: 0x000000008000ff4c (0x00178713) addi    a4, a5, 1
core   0: 3 0x000000008000ff4c (0x00178713) x14 0x0000000080012050
core   0: 0x000000008000ff50 (0xfee43023) sd      a4, -32(s0)
core   0: 3 0x000000008000ff50 (0xfee43023) mem 0x0000000080031f50 0x0000000080012050
core   0: 0x000000008000ff54 (0xfc442703) lw      a4, -60(s0)
core   0: 3 0x000000008000ff54 (0xfc442703) x14 0x0000000000000000 mem 0x0000000080031f34
core   0: 0x000000008000ff58 (0x0ff77713) andi    a4, a4, 255
core   0: 3 0x000000008000ff58 (0x0ff77713) x14 0x0000000000000000
core   0: 0x000000008000ff5c (0x00e78023) sb      a4, 0(a5)
core   0: 3 0x000000008000ff5c (0x00e78023) mem 0x000000008001204f 0x00
core   0: 0x000000008000ff60 (0xfc843703) ld      a4, -56(s0)
core   0: 3 0x000000008000ff60 (0xfc843703) x14 0x0000000080012040 mem 0x0000000080031f38
core   0: 0x000000008000ff64 (0xfb843783) ld      a5, -72(s0)
core   0: 3 0x000000008000ff64 (0xfb843783) x15 0x000000000000009c mem 0x0000000080031f28
core   0: 0x000000008000ff68 (0x000097ba) c.add   a5, a4
core   0: 3 0x000000008000ff68 (0x97ba) x15 0x00000000800120dc
core   0: 0x000000008000ff6a (0xfe043703) ld      a4, -32(s0)
core   0: 3 0x000000008000ff6a (0xfe043703) x14 0x0000000080012050 mem 0x0000000080031f50
core   0: 0x000000008000ff6e (0xfcf76de3) bltu    a4, a5, pc - 38
core   0: 3 0x000000008000ff6e (0xfcf76de3)
core   0: 0x000000008000ff48 (0xfe043783) ld      a5, -32(s0)
core   0: 3 0x000000008000ff48 (0xfe043783) x15 0x0000000080012050 mem 0x0000000080031f50
core   0: 0x000000008000ff4c (0x00178713) addi    a4, a5, 1
core   0: 3 0x000000008000ff4c (0x00178713) x14 0x0000000080012051
core   0: 0x000000008000ff50 (0xfee43023) sd      a4, -32(s0)
core   0: 3 0x000000008000ff50 (0xfee43023) mem 0x0000000080031f50 0x0000000080012051
core   0: 0x000000008000ff54 (0xfc442703) lw      a4, -60(s0)
core   0: 3 0x000000008000ff54 (0xfc442703) x14 0x0000000000000000 mem 0x0000000080031f34
core   0: 0x000000008000ff58 (0x0ff77713) andi    a4, a4, 255
core   0: 3 0x000000008000ff58 (0x0ff77713) x14 0x0000000000000000
core   0: 0x000000008000ff5c (0x00e78023) sb      a4, 0(a5)
core   0: 3 0x000000008000ff5c (0x00e78023) mem 0x0000000080012050 0x00
core   0: 0x000000008000ff60 (0xfc843703) ld      a4, -56(s0)
core   0: 3 0x000000008000ff60 (0xfc843703) x14 0x0000000080012040 mem 0x0000000080031f38
core   0: 0x000000008000ff64 (0xfb843783) ld      a5, -72(s0)
core   0: 3 0x000000008000ff64 (0xfb843783) x15 0x000000000000009c mem 0x0000000080031f28
core   0: 0x000000008000ff68 (0x000097ba) c.add   a5, a4
core   0: 3 0x000000008000ff68 (0x97ba) x15 0x00000000800120dc
core   0: 0x000000008000ff6a (0xfe043703) ld      a4, -32(s0)
core   0: 3 0x000000008000ff6a (0xfe043703) x14 0x0000000080012051 mem 0x0000000080031f50
core   0: 0x000000008000ff6e (0xfcf76de3) bltu    a4, a5, pc - 38
core   0: 3 0x000000008000ff6e (0xfcf76de3)
core   0: 0x000000008000ff48 (0xfe043783) ld      a5, -32(s0)
core   0: 3 0x000000008000ff48 (0xfe043783) x15 0x0000000080012051 mem 0x0000000080031f50
core   0: 0x000000008000ff4c (0x00178713) addi    a4, a5, 1
core   0: 3 0x000000008000ff4c (0x00178713) x14 0x0000000080012052
core   0: 0x000000008000ff50 (0xfee43023) sd      a4, -32(s0)
core   0: 3 0x000000008000ff50 (0xfee43023) mem 0x0000000080031f50 0x0000000080012052
core   0: 0x000000008000ff54 (0xfc442703) lw      a4, -60(s0)
core   0: 3 0x000000008000ff54 (0xfc442703) x14 0x0000000000000000 mem 0x0000000080031f34
core   0: 0x000000008000ff58 (0x0ff77713) andi    a4, a4, 255
core   0: 3 0x000000008000ff58 (0x0ff77713) x14 0x0000000000000000
core   0: 0x000000008000ff5c (0x00e78023) sb      a4, 0(a5)
core   0: 3 0x000000008000ff5c (0x00e78023) mem 0x0000000080012051 0x00
core   0: 0x000000008000ff60 (0xfc843703) ld      a4, -56(s0)
core   0: 3 0x000000008000ff60 (0xfc843703) x14 0x0000000080012040 mem 0x0000000080031f38
core   0: 0x000000008000ff64 (0xfb843783) ld      a5, -72(s0)
core   0: 3 0x000000008000ff64 (0xfb843783) x15 0x000000000000009c mem 0x0000000080031f28
core   0: 0x000000008000ff68 (0x000097ba) c.add   a5, a4
core   0: 3 0x000000008000ff68 (0x97ba) x15 0x00000000800120dc
core   0: 0x000000008000ff6a (0xfe043703) ld      a4, -32(s0)
core   0: 3 0x000000008000ff6a (0xfe043703) x14 0x0000000080012052 mem 0x0000000080031f50
core   0: 0x000000008000ff6e (0xfcf76de3) bltu    a4, a5, pc - 38
core   0: 3 0x000000008000ff6e (0xfcf76de3)
core   0: 0x000000008000ff48 (0xfe043783) ld      a5, -32(s0)
core   0: 3 0x000000008000ff48 (0xfe043783) x15 0x0000000080012052 mem 0x0000000080031f50
core   0: 0x000000008000ff4c (0x00178713) addi    a4, a5, 1
core   0: 3 0x000000008000ff4c (0x00178713) x14 0x0000000080012053
core   0: 0x000000008000ff50 (0xfee43023) sd      a4, -32(s0)
core   0: 3 0x000000008000ff50 (0xfee43023) mem 0x0000000080031f50 0x0000000080012053
core   0: 0x000000008000ff54 (0xfc442703) lw      a4, -60(s0)
core   0: 3 0x000000008000ff54 (0xfc442703) x14 0x0000000000000000 mem 0x0000000080031f34
core   0: 0x000000008000ff58 (0x0ff77713) andi    a4, a4, 255
core   0: 3 0x000000008000ff58 (0x0ff77713) x14 0x0000000000000000
core   0: 0x000000008000ff5c (0x00e78023) sb      a4, 0(a5)
core   0: 3 0x000000008000ff5c (0x00e78023) mem 0x0000000080012052 0x00
core   0: 0x000000008000ff60 (0xfc843703) ld      a4, -56(s0)
core   0: 3 0x000000008000ff60 (0xfc843703) x14 0x0000000080012040 mem 0x0000000080031f38
core   0: 0x000000008000ff64 (0xfb843783) ld      a5, -72(s0)
core   0: 3 0x000000008000ff64 (0xfb843783) x15 0x000000000000009c mem 0x0000000080031f28
core   0: 0x000000008000ff68 (0x000097ba) c.add   a5, a4
core   0: 3 0x000000008000ff68 (0x97ba) x15 0x00000000800120dc
core   0: 0x000000008000ff6a (0xfe043703) ld      a4, -32(s0)
core   0: 3 0x000000008000ff6a (0xfe043703) x14 0x0000000080012053 mem 0x0000000080031f50
core   0: 0x000000008000ff6e (0xfcf76de3) bltu    a4, a5, pc - 38
core   0: 3 0x000000008000ff6e (0xfcf76de3)
core   0: 0x000000008000ff48 (0xfe043783) ld      a5, -32(s0)
core   0: 3 0x000000008000ff48 (0xfe043783) x15 0x0000000080012053 mem 0x0000000080031f50
core   0: 0x000000008000ff4c (0x00178713) addi    a4, a5, 1
core   0: 3 0x000000008000ff4c (0x00178713) x14 0x0000000080012054
core   0: 0x000000008000ff50 (0xfee43023) sd      a4, -32(s0)
core   0: 3 0x000000008000ff50 (0xfee43023) mem 0x0000000080031f50 0x0000000080012054
core   0: 0x000000008000ff54 (0xfc442703) lw      a4, -60(s0)
core   0: 3 0x000000008000ff54 (0xfc442703) x14 0x0000000000000000 mem 0x0000000080031f34
core   0: 0x000000008000ff58 (0x0ff77713) andi    a4, a4, 255
core   0: 3 0x000000008000ff58 (0x0ff77713) x14 0x0000000000000000
core   0: 0x000000008000ff5c (0x00e78023) sb      a4, 0(a5)
core   0: 3 0x000000008000ff5c (0x00e78023) mem 0x0000000080012053 0x00
core   0: 0x000000008000ff60 (0xfc843703) ld      a4, -56(s0)
core   0: 3 0x000000008000ff60 (0xfc843703) x14 0x0000000080012040 mem 0x0000000080031f38
core   0: 0x000000008000ff64 (0xfb843783) ld      a5, -72(s0)
core   0: 3 0x000000008000ff64 (0xfb843783) x15 0x000000000000009c mem 0x0000000080031f28
core   0: 0x000000008000ff68 (0x000097ba) c.add   a5, a4
core   0: 3 0x000000008000ff68 (0x97ba) x15 0x00000000800120dc
core   0: 0x000000008000ff6a (0xfe043703) ld      a4, -32(s0)
core   0: 3 0x000000008000ff6a (0xfe043703) x14 0x0000000080012054 mem 0x0000000080031f50
core   0: 0x000000008000ff6e (0xfcf76de3) bltu    a4, a5, pc - 38
core   0: 3 0x000000008000ff6e (0xfcf76de3)
core   0: 0x000000008000ff48 (0xfe043783) ld      a5, -32(s0)
core   0: 3 0x000000008000ff48 (0xfe043783) x15 0x0000000080012054 mem 0x0000000080031f50
core   0: 0x000000008000ff4c (0x00178713) addi    a4, a5, 1
core   0: 3 0x000000008000ff4c (0x00178713) x14 0x0000000080012055
core   0: 0x000000008000ff50 (0xfee43023) sd      a4, -32(s0)
core   0: 3 0x000000008000ff50 (0xfee43023) mem 0x0000000080031f50 0x0000000080012055
core   0: 0x000000008000ff54 (0xfc442703) lw      a4, -60(s0)
core   0: 3 0x000000008000ff54 (0xfc442703) x14 0x0000000000000000 mem 0x0000000080031f34
core   0: 0x000000008000ff58 (0x0ff77713) andi    a4, a4, 255
core   0: 3 0x000000008000ff58 (0x0ff77713) x14 0x0000000000000000
core   0: 0x000000008000ff5c (0x00e78023) sb      a4, 0(a5)
core   0: 3 0x000000008000ff5c (0x00e78023) mem 0x0000000080012054 0x00
core   0: 0x000000008000ff60 (0xfc843703) ld      a4, -56(s0)
core   0: 3 0x000000008000ff60 (0xfc843703) x14 0x0000000080012040 mem 0x0000000080031f38
core   0: 0x000000008000ff64 (0xfb843783) ld      a5, -72(s0)
core   0: 3 0x000000008000ff64 (0xfb843783) x15 0x000000000000009c mem 0x0000000080031f28
core   0: 0x000000008000ff68 (0x000097ba) c.add   a5, a4
core   0: 3 0x000000008000ff68 (0x97ba) x15 0x00000000800120dc
core   0: 0x000000008000ff6a (0xfe043703) ld      a4, -32(s0)
core   0: 3 0x000000008000ff6a (0xfe043703) x14 0x0000000080012055 mem 0x0000000080031f50
core   0: 0x000000008000ff6e (0xfcf76de3) bltu    a4, a5, pc - 38
core   0: 3 0x000000008000ff6e (0xfcf76de3)
core   0: 0x000000008000ff48 (0xfe043783) ld      a5, -32(s0)
core   0: 3 0x000000008000ff48 (0xfe043783) x15 0x0000000080012055 mem 0x0000000080031f50
core   0: 0x000000008000ff4c (0x00178713) addi    a4, a5, 1
core   0: 3 0x000000008000ff4c (0x00178713) x14 0x0000000080012056
core   0: 0x000000008000ff50 (0xfee43023) sd      a4, -32(s0)
core   0: 3 0x000000008000ff50 (0xfee43023) mem 0x0000000080031f50 0x0000000080012056
core   0: 0x000000008000ff54 (0xfc442703) lw      a4, -60(s0)
core   0: 3 0x000000008000ff54 (0xfc442703) x14 0x0000000000000000 mem 0x0000000080031f34
core   0: 0x000000008000ff58 (0x0ff77713) andi    a4, a4, 255
core   0: 3 0x000000008000ff58 (0x0ff77713) x14 0x0000000000000000
core   0: 0x000000008000ff5c (0x00e78023) sb      a4, 0(a5)
core   0: 3 0x000000008000ff5c (0x00e78023) mem 0x0000000080012055 0x00
core   0: 0x000000008000ff60 (0xfc843703) ld      a4, -56(s0)
core   0: 3 0x000000008000ff60 (0xfc843703) x14 0x0000000080012040 mem 0x0000000080031f38
core   0: 0x000000008000ff64 (0xfb843783) ld      a5, -72(s0)
core   0: 3 0x000000008000ff64 (0xfb843783) x15 0x000000000000009c mem 0x0000000080031f28
core   0: 0x000000008000ff68 (0x000097ba) c.add   a5, a4
core   0: 3 0x000000008000ff68 (0x97ba) x15 0x00000000800120dc
core   0: 0x000000008000ff6a (0xfe043703) ld      a4, -32(s0)
core   0: 3 0x000000008000ff6a (0xfe043703) x14 0x0000000080012056 mem 0x0000000080031f50
core   0: 0x000000008000ff6e (0xfcf76de3) bltu    a4, a5, pc - 38
core   0: 3 0x000000008000ff6e (0xfcf76de3)
core   0: 0x000000008000ff48 (0xfe043783) ld      a5, -32(s0)
core   0: 3 0x000000008000ff48 (0xfe043783) x15 0x0000000080012056 mem 0x0000000080031f50
core   0: 0x000000008000ff4c (0x00178713) addi    a4, a5, 1
core   0: 3 0x000000008000ff4c (0x00178713) x14 0x0000000080012057
core   0: 0x000000008000ff50 (0xfee43023) sd      a4, -32(s0)
core   0: 3 0x000000008000ff50 (0xfee43023) mem 0x0000000080031f50 0x0000000080012057
core   0: 0x000000008000ff54 (0xfc442703) lw      a4, -60(s0)
core   0: 3 0x000000008000ff54 (0xfc442703) x14 0x0000000000000000 mem 0x0000000080031f34
core   0: 0x000000008000ff58 (0x0ff77713) andi    a4, a4, 255
core   0: 3 0x000000008000ff58 (0x0ff77713) x14 0x0000000000000000
core   0: 0x000000008000ff5c (0x00e78023) sb      a4, 0(a5)
core   0: 3 0x000000008000ff5c (0x00e78023) mem 0x0000000080012056 0x00
core   0: 0x000000008000ff60 (0xfc843703) ld      a4, -56(s0)
core   0: 3 0x000000008000ff60 (0xfc843703) x14 0x0000000080012040 mem 0x0000000080031f38
core   0: 0x000000008000ff64 (0xfb843783) ld      a5, -72(s0)
core   0: 3 0x000000008000ff64 (0xfb843783) x15 0x000000000000009c mem 0x0000000080031f28
core   0: 0x000000008000ff68 (0x000097ba) c.add   a5, a4
core   0: 3 0x000000008000ff68 (0x97ba) x15 0x00000000800120dc
core   0: 0x000000008000ff6a (0xfe043703) ld      a4, -32(s0)
core   0: 3 0x000000008000ff6a (0xfe043703) x14 0x0000000080012057 mem 0x0000000080031f50
core   0: 0x000000008000ff6e (0xfcf76de3) bltu    a4, a5, pc - 38
core   0: 3 0x000000008000ff6e (0xfcf76de3)
core   0: 0x000000008000ff48 (0xfe043783) ld      a5, -32(s0)
core   0: 3 0x000000008000ff48 (0xfe043783) x15 0x0000000080012057 mem 0x0000000080031f50
core   0: 0x000000008000ff4c (0x00178713) addi    a4, a5, 1
core   0: 3 0x000000008000ff4c (0x00178713) x14 0x0000000080012058
core   0: 0x000000008000ff50 (0xfee43023) sd      a4, -32(s0)
core   0: 3 0x000000008000ff50 (0xfee43023) mem 0x0000000080031f50 0x0000000080012058
core   0: 0x000000008000ff54 (0xfc442703) lw      a4, -60(s0)
core   0: 3 0x000000008000ff54 (0xfc442703) x14 0x0000000000000000 mem 0x0000000080031f34
core   0: 0x000000008000ff58 (0x0ff77713) andi    a4, a4, 255
core   0: 3 0x000000008000ff58 (0x0ff77713) x14 0x0000000000000000
core   0: 0x000000008000ff5c (0x00e78023) sb      a4, 0(a5)
core   0: 3 0x000000008000ff5c (0x00e78023) mem 0x0000000080012057 0x00
core   0: 0x000000008000ff60 (0xfc843703) ld      a4, -56(s0)
core   0: 3 0x000000008000ff60 (0xfc843703) x14 0x0000000080012040 mem 0x0000000080031f38
core   0: 0x000000008000ff64 (0xfb843783) ld      a5, -72(s0)
core   0: 3 0x000000008000ff64 (0xfb843783) x15 0x000000000000009c mem 0x0000000080031f28
core   0: 0x000000008000ff68 (0x000097ba) c.add   a5, a4
core   0: 3 0x000000008000ff68 (0x97ba) x15 0x00000000800120dc
core   0: 0x000000008000ff6a (0xfe043703) ld      a4, -32(s0)
core   0: 3 0x000000008000ff6a (0xfe043703) x14 0x0000000080012058 mem 0x0000000080031f50
core   0: 0x000000008000ff6e (0xfcf76de3) bltu    a4, a5, pc - 38
core   0: 3 0x000000008000ff6e (0xfcf76de3)
core   0: 0x000000008000ff48 (0xfe043783) ld      a5, -32(s0)
core   0: 3 0x000000008000ff48 (0xfe043783) x15 0x0000000080012058 mem 0x0000000080031f50
core   0: 0x000000008000ff4c (0x00178713) addi    a4, a5, 1
core   0: 3 0x000000008000ff4c (0x00178713) x14 0x0000000080012059
core   0: 0x000000008000ff50 (0xfee43023) sd      a4, -32(s0)
core   0: 3 0x000000008000ff50 (0xfee43023) mem 0x0000000080031f50 0x0000000080012059
core   0: 0x000000008000ff54 (0xfc442703) lw      a4, -60(s0)
core   0: 3 0x000000008000ff54 (0xfc442703) x14 0x0000000000000000 mem 0x0000000080031f34
core   0: 0x000000008000ff58 (0x0ff77713) andi    a4, a4, 255
core   0: 3 0x000000008000ff58 (0x0ff77713) x14 0x0000000000000000
core   0: 0x000000008000ff5c (0x00e78023) sb      a4, 0(a5)
core   0: 3 0x000000008000ff5c (0x00e78023) mem 0x0000000080012058 0x00
core   0: 0x000000008000ff60 (0xfc843703) ld      a4, -56(s0)
core   0: 3 0x000000008000ff60 (0xfc843703) x14 0x0000000080012040 mem 0x0000000080031f38
core   0: 0x000000008000ff64 (0xfb843783) ld      a5, -72(s0)
core   0: 3 0x000000008000ff64 (0xfb843783) x15 0x000000000000009c mem 0x0000000080031f28
core   0: 0x000000008000ff68 (0x000097ba) c.add   a5, a4
core   0: 3 0x000000008000ff68 (0x97ba) x15 0x00000000800120dc
core   0: 0x000000008000ff6a (0xfe043703) ld      a4, -32(s0)
core   0: 3 0x000000008000ff6a (0xfe043703) x14 0x0000000080012059 mem 0x0000000080031f50
core   0: 0x000000008000ff6e (0xfcf76de3) bltu    a4, a5, pc - 38
core   0: 3 0x000000008000ff6e (0xfcf76de3)
core   0: 0x000000008000ff48 (0xfe043783) ld      a5, -32(s0)
core   0: 3 0x000000008000ff48 (0xfe043783) x15 0x0000000080012059 mem 0x0000000080031f50
core   0: 0x000000008000ff4c (0x00178713) addi    a4, a5, 1
core   0: 3 0x000000008000ff4c (0x00178713) x14 0x000000008001205a
core   0: 0x000000008000ff50 (0xfee43023) sd      a4, -32(s0)
core   0: 3 0x000000008000ff50 (0xfee43023) mem 0x0000000080031f50 0x000000008001205a
core   0: 0x000000008000ff54 (0xfc442703) lw      a4, -60(s0)
core   0: 3 0x000000008000ff54 (0xfc442703) x14 0x0000000000000000 mem 0x0000000080031f34
core   0: 0x000000008000ff58 (0x0ff77713) andi    a4, a4, 255
core   0: 3 0x000000008000ff58 (0x0ff77713) x14 0x0000000000000000
core   0: 0x000000008000ff5c (0x00e78023) sb      a4, 0(a5)
core   0: 3 0x000000008000ff5c (0x00e78023) mem 0x0000000080012059 0x00
core   0: 0x000000008000ff60 (0xfc843703) ld      a4, -56(s0)
core   0: 3 0x000000008000ff60 (0xfc843703) x14 0x0000000080012040 mem 0x0000000080031f38
core   0: 0x000000008000ff64 (0xfb843783) ld      a5, -72(s0)
core   0: 3 0x000000008000ff64 (0xfb843783) x15 0x000000000000009c mem 0x0000000080031f28
core   0: 0x000000008000ff68 (0x000097ba) c.add   a5, a4
core   0: 3 0x000000008000ff68 (0x97ba) x15 0x00000000800120dc
core   0: 0x000000008000ff6a (0xfe043703) ld      a4, -32(s0)
core   0: 3 0x000000008000ff6a (0xfe043703) x14 0x000000008001205a mem 0x0000000080031f50
core   0: 0x000000008000ff6e (0xfcf76de3) bltu    a4, a5, pc - 38
core   0: 3 0x000000008000ff6e (0xfcf76de3)
core   0: 0x000000008000ff48 (0xfe043783) ld      a5, -32(s0)
core   0: 3 0x000000008000ff48 (0xfe043783) x15 0x000000008001205a mem 0x0000000080031f50
core   0: 0x000000008000ff4c (0x00178713) addi    a4, a5, 1
core   0: 3 0x000000008000ff4c (0x00178713) x14 0x000000008001205b
core   0: 0x000000008000ff50 (0xfee43023) sd      a4, -32(s0)
core   0: 3 0x000000008000ff50 (0xfee43023) mem 0x0000000080031f50 0x000000008001205b
core   0: 0x000000008000ff54 (0xfc442703) lw      a4, -60(s0)
core   0: 3 0x000000008000ff54 (0xfc442703) x14 0x0000000000000000 mem 0x0000000080031f34
core   0: 0x000000008000ff58 (0x0ff77713) andi    a4, a4, 255
core   0: 3 0x000000008000ff58 (0x0ff77713) x14 0x0000000000000000
core   0: 0x000000008000ff5c (0x00e78023) sb      a4, 0(a5)
core   0: 3 0x000000008000ff5c (0x00e78023) mem 0x000000008001205a 0x00
core   0: 0x000000008000ff60 (0xfc843703) ld      a4, -56(s0)
core   0: 3 0x000000008000ff60 (0xfc843703) x14 0x0000000080012040 mem 0x0000000080031f38
core   0: 0x000000008000ff64 (0xfb843783) ld      a5, -72(s0)
core   0: 3 0x000000008000ff64 (0xfb843783) x15 0x000000000000009c mem 0x0000000080031f28
core   0: 0x000000008000ff68 (0x000097ba) c.add   a5, a4
core   0: 3 0x000000008000ff68 (0x97ba) x15 0x00000000800120dc
core   0: 0x000000008000ff6a (0xfe043703) ld      a4, -32(s0)
core   0: 3 0x000000008000ff6a (0xfe043703) x14 0x000000008001205b mem 0x0000000080031f50
core   0: 0x000000008000ff6e (0xfcf76de3) bltu    a4, a5, pc - 38
core   0: 3 0x000000008000ff6e (0xfcf76de3)
core   0: 0x000000008000ff48 (0xfe043783) ld      a5, -32(s0)
core   0: 3 0x000000008000ff48 (0xfe043783) x15 0x000000008001205b mem 0x0000000080031f50
core   0: 0x000000008000ff4c (0x00178713) addi    a4, a5, 1
core   0: 3 0x000000008000ff4c (0x00178713) x14 0x000000008001205c
core   0: 0x000000008000ff50 (0xfee43023) sd      a4, -32(s0)
core   0: 3 0x000000008000ff50 (0xfee43023) mem 0x0000000080031f50 0x000000008001205c
core   0: 0x000000008000ff54 (0xfc442703) lw      a4, -60(s0)
core   0: 3 0x000000008000ff54 (0xfc442703) x14 0x0000000000000000 mem 0x0000000080031f34
core   0: 0x000000008000ff58 (0x0ff77713) andi    a4, a4, 255
core   0: 3 0x000000008000ff58 (0x0ff77713) x14 0x0000000000000000
core   0: 0x000000008000ff5c (0x00e78023) sb      a4, 0(a5)
core   0: 3 0x000000008000ff5c (0x00e78023) mem 0x000000008001205b 0x00
core   0: 0x000000008000ff60 (0xfc843703) ld      a4, -56(s0)
core   0: 3 0x000000008000ff60 (0xfc843703) x14 0x0000000080012040 mem 0x0000000080031f38
core   0: 0x000000008000ff64 (0xfb843783) ld      a5, -72(s0)
core   0: 3 0x000000008000ff64 (0xfb843783) x15 0x000000000000009c mem 0x0000000080031f28
core   0: 0x000000008000ff68 (0x000097ba) c.add   a5, a4
core   0: 3 0x000000008000ff68 (0x97ba) x15 0x00000000800120dc
core   0: 0x000000008000ff6a (0xfe043703) ld      a4, -32(s0)
core   0: 3 0x000000008000ff6a (0xfe043703) x14 0x000000008001205c mem 0x0000000080031f50
core   0: 0x000000008000ff6e (0xfcf76de3) bltu    a4, a5, pc - 38
core   0: 3 0x000000008000ff6e (0xfcf76de3)
core   0: 0x000000008000ff48 (0xfe043783) ld      a5, -32(s0)
core   0: 3 0x000000008000ff48 (0xfe043783) x15 0x000000008001205c mem 0x0000000080031f50
core   0: 0x000000008000ff4c (0x00178713) addi    a4, a5, 1
core   0: 3 0x000000008000ff4c (0x00178713) x14 0x000000008001205d
core   0: 0x000000008000ff50 (0xfee43023) sd      a4, -32(s0)
core   0: 3 0x000000008000ff50 (0xfee43023) mem 0x0000000080031f50 0x000000008001205d
core   0: 0x000000008000ff54 (0xfc442703) lw      a4, -60(s0)
core   0: 3 0x000000008000ff54 (0xfc442703) x14 0x0000000000000000 mem 0x0000000080031f34
core   0: 0x000000008000ff58 (0x0ff77713) andi    a4, a4, 255
core   0: 3 0x000000008000ff58 (0x0ff77713) x14 0x0000000000000000
core   0: 0x000000008000ff5c (0x00e78023) sb      a4, 0(a5)
core   0: 3 0x000000008000ff5c (0x00e78023) mem 0x000000008001205c 0x00
core   0: 0x000000008000ff60 (0xfc843703) ld      a4, -56(s0)
core   0: 3 0x000000008000ff60 (0xfc843703) x14 0x0000000080012040 mem 0x0000000080031f38
core   0: 0x000000008000ff64 (0xfb843783) ld      a5, -72(s0)
core   0: 3 0x000000008000ff64 (0xfb843783) x15 0x000000000000009c mem 0x0000000080031f28
core   0: 0x000000008000ff68 (0x000097ba) c.add   a5, a4
core   0: 3 0x000000008000ff68 (0x97ba) x15 0x00000000800120dc
core   0: 0x000000008000ff6a (0xfe043703) ld      a4, -32(s0)
core   0: 3 0x000000008000ff6a (0xfe043703) x14 0x000000008001205d mem 0x0000000080031f50
core   0: 0x000000008000ff6e (0xfcf76de3) bltu    a4, a5, pc - 38
core   0: 3 0x000000008000ff6e (0xfcf76de3)
core   0: 0x000000008000ff48 (0xfe043783) ld      a5, -32(s0)
core   0: 3 0x000000008000ff48 (0xfe043783) x15 0x000000008001205d mem 0x0000000080031f50
core   0: 0x000000008000ff4c (0x00178713) addi    a4, a5, 1
core   0: 3 0x000000008000ff4c (0x00178713) x14 0x000000008001205e
core   0: 0x000000008000ff50 (0xfee43023) sd      a4, -32(s0)
core   0: 3 0x000000008000ff50 (0xfee43023) mem 0x0000000080031f50 0x000000008001205e
core   0: 0x000000008000ff54 (0xfc442703) lw      a4, -60(s0)
core   0: 3 0x000000008000ff54 (0xfc442703) x14 0x0000000000000000 mem 0x0000000080031f34
core   0: 0x000000008000ff58 (0x0ff77713) andi    a4, a4, 255
core   0: 3 0x000000008000ff58 (0x0ff77713) x14 0x0000000000000000
core   0: 0x000000008000ff5c (0x00e78023) sb      a4, 0(a5)
core   0: 3 0x000000008000ff5c (0x00e78023) mem 0x000000008001205d 0x00
core   0: 0x000000008000ff60 (0xfc843703) ld      a4, -56(s0)
core   0: 3 0x000000008000ff60 (0xfc843703) x14 0x0000000080012040 mem 0x0000000080031f38
core   0: 0x000000008000ff64 (0xfb843783) ld      a5, -72(s0)
core   0: 3 0x000000008000ff64 (0xfb843783) x15 0x000000000000009c mem 0x0000000080031f28
core   0: 0x000000008000ff68 (0x000097ba) c.add   a5, a4
core   0: 3 0x000000008000ff68 (0x97ba) x15 0x00000000800120dc
core   0: 0x000000008000ff6a (0xfe043703) ld      a4, -32(s0)
core   0: 3 0x000000008000ff6a (0xfe043703) x14 0x000000008001205e mem 0x0000000080031f50
core   0: 0x000000008000ff6e (0xfcf76de3) bltu    a4, a5, pc - 38
core   0: 3 0x000000008000ff6e (0xfcf76de3)
core   0: 0x000000008000ff48 (0xfe043783) ld      a5, -32(s0)
core   0: 3 0x000000008000ff48 (0xfe043783) x15 0x000000008001205e mem 0x0000000080031f50
core   0: 0x000000008000ff4c (0x00178713) addi    a4, a5, 1
core   0: 3 0x000000008000ff4c (0x00178713) x14 0x000000008001205f
core   0: 0x000000008000ff50 (0xfee43023) sd      a4, -32(s0)
core   0: 3 0x000000008000ff50 (0xfee43023) mem 0x0000000080031f50 0x000000008001205f
core   0: 0x000000008000ff54 (0xfc442703) lw      a4, -60(s0)
core   0: 3 0x000000008000ff54 (0xfc442703) x14 0x0000000000000000 mem 0x0000000080031f34
core   0: 0x000000008000ff58 (0x0ff77713) andi    a4, a4, 255
core   0: 3 0x000000008000ff58 (0x0ff77713) x14 0x0000000000000000
core   0: 0x000000008000ff5c (0x00e78023) sb      a4, 0(a5)
core   0: 3 0x000000008000ff5c (0x00e78023) mem 0x000000008001205e 0x00
core   0: 0x000000008000ff60 (0xfc843703) ld      a4, -56(s0)
core   0: 3 0x000000008000ff60 (0xfc843703) x14 0x0000000080012040 mem 0x0000000080031f38
core   0: 0x000000008000ff64 (0xfb843783) ld      a5, -72(s0)
core   0: 3 0x000000008000ff64 (0xfb843783) x15 0x000000000000009c mem 0x0000000080031f28
core   0: 0x000000008000ff68 (0x000097ba) c.add   a5, a4
core   0: 3 0x000000008000ff68 (0x97ba) x15 0x00000000800120dc
core   0: 0x000000008000ff6a (0xfe043703) ld      a4, -32(s0)
core   0: 3 0x000000008000ff6a (0xfe043703) x14 0x000000008001205f mem 0x0000000080031f50
core   0: 0x000000008000ff6e (0xfcf76de3) bltu    a4, a5, pc - 38
core   0: 3 0x000000008000ff6e (0xfcf76de3)
core   0: 0x000000008000ff48 (0xfe043783) ld      a5, -32(s0)
core   0: 3 0x000000008000ff48 (0xfe043783) x15 0x000000008001205f mem 0x0000000080031f50
core   0: 0x000000008000ff4c (0x00178713) addi    a4, a5, 1
core   0: 3 0x000000008000ff4c (0x00178713) x14 0x0000000080012060
core   0: 0x000000008000ff50 (0xfee43023) sd      a4, -32(s0)
core   0: 3 0x000000008000ff50 (0xfee43023) mem 0x0000000080031f50 0x0000000080012060
core   0: 0x000000008000ff54 (0xfc442703) lw      a4, -60(s0)
core   0: 3 0x000000008000ff54 (0xfc442703) x14 0x0000000000000000 mem 0x0000000080031f34
core   0: 0x000000008000ff58 (0x0ff77713) andi    a4, a4, 255
core   0: 3 0x000000008000ff58 (0x0ff77713) x14 0x0000000000000000
core   0: 0x000000008000ff5c (0x00e78023) sb      a4, 0(a5)
core   0: 3 0x000000008000ff5c (0x00e78023) mem 0x000000008001205f 0x00
core   0: 0x000000008000ff60 (0xfc843703) ld      a4, -56(s0)
core   0: 3 0x000000008000ff60 (0xfc843703) x14 0x0000000080012040 mem 0x0000000080031f38
core   0: 0x000000008000ff64 (0xfb843783) ld      a5, -72(s0)
core   0: 3 0x000000008000ff64 (0xfb843783) x15 0x000000000000009c mem 0x0000000080031f28
core   0: 0x000000008000ff68 (0x000097ba) c.add   a5, a4
core   0: 3 0x000000008000ff68 (0x97ba) x15 0x00000000800120dc
core   0: 0x000000008000ff6a (0xfe043703) ld      a4, -32(s0)
core   0: 3 0x000000008000ff6a (0xfe043703) x14 0x0000000080012060 mem 0x0000000080031f50
core   0: 0x000000008000ff6e (0xfcf76de3) bltu    a4, a5, pc - 38
core   0: 3 0x000000008000ff6e (0xfcf76de3)
core   0: 0x000000008000ff48 (0xfe043783) ld      a5, -32(s0)
core   0: 3 0x000000008000ff48 (0xfe043783) x15 0x0000000080012060 mem 0x0000000080031f50
core   0: 0x000000008000ff4c (0x00178713) addi    a4, a5, 1
core   0: 3 0x000000008000ff4c (0x00178713) x14 0x0000000080012061
core   0: 0x000000008000ff50 (0xfee43023) sd      a4, -32(s0)
core   0: 3 0x000000008000ff50 (0xfee43023) mem 0x0000000080031f50 0x0000000080012061
core   0: 0x000000008000ff54 (0xfc442703) lw      a4, -60(s0)
core   0: 3 0x000000008000ff54 (0xfc442703) x14 0x0000000000000000 mem 0x0000000080031f34
core   0: 0x000000008000ff58 (0x0ff77713) andi    a4, a4, 255
core   0: 3 0x000000008000ff58 (0x0ff77713) x14 0x0000000000000000
core   0: 0x000000008000ff5c (0x00e78023) sb      a4, 0(a5)
core   0: 3 0x000000008000ff5c (0x00e78023) mem 0x0000000080012060 0x00
core   0: 0x000000008000ff60 (0xfc843703) ld      a4, -56(s0)
core   0: 3 0x000000008000ff60 (0xfc843703) x14 0x0000000080012040 mem 0x0000000080031f38
core   0: 0x000000008000ff64 (0xfb843783) ld      a5, -72(s0)
core   0: 3 0x000000008000ff64 (0xfb843783) x15 0x000000000000009c mem 0x0000000080031f28
core   0: 0x000000008000ff68 (0x000097ba) c.add   a5, a4
core   0: 3 0x000000008000ff68 (0x97ba) x15 0x00000000800120dc
core   0: 0x000000008000ff6a (0xfe043703) ld      a4, -32(s0)
core   0: 3 0x000000008000ff6a (0xfe043703) x14 0x0000000080012061 mem 0x0000000080031f50
core   0: 0x000000008000ff6e (0xfcf76de3) bltu    a4, a5, pc - 38
core   0: 3 0x000000008000ff6e (0xfcf76de3)
core   0: 0x000000008000ff48 (0xfe043783) ld      a5, -32(s0)
core   0: 3 0x000000008000ff48 (0xfe043783) x15 0x0000000080012061 mem 0x0000000080031f50
core   0: 0x000000008000ff4c (0x00178713) addi    a4, a5, 1
core   0: 3 0x000000008000ff4c (0x00178713) x14 0x0000000080012062
core   0: 0x000000008000ff50 (0xfee43023) sd      a4, -32(s0)
core   0: 3 0x000000008000ff50 (0xfee43023) mem 0x0000000080031f50 0x0000000080012062
core   0: 0x000000008000ff54 (0xfc442703) lw      a4, -60(s0)
core   0: 3 0x000000008000ff54 (0xfc442703) x14 0x0000000000000000 mem 0x0000000080031f34
core   0: 0x000000008000ff58 (0x0ff77713) andi    a4, a4, 255
core   0: 3 0x000000008000ff58 (0x0ff77713) x14 0x0000000000000000
core   0: 0x000000008000ff5c (0x00e78023) sb      a4, 0(a5)
core   0: 3 0x000000008000ff5c (0x00e78023) mem 0x0000000080012061 0x00
core   0: 0x000000008000ff60 (0xfc843703) ld      a4, -56(s0)
core   0: 3 0x000000008000ff60 (0xfc843703) x14 0x0000000080012040 mem 0x0000000080031f38
core   0: 0x000000008000ff64 (0xfb843783) ld      a5, -72(s0)
core   0: 3 0x000000008000ff64 (0xfb843783) x15 0x000000000000009c mem 0x0000000080031f28
core   0: 0x000000008000ff68 (0x000097ba) c.add   a5, a4
core   0: 3 0x000000008000ff68 (0x97ba) x15 0x00000000800120dc
core   0: 0x000000008000ff6a (0xfe043703) ld      a4, -32(s0)
core   0: 3 0x000000008000ff6a (0xfe043703) x14 0x0000000080012062 mem 0x0000000080031f50
core   0: 0x000000008000ff6e (0xfcf76de3) bltu    a4, a5, pc - 38
core   0: 3 0x000000008000ff6e (0xfcf76de3)
core   0: 0x000000008000ff48 (0xfe043783) ld      a5, -32(s0)
core   0: 3 0x000000008000ff48 (0xfe043783) x15 0x0000000080012062 mem 0x0000000080031f50
core   0: 0x000000008000ff4c (0x00178713) addi    a4, a5, 1
core   0: 3 0x000000008000ff4c (0x00178713) x14 0x0000000080012063
core   0: 0x000000008000ff50 (0xfee43023) sd      a4, -32(s0)
core   0: 3 0x000000008000ff50 (0xfee43023) mem 0x0000000080031f50 0x0000000080012063
core   0: 0x000000008000ff54 (0xfc442703) lw      a4, -60(s0)
core   0: 3 0x000000008000ff54 (0xfc442703) x14 0x0000000000000000 mem 0x0000000080031f34
core   0: 0x000000008000ff58 (0x0ff77713) andi    a4, a4, 255
core   0: 3 0x000000008000ff58 (0x0ff77713) x14 0x0000000000000000
core   0: 0x000000008000ff5c (0x00e78023) sb      a4, 0(a5)
core   0: 3 0x000000008000ff5c (0x00e78023) mem 0x0000000080012062 0x00
core   0: 0x000000008000ff60 (0xfc843703) ld      a4, -56(s0)
core   0: 3 0x000000008000ff60 (0xfc843703) x14 0x0000000080012040 mem 0x0000000080031f38
core   0: 0x000000008000ff64 (0xfb843783) ld      a5, -72(s0)
core   0: 3 0x000000008000ff64 (0xfb843783) x15 0x000000000000009c mem 0x0000000080031f28
core   0: 0x000000008000ff68 (0x000097ba) c.add   a5, a4
core   0: 3 0x000000008000ff68 (0x97ba) x15 0x00000000800120dc
core   0: 0x000000008000ff6a (0xfe043703) ld      a4, -32(s0)
core   0: 3 0x000000008000ff6a (0xfe043703) x14 0x0000000080012063 mem 0x0000000080031f50
core   0: 0x000000008000ff6e (0xfcf76de3) bltu    a4, a5, pc - 38
core   0: 3 0x000000008000ff6e (0xfcf76de3)
core   0: 0x000000008000ff48 (0xfe043783) ld      a5, -32(s0)
core   0: 3 0x000000008000ff48 (0xfe043783) x15 0x0000000080012063 mem 0x0000000080031f50
core   0: 0x000000008000ff4c (0x00178713) addi    a4, a5, 1
core   0: 3 0x000000008000ff4c (0x00178713) x14 0x0000000080012064
core   0: 0x000000008000ff50 (0xfee43023) sd      a4, -32(s0)
core   0: 3 0x000000008000ff50 (0xfee43023) mem 0x0000000080031f50 0x0000000080012064
core   0: 0x000000008000ff54 (0xfc442703) lw      a4, -60(s0)
core   0: 3 0x000000008000ff54 (0xfc442703) x14 0x0000000000000000 mem 0x0000000080031f34
core   0: 0x000000008000ff58 (0x0ff77713) andi    a4, a4, 255
core   0: 3 0x000000008000ff58 (0x0ff77713) x14 0x0000000000000000
core   0: 0x000000008000ff5c (0x00e78023) sb      a4, 0(a5)
core   0: 3 0x000000008000ff5c (0x00e78023) mem 0x0000000080012063 0x00
core   0: 0x000000008000ff60 (0xfc843703) ld      a4, -56(s0)
core   0: 3 0x000000008000ff60 (0xfc843703) x14 0x0000000080012040 mem 0x0000000080031f38
core   0: 0x000000008000ff64 (0xfb843783) ld      a5, -72(s0)
core   0: 3 0x000000008000ff64 (0xfb843783) x15 0x000000000000009c mem 0x0000000080031f28
core   0: 0x000000008000ff68 (0x000097ba) c.add   a5, a4
core   0: 3 0x000000008000ff68 (0x97ba) x15 0x00000000800120dc
core   0: 0x000000008000ff6a (0xfe043703) ld      a4, -32(s0)
core   0: 3 0x000000008000ff6a (0xfe043703) x14 0x0000000080012064 mem 0x0000000080031f50
core   0: 0x000000008000ff6e (0xfcf76de3) bltu    a4, a5, pc - 38
core   0: 3 0x000000008000ff6e (0xfcf76de3)
core   0: 0x000000008000ff48 (0xfe043783) ld      a5, -32(s0)
core   0: 3 0x000000008000ff48 (0xfe043783) x15 0x0000000080012064 mem 0x0000000080031f50
core   0: 0x000000008000ff4c (0x00178713) addi    a4, a5, 1
core   0: 3 0x000000008000ff4c (0x00178713) x14 0x0000000080012065
core   0: 0x000000008000ff50 (0xfee43023) sd      a4, -32(s0)
core   0: 3 0x000000008000ff50 (0xfee43023) mem 0x0000000080031f50 0x0000000080012065
core   0: 0x000000008000ff54 (0xfc442703) lw      a4, -60(s0)
core   0: 3 0x000000008000ff54 (0xfc442703) x14 0x0000000000000000 mem 0x0000000080031f34
core   0: 0x000000008000ff58 (0x0ff77713) andi    a4, a4, 255
core   0: 3 0x000000008000ff58 (0x0ff77713) x14 0x0000000000000000
core   0: 0x000000008000ff5c (0x00e78023) sb      a4, 0(a5)
core   0: 3 0x000000008000ff5c (0x00e78023) mem 0x0000000080012064 0x00
core   0: 0x000000008000ff60 (0xfc843703) ld      a4, -56(s0)
core   0: 3 0x000000008000ff60 (0xfc843703) x14 0x0000000080012040 mem 0x0000000080031f38
core   0: 0x000000008000ff64 (0xfb843783) ld      a5, -72(s0)
core   0: 3 0x000000008000ff64 (0xfb843783) x15 0x000000000000009c mem 0x0000000080031f28
core   0: 0x000000008000ff68 (0x000097ba) c.add   a5, a4
core   0: 3 0x000000008000ff68 (0x97ba) x15 0x00000000800120dc
core   0: 0x000000008000ff6a (0xfe043703) ld      a4, -32(s0)
core   0: 3 0x000000008000ff6a (0xfe043703) x14 0x0000000080012065 mem 0x0000000080031f50
core   0: 0x000000008000ff6e (0xfcf76de3) bltu    a4, a5, pc - 38
core   0: 3 0x000000008000ff6e (0xfcf76de3)
core   0: 0x000000008000ff48 (0xfe043783) ld      a5, -32(s0)
core   0: 3 0x000000008000ff48 (0xfe043783) x15 0x0000000080012065 mem 0x0000000080031f50
core   0: 0x000000008000ff4c (0x00178713) addi    a4, a5, 1
core   0: 3 0x000000008000ff4c (0x00178713) x14 0x0000000080012066
core   0: 0x000000008000ff50 (0xfee43023) sd      a4, -32(s0)
core   0: 3 0x000000008000ff50 (0xfee43023) mem 0x0000000080031f50 0x0000000080012066
core   0: 0x000000008000ff54 (0xfc442703) lw      a4, -60(s0)
core   0: 3 0x000000008000ff54 (0xfc442703) x14 0x0000000000000000 mem 0x0000000080031f34
core   0: 0x000000008000ff58 (0x0ff77713) andi    a4, a4, 255
core   0: 3 0x000000008000ff58 (0x0ff77713) x14 0x0000000000000000
core   0: 0x000000008000ff5c (0x00e78023) sb      a4, 0(a5)
core   0: 3 0x000000008000ff5c (0x00e78023) mem 0x0000000080012065 0x00
core   0: 0x000000008000ff60 (0xfc843703) ld      a4, -56(s0)
core   0: 3 0x000000008000ff60 (0xfc843703) x14 0x0000000080012040 mem 0x0000000080031f38
core   0: 0x000000008000ff64 (0xfb843783) ld      a5, -72(s0)
core   0: 3 0x000000008000ff64 (0xfb843783) x15 0x000000000000009c mem 0x0000000080031f28
core   0: 0x000000008000ff68 (0x000097ba) c.add   a5, a4
core   0: 3 0x000000008000ff68 (0x97ba) x15 0x00000000800120dc
core   0: 0x000000008000ff6a (0xfe043703) ld      a4, -32(s0)
core   0: 3 0x000000008000ff6a (0xfe043703) x14 0x0000000080012066 mem 0x0000000080031f50
core   0: 0x000000008000ff6e (0xfcf76de3) bltu    a4, a5, pc - 38
core   0: 3 0x000000008000ff6e (0xfcf76de3)
core   0: 0x000000008000ff48 (0xfe043783) ld      a5, -32(s0)
core   0: 3 0x000000008000ff48 (0xfe043783) x15 0x0000000080012066 mem 0x0000000080031f50
core   0: 0x000000008000ff4c (0x00178713) addi    a4, a5, 1
core   0: 3 0x000000008000ff4c (0x00178713) x14 0x0000000080012067
core   0: 0x000000008000ff50 (0xfee43023) sd      a4, -32(s0)
core   0: 3 0x000000008000ff50 (0xfee43023) mem 0x0000000080031f50 0x0000000080012067
core   0: 0x000000008000ff54 (0xfc442703) lw      a4, -60(s0)
core   0: 3 0x000000008000ff54 (0xfc442703) x14 0x0000000000000000 mem 0x0000000080031f34
core   0: 0x000000008000ff58 (0x0ff77713) andi    a4, a4, 255
core   0: 3 0x000000008000ff58 (0x0ff77713) x14 0x0000000000000000
core   0: 0x000000008000ff5c (0x00e78023) sb      a4, 0(a5)
core   0: 3 0x000000008000ff5c (0x00e78023) mem 0x0000000080012066 0x00
core   0: 0x000000008000ff60 (0xfc843703) ld      a4, -56(s0)
core   0: 3 0x000000008000ff60 (0xfc843703) x14 0x0000000080012040 mem 0x0000000080031f38
core   0: 0x000000008000ff64 (0xfb843783) ld      a5, -72(s0)
core   0: 3 0x000000008000ff64 (0xfb843783) x15 0x000000000000009c mem 0x0000000080031f28
core   0: 0x000000008000ff68 (0x000097ba) c.add   a5, a4
core   0: 3 0x000000008000ff68 (0x97ba) x15 0x00000000800120dc
core   0: 0x000000008000ff6a (0xfe043703) ld      a4, -32(s0)
core   0: 3 0x000000008000ff6a (0xfe043703) x14 0x0000000080012067 mem 0x0000000080031f50
core   0: 0x000000008000ff6e (0xfcf76de3) bltu    a4, a5, pc - 38
core   0: 3 0x000000008000ff6e (0xfcf76de3)
core   0: 0x000000008000ff48 (0xfe043783) ld      a5, -32(s0)
core   0: 3 0x000000008000ff48 (0xfe043783) x15 0x0000000080012067 mem 0x0000000080031f50
core   0: 0x000000008000ff4c (0x00178713) addi    a4, a5, 1
core   0: 3 0x000000008000ff4c (0x00178713) x14 0x0000000080012068
core   0: 0x000000008000ff50 (0xfee43023) sd      a4, -32(s0)
core   0: 3 0x000000008000ff50 (0xfee43023) mem 0x0000000080031f50 0x0000000080012068
core   0: 0x000000008000ff54 (0xfc442703) lw      a4, -60(s0)
core   0: 3 0x000000008000ff54 (0xfc442703) x14 0x0000000000000000 mem 0x0000000080031f34
core   0: 0x000000008000ff58 (0x0ff77713) andi    a4, a4, 255
core   0: 3 0x000000008000ff58 (0x0ff77713) x14 0x0000000000000000
core   0: 0x000000008000ff5c (0x00e78023) sb      a4, 0(a5)
core   0: 3 0x000000008000ff5c (0x00e78023) mem 0x0000000080012067 0x00
core   0: 0x000000008000ff60 (0xfc843703) ld      a4, -56(s0)
core   0: 3 0x000000008000ff60 (0xfc843703) x14 0x0000000080012040 mem 0x0000000080031f38
core   0: 0x000000008000ff64 (0xfb843783) ld      a5, -72(s0)
core   0: 3 0x000000008000ff64 (0xfb843783) x15 0x000000000000009c mem 0x0000000080031f28
core   0: 0x000000008000ff68 (0x000097ba) c.add   a5, a4
core   0: 3 0x000000008000ff68 (0x97ba) x15 0x00000000800120dc
core   0: 0x000000008000ff6a (0xfe043703) ld      a4, -32(s0)
core   0: 3 0x000000008000ff6a (0xfe043703) x14 0x0000000080012068 mem 0x0000000080031f50
core   0: 0x000000008000ff6e (0xfcf76de3) bltu    a4, a5, pc - 38
core   0: 3 0x000000008000ff6e (0xfcf76de3)
core   0: 0x000000008000ff48 (0xfe043783) ld      a5, -32(s0)
core   0: 3 0x000000008000ff48 (0xfe043783) x15 0x0000000080012068 mem 0x0000000080031f50
core   0: 0x000000008000ff4c (0x00178713) addi    a4, a5, 1
core   0: 3 0x000000008000ff4c (0x00178713) x14 0x0000000080012069
core   0: 0x000000008000ff50 (0xfee43023) sd      a4, -32(s0)
core   0: 3 0x000000008000ff50 (0xfee43023) mem 0x0000000080031f50 0x0000000080012069
core   0: 0x000000008000ff54 (0xfc442703) lw      a4, -60(s0)
core   0: 3 0x000000008000ff54 (0xfc442703) x14 0x0000000000000000 mem 0x0000000080031f34
core   0: 0x000000008000ff58 (0x0ff77713) andi    a4, a4, 255
core   0: 3 0x000000008000ff58 (0x0ff77713) x14 0x0000000000000000
core   0: 0x000000008000ff5c (0x00e78023) sb      a4, 0(a5)
core   0: 3 0x000000008000ff5c (0x00e78023) mem 0x0000000080012068 0x00
core   0: 0x000000008000ff60 (0xfc843703) ld      a4, -56(s0)
core   0: 3 0x000000008000ff60 (0xfc843703) x14 0x0000000080012040 mem 0x0000000080031f38
core   0: 0x000000008000ff64 (0xfb843783) ld      a5, -72(s0)
core   0: 3 0x000000008000ff64 (0xfb843783) x15 0x000000000000009c mem 0x0000000080031f28
core   0: 0x000000008000ff68 (0x000097ba) c.add   a5, a4
core   0: 3 0x000000008000ff68 (0x97ba) x15 0x00000000800120dc
core   0: 0x000000008000ff6a (0xfe043703) ld      a4, -32(s0)
core   0: 3 0x000000008000ff6a (0xfe043703) x14 0x0000000080012069 mem 0x0000000080031f50
core   0: 0x000000008000ff6e (0xfcf76de3) bltu    a4, a5, pc - 38
core   0: 3 0x000000008000ff6e (0xfcf76de3)
core   0: 0x000000008000ff48 (0xfe043783) ld      a5, -32(s0)
core   0: 3 0x000000008000ff48 (0xfe043783) x15 0x0000000080012069 mem 0x0000000080031f50
core   0: 0x000000008000ff4c (0x00178713) addi    a4, a5, 1
core   0: 3 0x000000008000ff4c (0x00178713) x14 0x000000008001206a
core   0: 0x000000008000ff50 (0xfee43023) sd      a4, -32(s0)
core   0: 3 0x000000008000ff50 (0xfee43023) mem 0x0000000080031f50 0x000000008001206a
core   0: 0x000000008000ff54 (0xfc442703) lw      a4, -60(s0)
core   0: 3 0x000000008000ff54 (0xfc442703) x14 0x0000000000000000 mem 0x0000000080031f34
core   0: 0x000000008000ff58 (0x0ff77713) andi    a4, a4, 255
core   0: 3 0x000000008000ff58 (0x0ff77713) x14 0x0000000000000000
core   0: 0x000000008000ff5c (0x00e78023) sb      a4, 0(a5)
core   0: 3 0x000000008000ff5c (0x00e78023) mem 0x0000000080012069 0x00
core   0: 0x000000008000ff60 (0xfc843703) ld      a4, -56(s0)
core   0: 3 0x000000008000ff60 (0xfc843703) x14 0x0000000080012040 mem 0x0000000080031f38
core   0: 0x000000008000ff64 (0xfb843783) ld      a5, -72(s0)
core   0: 3 0x000000008000ff64 (0xfb843783) x15 0x000000000000009c mem 0x0000000080031f28
core   0: 0x000000008000ff68 (0x000097ba) c.add   a5, a4
core   0: 3 0x000000008000ff68 (0x97ba) x15 0x00000000800120dc
core   0: 0x000000008000ff6a (0xfe043703) ld      a4, -32(s0)
core   0: 3 0x000000008000ff6a (0xfe043703) x14 0x000000008001206a mem 0x0000000080031f50
core   0: 0x000000008000ff6e (0xfcf76de3) bltu    a4, a5, pc - 38
core   0: 3 0x000000008000ff6e (0xfcf76de3)
core   0: 0x000000008000ff48 (0xfe043783) ld      a5, -32(s0)
core   0: 3 0x000000008000ff48 (0xfe043783) x15 0x000000008001206a mem 0x0000000080031f50
core   0: 0x000000008000ff4c (0x00178713) addi    a4, a5, 1
core   0: 3 0x000000008000ff4c (0x00178713) x14 0x000000008001206b
core   0: 0x000000008000ff50 (0xfee43023) sd      a4, -32(s0)
core   0: 3 0x000000008000ff50 (0xfee43023) mem 0x0000000080031f50 0x000000008001206b
core   0: 0x000000008000ff54 (0xfc442703) lw      a4, -60(s0)
core   0: 3 0x000000008000ff54 (0xfc442703) x14 0x0000000000000000 mem 0x0000000080031f34
core   0: 0x000000008000ff58 (0x0ff77713) andi    a4, a4, 255
core   0: 3 0x000000008000ff58 (0x0ff77713) x14 0x0000000000000000
core   0: 0x000000008000ff5c (0x00e78023) sb      a4, 0(a5)
core   0: 3 0x000000008000ff5c (0x00e78023) mem 0x000000008001206a 0x00
core   0: 0x000000008000ff60 (0xfc843703) ld      a4, -56(s0)
core   0: 3 0x000000008000ff60 (0xfc843703) x14 0x0000000080012040 mem 0x0000000080031f38
core   0: 0x000000008000ff64 (0xfb843783) ld      a5, -72(s0)
core   0: 3 0x000000008000ff64 (0xfb843783) x15 0x000000000000009c mem 0x0000000080031f28
core   0: 0x000000008000ff68 (0x000097ba) c.add   a5, a4
core   0: 3 0x000000008000ff68 (0x97ba) x15 0x00000000800120dc
core   0: 0x000000008000ff6a (0xfe043703) ld      a4, -32(s0)
core   0: 3 0x000000008000ff6a (0xfe043703) x14 0x000000008001206b mem 0x0000000080031f50
core   0: 0x000000008000ff6e (0xfcf76de3) bltu    a4, a5, pc - 38
core   0: 3 0x000000008000ff6e (0xfcf76de3)
core   0: 0x000000008000ff48 (0xfe043783) ld      a5, -32(s0)
core   0: 3 0x000000008000ff48 (0xfe043783) x15 0x000000008001206b mem 0x0000000080031f50
core   0: 0x000000008000ff4c (0x00178713) addi    a4, a5, 1
core   0: 3 0x000000008000ff4c (0x00178713) x14 0x000000008001206c
core   0: 0x000000008000ff50 (0xfee43023) sd      a4, -32(s0)
core   0: 3 0x000000008000ff50 (0xfee43023) mem 0x0000000080031f50 0x000000008001206c
core   0: 0x000000008000ff54 (0xfc442703) lw      a4, -60(s0)
core   0: 3 0x000000008000ff54 (0xfc442703) x14 0x0000000000000000 mem 0x0000000080031f34
core   0: 0x000000008000ff58 (0x0ff77713) andi    a4, a4, 255
core   0: 3 0x000000008000ff58 (0x0ff77713) x14 0x0000000000000000
core   0: 0x000000008000ff5c (0x00e78023) sb      a4, 0(a5)
core   0: 3 0x000000008000ff5c (0x00e78023) mem 0x000000008001206b 0x00
core   0: 0x000000008000ff60 (0xfc843703) ld      a4, -56(s0)
core   0: 3 0x000000008000ff60 (0xfc843703) x14 0x0000000080012040 mem 0x0000000080031f38
core   0: 0x000000008000ff64 (0xfb843783) ld      a5, -72(s0)
core   0: 3 0x000000008000ff64 (0xfb843783) x15 0x000000000000009c mem 0x0000000080031f28
core   0: 0x000000008000ff68 (0x000097ba) c.add   a5, a4
core   0: 3 0x000000008000ff68 (0x97ba) x15 0x00000000800120dc
core   0: 0x000000008000ff6a (0xfe043703) ld      a4, -32(s0)
core   0: 3 0x000000008000ff6a (0xfe043703) x14 0x000000008001206c mem 0x0000000080031f50
core   0: 0x000000008000ff6e (0xfcf76de3) bltu    a4, a5, pc - 38
core   0: 3 0x000000008000ff6e (0xfcf76de3)
core   0: 0x000000008000ff48 (0xfe043783) ld      a5, -32(s0)
core   0: 3 0x000000008000ff48 (0xfe043783) x15 0x000000008001206c mem 0x0000000080031f50
core   0: 0x000000008000ff4c (0x00178713) addi    a4, a5, 1
core   0: 3 0x000000008000ff4c (0x00178713) x14 0x000000008001206d
core   0: 0x000000008000ff50 (0xfee43023) sd      a4, -32(s0)
core   0: 3 0x000000008000ff50 (0xfee43023) mem 0x0000000080031f50 0x000000008001206d
core   0: 0x000000008000ff54 (0xfc442703) lw      a4, -60(s0)
core   0: 3 0x000000008000ff54 (0xfc442703) x14 0x0000000000000000 mem 0x0000000080031f34
core   0: 0x000000008000ff58 (0x0ff77713) andi    a4, a4, 255
core   0: 3 0x000000008000ff58 (0x0ff77713) x14 0x0000000000000000
core   0: 0x000000008000ff5c (0x00e78023) sb      a4, 0(a5)
core   0: 3 0x000000008000ff5c (0x00e78023) mem 0x000000008001206c 0x00
core   0: 0x000000008000ff60 (0xfc843703) ld      a4, -56(s0)
core   0: 3 0x000000008000ff60 (0xfc843703) x14 0x0000000080012040 mem 0x0000000080031f38
core   0: 0x000000008000ff64 (0xfb843783) ld      a5, -72(s0)
core   0: 3 0x000000008000ff64 (0xfb843783) x15 0x000000000000009c mem 0x0000000080031f28
core   0: 0x000000008000ff68 (0x000097ba) c.add   a5, a4
core   0: 3 0x000000008000ff68 (0x97ba) x15 0x00000000800120dc
core   0: 0x000000008000ff6a (0xfe043703) ld      a4, -32(s0)
core   0: 3 0x000000008000ff6a (0xfe043703) x14 0x000000008001206d mem 0x0000000080031f50
core   0: 0x000000008000ff6e (0xfcf76de3) bltu    a4, a5, pc - 38
core   0: 3 0x000000008000ff6e (0xfcf76de3)
core   0: 0x000000008000ff48 (0xfe043783) ld      a5, -32(s0)
core   0: 3 0x000000008000ff48 (0xfe043783) x15 0x000000008001206d mem 0x0000000080031f50
core   0: 0x000000008000ff4c (0x00178713) addi    a4, a5, 1
core   0: 3 0x000000008000ff4c (0x00178713) x14 0x000000008001206e
core   0: 0x000000008000ff50 (0xfee43023) sd      a4, -32(s0)
core   0: 3 0x000000008000ff50 (0xfee43023) mem 0x0000000080031f50 0x000000008001206e
core   0: 0x000000008000ff54 (0xfc442703) lw      a4, -60(s0)
core   0: 3 0x000000008000ff54 (0xfc442703) x14 0x0000000000000000 mem 0x0000000080031f34
core   0: 0x000000008000ff58 (0x0ff77713) andi    a4, a4, 255
core   0: 3 0x000000008000ff58 (0x0ff77713) x14 0x0000000000000000
core   0: 0x000000008000ff5c (0x00e78023) sb      a4, 0(a5)
core   0: 3 0x000000008000ff5c (0x00e78023) mem 0x000000008001206d 0x00
core   0: 0x000000008000ff60 (0xfc843703) ld      a4, -56(s0)
core   0: 3 0x000000008000ff60 (0xfc843703) x14 0x0000000080012040 mem 0x0000000080031f38
core   0: 0x000000008000ff64 (0xfb843783) ld      a5, -72(s0)
core   0: 3 0x000000008000ff64 (0xfb843783) x15 0x000000000000009c mem 0x0000000080031f28
core   0: 0x000000008000ff68 (0x000097ba) c.add   a5, a4
core   0: 3 0x000000008000ff68 (0x97ba) x15 0x00000000800120dc
core   0: 0x000000008000ff6a (0xfe043703) ld      a4, -32(s0)
core   0: 3 0x000000008000ff6a (0xfe043703) x14 0x000000008001206e mem 0x0000000080031f50
core   0: 0x000000008000ff6e (0xfcf76de3) bltu    a4, a5, pc - 38
core   0: 3 0x000000008000ff6e (0xfcf76de3)
core   0: 0x000000008000ff48 (0xfe043783) ld      a5, -32(s0)
core   0: 3 0x000000008000ff48 (0xfe043783) x15 0x000000008001206e mem 0x0000000080031f50
core   0: 0x000000008000ff4c (0x00178713) addi    a4, a5, 1
core   0: 3 0x000000008000ff4c (0x00178713) x14 0x000000008001206f
core   0: 0x000000008000ff50 (0xfee43023) sd      a4, -32(s0)
core   0: 3 0x000000008000ff50 (0xfee43023) mem 0x0000000080031f50 0x000000008001206f
core   0: 0x000000008000ff54 (0xfc442703) lw      a4, -60(s0)
core   0: 3 0x000000008000ff54 (0xfc442703) x14 0x0000000000000000 mem 0x0000000080031f34
core   0: 0x000000008000ff58 (0x0ff77713) andi    a4, a4, 255
core   0: 3 0x000000008000ff58 (0x0ff77713) x14 0x0000000000000000
core   0: 0x000000008000ff5c (0x00e78023) sb      a4, 0(a5)
core   0: 3 0x000000008000ff5c (0x00e78023) mem 0x000000008001206e 0x00
core   0: 0x000000008000ff60 (0xfc843703) ld      a4, -56(s0)
core   0: 3 0x000000008000ff60 (0xfc843703) x14 0x0000000080012040 mem 0x0000000080031f38
core   0: 0x000000008000ff64 (0xfb843783) ld      a5, -72(s0)
core   0: 3 0x000000008000ff64 (0xfb843783) x15 0x000000000000009c mem 0x0000000080031f28
core   0: 0x000000008000ff68 (0x000097ba) c.add   a5, a4
core   0: 3 0x000000008000ff68 (0x97ba) x15 0x00000000800120dc
core   0: 0x000000008000ff6a (0xfe043703) ld      a4, -32(s0)
core   0: 3 0x000000008000ff6a (0xfe043703) x14 0x000000008001206f mem 0x0000000080031f50
core   0: 0x000000008000ff6e (0xfcf76de3) bltu    a4, a5, pc - 38
core   0: 3 0x000000008000ff6e (0xfcf76de3)
core   0: 0x000000008000ff48 (0xfe043783) ld      a5, -32(s0)
core   0: 3 0x000000008000ff48 (0xfe043783) x15 0x000000008001206f mem 0x0000000080031f50
core   0: 0x000000008000ff4c (0x00178713) addi    a4, a5, 1
core   0: 3 0x000000008000ff4c (0x00178713) x14 0x0000000080012070
core   0: 0x000000008000ff50 (0xfee43023) sd      a4, -32(s0)
core   0: 3 0x000000008000ff50 (0xfee43023) mem 0x0000000080031f50 0x0000000080012070
core   0: 0x000000008000ff54 (0xfc442703) lw      a4, -60(s0)
core   0: 3 0x000000008000ff54 (0xfc442703) x14 0x0000000000000000 mem 0x0000000080031f34
core   0: 0x000000008000ff58 (0x0ff77713) andi    a4, a4, 255
core   0: 3 0x000000008000ff58 (0x0ff77713) x14 0x0000000000000000
core   0: 0x000000008000ff5c (0x00e78023) sb      a4, 0(a5)
core   0: 3 0x000000008000ff5c (0x00e78023) mem 0x000000008001206f 0x00
core   0: 0x000000008000ff60 (0xfc843703) ld      a4, -56(s0)
core   0: 3 0x000000008000ff60 (0xfc843703) x14 0x0000000080012040 mem 0x0000000080031f38
core   0: 0x000000008000ff64 (0xfb843783) ld      a5, -72(s0)
core   0: 3 0x000000008000ff64 (0xfb843783) x15 0x000000000000009c mem 0x0000000080031f28
core   0: 0x000000008000ff68 (0x000097ba) c.add   a5, a4
core   0: 3 0x000000008000ff68 (0x97ba) x15 0x00000000800120dc
core   0: 0x000000008000ff6a (0xfe043703) ld      a4, -32(s0)
core   0: 3 0x000000008000ff6a (0xfe043703) x14 0x0000000080012070 mem 0x0000000080031f50
core   0: 0x000000008000ff6e (0xfcf76de3) bltu    a4, a5, pc - 38
core   0: 3 0x000000008000ff6e (0xfcf76de3)
core   0: 0x000000008000ff48 (0xfe043783) ld      a5, -32(s0)
core   0: 3 0x000000008000ff48 (0xfe043783) x15 0x0000000080012070 mem 0x0000000080031f50
core   0: 0x000000008000ff4c (0x00178713) addi    a4, a5, 1
core   0: 3 0x000000008000ff4c (0x00178713) x14 0x0000000080012071
core   0: 0x000000008000ff50 (0xfee43023) sd      a4, -32(s0)
core   0: 3 0x000000008000ff50 (0xfee43023) mem 0x0000000080031f50 0x0000000080012071
core   0: 0x000000008000ff54 (0xfc442703) lw      a4, -60(s0)
core   0: 3 0x000000008000ff54 (0xfc442703) x14 0x0000000000000000 mem 0x0000000080031f34
core   0: 0x000000008000ff58 (0x0ff77713) andi    a4, a4, 255
core   0: 3 0x000000008000ff58 (0x0ff77713) x14 0x0000000000000000
core   0: 0x000000008000ff5c (0x00e78023) sb      a4, 0(a5)
core   0: 3 0x000000008000ff5c (0x00e78023) mem 0x0000000080012070 0x00
core   0: 0x000000008000ff60 (0xfc843703) ld      a4, -56(s0)
core   0: 3 0x000000008000ff60 (0xfc843703) x14 0x0000000080012040 mem 0x0000000080031f38
core   0: 0x000000008000ff64 (0xfb843783) ld      a5, -72(s0)
core   0: 3 0x000000008000ff64 (0xfb843783) x15 0x000000000000009c mem 0x0000000080031f28
core   0: 0x000000008000ff68 (0x000097ba) c.add   a5, a4
core   0: 3 0x000000008000ff68 (0x97ba) x15 0x00000000800120dc
core   0: 0x000000008000ff6a (0xfe043703) ld      a4, -32(s0)
core   0: 3 0x000000008000ff6a (0xfe043703) x14 0x0000000080012071 mem 0x0000000080031f50
core   0: 0x000000008000ff6e (0xfcf76de3) bltu    a4, a5, pc - 38
core   0: 3 0x000000008000ff6e (0xfcf76de3)
core   0: 0x000000008000ff48 (0xfe043783) ld      a5, -32(s0)
core   0: 3 0x000000008000ff48 (0xfe043783) x15 0x0000000080012071 mem 0x0000000080031f50
core   0: 0x000000008000ff4c (0x00178713) addi    a4, a5, 1
core   0: 3 0x000000008000ff4c (0x00178713) x14 0x0000000080012072
core   0: 0x000000008000ff50 (0xfee43023) sd      a4, -32(s0)
core   0: 3 0x000000008000ff50 (0xfee43023) mem 0x0000000080031f50 0x0000000080012072
core   0: 0x000000008000ff54 (0xfc442703) lw      a4, -60(s0)
core   0: 3 0x000000008000ff54 (0xfc442703) x14 0x0000000000000000 mem 0x0000000080031f34
core   0: 0x000000008000ff58 (0x0ff77713) andi    a4, a4, 255
core   0: 3 0x000000008000ff58 (0x0ff77713) x14 0x0000000000000000
core   0: 0x000000008000ff5c (0x00e78023) sb      a4, 0(a5)
core   0: 3 0x000000008000ff5c (0x00e78023) mem 0x0000000080012071 0x00
core   0: 0x000000008000ff60 (0xfc843703) ld      a4, -56(s0)
core   0: 3 0x000000008000ff60 (0xfc843703) x14 0x0000000080012040 mem 0x0000000080031f38
core   0: 0x000000008000ff64 (0xfb843783) ld      a5, -72(s0)
core   0: 3 0x000000008000ff64 (0xfb843783) x15 0x000000000000009c mem 0x0000000080031f28
core   0: 0x000000008000ff68 (0x000097ba) c.add   a5, a4
core   0: 3 0x000000008000ff68 (0x97ba) x15 0x00000000800120dc
core   0: 0x000000008000ff6a (0xfe043703) ld      a4, -32(s0)
core   0: 3 0x000000008000ff6a (0xfe043703) x14 0x0000000080012072 mem 0x0000000080031f50
core   0: 0x000000008000ff6e (0xfcf76de3) bltu    a4, a5, pc - 38
core   0: 3 0x000000008000ff6e (0xfcf76de3)
core   0: 0x000000008000ff48 (0xfe043783) ld      a5, -32(s0)
core   0: 3 0x000000008000ff48 (0xfe043783) x15 0x0000000080012072 mem 0x0000000080031f50
core   0: 0x000000008000ff4c (0x00178713) addi    a4, a5, 1
core   0: 3 0x000000008000ff4c (0x00178713) x14 0x0000000080012073
core   0: 0x000000008000ff50 (0xfee43023) sd      a4, -32(s0)
core   0: 3 0x000000008000ff50 (0xfee43023) mem 0x0000000080031f50 0x0000000080012073
core   0: 0x000000008000ff54 (0xfc442703) lw      a4, -60(s0)
core   0: 3 0x000000008000ff54 (0xfc442703) x14 0x0000000000000000 mem 0x0000000080031f34
core   0: 0x000000008000ff58 (0x0ff77713) andi    a4, a4, 255
core   0: 3 0x000000008000ff58 (0x0ff77713) x14 0x0000000000000000
core   0: 0x000000008000ff5c (0x00e78023) sb      a4, 0(a5)
core   0: 3 0x000000008000ff5c (0x00e78023) mem 0x0000000080012072 0x00
core   0: 0x000000008000ff60 (0xfc843703) ld      a4, -56(s0)
core   0: 3 0x000000008000ff60 (0xfc843703) x14 0x0000000080012040 mem 0x0000000080031f38
core   0: 0x000000008000ff64 (0xfb843783) ld      a5, -72(s0)
core   0: 3 0x000000008000ff64 (0xfb843783) x15 0x000000000000009c mem 0x0000000080031f28
core   0: 0x000000008000ff68 (0x000097ba) c.add   a5, a4
core   0: 3 0x000000008000ff68 (0x97ba) x15 0x00000000800120dc
core   0: 0x000000008000ff6a (0xfe043703) ld      a4, -32(s0)
core   0: 3 0x000000008000ff6a (0xfe043703) x14 0x0000000080012073 mem 0x0000000080031f50
core   0: 0x000000008000ff6e (0xfcf76de3) bltu    a4, a5, pc - 38
core   0: 3 0x000000008000ff6e (0xfcf76de3)
core   0: 0x000000008000ff48 (0xfe043783) ld      a5, -32(s0)
core   0: 3 0x000000008000ff48 (0xfe043783) x15 0x0000000080012073 mem 0x0000000080031f50
core   0: 0x000000008000ff4c (0x00178713) addi    a4, a5, 1
core   0: 3 0x000000008000ff4c (0x00178713) x14 0x0000000080012074
core   0: 0x000000008000ff50 (0xfee43023) sd      a4, -32(s0)
core   0: 3 0x000000008000ff50 (0xfee43023) mem 0x0000000080031f50 0x0000000080012074
core   0: 0x000000008000ff54 (0xfc442703) lw      a4, -60(s0)
core   0: 3 0x000000008000ff54 (0xfc442703) x14 0x0000000000000000 mem 0x0000000080031f34
core   0: 0x000000008000ff58 (0x0ff77713) andi    a4, a4, 255
core   0: 3 0x000000008000ff58 (0x0ff77713) x14 0x0000000000000000
core   0: 0x000000008000ff5c (0x00e78023) sb      a4, 0(a5)
core   0: 3 0x000000008000ff5c (0x00e78023) mem 0x0000000080012073 0x00
core   0: 0x000000008000ff60 (0xfc843703) ld      a4, -56(s0)
core   0: 3 0x000000008000ff60 (0xfc843703) x14 0x0000000080012040 mem 0x0000000080031f38
core   0: 0x000000008000ff64 (0xfb843783) ld      a5, -72(s0)
core   0: 3 0x000000008000ff64 (0xfb843783) x15 0x000000000000009c mem 0x0000000080031f28
core   0: 0x000000008000ff68 (0x000097ba) c.add   a5, a4
core   0: 3 0x000000008000ff68 (0x97ba) x15 0x00000000800120dc
core   0: 0x000000008000ff6a (0xfe043703) ld      a4, -32(s0)
core   0: 3 0x000000008000ff6a (0xfe043703) x14 0x0000000080012074 mem 0x0000000080031f50
core   0: 0x000000008000ff6e (0xfcf76de3) bltu    a4, a5, pc - 38
core   0: 3 0x000000008000ff6e (0xfcf76de3)
core   0: 0x000000008000ff48 (0xfe043783) ld      a5, -32(s0)
core   0: 3 0x000000008000ff48 (0xfe043783) x15 0x0000000080012074 mem 0x0000000080031f50
core   0: 0x000000008000ff4c (0x00178713) addi    a4, a5, 1
core   0: 3 0x000000008000ff4c (0x00178713) x14 0x0000000080012075
core   0: 0x000000008000ff50 (0xfee43023) sd      a4, -32(s0)
core   0: 3 0x000000008000ff50 (0xfee43023) mem 0x0000000080031f50 0x0000000080012075
core   0: 0x000000008000ff54 (0xfc442703) lw      a4, -60(s0)
core   0: 3 0x000000008000ff54 (0xfc442703) x14 0x0000000000000000 mem 0x0000000080031f34
core   0: 0x000000008000ff58 (0x0ff77713) andi    a4, a4, 255
core   0: 3 0x000000008000ff58 (0x0ff77713) x14 0x0000000000000000
core   0: 0x000000008000ff5c (0x00e78023) sb      a4, 0(a5)
core   0: 3 0x000000008000ff5c (0x00e78023) mem 0x0000000080012074 0x00
core   0: 0x000000008000ff60 (0xfc843703) ld      a4, -56(s0)
core   0: 3 0x000000008000ff60 (0xfc843703) x14 0x0000000080012040 mem 0x0000000080031f38
core   0: 0x000000008000ff64 (0xfb843783) ld      a5, -72(s0)
core   0: 3 0x000000008000ff64 (0xfb843783) x15 0x000000000000009c mem 0x0000000080031f28
core   0: 0x000000008000ff68 (0x000097ba) c.add   a5, a4
core   0: 3 0x000000008000ff68 (0x97ba) x15 0x00000000800120dc
core   0: 0x000000008000ff6a (0xfe043703) ld      a4, -32(s0)
core   0: 3 0x000000008000ff6a (0xfe043703) x14 0x0000000080012075 mem 0x0000000080031f50
core   0: 0x000000008000ff6e (0xfcf76de3) bltu    a4, a5, pc - 38
core   0: 3 0x000000008000ff6e (0xfcf76de3)
core   0: 0x000000008000ff48 (0xfe043783) ld      a5, -32(s0)
core   0: 3 0x000000008000ff48 (0xfe043783) x15 0x0000000080012075 mem 0x0000000080031f50
core   0: 0x000000008000ff4c (0x00178713) addi    a4, a5, 1
core   0: 3 0x000000008000ff4c (0x00178713) x14 0x0000000080012076
core   0: 0x000000008000ff50 (0xfee43023) sd      a4, -32(s0)
core   0: 3 0x000000008000ff50 (0xfee43023) mem 0x0000000080031f50 0x0000000080012076
core   0: 0x000000008000ff54 (0xfc442703) lw      a4, -60(s0)
core   0: 3 0x000000008000ff54 (0xfc442703) x14 0x0000000000000000 mem 0x0000000080031f34
core   0: 0x000000008000ff58 (0x0ff77713) andi    a4, a4, 255
core   0: 3 0x000000008000ff58 (0x0ff77713) x14 0x0000000000000000
core   0: 0x000000008000ff5c (0x00e78023) sb      a4, 0(a5)
core   0: 3 0x000000008000ff5c (0x00e78023) mem 0x0000000080012075 0x00
core   0: 0x000000008000ff60 (0xfc843703) ld      a4, -56(s0)
core   0: 3 0x000000008000ff60 (0xfc843703) x14 0x0000000080012040 mem 0x0000000080031f38
core   0: 0x000000008000ff64 (0xfb843783) ld      a5, -72(s0)
core   0: 3 0x000000008000ff64 (0xfb843783) x15 0x000000000000009c mem 0x0000000080031f28
core   0: 0x000000008000ff68 (0x000097ba) c.add   a5, a4
core   0: 3 0x000000008000ff68 (0x97ba) x15 0x00000000800120dc
core   0: 0x000000008000ff6a (0xfe043703) ld      a4, -32(s0)
core   0: 3 0x000000008000ff6a (0xfe043703) x14 0x0000000080012076 mem 0x0000000080031f50
core   0: 0x000000008000ff6e (0xfcf76de3) bltu    a4, a5, pc - 38
core   0: 3 0x000000008000ff6e (0xfcf76de3)
core   0: 0x000000008000ff48 (0xfe043783) ld      a5, -32(s0)
core   0: 3 0x000000008000ff48 (0xfe043783) x15 0x0000000080012076 mem 0x0000000080031f50
core   0: 0x000000008000ff4c (0x00178713) addi    a4, a5, 1
core   0: 3 0x000000008000ff4c (0x00178713) x14 0x0000000080012077
core   0: 0x000000008000ff50 (0xfee43023) sd      a4, -32(s0)
core   0: 3 0x000000008000ff50 (0xfee43023) mem 0x0000000080031f50 0x0000000080012077
core   0: 0x000000008000ff54 (0xfc442703) lw      a4, -60(s0)
core   0: 3 0x000000008000ff54 (0xfc442703) x14 0x0000000000000000 mem 0x0000000080031f34
core   0: 0x000000008000ff58 (0x0ff77713) andi    a4, a4, 255
core   0: 3 0x000000008000ff58 (0x0ff77713) x14 0x0000000000000000
core   0: 0x000000008000ff5c (0x00e78023) sb      a4, 0(a5)
core   0: 3 0x000000008000ff5c (0x00e78023) mem 0x0000000080012076 0x00
core   0: 0x000000008000ff60 (0xfc843703) ld      a4, -56(s0)
core   0: 3 0x000000008000ff60 (0xfc843703) x14 0x0000000080012040 mem 0x0000000080031f38
core   0: 0x000000008000ff64 (0xfb843783) ld      a5, -72(s0)
core   0: 3 0x000000008000ff64 (0xfb843783) x15 0x000000000000009c mem 0x0000000080031f28
core   0: 0x000000008000ff68 (0x000097ba) c.add   a5, a4
core   0: 3 0x000000008000ff68 (0x97ba) x15 0x00000000800120dc
core   0: 0x000000008000ff6a (0xfe043703) ld      a4, -32(s0)
core   0: 3 0x000000008000ff6a (0xfe043703) x14 0x0000000080012077 mem 0x0000000080031f50
core   0: 0x000000008000ff6e (0xfcf76de3) bltu    a4, a5, pc - 38
core   0: 3 0x000000008000ff6e (0xfcf76de3)
core   0: 0x000000008000ff48 (0xfe043783) ld      a5, -32(s0)
core   0: 3 0x000000008000ff48 (0xfe043783) x15 0x0000000080012077 mem 0x0000000080031f50
core   0: 0x000000008000ff4c (0x00178713) addi    a4, a5, 1
core   0: 3 0x000000008000ff4c (0x00178713) x14 0x0000000080012078
core   0: 0x000000008000ff50 (0xfee43023) sd      a4, -32(s0)
core   0: 3 0x000000008000ff50 (0xfee43023) mem 0x0000000080031f50 0x0000000080012078
core   0: 0x000000008000ff54 (0xfc442703) lw      a4, -60(s0)
core   0: 3 0x000000008000ff54 (0xfc442703) x14 0x0000000000000000 mem 0x0000000080031f34
core   0: 0x000000008000ff58 (0x0ff77713) andi    a4, a4, 255
core   0: 3 0x000000008000ff58 (0x0ff77713) x14 0x0000000000000000
core   0: 0x000000008000ff5c (0x00e78023) sb      a4, 0(a5)
core   0: 3 0x000000008000ff5c (0x00e78023) mem 0x0000000080012077 0x00
core   0: 0x000000008000ff60 (0xfc843703) ld      a4, -56(s0)
core   0: 3 0x000000008000ff60 (0xfc843703) x14 0x0000000080012040 mem 0x0000000080031f38
core   0: 0x000000008000ff64 (0xfb843783) ld      a5, -72(s0)
core   0: 3 0x000000008000ff64 (0xfb843783) x15 0x000000000000009c mem 0x0000000080031f28
core   0: 0x000000008000ff68 (0x000097ba) c.add   a5, a4
core   0: 3 0x000000008000ff68 (0x97ba) x15 0x00000000800120dc
core   0: 0x000000008000ff6a (0xfe043703) ld      a4, -32(s0)
core   0: 3 0x000000008000ff6a (0xfe043703) x14 0x0000000080012078 mem 0x0000000080031f50
core   0: 0x000000008000ff6e (0xfcf76de3) bltu    a4, a5, pc - 38
core   0: 3 0x000000008000ff6e (0xfcf76de3)
core   0: 0x000000008000ff48 (0xfe043783) ld      a5, -32(s0)
core   0: 3 0x000000008000ff48 (0xfe043783) x15 0x0000000080012078 mem 0x0000000080031f50
core   0: 0x000000008000ff4c (0x00178713) addi    a4, a5, 1
core   0: 3 0x000000008000ff4c (0x00178713) x14 0x0000000080012079
core   0: 0x000000008000ff50 (0xfee43023) sd      a4, -32(s0)
core   0: 3 0x000000008000ff50 (0xfee43023) mem 0x0000000080031f50 0x0000000080012079
core   0: 0x000000008000ff54 (0xfc442703) lw      a4, -60(s0)
core   0: 3 0x000000008000ff54 (0xfc442703) x14 0x0000000000000000 mem 0x0000000080031f34
core   0: 0x000000008000ff58 (0x0ff77713) andi    a4, a4, 255
core   0: 3 0x000000008000ff58 (0x0ff77713) x14 0x0000000000000000
core   0: 0x000000008000ff5c (0x00e78023) sb      a4, 0(a5)
core   0: 3 0x000000008000ff5c (0x00e78023) mem 0x0000000080012078 0x00
core   0: 0x000000008000ff60 (0xfc843703) ld      a4, -56(s0)
core   0: 3 0x000000008000ff60 (0xfc843703) x14 0x0000000080012040 mem 0x0000000080031f38
core   0: 0x000000008000ff64 (0xfb843783) ld      a5, -72(s0)
core   0: 3 0x000000008000ff64 (0xfb843783) x15 0x000000000000009c mem 0x0000000080031f28
core   0: 0x000000008000ff68 (0x000097ba) c.add   a5, a4
core   0: 3 0x000000008000ff68 (0x97ba) x15 0x00000000800120dc
core   0: 0x000000008000ff6a (0xfe043703) ld      a4, -32(s0)
core   0: 3 0x000000008000ff6a (0xfe043703) x14 0x0000000080012079 mem 0x0000000080031f50
core   0: 0x000000008000ff6e (0xfcf76de3) bltu    a4, a5, pc - 38
core   0: 3 0x000000008000ff6e (0xfcf76de3)
core   0: 0x000000008000ff48 (0xfe043783) ld      a5, -32(s0)
core   0: 3 0x000000008000ff48 (0xfe043783) x15 0x0000000080012079 mem 0x0000000080031f50
core   0: 0x000000008000ff4c (0x00178713) addi    a4, a5, 1
core   0: 3 0x000000008000ff4c (0x00178713) x14 0x000000008001207a
core   0: 0x000000008000ff50 (0xfee43023) sd      a4, -32(s0)
core   0: 3 0x000000008000ff50 (0xfee43023) mem 0x0000000080031f50 0x000000008001207a
core   0: 0x000000008000ff54 (0xfc442703) lw      a4, -60(s0)
core   0: 3 0x000000008000ff54 (0xfc442703) x14 0x0000000000000000 mem 0x0000000080031f34
core   0: 0x000000008000ff58 (0x0ff77713) andi    a4, a4, 255
core   0: 3 0x000000008000ff58 (0x0ff77713) x14 0x0000000000000000
core   0: 0x000000008000ff5c (0x00e78023) sb      a4, 0(a5)
core   0: 3 0x000000008000ff5c (0x00e78023) mem 0x0000000080012079 0x00
core   0: 0x000000008000ff60 (0xfc843703) ld      a4, -56(s0)
core   0: 3 0x000000008000ff60 (0xfc843703) x14 0x0000000080012040 mem 0x0000000080031f38
core   0: 0x000000008000ff64 (0xfb843783) ld      a5, -72(s0)
core   0: 3 0x000000008000ff64 (0xfb843783) x15 0x000000000000009c mem 0x0000000080031f28
core   0: 0x000000008000ff68 (0x000097ba) c.add   a5, a4
core   0: 3 0x000000008000ff68 (0x97ba) x15 0x00000000800120dc
core   0: 0x000000008000ff6a (0xfe043703) ld      a4, -32(s0)
core   0: 3 0x000000008000ff6a (0xfe043703) x14 0x000000008001207a mem 0x0000000080031f50
core   0: 0x000000008000ff6e (0xfcf76de3) bltu    a4, a5, pc - 38
core   0: 3 0x000000008000ff6e (0xfcf76de3)
core   0: 0x000000008000ff48 (0xfe043783) ld      a5, -32(s0)
core   0: 3 0x000000008000ff48 (0xfe043783) x15 0x000000008001207a mem 0x0000000080031f50
core   0: 0x000000008000ff4c (0x00178713) addi    a4, a5, 1
core   0: 3 0x000000008000ff4c (0x00178713) x14 0x000000008001207b
core   0: 0x000000008000ff50 (0xfee43023) sd      a4, -32(s0)
core   0: 3 0x000000008000ff50 (0xfee43023) mem 0x0000000080031f50 0x000000008001207b
core   0: 0x000000008000ff54 (0xfc442703) lw      a4, -60(s0)
core   0: 3 0x000000008000ff54 (0xfc442703) x14 0x0000000000000000 mem 0x0000000080031f34
core   0: 0x000000008000ff58 (0x0ff77713) andi    a4, a4, 255
core   0: 3 0x000000008000ff58 (0x0ff77713) x14 0x0000000000000000
core   0: 0x000000008000ff5c (0x00e78023) sb      a4, 0(a5)
core   0: 3 0x000000008000ff5c (0x00e78023) mem 0x000000008001207a 0x00
core   0: 0x000000008000ff60 (0xfc843703) ld      a4, -56(s0)
core   0: 3 0x000000008000ff60 (0xfc843703) x14 0x0000000080012040 mem 0x0000000080031f38
core   0: 0x000000008000ff64 (0xfb843783) ld      a5, -72(s0)
core   0: 3 0x000000008000ff64 (0xfb843783) x15 0x000000000000009c mem 0x0000000080031f28
core   0: 0x000000008000ff68 (0x000097ba) c.add   a5, a4
core   0: 3 0x000000008000ff68 (0x97ba) x15 0x00000000800120dc
core   0: 0x000000008000ff6a (0xfe043703) ld      a4, -32(s0)
core   0: 3 0x000000008000ff6a (0xfe043703) x14 0x000000008001207b mem 0x0000000080031f50
core   0: 0x000000008000ff6e (0xfcf76de3) bltu    a4, a5, pc - 38
core   0: 3 0x000000008000ff6e (0xfcf76de3)
core   0: 0x000000008000ff48 (0xfe043783) ld      a5, -32(s0)
core   0: 3 0x000000008000ff48 (0xfe043783) x15 0x000000008001207b mem 0x0000000080031f50
core   0: 0x000000008000ff4c (0x00178713) addi    a4, a5, 1
core   0: 3 0x000000008000ff4c (0x00178713) x14 0x000000008001207c
core   0: 0x000000008000ff50 (0xfee43023) sd      a4, -32(s0)
core   0: 3 0x000000008000ff50 (0xfee43023) mem 0x0000000080031f50 0x000000008001207c
core   0: 0x000000008000ff54 (0xfc442703) lw      a4, -60(s0)
core   0: 3 0x000000008000ff54 (0xfc442703) x14 0x0000000000000000 mem 0x0000000080031f34
core   0: 0x000000008000ff58 (0x0ff77713) andi    a4, a4, 255
core   0: 3 0x000000008000ff58 (0x0ff77713) x14 0x0000000000000000
core   0: 0x000000008000ff5c (0x00e78023) sb      a4, 0(a5)
core   0: 3 0x000000008000ff5c (0x00e78023) mem 0x000000008001207b 0x00
core   0: 0x000000008000ff60 (0xfc843703) ld      a4, -56(s0)
core   0: 3 0x000000008000ff60 (0xfc843703) x14 0x0000000080012040 mem 0x0000000080031f38
core   0: 0x000000008000ff64 (0xfb843783) ld      a5, -72(s0)
core   0: 3 0x000000008000ff64 (0xfb843783) x15 0x000000000000009c mem 0x0000000080031f28
core   0: 0x000000008000ff68 (0x000097ba) c.add   a5, a4
core   0: 3 0x000000008000ff68 (0x97ba) x15 0x00000000800120dc
core   0: 0x000000008000ff6a (0xfe043703) ld      a4, -32(s0)
core   0: 3 0x000000008000ff6a (0xfe043703) x14 0x000000008001207c mem 0x0000000080031f50
core   0: 0x000000008000ff6e (0xfcf76de3) bltu    a4, a5, pc - 38
core   0: 3 0x000000008000ff6e (0xfcf76de3)
core   0: 0x000000008000ff48 (0xfe043783) ld      a5, -32(s0)
core   0: 3 0x000000008000ff48 (0xfe043783) x15 0x000000008001207c mem 0x0000000080031f50
core   0: 0x000000008000ff4c (0x00178713) addi    a4, a5, 1
core   0: 3 0x000000008000ff4c (0x00178713) x14 0x000000008001207d
core   0: 0x000000008000ff50 (0xfee43023) sd      a4, -32(s0)
core   0: 3 0x000000008000ff50 (0xfee43023) mem 0x0000000080031f50 0x000000008001207d
core   0: 0x000000008000ff54 (0xfc442703) lw      a4, -60(s0)
core   0: 3 0x000000008000ff54 (0xfc442703) x14 0x0000000000000000 mem 0x0000000080031f34
core   0: 0x000000008000ff58 (0x0ff77713) andi    a4, a4, 255
core   0: 3 0x000000008000ff58 (0x0ff77713) x14 0x0000000000000000
core   0: 0x000000008000ff5c (0x00e78023) sb      a4, 0(a5)
core   0: 3 0x000000008000ff5c (0x00e78023) mem 0x000000008001207c 0x00
core   0: 0x000000008000ff60 (0xfc843703) ld      a4, -56(s0)
core   0: 3 0x000000008000ff60 (0xfc843703) x14 0x0000000080012040 mem 0x0000000080031f38
core   0: 0x000000008000ff64 (0xfb843783) ld      a5, -72(s0)
core   0: 3 0x000000008000ff64 (0xfb843783) x15 0x000000000000009c mem 0x0000000080031f28
core   0: 0x000000008000ff68 (0x000097ba) c.add   a5, a4
core   0: 3 0x000000008000ff68 (0x97ba) x15 0x00000000800120dc
core   0: 0x000000008000ff6a (0xfe043703) ld      a4, -32(s0)
core   0: 3 0x000000008000ff6a (0xfe043703) x14 0x000000008001207d mem 0x0000000080031f50
core   0: 0x000000008000ff6e (0xfcf76de3) bltu    a4, a5, pc - 38
core   0: 3 0x000000008000ff6e (0xfcf76de3)
core   0: 0x000000008000ff48 (0xfe043783) ld      a5, -32(s0)
core   0: 3 0x000000008000ff48 (0xfe043783) x15 0x000000008001207d mem 0x0000000080031f50
core   0: 0x000000008000ff4c (0x00178713) addi    a4, a5, 1
core   0: 3 0x000000008000ff4c (0x00178713) x14 0x000000008001207e
core   0: 0x000000008000ff50 (0xfee43023) sd      a4, -32(s0)
core   0: 3 0x000000008000ff50 (0xfee43023) mem 0x0000000080031f50 0x000000008001207e
core   0: 0x000000008000ff54 (0xfc442703) lw      a4, -60(s0)
core   0: 3 0x000000008000ff54 (0xfc442703) x14 0x0000000000000000 mem 0x0000000080031f34
core   0: 0x000000008000ff58 (0x0ff77713) andi    a4, a4, 255
core   0: 3 0x000000008000ff58 (0x0ff77713) x14 0x0000000000000000
core   0: 0x000000008000ff5c (0x00e78023) sb      a4, 0(a5)
core   0: 3 0x000000008000ff5c (0x00e78023) mem 0x000000008001207d 0x00
core   0: 0x000000008000ff60 (0xfc843703) ld      a4, -56(s0)
core   0: 3 0x000000008000ff60 (0xfc843703) x14 0x0000000080012040 mem 0x0000000080031f38
core   0: 0x000000008000ff64 (0xfb843783) ld      a5, -72(s0)
core   0: 3 0x000000008000ff64 (0xfb843783) x15 0x000000000000009c mem 0x0000000080031f28
core   0: 0x000000008000ff68 (0x000097ba) c.add   a5, a4
core   0: 3 0x000000008000ff68 (0x97ba) x15 0x00000000800120dc
core   0: 0x000000008000ff6a (0xfe043703) ld      a4, -32(s0)
core   0: 3 0x000000008000ff6a (0xfe043703) x14 0x000000008001207e mem 0x0000000080031f50
core   0: 0x000000008000ff6e (0xfcf76de3) bltu    a4, a5, pc - 38
core   0: 3 0x000000008000ff6e (0xfcf76de3)
core   0: 0x000000008000ff48 (0xfe043783) ld      a5, -32(s0)
core   0: 3 0x000000008000ff48 (0xfe043783) x15 0x000000008001207e mem 0x0000000080031f50
core   0: 0x000000008000ff4c (0x00178713) addi    a4, a5, 1
core   0: 3 0x000000008000ff4c (0x00178713) x14 0x000000008001207f
core   0: 0x000000008000ff50 (0xfee43023) sd      a4, -32(s0)
core   0: 3 0x000000008000ff50 (0xfee43023) mem 0x0000000080031f50 0x000000008001207f
core   0: 0x000000008000ff54 (0xfc442703) lw      a4, -60(s0)
core   0: 3 0x000000008000ff54 (0xfc442703) x14 0x0000000000000000 mem 0x0000000080031f34
core   0: 0x000000008000ff58 (0x0ff77713) andi    a4, a4, 255
core   0: 3 0x000000008000ff58 (0x0ff77713) x14 0x0000000000000000
core   0: 0x000000008000ff5c (0x00e78023) sb      a4, 0(a5)
core   0: 3 0x000000008000ff5c (0x00e78023) mem 0x000000008001207e 0x00
core   0: 0x000000008000ff60 (0xfc843703) ld      a4, -56(s0)
core   0: 3 0x000000008000ff60 (0xfc843703) x14 0x0000000080012040 mem 0x0000000080031f38
core   0: 0x000000008000ff64 (0xfb843783) ld      a5, -72(s0)
core   0: 3 0x000000008000ff64 (0xfb843783) x15 0x000000000000009c mem 0x0000000080031f28
core   0: 0x000000008000ff68 (0x000097ba) c.add   a5, a4
core   0: 3 0x000000008000ff68 (0x97ba) x15 0x00000000800120dc
core   0: 0x000000008000ff6a (0xfe043703) ld      a4, -32(s0)
core   0: 3 0x000000008000ff6a (0xfe043703) x14 0x000000008001207f mem 0x0000000080031f50
core   0: 0x000000008000ff6e (0xfcf76de3) bltu    a4, a5, pc - 38
core   0: 3 0x000000008000ff6e (0xfcf76de3)
core   0: 0x000000008000ff48 (0xfe043783) ld      a5, -32(s0)
core   0: 3 0x000000008000ff48 (0xfe043783) x15 0x000000008001207f mem 0x0000000080031f50
core   0: 0x000000008000ff4c (0x00178713) addi    a4, a5, 1
core   0: 3 0x000000008000ff4c (0x00178713) x14 0x0000000080012080
core   0: 0x000000008000ff50 (0xfee43023) sd      a4, -32(s0)
core   0: 3 0x000000008000ff50 (0xfee43023) mem 0x0000000080031f50 0x0000000080012080
core   0: 0x000000008000ff54 (0xfc442703) lw      a4, -60(s0)
core   0: 3 0x000000008000ff54 (0xfc442703) x14 0x0000000000000000 mem 0x0000000080031f34
core   0: 0x000000008000ff58 (0x0ff77713) andi    a4, a4, 255
core   0: 3 0x000000008000ff58 (0x0ff77713) x14 0x0000000000000000
core   0: 0x000000008000ff5c (0x00e78023) sb      a4, 0(a5)
core   0: 3 0x000000008000ff5c (0x00e78023) mem 0x000000008001207f 0x00
core   0: 0x000000008000ff60 (0xfc843703) ld      a4, -56(s0)
core   0: 3 0x000000008000ff60 (0xfc843703) x14 0x0000000080012040 mem 0x0000000080031f38
core   0: 0x000000008000ff64 (0xfb843783) ld      a5, -72(s0)
core   0: 3 0x000000008000ff64 (0xfb843783) x15 0x000000000000009c mem 0x0000000080031f28
core   0: 0x000000008000ff68 (0x000097ba) c.add   a5, a4
core   0: 3 0x000000008000ff68 (0x97ba) x15 0x00000000800120dc
core   0: 0x000000008000ff6a (0xfe043703) ld      a4, -32(s0)
core   0: 3 0x000000008000ff6a (0xfe043703) x14 0x0000000080012080 mem 0x0000000080031f50
core   0: 0x000000008000ff6e (0xfcf76de3) bltu    a4, a5, pc - 38
core   0: 3 0x000000008000ff6e (0xfcf76de3)
core   0: 0x000000008000ff48 (0xfe043783) ld      a5, -32(s0)
core   0: 3 0x000000008000ff48 (0xfe043783) x15 0x0000000080012080 mem 0x0000000080031f50
core   0: 0x000000008000ff4c (0x00178713) addi    a4, a5, 1
core   0: 3 0x000000008000ff4c (0x00178713) x14 0x0000000080012081
core   0: 0x000000008000ff50 (0xfee43023) sd      a4, -32(s0)
core   0: 3 0x000000008000ff50 (0xfee43023) mem 0x0000000080031f50 0x0000000080012081
core   0: 0x000000008000ff54 (0xfc442703) lw      a4, -60(s0)
core   0: 3 0x000000008000ff54 (0xfc442703) x14 0x0000000000000000 mem 0x0000000080031f34
core   0: 0x000000008000ff58 (0x0ff77713) andi    a4, a4, 255
core   0: 3 0x000000008000ff58 (0x0ff77713) x14 0x0000000000000000
core   0: 0x000000008000ff5c (0x00e78023) sb      a4, 0(a5)
core   0: 3 0x000000008000ff5c (0x00e78023) mem 0x0000000080012080 0x00
core   0: 0x000000008000ff60 (0xfc843703) ld      a4, -56(s0)
core   0: 3 0x000000008000ff60 (0xfc843703) x14 0x0000000080012040 mem 0x0000000080031f38
core   0: 0x000000008000ff64 (0xfb843783) ld      a5, -72(s0)
core   0: 3 0x000000008000ff64 (0xfb843783) x15 0x000000000000009c mem 0x0000000080031f28
core   0: 0x000000008000ff68 (0x000097ba) c.add   a5, a4
core   0: 3 0x000000008000ff68 (0x97ba) x15 0x00000000800120dc
core   0: 0x000000008000ff6a (0xfe043703) ld      a4, -32(s0)
core   0: 3 0x000000008000ff6a (0xfe043703) x14 0x0000000080012081 mem 0x0000000080031f50
core   0: 0x000000008000ff6e (0xfcf76de3) bltu    a4, a5, pc - 38
core   0: 3 0x000000008000ff6e (0xfcf76de3)
core   0: 0x000000008000ff48 (0xfe043783) ld      a5, -32(s0)
core   0: 3 0x000000008000ff48 (0xfe043783) x15 0x0000000080012081 mem 0x0000000080031f50
core   0: 0x000000008000ff4c (0x00178713) addi    a4, a5, 1
core   0: 3 0x000000008000ff4c (0x00178713) x14 0x0000000080012082
core   0: 0x000000008000ff50 (0xfee43023) sd      a4, -32(s0)
core   0: 3 0x000000008000ff50 (0xfee43023) mem 0x0000000080031f50 0x0000000080012082
core   0: 0x000000008000ff54 (0xfc442703) lw      a4, -60(s0)
core   0: 3 0x000000008000ff54 (0xfc442703) x14 0x0000000000000000 mem 0x0000000080031f34
core   0: 0x000000008000ff58 (0x0ff77713) andi    a4, a4, 255
core   0: 3 0x000000008000ff58 (0x0ff77713) x14 0x0000000000000000
core   0: 0x000000008000ff5c (0x00e78023) sb      a4, 0(a5)
core   0: 3 0x000000008000ff5c (0x00e78023) mem 0x0000000080012081 0x00
core   0: 0x000000008000ff60 (0xfc843703) ld      a4, -56(s0)
core   0: 3 0x000000008000ff60 (0xfc843703) x14 0x0000000080012040 mem 0x0000000080031f38
core   0: 0x000000008000ff64 (0xfb843783) ld      a5, -72(s0)
core   0: 3 0x000000008000ff64 (0xfb843783) x15 0x000000000000009c mem 0x0000000080031f28
core   0: 0x000000008000ff68 (0x000097ba) c.add   a5, a4
core   0: 3 0x000000008000ff68 (0x97ba) x15 0x00000000800120dc
core   0: 0x000000008000ff6a (0xfe043703) ld      a4, -32(s0)
core   0: 3 0x000000008000ff6a (0xfe043703) x14 0x0000000080012082 mem 0x0000000080031f50
core   0: 0x000000008000ff6e (0xfcf76de3) bltu    a4, a5, pc - 38
core   0: 3 0x000000008000ff6e (0xfcf76de3)
core   0: 0x000000008000ff48 (0xfe043783) ld      a5, -32(s0)
core   0: 3 0x000000008000ff48 (0xfe043783) x15 0x0000000080012082 mem 0x0000000080031f50
core   0: 0x000000008000ff4c (0x00178713) addi    a4, a5, 1
core   0: 3 0x000000008000ff4c (0x00178713) x14 0x0000000080012083
core   0: 0x000000008000ff50 (0xfee43023) sd      a4, -32(s0)
core   0: 3 0x000000008000ff50 (0xfee43023) mem 0x0000000080031f50 0x0000000080012083
core   0: 0x000000008000ff54 (0xfc442703) lw      a4, -60(s0)
core   0: 3 0x000000008000ff54 (0xfc442703) x14 0x0000000000000000 mem 0x0000000080031f34
core   0: 0x000000008000ff58 (0x0ff77713) andi    a4, a4, 255
core   0: 3 0x000000008000ff58 (0x0ff77713) x14 0x0000000000000000
core   0: 0x000000008000ff5c (0x00e78023) sb      a4, 0(a5)
core   0: 3 0x000000008000ff5c (0x00e78023) mem 0x0000000080012082 0x00
core   0: 0x000000008000ff60 (0xfc843703) ld      a4, -56(s0)
core   0: 3 0x000000008000ff60 (0xfc843703) x14 0x0000000080012040 mem 0x0000000080031f38
core   0: 0x000000008000ff64 (0xfb843783) ld      a5, -72(s0)
core   0: 3 0x000000008000ff64 (0xfb843783) x15 0x000000000000009c mem 0x0000000080031f28
core   0: 0x000000008000ff68 (0x000097ba) c.add   a5, a4
core   0: 3 0x000000008000ff68 (0x97ba) x15 0x00000000800120dc
core   0: 0x000000008000ff6a (0xfe043703) ld      a4, -32(s0)
core   0: 3 0x000000008000ff6a (0xfe043703) x14 0x0000000080012083 mem 0x0000000080031f50
core   0: 0x000000008000ff6e (0xfcf76de3) bltu    a4, a5, pc - 38
core   0: 3 0x000000008000ff6e (0xfcf76de3)
core   0: 0x000000008000ff48 (0xfe043783) ld      a5, -32(s0)
core   0: 3 0x000000008000ff48 (0xfe043783) x15 0x0000000080012083 mem 0x0000000080031f50
core   0: 0x000000008000ff4c (0x00178713) addi    a4, a5, 1
core   0: 3 0x000000008000ff4c (0x00178713) x14 0x0000000080012084
core   0: 0x000000008000ff50 (0xfee43023) sd      a4, -32(s0)
core   0: 3 0x000000008000ff50 (0xfee43023) mem 0x0000000080031f50 0x0000000080012084
core   0: 0x000000008000ff54 (0xfc442703) lw      a4, -60(s0)
core   0: 3 0x000000008000ff54 (0xfc442703) x14 0x0000000000000000 mem 0x0000000080031f34
core   0: 0x000000008000ff58 (0x0ff77713) andi    a4, a4, 255
core   0: 3 0x000000008000ff58 (0x0ff77713) x14 0x0000000000000000
core   0: 0x000000008000ff5c (0x00e78023) sb      a4, 0(a5)
core   0: 3 0x000000008000ff5c (0x00e78023) mem 0x0000000080012083 0x00
core   0: 0x000000008000ff60 (0xfc843703) ld      a4, -56(s0)
core   0: 3 0x000000008000ff60 (0xfc843703) x14 0x0000000080012040 mem 0x0000000080031f38
core   0: 0x000000008000ff64 (0xfb843783) ld      a5, -72(s0)
core   0: 3 0x000000008000ff64 (0xfb843783) x15 0x000000000000009c mem 0x0000000080031f28
core   0: 0x000000008000ff68 (0x000097ba) c.add   a5, a4
core   0: 3 0x000000008000ff68 (0x97ba) x15 0x00000000800120dc
core   0: 0x000000008000ff6a (0xfe043703) ld      a4, -32(s0)
core   0: 3 0x000000008000ff6a (0xfe043703) x14 0x0000000080012084 mem 0x0000000080031f50
core   0: 0x000000008000ff6e (0xfcf76de3) bltu    a4, a5, pc - 38
core   0: 3 0x000000008000ff6e (0xfcf76de3)
core   0: 0x000000008000ff48 (0xfe043783) ld      a5, -32(s0)
core   0: 3 0x000000008000ff48 (0xfe043783) x15 0x0000000080012084 mem 0x0000000080031f50
core   0: 0x000000008000ff4c (0x00178713) addi    a4, a5, 1
core   0: 3 0x000000008000ff4c (0x00178713) x14 0x0000000080012085
core   0: 0x000000008000ff50 (0xfee43023) sd      a4, -32(s0)
core   0: 3 0x000000008000ff50 (0xfee43023) mem 0x0000000080031f50 0x0000000080012085
core   0: 0x000000008000ff54 (0xfc442703) lw      a4, -60(s0)
core   0: 3 0x000000008000ff54 (0xfc442703) x14 0x0000000000000000 mem 0x0000000080031f34
core   0: 0x000000008000ff58 (0x0ff77713) andi    a4, a4, 255
core   0: 3 0x000000008000ff58 (0x0ff77713) x14 0x0000000000000000
core   0: 0x000000008000ff5c (0x00e78023) sb      a4, 0(a5)
core   0: 3 0x000000008000ff5c (0x00e78023) mem 0x0000000080012084 0x00
core   0: 0x000000008000ff60 (0xfc843703) ld      a4, -56(s0)
core   0: 3 0x000000008000ff60 (0xfc843703) x14 0x0000000080012040 mem 0x0000000080031f38
core   0: 0x000000008000ff64 (0xfb843783) ld      a5, -72(s0)
core   0: 3 0x000000008000ff64 (0xfb843783) x15 0x000000000000009c mem 0x0000000080031f28
core   0: 0x000000008000ff68 (0x000097ba) c.add   a5, a4
core   0: 3 0x000000008000ff68 (0x97ba) x15 0x00000000800120dc
core   0: 0x000000008000ff6a (0xfe043703) ld      a4, -32(s0)
core   0: 3 0x000000008000ff6a (0xfe043703) x14 0x0000000080012085 mem 0x0000000080031f50
core   0: 0x000000008000ff6e (0xfcf76de3) bltu    a4, a5, pc - 38
core   0: 3 0x000000008000ff6e (0xfcf76de3)
core   0: 0x000000008000ff48 (0xfe043783) ld      a5, -32(s0)
core   0: 3 0x000000008000ff48 (0xfe043783) x15 0x0000000080012085 mem 0x0000000080031f50
core   0: 0x000000008000ff4c (0x00178713) addi    a4, a5, 1
core   0: 3 0x000000008000ff4c (0x00178713) x14 0x0000000080012086
core   0: 0x000000008000ff50 (0xfee43023) sd      a4, -32(s0)
core   0: 3 0x000000008000ff50 (0xfee43023) mem 0x0000000080031f50 0x0000000080012086
core   0: 0x000000008000ff54 (0xfc442703) lw      a4, -60(s0)
core   0: 3 0x000000008000ff54 (0xfc442703) x14 0x0000000000000000 mem 0x0000000080031f34
core   0: 0x000000008000ff58 (0x0ff77713) andi    a4, a4, 255
core   0: 3 0x000000008000ff58 (0x0ff77713) x14 0x0000000000000000
core   0: 0x000000008000ff5c (0x00e78023) sb      a4, 0(a5)
core   0: 3 0x000000008000ff5c (0x00e78023) mem 0x0000000080012085 0x00
core   0: 0x000000008000ff60 (0xfc843703) ld      a4, -56(s0)
core   0: 3 0x000000008000ff60 (0xfc843703) x14 0x0000000080012040 mem 0x0000000080031f38
core   0: 0x000000008000ff64 (0xfb843783) ld      a5, -72(s0)
core   0: 3 0x000000008000ff64 (0xfb843783) x15 0x000000000000009c mem 0x0000000080031f28
core   0: 0x000000008000ff68 (0x000097ba) c.add   a5, a4
core   0: 3 0x000000008000ff68 (0x97ba) x15 0x00000000800120dc
core   0: 0x000000008000ff6a (0xfe043703) ld      a4, -32(s0)
core   0: 3 0x000000008000ff6a (0xfe043703) x14 0x0000000080012086 mem 0x0000000080031f50
core   0: 0x000000008000ff6e (0xfcf76de3) bltu    a4, a5, pc - 38
core   0: 3 0x000000008000ff6e (0xfcf76de3)
core   0: 0x000000008000ff48 (0xfe043783) ld      a5, -32(s0)
core   0: 3 0x000000008000ff48 (0xfe043783) x15 0x0000000080012086 mem 0x0000000080031f50
core   0: 0x000000008000ff4c (0x00178713) addi    a4, a5, 1
core   0: 3 0x000000008000ff4c (0x00178713) x14 0x0000000080012087
core   0: 0x000000008000ff50 (0xfee43023) sd      a4, -32(s0)
core   0: 3 0x000000008000ff50 (0xfee43023) mem 0x0000000080031f50 0x0000000080012087
core   0: 0x000000008000ff54 (0xfc442703) lw      a4, -60(s0)
core   0: 3 0x000000008000ff54 (0xfc442703) x14 0x0000000000000000 mem 0x0000000080031f34
core   0: 0x000000008000ff58 (0x0ff77713) andi    a4, a4, 255
core   0: 3 0x000000008000ff58 (0x0ff77713) x14 0x0000000000000000
core   0: 0x000000008000ff5c (0x00e78023) sb      a4, 0(a5)
core   0: 3 0x000000008000ff5c (0x00e78023) mem 0x0000000080012086 0x00
core   0: 0x000000008000ff60 (0xfc843703) ld      a4, -56(s0)
core   0: 3 0x000000008000ff60 (0xfc843703) x14 0x0000000080012040 mem 0x0000000080031f38
core   0: 0x000000008000ff64 (0xfb843783) ld      a5, -72(s0)
core   0: 3 0x000000008000ff64 (0xfb843783) x15 0x000000000000009c mem 0x0000000080031f28
core   0: 0x000000008000ff68 (0x000097ba) c.add   a5, a4
core   0: 3 0x000000008000ff68 (0x97ba) x15 0x00000000800120dc
core   0: 0x000000008000ff6a (0xfe043703) ld      a4, -32(s0)
core   0: 3 0x000000008000ff6a (0xfe043703) x14 0x0000000080012087 mem 0x0000000080031f50
core   0: 0x000000008000ff6e (0xfcf76de3) bltu    a4, a5, pc - 38
core   0: 3 0x000000008000ff6e (0xfcf76de3)
core   0: 0x000000008000ff48 (0xfe043783) ld      a5, -32(s0)
core   0: 3 0x000000008000ff48 (0xfe043783) x15 0x0000000080012087 mem 0x0000000080031f50
core   0: 0x000000008000ff4c (0x00178713) addi    a4, a5, 1
core   0: 3 0x000000008000ff4c (0x00178713) x14 0x0000000080012088
core   0: 0x000000008000ff50 (0xfee43023) sd      a4, -32(s0)
core   0: 3 0x000000008000ff50 (0xfee43023) mem 0x0000000080031f50 0x0000000080012088
core   0: 0x000000008000ff54 (0xfc442703) lw      a4, -60(s0)
core   0: 3 0x000000008000ff54 (0xfc442703) x14 0x0000000000000000 mem 0x0000000080031f34
core   0: 0x000000008000ff58 (0x0ff77713) andi    a4, a4, 255
core   0: 3 0x000000008000ff58 (0x0ff77713) x14 0x0000000000000000
core   0: 0x000000008000ff5c (0x00e78023) sb      a4, 0(a5)
core   0: 3 0x000000008000ff5c (0x00e78023) mem 0x0000000080012087 0x00
core   0: 0x000000008000ff60 (0xfc843703) ld      a4, -56(s0)
core   0: 3 0x000000008000ff60 (0xfc843703) x14 0x0000000080012040 mem 0x0000000080031f38
core   0: 0x000000008000ff64 (0xfb843783) ld      a5, -72(s0)
core   0: 3 0x000000008000ff64 (0xfb843783) x15 0x000000000000009c mem 0x0000000080031f28
core   0: 0x000000008000ff68 (0x000097ba) c.add   a5, a4
core   0: 3 0x000000008000ff68 (0x97ba) x15 0x00000000800120dc
core   0: 0x000000008000ff6a (0xfe043703) ld      a4, -32(s0)
core   0: 3 0x000000008000ff6a (0xfe043703) x14 0x0000000080012088 mem 0x0000000080031f50
core   0: 0x000000008000ff6e (0xfcf76de3) bltu    a4, a5, pc - 38
core   0: 3 0x000000008000ff6e (0xfcf76de3)
core   0: 0x000000008000ff48 (0xfe043783) ld      a5, -32(s0)
core   0: 3 0x000000008000ff48 (0xfe043783) x15 0x0000000080012088 mem 0x0000000080031f50
core   0: 0x000000008000ff4c (0x00178713) addi    a4, a5, 1
core   0: 3 0x000000008000ff4c (0x00178713) x14 0x0000000080012089
core   0: 0x000000008000ff50 (0xfee43023) sd      a4, -32(s0)
core   0: 3 0x000000008000ff50 (0xfee43023) mem 0x0000000080031f50 0x0000000080012089
core   0: 0x000000008000ff54 (0xfc442703) lw      a4, -60(s0)
core   0: 3 0x000000008000ff54 (0xfc442703) x14 0x0000000000000000 mem 0x0000000080031f34
core   0: 0x000000008000ff58 (0x0ff77713) andi    a4, a4, 255
core   0: 3 0x000000008000ff58 (0x0ff77713) x14 0x0000000000000000
core   0: 0x000000008000ff5c (0x00e78023) sb      a4, 0(a5)
core   0: 3 0x000000008000ff5c (0x00e78023) mem 0x0000000080012088 0x00
core   0: 0x000000008000ff60 (0xfc843703) ld      a4, -56(s0)
core   0: 3 0x000000008000ff60 (0xfc843703) x14 0x0000000080012040 mem 0x0000000080031f38
core   0: 0x000000008000ff64 (0xfb843783) ld      a5, -72(s0)
core   0: 3 0x000000008000ff64 (0xfb843783) x15 0x000000000000009c mem 0x0000000080031f28
core   0: 0x000000008000ff68 (0x000097ba) c.add   a5, a4
core   0: 3 0x000000008000ff68 (0x97ba) x15 0x00000000800120dc
core   0: 0x000000008000ff6a (0xfe043703) ld      a4, -32(s0)
core   0: 3 0x000000008000ff6a (0xfe043703) x14 0x0000000080012089 mem 0x0000000080031f50
core   0: 0x000000008000ff6e (0xfcf76de3) bltu    a4, a5, pc - 38
core   0: 3 0x000000008000ff6e (0xfcf76de3)
core   0: 0x000000008000ff48 (0xfe043783) ld      a5, -32(s0)
core   0: 3 0x000000008000ff48 (0xfe043783) x15 0x0000000080012089 mem 0x0000000080031f50
core   0: 0x000000008000ff4c (0x00178713) addi    a4, a5, 1
core   0: 3 0x000000008000ff4c (0x00178713) x14 0x000000008001208a
core   0: 0x000000008000ff50 (0xfee43023) sd      a4, -32(s0)
core   0: 3 0x000000008000ff50 (0xfee43023) mem 0x0000000080031f50 0x000000008001208a
core   0: 0x000000008000ff54 (0xfc442703) lw      a4, -60(s0)
core   0: 3 0x000000008000ff54 (0xfc442703) x14 0x0000000000000000 mem 0x0000000080031f34
core   0: 0x000000008000ff58 (0x0ff77713) andi    a4, a4, 255
core   0: 3 0x000000008000ff58 (0x0ff77713) x14 0x0000000000000000
core   0: 0x000000008000ff5c (0x00e78023) sb      a4, 0(a5)
core   0: 3 0x000000008000ff5c (0x00e78023) mem 0x0000000080012089 0x00
core   0: 0x000000008000ff60 (0xfc843703) ld      a4, -56(s0)
core   0: 3 0x000000008000ff60 (0xfc843703) x14 0x0000000080012040 mem 0x0000000080031f38
core   0: 0x000000008000ff64 (0xfb843783) ld      a5, -72(s0)
core   0: 3 0x000000008000ff64 (0xfb843783) x15 0x000000000000009c mem 0x0000000080031f28
core   0: 0x000000008000ff68 (0x000097ba) c.add   a5, a4
core   0: 3 0x000000008000ff68 (0x97ba) x15 0x00000000800120dc
core   0: 0x000000008000ff6a (0xfe043703) ld      a4, -32(s0)
core   0: 3 0x000000008000ff6a (0xfe043703) x14 0x000000008001208a mem 0x0000000080031f50
core   0: 0x000000008000ff6e (0xfcf76de3) bltu    a4, a5, pc - 38
core   0: 3 0x000000008000ff6e (0xfcf76de3)
core   0: 0x000000008000ff48 (0xfe043783) ld      a5, -32(s0)
core   0: 3 0x000000008000ff48 (0xfe043783) x15 0x000000008001208a mem 0x0000000080031f50
core   0: 0x000000008000ff4c (0x00178713) addi    a4, a5, 1
core   0: 3 0x000000008000ff4c (0x00178713) x14 0x000000008001208b
core   0: 0x000000008000ff50 (0xfee43023) sd      a4, -32(s0)
core   0: 3 0x000000008000ff50 (0xfee43023) mem 0x0000000080031f50 0x000000008001208b
core   0: 0x000000008000ff54 (0xfc442703) lw      a4, -60(s0)
core   0: 3 0x000000008000ff54 (0xfc442703) x14 0x0000000000000000 mem 0x0000000080031f34
core   0: 0x000000008000ff58 (0x0ff77713) andi    a4, a4, 255
core   0: 3 0x000000008000ff58 (0x0ff77713) x14 0x0000000000000000
core   0: 0x000000008000ff5c (0x00e78023) sb      a4, 0(a5)
core   0: 3 0x000000008000ff5c (0x00e78023) mem 0x000000008001208a 0x00
core   0: 0x000000008000ff60 (0xfc843703) ld      a4, -56(s0)
core   0: 3 0x000000008000ff60 (0xfc843703) x14 0x0000000080012040 mem 0x0000000080031f38
core   0: 0x000000008000ff64 (0xfb843783) ld      a5, -72(s0)
core   0: 3 0x000000008000ff64 (0xfb843783) x15 0x000000000000009c mem 0x0000000080031f28
core   0: 0x000000008000ff68 (0x000097ba) c.add   a5, a4
core   0: 3 0x000000008000ff68 (0x97ba) x15 0x00000000800120dc
core   0: 0x000000008000ff6a (0xfe043703) ld      a4, -32(s0)
core   0: 3 0x000000008000ff6a (0xfe043703) x14 0x000000008001208b mem 0x0000000080031f50
core   0: 0x000000008000ff6e (0xfcf76de3) bltu    a4, a5, pc - 38
core   0: 3 0x000000008000ff6e (0xfcf76de3)
core   0: 0x000000008000ff48 (0xfe043783) ld      a5, -32(s0)
core   0: 3 0x000000008000ff48 (0xfe043783) x15 0x000000008001208b mem 0x0000000080031f50
core   0: 0x000000008000ff4c (0x00178713) addi    a4, a5, 1
core   0: 3 0x000000008000ff4c (0x00178713) x14 0x000000008001208c
core   0: 0x000000008000ff50 (0xfee43023) sd      a4, -32(s0)
core   0: 3 0x000000008000ff50 (0xfee43023) mem 0x0000000080031f50 0x000000008001208c
core   0: 0x000000008000ff54 (0xfc442703) lw      a4, -60(s0)
core   0: 3 0x000000008000ff54 (0xfc442703) x14 0x0000000000000000 mem 0x0000000080031f34
core   0: 0x000000008000ff58 (0x0ff77713) andi    a4, a4, 255
core   0: 3 0x000000008000ff58 (0x0ff77713) x14 0x0000000000000000
core   0: 0x000000008000ff5c (0x00e78023) sb      a4, 0(a5)
core   0: 3 0x000000008000ff5c (0x00e78023) mem 0x000000008001208b 0x00
core   0: 0x000000008000ff60 (0xfc843703) ld      a4, -56(s0)
core   0: 3 0x000000008000ff60 (0xfc843703) x14 0x0000000080012040 mem 0x0000000080031f38
core   0: 0x000000008000ff64 (0xfb843783) ld      a5, -72(s0)
core   0: 3 0x000000008000ff64 (0xfb843783) x15 0x000000000000009c mem 0x0000000080031f28
core   0: 0x000000008000ff68 (0x000097ba) c.add   a5, a4
core   0: 3 0x000000008000ff68 (0x97ba) x15 0x00000000800120dc
core   0: 0x000000008000ff6a (0xfe043703) ld      a4, -32(s0)
core   0: 3 0x000000008000ff6a (0xfe043703) x14 0x000000008001208c mem 0x0000000080031f50
core   0: 0x000000008000ff6e (0xfcf76de3) bltu    a4, a5, pc - 38
core   0: 3 0x000000008000ff6e (0xfcf76de3)
core   0: 0x000000008000ff48 (0xfe043783) ld      a5, -32(s0)
core   0: 3 0x000000008000ff48 (0xfe043783) x15 0x000000008001208c mem 0x0000000080031f50
core   0: 0x000000008000ff4c (0x00178713) addi    a4, a5, 1
core   0: 3 0x000000008000ff4c (0x00178713) x14 0x000000008001208d
core   0: 0x000000008000ff50 (0xfee43023) sd      a4, -32(s0)
core   0: 3 0x000000008000ff50 (0xfee43023) mem 0x0000000080031f50 0x000000008001208d
core   0: 0x000000008000ff54 (0xfc442703) lw      a4, -60(s0)
core   0: 3 0x000000008000ff54 (0xfc442703) x14 0x0000000000000000 mem 0x0000000080031f34
core   0: 0x000000008000ff58 (0x0ff77713) andi    a4, a4, 255
core   0: 3 0x000000008000ff58 (0x0ff77713) x14 0x0000000000000000
core   0: 0x000000008000ff5c (0x00e78023) sb      a4, 0(a5)
core   0: 3 0x000000008000ff5c (0x00e78023) mem 0x000000008001208c 0x00
core   0: 0x000000008000ff60 (0xfc843703) ld      a4, -56(s0)
core   0: 3 0x000000008000ff60 (0xfc843703) x14 0x0000000080012040 mem 0x0000000080031f38
core   0: 0x000000008000ff64 (0xfb843783) ld      a5, -72(s0)
core   0: 3 0x000000008000ff64 (0xfb843783) x15 0x000000000000009c mem 0x0000000080031f28
core   0: 0x000000008000ff68 (0x000097ba) c.add   a5, a4
core   0: 3 0x000000008000ff68 (0x97ba) x15 0x00000000800120dc
core   0: 0x000000008000ff6a (0xfe043703) ld      a4, -32(s0)
core   0: 3 0x000000008000ff6a (0xfe043703) x14 0x000000008001208d mem 0x0000000080031f50
core   0: 0x000000008000ff6e (0xfcf76de3) bltu    a4, a5, pc - 38
core   0: 3 0x000000008000ff6e (0xfcf76de3)
core   0: 0x000000008000ff48 (0xfe043783) ld      a5, -32(s0)
core   0: 3 0x000000008000ff48 (0xfe043783) x15 0x000000008001208d mem 0x0000000080031f50
core   0: 0x000000008000ff4c (0x00178713) addi    a4, a5, 1
core   0: 3 0x000000008000ff4c (0x00178713) x14 0x000000008001208e
core   0: 0x000000008000ff50 (0xfee43023) sd      a4, -32(s0)
core   0: 3 0x000000008000ff50 (0xfee43023) mem 0x0000000080031f50 0x000000008001208e
core   0: 0x000000008000ff54 (0xfc442703) lw      a4, -60(s0)
core   0: 3 0x000000008000ff54 (0xfc442703) x14 0x0000000000000000 mem 0x0000000080031f34
core   0: 0x000000008000ff58 (0x0ff77713) andi    a4, a4, 255
core   0: 3 0x000000008000ff58 (0x0ff77713) x14 0x0000000000000000
core   0: 0x000000008000ff5c (0x00e78023) sb      a4, 0(a5)
core   0: 3 0x000000008000ff5c (0x00e78023) mem 0x000000008001208d 0x00
core   0: 0x000000008000ff60 (0xfc843703) ld      a4, -56(s0)
core   0: 3 0x000000008000ff60 (0xfc843703) x14 0x0000000080012040 mem 0x0000000080031f38
core   0: 0x000000008000ff64 (0xfb843783) ld      a5, -72(s0)
core   0: 3 0x000000008000ff64 (0xfb843783) x15 0x000000000000009c mem 0x0000000080031f28
core   0: 0x000000008000ff68 (0x000097ba) c.add   a5, a4
core   0: 3 0x000000008000ff68 (0x97ba) x15 0x00000000800120dc
core   0: 0x000000008000ff6a (0xfe043703) ld      a4, -32(s0)
core   0: 3 0x000000008000ff6a (0xfe043703) x14 0x000000008001208e mem 0x0000000080031f50
core   0: 0x000000008000ff6e (0xfcf76de3) bltu    a4, a5, pc - 38
core   0: 3 0x000000008000ff6e (0xfcf76de3)
core   0: 0x000000008000ff48 (0xfe043783) ld      a5, -32(s0)
core   0: 3 0x000000008000ff48 (0xfe043783) x15 0x000000008001208e mem 0x0000000080031f50
core   0: 0x000000008000ff4c (0x00178713) addi    a4, a5, 1
core   0: 3 0x000000008000ff4c (0x00178713) x14 0x000000008001208f
core   0: 0x000000008000ff50 (0xfee43023) sd      a4, -32(s0)
core   0: 3 0x000000008000ff50 (0xfee43023) mem 0x0000000080031f50 0x000000008001208f
core   0: 0x000000008000ff54 (0xfc442703) lw      a4, -60(s0)
core   0: 3 0x000000008000ff54 (0xfc442703) x14 0x0000000000000000 mem 0x0000000080031f34
core   0: 0x000000008000ff58 (0x0ff77713) andi    a4, a4, 255
core   0: 3 0x000000008000ff58 (0x0ff77713) x14 0x0000000000000000
core   0: 0x000000008000ff5c (0x00e78023) sb      a4, 0(a5)
core   0: 3 0x000000008000ff5c (0x00e78023) mem 0x000000008001208e 0x00
core   0: 0x000000008000ff60 (0xfc843703) ld      a4, -56(s0)
core   0: 3 0x000000008000ff60 (0xfc843703) x14 0x0000000080012040 mem 0x0000000080031f38
core   0: 0x000000008000ff64 (0xfb843783) ld      a5, -72(s0)
core   0: 3 0x000000008000ff64 (0xfb843783) x15 0x000000000000009c mem 0x0000000080031f28
core   0: 0x000000008000ff68 (0x000097ba) c.add   a5, a4
core   0: 3 0x000000008000ff68 (0x97ba) x15 0x00000000800120dc
core   0: 0x000000008000ff6a (0xfe043703) ld      a4, -32(s0)
core   0: 3 0x000000008000ff6a (0xfe043703) x14 0x000000008001208f mem 0x0000000080031f50
core   0: 0x000000008000ff6e (0xfcf76de3) bltu    a4, a5, pc - 38
core   0: 3 0x000000008000ff6e (0xfcf76de3)
core   0: 0x000000008000ff48 (0xfe043783) ld      a5, -32(s0)
core   0: 3 0x000000008000ff48 (0xfe043783) x15 0x000000008001208f mem 0x0000000080031f50
core   0: 0x000000008000ff4c (0x00178713) addi    a4, a5, 1
core   0: 3 0x000000008000ff4c (0x00178713) x14 0x0000000080012090
core   0: 0x000000008000ff50 (0xfee43023) sd      a4, -32(s0)
core   0: 3 0x000000008000ff50 (0xfee43023) mem 0x0000000080031f50 0x0000000080012090
core   0: 0x000000008000ff54 (0xfc442703) lw      a4, -60(s0)
core   0: 3 0x000000008000ff54 (0xfc442703) x14 0x0000000000000000 mem 0x0000000080031f34
core   0: 0x000000008000ff58 (0x0ff77713) andi    a4, a4, 255
core   0: 3 0x000000008000ff58 (0x0ff77713) x14 0x0000000000000000
core   0: 0x000000008000ff5c (0x00e78023) sb      a4, 0(a5)
core   0: 3 0x000000008000ff5c (0x00e78023) mem 0x000000008001208f 0x00
core   0: 0x000000008000ff60 (0xfc843703) ld      a4, -56(s0)
core   0: 3 0x000000008000ff60 (0xfc843703) x14 0x0000000080012040 mem 0x0000000080031f38
core   0: 0x000000008000ff64 (0xfb843783) ld      a5, -72(s0)
core   0: 3 0x000000008000ff64 (0xfb843783) x15 0x000000000000009c mem 0x0000000080031f28
core   0: 0x000000008000ff68 (0x000097ba) c.add   a5, a4
core   0: 3 0x000000008000ff68 (0x97ba) x15 0x00000000800120dc
core   0: 0x000000008000ff6a (0xfe043703) ld      a4, -32(s0)
core   0: 3 0x000000008000ff6a (0xfe043703) x14 0x0000000080012090 mem 0x0000000080031f50
core   0: 0x000000008000ff6e (0xfcf76de3) bltu    a4, a5, pc - 38
core   0: 3 0x000000008000ff6e (0xfcf76de3)
core   0: 0x000000008000ff48 (0xfe043783) ld      a5, -32(s0)
core   0: 3 0x000000008000ff48 (0xfe043783) x15 0x0000000080012090 mem 0x0000000080031f50
core   0: 0x000000008000ff4c (0x00178713) addi    a4, a5, 1
core   0: 3 0x000000008000ff4c (0x00178713) x14 0x0000000080012091
core   0: 0x000000008000ff50 (0xfee43023) sd      a4, -32(s0)
core   0: 3 0x000000008000ff50 (0xfee43023) mem 0x0000000080031f50 0x0000000080012091
core   0: 0x000000008000ff54 (0xfc442703) lw      a4, -60(s0)
core   0: 3 0x000000008000ff54 (0xfc442703) x14 0x0000000000000000 mem 0x0000000080031f34
core   0: 0x000000008000ff58 (0x0ff77713) andi    a4, a4, 255
core   0: 3 0x000000008000ff58 (0x0ff77713) x14 0x0000000000000000
core   0: 0x000000008000ff5c (0x00e78023) sb      a4, 0(a5)
core   0: 3 0x000000008000ff5c (0x00e78023) mem 0x0000000080012090 0x00
core   0: 0x000000008000ff60 (0xfc843703) ld      a4, -56(s0)
core   0: 3 0x000000008000ff60 (0xfc843703) x14 0x0000000080012040 mem 0x0000000080031f38
core   0: 0x000000008000ff64 (0xfb843783) ld      a5, -72(s0)
core   0: 3 0x000000008000ff64 (0xfb843783) x15 0x000000000000009c mem 0x0000000080031f28
core   0: 0x000000008000ff68 (0x000097ba) c.add   a5, a4
core   0: 3 0x000000008000ff68 (0x97ba) x15 0x00000000800120dc
core   0: 0x000000008000ff6a (0xfe043703) ld      a4, -32(s0)
core   0: 3 0x000000008000ff6a (0xfe043703) x14 0x0000000080012091 mem 0x0000000080031f50
core   0: 0x000000008000ff6e (0xfcf76de3) bltu    a4, a5, pc - 38
core   0: 3 0x000000008000ff6e (0xfcf76de3)
core   0: 0x000000008000ff48 (0xfe043783) ld      a5, -32(s0)
core   0: 3 0x000000008000ff48 (0xfe043783) x15 0x0000000080012091 mem 0x0000000080031f50
core   0: 0x000000008000ff4c (0x00178713) addi    a4, a5, 1
core   0: 3 0x000000008000ff4c (0x00178713) x14 0x0000000080012092
core   0: 0x000000008000ff50 (0xfee43023) sd      a4, -32(s0)
core   0: 3 0x000000008000ff50 (0xfee43023) mem 0x0000000080031f50 0x0000000080012092
core   0: 0x000000008000ff54 (0xfc442703) lw      a4, -60(s0)
core   0: 3 0x000000008000ff54 (0xfc442703) x14 0x0000000000000000 mem 0x0000000080031f34
core   0: 0x000000008000ff58 (0x0ff77713) andi    a4, a4, 255
core   0: 3 0x000000008000ff58 (0x0ff77713) x14 0x0000000000000000
core   0: 0x000000008000ff5c (0x00e78023) sb      a4, 0(a5)
core   0: 3 0x000000008000ff5c (0x00e78023) mem 0x0000000080012091 0x00
core   0: 0x000000008000ff60 (0xfc843703) ld      a4, -56(s0)
core   0: 3 0x000000008000ff60 (0xfc843703) x14 0x0000000080012040 mem 0x0000000080031f38
core   0: 0x000000008000ff64 (0xfb843783) ld      a5, -72(s0)
core   0: 3 0x000000008000ff64 (0xfb843783) x15 0x000000000000009c mem 0x0000000080031f28
core   0: 0x000000008000ff68 (0x000097ba) c.add   a5, a4
core   0: 3 0x000000008000ff68 (0x97ba) x15 0x00000000800120dc
core   0: 0x000000008000ff6a (0xfe043703) ld      a4, -32(s0)
core   0: 3 0x000000008000ff6a (0xfe043703) x14 0x0000000080012092 mem 0x0000000080031f50
core   0: 0x000000008000ff6e (0xfcf76de3) bltu    a4, a5, pc - 38
core   0: 3 0x000000008000ff6e (0xfcf76de3)
core   0: 0x000000008000ff48 (0xfe043783) ld      a5, -32(s0)
core   0: 3 0x000000008000ff48 (0xfe043783) x15 0x0000000080012092 mem 0x0000000080031f50
core   0: 0x000000008000ff4c (0x00178713) addi    a4, a5, 1
core   0: 3 0x000000008000ff4c (0x00178713) x14 0x0000000080012093
core   0: 0x000000008000ff50 (0xfee43023) sd      a4, -32(s0)
core   0: 3 0x000000008000ff50 (0xfee43023) mem 0x0000000080031f50 0x0000000080012093
core   0: 0x000000008000ff54 (0xfc442703) lw      a4, -60(s0)
core   0: 3 0x000000008000ff54 (0xfc442703) x14 0x0000000000000000 mem 0x0000000080031f34
core   0: 0x000000008000ff58 (0x0ff77713) andi    a4, a4, 255
core   0: 3 0x000000008000ff58 (0x0ff77713) x14 0x0000000000000000
core   0: 0x000000008000ff5c (0x00e78023) sb      a4, 0(a5)
core   0: 3 0x000000008000ff5c (0x00e78023) mem 0x0000000080012092 0x00
core   0: 0x000000008000ff60 (0xfc843703) ld      a4, -56(s0)
core   0: 3 0x000000008000ff60 (0xfc843703) x14 0x0000000080012040 mem 0x0000000080031f38
core   0: 0x000000008000ff64 (0xfb843783) ld      a5, -72(s0)
core   0: 3 0x000000008000ff64 (0xfb843783) x15 0x000000000000009c mem 0x0000000080031f28
core   0: 0x000000008000ff68 (0x000097ba) c.add   a5, a4
core   0: 3 0x000000008000ff68 (0x97ba) x15 0x00000000800120dc
core   0: 0x000000008000ff6a (0xfe043703) ld      a4, -32(s0)
core   0: 3 0x000000008000ff6a (0xfe043703) x14 0x0000000080012093 mem 0x0000000080031f50
core   0: 0x000000008000ff6e (0xfcf76de3) bltu    a4, a5, pc - 38
core   0: 3 0x000000008000ff6e (0xfcf76de3)
core   0: 0x000000008000ff48 (0xfe043783) ld      a5, -32(s0)
core   0: 3 0x000000008000ff48 (0xfe043783) x15 0x0000000080012093 mem 0x0000000080031f50
core   0: 0x000000008000ff4c (0x00178713) addi    a4, a5, 1
core   0: 3 0x000000008000ff4c (0x00178713) x14 0x0000000080012094
core   0: 0x000000008000ff50 (0xfee43023) sd      a4, -32(s0)
core   0: 3 0x000000008000ff50 (0xfee43023) mem 0x0000000080031f50 0x0000000080012094
core   0: 0x000000008000ff54 (0xfc442703) lw      a4, -60(s0)
core   0: 3 0x000000008000ff54 (0xfc442703) x14 0x0000000000000000 mem 0x0000000080031f34
core   0: 0x000000008000ff58 (0x0ff77713) andi    a4, a4, 255
core   0: 3 0x000000008000ff58 (0x0ff77713) x14 0x0000000000000000
core   0: 0x000000008000ff5c (0x00e78023) sb      a4, 0(a5)
core   0: 3 0x000000008000ff5c (0x00e78023) mem 0x0000000080012093 0x00
core   0: 0x000000008000ff60 (0xfc843703) ld      a4, -56(s0)
core   0: 3 0x000000008000ff60 (0xfc843703) x14 0x0000000080012040 mem 0x0000000080031f38
core   0: 0x000000008000ff64 (0xfb843783) ld      a5, -72(s0)
core   0: 3 0x000000008000ff64 (0xfb843783) x15 0x000000000000009c mem 0x0000000080031f28
core   0: 0x000000008000ff68 (0x000097ba) c.add   a5, a4
core   0: 3 0x000000008000ff68 (0x97ba) x15 0x00000000800120dc
core   0: 0x000000008000ff6a (0xfe043703) ld      a4, -32(s0)
core   0: 3 0x000000008000ff6a (0xfe043703) x14 0x0000000080012094 mem 0x0000000080031f50
core   0: 0x000000008000ff6e (0xfcf76de3) bltu    a4, a5, pc - 38
core   0: 3 0x000000008000ff6e (0xfcf76de3)
core   0: 0x000000008000ff48 (0xfe043783) ld      a5, -32(s0)
core   0: 3 0x000000008000ff48 (0xfe043783) x15 0x0000000080012094 mem 0x0000000080031f50
core   0: 0x000000008000ff4c (0x00178713) addi    a4, a5, 1
core   0: 3 0x000000008000ff4c (0x00178713) x14 0x0000000080012095
core   0: 0x000000008000ff50 (0xfee43023) sd      a4, -32(s0)
core   0: 3 0x000000008000ff50 (0xfee43023) mem 0x0000000080031f50 0x0000000080012095
core   0: 0x000000008000ff54 (0xfc442703) lw      a4, -60(s0)
core   0: 3 0x000000008000ff54 (0xfc442703) x14 0x0000000000000000 mem 0x0000000080031f34
core   0: 0x000000008000ff58 (0x0ff77713) andi    a4, a4, 255
core   0: 3 0x000000008000ff58 (0x0ff77713) x14 0x0000000000000000
core   0: 0x000000008000ff5c (0x00e78023) sb      a4, 0(a5)
core   0: 3 0x000000008000ff5c (0x00e78023) mem 0x0000000080012094 0x00
core   0: 0x000000008000ff60 (0xfc843703) ld      a4, -56(s0)
core   0: 3 0x000000008000ff60 (0xfc843703) x14 0x0000000080012040 mem 0x0000000080031f38
core   0: 0x000000008000ff64 (0xfb843783) ld      a5, -72(s0)
core   0: 3 0x000000008000ff64 (0xfb843783) x15 0x000000000000009c mem 0x0000000080031f28
core   0: 0x000000008000ff68 (0x000097ba) c.add   a5, a4
core   0: 3 0x000000008000ff68 (0x97ba) x15 0x00000000800120dc
core   0: 0x000000008000ff6a (0xfe043703) ld      a4, -32(s0)
core   0: 3 0x000000008000ff6a (0xfe043703) x14 0x0000000080012095 mem 0x0000000080031f50
core   0: 0x000000008000ff6e (0xfcf76de3) bltu    a4, a5, pc - 38
core   0: 3 0x000000008000ff6e (0xfcf76de3)
core   0: 0x000000008000ff48 (0xfe043783) ld      a5, -32(s0)
core   0: 3 0x000000008000ff48 (0xfe043783) x15 0x0000000080012095 mem 0x0000000080031f50
core   0: 0x000000008000ff4c (0x00178713) addi    a4, a5, 1
core   0: 3 0x000000008000ff4c (0x00178713) x14 0x0000000080012096
core   0: 0x000000008000ff50 (0xfee43023) sd      a4, -32(s0)
core   0: 3 0x000000008000ff50 (0xfee43023) mem 0x0000000080031f50 0x0000000080012096
core   0: 0x000000008000ff54 (0xfc442703) lw      a4, -60(s0)
core   0: 3 0x000000008000ff54 (0xfc442703) x14 0x0000000000000000 mem 0x0000000080031f34
core   0: 0x000000008000ff58 (0x0ff77713) andi    a4, a4, 255
core   0: 3 0x000000008000ff58 (0x0ff77713) x14 0x0000000000000000
core   0: 0x000000008000ff5c (0x00e78023) sb      a4, 0(a5)
core   0: 3 0x000000008000ff5c (0x00e78023) mem 0x0000000080012095 0x00
core   0: 0x000000008000ff60 (0xfc843703) ld      a4, -56(s0)
core   0: 3 0x000000008000ff60 (0xfc843703) x14 0x0000000080012040 mem 0x0000000080031f38
core   0: 0x000000008000ff64 (0xfb843783) ld      a5, -72(s0)
core   0: 3 0x000000008000ff64 (0xfb843783) x15 0x000000000000009c mem 0x0000000080031f28
core   0: 0x000000008000ff68 (0x000097ba) c.add   a5, a4
core   0: 3 0x000000008000ff68 (0x97ba) x15 0x00000000800120dc
core   0: 0x000000008000ff6a (0xfe043703) ld      a4, -32(s0)
core   0: 3 0x000000008000ff6a (0xfe043703) x14 0x0000000080012096 mem 0x0000000080031f50
core   0: 0x000000008000ff6e (0xfcf76de3) bltu    a4, a5, pc - 38
core   0: 3 0x000000008000ff6e (0xfcf76de3)
core   0: 0x000000008000ff48 (0xfe043783) ld      a5, -32(s0)
core   0: 3 0x000000008000ff48 (0xfe043783) x15 0x0000000080012096 mem 0x0000000080031f50
core   0: 0x000000008000ff4c (0x00178713) addi    a4, a5, 1
core   0: 3 0x000000008000ff4c (0x00178713) x14 0x0000000080012097
core   0: 0x000000008000ff50 (0xfee43023) sd      a4, -32(s0)
core   0: 3 0x000000008000ff50 (0xfee43023) mem 0x0000000080031f50 0x0000000080012097
core   0: 0x000000008000ff54 (0xfc442703) lw      a4, -60(s0)
core   0: 3 0x000000008000ff54 (0xfc442703) x14 0x0000000000000000 mem 0x0000000080031f34
core   0: 0x000000008000ff58 (0x0ff77713) andi    a4, a4, 255
core   0: 3 0x000000008000ff58 (0x0ff77713) x14 0x0000000000000000
core   0: 0x000000008000ff5c (0x00e78023) sb      a4, 0(a5)
core   0: 3 0x000000008000ff5c (0x00e78023) mem 0x0000000080012096 0x00
core   0: 0x000000008000ff60 (0xfc843703) ld      a4, -56(s0)
core   0: 3 0x000000008000ff60 (0xfc843703) x14 0x0000000080012040 mem 0x0000000080031f38
core   0: 0x000000008000ff64 (0xfb843783) ld      a5, -72(s0)
core   0: 3 0x000000008000ff64 (0xfb843783) x15 0x000000000000009c mem 0x0000000080031f28
core   0: 0x000000008000ff68 (0x000097ba) c.add   a5, a4
core   0: 3 0x000000008000ff68 (0x97ba) x15 0x00000000800120dc
core   0: 0x000000008000ff6a (0xfe043703) ld      a4, -32(s0)
core   0: 3 0x000000008000ff6a (0xfe043703) x14 0x0000000080012097 mem 0x0000000080031f50
core   0: 0x000000008000ff6e (0xfcf76de3) bltu    a4, a5, pc - 38
core   0: 3 0x000000008000ff6e (0xfcf76de3)
core   0: 0x000000008000ff48 (0xfe043783) ld      a5, -32(s0)
core   0: 3 0x000000008000ff48 (0xfe043783) x15 0x0000000080012097 mem 0x0000000080031f50
core   0: 0x000000008000ff4c (0x00178713) addi    a4, a5, 1
core   0: 3 0x000000008000ff4c (0x00178713) x14 0x0000000080012098
core   0: 0x000000008000ff50 (0xfee43023) sd      a4, -32(s0)
core   0: 3 0x000000008000ff50 (0xfee43023) mem 0x0000000080031f50 0x0000000080012098
core   0: 0x000000008000ff54 (0xfc442703) lw      a4, -60(s0)
core   0: 3 0x000000008000ff54 (0xfc442703) x14 0x0000000000000000 mem 0x0000000080031f34
core   0: 0x000000008000ff58 (0x0ff77713) andi    a4, a4, 255
core   0: 3 0x000000008000ff58 (0x0ff77713) x14 0x0000000000000000
core   0: 0x000000008000ff5c (0x00e78023) sb      a4, 0(a5)
core   0: 3 0x000000008000ff5c (0x00e78023) mem 0x0000000080012097 0x00
core   0: 0x000000008000ff60 (0xfc843703) ld      a4, -56(s0)
core   0: 3 0x000000008000ff60 (0xfc843703) x14 0x0000000080012040 mem 0x0000000080031f38
core   0: 0x000000008000ff64 (0xfb843783) ld      a5, -72(s0)
core   0: 3 0x000000008000ff64 (0xfb843783) x15 0x000000000000009c mem 0x0000000080031f28
core   0: 0x000000008000ff68 (0x000097ba) c.add   a5, a4
core   0: 3 0x000000008000ff68 (0x97ba) x15 0x00000000800120dc
core   0: 0x000000008000ff6a (0xfe043703) ld      a4, -32(s0)
core   0: 3 0x000000008000ff6a (0xfe043703) x14 0x0000000080012098 mem 0x0000000080031f50
core   0: 0x000000008000ff6e (0xfcf76de3) bltu    a4, a5, pc - 38
core   0: 3 0x000000008000ff6e (0xfcf76de3)
core   0: 0x000000008000ff48 (0xfe043783) ld      a5, -32(s0)
core   0: 3 0x000000008000ff48 (0xfe043783) x15 0x0000000080012098 mem 0x0000000080031f50
core   0: 0x000000008000ff4c (0x00178713) addi    a4, a5, 1
core   0: 3 0x000000008000ff4c (0x00178713) x14 0x0000000080012099
core   0: 0x000000008000ff50 (0xfee43023) sd      a4, -32(s0)
core   0: 3 0x000000008000ff50 (0xfee43023) mem 0x0000000080031f50 0x0000000080012099
core   0: 0x000000008000ff54 (0xfc442703) lw      a4, -60(s0)
core   0: 3 0x000000008000ff54 (0xfc442703) x14 0x0000000000000000 mem 0x0000000080031f34
core   0: 0x000000008000ff58 (0x0ff77713) andi    a4, a4, 255
core   0: 3 0x000000008000ff58 (0x0ff77713) x14 0x0000000000000000
core   0: 0x000000008000ff5c (0x00e78023) sb      a4, 0(a5)
core   0: 3 0x000000008000ff5c (0x00e78023) mem 0x0000000080012098 0x00
core   0: 0x000000008000ff60 (0xfc843703) ld      a4, -56(s0)
core   0: 3 0x000000008000ff60 (0xfc843703) x14 0x0000000080012040 mem 0x0000000080031f38
core   0: 0x000000008000ff64 (0xfb843783) ld      a5, -72(s0)
core   0: 3 0x000000008000ff64 (0xfb843783) x15 0x000000000000009c mem 0x0000000080031f28
core   0: 0x000000008000ff68 (0x000097ba) c.add   a5, a4
core   0: 3 0x000000008000ff68 (0x97ba) x15 0x00000000800120dc
core   0: 0x000000008000ff6a (0xfe043703) ld      a4, -32(s0)
core   0: 3 0x000000008000ff6a (0xfe043703) x14 0x0000000080012099 mem 0x0000000080031f50
core   0: 0x000000008000ff6e (0xfcf76de3) bltu    a4, a5, pc - 38
core   0: 3 0x000000008000ff6e (0xfcf76de3)
core   0: 0x000000008000ff48 (0xfe043783) ld      a5, -32(s0)
core   0: 3 0x000000008000ff48 (0xfe043783) x15 0x0000000080012099 mem 0x0000000080031f50
core   0: 0x000000008000ff4c (0x00178713) addi    a4, a5, 1
core   0: 3 0x000000008000ff4c (0x00178713) x14 0x000000008001209a
core   0: 0x000000008000ff50 (0xfee43023) sd      a4, -32(s0)
core   0: 3 0x000000008000ff50 (0xfee43023) mem 0x0000000080031f50 0x000000008001209a
core   0: 0x000000008000ff54 (0xfc442703) lw      a4, -60(s0)
core   0: 3 0x000000008000ff54 (0xfc442703) x14 0x0000000000000000 mem 0x0000000080031f34
core   0: 0x000000008000ff58 (0x0ff77713) andi    a4, a4, 255
core   0: 3 0x000000008000ff58 (0x0ff77713) x14 0x0000000000000000
core   0: 0x000000008000ff5c (0x00e78023) sb      a4, 0(a5)
core   0: 3 0x000000008000ff5c (0x00e78023) mem 0x0000000080012099 0x00
core   0: 0x000000008000ff60 (0xfc843703) ld      a4, -56(s0)
core   0: 3 0x000000008000ff60 (0xfc843703) x14 0x0000000080012040 mem 0x0000000080031f38
core   0: 0x000000008000ff64 (0xfb843783) ld      a5, -72(s0)
core   0: 3 0x000000008000ff64 (0xfb843783) x15 0x000000000000009c mem 0x0000000080031f28
core   0: 0x000000008000ff68 (0x000097ba) c.add   a5, a4
core   0: 3 0x000000008000ff68 (0x97ba) x15 0x00000000800120dc
core   0: 0x000000008000ff6a (0xfe043703) ld      a4, -32(s0)
core   0: 3 0x000000008000ff6a (0xfe043703) x14 0x000000008001209a mem 0x0000000080031f50
core   0: 0x000000008000ff6e (0xfcf76de3) bltu    a4, a5, pc - 38
core   0: 3 0x000000008000ff6e (0xfcf76de3)
core   0: 0x000000008000ff48 (0xfe043783) ld      a5, -32(s0)
core   0: 3 0x000000008000ff48 (0xfe043783) x15 0x000000008001209a mem 0x0000000080031f50
core   0: 0x000000008000ff4c (0x00178713) addi    a4, a5, 1
core   0: 3 0x000000008000ff4c (0x00178713) x14 0x000000008001209b
core   0: 0x000000008000ff50 (0xfee43023) sd      a4, -32(s0)
core   0: 3 0x000000008000ff50 (0xfee43023) mem 0x0000000080031f50 0x000000008001209b
core   0: 0x000000008000ff54 (0xfc442703) lw      a4, -60(s0)
core   0: 3 0x000000008000ff54 (0xfc442703) x14 0x0000000000000000 mem 0x0000000080031f34
core   0: 0x000000008000ff58 (0x0ff77713) andi    a4, a4, 255
core   0: 3 0x000000008000ff58 (0x0ff77713) x14 0x0000000000000000
core   0: 0x000000008000ff5c (0x00e78023) sb      a4, 0(a5)
core   0: 3 0x000000008000ff5c (0x00e78023) mem 0x000000008001209a 0x00
core   0: 0x000000008000ff60 (0xfc843703) ld      a4, -56(s0)
core   0: 3 0x000000008000ff60 (0xfc843703) x14 0x0000000080012040 mem 0x0000000080031f38
core   0: 0x000000008000ff64 (0xfb843783) ld      a5, -72(s0)
core   0: 3 0x000000008000ff64 (0xfb843783) x15 0x000000000000009c mem 0x0000000080031f28
core   0: 0x000000008000ff68 (0x000097ba) c.add   a5, a4
core   0: 3 0x000000008000ff68 (0x97ba) x15 0x00000000800120dc
core   0: 0x000000008000ff6a (0xfe043703) ld      a4, -32(s0)
core   0: 3 0x000000008000ff6a (0xfe043703) x14 0x000000008001209b mem 0x0000000080031f50
core   0: 0x000000008000ff6e (0xfcf76de3) bltu    a4, a5, pc - 38
core   0: 3 0x000000008000ff6e (0xfcf76de3)
core   0: 0x000000008000ff48 (0xfe043783) ld      a5, -32(s0)
core   0: 3 0x000000008000ff48 (0xfe043783) x15 0x000000008001209b mem 0x0000000080031f50
core   0: 0x000000008000ff4c (0x00178713) addi    a4, a5, 1
core   0: 3 0x000000008000ff4c (0x00178713) x14 0x000000008001209c
core   0: 0x000000008000ff50 (0xfee43023) sd      a4, -32(s0)
core   0: 3 0x000000008000ff50 (0xfee43023) mem 0x0000000080031f50 0x000000008001209c
core   0: 0x000000008000ff54 (0xfc442703) lw      a4, -60(s0)
core   0: 3 0x000000008000ff54 (0xfc442703) x14 0x0000000000000000 mem 0x0000000080031f34
core   0: 0x000000008000ff58 (0x0ff77713) andi    a4, a4, 255
core   0: 3 0x000000008000ff58 (0x0ff77713) x14 0x0000000000000000
core   0: 0x000000008000ff5c (0x00e78023) sb      a4, 0(a5)
core   0: 3 0x000000008000ff5c (0x00e78023) mem 0x000000008001209b 0x00
core   0: 0x000000008000ff60 (0xfc843703) ld      a4, -56(s0)
core   0: 3 0x000000008000ff60 (0xfc843703) x14 0x0000000080012040 mem 0x0000000080031f38
core   0: 0x000000008000ff64 (0xfb843783) ld      a5, -72(s0)
core   0: 3 0x000000008000ff64 (0xfb843783) x15 0x000000000000009c mem 0x0000000080031f28
core   0: 0x000000008000ff68 (0x000097ba) c.add   a5, a4
core   0: 3 0x000000008000ff68 (0x97ba) x15 0x00000000800120dc
core   0: 0x000000008000ff6a (0xfe043703) ld      a4, -32(s0)
core   0: 3 0x000000008000ff6a (0xfe043703) x14 0x000000008001209c mem 0x0000000080031f50
core   0: 0x000000008000ff6e (0xfcf76de3) bltu    a4, a5, pc - 38
core   0: 3 0x000000008000ff6e (0xfcf76de3)
core   0: 0x000000008000ff48 (0xfe043783) ld      a5, -32(s0)
core   0: 3 0x000000008000ff48 (0xfe043783) x15 0x000000008001209c mem 0x0000000080031f50
core   0: 0x000000008000ff4c (0x00178713) addi    a4, a5, 1
core   0: 3 0x000000008000ff4c (0x00178713) x14 0x000000008001209d
core   0: 0x000000008000ff50 (0xfee43023) sd      a4, -32(s0)
core   0: 3 0x000000008000ff50 (0xfee43023) mem 0x0000000080031f50 0x000000008001209d
core   0: 0x000000008000ff54 (0xfc442703) lw      a4, -60(s0)
core   0: 3 0x000000008000ff54 (0xfc442703) x14 0x0000000000000000 mem 0x0000000080031f34
core   0: 0x000000008000ff58 (0x0ff77713) andi    a4, a4, 255
core   0: 3 0x000000008000ff58 (0x0ff77713) x14 0x0000000000000000
core   0: 0x000000008000ff5c (0x00e78023) sb      a4, 0(a5)
core   0: 3 0x000000008000ff5c (0x00e78023) mem 0x000000008001209c 0x00
core   0: 0x000000008000ff60 (0xfc843703) ld      a4, -56(s0)
core   0: 3 0x000000008000ff60 (0xfc843703) x14 0x0000000080012040 mem 0x0000000080031f38
core   0: 0x000000008000ff64 (0xfb843783) ld      a5, -72(s0)
core   0: 3 0x000000008000ff64 (0xfb843783) x15 0x000000000000009c mem 0x0000000080031f28
core   0: 0x000000008000ff68 (0x000097ba) c.add   a5, a4
core   0: 3 0x000000008000ff68 (0x97ba) x15 0x00000000800120dc
core   0: 0x000000008000ff6a (0xfe043703) ld      a4, -32(s0)
core   0: 3 0x000000008000ff6a (0xfe043703) x14 0x000000008001209d mem 0x0000000080031f50
core   0: 0x000000008000ff6e (0xfcf76de3) bltu    a4, a5, pc - 38
core   0: 3 0x000000008000ff6e (0xfcf76de3)
core   0: 0x000000008000ff48 (0xfe043783) ld      a5, -32(s0)
core   0: 3 0x000000008000ff48 (0xfe043783) x15 0x000000008001209d mem 0x0000000080031f50
core   0: 0x000000008000ff4c (0x00178713) addi    a4, a5, 1
core   0: 3 0x000000008000ff4c (0x00178713) x14 0x000000008001209e
core   0: 0x000000008000ff50 (0xfee43023) sd      a4, -32(s0)
core   0: 3 0x000000008000ff50 (0xfee43023) mem 0x0000000080031f50 0x000000008001209e
core   0: 0x000000008000ff54 (0xfc442703) lw      a4, -60(s0)
core   0: 3 0x000000008000ff54 (0xfc442703) x14 0x0000000000000000 mem 0x0000000080031f34
core   0: 0x000000008000ff58 (0x0ff77713) andi    a4, a4, 255
core   0: 3 0x000000008000ff58 (0x0ff77713) x14 0x0000000000000000
core   0: 0x000000008000ff5c (0x00e78023) sb      a4, 0(a5)
core   0: 3 0x000000008000ff5c (0x00e78023) mem 0x000000008001209d 0x00
core   0: 0x000000008000ff60 (0xfc843703) ld      a4, -56(s0)
core   0: 3 0x000000008000ff60 (0xfc843703) x14 0x0000000080012040 mem 0x0000000080031f38
core   0: 0x000000008000ff64 (0xfb843783) ld      a5, -72(s0)
core   0: 3 0x000000008000ff64 (0xfb843783) x15 0x000000000000009c mem 0x0000000080031f28
core   0: 0x000000008000ff68 (0x000097ba) c.add   a5, a4
core   0: 3 0x000000008000ff68 (0x97ba) x15 0x00000000800120dc
core   0: 0x000000008000ff6a (0xfe043703) ld      a4, -32(s0)
core   0: 3 0x000000008000ff6a (0xfe043703) x14 0x000000008001209e mem 0x0000000080031f50
core   0: 0x000000008000ff6e (0xfcf76de3) bltu    a4, a5, pc - 38
core   0: 3 0x000000008000ff6e (0xfcf76de3)
core   0: 0x000000008000ff48 (0xfe043783) ld      a5, -32(s0)
core   0: 3 0x000000008000ff48 (0xfe043783) x15 0x000000008001209e mem 0x0000000080031f50
core   0: 0x000000008000ff4c (0x00178713) addi    a4, a5, 1
core   0: 3 0x000000008000ff4c (0x00178713) x14 0x000000008001209f
core   0: 0x000000008000ff50 (0xfee43023) sd      a4, -32(s0)
core   0: 3 0x000000008000ff50 (0xfee43023) mem 0x0000000080031f50 0x000000008001209f
core   0: 0x000000008000ff54 (0xfc442703) lw      a4, -60(s0)
core   0: 3 0x000000008000ff54 (0xfc442703) x14 0x0000000000000000 mem 0x0000000080031f34
core   0: 0x000000008000ff58 (0x0ff77713) andi    a4, a4, 255
core   0: 3 0x000000008000ff58 (0x0ff77713) x14 0x0000000000000000
core   0: 0x000000008000ff5c (0x00e78023) sb      a4, 0(a5)
core   0: 3 0x000000008000ff5c (0x00e78023) mem 0x000000008001209e 0x00
core   0: 0x000000008000ff60 (0xfc843703) ld      a4, -56(s0)
core   0: 3 0x000000008000ff60 (0xfc843703) x14 0x0000000080012040 mem 0x0000000080031f38
core   0: 0x000000008000ff64 (0xfb843783) ld      a5, -72(s0)
core   0: 3 0x000000008000ff64 (0xfb843783) x15 0x000000000000009c mem 0x0000000080031f28
core   0: 0x000000008000ff68 (0x000097ba) c.add   a5, a4
core   0: 3 0x000000008000ff68 (0x97ba) x15 0x00000000800120dc
core   0: 0x000000008000ff6a (0xfe043703) ld      a4, -32(s0)
core   0: 3 0x000000008000ff6a (0xfe043703) x14 0x000000008001209f mem 0x0000000080031f50
core   0: 0x000000008000ff6e (0xfcf76de3) bltu    a4, a5, pc - 38
core   0: 3 0x000000008000ff6e (0xfcf76de3)
core   0: 0x000000008000ff48 (0xfe043783) ld      a5, -32(s0)
core   0: 3 0x000000008000ff48 (0xfe043783) x15 0x000000008001209f mem 0x0000000080031f50
core   0: 0x000000008000ff4c (0x00178713) addi    a4, a5, 1
core   0: 3 0x000000008000ff4c (0x00178713) x14 0x00000000800120a0
core   0: 0x000000008000ff50 (0xfee43023) sd      a4, -32(s0)
core   0: 3 0x000000008000ff50 (0xfee43023) mem 0x0000000080031f50 0x00000000800120a0
core   0: 0x000000008000ff54 (0xfc442703) lw      a4, -60(s0)
core   0: 3 0x000000008000ff54 (0xfc442703) x14 0x0000000000000000 mem 0x0000000080031f34
core   0: 0x000000008000ff58 (0x0ff77713) andi    a4, a4, 255
core   0: 3 0x000000008000ff58 (0x0ff77713) x14 0x0000000000000000
core   0: 0x000000008000ff5c (0x00e78023) sb      a4, 0(a5)
core   0: 3 0x000000008000ff5c (0x00e78023) mem 0x000000008001209f 0x00
core   0: 0x000000008000ff60 (0xfc843703) ld      a4, -56(s0)
core   0: 3 0x000000008000ff60 (0xfc843703) x14 0x0000000080012040 mem 0x0000000080031f38
core   0: 0x000000008000ff64 (0xfb843783) ld      a5, -72(s0)
core   0: 3 0x000000008000ff64 (0xfb843783) x15 0x000000000000009c mem 0x0000000080031f28
core   0: 0x000000008000ff68 (0x000097ba) c.add   a5, a4
core   0: 3 0x000000008000ff68 (0x97ba) x15 0x00000000800120dc
core   0: 0x000000008000ff6a (0xfe043703) ld      a4, -32(s0)
core   0: 3 0x000000008000ff6a (0xfe043703) x14 0x00000000800120a0 mem 0x0000000080031f50
core   0: 0x000000008000ff6e (0xfcf76de3) bltu    a4, a5, pc - 38
core   0: 3 0x000000008000ff6e (0xfcf76de3)
core   0: 0x000000008000ff48 (0xfe043783) ld      a5, -32(s0)
core   0: 3 0x000000008000ff48 (0xfe043783) x15 0x00000000800120a0 mem 0x0000000080031f50
core   0: 0x000000008000ff4c (0x00178713) addi    a4, a5, 1
core   0: 3 0x000000008000ff4c (0x00178713) x14 0x00000000800120a1
core   0: 0x000000008000ff50 (0xfee43023) sd      a4, -32(s0)
core   0: 3 0x000000008000ff50 (0xfee43023) mem 0x0000000080031f50 0x00000000800120a1
core   0: 0x000000008000ff54 (0xfc442703) lw      a4, -60(s0)
core   0: 3 0x000000008000ff54 (0xfc442703) x14 0x0000000000000000 mem 0x0000000080031f34
core   0: 0x000000008000ff58 (0x0ff77713) andi    a4, a4, 255
core   0: 3 0x000000008000ff58 (0x0ff77713) x14 0x0000000000000000
core   0: 0x000000008000ff5c (0x00e78023) sb      a4, 0(a5)
core   0: 3 0x000000008000ff5c (0x00e78023) mem 0x00000000800120a0 0x00
core   0: 0x000000008000ff60 (0xfc843703) ld      a4, -56(s0)
core   0: 3 0x000000008000ff60 (0xfc843703) x14 0x0000000080012040 mem 0x0000000080031f38
core   0: 0x000000008000ff64 (0xfb843783) ld      a5, -72(s0)
core   0: 3 0x000000008000ff64 (0xfb843783) x15 0x000000000000009c mem 0x0000000080031f28
core   0: 0x000000008000ff68 (0x000097ba) c.add   a5, a4
core   0: 3 0x000000008000ff68 (0x97ba) x15 0x00000000800120dc
core   0: 0x000000008000ff6a (0xfe043703) ld      a4, -32(s0)
core   0: 3 0x000000008000ff6a (0xfe043703) x14 0x00000000800120a1 mem 0x0000000080031f50
core   0: 0x000000008000ff6e (0xfcf76de3) bltu    a4, a5, pc - 38
core   0: 3 0x000000008000ff6e (0xfcf76de3)
core   0: 0x000000008000ff48 (0xfe043783) ld      a5, -32(s0)
core   0: 3 0x000000008000ff48 (0xfe043783) x15 0x00000000800120a1 mem 0x0000000080031f50
core   0: 0x000000008000ff4c (0x00178713) addi    a4, a5, 1
core   0: 3 0x000000008000ff4c (0x00178713) x14 0x00000000800120a2
core   0: 0x000000008000ff50 (0xfee43023) sd      a4, -32(s0)
core   0: 3 0x000000008000ff50 (0xfee43023) mem 0x0000000080031f50 0x00000000800120a2
core   0: 0x000000008000ff54 (0xfc442703) lw      a4, -60(s0)
core   0: 3 0x000000008000ff54 (0xfc442703) x14 0x0000000000000000 mem 0x0000000080031f34
core   0: 0x000000008000ff58 (0x0ff77713) andi    a4, a4, 255
core   0: 3 0x000000008000ff58 (0x0ff77713) x14 0x0000000000000000
core   0: 0x000000008000ff5c (0x00e78023) sb      a4, 0(a5)
core   0: 3 0x000000008000ff5c (0x00e78023) mem 0x00000000800120a1 0x00
core   0: 0x000000008000ff60 (0xfc843703) ld      a4, -56(s0)
core   0: 3 0x000000008000ff60 (0xfc843703) x14 0x0000000080012040 mem 0x0000000080031f38
core   0: 0x000000008000ff64 (0xfb843783) ld      a5, -72(s0)
core   0: 3 0x000000008000ff64 (0xfb843783) x15 0x000000000000009c mem 0x0000000080031f28
core   0: 0x000000008000ff68 (0x000097ba) c.add   a5, a4
core   0: 3 0x000000008000ff68 (0x97ba) x15 0x00000000800120dc
core   0: 0x000000008000ff6a (0xfe043703) ld      a4, -32(s0)
core   0: 3 0x000000008000ff6a (0xfe043703) x14 0x00000000800120a2 mem 0x0000000080031f50
core   0: 0x000000008000ff6e (0xfcf76de3) bltu    a4, a5, pc - 38
core   0: 3 0x000000008000ff6e (0xfcf76de3)
core   0: 0x000000008000ff48 (0xfe043783) ld      a5, -32(s0)
core   0: 3 0x000000008000ff48 (0xfe043783) x15 0x00000000800120a2 mem 0x0000000080031f50
core   0: 0x000000008000ff4c (0x00178713) addi    a4, a5, 1
core   0: 3 0x000000008000ff4c (0x00178713) x14 0x00000000800120a3
core   0: 0x000000008000ff50 (0xfee43023) sd      a4, -32(s0)
core   0: 3 0x000000008000ff50 (0xfee43023) mem 0x0000000080031f50 0x00000000800120a3
core   0: 0x000000008000ff54 (0xfc442703) lw      a4, -60(s0)
core   0: 3 0x000000008000ff54 (0xfc442703) x14 0x0000000000000000 mem 0x0000000080031f34
core   0: 0x000000008000ff58 (0x0ff77713) andi    a4, a4, 255
core   0: 3 0x000000008000ff58 (0x0ff77713) x14 0x0000000000000000
core   0: 0x000000008000ff5c (0x00e78023) sb      a4, 0(a5)
core   0: 3 0x000000008000ff5c (0x00e78023) mem 0x00000000800120a2 0x00
core   0: 0x000000008000ff60 (0xfc843703) ld      a4, -56(s0)
core   0: 3 0x000000008000ff60 (0xfc843703) x14 0x0000000080012040 mem 0x0000000080031f38
core   0: 0x000000008000ff64 (0xfb843783) ld      a5, -72(s0)
core   0: 3 0x000000008000ff64 (0xfb843783) x15 0x000000000000009c mem 0x0000000080031f28
core   0: 0x000000008000ff68 (0x000097ba) c.add   a5, a4
core   0: 3 0x000000008000ff68 (0x97ba) x15 0x00000000800120dc
core   0: 0x000000008000ff6a (0xfe043703) ld      a4, -32(s0)
core   0: 3 0x000000008000ff6a (0xfe043703) x14 0x00000000800120a3 mem 0x0000000080031f50
core   0: 0x000000008000ff6e (0xfcf76de3) bltu    a4, a5, pc - 38
core   0: 3 0x000000008000ff6e (0xfcf76de3)
core   0: 0x000000008000ff48 (0xfe043783) ld      a5, -32(s0)
core   0: 3 0x000000008000ff48 (0xfe043783) x15 0x00000000800120a3 mem 0x0000000080031f50
core   0: 0x000000008000ff4c (0x00178713) addi    a4, a5, 1
core   0: 3 0x000000008000ff4c (0x00178713) x14 0x00000000800120a4
core   0: 0x000000008000ff50 (0xfee43023) sd      a4, -32(s0)
core   0: 3 0x000000008000ff50 (0xfee43023) mem 0x0000000080031f50 0x00000000800120a4
core   0: 0x000000008000ff54 (0xfc442703) lw      a4, -60(s0)
core   0: 3 0x000000008000ff54 (0xfc442703) x14 0x0000000000000000 mem 0x0000000080031f34
core   0: 0x000000008000ff58 (0x0ff77713) andi    a4, a4, 255
core   0: 3 0x000000008000ff58 (0x0ff77713) x14 0x0000000000000000
core   0: 0x000000008000ff5c (0x00e78023) sb      a4, 0(a5)
core   0: 3 0x000000008000ff5c (0x00e78023) mem 0x00000000800120a3 0x00
core   0: 0x000000008000ff60 (0xfc843703) ld      a4, -56(s0)
core   0: 3 0x000000008000ff60 (0xfc843703) x14 0x0000000080012040 mem 0x0000000080031f38
core   0: 0x000000008000ff64 (0xfb843783) ld      a5, -72(s0)
core   0: 3 0x000000008000ff64 (0xfb843783) x15 0x000000000000009c mem 0x0000000080031f28
core   0: 0x000000008000ff68 (0x000097ba) c.add   a5, a4
core   0: 3 0x000000008000ff68 (0x97ba) x15 0x00000000800120dc
core   0: 0x000000008000ff6a (0xfe043703) ld      a4, -32(s0)
core   0: 3 0x000000008000ff6a (0xfe043703) x14 0x00000000800120a4 mem 0x0000000080031f50
core   0: 0x000000008000ff6e (0xfcf76de3) bltu    a4, a5, pc - 38
core   0: 3 0x000000008000ff6e (0xfcf76de3)
core   0: 0x000000008000ff48 (0xfe043783) ld      a5, -32(s0)
core   0: 3 0x000000008000ff48 (0xfe043783) x15 0x00000000800120a4 mem 0x0000000080031f50
core   0: 0x000000008000ff4c (0x00178713) addi    a4, a5, 1
core   0: 3 0x000000008000ff4c (0x00178713) x14 0x00000000800120a5
core   0: 0x000000008000ff50 (0xfee43023) sd      a4, -32(s0)
core   0: 3 0x000000008000ff50 (0xfee43023) mem 0x0000000080031f50 0x00000000800120a5
core   0: 0x000000008000ff54 (0xfc442703) lw      a4, -60(s0)
core   0: 3 0x000000008000ff54 (0xfc442703) x14 0x0000000000000000 mem 0x0000000080031f34
core   0: 0x000000008000ff58 (0x0ff77713) andi    a4, a4, 255
core   0: 3 0x000000008000ff58 (0x0ff77713) x14 0x0000000000000000
core   0: 0x000000008000ff5c (0x00e78023) sb      a4, 0(a5)
core   0: 3 0x000000008000ff5c (0x00e78023) mem 0x00000000800120a4 0x00
core   0: 0x000000008000ff60 (0xfc843703) ld      a4, -56(s0)
core   0: 3 0x000000008000ff60 (0xfc843703) x14 0x0000000080012040 mem 0x0000000080031f38
core   0: 0x000000008000ff64 (0xfb843783) ld      a5, -72(s0)
core   0: 3 0x000000008000ff64 (0xfb843783) x15 0x000000000000009c mem 0x0000000080031f28
core   0: 0x000000008000ff68 (0x000097ba) c.add   a5, a4
core   0: 3 0x000000008000ff68 (0x97ba) x15 0x00000000800120dc
core   0: 0x000000008000ff6a (0xfe043703) ld      a4, -32(s0)
core   0: 3 0x000000008000ff6a (0xfe043703) x14 0x00000000800120a5 mem 0x0000000080031f50
core   0: 0x000000008000ff6e (0xfcf76de3) bltu    a4, a5, pc - 38
core   0: 3 0x000000008000ff6e (0xfcf76de3)
core   0: 0x000000008000ff48 (0xfe043783) ld      a5, -32(s0)
core   0: 3 0x000000008000ff48 (0xfe043783) x15 0x00000000800120a5 mem 0x0000000080031f50
core   0: 0x000000008000ff4c (0x00178713) addi    a4, a5, 1
core   0: 3 0x000000008000ff4c (0x00178713) x14 0x00000000800120a6
core   0: 0x000000008000ff50 (0xfee43023) sd      a4, -32(s0)
core   0: 3 0x000000008000ff50 (0xfee43023) mem 0x0000000080031f50 0x00000000800120a6
core   0: 0x000000008000ff54 (0xfc442703) lw      a4, -60(s0)
core   0: 3 0x000000008000ff54 (0xfc442703) x14 0x0000000000000000 mem 0x0000000080031f34
core   0: 0x000000008000ff58 (0x0ff77713) andi    a4, a4, 255
core   0: 3 0x000000008000ff58 (0x0ff77713) x14 0x0000000000000000
core   0: 0x000000008000ff5c (0x00e78023) sb      a4, 0(a5)
core   0: 3 0x000000008000ff5c (0x00e78023) mem 0x00000000800120a5 0x00
core   0: 0x000000008000ff60 (0xfc843703) ld      a4, -56(s0)
core   0: 3 0x000000008000ff60 (0xfc843703) x14 0x0000000080012040 mem 0x0000000080031f38
core   0: 0x000000008000ff64 (0xfb843783) ld      a5, -72(s0)
core   0: 3 0x000000008000ff64 (0xfb843783) x15 0x000000000000009c mem 0x0000000080031f28
core   0: 0x000000008000ff68 (0x000097ba) c.add   a5, a4
core   0: 3 0x000000008000ff68 (0x97ba) x15 0x00000000800120dc
core   0: 0x000000008000ff6a (0xfe043703) ld      a4, -32(s0)
core   0: 3 0x000000008000ff6a (0xfe043703) x14 0x00000000800120a6 mem 0x0000000080031f50
core   0: 0x000000008000ff6e (0xfcf76de3) bltu    a4, a5, pc - 38
core   0: 3 0x000000008000ff6e (0xfcf76de3)
core   0: 0x000000008000ff48 (0xfe043783) ld      a5, -32(s0)
core   0: 3 0x000000008000ff48 (0xfe043783) x15 0x00000000800120a6 mem 0x0000000080031f50
core   0: 0x000000008000ff4c (0x00178713) addi    a4, a5, 1
core   0: 3 0x000000008000ff4c (0x00178713) x14 0x00000000800120a7
core   0: 0x000000008000ff50 (0xfee43023) sd      a4, -32(s0)
core   0: 3 0x000000008000ff50 (0xfee43023) mem 0x0000000080031f50 0x00000000800120a7
core   0: 0x000000008000ff54 (0xfc442703) lw      a4, -60(s0)
core   0: 3 0x000000008000ff54 (0xfc442703) x14 0x0000000000000000 mem 0x0000000080031f34
core   0: 0x000000008000ff58 (0x0ff77713) andi    a4, a4, 255
core   0: 3 0x000000008000ff58 (0x0ff77713) x14 0x0000000000000000
core   0: 0x000000008000ff5c (0x00e78023) sb      a4, 0(a5)
core   0: 3 0x000000008000ff5c (0x00e78023) mem 0x00000000800120a6 0x00
core   0: 0x000000008000ff60 (0xfc843703) ld      a4, -56(s0)
core   0: 3 0x000000008000ff60 (0xfc843703) x14 0x0000000080012040 mem 0x0000000080031f38
core   0: 0x000000008000ff64 (0xfb843783) ld      a5, -72(s0)
core   0: 3 0x000000008000ff64 (0xfb843783) x15 0x000000000000009c mem 0x0000000080031f28
core   0: 0x000000008000ff68 (0x000097ba) c.add   a5, a4
core   0: 3 0x000000008000ff68 (0x97ba) x15 0x00000000800120dc
core   0: 0x000000008000ff6a (0xfe043703) ld      a4, -32(s0)
core   0: 3 0x000000008000ff6a (0xfe043703) x14 0x00000000800120a7 mem 0x0000000080031f50
core   0: 0x000000008000ff6e (0xfcf76de3) bltu    a4, a5, pc - 38
core   0: 3 0x000000008000ff6e (0xfcf76de3)
core   0: 0x000000008000ff48 (0xfe043783) ld      a5, -32(s0)
core   0: 3 0x000000008000ff48 (0xfe043783) x15 0x00000000800120a7 mem 0x0000000080031f50
core   0: 0x000000008000ff4c (0x00178713) addi    a4, a5, 1
core   0: 3 0x000000008000ff4c (0x00178713) x14 0x00000000800120a8
core   0: 0x000000008000ff50 (0xfee43023) sd      a4, -32(s0)
core   0: 3 0x000000008000ff50 (0xfee43023) mem 0x0000000080031f50 0x00000000800120a8
core   0: 0x000000008000ff54 (0xfc442703) lw      a4, -60(s0)
core   0: 3 0x000000008000ff54 (0xfc442703) x14 0x0000000000000000 mem 0x0000000080031f34
core   0: 0x000000008000ff58 (0x0ff77713) andi    a4, a4, 255
core   0: 3 0x000000008000ff58 (0x0ff77713) x14 0x0000000000000000
core   0: 0x000000008000ff5c (0x00e78023) sb      a4, 0(a5)
core   0: 3 0x000000008000ff5c (0x00e78023) mem 0x00000000800120a7 0x00
core   0: 0x000000008000ff60 (0xfc843703) ld      a4, -56(s0)
core   0: 3 0x000000008000ff60 (0xfc843703) x14 0x0000000080012040 mem 0x0000000080031f38
core   0: 0x000000008000ff64 (0xfb843783) ld      a5, -72(s0)
core   0: 3 0x000000008000ff64 (0xfb843783) x15 0x000000000000009c mem 0x0000000080031f28
core   0: 0x000000008000ff68 (0x000097ba) c.add   a5, a4
core   0: 3 0x000000008000ff68 (0x97ba) x15 0x00000000800120dc
core   0: 0x000000008000ff6a (0xfe043703) ld      a4, -32(s0)
core   0: 3 0x000000008000ff6a (0xfe043703) x14 0x00000000800120a8 mem 0x0000000080031f50
core   0: 0x000000008000ff6e (0xfcf76de3) bltu    a4, a5, pc - 38
core   0: 3 0x000000008000ff6e (0xfcf76de3)
core   0: 0x000000008000ff48 (0xfe043783) ld      a5, -32(s0)
core   0: 3 0x000000008000ff48 (0xfe043783) x15 0x00000000800120a8 mem 0x0000000080031f50
core   0: 0x000000008000ff4c (0x00178713) addi    a4, a5, 1
core   0: 3 0x000000008000ff4c (0x00178713) x14 0x00000000800120a9
core   0: 0x000000008000ff50 (0xfee43023) sd      a4, -32(s0)
core   0: 3 0x000000008000ff50 (0xfee43023) mem 0x0000000080031f50 0x00000000800120a9
core   0: 0x000000008000ff54 (0xfc442703) lw      a4, -60(s0)
core   0: 3 0x000000008000ff54 (0xfc442703) x14 0x0000000000000000 mem 0x0000000080031f34
core   0: 0x000000008000ff58 (0x0ff77713) andi    a4, a4, 255
core   0: 3 0x000000008000ff58 (0x0ff77713) x14 0x0000000000000000
core   0: 0x000000008000ff5c (0x00e78023) sb      a4, 0(a5)
core   0: 3 0x000000008000ff5c (0x00e78023) mem 0x00000000800120a8 0x00
core   0: 0x000000008000ff60 (0xfc843703) ld      a4, -56(s0)
core   0: 3 0x000000008000ff60 (0xfc843703) x14 0x0000000080012040 mem 0x0000000080031f38
core   0: 0x000000008000ff64 (0xfb843783) ld      a5, -72(s0)
core   0: 3 0x000000008000ff64 (0xfb843783) x15 0x000000000000009c mem 0x0000000080031f28
core   0: 0x000000008000ff68 (0x000097ba) c.add   a5, a4
core   0: 3 0x000000008000ff68 (0x97ba) x15 0x00000000800120dc
core   0: 0x000000008000ff6a (0xfe043703) ld      a4, -32(s0)
core   0: 3 0x000000008000ff6a (0xfe043703) x14 0x00000000800120a9 mem 0x0000000080031f50
core   0: 0x000000008000ff6e (0xfcf76de3) bltu    a4, a5, pc - 38
core   0: 3 0x000000008000ff6e (0xfcf76de3)
core   0: 0x000000008000ff48 (0xfe043783) ld      a5, -32(s0)
core   0: 3 0x000000008000ff48 (0xfe043783) x15 0x00000000800120a9 mem 0x0000000080031f50
core   0: 0x000000008000ff4c (0x00178713) addi    a4, a5, 1
core   0: 3 0x000000008000ff4c (0x00178713) x14 0x00000000800120aa
core   0: 0x000000008000ff50 (0xfee43023) sd      a4, -32(s0)
core   0: 3 0x000000008000ff50 (0xfee43023) mem 0x0000000080031f50 0x00000000800120aa
core   0: 0x000000008000ff54 (0xfc442703) lw      a4, -60(s0)
core   0: 3 0x000000008000ff54 (0xfc442703) x14 0x0000000000000000 mem 0x0000000080031f34
core   0: 0x000000008000ff58 (0x0ff77713) andi    a4, a4, 255
core   0: 3 0x000000008000ff58 (0x0ff77713) x14 0x0000000000000000
core   0: 0x000000008000ff5c (0x00e78023) sb      a4, 0(a5)
core   0: 3 0x000000008000ff5c (0x00e78023) mem 0x00000000800120a9 0x00
core   0: 0x000000008000ff60 (0xfc843703) ld      a4, -56(s0)
core   0: 3 0x000000008000ff60 (0xfc843703) x14 0x0000000080012040 mem 0x0000000080031f38
core   0: 0x000000008000ff64 (0xfb843783) ld      a5, -72(s0)
core   0: 3 0x000000008000ff64 (0xfb843783) x15 0x000000000000009c mem 0x0000000080031f28
core   0: 0x000000008000ff68 (0x000097ba) c.add   a5, a4
core   0: 3 0x000000008000ff68 (0x97ba) x15 0x00000000800120dc
core   0: 0x000000008000ff6a (0xfe043703) ld      a4, -32(s0)
core   0: 3 0x000000008000ff6a (0xfe043703) x14 0x00000000800120aa mem 0x0000000080031f50
core   0: 0x000000008000ff6e (0xfcf76de3) bltu    a4, a5, pc - 38
core   0: 3 0x000000008000ff6e (0xfcf76de3)
core   0: 0x000000008000ff48 (0xfe043783) ld      a5, -32(s0)
core   0: 3 0x000000008000ff48 (0xfe043783) x15 0x00000000800120aa mem 0x0000000080031f50
core   0: 0x000000008000ff4c (0x00178713) addi    a4, a5, 1
core   0: 3 0x000000008000ff4c (0x00178713) x14 0x00000000800120ab
core   0: 0x000000008000ff50 (0xfee43023) sd      a4, -32(s0)
core   0: 3 0x000000008000ff50 (0xfee43023) mem 0x0000000080031f50 0x00000000800120ab
core   0: 0x000000008000ff54 (0xfc442703) lw      a4, -60(s0)
core   0: 3 0x000000008000ff54 (0xfc442703) x14 0x0000000000000000 mem 0x0000000080031f34
core   0: 0x000000008000ff58 (0x0ff77713) andi    a4, a4, 255
core   0: 3 0x000000008000ff58 (0x0ff77713) x14 0x0000000000000000
core   0: 0x000000008000ff5c (0x00e78023) sb      a4, 0(a5)
core   0: 3 0x000000008000ff5c (0x00e78023) mem 0x00000000800120aa 0x00
core   0: 0x000000008000ff60 (0xfc843703) ld      a4, -56(s0)
core   0: 3 0x000000008000ff60 (0xfc843703) x14 0x0000000080012040 mem 0x0000000080031f38
core   0: 0x000000008000ff64 (0xfb843783) ld      a5, -72(s0)
core   0: 3 0x000000008000ff64 (0xfb843783) x15 0x000000000000009c mem 0x0000000080031f28
core   0: 0x000000008000ff68 (0x000097ba) c.add   a5, a4
core   0: 3 0x000000008000ff68 (0x97ba) x15 0x00000000800120dc
core   0: 0x000000008000ff6a (0xfe043703) ld      a4, -32(s0)
core   0: 3 0x000000008000ff6a (0xfe043703) x14 0x00000000800120ab mem 0x0000000080031f50
core   0: 0x000000008000ff6e (0xfcf76de3) bltu    a4, a5, pc - 38
core   0: 3 0x000000008000ff6e (0xfcf76de3)
core   0: 0x000000008000ff48 (0xfe043783) ld      a5, -32(s0)
core   0: 3 0x000000008000ff48 (0xfe043783) x15 0x00000000800120ab mem 0x0000000080031f50
core   0: 0x000000008000ff4c (0x00178713) addi    a4, a5, 1
core   0: 3 0x000000008000ff4c (0x00178713) x14 0x00000000800120ac
core   0: 0x000000008000ff50 (0xfee43023) sd      a4, -32(s0)
core   0: 3 0x000000008000ff50 (0xfee43023) mem 0x0000000080031f50 0x00000000800120ac
core   0: 0x000000008000ff54 (0xfc442703) lw      a4, -60(s0)
core   0: 3 0x000000008000ff54 (0xfc442703) x14 0x0000000000000000 mem 0x0000000080031f34
core   0: 0x000000008000ff58 (0x0ff77713) andi    a4, a4, 255
core   0: 3 0x000000008000ff58 (0x0ff77713) x14 0x0000000000000000
core   0: 0x000000008000ff5c (0x00e78023) sb      a4, 0(a5)
core   0: 3 0x000000008000ff5c (0x00e78023) mem 0x00000000800120ab 0x00
core   0: 0x000000008000ff60 (0xfc843703) ld      a4, -56(s0)
core   0: 3 0x000000008000ff60 (0xfc843703) x14 0x0000000080012040 mem 0x0000000080031f38
core   0: 0x000000008000ff64 (0xfb843783) ld      a5, -72(s0)
core   0: 3 0x000000008000ff64 (0xfb843783) x15 0x000000000000009c mem 0x0000000080031f28
core   0: 0x000000008000ff68 (0x000097ba) c.add   a5, a4
core   0: 3 0x000000008000ff68 (0x97ba) x15 0x00000000800120dc
core   0: 0x000000008000ff6a (0xfe043703) ld      a4, -32(s0)
core   0: 3 0x000000008000ff6a (0xfe043703) x14 0x00000000800120ac mem 0x0000000080031f50
core   0: 0x000000008000ff6e (0xfcf76de3) bltu    a4, a5, pc - 38
core   0: 3 0x000000008000ff6e (0xfcf76de3)
core   0: 0x000000008000ff48 (0xfe043783) ld      a5, -32(s0)
core   0: 3 0x000000008000ff48 (0xfe043783) x15 0x00000000800120ac mem 0x0000000080031f50
core   0: 0x000000008000ff4c (0x00178713) addi    a4, a5, 1
core   0: 3 0x000000008000ff4c (0x00178713) x14 0x00000000800120ad
core   0: 0x000000008000ff50 (0xfee43023) sd      a4, -32(s0)
core   0: 3 0x000000008000ff50 (0xfee43023) mem 0x0000000080031f50 0x00000000800120ad
core   0: 0x000000008000ff54 (0xfc442703) lw      a4, -60(s0)
core   0: 3 0x000000008000ff54 (0xfc442703) x14 0x0000000000000000 mem 0x0000000080031f34
core   0: 0x000000008000ff58 (0x0ff77713) andi    a4, a4, 255
core   0: 3 0x000000008000ff58 (0x0ff77713) x14 0x0000000000000000
core   0: 0x000000008000ff5c (0x00e78023) sb      a4, 0(a5)
core   0: 3 0x000000008000ff5c (0x00e78023) mem 0x00000000800120ac 0x00
core   0: 0x000000008000ff60 (0xfc843703) ld      a4, -56(s0)
core   0: 3 0x000000008000ff60 (0xfc843703) x14 0x0000000080012040 mem 0x0000000080031f38
core   0: 0x000000008000ff64 (0xfb843783) ld      a5, -72(s0)
core   0: 3 0x000000008000ff64 (0xfb843783) x15 0x000000000000009c mem 0x0000000080031f28
core   0: 0x000000008000ff68 (0x000097ba) c.add   a5, a4
core   0: 3 0x000000008000ff68 (0x97ba) x15 0x00000000800120dc
core   0: 0x000000008000ff6a (0xfe043703) ld      a4, -32(s0)
core   0: 3 0x000000008000ff6a (0xfe043703) x14 0x00000000800120ad mem 0x0000000080031f50
core   0: 0x000000008000ff6e (0xfcf76de3) bltu    a4, a5, pc - 38
core   0: 3 0x000000008000ff6e (0xfcf76de3)
core   0: 0x000000008000ff48 (0xfe043783) ld      a5, -32(s0)
core   0: 3 0x000000008000ff48 (0xfe043783) x15 0x00000000800120ad mem 0x0000000080031f50
core   0: 0x000000008000ff4c (0x00178713) addi    a4, a5, 1
core   0: 3 0x000000008000ff4c (0x00178713) x14 0x00000000800120ae
core   0: 0x000000008000ff50 (0xfee43023) sd      a4, -32(s0)
core   0: 3 0x000000008000ff50 (0xfee43023) mem 0x0000000080031f50 0x00000000800120ae
core   0: 0x000000008000ff54 (0xfc442703) lw      a4, -60(s0)
core   0: 3 0x000000008000ff54 (0xfc442703) x14 0x0000000000000000 mem 0x0000000080031f34
core   0: 0x000000008000ff58 (0x0ff77713) andi    a4, a4, 255
core   0: 3 0x000000008000ff58 (0x0ff77713) x14 0x0000000000000000
core   0: 0x000000008000ff5c (0x00e78023) sb      a4, 0(a5)
core   0: 3 0x000000008000ff5c (0x00e78023) mem 0x00000000800120ad 0x00
core   0: 0x000000008000ff60 (0xfc843703) ld      a4, -56(s0)
core   0: 3 0x000000008000ff60 (0xfc843703) x14 0x0000000080012040 mem 0x0000000080031f38
core   0: 0x000000008000ff64 (0xfb843783) ld      a5, -72(s0)
core   0: 3 0x000000008000ff64 (0xfb843783) x15 0x000000000000009c mem 0x0000000080031f28
core   0: 0x000000008000ff68 (0x000097ba) c.add   a5, a4
core   0: 3 0x000000008000ff68 (0x97ba) x15 0x00000000800120dc
core   0: 0x000000008000ff6a (0xfe043703) ld      a4, -32(s0)
core   0: 3 0x000000008000ff6a (0xfe043703) x14 0x00000000800120ae mem 0x0000000080031f50
core   0: 0x000000008000ff6e (0xfcf76de3) bltu    a4, a5, pc - 38
core   0: 3 0x000000008000ff6e (0xfcf76de3)
core   0: 0x000000008000ff48 (0xfe043783) ld      a5, -32(s0)
core   0: 3 0x000000008000ff48 (0xfe043783) x15 0x00000000800120ae mem 0x0000000080031f50
core   0: 0x000000008000ff4c (0x00178713) addi    a4, a5, 1
core   0: 3 0x000000008000ff4c (0x00178713) x14 0x00000000800120af
core   0: 0x000000008000ff50 (0xfee43023) sd      a4, -32(s0)
core   0: 3 0x000000008000ff50 (0xfee43023) mem 0x0000000080031f50 0x00000000800120af
core   0: 0x000000008000ff54 (0xfc442703) lw      a4, -60(s0)
core   0: 3 0x000000008000ff54 (0xfc442703) x14 0x0000000000000000 mem 0x0000000080031f34
core   0: 0x000000008000ff58 (0x0ff77713) andi    a4, a4, 255
core   0: 3 0x000000008000ff58 (0x0ff77713) x14 0x0000000000000000
core   0: 0x000000008000ff5c (0x00e78023) sb      a4, 0(a5)
core   0: 3 0x000000008000ff5c (0x00e78023) mem 0x00000000800120ae 0x00
core   0: 0x000000008000ff60 (0xfc843703) ld      a4, -56(s0)
core   0: 3 0x000000008000ff60 (0xfc843703) x14 0x0000000080012040 mem 0x0000000080031f38
core   0: 0x000000008000ff64 (0xfb843783) ld      a5, -72(s0)
core   0: 3 0x000000008000ff64 (0xfb843783) x15 0x000000000000009c mem 0x0000000080031f28
core   0: 0x000000008000ff68 (0x000097ba) c.add   a5, a4
core   0: 3 0x000000008000ff68 (0x97ba) x15 0x00000000800120dc
core   0: 0x000000008000ff6a (0xfe043703) ld      a4, -32(s0)
core   0: 3 0x000000008000ff6a (0xfe043703) x14 0x00000000800120af mem 0x0000000080031f50
core   0: 0x000000008000ff6e (0xfcf76de3) bltu    a4, a5, pc - 38
core   0: 3 0x000000008000ff6e (0xfcf76de3)
core   0: 0x000000008000ff48 (0xfe043783) ld      a5, -32(s0)
core   0: 3 0x000000008000ff48 (0xfe043783) x15 0x00000000800120af mem 0x0000000080031f50
core   0: 0x000000008000ff4c (0x00178713) addi    a4, a5, 1
core   0: 3 0x000000008000ff4c (0x00178713) x14 0x00000000800120b0
core   0: 0x000000008000ff50 (0xfee43023) sd      a4, -32(s0)
core   0: 3 0x000000008000ff50 (0xfee43023) mem 0x0000000080031f50 0x00000000800120b0
core   0: 0x000000008000ff54 (0xfc442703) lw      a4, -60(s0)
core   0: 3 0x000000008000ff54 (0xfc442703) x14 0x0000000000000000 mem 0x0000000080031f34
core   0: 0x000000008000ff58 (0x0ff77713) andi    a4, a4, 255
core   0: 3 0x000000008000ff58 (0x0ff77713) x14 0x0000000000000000
core   0: 0x000000008000ff5c (0x00e78023) sb      a4, 0(a5)
core   0: 3 0x000000008000ff5c (0x00e78023) mem 0x00000000800120af 0x00
core   0: 0x000000008000ff60 (0xfc843703) ld      a4, -56(s0)
core   0: 3 0x000000008000ff60 (0xfc843703) x14 0x0000000080012040 mem 0x0000000080031f38
core   0: 0x000000008000ff64 (0xfb843783) ld      a5, -72(s0)
core   0: 3 0x000000008000ff64 (0xfb843783) x15 0x000000000000009c mem 0x0000000080031f28
core   0: 0x000000008000ff68 (0x000097ba) c.add   a5, a4
core   0: 3 0x000000008000ff68 (0x97ba) x15 0x00000000800120dc
core   0: 0x000000008000ff6a (0xfe043703) ld      a4, -32(s0)
core   0: 3 0x000000008000ff6a (0xfe043703) x14 0x00000000800120b0 mem 0x0000000080031f50
core   0: 0x000000008000ff6e (0xfcf76de3) bltu    a4, a5, pc - 38
core   0: 3 0x000000008000ff6e (0xfcf76de3)
core   0: 0x000000008000ff48 (0xfe043783) ld      a5, -32(s0)
core   0: 3 0x000000008000ff48 (0xfe043783) x15 0x00000000800120b0 mem 0x0000000080031f50
core   0: 0x000000008000ff4c (0x00178713) addi    a4, a5, 1
core   0: 3 0x000000008000ff4c (0x00178713) x14 0x00000000800120b1
core   0: 0x000000008000ff50 (0xfee43023) sd      a4, -32(s0)
core   0: 3 0x000000008000ff50 (0xfee43023) mem 0x0000000080031f50 0x00000000800120b1
core   0: 0x000000008000ff54 (0xfc442703) lw      a4, -60(s0)
core   0: 3 0x000000008000ff54 (0xfc442703) x14 0x0000000000000000 mem 0x0000000080031f34
core   0: 0x000000008000ff58 (0x0ff77713) andi    a4, a4, 255
core   0: 3 0x000000008000ff58 (0x0ff77713) x14 0x0000000000000000
core   0: 0x000000008000ff5c (0x00e78023) sb      a4, 0(a5)
core   0: 3 0x000000008000ff5c (0x00e78023) mem 0x00000000800120b0 0x00
core   0: 0x000000008000ff60 (0xfc843703) ld      a4, -56(s0)
core   0: 3 0x000000008000ff60 (0xfc843703) x14 0x0000000080012040 mem 0x0000000080031f38
core   0: 0x000000008000ff64 (0xfb843783) ld      a5, -72(s0)
core   0: 3 0x000000008000ff64 (0xfb843783) x15 0x000000000000009c mem 0x0000000080031f28
core   0: 0x000000008000ff68 (0x000097ba) c.add   a5, a4
core   0: 3 0x000000008000ff68 (0x97ba) x15 0x00000000800120dc
core   0: 0x000000008000ff6a (0xfe043703) ld      a4, -32(s0)
core   0: 3 0x000000008000ff6a (0xfe043703) x14 0x00000000800120b1 mem 0x0000000080031f50
core   0: 0x000000008000ff6e (0xfcf76de3) bltu    a4, a5, pc - 38
core   0: 3 0x000000008000ff6e (0xfcf76de3)
core   0: 0x000000008000ff48 (0xfe043783) ld      a5, -32(s0)
core   0: 3 0x000000008000ff48 (0xfe043783) x15 0x00000000800120b1 mem 0x0000000080031f50
core   0: 0x000000008000ff4c (0x00178713) addi    a4, a5, 1
core   0: 3 0x000000008000ff4c (0x00178713) x14 0x00000000800120b2
core   0: 0x000000008000ff50 (0xfee43023) sd      a4, -32(s0)
core   0: 3 0x000000008000ff50 (0xfee43023) mem 0x0000000080031f50 0x00000000800120b2
core   0: 0x000000008000ff54 (0xfc442703) lw      a4, -60(s0)
core   0: 3 0x000000008000ff54 (0xfc442703) x14 0x0000000000000000 mem 0x0000000080031f34
core   0: 0x000000008000ff58 (0x0ff77713) andi    a4, a4, 255
core   0: 3 0x000000008000ff58 (0x0ff77713) x14 0x0000000000000000
core   0: 0x000000008000ff5c (0x00e78023) sb      a4, 0(a5)
core   0: 3 0x000000008000ff5c (0x00e78023) mem 0x00000000800120b1 0x00
core   0: 0x000000008000ff60 (0xfc843703) ld      a4, -56(s0)
core   0: 3 0x000000008000ff60 (0xfc843703) x14 0x0000000080012040 mem 0x0000000080031f38
core   0: 0x000000008000ff64 (0xfb843783) ld      a5, -72(s0)
core   0: 3 0x000000008000ff64 (0xfb843783) x15 0x000000000000009c mem 0x0000000080031f28
core   0: 0x000000008000ff68 (0x000097ba) c.add   a5, a4
core   0: 3 0x000000008000ff68 (0x97ba) x15 0x00000000800120dc
core   0: 0x000000008000ff6a (0xfe043703) ld      a4, -32(s0)
core   0: 3 0x000000008000ff6a (0xfe043703) x14 0x00000000800120b2 mem 0x0000000080031f50
core   0: 0x000000008000ff6e (0xfcf76de3) bltu    a4, a5, pc - 38
core   0: 3 0x000000008000ff6e (0xfcf76de3)
core   0: 0x000000008000ff48 (0xfe043783) ld      a5, -32(s0)
core   0: 3 0x000000008000ff48 (0xfe043783) x15 0x00000000800120b2 mem 0x0000000080031f50
core   0: 0x000000008000ff4c (0x00178713) addi    a4, a5, 1
core   0: 3 0x000000008000ff4c (0x00178713) x14 0x00000000800120b3
core   0: 0x000000008000ff50 (0xfee43023) sd      a4, -32(s0)
core   0: 3 0x000000008000ff50 (0xfee43023) mem 0x0000000080031f50 0x00000000800120b3
core   0: 0x000000008000ff54 (0xfc442703) lw      a4, -60(s0)
core   0: 3 0x000000008000ff54 (0xfc442703) x14 0x0000000000000000 mem 0x0000000080031f34
core   0: 0x000000008000ff58 (0x0ff77713) andi    a4, a4, 255
core   0: 3 0x000000008000ff58 (0x0ff77713) x14 0x0000000000000000
core   0: 0x000000008000ff5c (0x00e78023) sb      a4, 0(a5)
core   0: 3 0x000000008000ff5c (0x00e78023) mem 0x00000000800120b2 0x00
core   0: 0x000000008000ff60 (0xfc843703) ld      a4, -56(s0)
core   0: 3 0x000000008000ff60 (0xfc843703) x14 0x0000000080012040 mem 0x0000000080031f38
core   0: 0x000000008000ff64 (0xfb843783) ld      a5, -72(s0)
core   0: 3 0x000000008000ff64 (0xfb843783) x15 0x000000000000009c mem 0x0000000080031f28
core   0: 0x000000008000ff68 (0x000097ba) c.add   a5, a4
core   0: 3 0x000000008000ff68 (0x97ba) x15 0x00000000800120dc
core   0: 0x000000008000ff6a (0xfe043703) ld      a4, -32(s0)
core   0: 3 0x000000008000ff6a (0xfe043703) x14 0x00000000800120b3 mem 0x0000000080031f50
core   0: 0x000000008000ff6e (0xfcf76de3) bltu    a4, a5, pc - 38
core   0: 3 0x000000008000ff6e (0xfcf76de3)
core   0: 0x000000008000ff48 (0xfe043783) ld      a5, -32(s0)
core   0: 3 0x000000008000ff48 (0xfe043783) x15 0x00000000800120b3 mem 0x0000000080031f50
core   0: 0x000000008000ff4c (0x00178713) addi    a4, a5, 1
core   0: 3 0x000000008000ff4c (0x00178713) x14 0x00000000800120b4
core   0: 0x000000008000ff50 (0xfee43023) sd      a4, -32(s0)
core   0: 3 0x000000008000ff50 (0xfee43023) mem 0x0000000080031f50 0x00000000800120b4
core   0: 0x000000008000ff54 (0xfc442703) lw      a4, -60(s0)
core   0: 3 0x000000008000ff54 (0xfc442703) x14 0x0000000000000000 mem 0x0000000080031f34
core   0: 0x000000008000ff58 (0x0ff77713) andi    a4, a4, 255
core   0: 3 0x000000008000ff58 (0x0ff77713) x14 0x0000000000000000
core   0: 0x000000008000ff5c (0x00e78023) sb      a4, 0(a5)
core   0: 3 0x000000008000ff5c (0x00e78023) mem 0x00000000800120b3 0x00
core   0: 0x000000008000ff60 (0xfc843703) ld      a4, -56(s0)
core   0: 3 0x000000008000ff60 (0xfc843703) x14 0x0000000080012040 mem 0x0000000080031f38
core   0: 0x000000008000ff64 (0xfb843783) ld      a5, -72(s0)
core   0: 3 0x000000008000ff64 (0xfb843783) x15 0x000000000000009c mem 0x0000000080031f28
core   0: 0x000000008000ff68 (0x000097ba) c.add   a5, a4
core   0: 3 0x000000008000ff68 (0x97ba) x15 0x00000000800120dc
core   0: 0x000000008000ff6a (0xfe043703) ld      a4, -32(s0)
core   0: 3 0x000000008000ff6a (0xfe043703) x14 0x00000000800120b4 mem 0x0000000080031f50
core   0: 0x000000008000ff6e (0xfcf76de3) bltu    a4, a5, pc - 38
core   0: 3 0x000000008000ff6e (0xfcf76de3)
core   0: 0x000000008000ff48 (0xfe043783) ld      a5, -32(s0)
core   0: 3 0x000000008000ff48 (0xfe043783) x15 0x00000000800120b4 mem 0x0000000080031f50
core   0: 0x000000008000ff4c (0x00178713) addi    a4, a5, 1
core   0: 3 0x000000008000ff4c (0x00178713) x14 0x00000000800120b5
core   0: 0x000000008000ff50 (0xfee43023) sd      a4, -32(s0)
core   0: 3 0x000000008000ff50 (0xfee43023) mem 0x0000000080031f50 0x00000000800120b5
core   0: 0x000000008000ff54 (0xfc442703) lw      a4, -60(s0)
core   0: 3 0x000000008000ff54 (0xfc442703) x14 0x0000000000000000 mem 0x0000000080031f34
core   0: 0x000000008000ff58 (0x0ff77713) andi    a4, a4, 255
core   0: 3 0x000000008000ff58 (0x0ff77713) x14 0x0000000000000000
core   0: 0x000000008000ff5c (0x00e78023) sb      a4, 0(a5)
core   0: 3 0x000000008000ff5c (0x00e78023) mem 0x00000000800120b4 0x00
core   0: 0x000000008000ff60 (0xfc843703) ld      a4, -56(s0)
core   0: 3 0x000000008000ff60 (0xfc843703) x14 0x0000000080012040 mem 0x0000000080031f38
core   0: 0x000000008000ff64 (0xfb843783) ld      a5, -72(s0)
core   0: 3 0x000000008000ff64 (0xfb843783) x15 0x000000000000009c mem 0x0000000080031f28
core   0: 0x000000008000ff68 (0x000097ba) c.add   a5, a4
core   0: 3 0x000000008000ff68 (0x97ba) x15 0x00000000800120dc
core   0: 0x000000008000ff6a (0xfe043703) ld      a4, -32(s0)
core   0: 3 0x000000008000ff6a (0xfe043703) x14 0x00000000800120b5 mem 0x0000000080031f50
core   0: 0x000000008000ff6e (0xfcf76de3) bltu    a4, a5, pc - 38
core   0: 3 0x000000008000ff6e (0xfcf76de3)
core   0: 0x000000008000ff48 (0xfe043783) ld      a5, -32(s0)
core   0: 3 0x000000008000ff48 (0xfe043783) x15 0x00000000800120b5 mem 0x0000000080031f50
core   0: 0x000000008000ff4c (0x00178713) addi    a4, a5, 1
core   0: 3 0x000000008000ff4c (0x00178713) x14 0x00000000800120b6
core   0: 0x000000008000ff50 (0xfee43023) sd      a4, -32(s0)
core   0: 3 0x000000008000ff50 (0xfee43023) mem 0x0000000080031f50 0x00000000800120b6
core   0: 0x000000008000ff54 (0xfc442703) lw      a4, -60(s0)
core   0: 3 0x000000008000ff54 (0xfc442703) x14 0x0000000000000000 mem 0x0000000080031f34
core   0: 0x000000008000ff58 (0x0ff77713) andi    a4, a4, 255
core   0: 3 0x000000008000ff58 (0x0ff77713) x14 0x0000000000000000
core   0: 0x000000008000ff5c (0x00e78023) sb      a4, 0(a5)
core   0: 3 0x000000008000ff5c (0x00e78023) mem 0x00000000800120b5 0x00
core   0: 0x000000008000ff60 (0xfc843703) ld      a4, -56(s0)
core   0: 3 0x000000008000ff60 (0xfc843703) x14 0x0000000080012040 mem 0x0000000080031f38
core   0: 0x000000008000ff64 (0xfb843783) ld      a5, -72(s0)
core   0: 3 0x000000008000ff64 (0xfb843783) x15 0x000000000000009c mem 0x0000000080031f28
core   0: 0x000000008000ff68 (0x000097ba) c.add   a5, a4
core   0: 3 0x000000008000ff68 (0x97ba) x15 0x00000000800120dc
core   0: 0x000000008000ff6a (0xfe043703) ld      a4, -32(s0)
core   0: 3 0x000000008000ff6a (0xfe043703) x14 0x00000000800120b6 mem 0x0000000080031f50
core   0: 0x000000008000ff6e (0xfcf76de3) bltu    a4, a5, pc - 38
core   0: 3 0x000000008000ff6e (0xfcf76de3)
core   0: 0x000000008000ff48 (0xfe043783) ld      a5, -32(s0)
core   0: 3 0x000000008000ff48 (0xfe043783) x15 0x00000000800120b6 mem 0x0000000080031f50
core   0: 0x000000008000ff4c (0x00178713) addi    a4, a5, 1
core   0: 3 0x000000008000ff4c (0x00178713) x14 0x00000000800120b7
core   0: 0x000000008000ff50 (0xfee43023) sd      a4, -32(s0)
core   0: 3 0x000000008000ff50 (0xfee43023) mem 0x0000000080031f50 0x00000000800120b7
core   0: 0x000000008000ff54 (0xfc442703) lw      a4, -60(s0)
core   0: 3 0x000000008000ff54 (0xfc442703) x14 0x0000000000000000 mem 0x0000000080031f34
core   0: 0x000000008000ff58 (0x0ff77713) andi    a4, a4, 255
core   0: 3 0x000000008000ff58 (0x0ff77713) x14 0x0000000000000000
core   0: 0x000000008000ff5c (0x00e78023) sb      a4, 0(a5)
core   0: 3 0x000000008000ff5c (0x00e78023) mem 0x00000000800120b6 0x00
core   0: 0x000000008000ff60 (0xfc843703) ld      a4, -56(s0)
core   0: 3 0x000000008000ff60 (0xfc843703) x14 0x0000000080012040 mem 0x0000000080031f38
core   0: 0x000000008000ff64 (0xfb843783) ld      a5, -72(s0)
core   0: 3 0x000000008000ff64 (0xfb843783) x15 0x000000000000009c mem 0x0000000080031f28
core   0: 0x000000008000ff68 (0x000097ba) c.add   a5, a4
core   0: 3 0x000000008000ff68 (0x97ba) x15 0x00000000800120dc
core   0: 0x000000008000ff6a (0xfe043703) ld      a4, -32(s0)
core   0: 3 0x000000008000ff6a (0xfe043703) x14 0x00000000800120b7 mem 0x0000000080031f50
core   0: 0x000000008000ff6e (0xfcf76de3) bltu    a4, a5, pc - 38
core   0: 3 0x000000008000ff6e (0xfcf76de3)
core   0: 0x000000008000ff48 (0xfe043783) ld      a5, -32(s0)
core   0: 3 0x000000008000ff48 (0xfe043783) x15 0x00000000800120b7 mem 0x0000000080031f50
core   0: 0x000000008000ff4c (0x00178713) addi    a4, a5, 1
core   0: 3 0x000000008000ff4c (0x00178713) x14 0x00000000800120b8
core   0: 0x000000008000ff50 (0xfee43023) sd      a4, -32(s0)
core   0: 3 0x000000008000ff50 (0xfee43023) mem 0x0000000080031f50 0x00000000800120b8
core   0: 0x000000008000ff54 (0xfc442703) lw      a4, -60(s0)
core   0: 3 0x000000008000ff54 (0xfc442703) x14 0x0000000000000000 mem 0x0000000080031f34
core   0: 0x000000008000ff58 (0x0ff77713) andi    a4, a4, 255
core   0: 3 0x000000008000ff58 (0x0ff77713) x14 0x0000000000000000
core   0: 0x000000008000ff5c (0x00e78023) sb      a4, 0(a5)
core   0: 3 0x000000008000ff5c (0x00e78023) mem 0x00000000800120b7 0x00
core   0: 0x000000008000ff60 (0xfc843703) ld      a4, -56(s0)
core   0: 3 0x000000008000ff60 (0xfc843703) x14 0x0000000080012040 mem 0x0000000080031f38
core   0: 0x000000008000ff64 (0xfb843783) ld      a5, -72(s0)
core   0: 3 0x000000008000ff64 (0xfb843783) x15 0x000000000000009c mem 0x0000000080031f28
core   0: 0x000000008000ff68 (0x000097ba) c.add   a5, a4
core   0: 3 0x000000008000ff68 (0x97ba) x15 0x00000000800120dc
core   0: 0x000000008000ff6a (0xfe043703) ld      a4, -32(s0)
core   0: 3 0x000000008000ff6a (0xfe043703) x14 0x00000000800120b8 mem 0x0000000080031f50
core   0: 0x000000008000ff6e (0xfcf76de3) bltu    a4, a5, pc - 38
core   0: 3 0x000000008000ff6e (0xfcf76de3)
core   0: 0x000000008000ff48 (0xfe043783) ld      a5, -32(s0)
core   0: 3 0x000000008000ff48 (0xfe043783) x15 0x00000000800120b8 mem 0x0000000080031f50
core   0: 0x000000008000ff4c (0x00178713) addi    a4, a5, 1
core   0: 3 0x000000008000ff4c (0x00178713) x14 0x00000000800120b9
core   0: 0x000000008000ff50 (0xfee43023) sd      a4, -32(s0)
core   0: 3 0x000000008000ff50 (0xfee43023) mem 0x0000000080031f50 0x00000000800120b9
core   0: 0x000000008000ff54 (0xfc442703) lw      a4, -60(s0)
core   0: 3 0x000000008000ff54 (0xfc442703) x14 0x0000000000000000 mem 0x0000000080031f34
core   0: 0x000000008000ff58 (0x0ff77713) andi    a4, a4, 255
core   0: 3 0x000000008000ff58 (0x0ff77713) x14 0x0000000000000000
core   0: 0x000000008000ff5c (0x00e78023) sb      a4, 0(a5)
core   0: 3 0x000000008000ff5c (0x00e78023) mem 0x00000000800120b8 0x00
core   0: 0x000000008000ff60 (0xfc843703) ld      a4, -56(s0)
core   0: 3 0x000000008000ff60 (0xfc843703) x14 0x0000000080012040 mem 0x0000000080031f38
core   0: 0x000000008000ff64 (0xfb843783) ld      a5, -72(s0)
core   0: 3 0x000000008000ff64 (0xfb843783) x15 0x000000000000009c mem 0x0000000080031f28
core   0: 0x000000008000ff68 (0x000097ba) c.add   a5, a4
core   0: 3 0x000000008000ff68 (0x97ba) x15 0x00000000800120dc
core   0: 0x000000008000ff6a (0xfe043703) ld      a4, -32(s0)
core   0: 3 0x000000008000ff6a (0xfe043703) x14 0x00000000800120b9 mem 0x0000000080031f50
core   0: 0x000000008000ff6e (0xfcf76de3) bltu    a4, a5, pc - 38
core   0: 3 0x000000008000ff6e (0xfcf76de3)
core   0: 0x000000008000ff48 (0xfe043783) ld      a5, -32(s0)
core   0: 3 0x000000008000ff48 (0xfe043783) x15 0x00000000800120b9 mem 0x0000000080031f50
core   0: 0x000000008000ff4c (0x00178713) addi    a4, a5, 1
core   0: 3 0x000000008000ff4c (0x00178713) x14 0x00000000800120ba
core   0: 0x000000008000ff50 (0xfee43023) sd      a4, -32(s0)
core   0: 3 0x000000008000ff50 (0xfee43023) mem 0x0000000080031f50 0x00000000800120ba
core   0: 0x000000008000ff54 (0xfc442703) lw      a4, -60(s0)
core   0: 3 0x000000008000ff54 (0xfc442703) x14 0x0000000000000000 mem 0x0000000080031f34
core   0: 0x000000008000ff58 (0x0ff77713) andi    a4, a4, 255
core   0: 3 0x000000008000ff58 (0x0ff77713) x14 0x0000000000000000
core   0: 0x000000008000ff5c (0x00e78023) sb      a4, 0(a5)
core   0: 3 0x000000008000ff5c (0x00e78023) mem 0x00000000800120b9 0x00
core   0: 0x000000008000ff60 (0xfc843703) ld      a4, -56(s0)
core   0: 3 0x000000008000ff60 (0xfc843703) x14 0x0000000080012040 mem 0x0000000080031f38
core   0: 0x000000008000ff64 (0xfb843783) ld      a5, -72(s0)
core   0: 3 0x000000008000ff64 (0xfb843783) x15 0x000000000000009c mem 0x0000000080031f28
core   0: 0x000000008000ff68 (0x000097ba) c.add   a5, a4
core   0: 3 0x000000008000ff68 (0x97ba) x15 0x00000000800120dc
core   0: 0x000000008000ff6a (0xfe043703) ld      a4, -32(s0)
core   0: 3 0x000000008000ff6a (0xfe043703) x14 0x00000000800120ba mem 0x0000000080031f50
core   0: 0x000000008000ff6e (0xfcf76de3) bltu    a4, a5, pc - 38
core   0: 3 0x000000008000ff6e (0xfcf76de3)
core   0: 0x000000008000ff48 (0xfe043783) ld      a5, -32(s0)
core   0: 3 0x000000008000ff48 (0xfe043783) x15 0x00000000800120ba mem 0x0000000080031f50
core   0: 0x000000008000ff4c (0x00178713) addi    a4, a5, 1
core   0: 3 0x000000008000ff4c (0x00178713) x14 0x00000000800120bb
core   0: 0x000000008000ff50 (0xfee43023) sd      a4, -32(s0)
core   0: 3 0x000000008000ff50 (0xfee43023) mem 0x0000000080031f50 0x00000000800120bb
core   0: 0x000000008000ff54 (0xfc442703) lw      a4, -60(s0)
core   0: 3 0x000000008000ff54 (0xfc442703) x14 0x0000000000000000 mem 0x0000000080031f34
core   0: 0x000000008000ff58 (0x0ff77713) andi    a4, a4, 255
core   0: 3 0x000000008000ff58 (0x0ff77713) x14 0x0000000000000000
core   0: 0x000000008000ff5c (0x00e78023) sb      a4, 0(a5)
core   0: 3 0x000000008000ff5c (0x00e78023) mem 0x00000000800120ba 0x00
core   0: 0x000000008000ff60 (0xfc843703) ld      a4, -56(s0)
core   0: 3 0x000000008000ff60 (0xfc843703) x14 0x0000000080012040 mem 0x0000000080031f38
core   0: 0x000000008000ff64 (0xfb843783) ld      a5, -72(s0)
core   0: 3 0x000000008000ff64 (0xfb843783) x15 0x000000000000009c mem 0x0000000080031f28
core   0: 0x000000008000ff68 (0x000097ba) c.add   a5, a4
core   0: 3 0x000000008000ff68 (0x97ba) x15 0x00000000800120dc
core   0: 0x000000008000ff6a (0xfe043703) ld      a4, -32(s0)
core   0: 3 0x000000008000ff6a (0xfe043703) x14 0x00000000800120bb mem 0x0000000080031f50
core   0: 0x000000008000ff6e (0xfcf76de3) bltu    a4, a5, pc - 38
core   0: 3 0x000000008000ff6e (0xfcf76de3)
core   0: 0x000000008000ff48 (0xfe043783) ld      a5, -32(s0)
core   0: 3 0x000000008000ff48 (0xfe043783) x15 0x00000000800120bb mem 0x0000000080031f50
core   0: 0x000000008000ff4c (0x00178713) addi    a4, a5, 1
core   0: 3 0x000000008000ff4c (0x00178713) x14 0x00000000800120bc
core   0: 0x000000008000ff50 (0xfee43023) sd      a4, -32(s0)
core   0: 3 0x000000008000ff50 (0xfee43023) mem 0x0000000080031f50 0x00000000800120bc
core   0: 0x000000008000ff54 (0xfc442703) lw      a4, -60(s0)
core   0: 3 0x000000008000ff54 (0xfc442703) x14 0x0000000000000000 mem 0x0000000080031f34
core   0: 0x000000008000ff58 (0x0ff77713) andi    a4, a4, 255
core   0: 3 0x000000008000ff58 (0x0ff77713) x14 0x0000000000000000
core   0: 0x000000008000ff5c (0x00e78023) sb      a4, 0(a5)
core   0: 3 0x000000008000ff5c (0x00e78023) mem 0x00000000800120bb 0x00
core   0: 0x000000008000ff60 (0xfc843703) ld      a4, -56(s0)
core   0: 3 0x000000008000ff60 (0xfc843703) x14 0x0000000080012040 mem 0x0000000080031f38
core   0: 0x000000008000ff64 (0xfb843783) ld      a5, -72(s0)
core   0: 3 0x000000008000ff64 (0xfb843783) x15 0x000000000000009c mem 0x0000000080031f28
core   0: 0x000000008000ff68 (0x000097ba) c.add   a5, a4
core   0: 3 0x000000008000ff68 (0x97ba) x15 0x00000000800120dc
core   0: 0x000000008000ff6a (0xfe043703) ld      a4, -32(s0)
core   0: 3 0x000000008000ff6a (0xfe043703) x14 0x00000000800120bc mem 0x0000000080031f50
core   0: 0x000000008000ff6e (0xfcf76de3) bltu    a4, a5, pc - 38
core   0: 3 0x000000008000ff6e (0xfcf76de3)
core   0: 0x000000008000ff48 (0xfe043783) ld      a5, -32(s0)
core   0: 3 0x000000008000ff48 (0xfe043783) x15 0x00000000800120bc mem 0x0000000080031f50
core   0: 0x000000008000ff4c (0x00178713) addi    a4, a5, 1
core   0: 3 0x000000008000ff4c (0x00178713) x14 0x00000000800120bd
core   0: 0x000000008000ff50 (0xfee43023) sd      a4, -32(s0)
core   0: 3 0x000000008000ff50 (0xfee43023) mem 0x0000000080031f50 0x00000000800120bd
core   0: 0x000000008000ff54 (0xfc442703) lw      a4, -60(s0)
core   0: 3 0x000000008000ff54 (0xfc442703) x14 0x0000000000000000 mem 0x0000000080031f34
core   0: 0x000000008000ff58 (0x0ff77713) andi    a4, a4, 255
core   0: 3 0x000000008000ff58 (0x0ff77713) x14 0x0000000000000000
core   0: 0x000000008000ff5c (0x00e78023) sb      a4, 0(a5)
core   0: 3 0x000000008000ff5c (0x00e78023) mem 0x00000000800120bc 0x00
core   0: 0x000000008000ff60 (0xfc843703) ld      a4, -56(s0)
core   0: 3 0x000000008000ff60 (0xfc843703) x14 0x0000000080012040 mem 0x0000000080031f38
core   0: 0x000000008000ff64 (0xfb843783) ld      a5, -72(s0)
core   0: 3 0x000000008000ff64 (0xfb843783) x15 0x000000000000009c mem 0x0000000080031f28
core   0: 0x000000008000ff68 (0x000097ba) c.add   a5, a4
core   0: 3 0x000000008000ff68 (0x97ba) x15 0x00000000800120dc
core   0: 0x000000008000ff6a (0xfe043703) ld      a4, -32(s0)
core   0: 3 0x000000008000ff6a (0xfe043703) x14 0x00000000800120bd mem 0x0000000080031f50
core   0: 0x000000008000ff6e (0xfcf76de3) bltu    a4, a5, pc - 38
core   0: 3 0x000000008000ff6e (0xfcf76de3)
core   0: 0x000000008000ff48 (0xfe043783) ld      a5, -32(s0)
core   0: 3 0x000000008000ff48 (0xfe043783) x15 0x00000000800120bd mem 0x0000000080031f50
core   0: 0x000000008000ff4c (0x00178713) addi    a4, a5, 1
core   0: 3 0x000000008000ff4c (0x00178713) x14 0x00000000800120be
core   0: 0x000000008000ff50 (0xfee43023) sd      a4, -32(s0)
core   0: 3 0x000000008000ff50 (0xfee43023) mem 0x0000000080031f50 0x00000000800120be
core   0: 0x000000008000ff54 (0xfc442703) lw      a4, -60(s0)
core   0: 3 0x000000008000ff54 (0xfc442703) x14 0x0000000000000000 mem 0x0000000080031f34
core   0: 0x000000008000ff58 (0x0ff77713) andi    a4, a4, 255
core   0: 3 0x000000008000ff58 (0x0ff77713) x14 0x0000000000000000
core   0: 0x000000008000ff5c (0x00e78023) sb      a4, 0(a5)
core   0: 3 0x000000008000ff5c (0x00e78023) mem 0x00000000800120bd 0x00
core   0: 0x000000008000ff60 (0xfc843703) ld      a4, -56(s0)
core   0: 3 0x000000008000ff60 (0xfc843703) x14 0x0000000080012040 mem 0x0000000080031f38
core   0: 0x000000008000ff64 (0xfb843783) ld      a5, -72(s0)
core   0: 3 0x000000008000ff64 (0xfb843783) x15 0x000000000000009c mem 0x0000000080031f28
core   0: 0x000000008000ff68 (0x000097ba) c.add   a5, a4
core   0: 3 0x000000008000ff68 (0x97ba) x15 0x00000000800120dc
core   0: 0x000000008000ff6a (0xfe043703) ld      a4, -32(s0)
core   0: 3 0x000000008000ff6a (0xfe043703) x14 0x00000000800120be mem 0x0000000080031f50
core   0: 0x000000008000ff6e (0xfcf76de3) bltu    a4, a5, pc - 38
core   0: 3 0x000000008000ff6e (0xfcf76de3)
core   0: 0x000000008000ff48 (0xfe043783) ld      a5, -32(s0)
core   0: 3 0x000000008000ff48 (0xfe043783) x15 0x00000000800120be mem 0x0000000080031f50
core   0: 0x000000008000ff4c (0x00178713) addi    a4, a5, 1
core   0: 3 0x000000008000ff4c (0x00178713) x14 0x00000000800120bf
core   0: 0x000000008000ff50 (0xfee43023) sd      a4, -32(s0)
core   0: 3 0x000000008000ff50 (0xfee43023) mem 0x0000000080031f50 0x00000000800120bf
core   0: 0x000000008000ff54 (0xfc442703) lw      a4, -60(s0)
core   0: 3 0x000000008000ff54 (0xfc442703) x14 0x0000000000000000 mem 0x0000000080031f34
core   0: 0x000000008000ff58 (0x0ff77713) andi    a4, a4, 255
core   0: 3 0x000000008000ff58 (0x0ff77713) x14 0x0000000000000000
core   0: 0x000000008000ff5c (0x00e78023) sb      a4, 0(a5)
core   0: 3 0x000000008000ff5c (0x00e78023) mem 0x00000000800120be 0x00
core   0: 0x000000008000ff60 (0xfc843703) ld      a4, -56(s0)
core   0: 3 0x000000008000ff60 (0xfc843703) x14 0x0000000080012040 mem 0x0000000080031f38
core   0: 0x000000008000ff64 (0xfb843783) ld      a5, -72(s0)
core   0: 3 0x000000008000ff64 (0xfb843783) x15 0x000000000000009c mem 0x0000000080031f28
core   0: 0x000000008000ff68 (0x000097ba) c.add   a5, a4
core   0: 3 0x000000008000ff68 (0x97ba) x15 0x00000000800120dc
core   0: 0x000000008000ff6a (0xfe043703) ld      a4, -32(s0)
core   0: 3 0x000000008000ff6a (0xfe043703) x14 0x00000000800120bf mem 0x0000000080031f50
core   0: 0x000000008000ff6e (0xfcf76de3) bltu    a4, a5, pc - 38
core   0: 3 0x000000008000ff6e (0xfcf76de3)
core   0: 0x000000008000ff48 (0xfe043783) ld      a5, -32(s0)
core   0: 3 0x000000008000ff48 (0xfe043783) x15 0x00000000800120bf mem 0x0000000080031f50
core   0: 0x000000008000ff4c (0x00178713) addi    a4, a5, 1
core   0: 3 0x000000008000ff4c (0x00178713) x14 0x00000000800120c0
core   0: 0x000000008000ff50 (0xfee43023) sd      a4, -32(s0)
core   0: 3 0x000000008000ff50 (0xfee43023) mem 0x0000000080031f50 0x00000000800120c0
core   0: 0x000000008000ff54 (0xfc442703) lw      a4, -60(s0)
core   0: 3 0x000000008000ff54 (0xfc442703) x14 0x0000000000000000 mem 0x0000000080031f34
core   0: 0x000000008000ff58 (0x0ff77713) andi    a4, a4, 255
core   0: 3 0x000000008000ff58 (0x0ff77713) x14 0x0000000000000000
core   0: 0x000000008000ff5c (0x00e78023) sb      a4, 0(a5)
core   0: 3 0x000000008000ff5c (0x00e78023) mem 0x00000000800120bf 0x00
core   0: 0x000000008000ff60 (0xfc843703) ld      a4, -56(s0)
core   0: 3 0x000000008000ff60 (0xfc843703) x14 0x0000000080012040 mem 0x0000000080031f38
core   0: 0x000000008000ff64 (0xfb843783) ld      a5, -72(s0)
core   0: 3 0x000000008000ff64 (0xfb843783) x15 0x000000000000009c mem 0x0000000080031f28
core   0: 0x000000008000ff68 (0x000097ba) c.add   a5, a4
core   0: 3 0x000000008000ff68 (0x97ba) x15 0x00000000800120dc
core   0: 0x000000008000ff6a (0xfe043703) ld      a4, -32(s0)
core   0: 3 0x000000008000ff6a (0xfe043703) x14 0x00000000800120c0 mem 0x0000000080031f50
core   0: 0x000000008000ff6e (0xfcf76de3) bltu    a4, a5, pc - 38
core   0: 3 0x000000008000ff6e (0xfcf76de3)
core   0: 0x000000008000ff48 (0xfe043783) ld      a5, -32(s0)
core   0: 3 0x000000008000ff48 (0xfe043783) x15 0x00000000800120c0 mem 0x0000000080031f50
core   0: 0x000000008000ff4c (0x00178713) addi    a4, a5, 1
core   0: 3 0x000000008000ff4c (0x00178713) x14 0x00000000800120c1
core   0: 0x000000008000ff50 (0xfee43023) sd      a4, -32(s0)
core   0: 3 0x000000008000ff50 (0xfee43023) mem 0x0000000080031f50 0x00000000800120c1
core   0: 0x000000008000ff54 (0xfc442703) lw      a4, -60(s0)
core   0: 3 0x000000008000ff54 (0xfc442703) x14 0x0000000000000000 mem 0x0000000080031f34
core   0: 0x000000008000ff58 (0x0ff77713) andi    a4, a4, 255
core   0: 3 0x000000008000ff58 (0x0ff77713) x14 0x0000000000000000
core   0: 0x000000008000ff5c (0x00e78023) sb      a4, 0(a5)
core   0: 3 0x000000008000ff5c (0x00e78023) mem 0x00000000800120c0 0x00
core   0: 0x000000008000ff60 (0xfc843703) ld      a4, -56(s0)
core   0: 3 0x000000008000ff60 (0xfc843703) x14 0x0000000080012040 mem 0x0000000080031f38
core   0: 0x000000008000ff64 (0xfb843783) ld      a5, -72(s0)
core   0: 3 0x000000008000ff64 (0xfb843783) x15 0x000000000000009c mem 0x0000000080031f28
core   0: 0x000000008000ff68 (0x000097ba) c.add   a5, a4
core   0: 3 0x000000008000ff68 (0x97ba) x15 0x00000000800120dc
core   0: 0x000000008000ff6a (0xfe043703) ld      a4, -32(s0)
core   0: 3 0x000000008000ff6a (0xfe043703) x14 0x00000000800120c1 mem 0x0000000080031f50
core   0: 0x000000008000ff6e (0xfcf76de3) bltu    a4, a5, pc - 38
core   0: 3 0x000000008000ff6e (0xfcf76de3)
core   0: 0x000000008000ff48 (0xfe043783) ld      a5, -32(s0)
core   0: 3 0x000000008000ff48 (0xfe043783) x15 0x00000000800120c1 mem 0x0000000080031f50
core   0: 0x000000008000ff4c (0x00178713) addi    a4, a5, 1
core   0: 3 0x000000008000ff4c (0x00178713) x14 0x00000000800120c2
core   0: 0x000000008000ff50 (0xfee43023) sd      a4, -32(s0)
core   0: 3 0x000000008000ff50 (0xfee43023) mem 0x0000000080031f50 0x00000000800120c2
core   0: 0x000000008000ff54 (0xfc442703) lw      a4, -60(s0)
core   0: 3 0x000000008000ff54 (0xfc442703) x14 0x0000000000000000 mem 0x0000000080031f34
core   0: 0x000000008000ff58 (0x0ff77713) andi    a4, a4, 255
core   0: 3 0x000000008000ff58 (0x0ff77713) x14 0x0000000000000000
core   0: 0x000000008000ff5c (0x00e78023) sb      a4, 0(a5)
core   0: 3 0x000000008000ff5c (0x00e78023) mem 0x00000000800120c1 0x00
core   0: 0x000000008000ff60 (0xfc843703) ld      a4, -56(s0)
core   0: 3 0x000000008000ff60 (0xfc843703) x14 0x0000000080012040 mem 0x0000000080031f38
core   0: 0x000000008000ff64 (0xfb843783) ld      a5, -72(s0)
core   0: 3 0x000000008000ff64 (0xfb843783) x15 0x000000000000009c mem 0x0000000080031f28
core   0: 0x000000008000ff68 (0x000097ba) c.add   a5, a4
core   0: 3 0x000000008000ff68 (0x97ba) x15 0x00000000800120dc
core   0: 0x000000008000ff6a (0xfe043703) ld      a4, -32(s0)
core   0: 3 0x000000008000ff6a (0xfe043703) x14 0x00000000800120c2 mem 0x0000000080031f50
core   0: 0x000000008000ff6e (0xfcf76de3) bltu    a4, a5, pc - 38
core   0: 3 0x000000008000ff6e (0xfcf76de3)
core   0: 0x000000008000ff48 (0xfe043783) ld      a5, -32(s0)
core   0: 3 0x000000008000ff48 (0xfe043783) x15 0x00000000800120c2 mem 0x0000000080031f50
core   0: 0x000000008000ff4c (0x00178713) addi    a4, a5, 1
core   0: 3 0x000000008000ff4c (0x00178713) x14 0x00000000800120c3
core   0: 0x000000008000ff50 (0xfee43023) sd      a4, -32(s0)
core   0: 3 0x000000008000ff50 (0xfee43023) mem 0x0000000080031f50 0x00000000800120c3
core   0: 0x000000008000ff54 (0xfc442703) lw      a4, -60(s0)
core   0: 3 0x000000008000ff54 (0xfc442703) x14 0x0000000000000000 mem 0x0000000080031f34
core   0: 0x000000008000ff58 (0x0ff77713) andi    a4, a4, 255
core   0: 3 0x000000008000ff58 (0x0ff77713) x14 0x0000000000000000
core   0: 0x000000008000ff5c (0x00e78023) sb      a4, 0(a5)
core   0: 3 0x000000008000ff5c (0x00e78023) mem 0x00000000800120c2 0x00
core   0: 0x000000008000ff60 (0xfc843703) ld      a4, -56(s0)
core   0: 3 0x000000008000ff60 (0xfc843703) x14 0x0000000080012040 mem 0x0000000080031f38
core   0: 0x000000008000ff64 (0xfb843783) ld      a5, -72(s0)
core   0: 3 0x000000008000ff64 (0xfb843783) x15 0x000000000000009c mem 0x0000000080031f28
core   0: 0x000000008000ff68 (0x000097ba) c.add   a5, a4
core   0: 3 0x000000008000ff68 (0x97ba) x15 0x00000000800120dc
core   0: 0x000000008000ff6a (0xfe043703) ld      a4, -32(s0)
core   0: 3 0x000000008000ff6a (0xfe043703) x14 0x00000000800120c3 mem 0x0000000080031f50
core   0: 0x000000008000ff6e (0xfcf76de3) bltu    a4, a5, pc - 38
core   0: 3 0x000000008000ff6e (0xfcf76de3)
core   0: 0x000000008000ff48 (0xfe043783) ld      a5, -32(s0)
core   0: 3 0x000000008000ff48 (0xfe043783) x15 0x00000000800120c3 mem 0x0000000080031f50
core   0: 0x000000008000ff4c (0x00178713) addi    a4, a5, 1
core   0: 3 0x000000008000ff4c (0x00178713) x14 0x00000000800120c4
core   0: 0x000000008000ff50 (0xfee43023) sd      a4, -32(s0)
core   0: 3 0x000000008000ff50 (0xfee43023) mem 0x0000000080031f50 0x00000000800120c4
core   0: 0x000000008000ff54 (0xfc442703) lw      a4, -60(s0)
core   0: 3 0x000000008000ff54 (0xfc442703) x14 0x0000000000000000 mem 0x0000000080031f34
core   0: 0x000000008000ff58 (0x0ff77713) andi    a4, a4, 255
core   0: 3 0x000000008000ff58 (0x0ff77713) x14 0x0000000000000000
core   0: 0x000000008000ff5c (0x00e78023) sb      a4, 0(a5)
core   0: 3 0x000000008000ff5c (0x00e78023) mem 0x00000000800120c3 0x00
core   0: 0x000000008000ff60 (0xfc843703) ld      a4, -56(s0)
core   0: 3 0x000000008000ff60 (0xfc843703) x14 0x0000000080012040 mem 0x0000000080031f38
core   0: 0x000000008000ff64 (0xfb843783) ld      a5, -72(s0)
core   0: 3 0x000000008000ff64 (0xfb843783) x15 0x000000000000009c mem 0x0000000080031f28
core   0: 0x000000008000ff68 (0x000097ba) c.add   a5, a4
core   0: 3 0x000000008000ff68 (0x97ba) x15 0x00000000800120dc
core   0: 0x000000008000ff6a (0xfe043703) ld      a4, -32(s0)
core   0: 3 0x000000008000ff6a (0xfe043703) x14 0x00000000800120c4 mem 0x0000000080031f50
core   0: 0x000000008000ff6e (0xfcf76de3) bltu    a4, a5, pc - 38
core   0: 3 0x000000008000ff6e (0xfcf76de3)
core   0: 0x000000008000ff48 (0xfe043783) ld      a5, -32(s0)
core   0: 3 0x000000008000ff48 (0xfe043783) x15 0x00000000800120c4 mem 0x0000000080031f50
core   0: 0x000000008000ff4c (0x00178713) addi    a4, a5, 1
core   0: 3 0x000000008000ff4c (0x00178713) x14 0x00000000800120c5
core   0: 0x000000008000ff50 (0xfee43023) sd      a4, -32(s0)
core   0: 3 0x000000008000ff50 (0xfee43023) mem 0x0000000080031f50 0x00000000800120c5
core   0: 0x000000008000ff54 (0xfc442703) lw      a4, -60(s0)
core   0: 3 0x000000008000ff54 (0xfc442703) x14 0x0000000000000000 mem 0x0000000080031f34
core   0: 0x000000008000ff58 (0x0ff77713) andi    a4, a4, 255
core   0: 3 0x000000008000ff58 (0x0ff77713) x14 0x0000000000000000
core   0: 0x000000008000ff5c (0x00e78023) sb      a4, 0(a5)
core   0: 3 0x000000008000ff5c (0x00e78023) mem 0x00000000800120c4 0x00
core   0: 0x000000008000ff60 (0xfc843703) ld      a4, -56(s0)
core   0: 3 0x000000008000ff60 (0xfc843703) x14 0x0000000080012040 mem 0x0000000080031f38
core   0: 0x000000008000ff64 (0xfb843783) ld      a5, -72(s0)
core   0: 3 0x000000008000ff64 (0xfb843783) x15 0x000000000000009c mem 0x0000000080031f28
core   0: 0x000000008000ff68 (0x000097ba) c.add   a5, a4
core   0: 3 0x000000008000ff68 (0x97ba) x15 0x00000000800120dc
core   0: 0x000000008000ff6a (0xfe043703) ld      a4, -32(s0)
core   0: 3 0x000000008000ff6a (0xfe043703) x14 0x00000000800120c5 mem 0x0000000080031f50
core   0: 0x000000008000ff6e (0xfcf76de3) bltu    a4, a5, pc - 38
core   0: 3 0x000000008000ff6e (0xfcf76de3)
core   0: 0x000000008000ff48 (0xfe043783) ld      a5, -32(s0)
core   0: 3 0x000000008000ff48 (0xfe043783) x15 0x00000000800120c5 mem 0x0000000080031f50
core   0: 0x000000008000ff4c (0x00178713) addi    a4, a5, 1
core   0: 3 0x000000008000ff4c (0x00178713) x14 0x00000000800120c6
core   0: 0x000000008000ff50 (0xfee43023) sd      a4, -32(s0)
core   0: 3 0x000000008000ff50 (0xfee43023) mem 0x0000000080031f50 0x00000000800120c6
core   0: 0x000000008000ff54 (0xfc442703) lw      a4, -60(s0)
core   0: 3 0x000000008000ff54 (0xfc442703) x14 0x0000000000000000 mem 0x0000000080031f34
core   0: 0x000000008000ff58 (0x0ff77713) andi    a4, a4, 255
core   0: 3 0x000000008000ff58 (0x0ff77713) x14 0x0000000000000000
core   0: 0x000000008000ff5c (0x00e78023) sb      a4, 0(a5)
core   0: 3 0x000000008000ff5c (0x00e78023) mem 0x00000000800120c5 0x00
core   0: 0x000000008000ff60 (0xfc843703) ld      a4, -56(s0)
core   0: 3 0x000000008000ff60 (0xfc843703) x14 0x0000000080012040 mem 0x0000000080031f38
core   0: 0x000000008000ff64 (0xfb843783) ld      a5, -72(s0)
core   0: 3 0x000000008000ff64 (0xfb843783) x15 0x000000000000009c mem 0x0000000080031f28
core   0: 0x000000008000ff68 (0x000097ba) c.add   a5, a4
core   0: 3 0x000000008000ff68 (0x97ba) x15 0x00000000800120dc
core   0: 0x000000008000ff6a (0xfe043703) ld      a4, -32(s0)
core   0: 3 0x000000008000ff6a (0xfe043703) x14 0x00000000800120c6 mem 0x0000000080031f50
core   0: 0x000000008000ff6e (0xfcf76de3) bltu    a4, a5, pc - 38
core   0: 3 0x000000008000ff6e (0xfcf76de3)
core   0: 0x000000008000ff48 (0xfe043783) ld      a5, -32(s0)
core   0: 3 0x000000008000ff48 (0xfe043783) x15 0x00000000800120c6 mem 0x0000000080031f50
core   0: 0x000000008000ff4c (0x00178713) addi    a4, a5, 1
core   0: 3 0x000000008000ff4c (0x00178713) x14 0x00000000800120c7
core   0: 0x000000008000ff50 (0xfee43023) sd      a4, -32(s0)
core   0: 3 0x000000008000ff50 (0xfee43023) mem 0x0000000080031f50 0x00000000800120c7
core   0: 0x000000008000ff54 (0xfc442703) lw      a4, -60(s0)
core   0: 3 0x000000008000ff54 (0xfc442703) x14 0x0000000000000000 mem 0x0000000080031f34
core   0: 0x000000008000ff58 (0x0ff77713) andi    a4, a4, 255
core   0: 3 0x000000008000ff58 (0x0ff77713) x14 0x0000000000000000
core   0: 0x000000008000ff5c (0x00e78023) sb      a4, 0(a5)
core   0: 3 0x000000008000ff5c (0x00e78023) mem 0x00000000800120c6 0x00
core   0: 0x000000008000ff60 (0xfc843703) ld      a4, -56(s0)
core   0: 3 0x000000008000ff60 (0xfc843703) x14 0x0000000080012040 mem 0x0000000080031f38
core   0: 0x000000008000ff64 (0xfb843783) ld      a5, -72(s0)
core   0: 3 0x000000008000ff64 (0xfb843783) x15 0x000000000000009c mem 0x0000000080031f28
core   0: 0x000000008000ff68 (0x000097ba) c.add   a5, a4
core   0: 3 0x000000008000ff68 (0x97ba) x15 0x00000000800120dc
core   0: 0x000000008000ff6a (0xfe043703) ld      a4, -32(s0)
core   0: 3 0x000000008000ff6a (0xfe043703) x14 0x00000000800120c7 mem 0x0000000080031f50
core   0: 0x000000008000ff6e (0xfcf76de3) bltu    a4, a5, pc - 38
core   0: 3 0x000000008000ff6e (0xfcf76de3)
core   0: 0x000000008000ff48 (0xfe043783) ld      a5, -32(s0)
core   0: 3 0x000000008000ff48 (0xfe043783) x15 0x00000000800120c7 mem 0x0000000080031f50
core   0: 0x000000008000ff4c (0x00178713) addi    a4, a5, 1
core   0: 3 0x000000008000ff4c (0x00178713) x14 0x00000000800120c8
core   0: 0x000000008000ff50 (0xfee43023) sd      a4, -32(s0)
core   0: 3 0x000000008000ff50 (0xfee43023) mem 0x0000000080031f50 0x00000000800120c8
core   0: 0x000000008000ff54 (0xfc442703) lw      a4, -60(s0)
core   0: 3 0x000000008000ff54 (0xfc442703) x14 0x0000000000000000 mem 0x0000000080031f34
core   0: 0x000000008000ff58 (0x0ff77713) andi    a4, a4, 255
core   0: 3 0x000000008000ff58 (0x0ff77713) x14 0x0000000000000000
core   0: 0x000000008000ff5c (0x00e78023) sb      a4, 0(a5)
core   0: 3 0x000000008000ff5c (0x00e78023) mem 0x00000000800120c7 0x00
core   0: 0x000000008000ff60 (0xfc843703) ld      a4, -56(s0)
core   0: 3 0x000000008000ff60 (0xfc843703) x14 0x0000000080012040 mem 0x0000000080031f38
core   0: 0x000000008000ff64 (0xfb843783) ld      a5, -72(s0)
core   0: 3 0x000000008000ff64 (0xfb843783) x15 0x000000000000009c mem 0x0000000080031f28
core   0: 0x000000008000ff68 (0x000097ba) c.add   a5, a4
core   0: 3 0x000000008000ff68 (0x97ba) x15 0x00000000800120dc
core   0: 0x000000008000ff6a (0xfe043703) ld      a4, -32(s0)
core   0: 3 0x000000008000ff6a (0xfe043703) x14 0x00000000800120c8 mem 0x0000000080031f50
core   0: 0x000000008000ff6e (0xfcf76de3) bltu    a4, a5, pc - 38
core   0: 3 0x000000008000ff6e (0xfcf76de3)
core   0: 0x000000008000ff48 (0xfe043783) ld      a5, -32(s0)
core   0: 3 0x000000008000ff48 (0xfe043783) x15 0x00000000800120c8 mem 0x0000000080031f50
core   0: 0x000000008000ff4c (0x00178713) addi    a4, a5, 1
core   0: 3 0x000000008000ff4c (0x00178713) x14 0x00000000800120c9
core   0: 0x000000008000ff50 (0xfee43023) sd      a4, -32(s0)
core   0: 3 0x000000008000ff50 (0xfee43023) mem 0x0000000080031f50 0x00000000800120c9
core   0: 0x000000008000ff54 (0xfc442703) lw      a4, -60(s0)
core   0: 3 0x000000008000ff54 (0xfc442703) x14 0x0000000000000000 mem 0x0000000080031f34
core   0: 0x000000008000ff58 (0x0ff77713) andi    a4, a4, 255
core   0: 3 0x000000008000ff58 (0x0ff77713) x14 0x0000000000000000
core   0: 0x000000008000ff5c (0x00e78023) sb      a4, 0(a5)
core   0: 3 0x000000008000ff5c (0x00e78023) mem 0x00000000800120c8 0x00
core   0: 0x000000008000ff60 (0xfc843703) ld      a4, -56(s0)
core   0: 3 0x000000008000ff60 (0xfc843703) x14 0x0000000080012040 mem 0x0000000080031f38
core   0: 0x000000008000ff64 (0xfb843783) ld      a5, -72(s0)
core   0: 3 0x000000008000ff64 (0xfb843783) x15 0x000000000000009c mem 0x0000000080031f28
core   0: 0x000000008000ff68 (0x000097ba) c.add   a5, a4
core   0: 3 0x000000008000ff68 (0x97ba) x15 0x00000000800120dc
core   0: 0x000000008000ff6a (0xfe043703) ld      a4, -32(s0)
core   0: 3 0x000000008000ff6a (0xfe043703) x14 0x00000000800120c9 mem 0x0000000080031f50
core   0: 0x000000008000ff6e (0xfcf76de3) bltu    a4, a5, pc - 38
core   0: 3 0x000000008000ff6e (0xfcf76de3)
core   0: 0x000000008000ff48 (0xfe043783) ld      a5, -32(s0)
core   0: 3 0x000000008000ff48 (0xfe043783) x15 0x00000000800120c9 mem 0x0000000080031f50
core   0: 0x000000008000ff4c (0x00178713) addi    a4, a5, 1
core   0: 3 0x000000008000ff4c (0x00178713) x14 0x00000000800120ca
core   0: 0x000000008000ff50 (0xfee43023) sd      a4, -32(s0)
core   0: 3 0x000000008000ff50 (0xfee43023) mem 0x0000000080031f50 0x00000000800120ca
core   0: 0x000000008000ff54 (0xfc442703) lw      a4, -60(s0)
core   0: 3 0x000000008000ff54 (0xfc442703) x14 0x0000000000000000 mem 0x0000000080031f34
core   0: 0x000000008000ff58 (0x0ff77713) andi    a4, a4, 255
core   0: 3 0x000000008000ff58 (0x0ff77713) x14 0x0000000000000000
core   0: 0x000000008000ff5c (0x00e78023) sb      a4, 0(a5)
core   0: 3 0x000000008000ff5c (0x00e78023) mem 0x00000000800120c9 0x00
core   0: 0x000000008000ff60 (0xfc843703) ld      a4, -56(s0)
core   0: 3 0x000000008000ff60 (0xfc843703) x14 0x0000000080012040 mem 0x0000000080031f38
core   0: 0x000000008000ff64 (0xfb843783) ld      a5, -72(s0)
core   0: 3 0x000000008000ff64 (0xfb843783) x15 0x000000000000009c mem 0x0000000080031f28
core   0: 0x000000008000ff68 (0x000097ba) c.add   a5, a4
core   0: 3 0x000000008000ff68 (0x97ba) x15 0x00000000800120dc
core   0: 0x000000008000ff6a (0xfe043703) ld      a4, -32(s0)
core   0: 3 0x000000008000ff6a (0xfe043703) x14 0x00000000800120ca mem 0x0000000080031f50
core   0: 0x000000008000ff6e (0xfcf76de3) bltu    a4, a5, pc - 38
core   0: 3 0x000000008000ff6e (0xfcf76de3)
core   0: 0x000000008000ff48 (0xfe043783) ld      a5, -32(s0)
core   0: 3 0x000000008000ff48 (0xfe043783) x15 0x00000000800120ca mem 0x0000000080031f50
core   0: 0x000000008000ff4c (0x00178713) addi    a4, a5, 1
core   0: 3 0x000000008000ff4c (0x00178713) x14 0x00000000800120cb
core   0: 0x000000008000ff50 (0xfee43023) sd      a4, -32(s0)
core   0: 3 0x000000008000ff50 (0xfee43023) mem 0x0000000080031f50 0x00000000800120cb
core   0: 0x000000008000ff54 (0xfc442703) lw      a4, -60(s0)
core   0: 3 0x000000008000ff54 (0xfc442703) x14 0x0000000000000000 mem 0x0000000080031f34
core   0: 0x000000008000ff58 (0x0ff77713) andi    a4, a4, 255
core   0: 3 0x000000008000ff58 (0x0ff77713) x14 0x0000000000000000
core   0: 0x000000008000ff5c (0x00e78023) sb      a4, 0(a5)
core   0: 3 0x000000008000ff5c (0x00e78023) mem 0x00000000800120ca 0x00
core   0: 0x000000008000ff60 (0xfc843703) ld      a4, -56(s0)
core   0: 3 0x000000008000ff60 (0xfc843703) x14 0x0000000080012040 mem 0x0000000080031f38
core   0: 0x000000008000ff64 (0xfb843783) ld      a5, -72(s0)
core   0: 3 0x000000008000ff64 (0xfb843783) x15 0x000000000000009c mem 0x0000000080031f28
core   0: 0x000000008000ff68 (0x000097ba) c.add   a5, a4
core   0: 3 0x000000008000ff68 (0x97ba) x15 0x00000000800120dc
core   0: 0x000000008000ff6a (0xfe043703) ld      a4, -32(s0)
core   0: 3 0x000000008000ff6a (0xfe043703) x14 0x00000000800120cb mem 0x0000000080031f50
core   0: 0x000000008000ff6e (0xfcf76de3) bltu    a4, a5, pc - 38
core   0: 3 0x000000008000ff6e (0xfcf76de3)
core   0: 0x000000008000ff48 (0xfe043783) ld      a5, -32(s0)
core   0: 3 0x000000008000ff48 (0xfe043783) x15 0x00000000800120cb mem 0x0000000080031f50
core   0: 0x000000008000ff4c (0x00178713) addi    a4, a5, 1
core   0: 3 0x000000008000ff4c (0x00178713) x14 0x00000000800120cc
core   0: 0x000000008000ff50 (0xfee43023) sd      a4, -32(s0)
core   0: 3 0x000000008000ff50 (0xfee43023) mem 0x0000000080031f50 0x00000000800120cc
core   0: 0x000000008000ff54 (0xfc442703) lw      a4, -60(s0)
core   0: 3 0x000000008000ff54 (0xfc442703) x14 0x0000000000000000 mem 0x0000000080031f34
core   0: 0x000000008000ff58 (0x0ff77713) andi    a4, a4, 255
core   0: 3 0x000000008000ff58 (0x0ff77713) x14 0x0000000000000000
core   0: 0x000000008000ff5c (0x00e78023) sb      a4, 0(a5)
core   0: 3 0x000000008000ff5c (0x00e78023) mem 0x00000000800120cb 0x00
core   0: 0x000000008000ff60 (0xfc843703) ld      a4, -56(s0)
core   0: 3 0x000000008000ff60 (0xfc843703) x14 0x0000000080012040 mem 0x0000000080031f38
core   0: 0x000000008000ff64 (0xfb843783) ld      a5, -72(s0)
core   0: 3 0x000000008000ff64 (0xfb843783) x15 0x000000000000009c mem 0x0000000080031f28
core   0: 0x000000008000ff68 (0x000097ba) c.add   a5, a4
core   0: 3 0x000000008000ff68 (0x97ba) x15 0x00000000800120dc
core   0: 0x000000008000ff6a (0xfe043703) ld      a4, -32(s0)
core   0: 3 0x000000008000ff6a (0xfe043703) x14 0x00000000800120cc mem 0x0000000080031f50
core   0: 0x000000008000ff6e (0xfcf76de3) bltu    a4, a5, pc - 38
core   0: 3 0x000000008000ff6e (0xfcf76de3)
core   0: 0x000000008000ff48 (0xfe043783) ld      a5, -32(s0)
core   0: 3 0x000000008000ff48 (0xfe043783) x15 0x00000000800120cc mem 0x0000000080031f50
core   0: 0x000000008000ff4c (0x00178713) addi    a4, a5, 1
core   0: 3 0x000000008000ff4c (0x00178713) x14 0x00000000800120cd
core   0: 0x000000008000ff50 (0xfee43023) sd      a4, -32(s0)
core   0: 3 0x000000008000ff50 (0xfee43023) mem 0x0000000080031f50 0x00000000800120cd
core   0: 0x000000008000ff54 (0xfc442703) lw      a4, -60(s0)
core   0: 3 0x000000008000ff54 (0xfc442703) x14 0x0000000000000000 mem 0x0000000080031f34
core   0: 0x000000008000ff58 (0x0ff77713) andi    a4, a4, 255
core   0: 3 0x000000008000ff58 (0x0ff77713) x14 0x0000000000000000
core   0: 0x000000008000ff5c (0x00e78023) sb      a4, 0(a5)
core   0: 3 0x000000008000ff5c (0x00e78023) mem 0x00000000800120cc 0x00
core   0: 0x000000008000ff60 (0xfc843703) ld      a4, -56(s0)
core   0: 3 0x000000008000ff60 (0xfc843703) x14 0x0000000080012040 mem 0x0000000080031f38
core   0: 0x000000008000ff64 (0xfb843783) ld      a5, -72(s0)
core   0: 3 0x000000008000ff64 (0xfb843783) x15 0x000000000000009c mem 0x0000000080031f28
core   0: 0x000000008000ff68 (0x000097ba) c.add   a5, a4
core   0: 3 0x000000008000ff68 (0x97ba) x15 0x00000000800120dc
core   0: 0x000000008000ff6a (0xfe043703) ld      a4, -32(s0)
core   0: 3 0x000000008000ff6a (0xfe043703) x14 0x00000000800120cd mem 0x0000000080031f50
core   0: 0x000000008000ff6e (0xfcf76de3) bltu    a4, a5, pc - 38
core   0: 3 0x000000008000ff6e (0xfcf76de3)
core   0: 0x000000008000ff48 (0xfe043783) ld      a5, -32(s0)
core   0: 3 0x000000008000ff48 (0xfe043783) x15 0x00000000800120cd mem 0x0000000080031f50
core   0: 0x000000008000ff4c (0x00178713) addi    a4, a5, 1
core   0: 3 0x000000008000ff4c (0x00178713) x14 0x00000000800120ce
core   0: 0x000000008000ff50 (0xfee43023) sd      a4, -32(s0)
core   0: 3 0x000000008000ff50 (0xfee43023) mem 0x0000000080031f50 0x00000000800120ce
core   0: 0x000000008000ff54 (0xfc442703) lw      a4, -60(s0)
core   0: 3 0x000000008000ff54 (0xfc442703) x14 0x0000000000000000 mem 0x0000000080031f34
core   0: 0x000000008000ff58 (0x0ff77713) andi    a4, a4, 255
core   0: 3 0x000000008000ff58 (0x0ff77713) x14 0x0000000000000000
core   0: 0x000000008000ff5c (0x00e78023) sb      a4, 0(a5)
core   0: 3 0x000000008000ff5c (0x00e78023) mem 0x00000000800120cd 0x00
core   0: 0x000000008000ff60 (0xfc843703) ld      a4, -56(s0)
core   0: 3 0x000000008000ff60 (0xfc843703) x14 0x0000000080012040 mem 0x0000000080031f38
core   0: 0x000000008000ff64 (0xfb843783) ld      a5, -72(s0)
core   0: 3 0x000000008000ff64 (0xfb843783) x15 0x000000000000009c mem 0x0000000080031f28
core   0: 0x000000008000ff68 (0x000097ba) c.add   a5, a4
core   0: 3 0x000000008000ff68 (0x97ba) x15 0x00000000800120dc
core   0: 0x000000008000ff6a (0xfe043703) ld      a4, -32(s0)
core   0: 3 0x000000008000ff6a (0xfe043703) x14 0x00000000800120ce mem 0x0000000080031f50
core   0: 0x000000008000ff6e (0xfcf76de3) bltu    a4, a5, pc - 38
core   0: 3 0x000000008000ff6e (0xfcf76de3)
core   0: 0x000000008000ff48 (0xfe043783) ld      a5, -32(s0)
core   0: 3 0x000000008000ff48 (0xfe043783) x15 0x00000000800120ce mem 0x0000000080031f50
core   0: 0x000000008000ff4c (0x00178713) addi    a4, a5, 1
core   0: 3 0x000000008000ff4c (0x00178713) x14 0x00000000800120cf
core   0: 0x000000008000ff50 (0xfee43023) sd      a4, -32(s0)
core   0: 3 0x000000008000ff50 (0xfee43023) mem 0x0000000080031f50 0x00000000800120cf
core   0: 0x000000008000ff54 (0xfc442703) lw      a4, -60(s0)
core   0: 3 0x000000008000ff54 (0xfc442703) x14 0x0000000000000000 mem 0x0000000080031f34
core   0: 0x000000008000ff58 (0x0ff77713) andi    a4, a4, 255
core   0: 3 0x000000008000ff58 (0x0ff77713) x14 0x0000000000000000
core   0: 0x000000008000ff5c (0x00e78023) sb      a4, 0(a5)
core   0: 3 0x000000008000ff5c (0x00e78023) mem 0x00000000800120ce 0x00
core   0: 0x000000008000ff60 (0xfc843703) ld      a4, -56(s0)
core   0: 3 0x000000008000ff60 (0xfc843703) x14 0x0000000080012040 mem 0x0000000080031f38
core   0: 0x000000008000ff64 (0xfb843783) ld      a5, -72(s0)
core   0: 3 0x000000008000ff64 (0xfb843783) x15 0x000000000000009c mem 0x0000000080031f28
core   0: 0x000000008000ff68 (0x000097ba) c.add   a5, a4
core   0: 3 0x000000008000ff68 (0x97ba) x15 0x00000000800120dc
core   0: 0x000000008000ff6a (0xfe043703) ld      a4, -32(s0)
core   0: 3 0x000000008000ff6a (0xfe043703) x14 0x00000000800120cf mem 0x0000000080031f50
core   0: 0x000000008000ff6e (0xfcf76de3) bltu    a4, a5, pc - 38
core   0: 3 0x000000008000ff6e (0xfcf76de3)
core   0: 0x000000008000ff48 (0xfe043783) ld      a5, -32(s0)
core   0: 3 0x000000008000ff48 (0xfe043783) x15 0x00000000800120cf mem 0x0000000080031f50
core   0: 0x000000008000ff4c (0x00178713) addi    a4, a5, 1
core   0: 3 0x000000008000ff4c (0x00178713) x14 0x00000000800120d0
core   0: 0x000000008000ff50 (0xfee43023) sd      a4, -32(s0)
core   0: 3 0x000000008000ff50 (0xfee43023) mem 0x0000000080031f50 0x00000000800120d0
core   0: 0x000000008000ff54 (0xfc442703) lw      a4, -60(s0)
core   0: 3 0x000000008000ff54 (0xfc442703) x14 0x0000000000000000 mem 0x0000000080031f34
core   0: 0x000000008000ff58 (0x0ff77713) andi    a4, a4, 255
core   0: 3 0x000000008000ff58 (0x0ff77713) x14 0x0000000000000000
core   0: 0x000000008000ff5c (0x00e78023) sb      a4, 0(a5)
core   0: 3 0x000000008000ff5c (0x00e78023) mem 0x00000000800120cf 0x00
core   0: 0x000000008000ff60 (0xfc843703) ld      a4, -56(s0)
core   0: 3 0x000000008000ff60 (0xfc843703) x14 0x0000000080012040 mem 0x0000000080031f38
core   0: 0x000000008000ff64 (0xfb843783) ld      a5, -72(s0)
core   0: 3 0x000000008000ff64 (0xfb843783) x15 0x000000000000009c mem 0x0000000080031f28
core   0: 0x000000008000ff68 (0x000097ba) c.add   a5, a4
core   0: 3 0x000000008000ff68 (0x97ba) x15 0x00000000800120dc
core   0: 0x000000008000ff6a (0xfe043703) ld      a4, -32(s0)
core   0: 3 0x000000008000ff6a (0xfe043703) x14 0x00000000800120d0 mem 0x0000000080031f50
core   0: 0x000000008000ff6e (0xfcf76de3) bltu    a4, a5, pc - 38
core   0: 3 0x000000008000ff6e (0xfcf76de3)
core   0: 0x000000008000ff48 (0xfe043783) ld      a5, -32(s0)
core   0: 3 0x000000008000ff48 (0xfe043783) x15 0x00000000800120d0 mem 0x0000000080031f50
core   0: 0x000000008000ff4c (0x00178713) addi    a4, a5, 1
core   0: 3 0x000000008000ff4c (0x00178713) x14 0x00000000800120d1
core   0: 0x000000008000ff50 (0xfee43023) sd      a4, -32(s0)
core   0: 3 0x000000008000ff50 (0xfee43023) mem 0x0000000080031f50 0x00000000800120d1
core   0: 0x000000008000ff54 (0xfc442703) lw      a4, -60(s0)
core   0: 3 0x000000008000ff54 (0xfc442703) x14 0x0000000000000000 mem 0x0000000080031f34
core   0: 0x000000008000ff58 (0x0ff77713) andi    a4, a4, 255
core   0: 3 0x000000008000ff58 (0x0ff77713) x14 0x0000000000000000
core   0: 0x000000008000ff5c (0x00e78023) sb      a4, 0(a5)
core   0: 3 0x000000008000ff5c (0x00e78023) mem 0x00000000800120d0 0x00
core   0: 0x000000008000ff60 (0xfc843703) ld      a4, -56(s0)
core   0: 3 0x000000008000ff60 (0xfc843703) x14 0x0000000080012040 mem 0x0000000080031f38
core   0: 0x000000008000ff64 (0xfb843783) ld      a5, -72(s0)
core   0: 3 0x000000008000ff64 (0xfb843783) x15 0x000000000000009c mem 0x0000000080031f28
core   0: 0x000000008000ff68 (0x000097ba) c.add   a5, a4
core   0: 3 0x000000008000ff68 (0x97ba) x15 0x00000000800120dc
core   0: 0x000000008000ff6a (0xfe043703) ld      a4, -32(s0)
core   0: 3 0x000000008000ff6a (0xfe043703) x14 0x00000000800120d1 mem 0x0000000080031f50
core   0: 0x000000008000ff6e (0xfcf76de3) bltu    a4, a5, pc - 38
core   0: 3 0x000000008000ff6e (0xfcf76de3)
core   0: 0x000000008000ff48 (0xfe043783) ld      a5, -32(s0)
core   0: 3 0x000000008000ff48 (0xfe043783) x15 0x00000000800120d1 mem 0x0000000080031f50
core   0: 0x000000008000ff4c (0x00178713) addi    a4, a5, 1
core   0: 3 0x000000008000ff4c (0x00178713) x14 0x00000000800120d2
core   0: 0x000000008000ff50 (0xfee43023) sd      a4, -32(s0)
core   0: 3 0x000000008000ff50 (0xfee43023) mem 0x0000000080031f50 0x00000000800120d2
core   0: 0x000000008000ff54 (0xfc442703) lw      a4, -60(s0)
core   0: 3 0x000000008000ff54 (0xfc442703) x14 0x0000000000000000 mem 0x0000000080031f34
core   0: 0x000000008000ff58 (0x0ff77713) andi    a4, a4, 255
core   0: 3 0x000000008000ff58 (0x0ff77713) x14 0x0000000000000000
core   0: 0x000000008000ff5c (0x00e78023) sb      a4, 0(a5)
core   0: 3 0x000000008000ff5c (0x00e78023) mem 0x00000000800120d1 0x00
core   0: 0x000000008000ff60 (0xfc843703) ld      a4, -56(s0)
core   0: 3 0x000000008000ff60 (0xfc843703) x14 0x0000000080012040 mem 0x0000000080031f38
core   0: 0x000000008000ff64 (0xfb843783) ld      a5, -72(s0)
core   0: 3 0x000000008000ff64 (0xfb843783) x15 0x000000000000009c mem 0x0000000080031f28
core   0: 0x000000008000ff68 (0x000097ba) c.add   a5, a4
core   0: 3 0x000000008000ff68 (0x97ba) x15 0x00000000800120dc
core   0: 0x000000008000ff6a (0xfe043703) ld      a4, -32(s0)
core   0: 3 0x000000008000ff6a (0xfe043703) x14 0x00000000800120d2 mem 0x0000000080031f50
core   0: 0x000000008000ff6e (0xfcf76de3) bltu    a4, a5, pc - 38
core   0: 3 0x000000008000ff6e (0xfcf76de3)
core   0: 0x000000008000ff48 (0xfe043783) ld      a5, -32(s0)
core   0: 3 0x000000008000ff48 (0xfe043783) x15 0x00000000800120d2 mem 0x0000000080031f50
core   0: 0x000000008000ff4c (0x00178713) addi    a4, a5, 1
core   0: 3 0x000000008000ff4c (0x00178713) x14 0x00000000800120d3
core   0: 0x000000008000ff50 (0xfee43023) sd      a4, -32(s0)
core   0: 3 0x000000008000ff50 (0xfee43023) mem 0x0000000080031f50 0x00000000800120d3
core   0: 0x000000008000ff54 (0xfc442703) lw      a4, -60(s0)
core   0: 3 0x000000008000ff54 (0xfc442703) x14 0x0000000000000000 mem 0x0000000080031f34
core   0: 0x000000008000ff58 (0x0ff77713) andi    a4, a4, 255
core   0: 3 0x000000008000ff58 (0x0ff77713) x14 0x0000000000000000
core   0: 0x000000008000ff5c (0x00e78023) sb      a4, 0(a5)
core   0: 3 0x000000008000ff5c (0x00e78023) mem 0x00000000800120d2 0x00
core   0: 0x000000008000ff60 (0xfc843703) ld      a4, -56(s0)
core   0: 3 0x000000008000ff60 (0xfc843703) x14 0x0000000080012040 mem 0x0000000080031f38
core   0: 0x000000008000ff64 (0xfb843783) ld      a5, -72(s0)
core   0: 3 0x000000008000ff64 (0xfb843783) x15 0x000000000000009c mem 0x0000000080031f28
core   0: 0x000000008000ff68 (0x000097ba) c.add   a5, a4
core   0: 3 0x000000008000ff68 (0x97ba) x15 0x00000000800120dc
core   0: 0x000000008000ff6a (0xfe043703) ld      a4, -32(s0)
core   0: 3 0x000000008000ff6a (0xfe043703) x14 0x00000000800120d3 mem 0x0000000080031f50
core   0: 0x000000008000ff6e (0xfcf76de3) bltu    a4, a5, pc - 38
core   0: 3 0x000000008000ff6e (0xfcf76de3)
core   0: 0x000000008000ff48 (0xfe043783) ld      a5, -32(s0)
core   0: 3 0x000000008000ff48 (0xfe043783) x15 0x00000000800120d3 mem 0x0000000080031f50
core   0: 0x000000008000ff4c (0x00178713) addi    a4, a5, 1
core   0: 3 0x000000008000ff4c (0x00178713) x14 0x00000000800120d4
core   0: 0x000000008000ff50 (0xfee43023) sd      a4, -32(s0)
core   0: 3 0x000000008000ff50 (0xfee43023) mem 0x0000000080031f50 0x00000000800120d4
core   0: 0x000000008000ff54 (0xfc442703) lw      a4, -60(s0)
core   0: 3 0x000000008000ff54 (0xfc442703) x14 0x0000000000000000 mem 0x0000000080031f34
core   0: 0x000000008000ff58 (0x0ff77713) andi    a4, a4, 255
core   0: 3 0x000000008000ff58 (0x0ff77713) x14 0x0000000000000000
core   0: 0x000000008000ff5c (0x00e78023) sb      a4, 0(a5)
core   0: 3 0x000000008000ff5c (0x00e78023) mem 0x00000000800120d3 0x00
core   0: 0x000000008000ff60 (0xfc843703) ld      a4, -56(s0)
core   0: 3 0x000000008000ff60 (0xfc843703) x14 0x0000000080012040 mem 0x0000000080031f38
core   0: 0x000000008000ff64 (0xfb843783) ld      a5, -72(s0)
core   0: 3 0x000000008000ff64 (0xfb843783) x15 0x000000000000009c mem 0x0000000080031f28
core   0: 0x000000008000ff68 (0x000097ba) c.add   a5, a4
core   0: 3 0x000000008000ff68 (0x97ba) x15 0x00000000800120dc
core   0: 0x000000008000ff6a (0xfe043703) ld      a4, -32(s0)
core   0: 3 0x000000008000ff6a (0xfe043703) x14 0x00000000800120d4 mem 0x0000000080031f50
core   0: 0x000000008000ff6e (0xfcf76de3) bltu    a4, a5, pc - 38
core   0: 3 0x000000008000ff6e (0xfcf76de3)
core   0: 0x000000008000ff48 (0xfe043783) ld      a5, -32(s0)
core   0: 3 0x000000008000ff48 (0xfe043783) x15 0x00000000800120d4 mem 0x0000000080031f50
core   0: 0x000000008000ff4c (0x00178713) addi    a4, a5, 1
core   0: 3 0x000000008000ff4c (0x00178713) x14 0x00000000800120d5
core   0: 0x000000008000ff50 (0xfee43023) sd      a4, -32(s0)
core   0: 3 0x000000008000ff50 (0xfee43023) mem 0x0000000080031f50 0x00000000800120d5
core   0: 0x000000008000ff54 (0xfc442703) lw      a4, -60(s0)
core   0: 3 0x000000008000ff54 (0xfc442703) x14 0x0000000000000000 mem 0x0000000080031f34
core   0: 0x000000008000ff58 (0x0ff77713) andi    a4, a4, 255
core   0: 3 0x000000008000ff58 (0x0ff77713) x14 0x0000000000000000
core   0: 0x000000008000ff5c (0x00e78023) sb      a4, 0(a5)
core   0: 3 0x000000008000ff5c (0x00e78023) mem 0x00000000800120d4 0x00
core   0: 0x000000008000ff60 (0xfc843703) ld      a4, -56(s0)
core   0: 3 0x000000008000ff60 (0xfc843703) x14 0x0000000080012040 mem 0x0000000080031f38
core   0: 0x000000008000ff64 (0xfb843783) ld      a5, -72(s0)
core   0: 3 0x000000008000ff64 (0xfb843783) x15 0x000000000000009c mem 0x0000000080031f28
core   0: 0x000000008000ff68 (0x000097ba) c.add   a5, a4
core   0: 3 0x000000008000ff68 (0x97ba) x15 0x00000000800120dc
core   0: 0x000000008000ff6a (0xfe043703) ld      a4, -32(s0)
core   0: 3 0x000000008000ff6a (0xfe043703) x14 0x00000000800120d5 mem 0x0000000080031f50
core   0: 0x000000008000ff6e (0xfcf76de3) bltu    a4, a5, pc - 38
core   0: 3 0x000000008000ff6e (0xfcf76de3)
core   0: 0x000000008000ff48 (0xfe043783) ld      a5, -32(s0)
core   0: 3 0x000000008000ff48 (0xfe043783) x15 0x00000000800120d5 mem 0x0000000080031f50
core   0: 0x000000008000ff4c (0x00178713) addi    a4, a5, 1
core   0: 3 0x000000008000ff4c (0x00178713) x14 0x00000000800120d6
core   0: 0x000000008000ff50 (0xfee43023) sd      a4, -32(s0)
core   0: 3 0x000000008000ff50 (0xfee43023) mem 0x0000000080031f50 0x00000000800120d6
core   0: 0x000000008000ff54 (0xfc442703) lw      a4, -60(s0)
core   0: 3 0x000000008000ff54 (0xfc442703) x14 0x0000000000000000 mem 0x0000000080031f34
core   0: 0x000000008000ff58 (0x0ff77713) andi    a4, a4, 255
core   0: 3 0x000000008000ff58 (0x0ff77713) x14 0x0000000000000000
core   0: 0x000000008000ff5c (0x00e78023) sb      a4, 0(a5)
core   0: 3 0x000000008000ff5c (0x00e78023) mem 0x00000000800120d5 0x00
core   0: 0x000000008000ff60 (0xfc843703) ld      a4, -56(s0)
core   0: 3 0x000000008000ff60 (0xfc843703) x14 0x0000000080012040 mem 0x0000000080031f38
core   0: 0x000000008000ff64 (0xfb843783) ld      a5, -72(s0)
core   0: 3 0x000000008000ff64 (0xfb843783) x15 0x000000000000009c mem 0x0000000080031f28
core   0: 0x000000008000ff68 (0x000097ba) c.add   a5, a4
core   0: 3 0x000000008000ff68 (0x97ba) x15 0x00000000800120dc
core   0: 0x000000008000ff6a (0xfe043703) ld      a4, -32(s0)
core   0: 3 0x000000008000ff6a (0xfe043703) x14 0x00000000800120d6 mem 0x0000000080031f50
core   0: 0x000000008000ff6e (0xfcf76de3) bltu    a4, a5, pc - 38
core   0: 3 0x000000008000ff6e (0xfcf76de3)
core   0: 0x000000008000ff48 (0xfe043783) ld      a5, -32(s0)
core   0: 3 0x000000008000ff48 (0xfe043783) x15 0x00000000800120d6 mem 0x0000000080031f50
core   0: 0x000000008000ff4c (0x00178713) addi    a4, a5, 1
core   0: 3 0x000000008000ff4c (0x00178713) x14 0x00000000800120d7
core   0: 0x000000008000ff50 (0xfee43023) sd      a4, -32(s0)
core   0: 3 0x000000008000ff50 (0xfee43023) mem 0x0000000080031f50 0x00000000800120d7
core   0: 0x000000008000ff54 (0xfc442703) lw      a4, -60(s0)
core   0: 3 0x000000008000ff54 (0xfc442703) x14 0x0000000000000000 mem 0x0000000080031f34
core   0: 0x000000008000ff58 (0x0ff77713) andi    a4, a4, 255
core   0: 3 0x000000008000ff58 (0x0ff77713) x14 0x0000000000000000
core   0: 0x000000008000ff5c (0x00e78023) sb      a4, 0(a5)
core   0: 3 0x000000008000ff5c (0x00e78023) mem 0x00000000800120d6 0x00
core   0: 0x000000008000ff60 (0xfc843703) ld      a4, -56(s0)
core   0: 3 0x000000008000ff60 (0xfc843703) x14 0x0000000080012040 mem 0x0000000080031f38
core   0: 0x000000008000ff64 (0xfb843783) ld      a5, -72(s0)
core   0: 3 0x000000008000ff64 (0xfb843783) x15 0x000000000000009c mem 0x0000000080031f28
core   0: 0x000000008000ff68 (0x000097ba) c.add   a5, a4
core   0: 3 0x000000008000ff68 (0x97ba) x15 0x00000000800120dc
core   0: 0x000000008000ff6a (0xfe043703) ld      a4, -32(s0)
core   0: 3 0x000000008000ff6a (0xfe043703) x14 0x00000000800120d7 mem 0x0000000080031f50
core   0: 0x000000008000ff6e (0xfcf76de3) bltu    a4, a5, pc - 38
core   0: 3 0x000000008000ff6e (0xfcf76de3)
core   0: 0x000000008000ff48 (0xfe043783) ld      a5, -32(s0)
core   0: 3 0x000000008000ff48 (0xfe043783) x15 0x00000000800120d7 mem 0x0000000080031f50
core   0: 0x000000008000ff4c (0x00178713) addi    a4, a5, 1
core   0: 3 0x000000008000ff4c (0x00178713) x14 0x00000000800120d8
core   0: 0x000000008000ff50 (0xfee43023) sd      a4, -32(s0)
core   0: 3 0x000000008000ff50 (0xfee43023) mem 0x0000000080031f50 0x00000000800120d8
core   0: 0x000000008000ff54 (0xfc442703) lw      a4, -60(s0)
core   0: 3 0x000000008000ff54 (0xfc442703) x14 0x0000000000000000 mem 0x0000000080031f34
core   0: 0x000000008000ff58 (0x0ff77713) andi    a4, a4, 255
core   0: 3 0x000000008000ff58 (0x0ff77713) x14 0x0000000000000000
core   0: 0x000000008000ff5c (0x00e78023) sb      a4, 0(a5)
core   0: 3 0x000000008000ff5c (0x00e78023) mem 0x00000000800120d7 0x00
core   0: 0x000000008000ff60 (0xfc843703) ld      a4, -56(s0)
core   0: 3 0x000000008000ff60 (0xfc843703) x14 0x0000000080012040 mem 0x0000000080031f38
core   0: 0x000000008000ff64 (0xfb843783) ld      a5, -72(s0)
core   0: 3 0x000000008000ff64 (0xfb843783) x15 0x000000000000009c mem 0x0000000080031f28
core   0: 0x000000008000ff68 (0x000097ba) c.add   a5, a4
core   0: 3 0x000000008000ff68 (0x97ba) x15 0x00000000800120dc
core   0: 0x000000008000ff6a (0xfe043703) ld      a4, -32(s0)
core   0: 3 0x000000008000ff6a (0xfe043703) x14 0x00000000800120d8 mem 0x0000000080031f50
core   0: 0x000000008000ff6e (0xfcf76de3) bltu    a4, a5, pc - 38
core   0: 3 0x000000008000ff6e (0xfcf76de3)
core   0: 0x000000008000ff48 (0xfe043783) ld      a5, -32(s0)
core   0: 3 0x000000008000ff48 (0xfe043783) x15 0x00000000800120d8 mem 0x0000000080031f50
core   0: 0x000000008000ff4c (0x00178713) addi    a4, a5, 1
core   0: 3 0x000000008000ff4c (0x00178713) x14 0x00000000800120d9
core   0: 0x000000008000ff50 (0xfee43023) sd      a4, -32(s0)
core   0: 3 0x000000008000ff50 (0xfee43023) mem 0x0000000080031f50 0x00000000800120d9
core   0: 0x000000008000ff54 (0xfc442703) lw      a4, -60(s0)
core   0: 3 0x000000008000ff54 (0xfc442703) x14 0x0000000000000000 mem 0x0000000080031f34
core   0: 0x000000008000ff58 (0x0ff77713) andi    a4, a4, 255
core   0: 3 0x000000008000ff58 (0x0ff77713) x14 0x0000000000000000
core   0: 0x000000008000ff5c (0x00e78023) sb      a4, 0(a5)
core   0: 3 0x000000008000ff5c (0x00e78023) mem 0x00000000800120d8 0x00
core   0: 0x000000008000ff60 (0xfc843703) ld      a4, -56(s0)
core   0: 3 0x000000008000ff60 (0xfc843703) x14 0x0000000080012040 mem 0x0000000080031f38
core   0: 0x000000008000ff64 (0xfb843783) ld      a5, -72(s0)
core   0: 3 0x000000008000ff64 (0xfb843783) x15 0x000000000000009c mem 0x0000000080031f28
core   0: 0x000000008000ff68 (0x000097ba) c.add   a5, a4
core   0: 3 0x000000008000ff68 (0x97ba) x15 0x00000000800120dc
core   0: 0x000000008000ff6a (0xfe043703) ld      a4, -32(s0)
core   0: 3 0x000000008000ff6a (0xfe043703) x14 0x00000000800120d9 mem 0x0000000080031f50
core   0: 0x000000008000ff6e (0xfcf76de3) bltu    a4, a5, pc - 38
core   0: 3 0x000000008000ff6e (0xfcf76de3)
core   0: 0x000000008000ff48 (0xfe043783) ld      a5, -32(s0)
core   0: 3 0x000000008000ff48 (0xfe043783) x15 0x00000000800120d9 mem 0x0000000080031f50
core   0: 0x000000008000ff4c (0x00178713) addi    a4, a5, 1
core   0: 3 0x000000008000ff4c (0x00178713) x14 0x00000000800120da
core   0: 0x000000008000ff50 (0xfee43023) sd      a4, -32(s0)
core   0: 3 0x000000008000ff50 (0xfee43023) mem 0x0000000080031f50 0x00000000800120da
core   0: 0x000000008000ff54 (0xfc442703) lw      a4, -60(s0)
core   0: 3 0x000000008000ff54 (0xfc442703) x14 0x0000000000000000 mem 0x0000000080031f34
core   0: 0x000000008000ff58 (0x0ff77713) andi    a4, a4, 255
core   0: 3 0x000000008000ff58 (0x0ff77713) x14 0x0000000000000000
core   0: 0x000000008000ff5c (0x00e78023) sb      a4, 0(a5)
core   0: 3 0x000000008000ff5c (0x00e78023) mem 0x00000000800120d9 0x00
core   0: 0x000000008000ff60 (0xfc843703) ld      a4, -56(s0)
core   0: 3 0x000000008000ff60 (0xfc843703) x14 0x0000000080012040 mem 0x0000000080031f38
core   0: 0x000000008000ff64 (0xfb843783) ld      a5, -72(s0)
core   0: 3 0x000000008000ff64 (0xfb843783) x15 0x000000000000009c mem 0x0000000080031f28
core   0: 0x000000008000ff68 (0x000097ba) c.add   a5, a4
core   0: 3 0x000000008000ff68 (0x97ba) x15 0x00000000800120dc
core   0: 0x000000008000ff6a (0xfe043703) ld      a4, -32(s0)
core   0: 3 0x000000008000ff6a (0xfe043703) x14 0x00000000800120da mem 0x0000000080031f50
core   0: 0x000000008000ff6e (0xfcf76de3) bltu    a4, a5, pc - 38
core   0: 3 0x000000008000ff6e (0xfcf76de3)
core   0: 0x000000008000ff48 (0xfe043783) ld      a5, -32(s0)
core   0: 3 0x000000008000ff48 (0xfe043783) x15 0x00000000800120da mem 0x0000000080031f50
core   0: 0x000000008000ff4c (0x00178713) addi    a4, a5, 1
core   0: 3 0x000000008000ff4c (0x00178713) x14 0x00000000800120db
core   0: 0x000000008000ff50 (0xfee43023) sd      a4, -32(s0)
core   0: 3 0x000000008000ff50 (0xfee43023) mem 0x0000000080031f50 0x00000000800120db
core   0: 0x000000008000ff54 (0xfc442703) lw      a4, -60(s0)
core   0: 3 0x000000008000ff54 (0xfc442703) x14 0x0000000000000000 mem 0x0000000080031f34
core   0: 0x000000008000ff58 (0x0ff77713) andi    a4, a4, 255
core   0: 3 0x000000008000ff58 (0x0ff77713) x14 0x0000000000000000
core   0: 0x000000008000ff5c (0x00e78023) sb      a4, 0(a5)
core   0: 3 0x000000008000ff5c (0x00e78023) mem 0x00000000800120da 0x00
core   0: 0x000000008000ff60 (0xfc843703) ld      a4, -56(s0)
core   0: 3 0x000000008000ff60 (0xfc843703) x14 0x0000000080012040 mem 0x0000000080031f38
core   0: 0x000000008000ff64 (0xfb843783) ld      a5, -72(s0)
core   0: 3 0x000000008000ff64 (0xfb843783) x15 0x000000000000009c mem 0x0000000080031f28
core   0: 0x000000008000ff68 (0x000097ba) c.add   a5, a4
core   0: 3 0x000000008000ff68 (0x97ba) x15 0x00000000800120dc
core   0: 0x000000008000ff6a (0xfe043703) ld      a4, -32(s0)
core   0: 3 0x000000008000ff6a (0xfe043703) x14 0x00000000800120db mem 0x0000000080031f50
core   0: 0x000000008000ff6e (0xfcf76de3) bltu    a4, a5, pc - 38
core   0: 3 0x000000008000ff6e (0xfcf76de3)
core   0: 0x000000008000ff48 (0xfe043783) ld      a5, -32(s0)
core   0: 3 0x000000008000ff48 (0xfe043783) x15 0x00000000800120db mem 0x0000000080031f50
core   0: 0x000000008000ff4c (0x00178713) addi    a4, a5, 1
core   0: 3 0x000000008000ff4c (0x00178713) x14 0x00000000800120dc
core   0: 0x000000008000ff50 (0xfee43023) sd      a4, -32(s0)
core   0: 3 0x000000008000ff50 (0xfee43023) mem 0x0000000080031f50 0x00000000800120dc
core   0: 0x000000008000ff54 (0xfc442703) lw      a4, -60(s0)
core   0: 3 0x000000008000ff54 (0xfc442703) x14 0x0000000000000000 mem 0x0000000080031f34
core   0: 0x000000008000ff58 (0x0ff77713) andi    a4, a4, 255
core   0: 3 0x000000008000ff58 (0x0ff77713) x14 0x0000000000000000
core   0: 0x000000008000ff5c (0x00e78023) sb      a4, 0(a5)
core   0: 3 0x000000008000ff5c (0x00e78023) mem 0x00000000800120db 0x00
core   0: 0x000000008000ff60 (0xfc843703) ld      a4, -56(s0)
core   0: 3 0x000000008000ff60 (0xfc843703) x14 0x0000000080012040 mem 0x0000000080031f38
core   0: 0x000000008000ff64 (0xfb843783) ld      a5, -72(s0)
core   0: 3 0x000000008000ff64 (0xfb843783) x15 0x000000000000009c mem 0x0000000080031f28
core   0: 0x000000008000ff68 (0x000097ba) c.add   a5, a4
core   0: 3 0x000000008000ff68 (0x97ba) x15 0x00000000800120dc
core   0: 0x000000008000ff6a (0xfe043703) ld      a4, -32(s0)
core   0: 3 0x000000008000ff6a (0xfe043703) x14 0x00000000800120dc mem 0x0000000080031f50
core   0: 0x000000008000ff6e (0xfcf76de3) bltu    a4, a5, pc - 38
core   0: 3 0x000000008000ff6e (0xfcf76de3)
core   0: 0x000000008000ff72 (0xfc843783) ld      a5, -56(s0)
core   0: 3 0x000000008000ff72 (0xfc843783) x15 0x0000000080012040 mem 0x0000000080031f38
core   0: 0x000000008000ff76 (0x0000853e) c.mv    a0, a5
core   0: 3 0x000000008000ff76 (0x853e) x10 0x0000000080012040
core   0: 0x000000008000ff78 (0x00006426) c.ldsp  s0, 72(sp)
core   0: 3 0x000000008000ff78 (0x6426) x8  0x0000000080031f90 mem 0x0000000080031f68
core   0: 0x000000008000ff7a (0x00006161) c.addi16sp sp, 80
core   0: 3 0x000000008000ff7a (0x6161) x2  0x0000000080031f70
core   0: 0x000000008000ff7c (0x00008082) ret
core   0: 3 0x000000008000ff7c (0x8082)
core   0: 0x000000008000f530 (0x00000001) c.nop
core   0: 3 0x000000008000f530 (0x0001)
core   0: 0x000000008000f532 (0x000060e2) c.ldsp  ra, 24(sp)
core   0: 3 0x000000008000f532 (0x60e2) x1  0x000000008000f570 mem 0x0000000080031f88
core   0: 0x000000008000f534 (0x00006442) c.ldsp  s0, 16(sp)
core   0: 3 0x000000008000f534 (0x6442) x8  0x0000000080032040 mem 0x0000000080031f80
core   0: 0x000000008000f536 (0x00006105) c.addi16sp sp, 32
core   0: 3 0x000000008000f536 (0x6105) x2  0x0000000080031f90
core   0: 0x000000008000f538 (0x00008082) ret
core   0: 3 0x000000008000f538 (0x8082)
core   0: 0x000000008000f570 (0xf5842703) lw      a4, -168(s0)
core   0: 3 0x000000008000f570 (0xf5842703) x14 0x0000000000000001 mem 0x0000000080031f98
core   0: 0x000000008000f574 (0xf5c42783) lw      a5, -164(s0)
core   0: 3 0x000000008000f574 (0xf5c42783) x15 0x0000000000000000 mem 0x0000000080031f9c
core   0: 0x000000008000f578 (0x000085ba) c.mv    a1, a4
core   0: 3 0x000000008000f578 (0x85ba) x11 0x0000000000000001
core   0: 0x000000008000f57a (0x0000853e) c.mv    a0, a5
core   0: 3 0x000000008000f57a (0x853e) x10 0x0000000000000000
core   0: 0x000000008000f57c (0xf03ff0ef) jal     pc - 0xfe
core   0: 3 0x000000008000f57c (0xf03ff0ef) x1  0x000000008000f580
core   0: >>>>  thread_entry
core   0: 0x000000008000f47e (0x00001101) c.addi  sp, -32
core   0: 3 0x000000008000f47e (0x1101) x2  0x0000000080031f70
core   0: 0x000000008000f480 (0x0000ec22) c.sdsp  s0, 24(sp)
core   0: 3 0x000000008000f480 (0xec22) mem 0x0000000080031f88 0x0000000080032040
core   0: 0x000000008000f482 (0x00001000) c.addi4spn s0, sp, 32
core   0: 3 0x000000008000f482 (0x1000) x8  0x0000000080031f90
core   0: 0x000000008000f484 (0x000087aa) c.mv    a5, a0
core   0: 3 0x000000008000f484 (0x87aa) x15 0x0000000000000000
core   0: 0x000000008000f486 (0x0000872e) c.mv    a4, a1
core   0: 3 0x000000008000f486 (0x872e) x14 0x0000000000000001
core   0: 0x000000008000f488 (0xfef42623) sw      a5, -20(s0)
core   0: 3 0x000000008000f488 (0xfef42623) mem 0x0000000080031f7c 0x00000000
core   0: 0x000000008000f48c (0x000087ba) c.mv    a5, a4
core   0: 3 0x000000008000f48c (0x87ba) x15 0x0000000000000001
core   0: 0x000000008000f48e (0xfef42423) sw      a5, -24(s0)
core   0: 3 0x000000008000f48e (0xfef42423) mem 0x0000000080031f78 0x00000001
core   0: 0x000000008000f492 (0x00000001) c.nop
core   0: 3 0x000000008000f492 (0x0001)
core   0: 0x000000008000f494 (0xfec42783) lw      a5, -20(s0)
core   0: 3 0x000000008000f494 (0xfec42783) x15 0x0000000000000000 mem 0x0000000080031f7c
core   0: 0x000000008000f498 (0x00002781) c.addiw a5, 0
core   0: 3 0x000000008000f498 (0x2781) x15 0x0000000000000000
core   0: 0x000000008000f49a (0x0000ffed) c.bnez  a5, pc - 6
core   0: 3 0x000000008000f49a (0xffed)
core   0: 0x000000008000f49c (0x00000001) c.nop
core   0: 3 0x000000008000f49c (0x0001)
core   0: 0x000000008000f49e (0x00000001) c.nop
core   0: 3 0x000000008000f49e (0x0001)
core   0: 0x000000008000f4a0 (0x00006462) c.ldsp  s0, 24(sp)
core   0: 3 0x000000008000f4a0 (0x6462) x8  0x0000000080032040 mem 0x0000000080031f88
core   0: 0x000000008000f4a2 (0x00006105) c.addi16sp sp, 32
core   0: 3 0x000000008000f4a2 (0x6105) x2  0x0000000080031f90
core   0: 0x000000008000f4a4 (0x00008082) ret
core   0: 3 0x000000008000f4a4 (0x8082)
core   0: 0x000000008000f580 (0x00004581) c.li    a1, 0
core   0: 3 0x000000008000f580 (0x4581) x11 0x0000000000000000
core   0: 0x000000008000f582 (0x00004501) c.li    a0, 0
core   0: 3 0x000000008000f582 (0x4501) x10 0x0000000000000000
core   0: 0x000000008000f584 (0xa7df20ef) jal     pc - 0xd584
core   0: 3 0x000000008000f584 (0xa7df20ef) x1  0x000000008000f588
core   0: >>>>  main
core   0: 0x0000000080002000 (0x00000001) c.nop
core   0: 3 0x0000000080002000 (0x0001)
core   0: >>>>  trap_vec_init
core   0: 0x0000000080002002 (0x00002797) auipc   a5, 0x2
core   0: 3 0x0000000080002002 (0x00002797) x15 0x0000000080004002
core   0: 0x0000000080002006 (0xffe78793) addi    a5, a5, -2
core   0: 3 0x0000000080002006 (0xffe78793) x15 0x0000000080004000
core   0: 0x000000008000200a (0x30579073) csrrw   zero, mtvec, a5
core   0: 3 0x000000008000200a (0x30579073) c773_mtvec 0x0000000080004000
core   0: >>>>  pmp_setup
core   0: 0x000000008000200e (0x00002c17) auipc   s8, 0x2
core   0: 3 0x000000008000200e (0x00002c17) x24 0x000000008000400e
core   0: 0x0000000080002012 (0x022c0c13) addi    s8, s8, 34
core   0: 3 0x0000000080002012 (0x022c0c13) x24 0x0000000080004030
core   0: 0x0000000080002016 (0x00004781) c.li    a5, 0
core   0: 3 0x0000000080002016 (0x4781) x15 0x0000000000000000
core   0: 0x0000000080002018 (0x00009c3e) c.add   s8, a5
core   0: 3 0x0000000080002018 (0x9c3e) x24 0x0000000080004030
core   0: 0x000000008000201a (0x3b0c1073) csrrw   zero, pmpaddr0, s8
core   0: 3 0x000000008000201a (0x3b0c1073) c944_pmpaddr0 0x0000000080004030
core   0: 0x000000008000201e (0x00004c3d) c.li    s8, 15
core   0: 3 0x000000008000201e (0x4c3d) x24 0x000000000000000f
core   0: 0x0000000080002020 (0x3a0c1073) csrrw   zero, pmpcfg0, s8
core   0: 3 0x0000000080002020 (0x3a0c1073) c928_pmpcfg0 0x000000000000000f
core   0: 0x0000000080002024 (0x12000073) sfence.vma zero, zero
core   0: 3 0x0000000080002024 (0x12000073)
core   0: >>>>  mepc_setup
core   0: 0x0000000080002028 (0x00002797) auipc   a5, 0x2
core   0: 3 0x0000000080002028 (0x00002797) x15 0x0000000080004028
core   0: 0x000000008000202c (0x00878793) addi    a5, a5, 8
core   0: 3 0x000000008000202c (0x00878793) x15 0x0000000080004030
core   0: 0x0000000080002030 (0x34179073) csrrw   zero, mepc, a5
core   0: 3 0x0000000080002030 (0x34179073) c833_mepc 0x0000000080004030
core   0: >>>>  custom_csr_setup
core   0: 0x0000000080002034 (0x00100f9b) addiw   t6, zero, 1
core   0: 3 0x0000000080002034 (0x00100f9b) x31 0x0000000000000001
core   0: 0x0000000080002038 (0x00000ffe) c.slli  t6, 31
core   0: 3 0x0000000080002038 (0x0ffe) x31 0x0000000080000000
core   0: 0x000000008000203a (0x00000001) c.nop
core   0: 3 0x000000008000203a (0x0001)
core   0: >>>>  init_s_mode
core   0: 0x000000008000203c (0xfff0079b) addiw   a5, zero, -1
core   0: 3 0x000000008000203c (0xfff0079b) x15 0xffffffffffffffff
core   0: 0x0000000080002040 (0x000017fe) c.slli  a5, 63
core   0: 3 0x0000000080002040 (0x17fe) x15 0x8000000000000000
core   0: 0x0000000080002042 (0x18079073) csrrw   zero, satp, a5
core   0: 3 0x0000000080002042 (0x18079073) c384_satp 0x8000000000000000
core   0: 0x0000000080002046 (0x0000f797) auipc   a5, 0xf
core   0: 3 0x0000000080002046 (0x0000f797) x15 0x0000000080011046
core   0: 0x000000008000204a (0xfba78793) addi    a5, a5, -70
core   0: 3 0x000000008000204a (0xfba78793) x15 0x0000000080011000
core   0: 0x000000008000204e (0x000083b1) c.srli  a5, 12
core   0: 3 0x000000008000204e (0x83b1) x15 0x0000000000080011
core   0: 0x0000000080002050 (0x0010061b) addiw   a2, zero, 1
core   0: 3 0x0000000080002050 (0x0010061b) x12 0x0000000000000001
core   0: 0x0000000080002054 (0x00001632) c.slli  a2, 44
core   0: 3 0x0000000080002054 (0x1632) x12 0x0000100000000000
core   0: 0x0000000080002056 (0x0000167d) c.addi  a2, -1
core   0: 3 0x0000000080002056 (0x167d) x12 0x00000fffffffffff
core   0: 0x0000000080002058 (0x00008ff1) c.and   a5, a2
core   0: 3 0x0000000080002058 (0x8ff1) x15 0x0000000000080011
core   0: 0x000000008000205a (0x1807a073) csrrs   zero, satp, a5
core   0: 3 0x000000008000205a (0x1807a073) c384_satp 0x8000000000080011
core   0: 0x000000008000205e (0x00a005b7) lui     a1, 0xa00
core   0: 3 0x000000008000205e (0x00a005b7) x11 0x0000000000a00000
core   0: 0x0000000080002062 (0x10b5859b) addiw   a1, a1, 267
core   0: 3 0x0000000080002062 (0x10b5859b) x11 0x0000000000a0010b
core   0: 0x0000000080002066 (0x000005b2) c.slli  a1, 12
core   0: 3 0x0000000080002066 (0x05b2) x11 0x0000000a0010b000
core   0: 0x0000000080002068 (0xa0058593) addi    a1, a1, -1536
core   0: 3 0x0000000080002068 (0xa0058593) x11 0x0000000a0010aa00
core   0: 0x000000008000206c (0x30059073) csrrw   zero, mstatus, a1
core   0: 3 0x000000008000206c (0x30059073) c768_mstatus 0x0000000a00102800
core   0: 0x0000000080002070 (0x30459073) csrrw   zero, mie, a1
core   0: 3 0x0000000080002070 (0x30459073) c772_mie 0x0000000000000a00
core   0: 0x0000000080002074 (0x00a005b7) lui     a1, 0xa00
core   0: 3 0x0000000080002074 (0x00a005b7) x11 0x0000000000a00000
core   0: 0x0000000080002078 (0x10b5859b) addiw   a1, a1, 267
core   0: 3 0x0000000080002078 (0x10b5859b) x11 0x0000000000a0010b
core   0: 0x000000008000207c (0x000005b2) c.slli  a1, 12
core   0: 3 0x000000008000207c (0x05b2) x11 0x0000000a0010b000
core   0: 0x000000008000207e (0xa0058593) addi    a1, a1, -1536
core   0: 3 0x000000008000207e (0xa0058593) x11 0x0000000a0010aa00
core   0: 0x0000000080002082 (0x10059073) csrrw   zero, sstatus, a1
core   0: 3 0x0000000080002082 (0x10059073) c768_mstatus 0x0000000a00102800
core   0: 0x0000000080002086 (0x10459073) csrrw   zero, sie, a1
core   0: 3 0x0000000080002086 (0x10459073) c772_mie 0x0000000000000a00
core   0: 0x000000008000208a (0x30200073) mret
core   0: 3 0x000000008000208a (0x30200073) c768_mstatus 0x0000000a00102080
core   0: >>>>  main_g
core   0: 0x0000000080004030 (0x005372b3) and     t0, t1, t0
core   0: 1 0x0000000080004030 (0x005372b3) x5  0x0000000000000000
core   0: 0x0000000080004034 (0x025ce733) rem     a4, s9, t0
core   0: 1 0x0000000080004034 (0x025ce733) x14 0x0000000000000000
core   0: 0x0000000080004038 (0xe2080053) fmv.x.d zero, fa6
core   0: 1 0x0000000080004038 (0xe2080053)
core   0: 0x000000008000403c (0x0086a9b3) slt     s3, a3, s0
core   0: 1 0x000000008000403c (0x0086a9b3) x19 0x0000000000000001
core   0: 0x0000000080004040 (0x0175113b) sllw    sp, a0, s7
core   0: 1 0x0000000080004040 (0x0175113b) x2  0x0000000000000000
core   0: 0x0000000080004044 (0x00241ebb) sllw    t4, s0, sp
core   0: 1 0x0000000080004044 (0x00241ebb) x29 0xffffffff80032040
core   0: 0x0000000080004048 (0x40a5db1b) sraiw   s6, a1, 10
core   0: 1 0x0000000080004048 (0x40a5db1b) x22 0x000000000000042a
core   0: 0x000000008000404c (0x7ffe8a13) addi    s4, t4, 2047
core   0: 1 0x000000008000404c (0x7ffe8a13) x20 0xffffffff8003283f
core   0: 0x0000000080004050 (0x00221273) csrrw   tp, frm, tp
core   0: 1 0x0000000080004050 (0x00221273) x4  0x0000000000000000 c2_frm 0x0000000000000000 c768_mstatus 0x8000000a00106080
core   0: 0x0000000080004054 (0x0056573b) srlw    a4, a2, t0
core   0: 1 0x0000000080004054 (0x0056573b) x14 0xffffffffffffffff
core   0: 0x0000000080004058 (0xc81cd1f3) csrrwi  gp, timeh, 25
core   0: exception trap_illegal_instruction, epc 0x0000000080004058
core   0:           tval 0x00000000c81cd1f3
core   0: >>>>  $xrv64i2p1_m2p0_a2p1_f2p2_d2p2_zicsr2p0_zifencei2p0_zmmul1p0_zba1p0_zbb1p0_zbc1p0_zbs1p0
core   0: 0x0000000080004000 (0x0080006f) j       pc + 0x8
core   0: 3 0x0000000080004000 (0x0080006f)
core   0: >>>>  mmode_exception_handler
core   0: 0x0000000080004008 (0x00002c17) auipc   s8, 0x2
core   0: 3 0x0000000080004008 (0x00002c17) x24 0x0000000080006008
core   0: 0x000000008000400c (0x00ac0c13) addi    s8, s8, 10
core   0: 3 0x000000008000400c (0x00ac0c13) x24 0x0000000080006012
core   0: 0x0000000080004010 (0x000c00e7) jalr    s8
core   0: 3 0x0000000080004010 (0x000c00e7) x1  0x0000000080004014
core   0: >>>>  any_handler
core   0: 0x0000000080006012 (0x341027f3) csrrs   a5, mepc, zero
core   0: 3 0x0000000080006012 (0x341027f3) x15 0x0000000080004058
core   0: 0x0000000080006016 (0x34202773) csrrs   a4, mcause, zero
core   0: 3 0x0000000080006016 (0x34202773) x14 0x0000000000000002
core   0: 0x000000008000601a (0x142026f3) csrrs   a3, scause, zero
core   0: 3 0x000000008000601a (0x142026f3) x13 0x0000000000000000
core   0: 0x000000008000601e (0x30402673) csrrs   a2, mie, zero
core   0: 3 0x000000008000601e (0x30402673) x12 0x0000000000000a00
core   0: 0x0000000080006022 (0x344025f3) csrrs   a1, mip, zero
core   0: 3 0x0000000080006022 (0x344025f3) x11 0x0000000000000080
core   0: 0x0000000080006026 (0x343025f3) csrrs   a1, mtval, zero
core   0: 3 0x0000000080006026 (0x343025f3) x11 0x00000000c81cd1f3
core   0: 0x000000008000602a (0x14302573) csrrs   a0, stval, zero
core   0: 3 0x000000008000602a (0x14302573) x10 0x0000000000000000
core   0: 0x000000008000602e (0xb02024f3) csrrs   s1, minstret, zero
core   0: 3 0x000000008000602e (0xb02024f3) x9  0x00000000000007d5
core   0: 0x0000000080006032 (0x0000a811) c.j     pc + 20
core   0: 3 0x0000000080006032 (0xa811)
core   0: >>>>  mepc_4
core   0: 0x0000000080006046 (0x00000791) c.addi  a5, 4
core   0: 3 0x0000000080006046 (0x0791) x15 0x000000008000405c
core   0: 0x0000000080006048 (0x34179073) csrrw   zero, mepc, a5
core   0: 3 0x0000000080006048 (0x34179073) c833_mepc 0x000000008000405c
core   0: 0x000000008000604c (0x30200073) mret
core   0: 3 0x000000008000604c (0x30200073) c768_mstatus 0x8000000a00106080
core   0: 0x000000008000405c (0x005cdc93) srli    s9, s9, 5
core   0: 1 0x000000008000405c (0x005cdc93) x25 0x0000000000000000
core   0: 0x0000000080004060 (0x411d53b3) sra     t2, s10, a7
core   0: 1 0x0000000080004060 (0x411d53b3) x7  0x0000000000000000
core   0: 0x0000000080004064 (0xc22bf553) fcvt.l.d a0, fs7
core   0: 1 0x0000000080004064 (0xc22bf553) c1_fflags 0x0000000000000010 x10 0x7fffffffffffffff
core   0: 0x0000000080004068 (0x401cfdd3) fcvt.s.d fs11, fs9
core   0: 1 0x0000000080004068 (0x401cfdd3) f27 0xffffffff7fc00000
core   0: 0x000000008000406c (0x8ee89697) auipc   a3, 0x8ee89
core   0: 1 0x000000008000406c (0x8ee89697) x13 0x000000000ee8d06c
core   0: 0x0000000080004070 (0xd22770d3) fcvt.d.l ft1, a4
core   0: 1 0x0000000080004070 (0xd22770d3) f1  0x4000000000000000
core   0: 0x0000000080004074 (0x02d305bb) mulw    a1, t1, a3
core   0: 1 0x0000000080004074 (0x02d305bb) x11 0x0000000000000000
core   0: 0x0000000080004078 (0x4137543b) sraw    s0, a4, s3
core   0: 1 0x0000000080004078 (0x4137543b) x8  0x0000000000000001
core   0: 0x000000008000407c (0x800a0a1b) addiw   s4, s4, -2048
core   0: 1 0x000000008000407c (0x800a0a1b) x20 0xffffffff8003203f
core   0: 0x0000000080004080 (0xe20604d3) fmv.x.d s1, fa2
core   0: 1 0x0000000080004080 (0xe20604d3) x9  0xffffffff00000000
core   0: 0x0000000080004084 (0x5a0c75d3) fsqrt.d fa1, fs8
core   0: 1 0x0000000080004084 (0x5a0c75d3) f11 0x7ff8000000000000
core   0: 0x0000000080004088 (0x009882bb) addw    t0, a7, s1
core   0: 1 0x0000000080004088 (0x009882bb) x5  0x0000000000000000
core   0: 0x000000008000408c (0x031a0ebb) mulw    t4, s4, a7
core   0: 1 0x000000008000408c (0x031a0ebb) x29 0x0000000000000000
core   0: 0x0000000080004090 (0x1ab37cd3) fdiv.d  fs9, ft6, fa1
core   0: 1 0x0000000080004090 (0x1ab37cd3) f25 0x7ff8000000000000
core   0: 0x0000000080004094 (0x0376fb33) remu    s6, a3, s7
core   0: 1 0x0000000080004094 (0x0376fb33) x22 0x000000000ee8d06c
core   0: 0x0000000080004098 (0x01c6ce33) xor     t3, a3, t3
core   0: 1 0x0000000080004098 (0x01c6ce33) x28 0x000000000ee8d06c
core   0: 0x000000008000409c (0x027852b3) divu    t0, a6, t2
core   0: 1 0x000000008000409c (0x027852b3) x5  0xffffffffffffffff
core   0: 0x00000000800040a0 (0x029e46bb) divw    a3, t3, s1
core   0: 1 0x00000000800040a0 (0x029e46bb) x13 0xffffffffffffffff
core   0: 0x00000000800040a4 (0x00169c1b) slliw   s8, a3, 1
core   0: 1 0x00000000800040a4 (0x00169c1b) x24 0xfffffffffffffffe
core   0: 0x00000000800040a8 (0x409a8533) sub     a0, s5, s1
core   0: 1 0x00000000800040a8 (0x409a8533) x10 0x0000000100000000
core   0: 0x00000000800040ac (0x23a58d53) fsgnj.d fs10, fa1, fs10
core   0: 1 0x00000000800040ac (0x23a58d53) f26 0xfff8000000000000
core   0: 0x00000000800040b0 (0x41b9db1b) sraiw   s6, s3, 27
core   0: 1 0x00000000800040b0 (0x41b9db1b) x22 0x0000000000000000
core   0: 0x00000000800040b4 (0x622b4913) xori    s2, s6, 1570
core   0: 1 0x00000000800040b4 (0x622b4913) x18 0x0000000000000622
core   0: 0x00000000800040b8 (0x420888d3) fcvt.d.s fa7, fa7
core   0: 1 0x00000000800040b8 (0x420888d3) f17 0x0000000000000000
core   0: 0x00000000800040bc (0x1b9cffd3) fdiv.d  ft11, fs9, fs9
core   0: 1 0x00000000800040bc (0x1b9cffd3) f31 0x7ff8000000000000
core   0: 0x00000000800040c0 (0xe20c8153) fmv.x.d sp, fs9
core   0: 1 0x00000000800040c0 (0xe20c8153) x2  0x7ff8000000000000
core   0: 0x00000000800040c4 (0xc20473d3) fcvt.w.d t2, fs0
core   0: 1 0x00000000800040c4 (0xc20473d3) c1_fflags 0x0000000000000010 x7  0x000000007fffffff
core   0: 0x00000000800040c8 (0xf4a0f213) andi    tp, ra, -182
core   0: 1 0x00000000800040c8 (0xf4a0f213) x4  0x0000000080004000
core   0: 0x00000000800040cc (0x41f65d9b) sraiw   s11, a2, 31
core   0: 1 0x00000000800040cc (0x41f65d9b) x27 0x0000000000000000
core   0: 0x00000000800040d0 (0x3d724c13) xori    s8, tp, 983
core   0: 1 0x00000000800040d0 (0x3d724c13) x24 0x00000000800043d7
core   0: 0x00000000800040d4 (0xc0247153) fcvt.l.s sp, fs0
core   0: 1 0x00000000800040d4 (0xc0247153) x2  0x0000000000000000
core   0: 0x00000000800040d8 (0x002ce833) or      a6, s9, sp
core   0: 1 0x00000000800040d8 (0x002ce833) x16 0x0000000000000000
core   0: 0x00000000800040dc (0x01dcf8b3) and     a7, s9, t4
core   0: 1 0x00000000800040dc (0x01dcf8b3) x17 0x0000000000000000
core   0: 0x00000000800040e0 (0xd20807d3) fcvt.d.w fa5, a6
core   0: 1 0x00000000800040e0 (0xd20807d3) f15 0x0000000000000000
core   0: 0x00000000800040e4 (0x40b1dc9b) sraiw   s9, gp, 11
core   0: 1 0x00000000800040e4 (0x40b1dc9b) x25 0xfffffffffff00025
core   0: 0x00000000800040e8 (0x0384763b) remuw   a2, s0, s8
core   0: 1 0x00000000800040e8 (0x0384763b) x12 0x0000000000000001
core   0: 0x00000000800040ec (0x414a88b3) sub     a7, s5, s4
core   0: 1 0x00000000800040ec (0x414a88b3) x17 0x000000007ffcdfc1
core   0: 0x00000000800040f0 (0x0035d59b) srliw   a1, a1, 3
core   0: 1 0x00000000800040f0 (0x0035d59b) x11 0x0000000000000000
core   0: 0x00000000800040f4 (0x0001569b) srliw   a3, sp, 0
core   0: 1 0x00000000800040f4 (0x0001569b) x13 0x0000000000000000
core   0: 0x00000000800040f8 (0x93216493) ori     s1, sp, -1742
core   0: 1 0x00000000800040f8 (0x93216493) x9  0xfffffffffffff932
core   0: 0x00000000800040fc (0x00000001) c.nop
core   0: 1 0x00000000800040fc (0x0001)
core   0: 0x00000000800040fe (0x001028f3) csrrs   a7, fflags, zero
core   0: 1 0x00000000800040fe (0x001028f3) x17 0x0000000000000010
core   0: 0x0000000080004102 (0x00102273) csrrs   tp, fflags, zero
core   0: 1 0x0000000080004102 (0x00102273) x4  0x0000000000000010
core   0: 0x0000000080004106 (0x020a83bb) mulw    t2, s5, zero
core   0: 1 0x0000000080004106 (0x020a83bb) x7  0x0000000000000000
core   0: 0x000000008000410a (0x03bb0db3) mul     s11, s6, s11
core   0: 1 0x000000008000410a (0x03bb0db3) x27 0x0000000000000000
core   0: 0x000000008000410e (0x016248b3) xor     a7, tp, s6
core   0: 1 0x000000008000410e (0x016248b3) x17 0x0000000000000010
core   0: 0x0000000080004112 (0xe2078a53) fmv.x.d s4, fa5
core   0: 1 0x0000000080004112 (0xe2078a53) x20 0x0000000000000000
core   0: 0x0000000080004116 (0x02be7433) remu    s0, t3, a1
core   0: 1 0x0000000080004116 (0x02be7433) x8  0x000000000ee8d06c
core   0: 0x000000008000411a (0x0bf574d3) fsub.d  fs1, fa0, ft11
core   0: 1 0x000000008000411a (0x0bf574d3) f9  0x7ff8000000000000
core   0: 0x000000008000411e (0xb02a21f3) csrrs   gp, minstret, s4
core   0: exception trap_illegal_instruction, epc 0x000000008000411e
core   0:           tval 0x00000000b02a21f3
core   0: >>>>  $xrv64i2p1_m2p0_a2p1_f2p2_d2p2_zicsr2p0_zifencei2p0_zmmul1p0_zba1p0_zbb1p0_zbc1p0_zbs1p0
core   0: 0x0000000080004000 (0x0080006f) j       pc + 0x8
core   0: 3 0x0000000080004000 (0x0080006f)
core   0: >>>>  mmode_exception_handler
core   0: 0x0000000080004008 (0x00002c17) auipc   s8, 0x2
core   0: 3 0x0000000080004008 (0x00002c17) x24 0x0000000080006008
core   0: 0x000000008000400c (0x00ac0c13) addi    s8, s8, 10
core   0: 3 0x000000008000400c (0x00ac0c13) x24 0x0000000080006012
core   0: 0x0000000080004010 (0x000c00e7) jalr    s8
core   0: 3 0x0000000080004010 (0x000c00e7) x1  0x0000000080004014
core   0: >>>>  any_handler
core   0: 0x0000000080006012 (0x341027f3) csrrs   a5, mepc, zero
core   0: 3 0x0000000080006012 (0x341027f3) x15 0x000000008000411e
core   0: 0x0000000080006016 (0x34202773) csrrs   a4, mcause, zero
core   0: 3 0x0000000080006016 (0x34202773) x14 0x0000000000000002
core   0: 0x000000008000601a (0x142026f3) csrrs   a3, scause, zero
core   0: 3 0x000000008000601a (0x142026f3) x13 0x0000000000000000
core   0: 0x000000008000601e (0x30402673) csrrs   a2, mie, zero
core   0: 3 0x000000008000601e (0x30402673) x12 0x0000000000000a00
core   0: 0x0000000080006022 (0x344025f3) csrrs   a1, mip, zero
core   0: 3 0x0000000080006022 (0x344025f3) x11 0x0000000000000080
core   0: 0x0000000080006026 (0x343025f3) csrrs   a1, mtval, zero
core   0: 3 0x0000000080006026 (0x343025f3) x11 0x00000000b02a21f3
core   0: 0x000000008000602a (0x14302573) csrrs   a0, stval, zero
core   0: 3 0x000000008000602a (0x14302573) x10 0x0000000000000000
core   0: 0x000000008000602e (0xb02024f3) csrrs   s1, minstret, zero
core   0: 3 0x000000008000602e (0xb02024f3) x9  0x0000000000000816
core   0: 0x0000000080006032 (0x0000a811) c.j     pc + 20
core   0: 3 0x0000000080006032 (0xa811)
core   0: >>>>  mepc_4
core   0: 0x0000000080006046 (0x00000791) c.addi  a5, 4
core   0: 3 0x0000000080006046 (0x0791) x15 0x0000000080004122
core   0: 0x0000000080006048 (0x34179073) csrrw   zero, mepc, a5
core   0: 3 0x0000000080006048 (0x34179073) c833_mepc 0x0000000080004122
core   0: 0x000000008000604c (0x30200073) mret
core   0: 3 0x000000008000604c (0x30200073) c768_mstatus 0x8000000a00106080
core   0: 0x0000000080004122 (0x41675513) srai    a0, a4, 22
core   0: 1 0x0000000080004122 (0x41675513) x10 0x0000000000000000
core   0: 0x0000000080004126 (0x00f66533) or      a0, a2, a5
core   0: 1 0x0000000080004126 (0x00f66533) x10 0x0000000080004b22
core   0: 0x000000008000412a (0xd2387653) fcvt.d.lu fa2, a6
core   0: 1 0x000000008000412a (0xd2387653) f12 0x0000000000000000
core   0: 0x000000008000412e (0x002d1d73) csrrw   s10, frm, s10
core   0: 1 0x000000008000412e (0x002d1d73) x26 0x0000000000000000 c2_frm 0x0000000000000000
core   0: 0x0000000080004132 (0x00c0f233) and     tp, ra, a2
core   0: 1 0x0000000080004132 (0x00c0f233) x4  0x0000000000000000
core   0: 0x0000000080004136 (0x0170911b) slliw   sp, ra, 23
core   0: 1 0x0000000080004136 (0x0170911b) x2  0x000000000a000000
core   0: 0x000000008000413a (0xf2020453) fmv.d.x fs0, tp
core   0: 1 0x000000008000413a (0xf2020453) f8  0x0000000000000000
core   0: 0x000000008000413e (0xf2008953) fmv.d.x fs2, ra
core   0: 1 0x000000008000413e (0xf2008953) f18 0x0000000080004014
core   0: 0x0000000080004142 (0xc2197053) fcvt.wu.d zero, fs2
core   0: 1 0x0000000080004142 (0xc2197053) c1_fflags 0x0000000000000011
core   0: 0x0000000080004146 (0x4147d7bb) sraw    a5, a5, s4
core   0: 1 0x0000000080004146 (0x4147d7bb) x15 0xffffffff80004122
core   0: 0x000000008000414a (0x001c589b) srliw   a7, s8, 1
core   0: 1 0x000000008000414a (0x001c589b) x17 0x0000000040003009
core   0: 0x000000008000414e (0xf2018fd3) fmv.d.x ft11, gp
core   0: 1 0x000000008000414e (0xf2018fd3) f31 0x0000000080012828
core   0: 0x0000000080004152 (0xd233f353) fcvt.d.lu ft6, t2
core   0: 1 0x0000000080004152 (0xd233f353) f6  0x0000000000000000
core   0: 0x0000000080004156 (0x4c38d697) auipc   a3, 0x4c38d
core   0: 1 0x0000000080004156 (0x4c38d697) x13 0x00000000cc391156
core   0: 0x000000008000415a (0xd2030053) fcvt.d.w ft0, t1
core   0: 1 0x000000008000415a (0xd2030053) f0  0x0000000000000000
core   0: 0x000000008000415e (0x03d46433) rem     s0, s0, t4
core   0: 1 0x000000008000415e (0x03d46433) x8  0x000000000ee8d06c
core   0: 0x0000000080004162 (0xc03bfe53) fcvt.lu.s t3, fs7
core   0: 1 0x0000000080004162 (0xc03bfe53) x28 0x0000000000000000
core   0: 0x0000000080004166 (0x001a0b1b) addiw   s6, s4, 1
core   0: 1 0x0000000080004166 (0x001a0b1b) x22 0x0000000000000001
core   0: 0x000000008000416a (0xd20b0c53) fcvt.d.w fs8, s6
core   0: 1 0x000000008000416a (0xd20b0c53) f24 0x3ff0000000000000
core   0: 0x000000008000416e (0x001ac213) xori    tp, s5, 1
core   0: 1 0x000000008000416e (0x001ac213) x4  0x0000000000000001
core   0: 0x0000000080004172 (0xd21a8d53) fcvt.d.wu fs10, s5
core   0: 1 0x0000000080004172 (0xd21a8d53) f26 0x0000000000000000
core   0: 0x0000000080004176 (0x01cc813b) addw    sp, s9, t3
core   0: 1 0x0000000080004176 (0x01cc813b) x2  0xfffffffffff00025
core   0: 0x000000008000417a (0xf20a8553) fmv.d.x fa0, s5
core   0: 1 0x000000008000417a (0xf20a8553) f10 0x0000000000000000
core   0: 0x000000008000417e (0x005ce2b3) or      t0, s9, t0
core   0: 1 0x000000008000417e (0x005ce2b3) x5  0xffffffffffffffff
core   0: 0x0000000080004182 (0xc21e72d3) fcvt.wu.d t0, ft8
core   0: 1 0x0000000080004182 (0xc21e72d3) c1_fflags 0x0000000000000011 x5  0xffffffffffffffff
core   0: 0x0000000080004186 (0x00f1543b) srlw    s0, sp, a5
core   0: 1 0x0000000080004186 (0x00f1543b) x8  0x000000003ffc0009
core   0: 0x000000008000418a (0x002a94f3) csrrw   s1, frm, s5
core   0: 1 0x000000008000418a (0x002a94f3) x9  0x0000000000000000 c2_frm 0x0000000000000000
core   0: 0x000000008000418e (0x1b0671d3) fdiv.d  ft3, fa2, fa6
core   0: 1 0x000000008000418e (0x1b0671d3) f3  0x7ff8000000000000
core   0: 0x0000000080004192 (0xd23672cf) fnmadd.d ft5, fa2, ft3, fs10
core   0: 1 0x0000000080004192 (0xd23672cf) f5  0x7ff8000000000000
core   0: 0x0000000080004196 (0x420282d3) fcvt.d.s ft5, ft5
core   0: 1 0x0000000080004196 (0x420282d3) f5  0x7ff8000000000000
core   0: 0x000000008000419a (0x0355eabb) remw    s5, a1, s5
core   0: 1 0x000000008000419a (0x0355eabb) x21 0xffffffffb02a21f3
core   0: 0x000000008000419e (0x001e1bf3) csrrw   s7, fflags, t3
core   0: 1 0x000000008000419e (0x001e1bf3) x23 0x0000000000000011 c1_fflags 0x0000000000000000
core   0: 0x00000000800041a2 (0x001e1173) csrrw   sp, fflags, t3
core   0: 1 0x00000000800041a2 (0x001e1173) x2  0x0000000000000000 c1_fflags 0x0000000000000000
core   0: 0x00000000800041a6 (0x00081c93) slli    s9, a6, 0
core   0: 1 0x00000000800041a6 (0x00081c93) x25 0x0000000000000000
core   0: 0x00000000800041aa (0x013d9d1b) slliw   s10, s11, 19
core   0: 1 0x00000000800041aa (0x013d9d1b) x26 0x0000000000000000
core   0: 0x00000000800041ae (0x0ff0000f) fence   iorw,iorw
core   0: 1 0x00000000800041ae (0x0ff0000f)
core   0: 0x00000000800041b2 (0x724d6193) ori     gp, s10, 1828
core   0: 1 0x00000000800041b2 (0x724d6193) x3  0x0000000000000724
core   0: 0x00000000800041b6 (0x00009e16) c.add   t3, t0
core   0: 1 0x00000000800041b6 (0x9e16) x28 0xffffffffffffffff
core   0: 0x00000000800041b8 (0x0a94fcd3) fsub.d  fs9, fs1, fs1
core   0: 1 0x00000000800041b8 (0x0a94fcd3) f25 0x7ff8000000000000
core   0: 0x00000000800041bc (0xd2297ad3) fcvt.d.l fs5, s2
core   0: 1 0x00000000800041bc (0xd2297ad3) f21 0x4098880000000000
core   0: 0x00000000800041c0 (0x40b1fe93) andi    t4, gp, 1035
core   0: 1 0x00000000800041c0 (0x40b1fe93) x29 0x0000000000000400
core   0: 0x00000000800041c4 (0x0a427253) fsub.d  ft4, ft4, ft4
core   0: 1 0x00000000800041c4 (0x0a427253) f4  0x7ff8000000000000
core   0: 0x00000000800041c8 (0x000a41b3) xor     gp, s4, zero
core   0: 1 0x00000000800041c8 (0x000a41b3) x3  0x0000000000000000
core   0: 0x00000000800041cc (0x377e861b) addiw   a2, t4, 887
core   0: 1 0x00000000800041cc (0x377e861b) x12 0x0000000000000777
core   0: 0x00000000800041d0 (0x2ad5e593) ori     a1, a1, 685
core   0: 1 0x00000000800041d0 (0x2ad5e593) x11 0x00000000b02a23ff
core   0: 0x00000000800041d4 (0xe20d8b53) fmv.x.d s6, fs11
core   0: 1 0x00000000800041d4 (0xe20d8b53) x22 0xffffffff7fc00000
core   0: 0x00000000800041d8 (0x2a238153) fmin.d  ft2, ft7, ft2
core   0: 1 0x00000000800041d8 (0x2a238153) f2  0x7ff8000000000000
core   0: 0x00000000800041dc (0x02c645bb) divw    a1, a2, a2
core   0: 1 0x00000000800041dc (0x02c645bb) x11 0x0000000000000001
core   0: 0x00000000800041e0 (0x01a45ebb) srlw    t4, s0, s10
core   0: 1 0x00000000800041e0 (0x01a45ebb) x29 0x000000003ffc0009
core   0: 0x00000000800041e4 (0x3ebacc17) auipc   s8, 0x3ebac
core   0: 1 0x00000000800041e4 (0x3ebacc17) x24 0x00000000bebb01e4
core   0: 0x00000000800041e8 (0x019d943b) sllw    s0, s11, s9
core   0: 1 0x00000000800041e8 (0x019d943b) x8  0x0000000000000000
core   0: 0x00000000800041ec (0xf2088453) fmv.d.x fs0, a7
core   0: 1 0x00000000800041ec (0xf2088453) f8  0x0000000040003009
core   0: 0x00000000800041f0 (0x01ad01bb) addw    gp, s10, s10
core   0: 1 0x00000000800041f0 (0x01ad01bb) x3  0x0000000000000000
core   0: 0x00000000800041f4 (0x41a18cbb) subw    s9, gp, s10
core   0: 1 0x00000000800041f4 (0x41a18cbb) x25 0x0000000000000000
core   0: 0x00000000800041f8 (0xd0227953) fcvt.s.l fs2, tp
core   0: 1 0x00000000800041f8 (0xd0227953) f18 0xffffffff3f800000
core   0: 0x00000000800041fc (0x420f0c53) fcvt.d.s fs8, ft10
core   0: 1 0x00000000800041fc (0x420f0c53) f24 0x0000000000000000
core   0: 0x0000000080004200 (0x012686bb) addw    a3, a3, s2
core   0: 1 0x0000000080004200 (0x012686bb) x13 0xffffffffcc391778
core   0: 0x0000000080004204 (0x01a4e1b3) or      gp, s1, s10
core   0: 1 0x0000000080004204 (0x01a4e1b3) x3  0x0000000000000000
core   0: 0x0000000080004208 (0x23fc0d53) fsgnj.d fs10, fs8, ft11
core   0: 1 0x0000000080004208 (0x23fc0d53) f26 0x0000000000000000
core   0: 0x000000008000420c (0x03deac33) mulhsu  s8, t4, t4
core   0: 1 0x000000008000420c (0x03deac33) x24 0x0000000000000000
core   0: 0x0000000080004210 (0x0077c433) xor     s0, a5, t2
core   0: 1 0x0000000080004210 (0x0077c433) x8  0xffffffff80004122
core   0: 0x0000000080004214 (0x00279cf3) csrrw   s9, frm, a5
core   0: 1 0x0000000080004214 (0x00279cf3) x25 0x0000000000000000 c2_frm 0x0000000000000002
core   0: 0x0000000080004218 (0x019a093b) addw    s2, s4, s9
core   0: 1 0x0000000080004218 (0x019a093b) x18 0x0000000000000000
core   0: 0x000000008000421c (0x8b5afccf) fnmadd.d fs9, fs5, fs5, fa7
core   0: 1 0x000000008000421c (0x8b5afccf) f25 0xc142ce4200000000
core   0: 0x0000000080004220 (0x9baef14b) fnmsub.d ft2, ft9, fs10, fs3
core   0: 1 0x0000000080004220 (0x9baef14b) f2  0x7ff8000000000000
core   0: 0x0000000080004224 (0x02055293) srli    t0, a0, 32
core   0: 1 0x0000000080004224 (0x02055293) x5  0x0000000000000000
core   0: 0x0000000080004228 (0x0042de33) srl     t3, t0, tp
core   0: 1 0x0000000080004228 (0x0042de33) x28 0x0000000000000000
core   0: 0x000000008000422c (0x2a2484d3) fmin.d  fs1, fs1, ft2
core   0: 1 0x000000008000422c (0x2a2484d3) f9  0x7ff8000000000000
core   0: 0x0000000080004230 (0x41a7d813) srai    a6, a5, 26
core   0: 1 0x0000000080004230 (0x41a7d813) x16 0xffffffffffffffe0
core   0: 0x0000000080004234 (0xd02efdd3) fcvt.s.l fs11, t4
core   0: 1 0x0000000080004234 (0xd02efdd3) c1_fflags 0x0000000000000001 f27 0xffffffff4e7ff000
core   0: 0x0000000080004238 (0x40d855bb) sraw    a1, a6, a3
core   0: 1 0x0000000080004238 (0x40d855bb) x11 0xffffffffffffffff
core   0: 0x000000008000423c (0x7ffe811b) addiw   sp, t4, 2047
core   0: 1 0x000000008000423c (0x7ffe811b) x2  0x000000003ffc0808
core   0: 0x0000000080004240 (0x009ec4b3) xor     s1, t4, s1
core   0: 1 0x0000000080004240 (0x009ec4b3) x9  0x000000003ffc0009
core   0: 0x0000000080004244 (0xc03df053) fcvt.lu.s zero, fs11
core   0: 1 0x0000000080004244 (0xc03df053)
core   0: 0x0000000080004248 (0x0ff0000f) fence   iorw,iorw
core   0: 1 0x0000000080004248 (0x0ff0000f)
core   0: 0x000000008000424c (0x02006d3b) remw    s10, zero, zero
core   0: 1 0x000000008000424c (0x02006d3b) x26 0x0000000000000000
core   0: 0x0000000080004250 (0x013d59bb) srlw    s3, s10, s3
core   0: 1 0x0000000080004250 (0x013d59bb) x19 0x0000000000000000
core   0: 0x0000000080004254 (0x2a8408d3) fmin.d  fa7, fs0, fs0
core   0: 1 0x0000000080004254 (0x2a8408d3) f17 0x0000000040003009
core   0: 0x0000000080004258 (0x2b1f8553) fmin.d  fa0, ft11, fa7
core   0: 1 0x0000000080004258 (0x2b1f8553) f10 0x0000000040003009
core   0: 0x000000008000425c (0xc028f3d3) fcvt.l.s t2, fa7
core   0: 1 0x000000008000425c (0xc028f3d3) c1_fflags 0x0000000000000011 x7  0x7fffffffffffffff
core   0: 0x0000000080004260 (0xa39401d3) fle.d   gp, fs0, fs9
core   0: 1 0x0000000080004260 (0xa39401d3) x3  0x0000000000000000
core   0: 0x0000000080004264 (0x34451873) csrrw   a6, mip, a0
core   0: exception trap_illegal_instruction, epc 0x0000000080004264
core   0:           tval 0x0000000034451873
core   0: >>>>  $xrv64i2p1_m2p0_a2p1_f2p2_d2p2_zicsr2p0_zifencei2p0_zmmul1p0_zba1p0_zbb1p0_zbc1p0_zbs1p0
core   0: 0x0000000080004000 (0x0080006f) j       pc + 0x8
core   0: 3 0x0000000080004000 (0x0080006f)
core   0: >>>>  mmode_exception_handler
core   0: 0x0000000080004008 (0x00002c17) auipc   s8, 0x2
core   0: 3 0x0000000080004008 (0x00002c17) x24 0x0000000080006008
core   0: 0x000000008000400c (0x00ac0c13) addi    s8, s8, 10
core   0: 3 0x000000008000400c (0x00ac0c13) x24 0x0000000080006012
core   0: 0x0000000080004010 (0x000c00e7) jalr    s8
core   0: 3 0x0000000080004010 (0x000c00e7) x1  0x0000000080004014
core   0: >>>>  any_handler
core   0: 0x0000000080006012 (0x341027f3) csrrs   a5, mepc, zero
core   0: 3 0x0000000080006012 (0x341027f3) x15 0x0000000080004264
core   0: 0x0000000080006016 (0x34202773) csrrs   a4, mcause, zero
core   0: 3 0x0000000080006016 (0x34202773) x14 0x0000000000000002
core   0: 0x000000008000601a (0x142026f3) csrrs   a3, scause, zero
core   0: 3 0x000000008000601a (0x142026f3) x13 0x0000000000000000
core   0: 0x000000008000601e (0x30402673) csrrs   a2, mie, zero
core   0: 3 0x000000008000601e (0x30402673) x12 0x0000000000000a00
core   0: 0x0000000080006022 (0x344025f3) csrrs   a1, mip, zero
core   0: 3 0x0000000080006022 (0x344025f3) x11 0x0000000000000080
core   0: 0x0000000080006026 (0x343025f3) csrrs   a1, mtval, zero
core   0: 3 0x0000000080006026 (0x343025f3) x11 0x0000000034451873
core   0: 0x000000008000602a (0x14302573) csrrs   a0, stval, zero
core   0: 3 0x000000008000602a (0x14302573) x10 0x0000000000000000
core   0: 0x000000008000602e (0xb02024f3) csrrs   s1, minstret, zero
core   0: 3 0x000000008000602e (0xb02024f3) x9  0x0000000000000877
core   0: 0x0000000080006032 (0x0000a811) c.j     pc + 20
core   0: 3 0x0000000080006032 (0xa811)
core   0: >>>>  mepc_4
core   0: 0x0000000080006046 (0x00000791) c.addi  a5, 4
core   0: 3 0x0000000080006046 (0x0791) x15 0x0000000080004268
core   0: 0x0000000080006048 (0x34179073) csrrw   zero, mepc, a5
core   0: 3 0x0000000080006048 (0x34179073) c833_mepc 0x0000000080004268
core   0: 0x000000008000604c (0x30200073) mret
core   0: 3 0x000000008000604c (0x30200073) c768_mstatus 0x8000000a00106080
core   0: 0x0000000080004268 (0x400e579b) sraiw   a5, t3, 0
core   0: 1 0x0000000080004268 (0x400e579b) x15 0x0000000000000000
core   0: 0x000000008000426c (0x0ff0000f) fence   iorw,iorw
core   0: 1 0x000000008000426c (0x0ff0000f)
core   0: 0x0000000080004270 (0x01d24c33) xor     s8, tp, t4
core   0: 1 0x0000000080004270 (0x01d24c33) x24 0x000000003ffc0008
core   0: 0x0000000080004274 (0x010a023b) addw    tp, s4, a6
core   0: 1 0x0000000080004274 (0x010a023b) x4  0xffffffffffffffe0
core   0: 0x0000000080004278 (0x0186f6b3) and     a3, a3, s8
core   0: 1 0x0000000080004278 (0x0186f6b3) x13 0x0000000000000000
core   0: 0x000000008000427c (0x7ff02393) slti    t2, zero, 2047
core   0: 1 0x000000008000427c (0x7ff02393) x7  0x0000000000000001
core   0: 0x0000000080004280 (0x03327db3) remu    s11, tp, s3
core   0: 1 0x0000000080004280 (0x03327db3) x27 0xffffffffffffffe0
core   0: 0x0000000080004284 (0x020250bb) divuw   ra, tp, zero
core   0: 1 0x0000000080004284 (0x020250bb) x1  0xffffffffffffffff
core   0: 0x0000000080004288 (0x43f85993) srai    s3, a6, 63
core   0: 1 0x0000000080004288 (0x43f85993) x19 0xffffffffffffffff
core   0: 0x000000008000428c (0xc21ff4d3) fcvt.wu.d s1, ft11
core   0: 1 0x000000008000428c (0xc21ff4d3) c1_fflags 0x0000000000000011 x9  0x0000000000000000
core   0: 0x0000000080004290 (0x8004819b) addiw   gp, s1, -2048
core   0: 1 0x0000000080004290 (0x8004819b) x3  0xfffffffffffff800
core   0: 0x0000000080004294 (0xc02ff453) fcvt.l.s s0, ft11
core   0: 1 0x0000000080004294 (0xc02ff453) c1_fflags 0x0000000000000011 x8  0x7fffffffffffffff
core   0: 0x0000000080004298 (0x4017523b) sraw    tp, a4, ra
core   0: 1 0x0000000080004298 (0x4017523b) x4  0x0000000000000000
core   0: 0x000000008000429c (0x00a91933) sll     s2, s2, a0
core   0: 1 0x000000008000429c (0x00a91933) x18 0x0000000000000000
core   0: 0x00000000800042a0 (0x02c91cb3) mulh    s9, s2, a2
core   0: 1 0x00000000800042a0 (0x02c91cb3) x25 0x0000000000000000
core   0: 0x00000000800042a4 (0x1b8b0693) addi    a3, s6, 440
core   0: 1 0x00000000800042a4 (0x1b8b0693) x13 0xffffffff7fc001b8
core   0: 0x00000000800042a8 (0x00e3951b) slliw   a0, t2, 14
core   0: 1 0x00000000800042a8 (0x00e3951b) x10 0x0000000000004000
core   0: 0x00000000800042ac (0x0066933b) sllw    t1, a3, t1
core   0: 1 0x00000000800042ac (0x0066933b) x6  0x000000007fc001b8
core   0: 0x00000000800042b0 (0x41a55dbb) sraw    s11, a0, s10
core   0: 1 0x00000000800042b0 (0x41a55dbb) x27 0x0000000000004000
core   0: 0x00000000800042b4 (0x006578b3) and     a7, a0, t1
core   0: 1 0x00000000800042b4 (0x006578b3) x17 0x0000000000000000
core   0: 0x00000000800042b8 (0xa3908e53) fle.d   t3, ft1, fs9
core   0: 1 0x00000000800042b8 (0xa3908e53) x28 0x0000000000000000
core   0: 0x00000000800042bc (0x032d553b) divuw   a0, s10, s2
core   0: 1 0x00000000800042bc (0x032d553b) x10 0xffffffffffffffff
core   0: 0x00000000800042c0 (0xe2031753) fclass.d a4, ft6
core   0: 1 0x00000000800042c0 (0xe2031753) x14 0x0000000000000010
core   0: 0x00000000800042c4 (0x0007d793) srli    a5, a5, 0
core   0: 1 0x00000000800042c4 (0x0007d793) x15 0x0000000000000000
core   0: 0x00000000800042c8 (0x00b01113) slli    sp, zero, 11
core   0: 1 0x00000000800042c8 (0x00b01113) x2  0x0000000000000000
core   0: 0x00000000800042cc (0x7ff8c593) xori    a1, a7, 2047
core   0: 1 0x00000000800042cc (0x7ff8c593) x11 0x00000000000007ff
core   0: 0x00000000800042d0 (0xc0237c53) fcvt.l.s s8, ft6
core   0: 1 0x00000000800042d0 (0xc0237c53) c1_fflags 0x0000000000000011 x24 0x7fffffffffffffff
core   0: 0x00000000800042d4 (0x408581b3) sub     gp, a1, s0
core   0: 1 0x00000000800042d4 (0x408581b3) x3  0x8000000000000800
core   0: 0x00000000800042d8 (0x00cd6233) or      tp, s10, a2
core   0: 1 0x00000000800042d8 (0x00cd6233) x4  0x0000000000000a00
core   0: 0x00000000800042dc (0x0249e63b) remw    a2, s3, tp
core   0: 1 0x00000000800042dc (0x0249e63b) x12 0xffffffffffffffff
core   0: 0x00000000800042e0 (0xd021f4d3) fcvt.s.l fs1, gp
core   0: 1 0x00000000800042e0 (0xd021f4d3) c1_fflags 0x0000000000000011 f9  0xffffffffdf000000
core   0: 0x00000000800042e4 (0x03c99513) slli    a0, s3, 60
core   0: 1 0x00000000800042e4 (0x03c99513) x10 0xf000000000000000
core   0: 0x00000000800042e8 (0xc03072d3) fcvt.lu.s t0, ft0
core   0: 1 0x00000000800042e8 (0xc03072d3) c1_fflags 0x0000000000000011 x5  0xffffffffffffffff
core   0: 0x00000000800042ec (0x01f55893) srli    a7, a0, 31
core   0: 1 0x00000000800042ec (0x01f55893) x17 0x00000001e0000000
core   0: 0x00000000800042f0 (0x03c9ee3b) remw    t3, s3, t3
core   0: 1 0x00000000800042f0 (0x03c9ee3b) x28 0xffffffffffffffff
core   0: 0x00000000800042f4 (0xf20c0cd3) fmv.d.x fs9, s8
core   0: 1 0x00000000800042f4 (0xf20c0cd3) f25 0x7fffffffffffffff
core   0: 0x00000000800042f8 (0x03c9493b) divw    s2, s2, t3
core   0: 1 0x00000000800042f8 (0x03c9493b) x18 0x0000000000000000
core   0: 0x00000000800042fc (0x03c6e2bb) remw    t0, a3, t3
core   0: 1 0x00000000800042fc (0x03c6e2bb) x5  0x0000000000000000
core   0: 0x0000000080004300 (0x002024f3) csrrs   s1, frm, zero
core   0: 1 0x0000000080004300 (0x002024f3) x9  0x0000000000000002
core   0: 0x0000000080004304 (0x40197a53) fcvt.s.d fs4, fs2
core   0: 1 0x0000000080004304 (0x40197a53) f20 0xffffffff7fc00000
core   0: 0x0000000080004308 (0x2a6c84d3) fmin.d  fs1, fs9, ft6
core   0: 1 0x0000000080004308 (0x2a6c84d3) f9  0x0000000000000000
core   0: 0x000000008000430c (0x00102373) csrrs   t1, fflags, zero
core   0: 1 0x000000008000430c (0x00102373) x6  0x0000000000000011
core   0: 0x0000000080004310 (0xc224fa53) fcvt.l.d s4, fs1
core   0: 1 0x0000000080004310 (0xc224fa53) x20 0x0000000000000000
core   0: 0x0000000080004314 (0x0055573b) srlw    a4, a0, t0
core   0: 1 0x0000000080004314 (0x0055573b) x14 0x0000000000000000
core   0: 0x0000000080004318 (0x4091dab3) sra     s5, gp, s1
core   0: 1 0x0000000080004318 (0x4091dab3) x21 0xe000000000000200
core   0: 0x000000008000431c (0x4017f7d3) fcvt.s.d fa5, fa5
core   0: 1 0x000000008000431c (0x4017f7d3) f15 0xffffffff00000000
core   0: 0x0000000080004320 (0xa33fb817) auipc   a6, 0xa33fb
core   0: 1 0x0000000080004320 (0xa33fb817) x16 0x00000000233ff320
core   0: 0x0000000080004324 (0xc0162cf3) csrrs   s9, time, a2
core   0: exception trap_illegal_instruction, epc 0x0000000080004324
core   0:           tval 0x00000000c0162cf3
core   0: >>>>  $xrv64i2p1_m2p0_a2p1_f2p2_d2p2_zicsr2p0_zifencei2p0_zmmul1p0_zba1p0_zbb1p0_zbc1p0_zbs1p0
core   0: 0x0000000080004000 (0x0080006f) j       pc + 0x8
core   0: 3 0x0000000080004000 (0x0080006f)
core   0: >>>>  mmode_exception_handler
core   0: 0x0000000080004008 (0x00002c17) auipc   s8, 0x2
core   0: 3 0x0000000080004008 (0x00002c17) x24 0x0000000080006008
core   0: 0x000000008000400c (0x00ac0c13) addi    s8, s8, 10
core   0: 3 0x000000008000400c (0x00ac0c13) x24 0x0000000080006012
core   0: 0x0000000080004010 (0x000c00e7) jalr    s8
core   0: 3 0x0000000080004010 (0x000c00e7) x1  0x0000000080004014
core   0: >>>>  any_handler
core   0: 0x0000000080006012 (0x341027f3) csrrs   a5, mepc, zero
core   0: 3 0x0000000080006012 (0x341027f3) x15 0x0000000080004324
core   0: 0x0000000080006016 (0x34202773) csrrs   a4, mcause, zero
core   0: 3 0x0000000080006016 (0x34202773) x14 0x0000000000000002
core   0: 0x000000008000601a (0x142026f3) csrrs   a3, scause, zero
core   0: 3 0x000000008000601a (0x142026f3) x13 0x0000000000000000
core   0: 0x000000008000601e (0x30402673) csrrs   a2, mie, zero
core   0: 3 0x000000008000601e (0x30402673) x12 0x0000000000000a00
core   0: 0x0000000080006022 (0x344025f3) csrrs   a1, mip, zero
core   0: 3 0x0000000080006022 (0x344025f3) x11 0x0000000000000080
core   0: 0x0000000080006026 (0x343025f3) csrrs   a1, mtval, zero
core   0: 3 0x0000000080006026 (0x343025f3) x11 0x00000000c0162cf3
core   0: 0x000000008000602a (0x14302573) csrrs   a0, stval, zero
core   0: 3 0x000000008000602a (0x14302573) x10 0x0000000000000000
core   0: 0x000000008000602e (0xb02024f3) csrrs   s1, minstret, zero
core   0: 3 0x000000008000602e (0xb02024f3) x9  0x00000000000008b6
core   0: 0x0000000080006032 (0x0000a811) c.j     pc + 20
core   0: 3 0x0000000080006032 (0xa811)
core   0: >>>>  mepc_4
core   0: 0x0000000080006046 (0x00000791) c.addi  a5, 4
core   0: 3 0x0000000080006046 (0x0791) x15 0x0000000080004328
core   0: 0x0000000080006048 (0x34179073) csrrw   zero, mepc, a5
core   0: 3 0x0000000080006048 (0x34179073) c833_mepc 0x0000000080004328
core   0: 0x000000008000604c (0x30200073) mret
core   0: 3 0x000000008000604c (0x30200073) c768_mstatus 0x8000000a00106080
core   0: 0x0000000080004328 (0x021804bb) mulw    s1, a6, ra
core   0: 1 0x0000000080004328 (0x021804bb) x9  0xffffffffbdc6fe80
core   0: 0x000000008000432c (0x4001ddb3) sra     s11, gp, zero
core   0: 1 0x000000008000432c (0x4001ddb3) x27 0x8000000000000800
core   0: 0x0000000080004330 (0xc217f053) fcvt.wu.d zero, fa5
core   0: 1 0x0000000080004330 (0xc217f053) c1_fflags 0x0000000000000011
core   0: 0x0000000080004334 (0xc227f953) fcvt.l.d s2, fa5
core   0: 1 0x0000000080004334 (0xc227f953) c1_fflags 0x0000000000000011 x18 0x7fffffffffffffff
core   0: 0x0000000080004338 (0x012048b3) xor     a7, zero, s2
core   0: 1 0x0000000080004338 (0x012048b3) x17 0x7fffffffffffffff
core   0: 0x000000008000433c (0x404100b3) sub     ra, sp, tp
core   0: 1 0x000000008000433c (0x404100b3) x1  0xfffffffffffff600
core   0: 0x0000000080004340 (0x00000001) c.nop
core   0: 1 0x0000000080004340 (0x0001)
core   0: 0x0000000080004342 (0x00dd6d33) or      s10, s10, a3
core   0: 1 0x0000000080004342 (0x00dd6d33) x26 0x0000000000000000
core   0: 0x0000000080004346 (0xd02dfc53) fcvt.s.l fs8, s11
core   0: 1 0x0000000080004346 (0xd02dfc53) c1_fflags 0x0000000000000011 f24 0xffffffffdf000000
core   0: 0x000000008000434a (0x8a8d3a97) auipc   s5, 0x8a8d3
core   0: 1 0x000000008000434a (0x8a8d3a97) x21 0x000000000a8d734a
core   0: 0x000000008000434e (0x015aa9b3) slt     s3, s5, s5
core   0: 1 0x000000008000434e (0x015aa9b3) x19 0x0000000000000000
core   0: 0x0000000080004352 (0x001b9b73) csrrw   s6, fflags, s7
core   0: 1 0x0000000080004352 (0x001b9b73) x22 0x0000000000000011 c1_fflags 0x0000000000000011
core   0: 0x0000000080004356 (0xf20985d3) fmv.d.x fa1, s3
core   0: 1 0x0000000080004356 (0xf20985d3) f11 0x0000000000000000
core   0: 0x000000008000435a (0x31c4f413) andi    s0, s1, 796
core   0: 1 0x000000008000435a (0x31c4f413) x8  0x0000000000000200
core   0: 0x000000008000435e (0xb020de73) csrrwi  t3, minstret, 1
core   0: exception trap_illegal_instruction, epc 0x000000008000435e
core   0:           tval 0x00000000b020de73
core   0: >>>>  $xrv64i2p1_m2p0_a2p1_f2p2_d2p2_zicsr2p0_zifencei2p0_zmmul1p0_zba1p0_zbb1p0_zbc1p0_zbs1p0
core   0: 0x0000000080004000 (0x0080006f) j       pc + 0x8
core   0: 3 0x0000000080004000 (0x0080006f)
core   0: >>>>  mmode_exception_handler
core   0: 0x0000000080004008 (0x00002c17) auipc   s8, 0x2
core   0: 3 0x0000000080004008 (0x00002c17) x24 0x0000000080006008
core   0: 0x000000008000400c (0x00ac0c13) addi    s8, s8, 10
core   0: 3 0x000000008000400c (0x00ac0c13) x24 0x0000000080006012
core   0: 0x0000000080004010 (0x000c00e7) jalr    s8
core   0: 3 0x0000000080004010 (0x000c00e7) x1  0x0000000080004014
core   0: >>>>  any_handler
core   0: 0x0000000080006012 (0x341027f3) csrrs   a5, mepc, zero
core   0: 3 0x0000000080006012 (0x341027f3) x15 0x000000008000435e
core   0: 0x0000000080006016 (0x34202773) csrrs   a4, mcause, zero
core   0: 3 0x0000000080006016 (0x34202773) x14 0x0000000000000002
core   0: 0x000000008000601a (0x142026f3) csrrs   a3, scause, zero
core   0: 3 0x000000008000601a (0x142026f3) x13 0x0000000000000000
core   0: 0x000000008000601e (0x30402673) csrrs   a2, mie, zero
core   0: 3 0x000000008000601e (0x30402673) x12 0x0000000000000a00
core   0: 0x0000000080006022 (0x344025f3) csrrs   a1, mip, zero
core   0: 3 0x0000000080006022 (0x344025f3) x11 0x0000000000000080
core   0: 0x0000000080006026 (0x343025f3) csrrs   a1, mtval, zero
core   0: 3 0x0000000080006026 (0x343025f3) x11 0x00000000b020de73
core   0: 0x000000008000602a (0x14302573) csrrs   a0, stval, zero
core   0: 3 0x000000008000602a (0x14302573) x10 0x0000000000000000
core   0: 0x000000008000602e (0xb02024f3) csrrs   s1, minstret, zero
core   0: 3 0x000000008000602e (0xb02024f3) x9  0x00000000000008d4
core   0: 0x0000000080006032 (0x0000a811) c.j     pc + 20
core   0: 3 0x0000000080006032 (0xa811)
core   0: >>>>  mepc_4
core   0: 0x0000000080006046 (0x00000791) c.addi  a5, 4
core   0: 3 0x0000000080006046 (0x0791) x15 0x0000000080004362
core   0: 0x0000000080006048 (0x34179073) csrrw   zero, mepc, a5
core   0: 3 0x0000000080006048 (0x34179073) c833_mepc 0x0000000080004362
core   0: 0x000000008000604c (0x30200073) mret
core   0: 3 0x000000008000604c (0x30200073) c768_mstatus 0x8000000a00106080
core   0: 0x0000000080004362 (0x01146c33) or      s8, s0, a7
core   0: 1 0x0000000080004362 (0x01146c33) x24 0x7fffffffffffffff
core   0: 0x0000000080004366 (0x42008953) fcvt.d.s fs2, ft1
core   0: 1 0x0000000080004366 (0x42008953) f18 0x7ff8000000000000
core   0: 0x000000008000436a (0x0001551b) srliw   a0, sp, 0
core   0: 1 0x000000008000436a (0x0001551b) x10 0x0000000000000000
core   0: 0x000000008000436e (0x342fe4f3) csrrsi  s1, mcause, 31
core   0: exception trap_illegal_instruction, epc 0x000000008000436e
core   0:           tval 0x00000000342fe4f3
core   0: >>>>  $xrv64i2p1_m2p0_a2p1_f2p2_d2p2_zicsr2p0_zifencei2p0_zmmul1p0_zba1p0_zbb1p0_zbc1p0_zbs1p0
core   0: 0x0000000080004000 (0x0080006f) j       pc + 0x8
core   0: 3 0x0000000080004000 (0x0080006f)
core   0: >>>>  mmode_exception_handler
core   0: 0x0000000080004008 (0x00002c17) auipc   s8, 0x2
core   0: 3 0x0000000080004008 (0x00002c17) x24 0x0000000080006008
core   0: 0x000000008000400c (0x00ac0c13) addi    s8, s8, 10
core   0: 3 0x000000008000400c (0x00ac0c13) x24 0x0000000080006012
core   0: 0x0000000080004010 (0x000c00e7) jalr    s8
core   0: 3 0x0000000080004010 (0x000c00e7) x1  0x0000000080004014
core   0: >>>>  any_handler
core   0: 0x0000000080006012 (0x341027f3) csrrs   a5, mepc, zero
core   0: 3 0x0000000080006012 (0x341027f3) x15 0x000000008000436e
core   0: 0x0000000080006016 (0x34202773) csrrs   a4, mcause, zero
core   0: 3 0x0000000080006016 (0x34202773) x14 0x0000000000000002
core   0: 0x000000008000601a (0x142026f3) csrrs   a3, scause, zero
core   0: 3 0x000000008000601a (0x142026f3) x13 0x0000000000000000
core   0: 0x000000008000601e (0x30402673) csrrs   a2, mie, zero
core   0: 3 0x000000008000601e (0x30402673) x12 0x0000000000000a00
core   0: 0x0000000080006022 (0x344025f3) csrrs   a1, mip, zero
core   0: 3 0x0000000080006022 (0x344025f3) x11 0x0000000000000080
core   0: 0x0000000080006026 (0x343025f3) csrrs   a1, mtval, zero
core   0: 3 0x0000000080006026 (0x343025f3) x11 0x00000000342fe4f3
core   0: 0x000000008000602a (0x14302573) csrrs   a0, stval, zero
core   0: 3 0x000000008000602a (0x14302573) x10 0x0000000000000000
core   0: 0x000000008000602e (0xb02024f3) csrrs   s1, minstret, zero
core   0: 3 0x000000008000602e (0xb02024f3) x9  0x00000000000008e7
core   0: 0x0000000080006032 (0x0000a811) c.j     pc + 20
core   0: 3 0x0000000080006032 (0xa811)
core   0: >>>>  mepc_4
core   0: 0x0000000080006046 (0x00000791) c.addi  a5, 4
core   0: 3 0x0000000080006046 (0x0791) x15 0x0000000080004372
core   0: 0x0000000080006048 (0x34179073) csrrw   zero, mepc, a5
core   0: 3 0x0000000080006048 (0x34179073) c833_mepc 0x0000000080004372
core   0: 0x000000008000604c (0x30200073) mret
core   0: 3 0x000000008000604c (0x30200073) c768_mstatus 0x8000000a00106080
core   0: 0x0000000080004372 (0x74795df3) csrrwi  s11, mseccfg, 18
core   0: exception trap_illegal_instruction, epc 0x0000000080004372
core   0:           tval 0x0000000074795df3
core   0: >>>>  $xrv64i2p1_m2p0_a2p1_f2p2_d2p2_zicsr2p0_zifencei2p0_zmmul1p0_zba1p0_zbb1p0_zbc1p0_zbs1p0
core   0: 0x0000000080004000 (0x0080006f) j       pc + 0x8
core   0: 3 0x0000000080004000 (0x0080006f)
core   0: >>>>  mmode_exception_handler
core   0: 0x0000000080004008 (0x00002c17) auipc   s8, 0x2
core   0: 3 0x0000000080004008 (0x00002c17) x24 0x0000000080006008
core   0: 0x000000008000400c (0x00ac0c13) addi    s8, s8, 10
core   0: 3 0x000000008000400c (0x00ac0c13) x24 0x0000000080006012
core   0: 0x0000000080004010 (0x000c00e7) jalr    s8
core   0: 3 0x0000000080004010 (0x000c00e7) x1  0x0000000080004014
core   0: >>>>  any_handler
core   0: 0x0000000080006012 (0x341027f3) csrrs   a5, mepc, zero
core   0: 3 0x0000000080006012 (0x341027f3) x15 0x0000000080004372
core   0: 0x0000000080006016 (0x34202773) csrrs   a4, mcause, zero
core   0: 3 0x0000000080006016 (0x34202773) x14 0x0000000000000002
core   0: 0x000000008000601a (0x142026f3) csrrs   a3, scause, zero
core   0: 3 0x000000008000601a (0x142026f3) x13 0x0000000000000000
core   0: 0x000000008000601e (0x30402673) csrrs   a2, mie, zero
core   0: 3 0x000000008000601e (0x30402673) x12 0x0000000000000a00
core   0: 0x0000000080006022 (0x344025f3) csrrs   a1, mip, zero
core   0: 3 0x0000000080006022 (0x344025f3) x11 0x0000000000000080
core   0: 0x0000000080006026 (0x343025f3) csrrs   a1, mtval, zero
core   0: 3 0x0000000080006026 (0x343025f3) x11 0x0000000074795df3
core   0: 0x000000008000602a (0x14302573) csrrs   a0, stval, zero
core   0: 3 0x000000008000602a (0x14302573) x10 0x0000000000000000
core   0: 0x000000008000602e (0xb02024f3) csrrs   s1, minstret, zero
core   0: 3 0x000000008000602e (0xb02024f3) x9  0x00000000000008f7
core   0: 0x0000000080006032 (0x0000a811) c.j     pc + 20
core   0: 3 0x0000000080006032 (0xa811)
core   0: >>>>  mepc_4
core   0: 0x0000000080006046 (0x00000791) c.addi  a5, 4
core   0: 3 0x0000000080006046 (0x0791) x15 0x0000000080004376
core   0: 0x0000000080006048 (0x34179073) csrrw   zero, mepc, a5
core   0: 3 0x0000000080006048 (0x34179073) c833_mepc 0x0000000080004376
core   0: 0x000000008000604c (0x30200073) mret
core   0: 3 0x000000008000604c (0x30200073) c768_mstatus 0x8000000a00106080
core   0: 0x0000000080004376 (0xd03bf6d3) fcvt.s.lu fa3, s7
core   0: 1 0x0000000080004376 (0xd03bf6d3) f13 0xffffffff41880000
core   0: 0x000000008000437a (0x40095a1b) sraiw   s4, s2, 0
core   0: 1 0x000000008000437a (0x40095a1b) x20 0xffffffffffffffff
core   0: 0x000000008000437e (0xa392fb4f) fnmadd.d fs6, ft5, fs9, fs4
core   0: 1 0x000000008000437e (0xa392fb4f) f22 0x7ff8000000000000
core   0: 0x0000000080004382 (0x229504d3) fsgnj.d fs1, fa0, fs1
core   0: 1 0x0000000080004382 (0x229504d3) f9  0x0000000040003009
core   0: 0x0000000080004386 (0xd2217fd3) fcvt.d.l ft11, sp
core   0: 1 0x0000000080004386 (0xd2217fd3) f31 0x0000000000000000
core   0: 0x000000008000438a (0xc03ff5d3) fcvt.lu.s a1, ft11
core   0: 1 0x000000008000438a (0xc03ff5d3) c1_fflags 0x0000000000000011 x11 0xffffffffffffffff
core   0: 0x000000008000438e (0x13c776d3) fmul.d  fa3, fa4, ft8
core   0: 1 0x000000008000438e (0x13c776d3) f13 0x7ff8000000000000
core   0: 0x0000000080004392 (0x033ef833) remu    a6, t4, s3
core   0: 1 0x0000000080004392 (0x033ef833) x16 0x000000003ffc0009
core   0: 0x0000000080004396 (0x010aa633) slt     a2, s5, a6
core   0: 1 0x0000000080004396 (0x010aa633) x12 0x0000000000000001
core   0: 0x000000008000439a (0x2a6787d3) fmin.d  fa5, fa5, ft6
core   0: 1 0x000000008000439a (0x2a6787d3) f15 0x0000000000000000
core   0: 0x000000008000439e (0x61eb0513) addi    a0, s6, 1566
core   0: 1 0x000000008000439e (0x61eb0513) x10 0x000000000000062f
core   0: 0x00000000800043a2 (0x5a550a93) addi    s5, a0, 1445
core   0: 1 0x00000000800043a2 (0x5a550a93) x21 0x0000000000000bd4
core   0: 0x00000000800043a6 (0x129f7dd3) fmul.d  fs11, ft10, fs1
core   0: 1 0x00000000800043a6 (0x129f7dd3) f27 0x7ff8000000000000
core   0: 0x00000000800043aa (0xf1561bf3) csrrw   s7, mconfigptr, a2
core   0: exception trap_illegal_instruction, epc 0x00000000800043aa
core   0:           tval 0x00000000f1561bf3
core   0: >>>>  $xrv64i2p1_m2p0_a2p1_f2p2_d2p2_zicsr2p0_zifencei2p0_zmmul1p0_zba1p0_zbb1p0_zbc1p0_zbs1p0
core   0: 0x0000000080004000 (0x0080006f) j       pc + 0x8
core   0: 3 0x0000000080004000 (0x0080006f)
core   0: >>>>  mmode_exception_handler
core   0: 0x0000000080004008 (0x00002c17) auipc   s8, 0x2
core   0: 3 0x0000000080004008 (0x00002c17) x24 0x0000000080006008
core   0: 0x000000008000400c (0x00ac0c13) addi    s8, s8, 10
core   0: 3 0x000000008000400c (0x00ac0c13) x24 0x0000000080006012
core   0: 0x0000000080004010 (0x000c00e7) jalr    s8
core   0: 3 0x0000000080004010 (0x000c00e7) x1  0x0000000080004014
core   0: >>>>  any_handler
core   0: 0x0000000080006012 (0x341027f3) csrrs   a5, mepc, zero
core   0: 3 0x0000000080006012 (0x341027f3) x15 0x00000000800043aa
core   0: 0x0000000080006016 (0x34202773) csrrs   a4, mcause, zero
core   0: 3 0x0000000080006016 (0x34202773) x14 0x0000000000000002
core   0: 0x000000008000601a (0x142026f3) csrrs   a3, scause, zero
core   0: 3 0x000000008000601a (0x142026f3) x13 0x0000000000000000
core   0: 0x000000008000601e (0x30402673) csrrs   a2, mie, zero
core   0: 3 0x000000008000601e (0x30402673) x12 0x0000000000000a00
core   0: 0x0000000080006022 (0x344025f3) csrrs   a1, mip, zero
core   0: 3 0x0000000080006022 (0x344025f3) x11 0x0000000000000080
core   0: 0x0000000080006026 (0x343025f3) csrrs   a1, mtval, zero
core   0: 3 0x0000000080006026 (0x343025f3) x11 0x00000000f1561bf3
core   0: 0x000000008000602a (0x14302573) csrrs   a0, stval, zero
core   0: 3 0x000000008000602a (0x14302573) x10 0x0000000000000000
core   0: 0x000000008000602e (0xb02024f3) csrrs   s1, minstret, zero
core   0: 3 0x000000008000602e (0xb02024f3) x9  0x0000000000000914
core   0: 0x0000000080006032 (0x0000a811) c.j     pc + 20
core   0: 3 0x0000000080006032 (0xa811)
core   0: >>>>  mepc_4
core   0: 0x0000000080006046 (0x00000791) c.addi  a5, 4
core   0: 3 0x0000000080006046 (0x0791) x15 0x00000000800043ae
core   0: 0x0000000080006048 (0x34179073) csrrw   zero, mepc, a5
core   0: 3 0x0000000080006048 (0x34179073) c833_mepc 0x00000000800043ae
core   0: 0x000000008000604c (0x30200073) mret
core   0: 3 0x000000008000604c (0x30200073) c768_mstatus 0x8000000a00106080
core   0: 0x00000000800043ae (0x3b7bf3cf) fnmadd.d ft7, fs7, fs7, ft7
core   0: 1 0x00000000800043ae (0x3b7bf3cf) f7  0x7ff8000000000000
core   0: 0x00000000800043b2 (0x026d2c33) mulhsu  s8, s10, t1
core   0: 1 0x00000000800043b2 (0x026d2c33) x24 0x0000000000000000
core   0: 0x00000000800043b6 (0x0001db93) srli    s7, gp, 0
core   0: 1 0x00000000800043b6 (0x0001db93) x23 0x8000000000000800
core   0: 0x00000000800043ba (0x0181d9bb) srlw    s3, gp, s8
core   0: 1 0x00000000800043ba (0x0181d9bb) x19 0x0000000000000800
core   0: 0x00000000800043be (0x415586b3) sub     a3, a1, s5
core   0: 1 0x00000000800043be (0x415586b3) x13 0x00000000f156101f
core   0: 0x00000000800043c2 (0x00102073) csrrs   zero, fflags, zero
core   0: 1 0x00000000800043c2 (0x00102073)
core   0: 0x00000000800043c6 (0x404bd5bb) sraw    a1, s7, tp
core   0: 1 0x00000000800043c6 (0x404bd5bb) x11 0x0000000000000800
core   0: 0x00000000800043ca (0x014a26b3) slt     a3, s4, s4
core   0: 1 0x00000000800043ca (0x014a26b3) x13 0x0000000000000000
core   0: 0x00000000800043ce (0xf20a04d3) fmv.d.x fs1, s4
core   0: 1 0x00000000800043ce (0xf20a04d3) f9  0xffffffffffffffff
core   0: 0x00000000800043d2 (0xd79b8213) addi    tp, s7, -647
core   0: 1 0x00000000800043d2 (0xd79b8213) x4  0x8000000000000579
core   0: 0x00000000800043d6 (0xd2168dd3) fcvt.d.wu fs11, a3
core   0: 1 0x00000000800043d6 (0xd2168dd3) f27 0x0000000000000000
core   0: 0x00000000800043da (0x411282bb) subw    t0, t0, a7
core   0: 1 0x00000000800043da (0x411282bb) x5  0x0000000000000001
core   0: 0x00000000800043de (0x006e533b) srlw    t1, t3, t1
core   0: 1 0x00000000800043de (0x006e533b) x6  0x0000000000007fff
core   0: 0x00000000800043e2 (0x239c2c53) fsgnjx.d fs8, fs8, fs9
core   0: 1 0x00000000800043e2 (0x239c2c53) f24 0xffffffffdf000000
core   0: 0x00000000800043e6 (0x015d18b3) sll     a7, s10, s5
core   0: 1 0x00000000800043e6 (0x015d18b3) x17 0x0000000000000000
core   0: 0x00000000800043ea (0x01a2d333) srl     t1, t0, s10
core   0: 1 0x00000000800043ea (0x01a2d333) x6  0x0000000000000001
core   0: 0x00000000800043ee (0xc22071d3) fcvt.l.d gp, ft0
core   0: 1 0x00000000800043ee (0xc22071d3) x3  0x0000000000000000
core   0: 0x00000000800043f2 (0x00e01633) sll     a2, zero, a4
core   0: 1 0x00000000800043f2 (0x00e01633) x12 0x0000000000000000
core   0: 0x00000000800043f6 (0x40f2d233) sra     tp, t0, a5
core   0: 1 0x00000000800043f6 (0x40f2d233) x4  0x0000000000000000
core   0: 0x00000000800043fa (0x2384ad53) fsgnjx.d fs10, fs1, fs8
core   0: 1 0x00000000800043fa (0x2384ad53) f26 0x7fffffffffffffff
core   0: 0x00000000800043fe (0x017c9cb3) sll     s9, s9, s7
core   0: 1 0x00000000800043fe (0x017c9cb3) x25 0x0000000000000000
core   0: 0x0000000080004402 (0xd20b0353) fcvt.d.w ft6, s6
core   0: 1 0x0000000080004402 (0xd20b0353) f6  0x4031000000000000
core   0: 0x0000000080004406 (0xe20c81d3) fmv.x.d gp, fs9
core   0: 1 0x0000000080004406 (0xe20c81d3) x3  0x7fffffffffffffff
core   0: 0x000000008000440a (0x00009eae) c.add   t4, a1
core   0: 1 0x000000008000440a (0x9eae) x29 0x000000003ffc0809
core   0: 0x000000008000440c (0x414e0233) sub     tp, t3, s4
core   0: 1 0x000000008000440c (0x414e0233) x4  0x0000000000000000
core   0: 0x0000000080004410 (0x001793f3) csrrw   t2, fflags, a5
core   0: 1 0x0000000080004410 (0x001793f3) x7  0x0000000000000011 c1_fflags 0x000000000000000e
core   0: 0x0000000080004414 (0x01aa9d3b) sllw    s10, s5, s10
core   0: 1 0x0000000080004414 (0x01aa9d3b) x26 0x0000000000000bd4
core   0: 0x0000000080004418 (0x22e61653) fsgnjn.d fa2, fa2, fa4
core   0: 1 0x0000000080004418 (0x22e61653) f12 0x0000000000000000
core   0: 0x000000008000441c (0x03d0eeb3) rem     t4, ra, t4
core   0: 1 0x000000008000441c (0x03d0eeb3) x29 0x0000000000083002
core   0: 0x0000000080004420 (0x0b7ff553) fsub.d  fa0, ft11, fs7
core   0: 1 0x0000000080004420 (0x0b7ff553) f10 0x7ff8000000000000
core   0: 0x0000000080004424 (0xc23ff2d3) fcvt.lu.d t0, ft11
core   0: 1 0x0000000080004424 (0xc23ff2d3) x5  0x0000000000000000
core   0: 0x0000000080004428 (0x42050453) fcvt.d.s fs0, fa0
core   0: 1 0x0000000080004428 (0x42050453) f8  0x7ff8000000000000
core   0: 0x000000008000442c (0xa3da81d3) fle.d   gp, fs5, ft9
core   0: 1 0x000000008000442c (0xa3da81d3) c1_fflags 0x000000000000001e x3  0x0000000000000000
core   0: 0x0000000080004430 (0x00102ef3) csrrs   t4, fflags, zero
core   0: 1 0x0000000080004430 (0x00102ef3) x29 0x000000000000001e
core   0: 0x0000000080004434 (0x00fd5d33) srl     s10, s10, a5
core   0: 1 0x0000000080004434 (0x00fd5d33) x26 0x0000000000000000
core   0: 0x0000000080004438 (0x8007831b) addiw   t1, a5, -2048
core   0: 1 0x0000000080004438 (0x8007831b) x6  0xffffffff80003bae
core   0: 0x000000008000443c (0x5a047953) fsqrt.d fs2, fs0
core   0: 1 0x000000008000443c (0x5a047953) f18 0x7ff8000000000000
core   0: 0x0000000080004440 (0x0068073b) addw    a4, a6, t1
core   0: 1 0x0000000080004440 (0x0068073b) x14 0xffffffffbffc3bb7
core   0: 0x0000000080004444 (0x41835233) sra     tp, t1, s8
core   0: 1 0x0000000080004444 (0x41835233) x4  0xffffffff80003bae
core   0: 0x0000000080004448 (0xd20e8dd3) fcvt.d.w fs11, t4
core   0: 1 0x0000000080004448 (0xd20e8dd3) f27 0x403e000000000000
core   0: 0x000000008000444c (0xd22ef153) fcvt.d.l ft2, t4
core   0: 1 0x000000008000444c (0xd22ef153) f2  0x403e000000000000
core   0: 0x0000000080004450 (0x0002c2b3) xor     t0, t0, zero
core   0: 1 0x0000000080004450 (0x0002c2b3) x5  0x0000000000000000
core   0: 0x0000000080004454 (0x039ebcb3) mulhu   s9, t4, s9
core   0: 1 0x0000000080004454 (0x039ebcb3) x25 0x0000000000000000
core   0: 0x0000000080004458 (0x021c1413) slli    s0, s8, 33
core   0: 1 0x0000000080004458 (0x021c1413) x8  0x0000000000000000
core   0: 0x000000008000445c (0x0053d3bb) srlw    t2, t2, t0
core   0: 1 0x000000008000445c (0x0053d3bb) x7  0x0000000000000011
core   0: 0x0000000080004460 (0xc034f5d3) fcvt.lu.s a1, fs1
core   0: 1 0x0000000080004460 (0xc034f5d3) c1_fflags 0x000000000000001e x11 0xffffffffffffffff
core   0: 0x0000000080004464 (0x00e2973b) sllw    a4, t0, a4
core   0: 1 0x0000000080004464 (0x00e2973b) x14 0x0000000000000000
core   0: 0x0000000080004468 (0x00e77433) and     s0, a4, a4
core   0: 1 0x0000000080004468 (0x00e77433) x8  0x0000000000000000
core   0: 0x000000008000446c (0xc033fcd3) fcvt.lu.s s9, ft7
core   0: 1 0x000000008000446c (0xc033fcd3) c1_fflags 0x000000000000001e x25 0xffffffffffffffff
core   0: 0x0000000080004470 (0x011d161b) slliw   a2, s10, 17
core   0: 1 0x0000000080004470 (0x011d161b) x12 0x0000000000000000
core   0: 0x0000000080004474 (0x0005d033) srl     zero, a1, zero
core   0: 1 0x0000000080004474 (0x0005d033)
core   0: 0x0000000080004478 (0xd2078fd3) fcvt.d.w ft11, a5
core   0: 1 0x0000000080004478 (0xd2078fd3) f31 0xc1dfffef14800000
core   0: 0x000000008000447c (0x021e7e53) fadd.d  ft8, ft8, ft1
core   0: 1 0x000000008000447c (0x021e7e53) f28 0x7ff8000000000000
core   0: 0x0000000080004480 (0x1bf0f053) fdiv.d  ft0, ft1, ft11
core   0: 1 0x0000000080004480 (0x1bf0f053) c1_fflags 0x000000000000001f f0  0xbe10000875c47925
core   0: 0x0000000080004484 (0x40b5d0bb) sraw    ra, a1, a1
core   0: 1 0x0000000080004484 (0x40b5d0bb) x1  0xffffffffffffffff
core   0: 0x0000000080004488 (0x001cd21b) srliw   tp, s9, 1
core   0: 1 0x0000000080004488 (0x001cd21b) x4  0x000000007fffffff
core   0: 0x000000008000448c (0xd21986d3) fcvt.d.wu fa3, s3
core   0: 1 0x000000008000448c (0xd21986d3) f13 0x40a0000000000000
core   0: 0x0000000080004490 (0x002993f3) csrrw   t2, frm, s3
core   0: 1 0x0000000080004490 (0x002993f3) x7  0x0000000000000002 c2_frm 0x0000000000000000
core   0: 0x0000000080004494 (0xc201f7d3) fcvt.w.d a5, ft3
core   0: 1 0x0000000080004494 (0xc201f7d3) c1_fflags 0x000000000000001f x15 0x000000007fffffff
core   0: 0x0000000080004498 (0x038c453b) divw    a0, s8, s8
core   0: 1 0x0000000080004498 (0x038c453b) x10 0xffffffffffffffff
core   0: 0x000000008000449c (0x01ad43b3) xor     t2, s10, s10
core   0: 1 0x000000008000449c (0x01ad43b3) x7  0x0000000000000000
core   0: 0x00000000800044a0 (0xc203f053) fcvt.w.d zero, ft7
core   0: 1 0x00000000800044a0 (0xc203f053) c1_fflags 0x000000000000001f
core   0: 0x00000000800044a4 (0x01b7981b) slliw   a6, a5, 27
core   0: 1 0x00000000800044a4 (0x01b7981b) x16 0xfffffffff8000000
core   0: 0x00000000800044a8 (0xeaaefecb) fnmsub.d ft9, ft9, fa0, ft9
core   0: 1 0x00000000800044a8 (0xeaaefecb) f29 0x7ff8000000000000
core   0: 0x00000000800044ac (0x4496869b) addiw   a3, a3, 1097
core   0: 1 0x00000000800044ac (0x4496869b) x13 0x0000000000000449
core   0: 0x00000000800044b0 (0xd22bf853) fcvt.d.l fa6, s7
core   0: 1 0x00000000800044b0 (0xd22bf853) f16 0xc3dffffffffffffe
core   0: 0x00000000800044b4 (0xc22c7753) fcvt.l.d a4, fs8
core   0: 1 0x00000000800044b4 (0xc22c7753) c1_fflags 0x000000000000001f x14 0x7fffffffffffffff
core   0: 0x00000000800044b8 (0x40cb5b1b) sraiw   s6, s6, 12
core   0: 1 0x00000000800044b8 (0x40cb5b1b) x22 0x0000000000000000
core   0: 0x00000000800044bc (0x01b656b3) srl     a3, a2, s11
core   0: 1 0x00000000800044bc (0x01b656b3) x13 0x0000000000000000
core   0: 0x00000000800044c0 (0x48ad8d13) addi    s10, s11, 1162
core   0: 1 0x00000000800044c0 (0x48ad8d13) x26 0x8000000000000c8a
core   0: 0x00000000800044c4 (0x012d0ebb) addw    t4, s10, s2
core   0: 1 0x00000000800044c4 (0x012d0ebb) x29 0x0000000000000c89
core   0: 0x00000000800044c8 (0x401bff53) fcvt.s.d ft10, fs7
core   0: 1 0x00000000800044c8 (0x401bff53) f30 0xffffffff7fc00000
core   0: 0x00000000800044cc (0xf11fe073) csrrsi  zero, mvendorid, 31
core   0: exception trap_illegal_instruction, epc 0x00000000800044cc
core   0:           tval 0x00000000f11fe073
core   0: >>>>  $xrv64i2p1_m2p0_a2p1_f2p2_d2p2_zicsr2p0_zifencei2p0_zmmul1p0_zba1p0_zbb1p0_zbc1p0_zbs1p0
core   0: 0x0000000080004000 (0x0080006f) j       pc + 0x8
core   0: 3 0x0000000080004000 (0x0080006f)
core   0: >>>>  mmode_exception_handler
core   0: 0x0000000080004008 (0x00002c17) auipc   s8, 0x2
core   0: 3 0x0000000080004008 (0x00002c17) x24 0x0000000080006008
core   0: 0x000000008000400c (0x00ac0c13) addi    s8, s8, 10
core   0: 3 0x000000008000400c (0x00ac0c13) x24 0x0000000080006012
core   0: 0x0000000080004010 (0x000c00e7) jalr    s8
core   0: 3 0x0000000080004010 (0x000c00e7) x1  0x0000000080004014
core   0: >>>>  any_handler
core   0: 0x0000000080006012 (0x341027f3) csrrs   a5, mepc, zero
core   0: 3 0x0000000080006012 (0x341027f3) x15 0x00000000800044cc
core   0: 0x0000000080006016 (0x34202773) csrrs   a4, mcause, zero
core   0: 3 0x0000000080006016 (0x34202773) x14 0x0000000000000002
core   0: 0x000000008000601a (0x142026f3) csrrs   a3, scause, zero
core   0: 3 0x000000008000601a (0x142026f3) x13 0x0000000000000000
core   0: 0x000000008000601e (0x30402673) csrrs   a2, mie, zero
core   0: 3 0x000000008000601e (0x30402673) x12 0x0000000000000a00
core   0: 0x0000000080006022 (0x344025f3) csrrs   a1, mip, zero
core   0: 3 0x0000000080006022 (0x344025f3) x11 0x0000000000000080
core   0: 0x0000000080006026 (0x343025f3) csrrs   a1, mtval, zero
core   0: 3 0x0000000080006026 (0x343025f3) x11 0x00000000f11fe073
core   0: 0x000000008000602a (0x14302573) csrrs   a0, stval, zero
core   0: 3 0x000000008000602a (0x14302573) x10 0x0000000000000000
core   0: 0x000000008000602e (0xb02024f3) csrrs   s1, minstret, zero
core   0: 3 0x000000008000602e (0xb02024f3) x9  0x000000000000096c
core   0: 0x0000000080006032 (0x0000a811) c.j     pc + 20
core   0: 3 0x0000000080006032 (0xa811)
core   0: >>>>  mepc_4
core   0: 0x0000000080006046 (0x00000791) c.addi  a5, 4
core   0: 3 0x0000000080006046 (0x0791) x15 0x00000000800044d0
core   0: 0x0000000080006048 (0x34179073) csrrw   zero, mepc, a5
core   0: 3 0x0000000080006048 (0x34179073) c833_mepc 0x00000000800044d0
core   0: 0x000000008000604c (0x30200073) mret
core   0: 3 0x000000008000604c (0x30200073) c768_mstatus 0x8000000a00106080
core   0: 0x00000000800044d0 (0x03445c3b) divuw   s8, s0, s4
core   0: 1 0x00000000800044d0 (0x03445c3b) x24 0x0000000000000000
core   0: 0x00000000800044d4 (0x03c04eb3) div     t4, zero, t3
core   0: 1 0x00000000800044d4 (0x03c04eb3) x29 0x0000000000000000
core   0: 0x00000000800044d8 (0xf12ba073) csrrs   zero, marchid, s7
core   0: exception trap_illegal_instruction, epc 0x00000000800044d8
core   0:           tval 0x00000000f12ba073
core   0: >>>>  $xrv64i2p1_m2p0_a2p1_f2p2_d2p2_zicsr2p0_zifencei2p0_zmmul1p0_zba1p0_zbb1p0_zbc1p0_zbs1p0
core   0: 0x0000000080004000 (0x0080006f) j       pc + 0x8
core   0: 3 0x0000000080004000 (0x0080006f)
core   0: >>>>  mmode_exception_handler
core   0: 0x0000000080004008 (0x00002c17) auipc   s8, 0x2
core   0: 3 0x0000000080004008 (0x00002c17) x24 0x0000000080006008
core   0: 0x000000008000400c (0x00ac0c13) addi    s8, s8, 10
core   0: 3 0x000000008000400c (0x00ac0c13) x24 0x0000000080006012
core   0: 0x0000000080004010 (0x000c00e7) jalr    s8
core   0: 3 0x0000000080004010 (0x000c00e7) x1  0x0000000080004014
core   0: >>>>  any_handler
core   0: 0x0000000080006012 (0x341027f3) csrrs   a5, mepc, zero
core   0: 3 0x0000000080006012 (0x341027f3) x15 0x00000000800044d8
core   0: 0x0000000080006016 (0x34202773) csrrs   a4, mcause, zero
core   0: 3 0x0000000080006016 (0x34202773) x14 0x0000000000000002
core   0: 0x000000008000601a (0x142026f3) csrrs   a3, scause, zero
core   0: 3 0x000000008000601a (0x142026f3) x13 0x0000000000000000
core   0: 0x000000008000601e (0x30402673) csrrs   a2, mie, zero
core   0: 3 0x000000008000601e (0x30402673) x12 0x0000000000000a00
core   0: 0x0000000080006022 (0x344025f3) csrrs   a1, mip, zero
core   0: 3 0x0000000080006022 (0x344025f3) x11 0x0000000000000080
core   0: 0x0000000080006026 (0x343025f3) csrrs   a1, mtval, zero
core   0: 3 0x0000000080006026 (0x343025f3) x11 0x00000000f12ba073
core   0: 0x000000008000602a (0x14302573) csrrs   a0, stval, zero
core   0: 3 0x000000008000602a (0x14302573) x10 0x0000000000000000
core   0: 0x000000008000602e (0xb02024f3) csrrs   s1, minstret, zero
core   0: 3 0x000000008000602e (0xb02024f3) x9  0x000000000000097e
core   0: 0x0000000080006032 (0x0000a811) c.j     pc + 20
core   0: 3 0x0000000080006032 (0xa811)
core   0: >>>>  mepc_4
core   0: 0x0000000080006046 (0x00000791) c.addi  a5, 4
core   0: 3 0x0000000080006046 (0x0791) x15 0x00000000800044dc
core   0: 0x0000000080006048 (0x34179073) csrrw   zero, mepc, a5
core   0: 3 0x0000000080006048 (0x34179073) c833_mepc 0x00000000800044dc
core   0: 0x000000008000604c (0x30200073) mret
core   0: 3 0x000000008000604c (0x30200073) c768_mstatus 0x8000000a00106080
core   0: 0x00000000800044dc (0x0ff0000f) fence   iorw,iorw
core   0: 1 0x00000000800044dc (0x0ff0000f)
core   0: 0x00000000800044e0 (0x00ab823b) addw    tp, s7, a0
core   0: 1 0x00000000800044e0 (0x00ab823b) x4  0x0000000000000800
core   0: 0x00000000800044e4 (0x43f25713) srai    a4, tp, 63
core   0: 1 0x00000000800044e4 (0x43f25713) x14 0x0000000000000000
core   0: 0x00000000800044e8 (0x02973633) mulhu   a2, a4, s1
core   0: 1 0x00000000800044e8 (0x02973633) x12 0x0000000000000000
core   0: 0x00000000800044ec (0x03fc1593) slli    a1, s8, 63
core   0: 1 0x00000000800044ec (0x03fc1593) x11 0x0000000000000000
core   0: 0x00000000800044f0 (0x00b5833b) addw    t1, a1, a1
core   0: 1 0x00000000800044f0 (0x00b5833b) x6  0x0000000000000000
core   0: 0x00000000800044f4 (0x01bbddbb) srlw    s11, s7, s11
core   0: 1 0x00000000800044f4 (0x01bbddbb) x27 0x0000000000000800
core   0: 0x00000000800044f8 (0x41b785b3) sub     a1, a5, s11
core   0: 1 0x00000000800044f8 (0x41b785b3) x11 0x0000000080003cdc
core   0: 0x00000000800044fc (0xe20f0353) fmv.x.d t1, ft10
core   0: 1 0x00000000800044fc (0xe20f0353) x6  0xffffffff7fc00000
core   0: 0x0000000080004500 (0x00000001) c.nop
core   0: 1 0x0000000080004500 (0x0001)
core   0: 0x0000000080004502 (0xc21f7853) fcvt.wu.d a6, ft10
core   0: 1 0x0000000080004502 (0xc21f7853) c1_fflags 0x000000000000001f x16 0xffffffffffffffff
core   0: 0x0000000080004506 (0x00000001) c.nop
core   0: 1 0x0000000080004506 (0x0001)
core   0: 0x0000000080004508 (0x5a097f53) fsqrt.d ft10, fs2
core   0: 1 0x0000000080004508 (0x5a097f53) f30 0x7ff8000000000000
core   0: 0x000000008000450c (0x001391f3) csrrw   gp, fflags, t2
core   0: 1 0x000000008000450c (0x001391f3) x3  0x000000000000001f c1_fflags 0x0000000000000000
core   0: 0x0000000080004510 (0x0018039b) addiw   t2, a6, 1
core   0: 1 0x0000000080004510 (0x0018039b) x7  0x0000000000000000
core   0: 0x0000000080004514 (0x01c1d813) srli    a6, gp, 28
core   0: 1 0x0000000080004514 (0x01c1d813) x16 0x0000000000000000
core   0: 0x0000000080004518 (0x41c35893) srai    a7, t1, 28
core   0: 1 0x0000000080004518 (0x41c35893) x17 0xfffffffffffffff7
core   0: 0x000000008000451c (0xf9fa54b7) lui     s1, 0xf9fa5
core   0: 1 0x000000008000451c (0xf9fa54b7) x9  0xfffffffff9fa5000
core   0: 0x0000000080004520 (0x9a34849b) addiw   s1, s1, -1629
core   0: 1 0x0000000080004520 (0x9a34849b) x9  0xfffffffff9fa49a3
core   0: 0x0000000080004524 (0x000004b2) c.slli  s1, 12
core   0: 1 0x0000000080004524 (0x04b2) x9  0xffffff9fa49a3000
core   0: 0x0000000080004526 (0x34148493) addi    s1, s1, 833
core   0: 1 0x0000000080004526 (0x34148493) x9  0xffffff9fa49a3341
core   0: 0x000000008000452a (0x0074a6b3) slt     a3, s1, t2
core   0: 1 0x000000008000452a (0x0074a6b3) x13 0x0000000000000001
core   0: 0x000000008000452e (0x02db7b33) remu    s6, s6, a3
core   0: 1 0x000000008000452e (0x02db7b33) x22 0x0000000000000000
core   0: 0x0000000080004532 (0x00435493) srli    s1, t1, 4
core   0: 1 0x0000000080004532 (0x00435493) x9  0x0ffffffff7fc0000
core   0: 0x0000000080004536 (0x00939a33) sll     s4, t2, s1
core   0: 1 0x0000000080004536 (0x00939a33) x20 0x0000000000000000
core   0: 0x000000008000453a (0x0346e8b3) rem     a7, a3, s4
core   0: 1 0x000000008000453a (0x0346e8b3) x17 0x0000000000000001
core   0: 0x000000008000453e (0x0b1c71d3) fsub.d  ft3, fs8, fa7
core   0: 1 0x000000008000453e (0x0b1c71d3) f3  0x7ff8000000000000
core   0: 0x0000000080004542 (0x431e5913) srai    s2, t3, 49
core   0: 1 0x0000000080004542 (0x431e5913) x18 0xffffffffffffffff
core   0: 0x0000000080004546 (0x5249069b) addiw   a3, s2, 1316
core   0: 1 0x0000000080004546 (0x5249069b) x13 0x0000000000000523
core   0: 0x000000008000454a (0x02d631b3) mulhu   gp, a2, a3
core   0: 1 0x000000008000454a (0x02d631b3) x3  0x0000000000000000
core   0: 0x000000008000454e (0x23851653) fsgnjn.d fa2, fa0, fs8
core   0: 1 0x000000008000454e (0x23851653) f12 0x7ff8000000000000
core   0: 0x0000000080004552 (0x420881d3) fcvt.d.s ft3, fa7
core   0: 1 0x0000000080004552 (0x420881d3) f3  0x7ff8000000000000
core   0: 0x0000000080004556 (0x03f61893) slli    a7, a2, 63
core   0: 1 0x0000000080004556 (0x03f61893) x17 0x0000000000000000
core   0: 0x000000008000455a (0x407186b3) sub     a3, gp, t2
core   0: 1 0x000000008000455a (0x407186b3) x13 0x0000000000000000
core   0: 0x000000008000455e (0x01bd80bb) addw    ra, s11, s11
core   0: 1 0x000000008000455e (0x01bd80bb) x1  0x0000000000001000
core   0: 0x0000000080004562 (0x40f9d99b) sraiw   s3, s3, 15
core   0: 1 0x0000000080004562 (0x40f9d99b) x19 0x0000000000000000
core   0: 0x0000000080004566 (0x0070e8b3) or      a7, ra, t2
core   0: 1 0x0000000080004566 (0x0070e8b3) x17 0x0000000000001000
core   0: 0x000000008000456a (0xd020fa53) fcvt.s.l fs4, ra
core   0: 1 0x000000008000456a (0xd020fa53) f20 0xffffffff45800000
core   0: 0x000000008000456e (0x4008de9b) sraiw   t4, a7, 0
core   0: 1 0x000000008000456e (0x4008de9b) x29 0x0000000000001000
core   0: 0x0000000080004572 (0x01a174b3) and     s1, sp, s10
core   0: 1 0x0000000080004572 (0x01a174b3) x9  0x0000000000000000
core   0: 0x0000000080004576 (0x403dd1b3) sra     gp, s11, gp
core   0: 1 0x0000000080004576 (0x403dd1b3) x3  0x0000000000000800
core   0: 0x000000008000457a (0x02c1f553) fadd.d  fa0, ft3, fa2
core   0: 1 0x000000008000457a (0x02c1f553) f10 0x7ff8000000000000
core   0: 0x000000008000457e (0x0ff0000f) fence   iorw,iorw
core   0: 1 0x000000008000457e (0x0ff0000f)
core   0: 0x0000000080004582 (0x02ce9633) mulh    a2, t4, a2
core   0: 1 0x0000000080004582 (0x02ce9633) x12 0x0000000000000000
core   0: 0x0000000080004586 (0x0ff0000f) fence   iorw,iorw
core   0: 1 0x0000000080004586 (0x0ff0000f)
core   0: 0x000000008000458a (0x2caa3d97) auipc   s11, 0x2caa3
core   0: 1 0x000000008000458a (0x2caa3d97) x27 0x00000000acaa758a
core   0: 0x000000008000458e (0x024c0dbb) mulw    s11, s8, tp
core   0: 1 0x000000008000458e (0x024c0dbb) x27 0x0000000003009000
core   0: 0x0000000080004592 (0x00d8a8b3) slt     a7, a7, a3
core   0: 1 0x0000000080004592 (0x00d8a8b3) x17 0x0000000000000000
core   0: 0x0000000080004596 (0x019d953b) sllw    a0, s11, s9
core   0: 1 0x0000000080004596 (0x019d953b) x10 0x0000000000000000
core   0: 0x000000008000459a (0x02746eb3) rem     t4, s0, t2
core   0: 1 0x000000008000459a (0x02746eb3) x29 0x0000000000000000
core   0: 0x000000008000459e (0x0ff0000f) fence   iorw,iorw
core   0: 1 0x000000008000459e (0x0ff0000f)
core   0: 0x00000000800045a2 (0xfde60c37) lui     s8, 0xfde60
core   0: 1 0x00000000800045a2 (0xfde60c37) x24 0xfffffffffde60000
core   0: 0x00000000800045a6 (0x1ebc0c1b) addiw   s8, s8, 491
core   0: 1 0x00000000800045a6 (0x1ebc0c1b) x24 0xfffffffffde601eb
core   0: 0x00000000800045aa (0x00000c32) c.slli  s8, 12
core   0: 1 0x00000000800045aa (0x0c32) x24 0xffffffde601eb000
core   0: 0x00000000800045ac (0xfb4c0c13) addi    s8, s8, -76
core   0: 1 0x00000000800045ac (0xfb4c0c13) x24 0xffffffde601eafb4
core   0: 0x00000000800045b0 (0x5b4575cb) fnmsub.d fa1, fa0, fs4, fa1
core   0: 1 0x00000000800045b0 (0x5b4575cb) f11 0x7ff8000000000000
core   0: 0x00000000800045b4 (0x8b878197) auipc   gp, 0x8b878
core   0: 1 0x00000000800045b4 (0x8b878197) x3  0x000000000b87c5b4
core   0: 0x00000000800045b8 (0x03a636b3) mulhu   a3, a2, s10
core   0: 1 0x00000000800045b8 (0x03a636b3) x13 0x0000000000000000
core   0: 0x00000000800045bc (0x01f09a1b) slliw   s4, ra, 31
core   0: 1 0x00000000800045bc (0x01f09a1b) x20 0x0000000000000000
core   0: 0x00000000800045c0 (0xc21a78d3) fcvt.wu.d a7, fs4
core   0: 1 0x00000000800045c0 (0xc21a78d3) c1_fflags 0x0000000000000010 x17 0xffffffffffffffff
core   0: 0x00000000800045c4 (0x0193d3bb) srlw    t2, t2, s9
core   0: 1 0x00000000800045c4 (0x0193d3bb) x7  0x0000000000000000
core   0: 0x00000000800045c8 (0x02d256bb) divuw   a3, tp, a3
core   0: 1 0x00000000800045c8 (0x02d256bb) x13 0xffffffffffffffff
core   0: 0x00000000800045cc (0x13b97153) fmul.d  ft2, fs2, fs11
core   0: 1 0x00000000800045cc (0x13b97153) f2  0x7ff8000000000000
core   0: 0x00000000800045d0 (0xd711dc37) lui     s8, 0xd711d
core   0: 1 0x00000000800045d0 (0xd711dc37) x24 0xffffffffd711d000
core   0: 0x00000000800045d4 (0xd20c0253) fcvt.d.w ft4, s8
core   0: 1 0x00000000800045d4 (0xd20c0253) f4  0xc1c4771800000000
core   0: 0x00000000800045d8 (0x000bd01b) srliw   zero, s7, 0
core   0: 1 0x00000000800045d8 (0x000bd01b)
core   0: 0x00000000800045dc (0x40107053) fcvt.s.d ft0, ft0
core   0: 1 0x00000000800045dc (0x40107053) c1_fflags 0x0000000000000011 f0  0xffffffffb0800044
core   0: 0x00000000800045e0 (0x40fc07bb) subw    a5, s8, a5
core   0: 1 0x00000000800045e0 (0x40fc07bb) x15 0x0000000057118b24
core   0: 0x00000000800045e4 (0x1207f1d3) fmul.d  ft3, fa5, ft0
core   0: 1 0x00000000800045e4 (0x1207f1d3) f3  0x7ff8000000000000
core   0: 0x00000000800045e8 (0x40fc5bbb) sraw    s7, s8, a5
core   0: 1 0x00000000800045e8 (0x40fc5bbb) x23 0xfffffffffd711d00
core   0: 0x00000000800045ec (0x011dc8b3) xor     a7, s11, a7
core   0: 1 0x00000000800045ec (0x011dc8b3) x17 0xfffffffffcff6fff
core   0: 0x00000000800045f0 (0x02db36b3) mulhu   a3, s6, a3
core   0: 1 0x00000000800045f0 (0x02db36b3) x13 0x0000000000000000
core   0: 0x00000000800045f4 (0x0ff0000f) fence   iorw,iorw
core   0: 1 0x00000000800045f4 (0x0ff0000f)
core   0: 0x00000000800045f8 (0x011cb0b3) sltu    ra, s9, a7
core   0: 1 0x00000000800045f8 (0x011cb0b3) x1  0x0000000000000000
core   0: 0x00000000800045fc (0x00d88a3b) addw    s4, a7, a3
core   0: 1 0x00000000800045fc (0x00d88a3b) x20 0xfffffffffcff6fff
core   0: 0x0000000080004600 (0x105a2af3) csrrs   s5, stvec, s4
core   0: 1 0x0000000080004600 (0x105a2af3) x21 0x0000000000000000 c261_stvec 0xfffffffffcff6ffd
core   0: 0x0000000080004604 (0x000add3b) srlw    s10, s5, zero
core   0: 1 0x0000000080004604 (0x000add3b) x26 0x0000000000000000
core   0: 0x0000000080004608 (0x22348f53) fsgnj.d ft10, fs1, ft3
core   0: 1 0x0000000080004608 (0x22348f53) f30 0x7fffffffffffffff
core   0: 0x000000008000460c (0x33497a4f) fnmadd.d fs4, fs2, fs4, ft6
core   0: 1 0x000000008000460c (0x33497a4f) f20 0x7ff8000000000000
core   0: 0x0000000080004610 (0x0ff0000f) fence   iorw,iorw
core   0: 1 0x0000000080004610 (0x0ff0000f)
core   0: 0x0000000080004614 (0xd22d7d53) fcvt.d.l fs10, s10
core   0: 1 0x0000000080004614 (0xd22d7d53) f26 0x0000000000000000
core   0: 0x0000000080004618 (0x401b7153) fcvt.s.d ft2, fs6
core   0: 1 0x0000000080004618 (0x401b7153) f2  0xffffffff7fc00000
core   0: 0x000000008000461c (0x420d8853) fcvt.d.s fa6, fs11
core   0: 1 0x000000008000461c (0x420d8853) f16 0x7ff8000000000000
core   0: 0x0000000080004620 (0x233e8553) fsgnj.d fa0, ft9, fs3
core   0: 1 0x0000000080004620 (0x233e8553) f10 0xfff8000000000000
core   0: 0x0000000080004624 (0x01c49e33) sll     t3, s1, t3
core   0: 1 0x0000000080004624 (0x01c49e33) x28 0x0000000000000000
core   0: 0x0000000080004628 (0xc03efed3) fcvt.lu.s t4, ft9
core   0: 1 0x0000000080004628 (0xc03efed3) c1_fflags 0x0000000000000011 x29 0xffffffffffffffff
core   0: 0x000000008000462c (0x000cd093) srli    ra, s9, 0
core   0: 1 0x000000008000462c (0x000cd093) x1  0xffffffffffffffff
core   0: 0x0000000080004630 (0x04a008b7) lui     a7, 0x4a00
core   0: 1 0x0000000080004630 (0x04a008b7) x17 0x0000000004a00000
core   0: 0x0000000080004634 (0xb698889b) addiw   a7, a7, -1175
core   0: 1 0x0000000080004634 (0xb698889b) x17 0x00000000049ffb69
core   0: 0x0000000080004638 (0x000008b2) c.slli  a7, 12
core   0: 1 0x0000000080004638 (0x08b2) x17 0x00000049ffb69000
core   0: 0x000000008000463a (0xe3888893) addi    a7, a7, -456
core   0: 1 0x000000008000463a (0xe3888893) x17 0x00000049ffb68e38
core   0: 0x000000008000463e (0x038c27b3) mulhsu  a5, s8, s8
core   0: 1 0x000000008000463e (0x038c27b3) x15 0xffffffffd711d000
core   0: 0x0000000080004642 (0xc21ef053) fcvt.wu.d zero, ft9
core   0: 1 0x0000000080004642 (0xc21ef053) c1_fflags 0x0000000000000011
core   0: 0x0000000080004646 (0x420b5b13) srai    s6, s6, 32
core   0: 1 0x0000000080004646 (0x420b5b13) x22 0x0000000000000000
core   0: 0x000000008000464a (0xd20e0b53) fcvt.d.w fs6, t3
core   0: 1 0x000000008000464a (0xd20e0b53) f22 0x0000000000000000
core   0: 0x000000008000464e (0x41d00eb3) sub     t4, zero, t4
core   0: 1 0x000000008000464e (0x41d00eb3) x29 0x0000000000000001
core   0: 0x0000000080004652 (0x40f20233) sub     tp, tp, a5
core   0: 1 0x0000000080004652 (0x40f20233) x4  0x0000000028ee3800
core   0: 0x0000000080004656 (0xa37e8c53) fle.d   s8, ft9, fs7
core   0: 1 0x0000000080004656 (0xa37e8c53) c1_fflags 0x0000000000000011 x24 0x0000000000000000
core   0: 0x000000008000465a (0xa2328653) fle.d   a2, ft5, ft3
core   0: 1 0x000000008000465a (0xa2328653) c1_fflags 0x0000000000000011 x12 0x0000000000000000
core   0: 0x000000008000465e (0x00211873) csrrw   a6, frm, sp
core   0: 1 0x000000008000465e (0x00211873) x16 0x0000000000000000 c2_frm 0x0000000000000000
core   0: 0x0000000080004662 (0x0000187d) c.addi  a6, -1
core   0: 1 0x0000000080004662 (0x187d) x16 0xffffffffffffffff
core   0: 0x0000000080004664 (0xbba1734b) fnmsub.d ft6, ft2, fs10, fs7
core   0: 1 0x0000000080004664 (0xbba1734b) f6  0x7ff8000000000000
core   0: 0x0000000080004668 (0x03fed213) srli    tp, t4, 63
core   0: 1 0x0000000080004668 (0x03fed213) x4  0x0000000000000000
core   0: 0x000000008000466c (0xbb2bf14f) fnmadd.d ft2, fs7, fs2, fs7
core   0: 1 0x000000008000466c (0xbb2bf14f) f2  0x7ff8000000000000
core   0: 0x0000000080004670 (0x0009999b) slliw   s3, s3, 0
core   0: 1 0x0000000080004670 (0x0009999b) x19 0x0000000000000000
core   0: 0x0000000080004674 (0x40b684bb) subw    s1, a3, a1
core   0: 1 0x0000000080004674 (0x40b684bb) x9  0x000000007fffc324
core   0: 0x0000000080004678 (0xc0217b53) fcvt.l.s s6, ft2
core   0: 1 0x0000000080004678 (0xc0217b53) c1_fflags 0x0000000000000011 x22 0x7fffffffffffffff
core   0: 0x000000008000467c (0x038b01bb) mulw    gp, s6, s8
core   0: 1 0x000000008000467c (0x038b01bb) x3  0x0000000000000000
core   0: 0x0000000080004680 (0x4001d01b) sraiw   zero, gp, 0
core   0: 1 0x0000000080004680 (0x4001d01b)
core   0: 0x0000000080004684 (0x00102373) csrrs   t1, fflags, zero
core   0: 1 0x0000000080004684 (0x00102373) x6  0x0000000000000011
core   0: 0x0000000080004688 (0x41588abb) subw    s5, a7, s5
core   0: 1 0x0000000080004688 (0x41588abb) x21 0xffffffffffb68e38
core   0: 0x000000008000468c (0x0006d733) srl     a4, a3, zero
core   0: 1 0x000000008000468c (0x0006d733) x14 0x0000000000000000
core   0: 0x0000000080004690 (0x00000001) c.nop
core   0: 1 0x0000000080004690 (0x0001)
core   0: 0x0000000080004692 (0xe2028cd3) fmv.x.d s9, ft5
core   0: 1 0x0000000080004692 (0xe2028cd3) x25 0x7ff8000000000000
core   0: 0x0000000080004696 (0xfffc861b) addiw   a2, s9, -1
core   0: 1 0x0000000080004696 (0xfffc861b) x12 0xffffffffffffffff
core   0: 0x000000008000469a (0x00149373) csrrw   t1, fflags, s1
core   0: 1 0x000000008000469a (0x00149373) x6  0x0000000000000011 c1_fflags 0x0000000000000004
core   0: 0x000000008000469e (0x4163511b) sraiw   sp, t1, 22
core   0: 1 0x000000008000469e (0x4163511b) x2  0x0000000000000000
core   0: 0x00000000800046a2 (0x0197f533) and     a0, a5, s9
core   0: 1 0x00000000800046a2 (0x0197f533) x10 0x7ff8000000000000
core   0: 0x00000000800046a6 (0x80068713) addi    a4, a3, -2048
core   0: 1 0x00000000800046a6 (0x80068713) x14 0xfffffffffffff800
core   0: 0x00000000800046aa (0x0112a333) slt     t1, t0, a7
core   0: 1 0x00000000800046aa (0x0112a333) x6  0x0000000000000001
core   0: 0x00000000800046ae (0x00c39cbb) sllw    s9, t2, a2
core   0: 1 0x00000000800046ae (0x00c39cbb) x25 0x0000000000000000
core   0: 0x00000000800046b2 (0x02ae8733) mul     a4, t4, a0
core   0: 1 0x00000000800046b2 (0x02ae8733) x14 0x7ff8000000000000
core   0: 0x00000000800046b6 (0xe22174cb) fnmsub.d fs1, ft2, ft2, ft8
core   0: 1 0x00000000800046b6 (0xe22174cb) f9  0x7ff8000000000000
core   0: 0x00000000800046ba (0xd2307cd3) fcvt.d.lu fs9, zero
core   0: 1 0x00000000800046ba (0xd2307cd3) f25 0x0000000000000000
core   0: 0x00000000800046be (0x8006fe13) andi    t3, a3, -2048
core   0: 1 0x00000000800046be (0x8006fe13) x28 0x0000000000000000
core   0: 0x00000000800046c2 (0x03226433) rem     s0, tp, s2
core   0: 1 0x00000000800046c2 (0x03226433) x8  0x0000000000000000
core   0: 0x00000000800046c6 (0xb2c2f8c7) fmsub.d fa7, ft5, fa2, fs6
core   0: 1 0x00000000800046c6 (0xb2c2f8c7) f17 0x7ff8000000000000
core   0: 0x00000000800046ca (0x0123cb33) xor     s6, t2, s2
core   0: 1 0x00000000800046ca (0x0123cb33) x22 0xffffffffffffffff
core   0: 0x00000000800046ce (0x03b4413b) divw    sp, s0, s11
core   0: 1 0x00000000800046ce (0x03b4413b) x2  0x0000000000000000
core   0: 0x00000000800046d2 (0x2210f0cf) fnmadd.d ft1, ft1, ft1, ft4
core   0: 1 0x00000000800046d2 (0x2210f0cf) f1  0x41c47717fe000000
core   0: 0x00000000800046d6 (0x40498c3b) subw    s8, s3, tp
core   0: 1 0x00000000800046d6 (0x40498c3b) x24 0x0000000000000000
core   0: 0x00000000800046da (0x0ff0000f) fence   iorw,iorw
core   0: 1 0x00000000800046da (0x0ff0000f)
core   0: 0x00000000800046de (0x037be5bb) remw    a1, s7, s7
core   0: 1 0x00000000800046de (0x037be5bb) x11 0x0000000000000000
core   0: 0x00000000800046e2 (0x12e776d3) fmul.d  fa3, fa4, fa4
core   0: 1 0x00000000800046e2 (0x12e776d3) f13 0x7ff8000000000000
core   0: 0x00000000800046e6 (0x00bd083b) addw    a6, s10, a1
core   0: 1 0x00000000800046e6 (0x00bd083b) x16 0x0000000000000000
core   0: 0x00000000800046ea (0x414181b3) sub     gp, gp, s4
core   0: 1 0x00000000800046ea (0x414181b3) x3  0x0000000003009001
core   0: 0x00000000800046ee (0x03d18cbb) mulw    s9, gp, t4
core   0: 1 0x00000000800046ee (0x03d18cbb) x25 0x0000000003009001
core   0: 0x00000000800046f2 (0xfffce893) ori     a7, s9, -1
core   0: 1 0x00000000800046f2 (0xfffce893) x17 0xffffffffffffffff
core   0: 0x00000000800046f6 (0xc03b7753) fcvt.lu.s a4, fs6
core   0: 1 0x00000000800046f6 (0xc03b7753) c1_fflags 0x0000000000000014 x14 0xffffffffffffffff
core   0: 0x00000000800046fa (0xe20691d3) fclass.d gp, fa3
core   0: 1 0x00000000800046fa (0xe20691d3) x3  0x0000000000000200
core   0: 0x00000000800046fe (0x00181873) csrrw   a6, fflags, a6
core   0: 1 0x00000000800046fe (0x00181873) x16 0x0000000000000014 c1_fflags 0x0000000000000000
core   0: 0x0000000080004702 (0x022f71d3) fadd.d  ft3, ft10, ft2
core   0: 1 0x0000000080004702 (0x022f71d3) f3  0x7ff8000000000000
core   0: 0x0000000080004706 (0x036b753b) remuw   a0, s6, s6
core   0: 1 0x0000000080004706 (0x036b753b) x10 0x0000000000000000
core   0: 0x000000008000470a (0xd21887d3) fcvt.d.wu fa5, a7
core   0: 1 0x000000008000470a (0xd21887d3) f15 0x41efffffffe00000
core   0: 0x000000008000470e (0x019cd833) srl     a6, s9, s9
core   0: 1 0x000000008000470e (0x019cd833) x16 0x0000000001804800
core   0: 0x0000000080004712 (0x0396d63b) divuw   a2, a3, s9
core   0: 1 0x0000000080004712 (0x0396d63b) x12 0x0000000000000000
core   0: 0x0000000080004716 (0x01ca95b3) sll     a1, s5, t3
core   0: 1 0x0000000080004716 (0x01ca95b3) x11 0xffffffffffb68e38
core   0: 0x000000008000471a (0x407bdb1b) sraiw   s6, s7, 7
core   0: 1 0x000000008000471a (0x407bdb1b) x22 0xfffffffffffae23a
core   0: 0x000000008000471e (0x000b5d9b) srliw   s11, s6, 0
core   0: 1 0x000000008000471e (0x000b5d9b) x27 0xfffffffffffae23a
core   0: 0x0000000080004722 (0x000bd89b) srliw   a7, s7, 0
core   0: 1 0x0000000080004722 (0x000bd89b) x17 0xfffffffffd711d00
core   0: 0x0000000080004726 (0x018c6c33) or      s8, s8, s8
core   0: 1 0x0000000080004726 (0x018c6c33) x24 0x0000000000000000
core   0: 0x000000008000472a (0x0161e7b3) or      a5, gp, s6
core   0: 1 0x000000008000472a (0x0161e7b3) x15 0xfffffffffffae23a
core   0: 0x000000008000472e (0x1bbd7753) fdiv.d  fa4, fs10, fs11
core   0: 1 0x000000008000472e (0x1bbd7753) f14 0x0000000000000000
core   0: 0x0000000080004732 (0x0328d533) divu    a0, a7, s2
core   0: 1 0x0000000080004732 (0x0328d533) x10 0x0000000000000000
core   0: 0x0000000080004736 (0xc2177ed3) fcvt.wu.d t4, fa4
core   0: 1 0x0000000080004736 (0xc2177ed3) x29 0x0000000000000000
core   0: 0x000000008000473a (0x03a866bb) remw    a3, a6, s10
core   0: 1 0x000000008000473a (0x03a866bb) x13 0x0000000001804800
core   0: 0x000000008000473e (0xd20a85d3) fcvt.d.w fa1, s5
core   0: 1 0x000000008000473e (0xd20a85d3) f11 0xc1525c7200000000
core   0: 0x0000000080004742 (0xf1383a73) csrrc   s4, mimpid, a6
core   0: exception trap_illegal_instruction, epc 0x0000000080004742
core   0:           tval 0x00000000f1383a73
core   0: >>>>  $xrv64i2p1_m2p0_a2p1_f2p2_d2p2_zicsr2p0_zifencei2p0_zmmul1p0_zba1p0_zbb1p0_zbc1p0_zbs1p0
core   0: 0x0000000080004000 (0x0080006f) j       pc + 0x8
core   0: 3 0x0000000080004000 (0x0080006f)
core   0: >>>>  mmode_exception_handler
core   0: 0x0000000080004008 (0x00002c17) auipc   s8, 0x2
core   0: 3 0x0000000080004008 (0x00002c17) x24 0x0000000080006008
core   0: 0x000000008000400c (0x00ac0c13) addi    s8, s8, 10
core   0: 3 0x000000008000400c (0x00ac0c13) x24 0x0000000080006012
core   0: 0x0000000080004010 (0x000c00e7) jalr    s8
core   0: 3 0x0000000080004010 (0x000c00e7) x1  0x0000000080004014
core   0: >>>>  any_handler
core   0: 0x0000000080006012 (0x341027f3) csrrs   a5, mepc, zero
core   0: 3 0x0000000080006012 (0x341027f3) x15 0x0000000080004742
core   0: 0x0000000080006016 (0x34202773) csrrs   a4, mcause, zero
core   0: 3 0x0000000080006016 (0x34202773) x14 0x0000000000000002
core   0: 0x000000008000601a (0x142026f3) csrrs   a3, scause, zero
core   0: 3 0x000000008000601a (0x142026f3) x13 0x0000000000000000
core   0: 0x000000008000601e (0x30402673) csrrs   a2, mie, zero
core   0: 3 0x000000008000601e (0x30402673) x12 0x0000000000000a00
core   0: 0x0000000080006022 (0x344025f3) csrrs   a1, mip, zero
core   0: 3 0x0000000080006022 (0x344025f3) x11 0x0000000000000080
core   0: 0x0000000080006026 (0x343025f3) csrrs   a1, mtval, zero
core   0: 3 0x0000000080006026 (0x343025f3) x11 0x00000000f1383a73
core   0: 0x000000008000602a (0x14302573) csrrs   a0, stval, zero
core   0: 3 0x000000008000602a (0x14302573) x10 0x0000000000000000
core   0: 0x000000008000602e (0xb02024f3) csrrs   s1, minstret, zero
core   0: 3 0x000000008000602e (0xb02024f3) x9  0x0000000000000a2b
core   0: 0x0000000080006032 (0x0000a811) c.j     pc + 20
core   0: 3 0x0000000080006032 (0xa811)
core   0: >>>>  mepc_4
core   0: 0x0000000080006046 (0x00000791) c.addi  a5, 4
core   0: 3 0x0000000080006046 (0x0791) x15 0x0000000080004746
core   0: 0x0000000080006048 (0x34179073) csrrw   zero, mepc, a5
core   0: 3 0x0000000080006048 (0x34179073) c833_mepc 0x0000000080004746
core   0: 0x000000008000604c (0x30200073) mret
core   0: 3 0x000000008000604c (0x30200073) c768_mstatus 0x8000000a00106080
core   0: 0x0000000080004746 (0xf20c0ad3) fmv.d.x fs5, s8
core   0: 1 0x0000000080004746 (0xf20c0ad3) f21 0x0000000080006012
core   0: 0x000000008000474a (0x41ad543b) sraw    s0, s10, s10
core   0: 1 0x000000008000474a (0x41ad543b) x8  0x0000000000000000
core   0: 0x000000008000474e (0x0132d29b) srliw   t0, t0, 19
core   0: 1 0x000000008000474e (0x0132d29b) x5  0x0000000000000000
core   0: 0x0000000080004752 (0x03bc7bb3) remu    s7, s8, s11
core   0: 1 0x0000000080004752 (0x03bc7bb3) x23 0x0000000080006012
core   0: 0x0000000080004756 (0x235273cf) fnmadd.d ft7, ft4, fs5, ft4
core   0: 1 0x0000000080004756 (0x235273cf) c1_fflags 0x0000000000000001 f7  0x41c4771800000000
core   0: 0x000000008000475a (0x2b3172cf) fnmadd.d ft5, ft2, fs3, ft5
core   0: 1 0x000000008000475a (0x2b3172cf) f5  0x7ff8000000000000
core   0: 0x000000008000475e (0x41ddde9b) sraiw   t4, s11, 29
core   0: 1 0x000000008000475e (0x41ddde9b) x29 0xffffffffffffffff
core   0: 0x0000000080004762 (0x1b20f0d3) fdiv.d  ft1, ft1, fs2
core   0: 1 0x0000000080004762 (0x1b20f0d3) f1  0x7ff8000000000000
core   0: 0x0000000080004766 (0x0172da1b) srliw   s4, t0, 23
core   0: 1 0x0000000080004766 (0x0172da1b) x20 0x0000000000000000
core   0: 0x000000008000476a (0x0285e9b3) rem     s3, a1, s0
core   0: 1 0x000000008000476a (0x0285e9b3) x19 0x00000000f1383a73
core   0: 0x000000008000476e (0x01bb0433) add     s0, s6, s11
core   0: 1 0x000000008000476e (0x01bb0433) x8  0xfffffffffff5c474
core   0: 0x0000000080004772 (0x03f7db13) srli    s6, a5, 63
core   0: 1 0x0000000080004772 (0x03f7db13) x22 0x0000000000000000
core   0: 0x0000000080004776 (0x41d8dab3) sra     s5, a7, t4
core   0: 1 0x0000000080004776 (0x41d8dab3) x21 0xffffffffffffffff
core   0: 0x000000008000477a (0x0a6974d3) fsub.d  fs1, fs2, ft6
core   0: 1 0x000000008000477a (0x0a6974d3) f9  0x7ff8000000000000
core   0: 0x000000008000477e (0x09898837) lui     a6, 0x9898
core   0: 1 0x000000008000477e (0x09898837) x16 0x0000000009898000
core   0: 0x0000000080004782 (0x10507cf3) csrrci  s9, stvec, 0
core   0: 1 0x0000000080004782 (0x10507cf3) x25 0xfffffffffcff6ffd
core   0: 0x0000000080004786 (0x022e03b7) lui     t2, 0x22e0
core   0: 1 0x0000000080004786 (0x022e03b7) x7  0x00000000022e0000
core   0: 0x000000008000478a (0x1e33839b) addiw   t2, t2, 483
core   0: 1 0x000000008000478a (0x1e33839b) x7  0x00000000022e01e3
core   0: 0x000000008000478e (0x000003b2) c.slli  t2, 12
core   0: 1 0x000000008000478e (0x03b2) x7  0x00000022e01e3000
core   0: 0x0000000080004790 (0x5a838393) addi    t2, t2, 1448
core   0: 1 0x0000000080004790 (0x5a838393) x7  0x00000022e01e35a8
core   0: 0x0000000080004794 (0x035bd6bb) divuw   a3, s7, s5
core   0: 1 0x0000000080004794 (0x035bd6bb) x13 0x0000000000000000
core   0: 0x0000000080004798 (0x0dbc0c97) auipc   s9, 0xdbc0
core   0: 1 0x0000000080004798 (0x0dbc0c97) x25 0x000000008dbc4798
core   0: 0x000000008000479c (0x17010813) addi    a6, sp, 368
core   0: 1 0x000000008000479c (0x17010813) x16 0x0000000000000170
core   0: 0x00000000800047a0 (0x00181d73) csrrw   s10, fflags, a6
core   0: 1 0x00000000800047a0 (0x00181d73) x26 0x0000000000000001 c1_fflags 0x0000000000000010
core   0: 0x00000000800047a4 (0xb021abf3) csrrs   s7, minstret, gp
core   0: exception trap_illegal_instruction, epc 0x00000000800047a4
core   0:           tval 0x00000000b021abf3
core   0: >>>>  $xrv64i2p1_m2p0_a2p1_f2p2_d2p2_zicsr2p0_zifencei2p0_zmmul1p0_zba1p0_zbb1p0_zbc1p0_zbs1p0
core   0: 0x0000000080004000 (0x0080006f) j       pc + 0x8
core   0: 3 0x0000000080004000 (0x0080006f)
core   0: >>>>  mmode_exception_handler
core   0: 0x0000000080004008 (0x00002c17) auipc   s8, 0x2
core   0: 3 0x0000000080004008 (0x00002c17) x24 0x0000000080006008
core   0: 0x000000008000400c (0x00ac0c13) addi    s8, s8, 10
core   0: 3 0x000000008000400c (0x00ac0c13) x24 0x0000000080006012
core   0: 0x0000000080004010 (0x000c00e7) jalr    s8
core   0: 3 0x0000000080004010 (0x000c00e7) x1  0x0000000080004014
core   0: >>>>  any_handler
core   0: 0x0000000080006012 (0x341027f3) csrrs   a5, mepc, zero
core   0: 3 0x0000000080006012 (0x341027f3) x15 0x00000000800047a4
core   0: 0x0000000080006016 (0x34202773) csrrs   a4, mcause, zero
core   0: 3 0x0000000080006016 (0x34202773) x14 0x0000000000000002
core   0: 0x000000008000601a (0x142026f3) csrrs   a3, scause, zero
core   0: 3 0x000000008000601a (0x142026f3) x13 0x0000000000000000
core   0: 0x000000008000601e (0x30402673) csrrs   a2, mie, zero
core   0: 3 0x000000008000601e (0x30402673) x12 0x0000000000000a00
core   0: 0x0000000080006022 (0x344025f3) csrrs   a1, mip, zero
core   0: 3 0x0000000080006022 (0x344025f3) x11 0x0000000000000080
core   0: 0x0000000080006026 (0x343025f3) csrrs   a1, mtval, zero
core   0: 3 0x0000000080006026 (0x343025f3) x11 0x00000000b021abf3
core   0: 0x000000008000602a (0x14302573) csrrs   a0, stval, zero
core   0: 3 0x000000008000602a (0x14302573) x10 0x0000000000000000
core   0: 0x000000008000602e (0xb02024f3) csrrs   s1, minstret, zero
core   0: 3 0x000000008000602e (0xb02024f3) x9  0x0000000000000a53
core   0: 0x0000000080006032 (0x0000a811) c.j     pc + 20
core   0: 3 0x0000000080006032 (0xa811)
core   0: >>>>  mepc_4
core   0: 0x0000000080006046 (0x00000791) c.addi  a5, 4
core   0: 3 0x0000000080006046 (0x0791) x15 0x00000000800047a8
core   0: 0x0000000080006048 (0x34179073) csrrw   zero, mepc, a5
core   0: 3 0x0000000080006048 (0x34179073) c833_mepc 0x00000000800047a8
core   0: 0x000000008000604c (0x30200073) mret
core   0: 3 0x000000008000604c (0x30200073) c768_mstatus 0x8000000a00106080
core   0: 0x00000000800047a8 (0x01c66433) or      s0, a2, t3
core   0: 1 0x00000000800047a8 (0x01c66433) x8  0x0000000000000a00
core   0: 0x00000000800047ac (0x225e8ed3) fsgnj.d ft9, ft9, ft5
core   0: 1 0x00000000800047ac (0x225e8ed3) f29 0x7ff8000000000000
core   0: 0x00000000800047b0 (0x03c961bb) remw    gp, s2, t3
core   0: 1 0x00000000800047b0 (0x03c961bb) x3  0xffffffffffffffff
core   0: 0x00000000800047b4 (0x0087981b) slliw   a6, a5, 8
core   0: 1 0x00000000800047b4 (0x0087981b) x16 0x000000000047a800
core   0: 0x00000000800047b8 (0xa3be8c53) fle.d   s8, ft9, fs11
core   0: 1 0x00000000800047b8 (0xa3be8c53) c1_fflags 0x0000000000000010 x24 0x0000000000000000
core   0: 0x00000000800047bc (0x2bdf88d3) fmin.d  fa7, ft11, ft9
core   0: 1 0x00000000800047bc (0x2bdf88d3) f17 0xc1dfffef14800000
core   0: 0x00000000800047c0 (0x018b5e3b) srlw    t3, s6, s8
core   0: 1 0x00000000800047c0 (0x018b5e3b) x28 0x0000000000000000
core   0: 0x00000000800047c4 (0xc23ffc53) fcvt.lu.d s8, ft11
core   0: 1 0x00000000800047c4 (0xc23ffc53) c1_fflags 0x0000000000000010 x24 0x0000000000000000
core   0: 0x00000000800047c8 (0x9238ffc3) fmadd.d ft11, fa7, ft3, fs2
core   0: 1 0x00000000800047c8 (0x9238ffc3) f31 0x7ff8000000000000
core   0: 0x00000000800047cc (0x0ff0000f) fence   iorw,iorw
core   0: 1 0x00000000800047cc (0x0ff0000f)
core   0: 0x00000000800047d0 (0xc038fa53) fcvt.lu.s s4, fa7
core   0: 1 0x00000000800047d0 (0xc038fa53) c1_fflags 0x0000000000000010 x20 0xffffffffffffffff
core   0: 0x00000000800047d4 (0x5a0ff3d3) fsqrt.d ft7, ft11
core   0: 1 0x00000000800047d4 (0x5a0ff3d3) f7  0x7ff8000000000000
core   0: 0x00000000800047d8 (0x000097a6) c.add   a5, s1
core   0: 1 0x00000000800047d8 (0x97a6) x15 0x00000000800051fb
core   0: 0x00000000800047da (0x220f9ad3) fsgnjn.d fs5, ft11, ft0
core   0: 1 0x00000000800047da (0x220f9ad3) f21 0x7ff8000000000000
core   0: 0x00000000800047de (0x0103f833) and     a6, t2, a6
core   0: 1 0x00000000800047de (0x0103f833) x16 0x0000000000062000
core   0: 0x00000000800047e2 (0x434ad713) srai    a4, s5, 52
core   0: 1 0x00000000800047e2 (0x434ad713) x14 0xffffffffffffffff
core   0: 0x00000000800047e6 (0x5a02f553) fsqrt.d fa0, ft5
core   0: 1 0x00000000800047e6 (0x5a02f553) f10 0x7ff8000000000000
core   0: 0x00000000800047ea (0x2aa50fd3) fmin.d  ft11, fa0, fa0
core   0: 1 0x00000000800047ea (0x2aa50fd3) f31 0x7ff8000000000000
core   0: 0x00000000800047ee (0xd2158ad3) fcvt.d.wu fs5, a1
core   0: 1 0x00000000800047ee (0xd2158ad3) f21 0x41e604357e600000
core   0: 0x00000000800047f2 (0x00000001) c.nop
core   0: 1 0x00000000800047f2 (0x0001)
core   0: 0x00000000800047f4 (0x00009651) c.srai  a2, 52
core   0: 1 0x00000000800047f4 (0x9651) x12 0x0000000000000000
core   0: 0x00000000800047f6 (0x4043523b) sraw    tp, t1, tp
core   0: 1 0x00000000800047f6 (0x4043523b) x4  0x0000000000000001
core   0: 0x00000000800047fa (0x7ff70b93) addi    s7, a4, 2047
core   0: 1 0x00000000800047fa (0x7ff70b93) x23 0x00000000000007fe
core   0: 0x00000000800047fe (0xf20e0e53) fmv.d.x ft8, t3
core   0: 1 0x00000000800047fe (0xf20e0e53) f28 0x0000000000000000
core   0: 0x0000000080004802 (0x420a8553) fcvt.d.s fa0, fs5
core   0: 1 0x0000000080004802 (0x420a8553) f10 0x7ff8000000000000
core   0: 0x0000000080004806 (0x40ed0cb3) sub     s9, s10, a4
core   0: 1 0x0000000080004806 (0x40ed0cb3) x25 0x0000000000000002
core   0: 0x000000008000480a (0x420a0ad3) fcvt.d.s fs5, fs4
core   0: 1 0x000000008000480a (0x420a0ad3) f21 0x7ff8000000000000
core   0: 0x000000008000480e (0xc21bf7d3) fcvt.wu.d a5, fs7
core   0: 1 0x000000008000480e (0xc21bf7d3) c1_fflags 0x0000000000000010 x15 0xffffffffffffffff
core   0: 0x0000000080004812 (0x4164d93b) sraw    s2, s1, s6
core   0: 1 0x0000000080004812 (0x4164d93b) x18 0x0000000000000a53
core   0: 0x0000000080004816 (0x401dde93) srai    t4, s11, 1
core   0: 1 0x0000000080004816 (0x401dde93) x29 0xfffffffffffd711d
core   0: 0x000000008000481a (0x007ed133) srl     sp, t4, t2
core   0: 1 0x000000008000481a (0x007ed133) x2  0x0000000000ffffff
core   0: 0x000000008000481e (0x135271d3) fmul.d  ft3, ft4, fs5
core   0: 1 0x000000008000481e (0x135271d3) f3  0x7ff8000000000000
core   0: 0x0000000080004822 (0xd2207cd3) fcvt.d.l fs9, zero
core   0: 1 0x0000000080004822 (0xd2207cd3) f25 0x0000000000000000
core   0: 0x0000000080004826 (0x01be6a33) or      s4, t3, s11
core   0: 1 0x0000000080004826 (0x01be6a33) x20 0xfffffffffffae23a
core   0: 0x000000008000482a (0xca2ec293) xori    t0, t4, -862
core   0: 1 0x000000008000482a (0xca2ec293) x5  0x0000000000028dbf
core   0: 0x000000008000482e (0xc02177d3) fcvt.l.s a5, ft2
core   0: 1 0x000000008000482e (0xc02177d3) c1_fflags 0x0000000000000010 x15 0x7fffffffffffffff
core   0: 0x0000000080004832 (0x4084d313) srai    t1, s1, 8
core   0: 1 0x0000000080004832 (0x4084d313) x6  0x000000000000000a
core   0: 0x0000000080004836 (0xd227f9d3) fcvt.d.l fs3, a5
core   0: 1 0x0000000080004836 (0xd227f9d3) c1_fflags 0x0000000000000011 f19 0x43e0000000000000
core   0: 0x000000008000483a (0xcb3d72c3) fmadd.d ft5, fs10, fs3, fs9
core   0: 1 0x000000008000483a (0xcb3d72c3) f5  0x0000000000000000
core   0: 0x000000008000483e (0x001023f3) csrrs   t2, fflags, zero
core   0: 1 0x000000008000483e (0x001023f3) x7  0x0000000000000011
core   0: 0x0000000080004842 (0x2a328153) fmin.d  ft2, ft5, ft3
core   0: 1 0x0000000080004842 (0x2a328153) f2  0x0000000000000000
core   0: 0x0000000080004846 (0xc02179d3) fcvt.l.s s3, ft2
core   0: 1 0x0000000080004846 (0xc02179d3) c1_fflags 0x0000000000000011 x19 0x7fffffffffffffff
core   0: 0x000000008000484a (0x03131033) mulh    zero, t1, a7
core   0: 1 0x000000008000484a (0x03131033)
core   0: 0x000000008000484e (0x02f0523b) divuw   tp, zero, a5
core   0: 1 0x000000008000484e (0x02f0523b) x4  0x0000000000000000
core   0: 0x0000000080004852 (0x0a33f3cf) fnmadd.d ft7, ft7, ft3, ft1
core   0: 1 0x0000000080004852 (0x0a33f3cf) f7  0x7ff8000000000000
core   0: 0x0000000080004856 (0x2b3c0553) fmin.d  fa0, fs8, fs3
core   0: 1 0x0000000080004856 (0x2b3c0553) f10 0x43e0000000000000
core   0: 0x000000008000485a (0x00e2053b) addw    a0, tp, a4
core   0: 1 0x000000008000485a (0x00e2053b) x10 0xffffffffffffffff
core   0: 0x000000008000485e (0x23f682d3) fsgnj.d ft5, fa3, ft11
core   0: 1 0x000000008000485e (0x23f682d3) f5  0x7ff8000000000000
core   0: 0x0000000080004862 (0x1abdf953) fdiv.d  fs2, fs11, fa1
core   0: 1 0x0000000080004862 (0x1abdf953) c1_fflags 0x0000000000000011 f18 0xbeda24677a54b9f8
core   0: 0x0000000080004866 (0x03557c33) remu    s8, a0, s5
core   0: 1 0x0000000080004866 (0x03557c33) x24 0x0000000000000000
core   0: 0x000000008000486a (0x038ac0b3) div     ra, s5, s8
core   0: 1 0x000000008000486a (0x038ac0b3) x1  0xffffffffffffffff
core   0: 0x000000008000486e (0xc21b75d3) fcvt.wu.d a1, fs6
core   0: 1 0x000000008000486e (0xc21b75d3) x11 0x0000000000000000
core   0: 0x0000000080004872 (0x00b5ebb3) or      s7, a1, a1
core   0: 1 0x0000000080004872 (0x00b5ebb3) x23 0x0000000000000000
core   0: 0x0000000080004876 (0x03697653) fadd.d  fa2, fs2, fs6
core   0: 1 0x0000000080004876 (0x03697653) f12 0xbeda24677a54b9f8
core   0: 0x000000008000487a (0x7ff5e213) ori     tp, a1, 2047
core   0: 1 0x000000008000487a (0x7ff5e213) x4  0x00000000000007ff
core   0: 0x000000008000487e (0x02bae5b3) rem     a1, s5, a1
core   0: 1 0x000000008000487e (0x02bae5b3) x11 0xffffffffffffffff
core   0: 0x0000000080004882 (0x5a0df553) fsqrt.d fa0, fs11
core   0: 1 0x0000000080004882 (0x5a0df553) c1_fflags 0x0000000000000011 f10 0x4015e8add236a58f
core   0: 0x0000000080004886 (0x036ebeb3) mulhu   t4, t4, s6
core   0: 1 0x0000000080004886 (0x036ebeb3) x29 0x0000000000000000
core   0: 0x000000008000488a (0xc22b73d3) fcvt.l.d t2, fs6
core   0: 1 0x000000008000488a (0xc22b73d3) x7  0x0000000000000000
core   0: 0x000000008000488e (0x6341f893) andi    a7, gp, 1588
core   0: 1 0x000000008000488e (0x6341f893) x17 0x0000000000000634
core   0: 0x0000000080004892 (0x417bd23b) sraw    tp, s7, s7
core   0: 1 0x0000000080004892 (0x417bd23b) x4  0x0000000000000000
core   0: 0x0000000080004896 (0xc02671d3) fcvt.l.s gp, fa2
core   0: 1 0x0000000080004896 (0xc02671d3) c1_fflags 0x0000000000000011 x3  0x7fffffffffffffff
core   0: 0x000000008000489a (0x1bdc71c3) fmadd.d ft3, fs8, ft9, ft3
core   0: 1 0x000000008000489a (0x1bdc71c3) f3  0x7ff8000000000000
core   0: 0x000000008000489e (0x00edd313) srli    t1, s11, 14
core   0: 1 0x000000008000489e (0x00edd313) x6  0x0003ffffffffffeb
core   0: 0x00000000800048a2 (0x017dd51b) srliw   a0, s11, 23
core   0: 1 0x00000000800048a2 (0x017dd51b) x10 0x00000000000001ff
core   0: 0x00000000800048a6 (0x8a1678cf) fnmadd.d fa7, fa2, ft1, fa7
core   0: 1 0x00000000800048a6 (0x8a1678cf) f17 0x7ff8000000000000
core   0: 0x00000000800048aa (0x800e4e13) xori    t3, t3, -2048
core   0: 1 0x00000000800048aa (0x800e4e13) x28 0xfffffffffffff800
core   0: 0x00000000800048ae (0xcb47f7cf) fnmadd.d fa5, fa5, fs4, fs9
core   0: 1 0x00000000800048ae (0xcb47f7cf) f15 0x7ff8000000000000
core   0: 0x00000000800048b2 (0x7a1bf0cf) fnmadd.d ft1, fs7, ft1, fa5
core   0: 1 0x00000000800048b2 (0x7a1bf0cf) f1  0x7ff8000000000000
core   0: 0x00000000800048b6 (0x00159273) csrrw   tp, fflags, a1
core   0: 1 0x00000000800048b6 (0x00159273) x4  0x0000000000000011 c1_fflags 0x000000000000001f
core   0: 0x00000000800048ba (0x00557533) and     a0, a0, t0
core   0: 1 0x00000000800048ba (0x00557533) x10 0x00000000000001bf
core   0: 0x00000000800048be (0x41278233) sub     tp, a5, s2
core   0: 1 0x00000000800048be (0x41278233) x4  0x7ffffffffffff5ac
core   0: 0x00000000800048c2 (0x409204b3) sub     s1, tp, s1
core   0: 1 0x00000000800048c2 (0x409204b3) x9  0x7fffffffffffeb59
core   0: 0x00000000800048c6 (0xd2148353) fcvt.d.wu ft6, s1
core   0: 1 0x00000000800048c6 (0xd2148353) f6  0x41effffd6b200000
core   0: 0x00000000800048ca (0xd2148953) fcvt.d.wu fs2, s1
core   0: 1 0x00000000800048ca (0xd2148953) f18 0x41effffd6b200000
core   0: 0x00000000800048ce (0x00000001) c.nop
core   0: 1 0x00000000800048ce (0x0001)
core   0: 0x00000000800048d0 (0x413883bb) subw    t2, a7, s3
core   0: 1 0x00000000800048d0 (0x413883bb) x7  0x0000000000000635
core   0: 0x00000000800048d4 (0x00000001) c.nop
core   0: 1 0x00000000800048d4 (0x0001)
core   0: 0x00000000800048d6 (0xc227fb53) fcvt.l.d s6, fa5
core   0: 1 0x00000000800048d6 (0xc227fb53) c1_fflags 0x000000000000001f x22 0x7fffffffffffffff
core   0: 0x00000000800048da (0x42030e53) fcvt.d.s ft8, ft6
core   0: 1 0x00000000800048da (0x42030e53) f28 0x7ff8000000000000
core   0: 0x00000000800048de (0x41fbd41b) sraiw   s0, s7, 31
core   0: 1 0x00000000800048de (0x41fbd41b) x8  0x0000000000000000
core   0: 0x00000000800048e2 (0x00008981) c.andi  a1, 0
core   0: 1 0x00000000800048e2 (0x8981) x11 0x0000000000000000
core   0: 0x00000000800048e4 (0xc22378d3) fcvt.l.d a7, ft6
core   0: 1 0x00000000800048e4 (0xc22378d3) x17 0x00000000ffffeb59
core   0: 0x00000000800048e8 (0x7ff8fd93) andi    s11, a7, 2047
core   0: 1 0x00000000800048e8 (0x7ff8fd93) x27 0x0000000000000359
core   0: 0x00000000800048ec (0x03be3e33) mulhu   t3, t3, s11
core   0: 1 0x00000000800048ec (0x03be3e33) x28 0x0000000000000358
core   0: 0x00000000800048f0 (0x40a15133) sra     sp, sp, a0
core   0: 1 0x00000000800048f0 (0x40a15133) x2  0x0000000000000000
core   0: 0x00000000800048f4 (0x009cd2bb) srlw    t0, s9, s1
core   0: 1 0x00000000800048f4 (0x009cd2bb) x5  0x0000000000000000
core   0: 0x00000000800048f8 (0x0303d833) divu    a6, t2, a6
core   0: 1 0x00000000800048f8 (0x0303d833) x16 0x0000000000000000
core   0: 0x00000000800048fc (0x0242c8b3) div     a7, t0, tp
core   0: 1 0x00000000800048fc (0x0242c8b3) x17 0x0000000000000000
core   0: 0x0000000080004900 (0x12e4f153) fmul.d  ft2, fs1, fa4
core   0: 1 0x0000000080004900 (0x12e4f153) f2  0x7ff8000000000000
core   0: 0x0000000080004904 (0x2251acd3) fsgnjx.d fs9, ft3, ft5
core   0: 1 0x0000000080004904 (0x2251acd3) f25 0x7ff8000000000000
core   0: 0x0000000080004908 (0x03056233) rem     tp, a0, a6
core   0: 1 0x0000000080004908 (0x03056233) x4  0x00000000000001bf
core   0: 0x000000008000490c (0x2bb09253) fmax.d  ft4, ft1, fs11
core   0: 1 0x000000008000490c (0x2bb09253) f4  0x403e000000000000
core   0: 0x0000000080004910 (0x41d9d3b3) sra     t2, s3, t4
core   0: 1 0x0000000080004910 (0x41d9d3b3) x7  0x7fffffffffffffff
core   0: 0x0000000080004914 (0x41d2063b) subw    a2, tp, t4
core   0: 1 0x0000000080004914 (0x41d2063b) x12 0x00000000000001bf
core   0: 0x0000000080004918 (0xf145b873) csrrc   a6, mhartid, a1
core   0: exception trap_illegal_instruction, epc 0x0000000080004918
core   0:           tval 0x00000000f145b873
core   0: >>>>  $xrv64i2p1_m2p0_a2p1_f2p2_d2p2_zicsr2p0_zifencei2p0_zmmul1p0_zba1p0_zbb1p0_zbc1p0_zbs1p0
core   0: 0x0000000080004000 (0x0080006f) j       pc + 0x8
core   0: 3 0x0000000080004000 (0x0080006f)
core   0: >>>>  mmode_exception_handler
core   0: 0x0000000080004008 (0x00002c17) auipc   s8, 0x2
core   0: 3 0x0000000080004008 (0x00002c17) x24 0x0000000080006008
core   0: 0x000000008000400c (0x00ac0c13) addi    s8, s8, 10
core   0: 3 0x000000008000400c (0x00ac0c13) x24 0x0000000080006012
core   0: 0x0000000080004010 (0x000c00e7) jalr    s8
core   0: 3 0x0000000080004010 (0x000c00e7) x1  0x0000000080004014
core   0: >>>>  any_handler
core   0: 0x0000000080006012 (0x341027f3) csrrs   a5, mepc, zero
core   0: 3 0x0000000080006012 (0x341027f3) x15 0x0000000080004918
core   0: 0x0000000080006016 (0x34202773) csrrs   a4, mcause, zero
core   0: 3 0x0000000080006016 (0x34202773) x14 0x0000000000000002
core   0: 0x000000008000601a (0x142026f3) csrrs   a3, scause, zero
core   0: 3 0x000000008000601a (0x142026f3) x13 0x0000000000000000
core   0: 0x000000008000601e (0x30402673) csrrs   a2, mie, zero
core   0: 3 0x000000008000601e (0x30402673) x12 0x0000000000000a00
core   0: 0x0000000080006022 (0x344025f3) csrrs   a1, mip, zero
core   0: 3 0x0000000080006022 (0x344025f3) x11 0x0000000000000080
core   0: 0x0000000080006026 (0x343025f3) csrrs   a1, mtval, zero
core   0: 3 0x0000000080006026 (0x343025f3) x11 0x00000000f145b873
core   0: 0x000000008000602a (0x14302573) csrrs   a0, stval, zero
core   0: 3 0x000000008000602a (0x14302573) x10 0x0000000000000000
core   0: 0x000000008000602e (0xb02024f3) csrrs   s1, minstret, zero
core   0: 3 0x000000008000602e (0xb02024f3) x9  0x0000000000000ac2
core   0: 0x0000000080006032 (0x0000a811) c.j     pc + 20
core   0: 3 0x0000000080006032 (0xa811)
core   0: >>>>  mepc_4
core   0: 0x0000000080006046 (0x00000791) c.addi  a5, 4
core   0: 3 0x0000000080006046 (0x0791) x15 0x000000008000491c
core   0: 0x0000000080006048 (0x34179073) csrrw   zero, mepc, a5
core   0: 3 0x0000000080006048 (0x34179073) c833_mepc 0x000000008000491c
core   0: 0x000000008000604c (0x30200073) mret
core   0: 3 0x000000008000604c (0x30200073) c768_mstatus 0x8000000a00106080
core   0: 0x000000008000491c (0x235d80d3) fsgnj.d ft1, fs11, fs5
core   0: 1 0x000000008000491c (0x235d80d3) f1  0x403e000000000000
core   0: 0x0000000080004920 (0x7ff60713) addi    a4, a2, 2047
core   0: 1 0x0000000080004920 (0x7ff60713) x14 0x00000000000011ff
core   0: 0x0000000080004924 (0x01338db3) add     s11, t2, s3
core   0: 1 0x0000000080004924 (0x01338db3) x27 0xfffffffffffffffe
core   0: 0x0000000080004928 (0xc22c79d3) fcvt.l.d s3, fs8
core   0: 1 0x0000000080004928 (0xc22c79d3) c1_fflags 0x000000000000001f x19 0x7fffffffffffffff
core   0: 0x000000008000492c (0x40157253) fcvt.s.d ft4, fa0
core   0: 1 0x000000008000492c (0x40157253) c1_fflags 0x000000000000001f f4  0xffffffff40af456f
core   0: 0x0000000080004930 (0x3999f313) andi    t1, s3, 921
core   0: 1 0x0000000080004930 (0x3999f313) x6  0x0000000000000399
core   0: 0x0000000080004934 (0x0007551b) srliw   a0, a4, 0
core   0: 1 0x0000000080004934 (0x0007551b) x10 0x00000000000011ff
core   0: 0x0000000080004938 (0x001022f3) csrrs   t0, fflags, zero
core   0: 1 0x0000000080004938 (0x001022f3) x5  0x000000000000001f
core   0: 0x000000008000493c (0x2294a353) fsgnjx.d ft6, fs1, fs1
core   0: 1 0x000000008000493c (0x2294a353) f6  0x7ff8000000000000
core   0: 0x0000000080004940 (0x036b3433) mulhu   s0, s6, s6
core   0: 1 0x0000000080004940 (0x036b3433) x8  0x3fffffffffffffff
core   0: 0x0000000080004944 (0xd386089b) addiw   a7, a2, -712
core   0: 1 0x0000000080004944 (0xd386089b) x17 0x0000000000000738
core   0: 0x0000000080004948 (0x0025553b) srlw    a0, a0, sp
core   0: 1 0x0000000080004948 (0x0025553b) x10 0x00000000000011ff
core   0: 0x000000008000494c (0x23689053) fsgnjn.d ft0, fa7, fs6
core   0: 1 0x000000008000494c (0x23689053) f0  0xfff8000000000000
core   0: 0x0000000080004950 (0xfb4636b7) lui     a3, 0xfb463
core   0: 1 0x0000000080004950 (0xfb4636b7) x13 0xfffffffffb463000
core   0: 0x0000000080004954 (0xd256869b) addiw   a3, a3, -731
core   0: 1 0x0000000080004954 (0xd256869b) x13 0xfffffffffb462d25
core   0: 0x0000000080004958 (0x000006b2) c.slli  a3, 12
core   0: 1 0x0000000080004958 (0x06b2) x13 0xffffffb462d25000
core   0: 0x000000008000495a (0x25068693) addi    a3, a3, 592
core   0: 1 0x000000008000495a (0x25068693) x13 0xffffffb462d25250
core   0: 0x000000008000495e (0x41d5d59b) sraiw   a1, a1, 29
core   0: 1 0x000000008000495e (0x41d5d59b) x11 0xffffffffffffffff
core   0: 0x0000000080004962 (0x711b74b7) lui     s1, 0x711b7
core   0: 1 0x0000000080004962 (0x711b74b7) x9  0x00000000711b7000
core   0: 0x0000000080004966 (0x03d97eb3) remu    t4, s2, t4
core   0: 1 0x0000000080004966 (0x03d97eb3) x29 0x0000000000000a53
core   0: 0x000000008000496a (0x03fdd413) srli    s0, s11, 63
core   0: 1 0x000000008000496a (0x03fdd413) x8  0x0000000000000001
core   0: 0x000000008000496e (0xc02bfc53) fcvt.l.s s8, fs7
core   0: 1 0x000000008000496e (0xc02bfc53) x24 0x0000000000000000
core   0: 0x0000000080004972 (0x247bf913) andi    s2, s7, 583
core   0: 1 0x0000000080004972 (0x247bf913) x18 0x0000000000000000
core   0: 0x0000000080004976 (0x41f3d993) srai    s3, t2, 31
core   0: 1 0x0000000080004976 (0x41f3d993) x19 0x00000000ffffffff
core   0: 0x000000008000497a (0x8aec7147) fmsub.d ft2, fs8, fa4, fa7
core   0: 1 0x000000008000497a (0x8aec7147) f2  0x7ff8000000000000
core   0: 0x000000008000497e (0xd239ff53) fcvt.d.lu ft10, s3
core   0: 1 0x000000008000497e (0xd239ff53) f30 0x41efffffffe00000
core   0: 0x0000000080004982 (0xd144e613) ori     a2, s1, -748
core   0: 1 0x0000000080004982 (0xd144e613) x12 0xfffffffffffffd14
core   0: 0x0000000080004986 (0x77bc8337) lui     t1, 0x77bc8
core   0: 1 0x0000000080004986 (0x77bc8337) x6  0x0000000077bc8000
core   0: 0x000000008000498a (0xbb7e73c3) fmadd.d ft7, ft8, fs7, fs7
core   0: 1 0x000000008000498a (0xbb7e73c3) f7  0x7ff8000000000000
core   0: 0x000000008000498e (0x00c1991b) slliw   s2, gp, 12
core   0: 1 0x000000008000498e (0x00c1991b) x18 0xfffffffffffff000
core   0: 0x0000000080004992 (0xc21ffb53) fcvt.wu.d s6, ft11
core   0: 1 0x0000000080004992 (0xc21ffb53) c1_fflags 0x000000000000001f x22 0xffffffffffffffff
core   0: 0x0000000080004996 (0x4084543b) sraw    s0, s0, s0
core   0: 1 0x0000000080004996 (0x4084543b) x8  0x0000000000000000
core   0: 0x000000008000499a (0x40075d93) srai    s11, a4, 0
core   0: 1 0x000000008000499a (0x40075d93) x27 0x00000000000011ff
core   0: 0x000000008000499e (0x0089d43b) srlw    s0, s3, s0
core   0: 1 0x000000008000499e (0x0089d43b) x8  0xffffffffffffffff
core   0: 0x00000000800049a2 (0x9729cb13) xori    s6, s3, -1678
core   0: 1 0x00000000800049a2 (0x9729cb13) x22 0xffffffff0000068d
core   0: 0x00000000800049a6 (0x0ff0000f) fence   iorw,iorw
core   0: 1 0x00000000800049a6 (0x0ff0000f)
core   0: 0x00000000800049aa (0x00738633) add     a2, t2, t2
core   0: 1 0x00000000800049aa (0x00738633) x12 0xfffffffffffffffe
core   0: 0x00000000800049ae (0xd02779d3) fcvt.s.l fs3, a4
core   0: 1 0x00000000800049ae (0xd02779d3) f19 0xffffffff458ff800
core   0: 0x00000000800049b2 (0x0a5afcd3) fsub.d  fs9, fs5, ft5
core   0: 1 0x00000000800049b2 (0x0a5afcd3) f25 0x7ff8000000000000
core   0: 0x00000000800049b6 (0x0003d893) srli    a7, t2, 0
core   0: 1 0x00000000800049b6 (0x0003d893) x17 0x7fffffffffffffff
core   0: 0x00000000800049ba (0x01fbd09b) srliw   ra, s7, 31
core   0: 1 0x00000000800049ba (0x01fbd09b) x1  0x0000000000000000
core   0: 0x00000000800049be (0x00009393) slli    t2, ra, 0
core   0: 1 0x00000000800049be (0x00009393) x7  0x0000000000000000
core   0: 0x00000000800049c2 (0x0b35f7d3) fsub.d  fa5, fa1, fs3
core   0: 1 0x00000000800049c2 (0x0b35f7d3) f15 0x7ff8000000000000
core   0: 0x00000000800049c6 (0x02a768bb) remw    a7, a4, a0
core   0: 1 0x00000000800049c6 (0x02a768bb) x17 0x0000000000000000
core   0: 0x00000000800049ca (0x40688b3b) subw    s6, a7, t1
core   0: 1 0x00000000800049ca (0x40688b3b) x22 0xffffffff88438000
core   0: 0x00000000800049ce (0xd2377fd3) fcvt.d.lu ft11, a4
core   0: 1 0x00000000800049ce (0xd2377fd3) f31 0x40b1ff0000000000
core   0: 0x00000000800049d2 (0x0ff0000f) fence   iorw,iorw
core   0: 1 0x00000000800049d2 (0x0ff0000f)
core   0: 0x00000000800049d6 (0x40a5dd13) srai    s10, a1, 10
core   0: 1 0x00000000800049d6 (0x40a5dd13) x26 0xffffffffffffffff
core   0: 0x00000000800049da (0x01a67633) and     a2, a2, s10
core   0: 1 0x00000000800049da (0x01a67633) x12 0xfffffffffffffffe
core   0: 0x00000000800049de (0xc21ff4d3) fcvt.wu.d s1, ft11
core   0: 1 0x00000000800049de (0xc21ff4d3) x9  0x00000000000011ff
core   0: 0x00000000800049e2 (0x5a0cf753) fsqrt.d fa4, fs9
core   0: 1 0x00000000800049e2 (0x5a0cf753) f14 0x7ff8000000000000
core   0: 0x00000000800049e6 (0xf1173af3) csrrc   s5, mvendorid, a4
core   0: exception trap_illegal_instruction, epc 0x00000000800049e6
core   0:           tval 0x00000000f1173af3
core   0: >>>>  $xrv64i2p1_m2p0_a2p1_f2p2_d2p2_zicsr2p0_zifencei2p0_zmmul1p0_zba1p0_zbb1p0_zbc1p0_zbs1p0
core   0: 0x0000000080004000 (0x0080006f) j       pc + 0x8
core   0: 3 0x0000000080004000 (0x0080006f)
core   0: >>>>  mmode_exception_handler
core   0: 0x0000000080004008 (0x00002c17) auipc   s8, 0x2
core   0: 3 0x0000000080004008 (0x00002c17) x24 0x0000000080006008
core   0: 0x000000008000400c (0x00ac0c13) addi    s8, s8, 10
core   0: 3 0x000000008000400c (0x00ac0c13) x24 0x0000000080006012
core   0: 0x0000000080004010 (0x000c00e7) jalr    s8
core   0: 3 0x0000000080004010 (0x000c00e7) x1  0x0000000080004014
core   0: >>>>  any_handler
core   0: 0x0000000080006012 (0x341027f3) csrrs   a5, mepc, zero
core   0: 3 0x0000000080006012 (0x341027f3) x15 0x00000000800049e6
core   0: 0x0000000080006016 (0x34202773) csrrs   a4, mcause, zero
core   0: 3 0x0000000080006016 (0x34202773) x14 0x0000000000000002
core   0: 0x000000008000601a (0x142026f3) csrrs   a3, scause, zero
core   0: 3 0x000000008000601a (0x142026f3) x13 0x0000000000000000
core   0: 0x000000008000601e (0x30402673) csrrs   a2, mie, zero
core   0: 3 0x000000008000601e (0x30402673) x12 0x0000000000000a00
core   0: 0x0000000080006022 (0x344025f3) csrrs   a1, mip, zero
core   0: 3 0x0000000080006022 (0x344025f3) x11 0x0000000000000080
core   0: 0x0000000080006026 (0x343025f3) csrrs   a1, mtval, zero
core   0: 3 0x0000000080006026 (0x343025f3) x11 0x00000000f1173af3
core   0: 0x000000008000602a (0x14302573) csrrs   a0, stval, zero
core   0: 3 0x000000008000602a (0x14302573) x10 0x0000000000000000
core   0: 0x000000008000602e (0xb02024f3) csrrs   s1, minstret, zero
core   0: 3 0x000000008000602e (0xb02024f3) x9  0x0000000000000b05
core   0: 0x0000000080006032 (0x0000a811) c.j     pc + 20
core   0: 3 0x0000000080006032 (0xa811)
core   0: >>>>  mepc_4
core   0: 0x0000000080006046 (0x00000791) c.addi  a5, 4
core   0: 3 0x0000000080006046 (0x0791) x15 0x00000000800049ea
core   0: 0x0000000080006048 (0x34179073) csrrw   zero, mepc, a5
core   0: 3 0x0000000080006048 (0x34179073) c833_mepc 0x00000000800049ea
core   0: 0x000000008000604c (0x30200073) mret
core   0: 3 0x000000008000604c (0x30200073) c768_mstatus 0x8000000a00106080
core   0: 0x00000000800049ea (0x5a01f1d3) fsqrt.d ft3, ft3
core   0: 1 0x00000000800049ea (0x5a01f1d3) f3  0x7ff8000000000000
core   0: 0x00000000800049ee (0xc02b7553) fcvt.l.s a0, fs6
core   0: 1 0x00000000800049ee (0xc02b7553) c1_fflags 0x000000000000001f x10 0x7fffffffffffffff
core   0: 0x00000000800049f2 (0x88274713) xori    a4, a4, -1918
core   0: 1 0x00000000800049f2 (0x88274713) x14 0xfffffffffffff880
core   0: 0x00000000800049f6 (0x00e292bb) sllw    t0, t0, a4
core   0: 1 0x00000000800049f6 (0x00e292bb) x5  0x000000000000001f
core   0: 0x00000000800049fa (0x40e45813) srai    a6, s0, 14
core   0: 1 0x00000000800049fa (0x40e45813) x16 0xffffffffffffffff
core   0: 0x00000000800049fe (0x5a0ff8d3) fsqrt.d fa7, ft11
core   0: 1 0x00000000800049fe (0x5a0ff8d3) c1_fflags 0x000000000000001f f17 0x4050f7fe1d3ad3bb
core   0: 0x0000000080004a02 (0xcab477cf) fnmadd.d fa5, fs0, fa1, fs9
core   0: 1 0x0000000080004a02 (0xcab477cf) f15 0x7ff8000000000000
core   0: 0x0000000080004a06 (0x409dd51b) sraiw   a0, s11, 9
core   0: 1 0x0000000080004a06 (0x409dd51b) x10 0x0000000000000008
core   0: 0x0000000080004a0a (0xd2010ed3) fcvt.d.w ft9, sp
core   0: 1 0x0000000080004a0a (0xd2010ed3) f29 0x0000000000000000
core   0: 0x0000000080004a0e (0x031178b3) remu    a7, sp, a7
core   0: 1 0x0000000080004a0e (0x031178b3) x17 0x0000000000000000
core   0: 0x0000000080004a12 (0x022875b3) remu    a1, a6, sp
core   0: 1 0x0000000080004a12 (0x022875b3) x11 0xffffffffffffffff
core   0: 0x0000000080004a16 (0xc2077dd3) fcvt.w.d s11, fa4
core   0: 1 0x0000000080004a16 (0xc2077dd3) c1_fflags 0x000000000000001f x27 0x000000007fffffff
core   0: 0x0000000080004a1a (0xea6ef643) fmadd.d fa2, ft9, ft6, ft9
core   0: 1 0x0000000080004a1a (0xea6ef643) f12 0x7ff8000000000000
core   0: 0x0000000080004a1e (0x00e282bb) addw    t0, t0, a4
core   0: 1 0x0000000080004a1e (0x00e282bb) x5  0xfffffffffffff89f
core   0: 0x0000000080004a22 (0x420a8453) fcvt.d.s fs0, fs5
core   0: 1 0x0000000080004a22 (0x420a8453) f8  0x7ff8000000000000
core   0: 0x0000000080004a26 (0x005de1b3) or      gp, s11, t0
core   0: 1 0x0000000080004a26 (0x005de1b3) x3  0xffffffffffffffff
core   0: 0x0000000080004a2a (0x8257f94f) fnmadd.d fs2, fa5, ft5, fa6
core   0: 1 0x0000000080004a2a (0x8257f94f) f18 0x7ff8000000000000
core   0: 0x0000000080004a2e (0x5a097ad3) fsqrt.d fs5, fs2
core   0: 1 0x0000000080004a2e (0x5a097ad3) f21 0x7ff8000000000000
core   0: 0x0000000080004a32 (0x00b28b33) add     s6, t0, a1
core   0: 1 0x0000000080004a32 (0x00b28b33) x22 0xfffffffffffff89e
core   0: 0x0000000080004a36 (0xa145e093) ori     ra, a1, -1516
core   0: 1 0x0000000080004a36 (0xa145e093) x1  0xffffffffffffffff
core   0: 0x0000000080004a3a (0x0087161b) slliw   a2, a4, 8
core   0: 1 0x0000000080004a3a (0x0087161b) x12 0xfffffffffff88000
core   0: 0x0000000080004a3e (0xc03afe53) fcvt.lu.s t3, fs5
core   0: 1 0x0000000080004a3e (0xc03afe53) c1_fflags 0x000000000000001f x28 0xffffffffffffffff
core   0: 0x0000000080004a42 (0x03b563b3) rem     t2, a0, s11
core   0: 1 0x0000000080004a42 (0x03b563b3) x7  0x0000000000000008
core   0: 0x0000000080004a46 (0x00000001) c.nop
core   0: 1 0x0000000080004a46 (0x0001)
core   0: 0x0000000080004a48 (0xfff3e213) ori     tp, t2, -1
core   0: 1 0x0000000080004a48 (0xfff3e213) x4  0xffffffffffffffff
core   0: 0x0000000080004a4c (0x403204bb) subw    s1, tp, gp
core   0: 1 0x0000000080004a4c (0x403204bb) x9  0x0000000000000000
core   0: 0x0000000080004a50 (0x7ff4ed13) ori     s10, s1, 2047
core   0: 1 0x0000000080004a50 (0x7ff4ed13) x26 0x00000000000007ff
core   0: 0x0000000080004a54 (0x00202ef3) csrrs   t4, frm, zero
core   0: 1 0x0000000080004a54 (0x00202ef3) x29 0x0000000000000000
core   0: 0x0000000080004a58 (0xf20e0553) fmv.d.x fa0, t3
core   0: 1 0x0000000080004a58 (0xf20e0553) f10 0xffffffffffffffff
core   0: 0x0000000080004a5c (0xbdfdd437) lui     s0, 0xbdfdd
core   0: 1 0x0000000080004a5c (0xbdfdd437) x8  0xffffffffbdfdd000
core   0: 0x0000000080004a60 (0xc022f1d3) fcvt.l.s gp, ft5
core   0: 1 0x0000000080004a60 (0xc022f1d3) c1_fflags 0x000000000000001f x3  0x7fffffffffffffff
core   0: 0x0000000080004a64 (0x0247c7bb) divw    a5, a5, tp
core   0: 1 0x0000000080004a64 (0x0247c7bb) x15 0x000000007fffb616
core   0: 0x0000000080004a68 (0x011e5e9b) srliw   t4, t3, 17
core   0: 1 0x0000000080004a68 (0x011e5e9b) x29 0x0000000000007fff
core   0: 0x0000000080004a6c (0x0107f833) and     a6, a5, a6
core   0: 1 0x0000000080004a6c (0x0107f833) x16 0x000000007fffb616
core   0: 0x0000000080004a70 (0x021488b3) mul     a7, s1, ra
core   0: 1 0x0000000080004a70 (0x021488b3) x17 0x0000000000000000
core   0: 0x0000000080004a74 (0xabbee113) ori     sp, t4, -1349
core   0: 1 0x0000000080004a74 (0xabbee113) x2  0xffffffffffffffff
core   0: 0x0000000080004a78 (0x5a047453) fsqrt.d fs0, fs0
core   0: 1 0x0000000080004a78 (0x5a047453) f8  0x7ff8000000000000
core   0: 0x0000000080004a7c (0x00181973) csrrw   s2, fflags, a6
core   0: 1 0x0000000080004a7c (0x00181973) x18 0x000000000000001f c1_fflags 0x0000000000000016
core   0: 0x0000000080004a80 (0x40295a3b) sraw    s4, s2, sp
core   0: 1 0x0000000080004a80 (0x40295a3b) x20 0x0000000000000000
core   0: 0x0000000080004a84 (0x01281e3b) sllw    t3, a6, s2
core   0: 1 0x0000000080004a84 (0x01281e3b) x28 0x0000000000000000
core   0: 0x0000000080004a88 (0x01deaeb3) slt     t4, t4, t4
core   0: 1 0x0000000080004a88 (0x01deaeb3) x29 0x0000000000000000
core   0: 0x0000000080004a8c (0x00000001) c.nop
core   0: 1 0x0000000080004a8c (0x0001)
core   0: 0x0000000080004a8e (0x03d7b9b3) mulhu   s3, a5, t4
core   0: 1 0x0000000080004a8e (0x03d7b9b3) x19 0x0000000000000000
core   0: 0x0000000080004a92 (0x01dac633) xor     a2, s5, t4
core   0: 1 0x0000000080004a92 (0x01dac633) x12 0xffffffffffffffff
core   0: 0x0000000080004a96 (0x40ea803b) subw    zero, s5, a4
core   0: 1 0x0000000080004a96 (0x40ea803b)
core   0: 0x0000000080004a9a (0x00c5151b) slliw   a0, a0, 12
core   0: 1 0x0000000080004a9a (0x00c5151b) x10 0x0000000000008000
core   0: 0x0000000080004a9e (0x402e5733) sra     a4, t3, sp
core   0: 1 0x0000000080004a9e (0x402e5733) x14 0x0000000000000000
core   0: 0x0000000080004aa2 (0xd20e0253) fcvt.d.w ft4, t3
core   0: 1 0x0000000080004aa2 (0xd20e0253) f4  0x0000000000000000
core   0: 0x0000000080004aa6 (0xc2227653) fcvt.l.d a2, ft4
core   0: 1 0x0000000080004aa6 (0xc2227653) x12 0x0000000000000000
core   0: 0x0000000080004aaa (0x5a087ad3) fsqrt.d fs5, fa6
core   0: 1 0x0000000080004aaa (0x5a087ad3) f21 0x7ff8000000000000
core   0: 0x0000000080004aae (0x418c0133) sub     sp, s8, s8
core   0: 1 0x0000000080004aae (0x418c0133) x2  0x0000000000000000
core   0: 0x0000000080004ab2 (0x7ffd6193) ori     gp, s10, 2047
core   0: 1 0x0000000080004ab2 (0x7ffd6193) x3  0x00000000000007ff
core   0: 0x0000000080004ab6 (0xc8fb2c37) lui     s8, 0xc8fb2
core   0: 1 0x0000000080004ab6 (0xc8fb2c37) x24 0xffffffffc8fb2000
core   0: 0x0000000080004aba (0x0063d193) srli    gp, t2, 6
core   0: 1 0x0000000080004aba (0x0063d193) x3  0x0000000000000000
core   0: 0x0000000080004abe (0x0000963e) c.add   a2, a5
core   0: 1 0x0000000080004abe (0x963e) x12 0x000000007fffb616
core   0: 0x0000000080004ac0 (0x061afc17) auipc   s8, 0x61af
core   0: 1 0x0000000080004ac0 (0x061afc17) x24 0x00000000861b3ac0
core   0: 0x0000000080004ac4 (0x03c63e33) mulhu   t3, a2, t3
core   0: 1 0x0000000080004ac4 (0x03c63e33) x28 0x0000000000000000
core   0: 0x0000000080004ac8 (0x02c1cdbb) divw    s11, gp, a2
core   0: 1 0x0000000080004ac8 (0x02c1cdbb) x27 0x0000000000000000
core   0: 0x0000000080004acc (0x5a0f7653) fsqrt.d fa2, ft10
core   0: 1 0x0000000080004acc (0x5a0f7653) c1_fflags 0x0000000000000017 f12 0x40effffffff00000
core   0: 0x0000000080004ad0 (0x1b6970d3) fdiv.d  ft1, fs2, fs6
core   0: 1 0x0000000080004ad0 (0x1b6970d3) f1  0x7ff8000000000000
core   0: 0x0000000080004ad4 (0x43fad393) srai    t2, s5, 63
core   0: 1 0x0000000080004ad4 (0x43fad393) x7  0xffffffffffffffff
core   0: 0x0000000080004ad8 (0x340fe973) csrrsi  s2, mscratch, 31
core   0: exception trap_illegal_instruction, epc 0x0000000080004ad8
core   0:           tval 0x00000000340fe973
core   0: >>>>  $xrv64i2p1_m2p0_a2p1_f2p2_d2p2_zicsr2p0_zifencei2p0_zmmul1p0_zba1p0_zbb1p0_zbc1p0_zbs1p0
core   0: 0x0000000080004000 (0x0080006f) j       pc + 0x8
core   0: 3 0x0000000080004000 (0x0080006f)
core   0: >>>>  mmode_exception_handler
core   0: 0x0000000080004008 (0x00002c17) auipc   s8, 0x2
core   0: 3 0x0000000080004008 (0x00002c17) x24 0x0000000080006008
core   0: 0x000000008000400c (0x00ac0c13) addi    s8, s8, 10
core   0: 3 0x000000008000400c (0x00ac0c13) x24 0x0000000080006012
core   0: 0x0000000080004010 (0x000c00e7) jalr    s8
core   0: 3 0x0000000080004010 (0x000c00e7) x1  0x0000000080004014
core   0: >>>>  any_handler
core   0: 0x0000000080006012 (0x341027f3) csrrs   a5, mepc, zero
core   0: 3 0x0000000080006012 (0x341027f3) x15 0x0000000080004ad8
core   0: 0x0000000080006016 (0x34202773) csrrs   a4, mcause, zero
core   0: 3 0x0000000080006016 (0x34202773) x14 0x0000000000000002
core   0: 0x000000008000601a (0x142026f3) csrrs   a3, scause, zero
core   0: 3 0x000000008000601a (0x142026f3) x13 0x0000000000000000
core   0: 0x000000008000601e (0x30402673) csrrs   a2, mie, zero
core   0: 3 0x000000008000601e (0x30402673) x12 0x0000000000000a00
core   0: 0x0000000080006022 (0x344025f3) csrrs   a1, mip, zero
core   0: 3 0x0000000080006022 (0x344025f3) x11 0x0000000000000080
core   0: 0x0000000080006026 (0x343025f3) csrrs   a1, mtval, zero
core   0: 3 0x0000000080006026 (0x343025f3) x11 0x00000000340fe973
core   0: 0x000000008000602a (0x14302573) csrrs   a0, stval, zero
core   0: 3 0x000000008000602a (0x14302573) x10 0x0000000000000000
core   0: 0x000000008000602e (0xb02024f3) csrrs   s1, minstret, zero
core   0: 3 0x000000008000602e (0xb02024f3) x9  0x0000000000000b52
core   0: 0x0000000080006032 (0x0000a811) c.j     pc + 20
core   0: 3 0x0000000080006032 (0xa811)
core   0: >>>>  mepc_4
core   0: 0x0000000080006046 (0x00000791) c.addi  a5, 4
core   0: 3 0x0000000080006046 (0x0791) x15 0x0000000080004adc
core   0: 0x0000000080006048 (0x34179073) csrrw   zero, mepc, a5
core   0: 3 0x0000000080006048 (0x34179073) c833_mepc 0x0000000080004adc
core   0: 0x000000008000604c (0x30200073) mret
core   0: 3 0x000000008000604c (0x30200073) c768_mstatus 0x8000000a00106080
core   0: 0x0000000080004adc (0x005b12b3) sll     t0, s6, t0
core   0: 1 0x0000000080004adc (0x005b12b3) x5  0xfffffc4f00000000
core   0: 0x0000000080004ae0 (0x014108bb) addw    a7, sp, s4
core   0: 1 0x0000000080004ae0 (0x014108bb) x17 0x0000000000000000
core   0: 0x0000000080004ae4 (0x0018c0b3) xor     ra, a7, ra
core   0: 1 0x0000000080004ae4 (0x0018c0b3) x1  0x0000000080004014
core   0: 0x0000000080004ae8 (0x0174ab33) slt     s6, s1, s7
core   0: 1 0x0000000080004ae8 (0x0174ab33) x22 0x0000000000000000
core   0: 0x0000000080004aec (0x0af97953) fsub.d  fs2, fs2, fa5
core   0: 1 0x0000000080004aec (0x0af97953) f18 0x7ff8000000000000
core   0: 0x0000000080004af0 (0x00000001) c.nop
core   0: 1 0x0000000080004af0 (0x0001)
core   0: 0x0000000080004af2 (0x01055393) srli    t2, a0, 16
core   0: 1 0x0000000080004af2 (0x01055393) x7  0x0000000000000000
core   0: 0x0000000080004af6 (0xfff3861b) addiw   a2, t2, -1
core   0: 1 0x0000000080004af6 (0xfff3861b) x12 0xffffffffffffffff
core   0: 0x0000000080004afa (0x039258b3) divu    a7, tp, s9
core   0: 1 0x0000000080004afa (0x039258b3) x17 0x7fffffffffffffff
core   0: 0x0000000080004afe (0x0aae7153) fsub.d  ft2, ft8, fa0
core   0: 1 0x0000000080004afe (0x0aae7153) f2  0x7ff8000000000000
core   0: 0x0000000080004b02 (0x01b6c433) xor     s0, a3, s11
core   0: 1 0x0000000080004b02 (0x01b6c433) x8  0x0000000000000000
core   0: 0x0000000080004b06 (0x306230f3) csrrc   ra, mcounteren, tp
core   0: exception trap_illegal_instruction, epc 0x0000000080004b06
core   0:           tval 0x00000000306230f3
core   0: >>>>  $xrv64i2p1_m2p0_a2p1_f2p2_d2p2_zicsr2p0_zifencei2p0_zmmul1p0_zba1p0_zbb1p0_zbc1p0_zbs1p0
core   0: 0x0000000080004000 (0x0080006f) j       pc + 0x8
core   0: 3 0x0000000080004000 (0x0080006f)
core   0: >>>>  mmode_exception_handler
core   0: 0x0000000080004008 (0x00002c17) auipc   s8, 0x2
core   0: 3 0x0000000080004008 (0x00002c17) x24 0x0000000080006008
core   0: 0x000000008000400c (0x00ac0c13) addi    s8, s8, 10
core   0: 3 0x000000008000400c (0x00ac0c13) x24 0x0000000080006012
core   0: 0x0000000080004010 (0x000c00e7) jalr    s8
core   0: 3 0x0000000080004010 (0x000c00e7) x1  0x0000000080004014
core   0: >>>>  any_handler
core   0: 0x0000000080006012 (0x341027f3) csrrs   a5, mepc, zero
core   0: 3 0x0000000080006012 (0x341027f3) x15 0x0000000080004b06
core   0: 0x0000000080006016 (0x34202773) csrrs   a4, mcause, zero
core   0: 3 0x0000000080006016 (0x34202773) x14 0x0000000000000002
core   0: 0x000000008000601a (0x142026f3) csrrs   a3, scause, zero
core   0: 3 0x000000008000601a (0x142026f3) x13 0x0000000000000000
core   0: 0x000000008000601e (0x30402673) csrrs   a2, mie, zero
core   0: 3 0x000000008000601e (0x30402673) x12 0x0000000000000a00
core   0: 0x0000000080006022 (0x344025f3) csrrs   a1, mip, zero
core   0: 3 0x0000000080006022 (0x344025f3) x11 0x0000000000000080
core   0: 0x0000000080006026 (0x343025f3) csrrs   a1, mtval, zero
core   0: 3 0x0000000080006026 (0x343025f3) x11 0x00000000306230f3
core   0: 0x000000008000602a (0x14302573) csrrs   a0, stval, zero
core   0: 3 0x000000008000602a (0x14302573) x10 0x0000000000000000
core   0: 0x000000008000602e (0xb02024f3) csrrs   s1, minstret, zero
core   0: 3 0x000000008000602e (0xb02024f3) x9  0x0000000000000b6d
core   0: 0x0000000080006032 (0x0000a811) c.j     pc + 20
core   0: 3 0x0000000080006032 (0xa811)
core   0: >>>>  mepc_4
core   0: 0x0000000080006046 (0x00000791) c.addi  a5, 4
core   0: 3 0x0000000080006046 (0x0791) x15 0x0000000080004b0a
core   0: 0x0000000080006048 (0x34179073) csrrw   zero, mepc, a5
core   0: 3 0x0000000080006048 (0x34179073) c833_mepc 0x0000000080004b0a
core   0: 0x000000008000604c (0x30200073) mret
core   0: 3 0x000000008000604c (0x30200073) c768_mstatus 0x8000000a00106080
core   0: 0x0000000080004b0a (0x41f9541b) sraiw   s0, s2, 31
core   0: 1 0x0000000080004b0a (0x41f9541b) x8  0x0000000000000000
core   0: 0x0000000080004b0e (0x00842e33) slt     t3, s0, s0
core   0: 1 0x0000000080004b0e (0x00842e33) x28 0x0000000000000000
core   0: 0x0000000080004b12 (0x03ce883b) mulw    a6, t4, t3
core   0: 1 0x0000000080004b12 (0x03ce883b) x16 0x0000000000000000
core   0: 0x0000000080004b16 (0x01f4521b) srliw   tp, s0, 31
core   0: 1 0x0000000080004b16 (0x01f4521b) x4  0x0000000000000000
core   0: 0x0000000080004b1a (0xc2017b53) fcvt.w.d s6, ft2
core   0: 1 0x0000000080004b1a (0xc2017b53) c1_fflags 0x0000000000000017 x22 0x000000007fffffff
core   0: 0x0000000080004b1e (0x5a0c7b53) fsqrt.d fs6, fs8
core   0: 1 0x0000000080004b1e (0x5a0c7b53) f22 0x7ff8000000000000
core   0: 0x0000000080004b22 (0x01805c33) srl     s8, zero, s8
core   0: 1 0x0000000080004b22 (0x01805c33) x24 0x0000000000000000
core   0: 0x0000000080004b26 (0x00102c73) csrrs   s8, fflags, zero
core   0: 1 0x0000000080004b26 (0x00102c73) x24 0x0000000000000017
core   0: 0x0000000080004b2a (0xa3290c53) fle.d   s8, fs2, fs2
core   0: 1 0x0000000080004b2a (0xa3290c53) c1_fflags 0x0000000000000017 x24 0x0000000000000000
core   0: 0x0000000080004b2e (0xc21170d3) fcvt.wu.d ra, ft2
core   0: 1 0x0000000080004b2e (0xc21170d3) c1_fflags 0x0000000000000017 x1  0xffffffffffffffff
core   0: 0x0000000080004b32 (0x01a8a8b3) slt     a7, a7, s10
core   0: 1 0x0000000080004b32 (0x01a8a8b3) x17 0x0000000000000000
core   0: 0x0000000080004b36 (0xe20c0dd3) fmv.x.d s11, fs8
core   0: 1 0x0000000080004b36 (0xe20c0dd3) x27 0xffffffffdf000000
core   0: 0x0000000080004b3a (0x03c9493b) divw    s2, s2, t3
core   0: 1 0x0000000080004b3a (0x03c9493b) x18 0xffffffffffffffff
core   0: 0x0000000080004b3e (0x00634033) xor     zero, t1, t1
core   0: 1 0x0000000080004b3e (0x00634033)
core   0: 0x0000000080004b42 (0xd2100f53) fcvt.d.wu ft10, zero
core   0: 1 0x0000000080004b42 (0xd2100f53) f30 0x0000000000000000
core   0: 0x0000000080004b46 (0xfd3c6337) lui     t1, 0xfd3c6
core   0: 1 0x0000000080004b46 (0xfd3c6337) x6  0xfffffffffd3c6000
core   0: 0x0000000080004b4a (0x4df3031b) addiw   t1, t1, 1247
core   0: 1 0x0000000080004b4a (0x4df3031b) x6  0xfffffffffd3c64df
core   0: 0x0000000080004b4e (0x00000332) c.slli  t1, 12
core   0: 1 0x0000000080004b4e (0x0332) x6  0xffffffd3c64df000
core   0: 0x0000000080004b50 (0xea830313) addi    t1, t1, -344
core   0: 1 0x0000000080004b50 (0xea830313) x6  0xffffffd3c64deea8
core   0: 0x0000000080004b54 (0x7b0e2673) csrrs   a2, dcsr, t3
core   0: exception trap_illegal_instruction, epc 0x0000000080004b54
core   0:           tval 0x000000007b0e2673
core   0: >>>>  $xrv64i2p1_m2p0_a2p1_f2p2_d2p2_zicsr2p0_zifencei2p0_zmmul1p0_zba1p0_zbb1p0_zbc1p0_zbs1p0
core   0: 0x0000000080004000 (0x0080006f) j       pc + 0x8
core   0: 3 0x0000000080004000 (0x0080006f)
core   0: >>>>  mmode_exception_handler
core   0: 0x0000000080004008 (0x00002c17) auipc   s8, 0x2
core   0: 3 0x0000000080004008 (0x00002c17) x24 0x0000000080006008
core   0: 0x000000008000400c (0x00ac0c13) addi    s8, s8, 10
core   0: 3 0x000000008000400c (0x00ac0c13) x24 0x0000000080006012
core   0: 0x0000000080004010 (0x000c00e7) jalr    s8
core   0: 3 0x0000000080004010 (0x000c00e7) x1  0x0000000080004014
core   0: >>>>  any_handler
core   0: 0x0000000080006012 (0x341027f3) csrrs   a5, mepc, zero
core   0: 3 0x0000000080006012 (0x341027f3) x15 0x0000000080004b54
core   0: 0x0000000080006016 (0x34202773) csrrs   a4, mcause, zero
core   0: 3 0x0000000080006016 (0x34202773) x14 0x0000000000000002
core   0: 0x000000008000601a (0x142026f3) csrrs   a3, scause, zero
core   0: 3 0x000000008000601a (0x142026f3) x13 0x0000000000000000
core   0: 0x000000008000601e (0x30402673) csrrs   a2, mie, zero
core   0: 3 0x000000008000601e (0x30402673) x12 0x0000000000000a00
core   0: 0x0000000080006022 (0x344025f3) csrrs   a1, mip, zero
core   0: 3 0x0000000080006022 (0x344025f3) x11 0x0000000000000080
core   0: 0x0000000080006026 (0x343025f3) csrrs   a1, mtval, zero
core   0: 3 0x0000000080006026 (0x343025f3) x11 0x000000007b0e2673
core   0: 0x000000008000602a (0x14302573) csrrs   a0, stval, zero
core   0: 3 0x000000008000602a (0x14302573) x10 0x0000000000000000
core   0: 0x000000008000602e (0xb02024f3) csrrs   s1, minstret, zero
core   0: 3 0x000000008000602e (0xb02024f3) x9  0x0000000000000b90
core   0: 0x0000000080006032 (0x0000a811) c.j     pc + 20
core   0: 3 0x0000000080006032 (0xa811)
core   0: >>>>  mepc_4
core   0: 0x0000000080006046 (0x00000791) c.addi  a5, 4
core   0: 3 0x0000000080006046 (0x0791) x15 0x0000000080004b58
core   0: 0x0000000080006048 (0x34179073) csrrw   zero, mepc, a5
core   0: 3 0x0000000080006048 (0x34179073) c833_mepc 0x0000000080004b58
core   0: 0x000000008000604c (0x30200073) mret
core   0: 3 0x000000008000604c (0x30200073) c768_mstatus 0x8000000a00106080
core   0: 0x0000000080004b58 (0x75c1f913) andi    s2, gp, 1884
core   0: 1 0x0000000080004b58 (0x75c1f913) x18 0x0000000000000000
core   0: 0x0000000080004b5c (0x019c873b) addw    a4, s9, s9
core   0: 1 0x0000000080004b5c (0x019c873b) x14 0x0000000000000004
core   0: 0x0000000080004b60 (0x02dc8d33) mul     s10, s9, a3
core   0: 1 0x0000000080004b60 (0x02dc8d33) x26 0x0000000000000000
core   0: 0x0000000080004b64 (0x82754413) xori    s0, a0, -2009
core   0: 1 0x0000000080004b64 (0x82754413) x8  0xfffffffffffff827
core   0: 0x0000000080004b68 (0x4d9faa17) auipc   s4, 0x4d9fa
core   0: 1 0x0000000080004b68 (0x4d9faa17) x20 0x00000000cd9feb68
core   0: 0x0000000080004b6c (0x43928c17) auipc   s8, 0x43928
core   0: 1 0x0000000080004b6c (0x43928c17) x24 0x00000000c392cb6c
core   0: 0x0000000080004b70 (0x035e9b33) mulh    s6, t4, s5
core   0: 1 0x0000000080004b70 (0x035e9b33) x22 0x0000000000000000
core   0: 0x0000000080004b74 (0x0153521b) srliw   tp, t1, 21
core   0: 1 0x0000000080004b74 (0x0153521b) x4  0x0000000000000632
core   0: 0x0000000080004b78 (0xc23574d3) fcvt.lu.d s1, fa0
core   0: 1 0x0000000080004b78 (0xc23574d3) c1_fflags 0x0000000000000017 x9  0xffffffffffffffff
core   0: 0x0000000080004b7c (0x23e90ed3) fsgnj.d ft9, fs2, ft10
core   0: 1 0x0000000080004b7c (0x23e90ed3) f29 0x7ff8000000000000
core   0: 0x0000000080004b80 (0x02b249bb) divw    s3, tp, a1
core   0: 1 0x0000000080004b80 (0x02b249bb) x19 0x0000000000000000
core   0: 0x0000000080004b84 (0x5b8e77c7) fmsub.d fa5, ft8, fs8, fa1
core   0: 1 0x0000000080004b84 (0x5b8e77c7) f15 0x7ff8000000000000
core   0: 0x0000000080004b88 (0x8004cc93) xori    s9, s1, -2048
core   0: 1 0x0000000080004b88 (0x8004cc93) x25 0x00000000000007ff
core   0: 0x0000000080004b8c (0x22b7ab53) fsgnjx.d fs6, fa5, fa1
core   0: 1 0x0000000080004b8c (0x22b7ab53) f22 0xfff8000000000000
core   0: 0x0000000080004b90 (0x00000001) c.nop
core   0: 1 0x0000000080004b90 (0x0001)
core   0: 0x0000000080004b92 (0x0ff0000f) fence   iorw,iorw
core   0: 1 0x0000000080004b92 (0x0ff0000f)
core   0: 0x0000000080004b96 (0x002026f3) csrrs   a3, frm, zero
core   0: 1 0x0000000080004b96 (0x002026f3) x13 0x0000000000000000
core   0: 0x0000000080004b9a (0x800a0a1b) addiw   s4, s4, -2048
core   0: 1 0x0000000080004b9a (0x800a0a1b) x20 0xffffffffcd9fe368
core   0: 0x0000000080004b9e (0xc209f853) fcvt.w.d a6, fs3
core   0: 1 0x0000000080004b9e (0xc209f853) c1_fflags 0x0000000000000017 x16 0x000000007fffffff
core   0: 0x0000000080004ba2 (0xd026fad3) fcvt.s.l fs5, a3
core   0: 1 0x0000000080004ba2 (0xd026fad3) f21 0xffffffff00000000
core   0: 0x0000000080004ba6 (0x02f5febb) remuw   t4, a1, a5
core   0: 1 0x0000000080004ba6 (0x02f5febb) x29 0x000000007b0e2673
core   0: 0x0000000080004baa (0x006b4b33) xor     s6, s6, t1
core   0: 1 0x0000000080004baa (0x006b4b33) x22 0xffffffd3c64deea8
core   0: 0x0000000080004bae (0x00119913) slli    s2, gp, 1
core   0: 1 0x0000000080004bae (0x00119913) x18 0x0000000000000000
core   0: 0x0000000080004bb2 (0x412b83b3) sub     t2, s7, s2
core   0: 1 0x0000000080004bb2 (0x412b83b3) x7  0x0000000000000000
core   0: 0x0000000080004bb6 (0x00b01b3b) sllw    s6, zero, a1
core   0: 1 0x0000000080004bb6 (0x00b01b3b) x22 0x0000000000000000
core   0: 0x0000000080004bba (0xd2190353) fcvt.d.wu ft6, s2
core   0: 1 0x0000000080004bba (0xd2190353) f6  0x0000000000000000
core   0: 0x0000000080004bbe (0xc20f77d3) fcvt.w.d a5, ft10
core   0: 1 0x0000000080004bbe (0xc20f77d3) x15 0x0000000000000000
core   0: 0x0000000080004bc2 (0x00fe1e3b) sllw    t3, t3, a5
core   0: 1 0x0000000080004bc2 (0x00fe1e3b) x28 0x0000000000000000
core   0: 0x0000000080004bc6 (0x00f99ebb) sllw    t4, s3, a5
core   0: 1 0x0000000080004bc6 (0x00f99ebb) x29 0x0000000000000000
core   0: 0x0000000080004bca (0x436ed037) lui     zero, 0x436ed
core   0: 1 0x0000000080004bca (0x436ed037)
core   0: 0x0000000080004bce (0xc22f7ed3) fcvt.l.d t4, ft10
core   0: 1 0x0000000080004bce (0xc22f7ed3) x29 0x0000000000000000
core   0: 0x0000000080004bd2 (0x00141ef3) csrrw   t4, fflags, s0
core   0: 1 0x0000000080004bd2 (0x00141ef3) x29 0x0000000000000017 c1_fflags 0x0000000000000007
core   0: 0x0000000080004bd6 (0x00fe563b) srlw    a2, t3, a5
core   0: 1 0x0000000080004bd6 (0x00fe563b) x12 0x0000000000000000
core   0: 0x0000000080004bda (0x40a20ebb) subw    t4, tp, a0
core   0: 1 0x0000000080004bda (0x40a20ebb) x29 0x0000000000000632
core   0: 0x0000000080004bde (0x400e5413) srai    s0, t3, 0
core   0: 1 0x0000000080004bde (0x400e5413) x8  0x0000000000000000
core   0: 0x0000000080004be2 (0x0082f1b3) and     gp, t0, s0
core   0: 1 0x0000000080004be2 (0x0082f1b3) x3  0x0000000000000000
core   0: 0x0000000080004be6 (0x038c5c3b) divuw   s8, s8, s8
core   0: 1 0x0000000080004be6 (0x038c5c3b) x24 0x0000000000000001
core   0: 0x0000000080004bea (0x00f4a933) slt     s2, s1, a5
core   0: 1 0x0000000080004bea (0x00f4a933) x18 0x0000000000000001
core   0: 0x0000000080004bee (0x1267fad3) fmul.d  fs5, fa5, ft6
core   0: 1 0x0000000080004bee (0x1267fad3) f21 0x7ff8000000000000
core   0: 0x0000000080004bf2 (0x420b0cd3) fcvt.d.s fs9, fs6
core   0: 1 0x0000000080004bf2 (0x420b0cd3) f25 0x7ff8000000000000
core   0: 0x0000000080004bf6 (0x01105613) srli    a2, zero, 17
core   0: 1 0x0000000080004bf6 (0x01105613) x12 0x0000000000000000
core   0: 0x0000000080004bfa (0x00085813) srli    a6, a6, 0
core   0: 1 0x0000000080004bfa (0x00085813) x16 0x000000007fffffff
core   0: 0x0000000080004bfe (0x41fad99b) sraiw   s3, s5, 31
core   0: 1 0x0000000080004bfe (0x41fad99b) x19 0xffffffffffffffff
core   0: 0x0000000080004c02 (0xd21e0ed3) fcvt.d.wu ft9, t3
core   0: 1 0x0000000080004c02 (0xd21e0ed3) f29 0x0000000000000000
core   0: 0x0000000080004c06 (0x00318cb3) add     s9, gp, gp
core   0: 1 0x0000000080004c06 (0x00318cb3) x25 0x0000000000000000
core   0: 0x0000000080004c0a (0x014e1133) sll     sp, t3, s4
core   0: 1 0x0000000080004c0a (0x014e1133) x2  0x0000000000000000
core   0: 0x0000000080004c0e (0xd03a7a53) fcvt.s.lu fs4, s4
core   0: 1 0x0000000080004c0e (0xd03a7a53) c1_fflags 0x0000000000000007 f20 0xffffffff5f800000
core   0: 0x0000000080004c12 (0x4148d0bb) sraw    ra, a7, s4
core   0: 1 0x0000000080004c12 (0x4148d0bb) x1  0x0000000000000000
core   0: 0x0000000080004c16 (0x00b11d13) slli    s10, sp, 11
core   0: 1 0x0000000080004c16 (0x00b11d13) x26 0x0000000000000000
core   0: 0x0000000080004c1a (0x49c88db7) lui     s11, 0x49c88
core   0: 1 0x0000000080004c1a (0x49c88db7) x27 0x0000000049c88000
core   0: 0x0000000080004c1e (0x0102d833) srl     a6, t0, a6
core   0: 1 0x0000000080004c1e (0x0102d833) x16 0x0000000000000001
core   0: 0x0000000080004c22 (0x02feff53) fadd.d  ft10, ft9, fa5
core   0: 1 0x0000000080004c22 (0x02feff53) f30 0x7ff8000000000000
core   0: 0x0000000080004c26 (0x00c2d633) srl     a2, t0, a2
core   0: 1 0x0000000080004c26 (0x00c2d633) x12 0xfffffc4f00000000
core   0: 0x0000000080004c2a (0x00127693) andi    a3, tp, 1
core   0: 1 0x0000000080004c2a (0x00127693) x13 0x0000000000000000
core   0: 0x0000000080004c2e (0xc236f453) fcvt.lu.d s0, fa3
core   0: 1 0x0000000080004c2e (0xc236f453) c1_fflags 0x0000000000000017 x8  0xffffffffffffffff
core   0: 0x0000000080004c32 (0x0186063b) addw    a2, a2, s8
core   0: 1 0x0000000080004c32 (0x0186063b) x12 0x0000000000000001
core   0: 0x0000000080004c36 (0x03ade393) ori     t2, s11, 58
core   0: 1 0x0000000080004c36 (0x03ade393) x7  0x0000000049c8803a
core   0: 0x0000000080004c3a (0x1b417853) fdiv.d  fa6, ft2, fs4
core   0: 1 0x0000000080004c3a (0x1b417853) f16 0x7ff8000000000000
core   0: 0x0000000080004c3e (0x00000001) c.nop
core   0: 1 0x0000000080004c3e (0x0001)
core   0: 0x0000000080004c40 (0x92e0f74b) fnmsub.d fa4, ft1, fa4, fs2
core   0: 1 0x0000000080004c40 (0x92e0f74b) f14 0x7ff8000000000000
core   0: 0x0000000080004c44 (0x0210fad3) fadd.d  fs5, ft1, ft1
core   0: 1 0x0000000080004c44 (0x0210fad3) f21 0x7ff8000000000000
core   0: 0x0000000080004c48 (0x025bf2bb) remuw   t0, s7, t0
core   0: 1 0x0000000080004c48 (0x025bf2bb) x5  0x0000000000000000
core   0: 0x0000000080004c4c (0x4052543b) sraw    s0, tp, t0
core   0: 1 0x0000000080004c4c (0x4052543b) x8  0x0000000000000632
core   0: 0x0000000080004c50 (0xc214fd53) fcvt.wu.d s10, fs1
core   0: 1 0x0000000080004c50 (0xc214fd53) c1_fflags 0x0000000000000017 x26 0xffffffffffffffff
core   0: 0x0000000080004c54 (0x00102973) csrrs   s2, fflags, zero
core   0: 1 0x0000000080004c54 (0x00102973) x18 0x0000000000000017
core   0: 0x0000000080004c58 (0x028cf7d3) fadd.d  fa5, fs9, fs0
core   0: 1 0x0000000080004c58 (0x028cf7d3) f15 0x7ff8000000000000
core   0: 0x0000000080004c5c (0x0003d693) srli    a3, t2, 0
core   0: 1 0x0000000080004c5c (0x0003d693) x13 0x0000000049c8803a
core   0: 0x0000000080004c60 (0xf13135f3) csrrc   a1, mimpid, sp
core   0: exception trap_illegal_instruction, epc 0x0000000080004c60
core   0:           tval 0x00000000f13135f3
core   0: >>>>  $xrv64i2p1_m2p0_a2p1_f2p2_d2p2_zicsr2p0_zifencei2p0_zmmul1p0_zba1p0_zbb1p0_zbc1p0_zbs1p0
core   0: 0x0000000080004000 (0x0080006f) j       pc + 0x8
core   0: 3 0x0000000080004000 (0x0080006f)
core   0: >>>>  mmode_exception_handler
core   0: 0x0000000080004008 (0x00002c17) auipc   s8, 0x2
core   0: 3 0x0000000080004008 (0x00002c17) x24 0x0000000080006008
core   0: 0x000000008000400c (0x00ac0c13) addi    s8, s8, 10
core   0: 3 0x000000008000400c (0x00ac0c13) x24 0x0000000080006012
core   0: 0x0000000080004010 (0x000c00e7) jalr    s8
core   0: 3 0x0000000080004010 (0x000c00e7) x1  0x0000000080004014
core   0: >>>>  any_handler
core   0: 0x0000000080006012 (0x341027f3) csrrs   a5, mepc, zero
core   0: 3 0x0000000080006012 (0x341027f3) x15 0x0000000080004c60
core   0: 0x0000000080006016 (0x34202773) csrrs   a4, mcause, zero
core   0: 3 0x0000000080006016 (0x34202773) x14 0x0000000000000002
core   0: 0x000000008000601a (0x142026f3) csrrs   a3, scause, zero
core   0: 3 0x000000008000601a (0x142026f3) x13 0x0000000000000000
core   0: 0x000000008000601e (0x30402673) csrrs   a2, mie, zero
core   0: 3 0x000000008000601e (0x30402673) x12 0x0000000000000a00
core   0: 0x0000000080006022 (0x344025f3) csrrs   a1, mip, zero
core   0: 3 0x0000000080006022 (0x344025f3) x11 0x0000000000000080
core   0: 0x0000000080006026 (0x343025f3) csrrs   a1, mtval, zero
core   0: 3 0x0000000080006026 (0x343025f3) x11 0x00000000f13135f3
core   0: 0x000000008000602a (0x14302573) csrrs   a0, stval, zero
core   0: 3 0x000000008000602a (0x14302573) x10 0x0000000000000000
core   0: 0x000000008000602e (0xb02024f3) csrrs   s1, minstret, zero
core   0: 3 0x000000008000602e (0xb02024f3) x9  0x0000000000000be3
core   0: 0x0000000080006032 (0x0000a811) c.j     pc + 20
core   0: 3 0x0000000080006032 (0xa811)
core   0: >>>>  mepc_4
core   0: 0x0000000080006046 (0x00000791) c.addi  a5, 4
core   0: 3 0x0000000080006046 (0x0791) x15 0x0000000080004c64
core   0: 0x0000000080006048 (0x34179073) csrrw   zero, mepc, a5
core   0: 3 0x0000000080006048 (0x34179073) c833_mepc 0x0000000080004c64
core   0: 0x000000008000604c (0x30200073) mret
core   0: 3 0x000000008000604c (0x30200073) c768_mstatus 0x8000000a00106080
core   0: 0x0000000080004c64 (0x001e5e13) srli    t3, t3, 1
core   0: 1 0x0000000080004c64 (0x001e5e13) x28 0x0000000000000000
core   0: 0x0000000080004c68 (0xd20a82d3) fcvt.d.w ft5, s5
core   0: 1 0x0000000080004c68 (0xd20a82d3) f5  0xbff0000000000000
core   0: 0x0000000080004c6c (0xc20e7d53) fcvt.w.d s10, ft8
core   0: 1 0x0000000080004c6c (0xc20e7d53) c1_fflags 0x0000000000000017 x26 0x000000007fffffff
core   0: 0x0000000080004c70 (0x00202173) csrrs   sp, frm, zero
core   0: 1 0x0000000080004c70 (0x00202173) x2  0x0000000000000000
core   0: 0x0000000080004c74 (0x001024f3) csrrs   s1, fflags, zero
core   0: 1 0x0000000080004c74 (0x001024f3) x9  0x0000000000000017
core   0: 0x0000000080004c78 (0x41630cbb) subw    s9, t1, s6
core   0: 1 0x0000000080004c78 (0x41630cbb) x25 0xffffffffc64deea8
core   0: 0x0000000080004c7c (0xd20303d3) fcvt.d.w ft7, t1
core   0: 1 0x0000000080004c7c (0xd20303d3) f7  0xc1ccd908ac000000
core   0: 0x0000000080004c80 (0x0062d2b3) srl     t0, t0, t1
core   0: 1 0x0000000080004c80 (0x0062d2b3) x5  0x0000000000000000
core   0: 0x0000000080004c84 (0x00237133) and     sp, t1, sp
core   0: 1 0x0000000080004c84 (0x00237133) x2  0x0000000000000000
core   0: 0x0000000080004c88 (0x001393f3) csrrw   t2, fflags, t2
core   0: 1 0x0000000080004c88 (0x001393f3) x7  0x0000000000000017 c1_fflags 0x000000000000001a
core   0: 0x0000000080004c8c (0x00fb1a9b) slliw   s5, s6, 15
core   0: 1 0x0000000080004c8c (0x00fb1a9b) x21 0x0000000000000000
core   0: 0x0000000080004c90 (0xd02d76d3) fcvt.s.l fa3, s10
core   0: 1 0x0000000080004c90 (0xd02d76d3) c1_fflags 0x000000000000001b f13 0xffffffff4f000000
core   0: 0x0000000080004c94 (0x000e1d1b) slliw   s10, t3, 0
core   0: 1 0x0000000080004c94 (0x000e1d1b) x26 0x0000000000000000
core   0: 0x0000000080004c98 (0x41fcd41b) sraiw   s0, s9, 31
core   0: 1 0x0000000080004c98 (0x41fcd41b) x8  0xffffffffffffffff
core   0: 0x0000000080004c9c (0x000e519b) srliw   gp, t3, 0
core   0: 1 0x0000000080004c9c (0x000e519b) x3  0x0000000000000000
core   0: 0x0000000080004ca0 (0xc01c3073) csrrc   zero, time, s8
core   0: exception trap_illegal_instruction, epc 0x0000000080004ca0
core   0:           tval 0x00000000c01c3073
core   0: >>>>  $xrv64i2p1_m2p0_a2p1_f2p2_d2p2_zicsr2p0_zifencei2p0_zmmul1p0_zba1p0_zbb1p0_zbc1p0_zbs1p0
core   0: 0x0000000080004000 (0x0080006f) j       pc + 0x8
core   0: 3 0x0000000080004000 (0x0080006f)
core   0: >>>>  mmode_exception_handler
core   0: 0x0000000080004008 (0x00002c17) auipc   s8, 0x2
core   0: 3 0x0000000080004008 (0x00002c17) x24 0x0000000080006008
core   0: 0x000000008000400c (0x00ac0c13) addi    s8, s8, 10
core   0: 3 0x000000008000400c (0x00ac0c13) x24 0x0000000080006012
core   0: 0x0000000080004010 (0x000c00e7) jalr    s8
core   0: 3 0x0000000080004010 (0x000c00e7) x1  0x0000000080004014
core   0: >>>>  any_handler
core   0: 0x0000000080006012 (0x341027f3) csrrs   a5, mepc, zero
core   0: 3 0x0000000080006012 (0x341027f3) x15 0x0000000080004ca0
core   0: 0x0000000080006016 (0x34202773) csrrs   a4, mcause, zero
core   0: 3 0x0000000080006016 (0x34202773) x14 0x0000000000000002
core   0: 0x000000008000601a (0x142026f3) csrrs   a3, scause, zero
core   0: 3 0x000000008000601a (0x142026f3) x13 0x0000000000000000
core   0: 0x000000008000601e (0x30402673) csrrs   a2, mie, zero
core   0: 3 0x000000008000601e (0x30402673) x12 0x0000000000000a00
core   0: 0x0000000080006022 (0x344025f3) csrrs   a1, mip, zero
core   0: 3 0x0000000080006022 (0x344025f3) x11 0x0000000000000080
core   0: 0x0000000080006026 (0x343025f3) csrrs   a1, mtval, zero
core   0: 3 0x0000000080006026 (0x343025f3) x11 0x00000000c01c3073
core   0: 0x000000008000602a (0x14302573) csrrs   a0, stval, zero
core   0: 3 0x000000008000602a (0x14302573) x10 0x0000000000000000
core   0: 0x000000008000602e (0xb02024f3) csrrs   s1, minstret, zero
core   0: 3 0x000000008000602e (0xb02024f3) x9  0x0000000000000c02
core   0: 0x0000000080006032 (0x0000a811) c.j     pc + 20
core   0: 3 0x0000000080006032 (0xa811)
core   0: >>>>  mepc_4
core   0: 0x0000000080006046 (0x00000791) c.addi  a5, 4
core   0: 3 0x0000000080006046 (0x0791) x15 0x0000000080004ca4
core   0: 0x0000000080006048 (0x34179073) csrrw   zero, mepc, a5
core   0: 3 0x0000000080006048 (0x34179073) c833_mepc 0x0000000080004ca4
core   0: 0x000000008000604c (0x30200073) mret
core   0: 3 0x000000008000604c (0x30200073) c768_mstatus 0x8000000a00106080
core   0: 0x0000000080004ca4 (0xc22ff4d3) fcvt.l.d s1, ft11
core   0: 1 0x0000000080004ca4 (0xc22ff4d3) x9  0x00000000000011ff
core   0: 0x0000000080004ca8 (0x23a69f53) fsgnjn.d ft10, fa3, fs10
core   0: 1 0x0000000080004ca8 (0x23a69f53) f30 0xffffffff4f000000
core   0: 0x0000000080004cac (0x0194a0b3) slt     ra, s1, s9
core   0: 1 0x0000000080004cac (0x0194a0b3) x1  0x0000000000000000
core   0: 0x0000000080004cb0 (0x0010829b) addiw   t0, ra, 1
core   0: 1 0x0000000080004cb0 (0x0010829b) x5  0x0000000000000001
core   0: 0x0000000080004cb4 (0x519ac813) xori    a6, s5, 1305
core   0: 1 0x0000000080004cb4 (0x519ac813) x16 0x0000000000000519
core   0: 0x0000000080004cb8 (0x002026f3) csrrs   a3, frm, zero
core   0: 1 0x0000000080004cb8 (0x002026f3) x13 0x0000000000000000
core   0: 0x0000000080004cbc (0xc000f273) csrrci  tp, cycle, 1
core   0: exception trap_illegal_instruction, epc 0x0000000080004cbc
core   0:           tval 0x00000000c000f273
core   0: >>>>  $xrv64i2p1_m2p0_a2p1_f2p2_d2p2_zicsr2p0_zifencei2p0_zmmul1p0_zba1p0_zbb1p0_zbc1p0_zbs1p0
core   0: 0x0000000080004000 (0x0080006f) j       pc + 0x8
core   0: 3 0x0000000080004000 (0x0080006f)
core   0: >>>>  mmode_exception_handler
core   0: 0x0000000080004008 (0x00002c17) auipc   s8, 0x2
core   0: 3 0x0000000080004008 (0x00002c17) x24 0x0000000080006008
core   0: 0x000000008000400c (0x00ac0c13) addi    s8, s8, 10
core   0: 3 0x000000008000400c (0x00ac0c13) x24 0x0000000080006012
core   0: 0x0000000080004010 (0x000c00e7) jalr    s8
core   0: 3 0x0000000080004010 (0x000c00e7) x1  0x0000000080004014
core   0: >>>>  any_handler
core   0: 0x0000000080006012 (0x341027f3) csrrs   a5, mepc, zero
core   0: 3 0x0000000080006012 (0x341027f3) x15 0x0000000080004cbc
core   0: 0x0000000080006016 (0x34202773) csrrs   a4, mcause, zero
core   0: 3 0x0000000080006016 (0x34202773) x14 0x0000000000000002
core   0: 0x000000008000601a (0x142026f3) csrrs   a3, scause, zero
core   0: 3 0x000000008000601a (0x142026f3) x13 0x0000000000000000
core   0: 0x000000008000601e (0x30402673) csrrs   a2, mie, zero
core   0: 3 0x000000008000601e (0x30402673) x12 0x0000000000000a00
core   0: 0x0000000080006022 (0x344025f3) csrrs   a1, mip, zero
core   0: 3 0x0000000080006022 (0x344025f3) x11 0x0000000000000080
core   0: 0x0000000080006026 (0x343025f3) csrrs   a1, mtval, zero
core   0: 3 0x0000000080006026 (0x343025f3) x11 0x00000000c000f273
core   0: 0x000000008000602a (0x14302573) csrrs   a0, stval, zero
core   0: 3 0x000000008000602a (0x14302573) x10 0x0000000000000000
core   0: 0x000000008000602e (0xb02024f3) csrrs   s1, minstret, zero
core   0: 3 0x000000008000602e (0xb02024f3) x9  0x0000000000000c18
core   0: 0x0000000080006032 (0x0000a811) c.j     pc + 20
core   0: 3 0x0000000080006032 (0xa811)
core   0: >>>>  mepc_4
core   0: 0x0000000080006046 (0x00000791) c.addi  a5, 4
core   0: 3 0x0000000080006046 (0x0791) x15 0x0000000080004cc0
core   0: 0x0000000080006048 (0x34179073) csrrw   zero, mepc, a5
core   0: 3 0x0000000080006048 (0x34179073) c833_mepc 0x0000000080004cc0
core   0: 0x000000008000604c (0x30200073) mret
core   0: 3 0x000000008000604c (0x30200073) c768_mstatus 0x8000000a00106080
core   0: 0x0000000080004cc0 (0x0097169b) slliw   a3, a4, 9
core   0: 1 0x0000000080004cc0 (0x0097169b) x13 0x0000000000000400
core   0: 0x0000000080004cc4 (0x0ff0000f) fence   iorw,iorw
core   0: 1 0x0000000080004cc4 (0x0ff0000f)
core   0: 0x0000000080004cc8 (0xe20a8d53) fmv.x.d s10, fs5
core   0: 1 0x0000000080004cc8 (0xe20a8d53) x26 0x7ff8000000000000
core   0: 0x0000000080004ccc (0x00fd14bb) sllw    s1, s10, a5
core   0: 1 0x0000000080004ccc (0x00fd14bb) x9  0x0000000000000000
core   0: 0x0000000080004cd0 (0x42f2d313) srai    t1, t0, 47
core   0: 1 0x0000000080004cd0 (0x42f2d313) x6  0x0000000000000000
core   0: 0x0000000080004cd4 (0x005e50b3) srl     ra, t3, t0
core   0: 1 0x0000000080004cd4 (0x005e50b3) x1  0x0000000000000000
core   0: 0x0000000080004cd8 (0x40c8dbb3) sra     s7, a7, a2
core   0: 1 0x0000000080004cd8 (0x40c8dbb3) x23 0x0000000000000000
core   0: 0x0000000080004cdc (0xc026fcd3) fcvt.l.s s9, fa3
core   0: 1 0x0000000080004cdc (0xc026fcd3) x25 0x0000000080000000
core   0: 0x0000000080004ce0 (0x033099b3) mulh    s3, ra, s3
core   0: 1 0x0000000080004ce0 (0x033099b3) x19 0x0000000000000000
core   0: 0x0000000080004ce4 (0x3268fbc7) fmsub.d fs7, fa7, ft6, ft6
core   0: 1 0x0000000080004ce4 (0x3268fbc7) f23 0x0000000000000000
core   0: 0x0000000080004ce8 (0x00202df3) csrrs   s11, frm, zero
core   0: 1 0x0000000080004ce8 (0x00202df3) x27 0x0000000000000000
core   0: 0x0000000080004cec (0x22d89a53) fsgnjn.d fs4, fa7, fa3
core   0: 1 0x0000000080004cec (0x22d89a53) f20 0x4050f7fe1d3ad3bb
core   0: 0x0000000080004cf0 (0x03b885bb) mulw    a1, a7, s11
core   0: 1 0x0000000080004cf0 (0x03b885bb) x11 0x0000000000000000
core   0: 0x0000000080004cf4 (0x001028f3) csrrs   a7, fflags, zero
core   0: 1 0x0000000080004cf4 (0x001028f3) x17 0x000000000000001b
core   0: 0x0000000080004cf8 (0x0ff0000f) fence   iorw,iorw
core   0: 1 0x0000000080004cf8 (0x0ff0000f)
core   0: 0x0000000080004cfc (0x0009c693) xori    a3, s3, 0
core   0: 1 0x0000000080004cfc (0x0009c693) x13 0x0000000000000000
core   0: 0x0000000080004d00 (0x320fec73) csrrsi  s8, mcountinhibit, 31
core   0: exception trap_illegal_instruction, epc 0x0000000080004d00
core   0:           tval 0x00000000320fec73
core   0: >>>>  $xrv64i2p1_m2p0_a2p1_f2p2_d2p2_zicsr2p0_zifencei2p0_zmmul1p0_zba1p0_zbb1p0_zbc1p0_zbs1p0
core   0: 0x0000000080004000 (0x0080006f) j       pc + 0x8
core   0: 3 0x0000000080004000 (0x0080006f)
core   0: >>>>  mmode_exception_handler
core   0: 0x0000000080004008 (0x00002c17) auipc   s8, 0x2
core   0: 3 0x0000000080004008 (0x00002c17) x24 0x0000000080006008
core   0: 0x000000008000400c (0x00ac0c13) addi    s8, s8, 10
core   0: 3 0x000000008000400c (0x00ac0c13) x24 0x0000000080006012
core   0: 0x0000000080004010 (0x000c00e7) jalr    s8
core   0: 3 0x0000000080004010 (0x000c00e7) x1  0x0000000080004014
core   0: >>>>  any_handler
core   0: 0x0000000080006012 (0x341027f3) csrrs   a5, mepc, zero
core   0: 3 0x0000000080006012 (0x341027f3) x15 0x0000000080004d00
core   0: 0x0000000080006016 (0x34202773) csrrs   a4, mcause, zero
core   0: 3 0x0000000080006016 (0x34202773) x14 0x0000000000000002
core   0: 0x000000008000601a (0x142026f3) csrrs   a3, scause, zero
core   0: 3 0x000000008000601a (0x142026f3) x13 0x0000000000000000
core   0: 0x000000008000601e (0x30402673) csrrs   a2, mie, zero
core   0: 3 0x000000008000601e (0x30402673) x12 0x0000000000000a00
core   0: 0x0000000080006022 (0x344025f3) csrrs   a1, mip, zero
core   0: 3 0x0000000080006022 (0x344025f3) x11 0x0000000000000080
core   0: 0x0000000080006026 (0x343025f3) csrrs   a1, mtval, zero
core   0: 3 0x0000000080006026 (0x343025f3) x11 0x00000000320fec73
core   0: 0x000000008000602a (0x14302573) csrrs   a0, stval, zero
core   0: 3 0x000000008000602a (0x14302573) x10 0x0000000000000000
core   0: 0x000000008000602e (0xb02024f3) csrrs   s1, minstret, zero
core   0: 3 0x000000008000602e (0xb02024f3) x9  0x0000000000000c38
core   0: 0x0000000080006032 (0x0000a811) c.j     pc + 20
core   0: 3 0x0000000080006032 (0xa811)
core   0: >>>>  mepc_4
core   0: 0x0000000080006046 (0x00000791) c.addi  a5, 4
core   0: 3 0x0000000080006046 (0x0791) x15 0x0000000080004d04
core   0: 0x0000000080006048 (0x34179073) csrrw   zero, mepc, a5
core   0: 3 0x0000000080006048 (0x34179073) c833_mepc 0x0000000080004d04
core   0: 0x000000008000604c (0x30200073) mret
core   0: 3 0x000000008000604c (0x30200073) c768_mstatus 0x8000000a00106080
core   0: 0x0000000080004d04 (0x0151e2b3) or      t0, gp, s5
core   0: 1 0x0000000080004d04 (0x0151e2b3) x5  0x0000000000000000
core   0: 0x0000000080004d08 (0x34305773) csrrwi  a4, mtval, 0
core   0: exception trap_illegal_instruction, epc 0x0000000080004d08
core   0:           tval 0x0000000034305773
core   0: >>>>  $xrv64i2p1_m2p0_a2p1_f2p2_d2p2_zicsr2p0_zifencei2p0_zmmul1p0_zba1p0_zbb1p0_zbc1p0_zbs1p0
core   0: 0x0000000080004000 (0x0080006f) j       pc + 0x8
core   0: 3 0x0000000080004000 (0x0080006f)
core   0: >>>>  mmode_exception_handler
core   0: 0x0000000080004008 (0x00002c17) auipc   s8, 0x2
core   0: 3 0x0000000080004008 (0x00002c17) x24 0x0000000080006008
core   0: 0x000000008000400c (0x00ac0c13) addi    s8, s8, 10
core   0: 3 0x000000008000400c (0x00ac0c13) x24 0x0000000080006012
core   0: 0x0000000080004010 (0x000c00e7) jalr    s8
core   0: 3 0x0000000080004010 (0x000c00e7) x1  0x0000000080004014
core   0: >>>>  any_handler
core   0: 0x0000000080006012 (0x341027f3) csrrs   a5, mepc, zero
core   0: 3 0x0000000080006012 (0x341027f3) x15 0x0000000080004d08
core   0: 0x0000000080006016 (0x34202773) csrrs   a4, mcause, zero
core   0: 3 0x0000000080006016 (0x34202773) x14 0x0000000000000002
core   0: 0x000000008000601a (0x142026f3) csrrs   a3, scause, zero
core   0: 3 0x000000008000601a (0x142026f3) x13 0x0000000000000000
core   0: 0x000000008000601e (0x30402673) csrrs   a2, mie, zero
core   0: 3 0x000000008000601e (0x30402673) x12 0x0000000000000a00
core   0: 0x0000000080006022 (0x344025f3) csrrs   a1, mip, zero
core   0: 3 0x0000000080006022 (0x344025f3) x11 0x0000000000000080
core   0: 0x0000000080006026 (0x343025f3) csrrs   a1, mtval, zero
core   0: 3 0x0000000080006026 (0x343025f3) x11 0x0000000034305773
core   0: 0x000000008000602a (0x14302573) csrrs   a0, stval, zero
core   0: 3 0x000000008000602a (0x14302573) x10 0x0000000000000000
core   0: 0x000000008000602e (0xb02024f3) csrrs   s1, minstret, zero
core   0: 3 0x000000008000602e (0xb02024f3) x9  0x0000000000000c49
core   0: 0x0000000080006032 (0x0000a811) c.j     pc + 20
core   0: 3 0x0000000080006032 (0xa811)
core   0: >>>>  mepc_4
core   0: 0x0000000080006046 (0x00000791) c.addi  a5, 4
core   0: 3 0x0000000080006046 (0x0791) x15 0x0000000080004d0c
core   0: 0x0000000080006048 (0x34179073) csrrw   zero, mepc, a5
core   0: 3 0x0000000080006048 (0x34179073) c833_mepc 0x0000000080004d0c
core   0: 0x000000008000604c (0x30200073) mret
core   0: 3 0x000000008000604c (0x30200073) c768_mstatus 0x8000000a00106080
core   0: 0x0000000080004d0c (0x41a70b3b) subw    s6, a4, s10
core   0: 1 0x0000000080004d0c (0x41a70b3b) x22 0x0000000000000002
core   0: 0x0000000080004d10 (0x0179f533) and     a0, s3, s7
core   0: 1 0x0000000080004d10 (0x0179f533) x10 0x0000000000000000
core   0: 0x0000000080004d14 (0x7ffe8113) addi    sp, t4, 2047
core   0: 1 0x0000000080004d14 (0x7ffe8113) x2  0x0000000000000e31
core   0: 0x0000000080004d18 (0x02becb3b) divw    s6, t4, a1
core   0: 1 0x0000000080004d18 (0x02becb3b) x22 0x0000000000000000
core   0: 0x0000000080004d1c (0x0262e6b3) rem     a3, t0, t1
core   0: 1 0x0000000080004d1c (0x0262e6b3) x13 0x0000000000000000
core   0: 0x0000000080004d20 (0x01e9511b) srliw   sp, s2, 30
core   0: 1 0x0000000080004d20 (0x01e9511b) x2  0x0000000000000000
core   0: 0x0000000080004d24 (0x001c8493) addi    s1, s9, 1
core   0: 1 0x0000000080004d24 (0x001c8493) x9  0x0000000080000001
core   0: 0x0000000080004d28 (0x036e9d93) slli    s11, t4, 54
core   0: 1 0x0000000080004d28 (0x036e9d93) x27 0x8c80000000000000
core   0: 0x0000000080004d2c (0xc20773d3) fcvt.w.d t2, fa4
core   0: 1 0x0000000080004d2c (0xc20773d3) c1_fflags 0x000000000000001b x7  0x000000007fffffff
core   0: 0x0000000080004d30 (0xc03a71d3) fcvt.lu.s gp, fs4
core   0: 1 0x0000000080004d30 (0xc03a71d3) c1_fflags 0x000000000000001b x3  0xffffffffffffffff
core   0: 0x0000000080004d34 (0x017d9dbb) sllw    s11, s11, s7
core   0: 1 0x0000000080004d34 (0x017d9dbb) x27 0x0000000000000000
core   0: 0x0000000080004d38 (0x00cdd033) srl     zero, s11, a2
core   0: 1 0x0000000080004d38 (0x00cdd033)
core   0: 0x0000000080004d3c (0x001614f3) csrrw   s1, fflags, a2
core   0: 1 0x0000000080004d3c (0x001614f3) x9  0x000000000000001b c1_fflags 0x0000000000000000
core   0: 0x0000000080004d40 (0x00000001) c.nop
core   0: 1 0x0000000080004d40 (0x0001)
core   0: 0x0000000080004d42 (0x412b0b33) sub     s6, s6, s2
core   0: 1 0x0000000080004d42 (0x412b0b33) x22 0xffffffffffffffe9
core   0: 0x0000000080004d46 (0xfd4c0537) lui     a0, 0xfd4c0
core   0: 1 0x0000000080004d46 (0xfd4c0537) x10 0xfffffffffd4c0000
core   0: 0x0000000080004d4a (0x56f5051b) addiw   a0, a0, 1391
core   0: 1 0x0000000080004d4a (0x56f5051b) x10 0xfffffffffd4c056f
core   0: 0x0000000080004d4e (0x00000536) c.slli  a0, 13
core   0: 1 0x0000000080004d4e (0x0536) x10 0xffffffa980ade000
core   0: 0x0000000080004d50 (0x32650513) addi    a0, a0, 806
core   0: 1 0x0000000080004d50 (0x32650513) x10 0xffffffa980ade326
core   0: 0x0000000080004d54 (0x037d7d33) remu    s10, s10, s7
core   0: 1 0x0000000080004d54 (0x037d7d33) x26 0x7ff8000000000000
core   0: 0x0000000080004d58 (0xc2077553) fcvt.w.d a0, fa4
core   0: 1 0x0000000080004d58 (0xc2077553) c1_fflags 0x0000000000000010 x10 0x000000007fffffff
core   0: 0x0000000080004d5c (0x40f45d3b) sraw    s10, s0, a5
core   0: 1 0x0000000080004d5c (0x40f45d3b) x26 0xffffffffffffffff
core   0: 0x0000000080004d60 (0x02b865b3) rem     a1, a6, a1
core   0: 1 0x0000000080004d60 (0x02b865b3) x11 0x0000000000000519
core   0: 0x0000000080004d64 (0x00271b73) csrrw   s6, frm, a4
core   0: 1 0x0000000080004d64 (0x00271b73) x22 0x0000000000000000 c2_frm 0x0000000000000002
core   0: 0x0000000080004d68 (0x03248233) mul     tp, s1, s2
core   0: 1 0x0000000080004d68 (0x03248233) x4  0x000000000000026d
core   0: 0x0000000080004d6c (0x024208bb) mulw    a7, tp, tp
core   0: 1 0x0000000080004d6c (0x024208bb) x17 0x000000000005e269
core   0: 0x0000000080004d70 (0x0a5072d3) fsub.d  ft5, ft0, ft5
core   0: 1 0x0000000080004d70 (0x0a5072d3) f5  0x7ff8000000000000
core   0: 0x0000000080004d74 (0x03f39993) slli    s3, t2, 63
core   0: 1 0x0000000080004d74 (0x03f39993) x19 0x8000000000000000
core   0: 0x0000000080004d78 (0xf2038c53) fmv.d.x fs8, t2
core   0: 1 0x0000000080004d78 (0xf2038c53) f24 0x000000007fffffff
core   0: 0x0000000080004d7c (0xc20275d3) fcvt.w.d a1, ft4
core   0: 1 0x0000000080004d7c (0xc20275d3) x11 0x0000000000000000
core   0: 0x0000000080004d80 (0xd025f353) fcvt.s.l ft6, a1
core   0: 1 0x0000000080004d80 (0xd025f353) f6  0xffffffff00000000
core   0: 0x0000000080004d84 (0x40b68833) sub     a6, a3, a1
core   0: 1 0x0000000080004d84 (0x40b68833) x16 0x0000000000000000
core   0: 0x0000000080004d88 (0xd23474d3) fcvt.d.lu fs1, s0
core   0: 1 0x0000000080004d88 (0xd23474d3) c1_fflags 0x0000000000000011 f9  0x43efffffffffffff
core   0: 0x0000000080004d8c (0x41490433) sub     s0, s2, s4
core   0: 1 0x0000000080004d8c (0x41490433) x8  0x0000000032601caf
core   0: 0x0000000080004d90 (0xf12e1c73) csrrw   s8, marchid, t3
core   0: exception trap_illegal_instruction, epc 0x0000000080004d90
core   0:           tval 0x00000000f12e1c73
core   0: >>>>  $xrv64i2p1_m2p0_a2p1_f2p2_d2p2_zicsr2p0_zifencei2p0_zmmul1p0_zba1p0_zbb1p0_zbc1p0_zbs1p0
core   0: 0x0000000080004000 (0x0080006f) j       pc + 0x8
core   0: 3 0x0000000080004000 (0x0080006f)
core   0: >>>>  mmode_exception_handler
core   0: 0x0000000080004008 (0x00002c17) auipc   s8, 0x2
core   0: 3 0x0000000080004008 (0x00002c17) x24 0x0000000080006008
core   0: 0x000000008000400c (0x00ac0c13) addi    s8, s8, 10
core   0: 3 0x000000008000400c (0x00ac0c13) x24 0x0000000080006012
core   0: 0x0000000080004010 (0x000c00e7) jalr    s8
core   0: 3 0x0000000080004010 (0x000c00e7) x1  0x0000000080004014
core   0: >>>>  any_handler
core   0: 0x0000000080006012 (0x341027f3) csrrs   a5, mepc, zero
core   0: 3 0x0000000080006012 (0x341027f3) x15 0x0000000080004d90
core   0: 0x0000000080006016 (0x34202773) csrrs   a4, mcause, zero
core   0: 3 0x0000000080006016 (0x34202773) x14 0x0000000000000002
core   0: 0x000000008000601a (0x142026f3) csrrs   a3, scause, zero
core   0: 3 0x000000008000601a (0x142026f3) x13 0x0000000000000000
core   0: 0x000000008000601e (0x30402673) csrrs   a2, mie, zero
core   0: 3 0x000000008000601e (0x30402673) x12 0x0000000000000a00
core   0: 0x0000000080006022 (0x344025f3) csrrs   a1, mip, zero
core   0: 3 0x0000000080006022 (0x344025f3) x11 0x0000000000000080
core   0: 0x0000000080006026 (0x343025f3) csrrs   a1, mtval, zero
core   0: 3 0x0000000080006026 (0x343025f3) x11 0x00000000f12e1c73
core   0: 0x000000008000602a (0x14302573) csrrs   a0, stval, zero
core   0: 3 0x000000008000602a (0x14302573) x10 0x0000000000000000
core   0: 0x000000008000602e (0xb02024f3) csrrs   s1, minstret, zero
core   0: 3 0x000000008000602e (0xb02024f3) x9  0x0000000000000c7b
core   0: 0x0000000080006032 (0x0000a811) c.j     pc + 20
core   0: 3 0x0000000080006032 (0xa811)
core   0: >>>>  mepc_4
core   0: 0x0000000080006046 (0x00000791) c.addi  a5, 4
core   0: 3 0x0000000080006046 (0x0791) x15 0x0000000080004d94
core   0: 0x0000000080006048 (0x34179073) csrrw   zero, mepc, a5
core   0: 3 0x0000000080006048 (0x34179073) c833_mepc 0x0000000080004d94
core   0: 0x000000008000604c (0x30200073) mret
core   0: 3 0x000000008000604c (0x30200073) c768_mstatus 0x8000000a00106080
core   0: 0x0000000080004d94 (0x038c5c3b) divuw   s8, s8, s8
core   0: 1 0x0000000080004d94 (0x038c5c3b) x24 0x0000000000000001
core   0: 0x0000000080004d98 (0x02ec7733) remu    a4, s8, a4
core   0: 1 0x0000000080004d98 (0x02ec7733) x14 0x0000000000000001
core   0: 0x0000000080004d9c (0x00690cbb) addw    s9, s2, t1
core   0: 1 0x0000000080004d9c (0x00690cbb) x25 0x0000000000000017
core   0: 0x0000000080004da0 (0x01715733) srl     a4, sp, s7
core   0: 1 0x0000000080004da0 (0x01715733) x14 0x0000000000000000
core   0: 0x0000000080004da4 (0x41676813) ori     a6, a4, 1046
core   0: 1 0x0000000080004da4 (0x41676813) x16 0x0000000000000416
core   0: 0x0000000080004da8 (0xd0387b53) fcvt.s.lu fs6, a6
core   0: 1 0x0000000080004da8 (0xd0387b53) f22 0xffffffff4482c000
core   0: 0x0000000080004dac (0xab54039b) addiw   t2, s0, -1355
core   0: 1 0x0000000080004dac (0xab54039b) x7  0x0000000032601764
core   0: 0x0000000080004db0 (0x2b690853) fmin.d  fa6, fs2, fs6
core   0: 1 0x0000000080004db0 (0x2b690853) f16 0x7ff8000000000000
core   0: 0x0000000080004db4 (0x00d11233) sll     tp, sp, a3
core   0: 1 0x0000000080004db4 (0x00d11233) x4  0x0000000000000000
core   0: 0x0000000080004db8 (0x4323d413) srai    s0, t2, 50
core   0: 1 0x0000000080004db8 (0x4323d413) x8  0x0000000000000000
core   0: 0x0000000080004dbc (0x0241063b) mulw    a2, sp, tp
core   0: 1 0x0000000080004dbc (0x0241063b) x12 0x0000000000000000
core   0: 0x0000000080004dc0 (0xd2008dd3) fcvt.d.w fs11, ra
core   0: 1 0x0000000080004dc0 (0xd2008dd3) f27 0xc1dfffeffb000000
core   0: 0x0000000080004dc4 (0x0000949b) slliw   s1, ra, 0
core   0: 1 0x0000000080004dc4 (0x0000949b) x9  0xffffffff80004014
core   0: 0x0000000080004dc8 (0x1f9d7993) andi    s3, s10, 505
core   0: 1 0x0000000080004dc8 (0x1f9d7993) x19 0x00000000000001f9
core   0: 0x0000000080004dcc (0x0ff0000f) fence   iorw,iorw
core   0: 1 0x0000000080004dcc (0x0ff0000f)
core   0: 0x0000000080004dd0 (0xd2198ad3) fcvt.d.wu fs5, s3
core   0: 1 0x0000000080004dd0 (0xd2198ad3) f21 0x407f900000000000
core   0: 0x0000000080004dd4 (0x5a0af9d3) fsqrt.d fs3, fs5
core   0: 1 0x0000000080004dd4 (0x5a0af9d3) c1_fflags 0x0000000000000011 f19 0x403678e26e30fc21
core   0: 0x0000000080004dd8 (0xd21c86d3) fcvt.d.wu fa3, s9
core   0: 1 0x0000000080004dd8 (0xd21c86d3) f13 0x4037000000000000
core   0: 0x0000000080004ddc (0x2a6c0a53) fmin.d  fs4, fs8, ft6
core   0: 1 0x0000000080004ddc (0x2a6c0a53) f20 0x000000007fffffff
core   0: 0x0000000080004de0 (0xc03a7953) fcvt.lu.s s2, fs4
core   0: 1 0x0000000080004de0 (0xc03a7953) c1_fflags 0x0000000000000011 x18 0xffffffffffffffff
core   0: 0x0000000080004de4 (0xc037f2d3) fcvt.lu.s t0, fa5
core   0: 1 0x0000000080004de4 (0xc037f2d3) c1_fflags 0x0000000000000011 x5  0xffffffffffffffff
core   0: 0x0000000080004de8 (0x408d5bbb) sraw    s7, s10, s0
core   0: 1 0x0000000080004de8 (0x408d5bbb) x23 0xffffffffffffffff
core   0: 0x0000000080004dec (0x9e078093) addi    ra, a5, -1568
core   0: 1 0x0000000080004dec (0x9e078093) x1  0x0000000080004774
core   0: 0x0000000080004df0 (0x96f9c993) xori    s3, s3, -1681
core   0: 1 0x0000000080004df0 (0x96f9c993) x19 0xfffffffffffff896
core   0: 0x0000000080004df4 (0xd03d7ed3) fcvt.s.lu ft9, s10
core   0: 1 0x0000000080004df4 (0xd03d7ed3) c1_fflags 0x0000000000000011 f29 0xffffffff5f7fffff
core   0: 0x0000000080004df8 (0xd20887d3) fcvt.d.w fa5, a7
core   0: 1 0x0000000080004df8 (0xd20887d3) f15 0x411789a400000000
core   0: 0x0000000080004dfc (0x02e99433) mulh    s0, s3, a4
core   0: 1 0x0000000080004dfc (0x02e99433) x8  0x0000000000000000
core   0: 0x0000000080004e00 (0x004419bb) sllw    s3, s0, tp
core   0: 1 0x0000000080004e00 (0x004419bb) x19 0x0000000000000000
core   0: 0x0000000080004e04 (0xffface93) not     t4, s5
core   0: 1 0x0000000080004e04 (0xffface93) x29 0xffffffffffffffff
core   0: 0x0000000080004e08 (0x034c9093) slli    ra, s9, 52
core   0: 1 0x0000000080004e08 (0x034c9093) x1  0x0170000000000000
core   0: 0x0000000080004e0c (0xa27989d3) fle.d   s3, fs3, ft7
core   0: 1 0x0000000080004e0c (0xa27989d3) x19 0x0000000000000000
core   0: 0x0000000080004e10 (0xc235f6d3) fcvt.lu.d a3, fa1
core   0: 1 0x0000000080004e10 (0xc235f6d3) c1_fflags 0x0000000000000011 x13 0x0000000000000000
core   0: 0x0000000080004e14 (0x0ff0000f) fence   iorw,iorw
core   0: 1 0x0000000080004e14 (0x0ff0000f)
core   0: 0x0000000080004e18 (0x9afe77c7) fmsub.d fa5, ft8, fa5, fs3
core   0: 1 0x0000000080004e18 (0x9afe77c7) f15 0x7ff8000000000000
core   0: 0x0000000080004e1c (0x023c7b33) remu    s6, s8, gp
core   0: 1 0x0000000080004e1c (0x023c7b33) x22 0x0000000000000001
core   0: 0x0000000080004e20 (0x40e4073b) subw    a4, s0, a4
core   0: 1 0x0000000080004e20 (0x40e4073b) x14 0x0000000000000000
core   0: 0x0000000080004e24 (0x42010353) fcvt.d.s ft6, ft2
core   0: 1 0x0000000080004e24 (0x42010353) f6  0x7ff8000000000000
core   0: 0x0000000080004e28 (0x0354de33) divu    t3, s1, s5
core   0: 1 0x0000000080004e28 (0x0354de33) x28 0xffffffffffffffff
core   0: 0x0000000080004e2c (0x030c7c3b) remuw   s8, s8, a6
core   0: 1 0x0000000080004e2c (0x030c7c3b) x24 0x0000000000000001
core   0: 0x0000000080004e30 (0x001790f3) csrrw   ra, fflags, a5
core   0: 1 0x0000000080004e30 (0x001790f3) x1  0x0000000000000011 c1_fflags 0x0000000000000014
core   0: 0x0000000080004e34 (0x0266ea3b) remw    s4, a3, t1
core   0: 1 0x0000000080004e34 (0x0266ea3b) x20 0x0000000000000000
core   0: 0x0000000080004e38 (0xd039f5d3) fcvt.s.lu fa1, s3
core   0: 1 0x0000000080004e38 (0xd039f5d3) f11 0xffffffff00000000
core   0: 0x0000000080004e3c (0x405dddbb) sraw    s11, s11, t0
core   0: 1 0x0000000080004e3c (0x405dddbb) x27 0x0000000000000000
core   0: 0x0000000080004e40 (0x025dcbbb) divw    s7, s11, t0
core   0: 1 0x0000000080004e40 (0x025dcbbb) x23 0x0000000000000000
core   0: 0x0000000080004e44 (0x415c0c3b) subw    s8, s8, s5
core   0: 1 0x0000000080004e44 (0x415c0c3b) x24 0x0000000000000001
core   0: 0x0000000080004e48 (0x0089dd33) srl     s10, s3, s0
core   0: 1 0x0000000080004e48 (0x0089dd33) x26 0x0000000000000000
core   0: 0x0000000080004e4c (0x41058233) sub     tp, a1, a6
core   0: 1 0x0000000080004e4c (0x41058233) x4  0x00000000f12e185d
core   0: 0x0000000080004e50 (0x0342d2b3) divu    t0, t0, s4
core   0: 1 0x0000000080004e50 (0x0342d2b3) x5  0xffffffffffffffff
core   0: 0x0000000080004e54 (0x0119d51b) srliw   a0, s3, 17
core   0: 1 0x0000000080004e54 (0x0119d51b) x10 0x0000000000000000
core   0: 0x0000000080004e58 (0x01151e3b) sllw    t3, a0, a7
core   0: 1 0x0000000080004e58 (0x01151e3b) x28 0x0000000000000000
core   0: 0x0000000080004e5c (0x5a0476d3) fsqrt.d fa3, fs0
core   0: 1 0x0000000080004e5c (0x5a0476d3) f13 0x7ff8000000000000
core   0: 0x0000000080004e60 (0x40015b9b) sraiw   s7, sp, 0
core   0: 1 0x0000000080004e60 (0x40015b9b) x23 0x0000000000000000
core   0: 0x0000000080004e64 (0x5a0472d3) fsqrt.d ft5, fs0
core   0: 1 0x0000000080004e64 (0x5a0472d3) f5  0x7ff8000000000000
core   0: 0x0000000080004e68 (0xc02471d3) fcvt.l.s gp, fs0
core   0: 1 0x0000000080004e68 (0xc02471d3) c1_fflags 0x0000000000000014 x3  0x7fffffffffffffff
core   0: 0x0000000080004e6c (0xc0207553) fcvt.l.s a0, ft0
core   0: 1 0x0000000080004e6c (0xc0207553) c1_fflags 0x0000000000000014 x10 0x7fffffffffffffff
core   0: 0x0000000080004e70 (0x01d74733) xor     a4, a4, t4
core   0: 1 0x0000000080004e70 (0x01d74733) x14 0xffffffffffffffff
core   0: 0x0000000080004e74 (0xd22774d3) fcvt.d.l fs1, a4
core   0: 1 0x0000000080004e74 (0xd22774d3) f9  0xbff0000000000000
core   0: 0x0000000080004e78 (0xabbdf0c7) fmsub.d ft1, fs11, fs11, fs5
core   0: 1 0x0000000080004e78 (0xabbdf0c7) c1_fflags 0x0000000000000015 f1  0x43cfffdff60804ff
core   0: 0x0000000080004e7c (0x42008e53) fcvt.d.s ft8, ft1
core   0: 1 0x0000000080004e7c (0x42008e53) f28 0x7ff8000000000000
core   0: 0x0000000080004e80 (0xba37f7c3) fmadd.d fa5, fa5, ft3, fs7
core   0: 1 0x0000000080004e80 (0xba37f7c3) f15 0x7ff8000000000000
core   0: 0x0000000080004e84 (0xc20cfbd3) fcvt.w.d s7, fs9
core   0: 1 0x0000000080004e84 (0xc20cfbd3) c1_fflags 0x0000000000000015 x23 0x000000007fffffff
core   0: 0x0000000080004e88 (0xe20b89d3) fmv.x.d s3, fs7
core   0: 1 0x0000000080004e88 (0xe20b89d3) x19 0x0000000000000000
core   0: 0x0000000080004e8c (0x01071833) sll     a6, a4, a6
core   0: 1 0x0000000080004e8c (0x01071833) x16 0xffffffffffc00000
core   0: 0x0000000080004e90 (0xc027f653) fcvt.l.s a2, fa5
core   0: 1 0x0000000080004e90 (0xc027f653) c1_fflags 0x0000000000000015 x12 0x7fffffffffffffff
core   0: 0x0000000080004e94 (0x409984b3) sub     s1, s3, s1
core   0: 1 0x0000000080004e94 (0x409984b3) x9  0x000000007fffbfec
core   0: 0x0000000080004e98 (0x01f99e9b) slliw   t4, s3, 31
core   0: 1 0x0000000080004e98 (0x01f99e9b) x29 0x0000000000000000
core   0: 0x0000000080004e9c (0x0298e933) rem     s2, a7, s1
core   0: 1 0x0000000080004e9c (0x0298e933) x18 0x000000000005e269
core   0: 0x0000000080004ea0 (0x22539dd3) fsgnjn.d fs11, ft7, ft5
core   0: 1 0x0000000080004ea0 (0x22539dd3) f27 0xc1ccd908ac000000
core   0: 0x0000000080004ea4 (0xb6cde693) ori     a3, s11, -1172
core   0: 1 0x0000000080004ea4 (0xb6cde693) x13 0xfffffffffffffb6c
core   0: 0x0000000080004ea8 (0x032ebc33) mulhu   s8, t4, s2
core   0: 1 0x0000000080004ea8 (0x032ebc33) x24 0x0000000000000000
core   0: 0x0000000080004eac (0x026420b3) mulhsu  ra, s0, t1
core   0: 1 0x0000000080004eac (0x026420b3) x1  0x0000000000000000
core   0: 0x0000000080004eb0 (0xcdc8081b) addiw   a6, a6, -804
core   0: 1 0x0000000080004eb0 (0xcdc8081b) x16 0xffffffffffbffcdc
core   0: 0x0000000080004eb4 (0xfcd4b1b7) lui     gp, 0xfcd4b
core   0: 1 0x0000000080004eb4 (0xfcd4b1b7) x3  0xfffffffffcd4b000
core   0: 0x0000000080004eb8 (0x9b91819b) addiw   gp, gp, -1607
core   0: 1 0x0000000080004eb8 (0x9b91819b) x3  0xfffffffffcd4a9b9
core   0: 0x0000000080004ebc (0x000001b6) c.slli  gp, 13
core   0: 1 0x0000000080004ebc (0x01b6) x3  0xffffff9a95372000
core   0: 0x0000000080004ebe (0xae018193) addi    gp, gp, -1312
core   0: 1 0x0000000080004ebe (0xae018193) x3  0xffffff9a95371ae0
core   0: 0x0000000080004ec2 (0x40c9d0bb) sraw    ra, s3, a2
core   0: 1 0x0000000080004ec2 (0x40c9d0bb) x1  0x0000000000000000
core   0: 0x0000000080004ec6 (0x001e9433) sll     s0, t4, ra
core   0: 1 0x0000000080004ec6 (0x001e9433) x8  0x0000000000000000
core   0: 0x0000000080004eca (0x027d73bb) remuw   t2, s10, t2
core   0: 1 0x0000000080004eca (0x027d73bb) x7  0x0000000000000000
core   0: 0x0000000080004ece (0x0313dbb3) divu    s7, t2, a7
core   0: 1 0x0000000080004ece (0x0313dbb3) x23 0x0000000000000000
core   0: 0x0000000080004ed2 (0x02ae62b3) rem     t0, t3, a0
core   0: 1 0x0000000080004ed2 (0x02ae62b3) x5  0x0000000000000000
core   0: 0x0000000080004ed6 (0xbb7378c3) fmadd.d fa7, ft6, fs7, fs7
core   0: 1 0x0000000080004ed6 (0xbb7378c3) f17 0x7ff8000000000000
core   0: 0x0000000080004eda (0x03916633) rem     a2, sp, s9
core   0: 1 0x0000000080004eda (0x03916633) x12 0x0000000000000000
core   0: 0x0000000080004ede (0x01016d33) or      s10, sp, a6
core   0: 1 0x0000000080004ede (0x01016d33) x26 0xffffffffffbffcdc
core   0: 0x0000000080004ee2 (0x3813ba17) auipc   s4, 0x3813b
core   0: 1 0x0000000080004ee2 (0x3813ba17) x20 0x00000000b813fee2
core   0: 0x0000000080004ee6 (0xc21bf9d3) fcvt.wu.d s3, fs7
core   0: 1 0x0000000080004ee6 (0xc21bf9d3) x19 0x0000000000000000
core   0: 0x0000000080004eea (0x005be2b3) or      t0, s7, t0
core   0: 1 0x0000000080004eea (0x005be2b3) x5  0x0000000000000000
core   0: 0x0000000080004eee (0x1aba7517) auipc   a0, 0x1aba7
core   0: 1 0x0000000080004eee (0x1aba7517) x10 0x000000009ababeee
core   0: 0x0000000080004ef2 (0xc211f353) fcvt.wu.d t1, ft3
core   0: 1 0x0000000080004ef2 (0xc211f353) c1_fflags 0x0000000000000015 x6  0xffffffffffffffff
core   0: 0x0000000080004ef6 (0xe2050553) fmv.x.d a0, fa0
core   0: 1 0x0000000080004ef6 (0xe2050553) x10 0xffffffffffffffff
core   0: 0x0000000080004efa (0x02ac4b33) div     s6, s8, a0
core   0: 1 0x0000000080004efa (0x02ac4b33) x22 0x0000000000000000
core   0: 0x0000000080004efe (0x00141c73) csrrw   s8, fflags, s0
core   0: 1 0x0000000080004efe (0x00141c73) x24 0x0000000000000015 c1_fflags 0x0000000000000000
core   0: 0x0000000080004f02 (0xd23efc53) fcvt.d.lu fs8, t4
core   0: 1 0x0000000080004f02 (0xd23efc53) f24 0x0000000000000000
core   0: 0x0000000080004f06 (0x02a3a2b3) mulhsu  t0, t2, a0
core   0: 1 0x0000000080004f06 (0x02a3a2b3) x5  0x0000000000000000
core   0: 0x0000000080004f0a (0x41938c3b) subw    s8, t2, s9
core   0: 1 0x0000000080004f0a (0x41938c3b) x24 0xffffffffffffffe9
core   0: 0x0000000080004f0e (0xd22c78d3) fcvt.d.l fa7, s8
core   0: 1 0x0000000080004f0e (0xd22c78d3) f17 0xc037000000000000
core   0: 0x0000000080004f12 (0x011c0ebb) addw    t4, s8, a7
core   0: 1 0x0000000080004f12 (0x011c0ebb) x29 0x000000000005e252
core   0: 0x0000000080004f16 (0xc020e3f3) csrrsi  t2, instret, 1
core   0: exception trap_illegal_instruction, epc 0x0000000080004f16
core   0:           tval 0x00000000c020e3f3
core   0: >>>>  $xrv64i2p1_m2p0_a2p1_f2p2_d2p2_zicsr2p0_zifencei2p0_zmmul1p0_zba1p0_zbb1p0_zbc1p0_zbs1p0
core   0: 0x0000000080004000 (0x0080006f) j       pc + 0x8
core   0: 3 0x0000000080004000 (0x0080006f)
core   0: >>>>  mmode_exception_handler
core   0: 0x0000000080004008 (0x00002c17) auipc   s8, 0x2
core   0: 3 0x0000000080004008 (0x00002c17) x24 0x0000000080006008
core   0: 0x000000008000400c (0x00ac0c13) addi    s8, s8, 10
core   0: 3 0x000000008000400c (0x00ac0c13) x24 0x0000000080006012
core   0: 0x0000000080004010 (0x000c00e7) jalr    s8
core   0: 3 0x0000000080004010 (0x000c00e7) x1  0x0000000080004014
core   0: >>>>  any_handler
core   0: 0x0000000080006012 (0x341027f3) csrrs   a5, mepc, zero
core   0: 3 0x0000000080006012 (0x341027f3) x15 0x0000000080004f16
core   0: 0x0000000080006016 (0x34202773) csrrs   a4, mcause, zero
core   0: 3 0x0000000080006016 (0x34202773) x14 0x0000000000000002
core   0: 0x000000008000601a (0x142026f3) csrrs   a3, scause, zero
core   0: 3 0x000000008000601a (0x142026f3) x13 0x0000000000000000
core   0: 0x000000008000601e (0x30402673) csrrs   a2, mie, zero
core   0: 3 0x000000008000601e (0x30402673) x12 0x0000000000000a00
core   0: 0x0000000080006022 (0x344025f3) csrrs   a1, mip, zero
core   0: 3 0x0000000080006022 (0x344025f3) x11 0x0000000000000080
core   0: 0x0000000080006026 (0x343025f3) csrrs   a1, mtval, zero
core   0: 3 0x0000000080006026 (0x343025f3) x11 0x00000000c020e3f3
core   0: 0x000000008000602a (0x14302573) csrrs   a0, stval, zero
core   0: 3 0x000000008000602a (0x14302573) x10 0x0000000000000000
core   0: 0x000000008000602e (0xb02024f3) csrrs   s1, minstret, zero
core   0: 3 0x000000008000602e (0xb02024f3) x9  0x0000000000000cec
core   0: 0x0000000080006032 (0x0000a811) c.j     pc + 20
core   0: 3 0x0000000080006032 (0xa811)
core   0: >>>>  mepc_4
core   0: 0x0000000080006046 (0x00000791) c.addi  a5, 4
core   0: 3 0x0000000080006046 (0x0791) x15 0x0000000080004f1a
core   0: 0x0000000080006048 (0x34179073) csrrw   zero, mepc, a5
core   0: 3 0x0000000080006048 (0x34179073) c833_mepc 0x0000000080004f1a
core   0: 0x000000008000604c (0x30200073) mret
core   0: 3 0x000000008000604c (0x30200073) c768_mstatus 0x8000000a00106080
core   0: 0x0000000080004f1a (0x1a4b74d3) fdiv.d  fs1, fs6, ft4
core   0: 1 0x0000000080004f1a (0x1a4b74d3) f9  0x7ff8000000000000
core   0: 0x0000000080004f1e (0x8bb3f8cf) fnmadd.d fa7, ft7, fs11, fa7
core   0: 1 0x0000000080004f1e (0x8bb3f8cf) c1_fflags 0x0000000000000001 f17 0xc3aa018f2a9f199d
core   0: 0x0000000080004f22 (0x039bfbb3) remu    s7, s7, s9
core   0: 1 0x0000000080004f22 (0x039bfbb3) x23 0x0000000000000000
core   0: 0x0000000080004f26 (0x01c043b3) xor     t2, zero, t3
core   0: 1 0x0000000080004f26 (0x01c043b3) x7  0x0000000000000000
core   0: 0x0000000080004f2a (0x03c8533b) divuw   t1, a6, t3
core   0: 1 0x0000000080004f2a (0x03c8533b) x6  0xffffffffffffffff
core   0: 0x0000000080004f2e (0xc204fa53) fcvt.w.d s4, fs1
core   0: 1 0x0000000080004f2e (0xc204fa53) c1_fflags 0x0000000000000011 x20 0x000000007fffffff
core   0: 0x0000000080004f32 (0x0263dc13) srli    s8, t2, 38
core   0: 1 0x0000000080004f32 (0x0263dc13) x24 0x0000000000000000
core   0: 0x0000000080004f36 (0x00e3a733) slt     a4, t2, a4
core   0: 1 0x0000000080004f36 (0x00e3a733) x14 0x0000000000000001
core   0: 0x0000000080004f3a (0x01c0a0b3) slt     ra, ra, t3
core   0: 1 0x0000000080004f3a (0x01c0a0b3) x1  0x0000000000000000
core   0: 0x0000000080004f3e (0x41c757bb) sraw    a5, a4, t3
core   0: 1 0x0000000080004f3e (0x41c757bb) x15 0x0000000000000001
core   0: 0x0000000080004f42 (0x7a7c7ec7) fmsub.d ft9, fs8, ft7, fa5
core   0: 1 0x0000000080004f42 (0x7a7c7ec7) f29 0x7ff8000000000000
core   0: 0x0000000080004f46 (0x00e22c33) slt     s8, tp, a4
core   0: 1 0x0000000080004f46 (0x00e22c33) x24 0x0000000000000000
core   0: 0x0000000080004f4a (0x03096dbb) remw    s11, s2, a6
core   0: 1 0x0000000080004f4a (0x03096dbb) x27 0x000000000005e269
core   0: 0x0000000080004f4e (0x00000001) c.nop
core   0: 1 0x0000000080004f4e (0x0001)
core   0: 0x0000000080004f50 (0x0009033b) addw    t1, s2, zero
core   0: 1 0x0000000080004f50 (0x0009033b) x6  0x000000000005e269
core   0: 0x0000000080004f54 (0xca7c8117) auipc   sp, 0xca7c8
core   0: 1 0x0000000080004f54 (0xca7c8117) x2  0x000000004a7ccf54
core   0: 0x0000000080004f58 (0x03f19213) slli    tp, gp, 63
core   0: 1 0x0000000080004f58 (0x03f19213) x4  0x0000000000000000
core   0: 0x0000000080004f5c (0x0237073b) mulw    a4, a4, gp
core   0: 1 0x0000000080004f5c (0x0237073b) x14 0xffffffff95371ae0
core   0: 0x0000000080004f60 (0xd0207f53) fcvt.s.l ft10, zero
core   0: 1 0x0000000080004f60 (0xd0207f53) f30 0xffffffff00000000
core   0: 0x0000000080004f64 (0x0be171d3) fsub.d  ft3, ft2, ft10
core   0: 1 0x0000000080004f64 (0x0be171d3) f3  0x7ff8000000000000
core   0: 0x0000000080004f68 (0x0000182a) c.slli  a6, 42
core   0: 1 0x0000000080004f68 (0x182a) x16 0xfff3700000000000
core   0: 0x0000000080004f6a (0x02b38533) mul     a0, t2, a1
core   0: 1 0x0000000080004f6a (0x02b38533) x10 0x0000000000000000
core   0: 0x0000000080004f6e (0x3fdafa93) andi    s5, s5, 1021
core   0: 1 0x0000000080004f6e (0x3fdafa93) x21 0x0000000000000000
core   0: 0x0000000080004f72 (0x0278f8bb) remuw   a7, a7, t2
core   0: 1 0x0000000080004f72 (0x0278f8bb) x17 0x000000000005e269
core   0: 0x0000000080004f76 (0xcba7774b) fnmsub.d fa4, fa4, fs10, fs9
core   0: 1 0x0000000080004f76 (0xcba7774b) f14 0x7ff8000000000000
core   0: 0x0000000080004f7a (0x00c8c5b3) xor     a1, a7, a2
core   0: 1 0x0000000080004f7a (0x00c8c5b3) x11 0x000000000005e869
core   0: 0x0000000080004f7e (0x2aac99d3) fmax.d  fs3, fs9, fa0
core   0: 1 0x0000000080004f7e (0x2aac99d3) f19 0x7ff8000000000000
core   0: 0x0000000080004f82 (0x015a6037) lui     zero, 0x15a6
core   0: 1 0x0000000080004f82 (0x015a6037)
core   0: 0x0000000080004f86 (0x07f0001b) addiw   zero, zero, 127
core   0: 1 0x0000000080004f86 (0x07f0001b)
core   0: 0x0000000080004f8a (0x00d01013) slli    zero, zero, 13
core   0: 1 0x0000000080004f8a (0x00d01013)
core   0: 0x0000000080004f8e (0xf7e00013) li      zero, -130
core   0: 1 0x0000000080004f8e (0xf7e00013)
core   0: 0x0000000080004f92 (0x01a5a5b3) slt     a1, a1, s10
core   0: 1 0x0000000080004f92 (0x01a5a5b3) x11 0x0000000000000000
core   0: 0x0000000080004f96 (0xd20d8a53) fcvt.d.w fs4, s11
core   0: 1 0x0000000080004f96 (0xd20d8a53) f20 0x411789a400000000
core   0: 0x0000000080004f9a (0x4176563b) sraw    a2, a2, s7
core   0: 1 0x0000000080004f9a (0x4176563b) x12 0x0000000000000a00
core   0: 0x0000000080004f9e (0x5a0d7dd3) fsqrt.d fs11, fs10
core   0: 1 0x0000000080004f9e (0x5a0d7dd3) f27 0x0000000000000000
core   0: 0x0000000080004fa2 (0x1b4a78d3) fdiv.d  fa7, fs4, fs4
core   0: 1 0x0000000080004fa2 (0x1b4a78d3) f17 0x3ff0000000000000
core   0: 0x0000000080004fa6 (0xf20b08d3) fmv.d.x fa7, s6
core   0: 1 0x0000000080004fa6 (0xf20b08d3) f17 0x0000000000000000
core   0: 0x0000000080004faa (0xfe3b7cb7) lui     s9, 0xfe3b7
core   0: 1 0x0000000080004faa (0xfe3b7cb7) x25 0xfffffffffe3b7000
core   0: 0x0000000080004fae (0x33bc8c9b) addiw   s9, s9, 827
core   0: 1 0x0000000080004fae (0x33bc8c9b) x25 0xfffffffffe3b733b
core   0: 0x0000000080004fb2 (0x00000cb6) c.slli  s9, 13
core   0: 1 0x0000000080004fb2 (0x0cb6) x25 0xffffffc76e676000
core   0: 0x0000000080004fb4 (0x80cc8c93) addi    s9, s9, -2036
core   0: 1 0x0000000080004fb4 (0x80cc8c93) x25 0xffffffc76e67580c
core   0: 0x0000000080004fb8 (0x036cd333) divu    t1, s9, s6
core   0: 1 0x0000000080004fb8 (0x036cd333) x6  0xffffffffffffffff
core   0: 0x0000000080004fbc (0x02ec1033) mulh    zero, s8, a4
core   0: 1 0x0000000080004fbc (0x02ec1033)
core   0: 0x0000000080004fc0 (0x02a2ecb3) rem     s9, t0, a0
core   0: 1 0x0000000080004fc0 (0x02a2ecb3) x25 0x0000000000000000
core   0: 0x0000000080004fc4 (0x5a057fd3) fsqrt.d ft11, fa0
core   0: 1 0x0000000080004fc4 (0x5a057fd3) f31 0x7ff8000000000000
core   0: 0x0000000080004fc8 (0x00209c73) csrrw   s8, frm, ra
core   0: 1 0x0000000080004fc8 (0x00209c73) x24 0x0000000000000002 c2_frm 0x0000000000000000
core   0: 0x0000000080004fcc (0x0009d61b) srliw   a2, s3, 0
core   0: 1 0x0000000080004fcc (0x0009d61b) x12 0x0000000000000000
core   0: 0x0000000080004fd0 (0x007a5213) srli    tp, s4, 7
core   0: 1 0x0000000080004fd0 (0x007a5213) x4  0x0000000000ffffff
core   0: 0x0000000080004fd4 (0x41510abb) subw    s5, sp, s5
core   0: 1 0x0000000080004fd4 (0x41510abb) x21 0x000000004a7ccf54
core   0: 0x0000000080004fd8 (0xf11a99f3) csrrw   s3, mvendorid, s5
core   0: exception trap_illegal_instruction, epc 0x0000000080004fd8
core   0:           tval 0x00000000f11a99f3
core   0: >>>>  $xrv64i2p1_m2p0_a2p1_f2p2_d2p2_zicsr2p0_zifencei2p0_zmmul1p0_zba1p0_zbb1p0_zbc1p0_zbs1p0
core   0: 0x0000000080004000 (0x0080006f) j       pc + 0x8
core   0: 3 0x0000000080004000 (0x0080006f)
core   0: >>>>  mmode_exception_handler
core   0: 0x0000000080004008 (0x00002c17) auipc   s8, 0x2
core   0: 3 0x0000000080004008 (0x00002c17) x24 0x0000000080006008
core   0: 0x000000008000400c (0x00ac0c13) addi    s8, s8, 10
core   0: 3 0x000000008000400c (0x00ac0c13) x24 0x0000000080006012
core   0: 0x0000000080004010 (0x000c00e7) jalr    s8
core   0: 3 0x0000000080004010 (0x000c00e7) x1  0x0000000080004014
core   0: >>>>  any_handler
core   0: 0x0000000080006012 (0x341027f3) csrrs   a5, mepc, zero
core   0: 3 0x0000000080006012 (0x341027f3) x15 0x0000000080004fd8
core   0: 0x0000000080006016 (0x34202773) csrrs   a4, mcause, zero
core   0: 3 0x0000000080006016 (0x34202773) x14 0x0000000000000002
core   0: 0x000000008000601a (0x142026f3) csrrs   a3, scause, zero
core   0: 3 0x000000008000601a (0x142026f3) x13 0x0000000000000000
core   0: 0x000000008000601e (0x30402673) csrrs   a2, mie, zero
core   0: 3 0x000000008000601e (0x30402673) x12 0x0000000000000a00
core   0: 0x0000000080006022 (0x344025f3) csrrs   a1, mip, zero
core   0: 3 0x0000000080006022 (0x344025f3) x11 0x0000000000000080
core   0: 0x0000000080006026 (0x343025f3) csrrs   a1, mtval, zero
core   0: 3 0x0000000080006026 (0x343025f3) x11 0x00000000f11a99f3
core   0: 0x000000008000602a (0x14302573) csrrs   a0, stval, zero
core   0: 3 0x000000008000602a (0x14302573) x10 0x0000000000000000
core   0: 0x000000008000602e (0xb02024f3) csrrs   s1, minstret, zero
core   0: 3 0x000000008000602e (0xb02024f3) x9  0x0000000000000d2d
core   0: 0x0000000080006032 (0x0000a811) c.j     pc + 20
core   0: 3 0x0000000080006032 (0xa811)
core   0: >>>>  mepc_4
core   0: 0x0000000080006046 (0x00000791) c.addi  a5, 4
core   0: 3 0x0000000080006046 (0x0791) x15 0x0000000080004fdc
core   0: 0x0000000080006048 (0x34179073) csrrw   zero, mepc, a5
core   0: 3 0x0000000080006048 (0x34179073) c833_mepc 0x0000000080004fdc
core   0: 0x000000008000604c (0x30200073) mret
core   0: 3 0x000000008000604c (0x30200073) c768_mstatus 0x8000000a00106080
core   0: 0x0000000080004fdc (0x23edaf53) fsgnjx.d ft10, fs11, ft10
core   0: 1 0x0000000080004fdc (0x23edaf53) f30 0x8000000000000000
core   0: 0x0000000080004fe0 (0x400ad413) srai    s0, s5, 0
core   0: 1 0x0000000080004fe0 (0x400ad413) x8  0x000000004a7ccf54
core   0: 0x0000000080004fe4 (0xc030fcd3) fcvt.lu.s s9, ft1
core   0: 1 0x0000000080004fe4 (0xc030fcd3) c1_fflags 0x0000000000000011 x25 0xffffffffffffffff
core   0: 0x0000000080004fe8 (0x40015e9b) sraiw   t4, sp, 0
core   0: 1 0x0000000080004fe8 (0x40015e9b) x29 0x000000004a7ccf54
core   0: 0x0000000080004fec (0x432b5913) srai    s2, s6, 50
core   0: 1 0x0000000080004fec (0x432b5913) x18 0x0000000000000000
core   0: 0x0000000080004ff0 (0x001d989b) slliw   a7, s11, 1
core   0: 1 0x0000000080004ff0 (0x001d989b) x17 0x00000000000bc4d2
core   0: 0x0000000080004ff4 (0xd225f1d3) fcvt.d.l ft3, a1
core   0: 1 0x0000000080004ff4 (0xd225f1d3) f3  0x41ee23533e600000
core   0: 0x0000000080004ff8 (0x42090053) fcvt.d.s ft0, fs2
core   0: 1 0x0000000080004ff8 (0x42090053) f0  0x7ff8000000000000
core   0: 0x0000000080004ffc (0x0a68fa93) andi    s5, a7, 166
core   0: 1 0x0000000080004ffc (0x0a68fa93) x21 0x0000000000000082
core   0: 0x0000000080005000 (0xc21ff2d3) fcvt.wu.d t0, ft11
core   0: 1 0x0000000080005000 (0xc21ff2d3) c1_fflags 0x0000000000000011 x5  0xffffffffffffffff
core   0: 0x0000000080005004 (0xca49724b) fnmsub.d ft4, fs2, ft4, fs9
core   0: 1 0x0000000080005004 (0xca49724b) f4  0x7ff8000000000000
core   0: 0x0000000080005008 (0x416c54b3) sra     s1, s8, s6
core   0: 1 0x0000000080005008 (0x416c54b3) x9  0x0000000080006012
core   0: 0x000000008000500c (0x400d561b) sraiw   a2, s10, 0
core   0: 1 0x000000008000500c (0x400d561b) x12 0xffffffffffbffcdc
core   0: 0x0000000080005010 (0xa15d4a93) xori    s5, s10, -1515
core   0: 1 0x0000000080005010 (0xa15d4a93) x21 0x00000000004006c9
core   0: 0x0000000080005014 (0xc2377cd3) fcvt.lu.d s9, fa4
core   0: 1 0x0000000080005014 (0xc2377cd3) c1_fflags 0x0000000000000011 x25 0xffffffffffffffff
core   0: 0x0000000080005018 (0xd027fcd3) fcvt.s.l fs9, a5
core   0: 1 0x0000000080005018 (0xd027fcd3) c1_fflags 0x0000000000000011 f25 0xffffffff4f000050
core   0: 0x000000008000501c (0x02dcf353) fadd.d  ft6, fs9, fa3
core   0: 1 0x000000008000501c (0x02dcf353) f6  0x7ff8000000000000
core   0: 0x0000000080005020 (0x02c7bb33) mulhu   s6, a5, a2
core   0: 1 0x0000000080005020 (0x02c7bb33) x22 0x0000000080004fdb
core   0: 0x0000000080005024 (0x8b7ff8c3) fmadd.d fa7, ft11, fs7, fa7
core   0: 1 0x0000000080005024 (0x8b7ff8c3) f17 0x7ff8000000000000
core   0: 0x0000000080005028 (0x1a507053) fdiv.d  ft0, ft0, ft5
core   0: 1 0x0000000080005028 (0x1a507053) f0  0x7ff8000000000000
core   0: 0x000000008000502c (0x01629533) sll     a0, t0, s6
core   0: 1 0x000000008000502c (0x01629533) x10 0xfffffffff8000000
core   0: 0x0000000080005030 (0x00000001) c.nop
core   0: 1 0x0000000080005030 (0x0001)
core   0: 0x0000000080005032 (0x02c2fcbb) remuw   s9, t0, a2
core   0: 1 0x0000000080005032 (0x02c2fcbb) x25 0x0000000000400323
core   0: 0x0000000080005036 (0x029dee3b) remw    t3, s11, s1
core   0: 1 0x0000000080005036 (0x029dee3b) x28 0x000000000005e269
core   0: 0x000000008000503a (0x03c35ebb) divuw   t4, t1, t3
core   0: 1 0x000000008000503a (0x03c35ebb) x29 0x0000000000002b81
core   0: 0x000000008000503e (0x011361b3) or      gp, t1, a7
core   0: 1 0x000000008000503e (0x011361b3) x3  0xffffffffffffffff
core   0: 0x0000000080005042 (0x02a6fd43) fmadd.d fs10, fa3, fa0, ft0
core   0: 1 0x0000000080005042 (0x02a6fd43) f26 0x7ff8000000000000
core   0: 0x0000000080005046 (0xd238f053) fcvt.d.lu ft0, a7
core   0: 1 0x0000000080005046 (0xd238f053) f0  0x412789a400000000
core   0: 0x000000008000504a (0xc03973d3) fcvt.lu.s t2, fs2
core   0: 1 0x000000008000504a (0xc03973d3) c1_fflags 0x0000000000000011 x7  0xffffffffffffffff
core   0: 0x000000008000504e (0x00000001) c.nop
core   0: 1 0x000000008000504e (0x0001)
core   0: 0x0000000080005050 (0x20940c1b) addiw   s8, s0, 521
core   0: 1 0x0000000080005050 (0x20940c1b) x24 0x000000004a7cd15d
core   0: 0x0000000080005054 (0x239a8cd3) fsgnj.d fs9, fs5, fs9
core   0: 1 0x0000000080005054 (0x239a8cd3) f25 0xc07f900000000000
core   0: 0x0000000080005058 (0x02e27353) fadd.d  ft6, ft4, fa4
core   0: 1 0x0000000080005058 (0x02e27353) f6  0x7ff8000000000000
core   0: 0x000000008000505c (0x03a774b3) remu    s1, a4, s10
core   0: 1 0x000000008000505c (0x03a774b3) x9  0x0000000000000002
core   0: 0x0000000080005060 (0x90376c93) ori     s9, a4, -1789
core   0: 1 0x0000000080005060 (0x90376c93) x25 0xfffffffffffff903
core   0: 0x0000000080005064 (0x2a9c8bd3) fmin.d  fs7, fs9, fs1
core   0: 1 0x0000000080005064 (0x2a9c8bd3) f23 0xc07f900000000000
core   0: 0x0000000080005068 (0x2aee02d3) fmin.d  ft5, ft8, fa4
core   0: 1 0x0000000080005068 (0x2aee02d3) f5  0x7ff8000000000000
core   0: 0x000000008000506c (0x93ee79c3) fmadd.d fs3, ft8, ft10, fs2
core   0: 1 0x000000008000506c (0x93ee79c3) f19 0x7ff8000000000000
core   0: 0x0000000080005070 (0xd21c82d3) fcvt.d.wu ft5, s9
core   0: 1 0x0000000080005070 (0xd21c82d3) f5  0x41efffff20600000
core   0: 0x0000000080005074 (0x401adb9b) sraiw   s7, s5, 1
core   0: 1 0x0000000080005074 (0x401adb9b) x23 0x0000000000200364
core   0: 0x0000000080005078 (0x0131d5b3) srl     a1, gp, s3
core   0: 1 0x0000000080005078 (0x0131d5b3) x11 0xffffffffffffffff
core   0: 0x000000008000507c (0x0347f437) lui     s0, 0x347f
core   0: 1 0x000000008000507c (0x0347f437) x8  0x000000000347f000
core   0: 0x0000000080005080 (0x7034041b) addiw   s0, s0, 1795
core   0: 1 0x0000000080005080 (0x7034041b) x8  0x000000000347f703
core   0: 0x0000000080005084 (0x00000436) c.slli  s0, 13
core   0: 1 0x0000000080005084 (0x0436) x8  0x00000068fee06000
core   0: 0x0000000080005086 (0x6f040413) addi    s0, s0, 1776
core   0: 1 0x0000000080005086 (0x6f040413) x8  0x00000068fee066f0
core   0: 0x000000008000508a (0x02f7f053) fadd.d  ft0, fa5, fa5
core   0: 1 0x000000008000508a (0x02f7f053) f0  0x7ff8000000000000
core   0: 0x000000008000508e (0x1b3e7653) fdiv.d  fa2, ft8, fs3
core   0: 1 0x000000008000508e (0x1b3e7653) f12 0x7ff8000000000000
core   0: 0x0000000080005092 (0x01c90dbb) addw    s11, s2, t3
core   0: 1 0x0000000080005092 (0x01c90dbb) x27 0x000000000005e269
core   0: 0x0000000080005096 (0x015ac733) xor     a4, s5, s5
core   0: 1 0x0000000080005096 (0x015ac733) x14 0x0000000000000000
core   0: 0x000000008000509a (0x001bc013) xori    zero, s7, 1
core   0: 1 0x000000008000509a (0x001bc013)
core   0: 0x000000008000509e (0x2b8a8a53) fmin.d  fs4, fs5, fs8
core   0: 1 0x000000008000509e (0x2b8a8a53) f20 0x0000000000000000
core   0: 0x00000000800050a2 (0xd2237c53) fcvt.d.l fs8, t1
core   0: 1 0x00000000800050a2 (0xd2237c53) f24 0xbff0000000000000
core   0: 0x00000000800050a6 (0xc02ef5d3) fcvt.l.s a1, ft9
core   0: 1 0x00000000800050a6 (0xc02ef5d3) c1_fflags 0x0000000000000011 x11 0x7fffffffffffffff
core   0: 0x00000000800050aa (0x00151773) csrrw   a4, fflags, a0
core   0: 1 0x00000000800050aa (0x00151773) x14 0x0000000000000011 c1_fflags 0x0000000000000000
core   0: 0x00000000800050ae (0x0392ce3b) divw    t3, t0, s9
core   0: 1 0x00000000800050ae (0x0392ce3b) x28 0x0000000000000000
core   0: 0x00000000800050b2 (0x02e8f853) fadd.d  fa6, fa7, fa4
core   0: 1 0x00000000800050b2 (0x02e8f853) f16 0x7ff8000000000000
core   0: 0x00000000800050b6 (0x00fe5a13) srli    s4, t3, 15
core   0: 1 0x00000000800050b6 (0x00fe5a13) x20 0x0000000000000000
core   0: 0x00000000800050ba (0x00000001) c.nop
core   0: 1 0x00000000800050ba (0x0001)
core   0: 0x00000000800050bc (0x22e8a0d3) fsgnjx.d ft1, fa7, fa4
core   0: 1 0x00000000800050bc (0x22e8a0d3) f1  0x7ff8000000000000
core   0: 0x00000000800050c0 (0x0135119b) slliw   gp, a0, 19
core   0: 1 0x00000000800050c0 (0x0135119b) x3  0x0000000000000000
core   0: 0x00000000800050c4 (0x05d24113) xori    sp, tp, 93
core   0: 1 0x00000000800050c4 (0x05d24113) x2  0x0000000000ffffa2
core   0: 0x00000000800050c8 (0x1e276913) ori     s2, a4, 482
core   0: 1 0x00000000800050c8 (0x1e276913) x18 0x00000000000001f3
core   0: 0x00000000800050cc (0xc038f453) fcvt.lu.s s0, fa7
core   0: 1 0x00000000800050cc (0xc038f453) c1_fflags 0x0000000000000010 x8  0xffffffffffffffff
core   0: 0x00000000800050d0 (0x0137be93) sltiu   t4, a5, 19
core   0: 1 0x00000000800050d0 (0x0137be93) x29 0x0000000000000000
core   0: 0x00000000800050d4 (0x35dc6593) ori     a1, s8, 861
core   0: 1 0x00000000800050d4 (0x35dc6593) x11 0x000000004a7cd35d
core   0: 0x00000000800050d8 (0x5a067c53) fsqrt.d fs8, fa2
core   0: 1 0x00000000800050d8 (0x5a067c53) f24 0x7ff8000000000000
core   0: 0x00000000800050dc (0x01f09c9b) slliw   s9, ra, 31
core   0: 1 0x00000000800050dc (0x01f09c9b) x25 0x0000000000000000
core   0: 0x00000000800050e0 (0x2ab49053) fmax.d  ft0, fs1, fa1
core   0: 1 0x00000000800050e0 (0x2ab49053) f0  0x7ff8000000000000
core   0: 0x00000000800050e4 (0x4015d21b) sraiw   tp, a1, 1
core   0: 1 0x00000000800050e4 (0x4015d21b) x4  0x00000000253e69ae
core   0: 0x00000000800050e8 (0xfff8019b) addiw   gp, a6, -1
core   0: 1 0x00000000800050e8 (0xfff8019b) x3  0xffffffffffffffff
core   0: 0x00000000800050ec (0x03825e3b) divuw   t3, tp, s8
core   0: 1 0x00000000800050ec (0x03825e3b) x28 0x0000000000000000
core   0: 0x00000000800050f0 (0xd23276d3) fcvt.d.lu fa3, tp
core   0: 1 0x00000000800050f0 (0xd23276d3) f13 0x41c29f34d7000000
core   0: 0x00000000800050f4 (0x00000001) c.nop
core   0: 1 0x00000000800050f4 (0x0001)
core   0: 0x00000000800050f6 (0xe20006d3) fmv.x.d a3, ft0
core   0: 1 0x00000000800050f6 (0xe20006d3) x13 0x7ff8000000000000
core   0: 0x00000000800050fa (0xdbaffa4f) fnmadd.d fs4, ft11, fs10, fs11
core   0: 1 0x00000000800050fa (0xdbaffa4f) f20 0x7ff8000000000000
core   0: 0x00000000800050fe (0xe20a8553) fmv.x.d a0, fs5
core   0: 1 0x00000000800050fe (0xe20a8553) x10 0x407f900000000000
core   0: 0x0000000080005102 (0x5b3a7ec3) fmadd.d ft9, fs4, fs3, fa1
core   0: 1 0x0000000080005102 (0x5b3a7ec3) f29 0x7ff8000000000000
core   0: 0x0000000080005106 (0x00915793) srli    a5, sp, 9
core   0: 1 0x0000000080005106 (0x00915793) x15 0x0000000000007fff
core   0: 0x000000008000510a (0x034a72d3) fadd.d  ft5, fs4, fs4
core   0: 1 0x000000008000510a (0x034a72d3) f5  0x7ff8000000000000
core   0: 0x000000008000510e (0x66c90b37) lui     s6, 0x66c90
core   0: 1 0x000000008000510e (0x66c90b37) x22 0x0000000066c90000
core   0: 0x0000000080005112 (0xf13cacf3) csrrs   s9, mimpid, s9
core   0: exception trap_illegal_instruction, epc 0x0000000080005112
core   0:           tval 0x00000000f13cacf3
core   0: >>>>  $xrv64i2p1_m2p0_a2p1_f2p2_d2p2_zicsr2p0_zifencei2p0_zmmul1p0_zba1p0_zbb1p0_zbc1p0_zbs1p0
core   0: 0x0000000080004000 (0x0080006f) j       pc + 0x8
core   0: 3 0x0000000080004000 (0x0080006f)
core   0: >>>>  mmode_exception_handler
core   0: 0x0000000080004008 (0x00002c17) auipc   s8, 0x2
core   0: 3 0x0000000080004008 (0x00002c17) x24 0x0000000080006008
core   0: 0x000000008000400c (0x00ac0c13) addi    s8, s8, 10
core   0: 3 0x000000008000400c (0x00ac0c13) x24 0x0000000080006012
core   0: 0x0000000080004010 (0x000c00e7) jalr    s8
core   0: 3 0x0000000080004010 (0x000c00e7) x1  0x0000000080004014
core   0: >>>>  any_handler
core   0: 0x0000000080006012 (0x341027f3) csrrs   a5, mepc, zero
core   0: 3 0x0000000080006012 (0x341027f3) x15 0x0000000080005112
core   0: 0x0000000080006016 (0x34202773) csrrs   a4, mcause, zero
core   0: 3 0x0000000080006016 (0x34202773) x14 0x0000000000000002
core   0: 0x000000008000601a (0x142026f3) csrrs   a3, scause, zero
core   0: 3 0x000000008000601a (0x142026f3) x13 0x0000000000000000
core   0: 0x000000008000601e (0x30402673) csrrs   a2, mie, zero
core   0: 3 0x000000008000601e (0x30402673) x12 0x0000000000000a00
core   0: 0x0000000080006022 (0x344025f3) csrrs   a1, mip, zero
core   0: 3 0x0000000080006022 (0x344025f3) x11 0x0000000000000080
core   0: 0x0000000080006026 (0x343025f3) csrrs   a1, mtval, zero
core   0: 3 0x0000000080006026 (0x343025f3) x11 0x00000000f13cacf3
core   0: 0x000000008000602a (0x14302573) csrrs   a0, stval, zero
core   0: 3 0x000000008000602a (0x14302573) x10 0x0000000000000000
core   0: 0x000000008000602e (0xb02024f3) csrrs   s1, minstret, zero
core   0: 3 0x000000008000602e (0xb02024f3) x9  0x0000000000000d8d
core   0: 0x0000000080006032 (0x0000a811) c.j     pc + 20
core   0: 3 0x0000000080006032 (0xa811)
core   0: >>>>  mepc_4
core   0: 0x0000000080006046 (0x00000791) c.addi  a5, 4
core   0: 3 0x0000000080006046 (0x0791) x15 0x0000000080005116
core   0: 0x0000000080006048 (0x34179073) csrrw   zero, mepc, a5
core   0: 3 0x0000000080006048 (0x34179073) c833_mepc 0x0000000080005116
core   0: 0x000000008000604c (0x30200073) mret
core   0: 3 0x000000008000604c (0x30200073) c768_mstatus 0x8000000a00106080
core   0: 0x0000000080005116 (0x024af3b3) remu    t2, s5, tp
core   0: 1 0x0000000080005116 (0x024af3b3) x7  0x00000000004006c9
core   0: 0x000000008000511a (0x41a8083b) subw    a6, a6, s10
core   0: 1 0x000000008000511a (0x41a8083b) x16 0x0000000000400324
core   0: 0x000000008000511e (0xe20b0b53) fmv.x.d s6, fs6
core   0: 1 0x000000008000511e (0xe20b0b53) x22 0xffffffff4482c000
core   0: 0x0000000080005122 (0x7ff4e293) ori     t0, s1, 2047
core   0: 1 0x0000000080005122 (0x7ff4e293) x5  0x0000000000000fff
core   0: 0x0000000080005126 (0xfff9e693) ori     a3, s3, -1
core   0: 1 0x0000000080005126 (0xfff9e693) x13 0xffffffffffffffff
core   0: 0x000000008000512a (0x23911cd3) fsgnjn.d fs9, ft2, fs9
core   0: 1 0x000000008000512a (0x23911cd3) f25 0x7ff8000000000000
core   0: 0x000000008000512e (0x420106d3) fcvt.d.s fa3, ft2
core   0: 1 0x000000008000512e (0x420106d3) f13 0x7ff8000000000000
core   0: 0x0000000080005132 (0x03b69b93) slli    s7, a3, 59
core   0: 1 0x0000000080005132 (0x03b69b93) x23 0xf800000000000000
core   0: 0x0000000080005136 (0x000ed41b) srliw   s0, t4, 0
core   0: 1 0x0000000080005136 (0x000ed41b) x8  0x0000000000000000
core   0: 0x000000008000513a (0x93d17947) fmsub.d fs2, ft2, ft9, fs2
core   0: 1 0x000000008000513a (0x93d17947) f18 0x7ff8000000000000
core   0: 0x000000008000513e (0x0038111b) slliw   sp, a6, 3
core   0: 1 0x000000008000513e (0x0038111b) x2  0x0000000002001920
core   0: 0x0000000080005142 (0x2a7591d3) fmax.d  ft3, fa1, ft7
core   0: 1 0x0000000080005142 (0x2a7591d3) f3  0xc1ccd908ac000000
core   0: 0x0000000080005146 (0x03d57333) remu    t1, a0, t4
core   0: 1 0x0000000080005146 (0x03d57333) x6  0x0000000000000000
core   0: 0x000000008000514a (0x3a85f44f) fnmadd.d fs0, fa1, fs0, ft7
core   0: 1 0x000000008000514a (0x3a85f44f) f8  0x7ff8000000000000
core   0: 0x000000008000514e (0x000cfb13) andi    s6, s9, 0
core   0: 1 0x000000008000514e (0x000cfb13) x22 0x0000000000000000
core   0: 0x0000000080005152 (0x006e6933) or      s2, t3, t1
core   0: 1 0x0000000080005152 (0x006e6933) x18 0x0000000000000000
core   0: 0x0000000080005156 (0xa2b181d3) fle.d   gp, ft3, fa1
core   0: 1 0x0000000080005156 (0xa2b181d3) c1_fflags 0x0000000000000010 x3  0x0000000000000000
core   0: 0x000000008000515a (0x1a6af0cf) fnmadd.d ft1, fs5, ft6, ft3
core   0: 1 0x000000008000515a (0x1a6af0cf) f1  0x7ff8000000000000
core   0: 0x000000008000515e (0x419d87bb) subw    a5, s11, s9
core   0: 1 0x000000008000515e (0x419d87bb) x15 0x000000000005e269
core   0: 0x0000000080005162 (0x00057013) andi    zero, a0, 0
core   0: 1 0x0000000080005162 (0x00057013)
core   0: 0x0000000080005166 (0x401b5993) srai    s3, s6, 1
core   0: 1 0x0000000080005166 (0x401b5993) x19 0x0000000000000000
core   0: 0x000000008000516a (0xb32b7ac3) fmadd.d fs5, fs6, fs2, fs6
core   0: 1 0x000000008000516a (0xb32b7ac3) f21 0x7ff8000000000000
core   0: 0x000000008000516e (0x406e5e3b) sraw    t3, t3, t1
core   0: 1 0x000000008000516e (0x406e5e3b) x28 0x0000000000000000
core   0: 0x0000000080005172 (0x4323f2c7) fmsub.d ft5, ft7, fs2, fs0
core   0: 1 0x0000000080005172 (0x4323f2c7) f5  0x7ff8000000000000
core   0: 0x0000000080005176 (0x40425413) srai    s0, tp, 4
core   0: 1 0x0000000080005176 (0x40425413) x8  0x000000000253e69a
core   0: 0x000000008000517a (0x00fe68b3) or      a7, t3, a5
core   0: 1 0x000000008000517a (0x00fe68b3) x17 0x000000000005e269
core   0: 0x000000008000517e (0x2a23fb47) fmsub.d fs6, ft7, ft2, ft5
core   0: 1 0x000000008000517e (0x2a23fb47) f22 0x7ff8000000000000
core   0: 0x0000000080005182 (0x40da5b1b) sraiw   s6, s4, 13
core   0: 1 0x0000000080005182 (0x40da5b1b) x22 0x0000000000000000
core   0: 0x0000000080005186 (0x01d2909b) slliw   ra, t0, 29
core   0: 1 0x0000000080005186 (0x01d2909b) x1  0xffffffffe0000000
core   0: 0x000000008000518a (0x02148033) mul     zero, s1, ra
core   0: 1 0x000000008000518a (0x02148033)
core   0: 0x000000008000518e (0x001a8913) addi    s2, s5, 1
core   0: 1 0x000000008000518e (0x001a8913) x18 0x00000000004006ca
core   0: 0x0000000080005192 (0x5f230593) addi    a1, t1, 1522
core   0: 1 0x0000000080005192 (0x5f230593) x11 0x00000000000005f2
core   0: 0x0000000080005196 (0x0187043b) addw    s0, a4, s8
core   0: 1 0x0000000080005196 (0x0187043b) x8  0xffffffff80006014
core   0: 0x000000008000519a (0xabc161b7) lui     gp, 0xabc16
core   0: 1 0x000000008000519a (0xabc161b7) x3  0xffffffffabc16000
core   0: 0x000000008000519e (0x03fa9b93) slli    s7, s5, 63
core   0: 1 0x000000008000519e (0x03fa9b93) x23 0x8000000000000000
core   0: 0x00000000800051a2 (0x0194d4bb) srlw    s1, s1, s9
core   0: 1 0x00000000800051a2 (0x0194d4bb) x9  0x0000000000000d8d
core   0: 0x00000000800051a6 (0x7ff26313) ori     t1, tp, 2047
core   0: 1 0x00000000800051a6 (0x7ff26313) x6  0x00000000253e6fff
core   0: 0x00000000800051aa (0x420e80d3) fcvt.d.s ft1, ft9
core   0: 1 0x00000000800051aa (0x420e80d3) f1  0x7ff8000000000000
core   0: 0x00000000800051ae (0x0b60fcc3) fmadd.d fs9, ft1, fs6, ft1
core   0: 1 0x00000000800051ae (0x0b60fcc3) f25 0x7ff8000000000000
core   0: 0x00000000800051b2 (0x420d8c53) fcvt.d.s fs8, fs11
core   0: 1 0x00000000800051b2 (0x420d8c53) f24 0x7ff8000000000000
core   0: 0x00000000800051b6 (0x001a1273) csrrw   tp, fflags, s4
core   0: 1 0x00000000800051b6 (0x001a1273) x4  0x0000000000000010 c1_fflags 0x0000000000000000
core   0: 0x00000000800051ba (0x013b99bb) sllw    s3, s7, s3
core   0: 1 0x00000000800051ba (0x013b99bb) x19 0x0000000000000000
core   0: 0x00000000800051be (0x0063d0b3) srl     ra, t2, t1
core   0: 1 0x00000000800051be (0x0063d0b3) x1  0x0000000000000000
core   0: 0x00000000800051c2 (0x14456bf3) csrrsi  s7, sip, 10
core   0: 1 0x00000000800051c2 (0x14456bf3) x23 0x0000000000000000 c836_mip 0x0000000000000080
core   0: 0x00000000800051c6 (0x02216133) rem     sp, sp, sp
core   0: 1 0x00000000800051c6 (0x02216133) x2  0x0000000000000000
core   0: 0x00000000800051ca (0x001517f3) csrrw   a5, fflags, a0
core   0: 1 0x00000000800051ca (0x001517f3) x15 0x0000000000000000 c1_fflags 0x0000000000000000
core   0: 0x00000000800051ce (0x67e9a9b7) lui     s3, 0x67e9a
core   0: 1 0x00000000800051ce (0x67e9a9b7) x19 0x0000000067e9a000
core   0: 0x00000000800051d2 (0x235c0fd3) fsgnj.d ft11, fs8, fs5
core   0: 1 0x00000000800051d2 (0x235c0fd3) f31 0x7ff8000000000000
core   0: 0x00000000800051d6 (0xa33f89d3) fle.d   s3, ft11, fs3
core   0: 1 0x00000000800051d6 (0xa33f89d3) c1_fflags 0x0000000000000010 x19 0x0000000000000000
core   0: 0x00000000800051da (0x41e6501b) sraiw   zero, a2, 30
core   0: 1 0x00000000800051da (0x41e6501b)
core   0: 0x00000000800051de (0x423bdb93) srai    s7, s7, 35
core   0: 1 0x00000000800051de (0x423bdb93) x23 0x0000000000000000
core   0: 0x00000000800051e2 (0xd2207153) fcvt.d.l ft2, zero
core   0: 1 0x00000000800051e2 (0xd2207153) f2  0x0000000000000000
core   0: 0x00000000800051e6 (0x401b591b) sraiw   s2, s6, 1
core   0: 1 0x00000000800051e6 (0x401b591b) x18 0x0000000000000000
core   0: 0x00000000800051ea (0x00000001) c.nop
core   0: 1 0x00000000800051ea (0x0001)
core   0: 0x00000000800051ec (0x401600b3) sub     ra, a2, ra
core   0: 1 0x00000000800051ec (0x401600b3) x1  0x0000000000000a00
core   0: 0x00000000800051f0 (0xff8ee4b7) lui     s1, 0xff8ee
core   0: 1 0x00000000800051f0 (0xff8ee4b7) x9  0xffffffffff8ee000
core   0: 0x00000000800051f4 (0x3a94849b) addiw   s1, s1, 937
core   0: 1 0x00000000800051f4 (0x3a94849b) x9  0xffffffffff8ee3a9
core   0: 0x00000000800051f8 (0x000004b6) c.slli  s1, 13
core   0: 1 0x00000000800051f8 (0x04b6) x9  0xfffffff1dc752000
core   0: 0x00000000800051fa (0xe5f48493) addi    s1, s1, -417
core   0: 1 0x00000000800051fa (0xe5f48493) x9  0xfffffff1dc751e5f
core   0: 0x00000000800051fe (0xc210fdd3) fcvt.wu.d s11, ft1
core   0: 1 0x00000000800051fe (0xc210fdd3) c1_fflags 0x0000000000000010 x27 0xffffffffffffffff
core   0: 0x0000000080005202 (0x12a2f3c3) fmadd.d ft7, ft5, fa0, ft2
core   0: 1 0x0000000080005202 (0x12a2f3c3) f7  0x7ff8000000000000
core   0: 0x0000000080005206 (0xc02e7c53) fcvt.l.s s8, ft8
core   0: 1 0x0000000080005206 (0xc02e7c53) c1_fflags 0x0000000000000010 x24 0x7fffffffffffffff
core   0: 0x000000008000520a (0x031945b3) div     a1, s2, a7
core   0: 1 0x000000008000520a (0x031945b3) x11 0x0000000000000000
core   0: 0x000000008000520e (0x00000001) c.nop
core   0: 1 0x000000008000520e (0x0001)
core   0: 0x0000000080005210 (0x0b8378d3) fsub.d  fa7, ft6, fs8
core   0: 1 0x0000000080005210 (0x0b8378d3) f17 0x7ff8000000000000
core   0: 0x0000000080005214 (0x01972533) slt     a0, a4, s9
core   0: 1 0x0000000080005214 (0x01972533) x10 0x0000000000000000
core   0: 0x0000000080005218 (0x00aa9033) sll     zero, s5, a0
core   0: 1 0x0000000080005218 (0x00aa9033)
core   0: 0x000000008000521c (0xe9c00d9b) addiw   s11, zero, -356
core   0: 1 0x000000008000521c (0xe9c00d9b) x27 0xfffffffffffffe9c
core   0: 0x0000000080005220 (0xbb7b7643) fmadd.d fa2, fs6, fs7, fs7
core   0: 1 0x0000000080005220 (0xbb7b7643) f12 0x7ff8000000000000
core   0: 0x0000000080005224 (0x00829313) slli    t1, t0, 8
core   0: 1 0x0000000080005224 (0x00829313) x6  0x00000000000fff00
core   0: 0x0000000080005228 (0x03b5c333) div     t1, a1, s11
core   0: 1 0x0000000080005228 (0x03b5c333) x6  0x0000000000000000
core   0: 0x000000008000522c (0x7dabf437) lui     s0, 0x7dabf
core   0: 1 0x000000008000522c (0x7dabf437) x8  0x000000007dabf000
core   0: 0x0000000080005230 (0xd2140853) fcvt.d.wu fa6, s0
core   0: 1 0x0000000080005230 (0xd2140853) f16 0x41df6afc00000000
core   0: 0x0000000080005234 (0xd220fb53) fcvt.d.l fs6, ra
core   0: 1 0x0000000080005234 (0xd220fb53) f22 0x40a4000000000000
core   0: 0x0000000080005238 (0x400b5b1b) sraiw   s6, s6, 0
core   0: 1 0x0000000080005238 (0x400b5b1b) x22 0x0000000000000000
core   0: 0x000000008000523c (0xc03b74d3) fcvt.lu.s s1, fs6
core   0: 1 0x000000008000523c (0xc03b74d3) c1_fflags 0x0000000000000010 x9  0xffffffffffffffff
core   0: 0x0000000080005240 (0x12c779d3) fmul.d  fs3, fa4, fa2
core   0: 1 0x0000000080005240 (0x12c779d3) f19 0x7ff8000000000000
core   0: 0x0000000080005244 (0xc2377ad3) fcvt.lu.d s5, fa4
core   0: 1 0x0000000080005244 (0xc2377ad3) c1_fflags 0x0000000000000010 x21 0xffffffffffffffff
core   0: 0x0000000080005248 (0x40c088bb) subw    a7, ra, a2
core   0: 1 0x0000000080005248 (0x40c088bb) x17 0x0000000000000000
core   0: 0x000000008000524c (0xc2307353) fcvt.lu.d t1, ft0
core   0: 1 0x000000008000524c (0xc2307353) c1_fflags 0x0000000000000010 x6  0xffffffffffffffff
core   0: 0x0000000080005250 (0x00000001) c.nop
core   0: 1 0x0000000080005250 (0x0001)
core   0: 0x0000000080005252 (0x2a5d9453) fmax.d  fs0, fs11, ft5
core   0: 1 0x0000000080005252 (0x2a5d9453) f8  0x0000000000000000
core   0: 0x0000000080005256 (0x03bd00bb) mulw    ra, s10, s11
core   0: 1 0x0000000080005256 (0x03bd00bb) x1  0x0000000059045e10
core   0: 0x000000008000525a (0xf2008853) fmv.d.x fa6, ra
core   0: 1 0x000000008000525a (0xf2008853) f16 0x0000000059045e10
core   0: 0x000000008000525e (0x013b83b3) add     t2, s7, s3
core   0: 1 0x000000008000525e (0x013b83b3) x7  0x0000000000000000
core   0: 0x0000000080005262 (0x228e8ed3) fsgnj.d ft9, ft9, fs0
core   0: 1 0x0000000080005262 (0x228e8ed3) f29 0x7ff8000000000000
core   0: 0x0000000080005266 (0x016af6b3) and     a3, s5, s6
core   0: 1 0x0000000080005266 (0x016af6b3) x13 0x0000000000000000
core   0: 0x000000008000526a (0xcf7e7b13) andi    s6, t3, -777
core   0: 1 0x000000008000526a (0xcf7e7b13) x22 0x0000000000000000
core   0: 0x000000008000526e (0x0046e1b3) or      gp, a3, tp
core   0: 1 0x000000008000526e (0x0046e1b3) x3  0x0000000000000010
core   0: 0x0000000080005272 (0x02db5933) divu    s2, s6, a3
core   0: 1 0x0000000080005272 (0x02db5933) x18 0xffffffffffffffff
core   0: 0x0000000080005276 (0x000b7c93) andi    s9, s6, 0
core   0: 1 0x0000000080005276 (0x000b7c93) x25 0x0000000000000000
core   0: 0x000000008000527a (0x4061d0bb) sraw    ra, gp, t1
core   0: 1 0x000000008000527a (0x4061d0bb) x1  0x0000000000000000
core   0: 0x000000008000527e (0xe81b29b7) lui     s3, 0xe81b2
core   0: 1 0x000000008000527e (0xe81b29b7) x19 0xffffffffe81b2000
core   0: 0x0000000080005282 (0x01a991bb) sllw    gp, s3, s10
core   0: 1 0x0000000080005282 (0x01a991bb) x3  0x0000000000000000
core   0: 0x0000000080005286 (0x4005d49b) sraiw   s1, a1, 0
core   0: 1 0x0000000080005286 (0x4005d49b) x9  0x0000000000000000
core   0: 0x000000008000528a (0xe20e0253) fmv.x.d tp, ft8
core   0: 1 0x000000008000528a (0xe20e0253) x4  0x7ff8000000000000
core   0: 0x000000008000528e (0xc2327553) fcvt.lu.d a0, ft4
core   0: 1 0x000000008000528e (0xc2327553) c1_fflags 0x0000000000000010 x10 0xffffffffffffffff
core   0: 0x0000000080005292 (0x41c5d79b) sraiw   a5, a1, 28
core   0: 1 0x0000000080005292 (0x41c5d79b) x15 0x0000000000000000
core   0: 0x0000000080005296 (0x13d4f4d3) fmul.d  fs1, fs1, ft9
core   0: 1 0x0000000080005296 (0x13d4f4d3) f9  0x7ff8000000000000
core   0: 0x000000008000529a (0x230486d3) fsgnj.d fa3, fs1, fa6
core   0: 1 0x000000008000529a (0x230486d3) f13 0x7ff8000000000000
core   0: 0x000000008000529e (0x230a0653) fsgnj.d fa2, fs4, fa6
core   0: 1 0x000000008000529e (0x230a0653) f12 0x7ff8000000000000
core   0: 0x00000000800052a2 (0x43f25313) srai    t1, tp, 63
core   0: 1 0x00000000800052a2 (0x43f25313) x6  0x0000000000000000
core   0: 0x00000000800052a6 (0x00ed1d3b) sllw    s10, s10, a4
core   0: 1 0x00000000800052a6 (0x00ed1d3b) x26 0xfffffffffefff370
core   0: 0x00000000800052aa (0x40c2d99b) sraiw   s3, t0, 12
core   0: 1 0x00000000800052aa (0x40c2d99b) x19 0x0000000000000000
core   0: 0x00000000800052ae (0x22b599d3) fsgnjn.d fs3, fa1, fa1
core   0: 1 0x00000000800052ae (0x22b599d3) f19 0x7fffffff00000000
core   0: 0x00000000800052b2 (0x00261073) csrrw   zero, frm, a2
core   0: 1 0x00000000800052b2 (0x00261073) c2_frm 0x0000000000000000
core   0: 0x00000000800052b6 (0xaa8672c7) fmsub.d ft5, fa2, fs0, fs5
core   0: 1 0x00000000800052b6 (0xaa8672c7) f5  0x7ff8000000000000
core   0: 0x00000000800052ba (0xc2117653) fcvt.wu.d a2, ft2
core   0: 1 0x00000000800052ba (0xc2117653) x12 0x0000000000000000
core   0: 0x00000000800052be (0x00202073) csrrs   zero, frm, zero
core   0: 1 0x00000000800052be (0x00202073)
core   0: 0x00000000800052c2 (0x0a827853) fsub.d  fa6, ft4, fs0
core   0: 1 0x00000000800052c2 (0x0a827853) f16 0x7ff8000000000000
core   0: 0x00000000800052c6 (0x3263f747) fmsub.d fa4, ft7, ft6, ft6
core   0: 1 0x00000000800052c6 (0x3263f747) f14 0x7ff8000000000000
core   0: 0x00000000800052ca (0x00424eb3) xor     t4, tp, tp
core   0: 1 0x00000000800052ca (0x00424eb3) x29 0x0000000000000000
core   0: 0x00000000800052ce (0xd21e84d3) fcvt.d.wu fs1, t4
core   0: 1 0x00000000800052ce (0xd21e84d3) f9  0x0000000000000000
core   0: 0x00000000800052d2 (0x00000001) c.nop
core   0: 1 0x00000000800052d2 (0x0001)
core   0: 0x00000000800052d4 (0x00e7d93b) srlw    s2, a5, a4
core   0: 1 0x00000000800052d4 (0x00e7d93b) x18 0x0000000000000000
core   0: 0x00000000800052d8 (0xd1547e13) andi    t3, s0, -747
core   0: 1 0x00000000800052d8 (0xd1547e13) x28 0x000000007dabf000
core   0: 0x00000000800052dc (0x01ce1e9b) slliw   t4, t3, 28
core   0: 1 0x00000000800052dc (0x01ce1e9b) x29 0x0000000000000000
core   0: 0x00000000800052e0 (0x413ad19b) sraiw   gp, s5, 19
core   0: 1 0x00000000800052e0 (0x413ad19b) x3  0xffffffffffffffff
core   0: 0x00000000800052e4 (0x1b1dfcd3) fdiv.d  fs9, fs11, fa7
core   0: 1 0x00000000800052e4 (0x1b1dfcd3) f25 0x7ff8000000000000
core   0: 0x00000000800052e8 (0xc02a7153) fcvt.l.s sp, fs4
core   0: 1 0x00000000800052e8 (0xc02a7153) c1_fflags 0x0000000000000010 x2  0x7fffffffffffffff
core   0: 0x00000000800052ec (0x227721d3) fsgnjx.d ft3, fa4, ft7
core   0: 1 0x00000000800052ec (0x227721d3) f3  0x7ff8000000000000
core   0: 0x00000000800052f0 (0x0326493b) divw    s2, a2, s2
core   0: 1 0x00000000800052f0 (0x0326493b) x18 0xffffffffffffffff
core   0: 0x00000000800052f4 (0x00202873) csrrs   a6, frm, zero
core   0: 1 0x00000000800052f4 (0x00202873) x16 0x0000000000000000
core   0: 0x00000000800052f8 (0xc23d7dd3) fcvt.lu.d s11, fs10
core   0: 1 0x00000000800052f8 (0xc23d7dd3) c1_fflags 0x0000000000000010 x27 0xffffffffffffffff
core   0: 0x00000000800052fc (0x40a55cbb) sraw    s9, a0, a0
core   0: 1 0x00000000800052fc (0x40a55cbb) x25 0xffffffffffffffff
core   0: 0x0000000080005300 (0x1bfbf453) fdiv.d  fs0, fs7, ft11
core   0: 1 0x0000000080005300 (0x1bfbf453) f8  0x7ff8000000000000
core   0: 0x0000000080005304 (0x02fdddb3) divu    s11, s11, a5
core   0: 1 0x0000000080005304 (0x02fdddb3) x27 0xffffffffffffffff
core   0: 0x0000000080005308 (0xd20d85d3) fcvt.d.w fa1, s11
core   0: 1 0x0000000080005308 (0xd20d85d3) f11 0xbff0000000000000
core   0: 0x000000008000530c (0x416e5e3b) sraw    t3, t3, s6
core   0: 1 0x000000008000530c (0x416e5e3b) x28 0x000000007dabf000
core   0: 0x0000000080005310 (0x40575e1b) sraiw   t3, a4, 5
core   0: 1 0x0000000080005310 (0x40575e1b) x28 0x0000000000000000
core   0: 0x0000000080005314 (0x2b658253) fmin.d  ft4, fa1, fs6
core   0: 1 0x0000000080005314 (0x2b658253) f4  0xbff0000000000000
core   0: 0x0000000080005318 (0x0ff0000f) fence   iorw,iorw
core   0: 1 0x0000000080005318 (0x0ff0000f)
core   0: 0x000000008000531c (0x0ac57853) fsub.d  fa6, fa0, fa2
core   0: 1 0x000000008000531c (0x0ac57853) f16 0x7ff8000000000000
core   0: 0x0000000080005320 (0x40187753) fcvt.s.d fa4, fa6
core   0: 1 0x0000000080005320 (0x40187753) f14 0xffffffff7fc00000
core   0: 0x0000000080005324 (0x800b8b1b) addiw   s6, s7, -2048
core   0: 1 0x0000000080005324 (0x800b8b1b) x22 0xfffffffffffff800
core   0: 0x0000000080005328 (0x011d97b3) sll     a5, s11, a7
core   0: 1 0x0000000080005328 (0x011d97b3) x15 0xffffffffffffffff
core   0: 0x000000008000532c (0x0ff0000f) fence   iorw,iorw
core   0: 1 0x000000008000532c (0x0ff0000f)
core   0: 0x0000000080005330 (0x1a26f5d3) fdiv.d  fa1, fa3, ft2
core   0: 1 0x0000000080005330 (0x1a26f5d3) f11 0x7ff8000000000000
core   0: 0x0000000080005334 (0xc03bf4d3) fcvt.lu.s s1, fs7
core   0: 1 0x0000000080005334 (0xc03bf4d3) c1_fflags 0x0000000000000010 x9  0xffffffffffffffff
core   0: 0x0000000080005338 (0x006cd893) srli    a7, s9, 6
core   0: 1 0x0000000080005338 (0x006cd893) x17 0x03ffffffffffffff
core   0: 0x000000008000533c (0x01435a3b) srlw    s4, t1, s4
core   0: 1 0x000000008000533c (0x01435a3b) x20 0x0000000000000000
core   0: 0x0000000080005340 (0x03cbfc33) remu    s8, s7, t3
core   0: 1 0x0000000080005340 (0x03cbfc33) x24 0x0000000000000000
core   0: 0x0000000080005344 (0x22e79ad3) fsgnjn.d fs5, fa5, fa4
core   0: 1 0x0000000080005344 (0x22e79ad3) f21 0x7ff8000000000000
core   0: 0x0000000080005348 (0x00465d1b) srliw   s10, a2, 4
core   0: 1 0x0000000080005348 (0x00465d1b) x26 0x0000000000000000
core   0: 0x000000008000534c (0xc20af1d3) fcvt.w.d gp, fs5
core   0: 1 0x000000008000534c (0xc20af1d3) c1_fflags 0x0000000000000010 x3  0x000000007fffffff
core   0: 0x0000000080005350 (0x2a210153) fmin.d  ft2, ft2, ft2
core   0: 1 0x0000000080005350 (0x2a210153) f2  0x0000000000000000
core   0: 0x0000000080005354 (0x0131dbbb) srlw    s7, gp, s3
core   0: 1 0x0000000080005354 (0x0131dbbb) x23 0x000000007fffffff
core   0: 0x0000000080005358 (0x003191b3) sll     gp, gp, gp
core   0: 1 0x0000000080005358 (0x003191b3) x3  0x8000000000000000
core   0: 0x000000008000535c (0x00e713b3) sll     t2, a4, a4
core   0: 1 0x000000008000535c (0x00e713b3) x7  0x0000000000000008
core   0: 0x0000000080005360 (0x22e12bd3) fsgnjx.d fs7, ft2, fa4
core   0: 1 0x0000000080005360 (0x22e12bd3) f23 0x8000000000000000
core   0: 0x0000000080005364 (0x00a4553b) srlw    a0, s0, a0
core   0: 1 0x0000000080005364 (0x00a4553b) x10 0x0000000000000000
core   0: 0x0000000080005368 (0x52370d9b) addiw   s11, a4, 1315
core   0: 1 0x0000000080005368 (0x52370d9b) x27 0x0000000000000525
core   0: 0x000000008000536c (0x420c0cd3) fcvt.d.s fs9, fs8
core   0: 1 0x000000008000536c (0x420c0cd3) f25 0x7ff8000000000000
core   0: 0x0000000080005370 (0x026dcbbb) divw    s7, s11, t1
core   0: 1 0x0000000080005370 (0x026dcbbb) x23 0xffffffffffffffff
core   0: 0x0000000080005374 (0x0094d1bb) srlw    gp, s1, s1
core   0: 1 0x0000000080005374 (0x0094d1bb) x3  0x0000000000000001
core   0: 0x0000000080005378 (0x00000001) c.nop
core   0: 1 0x0000000080005378 (0x0001)
core   0: 0x000000008000537a (0xdfbb8893) addi    a7, s7, -517
core   0: 1 0x000000008000537a (0xdfbb8893) x17 0xfffffffffffffdfa
core   0: 0x000000008000537e (0xd23879d3) fcvt.d.lu fs3, a6
core   0: 1 0x000000008000537e (0xd23879d3) f19 0x0000000000000000
core   0: 0x0000000080005382 (0x4161dd1b) sraiw   s10, gp, 22
core   0: 1 0x0000000080005382 (0x4161dd1b) x26 0x0000000000000000
core   0: 0x0000000080005386 (0x01a51a9b) slliw   s5, a0, 26
core   0: 1 0x0000000080005386 (0x01a51a9b) x21 0x0000000000000000
core   0: 0x000000008000538a (0xc02ff4d3) fcvt.l.s s1, ft11
core   0: 1 0x000000008000538a (0xc02ff4d3) c1_fflags 0x0000000000000010 x9  0x7fffffffffffffff
core   0: 0x000000008000538e (0x01bb97bb) sllw    a5, s7, s11
core   0: 1 0x000000008000538e (0x01bb97bb) x15 0xffffffffffffffe0
core   0: 0x0000000080005392 (0x03f69013) slli    zero, a3, 63
core   0: 1 0x0000000080005392 (0x03f69013)
core   0: 0x0000000080005396 (0x0124593b) srlw    s2, s0, s2
core   0: 1 0x0000000080005396 (0x0124593b) x18 0x0000000000000000
core   0: 0x000000008000539a (0x012a543b) srlw    s0, s4, s2
core   0: 1 0x000000008000539a (0x012a543b) x8  0x0000000000000000
core   0: 0x000000008000539e (0x02814b3b) divw    s6, sp, s0
core   0: 1 0x000000008000539e (0x02814b3b) x22 0xffffffffffffffff
core   0: 0x00000000800053a2 (0x420c05d3) fcvt.d.s fa1, fs8
core   0: 1 0x00000000800053a2 (0x420c05d3) f11 0x7ff8000000000000
core   0: 0x00000000800053a6 (0x004e5033) srl     zero, t3, tp
core   0: 1 0x00000000800053a6 (0x004e5033)
core   0: 0x00000000800053aa (0x01821233) sll     tp, tp, s8
core   0: 1 0x00000000800053aa (0x01821233) x4  0x7ff8000000000000
core   0: 0x00000000800053ae (0x013a929b) slliw   t0, s5, 19
core   0: 1 0x00000000800053ae (0x013a929b) x5  0x0000000000000000
core   0: 0x00000000800053b2 (0xa29c0bd3) fle.d   s7, fs8, fs1
core   0: 1 0x00000000800053b2 (0xa29c0bd3) c1_fflags 0x0000000000000010 x23 0x0000000000000000
core   0: 0x00000000800053b6 (0x42010b53) fcvt.d.s fs6, ft2
core   0: 1 0x00000000800053b6 (0x42010b53) f22 0x7ff8000000000000
core   0: 0x00000000800053ba (0x029cdb33) divu    s6, s9, s1
core   0: 1 0x00000000800053ba (0x029cdb33) x22 0x0000000000000002
core   0: 0x00000000800053be (0x41738bb3) sub     s7, t2, s7
core   0: 1 0x00000000800053be (0x41738bb3) x23 0x0000000000000008
core   0: 0x00000000800053c2 (0xd03377d3) fcvt.s.lu fa5, t1
core   0: 1 0x00000000800053c2 (0xd03377d3) f15 0xffffffff00000000
core   0: 0x00000000800053c6 (0x4b32f2c3) fmadd.d ft5, ft5, fs3, fs1
core   0: 1 0x00000000800053c6 (0x4b32f2c3) f5  0x7ff8000000000000
core   0: 0x00000000800053ca (0x035670b3) remu    ra, a2, s5
core   0: 1 0x00000000800053ca (0x035670b3) x1  0x0000000000000000
core   0: 0x00000000800053ce (0x0005821b) sext.w  tp, a1
core   0: 1 0x00000000800053ce (0x0005821b) x4  0x0000000000000000
core   0: 0x00000000800053d2 (0x141076f3) csrrci  a3, sepc, 0
core   0: 1 0x00000000800053d2 (0x141076f3) x13 0x0000000000000000
core   0: 0x00000000800053d6 (0xb730841b) addiw   s0, ra, -1165
core   0: 1 0x00000000800053d6 (0xb730841b) x8  0xfffffffffffffb73
core   0: 0x00000000800053da (0x031aee33) rem     t3, s5, a7
core   0: 1 0x00000000800053da (0x031aee33) x28 0x0000000000000000
core   0: 0x00000000800053de (0x415e57b3) sra     a5, t3, s5
core   0: 1 0x00000000800053de (0x415e57b3) x15 0x0000000000000000
core   0: 0x00000000800053e2 (0x01c579b3) and     s3, a0, t3
core   0: 1 0x00000000800053e2 (0x01c579b3) x19 0x0000000000000000
core   0: 0x00000000800053e6 (0x000e1c93) slli    s9, t3, 0
core   0: 1 0x00000000800053e6 (0x000e1c93) x25 0x0000000000000000
core   0: 0x00000000800053ea (0xd25d7b4f) fnmadd.d fs6, fs10, ft5, fs10
core   0: 1 0x00000000800053ea (0xd25d7b4f) f22 0x7ff8000000000000
core   0: 0x00000000800053ee (0xc027a337) lui     t1, 0xc027a
core   0: 1 0x00000000800053ee (0xc027a337) x6  0xffffffffc027a000
core   0: 0x00000000800053f2 (0xcd366cb7) lui     s9, 0xcd366
core   0: 1 0x00000000800053f2 (0xcd366cb7) x25 0xffffffffcd366000
core   0: 0x00000000800053f6 (0x008aa833) slt     a6, s5, s0
core   0: 1 0x00000000800053f6 (0x008aa833) x16 0x0000000000000000
core   0: 0x00000000800053fa (0x02272533) mulhsu  a0, a4, sp
core   0: 1 0x00000000800053fa (0x02272533) x10 0x0000000000000000
core   0: 0x00000000800053fe (0x006d08bb) addw    a7, s10, t1
core   0: 1 0x00000000800053fe (0x006d08bb) x17 0xffffffffc027a000
core   0: 0x0000000080005402 (0xd23af4d3) fcvt.d.lu fs1, s5
core   0: 1 0x0000000080005402 (0xd23af4d3) f9  0x0000000000000000
core   0: 0x0000000080005406 (0xd23afbd3) fcvt.d.lu fs7, s5
core   0: 1 0x0000000080005406 (0xd23afbd3) f23 0x0000000000000000
core   0: 0x000000008000540a (0xf20d0253) fmv.d.x ft4, s10
core   0: 1 0x000000008000540a (0xf20d0253) f4  0x0000000000000000
core   0: 0x000000008000540e (0x00000001) c.nop
core   0: 1 0x000000008000540e (0x0001)
core   0: 0x0000000080005410 (0x40dad63b) sraw    a2, s5, a3
core   0: 1 0x0000000080005410 (0x40dad63b) x12 0x0000000000000000
core   0: 0x0000000080005414 (0x012779b3) and     s3, a4, s2
core   0: 1 0x0000000080005414 (0x012779b3) x19 0x0000000000000000
core   0: 0x0000000080005418 (0x02020ab3) mul     s5, tp, zero
core   0: 1 0x0000000080005418 (0x02020ab3) x21 0x0000000000000000
core   0: 0x000000008000541c (0xc0357953) fcvt.lu.s s2, fa0
core   0: 1 0x000000008000541c (0xc0357953) c1_fflags 0x0000000000000010 x18 0xffffffffffffffff
core   0: 0x0000000080005420 (0xd02afcd3) fcvt.s.l fs9, s5
core   0: 1 0x0000000080005420 (0xd02afcd3) f25 0xffffffff00000000
core   0: 0x0000000080005424 (0x021a0ab3) mul     s5, s4, ra
core   0: 1 0x0000000080005424 (0x021a0ab3) x21 0x0000000000000000
core   0: 0x0000000080005428 (0x0130003b) addw    zero, zero, s3
core   0: 1 0x0000000080005428 (0x0130003b)
core   0: 0x000000008000542c (0x401c5733) sra     a4, s8, ra
core   0: 1 0x000000008000542c (0x401c5733) x14 0x0000000000000000
core   0: 0x0000000080005430 (0x22861453) fsgnjn.d fs0, fa2, fs0
core   0: 1 0x0000000080005430 (0x22861453) f8  0xfff8000000000000
core   0: 0x0000000080005434 (0x00261cf3) csrrw   s9, frm, a2
core   0: 1 0x0000000080005434 (0x00261cf3) x25 0x0000000000000000 c2_frm 0x0000000000000000
core   0: 0x0000000080005438 (0x0398823b) mulw    tp, a7, s9
core   0: 1 0x0000000080005438 (0x0398823b) x4  0x0000000000000000
core   0: 0x000000008000543c (0x000c151b) slliw   a0, s8, 0
core   0: 1 0x000000008000543c (0x000c151b) x10 0x0000000000000000
core   0: 0x0000000080005440 (0x03c30933) mul     s2, t1, t3
core   0: 1 0x0000000080005440 (0x03c30933) x18 0x0000000000000000
core   0: 0x0000000080005444 (0x00691333) sll     t1, s2, t1
core   0: 1 0x0000000080005444 (0x00691333) x6  0x0000000000000000
core   0: 0x0000000080005448 (0xd03575d3) fcvt.s.lu fa1, a0
core   0: 1 0x0000000080005448 (0xd03575d3) f11 0xffffffff00000000
core   0: 0x000000008000544c (0x02e73733) mulhu   a4, a4, a4
core   0: 1 0x000000008000544c (0x02e73733) x14 0x0000000000000000
core   0: 0x0000000080005450 (0x41095a3b) sraw    s4, s2, a6
core   0: 1 0x0000000080005450 (0x41095a3b) x20 0x0000000000000000
core   0: 0x0000000080005454 (0x329a74c7) fmsub.d fs1, fs4, fs1, ft6
core   0: 1 0x0000000080005454 (0x329a74c7) f9  0x7ff8000000000000
core   0: 0x0000000080005458 (0x03465633) divu    a2, a2, s4
core   0: 1 0x0000000080005458 (0x03465633) x12 0xffffffffffffffff
core   0: 0x000000008000545c (0x8004089b) addiw   a7, s0, -2048
core   0: 1 0x000000008000545c (0x8004089b) x17 0xfffffffffffff373
core   0: 0x0000000080005460 (0x40865013) srai    zero, a2, 8
core   0: 1 0x0000000080005460 (0x40865013)
core   0: 0x0000000080005464 (0xe20e8453) fmv.x.d s0, ft9
core   0: 1 0x0000000080005464 (0xe20e8453) x8  0x7ff8000000000000
core   0: 0x0000000080005468 (0x00109573) csrrw   a0, fflags, ra
core   0: 1 0x0000000080005468 (0x00109573) x10 0x0000000000000010 c1_fflags 0x0000000000000000
core   0: 0x000000008000546c (0x02151733) mulh    a4, a0, ra
core   0: 1 0x000000008000546c (0x02151733) x14 0x0000000000000000
core   0: 0x0000000080005470 (0x32abf64f) fnmadd.d fa2, fs7, fa0, ft6
core   0: 1 0x0000000080005470 (0x32abf64f) f12 0x7ff8000000000000
core   0: 0x0000000080005474 (0x41a60e3b) subw    t3, a2, s10
core   0: 1 0x0000000080005474 (0x41a60e3b) x28 0xffffffffffffffff
core   0: 0x0000000080005478 (0x02e6773b) remuw   a4, a2, a4
core   0: 1 0x0000000080005478 (0x02e6773b) x14 0xffffffffffffffff
core   0: 0x000000008000547c (0xf140d2f3) csrrwi  t0, mhartid, 1
core   0: exception trap_illegal_instruction, epc 0x000000008000547c
core   0:           tval 0x00000000f140d2f3
core   0: >>>>  $xrv64i2p1_m2p0_a2p1_f2p2_d2p2_zicsr2p0_zifencei2p0_zmmul1p0_zba1p0_zbb1p0_zbc1p0_zbs1p0
core   0: 0x0000000080004000 (0x0080006f) j       pc + 0x8
core   0: 3 0x0000000080004000 (0x0080006f)
core   0: >>>>  mmode_exception_handler
core   0: 0x0000000080004008 (0x00002c17) auipc   s8, 0x2
core   0: 3 0x0000000080004008 (0x00002c17) x24 0x0000000080006008
core   0: 0x000000008000400c (0x00ac0c13) addi    s8, s8, 10
core   0: 3 0x000000008000400c (0x00ac0c13) x24 0x0000000080006012
core   0: 0x0000000080004010 (0x000c00e7) jalr    s8
core   0: 3 0x0000000080004010 (0x000c00e7) x1  0x0000000080004014
core   0: >>>>  any_handler
core   0: 0x0000000080006012 (0x341027f3) csrrs   a5, mepc, zero
core   0: 3 0x0000000080006012 (0x341027f3) x15 0x000000008000547c
core   0: 0x0000000080006016 (0x34202773) csrrs   a4, mcause, zero
core   0: 3 0x0000000080006016 (0x34202773) x14 0x0000000000000002
core   0: 0x000000008000601a (0x142026f3) csrrs   a3, scause, zero
core   0: 3 0x000000008000601a (0x142026f3) x13 0x0000000000000000
core   0: 0x000000008000601e (0x30402673) csrrs   a2, mie, zero
core   0: 3 0x000000008000601e (0x30402673) x12 0x0000000000000a00
core   0: 0x0000000080006022 (0x344025f3) csrrs   a1, mip, zero
core   0: 3 0x0000000080006022 (0x344025f3) x11 0x0000000000000080
core   0: 0x0000000080006026 (0x343025f3) csrrs   a1, mtval, zero
core   0: 3 0x0000000080006026 (0x343025f3) x11 0x00000000f140d2f3
core   0: 0x000000008000602a (0x14302573) csrrs   a0, stval, zero
core   0: 3 0x000000008000602a (0x14302573) x10 0x0000000000000000
core   0: 0x000000008000602e (0xb02024f3) csrrs   s1, minstret, zero
core   0: 3 0x000000008000602e (0xb02024f3) x9  0x0000000000000e7a
core   0: 0x0000000080006032 (0x0000a811) c.j     pc + 20
core   0: 3 0x0000000080006032 (0xa811)
core   0: >>>>  mepc_4
core   0: 0x0000000080006046 (0x00000791) c.addi  a5, 4
core   0: 3 0x0000000080006046 (0x0791) x15 0x0000000080005480
core   0: 0x0000000080006048 (0x34179073) csrrw   zero, mepc, a5
core   0: 3 0x0000000080006048 (0x34179073) c833_mepc 0x0000000080005480
core   0: 0x000000008000604c (0x30200073) mret
core   0: 3 0x000000008000604c (0x30200073) c768_mstatus 0x8000000a00106080
core   0: 0x0000000080005480 (0x0006171b) slliw   a4, a2, 0
core   0: 1 0x0000000080005480 (0x0006171b) x14 0x0000000000000a00
core   0: 0x0000000080005484 (0x00000001) c.nop
core   0: 1 0x0000000080005484 (0x0001)
core   0: 0x0000000080005486 (0xc2367ed3) fcvt.lu.d t4, fa2
core   0: 1 0x0000000080005486 (0xc2367ed3) c1_fflags 0x0000000000000010 x29 0xffffffffffffffff
core   0: 0x000000008000548a (0x23862653) fsgnjx.d fa2, fa2, fs8
core   0: 1 0x000000008000548a (0x23862653) f12 0x7ff8000000000000
core   0: 0x000000008000548e (0xa3e50453) fle.d   s0, fa0, ft10
core   0: 1 0x000000008000548e (0xa3e50453) c1_fflags 0x0000000000000010 x8  0x0000000000000000
core   0: 0x0000000080005492 (0x410e5293) srai    t0, t3, 16
core   0: 1 0x0000000080005492 (0x410e5293) x5  0xffffffffffffffff
core   0: 0x0000000080005496 (0x01cb0bb3) add     s7, s6, t3
core   0: 1 0x0000000080005496 (0x01cb0bb3) x23 0x0000000000000001
core   0: 0x000000008000549a (0x403951bb) sraw    gp, s2, gp
core   0: 1 0x000000008000549a (0x403951bb) x3  0x0000000000000000
core   0: 0x000000008000549e (0xc226f4d3) fcvt.l.d s1, fa3
core   0: 1 0x000000008000549e (0xc226f4d3) c1_fflags 0x0000000000000010 x9  0x7fffffffffffffff
core   0: 0x00000000800054a2 (0xb0236d73) csrrsi  s10, minstret, 6
core   0: exception trap_illegal_instruction, epc 0x00000000800054a2
core   0:           tval 0x00000000b0236d73
core   0: >>>>  $xrv64i2p1_m2p0_a2p1_f2p2_d2p2_zicsr2p0_zifencei2p0_zmmul1p0_zba1p0_zbb1p0_zbc1p0_zbs1p0
core   0: 0x0000000080004000 (0x0080006f) j       pc + 0x8
core   0: 3 0x0000000080004000 (0x0080006f)
core   0: >>>>  mmode_exception_handler
core   0: 0x0000000080004008 (0x00002c17) auipc   s8, 0x2
core   0: 3 0x0000000080004008 (0x00002c17) x24 0x0000000080006008
core   0: 0x000000008000400c (0x00ac0c13) addi    s8, s8, 10
core   0: 3 0x000000008000400c (0x00ac0c13) x24 0x0000000080006012
core   0: 0x0000000080004010 (0x000c00e7) jalr    s8
core   0: 3 0x0000000080004010 (0x000c00e7) x1  0x0000000080004014
core   0: >>>>  any_handler
core   0: 0x0000000080006012 (0x341027f3) csrrs   a5, mepc, zero
core   0: 3 0x0000000080006012 (0x341027f3) x15 0x00000000800054a2
core   0: 0x0000000080006016 (0x34202773) csrrs   a4, mcause, zero
core   0: 3 0x0000000080006016 (0x34202773) x14 0x0000000000000002
core   0: 0x000000008000601a (0x142026f3) csrrs   a3, scause, zero
core   0: 3 0x000000008000601a (0x142026f3) x13 0x0000000000000000
core   0: 0x000000008000601e (0x30402673) csrrs   a2, mie, zero
core   0: 3 0x000000008000601e (0x30402673) x12 0x0000000000000a00
core   0: 0x0000000080006022 (0x344025f3) csrrs   a1, mip, zero
core   0: 3 0x0000000080006022 (0x344025f3) x11 0x0000000000000080
core   0: 0x0000000080006026 (0x343025f3) csrrs   a1, mtval, zero
core   0: 3 0x0000000080006026 (0x343025f3) x11 0x00000000b0236d73
core   0: 0x000000008000602a (0x14302573) csrrs   a0, stval, zero
core   0: 3 0x000000008000602a (0x14302573) x10 0x0000000000000000
core   0: 0x000000008000602e (0xb02024f3) csrrs   s1, minstret, zero
core   0: 3 0x000000008000602e (0xb02024f3) x9  0x0000000000000e93
core   0: 0x0000000080006032 (0x0000a811) c.j     pc + 20
core   0: 3 0x0000000080006032 (0xa811)
core   0: >>>>  mepc_4
core   0: 0x0000000080006046 (0x00000791) c.addi  a5, 4
core   0: 3 0x0000000080006046 (0x0791) x15 0x00000000800054a6
core   0: 0x0000000080006048 (0x34179073) csrrw   zero, mepc, a5
core   0: 3 0x0000000080006048 (0x34179073) c833_mepc 0x00000000800054a6
core   0: 0x000000008000604c (0x30200073) mret
core   0: 3 0x000000008000604c (0x30200073) c768_mstatus 0x8000000a00106080
core   0: 0x00000000800054a6 (0x00f5d41b) srliw   s0, a1, 15
core   0: 1 0x00000000800054a6 (0x00f5d41b) x8  0x0000000000016046
core   0: 0x00000000800054aa (0x0298f353) fadd.d  ft6, fa7, fs1
core   0: 1 0x00000000800054aa (0x0298f353) f6  0x7ff8000000000000
core   0: 0x00000000800054ae (0x1a9afad3) fdiv.d  fs5, fs5, fs1
core   0: 1 0x00000000800054ae (0x1a9afad3) f21 0x7ff8000000000000
core   0: 0x00000000800054b2 (0xe20a88d3) fmv.x.d a7, fs5
core   0: 1 0x00000000800054b2 (0xe20a88d3) x17 0x7ff8000000000000
core   0: 0x00000000800054b6 (0x0ff0000f) fence   iorw,iorw
core   0: 1 0x00000000800054b6 (0x0ff0000f)
core   0: 0x00000000800054ba (0x02944ab3) div     s5, s0, s1
core   0: 1 0x00000000800054ba (0x02944ab3) x21 0x0000000000000018
core   0: 0x00000000800054be (0xc03ef653) fcvt.lu.s a2, ft9
core   0: 1 0x00000000800054be (0xc03ef653) c1_fflags 0x0000000000000010 x12 0xffffffffffffffff
core   0: 0x00000000800054c2 (0xf2c97f4b) fnmsub.d ft10, fs2, fa2, ft10
core   0: 1 0x00000000800054c2 (0xf2c97f4b) f30 0x7ff8000000000000
core   0: 0x00000000800054c6 (0x014212b3) sll     t0, tp, s4
core   0: 1 0x00000000800054c6 (0x014212b3) x5  0x0000000000000000
core   0: 0x00000000800054ca (0x00000001) c.nop
core   0: 1 0x00000000800054ca (0x0001)
core   0: 0x00000000800054cc (0xfffbe793) ori     a5, s7, -1
core   0: 1 0x00000000800054cc (0xfffbe793) x15 0xffffffffffffffff
core   0: 0x00000000800054d0 (0x02913133) mulhu   sp, sp, s1
core   0: 1 0x00000000800054d0 (0x02913133) x2  0x0000000000000749
core   0: 0x00000000800054d4 (0x40197153) fcvt.s.d ft2, fs2
core   0: 1 0x00000000800054d4 (0x40197153) f2  0xffffffff7fc00000
core   0: 0x00000000800054d8 (0x00065613) srli    a2, a2, 0
core   0: 1 0x00000000800054d8 (0x00065613) x12 0xffffffffffffffff
core   0: 0x00000000800054dc (0x03737b3b) remuw   s6, t1, s7
core   0: 1 0x00000000800054dc (0x03737b3b) x22 0x0000000000000000
core   0: 0x00000000800054e0 (0x011e979b) slliw   a5, t4, 17
core   0: 1 0x00000000800054e0 (0x011e979b) x15 0xfffffffffffe0000
core   0: 0x00000000800054e4 (0xa32f0b53) fle.d   s6, ft10, fs2
core   0: 1 0x00000000800054e4 (0xa32f0b53) c1_fflags 0x0000000000000010 x22 0x0000000000000000
core   0: 0x00000000800054e8 (0x016159b3) srl     s3, sp, s6
core   0: 1 0x00000000800054e8 (0x016159b3) x19 0x0000000000000749
core   0: 0x00000000800054ec (0x50726493) ori     s1, tp, 1287
core   0: 1 0x00000000800054ec (0x50726493) x9  0x0000000000000507
core   0: 0x00000000800054f0 (0x0101de1b) srliw   t3, gp, 16
core   0: 1 0x00000000800054f0 (0x0101de1b) x28 0x0000000000000000
core   0: 0x00000000800054f4 (0x0001ea13) ori     s4, gp, 0
core   0: 1 0x00000000800054f4 (0x0001ea13) x20 0x0000000000000000
core   0: 0x00000000800054f8 (0xd021f753) fcvt.s.l fa4, gp
core   0: 1 0x00000000800054f8 (0xd021f753) f14 0xffffffff00000000
core   0: 0x00000000800054fc (0x00db9abb) sllw    s5, s7, a3
core   0: 1 0x00000000800054fc (0x00db9abb) x21 0x0000000000000001
core   0: 0x0000000080005500 (0x0004591b) srliw   s2, s0, 0
core   0: 1 0x0000000080005500 (0x0004591b) x18 0x0000000000016046
core   0: 0x0000000080005504 (0x42078d53) fcvt.d.s fs10, fa5
core   0: 1 0x0000000080005504 (0x42078d53) f26 0x0000000000000000
core   0: 0x0000000080005508 (0x415e06b3) sub     a3, t3, s5
core   0: 1 0x0000000080005508 (0x415e06b3) x13 0xffffffffffffffff
core   0: 0x000000008000550c (0x011993b3) sll     t2, s3, a7
core   0: 1 0x000000008000550c (0x011993b3) x7  0x0000000000000749
core   0: 0x0000000080005510 (0x027873bb) remuw   t2, a6, t2
core   0: 1 0x0000000080005510 (0x027873bb) x7  0x0000000000000000
core   0: 0x0000000080005514 (0x4595f813) andi    a6, a1, 1113
core   0: 1 0x0000000080005514 (0x4595f813) x16 0x0000000000000451
core   0: 0x0000000080005518 (0xd2138053) fcvt.d.wu ft0, t2
core   0: 1 0x0000000080005518 (0xd2138053) f0  0x0000000000000000
core   0: 0x000000008000551c (0x00000001) c.nop
core   0: 1 0x000000008000551c (0x0001)
core   0: 0x000000008000551e (0x00000001) c.nop
core   0: 1 0x000000008000551e (0x0001)
core   0: 0x0000000080005520 (0xc027f953) fcvt.l.s s2, fa5
core   0: 1 0x0000000080005520 (0xc027f953) x18 0x0000000000000000
core   0: 0x0000000080005524 (0x4058d49b) sraiw   s1, a7, 5
core   0: 1 0x0000000080005524 (0x4058d49b) x9  0x0000000000000000
core   0: 0x0000000080005528 (0x3cf953b7) lui     t2, 0x3cf95
core   0: 1 0x0000000080005528 (0x3cf953b7) x7  0x000000003cf95000
core   0: 0x000000008000552c (0x87738317) auipc   t1, 0x87738
core   0: 1 0x000000008000552c (0x87738317) x6  0x000000000773d52c
core   0: 0x0000000080005530 (0x2ae70ed3) fmin.d  ft9, fa4, fa4
core   0: 1 0x0000000080005530 (0x2ae70ed3) f29 0x7ff8000000000000
core   0: 0x0000000080005534 (0x128efad3) fmul.d  fs5, ft9, fs0
core   0: 1 0x0000000080005534 (0x128efad3) f21 0x7ff8000000000000
core   0: 0x0000000080005538 (0x54c86193) ori     gp, a6, 1356
core   0: 1 0x0000000080005538 (0x54c86193) x3  0x000000000000055d
core   0: 0x000000008000553c (0x001a93f3) csrrw   t2, fflags, s5
core   0: 1 0x000000008000553c (0x001a93f3) x7  0x0000000000000010 c1_fflags 0x0000000000000001
core   0: 0x0000000080005540 (0x0750d737) lui     a4, 0x750d
core   0: 1 0x0000000080005540 (0x0750d737) x14 0x000000000750d000
core   0: 0x0000000080005544 (0xe817071b) addiw   a4, a4, -383
core   0: 1 0x0000000080005544 (0xe817071b) x14 0x000000000750ce81
core   0: 0x0000000080005548 (0x00000732) c.slli  a4, 12
core   0: 1 0x0000000080005548 (0x0732) x14 0x000000750ce81000
core   0: 0x000000008000554a (0xbfe70713) addi    a4, a4, -1026
core   0: 1 0x000000008000554a (0xbfe70713) x14 0x000000750ce80bfe
core   0: 0x000000008000554e (0x027c57b3) divu    a5, s8, t2
core   0: 1 0x000000008000554e (0x027c57b3) x15 0x0000000008000601
core   0: 0x0000000080005552 (0xd22bf153) fcvt.d.l ft2, s7
core   0: 1 0x0000000080005552 (0xd22bf153) f2  0x3ff0000000000000
core   0: 0x0000000080005556 (0x0b42f2d3) fsub.d  ft5, ft5, fs4
core   0: 1 0x0000000080005556 (0x0b42f2d3) f5  0x7ff8000000000000
core   0: 0x000000008000555a (0xf2008153) fmv.d.x ft2, ra
core   0: 1 0x000000008000555a (0xf2008153) f2  0x0000000080004014
core   0: 0x000000008000555e (0xfff0e913) ori     s2, ra, -1
core   0: 1 0x000000008000555e (0xfff0e913) x18 0xffffffffffffffff
core   0: 0x0000000080005562 (0x0013111b) slliw   sp, t1, 1
core   0: 1 0x0000000080005562 (0x0013111b) x2  0x000000000ee7aa58
core   0: 0x0000000080005566 (0x23561ad3) fsgnjn.d fs5, fa2, fs5
core   0: 1 0x0000000080005566 (0x23561ad3) f21 0xfff8000000000000
core   0: 0x000000008000556a (0xd03674d3) fcvt.s.lu fs1, a2
core   0: 1 0x000000008000556a (0xd03674d3) c1_fflags 0x0000000000000001 f9  0xffffffff5f800000
core   0: 0x000000008000556e (0x03b35b13) srli    s6, t1, 59
core   0: 1 0x000000008000556e (0x03b35b13) x22 0x0000000000000000
core   0: 0x0000000080005572 (0x00000001) c.nop
core   0: 1 0x0000000080005572 (0x0001)
core   0: 0x0000000080005574 (0xd21b0ad3) fcvt.d.wu fs5, s6
core   0: 1 0x0000000080005574 (0xd21b0ad3) f21 0x0000000000000000
core   0: 0x0000000080005578 (0x07046db7) lui     s11, 0x7046
core   0: 1 0x0000000080005578 (0x07046db7) x27 0x0000000007046000
core   0: 0x000000008000557c (0xaf9d8d9b) addiw   s11, s11, -1287
core   0: 1 0x000000008000557c (0xaf9d8d9b) x27 0x0000000007045af9
core   0: 0x0000000080005580 (0x00000db2) c.slli  s11, 12
core   0: 1 0x0000000080005580 (0x0db2) x27 0x0000007045af9000
core   0: 0x0000000080005582 (0x7f1d8d93) addi    s11, s11, 2033
core   0: 1 0x0000000080005582 (0x7f1d8d93) x27 0x0000007045af97f1
core   0: 0x0000000080005586 (0x01561433) sll     s0, a2, s5
core   0: 1 0x0000000080005586 (0x01561433) x8  0xfffffffffffffffe
core   0: 0x000000008000558a (0x00000001) c.nop
core   0: 1 0x000000008000558a (0x0001)
core   0: 0x000000008000558c (0x0271c7b3) div     a5, gp, t2
core   0: 1 0x000000008000558c (0x0271c7b3) x15 0x0000000000000055
core   0: 0x0000000080005590 (0x014a46b3) xor     a3, s4, s4
core   0: 1 0x0000000080005590 (0x014a46b3) x13 0x0000000000000000
core   0: 0x0000000080005594 (0x000848b3) xor     a7, a6, zero
core   0: 1 0x0000000080005594 (0x000848b3) x17 0x0000000000000451
core   0: 0x0000000080005598 (0xd2168dd3) fcvt.d.wu fs11, a3
core   0: 1 0x0000000080005598 (0xd2168dd3) f27 0x0000000000000000
core   0: 0x000000008000559c (0x126a7053) fmul.d  ft0, fs4, ft6
core   0: 1 0x000000008000559c (0x126a7053) f0  0x7ff8000000000000
core   0: 0x00000000800055a0 (0xd03a72d3) fcvt.s.lu ft5, s4
core   0: 1 0x00000000800055a0 (0xd03a72d3) f5  0xffffffff00000000
core   0: 0x00000000800055a4 (0x1004ebf3) csrrsi  s7, sstatus, 9
core   0: 1 0x00000000800055a4 (0x1004ebf3) x23 0x8000000200006000 c768_mstatus 0x8000000a00106080
core   0: 0x00000000800055a8 (0xb0263773) csrrc   a4, minstret, a2
core   0: exception trap_illegal_instruction, epc 0x00000000800055a8
core   0:           tval 0x00000000b0263773
core   0: >>>>  $xrv64i2p1_m2p0_a2p1_f2p2_d2p2_zicsr2p0_zifencei2p0_zmmul1p0_zba1p0_zbb1p0_zbc1p0_zbs1p0
core   0: 0x0000000080004000 (0x0080006f) j       pc + 0x8
core   0: 3 0x0000000080004000 (0x0080006f)
core   0: >>>>  mmode_exception_handler
core   0: 0x0000000080004008 (0x00002c17) auipc   s8, 0x2
core   0: 3 0x0000000080004008 (0x00002c17) x24 0x0000000080006008
core   0: 0x000000008000400c (0x00ac0c13) addi    s8, s8, 10
core   0: 3 0x000000008000400c (0x00ac0c13) x24 0x0000000080006012
core   0: 0x0000000080004010 (0x000c00e7) jalr    s8
core   0: 3 0x0000000080004010 (0x000c00e7) x1  0x0000000080004014
core   0: >>>>  any_handler
core   0: 0x0000000080006012 (0x341027f3) csrrs   a5, mepc, zero
core   0: 3 0x0000000080006012 (0x341027f3) x15 0x00000000800055a8
core   0: 0x0000000080006016 (0x34202773) csrrs   a4, mcause, zero
core   0: 3 0x0000000080006016 (0x34202773) x14 0x0000000000000002
core   0: 0x000000008000601a (0x142026f3) csrrs   a3, scause, zero
core   0: 3 0x000000008000601a (0x142026f3) x13 0x0000000000000000
core   0: 0x000000008000601e (0x30402673) csrrs   a2, mie, zero
core   0: 3 0x000000008000601e (0x30402673) x12 0x0000000000000a00
core   0: 0x0000000080006022 (0x344025f3) csrrs   a1, mip, zero
core   0: 3 0x0000000080006022 (0x344025f3) x11 0x0000000000000080
core   0: 0x0000000080006026 (0x343025f3) csrrs   a1, mtval, zero
core   0: 3 0x0000000080006026 (0x343025f3) x11 0x00000000b0263773
core   0: 0x000000008000602a (0x14302573) csrrs   a0, stval, zero
core   0: 3 0x000000008000602a (0x14302573) x10 0x0000000000000000
core   0: 0x000000008000602e (0xb02024f3) csrrs   s1, minstret, zero
core   0: 3 0x000000008000602e (0xb02024f3) x9  0x0000000000000ee7
core   0: 0x0000000080006032 (0x0000a811) c.j     pc + 20
core   0: 3 0x0000000080006032 (0xa811)
core   0: >>>>  mepc_4
core   0: 0x0000000080006046 (0x00000791) c.addi  a5, 4
core   0: 3 0x0000000080006046 (0x0791) x15 0x00000000800055ac
core   0: 0x0000000080006048 (0x34179073) csrrw   zero, mepc, a5
core   0: 3 0x0000000080006048 (0x34179073) c833_mepc 0x00000000800055ac
core   0: 0x000000008000604c (0x30200073) mret
core   0: 3 0x000000008000604c (0x30200073) c768_mstatus 0x8000000a00106080
core   0: 0x00000000800055ac (0xfdd6b5b7) lui     a1, 0xfdd6b
core   0: 1 0x00000000800055ac (0xfdd6b5b7) x11 0xfffffffffdd6b000
core   0: 0x00000000800055b0 (0xcdf5859b) addiw   a1, a1, -801
core   0: 1 0x00000000800055b0 (0xcdf5859b) x11 0xfffffffffdd6acdf
core   0: 0x00000000800055b4 (0x000005b2) c.slli  a1, 12
core   0: 1 0x00000000800055b4 (0x05b2) x11 0xffffffdd6acdf000
core   0: 0x00000000800055b6 (0x9f358593) addi    a1, a1, -1549
core   0: 1 0x00000000800055b6 (0x9f358593) x11 0xffffffdd6acde9f3
core   0: 0x00000000800055ba (0x02a8a333) mulhsu  t1, a7, a0
core   0: 1 0x00000000800055ba (0x02a8a333) x6  0x0000000000000000
core   0: 0x00000000800055be (0x2a421353) fmax.d  ft6, ft4, ft4
core   0: 1 0x00000000800055be (0x2a421353) f6  0x0000000000000000
core   0: 0x00000000800055c2 (0x125a75d3) fmul.d  fa1, fs4, ft5
core   0: 1 0x00000000800055c2 (0x125a75d3) f11 0x7ff8000000000000
core   0: 0x00000000800055c6 (0x02247133) remu    sp, s0, sp
core   0: 1 0x00000000800055c6 (0x02247133) x2  0x000000000ec7c146
core   0: 0x00000000800055ca (0x2252a153) fsgnjx.d ft2, ft5, ft5
core   0: 1 0x00000000800055ca (0x2252a153) f2  0x7fffffff00000000
core   0: 0x00000000800055ce (0x0ff0000f) fence   iorw,iorw
core   0: 1 0x00000000800055ce (0x0ff0000f)
core   0: 0x00000000800055d2 (0xc026f8d3) fcvt.l.s a7, fa3
core   0: 1 0x00000000800055d2 (0xc026f8d3) c1_fflags 0x0000000000000011 x17 0x7fffffffffffffff
core   0: 0x00000000800055d6 (0x001610f3) csrrw   ra, fflags, a2
core   0: 1 0x00000000800055d6 (0x001610f3) x1  0x0000000000000011 c1_fflags 0x0000000000000000
core   0: 0x00000000800055da (0xc20bfc53) fcvt.w.d s8, fs7
core   0: 1 0x00000000800055da (0xc20bfc53) x24 0x0000000000000000
core   0: 0x00000000800055de (0xd0287e53) fcvt.s.l ft8, a6
core   0: 1 0x00000000800055de (0xd0287e53) f28 0xffffffff448a2000
core   0: 0x00000000800055e2 (0x0018919b) slliw   gp, a7, 1
core   0: 1 0x00000000800055e2 (0x0018919b) x3  0xfffffffffffffffe
core   0: 0x00000000800055e6 (0x4318829b) addiw   t0, a7, 1073
core   0: 1 0x00000000800055e6 (0x4318829b) x5  0x0000000000000430
core   0: 0x00000000800055ea (0x020cd893) srli    a7, s9, 32
core   0: 1 0x00000000800055ea (0x020cd893) x17 0x0000000000000000
core   0: 0x00000000800055ee (0x405a50b3) sra     ra, s4, t0
core   0: 1 0x00000000800055ee (0x405a50b3) x1  0x0000000000000000
core   0: 0x00000000800055f2 (0xd03cffd3) fcvt.s.lu ft11, s9
core   0: 1 0x00000000800055f2 (0xd03cffd3) f31 0xffffffff00000000
core   0: 0x00000000800055f6 (0x00009c1b) slliw   s8, ra, 0
core   0: 1 0x00000000800055f6 (0x00009c1b) x24 0x0000000000000000
core   0: 0x00000000800055fa (0x6e037313) andi    t1, t1, 1760
core   0: 1 0x00000000800055fa (0x6e037313) x6  0x0000000000000000
core   0: 0x00000000800055fe (0x02f1f9d3) fadd.d  fs3, ft3, fa5
core   0: 1 0x00000000800055fe (0x02f1f9d3) f19 0x7ff8000000000000
core   0: 0x0000000080005602 (0x64e4ca13) xori    s4, s1, 1614
core   0: 1 0x0000000080005602 (0x64e4ca13) x20 0x00000000000008a9
core   0: 0x0000000080005606 (0x00645533) srl     a0, s0, t1
core   0: 1 0x0000000080005606 (0x00645533) x10 0xfffffffffffffffe
core   0: 0x000000008000560a (0x418ad71b) sraiw   a4, s5, 24
core   0: 1 0x000000008000560a (0x418ad71b) x14 0x0000000000000000
core   0: 0x000000008000560e (0x0003d713) srli    a4, t2, 0
core   0: 1 0x000000008000560e (0x0003d713) x14 0x0000000000000010
core   0: 0x0000000080005612 (0x4174553b) sraw    a0, s0, s7
core   0: 1 0x0000000080005612 (0x4174553b) x10 0xfffffffffffffffe
core   0: 0x0000000080005616 (0x408e0e33) sub     t3, t3, s0
core   0: 1 0x0000000080005616 (0x408e0e33) x28 0x0000000000000002
core   0: 0x000000008000561a (0x46b18b9b) addiw   s7, gp, 1131
core   0: 1 0x000000008000561a (0x46b18b9b) x23 0x0000000000000469
core   0: 0x000000008000561e (0x14043273) csrrc   tp, sscratch, s0
core   0: 1 0x000000008000561e (0x14043273) x4  0x0000000000000000 c320_sscratch 0x0000000000000000
core   0: 0x0000000080005622 (0x026818b3) mulh    a7, a6, t1
core   0: 1 0x0000000080005622 (0x026818b3) x17 0x0000000000000000
core   0: 0x0000000080005626 (0x01916133) or      sp, sp, s9
core   0: 1 0x0000000080005626 (0x01916133) x2  0x000000000ec7c146
core   0: 0x000000008000562a (0x226fa353) fsgnjx.d ft6, ft11, ft6
core   0: 1 0x000000008000562a (0x226fa353) f6  0xffffffff00000000
core   0: 0x000000008000562e (0x0318fa3b) remuw   s4, a7, a7
core   0: 1 0x000000008000562e (0x0318fa3b) x20 0x0000000000000000
core   0: 0x0000000080005632 (0xd2110553) fcvt.d.wu fa0, sp
core   0: 1 0x0000000080005632 (0xd2110553) f10 0x41ad8f828c000000
core   0: 0x0000000080005636 (0x03f7de93) srli    t4, a5, 63
core   0: 1 0x0000000080005636 (0x03f7de93) x29 0x0000000000000000
core   0: 0x000000008000563a (0x22300053) fsgnj.d ft0, ft0, ft3
core   0: 1 0x000000008000563a (0x22300053) f0  0x7ff8000000000000
core   0: 0x000000008000563e (0x0ff0000f) fence   iorw,iorw
core   0: 1 0x000000008000563e (0x0ff0000f)
core   0: 0x0000000080005642 (0x0394a333) mulhsu  t1, s1, s9
core   0: 1 0x0000000080005642 (0x0394a333) x6  0x0000000000000000
core   0: 0x0000000080005646 (0xc265c593) xori    a1, a1, -986
core   0: 1 0x0000000080005646 (0xc265c593) x11 0x00000022953215d5
core   0: 0x000000008000564a (0x0000915d) c.srli  a0, 55
core   0: 1 0x000000008000564a (0x915d) x10 0x00000000000001ff
core   0: 0x000000008000564c (0x018b94bb) sllw    s1, s7, s8
core   0: 1 0x000000008000564c (0x018b94bb) x9  0x0000000000000469
core   0: 0x0000000080005650 (0x40555733) sra     a4, a0, t0
core   0: 1 0x0000000080005650 (0x40555733) x14 0x0000000000000000
core   0: 0x0000000080005654 (0x009c68b3) or      a7, s8, s1
core   0: 1 0x0000000080005654 (0x009c68b3) x17 0x0000000000000469
core   0: 0x0000000080005658 (0x018ca2b3) slt     t0, s9, s8
core   0: 1 0x0000000080005658 (0x018ca2b3) x5  0x0000000000000000
core   0: 0x000000008000565c (0x0292f9bb) remuw   s3, t0, s1
core   0: 1 0x000000008000565c (0x0292f9bb) x19 0x0000000000000000
core   0: 0x0000000080005660 (0x8b99f093) andi    ra, s3, -1863
core   0: 1 0x0000000080005660 (0x8b99f093) x1  0x0000000000000000
core   0: 0x0000000080005664 (0x02175733) divu    a4, a4, ra
core   0: 1 0x0000000080005664 (0x02175733) x14 0xffffffffffffffff
core   0: 0x0000000080005668 (0xc23b7253) fcvt.lu.d tp, fs6
core   0: 1 0x0000000080005668 (0xc23b7253) c1_fflags 0x0000000000000010 x4  0xffffffffffffffff
core   0: 0x000000008000566c (0x2a0492d3) fmax.d  ft5, fs1, ft0
core   0: 1 0x000000008000566c (0x2a0492d3) f5  0x7ff8000000000000
core   0: 0x0000000080005670 (0x01d87433) and     s0, a6, t4
core   0: 1 0x0000000080005670 (0x01d87433) x8  0x0000000000000000
core   0: 0x0000000080005674 (0xe20a8c53) fmv.x.d s8, fs5
core   0: 1 0x0000000080005674 (0xe20a8c53) x24 0x0000000000000000
core   0: 0x0000000080005678 (0xd03efe53) fcvt.s.lu ft8, t4
core   0: 1 0x0000000080005678 (0xd03efe53) f28 0xffffffff00000000
core   0: 0x000000008000567c (0x023a4233) div     tp, s4, gp
core   0: 1 0x000000008000567c (0x023a4233) x4  0x0000000000000000
core   0: 0x0000000080005680 (0x0ff0000f) fence   iorw,iorw
core   0: 1 0x0000000080005680 (0x0ff0000f)
core   0: 0x0000000080005684 (0x80078b13) addi    s6, a5, -2048
core   0: 1 0x0000000080005684 (0x80078b13) x22 0x0000000080004dac
core   0: 0x0000000080005688 (0xaa781297) auipc   t0, 0xaa781
core   0: 1 0x0000000080005688 (0xaa781297) x5  0x000000002a786688
core   0: 0x000000008000568c (0x2ada0153) fmin.d  ft2, fs4, fa3
core   0: 1 0x000000008000568c (0x2ada0153) f2  0x7ff8000000000000
core   0: 0x0000000080005690 (0x415add33) sra     s10, s5, s5
core   0: 1 0x0000000080005690 (0x415add33) x26 0x0000000000000000
core   0: 0x0000000080005694 (0x02047433) remu    s0, s0, zero
core   0: 1 0x0000000080005694 (0x02047433) x8  0x0000000000000000
core   0: 0x0000000080005698 (0x00cc593b) srlw    s2, s8, a2
core   0: 1 0x0000000080005698 (0x00cc593b) x18 0x0000000000000000
core   0: 0x000000008000569c (0xc02bf5d3) fcvt.l.s a1, fs7
core   0: 1 0x000000008000569c (0xc02bf5d3) c1_fflags 0x0000000000000010 x11 0x7fffffffffffffff
core   0: 0x00000000800056a0 (0x0012921b) slliw   tp, t0, 1
core   0: 1 0x00000000800056a0 (0x0012921b) x4  0x0000000054f0cd10
core   0: 0x00000000800056a4 (0xf2058dd3) fmv.d.x fs11, a1
core   0: 1 0x00000000800056a4 (0xf2058dd3) f27 0x7fffffffffffffff
core   0: 0x00000000800056a8 (0x4120d93b) sraw    s2, ra, s2
core   0: 1 0x00000000800056a8 (0x4120d93b) x18 0x0000000000000000
core   0: 0x00000000800056ac (0x40b4013b) subw    sp, s0, a1
core   0: 1 0x00000000800056ac (0x40b4013b) x2  0x0000000000000001
core   0: 0x00000000800056b0 (0x00102df3) csrrs   s11, fflags, zero
core   0: 1 0x00000000800056b0 (0x00102df3) x27 0x0000000000000010
core   0: 0x00000000800056b4 (0x001dba93) seqz    s5, s11
core   0: 1 0x00000000800056b4 (0x001dba93) x21 0x0000000000000000
core   0: 0x00000000800056b8 (0xfbf47fc3) fmadd.d ft11, fs0, ft11, ft11
core   0: 1 0x00000000800056b8 (0xfbf47fc3) f31 0x7ff8000000000000
core   0: 0x00000000800056bc (0x03126033) rem     zero, tp, a7
core   0: 1 0x00000000800056bc (0x03126033)
core   0: 0x00000000800056c0 (0xf2a82c97) auipc   s9, 0xf2a82
core   0: 1 0x00000000800056c0 (0xf2a82c97) x25 0x0000000072a876c0
core   0: 0x00000000800056c4 (0x41f3d39b) sraiw   t2, t2, 31
core   0: 1 0x00000000800056c4 (0x41f3d39b) x7  0x0000000000000000
core   0: 0x00000000800056c8 (0x420e8bd3) fcvt.d.s fs7, ft9
core   0: 1 0x00000000800056c8 (0x420e8bd3) f23 0x7ff8000000000000
core   0: 0x00000000800056cc (0x1b997fd3) fdiv.d  ft11, fs2, fs9
core   0: 1 0x00000000800056cc (0x1b997fd3) f31 0x7ff8000000000000
core   0: 0x00000000800056d0 (0x03a3da33) divu    s4, t2, s10
core   0: 1 0x00000000800056d0 (0x03a3da33) x20 0xffffffffffffffff
core   0: 0x00000000800056d4 (0x416e0e3b) subw    t3, t3, s6
core   0: 1 0x00000000800056d4 (0x416e0e3b) x28 0x000000007fffb256
core   0: 0x00000000800056d8 (0x41c38a3b) subw    s4, t2, t3
core   0: 1 0x00000000800056d8 (0x41c38a3b) x20 0xffffffff80004daa
core   0: 0x00000000800056dc (0x01f5d11b) srliw   sp, a1, 31
core   0: 1 0x00000000800056dc (0x01f5d11b) x2  0x0000000000000001
core   0: 0x00000000800056e0 (0xa170cb13) xori    s6, ra, -1513
core   0: 1 0x00000000800056e0 (0xa170cb13) x22 0xfffffffffffffa17
core   0: 0x00000000800056e4 (0x41f15c1b) sraiw   s8, sp, 31
core   0: 1 0x00000000800056e4 (0x41f15c1b) x24 0x0000000000000000
core   0: 0x00000000800056e8 (0x0a957553) fsub.d  fa0, fa0, fs1
core   0: 1 0x00000000800056e8 (0x0a957553) f10 0x7ff8000000000000
core   0: 0x00000000800056ec (0x00041d1b) slliw   s10, s0, 0
core   0: 1 0x00000000800056ec (0x00041d1b) x26 0x0000000000000000
core   0: 0x00000000800056f0 (0x00b2d233) srl     tp, t0, a1
core   0: 1 0x00000000800056f0 (0x00b2d233) x4  0x0000000000000000
core   0: 0x00000000800056f4 (0xa2ab06d3) fle.d   a3, fs6, fa0
core   0: 1 0x00000000800056f4 (0xa2ab06d3) c1_fflags 0x0000000000000010 x13 0x0000000000000000
core   0: 0x00000000800056f8 (0x6b5f7ac3) fmadd.d fs5, ft10, fs5, fa3
core   0: 1 0x00000000800056f8 (0x6b5f7ac3) f21 0x7ff8000000000000
core   0: 0x00000000800056fc (0x02a3c53b) divw    a0, t2, a0
core   0: 1 0x00000000800056fc (0x02a3c53b) x10 0x0000000000000000
core   0: 0x0000000080005700 (0x01d9e933) or      s2, s3, t4
core   0: 1 0x0000000080005700 (0x01d9e933) x18 0x0000000000000000
core   0: 0x0000000080005704 (0xf20b8dd3) fmv.d.x fs11, s7
core   0: 1 0x0000000080005704 (0xf20b8dd3) f27 0x0000000000000469
core   0: 0x0000000080005708 (0x1a0ad697) auipc   a3, 0x1a0ad
core   0: 1 0x0000000080005708 (0x1a0ad697) x13 0x000000009a0b2708
core   0: 0x000000008000570c (0xa2a48253) fle.d   tp, fs1, fa0
core   0: 1 0x000000008000570c (0xa2a48253) c1_fflags 0x0000000000000010 x4  0x0000000000000000
core   0: 0x0000000080005710 (0x004251bb) srlw    gp, tp, tp
core   0: 1 0x0000000080005710 (0x004251bb) x3  0x0000000000000000
core   0: 0x0000000080005714 (0xc0257553) fcvt.l.s a0, fa0
core   0: 1 0x0000000080005714 (0xc0257553) c1_fflags 0x0000000000000010 x10 0x7fffffffffffffff
core   0: 0x0000000080005718 (0x40705833) sra     a6, zero, t2
core   0: 1 0x0000000080005718 (0x40705833) x16 0x0000000000000000
core   0: 0x000000008000571c (0x4107d2bb) sraw    t0, a5, a6
core   0: 1 0x000000008000571c (0x4107d2bb) x5  0xffffffff800055ac
core   0: 0x0000000080005720 (0xbb407013) andi    zero, zero, -1100
core   0: 1 0x0000000080005720 (0xbb407013)
core   0: 0x0000000080005724 (0x02133d33) mulhu   s10, t1, ra
core   0: 1 0x0000000080005724 (0x02133d33) x26 0x0000000000000000
core   0: 0x0000000080005728 (0x03ca9eb3) mulh    t4, s5, t3
core   0: 1 0x0000000080005728 (0x03ca9eb3) x29 0x0000000000000000
core   0: 0x000000008000572c (0xc21afe53) fcvt.wu.d t3, fs5
core   0: 1 0x000000008000572c (0xc21afe53) c1_fflags 0x0000000000000010 x28 0xffffffffffffffff
core   0: 0x0000000080005730 (0x0284043b) mulw    s0, s0, s0
core   0: 1 0x0000000080005730 (0x0284043b) x8  0x0000000000000000
core   0: 0x0000000080005734 (0x001743b3) xor     t2, a4, ra
core   0: 1 0x0000000080005734 (0x001743b3) x7  0xffffffffffffffff
core   0: 0x0000000080005738 (0xc2357cd3) fcvt.lu.d s9, fa0
core   0: 1 0x0000000080005738 (0xc2357cd3) c1_fflags 0x0000000000000010 x25 0xffffffffffffffff
core   0: 0x000000008000573c (0x41fa539b) sraiw   t2, s4, 31
core   0: 1 0x000000008000573c (0x41fa539b) x7  0xffffffffffffffff
core   0: 0x0000000080005740 (0x0318a533) mulhsu  a0, a7, a7
core   0: 1 0x0000000080005740 (0x0318a533) x10 0x0000000000000000
core   0: 0x0000000080005744 (0x406e5b3b) sraw    s6, t3, t1
core   0: 1 0x0000000080005744 (0x406e5b3b) x22 0xffffffffffffffff
core   0: 0x0000000080005748 (0x22211153) fsgnjn.d ft2, ft2, ft2
core   0: 1 0x0000000080005748 (0x22211153) f2  0xfff8000000000000
core   0: 0x000000008000574c (0x40f65d13) srai    s10, a2, 15
core   0: 1 0x000000008000574c (0x40f65d13) x26 0x0000000000000000
core   0: 0x0000000080005750 (0x00119b73) csrrw   s6, fflags, gp
core   0: 1 0x0000000080005750 (0x00119b73) x22 0x0000000000000010 c1_fflags 0x0000000000000000
core   0: 0x0000000080005754 (0xb50b7c93) andi    s9, s6, -1200
core   0: 1 0x0000000080005754 (0xb50b7c93) x25 0x0000000000000010
core   0: 0x0000000080005758 (0x013159b3) srl     s3, sp, s3
core   0: 1 0x0000000080005758 (0x013159b3) x19 0x0000000000000001
core   0: 0x000000008000575c (0x024234b3) mulhu   s1, tp, tp
core   0: 1 0x000000008000575c (0x024234b3) x9  0x0000000000000000
core   0: 0x0000000080005760 (0xa856f693) andi    a3, a3, -1403
core   0: 1 0x0000000080005760 (0xa856f693) x13 0x000000009a0b2200
core   0: 0x0000000080005764 (0x42048ed3) fcvt.d.s ft9, fs1
core   0: 1 0x0000000080005764 (0x42048ed3) f29 0x43f0000000000000
core   0: 0x0000000080005768 (0x00229c73) csrrw   s8, frm, t0
core   0: 1 0x0000000080005768 (0x00229c73) x24 0x0000000000000000 c2_frm 0x0000000000000004
core   0: 0x000000008000576c (0x401d5213) srai    tp, s10, 1
core   0: 1 0x000000008000576c (0x401d5213) x4  0x0000000000000000
core   0: 0x0000000080005770 (0x5a0179d3) fsqrt.d fs3, ft2
core   0: 1 0x0000000080005770 (0x5a0179d3) f19 0x7ff8000000000000
core   0: 0x0000000080005774 (0x0005a433) slt     s0, a1, zero
core   0: 1 0x0000000080005774 (0x0005a433) x8  0x0000000000000000
core   0: 0x0000000080005778 (0x008d7933) and     s2, s10, s0
core   0: 1 0x0000000080005778 (0x008d7933) x18 0x0000000000000000
core   0: 0x000000008000577c (0x00e9193b) sllw    s2, s2, a4
core   0: 1 0x000000008000577c (0x00e9193b) x18 0x0000000000000000
core   0: 0x0000000080005780 (0xd239ff53) fcvt.d.lu ft10, s3
core   0: 1 0x0000000080005780 (0xd239ff53) f30 0x3ff0000000000000
core   0: 0x0000000080005784 (0x0017d4b3) srl     s1, a5, ra
core   0: 1 0x0000000080005784 (0x0017d4b3) x9  0x00000000800055ac
core   0: 0x0000000080005788 (0x130ff1d3) fmul.d  ft3, ft11, fa6
core   0: 1 0x0000000080005788 (0x130ff1d3) f3  0x7ff8000000000000
core   0: 0x000000008000578c (0x5a067f53) fsqrt.d ft10, fa2
core   0: 1 0x000000008000578c (0x5a067f53) f30 0x7ff8000000000000
core   0: 0x0000000080005790 (0x416153bb) sraw    t2, sp, s6
core   0: 1 0x0000000080005790 (0x416153bb) x7  0x0000000000000000
core   0: 0x0000000080005794 (0x03016abb) remw    s5, sp, a6
core   0: 1 0x0000000080005794 (0x03016abb) x21 0x0000000000000001
core   0: 0x0000000080005798 (0x02282733) mulhsu  a4, a6, sp
core   0: 1 0x0000000080005798 (0x02282733) x14 0x0000000000000000
core   0: 0x000000008000579c (0x5231f0c7) fmsub.d ft1, ft3, ft3, fa0
core   0: 1 0x000000008000579c (0x5231f0c7) f1  0x7ff8000000000000
core   0: 0x00000000800057a0 (0x42f1714b) fnmsub.d ft2, ft2, fa5, fs0
core   0: 1 0x00000000800057a0 (0x42f1714b) f2  0x7ff8000000000000
core   0: 0x00000000800057a4 (0x00000001) c.nop
core   0: 1 0x00000000800057a4 (0x0001)
core   0: 0x00000000800057a6 (0x008ed1bb) srlw    gp, t4, s0
core   0: 1 0x00000000800057a6 (0x008ed1bb) x3  0x0000000000000000
core   0: 0x00000000800057aa (0x0168123b) sllw    tp, a6, s6
core   0: 1 0x00000000800057aa (0x0168123b) x4  0x0000000000000000
core   0: 0x00000000800057ae (0x02a105b3) mul     a1, sp, a0
core   0: 1 0x00000000800057ae (0x02a105b3) x11 0x0000000000000000
core   0: 0x00000000800057b2 (0x0ff0000f) fence   iorw,iorw
core   0: 1 0x00000000800057b2 (0x0ff0000f)
core   0: 0x00000000800057b6 (0x000a511b) srliw   sp, s4, 0
core   0: 1 0x00000000800057b6 (0x000a511b) x2  0xffffffff80004daa
core   0: 0x00000000800057ba (0x1a8a7653) fdiv.d  fa2, fs4, fs0
core   0: 1 0x00000000800057ba (0x1a8a7653) f12 0x7ff8000000000000
core   0: 0x00000000800057be (0xd21c8853) fcvt.d.wu fa6, s9
core   0: 1 0x00000000800057be (0xd21c8853) f16 0x4030000000000000
core   0: 0x00000000800057c2 (0x41a5d33b) sraw    t1, a1, s10
core   0: 1 0x00000000800057c2 (0x41a5d33b) x6  0x0000000000000000
core   0: 0x00000000800057c6 (0x0018d7b3) srl     a5, a7, ra
core   0: 1 0x00000000800057c6 (0x0018d7b3) x15 0x0000000000000469
core   0: 0x00000000800057ca (0x8a87744f) fnmadd.d fs0, fa4, fs0, fa7
core   0: 1 0x00000000800057ca (0x8a87744f) f8  0x7ff8000000000000
core   0: 0x00000000800057ce (0x0009db93) srli    s7, s3, 0
core   0: 1 0x00000000800057ce (0x0009db93) x23 0x0000000000000001
core   0: 0x00000000800057d2 (0x0013bc13) seqz    s8, t2
core   0: 1 0x00000000800057d2 (0x0013bc13) x24 0x0000000000000001
core   0: 0x00000000800057d6 (0xc2207ad3) fcvt.l.d s5, ft0
core   0: 1 0x00000000800057d6 (0xc2207ad3) c1_fflags 0x0000000000000010 x21 0x7fffffffffffffff
core   0: 0x00000000800057da (0x1a8af243) fmadd.d ft4, fs5, fs0, ft3
core   0: 1 0x00000000800057da (0x1a8af243) f4  0x7ff8000000000000
core   0: 0x00000000800057de (0x80038b1b) addiw   s6, t2, -2048
core   0: 1 0x00000000800057de (0x80038b1b) x22 0xfffffffffffff800
core   0: 0x00000000800057e2 (0x001315f3) csrrw   a1, fflags, t1
core   0: 1 0x00000000800057e2 (0x001315f3) x11 0x0000000000000010 c1_fflags 0x0000000000000000
core   0: 0x00000000800057e6 (0x03b35cb3) divu    s9, t1, s11
core   0: 1 0x00000000800057e6 (0x03b35cb3) x25 0x0000000000000000
core   0: 0x00000000800057ea (0x0142559b) srliw   a1, tp, 20
core   0: 1 0x00000000800057ea (0x0142559b) x11 0x0000000000000000
core   0: 0x00000000800057ee (0x40be54bb) sraw    s1, t3, a1
core   0: 1 0x00000000800057ee (0x40be54bb) x9  0xffffffffffffffff
core   0: 0x00000000800057f2 (0x75d3031b) addiw   t1, t1, 1885
core   0: 1 0x00000000800057f2 (0x75d3031b) x6  0x000000000000075d
core   0: 0x00000000800057f6 (0x00000001) c.nop
core   0: 1 0x00000000800057f6 (0x0001)
core   0: 0x00000000800057f8 (0x0008581b) srliw   a6, a6, 0
core   0: 1 0x00000000800057f8 (0x0008581b) x16 0x0000000000000000
core   0: 0x00000000800057fc (0x027eb3b3) mulhu   t2, t4, t2
core   0: 1 0x00000000800057fc (0x027eb3b3) x7  0x0000000000000000
core   0: 0x0000000080005800 (0x0ff0000f) fence   iorw,iorw
core   0: 1 0x0000000080005800 (0x0ff0000f)
core   0: 0x0000000080005804 (0x52acfa43) fmadd.d fs4, fs9, fa0, fa0
core   0: 1 0x0000000080005804 (0x52acfa43) f20 0x7ff8000000000000
core   0: 0x0000000080005808 (0x0308543b) divuw   s0, a6, a6
core   0: 1 0x0000000080005808 (0x0308543b) x8  0xffffffffffffffff
core   0: 0x000000008000580c (0x01d474b3) and     s1, s0, t4
core   0: 1 0x000000008000580c (0x01d474b3) x9  0x0000000000000000
core   0: 0x0000000080005810 (0xc032a5f3) csrrs   a1, hpmcounter3, t0
core   0: exception trap_illegal_instruction, epc 0x0000000080005810
core   0:           tval 0x00000000c032a5f3
core   0: >>>>  $xrv64i2p1_m2p0_a2p1_f2p2_d2p2_zicsr2p0_zifencei2p0_zmmul1p0_zba1p0_zbb1p0_zbc1p0_zbs1p0
core   0: 0x0000000080004000 (0x0080006f) j       pc + 0x8
core   0: 3 0x0000000080004000 (0x0080006f)
core   0: >>>>  mmode_exception_handler
core   0: 0x0000000080004008 (0x00002c17) auipc   s8, 0x2
core   0: 3 0x0000000080004008 (0x00002c17) x24 0x0000000080006008
core   0: 0x000000008000400c (0x00ac0c13) addi    s8, s8, 10
core   0: 3 0x000000008000400c (0x00ac0c13) x24 0x0000000080006012
core   0: 0x0000000080004010 (0x000c00e7) jalr    s8
core   0: 3 0x0000000080004010 (0x000c00e7) x1  0x0000000080004014
core   0: >>>>  any_handler
core   0: 0x0000000080006012 (0x341027f3) csrrs   a5, mepc, zero
core   0: 3 0x0000000080006012 (0x341027f3) x15 0x0000000080005810
core   0: 0x0000000080006016 (0x34202773) csrrs   a4, mcause, zero
core   0: 3 0x0000000080006016 (0x34202773) x14 0x0000000000000002
core   0: 0x000000008000601a (0x142026f3) csrrs   a3, scause, zero
core   0: 3 0x000000008000601a (0x142026f3) x13 0x0000000000000000
core   0: 0x000000008000601e (0x30402673) csrrs   a2, mie, zero
core   0: 3 0x000000008000601e (0x30402673) x12 0x0000000000000a00
core   0: 0x0000000080006022 (0x344025f3) csrrs   a1, mip, zero
core   0: 3 0x0000000080006022 (0x344025f3) x11 0x0000000000000080
core   0: 0x0000000080006026 (0x343025f3) csrrs   a1, mtval, zero
core   0: 3 0x0000000080006026 (0x343025f3) x11 0x00000000c032a5f3
core   0: 0x000000008000602a (0x14302573) csrrs   a0, stval, zero
core   0: 3 0x000000008000602a (0x14302573) x10 0x0000000000000000
core   0: 0x000000008000602e (0xb02024f3) csrrs   s1, minstret, zero
core   0: 3 0x000000008000602e (0xb02024f3) x9  0x0000000000000f92
core   0: 0x0000000080006032 (0x0000a811) c.j     pc + 20
core   0: 3 0x0000000080006032 (0xa811)
core   0: >>>>  mepc_4
core   0: 0x0000000080006046 (0x00000791) c.addi  a5, 4
core   0: 3 0x0000000080006046 (0x0791) x15 0x0000000080005814
core   0: 0x0000000080006048 (0x34179073) csrrw   zero, mepc, a5
core   0: 3 0x0000000080006048 (0x34179073) c833_mepc 0x0000000080005814
core   0: 0x000000008000604c (0x30200073) mret
core   0: 3 0x000000008000604c (0x30200073) c768_mstatus 0x8000000a00106080
core   0: 0x0000000080005814 (0xd22af953) fcvt.d.l fs2, s5
core   0: 1 0x0000000080005814 (0xd22af953) c1_fflags 0x0000000000000001 f18 0x43e0000000000000
core   0: 0x0000000080005818 (0xc21d7dd3) fcvt.wu.d s11, fs10
core   0: 1 0x0000000080005818 (0xc21d7dd3) x27 0x0000000000000000
core   0: 0x000000008000581c (0x003e8533) add     a0, t4, gp
core   0: 1 0x000000008000581c (0x003e8533) x10 0x0000000000000000
core   0: 0x0000000080005820 (0xa2948053) fle.d   zero, fs1, fs1
core   0: 1 0x0000000080005820 (0xa2948053) c1_fflags 0x0000000000000011
core   0: 0x0000000080005824 (0xfff9d4b7) lui     s1, 0xfff9d
core   0: 1 0x0000000080005824 (0xfff9d4b7) x9  0xfffffffffff9d000
core   0: 0x0000000080005828 (0x85b4849b) addiw   s1, s1, -1957
core   0: 1 0x0000000080005828 (0x85b4849b) x9  0xfffffffffff9c85b
core   0: 0x000000008000582c (0x000004c2) c.slli  s1, 16
core   0: 1 0x000000008000582c (0x04c2) x9  0xfffffff9c85b0000
core   0: 0x000000008000582e (0x2f348493) addi    s1, s1, 755
core   0: 1 0x000000008000582e (0x2f348493) x9  0xfffffff9c85b02f3
core   0: 0x0000000080005832 (0x0105c5b3) xor     a1, a1, a6
core   0: 1 0x0000000080005832 (0x0105c5b3) x11 0x00000000c032a5f3
core   0: 0x0000000080005836 (0x03205a33) divu    s4, zero, s2
core   0: 1 0x0000000080005836 (0x03205a33) x20 0xffffffffffffffff
core   0: 0x000000008000583a (0xd03e7d53) fcvt.s.lu fs10, t3
core   0: 1 0x000000008000583a (0xd03e7d53) c1_fflags 0x0000000000000011 f26 0xffffffff5f800000
core   0: 0x000000008000583e (0x00102773) csrrs   a4, fflags, zero
core   0: 1 0x000000008000583e (0x00102773) x14 0x0000000000000011
core   0: 0x0000000080005842 (0x0a767143) fmadd.d ft2, fa2, ft7, ft1
core   0: 1 0x0000000080005842 (0x0a767143) f2  0x7ff8000000000000
core   0: 0x0000000080005846 (0x1b01f7d3) fdiv.d  fa5, ft3, fa6
core   0: 1 0x0000000080005846 (0x1b01f7d3) f15 0x7ff8000000000000
core   0: 0x000000008000584a (0xc229f853) fcvt.l.d a6, fs3
core   0: 1 0x000000008000584a (0xc229f853) c1_fflags 0x0000000000000011 x16 0x7fffffffffffffff
core   0: 0x000000008000584e (0xd0357053) fcvt.s.lu ft0, a0
core   0: 1 0x000000008000584e (0xd0357053) f0  0xffffffff00000000
core   0: 0x0000000080005852 (0xfd1ac237) lui     tp, 0xfd1ac
core   0: 1 0x0000000080005852 (0xfd1ac237) x4  0xfffffffffd1ac000
core   0: 0x0000000080005856 (0x7752021b) addiw   tp, tp, 1909
core   0: 1 0x0000000080005856 (0x7752021b) x4  0xfffffffffd1ac775
core   0: 0x000000008000585a (0x00000232) c.slli  tp, 12
core   0: 1 0x000000008000585a (0x0232) x4  0xffffffd1ac775000
core   0: 0x000000008000585c (0xe3520213) addi    tp, tp, -459
core   0: 1 0x000000008000585c (0xe3520213) x4  0xffffffd1ac774e35
core   0: 0x0000000080005860 (0x000e1a1b) slliw   s4, t3, 0
core   0: 1 0x0000000080005860 (0x000e1a1b) x20 0xffffffffffffffff
core   0: 0x0000000080005864 (0x011b6a33) or      s4, s6, a7
core   0: 1 0x0000000080005864 (0x011b6a33) x20 0xfffffffffffffc69
core   0: 0x0000000080005868 (0x00102073) csrrs   zero, fflags, zero
core   0: 1 0x0000000080005868 (0x00102073)
core   0: 0x000000008000586c (0x002a90bb) sllw    ra, s5, sp
core   0: 1 0x000000008000586c (0x002a90bb) x1  0xfffffffffffffc00
core   0: 0x0000000080005870 (0xd20a0bd3) fcvt.d.w fs7, s4
core   0: 1 0x0000000080005870 (0xd20a0bd3) f23 0xc08cb80000000000
core   0: 0x0000000080005874 (0x012e5d93) srli    s11, t3, 18
core   0: 1 0x0000000080005874 (0x012e5d93) x27 0x00003fffffffffff
core   0: 0x0000000080005878 (0x02905813) srli    a6, zero, 41
core   0: 1 0x0000000080005878 (0x02905813) x16 0x0000000000000000
core   0: 0x000000008000587c (0x0161573b) srlw    a4, sp, s6
core   0: 1 0x000000008000587c (0x0161573b) x14 0xffffffff80004daa
core   0: 0x0000000080005880 (0x0092a2b3) slt     t0, t0, s1
core   0: 1 0x0000000080005880 (0x0092a2b3) x5  0x0000000000000000
core   0: 0x0000000080005884 (0x0044d933) srl     s2, s1, tp
core   0: 1 0x0000000080005884 (0x0044d933) x18 0x00000000000007ff
core   0: 0x0000000080005888 (0x012606b3) add     a3, a2, s2
core   0: 1 0x0000000080005888 (0x012606b3) x13 0x00000000000011ff
core   0: 0x000000008000588c (0x41a7db33) sra     s6, a5, s10
core   0: 1 0x000000008000588c (0x41a7db33) x22 0x0000000080005814
core   0: 0x0000000080005890 (0x1379fed3) fmul.d  ft9, fs3, fs7
core   0: 1 0x0000000080005890 (0x1379fed3) f29 0x7ff8000000000000
core   0: 0x0000000080005894 (0x029cd4bb) divuw   s1, s9, s1
core   0: 1 0x0000000080005894 (0x029cd4bb) x9  0x0000000000000000
core   0: 0x0000000080005898 (0x0078199b) slliw   s3, a6, 7
core   0: 1 0x0000000080005898 (0x0078199b) x19 0x0000000000000000
core   0: 0x000000008000589c (0xc039f0d3) fcvt.lu.s ra, fs3
core   0: 1 0x000000008000589c (0xc039f0d3) c1_fflags 0x0000000000000011 x1  0xffffffffffffffff
core   0: 0x00000000800058a0 (0x2a0e99d3) fmax.d  fs3, ft9, ft0
core   0: 1 0x00000000800058a0 (0x2a0e99d3) f19 0x7ff8000000000000
core   0: 0x00000000800058a4 (0x0009183b) sllw    a6, s2, zero
core   0: 1 0x00000000800058a4 (0x0009183b) x16 0x00000000000007ff
core   0: 0x00000000800058a8 (0x00f68ebb) addw    t4, a3, a5
core   0: 1 0x00000000800058a8 (0x00f68ebb) x29 0xffffffff80006a13
core   0: 0x00000000800058ac (0x0396fab3) remu    s5, a3, s9
core   0: 1 0x00000000800058ac (0x0396fab3) x21 0x00000000000011ff
core   0: 0x00000000800058b0 (0x23302353) fsgnjx.d ft6, ft0, fs3
core   0: 1 0x00000000800058b0 (0x23302353) f6  0xffffffff00000000
core   0: 0x00000000800058b4 (0x00fb07bb) addw    a5, s6, a5
core   0: 1 0x00000000800058b4 (0x00fb07bb) x15 0x000000000000b028
core   0: 0x00000000800058b8 (0x4327d713) srai    a4, a5, 50
core   0: 1 0x00000000800058b8 (0x4327d713) x14 0x0000000000000000
core   0: 0x00000000800058bc (0x00fad5b3) srl     a1, s5, a5
core   0: 1 0x00000000800058bc (0x00fad5b3) x11 0x0000000000000000
core   0: 0x00000000800058c0 (0xd21000d3) fcvt.d.wu ft1, zero
core   0: 1 0x00000000800058c0 (0xd21000d3) f1  0x0000000000000000
core   0: 0x00000000800058c4 (0x4139d99b) sraiw   s3, s3, 19
core   0: 1 0x00000000800058c4 (0x4139d99b) x19 0x0000000000000000
core   0: 0x00000000800058c8 (0x5a00fe53) fsqrt.d ft8, ft1
core   0: 1 0x00000000800058c8 (0x5a00fe53) f28 0x0000000000000000
core   0: 0x00000000800058cc (0x43fdda93) srai    s5, s11, 63
core   0: 1 0x00000000800058cc (0x43fdda93) x21 0x0000000000000000
core   0: 0x00000000800058d0 (0x0048f233) and     tp, a7, tp
core   0: 1 0x00000000800058d0 (0x0048f233) x4  0x0000000000000421
core   0: 0x00000000800058d4 (0xab3079cb) fnmsub.d fs3, ft0, fs3, fs5
core   0: 1 0x00000000800058d4 (0xab3079cb) f19 0x7ff8000000000000
core   0: 0x00000000800058d8 (0x02cb3633) mulhu   a2, s6, a2
core   0: 1 0x00000000800058d8 (0x02cb3633) x12 0x0000000000000000
core   0: 0x00000000800058dc (0x40d6543b) sraw    s0, a2, a3
core   0: 1 0x00000000800058dc (0x40d6543b) x8  0x0000000000000000
core   0: 0x00000000800058e0 (0xd0347b53) fcvt.s.lu fs6, s0
core   0: 1 0x00000000800058e0 (0xd0347b53) f22 0xffffffff00000000
core   0: 0x00000000800058e4 (0x00101073) csrrw   zero, fflags, zero
core   0: 1 0x00000000800058e4 (0x00101073) c1_fflags 0x0000000000000000
core   0: 0x00000000800058e8 (0x012695bb) sllw    a1, a3, s2
core   0: 1 0x00000000800058e8 (0x012695bb) x11 0xffffffff80000000
core   0: 0x00000000800058ec (0x2ab20e53) fmin.d  ft8, ft4, fa1
core   0: 1 0x00000000800058ec (0x2ab20e53) f28 0x7ff8000000000000
core   0: 0x00000000800058f0 (0x0a3b7acb) fnmsub.d fs5, fs6, ft3, ft1
core   0: 1 0x00000000800058f0 (0x0a3b7acb) f21 0x7ff8000000000000
core   0: 0x00000000800058f4 (0xc231fcd3) fcvt.lu.d s9, ft3
core   0: 1 0x00000000800058f4 (0xc231fcd3) c1_fflags 0x0000000000000010 x25 0xffffffffffffffff
core   0: 0x00000000800058f8 (0x5246f647) fmsub.d fa2, fa3, ft4, fa0
core   0: 1 0x00000000800058f8 (0x5246f647) f12 0x7ff8000000000000
core   0: 0x00000000800058fc (0x0009d49b) srliw   s1, s3, 0
core   0: 1 0x00000000800058fc (0x0009d49b) x9  0x0000000000000000
core   0: 0x0000000080005900 (0xd027ff53) fcvt.s.l ft10, a5
core   0: 1 0x0000000080005900 (0xd027ff53) f30 0xffffffff47302800
core   0: 0x0000000080005904 (0x401e74d3) fcvt.s.d fs1, ft8
core   0: 1 0x0000000080005904 (0x401e74d3) f9  0xffffffff7fc00000
core   0: 0x0000000080005908 (0xd21c8d53) fcvt.d.wu fs10, s9
core   0: 1 0x0000000080005908 (0xd21c8d53) f26 0x41efffffffe00000
core   0: 0x000000008000590c (0xd237f2d3) fcvt.d.lu ft5, a5
core   0: 1 0x000000008000590c (0xd237f2d3) f5  0x40e6050000000000
core   0: 0x0000000080005910 (0x03fd9613) slli    a2, s11, 63
core   0: 1 0x0000000080005910 (0x03fd9613) x12 0x8000000000000000
core   0: 0x0000000080005914 (0x7ffa8a9b) addiw   s5, s5, 2047
core   0: 1 0x0000000080005914 (0x7ffa8a9b) x21 0x00000000000007ff
core   0: 0x0000000080005918 (0x0228723b) remuw   tp, a6, sp
core   0: 1 0x0000000080005918 (0x0228723b) x4  0x00000000000007ff
core   0: 0x000000008000591c (0x2b8498d3) fmax.d  fa7, fs1, fs8
core   0: 1 0x000000008000591c (0x2b8498d3) f17 0x7ff8000000000000
core   0: 0x0000000080005920 (0x00281073) csrrw   zero, frm, a6
core   0: 1 0x0000000080005920 (0x00281073) c2_frm 0x0000000000000007
core   0: 0x0000000080005924 (0xc236fa53) fcvt.lu.d s4, fa3
core   0: exception trap_illegal_instruction, epc 0x0000000080005924
core   0:           tval 0x00000000c236fa53
core   0: >>>>  $xrv64i2p1_m2p0_a2p1_f2p2_d2p2_zicsr2p0_zifencei2p0_zmmul1p0_zba1p0_zbb1p0_zbc1p0_zbs1p0
core   0: 0x0000000080004000 (0x0080006f) j       pc + 0x8
core   0: 3 0x0000000080004000 (0x0080006f)
core   0: >>>>  mmode_exception_handler
core   0: 0x0000000080004008 (0x00002c17) auipc   s8, 0x2
core   0: 3 0x0000000080004008 (0x00002c17) x24 0x0000000080006008
core   0: 0x000000008000400c (0x00ac0c13) addi    s8, s8, 10
core   0: 3 0x000000008000400c (0x00ac0c13) x24 0x0000000080006012
core   0: 0x0000000080004010 (0x000c00e7) jalr    s8
core   0: 3 0x0000000080004010 (0x000c00e7) x1  0x0000000080004014
core   0: >>>>  any_handler
core   0: 0x0000000080006012 (0x341027f3) csrrs   a5, mepc, zero
core   0: 3 0x0000000080006012 (0x341027f3) x15 0x0000000080005924
core   0: 0x0000000080006016 (0x34202773) csrrs   a4, mcause, zero
core   0: 3 0x0000000080006016 (0x34202773) x14 0x0000000000000002
core   0: 0x000000008000601a (0x142026f3) csrrs   a3, scause, zero
core   0: 3 0x000000008000601a (0x142026f3) x13 0x0000000000000000
core   0: 0x000000008000601e (0x30402673) csrrs   a2, mie, zero
core   0: 3 0x000000008000601e (0x30402673) x12 0x0000000000000a00
core   0: 0x0000000080006022 (0x344025f3) csrrs   a1, mip, zero
core   0: 3 0x0000000080006022 (0x344025f3) x11 0x0000000000000080
core   0: 0x0000000080006026 (0x343025f3) csrrs   a1, mtval, zero
core   0: 3 0x0000000080006026 (0x343025f3) x11 0x00000000c236fa53
core   0: 0x000000008000602a (0x14302573) csrrs   a0, stval, zero
core   0: 3 0x000000008000602a (0x14302573) x10 0x0000000000000000
core   0: 0x000000008000602e (0xb02024f3) csrrs   s1, minstret, zero
core   0: 3 0x000000008000602e (0xb02024f3) x9  0x0000000000000fe7
core   0: 0x0000000080006032 (0x0000a811) c.j     pc + 20
core   0: 3 0x0000000080006032 (0xa811)
core   0: >>>>  mepc_4
core   0: 0x0000000080006046 (0x00000791) c.addi  a5, 4
core   0: 3 0x0000000080006046 (0x0791) x15 0x0000000080005928
core   0: 0x0000000080006048 (0x34179073) csrrw   zero, mepc, a5
core   0: 3 0x0000000080006048 (0x34179073) c833_mepc 0x0000000080005928
core   0: 0x000000008000604c (0x30200073) mret
core   0: 3 0x000000008000604c (0x30200073) c768_mstatus 0x8000000a00106080
core   0: 0x0000000080005928 (0x00a5033b) addw    t1, a0, a0
core   0: 1 0x0000000080005928 (0x00a5033b) x6  0x0000000000000000
core   0: 0x000000008000592c (0x7ffc6813) ori     a6, s8, 2047
core   0: 1 0x000000008000592c (0x7ffc6813) x16 0x00000000800067ff
core   0: 0x0000000080005930 (0x15fb881b) addiw   a6, s7, 351
core   0: 1 0x0000000080005930 (0x15fb881b) x16 0x0000000000000160
core   0: 0x0000000080005934 (0x0376bbb3) mulhu   s7, a3, s7
core   0: 1 0x0000000080005934 (0x0376bbb3) x23 0x0000000000000000
core   0: 0x0000000080005938 (0x02c75733) divu    a4, a4, a2
core   0: 1 0x0000000080005938 (0x02c75733) x14 0x0000000000000000
core   0: 0x000000008000593c (0x02423233) mulhu   tp, tp, tp
core   0: 1 0x000000008000593c (0x02423233) x4  0x0000000000000000
core   0: 0x0000000080005940 (0x01caeab3) or      s5, s5, t3
core   0: 1 0x0000000080005940 (0x01caeab3) x21 0xffffffffffffffff
core   0: 0x0000000080005944 (0x41925833) sra     a6, tp, s9
core   0: 1 0x0000000080005944 (0x41925833) x16 0x0000000000000000
core   0: 0x0000000080005948 (0x01858133) add     sp, a1, s8
core   0: 1 0x0000000080005948 (0x01858133) x2  0x0000000142375a65
core   0: 0x000000008000594c (0x42e25093) srai    ra, tp, 46
core   0: 1 0x000000008000594c (0x42e25093) x1  0x0000000000000000
core   0: 0x0000000080005950 (0x4000d59b) sraiw   a1, ra, 0
core   0: 1 0x0000000080005950 (0x4000d59b) x11 0x0000000000000000
core   0: 0x0000000080005954 (0xc02c7e53) fcvt.l.s t3, fs8
core   0: exception trap_illegal_instruction, epc 0x0000000080005954
core   0:           tval 0x00000000c02c7e53
core   0: >>>>  $xrv64i2p1_m2p0_a2p1_f2p2_d2p2_zicsr2p0_zifencei2p0_zmmul1p0_zba1p0_zbb1p0_zbc1p0_zbs1p0
core   0: 0x0000000080004000 (0x0080006f) j       pc + 0x8
core   0: 3 0x0000000080004000 (0x0080006f)
core   0: >>>>  mmode_exception_handler
core   0: 0x0000000080004008 (0x00002c17) auipc   s8, 0x2
core   0: 3 0x0000000080004008 (0x00002c17) x24 0x0000000080006008
core   0: 0x000000008000400c (0x00ac0c13) addi    s8, s8, 10
core   0: 3 0x000000008000400c (0x00ac0c13) x24 0x0000000080006012
core   0: 0x0000000080004010 (0x000c00e7) jalr    s8
core   0: 3 0x0000000080004010 (0x000c00e7) x1  0x0000000080004014
core   0: >>>>  any_handler
core   0: 0x0000000080006012 (0x341027f3) csrrs   a5, mepc, zero
core   0: 3 0x0000000080006012 (0x341027f3) x15 0x0000000080005954
core   0: 0x0000000080006016 (0x34202773) csrrs   a4, mcause, zero
core   0: 3 0x0000000080006016 (0x34202773) x14 0x0000000000000002
core   0: 0x000000008000601a (0x142026f3) csrrs   a3, scause, zero
core   0: 3 0x000000008000601a (0x142026f3) x13 0x0000000000000000
core   0: 0x000000008000601e (0x30402673) csrrs   a2, mie, zero
core   0: 3 0x000000008000601e (0x30402673) x12 0x0000000000000a00
core   0: 0x0000000080006022 (0x344025f3) csrrs   a1, mip, zero
core   0: 3 0x0000000080006022 (0x344025f3) x11 0x0000000000000080
core   0: 0x0000000080006026 (0x343025f3) csrrs   a1, mtval, zero
core   0: 3 0x0000000080006026 (0x343025f3) x11 0x00000000c02c7e53
core   0: 0x000000008000602a (0x14302573) csrrs   a0, stval, zero
core   0: 3 0x000000008000602a (0x14302573) x10 0x0000000000000000
core   0: 0x000000008000602e (0xb02024f3) csrrs   s1, minstret, zero
core   0: 3 0x000000008000602e (0xb02024f3) x9  0x0000000000001002
core   0: 0x0000000080006032 (0x0000a811) c.j     pc + 20
core   0: 3 0x0000000080006032 (0xa811)
core   0: >>>>  mepc_4
core   0: 0x0000000080006046 (0x00000791) c.addi  a5, 4
core   0: 3 0x0000000080006046 (0x0791) x15 0x0000000080005958
core   0: 0x0000000080006048 (0x34179073) csrrw   zero, mepc, a5
core   0: 3 0x0000000080006048 (0x34179073) c833_mepc 0x0000000080005958
core   0: 0x000000008000604c (0x30200073) mret
core   0: 3 0x000000008000604c (0x30200073) c768_mstatus 0x8000000a00106080
core   0: 0x0000000080005958 (0x001b1473) csrrw   s0, fflags, s6
core   0: 1 0x0000000080005958 (0x001b1473) x8  0x0000000000000010 c1_fflags 0x0000000000000014
core   0: 0x000000008000595c (0x0111d1b3) srl     gp, gp, a7
core   0: 1 0x000000008000595c (0x0111d1b3) x3  0x0000000000000000
core   0: 0x0000000080005960 (0xc02c7853) fcvt.l.s a6, fs8
core   0: exception trap_illegal_instruction, epc 0x0000000080005960
core   0:           tval 0x00000000c02c7853
core   0: >>>>  $xrv64i2p1_m2p0_a2p1_f2p2_d2p2_zicsr2p0_zifencei2p0_zmmul1p0_zba1p0_zbb1p0_zbc1p0_zbs1p0
core   0: 0x0000000080004000 (0x0080006f) j       pc + 0x8
core   0: 3 0x0000000080004000 (0x0080006f)
core   0: >>>>  mmode_exception_handler
core   0: 0x0000000080004008 (0x00002c17) auipc   s8, 0x2
core   0: 3 0x0000000080004008 (0x00002c17) x24 0x0000000080006008
core   0: 0x000000008000400c (0x00ac0c13) addi    s8, s8, 10
core   0: 3 0x000000008000400c (0x00ac0c13) x24 0x0000000080006012
core   0: 0x0000000080004010 (0x000c00e7) jalr    s8
core   0: 3 0x0000000080004010 (0x000c00e7) x1  0x0000000080004014
core   0: >>>>  any_handler
core   0: 0x0000000080006012 (0x341027f3) csrrs   a5, mepc, zero
core   0: 3 0x0000000080006012 (0x341027f3) x15 0x0000000080005960
core   0: 0x0000000080006016 (0x34202773) csrrs   a4, mcause, zero
core   0: 3 0x0000000080006016 (0x34202773) x14 0x0000000000000002
core   0: 0x000000008000601a (0x142026f3) csrrs   a3, scause, zero
core   0: 3 0x000000008000601a (0x142026f3) x13 0x0000000000000000
core   0: 0x000000008000601e (0x30402673) csrrs   a2, mie, zero
core   0: 3 0x000000008000601e (0x30402673) x12 0x0000000000000a00
core   0: 0x0000000080006022 (0x344025f3) csrrs   a1, mip, zero
core   0: 3 0x0000000080006022 (0x344025f3) x11 0x0000000000000080
core   0: 0x0000000080006026 (0x343025f3) csrrs   a1, mtval, zero
core   0: 3 0x0000000080006026 (0x343025f3) x11 0x00000000c02c7853
core   0: 0x000000008000602a (0x14302573) csrrs   a0, stval, zero
core   0: 3 0x000000008000602a (0x14302573) x10 0x0000000000000000
core   0: 0x000000008000602e (0xb02024f3) csrrs   s1, minstret, zero
core   0: 3 0x000000008000602e (0xb02024f3) x9  0x0000000000001014
core   0: 0x0000000080006032 (0x0000a811) c.j     pc + 20
core   0: 3 0x0000000080006032 (0xa811)
core   0: >>>>  mepc_4
core   0: 0x0000000080006046 (0x00000791) c.addi  a5, 4
core   0: 3 0x0000000080006046 (0x0791) x15 0x0000000080005964
core   0: 0x0000000080006048 (0x34179073) csrrw   zero, mepc, a5
core   0: 3 0x0000000080006048 (0x34179073) c833_mepc 0x0000000080005964
core   0: 0x000000008000604c (0x30200073) mret
core   0: 3 0x000000008000604c (0x30200073) c768_mstatus 0x8000000a00106080
core   0: 0x0000000080005964 (0x000981bb) addw    gp, s3, zero
core   0: 1 0x0000000080005964 (0x000981bb) x3  0x0000000000000000
core   0: 0x0000000080005968 (0x41b9093b) subw    s2, s2, s11
core   0: 1 0x0000000080005968 (0x41b9093b) x18 0x0000000000000800
core   0: 0x000000008000596c (0xd03572d3) fcvt.s.lu ft5, a0
core   0: exception trap_illegal_instruction, epc 0x000000008000596c
core   0:           tval 0x00000000d03572d3
core   0: >>>>  $xrv64i2p1_m2p0_a2p1_f2p2_d2p2_zicsr2p0_zifencei2p0_zmmul1p0_zba1p0_zbb1p0_zbc1p0_zbs1p0
core   0: 0x0000000080004000 (0x0080006f) j       pc + 0x8
core   0: 3 0x0000000080004000 (0x0080006f)
core   0: >>>>  mmode_exception_handler
core   0: 0x0000000080004008 (0x00002c17) auipc   s8, 0x2
core   0: 3 0x0000000080004008 (0x00002c17) x24 0x0000000080006008
core   0: 0x000000008000400c (0x00ac0c13) addi    s8, s8, 10
core   0: 3 0x000000008000400c (0x00ac0c13) x24 0x0000000080006012
core   0: 0x0000000080004010 (0x000c00e7) jalr    s8
core   0: 3 0x0000000080004010 (0x000c00e7) x1  0x0000000080004014
core   0: >>>>  any_handler
core   0: 0x0000000080006012 (0x341027f3) csrrs   a5, mepc, zero
core   0: 3 0x0000000080006012 (0x341027f3) x15 0x000000008000596c
core   0: 0x0000000080006016 (0x34202773) csrrs   a4, mcause, zero
core   0: 3 0x0000000080006016 (0x34202773) x14 0x0000000000000002
core   0: 0x000000008000601a (0x142026f3) csrrs   a3, scause, zero
core   0: 3 0x000000008000601a (0x142026f3) x13 0x0000000000000000
core   0: 0x000000008000601e (0x30402673) csrrs   a2, mie, zero
core   0: 3 0x000000008000601e (0x30402673) x12 0x0000000000000a00
core   0: 0x0000000080006022 (0x344025f3) csrrs   a1, mip, zero
core   0: 3 0x0000000080006022 (0x344025f3) x11 0x0000000000000080
core   0: 0x0000000080006026 (0x343025f3) csrrs   a1, mtval, zero
core   0: 3 0x0000000080006026 (0x343025f3) x11 0x00000000d03572d3
core   0: 0x000000008000602a (0x14302573) csrrs   a0, stval, zero
core   0: 3 0x000000008000602a (0x14302573) x10 0x0000000000000000
core   0: 0x000000008000602e (0xb02024f3) csrrs   s1, minstret, zero
core   0: 3 0x000000008000602e (0xb02024f3) x9  0x0000000000001026
core   0: 0x0000000080006032 (0x0000a811) c.j     pc + 20
core   0: 3 0x0000000080006032 (0xa811)
core   0: >>>>  mepc_4
core   0: 0x0000000080006046 (0x00000791) c.addi  a5, 4
core   0: 3 0x0000000080006046 (0x0791) x15 0x0000000080005970
core   0: 0x0000000080006048 (0x34179073) csrrw   zero, mepc, a5
core   0: 3 0x0000000080006048 (0x34179073) c833_mepc 0x0000000080005970
core   0: 0x000000008000604c (0x30200073) mret
core   0: 3 0x000000008000604c (0x30200073) c768_mstatus 0x8000000a00106080
core   0: 0x0000000080005970 (0x00030c1b) sext.w  s8, t1
core   0: 1 0x0000000080005970 (0x00030c1b) x24 0x0000000000000000
core   0: 0x0000000080005974 (0x018b5e33) srl     t3, s6, s8
core   0: 1 0x0000000080005974 (0x018b5e33) x28 0x0000000080005814
core   0: 0x0000000080005978 (0x320854f3) csrrwi  s1, mcountinhibit, 16
core   0: exception trap_illegal_instruction, epc 0x0000000080005978
core   0:           tval 0x00000000320854f3
core   0: >>>>  $xrv64i2p1_m2p0_a2p1_f2p2_d2p2_zicsr2p0_zifencei2p0_zmmul1p0_zba1p0_zbb1p0_zbc1p0_zbs1p0
core   0: 0x0000000080004000 (0x0080006f) j       pc + 0x8
core   0: 3 0x0000000080004000 (0x0080006f)
core   0: >>>>  mmode_exception_handler
core   0: 0x0000000080004008 (0x00002c17) auipc   s8, 0x2
core   0: 3 0x0000000080004008 (0x00002c17) x24 0x0000000080006008
core   0: 0x000000008000400c (0x00ac0c13) addi    s8, s8, 10
core   0: 3 0x000000008000400c (0x00ac0c13) x24 0x0000000080006012
core   0: 0x0000000080004010 (0x000c00e7) jalr    s8
core   0: 3 0x0000000080004010 (0x000c00e7) x1  0x0000000080004014
core   0: >>>>  any_handler
core   0: 0x0000000080006012 (0x341027f3) csrrs   a5, mepc, zero
core   0: 3 0x0000000080006012 (0x341027f3) x15 0x0000000080005978
core   0: 0x0000000080006016 (0x34202773) csrrs   a4, mcause, zero
core   0: 3 0x0000000080006016 (0x34202773) x14 0x0000000000000002
core   0: 0x000000008000601a (0x142026f3) csrrs   a3, scause, zero
core   0: 3 0x000000008000601a (0x142026f3) x13 0x0000000000000000
core   0: 0x000000008000601e (0x30402673) csrrs   a2, mie, zero
core   0: 3 0x000000008000601e (0x30402673) x12 0x0000000000000a00
core   0: 0x0000000080006022 (0x344025f3) csrrs   a1, mip, zero
core   0: 3 0x0000000080006022 (0x344025f3) x11 0x0000000000000080
core   0: 0x0000000080006026 (0x343025f3) csrrs   a1, mtval, zero
core   0: 3 0x0000000080006026 (0x343025f3) x11 0x00000000320854f3
core   0: 0x000000008000602a (0x14302573) csrrs   a0, stval, zero
core   0: 3 0x000000008000602a (0x14302573) x10 0x0000000000000000
core   0: 0x000000008000602e (0xb02024f3) csrrs   s1, minstret, zero
core   0: 3 0x000000008000602e (0xb02024f3) x9  0x0000000000001038
core   0: 0x0000000080006032 (0x0000a811) c.j     pc + 20
core   0: 3 0x0000000080006032 (0xa811)
core   0: >>>>  mepc_4
core   0: 0x0000000080006046 (0x00000791) c.addi  a5, 4
core   0: 3 0x0000000080006046 (0x0791) x15 0x000000008000597c
core   0: 0x0000000080006048 (0x34179073) csrrw   zero, mepc, a5
core   0: 3 0x0000000080006048 (0x34179073) c833_mepc 0x000000008000597c
core   0: 0x000000008000604c (0x30200073) mret
core   0: 3 0x000000008000604c (0x30200073) c768_mstatus 0x8000000a00106080
core   0: 0x000000008000597c (0x019dda3b) srlw    s4, s11, s9
core   0: 1 0x000000008000597c (0x019dda3b) x20 0x0000000000000001
core   0: 0x0000000080005980 (0x01bac2b3) xor     t0, s5, s11
core   0: 1 0x0000000080005980 (0x01bac2b3) x5  0xffffc00000000000
core   0: 0x0000000080005984 (0xbfd8e013) ori     zero, a7, -1027
core   0: 1 0x0000000080005984 (0xbfd8e013)
core   0: 0x0000000080005988 (0x1123f813) andi    a6, t2, 274
core   0: 1 0x0000000080005988 (0x1123f813) x16 0x0000000000000000
core   0: 0x000000008000598c (0x4029563b) sraw    a2, s2, sp
core   0: 1 0x000000008000598c (0x4029563b) x12 0x0000000000000040
core   0: 0x0000000080005990 (0x6b847cc3) fmadd.d fs9, fs0, fs8, fa3
core   0: exception trap_illegal_instruction, epc 0x0000000080005990
core   0:           tval 0x000000006b847cc3
core   0: >>>>  $xrv64i2p1_m2p0_a2p1_f2p2_d2p2_zicsr2p0_zifencei2p0_zmmul1p0_zba1p0_zbb1p0_zbc1p0_zbs1p0
core   0: 0x0000000080004000 (0x0080006f) j       pc + 0x8
core   0: 3 0x0000000080004000 (0x0080006f)
core   0: >>>>  mmode_exception_handler
core   0: 0x0000000080004008 (0x00002c17) auipc   s8, 0x2
core   0: 3 0x0000000080004008 (0x00002c17) x24 0x0000000080006008
core   0: 0x000000008000400c (0x00ac0c13) addi    s8, s8, 10
core   0: 3 0x000000008000400c (0x00ac0c13) x24 0x0000000080006012
core   0: 0x0000000080004010 (0x000c00e7) jalr    s8
core   0: 3 0x0000000080004010 (0x000c00e7) x1  0x0000000080004014
core   0: >>>>  any_handler
core   0: 0x0000000080006012 (0x341027f3) csrrs   a5, mepc, zero
core   0: 3 0x0000000080006012 (0x341027f3) x15 0x0000000080005990
core   0: 0x0000000080006016 (0x34202773) csrrs   a4, mcause, zero
core   0: 3 0x0000000080006016 (0x34202773) x14 0x0000000000000002
core   0: 0x000000008000601a (0x142026f3) csrrs   a3, scause, zero
core   0: 3 0x000000008000601a (0x142026f3) x13 0x0000000000000000
core   0: 0x000000008000601e (0x30402673) csrrs   a2, mie, zero
core   0: 3 0x000000008000601e (0x30402673) x12 0x0000000000000a00
core   0: 0x0000000080006022 (0x344025f3) csrrs   a1, mip, zero
core   0: 3 0x0000000080006022 (0x344025f3) x11 0x0000000000000080
core   0: 0x0000000080006026 (0x343025f3) csrrs   a1, mtval, zero
core   0: 3 0x0000000080006026 (0x343025f3) x11 0x000000006b847cc3
core   0: 0x000000008000602a (0x14302573) csrrs   a0, stval, zero
core   0: 3 0x000000008000602a (0x14302573) x10 0x0000000000000000
core   0: 0x000000008000602e (0xb02024f3) csrrs   s1, minstret, zero
core   0: 3 0x000000008000602e (0xb02024f3) x9  0x000000000000104d
core   0: 0x0000000080006032 (0x0000a811) c.j     pc + 20
core   0: 3 0x0000000080006032 (0xa811)
core   0: >>>>  mepc_4
core   0: 0x0000000080006046 (0x00000791) c.addi  a5, 4
core   0: 3 0x0000000080006046 (0x0791) x15 0x0000000080005994
core   0: 0x0000000080006048 (0x34179073) csrrw   zero, mepc, a5
core   0: 3 0x0000000080006048 (0x34179073) c833_mepc 0x0000000080005994
core   0: 0x000000008000604c (0x30200073) mret
core   0: 3 0x000000008000604c (0x30200073) c768_mstatus 0x8000000a00106080
core   0: 0x0000000080005994 (0x01510abb) addw    s5, sp, s5
core   0: 1 0x0000000080005994 (0x01510abb) x21 0x0000000042375a64
core   0: 0x0000000080005998 (0x00635333) srl     t1, t1, t1
core   0: 1 0x0000000080005998 (0x00635333) x6  0x0000000000000000
core   0: 0x000000008000599c (0x40c008b3) sub     a7, zero, a2
core   0: 1 0x000000008000599c (0x40c008b3) x17 0xfffffffffffff600
core   0: 0x00000000800059a0 (0x02c6b6b3) mulhu   a3, a3, a2
core   0: 1 0x00000000800059a0 (0x02c6b6b3) x13 0x0000000000000000
core   0: 0x00000000800059a4 (0x02d6f6cb) fnmsub.d fa3, fa3, fa3, ft0
core   0: exception trap_illegal_instruction, epc 0x00000000800059a4
core   0:           tval 0x0000000002d6f6cb
core   0: >>>>  $xrv64i2p1_m2p0_a2p1_f2p2_d2p2_zicsr2p0_zifencei2p0_zmmul1p0_zba1p0_zbb1p0_zbc1p0_zbs1p0
core   0: 0x0000000080004000 (0x0080006f) j       pc + 0x8
core   0: 3 0x0000000080004000 (0x0080006f)
core   0: >>>>  mmode_exception_handler
core   0: 0x0000000080004008 (0x00002c17) auipc   s8, 0x2
core   0: 3 0x0000000080004008 (0x00002c17) x24 0x0000000080006008
core   0: 0x000000008000400c (0x00ac0c13) addi    s8, s8, 10
core   0: 3 0x000000008000400c (0x00ac0c13) x24 0x0000000080006012
core   0: 0x0000000080004010 (0x000c00e7) jalr    s8
core   0: 3 0x0000000080004010 (0x000c00e7) x1  0x0000000080004014
core   0: >>>>  any_handler
core   0: 0x0000000080006012 (0x341027f3) csrrs   a5, mepc, zero
core   0: 3 0x0000000080006012 (0x341027f3) x15 0x00000000800059a4
core   0: 0x0000000080006016 (0x34202773) csrrs   a4, mcause, zero
core   0: 3 0x0000000080006016 (0x34202773) x14 0x0000000000000002
core   0: 0x000000008000601a (0x142026f3) csrrs   a3, scause, zero
core   0: 3 0x000000008000601a (0x142026f3) x13 0x0000000000000000
core   0: 0x000000008000601e (0x30402673) csrrs   a2, mie, zero
core   0: 3 0x000000008000601e (0x30402673) x12 0x0000000000000a00
core   0: 0x0000000080006022 (0x344025f3) csrrs   a1, mip, zero
core   0: 3 0x0000000080006022 (0x344025f3) x11 0x0000000000000080
core   0: 0x0000000080006026 (0x343025f3) csrrs   a1, mtval, zero
core   0: 3 0x0000000080006026 (0x343025f3) x11 0x0000000002d6f6cb
core   0: 0x000000008000602a (0x14302573) csrrs   a0, stval, zero
core   0: 3 0x000000008000602a (0x14302573) x10 0x0000000000000000
core   0: 0x000000008000602e (0xb02024f3) csrrs   s1, minstret, zero
core   0: 3 0x000000008000602e (0xb02024f3) x9  0x0000000000001061
core   0: 0x0000000080006032 (0x0000a811) c.j     pc + 20
core   0: 3 0x0000000080006032 (0xa811)
core   0: >>>>  mepc_4
core   0: 0x0000000080006046 (0x00000791) c.addi  a5, 4
core   0: 3 0x0000000080006046 (0x0791) x15 0x00000000800059a8
core   0: 0x0000000080006048 (0x34179073) csrrw   zero, mepc, a5
core   0: 3 0x0000000080006048 (0x34179073) c833_mepc 0x00000000800059a8
core   0: 0x000000008000604c (0x30200073) mret
core   0: 3 0x000000008000604c (0x30200073) c768_mstatus 0x8000000a00106080
core   0: 0x00000000800059a8 (0x03cc9eb3) mulh    t4, s9, t3
core   0: 1 0x00000000800059a8 (0x03cc9eb3) x29 0xffffffffffffffff
core   0: 0x00000000800059ac (0x01ad1a33) sll     s4, s10, s10
core   0: 1 0x00000000800059ac (0x01ad1a33) x20 0x0000000000000000
core   0: 0x00000000800059b0 (0x402dddbb) sraw    s11, s11, sp
core   0: 1 0x00000000800059b0 (0x402dddbb) x27 0xffffffffffffffff
core   0: 0x00000000800059b4 (0x2ade95d3) fmax.d  fa1, ft9, fa3
core   0: 1 0x00000000800059b4 (0x2ade95d3) f11 0x7ff8000000000000
core   0: 0x00000000800059b8 (0x037d74b3) remu    s1, s10, s7
core   0: 1 0x00000000800059b8 (0x037d74b3) x9  0x0000000000000000
core   0: 0x00000000800059bc (0x5b86fc43) fmadd.d fs8, fa3, fs8, fa1
core   0: exception trap_illegal_instruction, epc 0x00000000800059bc
core   0:           tval 0x000000005b86fc43
core   0: >>>>  $xrv64i2p1_m2p0_a2p1_f2p2_d2p2_zicsr2p0_zifencei2p0_zmmul1p0_zba1p0_zbb1p0_zbc1p0_zbs1p0
core   0: 0x0000000080004000 (0x0080006f) j       pc + 0x8
core   0: 3 0x0000000080004000 (0x0080006f)
core   0: >>>>  mmode_exception_handler
core   0: 0x0000000080004008 (0x00002c17) auipc   s8, 0x2
core   0: 3 0x0000000080004008 (0x00002c17) x24 0x0000000080006008
core   0: 0x000000008000400c (0x00ac0c13) addi    s8, s8, 10
core   0: 3 0x000000008000400c (0x00ac0c13) x24 0x0000000080006012
core   0: 0x0000000080004010 (0x000c00e7) jalr    s8
core   0: 3 0x0000000080004010 (0x000c00e7) x1  0x0000000080004014
core   0: >>>>  any_handler
core   0: 0x0000000080006012 (0x341027f3) csrrs   a5, mepc, zero
core   0: 3 0x0000000080006012 (0x341027f3) x15 0x00000000800059bc
core   0: 0x0000000080006016 (0x34202773) csrrs   a4, mcause, zero
core   0: 3 0x0000000080006016 (0x34202773) x14 0x0000000000000002
core   0: 0x000000008000601a (0x142026f3) csrrs   a3, scause, zero
core   0: 3 0x000000008000601a (0x142026f3) x13 0x0000000000000000
core   0: 0x000000008000601e (0x30402673) csrrs   a2, mie, zero
core   0: 3 0x000000008000601e (0x30402673) x12 0x0000000000000a00
core   0: 0x0000000080006022 (0x344025f3) csrrs   a1, mip, zero
core   0: 3 0x0000000080006022 (0x344025f3) x11 0x0000000000000080
core   0: 0x0000000080006026 (0x343025f3) csrrs   a1, mtval, zero
core   0: 3 0x0000000080006026 (0x343025f3) x11 0x000000005b86fc43
core   0: 0x000000008000602a (0x14302573) csrrs   a0, stval, zero
core   0: 3 0x000000008000602a (0x14302573) x10 0x0000000000000000
core   0: 0x000000008000602e (0xb02024f3) csrrs   s1, minstret, zero
core   0: 3 0x000000008000602e (0xb02024f3) x9  0x0000000000001076
core   0: 0x0000000080006032 (0x0000a811) c.j     pc + 20
core   0: 3 0x0000000080006032 (0xa811)
core   0: >>>>  mepc_4
core   0: 0x0000000080006046 (0x00000791) c.addi  a5, 4
core   0: 3 0x0000000080006046 (0x0791) x15 0x00000000800059c0
core   0: 0x0000000080006048 (0x34179073) csrrw   zero, mepc, a5
core   0: 3 0x0000000080006048 (0x34179073) c833_mepc 0x00000000800059c0
core   0: 0x000000008000604c (0x30200073) mret
core   0: 3 0x000000008000604c (0x30200073) c768_mstatus 0x8000000a00106080
core   0: 0x00000000800059c0 (0x00c3d63b) srlw    a2, t2, a2
core   0: 1 0x00000000800059c0 (0x00c3d63b) x12 0x0000000000000000
core   0: 0x00000000800059c4 (0x4173d01b) sraiw   zero, t2, 23
core   0: 1 0x00000000800059c4 (0x4173d01b)
core   0: 0x00000000800059c8 (0x8b06f847) fmsub.d fa6, fa3, fa6, fa7
core   0: exception trap_illegal_instruction, epc 0x00000000800059c8
core   0:           tval 0x000000008b06f847
core   0: >>>>  $xrv64i2p1_m2p0_a2p1_f2p2_d2p2_zicsr2p0_zifencei2p0_zmmul1p0_zba1p0_zbb1p0_zbc1p0_zbs1p0
core   0: 0x0000000080004000 (0x0080006f) j       pc + 0x8
core   0: 3 0x0000000080004000 (0x0080006f)
core   0: >>>>  mmode_exception_handler
core   0: 0x0000000080004008 (0x00002c17) auipc   s8, 0x2
core   0: 3 0x0000000080004008 (0x00002c17) x24 0x0000000080006008
core   0: 0x000000008000400c (0x00ac0c13) addi    s8, s8, 10
core   0: 3 0x000000008000400c (0x00ac0c13) x24 0x0000000080006012
core   0: 0x0000000080004010 (0x000c00e7) jalr    s8
core   0: 3 0x0000000080004010 (0x000c00e7) x1  0x0000000080004014
core   0: >>>>  any_handler
core   0: 0x0000000080006012 (0x341027f3) csrrs   a5, mepc, zero
core   0: 3 0x0000000080006012 (0x341027f3) x15 0x00000000800059c8
core   0: 0x0000000080006016 (0x34202773) csrrs   a4, mcause, zero
core   0: 3 0x0000000080006016 (0x34202773) x14 0x0000000000000002
core   0: 0x000000008000601a (0x142026f3) csrrs   a3, scause, zero
core   0: 3 0x000000008000601a (0x142026f3) x13 0x0000000000000000
core   0: 0x000000008000601e (0x30402673) csrrs   a2, mie, zero
core   0: 3 0x000000008000601e (0x30402673) x12 0x0000000000000a00
core   0: 0x0000000080006022 (0x344025f3) csrrs   a1, mip, zero
core   0: 3 0x0000000080006022 (0x344025f3) x11 0x0000000000000080
core   0: 0x0000000080006026 (0x343025f3) csrrs   a1, mtval, zero
core   0: 3 0x0000000080006026 (0x343025f3) x11 0x000000008b06f847
core   0: 0x000000008000602a (0x14302573) csrrs   a0, stval, zero
core   0: 3 0x000000008000602a (0x14302573) x10 0x0000000000000000
core   0: 0x000000008000602e (0xb02024f3) csrrs   s1, minstret, zero
core   0: 3 0x000000008000602e (0xb02024f3) x9  0x0000000000001088
core   0: 0x0000000080006032 (0x0000a811) c.j     pc + 20
core   0: 3 0x0000000080006032 (0xa811)
core   0: >>>>  mepc_4
core   0: 0x0000000080006046 (0x00000791) c.addi  a5, 4
core   0: 3 0x0000000080006046 (0x0791) x15 0x00000000800059cc
core   0: 0x0000000080006048 (0x34179073) csrrw   zero, mepc, a5
core   0: 3 0x0000000080006048 (0x34179073) c833_mepc 0x00000000800059cc
core   0: 0x000000008000604c (0x30200073) mret
core   0: 3 0x000000008000604c (0x30200073) c768_mstatus 0x8000000a00106080
core   0: 0x00000000800059cc (0x0294c733) div     a4, s1, s1
core   0: 1 0x00000000800059cc (0x0294c733) x14 0x0000000000000001
core   0: 0x00000000800059d0 (0x03175893) srli    a7, a4, 49
core   0: 1 0x00000000800059d0 (0x03175893) x17 0x0000000000000000
core   0: 0x00000000800059d4 (0xc226fdd3) fcvt.l.d s11, fa3
core   0: exception trap_illegal_instruction, epc 0x00000000800059d4
core   0:           tval 0x00000000c226fdd3
core   0: >>>>  $xrv64i2p1_m2p0_a2p1_f2p2_d2p2_zicsr2p0_zifencei2p0_zmmul1p0_zba1p0_zbb1p0_zbc1p0_zbs1p0
core   0: 0x0000000080004000 (0x0080006f) j       pc + 0x8
core   0: 3 0x0000000080004000 (0x0080006f)
core   0: >>>>  mmode_exception_handler
core   0: 0x0000000080004008 (0x00002c17) auipc   s8, 0x2
core   0: 3 0x0000000080004008 (0x00002c17) x24 0x0000000080006008
core   0: 0x000000008000400c (0x00ac0c13) addi    s8, s8, 10
core   0: 3 0x000000008000400c (0x00ac0c13) x24 0x0000000080006012
core   0: 0x0000000080004010 (0x000c00e7) jalr    s8
core   0: 3 0x0000000080004010 (0x000c00e7) x1  0x0000000080004014
core   0: >>>>  any_handler
core   0: 0x0000000080006012 (0x341027f3) csrrs   a5, mepc, zero
core   0: 3 0x0000000080006012 (0x341027f3) x15 0x00000000800059d4
core   0: 0x0000000080006016 (0x34202773) csrrs   a4, mcause, zero
core   0: 3 0x0000000080006016 (0x34202773) x14 0x0000000000000002
core   0: 0x000000008000601a (0x142026f3) csrrs   a3, scause, zero
core   0: 3 0x000000008000601a (0x142026f3) x13 0x0000000000000000
core   0: 0x000000008000601e (0x30402673) csrrs   a2, mie, zero
core   0: 3 0x000000008000601e (0x30402673) x12 0x0000000000000a00
core   0: 0x0000000080006022 (0x344025f3) csrrs   a1, mip, zero
core   0: 3 0x0000000080006022 (0x344025f3) x11 0x0000000000000080
core   0: 0x0000000080006026 (0x343025f3) csrrs   a1, mtval, zero
core   0: 3 0x0000000080006026 (0x343025f3) x11 0x00000000c226fdd3
core   0: 0x000000008000602a (0x14302573) csrrs   a0, stval, zero
core   0: 3 0x000000008000602a (0x14302573) x10 0x0000000000000000
core   0: 0x000000008000602e (0xb02024f3) csrrs   s1, minstret, zero
core   0: 3 0x000000008000602e (0xb02024f3) x9  0x000000000000109a
core   0: 0x0000000080006032 (0x0000a811) c.j     pc + 20
core   0: 3 0x0000000080006032 (0xa811)
core   0: >>>>  mepc_4
core   0: 0x0000000080006046 (0x00000791) c.addi  a5, 4
core   0: 3 0x0000000080006046 (0x0791) x15 0x00000000800059d8
core   0: 0x0000000080006048 (0x34179073) csrrw   zero, mepc, a5
core   0: 3 0x0000000080006048 (0x34179073) c833_mepc 0x00000000800059d8
core   0: 0x000000008000604c (0x30200073) mret
core   0: 3 0x000000008000604c (0x30200073) c768_mstatus 0x8000000a00106080
core   0: 0x00000000800059d8 (0xd23374d3) fcvt.d.lu fs1, t1
core   0: exception trap_illegal_instruction, epc 0x00000000800059d8
core   0:           tval 0x00000000d23374d3
core   0: >>>>  $xrv64i2p1_m2p0_a2p1_f2p2_d2p2_zicsr2p0_zifencei2p0_zmmul1p0_zba1p0_zbb1p0_zbc1p0_zbs1p0
core   0: 0x0000000080004000 (0x0080006f) j       pc + 0x8
core   0: 3 0x0000000080004000 (0x0080006f)
core   0: >>>>  mmode_exception_handler
core   0: 0x0000000080004008 (0x00002c17) auipc   s8, 0x2
core   0: 3 0x0000000080004008 (0x00002c17) x24 0x0000000080006008
core   0: 0x000000008000400c (0x00ac0c13) addi    s8, s8, 10
core   0: 3 0x000000008000400c (0x00ac0c13) x24 0x0000000080006012
core   0: 0x0000000080004010 (0x000c00e7) jalr    s8
core   0: 3 0x0000000080004010 (0x000c00e7) x1  0x0000000080004014
core   0: >>>>  any_handler
core   0: 0x0000000080006012 (0x341027f3) csrrs   a5, mepc, zero
core   0: 3 0x0000000080006012 (0x341027f3) x15 0x00000000800059d8
core   0: 0x0000000080006016 (0x34202773) csrrs   a4, mcause, zero
core   0: 3 0x0000000080006016 (0x34202773) x14 0x0000000000000002
core   0: 0x000000008000601a (0x142026f3) csrrs   a3, scause, zero
core   0: 3 0x000000008000601a (0x142026f3) x13 0x0000000000000000
core   0: 0x000000008000601e (0x30402673) csrrs   a2, mie, zero
core   0: 3 0x000000008000601e (0x30402673) x12 0x0000000000000a00
core   0: 0x0000000080006022 (0x344025f3) csrrs   a1, mip, zero
core   0: 3 0x0000000080006022 (0x344025f3) x11 0x0000000000000080
core   0: 0x0000000080006026 (0x343025f3) csrrs   a1, mtval, zero
core   0: 3 0x0000000080006026 (0x343025f3) x11 0x00000000d23374d3
core   0: 0x000000008000602a (0x14302573) csrrs   a0, stval, zero
core   0: 3 0x000000008000602a (0x14302573) x10 0x0000000000000000
core   0: 0x000000008000602e (0xb02024f3) csrrs   s1, minstret, zero
core   0: 3 0x000000008000602e (0xb02024f3) x9  0x00000000000010aa
core   0: 0x0000000080006032 (0x0000a811) c.j     pc + 20
core   0: 3 0x0000000080006032 (0xa811)
core   0: >>>>  mepc_4
core   0: 0x0000000080006046 (0x00000791) c.addi  a5, 4
core   0: 3 0x0000000080006046 (0x0791) x15 0x00000000800059dc
core   0: 0x0000000080006048 (0x34179073) csrrw   zero, mepc, a5
core   0: 3 0x0000000080006048 (0x34179073) c833_mepc 0x00000000800059dc
core   0: 0x000000008000604c (0x30200073) mret
core   0: 3 0x000000008000604c (0x30200073) c768_mstatus 0x8000000a00106080
core   0: 0x00000000800059dc (0x320ff6f3) csrrci  a3, mcountinhibit, 31
core   0: exception trap_illegal_instruction, epc 0x00000000800059dc
core   0:           tval 0x00000000320ff6f3
core   0: >>>>  $xrv64i2p1_m2p0_a2p1_f2p2_d2p2_zicsr2p0_zifencei2p0_zmmul1p0_zba1p0_zbb1p0_zbc1p0_zbs1p0
core   0: 0x0000000080004000 (0x0080006f) j       pc + 0x8
core   0: 3 0x0000000080004000 (0x0080006f)
core   0: >>>>  mmode_exception_handler
core   0: 0x0000000080004008 (0x00002c17) auipc   s8, 0x2
core   0: 3 0x0000000080004008 (0x00002c17) x24 0x0000000080006008
core   0: 0x000000008000400c (0x00ac0c13) addi    s8, s8, 10
core   0: 3 0x000000008000400c (0x00ac0c13) x24 0x0000000080006012
core   0: 0x0000000080004010 (0x000c00e7) jalr    s8
core   0: 3 0x0000000080004010 (0x000c00e7) x1  0x0000000080004014
core   0: >>>>  any_handler
core   0: 0x0000000080006012 (0x341027f3) csrrs   a5, mepc, zero
core   0: 3 0x0000000080006012 (0x341027f3) x15 0x00000000800059dc
core   0: 0x0000000080006016 (0x34202773) csrrs   a4, mcause, zero
core   0: 3 0x0000000080006016 (0x34202773) x14 0x0000000000000002
core   0: 0x000000008000601a (0x142026f3) csrrs   a3, scause, zero
core   0: 3 0x000000008000601a (0x142026f3) x13 0x0000000000000000
core   0: 0x000000008000601e (0x30402673) csrrs   a2, mie, zero
core   0: 3 0x000000008000601e (0x30402673) x12 0x0000000000000a00
core   0: 0x0000000080006022 (0x344025f3) csrrs   a1, mip, zero
core   0: 3 0x0000000080006022 (0x344025f3) x11 0x0000000000000080
core   0: 0x0000000080006026 (0x343025f3) csrrs   a1, mtval, zero
core   0: 3 0x0000000080006026 (0x343025f3) x11 0x00000000320ff6f3
core   0: 0x000000008000602a (0x14302573) csrrs   a0, stval, zero
core   0: 3 0x000000008000602a (0x14302573) x10 0x0000000000000000
core   0: 0x000000008000602e (0xb02024f3) csrrs   s1, minstret, zero
core   0: 3 0x000000008000602e (0xb02024f3) x9  0x00000000000010ba
core   0: 0x0000000080006032 (0x0000a811) c.j     pc + 20
core   0: 3 0x0000000080006032 (0xa811)
core   0: >>>>  mepc_4
core   0: 0x0000000080006046 (0x00000791) c.addi  a5, 4
core   0: 3 0x0000000080006046 (0x0791) x15 0x00000000800059e0
core   0: 0x0000000080006048 (0x34179073) csrrw   zero, mepc, a5
core   0: 3 0x0000000080006048 (0x34179073) c833_mepc 0x00000000800059e0
core   0: 0x000000008000604c (0x30200073) mret
core   0: 3 0x000000008000604c (0x30200073) c768_mstatus 0x8000000a00106080
core   0: 0x00000000800059e0 (0x022d5d33) divu    s10, s10, sp
core   0: 1 0x00000000800059e0 (0x022d5d33) x26 0x0000000000000000
core   0: 0x00000000800059e4 (0x41d78b33) sub     s6, a5, t4
core   0: 1 0x00000000800059e4 (0x41d78b33) x22 0x00000000800059e1
core   0: 0x00000000800059e8 (0xfffb051b) addiw   a0, s6, -1
core   0: 1 0x00000000800059e8 (0xfffb051b) x10 0xffffffff800059e0
core   0: 0x00000000800059ec (0xd2357153) fcvt.d.lu ft2, a0
core   0: exception trap_illegal_instruction, epc 0x00000000800059ec
core   0:           tval 0x00000000d2357153
core   0: >>>>  $xrv64i2p1_m2p0_a2p1_f2p2_d2p2_zicsr2p0_zifencei2p0_zmmul1p0_zba1p0_zbb1p0_zbc1p0_zbs1p0
core   0: 0x0000000080004000 (0x0080006f) j       pc + 0x8
core   0: 3 0x0000000080004000 (0x0080006f)
core   0: >>>>  mmode_exception_handler
core   0: 0x0000000080004008 (0x00002c17) auipc   s8, 0x2
core   0: 3 0x0000000080004008 (0x00002c17) x24 0x0000000080006008
core   0: 0x000000008000400c (0x00ac0c13) addi    s8, s8, 10
core   0: 3 0x000000008000400c (0x00ac0c13) x24 0x0000000080006012
core   0: 0x0000000080004010 (0x000c00e7) jalr    s8
core   0: 3 0x0000000080004010 (0x000c00e7) x1  0x0000000080004014
core   0: >>>>  any_handler
core   0: 0x0000000080006012 (0x341027f3) csrrs   a5, mepc, zero
core   0: 3 0x0000000080006012 (0x341027f3) x15 0x00000000800059ec
core   0: 0x0000000080006016 (0x34202773) csrrs   a4, mcause, zero
core   0: 3 0x0000000080006016 (0x34202773) x14 0x0000000000000002
core   0: 0x000000008000601a (0x142026f3) csrrs   a3, scause, zero
core   0: 3 0x000000008000601a (0x142026f3) x13 0x0000000000000000
core   0: 0x000000008000601e (0x30402673) csrrs   a2, mie, zero
core   0: 3 0x000000008000601e (0x30402673) x12 0x0000000000000a00
core   0: 0x0000000080006022 (0x344025f3) csrrs   a1, mip, zero
core   0: 3 0x0000000080006022 (0x344025f3) x11 0x0000000000000080
core   0: 0x0000000080006026 (0x343025f3) csrrs   a1, mtval, zero
core   0: 3 0x0000000080006026 (0x343025f3) x11 0x00000000d2357153
core   0: 0x000000008000602a (0x14302573) csrrs   a0, stval, zero
core   0: 3 0x000000008000602a (0x14302573) x10 0x0000000000000000
core   0: 0x000000008000602e (0xb02024f3) csrrs   s1, minstret, zero
core   0: 3 0x000000008000602e (0xb02024f3) x9  0x00000000000010cd
core   0: 0x0000000080006032 (0x0000a811) c.j     pc + 20
core   0: 3 0x0000000080006032 (0xa811)
core   0: >>>>  mepc_4
core   0: 0x0000000080006046 (0x00000791) c.addi  a5, 4
core   0: 3 0x0000000080006046 (0x0791) x15 0x00000000800059f0
core   0: 0x0000000080006048 (0x34179073) csrrw   zero, mepc, a5
core   0: 3 0x0000000080006048 (0x34179073) c833_mepc 0x00000000800059f0
core   0: 0x000000008000604c (0x30200073) mret
core   0: 3 0x000000008000604c (0x30200073) c768_mstatus 0x8000000a00106080
core   0: 0x00000000800059f0 (0x0d624493) xori    s1, tp, 214
core   0: 1 0x00000000800059f0 (0x0d624493) x9  0x00000000000000d6
core   0: 0x00000000800059f4 (0xc211fc53) fcvt.wu.d s8, ft3
core   0: exception trap_illegal_instruction, epc 0x00000000800059f4
core   0:           tval 0x00000000c211fc53
core   0: >>>>  $xrv64i2p1_m2p0_a2p1_f2p2_d2p2_zicsr2p0_zifencei2p0_zmmul1p0_zba1p0_zbb1p0_zbc1p0_zbs1p0
core   0: 0x0000000080004000 (0x0080006f) j       pc + 0x8
core   0: 3 0x0000000080004000 (0x0080006f)
core   0: >>>>  mmode_exception_handler
core   0: 0x0000000080004008 (0x00002c17) auipc   s8, 0x2
core   0: 3 0x0000000080004008 (0x00002c17) x24 0x0000000080006008
core   0: 0x000000008000400c (0x00ac0c13) addi    s8, s8, 10
core   0: 3 0x000000008000400c (0x00ac0c13) x24 0x0000000080006012
core   0: 0x0000000080004010 (0x000c00e7) jalr    s8
core   0: 3 0x0000000080004010 (0x000c00e7) x1  0x0000000080004014
core   0: >>>>  any_handler
core   0: 0x0000000080006012 (0x341027f3) csrrs   a5, mepc, zero
core   0: 3 0x0000000080006012 (0x341027f3) x15 0x00000000800059f4
core   0: 0x0000000080006016 (0x34202773) csrrs   a4, mcause, zero
core   0: 3 0x0000000080006016 (0x34202773) x14 0x0000000000000002
core   0: 0x000000008000601a (0x142026f3) csrrs   a3, scause, zero
core   0: 3 0x000000008000601a (0x142026f3) x13 0x0000000000000000
core   0: 0x000000008000601e (0x30402673) csrrs   a2, mie, zero
core   0: 3 0x000000008000601e (0x30402673) x12 0x0000000000000a00
core   0: 0x0000000080006022 (0x344025f3) csrrs   a1, mip, zero
core   0: 3 0x0000000080006022 (0x344025f3) x11 0x0000000000000080
core   0: 0x0000000080006026 (0x343025f3) csrrs   a1, mtval, zero
core   0: 3 0x0000000080006026 (0x343025f3) x11 0x00000000c211fc53
core   0: 0x000000008000602a (0x14302573) csrrs   a0, stval, zero
core   0: 3 0x000000008000602a (0x14302573) x10 0x0000000000000000
core   0: 0x000000008000602e (0xb02024f3) csrrs   s1, minstret, zero
core   0: 3 0x000000008000602e (0xb02024f3) x9  0x00000000000010de
core   0: 0x0000000080006032 (0x0000a811) c.j     pc + 20
core   0: 3 0x0000000080006032 (0xa811)
core   0: >>>>  mepc_4
core   0: 0x0000000080006046 (0x00000791) c.addi  a5, 4
core   0: 3 0x0000000080006046 (0x0791) x15 0x00000000800059f8
core   0: 0x0000000080006048 (0x34179073) csrrw   zero, mepc, a5
core   0: 3 0x0000000080006048 (0x34179073) c833_mepc 0x00000000800059f8
core   0: 0x000000008000604c (0x30200073) mret
core   0: 3 0x000000008000604c (0x30200073) c768_mstatus 0x8000000a00106080
core   0: 0x00000000800059f8 (0x002c1d73) csrrw   s10, frm, s8
core   0: 1 0x00000000800059f8 (0x002c1d73) x26 0x0000000000000007 c2_frm 0x0000000000000002
core   0: 0x00000000800059fc (0x0383ed3b) remw    s10, t2, s8
core   0: 1 0x00000000800059fc (0x0383ed3b) x26 0x0000000000000000
core   0: 0x0000000080005a00 (0x413b873b) subw    a4, s7, s3
core   0: 1 0x0000000080005a00 (0x413b873b) x14 0x0000000000000000
core   0: 0x0000000080005a04 (0x4011ffd3) fcvt.s.d ft11, ft3
core   0: 1 0x0000000080005a04 (0x4011ffd3) f31 0xffffffff7fc00000
core   0: 0x0000000080005a08 (0x4187dcbb) sraw    s9, a5, s8
core   0: 1 0x0000000080005a08 (0x4187dcbb) x25 0xffffffffffffe000
core   0: 0x0000000080005a0c (0x0112d9bb) srlw    s3, t0, a7
core   0: 1 0x0000000080005a0c (0x0112d9bb) x19 0x0000000000000000
core   0: 0x0000000080005a10 (0x7ffa4393) xori    t2, s4, 2047
core   0: 1 0x0000000080005a10 (0x7ffa4393) x7  0x00000000000007ff
core   0: 0x0000000080005a14 (0xd226f653) fcvt.d.l fa2, a3
core   0: 1 0x0000000080005a14 (0xd226f653) f12 0x0000000000000000
core   0: 0x0000000080005a18 (0xd023f053) fcvt.s.l ft0, t2
core   0: 1 0x0000000080005a18 (0xd023f053) f0  0xffffffff44ffe000
core   0: 0x0000000080005a1c (0x35a74293) xori    t0, a4, 858
core   0: 1 0x0000000080005a1c (0x35a74293) x5  0x000000000000035a
core   0: 0x0000000080005a20 (0x9b6ff9c3) fmadd.d fs3, ft11, fs6, fs3
core   0: 1 0x0000000080005a20 (0x9b6ff9c3) f19 0x7ff8000000000000
core   0: 0x0000000080005a24 (0x1a21fad3) fdiv.d  fs5, ft3, ft2
core   0: 1 0x0000000080005a24 (0x1a21fad3) f21 0x7ff8000000000000
core   0: 0x0000000080005a28 (0x022760bb) remw    ra, a4, sp
core   0: 1 0x0000000080005a28 (0x022760bb) x1  0x0000000000000000
core   0: 0x0000000080005a2c (0xc23275d3) fcvt.lu.d a1, ft4
core   0: 1 0x0000000080005a2c (0xc23275d3) c1_fflags 0x0000000000000014 x11 0xffffffffffffffff
core   0: 0x0000000080005a30 (0x00251373) csrrw   t1, frm, a0
core   0: 1 0x0000000080005a30 (0x00251373) x6  0x0000000000000002 c2_frm 0x0000000000000000
core   0: 0x0000000080005a34 (0x23e69fd3) fsgnjn.d ft11, fa3, ft10
core   0: 1 0x0000000080005a34 (0x23e69fd3) f31 0x7ff8000000000000
core   0: 0x0000000080005a38 (0xd230fdd3) fcvt.d.lu fs11, ra
core   0: 1 0x0000000080005a38 (0xd230fdd3) f27 0x0000000000000000
core   0: 0x0000000080005a3c (0xd03afad3) fcvt.s.lu fs5, s5
core   0: 1 0x0000000080005a3c (0xd03afad3) c1_fflags 0x0000000000000015 f21 0xffffffff4e846eb5
core   0: 0x0000000080005a40 (0x131c7f53) fmul.d  ft10, fs8, fa7
core   0: 1 0x0000000080005a40 (0x131c7f53) f30 0x7ff8000000000000
core   0: 0x0000000080005a44 (0x4ea30413) addi    s0, t1, 1258
core   0: 1 0x0000000080005a44 (0x4ea30413) x8  0x00000000000004ec
core   0: 0x0000000080005a48 (0x40aadbbb) sraw    s7, s5, a0
core   0: 1 0x0000000080005a48 (0x40aadbbb) x23 0x0000000042375a64
core   0: 0x0000000080005a4c (0xc02c70d3) fcvt.l.s ra, fs8
core   0: 1 0x0000000080005a4c (0xc02c70d3) c1_fflags 0x0000000000000015 x1  0x7fffffffffffffff
core   0: 0x0000000080005a50 (0x1b81fc43) fmadd.d fs8, ft3, fs8, ft3
core   0: 1 0x0000000080005a50 (0x1b81fc43) f24 0x7ff8000000000000
core   0: 0x0000000080005a54 (0xd22c7653) fcvt.d.l fa2, s8
core   0: 1 0x0000000080005a54 (0xd22c7653) f12 0x41e0000c02400000
core   0: 0x0000000080005a58 (0xeba28313) addi    t1, t0, -326
core   0: 1 0x0000000080005a58 (0xeba28313) x6  0x0000000000000214
core   0: 0x0000000080005a5c (0x2bb99dd3) fmax.d  fs11, fs3, fs11
core   0: 1 0x0000000080005a5c (0x2bb99dd3) f27 0x0000000000000000
core   0: 0x0000000080005a60 (0xea56c513) xori    a0, a3, -347
core   0: 1 0x0000000080005a60 (0xea56c513) x10 0xfffffffffffffea5
core   0: 0x0000000080005a64 (0xcfd0f813) andi    a6, ra, -771
core   0: 1 0x0000000080005a64 (0xcfd0f813) x16 0x7ffffffffffffcfd
core   0: 0x0000000080005a68 (0xb31b7bcb) fnmsub.d fs7, fs6, fa7, fs6
core   0: 1 0x0000000080005a68 (0xb31b7bcb) f23 0x7ff8000000000000
core   0: 0x0000000080005a6c (0x0192dcb3) srl     s9, t0, s9
core   0: 1 0x0000000080005a6c (0x0192dcb3) x25 0x000000000000035a
core   0: 0x0000000080005a70 (0x005ddb13) srli    s6, s11, 5
core   0: 1 0x0000000080005a70 (0x005ddb13) x22 0x07ffffffffffffff
core   0: 0x0000000080005a74 (0x001ddb9b) srliw   s7, s11, 1
core   0: 1 0x0000000080005a74 (0x001ddb9b) x23 0x000000007fffffff
core   0: 0x0000000080005a78 (0x418b06bb) subw    a3, s6, s8
core   0: 1 0x0000000080005a78 (0x418b06bb) x13 0x000000007fff9fed
core   0: 0x0000000080005a7c (0xc022f0d3) fcvt.l.s ra, ft5
core   0: 1 0x0000000080005a7c (0xc022f0d3) c1_fflags 0x0000000000000015 x1  0x7fffffffffffffff
core   0: 0x0000000080005a80 (0x034253b7) lui     t2, 0x3425
core   0: 1 0x0000000080005a80 (0x034253b7) x7  0x0000000003425000
core   0: 0x0000000080005a84 (0x0613839b) addiw   t2, t2, 97
core   0: 1 0x0000000080005a84 (0x0613839b) x7  0x0000000003425061
core   0: 0x0000000080005a88 (0x000003b2) c.slli  t2, 12
core   0: 1 0x0000000080005a88 (0x03b2) x7  0x0000003425061000
core   0: 0x0000000080005a8a (0xcf438393) addi    t2, t2, -780
core   0: 1 0x0000000080005a8a (0xcf438393) x7  0x0000003425060cf4
core   0: 0x0000000080005a8e (0xc21b7e53) fcvt.wu.d t3, fs6
core   0: 1 0x0000000080005a8e (0xc21b7e53) c1_fflags 0x0000000000000015 x28 0xffffffffffffffff
core   0: 0x0000000080005a92 (0x000dfd13) andi    s10, s11, 0
core   0: 1 0x0000000080005a92 (0x000dfd13) x26 0x0000000000000000
core   0: 0x0000000080005a96 (0x0373f3d3) fadd.d  ft7, ft7, fs7
core   0: 1 0x0000000080005a96 (0x0373f3d3) f7  0x7ff8000000000000
core   0: 0x0000000080005a9a (0x40147dd3) fcvt.s.d fs11, fs0
core   0: 1 0x0000000080005a9a (0x40147dd3) f27 0xffffffff7fc00000
core   0: 0x0000000080005a9e (0x019d5093) srli    ra, s10, 25
core   0: 1 0x0000000080005a9e (0x019d5093) x1  0x0000000000000000
core   0: 0x0000000080005aa2 (0x00b01313) slli    t1, zero, 11
core   0: 1 0x0000000080005aa2 (0x00b01313) x6  0x0000000000000000
core   0: 0x0000000080005aa6 (0x416b5e3b) sraw    t3, s6, s6
core   0: 1 0x0000000080005aa6 (0x416b5e3b) x28 0xffffffffffffffff
core   0: 0x0000000080005aaa (0x01ca193b) sllw    s2, s4, t3
core   0: 1 0x0000000080005aaa (0x01ca193b) x18 0x0000000000000000
core   0: 0x0000000080005aae (0x01da3ab7) lui     s5, 0x1da3
core   0: 1 0x0000000080005aae (0x01da3ab7) x21 0x0000000001da3000
core   0: 0x0000000080005ab2 (0x491a8a9b) addiw   s5, s5, 1169
core   0: 1 0x0000000080005ab2 (0x491a8a9b) x21 0x0000000001da3491
core   0: 0x0000000080005ab6 (0x00000ab6) c.slli  s5, 13
core   0: 1 0x0000000080005ab6 (0x0ab6) x21 0x0000003b46922000
core   0: 0x0000000080005ab8 (0xbaca8a93) addi    s5, s5, -1108
core   0: 1 0x0000000080005ab8 (0xbaca8a93) x21 0x0000003b46921bac
core   0: 0x0000000080005abc (0xd02cf6d3) fcvt.s.l fa3, s9
core   0: 1 0x0000000080005abc (0xd02cf6d3) f13 0xffffffff44568000
core   0: 0x0000000080005ac0 (0xc0391cf3) csrrw   s9, hpmcounter3, s2
core   0: exception trap_illegal_instruction, epc 0x0000000080005ac0
core   0:           tval 0x00000000c0391cf3
core   0: >>>>  $xrv64i2p1_m2p0_a2p1_f2p2_d2p2_zicsr2p0_zifencei2p0_zmmul1p0_zba1p0_zbb1p0_zbc1p0_zbs1p0
core   0: 0x0000000080004000 (0x0080006f) j       pc + 0x8
core   0: 3 0x0000000080004000 (0x0080006f)
core   0: >>>>  mmode_exception_handler
core   0: 0x0000000080004008 (0x00002c17) auipc   s8, 0x2
core   0: 3 0x0000000080004008 (0x00002c17) x24 0x0000000080006008
core   0: 0x000000008000400c (0x00ac0c13) addi    s8, s8, 10
core   0: 3 0x000000008000400c (0x00ac0c13) x24 0x0000000080006012
core   0: 0x0000000080004010 (0x000c00e7) jalr    s8
core   0: 3 0x0000000080004010 (0x000c00e7) x1  0x0000000080004014
core   0: >>>>  any_handler
core   0: 0x0000000080006012 (0x341027f3) csrrs   a5, mepc, zero
core   0: 3 0x0000000080006012 (0x341027f3) x15 0x0000000080005ac0
core   0: 0x0000000080006016 (0x34202773) csrrs   a4, mcause, zero
core   0: 3 0x0000000080006016 (0x34202773) x14 0x0000000000000002
core   0: 0x000000008000601a (0x142026f3) csrrs   a3, scause, zero
core   0: 3 0x000000008000601a (0x142026f3) x13 0x0000000000000000
core   0: 0x000000008000601e (0x30402673) csrrs   a2, mie, zero
core   0: 3 0x000000008000601e (0x30402673) x12 0x0000000000000a00
core   0: 0x0000000080006022 (0x344025f3) csrrs   a1, mip, zero
core   0: 3 0x0000000080006022 (0x344025f3) x11 0x0000000000000080
core   0: 0x0000000080006026 (0x343025f3) csrrs   a1, mtval, zero
core   0: 3 0x0000000080006026 (0x343025f3) x11 0x00000000c0391cf3
core   0: 0x000000008000602a (0x14302573) csrrs   a0, stval, zero
core   0: 3 0x000000008000602a (0x14302573) x10 0x0000000000000000
core   0: 0x000000008000602e (0xb02024f3) csrrs   s1, minstret, zero
core   0: 3 0x000000008000602e (0xb02024f3) x9  0x0000000000001121
core   0: 0x0000000080006032 (0x0000a811) c.j     pc + 20
core   0: 3 0x0000000080006032 (0xa811)
core   0: >>>>  mepc_4
core   0: 0x0000000080006046 (0x00000791) c.addi  a5, 4
core   0: 3 0x0000000080006046 (0x0791) x15 0x0000000080005ac4
core   0: 0x0000000080006048 (0x34179073) csrrw   zero, mepc, a5
core   0: 3 0x0000000080006048 (0x34179073) c833_mepc 0x0000000080005ac4
core   0: 0x000000008000604c (0x30200073) mret
core   0: 3 0x000000008000604c (0x30200073) c768_mstatus 0x8000000a00106080
core   0: 0x0000000080005ac4 (0x006a093b) addw    s2, s4, t1
core   0: 1 0x0000000080005ac4 (0x006a093b) x18 0x0000000000000000
core   0: 0x0000000080005ac8 (0x033bdb93) srli    s7, s7, 51
core   0: 1 0x0000000080005ac8 (0x033bdb93) x23 0x0000000000000000
core   0: 0x0000000080005acc (0x02003033) mulhu   zero, zero, zero
core   0: 1 0x0000000080005acc (0x02003033)
core   0: 0x0000000080005ad0 (0x02dd0833) mul     a6, s10, a3
core   0: 1 0x0000000080005ad0 (0x02dd0833) x16 0x0000000000000000
core   0: 0x0000000080005ad4 (0x017bc0b3) xor     ra, s7, s7
core   0: 1 0x0000000080005ad4 (0x017bc0b3) x1  0x0000000000000000
core   0: 0x0000000080005ad8 (0xfd9676b7) lui     a3, 0xfd967
core   0: 1 0x0000000080005ad8 (0xfd9676b7) x13 0xfffffffffd967000
core   0: 0x0000000080005adc (0x28f6869b) addiw   a3, a3, 655
core   0: 1 0x0000000080005adc (0x28f6869b) x13 0xfffffffffd96728f
core   0: 0x0000000080005ae0 (0x000006b6) c.slli  a3, 13
core   0: 1 0x0000000080005ae0 (0x06b6) x13 0xffffffb2ce51e000
core   0: 0x0000000080005ae2 (0x1e468693) addi    a3, a3, 484
core   0: 1 0x0000000080005ae2 (0x1e468693) x13 0xffffffb2ce51e1e4
core   0: 0x0000000080005ae6 (0x0017989b) slliw   a7, a5, 1
core   0: 1 0x0000000080005ae6 (0x0017989b) x17 0x000000000000b588
core   0: 0x0000000080005aea (0x00fd1dbb) sllw    s11, s10, a5
core   0: 1 0x0000000080005aea (0x00fd1dbb) x27 0x0000000000000000
core   0: 0x0000000080005aee (0x7ff3c813) xori    a6, t2, 2047
core   0: 1 0x0000000080005aee (0x7ff3c813) x16 0x0000003425060b0b
core   0: 0x0000000080005af2 (0x010dd7bb) srlw    a5, s11, a6
core   0: 1 0x0000000080005af2 (0x010dd7bb) x15 0x0000000000000000
core   0: 0x0000000080005af6 (0x0178d8b3) srl     a7, a7, s7
core   0: 1 0x0000000080005af6 (0x0178d8b3) x17 0x000000000000b588
core   0: 0x0000000080005afa (0x00fdedb3) or      s11, s11, a5
core   0: 1 0x0000000080005afa (0x00fdedb3) x27 0x0000000000000000
core   0: 0x0000000080005afe (0x40b4553b) sraw    a0, s0, a1
core   0: 1 0x0000000080005afe (0x40b4553b) x10 0x0000000000000000
core   0: 0x0000000080005b02 (0xc03df053) fcvt.lu.s zero, fs11
core   0: 1 0x0000000080005b02 (0xc03df053) c1_fflags 0x0000000000000015
core   0: 0x0000000080005b06 (0x43cd7fc3) fmadd.d ft11, fs10, ft8, fs0
core   0: 1 0x0000000080005b06 (0x43cd7fc3) f31 0x7ff8000000000000
core   0: 0x0000000080005b0a (0xa3f58953) fle.d   s2, fa1, ft11
core   0: 1 0x0000000080005b0a (0xa3f58953) c1_fflags 0x0000000000000015 x18 0x0000000000000000
core   0: 0x0000000080005b0e (0x01105013) srli    zero, zero, 17
core   0: 1 0x0000000080005b0e (0x01105013)
core   0: 0x0000000080005b12 (0xd0207253) fcvt.s.l ft4, zero
core   0: 1 0x0000000080005b12 (0xd0207253) f4  0xffffffff00000000
core   0: 0x0000000080005b16 (0x12d879d3) fmul.d  fs3, fa6, fa3
core   0: 1 0x0000000080005b16 (0x12d879d3) f19 0x7ff8000000000000
core   0: 0x0000000080005b1a (0xd2138ed3) fcvt.d.wu ft9, t2
core   0: 1 0x0000000080005b1a (0xd2138ed3) f29 0x41c283067a000000
core   0: 0x0000000080005b1e (0x02055533) divu    a0, a0, zero
core   0: 1 0x0000000080005b1e (0x02055533) x10 0xffffffffffffffff
core   0: 0x0000000080005b22 (0x00e008bb) addw    a7, zero, a4
core   0: 1 0x0000000080005b22 (0x00e008bb) x17 0x0000000000000002
core   0: 0x0000000080005b26 (0xf9ce74b7) lui     s1, 0xf9ce7
core   0: 1 0x0000000080005b26 (0xf9ce74b7) x9  0xfffffffff9ce7000
core   0: 0x0000000080005b2a (0xc154849b) addiw   s1, s1, -1003
core   0: 1 0x0000000080005b2a (0xc154849b) x9  0xfffffffff9ce6c15
core   0: 0x0000000080005b2e (0x000004b2) c.slli  s1, 12
core   0: 1 0x0000000080005b2e (0x04b2) x9  0xffffff9ce6c15000
core   0: 0x0000000080005b30 (0x63d48493) addi    s1, s1, 1597
core   0: 1 0x0000000080005b30 (0x63d48493) x9  0xffffff9ce6c1563d
core   0: 0x0000000080005b34 (0x0000909b) slliw   ra, ra, 0
core   0: 1 0x0000000080005b34 (0x0000909b) x1  0x0000000000000000
core   0: 0x0000000080005b38 (0x411087b3) sub     a5, ra, a7
core   0: 1 0x0000000080005b38 (0x411087b3) x15 0xfffffffffffffffe
core   0: 0x0000000080005b3c (0x011ad4bb) srlw    s1, s5, a7
core   0: 1 0x0000000080005b3c (0x011ad4bb) x9  0x0000000011a486eb
core   0: 0x0000000080005b40 (0xc055a673) csrrs   a2, hpmcounter5, a1
core   0: exception trap_illegal_instruction, epc 0x0000000080005b40
core   0:           tval 0x00000000c055a673
core   0: >>>>  $xrv64i2p1_m2p0_a2p1_f2p2_d2p2_zicsr2p0_zifencei2p0_zmmul1p0_zba1p0_zbb1p0_zbc1p0_zbs1p0
core   0: 0x0000000080004000 (0x0080006f) j       pc + 0x8
core   0: 3 0x0000000080004000 (0x0080006f)
core   0: >>>>  mmode_exception_handler
core   0: 0x0000000080004008 (0x00002c17) auipc   s8, 0x2
core   0: 3 0x0000000080004008 (0x00002c17) x24 0x0000000080006008
core   0: 0x000000008000400c (0x00ac0c13) addi    s8, s8, 10
core   0: 3 0x000000008000400c (0x00ac0c13) x24 0x0000000080006012
core   0: 0x0000000080004010 (0x000c00e7) jalr    s8
core   0: 3 0x0000000080004010 (0x000c00e7) x1  0x0000000080004014
core   0: >>>>  any_handler
core   0: 0x0000000080006012 (0x341027f3) csrrs   a5, mepc, zero
core   0: 3 0x0000000080006012 (0x341027f3) x15 0x0000000080005b40
core   0: 0x0000000080006016 (0x34202773) csrrs   a4, mcause, zero
core   0: 3 0x0000000080006016 (0x34202773) x14 0x0000000000000002
core   0: 0x000000008000601a (0x142026f3) csrrs   a3, scause, zero
core   0: 3 0x000000008000601a (0x142026f3) x13 0x0000000000000000
core   0: 0x000000008000601e (0x30402673) csrrs   a2, mie, zero
core   0: 3 0x000000008000601e (0x30402673) x12 0x0000000000000a00
core   0: 0x0000000080006022 (0x344025f3) csrrs   a1, mip, zero
core   0: 3 0x0000000080006022 (0x344025f3) x11 0x0000000000000080
core   0: 0x0000000080006026 (0x343025f3) csrrs   a1, mtval, zero
core   0: 3 0x0000000080006026 (0x343025f3) x11 0x00000000c055a673
core   0: 0x000000008000602a (0x14302573) csrrs   a0, stval, zero
core   0: 3 0x000000008000602a (0x14302573) x10 0x0000000000000000
core   0: 0x000000008000602e (0xb02024f3) csrrs   s1, minstret, zero
core   0: 3 0x000000008000602e (0xb02024f3) x9  0x0000000000001151
core   0: 0x0000000080006032 (0x0000a811) c.j     pc + 20
core   0: 3 0x0000000080006032 (0xa811)
core   0: >>>>  mepc_4
core   0: 0x0000000080006046 (0x00000791) c.addi  a5, 4
core   0: 3 0x0000000080006046 (0x0791) x15 0x0000000080005b44
core   0: 0x0000000080006048 (0x34179073) csrrw   zero, mepc, a5
core   0: 3 0x0000000080006048 (0x34179073) c833_mepc 0x0000000080005b44
core   0: 0x000000008000604c (0x30200073) mret
core   0: 3 0x000000008000604c (0x30200073) c768_mstatus 0x8000000a00106080
core   0: 0x0000000080005b44 (0x02c64d33) div     s10, a2, a2
core   0: 1 0x0000000080005b44 (0x02c64d33) x26 0x0000000000000001
core   0: 0x0000000080005b48 (0x19aa6a13) ori     s4, s4, 410
core   0: 1 0x0000000080005b48 (0x19aa6a13) x20 0x000000000000019a
core   0: 0x0000000080005b4c (0x001c9e13) slli    t3, s9, 1
core   0: 1 0x0000000080005b4c (0x001c9e13) x28 0x00000000000006b4
core   0: 0x0000000080005b50 (0x42098053) fcvt.d.s ft0, fs3
core   0: 1 0x0000000080005b50 (0x42098053) f0  0x7ff8000000000000
core   0: 0x0000000080005b54 (0x01aa1b9b) slliw   s7, s4, 26
core   0: 1 0x0000000080005b54 (0x01aa1b9b) x23 0x0000000068000000
core   0: 0x0000000080005b58 (0x41720133) sub     sp, tp, s7
core   0: 1 0x0000000080005b58 (0x41720133) x2  0xffffffff98000000
core   0: 0x0000000080005b5c (0xd2317dd3) fcvt.d.lu fs11, sp
core   0: 1 0x0000000080005b5c (0xd2317dd3) f27 0x43effffffff30000
core   0: 0x0000000080005b60 (0x01a903bb) addw    t2, s2, s10
core   0: 1 0x0000000080005b60 (0x01a903bb) x7  0x0000000000000001
core   0: 0x0000000080005b64 (0x029975bb) remuw   a1, s2, s1
core   0: 1 0x0000000080005b64 (0x029975bb) x11 0x0000000000000000
core   0: 0x0000000080005b68 (0x40045093) srai    ra, s0, 0
core   0: 1 0x0000000080005b68 (0x40045093) x1  0x00000000000004ec
core   0: 0x0000000080005b6c (0x40875c33) sra     s8, a4, s0
core   0: 1 0x0000000080005b6c (0x40875c33) x24 0x0000000000000000
core   0: 0x0000000080005b70 (0xd22770d3) fcvt.d.l ft1, a4
core   0: 1 0x0000000080005b70 (0xd22770d3) f1  0x4000000000000000
core   0: 0x0000000080005b74 (0xa9c101b7) lui     gp, 0xa9c10
core   0: 1 0x0000000080005b74 (0xa9c101b7) x3  0xffffffffa9c10000
core   0: 0x0000000080005b78 (0x01c25233) srl     tp, tp, t3
core   0: 1 0x0000000080005b78 (0x01c25233) x4  0x0000000000000000
core   0: 0x0000000080005b7c (0x40fc0533) sub     a0, s8, a5
core   0: 1 0x0000000080005b7c (0x40fc0533) x10 0xffffffff7fffa4bc
core   0: 0x0000000080005b80 (0x00e92933) slt     s2, s2, a4
core   0: 1 0x0000000080005b80 (0x00e92933) x18 0x0000000000000001
core   0: 0x0000000080005b84 (0x035ac1b3) div     gp, s5, s5
core   0: 1 0x0000000080005b84 (0x035ac1b3) x3  0x0000000000000001
core   0: 0x0000000080005b88 (0xd2000fd3) fcvt.d.w ft11, zero
core   0: 1 0x0000000080005b88 (0xd2000fd3) f31 0x0000000000000000
core   0: 0x0000000080005b8c (0x5281c913) xori    s2, gp, 1320
core   0: 1 0x0000000080005b8c (0x5281c913) x18 0x0000000000000529
core   0: 0x0000000080005b90 (0x00001dfe) c.slli  s11, 63
core   0: 1 0x0000000080005b90 (0x1dfe) x27 0x0000000000000000
core   0: 0x0000000080005b92 (0x4016fdd3) fcvt.s.d fs11, fa3
core   0: 1 0x0000000080005b92 (0x4016fdd3) f27 0xffffffff7fc00000
core   0: 0x0000000080005b96 (0xe20b0153) fmv.x.d sp, fs6
core   0: 1 0x0000000080005b96 (0xe20b0153) x2  0xffffffff00000000
core   0: 0x0000000080005b9a (0x00000001) c.nop
core   0: 1 0x0000000080005b9a (0x0001)
core   0: 0x0000000080005b9c (0x00ae9e3b) sllw    t3, t4, a0
core   0: 1 0x0000000080005b9c (0x00ae9e3b) x28 0xfffffffff0000000
core   0: 0x0000000080005ba0 (0x00a55bbb) srlw    s7, a0, a0
core   0: 1 0x0000000080005ba0 (0x00a55bbb) x23 0x0000000000000007
core   0: 0x0000000080005ba4 (0xf11d2d73) csrrs   s10, mvendorid, s10
core   0: exception trap_illegal_instruction, epc 0x0000000080005ba4
core   0:           tval 0x00000000f11d2d73
core   0: >>>>  $xrv64i2p1_m2p0_a2p1_f2p2_d2p2_zicsr2p0_zifencei2p0_zmmul1p0_zba1p0_zbb1p0_zbc1p0_zbs1p0
core   0: 0x0000000080004000 (0x0080006f) j       pc + 0x8
core   0: 3 0x0000000080004000 (0x0080006f)
core   0: >>>>  mmode_exception_handler
core   0: 0x0000000080004008 (0x00002c17) auipc   s8, 0x2
core   0: 3 0x0000000080004008 (0x00002c17) x24 0x0000000080006008
core   0: 0x000000008000400c (0x00ac0c13) addi    s8, s8, 10
core   0: 3 0x000000008000400c (0x00ac0c13) x24 0x0000000080006012
core   0: 0x0000000080004010 (0x000c00e7) jalr    s8
core   0: 3 0x0000000080004010 (0x000c00e7) x1  0x0000000080004014
core   0: >>>>  any_handler
core   0: 0x0000000080006012 (0x341027f3) csrrs   a5, mepc, zero
core   0: 3 0x0000000080006012 (0x341027f3) x15 0x0000000080005ba4
core   0: 0x0000000080006016 (0x34202773) csrrs   a4, mcause, zero
core   0: 3 0x0000000080006016 (0x34202773) x14 0x0000000000000002
core   0: 0x000000008000601a (0x142026f3) csrrs   a3, scause, zero
core   0: 3 0x000000008000601a (0x142026f3) x13 0x0000000000000000
core   0: 0x000000008000601e (0x30402673) csrrs   a2, mie, zero
core   0: 3 0x000000008000601e (0x30402673) x12 0x0000000000000a00
core   0: 0x0000000080006022 (0x344025f3) csrrs   a1, mip, zero
core   0: 3 0x0000000080006022 (0x344025f3) x11 0x0000000000000080
core   0: 0x0000000080006026 (0x343025f3) csrrs   a1, mtval, zero
core   0: 3 0x0000000080006026 (0x343025f3) x11 0x00000000f11d2d73
core   0: 0x000000008000602a (0x14302573) csrrs   a0, stval, zero
core   0: 3 0x000000008000602a (0x14302573) x10 0x0000000000000000
core   0: 0x000000008000602e (0xb02024f3) csrrs   s1, minstret, zero
core   0: 3 0x000000008000602e (0xb02024f3) x9  0x000000000000117a
core   0: 0x0000000080006032 (0x0000a811) c.j     pc + 20
core   0: 3 0x0000000080006032 (0xa811)
core   0: >>>>  mepc_4
core   0: 0x0000000080006046 (0x00000791) c.addi  a5, 4
core   0: 3 0x0000000080006046 (0x0791) x15 0x0000000080005ba8
core   0: 0x0000000080006048 (0x34179073) csrrw   zero, mepc, a5
core   0: 3 0x0000000080006048 (0x34179073) c833_mepc 0x0000000080005ba8
core   0: 0x000000008000604c (0x30200073) mret
core   0: 3 0x000000008000604c (0x30200073) c768_mstatus 0x8000000a00106080
core   0: 0x0000000080005ba8 (0xd02b75d3) fcvt.s.l fa1, s6
core   0: 1 0x0000000080005ba8 (0xd02b75d3) c1_fflags 0x0000000000000015 f11 0xffffffff5d000000
core   0: 0x0000000080005bac (0xd03c7b53) fcvt.s.lu fs6, s8
core   0: 1 0x0000000080005bac (0xd03c7b53) c1_fflags 0x0000000000000015 f22 0xffffffff4f000060
core   0: 0x0000000080005bb0 (0x43f85993) srai    s3, a6, 63
core   0: 1 0x0000000080005bb0 (0x43f85993) x19 0x0000000000000000
core   0: 0x0000000080005bb4 (0x400c5b1b) sraiw   s6, s8, 0
core   0: 1 0x0000000080005bb4 (0x400c5b1b) x22 0xffffffff80006012
core   0: 0x0000000080005bb8 (0xfffc7d93) andi    s11, s8, -1
core   0: 1 0x0000000080005bb8 (0xfffc7d93) x27 0x0000000080006012
core   0: 0x0000000080005bbc (0x0117c1b3) xor     gp, a5, a7
core   0: 1 0x0000000080005bbc (0x0117c1b3) x3  0x0000000080005baa
core   0: 0x0000000080005bc0 (0x00a943b3) xor     t2, s2, a0
core   0: 1 0x0000000080005bc0 (0x00a943b3) x7  0x0000000000000529
core   0: 0x0000000080005bc4 (0x00390e3b) addw    t3, s2, gp
core   0: 1 0x0000000080005bc4 (0x00390e3b) x28 0xffffffff800060d3
core   0: 0x0000000080005bc8 (0x014e2a33) slt     s4, t3, s4
core   0: 1 0x0000000080005bc8 (0x014e2a33) x20 0x0000000000000001
core   0: 0x0000000080005bcc (0x03a9c3b3) div     t2, s3, s10
core   0: 1 0x0000000080005bcc (0x03a9c3b3) x7  0x0000000000000000
core   0: 0x0000000080005bd0 (0x01c49133) sll     sp, s1, t3
core   0: 1 0x0000000080005bd0 (0x01c49133) x2  0x000000008bd00000
core   0: 0x0000000080005bd4 (0xd20e8353) fcvt.d.w ft6, t4
core   0: 1 0x0000000080005bd4 (0xd20e8353) f6  0xbff0000000000000
core   0: 0x0000000080005bd8 (0xd2327a53) fcvt.d.lu fs4, tp
core   0: 1 0x0000000080005bd8 (0xd2327a53) f20 0x0000000000000000
core   0: 0x0000000080005bdc (0x01020033) add     zero, tp, a6
core   0: 1 0x0000000080005bdc (0x01020033)
core   0: 0x0000000080005be0 (0x41b453bb) sraw    t2, s0, s11
core   0: 1 0x0000000080005be0 (0x41b453bb) x7  0x0000000000000000
core   0: 0x0000000080005be4 (0x00986833) or      a6, a6, s1
core   0: 1 0x0000000080005be4 (0x00986833) x16 0x0000003425061b7b
core   0: 0x0000000080005be8 (0x021810b3) mulh    ra, a6, ra
core   0: 1 0x0000000080005be8 (0x021810b3) x1  0x000000000000001a
core   0: 0x0000000080005bec (0xc20ef553) fcvt.w.d a0, ft9
core   0: 1 0x0000000080005bec (0xc20ef553) x10 0x0000000025060cf4
core   0: 0x0000000080005bf0 (0xd035ff53) fcvt.s.lu ft10, a1
core   0: 1 0x0000000080005bf0 (0xd035ff53) c1_fflags 0x0000000000000015 f30 0xffffffff4f711d2d
core   0: 0x0000000080005bf4 (0x00202973) csrrs   s2, frm, zero
core   0: 1 0x0000000080005bf4 (0x00202973) x18 0x0000000000000000
core   0: 0x0000000080005bf8 (0x00507bb3) and     s7, zero, t0
core   0: 1 0x0000000080005bf8 (0x00507bb3) x23 0x0000000000000000
core   0: 0x0000000080005bfc (0xc0387553) fcvt.lu.s a0, fa6
core   0: 1 0x0000000080005bfc (0xc0387553) c1_fflags 0x0000000000000015 x10 0xffffffffffffffff
core   0: 0x0000000080005c00 (0xc22b76d3) fcvt.l.d a3, fs6
core   0: 1 0x0000000080005c00 (0xc22b76d3) c1_fflags 0x0000000000000015 x13 0x7fffffffffffffff
core   0: 0x0000000080005c04 (0x029bd4bb) divuw   s1, s7, s1
core   0: 1 0x0000000080005c04 (0x029bd4bb) x9  0x0000000000000000
core   0: 0x0000000080005c08 (0x002d97f3) csrrw   a5, frm, s11
core   0: 1 0x0000000080005c08 (0x002d97f3) x15 0x0000000000000000 c2_frm 0x0000000000000002
core   0: 0x0000000080005c0c (0xea66f7c3) fmadd.d fa5, fa3, ft6, ft9
core   0: 1 0x0000000080005c0c (0xea66f7c3) f15 0x7ff8000000000000
core   0: 0x0000000080005c10 (0x02570d33) mul     s10, a4, t0
core   0: 1 0x0000000080005c10 (0x02570d33) x26 0x00000000000006b4
core   0: 0x0000000080005c14 (0x39d1cc13) xori    s8, gp, 925
core   0: 1 0x0000000080005c14 (0x39d1cc13) x24 0x0000000080005837
core   0: 0x0000000080005c18 (0x0000947d) c.srai  s0, 63
core   0: 1 0x0000000080005c18 (0x947d) x8  0x0000000000000000
core   0: 0x0000000080005c1a (0x41925eb3) sra     t4, tp, s9
core   0: 1 0x0000000080005c1a (0x41925eb3) x29 0x0000000000000000
core   0: 0x0000000080005c1e (0xd21e8053) fcvt.d.wu ft0, t4
core   0: 1 0x0000000080005c1e (0xd21e8053) f0  0x0000000000000000
core   0: 0x0000000080005c22 (0x000d9513) slli    a0, s11, 0
core   0: 1 0x0000000080005c22 (0x000d9513) x10 0x0000000080006012
core   0: 0x0000000080005c26 (0x0a967653) fsub.d  fa2, fa2, fs1
core   0: 1 0x0000000080005c26 (0x0a967653) f12 0x7ff8000000000000
core   0: 0x0000000080005c2a (0x800ece93) xori    t4, t4, -2048
core   0: 1 0x0000000080005c2a (0x800ece93) x29 0xfffffffffffff800
core   0: 0x0000000080005c2e (0x02a30c3b) mulw    s8, t1, a0
core   0: 1 0x0000000080005c2e (0x02a30c3b) x24 0x0000000000000000
core   0: 0x0000000080005c32 (0x000d1693) slli    a3, s10, 0
core   0: 1 0x0000000080005c32 (0x000d1693) x13 0x00000000000006b4
core   0: 0x0000000080005c36 (0x01825613) srli    a2, tp, 24
core   0: 1 0x0000000080005c36 (0x01825613) x12 0x0000000000000000
core   0: 0x0000000080005c3a (0x7ffc4d93) xori    s11, s8, 2047
core   0: 1 0x0000000080005c3a (0x7ffc4d93) x27 0x00000000000007ff
core   0: 0x0000000080005c3e (0x001a7a13) andi    s4, s4, 1
core   0: 1 0x0000000080005c3e (0x001a7a13) x20 0x0000000000000001
core   0: 0x0000000080005c42 (0xc0367d53) fcvt.lu.s s10, fa2
core   0: 1 0x0000000080005c42 (0xc0367d53) c1_fflags 0x0000000000000015 x26 0xffffffffffffffff
core   0: 0x0000000080005c46 (0x0265f2bb) remuw   t0, a1, t1
core   0: 1 0x0000000080005c46 (0x0265f2bb) x5  0xfffffffff11d2d73
core   0: 0x0000000080005c4a (0x22bd2ad3) fsgnjx.d fs5, fs10, fa1
core   0: 1 0x0000000080005c4a (0x22bd2ad3) f21 0xc1efffffffe00000
core   0: 0x0000000080005c4e (0x02e84ebb) divw    t4, a6, a4
core   0: 1 0x0000000080005c4e (0x02e84ebb) x29 0x0000000012830dbd
core   0: 0x0000000080005c52 (0x0007f493) andi    s1, a5, 0
core   0: 1 0x0000000080005c52 (0x0007f493) x9  0x0000000000000000
core   0: 0x0000000080005c56 (0x43465113) srai    sp, a2, 52
core   0: 1 0x0000000080005c56 (0x43465113) x2  0x0000000000000000
core   0: 0x0000000080005c5a (0x001110f3) csrrw   ra, fflags, sp
core   0: 1 0x0000000080005c5a (0x001110f3) x1  0x0000000000000015 c1_fflags 0x0000000000000000
core   0: 0x0000000080005c5e (0x2b03a493) slti    s1, t2, 688
core   0: 1 0x0000000080005c5e (0x2b03a493) x9  0x0000000000000001
core   0: 0x0000000080005c62 (0x00608dbb) addw    s11, ra, t1
core   0: 1 0x0000000080005c62 (0x00608dbb) x27 0x0000000000000015
core   0: 0x0000000080005c66 (0x0311c1b3) div     gp, gp, a7
core   0: 1 0x0000000080005c66 (0x0311c1b3) x3  0x0000000040002dd5
core   0: 0x0000000080005c6a (0xc23c7e53) fcvt.lu.d t3, fs8
core   0: 1 0x0000000080005c6a (0xc23c7e53) c1_fflags 0x0000000000000010 x28 0xffffffffffffffff
core   0: 0x0000000080005c6e (0x000d6193) ori     gp, s10, 0
core   0: 1 0x0000000080005c6e (0x000d6193) x3  0xffffffffffffffff
core   0: 0x0000000080005c72 (0x001e1b73) csrrw   s6, fflags, t3
core   0: 1 0x0000000080005c72 (0x001e1b73) x22 0x0000000000000010 c1_fflags 0x000000000000001f
core   0: 0x0000000080005c76 (0x022e07bb) mulw    a5, t3, sp
core   0: 1 0x0000000080005c76 (0x022e07bb) x15 0x0000000000000000
core   0: 0x0000000080005c7a (0x3b53f3cb) fnmsub.d ft7, ft7, fs5, ft7
core   0: 1 0x0000000080005c7a (0x3b53f3cb) f7  0x7ff8000000000000
core   0: 0x0000000080005c7e (0x12577e47) fmsub.d ft8, fa4, ft5, ft2
core   0: 1 0x0000000080005c7e (0x12577e47) f28 0x7ff8000000000000
core   0: 0x0000000080005c82 (0x014181bb) addw    gp, gp, s4
core   0: 1 0x0000000080005c82 (0x014181bb) x3  0x0000000000000000
core   0: 0x0000000080005c86 (0x01d754bb) srlw    s1, a4, t4
core   0: 1 0x0000000080005c86 (0x01d754bb) x9  0x0000000000000000
core   0: 0x0000000080005c8a (0x420e81d3) fcvt.d.s ft3, ft9
core   0: 1 0x0000000080005c8a (0x420e81d3) f3  0x7ff8000000000000
core   0: 0x0000000080005c8e (0x000bd21b) srliw   tp, s7, 0
core   0: 1 0x0000000080005c8e (0x000bd21b) x4  0x0000000000000000
core   0: 0x0000000080005c92 (0xa2457cc7) fmsub.d fs9, fa0, ft4, fs4
core   0: 1 0x0000000080005c92 (0xa2457cc7) f25 0x7ff8000000000000
core   0: 0x0000000080005c96 (0x5a05fd53) fsqrt.d fs10, fa1
core   0: 1 0x0000000080005c96 (0x5a05fd53) f26 0x7ff8000000000000
core   0: 0x0000000080005c9a (0x4184d21b) sraiw   tp, s1, 24
core   0: 1 0x0000000080005c9a (0x4184d21b) x4  0x0000000000000000
core   0: 0x0000000080005c9e (0x233898d3) fsgnjn.d fa7, fa7, fs3
core   0: 1 0x0000000080005c9e (0x233898d3) f17 0xfff8000000000000
core   0: 0x0000000080005ca2 (0x22090953) fsgnj.d fs2, fs2, ft0
core   0: 1 0x0000000080005ca2 (0x22090953) f18 0x43e0000000000000
core   0: 0x0000000080005ca6 (0x0b41fa53) fsub.d  fs4, ft3, fs4
core   0: 1 0x0000000080005ca6 (0x0b41fa53) f20 0x7ff8000000000000
core   0: 0x0000000080005caa (0x035d7abb) remuw   s5, s10, s5
core   0: 1 0x0000000080005caa (0x035d7abb) x21 0x000000002c49acfb
core   0: 0x0000000080005cae (0xcba9e417) auipc   s0, 0xcba9e
core   0: 1 0x0000000080005cae (0xcba9e417) x8  0x000000004baa3cae
core   0: 0x0000000080005cb2 (0x00898333) add     t1, s3, s0
core   0: 1 0x0000000080005cb2 (0x00898333) x6  0x000000004baa3cae
core   0: 0x0000000080005cb6 (0xfff17c13) andi    s8, sp, -1
core   0: 1 0x0000000080005cb6 (0xfff17c13) x24 0x0000000000000000
core   0: 0x0000000080005cba (0x0377ebbb) remw    s7, a5, s7
core   0: 1 0x0000000080005cba (0x0377ebbb) x23 0x0000000000000000
core   0: 0x0000000080005cbe (0x320dbdf3) csrrc   s11, mcountinhibit, s11
core   0: exception trap_illegal_instruction, epc 0x0000000080005cbe
core   0:           tval 0x00000000320dbdf3
core   0: >>>>  $xrv64i2p1_m2p0_a2p1_f2p2_d2p2_zicsr2p0_zifencei2p0_zmmul1p0_zba1p0_zbb1p0_zbc1p0_zbs1p0
core   0: 0x0000000080004000 (0x0080006f) j       pc + 0x8
core   0: 3 0x0000000080004000 (0x0080006f)
core   0: >>>>  mmode_exception_handler
core   0: 0x0000000080004008 (0x00002c17) auipc   s8, 0x2
core   0: 3 0x0000000080004008 (0x00002c17) x24 0x0000000080006008
core   0: 0x000000008000400c (0x00ac0c13) addi    s8, s8, 10
core   0: 3 0x000000008000400c (0x00ac0c13) x24 0x0000000080006012
core   0: 0x0000000080004010 (0x000c00e7) jalr    s8
core   0: 3 0x0000000080004010 (0x000c00e7) x1  0x0000000080004014
core   0: >>>>  any_handler
core   0: 0x0000000080006012 (0x341027f3) csrrs   a5, mepc, zero
core   0: 3 0x0000000080006012 (0x341027f3) x15 0x0000000080005cbe
core   0: 0x0000000080006016 (0x34202773) csrrs   a4, mcause, zero
core   0: 3 0x0000000080006016 (0x34202773) x14 0x0000000000000002
core   0: 0x000000008000601a (0x142026f3) csrrs   a3, scause, zero
core   0: 3 0x000000008000601a (0x142026f3) x13 0x0000000000000000
core   0: 0x000000008000601e (0x30402673) csrrs   a2, mie, zero
core   0: 3 0x000000008000601e (0x30402673) x12 0x0000000000000a00
core   0: 0x0000000080006022 (0x344025f3) csrrs   a1, mip, zero
core   0: 3 0x0000000080006022 (0x344025f3) x11 0x0000000000000080
core   0: 0x0000000080006026 (0x343025f3) csrrs   a1, mtval, zero
core   0: 3 0x0000000080006026 (0x343025f3) x11 0x00000000320dbdf3
core   0: 0x000000008000602a (0x14302573) csrrs   a0, stval, zero
core   0: 3 0x000000008000602a (0x14302573) x10 0x0000000000000000
core   0: 0x000000008000602e (0xb02024f3) csrrs   s1, minstret, zero
core   0: 3 0x000000008000602e (0xb02024f3) x9  0x00000000000011d0
core   0: 0x0000000080006032 (0x0000a811) c.j     pc + 20
core   0: 3 0x0000000080006032 (0xa811)
core   0: >>>>  mepc_4
core   0: 0x0000000080006046 (0x00000791) c.addi  a5, 4
core   0: 3 0x0000000080006046 (0x0791) x15 0x0000000080005cc2
core   0: 0x0000000080006048 (0x34179073) csrrw   zero, mepc, a5
core   0: 3 0x0000000080006048 (0x34179073) c833_mepc 0x0000000080005cc2
core   0: 0x000000008000604c (0x30200073) mret
core   0: 3 0x000000008000604c (0x30200073) c768_mstatus 0x8000000a00106080
core   0: 0x0000000080005cc2 (0xd0397953) fcvt.s.lu fs2, s2
core   0: 1 0x0000000080005cc2 (0xd0397953) f18 0xffffffff00000000
core   0: 0x0000000080005cc6 (0x476302b7) lui     t0, 0x47630
core   0: 1 0x0000000080005cc6 (0x476302b7) x5  0x0000000047630000
core   0: 0x0000000080005cca (0x00b9cb33) xor     s6, s3, a1
core   0: 1 0x0000000080005cca (0x00b9cb33) x22 0x00000000320dbdf3
core   0: 0x0000000080005cce (0x40197753) fcvt.s.d fa4, fs2
core   0: 1 0x0000000080005cce (0x40197753) f14 0xffffffff7fc00000
core   0: 0x0000000080005cd2 (0xd03271d3) fcvt.s.lu ft3, tp
core   0: 1 0x0000000080005cd2 (0xd03271d3) f3  0xffffffff00000000
core   0: 0x0000000080005cd6 (0xfffb7513) andi    a0, s6, -1
core   0: 1 0x0000000080005cd6 (0xfffb7513) x10 0x00000000320dbdf3
core   0: 0x0000000080005cda (0x01d57d33) and     s10, a0, t4
core   0: 1 0x0000000080005cda (0x01d57d33) x26 0x0000000012010db1
core   0: 0x0000000080005cde (0x01007433) and     s0, zero, a6
core   0: 1 0x0000000080005cde (0x01007433) x8  0x0000000000000000
core   0: 0x0000000080005ce2 (0x62638ab7) lui     s5, 0x62638
core   0: 1 0x0000000080005ce2 (0x62638ab7) x21 0x0000000062638000
core   0: 0x0000000080005ce6 (0x00000001) c.nop
core   0: 1 0x0000000080005ce6 (0x0001)
core   0: 0x0000000080005ce8 (0x00102b73) csrrs   s6, fflags, zero
core   0: 1 0x0000000080005ce8 (0x00102b73) x22 0x000000000000001f
core   0: 0x0000000080005cec (0x00785333) srl     t1, a6, t2
core   0: 1 0x0000000080005cec (0x00785333) x6  0x0000003425061b7b
core   0: 0x0000000080005cf0 (0x4042023b) subw    tp, tp, tp
core   0: 1 0x0000000080005cf0 (0x4042023b) x4  0x0000000000000000
core   0: 0x0000000080005cf4 (0xe21e734f) fnmadd.d ft6, ft8, ft1, ft8
core   0: 1 0x0000000080005cf4 (0xe21e734f) f6  0x7ff8000000000000
core   0: 0x0000000080005cf8 (0xc21ff9d3) fcvt.wu.d s3, ft11
core   0: 1 0x0000000080005cf8 (0xc21ff9d3) x19 0x0000000000000000
core   0: 0x0000000080005cfc (0x0084533b) srlw    t1, s0, s0
core   0: 1 0x0000000080005cfc (0x0084533b) x6  0x0000000000000000
core   0: 0x0000000080005d00 (0x038585b3) mul     a1, a1, s8
core   0: 1 0x0000000080005d00 (0x038585b3) x11 0x1906f1c22c327b16
core   0: 0x0000000080005d04 (0xc595fd93) andi    s11, a1, -935
core   0: 1 0x0000000080005d04 (0xc595fd93) x27 0x1906f1c22c327810
core   0: 0x0000000080005d08 (0x5a08f2d3) fsqrt.d ft5, fa7
core   0: 1 0x0000000080005d08 (0x5a08f2d3) f5  0x7ff8000000000000
core   0: 0x0000000080005d0c (0xc22af2d3) fcvt.l.d t0, fs5
core   0: 1 0x0000000080005d0c (0xc22af2d3) x5  0xffffffff00000001
core   0: 0x0000000080005d10 (0x0b4a76d3) fsub.d  fa3, fs4, fs4
core   0: 1 0x0000000080005d10 (0x0b4a76d3) f13 0x7ff8000000000000
core   0: 0x0000000080005d14 (0x00130b9b) addiw   s7, t1, 1
core   0: 1 0x0000000080005d14 (0x00130b9b) x23 0x0000000000000001
core   0: 0x0000000080005d18 (0xe20a8dd3) fmv.x.d s11, fs5
core   0: 1 0x0000000080005d18 (0xe20a8dd3) x27 0xc1efffffffe00000
core   0: 0x0000000080005d1c (0x6fafca97) auipc   s5, 0x6fafc
core   0: 1 0x0000000080005d1c (0x6fafca97) x21 0x00000000efb01d1c
core   0: 0x0000000080005d20 (0x028411b3) mulh    gp, s0, s0
core   0: 1 0x0000000080005d20 (0x028411b3) x3  0x0000000000000000
core   0: 0x0000000080005d24 (0xc21cfd53) fcvt.wu.d s10, fs9
core   0: 1 0x0000000080005d24 (0xc21cfd53) c1_fflags 0x000000000000001f x26 0xffffffffffffffff
core   0: 0x0000000080005d28 (0x026b9993) slli    s3, s7, 38
core   0: 1 0x0000000080005d28 (0x026b9993) x19 0x0000004000000000
core   0: 0x0000000080005d2c (0x00059c93) slli    s9, a1, 0
core   0: 1 0x0000000080005d2c (0x00059c93) x25 0x1906f1c22c327b16
core   0: 0x0000000080005d30 (0x420e0753) fcvt.d.s fa4, ft8
core   0: 1 0x0000000080005d30 (0x420e0753) f14 0x7ff8000000000000
core   0: 0x0000000080005d34 (0xef1ccd93) xori    s11, s9, -271
core   0: 1 0x0000000080005d34 (0xef1ccd93) x27 0xe6f90e3dd3cd85e7
core   0: 0x0000000080005d38 (0x0bc07fd3) fsub.d  ft11, ft0, ft8
core   0: 1 0x0000000080005d38 (0x0bc07fd3) f31 0x7ff8000000000000
core   0: 0x0000000080005d3c (0xc04267f3) csrrsi  a5, hpmcounter4, 4
core   0: exception trap_illegal_instruction, epc 0x0000000080005d3c
core   0:           tval 0x00000000c04267f3
core   0: >>>>  $xrv64i2p1_m2p0_a2p1_f2p2_d2p2_zicsr2p0_zifencei2p0_zmmul1p0_zba1p0_zbb1p0_zbc1p0_zbs1p0
core   0: 0x0000000080004000 (0x0080006f) j       pc + 0x8
core   0: 3 0x0000000080004000 (0x0080006f)
core   0: >>>>  mmode_exception_handler
core   0: 0x0000000080004008 (0x00002c17) auipc   s8, 0x2
core   0: 3 0x0000000080004008 (0x00002c17) x24 0x0000000080006008
core   0: 0x000000008000400c (0x00ac0c13) addi    s8, s8, 10
core   0: 3 0x000000008000400c (0x00ac0c13) x24 0x0000000080006012
core   0: 0x0000000080004010 (0x000c00e7) jalr    s8
core   0: 3 0x0000000080004010 (0x000c00e7) x1  0x0000000080004014
core   0: >>>>  any_handler
core   0: 0x0000000080006012 (0x341027f3) csrrs   a5, mepc, zero
core   0: 3 0x0000000080006012 (0x341027f3) x15 0x0000000080005d3c
core   0: 0x0000000080006016 (0x34202773) csrrs   a4, mcause, zero
core   0: 3 0x0000000080006016 (0x34202773) x14 0x0000000000000002
core   0: 0x000000008000601a (0x142026f3) csrrs   a3, scause, zero
core   0: 3 0x000000008000601a (0x142026f3) x13 0x0000000000000000
core   0: 0x000000008000601e (0x30402673) csrrs   a2, mie, zero
core   0: 3 0x000000008000601e (0x30402673) x12 0x0000000000000a00
core   0: 0x0000000080006022 (0x344025f3) csrrs   a1, mip, zero
core   0: 3 0x0000000080006022 (0x344025f3) x11 0x0000000000000080
core   0: 0x0000000080006026 (0x343025f3) csrrs   a1, mtval, zero
core   0: 3 0x0000000080006026 (0x343025f3) x11 0x00000000c04267f3
core   0: 0x000000008000602a (0x14302573) csrrs   a0, stval, zero
core   0: 3 0x000000008000602a (0x14302573) x10 0x0000000000000000
core   0: 0x000000008000602e (0xb02024f3) csrrs   s1, minstret, zero
core   0: 3 0x000000008000602e (0xb02024f3) x9  0x00000000000011ff
core   0: 0x0000000080006032 (0x0000a811) c.j     pc + 20
core   0: 3 0x0000000080006032 (0xa811)
core   0: >>>>  mepc_4
core   0: 0x0000000080006046 (0x00000791) c.addi  a5, 4
core   0: 3 0x0000000080006046 (0x0791) x15 0x0000000080005d40
core   0: 0x0000000080006048 (0x34179073) csrrw   zero, mepc, a5
core   0: 3 0x0000000080006048 (0x34179073) c833_mepc 0x0000000080005d40
core   0: 0x000000008000604c (0x30200073) mret
core   0: 3 0x000000008000604c (0x30200073) c768_mstatus 0x8000000a00106080
core   0: 0x0000000080005d40 (0x2ba210d3) fmax.d  ft1, ft4, fs10
core   0: 1 0x0000000080005d40 (0x2ba210d3) f1  0x7ff8000000000000
core   0: 0x0000000080005d44 (0x1b307cc3) fmadd.d fs9, ft0, fs3, ft3
core   0: 1 0x0000000080005d44 (0x1b307cc3) f25 0x7ff8000000000000
core   0: 0x0000000080005d48 (0xd2397b53) fcvt.d.lu fs6, s2
core   0: 1 0x0000000080005d48 (0xd2397b53) f22 0x0000000000000000
core   0: 0x0000000080005d4c (0x413901bb) subw    gp, s2, s3
core   0: 1 0x0000000080005d4c (0x413901bb) x3  0x0000000000000000
core   0: 0x0000000080005d50 (0x00000001) c.nop
core   0: 1 0x0000000080005d50 (0x0001)
core   0: 0x0000000080005d52 (0x03b56a33) rem     s4, a0, s11
core   0: 1 0x0000000080005d52 (0x03b56a33) x20 0x0000000000000000
core   0: 0x0000000080005d56 (0x0002fc13) andi    s8, t0, 0
core   0: 1 0x0000000080005d56 (0x0002fc13) x24 0x0000000000000000
core   0: 0x0000000080005d5a (0x033989b3) mul     s3, s3, s3
core   0: 1 0x0000000080005d5a (0x033989b3) x19 0x0000000000000000
core   0: 0x0000000080005d5e (0xd2098053) fcvt.d.w ft0, s3
core   0: 1 0x0000000080005d5e (0xd2098053) f0  0x0000000000000000
core   0: 0x0000000080005d62 (0x41485813) srai    a6, a6, 20
core   0: 1 0x0000000080005d62 (0x41485813) x16 0x0000000000034250
core   0: 0x0000000080005d66 (0x1bf47bd3) fdiv.d  fs7, fs0, ft11
core   0: 1 0x0000000080005d66 (0x1bf47bd3) f23 0x7ff8000000000000
core   0: 0x0000000080005d6a (0xb262f5c3) fmadd.d fa1, ft5, ft6, fs6
core   0: 1 0x0000000080005d6a (0xb262f5c3) f11 0x7ff8000000000000
core   0: 0x0000000080005d6e (0x23291953) fsgnjn.d fs2, fs2, fs2
core   0: 1 0x0000000080005d6e (0x23291953) f18 0x7fffffff00000000
core   0: 0x0000000080005d72 (0xc20df9d3) fcvt.w.d s3, fs11
core   0: 1 0x0000000080005d72 (0xc20df9d3) c1_fflags 0x000000000000001f x19 0x000000007fffffff
core   0: 0x0000000080005d76 (0xf20c83d3) fmv.d.x ft7, s9
core   0: 1 0x0000000080005d76 (0xf20c83d3) f7  0x1906f1c22c327b16
core   0: 0x0000000080005d7a (0x0339fa3b) remuw   s4, s3, s3
core   0: 1 0x0000000080005d7a (0x0339fa3b) x20 0x0000000000000000
core   0: 0x0000000080005d7e (0x0ff0000f) fence   iorw,iorw
core   0: 1 0x0000000080005d7e (0x0ff0000f)
core   0: 0x0000000080005d82 (0xa32f8353) fle.d   t1, ft11, fs2
core   0: 1 0x0000000080005d82 (0xa32f8353) c1_fflags 0x000000000000001f x6  0x0000000000000000
core   0: 0x0000000080005d86 (0x02eed73b) divuw   a4, t4, a4
core   0: 1 0x0000000080005d86 (0x02eed73b) x14 0x00000000094186de
core   0: 0x0000000080005d8a (0x014ada33) srl     s4, s5, s4
core   0: 1 0x0000000080005d8a (0x014ada33) x20 0x00000000efb01d1c
core   0: 0x0000000080005d8e (0x00051b9b) slliw   s7, a0, 0
core   0: 1 0x0000000080005d8e (0x00051b9b) x23 0x0000000000000000
core   0: 0x0000000080005d92 (0x000081ce) c.mv    gp, s3
core   0: 1 0x0000000080005d92 (0x81ce) x3  0x000000007fffffff
core   0: 0x0000000080005d94 (0x03aff353) fadd.d  ft6, ft11, fs10
core   0: 1 0x0000000080005d94 (0x03aff353) f6  0x7ff8000000000000
core   0: 0x0000000080005d98 (0x62fff7cb) fnmsub.d fa5, ft11, fa5, fa2
core   0: 1 0x0000000080005d98 (0x62fff7cb) f15 0x7ff8000000000000
core   0: 0x0000000080005d9c (0x008962b3) or      t0, s2, s0
core   0: 1 0x0000000080005d9c (0x008962b3) x5  0x0000000000000000
core   0: 0x0000000080005da0 (0x001c99f3) csrrw   s3, fflags, s9
core   0: 1 0x0000000080005da0 (0x001c99f3) x19 0x000000000000001f c1_fflags 0x0000000000000016
core   0: 0x0000000080005da4 (0x00b6ee33) or      t3, a3, a1
core   0: 1 0x0000000080005da4 (0x00b6ee33) x28 0x00000000c04267f3
core   0: 0x0000000080005da8 (0x03ae7333) remu    t1, t3, s10
core   0: 1 0x0000000080005da8 (0x03ae7333) x6  0x00000000c04267f3
core   0: 0x0000000080005dac (0xd23374d3) fcvt.d.lu fs1, t1
core   0: 1 0x0000000080005dac (0xd23374d3) f9  0x41e8084cfe600000
core   0: 0x0000000080005db0 (0x025cda93) srli    s5, s9, 37
core   0: 1 0x0000000080005db0 (0x025cda93) x21 0x0000000000c8378e
core   0: 0x0000000080005db4 (0xc2367453) fcvt.lu.d s0, fa2
core   0: 1 0x0000000080005db4 (0xc2367453) c1_fflags 0x0000000000000016 x8  0xffffffffffffffff
core   0: 0x0000000080005db8 (0xe1d1819b) addiw   gp, gp, -483
core   0: 1 0x0000000080005db8 (0xe1d1819b) x3  0x000000007ffffe1c
core   0: 0x0000000080005dbc (0x01319c1b) slliw   s8, gp, 19
core   0: 1 0x0000000080005dbc (0x01319c1b) x24 0xfffffffff0e00000
core   0: 0x0000000080005dc0 (0x01f5951b) slliw   a0, a1, 31
core   0: 1 0x0000000080005dc0 (0x01f5951b) x10 0xffffffff80000000
core   0: 0x0000000080005dc4 (0x009c0db3) add     s11, s8, s1
core   0: 1 0x0000000080005dc4 (0x009c0db3) x27 0xfffffffff0e011ff
core   0: 0x0000000080005dc8 (0x03adda93) srli    s5, s11, 58
core   0: 1 0x0000000080005dc8 (0x03adda93) x21 0x000000000000003f
core   0: 0x0000000080005dcc (0x020e5393) srli    t2, t3, 32
core   0: 1 0x0000000080005dcc (0x020e5393) x7  0x0000000000000000
core   0: 0x0000000080005dd0 (0x010997b3) sll     a5, s3, a6
core   0: 1 0x0000000080005dd0 (0x010997b3) x15 0x00000000001f0000
core   0: 0x0000000080005dd4 (0xc211fed3) fcvt.wu.d t4, ft3
core   0: 1 0x0000000080005dd4 (0xc211fed3) c1_fflags 0x0000000000000016 x29 0xffffffffffffffff
core   0: 0x0000000080005dd8 (0xc73eec13) ori     s8, t4, -909
core   0: 1 0x0000000080005dd8 (0xc73eec13) x24 0xffffffffffffffff
core   0: 0x0000000080005ddc (0x12347053) fmul.d  ft0, fs0, ft3
core   0: 1 0x0000000080005ddc (0x12347053) f0  0x7ff8000000000000
core   0: 0x0000000080005de0 (0x021c10b3) mulh    ra, s8, ra
core   0: 1 0x0000000080005de0 (0x021c10b3) x1  0xffffffffffffffff
core   0: 0x0000000080005de4 (0x416b5d3b) sraw    s10, s6, s6
core   0: 1 0x0000000080005de4 (0x416b5d3b) x26 0x0000000000000000
core   0: 0x0000000080005de8 (0xc021f6d3) fcvt.l.s a3, ft3
core   0: 1 0x0000000080005de8 (0xc021f6d3) x13 0x0000000000000000
core   0: 0x0000000080005dec (0x00000001) c.nop
core   0: 1 0x0000000080005dec (0x0001)
core   0: 0x0000000080005dee (0x419688b3) sub     a7, a3, s9
core   0: 1 0x0000000080005dee (0x419688b3) x17 0xe6f90e3dd3cd84ea
core   0: 0x0000000080005df2 (0xc026f5d3) fcvt.l.s a1, fa3
core   0: 1 0x0000000080005df2 (0xc026f5d3) c1_fflags 0x0000000000000016 x11 0x7fffffffffffffff
core   0: 0x0000000080005df6 (0x40147bd3) fcvt.s.d fs7, fs0
core   0: 1 0x0000000080005df6 (0x40147bd3) f23 0xffffffff7fc00000
core   0: 0x0000000080005dfa (0x41d18ebb) subw    t4, gp, t4
core   0: 1 0x0000000080005dfa (0x41d18ebb) x29 0x000000007ffffe1d
core   0: 0x0000000080005dfe (0x039c9cb3) mulh    s9, s9, s9
core   0: 1 0x0000000080005dfe (0x039c9cb3) x25 0x02725b68260b18e6
core   0: 0x0000000080005e02 (0x2b3b9953) fmax.d  fs2, fs7, fs3
core   0: 1 0x0000000080005e02 (0x2b3b9953) f18 0x7ff8000000000000
core   0: 0x0000000080005e06 (0x021ce0bb) remw    ra, s9, ra
core   0: 1 0x0000000080005e06 (0x021ce0bb) x1  0x0000000000000000
core   0: 0x0000000080005e0a (0x23291453) fsgnjn.d fs0, fs2, fs2
core   0: 1 0x0000000080005e0a (0x23291453) f8  0xfff8000000000000
core   0: 0x0000000080005e0e (0x00000001) c.nop
core   0: 1 0x0000000080005e0e (0x0001)
core   0: 0x0000000080005e10 (0x00e0ad33) slt     s10, ra, a4
core   0: 1 0x0000000080005e10 (0x00e0ad33) x26 0x0000000000000001
core   0: 0x0000000080005e14 (0x0149de93) srli    t4, s3, 20
core   0: 1 0x0000000080005e14 (0x0149de93) x29 0x0000000000000000
core   0: 0x0000000080005e18 (0x4009d01b) sraiw   zero, s3, 0
core   0: 1 0x0000000080005e18 (0x4009d01b)
core   0: 0x0000000080005e1c (0x020045b3) div     a1, zero, zero
core   0: 1 0x0000000080005e1c (0x020045b3) x11 0xffffffffffffffff
core   0: 0x0000000080005e20 (0xd02075d3) fcvt.s.l fa1, zero
core   0: 1 0x0000000080005e20 (0xd02075d3) f11 0xffffffff00000000
core   0: 0x0000000080005e24 (0x01357533) and     a0, a0, s3
core   0: 1 0x0000000080005e24 (0x01357533) x10 0x0000000000000000
core   0: 0x0000000080005e28 (0x02328abb) mulw    s5, t0, gp
core   0: 1 0x0000000080005e28 (0x02328abb) x21 0x0000000000000000
core   0: 0x0000000080005e2c (0xc034f253) fcvt.lu.s tp, fs1
core   0: 1 0x0000000080005e2c (0xc034f253) c1_fflags 0x0000000000000016 x4  0xffffffffffffffff
core   0: 0x0000000080005e30 (0x6e6b7693) andi    a3, s6, 1766
core   0: 1 0x0000000080005e30 (0x6e6b7693) x13 0x0000000000000006
core   0: 0x0000000080005e34 (0x9a8379cb) fnmsub.d fs3, ft6, fs0, fs3
core   0: 1 0x0000000080005e34 (0x9a8379cb) f19 0x7ff8000000000000
core   0: 0x0000000080005e38 (0x13337bd3) fmul.d  fs7, ft6, fs3
core   0: 1 0x0000000080005e38 (0x13337bd3) f23 0x7ff8000000000000
core   0: 0x0000000080005e3c (0xd9100713) li      a4, -623
core   0: 1 0x0000000080005e3c (0xd9100713) x14 0xfffffffffffffd91
core   0: 0x0000000080005e40 (0x00421533) sll     a0, tp, tp
core   0: 1 0x0000000080005e40 (0x00421533) x10 0x8000000000000000
core   0: 0x0000000080005e44 (0x005579b3) and     s3, a0, t0
core   0: 1 0x0000000080005e44 (0x005579b3) x19 0x0000000000000000
core   0: 0x0000000080005e48 (0x0006011b) sext.w  sp, a2
core   0: 1 0x0000000080005e48 (0x0006011b) x2  0x0000000000000a00
core   0: 0x0000000080005e4c (0xc03bf853) fcvt.lu.s a6, fs7
core   0: 1 0x0000000080005e4c (0xc03bf853) c1_fflags 0x0000000000000016 x16 0xffffffffffffffff
core   0: 0x0000000080005e50 (0x401bfad3) fcvt.s.d fs5, fs7
core   0: 1 0x0000000080005e50 (0x401bfad3) f21 0xffffffff7fc00000
core   0: 0x0000000080005e54 (0xab557d4f) fnmadd.d fs10, fa0, fs5, fs5
core   0: 1 0x0000000080005e54 (0xab557d4f) f26 0x7ff8000000000000
core   0: 0x0000000080005e58 (0x00049333) sll     t1, s1, zero
core   0: 1 0x0000000080005e58 (0x00049333) x6  0x00000000000011ff
core   0: 0x0000000080005e5c (0x0bacfcd3) fsub.d  fs9, fs9, fs10
core   0: 1 0x0000000080005e5c (0x0bacfcd3) f25 0x7ff8000000000000
core   0: 0x0000000080005e60 (0x1ae4fd53) fdiv.d  fs10, fs1, fa4
core   0: 1 0x0000000080005e60 (0x1ae4fd53) f26 0x7ff8000000000000
core   0: 0x0000000080005e64 (0x00009aee) c.add   s5, s11
core   0: 1 0x0000000080005e64 (0x9aee) x21 0xfffffffff0e011ff
core   0: 0x0000000080005e66 (0x40fad313) srai    t1, s5, 15
core   0: 1 0x0000000080005e66 (0x40fad313) x6  0xffffffffffffe1c0
core   0: 0x0000000080005e6a (0xe2030bd3) fmv.x.d s7, ft6
core   0: 1 0x0000000080005e6a (0xe2030bd3) x23 0x7ff8000000000000
core   0: 0x0000000080005e6e (0x4078569b) sraiw   a3, a6, 7
core   0: 1 0x0000000080005e6e (0x4078569b) x13 0xffffffffffffffff
core   0: 0x0000000080005e72 (0x00202a73) csrrs   s4, frm, zero
core   0: 1 0x0000000080005e72 (0x00202a73) x20 0x0000000000000002
core   0: 0x0000000080005e76 (0x41acd8bb) sraw    a7, s9, s10
core   0: 1 0x0000000080005e76 (0x41acd8bb) x17 0x0000000013058c73
core   0: 0x0000000080005e7a (0x9aaaf6cb) fnmsub.d fa3, fs5, fa0, fs3
core   0: 1 0x0000000080005e7a (0x9aaaf6cb) f13 0x7ff8000000000000
core   0: 0x0000000080005e7e (0x41f8d79b) sraiw   a5, a7, 31
core   0: 1 0x0000000080005e7e (0x41f8d79b) x15 0x0000000000000000
core   0: 0x0000000080005e82 (0x41b8d63b) sraw    a2, a7, s11
core   0: 1 0x0000000080005e82 (0x41b8d63b) x12 0x0000000000000000
core   0: 0x0000000080005e86 (0xd2078fd3) fcvt.d.w ft11, a5
core   0: 1 0x0000000080005e86 (0xd2078fd3) f31 0x0000000000000000
core   0: 0x0000000080005e8a (0x00000001) c.nop
core   0: 1 0x0000000080005e8a (0x0001)
core   0: 0x0000000080005e8c (0x03927bb3) remu    s7, tp, s9
core   0: 1 0x0000000080005e8c (0x03927bb3) x23 0x018addb08b7de28f
core   0: 0x0000000080005e90 (0x039b77b3) remu    a5, s6, s9
core   0: 1 0x0000000080005e90 (0x039b77b3) x15 0x000000000000001f
core   0: 0x0000000080005e94 (0x00e7843b) addw    s0, a5, a4
core   0: 1 0x0000000080005e94 (0x00e7843b) x8  0xfffffffffffffdb0
core   0: 0x0000000080005e98 (0xc68005b7) lui     a1, 0xc6800
core   0: 1 0x0000000080005e98 (0xc68005b7) x11 0xffffffffc6800000
core   0: 0x0000000080005e9c (0x0082f433) and     s0, t0, s0
core   0: 1 0x0000000080005e9c (0x0082f433) x8  0x0000000000000000
core   0: 0x0000000080005ea0 (0x0172f233) and     tp, t0, s7
core   0: 1 0x0000000080005ea0 (0x0172f233) x4  0x0000000000000000
core   0: 0x0000000080005ea4 (0xfc994c13) xori    s8, s2, -55
core   0: 1 0x0000000080005ea4 (0xfc994c13) x24 0xffffffffffffffc9
core   0: 0x0000000080005ea8 (0x00d42cb3) slt     s9, s0, a3
core   0: 1 0x0000000080005ea8 (0x00d42cb3) x25 0x0000000000000000
core   0: 0x0000000080005eac (0xa3a505d3) fle.d   a1, fa0, fs10
core   0: 1 0x0000000080005eac (0xa3a505d3) c1_fflags 0x0000000000000016 x11 0x0000000000000000
core   0: 0x0000000080005eb0 (0x22831d53) fsgnjn.d fs10, ft6, fs0
core   0: 1 0x0000000080005eb0 (0x22831d53) f26 0x7ff8000000000000
core   0: 0x0000000080005eb4 (0xa3af8e53) fle.d   t3, ft11, fs10
core   0: 1 0x0000000080005eb4 (0xa3af8e53) c1_fflags 0x0000000000000016 x28 0x0000000000000000
core   0: 0x0000000080005eb8 (0x48177437) lui     s0, 0x48177
core   0: 1 0x0000000080005eb8 (0x48177437) x8  0x0000000048177000
core   0: 0x0000000080005ebc (0x9fabe993) ori     s3, s7, -1542
core   0: 1 0x0000000080005ebc (0x9fabe993) x19 0xfffffffffffffbff
core   0: 0x0000000080005ec0 (0x419cdd33) sra     s10, s9, s9
core   0: 1 0x0000000080005ec0 (0x419cdd33) x26 0x0000000000000000
core   0: 0x0000000080005ec4 (0x5a15f4c3) fmadd.d fs1, fa1, ft1, fa1
core   0: 1 0x0000000080005ec4 (0x5a15f4c3) f9  0x7ff8000000000000
core   0: 0x0000000080005ec8 (0xd0267ad3) fcvt.s.l fs5, a2
core   0: 1 0x0000000080005ec8 (0xd0267ad3) f21 0xffffffff00000000
core   0: 0x0000000080005ecc (0xc025f4d3) fcvt.l.s s1, fa1
core   0: 1 0x0000000080005ecc (0xc025f4d3) x9  0x0000000000000000
core   0: 0x0000000080005ed0 (0x00179d73) csrrw   s10, fflags, a5
core   0: 1 0x0000000080005ed0 (0x00179d73) x26 0x0000000000000016 c1_fflags 0x000000000000001f
core   0: 0x0000000080005ed4 (0x01a2d73b) srlw    a4, t0, s10
core   0: 1 0x0000000080005ed4 (0x01a2d73b) x14 0x0000000000000000
core   0: 0x0000000080005ed8 (0x3737fb93) andi    s7, a5, 883
core   0: 1 0x0000000080005ed8 (0x3737fb93) x23 0x0000000000000013
core   0: 0x0000000080005edc (0x00f6fb33) and     s6, a3, a5
core   0: 1 0x0000000080005edc (0x00f6fb33) x22 0x000000000000001f
core   0: 0x0000000080005ee0 (0xabfafd4b) fnmsub.d fs10, fs5, ft11, fs5
core   0: 1 0x0000000080005ee0 (0xabfafd4b) f26 0x7ff8000000000000
core   0: 0x0000000080005ee4 (0xc02ef653) fcvt.l.s a2, ft9
core   0: 1 0x0000000080005ee4 (0xc02ef653) c1_fflags 0x000000000000001f x12 0x7fffffffffffffff
core   0: 0x0000000080005ee8 (0x026d8c3b) mulw    s8, s11, t1
core   0: 1 0x0000000080005ee8 (0x026d8c3b) x24 0xffffffff85df9e40
core   0: 0x0000000080005eec (0x001cda9b) srliw   s5, s9, 1
core   0: 1 0x0000000080005eec (0x001cda9b) x21 0x0000000000000000
core   0: 0x0000000080005ef0 (0x228686d3) fsgnj.d fa3, fa3, fs0
core   0: 1 0x0000000080005ef0 (0x228686d3) f13 0xfff8000000000000
core   0: 0x0000000080005ef4 (0x02c743b3) div     t2, a4, a2
core   0: 1 0x0000000080005ef4 (0x02c743b3) x7  0x0000000000000000
core   0: 0x0000000080005ef8 (0x4173de93) srai    t4, t2, 23
core   0: 1 0x0000000080005ef8 (0x4173de93) x29 0x0000000000000000
core   0: 0x0000000080005efc (0x4011549b) sraiw   s1, sp, 1
core   0: 1 0x0000000080005efc (0x4011549b) x9  0x0000000000000500
core   0: 0x0000000080005f00 (0x0ff0000f) fence   iorw,iorw
core   0: 1 0x0000000080005f00 (0x0ff0000f)
core   0: 0x0000000080005f04 (0x23869c53) fsgnjn.d fs8, fa3, fs8
core   0: 1 0x0000000080005f04 (0x23869c53) f24 0xfff8000000000000
core   0: 0x0000000080005f08 (0x02a2893b) mulw    s2, t0, a0
core   0: 1 0x0000000080005f08 (0x02a2893b) x18 0x0000000000000000
core   0: 0x0000000080005f0c (0x1b837cd3) fdiv.d  fs9, ft6, fs8
core   0: 1 0x0000000080005f0c (0x1b837cd3) f25 0x7ff8000000000000
core   0: 0x0000000080005f10 (0x2a600653) fmin.d  fa2, ft0, ft6
core   0: 1 0x0000000080005f10 (0x2a600653) f12 0x7ff8000000000000
core   0: 0x0000000080005f14 (0x0387d6b3) divu    a3, a5, s8
core   0: 1 0x0000000080005f14 (0x0387d6b3) x13 0x0000000000000000
core   0: 0x0000000080005f18 (0x3adcf14f) fnmadd.d ft2, fs9, fa3, ft7
core   0: 1 0x0000000080005f18 (0x3adcf14f) f2  0x7ff8000000000000
core   0: 0x0000000080005f1c (0x2b6110d3) fmax.d  ft1, ft2, fs6
core   0: 1 0x0000000080005f1c (0x2b6110d3) f1  0x0000000000000000
core   0: 0x0000000080005f20 (0x027565b3) rem     a1, a0, t2
core   0: 1 0x0000000080005f20 (0x027565b3) x11 0x8000000000000000
core   0: 0x0000000080005f24 (0x01110733) add     a4, sp, a7
core   0: 1 0x0000000080005f24 (0x01110733) x14 0x0000000013059673
core   0: 0x0000000080005f28 (0x01cb1c9b) slliw   s9, s6, 28
core   0: 1 0x0000000080005f28 (0x01cb1c9b) x25 0xfffffffff0000000
core   0: 0x0000000080005f2c (0xd2148453) fcvt.d.wu fs0, s1
core   0: 1 0x0000000080005f2c (0xd2148453) f8  0x4094000000000000
core   0: 0x0000000080005f30 (0x2c628897) auipc   a7, 0x2c628
core   0: 1 0x0000000080005f30 (0x2c628897) x17 0x00000000ac62df30
core   0: 0x0000000080005f34 (0x400cd49b) sraiw   s1, s9, 0
core   0: 1 0x0000000080005f34 (0x400cd49b) x9  0xfffffffff0000000
core   0: 0x0000000080005f38 (0x0299683b) remw    a6, s2, s1
core   0: 1 0x0000000080005f38 (0x0299683b) x16 0x0000000000000000
core   0: 0x0000000080005f3c (0xebd6f1c3) fmadd.d ft3, fa3, ft9, ft9
core   0: 1 0x0000000080005f3c (0xebd6f1c3) f3  0x7ff8000000000000
core   0: 0x0000000080005f40 (0xc8c4c497) auipc   s1, 0xc8c4c
core   0: 1 0x0000000080005f40 (0xc8c4c497) x9  0x0000000048c51f40
core   0: 0x0000000080005f44 (0x42088053) fcvt.d.s ft0, fa7
core   0: 1 0x0000000080005f44 (0x42088053) f0  0x7ff8000000000000
core   0: 0x0000000080005f48 (0xd030f953) fcvt.s.lu fs2, ra
core   0: 1 0x0000000080005f48 (0xd030f953) f18 0xffffffff00000000
core   0: 0x0000000080005f4c (0xc0327053) fcvt.lu.s zero, ft4
core   0: 1 0x0000000080005f4c (0xc0327053)
core   0: 0x0000000080005f50 (0x013ad29b) srliw   t0, s5, 19
core   0: 1 0x0000000080005f50 (0x013ad29b) x5  0x0000000000000000
core   0: 0x0000000080005f54 (0x03734333) div     t1, t1, s7
core   0: 1 0x0000000080005f54 (0x03734333) x6  0xfffffffffffffe69
core   0: 0x0000000080005f58 (0x00bbe7b3) or      a5, s7, a1
core   0: 1 0x0000000080005f58 (0x00bbe7b3) x15 0x8000000000000013
core   0: 0x0000000080005f5c (0x02f16133) rem     sp, sp, a5
core   0: 1 0x0000000080005f5c (0x02f16133) x2  0x0000000000000a00
core   0: 0x0000000080005f60 (0xc0397b53) fcvt.lu.s s6, fs2
core   0: 1 0x0000000080005f60 (0xc0397b53) x22 0x0000000000000000
core   0: 0x0000000080005f64 (0x01611b33) sll     s6, sp, s6
core   0: 1 0x0000000080005f64 (0x01611b33) x22 0x0000000000000a00
core   0: 0x0000000080005f68 (0x000ed613) srli    a2, t4, 0
core   0: 1 0x0000000080005f68 (0x000ed613) x12 0x0000000000000000
core   0: 0x0000000080005f6c (0x02ec6e33) rem     t3, s8, a4
core   0: 1 0x0000000080005f6c (0x02ec6e33) x28 0xfffffffff80124f2
core   0: 0x0000000080005f70 (0x0000838e) c.mv    t2, gp
core   0: 1 0x0000000080005f70 (0x838e) x7  0x000000007ffffe1c
core   0: 0x0000000080005f72 (0xc2227d53) fcvt.l.d s10, ft4
core   0: 1 0x0000000080005f72 (0xc2227d53) c1_fflags 0x000000000000001f x26 0x7fffffffffffffff
core   0: 0x0000000080005f76 (0xd20681d3) fcvt.d.w ft3, a3
core   0: 1 0x0000000080005f76 (0xd20681d3) f3  0x0000000000000000
core   0: 0x0000000080005f7a (0x340ca8f3) csrrs   a7, mscratch, s9
core   0: exception trap_illegal_instruction, epc 0x0000000080005f7a
core   0:           tval 0x00000000340ca8f3
core   0: >>>>  $xrv64i2p1_m2p0_a2p1_f2p2_d2p2_zicsr2p0_zifencei2p0_zmmul1p0_zba1p0_zbb1p0_zbc1p0_zbs1p0
core   0: 0x0000000080004000 (0x0080006f) j       pc + 0x8
core   0: 3 0x0000000080004000 (0x0080006f)
core   0: >>>>  mmode_exception_handler
core   0: 0x0000000080004008 (0x00002c17) auipc   s8, 0x2
core   0: 3 0x0000000080004008 (0x00002c17) x24 0x0000000080006008
core   0: 0x000000008000400c (0x00ac0c13) addi    s8, s8, 10
core   0: 3 0x000000008000400c (0x00ac0c13) x24 0x0000000080006012
core   0: 0x0000000080004010 (0x000c00e7) jalr    s8
core   0: 3 0x0000000080004010 (0x000c00e7) x1  0x0000000080004014
core   0: >>>>  any_handler
core   0: 0x0000000080006012 (0x341027f3) csrrs   a5, mepc, zero
core   0: 3 0x0000000080006012 (0x341027f3) x15 0x0000000080005f7a
core   0: 0x0000000080006016 (0x34202773) csrrs   a4, mcause, zero
core   0: 3 0x0000000080006016 (0x34202773) x14 0x0000000000000002
core   0: 0x000000008000601a (0x142026f3) csrrs   a3, scause, zero
core   0: 3 0x000000008000601a (0x142026f3) x13 0x0000000000000000
core   0: 0x000000008000601e (0x30402673) csrrs   a2, mie, zero
core   0: 3 0x000000008000601e (0x30402673) x12 0x0000000000000a00
core   0: 0x0000000080006022 (0x344025f3) csrrs   a1, mip, zero
core   0: 3 0x0000000080006022 (0x344025f3) x11 0x0000000000000080
core   0: 0x0000000080006026 (0x343025f3) csrrs   a1, mtval, zero
core   0: 3 0x0000000080006026 (0x343025f3) x11 0x00000000340ca8f3
core   0: 0x000000008000602a (0x14302573) csrrs   a0, stval, zero
core   0: 3 0x000000008000602a (0x14302573) x10 0x0000000000000000
core   0: 0x000000008000602e (0xb02024f3) csrrs   s1, minstret, zero
core   0: 3 0x000000008000602e (0xb02024f3) x9  0x00000000000012a1
core   0: 0x0000000080006032 (0x0000a811) c.j     pc + 20
core   0: 3 0x0000000080006032 (0xa811)
core   0: >>>>  mepc_4
core   0: 0x0000000080006046 (0x00000791) c.addi  a5, 4
core   0: 3 0x0000000080006046 (0x0791) x15 0x0000000080005f7e
core   0: 0x0000000080006048 (0x34179073) csrrw   zero, mepc, a5
core   0: 3 0x0000000080006048 (0x34179073) c833_mepc 0x0000000080005f7e
core   0: 0x000000008000604c (0x30200073) mret
core   0: 3 0x000000008000604c (0x30200073) c768_mstatus 0x8000000a00106080
core   0: 0x0000000080005f7e (0x2a0f9053) fmax.d  ft0, ft11, ft0
core   0: 1 0x0000000080005f7e (0x2a0f9053) f0  0x0000000000000000
core   0: 0x0000000080005f82 (0xe3ea7443) fmadd.d fs0, fs4, ft10, ft8
core   0: 1 0x0000000080005f82 (0xe3ea7443) f8  0x7ff8000000000000
core   0: 0x0000000080005f86 (0xc02af0d3) fcvt.l.s ra, fs5
core   0: 1 0x0000000080005f86 (0xc02af0d3) x1  0x0000000000000000
core   0: 0x0000000080005f8a (0xa1c24313) xori    t1, tp, -1508
core   0: 1 0x0000000080005f8a (0xa1c24313) x6  0xfffffffffffffa1c
core   0: 0x0000000080005f8e (0x50706013) ori     zero, zero, 1287
core   0: 1 0x0000000080005f8e (0x50706013)
core   0: 0x0000000080005f92 (0x0008f713) andi    a4, a7, 0
core   0: 1 0x0000000080005f92 (0x0008f713) x14 0x0000000000000000
core   0: 0x0000000080005f96 (0xaaa97513) andi    a0, s2, -1366
core   0: 1 0x0000000080005f96 (0xaaa97513) x10 0x0000000000000000
core   0: 0x0000000080005f9a (0x7b1e78cf) fnmadd.d fa7, ft8, fa7, fa5
core   0: 1 0x0000000080005f9a (0x7b1e78cf) f17 0x7ff8000000000000
core   0: 0x0000000080005f9e (0x00000001) c.nop
core   0: 1 0x0000000080005f9e (0x0001)
core   0: 0x0000000080005fa0 (0x014b8a3b) addw    s4, s7, s4
core   0: 1 0x0000000080005fa0 (0x014b8a3b) x20 0x0000000000000015
core   0: 0x0000000080005fa4 (0x7ffa8e1b) addiw   t3, s5, 2047
core   0: 1 0x0000000080005fa4 (0x7ffa8e1b) x28 0x00000000000007ff
core   0: 0x0000000080005fa8 (0xa43c1397) auipc   t2, 0xa43c1
core   0: 1 0x0000000080005fa8 (0xa43c1397) x7  0x00000000243c6fa8
core   0: 0x0000000080005fac (0x120df7d3) fmul.d  fa5, fs11, ft0
core   0: 1 0x0000000080005fac (0x120df7d3) f15 0x7ff8000000000000
core   0: 0x0000000080005fb0 (0xc03c7dd3) fcvt.lu.s s11, fs8
core   0: 1 0x0000000080005fb0 (0xc03c7dd3) c1_fflags 0x000000000000001f x27 0xffffffffffffffff
core   0: 0x0000000080005fb4 (0x03ba53b3) divu    t2, s4, s11
core   0: 1 0x0000000080005fb4 (0x03ba53b3) x7  0x0000000000000000
core   0: 0x0000000080005fb8 (0x0343ba33) mulhu   s4, t2, s4
core   0: 1 0x0000000080005fb8 (0x0343ba33) x20 0x0000000000000000
core   0: 0x0000000080005fbc (0x414481bb) subw    gp, s1, s4
core   0: 1 0x0000000080005fbc (0x414481bb) x3  0x00000000000012a1
core   0: 0x0000000080005fc0 (0x03bc13b3) mulh    t2, s8, s11
core   0: 1 0x0000000080005fc0 (0x03bc13b3) x7  0xffffffffffffffff
core   0: 0x0000000080005fc4 (0x2afc1953) fmax.d  fs2, fs8, fa5
core   0: 1 0x0000000080005fc4 (0x2afc1953) f18 0x7ff8000000000000
core   0: 0x0000000080005fc8 (0x00000001) c.nop
core   0: 1 0x0000000080005fc8 (0x0001)
core   0: 0x0000000080005fca (0x2a051053) fmax.d  ft0, fa0, ft0
core   0: 1 0x0000000080005fca (0x2a051053) f0  0x0000000000000000
core   0: 0x0000000080005fce (0xd03df953) fcvt.s.lu fs2, s11
core   0: 1 0x0000000080005fce (0xd03df953) c1_fflags 0x000000000000001f f18 0xffffffff5f7fffff
core   0: 0x0000000080005fd2 (0x23231fd3) fsgnjn.d ft11, ft6, fs2
core   0: 1 0x0000000080005fd2 (0x23231fd3) f31 0x7ff8000000000000
core   0: 0x0000000080005fd6 (0x000c129b) slliw   t0, s8, 0
core   0: 1 0x0000000080005fd6 (0x000c129b) x5  0xffffffff80006012
core   0: 0x0000000080005fda (0x00b65213) srli    tp, a2, 11
core   0: 1 0x0000000080005fda (0x00b65213) x4  0x0000000000000001
core   0: 0x0000000080005fde (0x0d3b0593) addi    a1, s6, 211
core   0: 1 0x0000000080005fde (0x0d3b0593) x11 0x0000000000000ad3
core   0: 0x0000000080005fe2 (0xd2028b53) fcvt.d.w fs6, t0
core   0: 1 0x0000000080005fe2 (0xd2028b53) f22 0xc1dfffe7fb800000
core   0: 0x0000000080005fe6 (0x02651013) slli    zero, a0, 38
core   0: 1 0x0000000080005fe6 (0x02651013)
core   0: 0x0000000080005fea (0x4013d793) srai    a5, t2, 1
core   0: 1 0x0000000080005fea (0x4013d793) x15 0xffffffffffffffff
core   0: 0x0000000080005fee (0x001b9bf3) csrrw   s7, fflags, s7
core   0: 1 0x0000000080005fee (0x001b9bf3) x23 0x000000000000001f c1_fflags 0x0000000000000013
core   0: 0x0000000080005ff2 (0x02514a3b) divw    s4, sp, t0
core   0: 1 0x0000000080005ff2 (0x02514a3b) x20 0x0000000000000000
core   0: 0x0000000080005ff6 (0x00c2d43b) srlw    s0, t0, a2
core   0: 1 0x0000000080005ff6 (0x00c2d43b) x8  0xffffffff80006012
core   0: 0x0000000080005ffa (0x028efed3) fadd.d  ft9, ft9, fs0
core   0: 1 0x0000000080005ffa (0x028efed3) f29 0x7ff8000000000000
core   0: 0x0000000080005ffe (0x00008bb2) c.mv    s7, a2
core   0: 1 0x0000000080005ffe (0x8bb2) x23 0x0000000000000a00
core   0: 0x0000000080006000 (0x029083bb) mulw    t2, ra, s1
core   0: 1 0x0000000080006000 (0x029083bb) x7  0x0000000000000000
core   0: 0x0000000080006004 (0x007bd033) srl     zero, s7, t2
core   0: 1 0x0000000080006004 (0x007bd033)
core   0: 0x0000000080006008 (0xc2047b53) fcvt.w.d s6, fs0
core   0: 1 0x0000000080006008 (0xc2047b53) c1_fflags 0x0000000000000013 x22 0x000000007fffffff
core   0: >>>>  write_tohost
core   0: 0x000000008000600c (0x9d8fa0ef) jal     pc - 0x5e28
core   0: 1 0x000000008000600c (0x9d8fa0ef) x1  0x0000000080006010
core   0: >>>>  _exit
core   0: 0x00000000800001e4 (0x00004505) c.li    a0, 1
core   0: 1 0x00000000800001e4 (0x4505) x10 0x0000000000000001
core   0: 0x00000000800001e6 (0x00001f17) auipc   t5, 0x1
core   0: 1 0x00000000800001e6 (0x00001f17) x30 0x00000000800011e6
core   0: 0x00000000800001ea (0xe0af2d23) sw      a0, -486(t5)
core   0: 1 0x00000000800001ea (0xe0af2d23) mem 0x0000000080001000 0x00000001
cp /home/server/RISCV/cva6/verif/sim/out/seed_1755/spike_sim/new_seeds_1755_.cv64a6_imafdc_sv39.log.iss /home/server/RISCV/cva6/verif/sim/out/seed_1755/spike_sim/new_seeds_1755_.cv64a6_imafdc_sv39.log
