Makefile:14: must set CVA6_REPO_DIR to point at the root of CVA6 sources and CVA6_TB_DIR to point here -- doing it for you...
LD_LIBRARY_PATH="$(realpath ../../tools/spike/lib):$LD_LIBRARY_PATH" \
	/home/server/RISCV/cva6/tools/spike/bin/spike --steps=2000000  --log-commits --isa=rv64gc_zba_zbb_zbs_zbc_zicsr_zifencei --priv=msu -l /home/server/RISCV/cva6/verif/sim/out/seed_223/directed_asm_tests/new_seeds_223_.o
[SPIKE] Max simulation steps: 2000000
[SPIKE] Proc 0 | ISA: rv64gc_zba_zbb_zbs_zbc_zicsr_zifencei PRIV: msu
[SPIKE] Initializing memories...
core   0: 0x0000000000010000 (0x00100413) li      s0, 1
core   0: 3 0x0000000000010000 (0x00100413) x8  0x0000000000000001
core   0: 0x0000000000010004 (0x01f41413) slli    s0, s0, 31
core   0: 3 0x0000000000010004 (0x01f41413) x8  0x0000000080000000
core   0: 0x0000000000010008 (0xf1402573) csrrs   a0, mhartid, zero
core   0: 3 0x0000000000010008 (0xf1402573) x10 0x0000000000000000
core   0: 0x000000000001000c (0x00000597) auipc   a1, 0x0
core   0: 3 0x000000000001000c (0x00000597) x11 0x000000000001000c
core   0: 0x0000000000010010 (0x07458593) addi    a1, a1, 116
core   0: 3 0x0000000000010010 (0x07458593) x11 0x0000000000010080
core   0: 0x0000000000010014 (0x00040067) jr      s0
core   0: 3 0x0000000000010014 (0x00040067)
core   0: >>>>  _start
core   0: 0x0000000080000000 (0x00004081) c.li    ra, 0
core   0: 3 0x0000000080000000 (0x4081) x1  0x0000000000000000
core   0: 0x0000000080000002 (0x00004101) c.li    sp, 0
core   0: 3 0x0000000080000002 (0x4101) x2  0x0000000000000000
core   0: 0x0000000080000004 (0x00004181) c.li    gp, 0
core   0: 3 0x0000000080000004 (0x4181) x3  0x0000000000000000
core   0: 0x0000000080000006 (0x00004201) c.li    tp, 0
core   0: 3 0x0000000080000006 (0x4201) x4  0x0000000000000000
core   0: 0x0000000080000008 (0x00004281) c.li    t0, 0
core   0: 3 0x0000000080000008 (0x4281) x5  0x0000000000000000
core   0: 0x000000008000000a (0x00004301) c.li    t1, 0
core   0: 3 0x000000008000000a (0x4301) x6  0x0000000000000000
core   0: 0x000000008000000c (0x00004381) c.li    t2, 0
core   0: 3 0x000000008000000c (0x4381) x7  0x0000000000000000
core   0: 0x000000008000000e (0x00004401) c.li    s0, 0
core   0: 3 0x000000008000000e (0x4401) x8  0x0000000000000000
core   0: 0x0000000080000010 (0x00004481) c.li    s1, 0
core   0: 3 0x0000000080000010 (0x4481) x9  0x0000000000000000
core   0: 0x0000000080000012 (0x00004501) c.li    a0, 0
core   0: 3 0x0000000080000012 (0x4501) x10 0x0000000000000000
core   0: 0x0000000080000014 (0x00004581) c.li    a1, 0
core   0: 3 0x0000000080000014 (0x4581) x11 0x0000000000000000
core   0: 0x0000000080000016 (0x00004601) c.li    a2, 0
core   0: 3 0x0000000080000016 (0x4601) x12 0x0000000000000000
core   0: 0x0000000080000018 (0x00004681) c.li    a3, 0
core   0: 3 0x0000000080000018 (0x4681) x13 0x0000000000000000
core   0: 0x000000008000001a (0x00004701) c.li    a4, 0
core   0: 3 0x000000008000001a (0x4701) x14 0x0000000000000000
core   0: 0x000000008000001c (0x00004781) c.li    a5, 0
core   0: 3 0x000000008000001c (0x4781) x15 0x0000000000000000
core   0: 0x000000008000001e (0x00004801) c.li    a6, 0
core   0: 3 0x000000008000001e (0x4801) x16 0x0000000000000000
core   0: 0x0000000080000020 (0x00004881) c.li    a7, 0
core   0: 3 0x0000000080000020 (0x4881) x17 0x0000000000000000
core   0: 0x0000000080000022 (0x00004901) c.li    s2, 0
core   0: 3 0x0000000080000022 (0x4901) x18 0x0000000000000000
core   0: 0x0000000080000024 (0x00004981) c.li    s3, 0
core   0: 3 0x0000000080000024 (0x4981) x19 0x0000000000000000
core   0: 0x0000000080000026 (0x00004a01) c.li    s4, 0
core   0: 3 0x0000000080000026 (0x4a01) x20 0x0000000000000000
core   0: 0x0000000080000028 (0x00004a81) c.li    s5, 0
core   0: 3 0x0000000080000028 (0x4a81) x21 0x0000000000000000
core   0: 0x000000008000002a (0x00004b01) c.li    s6, 0
core   0: 3 0x000000008000002a (0x4b01) x22 0x0000000000000000
core   0: 0x000000008000002c (0x00004b81) c.li    s7, 0
core   0: 3 0x000000008000002c (0x4b81) x23 0x0000000000000000
core   0: 0x000000008000002e (0x00004c01) c.li    s8, 0
core   0: 3 0x000000008000002e (0x4c01) x24 0x0000000000000000
core   0: 0x0000000080000030 (0x00004c81) c.li    s9, 0
core   0: 3 0x0000000080000030 (0x4c81) x25 0x0000000000000000
core   0: 0x0000000080000032 (0x00004d01) c.li    s10, 0
core   0: 3 0x0000000080000032 (0x4d01) x26 0x0000000000000000
core   0: 0x0000000080000034 (0x00004d81) c.li    s11, 0
core   0: 3 0x0000000080000034 (0x4d81) x27 0x0000000000000000
core   0: 0x0000000080000036 (0x00004e01) c.li    t3, 0
core   0: 3 0x0000000080000036 (0x4e01) x28 0x0000000000000000
core   0: 0x0000000080000038 (0x00004e81) c.li    t4, 0
core   0: 3 0x0000000080000038 (0x4e81) x29 0x0000000000000000
core   0: 0x000000008000003a (0x00004f01) c.li    t5, 0
core   0: 3 0x000000008000003a (0x4f01) x30 0x0000000000000000
core   0: 0x000000008000003c (0x00004f81) c.li    t6, 0
core   0: 3 0x000000008000003c (0x4f81) x31 0x0000000000000000
core   0: 0x000000008000003e (0x000062f9) c.lui   t0, 0x1e
core   0: 3 0x000000008000003e (0x62f9) x5  0x000000000001e000
core   0: 0x0000000080000040 (0x3002a073) csrrs   zero, mstatus, t0
core   0: 3 0x0000000080000040 (0x3002a073) c768_mstatus 0x8000000a00006000
core   0: 0x0000000080000044 (0x00004285) c.li    t0, 1
core   0: 3 0x0000000080000044 (0x4285) x5  0x0000000000000001
core   0: 0x0000000080000046 (0x000002fe) c.slli  t0, 31
core   0: 3 0x0000000080000046 (0x02fe) x5  0x0000000080000000
core   0: 0x0000000080000048 (0x0002d863) bge     t0, zero, pc + 16
core   0: 3 0x0000000080000048 (0x0002d863)
core   0: 0x0000000080000058 (0x00000297) auipc   t0, 0x0
core   0: 3 0x0000000080000058 (0x00000297) x5  0x0000000080000058
core   0: 0x000000008000005c (0x09028293) addi    t0, t0, 144
core   0: 3 0x000000008000005c (0x09028293) x5  0x00000000800000e8
core   0: 0x0000000080000060 (0x30529073) csrrw   zero, mtvec, t0
core   0: 3 0x0000000080000060 (0x30529073) c773_mtvec 0x00000000800000e8
core   0: 0x0000000080000064 (0x00301073) csrrw   zero, fcsr, zero
core   0: 3 0x0000000080000064 (0x00301073) c1_fflags 0x0000000000000000 c2_frm 0x0000000000000000
core   0: 0x0000000080000068 (0xf0000053) fmv.w.x ft0, zero
core   0: 3 0x0000000080000068 (0xf0000053) f0  0xffffffff00000000
core   0: 0x000000008000006c (0xf00000d3) fmv.w.x ft1, zero
core   0: 3 0x000000008000006c (0xf00000d3) f1  0xffffffff00000000
core   0: 0x0000000080000070 (0xf0000153) fmv.w.x ft2, zero
core   0: 3 0x0000000080000070 (0xf0000153) f2  0xffffffff00000000
core   0: 0x0000000080000074 (0xf00001d3) fmv.w.x ft3, zero
core   0: 3 0x0000000080000074 (0xf00001d3) f3  0xffffffff00000000
core   0: 0x0000000080000078 (0xf0000253) fmv.w.x ft4, zero
core   0: 3 0x0000000080000078 (0xf0000253) f4  0xffffffff00000000
core   0: 0x000000008000007c (0xf00002d3) fmv.w.x ft5, zero
core   0: 3 0x000000008000007c (0xf00002d3) f5  0xffffffff00000000
core   0: 0x0000000080000080 (0xf0000353) fmv.w.x ft6, zero
core   0: 3 0x0000000080000080 (0xf0000353) f6  0xffffffff00000000
core   0: 0x0000000080000084 (0xf00003d3) fmv.w.x ft7, zero
core   0: 3 0x0000000080000084 (0xf00003d3) f7  0xffffffff00000000
core   0: 0x0000000080000088 (0xf0000453) fmv.w.x fs0, zero
core   0: 3 0x0000000080000088 (0xf0000453) f8  0xffffffff00000000
core   0: 0x000000008000008c (0xf00004d3) fmv.w.x fs1, zero
core   0: 3 0x000000008000008c (0xf00004d3) f9  0xffffffff00000000
core   0: 0x0000000080000090 (0xf0000553) fmv.w.x fa0, zero
core   0: 3 0x0000000080000090 (0xf0000553) f10 0xffffffff00000000
core   0: 0x0000000080000094 (0xf00005d3) fmv.w.x fa1, zero
core   0: 3 0x0000000080000094 (0xf00005d3) f11 0xffffffff00000000
core   0: 0x0000000080000098 (0xf0000653) fmv.w.x fa2, zero
core   0: 3 0x0000000080000098 (0xf0000653) f12 0xffffffff00000000
core   0: 0x000000008000009c (0xf00006d3) fmv.w.x fa3, zero
core   0: 3 0x000000008000009c (0xf00006d3) f13 0xffffffff00000000
core   0: 0x00000000800000a0 (0xf0000753) fmv.w.x fa4, zero
core   0: 3 0x00000000800000a0 (0xf0000753) f14 0xffffffff00000000
core   0: 0x00000000800000a4 (0xf00007d3) fmv.w.x fa5, zero
core   0: 3 0x00000000800000a4 (0xf00007d3) f15 0xffffffff00000000
core   0: 0x00000000800000a8 (0xf0000853) fmv.w.x fa6, zero
core   0: 3 0x00000000800000a8 (0xf0000853) f16 0xffffffff00000000
core   0: 0x00000000800000ac (0xf00008d3) fmv.w.x fa7, zero
core   0: 3 0x00000000800000ac (0xf00008d3) f17 0xffffffff00000000
core   0: 0x00000000800000b0 (0xf0000953) fmv.w.x fs2, zero
core   0: 3 0x00000000800000b0 (0xf0000953) f18 0xffffffff00000000
core   0: 0x00000000800000b4 (0xf00009d3) fmv.w.x fs3, zero
core   0: 3 0x00000000800000b4 (0xf00009d3) f19 0xffffffff00000000
core   0: 0x00000000800000b8 (0xf0000a53) fmv.w.x fs4, zero
core   0: 3 0x00000000800000b8 (0xf0000a53) f20 0xffffffff00000000
core   0: 0x00000000800000bc (0xf0000ad3) fmv.w.x fs5, zero
core   0: 3 0x00000000800000bc (0xf0000ad3) f21 0xffffffff00000000
core   0: 0x00000000800000c0 (0xf0000b53) fmv.w.x fs6, zero
core   0: 3 0x00000000800000c0 (0xf0000b53) f22 0xffffffff00000000
core   0: 0x00000000800000c4 (0xf0000bd3) fmv.w.x fs7, zero
core   0: 3 0x00000000800000c4 (0xf0000bd3) f23 0xffffffff00000000
core   0: 0x00000000800000c8 (0xf0000c53) fmv.w.x fs8, zero
core   0: 3 0x00000000800000c8 (0xf0000c53) f24 0xffffffff00000000
core   0: 0x00000000800000cc (0xf0000cd3) fmv.w.x fs9, zero
core   0: 3 0x00000000800000cc (0xf0000cd3) f25 0xffffffff00000000
core   0: 0x00000000800000d0 (0xf0000d53) fmv.w.x fs10, zero
core   0: 3 0x00000000800000d0 (0xf0000d53) f26 0xffffffff00000000
core   0: 0x00000000800000d4 (0xf0000dd3) fmv.w.x fs11, zero
core   0: 3 0x00000000800000d4 (0xf0000dd3) f27 0xffffffff00000000
core   0: 0x00000000800000d8 (0xf0000e53) fmv.w.x ft8, zero
core   0: 3 0x00000000800000d8 (0xf0000e53) f28 0xffffffff00000000
core   0: 0x00000000800000dc (0xf0000ed3) fmv.w.x ft9, zero
core   0: 3 0x00000000800000dc (0xf0000ed3) f29 0xffffffff00000000
core   0: 0x00000000800000e0 (0xf0000f53) fmv.w.x ft10, zero
core   0: 3 0x00000000800000e0 (0xf0000f53) f30 0xffffffff00000000
core   0: 0x00000000800000e4 (0xf0000fd3) fmv.w.x ft11, zero
core   0: 3 0x00000000800000e4 (0xf0000fd3) f31 0xffffffff00000000
core   0: 0x00000000800000e8 (0x00000297) auipc   t0, 0x0
core   0: 3 0x00000000800000e8 (0x00000297) x5  0x00000000800000e8
core   0: 0x00000000800000ec (0x03c28293) addi    t0, t0, 60
core   0: 3 0x00000000800000ec (0x03c28293) x5  0x0000000080000124
core   0: 0x00000000800000f0 (0x30529073) csrrw   zero, mtvec, t0
core   0: 3 0x00000000800000f0 (0x30529073) c773_mtvec 0x0000000080000124
core   0: 0x00000000800000f4 (0x00012197) auipc   gp, 0x12
core   0: 3 0x00000000800000f4 (0x00012197) x3  0x00000000800120f4
core   0: 0x00000000800000f8 (0x73418193) addi    gp, gp, 1844
core   0: 3 0x00000000800000f8 (0x73418193) x3  0x0000000080012828
core   0: 0x00000000800000fc (0x00012217) auipc   tp, 0x12
core   0: 3 0x00000000800000fc (0x00012217) x4  0x00000000800120fc
core   0: 0x0000000080000100 (0xf8320213) addi    tp, tp, -125
core   0: 3 0x0000000080000100 (0xf8320213) x4  0x000000008001207f
core   0: 0x0000000080000104 (0xfc027213) andi    tp, tp, -64
core   0: 3 0x0000000080000104 (0xfc027213) x4  0x0000000080012040
core   0: 0x0000000080000108 (0xf1402573) csrrs   a0, mhartid, zero
core   0: 3 0x0000000080000108 (0xf1402573) x10 0x0000000000000000
core   0: 0x000000008000010c (0x00004585) c.li    a1, 1
core   0: 3 0x000000008000010c (0x4585) x11 0x0000000000000001
core   0: 0x000000008000010e (0x00b57063) bgeu    a0, a1, pc + 0
core   0: 3 0x000000008000010e (0x00b57063)
core   0: 0x0000000080000112 (0x00150113) addi    sp, a0, 1
core   0: 3 0x0000000080000112 (0x00150113) x2  0x0000000000000001
core   0: 0x0000000080000116 (0x00000146) c.slli  sp, 17
core   0: 3 0x0000000080000116 (0x0146) x2  0x0000000000020000
core   0: 0x0000000080000118 (0x00009112) c.add   sp, tp
core   0: 3 0x0000000080000118 (0x9112) x2  0x0000000080032040
core   0: 0x000000008000011a (0x01151613) slli    a2, a0, 17
core   0: 3 0x000000008000011a (0x01151613) x12 0x0000000000000000
core   0: 0x000000008000011e (0x00009232) c.add   tp, a2
core   0: 3 0x000000008000011e (0x9232) x4  0x0000000080012040
core   0: 0x0000000080000120 (0x3e20f06f) j       pc + 0xf3e2
core   0: 3 0x0000000080000120 (0x3e20f06f)
core   0: >>>>  _init
core   0: 0x000000008000f502 (0x00007171) c.addi16sp sp, -176
core   0: 3 0x000000008000f502 (0x7171) x2  0x0000000080031f90
core   0: 0x000000008000f504 (0x0000f506) c.sdsp  ra, 168(sp)
core   0: 3 0x000000008000f504 (0xf506) mem 0x0000000080032038 0x0000000000000000
core   0: 0x000000008000f506 (0x0000f122) c.sdsp  s0, 160(sp)
core   0: 3 0x000000008000f506 (0xf122) mem 0x0000000080032030 0x0000000000000000
core   0: 0x000000008000f508 (0x0000ed26) c.sdsp  s1, 152(sp)
core   0: 3 0x000000008000f508 (0xed26) mem 0x0000000080032028 0x0000000000000000
core   0: 0x000000008000f50a (0x00001900) c.addi4spn s0, sp, 176
core   0: 3 0x000000008000f50a (0x1900) x8  0x0000000080032040
core   0: 0x000000008000f50c (0x000087aa) c.mv    a5, a0
core   0: 3 0x000000008000f50c (0x87aa) x15 0x0000000000000000
core   0: 0x000000008000f50e (0x0000872e) c.mv    a4, a1
core   0: 3 0x000000008000f50e (0x872e) x14 0x0000000000000001
core   0: 0x000000008000f510 (0xf4f42e23) sw      a5, -164(s0)
core   0: 3 0x000000008000f510 (0xf4f42e23) mem 0x0000000080031f9c 0x00000000
core   0: 0x000000008000f514 (0x000087ba) c.mv    a5, a4
core   0: 3 0x000000008000f514 (0x87ba) x15 0x0000000000000001
core   0: 0x000000008000f516 (0xf4f42c23) sw      a5, -168(s0)
core   0: 3 0x000000008000f516 (0xf4f42c23) mem 0x0000000080031f98 0x00000001
core   0: 0x000000008000f51a (0xfe040793) addi    a5, s0, -32
core   0: 3 0x000000008000f51a (0xfe040793) x15 0x0000000080032020
core   0: 0x000000008000f51e (0xf4f43823) sd      a5, -176(s0)
core   0: 3 0x000000008000f51e (0xf4f43823) mem 0x0000000080031f90 0x0000000080032020
core   0: 0x000000008000f522 (0xf5043783) ld      a5, -176(s0)
core   0: 3 0x000000008000f522 (0xf5043783) x15 0x0000000080032020 mem 0x0000000080031f90
core   0: 0x000000008000f526 (0xf8078793) addi    a5, a5, -128
core   0: 3 0x000000008000f526 (0xf8078793) x15 0x0000000080031fa0
core   0: 0x000000008000f52a (0x03f78793) addi    a5, a5, 63
core   0: 3 0x000000008000f52a (0x03f78793) x15 0x0000000080031fdf
core   0: 0x000000008000f52e (0x00008399) c.srli  a5, 6
core   0: 3 0x000000008000f52e (0x8399) x15 0x0000000002000c7f
core   0: 0x000000008000f530 (0x00679493) slli    s1, a5, 6
core   0: 3 0x000000008000f530 (0x00679493) x9  0x0000000080031fc0
core   0: 0x000000008000f534 (0xf65ff0ef) jal     pc - 0x9c
core   0: 3 0x000000008000f534 (0xf65ff0ef) x1  0x000000008000f538
core   0: >>>>  init_tls
core   0: 0x000000008000f498 (0x00001101) c.addi  sp, -32
core   0: 3 0x000000008000f498 (0x1101) x2  0x0000000080031f70
core   0: 0x000000008000f49a (0x0000ec06) c.sdsp  ra, 24(sp)
core   0: 3 0x000000008000f49a (0xec06) mem 0x0000000080031f88 0x000000008000f538
core   0: 0x000000008000f49c (0x0000e822) c.sdsp  s0, 16(sp)
core   0: 3 0x000000008000f49c (0xe822) mem 0x0000000080031f80 0x0000000080032040
core   0: 0x000000008000f49e (0x00001000) c.addi4spn s0, sp, 32
core   0: 3 0x000000008000f49e (0x1000) x8  0x0000000080031f90
core   0: 0x000000008000f4a0 (0x00003717) auipc   a4, 0x3
core   0: 3 0x000000008000f4a0 (0x00003717) x14 0x00000000800124a0
core   0: 0x000000008000f4a4 (0xb8870713) addi    a4, a4, -1144
core   0: 3 0x000000008000f4a4 (0xb8870713) x14 0x0000000080012028
core   0: 0x000000008000f4a8 (0x00003797) auipc   a5, 0x3
core   0: 3 0x000000008000f4a8 (0x00003797) x15 0x00000000800124a8
core   0: 0x000000008000f4ac (0xb8078793) addi    a5, a5, -1152
core   0: 3 0x000000008000f4ac (0xb8078793) x15 0x0000000080012028
core   0: 0x000000008000f4b0 (0x40f707b3) sub     a5, a4, a5
core   0: 3 0x000000008000f4b0 (0x40f707b3) x15 0x0000000000000000
core   0: 0x000000008000f4b4 (0xfef43423) sd      a5, -24(s0)
core   0: 3 0x000000008000f4b4 (0xfef43423) mem 0x0000000080031f78 0x0000000000000000
core   0: 0x000000008000f4b8 (0x00008792) c.mv    a5, tp
core   0: 3 0x000000008000f4b8 (0x8792) x15 0x0000000080012040
core   0: 0x000000008000f4ba (0xfe843603) ld      a2, -24(s0)
core   0: 3 0x000000008000f4ba (0xfe843603) x12 0x0000000000000000 mem 0x0000000080031f78
core   0: 0x000000008000f4be (0x00003597) auipc   a1, 0x3
core   0: 3 0x000000008000f4be (0x00003597) x11 0x00000000800124be
core   0: 0x000000008000f4c2 (0xb6a58593) addi    a1, a1, -1174
core   0: 3 0x000000008000f4c2 (0xb6a58593) x11 0x0000000080012028
core   0: 0x000000008000f4c6 (0x0000853e) c.mv    a0, a5
core   0: 3 0x000000008000f4c6 (0x853e) x10 0x0000000080012040
core   0: 0x000000008000f4c8 (0x0f9000ef) jal     pc + 0x8f8
core   0: 3 0x000000008000f4c8 (0x0f9000ef) x1  0x000000008000f4cc
core   0: >>>>  memcpy
core   0: 0x000000008000fdc0 (0x0000715d) c.addi16sp sp, -80
core   0: 3 0x000000008000fdc0 (0x715d) x2  0x0000000080031f20
core   0: 0x000000008000fdc2 (0x0000e4a2) c.sdsp  s0, 72(sp)
core   0: 3 0x000000008000fdc2 (0xe4a2) mem 0x0000000080031f68 0x0000000080031f90
core   0: 0x000000008000fdc4 (0x00000880) c.addi4spn s0, sp, 80
core   0: 3 0x000000008000fdc4 (0x0880) x8  0x0000000080031f70
core   0: 0x000000008000fdc6 (0xfca43423) sd      a0, -56(s0)
core   0: 3 0x000000008000fdc6 (0xfca43423) mem 0x0000000080031f38 0x0000000080012040
core   0: 0x000000008000fdca (0xfcb43023) sd      a1, -64(s0)
core   0: 3 0x000000008000fdca (0xfcb43023) mem 0x0000000080031f30 0x0000000080012028
core   0: 0x000000008000fdce (0xfac43c23) sd      a2, -72(s0)
core   0: 3 0x000000008000fdce (0xfac43c23) mem 0x0000000080031f28 0x0000000000000000
core   0: 0x000000008000fdd2 (0xfc843703) ld      a4, -56(s0)
core   0: 3 0x000000008000fdd2 (0xfc843703) x14 0x0000000080012040 mem 0x0000000080031f38
core   0: 0x000000008000fdd6 (0xfc043783) ld      a5, -64(s0)
core   0: 3 0x000000008000fdd6 (0xfc043783) x15 0x0000000080012028 mem 0x0000000080031f30
core   0: 0x000000008000fdda (0x00008f5d) c.or    a4, a5
core   0: 3 0x000000008000fdda (0x8f5d) x14 0x0000000080012068
core   0: 0x000000008000fddc (0xfb843783) ld      a5, -72(s0)
core   0: 3 0x000000008000fddc (0xfb843783) x15 0x0000000000000000 mem 0x0000000080031f28
core   0: 0x000000008000fde0 (0x00008fd9) c.or    a5, a4
core   0: 3 0x000000008000fde0 (0x8fd9) x15 0x0000000080012068
core   0: 0x000000008000fde2 (0x00008b9d) c.andi  a5, 7
core   0: 3 0x000000008000fde2 (0x8b9d) x15 0x0000000000000000
core   0: 0x000000008000fde4 (0x0000e3b1) c.bnez  a5, pc + 68
core   0: 3 0x000000008000fde4 (0xe3b1)
core   0: 0x000000008000fde6 (0xfc043783) ld      a5, -64(s0)
core   0: 3 0x000000008000fde6 (0xfc043783) x15 0x0000000080012028 mem 0x0000000080031f30
core   0: 0x000000008000fdea (0xfef43423) sd      a5, -24(s0)
core   0: 3 0x000000008000fdea (0xfef43423) mem 0x0000000080031f58 0x0000000080012028
core   0: 0x000000008000fdee (0xfc843783) ld      a5, -56(s0)
core   0: 3 0x000000008000fdee (0xfc843783) x15 0x0000000080012040 mem 0x0000000080031f38
core   0: 0x000000008000fdf2 (0xfef43023) sd      a5, -32(s0)
core   0: 3 0x000000008000fdf2 (0xfef43023) mem 0x0000000080031f50 0x0000000080012040
core   0: 0x000000008000fdf6 (0x0000a839) c.j     pc + 30
core   0: 3 0x000000008000fdf6 (0xa839)
core   0: 0x000000008000fe14 (0xfc843703) ld      a4, -56(s0)
core   0: 3 0x000000008000fe14 (0xfc843703) x14 0x0000000080012040 mem 0x0000000080031f38
core   0: 0x000000008000fe18 (0xfb843783) ld      a5, -72(s0)
core   0: 3 0x000000008000fe18 (0xfb843783) x15 0x0000000000000000 mem 0x0000000080031f28
core   0: 0x000000008000fe1c (0x000097ba) c.add   a5, a4
core   0: 3 0x000000008000fe1c (0x97ba) x15 0x0000000080012040
core   0: 0x000000008000fe1e (0xfe043703) ld      a4, -32(s0)
core   0: 3 0x000000008000fe1e (0xfe043703) x14 0x0000000080012040 mem 0x0000000080031f50
core   0: 0x000000008000fe22 (0xfcf76be3) bltu    a4, a5, pc - 42
core   0: 3 0x000000008000fe22 (0xfcf76be3)
core   0: 0x000000008000fe26 (0x0000a099) c.j     pc + 70
core   0: 3 0x000000008000fe26 (0xa099)
core   0: 0x000000008000fe6c (0xfc843783) ld      a5, -56(s0)
core   0: 3 0x000000008000fe6c (0xfc843783) x15 0x0000000080012040 mem 0x0000000080031f38
core   0: 0x000000008000fe70 (0x0000853e) c.mv    a0, a5
core   0: 3 0x000000008000fe70 (0x853e) x10 0x0000000080012040
core   0: 0x000000008000fe72 (0x00006426) c.ldsp  s0, 72(sp)
core   0: 3 0x000000008000fe72 (0x6426) x8  0x0000000080031f90 mem 0x0000000080031f68
core   0: 0x000000008000fe74 (0x00006161) c.addi16sp sp, 80
core   0: 3 0x000000008000fe74 (0x6161) x2  0x0000000080031f70
core   0: 0x000000008000fe76 (0x00008082) ret
core   0: 3 0x000000008000fe76 (0x8082)
core   0: 0x000000008000f4cc (0x00003717) auipc   a4, 0x3
core   0: 3 0x000000008000f4cc (0x00003717) x14 0x00000000800124cc
core   0: 0x000000008000f4d0 (0xbf870713) addi    a4, a4, -1032
core   0: 3 0x000000008000f4d0 (0xbf870713) x14 0x00000000800120c4
core   0: 0x000000008000f4d4 (0x00003797) auipc   a5, 0x3
core   0: 3 0x000000008000f4d4 (0x00003797) x15 0x00000000800124d4
core   0: 0x000000008000f4d8 (0xb5478793) addi    a5, a5, -1196
core   0: 3 0x000000008000f4d8 (0xb5478793) x15 0x0000000080012028
core   0: 0x000000008000f4dc (0x40f707b3) sub     a5, a4, a5
core   0: 3 0x000000008000f4dc (0x40f707b3) x15 0x000000000000009c
core   0: 0x000000008000f4e0 (0xfef43023) sd      a5, -32(s0)
core   0: 3 0x000000008000f4e0 (0xfef43023) mem 0x0000000080031f70 0x000000000000009c
core   0: 0x000000008000f4e4 (0x00008712) c.mv    a4, tp
core   0: 3 0x000000008000f4e4 (0x8712) x14 0x0000000080012040
core   0: 0x000000008000f4e6 (0xfe843783) ld      a5, -24(s0)
core   0: 3 0x000000008000f4e6 (0xfe843783) x15 0x0000000000000000 mem 0x0000000080031f78
core   0: 0x000000008000f4ea (0x000097ba) c.add   a5, a4
core   0: 3 0x000000008000f4ea (0x97ba) x15 0x0000000080012040
core   0: 0x000000008000f4ec (0xfe043603) ld      a2, -32(s0)
core   0: 3 0x000000008000f4ec (0xfe043603) x12 0x000000000000009c mem 0x0000000080031f70
core   0: 0x000000008000f4f0 (0x00004581) c.li    a1, 0
core   0: 3 0x000000008000f4f0 (0x4581) x11 0x0000000000000000
core   0: 0x000000008000f4f2 (0x0000853e) c.mv    a0, a5
core   0: 3 0x000000008000f4f2 (0x853e) x10 0x0000000080012040
core   0: 0x000000008000f4f4 (0x185000ef) jal     pc + 0x984
core   0: 3 0x000000008000f4f4 (0x185000ef) x1  0x000000008000f4f8
core   0: >>>>  memset
core   0: 0x000000008000fe78 (0x0000715d) c.addi16sp sp, -80
core   0: 3 0x000000008000fe78 (0x715d) x2  0x0000000080031f20
core   0: 0x000000008000fe7a (0x0000e4a2) c.sdsp  s0, 72(sp)
core   0: 3 0x000000008000fe7a (0xe4a2) mem 0x0000000080031f68 0x0000000080031f90
core   0: 0x000000008000fe7c (0x00000880) c.addi4spn s0, sp, 80
core   0: 3 0x000000008000fe7c (0x0880) x8  0x0000000080031f70
core   0: 0x000000008000fe7e (0xfca43423) sd      a0, -56(s0)
core   0: 3 0x000000008000fe7e (0xfca43423) mem 0x0000000080031f38 0x0000000080012040
core   0: 0x000000008000fe82 (0x000087ae) c.mv    a5, a1
core   0: 3 0x000000008000fe82 (0x87ae) x15 0x0000000000000000
core   0: 0x000000008000fe84 (0xfac43c23) sd      a2, -72(s0)
core   0: 3 0x000000008000fe84 (0xfac43c23) mem 0x0000000080031f28 0x000000000000009c
core   0: 0x000000008000fe88 (0xfcf42223) sw      a5, -60(s0)
core   0: 3 0x000000008000fe88 (0xfcf42223) mem 0x0000000080031f34 0x00000000
core   0: 0x000000008000fe8c (0xfc843703) ld      a4, -56(s0)
core   0: 3 0x000000008000fe8c (0xfc843703) x14 0x0000000080012040 mem 0x0000000080031f38
core   0: 0x000000008000fe90 (0xfb843783) ld      a5, -72(s0)
core   0: 3 0x000000008000fe90 (0xfb843783) x15 0x000000000000009c mem 0x0000000080031f28
core   0: 0x000000008000fe94 (0x00008fd9) c.or    a5, a4
core   0: 3 0x000000008000fe94 (0x8fd9) x15 0x00000000800120dc
core   0: 0x000000008000fe96 (0x00008b9d) c.andi  a5, 7
core   0: 3 0x000000008000fe96 (0x8b9d) x15 0x0000000000000004
core   0: 0x000000008000fe98 (0x0000e7bd) c.bnez  a5, pc + 110
core   0: 3 0x000000008000fe98 (0xe7bd)
core   0: 0x000000008000ff06 (0xfc843783) ld      a5, -56(s0)
core   0: 3 0x000000008000ff06 (0xfc843783) x15 0x0000000080012040 mem 0x0000000080031f38
core   0: 0x000000008000ff0a (0xfef43023) sd      a5, -32(s0)
core   0: 3 0x000000008000ff0a (0xfef43023) mem 0x0000000080031f50 0x0000000080012040
core   0: 0x000000008000ff0e (0x0000a829) c.j     pc + 26
core   0: 3 0x000000008000ff0e (0xa829)
core   0: 0x000000008000ff28 (0xfc843703) ld      a4, -56(s0)
core   0: 3 0x000000008000ff28 (0xfc843703) x14 0x0000000080012040 mem 0x0000000080031f38
core   0: 0x000000008000ff2c (0xfb843783) ld      a5, -72(s0)
core   0: 3 0x000000008000ff2c (0xfb843783) x15 0x000000000000009c mem 0x0000000080031f28
core   0: 0x000000008000ff30 (0x000097ba) c.add   a5, a4
core   0: 3 0x000000008000ff30 (0x97ba) x15 0x00000000800120dc
core   0: 0x000000008000ff32 (0xfe043703) ld      a4, -32(s0)
core   0: 3 0x000000008000ff32 (0xfe043703) x14 0x0000000080012040 mem 0x0000000080031f50
core   0: 0x000000008000ff36 (0xfcf76de3) bltu    a4, a5, pc - 38
core   0: 3 0x000000008000ff36 (0xfcf76de3)
core   0: 0x000000008000ff10 (0xfe043783) ld      a5, -32(s0)
core   0: 3 0x000000008000ff10 (0xfe043783) x15 0x0000000080012040 mem 0x0000000080031f50
core   0: 0x000000008000ff14 (0x00178713) addi    a4, a5, 1
core   0: 3 0x000000008000ff14 (0x00178713) x14 0x0000000080012041
core   0: 0x000000008000ff18 (0xfee43023) sd      a4, -32(s0)
core   0: 3 0x000000008000ff18 (0xfee43023) mem 0x0000000080031f50 0x0000000080012041
core   0: 0x000000008000ff1c (0xfc442703) lw      a4, -60(s0)
core   0: 3 0x000000008000ff1c (0xfc442703) x14 0x0000000000000000 mem 0x0000000080031f34
core   0: 0x000000008000ff20 (0x0ff77713) andi    a4, a4, 255
core   0: 3 0x000000008000ff20 (0x0ff77713) x14 0x0000000000000000
core   0: 0x000000008000ff24 (0x00e78023) sb      a4, 0(a5)
core   0: 3 0x000000008000ff24 (0x00e78023) mem 0x0000000080012040 0x00
core   0: 0x000000008000ff28 (0xfc843703) ld      a4, -56(s0)
core   0: 3 0x000000008000ff28 (0xfc843703) x14 0x0000000080012040 mem 0x0000000080031f38
core   0: 0x000000008000ff2c (0xfb843783) ld      a5, -72(s0)
core   0: 3 0x000000008000ff2c (0xfb843783) x15 0x000000000000009c mem 0x0000000080031f28
core   0: 0x000000008000ff30 (0x000097ba) c.add   a5, a4
core   0: 3 0x000000008000ff30 (0x97ba) x15 0x00000000800120dc
core   0: 0x000000008000ff32 (0xfe043703) ld      a4, -32(s0)
core   0: 3 0x000000008000ff32 (0xfe043703) x14 0x0000000080012041 mem 0x0000000080031f50
core   0: 0x000000008000ff36 (0xfcf76de3) bltu    a4, a5, pc - 38
core   0: 3 0x000000008000ff36 (0xfcf76de3)
core   0: 0x000000008000ff10 (0xfe043783) ld      a5, -32(s0)
core   0: 3 0x000000008000ff10 (0xfe043783) x15 0x0000000080012041 mem 0x0000000080031f50
core   0: 0x000000008000ff14 (0x00178713) addi    a4, a5, 1
core   0: 3 0x000000008000ff14 (0x00178713) x14 0x0000000080012042
core   0: 0x000000008000ff18 (0xfee43023) sd      a4, -32(s0)
core   0: 3 0x000000008000ff18 (0xfee43023) mem 0x0000000080031f50 0x0000000080012042
core   0: 0x000000008000ff1c (0xfc442703) lw      a4, -60(s0)
core   0: 3 0x000000008000ff1c (0xfc442703) x14 0x0000000000000000 mem 0x0000000080031f34
core   0: 0x000000008000ff20 (0x0ff77713) andi    a4, a4, 255
core   0: 3 0x000000008000ff20 (0x0ff77713) x14 0x0000000000000000
core   0: 0x000000008000ff24 (0x00e78023) sb      a4, 0(a5)
core   0: 3 0x000000008000ff24 (0x00e78023) mem 0x0000000080012041 0x00
core   0: 0x000000008000ff28 (0xfc843703) ld      a4, -56(s0)
core   0: 3 0x000000008000ff28 (0xfc843703) x14 0x0000000080012040 mem 0x0000000080031f38
core   0: 0x000000008000ff2c (0xfb843783) ld      a5, -72(s0)
core   0: 3 0x000000008000ff2c (0xfb843783) x15 0x000000000000009c mem 0x0000000080031f28
core   0: 0x000000008000ff30 (0x000097ba) c.add   a5, a4
core   0: 3 0x000000008000ff30 (0x97ba) x15 0x00000000800120dc
core   0: 0x000000008000ff32 (0xfe043703) ld      a4, -32(s0)
core   0: 3 0x000000008000ff32 (0xfe043703) x14 0x0000000080012042 mem 0x0000000080031f50
core   0: 0x000000008000ff36 (0xfcf76de3) bltu    a4, a5, pc - 38
core   0: 3 0x000000008000ff36 (0xfcf76de3)
core   0: 0x000000008000ff10 (0xfe043783) ld      a5, -32(s0)
core   0: 3 0x000000008000ff10 (0xfe043783) x15 0x0000000080012042 mem 0x0000000080031f50
core   0: 0x000000008000ff14 (0x00178713) addi    a4, a5, 1
core   0: 3 0x000000008000ff14 (0x00178713) x14 0x0000000080012043
core   0: 0x000000008000ff18 (0xfee43023) sd      a4, -32(s0)
core   0: 3 0x000000008000ff18 (0xfee43023) mem 0x0000000080031f50 0x0000000080012043
core   0: 0x000000008000ff1c (0xfc442703) lw      a4, -60(s0)
core   0: 3 0x000000008000ff1c (0xfc442703) x14 0x0000000000000000 mem 0x0000000080031f34
core   0: 0x000000008000ff20 (0x0ff77713) andi    a4, a4, 255
core   0: 3 0x000000008000ff20 (0x0ff77713) x14 0x0000000000000000
core   0: 0x000000008000ff24 (0x00e78023) sb      a4, 0(a5)
core   0: 3 0x000000008000ff24 (0x00e78023) mem 0x0000000080012042 0x00
core   0: 0x000000008000ff28 (0xfc843703) ld      a4, -56(s0)
core   0: 3 0x000000008000ff28 (0xfc843703) x14 0x0000000080012040 mem 0x0000000080031f38
core   0: 0x000000008000ff2c (0xfb843783) ld      a5, -72(s0)
core   0: 3 0x000000008000ff2c (0xfb843783) x15 0x000000000000009c mem 0x0000000080031f28
core   0: 0x000000008000ff30 (0x000097ba) c.add   a5, a4
core   0: 3 0x000000008000ff30 (0x97ba) x15 0x00000000800120dc
core   0: 0x000000008000ff32 (0xfe043703) ld      a4, -32(s0)
core   0: 3 0x000000008000ff32 (0xfe043703) x14 0x0000000080012043 mem 0x0000000080031f50
core   0: 0x000000008000ff36 (0xfcf76de3) bltu    a4, a5, pc - 38
core   0: 3 0x000000008000ff36 (0xfcf76de3)
core   0: 0x000000008000ff10 (0xfe043783) ld      a5, -32(s0)
core   0: 3 0x000000008000ff10 (0xfe043783) x15 0x0000000080012043 mem 0x0000000080031f50
core   0: 0x000000008000ff14 (0x00178713) addi    a4, a5, 1
core   0: 3 0x000000008000ff14 (0x00178713) x14 0x0000000080012044
core   0: 0x000000008000ff18 (0xfee43023) sd      a4, -32(s0)
core   0: 3 0x000000008000ff18 (0xfee43023) mem 0x0000000080031f50 0x0000000080012044
core   0: 0x000000008000ff1c (0xfc442703) lw      a4, -60(s0)
core   0: 3 0x000000008000ff1c (0xfc442703) x14 0x0000000000000000 mem 0x0000000080031f34
core   0: 0x000000008000ff20 (0x0ff77713) andi    a4, a4, 255
core   0: 3 0x000000008000ff20 (0x0ff77713) x14 0x0000000000000000
core   0: 0x000000008000ff24 (0x00e78023) sb      a4, 0(a5)
core   0: 3 0x000000008000ff24 (0x00e78023) mem 0x0000000080012043 0x00
core   0: 0x000000008000ff28 (0xfc843703) ld      a4, -56(s0)
core   0: 3 0x000000008000ff28 (0xfc843703) x14 0x0000000080012040 mem 0x0000000080031f38
core   0: 0x000000008000ff2c (0xfb843783) ld      a5, -72(s0)
core   0: 3 0x000000008000ff2c (0xfb843783) x15 0x000000000000009c mem 0x0000000080031f28
core   0: 0x000000008000ff30 (0x000097ba) c.add   a5, a4
core   0: 3 0x000000008000ff30 (0x97ba) x15 0x00000000800120dc
core   0: 0x000000008000ff32 (0xfe043703) ld      a4, -32(s0)
core   0: 3 0x000000008000ff32 (0xfe043703) x14 0x0000000080012044 mem 0x0000000080031f50
core   0: 0x000000008000ff36 (0xfcf76de3) bltu    a4, a5, pc - 38
core   0: 3 0x000000008000ff36 (0xfcf76de3)
core   0: 0x000000008000ff10 (0xfe043783) ld      a5, -32(s0)
core   0: 3 0x000000008000ff10 (0xfe043783) x15 0x0000000080012044 mem 0x0000000080031f50
core   0: 0x000000008000ff14 (0x00178713) addi    a4, a5, 1
core   0: 3 0x000000008000ff14 (0x00178713) x14 0x0000000080012045
core   0: 0x000000008000ff18 (0xfee43023) sd      a4, -32(s0)
core   0: 3 0x000000008000ff18 (0xfee43023) mem 0x0000000080031f50 0x0000000080012045
core   0: 0x000000008000ff1c (0xfc442703) lw      a4, -60(s0)
core   0: 3 0x000000008000ff1c (0xfc442703) x14 0x0000000000000000 mem 0x0000000080031f34
core   0: 0x000000008000ff20 (0x0ff77713) andi    a4, a4, 255
core   0: 3 0x000000008000ff20 (0x0ff77713) x14 0x0000000000000000
core   0: 0x000000008000ff24 (0x00e78023) sb      a4, 0(a5)
core   0: 3 0x000000008000ff24 (0x00e78023) mem 0x0000000080012044 0x00
core   0: 0x000000008000ff28 (0xfc843703) ld      a4, -56(s0)
core   0: 3 0x000000008000ff28 (0xfc843703) x14 0x0000000080012040 mem 0x0000000080031f38
core   0: 0x000000008000ff2c (0xfb843783) ld      a5, -72(s0)
core   0: 3 0x000000008000ff2c (0xfb843783) x15 0x000000000000009c mem 0x0000000080031f28
core   0: 0x000000008000ff30 (0x000097ba) c.add   a5, a4
core   0: 3 0x000000008000ff30 (0x97ba) x15 0x00000000800120dc
core   0: 0x000000008000ff32 (0xfe043703) ld      a4, -32(s0)
core   0: 3 0x000000008000ff32 (0xfe043703) x14 0x0000000080012045 mem 0x0000000080031f50
core   0: 0x000000008000ff36 (0xfcf76de3) bltu    a4, a5, pc - 38
core   0: 3 0x000000008000ff36 (0xfcf76de3)
core   0: 0x000000008000ff10 (0xfe043783) ld      a5, -32(s0)
core   0: 3 0x000000008000ff10 (0xfe043783) x15 0x0000000080012045 mem 0x0000000080031f50
core   0: 0x000000008000ff14 (0x00178713) addi    a4, a5, 1
core   0: 3 0x000000008000ff14 (0x00178713) x14 0x0000000080012046
core   0: 0x000000008000ff18 (0xfee43023) sd      a4, -32(s0)
core   0: 3 0x000000008000ff18 (0xfee43023) mem 0x0000000080031f50 0x0000000080012046
core   0: 0x000000008000ff1c (0xfc442703) lw      a4, -60(s0)
core   0: 3 0x000000008000ff1c (0xfc442703) x14 0x0000000000000000 mem 0x0000000080031f34
core   0: 0x000000008000ff20 (0x0ff77713) andi    a4, a4, 255
core   0: 3 0x000000008000ff20 (0x0ff77713) x14 0x0000000000000000
core   0: 0x000000008000ff24 (0x00e78023) sb      a4, 0(a5)
core   0: 3 0x000000008000ff24 (0x00e78023) mem 0x0000000080012045 0x00
core   0: 0x000000008000ff28 (0xfc843703) ld      a4, -56(s0)
core   0: 3 0x000000008000ff28 (0xfc843703) x14 0x0000000080012040 mem 0x0000000080031f38
core   0: 0x000000008000ff2c (0xfb843783) ld      a5, -72(s0)
core   0: 3 0x000000008000ff2c (0xfb843783) x15 0x000000000000009c mem 0x0000000080031f28
core   0: 0x000000008000ff30 (0x000097ba) c.add   a5, a4
core   0: 3 0x000000008000ff30 (0x97ba) x15 0x00000000800120dc
core   0: 0x000000008000ff32 (0xfe043703) ld      a4, -32(s0)
core   0: 3 0x000000008000ff32 (0xfe043703) x14 0x0000000080012046 mem 0x0000000080031f50
core   0: 0x000000008000ff36 (0xfcf76de3) bltu    a4, a5, pc - 38
core   0: 3 0x000000008000ff36 (0xfcf76de3)
core   0: 0x000000008000ff10 (0xfe043783) ld      a5, -32(s0)
core   0: 3 0x000000008000ff10 (0xfe043783) x15 0x0000000080012046 mem 0x0000000080031f50
core   0: 0x000000008000ff14 (0x00178713) addi    a4, a5, 1
core   0: 3 0x000000008000ff14 (0x00178713) x14 0x0000000080012047
core   0: 0x000000008000ff18 (0xfee43023) sd      a4, -32(s0)
core   0: 3 0x000000008000ff18 (0xfee43023) mem 0x0000000080031f50 0x0000000080012047
core   0: 0x000000008000ff1c (0xfc442703) lw      a4, -60(s0)
core   0: 3 0x000000008000ff1c (0xfc442703) x14 0x0000000000000000 mem 0x0000000080031f34
core   0: 0x000000008000ff20 (0x0ff77713) andi    a4, a4, 255
core   0: 3 0x000000008000ff20 (0x0ff77713) x14 0x0000000000000000
core   0: 0x000000008000ff24 (0x00e78023) sb      a4, 0(a5)
core   0: 3 0x000000008000ff24 (0x00e78023) mem 0x0000000080012046 0x00
core   0: 0x000000008000ff28 (0xfc843703) ld      a4, -56(s0)
core   0: 3 0x000000008000ff28 (0xfc843703) x14 0x0000000080012040 mem 0x0000000080031f38
core   0: 0x000000008000ff2c (0xfb843783) ld      a5, -72(s0)
core   0: 3 0x000000008000ff2c (0xfb843783) x15 0x000000000000009c mem 0x0000000080031f28
core   0: 0x000000008000ff30 (0x000097ba) c.add   a5, a4
core   0: 3 0x000000008000ff30 (0x97ba) x15 0x00000000800120dc
core   0: 0x000000008000ff32 (0xfe043703) ld      a4, -32(s0)
core   0: 3 0x000000008000ff32 (0xfe043703) x14 0x0000000080012047 mem 0x0000000080031f50
core   0: 0x000000008000ff36 (0xfcf76de3) bltu    a4, a5, pc - 38
core   0: 3 0x000000008000ff36 (0xfcf76de3)
core   0: 0x000000008000ff10 (0xfe043783) ld      a5, -32(s0)
core   0: 3 0x000000008000ff10 (0xfe043783) x15 0x0000000080012047 mem 0x0000000080031f50
core   0: 0x000000008000ff14 (0x00178713) addi    a4, a5, 1
core   0: 3 0x000000008000ff14 (0x00178713) x14 0x0000000080012048
core   0: 0x000000008000ff18 (0xfee43023) sd      a4, -32(s0)
core   0: 3 0x000000008000ff18 (0xfee43023) mem 0x0000000080031f50 0x0000000080012048
core   0: 0x000000008000ff1c (0xfc442703) lw      a4, -60(s0)
core   0: 3 0x000000008000ff1c (0xfc442703) x14 0x0000000000000000 mem 0x0000000080031f34
core   0: 0x000000008000ff20 (0x0ff77713) andi    a4, a4, 255
core   0: 3 0x000000008000ff20 (0x0ff77713) x14 0x0000000000000000
core   0: 0x000000008000ff24 (0x00e78023) sb      a4, 0(a5)
core   0: 3 0x000000008000ff24 (0x00e78023) mem 0x0000000080012047 0x00
core   0: 0x000000008000ff28 (0xfc843703) ld      a4, -56(s0)
core   0: 3 0x000000008000ff28 (0xfc843703) x14 0x0000000080012040 mem 0x0000000080031f38
core   0: 0x000000008000ff2c (0xfb843783) ld      a5, -72(s0)
core   0: 3 0x000000008000ff2c (0xfb843783) x15 0x000000000000009c mem 0x0000000080031f28
core   0: 0x000000008000ff30 (0x000097ba) c.add   a5, a4
core   0: 3 0x000000008000ff30 (0x97ba) x15 0x00000000800120dc
core   0: 0x000000008000ff32 (0xfe043703) ld      a4, -32(s0)
core   0: 3 0x000000008000ff32 (0xfe043703) x14 0x0000000080012048 mem 0x0000000080031f50
core   0: 0x000000008000ff36 (0xfcf76de3) bltu    a4, a5, pc - 38
core   0: 3 0x000000008000ff36 (0xfcf76de3)
core   0: 0x000000008000ff10 (0xfe043783) ld      a5, -32(s0)
core   0: 3 0x000000008000ff10 (0xfe043783) x15 0x0000000080012048 mem 0x0000000080031f50
core   0: 0x000000008000ff14 (0x00178713) addi    a4, a5, 1
core   0: 3 0x000000008000ff14 (0x00178713) x14 0x0000000080012049
core   0: 0x000000008000ff18 (0xfee43023) sd      a4, -32(s0)
core   0: 3 0x000000008000ff18 (0xfee43023) mem 0x0000000080031f50 0x0000000080012049
core   0: 0x000000008000ff1c (0xfc442703) lw      a4, -60(s0)
core   0: 3 0x000000008000ff1c (0xfc442703) x14 0x0000000000000000 mem 0x0000000080031f34
core   0: 0x000000008000ff20 (0x0ff77713) andi    a4, a4, 255
core   0: 3 0x000000008000ff20 (0x0ff77713) x14 0x0000000000000000
core   0: 0x000000008000ff24 (0x00e78023) sb      a4, 0(a5)
core   0: 3 0x000000008000ff24 (0x00e78023) mem 0x0000000080012048 0x00
core   0: 0x000000008000ff28 (0xfc843703) ld      a4, -56(s0)
core   0: 3 0x000000008000ff28 (0xfc843703) x14 0x0000000080012040 mem 0x0000000080031f38
core   0: 0x000000008000ff2c (0xfb843783) ld      a5, -72(s0)
core   0: 3 0x000000008000ff2c (0xfb843783) x15 0x000000000000009c mem 0x0000000080031f28
core   0: 0x000000008000ff30 (0x000097ba) c.add   a5, a4
core   0: 3 0x000000008000ff30 (0x97ba) x15 0x00000000800120dc
core   0: 0x000000008000ff32 (0xfe043703) ld      a4, -32(s0)
core   0: 3 0x000000008000ff32 (0xfe043703) x14 0x0000000080012049 mem 0x0000000080031f50
core   0: 0x000000008000ff36 (0xfcf76de3) bltu    a4, a5, pc - 38
core   0: 3 0x000000008000ff36 (0xfcf76de3)
core   0: 0x000000008000ff10 (0xfe043783) ld      a5, -32(s0)
core   0: 3 0x000000008000ff10 (0xfe043783) x15 0x0000000080012049 mem 0x0000000080031f50
core   0: 0x000000008000ff14 (0x00178713) addi    a4, a5, 1
core   0: 3 0x000000008000ff14 (0x00178713) x14 0x000000008001204a
core   0: 0x000000008000ff18 (0xfee43023) sd      a4, -32(s0)
core   0: 3 0x000000008000ff18 (0xfee43023) mem 0x0000000080031f50 0x000000008001204a
core   0: 0x000000008000ff1c (0xfc442703) lw      a4, -60(s0)
core   0: 3 0x000000008000ff1c (0xfc442703) x14 0x0000000000000000 mem 0x0000000080031f34
core   0: 0x000000008000ff20 (0x0ff77713) andi    a4, a4, 255
core   0: 3 0x000000008000ff20 (0x0ff77713) x14 0x0000000000000000
core   0: 0x000000008000ff24 (0x00e78023) sb      a4, 0(a5)
core   0: 3 0x000000008000ff24 (0x00e78023) mem 0x0000000080012049 0x00
core   0: 0x000000008000ff28 (0xfc843703) ld      a4, -56(s0)
core   0: 3 0x000000008000ff28 (0xfc843703) x14 0x0000000080012040 mem 0x0000000080031f38
core   0: 0x000000008000ff2c (0xfb843783) ld      a5, -72(s0)
core   0: 3 0x000000008000ff2c (0xfb843783) x15 0x000000000000009c mem 0x0000000080031f28
core   0: 0x000000008000ff30 (0x000097ba) c.add   a5, a4
core   0: 3 0x000000008000ff30 (0x97ba) x15 0x00000000800120dc
core   0: 0x000000008000ff32 (0xfe043703) ld      a4, -32(s0)
core   0: 3 0x000000008000ff32 (0xfe043703) x14 0x000000008001204a mem 0x0000000080031f50
core   0: 0x000000008000ff36 (0xfcf76de3) bltu    a4, a5, pc - 38
core   0: 3 0x000000008000ff36 (0xfcf76de3)
core   0: 0x000000008000ff10 (0xfe043783) ld      a5, -32(s0)
core   0: 3 0x000000008000ff10 (0xfe043783) x15 0x000000008001204a mem 0x0000000080031f50
core   0: 0x000000008000ff14 (0x00178713) addi    a4, a5, 1
core   0: 3 0x000000008000ff14 (0x00178713) x14 0x000000008001204b
core   0: 0x000000008000ff18 (0xfee43023) sd      a4, -32(s0)
core   0: 3 0x000000008000ff18 (0xfee43023) mem 0x0000000080031f50 0x000000008001204b
core   0: 0x000000008000ff1c (0xfc442703) lw      a4, -60(s0)
core   0: 3 0x000000008000ff1c (0xfc442703) x14 0x0000000000000000 mem 0x0000000080031f34
core   0: 0x000000008000ff20 (0x0ff77713) andi    a4, a4, 255
core   0: 3 0x000000008000ff20 (0x0ff77713) x14 0x0000000000000000
core   0: 0x000000008000ff24 (0x00e78023) sb      a4, 0(a5)
core   0: 3 0x000000008000ff24 (0x00e78023) mem 0x000000008001204a 0x00
core   0: 0x000000008000ff28 (0xfc843703) ld      a4, -56(s0)
core   0: 3 0x000000008000ff28 (0xfc843703) x14 0x0000000080012040 mem 0x0000000080031f38
core   0: 0x000000008000ff2c (0xfb843783) ld      a5, -72(s0)
core   0: 3 0x000000008000ff2c (0xfb843783) x15 0x000000000000009c mem 0x0000000080031f28
core   0: 0x000000008000ff30 (0x000097ba) c.add   a5, a4
core   0: 3 0x000000008000ff30 (0x97ba) x15 0x00000000800120dc
core   0: 0x000000008000ff32 (0xfe043703) ld      a4, -32(s0)
core   0: 3 0x000000008000ff32 (0xfe043703) x14 0x000000008001204b mem 0x0000000080031f50
core   0: 0x000000008000ff36 (0xfcf76de3) bltu    a4, a5, pc - 38
core   0: 3 0x000000008000ff36 (0xfcf76de3)
core   0: 0x000000008000ff10 (0xfe043783) ld      a5, -32(s0)
core   0: 3 0x000000008000ff10 (0xfe043783) x15 0x000000008001204b mem 0x0000000080031f50
core   0: 0x000000008000ff14 (0x00178713) addi    a4, a5, 1
core   0: 3 0x000000008000ff14 (0x00178713) x14 0x000000008001204c
core   0: 0x000000008000ff18 (0xfee43023) sd      a4, -32(s0)
core   0: 3 0x000000008000ff18 (0xfee43023) mem 0x0000000080031f50 0x000000008001204c
core   0: 0x000000008000ff1c (0xfc442703) lw      a4, -60(s0)
core   0: 3 0x000000008000ff1c (0xfc442703) x14 0x0000000000000000 mem 0x0000000080031f34
core   0: 0x000000008000ff20 (0x0ff77713) andi    a4, a4, 255
core   0: 3 0x000000008000ff20 (0x0ff77713) x14 0x0000000000000000
core   0: 0x000000008000ff24 (0x00e78023) sb      a4, 0(a5)
core   0: 3 0x000000008000ff24 (0x00e78023) mem 0x000000008001204b 0x00
core   0: 0x000000008000ff28 (0xfc843703) ld      a4, -56(s0)
core   0: 3 0x000000008000ff28 (0xfc843703) x14 0x0000000080012040 mem 0x0000000080031f38
core   0: 0x000000008000ff2c (0xfb843783) ld      a5, -72(s0)
core   0: 3 0x000000008000ff2c (0xfb843783) x15 0x000000000000009c mem 0x0000000080031f28
core   0: 0x000000008000ff30 (0x000097ba) c.add   a5, a4
core   0: 3 0x000000008000ff30 (0x97ba) x15 0x00000000800120dc
core   0: 0x000000008000ff32 (0xfe043703) ld      a4, -32(s0)
core   0: 3 0x000000008000ff32 (0xfe043703) x14 0x000000008001204c mem 0x0000000080031f50
core   0: 0x000000008000ff36 (0xfcf76de3) bltu    a4, a5, pc - 38
core   0: 3 0x000000008000ff36 (0xfcf76de3)
core   0: 0x000000008000ff10 (0xfe043783) ld      a5, -32(s0)
core   0: 3 0x000000008000ff10 (0xfe043783) x15 0x000000008001204c mem 0x0000000080031f50
core   0: 0x000000008000ff14 (0x00178713) addi    a4, a5, 1
core   0: 3 0x000000008000ff14 (0x00178713) x14 0x000000008001204d
core   0: 0x000000008000ff18 (0xfee43023) sd      a4, -32(s0)
core   0: 3 0x000000008000ff18 (0xfee43023) mem 0x0000000080031f50 0x000000008001204d
core   0: 0x000000008000ff1c (0xfc442703) lw      a4, -60(s0)
core   0: 3 0x000000008000ff1c (0xfc442703) x14 0x0000000000000000 mem 0x0000000080031f34
core   0: 0x000000008000ff20 (0x0ff77713) andi    a4, a4, 255
core   0: 3 0x000000008000ff20 (0x0ff77713) x14 0x0000000000000000
core   0: 0x000000008000ff24 (0x00e78023) sb      a4, 0(a5)
core   0: 3 0x000000008000ff24 (0x00e78023) mem 0x000000008001204c 0x00
core   0: 0x000000008000ff28 (0xfc843703) ld      a4, -56(s0)
core   0: 3 0x000000008000ff28 (0xfc843703) x14 0x0000000080012040 mem 0x0000000080031f38
core   0: 0x000000008000ff2c (0xfb843783) ld      a5, -72(s0)
core   0: 3 0x000000008000ff2c (0xfb843783) x15 0x000000000000009c mem 0x0000000080031f28
core   0: 0x000000008000ff30 (0x000097ba) c.add   a5, a4
core   0: 3 0x000000008000ff30 (0x97ba) x15 0x00000000800120dc
core   0: 0x000000008000ff32 (0xfe043703) ld      a4, -32(s0)
core   0: 3 0x000000008000ff32 (0xfe043703) x14 0x000000008001204d mem 0x0000000080031f50
core   0: 0x000000008000ff36 (0xfcf76de3) bltu    a4, a5, pc - 38
core   0: 3 0x000000008000ff36 (0xfcf76de3)
core   0: 0x000000008000ff10 (0xfe043783) ld      a5, -32(s0)
core   0: 3 0x000000008000ff10 (0xfe043783) x15 0x000000008001204d mem 0x0000000080031f50
core   0: 0x000000008000ff14 (0x00178713) addi    a4, a5, 1
core   0: 3 0x000000008000ff14 (0x00178713) x14 0x000000008001204e
core   0: 0x000000008000ff18 (0xfee43023) sd      a4, -32(s0)
core   0: 3 0x000000008000ff18 (0xfee43023) mem 0x0000000080031f50 0x000000008001204e
core   0: 0x000000008000ff1c (0xfc442703) lw      a4, -60(s0)
core   0: 3 0x000000008000ff1c (0xfc442703) x14 0x0000000000000000 mem 0x0000000080031f34
core   0: 0x000000008000ff20 (0x0ff77713) andi    a4, a4, 255
core   0: 3 0x000000008000ff20 (0x0ff77713) x14 0x0000000000000000
core   0: 0x000000008000ff24 (0x00e78023) sb      a4, 0(a5)
core   0: 3 0x000000008000ff24 (0x00e78023) mem 0x000000008001204d 0x00
core   0: 0x000000008000ff28 (0xfc843703) ld      a4, -56(s0)
core   0: 3 0x000000008000ff28 (0xfc843703) x14 0x0000000080012040 mem 0x0000000080031f38
core   0: 0x000000008000ff2c (0xfb843783) ld      a5, -72(s0)
core   0: 3 0x000000008000ff2c (0xfb843783) x15 0x000000000000009c mem 0x0000000080031f28
core   0: 0x000000008000ff30 (0x000097ba) c.add   a5, a4
core   0: 3 0x000000008000ff30 (0x97ba) x15 0x00000000800120dc
core   0: 0x000000008000ff32 (0xfe043703) ld      a4, -32(s0)
core   0: 3 0x000000008000ff32 (0xfe043703) x14 0x000000008001204e mem 0x0000000080031f50
core   0: 0x000000008000ff36 (0xfcf76de3) bltu    a4, a5, pc - 38
core   0: 3 0x000000008000ff36 (0xfcf76de3)
core   0: 0x000000008000ff10 (0xfe043783) ld      a5, -32(s0)
core   0: 3 0x000000008000ff10 (0xfe043783) x15 0x000000008001204e mem 0x0000000080031f50
core   0: 0x000000008000ff14 (0x00178713) addi    a4, a5, 1
core   0: 3 0x000000008000ff14 (0x00178713) x14 0x000000008001204f
core   0: 0x000000008000ff18 (0xfee43023) sd      a4, -32(s0)
core   0: 3 0x000000008000ff18 (0xfee43023) mem 0x0000000080031f50 0x000000008001204f
core   0: 0x000000008000ff1c (0xfc442703) lw      a4, -60(s0)
core   0: 3 0x000000008000ff1c (0xfc442703) x14 0x0000000000000000 mem 0x0000000080031f34
core   0: 0x000000008000ff20 (0x0ff77713) andi    a4, a4, 255
core   0: 3 0x000000008000ff20 (0x0ff77713) x14 0x0000000000000000
core   0: 0x000000008000ff24 (0x00e78023) sb      a4, 0(a5)
core   0: 3 0x000000008000ff24 (0x00e78023) mem 0x000000008001204e 0x00
core   0: 0x000000008000ff28 (0xfc843703) ld      a4, -56(s0)
core   0: 3 0x000000008000ff28 (0xfc843703) x14 0x0000000080012040 mem 0x0000000080031f38
core   0: 0x000000008000ff2c (0xfb843783) ld      a5, -72(s0)
core   0: 3 0x000000008000ff2c (0xfb843783) x15 0x000000000000009c mem 0x0000000080031f28
core   0: 0x000000008000ff30 (0x000097ba) c.add   a5, a4
core   0: 3 0x000000008000ff30 (0x97ba) x15 0x00000000800120dc
core   0: 0x000000008000ff32 (0xfe043703) ld      a4, -32(s0)
core   0: 3 0x000000008000ff32 (0xfe043703) x14 0x000000008001204f mem 0x0000000080031f50
core   0: 0x000000008000ff36 (0xfcf76de3) bltu    a4, a5, pc - 38
core   0: 3 0x000000008000ff36 (0xfcf76de3)
core   0: 0x000000008000ff10 (0xfe043783) ld      a5, -32(s0)
core   0: 3 0x000000008000ff10 (0xfe043783) x15 0x000000008001204f mem 0x0000000080031f50
core   0: 0x000000008000ff14 (0x00178713) addi    a4, a5, 1
core   0: 3 0x000000008000ff14 (0x00178713) x14 0x0000000080012050
core   0: 0x000000008000ff18 (0xfee43023) sd      a4, -32(s0)
core   0: 3 0x000000008000ff18 (0xfee43023) mem 0x0000000080031f50 0x0000000080012050
core   0: 0x000000008000ff1c (0xfc442703) lw      a4, -60(s0)
core   0: 3 0x000000008000ff1c (0xfc442703) x14 0x0000000000000000 mem 0x0000000080031f34
core   0: 0x000000008000ff20 (0x0ff77713) andi    a4, a4, 255
core   0: 3 0x000000008000ff20 (0x0ff77713) x14 0x0000000000000000
core   0: 0x000000008000ff24 (0x00e78023) sb      a4, 0(a5)
core   0: 3 0x000000008000ff24 (0x00e78023) mem 0x000000008001204f 0x00
core   0: 0x000000008000ff28 (0xfc843703) ld      a4, -56(s0)
core   0: 3 0x000000008000ff28 (0xfc843703) x14 0x0000000080012040 mem 0x0000000080031f38
core   0: 0x000000008000ff2c (0xfb843783) ld      a5, -72(s0)
core   0: 3 0x000000008000ff2c (0xfb843783) x15 0x000000000000009c mem 0x0000000080031f28
core   0: 0x000000008000ff30 (0x000097ba) c.add   a5, a4
core   0: 3 0x000000008000ff30 (0x97ba) x15 0x00000000800120dc
core   0: 0x000000008000ff32 (0xfe043703) ld      a4, -32(s0)
core   0: 3 0x000000008000ff32 (0xfe043703) x14 0x0000000080012050 mem 0x0000000080031f50
core   0: 0x000000008000ff36 (0xfcf76de3) bltu    a4, a5, pc - 38
core   0: 3 0x000000008000ff36 (0xfcf76de3)
core   0: 0x000000008000ff10 (0xfe043783) ld      a5, -32(s0)
core   0: 3 0x000000008000ff10 (0xfe043783) x15 0x0000000080012050 mem 0x0000000080031f50
core   0: 0x000000008000ff14 (0x00178713) addi    a4, a5, 1
core   0: 3 0x000000008000ff14 (0x00178713) x14 0x0000000080012051
core   0: 0x000000008000ff18 (0xfee43023) sd      a4, -32(s0)
core   0: 3 0x000000008000ff18 (0xfee43023) mem 0x0000000080031f50 0x0000000080012051
core   0: 0x000000008000ff1c (0xfc442703) lw      a4, -60(s0)
core   0: 3 0x000000008000ff1c (0xfc442703) x14 0x0000000000000000 mem 0x0000000080031f34
core   0: 0x000000008000ff20 (0x0ff77713) andi    a4, a4, 255
core   0: 3 0x000000008000ff20 (0x0ff77713) x14 0x0000000000000000
core   0: 0x000000008000ff24 (0x00e78023) sb      a4, 0(a5)
core   0: 3 0x000000008000ff24 (0x00e78023) mem 0x0000000080012050 0x00
core   0: 0x000000008000ff28 (0xfc843703) ld      a4, -56(s0)
core   0: 3 0x000000008000ff28 (0xfc843703) x14 0x0000000080012040 mem 0x0000000080031f38
core   0: 0x000000008000ff2c (0xfb843783) ld      a5, -72(s0)
core   0: 3 0x000000008000ff2c (0xfb843783) x15 0x000000000000009c mem 0x0000000080031f28
core   0: 0x000000008000ff30 (0x000097ba) c.add   a5, a4
core   0: 3 0x000000008000ff30 (0x97ba) x15 0x00000000800120dc
core   0: 0x000000008000ff32 (0xfe043703) ld      a4, -32(s0)
core   0: 3 0x000000008000ff32 (0xfe043703) x14 0x0000000080012051 mem 0x0000000080031f50
core   0: 0x000000008000ff36 (0xfcf76de3) bltu    a4, a5, pc - 38
core   0: 3 0x000000008000ff36 (0xfcf76de3)
core   0: 0x000000008000ff10 (0xfe043783) ld      a5, -32(s0)
core   0: 3 0x000000008000ff10 (0xfe043783) x15 0x0000000080012051 mem 0x0000000080031f50
core   0: 0x000000008000ff14 (0x00178713) addi    a4, a5, 1
core   0: 3 0x000000008000ff14 (0x00178713) x14 0x0000000080012052
core   0: 0x000000008000ff18 (0xfee43023) sd      a4, -32(s0)
core   0: 3 0x000000008000ff18 (0xfee43023) mem 0x0000000080031f50 0x0000000080012052
core   0: 0x000000008000ff1c (0xfc442703) lw      a4, -60(s0)
core   0: 3 0x000000008000ff1c (0xfc442703) x14 0x0000000000000000 mem 0x0000000080031f34
core   0: 0x000000008000ff20 (0x0ff77713) andi    a4, a4, 255
core   0: 3 0x000000008000ff20 (0x0ff77713) x14 0x0000000000000000
core   0: 0x000000008000ff24 (0x00e78023) sb      a4, 0(a5)
core   0: 3 0x000000008000ff24 (0x00e78023) mem 0x0000000080012051 0x00
core   0: 0x000000008000ff28 (0xfc843703) ld      a4, -56(s0)
core   0: 3 0x000000008000ff28 (0xfc843703) x14 0x0000000080012040 mem 0x0000000080031f38
core   0: 0x000000008000ff2c (0xfb843783) ld      a5, -72(s0)
core   0: 3 0x000000008000ff2c (0xfb843783) x15 0x000000000000009c mem 0x0000000080031f28
core   0: 0x000000008000ff30 (0x000097ba) c.add   a5, a4
core   0: 3 0x000000008000ff30 (0x97ba) x15 0x00000000800120dc
core   0: 0x000000008000ff32 (0xfe043703) ld      a4, -32(s0)
core   0: 3 0x000000008000ff32 (0xfe043703) x14 0x0000000080012052 mem 0x0000000080031f50
core   0: 0x000000008000ff36 (0xfcf76de3) bltu    a4, a5, pc - 38
core   0: 3 0x000000008000ff36 (0xfcf76de3)
core   0: 0x000000008000ff10 (0xfe043783) ld      a5, -32(s0)
core   0: 3 0x000000008000ff10 (0xfe043783) x15 0x0000000080012052 mem 0x0000000080031f50
core   0: 0x000000008000ff14 (0x00178713) addi    a4, a5, 1
core   0: 3 0x000000008000ff14 (0x00178713) x14 0x0000000080012053
core   0: 0x000000008000ff18 (0xfee43023) sd      a4, -32(s0)
core   0: 3 0x000000008000ff18 (0xfee43023) mem 0x0000000080031f50 0x0000000080012053
core   0: 0x000000008000ff1c (0xfc442703) lw      a4, -60(s0)
core   0: 3 0x000000008000ff1c (0xfc442703) x14 0x0000000000000000 mem 0x0000000080031f34
core   0: 0x000000008000ff20 (0x0ff77713) andi    a4, a4, 255
core   0: 3 0x000000008000ff20 (0x0ff77713) x14 0x0000000000000000
core   0: 0x000000008000ff24 (0x00e78023) sb      a4, 0(a5)
core   0: 3 0x000000008000ff24 (0x00e78023) mem 0x0000000080012052 0x00
core   0: 0x000000008000ff28 (0xfc843703) ld      a4, -56(s0)
core   0: 3 0x000000008000ff28 (0xfc843703) x14 0x0000000080012040 mem 0x0000000080031f38
core   0: 0x000000008000ff2c (0xfb843783) ld      a5, -72(s0)
core   0: 3 0x000000008000ff2c (0xfb843783) x15 0x000000000000009c mem 0x0000000080031f28
core   0: 0x000000008000ff30 (0x000097ba) c.add   a5, a4
core   0: 3 0x000000008000ff30 (0x97ba) x15 0x00000000800120dc
core   0: 0x000000008000ff32 (0xfe043703) ld      a4, -32(s0)
core   0: 3 0x000000008000ff32 (0xfe043703) x14 0x0000000080012053 mem 0x0000000080031f50
core   0: 0x000000008000ff36 (0xfcf76de3) bltu    a4, a5, pc - 38
core   0: 3 0x000000008000ff36 (0xfcf76de3)
core   0: 0x000000008000ff10 (0xfe043783) ld      a5, -32(s0)
core   0: 3 0x000000008000ff10 (0xfe043783) x15 0x0000000080012053 mem 0x0000000080031f50
core   0: 0x000000008000ff14 (0x00178713) addi    a4, a5, 1
core   0: 3 0x000000008000ff14 (0x00178713) x14 0x0000000080012054
core   0: 0x000000008000ff18 (0xfee43023) sd      a4, -32(s0)
core   0: 3 0x000000008000ff18 (0xfee43023) mem 0x0000000080031f50 0x0000000080012054
core   0: 0x000000008000ff1c (0xfc442703) lw      a4, -60(s0)
core   0: 3 0x000000008000ff1c (0xfc442703) x14 0x0000000000000000 mem 0x0000000080031f34
core   0: 0x000000008000ff20 (0x0ff77713) andi    a4, a4, 255
core   0: 3 0x000000008000ff20 (0x0ff77713) x14 0x0000000000000000
core   0: 0x000000008000ff24 (0x00e78023) sb      a4, 0(a5)
core   0: 3 0x000000008000ff24 (0x00e78023) mem 0x0000000080012053 0x00
core   0: 0x000000008000ff28 (0xfc843703) ld      a4, -56(s0)
core   0: 3 0x000000008000ff28 (0xfc843703) x14 0x0000000080012040 mem 0x0000000080031f38
core   0: 0x000000008000ff2c (0xfb843783) ld      a5, -72(s0)
core   0: 3 0x000000008000ff2c (0xfb843783) x15 0x000000000000009c mem 0x0000000080031f28
core   0: 0x000000008000ff30 (0x000097ba) c.add   a5, a4
core   0: 3 0x000000008000ff30 (0x97ba) x15 0x00000000800120dc
core   0: 0x000000008000ff32 (0xfe043703) ld      a4, -32(s0)
core   0: 3 0x000000008000ff32 (0xfe043703) x14 0x0000000080012054 mem 0x0000000080031f50
core   0: 0x000000008000ff36 (0xfcf76de3) bltu    a4, a5, pc - 38
core   0: 3 0x000000008000ff36 (0xfcf76de3)
core   0: 0x000000008000ff10 (0xfe043783) ld      a5, -32(s0)
core   0: 3 0x000000008000ff10 (0xfe043783) x15 0x0000000080012054 mem 0x0000000080031f50
core   0: 0x000000008000ff14 (0x00178713) addi    a4, a5, 1
core   0: 3 0x000000008000ff14 (0x00178713) x14 0x0000000080012055
core   0: 0x000000008000ff18 (0xfee43023) sd      a4, -32(s0)
core   0: 3 0x000000008000ff18 (0xfee43023) mem 0x0000000080031f50 0x0000000080012055
core   0: 0x000000008000ff1c (0xfc442703) lw      a4, -60(s0)
core   0: 3 0x000000008000ff1c (0xfc442703) x14 0x0000000000000000 mem 0x0000000080031f34
core   0: 0x000000008000ff20 (0x0ff77713) andi    a4, a4, 255
core   0: 3 0x000000008000ff20 (0x0ff77713) x14 0x0000000000000000
core   0: 0x000000008000ff24 (0x00e78023) sb      a4, 0(a5)
core   0: 3 0x000000008000ff24 (0x00e78023) mem 0x0000000080012054 0x00
core   0: 0x000000008000ff28 (0xfc843703) ld      a4, -56(s0)
core   0: 3 0x000000008000ff28 (0xfc843703) x14 0x0000000080012040 mem 0x0000000080031f38
core   0: 0x000000008000ff2c (0xfb843783) ld      a5, -72(s0)
core   0: 3 0x000000008000ff2c (0xfb843783) x15 0x000000000000009c mem 0x0000000080031f28
core   0: 0x000000008000ff30 (0x000097ba) c.add   a5, a4
core   0: 3 0x000000008000ff30 (0x97ba) x15 0x00000000800120dc
core   0: 0x000000008000ff32 (0xfe043703) ld      a4, -32(s0)
core   0: 3 0x000000008000ff32 (0xfe043703) x14 0x0000000080012055 mem 0x0000000080031f50
core   0: 0x000000008000ff36 (0xfcf76de3) bltu    a4, a5, pc - 38
core   0: 3 0x000000008000ff36 (0xfcf76de3)
core   0: 0x000000008000ff10 (0xfe043783) ld      a5, -32(s0)
core   0: 3 0x000000008000ff10 (0xfe043783) x15 0x0000000080012055 mem 0x0000000080031f50
core   0: 0x000000008000ff14 (0x00178713) addi    a4, a5, 1
core   0: 3 0x000000008000ff14 (0x00178713) x14 0x0000000080012056
core   0: 0x000000008000ff18 (0xfee43023) sd      a4, -32(s0)
core   0: 3 0x000000008000ff18 (0xfee43023) mem 0x0000000080031f50 0x0000000080012056
core   0: 0x000000008000ff1c (0xfc442703) lw      a4, -60(s0)
core   0: 3 0x000000008000ff1c (0xfc442703) x14 0x0000000000000000 mem 0x0000000080031f34
core   0: 0x000000008000ff20 (0x0ff77713) andi    a4, a4, 255
core   0: 3 0x000000008000ff20 (0x0ff77713) x14 0x0000000000000000
core   0: 0x000000008000ff24 (0x00e78023) sb      a4, 0(a5)
core   0: 3 0x000000008000ff24 (0x00e78023) mem 0x0000000080012055 0x00
core   0: 0x000000008000ff28 (0xfc843703) ld      a4, -56(s0)
core   0: 3 0x000000008000ff28 (0xfc843703) x14 0x0000000080012040 mem 0x0000000080031f38
core   0: 0x000000008000ff2c (0xfb843783) ld      a5, -72(s0)
core   0: 3 0x000000008000ff2c (0xfb843783) x15 0x000000000000009c mem 0x0000000080031f28
core   0: 0x000000008000ff30 (0x000097ba) c.add   a5, a4
core   0: 3 0x000000008000ff30 (0x97ba) x15 0x00000000800120dc
core   0: 0x000000008000ff32 (0xfe043703) ld      a4, -32(s0)
core   0: 3 0x000000008000ff32 (0xfe043703) x14 0x0000000080012056 mem 0x0000000080031f50
core   0: 0x000000008000ff36 (0xfcf76de3) bltu    a4, a5, pc - 38
core   0: 3 0x000000008000ff36 (0xfcf76de3)
core   0: 0x000000008000ff10 (0xfe043783) ld      a5, -32(s0)
core   0: 3 0x000000008000ff10 (0xfe043783) x15 0x0000000080012056 mem 0x0000000080031f50
core   0: 0x000000008000ff14 (0x00178713) addi    a4, a5, 1
core   0: 3 0x000000008000ff14 (0x00178713) x14 0x0000000080012057
core   0: 0x000000008000ff18 (0xfee43023) sd      a4, -32(s0)
core   0: 3 0x000000008000ff18 (0xfee43023) mem 0x0000000080031f50 0x0000000080012057
core   0: 0x000000008000ff1c (0xfc442703) lw      a4, -60(s0)
core   0: 3 0x000000008000ff1c (0xfc442703) x14 0x0000000000000000 mem 0x0000000080031f34
core   0: 0x000000008000ff20 (0x0ff77713) andi    a4, a4, 255
core   0: 3 0x000000008000ff20 (0x0ff77713) x14 0x0000000000000000
core   0: 0x000000008000ff24 (0x00e78023) sb      a4, 0(a5)
core   0: 3 0x000000008000ff24 (0x00e78023) mem 0x0000000080012056 0x00
core   0: 0x000000008000ff28 (0xfc843703) ld      a4, -56(s0)
core   0: 3 0x000000008000ff28 (0xfc843703) x14 0x0000000080012040 mem 0x0000000080031f38
core   0: 0x000000008000ff2c (0xfb843783) ld      a5, -72(s0)
core   0: 3 0x000000008000ff2c (0xfb843783) x15 0x000000000000009c mem 0x0000000080031f28
core   0: 0x000000008000ff30 (0x000097ba) c.add   a5, a4
core   0: 3 0x000000008000ff30 (0x97ba) x15 0x00000000800120dc
core   0: 0x000000008000ff32 (0xfe043703) ld      a4, -32(s0)
core   0: 3 0x000000008000ff32 (0xfe043703) x14 0x0000000080012057 mem 0x0000000080031f50
core   0: 0x000000008000ff36 (0xfcf76de3) bltu    a4, a5, pc - 38
core   0: 3 0x000000008000ff36 (0xfcf76de3)
core   0: 0x000000008000ff10 (0xfe043783) ld      a5, -32(s0)
core   0: 3 0x000000008000ff10 (0xfe043783) x15 0x0000000080012057 mem 0x0000000080031f50
core   0: 0x000000008000ff14 (0x00178713) addi    a4, a5, 1
core   0: 3 0x000000008000ff14 (0x00178713) x14 0x0000000080012058
core   0: 0x000000008000ff18 (0xfee43023) sd      a4, -32(s0)
core   0: 3 0x000000008000ff18 (0xfee43023) mem 0x0000000080031f50 0x0000000080012058
core   0: 0x000000008000ff1c (0xfc442703) lw      a4, -60(s0)
core   0: 3 0x000000008000ff1c (0xfc442703) x14 0x0000000000000000 mem 0x0000000080031f34
core   0: 0x000000008000ff20 (0x0ff77713) andi    a4, a4, 255
core   0: 3 0x000000008000ff20 (0x0ff77713) x14 0x0000000000000000
core   0: 0x000000008000ff24 (0x00e78023) sb      a4, 0(a5)
core   0: 3 0x000000008000ff24 (0x00e78023) mem 0x0000000080012057 0x00
core   0: 0x000000008000ff28 (0xfc843703) ld      a4, -56(s0)
core   0: 3 0x000000008000ff28 (0xfc843703) x14 0x0000000080012040 mem 0x0000000080031f38
core   0: 0x000000008000ff2c (0xfb843783) ld      a5, -72(s0)
core   0: 3 0x000000008000ff2c (0xfb843783) x15 0x000000000000009c mem 0x0000000080031f28
core   0: 0x000000008000ff30 (0x000097ba) c.add   a5, a4
core   0: 3 0x000000008000ff30 (0x97ba) x15 0x00000000800120dc
core   0: 0x000000008000ff32 (0xfe043703) ld      a4, -32(s0)
core   0: 3 0x000000008000ff32 (0xfe043703) x14 0x0000000080012058 mem 0x0000000080031f50
core   0: 0x000000008000ff36 (0xfcf76de3) bltu    a4, a5, pc - 38
core   0: 3 0x000000008000ff36 (0xfcf76de3)
core   0: 0x000000008000ff10 (0xfe043783) ld      a5, -32(s0)
core   0: 3 0x000000008000ff10 (0xfe043783) x15 0x0000000080012058 mem 0x0000000080031f50
core   0: 0x000000008000ff14 (0x00178713) addi    a4, a5, 1
core   0: 3 0x000000008000ff14 (0x00178713) x14 0x0000000080012059
core   0: 0x000000008000ff18 (0xfee43023) sd      a4, -32(s0)
core   0: 3 0x000000008000ff18 (0xfee43023) mem 0x0000000080031f50 0x0000000080012059
core   0: 0x000000008000ff1c (0xfc442703) lw      a4, -60(s0)
core   0: 3 0x000000008000ff1c (0xfc442703) x14 0x0000000000000000 mem 0x0000000080031f34
core   0: 0x000000008000ff20 (0x0ff77713) andi    a4, a4, 255
core   0: 3 0x000000008000ff20 (0x0ff77713) x14 0x0000000000000000
core   0: 0x000000008000ff24 (0x00e78023) sb      a4, 0(a5)
core   0: 3 0x000000008000ff24 (0x00e78023) mem 0x0000000080012058 0x00
core   0: 0x000000008000ff28 (0xfc843703) ld      a4, -56(s0)
core   0: 3 0x000000008000ff28 (0xfc843703) x14 0x0000000080012040 mem 0x0000000080031f38
core   0: 0x000000008000ff2c (0xfb843783) ld      a5, -72(s0)
core   0: 3 0x000000008000ff2c (0xfb843783) x15 0x000000000000009c mem 0x0000000080031f28
core   0: 0x000000008000ff30 (0x000097ba) c.add   a5, a4
core   0: 3 0x000000008000ff30 (0x97ba) x15 0x00000000800120dc
core   0: 0x000000008000ff32 (0xfe043703) ld      a4, -32(s0)
core   0: 3 0x000000008000ff32 (0xfe043703) x14 0x0000000080012059 mem 0x0000000080031f50
core   0: 0x000000008000ff36 (0xfcf76de3) bltu    a4, a5, pc - 38
core   0: 3 0x000000008000ff36 (0xfcf76de3)
core   0: 0x000000008000ff10 (0xfe043783) ld      a5, -32(s0)
core   0: 3 0x000000008000ff10 (0xfe043783) x15 0x0000000080012059 mem 0x0000000080031f50
core   0: 0x000000008000ff14 (0x00178713) addi    a4, a5, 1
core   0: 3 0x000000008000ff14 (0x00178713) x14 0x000000008001205a
core   0: 0x000000008000ff18 (0xfee43023) sd      a4, -32(s0)
core   0: 3 0x000000008000ff18 (0xfee43023) mem 0x0000000080031f50 0x000000008001205a
core   0: 0x000000008000ff1c (0xfc442703) lw      a4, -60(s0)
core   0: 3 0x000000008000ff1c (0xfc442703) x14 0x0000000000000000 mem 0x0000000080031f34
core   0: 0x000000008000ff20 (0x0ff77713) andi    a4, a4, 255
core   0: 3 0x000000008000ff20 (0x0ff77713) x14 0x0000000000000000
core   0: 0x000000008000ff24 (0x00e78023) sb      a4, 0(a5)
core   0: 3 0x000000008000ff24 (0x00e78023) mem 0x0000000080012059 0x00
core   0: 0x000000008000ff28 (0xfc843703) ld      a4, -56(s0)
core   0: 3 0x000000008000ff28 (0xfc843703) x14 0x0000000080012040 mem 0x0000000080031f38
core   0: 0x000000008000ff2c (0xfb843783) ld      a5, -72(s0)
core   0: 3 0x000000008000ff2c (0xfb843783) x15 0x000000000000009c mem 0x0000000080031f28
core   0: 0x000000008000ff30 (0x000097ba) c.add   a5, a4
core   0: 3 0x000000008000ff30 (0x97ba) x15 0x00000000800120dc
core   0: 0x000000008000ff32 (0xfe043703) ld      a4, -32(s0)
core   0: 3 0x000000008000ff32 (0xfe043703) x14 0x000000008001205a mem 0x0000000080031f50
core   0: 0x000000008000ff36 (0xfcf76de3) bltu    a4, a5, pc - 38
core   0: 3 0x000000008000ff36 (0xfcf76de3)
core   0: 0x000000008000ff10 (0xfe043783) ld      a5, -32(s0)
core   0: 3 0x000000008000ff10 (0xfe043783) x15 0x000000008001205a mem 0x0000000080031f50
core   0: 0x000000008000ff14 (0x00178713) addi    a4, a5, 1
core   0: 3 0x000000008000ff14 (0x00178713) x14 0x000000008001205b
core   0: 0x000000008000ff18 (0xfee43023) sd      a4, -32(s0)
core   0: 3 0x000000008000ff18 (0xfee43023) mem 0x0000000080031f50 0x000000008001205b
core   0: 0x000000008000ff1c (0xfc442703) lw      a4, -60(s0)
core   0: 3 0x000000008000ff1c (0xfc442703) x14 0x0000000000000000 mem 0x0000000080031f34
core   0: 0x000000008000ff20 (0x0ff77713) andi    a4, a4, 255
core   0: 3 0x000000008000ff20 (0x0ff77713) x14 0x0000000000000000
core   0: 0x000000008000ff24 (0x00e78023) sb      a4, 0(a5)
core   0: 3 0x000000008000ff24 (0x00e78023) mem 0x000000008001205a 0x00
core   0: 0x000000008000ff28 (0xfc843703) ld      a4, -56(s0)
core   0: 3 0x000000008000ff28 (0xfc843703) x14 0x0000000080012040 mem 0x0000000080031f38
core   0: 0x000000008000ff2c (0xfb843783) ld      a5, -72(s0)
core   0: 3 0x000000008000ff2c (0xfb843783) x15 0x000000000000009c mem 0x0000000080031f28
core   0: 0x000000008000ff30 (0x000097ba) c.add   a5, a4
core   0: 3 0x000000008000ff30 (0x97ba) x15 0x00000000800120dc
core   0: 0x000000008000ff32 (0xfe043703) ld      a4, -32(s0)
core   0: 3 0x000000008000ff32 (0xfe043703) x14 0x000000008001205b mem 0x0000000080031f50
core   0: 0x000000008000ff36 (0xfcf76de3) bltu    a4, a5, pc - 38
core   0: 3 0x000000008000ff36 (0xfcf76de3)
core   0: 0x000000008000ff10 (0xfe043783) ld      a5, -32(s0)
core   0: 3 0x000000008000ff10 (0xfe043783) x15 0x000000008001205b mem 0x0000000080031f50
core   0: 0x000000008000ff14 (0x00178713) addi    a4, a5, 1
core   0: 3 0x000000008000ff14 (0x00178713) x14 0x000000008001205c
core   0: 0x000000008000ff18 (0xfee43023) sd      a4, -32(s0)
core   0: 3 0x000000008000ff18 (0xfee43023) mem 0x0000000080031f50 0x000000008001205c
core   0: 0x000000008000ff1c (0xfc442703) lw      a4, -60(s0)
core   0: 3 0x000000008000ff1c (0xfc442703) x14 0x0000000000000000 mem 0x0000000080031f34
core   0: 0x000000008000ff20 (0x0ff77713) andi    a4, a4, 255
core   0: 3 0x000000008000ff20 (0x0ff77713) x14 0x0000000000000000
core   0: 0x000000008000ff24 (0x00e78023) sb      a4, 0(a5)
core   0: 3 0x000000008000ff24 (0x00e78023) mem 0x000000008001205b 0x00
core   0: 0x000000008000ff28 (0xfc843703) ld      a4, -56(s0)
core   0: 3 0x000000008000ff28 (0xfc843703) x14 0x0000000080012040 mem 0x0000000080031f38
core   0: 0x000000008000ff2c (0xfb843783) ld      a5, -72(s0)
core   0: 3 0x000000008000ff2c (0xfb843783) x15 0x000000000000009c mem 0x0000000080031f28
core   0: 0x000000008000ff30 (0x000097ba) c.add   a5, a4
core   0: 3 0x000000008000ff30 (0x97ba) x15 0x00000000800120dc
core   0: 0x000000008000ff32 (0xfe043703) ld      a4, -32(s0)
core   0: 3 0x000000008000ff32 (0xfe043703) x14 0x000000008001205c mem 0x0000000080031f50
core   0: 0x000000008000ff36 (0xfcf76de3) bltu    a4, a5, pc - 38
core   0: 3 0x000000008000ff36 (0xfcf76de3)
core   0: 0x000000008000ff10 (0xfe043783) ld      a5, -32(s0)
core   0: 3 0x000000008000ff10 (0xfe043783) x15 0x000000008001205c mem 0x0000000080031f50
core   0: 0x000000008000ff14 (0x00178713) addi    a4, a5, 1
core   0: 3 0x000000008000ff14 (0x00178713) x14 0x000000008001205d
core   0: 0x000000008000ff18 (0xfee43023) sd      a4, -32(s0)
core   0: 3 0x000000008000ff18 (0xfee43023) mem 0x0000000080031f50 0x000000008001205d
core   0: 0x000000008000ff1c (0xfc442703) lw      a4, -60(s0)
core   0: 3 0x000000008000ff1c (0xfc442703) x14 0x0000000000000000 mem 0x0000000080031f34
core   0: 0x000000008000ff20 (0x0ff77713) andi    a4, a4, 255
core   0: 3 0x000000008000ff20 (0x0ff77713) x14 0x0000000000000000
core   0: 0x000000008000ff24 (0x00e78023) sb      a4, 0(a5)
core   0: 3 0x000000008000ff24 (0x00e78023) mem 0x000000008001205c 0x00
core   0: 0x000000008000ff28 (0xfc843703) ld      a4, -56(s0)
core   0: 3 0x000000008000ff28 (0xfc843703) x14 0x0000000080012040 mem 0x0000000080031f38
core   0: 0x000000008000ff2c (0xfb843783) ld      a5, -72(s0)
core   0: 3 0x000000008000ff2c (0xfb843783) x15 0x000000000000009c mem 0x0000000080031f28
core   0: 0x000000008000ff30 (0x000097ba) c.add   a5, a4
core   0: 3 0x000000008000ff30 (0x97ba) x15 0x00000000800120dc
core   0: 0x000000008000ff32 (0xfe043703) ld      a4, -32(s0)
core   0: 3 0x000000008000ff32 (0xfe043703) x14 0x000000008001205d mem 0x0000000080031f50
core   0: 0x000000008000ff36 (0xfcf76de3) bltu    a4, a5, pc - 38
core   0: 3 0x000000008000ff36 (0xfcf76de3)
core   0: 0x000000008000ff10 (0xfe043783) ld      a5, -32(s0)
core   0: 3 0x000000008000ff10 (0xfe043783) x15 0x000000008001205d mem 0x0000000080031f50
core   0: 0x000000008000ff14 (0x00178713) addi    a4, a5, 1
core   0: 3 0x000000008000ff14 (0x00178713) x14 0x000000008001205e
core   0: 0x000000008000ff18 (0xfee43023) sd      a4, -32(s0)
core   0: 3 0x000000008000ff18 (0xfee43023) mem 0x0000000080031f50 0x000000008001205e
core   0: 0x000000008000ff1c (0xfc442703) lw      a4, -60(s0)
core   0: 3 0x000000008000ff1c (0xfc442703) x14 0x0000000000000000 mem 0x0000000080031f34
core   0: 0x000000008000ff20 (0x0ff77713) andi    a4, a4, 255
core   0: 3 0x000000008000ff20 (0x0ff77713) x14 0x0000000000000000
core   0: 0x000000008000ff24 (0x00e78023) sb      a4, 0(a5)
core   0: 3 0x000000008000ff24 (0x00e78023) mem 0x000000008001205d 0x00
core   0: 0x000000008000ff28 (0xfc843703) ld      a4, -56(s0)
core   0: 3 0x000000008000ff28 (0xfc843703) x14 0x0000000080012040 mem 0x0000000080031f38
core   0: 0x000000008000ff2c (0xfb843783) ld      a5, -72(s0)
core   0: 3 0x000000008000ff2c (0xfb843783) x15 0x000000000000009c mem 0x0000000080031f28
core   0: 0x000000008000ff30 (0x000097ba) c.add   a5, a4
core   0: 3 0x000000008000ff30 (0x97ba) x15 0x00000000800120dc
core   0: 0x000000008000ff32 (0xfe043703) ld      a4, -32(s0)
core   0: 3 0x000000008000ff32 (0xfe043703) x14 0x000000008001205e mem 0x0000000080031f50
core   0: 0x000000008000ff36 (0xfcf76de3) bltu    a4, a5, pc - 38
core   0: 3 0x000000008000ff36 (0xfcf76de3)
core   0: 0x000000008000ff10 (0xfe043783) ld      a5, -32(s0)
core   0: 3 0x000000008000ff10 (0xfe043783) x15 0x000000008001205e mem 0x0000000080031f50
core   0: 0x000000008000ff14 (0x00178713) addi    a4, a5, 1
core   0: 3 0x000000008000ff14 (0x00178713) x14 0x000000008001205f
core   0: 0x000000008000ff18 (0xfee43023) sd      a4, -32(s0)
core   0: 3 0x000000008000ff18 (0xfee43023) mem 0x0000000080031f50 0x000000008001205f
core   0: 0x000000008000ff1c (0xfc442703) lw      a4, -60(s0)
core   0: 3 0x000000008000ff1c (0xfc442703) x14 0x0000000000000000 mem 0x0000000080031f34
core   0: 0x000000008000ff20 (0x0ff77713) andi    a4, a4, 255
core   0: 3 0x000000008000ff20 (0x0ff77713) x14 0x0000000000000000
core   0: 0x000000008000ff24 (0x00e78023) sb      a4, 0(a5)
core   0: 3 0x000000008000ff24 (0x00e78023) mem 0x000000008001205e 0x00
core   0: 0x000000008000ff28 (0xfc843703) ld      a4, -56(s0)
core   0: 3 0x000000008000ff28 (0xfc843703) x14 0x0000000080012040 mem 0x0000000080031f38
core   0: 0x000000008000ff2c (0xfb843783) ld      a5, -72(s0)
core   0: 3 0x000000008000ff2c (0xfb843783) x15 0x000000000000009c mem 0x0000000080031f28
core   0: 0x000000008000ff30 (0x000097ba) c.add   a5, a4
core   0: 3 0x000000008000ff30 (0x97ba) x15 0x00000000800120dc
core   0: 0x000000008000ff32 (0xfe043703) ld      a4, -32(s0)
core   0: 3 0x000000008000ff32 (0xfe043703) x14 0x000000008001205f mem 0x0000000080031f50
core   0: 0x000000008000ff36 (0xfcf76de3) bltu    a4, a5, pc - 38
core   0: 3 0x000000008000ff36 (0xfcf76de3)
core   0: 0x000000008000ff10 (0xfe043783) ld      a5, -32(s0)
core   0: 3 0x000000008000ff10 (0xfe043783) x15 0x000000008001205f mem 0x0000000080031f50
core   0: 0x000000008000ff14 (0x00178713) addi    a4, a5, 1
core   0: 3 0x000000008000ff14 (0x00178713) x14 0x0000000080012060
core   0: 0x000000008000ff18 (0xfee43023) sd      a4, -32(s0)
core   0: 3 0x000000008000ff18 (0xfee43023) mem 0x0000000080031f50 0x0000000080012060
core   0: 0x000000008000ff1c (0xfc442703) lw      a4, -60(s0)
core   0: 3 0x000000008000ff1c (0xfc442703) x14 0x0000000000000000 mem 0x0000000080031f34
core   0: 0x000000008000ff20 (0x0ff77713) andi    a4, a4, 255
core   0: 3 0x000000008000ff20 (0x0ff77713) x14 0x0000000000000000
core   0: 0x000000008000ff24 (0x00e78023) sb      a4, 0(a5)
core   0: 3 0x000000008000ff24 (0x00e78023) mem 0x000000008001205f 0x00
core   0: 0x000000008000ff28 (0xfc843703) ld      a4, -56(s0)
core   0: 3 0x000000008000ff28 (0xfc843703) x14 0x0000000080012040 mem 0x0000000080031f38
core   0: 0x000000008000ff2c (0xfb843783) ld      a5, -72(s0)
core   0: 3 0x000000008000ff2c (0xfb843783) x15 0x000000000000009c mem 0x0000000080031f28
core   0: 0x000000008000ff30 (0x000097ba) c.add   a5, a4
core   0: 3 0x000000008000ff30 (0x97ba) x15 0x00000000800120dc
core   0: 0x000000008000ff32 (0xfe043703) ld      a4, -32(s0)
core   0: 3 0x000000008000ff32 (0xfe043703) x14 0x0000000080012060 mem 0x0000000080031f50
core   0: 0x000000008000ff36 (0xfcf76de3) bltu    a4, a5, pc - 38
core   0: 3 0x000000008000ff36 (0xfcf76de3)
core   0: 0x000000008000ff10 (0xfe043783) ld      a5, -32(s0)
core   0: 3 0x000000008000ff10 (0xfe043783) x15 0x0000000080012060 mem 0x0000000080031f50
core   0: 0x000000008000ff14 (0x00178713) addi    a4, a5, 1
core   0: 3 0x000000008000ff14 (0x00178713) x14 0x0000000080012061
core   0: 0x000000008000ff18 (0xfee43023) sd      a4, -32(s0)
core   0: 3 0x000000008000ff18 (0xfee43023) mem 0x0000000080031f50 0x0000000080012061
core   0: 0x000000008000ff1c (0xfc442703) lw      a4, -60(s0)
core   0: 3 0x000000008000ff1c (0xfc442703) x14 0x0000000000000000 mem 0x0000000080031f34
core   0: 0x000000008000ff20 (0x0ff77713) andi    a4, a4, 255
core   0: 3 0x000000008000ff20 (0x0ff77713) x14 0x0000000000000000
core   0: 0x000000008000ff24 (0x00e78023) sb      a4, 0(a5)
core   0: 3 0x000000008000ff24 (0x00e78023) mem 0x0000000080012060 0x00
core   0: 0x000000008000ff28 (0xfc843703) ld      a4, -56(s0)
core   0: 3 0x000000008000ff28 (0xfc843703) x14 0x0000000080012040 mem 0x0000000080031f38
core   0: 0x000000008000ff2c (0xfb843783) ld      a5, -72(s0)
core   0: 3 0x000000008000ff2c (0xfb843783) x15 0x000000000000009c mem 0x0000000080031f28
core   0: 0x000000008000ff30 (0x000097ba) c.add   a5, a4
core   0: 3 0x000000008000ff30 (0x97ba) x15 0x00000000800120dc
core   0: 0x000000008000ff32 (0xfe043703) ld      a4, -32(s0)
core   0: 3 0x000000008000ff32 (0xfe043703) x14 0x0000000080012061 mem 0x0000000080031f50
core   0: 0x000000008000ff36 (0xfcf76de3) bltu    a4, a5, pc - 38
core   0: 3 0x000000008000ff36 (0xfcf76de3)
core   0: 0x000000008000ff10 (0xfe043783) ld      a5, -32(s0)
core   0: 3 0x000000008000ff10 (0xfe043783) x15 0x0000000080012061 mem 0x0000000080031f50
core   0: 0x000000008000ff14 (0x00178713) addi    a4, a5, 1
core   0: 3 0x000000008000ff14 (0x00178713) x14 0x0000000080012062
core   0: 0x000000008000ff18 (0xfee43023) sd      a4, -32(s0)
core   0: 3 0x000000008000ff18 (0xfee43023) mem 0x0000000080031f50 0x0000000080012062
core   0: 0x000000008000ff1c (0xfc442703) lw      a4, -60(s0)
core   0: 3 0x000000008000ff1c (0xfc442703) x14 0x0000000000000000 mem 0x0000000080031f34
core   0: 0x000000008000ff20 (0x0ff77713) andi    a4, a4, 255
core   0: 3 0x000000008000ff20 (0x0ff77713) x14 0x0000000000000000
core   0: 0x000000008000ff24 (0x00e78023) sb      a4, 0(a5)
core   0: 3 0x000000008000ff24 (0x00e78023) mem 0x0000000080012061 0x00
core   0: 0x000000008000ff28 (0xfc843703) ld      a4, -56(s0)
core   0: 3 0x000000008000ff28 (0xfc843703) x14 0x0000000080012040 mem 0x0000000080031f38
core   0: 0x000000008000ff2c (0xfb843783) ld      a5, -72(s0)
core   0: 3 0x000000008000ff2c (0xfb843783) x15 0x000000000000009c mem 0x0000000080031f28
core   0: 0x000000008000ff30 (0x000097ba) c.add   a5, a4
core   0: 3 0x000000008000ff30 (0x97ba) x15 0x00000000800120dc
core   0: 0x000000008000ff32 (0xfe043703) ld      a4, -32(s0)
core   0: 3 0x000000008000ff32 (0xfe043703) x14 0x0000000080012062 mem 0x0000000080031f50
core   0: 0x000000008000ff36 (0xfcf76de3) bltu    a4, a5, pc - 38
core   0: 3 0x000000008000ff36 (0xfcf76de3)
core   0: 0x000000008000ff10 (0xfe043783) ld      a5, -32(s0)
core   0: 3 0x000000008000ff10 (0xfe043783) x15 0x0000000080012062 mem 0x0000000080031f50
core   0: 0x000000008000ff14 (0x00178713) addi    a4, a5, 1
core   0: 3 0x000000008000ff14 (0x00178713) x14 0x0000000080012063
core   0: 0x000000008000ff18 (0xfee43023) sd      a4, -32(s0)
core   0: 3 0x000000008000ff18 (0xfee43023) mem 0x0000000080031f50 0x0000000080012063
core   0: 0x000000008000ff1c (0xfc442703) lw      a4, -60(s0)
core   0: 3 0x000000008000ff1c (0xfc442703) x14 0x0000000000000000 mem 0x0000000080031f34
core   0: 0x000000008000ff20 (0x0ff77713) andi    a4, a4, 255
core   0: 3 0x000000008000ff20 (0x0ff77713) x14 0x0000000000000000
core   0: 0x000000008000ff24 (0x00e78023) sb      a4, 0(a5)
core   0: 3 0x000000008000ff24 (0x00e78023) mem 0x0000000080012062 0x00
core   0: 0x000000008000ff28 (0xfc843703) ld      a4, -56(s0)
core   0: 3 0x000000008000ff28 (0xfc843703) x14 0x0000000080012040 mem 0x0000000080031f38
core   0: 0x000000008000ff2c (0xfb843783) ld      a5, -72(s0)
core   0: 3 0x000000008000ff2c (0xfb843783) x15 0x000000000000009c mem 0x0000000080031f28
core   0: 0x000000008000ff30 (0x000097ba) c.add   a5, a4
core   0: 3 0x000000008000ff30 (0x97ba) x15 0x00000000800120dc
core   0: 0x000000008000ff32 (0xfe043703) ld      a4, -32(s0)
core   0: 3 0x000000008000ff32 (0xfe043703) x14 0x0000000080012063 mem 0x0000000080031f50
core   0: 0x000000008000ff36 (0xfcf76de3) bltu    a4, a5, pc - 38
core   0: 3 0x000000008000ff36 (0xfcf76de3)
core   0: 0x000000008000ff10 (0xfe043783) ld      a5, -32(s0)
core   0: 3 0x000000008000ff10 (0xfe043783) x15 0x0000000080012063 mem 0x0000000080031f50
core   0: 0x000000008000ff14 (0x00178713) addi    a4, a5, 1
core   0: 3 0x000000008000ff14 (0x00178713) x14 0x0000000080012064
core   0: 0x000000008000ff18 (0xfee43023) sd      a4, -32(s0)
core   0: 3 0x000000008000ff18 (0xfee43023) mem 0x0000000080031f50 0x0000000080012064
core   0: 0x000000008000ff1c (0xfc442703) lw      a4, -60(s0)
core   0: 3 0x000000008000ff1c (0xfc442703) x14 0x0000000000000000 mem 0x0000000080031f34
core   0: 0x000000008000ff20 (0x0ff77713) andi    a4, a4, 255
core   0: 3 0x000000008000ff20 (0x0ff77713) x14 0x0000000000000000
core   0: 0x000000008000ff24 (0x00e78023) sb      a4, 0(a5)
core   0: 3 0x000000008000ff24 (0x00e78023) mem 0x0000000080012063 0x00
core   0: 0x000000008000ff28 (0xfc843703) ld      a4, -56(s0)
core   0: 3 0x000000008000ff28 (0xfc843703) x14 0x0000000080012040 mem 0x0000000080031f38
core   0: 0x000000008000ff2c (0xfb843783) ld      a5, -72(s0)
core   0: 3 0x000000008000ff2c (0xfb843783) x15 0x000000000000009c mem 0x0000000080031f28
core   0: 0x000000008000ff30 (0x000097ba) c.add   a5, a4
core   0: 3 0x000000008000ff30 (0x97ba) x15 0x00000000800120dc
core   0: 0x000000008000ff32 (0xfe043703) ld      a4, -32(s0)
core   0: 3 0x000000008000ff32 (0xfe043703) x14 0x0000000080012064 mem 0x0000000080031f50
core   0: 0x000000008000ff36 (0xfcf76de3) bltu    a4, a5, pc - 38
core   0: 3 0x000000008000ff36 (0xfcf76de3)
core   0: 0x000000008000ff10 (0xfe043783) ld      a5, -32(s0)
core   0: 3 0x000000008000ff10 (0xfe043783) x15 0x0000000080012064 mem 0x0000000080031f50
core   0: 0x000000008000ff14 (0x00178713) addi    a4, a5, 1
core   0: 3 0x000000008000ff14 (0x00178713) x14 0x0000000080012065
core   0: 0x000000008000ff18 (0xfee43023) sd      a4, -32(s0)
core   0: 3 0x000000008000ff18 (0xfee43023) mem 0x0000000080031f50 0x0000000080012065
core   0: 0x000000008000ff1c (0xfc442703) lw      a4, -60(s0)
core   0: 3 0x000000008000ff1c (0xfc442703) x14 0x0000000000000000 mem 0x0000000080031f34
core   0: 0x000000008000ff20 (0x0ff77713) andi    a4, a4, 255
core   0: 3 0x000000008000ff20 (0x0ff77713) x14 0x0000000000000000
core   0: 0x000000008000ff24 (0x00e78023) sb      a4, 0(a5)
core   0: 3 0x000000008000ff24 (0x00e78023) mem 0x0000000080012064 0x00
core   0: 0x000000008000ff28 (0xfc843703) ld      a4, -56(s0)
core   0: 3 0x000000008000ff28 (0xfc843703) x14 0x0000000080012040 mem 0x0000000080031f38
core   0: 0x000000008000ff2c (0xfb843783) ld      a5, -72(s0)
core   0: 3 0x000000008000ff2c (0xfb843783) x15 0x000000000000009c mem 0x0000000080031f28
core   0: 0x000000008000ff30 (0x000097ba) c.add   a5, a4
core   0: 3 0x000000008000ff30 (0x97ba) x15 0x00000000800120dc
core   0: 0x000000008000ff32 (0xfe043703) ld      a4, -32(s0)
core   0: 3 0x000000008000ff32 (0xfe043703) x14 0x0000000080012065 mem 0x0000000080031f50
core   0: 0x000000008000ff36 (0xfcf76de3) bltu    a4, a5, pc - 38
core   0: 3 0x000000008000ff36 (0xfcf76de3)
core   0: 0x000000008000ff10 (0xfe043783) ld      a5, -32(s0)
core   0: 3 0x000000008000ff10 (0xfe043783) x15 0x0000000080012065 mem 0x0000000080031f50
core   0: 0x000000008000ff14 (0x00178713) addi    a4, a5, 1
core   0: 3 0x000000008000ff14 (0x00178713) x14 0x0000000080012066
core   0: 0x000000008000ff18 (0xfee43023) sd      a4, -32(s0)
core   0: 3 0x000000008000ff18 (0xfee43023) mem 0x0000000080031f50 0x0000000080012066
core   0: 0x000000008000ff1c (0xfc442703) lw      a4, -60(s0)
core   0: 3 0x000000008000ff1c (0xfc442703) x14 0x0000000000000000 mem 0x0000000080031f34
core   0: 0x000000008000ff20 (0x0ff77713) andi    a4, a4, 255
core   0: 3 0x000000008000ff20 (0x0ff77713) x14 0x0000000000000000
core   0: 0x000000008000ff24 (0x00e78023) sb      a4, 0(a5)
core   0: 3 0x000000008000ff24 (0x00e78023) mem 0x0000000080012065 0x00
core   0: 0x000000008000ff28 (0xfc843703) ld      a4, -56(s0)
core   0: 3 0x000000008000ff28 (0xfc843703) x14 0x0000000080012040 mem 0x0000000080031f38
core   0: 0x000000008000ff2c (0xfb843783) ld      a5, -72(s0)
core   0: 3 0x000000008000ff2c (0xfb843783) x15 0x000000000000009c mem 0x0000000080031f28
core   0: 0x000000008000ff30 (0x000097ba) c.add   a5, a4
core   0: 3 0x000000008000ff30 (0x97ba) x15 0x00000000800120dc
core   0: 0x000000008000ff32 (0xfe043703) ld      a4, -32(s0)
core   0: 3 0x000000008000ff32 (0xfe043703) x14 0x0000000080012066 mem 0x0000000080031f50
core   0: 0x000000008000ff36 (0xfcf76de3) bltu    a4, a5, pc - 38
core   0: 3 0x000000008000ff36 (0xfcf76de3)
core   0: 0x000000008000ff10 (0xfe043783) ld      a5, -32(s0)
core   0: 3 0x000000008000ff10 (0xfe043783) x15 0x0000000080012066 mem 0x0000000080031f50
core   0: 0x000000008000ff14 (0x00178713) addi    a4, a5, 1
core   0: 3 0x000000008000ff14 (0x00178713) x14 0x0000000080012067
core   0: 0x000000008000ff18 (0xfee43023) sd      a4, -32(s0)
core   0: 3 0x000000008000ff18 (0xfee43023) mem 0x0000000080031f50 0x0000000080012067
core   0: 0x000000008000ff1c (0xfc442703) lw      a4, -60(s0)
core   0: 3 0x000000008000ff1c (0xfc442703) x14 0x0000000000000000 mem 0x0000000080031f34
core   0: 0x000000008000ff20 (0x0ff77713) andi    a4, a4, 255
core   0: 3 0x000000008000ff20 (0x0ff77713) x14 0x0000000000000000
core   0: 0x000000008000ff24 (0x00e78023) sb      a4, 0(a5)
core   0: 3 0x000000008000ff24 (0x00e78023) mem 0x0000000080012066 0x00
core   0: 0x000000008000ff28 (0xfc843703) ld      a4, -56(s0)
core   0: 3 0x000000008000ff28 (0xfc843703) x14 0x0000000080012040 mem 0x0000000080031f38
core   0: 0x000000008000ff2c (0xfb843783) ld      a5, -72(s0)
core   0: 3 0x000000008000ff2c (0xfb843783) x15 0x000000000000009c mem 0x0000000080031f28
core   0: 0x000000008000ff30 (0x000097ba) c.add   a5, a4
core   0: 3 0x000000008000ff30 (0x97ba) x15 0x00000000800120dc
core   0: 0x000000008000ff32 (0xfe043703) ld      a4, -32(s0)
core   0: 3 0x000000008000ff32 (0xfe043703) x14 0x0000000080012067 mem 0x0000000080031f50
core   0: 0x000000008000ff36 (0xfcf76de3) bltu    a4, a5, pc - 38
core   0: 3 0x000000008000ff36 (0xfcf76de3)
core   0: 0x000000008000ff10 (0xfe043783) ld      a5, -32(s0)
core   0: 3 0x000000008000ff10 (0xfe043783) x15 0x0000000080012067 mem 0x0000000080031f50
core   0: 0x000000008000ff14 (0x00178713) addi    a4, a5, 1
core   0: 3 0x000000008000ff14 (0x00178713) x14 0x0000000080012068
core   0: 0x000000008000ff18 (0xfee43023) sd      a4, -32(s0)
core   0: 3 0x000000008000ff18 (0xfee43023) mem 0x0000000080031f50 0x0000000080012068
core   0: 0x000000008000ff1c (0xfc442703) lw      a4, -60(s0)
core   0: 3 0x000000008000ff1c (0xfc442703) x14 0x0000000000000000 mem 0x0000000080031f34
core   0: 0x000000008000ff20 (0x0ff77713) andi    a4, a4, 255
core   0: 3 0x000000008000ff20 (0x0ff77713) x14 0x0000000000000000
core   0: 0x000000008000ff24 (0x00e78023) sb      a4, 0(a5)
core   0: 3 0x000000008000ff24 (0x00e78023) mem 0x0000000080012067 0x00
core   0: 0x000000008000ff28 (0xfc843703) ld      a4, -56(s0)
core   0: 3 0x000000008000ff28 (0xfc843703) x14 0x0000000080012040 mem 0x0000000080031f38
core   0: 0x000000008000ff2c (0xfb843783) ld      a5, -72(s0)
core   0: 3 0x000000008000ff2c (0xfb843783) x15 0x000000000000009c mem 0x0000000080031f28
core   0: 0x000000008000ff30 (0x000097ba) c.add   a5, a4
core   0: 3 0x000000008000ff30 (0x97ba) x15 0x00000000800120dc
core   0: 0x000000008000ff32 (0xfe043703) ld      a4, -32(s0)
core   0: 3 0x000000008000ff32 (0xfe043703) x14 0x0000000080012068 mem 0x0000000080031f50
core   0: 0x000000008000ff36 (0xfcf76de3) bltu    a4, a5, pc - 38
core   0: 3 0x000000008000ff36 (0xfcf76de3)
core   0: 0x000000008000ff10 (0xfe043783) ld      a5, -32(s0)
core   0: 3 0x000000008000ff10 (0xfe043783) x15 0x0000000080012068 mem 0x0000000080031f50
core   0: 0x000000008000ff14 (0x00178713) addi    a4, a5, 1
core   0: 3 0x000000008000ff14 (0x00178713) x14 0x0000000080012069
core   0: 0x000000008000ff18 (0xfee43023) sd      a4, -32(s0)
core   0: 3 0x000000008000ff18 (0xfee43023) mem 0x0000000080031f50 0x0000000080012069
core   0: 0x000000008000ff1c (0xfc442703) lw      a4, -60(s0)
core   0: 3 0x000000008000ff1c (0xfc442703) x14 0x0000000000000000 mem 0x0000000080031f34
core   0: 0x000000008000ff20 (0x0ff77713) andi    a4, a4, 255
core   0: 3 0x000000008000ff20 (0x0ff77713) x14 0x0000000000000000
core   0: 0x000000008000ff24 (0x00e78023) sb      a4, 0(a5)
core   0: 3 0x000000008000ff24 (0x00e78023) mem 0x0000000080012068 0x00
core   0: 0x000000008000ff28 (0xfc843703) ld      a4, -56(s0)
core   0: 3 0x000000008000ff28 (0xfc843703) x14 0x0000000080012040 mem 0x0000000080031f38
core   0: 0x000000008000ff2c (0xfb843783) ld      a5, -72(s0)
core   0: 3 0x000000008000ff2c (0xfb843783) x15 0x000000000000009c mem 0x0000000080031f28
core   0: 0x000000008000ff30 (0x000097ba) c.add   a5, a4
core   0: 3 0x000000008000ff30 (0x97ba) x15 0x00000000800120dc
core   0: 0x000000008000ff32 (0xfe043703) ld      a4, -32(s0)
core   0: 3 0x000000008000ff32 (0xfe043703) x14 0x0000000080012069 mem 0x0000000080031f50
core   0: 0x000000008000ff36 (0xfcf76de3) bltu    a4, a5, pc - 38
core   0: 3 0x000000008000ff36 (0xfcf76de3)
core   0: 0x000000008000ff10 (0xfe043783) ld      a5, -32(s0)
core   0: 3 0x000000008000ff10 (0xfe043783) x15 0x0000000080012069 mem 0x0000000080031f50
core   0: 0x000000008000ff14 (0x00178713) addi    a4, a5, 1
core   0: 3 0x000000008000ff14 (0x00178713) x14 0x000000008001206a
core   0: 0x000000008000ff18 (0xfee43023) sd      a4, -32(s0)
core   0: 3 0x000000008000ff18 (0xfee43023) mem 0x0000000080031f50 0x000000008001206a
core   0: 0x000000008000ff1c (0xfc442703) lw      a4, -60(s0)
core   0: 3 0x000000008000ff1c (0xfc442703) x14 0x0000000000000000 mem 0x0000000080031f34
core   0: 0x000000008000ff20 (0x0ff77713) andi    a4, a4, 255
core   0: 3 0x000000008000ff20 (0x0ff77713) x14 0x0000000000000000
core   0: 0x000000008000ff24 (0x00e78023) sb      a4, 0(a5)
core   0: 3 0x000000008000ff24 (0x00e78023) mem 0x0000000080012069 0x00
core   0: 0x000000008000ff28 (0xfc843703) ld      a4, -56(s0)
core   0: 3 0x000000008000ff28 (0xfc843703) x14 0x0000000080012040 mem 0x0000000080031f38
core   0: 0x000000008000ff2c (0xfb843783) ld      a5, -72(s0)
core   0: 3 0x000000008000ff2c (0xfb843783) x15 0x000000000000009c mem 0x0000000080031f28
core   0: 0x000000008000ff30 (0x000097ba) c.add   a5, a4
core   0: 3 0x000000008000ff30 (0x97ba) x15 0x00000000800120dc
core   0: 0x000000008000ff32 (0xfe043703) ld      a4, -32(s0)
core   0: 3 0x000000008000ff32 (0xfe043703) x14 0x000000008001206a mem 0x0000000080031f50
core   0: 0x000000008000ff36 (0xfcf76de3) bltu    a4, a5, pc - 38
core   0: 3 0x000000008000ff36 (0xfcf76de3)
core   0: 0x000000008000ff10 (0xfe043783) ld      a5, -32(s0)
core   0: 3 0x000000008000ff10 (0xfe043783) x15 0x000000008001206a mem 0x0000000080031f50
core   0: 0x000000008000ff14 (0x00178713) addi    a4, a5, 1
core   0: 3 0x000000008000ff14 (0x00178713) x14 0x000000008001206b
core   0: 0x000000008000ff18 (0xfee43023) sd      a4, -32(s0)
core   0: 3 0x000000008000ff18 (0xfee43023) mem 0x0000000080031f50 0x000000008001206b
core   0: 0x000000008000ff1c (0xfc442703) lw      a4, -60(s0)
core   0: 3 0x000000008000ff1c (0xfc442703) x14 0x0000000000000000 mem 0x0000000080031f34
core   0: 0x000000008000ff20 (0x0ff77713) andi    a4, a4, 255
core   0: 3 0x000000008000ff20 (0x0ff77713) x14 0x0000000000000000
core   0: 0x000000008000ff24 (0x00e78023) sb      a4, 0(a5)
core   0: 3 0x000000008000ff24 (0x00e78023) mem 0x000000008001206a 0x00
core   0: 0x000000008000ff28 (0xfc843703) ld      a4, -56(s0)
core   0: 3 0x000000008000ff28 (0xfc843703) x14 0x0000000080012040 mem 0x0000000080031f38
core   0: 0x000000008000ff2c (0xfb843783) ld      a5, -72(s0)
core   0: 3 0x000000008000ff2c (0xfb843783) x15 0x000000000000009c mem 0x0000000080031f28
core   0: 0x000000008000ff30 (0x000097ba) c.add   a5, a4
core   0: 3 0x000000008000ff30 (0x97ba) x15 0x00000000800120dc
core   0: 0x000000008000ff32 (0xfe043703) ld      a4, -32(s0)
core   0: 3 0x000000008000ff32 (0xfe043703) x14 0x000000008001206b mem 0x0000000080031f50
core   0: 0x000000008000ff36 (0xfcf76de3) bltu    a4, a5, pc - 38
core   0: 3 0x000000008000ff36 (0xfcf76de3)
core   0: 0x000000008000ff10 (0xfe043783) ld      a5, -32(s0)
core   0: 3 0x000000008000ff10 (0xfe043783) x15 0x000000008001206b mem 0x0000000080031f50
core   0: 0x000000008000ff14 (0x00178713) addi    a4, a5, 1
core   0: 3 0x000000008000ff14 (0x00178713) x14 0x000000008001206c
core   0: 0x000000008000ff18 (0xfee43023) sd      a4, -32(s0)
core   0: 3 0x000000008000ff18 (0xfee43023) mem 0x0000000080031f50 0x000000008001206c
core   0: 0x000000008000ff1c (0xfc442703) lw      a4, -60(s0)
core   0: 3 0x000000008000ff1c (0xfc442703) x14 0x0000000000000000 mem 0x0000000080031f34
core   0: 0x000000008000ff20 (0x0ff77713) andi    a4, a4, 255
core   0: 3 0x000000008000ff20 (0x0ff77713) x14 0x0000000000000000
core   0: 0x000000008000ff24 (0x00e78023) sb      a4, 0(a5)
core   0: 3 0x000000008000ff24 (0x00e78023) mem 0x000000008001206b 0x00
core   0: 0x000000008000ff28 (0xfc843703) ld      a4, -56(s0)
core   0: 3 0x000000008000ff28 (0xfc843703) x14 0x0000000080012040 mem 0x0000000080031f38
core   0: 0x000000008000ff2c (0xfb843783) ld      a5, -72(s0)
core   0: 3 0x000000008000ff2c (0xfb843783) x15 0x000000000000009c mem 0x0000000080031f28
core   0: 0x000000008000ff30 (0x000097ba) c.add   a5, a4
core   0: 3 0x000000008000ff30 (0x97ba) x15 0x00000000800120dc
core   0: 0x000000008000ff32 (0xfe043703) ld      a4, -32(s0)
core   0: 3 0x000000008000ff32 (0xfe043703) x14 0x000000008001206c mem 0x0000000080031f50
core   0: 0x000000008000ff36 (0xfcf76de3) bltu    a4, a5, pc - 38
core   0: 3 0x000000008000ff36 (0xfcf76de3)
core   0: 0x000000008000ff10 (0xfe043783) ld      a5, -32(s0)
core   0: 3 0x000000008000ff10 (0xfe043783) x15 0x000000008001206c mem 0x0000000080031f50
core   0: 0x000000008000ff14 (0x00178713) addi    a4, a5, 1
core   0: 3 0x000000008000ff14 (0x00178713) x14 0x000000008001206d
core   0: 0x000000008000ff18 (0xfee43023) sd      a4, -32(s0)
core   0: 3 0x000000008000ff18 (0xfee43023) mem 0x0000000080031f50 0x000000008001206d
core   0: 0x000000008000ff1c (0xfc442703) lw      a4, -60(s0)
core   0: 3 0x000000008000ff1c (0xfc442703) x14 0x0000000000000000 mem 0x0000000080031f34
core   0: 0x000000008000ff20 (0x0ff77713) andi    a4, a4, 255
core   0: 3 0x000000008000ff20 (0x0ff77713) x14 0x0000000000000000
core   0: 0x000000008000ff24 (0x00e78023) sb      a4, 0(a5)
core   0: 3 0x000000008000ff24 (0x00e78023) mem 0x000000008001206c 0x00
core   0: 0x000000008000ff28 (0xfc843703) ld      a4, -56(s0)
core   0: 3 0x000000008000ff28 (0xfc843703) x14 0x0000000080012040 mem 0x0000000080031f38
core   0: 0x000000008000ff2c (0xfb843783) ld      a5, -72(s0)
core   0: 3 0x000000008000ff2c (0xfb843783) x15 0x000000000000009c mem 0x0000000080031f28
core   0: 0x000000008000ff30 (0x000097ba) c.add   a5, a4
core   0: 3 0x000000008000ff30 (0x97ba) x15 0x00000000800120dc
core   0: 0x000000008000ff32 (0xfe043703) ld      a4, -32(s0)
core   0: 3 0x000000008000ff32 (0xfe043703) x14 0x000000008001206d mem 0x0000000080031f50
core   0: 0x000000008000ff36 (0xfcf76de3) bltu    a4, a5, pc - 38
core   0: 3 0x000000008000ff36 (0xfcf76de3)
core   0: 0x000000008000ff10 (0xfe043783) ld      a5, -32(s0)
core   0: 3 0x000000008000ff10 (0xfe043783) x15 0x000000008001206d mem 0x0000000080031f50
core   0: 0x000000008000ff14 (0x00178713) addi    a4, a5, 1
core   0: 3 0x000000008000ff14 (0x00178713) x14 0x000000008001206e
core   0: 0x000000008000ff18 (0xfee43023) sd      a4, -32(s0)
core   0: 3 0x000000008000ff18 (0xfee43023) mem 0x0000000080031f50 0x000000008001206e
core   0: 0x000000008000ff1c (0xfc442703) lw      a4, -60(s0)
core   0: 3 0x000000008000ff1c (0xfc442703) x14 0x0000000000000000 mem 0x0000000080031f34
core   0: 0x000000008000ff20 (0x0ff77713) andi    a4, a4, 255
core   0: 3 0x000000008000ff20 (0x0ff77713) x14 0x0000000000000000
core   0: 0x000000008000ff24 (0x00e78023) sb      a4, 0(a5)
core   0: 3 0x000000008000ff24 (0x00e78023) mem 0x000000008001206d 0x00
core   0: 0x000000008000ff28 (0xfc843703) ld      a4, -56(s0)
core   0: 3 0x000000008000ff28 (0xfc843703) x14 0x0000000080012040 mem 0x0000000080031f38
core   0: 0x000000008000ff2c (0xfb843783) ld      a5, -72(s0)
core   0: 3 0x000000008000ff2c (0xfb843783) x15 0x000000000000009c mem 0x0000000080031f28
core   0: 0x000000008000ff30 (0x000097ba) c.add   a5, a4
core   0: 3 0x000000008000ff30 (0x97ba) x15 0x00000000800120dc
core   0: 0x000000008000ff32 (0xfe043703) ld      a4, -32(s0)
core   0: 3 0x000000008000ff32 (0xfe043703) x14 0x000000008001206e mem 0x0000000080031f50
core   0: 0x000000008000ff36 (0xfcf76de3) bltu    a4, a5, pc - 38
core   0: 3 0x000000008000ff36 (0xfcf76de3)
core   0: 0x000000008000ff10 (0xfe043783) ld      a5, -32(s0)
core   0: 3 0x000000008000ff10 (0xfe043783) x15 0x000000008001206e mem 0x0000000080031f50
core   0: 0x000000008000ff14 (0x00178713) addi    a4, a5, 1
core   0: 3 0x000000008000ff14 (0x00178713) x14 0x000000008001206f
core   0: 0x000000008000ff18 (0xfee43023) sd      a4, -32(s0)
core   0: 3 0x000000008000ff18 (0xfee43023) mem 0x0000000080031f50 0x000000008001206f
core   0: 0x000000008000ff1c (0xfc442703) lw      a4, -60(s0)
core   0: 3 0x000000008000ff1c (0xfc442703) x14 0x0000000000000000 mem 0x0000000080031f34
core   0: 0x000000008000ff20 (0x0ff77713) andi    a4, a4, 255
core   0: 3 0x000000008000ff20 (0x0ff77713) x14 0x0000000000000000
core   0: 0x000000008000ff24 (0x00e78023) sb      a4, 0(a5)
core   0: 3 0x000000008000ff24 (0x00e78023) mem 0x000000008001206e 0x00
core   0: 0x000000008000ff28 (0xfc843703) ld      a4, -56(s0)
core   0: 3 0x000000008000ff28 (0xfc843703) x14 0x0000000080012040 mem 0x0000000080031f38
core   0: 0x000000008000ff2c (0xfb843783) ld      a5, -72(s0)
core   0: 3 0x000000008000ff2c (0xfb843783) x15 0x000000000000009c mem 0x0000000080031f28
core   0: 0x000000008000ff30 (0x000097ba) c.add   a5, a4
core   0: 3 0x000000008000ff30 (0x97ba) x15 0x00000000800120dc
core   0: 0x000000008000ff32 (0xfe043703) ld      a4, -32(s0)
core   0: 3 0x000000008000ff32 (0xfe043703) x14 0x000000008001206f mem 0x0000000080031f50
core   0: 0x000000008000ff36 (0xfcf76de3) bltu    a4, a5, pc - 38
core   0: 3 0x000000008000ff36 (0xfcf76de3)
core   0: 0x000000008000ff10 (0xfe043783) ld      a5, -32(s0)
core   0: 3 0x000000008000ff10 (0xfe043783) x15 0x000000008001206f mem 0x0000000080031f50
core   0: 0x000000008000ff14 (0x00178713) addi    a4, a5, 1
core   0: 3 0x000000008000ff14 (0x00178713) x14 0x0000000080012070
core   0: 0x000000008000ff18 (0xfee43023) sd      a4, -32(s0)
core   0: 3 0x000000008000ff18 (0xfee43023) mem 0x0000000080031f50 0x0000000080012070
core   0: 0x000000008000ff1c (0xfc442703) lw      a4, -60(s0)
core   0: 3 0x000000008000ff1c (0xfc442703) x14 0x0000000000000000 mem 0x0000000080031f34
core   0: 0x000000008000ff20 (0x0ff77713) andi    a4, a4, 255
core   0: 3 0x000000008000ff20 (0x0ff77713) x14 0x0000000000000000
core   0: 0x000000008000ff24 (0x00e78023) sb      a4, 0(a5)
core   0: 3 0x000000008000ff24 (0x00e78023) mem 0x000000008001206f 0x00
core   0: 0x000000008000ff28 (0xfc843703) ld      a4, -56(s0)
core   0: 3 0x000000008000ff28 (0xfc843703) x14 0x0000000080012040 mem 0x0000000080031f38
core   0: 0x000000008000ff2c (0xfb843783) ld      a5, -72(s0)
core   0: 3 0x000000008000ff2c (0xfb843783) x15 0x000000000000009c mem 0x0000000080031f28
core   0: 0x000000008000ff30 (0x000097ba) c.add   a5, a4
core   0: 3 0x000000008000ff30 (0x97ba) x15 0x00000000800120dc
core   0: 0x000000008000ff32 (0xfe043703) ld      a4, -32(s0)
core   0: 3 0x000000008000ff32 (0xfe043703) x14 0x0000000080012070 mem 0x0000000080031f50
core   0: 0x000000008000ff36 (0xfcf76de3) bltu    a4, a5, pc - 38
core   0: 3 0x000000008000ff36 (0xfcf76de3)
core   0: 0x000000008000ff10 (0xfe043783) ld      a5, -32(s0)
core   0: 3 0x000000008000ff10 (0xfe043783) x15 0x0000000080012070 mem 0x0000000080031f50
core   0: 0x000000008000ff14 (0x00178713) addi    a4, a5, 1
core   0: 3 0x000000008000ff14 (0x00178713) x14 0x0000000080012071
core   0: 0x000000008000ff18 (0xfee43023) sd      a4, -32(s0)
core   0: 3 0x000000008000ff18 (0xfee43023) mem 0x0000000080031f50 0x0000000080012071
core   0: 0x000000008000ff1c (0xfc442703) lw      a4, -60(s0)
core   0: 3 0x000000008000ff1c (0xfc442703) x14 0x0000000000000000 mem 0x0000000080031f34
core   0: 0x000000008000ff20 (0x0ff77713) andi    a4, a4, 255
core   0: 3 0x000000008000ff20 (0x0ff77713) x14 0x0000000000000000
core   0: 0x000000008000ff24 (0x00e78023) sb      a4, 0(a5)
core   0: 3 0x000000008000ff24 (0x00e78023) mem 0x0000000080012070 0x00
core   0: 0x000000008000ff28 (0xfc843703) ld      a4, -56(s0)
core   0: 3 0x000000008000ff28 (0xfc843703) x14 0x0000000080012040 mem 0x0000000080031f38
core   0: 0x000000008000ff2c (0xfb843783) ld      a5, -72(s0)
core   0: 3 0x000000008000ff2c (0xfb843783) x15 0x000000000000009c mem 0x0000000080031f28
core   0: 0x000000008000ff30 (0x000097ba) c.add   a5, a4
core   0: 3 0x000000008000ff30 (0x97ba) x15 0x00000000800120dc
core   0: 0x000000008000ff32 (0xfe043703) ld      a4, -32(s0)
core   0: 3 0x000000008000ff32 (0xfe043703) x14 0x0000000080012071 mem 0x0000000080031f50
core   0: 0x000000008000ff36 (0xfcf76de3) bltu    a4, a5, pc - 38
core   0: 3 0x000000008000ff36 (0xfcf76de3)
core   0: 0x000000008000ff10 (0xfe043783) ld      a5, -32(s0)
core   0: 3 0x000000008000ff10 (0xfe043783) x15 0x0000000080012071 mem 0x0000000080031f50
core   0: 0x000000008000ff14 (0x00178713) addi    a4, a5, 1
core   0: 3 0x000000008000ff14 (0x00178713) x14 0x0000000080012072
core   0: 0x000000008000ff18 (0xfee43023) sd      a4, -32(s0)
core   0: 3 0x000000008000ff18 (0xfee43023) mem 0x0000000080031f50 0x0000000080012072
core   0: 0x000000008000ff1c (0xfc442703) lw      a4, -60(s0)
core   0: 3 0x000000008000ff1c (0xfc442703) x14 0x0000000000000000 mem 0x0000000080031f34
core   0: 0x000000008000ff20 (0x0ff77713) andi    a4, a4, 255
core   0: 3 0x000000008000ff20 (0x0ff77713) x14 0x0000000000000000
core   0: 0x000000008000ff24 (0x00e78023) sb      a4, 0(a5)
core   0: 3 0x000000008000ff24 (0x00e78023) mem 0x0000000080012071 0x00
core   0: 0x000000008000ff28 (0xfc843703) ld      a4, -56(s0)
core   0: 3 0x000000008000ff28 (0xfc843703) x14 0x0000000080012040 mem 0x0000000080031f38
core   0: 0x000000008000ff2c (0xfb843783) ld      a5, -72(s0)
core   0: 3 0x000000008000ff2c (0xfb843783) x15 0x000000000000009c mem 0x0000000080031f28
core   0: 0x000000008000ff30 (0x000097ba) c.add   a5, a4
core   0: 3 0x000000008000ff30 (0x97ba) x15 0x00000000800120dc
core   0: 0x000000008000ff32 (0xfe043703) ld      a4, -32(s0)
core   0: 3 0x000000008000ff32 (0xfe043703) x14 0x0000000080012072 mem 0x0000000080031f50
core   0: 0x000000008000ff36 (0xfcf76de3) bltu    a4, a5, pc - 38
core   0: 3 0x000000008000ff36 (0xfcf76de3)
core   0: 0x000000008000ff10 (0xfe043783) ld      a5, -32(s0)
core   0: 3 0x000000008000ff10 (0xfe043783) x15 0x0000000080012072 mem 0x0000000080031f50
core   0: 0x000000008000ff14 (0x00178713) addi    a4, a5, 1
core   0: 3 0x000000008000ff14 (0x00178713) x14 0x0000000080012073
core   0: 0x000000008000ff18 (0xfee43023) sd      a4, -32(s0)
core   0: 3 0x000000008000ff18 (0xfee43023) mem 0x0000000080031f50 0x0000000080012073
core   0: 0x000000008000ff1c (0xfc442703) lw      a4, -60(s0)
core   0: 3 0x000000008000ff1c (0xfc442703) x14 0x0000000000000000 mem 0x0000000080031f34
core   0: 0x000000008000ff20 (0x0ff77713) andi    a4, a4, 255
core   0: 3 0x000000008000ff20 (0x0ff77713) x14 0x0000000000000000
core   0: 0x000000008000ff24 (0x00e78023) sb      a4, 0(a5)
core   0: 3 0x000000008000ff24 (0x00e78023) mem 0x0000000080012072 0x00
core   0: 0x000000008000ff28 (0xfc843703) ld      a4, -56(s0)
core   0: 3 0x000000008000ff28 (0xfc843703) x14 0x0000000080012040 mem 0x0000000080031f38
core   0: 0x000000008000ff2c (0xfb843783) ld      a5, -72(s0)
core   0: 3 0x000000008000ff2c (0xfb843783) x15 0x000000000000009c mem 0x0000000080031f28
core   0: 0x000000008000ff30 (0x000097ba) c.add   a5, a4
core   0: 3 0x000000008000ff30 (0x97ba) x15 0x00000000800120dc
core   0: 0x000000008000ff32 (0xfe043703) ld      a4, -32(s0)
core   0: 3 0x000000008000ff32 (0xfe043703) x14 0x0000000080012073 mem 0x0000000080031f50
core   0: 0x000000008000ff36 (0xfcf76de3) bltu    a4, a5, pc - 38
core   0: 3 0x000000008000ff36 (0xfcf76de3)
core   0: 0x000000008000ff10 (0xfe043783) ld      a5, -32(s0)
core   0: 3 0x000000008000ff10 (0xfe043783) x15 0x0000000080012073 mem 0x0000000080031f50
core   0: 0x000000008000ff14 (0x00178713) addi    a4, a5, 1
core   0: 3 0x000000008000ff14 (0x00178713) x14 0x0000000080012074
core   0: 0x000000008000ff18 (0xfee43023) sd      a4, -32(s0)
core   0: 3 0x000000008000ff18 (0xfee43023) mem 0x0000000080031f50 0x0000000080012074
core   0: 0x000000008000ff1c (0xfc442703) lw      a4, -60(s0)
core   0: 3 0x000000008000ff1c (0xfc442703) x14 0x0000000000000000 mem 0x0000000080031f34
core   0: 0x000000008000ff20 (0x0ff77713) andi    a4, a4, 255
core   0: 3 0x000000008000ff20 (0x0ff77713) x14 0x0000000000000000
core   0: 0x000000008000ff24 (0x00e78023) sb      a4, 0(a5)
core   0: 3 0x000000008000ff24 (0x00e78023) mem 0x0000000080012073 0x00
core   0: 0x000000008000ff28 (0xfc843703) ld      a4, -56(s0)
core   0: 3 0x000000008000ff28 (0xfc843703) x14 0x0000000080012040 mem 0x0000000080031f38
core   0: 0x000000008000ff2c (0xfb843783) ld      a5, -72(s0)
core   0: 3 0x000000008000ff2c (0xfb843783) x15 0x000000000000009c mem 0x0000000080031f28
core   0: 0x000000008000ff30 (0x000097ba) c.add   a5, a4
core   0: 3 0x000000008000ff30 (0x97ba) x15 0x00000000800120dc
core   0: 0x000000008000ff32 (0xfe043703) ld      a4, -32(s0)
core   0: 3 0x000000008000ff32 (0xfe043703) x14 0x0000000080012074 mem 0x0000000080031f50
core   0: 0x000000008000ff36 (0xfcf76de3) bltu    a4, a5, pc - 38
core   0: 3 0x000000008000ff36 (0xfcf76de3)
core   0: 0x000000008000ff10 (0xfe043783) ld      a5, -32(s0)
core   0: 3 0x000000008000ff10 (0xfe043783) x15 0x0000000080012074 mem 0x0000000080031f50
core   0: 0x000000008000ff14 (0x00178713) addi    a4, a5, 1
core   0: 3 0x000000008000ff14 (0x00178713) x14 0x0000000080012075
core   0: 0x000000008000ff18 (0xfee43023) sd      a4, -32(s0)
core   0: 3 0x000000008000ff18 (0xfee43023) mem 0x0000000080031f50 0x0000000080012075
core   0: 0x000000008000ff1c (0xfc442703) lw      a4, -60(s0)
core   0: 3 0x000000008000ff1c (0xfc442703) x14 0x0000000000000000 mem 0x0000000080031f34
core   0: 0x000000008000ff20 (0x0ff77713) andi    a4, a4, 255
core   0: 3 0x000000008000ff20 (0x0ff77713) x14 0x0000000000000000
core   0: 0x000000008000ff24 (0x00e78023) sb      a4, 0(a5)
core   0: 3 0x000000008000ff24 (0x00e78023) mem 0x0000000080012074 0x00
core   0: 0x000000008000ff28 (0xfc843703) ld      a4, -56(s0)
core   0: 3 0x000000008000ff28 (0xfc843703) x14 0x0000000080012040 mem 0x0000000080031f38
core   0: 0x000000008000ff2c (0xfb843783) ld      a5, -72(s0)
core   0: 3 0x000000008000ff2c (0xfb843783) x15 0x000000000000009c mem 0x0000000080031f28
core   0: 0x000000008000ff30 (0x000097ba) c.add   a5, a4
core   0: 3 0x000000008000ff30 (0x97ba) x15 0x00000000800120dc
core   0: 0x000000008000ff32 (0xfe043703) ld      a4, -32(s0)
core   0: 3 0x000000008000ff32 (0xfe043703) x14 0x0000000080012075 mem 0x0000000080031f50
core   0: 0x000000008000ff36 (0xfcf76de3) bltu    a4, a5, pc - 38
core   0: 3 0x000000008000ff36 (0xfcf76de3)
core   0: 0x000000008000ff10 (0xfe043783) ld      a5, -32(s0)
core   0: 3 0x000000008000ff10 (0xfe043783) x15 0x0000000080012075 mem 0x0000000080031f50
core   0: 0x000000008000ff14 (0x00178713) addi    a4, a5, 1
core   0: 3 0x000000008000ff14 (0x00178713) x14 0x0000000080012076
core   0: 0x000000008000ff18 (0xfee43023) sd      a4, -32(s0)
core   0: 3 0x000000008000ff18 (0xfee43023) mem 0x0000000080031f50 0x0000000080012076
core   0: 0x000000008000ff1c (0xfc442703) lw      a4, -60(s0)
core   0: 3 0x000000008000ff1c (0xfc442703) x14 0x0000000000000000 mem 0x0000000080031f34
core   0: 0x000000008000ff20 (0x0ff77713) andi    a4, a4, 255
core   0: 3 0x000000008000ff20 (0x0ff77713) x14 0x0000000000000000
core   0: 0x000000008000ff24 (0x00e78023) sb      a4, 0(a5)
core   0: 3 0x000000008000ff24 (0x00e78023) mem 0x0000000080012075 0x00
core   0: 0x000000008000ff28 (0xfc843703) ld      a4, -56(s0)
core   0: 3 0x000000008000ff28 (0xfc843703) x14 0x0000000080012040 mem 0x0000000080031f38
core   0: 0x000000008000ff2c (0xfb843783) ld      a5, -72(s0)
core   0: 3 0x000000008000ff2c (0xfb843783) x15 0x000000000000009c mem 0x0000000080031f28
core   0: 0x000000008000ff30 (0x000097ba) c.add   a5, a4
core   0: 3 0x000000008000ff30 (0x97ba) x15 0x00000000800120dc
core   0: 0x000000008000ff32 (0xfe043703) ld      a4, -32(s0)
core   0: 3 0x000000008000ff32 (0xfe043703) x14 0x0000000080012076 mem 0x0000000080031f50
core   0: 0x000000008000ff36 (0xfcf76de3) bltu    a4, a5, pc - 38
core   0: 3 0x000000008000ff36 (0xfcf76de3)
core   0: 0x000000008000ff10 (0xfe043783) ld      a5, -32(s0)
core   0: 3 0x000000008000ff10 (0xfe043783) x15 0x0000000080012076 mem 0x0000000080031f50
core   0: 0x000000008000ff14 (0x00178713) addi    a4, a5, 1
core   0: 3 0x000000008000ff14 (0x00178713) x14 0x0000000080012077
core   0: 0x000000008000ff18 (0xfee43023) sd      a4, -32(s0)
core   0: 3 0x000000008000ff18 (0xfee43023) mem 0x0000000080031f50 0x0000000080012077
core   0: 0x000000008000ff1c (0xfc442703) lw      a4, -60(s0)
core   0: 3 0x000000008000ff1c (0xfc442703) x14 0x0000000000000000 mem 0x0000000080031f34
core   0: 0x000000008000ff20 (0x0ff77713) andi    a4, a4, 255
core   0: 3 0x000000008000ff20 (0x0ff77713) x14 0x0000000000000000
core   0: 0x000000008000ff24 (0x00e78023) sb      a4, 0(a5)
core   0: 3 0x000000008000ff24 (0x00e78023) mem 0x0000000080012076 0x00
core   0: 0x000000008000ff28 (0xfc843703) ld      a4, -56(s0)
core   0: 3 0x000000008000ff28 (0xfc843703) x14 0x0000000080012040 mem 0x0000000080031f38
core   0: 0x000000008000ff2c (0xfb843783) ld      a5, -72(s0)
core   0: 3 0x000000008000ff2c (0xfb843783) x15 0x000000000000009c mem 0x0000000080031f28
core   0: 0x000000008000ff30 (0x000097ba) c.add   a5, a4
core   0: 3 0x000000008000ff30 (0x97ba) x15 0x00000000800120dc
core   0: 0x000000008000ff32 (0xfe043703) ld      a4, -32(s0)
core   0: 3 0x000000008000ff32 (0xfe043703) x14 0x0000000080012077 mem 0x0000000080031f50
core   0: 0x000000008000ff36 (0xfcf76de3) bltu    a4, a5, pc - 38
core   0: 3 0x000000008000ff36 (0xfcf76de3)
core   0: 0x000000008000ff10 (0xfe043783) ld      a5, -32(s0)
core   0: 3 0x000000008000ff10 (0xfe043783) x15 0x0000000080012077 mem 0x0000000080031f50
core   0: 0x000000008000ff14 (0x00178713) addi    a4, a5, 1
core   0: 3 0x000000008000ff14 (0x00178713) x14 0x0000000080012078
core   0: 0x000000008000ff18 (0xfee43023) sd      a4, -32(s0)
core   0: 3 0x000000008000ff18 (0xfee43023) mem 0x0000000080031f50 0x0000000080012078
core   0: 0x000000008000ff1c (0xfc442703) lw      a4, -60(s0)
core   0: 3 0x000000008000ff1c (0xfc442703) x14 0x0000000000000000 mem 0x0000000080031f34
core   0: 0x000000008000ff20 (0x0ff77713) andi    a4, a4, 255
core   0: 3 0x000000008000ff20 (0x0ff77713) x14 0x0000000000000000
core   0: 0x000000008000ff24 (0x00e78023) sb      a4, 0(a5)
core   0: 3 0x000000008000ff24 (0x00e78023) mem 0x0000000080012077 0x00
core   0: 0x000000008000ff28 (0xfc843703) ld      a4, -56(s0)
core   0: 3 0x000000008000ff28 (0xfc843703) x14 0x0000000080012040 mem 0x0000000080031f38
core   0: 0x000000008000ff2c (0xfb843783) ld      a5, -72(s0)
core   0: 3 0x000000008000ff2c (0xfb843783) x15 0x000000000000009c mem 0x0000000080031f28
core   0: 0x000000008000ff30 (0x000097ba) c.add   a5, a4
core   0: 3 0x000000008000ff30 (0x97ba) x15 0x00000000800120dc
core   0: 0x000000008000ff32 (0xfe043703) ld      a4, -32(s0)
core   0: 3 0x000000008000ff32 (0xfe043703) x14 0x0000000080012078 mem 0x0000000080031f50
core   0: 0x000000008000ff36 (0xfcf76de3) bltu    a4, a5, pc - 38
core   0: 3 0x000000008000ff36 (0xfcf76de3)
core   0: 0x000000008000ff10 (0xfe043783) ld      a5, -32(s0)
core   0: 3 0x000000008000ff10 (0xfe043783) x15 0x0000000080012078 mem 0x0000000080031f50
core   0: 0x000000008000ff14 (0x00178713) addi    a4, a5, 1
core   0: 3 0x000000008000ff14 (0x00178713) x14 0x0000000080012079
core   0: 0x000000008000ff18 (0xfee43023) sd      a4, -32(s0)
core   0: 3 0x000000008000ff18 (0xfee43023) mem 0x0000000080031f50 0x0000000080012079
core   0: 0x000000008000ff1c (0xfc442703) lw      a4, -60(s0)
core   0: 3 0x000000008000ff1c (0xfc442703) x14 0x0000000000000000 mem 0x0000000080031f34
core   0: 0x000000008000ff20 (0x0ff77713) andi    a4, a4, 255
core   0: 3 0x000000008000ff20 (0x0ff77713) x14 0x0000000000000000
core   0: 0x000000008000ff24 (0x00e78023) sb      a4, 0(a5)
core   0: 3 0x000000008000ff24 (0x00e78023) mem 0x0000000080012078 0x00
core   0: 0x000000008000ff28 (0xfc843703) ld      a4, -56(s0)
core   0: 3 0x000000008000ff28 (0xfc843703) x14 0x0000000080012040 mem 0x0000000080031f38
core   0: 0x000000008000ff2c (0xfb843783) ld      a5, -72(s0)
core   0: 3 0x000000008000ff2c (0xfb843783) x15 0x000000000000009c mem 0x0000000080031f28
core   0: 0x000000008000ff30 (0x000097ba) c.add   a5, a4
core   0: 3 0x000000008000ff30 (0x97ba) x15 0x00000000800120dc
core   0: 0x000000008000ff32 (0xfe043703) ld      a4, -32(s0)
core   0: 3 0x000000008000ff32 (0xfe043703) x14 0x0000000080012079 mem 0x0000000080031f50
core   0: 0x000000008000ff36 (0xfcf76de3) bltu    a4, a5, pc - 38
core   0: 3 0x000000008000ff36 (0xfcf76de3)
core   0: 0x000000008000ff10 (0xfe043783) ld      a5, -32(s0)
core   0: 3 0x000000008000ff10 (0xfe043783) x15 0x0000000080012079 mem 0x0000000080031f50
core   0: 0x000000008000ff14 (0x00178713) addi    a4, a5, 1
core   0: 3 0x000000008000ff14 (0x00178713) x14 0x000000008001207a
core   0: 0x000000008000ff18 (0xfee43023) sd      a4, -32(s0)
core   0: 3 0x000000008000ff18 (0xfee43023) mem 0x0000000080031f50 0x000000008001207a
core   0: 0x000000008000ff1c (0xfc442703) lw      a4, -60(s0)
core   0: 3 0x000000008000ff1c (0xfc442703) x14 0x0000000000000000 mem 0x0000000080031f34
core   0: 0x000000008000ff20 (0x0ff77713) andi    a4, a4, 255
core   0: 3 0x000000008000ff20 (0x0ff77713) x14 0x0000000000000000
core   0: 0x000000008000ff24 (0x00e78023) sb      a4, 0(a5)
core   0: 3 0x000000008000ff24 (0x00e78023) mem 0x0000000080012079 0x00
core   0: 0x000000008000ff28 (0xfc843703) ld      a4, -56(s0)
core   0: 3 0x000000008000ff28 (0xfc843703) x14 0x0000000080012040 mem 0x0000000080031f38
core   0: 0x000000008000ff2c (0xfb843783) ld      a5, -72(s0)
core   0: 3 0x000000008000ff2c (0xfb843783) x15 0x000000000000009c mem 0x0000000080031f28
core   0: 0x000000008000ff30 (0x000097ba) c.add   a5, a4
core   0: 3 0x000000008000ff30 (0x97ba) x15 0x00000000800120dc
core   0: 0x000000008000ff32 (0xfe043703) ld      a4, -32(s0)
core   0: 3 0x000000008000ff32 (0xfe043703) x14 0x000000008001207a mem 0x0000000080031f50
core   0: 0x000000008000ff36 (0xfcf76de3) bltu    a4, a5, pc - 38
core   0: 3 0x000000008000ff36 (0xfcf76de3)
core   0: 0x000000008000ff10 (0xfe043783) ld      a5, -32(s0)
core   0: 3 0x000000008000ff10 (0xfe043783) x15 0x000000008001207a mem 0x0000000080031f50
core   0: 0x000000008000ff14 (0x00178713) addi    a4, a5, 1
core   0: 3 0x000000008000ff14 (0x00178713) x14 0x000000008001207b
core   0: 0x000000008000ff18 (0xfee43023) sd      a4, -32(s0)
core   0: 3 0x000000008000ff18 (0xfee43023) mem 0x0000000080031f50 0x000000008001207b
core   0: 0x000000008000ff1c (0xfc442703) lw      a4, -60(s0)
core   0: 3 0x000000008000ff1c (0xfc442703) x14 0x0000000000000000 mem 0x0000000080031f34
core   0: 0x000000008000ff20 (0x0ff77713) andi    a4, a4, 255
core   0: 3 0x000000008000ff20 (0x0ff77713) x14 0x0000000000000000
core   0: 0x000000008000ff24 (0x00e78023) sb      a4, 0(a5)
core   0: 3 0x000000008000ff24 (0x00e78023) mem 0x000000008001207a 0x00
core   0: 0x000000008000ff28 (0xfc843703) ld      a4, -56(s0)
core   0: 3 0x000000008000ff28 (0xfc843703) x14 0x0000000080012040 mem 0x0000000080031f38
core   0: 0x000000008000ff2c (0xfb843783) ld      a5, -72(s0)
core   0: 3 0x000000008000ff2c (0xfb843783) x15 0x000000000000009c mem 0x0000000080031f28
core   0: 0x000000008000ff30 (0x000097ba) c.add   a5, a4
core   0: 3 0x000000008000ff30 (0x97ba) x15 0x00000000800120dc
core   0: 0x000000008000ff32 (0xfe043703) ld      a4, -32(s0)
core   0: 3 0x000000008000ff32 (0xfe043703) x14 0x000000008001207b mem 0x0000000080031f50
core   0: 0x000000008000ff36 (0xfcf76de3) bltu    a4, a5, pc - 38
core   0: 3 0x000000008000ff36 (0xfcf76de3)
core   0: 0x000000008000ff10 (0xfe043783) ld      a5, -32(s0)
core   0: 3 0x000000008000ff10 (0xfe043783) x15 0x000000008001207b mem 0x0000000080031f50
core   0: 0x000000008000ff14 (0x00178713) addi    a4, a5, 1
core   0: 3 0x000000008000ff14 (0x00178713) x14 0x000000008001207c
core   0: 0x000000008000ff18 (0xfee43023) sd      a4, -32(s0)
core   0: 3 0x000000008000ff18 (0xfee43023) mem 0x0000000080031f50 0x000000008001207c
core   0: 0x000000008000ff1c (0xfc442703) lw      a4, -60(s0)
core   0: 3 0x000000008000ff1c (0xfc442703) x14 0x0000000000000000 mem 0x0000000080031f34
core   0: 0x000000008000ff20 (0x0ff77713) andi    a4, a4, 255
core   0: 3 0x000000008000ff20 (0x0ff77713) x14 0x0000000000000000
core   0: 0x000000008000ff24 (0x00e78023) sb      a4, 0(a5)
core   0: 3 0x000000008000ff24 (0x00e78023) mem 0x000000008001207b 0x00
core   0: 0x000000008000ff28 (0xfc843703) ld      a4, -56(s0)
core   0: 3 0x000000008000ff28 (0xfc843703) x14 0x0000000080012040 mem 0x0000000080031f38
core   0: 0x000000008000ff2c (0xfb843783) ld      a5, -72(s0)
core   0: 3 0x000000008000ff2c (0xfb843783) x15 0x000000000000009c mem 0x0000000080031f28
core   0: 0x000000008000ff30 (0x000097ba) c.add   a5, a4
core   0: 3 0x000000008000ff30 (0x97ba) x15 0x00000000800120dc
core   0: 0x000000008000ff32 (0xfe043703) ld      a4, -32(s0)
core   0: 3 0x000000008000ff32 (0xfe043703) x14 0x000000008001207c mem 0x0000000080031f50
core   0: 0x000000008000ff36 (0xfcf76de3) bltu    a4, a5, pc - 38
core   0: 3 0x000000008000ff36 (0xfcf76de3)
core   0: 0x000000008000ff10 (0xfe043783) ld      a5, -32(s0)
core   0: 3 0x000000008000ff10 (0xfe043783) x15 0x000000008001207c mem 0x0000000080031f50
core   0: 0x000000008000ff14 (0x00178713) addi    a4, a5, 1
core   0: 3 0x000000008000ff14 (0x00178713) x14 0x000000008001207d
core   0: 0x000000008000ff18 (0xfee43023) sd      a4, -32(s0)
core   0: 3 0x000000008000ff18 (0xfee43023) mem 0x0000000080031f50 0x000000008001207d
core   0: 0x000000008000ff1c (0xfc442703) lw      a4, -60(s0)
core   0: 3 0x000000008000ff1c (0xfc442703) x14 0x0000000000000000 mem 0x0000000080031f34
core   0: 0x000000008000ff20 (0x0ff77713) andi    a4, a4, 255
core   0: 3 0x000000008000ff20 (0x0ff77713) x14 0x0000000000000000
core   0: 0x000000008000ff24 (0x00e78023) sb      a4, 0(a5)
core   0: 3 0x000000008000ff24 (0x00e78023) mem 0x000000008001207c 0x00
core   0: 0x000000008000ff28 (0xfc843703) ld      a4, -56(s0)
core   0: 3 0x000000008000ff28 (0xfc843703) x14 0x0000000080012040 mem 0x0000000080031f38
core   0: 0x000000008000ff2c (0xfb843783) ld      a5, -72(s0)
core   0: 3 0x000000008000ff2c (0xfb843783) x15 0x000000000000009c mem 0x0000000080031f28
core   0: 0x000000008000ff30 (0x000097ba) c.add   a5, a4
core   0: 3 0x000000008000ff30 (0x97ba) x15 0x00000000800120dc
core   0: 0x000000008000ff32 (0xfe043703) ld      a4, -32(s0)
core   0: 3 0x000000008000ff32 (0xfe043703) x14 0x000000008001207d mem 0x0000000080031f50
core   0: 0x000000008000ff36 (0xfcf76de3) bltu    a4, a5, pc - 38
core   0: 3 0x000000008000ff36 (0xfcf76de3)
core   0: 0x000000008000ff10 (0xfe043783) ld      a5, -32(s0)
core   0: 3 0x000000008000ff10 (0xfe043783) x15 0x000000008001207d mem 0x0000000080031f50
core   0: 0x000000008000ff14 (0x00178713) addi    a4, a5, 1
core   0: 3 0x000000008000ff14 (0x00178713) x14 0x000000008001207e
core   0: 0x000000008000ff18 (0xfee43023) sd      a4, -32(s0)
core   0: 3 0x000000008000ff18 (0xfee43023) mem 0x0000000080031f50 0x000000008001207e
core   0: 0x000000008000ff1c (0xfc442703) lw      a4, -60(s0)
core   0: 3 0x000000008000ff1c (0xfc442703) x14 0x0000000000000000 mem 0x0000000080031f34
core   0: 0x000000008000ff20 (0x0ff77713) andi    a4, a4, 255
core   0: 3 0x000000008000ff20 (0x0ff77713) x14 0x0000000000000000
core   0: 0x000000008000ff24 (0x00e78023) sb      a4, 0(a5)
core   0: 3 0x000000008000ff24 (0x00e78023) mem 0x000000008001207d 0x00
core   0: 0x000000008000ff28 (0xfc843703) ld      a4, -56(s0)
core   0: 3 0x000000008000ff28 (0xfc843703) x14 0x0000000080012040 mem 0x0000000080031f38
core   0: 0x000000008000ff2c (0xfb843783) ld      a5, -72(s0)
core   0: 3 0x000000008000ff2c (0xfb843783) x15 0x000000000000009c mem 0x0000000080031f28
core   0: 0x000000008000ff30 (0x000097ba) c.add   a5, a4
core   0: 3 0x000000008000ff30 (0x97ba) x15 0x00000000800120dc
core   0: 0x000000008000ff32 (0xfe043703) ld      a4, -32(s0)
core   0: 3 0x000000008000ff32 (0xfe043703) x14 0x000000008001207e mem 0x0000000080031f50
core   0: 0x000000008000ff36 (0xfcf76de3) bltu    a4, a5, pc - 38
core   0: 3 0x000000008000ff36 (0xfcf76de3)
core   0: 0x000000008000ff10 (0xfe043783) ld      a5, -32(s0)
core   0: 3 0x000000008000ff10 (0xfe043783) x15 0x000000008001207e mem 0x0000000080031f50
core   0: 0x000000008000ff14 (0x00178713) addi    a4, a5, 1
core   0: 3 0x000000008000ff14 (0x00178713) x14 0x000000008001207f
core   0: 0x000000008000ff18 (0xfee43023) sd      a4, -32(s0)
core   0: 3 0x000000008000ff18 (0xfee43023) mem 0x0000000080031f50 0x000000008001207f
core   0: 0x000000008000ff1c (0xfc442703) lw      a4, -60(s0)
core   0: 3 0x000000008000ff1c (0xfc442703) x14 0x0000000000000000 mem 0x0000000080031f34
core   0: 0x000000008000ff20 (0x0ff77713) andi    a4, a4, 255
core   0: 3 0x000000008000ff20 (0x0ff77713) x14 0x0000000000000000
core   0: 0x000000008000ff24 (0x00e78023) sb      a4, 0(a5)
core   0: 3 0x000000008000ff24 (0x00e78023) mem 0x000000008001207e 0x00
core   0: 0x000000008000ff28 (0xfc843703) ld      a4, -56(s0)
core   0: 3 0x000000008000ff28 (0xfc843703) x14 0x0000000080012040 mem 0x0000000080031f38
core   0: 0x000000008000ff2c (0xfb843783) ld      a5, -72(s0)
core   0: 3 0x000000008000ff2c (0xfb843783) x15 0x000000000000009c mem 0x0000000080031f28
core   0: 0x000000008000ff30 (0x000097ba) c.add   a5, a4
core   0: 3 0x000000008000ff30 (0x97ba) x15 0x00000000800120dc
core   0: 0x000000008000ff32 (0xfe043703) ld      a4, -32(s0)
core   0: 3 0x000000008000ff32 (0xfe043703) x14 0x000000008001207f mem 0x0000000080031f50
core   0: 0x000000008000ff36 (0xfcf76de3) bltu    a4, a5, pc - 38
core   0: 3 0x000000008000ff36 (0xfcf76de3)
core   0: 0x000000008000ff10 (0xfe043783) ld      a5, -32(s0)
core   0: 3 0x000000008000ff10 (0xfe043783) x15 0x000000008001207f mem 0x0000000080031f50
core   0: 0x000000008000ff14 (0x00178713) addi    a4, a5, 1
core   0: 3 0x000000008000ff14 (0x00178713) x14 0x0000000080012080
core   0: 0x000000008000ff18 (0xfee43023) sd      a4, -32(s0)
core   0: 3 0x000000008000ff18 (0xfee43023) mem 0x0000000080031f50 0x0000000080012080
core   0: 0x000000008000ff1c (0xfc442703) lw      a4, -60(s0)
core   0: 3 0x000000008000ff1c (0xfc442703) x14 0x0000000000000000 mem 0x0000000080031f34
core   0: 0x000000008000ff20 (0x0ff77713) andi    a4, a4, 255
core   0: 3 0x000000008000ff20 (0x0ff77713) x14 0x0000000000000000
core   0: 0x000000008000ff24 (0x00e78023) sb      a4, 0(a5)
core   0: 3 0x000000008000ff24 (0x00e78023) mem 0x000000008001207f 0x00
core   0: 0x000000008000ff28 (0xfc843703) ld      a4, -56(s0)
core   0: 3 0x000000008000ff28 (0xfc843703) x14 0x0000000080012040 mem 0x0000000080031f38
core   0: 0x000000008000ff2c (0xfb843783) ld      a5, -72(s0)
core   0: 3 0x000000008000ff2c (0xfb843783) x15 0x000000000000009c mem 0x0000000080031f28
core   0: 0x000000008000ff30 (0x000097ba) c.add   a5, a4
core   0: 3 0x000000008000ff30 (0x97ba) x15 0x00000000800120dc
core   0: 0x000000008000ff32 (0xfe043703) ld      a4, -32(s0)
core   0: 3 0x000000008000ff32 (0xfe043703) x14 0x0000000080012080 mem 0x0000000080031f50
core   0: 0x000000008000ff36 (0xfcf76de3) bltu    a4, a5, pc - 38
core   0: 3 0x000000008000ff36 (0xfcf76de3)
core   0: 0x000000008000ff10 (0xfe043783) ld      a5, -32(s0)
core   0: 3 0x000000008000ff10 (0xfe043783) x15 0x0000000080012080 mem 0x0000000080031f50
core   0: 0x000000008000ff14 (0x00178713) addi    a4, a5, 1
core   0: 3 0x000000008000ff14 (0x00178713) x14 0x0000000080012081
core   0: 0x000000008000ff18 (0xfee43023) sd      a4, -32(s0)
core   0: 3 0x000000008000ff18 (0xfee43023) mem 0x0000000080031f50 0x0000000080012081
core   0: 0x000000008000ff1c (0xfc442703) lw      a4, -60(s0)
core   0: 3 0x000000008000ff1c (0xfc442703) x14 0x0000000000000000 mem 0x0000000080031f34
core   0: 0x000000008000ff20 (0x0ff77713) andi    a4, a4, 255
core   0: 3 0x000000008000ff20 (0x0ff77713) x14 0x0000000000000000
core   0: 0x000000008000ff24 (0x00e78023) sb      a4, 0(a5)
core   0: 3 0x000000008000ff24 (0x00e78023) mem 0x0000000080012080 0x00
core   0: 0x000000008000ff28 (0xfc843703) ld      a4, -56(s0)
core   0: 3 0x000000008000ff28 (0xfc843703) x14 0x0000000080012040 mem 0x0000000080031f38
core   0: 0x000000008000ff2c (0xfb843783) ld      a5, -72(s0)
core   0: 3 0x000000008000ff2c (0xfb843783) x15 0x000000000000009c mem 0x0000000080031f28
core   0: 0x000000008000ff30 (0x000097ba) c.add   a5, a4
core   0: 3 0x000000008000ff30 (0x97ba) x15 0x00000000800120dc
core   0: 0x000000008000ff32 (0xfe043703) ld      a4, -32(s0)
core   0: 3 0x000000008000ff32 (0xfe043703) x14 0x0000000080012081 mem 0x0000000080031f50
core   0: 0x000000008000ff36 (0xfcf76de3) bltu    a4, a5, pc - 38
core   0: 3 0x000000008000ff36 (0xfcf76de3)
core   0: 0x000000008000ff10 (0xfe043783) ld      a5, -32(s0)
core   0: 3 0x000000008000ff10 (0xfe043783) x15 0x0000000080012081 mem 0x0000000080031f50
core   0: 0x000000008000ff14 (0x00178713) addi    a4, a5, 1
core   0: 3 0x000000008000ff14 (0x00178713) x14 0x0000000080012082
core   0: 0x000000008000ff18 (0xfee43023) sd      a4, -32(s0)
core   0: 3 0x000000008000ff18 (0xfee43023) mem 0x0000000080031f50 0x0000000080012082
core   0: 0x000000008000ff1c (0xfc442703) lw      a4, -60(s0)
core   0: 3 0x000000008000ff1c (0xfc442703) x14 0x0000000000000000 mem 0x0000000080031f34
core   0: 0x000000008000ff20 (0x0ff77713) andi    a4, a4, 255
core   0: 3 0x000000008000ff20 (0x0ff77713) x14 0x0000000000000000
core   0: 0x000000008000ff24 (0x00e78023) sb      a4, 0(a5)
core   0: 3 0x000000008000ff24 (0x00e78023) mem 0x0000000080012081 0x00
core   0: 0x000000008000ff28 (0xfc843703) ld      a4, -56(s0)
core   0: 3 0x000000008000ff28 (0xfc843703) x14 0x0000000080012040 mem 0x0000000080031f38
core   0: 0x000000008000ff2c (0xfb843783) ld      a5, -72(s0)
core   0: 3 0x000000008000ff2c (0xfb843783) x15 0x000000000000009c mem 0x0000000080031f28
core   0: 0x000000008000ff30 (0x000097ba) c.add   a5, a4
core   0: 3 0x000000008000ff30 (0x97ba) x15 0x00000000800120dc
core   0: 0x000000008000ff32 (0xfe043703) ld      a4, -32(s0)
core   0: 3 0x000000008000ff32 (0xfe043703) x14 0x0000000080012082 mem 0x0000000080031f50
core   0: 0x000000008000ff36 (0xfcf76de3) bltu    a4, a5, pc - 38
core   0: 3 0x000000008000ff36 (0xfcf76de3)
core   0: 0x000000008000ff10 (0xfe043783) ld      a5, -32(s0)
core   0: 3 0x000000008000ff10 (0xfe043783) x15 0x0000000080012082 mem 0x0000000080031f50
core   0: 0x000000008000ff14 (0x00178713) addi    a4, a5, 1
core   0: 3 0x000000008000ff14 (0x00178713) x14 0x0000000080012083
core   0: 0x000000008000ff18 (0xfee43023) sd      a4, -32(s0)
core   0: 3 0x000000008000ff18 (0xfee43023) mem 0x0000000080031f50 0x0000000080012083
core   0: 0x000000008000ff1c (0xfc442703) lw      a4, -60(s0)
core   0: 3 0x000000008000ff1c (0xfc442703) x14 0x0000000000000000 mem 0x0000000080031f34
core   0: 0x000000008000ff20 (0x0ff77713) andi    a4, a4, 255
core   0: 3 0x000000008000ff20 (0x0ff77713) x14 0x0000000000000000
core   0: 0x000000008000ff24 (0x00e78023) sb      a4, 0(a5)
core   0: 3 0x000000008000ff24 (0x00e78023) mem 0x0000000080012082 0x00
core   0: 0x000000008000ff28 (0xfc843703) ld      a4, -56(s0)
core   0: 3 0x000000008000ff28 (0xfc843703) x14 0x0000000080012040 mem 0x0000000080031f38
core   0: 0x000000008000ff2c (0xfb843783) ld      a5, -72(s0)
core   0: 3 0x000000008000ff2c (0xfb843783) x15 0x000000000000009c mem 0x0000000080031f28
core   0: 0x000000008000ff30 (0x000097ba) c.add   a5, a4
core   0: 3 0x000000008000ff30 (0x97ba) x15 0x00000000800120dc
core   0: 0x000000008000ff32 (0xfe043703) ld      a4, -32(s0)
core   0: 3 0x000000008000ff32 (0xfe043703) x14 0x0000000080012083 mem 0x0000000080031f50
core   0: 0x000000008000ff36 (0xfcf76de3) bltu    a4, a5, pc - 38
core   0: 3 0x000000008000ff36 (0xfcf76de3)
core   0: 0x000000008000ff10 (0xfe043783) ld      a5, -32(s0)
core   0: 3 0x000000008000ff10 (0xfe043783) x15 0x0000000080012083 mem 0x0000000080031f50
core   0: 0x000000008000ff14 (0x00178713) addi    a4, a5, 1
core   0: 3 0x000000008000ff14 (0x00178713) x14 0x0000000080012084
core   0: 0x000000008000ff18 (0xfee43023) sd      a4, -32(s0)
core   0: 3 0x000000008000ff18 (0xfee43023) mem 0x0000000080031f50 0x0000000080012084
core   0: 0x000000008000ff1c (0xfc442703) lw      a4, -60(s0)
core   0: 3 0x000000008000ff1c (0xfc442703) x14 0x0000000000000000 mem 0x0000000080031f34
core   0: 0x000000008000ff20 (0x0ff77713) andi    a4, a4, 255
core   0: 3 0x000000008000ff20 (0x0ff77713) x14 0x0000000000000000
core   0: 0x000000008000ff24 (0x00e78023) sb      a4, 0(a5)
core   0: 3 0x000000008000ff24 (0x00e78023) mem 0x0000000080012083 0x00
core   0: 0x000000008000ff28 (0xfc843703) ld      a4, -56(s0)
core   0: 3 0x000000008000ff28 (0xfc843703) x14 0x0000000080012040 mem 0x0000000080031f38
core   0: 0x000000008000ff2c (0xfb843783) ld      a5, -72(s0)
core   0: 3 0x000000008000ff2c (0xfb843783) x15 0x000000000000009c mem 0x0000000080031f28
core   0: 0x000000008000ff30 (0x000097ba) c.add   a5, a4
core   0: 3 0x000000008000ff30 (0x97ba) x15 0x00000000800120dc
core   0: 0x000000008000ff32 (0xfe043703) ld      a4, -32(s0)
core   0: 3 0x000000008000ff32 (0xfe043703) x14 0x0000000080012084 mem 0x0000000080031f50
core   0: 0x000000008000ff36 (0xfcf76de3) bltu    a4, a5, pc - 38
core   0: 3 0x000000008000ff36 (0xfcf76de3)
core   0: 0x000000008000ff10 (0xfe043783) ld      a5, -32(s0)
core   0: 3 0x000000008000ff10 (0xfe043783) x15 0x0000000080012084 mem 0x0000000080031f50
core   0: 0x000000008000ff14 (0x00178713) addi    a4, a5, 1
core   0: 3 0x000000008000ff14 (0x00178713) x14 0x0000000080012085
core   0: 0x000000008000ff18 (0xfee43023) sd      a4, -32(s0)
core   0: 3 0x000000008000ff18 (0xfee43023) mem 0x0000000080031f50 0x0000000080012085
core   0: 0x000000008000ff1c (0xfc442703) lw      a4, -60(s0)
core   0: 3 0x000000008000ff1c (0xfc442703) x14 0x0000000000000000 mem 0x0000000080031f34
core   0: 0x000000008000ff20 (0x0ff77713) andi    a4, a4, 255
core   0: 3 0x000000008000ff20 (0x0ff77713) x14 0x0000000000000000
core   0: 0x000000008000ff24 (0x00e78023) sb      a4, 0(a5)
core   0: 3 0x000000008000ff24 (0x00e78023) mem 0x0000000080012084 0x00
core   0: 0x000000008000ff28 (0xfc843703) ld      a4, -56(s0)
core   0: 3 0x000000008000ff28 (0xfc843703) x14 0x0000000080012040 mem 0x0000000080031f38
core   0: 0x000000008000ff2c (0xfb843783) ld      a5, -72(s0)
core   0: 3 0x000000008000ff2c (0xfb843783) x15 0x000000000000009c mem 0x0000000080031f28
core   0: 0x000000008000ff30 (0x000097ba) c.add   a5, a4
core   0: 3 0x000000008000ff30 (0x97ba) x15 0x00000000800120dc
core   0: 0x000000008000ff32 (0xfe043703) ld      a4, -32(s0)
core   0: 3 0x000000008000ff32 (0xfe043703) x14 0x0000000080012085 mem 0x0000000080031f50
core   0: 0x000000008000ff36 (0xfcf76de3) bltu    a4, a5, pc - 38
core   0: 3 0x000000008000ff36 (0xfcf76de3)
core   0: 0x000000008000ff10 (0xfe043783) ld      a5, -32(s0)
core   0: 3 0x000000008000ff10 (0xfe043783) x15 0x0000000080012085 mem 0x0000000080031f50
core   0: 0x000000008000ff14 (0x00178713) addi    a4, a5, 1
core   0: 3 0x000000008000ff14 (0x00178713) x14 0x0000000080012086
core   0: 0x000000008000ff18 (0xfee43023) sd      a4, -32(s0)
core   0: 3 0x000000008000ff18 (0xfee43023) mem 0x0000000080031f50 0x0000000080012086
core   0: 0x000000008000ff1c (0xfc442703) lw      a4, -60(s0)
core   0: 3 0x000000008000ff1c (0xfc442703) x14 0x0000000000000000 mem 0x0000000080031f34
core   0: 0x000000008000ff20 (0x0ff77713) andi    a4, a4, 255
core   0: 3 0x000000008000ff20 (0x0ff77713) x14 0x0000000000000000
core   0: 0x000000008000ff24 (0x00e78023) sb      a4, 0(a5)
core   0: 3 0x000000008000ff24 (0x00e78023) mem 0x0000000080012085 0x00
core   0: 0x000000008000ff28 (0xfc843703) ld      a4, -56(s0)
core   0: 3 0x000000008000ff28 (0xfc843703) x14 0x0000000080012040 mem 0x0000000080031f38
core   0: 0x000000008000ff2c (0xfb843783) ld      a5, -72(s0)
core   0: 3 0x000000008000ff2c (0xfb843783) x15 0x000000000000009c mem 0x0000000080031f28
core   0: 0x000000008000ff30 (0x000097ba) c.add   a5, a4
core   0: 3 0x000000008000ff30 (0x97ba) x15 0x00000000800120dc
core   0: 0x000000008000ff32 (0xfe043703) ld      a4, -32(s0)
core   0: 3 0x000000008000ff32 (0xfe043703) x14 0x0000000080012086 mem 0x0000000080031f50
core   0: 0x000000008000ff36 (0xfcf76de3) bltu    a4, a5, pc - 38
core   0: 3 0x000000008000ff36 (0xfcf76de3)
core   0: 0x000000008000ff10 (0xfe043783) ld      a5, -32(s0)
core   0: 3 0x000000008000ff10 (0xfe043783) x15 0x0000000080012086 mem 0x0000000080031f50
core   0: 0x000000008000ff14 (0x00178713) addi    a4, a5, 1
core   0: 3 0x000000008000ff14 (0x00178713) x14 0x0000000080012087
core   0: 0x000000008000ff18 (0xfee43023) sd      a4, -32(s0)
core   0: 3 0x000000008000ff18 (0xfee43023) mem 0x0000000080031f50 0x0000000080012087
core   0: 0x000000008000ff1c (0xfc442703) lw      a4, -60(s0)
core   0: 3 0x000000008000ff1c (0xfc442703) x14 0x0000000000000000 mem 0x0000000080031f34
core   0: 0x000000008000ff20 (0x0ff77713) andi    a4, a4, 255
core   0: 3 0x000000008000ff20 (0x0ff77713) x14 0x0000000000000000
core   0: 0x000000008000ff24 (0x00e78023) sb      a4, 0(a5)
core   0: 3 0x000000008000ff24 (0x00e78023) mem 0x0000000080012086 0x00
core   0: 0x000000008000ff28 (0xfc843703) ld      a4, -56(s0)
core   0: 3 0x000000008000ff28 (0xfc843703) x14 0x0000000080012040 mem 0x0000000080031f38
core   0: 0x000000008000ff2c (0xfb843783) ld      a5, -72(s0)
core   0: 3 0x000000008000ff2c (0xfb843783) x15 0x000000000000009c mem 0x0000000080031f28
core   0: 0x000000008000ff30 (0x000097ba) c.add   a5, a4
core   0: 3 0x000000008000ff30 (0x97ba) x15 0x00000000800120dc
core   0: 0x000000008000ff32 (0xfe043703) ld      a4, -32(s0)
core   0: 3 0x000000008000ff32 (0xfe043703) x14 0x0000000080012087 mem 0x0000000080031f50
core   0: 0x000000008000ff36 (0xfcf76de3) bltu    a4, a5, pc - 38
core   0: 3 0x000000008000ff36 (0xfcf76de3)
core   0: 0x000000008000ff10 (0xfe043783) ld      a5, -32(s0)
core   0: 3 0x000000008000ff10 (0xfe043783) x15 0x0000000080012087 mem 0x0000000080031f50
core   0: 0x000000008000ff14 (0x00178713) addi    a4, a5, 1
core   0: 3 0x000000008000ff14 (0x00178713) x14 0x0000000080012088
core   0: 0x000000008000ff18 (0xfee43023) sd      a4, -32(s0)
core   0: 3 0x000000008000ff18 (0xfee43023) mem 0x0000000080031f50 0x0000000080012088
core   0: 0x000000008000ff1c (0xfc442703) lw      a4, -60(s0)
core   0: 3 0x000000008000ff1c (0xfc442703) x14 0x0000000000000000 mem 0x0000000080031f34
core   0: 0x000000008000ff20 (0x0ff77713) andi    a4, a4, 255
core   0: 3 0x000000008000ff20 (0x0ff77713) x14 0x0000000000000000
core   0: 0x000000008000ff24 (0x00e78023) sb      a4, 0(a5)
core   0: 3 0x000000008000ff24 (0x00e78023) mem 0x0000000080012087 0x00
core   0: 0x000000008000ff28 (0xfc843703) ld      a4, -56(s0)
core   0: 3 0x000000008000ff28 (0xfc843703) x14 0x0000000080012040 mem 0x0000000080031f38
core   0: 0x000000008000ff2c (0xfb843783) ld      a5, -72(s0)
core   0: 3 0x000000008000ff2c (0xfb843783) x15 0x000000000000009c mem 0x0000000080031f28
core   0: 0x000000008000ff30 (0x000097ba) c.add   a5, a4
core   0: 3 0x000000008000ff30 (0x97ba) x15 0x00000000800120dc
core   0: 0x000000008000ff32 (0xfe043703) ld      a4, -32(s0)
core   0: 3 0x000000008000ff32 (0xfe043703) x14 0x0000000080012088 mem 0x0000000080031f50
core   0: 0x000000008000ff36 (0xfcf76de3) bltu    a4, a5, pc - 38
core   0: 3 0x000000008000ff36 (0xfcf76de3)
core   0: 0x000000008000ff10 (0xfe043783) ld      a5, -32(s0)
core   0: 3 0x000000008000ff10 (0xfe043783) x15 0x0000000080012088 mem 0x0000000080031f50
core   0: 0x000000008000ff14 (0x00178713) addi    a4, a5, 1
core   0: 3 0x000000008000ff14 (0x00178713) x14 0x0000000080012089
core   0: 0x000000008000ff18 (0xfee43023) sd      a4, -32(s0)
core   0: 3 0x000000008000ff18 (0xfee43023) mem 0x0000000080031f50 0x0000000080012089
core   0: 0x000000008000ff1c (0xfc442703) lw      a4, -60(s0)
core   0: 3 0x000000008000ff1c (0xfc442703) x14 0x0000000000000000 mem 0x0000000080031f34
core   0: 0x000000008000ff20 (0x0ff77713) andi    a4, a4, 255
core   0: 3 0x000000008000ff20 (0x0ff77713) x14 0x0000000000000000
core   0: 0x000000008000ff24 (0x00e78023) sb      a4, 0(a5)
core   0: 3 0x000000008000ff24 (0x00e78023) mem 0x0000000080012088 0x00
core   0: 0x000000008000ff28 (0xfc843703) ld      a4, -56(s0)
core   0: 3 0x000000008000ff28 (0xfc843703) x14 0x0000000080012040 mem 0x0000000080031f38
core   0: 0x000000008000ff2c (0xfb843783) ld      a5, -72(s0)
core   0: 3 0x000000008000ff2c (0xfb843783) x15 0x000000000000009c mem 0x0000000080031f28
core   0: 0x000000008000ff30 (0x000097ba) c.add   a5, a4
core   0: 3 0x000000008000ff30 (0x97ba) x15 0x00000000800120dc
core   0: 0x000000008000ff32 (0xfe043703) ld      a4, -32(s0)
core   0: 3 0x000000008000ff32 (0xfe043703) x14 0x0000000080012089 mem 0x0000000080031f50
core   0: 0x000000008000ff36 (0xfcf76de3) bltu    a4, a5, pc - 38
core   0: 3 0x000000008000ff36 (0xfcf76de3)
core   0: 0x000000008000ff10 (0xfe043783) ld      a5, -32(s0)
core   0: 3 0x000000008000ff10 (0xfe043783) x15 0x0000000080012089 mem 0x0000000080031f50
core   0: 0x000000008000ff14 (0x00178713) addi    a4, a5, 1
core   0: 3 0x000000008000ff14 (0x00178713) x14 0x000000008001208a
core   0: 0x000000008000ff18 (0xfee43023) sd      a4, -32(s0)
core   0: 3 0x000000008000ff18 (0xfee43023) mem 0x0000000080031f50 0x000000008001208a
core   0: 0x000000008000ff1c (0xfc442703) lw      a4, -60(s0)
core   0: 3 0x000000008000ff1c (0xfc442703) x14 0x0000000000000000 mem 0x0000000080031f34
core   0: 0x000000008000ff20 (0x0ff77713) andi    a4, a4, 255
core   0: 3 0x000000008000ff20 (0x0ff77713) x14 0x0000000000000000
core   0: 0x000000008000ff24 (0x00e78023) sb      a4, 0(a5)
core   0: 3 0x000000008000ff24 (0x00e78023) mem 0x0000000080012089 0x00
core   0: 0x000000008000ff28 (0xfc843703) ld      a4, -56(s0)
core   0: 3 0x000000008000ff28 (0xfc843703) x14 0x0000000080012040 mem 0x0000000080031f38
core   0: 0x000000008000ff2c (0xfb843783) ld      a5, -72(s0)
core   0: 3 0x000000008000ff2c (0xfb843783) x15 0x000000000000009c mem 0x0000000080031f28
core   0: 0x000000008000ff30 (0x000097ba) c.add   a5, a4
core   0: 3 0x000000008000ff30 (0x97ba) x15 0x00000000800120dc
core   0: 0x000000008000ff32 (0xfe043703) ld      a4, -32(s0)
core   0: 3 0x000000008000ff32 (0xfe043703) x14 0x000000008001208a mem 0x0000000080031f50
core   0: 0x000000008000ff36 (0xfcf76de3) bltu    a4, a5, pc - 38
core   0: 3 0x000000008000ff36 (0xfcf76de3)
core   0: 0x000000008000ff10 (0xfe043783) ld      a5, -32(s0)
core   0: 3 0x000000008000ff10 (0xfe043783) x15 0x000000008001208a mem 0x0000000080031f50
core   0: 0x000000008000ff14 (0x00178713) addi    a4, a5, 1
core   0: 3 0x000000008000ff14 (0x00178713) x14 0x000000008001208b
core   0: 0x000000008000ff18 (0xfee43023) sd      a4, -32(s0)
core   0: 3 0x000000008000ff18 (0xfee43023) mem 0x0000000080031f50 0x000000008001208b
core   0: 0x000000008000ff1c (0xfc442703) lw      a4, -60(s0)
core   0: 3 0x000000008000ff1c (0xfc442703) x14 0x0000000000000000 mem 0x0000000080031f34
core   0: 0x000000008000ff20 (0x0ff77713) andi    a4, a4, 255
core   0: 3 0x000000008000ff20 (0x0ff77713) x14 0x0000000000000000
core   0: 0x000000008000ff24 (0x00e78023) sb      a4, 0(a5)
core   0: 3 0x000000008000ff24 (0x00e78023) mem 0x000000008001208a 0x00
core   0: 0x000000008000ff28 (0xfc843703) ld      a4, -56(s0)
core   0: 3 0x000000008000ff28 (0xfc843703) x14 0x0000000080012040 mem 0x0000000080031f38
core   0: 0x000000008000ff2c (0xfb843783) ld      a5, -72(s0)
core   0: 3 0x000000008000ff2c (0xfb843783) x15 0x000000000000009c mem 0x0000000080031f28
core   0: 0x000000008000ff30 (0x000097ba) c.add   a5, a4
core   0: 3 0x000000008000ff30 (0x97ba) x15 0x00000000800120dc
core   0: 0x000000008000ff32 (0xfe043703) ld      a4, -32(s0)
core   0: 3 0x000000008000ff32 (0xfe043703) x14 0x000000008001208b mem 0x0000000080031f50
core   0: 0x000000008000ff36 (0xfcf76de3) bltu    a4, a5, pc - 38
core   0: 3 0x000000008000ff36 (0xfcf76de3)
core   0: 0x000000008000ff10 (0xfe043783) ld      a5, -32(s0)
core   0: 3 0x000000008000ff10 (0xfe043783) x15 0x000000008001208b mem 0x0000000080031f50
core   0: 0x000000008000ff14 (0x00178713) addi    a4, a5, 1
core   0: 3 0x000000008000ff14 (0x00178713) x14 0x000000008001208c
core   0: 0x000000008000ff18 (0xfee43023) sd      a4, -32(s0)
core   0: 3 0x000000008000ff18 (0xfee43023) mem 0x0000000080031f50 0x000000008001208c
core   0: 0x000000008000ff1c (0xfc442703) lw      a4, -60(s0)
core   0: 3 0x000000008000ff1c (0xfc442703) x14 0x0000000000000000 mem 0x0000000080031f34
core   0: 0x000000008000ff20 (0x0ff77713) andi    a4, a4, 255
core   0: 3 0x000000008000ff20 (0x0ff77713) x14 0x0000000000000000
core   0: 0x000000008000ff24 (0x00e78023) sb      a4, 0(a5)
core   0: 3 0x000000008000ff24 (0x00e78023) mem 0x000000008001208b 0x00
core   0: 0x000000008000ff28 (0xfc843703) ld      a4, -56(s0)
core   0: 3 0x000000008000ff28 (0xfc843703) x14 0x0000000080012040 mem 0x0000000080031f38
core   0: 0x000000008000ff2c (0xfb843783) ld      a5, -72(s0)
core   0: 3 0x000000008000ff2c (0xfb843783) x15 0x000000000000009c mem 0x0000000080031f28
core   0: 0x000000008000ff30 (0x000097ba) c.add   a5, a4
core   0: 3 0x000000008000ff30 (0x97ba) x15 0x00000000800120dc
core   0: 0x000000008000ff32 (0xfe043703) ld      a4, -32(s0)
core   0: 3 0x000000008000ff32 (0xfe043703) x14 0x000000008001208c mem 0x0000000080031f50
core   0: 0x000000008000ff36 (0xfcf76de3) bltu    a4, a5, pc - 38
core   0: 3 0x000000008000ff36 (0xfcf76de3)
core   0: 0x000000008000ff10 (0xfe043783) ld      a5, -32(s0)
core   0: 3 0x000000008000ff10 (0xfe043783) x15 0x000000008001208c mem 0x0000000080031f50
core   0: 0x000000008000ff14 (0x00178713) addi    a4, a5, 1
core   0: 3 0x000000008000ff14 (0x00178713) x14 0x000000008001208d
core   0: 0x000000008000ff18 (0xfee43023) sd      a4, -32(s0)
core   0: 3 0x000000008000ff18 (0xfee43023) mem 0x0000000080031f50 0x000000008001208d
core   0: 0x000000008000ff1c (0xfc442703) lw      a4, -60(s0)
core   0: 3 0x000000008000ff1c (0xfc442703) x14 0x0000000000000000 mem 0x0000000080031f34
core   0: 0x000000008000ff20 (0x0ff77713) andi    a4, a4, 255
core   0: 3 0x000000008000ff20 (0x0ff77713) x14 0x0000000000000000
core   0: 0x000000008000ff24 (0x00e78023) sb      a4, 0(a5)
core   0: 3 0x000000008000ff24 (0x00e78023) mem 0x000000008001208c 0x00
core   0: 0x000000008000ff28 (0xfc843703) ld      a4, -56(s0)
core   0: 3 0x000000008000ff28 (0xfc843703) x14 0x0000000080012040 mem 0x0000000080031f38
core   0: 0x000000008000ff2c (0xfb843783) ld      a5, -72(s0)
core   0: 3 0x000000008000ff2c (0xfb843783) x15 0x000000000000009c mem 0x0000000080031f28
core   0: 0x000000008000ff30 (0x000097ba) c.add   a5, a4
core   0: 3 0x000000008000ff30 (0x97ba) x15 0x00000000800120dc
core   0: 0x000000008000ff32 (0xfe043703) ld      a4, -32(s0)
core   0: 3 0x000000008000ff32 (0xfe043703) x14 0x000000008001208d mem 0x0000000080031f50
core   0: 0x000000008000ff36 (0xfcf76de3) bltu    a4, a5, pc - 38
core   0: 3 0x000000008000ff36 (0xfcf76de3)
core   0: 0x000000008000ff10 (0xfe043783) ld      a5, -32(s0)
core   0: 3 0x000000008000ff10 (0xfe043783) x15 0x000000008001208d mem 0x0000000080031f50
core   0: 0x000000008000ff14 (0x00178713) addi    a4, a5, 1
core   0: 3 0x000000008000ff14 (0x00178713) x14 0x000000008001208e
core   0: 0x000000008000ff18 (0xfee43023) sd      a4, -32(s0)
core   0: 3 0x000000008000ff18 (0xfee43023) mem 0x0000000080031f50 0x000000008001208e
core   0: 0x000000008000ff1c (0xfc442703) lw      a4, -60(s0)
core   0: 3 0x000000008000ff1c (0xfc442703) x14 0x0000000000000000 mem 0x0000000080031f34
core   0: 0x000000008000ff20 (0x0ff77713) andi    a4, a4, 255
core   0: 3 0x000000008000ff20 (0x0ff77713) x14 0x0000000000000000
core   0: 0x000000008000ff24 (0x00e78023) sb      a4, 0(a5)
core   0: 3 0x000000008000ff24 (0x00e78023) mem 0x000000008001208d 0x00
core   0: 0x000000008000ff28 (0xfc843703) ld      a4, -56(s0)
core   0: 3 0x000000008000ff28 (0xfc843703) x14 0x0000000080012040 mem 0x0000000080031f38
core   0: 0x000000008000ff2c (0xfb843783) ld      a5, -72(s0)
core   0: 3 0x000000008000ff2c (0xfb843783) x15 0x000000000000009c mem 0x0000000080031f28
core   0: 0x000000008000ff30 (0x000097ba) c.add   a5, a4
core   0: 3 0x000000008000ff30 (0x97ba) x15 0x00000000800120dc
core   0: 0x000000008000ff32 (0xfe043703) ld      a4, -32(s0)
core   0: 3 0x000000008000ff32 (0xfe043703) x14 0x000000008001208e mem 0x0000000080031f50
core   0: 0x000000008000ff36 (0xfcf76de3) bltu    a4, a5, pc - 38
core   0: 3 0x000000008000ff36 (0xfcf76de3)
core   0: 0x000000008000ff10 (0xfe043783) ld      a5, -32(s0)
core   0: 3 0x000000008000ff10 (0xfe043783) x15 0x000000008001208e mem 0x0000000080031f50
core   0: 0x000000008000ff14 (0x00178713) addi    a4, a5, 1
core   0: 3 0x000000008000ff14 (0x00178713) x14 0x000000008001208f
core   0: 0x000000008000ff18 (0xfee43023) sd      a4, -32(s0)
core   0: 3 0x000000008000ff18 (0xfee43023) mem 0x0000000080031f50 0x000000008001208f
core   0: 0x000000008000ff1c (0xfc442703) lw      a4, -60(s0)
core   0: 3 0x000000008000ff1c (0xfc442703) x14 0x0000000000000000 mem 0x0000000080031f34
core   0: 0x000000008000ff20 (0x0ff77713) andi    a4, a4, 255
core   0: 3 0x000000008000ff20 (0x0ff77713) x14 0x0000000000000000
core   0: 0x000000008000ff24 (0x00e78023) sb      a4, 0(a5)
core   0: 3 0x000000008000ff24 (0x00e78023) mem 0x000000008001208e 0x00
core   0: 0x000000008000ff28 (0xfc843703) ld      a4, -56(s0)
core   0: 3 0x000000008000ff28 (0xfc843703) x14 0x0000000080012040 mem 0x0000000080031f38
core   0: 0x000000008000ff2c (0xfb843783) ld      a5, -72(s0)
core   0: 3 0x000000008000ff2c (0xfb843783) x15 0x000000000000009c mem 0x0000000080031f28
core   0: 0x000000008000ff30 (0x000097ba) c.add   a5, a4
core   0: 3 0x000000008000ff30 (0x97ba) x15 0x00000000800120dc
core   0: 0x000000008000ff32 (0xfe043703) ld      a4, -32(s0)
core   0: 3 0x000000008000ff32 (0xfe043703) x14 0x000000008001208f mem 0x0000000080031f50
core   0: 0x000000008000ff36 (0xfcf76de3) bltu    a4, a5, pc - 38
core   0: 3 0x000000008000ff36 (0xfcf76de3)
core   0: 0x000000008000ff10 (0xfe043783) ld      a5, -32(s0)
core   0: 3 0x000000008000ff10 (0xfe043783) x15 0x000000008001208f mem 0x0000000080031f50
core   0: 0x000000008000ff14 (0x00178713) addi    a4, a5, 1
core   0: 3 0x000000008000ff14 (0x00178713) x14 0x0000000080012090
core   0: 0x000000008000ff18 (0xfee43023) sd      a4, -32(s0)
core   0: 3 0x000000008000ff18 (0xfee43023) mem 0x0000000080031f50 0x0000000080012090
core   0: 0x000000008000ff1c (0xfc442703) lw      a4, -60(s0)
core   0: 3 0x000000008000ff1c (0xfc442703) x14 0x0000000000000000 mem 0x0000000080031f34
core   0: 0x000000008000ff20 (0x0ff77713) andi    a4, a4, 255
core   0: 3 0x000000008000ff20 (0x0ff77713) x14 0x0000000000000000
core   0: 0x000000008000ff24 (0x00e78023) sb      a4, 0(a5)
core   0: 3 0x000000008000ff24 (0x00e78023) mem 0x000000008001208f 0x00
core   0: 0x000000008000ff28 (0xfc843703) ld      a4, -56(s0)
core   0: 3 0x000000008000ff28 (0xfc843703) x14 0x0000000080012040 mem 0x0000000080031f38
core   0: 0x000000008000ff2c (0xfb843783) ld      a5, -72(s0)
core   0: 3 0x000000008000ff2c (0xfb843783) x15 0x000000000000009c mem 0x0000000080031f28
core   0: 0x000000008000ff30 (0x000097ba) c.add   a5, a4
core   0: 3 0x000000008000ff30 (0x97ba) x15 0x00000000800120dc
core   0: 0x000000008000ff32 (0xfe043703) ld      a4, -32(s0)
core   0: 3 0x000000008000ff32 (0xfe043703) x14 0x0000000080012090 mem 0x0000000080031f50
core   0: 0x000000008000ff36 (0xfcf76de3) bltu    a4, a5, pc - 38
core   0: 3 0x000000008000ff36 (0xfcf76de3)
core   0: 0x000000008000ff10 (0xfe043783) ld      a5, -32(s0)
core   0: 3 0x000000008000ff10 (0xfe043783) x15 0x0000000080012090 mem 0x0000000080031f50
core   0: 0x000000008000ff14 (0x00178713) addi    a4, a5, 1
core   0: 3 0x000000008000ff14 (0x00178713) x14 0x0000000080012091
core   0: 0x000000008000ff18 (0xfee43023) sd      a4, -32(s0)
core   0: 3 0x000000008000ff18 (0xfee43023) mem 0x0000000080031f50 0x0000000080012091
core   0: 0x000000008000ff1c (0xfc442703) lw      a4, -60(s0)
core   0: 3 0x000000008000ff1c (0xfc442703) x14 0x0000000000000000 mem 0x0000000080031f34
core   0: 0x000000008000ff20 (0x0ff77713) andi    a4, a4, 255
core   0: 3 0x000000008000ff20 (0x0ff77713) x14 0x0000000000000000
core   0: 0x000000008000ff24 (0x00e78023) sb      a4, 0(a5)
core   0: 3 0x000000008000ff24 (0x00e78023) mem 0x0000000080012090 0x00
core   0: 0x000000008000ff28 (0xfc843703) ld      a4, -56(s0)
core   0: 3 0x000000008000ff28 (0xfc843703) x14 0x0000000080012040 mem 0x0000000080031f38
core   0: 0x000000008000ff2c (0xfb843783) ld      a5, -72(s0)
core   0: 3 0x000000008000ff2c (0xfb843783) x15 0x000000000000009c mem 0x0000000080031f28
core   0: 0x000000008000ff30 (0x000097ba) c.add   a5, a4
core   0: 3 0x000000008000ff30 (0x97ba) x15 0x00000000800120dc
core   0: 0x000000008000ff32 (0xfe043703) ld      a4, -32(s0)
core   0: 3 0x000000008000ff32 (0xfe043703) x14 0x0000000080012091 mem 0x0000000080031f50
core   0: 0x000000008000ff36 (0xfcf76de3) bltu    a4, a5, pc - 38
core   0: 3 0x000000008000ff36 (0xfcf76de3)
core   0: 0x000000008000ff10 (0xfe043783) ld      a5, -32(s0)
core   0: 3 0x000000008000ff10 (0xfe043783) x15 0x0000000080012091 mem 0x0000000080031f50
core   0: 0x000000008000ff14 (0x00178713) addi    a4, a5, 1
core   0: 3 0x000000008000ff14 (0x00178713) x14 0x0000000080012092
core   0: 0x000000008000ff18 (0xfee43023) sd      a4, -32(s0)
core   0: 3 0x000000008000ff18 (0xfee43023) mem 0x0000000080031f50 0x0000000080012092
core   0: 0x000000008000ff1c (0xfc442703) lw      a4, -60(s0)
core   0: 3 0x000000008000ff1c (0xfc442703) x14 0x0000000000000000 mem 0x0000000080031f34
core   0: 0x000000008000ff20 (0x0ff77713) andi    a4, a4, 255
core   0: 3 0x000000008000ff20 (0x0ff77713) x14 0x0000000000000000
core   0: 0x000000008000ff24 (0x00e78023) sb      a4, 0(a5)
core   0: 3 0x000000008000ff24 (0x00e78023) mem 0x0000000080012091 0x00
core   0: 0x000000008000ff28 (0xfc843703) ld      a4, -56(s0)
core   0: 3 0x000000008000ff28 (0xfc843703) x14 0x0000000080012040 mem 0x0000000080031f38
core   0: 0x000000008000ff2c (0xfb843783) ld      a5, -72(s0)
core   0: 3 0x000000008000ff2c (0xfb843783) x15 0x000000000000009c mem 0x0000000080031f28
core   0: 0x000000008000ff30 (0x000097ba) c.add   a5, a4
core   0: 3 0x000000008000ff30 (0x97ba) x15 0x00000000800120dc
core   0: 0x000000008000ff32 (0xfe043703) ld      a4, -32(s0)
core   0: 3 0x000000008000ff32 (0xfe043703) x14 0x0000000080012092 mem 0x0000000080031f50
core   0: 0x000000008000ff36 (0xfcf76de3) bltu    a4, a5, pc - 38
core   0: 3 0x000000008000ff36 (0xfcf76de3)
core   0: 0x000000008000ff10 (0xfe043783) ld      a5, -32(s0)
core   0: 3 0x000000008000ff10 (0xfe043783) x15 0x0000000080012092 mem 0x0000000080031f50
core   0: 0x000000008000ff14 (0x00178713) addi    a4, a5, 1
core   0: 3 0x000000008000ff14 (0x00178713) x14 0x0000000080012093
core   0: 0x000000008000ff18 (0xfee43023) sd      a4, -32(s0)
core   0: 3 0x000000008000ff18 (0xfee43023) mem 0x0000000080031f50 0x0000000080012093
core   0: 0x000000008000ff1c (0xfc442703) lw      a4, -60(s0)
core   0: 3 0x000000008000ff1c (0xfc442703) x14 0x0000000000000000 mem 0x0000000080031f34
core   0: 0x000000008000ff20 (0x0ff77713) andi    a4, a4, 255
core   0: 3 0x000000008000ff20 (0x0ff77713) x14 0x0000000000000000
core   0: 0x000000008000ff24 (0x00e78023) sb      a4, 0(a5)
core   0: 3 0x000000008000ff24 (0x00e78023) mem 0x0000000080012092 0x00
core   0: 0x000000008000ff28 (0xfc843703) ld      a4, -56(s0)
core   0: 3 0x000000008000ff28 (0xfc843703) x14 0x0000000080012040 mem 0x0000000080031f38
core   0: 0x000000008000ff2c (0xfb843783) ld      a5, -72(s0)
core   0: 3 0x000000008000ff2c (0xfb843783) x15 0x000000000000009c mem 0x0000000080031f28
core   0: 0x000000008000ff30 (0x000097ba) c.add   a5, a4
core   0: 3 0x000000008000ff30 (0x97ba) x15 0x00000000800120dc
core   0: 0x000000008000ff32 (0xfe043703) ld      a4, -32(s0)
core   0: 3 0x000000008000ff32 (0xfe043703) x14 0x0000000080012093 mem 0x0000000080031f50
core   0: 0x000000008000ff36 (0xfcf76de3) bltu    a4, a5, pc - 38
core   0: 3 0x000000008000ff36 (0xfcf76de3)
core   0: 0x000000008000ff10 (0xfe043783) ld      a5, -32(s0)
core   0: 3 0x000000008000ff10 (0xfe043783) x15 0x0000000080012093 mem 0x0000000080031f50
core   0: 0x000000008000ff14 (0x00178713) addi    a4, a5, 1
core   0: 3 0x000000008000ff14 (0x00178713) x14 0x0000000080012094
core   0: 0x000000008000ff18 (0xfee43023) sd      a4, -32(s0)
core   0: 3 0x000000008000ff18 (0xfee43023) mem 0x0000000080031f50 0x0000000080012094
core   0: 0x000000008000ff1c (0xfc442703) lw      a4, -60(s0)
core   0: 3 0x000000008000ff1c (0xfc442703) x14 0x0000000000000000 mem 0x0000000080031f34
core   0: 0x000000008000ff20 (0x0ff77713) andi    a4, a4, 255
core   0: 3 0x000000008000ff20 (0x0ff77713) x14 0x0000000000000000
core   0: 0x000000008000ff24 (0x00e78023) sb      a4, 0(a5)
core   0: 3 0x000000008000ff24 (0x00e78023) mem 0x0000000080012093 0x00
core   0: 0x000000008000ff28 (0xfc843703) ld      a4, -56(s0)
core   0: 3 0x000000008000ff28 (0xfc843703) x14 0x0000000080012040 mem 0x0000000080031f38
core   0: 0x000000008000ff2c (0xfb843783) ld      a5, -72(s0)
core   0: 3 0x000000008000ff2c (0xfb843783) x15 0x000000000000009c mem 0x0000000080031f28
core   0: 0x000000008000ff30 (0x000097ba) c.add   a5, a4
core   0: 3 0x000000008000ff30 (0x97ba) x15 0x00000000800120dc
core   0: 0x000000008000ff32 (0xfe043703) ld      a4, -32(s0)
core   0: 3 0x000000008000ff32 (0xfe043703) x14 0x0000000080012094 mem 0x0000000080031f50
core   0: 0x000000008000ff36 (0xfcf76de3) bltu    a4, a5, pc - 38
core   0: 3 0x000000008000ff36 (0xfcf76de3)
core   0: 0x000000008000ff10 (0xfe043783) ld      a5, -32(s0)
core   0: 3 0x000000008000ff10 (0xfe043783) x15 0x0000000080012094 mem 0x0000000080031f50
core   0: 0x000000008000ff14 (0x00178713) addi    a4, a5, 1
core   0: 3 0x000000008000ff14 (0x00178713) x14 0x0000000080012095
core   0: 0x000000008000ff18 (0xfee43023) sd      a4, -32(s0)
core   0: 3 0x000000008000ff18 (0xfee43023) mem 0x0000000080031f50 0x0000000080012095
core   0: 0x000000008000ff1c (0xfc442703) lw      a4, -60(s0)
core   0: 3 0x000000008000ff1c (0xfc442703) x14 0x0000000000000000 mem 0x0000000080031f34
core   0: 0x000000008000ff20 (0x0ff77713) andi    a4, a4, 255
core   0: 3 0x000000008000ff20 (0x0ff77713) x14 0x0000000000000000
core   0: 0x000000008000ff24 (0x00e78023) sb      a4, 0(a5)
core   0: 3 0x000000008000ff24 (0x00e78023) mem 0x0000000080012094 0x00
core   0: 0x000000008000ff28 (0xfc843703) ld      a4, -56(s0)
core   0: 3 0x000000008000ff28 (0xfc843703) x14 0x0000000080012040 mem 0x0000000080031f38
core   0: 0x000000008000ff2c (0xfb843783) ld      a5, -72(s0)
core   0: 3 0x000000008000ff2c (0xfb843783) x15 0x000000000000009c mem 0x0000000080031f28
core   0: 0x000000008000ff30 (0x000097ba) c.add   a5, a4
core   0: 3 0x000000008000ff30 (0x97ba) x15 0x00000000800120dc
core   0: 0x000000008000ff32 (0xfe043703) ld      a4, -32(s0)
core   0: 3 0x000000008000ff32 (0xfe043703) x14 0x0000000080012095 mem 0x0000000080031f50
core   0: 0x000000008000ff36 (0xfcf76de3) bltu    a4, a5, pc - 38
core   0: 3 0x000000008000ff36 (0xfcf76de3)
core   0: 0x000000008000ff10 (0xfe043783) ld      a5, -32(s0)
core   0: 3 0x000000008000ff10 (0xfe043783) x15 0x0000000080012095 mem 0x0000000080031f50
core   0: 0x000000008000ff14 (0x00178713) addi    a4, a5, 1
core   0: 3 0x000000008000ff14 (0x00178713) x14 0x0000000080012096
core   0: 0x000000008000ff18 (0xfee43023) sd      a4, -32(s0)
core   0: 3 0x000000008000ff18 (0xfee43023) mem 0x0000000080031f50 0x0000000080012096
core   0: 0x000000008000ff1c (0xfc442703) lw      a4, -60(s0)
core   0: 3 0x000000008000ff1c (0xfc442703) x14 0x0000000000000000 mem 0x0000000080031f34
core   0: 0x000000008000ff20 (0x0ff77713) andi    a4, a4, 255
core   0: 3 0x000000008000ff20 (0x0ff77713) x14 0x0000000000000000
core   0: 0x000000008000ff24 (0x00e78023) sb      a4, 0(a5)
core   0: 3 0x000000008000ff24 (0x00e78023) mem 0x0000000080012095 0x00
core   0: 0x000000008000ff28 (0xfc843703) ld      a4, -56(s0)
core   0: 3 0x000000008000ff28 (0xfc843703) x14 0x0000000080012040 mem 0x0000000080031f38
core   0: 0x000000008000ff2c (0xfb843783) ld      a5, -72(s0)
core   0: 3 0x000000008000ff2c (0xfb843783) x15 0x000000000000009c mem 0x0000000080031f28
core   0: 0x000000008000ff30 (0x000097ba) c.add   a5, a4
core   0: 3 0x000000008000ff30 (0x97ba) x15 0x00000000800120dc
core   0: 0x000000008000ff32 (0xfe043703) ld      a4, -32(s0)
core   0: 3 0x000000008000ff32 (0xfe043703) x14 0x0000000080012096 mem 0x0000000080031f50
core   0: 0x000000008000ff36 (0xfcf76de3) bltu    a4, a5, pc - 38
core   0: 3 0x000000008000ff36 (0xfcf76de3)
core   0: 0x000000008000ff10 (0xfe043783) ld      a5, -32(s0)
core   0: 3 0x000000008000ff10 (0xfe043783) x15 0x0000000080012096 mem 0x0000000080031f50
core   0: 0x000000008000ff14 (0x00178713) addi    a4, a5, 1
core   0: 3 0x000000008000ff14 (0x00178713) x14 0x0000000080012097
core   0: 0x000000008000ff18 (0xfee43023) sd      a4, -32(s0)
core   0: 3 0x000000008000ff18 (0xfee43023) mem 0x0000000080031f50 0x0000000080012097
core   0: 0x000000008000ff1c (0xfc442703) lw      a4, -60(s0)
core   0: 3 0x000000008000ff1c (0xfc442703) x14 0x0000000000000000 mem 0x0000000080031f34
core   0: 0x000000008000ff20 (0x0ff77713) andi    a4, a4, 255
core   0: 3 0x000000008000ff20 (0x0ff77713) x14 0x0000000000000000
core   0: 0x000000008000ff24 (0x00e78023) sb      a4, 0(a5)
core   0: 3 0x000000008000ff24 (0x00e78023) mem 0x0000000080012096 0x00
core   0: 0x000000008000ff28 (0xfc843703) ld      a4, -56(s0)
core   0: 3 0x000000008000ff28 (0xfc843703) x14 0x0000000080012040 mem 0x0000000080031f38
core   0: 0x000000008000ff2c (0xfb843783) ld      a5, -72(s0)
core   0: 3 0x000000008000ff2c (0xfb843783) x15 0x000000000000009c mem 0x0000000080031f28
core   0: 0x000000008000ff30 (0x000097ba) c.add   a5, a4
core   0: 3 0x000000008000ff30 (0x97ba) x15 0x00000000800120dc
core   0: 0x000000008000ff32 (0xfe043703) ld      a4, -32(s0)
core   0: 3 0x000000008000ff32 (0xfe043703) x14 0x0000000080012097 mem 0x0000000080031f50
core   0: 0x000000008000ff36 (0xfcf76de3) bltu    a4, a5, pc - 38
core   0: 3 0x000000008000ff36 (0xfcf76de3)
core   0: 0x000000008000ff10 (0xfe043783) ld      a5, -32(s0)
core   0: 3 0x000000008000ff10 (0xfe043783) x15 0x0000000080012097 mem 0x0000000080031f50
core   0: 0x000000008000ff14 (0x00178713) addi    a4, a5, 1
core   0: 3 0x000000008000ff14 (0x00178713) x14 0x0000000080012098
core   0: 0x000000008000ff18 (0xfee43023) sd      a4, -32(s0)
core   0: 3 0x000000008000ff18 (0xfee43023) mem 0x0000000080031f50 0x0000000080012098
core   0: 0x000000008000ff1c (0xfc442703) lw      a4, -60(s0)
core   0: 3 0x000000008000ff1c (0xfc442703) x14 0x0000000000000000 mem 0x0000000080031f34
core   0: 0x000000008000ff20 (0x0ff77713) andi    a4, a4, 255
core   0: 3 0x000000008000ff20 (0x0ff77713) x14 0x0000000000000000
core   0: 0x000000008000ff24 (0x00e78023) sb      a4, 0(a5)
core   0: 3 0x000000008000ff24 (0x00e78023) mem 0x0000000080012097 0x00
core   0: 0x000000008000ff28 (0xfc843703) ld      a4, -56(s0)
core   0: 3 0x000000008000ff28 (0xfc843703) x14 0x0000000080012040 mem 0x0000000080031f38
core   0: 0x000000008000ff2c (0xfb843783) ld      a5, -72(s0)
core   0: 3 0x000000008000ff2c (0xfb843783) x15 0x000000000000009c mem 0x0000000080031f28
core   0: 0x000000008000ff30 (0x000097ba) c.add   a5, a4
core   0: 3 0x000000008000ff30 (0x97ba) x15 0x00000000800120dc
core   0: 0x000000008000ff32 (0xfe043703) ld      a4, -32(s0)
core   0: 3 0x000000008000ff32 (0xfe043703) x14 0x0000000080012098 mem 0x0000000080031f50
core   0: 0x000000008000ff36 (0xfcf76de3) bltu    a4, a5, pc - 38
core   0: 3 0x000000008000ff36 (0xfcf76de3)
core   0: 0x000000008000ff10 (0xfe043783) ld      a5, -32(s0)
core   0: 3 0x000000008000ff10 (0xfe043783) x15 0x0000000080012098 mem 0x0000000080031f50
core   0: 0x000000008000ff14 (0x00178713) addi    a4, a5, 1
core   0: 3 0x000000008000ff14 (0x00178713) x14 0x0000000080012099
core   0: 0x000000008000ff18 (0xfee43023) sd      a4, -32(s0)
core   0: 3 0x000000008000ff18 (0xfee43023) mem 0x0000000080031f50 0x0000000080012099
core   0: 0x000000008000ff1c (0xfc442703) lw      a4, -60(s0)
core   0: 3 0x000000008000ff1c (0xfc442703) x14 0x0000000000000000 mem 0x0000000080031f34
core   0: 0x000000008000ff20 (0x0ff77713) andi    a4, a4, 255
core   0: 3 0x000000008000ff20 (0x0ff77713) x14 0x0000000000000000
core   0: 0x000000008000ff24 (0x00e78023) sb      a4, 0(a5)
core   0: 3 0x000000008000ff24 (0x00e78023) mem 0x0000000080012098 0x00
core   0: 0x000000008000ff28 (0xfc843703) ld      a4, -56(s0)
core   0: 3 0x000000008000ff28 (0xfc843703) x14 0x0000000080012040 mem 0x0000000080031f38
core   0: 0x000000008000ff2c (0xfb843783) ld      a5, -72(s0)
core   0: 3 0x000000008000ff2c (0xfb843783) x15 0x000000000000009c mem 0x0000000080031f28
core   0: 0x000000008000ff30 (0x000097ba) c.add   a5, a4
core   0: 3 0x000000008000ff30 (0x97ba) x15 0x00000000800120dc
core   0: 0x000000008000ff32 (0xfe043703) ld      a4, -32(s0)
core   0: 3 0x000000008000ff32 (0xfe043703) x14 0x0000000080012099 mem 0x0000000080031f50
core   0: 0x000000008000ff36 (0xfcf76de3) bltu    a4, a5, pc - 38
core   0: 3 0x000000008000ff36 (0xfcf76de3)
core   0: 0x000000008000ff10 (0xfe043783) ld      a5, -32(s0)
core   0: 3 0x000000008000ff10 (0xfe043783) x15 0x0000000080012099 mem 0x0000000080031f50
core   0: 0x000000008000ff14 (0x00178713) addi    a4, a5, 1
core   0: 3 0x000000008000ff14 (0x00178713) x14 0x000000008001209a
core   0: 0x000000008000ff18 (0xfee43023) sd      a4, -32(s0)
core   0: 3 0x000000008000ff18 (0xfee43023) mem 0x0000000080031f50 0x000000008001209a
core   0: 0x000000008000ff1c (0xfc442703) lw      a4, -60(s0)
core   0: 3 0x000000008000ff1c (0xfc442703) x14 0x0000000000000000 mem 0x0000000080031f34
core   0: 0x000000008000ff20 (0x0ff77713) andi    a4, a4, 255
core   0: 3 0x000000008000ff20 (0x0ff77713) x14 0x0000000000000000
core   0: 0x000000008000ff24 (0x00e78023) sb      a4, 0(a5)
core   0: 3 0x000000008000ff24 (0x00e78023) mem 0x0000000080012099 0x00
core   0: 0x000000008000ff28 (0xfc843703) ld      a4, -56(s0)
core   0: 3 0x000000008000ff28 (0xfc843703) x14 0x0000000080012040 mem 0x0000000080031f38
core   0: 0x000000008000ff2c (0xfb843783) ld      a5, -72(s0)
core   0: 3 0x000000008000ff2c (0xfb843783) x15 0x000000000000009c mem 0x0000000080031f28
core   0: 0x000000008000ff30 (0x000097ba) c.add   a5, a4
core   0: 3 0x000000008000ff30 (0x97ba) x15 0x00000000800120dc
core   0: 0x000000008000ff32 (0xfe043703) ld      a4, -32(s0)
core   0: 3 0x000000008000ff32 (0xfe043703) x14 0x000000008001209a mem 0x0000000080031f50
core   0: 0x000000008000ff36 (0xfcf76de3) bltu    a4, a5, pc - 38
core   0: 3 0x000000008000ff36 (0xfcf76de3)
core   0: 0x000000008000ff10 (0xfe043783) ld      a5, -32(s0)
core   0: 3 0x000000008000ff10 (0xfe043783) x15 0x000000008001209a mem 0x0000000080031f50
core   0: 0x000000008000ff14 (0x00178713) addi    a4, a5, 1
core   0: 3 0x000000008000ff14 (0x00178713) x14 0x000000008001209b
core   0: 0x000000008000ff18 (0xfee43023) sd      a4, -32(s0)
core   0: 3 0x000000008000ff18 (0xfee43023) mem 0x0000000080031f50 0x000000008001209b
core   0: 0x000000008000ff1c (0xfc442703) lw      a4, -60(s0)
core   0: 3 0x000000008000ff1c (0xfc442703) x14 0x0000000000000000 mem 0x0000000080031f34
core   0: 0x000000008000ff20 (0x0ff77713) andi    a4, a4, 255
core   0: 3 0x000000008000ff20 (0x0ff77713) x14 0x0000000000000000
core   0: 0x000000008000ff24 (0x00e78023) sb      a4, 0(a5)
core   0: 3 0x000000008000ff24 (0x00e78023) mem 0x000000008001209a 0x00
core   0: 0x000000008000ff28 (0xfc843703) ld      a4, -56(s0)
core   0: 3 0x000000008000ff28 (0xfc843703) x14 0x0000000080012040 mem 0x0000000080031f38
core   0: 0x000000008000ff2c (0xfb843783) ld      a5, -72(s0)
core   0: 3 0x000000008000ff2c (0xfb843783) x15 0x000000000000009c mem 0x0000000080031f28
core   0: 0x000000008000ff30 (0x000097ba) c.add   a5, a4
core   0: 3 0x000000008000ff30 (0x97ba) x15 0x00000000800120dc
core   0: 0x000000008000ff32 (0xfe043703) ld      a4, -32(s0)
core   0: 3 0x000000008000ff32 (0xfe043703) x14 0x000000008001209b mem 0x0000000080031f50
core   0: 0x000000008000ff36 (0xfcf76de3) bltu    a4, a5, pc - 38
core   0: 3 0x000000008000ff36 (0xfcf76de3)
core   0: 0x000000008000ff10 (0xfe043783) ld      a5, -32(s0)
core   0: 3 0x000000008000ff10 (0xfe043783) x15 0x000000008001209b mem 0x0000000080031f50
core   0: 0x000000008000ff14 (0x00178713) addi    a4, a5, 1
core   0: 3 0x000000008000ff14 (0x00178713) x14 0x000000008001209c
core   0: 0x000000008000ff18 (0xfee43023) sd      a4, -32(s0)
core   0: 3 0x000000008000ff18 (0xfee43023) mem 0x0000000080031f50 0x000000008001209c
core   0: 0x000000008000ff1c (0xfc442703) lw      a4, -60(s0)
core   0: 3 0x000000008000ff1c (0xfc442703) x14 0x0000000000000000 mem 0x0000000080031f34
core   0: 0x000000008000ff20 (0x0ff77713) andi    a4, a4, 255
core   0: 3 0x000000008000ff20 (0x0ff77713) x14 0x0000000000000000
core   0: 0x000000008000ff24 (0x00e78023) sb      a4, 0(a5)
core   0: 3 0x000000008000ff24 (0x00e78023) mem 0x000000008001209b 0x00
core   0: 0x000000008000ff28 (0xfc843703) ld      a4, -56(s0)
core   0: 3 0x000000008000ff28 (0xfc843703) x14 0x0000000080012040 mem 0x0000000080031f38
core   0: 0x000000008000ff2c (0xfb843783) ld      a5, -72(s0)
core   0: 3 0x000000008000ff2c (0xfb843783) x15 0x000000000000009c mem 0x0000000080031f28
core   0: 0x000000008000ff30 (0x000097ba) c.add   a5, a4
core   0: 3 0x000000008000ff30 (0x97ba) x15 0x00000000800120dc
core   0: 0x000000008000ff32 (0xfe043703) ld      a4, -32(s0)
core   0: 3 0x000000008000ff32 (0xfe043703) x14 0x000000008001209c mem 0x0000000080031f50
core   0: 0x000000008000ff36 (0xfcf76de3) bltu    a4, a5, pc - 38
core   0: 3 0x000000008000ff36 (0xfcf76de3)
core   0: 0x000000008000ff10 (0xfe043783) ld      a5, -32(s0)
core   0: 3 0x000000008000ff10 (0xfe043783) x15 0x000000008001209c mem 0x0000000080031f50
core   0: 0x000000008000ff14 (0x00178713) addi    a4, a5, 1
core   0: 3 0x000000008000ff14 (0x00178713) x14 0x000000008001209d
core   0: 0x000000008000ff18 (0xfee43023) sd      a4, -32(s0)
core   0: 3 0x000000008000ff18 (0xfee43023) mem 0x0000000080031f50 0x000000008001209d
core   0: 0x000000008000ff1c (0xfc442703) lw      a4, -60(s0)
core   0: 3 0x000000008000ff1c (0xfc442703) x14 0x0000000000000000 mem 0x0000000080031f34
core   0: 0x000000008000ff20 (0x0ff77713) andi    a4, a4, 255
core   0: 3 0x000000008000ff20 (0x0ff77713) x14 0x0000000000000000
core   0: 0x000000008000ff24 (0x00e78023) sb      a4, 0(a5)
core   0: 3 0x000000008000ff24 (0x00e78023) mem 0x000000008001209c 0x00
core   0: 0x000000008000ff28 (0xfc843703) ld      a4, -56(s0)
core   0: 3 0x000000008000ff28 (0xfc843703) x14 0x0000000080012040 mem 0x0000000080031f38
core   0: 0x000000008000ff2c (0xfb843783) ld      a5, -72(s0)
core   0: 3 0x000000008000ff2c (0xfb843783) x15 0x000000000000009c mem 0x0000000080031f28
core   0: 0x000000008000ff30 (0x000097ba) c.add   a5, a4
core   0: 3 0x000000008000ff30 (0x97ba) x15 0x00000000800120dc
core   0: 0x000000008000ff32 (0xfe043703) ld      a4, -32(s0)
core   0: 3 0x000000008000ff32 (0xfe043703) x14 0x000000008001209d mem 0x0000000080031f50
core   0: 0x000000008000ff36 (0xfcf76de3) bltu    a4, a5, pc - 38
core   0: 3 0x000000008000ff36 (0xfcf76de3)
core   0: 0x000000008000ff10 (0xfe043783) ld      a5, -32(s0)
core   0: 3 0x000000008000ff10 (0xfe043783) x15 0x000000008001209d mem 0x0000000080031f50
core   0: 0x000000008000ff14 (0x00178713) addi    a4, a5, 1
core   0: 3 0x000000008000ff14 (0x00178713) x14 0x000000008001209e
core   0: 0x000000008000ff18 (0xfee43023) sd      a4, -32(s0)
core   0: 3 0x000000008000ff18 (0xfee43023) mem 0x0000000080031f50 0x000000008001209e
core   0: 0x000000008000ff1c (0xfc442703) lw      a4, -60(s0)
core   0: 3 0x000000008000ff1c (0xfc442703) x14 0x0000000000000000 mem 0x0000000080031f34
core   0: 0x000000008000ff20 (0x0ff77713) andi    a4, a4, 255
core   0: 3 0x000000008000ff20 (0x0ff77713) x14 0x0000000000000000
core   0: 0x000000008000ff24 (0x00e78023) sb      a4, 0(a5)
core   0: 3 0x000000008000ff24 (0x00e78023) mem 0x000000008001209d 0x00
core   0: 0x000000008000ff28 (0xfc843703) ld      a4, -56(s0)
core   0: 3 0x000000008000ff28 (0xfc843703) x14 0x0000000080012040 mem 0x0000000080031f38
core   0: 0x000000008000ff2c (0xfb843783) ld      a5, -72(s0)
core   0: 3 0x000000008000ff2c (0xfb843783) x15 0x000000000000009c mem 0x0000000080031f28
core   0: 0x000000008000ff30 (0x000097ba) c.add   a5, a4
core   0: 3 0x000000008000ff30 (0x97ba) x15 0x00000000800120dc
core   0: 0x000000008000ff32 (0xfe043703) ld      a4, -32(s0)
core   0: 3 0x000000008000ff32 (0xfe043703) x14 0x000000008001209e mem 0x0000000080031f50
core   0: 0x000000008000ff36 (0xfcf76de3) bltu    a4, a5, pc - 38
core   0: 3 0x000000008000ff36 (0xfcf76de3)
core   0: 0x000000008000ff10 (0xfe043783) ld      a5, -32(s0)
core   0: 3 0x000000008000ff10 (0xfe043783) x15 0x000000008001209e mem 0x0000000080031f50
core   0: 0x000000008000ff14 (0x00178713) addi    a4, a5, 1
core   0: 3 0x000000008000ff14 (0x00178713) x14 0x000000008001209f
core   0: 0x000000008000ff18 (0xfee43023) sd      a4, -32(s0)
core   0: 3 0x000000008000ff18 (0xfee43023) mem 0x0000000080031f50 0x000000008001209f
core   0: 0x000000008000ff1c (0xfc442703) lw      a4, -60(s0)
core   0: 3 0x000000008000ff1c (0xfc442703) x14 0x0000000000000000 mem 0x0000000080031f34
core   0: 0x000000008000ff20 (0x0ff77713) andi    a4, a4, 255
core   0: 3 0x000000008000ff20 (0x0ff77713) x14 0x0000000000000000
core   0: 0x000000008000ff24 (0x00e78023) sb      a4, 0(a5)
core   0: 3 0x000000008000ff24 (0x00e78023) mem 0x000000008001209e 0x00
core   0: 0x000000008000ff28 (0xfc843703) ld      a4, -56(s0)
core   0: 3 0x000000008000ff28 (0xfc843703) x14 0x0000000080012040 mem 0x0000000080031f38
core   0: 0x000000008000ff2c (0xfb843783) ld      a5, -72(s0)
core   0: 3 0x000000008000ff2c (0xfb843783) x15 0x000000000000009c mem 0x0000000080031f28
core   0: 0x000000008000ff30 (0x000097ba) c.add   a5, a4
core   0: 3 0x000000008000ff30 (0x97ba) x15 0x00000000800120dc
core   0: 0x000000008000ff32 (0xfe043703) ld      a4, -32(s0)
core   0: 3 0x000000008000ff32 (0xfe043703) x14 0x000000008001209f mem 0x0000000080031f50
core   0: 0x000000008000ff36 (0xfcf76de3) bltu    a4, a5, pc - 38
core   0: 3 0x000000008000ff36 (0xfcf76de3)
core   0: 0x000000008000ff10 (0xfe043783) ld      a5, -32(s0)
core   0: 3 0x000000008000ff10 (0xfe043783) x15 0x000000008001209f mem 0x0000000080031f50
core   0: 0x000000008000ff14 (0x00178713) addi    a4, a5, 1
core   0: 3 0x000000008000ff14 (0x00178713) x14 0x00000000800120a0
core   0: 0x000000008000ff18 (0xfee43023) sd      a4, -32(s0)
core   0: 3 0x000000008000ff18 (0xfee43023) mem 0x0000000080031f50 0x00000000800120a0
core   0: 0x000000008000ff1c (0xfc442703) lw      a4, -60(s0)
core   0: 3 0x000000008000ff1c (0xfc442703) x14 0x0000000000000000 mem 0x0000000080031f34
core   0: 0x000000008000ff20 (0x0ff77713) andi    a4, a4, 255
core   0: 3 0x000000008000ff20 (0x0ff77713) x14 0x0000000000000000
core   0: 0x000000008000ff24 (0x00e78023) sb      a4, 0(a5)
core   0: 3 0x000000008000ff24 (0x00e78023) mem 0x000000008001209f 0x00
core   0: 0x000000008000ff28 (0xfc843703) ld      a4, -56(s0)
core   0: 3 0x000000008000ff28 (0xfc843703) x14 0x0000000080012040 mem 0x0000000080031f38
core   0: 0x000000008000ff2c (0xfb843783) ld      a5, -72(s0)
core   0: 3 0x000000008000ff2c (0xfb843783) x15 0x000000000000009c mem 0x0000000080031f28
core   0: 0x000000008000ff30 (0x000097ba) c.add   a5, a4
core   0: 3 0x000000008000ff30 (0x97ba) x15 0x00000000800120dc
core   0: 0x000000008000ff32 (0xfe043703) ld      a4, -32(s0)
core   0: 3 0x000000008000ff32 (0xfe043703) x14 0x00000000800120a0 mem 0x0000000080031f50
core   0: 0x000000008000ff36 (0xfcf76de3) bltu    a4, a5, pc - 38
core   0: 3 0x000000008000ff36 (0xfcf76de3)
core   0: 0x000000008000ff10 (0xfe043783) ld      a5, -32(s0)
core   0: 3 0x000000008000ff10 (0xfe043783) x15 0x00000000800120a0 mem 0x0000000080031f50
core   0: 0x000000008000ff14 (0x00178713) addi    a4, a5, 1
core   0: 3 0x000000008000ff14 (0x00178713) x14 0x00000000800120a1
core   0: 0x000000008000ff18 (0xfee43023) sd      a4, -32(s0)
core   0: 3 0x000000008000ff18 (0xfee43023) mem 0x0000000080031f50 0x00000000800120a1
core   0: 0x000000008000ff1c (0xfc442703) lw      a4, -60(s0)
core   0: 3 0x000000008000ff1c (0xfc442703) x14 0x0000000000000000 mem 0x0000000080031f34
core   0: 0x000000008000ff20 (0x0ff77713) andi    a4, a4, 255
core   0: 3 0x000000008000ff20 (0x0ff77713) x14 0x0000000000000000
core   0: 0x000000008000ff24 (0x00e78023) sb      a4, 0(a5)
core   0: 3 0x000000008000ff24 (0x00e78023) mem 0x00000000800120a0 0x00
core   0: 0x000000008000ff28 (0xfc843703) ld      a4, -56(s0)
core   0: 3 0x000000008000ff28 (0xfc843703) x14 0x0000000080012040 mem 0x0000000080031f38
core   0: 0x000000008000ff2c (0xfb843783) ld      a5, -72(s0)
core   0: 3 0x000000008000ff2c (0xfb843783) x15 0x000000000000009c mem 0x0000000080031f28
core   0: 0x000000008000ff30 (0x000097ba) c.add   a5, a4
core   0: 3 0x000000008000ff30 (0x97ba) x15 0x00000000800120dc
core   0: 0x000000008000ff32 (0xfe043703) ld      a4, -32(s0)
core   0: 3 0x000000008000ff32 (0xfe043703) x14 0x00000000800120a1 mem 0x0000000080031f50
core   0: 0x000000008000ff36 (0xfcf76de3) bltu    a4, a5, pc - 38
core   0: 3 0x000000008000ff36 (0xfcf76de3)
core   0: 0x000000008000ff10 (0xfe043783) ld      a5, -32(s0)
core   0: 3 0x000000008000ff10 (0xfe043783) x15 0x00000000800120a1 mem 0x0000000080031f50
core   0: 0x000000008000ff14 (0x00178713) addi    a4, a5, 1
core   0: 3 0x000000008000ff14 (0x00178713) x14 0x00000000800120a2
core   0: 0x000000008000ff18 (0xfee43023) sd      a4, -32(s0)
core   0: 3 0x000000008000ff18 (0xfee43023) mem 0x0000000080031f50 0x00000000800120a2
core   0: 0x000000008000ff1c (0xfc442703) lw      a4, -60(s0)
core   0: 3 0x000000008000ff1c (0xfc442703) x14 0x0000000000000000 mem 0x0000000080031f34
core   0: 0x000000008000ff20 (0x0ff77713) andi    a4, a4, 255
core   0: 3 0x000000008000ff20 (0x0ff77713) x14 0x0000000000000000
core   0: 0x000000008000ff24 (0x00e78023) sb      a4, 0(a5)
core   0: 3 0x000000008000ff24 (0x00e78023) mem 0x00000000800120a1 0x00
core   0: 0x000000008000ff28 (0xfc843703) ld      a4, -56(s0)
core   0: 3 0x000000008000ff28 (0xfc843703) x14 0x0000000080012040 mem 0x0000000080031f38
core   0: 0x000000008000ff2c (0xfb843783) ld      a5, -72(s0)
core   0: 3 0x000000008000ff2c (0xfb843783) x15 0x000000000000009c mem 0x0000000080031f28
core   0: 0x000000008000ff30 (0x000097ba) c.add   a5, a4
core   0: 3 0x000000008000ff30 (0x97ba) x15 0x00000000800120dc
core   0: 0x000000008000ff32 (0xfe043703) ld      a4, -32(s0)
core   0: 3 0x000000008000ff32 (0xfe043703) x14 0x00000000800120a2 mem 0x0000000080031f50
core   0: 0x000000008000ff36 (0xfcf76de3) bltu    a4, a5, pc - 38
core   0: 3 0x000000008000ff36 (0xfcf76de3)
core   0: 0x000000008000ff10 (0xfe043783) ld      a5, -32(s0)
core   0: 3 0x000000008000ff10 (0xfe043783) x15 0x00000000800120a2 mem 0x0000000080031f50
core   0: 0x000000008000ff14 (0x00178713) addi    a4, a5, 1
core   0: 3 0x000000008000ff14 (0x00178713) x14 0x00000000800120a3
core   0: 0x000000008000ff18 (0xfee43023) sd      a4, -32(s0)
core   0: 3 0x000000008000ff18 (0xfee43023) mem 0x0000000080031f50 0x00000000800120a3
core   0: 0x000000008000ff1c (0xfc442703) lw      a4, -60(s0)
core   0: 3 0x000000008000ff1c (0xfc442703) x14 0x0000000000000000 mem 0x0000000080031f34
core   0: 0x000000008000ff20 (0x0ff77713) andi    a4, a4, 255
core   0: 3 0x000000008000ff20 (0x0ff77713) x14 0x0000000000000000
core   0: 0x000000008000ff24 (0x00e78023) sb      a4, 0(a5)
core   0: 3 0x000000008000ff24 (0x00e78023) mem 0x00000000800120a2 0x00
core   0: 0x000000008000ff28 (0xfc843703) ld      a4, -56(s0)
core   0: 3 0x000000008000ff28 (0xfc843703) x14 0x0000000080012040 mem 0x0000000080031f38
core   0: 0x000000008000ff2c (0xfb843783) ld      a5, -72(s0)
core   0: 3 0x000000008000ff2c (0xfb843783) x15 0x000000000000009c mem 0x0000000080031f28
core   0: 0x000000008000ff30 (0x000097ba) c.add   a5, a4
core   0: 3 0x000000008000ff30 (0x97ba) x15 0x00000000800120dc
core   0: 0x000000008000ff32 (0xfe043703) ld      a4, -32(s0)
core   0: 3 0x000000008000ff32 (0xfe043703) x14 0x00000000800120a3 mem 0x0000000080031f50
core   0: 0x000000008000ff36 (0xfcf76de3) bltu    a4, a5, pc - 38
core   0: 3 0x000000008000ff36 (0xfcf76de3)
core   0: 0x000000008000ff10 (0xfe043783) ld      a5, -32(s0)
core   0: 3 0x000000008000ff10 (0xfe043783) x15 0x00000000800120a3 mem 0x0000000080031f50
core   0: 0x000000008000ff14 (0x00178713) addi    a4, a5, 1
core   0: 3 0x000000008000ff14 (0x00178713) x14 0x00000000800120a4
core   0: 0x000000008000ff18 (0xfee43023) sd      a4, -32(s0)
core   0: 3 0x000000008000ff18 (0xfee43023) mem 0x0000000080031f50 0x00000000800120a4
core   0: 0x000000008000ff1c (0xfc442703) lw      a4, -60(s0)
core   0: 3 0x000000008000ff1c (0xfc442703) x14 0x0000000000000000 mem 0x0000000080031f34
core   0: 0x000000008000ff20 (0x0ff77713) andi    a4, a4, 255
core   0: 3 0x000000008000ff20 (0x0ff77713) x14 0x0000000000000000
core   0: 0x000000008000ff24 (0x00e78023) sb      a4, 0(a5)
core   0: 3 0x000000008000ff24 (0x00e78023) mem 0x00000000800120a3 0x00
core   0: 0x000000008000ff28 (0xfc843703) ld      a4, -56(s0)
core   0: 3 0x000000008000ff28 (0xfc843703) x14 0x0000000080012040 mem 0x0000000080031f38
core   0: 0x000000008000ff2c (0xfb843783) ld      a5, -72(s0)
core   0: 3 0x000000008000ff2c (0xfb843783) x15 0x000000000000009c mem 0x0000000080031f28
core   0: 0x000000008000ff30 (0x000097ba) c.add   a5, a4
core   0: 3 0x000000008000ff30 (0x97ba) x15 0x00000000800120dc
core   0: 0x000000008000ff32 (0xfe043703) ld      a4, -32(s0)
core   0: 3 0x000000008000ff32 (0xfe043703) x14 0x00000000800120a4 mem 0x0000000080031f50
core   0: 0x000000008000ff36 (0xfcf76de3) bltu    a4, a5, pc - 38
core   0: 3 0x000000008000ff36 (0xfcf76de3)
core   0: 0x000000008000ff10 (0xfe043783) ld      a5, -32(s0)
core   0: 3 0x000000008000ff10 (0xfe043783) x15 0x00000000800120a4 mem 0x0000000080031f50
core   0: 0x000000008000ff14 (0x00178713) addi    a4, a5, 1
core   0: 3 0x000000008000ff14 (0x00178713) x14 0x00000000800120a5
core   0: 0x000000008000ff18 (0xfee43023) sd      a4, -32(s0)
core   0: 3 0x000000008000ff18 (0xfee43023) mem 0x0000000080031f50 0x00000000800120a5
core   0: 0x000000008000ff1c (0xfc442703) lw      a4, -60(s0)
core   0: 3 0x000000008000ff1c (0xfc442703) x14 0x0000000000000000 mem 0x0000000080031f34
core   0: 0x000000008000ff20 (0x0ff77713) andi    a4, a4, 255
core   0: 3 0x000000008000ff20 (0x0ff77713) x14 0x0000000000000000
core   0: 0x000000008000ff24 (0x00e78023) sb      a4, 0(a5)
core   0: 3 0x000000008000ff24 (0x00e78023) mem 0x00000000800120a4 0x00
core   0: 0x000000008000ff28 (0xfc843703) ld      a4, -56(s0)
core   0: 3 0x000000008000ff28 (0xfc843703) x14 0x0000000080012040 mem 0x0000000080031f38
core   0: 0x000000008000ff2c (0xfb843783) ld      a5, -72(s0)
core   0: 3 0x000000008000ff2c (0xfb843783) x15 0x000000000000009c mem 0x0000000080031f28
core   0: 0x000000008000ff30 (0x000097ba) c.add   a5, a4
core   0: 3 0x000000008000ff30 (0x97ba) x15 0x00000000800120dc
core   0: 0x000000008000ff32 (0xfe043703) ld      a4, -32(s0)
core   0: 3 0x000000008000ff32 (0xfe043703) x14 0x00000000800120a5 mem 0x0000000080031f50
core   0: 0x000000008000ff36 (0xfcf76de3) bltu    a4, a5, pc - 38
core   0: 3 0x000000008000ff36 (0xfcf76de3)
core   0: 0x000000008000ff10 (0xfe043783) ld      a5, -32(s0)
core   0: 3 0x000000008000ff10 (0xfe043783) x15 0x00000000800120a5 mem 0x0000000080031f50
core   0: 0x000000008000ff14 (0x00178713) addi    a4, a5, 1
core   0: 3 0x000000008000ff14 (0x00178713) x14 0x00000000800120a6
core   0: 0x000000008000ff18 (0xfee43023) sd      a4, -32(s0)
core   0: 3 0x000000008000ff18 (0xfee43023) mem 0x0000000080031f50 0x00000000800120a6
core   0: 0x000000008000ff1c (0xfc442703) lw      a4, -60(s0)
core   0: 3 0x000000008000ff1c (0xfc442703) x14 0x0000000000000000 mem 0x0000000080031f34
core   0: 0x000000008000ff20 (0x0ff77713) andi    a4, a4, 255
core   0: 3 0x000000008000ff20 (0x0ff77713) x14 0x0000000000000000
core   0: 0x000000008000ff24 (0x00e78023) sb      a4, 0(a5)
core   0: 3 0x000000008000ff24 (0x00e78023) mem 0x00000000800120a5 0x00
core   0: 0x000000008000ff28 (0xfc843703) ld      a4, -56(s0)
core   0: 3 0x000000008000ff28 (0xfc843703) x14 0x0000000080012040 mem 0x0000000080031f38
core   0: 0x000000008000ff2c (0xfb843783) ld      a5, -72(s0)
core   0: 3 0x000000008000ff2c (0xfb843783) x15 0x000000000000009c mem 0x0000000080031f28
core   0: 0x000000008000ff30 (0x000097ba) c.add   a5, a4
core   0: 3 0x000000008000ff30 (0x97ba) x15 0x00000000800120dc
core   0: 0x000000008000ff32 (0xfe043703) ld      a4, -32(s0)
core   0: 3 0x000000008000ff32 (0xfe043703) x14 0x00000000800120a6 mem 0x0000000080031f50
core   0: 0x000000008000ff36 (0xfcf76de3) bltu    a4, a5, pc - 38
core   0: 3 0x000000008000ff36 (0xfcf76de3)
core   0: 0x000000008000ff10 (0xfe043783) ld      a5, -32(s0)
core   0: 3 0x000000008000ff10 (0xfe043783) x15 0x00000000800120a6 mem 0x0000000080031f50
core   0: 0x000000008000ff14 (0x00178713) addi    a4, a5, 1
core   0: 3 0x000000008000ff14 (0x00178713) x14 0x00000000800120a7
core   0: 0x000000008000ff18 (0xfee43023) sd      a4, -32(s0)
core   0: 3 0x000000008000ff18 (0xfee43023) mem 0x0000000080031f50 0x00000000800120a7
core   0: 0x000000008000ff1c (0xfc442703) lw      a4, -60(s0)
core   0: 3 0x000000008000ff1c (0xfc442703) x14 0x0000000000000000 mem 0x0000000080031f34
core   0: 0x000000008000ff20 (0x0ff77713) andi    a4, a4, 255
core   0: 3 0x000000008000ff20 (0x0ff77713) x14 0x0000000000000000
core   0: 0x000000008000ff24 (0x00e78023) sb      a4, 0(a5)
core   0: 3 0x000000008000ff24 (0x00e78023) mem 0x00000000800120a6 0x00
core   0: 0x000000008000ff28 (0xfc843703) ld      a4, -56(s0)
core   0: 3 0x000000008000ff28 (0xfc843703) x14 0x0000000080012040 mem 0x0000000080031f38
core   0: 0x000000008000ff2c (0xfb843783) ld      a5, -72(s0)
core   0: 3 0x000000008000ff2c (0xfb843783) x15 0x000000000000009c mem 0x0000000080031f28
core   0: 0x000000008000ff30 (0x000097ba) c.add   a5, a4
core   0: 3 0x000000008000ff30 (0x97ba) x15 0x00000000800120dc
core   0: 0x000000008000ff32 (0xfe043703) ld      a4, -32(s0)
core   0: 3 0x000000008000ff32 (0xfe043703) x14 0x00000000800120a7 mem 0x0000000080031f50
core   0: 0x000000008000ff36 (0xfcf76de3) bltu    a4, a5, pc - 38
core   0: 3 0x000000008000ff36 (0xfcf76de3)
core   0: 0x000000008000ff10 (0xfe043783) ld      a5, -32(s0)
core   0: 3 0x000000008000ff10 (0xfe043783) x15 0x00000000800120a7 mem 0x0000000080031f50
core   0: 0x000000008000ff14 (0x00178713) addi    a4, a5, 1
core   0: 3 0x000000008000ff14 (0x00178713) x14 0x00000000800120a8
core   0: 0x000000008000ff18 (0xfee43023) sd      a4, -32(s0)
core   0: 3 0x000000008000ff18 (0xfee43023) mem 0x0000000080031f50 0x00000000800120a8
core   0: 0x000000008000ff1c (0xfc442703) lw      a4, -60(s0)
core   0: 3 0x000000008000ff1c (0xfc442703) x14 0x0000000000000000 mem 0x0000000080031f34
core   0: 0x000000008000ff20 (0x0ff77713) andi    a4, a4, 255
core   0: 3 0x000000008000ff20 (0x0ff77713) x14 0x0000000000000000
core   0: 0x000000008000ff24 (0x00e78023) sb      a4, 0(a5)
core   0: 3 0x000000008000ff24 (0x00e78023) mem 0x00000000800120a7 0x00
core   0: 0x000000008000ff28 (0xfc843703) ld      a4, -56(s0)
core   0: 3 0x000000008000ff28 (0xfc843703) x14 0x0000000080012040 mem 0x0000000080031f38
core   0: 0x000000008000ff2c (0xfb843783) ld      a5, -72(s0)
core   0: 3 0x000000008000ff2c (0xfb843783) x15 0x000000000000009c mem 0x0000000080031f28
core   0: 0x000000008000ff30 (0x000097ba) c.add   a5, a4
core   0: 3 0x000000008000ff30 (0x97ba) x15 0x00000000800120dc
core   0: 0x000000008000ff32 (0xfe043703) ld      a4, -32(s0)
core   0: 3 0x000000008000ff32 (0xfe043703) x14 0x00000000800120a8 mem 0x0000000080031f50
core   0: 0x000000008000ff36 (0xfcf76de3) bltu    a4, a5, pc - 38
core   0: 3 0x000000008000ff36 (0xfcf76de3)
core   0: 0x000000008000ff10 (0xfe043783) ld      a5, -32(s0)
core   0: 3 0x000000008000ff10 (0xfe043783) x15 0x00000000800120a8 mem 0x0000000080031f50
core   0: 0x000000008000ff14 (0x00178713) addi    a4, a5, 1
core   0: 3 0x000000008000ff14 (0x00178713) x14 0x00000000800120a9
core   0: 0x000000008000ff18 (0xfee43023) sd      a4, -32(s0)
core   0: 3 0x000000008000ff18 (0xfee43023) mem 0x0000000080031f50 0x00000000800120a9
core   0: 0x000000008000ff1c (0xfc442703) lw      a4, -60(s0)
core   0: 3 0x000000008000ff1c (0xfc442703) x14 0x0000000000000000 mem 0x0000000080031f34
core   0: 0x000000008000ff20 (0x0ff77713) andi    a4, a4, 255
core   0: 3 0x000000008000ff20 (0x0ff77713) x14 0x0000000000000000
core   0: 0x000000008000ff24 (0x00e78023) sb      a4, 0(a5)
core   0: 3 0x000000008000ff24 (0x00e78023) mem 0x00000000800120a8 0x00
core   0: 0x000000008000ff28 (0xfc843703) ld      a4, -56(s0)
core   0: 3 0x000000008000ff28 (0xfc843703) x14 0x0000000080012040 mem 0x0000000080031f38
core   0: 0x000000008000ff2c (0xfb843783) ld      a5, -72(s0)
core   0: 3 0x000000008000ff2c (0xfb843783) x15 0x000000000000009c mem 0x0000000080031f28
core   0: 0x000000008000ff30 (0x000097ba) c.add   a5, a4
core   0: 3 0x000000008000ff30 (0x97ba) x15 0x00000000800120dc
core   0: 0x000000008000ff32 (0xfe043703) ld      a4, -32(s0)
core   0: 3 0x000000008000ff32 (0xfe043703) x14 0x00000000800120a9 mem 0x0000000080031f50
core   0: 0x000000008000ff36 (0xfcf76de3) bltu    a4, a5, pc - 38
core   0: 3 0x000000008000ff36 (0xfcf76de3)
core   0: 0x000000008000ff10 (0xfe043783) ld      a5, -32(s0)
core   0: 3 0x000000008000ff10 (0xfe043783) x15 0x00000000800120a9 mem 0x0000000080031f50
core   0: 0x000000008000ff14 (0x00178713) addi    a4, a5, 1
core   0: 3 0x000000008000ff14 (0x00178713) x14 0x00000000800120aa
core   0: 0x000000008000ff18 (0xfee43023) sd      a4, -32(s0)
core   0: 3 0x000000008000ff18 (0xfee43023) mem 0x0000000080031f50 0x00000000800120aa
core   0: 0x000000008000ff1c (0xfc442703) lw      a4, -60(s0)
core   0: 3 0x000000008000ff1c (0xfc442703) x14 0x0000000000000000 mem 0x0000000080031f34
core   0: 0x000000008000ff20 (0x0ff77713) andi    a4, a4, 255
core   0: 3 0x000000008000ff20 (0x0ff77713) x14 0x0000000000000000
core   0: 0x000000008000ff24 (0x00e78023) sb      a4, 0(a5)
core   0: 3 0x000000008000ff24 (0x00e78023) mem 0x00000000800120a9 0x00
core   0: 0x000000008000ff28 (0xfc843703) ld      a4, -56(s0)
core   0: 3 0x000000008000ff28 (0xfc843703) x14 0x0000000080012040 mem 0x0000000080031f38
core   0: 0x000000008000ff2c (0xfb843783) ld      a5, -72(s0)
core   0: 3 0x000000008000ff2c (0xfb843783) x15 0x000000000000009c mem 0x0000000080031f28
core   0: 0x000000008000ff30 (0x000097ba) c.add   a5, a4
core   0: 3 0x000000008000ff30 (0x97ba) x15 0x00000000800120dc
core   0: 0x000000008000ff32 (0xfe043703) ld      a4, -32(s0)
core   0: 3 0x000000008000ff32 (0xfe043703) x14 0x00000000800120aa mem 0x0000000080031f50
core   0: 0x000000008000ff36 (0xfcf76de3) bltu    a4, a5, pc - 38
core   0: 3 0x000000008000ff36 (0xfcf76de3)
core   0: 0x000000008000ff10 (0xfe043783) ld      a5, -32(s0)
core   0: 3 0x000000008000ff10 (0xfe043783) x15 0x00000000800120aa mem 0x0000000080031f50
core   0: 0x000000008000ff14 (0x00178713) addi    a4, a5, 1
core   0: 3 0x000000008000ff14 (0x00178713) x14 0x00000000800120ab
core   0: 0x000000008000ff18 (0xfee43023) sd      a4, -32(s0)
core   0: 3 0x000000008000ff18 (0xfee43023) mem 0x0000000080031f50 0x00000000800120ab
core   0: 0x000000008000ff1c (0xfc442703) lw      a4, -60(s0)
core   0: 3 0x000000008000ff1c (0xfc442703) x14 0x0000000000000000 mem 0x0000000080031f34
core   0: 0x000000008000ff20 (0x0ff77713) andi    a4, a4, 255
core   0: 3 0x000000008000ff20 (0x0ff77713) x14 0x0000000000000000
core   0: 0x000000008000ff24 (0x00e78023) sb      a4, 0(a5)
core   0: 3 0x000000008000ff24 (0x00e78023) mem 0x00000000800120aa 0x00
core   0: 0x000000008000ff28 (0xfc843703) ld      a4, -56(s0)
core   0: 3 0x000000008000ff28 (0xfc843703) x14 0x0000000080012040 mem 0x0000000080031f38
core   0: 0x000000008000ff2c (0xfb843783) ld      a5, -72(s0)
core   0: 3 0x000000008000ff2c (0xfb843783) x15 0x000000000000009c mem 0x0000000080031f28
core   0: 0x000000008000ff30 (0x000097ba) c.add   a5, a4
core   0: 3 0x000000008000ff30 (0x97ba) x15 0x00000000800120dc
core   0: 0x000000008000ff32 (0xfe043703) ld      a4, -32(s0)
core   0: 3 0x000000008000ff32 (0xfe043703) x14 0x00000000800120ab mem 0x0000000080031f50
core   0: 0x000000008000ff36 (0xfcf76de3) bltu    a4, a5, pc - 38
core   0: 3 0x000000008000ff36 (0xfcf76de3)
core   0: 0x000000008000ff10 (0xfe043783) ld      a5, -32(s0)
core   0: 3 0x000000008000ff10 (0xfe043783) x15 0x00000000800120ab mem 0x0000000080031f50
core   0: 0x000000008000ff14 (0x00178713) addi    a4, a5, 1
core   0: 3 0x000000008000ff14 (0x00178713) x14 0x00000000800120ac
core   0: 0x000000008000ff18 (0xfee43023) sd      a4, -32(s0)
core   0: 3 0x000000008000ff18 (0xfee43023) mem 0x0000000080031f50 0x00000000800120ac
core   0: 0x000000008000ff1c (0xfc442703) lw      a4, -60(s0)
core   0: 3 0x000000008000ff1c (0xfc442703) x14 0x0000000000000000 mem 0x0000000080031f34
core   0: 0x000000008000ff20 (0x0ff77713) andi    a4, a4, 255
core   0: 3 0x000000008000ff20 (0x0ff77713) x14 0x0000000000000000
core   0: 0x000000008000ff24 (0x00e78023) sb      a4, 0(a5)
core   0: 3 0x000000008000ff24 (0x00e78023) mem 0x00000000800120ab 0x00
core   0: 0x000000008000ff28 (0xfc843703) ld      a4, -56(s0)
core   0: 3 0x000000008000ff28 (0xfc843703) x14 0x0000000080012040 mem 0x0000000080031f38
core   0: 0x000000008000ff2c (0xfb843783) ld      a5, -72(s0)
core   0: 3 0x000000008000ff2c (0xfb843783) x15 0x000000000000009c mem 0x0000000080031f28
core   0: 0x000000008000ff30 (0x000097ba) c.add   a5, a4
core   0: 3 0x000000008000ff30 (0x97ba) x15 0x00000000800120dc
core   0: 0x000000008000ff32 (0xfe043703) ld      a4, -32(s0)
core   0: 3 0x000000008000ff32 (0xfe043703) x14 0x00000000800120ac mem 0x0000000080031f50
core   0: 0x000000008000ff36 (0xfcf76de3) bltu    a4, a5, pc - 38
core   0: 3 0x000000008000ff36 (0xfcf76de3)
core   0: 0x000000008000ff10 (0xfe043783) ld      a5, -32(s0)
core   0: 3 0x000000008000ff10 (0xfe043783) x15 0x00000000800120ac mem 0x0000000080031f50
core   0: 0x000000008000ff14 (0x00178713) addi    a4, a5, 1
core   0: 3 0x000000008000ff14 (0x00178713) x14 0x00000000800120ad
core   0: 0x000000008000ff18 (0xfee43023) sd      a4, -32(s0)
core   0: 3 0x000000008000ff18 (0xfee43023) mem 0x0000000080031f50 0x00000000800120ad
core   0: 0x000000008000ff1c (0xfc442703) lw      a4, -60(s0)
core   0: 3 0x000000008000ff1c (0xfc442703) x14 0x0000000000000000 mem 0x0000000080031f34
core   0: 0x000000008000ff20 (0x0ff77713) andi    a4, a4, 255
core   0: 3 0x000000008000ff20 (0x0ff77713) x14 0x0000000000000000
core   0: 0x000000008000ff24 (0x00e78023) sb      a4, 0(a5)
core   0: 3 0x000000008000ff24 (0x00e78023) mem 0x00000000800120ac 0x00
core   0: 0x000000008000ff28 (0xfc843703) ld      a4, -56(s0)
core   0: 3 0x000000008000ff28 (0xfc843703) x14 0x0000000080012040 mem 0x0000000080031f38
core   0: 0x000000008000ff2c (0xfb843783) ld      a5, -72(s0)
core   0: 3 0x000000008000ff2c (0xfb843783) x15 0x000000000000009c mem 0x0000000080031f28
core   0: 0x000000008000ff30 (0x000097ba) c.add   a5, a4
core   0: 3 0x000000008000ff30 (0x97ba) x15 0x00000000800120dc
core   0: 0x000000008000ff32 (0xfe043703) ld      a4, -32(s0)
core   0: 3 0x000000008000ff32 (0xfe043703) x14 0x00000000800120ad mem 0x0000000080031f50
core   0: 0x000000008000ff36 (0xfcf76de3) bltu    a4, a5, pc - 38
core   0: 3 0x000000008000ff36 (0xfcf76de3)
core   0: 0x000000008000ff10 (0xfe043783) ld      a5, -32(s0)
core   0: 3 0x000000008000ff10 (0xfe043783) x15 0x00000000800120ad mem 0x0000000080031f50
core   0: 0x000000008000ff14 (0x00178713) addi    a4, a5, 1
core   0: 3 0x000000008000ff14 (0x00178713) x14 0x00000000800120ae
core   0: 0x000000008000ff18 (0xfee43023) sd      a4, -32(s0)
core   0: 3 0x000000008000ff18 (0xfee43023) mem 0x0000000080031f50 0x00000000800120ae
core   0: 0x000000008000ff1c (0xfc442703) lw      a4, -60(s0)
core   0: 3 0x000000008000ff1c (0xfc442703) x14 0x0000000000000000 mem 0x0000000080031f34
core   0: 0x000000008000ff20 (0x0ff77713) andi    a4, a4, 255
core   0: 3 0x000000008000ff20 (0x0ff77713) x14 0x0000000000000000
core   0: 0x000000008000ff24 (0x00e78023) sb      a4, 0(a5)
core   0: 3 0x000000008000ff24 (0x00e78023) mem 0x00000000800120ad 0x00
core   0: 0x000000008000ff28 (0xfc843703) ld      a4, -56(s0)
core   0: 3 0x000000008000ff28 (0xfc843703) x14 0x0000000080012040 mem 0x0000000080031f38
core   0: 0x000000008000ff2c (0xfb843783) ld      a5, -72(s0)
core   0: 3 0x000000008000ff2c (0xfb843783) x15 0x000000000000009c mem 0x0000000080031f28
core   0: 0x000000008000ff30 (0x000097ba) c.add   a5, a4
core   0: 3 0x000000008000ff30 (0x97ba) x15 0x00000000800120dc
core   0: 0x000000008000ff32 (0xfe043703) ld      a4, -32(s0)
core   0: 3 0x000000008000ff32 (0xfe043703) x14 0x00000000800120ae mem 0x0000000080031f50
core   0: 0x000000008000ff36 (0xfcf76de3) bltu    a4, a5, pc - 38
core   0: 3 0x000000008000ff36 (0xfcf76de3)
core   0: 0x000000008000ff10 (0xfe043783) ld      a5, -32(s0)
core   0: 3 0x000000008000ff10 (0xfe043783) x15 0x00000000800120ae mem 0x0000000080031f50
core   0: 0x000000008000ff14 (0x00178713) addi    a4, a5, 1
core   0: 3 0x000000008000ff14 (0x00178713) x14 0x00000000800120af
core   0: 0x000000008000ff18 (0xfee43023) sd      a4, -32(s0)
core   0: 3 0x000000008000ff18 (0xfee43023) mem 0x0000000080031f50 0x00000000800120af
core   0: 0x000000008000ff1c (0xfc442703) lw      a4, -60(s0)
core   0: 3 0x000000008000ff1c (0xfc442703) x14 0x0000000000000000 mem 0x0000000080031f34
core   0: 0x000000008000ff20 (0x0ff77713) andi    a4, a4, 255
core   0: 3 0x000000008000ff20 (0x0ff77713) x14 0x0000000000000000
core   0: 0x000000008000ff24 (0x00e78023) sb      a4, 0(a5)
core   0: 3 0x000000008000ff24 (0x00e78023) mem 0x00000000800120ae 0x00
core   0: 0x000000008000ff28 (0xfc843703) ld      a4, -56(s0)
core   0: 3 0x000000008000ff28 (0xfc843703) x14 0x0000000080012040 mem 0x0000000080031f38
core   0: 0x000000008000ff2c (0xfb843783) ld      a5, -72(s0)
core   0: 3 0x000000008000ff2c (0xfb843783) x15 0x000000000000009c mem 0x0000000080031f28
core   0: 0x000000008000ff30 (0x000097ba) c.add   a5, a4
core   0: 3 0x000000008000ff30 (0x97ba) x15 0x00000000800120dc
core   0: 0x000000008000ff32 (0xfe043703) ld      a4, -32(s0)
core   0: 3 0x000000008000ff32 (0xfe043703) x14 0x00000000800120af mem 0x0000000080031f50
core   0: 0x000000008000ff36 (0xfcf76de3) bltu    a4, a5, pc - 38
core   0: 3 0x000000008000ff36 (0xfcf76de3)
core   0: 0x000000008000ff10 (0xfe043783) ld      a5, -32(s0)
core   0: 3 0x000000008000ff10 (0xfe043783) x15 0x00000000800120af mem 0x0000000080031f50
core   0: 0x000000008000ff14 (0x00178713) addi    a4, a5, 1
core   0: 3 0x000000008000ff14 (0x00178713) x14 0x00000000800120b0
core   0: 0x000000008000ff18 (0xfee43023) sd      a4, -32(s0)
core   0: 3 0x000000008000ff18 (0xfee43023) mem 0x0000000080031f50 0x00000000800120b0
core   0: 0x000000008000ff1c (0xfc442703) lw      a4, -60(s0)
core   0: 3 0x000000008000ff1c (0xfc442703) x14 0x0000000000000000 mem 0x0000000080031f34
core   0: 0x000000008000ff20 (0x0ff77713) andi    a4, a4, 255
core   0: 3 0x000000008000ff20 (0x0ff77713) x14 0x0000000000000000
core   0: 0x000000008000ff24 (0x00e78023) sb      a4, 0(a5)
core   0: 3 0x000000008000ff24 (0x00e78023) mem 0x00000000800120af 0x00
core   0: 0x000000008000ff28 (0xfc843703) ld      a4, -56(s0)
core   0: 3 0x000000008000ff28 (0xfc843703) x14 0x0000000080012040 mem 0x0000000080031f38
core   0: 0x000000008000ff2c (0xfb843783) ld      a5, -72(s0)
core   0: 3 0x000000008000ff2c (0xfb843783) x15 0x000000000000009c mem 0x0000000080031f28
core   0: 0x000000008000ff30 (0x000097ba) c.add   a5, a4
core   0: 3 0x000000008000ff30 (0x97ba) x15 0x00000000800120dc
core   0: 0x000000008000ff32 (0xfe043703) ld      a4, -32(s0)
core   0: 3 0x000000008000ff32 (0xfe043703) x14 0x00000000800120b0 mem 0x0000000080031f50
core   0: 0x000000008000ff36 (0xfcf76de3) bltu    a4, a5, pc - 38
core   0: 3 0x000000008000ff36 (0xfcf76de3)
core   0: 0x000000008000ff10 (0xfe043783) ld      a5, -32(s0)
core   0: 3 0x000000008000ff10 (0xfe043783) x15 0x00000000800120b0 mem 0x0000000080031f50
core   0: 0x000000008000ff14 (0x00178713) addi    a4, a5, 1
core   0: 3 0x000000008000ff14 (0x00178713) x14 0x00000000800120b1
core   0: 0x000000008000ff18 (0xfee43023) sd      a4, -32(s0)
core   0: 3 0x000000008000ff18 (0xfee43023) mem 0x0000000080031f50 0x00000000800120b1
core   0: 0x000000008000ff1c (0xfc442703) lw      a4, -60(s0)
core   0: 3 0x000000008000ff1c (0xfc442703) x14 0x0000000000000000 mem 0x0000000080031f34
core   0: 0x000000008000ff20 (0x0ff77713) andi    a4, a4, 255
core   0: 3 0x000000008000ff20 (0x0ff77713) x14 0x0000000000000000
core   0: 0x000000008000ff24 (0x00e78023) sb      a4, 0(a5)
core   0: 3 0x000000008000ff24 (0x00e78023) mem 0x00000000800120b0 0x00
core   0: 0x000000008000ff28 (0xfc843703) ld      a4, -56(s0)
core   0: 3 0x000000008000ff28 (0xfc843703) x14 0x0000000080012040 mem 0x0000000080031f38
core   0: 0x000000008000ff2c (0xfb843783) ld      a5, -72(s0)
core   0: 3 0x000000008000ff2c (0xfb843783) x15 0x000000000000009c mem 0x0000000080031f28
core   0: 0x000000008000ff30 (0x000097ba) c.add   a5, a4
core   0: 3 0x000000008000ff30 (0x97ba) x15 0x00000000800120dc
core   0: 0x000000008000ff32 (0xfe043703) ld      a4, -32(s0)
core   0: 3 0x000000008000ff32 (0xfe043703) x14 0x00000000800120b1 mem 0x0000000080031f50
core   0: 0x000000008000ff36 (0xfcf76de3) bltu    a4, a5, pc - 38
core   0: 3 0x000000008000ff36 (0xfcf76de3)
core   0: 0x000000008000ff10 (0xfe043783) ld      a5, -32(s0)
core   0: 3 0x000000008000ff10 (0xfe043783) x15 0x00000000800120b1 mem 0x0000000080031f50
core   0: 0x000000008000ff14 (0x00178713) addi    a4, a5, 1
core   0: 3 0x000000008000ff14 (0x00178713) x14 0x00000000800120b2
core   0: 0x000000008000ff18 (0xfee43023) sd      a4, -32(s0)
core   0: 3 0x000000008000ff18 (0xfee43023) mem 0x0000000080031f50 0x00000000800120b2
core   0: 0x000000008000ff1c (0xfc442703) lw      a4, -60(s0)
core   0: 3 0x000000008000ff1c (0xfc442703) x14 0x0000000000000000 mem 0x0000000080031f34
core   0: 0x000000008000ff20 (0x0ff77713) andi    a4, a4, 255
core   0: 3 0x000000008000ff20 (0x0ff77713) x14 0x0000000000000000
core   0: 0x000000008000ff24 (0x00e78023) sb      a4, 0(a5)
core   0: 3 0x000000008000ff24 (0x00e78023) mem 0x00000000800120b1 0x00
core   0: 0x000000008000ff28 (0xfc843703) ld      a4, -56(s0)
core   0: 3 0x000000008000ff28 (0xfc843703) x14 0x0000000080012040 mem 0x0000000080031f38
core   0: 0x000000008000ff2c (0xfb843783) ld      a5, -72(s0)
core   0: 3 0x000000008000ff2c (0xfb843783) x15 0x000000000000009c mem 0x0000000080031f28
core   0: 0x000000008000ff30 (0x000097ba) c.add   a5, a4
core   0: 3 0x000000008000ff30 (0x97ba) x15 0x00000000800120dc
core   0: 0x000000008000ff32 (0xfe043703) ld      a4, -32(s0)
core   0: 3 0x000000008000ff32 (0xfe043703) x14 0x00000000800120b2 mem 0x0000000080031f50
core   0: 0x000000008000ff36 (0xfcf76de3) bltu    a4, a5, pc - 38
core   0: 3 0x000000008000ff36 (0xfcf76de3)
core   0: 0x000000008000ff10 (0xfe043783) ld      a5, -32(s0)
core   0: 3 0x000000008000ff10 (0xfe043783) x15 0x00000000800120b2 mem 0x0000000080031f50
core   0: 0x000000008000ff14 (0x00178713) addi    a4, a5, 1
core   0: 3 0x000000008000ff14 (0x00178713) x14 0x00000000800120b3
core   0: 0x000000008000ff18 (0xfee43023) sd      a4, -32(s0)
core   0: 3 0x000000008000ff18 (0xfee43023) mem 0x0000000080031f50 0x00000000800120b3
core   0: 0x000000008000ff1c (0xfc442703) lw      a4, -60(s0)
core   0: 3 0x000000008000ff1c (0xfc442703) x14 0x0000000000000000 mem 0x0000000080031f34
core   0: 0x000000008000ff20 (0x0ff77713) andi    a4, a4, 255
core   0: 3 0x000000008000ff20 (0x0ff77713) x14 0x0000000000000000
core   0: 0x000000008000ff24 (0x00e78023) sb      a4, 0(a5)
core   0: 3 0x000000008000ff24 (0x00e78023) mem 0x00000000800120b2 0x00
core   0: 0x000000008000ff28 (0xfc843703) ld      a4, -56(s0)
core   0: 3 0x000000008000ff28 (0xfc843703) x14 0x0000000080012040 mem 0x0000000080031f38
core   0: 0x000000008000ff2c (0xfb843783) ld      a5, -72(s0)
core   0: 3 0x000000008000ff2c (0xfb843783) x15 0x000000000000009c mem 0x0000000080031f28
core   0: 0x000000008000ff30 (0x000097ba) c.add   a5, a4
core   0: 3 0x000000008000ff30 (0x97ba) x15 0x00000000800120dc
core   0: 0x000000008000ff32 (0xfe043703) ld      a4, -32(s0)
core   0: 3 0x000000008000ff32 (0xfe043703) x14 0x00000000800120b3 mem 0x0000000080031f50
core   0: 0x000000008000ff36 (0xfcf76de3) bltu    a4, a5, pc - 38
core   0: 3 0x000000008000ff36 (0xfcf76de3)
core   0: 0x000000008000ff10 (0xfe043783) ld      a5, -32(s0)
core   0: 3 0x000000008000ff10 (0xfe043783) x15 0x00000000800120b3 mem 0x0000000080031f50
core   0: 0x000000008000ff14 (0x00178713) addi    a4, a5, 1
core   0: 3 0x000000008000ff14 (0x00178713) x14 0x00000000800120b4
core   0: 0x000000008000ff18 (0xfee43023) sd      a4, -32(s0)
core   0: 3 0x000000008000ff18 (0xfee43023) mem 0x0000000080031f50 0x00000000800120b4
core   0: 0x000000008000ff1c (0xfc442703) lw      a4, -60(s0)
core   0: 3 0x000000008000ff1c (0xfc442703) x14 0x0000000000000000 mem 0x0000000080031f34
core   0: 0x000000008000ff20 (0x0ff77713) andi    a4, a4, 255
core   0: 3 0x000000008000ff20 (0x0ff77713) x14 0x0000000000000000
core   0: 0x000000008000ff24 (0x00e78023) sb      a4, 0(a5)
core   0: 3 0x000000008000ff24 (0x00e78023) mem 0x00000000800120b3 0x00
core   0: 0x000000008000ff28 (0xfc843703) ld      a4, -56(s0)
core   0: 3 0x000000008000ff28 (0xfc843703) x14 0x0000000080012040 mem 0x0000000080031f38
core   0: 0x000000008000ff2c (0xfb843783) ld      a5, -72(s0)
core   0: 3 0x000000008000ff2c (0xfb843783) x15 0x000000000000009c mem 0x0000000080031f28
core   0: 0x000000008000ff30 (0x000097ba) c.add   a5, a4
core   0: 3 0x000000008000ff30 (0x97ba) x15 0x00000000800120dc
core   0: 0x000000008000ff32 (0xfe043703) ld      a4, -32(s0)
core   0: 3 0x000000008000ff32 (0xfe043703) x14 0x00000000800120b4 mem 0x0000000080031f50
core   0: 0x000000008000ff36 (0xfcf76de3) bltu    a4, a5, pc - 38
core   0: 3 0x000000008000ff36 (0xfcf76de3)
core   0: 0x000000008000ff10 (0xfe043783) ld      a5, -32(s0)
core   0: 3 0x000000008000ff10 (0xfe043783) x15 0x00000000800120b4 mem 0x0000000080031f50
core   0: 0x000000008000ff14 (0x00178713) addi    a4, a5, 1
core   0: 3 0x000000008000ff14 (0x00178713) x14 0x00000000800120b5
core   0: 0x000000008000ff18 (0xfee43023) sd      a4, -32(s0)
core   0: 3 0x000000008000ff18 (0xfee43023) mem 0x0000000080031f50 0x00000000800120b5
core   0: 0x000000008000ff1c (0xfc442703) lw      a4, -60(s0)
core   0: 3 0x000000008000ff1c (0xfc442703) x14 0x0000000000000000 mem 0x0000000080031f34
core   0: 0x000000008000ff20 (0x0ff77713) andi    a4, a4, 255
core   0: 3 0x000000008000ff20 (0x0ff77713) x14 0x0000000000000000
core   0: 0x000000008000ff24 (0x00e78023) sb      a4, 0(a5)
core   0: 3 0x000000008000ff24 (0x00e78023) mem 0x00000000800120b4 0x00
core   0: 0x000000008000ff28 (0xfc843703) ld      a4, -56(s0)
core   0: 3 0x000000008000ff28 (0xfc843703) x14 0x0000000080012040 mem 0x0000000080031f38
core   0: 0x000000008000ff2c (0xfb843783) ld      a5, -72(s0)
core   0: 3 0x000000008000ff2c (0xfb843783) x15 0x000000000000009c mem 0x0000000080031f28
core   0: 0x000000008000ff30 (0x000097ba) c.add   a5, a4
core   0: 3 0x000000008000ff30 (0x97ba) x15 0x00000000800120dc
core   0: 0x000000008000ff32 (0xfe043703) ld      a4, -32(s0)
core   0: 3 0x000000008000ff32 (0xfe043703) x14 0x00000000800120b5 mem 0x0000000080031f50
core   0: 0x000000008000ff36 (0xfcf76de3) bltu    a4, a5, pc - 38
core   0: 3 0x000000008000ff36 (0xfcf76de3)
core   0: 0x000000008000ff10 (0xfe043783) ld      a5, -32(s0)
core   0: 3 0x000000008000ff10 (0xfe043783) x15 0x00000000800120b5 mem 0x0000000080031f50
core   0: 0x000000008000ff14 (0x00178713) addi    a4, a5, 1
core   0: 3 0x000000008000ff14 (0x00178713) x14 0x00000000800120b6
core   0: 0x000000008000ff18 (0xfee43023) sd      a4, -32(s0)
core   0: 3 0x000000008000ff18 (0xfee43023) mem 0x0000000080031f50 0x00000000800120b6
core   0: 0x000000008000ff1c (0xfc442703) lw      a4, -60(s0)
core   0: 3 0x000000008000ff1c (0xfc442703) x14 0x0000000000000000 mem 0x0000000080031f34
core   0: 0x000000008000ff20 (0x0ff77713) andi    a4, a4, 255
core   0: 3 0x000000008000ff20 (0x0ff77713) x14 0x0000000000000000
core   0: 0x000000008000ff24 (0x00e78023) sb      a4, 0(a5)
core   0: 3 0x000000008000ff24 (0x00e78023) mem 0x00000000800120b5 0x00
core   0: 0x000000008000ff28 (0xfc843703) ld      a4, -56(s0)
core   0: 3 0x000000008000ff28 (0xfc843703) x14 0x0000000080012040 mem 0x0000000080031f38
core   0: 0x000000008000ff2c (0xfb843783) ld      a5, -72(s0)
core   0: 3 0x000000008000ff2c (0xfb843783) x15 0x000000000000009c mem 0x0000000080031f28
core   0: 0x000000008000ff30 (0x000097ba) c.add   a5, a4
core   0: 3 0x000000008000ff30 (0x97ba) x15 0x00000000800120dc
core   0: 0x000000008000ff32 (0xfe043703) ld      a4, -32(s0)
core   0: 3 0x000000008000ff32 (0xfe043703) x14 0x00000000800120b6 mem 0x0000000080031f50
core   0: 0x000000008000ff36 (0xfcf76de3) bltu    a4, a5, pc - 38
core   0: 3 0x000000008000ff36 (0xfcf76de3)
core   0: 0x000000008000ff10 (0xfe043783) ld      a5, -32(s0)
core   0: 3 0x000000008000ff10 (0xfe043783) x15 0x00000000800120b6 mem 0x0000000080031f50
core   0: 0x000000008000ff14 (0x00178713) addi    a4, a5, 1
core   0: 3 0x000000008000ff14 (0x00178713) x14 0x00000000800120b7
core   0: 0x000000008000ff18 (0xfee43023) sd      a4, -32(s0)
core   0: 3 0x000000008000ff18 (0xfee43023) mem 0x0000000080031f50 0x00000000800120b7
core   0: 0x000000008000ff1c (0xfc442703) lw      a4, -60(s0)
core   0: 3 0x000000008000ff1c (0xfc442703) x14 0x0000000000000000 mem 0x0000000080031f34
core   0: 0x000000008000ff20 (0x0ff77713) andi    a4, a4, 255
core   0: 3 0x000000008000ff20 (0x0ff77713) x14 0x0000000000000000
core   0: 0x000000008000ff24 (0x00e78023) sb      a4, 0(a5)
core   0: 3 0x000000008000ff24 (0x00e78023) mem 0x00000000800120b6 0x00
core   0: 0x000000008000ff28 (0xfc843703) ld      a4, -56(s0)
core   0: 3 0x000000008000ff28 (0xfc843703) x14 0x0000000080012040 mem 0x0000000080031f38
core   0: 0x000000008000ff2c (0xfb843783) ld      a5, -72(s0)
core   0: 3 0x000000008000ff2c (0xfb843783) x15 0x000000000000009c mem 0x0000000080031f28
core   0: 0x000000008000ff30 (0x000097ba) c.add   a5, a4
core   0: 3 0x000000008000ff30 (0x97ba) x15 0x00000000800120dc
core   0: 0x000000008000ff32 (0xfe043703) ld      a4, -32(s0)
core   0: 3 0x000000008000ff32 (0xfe043703) x14 0x00000000800120b7 mem 0x0000000080031f50
core   0: 0x000000008000ff36 (0xfcf76de3) bltu    a4, a5, pc - 38
core   0: 3 0x000000008000ff36 (0xfcf76de3)
core   0: 0x000000008000ff10 (0xfe043783) ld      a5, -32(s0)
core   0: 3 0x000000008000ff10 (0xfe043783) x15 0x00000000800120b7 mem 0x0000000080031f50
core   0: 0x000000008000ff14 (0x00178713) addi    a4, a5, 1
core   0: 3 0x000000008000ff14 (0x00178713) x14 0x00000000800120b8
core   0: 0x000000008000ff18 (0xfee43023) sd      a4, -32(s0)
core   0: 3 0x000000008000ff18 (0xfee43023) mem 0x0000000080031f50 0x00000000800120b8
core   0: 0x000000008000ff1c (0xfc442703) lw      a4, -60(s0)
core   0: 3 0x000000008000ff1c (0xfc442703) x14 0x0000000000000000 mem 0x0000000080031f34
core   0: 0x000000008000ff20 (0x0ff77713) andi    a4, a4, 255
core   0: 3 0x000000008000ff20 (0x0ff77713) x14 0x0000000000000000
core   0: 0x000000008000ff24 (0x00e78023) sb      a4, 0(a5)
core   0: 3 0x000000008000ff24 (0x00e78023) mem 0x00000000800120b7 0x00
core   0: 0x000000008000ff28 (0xfc843703) ld      a4, -56(s0)
core   0: 3 0x000000008000ff28 (0xfc843703) x14 0x0000000080012040 mem 0x0000000080031f38
core   0: 0x000000008000ff2c (0xfb843783) ld      a5, -72(s0)
core   0: 3 0x000000008000ff2c (0xfb843783) x15 0x000000000000009c mem 0x0000000080031f28
core   0: 0x000000008000ff30 (0x000097ba) c.add   a5, a4
core   0: 3 0x000000008000ff30 (0x97ba) x15 0x00000000800120dc
core   0: 0x000000008000ff32 (0xfe043703) ld      a4, -32(s0)
core   0: 3 0x000000008000ff32 (0xfe043703) x14 0x00000000800120b8 mem 0x0000000080031f50
core   0: 0x000000008000ff36 (0xfcf76de3) bltu    a4, a5, pc - 38
core   0: 3 0x000000008000ff36 (0xfcf76de3)
core   0: 0x000000008000ff10 (0xfe043783) ld      a5, -32(s0)
core   0: 3 0x000000008000ff10 (0xfe043783) x15 0x00000000800120b8 mem 0x0000000080031f50
core   0: 0x000000008000ff14 (0x00178713) addi    a4, a5, 1
core   0: 3 0x000000008000ff14 (0x00178713) x14 0x00000000800120b9
core   0: 0x000000008000ff18 (0xfee43023) sd      a4, -32(s0)
core   0: 3 0x000000008000ff18 (0xfee43023) mem 0x0000000080031f50 0x00000000800120b9
core   0: 0x000000008000ff1c (0xfc442703) lw      a4, -60(s0)
core   0: 3 0x000000008000ff1c (0xfc442703) x14 0x0000000000000000 mem 0x0000000080031f34
core   0: 0x000000008000ff20 (0x0ff77713) andi    a4, a4, 255
core   0: 3 0x000000008000ff20 (0x0ff77713) x14 0x0000000000000000
core   0: 0x000000008000ff24 (0x00e78023) sb      a4, 0(a5)
core   0: 3 0x000000008000ff24 (0x00e78023) mem 0x00000000800120b8 0x00
core   0: 0x000000008000ff28 (0xfc843703) ld      a4, -56(s0)
core   0: 3 0x000000008000ff28 (0xfc843703) x14 0x0000000080012040 mem 0x0000000080031f38
core   0: 0x000000008000ff2c (0xfb843783) ld      a5, -72(s0)
core   0: 3 0x000000008000ff2c (0xfb843783) x15 0x000000000000009c mem 0x0000000080031f28
core   0: 0x000000008000ff30 (0x000097ba) c.add   a5, a4
core   0: 3 0x000000008000ff30 (0x97ba) x15 0x00000000800120dc
core   0: 0x000000008000ff32 (0xfe043703) ld      a4, -32(s0)
core   0: 3 0x000000008000ff32 (0xfe043703) x14 0x00000000800120b9 mem 0x0000000080031f50
core   0: 0x000000008000ff36 (0xfcf76de3) bltu    a4, a5, pc - 38
core   0: 3 0x000000008000ff36 (0xfcf76de3)
core   0: 0x000000008000ff10 (0xfe043783) ld      a5, -32(s0)
core   0: 3 0x000000008000ff10 (0xfe043783) x15 0x00000000800120b9 mem 0x0000000080031f50
core   0: 0x000000008000ff14 (0x00178713) addi    a4, a5, 1
core   0: 3 0x000000008000ff14 (0x00178713) x14 0x00000000800120ba
core   0: 0x000000008000ff18 (0xfee43023) sd      a4, -32(s0)
core   0: 3 0x000000008000ff18 (0xfee43023) mem 0x0000000080031f50 0x00000000800120ba
core   0: 0x000000008000ff1c (0xfc442703) lw      a4, -60(s0)
core   0: 3 0x000000008000ff1c (0xfc442703) x14 0x0000000000000000 mem 0x0000000080031f34
core   0: 0x000000008000ff20 (0x0ff77713) andi    a4, a4, 255
core   0: 3 0x000000008000ff20 (0x0ff77713) x14 0x0000000000000000
core   0: 0x000000008000ff24 (0x00e78023) sb      a4, 0(a5)
core   0: 3 0x000000008000ff24 (0x00e78023) mem 0x00000000800120b9 0x00
core   0: 0x000000008000ff28 (0xfc843703) ld      a4, -56(s0)
core   0: 3 0x000000008000ff28 (0xfc843703) x14 0x0000000080012040 mem 0x0000000080031f38
core   0: 0x000000008000ff2c (0xfb843783) ld      a5, -72(s0)
core   0: 3 0x000000008000ff2c (0xfb843783) x15 0x000000000000009c mem 0x0000000080031f28
core   0: 0x000000008000ff30 (0x000097ba) c.add   a5, a4
core   0: 3 0x000000008000ff30 (0x97ba) x15 0x00000000800120dc
core   0: 0x000000008000ff32 (0xfe043703) ld      a4, -32(s0)
core   0: 3 0x000000008000ff32 (0xfe043703) x14 0x00000000800120ba mem 0x0000000080031f50
core   0: 0x000000008000ff36 (0xfcf76de3) bltu    a4, a5, pc - 38
core   0: 3 0x000000008000ff36 (0xfcf76de3)
core   0: 0x000000008000ff10 (0xfe043783) ld      a5, -32(s0)
core   0: 3 0x000000008000ff10 (0xfe043783) x15 0x00000000800120ba mem 0x0000000080031f50
core   0: 0x000000008000ff14 (0x00178713) addi    a4, a5, 1
core   0: 3 0x000000008000ff14 (0x00178713) x14 0x00000000800120bb
core   0: 0x000000008000ff18 (0xfee43023) sd      a4, -32(s0)
core   0: 3 0x000000008000ff18 (0xfee43023) mem 0x0000000080031f50 0x00000000800120bb
core   0: 0x000000008000ff1c (0xfc442703) lw      a4, -60(s0)
core   0: 3 0x000000008000ff1c (0xfc442703) x14 0x0000000000000000 mem 0x0000000080031f34
core   0: 0x000000008000ff20 (0x0ff77713) andi    a4, a4, 255
core   0: 3 0x000000008000ff20 (0x0ff77713) x14 0x0000000000000000
core   0: 0x000000008000ff24 (0x00e78023) sb      a4, 0(a5)
core   0: 3 0x000000008000ff24 (0x00e78023) mem 0x00000000800120ba 0x00
core   0: 0x000000008000ff28 (0xfc843703) ld      a4, -56(s0)
core   0: 3 0x000000008000ff28 (0xfc843703) x14 0x0000000080012040 mem 0x0000000080031f38
core   0: 0x000000008000ff2c (0xfb843783) ld      a5, -72(s0)
core   0: 3 0x000000008000ff2c (0xfb843783) x15 0x000000000000009c mem 0x0000000080031f28
core   0: 0x000000008000ff30 (0x000097ba) c.add   a5, a4
core   0: 3 0x000000008000ff30 (0x97ba) x15 0x00000000800120dc
core   0: 0x000000008000ff32 (0xfe043703) ld      a4, -32(s0)
core   0: 3 0x000000008000ff32 (0xfe043703) x14 0x00000000800120bb mem 0x0000000080031f50
core   0: 0x000000008000ff36 (0xfcf76de3) bltu    a4, a5, pc - 38
core   0: 3 0x000000008000ff36 (0xfcf76de3)
core   0: 0x000000008000ff10 (0xfe043783) ld      a5, -32(s0)
core   0: 3 0x000000008000ff10 (0xfe043783) x15 0x00000000800120bb mem 0x0000000080031f50
core   0: 0x000000008000ff14 (0x00178713) addi    a4, a5, 1
core   0: 3 0x000000008000ff14 (0x00178713) x14 0x00000000800120bc
core   0: 0x000000008000ff18 (0xfee43023) sd      a4, -32(s0)
core   0: 3 0x000000008000ff18 (0xfee43023) mem 0x0000000080031f50 0x00000000800120bc
core   0: 0x000000008000ff1c (0xfc442703) lw      a4, -60(s0)
core   0: 3 0x000000008000ff1c (0xfc442703) x14 0x0000000000000000 mem 0x0000000080031f34
core   0: 0x000000008000ff20 (0x0ff77713) andi    a4, a4, 255
core   0: 3 0x000000008000ff20 (0x0ff77713) x14 0x0000000000000000
core   0: 0x000000008000ff24 (0x00e78023) sb      a4, 0(a5)
core   0: 3 0x000000008000ff24 (0x00e78023) mem 0x00000000800120bb 0x00
core   0: 0x000000008000ff28 (0xfc843703) ld      a4, -56(s0)
core   0: 3 0x000000008000ff28 (0xfc843703) x14 0x0000000080012040 mem 0x0000000080031f38
core   0: 0x000000008000ff2c (0xfb843783) ld      a5, -72(s0)
core   0: 3 0x000000008000ff2c (0xfb843783) x15 0x000000000000009c mem 0x0000000080031f28
core   0: 0x000000008000ff30 (0x000097ba) c.add   a5, a4
core   0: 3 0x000000008000ff30 (0x97ba) x15 0x00000000800120dc
core   0: 0x000000008000ff32 (0xfe043703) ld      a4, -32(s0)
core   0: 3 0x000000008000ff32 (0xfe043703) x14 0x00000000800120bc mem 0x0000000080031f50
core   0: 0x000000008000ff36 (0xfcf76de3) bltu    a4, a5, pc - 38
core   0: 3 0x000000008000ff36 (0xfcf76de3)
core   0: 0x000000008000ff10 (0xfe043783) ld      a5, -32(s0)
core   0: 3 0x000000008000ff10 (0xfe043783) x15 0x00000000800120bc mem 0x0000000080031f50
core   0: 0x000000008000ff14 (0x00178713) addi    a4, a5, 1
core   0: 3 0x000000008000ff14 (0x00178713) x14 0x00000000800120bd
core   0: 0x000000008000ff18 (0xfee43023) sd      a4, -32(s0)
core   0: 3 0x000000008000ff18 (0xfee43023) mem 0x0000000080031f50 0x00000000800120bd
core   0: 0x000000008000ff1c (0xfc442703) lw      a4, -60(s0)
core   0: 3 0x000000008000ff1c (0xfc442703) x14 0x0000000000000000 mem 0x0000000080031f34
core   0: 0x000000008000ff20 (0x0ff77713) andi    a4, a4, 255
core   0: 3 0x000000008000ff20 (0x0ff77713) x14 0x0000000000000000
core   0: 0x000000008000ff24 (0x00e78023) sb      a4, 0(a5)
core   0: 3 0x000000008000ff24 (0x00e78023) mem 0x00000000800120bc 0x00
core   0: 0x000000008000ff28 (0xfc843703) ld      a4, -56(s0)
core   0: 3 0x000000008000ff28 (0xfc843703) x14 0x0000000080012040 mem 0x0000000080031f38
core   0: 0x000000008000ff2c (0xfb843783) ld      a5, -72(s0)
core   0: 3 0x000000008000ff2c (0xfb843783) x15 0x000000000000009c mem 0x0000000080031f28
core   0: 0x000000008000ff30 (0x000097ba) c.add   a5, a4
core   0: 3 0x000000008000ff30 (0x97ba) x15 0x00000000800120dc
core   0: 0x000000008000ff32 (0xfe043703) ld      a4, -32(s0)
core   0: 3 0x000000008000ff32 (0xfe043703) x14 0x00000000800120bd mem 0x0000000080031f50
core   0: 0x000000008000ff36 (0xfcf76de3) bltu    a4, a5, pc - 38
core   0: 3 0x000000008000ff36 (0xfcf76de3)
core   0: 0x000000008000ff10 (0xfe043783) ld      a5, -32(s0)
core   0: 3 0x000000008000ff10 (0xfe043783) x15 0x00000000800120bd mem 0x0000000080031f50
core   0: 0x000000008000ff14 (0x00178713) addi    a4, a5, 1
core   0: 3 0x000000008000ff14 (0x00178713) x14 0x00000000800120be
core   0: 0x000000008000ff18 (0xfee43023) sd      a4, -32(s0)
core   0: 3 0x000000008000ff18 (0xfee43023) mem 0x0000000080031f50 0x00000000800120be
core   0: 0x000000008000ff1c (0xfc442703) lw      a4, -60(s0)
core   0: 3 0x000000008000ff1c (0xfc442703) x14 0x0000000000000000 mem 0x0000000080031f34
core   0: 0x000000008000ff20 (0x0ff77713) andi    a4, a4, 255
core   0: 3 0x000000008000ff20 (0x0ff77713) x14 0x0000000000000000
core   0: 0x000000008000ff24 (0x00e78023) sb      a4, 0(a5)
core   0: 3 0x000000008000ff24 (0x00e78023) mem 0x00000000800120bd 0x00
core   0: 0x000000008000ff28 (0xfc843703) ld      a4, -56(s0)
core   0: 3 0x000000008000ff28 (0xfc843703) x14 0x0000000080012040 mem 0x0000000080031f38
core   0: 0x000000008000ff2c (0xfb843783) ld      a5, -72(s0)
core   0: 3 0x000000008000ff2c (0xfb843783) x15 0x000000000000009c mem 0x0000000080031f28
core   0: 0x000000008000ff30 (0x000097ba) c.add   a5, a4
core   0: 3 0x000000008000ff30 (0x97ba) x15 0x00000000800120dc
core   0: 0x000000008000ff32 (0xfe043703) ld      a4, -32(s0)
core   0: 3 0x000000008000ff32 (0xfe043703) x14 0x00000000800120be mem 0x0000000080031f50
core   0: 0x000000008000ff36 (0xfcf76de3) bltu    a4, a5, pc - 38
core   0: 3 0x000000008000ff36 (0xfcf76de3)
core   0: 0x000000008000ff10 (0xfe043783) ld      a5, -32(s0)
core   0: 3 0x000000008000ff10 (0xfe043783) x15 0x00000000800120be mem 0x0000000080031f50
core   0: 0x000000008000ff14 (0x00178713) addi    a4, a5, 1
core   0: 3 0x000000008000ff14 (0x00178713) x14 0x00000000800120bf
core   0: 0x000000008000ff18 (0xfee43023) sd      a4, -32(s0)
core   0: 3 0x000000008000ff18 (0xfee43023) mem 0x0000000080031f50 0x00000000800120bf
core   0: 0x000000008000ff1c (0xfc442703) lw      a4, -60(s0)
core   0: 3 0x000000008000ff1c (0xfc442703) x14 0x0000000000000000 mem 0x0000000080031f34
core   0: 0x000000008000ff20 (0x0ff77713) andi    a4, a4, 255
core   0: 3 0x000000008000ff20 (0x0ff77713) x14 0x0000000000000000
core   0: 0x000000008000ff24 (0x00e78023) sb      a4, 0(a5)
core   0: 3 0x000000008000ff24 (0x00e78023) mem 0x00000000800120be 0x00
core   0: 0x000000008000ff28 (0xfc843703) ld      a4, -56(s0)
core   0: 3 0x000000008000ff28 (0xfc843703) x14 0x0000000080012040 mem 0x0000000080031f38
core   0: 0x000000008000ff2c (0xfb843783) ld      a5, -72(s0)
core   0: 3 0x000000008000ff2c (0xfb843783) x15 0x000000000000009c mem 0x0000000080031f28
core   0: 0x000000008000ff30 (0x000097ba) c.add   a5, a4
core   0: 3 0x000000008000ff30 (0x97ba) x15 0x00000000800120dc
core   0: 0x000000008000ff32 (0xfe043703) ld      a4, -32(s0)
core   0: 3 0x000000008000ff32 (0xfe043703) x14 0x00000000800120bf mem 0x0000000080031f50
core   0: 0x000000008000ff36 (0xfcf76de3) bltu    a4, a5, pc - 38
core   0: 3 0x000000008000ff36 (0xfcf76de3)
core   0: 0x000000008000ff10 (0xfe043783) ld      a5, -32(s0)
core   0: 3 0x000000008000ff10 (0xfe043783) x15 0x00000000800120bf mem 0x0000000080031f50
core   0: 0x000000008000ff14 (0x00178713) addi    a4, a5, 1
core   0: 3 0x000000008000ff14 (0x00178713) x14 0x00000000800120c0
core   0: 0x000000008000ff18 (0xfee43023) sd      a4, -32(s0)
core   0: 3 0x000000008000ff18 (0xfee43023) mem 0x0000000080031f50 0x00000000800120c0
core   0: 0x000000008000ff1c (0xfc442703) lw      a4, -60(s0)
core   0: 3 0x000000008000ff1c (0xfc442703) x14 0x0000000000000000 mem 0x0000000080031f34
core   0: 0x000000008000ff20 (0x0ff77713) andi    a4, a4, 255
core   0: 3 0x000000008000ff20 (0x0ff77713) x14 0x0000000000000000
core   0: 0x000000008000ff24 (0x00e78023) sb      a4, 0(a5)
core   0: 3 0x000000008000ff24 (0x00e78023) mem 0x00000000800120bf 0x00
core   0: 0x000000008000ff28 (0xfc843703) ld      a4, -56(s0)
core   0: 3 0x000000008000ff28 (0xfc843703) x14 0x0000000080012040 mem 0x0000000080031f38
core   0: 0x000000008000ff2c (0xfb843783) ld      a5, -72(s0)
core   0: 3 0x000000008000ff2c (0xfb843783) x15 0x000000000000009c mem 0x0000000080031f28
core   0: 0x000000008000ff30 (0x000097ba) c.add   a5, a4
core   0: 3 0x000000008000ff30 (0x97ba) x15 0x00000000800120dc
core   0: 0x000000008000ff32 (0xfe043703) ld      a4, -32(s0)
core   0: 3 0x000000008000ff32 (0xfe043703) x14 0x00000000800120c0 mem 0x0000000080031f50
core   0: 0x000000008000ff36 (0xfcf76de3) bltu    a4, a5, pc - 38
core   0: 3 0x000000008000ff36 (0xfcf76de3)
core   0: 0x000000008000ff10 (0xfe043783) ld      a5, -32(s0)
core   0: 3 0x000000008000ff10 (0xfe043783) x15 0x00000000800120c0 mem 0x0000000080031f50
core   0: 0x000000008000ff14 (0x00178713) addi    a4, a5, 1
core   0: 3 0x000000008000ff14 (0x00178713) x14 0x00000000800120c1
core   0: 0x000000008000ff18 (0xfee43023) sd      a4, -32(s0)
core   0: 3 0x000000008000ff18 (0xfee43023) mem 0x0000000080031f50 0x00000000800120c1
core   0: 0x000000008000ff1c (0xfc442703) lw      a4, -60(s0)
core   0: 3 0x000000008000ff1c (0xfc442703) x14 0x0000000000000000 mem 0x0000000080031f34
core   0: 0x000000008000ff20 (0x0ff77713) andi    a4, a4, 255
core   0: 3 0x000000008000ff20 (0x0ff77713) x14 0x0000000000000000
core   0: 0x000000008000ff24 (0x00e78023) sb      a4, 0(a5)
core   0: 3 0x000000008000ff24 (0x00e78023) mem 0x00000000800120c0 0x00
core   0: 0x000000008000ff28 (0xfc843703) ld      a4, -56(s0)
core   0: 3 0x000000008000ff28 (0xfc843703) x14 0x0000000080012040 mem 0x0000000080031f38
core   0: 0x000000008000ff2c (0xfb843783) ld      a5, -72(s0)
core   0: 3 0x000000008000ff2c (0xfb843783) x15 0x000000000000009c mem 0x0000000080031f28
core   0: 0x000000008000ff30 (0x000097ba) c.add   a5, a4
core   0: 3 0x000000008000ff30 (0x97ba) x15 0x00000000800120dc
core   0: 0x000000008000ff32 (0xfe043703) ld      a4, -32(s0)
core   0: 3 0x000000008000ff32 (0xfe043703) x14 0x00000000800120c1 mem 0x0000000080031f50
core   0: 0x000000008000ff36 (0xfcf76de3) bltu    a4, a5, pc - 38
core   0: 3 0x000000008000ff36 (0xfcf76de3)
core   0: 0x000000008000ff10 (0xfe043783) ld      a5, -32(s0)
core   0: 3 0x000000008000ff10 (0xfe043783) x15 0x00000000800120c1 mem 0x0000000080031f50
core   0: 0x000000008000ff14 (0x00178713) addi    a4, a5, 1
core   0: 3 0x000000008000ff14 (0x00178713) x14 0x00000000800120c2
core   0: 0x000000008000ff18 (0xfee43023) sd      a4, -32(s0)
core   0: 3 0x000000008000ff18 (0xfee43023) mem 0x0000000080031f50 0x00000000800120c2
core   0: 0x000000008000ff1c (0xfc442703) lw      a4, -60(s0)
core   0: 3 0x000000008000ff1c (0xfc442703) x14 0x0000000000000000 mem 0x0000000080031f34
core   0: 0x000000008000ff20 (0x0ff77713) andi    a4, a4, 255
core   0: 3 0x000000008000ff20 (0x0ff77713) x14 0x0000000000000000
core   0: 0x000000008000ff24 (0x00e78023) sb      a4, 0(a5)
core   0: 3 0x000000008000ff24 (0x00e78023) mem 0x00000000800120c1 0x00
core   0: 0x000000008000ff28 (0xfc843703) ld      a4, -56(s0)
core   0: 3 0x000000008000ff28 (0xfc843703) x14 0x0000000080012040 mem 0x0000000080031f38
core   0: 0x000000008000ff2c (0xfb843783) ld      a5, -72(s0)
core   0: 3 0x000000008000ff2c (0xfb843783) x15 0x000000000000009c mem 0x0000000080031f28
core   0: 0x000000008000ff30 (0x000097ba) c.add   a5, a4
core   0: 3 0x000000008000ff30 (0x97ba) x15 0x00000000800120dc
core   0: 0x000000008000ff32 (0xfe043703) ld      a4, -32(s0)
core   0: 3 0x000000008000ff32 (0xfe043703) x14 0x00000000800120c2 mem 0x0000000080031f50
core   0: 0x000000008000ff36 (0xfcf76de3) bltu    a4, a5, pc - 38
core   0: 3 0x000000008000ff36 (0xfcf76de3)
core   0: 0x000000008000ff10 (0xfe043783) ld      a5, -32(s0)
core   0: 3 0x000000008000ff10 (0xfe043783) x15 0x00000000800120c2 mem 0x0000000080031f50
core   0: 0x000000008000ff14 (0x00178713) addi    a4, a5, 1
core   0: 3 0x000000008000ff14 (0x00178713) x14 0x00000000800120c3
core   0: 0x000000008000ff18 (0xfee43023) sd      a4, -32(s0)
core   0: 3 0x000000008000ff18 (0xfee43023) mem 0x0000000080031f50 0x00000000800120c3
core   0: 0x000000008000ff1c (0xfc442703) lw      a4, -60(s0)
core   0: 3 0x000000008000ff1c (0xfc442703) x14 0x0000000000000000 mem 0x0000000080031f34
core   0: 0x000000008000ff20 (0x0ff77713) andi    a4, a4, 255
core   0: 3 0x000000008000ff20 (0x0ff77713) x14 0x0000000000000000
core   0: 0x000000008000ff24 (0x00e78023) sb      a4, 0(a5)
core   0: 3 0x000000008000ff24 (0x00e78023) mem 0x00000000800120c2 0x00
core   0: 0x000000008000ff28 (0xfc843703) ld      a4, -56(s0)
core   0: 3 0x000000008000ff28 (0xfc843703) x14 0x0000000080012040 mem 0x0000000080031f38
core   0: 0x000000008000ff2c (0xfb843783) ld      a5, -72(s0)
core   0: 3 0x000000008000ff2c (0xfb843783) x15 0x000000000000009c mem 0x0000000080031f28
core   0: 0x000000008000ff30 (0x000097ba) c.add   a5, a4
core   0: 3 0x000000008000ff30 (0x97ba) x15 0x00000000800120dc
core   0: 0x000000008000ff32 (0xfe043703) ld      a4, -32(s0)
core   0: 3 0x000000008000ff32 (0xfe043703) x14 0x00000000800120c3 mem 0x0000000080031f50
core   0: 0x000000008000ff36 (0xfcf76de3) bltu    a4, a5, pc - 38
core   0: 3 0x000000008000ff36 (0xfcf76de3)
core   0: 0x000000008000ff10 (0xfe043783) ld      a5, -32(s0)
core   0: 3 0x000000008000ff10 (0xfe043783) x15 0x00000000800120c3 mem 0x0000000080031f50
core   0: 0x000000008000ff14 (0x00178713) addi    a4, a5, 1
core   0: 3 0x000000008000ff14 (0x00178713) x14 0x00000000800120c4
core   0: 0x000000008000ff18 (0xfee43023) sd      a4, -32(s0)
core   0: 3 0x000000008000ff18 (0xfee43023) mem 0x0000000080031f50 0x00000000800120c4
core   0: 0x000000008000ff1c (0xfc442703) lw      a4, -60(s0)
core   0: 3 0x000000008000ff1c (0xfc442703) x14 0x0000000000000000 mem 0x0000000080031f34
core   0: 0x000000008000ff20 (0x0ff77713) andi    a4, a4, 255
core   0: 3 0x000000008000ff20 (0x0ff77713) x14 0x0000000000000000
core   0: 0x000000008000ff24 (0x00e78023) sb      a4, 0(a5)
core   0: 3 0x000000008000ff24 (0x00e78023) mem 0x00000000800120c3 0x00
core   0: 0x000000008000ff28 (0xfc843703) ld      a4, -56(s0)
core   0: 3 0x000000008000ff28 (0xfc843703) x14 0x0000000080012040 mem 0x0000000080031f38
core   0: 0x000000008000ff2c (0xfb843783) ld      a5, -72(s0)
core   0: 3 0x000000008000ff2c (0xfb843783) x15 0x000000000000009c mem 0x0000000080031f28
core   0: 0x000000008000ff30 (0x000097ba) c.add   a5, a4
core   0: 3 0x000000008000ff30 (0x97ba) x15 0x00000000800120dc
core   0: 0x000000008000ff32 (0xfe043703) ld      a4, -32(s0)
core   0: 3 0x000000008000ff32 (0xfe043703) x14 0x00000000800120c4 mem 0x0000000080031f50
core   0: 0x000000008000ff36 (0xfcf76de3) bltu    a4, a5, pc - 38
core   0: 3 0x000000008000ff36 (0xfcf76de3)
core   0: 0x000000008000ff10 (0xfe043783) ld      a5, -32(s0)
core   0: 3 0x000000008000ff10 (0xfe043783) x15 0x00000000800120c4 mem 0x0000000080031f50
core   0: 0x000000008000ff14 (0x00178713) addi    a4, a5, 1
core   0: 3 0x000000008000ff14 (0x00178713) x14 0x00000000800120c5
core   0: 0x000000008000ff18 (0xfee43023) sd      a4, -32(s0)
core   0: 3 0x000000008000ff18 (0xfee43023) mem 0x0000000080031f50 0x00000000800120c5
core   0: 0x000000008000ff1c (0xfc442703) lw      a4, -60(s0)
core   0: 3 0x000000008000ff1c (0xfc442703) x14 0x0000000000000000 mem 0x0000000080031f34
core   0: 0x000000008000ff20 (0x0ff77713) andi    a4, a4, 255
core   0: 3 0x000000008000ff20 (0x0ff77713) x14 0x0000000000000000
core   0: 0x000000008000ff24 (0x00e78023) sb      a4, 0(a5)
core   0: 3 0x000000008000ff24 (0x00e78023) mem 0x00000000800120c4 0x00
core   0: 0x000000008000ff28 (0xfc843703) ld      a4, -56(s0)
core   0: 3 0x000000008000ff28 (0xfc843703) x14 0x0000000080012040 mem 0x0000000080031f38
core   0: 0x000000008000ff2c (0xfb843783) ld      a5, -72(s0)
core   0: 3 0x000000008000ff2c (0xfb843783) x15 0x000000000000009c mem 0x0000000080031f28
core   0: 0x000000008000ff30 (0x000097ba) c.add   a5, a4
core   0: 3 0x000000008000ff30 (0x97ba) x15 0x00000000800120dc
core   0: 0x000000008000ff32 (0xfe043703) ld      a4, -32(s0)
core   0: 3 0x000000008000ff32 (0xfe043703) x14 0x00000000800120c5 mem 0x0000000080031f50
core   0: 0x000000008000ff36 (0xfcf76de3) bltu    a4, a5, pc - 38
core   0: 3 0x000000008000ff36 (0xfcf76de3)
core   0: 0x000000008000ff10 (0xfe043783) ld      a5, -32(s0)
core   0: 3 0x000000008000ff10 (0xfe043783) x15 0x00000000800120c5 mem 0x0000000080031f50
core   0: 0x000000008000ff14 (0x00178713) addi    a4, a5, 1
core   0: 3 0x000000008000ff14 (0x00178713) x14 0x00000000800120c6
core   0: 0x000000008000ff18 (0xfee43023) sd      a4, -32(s0)
core   0: 3 0x000000008000ff18 (0xfee43023) mem 0x0000000080031f50 0x00000000800120c6
core   0: 0x000000008000ff1c (0xfc442703) lw      a4, -60(s0)
core   0: 3 0x000000008000ff1c (0xfc442703) x14 0x0000000000000000 mem 0x0000000080031f34
core   0: 0x000000008000ff20 (0x0ff77713) andi    a4, a4, 255
core   0: 3 0x000000008000ff20 (0x0ff77713) x14 0x0000000000000000
core   0: 0x000000008000ff24 (0x00e78023) sb      a4, 0(a5)
core   0: 3 0x000000008000ff24 (0x00e78023) mem 0x00000000800120c5 0x00
core   0: 0x000000008000ff28 (0xfc843703) ld      a4, -56(s0)
core   0: 3 0x000000008000ff28 (0xfc843703) x14 0x0000000080012040 mem 0x0000000080031f38
core   0: 0x000000008000ff2c (0xfb843783) ld      a5, -72(s0)
core   0: 3 0x000000008000ff2c (0xfb843783) x15 0x000000000000009c mem 0x0000000080031f28
core   0: 0x000000008000ff30 (0x000097ba) c.add   a5, a4
core   0: 3 0x000000008000ff30 (0x97ba) x15 0x00000000800120dc
core   0: 0x000000008000ff32 (0xfe043703) ld      a4, -32(s0)
core   0: 3 0x000000008000ff32 (0xfe043703) x14 0x00000000800120c6 mem 0x0000000080031f50
core   0: 0x000000008000ff36 (0xfcf76de3) bltu    a4, a5, pc - 38
core   0: 3 0x000000008000ff36 (0xfcf76de3)
core   0: 0x000000008000ff10 (0xfe043783) ld      a5, -32(s0)
core   0: 3 0x000000008000ff10 (0xfe043783) x15 0x00000000800120c6 mem 0x0000000080031f50
core   0: 0x000000008000ff14 (0x00178713) addi    a4, a5, 1
core   0: 3 0x000000008000ff14 (0x00178713) x14 0x00000000800120c7
core   0: 0x000000008000ff18 (0xfee43023) sd      a4, -32(s0)
core   0: 3 0x000000008000ff18 (0xfee43023) mem 0x0000000080031f50 0x00000000800120c7
core   0: 0x000000008000ff1c (0xfc442703) lw      a4, -60(s0)
core   0: 3 0x000000008000ff1c (0xfc442703) x14 0x0000000000000000 mem 0x0000000080031f34
core   0: 0x000000008000ff20 (0x0ff77713) andi    a4, a4, 255
core   0: 3 0x000000008000ff20 (0x0ff77713) x14 0x0000000000000000
core   0: 0x000000008000ff24 (0x00e78023) sb      a4, 0(a5)
core   0: 3 0x000000008000ff24 (0x00e78023) mem 0x00000000800120c6 0x00
core   0: 0x000000008000ff28 (0xfc843703) ld      a4, -56(s0)
core   0: 3 0x000000008000ff28 (0xfc843703) x14 0x0000000080012040 mem 0x0000000080031f38
core   0: 0x000000008000ff2c (0xfb843783) ld      a5, -72(s0)
core   0: 3 0x000000008000ff2c (0xfb843783) x15 0x000000000000009c mem 0x0000000080031f28
core   0: 0x000000008000ff30 (0x000097ba) c.add   a5, a4
core   0: 3 0x000000008000ff30 (0x97ba) x15 0x00000000800120dc
core   0: 0x000000008000ff32 (0xfe043703) ld      a4, -32(s0)
core   0: 3 0x000000008000ff32 (0xfe043703) x14 0x00000000800120c7 mem 0x0000000080031f50
core   0: 0x000000008000ff36 (0xfcf76de3) bltu    a4, a5, pc - 38
core   0: 3 0x000000008000ff36 (0xfcf76de3)
core   0: 0x000000008000ff10 (0xfe043783) ld      a5, -32(s0)
core   0: 3 0x000000008000ff10 (0xfe043783) x15 0x00000000800120c7 mem 0x0000000080031f50
core   0: 0x000000008000ff14 (0x00178713) addi    a4, a5, 1
core   0: 3 0x000000008000ff14 (0x00178713) x14 0x00000000800120c8
core   0: 0x000000008000ff18 (0xfee43023) sd      a4, -32(s0)
core   0: 3 0x000000008000ff18 (0xfee43023) mem 0x0000000080031f50 0x00000000800120c8
core   0: 0x000000008000ff1c (0xfc442703) lw      a4, -60(s0)
core   0: 3 0x000000008000ff1c (0xfc442703) x14 0x0000000000000000 mem 0x0000000080031f34
core   0: 0x000000008000ff20 (0x0ff77713) andi    a4, a4, 255
core   0: 3 0x000000008000ff20 (0x0ff77713) x14 0x0000000000000000
core   0: 0x000000008000ff24 (0x00e78023) sb      a4, 0(a5)
core   0: 3 0x000000008000ff24 (0x00e78023) mem 0x00000000800120c7 0x00
core   0: 0x000000008000ff28 (0xfc843703) ld      a4, -56(s0)
core   0: 3 0x000000008000ff28 (0xfc843703) x14 0x0000000080012040 mem 0x0000000080031f38
core   0: 0x000000008000ff2c (0xfb843783) ld      a5, -72(s0)
core   0: 3 0x000000008000ff2c (0xfb843783) x15 0x000000000000009c mem 0x0000000080031f28
core   0: 0x000000008000ff30 (0x000097ba) c.add   a5, a4
core   0: 3 0x000000008000ff30 (0x97ba) x15 0x00000000800120dc
core   0: 0x000000008000ff32 (0xfe043703) ld      a4, -32(s0)
core   0: 3 0x000000008000ff32 (0xfe043703) x14 0x00000000800120c8 mem 0x0000000080031f50
core   0: 0x000000008000ff36 (0xfcf76de3) bltu    a4, a5, pc - 38
core   0: 3 0x000000008000ff36 (0xfcf76de3)
core   0: 0x000000008000ff10 (0xfe043783) ld      a5, -32(s0)
core   0: 3 0x000000008000ff10 (0xfe043783) x15 0x00000000800120c8 mem 0x0000000080031f50
core   0: 0x000000008000ff14 (0x00178713) addi    a4, a5, 1
core   0: 3 0x000000008000ff14 (0x00178713) x14 0x00000000800120c9
core   0: 0x000000008000ff18 (0xfee43023) sd      a4, -32(s0)
core   0: 3 0x000000008000ff18 (0xfee43023) mem 0x0000000080031f50 0x00000000800120c9
core   0: 0x000000008000ff1c (0xfc442703) lw      a4, -60(s0)
core   0: 3 0x000000008000ff1c (0xfc442703) x14 0x0000000000000000 mem 0x0000000080031f34
core   0: 0x000000008000ff20 (0x0ff77713) andi    a4, a4, 255
core   0: 3 0x000000008000ff20 (0x0ff77713) x14 0x0000000000000000
core   0: 0x000000008000ff24 (0x00e78023) sb      a4, 0(a5)
core   0: 3 0x000000008000ff24 (0x00e78023) mem 0x00000000800120c8 0x00
core   0: 0x000000008000ff28 (0xfc843703) ld      a4, -56(s0)
core   0: 3 0x000000008000ff28 (0xfc843703) x14 0x0000000080012040 mem 0x0000000080031f38
core   0: 0x000000008000ff2c (0xfb843783) ld      a5, -72(s0)
core   0: 3 0x000000008000ff2c (0xfb843783) x15 0x000000000000009c mem 0x0000000080031f28
core   0: 0x000000008000ff30 (0x000097ba) c.add   a5, a4
core   0: 3 0x000000008000ff30 (0x97ba) x15 0x00000000800120dc
core   0: 0x000000008000ff32 (0xfe043703) ld      a4, -32(s0)
core   0: 3 0x000000008000ff32 (0xfe043703) x14 0x00000000800120c9 mem 0x0000000080031f50
core   0: 0x000000008000ff36 (0xfcf76de3) bltu    a4, a5, pc - 38
core   0: 3 0x000000008000ff36 (0xfcf76de3)
core   0: 0x000000008000ff10 (0xfe043783) ld      a5, -32(s0)
core   0: 3 0x000000008000ff10 (0xfe043783) x15 0x00000000800120c9 mem 0x0000000080031f50
core   0: 0x000000008000ff14 (0x00178713) addi    a4, a5, 1
core   0: 3 0x000000008000ff14 (0x00178713) x14 0x00000000800120ca
core   0: 0x000000008000ff18 (0xfee43023) sd      a4, -32(s0)
core   0: 3 0x000000008000ff18 (0xfee43023) mem 0x0000000080031f50 0x00000000800120ca
core   0: 0x000000008000ff1c (0xfc442703) lw      a4, -60(s0)
core   0: 3 0x000000008000ff1c (0xfc442703) x14 0x0000000000000000 mem 0x0000000080031f34
core   0: 0x000000008000ff20 (0x0ff77713) andi    a4, a4, 255
core   0: 3 0x000000008000ff20 (0x0ff77713) x14 0x0000000000000000
core   0: 0x000000008000ff24 (0x00e78023) sb      a4, 0(a5)
core   0: 3 0x000000008000ff24 (0x00e78023) mem 0x00000000800120c9 0x00
core   0: 0x000000008000ff28 (0xfc843703) ld      a4, -56(s0)
core   0: 3 0x000000008000ff28 (0xfc843703) x14 0x0000000080012040 mem 0x0000000080031f38
core   0: 0x000000008000ff2c (0xfb843783) ld      a5, -72(s0)
core   0: 3 0x000000008000ff2c (0xfb843783) x15 0x000000000000009c mem 0x0000000080031f28
core   0: 0x000000008000ff30 (0x000097ba) c.add   a5, a4
core   0: 3 0x000000008000ff30 (0x97ba) x15 0x00000000800120dc
core   0: 0x000000008000ff32 (0xfe043703) ld      a4, -32(s0)
core   0: 3 0x000000008000ff32 (0xfe043703) x14 0x00000000800120ca mem 0x0000000080031f50
core   0: 0x000000008000ff36 (0xfcf76de3) bltu    a4, a5, pc - 38
core   0: 3 0x000000008000ff36 (0xfcf76de3)
core   0: 0x000000008000ff10 (0xfe043783) ld      a5, -32(s0)
core   0: 3 0x000000008000ff10 (0xfe043783) x15 0x00000000800120ca mem 0x0000000080031f50
core   0: 0x000000008000ff14 (0x00178713) addi    a4, a5, 1
core   0: 3 0x000000008000ff14 (0x00178713) x14 0x00000000800120cb
core   0: 0x000000008000ff18 (0xfee43023) sd      a4, -32(s0)
core   0: 3 0x000000008000ff18 (0xfee43023) mem 0x0000000080031f50 0x00000000800120cb
core   0: 0x000000008000ff1c (0xfc442703) lw      a4, -60(s0)
core   0: 3 0x000000008000ff1c (0xfc442703) x14 0x0000000000000000 mem 0x0000000080031f34
core   0: 0x000000008000ff20 (0x0ff77713) andi    a4, a4, 255
core   0: 3 0x000000008000ff20 (0x0ff77713) x14 0x0000000000000000
core   0: 0x000000008000ff24 (0x00e78023) sb      a4, 0(a5)
core   0: 3 0x000000008000ff24 (0x00e78023) mem 0x00000000800120ca 0x00
core   0: 0x000000008000ff28 (0xfc843703) ld      a4, -56(s0)
core   0: 3 0x000000008000ff28 (0xfc843703) x14 0x0000000080012040 mem 0x0000000080031f38
core   0: 0x000000008000ff2c (0xfb843783) ld      a5, -72(s0)
core   0: 3 0x000000008000ff2c (0xfb843783) x15 0x000000000000009c mem 0x0000000080031f28
core   0: 0x000000008000ff30 (0x000097ba) c.add   a5, a4
core   0: 3 0x000000008000ff30 (0x97ba) x15 0x00000000800120dc
core   0: 0x000000008000ff32 (0xfe043703) ld      a4, -32(s0)
core   0: 3 0x000000008000ff32 (0xfe043703) x14 0x00000000800120cb mem 0x0000000080031f50
core   0: 0x000000008000ff36 (0xfcf76de3) bltu    a4, a5, pc - 38
core   0: 3 0x000000008000ff36 (0xfcf76de3)
core   0: 0x000000008000ff10 (0xfe043783) ld      a5, -32(s0)
core   0: 3 0x000000008000ff10 (0xfe043783) x15 0x00000000800120cb mem 0x0000000080031f50
core   0: 0x000000008000ff14 (0x00178713) addi    a4, a5, 1
core   0: 3 0x000000008000ff14 (0x00178713) x14 0x00000000800120cc
core   0: 0x000000008000ff18 (0xfee43023) sd      a4, -32(s0)
core   0: 3 0x000000008000ff18 (0xfee43023) mem 0x0000000080031f50 0x00000000800120cc
core   0: 0x000000008000ff1c (0xfc442703) lw      a4, -60(s0)
core   0: 3 0x000000008000ff1c (0xfc442703) x14 0x0000000000000000 mem 0x0000000080031f34
core   0: 0x000000008000ff20 (0x0ff77713) andi    a4, a4, 255
core   0: 3 0x000000008000ff20 (0x0ff77713) x14 0x0000000000000000
core   0: 0x000000008000ff24 (0x00e78023) sb      a4, 0(a5)
core   0: 3 0x000000008000ff24 (0x00e78023) mem 0x00000000800120cb 0x00
core   0: 0x000000008000ff28 (0xfc843703) ld      a4, -56(s0)
core   0: 3 0x000000008000ff28 (0xfc843703) x14 0x0000000080012040 mem 0x0000000080031f38
core   0: 0x000000008000ff2c (0xfb843783) ld      a5, -72(s0)
core   0: 3 0x000000008000ff2c (0xfb843783) x15 0x000000000000009c mem 0x0000000080031f28
core   0: 0x000000008000ff30 (0x000097ba) c.add   a5, a4
core   0: 3 0x000000008000ff30 (0x97ba) x15 0x00000000800120dc
core   0: 0x000000008000ff32 (0xfe043703) ld      a4, -32(s0)
core   0: 3 0x000000008000ff32 (0xfe043703) x14 0x00000000800120cc mem 0x0000000080031f50
core   0: 0x000000008000ff36 (0xfcf76de3) bltu    a4, a5, pc - 38
core   0: 3 0x000000008000ff36 (0xfcf76de3)
core   0: 0x000000008000ff10 (0xfe043783) ld      a5, -32(s0)
core   0: 3 0x000000008000ff10 (0xfe043783) x15 0x00000000800120cc mem 0x0000000080031f50
core   0: 0x000000008000ff14 (0x00178713) addi    a4, a5, 1
core   0: 3 0x000000008000ff14 (0x00178713) x14 0x00000000800120cd
core   0: 0x000000008000ff18 (0xfee43023) sd      a4, -32(s0)
core   0: 3 0x000000008000ff18 (0xfee43023) mem 0x0000000080031f50 0x00000000800120cd
core   0: 0x000000008000ff1c (0xfc442703) lw      a4, -60(s0)
core   0: 3 0x000000008000ff1c (0xfc442703) x14 0x0000000000000000 mem 0x0000000080031f34
core   0: 0x000000008000ff20 (0x0ff77713) andi    a4, a4, 255
core   0: 3 0x000000008000ff20 (0x0ff77713) x14 0x0000000000000000
core   0: 0x000000008000ff24 (0x00e78023) sb      a4, 0(a5)
core   0: 3 0x000000008000ff24 (0x00e78023) mem 0x00000000800120cc 0x00
core   0: 0x000000008000ff28 (0xfc843703) ld      a4, -56(s0)
core   0: 3 0x000000008000ff28 (0xfc843703) x14 0x0000000080012040 mem 0x0000000080031f38
core   0: 0x000000008000ff2c (0xfb843783) ld      a5, -72(s0)
core   0: 3 0x000000008000ff2c (0xfb843783) x15 0x000000000000009c mem 0x0000000080031f28
core   0: 0x000000008000ff30 (0x000097ba) c.add   a5, a4
core   0: 3 0x000000008000ff30 (0x97ba) x15 0x00000000800120dc
core   0: 0x000000008000ff32 (0xfe043703) ld      a4, -32(s0)
core   0: 3 0x000000008000ff32 (0xfe043703) x14 0x00000000800120cd mem 0x0000000080031f50
core   0: 0x000000008000ff36 (0xfcf76de3) bltu    a4, a5, pc - 38
core   0: 3 0x000000008000ff36 (0xfcf76de3)
core   0: 0x000000008000ff10 (0xfe043783) ld      a5, -32(s0)
core   0: 3 0x000000008000ff10 (0xfe043783) x15 0x00000000800120cd mem 0x0000000080031f50
core   0: 0x000000008000ff14 (0x00178713) addi    a4, a5, 1
core   0: 3 0x000000008000ff14 (0x00178713) x14 0x00000000800120ce
core   0: 0x000000008000ff18 (0xfee43023) sd      a4, -32(s0)
core   0: 3 0x000000008000ff18 (0xfee43023) mem 0x0000000080031f50 0x00000000800120ce
core   0: 0x000000008000ff1c (0xfc442703) lw      a4, -60(s0)
core   0: 3 0x000000008000ff1c (0xfc442703) x14 0x0000000000000000 mem 0x0000000080031f34
core   0: 0x000000008000ff20 (0x0ff77713) andi    a4, a4, 255
core   0: 3 0x000000008000ff20 (0x0ff77713) x14 0x0000000000000000
core   0: 0x000000008000ff24 (0x00e78023) sb      a4, 0(a5)
core   0: 3 0x000000008000ff24 (0x00e78023) mem 0x00000000800120cd 0x00
core   0: 0x000000008000ff28 (0xfc843703) ld      a4, -56(s0)
core   0: 3 0x000000008000ff28 (0xfc843703) x14 0x0000000080012040 mem 0x0000000080031f38
core   0: 0x000000008000ff2c (0xfb843783) ld      a5, -72(s0)
core   0: 3 0x000000008000ff2c (0xfb843783) x15 0x000000000000009c mem 0x0000000080031f28
core   0: 0x000000008000ff30 (0x000097ba) c.add   a5, a4
core   0: 3 0x000000008000ff30 (0x97ba) x15 0x00000000800120dc
core   0: 0x000000008000ff32 (0xfe043703) ld      a4, -32(s0)
core   0: 3 0x000000008000ff32 (0xfe043703) x14 0x00000000800120ce mem 0x0000000080031f50
core   0: 0x000000008000ff36 (0xfcf76de3) bltu    a4, a5, pc - 38
core   0: 3 0x000000008000ff36 (0xfcf76de3)
core   0: 0x000000008000ff10 (0xfe043783) ld      a5, -32(s0)
core   0: 3 0x000000008000ff10 (0xfe043783) x15 0x00000000800120ce mem 0x0000000080031f50
core   0: 0x000000008000ff14 (0x00178713) addi    a4, a5, 1
core   0: 3 0x000000008000ff14 (0x00178713) x14 0x00000000800120cf
core   0: 0x000000008000ff18 (0xfee43023) sd      a4, -32(s0)
core   0: 3 0x000000008000ff18 (0xfee43023) mem 0x0000000080031f50 0x00000000800120cf
core   0: 0x000000008000ff1c (0xfc442703) lw      a4, -60(s0)
core   0: 3 0x000000008000ff1c (0xfc442703) x14 0x0000000000000000 mem 0x0000000080031f34
core   0: 0x000000008000ff20 (0x0ff77713) andi    a4, a4, 255
core   0: 3 0x000000008000ff20 (0x0ff77713) x14 0x0000000000000000
core   0: 0x000000008000ff24 (0x00e78023) sb      a4, 0(a5)
core   0: 3 0x000000008000ff24 (0x00e78023) mem 0x00000000800120ce 0x00
core   0: 0x000000008000ff28 (0xfc843703) ld      a4, -56(s0)
core   0: 3 0x000000008000ff28 (0xfc843703) x14 0x0000000080012040 mem 0x0000000080031f38
core   0: 0x000000008000ff2c (0xfb843783) ld      a5, -72(s0)
core   0: 3 0x000000008000ff2c (0xfb843783) x15 0x000000000000009c mem 0x0000000080031f28
core   0: 0x000000008000ff30 (0x000097ba) c.add   a5, a4
core   0: 3 0x000000008000ff30 (0x97ba) x15 0x00000000800120dc
core   0: 0x000000008000ff32 (0xfe043703) ld      a4, -32(s0)
core   0: 3 0x000000008000ff32 (0xfe043703) x14 0x00000000800120cf mem 0x0000000080031f50
core   0: 0x000000008000ff36 (0xfcf76de3) bltu    a4, a5, pc - 38
core   0: 3 0x000000008000ff36 (0xfcf76de3)
core   0: 0x000000008000ff10 (0xfe043783) ld      a5, -32(s0)
core   0: 3 0x000000008000ff10 (0xfe043783) x15 0x00000000800120cf mem 0x0000000080031f50
core   0: 0x000000008000ff14 (0x00178713) addi    a4, a5, 1
core   0: 3 0x000000008000ff14 (0x00178713) x14 0x00000000800120d0
core   0: 0x000000008000ff18 (0xfee43023) sd      a4, -32(s0)
core   0: 3 0x000000008000ff18 (0xfee43023) mem 0x0000000080031f50 0x00000000800120d0
core   0: 0x000000008000ff1c (0xfc442703) lw      a4, -60(s0)
core   0: 3 0x000000008000ff1c (0xfc442703) x14 0x0000000000000000 mem 0x0000000080031f34
core   0: 0x000000008000ff20 (0x0ff77713) andi    a4, a4, 255
core   0: 3 0x000000008000ff20 (0x0ff77713) x14 0x0000000000000000
core   0: 0x000000008000ff24 (0x00e78023) sb      a4, 0(a5)
core   0: 3 0x000000008000ff24 (0x00e78023) mem 0x00000000800120cf 0x00
core   0: 0x000000008000ff28 (0xfc843703) ld      a4, -56(s0)
core   0: 3 0x000000008000ff28 (0xfc843703) x14 0x0000000080012040 mem 0x0000000080031f38
core   0: 0x000000008000ff2c (0xfb843783) ld      a5, -72(s0)
core   0: 3 0x000000008000ff2c (0xfb843783) x15 0x000000000000009c mem 0x0000000080031f28
core   0: 0x000000008000ff30 (0x000097ba) c.add   a5, a4
core   0: 3 0x000000008000ff30 (0x97ba) x15 0x00000000800120dc
core   0: 0x000000008000ff32 (0xfe043703) ld      a4, -32(s0)
core   0: 3 0x000000008000ff32 (0xfe043703) x14 0x00000000800120d0 mem 0x0000000080031f50
core   0: 0x000000008000ff36 (0xfcf76de3) bltu    a4, a5, pc - 38
core   0: 3 0x000000008000ff36 (0xfcf76de3)
core   0: 0x000000008000ff10 (0xfe043783) ld      a5, -32(s0)
core   0: 3 0x000000008000ff10 (0xfe043783) x15 0x00000000800120d0 mem 0x0000000080031f50
core   0: 0x000000008000ff14 (0x00178713) addi    a4, a5, 1
core   0: 3 0x000000008000ff14 (0x00178713) x14 0x00000000800120d1
core   0: 0x000000008000ff18 (0xfee43023) sd      a4, -32(s0)
core   0: 3 0x000000008000ff18 (0xfee43023) mem 0x0000000080031f50 0x00000000800120d1
core   0: 0x000000008000ff1c (0xfc442703) lw      a4, -60(s0)
core   0: 3 0x000000008000ff1c (0xfc442703) x14 0x0000000000000000 mem 0x0000000080031f34
core   0: 0x000000008000ff20 (0x0ff77713) andi    a4, a4, 255
core   0: 3 0x000000008000ff20 (0x0ff77713) x14 0x0000000000000000
core   0: 0x000000008000ff24 (0x00e78023) sb      a4, 0(a5)
core   0: 3 0x000000008000ff24 (0x00e78023) mem 0x00000000800120d0 0x00
core   0: 0x000000008000ff28 (0xfc843703) ld      a4, -56(s0)
core   0: 3 0x000000008000ff28 (0xfc843703) x14 0x0000000080012040 mem 0x0000000080031f38
core   0: 0x000000008000ff2c (0xfb843783) ld      a5, -72(s0)
core   0: 3 0x000000008000ff2c (0xfb843783) x15 0x000000000000009c mem 0x0000000080031f28
core   0: 0x000000008000ff30 (0x000097ba) c.add   a5, a4
core   0: 3 0x000000008000ff30 (0x97ba) x15 0x00000000800120dc
core   0: 0x000000008000ff32 (0xfe043703) ld      a4, -32(s0)
core   0: 3 0x000000008000ff32 (0xfe043703) x14 0x00000000800120d1 mem 0x0000000080031f50
core   0: 0x000000008000ff36 (0xfcf76de3) bltu    a4, a5, pc - 38
core   0: 3 0x000000008000ff36 (0xfcf76de3)
core   0: 0x000000008000ff10 (0xfe043783) ld      a5, -32(s0)
core   0: 3 0x000000008000ff10 (0xfe043783) x15 0x00000000800120d1 mem 0x0000000080031f50
core   0: 0x000000008000ff14 (0x00178713) addi    a4, a5, 1
core   0: 3 0x000000008000ff14 (0x00178713) x14 0x00000000800120d2
core   0: 0x000000008000ff18 (0xfee43023) sd      a4, -32(s0)
core   0: 3 0x000000008000ff18 (0xfee43023) mem 0x0000000080031f50 0x00000000800120d2
core   0: 0x000000008000ff1c (0xfc442703) lw      a4, -60(s0)
core   0: 3 0x000000008000ff1c (0xfc442703) x14 0x0000000000000000 mem 0x0000000080031f34
core   0: 0x000000008000ff20 (0x0ff77713) andi    a4, a4, 255
core   0: 3 0x000000008000ff20 (0x0ff77713) x14 0x0000000000000000
core   0: 0x000000008000ff24 (0x00e78023) sb      a4, 0(a5)
core   0: 3 0x000000008000ff24 (0x00e78023) mem 0x00000000800120d1 0x00
core   0: 0x000000008000ff28 (0xfc843703) ld      a4, -56(s0)
core   0: 3 0x000000008000ff28 (0xfc843703) x14 0x0000000080012040 mem 0x0000000080031f38
core   0: 0x000000008000ff2c (0xfb843783) ld      a5, -72(s0)
core   0: 3 0x000000008000ff2c (0xfb843783) x15 0x000000000000009c mem 0x0000000080031f28
core   0: 0x000000008000ff30 (0x000097ba) c.add   a5, a4
core   0: 3 0x000000008000ff30 (0x97ba) x15 0x00000000800120dc
core   0: 0x000000008000ff32 (0xfe043703) ld      a4, -32(s0)
core   0: 3 0x000000008000ff32 (0xfe043703) x14 0x00000000800120d2 mem 0x0000000080031f50
core   0: 0x000000008000ff36 (0xfcf76de3) bltu    a4, a5, pc - 38
core   0: 3 0x000000008000ff36 (0xfcf76de3)
core   0: 0x000000008000ff10 (0xfe043783) ld      a5, -32(s0)
core   0: 3 0x000000008000ff10 (0xfe043783) x15 0x00000000800120d2 mem 0x0000000080031f50
core   0: 0x000000008000ff14 (0x00178713) addi    a4, a5, 1
core   0: 3 0x000000008000ff14 (0x00178713) x14 0x00000000800120d3
core   0: 0x000000008000ff18 (0xfee43023) sd      a4, -32(s0)
core   0: 3 0x000000008000ff18 (0xfee43023) mem 0x0000000080031f50 0x00000000800120d3
core   0: 0x000000008000ff1c (0xfc442703) lw      a4, -60(s0)
core   0: 3 0x000000008000ff1c (0xfc442703) x14 0x0000000000000000 mem 0x0000000080031f34
core   0: 0x000000008000ff20 (0x0ff77713) andi    a4, a4, 255
core   0: 3 0x000000008000ff20 (0x0ff77713) x14 0x0000000000000000
core   0: 0x000000008000ff24 (0x00e78023) sb      a4, 0(a5)
core   0: 3 0x000000008000ff24 (0x00e78023) mem 0x00000000800120d2 0x00
core   0: 0x000000008000ff28 (0xfc843703) ld      a4, -56(s0)
core   0: 3 0x000000008000ff28 (0xfc843703) x14 0x0000000080012040 mem 0x0000000080031f38
core   0: 0x000000008000ff2c (0xfb843783) ld      a5, -72(s0)
core   0: 3 0x000000008000ff2c (0xfb843783) x15 0x000000000000009c mem 0x0000000080031f28
core   0: 0x000000008000ff30 (0x000097ba) c.add   a5, a4
core   0: 3 0x000000008000ff30 (0x97ba) x15 0x00000000800120dc
core   0: 0x000000008000ff32 (0xfe043703) ld      a4, -32(s0)
core   0: 3 0x000000008000ff32 (0xfe043703) x14 0x00000000800120d3 mem 0x0000000080031f50
core   0: 0x000000008000ff36 (0xfcf76de3) bltu    a4, a5, pc - 38
core   0: 3 0x000000008000ff36 (0xfcf76de3)
core   0: 0x000000008000ff10 (0xfe043783) ld      a5, -32(s0)
core   0: 3 0x000000008000ff10 (0xfe043783) x15 0x00000000800120d3 mem 0x0000000080031f50
core   0: 0x000000008000ff14 (0x00178713) addi    a4, a5, 1
core   0: 3 0x000000008000ff14 (0x00178713) x14 0x00000000800120d4
core   0: 0x000000008000ff18 (0xfee43023) sd      a4, -32(s0)
core   0: 3 0x000000008000ff18 (0xfee43023) mem 0x0000000080031f50 0x00000000800120d4
core   0: 0x000000008000ff1c (0xfc442703) lw      a4, -60(s0)
core   0: 3 0x000000008000ff1c (0xfc442703) x14 0x0000000000000000 mem 0x0000000080031f34
core   0: 0x000000008000ff20 (0x0ff77713) andi    a4, a4, 255
core   0: 3 0x000000008000ff20 (0x0ff77713) x14 0x0000000000000000
core   0: 0x000000008000ff24 (0x00e78023) sb      a4, 0(a5)
core   0: 3 0x000000008000ff24 (0x00e78023) mem 0x00000000800120d3 0x00
core   0: 0x000000008000ff28 (0xfc843703) ld      a4, -56(s0)
core   0: 3 0x000000008000ff28 (0xfc843703) x14 0x0000000080012040 mem 0x0000000080031f38
core   0: 0x000000008000ff2c (0xfb843783) ld      a5, -72(s0)
core   0: 3 0x000000008000ff2c (0xfb843783) x15 0x000000000000009c mem 0x0000000080031f28
core   0: 0x000000008000ff30 (0x000097ba) c.add   a5, a4
core   0: 3 0x000000008000ff30 (0x97ba) x15 0x00000000800120dc
core   0: 0x000000008000ff32 (0xfe043703) ld      a4, -32(s0)
core   0: 3 0x000000008000ff32 (0xfe043703) x14 0x00000000800120d4 mem 0x0000000080031f50
core   0: 0x000000008000ff36 (0xfcf76de3) bltu    a4, a5, pc - 38
core   0: 3 0x000000008000ff36 (0xfcf76de3)
core   0: 0x000000008000ff10 (0xfe043783) ld      a5, -32(s0)
core   0: 3 0x000000008000ff10 (0xfe043783) x15 0x00000000800120d4 mem 0x0000000080031f50
core   0: 0x000000008000ff14 (0x00178713) addi    a4, a5, 1
core   0: 3 0x000000008000ff14 (0x00178713) x14 0x00000000800120d5
core   0: 0x000000008000ff18 (0xfee43023) sd      a4, -32(s0)
core   0: 3 0x000000008000ff18 (0xfee43023) mem 0x0000000080031f50 0x00000000800120d5
core   0: 0x000000008000ff1c (0xfc442703) lw      a4, -60(s0)
core   0: 3 0x000000008000ff1c (0xfc442703) x14 0x0000000000000000 mem 0x0000000080031f34
core   0: 0x000000008000ff20 (0x0ff77713) andi    a4, a4, 255
core   0: 3 0x000000008000ff20 (0x0ff77713) x14 0x0000000000000000
core   0: 0x000000008000ff24 (0x00e78023) sb      a4, 0(a5)
core   0: 3 0x000000008000ff24 (0x00e78023) mem 0x00000000800120d4 0x00
core   0: 0x000000008000ff28 (0xfc843703) ld      a4, -56(s0)
core   0: 3 0x000000008000ff28 (0xfc843703) x14 0x0000000080012040 mem 0x0000000080031f38
core   0: 0x000000008000ff2c (0xfb843783) ld      a5, -72(s0)
core   0: 3 0x000000008000ff2c (0xfb843783) x15 0x000000000000009c mem 0x0000000080031f28
core   0: 0x000000008000ff30 (0x000097ba) c.add   a5, a4
core   0: 3 0x000000008000ff30 (0x97ba) x15 0x00000000800120dc
core   0: 0x000000008000ff32 (0xfe043703) ld      a4, -32(s0)
core   0: 3 0x000000008000ff32 (0xfe043703) x14 0x00000000800120d5 mem 0x0000000080031f50
core   0: 0x000000008000ff36 (0xfcf76de3) bltu    a4, a5, pc - 38
core   0: 3 0x000000008000ff36 (0xfcf76de3)
core   0: 0x000000008000ff10 (0xfe043783) ld      a5, -32(s0)
core   0: 3 0x000000008000ff10 (0xfe043783) x15 0x00000000800120d5 mem 0x0000000080031f50
core   0: 0x000000008000ff14 (0x00178713) addi    a4, a5, 1
core   0: 3 0x000000008000ff14 (0x00178713) x14 0x00000000800120d6
core   0: 0x000000008000ff18 (0xfee43023) sd      a4, -32(s0)
core   0: 3 0x000000008000ff18 (0xfee43023) mem 0x0000000080031f50 0x00000000800120d6
core   0: 0x000000008000ff1c (0xfc442703) lw      a4, -60(s0)
core   0: 3 0x000000008000ff1c (0xfc442703) x14 0x0000000000000000 mem 0x0000000080031f34
core   0: 0x000000008000ff20 (0x0ff77713) andi    a4, a4, 255
core   0: 3 0x000000008000ff20 (0x0ff77713) x14 0x0000000000000000
core   0: 0x000000008000ff24 (0x00e78023) sb      a4, 0(a5)
core   0: 3 0x000000008000ff24 (0x00e78023) mem 0x00000000800120d5 0x00
core   0: 0x000000008000ff28 (0xfc843703) ld      a4, -56(s0)
core   0: 3 0x000000008000ff28 (0xfc843703) x14 0x0000000080012040 mem 0x0000000080031f38
core   0: 0x000000008000ff2c (0xfb843783) ld      a5, -72(s0)
core   0: 3 0x000000008000ff2c (0xfb843783) x15 0x000000000000009c mem 0x0000000080031f28
core   0: 0x000000008000ff30 (0x000097ba) c.add   a5, a4
core   0: 3 0x000000008000ff30 (0x97ba) x15 0x00000000800120dc
core   0: 0x000000008000ff32 (0xfe043703) ld      a4, -32(s0)
core   0: 3 0x000000008000ff32 (0xfe043703) x14 0x00000000800120d6 mem 0x0000000080031f50
core   0: 0x000000008000ff36 (0xfcf76de3) bltu    a4, a5, pc - 38
core   0: 3 0x000000008000ff36 (0xfcf76de3)
core   0: 0x000000008000ff10 (0xfe043783) ld      a5, -32(s0)
core   0: 3 0x000000008000ff10 (0xfe043783) x15 0x00000000800120d6 mem 0x0000000080031f50
core   0: 0x000000008000ff14 (0x00178713) addi    a4, a5, 1
core   0: 3 0x000000008000ff14 (0x00178713) x14 0x00000000800120d7
core   0: 0x000000008000ff18 (0xfee43023) sd      a4, -32(s0)
core   0: 3 0x000000008000ff18 (0xfee43023) mem 0x0000000080031f50 0x00000000800120d7
core   0: 0x000000008000ff1c (0xfc442703) lw      a4, -60(s0)
core   0: 3 0x000000008000ff1c (0xfc442703) x14 0x0000000000000000 mem 0x0000000080031f34
core   0: 0x000000008000ff20 (0x0ff77713) andi    a4, a4, 255
core   0: 3 0x000000008000ff20 (0x0ff77713) x14 0x0000000000000000
core   0: 0x000000008000ff24 (0x00e78023) sb      a4, 0(a5)
core   0: 3 0x000000008000ff24 (0x00e78023) mem 0x00000000800120d6 0x00
core   0: 0x000000008000ff28 (0xfc843703) ld      a4, -56(s0)
core   0: 3 0x000000008000ff28 (0xfc843703) x14 0x0000000080012040 mem 0x0000000080031f38
core   0: 0x000000008000ff2c (0xfb843783) ld      a5, -72(s0)
core   0: 3 0x000000008000ff2c (0xfb843783) x15 0x000000000000009c mem 0x0000000080031f28
core   0: 0x000000008000ff30 (0x000097ba) c.add   a5, a4
core   0: 3 0x000000008000ff30 (0x97ba) x15 0x00000000800120dc
core   0: 0x000000008000ff32 (0xfe043703) ld      a4, -32(s0)
core   0: 3 0x000000008000ff32 (0xfe043703) x14 0x00000000800120d7 mem 0x0000000080031f50
core   0: 0x000000008000ff36 (0xfcf76de3) bltu    a4, a5, pc - 38
core   0: 3 0x000000008000ff36 (0xfcf76de3)
core   0: 0x000000008000ff10 (0xfe043783) ld      a5, -32(s0)
core   0: 3 0x000000008000ff10 (0xfe043783) x15 0x00000000800120d7 mem 0x0000000080031f50
core   0: 0x000000008000ff14 (0x00178713) addi    a4, a5, 1
core   0: 3 0x000000008000ff14 (0x00178713) x14 0x00000000800120d8
core   0: 0x000000008000ff18 (0xfee43023) sd      a4, -32(s0)
core   0: 3 0x000000008000ff18 (0xfee43023) mem 0x0000000080031f50 0x00000000800120d8
core   0: 0x000000008000ff1c (0xfc442703) lw      a4, -60(s0)
core   0: 3 0x000000008000ff1c (0xfc442703) x14 0x0000000000000000 mem 0x0000000080031f34
core   0: 0x000000008000ff20 (0x0ff77713) andi    a4, a4, 255
core   0: 3 0x000000008000ff20 (0x0ff77713) x14 0x0000000000000000
core   0: 0x000000008000ff24 (0x00e78023) sb      a4, 0(a5)
core   0: 3 0x000000008000ff24 (0x00e78023) mem 0x00000000800120d7 0x00
core   0: 0x000000008000ff28 (0xfc843703) ld      a4, -56(s0)
core   0: 3 0x000000008000ff28 (0xfc843703) x14 0x0000000080012040 mem 0x0000000080031f38
core   0: 0x000000008000ff2c (0xfb843783) ld      a5, -72(s0)
core   0: 3 0x000000008000ff2c (0xfb843783) x15 0x000000000000009c mem 0x0000000080031f28
core   0: 0x000000008000ff30 (0x000097ba) c.add   a5, a4
core   0: 3 0x000000008000ff30 (0x97ba) x15 0x00000000800120dc
core   0: 0x000000008000ff32 (0xfe043703) ld      a4, -32(s0)
core   0: 3 0x000000008000ff32 (0xfe043703) x14 0x00000000800120d8 mem 0x0000000080031f50
core   0: 0x000000008000ff36 (0xfcf76de3) bltu    a4, a5, pc - 38
core   0: 3 0x000000008000ff36 (0xfcf76de3)
core   0: 0x000000008000ff10 (0xfe043783) ld      a5, -32(s0)
core   0: 3 0x000000008000ff10 (0xfe043783) x15 0x00000000800120d8 mem 0x0000000080031f50
core   0: 0x000000008000ff14 (0x00178713) addi    a4, a5, 1
core   0: 3 0x000000008000ff14 (0x00178713) x14 0x00000000800120d9
core   0: 0x000000008000ff18 (0xfee43023) sd      a4, -32(s0)
core   0: 3 0x000000008000ff18 (0xfee43023) mem 0x0000000080031f50 0x00000000800120d9
core   0: 0x000000008000ff1c (0xfc442703) lw      a4, -60(s0)
core   0: 3 0x000000008000ff1c (0xfc442703) x14 0x0000000000000000 mem 0x0000000080031f34
core   0: 0x000000008000ff20 (0x0ff77713) andi    a4, a4, 255
core   0: 3 0x000000008000ff20 (0x0ff77713) x14 0x0000000000000000
core   0: 0x000000008000ff24 (0x00e78023) sb      a4, 0(a5)
core   0: 3 0x000000008000ff24 (0x00e78023) mem 0x00000000800120d8 0x00
core   0: 0x000000008000ff28 (0xfc843703) ld      a4, -56(s0)
core   0: 3 0x000000008000ff28 (0xfc843703) x14 0x0000000080012040 mem 0x0000000080031f38
core   0: 0x000000008000ff2c (0xfb843783) ld      a5, -72(s0)
core   0: 3 0x000000008000ff2c (0xfb843783) x15 0x000000000000009c mem 0x0000000080031f28
core   0: 0x000000008000ff30 (0x000097ba) c.add   a5, a4
core   0: 3 0x000000008000ff30 (0x97ba) x15 0x00000000800120dc
core   0: 0x000000008000ff32 (0xfe043703) ld      a4, -32(s0)
core   0: 3 0x000000008000ff32 (0xfe043703) x14 0x00000000800120d9 mem 0x0000000080031f50
core   0: 0x000000008000ff36 (0xfcf76de3) bltu    a4, a5, pc - 38
core   0: 3 0x000000008000ff36 (0xfcf76de3)
core   0: 0x000000008000ff10 (0xfe043783) ld      a5, -32(s0)
core   0: 3 0x000000008000ff10 (0xfe043783) x15 0x00000000800120d9 mem 0x0000000080031f50
core   0: 0x000000008000ff14 (0x00178713) addi    a4, a5, 1
core   0: 3 0x000000008000ff14 (0x00178713) x14 0x00000000800120da
core   0: 0x000000008000ff18 (0xfee43023) sd      a4, -32(s0)
core   0: 3 0x000000008000ff18 (0xfee43023) mem 0x0000000080031f50 0x00000000800120da
core   0: 0x000000008000ff1c (0xfc442703) lw      a4, -60(s0)
core   0: 3 0x000000008000ff1c (0xfc442703) x14 0x0000000000000000 mem 0x0000000080031f34
core   0: 0x000000008000ff20 (0x0ff77713) andi    a4, a4, 255
core   0: 3 0x000000008000ff20 (0x0ff77713) x14 0x0000000000000000
core   0: 0x000000008000ff24 (0x00e78023) sb      a4, 0(a5)
core   0: 3 0x000000008000ff24 (0x00e78023) mem 0x00000000800120d9 0x00
core   0: 0x000000008000ff28 (0xfc843703) ld      a4, -56(s0)
core   0: 3 0x000000008000ff28 (0xfc843703) x14 0x0000000080012040 mem 0x0000000080031f38
core   0: 0x000000008000ff2c (0xfb843783) ld      a5, -72(s0)
core   0: 3 0x000000008000ff2c (0xfb843783) x15 0x000000000000009c mem 0x0000000080031f28
core   0: 0x000000008000ff30 (0x000097ba) c.add   a5, a4
core   0: 3 0x000000008000ff30 (0x97ba) x15 0x00000000800120dc
core   0: 0x000000008000ff32 (0xfe043703) ld      a4, -32(s0)
core   0: 3 0x000000008000ff32 (0xfe043703) x14 0x00000000800120da mem 0x0000000080031f50
core   0: 0x000000008000ff36 (0xfcf76de3) bltu    a4, a5, pc - 38
core   0: 3 0x000000008000ff36 (0xfcf76de3)
core   0: 0x000000008000ff10 (0xfe043783) ld      a5, -32(s0)
core   0: 3 0x000000008000ff10 (0xfe043783) x15 0x00000000800120da mem 0x0000000080031f50
core   0: 0x000000008000ff14 (0x00178713) addi    a4, a5, 1
core   0: 3 0x000000008000ff14 (0x00178713) x14 0x00000000800120db
core   0: 0x000000008000ff18 (0xfee43023) sd      a4, -32(s0)
core   0: 3 0x000000008000ff18 (0xfee43023) mem 0x0000000080031f50 0x00000000800120db
core   0: 0x000000008000ff1c (0xfc442703) lw      a4, -60(s0)
core   0: 3 0x000000008000ff1c (0xfc442703) x14 0x0000000000000000 mem 0x0000000080031f34
core   0: 0x000000008000ff20 (0x0ff77713) andi    a4, a4, 255
core   0: 3 0x000000008000ff20 (0x0ff77713) x14 0x0000000000000000
core   0: 0x000000008000ff24 (0x00e78023) sb      a4, 0(a5)
core   0: 3 0x000000008000ff24 (0x00e78023) mem 0x00000000800120da 0x00
core   0: 0x000000008000ff28 (0xfc843703) ld      a4, -56(s0)
core   0: 3 0x000000008000ff28 (0xfc843703) x14 0x0000000080012040 mem 0x0000000080031f38
core   0: 0x000000008000ff2c (0xfb843783) ld      a5, -72(s0)
core   0: 3 0x000000008000ff2c (0xfb843783) x15 0x000000000000009c mem 0x0000000080031f28
core   0: 0x000000008000ff30 (0x000097ba) c.add   a5, a4
core   0: 3 0x000000008000ff30 (0x97ba) x15 0x00000000800120dc
core   0: 0x000000008000ff32 (0xfe043703) ld      a4, -32(s0)
core   0: 3 0x000000008000ff32 (0xfe043703) x14 0x00000000800120db mem 0x0000000080031f50
core   0: 0x000000008000ff36 (0xfcf76de3) bltu    a4, a5, pc - 38
core   0: 3 0x000000008000ff36 (0xfcf76de3)
core   0: 0x000000008000ff10 (0xfe043783) ld      a5, -32(s0)
core   0: 3 0x000000008000ff10 (0xfe043783) x15 0x00000000800120db mem 0x0000000080031f50
core   0: 0x000000008000ff14 (0x00178713) addi    a4, a5, 1
core   0: 3 0x000000008000ff14 (0x00178713) x14 0x00000000800120dc
core   0: 0x000000008000ff18 (0xfee43023) sd      a4, -32(s0)
core   0: 3 0x000000008000ff18 (0xfee43023) mem 0x0000000080031f50 0x00000000800120dc
core   0: 0x000000008000ff1c (0xfc442703) lw      a4, -60(s0)
core   0: 3 0x000000008000ff1c (0xfc442703) x14 0x0000000000000000 mem 0x0000000080031f34
core   0: 0x000000008000ff20 (0x0ff77713) andi    a4, a4, 255
core   0: 3 0x000000008000ff20 (0x0ff77713) x14 0x0000000000000000
core   0: 0x000000008000ff24 (0x00e78023) sb      a4, 0(a5)
core   0: 3 0x000000008000ff24 (0x00e78023) mem 0x00000000800120db 0x00
core   0: 0x000000008000ff28 (0xfc843703) ld      a4, -56(s0)
core   0: 3 0x000000008000ff28 (0xfc843703) x14 0x0000000080012040 mem 0x0000000080031f38
core   0: 0x000000008000ff2c (0xfb843783) ld      a5, -72(s0)
core   0: 3 0x000000008000ff2c (0xfb843783) x15 0x000000000000009c mem 0x0000000080031f28
core   0: 0x000000008000ff30 (0x000097ba) c.add   a5, a4
core   0: 3 0x000000008000ff30 (0x97ba) x15 0x00000000800120dc
core   0: 0x000000008000ff32 (0xfe043703) ld      a4, -32(s0)
core   0: 3 0x000000008000ff32 (0xfe043703) x14 0x00000000800120dc mem 0x0000000080031f50
core   0: 0x000000008000ff36 (0xfcf76de3) bltu    a4, a5, pc - 38
core   0: 3 0x000000008000ff36 (0xfcf76de3)
core   0: 0x000000008000ff3a (0xfc843783) ld      a5, -56(s0)
core   0: 3 0x000000008000ff3a (0xfc843783) x15 0x0000000080012040 mem 0x0000000080031f38
core   0: 0x000000008000ff3e (0x0000853e) c.mv    a0, a5
core   0: 3 0x000000008000ff3e (0x853e) x10 0x0000000080012040
core   0: 0x000000008000ff40 (0x00006426) c.ldsp  s0, 72(sp)
core   0: 3 0x000000008000ff40 (0x6426) x8  0x0000000080031f90 mem 0x0000000080031f68
core   0: 0x000000008000ff42 (0x00006161) c.addi16sp sp, 80
core   0: 3 0x000000008000ff42 (0x6161) x2  0x0000000080031f70
core   0: 0x000000008000ff44 (0x00008082) ret
core   0: 3 0x000000008000ff44 (0x8082)
core   0: 0x000000008000f4f8 (0x00000001) c.nop
core   0: 3 0x000000008000f4f8 (0x0001)
core   0: 0x000000008000f4fa (0x000060e2) c.ldsp  ra, 24(sp)
core   0: 3 0x000000008000f4fa (0x60e2) x1  0x000000008000f538 mem 0x0000000080031f88
core   0: 0x000000008000f4fc (0x00006442) c.ldsp  s0, 16(sp)
core   0: 3 0x000000008000f4fc (0x6442) x8  0x0000000080032040 mem 0x0000000080031f80
core   0: 0x000000008000f4fe (0x00006105) c.addi16sp sp, 32
core   0: 3 0x000000008000f4fe (0x6105) x2  0x0000000080031f90
core   0: 0x000000008000f500 (0x00008082) ret
core   0: 3 0x000000008000f500 (0x8082)
core   0: 0x000000008000f538 (0xf5842703) lw      a4, -168(s0)
core   0: 3 0x000000008000f538 (0xf5842703) x14 0x0000000000000001 mem 0x0000000080031f98
core   0: 0x000000008000f53c (0xf5c42783) lw      a5, -164(s0)
core   0: 3 0x000000008000f53c (0xf5c42783) x15 0x0000000000000000 mem 0x0000000080031f9c
core   0: 0x000000008000f540 (0x000085ba) c.mv    a1, a4
core   0: 3 0x000000008000f540 (0x85ba) x11 0x0000000000000001
core   0: 0x000000008000f542 (0x0000853e) c.mv    a0, a5
core   0: 3 0x000000008000f542 (0x853e) x10 0x0000000000000000
core   0: 0x000000008000f544 (0xf03ff0ef) jal     pc - 0xfe
core   0: 3 0x000000008000f544 (0xf03ff0ef) x1  0x000000008000f548
core   0: >>>>  thread_entry
core   0: 0x000000008000f446 (0x00001101) c.addi  sp, -32
core   0: 3 0x000000008000f446 (0x1101) x2  0x0000000080031f70
core   0: 0x000000008000f448 (0x0000ec22) c.sdsp  s0, 24(sp)
core   0: 3 0x000000008000f448 (0xec22) mem 0x0000000080031f88 0x0000000080032040
core   0: 0x000000008000f44a (0x00001000) c.addi4spn s0, sp, 32
core   0: 3 0x000000008000f44a (0x1000) x8  0x0000000080031f90
core   0: 0x000000008000f44c (0x000087aa) c.mv    a5, a0
core   0: 3 0x000000008000f44c (0x87aa) x15 0x0000000000000000
core   0: 0x000000008000f44e (0x0000872e) c.mv    a4, a1
core   0: 3 0x000000008000f44e (0x872e) x14 0x0000000000000001
core   0: 0x000000008000f450 (0xfef42623) sw      a5, -20(s0)
core   0: 3 0x000000008000f450 (0xfef42623) mem 0x0000000080031f7c 0x00000000
core   0: 0x000000008000f454 (0x000087ba) c.mv    a5, a4
core   0: 3 0x000000008000f454 (0x87ba) x15 0x0000000000000001
core   0: 0x000000008000f456 (0xfef42423) sw      a5, -24(s0)
core   0: 3 0x000000008000f456 (0xfef42423) mem 0x0000000080031f78 0x00000001
core   0: 0x000000008000f45a (0x00000001) c.nop
core   0: 3 0x000000008000f45a (0x0001)
core   0: 0x000000008000f45c (0xfec42783) lw      a5, -20(s0)
core   0: 3 0x000000008000f45c (0xfec42783) x15 0x0000000000000000 mem 0x0000000080031f7c
core   0: 0x000000008000f460 (0x00002781) c.addiw a5, 0
core   0: 3 0x000000008000f460 (0x2781) x15 0x0000000000000000
core   0: 0x000000008000f462 (0x0000ffed) c.bnez  a5, pc - 6
core   0: 3 0x000000008000f462 (0xffed)
core   0: 0x000000008000f464 (0x00000001) c.nop
core   0: 3 0x000000008000f464 (0x0001)
core   0: 0x000000008000f466 (0x00000001) c.nop
core   0: 3 0x000000008000f466 (0x0001)
core   0: 0x000000008000f468 (0x00006462) c.ldsp  s0, 24(sp)
core   0: 3 0x000000008000f468 (0x6462) x8  0x0000000080032040 mem 0x0000000080031f88
core   0: 0x000000008000f46a (0x00006105) c.addi16sp sp, 32
core   0: 3 0x000000008000f46a (0x6105) x2  0x0000000080031f90
core   0: 0x000000008000f46c (0x00008082) ret
core   0: 3 0x000000008000f46c (0x8082)
core   0: 0x000000008000f548 (0x00004581) c.li    a1, 0
core   0: 3 0x000000008000f548 (0x4581) x11 0x0000000000000000
core   0: 0x000000008000f54a (0x00004501) c.li    a0, 0
core   0: 3 0x000000008000f54a (0x4501) x10 0x0000000000000000
core   0: 0x000000008000f54c (0xab5f20ef) jal     pc - 0xd54c
core   0: 3 0x000000008000f54c (0xab5f20ef) x1  0x000000008000f550
core   0: >>>>  main
core   0: 0x0000000080002000 (0x00000001) c.nop
core   0: 3 0x0000000080002000 (0x0001)
core   0: >>>>  trap_vec_init
core   0: 0x0000000080002002 (0x00002797) auipc   a5, 0x2
core   0: 3 0x0000000080002002 (0x00002797) x15 0x0000000080004002
core   0: 0x0000000080002006 (0xffe78793) addi    a5, a5, -2
core   0: 3 0x0000000080002006 (0xffe78793) x15 0x0000000080004000
core   0: 0x000000008000200a (0x30579073) csrrw   zero, mtvec, a5
core   0: 3 0x000000008000200a (0x30579073) c773_mtvec 0x0000000080004000
core   0: >>>>  pmp_setup
core   0: 0x000000008000200e (0x00002c17) auipc   s8, 0x2
core   0: 3 0x000000008000200e (0x00002c17) x24 0x000000008000400e
core   0: 0x0000000080002012 (0x022c0c13) addi    s8, s8, 34
core   0: 3 0x0000000080002012 (0x022c0c13) x24 0x0000000080004030
core   0: 0x0000000080002016 (0x00004781) c.li    a5, 0
core   0: 3 0x0000000080002016 (0x4781) x15 0x0000000000000000
core   0: 0x0000000080002018 (0x00009c3e) c.add   s8, a5
core   0: 3 0x0000000080002018 (0x9c3e) x24 0x0000000080004030
core   0: 0x000000008000201a (0x3b0c1073) csrrw   zero, pmpaddr0, s8
core   0: 3 0x000000008000201a (0x3b0c1073) c944_pmpaddr0 0x0000000080004030
core   0: 0x000000008000201e (0x00004c3d) c.li    s8, 15
core   0: 3 0x000000008000201e (0x4c3d) x24 0x000000000000000f
core   0: 0x0000000080002020 (0x3a0c1073) csrrw   zero, pmpcfg0, s8
core   0: 3 0x0000000080002020 (0x3a0c1073) c928_pmpcfg0 0x000000000000000f
core   0: 0x0000000080002024 (0x12000073) sfence.vma zero, zero
core   0: 3 0x0000000080002024 (0x12000073)
core   0: >>>>  mepc_setup
core   0: 0x0000000080002028 (0x00002797) auipc   a5, 0x2
core   0: 3 0x0000000080002028 (0x00002797) x15 0x0000000080004028
core   0: 0x000000008000202c (0x00878793) addi    a5, a5, 8
core   0: 3 0x000000008000202c (0x00878793) x15 0x0000000080004030
core   0: 0x0000000080002030 (0x34179073) csrrw   zero, mepc, a5
core   0: 3 0x0000000080002030 (0x34179073) c833_mepc 0x0000000080004030
core   0: >>>>  custom_csr_setup
core   0: 0x0000000080002034 (0x00100f9b) addiw   t6, zero, 1
core   0: 3 0x0000000080002034 (0x00100f9b) x31 0x0000000000000001
core   0: 0x0000000080002038 (0x00000ffe) c.slli  t6, 31
core   0: 3 0x0000000080002038 (0x0ffe) x31 0x0000000080000000
core   0: 0x000000008000203a (0x00000001) c.nop
core   0: 3 0x000000008000203a (0x0001)
core   0: >>>>  init_s_mode
core   0: 0x000000008000203c (0xfff0079b) addiw   a5, zero, -1
core   0: 3 0x000000008000203c (0xfff0079b) x15 0xffffffffffffffff
core   0: 0x0000000080002040 (0x000017fe) c.slli  a5, 63
core   0: 3 0x0000000080002040 (0x17fe) x15 0x8000000000000000
core   0: 0x0000000080002042 (0x18079073) csrrw   zero, satp, a5
core   0: 3 0x0000000080002042 (0x18079073) c384_satp 0x8000000000000000
core   0: 0x0000000080002046 (0x0000f797) auipc   a5, 0xf
core   0: 3 0x0000000080002046 (0x0000f797) x15 0x0000000080011046
core   0: 0x000000008000204a (0xfba78793) addi    a5, a5, -70
core   0: 3 0x000000008000204a (0xfba78793) x15 0x0000000080011000
core   0: 0x000000008000204e (0x000083b1) c.srli  a5, 12
core   0: 3 0x000000008000204e (0x83b1) x15 0x0000000000080011
core   0: 0x0000000080002050 (0x0010061b) addiw   a2, zero, 1
core   0: 3 0x0000000080002050 (0x0010061b) x12 0x0000000000000001
core   0: 0x0000000080002054 (0x00001632) c.slli  a2, 44
core   0: 3 0x0000000080002054 (0x1632) x12 0x0000100000000000
core   0: 0x0000000080002056 (0x0000167d) c.addi  a2, -1
core   0: 3 0x0000000080002056 (0x167d) x12 0x00000fffffffffff
core   0: 0x0000000080002058 (0x00008ff1) c.and   a5, a2
core   0: 3 0x0000000080002058 (0x8ff1) x15 0x0000000000080011
core   0: 0x000000008000205a (0x1807a073) csrrs   zero, satp, a5
core   0: 3 0x000000008000205a (0x1807a073) c384_satp 0x8000000000080011
core   0: 0x000000008000205e (0x00a005b7) lui     a1, 0xa00
core   0: 3 0x000000008000205e (0x00a005b7) x11 0x0000000000a00000
core   0: 0x0000000080002062 (0x10b5859b) addiw   a1, a1, 267
core   0: 3 0x0000000080002062 (0x10b5859b) x11 0x0000000000a0010b
core   0: 0x0000000080002066 (0x000005b2) c.slli  a1, 12
core   0: 3 0x0000000080002066 (0x05b2) x11 0x0000000a0010b000
core   0: 0x0000000080002068 (0xa0058593) addi    a1, a1, -1536
core   0: 3 0x0000000080002068 (0xa0058593) x11 0x0000000a0010aa00
core   0: 0x000000008000206c (0x30059073) csrrw   zero, mstatus, a1
core   0: 3 0x000000008000206c (0x30059073) c768_mstatus 0x0000000a00102800
core   0: 0x0000000080002070 (0x30459073) csrrw   zero, mie, a1
core   0: 3 0x0000000080002070 (0x30459073) c772_mie 0x0000000000000a00
core   0: 0x0000000080002074 (0x00a005b7) lui     a1, 0xa00
core   0: 3 0x0000000080002074 (0x00a005b7) x11 0x0000000000a00000
core   0: 0x0000000080002078 (0x10b5859b) addiw   a1, a1, 267
core   0: 3 0x0000000080002078 (0x10b5859b) x11 0x0000000000a0010b
core   0: 0x000000008000207c (0x000005b2) c.slli  a1, 12
core   0: 3 0x000000008000207c (0x05b2) x11 0x0000000a0010b000
core   0: 0x000000008000207e (0xa0058593) addi    a1, a1, -1536
core   0: 3 0x000000008000207e (0xa0058593) x11 0x0000000a0010aa00
core   0: 0x0000000080002082 (0x10059073) csrrw   zero, sstatus, a1
core   0: 3 0x0000000080002082 (0x10059073) c768_mstatus 0x0000000a00102800
core   0: 0x0000000080002086 (0x10459073) csrrw   zero, sie, a1
core   0: 3 0x0000000080002086 (0x10459073) c772_mie 0x0000000000000a00
core   0: 0x000000008000208a (0x30200073) mret
core   0: 3 0x000000008000208a (0x30200073) c768_mstatus 0x0000000a00102080
core   0: >>>>  main_g
core   0: 0x0000000080004030 (0x004b1bb3) sll     s7, s6, tp
core   0: 1 0x0000000080004030 (0x004b1bb3) x23 0x0000000000000000
core   0: 0x0000000080004034 (0xd03bf4d3) fcvt.s.lu fs1, s7
core   0: 1 0x0000000080004034 (0xd03bf4d3) c768_mstatus 0x8000000a00106080 f9  0xffffffff00000000
core   0: 0x0000000080004038 (0x036a5233) divu    tp, s4, s6
core   0: 1 0x0000000080004038 (0x036a5233) x4  0xffffffffffffffff
core   0: 0x000000008000403c (0x01779ebb) sllw    t4, a5, s7
core   0: 1 0x000000008000403c (0x01779ebb) x29 0x0000000000080011
core   0: 0x0000000080004040 (0x01d187b3) add     a5, gp, t4
core   0: 1 0x0000000080004040 (0x01d187b3) x15 0x0000000080092839
core   0: 0x0000000080004044 (0x537a7413) andi    s0, s4, 1335
core   0: 1 0x0000000080004044 (0x537a7413) x8  0x0000000000000000
core   0: 0x0000000080004048 (0x008ed733) srl     a4, t4, s0
core   0: 1 0x0000000080004048 (0x008ed733) x14 0x0000000000080011
core   0: 0x000000008000404c (0xd21703d3) fcvt.d.wu ft7, a4
core   0: 1 0x000000008000404c (0xd21703d3) f7  0x4120002200000000
core   0: 0x0000000080004050 (0x01f4189b) slliw   a7, s0, 31
core   0: 1 0x0000000080004050 (0x01f4189b) x17 0x0000000000000000
core   0: 0x0000000080004054 (0x400683bb) subw    t2, a3, zero
core   0: 1 0x0000000080004054 (0x400683bb) x7  0x0000000000000000
core   0: 0x0000000080004058 (0xc2117a53) fcvt.wu.d s4, ft2
core   0: 1 0x0000000080004058 (0xc2117a53) c1_fflags 0x0000000000000010 x20 0xffffffffffffffff
core   0: 0x000000008000405c (0xd21d8f53) fcvt.d.wu ft10, s11
core   0: 1 0x000000008000405c (0xd21d8f53) f30 0x0000000000000000
core   0: 0x0000000080004060 (0xc20bf2d3) fcvt.w.d t0, fs7
core   0: 1 0x0000000080004060 (0xc20bf2d3) c1_fflags 0x0000000000000010 x5  0x000000007fffffff
core   0: 0x0000000080004064 (0x0205783b) remuw   a6, a0, zero
core   0: 1 0x0000000080004064 (0x0205783b) x16 0x0000000000000000
core   0: 0x0000000080004068 (0x01b917b3) sll     a5, s2, s11
core   0: 1 0x0000000080004068 (0x01b917b3) x15 0x0000000000000000
core   0: 0x000000008000406c (0x40195613) srai    a2, s2, 1
core   0: 1 0x000000008000406c (0x40195613) x12 0x0000000000000000
core   0: 0x0000000080004070 (0x015e9413) slli    s0, t4, 21
core   0: 1 0x0000000080004070 (0x015e9413) x8  0x0000010002200000
core   0: 0x0000000080004074 (0x5aeeadb7) lui     s11, 0x5aeea
core   0: 1 0x0000000080004074 (0x5aeeadb7) x27 0x000000005aeea000
core   0: 0x0000000080004078 (0x5a047953) fsqrt.d fs2, fs0
core   0: 1 0x0000000080004078 (0x5a047953) f18 0x7ff8000000000000
core   0: 0x000000008000407c (0x00102d73) csrrs   s10, fflags, zero
core   0: 1 0x000000008000407c (0x00102d73) x26 0x0000000000000010
core   0: 0x0000000080004080 (0x01ba8e3b) addw    t3, s5, s11
core   0: 1 0x0000000080004080 (0x01ba8e3b) x28 0x000000005aeea000
core   0: 0x0000000080004084 (0x01bd5533) srl     a0, s10, s11
core   0: 1 0x0000000080004084 (0x01bd5533) x10 0x0000000000000010
core   0: 0x0000000080004088 (0xc21bf7d3) fcvt.wu.d a5, fs7
core   0: 1 0x0000000080004088 (0xc21bf7d3) c1_fflags 0x0000000000000010 x15 0xffffffffffffffff
core   0: 0x000000008000408c (0x0046cd33) xor     s10, a3, tp
core   0: 1 0x000000008000408c (0x0046cd33) x26 0xffffffffffffffff
core   0: 0x0000000080004090 (0x00655333) srl     t1, a0, t1
core   0: 1 0x0000000080004090 (0x00655333) x6  0x0000000000000010
core   0: 0x0000000080004094 (0x417b523b) sraw    tp, s6, s7
core   0: 1 0x0000000080004094 (0x417b523b) x4  0x0000000000000000
core   0: 0x0000000080004098 (0x7ff2ed13) ori     s10, t0, 2047
core   0: 1 0x0000000080004098 (0x7ff2ed13) x26 0x000000007fffffff
core   0: 0x000000008000409c (0x025d5e3b) divuw   t3, s10, t0
core   0: 1 0x000000008000409c (0x025d5e3b) x28 0x0000000000000001
core   0: 0x00000000800040a0 (0xc20cf5d3) fcvt.w.d a1, fs9
core   0: 1 0x00000000800040a0 (0xc20cf5d3) c1_fflags 0x0000000000000010 x11 0x000000007fffffff
core   0: 0x00000000800040a4 (0x0135593b) srlw    s2, a0, s3
core   0: 1 0x00000000800040a4 (0x0135593b) x18 0x0000000000000010
core   0: 0x00000000800040a8 (0x01d1101b) slliw   zero, sp, 29
core   0: 1 0x00000000800040a8 (0x01d1101b)
core   0: 0x00000000800040ac (0x2a01f493) andi    s1, gp, 672
core   0: 1 0x00000000800040ac (0x2a01f493) x9  0x0000000000000020
core   0: 0x00000000800040b0 (0xc02972d3) fcvt.l.s t0, fs2
core   0: 1 0x00000000800040b0 (0xc02972d3) c1_fflags 0x0000000000000010 x5  0x7fffffffffffffff
core   0: 0x00000000800040b4 (0x025afc3b) remuw   s8, s5, t0
core   0: 1 0x00000000800040b4 (0x025afc3b) x24 0x0000000000000000
core   0: 0x00000000800040b8 (0xd234fad3) fcvt.d.lu fs5, s1
core   0: 1 0x00000000800040b8 (0xd234fad3) f21 0x4040000000000000
core   0: 0x00000000800040bc (0x011850b3) srl     ra, a6, a7
core   0: 1 0x00000000800040bc (0x011850b3) x1  0x0000000000000000
core   0: 0x00000000800040c0 (0x40cbd633) sra     a2, s7, a2
core   0: 1 0x00000000800040c0 (0x40cbd633) x12 0x0000000000000000
core   0: 0x00000000800040c4 (0x03566e3b) remw    t3, a2, s5
core   0: 1 0x00000000800040c4 (0x03566e3b) x28 0x0000000000000000
core   0: 0x00000000800040c8 (0x004e9c9b) slliw   s9, t4, 4
core   0: 1 0x00000000800040c8 (0x004e9c9b) x25 0x0000000000800110
core   0: 0x00000000800040cc (0x00bcd6b3) srl     a3, s9, a1
core   0: 1 0x00000000800040cc (0x00bcd6b3) x13 0x0000000000000000
core   0: 0x00000000800040d0 (0xc211f453) fcvt.wu.d s0, ft3
core   0: 1 0x00000000800040d0 (0xc211f453) c1_fflags 0x0000000000000010 x8  0xffffffffffffffff
core   0: 0x00000000800040d4 (0x00102b73) csrrs   s6, fflags, zero
core   0: 1 0x00000000800040d4 (0x00102b73) x22 0x0000000000000010
core   0: 0x00000000800040d8 (0x039c0033) mul     zero, s8, s9
core   0: 1 0x00000000800040d8 (0x039c0033)
core   0: 0x00000000800040dc (0x00102ef3) csrrs   t4, fflags, zero
core   0: 1 0x00000000800040dc (0x00102ef3) x29 0x0000000000000010
core   0: 0x00000000800040e0 (0x03d15133) divu    sp, sp, t4
core   0: 1 0x00000000800040e0 (0x03d15133) x2  0x00000000080031f9
core   0: 0x00000000800040e4 (0x00000001) c.nop
core   0: 1 0x00000000800040e4 (0x0001)
core   0: 0x00000000800040e6 (0x002020f3) csrrs   ra, frm, zero
core   0: 1 0x00000000800040e6 (0x002020f3) x1  0x0000000000000000
core   0: 0x00000000800040ea (0xc03af553) fcvt.lu.s a0, fs5
core   0: 1 0x00000000800040ea (0xc03af553) c1_fflags 0x0000000000000010 x10 0xffffffffffffffff
core   0: 0x00000000800040ee (0xd8950993) addi    s3, a0, -631
core   0: 1 0x00000000800040ee (0xd8950993) x19 0xfffffffffffffd88
core   0: 0x00000000800040f2 (0x420a05d3) fcvt.d.s fa1, fs4
core   0: 1 0x00000000800040f2 (0x420a05d3) f11 0x0000000000000000
core   0: 0x00000000800040f6 (0xd21204d3) fcvt.d.wu fs1, tp
core   0: 1 0x00000000800040f6 (0xd21204d3) f9  0x0000000000000000
core   0: 0x00000000800040fa (0xd22279d3) fcvt.d.l fs3, tp
core   0: 1 0x00000000800040fa (0xd22279d3) f19 0x0000000000000000
core   0: 0x00000000800040fe (0x4007d793) srai    a5, a5, 0
core   0: 1 0x00000000800040fe (0x4007d793) x15 0xffffffffffffffff
core   0: 0x0000000080004102 (0x000a9a9b) slliw   s5, s5, 0
core   0: 1 0x0000000080004102 (0x000a9a9b) x21 0x0000000000000000
core   0: 0x0000000080004106 (0x2ab49d53) fmax.d  fs10, fs1, fa1
core   0: 1 0x0000000080004106 (0x2ab49d53) f26 0x0000000000000000
core   0: 0x000000008000410a (0x00a35733) srl     a4, t1, a0
core   0: 1 0x000000008000410a (0x00a35733) x14 0x0000000000000000
core   0: 0x000000008000410e (0x0ff0000f) fence   iorw,iorw
core   0: 1 0x000000008000410e (0x0ff0000f)
core   0: 0x0000000080004112 (0x01eb161b) slliw   a2, s6, 30
core   0: 1 0x0000000080004112 (0x01eb161b) x12 0x0000000000000000
core   0: 0x0000000080004116 (0x00000001) c.nop
core   0: 1 0x0000000080004116 (0x0001)
core   0: 0x0000000080004118 (0x7ffc801b) addiw   zero, s9, 2047
core   0: 1 0x0000000080004118 (0x7ffc801b)
core   0: 0x000000008000411c (0x033d74d3) fadd.d  fs1, fs10, fs3
core   0: 1 0x000000008000411c (0x033d74d3) f9  0x0000000000000000
core   0: 0x0000000080004120 (0x32bff397) auipc   t2, 0x32bff
core   0: 1 0x0000000080004120 (0x32bff397) x7  0x00000000b2c03120
core   0: 0x0000000080004124 (0x40f3d433) sra     s0, t2, a5
core   0: 1 0x0000000080004124 (0x40f3d433) x8  0x0000000000000000
core   0: 0x0000000080004128 (0x00003e7d) c.addiw t3, -1
core   0: 1 0x0000000080004128 (0x3e7d) x28 0xffffffffffffffff
core   0: 0x000000008000412a (0x007655b3) srl     a1, a2, t2
core   0: 1 0x000000008000412a (0x007655b3) x11 0x0000000000000000
core   0: 0x000000008000412e (0x03f91113) slli    sp, s2, 63
core   0: 1 0x000000008000412e (0x03f91113) x2  0x0000000000000000
core   0: 0x0000000080004132 (0xd2178453) fcvt.d.wu fs0, a5
core   0: 1 0x0000000080004132 (0xd2178453) f8  0x41efffffffe00000
core   0: 0x0000000080004136 (0x1060d073) csrrwi  zero, scounteren, 1
core   0: 1 0x0000000080004136 (0x1060d073) c262_scounteren 0x0000000000000000
core   0: 0x000000008000413a (0x03f7d593) srli    a1, a5, 63
core   0: 1 0x000000008000413a (0x03f7d593) x11 0x0000000000000001
core   0: 0x000000008000413e (0x00102e73) csrrs   t3, fflags, zero
core   0: 1 0x000000008000413e (0x00102e73) x28 0x0000000000000010
core   0: 0x0000000080004142 (0x00102bf3) csrrs   s7, fflags, zero
core   0: 1 0x0000000080004142 (0x00102bf3) x23 0x0000000000000010
core   0: 0x0000000080004146 (0x03b98db3) mul     s11, s3, s11
core   0: 1 0x0000000080004146 (0x03b98db3) x27 0xffffff1f82e50000
core   0: 0x000000008000414a (0xa8e5849b) addiw   s1, a1, -1394
core   0: 1 0x000000008000414a (0xa8e5849b) x9  0xfffffffffffffa8f
core   0: 0x000000008000414e (0x00000001) c.nop
core   0: 1 0x000000008000414e (0x0001)
core   0: 0x0000000080004150 (0x0a154a13) xori    s4, a0, 161
core   0: 1 0x0000000080004150 (0x0a154a13) x20 0xffffffffffffff5e
core   0: 0x0000000080004154 (0x5a007053) fsqrt.d ft0, ft0
core   0: 1 0x0000000080004154 (0x5a007053) f0  0x7ff8000000000000
core   0: 0x0000000080004158 (0x41518dbb) subw    s11, gp, s5
core   0: 1 0x0000000080004158 (0x41518dbb) x27 0xffffffff80012828
core   0: 0x000000008000415c (0xa27483d3) fle.d   t2, fs1, ft7
core   0: 1 0x000000008000415c (0xa27483d3) x7  0x0000000000000001
core   0: 0x0000000080004160 (0x932d7337) lui     t1, 0x932d7
core   0: 1 0x0000000080004160 (0x932d7337) x6  0xffffffff932d7000
core   0: 0x0000000080004164 (0xf20d8ad3) fmv.d.x fs5, s11
core   0: 1 0x0000000080004164 (0xf20d8ad3) f21 0xffffffff80012828
core   0: 0x0000000080004168 (0xd22c7753) fcvt.d.l fa4, s8
core   0: 1 0x0000000080004168 (0xd22c7753) f14 0x0000000000000000
core   0: 0x000000008000416c (0x401677d3) fcvt.s.d fa5, fa2
core   0: 1 0x000000008000416c (0x401677d3) f15 0xffffffff7fc00000
core   0: 0x0000000080004170 (0x320b3773) csrrc   a4, mcountinhibit, s6
core   0: exception trap_illegal_instruction, epc 0x0000000080004170
core   0:           tval 0x00000000320b3773
core   0: >>>>  $xrv64i2p1_m2p0_a2p1_f2p2_d2p2_zicsr2p0_zifencei2p0_zmmul1p0_zba1p0_zbb1p0_zbc1p0_zbs1p0
core   0: 0x0000000080004000 (0x0080006f) j       pc + 0x8
core   0: 3 0x0000000080004000 (0x0080006f)
core   0: >>>>  mmode_exception_handler
core   0: 0x0000000080004008 (0x00002c17) auipc   s8, 0x2
core   0: 3 0x0000000080004008 (0x00002c17) x24 0x0000000080006008
core   0: 0x000000008000400c (0x042c0c13) addi    s8, s8, 66
core   0: 3 0x000000008000400c (0x042c0c13) x24 0x000000008000604a
core   0: 0x0000000080004010 (0x000c00e7) jalr    s8
core   0: 3 0x0000000080004010 (0x000c00e7) x1  0x0000000080004014
core   0: >>>>  any_handler
core   0: 0x000000008000604a (0x341027f3) csrrs   a5, mepc, zero
core   0: 3 0x000000008000604a (0x341027f3) x15 0x0000000080004170
core   0: 0x000000008000604e (0x34202773) csrrs   a4, mcause, zero
core   0: 3 0x000000008000604e (0x34202773) x14 0x0000000000000002
core   0: 0x0000000080006052 (0x142026f3) csrrs   a3, scause, zero
core   0: 3 0x0000000080006052 (0x142026f3) x13 0x0000000000000000
core   0: 0x0000000080006056 (0x30402673) csrrs   a2, mie, zero
core   0: 3 0x0000000080006056 (0x30402673) x12 0x0000000000000a00
core   0: 0x000000008000605a (0x344025f3) csrrs   a1, mip, zero
core   0: 3 0x000000008000605a (0x344025f3) x11 0x0000000000000080
core   0: 0x000000008000605e (0x343025f3) csrrs   a1, mtval, zero
core   0: 3 0x000000008000605e (0x343025f3) x11 0x00000000320b3773
core   0: 0x0000000080006062 (0x14302573) csrrs   a0, stval, zero
core   0: 3 0x0000000080006062 (0x14302573) x10 0x0000000000000000
core   0: 0x0000000080006066 (0xb02024f3) csrrs   s1, minstret, zero
core   0: 3 0x0000000080006066 (0xb02024f3) x9  0x000000000000081d
core   0: 0x000000008000606a (0x0000a811) c.j     pc + 20
core   0: 3 0x000000008000606a (0xa811)
core   0: >>>>  mepc_4
core   0: 0x000000008000607e (0x00000791) c.addi  a5, 4
core   0: 3 0x000000008000607e (0x0791) x15 0x0000000080004174
core   0: 0x0000000080006080 (0x34179073) csrrw   zero, mepc, a5
core   0: 3 0x0000000080006080 (0x34179073) c833_mepc 0x0000000080004174
core   0: 0x0000000080006084 (0x30200073) mret
core   0: 3 0x0000000080006084 (0x30200073) c768_mstatus 0x8000000a00106080
core   0: 0x0000000080004174 (0x039366bb) remw    a3, t1, s9
core   0: 1 0x0000000080004174 (0x039366bb) x13 0xffffffffffae5690
core   0: 0x0000000080004178 (0x03a87733) remu    a4, a6, s10
core   0: 1 0x0000000080004178 (0x03a87733) x14 0x0000000000000000
core   0: 0x000000008000417c (0x0004961b) slliw   a2, s1, 0
core   0: 1 0x000000008000417c (0x0004961b) x12 0x000000000000081d
core   0: 0x0000000080004180 (0x62fbfa4f) fnmadd.d fs4, fs7, fa5, fa2
core   0: 1 0x0000000080004180 (0x62fbfa4f) f20 0x7ff8000000000000
core   0: 0x0000000080004184 (0x23de0ed3) fsgnj.d ft9, ft8, ft9
core   0: 1 0x0000000080004184 (0x23de0ed3) f29 0xffffffff00000000
core   0: 0x0000000080004188 (0x00070c9b) sext.w  s9, a4
core   0: 1 0x0000000080004188 (0x00070c9b) x25 0x0000000000000000
core   0: 0x000000008000418c (0xf20a8953) fmv.d.x fs2, s5
core   0: 1 0x000000008000418c (0xf20a8953) f18 0x0000000000000000
core   0: 0x0000000080004190 (0x0afd7b53) fsub.d  fs6, fs10, fa5
core   0: 1 0x0000000080004190 (0x0afd7b53) f22 0x7ff8000000000000
core   0: 0x0000000080004194 (0x420905d3) fcvt.d.s fa1, fs2
core   0: 1 0x0000000080004194 (0x420905d3) f11 0x7ff8000000000000
core   0: 0x0000000080004198 (0x4059d39b) sraiw   t2, s3, 5
core   0: 1 0x0000000080004198 (0x4059d39b) x7  0xffffffffffffffec
core   0: 0x000000008000419c (0x25626213) ori     tp, tp, 598
core   0: 1 0x000000008000419c (0x25626213) x4  0x0000000000000256
core   0: 0x00000000800041a0 (0x409354bb) sraw    s1, t1, s1
core   0: 1 0x00000000800041a0 (0x409354bb) x9  0xfffffffffffffffc
core   0: 0x00000000800041a4 (0x401bf5d3) fcvt.s.d fa1, fs7
core   0: 1 0x00000000800041a4 (0x401bf5d3) f11 0xffffffff7fc00000
core   0: 0x00000000800041a8 (0x02d266bb) remw    a3, tp, a3
core   0: 1 0x00000000800041a8 (0x02d266bb) x13 0x0000000000000256
core   0: 0x00000000800041ac (0x228818d3) fsgnjn.d fa7, fa6, fs0
core   0: 1 0x00000000800041ac (0x228818d3) f17 0xffffffff00000000
core   0: 0x00000000800041b0 (0x0036d89b) srliw   a7, a3, 3
core   0: 1 0x00000000800041b0 (0x0036d89b) x17 0x000000000000004a
core   0: 0x00000000800041b4 (0x02699a13) slli    s4, s3, 38
core   0: 1 0x00000000800041b4 (0x02699a13) x20 0xffff620000000000
core   0: 0x00000000800041b8 (0x412c5c33) sra     s8, s8, s2
core   0: 1 0x00000000800041b8 (0x412c5c33) x24 0x0000000000008000
core   0: 0x00000000800041bc (0x84a0de17) auipc   t3, 0x84a0d
core   0: 1 0x00000000800041bc (0x84a0de17) x28 0x0000000004a111bc
core   0: 0x00000000800041c0 (0x000b2033) slt     zero, s6, zero
core   0: 1 0x00000000800041c0 (0x000b2033)
core   0: 0x00000000800041c4 (0xd20b02d3) fcvt.d.w ft5, s6
core   0: 1 0x00000000800041c4 (0xd20b02d3) f5  0x4030000000000000
core   0: 0x00000000800041c8 (0x00000001) c.nop
core   0: 1 0x00000000800041c8 (0x0001)
core   0: 0x00000000800041ca (0x40e7d0bb) sraw    ra, a5, a4
core   0: 1 0x00000000800041ca (0x40e7d0bb) x1  0xffffffff80004174
core   0: 0x00000000800041ce (0x02a20233) mul     tp, tp, a0
core   0: 1 0x00000000800041ce (0x02a20233) x4  0x0000000000000000
core   0: 0x00000000800041d2 (0x03d67833) remu    a6, a2, t4
core   0: 1 0x00000000800041d2 (0x03d67833) x16 0x000000000000000d
core   0: 0x00000000800041d6 (0xc02ef053) fcvt.l.s zero, ft9
core   0: 1 0x00000000800041d6 (0xc02ef053)
core   0: 0x00000000800041da (0x400d5833) sra     a6, s10, zero
core   0: 1 0x00000000800041da (0x400d5833) x16 0x000000007fffffff
core   0: 0x00000000800041de (0x42090f53) fcvt.d.s ft10, fs2
core   0: 1 0x00000000800041de (0x42090f53) f30 0x7ff8000000000000
core   0: 0x00000000800041e2 (0x41b282bb) subw    t0, t0, s11
core   0: 1 0x00000000800041e2 (0x41b282bb) x5  0x000000007ffed7d7
core   0: 0x00000000800041e6 (0xb09d5cb7) lui     s9, 0xb09d5
core   0: 1 0x00000000800041e6 (0xb09d5cb7) x25 0xffffffffb09d5000
core   0: 0x00000000800041ea (0x4059de33) sra     t3, s3, t0
core   0: 1 0x00000000800041ea (0x4059de33) x28 0xffffffffffffffff
core   0: 0x00000000800041ee (0x0232023b) mulw    tp, tp, gp
core   0: 1 0x00000000800041ee (0x0232023b) x4  0x0000000000000000
core   0: 0x00000000800041f2 (0x4bff784f) fnmadd.d fa6, ft10, ft11, fs1
core   0: 1 0x00000000800041f2 (0x4bff784f) f16 0x7ff8000000000000
core   0: 0x00000000800041f6 (0x001c6c33) or      s8, s8, ra
core   0: 1 0x00000000800041f6 (0x001c6c33) x24 0xffffffff8000c174
core   0: 0x00000000800041fa (0xb5fc7913) andi    s2, s8, -1185
core   0: 1 0x00000000800041fa (0xb5fc7913) x18 0xffffffff8000c154
core   0: 0x00000000800041fe (0xd030fc53) fcvt.s.lu fs8, ra
core   0: 1 0x00000000800041fe (0xd030fc53) c1_fflags 0x0000000000000011 f24 0xffffffff5f800000
core   0: 0x0000000080004202 (0xdb397313) andi    t1, s2, -589
core   0: 1 0x0000000080004202 (0xdb397313) x6  0xffffffff8000c110
core   0: 0x0000000080004206 (0x018953b3) srl     t2, s2, s8
core   0: 1 0x0000000080004206 (0x018953b3) x7  0x0000000000000fff
core   0: 0x000000008000420a (0x0003d41b) srliw   s0, t2, 0
core   0: 1 0x000000008000420a (0x0003d41b) x8  0x0000000000000fff
core   0: 0x000000008000420e (0xf126d2f3) csrrwi  t0, marchid, 13
core   0: exception trap_illegal_instruction, epc 0x000000008000420e
core   0:           tval 0x00000000f126d2f3
core   0: >>>>  $xrv64i2p1_m2p0_a2p1_f2p2_d2p2_zicsr2p0_zifencei2p0_zmmul1p0_zba1p0_zbb1p0_zbc1p0_zbs1p0
core   0: 0x0000000080004000 (0x0080006f) j       pc + 0x8
core   0: 3 0x0000000080004000 (0x0080006f)
core   0: >>>>  mmode_exception_handler
core   0: 0x0000000080004008 (0x00002c17) auipc   s8, 0x2
core   0: 3 0x0000000080004008 (0x00002c17) x24 0x0000000080006008
core   0: 0x000000008000400c (0x042c0c13) addi    s8, s8, 66
core   0: 3 0x000000008000400c (0x042c0c13) x24 0x000000008000604a
core   0: 0x0000000080004010 (0x000c00e7) jalr    s8
core   0: 3 0x0000000080004010 (0x000c00e7) x1  0x0000000080004014
core   0: >>>>  any_handler
core   0: 0x000000008000604a (0x341027f3) csrrs   a5, mepc, zero
core   0: 3 0x000000008000604a (0x341027f3) x15 0x000000008000420e
core   0: 0x000000008000604e (0x34202773) csrrs   a4, mcause, zero
core   0: 3 0x000000008000604e (0x34202773) x14 0x0000000000000002
core   0: 0x0000000080006052 (0x142026f3) csrrs   a3, scause, zero
core   0: 3 0x0000000080006052 (0x142026f3) x13 0x0000000000000000
core   0: 0x0000000080006056 (0x30402673) csrrs   a2, mie, zero
core   0: 3 0x0000000080006056 (0x30402673) x12 0x0000000000000a00
core   0: 0x000000008000605a (0x344025f3) csrrs   a1, mip, zero
core   0: 3 0x000000008000605a (0x344025f3) x11 0x0000000000000080
core   0: 0x000000008000605e (0x343025f3) csrrs   a1, mtval, zero
core   0: 3 0x000000008000605e (0x343025f3) x11 0x00000000f126d2f3
core   0: 0x0000000080006062 (0x14302573) csrrs   a0, stval, zero
core   0: 3 0x0000000080006062 (0x14302573) x10 0x0000000000000000
core   0: 0x0000000080006066 (0xb02024f3) csrrs   s1, minstret, zero
core   0: 3 0x0000000080006066 (0xb02024f3) x9  0x0000000000000854
core   0: 0x000000008000606a (0x0000a811) c.j     pc + 20
core   0: 3 0x000000008000606a (0xa811)
core   0: >>>>  mepc_4
core   0: 0x000000008000607e (0x00000791) c.addi  a5, 4
core   0: 3 0x000000008000607e (0x0791) x15 0x0000000080004212
core   0: 0x0000000080006080 (0x34179073) csrrw   zero, mepc, a5
core   0: 3 0x0000000080006080 (0x34179073) c833_mepc 0x0000000080004212
core   0: 0x0000000080006084 (0x30200073) mret
core   0: 3 0x0000000080006084 (0x30200073) c768_mstatus 0x8000000a00106080
core   0: 0x0000000080004212 (0x2aba9753) fmax.d  fa4, fs5, fa1
core   0: 1 0x0000000080004212 (0x2aba9753) f14 0x7ff8000000000000
core   0: 0x0000000080004216 (0x408407bb) subw    a5, s0, s0
core   0: 1 0x0000000080004216 (0x408407bb) x15 0x0000000000000000
core   0: 0x000000008000421a (0x262a059b) addiw   a1, s4, 610
core   0: 1 0x000000008000421a (0x262a059b) x11 0x0000000000000262
core   0: 0x000000008000421e (0xd22474d3) fcvt.d.l fs1, s0
core   0: 1 0x000000008000421e (0xd22474d3) f9  0x40affe0000000000
core   0: 0x0000000080004222 (0x0ba3f1d3) fsub.d  ft3, ft7, fs10
core   0: 1 0x0000000080004222 (0x0ba3f1d3) f3  0x4120002200000000
core   0: 0x0000000080004226 (0xa2658ad3) fle.d   s5, fa1, ft6
core   0: 1 0x0000000080004226 (0xa2658ad3) c1_fflags 0x0000000000000011 x21 0x0000000000000000
core   0: 0x000000008000422a (0x0013edb3) or      s11, t2, ra
core   0: 1 0x000000008000422a (0x0013edb3) x27 0x0000000080004fff
core   0: 0x000000008000422e (0x000de613) ori     a2, s11, 0
core   0: 1 0x000000008000422e (0x000de613) x12 0x0000000080004fff
core   0: 0x0000000080004232 (0x5dd1011b) addiw   sp, sp, 1501
core   0: 1 0x0000000080004232 (0x5dd1011b) x2  0x00000000000005dd
core   0: 0x0000000080004236 (0xd0367053) fcvt.s.lu ft0, a2
core   0: 1 0x0000000080004236 (0xd0367053) c1_fflags 0x0000000000000011 f0  0xffffffff4f000050
core   0: 0x000000008000423a (0x002028f3) csrrs   a7, frm, zero
core   0: 1 0x000000008000423a (0x002028f3) x17 0x0000000000000000
core   0: 0x000000008000423e (0x03a15b13) srli    s6, sp, 58
core   0: 1 0x000000008000423e (0x03a15b13) x22 0x0000000000000000
core   0: 0x0000000080004242 (0x001797f3) csrrw   a5, fflags, a5
core   0: 1 0x0000000080004242 (0x001797f3) x15 0x0000000000000011 c1_fflags 0x0000000000000000
core   0: 0x0000000080004246 (0x82007543) fmadd.d fa0, ft0, ft0, fa6
core   0: 1 0x0000000080004246 (0x82007543) f10 0x7ff8000000000000
core   0: 0x000000008000424a (0x001d5c9b) srliw   s9, s10, 1
core   0: 1 0x000000008000424a (0x001d5c9b) x25 0x000000003fffffff
core   0: 0x000000008000424e (0x1af56193) ori     gp, a0, 431
core   0: 1 0x000000008000424e (0x1af56193) x3  0x00000000000001af
core   0: 0x0000000080004252 (0x00eae333) or      t1, s5, a4
core   0: 1 0x0000000080004252 (0x00eae333) x6  0x0000000000000002
core   0: 0x0000000080004256 (0x5a0072d3) fsqrt.d ft5, ft0
core   0: 1 0x0000000080004256 (0x5a0072d3) f5  0x7ff8000000000000
core   0: 0x000000008000425a (0xfec200b7) lui     ra, 0xfec20
core   0: 1 0x000000008000425a (0xfec200b7) x1  0xfffffffffec20000
core   0: 0x000000008000425e (0xe1f0809b) addiw   ra, ra, -481
core   0: 1 0x000000008000425e (0xe1f0809b) x1  0xfffffffffec1fe1f
core   0: 0x0000000080004262 (0x000000ba) c.slli  ra, 14
core   0: 1 0x0000000080004262 (0x00ba) x1  0xffffffb07f87c000
core   0: 0x0000000080004264 (0x34008093) addi    ra, ra, 832
core   0: 1 0x0000000080004264 (0x34008093) x1  0xffffffb07f87c340
core   0: 0x0000000080004268 (0xa25f81d3) fle.d   gp, ft11, ft5
core   0: 1 0x0000000080004268 (0xa25f81d3) c1_fflags 0x0000000000000010 x3  0x0000000000000000
core   0: 0x000000008000426c (0x00000001) c.nop
core   0: 1 0x000000008000426c (0x0001)
core   0: 0x000000008000426e (0x43fe5413) srai    s0, t3, 63
core   0: 1 0x000000008000426e (0x43fe5413) x8  0xffffffffffffffff
core   0: 0x0000000080004272 (0x00899d1b) slliw   s10, s3, 8
core   0: 1 0x0000000080004272 (0x00899d1b) x26 0xfffffffffffd8800
core   0: 0x0000000080004276 (0xd2198a53) fcvt.d.wu fs4, s3
core   0: 1 0x0000000080004276 (0xd2198a53) f20 0x41efffffb1000000
core   0: 0x000000008000427a (0x8734fa93) andi    s5, s1, -1933
core   0: 1 0x000000008000427a (0x8734fa93) x21 0x0000000000000850
core   0: 0x000000008000427e (0xeaba7b4b) fnmsub.d fs6, fs4, fa1, ft9
core   0: 1 0x000000008000427e (0xeaba7b4b) f22 0x7ff8000000000000
core   0: 0x0000000080004282 (0x22aa1a53) fsgnjn.d fs4, fs4, fa0
core   0: 1 0x0000000080004282 (0x22aa1a53) f20 0xc1efffffb1000000
core   0: 0x0000000080004286 (0x00000a1b) sext.w  s4, zero
core   0: 1 0x0000000080004286 (0x00000a1b) x20 0x0000000000000000
core   0: 0x000000008000428a (0xf41b9717) auipc   a4, 0xf41b9
core   0: 1 0x000000008000428a (0xf41b9717) x14 0x00000000741bd28a
core   0: 0x000000008000428e (0xc23b77d3) fcvt.lu.d a5, fs6
core   0: 1 0x000000008000428e (0xc23b77d3) c1_fflags 0x0000000000000010 x15 0xffffffffffffffff
core   0: 0x0000000080004292 (0x018a55b3) srl     a1, s4, s8
core   0: 1 0x0000000080004292 (0x018a55b3) x11 0x0000000000000000
core   0: 0x0000000080004296 (0x01d49eb3) sll     t4, s1, t4
core   0: 1 0x0000000080004296 (0x01d49eb3) x29 0x0000000008540000
core   0: 0x000000008000429a (0xd20780d3) fcvt.d.w ft1, a5
core   0: 1 0x000000008000429a (0xd20780d3) f1  0xbff0000000000000
core   0: 0x000000008000429e (0x40f4dcb3) sra     s9, s1, a5
core   0: 1 0x000000008000429e (0x40f4dcb3) x25 0x0000000000000000
core   0: 0x00000000800042a2 (0x00e57237) lui     tp, 0xe57
core   0: 1 0x00000000800042a2 (0x00e57237) x4  0x0000000000e57000
core   0: 0x00000000800042a6 (0x49b2021b) addiw   tp, tp, 1179
core   0: 1 0x00000000800042a6 (0x49b2021b) x4  0x0000000000e5749b
core   0: 0x00000000800042aa (0x0000023e) c.slli  tp, 15
core   0: 1 0x00000000800042aa (0x023e) x4  0x00000072ba4d8000
core   0: 0x00000000800042ac (0x02820213) addi    tp, tp, 40
core   0: 1 0x00000000800042ac (0x02820213) x4  0x00000072ba4d8028
core   0: 0x00000000800042b0 (0x2bdf1153) fmax.d  ft2, ft10, ft9
core   0: 1 0x00000000800042b0 (0x2bdf1153) f2  0x7ff8000000000000
core   0: 0x00000000800042b4 (0x02c0f053) fadd.d  ft0, ft1, fa2
core   0: 1 0x00000000800042b4 (0x02c0f053) f0  0x7ff8000000000000
core   0: 0x00000000800042b8 (0xc22f79d3) fcvt.l.d s3, ft10
core   0: 1 0x00000000800042b8 (0xc22f79d3) c1_fflags 0x0000000000000010 x19 0x7fffffffffffffff
core   0: 0x00000000800042bc (0x005e8133) add     sp, t4, t0
core   0: 1 0x00000000800042bc (0x005e8133) x2  0x000000008852d7d7
core   0: 0x00000000800042c0 (0x0ff0000f) fence   iorw,iorw
core   0: 1 0x00000000800042c0 (0x0ff0000f)
core   0: 0x00000000800042c4 (0xf1312e73) csrrs   t3, mimpid, sp
core   0: exception trap_illegal_instruction, epc 0x00000000800042c4
core   0:           tval 0x00000000f1312e73
core   0: >>>>  $xrv64i2p1_m2p0_a2p1_f2p2_d2p2_zicsr2p0_zifencei2p0_zmmul1p0_zba1p0_zbb1p0_zbc1p0_zbs1p0
core   0: 0x0000000080004000 (0x0080006f) j       pc + 0x8
core   0: 3 0x0000000080004000 (0x0080006f)
core   0: >>>>  mmode_exception_handler
core   0: 0x0000000080004008 (0x00002c17) auipc   s8, 0x2
core   0: 3 0x0000000080004008 (0x00002c17) x24 0x0000000080006008
core   0: 0x000000008000400c (0x042c0c13) addi    s8, s8, 66
core   0: 3 0x000000008000400c (0x042c0c13) x24 0x000000008000604a
core   0: 0x0000000080004010 (0x000c00e7) jalr    s8
core   0: 3 0x0000000080004010 (0x000c00e7) x1  0x0000000080004014
core   0: >>>>  any_handler
core   0: 0x000000008000604a (0x341027f3) csrrs   a5, mepc, zero
core   0: 3 0x000000008000604a (0x341027f3) x15 0x00000000800042c4
core   0: 0x000000008000604e (0x34202773) csrrs   a4, mcause, zero
core   0: 3 0x000000008000604e (0x34202773) x14 0x0000000000000002
core   0: 0x0000000080006052 (0x142026f3) csrrs   a3, scause, zero
core   0: 3 0x0000000080006052 (0x142026f3) x13 0x0000000000000000
core   0: 0x0000000080006056 (0x30402673) csrrs   a2, mie, zero
core   0: 3 0x0000000080006056 (0x30402673) x12 0x0000000000000a00
core   0: 0x000000008000605a (0x344025f3) csrrs   a1, mip, zero
core   0: 3 0x000000008000605a (0x344025f3) x11 0x0000000000000080
core   0: 0x000000008000605e (0x343025f3) csrrs   a1, mtval, zero
core   0: 3 0x000000008000605e (0x343025f3) x11 0x00000000f1312e73
core   0: 0x0000000080006062 (0x14302573) csrrs   a0, stval, zero
core   0: 3 0x0000000080006062 (0x14302573) x10 0x0000000000000000
core   0: 0x0000000080006066 (0xb02024f3) csrrs   s1, minstret, zero
core   0: 3 0x0000000080006066 (0xb02024f3) x9  0x0000000000000892
core   0: 0x000000008000606a (0x0000a811) c.j     pc + 20
core   0: 3 0x000000008000606a (0xa811)
core   0: >>>>  mepc_4
core   0: 0x000000008000607e (0x00000791) c.addi  a5, 4
core   0: 3 0x000000008000607e (0x0791) x15 0x00000000800042c8
core   0: 0x0000000080006080 (0x34179073) csrrw   zero, mepc, a5
core   0: 3 0x0000000080006080 (0x34179073) c833_mepc 0x00000000800042c8
core   0: 0x0000000080006084 (0x30200073) mret
core   0: 3 0x0000000080006084 (0x30200073) c768_mstatus 0x8000000a00106080
core   0: 0x00000000800042c8 (0x73d5f74b) fnmsub.d fa4, fa1, ft9, fa4
core   0: 1 0x00000000800042c8 (0x73d5f74b) f14 0x7ff8000000000000
core   0: 0x00000000800042cc (0xd23cfc53) fcvt.d.lu fs8, s9
core   0: 1 0x00000000800042cc (0xd23cfc53) f24 0x0000000000000000
core   0: 0x00000000800042d0 (0x0383c533) div     a0, t2, s8
core   0: 1 0x00000000800042d0 (0x0383c533) x10 0x0000000000000000
core   0: 0x00000000800042d4 (0xc20bfb53) fcvt.w.d s6, fs7
core   0: 1 0x00000000800042d4 (0xc20bfb53) c1_fflags 0x0000000000000010 x22 0x000000007fffffff
core   0: 0x00000000800042d8 (0x410009bb) subw    s3, zero, a6
core   0: 1 0x00000000800042d8 (0x410009bb) x19 0xffffffff80000001
core   0: 0x00000000800042dc (0x033afabb) remuw   s5, s5, s3
core   0: 1 0x00000000800042dc (0x033afabb) x21 0x0000000000000850
core   0: 0x00000000800042e0 (0x0ff0000f) fence   iorw,iorw
core   0: 1 0x00000000800042e0 (0x0ff0000f)
core   0: 0x00000000800042e4 (0x01784b33) xor     s6, a6, s7
core   0: 1 0x00000000800042e4 (0x01784b33) x22 0x000000007fffffef
core   0: 0x00000000800042e8 (0xf1311473) csrrw   s0, mimpid, sp
core   0: exception trap_illegal_instruction, epc 0x00000000800042e8
core   0:           tval 0x00000000f1311473
core   0: >>>>  $xrv64i2p1_m2p0_a2p1_f2p2_d2p2_zicsr2p0_zifencei2p0_zmmul1p0_zba1p0_zbb1p0_zbc1p0_zbs1p0
core   0: 0x0000000080004000 (0x0080006f) j       pc + 0x8
core   0: 3 0x0000000080004000 (0x0080006f)
core   0: >>>>  mmode_exception_handler
core   0: 0x0000000080004008 (0x00002c17) auipc   s8, 0x2
core   0: 3 0x0000000080004008 (0x00002c17) x24 0x0000000080006008
core   0: 0x000000008000400c (0x042c0c13) addi    s8, s8, 66
core   0: 3 0x000000008000400c (0x042c0c13) x24 0x000000008000604a
core   0: 0x0000000080004010 (0x000c00e7) jalr    s8
core   0: 3 0x0000000080004010 (0x000c00e7) x1  0x0000000080004014
core   0: >>>>  any_handler
core   0: 0x000000008000604a (0x341027f3) csrrs   a5, mepc, zero
core   0: 3 0x000000008000604a (0x341027f3) x15 0x00000000800042e8
core   0: 0x000000008000604e (0x34202773) csrrs   a4, mcause, zero
core   0: 3 0x000000008000604e (0x34202773) x14 0x0000000000000002
core   0: 0x0000000080006052 (0x142026f3) csrrs   a3, scause, zero
core   0: 3 0x0000000080006052 (0x142026f3) x13 0x0000000000000000
core   0: 0x0000000080006056 (0x30402673) csrrs   a2, mie, zero
core   0: 3 0x0000000080006056 (0x30402673) x12 0x0000000000000a00
core   0: 0x000000008000605a (0x344025f3) csrrs   a1, mip, zero
core   0: 3 0x000000008000605a (0x344025f3) x11 0x0000000000000080
core   0: 0x000000008000605e (0x343025f3) csrrs   a1, mtval, zero
core   0: 3 0x000000008000605e (0x343025f3) x11 0x00000000f1311473
core   0: 0x0000000080006062 (0x14302573) csrrs   a0, stval, zero
core   0: 3 0x0000000080006062 (0x14302573) x10 0x0000000000000000
core   0: 0x0000000080006066 (0xb02024f3) csrrs   s1, minstret, zero
core   0: 3 0x0000000080006066 (0xb02024f3) x9  0x00000000000008aa
core   0: 0x000000008000606a (0x0000a811) c.j     pc + 20
core   0: 3 0x000000008000606a (0xa811)
core   0: >>>>  mepc_4
core   0: 0x000000008000607e (0x00000791) c.addi  a5, 4
core   0: 3 0x000000008000607e (0x0791) x15 0x00000000800042ec
core   0: 0x0000000080006080 (0x34179073) csrrw   zero, mepc, a5
core   0: 3 0x0000000080006080 (0x34179073) c833_mepc 0x00000000800042ec
core   0: 0x0000000080006084 (0x30200073) mret
core   0: 3 0x0000000080006084 (0x30200073) c768_mstatus 0x8000000a00106080
core   0: 0x00000000800042ec (0x420a09d3) fcvt.d.s fs3, fs4
core   0: 1 0x00000000800042ec (0x420a09d3) f19 0x7ff8000000000000
core   0: 0x00000000800042f0 (0x7ffa899b) addiw   s3, s5, 2047
core   0: 1 0x00000000800042f0 (0x7ffa899b) x19 0x000000000000104f
core   0: 0x00000000800042f4 (0xabe94913) xori    s2, s2, -1346
core   0: 1 0x00000000800042f4 (0xabe94913) x18 0x000000007fff3bea
core   0: 0x00000000800042f8 (0xc0629973) csrrw   s2, hpmcounter6, t0
core   0: exception trap_illegal_instruction, epc 0x00000000800042f8
core   0:           tval 0x00000000c0629973
core   0: >>>>  $xrv64i2p1_m2p0_a2p1_f2p2_d2p2_zicsr2p0_zifencei2p0_zmmul1p0_zba1p0_zbb1p0_zbc1p0_zbs1p0
core   0: 0x0000000080004000 (0x0080006f) j       pc + 0x8
core   0: 3 0x0000000080004000 (0x0080006f)
core   0: >>>>  mmode_exception_handler
core   0: 0x0000000080004008 (0x00002c17) auipc   s8, 0x2
core   0: 3 0x0000000080004008 (0x00002c17) x24 0x0000000080006008
core   0: 0x000000008000400c (0x042c0c13) addi    s8, s8, 66
core   0: 3 0x000000008000400c (0x042c0c13) x24 0x000000008000604a
core   0: 0x0000000080004010 (0x000c00e7) jalr    s8
core   0: 3 0x0000000080004010 (0x000c00e7) x1  0x0000000080004014
core   0: >>>>  any_handler
core   0: 0x000000008000604a (0x341027f3) csrrs   a5, mepc, zero
core   0: 3 0x000000008000604a (0x341027f3) x15 0x00000000800042f8
core   0: 0x000000008000604e (0x34202773) csrrs   a4, mcause, zero
core   0: 3 0x000000008000604e (0x34202773) x14 0x0000000000000002
core   0: 0x0000000080006052 (0x142026f3) csrrs   a3, scause, zero
core   0: 3 0x0000000080006052 (0x142026f3) x13 0x0000000000000000
core   0: 0x0000000080006056 (0x30402673) csrrs   a2, mie, zero
core   0: 3 0x0000000080006056 (0x30402673) x12 0x0000000000000a00
core   0: 0x000000008000605a (0x344025f3) csrrs   a1, mip, zero
core   0: 3 0x000000008000605a (0x344025f3) x11 0x0000000000000080
core   0: 0x000000008000605e (0x343025f3) csrrs   a1, mtval, zero
core   0: 3 0x000000008000605e (0x343025f3) x11 0x00000000c0629973
core   0: 0x0000000080006062 (0x14302573) csrrs   a0, stval, zero
core   0: 3 0x0000000080006062 (0x14302573) x10 0x0000000000000000
core   0: 0x0000000080006066 (0xb02024f3) csrrs   s1, minstret, zero
core   0: 3 0x0000000080006066 (0xb02024f3) x9  0x00000000000008bd
core   0: 0x000000008000606a (0x0000a811) c.j     pc + 20
core   0: 3 0x000000008000606a (0xa811)
core   0: >>>>  mepc_4
core   0: 0x000000008000607e (0x00000791) c.addi  a5, 4
core   0: 3 0x000000008000607e (0x0791) x15 0x00000000800042fc
core   0: 0x0000000080006080 (0x34179073) csrrw   zero, mepc, a5
core   0: 3 0x0000000080006080 (0x34179073) c833_mepc 0x00000000800042fc
core   0: 0x0000000080006084 (0x30200073) mret
core   0: 3 0x0000000080006084 (0x30200073) c768_mstatus 0x8000000a00106080
core   0: 0x00000000800042fc (0xcdab021b) addiw   tp, s6, -806
core   0: 1 0x00000000800042fc (0xcdab021b) x4  0x000000007ffffcc9
core   0: 0x0000000080004300 (0x224aaad3) fsgnjx.d fs5, fs5, ft4
core   0: 1 0x0000000080004300 (0x224aaad3) f21 0x7fffffff80012828
core   0: 0x0000000080004304 (0x2afc0c53) fmin.d  fs8, fs8, fa5
core   0: 1 0x0000000080004304 (0x2afc0c53) f24 0x0000000000000000
core   0: 0x0000000080004308 (0x401f7bd3) fcvt.s.d fs7, ft10
core   0: 1 0x0000000080004308 (0x401f7bd3) f23 0xffffffff7fc00000
core   0: 0x000000008000430c (0x40720833) sub     a6, tp, t2
core   0: 1 0x000000008000430c (0x40720833) x16 0x000000007fffecca
core   0: 0x0000000080004310 (0xd23b70d3) fcvt.d.lu ft1, s6
core   0: 1 0x0000000080004310 (0xd23b70d3) f1  0x41dffffffbc00000
core   0: 0x0000000080004314 (0x404786b3) sub     a3, a5, tp
core   0: 1 0x0000000080004314 (0x404786b3) x13 0x0000000000004633
core   0: 0x0000000080004318 (0x00069e1b) slliw   t3, a3, 0
core   0: 1 0x0000000080004318 (0x00069e1b) x28 0x0000000000004633
core   0: 0x000000008000431c (0x01d4fd33) and     s10, s1, t4
core   0: 1 0x000000008000431c (0x01d4fd33) x26 0x0000000000000000
core   0: 0x0000000080004320 (0xd0277e53) fcvt.s.l ft8, a4
core   0: 1 0x0000000080004320 (0xd0277e53) f28 0xffffffff40000000
core   0: 0x0000000080004324 (0x03667b3b) remuw   s6, a2, s6
core   0: 1 0x0000000080004324 (0x03667b3b) x22 0x0000000000000a00
core   0: 0x0000000080004328 (0x236f88d3) fsgnj.d fa7, ft11, fs6
core   0: 1 0x0000000080004328 (0x236f88d3) f17 0x7fffffff00000000
core   0: 0x000000008000432c (0x40b855bb) sraw    a1, a6, a1
core   0: 1 0x000000008000432c (0x40b855bb) x11 0x0000000000000fff
core   0: 0x0000000080004330 (0x01f1119b) slliw   gp, sp, 31
core   0: 1 0x0000000080004330 (0x01f1119b) x3  0xffffffff80000000
core   0: 0x0000000080004334 (0xde58c513) xori    a0, a7, -539
core   0: 1 0x0000000080004334 (0xde58c513) x10 0xfffffffffffffde5
core   0: 0x0000000080004338 (0x40055e13) srai    t3, a0, 0
core   0: 1 0x0000000080004338 (0x40055e13) x28 0xfffffffffffffde5
core   0: 0x000000008000433c (0x420f06d3) fcvt.d.s fa3, ft10
core   0: 1 0x000000008000433c (0x420f06d3) f13 0x7ff8000000000000
core   0: 0x0000000080004340 (0x03926cbb) remw    s9, tp, s9
core   0: 1 0x0000000080004340 (0x03926cbb) x25 0x000000007ffffcc9
core   0: 0x0000000080004344 (0x40c4d4b3) sra     s1, s1, a2
core   0: 1 0x0000000080004344 (0x40c4d4b3) x9  0x00000000000008bd
core   0: 0x0000000080004348 (0xc20a78d3) fcvt.w.d a7, fs4
core   0: 1 0x0000000080004348 (0xc20a78d3) c1_fflags 0x0000000000000010 x17 0xffffffff80000000
core   0: 0x000000008000434c (0x0027519b) srliw   gp, a4, 2
core   0: 1 0x000000008000434c (0x0027519b) x3  0x0000000000000000
core   0: 0x0000000080004350 (0xb82b8e13) addi    t3, s7, -1150
core   0: 1 0x0000000080004350 (0xb82b8e13) x28 0xfffffffffffffb92
core   0: 0x0000000080004354 (0x020f7053) fadd.d  ft0, ft10, ft0
core   0: 1 0x0000000080004354 (0x020f7053) f0  0x7ff8000000000000
core   0: 0x0000000080004358 (0x02bad1bb) divuw   gp, s5, a1
core   0: 1 0x0000000080004358 (0x02bad1bb) x3  0x0000000000000000
core   0: 0x000000008000435c (0x401204bb) subw    s1, tp, ra
core   0: 1 0x000000008000435c (0x401204bb) x9  0xffffffffffffbcb5
core   0: 0x0000000080004360 (0x1a407213) andi    tp, zero, 420
core   0: 1 0x0000000080004360 (0x1a407213) x4  0x0000000000000000
core   0: 0x0000000080004364 (0x0058559b) srliw   a1, a6, 5
core   0: 1 0x0000000080004364 (0x0058559b) x11 0x0000000003ffff66
core   0: 0x0000000080004368 (0x1318fd53) fmul.d  fs10, fa7, fa7
core   0: 1 0x0000000080004368 (0x1318fd53) f26 0x7ff8000000000000
core   0: 0x000000008000436c (0xc028fd53) fcvt.l.s s10, fa7
core   0: 1 0x000000008000436c (0xc028fd53) c1_fflags 0x0000000000000010 x26 0x7fffffffffffffff
core   0: 0x0000000080004370 (0x010d503b) srlw    zero, s10, a6
core   0: 1 0x0000000080004370 (0x010d503b)
core   0: 0x0000000080004374 (0xd025f153) fcvt.s.l ft2, a1
core   0: 1 0x0000000080004374 (0xd025f153) c1_fflags 0x0000000000000011 f2  0xffffffff4c7fffda
core   0: 0x0000000080004378 (0xd2287cd3) fcvt.d.l fs9, a6
core   0: 1 0x0000000080004378 (0xd2287cd3) f25 0x41dffffb32800000
core   0: 0x000000008000437c (0x030d8c33) mul     s8, s11, a6
core   0: 1 0x000000008000437c (0x030d8c33) x24 0x40001e6479ff3336
core   0: 0x0000000080004380 (0x400a5d93) srai    s11, s4, 0
core   0: 1 0x0000000080004380 (0x400a5d93) x27 0x0000000000000000
core   0: 0x0000000080004384 (0x402dd59b) sraiw   a1, s11, 2
core   0: 1 0x0000000080004384 (0x402dd59b) x11 0x0000000000000000
core   0: 0x0000000080004388 (0x40e95e33) sra     t3, s2, a4
core   0: 1 0x0000000080004388 (0x40e95e33) x28 0x000000001fffcefa
core   0: 0x000000008000438c (0x4013f1d3) fcvt.s.d ft3, ft7
core   0: 1 0x000000008000438c (0x4013f1d3) f3  0xffffffff49000110
core   0: 0x0000000080004390 (0x03a064b3) rem     s1, zero, s10
core   0: 1 0x0000000080004390 (0x03a064b3) x9  0x0000000000000000
core   0: 0x0000000080004394 (0x0122123b) sllw    tp, tp, s2
core   0: 1 0x0000000080004394 (0x0122123b) x4  0x0000000000000000
core   0: 0x0000000080004398 (0x012492bb) sllw    t0, s1, s2
core   0: 1 0x0000000080004398 (0x012492bb) x5  0x0000000000000000
core   0: 0x000000008000439c (0x4106883b) subw    a6, a3, a6
core   0: 1 0x000000008000439c (0x4106883b) x16 0xffffffff80005969
core   0: 0x00000000800043a0 (0x00169273) csrrw   tp, fflags, a3
core   0: 1 0x00000000800043a0 (0x00169273) x4  0x0000000000000011 c1_fflags 0x0000000000000013
core   0: 0x00000000800043a4 (0x09e7ca93) xori    s5, a5, 158
core   0: 1 0x00000000800043a4 (0x09e7ca93) x21 0x0000000080004262
core   0: 0x00000000800043a8 (0x0003a3b3) slt     t2, t2, zero
core   0: 1 0x00000000800043a8 (0x0003a3b3) x7  0x0000000000000000
core   0: 0x00000000800043ac (0x234a8b53) fsgnj.d fs6, fs5, fs4
core   0: 1 0x00000000800043ac (0x234a8b53) f22 0xffffffff80012828
core   0: 0x00000000800043b0 (0xc21a7153) fcvt.wu.d sp, fs4
core   0: 1 0x00000000800043b0 (0xc21a7153) c1_fflags 0x0000000000000013 x2  0x0000000000000000
core   0: 0x00000000800043b4 (0x01292a33) slt     s4, s2, s2
core   0: 1 0x00000000800043b4 (0x01292a33) x20 0x0000000000000000
core   0: 0x00000000800043b8 (0xee577213) andi    tp, a4, -283
core   0: 1 0x00000000800043b8 (0xee577213) x4  0x0000000000000000
core   0: 0x00000000800043bc (0xc22a7653) fcvt.l.d a2, fs4
core   0: 1 0x00000000800043bc (0xc22a7653) x12 0xffffffff00000278
core   0: 0x00000000800043c0 (0x43f4d593) srai    a1, s1, 63
core   0: 1 0x00000000800043c0 (0x43f4d593) x11 0x0000000000000000
core   0: 0x00000000800043c4 (0xd2118d53) fcvt.d.wu fs10, gp
core   0: 1 0x00000000800043c4 (0xd2118d53) f26 0x0000000000000000
core   0: 0x00000000800043c8 (0x405c86bb) subw    a3, s9, t0
core   0: 1 0x00000000800043c8 (0x405c86bb) x13 0x000000007ffffcc9
core   0: 0x00000000800043cc (0xd226f553) fcvt.d.l fa0, a3
core   0: 1 0x00000000800043cc (0xd226f553) f10 0x41dfffff32400000
core   0: 0x00000000800043d0 (0xc20ff4d3) fcvt.w.d s1, ft11
core   0: 1 0x00000000800043d0 (0xc20ff4d3) c1_fflags 0x0000000000000013 x9  0x000000007fffffff
core   0: 0x00000000800043d4 (0x2bee0f53) fmin.d  ft10, ft8, ft10
core   0: 1 0x00000000800043d4 (0x2bee0f53) f30 0x7ff8000000000000
core   0: 0x00000000800043d8 (0x00111173) csrrw   sp, fflags, sp
core   0: 1 0x00000000800043d8 (0x00111173) x2  0x0000000000000013 c1_fflags 0x0000000000000000
core   0: 0x00000000800043dc (0x0374f4bb) remuw   s1, s1, s7
core   0: 1 0x00000000800043dc (0x0374f4bb) x9  0x000000000000000f
core   0: 0x00000000800043e0 (0xc6be6e93) ori     t4, t3, -917
core   0: 1 0x00000000800043e0 (0xc6be6e93) x29 0xfffffffffffffefb
core   0: 0x00000000800043e4 (0x0ff0000f) fence   iorw,iorw
core   0: 1 0x00000000800043e4 (0x0ff0000f)
core   0: 0x00000000800043e8 (0x1aa57553) fdiv.d  fa0, fa0, fa0
core   0: 1 0x00000000800043e8 (0x1aa57553) f10 0x3ff0000000000000
core   0: 0x00000000800043ec (0x03498a3b) mulw    s4, s3, s4
core   0: 1 0x00000000800043ec (0x03498a3b) x20 0x0000000000000000
core   0: 0x00000000800043f0 (0x001a9d9b) slliw   s11, s5, 1
core   0: 1 0x00000000800043f0 (0x001a9d9b) x27 0x00000000000084c4
core   0: 0x00000000800043f4 (0x0ff0000f) fence   iorw,iorw
core   0: 1 0x00000000800043f4 (0x0ff0000f)
core   0: 0x00000000800043f8 (0x0002d19b) srliw   gp, t0, 0
core   0: 1 0x00000000800043f8 (0x0002d19b) x3  0x0000000000000000
core   0: 0x00000000800043fc (0x0178591b) srliw   s2, a6, 23
core   0: 1 0x00000000800043fc (0x0178591b) x18 0x0000000000000100
core   0: 0x0000000080004400 (0x0321cdbb) divw    s11, gp, s2
core   0: 1 0x0000000080004400 (0x0321cdbb) x27 0x0000000000000000
core   0: 0x0000000080004404 (0x3b0bd897) auipc   a7, 0x3b0bd
core   0: 1 0x0000000080004404 (0x3b0bd897) x17 0x00000000bb0c1404
core   0: 0x0000000080004408 (0x41be0a3b) subw    s4, t3, s11
core   0: 1 0x0000000080004408 (0x41be0a3b) x20 0x000000001fffcefa
core   0: 0x000000008000440c (0x00fa57b3) srl     a5, s4, a5
core   0: 1 0x000000008000440c (0x00fa57b3) x15 0x0000000000000000
core   0: 0x0000000080004410 (0x2aae0bd3) fmin.d  fs7, ft8, fa0
core   0: 1 0x0000000080004410 (0x2aae0bd3) f23 0x3ff0000000000000
core   0: 0x0000000080004414 (0xa2f90753) fle.d   a4, fs2, fa5
core   0: 1 0x0000000080004414 (0xa2f90753) c1_fflags 0x0000000000000010 x14 0x0000000000000000
core   0: 0x0000000080004418 (0xf20704d3) fmv.d.x fs1, a4
core   0: 1 0x0000000080004418 (0xf20704d3) f9  0x0000000000000000
core   0: 0x000000008000441c (0xc02bfc53) fcvt.l.s s8, fs7
core   0: 1 0x000000008000441c (0xc02bfc53) c1_fflags 0x0000000000000010 x24 0x7fffffffffffffff
core   0: 0x0000000080004420 (0xbd276893) ori     a7, a4, -1070
core   0: 1 0x0000000080004420 (0xbd276893) x17 0xfffffffffffffbd2
core   0: 0x0000000080004424 (0xd2188a53) fcvt.d.wu fs4, a7
core   0: 1 0x0000000080004424 (0xd2188a53) f20 0x41efffff7a400000
core   0: 0x0000000080004428 (0x41108a3b) subw    s4, ra, a7
core   0: 1 0x0000000080004428 (0x41108a3b) x20 0xffffffff80004442
core   0: 0x000000008000442c (0x001025f3) csrrs   a1, fflags, zero
core   0: 1 0x000000008000442c (0x001025f3) x11 0x0000000000000010
core   0: 0x0000000080004430 (0xc21177d3) fcvt.wu.d a5, ft2
core   0: 1 0x0000000080004430 (0xc21177d3) c1_fflags 0x0000000000000010 x15 0xffffffffffffffff
core   0: 0x0000000080004434 (0xd03976d3) fcvt.s.lu fa3, s2
core   0: 1 0x0000000080004434 (0xd03976d3) f13 0xffffffff43800000
core   0: 0x0000000080004438 (0x0360003b) mulw    zero, zero, s6
core   0: 1 0x0000000080004438 (0x0360003b)
core   0: 0x000000008000443c (0x001028f3) csrrs   a7, fflags, zero
core   0: 1 0x000000008000443c (0x001028f3) x17 0x0000000000000010
core   0: 0x0000000080004440 (0x402bd2b3) sra     t0, s7, sp
core   0: 1 0x0000000080004440 (0x402bd2b3) x5  0x0000000000000000
core   0: 0x0000000080004444 (0x029484bb) mulw    s1, s1, s1
core   0: 1 0x0000000080004444 (0x029484bb) x9  0x00000000000000e1
core   0: 0x0000000080004448 (0x4011f1d3) fcvt.s.d ft3, ft3
core   0: 1 0x0000000080004448 (0x4011f1d3) f3  0xffffffff7fc00000
core   0: 0x000000008000444c (0x0000014a) c.slli  sp, 18
core   0: 1 0x000000008000444c (0x014a) x2  0x00000000004c0000
core   0: 0x000000008000444e (0x0294fb33) remu    s6, s1, s1
core   0: 1 0x000000008000444e (0x0294fb33) x22 0x0000000000000000
core   0: 0x0000000080004452 (0x4185d5bb) sraw    a1, a1, s8
core   0: 1 0x0000000080004452 (0x4185d5bb) x11 0x0000000000000000
core   0: 0x0000000080004456 (0x0147e733) or      a4, a5, s4
core   0: 1 0x0000000080004456 (0x0147e733) x14 0xffffffffffffffff
core   0: 0x000000008000445a (0x63cbebb7) lui     s7, 0x63cbe
core   0: 1 0x000000008000445a (0x63cbebb7) x23 0x0000000063cbe000
core   0: 0x000000008000445e (0x005bf233) and     tp, s7, t0
core   0: 1 0x000000008000445e (0x005bf233) x4  0x0000000000000000
core   0: 0x0000000080004462 (0x000c909b) slliw   ra, s9, 0
core   0: 1 0x0000000080004462 (0x000c909b) x1  0x000000007ffffcc9
core   0: 0x0000000080004466 (0x0075111b) slliw   sp, a0, 7
core   0: 1 0x0000000080004466 (0x0075111b) x2  0xfffffffffffef280
core   0: 0x000000008000446a (0xc232f8c3) fmadd.d fa7, ft5, ft3, fs8
core   0: 1 0x000000008000446a (0xc232f8c3) f17 0x7ff8000000000000
core   0: 0x000000008000446e (0x03c282b3) mul     t0, t0, t3
core   0: 1 0x000000008000446e (0x03c282b3) x5  0x0000000000000000
core   0: 0x0000000080004472 (0xd030fe53) fcvt.s.lu ft8, ra
core   0: 1 0x0000000080004472 (0xd030fe53) c1_fflags 0x0000000000000011 f28 0xffffffff4efffffa
core   0: 0x0000000080004476 (0x0350e9b3) rem     s3, ra, s5
core   0: 1 0x0000000080004476 (0x0350e9b3) x19 0x000000007ffffcc9
core   0: 0x000000008000447a (0xc201f9d3) fcvt.w.d s3, ft3
core   0: 1 0x000000008000447a (0xc201f9d3) c1_fflags 0x0000000000000011 x19 0x000000007fffffff
core   0: 0x000000008000447e (0x02e340b3) div     ra, t1, a4
core   0: 1 0x000000008000447e (0x02e340b3) x1  0xfffffffffffffffe
core   0: 0x0000000080004482 (0x41858ebb) subw    t4, a1, s8
core   0: 1 0x0000000080004482 (0x41858ebb) x29 0x0000000000000001
core   0: 0x0000000080004486 (0x41d4d333) sra     t1, s1, t4
core   0: 1 0x0000000080004486 (0x41d4d333) x6  0x0000000000000070
core   0: 0x000000008000448a (0xc20e7753) fcvt.w.d a4, ft8
core   0: 1 0x000000008000448a (0xc20e7753) c1_fflags 0x0000000000000011 x14 0x000000007fffffff
core   0: 0x000000008000448e (0x6821c697) auipc   a3, 0x6821c
core   0: 1 0x000000008000448e (0x6821c697) x13 0x00000000e822048e
core   0: 0x0000000080004492 (0x00120d9b) addiw   s11, tp, 1
core   0: 1 0x0000000080004492 (0x00120d9b) x27 0x0000000000000001
core   0: 0x0000000080004496 (0x43775b13) srai    s6, a4, 55
core   0: 1 0x0000000080004496 (0x43775b13) x22 0x0000000000000000
core   0: 0x000000008000449a (0x223e06d3) fsgnj.d fa3, ft8, ft3
core   0: 1 0x000000008000449a (0x223e06d3) f13 0xffffffff4efffffa
core   0: 0x000000008000449e (0x00000001) c.nop
core   0: 1 0x000000008000449e (0x0001)
core   0: 0x00000000800044a0 (0x40dc0e3b) subw    t3, s8, a3
core   0: 1 0x00000000800044a0 (0x40dc0e3b) x28 0x0000000017ddfb71
core   0: 0x00000000800044a4 (0xd03df653) fcvt.s.lu fa2, s11
core   0: 1 0x00000000800044a4 (0xd03df653) f12 0xffffffff3f800000
core   0: 0x00000000800044a8 (0x03cdbdb3) mulhu   s11, s11, t3
core   0: 1 0x00000000800044a8 (0x03cdbdb3) x27 0x0000000000000000
core   0: 0x00000000800044ac (0x0048e2b3) or      t0, a7, tp
core   0: 1 0x00000000800044ac (0x0048e2b3) x5  0x0000000000000010
core   0: 0x00000000800044b0 (0x0001d833) srl     a6, gp, zero
core   0: 1 0x00000000800044b0 (0x0001d833) x16 0x0000000000000000
core   0: 0x00000000800044b4 (0x0072d0b3) srl     ra, t0, t2
core   0: 1 0x00000000800044b4 (0x0072d0b3) x1  0x0000000000000010
core   0: 0x00000000800044b8 (0x8000cb93) xori    s7, ra, -2048
core   0: 1 0x00000000800044b8 (0x8000cb93) x23 0xfffffffffffff810
core   0: 0x00000000800044bc (0xc20afcd3) fcvt.w.d s9, fs5
core   0: 1 0x00000000800044bc (0xc20afcd3) c1_fflags 0x0000000000000011 x25 0x000000007fffffff
core   0: 0x00000000800044c0 (0x63417113) andi    sp, sp, 1588
core   0: 1 0x00000000800044c0 (0x63417113) x2  0x0000000000000200
core   0: 0x00000000800044c4 (0x0b8c73d3) fsub.d  ft7, fs8, fs8
core   0: 1 0x00000000800044c4 (0x0b8c73d3) f7  0x0000000000000000
core   0: 0x00000000800044c8 (0x40298d3b) subw    s10, s3, sp
core   0: 1 0x00000000800044c8 (0x40298d3b) x26 0x000000007ffffdff
core   0: 0x00000000800044cc (0x02d05c3b) divuw   s8, zero, a3
core   0: 1 0x00000000800044cc (0x02d05c3b) x24 0x0000000000000000
core   0: 0x00000000800044d0 (0xd03d7f53) fcvt.s.lu ft10, s10
core   0: 1 0x00000000800044d0 (0xd03d7f53) c1_fflags 0x0000000000000011 f30 0xffffffff4efffffc
core   0: 0x00000000800044d4 (0x00111013) slli    zero, sp, 1
core   0: 1 0x00000000800044d4 (0x00111013)
core   0: 0x00000000800044d8 (0x020a0533) mul     a0, s4, zero
core   0: 1 0x00000000800044d8 (0x020a0533) x10 0x0000000000000000
core   0: 0x00000000800044dc (0x02f566b3) rem     a3, a0, a5
core   0: 1 0x00000000800044dc (0x02f566b3) x13 0x0000000000000000
core   0: 0x00000000800044e0 (0x80010b13) addi    s6, sp, -2048
core   0: 1 0x00000000800044e0 (0x80010b13) x22 0xfffffffffffffa00
core   0: 0x00000000800044e4 (0x2a1f0053) fmin.d  ft0, ft10, ft1
core   0: 1 0x00000000800044e4 (0x2a1f0053) f0  0x41dffffffbc00000
core   0: 0x00000000800044e8 (0x0361edb3) rem     s11, gp, s6
core   0: 1 0x00000000800044e8 (0x0361edb3) x27 0x0000000000000000
core   0: 0x00000000800044ec (0x000c5c13) srli    s8, s8, 0
core   0: 1 0x00000000800044ec (0x000c5c13) x24 0x0000000000000000
core   0: 0x00000000800044f0 (0x01a71d33) sll     s10, a4, s10
core   0: 1 0x00000000800044f0 (0x01a71d33) x26 0x8000000000000000
core   0: 0x00000000800044f4 (0x2a7f1453) fmax.d  fs0, ft10, ft7
core   0: 1 0x00000000800044f4 (0x2a7f1453) f8  0x0000000000000000
core   0: 0x00000000800044f8 (0x80077613) andi    a2, a4, -2048
core   0: 1 0x00000000800044f8 (0x80077613) x12 0x000000007ffff800
core   0: 0x00000000800044fc (0x0ff0000f) fence   iorw,iorw
core   0: 1 0x00000000800044fc (0x0ff0000f)
core   0: 0x0000000080004500 (0x00000001) c.nop
core   0: 1 0x0000000080004500 (0x0001)
core   0: 0x0000000080004502 (0x00000001) c.nop
core   0: 1 0x0000000080004502 (0x0001)
core   0: 0x0000000080004504 (0x0006139b) slliw   t2, a2, 0
core   0: 1 0x0000000080004504 (0x0006139b) x7  0x000000007ffff800
core   0: 0x0000000080004508 (0x0276413b) divw    sp, a2, t2
core   0: 1 0x0000000080004508 (0x0276413b) x2  0x0000000000000001
core   0: 0x000000008000450c (0xc029fe53) fcvt.l.s t3, fs3
core   0: 1 0x000000008000450c (0xc029fe53) c1_fflags 0x0000000000000011 x28 0x7fffffffffffffff
core   0: 0x0000000080004510 (0x01c3a333) slt     t1, t2, t3
core   0: 1 0x0000000080004510 (0x01c3a333) x6  0x0000000000000001
core   0: 0x0000000080004514 (0xc23e7bd3) fcvt.lu.d s7, ft8
core   0: 1 0x0000000080004514 (0xc23e7bd3) c1_fflags 0x0000000000000011 x23 0xffffffffffffffff
core   0: 0x0000000080004518 (0x00000001) c.nop
core   0: 1 0x0000000080004518 (0x0001)
core   0: 0x000000008000451a (0x00102473) csrrs   s0, fflags, zero
core   0: 1 0x000000008000451a (0x00102473) x8  0x0000000000000011
core   0: 0x000000008000451e (0x0109583b) srlw    a6, s2, a6
core   0: 1 0x000000008000451e (0x0109583b) x16 0x0000000000000100
core   0: 0x0000000080004522 (0x00167013) andi    zero, a2, 1
core   0: 1 0x0000000080004522 (0x00167013)
core   0: 0x0000000080004526 (0x00c61ab3) sll     s5, a2, a2
core   0: 1 0x0000000080004526 (0x00c61ab3) x21 0x000000007ffff800
core   0: 0x000000008000452a (0x0b7bf5d3) fsub.d  fa1, fs7, fs7
core   0: 1 0x000000008000452a (0x0b7bf5d3) f11 0x0000000000000000
core   0: 0x000000008000452e (0x00648933) add     s2, s1, t1
core   0: 1 0x000000008000452e (0x00648933) x18 0x00000000000000e2
core   0: 0x0000000080004532 (0xc20bf753) fcvt.w.d a4, fs7
core   0: 1 0x0000000080004532 (0xc20bf753) x14 0x0000000000000001
core   0: 0x0000000080004536 (0x002022f3) csrrs   t0, frm, zero
core   0: 1 0x0000000080004536 (0x002022f3) x5  0x0000000000000000
core   0: 0x000000008000453a (0x5afcddb7) lui     s11, 0x5afcd
core   0: 1 0x000000008000453a (0x5afcddb7) x27 0x000000005afcd000
core   0: 0x000000008000453e (0xee307037) lui     zero, 0xee307
core   0: 1 0x000000008000453e (0xee307037)
core   0: 0x0000000080004542 (0x00a3953b) sllw    a0, t2, a0
core   0: 1 0x0000000080004542 (0x00a3953b) x10 0x000000007ffff800
core   0: 0x0000000080004546 (0x00000001) c.nop
core   0: 1 0x0000000080004546 (0x0001)
core   0: 0x0000000080004548 (0xc213f9d3) fcvt.wu.d s3, ft7
core   0: 1 0x0000000080004548 (0xc213f9d3) x19 0x0000000000000000
core   0: 0x000000008000454c (0x67e6ca13) xori    s4, a3, 1662
core   0: 1 0x000000008000454c (0x67e6ca13) x20 0x000000000000067e
core   0: 0x0000000080004550 (0xa9f44293) xori    t0, s0, -1377
core   0: 1 0x0000000080004550 (0xa9f44293) x5  0xfffffffffffffa8e
core   0: 0x0000000080004554 (0x00546633) or      a2, s0, t0
core   0: 1 0x0000000080004554 (0x00546633) x12 0xfffffffffffffa9f
core   0: 0x0000000080004558 (0x28b6d097) auipc   ra, 0x28b6d
core   0: 1 0x0000000080004558 (0x28b6d097) x1  0x00000000a8b71558
core   0: 0x000000008000455c (0x02183ab3) mulhu   s5, a6, ra
core   0: 1 0x000000008000455c (0x02183ab3) x21 0x0000000000000000
core   0: 0x0000000080004560 (0x0016581b) srliw   a6, a2, 1
core   0: 1 0x0000000080004560 (0x0016581b) x16 0x000000007ffffd4f
core   0: 0x0000000080004564 (0x0210d5b3) divu    a1, ra, ra
core   0: 1 0x0000000080004564 (0x0210d5b3) x11 0x0000000000000001
core   0: 0x0000000080004568 (0x02da88b3) mul     a7, s5, a3
core   0: 1 0x0000000080004568 (0x02da88b3) x17 0x0000000000000000
core   0: 0x000000008000456c (0x039c0c33) mul     s8, s8, s9
core   0: 1 0x000000008000456c (0x039c0c33) x24 0x0000000000000000
core   0: 0x0000000080004570 (0xd21587d3) fcvt.d.wu fa5, a1
core   0: 1 0x0000000080004570 (0xd21587d3) f15 0x3ff0000000000000
core   0: 0x0000000080004574 (0x03daf3bb) remuw   t2, s5, t4
core   0: 1 0x0000000080004574 (0x03daf3bb) x7  0x0000000000000000
core   0: 0x0000000080004578 (0x51d70217) auipc   tp, 0x51d70
core   0: 1 0x0000000080004578 (0x51d70217) x4  0x00000000d1d74578
core   0: 0x000000008000457c (0x0357443b) divw    s0, a4, s5
core   0: 1 0x000000008000457c (0x0357443b) x8  0xffffffffffffffff
core   0: 0x0000000080004580 (0x00059c93) slli    s9, a1, 0
core   0: 1 0x0000000080004580 (0x00059c93) x25 0x0000000000000001
core   0: 0x0000000080004584 (0x0148f033) and     zero, a7, s4
core   0: 1 0x0000000080004584 (0x0148f033)
core   0: 0x0000000080004588 (0x015c0c3b) addw    s8, s8, s5
core   0: 1 0x0000000080004588 (0x015c0c3b) x24 0x0000000000000000
core   0: 0x000000008000458c (0x1fd3ad37) lui     s10, 0x1fd3a
core   0: 1 0x000000008000458c (0x1fd3ad37) x26 0x000000001fd3a000
core   0: 0x0000000080004590 (0x0384e4b3) rem     s1, s1, s8
core   0: 1 0x0000000080004590 (0x0384e4b3) x9  0x00000000000000e1
core   0: 0x0000000080004594 (0xb0a5d537) lui     a0, 0xb0a5d
core   0: 1 0x0000000080004594 (0xb0a5d537) x10 0xffffffffb0a5d000
core   0: 0x0000000080004598 (0xc216fbd3) fcvt.wu.d s7, fa3
core   0: 1 0x0000000080004598 (0xc216fbd3) c1_fflags 0x0000000000000011 x23 0xffffffffffffffff
core   0: 0x000000008000459c (0x033b49bb) divw    s3, s6, s3
core   0: 1 0x000000008000459c (0x033b49bb) x19 0xffffffffffffffff
core   0: 0x00000000800045a0 (0x01de9c33) sll     s8, t4, t4
core   0: 1 0x00000000800045a0 (0x01de9c33) x24 0x0000000000000002
core   0: 0x00000000800045a4 (0x004b9893) slli    a7, s7, 4
core   0: 1 0x00000000800045a4 (0x004b9893) x17 0xfffffffffffffff0
core   0: 0x00000000800045a8 (0xf20809d3) fmv.d.x fs3, a6
core   0: 1 0x00000000800045a8 (0xf20809d3) f19 0x000000007ffffd4f
core   0: 0x00000000800045ac (0x009d8cb3) add     s9, s11, s1
core   0: 1 0x00000000800045ac (0x009d8cb3) x25 0x000000005afcd0e1
core   0: 0x00000000800045b0 (0x22212553) fsgnjx.d fa0, ft2, ft2
core   0: 1 0x00000000800045b0 (0x22212553) f10 0x7fffffff4c7fffda
core   0: 0x00000000800045b4 (0x002496b3) sll     a3, s1, sp
core   0: 1 0x00000000800045b4 (0x002496b3) x13 0x00000000000001c2
core   0: 0x00000000800045b8 (0x036afb53) fadd.d  fs6, fs5, fs6
core   0: 1 0x00000000800045b8 (0x036afb53) f22 0x7ff8000000000000
core   0: 0x00000000800045bc (0xd23cfd53) fcvt.d.lu fs10, s9
core   0: 1 0x00000000800045bc (0xd23cfd53) f26 0x41d6bf3438400000
core   0: 0x00000000800045c0 (0x03d88eb3) mul     t4, a7, t4
core   0: 1 0x00000000800045c0 (0x03d88eb3) x29 0xfffffffffffffff0
core   0: 0x00000000800045c4 (0x01dbfdb3) and     s11, s7, t4
core   0: 1 0x00000000800045c4 (0x01dbfdb3) x27 0xfffffffffffffff0
core   0: 0x00000000800045c8 (0x41b20033) sub     zero, tp, s11
core   0: 1 0x00000000800045c8 (0x41b20033)
core   0: 0x00000000800045cc (0x236b2253) fsgnjx.d ft4, fs6, fs6
core   0: 1 0x00000000800045cc (0x236b2253) f4  0x7ff8000000000000
core   0: 0x00000000800045d0 (0x0070549b) srliw   s1, zero, 7
core   0: 1 0x00000000800045d0 (0x0070549b) x9  0x0000000000000000
core   0: 0x00000000800045d4 (0x02155eb3) divu    t4, a0, ra
core   0: 1 0x00000000800045d4 (0x02155eb3) x29 0x0000000184711070
core   0: 0x00000000800045d8 (0x00000001) c.nop
core   0: 1 0x00000000800045d8 (0x0001)
core   0: 0x00000000800045da (0x4119da3b) sraw    s4, s3, a7
core   0: 1 0x00000000800045da (0x4119da3b) x20 0xffffffffffffffff
core   0: 0x00000000800045de (0xd64e4593) xori    a1, t3, -668
core   0: 1 0x00000000800045de (0xd64e4593) x11 0x800000000000029b
core   0: 0x00000000800045e2 (0x02bd6d3b) remw    s10, s10, a1
core   0: 1 0x00000000800045e2 (0x02bd6d3b) x26 0x000000000000023b
core   0: 0x00000000800045e6 (0x0ff0000f) fence   iorw,iorw
core   0: 1 0x00000000800045e6 (0x0ff0000f)
core   0: 0x00000000800045ea (0x014a5833) srl     a6, s4, s4
core   0: 1 0x00000000800045ea (0x014a5833) x16 0x0000000000000001
core   0: 0x00000000800045ee (0x2a938453) fmin.d  fs0, ft7, fs1
core   0: 1 0x00000000800045ee (0x2a938453) f8  0x0000000000000000
core   0: 0x00000000800045f2 (0x41ad57bb) sraw    a5, s10, s10
core   0: 1 0x00000000800045f2 (0x41ad57bb) x15 0x0000000000000000
core   0: 0x00000000800045f6 (0x413ed9bb) sraw    s3, t4, s3
core   0: 1 0x00000000800045f6 (0x413ed9bb) x19 0xffffffffffffffff
core   0: 0x00000000800045fa (0x011788bb) addw    a7, a5, a7
core   0: 1 0x00000000800045fa (0x011788bb) x17 0xfffffffffffffff0
core   0: 0x00000000800045fe (0x003b119b) slliw   gp, s6, 3
core   0: 1 0x00000000800045fe (0x003b119b) x3  0xffffffffffffd000
core   0: 0x0000000080004602 (0x34351b73) csrrw   s6, mtval, a0
core   0: exception trap_illegal_instruction, epc 0x0000000080004602
core   0:           tval 0x0000000034351b73
core   0: >>>>  $xrv64i2p1_m2p0_a2p1_f2p2_d2p2_zicsr2p0_zifencei2p0_zmmul1p0_zba1p0_zbb1p0_zbc1p0_zbs1p0
core   0: 0x0000000080004000 (0x0080006f) j       pc + 0x8
core   0: 3 0x0000000080004000 (0x0080006f)
core   0: >>>>  mmode_exception_handler
core   0: 0x0000000080004008 (0x00002c17) auipc   s8, 0x2
core   0: 3 0x0000000080004008 (0x00002c17) x24 0x0000000080006008
core   0: 0x000000008000400c (0x042c0c13) addi    s8, s8, 66
core   0: 3 0x000000008000400c (0x042c0c13) x24 0x000000008000604a
core   0: 0x0000000080004010 (0x000c00e7) jalr    s8
core   0: 3 0x0000000080004010 (0x000c00e7) x1  0x0000000080004014
core   0: >>>>  any_handler
core   0: 0x000000008000604a (0x341027f3) csrrs   a5, mepc, zero
core   0: 3 0x000000008000604a (0x341027f3) x15 0x0000000080004602
core   0: 0x000000008000604e (0x34202773) csrrs   a4, mcause, zero
core   0: 3 0x000000008000604e (0x34202773) x14 0x0000000000000002
core   0: 0x0000000080006052 (0x142026f3) csrrs   a3, scause, zero
core   0: 3 0x0000000080006052 (0x142026f3) x13 0x0000000000000000
core   0: 0x0000000080006056 (0x30402673) csrrs   a2, mie, zero
core   0: 3 0x0000000080006056 (0x30402673) x12 0x0000000000000a00
core   0: 0x000000008000605a (0x344025f3) csrrs   a1, mip, zero
core   0: 3 0x000000008000605a (0x344025f3) x11 0x0000000000000080
core   0: 0x000000008000605e (0x343025f3) csrrs   a1, mtval, zero
core   0: 3 0x000000008000605e (0x343025f3) x11 0x0000000034351b73
core   0: 0x0000000080006062 (0x14302573) csrrs   a0, stval, zero
core   0: 3 0x0000000080006062 (0x14302573) x10 0x0000000000000000
core   0: 0x0000000080006066 (0xb02024f3) csrrs   s1, minstret, zero
core   0: 3 0x0000000080006066 (0xb02024f3) x9  0x0000000000000992
core   0: 0x000000008000606a (0x0000a811) c.j     pc + 20
core   0: 3 0x000000008000606a (0xa811)
core   0: >>>>  mepc_4
core   0: 0x000000008000607e (0x00000791) c.addi  a5, 4
core   0: 3 0x000000008000607e (0x0791) x15 0x0000000080004606
core   0: 0x0000000080006080 (0x34179073) csrrw   zero, mepc, a5
core   0: 3 0x0000000080006080 (0x34179073) c833_mepc 0x0000000080004606
core   0: 0x0000000080006084 (0x30200073) mret
core   0: 3 0x0000000080006084 (0x30200073) c768_mstatus 0x8000000a00106080
core   0: 0x0000000080004606 (0x00000001) c.nop
core   0: 1 0x0000000080004606 (0x0001)
core   0: 0x0000000080004608 (0x001027f3) csrrs   a5, fflags, zero
core   0: 1 0x0000000080004608 (0x001027f3) x15 0x0000000000000011
core   0: 0x000000008000460c (0x01dc1dbb) sllw    s11, s8, t4
core   0: 1 0x000000008000460c (0x01dc1dbb) x27 0x00000000604a0000
core   0: 0x0000000080004610 (0xd02876d3) fcvt.s.l fa3, a6
core   0: 1 0x0000000080004610 (0xd02876d3) f13 0xffffffff3f800000
core   0: 0x0000000080004614 (0x41b054bb) sraw    s1, zero, s11
core   0: 1 0x0000000080004614 (0x41b054bb) x9  0x0000000000000000
core   0: 0x0000000080004618 (0x0000aeb3) slt     t4, ra, zero
core   0: 1 0x0000000080004618 (0x0000aeb3) x29 0x0000000000000000
core   0: 0x000000008000461c (0x0263d333) divu    t1, t2, t1
core   0: 1 0x000000008000461c (0x0263d333) x6  0x0000000000000000
core   0: 0x0000000080004620 (0x04aceb37) lui     s6, 0x4ace
core   0: 1 0x0000000080004620 (0x04aceb37) x22 0x0000000004ace000
core   0: 0x0000000080004624 (0x1b5b0b1b) addiw   s6, s6, 437
core   0: 1 0x0000000080004624 (0x1b5b0b1b) x22 0x0000000004ace1b5
core   0: 0x0000000080004628 (0x00000b32) c.slli  s6, 12
core   0: 1 0x0000000080004628 (0x0b32) x22 0x0000004ace1b5000
core   0: 0x000000008000462a (0x00001b35) c.addi  s6, -19
core   0: 1 0x000000008000462a (0x1b35) x22 0x0000004ace1b4fed
core   0: 0x000000008000462c (0x1ab4f4d3) fdiv.d  fs1, fs1, fa1
core   0: 1 0x000000008000462c (0x1ab4f4d3) c1_fflags 0x0000000000000011 f9  0x7ff8000000000000
core   0: 0x0000000080004630 (0x22c98ad3) fsgnj.d fs5, fs3, fa2
core   0: 1 0x0000000080004630 (0x22c98ad3) f21 0x800000007ffffd4f
core   0: 0x0000000080004634 (0xc02c7bd3) fcvt.l.s s7, fs8
core   0: 1 0x0000000080004634 (0xc02c7bd3) c1_fflags 0x0000000000000011 x23 0x7fffffffffffffff
core   0: 0x0000000080004638 (0x001e1d9b) slliw   s11, t3, 1
core   0: 1 0x0000000080004638 (0x001e1d9b) x27 0xfffffffffffffffe
core   0: 0x000000008000463c (0x23ff7b43) fmadd.d fs6, ft10, ft11, ft4
core   0: 1 0x000000008000463c (0x23ff7b43) f22 0x7ff8000000000000
core   0: 0x0000000080004640 (0x03be9433) mulh    s0, t4, s11
core   0: 1 0x0000000080004640 (0x03be9433) x8  0x0000000000000000
core   0: 0x0000000080004644 (0x03177033) remu    zero, a4, a7
core   0: 1 0x0000000080004644 (0x03177033)
core   0: 0x0000000080004648 (0xf20c0453) fmv.d.x fs0, s8
core   0: 1 0x0000000080004648 (0xf20c0453) f8  0x000000008000604a
core   0: 0x000000008000464c (0x000084f2) c.mv    s1, t3
core   0: 1 0x000000008000464c (0x84f2) x9  0x7fffffffffffffff
core   0: 0x000000008000464e (0x0074da33) srl     s4, s1, t2
core   0: 1 0x000000008000464e (0x0074da33) x20 0x7fffffffffffffff
core   0: 0x0000000080004652 (0x416e5d1b) sraiw   s10, t3, 22
core   0: 1 0x0000000080004652 (0x416e5d1b) x26 0xffffffffffffffff
core   0: 0x0000000080004656 (0x000a5913) srli    s2, s4, 0
core   0: 1 0x0000000080004656 (0x000a5913) x18 0x7fffffffffffffff
core   0: 0x000000008000465a (0x01a92db3) slt     s11, s2, s10
core   0: 1 0x000000008000465a (0x01a92db3) x27 0x0000000000000000
core   0: 0x000000008000465e (0x13bafdd3) fmul.d  fs11, fs5, fs11
core   0: 1 0x000000008000465e (0x13bafdd3) f27 0x7ff8000000000000
core   0: 0x0000000080004662 (0x00000001) c.nop
core   0: 1 0x0000000080004662 (0x0001)
core   0: 0x0000000080004664 (0x02108633) mul     a2, ra, ra
core   0: 1 0x0000000080004664 (0x02108633) x12 0x40004014100a0190
core   0: 0x0000000080004668 (0xfef7b837) lui     a6, 0xfef7b
core   0: 1 0x0000000080004668 (0xfef7b837) x16 0xfffffffffef7b000
core   0: 0x000000008000466c (0x0778081b) addiw   a6, a6, 119
core   0: 1 0x000000008000466c (0x0778081b) x16 0xfffffffffef7b077
core   0: 0x0000000080004670 (0x00000832) c.slli  a6, 12
core   0: 1 0x0000000080004670 (0x0832) x16 0xffffffef7b077000
core   0: 0x0000000080004672 (0xeb280813) addi    a6, a6, -334
core   0: 1 0x0000000080004672 (0xeb280813) x16 0xffffffef7b076eb2
core   0: 0x0000000080004676 (0xd0367c53) fcvt.s.lu fs8, a2
core   0: 1 0x0000000080004676 (0xd0367c53) c1_fflags 0x0000000000000011 f24 0xffffffff5e800080
core   0: 0x000000008000467a (0x00000001) c.nop
core   0: 1 0x000000008000467a (0x0001)
core   0: 0x000000008000467c (0x40025213) srai    tp, tp, 0
core   0: 1 0x000000008000467c (0x40025213) x4  0x00000000d1d74578
core   0: 0x0000000080004680 (0xc02c76d3) fcvt.l.s a3, fs8
core   0: 1 0x0000000080004680 (0xc02c76d3) x13 0x4000400000000000
core   0: 0x0000000080004684 (0x00eb92bb) sllw    t0, s7, a4
core   0: 1 0x0000000080004684 (0x00eb92bb) x5  0xfffffffffffffffc
core   0: 0x0000000080004688 (0x228dfbc7) fmsub.d fs7, fs11, fs0, ft4
core   0: 1 0x0000000080004688 (0x228dfbc7) f23 0x7ff8000000000000
core   0: 0x000000008000468c (0x7ff2cd93) xori    s11, t0, 2047
core   0: 1 0x000000008000468c (0x7ff2cd93) x27 0xfffffffffffff803
core   0: 0x0000000080004690 (0xa2490d53) fle.d   s10, fs2, ft4
core   0: 1 0x0000000080004690 (0xa2490d53) c1_fflags 0x0000000000000011 x26 0x0000000000000000
core   0: 0x0000000080004694 (0xc0227553) fcvt.l.s a0, ft4
core   0: 1 0x0000000080004694 (0xc0227553) c1_fflags 0x0000000000000011 x10 0x7fffffffffffffff
core   0: 0x0000000080004698 (0xc03477d3) fcvt.lu.s a5, fs0
core   0: 1 0x0000000080004698 (0xc03477d3) c1_fflags 0x0000000000000011 x15 0xffffffffffffffff
core   0: 0x000000008000469c (0x2372add3) fsgnjx.d fs11, ft5, fs7
core   0: 1 0x000000008000469c (0x2372add3) f27 0x7ff8000000000000
core   0: 0x00000000800046a0 (0x7acc70c3) fmadd.d ft1, fs8, fa2, fa5
core   0: 1 0x00000000800046a0 (0x7acc70c3) f1  0x7ff8000000000000
core   0: 0x00000000800046a4 (0x2b7d1653) fmax.d  fa2, fs10, fs7
core   0: 1 0x00000000800046a4 (0x2b7d1653) f12 0x41d6bf3438400000
core   0: 0x00000000800046a8 (0x03b9fdd3) fadd.d  fs11, fs3, fs11
core   0: 1 0x00000000800046a8 (0x03b9fdd3) f27 0x7ff8000000000000
core   0: 0x00000000800046ac (0x00178813) addi    a6, a5, 1
core   0: 1 0x00000000800046ac (0x00178813) x16 0x0000000000000000
core   0: 0x00000000800046b0 (0x020b7033) remu    zero, s6, zero
core   0: 1 0x00000000800046b0 (0x020b7033)
core   0: 0x00000000800046b4 (0x42098953) fcvt.d.s fs2, fs3
core   0: 1 0x00000000800046b4 (0x42098953) f18 0x7ff8000000000000
core   0: 0x00000000800046b8 (0x80086113) ori     sp, a6, -2048
core   0: 1 0x00000000800046b8 (0x80086113) x2  0xfffffffffffff800
core   0: 0x00000000800046bc (0x00079e93) slli    t4, a5, 0
core   0: 1 0x00000000800046bc (0x00079e93) x29 0xffffffffffffffff
core   0: 0x00000000800046c0 (0xd20784d3) fcvt.d.w fs1, a5
core   0: 1 0x00000000800046c0 (0xd20784d3) f9  0xbff0000000000000
core   0: 0x00000000800046c4 (0xc06af8f3) csrrci  a7, hpmcounter6, 21
core   0: exception trap_illegal_instruction, epc 0x00000000800046c4
core   0:           tval 0x00000000c06af8f3
core   0: >>>>  $xrv64i2p1_m2p0_a2p1_f2p2_d2p2_zicsr2p0_zifencei2p0_zmmul1p0_zba1p0_zbb1p0_zbc1p0_zbs1p0
core   0: 0x0000000080004000 (0x0080006f) j       pc + 0x8
core   0: 3 0x0000000080004000 (0x0080006f)
core   0: >>>>  mmode_exception_handler
core   0: 0x0000000080004008 (0x00002c17) auipc   s8, 0x2
core   0: 3 0x0000000080004008 (0x00002c17) x24 0x0000000080006008
core   0: 0x000000008000400c (0x042c0c13) addi    s8, s8, 66
core   0: 3 0x000000008000400c (0x042c0c13) x24 0x000000008000604a
core   0: 0x0000000080004010 (0x000c00e7) jalr    s8
core   0: 3 0x0000000080004010 (0x000c00e7) x1  0x0000000080004014
core   0: >>>>  any_handler
core   0: 0x000000008000604a (0x341027f3) csrrs   a5, mepc, zero
core   0: 3 0x000000008000604a (0x341027f3) x15 0x00000000800046c4
core   0: 0x000000008000604e (0x34202773) csrrs   a4, mcause, zero
core   0: 3 0x000000008000604e (0x34202773) x14 0x0000000000000002
core   0: 0x0000000080006052 (0x142026f3) csrrs   a3, scause, zero
core   0: 3 0x0000000080006052 (0x142026f3) x13 0x0000000000000000
core   0: 0x0000000080006056 (0x30402673) csrrs   a2, mie, zero
core   0: 3 0x0000000080006056 (0x30402673) x12 0x0000000000000a00
core   0: 0x000000008000605a (0x344025f3) csrrs   a1, mip, zero
core   0: 3 0x000000008000605a (0x344025f3) x11 0x0000000000000080
core   0: 0x000000008000605e (0x343025f3) csrrs   a1, mtval, zero
core   0: 3 0x000000008000605e (0x343025f3) x11 0x00000000c06af8f3
core   0: 0x0000000080006062 (0x14302573) csrrs   a0, stval, zero
core   0: 3 0x0000000080006062 (0x14302573) x10 0x0000000000000000
core   0: 0x0000000080006066 (0xb02024f3) csrrs   s1, minstret, zero
core   0: 3 0x0000000080006066 (0xb02024f3) x9  0x00000000000009d5
core   0: 0x000000008000606a (0x0000a811) c.j     pc + 20
core   0: 3 0x000000008000606a (0xa811)
core   0: >>>>  mepc_4
core   0: 0x000000008000607e (0x00000791) c.addi  a5, 4
core   0: 3 0x000000008000607e (0x0791) x15 0x00000000800046c8
core   0: 0x0000000080006080 (0x34179073) csrrw   zero, mepc, a5
core   0: 3 0x0000000080006080 (0x34179073) c833_mepc 0x00000000800046c8
core   0: 0x0000000080006084 (0x30200073) mret
core   0: 3 0x0000000080006084 (0x30200073) c768_mstatus 0x8000000a00106080
core   0: 0x00000000800046c8 (0x232408d3) fsgnj.d fa7, fs0, fs2
core   0: 1 0x00000000800046c8 (0x232408d3) f17 0x000000008000604a
core   0: 0x00000000800046cc (0x41f15c9b) sraiw   s9, sp, 31
core   0: 1 0x00000000800046cc (0x41f15c9b) x25 0xffffffffffffffff
core   0: 0x00000000800046d0 (0x00000001) c.nop
core   0: 1 0x00000000800046d0 (0x0001)
core   0: 0x00000000800046d2 (0x4004de93) srai    t4, s1, 0
core   0: 1 0x00000000800046d2 (0x4004de93) x29 0x00000000000009d5
core   0: 0x00000000800046d6 (0x2b0c1653) fmax.d  fa2, fs8, fa6
core   0: 1 0x00000000800046d6 (0x2b0c1653) f12 0x7ff8000000000000
core   0: 0x00000000800046da (0xc204f653) fcvt.w.d a2, fs1
core   0: 1 0x00000000800046da (0xc204f653) x12 0xffffffffffffffff
core   0: 0x00000000800046de (0x0104de33) srl     t3, s1, a6
core   0: 1 0x00000000800046de (0x0104de33) x28 0x00000000000009d5
core   0: 0x00000000800046e2 (0xc024f253) fcvt.l.s tp, fs1
core   0: 1 0x00000000800046e2 (0xc024f253) c1_fflags 0x0000000000000011 x4  0x7fffffffffffffff
core   0: 0x00000000800046e6 (0xd03cf2d3) fcvt.s.lu ft5, s9
core   0: 1 0x00000000800046e6 (0xd03cf2d3) c1_fflags 0x0000000000000011 f5  0xffffffff5f800000
core   0: 0x00000000800046ea (0xf20c88d3) fmv.d.x fa7, s9
core   0: 1 0x00000000800046ea (0xf20c88d3) f17 0xffffffffffffffff
core   0: 0x00000000800046ee (0x224796d3) fsgnjn.d fa3, fa5, ft4
core   0: 1 0x00000000800046ee (0x224796d3) f13 0xbff0000000000000
core   0: 0x00000000800046f2 (0x01fa5d1b) srliw   s10, s4, 31
core   0: 1 0x00000000800046f2 (0x01fa5d1b) x26 0x0000000000000001
core   0: 0x00000000800046f6 (0x023b6b3b) remw    s6, s6, gp
core   0: 1 0x00000000800046f6 (0x023b6b3b) x22 0xffffffffffffffed
core   0: 0x00000000800046fa (0x2641f213) andi    tp, gp, 612
core   0: 1 0x00000000800046fa (0x2641f213) x4  0x0000000000000000
core   0: 0x00000000800046fe (0x028150b3) divu    ra, sp, s0
core   0: 1 0x00000000800046fe (0x028150b3) x1  0xffffffffffffffff
core   0: 0x0000000080004702 (0x6af373cf) fnmadd.d ft7, ft6, fa5, fa3
core   0: 1 0x0000000080004702 (0x6af373cf) f7  0x7ff8000000000000
core   0: 0x0000000080004706 (0x001a0a93) addi    s5, s4, 1
core   0: 1 0x0000000080004706 (0x001a0a93) x21 0x8000000000000000
core   0: 0x000000008000470a (0x0396f353) fadd.d  ft6, fa3, fs9
core   0: 1 0x000000008000470a (0x0396f353) f6  0x41dffffb32400000
core   0: 0x000000008000470e (0x011974b3) and     s1, s2, a7
core   0: 1 0x000000008000470e (0x011974b3) x9  0x7ffffffffffffff0
core   0: 0x0000000080004712 (0xc034bc73) csrrc   s8, hpmcounter3, s1
core   0: exception trap_illegal_instruction, epc 0x0000000080004712
core   0:           tval 0x00000000c034bc73
core   0: >>>>  $xrv64i2p1_m2p0_a2p1_f2p2_d2p2_zicsr2p0_zifencei2p0_zmmul1p0_zba1p0_zbb1p0_zbc1p0_zbs1p0
core   0: 0x0000000080004000 (0x0080006f) j       pc + 0x8
core   0: 3 0x0000000080004000 (0x0080006f)
core   0: >>>>  mmode_exception_handler
core   0: 0x0000000080004008 (0x00002c17) auipc   s8, 0x2
core   0: 3 0x0000000080004008 (0x00002c17) x24 0x0000000080006008
core   0: 0x000000008000400c (0x042c0c13) addi    s8, s8, 66
core   0: 3 0x000000008000400c (0x042c0c13) x24 0x000000008000604a
core   0: 0x0000000080004010 (0x000c00e7) jalr    s8
core   0: 3 0x0000000080004010 (0x000c00e7) x1  0x0000000080004014
core   0: >>>>  any_handler
core   0: 0x000000008000604a (0x341027f3) csrrs   a5, mepc, zero
core   0: 3 0x000000008000604a (0x341027f3) x15 0x0000000080004712
core   0: 0x000000008000604e (0x34202773) csrrs   a4, mcause, zero
core   0: 3 0x000000008000604e (0x34202773) x14 0x0000000000000002
core   0: 0x0000000080006052 (0x142026f3) csrrs   a3, scause, zero
core   0: 3 0x0000000080006052 (0x142026f3) x13 0x0000000000000000
core   0: 0x0000000080006056 (0x30402673) csrrs   a2, mie, zero
core   0: 3 0x0000000080006056 (0x30402673) x12 0x0000000000000a00
core   0: 0x000000008000605a (0x344025f3) csrrs   a1, mip, zero
core   0: 3 0x000000008000605a (0x344025f3) x11 0x0000000000000080
core   0: 0x000000008000605e (0x343025f3) csrrs   a1, mtval, zero
core   0: 3 0x000000008000605e (0x343025f3) x11 0x00000000c034bc73
core   0: 0x0000000080006062 (0x14302573) csrrs   a0, stval, zero
core   0: 3 0x0000000080006062 (0x14302573) x10 0x0000000000000000
core   0: 0x0000000080006066 (0xb02024f3) csrrs   s1, minstret, zero
core   0: 3 0x0000000080006066 (0xb02024f3) x9  0x00000000000009f8
core   0: 0x000000008000606a (0x0000a811) c.j     pc + 20
core   0: 3 0x000000008000606a (0xa811)
core   0: >>>>  mepc_4
core   0: 0x000000008000607e (0x00000791) c.addi  a5, 4
core   0: 3 0x000000008000607e (0x0791) x15 0x0000000080004716
core   0: 0x0000000080006080 (0x34179073) csrrw   zero, mepc, a5
core   0: 3 0x0000000080006080 (0x34179073) c833_mepc 0x0000000080004716
core   0: 0x0000000080006084 (0x30200073) mret
core   0: 3 0x0000000080006084 (0x30200073) c768_mstatus 0x8000000a00106080
core   0: 0x0000000080004716 (0x038b4433) div     s0, s6, s8
core   0: 1 0x0000000080004716 (0x038b4433) x8  0x0000000000000000
core   0: 0x000000008000471a (0x03d3e533) rem     a0, t2, t4
core   0: 1 0x000000008000471a (0x03d3e533) x10 0x0000000000000000
core   0: 0x000000008000471e (0x00035493) srli    s1, t1, 0
core   0: 1 0x000000008000471e (0x00035493) x9  0x0000000000000000
core   0: 0x0000000080004722 (0x40a4d833) sra     a6, s1, a0
core   0: 1 0x0000000080004722 (0x40a4d833) x16 0x0000000000000000
core   0: 0x0000000080004726 (0x1440dcf3) csrrwi  s9, sip, 1
core   0: 1 0x0000000080004726 (0x1440dcf3) x25 0x0000000000000000 c836_mip 0x0000000000000080
core   0: 0x000000008000472a (0xe2088a53) fmv.x.d s4, fa7
core   0: 1 0x000000008000472a (0xe2088a53) x20 0xffffffffffffffff
core   0: 0x000000008000472e (0x01c5c833) xor     a6, a1, t3
core   0: 1 0x000000008000472e (0x01c5c833) x16 0x00000000c034b5a6
core   0: 0x0000000080004732 (0xd03a7dd3) fcvt.s.lu fs11, s4
core   0: 1 0x0000000080004732 (0xd03a7dd3) c1_fflags 0x0000000000000011 f27 0xffffffff5f800000
core   0: 0x0000000080004736 (0x41b8d93b) sraw    s2, a7, s11
core   0: 1 0x0000000080004736 (0x41b8d93b) x18 0xfffffffffffffffe
core   0: 0x000000008000473a (0x4008581b) sraiw   a6, a6, 0
core   0: 1 0x000000008000473a (0x4008581b) x16 0xffffffffc034b5a6
core   0: 0x000000008000473e (0x001580bb) addw    ra, a1, ra
core   0: 1 0x000000008000473e (0x001580bb) x1  0x000000004034fc87
core   0: 0x0000000080004742 (0x0395c63b) divw    a2, a1, s9
core   0: 1 0x0000000080004742 (0x0395c63b) x12 0xffffffffffffffff
core   0: 0x0000000080004746 (0x40127853) fcvt.s.d fa6, ft4
core   0: 1 0x0000000080004746 (0x40127853) f16 0xffffffff7fc00000
core   0: 0x000000008000474a (0x3683011b) addiw   sp, t1, 872
core   0: 1 0x000000008000474a (0x3683011b) x2  0x0000000000000368
core   0: 0x000000008000474e (0x0212f2bb) remuw   t0, t0, ra
core   0: 1 0x000000008000474e (0x0212f2bb) x5  0x000000003f610a67
core   0: 0x0000000080004752 (0x00c615bb) sllw    a1, a2, a2
core   0: 1 0x0000000080004752 (0x00c615bb) x11 0xffffffff80000000
core   0: 0x0000000080004756 (0xc226fbd3) fcvt.l.d s7, fa3
core   0: 1 0x0000000080004756 (0xc226fbd3) x23 0xffffffffffffffff
core   0: 0x000000008000475a (0x00019a93) slli    s5, gp, 0
core   0: 1 0x000000008000475a (0x00019a93) x21 0xffffffffffffd000
core   0: 0x000000008000475e (0x0a427b53) fsub.d  fs6, ft4, ft4
core   0: 1 0x000000008000475e (0x0a427b53) f22 0x7ff8000000000000
core   0: 0x0000000080004762 (0xc02df753) fcvt.l.s a4, fs11
core   0: 1 0x0000000080004762 (0xc02df753) c1_fflags 0x0000000000000011 x14 0x7fffffffffffffff
core   0: 0x0000000080004766 (0x416ade93) srai    t4, s5, 22
core   0: 1 0x0000000080004766 (0x416ade93) x29 0xffffffffffffffff
core   0: 0x000000008000476a (0x0225b0b3) mulhu   ra, a1, sp
core   0: 1 0x000000008000476a (0x0225b0b3) x1  0x0000000000000367
core   0: 0x000000008000476e (0x00b157b7) lui     a5, 0xb15
core   0: 1 0x000000008000476e (0x00b157b7) x15 0x0000000000b15000
core   0: 0x0000000080004772 (0xd797879b) addiw   a5, a5, -647
core   0: 1 0x0000000080004772 (0xd797879b) x15 0x0000000000b14d79
core   0: 0x0000000080004776 (0x000007be) c.slli  a5, 15
core   0: 1 0x0000000080004776 (0x07be) x15 0x00000058a6bc8000
core   0: 0x0000000080004778 (0x97e78793) addi    a5, a5, -1666
core   0: 1 0x0000000080004778 (0x97e78793) x15 0x00000058a6bc797e
core   0: 0x000000008000477c (0xd21d8953) fcvt.d.wu fs2, s11
core   0: 1 0x000000008000477c (0xd21d8953) f18 0x41efffff00600000
core   0: 0x0000000080004780 (0xc1c08013) addi    zero, ra, -996
core   0: 1 0x0000000080004780 (0xc1c08013)
core   0: 0x0000000080004784 (0x00000001) c.nop
core   0: 1 0x0000000080004784 (0x0001)
core   0: 0x0000000080004786 (0xa30d0bd3) fle.d   s7, fs10, fa6
core   0: 1 0x0000000080004786 (0xa30d0bd3) c1_fflags 0x0000000000000011 x23 0x0000000000000000
core   0: 0x000000008000478a (0x00000001) c.nop
core   0: 1 0x000000008000478a (0x0001)
core   0: 0x000000008000478c (0x22a87813) andi    a6, a6, 554
core   0: 1 0x000000008000478c (0x22a87813) x16 0x0000000000000022
core   0: 0x0000000080004790 (0xa30c0d53) fle.d   s10, fs8, fa6
core   0: 1 0x0000000080004790 (0xa30c0d53) c1_fflags 0x0000000000000011 x26 0x0000000000000000
core   0: 0x0000000080004794 (0x4108573b) sraw    a4, a6, a6
core   0: 1 0x0000000080004794 (0x4108573b) x14 0x0000000000000008
core   0: 0x0000000080004798 (0x420787d3) fcvt.d.s fa5, fa5
core   0: 1 0x0000000080004798 (0x420787d3) f15 0x7ff8000000000000
core   0: 0x000000008000479c (0x0b25f5d3) fsub.d  fa1, fa1, fs2
core   0: 1 0x000000008000479c (0x0b25f5d3) f11 0xc1efffff00600000
core   0: 0x00000000800047a0 (0x030d79bb) remuw   s3, s10, a6
core   0: 1 0x00000000800047a0 (0x030d79bb) x19 0x0000000000000000
core   0: 0x00000000800047a4 (0xfff80b13) addi    s6, a6, -1
core   0: 1 0x00000000800047a4 (0xfff80b13) x22 0x0000000000000021
core   0: 0x00000000800047a8 (0x40eeddbb) sraw    s11, t4, a4
core   0: 1 0x00000000800047a8 (0x40eeddbb) x27 0xffffffffffffffff
core   0: 0x00000000800047ac (0xfff98493) addi    s1, s3, -1
core   0: 1 0x00000000800047ac (0xfff98493) x9  0xffffffffffffffff
core   0: 0x00000000800047b0 (0x00179af3) csrrw   s5, fflags, a5
core   0: 1 0x00000000800047b0 (0x00179af3) x21 0x0000000000000011 c1_fflags 0x000000000000001e
core   0: 0x00000000800047b4 (0x22c30bd3) fsgnj.d fs7, ft6, fa2
core   0: 1 0x00000000800047b4 (0x22c30bd3) f23 0x41dffffb32400000
core   0: 0x00000000800047b8 (0x00251573) csrrw   a0, frm, a0
core   0: 1 0x00000000800047b8 (0x00251573) x10 0x0000000000000000 c2_frm 0x0000000000000000
core   0: 0x00000000800047bc (0x02f5c6bb) divw    a3, a1, a5
core   0: 1 0x00000000800047bc (0x02f5c6bb) x13 0x0000000000000001
core   0: 0x00000000800047c0 (0x3407bcf3) csrrc   s9, mscratch, a5
core   0: exception trap_illegal_instruction, epc 0x00000000800047c0
core   0:           tval 0x000000003407bcf3
core   0: >>>>  $xrv64i2p1_m2p0_a2p1_f2p2_d2p2_zicsr2p0_zifencei2p0_zmmul1p0_zba1p0_zbb1p0_zbc1p0_zbs1p0
core   0: 0x0000000080004000 (0x0080006f) j       pc + 0x8
core   0: 3 0x0000000080004000 (0x0080006f)
core   0: >>>>  mmode_exception_handler
core   0: 0x0000000080004008 (0x00002c17) auipc   s8, 0x2
core   0: 3 0x0000000080004008 (0x00002c17) x24 0x0000000080006008
core   0: 0x000000008000400c (0x042c0c13) addi    s8, s8, 66
core   0: 3 0x000000008000400c (0x042c0c13) x24 0x000000008000604a
core   0: 0x0000000080004010 (0x000c00e7) jalr    s8
core   0: 3 0x0000000080004010 (0x000c00e7) x1  0x0000000080004014
core   0: >>>>  any_handler
core   0: 0x000000008000604a (0x341027f3) csrrs   a5, mepc, zero
core   0: 3 0x000000008000604a (0x341027f3) x15 0x00000000800047c0
core   0: 0x000000008000604e (0x34202773) csrrs   a4, mcause, zero
core   0: 3 0x000000008000604e (0x34202773) x14 0x0000000000000002
core   0: 0x0000000080006052 (0x142026f3) csrrs   a3, scause, zero
core   0: 3 0x0000000080006052 (0x142026f3) x13 0x0000000000000000
core   0: 0x0000000080006056 (0x30402673) csrrs   a2, mie, zero
core   0: 3 0x0000000080006056 (0x30402673) x12 0x0000000000000a00
core   0: 0x000000008000605a (0x344025f3) csrrs   a1, mip, zero
core   0: 3 0x000000008000605a (0x344025f3) x11 0x0000000000000080
core   0: 0x000000008000605e (0x343025f3) csrrs   a1, mtval, zero
core   0: 3 0x000000008000605e (0x343025f3) x11 0x000000003407bcf3
core   0: 0x0000000080006062 (0x14302573) csrrs   a0, stval, zero
core   0: 3 0x0000000080006062 (0x14302573) x10 0x0000000000000000
core   0: 0x0000000080006066 (0xb02024f3) csrrs   s1, minstret, zero
core   0: 3 0x0000000080006066 (0xb02024f3) x9  0x0000000000000a34
core   0: 0x000000008000606a (0x0000a811) c.j     pc + 20
core   0: 3 0x000000008000606a (0xa811)
core   0: >>>>  mepc_4
core   0: 0x000000008000607e (0x00000791) c.addi  a5, 4
core   0: 3 0x000000008000607e (0x0791) x15 0x00000000800047c4
core   0: 0x0000000080006080 (0x34179073) csrrw   zero, mepc, a5
core   0: 3 0x0000000080006080 (0x34179073) c833_mepc 0x00000000800047c4
core   0: 0x0000000080006084 (0x30200073) mret
core   0: 3 0x0000000080006084 (0x30200073) c768_mstatus 0x8000000a00106080
core   0: 0x00000000800047c4 (0x02ac8a3b) mulw    s4, s9, a0
core   0: 1 0x00000000800047c4 (0x02ac8a3b) x20 0x0000000000000000
core   0: 0x00000000800047c8 (0x02758db3) mul     s11, a1, t2
core   0: 1 0x00000000800047c8 (0x02758db3) x27 0x0000000000000000
core   0: 0x00000000800047cc (0x1b1b7653) fdiv.d  fa2, fs6, fa7
core   0: 1 0x00000000800047cc (0x1b1b7653) f12 0x7ff8000000000000
core   0: 0x00000000800047d0 (0x00000001) c.nop
core   0: 1 0x00000000800047d0 (0x0001)
core   0: 0x00000000800047d2 (0x00d46e33) or      t3, s0, a3
core   0: 1 0x00000000800047d2 (0x00d46e33) x28 0x0000000000000000
core   0: 0x00000000800047d6 (0xc21e73d3) fcvt.wu.d t2, ft8
core   0: 1 0x00000000800047d6 (0xc21e73d3) c1_fflags 0x000000000000001e x7  0xffffffffffffffff
core   0: 0x00000000800047da (0x01007ab3) and     s5, zero, a6
core   0: 1 0x00000000800047da (0x01007ab3) x21 0x0000000000000000
core   0: 0x00000000800047de (0xd238f253) fcvt.d.lu ft4, a7
core   0: 1 0x00000000800047de (0xd238f253) c1_fflags 0x000000000000001f f4  0x43f0000000000000
core   0: 0x00000000800047e2 (0xc02dfed3) fcvt.l.s t4, fs11
core   0: 1 0x00000000800047e2 (0xc02dfed3) c1_fflags 0x000000000000001f x29 0x7fffffffffffffff
core   0: 0x00000000800047e6 (0x417d5b3b) sraw    s6, s10, s7
core   0: 1 0x00000000800047e6 (0x417d5b3b) x22 0x0000000000000000
core   0: 0x00000000800047ea (0x0361c0b3) div     ra, gp, s6
core   0: 1 0x00000000800047ea (0x0361c0b3) x1  0xffffffffffffffff
core   0: 0x00000000800047ee (0xe20d8dd3) fmv.x.d s11, fs11
core   0: 1 0x00000000800047ee (0xe20d8dd3) x27 0xffffffff5f800000
core   0: 0x00000000800047f2 (0x0394c4bb) divw    s1, s1, s9
core   0: 1 0x00000000800047f2 (0x0394c4bb) x9  0xffffffffffffffff
core   0: 0x00000000800047f6 (0x0198083b) addw    a6, a6, s9
core   0: 1 0x00000000800047f6 (0x0198083b) x16 0x0000000000000022
core   0: 0x00000000800047fa (0x019bd53b) srlw    a0, s7, s9
core   0: 1 0x00000000800047fa (0x019bd53b) x10 0x0000000000000000
core   0: 0x00000000800047fe (0x00000001) c.nop
core   0: 1 0x00000000800047fe (0x0001)
core   0: 0x0000000080004800 (0x02351393) slli    t2, a0, 35
core   0: 1 0x0000000080004800 (0x02351393) x7  0x0000000000000000
core   0: 0x0000000080004804 (0x0b477753) fsub.d  fa4, fa4, fs4
core   0: 1 0x0000000080004804 (0x0b477753) f14 0x7ff8000000000000
core   0: 0x0000000080004808 (0x00b4971b) slliw   a4, s1, 11
core   0: 1 0x0000000080004808 (0x00b4971b) x14 0xfffffffffffff800
core   0: 0x000000008000480c (0x00e4d5bb) srlw    a1, s1, a4
core   0: 1 0x000000008000480c (0x00e4d5bb) x11 0xffffffffffffffff
core   0: 0x0000000080004810 (0x143066f3) csrrsi  a3, stval, 0
core   0: 1 0x0000000080004810 (0x143066f3) x13 0x0000000000000000
core   0: 0x0000000080004814 (0x8116d0b7) lui     ra, 0x8116d
core   0: 1 0x0000000080004814 (0x8116d0b7) x1  0xffffffff8116d000
core   0: 0x0000000080004818 (0x021a94b3) mulh    s1, s5, ra
core   0: 1 0x0000000080004818 (0x021a94b3) x9  0x0000000000000000
core   0: 0x000000008000481c (0x00249073) csrrw   zero, frm, s1
core   0: 1 0x000000008000481c (0x00249073) c2_frm 0x0000000000000000
core   0: 0x0000000080004820 (0x00e079b3) and     s3, zero, a4
core   0: 1 0x0000000080004820 (0x00e079b3) x19 0x0000000000000000
core   0: 0x0000000080004824 (0x037b8bbb) mulw    s7, s7, s7
core   0: 1 0x0000000080004824 (0x037b8bbb) x23 0x0000000000000000
core   0: 0x0000000080004828 (0x41878ebb) subw    t4, a5, s8
core   0: 1 0x0000000080004828 (0x41878ebb) x29 0xffffffffffffe77a
core   0: 0x000000008000482c (0x00202673) csrrs   a2, frm, zero
core   0: 1 0x000000008000482c (0x00202673) x12 0x0000000000000000
core   0: 0x0000000080004830 (0x4069519b) sraiw   gp, s2, 6
core   0: 1 0x0000000080004830 (0x4069519b) x3  0xffffffffffffffff
core   0: 0x0000000080004834 (0x221d20d3) fsgnjx.d ft1, fs10, ft1
core   0: 1 0x0000000080004834 (0x221d20d3) f1  0x41d6bf3438400000
core   0: 0x0000000080004838 (0x00da949b) slliw   s1, s5, 13
core   0: 1 0x0000000080004838 (0x00da949b) x9  0x0000000000000000
core   0: 0x000000008000483c (0x000add9b) srliw   s11, s5, 0
core   0: 1 0x000000008000483c (0x000add9b) x27 0x0000000000000000
core   0: 0x0000000080004840 (0x0843839b) addiw   t2, t2, 132
core   0: 1 0x0000000080004840 (0x0843839b) x7  0x0000000000000084
core   0: 0x0000000080004844 (0xc2277bd3) fcvt.l.d s7, fa4
core   0: 1 0x0000000080004844 (0xc2277bd3) c1_fflags 0x000000000000001f x23 0x7fffffffffffffff
core   0: 0x0000000080004848 (0x7cad881b) addiw   a6, s11, 1994
core   0: 1 0x0000000080004848 (0x7cad881b) x16 0x00000000000007ca
core   0: 0x000000008000484c (0x030427b3) mulhsu  a5, s0, a6
core   0: 1 0x000000008000484c (0x030427b3) x15 0x0000000000000000
core   0: 0x0000000080004850 (0x00f15993) srli    s3, sp, 15
core   0: 1 0x0000000080004850 (0x00f15993) x19 0x0000000000000000
core   0: 0x0000000080004854 (0x41755bb3) sra     s7, a0, s7
core   0: 1 0x0000000080004854 (0x41755bb3) x23 0x0000000000000000
core   0: 0x0000000080004858 (0x0052a133) slt     sp, t0, t0
core   0: 1 0x0000000080004858 (0x0052a133) x2  0x0000000000000000
core   0: 0x000000008000485c (0x003516bb) sllw    a3, a0, gp
core   0: 1 0x000000008000485c (0x003516bb) x13 0x0000000000000000
core   0: 0x0000000080004860 (0x00865013) srli    zero, a2, 8
core   0: 1 0x0000000080004860 (0x00865013)
core   0: 0x0000000080004864 (0x00b9de1b) srliw   t3, s3, 11
core   0: 1 0x0000000080004864 (0x00b9de1b) x28 0x0000000000000000
core   0: 0x0000000080004868 (0x005293bb) sllw    t2, t0, t0
core   0: 1 0x0000000080004868 (0x005293bb) x7  0xffffffffb0853380
core   0: 0x000000008000486c (0x0255753b) remuw   a0, a0, t0
core   0: 1 0x000000008000486c (0x0255753b) x10 0x0000000000000000
core   0: 0x0000000080004870 (0xc20273d3) fcvt.w.d t2, ft4
core   0: 1 0x0000000080004870 (0xc20273d3) c1_fflags 0x000000000000001f x7  0x000000007fffffff
core   0: 0x0000000080004874 (0x001b1273) csrrw   tp, fflags, s6
core   0: 1 0x0000000080004874 (0x001b1273) x4  0x000000000000001f c1_fflags 0x0000000000000000
core   0: 0x0000000080004878 (0x7ff4831b) addiw   t1, s1, 2047
core   0: 1 0x0000000080004878 (0x7ff4831b) x6  0x00000000000007ff
core   0: 0x000000008000487c (0x016eab33) slt     s6, t4, s6
core   0: 1 0x000000008000487c (0x016eab33) x22 0x0000000000000001
core   0: 0x0000000080004880 (0x00008ad6) c.mv    s5, s5
core   0: 1 0x0000000080004880 (0x8ad6) x21 0x0000000000000000
core   0: 0x0000000080004882 (0xc0bb059b) addiw   a1, s6, -1013
core   0: 1 0x0000000080004882 (0xc0bb059b) x11 0xfffffffffffffc0c
core   0: 0x0000000080004886 (0x031eab33) mulhsu  s6, t4, a7
core   0: 1 0x0000000080004886 (0x031eab33) x22 0xffffffffffffe77a
core   0: 0x000000008000488a (0x01f7181b) slliw   a6, a4, 31
core   0: 1 0x000000008000488a (0x01f7181b) x16 0x0000000000000000
core   0: 0x000000008000488e (0x41c1513b) sraw    sp, sp, t3
core   0: 1 0x000000008000488e (0x41c1513b) x2  0x0000000000000000
core   0: 0x0000000080004892 (0x0ff0000f) fence   iorw,iorw
core   0: 1 0x0000000080004892 (0x0ff0000f)
core   0: 0x0000000080004896 (0x43e0f4c7) fmsub.d fs1, ft1, ft10, fs0
core   0: 1 0x0000000080004896 (0x43e0f4c7) f9  0x7ff8000000000000
core   0: 0x000000008000489a (0x03a2d433) divu    s0, t0, s10
core   0: 1 0x000000008000489a (0x03a2d433) x8  0xffffffffffffffff
core   0: 0x000000008000489e (0x00102c73) csrrs   s8, fflags, zero
core   0: 1 0x000000008000489e (0x00102c73) x24 0x0000000000000000
core   0: 0x00000000800048a2 (0xd2138ed3) fcvt.d.wu ft9, t2
core   0: 1 0x00000000800048a2 (0xd2138ed3) f29 0x41dfffffffc00000
core   0: 0x00000000800048a6 (0xfff14993) not     s3, sp
core   0: 1 0x00000000800048a6 (0xfff14993) x19 0xffffffffffffffff
core   0: 0x00000000800048aa (0x0395edb3) rem     s11, a1, s9
core   0: 1 0x00000000800048aa (0x0395edb3) x27 0xfffffffffffffc0c
core   0: 0x00000000800048ae (0xe3807317) auipc   t1, 0xe3807
core   0: 1 0x00000000800048ae (0xe3807317) x6  0x000000006380b8ae
core   0: 0x00000000800048b2 (0x2abf17d3) fmax.d  fa5, ft10, fa1
core   0: 1 0x00000000800048b2 (0x2abf17d3) f15 0xc1efffff00600000
core   0: 0x00000000800048b6 (0x4055813b) subw    sp, a1, t0
core   0: 1 0x00000000800048b6 (0x4055813b) x2  0xffffffffc09ef1a5
core   0: 0x00000000800048ba (0x02005033) divu    zero, zero, zero
core   0: 1 0x00000000800048ba (0x02005033)
core   0: 0x00000000800048be (0x00000001) c.nop
core   0: 1 0x00000000800048be (0x0001)
core   0: 0x00000000800048c0 (0x401efe53) fcvt.s.d ft8, ft9
core   0: 1 0x00000000800048c0 (0x401efe53) c1_fflags 0x0000000000000001 f28 0xffffffff4f000000
core   0: 0x00000000800048c4 (0xa29b8253) fle.d   tp, fs7, fs1
core   0: 1 0x00000000800048c4 (0xa29b8253) c1_fflags 0x0000000000000011 x4  0x0000000000000000
core   0: 0x00000000800048c8 (0x03039993) slli    s3, t2, 48
core   0: 1 0x00000000800048c8 (0x03039993) x19 0xffff000000000000
core   0: 0x00000000800048cc (0x0367c7bb) divw    a5, a5, s6
core   0: 1 0x00000000800048cc (0x0367c7bb) x15 0x0000000000000000
core   0: 0x00000000800048d0 (0x00102773) csrrs   a4, fflags, zero
core   0: 1 0x00000000800048d0 (0x00102773) x14 0x0000000000000011
core   0: 0x00000000800048d4 (0x0ab57553) fsub.d  fa0, fa0, fa1
core   0: 1 0x00000000800048d4 (0x0ab57553) f10 0x7ff8000000000000
core   0: 0x00000000800048d8 (0xfec2acb7) lui     s9, 0xfec2a
core   0: 1 0x00000000800048d8 (0xfec2acb7) x25 0xfffffffffec2a000
core   0: 0x00000000800048dc (0x877c8c9b) addiw   s9, s9, -1929
core   0: 1 0x00000000800048dc (0x877c8c9b) x25 0xfffffffffec29877
core   0: 0x00000000800048e0 (0x00000cba) c.slli  s9, 14
core   0: 1 0x00000000800048e0 (0x0cba) x25 0xffffffb0a61dc000
core   0: 0x00000000800048e2 (0x00000cb9) c.addi  s9, 14
core   0: 1 0x00000000800048e2 (0x0cb9) x25 0xffffffb0a61dc00e
core   0: 0x00000000800048e4 (0xebe98d9b) addiw   s11, s3, -322
core   0: 1 0x00000000800048e4 (0xebe98d9b) x27 0xfffffffffffffebe
core   0: 0x00000000800048e8 (0xd2160ed3) fcvt.d.wu ft9, a2
core   0: 1 0x00000000800048e8 (0xd2160ed3) f29 0x0000000000000000
core   0: 0x00000000800048ec (0x0002d113) srli    sp, t0, 0
core   0: 1 0x00000000800048ec (0x0002d113) x2  0x000000003f610a67
core   0: 0x00000000800048f0 (0x01045d1b) srliw   s10, s0, 16
core   0: 1 0x00000000800048f0 (0x01045d1b) x26 0x000000000000ffff
core   0: 0x00000000800048f4 (0x2a451fd3) fmax.d  ft11, fa0, ft4
core   0: 1 0x00000000800048f4 (0x2a451fd3) f31 0x43f0000000000000
core   0: 0x00000000800048f8 (0x02d0a0b3) mulhsu  ra, ra, a3
core   0: 1 0x00000000800048f8 (0x02d0a0b3) x1  0x0000000000000000
core   0: 0x00000000800048fc (0x0216b433) mulhu   s0, a3, ra
core   0: 1 0x00000000800048fc (0x0216b433) x8  0x0000000000000000
core   0: 0x0000000080004900 (0x00202cf3) csrrs   s9, frm, zero
core   0: 1 0x0000000080004900 (0x00202cf3) x25 0x0000000000000000
core   0: 0x0000000080004904 (0xb36c7b4f) fnmadd.d fs6, fs8, fs6, fs6
core   0: 1 0x0000000080004904 (0xb36c7b4f) f22 0x7ff8000000000000
core   0: 0x0000000080004908 (0x310d5073) csrrwi  zero, mstatush, 26
core   0: exception trap_illegal_instruction, epc 0x0000000080004908
core   0:           tval 0x00000000310d5073
core   0: >>>>  $xrv64i2p1_m2p0_a2p1_f2p2_d2p2_zicsr2p0_zifencei2p0_zmmul1p0_zba1p0_zbb1p0_zbc1p0_zbs1p0
core   0: 0x0000000080004000 (0x0080006f) j       pc + 0x8
core   0: 3 0x0000000080004000 (0x0080006f)
core   0: >>>>  mmode_exception_handler
core   0: 0x0000000080004008 (0x00002c17) auipc   s8, 0x2
core   0: 3 0x0000000080004008 (0x00002c17) x24 0x0000000080006008
core   0: 0x000000008000400c (0x042c0c13) addi    s8, s8, 66
core   0: 3 0x000000008000400c (0x042c0c13) x24 0x000000008000604a
core   0: 0x0000000080004010 (0x000c00e7) jalr    s8
core   0: 3 0x0000000080004010 (0x000c00e7) x1  0x0000000080004014
core   0: >>>>  any_handler
core   0: 0x000000008000604a (0x341027f3) csrrs   a5, mepc, zero
core   0: 3 0x000000008000604a (0x341027f3) x15 0x0000000080004908
core   0: 0x000000008000604e (0x34202773) csrrs   a4, mcause, zero
core   0: 3 0x000000008000604e (0x34202773) x14 0x0000000000000002
core   0: 0x0000000080006052 (0x142026f3) csrrs   a3, scause, zero
core   0: 3 0x0000000080006052 (0x142026f3) x13 0x0000000000000000
core   0: 0x0000000080006056 (0x30402673) csrrs   a2, mie, zero
core   0: 3 0x0000000080006056 (0x30402673) x12 0x0000000000000a00
core   0: 0x000000008000605a (0x344025f3) csrrs   a1, mip, zero
core   0: 3 0x000000008000605a (0x344025f3) x11 0x0000000000000080
core   0: 0x000000008000605e (0x343025f3) csrrs   a1, mtval, zero
core   0: 3 0x000000008000605e (0x343025f3) x11 0x00000000310d5073
core   0: 0x0000000080006062 (0x14302573) csrrs   a0, stval, zero
core   0: 3 0x0000000080006062 (0x14302573) x10 0x0000000000000000
core   0: 0x0000000080006066 (0xb02024f3) csrrs   s1, minstret, zero
core   0: 3 0x0000000080006066 (0xb02024f3) x9  0x0000000000000a98
core   0: 0x000000008000606a (0x0000a811) c.j     pc + 20
core   0: 3 0x000000008000606a (0xa811)
core   0: >>>>  mepc_4
core   0: 0x000000008000607e (0x00000791) c.addi  a5, 4
core   0: 3 0x000000008000607e (0x0791) x15 0x000000008000490c
core   0: 0x0000000080006080 (0x34179073) csrrw   zero, mepc, a5
core   0: 3 0x0000000080006080 (0x34179073) c833_mepc 0x000000008000490c
core   0: 0x0000000080006084 (0x30200073) mret
core   0: 3 0x0000000080006084 (0x30200073) c768_mstatus 0x8000000a00106080
core   0: 0x000000008000490c (0x02ad0033) mul     zero, s10, a0
core   0: 1 0x000000008000490c (0x02ad0033)
core   0: 0x0000000080004910 (0x000099ce) c.add   s3, s3
core   0: 1 0x0000000080004910 (0x99ce) x19 0xfffe000000000000
core   0: 0x0000000080004912 (0x40040cbb) subw    s9, s0, zero
core   0: 1 0x0000000080004912 (0x40040cbb) x25 0x0000000000000000
core   0: 0x0000000080004916 (0x1b18f8c7) fmsub.d fa7, fa7, fa7, ft3
core   0: 1 0x0000000080004916 (0x1b18f8c7) f17 0x7ff8000000000000
core   0: 0x000000008000491a (0x033b1633) mulh    a2, s6, s3
core   0: 1 0x000000008000491a (0x033b1633) x12 0x0000000000000000
core   0: 0x000000008000491e (0xf2060253) fmv.d.x ft4, a2
core   0: 1 0x000000008000491e (0xf2060253) f4  0x0000000000000000
core   0: 0x0000000080004922 (0x001cf333) and     t1, s9, ra
core   0: 1 0x0000000080004922 (0x001cf333) x6  0x0000000000000000
core   0: 0x0000000080004926 (0xc222f3d3) fcvt.l.d t2, ft5
core   0: 1 0x0000000080004926 (0xc222f3d3) c1_fflags 0x0000000000000011 x7  0x7fffffffffffffff
core   0: 0x000000008000492a (0x0042561b) srliw   a2, tp, 4
core   0: 1 0x000000008000492a (0x0042561b) x12 0x0000000000000000
core   0: 0x000000008000492e (0x00169b13) slli    s6, a3, 1
core   0: 1 0x000000008000492e (0x00169b13) x22 0x0000000000000000
core   0: 0x0000000080004932 (0xd03476d3) fcvt.s.lu fa3, s0
core   0: 1 0x0000000080004932 (0xd03476d3) f13 0xffffffff00000000
core   0: 0x0000000080004936 (0x42068353) fcvt.d.s ft6, fa3
core   0: 1 0x0000000080004936 (0x42068353) f6  0x0000000000000000
core   0: 0x000000008000493a (0xb0289373) csrrw   t1, minstret, a7
core   0: exception trap_illegal_instruction, epc 0x000000008000493a
core   0:           tval 0x00000000b0289373
core   0: >>>>  $xrv64i2p1_m2p0_a2p1_f2p2_d2p2_zicsr2p0_zifencei2p0_zmmul1p0_zba1p0_zbb1p0_zbc1p0_zbs1p0
core   0: 0x0000000080004000 (0x0080006f) j       pc + 0x8
core   0: 3 0x0000000080004000 (0x0080006f)
core   0: >>>>  mmode_exception_handler
core   0: 0x0000000080004008 (0x00002c17) auipc   s8, 0x2
core   0: 3 0x0000000080004008 (0x00002c17) x24 0x0000000080006008
core   0: 0x000000008000400c (0x042c0c13) addi    s8, s8, 66
core   0: 3 0x000000008000400c (0x042c0c13) x24 0x000000008000604a
core   0: 0x0000000080004010 (0x000c00e7) jalr    s8
core   0: 3 0x0000000080004010 (0x000c00e7) x1  0x0000000080004014
core   0: >>>>  any_handler
core   0: 0x000000008000604a (0x341027f3) csrrs   a5, mepc, zero
core   0: 3 0x000000008000604a (0x341027f3) x15 0x000000008000493a
core   0: 0x000000008000604e (0x34202773) csrrs   a4, mcause, zero
core   0: 3 0x000000008000604e (0x34202773) x14 0x0000000000000002
core   0: 0x0000000080006052 (0x142026f3) csrrs   a3, scause, zero
core   0: 3 0x0000000080006052 (0x142026f3) x13 0x0000000000000000
core   0: 0x0000000080006056 (0x30402673) csrrs   a2, mie, zero
core   0: 3 0x0000000080006056 (0x30402673) x12 0x0000000000000a00
core   0: 0x000000008000605a (0x344025f3) csrrs   a1, mip, zero
core   0: 3 0x000000008000605a (0x344025f3) x11 0x0000000000000080
core   0: 0x000000008000605e (0x343025f3) csrrs   a1, mtval, zero
core   0: 3 0x000000008000605e (0x343025f3) x11 0x00000000b0289373
core   0: 0x0000000080006062 (0x14302573) csrrs   a0, stval, zero
core   0: 3 0x0000000080006062 (0x14302573) x10 0x0000000000000000
core   0: 0x0000000080006066 (0xb02024f3) csrrs   s1, minstret, zero
core   0: 3 0x0000000080006066 (0xb02024f3) x9  0x0000000000000ab4
core   0: 0x000000008000606a (0x0000a811) c.j     pc + 20
core   0: 3 0x000000008000606a (0xa811)
core   0: >>>>  mepc_4
core   0: 0x000000008000607e (0x00000791) c.addi  a5, 4
core   0: 3 0x000000008000607e (0x0791) x15 0x000000008000493e
core   0: 0x0000000080006080 (0x34179073) csrrw   zero, mepc, a5
core   0: 3 0x0000000080006080 (0x34179073) c833_mepc 0x000000008000493e
core   0: 0x0000000080006084 (0x30200073) mret
core   0: 3 0x0000000080006084 (0x30200073) c768_mstatus 0x8000000a00106080
core   0: 0x000000008000493e (0x032dc4b3) div     s1, s11, s2
core   0: 1 0x000000008000493e (0x032dc4b3) x9  0x00000000000000a1
core   0: 0x0000000080004942 (0x00ad5d3b) srlw    s10, s10, a0
core   0: 1 0x0000000080004942 (0x00ad5d3b) x26 0x000000000000ffff
core   0: 0x0000000080004946 (0x93307943) fmadd.d fs2, ft0, fs3, fs2
core   0: 1 0x0000000080004946 (0x93307943) c1_fflags 0x0000000000000011 f18 0x41efffff00600000
core   0: 0x000000008000494a (0xc06b2673) csrrs   a2, hpmcounter6, s6
core   0: exception trap_illegal_instruction, epc 0x000000008000494a
core   0:           tval 0x00000000c06b2673
core   0: >>>>  $xrv64i2p1_m2p0_a2p1_f2p2_d2p2_zicsr2p0_zifencei2p0_zmmul1p0_zba1p0_zbb1p0_zbc1p0_zbs1p0
core   0: 0x0000000080004000 (0x0080006f) j       pc + 0x8
core   0: 3 0x0000000080004000 (0x0080006f)
core   0: >>>>  mmode_exception_handler
core   0: 0x0000000080004008 (0x00002c17) auipc   s8, 0x2
core   0: 3 0x0000000080004008 (0x00002c17) x24 0x0000000080006008
core   0: 0x000000008000400c (0x042c0c13) addi    s8, s8, 66
core   0: 3 0x000000008000400c (0x042c0c13) x24 0x000000008000604a
core   0: 0x0000000080004010 (0x000c00e7) jalr    s8
core   0: 3 0x0000000080004010 (0x000c00e7) x1  0x0000000080004014
core   0: >>>>  any_handler
core   0: 0x000000008000604a (0x341027f3) csrrs   a5, mepc, zero
core   0: 3 0x000000008000604a (0x341027f3) x15 0x000000008000494a
core   0: 0x000000008000604e (0x34202773) csrrs   a4, mcause, zero
core   0: 3 0x000000008000604e (0x34202773) x14 0x0000000000000002
core   0: 0x0000000080006052 (0x142026f3) csrrs   a3, scause, zero
core   0: 3 0x0000000080006052 (0x142026f3) x13 0x0000000000000000
core   0: 0x0000000080006056 (0x30402673) csrrs   a2, mie, zero
core   0: 3 0x0000000080006056 (0x30402673) x12 0x0000000000000a00
core   0: 0x000000008000605a (0x344025f3) csrrs   a1, mip, zero
core   0: 3 0x000000008000605a (0x344025f3) x11 0x0000000000000080
core   0: 0x000000008000605e (0x343025f3) csrrs   a1, mtval, zero
core   0: 3 0x000000008000605e (0x343025f3) x11 0x00000000c06b2673
core   0: 0x0000000080006062 (0x14302573) csrrs   a0, stval, zero
core   0: 3 0x0000000080006062 (0x14302573) x10 0x0000000000000000
core   0: 0x0000000080006066 (0xb02024f3) csrrs   s1, minstret, zero
core   0: 3 0x0000000080006066 (0xb02024f3) x9  0x0000000000000ac7
core   0: 0x000000008000606a (0x0000a811) c.j     pc + 20
core   0: 3 0x000000008000606a (0xa811)
core   0: >>>>  mepc_4
core   0: 0x000000008000607e (0x00000791) c.addi  a5, 4
core   0: 3 0x000000008000607e (0x0791) x15 0x000000008000494e
core   0: 0x0000000080006080 (0x34179073) csrrw   zero, mepc, a5
core   0: 3 0x0000000080006080 (0x34179073) c833_mepc 0x000000008000494e
core   0: 0x0000000080006084 (0x30200073) mret
core   0: 3 0x0000000080006084 (0x30200073) c768_mstatus 0x8000000a00106080
core   0: 0x000000008000494e (0x0003939b) slliw   t2, t2, 0
core   0: 1 0x000000008000494e (0x0003939b) x7  0xffffffffffffffff
core   0: 0x0000000080004952 (0x0082e9b3) or      s3, t0, s0
core   0: 1 0x0000000080004952 (0x0082e9b3) x19 0x000000003f610a67
core   0: 0x0000000080004956 (0x025990b3) mulh    ra, s3, t0
core   0: 1 0x0000000080004956 (0x025990b3) x1  0x0000000000000000
core   0: 0x000000008000495a (0x2b238253) fmin.d  ft4, ft7, fs2
core   0: 1 0x000000008000495a (0x2b238253) f4  0x41efffff00600000
core   0: 0x000000008000495e (0x40fadc3b) sraw    s8, s5, a5
core   0: 1 0x000000008000495e (0x40fadc3b) x24 0x0000000000000000
core   0: 0x0000000080004962 (0x00078533) add     a0, a5, zero
core   0: 1 0x0000000080004962 (0x00078533) x10 0x000000008000494e
core   0: 0x0000000080004966 (0xe20b86d3) fmv.x.d a3, fs7
core   0: 1 0x0000000080004966 (0xe20b86d3) x13 0x41dffffb32400000
core   0: 0x000000008000496a (0x142afd73) csrrci  s10, scause, 21
core   0: 1 0x000000008000496a (0x142afd73) x26 0x0000000000000000 c322_scause 0x0000000000000000
core   0: 0x000000008000496e (0x03372cb3) mulhsu  s9, a4, s3
core   0: 1 0x000000008000496e (0x03372cb3) x25 0x0000000000000000
core   0: 0x0000000080004972 (0x328276cf) fnmadd.d fa3, ft4, fs0, ft6
core   0: 1 0x0000000080004972 (0x328276cf) c1_fflags 0x0000000000000011 f13 0x80c0000b896f9fda
core   0: 0x0000000080004976 (0xc206f553) fcvt.w.d a0, fa3
core   0: 1 0x0000000080004976 (0xc206f553) c1_fflags 0x0000000000000011 x10 0x0000000000000000
core   0: 0x000000008000497a (0xc02bf7d3) fcvt.l.s a5, fs7
core   0: 1 0x000000008000497a (0xc02bf7d3) c1_fflags 0x0000000000000011 x15 0x7fffffffffffffff
core   0: 0x000000008000497e (0x5bb78c1b) addiw   s8, a5, 1467
core   0: 1 0x000000008000497e (0x5bb78c1b) x24 0x00000000000005ba
core   0: 0x0000000080004982 (0x03a9fe3b) remuw   t3, s3, s10
core   0: 1 0x0000000080004982 (0x03a9fe3b) x28 0x000000003f610a67
core   0: 0x0000000080004986 (0x0ff0000f) fence   iorw,iorw
core   0: 1 0x0000000080004986 (0x0ff0000f)
core   0: 0x000000008000498a (0x4057893b) subw    s2, a5, t0
core   0: 1 0x000000008000498a (0x4057893b) x18 0xffffffffc09ef598
core   0: 0x000000008000498e (0x01181e9b) slliw   t4, a6, 17
core   0: 1 0x000000008000498e (0x01181e9b) x29 0x0000000000000000
core   0: 0x0000000080004992 (0x403dd99b) sraiw   s3, s11, 3
core   0: 1 0x0000000080004992 (0x403dd99b) x19 0xffffffffffffffd7
core   0: 0x0000000080004996 (0x039c8cbb) mulw    s9, s9, s9
core   0: 1 0x0000000080004996 (0x039c8cbb) x25 0x0000000000000000
core   0: 0x000000008000499a (0x9229e913) ori     s2, s3, -1758
core   0: 1 0x000000008000499a (0x9229e913) x18 0xfffffffffffffff7
core   0: 0x000000008000499e (0x43095393) srai    t2, s2, 48
core   0: 1 0x000000008000499e (0x43095393) x7  0xffffffffffffffff
core   0: 0x00000000800049a2 (0x40117153) fcvt.s.d ft2, ft2
core   0: 1 0x00000000800049a2 (0x40117153) f2  0xffffffff7fc00000
core   0: 0x00000000800049a6 (0x0223813b) mulw    sp, t2, sp
core   0: 1 0x00000000800049a6 (0x0223813b) x2  0xffffffffc09ef599
core   0: 0x00000000800049aa (0x0163a133) slt     sp, t2, s6
core   0: 1 0x00000000800049aa (0x0163a133) x2  0x0000000000000001
core   0: 0x00000000800049ae (0xf2028053) fmv.d.x ft0, t0
core   0: 1 0x00000000800049ae (0xf2028053) f0  0x000000003f610a67
core   0: 0x00000000800049b2 (0x43f15893) srai    a7, sp, 63
core   0: 1 0x00000000800049b2 (0x43f15893) x17 0x0000000000000000
core   0: 0x00000000800049b6 (0x13f1ffd3) fmul.d  ft11, ft3, ft11
core   0: 1 0x00000000800049b6 (0x13f1ffd3) f31 0x7ff8000000000000
core   0: 0x00000000800049ba (0x5a05f5d3) fsqrt.d fa1, fa1
core   0: 1 0x00000000800049ba (0x5a05f5d3) c1_fflags 0x0000000000000011 f11 0x7ff8000000000000
core   0: 0x00000000800049be (0x43f55193) srai    gp, a0, 63
core   0: 1 0x00000000800049be (0x43f55193) x3  0x0000000000000000
core   0: 0x00000000800049c2 (0x5bc5fe4f) fnmadd.d ft8, fa1, ft8, fa1
core   0: 1 0x00000000800049c2 (0x5bc5fe4f) f28 0x7ff8000000000000
core   0: 0x00000000800049c6 (0x402585bb) subw    a1, a1, sp
core   0: 1 0x00000000800049c6 (0x402585bb) x11 0xffffffffc06b2672
core   0: 0x00000000800049ca (0xa731801b) addiw   zero, gp, -1421
core   0: 1 0x00000000800049ca (0xa731801b)
core   0: 0x00000000800049ce (0x43e1d793) srai    a5, gp, 62
core   0: 1 0x00000000800049ce (0x43e1d793) x15 0x0000000000000000
core   0: 0x00000000800049d2 (0x00000001) c.nop
core   0: 1 0x00000000800049d2 (0x0001)
core   0: 0x00000000800049d4 (0x01b3981b) slliw   a6, t2, 27
core   0: 1 0x00000000800049d4 (0x01b3981b) x16 0xfffffffff8000000
core   0: 0x00000000800049d8 (0x00102b73) csrrs   s6, fflags, zero
core   0: 1 0x00000000800049d8 (0x00102b73) x22 0x0000000000000011
core   0: 0x00000000800049dc (0xc03ff4f3) csrrci  s1, hpmcounter3, 31
core   0: exception trap_illegal_instruction, epc 0x00000000800049dc
core   0:           tval 0x00000000c03ff4f3
core   0: >>>>  $xrv64i2p1_m2p0_a2p1_f2p2_d2p2_zicsr2p0_zifencei2p0_zmmul1p0_zba1p0_zbb1p0_zbc1p0_zbs1p0
core   0: 0x0000000080004000 (0x0080006f) j       pc + 0x8
core   0: 3 0x0000000080004000 (0x0080006f)
core   0: >>>>  mmode_exception_handler
core   0: 0x0000000080004008 (0x00002c17) auipc   s8, 0x2
core   0: 3 0x0000000080004008 (0x00002c17) x24 0x0000000080006008
core   0: 0x000000008000400c (0x042c0c13) addi    s8, s8, 66
core   0: 3 0x000000008000400c (0x042c0c13) x24 0x000000008000604a
core   0: 0x0000000080004010 (0x000c00e7) jalr    s8
core   0: 3 0x0000000080004010 (0x000c00e7) x1  0x0000000080004014
core   0: >>>>  any_handler
core   0: 0x000000008000604a (0x341027f3) csrrs   a5, mepc, zero
core   0: 3 0x000000008000604a (0x341027f3) x15 0x00000000800049dc
core   0: 0x000000008000604e (0x34202773) csrrs   a4, mcause, zero
core   0: 3 0x000000008000604e (0x34202773) x14 0x0000000000000002
core   0: 0x0000000080006052 (0x142026f3) csrrs   a3, scause, zero
core   0: 3 0x0000000080006052 (0x142026f3) x13 0x0000000000000000
core   0: 0x0000000080006056 (0x30402673) csrrs   a2, mie, zero
core   0: 3 0x0000000080006056 (0x30402673) x12 0x0000000000000a00
core   0: 0x000000008000605a (0x344025f3) csrrs   a1, mip, zero
core   0: 3 0x000000008000605a (0x344025f3) x11 0x0000000000000080
core   0: 0x000000008000605e (0x343025f3) csrrs   a1, mtval, zero
core   0: 3 0x000000008000605e (0x343025f3) x11 0x00000000c03ff4f3
core   0: 0x0000000080006062 (0x14302573) csrrs   a0, stval, zero
core   0: 3 0x0000000080006062 (0x14302573) x10 0x0000000000000000
core   0: 0x0000000080006066 (0xb02024f3) csrrs   s1, minstret, zero
core   0: 3 0x0000000080006066 (0xb02024f3) x9  0x0000000000000afb
core   0: 0x000000008000606a (0x0000a811) c.j     pc + 20
core   0: 3 0x000000008000606a (0xa811)
core   0: >>>>  mepc_4
core   0: 0x000000008000607e (0x00000791) c.addi  a5, 4
core   0: 3 0x000000008000607e (0x0791) x15 0x00000000800049e0
core   0: 0x0000000080006080 (0x34179073) csrrw   zero, mepc, a5
core   0: 3 0x0000000080006080 (0x34179073) c833_mepc 0x00000000800049e0
core   0: 0x0000000080006084 (0x30200073) mret
core   0: 3 0x0000000080006084 (0x30200073) c768_mstatus 0x8000000a00106080
core   0: 0x00000000800049e0 (0xd2277f53) fcvt.d.l ft10, a4
core   0: 1 0x00000000800049e0 (0xd2277f53) f30 0x4000000000000000
core   0: 0x00000000800049e4 (0x015c7e33) and     t3, s8, s5
core   0: 1 0x00000000800049e4 (0x015c7e33) x28 0x0000000000000000
core   0: 0x00000000800049e8 (0x014c579b) srliw   a5, s8, 20
core   0: 1 0x00000000800049e8 (0x014c579b) x15 0x0000000000000800
core   0: 0x00000000800049ec (0xd21e0bd3) fcvt.d.wu fs7, t3
core   0: 1 0x00000000800049ec (0xd21e0bd3) f23 0x0000000000000000
core   0: 0x00000000800049f0 (0x4005db93) srai    s7, a1, 0
core   0: 1 0x00000000800049f0 (0x4005db93) x23 0x00000000c03ff4f3
core   0: 0x00000000800049f4 (0x0377d2b3) divu    t0, a5, s7
core   0: 1 0x00000000800049f4 (0x0377d2b3) x5  0x0000000000000000
core   0: 0x00000000800049f8 (0x03458733) mul     a4, a1, s4
core   0: 1 0x00000000800049f8 (0x03458733) x14 0x0000000000000000
core   0: 0x00000000800049fc (0x02e9f043) fmadd.d ft0, fs3, fa4, ft0
core   0: 1 0x00000000800049fc (0x02e9f043) f0  0x7ff8000000000000
core   0: 0x0000000080004a00 (0x00000001) c.nop
core   0: 1 0x0000000080004a00 (0x0001)
core   0: 0x0000000080004a02 (0xd21b84d3) fcvt.d.wu fs1, s7
core   0: 1 0x0000000080004a02 (0xd21b84d3) f9  0x41e807fe9e600000
core   0: 0x0000000080004a06 (0x9f174d13) xori    s10, a4, -1551
core   0: 1 0x0000000080004a06 (0x9f174d13) x26 0xfffffffffffff9f1
core   0: 0x0000000080004a0a (0x01f3d89b) srliw   a7, t2, 31
core   0: 1 0x0000000080004a0a (0x01f3d89b) x17 0x0000000000000001
core   0: 0x0000000080004a0e (0xf20d0c53) fmv.d.x fs8, s10
core   0: 1 0x0000000080004a0e (0xf20d0c53) f24 0xfffffffffffff9f1
core   0: 0x0000000080004a12 (0xc23efb53) fcvt.lu.d s6, ft9
core   0: 1 0x0000000080004a12 (0xc23efb53) x22 0x0000000000000000
core   0: 0x0000000080004a16 (0xb1331197) auipc   gp, 0xb1331
core   0: 1 0x0000000080004a16 (0xb1331197) x3  0x0000000031335a16
core   0: 0x0000000080004a1a (0x023775bb) remuw   a1, a4, gp
core   0: 1 0x0000000080004a1a (0x023775bb) x11 0x0000000000000000
core   0: 0x0000000080004a1e (0x1383f3d3) fmul.d  ft7, ft7, fs8
core   0: 1 0x0000000080004a1e (0x1383f3d3) f7  0x7ff8000000000000
core   0: 0x0000000080004a22 (0x0106a3b3) slt     t2, a3, a6
core   0: 1 0x0000000080004a22 (0x0106a3b3) x7  0x0000000000000000
core   0: 0x0000000080004a26 (0xc213f3d3) fcvt.wu.d t2, ft7
core   0: 1 0x0000000080004a26 (0xc213f3d3) c1_fflags 0x0000000000000011 x7  0xffffffffffffffff
core   0: 0x0000000080004a2a (0xc20c7053) fcvt.w.d zero, fs8
core   0: 1 0x0000000080004a2a (0xc20c7053) c1_fflags 0x0000000000000011
core   0: 0x0000000080004a2e (0x030067b3) rem     a5, zero, a6
core   0: 1 0x0000000080004a2e (0x030067b3) x15 0x0000000000000000
core   0: 0x0000000080004a32 (0xc231f6d3) fcvt.lu.d a3, ft3
core   0: 1 0x0000000080004a32 (0xc231f6d3) c1_fflags 0x0000000000000011 x13 0xffffffffffffffff
core   0: 0x0000000080004a36 (0x40e7873b) subw    a4, a5, a4
core   0: 1 0x0000000080004a36 (0x40e7873b) x14 0x0000000000000000
core   0: 0x0000000080004a3a (0x00000001) c.nop
core   0: 1 0x0000000080004a3a (0x0001)
core   0: 0x0000000080004a3c (0x039bebb3) rem     s7, s7, s9
core   0: 1 0x0000000080004a3c (0x039bebb3) x23 0x00000000c03ff4f3
core   0: 0x0000000080004a40 (0x238aaad3) fsgnjx.d fs5, fs5, fs8
core   0: 1 0x0000000080004a40 (0x238aaad3) f21 0x000000007ffffd4f
core   0: 0x0000000080004a44 (0xa23803d3) fle.d   t2, fa6, ft3
core   0: 1 0x0000000080004a44 (0xa23803d3) c1_fflags 0x0000000000000011 x7  0x0000000000000000
core   0: 0x0000000080004a48 (0x5603fd93) andi    s11, t2, 1376
core   0: 1 0x0000000080004a48 (0x5603fd93) x27 0x0000000000000000
core   0: 0x0000000080004a4c (0x01745bbb) srlw    s7, s0, s7
core   0: 1 0x0000000080004a4c (0x01745bbb) x23 0x0000000000000000
core   0: 0x0000000080004a50 (0x00202cf3) csrrs   s9, frm, zero
core   0: 1 0x0000000080004a50 (0x00202cf3) x25 0x0000000000000000
core   0: 0x0000000080004a54 (0x1570ee93) ori     t4, ra, 343
core   0: 1 0x0000000080004a54 (0x1570ee93) x29 0x0000000080004157
core   0: 0x0000000080004a58 (0xd02a7253) fcvt.s.l ft4, s4
core   0: 1 0x0000000080004a58 (0xd02a7253) f4  0xffffffff00000000
core   0: 0x0000000080004a5c (0xc02c7a53) fcvt.l.s s4, fs8
core   0: 1 0x0000000080004a5c (0xc02c7a53) c1_fflags 0x0000000000000011 x20 0x7fffffffffffffff
core   0: 0x0000000080004a60 (0x7ffc6e13) ori     t3, s8, 2047
core   0: 1 0x0000000080004a60 (0x7ffc6e13) x28 0x00000000800067ff
core   0: 0x0000000080004a64 (0x01a21eb3) sll     t4, tp, s10
core   0: 1 0x0000000080004a64 (0x01a21eb3) x29 0x0000000000000000
core   0: 0x0000000080004a68 (0x01c023b3) slt     t2, zero, t3
core   0: 1 0x0000000080004a68 (0x01c023b3) x7  0x0000000000000001
core   0: 0x0000000080004a6c (0x0a4dffd3) fsub.d  ft11, fs11, ft4
core   0: 1 0x0000000080004a6c (0x0a4dffd3) f31 0x7ff8000000000000
core   0: 0x0000000080004a70 (0x41b102b3) sub     t0, sp, s11
core   0: 1 0x0000000080004a70 (0x41b102b3) x5  0x0000000000000001
core   0: 0x0000000080004a74 (0x0313853b) mulw    a0, t2, a7
core   0: 1 0x0000000080004a74 (0x0313853b) x10 0x0000000000000001
core   0: 0x0000000080004a78 (0x03f29e13) slli    t3, t0, 63
core   0: 1 0x0000000080004a78 (0x03f29e13) x28 0x8000000000000000
core   0: 0x0000000080004a7c (0xc03afa53) fcvt.lu.s s4, fs5
core   0: 1 0x0000000080004a7c (0xc03afa53) c1_fflags 0x0000000000000011 x20 0xffffffffffffffff
core   0: 0x0000000080004a80 (0xcaa2e213) ori     tp, t0, -854
core   0: 1 0x0000000080004a80 (0xcaa2e213) x4  0xfffffffffffffcab
core   0: 0x0000000080004a84 (0x406a53b3) sra     t2, s4, t1
core   0: 1 0x0000000080004a84 (0x406a53b3) x7  0xffffffffffffffff
core   0: 0x0000000080004a88 (0x0056533b) srlw    t1, a2, t0
core   0: 1 0x0000000080004a88 (0x0056533b) x6  0x0000000000000500
core   0: 0x0000000080004a8c (0x0118d93b) srlw    s2, a7, a7
core   0: 1 0x0000000080004a8c (0x0118d93b) x18 0x0000000000000000
core   0: 0x0000000080004a90 (0xd483fd37) lui     s10, 0xd483f
core   0: 1 0x0000000080004a90 (0xd483fd37) x26 0xffffffffd483f000
core   0: 0x0000000080004a94 (0xd2188d53) fcvt.d.wu fs10, a7
core   0: 1 0x0000000080004a94 (0xd2188d53) f26 0x3ff0000000000000
core   0: 0x0000000080004a98 (0x0014511b) srliw   sp, s0, 1
core   0: 1 0x0000000080004a98 (0x0014511b) x2  0x0000000000000000
core   0: 0x0000000080004a9c (0x2a6f0d53) fmin.d  fs10, ft10, ft6
core   0: 1 0x0000000080004a9c (0x2a6f0d53) f26 0x0000000000000000
core   0: 0x0000000080004aa0 (0x405d5ebb) sraw    t4, s10, t0
core   0: 1 0x0000000080004aa0 (0x405d5ebb) x29 0xffffffffea41f800
core   0: 0x0000000080004aa4 (0x00ba5e33) srl     t3, s4, a1
core   0: 1 0x0000000080004aa4 (0x00ba5e33) x28 0xffffffffffffffff
core   0: 0x0000000080004aa8 (0xc204fed3) fcvt.w.d t4, fs1
core   0: 1 0x0000000080004aa8 (0xc204fed3) c1_fflags 0x0000000000000011 x29 0x000000007fffffff
core   0: 0x0000000080004aac (0x03da7a3b) remuw   s4, s4, t4
core   0: 1 0x0000000080004aac (0x03da7a3b) x20 0x0000000000000001
core   0: 0x0000000080004ab0 (0x030c6833) rem     a6, s8, a6
core   0: 1 0x0000000080004ab0 (0x030c6833) x16 0x000000000000604a
core   0: 0x0000000080004ab4 (0x239d0553) fsgnj.d fa0, fs10, fs9
core   0: 1 0x0000000080004ab4 (0x239d0553) f10 0x0000000000000000
core   0: 0x0000000080004ab8 (0x4129093b) subw    s2, s2, s2
core   0: 1 0x0000000080004ab8 (0x4129093b) x18 0x0000000000000000
core   0: 0x0000000080004abc (0xc03978d3) fcvt.lu.s a7, fs2
core   0: 1 0x0000000080004abc (0xc03978d3) c1_fflags 0x0000000000000011 x17 0xffffffffffffffff
core   0: 0x0000000080004ac0 (0xd025f7d3) fcvt.s.l fa5, a1
core   0: 1 0x0000000080004ac0 (0xd025f7d3) f15 0xffffffff00000000
core   0: 0x0000000080004ac4 (0x1aa770d3) fdiv.d  ft1, fa4, fa0
core   0: 1 0x0000000080004ac4 (0x1aa770d3) f1  0x7ff8000000000000
core   0: 0x0000000080004ac8 (0x03f95793) srli    a5, s2, 63
core   0: 1 0x0000000080004ac8 (0x03f95793) x15 0x0000000000000000
core   0: 0x0000000080004acc (0x029734b3) mulhu   s1, a4, s1
core   0: 1 0x0000000080004acc (0x029734b3) x9  0x0000000000000000
core   0: 0x0000000080004ad0 (0x0095da3b) srlw    s4, a1, s1
core   0: 1 0x0000000080004ad0 (0x0095da3b) x20 0x0000000000000000
core   0: 0x0000000080004ad4 (0x0340d333) divu    t1, ra, s4
core   0: 1 0x0000000080004ad4 (0x0340d333) x6  0xffffffffffffffff
core   0: 0x0000000080004ad8 (0xa28c8c93) addi    s9, s9, -1496
core   0: 1 0x0000000080004ad8 (0xa28c8c93) x25 0xfffffffffffffa28
core   0: 0x0000000080004adc (0x00000001) c.nop
core   0: 1 0x0000000080004adc (0x0001)
core   0: 0x0000000080004ade (0x034a11b3) mulh    gp, s4, s4
core   0: 1 0x0000000080004ade (0x034a11b3) x3  0x0000000000000000
core   0: 0x0000000080004ae2 (0x0234bab3) mulhu   s5, s1, gp
core   0: 1 0x0000000080004ae2 (0x0234bab3) x21 0x0000000000000000
core   0: 0x0000000080004ae6 (0x7ff6e693) ori     a3, a3, 2047
core   0: 1 0x0000000080004ae6 (0x7ff6e693) x13 0xffffffffffffffff
core   0: 0x0000000080004aea (0x03975db3) divu    s11, a4, s9
core   0: 1 0x0000000080004aea (0x03975db3) x27 0x0000000000000000
core   0: 0x0000000080004aee (0x012a97b3) sll     a5, s5, s2
core   0: 1 0x0000000080004aee (0x012a97b3) x15 0x0000000000000000
core   0: 0x0000000080004af2 (0x320df573) csrrci  a0, mcountinhibit, 27
core   0: exception trap_illegal_instruction, epc 0x0000000080004af2
core   0:           tval 0x00000000320df573
core   0: >>>>  $xrv64i2p1_m2p0_a2p1_f2p2_d2p2_zicsr2p0_zifencei2p0_zmmul1p0_zba1p0_zbb1p0_zbc1p0_zbs1p0
core   0: 0x0000000080004000 (0x0080006f) j       pc + 0x8
core   0: 3 0x0000000080004000 (0x0080006f)
core   0: >>>>  mmode_exception_handler
core   0: 0x0000000080004008 (0x00002c17) auipc   s8, 0x2
core   0: 3 0x0000000080004008 (0x00002c17) x24 0x0000000080006008
core   0: 0x000000008000400c (0x042c0c13) addi    s8, s8, 66
core   0: 3 0x000000008000400c (0x042c0c13) x24 0x000000008000604a
core   0: 0x0000000080004010 (0x000c00e7) jalr    s8
core   0: 3 0x0000000080004010 (0x000c00e7) x1  0x0000000080004014
core   0: >>>>  any_handler
core   0: 0x000000008000604a (0x341027f3) csrrs   a5, mepc, zero
core   0: 3 0x000000008000604a (0x341027f3) x15 0x0000000080004af2
core   0: 0x000000008000604e (0x34202773) csrrs   a4, mcause, zero
core   0: 3 0x000000008000604e (0x34202773) x14 0x0000000000000002
core   0: 0x0000000080006052 (0x142026f3) csrrs   a3, scause, zero
core   0: 3 0x0000000080006052 (0x142026f3) x13 0x0000000000000000
core   0: 0x0000000080006056 (0x30402673) csrrs   a2, mie, zero
core   0: 3 0x0000000080006056 (0x30402673) x12 0x0000000000000a00
core   0: 0x000000008000605a (0x344025f3) csrrs   a1, mip, zero
core   0: 3 0x000000008000605a (0x344025f3) x11 0x0000000000000080
core   0: 0x000000008000605e (0x343025f3) csrrs   a1, mtval, zero
core   0: 3 0x000000008000605e (0x343025f3) x11 0x00000000320df573
core   0: 0x0000000080006062 (0x14302573) csrrs   a0, stval, zero
core   0: 3 0x0000000080006062 (0x14302573) x10 0x0000000000000000
core   0: 0x0000000080006066 (0xb02024f3) csrrs   s1, minstret, zero
core   0: 3 0x0000000080006066 (0xb02024f3) x9  0x0000000000000b51
core   0: 0x000000008000606a (0x0000a811) c.j     pc + 20
core   0: 3 0x000000008000606a (0xa811)
core   0: >>>>  mepc_4
core   0: 0x000000008000607e (0x00000791) c.addi  a5, 4
core   0: 3 0x000000008000607e (0x0791) x15 0x0000000080004af6
core   0: 0x0000000080006080 (0x34179073) csrrw   zero, mepc, a5
core   0: 3 0x0000000080006080 (0x34179073) c833_mepc 0x0000000080004af6
core   0: 0x0000000080006084 (0x30200073) mret
core   0: 3 0x0000000080006084 (0x30200073) c768_mstatus 0x8000000a00106080
core   0: 0x0000000080004af6 (0x02b8f8bb) remuw   a7, a7, a1
core   0: 1 0x0000000080004af6 (0x02b8f8bb) x17 0x0000000005ba34c0
core   0: 0x0000000080004afa (0x105fdcf3) csrrwi  s9, stvec, 31
core   0: 1 0x0000000080004afa (0x105fdcf3) x25 0x0000000000000000 c261_stvec 0x000000000000001d
core   0: 0x0000000080004afe (0x01d52533) slt     a0, a0, t4
core   0: 1 0x0000000080004afe (0x01d52533) x10 0x0000000000000001
core   0: 0x0000000080004b02 (0xf2018ed3) fmv.d.x ft9, gp
core   0: 1 0x0000000080004b02 (0xf2018ed3) f29 0x0000000000000000
core   0: 0x0000000080004b06 (0xc211f153) fcvt.wu.d sp, ft3
core   0: 1 0x0000000080004b06 (0xc211f153) c1_fflags 0x0000000000000011 x2  0xffffffffffffffff
core   0: 0x0000000080004b0a (0x02c42633) mulhsu  a2, s0, a2
core   0: 1 0x0000000080004b0a (0x02c42633) x12 0x0000000000000000
core   0: 0x0000000080004b0e (0x020985bb) mulw    a1, s3, zero
core   0: 1 0x0000000080004b0e (0x020985bb) x11 0x0000000000000000
core   0: 0x0000000080004b12 (0x0117d933) srl     s2, a5, a7
core   0: 1 0x0000000080004b12 (0x0117d933) x18 0x0000000080004af6
core   0: 0x0000000080004b16 (0x323054f3) csrrwi  s1, mhpmevent3, 0
core   0: exception trap_illegal_instruction, epc 0x0000000080004b16
core   0:           tval 0x00000000323054f3
core   0: >>>>  $xrv64i2p1_m2p0_a2p1_f2p2_d2p2_zicsr2p0_zifencei2p0_zmmul1p0_zba1p0_zbb1p0_zbc1p0_zbs1p0
core   0: 0x0000000080004000 (0x0080006f) j       pc + 0x8
core   0: 3 0x0000000080004000 (0x0080006f)
core   0: >>>>  mmode_exception_handler
core   0: 0x0000000080004008 (0x00002c17) auipc   s8, 0x2
core   0: 3 0x0000000080004008 (0x00002c17) x24 0x0000000080006008
core   0: 0x000000008000400c (0x042c0c13) addi    s8, s8, 66
core   0: 3 0x000000008000400c (0x042c0c13) x24 0x000000008000604a
core   0: 0x0000000080004010 (0x000c00e7) jalr    s8
core   0: 3 0x0000000080004010 (0x000c00e7) x1  0x0000000080004014
core   0: >>>>  any_handler
core   0: 0x000000008000604a (0x341027f3) csrrs   a5, mepc, zero
core   0: 3 0x000000008000604a (0x341027f3) x15 0x0000000080004b16
core   0: 0x000000008000604e (0x34202773) csrrs   a4, mcause, zero
core   0: 3 0x000000008000604e (0x34202773) x14 0x0000000000000002
core   0: 0x0000000080006052 (0x142026f3) csrrs   a3, scause, zero
core   0: 3 0x0000000080006052 (0x142026f3) x13 0x0000000000000000
core   0: 0x0000000080006056 (0x30402673) csrrs   a2, mie, zero
core   0: 3 0x0000000080006056 (0x30402673) x12 0x0000000000000a00
core   0: 0x000000008000605a (0x344025f3) csrrs   a1, mip, zero
core   0: 3 0x000000008000605a (0x344025f3) x11 0x0000000000000080
core   0: 0x000000008000605e (0x343025f3) csrrs   a1, mtval, zero
core   0: 3 0x000000008000605e (0x343025f3) x11 0x00000000323054f3
core   0: 0x0000000080006062 (0x14302573) csrrs   a0, stval, zero
core   0: 3 0x0000000080006062 (0x14302573) x10 0x0000000000000000
core   0: 0x0000000080006066 (0xb02024f3) csrrs   s1, minstret, zero
core   0: 3 0x0000000080006066 (0xb02024f3) x9  0x0000000000000b69
core   0: 0x000000008000606a (0x0000a811) c.j     pc + 20
core   0: 3 0x000000008000606a (0xa811)
core   0: >>>>  mepc_4
core   0: 0x000000008000607e (0x00000791) c.addi  a5, 4
core   0: 3 0x000000008000607e (0x0791) x15 0x0000000080004b1a
core   0: 0x0000000080006080 (0x34179073) csrrw   zero, mepc, a5
core   0: 3 0x0000000080006080 (0x34179073) c833_mepc 0x0000000080004b1a
core   0: 0x0000000080006084 (0x30200073) mret
core   0: 3 0x0000000080006084 (0x30200073) c768_mstatus 0x8000000a00106080
core   0: 0x0000000080004b1a (0x0327fcbb) remuw   s9, a5, s2
core   0: 1 0x0000000080004b1a (0x0327fcbb) x25 0x0000000000000024
core   0: 0x0000000080004b1e (0xd21906d3) fcvt.d.wu fa3, s2
core   0: 1 0x0000000080004b1e (0xd21906d3) f13 0x41e000095ec00000
core   0: 0x0000000080004b22 (0xe2088a53) fmv.x.d s4, fa7
core   0: 1 0x0000000080004b22 (0xe2088a53) x20 0x7ff8000000000000
core   0: 0x0000000080004b26 (0x41dd0833) sub     a6, s10, t4
core   0: 1 0x0000000080004b26 (0x41dd0833) x16 0xffffffff5483f001
core   0: 0x0000000080004b2a (0x22188953) fsgnj.d fs2, fa7, ft1
core   0: 1 0x0000000080004b2a (0x22188953) f18 0x7ff8000000000000
core   0: 0x0000000080004b2e (0x00de113b) sllw    sp, t3, a3
core   0: 1 0x0000000080004b2e (0x00de113b) x2  0xffffffffffffffff
core   0: 0x0000000080004b32 (0x0025cd33) xor     s10, a1, sp
core   0: 1 0x0000000080004b32 (0x0025cd33) x26 0xffffffffcdcfab0c
core   0: 0x0000000080004b36 (0x40147653) fcvt.s.d fa2, fs0
core   0: 1 0x0000000080004b36 (0x40147653) c1_fflags 0x0000000000000013 f12 0xffffffff00000000
core   0: 0x0000000080004b3a (0x01fd109b) slliw   ra, s10, 31
core   0: 1 0x0000000080004b3a (0x01fd109b) x1  0x0000000000000000
core   0: 0x0000000080004b3e (0x02ab91b3) mulh    gp, s7, a0
core   0: 1 0x0000000080004b3e (0x02ab91b3) x3  0x0000000000000000
core   0: 0x0000000080004b42 (0x023e713b) remuw   sp, t3, gp
core   0: 1 0x0000000080004b42 (0x023e713b) x2  0xffffffffffffffff
core   0: 0x0000000080004b46 (0x92167ec7) fmsub.d ft9, fa2, ft1, fs2
core   0: 1 0x0000000080004b46 (0x92167ec7) f29 0x7ff8000000000000
core   0: 0x0000000080004b4a (0x0349f9bb) remuw   s3, s3, s4
core   0: 1 0x0000000080004b4a (0x0349f9bb) x19 0xffffffffffffffd7
core   0: 0x0000000080004b4e (0xfa24f337) lui     t1, 0xfa24f
core   0: 1 0x0000000080004b4e (0xfa24f337) x6  0xfffffffffa24f000
core   0: 0x0000000080004b52 (0xaa33031b) addiw   t1, t1, -1373
core   0: 1 0x0000000080004b52 (0xaa33031b) x6  0xfffffffffa24eaa3
core   0: 0x0000000080004b56 (0x00000332) c.slli  t1, 12
core   0: 1 0x0000000080004b56 (0x0332) x6  0xffffffa24eaa3000
core   0: 0x0000000080004b58 (0x65330313) addi    t1, t1, 1619
core   0: 1 0x0000000080004b58 (0x65330313) x6  0xffffffa24eaa3653
core   0: 0x0000000080004b5c (0x00dcd73b) srlw    a4, s9, a3
core   0: 1 0x0000000080004b5c (0x00dcd73b) x14 0x0000000000000024
core   0: 0x0000000080004b60 (0x23be8dd3) fsgnj.d fs11, ft9, fs11
core   0: 1 0x0000000080004b60 (0x23be8dd3) f27 0xfff8000000000000
core   0: 0x0000000080004b64 (0x01c61213) slli    tp, a2, 28
core   0: 1 0x0000000080004b64 (0x01c61213) x4  0x000000a000000000
core   0: 0x0000000080004b68 (0x00e2e2b3) or      t0, t0, a4
core   0: 1 0x0000000080004b68 (0x00e2e2b3) x5  0x0000000000000025
core   0: 0x0000000080004b6c (0x13d67b53) fmul.d  fs6, fa2, ft9
core   0: 1 0x0000000080004b6c (0x13d67b53) f22 0x7ff8000000000000
core   0: 0x0000000080004b70 (0xc03a72d3) fcvt.lu.s t0, fs4
core   0: 1 0x0000000080004b70 (0xc03a72d3) c1_fflags 0x0000000000000013 x5  0xffffffffffffffff
core   0: 0x0000000080004b74 (0x0ff0000f) fence   iorw,iorw
core   0: 1 0x0000000080004b74 (0x0ff0000f)
core   0: 0x0000000080004b78 (0xf20e0853) fmv.d.x fa6, t3
core   0: 1 0x0000000080004b78 (0xf20e0853) f16 0xffffffffffffffff
core   0: 0x0000000080004b7c (0x0106d6bb) srlw    a3, a3, a6
core   0: 1 0x0000000080004b7c (0x0106d6bb) x13 0x0000000000000000
core   0: 0x0000000080004b80 (0x00209973) csrrw   s2, frm, ra
core   0: 1 0x0000000080004b80 (0x00209973) x18 0x0000000000000000 c2_frm 0x0000000000000000
core   0: 0x0000000080004b84 (0x0b617153) fsub.d  ft2, ft2, fs6
core   0: 1 0x0000000080004b84 (0x0b617153) f2  0x7ff8000000000000
core   0: 0x0000000080004b88 (0x67d16113) ori     sp, sp, 1661
core   0: 1 0x0000000080004b88 (0x67d16113) x2  0xffffffffffffffff
core   0: 0x0000000080004b8c (0x02b11913) slli    s2, sp, 43
core   0: 1 0x0000000080004b8c (0x02b11913) x18 0xfffff80000000000
core   0: 0x0000000080004b90 (0x5a0b72d3) fsqrt.d ft5, fs6
core   0: 1 0x0000000080004b90 (0x5a0b72d3) f5  0x7ff8000000000000
core   0: 0x0000000080004b94 (0x01789c3b) sllw    s8, a7, s7
core   0: 1 0x0000000080004b94 (0x01789c3b) x24 0x0000000005ba34c0
core   0: 0x0000000080004b98 (0x4147d433) sra     s0, a5, s4
core   0: 1 0x0000000080004b98 (0x4147d433) x8  0x0000000080004b1a
core   0: 0x0000000080004b9c (0x00000001) c.nop
core   0: 1 0x0000000080004b9c (0x0001)
core   0: 0x0000000080004b9e (0xc22ff553) fcvt.l.d a0, ft11
core   0: 1 0x0000000080004b9e (0xc22ff553) c1_fflags 0x0000000000000013 x10 0x7fffffffffffffff
core   0: 0x0000000080004ba2 (0x2be00053) fmin.d  ft0, ft0, ft10
core   0: 1 0x0000000080004ba2 (0x2be00053) f0  0x4000000000000000
core   0: 0x0000000080004ba6 (0x0ff0000f) fence   iorw,iorw
core   0: 1 0x0000000080004ba6 (0x0ff0000f)
core   0: 0x0000000080004baa (0x00049e9b) slliw   t4, s1, 0
core   0: 1 0x0000000080004baa (0x00049e9b) x29 0x0000000000000b69
core   0: 0x0000000080004bae (0xd21c8b53) fcvt.d.wu fs6, s9
core   0: 1 0x0000000080004bae (0xd21c8b53) f22 0x4042000000000000
core   0: 0x0000000080004bb2 (0x800c8b9b) addiw   s7, s9, -2048
core   0: 1 0x0000000080004bb2 (0x800c8b9b) x23 0xfffffffffffff824
core   0: 0x0000000080004bb6 (0x00b96eb3) or      t4, s2, a1
core   0: 1 0x0000000080004bb6 (0x00b96eb3) x29 0xfffff800323054f3
core   0: 0x0000000080004bba (0x5a0e7e53) fsqrt.d ft8, ft8
core   0: 1 0x0000000080004bba (0x5a0e7e53) f28 0x7ff8000000000000
core   0: 0x0000000080004bbe (0x1c6c8c93) addi    s9, s9, 454
core   0: 1 0x0000000080004bbe (0x1c6c8c93) x25 0x00000000000001ea
core   0: 0x0000000080004bc2 (0x0005881b) sext.w  a6, a1
core   0: 1 0x0000000080004bc2 (0x0005881b) x16 0x00000000323054f3
core   0: 0x0000000080004bc6 (0xb6ba5537) lui     a0, 0xb6ba5
core   0: 1 0x0000000080004bc6 (0xb6ba5537) x10 0xffffffffb6ba5000
core   0: 0x0000000080004bca (0x5a0a7f53) fsqrt.d ft10, fs4
core   0: 1 0x0000000080004bca (0x5a0a7f53) c1_fflags 0x0000000000000013 f30 0x40efffffbd1fffba
core   0: 0x0000000080004bce (0x00141b73) csrrw   s6, fflags, s0
core   0: 1 0x0000000080004bce (0x00141b73) x22 0x0000000000000013 c1_fflags 0x000000000000001a
core   0: 0x0000000080004bd2 (0x4112d233) sra     tp, t0, a7
core   0: 1 0x0000000080004bd2 (0x4112d233) x4  0xffffffffffffffff
core   0: 0x0000000080004bd6 (0x036b7d33) remu    s10, s6, s6
core   0: 1 0x0000000080004bd6 (0x036b7d33) x26 0x0000000000000000
core   0: 0x0000000080004bda (0x4047573b) sraw    a4, a4, tp
core   0: 1 0x0000000080004bda (0x4047573b) x14 0x0000000000000000
core   0: 0x0000000080004bde (0xc23af153) fcvt.lu.d sp, fs5
core   0: 1 0x0000000080004bde (0xc23af153) c1_fflags 0x000000000000001b x2  0x0000000000000000
core   0: 0x0000000080004be2 (0x41fd5a9b) sraiw   s5, s10, 31
core   0: 1 0x0000000080004be2 (0x41fd5a9b) x21 0x0000000000000000
core   0: 0x0000000080004be6 (0x03299813) slli    a6, s3, 50
core   0: 1 0x0000000080004be6 (0x03299813) x16 0xff5c000000000000
core   0: 0x0000000080004bea (0xd23877d3) fcvt.d.lu fa5, a6
core   0: 1 0x0000000080004bea (0xd23877d3) f15 0x43efeb8000000000
core   0: 0x0000000080004bee (0x43f9d693) srai    a3, s3, 63
core   0: 1 0x0000000080004bee (0x43f9d693) x13 0xffffffffffffffff
core   0: 0x0000000080004bf2 (0xe20c8bd3) fmv.x.d s7, fs9
core   0: 1 0x0000000080004bf2 (0xe20c8bd3) x23 0x41dffffb32800000
core   0: 0x0000000080004bf6 (0x010b9dbb) sllw    s11, s7, a6
core   0: 1 0x0000000080004bf6 (0x010b9dbb) x27 0x0000000032800000
core   0: 0x0000000080004bfa (0x015ae3b3) or      t2, s5, s5
core   0: 1 0x0000000080004bfa (0x015ae3b3) x7  0x0000000000000000
core   0: 0x0000000080004bfe (0x0b087253) fsub.d  ft4, fa6, fa6
core   0: 1 0x0000000080004bfe (0x0b087253) f4  0x7ff8000000000000
core   0: 0x0000000080004c02 (0x0276a733) mulhsu  a4, a3, t2
core   0: 1 0x0000000080004c02 (0x0276a733) x14 0x0000000000000000
core   0: 0x0000000080004c06 (0x3d57c913) xori    s2, a5, 981
core   0: 1 0x0000000080004c06 (0x3d57c913) x18 0x00000000800048cf
core   0: 0x0000000080004c0a (0x0ff0000f) fence   iorw,iorw
core   0: 1 0x0000000080004c0a (0x0ff0000f)
core   0: 0x0000000080004c0e (0x00dc583b) srlw    a6, s8, a3
core   0: 1 0x0000000080004c0e (0x00dc583b) x16 0x0000000000000000
core   0: 0x0000000080004c12 (0x00000001) c.nop
core   0: 1 0x0000000080004c12 (0x0001)
core   0: 0x0000000080004c14 (0x001021f3) csrrs   gp, fflags, zero
core   0: 1 0x0000000080004c14 (0x001021f3) x3  0x000000000000001b
core   0: 0x0000000080004c18 (0xf125b773) csrrc   a4, marchid, a1
core   0: exception trap_illegal_instruction, epc 0x0000000080004c18
core   0:           tval 0x00000000f125b773
core   0: >>>>  $xrv64i2p1_m2p0_a2p1_f2p2_d2p2_zicsr2p0_zifencei2p0_zmmul1p0_zba1p0_zbb1p0_zbc1p0_zbs1p0
core   0: 0x0000000080004000 (0x0080006f) j       pc + 0x8
core   0: 3 0x0000000080004000 (0x0080006f)
core   0: >>>>  mmode_exception_handler
core   0: 0x0000000080004008 (0x00002c17) auipc   s8, 0x2
core   0: 3 0x0000000080004008 (0x00002c17) x24 0x0000000080006008
core   0: 0x000000008000400c (0x042c0c13) addi    s8, s8, 66
core   0: 3 0x000000008000400c (0x042c0c13) x24 0x000000008000604a
core   0: 0x0000000080004010 (0x000c00e7) jalr    s8
core   0: 3 0x0000000080004010 (0x000c00e7) x1  0x0000000080004014
core   0: >>>>  any_handler
core   0: 0x000000008000604a (0x341027f3) csrrs   a5, mepc, zero
core   0: 3 0x000000008000604a (0x341027f3) x15 0x0000000080004c18
core   0: 0x000000008000604e (0x34202773) csrrs   a4, mcause, zero
core   0: 3 0x000000008000604e (0x34202773) x14 0x0000000000000002
core   0: 0x0000000080006052 (0x142026f3) csrrs   a3, scause, zero
core   0: 3 0x0000000080006052 (0x142026f3) x13 0x0000000000000000
core   0: 0x0000000080006056 (0x30402673) csrrs   a2, mie, zero
core   0: 3 0x0000000080006056 (0x30402673) x12 0x0000000000000a00
core   0: 0x000000008000605a (0x344025f3) csrrs   a1, mip, zero
core   0: 3 0x000000008000605a (0x344025f3) x11 0x0000000000000080
core   0: 0x000000008000605e (0x343025f3) csrrs   a1, mtval, zero
core   0: 3 0x000000008000605e (0x343025f3) x11 0x00000000f125b773
core   0: 0x0000000080006062 (0x14302573) csrrs   a0, stval, zero
core   0: 3 0x0000000080006062 (0x14302573) x10 0x0000000000000000
core   0: 0x0000000080006066 (0xb02024f3) csrrs   s1, minstret, zero
core   0: 3 0x0000000080006066 (0xb02024f3) x9  0x0000000000000bba
core   0: 0x000000008000606a (0x0000a811) c.j     pc + 20
core   0: 3 0x000000008000606a (0xa811)
core   0: >>>>  mepc_4
core   0: 0x000000008000607e (0x00000791) c.addi  a5, 4
core   0: 3 0x000000008000607e (0x0791) x15 0x0000000080004c1c
core   0: 0x0000000080006080 (0x34179073) csrrw   zero, mepc, a5
core   0: 3 0x0000000080006080 (0x34179073) c833_mepc 0x0000000080004c1c
core   0: 0x0000000080006084 (0x30200073) mret
core   0: 3 0x0000000080006084 (0x30200073) c768_mstatus 0x8000000a00106080
core   0: 0x0000000080004c1c (0x2ae20953) fmin.d  fs2, ft4, fa4
core   0: 1 0x0000000080004c1c (0x2ae20953) f18 0x7ff8000000000000
core   0: 0x0000000080004c20 (0xd225f3d3) fcvt.d.l ft7, a1
core   0: 1 0x0000000080004c20 (0xd225f3d3) f7  0x41ee24b6ee600000
core   0: 0x0000000080004c24 (0x413100bb) subw    ra, sp, s3
core   0: 1 0x0000000080004c24 (0x413100bb) x1  0x0000000000000029
core   0: 0x0000000080004c28 (0xe7074993) xori    s3, a4, -400
core   0: 1 0x0000000080004c28 (0xe7074993) x19 0xfffffffffffffe72
core   0: 0x0000000080004c2c (0x0064d51b) srliw   a0, s1, 6
core   0: 1 0x0000000080004c2c (0x0064d51b) x10 0x000000000000002e
core   0: 0x0000000080004c30 (0x009cacb3) slt     s9, s9, s1
core   0: 1 0x0000000080004c30 (0x009cacb3) x25 0x0000000000000001
core   0: 0x0000000080004c34 (0xb03e7e13) andi    t3, t3, -1277
core   0: 1 0x0000000080004c34 (0xb03e7e13) x28 0xfffffffffffffb03
core   0: 0x0000000080004c38 (0x0000117d) c.addi  sp, -1
core   0: 1 0x0000000080004c38 (0x117d) x2  0xffffffffffffffff
core   0: 0x0000000080004c3a (0xf136f4f3) csrrci  s1, mimpid, 13
core   0: exception trap_illegal_instruction, epc 0x0000000080004c3a
core   0:           tval 0x00000000f136f4f3
core   0: >>>>  $xrv64i2p1_m2p0_a2p1_f2p2_d2p2_zicsr2p0_zifencei2p0_zmmul1p0_zba1p0_zbb1p0_zbc1p0_zbs1p0
core   0: 0x0000000080004000 (0x0080006f) j       pc + 0x8
core   0: 3 0x0000000080004000 (0x0080006f)
core   0: >>>>  mmode_exception_handler
core   0: 0x0000000080004008 (0x00002c17) auipc   s8, 0x2
core   0: 3 0x0000000080004008 (0x00002c17) x24 0x0000000080006008
core   0: 0x000000008000400c (0x042c0c13) addi    s8, s8, 66
core   0: 3 0x000000008000400c (0x042c0c13) x24 0x000000008000604a
core   0: 0x0000000080004010 (0x000c00e7) jalr    s8
core   0: 3 0x0000000080004010 (0x000c00e7) x1  0x0000000080004014
core   0: >>>>  any_handler
core   0: 0x000000008000604a (0x341027f3) csrrs   a5, mepc, zero
core   0: 3 0x000000008000604a (0x341027f3) x15 0x0000000080004c3a
core   0: 0x000000008000604e (0x34202773) csrrs   a4, mcause, zero
core   0: 3 0x000000008000604e (0x34202773) x14 0x0000000000000002
core   0: 0x0000000080006052 (0x142026f3) csrrs   a3, scause, zero
core   0: 3 0x0000000080006052 (0x142026f3) x13 0x0000000000000000
core   0: 0x0000000080006056 (0x30402673) csrrs   a2, mie, zero
core   0: 3 0x0000000080006056 (0x30402673) x12 0x0000000000000a00
core   0: 0x000000008000605a (0x344025f3) csrrs   a1, mip, zero
core   0: 3 0x000000008000605a (0x344025f3) x11 0x0000000000000080
core   0: 0x000000008000605e (0x343025f3) csrrs   a1, mtval, zero
core   0: 3 0x000000008000605e (0x343025f3) x11 0x00000000f136f4f3
core   0: 0x0000000080006062 (0x14302573) csrrs   a0, stval, zero
core   0: 3 0x0000000080006062 (0x14302573) x10 0x0000000000000000
core   0: 0x0000000080006066 (0xb02024f3) csrrs   s1, minstret, zero
core   0: 3 0x0000000080006066 (0xb02024f3) x9  0x0000000000000bd2
core   0: 0x000000008000606a (0x0000a811) c.j     pc + 20
core   0: 3 0x000000008000606a (0xa811)
core   0: >>>>  mepc_4
core   0: 0x000000008000607e (0x00000791) c.addi  a5, 4
core   0: 3 0x000000008000607e (0x0791) x15 0x0000000080004c3e
core   0: 0x0000000080006080 (0x34179073) csrrw   zero, mepc, a5
core   0: 3 0x0000000080006080 (0x34179073) c833_mepc 0x0000000080004c3e
core   0: 0x0000000080006084 (0x30200073) mret
core   0: 3 0x0000000080006084 (0x30200073) c768_mstatus 0x8000000a00106080
core   0: 0x0000000080004c3e (0x401276d3) fcvt.s.d fa3, ft4
core   0: 1 0x0000000080004c3e (0x401276d3) f13 0xffffffff7fc00000
core   0: 0x0000000080004c42 (0x02a04133) div     sp, zero, a0
core   0: 1 0x0000000080004c42 (0x02a04133) x2  0xffffffffffffffff
core   0: 0x0000000080004c46 (0x004c4033) xor     zero, s8, tp
core   0: 1 0x0000000080004c46 (0x004c4033)
core   0: 0x0000000080004c4a (0x006e59b3) srl     s3, t3, t1
core   0: 1 0x0000000080004c4a (0x006e59b3) x19 0x00001fffffffffff
core   0: 0x0000000080004c4e (0x80020a13) addi    s4, tp, -2048
core   0: 1 0x0000000080004c4e (0x80020a13) x20 0xfffffffffffff7ff
core   0: 0x0000000080004c52 (0x400a509b) sraiw   ra, s4, 0
core   0: 1 0x0000000080004c52 (0x400a509b) x1  0xfffffffffffff7ff
core   0: 0x0000000080004c56 (0xc2297cd3) fcvt.l.d s9, fs2
core   0: 1 0x0000000080004c56 (0xc2297cd3) c1_fflags 0x000000000000001b x25 0x7fffffffffffffff
core   0: 0x0000000080004c5a (0x40dcd133) sra     sp, s9, a3
core   0: 1 0x0000000080004c5a (0x40dcd133) x2  0x7fffffffffffffff
core   0: 0x0000000080004c5e (0x002e5c33) srl     s8, t3, sp
core   0: 1 0x0000000080004c5e (0x002e5c33) x24 0x0000000000000001
core   0: 0x0000000080004c62 (0x0226853b) mulw    a0, a3, sp
core   0: 1 0x0000000080004c62 (0x0226853b) x10 0x0000000000000000
core   0: 0x0000000080004c66 (0x1bcf7853) fdiv.d  fa6, ft10, ft8
core   0: 1 0x0000000080004c66 (0x1bcf7853) f16 0x7ff8000000000000
core   0: 0x0000000080004c6a (0xfac04337) lui     t1, 0xfac04
core   0: 1 0x0000000080004c6a (0xfac04337) x6  0xfffffffffac04000
core   0: 0x0000000080004c6e (0x1993031b) addiw   t1, t1, 409
core   0: 1 0x0000000080004c6e (0x1993031b) x6  0xfffffffffac04199
core   0: 0x0000000080004c72 (0x00000332) c.slli  t1, 12
core   0: 1 0x0000000080004c72 (0x0332) x6  0xffffffac04199000
core   0: 0x0000000080004c74 (0x95530313) addi    t1, t1, -1707
core   0: 1 0x0000000080004c74 (0x95530313) x6  0xffffffac04198955
core   0: 0x0000000080004c78 (0x03c460b3) rem     ra, s0, t3
core   0: 1 0x0000000080004c78 (0x03c460b3) x1  0x0000000000000044
core   0: 0x0000000080004c7c (0x014712bb) sllw    t0, a4, s4
core   0: 1 0x0000000080004c7c (0x014712bb) x5  0x0000000000000000
core   0: 0x0000000080004c80 (0xc32279cb) fnmsub.d fs3, ft4, fs2, fs8
core   0: 1 0x0000000080004c80 (0xc32279cb) f19 0x7ff8000000000000
core   0: 0x0000000080004c84 (0xd21283d3) fcvt.d.wu ft7, t0
core   0: 1 0x0000000080004c84 (0xd21283d3) f7  0x0000000000000000
core   0: 0x0000000080004c88 (0x002693f3) csrrw   t2, frm, a3
core   0: 1 0x0000000080004c88 (0x002693f3) x7  0x0000000000000000 c2_frm 0x0000000000000000
core   0: 0x0000000080004c8c (0x0ff0000f) fence   iorw,iorw
core   0: 1 0x0000000080004c8c (0x0ff0000f)
core   0: 0x0000000080004c90 (0xff61bc37) lui     s8, 0xff61b
core   0: 1 0x0000000080004c90 (0xff61bc37) x24 0xffffffffff61b000
core   0: 0x0000000080004c94 (0x5f9c0c1b) addiw   s8, s8, 1529
core   0: 1 0x0000000080004c94 (0x5f9c0c1b) x24 0xffffffffff61b5f9
core   0: 0x0000000080004c98 (0x00000c36) c.slli  s8, 13
core   0: 1 0x0000000080004c98 (0x0c36) x24 0xffffffec36bf2000
core   0: 0x0000000080004c9a (0x27bc0c13) addi    s8, s8, 635
core   0: 1 0x0000000080004c9a (0x27bc0c13) x24 0xffffffec36bf227b
core   0: 0x0000000080004c9e (0xd02b76d3) fcvt.s.l fa3, s6
core   0: 1 0x0000000080004c9e (0xd02b76d3) f13 0xffffffff41980000
core   0: 0x0000000080004ca2 (0x9166cd93) xori    s11, a3, -1770
core   0: 1 0x0000000080004ca2 (0x9166cd93) x27 0xfffffffffffff916
core   0: 0x0000000080004ca6 (0x0008d713) srli    a4, a7, 0
core   0: 1 0x0000000080004ca6 (0x0008d713) x14 0x0000000005ba34c0
core   0: 0x0000000080004caa (0x22580753) fsgnj.d fa4, fa6, ft5
core   0: 1 0x0000000080004caa (0x22580753) f14 0x7ff8000000000000
core   0: 0x0000000080004cae (0x00170e9b) addiw   t4, a4, 1
core   0: 1 0x0000000080004cae (0x00170e9b) x29 0x0000000005ba34c1
core   0: 0x0000000080004cb2 (0x0325d333) divu    t1, a1, s2
core   0: 1 0x0000000080004cb2 (0x0325d333) x6  0x0000000000000001
core   0: 0x0000000080004cb6 (0x3a848397) auipc   t2, 0x3a848
core   0: 1 0x0000000080004cb6 (0x3a848397) x7  0x00000000ba84ccb6
core   0: 0x0000000080004cba (0xd23ef9d3) fcvt.d.lu fs3, t4
core   0: 1 0x0000000080004cba (0xd23ef9d3) f19 0x4196e8d304000000
core   0: 0x0000000080004cbe (0x00000001) c.nop
core   0: 1 0x0000000080004cbe (0x0001)
core   0: 0x0000000080004cc0 (0x22d42353) fsgnjx.d ft6, fs0, fa3
core   0: 1 0x0000000080004cc0 (0x22d42353) f6  0x800000008000604a
core   0: 0x0000000080004cc4 (0x0373733b) remuw   t1, t1, s7
core   0: 1 0x0000000080004cc4 (0x0373733b) x6  0x0000000000000001
core   0: 0x0000000080004cc8 (0x12ef74d3) fmul.d  fs1, ft10, fa4
core   0: 1 0x0000000080004cc8 (0x12ef74d3) f9  0x7ff8000000000000
core   0: 0x0000000080004ccc (0x02f4643b) remw    s0, s0, a5
core   0: 1 0x0000000080004ccc (0x02f4643b) x8  0xfffffffffffffedc
core   0: 0x0000000080004cd0 (0x01139633) sll     a2, t2, a7
core   0: 1 0x0000000080004cd0 (0x01139633) x12 0x00000000ba84ccb6
core   0: 0x0000000080004cd4 (0xd21d01d3) fcvt.d.wu ft3, s10
core   0: 1 0x0000000080004cd4 (0xd21d01d3) f3  0x0000000000000000
core   0: 0x0000000080004cd8 (0x04bdc437) lui     s0, 0x4bdc
core   0: 1 0x0000000080004cd8 (0x04bdc437) x8  0x0000000004bdc000
core   0: 0x0000000080004cdc (0x7974041b) addiw   s0, s0, 1943
core   0: 1 0x0000000080004cdc (0x7974041b) x8  0x0000000004bdc797
core   0: 0x0000000080004ce0 (0x00000432) c.slli  s0, 12
core   0: 1 0x0000000080004ce0 (0x0432) x8  0x0000004bdc797000
core   0: 0x0000000080004ce2 (0xad540413) addi    s0, s0, -1323
core   0: 1 0x0000000080004ce2 (0xad540413) x8  0x0000004bdc796ad5
core   0: 0x0000000080004ce6 (0x00231173) csrrw   sp, frm, t1
core   0: 1 0x0000000080004ce6 (0x00231173) x2  0x0000000000000000 c2_frm 0x0000000000000001
core   0: 0x0000000080004cea (0xa39c19d3) flt.d   s3, fs8, fs9
core   0: 1 0x0000000080004cea (0xa39c19d3) c1_fflags 0x000000000000001b x19 0x0000000000000000
core   0: 0x0000000080004cee (0x5a00fcd3) fsqrt.d fs9, ft1
core   0: 1 0x0000000080004cee (0x5a00fcd3) f25 0x7ff8000000000000
core   0: 0x0000000080004cf2 (0x024862bb) remw    t0, a6, tp
core   0: 1 0x0000000080004cf2 (0x024862bb) x5  0x0000000000000000
core   0: 0x0000000080004cf6 (0x0326d6bb) divuw   a3, a3, s2
core   0: 1 0x0000000080004cf6 (0x0326d6bb) x13 0x0000000000000000
core   0: 0x0000000080004cfa (0x011945b3) xor     a1, s2, a7
core   0: 1 0x0000000080004cfa (0x011945b3) x11 0x0000000085ba7c0f
core   0: 0x0000000080004cfe (0x01d019b3) sll     s3, zero, t4
core   0: 1 0x0000000080004cfe (0x01d019b3) x19 0x0000000000000000
core   0: 0x0000000080004d02 (0xca30fd4f) fnmadd.d fs10, ft1, ft3, fs9
core   0: 1 0x0000000080004d02 (0xca30fd4f) f26 0x7ff8000000000000
core   0: 0x0000000080004d06 (0x417c08b3) sub     a7, s8, s7
core   0: 1 0x0000000080004d06 (0x417c08b3) x17 0xbe1ffff1043f227b
core   0: 0x0000000080004d0a (0x0158d733) srl     a4, a7, s5
core   0: 1 0x0000000080004d0a (0x0158d733) x14 0xbe1ffff1043f227b
core   0: 0x0000000080004d0e (0x411709b3) sub     s3, a4, a7
core   0: 1 0x0000000080004d0e (0x411709b3) x19 0x0000000000000000
core   0: 0x0000000080004d12 (0x0139993b) sllw    s2, s3, s3
core   0: 1 0x0000000080004d12 (0x0139993b) x18 0x0000000000000000
core   0: 0x0000000080004d16 (0x140ffe73) csrrci  t3, sscratch, 31
core   0: 1 0x0000000080004d16 (0x140ffe73) x28 0x0000000000000000 c320_sscratch 0x0000000000000000
core   0: 0x0000000080004d1a (0x02a2b5b3) mulhu   a1, t0, a0
core   0: 1 0x0000000080004d1a (0x02a2b5b3) x11 0x0000000000000000
core   0: 0x0000000080004d1e (0x4118d2b3) sra     t0, a7, a7
core   0: 1 0x0000000080004d1e (0x4118d2b3) x5  0xfffffffffffffff7
core   0: 0x0000000080004d22 (0x0ff0000f) fence   iorw,iorw
core   0: 1 0x0000000080004d22 (0x0ff0000f)
core   0: 0x0000000080004d26 (0x078d4ab7) lui     s5, 0x78d4
core   0: 1 0x0000000080004d26 (0x078d4ab7) x21 0x00000000078d4000
core   0: 0x0000000080004d2a (0x38ba8a9b) addiw   s5, s5, 907
core   0: 1 0x0000000080004d2a (0x38ba8a9b) x21 0x00000000078d438b
core   0: 0x0000000080004d2e (0x00000ab2) c.slli  s5, 12
core   0: 1 0x0000000080004d2e (0x0ab2) x21 0x00000078d438b000
core   0: 0x0000000080004d30 (0xce9a8a93) addi    s5, s5, -791
core   0: 1 0x0000000080004d30 (0xce9a8a93) x21 0x00000078d438ace9
core   0: 0x0000000080004d34 (0xc210f253) fcvt.wu.d tp, ft1
core   0: 1 0x0000000080004d34 (0xc210f253) c1_fflags 0x000000000000001b x4  0xffffffffffffffff
core   0: 0x0000000080004d38 (0xdd7aab37) lui     s6, 0xdd7aa
core   0: 1 0x0000000080004d38 (0xdd7aab37) x22 0xffffffffdd7aa000
core   0: 0x0000000080004d3c (0x012424b3) slt     s1, s0, s2
core   0: 1 0x0000000080004d3c (0x012424b3) x9  0x0000000000000000
core   0: 0x0000000080004d40 (0xc23efd53) fcvt.lu.d s10, ft9
core   0: 1 0x0000000080004d40 (0xc23efd53) c1_fflags 0x000000000000001b x26 0xffffffffffffffff
core   0: 0x0000000080004d44 (0xc0397bd3) fcvt.lu.s s7, fs2
core   0: 1 0x0000000080004d44 (0xc0397bd3) c1_fflags 0x000000000000001b x23 0xffffffffffffffff
core   0: 0x0000000080004d48 (0xd20d0a53) fcvt.d.w fs4, s10
core   0: 1 0x0000000080004d48 (0xd20d0a53) f20 0xbff0000000000000
core   0: 0x0000000080004d4c (0x69ab8913) addi    s2, s7, 1690
core   0: 1 0x0000000080004d4c (0x69ab8913) x18 0x0000000000000699
core   0: 0x0000000080004d50 (0x4127053b) subw    a0, a4, s2
core   0: 1 0x0000000080004d50 (0x4127053b) x10 0x00000000043f1be2
core   0: 0x0000000080004d54 (0x001e5c1b) srliw   s8, t3, 1
core   0: 1 0x0000000080004d54 (0x001e5c1b) x24 0x0000000000000000
core   0: 0x0000000080004d58 (0x4185d01b) sraiw   zero, a1, 24
core   0: 1 0x0000000080004d58 (0x4185d01b)
core   0: 0x0000000080004d5c (0xd02ef9d3) fcvt.s.l fs3, t4
core   0: 1 0x0000000080004d5c (0xd02ef9d3) c1_fflags 0x000000000000001b f19 0xffffffff4cb74698
core   0: 0x0000000080004d60 (0x5a09f7d3) fsqrt.d fa5, fs3
core   0: 1 0x0000000080004d60 (0x5a09f7d3) f15 0x7ff8000000000000
core   0: 0x0000000080004d64 (0x01b888bb) addw    a7, a7, s11
core   0: 1 0x0000000080004d64 (0x01b888bb) x17 0x00000000043f1b91
core   0: 0x0000000080004d68 (0x006a159b) slliw   a1, s4, 6
core   0: 1 0x0000000080004d68 (0x006a159b) x11 0xfffffffffffdffc0
core   0: 0x0000000080004d6c (0xd03c75d3) fcvt.s.lu fa1, s8
core   0: 1 0x0000000080004d6c (0xd03c75d3) f11 0xffffffff00000000
core   0: 0x0000000080004d70 (0x41715ebb) sraw    t4, sp, s7
core   0: 1 0x0000000080004d70 (0x41715ebb) x29 0x0000000000000000
core   0: 0x0000000080004d74 (0x02f45433) divu    s0, s0, a5
core   0: 1 0x0000000080004d74 (0x02f45433) x8  0x0000000000000097
core   0: 0x0000000080004d78 (0x00e7981b) slliw   a6, a5, 14
core   0: 1 0x0000000080004d78 (0x00e7981b) x16 0x00000000130f8000
core   0: 0x0000000080004d7c (0x02f21a93) slli    s5, tp, 47
core   0: 1 0x0000000080004d7c (0x02f21a93) x21 0xffff800000000000
core   0: 0x0000000080004d80 (0x43f85013) srai    zero, a6, 63
core   0: 1 0x0000000080004d80 (0x43f85013)
core   0: 0x0000000080004d84 (0x02781613) slli    a2, a6, 39
core   0: 1 0x0000000080004d84 (0x02781613) x12 0x87c0000000000000
core   0: 0x0000000080004d88 (0x0013d39b) srliw   t2, t2, 1
core   0: 1 0x0000000080004d88 (0x0013d39b) x7  0x000000005d42665b
core   0: 0x0000000080004d8c (0x41028d3b) subw    s10, t0, a6
core   0: 1 0x0000000080004d8c (0x41028d3b) x26 0xffffffffecf07ff7
core   0: 0x0000000080004d90 (0x2acf9853) fmax.d  fa6, ft11, fa2
core   0: 1 0x0000000080004d90 (0x2acf9853) f16 0x7ff8000000000000
core   0: 0x0000000080004d94 (0xc0247653) fcvt.l.s a2, fs0
core   0: 1 0x0000000080004d94 (0xc0247653) c1_fflags 0x000000000000001b x12 0x7fffffffffffffff
core   0: 0x0000000080004d98 (0x02266abb) remw    s5, a2, sp
core   0: 1 0x0000000080004d98 (0x02266abb) x21 0xffffffffffffffff
core   0: 0x0000000080004d9c (0x400eda1b) sraiw   s4, t4, 0
core   0: 1 0x0000000080004d9c (0x400eda1b) x20 0x0000000000000000
core   0: 0x0000000080004da0 (0x40c1513b) sraw    sp, sp, a2
core   0: 1 0x0000000080004da0 (0x40c1513b) x2  0x0000000000000000
core   0: 0x0000000080004da4 (0x02dd76b3) remu    a3, s10, a3
core   0: 1 0x0000000080004da4 (0x02dd76b3) x13 0xffffffffecf07ff7
core   0: 0x0000000080004da8 (0x00102c73) csrrs   s8, fflags, zero
core   0: 1 0x0000000080004da8 (0x00102c73) x24 0x000000000000001b
core   0: 0x0000000080004dac (0x00144413) xori    s0, s0, 1
core   0: 1 0x0000000080004dac (0x00144413) x8  0x0000000000000096
core   0: 0x0000000080004db0 (0x039d5993) srli    s3, s10, 57
core   0: 1 0x0000000080004db0 (0x039d5993) x19 0x000000000000007f
core   0: 0x0000000080004db4 (0x03faf9d3) fadd.d  fs3, fs5, ft11
core   0: 1 0x0000000080004db4 (0x03faf9d3) f19 0x7ff8000000000000
core   0: 0x0000000080004db8 (0x4136063b) subw    a2, a2, s3
core   0: 1 0x0000000080004db8 (0x4136063b) x12 0xffffffffffffff80
core   0: 0x0000000080004dbc (0xa2ca8553) fle.d   a0, fs5, fa2
core   0: 1 0x0000000080004dbc (0xa2ca8553) c1_fflags 0x000000000000001b x10 0x0000000000000000
core   0: 0x0000000080004dc0 (0x9a331b97) auipc   s7, 0x9a331
core   0: 1 0x0000000080004dc0 (0x9a331b97) x23 0x000000001a335dc0
core   0: 0x0000000080004dc4 (0xc03e79d3) fcvt.lu.s s3, ft8
core   0: 1 0x0000000080004dc4 (0xc03e79d3) c1_fflags 0x000000000000001b x19 0xffffffffffffffff
core   0: 0x0000000080004dc8 (0xd22574d3) fcvt.d.l fs1, a0
core   0: 1 0x0000000080004dc8 (0xd22574d3) f9  0x0000000000000000
core   0: 0x0000000080004dcc (0x7ff28793) addi    a5, t0, 2047
core   0: 1 0x0000000080004dcc (0x7ff28793) x15 0x00000000000007f6
core   0: 0x0000000080004dd0 (0x1b7affd3) fdiv.d  ft11, fs5, fs7
core   0: 1 0x0000000080004dd0 (0x1b7affd3) c1_fflags 0x000000000000001b f31 0x7ff0000000000000
core   0: 0x0000000080004dd4 (0x027385b3) mul     a1, t2, t2
core   0: 1 0x0000000080004dd4 (0x027385b3) x11 0x21f94f970dd8a459
core   0: 0x0000000080004dd8 (0x032ade93) srli    t4, s5, 50
core   0: 1 0x0000000080004dd8 (0x032ade93) x29 0x0000000000003fff
core   0: 0x0000000080004ddc (0x013bd13b) srlw    sp, s7, s3
core   0: 1 0x0000000080004ddc (0x013bd13b) x2  0x0000000000000000
core   0: 0x0000000080004de0 (0xb2b10c1b) addiw   s8, sp, -1237
core   0: 1 0x0000000080004de0 (0xb2b10c1b) x24 0xfffffffffffffb2b
core   0: 0x0000000080004de4 (0x3d294c13) xori    s8, s2, 978
core   0: 1 0x0000000080004de4 (0x3d294c13) x24 0x000000000000054b
core   0: 0x0000000080004de8 (0x02ec5e3b) divuw   t3, s8, a4
core   0: 1 0x0000000080004de8 (0x02ec5e3b) x28 0x0000000000000000
core   0: 0x0000000080004dec (0x018013bb) sllw    t2, zero, s8
core   0: 1 0x0000000080004dec (0x018013bb) x7  0x0000000000000000
core   0: 0x0000000080004df0 (0x03de04b3) mul     s1, t3, t4
core   0: 1 0x0000000080004df0 (0x03de04b3) x9  0x0000000000000000
core   0: 0x0000000080004df4 (0xc22e7853) fcvt.l.d a6, ft8
core   0: 1 0x0000000080004df4 (0xc22e7853) c1_fflags 0x000000000000001b x16 0x7fffffffffffffff
core   0: 0x0000000080004df8 (0x029c7e3b) remuw   t3, s8, s1
core   0: 1 0x0000000080004df8 (0x029c7e3b) x28 0x000000000000054b
core   0: 0x0000000080004dfc (0xc224fc53) fcvt.l.d s8, fs1
core   0: 1 0x0000000080004dfc (0xc224fc53) x24 0x0000000000000000
core   0: 0x0000000080004e00 (0x018755bb) srlw    a1, a4, s8
core   0: 1 0x0000000080004e00 (0x018755bb) x11 0x00000000043f227b
core   0: 0x0000000080004e04 (0x401af553) fcvt.s.d fa0, fs5
core   0: 1 0x0000000080004e04 (0x401af553) c1_fflags 0x000000000000001b f10 0xffffffff00000000
core   0: 0x0000000080004e08 (0x1221f517) auipc   a0, 0x1221f
core   0: 1 0x0000000080004e08 (0x1221f517) x10 0x0000000092223e08
core   0: 0x0000000080004e0c (0xffcf99b7) lui     s3, 0xffcf9
core   0: 1 0x0000000080004e0c (0xffcf99b7) x19 0xffffffffffcf9000
core   0: 0x0000000080004e10 (0x2df9899b) addiw   s3, s3, 735
core   0: 1 0x0000000080004e10 (0x2df9899b) x19 0xffffffffffcf92df
core   0: 0x0000000080004e14 (0x000009ba) c.slli  s3, 14
core   0: 1 0x0000000080004e14 (0x09ba) x19 0xfffffff3e4b7c000
core   0: 0x0000000080004e16 (0xdc198993) addi    s3, s3, -575
core   0: 1 0x0000000080004e16 (0xdc198993) x19 0xfffffff3e4b7bdc1
core   0: 0x0000000080004e1a (0x7ffe0e13) addi    t3, t3, 2047
core   0: 1 0x0000000080004e1a (0x7ffe0e13) x28 0x0000000000000d4a
core   0: 0x0000000080004e1e (0x4026d69b) sraiw   a3, a3, 2
core   0: 1 0x0000000080004e1e (0x4026d69b) x13 0xfffffffffb3c1ffd
core   0: 0x0000000080004e22 (0x02ae0833) mul     a6, t3, a0
core   0: 1 0x0000000080004e22 (0x02ae0833) x16 0x00000795fb0c5650
core   0: 0x0000000080004e26 (0x00111773) csrrw   a4, fflags, sp
core   0: 1 0x0000000080004e26 (0x00111773) x14 0x000000000000001b c1_fflags 0x0000000000000000
core   0: 0x0000000080004e2a (0x400c5c1b) sraiw   s8, s8, 0
core   0: 1 0x0000000080004e2a (0x400c5c1b) x24 0x0000000000000000
core   0: 0x0000000080004e2e (0x00c45893) srli    a7, s0, 12
core   0: 1 0x0000000080004e2e (0x00c45893) x17 0x0000000000000000
core   0: 0x0000000080004e32 (0xd028f653) fcvt.s.l fa2, a7
core   0: 1 0x0000000080004e32 (0xd028f653) f12 0xffffffff00000000
core   0: 0x0000000080004e36 (0x00020e9b) sext.w  t4, tp
core   0: 1 0x0000000080004e36 (0x00020e9b) x29 0xffffffffffffffff
core   0: 0x0000000080004e3a (0x024de1b3) rem     gp, s11, tp
core   0: 1 0x0000000080004e3a (0x024de1b3) x3  0x0000000000000000
core   0: 0x0000000080004e3e (0x4d218b93) addi    s7, gp, 1234
core   0: 1 0x0000000080004e3e (0x4d218b93) x23 0x00000000000004d2
core   0: 0x0000000080004e42 (0xd035f953) fcvt.s.lu fs2, a1
core   0: 1 0x0000000080004e42 (0xd035f953) c1_fflags 0x0000000000000001 f18 0xffffffff4c87e44f
core   0: 0x0000000080004e46 (0xa2a71097) auipc   ra, 0xa2a71
core   0: 1 0x0000000080004e46 (0xa2a71097) x1  0x0000000022a75e46
core   0: 0x0000000080004e4a (0xa57b8c9b) addiw   s9, s7, -1449
core   0: 1 0x0000000080004e4a (0xa57b8c9b) x25 0xffffffffffffff29
core   0: 0x0000000080004e4e (0x7ff0f213) andi    tp, ra, 2047
core   0: 1 0x0000000080004e4e (0x7ff0f213) x4  0x0000000000000646
core   0: 0x0000000080004e52 (0x016d901b) slliw   zero, s11, 22
core   0: 1 0x0000000080004e52 (0x016d901b)
core   0: 0x0000000080004e56 (0x01927db3) and     s11, tp, s9
core   0: 1 0x0000000080004e56 (0x01927db3) x27 0x0000000000000600
core   0: 0x0000000080004e5a (0x23918cd3) fsgnj.d fs9, ft3, fs9
core   0: 1 0x0000000080004e5a (0x23918cd3) f25 0x0000000000000000
core   0: 0x0000000080004e5e (0x00249b73) csrrw   s6, frm, s1
core   0: 1 0x0000000080004e5e (0x00249b73) x22 0x0000000000000001 c2_frm 0x0000000000000000
core   0: 0x0000000080004e62 (0x1228fac7) fmsub.d fs5, fa7, ft2, ft2
core   0: 1 0x0000000080004e62 (0x1228fac7) f21 0x7ff8000000000000
core   0: 0x0000000080004e66 (0x0ff0000f) fence   iorw,iorw
core   0: 1 0x0000000080004e66 (0x0ff0000f)
core   0: 0x0000000080004e6a (0x01ab5b9b) srliw   s7, s6, 26
core   0: 1 0x0000000080004e6a (0x01ab5b9b) x23 0x0000000000000000
core   0: 0x0000000080004e6e (0x00249b73) csrrw   s6, frm, s1
core   0: 1 0x0000000080004e6e (0x00249b73) x22 0x0000000000000000 c2_frm 0x0000000000000000
core   0: 0x0000000080004e72 (0x22619353) fsgnjn.d ft6, ft3, ft6
core   0: 1 0x0000000080004e72 (0x22619353) f6  0x0000000000000000
core   0: 0x0000000080004e76 (0x0023d393) srli    t2, t2, 2
core   0: 1 0x0000000080004e76 (0x0023d393) x7  0x0000000000000000
core   0: 0x0000000080004e7a (0x0086a3b3) slt     t2, a3, s0
core   0: 1 0x0000000080004e7a (0x0086a3b3) x7  0x0000000000000001
core   0: 0x0000000080004e7e (0x4265f5c7) fmsub.d fa1, fa1, ft6, fs0
core   0: 1 0x0000000080004e7e (0x4265f5c7) f11 0x7ff8000000000000
core   0: 0x0000000080004e82 (0x13b5fd53) fmul.d  fs10, fa1, fs11
core   0: 1 0x0000000080004e82 (0x13b5fd53) f26 0x7ff8000000000000
core   0: 0x0000000080004e86 (0x01725c93) srli    s9, tp, 23
core   0: 1 0x0000000080004e86 (0x01725c93) x25 0x0000000000000000
core   0: 0x0000000080004e8a (0x41bb569b) sraiw   a3, s6, 27
core   0: 1 0x0000000080004e8a (0x41bb569b) x13 0x0000000000000000
core   0: 0x0000000080004e8e (0x7af275cb) fnmsub.d fa1, ft4, fa5, fa5
core   0: 1 0x0000000080004e8e (0x7af275cb) f11 0x7ff8000000000000
core   0: 0x0000000080004e92 (0xd0227453) fcvt.s.l fs0, tp
core   0: 1 0x0000000080004e92 (0xd0227453) f8  0xffffffff44c8c000
core   0: 0x0000000080004e96 (0x01d7159b) slliw   a1, a4, 29
core   0: 1 0x0000000080004e96 (0x01d7159b) x11 0x0000000060000000
core   0: 0x0000000080004e9a (0x01be5633) srl     a2, t3, s11
core   0: 1 0x0000000080004e9a (0x01be5633) x12 0x0000000000000d4a
core   0: 0x0000000080004e9e (0x528ff443) fmadd.d fs0, ft11, fs0, fa0
core   0: 1 0x0000000080004e9e (0x528ff443) f8  0x7ff8000000000000
core   0: 0x0000000080004ea2 (0x22bcf24b) fnmsub.d ft4, fs9, fa1, ft4
core   0: 1 0x0000000080004ea2 (0x22bcf24b) f4  0x7ff8000000000000
core   0: 0x0000000080004ea6 (0x017b93bb) sllw    t2, s7, s7
core   0: 1 0x0000000080004ea6 (0x017b93bb) x7  0x0000000000000000
core   0: 0x0000000080004eaa (0x420d8b53) fcvt.d.s fs6, fs11
core   0: 1 0x0000000080004eaa (0x420d8b53) f22 0x7ff8000000000000
core   0: 0x0000000080004eae (0xcb68fc43) fmadd.d fs8, fa7, fs6, fs9
core   0: 1 0x0000000080004eae (0xcb68fc43) f24 0x7ff8000000000000
core   0: 0x0000000080004eb2 (0x407b893b) subw    s2, s7, t2
core   0: 1 0x0000000080004eb2 (0x407b893b) x18 0x0000000000000000
core   0: 0x0000000080004eb6 (0x00069433) sll     s0, a3, zero
core   0: 1 0x0000000080004eb6 (0x00069433) x8  0x0000000000000000
core   0: 0x0000000080004eba (0x22960653) fsgnj.d fa2, fa2, fs1
core   0: 1 0x0000000080004eba (0x22960653) f12 0x7fffffff00000000
core   0: 0x0000000080004ebe (0x2b2c02d3) fmin.d  ft5, fs8, fs2
core   0: 1 0x0000000080004ebe (0x2b2c02d3) f5  0x7ff8000000000000
core   0: 0x0000000080004ec2 (0x007b923b) sllw    tp, s7, t2
core   0: 1 0x0000000080004ec2 (0x007b923b) x4  0x0000000000000000
core   0: 0x0000000080004ec6 (0x41645593) srai    a1, s0, 22
core   0: 1 0x0000000080004ec6 (0x41645593) x11 0x0000000000000000
core   0: 0x0000000080004eca (0x2ab888d3) fmin.d  fa7, fa7, fa1
core   0: 1 0x0000000080004eca (0x2ab888d3) f17 0x7ff8000000000000
core   0: 0x0000000080004ece (0x404652bb) sraw    t0, a2, tp
core   0: 1 0x0000000080004ece (0x404652bb) x5  0x0000000000000d4a
core   0: 0x0000000080004ed2 (0x51d02d37) lui     s10, 0x51d02
core   0: 1 0x0000000080004ed2 (0x51d02d37) x26 0x0000000051d02000
core   0: 0x0000000080004ed6 (0x00202cf3) csrrs   s9, frm, zero
core   0: 1 0x0000000080004ed6 (0x00202cf3) x25 0x0000000000000000
core   0: 0x0000000080004eda (0x011e68b3) or      a7, t3, a7
core   0: 1 0x0000000080004eda (0x011e68b3) x17 0x0000000000000d4a
core   0: 0x0000000080004ede (0xe2078853) fmv.x.d a6, fa5
core   0: 1 0x0000000080004ede (0xe2078853) x16 0x7ff8000000000000
core   0: 0x0000000080004ee2 (0xc208f2d3) fcvt.w.d t0, fa7
core   0: 1 0x0000000080004ee2 (0xc208f2d3) c1_fflags 0x0000000000000011 x5  0x000000007fffffff
core   0: 0x0000000080004ee6 (0xc217f3d3) fcvt.wu.d t2, fa5
core   0: 1 0x0000000080004ee6 (0xc217f3d3) c1_fflags 0x0000000000000011 x7  0xffffffffffffffff
core   0: 0x0000000080004eea (0x01a7a8b3) slt     a7, a5, s10
core   0: 1 0x0000000080004eea (0x01a7a8b3) x17 0x0000000000000001
core   0: 0x0000000080004eee (0x00202373) csrrs   t1, frm, zero
core   0: 1 0x0000000080004eee (0x00202373) x6  0x0000000000000000
core   0: 0x0000000080004ef2 (0x006d7d33) and     s10, s10, t1
core   0: 1 0x0000000080004ef2 (0x006d7d33) x26 0x0000000000000000
core   0: 0x0000000080004ef6 (0x00000001) c.nop
core   0: 1 0x0000000080004ef6 (0x0001)
core   0: 0x0000000080004ef8 (0x03cd5233) divu    tp, s10, t3
core   0: 1 0x0000000080004ef8 (0x03cd5233) x4  0x0000000000000000
core   0: 0x0000000080004efc (0xc038f5d3) fcvt.lu.s a1, fa7
core   0: 1 0x0000000080004efc (0xc038f5d3) c1_fflags 0x0000000000000011 x11 0xffffffffffffffff
core   0: 0x0000000080004f00 (0x03426533) rem     a0, tp, s4
core   0: 1 0x0000000080004f00 (0x03426533) x10 0x0000000000000000
core   0: 0x0000000080004f04 (0xf20a0953) fmv.d.x fs2, s4
core   0: 1 0x0000000080004f04 (0xf20a0953) f18 0x0000000000000000
core   0: 0x0000000080004f08 (0x01882e33) slt     t3, a6, s8
core   0: 1 0x0000000080004f08 (0x01882e33) x28 0x0000000000000000
core   0: 0x0000000080004f0c (0x2a790853) fmin.d  fa6, fs2, ft7
core   0: 1 0x0000000080004f0c (0x2a790853) f16 0x0000000000000000
core   0: 0x0000000080004f10 (0x09f96913) ori     s2, s2, 159
core   0: 1 0x0000000080004f10 (0x09f96913) x18 0x000000000000009f
core   0: 0x0000000080004f14 (0x00091e13) slli    t3, s2, 0
core   0: 1 0x0000000080004f14 (0x00091e13) x28 0x000000000000009f
core   0: 0x0000000080004f18 (0x40ee5293) srai    t0, t3, 14
core   0: 1 0x0000000080004f18 (0x40ee5293) x5  0x0000000000000000
core   0: 0x0000000080004f1c (0x0150e0b3) or      ra, ra, s5
core   0: 1 0x0000000080004f1c (0x0150e0b3) x1  0xffffffffffffffff
core   0: 0x0000000080004f20 (0x01ee1913) slli    s2, t3, 30
core   0: 1 0x0000000080004f20 (0x01ee1913) x18 0x00000027c0000000
core   0: 0x0000000080004f24 (0x1a997ed3) fdiv.d  ft9, fs2, fs1
core   0: 1 0x0000000080004f24 (0x1a997ed3) c1_fflags 0x0000000000000011 f29 0x7ff8000000000000
core   0: 0x0000000080004f28 (0x6a21b0b7) lui     ra, 0x6a21b
core   0: 1 0x0000000080004f28 (0x6a21b0b7) x1  0x000000006a21b000
core   0: 0x0000000080004f2c (0x00000001) c.nop
core   0: 1 0x0000000080004f2c (0x0001)
core   0: 0x0000000080004f2e (0xa20a7bc3) fmadd.d fs7, fs4, ft0, fs4
core   0: 1 0x0000000080004f2e (0xa20a7bc3) f23 0xc008000000000000
core   0: 0x0000000080004f32 (0x41075eb3) sra     t4, a4, a6
core   0: 1 0x0000000080004f32 (0x41075eb3) x29 0x000000000000001b
core   0: 0x0000000080004f36 (0x0099923b) sllw    tp, s3, s1
core   0: 1 0x0000000080004f36 (0x0099923b) x4  0xffffffffe4b7bdc1
core   0: 0x0000000080004f3a (0xcb6d4017) auipc   zero, 0xcb6d4
core   0: 1 0x0000000080004f3a (0xcb6d4017)
core   0: 0x0000000080004f3e (0x0a73f4d3) fsub.d  fs1, ft7, ft7
core   0: 1 0x0000000080004f3e (0x0a73f4d3) f9  0x0000000000000000
core   0: 0x0000000080004f42 (0x00000001) c.nop
core   0: 1 0x0000000080004f42 (0x0001)
core   0: 0x0000000080004f44 (0xc20df853) fcvt.w.d a6, fs11
core   0: 1 0x0000000080004f44 (0xc20df853) c1_fflags 0x0000000000000011 x16 0x000000007fffffff
core   0: 0x0000000080004f48 (0x01496933) or      s2, s2, s4
core   0: 1 0x0000000080004f48 (0x01496933) x18 0x00000027c0000000
core   0: 0x0000000080004f4c (0x001a9c73) csrrw   s8, fflags, s5
core   0: 1 0x0000000080004f4c (0x001a9c73) x24 0x0000000000000011 c1_fflags 0x000000000000001f
core   0: 0x0000000080004f50 (0xf156a873) csrrs   a6, mconfigptr, a3
core   0: exception trap_illegal_instruction, epc 0x0000000080004f50
core   0:           tval 0x00000000f156a873
core   0: >>>>  $xrv64i2p1_m2p0_a2p1_f2p2_d2p2_zicsr2p0_zifencei2p0_zmmul1p0_zba1p0_zbb1p0_zbc1p0_zbs1p0
core   0: 0x0000000080004000 (0x0080006f) j       pc + 0x8
core   0: 3 0x0000000080004000 (0x0080006f)
core   0: >>>>  mmode_exception_handler
core   0: 0x0000000080004008 (0x00002c17) auipc   s8, 0x2
core   0: 3 0x0000000080004008 (0x00002c17) x24 0x0000000080006008
core   0: 0x000000008000400c (0x042c0c13) addi    s8, s8, 66
core   0: 3 0x000000008000400c (0x042c0c13) x24 0x000000008000604a
core   0: 0x0000000080004010 (0x000c00e7) jalr    s8
core   0: 3 0x0000000080004010 (0x000c00e7) x1  0x0000000080004014
core   0: >>>>  any_handler
core   0: 0x000000008000604a (0x341027f3) csrrs   a5, mepc, zero
core   0: 3 0x000000008000604a (0x341027f3) x15 0x0000000080004f50
core   0: 0x000000008000604e (0x34202773) csrrs   a4, mcause, zero
core   0: 3 0x000000008000604e (0x34202773) x14 0x0000000000000002
core   0: 0x0000000080006052 (0x142026f3) csrrs   a3, scause, zero
core   0: 3 0x0000000080006052 (0x142026f3) x13 0x0000000000000000
core   0: 0x0000000080006056 (0x30402673) csrrs   a2, mie, zero
core   0: 3 0x0000000080006056 (0x30402673) x12 0x0000000000000a00
core   0: 0x000000008000605a (0x344025f3) csrrs   a1, mip, zero
core   0: 3 0x000000008000605a (0x344025f3) x11 0x0000000000000080
core   0: 0x000000008000605e (0x343025f3) csrrs   a1, mtval, zero
core   0: 3 0x000000008000605e (0x343025f3) x11 0x00000000f156a873
core   0: 0x0000000080006062 (0x14302573) csrrs   a0, stval, zero
core   0: 3 0x0000000080006062 (0x14302573) x10 0x0000000000000000
core   0: 0x0000000080006066 (0xb02024f3) csrrs   s1, minstret, zero
core   0: 3 0x0000000080006066 (0xb02024f3) x9  0x0000000000000cab
core   0: 0x000000008000606a (0x0000a811) c.j     pc + 20
core   0: 3 0x000000008000606a (0xa811)
core   0: >>>>  mepc_4
core   0: 0x000000008000607e (0x00000791) c.addi  a5, 4
core   0: 3 0x000000008000607e (0x0791) x15 0x0000000080004f54
core   0: 0x0000000080006080 (0x34179073) csrrw   zero, mepc, a5
core   0: 3 0x0000000080006080 (0x34179073) c833_mepc 0x0000000080004f54
core   0: 0x0000000080006084 (0x30200073) mret
core   0: 3 0x0000000080006084 (0x30200073) c768_mstatus 0x8000000a00106080
core   0: 0x0000000080004f54 (0xb9e84c93) xori    s9, a6, -1122
core   0: 1 0x0000000080004f54 (0xb9e84c93) x25 0xffffffff80000461
core   0: 0x0000000080004f58 (0x1a0efc53) fdiv.d  fs8, ft9, ft0
core   0: 1 0x0000000080004f58 (0x1a0efc53) f24 0x7ff8000000000000
core   0: 0x0000000080004f5c (0x42978613) addi    a2, a5, 1065
core   0: 1 0x0000000080004f5c (0x42978613) x12 0x000000008000537d
core   0: 0x0000000080004f60 (0x00e643b3) xor     t2, a2, a4
core   0: 1 0x0000000080004f60 (0x00e643b3) x7  0x000000008000537f
core   0: 0x0000000080004f64 (0x01dcd71b) srliw   a4, s9, 29
core   0: 1 0x0000000080004f64 (0x01dcd71b) x14 0x0000000000000004
core   0: 0x0000000080004f68 (0xd20700d3) fcvt.d.w ft1, a4
core   0: 1 0x0000000080004f68 (0xd20700d3) f1  0x4010000000000000
core   0: 0x0000000080004f6c (0xd23972d3) fcvt.d.lu ft5, s2
core   0: 1 0x0000000080004f6c (0xd23972d3) f5  0x4243e00000000000
core   0: 0x0000000080004f70 (0x403d883b) subw    a6, s11, gp
core   0: 1 0x0000000080004f70 (0x403d883b) x16 0x0000000000000600
core   0: 0x0000000080004f74 (0xc0397a53) fcvt.lu.s s4, fs2
core   0: 1 0x0000000080004f74 (0xc0397a53) c1_fflags 0x000000000000001f x20 0xffffffffffffffff
core   0: 0x0000000080004f78 (0x4348d613) srai    a2, a7, 52
core   0: 1 0x0000000080004f78 (0x4348d613) x12 0x0000000000000000
core   0: 0x0000000080004f7c (0xc2297353) fcvt.l.d t1, fs2
core   0: 1 0x0000000080004f7c (0xc2297353) x6  0x0000000000000000
core   0: 0x0000000080004f80 (0x5a047553) fsqrt.d fa0, fs0
core   0: 1 0x0000000080004f80 (0x5a047553) f10 0x7ff8000000000000
core   0: 0x0000000080004f84 (0x1a57fd53) fdiv.d  fs10, fa5, ft5
core   0: 1 0x0000000080004f84 (0x1a57fd53) f26 0x7ff8000000000000
core   0: 0x0000000080004f88 (0x80058d1b) addiw   s10, a1, -2048
core   0: 1 0x0000000080004f88 (0x80058d1b) x26 0xfffffffff156a073
core   0: 0x0000000080004f8c (0x01ec1a1b) slliw   s4, s8, 30
core   0: 1 0x0000000080004f8c (0x01ec1a1b) x20 0xffffffff80000000
core   0: 0x0000000080004f90 (0x23a50cd3) fsgnj.d fs9, fa0, fs10
core   0: 1 0x0000000080004f90 (0x23a50cd3) f25 0x7ff8000000000000
core   0: 0x0000000080004f94 (0x2b7f1753) fmax.d  fa4, ft10, fs7
core   0: 1 0x0000000080004f94 (0x2b7f1753) f14 0x40efffffbd1fffba
core   0: 0x0000000080004f98 (0x23abacd3) fsgnjx.d fs9, fs7, fs10
core   0: 1 0x0000000080004f98 (0x23abacd3) f25 0xc008000000000000
core   0: 0x0000000080004f9c (0xd22d7ed3) fcvt.d.l ft9, s10
core   0: 1 0x0000000080004f9c (0xd22d7ed3) f29 0xc1ad52bf1a000000
core   0: 0x0000000080004fa0 (0x000d5913) srli    s2, s10, 0
core   0: 1 0x0000000080004fa0 (0x000d5913) x18 0xfffffffff156a073
core   0: 0x0000000080004fa4 (0x00e869b3) or      s3, a6, a4
core   0: 1 0x0000000080004fa4 (0x00e869b3) x19 0x0000000000000604
core   0: 0x0000000080004fa8 (0x43abd493) srai    s1, s7, 58
core   0: 1 0x0000000080004fa8 (0x43abd493) x9  0x0000000000000000
core   0: 0x0000000080004fac (0x000bd413) srli    s0, s7, 0
core   0: 1 0x0000000080004fac (0x000bd413) x8  0x0000000000000000
core   0: 0x0000000080004fb0 (0x00141573) csrrw   a0, fflags, s0
core   0: 1 0x0000000080004fb0 (0x00141573) x10 0x000000000000001f c1_fflags 0x0000000000000000
core   0: 0x0000000080004fb4 (0xd2068f53) fcvt.d.w ft10, a3
core   0: 1 0x0000000080004fb4 (0xd2068f53) f30 0x0000000000000000
core   0: 0x0000000080004fb8 (0x0067d3bb) srlw    t2, a5, t1
core   0: 1 0x0000000080004fb8 (0x0067d3bb) x7  0xffffffff80004f54
core   0: 0x0000000080004fbc (0x0053903b) sllw    zero, t2, t0
core   0: 1 0x0000000080004fbc (0x0053903b)
core   0: 0x0000000080004fc0 (0x3f914d13) xori    s10, sp, 1017
core   0: 1 0x0000000080004fc0 (0x3f914d13) x26 0x00000000000003f9
core   0: 0x0000000080004fc4 (0xc23d7153) fcvt.lu.d sp, fs10
core   0: 1 0x0000000080004fc4 (0xc23d7153) c1_fflags 0x0000000000000010 x2  0xffffffffffffffff
core   0: 0x0000000080004fc8 (0x40ad06b3) sub     a3, s10, a0
core   0: 1 0x0000000080004fc8 (0x40ad06b3) x13 0x00000000000003da
core   0: 0x0000000080004fcc (0x0ab5fc53) fsub.d  fs8, fa1, fa1
core   0: 1 0x0000000080004fcc (0x0ab5fc53) f24 0x7ff8000000000000
core   0: 0x0000000080004fd0 (0xd233f853) fcvt.d.lu fa6, t2
core   0: 1 0x0000000080004fd0 (0xd233f853) c1_fflags 0x0000000000000011 f16 0x43effffffff0000a
core   0: 0x0000000080004fd4 (0x404a5133) sra     sp, s4, tp
core   0: 1 0x0000000080004fd4 (0x404a5133) x2  0xffffffffc0000000
core   0: 0x0000000080004fd8 (0xd23470d3) fcvt.d.lu ft1, s0
core   0: 1 0x0000000080004fd8 (0xd23470d3) f1  0x0000000000000000
core   0: 0x0000000080004fdc (0x22c08b53) fsgnj.d fs6, ft1, fa2
core   0: 1 0x0000000080004fdc (0x22c08b53) f22 0x0000000000000000
core   0: 0x0000000080004fe0 (0xc210f6d3) fcvt.wu.d a3, ft1
core   0: 1 0x0000000080004fe0 (0xc210f6d3) x13 0x0000000000000000
core   0: 0x0000000080004fe4 (0x000b879b) sext.w  a5, s7
core   0: 1 0x0000000080004fe4 (0x000b879b) x15 0x0000000000000000
core   0: 0x0000000080004fe8 (0x40a68e3b) subw    t3, a3, a0
core   0: 1 0x0000000080004fe8 (0x40a68e3b) x28 0xffffffffffffffe1
core   0: 0x0000000080004fec (0xe2018ed3) fmv.x.d t4, ft3
core   0: 1 0x0000000080004fec (0xe2018ed3) x29 0x0000000000000000
core   0: 0x0000000080004ff0 (0x40035a1b) sraiw   s4, t1, 0
core   0: 1 0x0000000080004ff0 (0x40035a1b) x20 0x0000000000000000
core   0: 0x0000000080004ff4 (0x001a1e13) slli    t3, s4, 1
core   0: 1 0x0000000080004ff4 (0x001a1e13) x28 0x0000000000000000
core   0: 0x0000000080004ff8 (0x5a02f3d3) fsqrt.d ft7, ft5
core   0: 1 0x0000000080004ff8 (0x5a02f3d3) c1_fflags 0x0000000000000011 f7  0x41193813088978c5
core   0: 0x0000000080004ffc (0x342eaef3) csrrs   t4, mcause, t4
core   0: exception trap_illegal_instruction, epc 0x0000000080004ffc
core   0:           tval 0x00000000342eaef3
core   0: >>>>  $xrv64i2p1_m2p0_a2p1_f2p2_d2p2_zicsr2p0_zifencei2p0_zmmul1p0_zba1p0_zbb1p0_zbc1p0_zbs1p0
core   0: 0x0000000080004000 (0x0080006f) j       pc + 0x8
core   0: 3 0x0000000080004000 (0x0080006f)
core   0: >>>>  mmode_exception_handler
core   0: 0x0000000080004008 (0x00002c17) auipc   s8, 0x2
core   0: 3 0x0000000080004008 (0x00002c17) x24 0x0000000080006008
core   0: 0x000000008000400c (0x042c0c13) addi    s8, s8, 66
core   0: 3 0x000000008000400c (0x042c0c13) x24 0x000000008000604a
core   0: 0x0000000080004010 (0x000c00e7) jalr    s8
core   0: 3 0x0000000080004010 (0x000c00e7) x1  0x0000000080004014
core   0: >>>>  any_handler
core   0: 0x000000008000604a (0x341027f3) csrrs   a5, mepc, zero
core   0: 3 0x000000008000604a (0x341027f3) x15 0x0000000080004ffc
core   0: 0x000000008000604e (0x34202773) csrrs   a4, mcause, zero
core   0: 3 0x000000008000604e (0x34202773) x14 0x0000000000000002
core   0: 0x0000000080006052 (0x142026f3) csrrs   a3, scause, zero
core   0: 3 0x0000000080006052 (0x142026f3) x13 0x0000000000000000
core   0: 0x0000000080006056 (0x30402673) csrrs   a2, mie, zero
core   0: 3 0x0000000080006056 (0x30402673) x12 0x0000000000000a00
core   0: 0x000000008000605a (0x344025f3) csrrs   a1, mip, zero
core   0: 3 0x000000008000605a (0x344025f3) x11 0x0000000000000080
core   0: 0x000000008000605e (0x343025f3) csrrs   a1, mtval, zero
core   0: 3 0x000000008000605e (0x343025f3) x11 0x00000000342eaef3
core   0: 0x0000000080006062 (0x14302573) csrrs   a0, stval, zero
core   0: 3 0x0000000080006062 (0x14302573) x10 0x0000000000000000
core   0: 0x0000000080006066 (0xb02024f3) csrrs   s1, minstret, zero
core   0: 3 0x0000000080006066 (0xb02024f3) x9  0x0000000000000ce5
core   0: 0x000000008000606a (0x0000a811) c.j     pc + 20
core   0: 3 0x000000008000606a (0xa811)
core   0: >>>>  mepc_4
core   0: 0x000000008000607e (0x00000791) c.addi  a5, 4
core   0: 3 0x000000008000607e (0x0791) x15 0x0000000080005000
core   0: 0x0000000080006080 (0x34179073) csrrw   zero, mepc, a5
core   0: 3 0x0000000080006080 (0x34179073) c833_mepc 0x0000000080005000
core   0: 0x0000000080006084 (0x30200073) mret
core   0: 3 0x0000000080006084 (0x30200073) c768_mstatus 0x8000000a00106080
core   0: 0x0000000080005000 (0x00109413) slli    s0, ra, 1
core   0: 1 0x0000000080005000 (0x00109413) x8  0x0000000100008028
core   0: 0x0000000080005004 (0x00140393) addi    t2, s0, 1
core   0: 1 0x0000000080005004 (0x00140393) x7  0x0000000100008029
core   0: 0x0000000080005008 (0xd20b86d3) fcvt.d.w fa3, s7
core   0: 1 0x0000000080005008 (0xd20b86d3) f13 0x0000000000000000
core   0: 0x000000008000500c (0x0040113b) sllw    sp, zero, tp
core   0: 1 0x000000008000500c (0x0040113b) x2  0x0000000000000000
core   0: 0x0000000080005010 (0x37744d13) xori    s10, s0, 887
core   0: 1 0x0000000080005010 (0x37744d13) x26 0x000000010000835f
core   0: 0x0000000080005014 (0xc233fbd3) fcvt.lu.d s7, ft7
core   0: 1 0x0000000080005014 (0xc233fbd3) c1_fflags 0x0000000000000011 x23 0x0000000000064e05
core   0: 0x0000000080005018 (0x121c7c47) fmsub.d fs8, fs8, ft1, ft2
core   0: 1 0x0000000080005018 (0x121c7c47) f24 0x7ff8000000000000
core   0: 0x000000008000501c (0x16d9a7b7) lui     a5, 0x16d9a
core   0: 1 0x000000008000501c (0x16d9a7b7) x15 0x0000000016d9a000
core   0: 0x0000000080005020 (0x420d02d3) fcvt.d.s ft5, fs10
core   0: 1 0x0000000080005020 (0x420d02d3) f5  0x7ff8000000000000
core   0: 0x0000000080005024 (0x0246423b) divw    tp, a2, tp
core   0: 1 0x0000000080005024 (0x0246423b) x4  0x0000000000000000
core   0: 0x0000000080005028 (0x00202473) csrrs   s0, frm, zero
core   0: 1 0x0000000080005028 (0x00202473) x8  0x0000000000000000
core   0: 0x000000008000502c (0x002021f3) csrrs   gp, frm, zero
core   0: 1 0x000000008000502c (0x002021f3) x3  0x0000000000000000
core   0: 0x0000000080005030 (0x037c7dd3) fadd.d  fs11, fs8, fs7
core   0: 1 0x0000000080005030 (0x037c7dd3) f27 0x7ff8000000000000
core   0: 0x0000000080005034 (0x03721bb3) mulh    s7, tp, s7
core   0: 1 0x0000000080005034 (0x03721bb3) x23 0x0000000000000000
core   0: 0x0000000080005038 (0xbe0d4313) xori    t1, s10, -1056
core   0: 1 0x0000000080005038 (0xbe0d4313) x6  0xfffffffeffff78bf
core   0: 0x000000008000503c (0x01727333) and     t1, tp, s7
core   0: 1 0x000000008000503c (0x01727333) x6  0x0000000000000000
core   0: 0x0000000080005040 (0x017b8e3b) addw    t3, s7, s7
core   0: 1 0x0000000080005040 (0x017b8e3b) x28 0x0000000000000000
core   0: 0x0000000080005044 (0x8302724f) fnmadd.d ft4, ft4, fa6, fa6
core   0: 1 0x0000000080005044 (0x8302724f) f4  0x7ff8000000000000
core   0: 0x0000000080005048 (0x16a1b193) sltiu   gp, gp, 362
core   0: 1 0x0000000080005048 (0x16a1b193) x3  0x0000000000000001
core   0: 0x000000008000504c (0x01c184b3) add     s1, gp, t3
core   0: 1 0x000000008000504c (0x01c184b3) x9  0x0000000000000001
core   0: 0x0000000080005050 (0x4074d3bb) sraw    t2, s1, t2
core   0: 1 0x0000000080005050 (0x4074d3bb) x7  0x0000000000000000
core   0: 0x0000000080005054 (0xa30b8dd3) fle.d   s11, fs7, fa6
core   0: 1 0x0000000080005054 (0xa30b8dd3) x27 0x0000000000000001
core   0: 0x0000000080005058 (0x4009d91b) sraiw   s2, s3, 0
core   0: 1 0x0000000080005058 (0x4009d91b) x18 0x0000000000000604
core   0: 0x000000008000505c (0x8bdf5897) auipc   a7, 0x8bdf5
core   0: 1 0x000000008000505c (0x8bdf5897) x17 0x000000000bdfa05c
core   0: 0x0000000080005060 (0xcb92fac3) fmadd.d fs5, ft5, fs9, fs9
core   0: 1 0x0000000080005060 (0xcb92fac3) f21 0x7ff8000000000000
core   0: 0x0000000080005064 (0x002020f3) csrrs   ra, frm, zero
core   0: 1 0x0000000080005064 (0x002020f3) x1  0x0000000000000000
core   0: 0x0000000080005068 (0x22cd9653) fsgnjn.d fa2, fs11, fa2
core   0: 1 0x0000000080005068 (0x22cd9653) f12 0xfff8000000000000
core   0: 0x000000008000506c (0x03f39613) slli    a2, t2, 63
core   0: 1 0x000000008000506c (0x03f39613) x12 0x0000000000000000
core   0: 0x0000000080005070 (0x002b1873) csrrw   a6, frm, s6
core   0: 1 0x0000000080005070 (0x002b1873) x16 0x0000000000000000 c2_frm 0x0000000000000000
core   0: 0x0000000080005074 (0x5a08ff53) fsqrt.d ft10, fa7
core   0: 1 0x0000000080005074 (0x5a08ff53) f30 0x7ff8000000000000
core   0: 0x0000000080005078 (0x41060eb3) sub     t4, a2, a6
core   0: 1 0x0000000080005078 (0x41060eb3) x29 0x0000000000000000
core   0: 0x000000008000507c (0x5dc18997) auipc   s3, 0x5dc18
core   0: 1 0x000000008000507c (0x5dc18997) x19 0x00000000ddc1d07c
core   0: 0x0000000080005080 (0x03199793) slli    a5, s3, 49
core   0: 1 0x0000000080005080 (0x03199793) x15 0xa0f8000000000000
core   0: 0x0000000080005084 (0x00224eb7) lui     t4, 0x224
core   0: 1 0x0000000080005084 (0x00224eb7) x29 0x0000000000224000
core   0: 0x0000000080005088 (0xbbbe8e9b) addiw   t4, t4, -1093
core   0: 1 0x0000000080005088 (0xbbbe8e9b) x29 0x0000000000223bbb
core   0: 0x000000008000508c (0x00000ebe) c.slli  t4, 15
core   0: 1 0x000000008000508c (0x0ebe) x29 0x000000111ddd8000
core   0: 0x000000008000508e (0xcf3e8e93) addi    t4, t4, -781
core   0: 1 0x000000008000508e (0xcf3e8e93) x29 0x000000111ddd7cf3
core   0: 0x0000000080005092 (0x03c9d9b3) divu    s3, s3, t3
core   0: 1 0x0000000080005092 (0x03c9d9b3) x19 0xffffffffffffffff
core   0: 0x0000000080005096 (0xc233f7d3) fcvt.lu.d a5, ft7
core   0: 1 0x0000000080005096 (0xc233f7d3) c1_fflags 0x0000000000000011 x15 0x0000000000064e05
core   0: 0x000000008000509a (0x40178633) sub     a2, a5, ra
core   0: 1 0x000000008000509a (0x40178633) x12 0x0000000000064e05
core   0: 0x000000008000509e (0x4d9a8a93) addi    s5, s5, 1241
core   0: 1 0x000000008000509e (0x4d9a8a93) x21 0x00000000000004d8
core   0: 0x00000000800050a2 (0x00000001) c.nop
core   0: 1 0x00000000800050a2 (0x0001)
core   0: 0x00000000800050a4 (0x00065213) srli    tp, a2, 0
core   0: 1 0x00000000800050a4 (0x00065213) x4  0x0000000000064e05
core   0: 0x00000000800050a8 (0x017e48b7) lui     a7, 0x17e4
core   0: 1 0x00000000800050a8 (0x017e48b7) x17 0x00000000017e4000
core   0: 0x00000000800050ac (0x2373a7d3) fsgnjx.d fa5, ft7, fs7
core   0: 1 0x00000000800050ac (0x2373a7d3) f15 0xc1193813088978c5
core   0: 0x00000000800050b0 (0x035d5ebb) divuw   t4, s10, s5
core   0: 1 0x00000000800050b0 (0x035d5ebb) x29 0x000000000000001b
core   0: 0x00000000800050b4 (0xc029f853) fcvt.l.s a6, fs3
core   0: 1 0x00000000800050b4 (0xc029f853) c1_fflags 0x0000000000000011 x16 0x7fffffffffffffff
core   0: 0x00000000800050b8 (0xd23ef9d3) fcvt.d.lu fs3, t4
core   0: 1 0x00000000800050b8 (0xd23ef9d3) f19 0x403b000000000000
core   0: 0x00000000800050bc (0x007c1513) slli    a0, s8, 7
core   0: 1 0x00000000800050bc (0x007c1513) x10 0x0000004000302500
core   0: 0x00000000800050c0 (0x034e7a3b) remuw   s4, t3, s4
core   0: 1 0x00000000800050c0 (0x034e7a3b) x20 0x0000000000000000
core   0: 0x00000000800050c4 (0x0346d6bb) divuw   a3, a3, s4
core   0: 1 0x00000000800050c4 (0x0346d6bb) x13 0xffffffffffffffff
core   0: 0x00000000800050c8 (0xdaed774f) fnmadd.d fa4, fs10, fa4, fs11
core   0: 1 0x00000000800050c8 (0xdaed774f) f14 0x7ff8000000000000
core   0: 0x00000000800050cc (0x239c9bd3) fsgnjn.d fs7, fs9, fs9
core   0: 1 0x00000000800050cc (0x239c9bd3) f23 0x4008000000000000
core   0: 0x00000000800050d0 (0x40bc8db3) sub     s11, s9, a1
core   0: 1 0x00000000800050d0 (0x40bc8db3) x27 0xffffffff4bd1556e
core   0: 0x00000000800050d4 (0x03707d53) fadd.d  fs10, ft0, fs7
core   0: 1 0x00000000800050d4 (0x03707d53) f26 0x4014000000000000
core   0: 0x00000000800050d8 (0x03fb9e13) slli    t3, s7, 63
core   0: 1 0x00000000800050d8 (0x03fb9e13) x28 0x0000000000000000
core   0: 0x00000000800050dc (0x8d7b3393) sltiu   t2, s6, -1833
core   0: 1 0x00000000800050dc (0x8d7b3393) x7  0x0000000000000001
core   0: 0x00000000800050e0 (0x00202a73) csrrs   s4, frm, zero
core   0: 1 0x00000000800050e0 (0x00202a73) x20 0x0000000000000000
core   0: 0x00000000800050e4 (0x427ad993) srai    s3, s5, 39
core   0: 1 0x00000000800050e4 (0x427ad993) x19 0x0000000000000000
core   0: 0x00000000800050e8 (0x017125b3) slt     a1, sp, s7
core   0: 1 0x00000000800050e8 (0x017125b3) x11 0x0000000000000000
core   0: 0x00000000800050ec (0x402e53bb) sraw    t2, t3, sp
core   0: 1 0x00000000800050ec (0x402e53bb) x7  0x0000000000000000
core   0: 0x00000000800050f0 (0xe2088ad3) fmv.x.d s5, fa7
core   0: 1 0x00000000800050f0 (0xe2088ad3) x21 0x7ff8000000000000
core   0: 0x00000000800050f4 (0x03707653) fadd.d  fa2, ft0, fs7
core   0: 1 0x00000000800050f4 (0x03707653) f12 0x4014000000000000
core   0: 0x00000000800050f8 (0xc031f5d3) fcvt.lu.s a1, ft3
core   0: 1 0x00000000800050f8 (0xc031f5d3) c1_fflags 0x0000000000000011 x11 0xffffffffffffffff
core   0: 0x00000000800050fc (0x410500bb) subw    ra, a0, a6
core   0: 1 0x00000000800050fc (0x410500bb) x1  0x0000000000302501
core   0: 0x0000000080005100 (0x400e5013) srai    zero, t3, 0
core   0: 1 0x0000000080005100 (0x400e5013)
core   0: 0x0000000080005104 (0x100be873) csrrsi  a6, sstatus, 23
core   0: 1 0x0000000080005104 (0x100be873) x16 0x8000000200006000 c768_mstatus 0x8000000a00106082
core   0: 0x0000000080005108 (0x1f0b861b) addiw   a2, s7, 496
core   0: 1 0x0000000080005108 (0x1f0b861b) x12 0x00000000000001f0
core   0: 0x000000008000510c (0x00c183b3) add     t2, gp, a2
core   0: 1 0x000000008000510c (0x00c183b3) x7  0x00000000000001f1
core   0: 0x0000000080005110 (0x0ff0000f) fence   iorw,iorw
core   0: 1 0x0000000080005110 (0x0ff0000f)
core   0: 0x0000000080005114 (0x01f25d93) srli    s11, tp, 31
core   0: 1 0x0000000080005114 (0x01f25d93) x27 0x0000000000000000
core   0: 0x0000000080005118 (0xc2037553) fcvt.w.d a0, ft6
core   0: 1 0x0000000080005118 (0xc2037553) x10 0x0000000000000000
core   0: 0x000000008000511c (0x0ff0000f) fence   iorw,iorw
core   0: 1 0x000000008000511c (0x0ff0000f)
core   0: 0x0000000080005120 (0x019ddcb3) srl     s9, s11, s9
core   0: 1 0x0000000080005120 (0x019ddcb3) x25 0x0000000000000000
core   0: 0x0000000080005124 (0x033b3b33) mulhu   s6, s6, s3
core   0: 1 0x0000000080005124 (0x033b3b33) x22 0x0000000000000000
core   0: 0x0000000080005128 (0x0369d1bb) divuw   gp, s3, s6
core   0: 1 0x0000000080005128 (0x0369d1bb) x3  0xffffffffffffffff
core   0: 0x000000008000512c (0x80017c13) andi    s8, sp, -2048
core   0: 1 0x000000008000512c (0x80017c13) x24 0x0000000000000000
core   0: 0x0000000080005130 (0x03838ab3) mul     s5, t2, s8
core   0: 1 0x0000000080005130 (0x03838ab3) x21 0x0000000000000000
core   0: 0x0000000080005134 (0x420b8753) fcvt.d.s fa4, fs7
core   0: 1 0x0000000080005134 (0x420b8753) f14 0x7ff8000000000000
core   0: 0x0000000080005138 (0x02a838b3) mulhu   a7, a6, a0
core   0: 1 0x0000000080005138 (0x02a838b3) x17 0x0000000000000000
core   0: 0x000000008000513c (0x0018919b) slliw   gp, a7, 1
core   0: 1 0x000000008000513c (0x0018919b) x3  0x0000000000000000
core   0: 0x0000000080005140 (0x0248beb3) mulhu   t4, a7, tp
core   0: 1 0x0000000080005140 (0x0248beb3) x29 0x0000000000000000
core   0: 0x0000000080005144 (0xc004a373) csrrs   t1, cycle, s1
core   0: exception trap_illegal_instruction, epc 0x0000000080005144
core   0:           tval 0x00000000c004a373
core   0: >>>>  $xrv64i2p1_m2p0_a2p1_f2p2_d2p2_zicsr2p0_zifencei2p0_zmmul1p0_zba1p0_zbb1p0_zbc1p0_zbs1p0
core   0: 0x0000000080004000 (0x0080006f) j       pc + 0x8
core   0: 3 0x0000000080004000 (0x0080006f)
core   0: >>>>  mmode_exception_handler
core   0: 0x0000000080004008 (0x00002c17) auipc   s8, 0x2
core   0: 3 0x0000000080004008 (0x00002c17) x24 0x0000000080006008
core   0: 0x000000008000400c (0x042c0c13) addi    s8, s8, 66
core   0: 3 0x000000008000400c (0x042c0c13) x24 0x000000008000604a
core   0: 0x0000000080004010 (0x000c00e7) jalr    s8
core   0: 3 0x0000000080004010 (0x000c00e7) x1  0x0000000080004014
core   0: >>>>  any_handler
core   0: 0x000000008000604a (0x341027f3) csrrs   a5, mepc, zero
core   0: 3 0x000000008000604a (0x341027f3) x15 0x0000000080005144
core   0: 0x000000008000604e (0x34202773) csrrs   a4, mcause, zero
core   0: 3 0x000000008000604e (0x34202773) x14 0x0000000000000002
core   0: 0x0000000080006052 (0x142026f3) csrrs   a3, scause, zero
core   0: 3 0x0000000080006052 (0x142026f3) x13 0x0000000000000000
core   0: 0x0000000080006056 (0x30402673) csrrs   a2, mie, zero
core   0: 3 0x0000000080006056 (0x30402673) x12 0x0000000000000a00
core   0: 0x000000008000605a (0x344025f3) csrrs   a1, mip, zero
core   0: 3 0x000000008000605a (0x344025f3) x11 0x0000000000000080
core   0: 0x000000008000605e (0x343025f3) csrrs   a1, mtval, zero
core   0: 3 0x000000008000605e (0x343025f3) x11 0x00000000c004a373
core   0: 0x0000000080006062 (0x14302573) csrrs   a0, stval, zero
core   0: 3 0x0000000080006062 (0x14302573) x10 0x0000000000000000
core   0: 0x0000000080006066 (0xb02024f3) csrrs   s1, minstret, zero
core   0: 3 0x0000000080006066 (0xb02024f3) x9  0x0000000000000d47
core   0: 0x000000008000606a (0x0000a811) c.j     pc + 20
core   0: 3 0x000000008000606a (0xa811)
core   0: >>>>  mepc_4
core   0: 0x000000008000607e (0x00000791) c.addi  a5, 4
core   0: 3 0x000000008000607e (0x0791) x15 0x0000000080005148
core   0: 0x0000000080006080 (0x34179073) csrrw   zero, mepc, a5
core   0: 3 0x0000000080006080 (0x34179073) c833_mepc 0x0000000080005148
core   0: 0x0000000080006084 (0x30200073) mret
core   0: 3 0x0000000080006084 (0x30200073) c768_mstatus 0x8000000a00106082
core   0: 0x0000000080005148 (0xf6a87a13) andi    s4, a6, -150
core   0: 1 0x0000000080005148 (0xf6a87a13) x20 0x8000000200006000
core   0: 0x000000008000514c (0x4003511b) sraiw   sp, t1, 0
core   0: 1 0x000000008000514c (0x4003511b) x2  0x0000000000000000
core   0: 0x0000000080005150 (0xa3980ad3) fle.d   s5, fa6, fs9
core   0: 1 0x0000000080005150 (0xa3980ad3) x21 0x0000000000000000
core   0: 0x0000000080005154 (0x00000eaa) c.slli  t4, 10
core   0: 1 0x0000000080005154 (0x0eaa) x29 0x0000000000000000
core   0: 0x0000000080005156 (0x10e7ec13) ori     s8, a5, 270
core   0: 1 0x0000000080005156 (0x10e7ec13) x24 0x000000008000514e
core   0: 0x000000008000515a (0x0008d19b) srliw   gp, a7, 0
core   0: 1 0x000000008000515a (0x0008d19b) x3  0x0000000000000000
core   0: 0x000000008000515e (0x0008fc13) andi    s8, a7, 0
core   0: 1 0x000000008000515e (0x0008fc13) x24 0x0000000000000000
core   0: 0x0000000080005162 (0x0234f4bb) remuw   s1, s1, gp
core   0: 1 0x0000000080005162 (0x0234f4bb) x9  0x0000000000000d47
core   0: 0x0000000080005166 (0x0014a633) slt     a2, s1, ra
core   0: 1 0x0000000080005166 (0x0014a633) x12 0x0000000000000001
core   0: 0x000000008000516a (0x40a25c9b) sraiw   s9, tp, 10
core   0: 1 0x000000008000516a (0x40a25c9b) x25 0x0000000000000193
core   0: 0x000000008000516e (0xe72d6093) ori     ra, s10, -398
core   0: 1 0x000000008000516e (0xe72d6093) x1  0xffffffffffffff7f
core   0: 0x0000000080005172 (0x0202b033) mulhu   zero, t0, zero
core   0: 1 0x0000000080005172 (0x0202b033)
core   0: 0x0000000080005176 (0x035d9ab3) mulh    s5, s11, s5
core   0: 1 0x0000000080005176 (0x035d9ab3) x21 0x0000000000000000
core   0: 0x000000008000517a (0x2231a3d3) fsgnjx.d ft7, ft3, ft3
core   0: 1 0x000000008000517a (0x2231a3d3) f7  0x0000000000000000
core   0: 0x000000008000517e (0x3034bb73) csrrc   s6, mideleg, s1
core   0: exception trap_illegal_instruction, epc 0x000000008000517e
core   0:           tval 0x000000003034bb73
core   0: >>>>  $xrv64i2p1_m2p0_a2p1_f2p2_d2p2_zicsr2p0_zifencei2p0_zmmul1p0_zba1p0_zbb1p0_zbc1p0_zbs1p0
core   0: 0x0000000080004000 (0x0080006f) j       pc + 0x8
core   0: 3 0x0000000080004000 (0x0080006f)
core   0: >>>>  mmode_exception_handler
core   0: 0x0000000080004008 (0x00002c17) auipc   s8, 0x2
core   0: 3 0x0000000080004008 (0x00002c17) x24 0x0000000080006008
core   0: 0x000000008000400c (0x042c0c13) addi    s8, s8, 66
core   0: 3 0x000000008000400c (0x042c0c13) x24 0x000000008000604a
core   0: 0x0000000080004010 (0x000c00e7) jalr    s8
core   0: 3 0x0000000080004010 (0x000c00e7) x1  0x0000000080004014
core   0: >>>>  any_handler
core   0: 0x000000008000604a (0x341027f3) csrrs   a5, mepc, zero
core   0: 3 0x000000008000604a (0x341027f3) x15 0x000000008000517e
core   0: 0x000000008000604e (0x34202773) csrrs   a4, mcause, zero
core   0: 3 0x000000008000604e (0x34202773) x14 0x0000000000000002
core   0: 0x0000000080006052 (0x142026f3) csrrs   a3, scause, zero
core   0: 3 0x0000000080006052 (0x142026f3) x13 0x0000000000000000
core   0: 0x0000000080006056 (0x30402673) csrrs   a2, mie, zero
core   0: 3 0x0000000080006056 (0x30402673) x12 0x0000000000000a00
core   0: 0x000000008000605a (0x344025f3) csrrs   a1, mip, zero
core   0: 3 0x000000008000605a (0x344025f3) x11 0x0000000000000080
core   0: 0x000000008000605e (0x343025f3) csrrs   a1, mtval, zero
core   0: 3 0x000000008000605e (0x343025f3) x11 0x000000003034bb73
core   0: 0x0000000080006062 (0x14302573) csrrs   a0, stval, zero
core   0: 3 0x0000000080006062 (0x14302573) x10 0x0000000000000000
core   0: 0x0000000080006066 (0xb02024f3) csrrs   s1, minstret, zero
core   0: 3 0x0000000080006066 (0xb02024f3) x9  0x0000000000000d65
core   0: 0x000000008000606a (0x0000a811) c.j     pc + 20
core   0: 3 0x000000008000606a (0xa811)
core   0: >>>>  mepc_4
core   0: 0x000000008000607e (0x00000791) c.addi  a5, 4
core   0: 3 0x000000008000607e (0x0791) x15 0x0000000080005182
core   0: 0x0000000080006080 (0x34179073) csrrw   zero, mepc, a5
core   0: 3 0x0000000080006080 (0x34179073) c833_mepc 0x0000000080005182
core   0: 0x0000000080006084 (0x30200073) mret
core   0: 3 0x0000000080006084 (0x30200073) c768_mstatus 0x8000000a00106082
core   0: 0x0000000080005182 (0x000d61b3) or      gp, s10, zero
core   0: 1 0x0000000080005182 (0x000d61b3) x3  0x000000010000835f
core   0: 0x0000000080005186 (0xd20a8353) fcvt.d.w ft6, s5
core   0: 1 0x0000000080005186 (0xd20a8353) f6  0x0000000000000000
core   0: 0x000000008000518a (0x42c25c93) srai    s9, tp, 44
core   0: 1 0x000000008000518a (0x42c25c93) x25 0x0000000000000000
core   0: 0x000000008000518e (0xe2038dd3) fmv.x.d s11, ft7
core   0: 1 0x000000008000518e (0xe2038dd3) x27 0x0000000000000000
core   0: 0x0000000080005192 (0xd2247f53) fcvt.d.l ft10, s0
core   0: 1 0x0000000080005192 (0xd2247f53) f30 0x0000000000000000
core   0: 0x0000000080005196 (0x4323db13) srai    s6, t2, 50
core   0: 1 0x0000000080005196 (0x4323db13) x22 0x0000000000000000
core   0: 0x000000008000519a (0x72b37acf) fnmadd.d fs5, ft6, fa1, fa4
core   0: 1 0x000000008000519a (0x72b37acf) f21 0x7ff8000000000000
core   0: 0x000000008000519e (0x41645bbb) sraw    s7, s0, s6
core   0: 1 0x000000008000519e (0x41645bbb) x23 0x0000000000000000
core   0: 0x00000000800051a2 (0x037338b3) mulhu   a7, t1, s7
core   0: 1 0x00000000800051a2 (0x037338b3) x17 0x0000000000000000
core   0: 0x00000000800051a6 (0x12cdf653) fmul.d  fa2, fs11, fa2
core   0: 1 0x00000000800051a6 (0x12cdf653) f12 0x7ff8000000000000
core   0: 0x00000000800051aa (0x06c670b7) lui     ra, 0x6c67
core   0: 1 0x00000000800051aa (0x06c670b7) x1  0x0000000006c67000
core   0: 0x00000000800051ae (0xc450809b) addiw   ra, ra, -955
core   0: 1 0x00000000800051ae (0xc450809b) x1  0x0000000006c66c45
core   0: 0x00000000800051b2 (0x000000b2) c.slli  ra, 12
core   0: 1 0x00000000800051b2 (0x00b2) x1  0x0000006c66c45000
core   0: 0x00000000800051b4 (0x0d508093) addi    ra, ra, 213
core   0: 1 0x00000000800051b4 (0x0d508093) x1  0x0000006c66c450d5
core   0: 0x00000000800051b8 (0x1a747fd3) fdiv.d  ft11, fs0, ft7
core   0: 1 0x00000000800051b8 (0x1a747fd3) f31 0x7ff8000000000000
core   0: 0x00000000800051bc (0x016bd433) srl     s0, s7, s6
core   0: 1 0x00000000800051bc (0x016bd433) x8  0x0000000000000000
core   0: 0x00000000800051c0 (0x01d119b3) sll     s3, sp, t4
core   0: 1 0x00000000800051c0 (0x01d119b3) x19 0x0000000000000000
core   0: 0x00000000800051c4 (0x002022f3) csrrs   t0, frm, zero
core   0: 1 0x00000000800051c4 (0x002022f3) x5  0x0000000000000000
core   0: 0x00000000800051c8 (0x1a3b7d43) fmadd.d fs10, fs6, ft3, ft3
core   0: 1 0x00000000800051c8 (0x1a3b7d43) f26 0x0000000000000000
core   0: 0x00000000800051cc (0x033374d3) fadd.d  fs1, ft6, fs3
core   0: 1 0x00000000800051cc (0x033374d3) f9  0x403b000000000000
core   0: 0x00000000800051d0 (0xc21ff253) fcvt.wu.d tp, ft11
core   0: 1 0x00000000800051d0 (0xc21ff253) c1_fflags 0x0000000000000011 x4  0xffffffffffffffff
core   0: 0x00000000800051d4 (0x004920b3) slt     ra, s2, tp
core   0: 1 0x00000000800051d4 (0x004920b3) x1  0x0000000000000000
core   0: 0x00000000800051d8 (0x41c185b3) sub     a1, gp, t3
core   0: 1 0x00000000800051d8 (0x41c185b3) x11 0x000000010000835f
core   0: 0x00000000800051dc (0x02195313) srli    t1, s2, 33
core   0: 1 0x00000000800051dc (0x02195313) x6  0x0000000000000000
core   0: 0x00000000800051e0 (0xd021fad3) fcvt.s.l fs5, gp
core   0: 1 0x00000000800051e0 (0xd021fad3) c1_fflags 0x0000000000000011 f21 0xffffffff4f800042
core   0: 0x00000000800051e4 (0x0266e23b) remw    tp, a3, t1
core   0: 1 0x00000000800051e4 (0x0266e23b) x4  0x0000000000000000
core   0: 0x00000000800051e8 (0x4076d99b) sraiw   s3, a3, 7
core   0: 1 0x00000000800051e8 (0x4076d99b) x19 0x0000000000000000
core   0: 0x00000000800051ec (0x0240683b) remw    a6, zero, tp
core   0: 1 0x00000000800051ec (0x0240683b) x16 0x0000000000000000
core   0: 0x00000000800051f0 (0x001b1173) csrrw   sp, fflags, s6
core   0: 1 0x00000000800051f0 (0x001b1173) x2  0x0000000000000011 c1_fflags 0x0000000000000000
core   0: 0x00000000800051f4 (0x2a0f98d3) fmax.d  fa7, ft11, ft0
core   0: 1 0x00000000800051f4 (0x2a0f98d3) f17 0x4000000000000000
core   0: 0x00000000800051f8 (0x01ab4233) xor     tp, s6, s10
core   0: 1 0x00000000800051f8 (0x01ab4233) x4  0x000000010000835f
core   0: 0x00000000800051fc (0xf2010a53) fmv.d.x fs4, sp
core   0: 1 0x00000000800051fc (0xf2010a53) f20 0x0000000000000011
core   0: 0x0000000080005200 (0xc20b74d3) fcvt.w.d s1, fs6
core   0: 1 0x0000000080005200 (0xc20b74d3) x9  0x0000000000000000
core   0: 0x0000000080005204 (0x011d88bb) addw    a7, s11, a7
core   0: 1 0x0000000080005204 (0x011d88bb) x17 0x0000000000000000
core   0: 0x0000000080005208 (0xd222f153) fcvt.d.l ft2, t0
core   0: 1 0x0000000080005208 (0xd222f153) f2  0x0000000000000000
core   0: 0x000000008000520c (0x0254883b) mulw    a6, s1, t0
core   0: 1 0x000000008000520c (0x0254883b) x16 0x0000000000000000
core   0: 0x0000000080005210 (0x0008f7b3) and     a5, a7, zero
core   0: 1 0x0000000080005210 (0x0008f7b3) x15 0x0000000000000000
core   0: 0x0000000080005214 (0x404d0cbb) subw    s9, s10, tp
core   0: 1 0x0000000080005214 (0x404d0cbb) x25 0x0000000000000000
core   0: 0x0000000080005218 (0x416b5633) sra     a2, s6, s6
core   0: 1 0x0000000080005218 (0x416b5633) x12 0x0000000000000000
core   0: 0x000000008000521c (0x22242a53) fsgnjx.d fs4, fs0, ft2
core   0: 1 0x000000008000521c (0x22242a53) f20 0x7ff8000000000000
core   0: 0x0000000080005220 (0xc2037253) fcvt.w.d tp, ft6
core   0: 1 0x0000000080005220 (0xc2037253) x4  0x0000000000000000
core   0: 0x0000000080005224 (0x001cd693) srli    a3, s9, 1
core   0: 1 0x0000000080005224 (0x001cd693) x13 0x0000000000000000
core   0: 0x0000000080005228 (0x43965493) srai    s1, a2, 57
core   0: 1 0x0000000080005228 (0x43965493) x9  0x0000000000000000
core   0: 0x000000008000522c (0x23458553) fsgnj.d fa0, fa1, fs4
core   0: 1 0x000000008000522c (0x23458553) f10 0x7ff8000000000000
core   0: 0x0000000080005230 (0x411ddd3b) sraw    s10, s11, a7
core   0: 1 0x0000000080005230 (0x411ddd3b) x26 0x0000000000000000
core   0: 0x0000000080005234 (0x01d5a5b3) slt     a1, a1, t4
core   0: 1 0x0000000080005234 (0x01d5a5b3) x11 0x0000000000000000
core   0: 0x0000000080005238 (0x418d8dbb) subw    s11, s11, s8
core   0: 1 0x0000000080005238 (0x418d8dbb) x27 0x000000007fff9fb6
core   0: 0x000000008000523c (0x01f11093) slli    ra, sp, 31
core   0: 1 0x000000008000523c (0x01f11093) x1  0x0000000880000000
core   0: 0x0000000080005240 (0x02fe0a33) mul     s4, t3, a5
core   0: 1 0x0000000080005240 (0x02fe0a33) x20 0x0000000000000000
core   0: 0x0000000080005244 (0x03b0d633) divu    a2, ra, s11
core   0: 1 0x0000000080005244 (0x03b0d633) x12 0x0000000000000011
core   0: 0x0000000080005248 (0x01491ebb) sllw    t4, s2, s4
core   0: 1 0x0000000080005248 (0x01491ebb) x29 0x0000000000000604
core   0: 0x000000008000524c (0xeab4f9cf) fnmadd.d fs3, fs1, fa1, ft9
core   0: 1 0x000000008000524c (0xeab4f9cf) f19 0x7ff8000000000000
core   0: 0x0000000080005250 (0x221a1153) fsgnjn.d ft2, fs4, ft1
core   0: 1 0x0000000080005250 (0x221a1153) f2  0xfff8000000000000
core   0: 0x0000000080005254 (0x02c54533) div     a0, a0, a2
core   0: 1 0x0000000080005254 (0x02c54533) x10 0x0000000000000000
core   0: 0x0000000080005258 (0x40f989b3) sub     s3, s3, a5
core   0: 1 0x0000000080005258 (0x40f989b3) x19 0x0000000000000000
core   0: 0x000000008000525c (0x7789fb13) andi    s6, s3, 1912
core   0: 1 0x000000008000525c (0x7789fb13) x22 0x0000000000000000
core   0: 0x0000000080005260 (0xc20a71d3) fcvt.w.d gp, fs4
core   0: 1 0x0000000080005260 (0xc20a71d3) c1_fflags 0x0000000000000010 x3  0x000000007fffffff
core   0: 0x0000000080005264 (0x03f69193) slli    gp, a3, 63
core   0: 1 0x0000000080005264 (0x03f69193) x3  0x0000000000000000
core   0: 0x0000000080005268 (0x00168e93) addi    t4, a3, 1
core   0: 1 0x0000000080005268 (0x00168e93) x29 0x0000000000000001
core   0: 0x000000008000526c (0xc2317653) fcvt.lu.d a2, ft2
core   0: 1 0x000000008000526c (0xc2317653) c1_fflags 0x0000000000000010 x12 0xffffffffffffffff
core   0: 0x0000000080005270 (0x00158393) addi    t2, a1, 1
core   0: 1 0x0000000080005270 (0x00158393) x7  0x0000000000000001
core   0: 0x0000000080005274 (0x0af877d3) fsub.d  fa5, fa6, fa5
core   0: 1 0x0000000080005274 (0x0af877d3) c1_fflags 0x0000000000000011 f15 0x43effffffff000d4
core   0: 0x0000000080005278 (0x00191673) csrrw   a2, fflags, s2
core   0: 1 0x0000000080005278 (0x00191673) x12 0x0000000000000011 c1_fflags 0x0000000000000004
core   0: 0x000000008000527c (0x63ae2b97) auipc   s7, 0x63ae2
core   0: 1 0x000000008000527c (0x63ae2b97) x23 0x00000000e3ae727c
core   0: 0x0000000080005280 (0x420c0353) fcvt.d.s ft6, fs8
core   0: 1 0x0000000080005280 (0x420c0353) f6  0x7ff8000000000000
core   0: 0x0000000080005284 (0xa93b27b7) lui     a5, 0xa93b2
core   0: 1 0x0000000080005284 (0xa93b27b7) x15 0xffffffffa93b2000
core   0: 0x0000000080005288 (0x4074d61b) sraiw   a2, s1, 7
core   0: 1 0x0000000080005288 (0x4074d61b) x12 0x0000000000000000
core   0: 0x000000008000528c (0x00b5a5b3) slt     a1, a1, a1
core   0: 1 0x000000008000528c (0x00b5a5b3) x11 0x0000000000000000
core   0: 0x0000000080005290 (0x00009136) c.add   sp, a3
core   0: 1 0x0000000080005290 (0x9136) x2  0x0000000000000011
core   0: 0x0000000080005292 (0xd21d87d3) fcvt.d.wu fa5, s11
core   0: 1 0x0000000080005292 (0xd21d87d3) f15 0x41dfffe7ed800000
core   0: 0x0000000080005296 (0x000c161b) slliw   a2, s8, 0
core   0: 1 0x0000000080005296 (0x000c161b) x12 0xffffffff8000604a
core   0: 0x000000008000529a (0xfff67313) andi    t1, a2, -1
core   0: 1 0x000000008000529a (0xfff67313) x6  0xffffffff8000604a
core   0: 0x000000008000529e (0x4009d71b) sraiw   a4, s3, 0
core   0: 1 0x000000008000529e (0x4009d71b) x14 0x0000000000000000
core   0: 0x00000000800052a2 (0xe20e8453) fmv.x.d s0, ft9
core   0: 1 0x00000000800052a2 (0xe20e8453) x8  0xc1ad52bf1a000000
core   0: 0x00000000800052a6 (0x5a047453) fsqrt.d fs0, fs0
core   0: 1 0x00000000800052a6 (0x5a047453) f8  0x7ff8000000000000
core   0: 0x00000000800052aa (0x2e4761b7) lui     gp, 0x2e476
core   0: 1 0x00000000800052aa (0x2e4761b7) x3  0x000000002e476000
core   0: 0x00000000800052ae (0xc22cfbd3) fcvt.l.d s7, fs9
core   0: 1 0x00000000800052ae (0xc22cfbd3) x23 0xfffffffffffffffd
core   0: 0x00000000800052b2 (0xc026e4f3) csrrsi  s1, instret, 13
core   0: exception trap_illegal_instruction, epc 0x00000000800052b2
core   0:           tval 0x00000000c026e4f3
core   0: >>>>  $xrv64i2p1_m2p0_a2p1_f2p2_d2p2_zicsr2p0_zifencei2p0_zmmul1p0_zba1p0_zbb1p0_zbc1p0_zbs1p0
core   0: 0x0000000080004000 (0x0080006f) j       pc + 0x8
core   0: 3 0x0000000080004000 (0x0080006f)
core   0: >>>>  mmode_exception_handler
core   0: 0x0000000080004008 (0x00002c17) auipc   s8, 0x2
core   0: 3 0x0000000080004008 (0x00002c17) x24 0x0000000080006008
core   0: 0x000000008000400c (0x042c0c13) addi    s8, s8, 66
core   0: 3 0x000000008000400c (0x042c0c13) x24 0x000000008000604a
core   0: 0x0000000080004010 (0x000c00e7) jalr    s8
core   0: 3 0x0000000080004010 (0x000c00e7) x1  0x0000000080004014
core   0: >>>>  any_handler
core   0: 0x000000008000604a (0x341027f3) csrrs   a5, mepc, zero
core   0: 3 0x000000008000604a (0x341027f3) x15 0x00000000800052b2
core   0: 0x000000008000604e (0x34202773) csrrs   a4, mcause, zero
core   0: 3 0x000000008000604e (0x34202773) x14 0x0000000000000002
core   0: 0x0000000080006052 (0x142026f3) csrrs   a3, scause, zero
core   0: 3 0x0000000080006052 (0x142026f3) x13 0x0000000000000000
core   0: 0x0000000080006056 (0x30402673) csrrs   a2, mie, zero
core   0: 3 0x0000000080006056 (0x30402673) x12 0x0000000000000a00
core   0: 0x000000008000605a (0x344025f3) csrrs   a1, mip, zero
core   0: 3 0x000000008000605a (0x344025f3) x11 0x0000000000000080
core   0: 0x000000008000605e (0x343025f3) csrrs   a1, mtval, zero
core   0: 3 0x000000008000605e (0x343025f3) x11 0x00000000c026e4f3
core   0: 0x0000000080006062 (0x14302573) csrrs   a0, stval, zero
core   0: 3 0x0000000080006062 (0x14302573) x10 0x0000000000000000
core   0: 0x0000000080006066 (0xb02024f3) csrrs   s1, minstret, zero
core   0: 3 0x0000000080006066 (0xb02024f3) x9  0x0000000000000dc2
core   0: 0x000000008000606a (0x0000a811) c.j     pc + 20
core   0: 3 0x000000008000606a (0xa811)
core   0: >>>>  mepc_4
core   0: 0x000000008000607e (0x00000791) c.addi  a5, 4
core   0: 3 0x000000008000607e (0x0791) x15 0x00000000800052b6
core   0: 0x0000000080006080 (0x34179073) csrrw   zero, mepc, a5
core   0: 3 0x0000000080006080 (0x34179073) c833_mepc 0x00000000800052b6
core   0: 0x0000000080006084 (0x30200073) mret
core   0: 3 0x0000000080006084 (0x30200073) c768_mstatus 0x8000000a00106082
core   0: 0x00000000800052b6 (0xc027fe53) fcvt.l.s t3, fa5
core   0: 1 0x00000000800052b6 (0xc027fe53) c1_fflags 0x0000000000000014 x28 0x7fffffffffffffff
core   0: 0x00000000800052ba (0x03957753) fadd.d  fa4, fa0, fs9
core   0: 1 0x00000000800052ba (0x03957753) f14 0x7ff8000000000000
core   0: 0x00000000800052be (0xd03a75d3) fcvt.s.lu fa1, s4
core   0: 1 0x00000000800052be (0xd03a75d3) f11 0xffffffff00000000
core   0: 0x00000000800052c2 (0xfa484337) lui     t1, 0xfa484
core   0: 1 0x00000000800052c2 (0xfa484337) x6  0xfffffffffa484000
core   0: 0x00000000800052c6 (0x6c33031b) addiw   t1, t1, 1731
core   0: 1 0x00000000800052c6 (0x6c33031b) x6  0xfffffffffa4846c3
core   0: 0x00000000800052ca (0x00000332) c.slli  t1, 12
core   0: 1 0x00000000800052ca (0x0332) x6  0xffffffa4846c3000
core   0: 0x00000000800052cc (0x9d130313) addi    t1, t1, -1583
core   0: 1 0x00000000800052cc (0x9d130313) x6  0xffffffa4846c29d1
core   0: 0x00000000800052d0 (0x0ff0000f) fence   iorw,iorw
core   0: 1 0x00000000800052d0 (0x0ff0000f)
core   0: 0x00000000800052d4 (0x00e4f0b3) and     ra, s1, a4
core   0: 1 0x00000000800052d4 (0x00e4f0b3) x1  0x0000000000000002
core   0: 0x00000000800052d8 (0xd03a7253) fcvt.s.lu ft4, s4
core   0: 1 0x00000000800052d8 (0xd03a7253) f4  0xffffffff00000000
core   0: 0x00000000800052dc (0xead63197) auipc   gp, 0xead63
core   0: 1 0x00000000800052dc (0xead63197) x3  0x000000006ad682dc
core   0: 0x00000000800052e0 (0xe2020453) fmv.x.d s0, ft4
core   0: 1 0x00000000800052e0 (0xe2020453) x8  0xffffffff00000000
core   0: 0x00000000800052e4 (0xd230f553) fcvt.d.lu fa0, ra
core   0: 1 0x00000000800052e4 (0xd230f553) f10 0x4000000000000000
core   0: 0x00000000800052e8 (0x23ed00d3) fsgnj.d ft1, fs10, ft10
core   0: 1 0x00000000800052e8 (0x23ed00d3) f1  0x0000000000000000
core   0: 0x00000000800052ec (0xd02c7053) fcvt.s.l ft0, s8
core   0: 1 0x00000000800052ec (0xd02c7053) c1_fflags 0x0000000000000015 f0  0xffffffff4f000060
core   0: 0x00000000800052f0 (0x03a1cd3b) divw    s10, gp, s10
core   0: 1 0x00000000800052f0 (0x03a1cd3b) x26 0xffffffffffffffff
core   0: 0x00000000800052f4 (0x00144b33) xor     s6, s0, ra
core   0: 1 0x00000000800052f4 (0x00144b33) x22 0xffffffff00000002
core   0: 0x00000000800052f8 (0x22052fd3) fsgnjx.d ft11, fa0, ft0
core   0: 1 0x00000000800052f8 (0x22052fd3) f31 0xc000000000000000
core   0: 0x00000000800052fc (0x0ff0000f) fence   iorw,iorw
core   0: 1 0x00000000800052fc (0x0ff0000f)
core   0: 0x0000000080005300 (0x37eb4513) xori    a0, s6, 894
core   0: 1 0x0000000080005300 (0x37eb4513) x10 0xffffffff0000037c
core   0: 0x0000000080005304 (0xd21989d3) fcvt.d.wu fs3, s3
core   0: 1 0x0000000080005304 (0xd21989d3) f19 0x0000000000000000
core   0: 0x0000000080005308 (0x019e3cb3) sltu    s9, t3, s9
core   0: 1 0x0000000080005308 (0x019e3cb3) x25 0x0000000000000000
core   0: 0x000000008000530c (0x030156b3) divu    a3, sp, a6
core   0: 1 0x000000008000530c (0x030156b3) x13 0xffffffffffffffff
core   0: 0x0000000080005310 (0x40065d1b) sraiw   s10, a2, 0
core   0: 1 0x0000000080005310 (0x40065d1b) x26 0x0000000000000a00
core   0: 0x0000000080005314 (0x43f5d213) srai    tp, a1, 63
core   0: 1 0x0000000080005314 (0x43f5d213) x4  0x0000000000000000
core   0: 0x0000000080005318 (0x022e01b3) mul     gp, t3, sp
core   0: 1 0x0000000080005318 (0x022e01b3) x3  0x7fffffffffffffef
core   0: 0x000000008000531c (0x41d558bb) sraw    a7, a0, t4
core   0: 1 0x000000008000531c (0x41d558bb) x17 0x00000000000001be
core   0: 0x0000000080005320 (0xa8b13137) lui     sp, 0xa8b13
core   0: 1 0x0000000080005320 (0xa8b13137) x2  0xffffffffa8b13000
core   0: 0x0000000080005324 (0x41510eb3) sub     t4, sp, s5
core   0: 1 0x0000000080005324 (0x41510eb3) x29 0xffffffffa8b13000
core   0: 0x0000000080005328 (0x000d919b) slliw   gp, s11, 0
core   0: 1 0x0000000080005328 (0x000d919b) x3  0x000000007fff9fb6
core   0: 0x000000008000532c (0xf2050353) fmv.d.x ft6, a0
core   0: 1 0x000000008000532c (0xf2050353) f6  0xffffffff0000037c
core   0: 0x0000000080005330 (0xe20f8853) fmv.x.d a6, ft11
core   0: 1 0x0000000080005330 (0xe20f8853) x16 0xc000000000000000
core   0: 0x0000000080005334 (0x002025f3) csrrs   a1, frm, zero
core   0: 1 0x0000000080005334 (0x002025f3) x11 0x0000000000000000
core   0: 0x0000000080005338 (0x02e4f833) remu    a6, s1, a4
core   0: 1 0x0000000080005338 (0x02e4f833) x16 0x0000000000000000
core   0: 0x000000008000533c (0x00000001) c.nop
core   0: 1 0x000000008000533c (0x0001)
core   0: 0x000000008000533e (0x0314d3bb) divuw   t2, s1, a7
core   0: 1 0x000000008000533e (0x0314d3bb) x7  0x0000000000000007
core   0: 0x0000000080005342 (0x001cfc13) andi    s8, s9, 1
core   0: 1 0x0000000080005342 (0x001cfc13) x24 0x0000000000000000
core   0: 0x0000000080005346 (0xc225f453) fcvt.l.d s0, fa1
core   0: 1 0x0000000080005346 (0xc225f453) c1_fflags 0x0000000000000015 x8  0x7fffffffffffffff
core   0: 0x000000008000534a (0x20aeb8b7) lui     a7, 0x20aeb
core   0: 1 0x000000008000534a (0x20aeb8b7) x17 0x0000000020aeb000
core   0: 0x000000008000534e (0xf149a573) csrrs   a0, mhartid, s3
core   0: exception trap_illegal_instruction, epc 0x000000008000534e
core   0:           tval 0x00000000f149a573
core   0: >>>>  $xrv64i2p1_m2p0_a2p1_f2p2_d2p2_zicsr2p0_zifencei2p0_zmmul1p0_zba1p0_zbb1p0_zbc1p0_zbs1p0
core   0: 0x0000000080004000 (0x0080006f) j       pc + 0x8
core   0: 3 0x0000000080004000 (0x0080006f)
core   0: >>>>  mmode_exception_handler
core   0: 0x0000000080004008 (0x00002c17) auipc   s8, 0x2
core   0: 3 0x0000000080004008 (0x00002c17) x24 0x0000000080006008
core   0: 0x000000008000400c (0x042c0c13) addi    s8, s8, 66
core   0: 3 0x000000008000400c (0x042c0c13) x24 0x000000008000604a
core   0: 0x0000000080004010 (0x000c00e7) jalr    s8
core   0: 3 0x0000000080004010 (0x000c00e7) x1  0x0000000080004014
core   0: >>>>  any_handler
core   0: 0x000000008000604a (0x341027f3) csrrs   a5, mepc, zero
core   0: 3 0x000000008000604a (0x341027f3) x15 0x000000008000534e
core   0: 0x000000008000604e (0x34202773) csrrs   a4, mcause, zero
core   0: 3 0x000000008000604e (0x34202773) x14 0x0000000000000002
core   0: 0x0000000080006052 (0x142026f3) csrrs   a3, scause, zero
core   0: 3 0x0000000080006052 (0x142026f3) x13 0x0000000000000000
core   0: 0x0000000080006056 (0x30402673) csrrs   a2, mie, zero
core   0: 3 0x0000000080006056 (0x30402673) x12 0x0000000000000a00
core   0: 0x000000008000605a (0x344025f3) csrrs   a1, mip, zero
core   0: 3 0x000000008000605a (0x344025f3) x11 0x0000000000000080
core   0: 0x000000008000605e (0x343025f3) csrrs   a1, mtval, zero
core   0: 3 0x000000008000605e (0x343025f3) x11 0x00000000f149a573
core   0: 0x0000000080006062 (0x14302573) csrrs   a0, stval, zero
core   0: 3 0x0000000080006062 (0x14302573) x10 0x0000000000000000
core   0: 0x0000000080006066 (0xb02024f3) csrrs   s1, minstret, zero
core   0: 3 0x0000000080006066 (0xb02024f3) x9  0x0000000000000df9
core   0: 0x000000008000606a (0x0000a811) c.j     pc + 20
core   0: 3 0x000000008000606a (0xa811)
core   0: >>>>  mepc_4
core   0: 0x000000008000607e (0x00000791) c.addi  a5, 4
core   0: 3 0x000000008000607e (0x0791) x15 0x0000000080005352
core   0: 0x0000000080006080 (0x34179073) csrrw   zero, mepc, a5
core   0: 3 0x0000000080006080 (0x34179073) c833_mepc 0x0000000080005352
core   0: 0x0000000080006084 (0x30200073) mret
core   0: 3 0x0000000080006084 (0x30200073) c768_mstatus 0x8000000a00106082
core   0: 0x0000000080005352 (0x003e9833) sll     a6, t4, gp
core   0: 1 0x0000000080005352 (0x003e9833) x16 0x0000000000000000
core   0: 0x0000000080005356 (0x4ed9ca93) xori    s5, s3, 1261
core   0: 1 0x0000000080005356 (0x4ed9ca93) x21 0x00000000000004ed
core   0: 0x000000008000535a (0xd23dfad3) fcvt.d.lu fs5, s11
core   0: 1 0x000000008000535a (0xd23dfad3) f21 0x41dfffe7ed800000
core   0: 0x000000008000535e (0x405d5233) sra     tp, s10, t0
core   0: 1 0x000000008000535e (0x405d5233) x4  0x0000000000000a00
core   0: 0x0000000080005362 (0x03fdda93) srli    s5, s11, 63
core   0: 1 0x0000000080005362 (0x03fdda93) x21 0x0000000000000000
core   0: 0x0000000080005366 (0x03db61bb) remw    gp, s6, t4
core   0: 1 0x0000000080005366 (0x03db61bb) x3  0x0000000000000002
core   0: 0x000000008000536a (0x4011f753) fcvt.s.d fa4, ft3
core   0: 1 0x000000008000536a (0x4011f753) f14 0xffffffff00000000
core   0: 0x000000008000536e (0x00000001) c.nop
core   0: 1 0x000000008000536e (0x0001)
core   0: 0x0000000080005370 (0x5a07fed3) fsqrt.d ft9, fa5
core   0: 1 0x0000000080005370 (0x5a07fed3) c1_fflags 0x0000000000000015 f29 0x40e6a095e3b7cdd3
core   0: 0x0000000080005374 (0x0f944db7) lui     s11, 0xf944
core   0: 1 0x0000000080005374 (0x0f944db7) x27 0x000000000f944000
core   0: 0x0000000080005378 (0x07b6c4b7) lui     s1, 0x7b6c
core   0: 1 0x0000000080005378 (0x07b6c4b7) x9  0x0000000007b6c000
core   0: 0x000000008000537c (0x3cf4849b) addiw   s1, s1, 975
core   0: 1 0x000000008000537c (0x3cf4849b) x9  0x0000000007b6c3cf
core   0: 0x0000000080005380 (0x000004b2) c.slli  s1, 12
core   0: 1 0x0000000080005380 (0x04b2) x9  0x0000007b6c3cf000
core   0: 0x0000000080005382 (0xb8748493) addi    s1, s1, -1145
core   0: 1 0x0000000080005382 (0xb8748493) x9  0x0000007b6c3ceb87
core   0: 0x0000000080005386 (0x420e80d3) fcvt.d.s ft1, ft9
core   0: 1 0x0000000080005386 (0x420e80d3) f1  0x7ff8000000000000
core   0: 0x000000008000538a (0xc037f0d3) fcvt.lu.s ra, fa5
core   0: 1 0x000000008000538a (0xc037f0d3) c1_fflags 0x0000000000000015 x1  0xffffffffffffffff
core   0: 0x000000008000538e (0xc02ef253) fcvt.l.s tp, ft9
core   0: 1 0x000000008000538e (0xc02ef253) c1_fflags 0x0000000000000015 x4  0x7fffffffffffffff
core   0: 0x0000000080005392 (0x03b3bb33) mulhu   s6, t2, s11
core   0: 1 0x0000000080005392 (0x03b3bb33) x22 0x0000000000000000
core   0: 0x0000000080005396 (0xa2fcfa4f) fnmadd.d fs4, fs9, fa5, fs4
core   0: 1 0x0000000080005396 (0xa2fcfa4f) f20 0x7ff8000000000000
core   0: 0x000000008000539a (0xc2137353) fcvt.wu.d t1, ft6
core   0: 1 0x000000008000539a (0xc2137353) c1_fflags 0x0000000000000015 x6  0xffffffffffffffff
core   0: 0x000000008000539e (0x000099a6) c.add   s3, s1
core   0: 1 0x000000008000539e (0x99a6) x19 0x0000007b6c3ceb87
core   0: 0x00000000800053a0 (0x0057da1b) srliw   s4, a5, 5
core   0: 1 0x00000000800053a0 (0x0057da1b) x20 0x000000000400029a
core   0: 0x00000000800053a4 (0x01ba5c3b) srlw    s8, s4, s11
core   0: 1 0x00000000800053a4 (0x01ba5c3b) x24 0x000000000400029a
core   0: 0x00000000800053a8 (0x41f55b1b) sraiw   s6, a0, 31
core   0: 1 0x00000000800053a8 (0x41f55b1b) x22 0x0000000000000000
core   0: 0x00000000800053ac (0x0ff0000f) fence   iorw,iorw
core   0: 1 0x00000000800053ac (0x0ff0000f)
core   0: 0x00000000800053b0 (0x01ab02bb) addw    t0, s6, s10
core   0: 1 0x00000000800053b0 (0x01ab02bb) x5  0x0000000000000a00
core   0: 0x00000000800053b4 (0xd22b7e53) fcvt.d.l ft8, s6
core   0: 1 0x00000000800053b4 (0xd22b7e53) f28 0x0000000000000000
core   0: 0x00000000800053b8 (0x0188c8b3) xor     a7, a7, s8
core   0: 1 0x00000000800053b8 (0x0188c8b3) x17 0x0000000024aeb29a
core   0: 0x00000000800053bc (0x02261433) mulh    s0, a2, sp
core   0: 1 0x00000000800053bc (0x02261433) x8  0xffffffffffffffff
core   0: 0x00000000800053c0 (0x02d8c3b3) div     t2, a7, a3
core   0: 1 0x00000000800053c0 (0x02d8c3b3) x7  0xffffffffffffffff
core   0: 0x00000000800053c4 (0xc202f5d3) fcvt.w.d a1, ft5
core   0: 1 0x00000000800053c4 (0xc202f5d3) c1_fflags 0x0000000000000015 x11 0x000000007fffffff
core   0: 0x00000000800053c8 (0x405adabb) sraw    s5, s5, t0
core   0: 1 0x00000000800053c8 (0x405adabb) x21 0x0000000000000000
core   0: 0x00000000800053cc (0x0009119b) slliw   gp, s2, 0
core   0: 1 0x00000000800053cc (0x0009119b) x3  0x0000000000000604
core   0: 0x00000000800053d0 (0x00350bb3) add     s7, a0, gp
core   0: 1 0x00000000800053d0 (0x00350bb3) x23 0x0000000000000604
core   0: 0x00000000800053d4 (0xc220fad3) fcvt.l.d s5, ft1
core   0: 1 0x00000000800053d4 (0xc220fad3) c1_fflags 0x0000000000000015 x21 0x7fffffffffffffff
core   0: 0x00000000800053d8 (0xc050fa73) csrrci  s4, hpmcounter5, 1
core   0: exception trap_illegal_instruction, epc 0x00000000800053d8
core   0:           tval 0x00000000c050fa73
core   0: >>>>  $xrv64i2p1_m2p0_a2p1_f2p2_d2p2_zicsr2p0_zifencei2p0_zmmul1p0_zba1p0_zbb1p0_zbc1p0_zbs1p0
core   0: 0x0000000080004000 (0x0080006f) j       pc + 0x8
core   0: 3 0x0000000080004000 (0x0080006f)
core   0: >>>>  mmode_exception_handler
core   0: 0x0000000080004008 (0x00002c17) auipc   s8, 0x2
core   0: 3 0x0000000080004008 (0x00002c17) x24 0x0000000080006008
core   0: 0x000000008000400c (0x042c0c13) addi    s8, s8, 66
core   0: 3 0x000000008000400c (0x042c0c13) x24 0x000000008000604a
core   0: 0x0000000080004010 (0x000c00e7) jalr    s8
core   0: 3 0x0000000080004010 (0x000c00e7) x1  0x0000000080004014
core   0: >>>>  any_handler
core   0: 0x000000008000604a (0x341027f3) csrrs   a5, mepc, zero
core   0: 3 0x000000008000604a (0x341027f3) x15 0x00000000800053d8
core   0: 0x000000008000604e (0x34202773) csrrs   a4, mcause, zero
core   0: 3 0x000000008000604e (0x34202773) x14 0x0000000000000002
core   0: 0x0000000080006052 (0x142026f3) csrrs   a3, scause, zero
core   0: 3 0x0000000080006052 (0x142026f3) x13 0x0000000000000000
core   0: 0x0000000080006056 (0x30402673) csrrs   a2, mie, zero
core   0: 3 0x0000000080006056 (0x30402673) x12 0x0000000000000a00
core   0: 0x000000008000605a (0x344025f3) csrrs   a1, mip, zero
core   0: 3 0x000000008000605a (0x344025f3) x11 0x0000000000000080
core   0: 0x000000008000605e (0x343025f3) csrrs   a1, mtval, zero
core   0: 3 0x000000008000605e (0x343025f3) x11 0x00000000c050fa73
core   0: 0x0000000080006062 (0x14302573) csrrs   a0, stval, zero
core   0: 3 0x0000000080006062 (0x14302573) x10 0x0000000000000000
core   0: 0x0000000080006066 (0xb02024f3) csrrs   s1, minstret, zero
core   0: 3 0x0000000080006066 (0xb02024f3) x9  0x0000000000000e2c
core   0: 0x000000008000606a (0x0000a811) c.j     pc + 20
core   0: 3 0x000000008000606a (0xa811)
core   0: >>>>  mepc_4
core   0: 0x000000008000607e (0x00000791) c.addi  a5, 4
core   0: 3 0x000000008000607e (0x0791) x15 0x00000000800053dc
core   0: 0x0000000080006080 (0x34179073) csrrw   zero, mepc, a5
core   0: 3 0x0000000080006080 (0x34179073) c833_mepc 0x00000000800053dc
core   0: 0x0000000080006084 (0x30200073) mret
core   0: 3 0x0000000080006084 (0x30200073) c768_mstatus 0x8000000a00106082
core   0: 0x00000000800053dc (0x0040f7b3) and     a5, ra, tp
core   0: 1 0x00000000800053dc (0x0040f7b3) x15 0x0000000080004014
core   0: 0x00000000800053e0 (0x00cd2db7) lui     s11, 0xcd2
core   0: 1 0x00000000800053e0 (0x00cd2db7) x27 0x0000000000cd2000
core   0: 0x00000000800053e4 (0xb6fd8d9b) addiw   s11, s11, -1169
core   0: 1 0x00000000800053e4 (0xb6fd8d9b) x27 0x0000000000cd1b6f
core   0: 0x00000000800053e8 (0x00000db2) c.slli  s11, 12
core   0: 1 0x00000000800053e8 (0x0db2) x27 0x0000000cd1b6f000
core   0: 0x00000000800053ea (0xc82d8d93) addi    s11, s11, -894
core   0: 1 0x00000000800053ea (0xc82d8d93) x27 0x0000000cd1b6ec82
core   0: 0x00000000800053ee (0x41080ebb) subw    t4, a6, a6
core   0: 1 0x00000000800053ee (0x41080ebb) x29 0x0000000000000000
core   0: 0x00000000800053f2 (0x0381fc33) remu    s8, gp, s8
core   0: 1 0x00000000800053f2 (0x0381fc33) x24 0x0000000000000604
core   0: 0x00000000800053f6 (0x0bce7bd3) fsub.d  fs7, ft8, ft8
core   0: 1 0x00000000800053f6 (0x0bce7bd3) f23 0x0000000000000000
core   0: 0x00000000800053fa (0x032057b3) divu    a5, zero, s2
core   0: 1 0x00000000800053fa (0x032057b3) x15 0x0000000000000000
core   0: 0x00000000800053fe (0x00fdf033) and     zero, s11, a5
core   0: 1 0x00000000800053fe (0x00fdf033)
core   0: 0x0000000080005402 (0x0b1c79d3) fsub.d  fs3, fs8, fa7
core   0: 1 0x0000000080005402 (0x0b1c79d3) f19 0x7ff8000000000000
core   0: 0x0000000080005406 (0x01318e33) add     t3, gp, s3
core   0: 1 0x0000000080005406 (0x01318e33) x28 0x0000007b6c3cf18b
core   0: 0x000000008000540a (0x40d486bb) subw    a3, s1, a3
core   0: 1 0x000000008000540a (0x40d486bb) x13 0x0000000000000e2c
core   0: 0x000000008000540e (0x03cc06b3) mul     a3, s8, t3
core   0: 1 0x000000008000540e (0x03cc06b3) x13 0x0002e6771e9d082c
core   0: 0x0000000080005412 (0x0012d49b) srliw   s1, t0, 1
core   0: 1 0x0000000080005412 (0x0012d49b) x9  0x0000000000000500
core   0: 0x0000000080005416 (0x4144d433) sra     s0, s1, s4
core   0: 1 0x0000000080005416 (0x4144d433) x8  0x0000000000000000
core   0: 0x000000008000541a (0x002c0a3b) addw    s4, s8, sp
core   0: 1 0x000000008000541a (0x002c0a3b) x20 0xffffffffa8b13604
core   0: 0x000000008000541e (0x0ff0000f) fence   iorw,iorw
core   0: 1 0x000000008000541e (0x0ff0000f)
core   0: 0x0000000080005422 (0xd20b8dd3) fcvt.d.w fs11, s7
core   0: 1 0x0000000080005422 (0xd20b8dd3) f27 0x4098100000000000
core   0: 0x0000000080005426 (0x3438a8f3) csrrs   a7, mtval, a7
core   0: exception trap_illegal_instruction, epc 0x0000000080005426
core   0:           tval 0x000000003438a8f3
core   0: >>>>  $xrv64i2p1_m2p0_a2p1_f2p2_d2p2_zicsr2p0_zifencei2p0_zmmul1p0_zba1p0_zbb1p0_zbc1p0_zbs1p0
core   0: 0x0000000080004000 (0x0080006f) j       pc + 0x8
core   0: 3 0x0000000080004000 (0x0080006f)
core   0: >>>>  mmode_exception_handler
core   0: 0x0000000080004008 (0x00002c17) auipc   s8, 0x2
core   0: 3 0x0000000080004008 (0x00002c17) x24 0x0000000080006008
core   0: 0x000000008000400c (0x042c0c13) addi    s8, s8, 66
core   0: 3 0x000000008000400c (0x042c0c13) x24 0x000000008000604a
core   0: 0x0000000080004010 (0x000c00e7) jalr    s8
core   0: 3 0x0000000080004010 (0x000c00e7) x1  0x0000000080004014
core   0: >>>>  any_handler
core   0: 0x000000008000604a (0x341027f3) csrrs   a5, mepc, zero
core   0: 3 0x000000008000604a (0x341027f3) x15 0x0000000080005426
core   0: 0x000000008000604e (0x34202773) csrrs   a4, mcause, zero
core   0: 3 0x000000008000604e (0x34202773) x14 0x0000000000000002
core   0: 0x0000000080006052 (0x142026f3) csrrs   a3, scause, zero
core   0: 3 0x0000000080006052 (0x142026f3) x13 0x0000000000000000
core   0: 0x0000000080006056 (0x30402673) csrrs   a2, mie, zero
core   0: 3 0x0000000080006056 (0x30402673) x12 0x0000000000000a00
core   0: 0x000000008000605a (0x344025f3) csrrs   a1, mip, zero
core   0: 3 0x000000008000605a (0x344025f3) x11 0x0000000000000080
core   0: 0x000000008000605e (0x343025f3) csrrs   a1, mtval, zero
core   0: 3 0x000000008000605e (0x343025f3) x11 0x000000003438a8f3
core   0: 0x0000000080006062 (0x14302573) csrrs   a0, stval, zero
core   0: 3 0x0000000080006062 (0x14302573) x10 0x0000000000000000
core   0: 0x0000000080006066 (0xb02024f3) csrrs   s1, minstret, zero
core   0: 3 0x0000000080006066 (0xb02024f3) x9  0x0000000000000e4f
core   0: 0x000000008000606a (0x0000a811) c.j     pc + 20
core   0: 3 0x000000008000606a (0xa811)
core   0: >>>>  mepc_4
core   0: 0x000000008000607e (0x00000791) c.addi  a5, 4
core   0: 3 0x000000008000607e (0x0791) x15 0x000000008000542a
core   0: 0x0000000080006080 (0x34179073) csrrw   zero, mepc, a5
core   0: 3 0x0000000080006080 (0x34179073) c833_mepc 0x000000008000542a
core   0: 0x0000000080006084 (0x30200073) mret
core   0: 3 0x0000000080006084 (0x30200073) c768_mstatus 0x8000000a00106082
core   0: 0x000000008000542a (0x4018da93) srai    s5, a7, 1
core   0: 1 0x000000008000542a (0x4018da93) x21 0x000000001257594d
core   0: 0x000000008000542e (0x413dddbb) sraw    s11, s11, s3
core   0: 1 0x000000008000542e (0x413dddbb) x27 0xffffffffffa36dd9
core   0: 0x0000000080005432 (0x033cf53b) remuw   a0, s9, s3
core   0: 1 0x0000000080005432 (0x033cf53b) x10 0x0000000000000000
core   0: 0x0000000080005436 (0x32e37843) fmadd.d fa6, ft6, fa4, ft6
core   0: 1 0x0000000080005436 (0x32e37843) f16 0x7ff8000000000000
core   0: 0x000000008000543a (0x42080cd3) fcvt.d.s fs9, fa6
core   0: 1 0x000000008000543a (0x42080cd3) f25 0x7ff8000000000000
core   0: 0x000000008000543e (0x125cf8d3) fmul.d  fa7, fs9, ft5
core   0: 1 0x000000008000543e (0x125cf8d3) f17 0x7ff8000000000000
core   0: 0x0000000080005442 (0x00089a93) slli    s5, a7, 0
core   0: 1 0x0000000080005442 (0x00089a93) x21 0x0000000024aeb29a
core   0: 0x0000000080005446 (0x2b9f05d3) fmin.d  fa1, ft10, fs9
core   0: 1 0x0000000080005446 (0x2b9f05d3) f11 0x0000000000000000
core   0: 0x000000008000544a (0x02ca9e93) slli    t4, s5, 44
core   0: 1 0x000000008000544a (0x02ca9e93) x29 0xeb29a00000000000
core   0: 0x000000008000544e (0x61fecc13) xori    s8, t4, 1567
core   0: 1 0x000000008000544e (0x61fecc13) x24 0xeb29a0000000061f
core   0: 0x0000000080005452 (0x031ff853) fadd.d  fa6, ft11, fa7
core   0: 1 0x0000000080005452 (0x031ff853) f16 0x7ff8000000000000
core   0: 0x0000000080005456 (0x077d14b7) lui     s1, 0x77d1
core   0: 1 0x0000000080005456 (0x077d14b7) x9  0x00000000077d1000
core   0: 0x000000008000545a (0x3054849b) addiw   s1, s1, 773
core   0: 1 0x000000008000545a (0x3054849b) x9  0x00000000077d1305
core   0: 0x000000008000545e (0x000004b2) c.slli  s1, 12
core   0: 1 0x000000008000545e (0x04b2) x9  0x00000077d1305000
core   0: 0x0000000080005460 (0x9ba48493) addi    s1, s1, -1606
core   0: 1 0x0000000080005460 (0x9ba48493) x9  0x00000077d13049ba
core   0: 0x0000000080005464 (0x00102cf3) csrrs   s9, fflags, zero
core   0: 1 0x0000000080005464 (0x00102cf3) x25 0x0000000000000015
core   0: 0x0000000080005468 (0x0329543b) divuw   s0, s2, s2
core   0: 1 0x0000000080005468 (0x0329543b) x8  0x0000000000000001
core   0: 0x000000008000546c (0x3427ae73) csrrs   t3, mcause, a5
core   0: exception trap_illegal_instruction, epc 0x000000008000546c
core   0:           tval 0x000000003427ae73
core   0: >>>>  $xrv64i2p1_m2p0_a2p1_f2p2_d2p2_zicsr2p0_zifencei2p0_zmmul1p0_zba1p0_zbb1p0_zbc1p0_zbs1p0
core   0: 0x0000000080004000 (0x0080006f) j       pc + 0x8
core   0: 3 0x0000000080004000 (0x0080006f)
core   0: >>>>  mmode_exception_handler
core   0: 0x0000000080004008 (0x00002c17) auipc   s8, 0x2
core   0: 3 0x0000000080004008 (0x00002c17) x24 0x0000000080006008
core   0: 0x000000008000400c (0x042c0c13) addi    s8, s8, 66
core   0: 3 0x000000008000400c (0x042c0c13) x24 0x000000008000604a
core   0: 0x0000000080004010 (0x000c00e7) jalr    s8
core   0: 3 0x0000000080004010 (0x000c00e7) x1  0x0000000080004014
core   0: >>>>  any_handler
core   0: 0x000000008000604a (0x341027f3) csrrs   a5, mepc, zero
core   0: 3 0x000000008000604a (0x341027f3) x15 0x000000008000546c
core   0: 0x000000008000604e (0x34202773) csrrs   a4, mcause, zero
core   0: 3 0x000000008000604e (0x34202773) x14 0x0000000000000002
core   0: 0x0000000080006052 (0x142026f3) csrrs   a3, scause, zero
core   0: 3 0x0000000080006052 (0x142026f3) x13 0x0000000000000000
core   0: 0x0000000080006056 (0x30402673) csrrs   a2, mie, zero
core   0: 3 0x0000000080006056 (0x30402673) x12 0x0000000000000a00
core   0: 0x000000008000605a (0x344025f3) csrrs   a1, mip, zero
core   0: 3 0x000000008000605a (0x344025f3) x11 0x0000000000000080
core   0: 0x000000008000605e (0x343025f3) csrrs   a1, mtval, zero
core   0: 3 0x000000008000605e (0x343025f3) x11 0x000000003427ae73
core   0: 0x0000000080006062 (0x14302573) csrrs   a0, stval, zero
core   0: 3 0x0000000080006062 (0x14302573) x10 0x0000000000000000
core   0: 0x0000000080006066 (0xb02024f3) csrrs   s1, minstret, zero
core   0: 3 0x0000000080006066 (0xb02024f3) x9  0x0000000000000e70
core   0: 0x000000008000606a (0x0000a811) c.j     pc + 20
core   0: 3 0x000000008000606a (0xa811)
core   0: >>>>  mepc_4
core   0: 0x000000008000607e (0x00000791) c.addi  a5, 4
core   0: 3 0x000000008000607e (0x0791) x15 0x0000000080005470
core   0: 0x0000000080006080 (0x34179073) csrrw   zero, mepc, a5
core   0: 3 0x0000000080006080 (0x34179073) c833_mepc 0x0000000080005470
core   0: 0x0000000080006084 (0x30200073) mret
core   0: 3 0x0000000080006084 (0x30200073) c768_mstatus 0x8000000a00106082
core   0: 0x0000000080005470 (0x0b21f847) fmsub.d fa6, ft3, fs2, ft1
core   0: 1 0x0000000080005470 (0x0b21f847) f16 0x7ff8000000000000
core   0: 0x0000000080005474 (0xab69f3c3) fmadd.d ft7, fs3, fs6, fs5
core   0: 1 0x0000000080005474 (0xab69f3c3) f7  0x7ff8000000000000
core   0: 0x0000000080005478 (0x016b1b3b) sllw    s6, s6, s6
core   0: 1 0x0000000080005478 (0x016b1b3b) x22 0x0000000000000000
core   0: 0x000000008000547c (0xe529a617) auipc   a2, 0xe529a
core   0: 1 0x000000008000547c (0xe529a617) x12 0x000000006529f47c
core   0: 0x0000000080005480 (0x021b60bb) remw    ra, s6, ra
core   0: 1 0x0000000080005480 (0x021b60bb) x1  0x0000000000000000
core   0: 0x0000000080005484 (0x40177753) fcvt.s.d fa4, fa4
core   0: 1 0x0000000080005484 (0x40177753) f14 0xffffffff7fc00000
core   0: 0x0000000080005488 (0xd2198453) fcvt.d.wu fs0, s3
core   0: 1 0x0000000080005488 (0xd2198453) f8  0x41db0f3ae1c00000
core   0: 0x000000008000548c (0x03b10db3) mul     s11, sp, s11
core   0: 1 0x000000008000548c (0x03b10db3) x27 0x001f922affa1b000
core   0: 0x0000000080005490 (0xd039f8d3) fcvt.s.lu fa7, s3
core   0: 1 0x0000000080005490 (0xd039f8d3) c1_fflags 0x0000000000000015 f17 0xffffffff52f6d87a
core   0: 0x0000000080005494 (0x23342c53) fsgnjx.d fs8, fs0, fs3
core   0: 1 0x0000000080005494 (0x23342c53) f24 0x41db0f3ae1c00000
core   0: 0x0000000080005498 (0x401758bb) sraw    a7, a4, ra
core   0: 1 0x0000000080005498 (0x401758bb) x17 0x0000000000000002
core   0: 0x000000008000549c (0x40e887bb) subw    a5, a7, a4
core   0: 1 0x000000008000549c (0x40e887bb) x15 0x0000000000000000
core   0: 0x00000000800054a0 (0x0007f593) andi    a1, a5, 0
core   0: 1 0x00000000800054a0 (0x0007f593) x11 0x0000000000000000
core   0: 0x00000000800054a4 (0x031881b3) mul     gp, a7, a7
core   0: 1 0x00000000800054a4 (0x031881b3) x3  0x0000000000000004
core   0: 0x00000000800054a8 (0x40fb5db3) sra     s11, s6, a5
core   0: 1 0x00000000800054a8 (0x40fb5db3) x27 0x0000000000000000
core   0: 0x00000000800054ac (0x4032023b) subw    tp, tp, gp
core   0: 1 0x00000000800054ac (0x4032023b) x4  0xfffffffffffffffb
core   0: 0x00000000800054b0 (0x001027f3) csrrs   a5, fflags, zero
core   0: 1 0x00000000800054b0 (0x001027f3) x15 0x0000000000000015
core   0: 0x00000000800054b4 (0x02c5b5b3) mulhu   a1, a1, a2
core   0: 1 0x00000000800054b4 (0x02c5b5b3) x11 0x0000000000000000
core   0: 0x00000000800054b8 (0x00377233) and     tp, a4, gp
core   0: 1 0x00000000800054b8 (0x00377233) x4  0x0000000000000000
core   0: 0x00000000800054bc (0x00000001) c.nop
core   0: 1 0x00000000800054bc (0x0001)
core   0: 0x00000000800054be (0x414c5ab3) sra     s5, s8, s4
core   0: 1 0x00000000800054be (0x414c5ab3) x21 0x0000000008000604
core   0: 0x00000000800054c2 (0x42060653) fcvt.d.s fa2, fa2
core   0: 1 0x00000000800054c2 (0x42060653) f12 0x7ff8000000000000
core   0: 0x00000000800054c6 (0x035c79b3) remu    s3, s8, s5
core   0: 1 0x00000000800054c6 (0x035c79b3) x19 0x000000000000000a
core   0: 0x00000000800054ca (0x1ae77753) fdiv.d  fa4, fa4, fa4
core   0: 1 0x00000000800054ca (0x1ae77753) f14 0x7ff8000000000000
core   0: 0x00000000800054ce (0xc2237053) fcvt.l.d zero, ft6
core   0: 1 0x00000000800054ce (0xc2237053) c1_fflags 0x0000000000000015
core   0: 0x00000000800054d2 (0x41085933) sra     s2, a6, a6
core   0: 1 0x00000000800054d2 (0x41085933) x18 0x0000000000000000
core   0: 0x00000000800054d6 (0x000b35b7) lui     a1, 0xb3
core   0: 1 0x00000000800054d6 (0x000b35b7) x11 0x00000000000b3000
core   0: 0x00000000800054da (0x000025e5) c.addiw a1, 25
core   0: 1 0x00000000800054da (0x25e5) x11 0x00000000000b3019
core   0: 0x00000000800054dc (0x000005be) c.slli  a1, 15
core   0: 1 0x00000000800054dc (0x05be) x11 0x00000005980c8000
core   0: 0x00000000800054de (0x92758593) addi    a1, a1, -1753
core   0: 1 0x00000000800054de (0x92758593) x11 0x00000005980c7927
core   0: 0x00000000800054e2 (0x1b3779d3) fdiv.d  fs3, fa4, fs3
core   0: 1 0x00000000800054e2 (0x1b3779d3) f19 0x7ff8000000000000
core   0: 0x00000000800054e6 (0x13b37b53) fmul.d  fs6, ft6, fs11
core   0: 1 0x00000000800054e6 (0x13b37b53) f22 0x7ff8000000000000
core   0: 0x00000000800054ea (0x02f067bb) remw    a5, zero, a5
core   0: 1 0x00000000800054ea (0x02f067bb) x15 0x0000000000000000
core   0: 0x00000000800054ee (0x034c0c3b) mulw    s8, s8, s4
core   0: 1 0x00000000800054ee (0x034c0c3b) x24 0x00000000377b1d28
core   0: 0x00000000800054f2 (0x00211a73) csrrw   s4, frm, sp
core   0: 1 0x00000000800054f2 (0x00211a73) x20 0x0000000000000000 c2_frm 0x0000000000000000
core   0: 0x00000000800054f6 (0x015489bb) addw    s3, s1, s5
core   0: 1 0x00000000800054f6 (0x015489bb) x19 0x0000000008001474
core   0: 0x00000000800054fa (0xc21b7ad3) fcvt.wu.d s5, fs6
core   0: 1 0x00000000800054fa (0xc21b7ad3) c1_fflags 0x0000000000000015 x21 0xffffffffffffffff
core   0: 0x00000000800054fe (0x00bacb33) xor     s6, s5, a1
core   0: 1 0x00000000800054fe (0x00bacb33) x22 0xfffffffa67f386d8
core   0: 0x0000000080005502 (0x00129373) csrrw   t1, fflags, t0
core   0: 1 0x0000000080005502 (0x00129373) x6  0x0000000000000015 c1_fflags 0x0000000000000000
core   0: 0x0000000080005506 (0xa33302d3) fle.d   t0, ft6, fs3
core   0: 1 0x0000000080005506 (0xa33302d3) c1_fflags 0x0000000000000010 x5  0x0000000000000000
core   0: 0x000000008000550a (0x02832433) mulhsu  s0, t1, s0
core   0: 1 0x000000008000550a (0x02832433) x8  0x0000000000000000
core   0: 0x000000008000550e (0xd21403d3) fcvt.d.wu ft7, s0
core   0: 1 0x000000008000550e (0xd21403d3) f7  0x0000000000000000
core   0: 0x0000000080005512 (0x00a406b3) add     a3, s0, a0
core   0: 1 0x0000000080005512 (0x00a406b3) x13 0x0000000000000000
core   0: 0x0000000080005516 (0x02530033) mul     zero, t1, t0
core   0: 1 0x0000000080005516 (0x02530033)
core   0: 0x000000008000551a (0x00169273) csrrw   tp, fflags, a3
core   0: 1 0x000000008000551a (0x00169273) x4  0x0000000000000010 c1_fflags 0x0000000000000000
core   0: 0x000000008000551e (0x008bebb3) or      s7, s7, s0
core   0: 1 0x000000008000551e (0x008bebb3) x23 0x0000000000000604
core   0: 0x0000000080005522 (0xb36dfbcb) fnmsub.d fs7, fs11, fs6, fs6
core   0: 1 0x0000000080005522 (0xb36dfbcb) f23 0x7ff8000000000000
core   0: 0x0000000080005526 (0x2b178053) fmin.d  ft0, fa5, fa7
core   0: 1 0x0000000080005526 (0x2b178053) f0  0x41dfffe7ed800000
core   0: 0x000000008000552a (0x00000001) c.nop
core   0: 1 0x000000008000552a (0x0001)
core   0: 0x000000008000552c (0x024b99b3) mulh    s3, s7, tp
core   0: 1 0x000000008000552c (0x024b99b3) x19 0x0000000000000000
core   0: 0x0000000080005530 (0xe2038e53) fmv.x.d t3, ft7
core   0: 1 0x0000000080005530 (0xe2038e53) x28 0x0000000000000000
core   0: 0x0000000080005534 (0x1a501597) auipc   a1, 0x1a501
core   0: 1 0x0000000080005534 (0x1a501597) x11 0x000000009a506534
core   0: 0x0000000080005538 (0x032e1eb3) mulh    t4, t3, s2
core   0: 1 0x0000000080005538 (0x032e1eb3) x29 0x0000000000000000
core   0: 0x000000008000553c (0x4125d53b) sraw    a0, a1, s2
core   0: 1 0x000000008000553c (0x4125d53b) x10 0xffffffff9a506534
core   0: 0x0000000080005540 (0x411201bb) subw    gp, tp, a7
core   0: 1 0x0000000080005540 (0x411201bb) x3  0x000000000000000e
core   0: 0x0000000080005544 (0x00209273) csrrw   tp, frm, ra
core   0: 1 0x0000000080005544 (0x00209273) x4  0x0000000000000000 c2_frm 0x0000000000000000
core   0: 0x0000000080005548 (0xd231f153) fcvt.d.lu ft2, gp
core   0: 1 0x0000000080005548 (0xd231f153) f2  0x402c000000000000
core   0: 0x000000008000554c (0x0000e333) or      t1, ra, zero
core   0: 1 0x000000008000554c (0x0000e333) x6  0x0000000000000000
core   0: 0x0000000080005550 (0x02a17447) fmsub.d fs0, ft2, fa0, ft0
core   0: 1 0x0000000080005550 (0x02a17447) f8  0xc1dfffe7e6800000
core   0: 0x0000000080005554 (0xd2030cd3) fcvt.d.w fs9, t1
core   0: 1 0x0000000080005554 (0xd2030cd3) f25 0x0000000000000000
core   0: 0x0000000080005558 (0x0050a433) slt     s0, ra, t0
core   0: 1 0x0000000080005558 (0x0050a433) x8  0x0000000000000000
core   0: 0x000000008000555c (0x0084a6b3) slt     a3, s1, s0
core   0: 1 0x000000008000555c (0x0084a6b3) x13 0x0000000000000000
core   0: 0x0000000080005560 (0x97b30a13) addi    s4, t1, -1669
core   0: 1 0x0000000080005560 (0x97b30a13) x20 0xfffffffffffff97b
core   0: 0x0000000080005564 (0xc800e373) csrrsi  t1, cycleh, 1
core   0: exception trap_illegal_instruction, epc 0x0000000080005564
core   0:           tval 0x00000000c800e373
core   0: >>>>  $xrv64i2p1_m2p0_a2p1_f2p2_d2p2_zicsr2p0_zifencei2p0_zmmul1p0_zba1p0_zbb1p0_zbc1p0_zbs1p0
core   0: 0x0000000080004000 (0x0080006f) j       pc + 0x8
core   0: 3 0x0000000080004000 (0x0080006f)
core   0: >>>>  mmode_exception_handler
core   0: 0x0000000080004008 (0x00002c17) auipc   s8, 0x2
core   0: 3 0x0000000080004008 (0x00002c17) x24 0x0000000080006008
core   0: 0x000000008000400c (0x042c0c13) addi    s8, s8, 66
core   0: 3 0x000000008000400c (0x042c0c13) x24 0x000000008000604a
core   0: 0x0000000080004010 (0x000c00e7) jalr    s8
core   0: 3 0x0000000080004010 (0x000c00e7) x1  0x0000000080004014
core   0: >>>>  any_handler
core   0: 0x000000008000604a (0x341027f3) csrrs   a5, mepc, zero
core   0: 3 0x000000008000604a (0x341027f3) x15 0x0000000080005564
core   0: 0x000000008000604e (0x34202773) csrrs   a4, mcause, zero
core   0: 3 0x000000008000604e (0x34202773) x14 0x0000000000000002
core   0: 0x0000000080006052 (0x142026f3) csrrs   a3, scause, zero
core   0: 3 0x0000000080006052 (0x142026f3) x13 0x0000000000000000
core   0: 0x0000000080006056 (0x30402673) csrrs   a2, mie, zero
core   0: 3 0x0000000080006056 (0x30402673) x12 0x0000000000000a00
core   0: 0x000000008000605a (0x344025f3) csrrs   a1, mip, zero
core   0: 3 0x000000008000605a (0x344025f3) x11 0x0000000000000080
core   0: 0x000000008000605e (0x343025f3) csrrs   a1, mtval, zero
core   0: 3 0x000000008000605e (0x343025f3) x11 0x00000000c800e373
core   0: 0x0000000080006062 (0x14302573) csrrs   a0, stval, zero
core   0: 3 0x0000000080006062 (0x14302573) x10 0x0000000000000000
core   0: 0x0000000080006066 (0xb02024f3) csrrs   s1, minstret, zero
core   0: 3 0x0000000080006066 (0xb02024f3) x9  0x0000000000000ebf
core   0: 0x000000008000606a (0x0000a811) c.j     pc + 20
core   0: 3 0x000000008000606a (0xa811)
core   0: >>>>  mepc_4
core   0: 0x000000008000607e (0x00000791) c.addi  a5, 4
core   0: 3 0x000000008000607e (0x0791) x15 0x0000000080005568
core   0: 0x0000000080006080 (0x34179073) csrrw   zero, mepc, a5
core   0: 3 0x0000000080006080 (0x34179073) c833_mepc 0x0000000080005568
core   0: 0x0000000080006084 (0x30200073) mret
core   0: 3 0x0000000080006084 (0x30200073) c768_mstatus 0x8000000a00106082
core   0: 0x0000000080005568 (0x5a0e7e53) fsqrt.d ft8, ft8
core   0: 1 0x0000000080005568 (0x5a0e7e53) f28 0x0000000000000000
core   0: 0x000000008000556c (0x0015553b) srlw    a0, a0, ra
core   0: 1 0x000000008000556c (0x0015553b) x10 0x0000000000000000
core   0: 0x0000000080005570 (0x141528f3) csrrs   a7, sepc, a0
core   0: 1 0x0000000080005570 (0x141528f3) x17 0x0000000000000000 c321_sepc 0x0000000000000000
core   0: 0x0000000080005574 (0x02e55a13) srli    s4, a0, 46
core   0: 1 0x0000000080005574 (0x02e55a13) x20 0x0000000000000000
core   0: 0x0000000080005578 (0xdb6cf547) fmsub.d fa0, fs9, fs6, fs11
core   0: 1 0x0000000080005578 (0xdb6cf547) f10 0x7ff8000000000000
core   0: 0x000000008000557c (0xc0269973) csrrw   s2, instret, a3
core   0: exception trap_illegal_instruction, epc 0x000000008000557c
core   0:           tval 0x00000000c0269973
core   0: >>>>  $xrv64i2p1_m2p0_a2p1_f2p2_d2p2_zicsr2p0_zifencei2p0_zmmul1p0_zba1p0_zbb1p0_zbc1p0_zbs1p0
core   0: 0x0000000080004000 (0x0080006f) j       pc + 0x8
core   0: 3 0x0000000080004000 (0x0080006f)
core   0: >>>>  mmode_exception_handler
core   0: 0x0000000080004008 (0x00002c17) auipc   s8, 0x2
core   0: 3 0x0000000080004008 (0x00002c17) x24 0x0000000080006008
core   0: 0x000000008000400c (0x042c0c13) addi    s8, s8, 66
core   0: 3 0x000000008000400c (0x042c0c13) x24 0x000000008000604a
core   0: 0x0000000080004010 (0x000c00e7) jalr    s8
core   0: 3 0x0000000080004010 (0x000c00e7) x1  0x0000000080004014
core   0: >>>>  any_handler
core   0: 0x000000008000604a (0x341027f3) csrrs   a5, mepc, zero
core   0: 3 0x000000008000604a (0x341027f3) x15 0x000000008000557c
core   0: 0x000000008000604e (0x34202773) csrrs   a4, mcause, zero
core   0: 3 0x000000008000604e (0x34202773) x14 0x0000000000000002
core   0: 0x0000000080006052 (0x142026f3) csrrs   a3, scause, zero
core   0: 3 0x0000000080006052 (0x142026f3) x13 0x0000000000000000
core   0: 0x0000000080006056 (0x30402673) csrrs   a2, mie, zero
core   0: 3 0x0000000080006056 (0x30402673) x12 0x0000000000000a00
core   0: 0x000000008000605a (0x344025f3) csrrs   a1, mip, zero
core   0: 3 0x000000008000605a (0x344025f3) x11 0x0000000000000080
core   0: 0x000000008000605e (0x343025f3) csrrs   a1, mtval, zero
core   0: 3 0x000000008000605e (0x343025f3) x11 0x00000000c0269973
core   0: 0x0000000080006062 (0x14302573) csrrs   a0, stval, zero
core   0: 3 0x0000000080006062 (0x14302573) x10 0x0000000000000000
core   0: 0x0000000080006066 (0xb02024f3) csrrs   s1, minstret, zero
core   0: 3 0x0000000080006066 (0xb02024f3) x9  0x0000000000000ed4
core   0: 0x000000008000606a (0x0000a811) c.j     pc + 20
core   0: 3 0x000000008000606a (0xa811)
core   0: >>>>  mepc_4
core   0: 0x000000008000607e (0x00000791) c.addi  a5, 4
core   0: 3 0x000000008000607e (0x0791) x15 0x0000000080005580
core   0: 0x0000000080006080 (0x34179073) csrrw   zero, mepc, a5
core   0: 3 0x0000000080006080 (0x34179073) c833_mepc 0x0000000080005580
core   0: 0x0000000080006084 (0x30200073) mret
core   0: 3 0x0000000080006084 (0x30200073) c768_mstatus 0x8000000a00106082
core   0: 0x0000000080005580 (0x00ca0cb3) add     s9, s4, a2
core   0: 1 0x0000000080005580 (0x00ca0cb3) x25 0x0000000000000a00
core   0: 0x0000000080005584 (0x00bac2b3) xor     t0, s5, a1
core   0: 1 0x0000000080005584 (0x00bac2b3) x5  0xffffffff3fd9668c
core   0: 0x0000000080005588 (0xf20a8653) fmv.d.x fa2, s5
core   0: 1 0x0000000080005588 (0xf20a8653) f12 0xffffffffffffffff
core   0: 0x000000008000558c (0x4016f153) fcvt.s.d ft2, fa3
core   0: 1 0x000000008000558c (0x4016f153) f2  0xffffffff00000000
core   0: 0x0000000080005590 (0x404503bb) subw    t2, a0, tp
core   0: 1 0x0000000080005590 (0x404503bb) x7  0x0000000000000000
core   0: 0x0000000080005594 (0x01ce5b33) srl     s6, t3, t3
core   0: 1 0x0000000080005594 (0x01ce5b33) x22 0x0000000000000000
core   0: 0x0000000080005598 (0x005b1a33) sll     s4, s6, t0
core   0: 1 0x0000000080005598 (0x005b1a33) x20 0x0000000000000000
core   0: 0x000000008000559c (0x036cdcbb) divuw   s9, s9, s6
core   0: 1 0x000000008000559c (0x036cdcbb) x25 0xffffffffffffffff
core   0: 0x00000000800055a0 (0x1b2f7ad3) fdiv.d  fs5, ft10, fs2
core   0: 1 0x00000000800055a0 (0x1b2f7ad3) c1_fflags 0x0000000000000010 f21 0x7ff8000000000000
core   0: 0x00000000800055a4 (0x01c3db13) srli    s6, t2, 28
core   0: 1 0x00000000800055a4 (0x01c3db13) x22 0x0000000000000000
core   0: 0x00000000800055a8 (0x23df88d3) fsgnj.d fa7, ft11, ft9
core   0: 1 0x00000000800055a8 (0x23df88d3) f17 0x4000000000000000
core   0: 0x00000000800055ac (0x4086d6b3) sra     a3, a3, s0
core   0: 1 0x00000000800055ac (0x4086d6b3) x13 0x0000000000000000
core   0: 0x00000000800055b0 (0x41c6d3b3) sra     t2, a3, t3
core   0: 1 0x00000000800055b0 (0x41c6d3b3) x7  0x0000000000000000
core   0: 0x00000000800055b4 (0x0bfaf653) fsub.d  fa2, fs5, ft11
core   0: 1 0x00000000800055b4 (0x0bfaf653) f12 0x7ff8000000000000
core   0: 0x00000000800055b8 (0x41a0501b) sraiw   zero, zero, 26
core   0: 1 0x00000000800055b8 (0x41a0501b)
core   0: 0x00000000800055bc (0x5a0473d3) fsqrt.d ft7, fs0
core   0: 1 0x00000000800055bc (0x5a0473d3) c1_fflags 0x0000000000000010 f7  0x7ff8000000000000
core   0: 0x00000000800055c0 (0x037156b3) divu    a3, sp, s7
core   0: 1 0x00000000800055c0 (0x037156b3) x13 0x002a8e4bcd688286
core   0: 0x00000000800055c4 (0x0021543b) srlw    s0, sp, sp
core   0: 1 0x00000000800055c4 (0x0021543b) x8  0xffffffffa8b13000
core   0: 0x00000000800055c8 (0xa3d88a53) fle.d   s4, fa7, ft9
core   0: 1 0x00000000800055c8 (0xa3d88a53) x20 0x0000000000000001
core   0: 0x00000000800055cc (0x00b5e333) or      t1, a1, a1
core   0: 1 0x00000000800055cc (0x00b5e333) x6  0x00000000c0269973
core   0: 0x00000000800055d0 (0x4060d0bb) sraw    ra, ra, t1
core   0: 1 0x00000000800055d0 (0x4060d0bb) x1  0xfffffffffffff000
core   0: 0x00000000800055d4 (0x02694933) div     s2, s2, t1
core   0: 1 0x00000000800055d4 (0x02694933) x18 0x0000000000000000
core   0: 0x00000000800055d8 (0x2b8e9c53) fmax.d  fs8, ft9, fs8
core   0: 1 0x00000000800055d8 (0x2b8e9c53) f24 0x41db0f3ae1c00000
core   0: 0x00000000800055dc (0x2acc0653) fmin.d  fa2, fs8, fa2
core   0: 1 0x00000000800055dc (0x2acc0653) f12 0x41db0f3ae1c00000
core   0: 0x00000000800055e0 (0x00f7873b) addw    a4, a5, a5
core   0: 1 0x00000000800055e0 (0x00f7873b) x14 0x000000000000ab00
core   0: 0x00000000800055e4 (0xd22cf9d3) fcvt.d.l fs3, s9
core   0: 1 0x00000000800055e4 (0xd22cf9d3) f19 0xbff0000000000000
core   0: 0x00000000800055e8 (0x00289ebb) sllw    t4, a7, sp
core   0: 1 0x00000000800055e8 (0x00289ebb) x29 0x0000000000000000
core   0: 0x00000000800055ec (0xe60061b7) lui     gp, 0xe6006
core   0: 1 0x00000000800055ec (0xe60061b7) x3  0xffffffffe6006000
core   0: 0x00000000800055f0 (0xe4fb0a13) addi    s4, s6, -433
core   0: 1 0x00000000800055f0 (0xe4fb0a13) x20 0xfffffffffffffe4f
core   0: 0x00000000800055f4 (0x013bdbbb) srlw    s7, s7, s3
core   0: 1 0x00000000800055f4 (0x013bdbbb) x23 0x0000000000000604
core   0: 0x00000000800055f8 (0x00061d1b) slliw   s10, a2, 0
core   0: 1 0x00000000800055f8 (0x00061d1b) x26 0x0000000000000a00
core   0: 0x00000000800055fc (0x03aac3bb) divw    t2, s5, s10
core   0: 1 0x00000000800055fc (0x03aac3bb) x7  0x0000000000000000
core   0: 0x0000000080005600 (0xd02afad3) fcvt.s.l fs5, s5
core   0: 1 0x0000000080005600 (0xd02afad3) f21 0xffffffffbf800000
core   0: 0x0000000080005604 (0x413989b3) sub     s3, s3, s3
core   0: 1 0x0000000080005604 (0x413989b3) x19 0x0000000000000000
core   0: 0x0000000080005608 (0xc23c7dd3) fcvt.lu.d s11, fs8
core   0: 1 0x0000000080005608 (0xc23c7dd3) x27 0x000000006c3ceb87
core   0: 0x000000008000560c (0x0231fdd3) fadd.d  fs11, ft3, ft3
core   0: 1 0x000000008000560c (0x0231fdd3) f27 0x0000000000000000
core   0: 0x0000000080005610 (0x02c53533) mulhu   a0, a0, a2
core   0: 1 0x0000000080005610 (0x02c53533) x10 0x0000000000000000
core   0: 0x0000000080005614 (0x00000001) c.nop
core   0: 1 0x0000000080005614 (0x0001)
core   0: 0x0000000080005616 (0x001024f3) csrrs   s1, fflags, zero
core   0: 1 0x0000000080005616 (0x001024f3) x9  0x0000000000000010
core   0: 0x000000008000561a (0x22ef1653) fsgnjn.d fa2, ft10, fa4
core   0: 1 0x000000008000561a (0x22ef1653) f12 0x8000000000000000
core   0: 0x000000008000561e (0x02b5413b) divw    sp, a0, a1
core   0: 1 0x000000008000561e (0x02b5413b) x2  0x0000000000000000
core   0: 0x0000000080005622 (0xff5a3d17) auipc   s10, 0xff5a3
core   0: 1 0x0000000080005622 (0xff5a3d17) x26 0x000000007f5a8622
core   0: 0x0000000080005626 (0x019c18bb) sllw    a7, s8, s9
core   0: 1 0x0000000080005626 (0x019c18bb) x17 0x0000000000000000
core   0: 0x000000008000562a (0x401bf9d3) fcvt.s.d fs3, fs7
core   0: 1 0x000000008000562a (0x401bf9d3) f19 0xffffffff7fc00000
core   0: 0x000000008000562e (0x42e7774b) fnmsub.d fa4, fa4, fa4, fs0
core   0: 1 0x000000008000562e (0x42e7774b) f14 0x7ff8000000000000
core   0: 0x0000000080005632 (0x13487853) fmul.d  fa6, fa6, fs4
core   0: 1 0x0000000080005632 (0x13487853) f16 0x7ff8000000000000
core   0: 0x0000000080005636 (0xd228ff53) fcvt.d.l ft10, a7
core   0: 1 0x0000000080005636 (0xd228ff53) f30 0x0000000000000000
core   0: 0x000000008000563a (0x5a03fcd3) fsqrt.d fs9, ft7
core   0: 1 0x000000008000563a (0x5a03fcd3) f25 0x7ff8000000000000
core   0: 0x000000008000563e (0xc20cf053) fcvt.w.d zero, fs9
core   0: 1 0x000000008000563e (0xc20cf053) c1_fflags 0x0000000000000010
core   0: 0x0000000080005642 (0xe2088153) fmv.x.d sp, fa7
core   0: 1 0x0000000080005642 (0xe2088153) x2  0x4000000000000000
core   0: 0x0000000080005646 (0x031e18b3) mulh    a7, t3, a7
core   0: 1 0x0000000080005646 (0x031e18b3) x17 0x0000000000000000
core   0: 0x000000008000564a (0x03043833) mulhu   a6, s0, a6
core   0: 1 0x000000008000564a (0x03043833) x16 0x0000000000000000
core   0: 0x000000008000564e (0x0b9df6d3) fsub.d  fa3, fs11, fs9
core   0: 1 0x000000008000564e (0x0b9df6d3) f13 0x7ff8000000000000
core   0: 0x0000000080005652 (0xd0317bd3) fcvt.s.lu fs7, sp
core   0: 1 0x0000000080005652 (0xd0317bd3) f23 0xffffffff5e800000
core   0: 0x0000000080005656 (0x02407c43) fmadd.d fs8, ft0, ft4, ft0
core   0: 1 0x0000000080005656 (0x02407c43) f24 0x7ff8000000000000
core   0: 0x000000008000565a (0x40e98abb) subw    s5, s3, a4
core   0: 1 0x000000008000565a (0x40e98abb) x21 0xffffffffffff5500
core   0: 0x000000008000565e (0x036b1033) mulh    zero, s6, s6
core   0: 1 0x000000008000565e (0x036b1033)
core   0: 0x0000000080005662 (0x01687833) and     a6, a6, s6
core   0: 1 0x0000000080005662 (0x01687833) x16 0x0000000000000000
core   0: 0x0000000080005666 (0xf1307d73) csrrci  s10, mimpid, 0
core   0: exception trap_illegal_instruction, epc 0x0000000080005666
core   0:           tval 0x00000000f1307d73
core   0: >>>>  $xrv64i2p1_m2p0_a2p1_f2p2_d2p2_zicsr2p0_zifencei2p0_zmmul1p0_zba1p0_zbb1p0_zbc1p0_zbs1p0
core   0: 0x0000000080004000 (0x0080006f) j       pc + 0x8
core   0: 3 0x0000000080004000 (0x0080006f)
core   0: >>>>  mmode_exception_handler
core   0: 0x0000000080004008 (0x00002c17) auipc   s8, 0x2
core   0: 3 0x0000000080004008 (0x00002c17) x24 0x0000000080006008
core   0: 0x000000008000400c (0x042c0c13) addi    s8, s8, 66
core   0: 3 0x000000008000400c (0x042c0c13) x24 0x000000008000604a
core   0: 0x0000000080004010 (0x000c00e7) jalr    s8
core   0: 3 0x0000000080004010 (0x000c00e7) x1  0x0000000080004014
core   0: >>>>  any_handler
core   0: 0x000000008000604a (0x341027f3) csrrs   a5, mepc, zero
core   0: 3 0x000000008000604a (0x341027f3) x15 0x0000000080005666
core   0: 0x000000008000604e (0x34202773) csrrs   a4, mcause, zero
core   0: 3 0x000000008000604e (0x34202773) x14 0x0000000000000002
core   0: 0x0000000080006052 (0x142026f3) csrrs   a3, scause, zero
core   0: 3 0x0000000080006052 (0x142026f3) x13 0x0000000000000000
core   0: 0x0000000080006056 (0x30402673) csrrs   a2, mie, zero
core   0: 3 0x0000000080006056 (0x30402673) x12 0x0000000000000a00
core   0: 0x000000008000605a (0x344025f3) csrrs   a1, mip, zero
core   0: 3 0x000000008000605a (0x344025f3) x11 0x0000000000000080
core   0: 0x000000008000605e (0x343025f3) csrrs   a1, mtval, zero
core   0: 3 0x000000008000605e (0x343025f3) x11 0x00000000f1307d73
core   0: 0x0000000080006062 (0x14302573) csrrs   a0, stval, zero
core   0: 3 0x0000000080006062 (0x14302573) x10 0x0000000000000000
core   0: 0x0000000080006066 (0xb02024f3) csrrs   s1, minstret, zero
core   0: 3 0x0000000080006066 (0xb02024f3) x9  0x0000000000000f1e
core   0: 0x000000008000606a (0x0000a811) c.j     pc + 20
core   0: 3 0x000000008000606a (0xa811)
core   0: >>>>  mepc_4
core   0: 0x000000008000607e (0x00000791) c.addi  a5, 4
core   0: 3 0x000000008000607e (0x0791) x15 0x000000008000566a
core   0: 0x0000000080006080 (0x34179073) csrrw   zero, mepc, a5
core   0: 3 0x0000000080006080 (0x34179073) c833_mepc 0x000000008000566a
core   0: 0x0000000080006084 (0x30200073) mret
core   0: 3 0x0000000080006084 (0x30200073) c768_mstatus 0x8000000a00106082
core   0: 0x000000008000566a (0xc21076d3) fcvt.wu.d a3, ft0
core   0: 1 0x000000008000566a (0xc21076d3) x13 0x000000007fff9fb6
core   0: 0x000000008000566e (0xa2421253) flt.d   tp, ft4, ft4
core   0: 1 0x000000008000566e (0xa2421253) c1_fflags 0x0000000000000010 x4  0x0000000000000000
core   0: 0x0000000080005672 (0x01111433) sll     s0, sp, a7
core   0: 1 0x0000000080005672 (0x01111433) x8  0x4000000000000000
core   0: 0x0000000080005676 (0x40bb85bb) subw    a1, s7, a1
core   0: 1 0x0000000080005676 (0x40bb85bb) x11 0x000000000ecf8891
core   0: 0x000000008000567a (0x000092b5) c.srli  a3, 45
core   0: 1 0x000000008000567a (0x92b5) x13 0x0000000000000000
core   0: 0x000000008000567c (0x100d7b73) csrrci  s6, sstatus, 26
core   0: 1 0x000000008000567c (0x100d7b73) x22 0x8000000200006002 c768_mstatus 0x8000000a00106080
core   0: 0x0000000080005680 (0x41ad5d3b) sraw    s10, s10, s10
core   0: 1 0x0000000080005680 (0x41ad5d3b) x26 0x000000001fd6a188
core   0: 0x0000000080005684 (0x021a80bb) mulw    ra, s5, ra
core   0: 1 0x0000000080005684 (0x021a80bb) x1  0xffffffffd532a400
core   0: 0x0000000080005688 (0x02acc4bb) divw    s1, s9, a0
core   0: 1 0x0000000080005688 (0x02acc4bb) x9  0xffffffffffffffff
core   0: 0x000000008000568c (0x0292c8b3) div     a7, t0, s1
core   0: 1 0x000000008000568c (0x0292c8b3) x17 0x00000000c0269974
core   0: 0x0000000080005690 (0x011994bb) sllw    s1, s3, a7
core   0: 1 0x0000000080005690 (0x011994bb) x9  0x0000000000000000
core   0: 0x0000000080005694 (0x40970233) sub     tp, a4, s1
core   0: 1 0x0000000080005694 (0x40970233) x4  0x0000000000000002
core   0: 0x0000000080005698 (0x4064d99b) sraiw   s3, s1, 6
core   0: 1 0x0000000080005698 (0x4064d99b) x19 0x0000000000000000
core   0: 0x000000008000569c (0x0ff0000f) fence   iorw,iorw
core   0: 1 0x000000008000569c (0x0ff0000f)
core   0: 0x00000000800056a0 (0x7ff46613) ori     a2, s0, 2047
core   0: 1 0x00000000800056a0 (0x7ff46613) x12 0x40000000000007ff
core   0: 0x00000000800056a4 (0x2493f913) andi    s2, t2, 585
core   0: 1 0x00000000800056a4 (0x2493f913) x18 0x0000000000000000
core   0: 0x00000000800056a8 (0x0129543b) srlw    s0, s2, s2
core   0: 1 0x00000000800056a8 (0x0129543b) x8  0x0000000000000000
core   0: 0x00000000800056ac (0x002b9673) csrrw   a2, frm, s7
core   0: 1 0x00000000800056ac (0x002b9673) x12 0x0000000000000000 c2_frm 0x0000000000000004
core   0: 0x00000000800056b0 (0x0ff0000f) fence   iorw,iorw
core   0: 1 0x00000000800056b0 (0x0ff0000f)
core   0: 0x00000000800056b4 (0x0233ea33) rem     s4, t2, gp
core   0: 1 0x00000000800056b4 (0x0233ea33) x20 0x0000000000000000
core   0: 0x00000000800056b8 (0x0a1e7443) fmadd.d fs0, ft8, ft1, ft1
core   0: 1 0x00000000800056b8 (0x0a1e7443) f8  0x7ff8000000000000
core   0: 0x00000000800056bc (0x02489233) mulh    tp, a7, tp
core   0: 1 0x00000000800056bc (0x02489233) x4  0x0000000000000000
core   0: 0x00000000800056c0 (0x011200bb) addw    ra, tp, a7
core   0: 1 0x00000000800056c0 (0x011200bb) x1  0xffffffffc0269974
core   0: 0x00000000800056c4 (0xd2108ad3) fcvt.d.wu fs5, ra
core   0: 1 0x00000000800056c4 (0xd2108ad3) f21 0x41e804d32e800000
core   0: 0x00000000800056c8 (0x000d1c13) slli    s8, s10, 0
core   0: 1 0x00000000800056c8 (0x000d1c13) x24 0x000000001fd6a188
core   0: 0x00000000800056cc (0x03296abb) remw    s5, s2, s2
core   0: 1 0x00000000800056cc (0x03296abb) x21 0x0000000000000000
core   0: 0x00000000800056d0 (0x01571393) slli    t2, a4, 21
core   0: 1 0x00000000800056d0 (0x01571393) x7  0x0000000000400000
core   0: 0x00000000800056d4 (0x22d42d53) fsgnjx.d fs10, fs0, fa3
core   0: 1 0x00000000800056d4 (0x22d42d53) f26 0x7ff8000000000000
core   0: 0x00000000800056d8 (0x02c1d2bb) divuw   t0, gp, a2
core   0: 1 0x00000000800056d8 (0x02c1d2bb) x5  0xffffffffffffffff
core   0: 0x00000000800056dc (0x00bcd5b3) srl     a1, s9, a1
core   0: 1 0x00000000800056dc (0x00bcd5b3) x11 0x00007fffffffffff
core   0: 0x00000000800056e0 (0x483eec17) auipc   s8, 0x483ee
core   0: 1 0x00000000800056e0 (0x483eec17) x24 0x00000000c83f36e0
core   0: 0x00000000800056e4 (0x030e1813) slli    a6, t3, 48
core   0: 1 0x00000000800056e4 (0x030e1813) x16 0x0000000000000000
core   0: 0x00000000800056e8 (0x00008bea) c.mv    s7, s10
core   0: 1 0x00000000800056e8 (0x8bea) x23 0x000000001fd6a188
core   0: 0x00000000800056ea (0x018806bb) addw    a3, a6, s8
core   0: 1 0x00000000800056ea (0x018806bb) x13 0xffffffffc83f36e0
core   0: 0x00000000800056ee (0x0008521b) srliw   tp, a6, 0
core   0: 1 0x00000000800056ee (0x0008521b) x4  0x0000000000000000
core   0: 0x00000000800056f2 (0x401475d3) fcvt.s.d fa1, fs0
core   0: 1 0x00000000800056f2 (0x401475d3) f11 0xffffffff7fc00000
core   0: 0x00000000800056f6 (0x000b9893) slli    a7, s7, 0
core   0: 1 0x00000000800056f6 (0x000b9893) x17 0x000000001fd6a188
core   0: 0x00000000800056fa (0x0083e3b3) or      t2, t2, s0
core   0: 1 0x00000000800056fa (0x0083e3b3) x7  0x0000000000400000
core   0: 0x00000000800056fe (0x00201133) sll     sp, zero, sp
core   0: 1 0x00000000800056fe (0x00201133) x2  0x0000000000000000
core   0: 0x0000000080005702 (0x031a5d33) divu    s10, s4, a7
core   0: 1 0x0000000080005702 (0x031a5d33) x26 0x0000000000000000
core   0: 0x0000000080005706 (0x0011e893) ori     a7, gp, 1
core   0: 1 0x0000000080005706 (0x0011e893) x17 0xffffffffe6006001
core   0: 0x000000008000570a (0x411e5533) sra     a0, t3, a7
core   0: 1 0x000000008000570a (0x411e5533) x10 0x0000000000000000
core   0: 0x000000008000570e (0x0339d9bb) divuw   s3, s3, s3
core   0: 1 0x000000008000570e (0x0339d9bb) x19 0xffffffffffffffff
core   0: 0x0000000080005712 (0x0014ec93) ori     s9, s1, 1
core   0: 1 0x0000000080005712 (0x0014ec93) x25 0x0000000000000001
core   0: 0x0000000080005716 (0x4039d133) sra     sp, s3, gp
core   0: 1 0x0000000080005716 (0x4039d133) x2  0xffffffffffffffff
core   0: 0x000000008000571a (0x02d0c0bb) divw    ra, ra, a3
core   0: 1 0x000000008000571a (0x02d0c0bb) x1  0x0000000000000001
core   0: 0x000000008000571e (0x010999bb) sllw    s3, s3, a6
core   0: 1 0x000000008000571e (0x010999bb) x19 0xffffffffffffffff
core   0: 0x0000000080005722 (0x1ef80a37) lui     s4, 0x1ef80
core   0: 1 0x0000000080005722 (0x1ef80a37) x20 0x000000001ef80000
core   0: 0x0000000080005726 (0x00000001) c.nop
core   0: 1 0x0000000080005726 (0x0001)
core   0: 0x0000000080005728 (0xc02af353) fcvt.l.s t1, fs5
core   0: 1 0x0000000080005728 (0xc02af353) c1_fflags 0x0000000000000010 x6  0x7fffffffffffffff
core   0: 0x000000008000572c (0x14432173) csrrs   sp, sip, t1
core   0: 1 0x000000008000572c (0x14432173) x2  0x0000000000000000 c836_mip 0x0000000000000080
core   0: 0x0000000080005730 (0x001c0013) addi    zero, s8, 1
core   0: 1 0x0000000080005730 (0x001c0013)
core   0: 0x0000000080005734 (0x01ce9b93) slli    s7, t4, 28
core   0: 1 0x0000000080005734 (0x01ce9b93) x23 0x0000000000000000
core   0: 0x0000000080005738 (0x800bca93) xori    s5, s7, -2048
core   0: 1 0x0000000080005738 (0x800bca93) x21 0xfffffffffffff800
core   0: 0x000000008000573c (0x0ff0000f) fence   iorw,iorw
core   0: 1 0x000000008000573c (0x0ff0000f)
core   0: 0x0000000080005740 (0x027ae2b3) rem     t0, s5, t2
core   0: 1 0x0000000080005740 (0x027ae2b3) x5  0xfffffffffffff800
core   0: 0x0000000080005744 (0x03f39713) slli    a4, t2, 63
core   0: 1 0x0000000080005744 (0x03f39713) x14 0x0000000000000000
core   0: 0x0000000080005748 (0xfbf48137) lui     sp, 0xfbf48
core   0: 1 0x0000000080005748 (0xfbf48137) x2  0xfffffffffbf48000
core   0: 0x000000008000574c (0x8fb1011b) addiw   sp, sp, -1797
core   0: 1 0x000000008000574c (0x8fb1011b) x2  0xfffffffffbf478fb
core   0: 0x0000000080005750 (0x00000132) c.slli  sp, 12
core   0: 1 0x0000000080005750 (0x0132) x2  0xffffffbf478fb000
core   0: 0x0000000080005752 (0x05610113) addi    sp, sp, 86
core   0: 1 0x0000000080005752 (0x05610113) x2  0xffffffbf478fb056
core   0: 0x0000000080005756 (0x4136d233) sra     tp, a3, s3
core   0: 1 0x0000000080005756 (0x4136d233) x4  0xffffffffffffffff
core   0: 0x000000008000575a (0x00e15533) srl     a0, sp, a4
core   0: 1 0x000000008000575a (0x00e15533) x10 0xffffffbf478fb056
core   0: 0x000000008000575e (0xd032f0d3) fcvt.s.lu ft1, t0
core   0: 1 0x000000008000575e (0xd032f0d3) c1_fflags 0x0000000000000011 f1  0xffffffff5f800000
core   0: 0x0000000080005762 (0x2b2f9953) fmax.d  fs2, ft11, fs2
core   0: 1 0x0000000080005762 (0x2b2f9953) f18 0x0000000000000000
core   0: 0x0000000080005766 (0x038b6c33) rem     s8, s6, s8
core   0: 1 0x0000000080005766 (0x038b6c33) x24 0xfffffffffccb54e2
core   0: 0x000000008000576a (0x420089d3) fcvt.d.s fs3, ft1
core   0: 1 0x000000008000576a (0x420089d3) f19 0x43f0000000000000
core   0: 0x000000008000576e (0x034c013b) mulw    sp, s8, s4
core   0: 1 0x000000008000576e (0x034c013b) x2  0xffffffffb6f00000
core   0: 0x0000000080005772 (0x0ff0000f) fence   iorw,iorw
core   0: 1 0x0000000080005772 (0x0ff0000f)
core   0: 0x0000000080005776 (0xc022f053) fcvt.l.s zero, ft5
core   0: 1 0x0000000080005776 (0xc022f053) c1_fflags 0x0000000000000011
core   0: 0x000000008000577a (0xd2018653) fcvt.d.w fa2, gp
core   0: 1 0x000000008000577a (0xd2018653) f12 0xc1b9ffa000000000
core   0: 0x000000008000577e (0x0b6272d3) fsub.d  ft5, ft4, fs6
core   0: 1 0x000000008000577e (0x0b6272d3) f5  0x7ff8000000000000
core   0: 0x0000000080005782 (0x000b0dbb) addw    s11, s6, zero
core   0: 1 0x0000000080005782 (0x000b0dbb) x27 0x0000000000006002
core   0: 0x0000000080005786 (0x407b533b) sraw    t1, s6, t2
core   0: 1 0x0000000080005786 (0x407b533b) x6  0x0000000000006002
core   0: 0x000000008000578a (0x400b5493) srai    s1, s6, 0
core   0: 1 0x000000008000578a (0x400b5493) x9  0x8000000200006002
core   0: 0x000000008000578e (0x9a69f34b) fnmsub.d ft6, fs3, ft6, fs3
core   0: 1 0x000000008000578e (0x9a69f34b) f6  0x7ff8000000000000
core   0: 0x0000000080005792 (0xa2628a53) fle.d   s4, ft5, ft6
core   0: 1 0x0000000080005792 (0xa2628a53) c1_fflags 0x0000000000000011 x20 0x0000000000000000
core   0: 0x0000000080005796 (0x009416bb) sllw    a3, s0, s1
core   0: 1 0x0000000080005796 (0x009416bb) x13 0x0000000000000000
core   0: 0x000000008000579a (0xd2180dd3) fcvt.d.wu fs11, a6
core   0: 1 0x000000008000579a (0xd2180dd3) f27 0x0000000000000000
core   0: 0x000000008000579e (0xd2217653) fcvt.d.l fa2, sp
core   0: 1 0x000000008000579e (0xd2217653) f12 0xc1d2440000000000
core   0: 0x00000000800057a2 (0x002a10f3) csrrw   ra, frm, s4
core   0: 1 0x00000000800057a2 (0x002a10f3) x1  0x0000000000000004 c2_frm 0x0000000000000000
core   0: 0x00000000800057a6 (0x002023f3) csrrs   t2, frm, zero
core   0: 1 0x00000000800057a6 (0x002023f3) x7  0x0000000000000000
core   0: 0x00000000800057aa (0xe167da37) lui     s4, 0xe167d
core   0: 1 0x00000000800057aa (0xe167da37) x20 0xffffffffe167d000
core   0: 0x00000000800057ae (0x035a7d33) remu    s10, s4, s5
core   0: 1 0x00000000800057ae (0x035a7d33) x26 0xffffffffe167d000
core   0: 0x00000000800057b2 (0xc04064f3) csrrsi  s1, hpmcounter4, 0
core   0: exception trap_illegal_instruction, epc 0x00000000800057b2
core   0:           tval 0x00000000c04064f3
core   0: >>>>  $xrv64i2p1_m2p0_a2p1_f2p2_d2p2_zicsr2p0_zifencei2p0_zmmul1p0_zba1p0_zbb1p0_zbc1p0_zbs1p0
core   0: 0x0000000080004000 (0x0080006f) j       pc + 0x8
core   0: 3 0x0000000080004000 (0x0080006f)
core   0: >>>>  mmode_exception_handler
core   0: 0x0000000080004008 (0x00002c17) auipc   s8, 0x2
core   0: 3 0x0000000080004008 (0x00002c17) x24 0x0000000080006008
core   0: 0x000000008000400c (0x042c0c13) addi    s8, s8, 66
core   0: 3 0x000000008000400c (0x042c0c13) x24 0x000000008000604a
core   0: 0x0000000080004010 (0x000c00e7) jalr    s8
core   0: 3 0x0000000080004010 (0x000c00e7) x1  0x0000000080004014
core   0: >>>>  any_handler
core   0: 0x000000008000604a (0x341027f3) csrrs   a5, mepc, zero
core   0: 3 0x000000008000604a (0x341027f3) x15 0x00000000800057b2
core   0: 0x000000008000604e (0x34202773) csrrs   a4, mcause, zero
core   0: 3 0x000000008000604e (0x34202773) x14 0x0000000000000002
core   0: 0x0000000080006052 (0x142026f3) csrrs   a3, scause, zero
core   0: 3 0x0000000080006052 (0x142026f3) x13 0x0000000000000000
core   0: 0x0000000080006056 (0x30402673) csrrs   a2, mie, zero
core   0: 3 0x0000000080006056 (0x30402673) x12 0x0000000000000a00
core   0: 0x000000008000605a (0x344025f3) csrrs   a1, mip, zero
core   0: 3 0x000000008000605a (0x344025f3) x11 0x0000000000000080
core   0: 0x000000008000605e (0x343025f3) csrrs   a1, mtval, zero
core   0: 3 0x000000008000605e (0x343025f3) x11 0x00000000c04064f3
core   0: 0x0000000080006062 (0x14302573) csrrs   a0, stval, zero
core   0: 3 0x0000000080006062 (0x14302573) x10 0x0000000000000000
core   0: 0x0000000080006066 (0xb02024f3) csrrs   s1, minstret, zero
core   0: 3 0x0000000080006066 (0xb02024f3) x9  0x0000000000000f82
core   0: 0x000000008000606a (0x0000a811) c.j     pc + 20
core   0: 3 0x000000008000606a (0xa811)
core   0: >>>>  mepc_4
core   0: 0x000000008000607e (0x00000791) c.addi  a5, 4
core   0: 3 0x000000008000607e (0x0791) x15 0x00000000800057b6
core   0: 0x0000000080006080 (0x34179073) csrrw   zero, mepc, a5
core   0: 3 0x0000000080006080 (0x34179073) c833_mepc 0x00000000800057b6
core   0: 0x0000000080006084 (0x30200073) mret
core   0: 3 0x0000000080006084 (0x30200073) c768_mstatus 0x8000000a00106080
core   0: 0x00000000800057b6 (0x00c7171b) slliw   a4, a4, 12
core   0: 1 0x00000000800057b6 (0x00c7171b) x14 0x0000000000002000
core   0: 0x00000000800057ba (0x00e898bb) sllw    a7, a7, a4
core   0: 1 0x00000000800057ba (0x00e898bb) x17 0xffffffffe6006001
core   0: 0x00000000800057be (0x038373b3) remu    t2, t1, s8
core   0: 1 0x00000000800057be (0x038373b3) x7  0x0000000000006002
core   0: 0x00000000800057c2 (0x40f555b3) sra     a1, a0, a5
core   0: 1 0x00000000800057c2 (0x40f555b3) x11 0x0000000000000000
core   0: 0x00000000800057c6 (0x0af7f0d3) fsub.d  ft1, fa5, fa5
core   0: 1 0x00000000800057c6 (0x0af7f0d3) f1  0x0000000000000000
core   0: 0x00000000800057ca (0xd037fa53) fcvt.s.lu fs4, a5
core   0: 1 0x00000000800057ca (0xd037fa53) c1_fflags 0x0000000000000011 f20 0xffffffff4f000058
core   0: 0x00000000800057ce (0x000bd613) srli    a2, s7, 0
core   0: 1 0x00000000800057ce (0x000bd613) x12 0x0000000000000000
core   0: 0x00000000800057d2 (0xc2367353) fcvt.lu.d t1, fa2
core   0: 1 0x00000000800057d2 (0xc2367353) c1_fflags 0x0000000000000011 x6  0x0000000000000000
core   0: 0x00000000800057d6 (0x0b40fc53) fsub.d  fs8, ft1, fs4
core   0: 1 0x00000000800057d6 (0x0b40fc53) f24 0x7ff8000000000000
core   0: 0x00000000800057da (0xd20e8fd3) fcvt.d.w ft11, t4
core   0: 1 0x00000000800057da (0xd20e8fd3) f31 0x0000000000000000
core   0: 0x00000000800057de (0x0291f63b) remuw   a2, gp, s1
core   0: 1 0x00000000800057de (0x0291f63b) x12 0x0000000000000ede
core   0: 0x00000000800057e2 (0x00149273) csrrw   tp, fflags, s1
core   0: 1 0x00000000800057e2 (0x00149273) x4  0x0000000000000011 c1_fflags 0x0000000000000002
core   0: 0x00000000800057e6 (0x4012551b) sraiw   a0, tp, 1
core   0: 1 0x00000000800057e6 (0x4012551b) x10 0x0000000000000008
core   0: 0x00000000800057ea (0x140e54f3) csrrwi  s1, sscratch, 28
core   0: 1 0x00000000800057ea (0x140e54f3) x9  0x0000000000000000 c320_sscratch 0x000000000000001c
core   0: 0x00000000800057ee (0x001c0613) addi    a2, s8, 1
core   0: 1 0x00000000800057ee (0x001c0613) x12 0x000000008000604b
core   0: 0x00000000800057f2 (0xd2060ed3) fcvt.d.w ft9, a2
core   0: 1 0x00000000800057f2 (0xd2060ed3) f29 0xc1dfffe7ed400000
core   0: 0x00000000800057f6 (0x4014d393) srai    t2, s1, 1
core   0: 1 0x00000000800057f6 (0x4014d393) x7  0x0000000000000000
core   0: 0x00000000800057fa (0x222d2353) fsgnjx.d ft6, fs10, ft2
core   0: 1 0x00000000800057fa (0x222d2353) f6  0xfff8000000000000
core   0: 0x00000000800057fe (0x006b4b33) xor     s6, s6, t1
core   0: 1 0x00000000800057fe (0x006b4b33) x22 0x8000000200006002
core   0: 0x0000000080005802 (0x0013d713) srli    a4, t2, 1
core   0: 1 0x0000000080005802 (0x0013d713) x14 0x0000000000000000
core   0: 0x0000000080005806 (0x0204c733) div     a4, s1, zero
core   0: 1 0x0000000080005806 (0x0204c733) x14 0xffffffffffffffff
core   0: 0x000000008000580a (0x0247d7b3) divu    a5, a5, tp
core   0: 1 0x000000008000580a (0x0247d7b3) x15 0x0000000007878cb0
core   0: 0x000000008000580e (0xc22ef8d3) fcvt.l.d a7, ft9
core   0: 1 0x000000008000580e (0xc22ef8d3) x17 0xffffffff8000604b
core   0: 0x0000000080005812 (0x0013d213) srli    tp, t2, 1
core   0: 1 0x0000000080005812 (0x0013d213) x4  0x0000000000000000
core   0: 0x0000000080005816 (0x02f25893) srli    a7, tp, 47
core   0: 1 0x0000000080005816 (0x02f25893) x17 0x0000000000000000
core   0: 0x000000008000581a (0x43f1e337) lui     t1, 0x43f1e
core   0: 1 0x000000008000581a (0x43f1e337) x6  0x0000000043f1e000
core   0: 0x000000008000581e (0x01aa9d33) sll     s10, s5, s10
core   0: 1 0x000000008000581e (0x01aa9d33) x26 0xfffffffffffff800
core   0: 0x0000000080005822 (0x22c6a1d3) fsgnjx.d ft3, fa3, fa2
core   0: 1 0x0000000080005822 (0x22c6a1d3) f3  0xfff8000000000000
core   0: 0x0000000080005826 (0x00e76b33) or      s6, a4, a4
core   0: 1 0x0000000080005826 (0x00e76b33) x22 0xffffffffffffffff
core   0: 0x000000008000582a (0x0a61f253) fsub.d  ft4, ft3, ft6
core   0: 1 0x000000008000582a (0x0a61f253) f4  0x7ff8000000000000
core   0: 0x000000008000582e (0xad309037) lui     zero, 0xad309
core   0: 1 0x000000008000582e (0xad309037)
core   0: 0x0000000080005832 (0x03a106b3) mul     a3, sp, s10
core   0: 1 0x0000000080005832 (0x03a106b3) x13 0x0000024880000000
core   0: 0x0000000080005836 (0x1a4d7e53) fdiv.d  ft8, fs10, ft4
core   0: 1 0x0000000080005836 (0x1a4d7e53) f28 0x7ff8000000000000
core   0: 0x000000008000583a (0x40815a9b) sraiw   s5, sp, 8
core   0: 1 0x000000008000583a (0x40815a9b) x21 0xffffffffffb6f000
core   0: 0x000000008000583e (0x41db81bb) subw    gp, s7, t4
core   0: 1 0x000000008000583e (0x41db81bb) x3  0x0000000000000000
core   0: 0x0000000080005842 (0x023100b3) mul     ra, sp, gp
core   0: 1 0x0000000080005842 (0x023100b3) x1  0x0000000000000000
core   0: 0x0000000080005846 (0x7471a8f3) csrrs   a7, mseccfg, gp
core   0: exception trap_illegal_instruction, epc 0x0000000080005846
core   0:           tval 0x000000007471a8f3
core   0: >>>>  $xrv64i2p1_m2p0_a2p1_f2p2_d2p2_zicsr2p0_zifencei2p0_zmmul1p0_zba1p0_zbb1p0_zbc1p0_zbs1p0
core   0: 0x0000000080004000 (0x0080006f) j       pc + 0x8
core   0: 3 0x0000000080004000 (0x0080006f)
core   0: >>>>  mmode_exception_handler
core   0: 0x0000000080004008 (0x00002c17) auipc   s8, 0x2
core   0: 3 0x0000000080004008 (0x00002c17) x24 0x0000000080006008
core   0: 0x000000008000400c (0x042c0c13) addi    s8, s8, 66
core   0: 3 0x000000008000400c (0x042c0c13) x24 0x000000008000604a
core   0: 0x0000000080004010 (0x000c00e7) jalr    s8
core   0: 3 0x0000000080004010 (0x000c00e7) x1  0x0000000080004014
core   0: >>>>  any_handler
core   0: 0x000000008000604a (0x341027f3) csrrs   a5, mepc, zero
core   0: 3 0x000000008000604a (0x341027f3) x15 0x0000000080005846
core   0: 0x000000008000604e (0x34202773) csrrs   a4, mcause, zero
core   0: 3 0x000000008000604e (0x34202773) x14 0x0000000000000002
core   0: 0x0000000080006052 (0x142026f3) csrrs   a3, scause, zero
core   0: 3 0x0000000080006052 (0x142026f3) x13 0x0000000000000000
core   0: 0x0000000080006056 (0x30402673) csrrs   a2, mie, zero
core   0: 3 0x0000000080006056 (0x30402673) x12 0x0000000000000a00
core   0: 0x000000008000605a (0x344025f3) csrrs   a1, mip, zero
core   0: 3 0x000000008000605a (0x344025f3) x11 0x0000000000000080
core   0: 0x000000008000605e (0x343025f3) csrrs   a1, mtval, zero
core   0: 3 0x000000008000605e (0x343025f3) x11 0x000000007471a8f3
core   0: 0x0000000080006062 (0x14302573) csrrs   a0, stval, zero
core   0: 3 0x0000000080006062 (0x14302573) x10 0x0000000000000000
core   0: 0x0000000080006066 (0xb02024f3) csrrs   s1, minstret, zero
core   0: 3 0x0000000080006066 (0xb02024f3) x9  0x0000000000000fb6
core   0: 0x000000008000606a (0x0000a811) c.j     pc + 20
core   0: 3 0x000000008000606a (0xa811)
core   0: >>>>  mepc_4
core   0: 0x000000008000607e (0x00000791) c.addi  a5, 4
core   0: 3 0x000000008000607e (0x0791) x15 0x000000008000584a
core   0: 0x0000000080006080 (0x34179073) csrrw   zero, mepc, a5
core   0: 3 0x0000000080006080 (0x34179073) c833_mepc 0x000000008000584a
core   0: 0x0000000080006084 (0x30200073) mret
core   0: 3 0x0000000080006084 (0x30200073) c768_mstatus 0x8000000a00106080
core   0: 0x000000008000584a (0x2bcd83d3) fmin.d  ft7, fs11, ft8
core   0: 1 0x000000008000584a (0x2bcd83d3) f7  0x0000000000000000
core   0: 0x000000008000584e (0xc21df253) fcvt.wu.d tp, fs11
core   0: 1 0x000000008000584e (0xc21df253) x4  0x0000000000000000
core   0: 0x0000000080005852 (0x00c01e9b) slliw   t4, zero, 12
core   0: 1 0x0000000080005852 (0x00c01e9b) x29 0x0000000000000000
core   0: 0x0000000080005856 (0x0319b933) mulhu   s2, s3, a7
core   0: 1 0x0000000080005856 (0x0319b933) x18 0x0000000000000000
core   0: 0x000000008000585a (0x6a77f6c3) fmadd.d fa3, fa5, ft7, fa3
core   0: 1 0x000000008000585a (0x6a77f6c3) f13 0x7ff8000000000000
core   0: 0x000000008000585e (0xc20d7853) fcvt.w.d a6, fs10
core   0: 1 0x000000008000585e (0xc20d7853) c1_fflags 0x0000000000000012 x16 0x000000007fffffff
core   0: 0x0000000080005862 (0x412e80b3) sub     ra, t4, s2
core   0: 1 0x0000000080005862 (0x412e80b3) x1  0x0000000000000000
core   0: 0x0000000080005866 (0x01d909bb) addw    s3, s2, t4
core   0: 1 0x0000000080005866 (0x01d909bb) x19 0x0000000000000000
core   0: 0x000000008000586a (0x0288e8bb) remw    a7, a7, s0
core   0: 1 0x000000008000586a (0x0288e8bb) x17 0x0000000000000000
core   0: 0x000000008000586e (0x01552ab3) slt     s5, a0, s5
core   0: 1 0x000000008000586e (0x01552ab3) x21 0x0000000000000000
core   0: 0x0000000080005872 (0x03c4e833) rem     a6, s1, t3
core   0: 1 0x0000000080005872 (0x03c4e833) x16 0x0000000000000fb6
core   0: 0x0000000080005876 (0xd3fec213) xori    tp, t4, -705
core   0: 1 0x0000000080005876 (0xd3fec213) x4  0xfffffffffffffd3f
core   0: 0x000000008000587a (0x404686bb) subw    a3, a3, tp
core   0: 1 0x000000008000587a (0x404686bb) x13 0x00000000000002c1
core   0: 0x000000008000587e (0x01e65713) srli    a4, a2, 30
core   0: 1 0x000000008000587e (0x01e65713) x14 0x0000000000000000
core   0: 0x0000000080005882 (0x4360d113) srai    sp, ra, 54
core   0: 1 0x0000000080005882 (0x4360d113) x2  0x0000000000000000
core   0: 0x0000000080005886 (0x4071d73b) sraw    a4, gp, t2
core   0: 1 0x0000000080005886 (0x4071d73b) x14 0x0000000000000000
core   0: 0x000000008000588a (0x0008e413) ori     s0, a7, 0
core   0: 1 0x000000008000588a (0x0008e413) x8  0x0000000000000000
core   0: 0x000000008000588e (0xc02674d3) fcvt.l.s s1, fa2
core   0: 1 0x000000008000588e (0xc02674d3) c1_fflags 0x0000000000000012 x9  0x7fffffffffffffff
core   0: 0x0000000080005892 (0x01f4de1b) srliw   t3, s1, 31
core   0: 1 0x0000000080005892 (0x01f4de1b) x28 0x0000000000000001
core   0: 0x0000000080005896 (0x0060d6b3) srl     a3, ra, t1
core   0: 1 0x0000000080005896 (0x0060d6b3) x13 0x0000000000000000
core   0: 0x000000008000589a (0x0239c7bb) divw    a5, s3, gp
core   0: 1 0x000000008000589a (0x0239c7bb) x15 0xffffffffffffffff
core   0: 0x000000008000589e (0x03d0eeb3) rem     t4, ra, t4
core   0: 1 0x000000008000589e (0x03d0eeb3) x29 0x0000000000000000
core   0: 0x00000000800058a2 (0x4161d033) sra     zero, gp, s6
core   0: 1 0x00000000800058a2 (0x4161d033)
core   0: 0x00000000800058a6 (0x01185cbb) srlw    s9, a6, a7
core   0: 1 0x00000000800058a6 (0x01185cbb) x25 0x0000000000000fb6
core   0: 0x00000000800058aa (0x036ed13b) divuw   sp, t4, s6
core   0: 1 0x00000000800058aa (0x036ed13b) x2  0x0000000000000000
core   0: 0x00000000800058ae (0xd9440097) auipc   ra, 0xd9440
core   0: 1 0x00000000800058ae (0xd9440097) x1  0x00000000594458ae
core   0: 0x00000000800058b2 (0x34305ef3) csrrwi  t4, mtval, 0
core   0: exception trap_illegal_instruction, epc 0x00000000800058b2
core   0:           tval 0x0000000034305ef3
core   0: >>>>  $xrv64i2p1_m2p0_a2p1_f2p2_d2p2_zicsr2p0_zifencei2p0_zmmul1p0_zba1p0_zbb1p0_zbc1p0_zbs1p0
core   0: 0x0000000080004000 (0x0080006f) j       pc + 0x8
core   0: 3 0x0000000080004000 (0x0080006f)
core   0: >>>>  mmode_exception_handler
core   0: 0x0000000080004008 (0x00002c17) auipc   s8, 0x2
core   0: 3 0x0000000080004008 (0x00002c17) x24 0x0000000080006008
core   0: 0x000000008000400c (0x042c0c13) addi    s8, s8, 66
core   0: 3 0x000000008000400c (0x042c0c13) x24 0x000000008000604a
core   0: 0x0000000080004010 (0x000c00e7) jalr    s8
core   0: 3 0x0000000080004010 (0x000c00e7) x1  0x0000000080004014
core   0: >>>>  any_handler
core   0: 0x000000008000604a (0x341027f3) csrrs   a5, mepc, zero
core   0: 3 0x000000008000604a (0x341027f3) x15 0x00000000800058b2
core   0: 0x000000008000604e (0x34202773) csrrs   a4, mcause, zero
core   0: 3 0x000000008000604e (0x34202773) x14 0x0000000000000002
core   0: 0x0000000080006052 (0x142026f3) csrrs   a3, scause, zero
core   0: 3 0x0000000080006052 (0x142026f3) x13 0x0000000000000000
core   0: 0x0000000080006056 (0x30402673) csrrs   a2, mie, zero
core   0: 3 0x0000000080006056 (0x30402673) x12 0x0000000000000a00
core   0: 0x000000008000605a (0x344025f3) csrrs   a1, mip, zero
core   0: 3 0x000000008000605a (0x344025f3) x11 0x0000000000000080
core   0: 0x000000008000605e (0x343025f3) csrrs   a1, mtval, zero
core   0: 3 0x000000008000605e (0x343025f3) x11 0x0000000034305ef3
core   0: 0x0000000080006062 (0x14302573) csrrs   a0, stval, zero
core   0: 3 0x0000000080006062 (0x14302573) x10 0x0000000000000000
core   0: 0x0000000080006066 (0xb02024f3) csrrs   s1, minstret, zero
core   0: 3 0x0000000080006066 (0xb02024f3) x9  0x0000000000000fe0
core   0: 0x000000008000606a (0x0000a811) c.j     pc + 20
core   0: 3 0x000000008000606a (0xa811)
core   0: >>>>  mepc_4
core   0: 0x000000008000607e (0x00000791) c.addi  a5, 4
core   0: 3 0x000000008000607e (0x0791) x15 0x00000000800058b6
core   0: 0x0000000080006080 (0x34179073) csrrw   zero, mepc, a5
core   0: 3 0x0000000080006080 (0x34179073) c833_mepc 0x00000000800058b6
core   0: 0x0000000080006084 (0x30200073) mret
core   0: 3 0x0000000080006084 (0x30200073) c768_mstatus 0x8000000a00106080
core   0: 0x00000000800058b6 (0xd020f253) fcvt.s.l ft4, ra
core   0: 1 0x00000000800058b6 (0xd020f253) c1_fflags 0x0000000000000013 f4  0xffffffff4f000040
core   0: 0x00000000800058ba (0x9262734f) fnmadd.d ft6, ft4, ft6, fs2
core   0: 1 0x00000000800058ba (0x9262734f) f6  0x7ff8000000000000
core   0: 0x00000000800058be (0x0014db13) srli    s6, s1, 1
core   0: 1 0x00000000800058be (0x0014db13) x22 0x00000000000007f0
core   0: 0x00000000800058c2 (0x00000e06) c.slli  t3, 1
core   0: 1 0x00000000800058c2 (0x0e06) x28 0x0000000000000002
core   0: 0x00000000800058c4 (0x935efac3) fmadd.d fs5, ft9, fs5, fs2
core   0: 1 0x00000000800058c4 (0x935efac3) c1_fflags 0x0000000000000013 f21 0xc3d804c11ccec963
core   0: 0x00000000800058c8 (0x23290dd3) fsgnj.d fs11, fs2, fs2
core   0: 1 0x00000000800058c8 (0x23290dd3) f27 0x0000000000000000
core   0: 0x00000000800058cc (0x5a0771d3) fsqrt.d ft3, fa4
core   0: 1 0x00000000800058cc (0x5a0771d3) f3  0x7ff8000000000000
core   0: 0x00000000800058d0 (0x01656eb3) or      t4, a0, s6
core   0: 1 0x00000000800058d0 (0x01656eb3) x29 0x00000000000007f0
core   0: 0x00000000800058d4 (0x00018e9b) sext.w  t4, gp
core   0: 1 0x00000000800058d4 (0x00018e9b) x29 0x0000000000000000
core   0: 0x00000000800058d8 (0x0ff0000f) fence   iorw,iorw
core   0: 1 0x00000000800058d8 (0x0ff0000f)
core   0: 0x00000000800058dc (0x00000001) c.nop
core   0: 1 0x00000000800058dc (0x0001)
core   0: 0x00000000800058de (0x0339fcd3) fadd.d  fs9, fs3, fs3
core   0: 1 0x00000000800058de (0x0339fcd3) f25 0x4400000000000000
core   0: 0x00000000800058e2 (0xd224fed3) fcvt.d.l ft9, s1
core   0: 1 0x00000000800058e2 (0xd224fed3) f29 0x40afc00000000000
core   0: 0x00000000800058e6 (0xd22870d3) fcvt.d.l ft1, a6
core   0: 1 0x00000000800058e6 (0xd22870d3) f1  0x40af6c0000000000
core   0: 0x00000000800058ea (0x03205833) divu    a6, zero, s2
core   0: 1 0x00000000800058ea (0x03205833) x16 0xffffffffffffffff
core   0: 0x00000000800058ee (0x7ff5c593) xori    a1, a1, 2047
core   0: 1 0x00000000800058ee (0x7ff5c593) x11 0x000000003430590c
core   0: 0x00000000800058f2 (0xd025f253) fcvt.s.l ft4, a1
core   0: 1 0x00000000800058f2 (0xd025f253) c1_fflags 0x0000000000000013 f4  0xffffffff4e50c164
core   0: 0x00000000800058f6 (0x01784933) xor     s2, a6, s7
core   0: 1 0x00000000800058f6 (0x01784933) x18 0xffffffffffffffff
core   0: 0x00000000800058fa (0x01a5debb) srlw    t4, a1, s10
core   0: 1 0x00000000800058fa (0x01a5debb) x29 0x000000003430590c
core   0: 0x00000000800058fe (0x420089d3) fcvt.d.s fs3, ft1
core   0: 1 0x00000000800058fe (0x420089d3) f19 0x7ff8000000000000
core   0: 0x0000000080005902 (0x886d0593) addi    a1, s10, -1914
core   0: 1 0x0000000080005902 (0x886d0593) x11 0xfffffffffffff086
core   0: 0x0000000080005906 (0x00181af3) csrrw   s5, fflags, a6
core   0: 1 0x0000000080005906 (0x00181af3) x21 0x0000000000000013 c1_fflags 0x000000000000001f
core   0: 0x000000008000590a (0x22a8a3d3) fsgnjx.d ft7, fa7, fa0
core   0: 1 0x000000008000590a (0x22a8a3d3) f7  0x4000000000000000
core   0: 0x000000008000590e (0x800a8093) addi    ra, s5, -2048
core   0: 1 0x000000008000590e (0x800a8093) x1  0xfffffffffffff813
core   0: 0x0000000080005912 (0x00b691b3) sll     gp, a3, a1
core   0: 1 0x0000000080005912 (0x00b691b3) x3  0x0000000000000000
core   0: 0x0000000080005916 (0x5a0efad3) fsqrt.d fs5, ft9
core   0: 1 0x0000000080005916 (0x5a0efad3) c1_fflags 0x000000000000001f f21 0x404fdfefefebe3d6
core   0: 0x000000008000591a (0x03029913) slli    s2, t0, 48
core   0: 1 0x000000008000591a (0x03029913) x18 0xf800000000000000
core   0: 0x000000008000591e (0x227e8e53) fsgnj.d ft8, ft9, ft7
core   0: 1 0x000000008000591e (0x227e8e53) f28 0x40afc00000000000
core   0: 0x0000000080005922 (0xa1cb4b13) xori    s6, s6, -1508
core   0: 1 0x0000000080005922 (0xa1cb4b13) x22 0xfffffffffffffdec
core   0: 0x0000000080005926 (0x01fb139b) slliw   t2, s6, 31
core   0: 1 0x0000000080005926 (0x01fb139b) x7  0x0000000000000000
core   0: 0x000000008000592a (0x03687833) remu    a6, a6, s6
core   0: 1 0x000000008000592a (0x03687833) x16 0x0000000000000213
core   0: 0x000000008000592e (0x0ff0000f) fence   iorw,iorw
core   0: 1 0x000000008000592e (0x0ff0000f)
core   0: 0x0000000080005932 (0xc21af553) fcvt.wu.d a0, fs5
core   0: 1 0x0000000080005932 (0xc21af553) c1_fflags 0x000000000000001f x10 0x0000000000000040
core   0: 0x0000000080005936 (0x00fd91bb) sllw    gp, s11, a5
core   0: 1 0x0000000080005936 (0x00fd91bb) x3  0x0000000000800000
core   0: 0x000000008000593a (0x001b9b9b) slliw   s7, s7, 1
core   0: 1 0x000000008000593a (0x001b9b9b) x23 0x0000000000000000
core   0: 0x000000008000593e (0x0285b5b3) mulhu   a1, a1, s0
core   0: 1 0x000000008000593e (0x0285b5b3) x11 0x0000000000000000
core   0: 0x0000000080005942 (0x00000001) c.nop
core   0: 1 0x0000000080005942 (0x0001)
core   0: 0x0000000080005944 (0x41dd539b) sraiw   t2, s10, 29
core   0: 1 0x0000000080005944 (0x41dd539b) x7  0xffffffffffffffff
core   0: 0x0000000080005948 (0x3bcbf64f) fnmadd.d fa2, fs7, ft8, ft7
core   0: 1 0x0000000080005948 (0x3bcbf64f) f12 0x7ff8000000000000
core   0: 0x000000008000594c (0xc2167dd3) fcvt.wu.d s11, fa2
core   0: 1 0x000000008000594c (0xc2167dd3) c1_fflags 0x000000000000001f x27 0xffffffffffffffff
core   0: 0x0000000080005950 (0xc233fc53) fcvt.lu.d s8, ft7
core   0: 1 0x0000000080005950 (0xc233fc53) x24 0x0000000000000002
core   0: 0x0000000080005954 (0x000d8a9b) sext.w  s5, s11
core   0: 1 0x0000000080005954 (0x000d8a9b) x21 0xffffffffffffffff
core   0: 0x0000000080005958 (0xd2317ad3) fcvt.d.lu fs5, sp
core   0: 1 0x0000000080005958 (0xd2317ad3) f21 0x0000000000000000
core   0: 0x000000008000595c (0x0064cab3) xor     s5, s1, t1
core   0: 1 0x000000008000595c (0x0064cab3) x21 0x0000000043f1efe0
core   0: 0x0000000080005960 (0x2b2af543) fmadd.d fa0, fs5, fs2, ft5
core   0: 1 0x0000000080005960 (0x2b2af543) f10 0x7ff8000000000000
core   0: 0x0000000080005964 (0x221600d3) fsgnj.d ft1, fa2, ft1
core   0: 1 0x0000000080005964 (0x221600d3) f1  0x7ff8000000000000
core   0: 0x0000000080005968 (0x30632df3) csrrs   s11, mcounteren, t1
core   0: exception trap_illegal_instruction, epc 0x0000000080005968
core   0:           tval 0x0000000030632df3
core   0: >>>>  $xrv64i2p1_m2p0_a2p1_f2p2_d2p2_zicsr2p0_zifencei2p0_zmmul1p0_zba1p0_zbb1p0_zbc1p0_zbs1p0
core   0: 0x0000000080004000 (0x0080006f) j       pc + 0x8
core   0: 3 0x0000000080004000 (0x0080006f)
core   0: >>>>  mmode_exception_handler
core   0: 0x0000000080004008 (0x00002c17) auipc   s8, 0x2
core   0: 3 0x0000000080004008 (0x00002c17) x24 0x0000000080006008
core   0: 0x000000008000400c (0x042c0c13) addi    s8, s8, 66
core   0: 3 0x000000008000400c (0x042c0c13) x24 0x000000008000604a
core   0: 0x0000000080004010 (0x000c00e7) jalr    s8
core   0: 3 0x0000000080004010 (0x000c00e7) x1  0x0000000080004014
core   0: >>>>  any_handler
core   0: 0x000000008000604a (0x341027f3) csrrs   a5, mepc, zero
core   0: 3 0x000000008000604a (0x341027f3) x15 0x0000000080005968
core   0: 0x000000008000604e (0x34202773) csrrs   a4, mcause, zero
core   0: 3 0x000000008000604e (0x34202773) x14 0x0000000000000002
core   0: 0x0000000080006052 (0x142026f3) csrrs   a3, scause, zero
core   0: 3 0x0000000080006052 (0x142026f3) x13 0x0000000000000000
core   0: 0x0000000080006056 (0x30402673) csrrs   a2, mie, zero
core   0: 3 0x0000000080006056 (0x30402673) x12 0x0000000000000a00
core   0: 0x000000008000605a (0x344025f3) csrrs   a1, mip, zero
core   0: 3 0x000000008000605a (0x344025f3) x11 0x0000000000000080
core   0: 0x000000008000605e (0x343025f3) csrrs   a1, mtval, zero
core   0: 3 0x000000008000605e (0x343025f3) x11 0x0000000030632df3
core   0: 0x0000000080006062 (0x14302573) csrrs   a0, stval, zero
core   0: 3 0x0000000080006062 (0x14302573) x10 0x0000000000000000
core   0: 0x0000000080006066 (0xb02024f3) csrrs   s1, minstret, zero
core   0: 3 0x0000000080006066 (0xb02024f3) x9  0x000000000000101e
core   0: 0x000000008000606a (0x0000a811) c.j     pc + 20
core   0: 3 0x000000008000606a (0xa811)
core   0: >>>>  mepc_4
core   0: 0x000000008000607e (0x00000791) c.addi  a5, 4
core   0: 3 0x000000008000607e (0x0791) x15 0x000000008000596c
core   0: 0x0000000080006080 (0x34179073) csrrw   zero, mepc, a5
core   0: 3 0x0000000080006080 (0x34179073) c833_mepc 0x000000008000596c
core   0: 0x0000000080006084 (0x30200073) mret
core   0: 3 0x0000000080006084 (0x30200073) c768_mstatus 0x8000000a00106080
core   0: 0x000000008000596c (0x0bb7ffd3) fsub.d  ft11, fa5, fs11
core   0: 1 0x000000008000596c (0x0bb7ffd3) f31 0x41dfffe7ed800000
core   0: 0x0000000080005970 (0x22a502d3) fsgnj.d ft5, fa0, fa0
core   0: 1 0x0000000080005970 (0x22a502d3) f5  0x7ff8000000000000
core   0: 0x0000000080005974 (0x014dceb3) xor     t4, s11, s4
core   0: 1 0x0000000080005974 (0x014dceb3) x29 0x000000001e982fff
core   0: 0x0000000080005978 (0x03ad3e33) mulhu   t3, s10, s10
core   0: 1 0x0000000080005978 (0x03ad3e33) x28 0xfffffffffffff000
core   0: 0x000000008000597c (0x5e1dd737) lui     a4, 0x5e1dd
core   0: 1 0x000000008000597c (0x5e1dd737) x14 0x000000005e1dd000
core   0: 0x0000000080005980 (0x00ede8b3) or      a7, s11, a4
core   0: 1 0x0000000080005980 (0x00ede8b3) x17 0xffffffffffffffff
core   0: 0x0000000080005984 (0x02e2c0bb) divw    ra, t0, a4
core   0: 1 0x0000000080005984 (0x02e2c0bb) x1  0x0000000000000000
core   0: 0x0000000080005988 (0xd20b8d53) fcvt.d.w fs10, s7
core   0: 1 0x0000000080005988 (0xd20b8d53) f26 0x0000000000000000
core   0: 0x000000008000598c (0x0223a033) mulhsu  zero, t2, sp
core   0: 1 0x000000008000598c (0x0223a033)
core   0: 0x0000000080005990 (0x40d6083b) subw    a6, a2, a3
core   0: 1 0x0000000080005990 (0x40d6083b) x16 0x0000000000000a00
core   0: 0x0000000080005994 (0xf80214b7) lui     s1, 0xf8021
core   0: 1 0x0000000080005994 (0xf80214b7) x9  0xfffffffff8021000
core   0: 0x0000000080005998 (0xbeb4849b) addiw   s1, s1, -1045
core   0: 1 0x0000000080005998 (0xbeb4849b) x9  0xfffffffff8020beb
core   0: 0x000000008000599c (0x000004b2) c.slli  s1, 12
core   0: 1 0x000000008000599c (0x04b2) x9  0xffffff8020beb000
core   0: 0x000000008000599e (0x36948493) addi    s1, s1, 873
core   0: 1 0x000000008000599e (0x36948493) x9  0xffffff8020beb369
core   0: 0x00000000800059a2 (0x8001fa13) andi    s4, gp, -2048
core   0: 1 0x00000000800059a2 (0x8001fa13) x20 0x0000000000800000
core   0: 0x00000000800059a6 (0x03756133) rem     sp, a0, s7
core   0: 1 0x00000000800059a6 (0x03756133) x2  0x0000000000000000
core   0: 0x00000000800059aa (0x7f0a0b1b) addiw   s6, s4, 2032
core   0: 1 0x00000000800059aa (0x7f0a0b1b) x22 0x00000000008007f0
core   0: 0x00000000800059ae (0xd2010cd3) fcvt.d.w fs9, sp
core   0: 1 0x00000000800059ae (0xd2010cd3) f25 0x0000000000000000
core   0: 0x00000000800059b2 (0x00000001) c.nop
core   0: 1 0x00000000800059b2 (0x0001)
core   0: 0x00000000800059b4 (0x03ab58bb) divuw   a7, s6, s10
core   0: 1 0x00000000800059b4 (0x03ab58bb) x17 0x0000000000000000
core   0: 0x00000000800059b8 (0xd23b7553) fcvt.d.lu fa0, s6
core   0: 1 0x00000000800059b8 (0xd23b7553) f10 0x416000fe00000000
core   0: 0x00000000800059bc (0x0390d393) srli    t2, ra, 57
core   0: 1 0x00000000800059bc (0x0390d393) x7  0x0000000000000000
core   0: 0x00000000800059c0 (0x00102373) csrrs   t1, fflags, zero
core   0: 1 0x00000000800059c0 (0x00102373) x6  0x000000000000001f
core   0: 0x00000000800059c4 (0xff6adbb7) lui     s7, 0xff6ad
core   0: 1 0x00000000800059c4 (0xff6adbb7) x23 0xffffffffff6ad000
core   0: 0x00000000800059c8 (0xd5db8b9b) addiw   s7, s7, -675
core   0: 1 0x00000000800059c8 (0xd5db8b9b) x23 0xffffffffff6acd5d
core   0: 0x00000000800059cc (0x00000bb6) c.slli  s7, 13
core   0: 1 0x00000000800059cc (0x0bb6) x23 0xffffffed59aba000
core   0: 0x00000000800059ce (0xb4ab8b93) addi    s7, s7, -1206
core   0: 1 0x00000000800059ce (0xb4ab8b93) x23 0xffffffed59ab9b4a
core   0: 0x00000000800059d2 (0x0158ceb3) xor     t4, a7, s5
core   0: 1 0x00000000800059d2 (0x0158ceb3) x29 0x0000000043f1efe0
core   0: 0x00000000800059d6 (0x00ac9333) sll     t1, s9, a0
core   0: 1 0x00000000800059d6 (0x00ac9333) x6  0x0000000000000fb6
core   0: 0x00000000800059da (0x01bdd1b3) srl     gp, s11, s11
core   0: 1 0x00000000800059da (0x01bdd1b3) x3  0x0000000000000001
core   0: 0x00000000800059de (0x026bbbb3) mulhu   s7, s7, t1
core   0: 1 0x00000000800059de (0x026bbbb3) x23 0x0000000000000fb5
core   0: 0x00000000800059e2 (0xf20b8b53) fmv.d.x fs6, s7
core   0: 1 0x00000000800059e2 (0xf20b8b53) f22 0x0000000000000fb5
core   0: 0x00000000800059e6 (0xfff18e13) addi    t3, gp, -1
core   0: 1 0x00000000800059e6 (0xfff18e13) x28 0x0000000000000000
core   0: 0x00000000800059ea (0x02ddcc3b) divw    s8, s11, a3
core   0: 1 0x00000000800059ea (0x02ddcc3b) x24 0xffffffffffffffff
core   0: 0x00000000800059ee (0x037763bb) remw    t2, a4, s7
core   0: 1 0x00000000800059ee (0x037763bb) x7  0x0000000000000631
core   0: 0x00000000800059f2 (0x310c1c73) csrrw   s8, mstatush, s8
core   0: exception trap_illegal_instruction, epc 0x00000000800059f2
core   0:           tval 0x00000000310c1c73
core   0: >>>>  $xrv64i2p1_m2p0_a2p1_f2p2_d2p2_zicsr2p0_zifencei2p0_zmmul1p0_zba1p0_zbb1p0_zbc1p0_zbs1p0
core   0: 0x0000000080004000 (0x0080006f) j       pc + 0x8
core   0: 3 0x0000000080004000 (0x0080006f)
core   0: >>>>  mmode_exception_handler
core   0: 0x0000000080004008 (0x00002c17) auipc   s8, 0x2
core   0: 3 0x0000000080004008 (0x00002c17) x24 0x0000000080006008
core   0: 0x000000008000400c (0x042c0c13) addi    s8, s8, 66
core   0: 3 0x000000008000400c (0x042c0c13) x24 0x000000008000604a
core   0: 0x0000000080004010 (0x000c00e7) jalr    s8
core   0: 3 0x0000000080004010 (0x000c00e7) x1  0x0000000080004014
core   0: >>>>  any_handler
core   0: 0x000000008000604a (0x341027f3) csrrs   a5, mepc, zero
core   0: 3 0x000000008000604a (0x341027f3) x15 0x00000000800059f2
core   0: 0x000000008000604e (0x34202773) csrrs   a4, mcause, zero
core   0: 3 0x000000008000604e (0x34202773) x14 0x0000000000000002
core   0: 0x0000000080006052 (0x142026f3) csrrs   a3, scause, zero
core   0: 3 0x0000000080006052 (0x142026f3) x13 0x0000000000000000
core   0: 0x0000000080006056 (0x30402673) csrrs   a2, mie, zero
core   0: 3 0x0000000080006056 (0x30402673) x12 0x0000000000000a00
core   0: 0x000000008000605a (0x344025f3) csrrs   a1, mip, zero
core   0: 3 0x000000008000605a (0x344025f3) x11 0x0000000000000080
core   0: 0x000000008000605e (0x343025f3) csrrs   a1, mtval, zero
core   0: 3 0x000000008000605e (0x343025f3) x11 0x00000000310c1c73
core   0: 0x0000000080006062 (0x14302573) csrrs   a0, stval, zero
core   0: 3 0x0000000080006062 (0x14302573) x10 0x0000000000000000
core   0: 0x0000000080006066 (0xb02024f3) csrrs   s1, minstret, zero
core   0: 3 0x0000000080006066 (0xb02024f3) x9  0x0000000000001051
core   0: 0x000000008000606a (0x0000a811) c.j     pc + 20
core   0: 3 0x000000008000606a (0xa811)
core   0: >>>>  mepc_4
core   0: 0x000000008000607e (0x00000791) c.addi  a5, 4
core   0: 3 0x000000008000607e (0x0791) x15 0x00000000800059f6
core   0: 0x0000000080006080 (0x34179073) csrrw   zero, mepc, a5
core   0: 3 0x0000000080006080 (0x34179073) c833_mepc 0x00000000800059f6
core   0: 0x0000000080006084 (0x30200073) mret
core   0: 3 0x0000000080006084 (0x30200073) c768_mstatus 0x8000000a00106080
core   0: 0x00000000800059f6 (0x00000001) c.nop
core   0: 1 0x00000000800059f6 (0x0001)
core   0: 0x00000000800059f8 (0x0192929b) slliw   t0, t0, 25
core   0: 1 0x00000000800059f8 (0x0192929b) x5  0x0000000000000000
core   0: 0x00000000800059fc (0xd03b7f53) fcvt.s.lu ft10, s6
core   0: 1 0x00000000800059fc (0xd03b7f53) f30 0xffffffff4b0007f0
core   0: 0x0000000080005a00 (0x02a12db3) mulhsu  s11, sp, a0
core   0: 1 0x0000000080005a00 (0x02a12db3) x27 0x0000000000000000
core   0: 0x0000000080005a04 (0x223c26d3) fsgnjx.d fa3, fs8, ft3
core   0: 1 0x0000000080005a04 (0x223c26d3) f13 0x7ff8000000000000
core   0: 0x0000000080005a08 (0x000d003b) addw    zero, s10, zero
core   0: 1 0x0000000080005a08 (0x000d003b)
core   0: 0x0000000080005a0c (0x403d0b3b) subw    s6, s10, gp
core   0: 1 0x0000000080005a0c (0x403d0b3b) x22 0xfffffffffffff7ff
core   0: 0x0000000080005a10 (0xc036f653) fcvt.lu.s a2, fa3
core   0: 1 0x0000000080005a10 (0xc036f653) c1_fflags 0x000000000000001f x12 0xffffffffffffffff
core   0: 0x0000000080005a14 (0xe511fc93) andi    s9, gp, -431
core   0: 1 0x0000000080005a14 (0xe511fc93) x25 0x0000000000000001
core   0: 0x0000000080005a18 (0x00199cf3) csrrw   s9, fflags, s3
core   0: 1 0x0000000080005a18 (0x00199cf3) x25 0x000000000000001f c1_fflags 0x0000000000000000
core   0: 0x0000000080005a1c (0x6ebc0593) addi    a1, s8, 1771
core   0: 1 0x0000000080005a1c (0x6ebc0593) x11 0x0000000080006735
core   0: 0x0000000080005a20 (0x00000001) c.nop
core   0: 1 0x0000000080005a20 (0x0001)
core   0: 0x0000000080005a22 (0x00000001) c.nop
core   0: 1 0x0000000080005a22 (0x0001)
core   0: 0x0000000080005a24 (0xd030fcd3) fcvt.s.lu fs9, ra
core   0: 1 0x0000000080005a24 (0xd030fcd3) c1_fflags 0x0000000000000001 f25 0xffffffff4f000040
core   0: 0x0000000080005a28 (0x8009861b) addiw   a2, s3, -2048
core   0: 1 0x0000000080005a28 (0x8009861b) x12 0xfffffffffffff800
core   0: 0x0000000080005a2c (0xb39877cb) fnmsub.d fa5, fa6, fs9, fs6
core   0: 1 0x0000000080005a2c (0xb39877cb) f15 0x7ff8000000000000
core   0: 0x0000000080005a30 (0x420800d3) fcvt.d.s ft1, fa6
core   0: 1 0x0000000080005a30 (0x420800d3) f1  0x7ff8000000000000
core   0: 0x0000000080005a34 (0x039bc7bb) divw    a5, s7, s9
core   0: 1 0x0000000080005a34 (0x039bc7bb) x15 0x0000000000000081
core   0: 0x0000000080005a38 (0x02ddf853) fadd.d  fa6, fs11, fa3
core   0: 1 0x0000000080005a38 (0x02ddf853) f16 0x7ff8000000000000
core   0: 0x0000000080005a3c (0x0191883b) addw    a6, gp, s9
core   0: 1 0x0000000080005a3c (0x0191883b) x16 0x0000000000000020
core   0: 0x0000000080005a40 (0x40c0d733) sra     a4, ra, a2
core   0: 1 0x0000000080005a40 (0x40c0d733) x14 0x0000000080004014
core   0: 0x0000000080005a44 (0xf8307597) auipc   a1, 0xf8307
core   0: 1 0x0000000080005a44 (0xf8307597) x11 0x000000007830ca44
core   0: 0x0000000080005a48 (0xba887ccf) fnmadd.d fs9, fa6, fs0, fs7
core   0: 1 0x0000000080005a48 (0xba887ccf) f25 0x7ff8000000000000
core   0: 0x0000000080005a4c (0x83597ac3) fmadd.d fs5, fs2, fs5, fa6
core   0: 1 0x0000000080005a4c (0x83597ac3) f21 0x7ff8000000000000
core   0: 0x0000000080005a50 (0x6a8b744b) fnmsub.d fs0, fs6, fs0, fa3
core   0: 1 0x0000000080005a50 (0x6a8b744b) f8  0x7ff8000000000000
core   0: 0x0000000080005a54 (0x00c38cbb) addw    s9, t2, a2
core   0: 1 0x0000000080005a54 (0x00c38cbb) x25 0xfffffffffffffe31
core   0: 0x0000000080005a58 (0x22dd0a53) fsgnj.d fs4, fs10, fa3
core   0: 1 0x0000000080005a58 (0x22dd0a53) f20 0x0000000000000000
core   0: 0x0000000080005a5c (0x0304c833) div     a6, s1, a6
core   0: 1 0x0000000080005a5c (0x0304c833) x16 0x0000000000000082
core   0: 0x0000000080005a60 (0x000dc733) xor     a4, s11, zero
core   0: 1 0x0000000080005a60 (0x000dc733) x14 0x0000000000000000
core   0: 0x0000000080005a64 (0xd239f853) fcvt.d.lu fa6, s3
core   0: 1 0x0000000080005a64 (0xd239f853) f16 0x0000000000000000
core   0: 0x0000000080005a68 (0x7ff98813) addi    a6, s3, 2047
core   0: 1 0x0000000080005a68 (0x7ff98813) x16 0x00000000000007ff
core   0: 0x0000000080005a6c (0xf11c3173) csrrc   sp, mvendorid, s8
core   0: exception trap_illegal_instruction, epc 0x0000000080005a6c
core   0:           tval 0x00000000f11c3173
core   0: >>>>  $xrv64i2p1_m2p0_a2p1_f2p2_d2p2_zicsr2p0_zifencei2p0_zmmul1p0_zba1p0_zbb1p0_zbc1p0_zbs1p0
core   0: 0x0000000080004000 (0x0080006f) j       pc + 0x8
core   0: 3 0x0000000080004000 (0x0080006f)
core   0: >>>>  mmode_exception_handler
core   0: 0x0000000080004008 (0x00002c17) auipc   s8, 0x2
core   0: 3 0x0000000080004008 (0x00002c17) x24 0x0000000080006008
core   0: 0x000000008000400c (0x042c0c13) addi    s8, s8, 66
core   0: 3 0x000000008000400c (0x042c0c13) x24 0x000000008000604a
core   0: 0x0000000080004010 (0x000c00e7) jalr    s8
core   0: 3 0x0000000080004010 (0x000c00e7) x1  0x0000000080004014
core   0: >>>>  any_handler
core   0: 0x000000008000604a (0x341027f3) csrrs   a5, mepc, zero
core   0: 3 0x000000008000604a (0x341027f3) x15 0x0000000080005a6c
core   0: 0x000000008000604e (0x34202773) csrrs   a4, mcause, zero
core   0: 3 0x000000008000604e (0x34202773) x14 0x0000000000000002
core   0: 0x0000000080006052 (0x142026f3) csrrs   a3, scause, zero
core   0: 3 0x0000000080006052 (0x142026f3) x13 0x0000000000000000
core   0: 0x0000000080006056 (0x30402673) csrrs   a2, mie, zero
core   0: 3 0x0000000080006056 (0x30402673) x12 0x0000000000000a00
core   0: 0x000000008000605a (0x344025f3) csrrs   a1, mip, zero
core   0: 3 0x000000008000605a (0x344025f3) x11 0x0000000000000080
core   0: 0x000000008000605e (0x343025f3) csrrs   a1, mtval, zero
core   0: 3 0x000000008000605e (0x343025f3) x11 0x00000000f11c3173
core   0: 0x0000000080006062 (0x14302573) csrrs   a0, stval, zero
core   0: 3 0x0000000080006062 (0x14302573) x10 0x0000000000000000
core   0: 0x0000000080006066 (0xb02024f3) csrrs   s1, minstret, zero
core   0: 3 0x0000000080006066 (0xb02024f3) x9  0x0000000000001080
core   0: 0x000000008000606a (0x0000a811) c.j     pc + 20
core   0: 3 0x000000008000606a (0xa811)
core   0: >>>>  mepc_4
core   0: 0x000000008000607e (0x00000791) c.addi  a5, 4
core   0: 3 0x000000008000607e (0x0791) x15 0x0000000080005a70
core   0: 0x0000000080006080 (0x34179073) csrrw   zero, mepc, a5
core   0: 3 0x0000000080006080 (0x34179073) c833_mepc 0x0000000080005a70
core   0: 0x0000000080006084 (0x30200073) mret
core   0: 3 0x0000000080006084 (0x30200073) c768_mstatus 0x8000000a00106080
core   0: 0x0000000080005a70 (0x00f6843b) addw    s0, a3, a5
core   0: 1 0x0000000080005a70 (0x00f6843b) x8  0xffffffff80005a70
core   0: 0x0000000080005a74 (0x2a8410d3) fmax.d  ft1, fs0, fs0
core   0: 1 0x0000000080005a74 (0x2a8410d3) f1  0x7ff8000000000000
core   0: 0x0000000080005a78 (0x230e1d53) fsgnjn.d fs10, ft8, fa6
core   0: 1 0x0000000080005a78 (0x230e1d53) f26 0xc0afc00000000000
core   0: 0x0000000080005a7c (0x413459b3) sra     s3, s0, s3
core   0: 1 0x0000000080005a7c (0x413459b3) x19 0xffffffff80005a70
core   0: 0x0000000080005a80 (0xc20bf553) fcvt.w.d a0, fs7
core   0: 1 0x0000000080005a80 (0xc20bf553) c1_fflags 0x0000000000000011 x10 0x000000007fffffff
core   0: 0x0000000080005a84 (0x0abd78d3) fsub.d  fa7, fs10, fa1
core   0: 1 0x0000000080005a84 (0x0abd78d3) f17 0x7ff8000000000000
core   0: 0x0000000080005a88 (0xc0377c53) fcvt.lu.s s8, fa4
core   0: 1 0x0000000080005a88 (0xc0377c53) c1_fflags 0x0000000000000011 x24 0xffffffffffffffff
core   0: 0x0000000080005a8c (0xc03d7b53) fcvt.lu.s s6, fs10
core   0: 1 0x0000000080005a8c (0xc03d7b53) c1_fflags 0x0000000000000011 x22 0xffffffffffffffff
core   0: 0x0000000080005a90 (0x00000001) c.nop
core   0: 1 0x0000000080005a90 (0x0001)
core   0: 0x0000000080005a92 (0x409b5e3b) sraw    t3, s6, s1
core   0: 1 0x0000000080005a92 (0x409b5e3b) x28 0xffffffffffffffff
core   0: 0x0000000080005a96 (0x30337273) csrrci  tp, mideleg, 6
core   0: exception trap_illegal_instruction, epc 0x0000000080005a96
core   0:           tval 0x0000000030337273
core   0: >>>>  $xrv64i2p1_m2p0_a2p1_f2p2_d2p2_zicsr2p0_zifencei2p0_zmmul1p0_zba1p0_zbb1p0_zbc1p0_zbs1p0
core   0: 0x0000000080004000 (0x0080006f) j       pc + 0x8
core   0: 3 0x0000000080004000 (0x0080006f)
core   0: >>>>  mmode_exception_handler
core   0: 0x0000000080004008 (0x00002c17) auipc   s8, 0x2
core   0: 3 0x0000000080004008 (0x00002c17) x24 0x0000000080006008
core   0: 0x000000008000400c (0x042c0c13) addi    s8, s8, 66
core   0: 3 0x000000008000400c (0x042c0c13) x24 0x000000008000604a
core   0: 0x0000000080004010 (0x000c00e7) jalr    s8
core   0: 3 0x0000000080004010 (0x000c00e7) x1  0x0000000080004014
core   0: >>>>  any_handler
core   0: 0x000000008000604a (0x341027f3) csrrs   a5, mepc, zero
core   0: 3 0x000000008000604a (0x341027f3) x15 0x0000000080005a96
core   0: 0x000000008000604e (0x34202773) csrrs   a4, mcause, zero
core   0: 3 0x000000008000604e (0x34202773) x14 0x0000000000000002
core   0: 0x0000000080006052 (0x142026f3) csrrs   a3, scause, zero
core   0: 3 0x0000000080006052 (0x142026f3) x13 0x0000000000000000
core   0: 0x0000000080006056 (0x30402673) csrrs   a2, mie, zero
core   0: 3 0x0000000080006056 (0x30402673) x12 0x0000000000000a00
core   0: 0x000000008000605a (0x344025f3) csrrs   a1, mip, zero
core   0: 3 0x000000008000605a (0x344025f3) x11 0x0000000000000080
core   0: 0x000000008000605e (0x343025f3) csrrs   a1, mtval, zero
core   0: 3 0x000000008000605e (0x343025f3) x11 0x0000000030337273
core   0: 0x0000000080006062 (0x14302573) csrrs   a0, stval, zero
core   0: 3 0x0000000080006062 (0x14302573) x10 0x0000000000000000
core   0: 0x0000000080006066 (0xb02024f3) csrrs   s1, minstret, zero
core   0: 3 0x0000000080006066 (0xb02024f3) x9  0x000000000000109a
core   0: 0x000000008000606a (0x0000a811) c.j     pc + 20
core   0: 3 0x000000008000606a (0xa811)
core   0: >>>>  mepc_4
core   0: 0x000000008000607e (0x00000791) c.addi  a5, 4
core   0: 3 0x000000008000607e (0x0791) x15 0x0000000080005a9a
core   0: 0x0000000080006080 (0x34179073) csrrw   zero, mepc, a5
core   0: 3 0x0000000080006080 (0x34179073) c833_mepc 0x0000000080005a9a
core   0: 0x0000000080006084 (0x30200073) mret
core   0: 3 0x0000000080006084 (0x30200073) c768_mstatus 0x8000000a00106080
core   0: 0x0000000080005a9a (0x41325dbb) sraw    s11, tp, s3
core   0: 1 0x0000000080005a9a (0x41325dbb) x27 0xffffffffffffffff
core   0: 0x0000000080005a9e (0x00000001) c.nop
core   0: 1 0x0000000080005a9e (0x0001)
core   0: 0x0000000080005aa0 (0x2afe17d3) fmax.d  fa5, ft8, fa5
core   0: 1 0x0000000080005aa0 (0x2afe17d3) f15 0x40afc00000000000
core   0: 0x0000000080005aa4 (0x2bae93d3) fmax.d  ft7, ft9, fs10
core   0: 1 0x0000000080005aa4 (0x2bae93d3) f7  0x40afc00000000000
core   0: 0x0000000080005aa8 (0x020396b3) mulh    a3, t2, zero
core   0: 1 0x0000000080005aa8 (0x020396b3) x13 0x0000000000000000
core   0: 0x0000000080005aac (0x5a0d7ad3) fsqrt.d fs5, fs10
core   0: 1 0x0000000080005aac (0x5a0d7ad3) c1_fflags 0x0000000000000011 f21 0x7ff8000000000000
core   0: 0x0000000080005ab0 (0xd03a7953) fcvt.s.lu fs2, s4
core   0: 1 0x0000000080005ab0 (0xd03a7953) f18 0xffffffff4b000000
core   0: 0x0000000080005ab4 (0x03cd4b33) div     s6, s10, t3
core   0: 1 0x0000000080005ab4 (0x03cd4b33) x22 0x0000000000000800
core   0: 0x0000000080005ab8 (0x01626db3) or      s11, tp, s6
core   0: 1 0x0000000080005ab8 (0x01626db3) x27 0xfffffffffffffd3f
core   0: 0x0000000080005abc (0x03f2d493) srli    s1, t0, 63
core   0: 1 0x0000000080005abc (0x03f2d493) x9  0x0000000000000000
core   0: 0x0000000080005ac0 (0x59cde437) lui     s0, 0x59cde
core   0: 1 0x0000000080005ac0 (0x59cde437) x8  0x0000000059cde000
core   0: 0x0000000080005ac4 (0x005d1d33) sll     s10, s10, t0
core   0: 1 0x0000000080005ac4 (0x005d1d33) x26 0xfffffffffffff800
core   0: 0x0000000080005ac8 (0x02aafab3) remu    s5, s5, a0
core   0: 1 0x0000000080005ac8 (0x02aafab3) x21 0x0000000043f1efe0
core   0: 0x0000000080005acc (0x0123b433) sltu    s0, t2, s2
core   0: 1 0x0000000080005acc (0x0123b433) x8  0x0000000000000001
core   0: 0x0000000080005ad0 (0xc230f5d3) fcvt.lu.d a1, ft1
core   0: 1 0x0000000080005ad0 (0xc230f5d3) c1_fflags 0x0000000000000011 x11 0xffffffffffffffff
core   0: 0x0000000080005ad4 (0x00041813) slli    a6, s0, 0
core   0: 1 0x0000000080005ad4 (0x00041813) x16 0x0000000000000001
core   0: 0x0000000080005ad8 (0x00b92833) slt     a6, s2, a1
core   0: 1 0x0000000080005ad8 (0x00b92833) x16 0x0000000000000001
core   0: 0x0000000080005adc (0x0a25f5d3) fsub.d  fa1, fa1, ft2
core   0: 1 0x0000000080005adc (0x0a25f5d3) f11 0x7ff8000000000000
core   0: 0x0000000080005ae0 (0x6b86f413) andi    s0, a3, 1720
core   0: 1 0x0000000080005ae0 (0x6b86f413) x8  0x0000000000000000
core   0: 0x0000000080005ae4 (0x00000001) c.nop
core   0: 1 0x0000000080005ae4 (0x0001)
core   0: 0x0000000080005ae6 (0x02818ebb) mulw    t4, gp, s0
core   0: 1 0x0000000080005ae6 (0x02818ebb) x29 0x0000000000000000
core   0: 0x0000000080005aea (0x0008003b) addw    zero, a6, zero
core   0: 1 0x0000000080005aea (0x0008003b)
core   0: 0x0000000080005aee (0x0b2af9d3) fsub.d  fs3, fs5, fs2
core   0: 1 0x0000000080005aee (0x0b2af9d3) f19 0x7ff8000000000000
core   0: 0x0000000080005af2 (0x4009d993) srai    s3, s3, 0
core   0: 1 0x0000000080005af2 (0x4009d993) x19 0xffffffff80005a70
core   0: 0x0000000080005af6 (0x400d5d13) srai    s10, s10, 0
core   0: 1 0x0000000080005af6 (0x400d5d13) x26 0xfffffffffffff800
core   0: 0x0000000080005afa (0xd033ffd3) fcvt.s.lu ft11, t2
core   0: 1 0x0000000080005afa (0xd033ffd3) f31 0xffffffff44c62000
core   0: 0x0000000080005afe (0x0311e333) rem     t1, gp, a7
core   0: 1 0x0000000080005afe (0x0311e333) x6  0x0000000000000001
core   0: 0x0000000080005b02 (0x03f0f943) fmadd.d fs2, ft1, ft11, ft0
core   0: 1 0x0000000080005b02 (0x03f0f943) f18 0x7ff8000000000000
core   0: 0x0000000080005b06 (0x016c9b3b) sllw    s6, s9, s6
core   0: 1 0x0000000080005b06 (0x016c9b3b) x22 0xfffffffffffffe31
core   0: 0x0000000080005b0a (0x40735d9b) sraiw   s11, t1, 7
core   0: 1 0x0000000080005b0a (0x40735d9b) x27 0x0000000000000000
core   0: 0x0000000080005b0e (0xc2197a53) fcvt.wu.d s4, fs2
core   0: 1 0x0000000080005b0e (0xc2197a53) c1_fflags 0x0000000000000011 x20 0xffffffffffffffff
core   0: 0x0000000080005b12 (0x2bc407d3) fmin.d  fa5, fs0, ft8
core   0: 1 0x0000000080005b12 (0x2bc407d3) f15 0x40afc00000000000
core   0: 0x0000000080005b16 (0x7ff40a93) addi    s5, s0, 2047
core   0: 1 0x0000000080005b16 (0x7ff40a93) x21 0x00000000000007ff
core   0: 0x0000000080005b1a (0x40aa51b3) sra     gp, s4, a0
core   0: 1 0x0000000080005b1a (0x40aa51b3) x3  0xffffffffffffffff
core   0: 0x0000000080005b1e (0xd021f553) fcvt.s.l fa0, gp
core   0: 1 0x0000000080005b1e (0xd021f553) f10 0xffffffffbf800000
core   0: 0x0000000080005b22 (0x00001496) c.slli  s1, 37
core   0: 1 0x0000000080005b22 (0x1496) x9  0x0000000000000000
core   0: 0x0000000080005b24 (0x22850ed3) fsgnj.d ft9, fa0, fs0
core   0: 1 0x0000000080005b24 (0x22850ed3) f29 0x7fffffffbf800000
core   0: 0x0000000080005b28 (0xf889f8b7) lui     a7, 0xf889f
core   0: 1 0x0000000080005b28 (0xf889f8b7) x17 0xfffffffff889f000
core   0: 0x0000000080005b2c (0xd9b8889b) addiw   a7, a7, -613
core   0: 1 0x0000000080005b2c (0xd9b8889b) x17 0xfffffffff889ed9b
core   0: 0x0000000080005b30 (0x000008b2) c.slli  a7, 12
core   0: 1 0x0000000080005b30 (0x08b2) x17 0xffffff889ed9b000
core   0: 0x0000000080005b32 (0xb7088893) addi    a7, a7, -1168
core   0: 1 0x0000000080005b32 (0xb7088893) x17 0xffffff889ed9ab70
core   0: 0x0000000080005b36 (0x23ec17d3) fsgnjn.d fa5, fs8, ft10
core   0: 1 0x0000000080005b36 (0x23ec17d3) f15 0x7ff8000000000000
core   0: 0x0000000080005b3a (0x00292db3) slt     s11, s2, sp
core   0: 1 0x0000000080005b3a (0x00292db3) x27 0x0000000000000001
core   0: 0x0000000080005b3e (0x0010501b) srliw   zero, zero, 1
core   0: 1 0x0000000080005b3e (0x0010501b)
core   0: 0x0000000080005b42 (0x40b951b3) sra     gp, s2, a1
core   0: 1 0x0000000080005b42 (0x40b951b3) x3  0xffffffffffffffff
core   0: 0x0000000080005b46 (0x2f52e293) ori     t0, t0, 757
core   0: 1 0x0000000080005b46 (0x2f52e293) x5  0x00000000000002f5
core   0: 0x0000000080005b4a (0x030cc23b) divw    tp, s9, a6
core   0: 1 0x0000000080005b4a (0x030cc23b) x4  0xfffffffffffffe31
core   0: 0x0000000080005b4e (0xc21f76d3) fcvt.wu.d a3, ft10
core   0: 1 0x0000000080005b4e (0xc21f76d3) c1_fflags 0x0000000000000011 x13 0xffffffffffffffff
core   0: 0x0000000080005b52 (0xc2237853) fcvt.l.d a6, ft6
core   0: 1 0x0000000080005b52 (0xc2237853) c1_fflags 0x0000000000000011 x16 0x7fffffffffffffff
core   0: 0x0000000080005b56 (0x0102a0b3) slt     ra, t0, a6
core   0: 1 0x0000000080005b56 (0x0102a0b3) x1  0x0000000000000001
core   0: 0x0000000080005b5a (0xd2020453) fcvt.d.w fs0, tp
core   0: 1 0x0000000080005b5a (0xd2020453) f8  0xc07cf00000000000
core   0: 0x0000000080005b5e (0xa5f87613) andi    a2, a6, -1441
core   0: 1 0x0000000080005b5e (0xa5f87613) x12 0x7ffffffffffffa5f
core   0: 0x0000000080005b62 (0x02d366bb) remw    a3, t1, a3
core   0: 1 0x0000000080005b62 (0x02d366bb) x13 0x0000000000000000
core   0: 0x0000000080005b66 (0xd23272d3) fcvt.d.lu ft5, tp
core   0: 1 0x0000000080005b66 (0xd23272d3) c1_fflags 0x0000000000000011 f5  0x43f0000000000000
core   0: 0x0000000080005b6a (0xc20277d3) fcvt.w.d a5, ft4
core   0: 1 0x0000000080005b6a (0xc20277d3) c1_fflags 0x0000000000000011 x15 0x000000007fffffff
core   0: 0x0000000080005b6e (0x0246f053) fadd.d  ft0, fa3, ft4
core   0: 1 0x0000000080005b6e (0x0246f053) f0  0x7ff8000000000000
core   0: 0x0000000080005b72 (0x00f21233) sll     tp, tp, a5
core   0: 1 0x0000000080005b72 (0x00f21233) x4  0x8000000000000000
core   0: 0x0000000080005b76 (0xeb328093) addi    ra, t0, -333
core   0: 1 0x0000000080005b76 (0xeb328093) x1  0x00000000000001a8
core   0: 0x0000000080005b7a (0x01fb919b) slliw   gp, s7, 31
core   0: 1 0x0000000080005b7a (0x01fb919b) x3  0xffffffff80000000
core   0: 0x0000000080005b7e (0x41d750bb) sraw    ra, a4, t4
core   0: 1 0x0000000080005b7e (0x41d750bb) x1  0x0000000000000002
core   0: 0x0000000080005b82 (0x02acd013) srli    zero, s9, 42
core   0: 1 0x0000000080005b82 (0x02acd013)
core   0: 0x0000000080005b86 (0x00102473) csrrs   s0, fflags, zero
core   0: 1 0x0000000080005b86 (0x00102473) x8  0x0000000000000011
core   0: 0x0000000080005b8a (0x01c413bb) sllw    t2, s0, t3
core   0: 1 0x0000000080005b8a (0x01c413bb) x7  0xffffffff80000000
core   0: 0x0000000080005b8e (0x007ef9b3) and     s3, t4, t2
core   0: 1 0x0000000080005b8e (0x007ef9b3) x19 0x0000000000000000
core   0: 0x0000000080005b92 (0x01955cbb) srlw    s9, a0, s9
core   0: 1 0x0000000080005b92 (0x01955cbb) x25 0x0000000000000000
core   0: 0x0000000080005b96 (0x014cd333) srl     t1, s9, s4
core   0: 1 0x0000000080005b96 (0x014cd333) x6  0x0000000000000000
core   0: 0x0000000080005b9a (0x0084073b) addw    a4, s0, s0
core   0: 1 0x0000000080005b9a (0x0084073b) x14 0x0000000000000022
core   0: 0x0000000080005b9e (0x00000001) c.nop
core   0: 1 0x0000000080005b9e (0x0001)
core   0: 0x0000000080005ba0 (0x0ff0000f) fence   iorw,iorw
core   0: 1 0x0000000080005ba0 (0x0ff0000f)
core   0: 0x0000000080005ba4 (0x01c1d19b) srliw   gp, gp, 28
core   0: 1 0x0000000080005ba4 (0x01c1d19b) x3  0x0000000000000008
core   0: 0x0000000080005ba8 (0x036adb3b) divuw   s6, s5, s6
core   0: 1 0x0000000080005ba8 (0x036adb3b) x22 0x0000000000000000
core   0: 0x0000000080005bac (0x2dd44413) xori    s0, s0, 733
core   0: 1 0x0000000080005bac (0x2dd44413) x8  0x00000000000002cc
core   0: 0x0000000080005bb0 (0x01646033) or      zero, s0, s6
core   0: 1 0x0000000080005bb0 (0x01646033)
core   0: 0x0000000080005bb4 (0x4004511b) sraiw   sp, s0, 0
core   0: 1 0x0000000080005bb4 (0x4004511b) x2  0x00000000000002cc
core   0: 0x0000000080005bb8 (0xf3467b47) fmsub.d fs6, fa2, fs4, ft10
core   0: 1 0x0000000080005bb8 (0xf3467b47) f22 0x7ff8000000000000
core   0: 0x0000000080005bbc (0xb02a2a73) csrrs   s4, minstret, s4
core   0: exception trap_illegal_instruction, epc 0x0000000080005bbc
core   0:           tval 0x00000000b02a2a73
core   0: >>>>  $xrv64i2p1_m2p0_a2p1_f2p2_d2p2_zicsr2p0_zifencei2p0_zmmul1p0_zba1p0_zbb1p0_zbc1p0_zbs1p0
core   0: 0x0000000080004000 (0x0080006f) j       pc + 0x8
core   0: 3 0x0000000080004000 (0x0080006f)
core   0: >>>>  mmode_exception_handler
core   0: 0x0000000080004008 (0x00002c17) auipc   s8, 0x2
core   0: 3 0x0000000080004008 (0x00002c17) x24 0x0000000080006008
core   0: 0x000000008000400c (0x042c0c13) addi    s8, s8, 66
core   0: 3 0x000000008000400c (0x042c0c13) x24 0x000000008000604a
core   0: 0x0000000080004010 (0x000c00e7) jalr    s8
core   0: 3 0x0000000080004010 (0x000c00e7) x1  0x0000000080004014
core   0: >>>>  any_handler
core   0: 0x000000008000604a (0x341027f3) csrrs   a5, mepc, zero
core   0: 3 0x000000008000604a (0x341027f3) x15 0x0000000080005bbc
core   0: 0x000000008000604e (0x34202773) csrrs   a4, mcause, zero
core   0: 3 0x000000008000604e (0x34202773) x14 0x0000000000000002
core   0: 0x0000000080006052 (0x142026f3) csrrs   a3, scause, zero
core   0: 3 0x0000000080006052 (0x142026f3) x13 0x0000000000000000
core   0: 0x0000000080006056 (0x30402673) csrrs   a2, mie, zero
core   0: 3 0x0000000080006056 (0x30402673) x12 0x0000000000000a00
core   0: 0x000000008000605a (0x344025f3) csrrs   a1, mip, zero
core   0: 3 0x000000008000605a (0x344025f3) x11 0x0000000000000080
core   0: 0x000000008000605e (0x343025f3) csrrs   a1, mtval, zero
core   0: 3 0x000000008000605e (0x343025f3) x11 0x00000000b02a2a73
core   0: 0x0000000080006062 (0x14302573) csrrs   a0, stval, zero
core   0: 3 0x0000000080006062 (0x14302573) x10 0x0000000000000000
core   0: 0x0000000080006066 (0xb02024f3) csrrs   s1, minstret, zero
core   0: 3 0x0000000080006066 (0xb02024f3) x9  0x00000000000010f5
core   0: 0x000000008000606a (0x0000a811) c.j     pc + 20
core   0: 3 0x000000008000606a (0xa811)
core   0: >>>>  mepc_4
core   0: 0x000000008000607e (0x00000791) c.addi  a5, 4
core   0: 3 0x000000008000607e (0x0791) x15 0x0000000080005bc0
core   0: 0x0000000080006080 (0x34179073) csrrw   zero, mepc, a5
core   0: 3 0x0000000080006080 (0x34179073) c833_mepc 0x0000000080005bc0
core   0: 0x0000000080006084 (0x30200073) mret
core   0: 3 0x0000000080006084 (0x30200073) c768_mstatus 0x8000000a00106080
core   0: 0x0000000080005bc0 (0xd22a7253) fcvt.d.l ft4, s4
core   0: 1 0x0000000080005bc0 (0xd22a7253) f4  0xbff0000000000000
core   0: 0x0000000080005bc4 (0xc23f7c53) fcvt.lu.d s8, ft10
core   0: 1 0x0000000080005bc4 (0xc23f7c53) c1_fflags 0x0000000000000011 x24 0xffffffffffffffff
core   0: 0x0000000080005bc8 (0x40c9833b) subw    t1, s3, a2
core   0: 1 0x0000000080005bc8 (0x40c9833b) x6  0xfffffffffffff600
core   0: 0x0000000080005bcc (0x40c309bb) subw    s3, t1, a2
core   0: 1 0x0000000080005bcc (0x40c309bb) x19 0xffffffffffffec00
core   0: 0x0000000080005bd0 (0x01b981bb) addw    gp, s3, s11
core   0: 1 0x0000000080005bd0 (0x01b981bb) x3  0xffffffffffffec01
core   0: 0x0000000080005bd4 (0x00312233) slt     tp, sp, gp
core   0: 1 0x0000000080005bd4 (0x00312233) x4  0x0000000000000000
core   0: 0x0000000080005bd8 (0x0722051b) addiw   a0, tp, 114
core   0: 1 0x0000000080005bd8 (0x0722051b) x10 0x0000000000000072
core   0: 0x0000000080005bdc (0x2fa51c17) auipc   s8, 0x2fa51
core   0: 1 0x0000000080005bdc (0x2fa51c17) x24 0x00000000afa56bdc
core   0: 0x0000000080005be0 (0x407781b3) sub     gp, a5, t2
core   0: 1 0x0000000080005be0 (0x407781b3) x3  0x0000000100005bc0
core   0: 0x0000000080005be4 (0x4361db13) srai    s6, gp, 54
core   0: 1 0x0000000080005be4 (0x4361db13) x22 0x0000000000000000
core   0: 0x0000000080005be8 (0xc211f953) fcvt.wu.d s2, ft3
core   0: 1 0x0000000080005be8 (0xc211f953) c1_fflags 0x0000000000000011 x18 0xffffffffffffffff
core   0: 0x0000000080005bec (0x001c1d73) csrrw   s10, fflags, s8
core   0: 1 0x0000000080005bec (0x001c1d73) x26 0x0000000000000011 c1_fflags 0x000000000000001c
core   0: 0x0000000080005bf0 (0x7bc577c7) fmsub.d fa5, fa0, ft8, fa5
core   0: 1 0x0000000080005bf0 (0x7bc577c7) f15 0x7ff8000000000000
core   0: 0x0000000080005bf4 (0x34336073) csrrsi  zero, mtval, 6
core   0: exception trap_illegal_instruction, epc 0x0000000080005bf4
core   0:           tval 0x0000000034336073
core   0: >>>>  $xrv64i2p1_m2p0_a2p1_f2p2_d2p2_zicsr2p0_zifencei2p0_zmmul1p0_zba1p0_zbb1p0_zbc1p0_zbs1p0
core   0: 0x0000000080004000 (0x0080006f) j       pc + 0x8
core   0: 3 0x0000000080004000 (0x0080006f)
core   0: >>>>  mmode_exception_handler
core   0: 0x0000000080004008 (0x00002c17) auipc   s8, 0x2
core   0: 3 0x0000000080004008 (0x00002c17) x24 0x0000000080006008
core   0: 0x000000008000400c (0x042c0c13) addi    s8, s8, 66
core   0: 3 0x000000008000400c (0x042c0c13) x24 0x000000008000604a
core   0: 0x0000000080004010 (0x000c00e7) jalr    s8
core   0: 3 0x0000000080004010 (0x000c00e7) x1  0x0000000080004014
core   0: >>>>  any_handler
core   0: 0x000000008000604a (0x341027f3) csrrs   a5, mepc, zero
core   0: 3 0x000000008000604a (0x341027f3) x15 0x0000000080005bf4
core   0: 0x000000008000604e (0x34202773) csrrs   a4, mcause, zero
core   0: 3 0x000000008000604e (0x34202773) x14 0x0000000000000002
core   0: 0x0000000080006052 (0x142026f3) csrrs   a3, scause, zero
core   0: 3 0x0000000080006052 (0x142026f3) x13 0x0000000000000000
core   0: 0x0000000080006056 (0x30402673) csrrs   a2, mie, zero
core   0: 3 0x0000000080006056 (0x30402673) x12 0x0000000000000a00
core   0: 0x000000008000605a (0x344025f3) csrrs   a1, mip, zero
core   0: 3 0x000000008000605a (0x344025f3) x11 0x0000000000000080
core   0: 0x000000008000605e (0x343025f3) csrrs   a1, mtval, zero
core   0: 3 0x000000008000605e (0x343025f3) x11 0x0000000034336073
core   0: 0x0000000080006062 (0x14302573) csrrs   a0, stval, zero
core   0: 3 0x0000000080006062 (0x14302573) x10 0x0000000000000000
core   0: 0x0000000080006066 (0xb02024f3) csrrs   s1, minstret, zero
core   0: 3 0x0000000080006066 (0xb02024f3) x9  0x0000000000001112
core   0: 0x000000008000606a (0x0000a811) c.j     pc + 20
core   0: 3 0x000000008000606a (0xa811)
core   0: >>>>  mepc_4
core   0: 0x000000008000607e (0x00000791) c.addi  a5, 4
core   0: 3 0x000000008000607e (0x0791) x15 0x0000000080005bf8
core   0: 0x0000000080006080 (0x34179073) csrrw   zero, mepc, a5
core   0: 3 0x0000000080006080 (0x34179073) c833_mepc 0x0000000080005bf8
core   0: 0x0000000080006084 (0x30200073) mret
core   0: 3 0x0000000080006084 (0x30200073) c768_mstatus 0x8000000a00106080
core   0: 0x0000000080005bf8 (0x404d5333) sra     t1, s10, tp
core   0: 1 0x0000000080005bf8 (0x404d5333) x6  0x0000000000000011
core   0: 0x0000000080005bfc (0xe2070653) fmv.x.d a2, fa4
core   0: 1 0x0000000080005bfc (0xe2070653) x12 0x7ff8000000000000
core   0: 0x0000000080005c00 (0x0176a4b3) slt     s1, a3, s7
core   0: 1 0x0000000080005c00 (0x0176a4b3) x9  0x0000000000000001
core   0: 0x0000000080005c04 (0x01c1d1b3) srl     gp, gp, t3
core   0: 1 0x0000000080005c04 (0x01c1d1b3) x3  0x0000000000000000
core   0: 0x0000000080005c08 (0x6623f593) andi    a1, t2, 1634
core   0: 1 0x0000000080005c08 (0x6623f593) x11 0x0000000000000000
core   0: 0x0000000080005c0c (0x41530333) sub     t1, t1, s5
core   0: 1 0x0000000080005c0c (0x41530333) x6  0xfffffffffffff812
core   0: 0x0000000080005c10 (0xc217fa53) fcvt.wu.d s4, fa5
core   0: 1 0x0000000080005c10 (0xc217fa53) c1_fflags 0x000000000000001c x20 0xffffffffffffffff
core   0: 0x0000000080005c14 (0x0143a3b3) slt     t2, t2, s4
core   0: 1 0x0000000080005c14 (0x0143a3b3) x7  0x0000000000000001
core   0: 0x0000000080005c18 (0x1af6fc53) fdiv.d  fs8, fa3, fa5
core   0: 1 0x0000000080005c18 (0x1af6fc53) f24 0x7ff8000000000000
core   0: 0x0000000080005c1c (0x001b9113) slli    sp, s7, 1
core   0: 1 0x0000000080005c1c (0x001b9113) x2  0x0000000000001f6a
core   0: 0x0000000080005c20 (0x401c519b) sraiw   gp, s8, 1
core   0: 1 0x0000000080005c20 (0x401c519b) x3  0xffffffffc0003025
core   0: 0x0000000080005c24 (0xd029fe53) fcvt.s.l ft8, s3
core   0: 1 0x0000000080005c24 (0xd029fe53) f28 0xffffffffc5a00000
core   0: 0x0000000080005c28 (0x001c6b13) ori     s6, s8, 1
core   0: 1 0x0000000080005c28 (0x001c6b13) x22 0x000000008000604b
core   0: 0x0000000080005c2c (0x000d94bb) sllw    s1, s11, zero
core   0: 1 0x0000000080005c2c (0x000d94bb) x9  0x0000000000000001
core   0: 0x0000000080005c30 (0x416ada9b) sraiw   s5, s5, 22
core   0: 1 0x0000000080005c30 (0x416ada9b) x21 0x0000000000000000
core   0: 0x0000000080005c34 (0x0339a033) mulhsu  zero, s3, s3
core   0: 1 0x0000000080005c34 (0x0339a033)
core   0: 0x0000000080005c38 (0x00008e55) c.or    a2, a3
core   0: 1 0x0000000080005c38 (0x8e55) x12 0x7ff8000000000000
core   0: 0x0000000080005c3a (0x01695ebb) srlw    t4, s2, s6
core   0: 1 0x0000000080005c3a (0x01695ebb) x29 0x00000000001fffff
core   0: 0x0000000080005c3e (0x01d612b3) sll     t0, a2, t4
core   0: 1 0x0000000080005c3e (0x01d612b3) x5  0x0000000000000000
core   0: 0x0000000080005c42 (0xfff36193) ori     gp, t1, -1
core   0: 1 0x0000000080005c42 (0xfff36193) x3  0xffffffffffffffff
core   0: 0x0000000080005c46 (0xe3697143) fmadd.d ft2, fs2, fs6, ft8
core   0: 1 0x0000000080005c46 (0xe3697143) f2  0x7ff8000000000000
core   0: 0x0000000080005c4a (0xc22e79d3) fcvt.l.d s3, ft8
core   0: 1 0x0000000080005c4a (0xc22e79d3) c1_fflags 0x000000000000001c x19 0x7fffffffffffffff
core   0: 0x0000000080005c4e (0x013944b3) xor     s1, s2, s3
core   0: 1 0x0000000080005c4e (0x013944b3) x9  0x8000000000000000
core   0: 0x0000000080005c52 (0x00ae9c3b) sllw    s8, t4, a0
core   0: 1 0x0000000080005c52 (0x00ae9c3b) x24 0x00000000001fffff
core   0: 0x0000000080005c56 (0x000c5493) srli    s1, s8, 0
core   0: 1 0x0000000080005c56 (0x000c5493) x9  0x00000000001fffff
core   0: 0x0000000080005c5a (0x01a8ae33) slt     t3, a7, s10
core   0: 1 0x0000000080005c5a (0x01a8ae33) x28 0x0000000000000001
core   0: 0x0000000080005c5e (0x0299dcb3) divu    s9, s3, s1
core   0: 1 0x0000000080005c5e (0x0299dcb3) x25 0x0000040000200001
core   0: 0x0000000080005c62 (0xd03afed3) fcvt.s.lu ft9, s5
core   0: 1 0x0000000080005c62 (0xd03afed3) f29 0xffffffff00000000
core   0: 0x0000000080005c66 (0x7ff4f493) andi    s1, s1, 2047
core   0: 1 0x0000000080005c66 (0x7ff4f493) x9  0x00000000000007ff
core   0: 0x0000000080005c6a (0x4181519b) sraiw   gp, sp, 24
core   0: 1 0x0000000080005c6a (0x4181519b) x3  0x0000000000000000
core   0: 0x0000000080005c6e (0x0b89fc53) fsub.d  fs8, fs3, fs8
core   0: 1 0x0000000080005c6e (0x0b89fc53) f24 0x7ff8000000000000
core   0: 0x0000000080005c72 (0x3237b773) csrrc   a4, mhpmevent3, a5
core   0: exception trap_illegal_instruction, epc 0x0000000080005c72
core   0:           tval 0x000000003237b773
core   0: >>>>  $xrv64i2p1_m2p0_a2p1_f2p2_d2p2_zicsr2p0_zifencei2p0_zmmul1p0_zba1p0_zbb1p0_zbc1p0_zbs1p0
core   0: 0x0000000080004000 (0x0080006f) j       pc + 0x8
core   0: 3 0x0000000080004000 (0x0080006f)
core   0: >>>>  mmode_exception_handler
core   0: 0x0000000080004008 (0x00002c17) auipc   s8, 0x2
core   0: 3 0x0000000080004008 (0x00002c17) x24 0x0000000080006008
core   0: 0x000000008000400c (0x042c0c13) addi    s8, s8, 66
core   0: 3 0x000000008000400c (0x042c0c13) x24 0x000000008000604a
core   0: 0x0000000080004010 (0x000c00e7) jalr    s8
core   0: 3 0x0000000080004010 (0x000c00e7) x1  0x0000000080004014
core   0: >>>>  any_handler
core   0: 0x000000008000604a (0x341027f3) csrrs   a5, mepc, zero
core   0: 3 0x000000008000604a (0x341027f3) x15 0x0000000080005c72
core   0: 0x000000008000604e (0x34202773) csrrs   a4, mcause, zero
core   0: 3 0x000000008000604e (0x34202773) x14 0x0000000000000002
core   0: 0x0000000080006052 (0x142026f3) csrrs   a3, scause, zero
core   0: 3 0x0000000080006052 (0x142026f3) x13 0x0000000000000000
core   0: 0x0000000080006056 (0x30402673) csrrs   a2, mie, zero
core   0: 3 0x0000000080006056 (0x30402673) x12 0x0000000000000a00
core   0: 0x000000008000605a (0x344025f3) csrrs   a1, mip, zero
core   0: 3 0x000000008000605a (0x344025f3) x11 0x0000000000000080
core   0: 0x000000008000605e (0x343025f3) csrrs   a1, mtval, zero
core   0: 3 0x000000008000605e (0x343025f3) x11 0x000000003237b773
core   0: 0x0000000080006062 (0x14302573) csrrs   a0, stval, zero
core   0: 3 0x0000000080006062 (0x14302573) x10 0x0000000000000000
core   0: 0x0000000080006066 (0xb02024f3) csrrs   s1, minstret, zero
core   0: 3 0x0000000080006066 (0xb02024f3) x9  0x0000000000001141
core   0: 0x000000008000606a (0x0000a811) c.j     pc + 20
core   0: 3 0x000000008000606a (0xa811)
core   0: >>>>  mepc_4
core   0: 0x000000008000607e (0x00000791) c.addi  a5, 4
core   0: 3 0x000000008000607e (0x0791) x15 0x0000000080005c76
core   0: 0x0000000080006080 (0x34179073) csrrw   zero, mepc, a5
core   0: 3 0x0000000080006080 (0x34179073) c833_mepc 0x0000000080005c76
core   0: 0x0000000080006084 (0x30200073) mret
core   0: 3 0x0000000080006084 (0x30200073) c768_mstatus 0x8000000a00106080
core   0: 0x0000000080005c76 (0x75c60113) addi    sp, a2, 1884
core   0: 1 0x0000000080005c76 (0x75c60113) x2  0x000000000000115c
core   0: 0x0000000080005c7a (0x014a4b33) xor     s6, s4, s4
core   0: 1 0x0000000080005c7a (0x014a4b33) x22 0x0000000000000000
core   0: 0x0000000080005c7e (0xf236c3b7) lui     t2, 0xf236c
core   0: 1 0x0000000080005c7e (0xf236c3b7) x7  0xfffffffff236c000
core   0: 0x0000000080005c82 (0x0000945e) c.add   s0, s7
core   0: 1 0x0000000080005c82 (0x945e) x8  0x0000000000001281
core   0: 0x0000000080005c84 (0x41545d93) srai    s11, s0, 21
core   0: 1 0x0000000080005c84 (0x41545d93) x27 0x0000000000000000
core   0: 0x0000000080005c88 (0x01bd94bb) sllw    s1, s11, s11
core   0: 1 0x0000000080005c88 (0x01bd94bb) x9  0x0000000000000000
core   0: 0x0000000080005c8c (0x00e496b3) sll     a3, s1, a4
core   0: 1 0x0000000080005c8c (0x00e496b3) x13 0x0000000000000000
core   0: 0x0000000080005c90 (0xc20c71d3) fcvt.w.d gp, fs8
core   0: 1 0x0000000080005c90 (0xc20c71d3) c1_fflags 0x000000000000001c x3  0x000000007fffffff
core   0: 0x0000000080005c94 (0xd024f553) fcvt.s.l fa0, s1
core   0: 1 0x0000000080005c94 (0xd024f553) f10 0xffffffff00000000
core   0: 0x0000000080005c98 (0x02354233) div     tp, a0, gp
core   0: 1 0x0000000080005c98 (0x02354233) x4  0x0000000000000000
core   0: 0x0000000080005c9c (0x40ddd193) srai    gp, s11, 13
core   0: 1 0x0000000080005c9c (0x40ddd193) x3  0x0000000000000000
core   0: 0x0000000080005ca0 (0x0133199b) slliw   s3, t1, 19
core   0: 1 0x0000000080005ca0 (0x0133199b) x19 0xffffffffc0900000
core   0: 0x0000000080005ca4 (0x2c6e8a13) addi    s4, t4, 710
core   0: 1 0x0000000080005ca4 (0x2c6e8a13) x20 0x00000000002002c5
core   0: 0x0000000080005ca8 (0xe2060cd3) fmv.x.d s9, fa2
core   0: 1 0x0000000080005ca8 (0xe2060cd3) x25 0x7ff8000000000000
core   0: 0x0000000080005cac (0x00102473) csrrs   s0, fflags, zero
core   0: 1 0x0000000080005cac (0x00102473) x8  0x000000000000001c
core   0: 0x0000000080005cb0 (0xd03a73d3) fcvt.s.lu ft7, s4
core   0: 1 0x0000000080005cb0 (0xd03a73d3) f7  0xffffffff4a000b14
core   0: 0x0000000080005cb4 (0x0ff0000f) fence   iorw,iorw
core   0: 1 0x0000000080005cb4 (0x0ff0000f)
core   0: 0x0000000080005cb8 (0x408cde3b) sraw    t3, s9, s0
core   0: 1 0x0000000080005cb8 (0x408cde3b) x28 0x0000000000000000
core   0: 0x0000000080005cbc (0x22d395d3) fsgnjn.d fa1, ft7, fa3
core   0: 1 0x0000000080005cbc (0x22d395d3) f11 0xffffffff4a000b14
core   0: 0x0000000080005cc0 (0x4118883b) subw    a6, a7, a7
core   0: 1 0x0000000080005cc0 (0x4118883b) x16 0x0000000000000000
core   0: 0x0000000080005cc4 (0x4d7c0b9b) addiw   s7, s8, 1239
core   0: 1 0x0000000080005cc4 (0x4d7c0b9b) x23 0xffffffff80006521
core   0: 0x0000000080005cc8 (0x031e3433) mulhu   s0, t3, a7
core   0: 1 0x0000000080005cc8 (0x031e3433) x8  0x0000000000000000
core   0: 0x0000000080005ccc (0x002297f3) csrrw   a5, frm, t0
core   0: 1 0x0000000080005ccc (0x002297f3) x15 0x0000000000000000 c2_frm 0x0000000000000000
core   0: 0x0000000080005cd0 (0x00894933) xor     s2, s2, s0
core   0: 1 0x0000000080005cd0 (0x00894933) x18 0xffffffffffffffff
core   0: 0x0000000080005cd4 (0x41128ebb) subw    t4, t0, a7
core   0: 1 0x0000000080005cd4 (0x41128ebb) x29 0x0000000061265490
core   0: 0x0000000080005cd8 (0x3a7a70c7) fmsub.d ft1, fs4, ft7, ft7
core   0: 1 0x0000000080005cd8 (0x3a7a70c7) f1  0x7ff8000000000000
core   0: 0x0000000080005cdc (0x001c079b) addiw   a5, s8, 1
core   0: 1 0x0000000080005cdc (0x001c079b) x15 0xffffffff8000604b
core   0: 0x0000000080005ce0 (0xfe192b37) lui     s6, 0xfe192
core   0: 1 0x0000000080005ce0 (0xfe192b37) x22 0xfffffffffe192000
core   0: 0x0000000080005ce4 (0xf13b0b1b) addiw   s6, s6, -237
core   0: 1 0x0000000080005ce4 (0xf13b0b1b) x22 0xfffffffffe191f13
core   0: 0x0000000080005ce8 (0x00000b32) c.slli  s6, 12
core   0: 1 0x0000000080005ce8 (0x0b32) x22 0xffffffe191f13000
core   0: 0x0000000080005cea (0xd5eb0b13) addi    s6, s6, -674
core   0: 1 0x0000000080005cea (0xd5eb0b13) x22 0xffffffe191f12d5e
core   0: 0x0000000080005cee (0xd474f413) andi    s0, s1, -697
core   0: 1 0x0000000080005cee (0xd474f413) x8  0x0000000000000000
core   0: 0x0000000080005cf2 (0x03d46537) lui     a0, 0x3d46
core   0: 1 0x0000000080005cf2 (0x03d46537) x10 0x0000000003d46000
core   0: 0x0000000080005cf6 (0x00f7c133) xor     sp, a5, a5
core   0: 1 0x0000000080005cf6 (0x00f7c133) x2  0x0000000000000000
core   0: 0x0000000080005cfa (0x5a0df953) fsqrt.d fs2, fs11
core   0: 1 0x0000000080005cfa (0x5a0df953) f18 0x0000000000000000
core   0: 0x0000000080005cfe (0x00a57c33) and     s8, a0, a0
core   0: 1 0x0000000080005cfe (0x00a57c33) x24 0x0000000003d46000
core   0: 0x0000000080005d02 (0x015701bb) addw    gp, a4, s5
core   0: 1 0x0000000080005d02 (0x015701bb) x3  0x0000000000000002
core   0: 0x0000000080005d06 (0x232d91d3) fsgnjn.d ft3, fs11, fs2
core   0: 1 0x0000000080005d06 (0x232d91d3) f3  0x8000000000000000
core   0: 0x0000000080005d0a (0x22528e53) fsgnj.d ft8, ft5, ft5
core   0: 1 0x0000000080005d0a (0x22528e53) f28 0x43f0000000000000
core   0: 0x0000000080005d0e (0xd21c0853) fcvt.d.wu fa6, s8
core   0: 1 0x0000000080005d0e (0xd21c0853) f16 0x418ea30000000000
core   0: 0x0000000080005d12 (0x0306fc53) fadd.d  fs8, fa3, fa6
core   0: 1 0x0000000080005d12 (0x0306fc53) f24 0x7ff8000000000000
core   0: 0x0000000080005d16 (0x007cde3b) srlw    t3, s9, t2
core   0: 1 0x0000000080005d16 (0x007cde3b) x28 0x0000000000000000
core   0: 0x0000000080005d1a (0x023d753b) remuw   a0, s10, gp
core   0: 1 0x0000000080005d1a (0x023d753b) x10 0x0000000000000001
core   0: 0x0000000080005d1e (0x0011d39b) srliw   t2, gp, 1
core   0: 1 0x0000000080005d1e (0x0011d39b) x7  0x0000000000000001
core   0: 0x0000000080005d22 (0x000e5893) srli    a7, t3, 0
core   0: 1 0x0000000080005d22 (0x000e5893) x17 0x0000000000000000
core   0: 0x0000000080005d26 (0x00559c33) sll     s8, a1, t0
core   0: 1 0x0000000080005d26 (0x00559c33) x24 0x000000003237b773
core   0: 0x0000000080005d2a (0x03ddfdd3) fadd.d  fs11, fs11, ft9
core   0: 1 0x0000000080005d2a (0x03ddfdd3) f27 0x7ff8000000000000
core   0: 0x0000000080005d2e (0xe5188293) addi    t0, a7, -431
core   0: 1 0x0000000080005d2e (0xe5188293) x5  0xfffffffffffffe51
core   0: 0x0000000080005d32 (0x00726233) or      tp, tp, t2
core   0: 1 0x0000000080005d32 (0x00726233) x4  0x0000000000000001
core   0: 0x0000000080005d36 (0x00b6119b) slliw   gp, a2, 11
core   0: 1 0x0000000080005d36 (0x00b6119b) x3  0x0000000000500000
core   0: 0x0000000080005d3a (0x00000001) c.nop
core   0: 1 0x0000000080005d3a (0x0001)
core   0: 0x0000000080005d3c (0x246d2897) auipc   a7, 0x246d2
core   0: 1 0x0000000080005d3c (0x246d2897) x17 0x00000000a46d7d3c
core   0: 0x0000000080005d40 (0x00102df3) csrrs   s11, fflags, zero
core   0: 1 0x0000000080005d40 (0x00102df3) x27 0x000000000000001c
core   0: 0x0000000080005d44 (0xfe3cfc93) andi    s9, s9, -29
core   0: 1 0x0000000080005d44 (0xfe3cfc93) x25 0x7ff8000000000000
core   0: 0x0000000080005d48 (0x02caa633) mulhsu  a2, s5, a2
core   0: 1 0x0000000080005d48 (0x02caa633) x12 0x0000000000000000
core   0: 0x0000000080005d4c (0x345cce13) xori    t3, s9, 837
core   0: 1 0x0000000080005d4c (0x345cce13) x28 0x7ff8000000000345
core   0: 0x0000000080005d50 (0x001c829b) addiw   t0, s9, 1
core   0: 1 0x0000000080005d50 (0x001c829b) x5  0x0000000000000001
core   0: 0x0000000080005d54 (0x005e05bb) addw    a1, t3, t0
core   0: 1 0x0000000080005d54 (0x005e05bb) x11 0x0000000000000346
core   0: 0x0000000080005d58 (0x43f65413) srai    s0, a2, 63
core   0: 1 0x0000000080005d58 (0x43f65413) x8  0x0000000000000000
core   0: 0x0000000080005d5c (0x001021f3) csrrs   gp, fflags, zero
core   0: 1 0x0000000080005d5c (0x001021f3) x3  0x000000000000001c
core   0: 0x0000000080005d60 (0xd2160853) fcvt.d.wu fa6, a2
core   0: 1 0x0000000080005d60 (0xd2160853) f16 0x0000000000000000
core   0: 0x0000000080005d64 (0x40a1823b) subw    tp, gp, a0
core   0: 1 0x0000000080005d64 (0x40a1823b) x4  0x000000000000001b
core   0: 0x0000000080005d68 (0x40045393) srai    t2, s0, 0
core   0: 1 0x0000000080005d68 (0x40045393) x7  0x0000000000000000
core   0: 0x0000000080005d6c (0x00771eb3) sll     t4, a4, t2
core   0: 1 0x0000000080005d6c (0x00771eb3) x29 0x0000000000000002
core   0: 0x0000000080005d70 (0x03c8513b) divuw   sp, a6, t3
core   0: 1 0x0000000080005d70 (0x03c8513b) x2  0x0000000000000000
core   0: 0x0000000080005d74 (0x320f5cf3) csrrwi  s9, mcountinhibit, 30
core   0: exception trap_illegal_instruction, epc 0x0000000080005d74
core   0:           tval 0x00000000320f5cf3
core   0: >>>>  $xrv64i2p1_m2p0_a2p1_f2p2_d2p2_zicsr2p0_zifencei2p0_zmmul1p0_zba1p0_zbb1p0_zbc1p0_zbs1p0
core   0: 0x0000000080004000 (0x0080006f) j       pc + 0x8
core   0: 3 0x0000000080004000 (0x0080006f)
core   0: >>>>  mmode_exception_handler
core   0: 0x0000000080004008 (0x00002c17) auipc   s8, 0x2
core   0: 3 0x0000000080004008 (0x00002c17) x24 0x0000000080006008
core   0: 0x000000008000400c (0x042c0c13) addi    s8, s8, 66
core   0: 3 0x000000008000400c (0x042c0c13) x24 0x000000008000604a
core   0: 0x0000000080004010 (0x000c00e7) jalr    s8
core   0: 3 0x0000000080004010 (0x000c00e7) x1  0x0000000080004014
core   0: >>>>  any_handler
core   0: 0x000000008000604a (0x341027f3) csrrs   a5, mepc, zero
core   0: 3 0x000000008000604a (0x341027f3) x15 0x0000000080005d74
core   0: 0x000000008000604e (0x34202773) csrrs   a4, mcause, zero
core   0: 3 0x000000008000604e (0x34202773) x14 0x0000000000000002
core   0: 0x0000000080006052 (0x142026f3) csrrs   a3, scause, zero
core   0: 3 0x0000000080006052 (0x142026f3) x13 0x0000000000000000
core   0: 0x0000000080006056 (0x30402673) csrrs   a2, mie, zero
core   0: 3 0x0000000080006056 (0x30402673) x12 0x0000000000000a00
core   0: 0x000000008000605a (0x344025f3) csrrs   a1, mip, zero
core   0: 3 0x000000008000605a (0x344025f3) x11 0x0000000000000080
core   0: 0x000000008000605e (0x343025f3) csrrs   a1, mtval, zero
core   0: 3 0x000000008000605e (0x343025f3) x11 0x00000000320f5cf3
core   0: 0x0000000080006062 (0x14302573) csrrs   a0, stval, zero
core   0: 3 0x0000000080006062 (0x14302573) x10 0x0000000000000000
core   0: 0x0000000080006066 (0xb02024f3) csrrs   s1, minstret, zero
core   0: 3 0x0000000080006066 (0xb02024f3) x9  0x0000000000001192
core   0: 0x000000008000606a (0x0000a811) c.j     pc + 20
core   0: 3 0x000000008000606a (0xa811)
core   0: >>>>  mepc_4
core   0: 0x000000008000607e (0x00000791) c.addi  a5, 4
core   0: 3 0x000000008000607e (0x0791) x15 0x0000000080005d78
core   0: 0x0000000080006080 (0x34179073) csrrw   zero, mepc, a5
core   0: 3 0x0000000080006080 (0x34179073) c833_mepc 0x0000000080005d78
core   0: 0x0000000080006084 (0x30200073) mret
core   0: 3 0x0000000080006084 (0x30200073) c768_mstatus 0x8000000a00106080
core   0: 0x0000000080005d78 (0x1b027b53) fdiv.d  fs6, ft4, fa6
core   0: 1 0x0000000080005d78 (0x1b027b53) c1_fflags 0x000000000000001c f22 0xfff0000000000000
core   0: 0x0000000080005d7c (0x02ca8ab3) mul     s5, s5, a2
core   0: 1 0x0000000080005d7c (0x02ca8ab3) x21 0x0000000000000000
core   0: 0x0000000080005d80 (0x5a077953) fsqrt.d fs2, fa4
core   0: 1 0x0000000080005d80 (0x5a077953) f18 0x7ff8000000000000
core   0: 0x0000000080005d84 (0x01916ab3) or      s5, sp, s9
core   0: 1 0x0000000080005d84 (0x01916ab3) x21 0x7ff8000000000000
core   0: 0x0000000080005d88 (0xc2377953) fcvt.lu.d s2, fa4
core   0: 1 0x0000000080005d88 (0xc2377953) c1_fflags 0x000000000000001c x18 0xffffffffffffffff
core   0: 0x0000000080005d8c (0x2210aa53) fsgnjx.d fs4, ft1, ft1
core   0: 1 0x0000000080005d8c (0x2210aa53) f20 0x7ff8000000000000
core   0: 0x0000000080005d90 (0x00009645) c.srai  a2, 49
core   0: 1 0x0000000080005d90 (0x9645) x12 0x0000000000000000
core   0: 0x0000000080005d92 (0x8007089b) addiw   a7, a4, -2048
core   0: 1 0x0000000080005d92 (0x8007089b) x17 0xfffffffffffff802
core   0: 0x0000000080005d96 (0xc8005c73) csrrwi  s8, cycleh, 0
core   0: exception trap_illegal_instruction, epc 0x0000000080005d96
core   0:           tval 0x00000000c8005c73
core   0: >>>>  $xrv64i2p1_m2p0_a2p1_f2p2_d2p2_zicsr2p0_zifencei2p0_zmmul1p0_zba1p0_zbb1p0_zbc1p0_zbs1p0
core   0: 0x0000000080004000 (0x0080006f) j       pc + 0x8
core   0: 3 0x0000000080004000 (0x0080006f)
core   0: >>>>  mmode_exception_handler
core   0: 0x0000000080004008 (0x00002c17) auipc   s8, 0x2
core   0: 3 0x0000000080004008 (0x00002c17) x24 0x0000000080006008
core   0: 0x000000008000400c (0x042c0c13) addi    s8, s8, 66
core   0: 3 0x000000008000400c (0x042c0c13) x24 0x000000008000604a
core   0: 0x0000000080004010 (0x000c00e7) jalr    s8
core   0: 3 0x0000000080004010 (0x000c00e7) x1  0x0000000080004014
core   0: >>>>  any_handler
core   0: 0x000000008000604a (0x341027f3) csrrs   a5, mepc, zero
core   0: 3 0x000000008000604a (0x341027f3) x15 0x0000000080005d96
core   0: 0x000000008000604e (0x34202773) csrrs   a4, mcause, zero
core   0: 3 0x000000008000604e (0x34202773) x14 0x0000000000000002
core   0: 0x0000000080006052 (0x142026f3) csrrs   a3, scause, zero
core   0: 3 0x0000000080006052 (0x142026f3) x13 0x0000000000000000
core   0: 0x0000000080006056 (0x30402673) csrrs   a2, mie, zero
core   0: 3 0x0000000080006056 (0x30402673) x12 0x0000000000000a00
core   0: 0x000000008000605a (0x344025f3) csrrs   a1, mip, zero
core   0: 3 0x000000008000605a (0x344025f3) x11 0x0000000000000080
core   0: 0x000000008000605e (0x343025f3) csrrs   a1, mtval, zero
core   0: 3 0x000000008000605e (0x343025f3) x11 0x00000000c8005c73
core   0: 0x0000000080006062 (0x14302573) csrrs   a0, stval, zero
core   0: 3 0x0000000080006062 (0x14302573) x10 0x0000000000000000
core   0: 0x0000000080006066 (0xb02024f3) csrrs   s1, minstret, zero
core   0: 3 0x0000000080006066 (0xb02024f3) x9  0x00000000000011aa
core   0: 0x000000008000606a (0x0000a811) c.j     pc + 20
core   0: 3 0x000000008000606a (0xa811)
core   0: >>>>  mepc_4
core   0: 0x000000008000607e (0x00000791) c.addi  a5, 4
core   0: 3 0x000000008000607e (0x0791) x15 0x0000000080005d9a
core   0: 0x0000000080006080 (0x34179073) csrrw   zero, mepc, a5
core   0: 3 0x0000000080006080 (0x34179073) c833_mepc 0x0000000080005d9a
core   0: 0x0000000080006084 (0x30200073) mret
core   0: 3 0x0000000080006084 (0x30200073) c768_mstatus 0x8000000a00106080
core   0: 0x0000000080005d9a (0x01bc6b33) or      s6, s8, s11
core   0: 1 0x0000000080005d9a (0x01bc6b33) x22 0x000000008000605e
core   0: 0x0000000080005d9e (0x34844693) xori    a3, s0, 840
core   0: 1 0x0000000080005d9e (0x34844693) x13 0x0000000000000348
core   0: 0x0000000080005da2 (0xc21970d3) fcvt.wu.d ra, fs2
core   0: 1 0x0000000080005da2 (0xc21970d3) c1_fflags 0x000000000000001c x1  0xffffffffffffffff
core   0: 0x0000000080005da6 (0xc4a20c1b) addiw   s8, tp, -950
core   0: 1 0x0000000080005da6 (0xc4a20c1b) x24 0xfffffffffffffc65
core   0: 0x0000000080005daa (0x00000001) c.nop
core   0: 1 0x0000000080005daa (0x0001)
core   0: 0x0000000080005dac (0x00a552bb) srlw    t0, a0, a0
core   0: 1 0x0000000080005dac (0x00a552bb) x5  0x0000000000000000
core   0: 0x0000000080005db0 (0x406bdbbb) sraw    s7, s7, t1
core   0: 1 0x0000000080005db0 (0x406bdbbb) x23 0xffffffffffffe000
core   0: 0x0000000080005db4 (0x5a09fbd3) fsqrt.d fs7, fs3
core   0: 1 0x0000000080005db4 (0x5a09fbd3) f23 0x7ff8000000000000
core   0: 0x0000000080005db8 (0xd21c04d3) fcvt.d.wu fs1, s8
core   0: 1 0x0000000080005db8 (0xd21c04d3) f9  0x41efffff8ca00000
core   0: 0x0000000080005dbc (0x417688b3) sub     a7, a3, s7
core   0: 1 0x0000000080005dbc (0x417688b3) x17 0x0000000000002348
core   0: 0x0000000080005dc0 (0x01fbd99b) srliw   s3, s7, 31
core   0: 1 0x0000000080005dc0 (0x01fbd99b) x19 0x0000000000000001
core   0: 0x0000000080005dc4 (0x00371d9b) slliw   s11, a4, 3
core   0: 1 0x0000000080005dc4 (0x00371d9b) x27 0x0000000000000010
core   0: 0x0000000080005dc8 (0x00489d3b) sllw    s10, a7, tp
core   0: 1 0x0000000080005dc8 (0x00489d3b) x26 0x0000000040000000
core   0: 0x0000000080005dcc (0x400e579b) sraiw   a5, t3, 0
core   0: 1 0x0000000080005dcc (0x400e579b) x15 0x0000000000000345
core   0: 0x0000000080005dd0 (0x02b78333) mul     t1, a5, a1
core   0: 1 0x0000000080005dd0 (0x02b78333) x6  0x0000028de92e43ff
core   0: 0x0000000080005dd4 (0xd23e7853) fcvt.d.lu fa6, t3
core   0: 1 0x0000000080005dd4 (0xd23e7853) c1_fflags 0x000000000000001d f16 0x43dffe0000000001
core   0: 0x0000000080005dd8 (0xfff2029b) addiw   t0, tp, -1
core   0: 1 0x0000000080005dd8 (0xfff2029b) x5  0x000000000000001a
core   0: 0x0000000080005ddc (0x0252ecbb) remw    s9, t0, t0
core   0: 1 0x0000000080005ddc (0x0252ecbb) x25 0x0000000000000000
core   0: 0x0000000080005de0 (0x0005ca93) xori    s5, a1, 0
core   0: 1 0x0000000080005de0 (0x0005ca93) x21 0x00000000c8005c73
core   0: 0x0000000080005de4 (0x0018ec93) ori     s9, a7, 1
core   0: 1 0x0000000080005de4 (0x0018ec93) x25 0x0000000000002349
core   0: 0x0000000080005de8 (0x230cadd3) fsgnjx.d fs11, fs9, fa6
core   0: 1 0x0000000080005de8 (0x230cadd3) f27 0x7ff8000000000000
core   0: 0x0000000080005dec (0x7b005873) csrrwi  a6, dcsr, 0
core   0: exception trap_illegal_instruction, epc 0x0000000080005dec
core   0:           tval 0x000000007b005873
core   0: >>>>  $xrv64i2p1_m2p0_a2p1_f2p2_d2p2_zicsr2p0_zifencei2p0_zmmul1p0_zba1p0_zbb1p0_zbc1p0_zbs1p0
core   0: 0x0000000080004000 (0x0080006f) j       pc + 0x8
core   0: 3 0x0000000080004000 (0x0080006f)
core   0: >>>>  mmode_exception_handler
core   0: 0x0000000080004008 (0x00002c17) auipc   s8, 0x2
core   0: 3 0x0000000080004008 (0x00002c17) x24 0x0000000080006008
core   0: 0x000000008000400c (0x042c0c13) addi    s8, s8, 66
core   0: 3 0x000000008000400c (0x042c0c13) x24 0x000000008000604a
core   0: 0x0000000080004010 (0x000c00e7) jalr    s8
core   0: 3 0x0000000080004010 (0x000c00e7) x1  0x0000000080004014
core   0: >>>>  any_handler
core   0: 0x000000008000604a (0x341027f3) csrrs   a5, mepc, zero
core   0: 3 0x000000008000604a (0x341027f3) x15 0x0000000080005dec
core   0: 0x000000008000604e (0x34202773) csrrs   a4, mcause, zero
core   0: 3 0x000000008000604e (0x34202773) x14 0x0000000000000002
core   0: 0x0000000080006052 (0x142026f3) csrrs   a3, scause, zero
core   0: 3 0x0000000080006052 (0x142026f3) x13 0x0000000000000000
core   0: 0x0000000080006056 (0x30402673) csrrs   a2, mie, zero
core   0: 3 0x0000000080006056 (0x30402673) x12 0x0000000000000a00
core   0: 0x000000008000605a (0x344025f3) csrrs   a1, mip, zero
core   0: 3 0x000000008000605a (0x344025f3) x11 0x0000000000000080
core   0: 0x000000008000605e (0x343025f3) csrrs   a1, mtval, zero
core   0: 3 0x000000008000605e (0x343025f3) x11 0x000000007b005873
core   0: 0x0000000080006062 (0x14302573) csrrs   a0, stval, zero
core   0: 3 0x0000000080006062 (0x14302573) x10 0x0000000000000000
core   0: 0x0000000080006066 (0xb02024f3) csrrs   s1, minstret, zero
core   0: 3 0x0000000080006066 (0xb02024f3) x9  0x00000000000011cf
core   0: 0x000000008000606a (0x0000a811) c.j     pc + 20
core   0: 3 0x000000008000606a (0xa811)
core   0: >>>>  mepc_4
core   0: 0x000000008000607e (0x00000791) c.addi  a5, 4
core   0: 3 0x000000008000607e (0x0791) x15 0x0000000080005df0
core   0: 0x0000000080006080 (0x34179073) csrrw   zero, mepc, a5
core   0: 3 0x0000000080006080 (0x34179073) c833_mepc 0x0000000080005df0
core   0: 0x0000000080006084 (0x30200073) mret
core   0: 3 0x0000000080006084 (0x30200073) c768_mstatus 0x8000000a00106080
core   0: 0x0000000080005df0 (0x00840ebb) addw    t4, s0, s0
core   0: 1 0x0000000080005df0 (0x00840ebb) x29 0x0000000000000000
core   0: 0x0000000080005df4 (0x03d25233) divu    tp, tp, t4
core   0: 1 0x0000000080005df4 (0x03d25233) x4  0xffffffffffffffff
core   0: 0x0000000080005df8 (0xd0a84713) xori    a4, a6, -758
core   0: 1 0x0000000080005df8 (0xd0a84713) x14 0xfffffffffffffd0a
core   0: 0x0000000080005dfc (0x4a1e8313) addi    t1, t4, 1185
core   0: 1 0x0000000080005dfc (0x4a1e8313) x6  0x00000000000004a1
core   0: 0x0000000080005e00 (0x021e9b33) mulh    s6, t4, ra
core   0: 1 0x0000000080005e00 (0x021e9b33) x22 0x0000000000000000
core   0: 0x0000000080005e04 (0x003dd81b) srliw   a6, s11, 3
core   0: 1 0x0000000080005e04 (0x003dd81b) x16 0x0000000000000002
core   0: 0x0000000080005e08 (0x010681b3) add     gp, a3, a6
core   0: 1 0x0000000080005e08 (0x010681b3) x3  0x0000000000000002
core   0: 0x0000000080005e0c (0x0081d1b3) srl     gp, gp, s0
core   0: 1 0x0000000080005e0c (0x0081d1b3) x3  0x0000000000000002
core   0: 0x0000000080005e10 (0x01a512bb) sllw    t0, a0, s10
core   0: 1 0x0000000080005e10 (0x01a512bb) x5  0x0000000000000000
core   0: 0x0000000080005e14 (0xc22bfe53) fcvt.l.d t3, fs7
core   0: 1 0x0000000080005e14 (0xc22bfe53) c1_fflags 0x000000000000001d x28 0x7fffffffffffffff
core   0: 0x0000000080005e18 (0x000a173b) sllw    a4, s4, zero
core   0: 1 0x0000000080005e18 (0x000a173b) x14 0x00000000002002c5
core   0: 0x0000000080005e1c (0xc224f353) fcvt.l.d t1, fs1
core   0: 1 0x0000000080005e1c (0xc224f353) x6  0x00000000fffffc65
core   0: 0x0000000080005e20 (0x00129a93) slli    s5, t0, 1
core   0: 1 0x0000000080005e20 (0x00129a93) x21 0x0000000000000000
core   0: 0x0000000080005e24 (0x005ad8bb) srlw    a7, s5, t0
core   0: 1 0x0000000080005e24 (0x005ad8bb) x17 0x0000000000000000
core   0: 0x0000000080005e28 (0x0188dc3b) srlw    s8, a7, s8
core   0: 1 0x0000000080005e28 (0x0188dc3b) x24 0x0000000000000000
core   0: 0x0000000080005e2c (0x03fb5193) srli    gp, s6, 63
core   0: 1 0x0000000080005e2c (0x03fb5193) x3  0x0000000000000000
core   0: 0x0000000080005e30 (0x02c21233) mulh    tp, tp, a2
core   0: 1 0x0000000080005e30 (0x02c21233) x4  0xffffffffffffffff
core   0: 0x0000000080005e34 (0x420e05d3) fcvt.d.s fa1, ft8
core   0: 1 0x0000000080005e34 (0x420e05d3) f11 0x7ff8000000000000
core   0: 0x0000000080005e38 (0xd236f8d3) fcvt.d.lu fa7, a3
core   0: 1 0x0000000080005e38 (0xd236f8d3) f17 0x0000000000000000
core   0: 0x0000000080005e3c (0x031e7253) fadd.d  ft4, ft8, fa7
core   0: 1 0x0000000080005e3c (0x031e7253) f4  0x43f0000000000000
core   0: 0x0000000080005e40 (0x03b681bb) mulw    gp, a3, s11
core   0: 1 0x0000000080005e40 (0x03b681bb) x3  0x0000000000000000
core   0: 0x0000000080005e44 (0x41a788bb) subw    a7, a5, s10
core   0: 1 0x0000000080005e44 (0x41a788bb) x17 0x0000000040005df0
core   0: 0x0000000080005e48 (0x0ff0000f) fence   iorw,iorw
core   0: 1 0x0000000080005e48 (0x0ff0000f)
core   0: 0x0000000080005e4c (0x03367953) fadd.d  fs2, fa2, fs3
core   0: 1 0x0000000080005e4c (0x03367953) f18 0x7ff8000000000000
core   0: 0x0000000080005e50 (0x7cd92e17) auipc   t3, 0x7cd92
core   0: 1 0x0000000080005e50 (0x7cd92e17) x28 0x00000000fcd97e50
core   0: 0x0000000080005e54 (0x00179873) csrrw   a6, fflags, a5
core   0: 1 0x0000000080005e54 (0x00179873) x16 0x000000000000001d c1_fflags 0x0000000000000010
core   0: 0x0000000080005e58 (0x40238db3) sub     s11, t2, sp
core   0: 1 0x0000000080005e58 (0x40238db3) x27 0x0000000000000000
core   0: 0x0000000080005e5c (0x03291a33) mulh    s4, s2, s2
core   0: 1 0x0000000080005e5c (0x03291a33) x20 0x0000000000000000
core   0: 0x0000000080005e60 (0x014358bb) srlw    a7, t1, s4
core   0: 1 0x0000000080005e60 (0x014358bb) x17 0xfffffffffffffc65
core   0: 0x0000000080005e64 (0x00189513) slli    a0, a7, 1
core   0: 1 0x0000000080005e64 (0x00189513) x10 0xfffffffffffff8ca
core   0: 0x0000000080005e68 (0x00000001) c.nop
core   0: 1 0x0000000080005e68 (0x0001)
core   0: 0x0000000080005e6a (0x01a26d33) or      s10, tp, s10
core   0: 1 0x0000000080005e6a (0x01a26d33) x26 0xffffffffffffffff
core   0: 0x0000000080005e6e (0xf11fd773) csrrwi  a4, mvendorid, 31
core   0: exception trap_illegal_instruction, epc 0x0000000080005e6e
core   0:           tval 0x00000000f11fd773
core   0: >>>>  $xrv64i2p1_m2p0_a2p1_f2p2_d2p2_zicsr2p0_zifencei2p0_zmmul1p0_zba1p0_zbb1p0_zbc1p0_zbs1p0
core   0: 0x0000000080004000 (0x0080006f) j       pc + 0x8
core   0: 3 0x0000000080004000 (0x0080006f)
core   0: >>>>  mmode_exception_handler
core   0: 0x0000000080004008 (0x00002c17) auipc   s8, 0x2
core   0: 3 0x0000000080004008 (0x00002c17) x24 0x0000000080006008
core   0: 0x000000008000400c (0x042c0c13) addi    s8, s8, 66
core   0: 3 0x000000008000400c (0x042c0c13) x24 0x000000008000604a
core   0: 0x0000000080004010 (0x000c00e7) jalr    s8
core   0: 3 0x0000000080004010 (0x000c00e7) x1  0x0000000080004014
core   0: >>>>  any_handler
core   0: 0x000000008000604a (0x341027f3) csrrs   a5, mepc, zero
core   0: 3 0x000000008000604a (0x341027f3) x15 0x0000000080005e6e
core   0: 0x000000008000604e (0x34202773) csrrs   a4, mcause, zero
core   0: 3 0x000000008000604e (0x34202773) x14 0x0000000000000002
core   0: 0x0000000080006052 (0x142026f3) csrrs   a3, scause, zero
core   0: 3 0x0000000080006052 (0x142026f3) x13 0x0000000000000000
core   0: 0x0000000080006056 (0x30402673) csrrs   a2, mie, zero
core   0: 3 0x0000000080006056 (0x30402673) x12 0x0000000000000a00
core   0: 0x000000008000605a (0x344025f3) csrrs   a1, mip, zero
core   0: 3 0x000000008000605a (0x344025f3) x11 0x0000000000000080
core   0: 0x000000008000605e (0x343025f3) csrrs   a1, mtval, zero
core   0: 3 0x000000008000605e (0x343025f3) x11 0x00000000f11fd773
core   0: 0x0000000080006062 (0x14302573) csrrs   a0, stval, zero
core   0: 3 0x0000000080006062 (0x14302573) x10 0x0000000000000000
core   0: 0x0000000080006066 (0xb02024f3) csrrs   s1, minstret, zero
core   0: 3 0x0000000080006066 (0xb02024f3) x9  0x00000000000011ff
core   0: 0x000000008000606a (0x0000a811) c.j     pc + 20
core   0: 3 0x000000008000606a (0xa811)
core   0: >>>>  mepc_4
core   0: 0x000000008000607e (0x00000791) c.addi  a5, 4
core   0: 3 0x000000008000607e (0x0791) x15 0x0000000080005e72
core   0: 0x0000000080006080 (0x34179073) csrrw   zero, mepc, a5
core   0: 3 0x0000000080006080 (0x34179073) c833_mepc 0x0000000080005e72
core   0: 0x0000000080006084 (0x30200073) mret
core   0: 3 0x0000000080006084 (0x30200073) c768_mstatus 0x8000000a00106080
core   0: 0x0000000080005e72 (0x03bdd4b3) divu    s1, s11, s11
core   0: 1 0x0000000080005e72 (0x03bdd4b3) x9  0xffffffffffffffff
core   0: 0x0000000080005e76 (0x0121deb3) srl     t4, gp, s2
core   0: 1 0x0000000080005e76 (0x0121deb3) x29 0x0000000000000000
core   0: 0x0000000080005e7a (0x1a107153) fdiv.d  ft2, ft0, ft1
core   0: 1 0x0000000080005e7a (0x1a107153) f2  0x7ff8000000000000
core   0: 0x0000000080005e7e (0x00171cf3) csrrw   s9, fflags, a4
core   0: 1 0x0000000080005e7e (0x00171cf3) x25 0x0000000000000010 c1_fflags 0x0000000000000002
core   0: 0x0000000080005e82 (0x005c1913) slli    s2, s8, 5
core   0: 1 0x0000000080005e82 (0x005c1913) x18 0x00000010000c0940
core   0: 0x0000000080005e86 (0x00029b1b) slliw   s6, t0, 0
core   0: 1 0x0000000080005e86 (0x00029b1b) x22 0x0000000000000000
core   0: 0x0000000080005e8a (0x23e72a53) fsgnjx.d fs4, fa4, ft10
core   0: 1 0x0000000080005e8a (0x23e72a53) f20 0xfff8000000000000
core   0: 0x0000000080005e8e (0x32363673) csrrc   a2, mhpmevent3, a2
core   0: exception trap_illegal_instruction, epc 0x0000000080005e8e
core   0:           tval 0x0000000032363673
core   0: >>>>  $xrv64i2p1_m2p0_a2p1_f2p2_d2p2_zicsr2p0_zifencei2p0_zmmul1p0_zba1p0_zbb1p0_zbc1p0_zbs1p0
core   0: 0x0000000080004000 (0x0080006f) j       pc + 0x8
core   0: 3 0x0000000080004000 (0x0080006f)
core   0: >>>>  mmode_exception_handler
core   0: 0x0000000080004008 (0x00002c17) auipc   s8, 0x2
core   0: 3 0x0000000080004008 (0x00002c17) x24 0x0000000080006008
core   0: 0x000000008000400c (0x042c0c13) addi    s8, s8, 66
core   0: 3 0x000000008000400c (0x042c0c13) x24 0x000000008000604a
core   0: 0x0000000080004010 (0x000c00e7) jalr    s8
core   0: 3 0x0000000080004010 (0x000c00e7) x1  0x0000000080004014
core   0: >>>>  any_handler
core   0: 0x000000008000604a (0x341027f3) csrrs   a5, mepc, zero
core   0: 3 0x000000008000604a (0x341027f3) x15 0x0000000080005e8e
core   0: 0x000000008000604e (0x34202773) csrrs   a4, mcause, zero
core   0: 3 0x000000008000604e (0x34202773) x14 0x0000000000000002
core   0: 0x0000000080006052 (0x142026f3) csrrs   a3, scause, zero
core   0: 3 0x0000000080006052 (0x142026f3) x13 0x0000000000000000
core   0: 0x0000000080006056 (0x30402673) csrrs   a2, mie, zero
core   0: 3 0x0000000080006056 (0x30402673) x12 0x0000000000000a00
core   0: 0x000000008000605a (0x344025f3) csrrs   a1, mip, zero
core   0: 3 0x000000008000605a (0x344025f3) x11 0x0000000000000080
core   0: 0x000000008000605e (0x343025f3) csrrs   a1, mtval, zero
core   0: 3 0x000000008000605e (0x343025f3) x11 0x0000000032363673
core   0: 0x0000000080006062 (0x14302573) csrrs   a0, stval, zero
core   0: 3 0x0000000080006062 (0x14302573) x10 0x0000000000000000
core   0: 0x0000000080006066 (0xb02024f3) csrrs   s1, minstret, zero
core   0: 3 0x0000000080006066 (0xb02024f3) x9  0x0000000000001216
core   0: 0x000000008000606a (0x0000a811) c.j     pc + 20
core   0: 3 0x000000008000606a (0xa811)
core   0: >>>>  mepc_4
core   0: 0x000000008000607e (0x00000791) c.addi  a5, 4
core   0: 3 0x000000008000607e (0x0791) x15 0x0000000080005e92
core   0: 0x0000000080006080 (0x34179073) csrrw   zero, mepc, a5
core   0: 3 0x0000000080006080 (0x34179073) c833_mepc 0x0000000080005e92
core   0: 0x0000000080006084 (0x30200073) mret
core   0: 3 0x0000000080006084 (0x30200073) c768_mstatus 0x8000000a00106080
core   0: 0x0000000080005e92 (0xc033fdd3) fcvt.lu.s s11, ft7
core   0: 1 0x0000000080005e92 (0xc033fdd3) x27 0x00000000002002c5
core   0: 0x0000000080005e96 (0x02b62cb3) mulhsu  s9, a2, a1
core   0: 1 0x0000000080005e96 (0x02b62cb3) x25 0x0000000000000000
core   0: 0x0000000080005e9a (0x0337f7d3) fadd.d  fa5, fa5, fs3
core   0: 1 0x0000000080005e9a (0x0337f7d3) f15 0x7ff8000000000000
core   0: 0x0000000080005e9e (0x40005513) srai    a0, zero, 0
core   0: 1 0x0000000080005e9e (0x40005513) x10 0x0000000000000000
core   0: 0x0000000080005ea2 (0x14157b73) csrrci  s6, sepc, 10
core   0: 1 0x0000000080005ea2 (0x14157b73) x22 0x0000000000000000 c321_sepc 0x0000000000000000
core   0: 0x0000000080005ea6 (0xd22d7bd3) fcvt.d.l fs7, s10
core   0: 1 0x0000000080005ea6 (0xd22d7bd3) f23 0xbff0000000000000
core   0: 0x0000000080005eaa (0x00cb6633) or      a2, s6, a2
core   0: 1 0x0000000080005eaa (0x00cb6633) x12 0x0000000000000a00
core   0: 0x0000000080005eae (0xc0285873) csrrwi  a6, instret, 16
core   0: exception trap_illegal_instruction, epc 0x0000000080005eae
core   0:           tval 0x00000000c0285873
core   0: >>>>  $xrv64i2p1_m2p0_a2p1_f2p2_d2p2_zicsr2p0_zifencei2p0_zmmul1p0_zba1p0_zbb1p0_zbc1p0_zbs1p0
core   0: 0x0000000080004000 (0x0080006f) j       pc + 0x8
core   0: 3 0x0000000080004000 (0x0080006f)
core   0: >>>>  mmode_exception_handler
core   0: 0x0000000080004008 (0x00002c17) auipc   s8, 0x2
core   0: 3 0x0000000080004008 (0x00002c17) x24 0x0000000080006008
core   0: 0x000000008000400c (0x042c0c13) addi    s8, s8, 66
core   0: 3 0x000000008000400c (0x042c0c13) x24 0x000000008000604a
core   0: 0x0000000080004010 (0x000c00e7) jalr    s8
core   0: 3 0x0000000080004010 (0x000c00e7) x1  0x0000000080004014
core   0: >>>>  any_handler
core   0: 0x000000008000604a (0x341027f3) csrrs   a5, mepc, zero
core   0: 3 0x000000008000604a (0x341027f3) x15 0x0000000080005eae
core   0: 0x000000008000604e (0x34202773) csrrs   a4, mcause, zero
core   0: 3 0x000000008000604e (0x34202773) x14 0x0000000000000002
core   0: 0x0000000080006052 (0x142026f3) csrrs   a3, scause, zero
core   0: 3 0x0000000080006052 (0x142026f3) x13 0x0000000000000000
core   0: 0x0000000080006056 (0x30402673) csrrs   a2, mie, zero
core   0: 3 0x0000000080006056 (0x30402673) x12 0x0000000000000a00
core   0: 0x000000008000605a (0x344025f3) csrrs   a1, mip, zero
core   0: 3 0x000000008000605a (0x344025f3) x11 0x0000000000000080
core   0: 0x000000008000605e (0x343025f3) csrrs   a1, mtval, zero
core   0: 3 0x000000008000605e (0x343025f3) x11 0x00000000c0285873
core   0: 0x0000000080006062 (0x14302573) csrrs   a0, stval, zero
core   0: 3 0x0000000080006062 (0x14302573) x10 0x0000000000000000
core   0: 0x0000000080006066 (0xb02024f3) csrrs   s1, minstret, zero
core   0: 3 0x0000000080006066 (0xb02024f3) x9  0x000000000000122d
core   0: 0x000000008000606a (0x0000a811) c.j     pc + 20
core   0: 3 0x000000008000606a (0xa811)
core   0: >>>>  mepc_4
core   0: 0x000000008000607e (0x00000791) c.addi  a5, 4
core   0: 3 0x000000008000607e (0x0791) x15 0x0000000080005eb2
core   0: 0x0000000080006080 (0x34179073) csrrw   zero, mepc, a5
core   0: 3 0x0000000080006080 (0x34179073) c833_mepc 0x0000000080005eb2
core   0: 0x0000000080006084 (0x30200073) mret
core   0: 3 0x0000000080006084 (0x30200073) c768_mstatus 0x8000000a00106080
core   0: 0x0000000080005eb2 (0x5707c413) xori    s0, a5, 1392
core   0: 1 0x0000000080005eb2 (0x5707c413) x8  0x0000000080005bc2
core   0: 0x0000000080005eb6 (0x4106573b) sraw    a4, a2, a6
core   0: 1 0x0000000080005eb6 (0x4106573b) x14 0x0000000000000000
core   0: 0x0000000080005eba (0xbb5bfd4b) fnmsub.d fs10, fs7, fs5, fs7
core   0: 1 0x0000000080005eba (0xbb5bfd4b) f26 0x7ff8000000000000
core   0: 0x0000000080005ebe (0xd2070153) fcvt.d.w ft2, a4
core   0: 1 0x0000000080005ebe (0xd2070153) f2  0x0000000000000000
core   0: 0x0000000080005ec2 (0x23018853) fsgnj.d fa6, ft3, fa6
core   0: 1 0x0000000080005ec2 (0x23018853) f16 0x0000000000000000
core   0: 0x0000000080005ec6 (0x001401b3) add     gp, s0, ra
core   0: 1 0x0000000080005ec6 (0x001401b3) x3  0x0000000100009bd6
core   0: 0x0000000080005eca (0x00e7a133) slt     sp, a5, a4
core   0: 1 0x0000000080005eca (0x00e7a133) x2  0x0000000000000000
core   0: 0x0000000080005ece (0x03f47e53) fadd.d  ft8, fs0, ft11
core   0: 1 0x0000000080005ece (0x03f47e53) f28 0x7ff8000000000000
core   0: 0x0000000080005ed2 (0x400d5613) srai    a2, s10, 0
core   0: 1 0x0000000080005ed2 (0x400d5613) x12 0xffffffffffffffff
core   0: 0x0000000080005ed6 (0x40ca5ab3) sra     s5, s4, a2
core   0: 1 0x0000000080005ed6 (0x40ca5ab3) x21 0x0000000000000000
core   0: 0x0000000080005eda (0x036d5d33) divu    s10, s10, s6
core   0: 1 0x0000000080005eda (0x036d5d33) x26 0xffffffffffffffff
core   0: 0x0000000080005ede (0x438ff647) fmsub.d fa2, ft11, fs8, fs0
core   0: 1 0x0000000080005ede (0x438ff647) f12 0x7ff8000000000000
core   0: 0x0000000080005ee2 (0x31c74e37) lui     t3, 0x31c74
core   0: 1 0x0000000080005ee2 (0x31c74e37) x28 0x0000000031c74000
core   0: 0x0000000080005ee6 (0x01cb5bbb) srlw    s7, s6, t3
core   0: 1 0x0000000080005ee6 (0x01cb5bbb) x23 0x0000000000000000
core   0: 0x0000000080005eea (0x037bbab3) mulhu   s5, s7, s7
core   0: 1 0x0000000080005eea (0x037bbab3) x21 0x0000000000000000
core   0: 0x0000000080005eee (0xa30c0b53) fle.d   s6, fs8, fa6
core   0: 1 0x0000000080005eee (0xa30c0b53) c1_fflags 0x0000000000000012 x22 0x0000000000000000
core   0: 0x0000000080005ef2 (0x01c383bb) addw    t2, t2, t3
core   0: 1 0x0000000080005ef2 (0x01c383bb) x7  0x0000000031c74000
core   0: 0x0000000080005ef6 (0x02b580b3) mul     ra, a1, a1
core   0: 1 0x0000000080005ef6 (0x02b580b3) x1  0x903c8b08427f43a9
core   0: 0x0000000080005efa (0x03dc8937) lui     s2, 0x3dc8
core   0: 1 0x0000000080005efa (0x03dc8937) x18 0x0000000003dc8000
core   0: 0x0000000080005efe (0x5839091b) addiw   s2, s2, 1411
core   0: 1 0x0000000080005efe (0x5839091b) x18 0x0000000003dc8583
core   0: 0x0000000080005f02 (0x00000932) c.slli  s2, 12
core   0: 1 0x0000000080005f02 (0x0932) x18 0x0000003dc8583000
core   0: 0x0000000080005f04 (0x3d190913) addi    s2, s2, 977
core   0: 1 0x0000000080005f04 (0x3d190913) x18 0x0000003dc85833d1
core   0: 0x0000000080005f08 (0x002093f3) csrrw   t2, frm, ra
core   0: 1 0x0000000080005f08 (0x002093f3) x7  0x0000000000000000 c2_frm 0x0000000000000001
core   0: 0x0000000080005f0c (0x2a800053) fmin.d  ft0, ft0, fs0
core   0: 1 0x0000000080005f0c (0x2a800053) f0  0xc07cf00000000000
core   0: 0x0000000080005f10 (0x0025d633) srl     a2, a1, sp
core   0: 1 0x0000000080005f10 (0x0025d633) x12 0x00000000c0285873
core   0: 0x0000000080005f14 (0x0004543b) srlw    s0, s0, zero
core   0: 1 0x0000000080005f14 (0x0004543b) x8  0xffffffff80005bc2
core   0: 0x0000000080005f18 (0x00000001) c.nop
core   0: 1 0x0000000080005f18 (0x0001)
core   0: 0x0000000080005f1a (0x02c476b3) remu    a3, s0, a2
core   0: 1 0x0000000080005f1a (0x02c476b3) x13 0x00000000ac372559
core   0: 0x0000000080005f1e (0xfff68293) addi    t0, a3, -1
core   0: 1 0x0000000080005f1e (0xfff68293) x5  0x00000000ac372558
core   0: 0x0000000080005f22 (0x142565f3) csrrsi  a1, scause, 10
core   0: 1 0x0000000080005f22 (0x142565f3) x11 0x0000000000000000 c322_scause 0x000000000000000a
core   0: 0x0000000080005f26 (0x221a0253) fsgnj.d ft4, fs4, ft1
core   0: 1 0x0000000080005f26 (0x221a0253) f4  0x7ff8000000000000
core   0: 0x0000000080005f2a (0x001c5893) srli    a7, s8, 1
core   0: 1 0x0000000080005f2a (0x001c5893) x17 0x0000000040003025
core   0: 0x0000000080005f2e (0xd0217d53) fcvt.s.l fs10, sp
core   0: 1 0x0000000080005f2e (0xd0217d53) f26 0xffffffff00000000
core   0: 0x0000000080005f32 (0x002115b3) sll     a1, sp, sp
core   0: 1 0x0000000080005f32 (0x002115b3) x11 0x0000000000000000
core   0: 0x0000000080005f36 (0x0df77293) andi    t0, a4, 223
core   0: 1 0x0000000080005f36 (0x0df77293) x5  0x0000000000000000
core   0: 0x0000000080005f3a (0x7b44c6b7) lui     a3, 0x7b44c
core   0: 1 0x0000000080005f3a (0x7b44c6b7) x13 0x000000007b44c000
core   0: 0x0000000080005f3e (0x002197f3) csrrw   a5, frm, gp
core   0: 1 0x0000000080005f3e (0x002197f3) x15 0x0000000000000001 c2_frm 0x0000000000000006
core   0: 0x0000000080005f42 (0x01b5813b) addw    sp, a1, s11
core   0: 1 0x0000000080005f42 (0x01b5813b) x2  0x00000000002002c5
core   0: 0x0000000080005f46 (0xd03c72d3) fcvt.s.lu ft5, s8
core   0: exception trap_illegal_instruction, epc 0x0000000080005f46
core   0:           tval 0x00000000d03c72d3
core   0: >>>>  $xrv64i2p1_m2p0_a2p1_f2p2_d2p2_zicsr2p0_zifencei2p0_zmmul1p0_zba1p0_zbb1p0_zbc1p0_zbs1p0
core   0: 0x0000000080004000 (0x0080006f) j       pc + 0x8
core   0: 3 0x0000000080004000 (0x0080006f)
core   0: >>>>  mmode_exception_handler
core   0: 0x0000000080004008 (0x00002c17) auipc   s8, 0x2
core   0: 3 0x0000000080004008 (0x00002c17) x24 0x0000000080006008
core   0: 0x000000008000400c (0x042c0c13) addi    s8, s8, 66
core   0: 3 0x000000008000400c (0x042c0c13) x24 0x000000008000604a
core   0: 0x0000000080004010 (0x000c00e7) jalr    s8
core   0: 3 0x0000000080004010 (0x000c00e7) x1  0x0000000080004014
core   0: >>>>  any_handler
core   0: 0x000000008000604a (0x341027f3) csrrs   a5, mepc, zero
core   0: 3 0x000000008000604a (0x341027f3) x15 0x0000000080005f46
core   0: 0x000000008000604e (0x34202773) csrrs   a4, mcause, zero
core   0: 3 0x000000008000604e (0x34202773) x14 0x0000000000000002
core   0: 0x0000000080006052 (0x142026f3) csrrs   a3, scause, zero
core   0: 3 0x0000000080006052 (0x142026f3) x13 0x000000000000000a
core   0: 0x0000000080006056 (0x30402673) csrrs   a2, mie, zero
core   0: 3 0x0000000080006056 (0x30402673) x12 0x0000000000000a00
core   0: 0x000000008000605a (0x344025f3) csrrs   a1, mip, zero
core   0: 3 0x000000008000605a (0x344025f3) x11 0x0000000000000080
core   0: 0x000000008000605e (0x343025f3) csrrs   a1, mtval, zero
core   0: 3 0x000000008000605e (0x343025f3) x11 0x00000000d03c72d3
core   0: 0x0000000080006062 (0x14302573) csrrs   a0, stval, zero
core   0: 3 0x0000000080006062 (0x14302573) x10 0x0000000000000000
core   0: 0x0000000080006066 (0xb02024f3) csrrs   s1, minstret, zero
core   0: 3 0x0000000080006066 (0xb02024f3) x9  0x0000000000001263
core   0: 0x000000008000606a (0x0000a811) c.j     pc + 20
core   0: 3 0x000000008000606a (0xa811)
core   0: >>>>  mepc_4
core   0: 0x000000008000607e (0x00000791) c.addi  a5, 4
core   0: 3 0x000000008000607e (0x0791) x15 0x0000000080005f4a
core   0: 0x0000000080006080 (0x34179073) csrrw   zero, mepc, a5
core   0: 3 0x0000000080006080 (0x34179073) c833_mepc 0x0000000080005f4a
core   0: 0x0000000080006084 (0x30200073) mret
core   0: 3 0x0000000080006084 (0x30200073) c768_mstatus 0x8000000a00106080
core   0: 0x0000000080005f4a (0x01774733) xor     a4, a4, s7
core   0: 1 0x0000000080005f4a (0x01774733) x14 0x0000000000000002
core   0: 0x0000000080005f4e (0xd3a5f44f) fnmadd.d fs0, fa1, fs10, fs10
core   0: exception trap_illegal_instruction, epc 0x0000000080005f4e
core   0:           tval 0x00000000d3a5f44f
core   0: >>>>  $xrv64i2p1_m2p0_a2p1_f2p2_d2p2_zicsr2p0_zifencei2p0_zmmul1p0_zba1p0_zbb1p0_zbc1p0_zbs1p0
core   0: 0x0000000080004000 (0x0080006f) j       pc + 0x8
core   0: 3 0x0000000080004000 (0x0080006f)
core   0: >>>>  mmode_exception_handler
core   0: 0x0000000080004008 (0x00002c17) auipc   s8, 0x2
core   0: 3 0x0000000080004008 (0x00002c17) x24 0x0000000080006008
core   0: 0x000000008000400c (0x042c0c13) addi    s8, s8, 66
core   0: 3 0x000000008000400c (0x042c0c13) x24 0x000000008000604a
core   0: 0x0000000080004010 (0x000c00e7) jalr    s8
core   0: 3 0x0000000080004010 (0x000c00e7) x1  0x0000000080004014
core   0: >>>>  any_handler
core   0: 0x000000008000604a (0x341027f3) csrrs   a5, mepc, zero
core   0: 3 0x000000008000604a (0x341027f3) x15 0x0000000080005f4e
core   0: 0x000000008000604e (0x34202773) csrrs   a4, mcause, zero
core   0: 3 0x000000008000604e (0x34202773) x14 0x0000000000000002
core   0: 0x0000000080006052 (0x142026f3) csrrs   a3, scause, zero
core   0: 3 0x0000000080006052 (0x142026f3) x13 0x000000000000000a
core   0: 0x0000000080006056 (0x30402673) csrrs   a2, mie, zero
core   0: 3 0x0000000080006056 (0x30402673) x12 0x0000000000000a00
core   0: 0x000000008000605a (0x344025f3) csrrs   a1, mip, zero
core   0: 3 0x000000008000605a (0x344025f3) x11 0x0000000000000080
core   0: 0x000000008000605e (0x343025f3) csrrs   a1, mtval, zero
core   0: 3 0x000000008000605e (0x343025f3) x11 0x00000000d3a5f44f
core   0: 0x0000000080006062 (0x14302573) csrrs   a0, stval, zero
core   0: 3 0x0000000080006062 (0x14302573) x10 0x0000000000000000
core   0: 0x0000000080006066 (0xb02024f3) csrrs   s1, minstret, zero
core   0: 3 0x0000000080006066 (0xb02024f3) x9  0x0000000000001274
core   0: 0x000000008000606a (0x0000a811) c.j     pc + 20
core   0: 3 0x000000008000606a (0xa811)
core   0: >>>>  mepc_4
core   0: 0x000000008000607e (0x00000791) c.addi  a5, 4
core   0: 3 0x000000008000607e (0x0791) x15 0x0000000080005f52
core   0: 0x0000000080006080 (0x34179073) csrrw   zero, mepc, a5
core   0: 3 0x0000000080006080 (0x34179073) c833_mepc 0x0000000080005f52
core   0: 0x0000000080006084 (0x30200073) mret
core   0: 3 0x0000000080006084 (0x30200073) c768_mstatus 0x8000000a00106080
core   0: 0x0000000080005f52 (0x01b7539b) srliw   t2, a4, 27
core   0: 1 0x0000000080005f52 (0x01b7539b) x7  0x0000000000000000
core   0: 0x0000000080005f56 (0x23b209d3) fsgnj.d fs3, ft4, fs11
core   0: 1 0x0000000080005f56 (0x23b209d3) f19 0x7ff8000000000000
core   0: 0x0000000080005f5a (0xd03674d3) fcvt.s.lu fs1, a2
core   0: exception trap_illegal_instruction, epc 0x0000000080005f5a
core   0:           tval 0x00000000d03674d3
core   0: >>>>  $xrv64i2p1_m2p0_a2p1_f2p2_d2p2_zicsr2p0_zifencei2p0_zmmul1p0_zba1p0_zbb1p0_zbc1p0_zbs1p0
core   0: 0x0000000080004000 (0x0080006f) j       pc + 0x8
core   0: 3 0x0000000080004000 (0x0080006f)
core   0: >>>>  mmode_exception_handler
core   0: 0x0000000080004008 (0x00002c17) auipc   s8, 0x2
core   0: 3 0x0000000080004008 (0x00002c17) x24 0x0000000080006008
core   0: 0x000000008000400c (0x042c0c13) addi    s8, s8, 66
core   0: 3 0x000000008000400c (0x042c0c13) x24 0x000000008000604a
core   0: 0x0000000080004010 (0x000c00e7) jalr    s8
core   0: 3 0x0000000080004010 (0x000c00e7) x1  0x0000000080004014
core   0: >>>>  any_handler
core   0: 0x000000008000604a (0x341027f3) csrrs   a5, mepc, zero
core   0: 3 0x000000008000604a (0x341027f3) x15 0x0000000080005f5a
core   0: 0x000000008000604e (0x34202773) csrrs   a4, mcause, zero
core   0: 3 0x000000008000604e (0x34202773) x14 0x0000000000000002
core   0: 0x0000000080006052 (0x142026f3) csrrs   a3, scause, zero
core   0: 3 0x0000000080006052 (0x142026f3) x13 0x000000000000000a
core   0: 0x0000000080006056 (0x30402673) csrrs   a2, mie, zero
core   0: 3 0x0000000080006056 (0x30402673) x12 0x0000000000000a00
core   0: 0x000000008000605a (0x344025f3) csrrs   a1, mip, zero
core   0: 3 0x000000008000605a (0x344025f3) x11 0x0000000000000080
core   0: 0x000000008000605e (0x343025f3) csrrs   a1, mtval, zero
core   0: 3 0x000000008000605e (0x343025f3) x11 0x00000000d03674d3
core   0: 0x0000000080006062 (0x14302573) csrrs   a0, stval, zero
core   0: 3 0x0000000080006062 (0x14302573) x10 0x0000000000000000
core   0: 0x0000000080006066 (0xb02024f3) csrrs   s1, minstret, zero
core   0: 3 0x0000000080006066 (0xb02024f3) x9  0x0000000000001286
core   0: 0x000000008000606a (0x0000a811) c.j     pc + 20
core   0: 3 0x000000008000606a (0xa811)
core   0: >>>>  mepc_4
core   0: 0x000000008000607e (0x00000791) c.addi  a5, 4
core   0: 3 0x000000008000607e (0x0791) x15 0x0000000080005f5e
core   0: 0x0000000080006080 (0x34179073) csrrw   zero, mepc, a5
core   0: 3 0x0000000080006080 (0x34179073) c833_mepc 0x0000000080005f5e
core   0: 0x0000000080006084 (0x30200073) mret
core   0: 3 0x0000000080006084 (0x30200073) c768_mstatus 0x8000000a00106080
core   0: 0x0000000080005f5e (0x01f5169b) slliw   a3, a0, 31
core   0: 1 0x0000000080005f5e (0x01f5169b) x13 0x0000000000000000
core   0: 0x0000000080005f62 (0xd2170d53) fcvt.d.wu fs10, a4
core   0: 1 0x0000000080005f62 (0xd2170d53) f26 0x4000000000000000
core   0: 0x0000000080005f66 (0x00065a93) srli    s5, a2, 0
core   0: 1 0x0000000080005f66 (0x00065a93) x21 0x0000000000000a00
core   0: 0x0000000080005f6a (0xe513801b) addiw   zero, t2, -431
core   0: 1 0x0000000080005f6a (0xe513801b)
core   0: 0x0000000080005f6e (0x00c34233) xor     tp, t1, a2
core   0: 1 0x0000000080005f6e (0x00c34233) x4  0x00000000fffff665
core   0: 0x0000000080005f72 (0x01c7da3b) srlw    s4, a5, t3
core   0: 1 0x0000000080005f72 (0x01c7da3b) x20 0xffffffff80005f5e
core   0: 0x0000000080005f76 (0x018a4333) xor     t1, s4, s8
core   0: 1 0x0000000080005f76 (0x018a4333) x6  0xffffffff00003f14
core   0: 0x0000000080005f7a (0x43f35c93) srai    s9, t1, 63
core   0: 1 0x0000000080005f7a (0x43f35c93) x25 0xffffffffffffffff
core   0: 0x0000000080005f7e (0x01c298bb) sllw    a7, t0, t3
core   0: 1 0x0000000080005f7e (0x01c298bb) x17 0x0000000000000000
core   0: 0x0000000080005f82 (0x0017171b) slliw   a4, a4, 1
core   0: 1 0x0000000080005f82 (0x0017171b) x14 0x0000000000000004
core   0: 0x0000000080005f86 (0x239d2853) fsgnjx.d fa6, fs10, fs9
core   0: 1 0x0000000080005f86 (0x239d2853) f16 0x4000000000000000
core   0: 0x0000000080005f8a (0x40e35333) sra     t1, t1, a4
core   0: 1 0x0000000080005f8a (0x40e35333) x6  0xfffffffff00003f1
core   0: 0x0000000080005f8e (0x21a3e913) ori     s2, t2, 538
core   0: 1 0x0000000080005f8e (0x21a3e913) x18 0x000000000000021a
core   0: 0x0000000080005f92 (0x03312d33) mulhsu  s10, sp, s3
core   0: 1 0x0000000080005f92 (0x03312d33) x26 0x0000000000000000
core   0: 0x0000000080005f96 (0xa3708653) fle.d   a2, ft1, fs7
core   0: 1 0x0000000080005f96 (0xa3708653) c1_fflags 0x0000000000000012 x12 0x0000000000000000
core   0: 0x0000000080005f9a (0xc026b1f3) csrrc   gp, instret, a3
core   0: exception trap_illegal_instruction, epc 0x0000000080005f9a
core   0:           tval 0x00000000c026b1f3
core   0: >>>>  $xrv64i2p1_m2p0_a2p1_f2p2_d2p2_zicsr2p0_zifencei2p0_zmmul1p0_zba1p0_zbb1p0_zbc1p0_zbs1p0
core   0: 0x0000000080004000 (0x0080006f) j       pc + 0x8
core   0: 3 0x0000000080004000 (0x0080006f)
core   0: >>>>  mmode_exception_handler
core   0: 0x0000000080004008 (0x00002c17) auipc   s8, 0x2
core   0: 3 0x0000000080004008 (0x00002c17) x24 0x0000000080006008
core   0: 0x000000008000400c (0x042c0c13) addi    s8, s8, 66
core   0: 3 0x000000008000400c (0x042c0c13) x24 0x000000008000604a
core   0: 0x0000000080004010 (0x000c00e7) jalr    s8
core   0: 3 0x0000000080004010 (0x000c00e7) x1  0x0000000080004014
core   0: >>>>  any_handler
core   0: 0x000000008000604a (0x341027f3) csrrs   a5, mepc, zero
core   0: 3 0x000000008000604a (0x341027f3) x15 0x0000000080005f9a
core   0: 0x000000008000604e (0x34202773) csrrs   a4, mcause, zero
core   0: 3 0x000000008000604e (0x34202773) x14 0x0000000000000002
core   0: 0x0000000080006052 (0x142026f3) csrrs   a3, scause, zero
core   0: 3 0x0000000080006052 (0x142026f3) x13 0x000000000000000a
core   0: 0x0000000080006056 (0x30402673) csrrs   a2, mie, zero
core   0: 3 0x0000000080006056 (0x30402673) x12 0x0000000000000a00
core   0: 0x000000008000605a (0x344025f3) csrrs   a1, mip, zero
core   0: 3 0x000000008000605a (0x344025f3) x11 0x0000000000000080
core   0: 0x000000008000605e (0x343025f3) csrrs   a1, mtval, zero
core   0: 3 0x000000008000605e (0x343025f3) x11 0x00000000c026b1f3
core   0: 0x0000000080006062 (0x14302573) csrrs   a0, stval, zero
core   0: 3 0x0000000080006062 (0x14302573) x10 0x0000000000000000
core   0: 0x0000000080006066 (0xb02024f3) csrrs   s1, minstret, zero
core   0: 3 0x0000000080006066 (0xb02024f3) x9  0x00000000000012a5
core   0: 0x000000008000606a (0x0000a811) c.j     pc + 20
core   0: 3 0x000000008000606a (0xa811)
core   0: >>>>  mepc_4
core   0: 0x000000008000607e (0x00000791) c.addi  a5, 4
core   0: 3 0x000000008000607e (0x0791) x15 0x0000000080005f9e
core   0: 0x0000000080006080 (0x34179073) csrrw   zero, mepc, a5
core   0: 3 0x0000000080006080 (0x34179073) c833_mepc 0x0000000080005f9e
core   0: 0x0000000080006084 (0x30200073) mret
core   0: 3 0x0000000080006084 (0x30200073) c768_mstatus 0x8000000a00106080
core   0: 0x0000000080005f9e (0x00179773) csrrw   a4, fflags, a5
core   0: 1 0x0000000080005f9e (0x00179773) x14 0x0000000000000012 c1_fflags 0x000000000000001e
core   0: 0x0000000080005fa2 (0x02e7e9bb) remw    s3, a5, a4
core   0: 1 0x0000000080005fa2 (0x02e7e9bb) x19 0xfffffffffffffffc
core   0: 0x0000000080005fa6 (0x0294dcbb) divuw   s9, s1, s1
core   0: 1 0x0000000080005fa6 (0x0294dcbb) x25 0x0000000000000001
core   0: 0x0000000080005faa (0x04158537) lui     a0, 0x4158
core   0: 1 0x0000000080005faa (0x04158537) x10 0x0000000004158000
core   0: 0x0000000080005fae (0x25f5051b) addiw   a0, a0, 607
core   0: 1 0x0000000080005fae (0x25f5051b) x10 0x000000000415825f
core   0: 0x0000000080005fb2 (0x00000532) c.slli  a0, 12
core   0: 1 0x0000000080005fb2 (0x0532) x10 0x000000415825f000
core   0: 0x0000000080005fb4 (0x89a50513) addi    a0, a0, -1894
core   0: 1 0x0000000080005fb4 (0x89a50513) x10 0x000000415825e89a
core   0: 0x0000000080005fb8 (0x013ecb33) xor     s6, t4, s3
core   0: 1 0x0000000080005fb8 (0x013ecb33) x22 0xfffffffffffffffc
core   0: 0x0000000080005fbc (0x40a5513b) sraw    sp, a0, a0
core   0: 1 0x0000000080005fbc (0x40a5513b) x2  0x0000000000000016
core   0: 0x0000000080005fc0 (0x0166ceb3) xor     t4, a3, s6
core   0: 1 0x0000000080005fc0 (0x0166ceb3) x29 0xfffffffffffffff6
core   0: 0x0000000080005fc4 (0x030553b3) divu    t2, a0, a6
core   0: 1 0x0000000080005fc4 (0x030553b3) x7  0x0000000240d52b54
core   0: 0x0000000080005fc8 (0x002c94f3) csrrw   s1, frm, s9
core   0: 1 0x0000000080005fc8 (0x002c94f3) x9  0x0000000000000006 c2_frm 0x0000000000000001
core   0: 0x0000000080005fcc (0x22989153) fsgnjn.d ft2, fa7, fs1
core   0: 1 0x0000000080005fcc (0x22989153) f2  0x8000000000000000
core   0: 0x0000000080005fd0 (0x0394c8bb) divw    a7, s1, s9
core   0: 1 0x0000000080005fd0 (0x0394c8bb) x17 0x0000000000000006
core   0: 0x0000000080005fd4 (0x87738c1b) addiw   s8, t2, -1929
core   0: 1 0x0000000080005fd4 (0x87738c1b) x24 0x0000000040d523cb
core   0: 0x0000000080005fd8 (0xd2108053) fcvt.d.wu ft0, ra
core   0: 1 0x0000000080005fd8 (0xd2108053) f0  0x41e0000802800000
core   0: 0x0000000080005fdc (0x22842553) fsgnjx.d fa0, fs0, fs0
core   0: 1 0x0000000080005fdc (0x22842553) f10 0x407cf00000000000
core   0: 0x0000000080005fe0 (0x00c8d533) srl     a0, a7, a2
core   0: 1 0x0000000080005fe0 (0x00c8d533) x10 0x0000000000000006
core   0: 0x0000000080005fe4 (0x00281a73) csrrw   s4, frm, a6
core   0: 1 0x0000000080005fe4 (0x00281a73) x20 0x0000000000000001 c2_frm 0x0000000000000005
core   0: 0x0000000080005fe8 (0x230e8f53) fsgnj.d ft10, ft9, fa6
core   0: 1 0x0000000080005fe8 (0x230e8f53) f30 0x7fffffff00000000
core   0: 0x0000000080005fec (0x023f7e53) fadd.d  ft8, ft10, ft3
core   0: exception trap_illegal_instruction, epc 0x0000000080005fec
core   0:           tval 0x00000000023f7e53
core   0: >>>>  $xrv64i2p1_m2p0_a2p1_f2p2_d2p2_zicsr2p0_zifencei2p0_zmmul1p0_zba1p0_zbb1p0_zbc1p0_zbs1p0
core   0: 0x0000000080004000 (0x0080006f) j       pc + 0x8
core   0: 3 0x0000000080004000 (0x0080006f)
core   0: >>>>  mmode_exception_handler
core   0: 0x0000000080004008 (0x00002c17) auipc   s8, 0x2
core   0: 3 0x0000000080004008 (0x00002c17) x24 0x0000000080006008
core   0: 0x000000008000400c (0x042c0c13) addi    s8, s8, 66
core   0: 3 0x000000008000400c (0x042c0c13) x24 0x000000008000604a
core   0: 0x0000000080004010 (0x000c00e7) jalr    s8
core   0: 3 0x0000000080004010 (0x000c00e7) x1  0x0000000080004014
core   0: >>>>  any_handler
core   0: 0x000000008000604a (0x341027f3) csrrs   a5, mepc, zero
core   0: 3 0x000000008000604a (0x341027f3) x15 0x0000000080005fec
core   0: 0x000000008000604e (0x34202773) csrrs   a4, mcause, zero
core   0: 3 0x000000008000604e (0x34202773) x14 0x0000000000000002
core   0: 0x0000000080006052 (0x142026f3) csrrs   a3, scause, zero
core   0: 3 0x0000000080006052 (0x142026f3) x13 0x000000000000000a
core   0: 0x0000000080006056 (0x30402673) csrrs   a2, mie, zero
core   0: 3 0x0000000080006056 (0x30402673) x12 0x0000000000000a00
core   0: 0x000000008000605a (0x344025f3) csrrs   a1, mip, zero
core   0: 3 0x000000008000605a (0x344025f3) x11 0x0000000000000080
core   0: 0x000000008000605e (0x343025f3) csrrs   a1, mtval, zero
core   0: 3 0x000000008000605e (0x343025f3) x11 0x00000000023f7e53
core   0: 0x0000000080006062 (0x14302573) csrrs   a0, stval, zero
core   0: 3 0x0000000080006062 (0x14302573) x10 0x0000000000000000
core   0: 0x0000000080006066 (0xb02024f3) csrrs   s1, minstret, zero
core   0: 3 0x0000000080006066 (0xb02024f3) x9  0x00000000000012c9
core   0: 0x000000008000606a (0x0000a811) c.j     pc + 20
core   0: 3 0x000000008000606a (0xa811)
core   0: >>>>  mepc_4
core   0: 0x000000008000607e (0x00000791) c.addi  a5, 4
core   0: 3 0x000000008000607e (0x0791) x15 0x0000000080005ff0
core   0: 0x0000000080006080 (0x34179073) csrrw   zero, mepc, a5
core   0: 3 0x0000000080006080 (0x34179073) c833_mepc 0x0000000080005ff0
core   0: 0x0000000080006084 (0x30200073) mret
core   0: 3 0x0000000080006084 (0x30200073) c768_mstatus 0x8000000a00106080
core   0: 0x0000000080005ff0 (0x01092333) slt     t1, s2, a6
core   0: 1 0x0000000080005ff0 (0x01092333) x6  0x0000000000000000
core   0: 0x0000000080005ff4 (0x02630db3) mul     s11, t1, t1
core   0: 1 0x0000000080005ff4 (0x02630db3) x27 0x0000000000000000
core   0: 0x0000000080005ff8 (0x030e45bb) divw    a1, t3, a6
core   0: 1 0x0000000080005ff8 (0x030e45bb) x11 0x0000000001b76c23
core   0: 0x0000000080005ffc (0xc2007853) fcvt.w.d a6, ft0
core   0: exception trap_illegal_instruction, epc 0x0000000080005ffc
core   0:           tval 0x00000000c2007853
core   0: >>>>  $xrv64i2p1_m2p0_a2p1_f2p2_d2p2_zicsr2p0_zifencei2p0_zmmul1p0_zba1p0_zbb1p0_zbc1p0_zbs1p0
core   0: 0x0000000080004000 (0x0080006f) j       pc + 0x8
core   0: 3 0x0000000080004000 (0x0080006f)
core   0: >>>>  mmode_exception_handler
core   0: 0x0000000080004008 (0x00002c17) auipc   s8, 0x2
core   0: 3 0x0000000080004008 (0x00002c17) x24 0x0000000080006008
core   0: 0x000000008000400c (0x042c0c13) addi    s8, s8, 66
core   0: 3 0x000000008000400c (0x042c0c13) x24 0x000000008000604a
core   0: 0x0000000080004010 (0x000c00e7) jalr    s8
core   0: 3 0x0000000080004010 (0x000c00e7) x1  0x0000000080004014
core   0: >>>>  any_handler
core   0: 0x000000008000604a (0x341027f3) csrrs   a5, mepc, zero
core   0: 3 0x000000008000604a (0x341027f3) x15 0x0000000080005ffc
core   0: 0x000000008000604e (0x34202773) csrrs   a4, mcause, zero
core   0: 3 0x000000008000604e (0x34202773) x14 0x0000000000000002
core   0: 0x0000000080006052 (0x142026f3) csrrs   a3, scause, zero
core   0: 3 0x0000000080006052 (0x142026f3) x13 0x000000000000000a
core   0: 0x0000000080006056 (0x30402673) csrrs   a2, mie, zero
core   0: 3 0x0000000080006056 (0x30402673) x12 0x0000000000000a00
core   0: 0x000000008000605a (0x344025f3) csrrs   a1, mip, zero
core   0: 3 0x000000008000605a (0x344025f3) x11 0x0000000000000080
core   0: 0x000000008000605e (0x343025f3) csrrs   a1, mtval, zero
core   0: 3 0x000000008000605e (0x343025f3) x11 0x00000000c2007853
core   0: 0x0000000080006062 (0x14302573) csrrs   a0, stval, zero
core   0: 3 0x0000000080006062 (0x14302573) x10 0x0000000000000000
core   0: 0x0000000080006066 (0xb02024f3) csrrs   s1, minstret, zero
core   0: 3 0x0000000080006066 (0xb02024f3) x9  0x00000000000012dc
core   0: 0x000000008000606a (0x0000a811) c.j     pc + 20
core   0: 3 0x000000008000606a (0xa811)
core   0: >>>>  mepc_4
core   0: 0x000000008000607e (0x00000791) c.addi  a5, 4
core   0: 3 0x000000008000607e (0x0791) x15 0x0000000080006000
core   0: 0x0000000080006080 (0x34179073) csrrw   zero, mepc, a5
core   0: 3 0x0000000080006080 (0x34179073) c833_mepc 0x0000000080006000
core   0: 0x0000000080006084 (0x30200073) mret
core   0: 3 0x0000000080006084 (0x30200073) c768_mstatus 0x8000000a00106080
core   0: 0x0000000080006000 (0x005298b3) sll     a7, t0, t0
core   0: 1 0x0000000080006000 (0x005298b3) x17 0x0000000000000000
core   0: 0x0000000080006004 (0xb872859b) addiw   a1, t0, -1145
core   0: 1 0x0000000080006004 (0xb872859b) x11 0xfffffffffffffb87
core   0: 0x0000000080006008 (0x03b779b3) remu    s3, a4, s11
core   0: 1 0x0000000080006008 (0x03b779b3) x19 0x0000000000000002
core   0: 0x000000008000600c (0x00811a1b) slliw   s4, sp, 8
core   0: 1 0x000000008000600c (0x00811a1b) x20 0x0000000000001600
core   0: 0x0000000080006010 (0x0ff0000f) fence   iorw,iorw
core   0: 1 0x0000000080006010 (0x0ff0000f)
core   0: 0x0000000080006014 (0xd03a75d3) fcvt.s.lu fa1, s4
core   0: exception trap_illegal_instruction, epc 0x0000000080006014
core   0:           tval 0x00000000d03a75d3
core   0: >>>>  $xrv64i2p1_m2p0_a2p1_f2p2_d2p2_zicsr2p0_zifencei2p0_zmmul1p0_zba1p0_zbb1p0_zbc1p0_zbs1p0
core   0: 0x0000000080004000 (0x0080006f) j       pc + 0x8
core   0: 3 0x0000000080004000 (0x0080006f)
core   0: >>>>  mmode_exception_handler
core   0: 0x0000000080004008 (0x00002c17) auipc   s8, 0x2
core   0: 3 0x0000000080004008 (0x00002c17) x24 0x0000000080006008
core   0: 0x000000008000400c (0x042c0c13) addi    s8, s8, 66
core   0: 3 0x000000008000400c (0x042c0c13) x24 0x000000008000604a
core   0: 0x0000000080004010 (0x000c00e7) jalr    s8
core   0: 3 0x0000000080004010 (0x000c00e7) x1  0x0000000080004014
core   0: >>>>  any_handler
core   0: 0x000000008000604a (0x341027f3) csrrs   a5, mepc, zero
core   0: 3 0x000000008000604a (0x341027f3) x15 0x0000000080006014
core   0: 0x000000008000604e (0x34202773) csrrs   a4, mcause, zero
core   0: 3 0x000000008000604e (0x34202773) x14 0x0000000000000002
core   0: 0x0000000080006052 (0x142026f3) csrrs   a3, scause, zero
core   0: 3 0x0000000080006052 (0x142026f3) x13 0x000000000000000a
core   0: 0x0000000080006056 (0x30402673) csrrs   a2, mie, zero
core   0: 3 0x0000000080006056 (0x30402673) x12 0x0000000000000a00
core   0: 0x000000008000605a (0x344025f3) csrrs   a1, mip, zero
core   0: 3 0x000000008000605a (0x344025f3) x11 0x0000000000000080
core   0: 0x000000008000605e (0x343025f3) csrrs   a1, mtval, zero
core   0: 3 0x000000008000605e (0x343025f3) x11 0x00000000d03a75d3
core   0: 0x0000000080006062 (0x14302573) csrrs   a0, stval, zero
core   0: 3 0x0000000080006062 (0x14302573) x10 0x0000000000000000
core   0: 0x0000000080006066 (0xb02024f3) csrrs   s1, minstret, zero
core   0: 3 0x0000000080006066 (0xb02024f3) x9  0x00000000000012f1
core   0: 0x000000008000606a (0x0000a811) c.j     pc + 20
core   0: 3 0x000000008000606a (0xa811)
core   0: >>>>  mepc_4
core   0: 0x000000008000607e (0x00000791) c.addi  a5, 4
core   0: 3 0x000000008000607e (0x0791) x15 0x0000000080006018
core   0: 0x0000000080006080 (0x34179073) csrrw   zero, mepc, a5
core   0: 3 0x0000000080006080 (0x34179073) c833_mepc 0x0000000080006018
core   0: 0x0000000080006084 (0x30200073) mret
core   0: 3 0x0000000080006084 (0x30200073) c768_mstatus 0x8000000a00106080
core   0: 0x0000000080006018 (0x400cdb1b) sraiw   s6, s9, 0
core   0: 1 0x0000000080006018 (0x400cdb1b) x22 0x0000000000000001
core   0: 0x000000008000601c (0x0145161b) slliw   a2, a0, 20
core   0: 1 0x000000008000601c (0x0145161b) x12 0x0000000000000000
core   0: 0x0000000080006020 (0x0399ea3b) remw    s4, s3, s9
core   0: 1 0x0000000080006020 (0x0399ea3b) x20 0x0000000000000000
core   0: 0x0000000080006024 (0x016c1c9b) slliw   s9, s8, 22
core   0: 1 0x0000000080006024 (0x016c1c9b) x25 0x0000000012800000
core   0: 0x0000000080006028 (0x03fb1993) slli    s3, s6, 63
core   0: 1 0x0000000080006028 (0x03fb1993) x19 0x8000000000000000
core   0: 0x000000008000602c (0xc06126f3) csrrs   a3, hpmcounter6, sp
core   0: exception trap_illegal_instruction, epc 0x000000008000602c
core   0:           tval 0x00000000c06126f3
core   0: >>>>  $xrv64i2p1_m2p0_a2p1_f2p2_d2p2_zicsr2p0_zifencei2p0_zmmul1p0_zba1p0_zbb1p0_zbc1p0_zbs1p0
core   0: 0x0000000080004000 (0x0080006f) j       pc + 0x8
core   0: 3 0x0000000080004000 (0x0080006f)
core   0: >>>>  mmode_exception_handler
core   0: 0x0000000080004008 (0x00002c17) auipc   s8, 0x2
core   0: 3 0x0000000080004008 (0x00002c17) x24 0x0000000080006008
core   0: 0x000000008000400c (0x042c0c13) addi    s8, s8, 66
core   0: 3 0x000000008000400c (0x042c0c13) x24 0x000000008000604a
core   0: 0x0000000080004010 (0x000c00e7) jalr    s8
core   0: 3 0x0000000080004010 (0x000c00e7) x1  0x0000000080004014
core   0: >>>>  any_handler
core   0: 0x000000008000604a (0x341027f3) csrrs   a5, mepc, zero
core   0: 3 0x000000008000604a (0x341027f3) x15 0x000000008000602c
core   0: 0x000000008000604e (0x34202773) csrrs   a4, mcause, zero
core   0: 3 0x000000008000604e (0x34202773) x14 0x0000000000000002
core   0: 0x0000000080006052 (0x142026f3) csrrs   a3, scause, zero
core   0: 3 0x0000000080006052 (0x142026f3) x13 0x000000000000000a
core   0: 0x0000000080006056 (0x30402673) csrrs   a2, mie, zero
core   0: 3 0x0000000080006056 (0x30402673) x12 0x0000000000000a00
core   0: 0x000000008000605a (0x344025f3) csrrs   a1, mip, zero
core   0: 3 0x000000008000605a (0x344025f3) x11 0x0000000000000080
core   0: 0x000000008000605e (0x343025f3) csrrs   a1, mtval, zero
core   0: 3 0x000000008000605e (0x343025f3) x11 0x00000000c06126f3
core   0: 0x0000000080006062 (0x14302573) csrrs   a0, stval, zero
core   0: 3 0x0000000080006062 (0x14302573) x10 0x0000000000000000
core   0: 0x0000000080006066 (0xb02024f3) csrrs   s1, minstret, zero
core   0: 3 0x0000000080006066 (0xb02024f3) x9  0x0000000000001306
core   0: 0x000000008000606a (0x0000a811) c.j     pc + 20
core   0: 3 0x000000008000606a (0xa811)
core   0: >>>>  mepc_4
core   0: 0x000000008000607e (0x00000791) c.addi  a5, 4
core   0: 3 0x000000008000607e (0x0791) x15 0x0000000080006030
core   0: 0x0000000080006080 (0x34179073) csrrw   zero, mepc, a5
core   0: 3 0x0000000080006080 (0x34179073) c833_mepc 0x0000000080006030
core   0: 0x0000000080006084 (0x30200073) mret
core   0: 3 0x0000000080006084 (0x30200073) c768_mstatus 0x8000000a00106080
core   0: 0x0000000080006030 (0x40095593) srai    a1, s2, 0
core   0: 1 0x0000000080006030 (0x40095593) x11 0x000000000000021a
core   0: 0x0000000080006034 (0x1aeefed3) fdiv.d  ft9, ft9, fa4
core   0: exception trap_illegal_instruction, epc 0x0000000080006034
core   0:           tval 0x000000001aeefed3
core   0: >>>>  $xrv64i2p1_m2p0_a2p1_f2p2_d2p2_zicsr2p0_zifencei2p0_zmmul1p0_zba1p0_zbb1p0_zbc1p0_zbs1p0
core   0: 0x0000000080004000 (0x0080006f) j       pc + 0x8
core   0: 3 0x0000000080004000 (0x0080006f)
core   0: >>>>  mmode_exception_handler
core   0: 0x0000000080004008 (0x00002c17) auipc   s8, 0x2
core   0: 3 0x0000000080004008 (0x00002c17) x24 0x0000000080006008
core   0: 0x000000008000400c (0x042c0c13) addi    s8, s8, 66
core   0: 3 0x000000008000400c (0x042c0c13) x24 0x000000008000604a
core   0: 0x0000000080004010 (0x000c00e7) jalr    s8
core   0: 3 0x0000000080004010 (0x000c00e7) x1  0x0000000080004014
core   0: >>>>  any_handler
core   0: 0x000000008000604a (0x341027f3) csrrs   a5, mepc, zero
core   0: 3 0x000000008000604a (0x341027f3) x15 0x0000000080006034
core   0: 0x000000008000604e (0x34202773) csrrs   a4, mcause, zero
core   0: 3 0x000000008000604e (0x34202773) x14 0x0000000000000002
core   0: 0x0000000080006052 (0x142026f3) csrrs   a3, scause, zero
core   0: 3 0x0000000080006052 (0x142026f3) x13 0x000000000000000a
core   0: 0x0000000080006056 (0x30402673) csrrs   a2, mie, zero
core   0: 3 0x0000000080006056 (0x30402673) x12 0x0000000000000a00
core   0: 0x000000008000605a (0x344025f3) csrrs   a1, mip, zero
core   0: 3 0x000000008000605a (0x344025f3) x11 0x0000000000000080
core   0: 0x000000008000605e (0x343025f3) csrrs   a1, mtval, zero
core   0: 3 0x000000008000605e (0x343025f3) x11 0x000000001aeefed3
core   0: 0x0000000080006062 (0x14302573) csrrs   a0, stval, zero
core   0: 3 0x0000000080006062 (0x14302573) x10 0x0000000000000000
core   0: 0x0000000080006066 (0xb02024f3) csrrs   s1, minstret, zero
core   0: 3 0x0000000080006066 (0xb02024f3) x9  0x0000000000001317
core   0: 0x000000008000606a (0x0000a811) c.j     pc + 20
core   0: 3 0x000000008000606a (0xa811)
core   0: >>>>  mepc_4
core   0: 0x000000008000607e (0x00000791) c.addi  a5, 4
core   0: 3 0x000000008000607e (0x0791) x15 0x0000000080006038
core   0: 0x0000000080006080 (0x34179073) csrrw   zero, mepc, a5
core   0: 3 0x0000000080006080 (0x34179073) c833_mepc 0x0000000080006038
core   0: 0x0000000080006084 (0x30200073) mret
core   0: 3 0x0000000080006084 (0x30200073) c768_mstatus 0x8000000a00106080
core   0: 0x0000000080006038 (0xe45d6213) ori     tp, s10, -443
core   0: 1 0x0000000080006038 (0xe45d6213) x4  0xfffffffffffffe45
core   0: 0x000000008000603c (0x00071013) slli    zero, a4, 0
core   0: 1 0x000000008000603c (0x00071013)
core   0: 0x0000000080006040 (0x03ab8bb3) mul     s7, s7, s10
core   0: 1 0x0000000080006040 (0x03ab8bb3) x23 0x0000000000000000
core   0: >>>>  write_tohost
core   0: 0x0000000080006044 (0x9a0fa0ef) jal     pc - 0x5e60
core   0: 1 0x0000000080006044 (0x9a0fa0ef) x1  0x0000000080006048
core   0: >>>>  _exit
core   0: 0x00000000800001e4 (0x00004505) c.li    a0, 1
core   0: 1 0x00000000800001e4 (0x4505) x10 0x0000000000000001
core   0: 0x00000000800001e6 (0x00001f17) auipc   t5, 0x1
core   0: 1 0x00000000800001e6 (0x00001f17) x30 0x00000000800011e6
core   0: 0x00000000800001ea (0xe0af2d23) sw      a0, -486(t5)
core   0: 1 0x00000000800001ea (0xe0af2d23) mem 0x0000000080001000 0x00000001
cp /home/server/RISCV/cva6/verif/sim/out/seed_223/spike_sim/new_seeds_223_.cv64a6_imafdc_sv39.log.iss /home/server/RISCV/cva6/verif/sim/out/seed_223/spike_sim/new_seeds_223_.cv64a6_imafdc_sv39.log
