Makefile:14: must set CVA6_REPO_DIR to point at the root of CVA6 sources and CVA6_TB_DIR to point here -- doing it for you...
LD_LIBRARY_PATH="$(realpath ../../tools/spike/lib):$LD_LIBRARY_PATH" \
	/home/server/RISCV/cva6/tools/spike/bin/spike --steps=2000000  --log-commits --isa=rv64gc_zba_zbb_zbs_zbc_zicsr_zifencei --priv=msu -l /home/server/RISCV/cva6/verif/sim/out/seed_1682/directed_asm_tests/new_seeds_1682_.o
[SPIKE] Max simulation steps: 2000000
[SPIKE] Proc 0 | ISA: rv64gc_zba_zbb_zbs_zbc_zicsr_zifencei PRIV: msu
[SPIKE] Initializing memories...
core   0: 0x0000000000010000 (0x00100413) li      s0, 1
core   0: 3 0x0000000000010000 (0x00100413) x8  0x0000000000000001
core   0: 0x0000000000010004 (0x01f41413) slli    s0, s0, 31
core   0: 3 0x0000000000010004 (0x01f41413) x8  0x0000000080000000
core   0: 0x0000000000010008 (0xf1402573) csrrs   a0, mhartid, zero
core   0: 3 0x0000000000010008 (0xf1402573) x10 0x0000000000000000
core   0: 0x000000000001000c (0x00000597) auipc   a1, 0x0
core   0: 3 0x000000000001000c (0x00000597) x11 0x000000000001000c
core   0: 0x0000000000010010 (0x07458593) addi    a1, a1, 116
core   0: 3 0x0000000000010010 (0x07458593) x11 0x0000000000010080
core   0: 0x0000000000010014 (0x00040067) jr      s0
core   0: 3 0x0000000000010014 (0x00040067)
core   0: >>>>  _start
core   0: 0x0000000080000000 (0x00004081) c.li    ra, 0
core   0: 3 0x0000000080000000 (0x4081) x1  0x0000000000000000
core   0: 0x0000000080000002 (0x00004101) c.li    sp, 0
core   0: 3 0x0000000080000002 (0x4101) x2  0x0000000000000000
core   0: 0x0000000080000004 (0x00004181) c.li    gp, 0
core   0: 3 0x0000000080000004 (0x4181) x3  0x0000000000000000
core   0: 0x0000000080000006 (0x00004201) c.li    tp, 0
core   0: 3 0x0000000080000006 (0x4201) x4  0x0000000000000000
core   0: 0x0000000080000008 (0x00004281) c.li    t0, 0
core   0: 3 0x0000000080000008 (0x4281) x5  0x0000000000000000
core   0: 0x000000008000000a (0x00004301) c.li    t1, 0
core   0: 3 0x000000008000000a (0x4301) x6  0x0000000000000000
core   0: 0x000000008000000c (0x00004381) c.li    t2, 0
core   0: 3 0x000000008000000c (0x4381) x7  0x0000000000000000
core   0: 0x000000008000000e (0x00004401) c.li    s0, 0
core   0: 3 0x000000008000000e (0x4401) x8  0x0000000000000000
core   0: 0x0000000080000010 (0x00004481) c.li    s1, 0
core   0: 3 0x0000000080000010 (0x4481) x9  0x0000000000000000
core   0: 0x0000000080000012 (0x00004501) c.li    a0, 0
core   0: 3 0x0000000080000012 (0x4501) x10 0x0000000000000000
core   0: 0x0000000080000014 (0x00004581) c.li    a1, 0
core   0: 3 0x0000000080000014 (0x4581) x11 0x0000000000000000
core   0: 0x0000000080000016 (0x00004601) c.li    a2, 0
core   0: 3 0x0000000080000016 (0x4601) x12 0x0000000000000000
core   0: 0x0000000080000018 (0x00004681) c.li    a3, 0
core   0: 3 0x0000000080000018 (0x4681) x13 0x0000000000000000
core   0: 0x000000008000001a (0x00004701) c.li    a4, 0
core   0: 3 0x000000008000001a (0x4701) x14 0x0000000000000000
core   0: 0x000000008000001c (0x00004781) c.li    a5, 0
core   0: 3 0x000000008000001c (0x4781) x15 0x0000000000000000
core   0: 0x000000008000001e (0x00004801) c.li    a6, 0
core   0: 3 0x000000008000001e (0x4801) x16 0x0000000000000000
core   0: 0x0000000080000020 (0x00004881) c.li    a7, 0
core   0: 3 0x0000000080000020 (0x4881) x17 0x0000000000000000
core   0: 0x0000000080000022 (0x00004901) c.li    s2, 0
core   0: 3 0x0000000080000022 (0x4901) x18 0x0000000000000000
core   0: 0x0000000080000024 (0x00004981) c.li    s3, 0
core   0: 3 0x0000000080000024 (0x4981) x19 0x0000000000000000
core   0: 0x0000000080000026 (0x00004a01) c.li    s4, 0
core   0: 3 0x0000000080000026 (0x4a01) x20 0x0000000000000000
core   0: 0x0000000080000028 (0x00004a81) c.li    s5, 0
core   0: 3 0x0000000080000028 (0x4a81) x21 0x0000000000000000
core   0: 0x000000008000002a (0x00004b01) c.li    s6, 0
core   0: 3 0x000000008000002a (0x4b01) x22 0x0000000000000000
core   0: 0x000000008000002c (0x00004b81) c.li    s7, 0
core   0: 3 0x000000008000002c (0x4b81) x23 0x0000000000000000
core   0: 0x000000008000002e (0x00004c01) c.li    s8, 0
core   0: 3 0x000000008000002e (0x4c01) x24 0x0000000000000000
core   0: 0x0000000080000030 (0x00004c81) c.li    s9, 0
core   0: 3 0x0000000080000030 (0x4c81) x25 0x0000000000000000
core   0: 0x0000000080000032 (0x00004d01) c.li    s10, 0
core   0: 3 0x0000000080000032 (0x4d01) x26 0x0000000000000000
core   0: 0x0000000080000034 (0x00004d81) c.li    s11, 0
core   0: 3 0x0000000080000034 (0x4d81) x27 0x0000000000000000
core   0: 0x0000000080000036 (0x00004e01) c.li    t3, 0
core   0: 3 0x0000000080000036 (0x4e01) x28 0x0000000000000000
core   0: 0x0000000080000038 (0x00004e81) c.li    t4, 0
core   0: 3 0x0000000080000038 (0x4e81) x29 0x0000000000000000
core   0: 0x000000008000003a (0x00004f01) c.li    t5, 0
core   0: 3 0x000000008000003a (0x4f01) x30 0x0000000000000000
core   0: 0x000000008000003c (0x00004f81) c.li    t6, 0
core   0: 3 0x000000008000003c (0x4f81) x31 0x0000000000000000
core   0: 0x000000008000003e (0x000062f9) c.lui   t0, 0x1e
core   0: 3 0x000000008000003e (0x62f9) x5  0x000000000001e000
core   0: 0x0000000080000040 (0x3002a073) csrrs   zero, mstatus, t0
core   0: 3 0x0000000080000040 (0x3002a073) c768_mstatus 0x8000000a00006000
core   0: 0x0000000080000044 (0x00004285) c.li    t0, 1
core   0: 3 0x0000000080000044 (0x4285) x5  0x0000000000000001
core   0: 0x0000000080000046 (0x000002fe) c.slli  t0, 31
core   0: 3 0x0000000080000046 (0x02fe) x5  0x0000000080000000
core   0: 0x0000000080000048 (0x0002d863) bge     t0, zero, pc + 16
core   0: 3 0x0000000080000048 (0x0002d863)
core   0: 0x0000000080000058 (0x00000297) auipc   t0, 0x0
core   0: 3 0x0000000080000058 (0x00000297) x5  0x0000000080000058
core   0: 0x000000008000005c (0x09028293) addi    t0, t0, 144
core   0: 3 0x000000008000005c (0x09028293) x5  0x00000000800000e8
core   0: 0x0000000080000060 (0x30529073) csrrw   zero, mtvec, t0
core   0: 3 0x0000000080000060 (0x30529073) c773_mtvec 0x00000000800000e8
core   0: 0x0000000080000064 (0x00301073) csrrw   zero, fcsr, zero
core   0: 3 0x0000000080000064 (0x00301073) c1_fflags 0x0000000000000000 c2_frm 0x0000000000000000
core   0: 0x0000000080000068 (0xf0000053) fmv.w.x ft0, zero
core   0: 3 0x0000000080000068 (0xf0000053) f0  0xffffffff00000000
core   0: 0x000000008000006c (0xf00000d3) fmv.w.x ft1, zero
core   0: 3 0x000000008000006c (0xf00000d3) f1  0xffffffff00000000
core   0: 0x0000000080000070 (0xf0000153) fmv.w.x ft2, zero
core   0: 3 0x0000000080000070 (0xf0000153) f2  0xffffffff00000000
core   0: 0x0000000080000074 (0xf00001d3) fmv.w.x ft3, zero
core   0: 3 0x0000000080000074 (0xf00001d3) f3  0xffffffff00000000
core   0: 0x0000000080000078 (0xf0000253) fmv.w.x ft4, zero
core   0: 3 0x0000000080000078 (0xf0000253) f4  0xffffffff00000000
core   0: 0x000000008000007c (0xf00002d3) fmv.w.x ft5, zero
core   0: 3 0x000000008000007c (0xf00002d3) f5  0xffffffff00000000
core   0: 0x0000000080000080 (0xf0000353) fmv.w.x ft6, zero
core   0: 3 0x0000000080000080 (0xf0000353) f6  0xffffffff00000000
core   0: 0x0000000080000084 (0xf00003d3) fmv.w.x ft7, zero
core   0: 3 0x0000000080000084 (0xf00003d3) f7  0xffffffff00000000
core   0: 0x0000000080000088 (0xf0000453) fmv.w.x fs0, zero
core   0: 3 0x0000000080000088 (0xf0000453) f8  0xffffffff00000000
core   0: 0x000000008000008c (0xf00004d3) fmv.w.x fs1, zero
core   0: 3 0x000000008000008c (0xf00004d3) f9  0xffffffff00000000
core   0: 0x0000000080000090 (0xf0000553) fmv.w.x fa0, zero
core   0: 3 0x0000000080000090 (0xf0000553) f10 0xffffffff00000000
core   0: 0x0000000080000094 (0xf00005d3) fmv.w.x fa1, zero
core   0: 3 0x0000000080000094 (0xf00005d3) f11 0xffffffff00000000
core   0: 0x0000000080000098 (0xf0000653) fmv.w.x fa2, zero
core   0: 3 0x0000000080000098 (0xf0000653) f12 0xffffffff00000000
core   0: 0x000000008000009c (0xf00006d3) fmv.w.x fa3, zero
core   0: 3 0x000000008000009c (0xf00006d3) f13 0xffffffff00000000
core   0: 0x00000000800000a0 (0xf0000753) fmv.w.x fa4, zero
core   0: 3 0x00000000800000a0 (0xf0000753) f14 0xffffffff00000000
core   0: 0x00000000800000a4 (0xf00007d3) fmv.w.x fa5, zero
core   0: 3 0x00000000800000a4 (0xf00007d3) f15 0xffffffff00000000
core   0: 0x00000000800000a8 (0xf0000853) fmv.w.x fa6, zero
core   0: 3 0x00000000800000a8 (0xf0000853) f16 0xffffffff00000000
core   0: 0x00000000800000ac (0xf00008d3) fmv.w.x fa7, zero
core   0: 3 0x00000000800000ac (0xf00008d3) f17 0xffffffff00000000
core   0: 0x00000000800000b0 (0xf0000953) fmv.w.x fs2, zero
core   0: 3 0x00000000800000b0 (0xf0000953) f18 0xffffffff00000000
core   0: 0x00000000800000b4 (0xf00009d3) fmv.w.x fs3, zero
core   0: 3 0x00000000800000b4 (0xf00009d3) f19 0xffffffff00000000
core   0: 0x00000000800000b8 (0xf0000a53) fmv.w.x fs4, zero
core   0: 3 0x00000000800000b8 (0xf0000a53) f20 0xffffffff00000000
core   0: 0x00000000800000bc (0xf0000ad3) fmv.w.x fs5, zero
core   0: 3 0x00000000800000bc (0xf0000ad3) f21 0xffffffff00000000
core   0: 0x00000000800000c0 (0xf0000b53) fmv.w.x fs6, zero
core   0: 3 0x00000000800000c0 (0xf0000b53) f22 0xffffffff00000000
core   0: 0x00000000800000c4 (0xf0000bd3) fmv.w.x fs7, zero
core   0: 3 0x00000000800000c4 (0xf0000bd3) f23 0xffffffff00000000
core   0: 0x00000000800000c8 (0xf0000c53) fmv.w.x fs8, zero
core   0: 3 0x00000000800000c8 (0xf0000c53) f24 0xffffffff00000000
core   0: 0x00000000800000cc (0xf0000cd3) fmv.w.x fs9, zero
core   0: 3 0x00000000800000cc (0xf0000cd3) f25 0xffffffff00000000
core   0: 0x00000000800000d0 (0xf0000d53) fmv.w.x fs10, zero
core   0: 3 0x00000000800000d0 (0xf0000d53) f26 0xffffffff00000000
core   0: 0x00000000800000d4 (0xf0000dd3) fmv.w.x fs11, zero
core   0: 3 0x00000000800000d4 (0xf0000dd3) f27 0xffffffff00000000
core   0: 0x00000000800000d8 (0xf0000e53) fmv.w.x ft8, zero
core   0: 3 0x00000000800000d8 (0xf0000e53) f28 0xffffffff00000000
core   0: 0x00000000800000dc (0xf0000ed3) fmv.w.x ft9, zero
core   0: 3 0x00000000800000dc (0xf0000ed3) f29 0xffffffff00000000
core   0: 0x00000000800000e0 (0xf0000f53) fmv.w.x ft10, zero
core   0: 3 0x00000000800000e0 (0xf0000f53) f30 0xffffffff00000000
core   0: 0x00000000800000e4 (0xf0000fd3) fmv.w.x ft11, zero
core   0: 3 0x00000000800000e4 (0xf0000fd3) f31 0xffffffff00000000
core   0: 0x00000000800000e8 (0x00000297) auipc   t0, 0x0
core   0: 3 0x00000000800000e8 (0x00000297) x5  0x00000000800000e8
core   0: 0x00000000800000ec (0x03c28293) addi    t0, t0, 60
core   0: 3 0x00000000800000ec (0x03c28293) x5  0x0000000080000124
core   0: 0x00000000800000f0 (0x30529073) csrrw   zero, mtvec, t0
core   0: 3 0x00000000800000f0 (0x30529073) c773_mtvec 0x0000000080000124
core   0: 0x00000000800000f4 (0x00012197) auipc   gp, 0x12
core   0: 3 0x00000000800000f4 (0x00012197) x3  0x00000000800120f4
core   0: 0x00000000800000f8 (0x73418193) addi    gp, gp, 1844
core   0: 3 0x00000000800000f8 (0x73418193) x3  0x0000000080012828
core   0: 0x00000000800000fc (0x00012217) auipc   tp, 0x12
core   0: 3 0x00000000800000fc (0x00012217) x4  0x00000000800120fc
core   0: 0x0000000080000100 (0xf8320213) addi    tp, tp, -125
core   0: 3 0x0000000080000100 (0xf8320213) x4  0x000000008001207f
core   0: 0x0000000080000104 (0xfc027213) andi    tp, tp, -64
core   0: 3 0x0000000080000104 (0xfc027213) x4  0x0000000080012040
core   0: 0x0000000080000108 (0xf1402573) csrrs   a0, mhartid, zero
core   0: 3 0x0000000080000108 (0xf1402573) x10 0x0000000000000000
core   0: 0x000000008000010c (0x00004585) c.li    a1, 1
core   0: 3 0x000000008000010c (0x4585) x11 0x0000000000000001
core   0: 0x000000008000010e (0x00b57063) bgeu    a0, a1, pc + 0
core   0: 3 0x000000008000010e (0x00b57063)
core   0: 0x0000000080000112 (0x00150113) addi    sp, a0, 1
core   0: 3 0x0000000080000112 (0x00150113) x2  0x0000000000000001
core   0: 0x0000000080000116 (0x00000146) c.slli  sp, 17
core   0: 3 0x0000000080000116 (0x0146) x2  0x0000000000020000
core   0: 0x0000000080000118 (0x00009112) c.add   sp, tp
core   0: 3 0x0000000080000118 (0x9112) x2  0x0000000080032040
core   0: 0x000000008000011a (0x01151613) slli    a2, a0, 17
core   0: 3 0x000000008000011a (0x01151613) x12 0x0000000000000000
core   0: 0x000000008000011e (0x00009232) c.add   tp, a2
core   0: 3 0x000000008000011e (0x9232) x4  0x0000000080012040
core   0: 0x0000000080000120 (0x4380f06f) j       pc + 0xf438
core   0: 3 0x0000000080000120 (0x4380f06f)
core   0: >>>>  _init
core   0: 0x000000008000f558 (0x00007171) c.addi16sp sp, -176
core   0: 3 0x000000008000f558 (0x7171) x2  0x0000000080031f90
core   0: 0x000000008000f55a (0x0000f506) c.sdsp  ra, 168(sp)
core   0: 3 0x000000008000f55a (0xf506) mem 0x0000000080032038 0x0000000000000000
core   0: 0x000000008000f55c (0x0000f122) c.sdsp  s0, 160(sp)
core   0: 3 0x000000008000f55c (0xf122) mem 0x0000000080032030 0x0000000000000000
core   0: 0x000000008000f55e (0x0000ed26) c.sdsp  s1, 152(sp)
core   0: 3 0x000000008000f55e (0xed26) mem 0x0000000080032028 0x0000000000000000
core   0: 0x000000008000f560 (0x00001900) c.addi4spn s0, sp, 176
core   0: 3 0x000000008000f560 (0x1900) x8  0x0000000080032040
core   0: 0x000000008000f562 (0x000087aa) c.mv    a5, a0
core   0: 3 0x000000008000f562 (0x87aa) x15 0x0000000000000000
core   0: 0x000000008000f564 (0x0000872e) c.mv    a4, a1
core   0: 3 0x000000008000f564 (0x872e) x14 0x0000000000000001
core   0: 0x000000008000f566 (0xf4f42e23) sw      a5, -164(s0)
core   0: 3 0x000000008000f566 (0xf4f42e23) mem 0x0000000080031f9c 0x00000000
core   0: 0x000000008000f56a (0x000087ba) c.mv    a5, a4
core   0: 3 0x000000008000f56a (0x87ba) x15 0x0000000000000001
core   0: 0x000000008000f56c (0xf4f42c23) sw      a5, -168(s0)
core   0: 3 0x000000008000f56c (0xf4f42c23) mem 0x0000000080031f98 0x00000001
core   0: 0x000000008000f570 (0xfe040793) addi    a5, s0, -32
core   0: 3 0x000000008000f570 (0xfe040793) x15 0x0000000080032020
core   0: 0x000000008000f574 (0xf4f43823) sd      a5, -176(s0)
core   0: 3 0x000000008000f574 (0xf4f43823) mem 0x0000000080031f90 0x0000000080032020
core   0: 0x000000008000f578 (0xf5043783) ld      a5, -176(s0)
core   0: 3 0x000000008000f578 (0xf5043783) x15 0x0000000080032020 mem 0x0000000080031f90
core   0: 0x000000008000f57c (0xf8078793) addi    a5, a5, -128
core   0: 3 0x000000008000f57c (0xf8078793) x15 0x0000000080031fa0
core   0: 0x000000008000f580 (0x03f78793) addi    a5, a5, 63
core   0: 3 0x000000008000f580 (0x03f78793) x15 0x0000000080031fdf
core   0: 0x000000008000f584 (0x00008399) c.srli  a5, 6
core   0: 3 0x000000008000f584 (0x8399) x15 0x0000000002000c7f
core   0: 0x000000008000f586 (0x00679493) slli    s1, a5, 6
core   0: 3 0x000000008000f586 (0x00679493) x9  0x0000000080031fc0
core   0: 0x000000008000f58a (0xf65ff0ef) jal     pc - 0x9c
core   0: 3 0x000000008000f58a (0xf65ff0ef) x1  0x000000008000f58e
core   0: >>>>  init_tls
core   0: 0x000000008000f4ee (0x00001101) c.addi  sp, -32
core   0: 3 0x000000008000f4ee (0x1101) x2  0x0000000080031f70
core   0: 0x000000008000f4f0 (0x0000ec06) c.sdsp  ra, 24(sp)
core   0: 3 0x000000008000f4f0 (0xec06) mem 0x0000000080031f88 0x000000008000f58e
core   0: 0x000000008000f4f2 (0x0000e822) c.sdsp  s0, 16(sp)
core   0: 3 0x000000008000f4f2 (0xe822) mem 0x0000000080031f80 0x0000000080032040
core   0: 0x000000008000f4f4 (0x00001000) c.addi4spn s0, sp, 32
core   0: 3 0x000000008000f4f4 (0x1000) x8  0x0000000080031f90
core   0: 0x000000008000f4f6 (0x00003717) auipc   a4, 0x3
core   0: 3 0x000000008000f4f6 (0x00003717) x14 0x00000000800124f6
core   0: 0x000000008000f4fa (0xb3270713) addi    a4, a4, -1230
core   0: 3 0x000000008000f4fa (0xb3270713) x14 0x0000000080012028
core   0: 0x000000008000f4fe (0x00003797) auipc   a5, 0x3
core   0: 3 0x000000008000f4fe (0x00003797) x15 0x00000000800124fe
core   0: 0x000000008000f502 (0xb2a78793) addi    a5, a5, -1238
core   0: 3 0x000000008000f502 (0xb2a78793) x15 0x0000000080012028
core   0: 0x000000008000f506 (0x40f707b3) sub     a5, a4, a5
core   0: 3 0x000000008000f506 (0x40f707b3) x15 0x0000000000000000
core   0: 0x000000008000f50a (0xfef43423) sd      a5, -24(s0)
core   0: 3 0x000000008000f50a (0xfef43423) mem 0x0000000080031f78 0x0000000000000000
core   0: 0x000000008000f50e (0x00008792) c.mv    a5, tp
core   0: 3 0x000000008000f50e (0x8792) x15 0x0000000080012040
core   0: 0x000000008000f510 (0xfe843603) ld      a2, -24(s0)
core   0: 3 0x000000008000f510 (0xfe843603) x12 0x0000000000000000 mem 0x0000000080031f78
core   0: 0x000000008000f514 (0x00003597) auipc   a1, 0x3
core   0: 3 0x000000008000f514 (0x00003597) x11 0x0000000080012514
core   0: 0x000000008000f518 (0xb1458593) addi    a1, a1, -1260
core   0: 3 0x000000008000f518 (0xb1458593) x11 0x0000000080012028
core   0: 0x000000008000f51c (0x0000853e) c.mv    a0, a5
core   0: 3 0x000000008000f51c (0x853e) x10 0x0000000080012040
core   0: 0x000000008000f51e (0x0f9000ef) jal     pc + 0x8f8
core   0: 3 0x000000008000f51e (0x0f9000ef) x1  0x000000008000f522
core   0: >>>>  memcpy
core   0: 0x000000008000fe16 (0x0000715d) c.addi16sp sp, -80
core   0: 3 0x000000008000fe16 (0x715d) x2  0x0000000080031f20
core   0: 0x000000008000fe18 (0x0000e4a2) c.sdsp  s0, 72(sp)
core   0: 3 0x000000008000fe18 (0xe4a2) mem 0x0000000080031f68 0x0000000080031f90
core   0: 0x000000008000fe1a (0x00000880) c.addi4spn s0, sp, 80
core   0: 3 0x000000008000fe1a (0x0880) x8  0x0000000080031f70
core   0: 0x000000008000fe1c (0xfca43423) sd      a0, -56(s0)
core   0: 3 0x000000008000fe1c (0xfca43423) mem 0x0000000080031f38 0x0000000080012040
core   0: 0x000000008000fe20 (0xfcb43023) sd      a1, -64(s0)
core   0: 3 0x000000008000fe20 (0xfcb43023) mem 0x0000000080031f30 0x0000000080012028
core   0: 0x000000008000fe24 (0xfac43c23) sd      a2, -72(s0)
core   0: 3 0x000000008000fe24 (0xfac43c23) mem 0x0000000080031f28 0x0000000000000000
core   0: 0x000000008000fe28 (0xfc843703) ld      a4, -56(s0)
core   0: 3 0x000000008000fe28 (0xfc843703) x14 0x0000000080012040 mem 0x0000000080031f38
core   0: 0x000000008000fe2c (0xfc043783) ld      a5, -64(s0)
core   0: 3 0x000000008000fe2c (0xfc043783) x15 0x0000000080012028 mem 0x0000000080031f30
core   0: 0x000000008000fe30 (0x00008f5d) c.or    a4, a5
core   0: 3 0x000000008000fe30 (0x8f5d) x14 0x0000000080012068
core   0: 0x000000008000fe32 (0xfb843783) ld      a5, -72(s0)
core   0: 3 0x000000008000fe32 (0xfb843783) x15 0x0000000000000000 mem 0x0000000080031f28
core   0: 0x000000008000fe36 (0x00008fd9) c.or    a5, a4
core   0: 3 0x000000008000fe36 (0x8fd9) x15 0x0000000080012068
core   0: 0x000000008000fe38 (0x00008b9d) c.andi  a5, 7
core   0: 3 0x000000008000fe38 (0x8b9d) x15 0x0000000000000000
core   0: 0x000000008000fe3a (0x0000e3b1) c.bnez  a5, pc + 68
core   0: 3 0x000000008000fe3a (0xe3b1)
core   0: 0x000000008000fe3c (0xfc043783) ld      a5, -64(s0)
core   0: 3 0x000000008000fe3c (0xfc043783) x15 0x0000000080012028 mem 0x0000000080031f30
core   0: 0x000000008000fe40 (0xfef43423) sd      a5, -24(s0)
core   0: 3 0x000000008000fe40 (0xfef43423) mem 0x0000000080031f58 0x0000000080012028
core   0: 0x000000008000fe44 (0xfc843783) ld      a5, -56(s0)
core   0: 3 0x000000008000fe44 (0xfc843783) x15 0x0000000080012040 mem 0x0000000080031f38
core   0: 0x000000008000fe48 (0xfef43023) sd      a5, -32(s0)
core   0: 3 0x000000008000fe48 (0xfef43023) mem 0x0000000080031f50 0x0000000080012040
core   0: 0x000000008000fe4c (0x0000a839) c.j     pc + 30
core   0: 3 0x000000008000fe4c (0xa839)
core   0: 0x000000008000fe6a (0xfc843703) ld      a4, -56(s0)
core   0: 3 0x000000008000fe6a (0xfc843703) x14 0x0000000080012040 mem 0x0000000080031f38
core   0: 0x000000008000fe6e (0xfb843783) ld      a5, -72(s0)
core   0: 3 0x000000008000fe6e (0xfb843783) x15 0x0000000000000000 mem 0x0000000080031f28
core   0: 0x000000008000fe72 (0x000097ba) c.add   a5, a4
core   0: 3 0x000000008000fe72 (0x97ba) x15 0x0000000080012040
core   0: 0x000000008000fe74 (0xfe043703) ld      a4, -32(s0)
core   0: 3 0x000000008000fe74 (0xfe043703) x14 0x0000000080012040 mem 0x0000000080031f50
core   0: 0x000000008000fe78 (0xfcf76be3) bltu    a4, a5, pc - 42
core   0: 3 0x000000008000fe78 (0xfcf76be3)
core   0: 0x000000008000fe7c (0x0000a099) c.j     pc + 70
core   0: 3 0x000000008000fe7c (0xa099)
core   0: 0x000000008000fec2 (0xfc843783) ld      a5, -56(s0)
core   0: 3 0x000000008000fec2 (0xfc843783) x15 0x0000000080012040 mem 0x0000000080031f38
core   0: 0x000000008000fec6 (0x0000853e) c.mv    a0, a5
core   0: 3 0x000000008000fec6 (0x853e) x10 0x0000000080012040
core   0: 0x000000008000fec8 (0x00006426) c.ldsp  s0, 72(sp)
core   0: 3 0x000000008000fec8 (0x6426) x8  0x0000000080031f90 mem 0x0000000080031f68
core   0: 0x000000008000feca (0x00006161) c.addi16sp sp, 80
core   0: 3 0x000000008000feca (0x6161) x2  0x0000000080031f70
core   0: 0x000000008000fecc (0x00008082) ret
core   0: 3 0x000000008000fecc (0x8082)
core   0: 0x000000008000f522 (0x00003717) auipc   a4, 0x3
core   0: 3 0x000000008000f522 (0x00003717) x14 0x0000000080012522
core   0: 0x000000008000f526 (0xba270713) addi    a4, a4, -1118
core   0: 3 0x000000008000f526 (0xba270713) x14 0x00000000800120c4
core   0: 0x000000008000f52a (0x00003797) auipc   a5, 0x3
core   0: 3 0x000000008000f52a (0x00003797) x15 0x000000008001252a
core   0: 0x000000008000f52e (0xafe78793) addi    a5, a5, -1282
core   0: 3 0x000000008000f52e (0xafe78793) x15 0x0000000080012028
core   0: 0x000000008000f532 (0x40f707b3) sub     a5, a4, a5
core   0: 3 0x000000008000f532 (0x40f707b3) x15 0x000000000000009c
core   0: 0x000000008000f536 (0xfef43023) sd      a5, -32(s0)
core   0: 3 0x000000008000f536 (0xfef43023) mem 0x0000000080031f70 0x000000000000009c
core   0: 0x000000008000f53a (0x00008712) c.mv    a4, tp
core   0: 3 0x000000008000f53a (0x8712) x14 0x0000000080012040
core   0: 0x000000008000f53c (0xfe843783) ld      a5, -24(s0)
core   0: 3 0x000000008000f53c (0xfe843783) x15 0x0000000000000000 mem 0x0000000080031f78
core   0: 0x000000008000f540 (0x000097ba) c.add   a5, a4
core   0: 3 0x000000008000f540 (0x97ba) x15 0x0000000080012040
core   0: 0x000000008000f542 (0xfe043603) ld      a2, -32(s0)
core   0: 3 0x000000008000f542 (0xfe043603) x12 0x000000000000009c mem 0x0000000080031f70
core   0: 0x000000008000f546 (0x00004581) c.li    a1, 0
core   0: 3 0x000000008000f546 (0x4581) x11 0x0000000000000000
core   0: 0x000000008000f548 (0x0000853e) c.mv    a0, a5
core   0: 3 0x000000008000f548 (0x853e) x10 0x0000000080012040
core   0: 0x000000008000f54a (0x185000ef) jal     pc + 0x984
core   0: 3 0x000000008000f54a (0x185000ef) x1  0x000000008000f54e
core   0: >>>>  memset
core   0: 0x000000008000fece (0x0000715d) c.addi16sp sp, -80
core   0: 3 0x000000008000fece (0x715d) x2  0x0000000080031f20
core   0: 0x000000008000fed0 (0x0000e4a2) c.sdsp  s0, 72(sp)
core   0: 3 0x000000008000fed0 (0xe4a2) mem 0x0000000080031f68 0x0000000080031f90
core   0: 0x000000008000fed2 (0x00000880) c.addi4spn s0, sp, 80
core   0: 3 0x000000008000fed2 (0x0880) x8  0x0000000080031f70
core   0: 0x000000008000fed4 (0xfca43423) sd      a0, -56(s0)
core   0: 3 0x000000008000fed4 (0xfca43423) mem 0x0000000080031f38 0x0000000080012040
core   0: 0x000000008000fed8 (0x000087ae) c.mv    a5, a1
core   0: 3 0x000000008000fed8 (0x87ae) x15 0x0000000000000000
core   0: 0x000000008000feda (0xfac43c23) sd      a2, -72(s0)
core   0: 3 0x000000008000feda (0xfac43c23) mem 0x0000000080031f28 0x000000000000009c
core   0: 0x000000008000fede (0xfcf42223) sw      a5, -60(s0)
core   0: 3 0x000000008000fede (0xfcf42223) mem 0x0000000080031f34 0x00000000
core   0: 0x000000008000fee2 (0xfc843703) ld      a4, -56(s0)
core   0: 3 0x000000008000fee2 (0xfc843703) x14 0x0000000080012040 mem 0x0000000080031f38
core   0: 0x000000008000fee6 (0xfb843783) ld      a5, -72(s0)
core   0: 3 0x000000008000fee6 (0xfb843783) x15 0x000000000000009c mem 0x0000000080031f28
core   0: 0x000000008000feea (0x00008fd9) c.or    a5, a4
core   0: 3 0x000000008000feea (0x8fd9) x15 0x00000000800120dc
core   0: 0x000000008000feec (0x00008b9d) c.andi  a5, 7
core   0: 3 0x000000008000feec (0x8b9d) x15 0x0000000000000004
core   0: 0x000000008000feee (0x0000e7bd) c.bnez  a5, pc + 110
core   0: 3 0x000000008000feee (0xe7bd)
core   0: 0x000000008000ff5c (0xfc843783) ld      a5, -56(s0)
core   0: 3 0x000000008000ff5c (0xfc843783) x15 0x0000000080012040 mem 0x0000000080031f38
core   0: 0x000000008000ff60 (0xfef43023) sd      a5, -32(s0)
core   0: 3 0x000000008000ff60 (0xfef43023) mem 0x0000000080031f50 0x0000000080012040
core   0: 0x000000008000ff64 (0x0000a829) c.j     pc + 26
core   0: 3 0x000000008000ff64 (0xa829)
core   0: 0x000000008000ff7e (0xfc843703) ld      a4, -56(s0)
core   0: 3 0x000000008000ff7e (0xfc843703) x14 0x0000000080012040 mem 0x0000000080031f38
core   0: 0x000000008000ff82 (0xfb843783) ld      a5, -72(s0)
core   0: 3 0x000000008000ff82 (0xfb843783) x15 0x000000000000009c mem 0x0000000080031f28
core   0: 0x000000008000ff86 (0x000097ba) c.add   a5, a4
core   0: 3 0x000000008000ff86 (0x97ba) x15 0x00000000800120dc
core   0: 0x000000008000ff88 (0xfe043703) ld      a4, -32(s0)
core   0: 3 0x000000008000ff88 (0xfe043703) x14 0x0000000080012040 mem 0x0000000080031f50
core   0: 0x000000008000ff8c (0xfcf76de3) bltu    a4, a5, pc - 38
core   0: 3 0x000000008000ff8c (0xfcf76de3)
core   0: 0x000000008000ff66 (0xfe043783) ld      a5, -32(s0)
core   0: 3 0x000000008000ff66 (0xfe043783) x15 0x0000000080012040 mem 0x0000000080031f50
core   0: 0x000000008000ff6a (0x00178713) addi    a4, a5, 1
core   0: 3 0x000000008000ff6a (0x00178713) x14 0x0000000080012041
core   0: 0x000000008000ff6e (0xfee43023) sd      a4, -32(s0)
core   0: 3 0x000000008000ff6e (0xfee43023) mem 0x0000000080031f50 0x0000000080012041
core   0: 0x000000008000ff72 (0xfc442703) lw      a4, -60(s0)
core   0: 3 0x000000008000ff72 (0xfc442703) x14 0x0000000000000000 mem 0x0000000080031f34
core   0: 0x000000008000ff76 (0x0ff77713) andi    a4, a4, 255
core   0: 3 0x000000008000ff76 (0x0ff77713) x14 0x0000000000000000
core   0: 0x000000008000ff7a (0x00e78023) sb      a4, 0(a5)
core   0: 3 0x000000008000ff7a (0x00e78023) mem 0x0000000080012040 0x00
core   0: 0x000000008000ff7e (0xfc843703) ld      a4, -56(s0)
core   0: 3 0x000000008000ff7e (0xfc843703) x14 0x0000000080012040 mem 0x0000000080031f38
core   0: 0x000000008000ff82 (0xfb843783) ld      a5, -72(s0)
core   0: 3 0x000000008000ff82 (0xfb843783) x15 0x000000000000009c mem 0x0000000080031f28
core   0: 0x000000008000ff86 (0x000097ba) c.add   a5, a4
core   0: 3 0x000000008000ff86 (0x97ba) x15 0x00000000800120dc
core   0: 0x000000008000ff88 (0xfe043703) ld      a4, -32(s0)
core   0: 3 0x000000008000ff88 (0xfe043703) x14 0x0000000080012041 mem 0x0000000080031f50
core   0: 0x000000008000ff8c (0xfcf76de3) bltu    a4, a5, pc - 38
core   0: 3 0x000000008000ff8c (0xfcf76de3)
core   0: 0x000000008000ff66 (0xfe043783) ld      a5, -32(s0)
core   0: 3 0x000000008000ff66 (0xfe043783) x15 0x0000000080012041 mem 0x0000000080031f50
core   0: 0x000000008000ff6a (0x00178713) addi    a4, a5, 1
core   0: 3 0x000000008000ff6a (0x00178713) x14 0x0000000080012042
core   0: 0x000000008000ff6e (0xfee43023) sd      a4, -32(s0)
core   0: 3 0x000000008000ff6e (0xfee43023) mem 0x0000000080031f50 0x0000000080012042
core   0: 0x000000008000ff72 (0xfc442703) lw      a4, -60(s0)
core   0: 3 0x000000008000ff72 (0xfc442703) x14 0x0000000000000000 mem 0x0000000080031f34
core   0: 0x000000008000ff76 (0x0ff77713) andi    a4, a4, 255
core   0: 3 0x000000008000ff76 (0x0ff77713) x14 0x0000000000000000
core   0: 0x000000008000ff7a (0x00e78023) sb      a4, 0(a5)
core   0: 3 0x000000008000ff7a (0x00e78023) mem 0x0000000080012041 0x00
core   0: 0x000000008000ff7e (0xfc843703) ld      a4, -56(s0)
core   0: 3 0x000000008000ff7e (0xfc843703) x14 0x0000000080012040 mem 0x0000000080031f38
core   0: 0x000000008000ff82 (0xfb843783) ld      a5, -72(s0)
core   0: 3 0x000000008000ff82 (0xfb843783) x15 0x000000000000009c mem 0x0000000080031f28
core   0: 0x000000008000ff86 (0x000097ba) c.add   a5, a4
core   0: 3 0x000000008000ff86 (0x97ba) x15 0x00000000800120dc
core   0: 0x000000008000ff88 (0xfe043703) ld      a4, -32(s0)
core   0: 3 0x000000008000ff88 (0xfe043703) x14 0x0000000080012042 mem 0x0000000080031f50
core   0: 0x000000008000ff8c (0xfcf76de3) bltu    a4, a5, pc - 38
core   0: 3 0x000000008000ff8c (0xfcf76de3)
core   0: 0x000000008000ff66 (0xfe043783) ld      a5, -32(s0)
core   0: 3 0x000000008000ff66 (0xfe043783) x15 0x0000000080012042 mem 0x0000000080031f50
core   0: 0x000000008000ff6a (0x00178713) addi    a4, a5, 1
core   0: 3 0x000000008000ff6a (0x00178713) x14 0x0000000080012043
core   0: 0x000000008000ff6e (0xfee43023) sd      a4, -32(s0)
core   0: 3 0x000000008000ff6e (0xfee43023) mem 0x0000000080031f50 0x0000000080012043
core   0: 0x000000008000ff72 (0xfc442703) lw      a4, -60(s0)
core   0: 3 0x000000008000ff72 (0xfc442703) x14 0x0000000000000000 mem 0x0000000080031f34
core   0: 0x000000008000ff76 (0x0ff77713) andi    a4, a4, 255
core   0: 3 0x000000008000ff76 (0x0ff77713) x14 0x0000000000000000
core   0: 0x000000008000ff7a (0x00e78023) sb      a4, 0(a5)
core   0: 3 0x000000008000ff7a (0x00e78023) mem 0x0000000080012042 0x00
core   0: 0x000000008000ff7e (0xfc843703) ld      a4, -56(s0)
core   0: 3 0x000000008000ff7e (0xfc843703) x14 0x0000000080012040 mem 0x0000000080031f38
core   0: 0x000000008000ff82 (0xfb843783) ld      a5, -72(s0)
core   0: 3 0x000000008000ff82 (0xfb843783) x15 0x000000000000009c mem 0x0000000080031f28
core   0: 0x000000008000ff86 (0x000097ba) c.add   a5, a4
core   0: 3 0x000000008000ff86 (0x97ba) x15 0x00000000800120dc
core   0: 0x000000008000ff88 (0xfe043703) ld      a4, -32(s0)
core   0: 3 0x000000008000ff88 (0xfe043703) x14 0x0000000080012043 mem 0x0000000080031f50
core   0: 0x000000008000ff8c (0xfcf76de3) bltu    a4, a5, pc - 38
core   0: 3 0x000000008000ff8c (0xfcf76de3)
core   0: 0x000000008000ff66 (0xfe043783) ld      a5, -32(s0)
core   0: 3 0x000000008000ff66 (0xfe043783) x15 0x0000000080012043 mem 0x0000000080031f50
core   0: 0x000000008000ff6a (0x00178713) addi    a4, a5, 1
core   0: 3 0x000000008000ff6a (0x00178713) x14 0x0000000080012044
core   0: 0x000000008000ff6e (0xfee43023) sd      a4, -32(s0)
core   0: 3 0x000000008000ff6e (0xfee43023) mem 0x0000000080031f50 0x0000000080012044
core   0: 0x000000008000ff72 (0xfc442703) lw      a4, -60(s0)
core   0: 3 0x000000008000ff72 (0xfc442703) x14 0x0000000000000000 mem 0x0000000080031f34
core   0: 0x000000008000ff76 (0x0ff77713) andi    a4, a4, 255
core   0: 3 0x000000008000ff76 (0x0ff77713) x14 0x0000000000000000
core   0: 0x000000008000ff7a (0x00e78023) sb      a4, 0(a5)
core   0: 3 0x000000008000ff7a (0x00e78023) mem 0x0000000080012043 0x00
core   0: 0x000000008000ff7e (0xfc843703) ld      a4, -56(s0)
core   0: 3 0x000000008000ff7e (0xfc843703) x14 0x0000000080012040 mem 0x0000000080031f38
core   0: 0x000000008000ff82 (0xfb843783) ld      a5, -72(s0)
core   0: 3 0x000000008000ff82 (0xfb843783) x15 0x000000000000009c mem 0x0000000080031f28
core   0: 0x000000008000ff86 (0x000097ba) c.add   a5, a4
core   0: 3 0x000000008000ff86 (0x97ba) x15 0x00000000800120dc
core   0: 0x000000008000ff88 (0xfe043703) ld      a4, -32(s0)
core   0: 3 0x000000008000ff88 (0xfe043703) x14 0x0000000080012044 mem 0x0000000080031f50
core   0: 0x000000008000ff8c (0xfcf76de3) bltu    a4, a5, pc - 38
core   0: 3 0x000000008000ff8c (0xfcf76de3)
core   0: 0x000000008000ff66 (0xfe043783) ld      a5, -32(s0)
core   0: 3 0x000000008000ff66 (0xfe043783) x15 0x0000000080012044 mem 0x0000000080031f50
core   0: 0x000000008000ff6a (0x00178713) addi    a4, a5, 1
core   0: 3 0x000000008000ff6a (0x00178713) x14 0x0000000080012045
core   0: 0x000000008000ff6e (0xfee43023) sd      a4, -32(s0)
core   0: 3 0x000000008000ff6e (0xfee43023) mem 0x0000000080031f50 0x0000000080012045
core   0: 0x000000008000ff72 (0xfc442703) lw      a4, -60(s0)
core   0: 3 0x000000008000ff72 (0xfc442703) x14 0x0000000000000000 mem 0x0000000080031f34
core   0: 0x000000008000ff76 (0x0ff77713) andi    a4, a4, 255
core   0: 3 0x000000008000ff76 (0x0ff77713) x14 0x0000000000000000
core   0: 0x000000008000ff7a (0x00e78023) sb      a4, 0(a5)
core   0: 3 0x000000008000ff7a (0x00e78023) mem 0x0000000080012044 0x00
core   0: 0x000000008000ff7e (0xfc843703) ld      a4, -56(s0)
core   0: 3 0x000000008000ff7e (0xfc843703) x14 0x0000000080012040 mem 0x0000000080031f38
core   0: 0x000000008000ff82 (0xfb843783) ld      a5, -72(s0)
core   0: 3 0x000000008000ff82 (0xfb843783) x15 0x000000000000009c mem 0x0000000080031f28
core   0: 0x000000008000ff86 (0x000097ba) c.add   a5, a4
core   0: 3 0x000000008000ff86 (0x97ba) x15 0x00000000800120dc
core   0: 0x000000008000ff88 (0xfe043703) ld      a4, -32(s0)
core   0: 3 0x000000008000ff88 (0xfe043703) x14 0x0000000080012045 mem 0x0000000080031f50
core   0: 0x000000008000ff8c (0xfcf76de3) bltu    a4, a5, pc - 38
core   0: 3 0x000000008000ff8c (0xfcf76de3)
core   0: 0x000000008000ff66 (0xfe043783) ld      a5, -32(s0)
core   0: 3 0x000000008000ff66 (0xfe043783) x15 0x0000000080012045 mem 0x0000000080031f50
core   0: 0x000000008000ff6a (0x00178713) addi    a4, a5, 1
core   0: 3 0x000000008000ff6a (0x00178713) x14 0x0000000080012046
core   0: 0x000000008000ff6e (0xfee43023) sd      a4, -32(s0)
core   0: 3 0x000000008000ff6e (0xfee43023) mem 0x0000000080031f50 0x0000000080012046
core   0: 0x000000008000ff72 (0xfc442703) lw      a4, -60(s0)
core   0: 3 0x000000008000ff72 (0xfc442703) x14 0x0000000000000000 mem 0x0000000080031f34
core   0: 0x000000008000ff76 (0x0ff77713) andi    a4, a4, 255
core   0: 3 0x000000008000ff76 (0x0ff77713) x14 0x0000000000000000
core   0: 0x000000008000ff7a (0x00e78023) sb      a4, 0(a5)
core   0: 3 0x000000008000ff7a (0x00e78023) mem 0x0000000080012045 0x00
core   0: 0x000000008000ff7e (0xfc843703) ld      a4, -56(s0)
core   0: 3 0x000000008000ff7e (0xfc843703) x14 0x0000000080012040 mem 0x0000000080031f38
core   0: 0x000000008000ff82 (0xfb843783) ld      a5, -72(s0)
core   0: 3 0x000000008000ff82 (0xfb843783) x15 0x000000000000009c mem 0x0000000080031f28
core   0: 0x000000008000ff86 (0x000097ba) c.add   a5, a4
core   0: 3 0x000000008000ff86 (0x97ba) x15 0x00000000800120dc
core   0: 0x000000008000ff88 (0xfe043703) ld      a4, -32(s0)
core   0: 3 0x000000008000ff88 (0xfe043703) x14 0x0000000080012046 mem 0x0000000080031f50
core   0: 0x000000008000ff8c (0xfcf76de3) bltu    a4, a5, pc - 38
core   0: 3 0x000000008000ff8c (0xfcf76de3)
core   0: 0x000000008000ff66 (0xfe043783) ld      a5, -32(s0)
core   0: 3 0x000000008000ff66 (0xfe043783) x15 0x0000000080012046 mem 0x0000000080031f50
core   0: 0x000000008000ff6a (0x00178713) addi    a4, a5, 1
core   0: 3 0x000000008000ff6a (0x00178713) x14 0x0000000080012047
core   0: 0x000000008000ff6e (0xfee43023) sd      a4, -32(s0)
core   0: 3 0x000000008000ff6e (0xfee43023) mem 0x0000000080031f50 0x0000000080012047
core   0: 0x000000008000ff72 (0xfc442703) lw      a4, -60(s0)
core   0: 3 0x000000008000ff72 (0xfc442703) x14 0x0000000000000000 mem 0x0000000080031f34
core   0: 0x000000008000ff76 (0x0ff77713) andi    a4, a4, 255
core   0: 3 0x000000008000ff76 (0x0ff77713) x14 0x0000000000000000
core   0: 0x000000008000ff7a (0x00e78023) sb      a4, 0(a5)
core   0: 3 0x000000008000ff7a (0x00e78023) mem 0x0000000080012046 0x00
core   0: 0x000000008000ff7e (0xfc843703) ld      a4, -56(s0)
core   0: 3 0x000000008000ff7e (0xfc843703) x14 0x0000000080012040 mem 0x0000000080031f38
core   0: 0x000000008000ff82 (0xfb843783) ld      a5, -72(s0)
core   0: 3 0x000000008000ff82 (0xfb843783) x15 0x000000000000009c mem 0x0000000080031f28
core   0: 0x000000008000ff86 (0x000097ba) c.add   a5, a4
core   0: 3 0x000000008000ff86 (0x97ba) x15 0x00000000800120dc
core   0: 0x000000008000ff88 (0xfe043703) ld      a4, -32(s0)
core   0: 3 0x000000008000ff88 (0xfe043703) x14 0x0000000080012047 mem 0x0000000080031f50
core   0: 0x000000008000ff8c (0xfcf76de3) bltu    a4, a5, pc - 38
core   0: 3 0x000000008000ff8c (0xfcf76de3)
core   0: 0x000000008000ff66 (0xfe043783) ld      a5, -32(s0)
core   0: 3 0x000000008000ff66 (0xfe043783) x15 0x0000000080012047 mem 0x0000000080031f50
core   0: 0x000000008000ff6a (0x00178713) addi    a4, a5, 1
core   0: 3 0x000000008000ff6a (0x00178713) x14 0x0000000080012048
core   0: 0x000000008000ff6e (0xfee43023) sd      a4, -32(s0)
core   0: 3 0x000000008000ff6e (0xfee43023) mem 0x0000000080031f50 0x0000000080012048
core   0: 0x000000008000ff72 (0xfc442703) lw      a4, -60(s0)
core   0: 3 0x000000008000ff72 (0xfc442703) x14 0x0000000000000000 mem 0x0000000080031f34
core   0: 0x000000008000ff76 (0x0ff77713) andi    a4, a4, 255
core   0: 3 0x000000008000ff76 (0x0ff77713) x14 0x0000000000000000
core   0: 0x000000008000ff7a (0x00e78023) sb      a4, 0(a5)
core   0: 3 0x000000008000ff7a (0x00e78023) mem 0x0000000080012047 0x00
core   0: 0x000000008000ff7e (0xfc843703) ld      a4, -56(s0)
core   0: 3 0x000000008000ff7e (0xfc843703) x14 0x0000000080012040 mem 0x0000000080031f38
core   0: 0x000000008000ff82 (0xfb843783) ld      a5, -72(s0)
core   0: 3 0x000000008000ff82 (0xfb843783) x15 0x000000000000009c mem 0x0000000080031f28
core   0: 0x000000008000ff86 (0x000097ba) c.add   a5, a4
core   0: 3 0x000000008000ff86 (0x97ba) x15 0x00000000800120dc
core   0: 0x000000008000ff88 (0xfe043703) ld      a4, -32(s0)
core   0: 3 0x000000008000ff88 (0xfe043703) x14 0x0000000080012048 mem 0x0000000080031f50
core   0: 0x000000008000ff8c (0xfcf76de3) bltu    a4, a5, pc - 38
core   0: 3 0x000000008000ff8c (0xfcf76de3)
core   0: 0x000000008000ff66 (0xfe043783) ld      a5, -32(s0)
core   0: 3 0x000000008000ff66 (0xfe043783) x15 0x0000000080012048 mem 0x0000000080031f50
core   0: 0x000000008000ff6a (0x00178713) addi    a4, a5, 1
core   0: 3 0x000000008000ff6a (0x00178713) x14 0x0000000080012049
core   0: 0x000000008000ff6e (0xfee43023) sd      a4, -32(s0)
core   0: 3 0x000000008000ff6e (0xfee43023) mem 0x0000000080031f50 0x0000000080012049
core   0: 0x000000008000ff72 (0xfc442703) lw      a4, -60(s0)
core   0: 3 0x000000008000ff72 (0xfc442703) x14 0x0000000000000000 mem 0x0000000080031f34
core   0: 0x000000008000ff76 (0x0ff77713) andi    a4, a4, 255
core   0: 3 0x000000008000ff76 (0x0ff77713) x14 0x0000000000000000
core   0: 0x000000008000ff7a (0x00e78023) sb      a4, 0(a5)
core   0: 3 0x000000008000ff7a (0x00e78023) mem 0x0000000080012048 0x00
core   0: 0x000000008000ff7e (0xfc843703) ld      a4, -56(s0)
core   0: 3 0x000000008000ff7e (0xfc843703) x14 0x0000000080012040 mem 0x0000000080031f38
core   0: 0x000000008000ff82 (0xfb843783) ld      a5, -72(s0)
core   0: 3 0x000000008000ff82 (0xfb843783) x15 0x000000000000009c mem 0x0000000080031f28
core   0: 0x000000008000ff86 (0x000097ba) c.add   a5, a4
core   0: 3 0x000000008000ff86 (0x97ba) x15 0x00000000800120dc
core   0: 0x000000008000ff88 (0xfe043703) ld      a4, -32(s0)
core   0: 3 0x000000008000ff88 (0xfe043703) x14 0x0000000080012049 mem 0x0000000080031f50
core   0: 0x000000008000ff8c (0xfcf76de3) bltu    a4, a5, pc - 38
core   0: 3 0x000000008000ff8c (0xfcf76de3)
core   0: 0x000000008000ff66 (0xfe043783) ld      a5, -32(s0)
core   0: 3 0x000000008000ff66 (0xfe043783) x15 0x0000000080012049 mem 0x0000000080031f50
core   0: 0x000000008000ff6a (0x00178713) addi    a4, a5, 1
core   0: 3 0x000000008000ff6a (0x00178713) x14 0x000000008001204a
core   0: 0x000000008000ff6e (0xfee43023) sd      a4, -32(s0)
core   0: 3 0x000000008000ff6e (0xfee43023) mem 0x0000000080031f50 0x000000008001204a
core   0: 0x000000008000ff72 (0xfc442703) lw      a4, -60(s0)
core   0: 3 0x000000008000ff72 (0xfc442703) x14 0x0000000000000000 mem 0x0000000080031f34
core   0: 0x000000008000ff76 (0x0ff77713) andi    a4, a4, 255
core   0: 3 0x000000008000ff76 (0x0ff77713) x14 0x0000000000000000
core   0: 0x000000008000ff7a (0x00e78023) sb      a4, 0(a5)
core   0: 3 0x000000008000ff7a (0x00e78023) mem 0x0000000080012049 0x00
core   0: 0x000000008000ff7e (0xfc843703) ld      a4, -56(s0)
core   0: 3 0x000000008000ff7e (0xfc843703) x14 0x0000000080012040 mem 0x0000000080031f38
core   0: 0x000000008000ff82 (0xfb843783) ld      a5, -72(s0)
core   0: 3 0x000000008000ff82 (0xfb843783) x15 0x000000000000009c mem 0x0000000080031f28
core   0: 0x000000008000ff86 (0x000097ba) c.add   a5, a4
core   0: 3 0x000000008000ff86 (0x97ba) x15 0x00000000800120dc
core   0: 0x000000008000ff88 (0xfe043703) ld      a4, -32(s0)
core   0: 3 0x000000008000ff88 (0xfe043703) x14 0x000000008001204a mem 0x0000000080031f50
core   0: 0x000000008000ff8c (0xfcf76de3) bltu    a4, a5, pc - 38
core   0: 3 0x000000008000ff8c (0xfcf76de3)
core   0: 0x000000008000ff66 (0xfe043783) ld      a5, -32(s0)
core   0: 3 0x000000008000ff66 (0xfe043783) x15 0x000000008001204a mem 0x0000000080031f50
core   0: 0x000000008000ff6a (0x00178713) addi    a4, a5, 1
core   0: 3 0x000000008000ff6a (0x00178713) x14 0x000000008001204b
core   0: 0x000000008000ff6e (0xfee43023) sd      a4, -32(s0)
core   0: 3 0x000000008000ff6e (0xfee43023) mem 0x0000000080031f50 0x000000008001204b
core   0: 0x000000008000ff72 (0xfc442703) lw      a4, -60(s0)
core   0: 3 0x000000008000ff72 (0xfc442703) x14 0x0000000000000000 mem 0x0000000080031f34
core   0: 0x000000008000ff76 (0x0ff77713) andi    a4, a4, 255
core   0: 3 0x000000008000ff76 (0x0ff77713) x14 0x0000000000000000
core   0: 0x000000008000ff7a (0x00e78023) sb      a4, 0(a5)
core   0: 3 0x000000008000ff7a (0x00e78023) mem 0x000000008001204a 0x00
core   0: 0x000000008000ff7e (0xfc843703) ld      a4, -56(s0)
core   0: 3 0x000000008000ff7e (0xfc843703) x14 0x0000000080012040 mem 0x0000000080031f38
core   0: 0x000000008000ff82 (0xfb843783) ld      a5, -72(s0)
core   0: 3 0x000000008000ff82 (0xfb843783) x15 0x000000000000009c mem 0x0000000080031f28
core   0: 0x000000008000ff86 (0x000097ba) c.add   a5, a4
core   0: 3 0x000000008000ff86 (0x97ba) x15 0x00000000800120dc
core   0: 0x000000008000ff88 (0xfe043703) ld      a4, -32(s0)
core   0: 3 0x000000008000ff88 (0xfe043703) x14 0x000000008001204b mem 0x0000000080031f50
core   0: 0x000000008000ff8c (0xfcf76de3) bltu    a4, a5, pc - 38
core   0: 3 0x000000008000ff8c (0xfcf76de3)
core   0: 0x000000008000ff66 (0xfe043783) ld      a5, -32(s0)
core   0: 3 0x000000008000ff66 (0xfe043783) x15 0x000000008001204b mem 0x0000000080031f50
core   0: 0x000000008000ff6a (0x00178713) addi    a4, a5, 1
core   0: 3 0x000000008000ff6a (0x00178713) x14 0x000000008001204c
core   0: 0x000000008000ff6e (0xfee43023) sd      a4, -32(s0)
core   0: 3 0x000000008000ff6e (0xfee43023) mem 0x0000000080031f50 0x000000008001204c
core   0: 0x000000008000ff72 (0xfc442703) lw      a4, -60(s0)
core   0: 3 0x000000008000ff72 (0xfc442703) x14 0x0000000000000000 mem 0x0000000080031f34
core   0: 0x000000008000ff76 (0x0ff77713) andi    a4, a4, 255
core   0: 3 0x000000008000ff76 (0x0ff77713) x14 0x0000000000000000
core   0: 0x000000008000ff7a (0x00e78023) sb      a4, 0(a5)
core   0: 3 0x000000008000ff7a (0x00e78023) mem 0x000000008001204b 0x00
core   0: 0x000000008000ff7e (0xfc843703) ld      a4, -56(s0)
core   0: 3 0x000000008000ff7e (0xfc843703) x14 0x0000000080012040 mem 0x0000000080031f38
core   0: 0x000000008000ff82 (0xfb843783) ld      a5, -72(s0)
core   0: 3 0x000000008000ff82 (0xfb843783) x15 0x000000000000009c mem 0x0000000080031f28
core   0: 0x000000008000ff86 (0x000097ba) c.add   a5, a4
core   0: 3 0x000000008000ff86 (0x97ba) x15 0x00000000800120dc
core   0: 0x000000008000ff88 (0xfe043703) ld      a4, -32(s0)
core   0: 3 0x000000008000ff88 (0xfe043703) x14 0x000000008001204c mem 0x0000000080031f50
core   0: 0x000000008000ff8c (0xfcf76de3) bltu    a4, a5, pc - 38
core   0: 3 0x000000008000ff8c (0xfcf76de3)
core   0: 0x000000008000ff66 (0xfe043783) ld      a5, -32(s0)
core   0: 3 0x000000008000ff66 (0xfe043783) x15 0x000000008001204c mem 0x0000000080031f50
core   0: 0x000000008000ff6a (0x00178713) addi    a4, a5, 1
core   0: 3 0x000000008000ff6a (0x00178713) x14 0x000000008001204d
core   0: 0x000000008000ff6e (0xfee43023) sd      a4, -32(s0)
core   0: 3 0x000000008000ff6e (0xfee43023) mem 0x0000000080031f50 0x000000008001204d
core   0: 0x000000008000ff72 (0xfc442703) lw      a4, -60(s0)
core   0: 3 0x000000008000ff72 (0xfc442703) x14 0x0000000000000000 mem 0x0000000080031f34
core   0: 0x000000008000ff76 (0x0ff77713) andi    a4, a4, 255
core   0: 3 0x000000008000ff76 (0x0ff77713) x14 0x0000000000000000
core   0: 0x000000008000ff7a (0x00e78023) sb      a4, 0(a5)
core   0: 3 0x000000008000ff7a (0x00e78023) mem 0x000000008001204c 0x00
core   0: 0x000000008000ff7e (0xfc843703) ld      a4, -56(s0)
core   0: 3 0x000000008000ff7e (0xfc843703) x14 0x0000000080012040 mem 0x0000000080031f38
core   0: 0x000000008000ff82 (0xfb843783) ld      a5, -72(s0)
core   0: 3 0x000000008000ff82 (0xfb843783) x15 0x000000000000009c mem 0x0000000080031f28
core   0: 0x000000008000ff86 (0x000097ba) c.add   a5, a4
core   0: 3 0x000000008000ff86 (0x97ba) x15 0x00000000800120dc
core   0: 0x000000008000ff88 (0xfe043703) ld      a4, -32(s0)
core   0: 3 0x000000008000ff88 (0xfe043703) x14 0x000000008001204d mem 0x0000000080031f50
core   0: 0x000000008000ff8c (0xfcf76de3) bltu    a4, a5, pc - 38
core   0: 3 0x000000008000ff8c (0xfcf76de3)
core   0: 0x000000008000ff66 (0xfe043783) ld      a5, -32(s0)
core   0: 3 0x000000008000ff66 (0xfe043783) x15 0x000000008001204d mem 0x0000000080031f50
core   0: 0x000000008000ff6a (0x00178713) addi    a4, a5, 1
core   0: 3 0x000000008000ff6a (0x00178713) x14 0x000000008001204e
core   0: 0x000000008000ff6e (0xfee43023) sd      a4, -32(s0)
core   0: 3 0x000000008000ff6e (0xfee43023) mem 0x0000000080031f50 0x000000008001204e
core   0: 0x000000008000ff72 (0xfc442703) lw      a4, -60(s0)
core   0: 3 0x000000008000ff72 (0xfc442703) x14 0x0000000000000000 mem 0x0000000080031f34
core   0: 0x000000008000ff76 (0x0ff77713) andi    a4, a4, 255
core   0: 3 0x000000008000ff76 (0x0ff77713) x14 0x0000000000000000
core   0: 0x000000008000ff7a (0x00e78023) sb      a4, 0(a5)
core   0: 3 0x000000008000ff7a (0x00e78023) mem 0x000000008001204d 0x00
core   0: 0x000000008000ff7e (0xfc843703) ld      a4, -56(s0)
core   0: 3 0x000000008000ff7e (0xfc843703) x14 0x0000000080012040 mem 0x0000000080031f38
core   0: 0x000000008000ff82 (0xfb843783) ld      a5, -72(s0)
core   0: 3 0x000000008000ff82 (0xfb843783) x15 0x000000000000009c mem 0x0000000080031f28
core   0: 0x000000008000ff86 (0x000097ba) c.add   a5, a4
core   0: 3 0x000000008000ff86 (0x97ba) x15 0x00000000800120dc
core   0: 0x000000008000ff88 (0xfe043703) ld      a4, -32(s0)
core   0: 3 0x000000008000ff88 (0xfe043703) x14 0x000000008001204e mem 0x0000000080031f50
core   0: 0x000000008000ff8c (0xfcf76de3) bltu    a4, a5, pc - 38
core   0: 3 0x000000008000ff8c (0xfcf76de3)
core   0: 0x000000008000ff66 (0xfe043783) ld      a5, -32(s0)
core   0: 3 0x000000008000ff66 (0xfe043783) x15 0x000000008001204e mem 0x0000000080031f50
core   0: 0x000000008000ff6a (0x00178713) addi    a4, a5, 1
core   0: 3 0x000000008000ff6a (0x00178713) x14 0x000000008001204f
core   0: 0x000000008000ff6e (0xfee43023) sd      a4, -32(s0)
core   0: 3 0x000000008000ff6e (0xfee43023) mem 0x0000000080031f50 0x000000008001204f
core   0: 0x000000008000ff72 (0xfc442703) lw      a4, -60(s0)
core   0: 3 0x000000008000ff72 (0xfc442703) x14 0x0000000000000000 mem 0x0000000080031f34
core   0: 0x000000008000ff76 (0x0ff77713) andi    a4, a4, 255
core   0: 3 0x000000008000ff76 (0x0ff77713) x14 0x0000000000000000
core   0: 0x000000008000ff7a (0x00e78023) sb      a4, 0(a5)
core   0: 3 0x000000008000ff7a (0x00e78023) mem 0x000000008001204e 0x00
core   0: 0x000000008000ff7e (0xfc843703) ld      a4, -56(s0)
core   0: 3 0x000000008000ff7e (0xfc843703) x14 0x0000000080012040 mem 0x0000000080031f38
core   0: 0x000000008000ff82 (0xfb843783) ld      a5, -72(s0)
core   0: 3 0x000000008000ff82 (0xfb843783) x15 0x000000000000009c mem 0x0000000080031f28
core   0: 0x000000008000ff86 (0x000097ba) c.add   a5, a4
core   0: 3 0x000000008000ff86 (0x97ba) x15 0x00000000800120dc
core   0: 0x000000008000ff88 (0xfe043703) ld      a4, -32(s0)
core   0: 3 0x000000008000ff88 (0xfe043703) x14 0x000000008001204f mem 0x0000000080031f50
core   0: 0x000000008000ff8c (0xfcf76de3) bltu    a4, a5, pc - 38
core   0: 3 0x000000008000ff8c (0xfcf76de3)
core   0: 0x000000008000ff66 (0xfe043783) ld      a5, -32(s0)
core   0: 3 0x000000008000ff66 (0xfe043783) x15 0x000000008001204f mem 0x0000000080031f50
core   0: 0x000000008000ff6a (0x00178713) addi    a4, a5, 1
core   0: 3 0x000000008000ff6a (0x00178713) x14 0x0000000080012050
core   0: 0x000000008000ff6e (0xfee43023) sd      a4, -32(s0)
core   0: 3 0x000000008000ff6e (0xfee43023) mem 0x0000000080031f50 0x0000000080012050
core   0: 0x000000008000ff72 (0xfc442703) lw      a4, -60(s0)
core   0: 3 0x000000008000ff72 (0xfc442703) x14 0x0000000000000000 mem 0x0000000080031f34
core   0: 0x000000008000ff76 (0x0ff77713) andi    a4, a4, 255
core   0: 3 0x000000008000ff76 (0x0ff77713) x14 0x0000000000000000
core   0: 0x000000008000ff7a (0x00e78023) sb      a4, 0(a5)
core   0: 3 0x000000008000ff7a (0x00e78023) mem 0x000000008001204f 0x00
core   0: 0x000000008000ff7e (0xfc843703) ld      a4, -56(s0)
core   0: 3 0x000000008000ff7e (0xfc843703) x14 0x0000000080012040 mem 0x0000000080031f38
core   0: 0x000000008000ff82 (0xfb843783) ld      a5, -72(s0)
core   0: 3 0x000000008000ff82 (0xfb843783) x15 0x000000000000009c mem 0x0000000080031f28
core   0: 0x000000008000ff86 (0x000097ba) c.add   a5, a4
core   0: 3 0x000000008000ff86 (0x97ba) x15 0x00000000800120dc
core   0: 0x000000008000ff88 (0xfe043703) ld      a4, -32(s0)
core   0: 3 0x000000008000ff88 (0xfe043703) x14 0x0000000080012050 mem 0x0000000080031f50
core   0: 0x000000008000ff8c (0xfcf76de3) bltu    a4, a5, pc - 38
core   0: 3 0x000000008000ff8c (0xfcf76de3)
core   0: 0x000000008000ff66 (0xfe043783) ld      a5, -32(s0)
core   0: 3 0x000000008000ff66 (0xfe043783) x15 0x0000000080012050 mem 0x0000000080031f50
core   0: 0x000000008000ff6a (0x00178713) addi    a4, a5, 1
core   0: 3 0x000000008000ff6a (0x00178713) x14 0x0000000080012051
core   0: 0x000000008000ff6e (0xfee43023) sd      a4, -32(s0)
core   0: 3 0x000000008000ff6e (0xfee43023) mem 0x0000000080031f50 0x0000000080012051
core   0: 0x000000008000ff72 (0xfc442703) lw      a4, -60(s0)
core   0: 3 0x000000008000ff72 (0xfc442703) x14 0x0000000000000000 mem 0x0000000080031f34
core   0: 0x000000008000ff76 (0x0ff77713) andi    a4, a4, 255
core   0: 3 0x000000008000ff76 (0x0ff77713) x14 0x0000000000000000
core   0: 0x000000008000ff7a (0x00e78023) sb      a4, 0(a5)
core   0: 3 0x000000008000ff7a (0x00e78023) mem 0x0000000080012050 0x00
core   0: 0x000000008000ff7e (0xfc843703) ld      a4, -56(s0)
core   0: 3 0x000000008000ff7e (0xfc843703) x14 0x0000000080012040 mem 0x0000000080031f38
core   0: 0x000000008000ff82 (0xfb843783) ld      a5, -72(s0)
core   0: 3 0x000000008000ff82 (0xfb843783) x15 0x000000000000009c mem 0x0000000080031f28
core   0: 0x000000008000ff86 (0x000097ba) c.add   a5, a4
core   0: 3 0x000000008000ff86 (0x97ba) x15 0x00000000800120dc
core   0: 0x000000008000ff88 (0xfe043703) ld      a4, -32(s0)
core   0: 3 0x000000008000ff88 (0xfe043703) x14 0x0000000080012051 mem 0x0000000080031f50
core   0: 0x000000008000ff8c (0xfcf76de3) bltu    a4, a5, pc - 38
core   0: 3 0x000000008000ff8c (0xfcf76de3)
core   0: 0x000000008000ff66 (0xfe043783) ld      a5, -32(s0)
core   0: 3 0x000000008000ff66 (0xfe043783) x15 0x0000000080012051 mem 0x0000000080031f50
core   0: 0x000000008000ff6a (0x00178713) addi    a4, a5, 1
core   0: 3 0x000000008000ff6a (0x00178713) x14 0x0000000080012052
core   0: 0x000000008000ff6e (0xfee43023) sd      a4, -32(s0)
core   0: 3 0x000000008000ff6e (0xfee43023) mem 0x0000000080031f50 0x0000000080012052
core   0: 0x000000008000ff72 (0xfc442703) lw      a4, -60(s0)
core   0: 3 0x000000008000ff72 (0xfc442703) x14 0x0000000000000000 mem 0x0000000080031f34
core   0: 0x000000008000ff76 (0x0ff77713) andi    a4, a4, 255
core   0: 3 0x000000008000ff76 (0x0ff77713) x14 0x0000000000000000
core   0: 0x000000008000ff7a (0x00e78023) sb      a4, 0(a5)
core   0: 3 0x000000008000ff7a (0x00e78023) mem 0x0000000080012051 0x00
core   0: 0x000000008000ff7e (0xfc843703) ld      a4, -56(s0)
core   0: 3 0x000000008000ff7e (0xfc843703) x14 0x0000000080012040 mem 0x0000000080031f38
core   0: 0x000000008000ff82 (0xfb843783) ld      a5, -72(s0)
core   0: 3 0x000000008000ff82 (0xfb843783) x15 0x000000000000009c mem 0x0000000080031f28
core   0: 0x000000008000ff86 (0x000097ba) c.add   a5, a4
core   0: 3 0x000000008000ff86 (0x97ba) x15 0x00000000800120dc
core   0: 0x000000008000ff88 (0xfe043703) ld      a4, -32(s0)
core   0: 3 0x000000008000ff88 (0xfe043703) x14 0x0000000080012052 mem 0x0000000080031f50
core   0: 0x000000008000ff8c (0xfcf76de3) bltu    a4, a5, pc - 38
core   0: 3 0x000000008000ff8c (0xfcf76de3)
core   0: 0x000000008000ff66 (0xfe043783) ld      a5, -32(s0)
core   0: 3 0x000000008000ff66 (0xfe043783) x15 0x0000000080012052 mem 0x0000000080031f50
core   0: 0x000000008000ff6a (0x00178713) addi    a4, a5, 1
core   0: 3 0x000000008000ff6a (0x00178713) x14 0x0000000080012053
core   0: 0x000000008000ff6e (0xfee43023) sd      a4, -32(s0)
core   0: 3 0x000000008000ff6e (0xfee43023) mem 0x0000000080031f50 0x0000000080012053
core   0: 0x000000008000ff72 (0xfc442703) lw      a4, -60(s0)
core   0: 3 0x000000008000ff72 (0xfc442703) x14 0x0000000000000000 mem 0x0000000080031f34
core   0: 0x000000008000ff76 (0x0ff77713) andi    a4, a4, 255
core   0: 3 0x000000008000ff76 (0x0ff77713) x14 0x0000000000000000
core   0: 0x000000008000ff7a (0x00e78023) sb      a4, 0(a5)
core   0: 3 0x000000008000ff7a (0x00e78023) mem 0x0000000080012052 0x00
core   0: 0x000000008000ff7e (0xfc843703) ld      a4, -56(s0)
core   0: 3 0x000000008000ff7e (0xfc843703) x14 0x0000000080012040 mem 0x0000000080031f38
core   0: 0x000000008000ff82 (0xfb843783) ld      a5, -72(s0)
core   0: 3 0x000000008000ff82 (0xfb843783) x15 0x000000000000009c mem 0x0000000080031f28
core   0: 0x000000008000ff86 (0x000097ba) c.add   a5, a4
core   0: 3 0x000000008000ff86 (0x97ba) x15 0x00000000800120dc
core   0: 0x000000008000ff88 (0xfe043703) ld      a4, -32(s0)
core   0: 3 0x000000008000ff88 (0xfe043703) x14 0x0000000080012053 mem 0x0000000080031f50
core   0: 0x000000008000ff8c (0xfcf76de3) bltu    a4, a5, pc - 38
core   0: 3 0x000000008000ff8c (0xfcf76de3)
core   0: 0x000000008000ff66 (0xfe043783) ld      a5, -32(s0)
core   0: 3 0x000000008000ff66 (0xfe043783) x15 0x0000000080012053 mem 0x0000000080031f50
core   0: 0x000000008000ff6a (0x00178713) addi    a4, a5, 1
core   0: 3 0x000000008000ff6a (0x00178713) x14 0x0000000080012054
core   0: 0x000000008000ff6e (0xfee43023) sd      a4, -32(s0)
core   0: 3 0x000000008000ff6e (0xfee43023) mem 0x0000000080031f50 0x0000000080012054
core   0: 0x000000008000ff72 (0xfc442703) lw      a4, -60(s0)
core   0: 3 0x000000008000ff72 (0xfc442703) x14 0x0000000000000000 mem 0x0000000080031f34
core   0: 0x000000008000ff76 (0x0ff77713) andi    a4, a4, 255
core   0: 3 0x000000008000ff76 (0x0ff77713) x14 0x0000000000000000
core   0: 0x000000008000ff7a (0x00e78023) sb      a4, 0(a5)
core   0: 3 0x000000008000ff7a (0x00e78023) mem 0x0000000080012053 0x00
core   0: 0x000000008000ff7e (0xfc843703) ld      a4, -56(s0)
core   0: 3 0x000000008000ff7e (0xfc843703) x14 0x0000000080012040 mem 0x0000000080031f38
core   0: 0x000000008000ff82 (0xfb843783) ld      a5, -72(s0)
core   0: 3 0x000000008000ff82 (0xfb843783) x15 0x000000000000009c mem 0x0000000080031f28
core   0: 0x000000008000ff86 (0x000097ba) c.add   a5, a4
core   0: 3 0x000000008000ff86 (0x97ba) x15 0x00000000800120dc
core   0: 0x000000008000ff88 (0xfe043703) ld      a4, -32(s0)
core   0: 3 0x000000008000ff88 (0xfe043703) x14 0x0000000080012054 mem 0x0000000080031f50
core   0: 0x000000008000ff8c (0xfcf76de3) bltu    a4, a5, pc - 38
core   0: 3 0x000000008000ff8c (0xfcf76de3)
core   0: 0x000000008000ff66 (0xfe043783) ld      a5, -32(s0)
core   0: 3 0x000000008000ff66 (0xfe043783) x15 0x0000000080012054 mem 0x0000000080031f50
core   0: 0x000000008000ff6a (0x00178713) addi    a4, a5, 1
core   0: 3 0x000000008000ff6a (0x00178713) x14 0x0000000080012055
core   0: 0x000000008000ff6e (0xfee43023) sd      a4, -32(s0)
core   0: 3 0x000000008000ff6e (0xfee43023) mem 0x0000000080031f50 0x0000000080012055
core   0: 0x000000008000ff72 (0xfc442703) lw      a4, -60(s0)
core   0: 3 0x000000008000ff72 (0xfc442703) x14 0x0000000000000000 mem 0x0000000080031f34
core   0: 0x000000008000ff76 (0x0ff77713) andi    a4, a4, 255
core   0: 3 0x000000008000ff76 (0x0ff77713) x14 0x0000000000000000
core   0: 0x000000008000ff7a (0x00e78023) sb      a4, 0(a5)
core   0: 3 0x000000008000ff7a (0x00e78023) mem 0x0000000080012054 0x00
core   0: 0x000000008000ff7e (0xfc843703) ld      a4, -56(s0)
core   0: 3 0x000000008000ff7e (0xfc843703) x14 0x0000000080012040 mem 0x0000000080031f38
core   0: 0x000000008000ff82 (0xfb843783) ld      a5, -72(s0)
core   0: 3 0x000000008000ff82 (0xfb843783) x15 0x000000000000009c mem 0x0000000080031f28
core   0: 0x000000008000ff86 (0x000097ba) c.add   a5, a4
core   0: 3 0x000000008000ff86 (0x97ba) x15 0x00000000800120dc
core   0: 0x000000008000ff88 (0xfe043703) ld      a4, -32(s0)
core   0: 3 0x000000008000ff88 (0xfe043703) x14 0x0000000080012055 mem 0x0000000080031f50
core   0: 0x000000008000ff8c (0xfcf76de3) bltu    a4, a5, pc - 38
core   0: 3 0x000000008000ff8c (0xfcf76de3)
core   0: 0x000000008000ff66 (0xfe043783) ld      a5, -32(s0)
core   0: 3 0x000000008000ff66 (0xfe043783) x15 0x0000000080012055 mem 0x0000000080031f50
core   0: 0x000000008000ff6a (0x00178713) addi    a4, a5, 1
core   0: 3 0x000000008000ff6a (0x00178713) x14 0x0000000080012056
core   0: 0x000000008000ff6e (0xfee43023) sd      a4, -32(s0)
core   0: 3 0x000000008000ff6e (0xfee43023) mem 0x0000000080031f50 0x0000000080012056
core   0: 0x000000008000ff72 (0xfc442703) lw      a4, -60(s0)
core   0: 3 0x000000008000ff72 (0xfc442703) x14 0x0000000000000000 mem 0x0000000080031f34
core   0: 0x000000008000ff76 (0x0ff77713) andi    a4, a4, 255
core   0: 3 0x000000008000ff76 (0x0ff77713) x14 0x0000000000000000
core   0: 0x000000008000ff7a (0x00e78023) sb      a4, 0(a5)
core   0: 3 0x000000008000ff7a (0x00e78023) mem 0x0000000080012055 0x00
core   0: 0x000000008000ff7e (0xfc843703) ld      a4, -56(s0)
core   0: 3 0x000000008000ff7e (0xfc843703) x14 0x0000000080012040 mem 0x0000000080031f38
core   0: 0x000000008000ff82 (0xfb843783) ld      a5, -72(s0)
core   0: 3 0x000000008000ff82 (0xfb843783) x15 0x000000000000009c mem 0x0000000080031f28
core   0: 0x000000008000ff86 (0x000097ba) c.add   a5, a4
core   0: 3 0x000000008000ff86 (0x97ba) x15 0x00000000800120dc
core   0: 0x000000008000ff88 (0xfe043703) ld      a4, -32(s0)
core   0: 3 0x000000008000ff88 (0xfe043703) x14 0x0000000080012056 mem 0x0000000080031f50
core   0: 0x000000008000ff8c (0xfcf76de3) bltu    a4, a5, pc - 38
core   0: 3 0x000000008000ff8c (0xfcf76de3)
core   0: 0x000000008000ff66 (0xfe043783) ld      a5, -32(s0)
core   0: 3 0x000000008000ff66 (0xfe043783) x15 0x0000000080012056 mem 0x0000000080031f50
core   0: 0x000000008000ff6a (0x00178713) addi    a4, a5, 1
core   0: 3 0x000000008000ff6a (0x00178713) x14 0x0000000080012057
core   0: 0x000000008000ff6e (0xfee43023) sd      a4, -32(s0)
core   0: 3 0x000000008000ff6e (0xfee43023) mem 0x0000000080031f50 0x0000000080012057
core   0: 0x000000008000ff72 (0xfc442703) lw      a4, -60(s0)
core   0: 3 0x000000008000ff72 (0xfc442703) x14 0x0000000000000000 mem 0x0000000080031f34
core   0: 0x000000008000ff76 (0x0ff77713) andi    a4, a4, 255
core   0: 3 0x000000008000ff76 (0x0ff77713) x14 0x0000000000000000
core   0: 0x000000008000ff7a (0x00e78023) sb      a4, 0(a5)
core   0: 3 0x000000008000ff7a (0x00e78023) mem 0x0000000080012056 0x00
core   0: 0x000000008000ff7e (0xfc843703) ld      a4, -56(s0)
core   0: 3 0x000000008000ff7e (0xfc843703) x14 0x0000000080012040 mem 0x0000000080031f38
core   0: 0x000000008000ff82 (0xfb843783) ld      a5, -72(s0)
core   0: 3 0x000000008000ff82 (0xfb843783) x15 0x000000000000009c mem 0x0000000080031f28
core   0: 0x000000008000ff86 (0x000097ba) c.add   a5, a4
core   0: 3 0x000000008000ff86 (0x97ba) x15 0x00000000800120dc
core   0: 0x000000008000ff88 (0xfe043703) ld      a4, -32(s0)
core   0: 3 0x000000008000ff88 (0xfe043703) x14 0x0000000080012057 mem 0x0000000080031f50
core   0: 0x000000008000ff8c (0xfcf76de3) bltu    a4, a5, pc - 38
core   0: 3 0x000000008000ff8c (0xfcf76de3)
core   0: 0x000000008000ff66 (0xfe043783) ld      a5, -32(s0)
core   0: 3 0x000000008000ff66 (0xfe043783) x15 0x0000000080012057 mem 0x0000000080031f50
core   0: 0x000000008000ff6a (0x00178713) addi    a4, a5, 1
core   0: 3 0x000000008000ff6a (0x00178713) x14 0x0000000080012058
core   0: 0x000000008000ff6e (0xfee43023) sd      a4, -32(s0)
core   0: 3 0x000000008000ff6e (0xfee43023) mem 0x0000000080031f50 0x0000000080012058
core   0: 0x000000008000ff72 (0xfc442703) lw      a4, -60(s0)
core   0: 3 0x000000008000ff72 (0xfc442703) x14 0x0000000000000000 mem 0x0000000080031f34
core   0: 0x000000008000ff76 (0x0ff77713) andi    a4, a4, 255
core   0: 3 0x000000008000ff76 (0x0ff77713) x14 0x0000000000000000
core   0: 0x000000008000ff7a (0x00e78023) sb      a4, 0(a5)
core   0: 3 0x000000008000ff7a (0x00e78023) mem 0x0000000080012057 0x00
core   0: 0x000000008000ff7e (0xfc843703) ld      a4, -56(s0)
core   0: 3 0x000000008000ff7e (0xfc843703) x14 0x0000000080012040 mem 0x0000000080031f38
core   0: 0x000000008000ff82 (0xfb843783) ld      a5, -72(s0)
core   0: 3 0x000000008000ff82 (0xfb843783) x15 0x000000000000009c mem 0x0000000080031f28
core   0: 0x000000008000ff86 (0x000097ba) c.add   a5, a4
core   0: 3 0x000000008000ff86 (0x97ba) x15 0x00000000800120dc
core   0: 0x000000008000ff88 (0xfe043703) ld      a4, -32(s0)
core   0: 3 0x000000008000ff88 (0xfe043703) x14 0x0000000080012058 mem 0x0000000080031f50
core   0: 0x000000008000ff8c (0xfcf76de3) bltu    a4, a5, pc - 38
core   0: 3 0x000000008000ff8c (0xfcf76de3)
core   0: 0x000000008000ff66 (0xfe043783) ld      a5, -32(s0)
core   0: 3 0x000000008000ff66 (0xfe043783) x15 0x0000000080012058 mem 0x0000000080031f50
core   0: 0x000000008000ff6a (0x00178713) addi    a4, a5, 1
core   0: 3 0x000000008000ff6a (0x00178713) x14 0x0000000080012059
core   0: 0x000000008000ff6e (0xfee43023) sd      a4, -32(s0)
core   0: 3 0x000000008000ff6e (0xfee43023) mem 0x0000000080031f50 0x0000000080012059
core   0: 0x000000008000ff72 (0xfc442703) lw      a4, -60(s0)
core   0: 3 0x000000008000ff72 (0xfc442703) x14 0x0000000000000000 mem 0x0000000080031f34
core   0: 0x000000008000ff76 (0x0ff77713) andi    a4, a4, 255
core   0: 3 0x000000008000ff76 (0x0ff77713) x14 0x0000000000000000
core   0: 0x000000008000ff7a (0x00e78023) sb      a4, 0(a5)
core   0: 3 0x000000008000ff7a (0x00e78023) mem 0x0000000080012058 0x00
core   0: 0x000000008000ff7e (0xfc843703) ld      a4, -56(s0)
core   0: 3 0x000000008000ff7e (0xfc843703) x14 0x0000000080012040 mem 0x0000000080031f38
core   0: 0x000000008000ff82 (0xfb843783) ld      a5, -72(s0)
core   0: 3 0x000000008000ff82 (0xfb843783) x15 0x000000000000009c mem 0x0000000080031f28
core   0: 0x000000008000ff86 (0x000097ba) c.add   a5, a4
core   0: 3 0x000000008000ff86 (0x97ba) x15 0x00000000800120dc
core   0: 0x000000008000ff88 (0xfe043703) ld      a4, -32(s0)
core   0: 3 0x000000008000ff88 (0xfe043703) x14 0x0000000080012059 mem 0x0000000080031f50
core   0: 0x000000008000ff8c (0xfcf76de3) bltu    a4, a5, pc - 38
core   0: 3 0x000000008000ff8c (0xfcf76de3)
core   0: 0x000000008000ff66 (0xfe043783) ld      a5, -32(s0)
core   0: 3 0x000000008000ff66 (0xfe043783) x15 0x0000000080012059 mem 0x0000000080031f50
core   0: 0x000000008000ff6a (0x00178713) addi    a4, a5, 1
core   0: 3 0x000000008000ff6a (0x00178713) x14 0x000000008001205a
core   0: 0x000000008000ff6e (0xfee43023) sd      a4, -32(s0)
core   0: 3 0x000000008000ff6e (0xfee43023) mem 0x0000000080031f50 0x000000008001205a
core   0: 0x000000008000ff72 (0xfc442703) lw      a4, -60(s0)
core   0: 3 0x000000008000ff72 (0xfc442703) x14 0x0000000000000000 mem 0x0000000080031f34
core   0: 0x000000008000ff76 (0x0ff77713) andi    a4, a4, 255
core   0: 3 0x000000008000ff76 (0x0ff77713) x14 0x0000000000000000
core   0: 0x000000008000ff7a (0x00e78023) sb      a4, 0(a5)
core   0: 3 0x000000008000ff7a (0x00e78023) mem 0x0000000080012059 0x00
core   0: 0x000000008000ff7e (0xfc843703) ld      a4, -56(s0)
core   0: 3 0x000000008000ff7e (0xfc843703) x14 0x0000000080012040 mem 0x0000000080031f38
core   0: 0x000000008000ff82 (0xfb843783) ld      a5, -72(s0)
core   0: 3 0x000000008000ff82 (0xfb843783) x15 0x000000000000009c mem 0x0000000080031f28
core   0: 0x000000008000ff86 (0x000097ba) c.add   a5, a4
core   0: 3 0x000000008000ff86 (0x97ba) x15 0x00000000800120dc
core   0: 0x000000008000ff88 (0xfe043703) ld      a4, -32(s0)
core   0: 3 0x000000008000ff88 (0xfe043703) x14 0x000000008001205a mem 0x0000000080031f50
core   0: 0x000000008000ff8c (0xfcf76de3) bltu    a4, a5, pc - 38
core   0: 3 0x000000008000ff8c (0xfcf76de3)
core   0: 0x000000008000ff66 (0xfe043783) ld      a5, -32(s0)
core   0: 3 0x000000008000ff66 (0xfe043783) x15 0x000000008001205a mem 0x0000000080031f50
core   0: 0x000000008000ff6a (0x00178713) addi    a4, a5, 1
core   0: 3 0x000000008000ff6a (0x00178713) x14 0x000000008001205b
core   0: 0x000000008000ff6e (0xfee43023) sd      a4, -32(s0)
core   0: 3 0x000000008000ff6e (0xfee43023) mem 0x0000000080031f50 0x000000008001205b
core   0: 0x000000008000ff72 (0xfc442703) lw      a4, -60(s0)
core   0: 3 0x000000008000ff72 (0xfc442703) x14 0x0000000000000000 mem 0x0000000080031f34
core   0: 0x000000008000ff76 (0x0ff77713) andi    a4, a4, 255
core   0: 3 0x000000008000ff76 (0x0ff77713) x14 0x0000000000000000
core   0: 0x000000008000ff7a (0x00e78023) sb      a4, 0(a5)
core   0: 3 0x000000008000ff7a (0x00e78023) mem 0x000000008001205a 0x00
core   0: 0x000000008000ff7e (0xfc843703) ld      a4, -56(s0)
core   0: 3 0x000000008000ff7e (0xfc843703) x14 0x0000000080012040 mem 0x0000000080031f38
core   0: 0x000000008000ff82 (0xfb843783) ld      a5, -72(s0)
core   0: 3 0x000000008000ff82 (0xfb843783) x15 0x000000000000009c mem 0x0000000080031f28
core   0: 0x000000008000ff86 (0x000097ba) c.add   a5, a4
core   0: 3 0x000000008000ff86 (0x97ba) x15 0x00000000800120dc
core   0: 0x000000008000ff88 (0xfe043703) ld      a4, -32(s0)
core   0: 3 0x000000008000ff88 (0xfe043703) x14 0x000000008001205b mem 0x0000000080031f50
core   0: 0x000000008000ff8c (0xfcf76de3) bltu    a4, a5, pc - 38
core   0: 3 0x000000008000ff8c (0xfcf76de3)
core   0: 0x000000008000ff66 (0xfe043783) ld      a5, -32(s0)
core   0: 3 0x000000008000ff66 (0xfe043783) x15 0x000000008001205b mem 0x0000000080031f50
core   0: 0x000000008000ff6a (0x00178713) addi    a4, a5, 1
core   0: 3 0x000000008000ff6a (0x00178713) x14 0x000000008001205c
core   0: 0x000000008000ff6e (0xfee43023) sd      a4, -32(s0)
core   0: 3 0x000000008000ff6e (0xfee43023) mem 0x0000000080031f50 0x000000008001205c
core   0: 0x000000008000ff72 (0xfc442703) lw      a4, -60(s0)
core   0: 3 0x000000008000ff72 (0xfc442703) x14 0x0000000000000000 mem 0x0000000080031f34
core   0: 0x000000008000ff76 (0x0ff77713) andi    a4, a4, 255
core   0: 3 0x000000008000ff76 (0x0ff77713) x14 0x0000000000000000
core   0: 0x000000008000ff7a (0x00e78023) sb      a4, 0(a5)
core   0: 3 0x000000008000ff7a (0x00e78023) mem 0x000000008001205b 0x00
core   0: 0x000000008000ff7e (0xfc843703) ld      a4, -56(s0)
core   0: 3 0x000000008000ff7e (0xfc843703) x14 0x0000000080012040 mem 0x0000000080031f38
core   0: 0x000000008000ff82 (0xfb843783) ld      a5, -72(s0)
core   0: 3 0x000000008000ff82 (0xfb843783) x15 0x000000000000009c mem 0x0000000080031f28
core   0: 0x000000008000ff86 (0x000097ba) c.add   a5, a4
core   0: 3 0x000000008000ff86 (0x97ba) x15 0x00000000800120dc
core   0: 0x000000008000ff88 (0xfe043703) ld      a4, -32(s0)
core   0: 3 0x000000008000ff88 (0xfe043703) x14 0x000000008001205c mem 0x0000000080031f50
core   0: 0x000000008000ff8c (0xfcf76de3) bltu    a4, a5, pc - 38
core   0: 3 0x000000008000ff8c (0xfcf76de3)
core   0: 0x000000008000ff66 (0xfe043783) ld      a5, -32(s0)
core   0: 3 0x000000008000ff66 (0xfe043783) x15 0x000000008001205c mem 0x0000000080031f50
core   0: 0x000000008000ff6a (0x00178713) addi    a4, a5, 1
core   0: 3 0x000000008000ff6a (0x00178713) x14 0x000000008001205d
core   0: 0x000000008000ff6e (0xfee43023) sd      a4, -32(s0)
core   0: 3 0x000000008000ff6e (0xfee43023) mem 0x0000000080031f50 0x000000008001205d
core   0: 0x000000008000ff72 (0xfc442703) lw      a4, -60(s0)
core   0: 3 0x000000008000ff72 (0xfc442703) x14 0x0000000000000000 mem 0x0000000080031f34
core   0: 0x000000008000ff76 (0x0ff77713) andi    a4, a4, 255
core   0: 3 0x000000008000ff76 (0x0ff77713) x14 0x0000000000000000
core   0: 0x000000008000ff7a (0x00e78023) sb      a4, 0(a5)
core   0: 3 0x000000008000ff7a (0x00e78023) mem 0x000000008001205c 0x00
core   0: 0x000000008000ff7e (0xfc843703) ld      a4, -56(s0)
core   0: 3 0x000000008000ff7e (0xfc843703) x14 0x0000000080012040 mem 0x0000000080031f38
core   0: 0x000000008000ff82 (0xfb843783) ld      a5, -72(s0)
core   0: 3 0x000000008000ff82 (0xfb843783) x15 0x000000000000009c mem 0x0000000080031f28
core   0: 0x000000008000ff86 (0x000097ba) c.add   a5, a4
core   0: 3 0x000000008000ff86 (0x97ba) x15 0x00000000800120dc
core   0: 0x000000008000ff88 (0xfe043703) ld      a4, -32(s0)
core   0: 3 0x000000008000ff88 (0xfe043703) x14 0x000000008001205d mem 0x0000000080031f50
core   0: 0x000000008000ff8c (0xfcf76de3) bltu    a4, a5, pc - 38
core   0: 3 0x000000008000ff8c (0xfcf76de3)
core   0: 0x000000008000ff66 (0xfe043783) ld      a5, -32(s0)
core   0: 3 0x000000008000ff66 (0xfe043783) x15 0x000000008001205d mem 0x0000000080031f50
core   0: 0x000000008000ff6a (0x00178713) addi    a4, a5, 1
core   0: 3 0x000000008000ff6a (0x00178713) x14 0x000000008001205e
core   0: 0x000000008000ff6e (0xfee43023) sd      a4, -32(s0)
core   0: 3 0x000000008000ff6e (0xfee43023) mem 0x0000000080031f50 0x000000008001205e
core   0: 0x000000008000ff72 (0xfc442703) lw      a4, -60(s0)
core   0: 3 0x000000008000ff72 (0xfc442703) x14 0x0000000000000000 mem 0x0000000080031f34
core   0: 0x000000008000ff76 (0x0ff77713) andi    a4, a4, 255
core   0: 3 0x000000008000ff76 (0x0ff77713) x14 0x0000000000000000
core   0: 0x000000008000ff7a (0x00e78023) sb      a4, 0(a5)
core   0: 3 0x000000008000ff7a (0x00e78023) mem 0x000000008001205d 0x00
core   0: 0x000000008000ff7e (0xfc843703) ld      a4, -56(s0)
core   0: 3 0x000000008000ff7e (0xfc843703) x14 0x0000000080012040 mem 0x0000000080031f38
core   0: 0x000000008000ff82 (0xfb843783) ld      a5, -72(s0)
core   0: 3 0x000000008000ff82 (0xfb843783) x15 0x000000000000009c mem 0x0000000080031f28
core   0: 0x000000008000ff86 (0x000097ba) c.add   a5, a4
core   0: 3 0x000000008000ff86 (0x97ba) x15 0x00000000800120dc
core   0: 0x000000008000ff88 (0xfe043703) ld      a4, -32(s0)
core   0: 3 0x000000008000ff88 (0xfe043703) x14 0x000000008001205e mem 0x0000000080031f50
core   0: 0x000000008000ff8c (0xfcf76de3) bltu    a4, a5, pc - 38
core   0: 3 0x000000008000ff8c (0xfcf76de3)
core   0: 0x000000008000ff66 (0xfe043783) ld      a5, -32(s0)
core   0: 3 0x000000008000ff66 (0xfe043783) x15 0x000000008001205e mem 0x0000000080031f50
core   0: 0x000000008000ff6a (0x00178713) addi    a4, a5, 1
core   0: 3 0x000000008000ff6a (0x00178713) x14 0x000000008001205f
core   0: 0x000000008000ff6e (0xfee43023) sd      a4, -32(s0)
core   0: 3 0x000000008000ff6e (0xfee43023) mem 0x0000000080031f50 0x000000008001205f
core   0: 0x000000008000ff72 (0xfc442703) lw      a4, -60(s0)
core   0: 3 0x000000008000ff72 (0xfc442703) x14 0x0000000000000000 mem 0x0000000080031f34
core   0: 0x000000008000ff76 (0x0ff77713) andi    a4, a4, 255
core   0: 3 0x000000008000ff76 (0x0ff77713) x14 0x0000000000000000
core   0: 0x000000008000ff7a (0x00e78023) sb      a4, 0(a5)
core   0: 3 0x000000008000ff7a (0x00e78023) mem 0x000000008001205e 0x00
core   0: 0x000000008000ff7e (0xfc843703) ld      a4, -56(s0)
core   0: 3 0x000000008000ff7e (0xfc843703) x14 0x0000000080012040 mem 0x0000000080031f38
core   0: 0x000000008000ff82 (0xfb843783) ld      a5, -72(s0)
core   0: 3 0x000000008000ff82 (0xfb843783) x15 0x000000000000009c mem 0x0000000080031f28
core   0: 0x000000008000ff86 (0x000097ba) c.add   a5, a4
core   0: 3 0x000000008000ff86 (0x97ba) x15 0x00000000800120dc
core   0: 0x000000008000ff88 (0xfe043703) ld      a4, -32(s0)
core   0: 3 0x000000008000ff88 (0xfe043703) x14 0x000000008001205f mem 0x0000000080031f50
core   0: 0x000000008000ff8c (0xfcf76de3) bltu    a4, a5, pc - 38
core   0: 3 0x000000008000ff8c (0xfcf76de3)
core   0: 0x000000008000ff66 (0xfe043783) ld      a5, -32(s0)
core   0: 3 0x000000008000ff66 (0xfe043783) x15 0x000000008001205f mem 0x0000000080031f50
core   0: 0x000000008000ff6a (0x00178713) addi    a4, a5, 1
core   0: 3 0x000000008000ff6a (0x00178713) x14 0x0000000080012060
core   0: 0x000000008000ff6e (0xfee43023) sd      a4, -32(s0)
core   0: 3 0x000000008000ff6e (0xfee43023) mem 0x0000000080031f50 0x0000000080012060
core   0: 0x000000008000ff72 (0xfc442703) lw      a4, -60(s0)
core   0: 3 0x000000008000ff72 (0xfc442703) x14 0x0000000000000000 mem 0x0000000080031f34
core   0: 0x000000008000ff76 (0x0ff77713) andi    a4, a4, 255
core   0: 3 0x000000008000ff76 (0x0ff77713) x14 0x0000000000000000
core   0: 0x000000008000ff7a (0x00e78023) sb      a4, 0(a5)
core   0: 3 0x000000008000ff7a (0x00e78023) mem 0x000000008001205f 0x00
core   0: 0x000000008000ff7e (0xfc843703) ld      a4, -56(s0)
core   0: 3 0x000000008000ff7e (0xfc843703) x14 0x0000000080012040 mem 0x0000000080031f38
core   0: 0x000000008000ff82 (0xfb843783) ld      a5, -72(s0)
core   0: 3 0x000000008000ff82 (0xfb843783) x15 0x000000000000009c mem 0x0000000080031f28
core   0: 0x000000008000ff86 (0x000097ba) c.add   a5, a4
core   0: 3 0x000000008000ff86 (0x97ba) x15 0x00000000800120dc
core   0: 0x000000008000ff88 (0xfe043703) ld      a4, -32(s0)
core   0: 3 0x000000008000ff88 (0xfe043703) x14 0x0000000080012060 mem 0x0000000080031f50
core   0: 0x000000008000ff8c (0xfcf76de3) bltu    a4, a5, pc - 38
core   0: 3 0x000000008000ff8c (0xfcf76de3)
core   0: 0x000000008000ff66 (0xfe043783) ld      a5, -32(s0)
core   0: 3 0x000000008000ff66 (0xfe043783) x15 0x0000000080012060 mem 0x0000000080031f50
core   0: 0x000000008000ff6a (0x00178713) addi    a4, a5, 1
core   0: 3 0x000000008000ff6a (0x00178713) x14 0x0000000080012061
core   0: 0x000000008000ff6e (0xfee43023) sd      a4, -32(s0)
core   0: 3 0x000000008000ff6e (0xfee43023) mem 0x0000000080031f50 0x0000000080012061
core   0: 0x000000008000ff72 (0xfc442703) lw      a4, -60(s0)
core   0: 3 0x000000008000ff72 (0xfc442703) x14 0x0000000000000000 mem 0x0000000080031f34
core   0: 0x000000008000ff76 (0x0ff77713) andi    a4, a4, 255
core   0: 3 0x000000008000ff76 (0x0ff77713) x14 0x0000000000000000
core   0: 0x000000008000ff7a (0x00e78023) sb      a4, 0(a5)
core   0: 3 0x000000008000ff7a (0x00e78023) mem 0x0000000080012060 0x00
core   0: 0x000000008000ff7e (0xfc843703) ld      a4, -56(s0)
core   0: 3 0x000000008000ff7e (0xfc843703) x14 0x0000000080012040 mem 0x0000000080031f38
core   0: 0x000000008000ff82 (0xfb843783) ld      a5, -72(s0)
core   0: 3 0x000000008000ff82 (0xfb843783) x15 0x000000000000009c mem 0x0000000080031f28
core   0: 0x000000008000ff86 (0x000097ba) c.add   a5, a4
core   0: 3 0x000000008000ff86 (0x97ba) x15 0x00000000800120dc
core   0: 0x000000008000ff88 (0xfe043703) ld      a4, -32(s0)
core   0: 3 0x000000008000ff88 (0xfe043703) x14 0x0000000080012061 mem 0x0000000080031f50
core   0: 0x000000008000ff8c (0xfcf76de3) bltu    a4, a5, pc - 38
core   0: 3 0x000000008000ff8c (0xfcf76de3)
core   0: 0x000000008000ff66 (0xfe043783) ld      a5, -32(s0)
core   0: 3 0x000000008000ff66 (0xfe043783) x15 0x0000000080012061 mem 0x0000000080031f50
core   0: 0x000000008000ff6a (0x00178713) addi    a4, a5, 1
core   0: 3 0x000000008000ff6a (0x00178713) x14 0x0000000080012062
core   0: 0x000000008000ff6e (0xfee43023) sd      a4, -32(s0)
core   0: 3 0x000000008000ff6e (0xfee43023) mem 0x0000000080031f50 0x0000000080012062
core   0: 0x000000008000ff72 (0xfc442703) lw      a4, -60(s0)
core   0: 3 0x000000008000ff72 (0xfc442703) x14 0x0000000000000000 mem 0x0000000080031f34
core   0: 0x000000008000ff76 (0x0ff77713) andi    a4, a4, 255
core   0: 3 0x000000008000ff76 (0x0ff77713) x14 0x0000000000000000
core   0: 0x000000008000ff7a (0x00e78023) sb      a4, 0(a5)
core   0: 3 0x000000008000ff7a (0x00e78023) mem 0x0000000080012061 0x00
core   0: 0x000000008000ff7e (0xfc843703) ld      a4, -56(s0)
core   0: 3 0x000000008000ff7e (0xfc843703) x14 0x0000000080012040 mem 0x0000000080031f38
core   0: 0x000000008000ff82 (0xfb843783) ld      a5, -72(s0)
core   0: 3 0x000000008000ff82 (0xfb843783) x15 0x000000000000009c mem 0x0000000080031f28
core   0: 0x000000008000ff86 (0x000097ba) c.add   a5, a4
core   0: 3 0x000000008000ff86 (0x97ba) x15 0x00000000800120dc
core   0: 0x000000008000ff88 (0xfe043703) ld      a4, -32(s0)
core   0: 3 0x000000008000ff88 (0xfe043703) x14 0x0000000080012062 mem 0x0000000080031f50
core   0: 0x000000008000ff8c (0xfcf76de3) bltu    a4, a5, pc - 38
core   0: 3 0x000000008000ff8c (0xfcf76de3)
core   0: 0x000000008000ff66 (0xfe043783) ld      a5, -32(s0)
core   0: 3 0x000000008000ff66 (0xfe043783) x15 0x0000000080012062 mem 0x0000000080031f50
core   0: 0x000000008000ff6a (0x00178713) addi    a4, a5, 1
core   0: 3 0x000000008000ff6a (0x00178713) x14 0x0000000080012063
core   0: 0x000000008000ff6e (0xfee43023) sd      a4, -32(s0)
core   0: 3 0x000000008000ff6e (0xfee43023) mem 0x0000000080031f50 0x0000000080012063
core   0: 0x000000008000ff72 (0xfc442703) lw      a4, -60(s0)
core   0: 3 0x000000008000ff72 (0xfc442703) x14 0x0000000000000000 mem 0x0000000080031f34
core   0: 0x000000008000ff76 (0x0ff77713) andi    a4, a4, 255
core   0: 3 0x000000008000ff76 (0x0ff77713) x14 0x0000000000000000
core   0: 0x000000008000ff7a (0x00e78023) sb      a4, 0(a5)
core   0: 3 0x000000008000ff7a (0x00e78023) mem 0x0000000080012062 0x00
core   0: 0x000000008000ff7e (0xfc843703) ld      a4, -56(s0)
core   0: 3 0x000000008000ff7e (0xfc843703) x14 0x0000000080012040 mem 0x0000000080031f38
core   0: 0x000000008000ff82 (0xfb843783) ld      a5, -72(s0)
core   0: 3 0x000000008000ff82 (0xfb843783) x15 0x000000000000009c mem 0x0000000080031f28
core   0: 0x000000008000ff86 (0x000097ba) c.add   a5, a4
core   0: 3 0x000000008000ff86 (0x97ba) x15 0x00000000800120dc
core   0: 0x000000008000ff88 (0xfe043703) ld      a4, -32(s0)
core   0: 3 0x000000008000ff88 (0xfe043703) x14 0x0000000080012063 mem 0x0000000080031f50
core   0: 0x000000008000ff8c (0xfcf76de3) bltu    a4, a5, pc - 38
core   0: 3 0x000000008000ff8c (0xfcf76de3)
core   0: 0x000000008000ff66 (0xfe043783) ld      a5, -32(s0)
core   0: 3 0x000000008000ff66 (0xfe043783) x15 0x0000000080012063 mem 0x0000000080031f50
core   0: 0x000000008000ff6a (0x00178713) addi    a4, a5, 1
core   0: 3 0x000000008000ff6a (0x00178713) x14 0x0000000080012064
core   0: 0x000000008000ff6e (0xfee43023) sd      a4, -32(s0)
core   0: 3 0x000000008000ff6e (0xfee43023) mem 0x0000000080031f50 0x0000000080012064
core   0: 0x000000008000ff72 (0xfc442703) lw      a4, -60(s0)
core   0: 3 0x000000008000ff72 (0xfc442703) x14 0x0000000000000000 mem 0x0000000080031f34
core   0: 0x000000008000ff76 (0x0ff77713) andi    a4, a4, 255
core   0: 3 0x000000008000ff76 (0x0ff77713) x14 0x0000000000000000
core   0: 0x000000008000ff7a (0x00e78023) sb      a4, 0(a5)
core   0: 3 0x000000008000ff7a (0x00e78023) mem 0x0000000080012063 0x00
core   0: 0x000000008000ff7e (0xfc843703) ld      a4, -56(s0)
core   0: 3 0x000000008000ff7e (0xfc843703) x14 0x0000000080012040 mem 0x0000000080031f38
core   0: 0x000000008000ff82 (0xfb843783) ld      a5, -72(s0)
core   0: 3 0x000000008000ff82 (0xfb843783) x15 0x000000000000009c mem 0x0000000080031f28
core   0: 0x000000008000ff86 (0x000097ba) c.add   a5, a4
core   0: 3 0x000000008000ff86 (0x97ba) x15 0x00000000800120dc
core   0: 0x000000008000ff88 (0xfe043703) ld      a4, -32(s0)
core   0: 3 0x000000008000ff88 (0xfe043703) x14 0x0000000080012064 mem 0x0000000080031f50
core   0: 0x000000008000ff8c (0xfcf76de3) bltu    a4, a5, pc - 38
core   0: 3 0x000000008000ff8c (0xfcf76de3)
core   0: 0x000000008000ff66 (0xfe043783) ld      a5, -32(s0)
core   0: 3 0x000000008000ff66 (0xfe043783) x15 0x0000000080012064 mem 0x0000000080031f50
core   0: 0x000000008000ff6a (0x00178713) addi    a4, a5, 1
core   0: 3 0x000000008000ff6a (0x00178713) x14 0x0000000080012065
core   0: 0x000000008000ff6e (0xfee43023) sd      a4, -32(s0)
core   0: 3 0x000000008000ff6e (0xfee43023) mem 0x0000000080031f50 0x0000000080012065
core   0: 0x000000008000ff72 (0xfc442703) lw      a4, -60(s0)
core   0: 3 0x000000008000ff72 (0xfc442703) x14 0x0000000000000000 mem 0x0000000080031f34
core   0: 0x000000008000ff76 (0x0ff77713) andi    a4, a4, 255
core   0: 3 0x000000008000ff76 (0x0ff77713) x14 0x0000000000000000
core   0: 0x000000008000ff7a (0x00e78023) sb      a4, 0(a5)
core   0: 3 0x000000008000ff7a (0x00e78023) mem 0x0000000080012064 0x00
core   0: 0x000000008000ff7e (0xfc843703) ld      a4, -56(s0)
core   0: 3 0x000000008000ff7e (0xfc843703) x14 0x0000000080012040 mem 0x0000000080031f38
core   0: 0x000000008000ff82 (0xfb843783) ld      a5, -72(s0)
core   0: 3 0x000000008000ff82 (0xfb843783) x15 0x000000000000009c mem 0x0000000080031f28
core   0: 0x000000008000ff86 (0x000097ba) c.add   a5, a4
core   0: 3 0x000000008000ff86 (0x97ba) x15 0x00000000800120dc
core   0: 0x000000008000ff88 (0xfe043703) ld      a4, -32(s0)
core   0: 3 0x000000008000ff88 (0xfe043703) x14 0x0000000080012065 mem 0x0000000080031f50
core   0: 0x000000008000ff8c (0xfcf76de3) bltu    a4, a5, pc - 38
core   0: 3 0x000000008000ff8c (0xfcf76de3)
core   0: 0x000000008000ff66 (0xfe043783) ld      a5, -32(s0)
core   0: 3 0x000000008000ff66 (0xfe043783) x15 0x0000000080012065 mem 0x0000000080031f50
core   0: 0x000000008000ff6a (0x00178713) addi    a4, a5, 1
core   0: 3 0x000000008000ff6a (0x00178713) x14 0x0000000080012066
core   0: 0x000000008000ff6e (0xfee43023) sd      a4, -32(s0)
core   0: 3 0x000000008000ff6e (0xfee43023) mem 0x0000000080031f50 0x0000000080012066
core   0: 0x000000008000ff72 (0xfc442703) lw      a4, -60(s0)
core   0: 3 0x000000008000ff72 (0xfc442703) x14 0x0000000000000000 mem 0x0000000080031f34
core   0: 0x000000008000ff76 (0x0ff77713) andi    a4, a4, 255
core   0: 3 0x000000008000ff76 (0x0ff77713) x14 0x0000000000000000
core   0: 0x000000008000ff7a (0x00e78023) sb      a4, 0(a5)
core   0: 3 0x000000008000ff7a (0x00e78023) mem 0x0000000080012065 0x00
core   0: 0x000000008000ff7e (0xfc843703) ld      a4, -56(s0)
core   0: 3 0x000000008000ff7e (0xfc843703) x14 0x0000000080012040 mem 0x0000000080031f38
core   0: 0x000000008000ff82 (0xfb843783) ld      a5, -72(s0)
core   0: 3 0x000000008000ff82 (0xfb843783) x15 0x000000000000009c mem 0x0000000080031f28
core   0: 0x000000008000ff86 (0x000097ba) c.add   a5, a4
core   0: 3 0x000000008000ff86 (0x97ba) x15 0x00000000800120dc
core   0: 0x000000008000ff88 (0xfe043703) ld      a4, -32(s0)
core   0: 3 0x000000008000ff88 (0xfe043703) x14 0x0000000080012066 mem 0x0000000080031f50
core   0: 0x000000008000ff8c (0xfcf76de3) bltu    a4, a5, pc - 38
core   0: 3 0x000000008000ff8c (0xfcf76de3)
core   0: 0x000000008000ff66 (0xfe043783) ld      a5, -32(s0)
core   0: 3 0x000000008000ff66 (0xfe043783) x15 0x0000000080012066 mem 0x0000000080031f50
core   0: 0x000000008000ff6a (0x00178713) addi    a4, a5, 1
core   0: 3 0x000000008000ff6a (0x00178713) x14 0x0000000080012067
core   0: 0x000000008000ff6e (0xfee43023) sd      a4, -32(s0)
core   0: 3 0x000000008000ff6e (0xfee43023) mem 0x0000000080031f50 0x0000000080012067
core   0: 0x000000008000ff72 (0xfc442703) lw      a4, -60(s0)
core   0: 3 0x000000008000ff72 (0xfc442703) x14 0x0000000000000000 mem 0x0000000080031f34
core   0: 0x000000008000ff76 (0x0ff77713) andi    a4, a4, 255
core   0: 3 0x000000008000ff76 (0x0ff77713) x14 0x0000000000000000
core   0: 0x000000008000ff7a (0x00e78023) sb      a4, 0(a5)
core   0: 3 0x000000008000ff7a (0x00e78023) mem 0x0000000080012066 0x00
core   0: 0x000000008000ff7e (0xfc843703) ld      a4, -56(s0)
core   0: 3 0x000000008000ff7e (0xfc843703) x14 0x0000000080012040 mem 0x0000000080031f38
core   0: 0x000000008000ff82 (0xfb843783) ld      a5, -72(s0)
core   0: 3 0x000000008000ff82 (0xfb843783) x15 0x000000000000009c mem 0x0000000080031f28
core   0: 0x000000008000ff86 (0x000097ba) c.add   a5, a4
core   0: 3 0x000000008000ff86 (0x97ba) x15 0x00000000800120dc
core   0: 0x000000008000ff88 (0xfe043703) ld      a4, -32(s0)
core   0: 3 0x000000008000ff88 (0xfe043703) x14 0x0000000080012067 mem 0x0000000080031f50
core   0: 0x000000008000ff8c (0xfcf76de3) bltu    a4, a5, pc - 38
core   0: 3 0x000000008000ff8c (0xfcf76de3)
core   0: 0x000000008000ff66 (0xfe043783) ld      a5, -32(s0)
core   0: 3 0x000000008000ff66 (0xfe043783) x15 0x0000000080012067 mem 0x0000000080031f50
core   0: 0x000000008000ff6a (0x00178713) addi    a4, a5, 1
core   0: 3 0x000000008000ff6a (0x00178713) x14 0x0000000080012068
core   0: 0x000000008000ff6e (0xfee43023) sd      a4, -32(s0)
core   0: 3 0x000000008000ff6e (0xfee43023) mem 0x0000000080031f50 0x0000000080012068
core   0: 0x000000008000ff72 (0xfc442703) lw      a4, -60(s0)
core   0: 3 0x000000008000ff72 (0xfc442703) x14 0x0000000000000000 mem 0x0000000080031f34
core   0: 0x000000008000ff76 (0x0ff77713) andi    a4, a4, 255
core   0: 3 0x000000008000ff76 (0x0ff77713) x14 0x0000000000000000
core   0: 0x000000008000ff7a (0x00e78023) sb      a4, 0(a5)
core   0: 3 0x000000008000ff7a (0x00e78023) mem 0x0000000080012067 0x00
core   0: 0x000000008000ff7e (0xfc843703) ld      a4, -56(s0)
core   0: 3 0x000000008000ff7e (0xfc843703) x14 0x0000000080012040 mem 0x0000000080031f38
core   0: 0x000000008000ff82 (0xfb843783) ld      a5, -72(s0)
core   0: 3 0x000000008000ff82 (0xfb843783) x15 0x000000000000009c mem 0x0000000080031f28
core   0: 0x000000008000ff86 (0x000097ba) c.add   a5, a4
core   0: 3 0x000000008000ff86 (0x97ba) x15 0x00000000800120dc
core   0: 0x000000008000ff88 (0xfe043703) ld      a4, -32(s0)
core   0: 3 0x000000008000ff88 (0xfe043703) x14 0x0000000080012068 mem 0x0000000080031f50
core   0: 0x000000008000ff8c (0xfcf76de3) bltu    a4, a5, pc - 38
core   0: 3 0x000000008000ff8c (0xfcf76de3)
core   0: 0x000000008000ff66 (0xfe043783) ld      a5, -32(s0)
core   0: 3 0x000000008000ff66 (0xfe043783) x15 0x0000000080012068 mem 0x0000000080031f50
core   0: 0x000000008000ff6a (0x00178713) addi    a4, a5, 1
core   0: 3 0x000000008000ff6a (0x00178713) x14 0x0000000080012069
core   0: 0x000000008000ff6e (0xfee43023) sd      a4, -32(s0)
core   0: 3 0x000000008000ff6e (0xfee43023) mem 0x0000000080031f50 0x0000000080012069
core   0: 0x000000008000ff72 (0xfc442703) lw      a4, -60(s0)
core   0: 3 0x000000008000ff72 (0xfc442703) x14 0x0000000000000000 mem 0x0000000080031f34
core   0: 0x000000008000ff76 (0x0ff77713) andi    a4, a4, 255
core   0: 3 0x000000008000ff76 (0x0ff77713) x14 0x0000000000000000
core   0: 0x000000008000ff7a (0x00e78023) sb      a4, 0(a5)
core   0: 3 0x000000008000ff7a (0x00e78023) mem 0x0000000080012068 0x00
core   0: 0x000000008000ff7e (0xfc843703) ld      a4, -56(s0)
core   0: 3 0x000000008000ff7e (0xfc843703) x14 0x0000000080012040 mem 0x0000000080031f38
core   0: 0x000000008000ff82 (0xfb843783) ld      a5, -72(s0)
core   0: 3 0x000000008000ff82 (0xfb843783) x15 0x000000000000009c mem 0x0000000080031f28
core   0: 0x000000008000ff86 (0x000097ba) c.add   a5, a4
core   0: 3 0x000000008000ff86 (0x97ba) x15 0x00000000800120dc
core   0: 0x000000008000ff88 (0xfe043703) ld      a4, -32(s0)
core   0: 3 0x000000008000ff88 (0xfe043703) x14 0x0000000080012069 mem 0x0000000080031f50
core   0: 0x000000008000ff8c (0xfcf76de3) bltu    a4, a5, pc - 38
core   0: 3 0x000000008000ff8c (0xfcf76de3)
core   0: 0x000000008000ff66 (0xfe043783) ld      a5, -32(s0)
core   0: 3 0x000000008000ff66 (0xfe043783) x15 0x0000000080012069 mem 0x0000000080031f50
core   0: 0x000000008000ff6a (0x00178713) addi    a4, a5, 1
core   0: 3 0x000000008000ff6a (0x00178713) x14 0x000000008001206a
core   0: 0x000000008000ff6e (0xfee43023) sd      a4, -32(s0)
core   0: 3 0x000000008000ff6e (0xfee43023) mem 0x0000000080031f50 0x000000008001206a
core   0: 0x000000008000ff72 (0xfc442703) lw      a4, -60(s0)
core   0: 3 0x000000008000ff72 (0xfc442703) x14 0x0000000000000000 mem 0x0000000080031f34
core   0: 0x000000008000ff76 (0x0ff77713) andi    a4, a4, 255
core   0: 3 0x000000008000ff76 (0x0ff77713) x14 0x0000000000000000
core   0: 0x000000008000ff7a (0x00e78023) sb      a4, 0(a5)
core   0: 3 0x000000008000ff7a (0x00e78023) mem 0x0000000080012069 0x00
core   0: 0x000000008000ff7e (0xfc843703) ld      a4, -56(s0)
core   0: 3 0x000000008000ff7e (0xfc843703) x14 0x0000000080012040 mem 0x0000000080031f38
core   0: 0x000000008000ff82 (0xfb843783) ld      a5, -72(s0)
core   0: 3 0x000000008000ff82 (0xfb843783) x15 0x000000000000009c mem 0x0000000080031f28
core   0: 0x000000008000ff86 (0x000097ba) c.add   a5, a4
core   0: 3 0x000000008000ff86 (0x97ba) x15 0x00000000800120dc
core   0: 0x000000008000ff88 (0xfe043703) ld      a4, -32(s0)
core   0: 3 0x000000008000ff88 (0xfe043703) x14 0x000000008001206a mem 0x0000000080031f50
core   0: 0x000000008000ff8c (0xfcf76de3) bltu    a4, a5, pc - 38
core   0: 3 0x000000008000ff8c (0xfcf76de3)
core   0: 0x000000008000ff66 (0xfe043783) ld      a5, -32(s0)
core   0: 3 0x000000008000ff66 (0xfe043783) x15 0x000000008001206a mem 0x0000000080031f50
core   0: 0x000000008000ff6a (0x00178713) addi    a4, a5, 1
core   0: 3 0x000000008000ff6a (0x00178713) x14 0x000000008001206b
core   0: 0x000000008000ff6e (0xfee43023) sd      a4, -32(s0)
core   0: 3 0x000000008000ff6e (0xfee43023) mem 0x0000000080031f50 0x000000008001206b
core   0: 0x000000008000ff72 (0xfc442703) lw      a4, -60(s0)
core   0: 3 0x000000008000ff72 (0xfc442703) x14 0x0000000000000000 mem 0x0000000080031f34
core   0: 0x000000008000ff76 (0x0ff77713) andi    a4, a4, 255
core   0: 3 0x000000008000ff76 (0x0ff77713) x14 0x0000000000000000
core   0: 0x000000008000ff7a (0x00e78023) sb      a4, 0(a5)
core   0: 3 0x000000008000ff7a (0x00e78023) mem 0x000000008001206a 0x00
core   0: 0x000000008000ff7e (0xfc843703) ld      a4, -56(s0)
core   0: 3 0x000000008000ff7e (0xfc843703) x14 0x0000000080012040 mem 0x0000000080031f38
core   0: 0x000000008000ff82 (0xfb843783) ld      a5, -72(s0)
core   0: 3 0x000000008000ff82 (0xfb843783) x15 0x000000000000009c mem 0x0000000080031f28
core   0: 0x000000008000ff86 (0x000097ba) c.add   a5, a4
core   0: 3 0x000000008000ff86 (0x97ba) x15 0x00000000800120dc
core   0: 0x000000008000ff88 (0xfe043703) ld      a4, -32(s0)
core   0: 3 0x000000008000ff88 (0xfe043703) x14 0x000000008001206b mem 0x0000000080031f50
core   0: 0x000000008000ff8c (0xfcf76de3) bltu    a4, a5, pc - 38
core   0: 3 0x000000008000ff8c (0xfcf76de3)
core   0: 0x000000008000ff66 (0xfe043783) ld      a5, -32(s0)
core   0: 3 0x000000008000ff66 (0xfe043783) x15 0x000000008001206b mem 0x0000000080031f50
core   0: 0x000000008000ff6a (0x00178713) addi    a4, a5, 1
core   0: 3 0x000000008000ff6a (0x00178713) x14 0x000000008001206c
core   0: 0x000000008000ff6e (0xfee43023) sd      a4, -32(s0)
core   0: 3 0x000000008000ff6e (0xfee43023) mem 0x0000000080031f50 0x000000008001206c
core   0: 0x000000008000ff72 (0xfc442703) lw      a4, -60(s0)
core   0: 3 0x000000008000ff72 (0xfc442703) x14 0x0000000000000000 mem 0x0000000080031f34
core   0: 0x000000008000ff76 (0x0ff77713) andi    a4, a4, 255
core   0: 3 0x000000008000ff76 (0x0ff77713) x14 0x0000000000000000
core   0: 0x000000008000ff7a (0x00e78023) sb      a4, 0(a5)
core   0: 3 0x000000008000ff7a (0x00e78023) mem 0x000000008001206b 0x00
core   0: 0x000000008000ff7e (0xfc843703) ld      a4, -56(s0)
core   0: 3 0x000000008000ff7e (0xfc843703) x14 0x0000000080012040 mem 0x0000000080031f38
core   0: 0x000000008000ff82 (0xfb843783) ld      a5, -72(s0)
core   0: 3 0x000000008000ff82 (0xfb843783) x15 0x000000000000009c mem 0x0000000080031f28
core   0: 0x000000008000ff86 (0x000097ba) c.add   a5, a4
core   0: 3 0x000000008000ff86 (0x97ba) x15 0x00000000800120dc
core   0: 0x000000008000ff88 (0xfe043703) ld      a4, -32(s0)
core   0: 3 0x000000008000ff88 (0xfe043703) x14 0x000000008001206c mem 0x0000000080031f50
core   0: 0x000000008000ff8c (0xfcf76de3) bltu    a4, a5, pc - 38
core   0: 3 0x000000008000ff8c (0xfcf76de3)
core   0: 0x000000008000ff66 (0xfe043783) ld      a5, -32(s0)
core   0: 3 0x000000008000ff66 (0xfe043783) x15 0x000000008001206c mem 0x0000000080031f50
core   0: 0x000000008000ff6a (0x00178713) addi    a4, a5, 1
core   0: 3 0x000000008000ff6a (0x00178713) x14 0x000000008001206d
core   0: 0x000000008000ff6e (0xfee43023) sd      a4, -32(s0)
core   0: 3 0x000000008000ff6e (0xfee43023) mem 0x0000000080031f50 0x000000008001206d
core   0: 0x000000008000ff72 (0xfc442703) lw      a4, -60(s0)
core   0: 3 0x000000008000ff72 (0xfc442703) x14 0x0000000000000000 mem 0x0000000080031f34
core   0: 0x000000008000ff76 (0x0ff77713) andi    a4, a4, 255
core   0: 3 0x000000008000ff76 (0x0ff77713) x14 0x0000000000000000
core   0: 0x000000008000ff7a (0x00e78023) sb      a4, 0(a5)
core   0: 3 0x000000008000ff7a (0x00e78023) mem 0x000000008001206c 0x00
core   0: 0x000000008000ff7e (0xfc843703) ld      a4, -56(s0)
core   0: 3 0x000000008000ff7e (0xfc843703) x14 0x0000000080012040 mem 0x0000000080031f38
core   0: 0x000000008000ff82 (0xfb843783) ld      a5, -72(s0)
core   0: 3 0x000000008000ff82 (0xfb843783) x15 0x000000000000009c mem 0x0000000080031f28
core   0: 0x000000008000ff86 (0x000097ba) c.add   a5, a4
core   0: 3 0x000000008000ff86 (0x97ba) x15 0x00000000800120dc
core   0: 0x000000008000ff88 (0xfe043703) ld      a4, -32(s0)
core   0: 3 0x000000008000ff88 (0xfe043703) x14 0x000000008001206d mem 0x0000000080031f50
core   0: 0x000000008000ff8c (0xfcf76de3) bltu    a4, a5, pc - 38
core   0: 3 0x000000008000ff8c (0xfcf76de3)
core   0: 0x000000008000ff66 (0xfe043783) ld      a5, -32(s0)
core   0: 3 0x000000008000ff66 (0xfe043783) x15 0x000000008001206d mem 0x0000000080031f50
core   0: 0x000000008000ff6a (0x00178713) addi    a4, a5, 1
core   0: 3 0x000000008000ff6a (0x00178713) x14 0x000000008001206e
core   0: 0x000000008000ff6e (0xfee43023) sd      a4, -32(s0)
core   0: 3 0x000000008000ff6e (0xfee43023) mem 0x0000000080031f50 0x000000008001206e
core   0: 0x000000008000ff72 (0xfc442703) lw      a4, -60(s0)
core   0: 3 0x000000008000ff72 (0xfc442703) x14 0x0000000000000000 mem 0x0000000080031f34
core   0: 0x000000008000ff76 (0x0ff77713) andi    a4, a4, 255
core   0: 3 0x000000008000ff76 (0x0ff77713) x14 0x0000000000000000
core   0: 0x000000008000ff7a (0x00e78023) sb      a4, 0(a5)
core   0: 3 0x000000008000ff7a (0x00e78023) mem 0x000000008001206d 0x00
core   0: 0x000000008000ff7e (0xfc843703) ld      a4, -56(s0)
core   0: 3 0x000000008000ff7e (0xfc843703) x14 0x0000000080012040 mem 0x0000000080031f38
core   0: 0x000000008000ff82 (0xfb843783) ld      a5, -72(s0)
core   0: 3 0x000000008000ff82 (0xfb843783) x15 0x000000000000009c mem 0x0000000080031f28
core   0: 0x000000008000ff86 (0x000097ba) c.add   a5, a4
core   0: 3 0x000000008000ff86 (0x97ba) x15 0x00000000800120dc
core   0: 0x000000008000ff88 (0xfe043703) ld      a4, -32(s0)
core   0: 3 0x000000008000ff88 (0xfe043703) x14 0x000000008001206e mem 0x0000000080031f50
core   0: 0x000000008000ff8c (0xfcf76de3) bltu    a4, a5, pc - 38
core   0: 3 0x000000008000ff8c (0xfcf76de3)
core   0: 0x000000008000ff66 (0xfe043783) ld      a5, -32(s0)
core   0: 3 0x000000008000ff66 (0xfe043783) x15 0x000000008001206e mem 0x0000000080031f50
core   0: 0x000000008000ff6a (0x00178713) addi    a4, a5, 1
core   0: 3 0x000000008000ff6a (0x00178713) x14 0x000000008001206f
core   0: 0x000000008000ff6e (0xfee43023) sd      a4, -32(s0)
core   0: 3 0x000000008000ff6e (0xfee43023) mem 0x0000000080031f50 0x000000008001206f
core   0: 0x000000008000ff72 (0xfc442703) lw      a4, -60(s0)
core   0: 3 0x000000008000ff72 (0xfc442703) x14 0x0000000000000000 mem 0x0000000080031f34
core   0: 0x000000008000ff76 (0x0ff77713) andi    a4, a4, 255
core   0: 3 0x000000008000ff76 (0x0ff77713) x14 0x0000000000000000
core   0: 0x000000008000ff7a (0x00e78023) sb      a4, 0(a5)
core   0: 3 0x000000008000ff7a (0x00e78023) mem 0x000000008001206e 0x00
core   0: 0x000000008000ff7e (0xfc843703) ld      a4, -56(s0)
core   0: 3 0x000000008000ff7e (0xfc843703) x14 0x0000000080012040 mem 0x0000000080031f38
core   0: 0x000000008000ff82 (0xfb843783) ld      a5, -72(s0)
core   0: 3 0x000000008000ff82 (0xfb843783) x15 0x000000000000009c mem 0x0000000080031f28
core   0: 0x000000008000ff86 (0x000097ba) c.add   a5, a4
core   0: 3 0x000000008000ff86 (0x97ba) x15 0x00000000800120dc
core   0: 0x000000008000ff88 (0xfe043703) ld      a4, -32(s0)
core   0: 3 0x000000008000ff88 (0xfe043703) x14 0x000000008001206f mem 0x0000000080031f50
core   0: 0x000000008000ff8c (0xfcf76de3) bltu    a4, a5, pc - 38
core   0: 3 0x000000008000ff8c (0xfcf76de3)
core   0: 0x000000008000ff66 (0xfe043783) ld      a5, -32(s0)
core   0: 3 0x000000008000ff66 (0xfe043783) x15 0x000000008001206f mem 0x0000000080031f50
core   0: 0x000000008000ff6a (0x00178713) addi    a4, a5, 1
core   0: 3 0x000000008000ff6a (0x00178713) x14 0x0000000080012070
core   0: 0x000000008000ff6e (0xfee43023) sd      a4, -32(s0)
core   0: 3 0x000000008000ff6e (0xfee43023) mem 0x0000000080031f50 0x0000000080012070
core   0: 0x000000008000ff72 (0xfc442703) lw      a4, -60(s0)
core   0: 3 0x000000008000ff72 (0xfc442703) x14 0x0000000000000000 mem 0x0000000080031f34
core   0: 0x000000008000ff76 (0x0ff77713) andi    a4, a4, 255
core   0: 3 0x000000008000ff76 (0x0ff77713) x14 0x0000000000000000
core   0: 0x000000008000ff7a (0x00e78023) sb      a4, 0(a5)
core   0: 3 0x000000008000ff7a (0x00e78023) mem 0x000000008001206f 0x00
core   0: 0x000000008000ff7e (0xfc843703) ld      a4, -56(s0)
core   0: 3 0x000000008000ff7e (0xfc843703) x14 0x0000000080012040 mem 0x0000000080031f38
core   0: 0x000000008000ff82 (0xfb843783) ld      a5, -72(s0)
core   0: 3 0x000000008000ff82 (0xfb843783) x15 0x000000000000009c mem 0x0000000080031f28
core   0: 0x000000008000ff86 (0x000097ba) c.add   a5, a4
core   0: 3 0x000000008000ff86 (0x97ba) x15 0x00000000800120dc
core   0: 0x000000008000ff88 (0xfe043703) ld      a4, -32(s0)
core   0: 3 0x000000008000ff88 (0xfe043703) x14 0x0000000080012070 mem 0x0000000080031f50
core   0: 0x000000008000ff8c (0xfcf76de3) bltu    a4, a5, pc - 38
core   0: 3 0x000000008000ff8c (0xfcf76de3)
core   0: 0x000000008000ff66 (0xfe043783) ld      a5, -32(s0)
core   0: 3 0x000000008000ff66 (0xfe043783) x15 0x0000000080012070 mem 0x0000000080031f50
core   0: 0x000000008000ff6a (0x00178713) addi    a4, a5, 1
core   0: 3 0x000000008000ff6a (0x00178713) x14 0x0000000080012071
core   0: 0x000000008000ff6e (0xfee43023) sd      a4, -32(s0)
core   0: 3 0x000000008000ff6e (0xfee43023) mem 0x0000000080031f50 0x0000000080012071
core   0: 0x000000008000ff72 (0xfc442703) lw      a4, -60(s0)
core   0: 3 0x000000008000ff72 (0xfc442703) x14 0x0000000000000000 mem 0x0000000080031f34
core   0: 0x000000008000ff76 (0x0ff77713) andi    a4, a4, 255
core   0: 3 0x000000008000ff76 (0x0ff77713) x14 0x0000000000000000
core   0: 0x000000008000ff7a (0x00e78023) sb      a4, 0(a5)
core   0: 3 0x000000008000ff7a (0x00e78023) mem 0x0000000080012070 0x00
core   0: 0x000000008000ff7e (0xfc843703) ld      a4, -56(s0)
core   0: 3 0x000000008000ff7e (0xfc843703) x14 0x0000000080012040 mem 0x0000000080031f38
core   0: 0x000000008000ff82 (0xfb843783) ld      a5, -72(s0)
core   0: 3 0x000000008000ff82 (0xfb843783) x15 0x000000000000009c mem 0x0000000080031f28
core   0: 0x000000008000ff86 (0x000097ba) c.add   a5, a4
core   0: 3 0x000000008000ff86 (0x97ba) x15 0x00000000800120dc
core   0: 0x000000008000ff88 (0xfe043703) ld      a4, -32(s0)
core   0: 3 0x000000008000ff88 (0xfe043703) x14 0x0000000080012071 mem 0x0000000080031f50
core   0: 0x000000008000ff8c (0xfcf76de3) bltu    a4, a5, pc - 38
core   0: 3 0x000000008000ff8c (0xfcf76de3)
core   0: 0x000000008000ff66 (0xfe043783) ld      a5, -32(s0)
core   0: 3 0x000000008000ff66 (0xfe043783) x15 0x0000000080012071 mem 0x0000000080031f50
core   0: 0x000000008000ff6a (0x00178713) addi    a4, a5, 1
core   0: 3 0x000000008000ff6a (0x00178713) x14 0x0000000080012072
core   0: 0x000000008000ff6e (0xfee43023) sd      a4, -32(s0)
core   0: 3 0x000000008000ff6e (0xfee43023) mem 0x0000000080031f50 0x0000000080012072
core   0: 0x000000008000ff72 (0xfc442703) lw      a4, -60(s0)
core   0: 3 0x000000008000ff72 (0xfc442703) x14 0x0000000000000000 mem 0x0000000080031f34
core   0: 0x000000008000ff76 (0x0ff77713) andi    a4, a4, 255
core   0: 3 0x000000008000ff76 (0x0ff77713) x14 0x0000000000000000
core   0: 0x000000008000ff7a (0x00e78023) sb      a4, 0(a5)
core   0: 3 0x000000008000ff7a (0x00e78023) mem 0x0000000080012071 0x00
core   0: 0x000000008000ff7e (0xfc843703) ld      a4, -56(s0)
core   0: 3 0x000000008000ff7e (0xfc843703) x14 0x0000000080012040 mem 0x0000000080031f38
core   0: 0x000000008000ff82 (0xfb843783) ld      a5, -72(s0)
core   0: 3 0x000000008000ff82 (0xfb843783) x15 0x000000000000009c mem 0x0000000080031f28
core   0: 0x000000008000ff86 (0x000097ba) c.add   a5, a4
core   0: 3 0x000000008000ff86 (0x97ba) x15 0x00000000800120dc
core   0: 0x000000008000ff88 (0xfe043703) ld      a4, -32(s0)
core   0: 3 0x000000008000ff88 (0xfe043703) x14 0x0000000080012072 mem 0x0000000080031f50
core   0: 0x000000008000ff8c (0xfcf76de3) bltu    a4, a5, pc - 38
core   0: 3 0x000000008000ff8c (0xfcf76de3)
core   0: 0x000000008000ff66 (0xfe043783) ld      a5, -32(s0)
core   0: 3 0x000000008000ff66 (0xfe043783) x15 0x0000000080012072 mem 0x0000000080031f50
core   0: 0x000000008000ff6a (0x00178713) addi    a4, a5, 1
core   0: 3 0x000000008000ff6a (0x00178713) x14 0x0000000080012073
core   0: 0x000000008000ff6e (0xfee43023) sd      a4, -32(s0)
core   0: 3 0x000000008000ff6e (0xfee43023) mem 0x0000000080031f50 0x0000000080012073
core   0: 0x000000008000ff72 (0xfc442703) lw      a4, -60(s0)
core   0: 3 0x000000008000ff72 (0xfc442703) x14 0x0000000000000000 mem 0x0000000080031f34
core   0: 0x000000008000ff76 (0x0ff77713) andi    a4, a4, 255
core   0: 3 0x000000008000ff76 (0x0ff77713) x14 0x0000000000000000
core   0: 0x000000008000ff7a (0x00e78023) sb      a4, 0(a5)
core   0: 3 0x000000008000ff7a (0x00e78023) mem 0x0000000080012072 0x00
core   0: 0x000000008000ff7e (0xfc843703) ld      a4, -56(s0)
core   0: 3 0x000000008000ff7e (0xfc843703) x14 0x0000000080012040 mem 0x0000000080031f38
core   0: 0x000000008000ff82 (0xfb843783) ld      a5, -72(s0)
core   0: 3 0x000000008000ff82 (0xfb843783) x15 0x000000000000009c mem 0x0000000080031f28
core   0: 0x000000008000ff86 (0x000097ba) c.add   a5, a4
core   0: 3 0x000000008000ff86 (0x97ba) x15 0x00000000800120dc
core   0: 0x000000008000ff88 (0xfe043703) ld      a4, -32(s0)
core   0: 3 0x000000008000ff88 (0xfe043703) x14 0x0000000080012073 mem 0x0000000080031f50
core   0: 0x000000008000ff8c (0xfcf76de3) bltu    a4, a5, pc - 38
core   0: 3 0x000000008000ff8c (0xfcf76de3)
core   0: 0x000000008000ff66 (0xfe043783) ld      a5, -32(s0)
core   0: 3 0x000000008000ff66 (0xfe043783) x15 0x0000000080012073 mem 0x0000000080031f50
core   0: 0x000000008000ff6a (0x00178713) addi    a4, a5, 1
core   0: 3 0x000000008000ff6a (0x00178713) x14 0x0000000080012074
core   0: 0x000000008000ff6e (0xfee43023) sd      a4, -32(s0)
core   0: 3 0x000000008000ff6e (0xfee43023) mem 0x0000000080031f50 0x0000000080012074
core   0: 0x000000008000ff72 (0xfc442703) lw      a4, -60(s0)
core   0: 3 0x000000008000ff72 (0xfc442703) x14 0x0000000000000000 mem 0x0000000080031f34
core   0: 0x000000008000ff76 (0x0ff77713) andi    a4, a4, 255
core   0: 3 0x000000008000ff76 (0x0ff77713) x14 0x0000000000000000
core   0: 0x000000008000ff7a (0x00e78023) sb      a4, 0(a5)
core   0: 3 0x000000008000ff7a (0x00e78023) mem 0x0000000080012073 0x00
core   0: 0x000000008000ff7e (0xfc843703) ld      a4, -56(s0)
core   0: 3 0x000000008000ff7e (0xfc843703) x14 0x0000000080012040 mem 0x0000000080031f38
core   0: 0x000000008000ff82 (0xfb843783) ld      a5, -72(s0)
core   0: 3 0x000000008000ff82 (0xfb843783) x15 0x000000000000009c mem 0x0000000080031f28
core   0: 0x000000008000ff86 (0x000097ba) c.add   a5, a4
core   0: 3 0x000000008000ff86 (0x97ba) x15 0x00000000800120dc
core   0: 0x000000008000ff88 (0xfe043703) ld      a4, -32(s0)
core   0: 3 0x000000008000ff88 (0xfe043703) x14 0x0000000080012074 mem 0x0000000080031f50
core   0: 0x000000008000ff8c (0xfcf76de3) bltu    a4, a5, pc - 38
core   0: 3 0x000000008000ff8c (0xfcf76de3)
core   0: 0x000000008000ff66 (0xfe043783) ld      a5, -32(s0)
core   0: 3 0x000000008000ff66 (0xfe043783) x15 0x0000000080012074 mem 0x0000000080031f50
core   0: 0x000000008000ff6a (0x00178713) addi    a4, a5, 1
core   0: 3 0x000000008000ff6a (0x00178713) x14 0x0000000080012075
core   0: 0x000000008000ff6e (0xfee43023) sd      a4, -32(s0)
core   0: 3 0x000000008000ff6e (0xfee43023) mem 0x0000000080031f50 0x0000000080012075
core   0: 0x000000008000ff72 (0xfc442703) lw      a4, -60(s0)
core   0: 3 0x000000008000ff72 (0xfc442703) x14 0x0000000000000000 mem 0x0000000080031f34
core   0: 0x000000008000ff76 (0x0ff77713) andi    a4, a4, 255
core   0: 3 0x000000008000ff76 (0x0ff77713) x14 0x0000000000000000
core   0: 0x000000008000ff7a (0x00e78023) sb      a4, 0(a5)
core   0: 3 0x000000008000ff7a (0x00e78023) mem 0x0000000080012074 0x00
core   0: 0x000000008000ff7e (0xfc843703) ld      a4, -56(s0)
core   0: 3 0x000000008000ff7e (0xfc843703) x14 0x0000000080012040 mem 0x0000000080031f38
core   0: 0x000000008000ff82 (0xfb843783) ld      a5, -72(s0)
core   0: 3 0x000000008000ff82 (0xfb843783) x15 0x000000000000009c mem 0x0000000080031f28
core   0: 0x000000008000ff86 (0x000097ba) c.add   a5, a4
core   0: 3 0x000000008000ff86 (0x97ba) x15 0x00000000800120dc
core   0: 0x000000008000ff88 (0xfe043703) ld      a4, -32(s0)
core   0: 3 0x000000008000ff88 (0xfe043703) x14 0x0000000080012075 mem 0x0000000080031f50
core   0: 0x000000008000ff8c (0xfcf76de3) bltu    a4, a5, pc - 38
core   0: 3 0x000000008000ff8c (0xfcf76de3)
core   0: 0x000000008000ff66 (0xfe043783) ld      a5, -32(s0)
core   0: 3 0x000000008000ff66 (0xfe043783) x15 0x0000000080012075 mem 0x0000000080031f50
core   0: 0x000000008000ff6a (0x00178713) addi    a4, a5, 1
core   0: 3 0x000000008000ff6a (0x00178713) x14 0x0000000080012076
core   0: 0x000000008000ff6e (0xfee43023) sd      a4, -32(s0)
core   0: 3 0x000000008000ff6e (0xfee43023) mem 0x0000000080031f50 0x0000000080012076
core   0: 0x000000008000ff72 (0xfc442703) lw      a4, -60(s0)
core   0: 3 0x000000008000ff72 (0xfc442703) x14 0x0000000000000000 mem 0x0000000080031f34
core   0: 0x000000008000ff76 (0x0ff77713) andi    a4, a4, 255
core   0: 3 0x000000008000ff76 (0x0ff77713) x14 0x0000000000000000
core   0: 0x000000008000ff7a (0x00e78023) sb      a4, 0(a5)
core   0: 3 0x000000008000ff7a (0x00e78023) mem 0x0000000080012075 0x00
core   0: 0x000000008000ff7e (0xfc843703) ld      a4, -56(s0)
core   0: 3 0x000000008000ff7e (0xfc843703) x14 0x0000000080012040 mem 0x0000000080031f38
core   0: 0x000000008000ff82 (0xfb843783) ld      a5, -72(s0)
core   0: 3 0x000000008000ff82 (0xfb843783) x15 0x000000000000009c mem 0x0000000080031f28
core   0: 0x000000008000ff86 (0x000097ba) c.add   a5, a4
core   0: 3 0x000000008000ff86 (0x97ba) x15 0x00000000800120dc
core   0: 0x000000008000ff88 (0xfe043703) ld      a4, -32(s0)
core   0: 3 0x000000008000ff88 (0xfe043703) x14 0x0000000080012076 mem 0x0000000080031f50
core   0: 0x000000008000ff8c (0xfcf76de3) bltu    a4, a5, pc - 38
core   0: 3 0x000000008000ff8c (0xfcf76de3)
core   0: 0x000000008000ff66 (0xfe043783) ld      a5, -32(s0)
core   0: 3 0x000000008000ff66 (0xfe043783) x15 0x0000000080012076 mem 0x0000000080031f50
core   0: 0x000000008000ff6a (0x00178713) addi    a4, a5, 1
core   0: 3 0x000000008000ff6a (0x00178713) x14 0x0000000080012077
core   0: 0x000000008000ff6e (0xfee43023) sd      a4, -32(s0)
core   0: 3 0x000000008000ff6e (0xfee43023) mem 0x0000000080031f50 0x0000000080012077
core   0: 0x000000008000ff72 (0xfc442703) lw      a4, -60(s0)
core   0: 3 0x000000008000ff72 (0xfc442703) x14 0x0000000000000000 mem 0x0000000080031f34
core   0: 0x000000008000ff76 (0x0ff77713) andi    a4, a4, 255
core   0: 3 0x000000008000ff76 (0x0ff77713) x14 0x0000000000000000
core   0: 0x000000008000ff7a (0x00e78023) sb      a4, 0(a5)
core   0: 3 0x000000008000ff7a (0x00e78023) mem 0x0000000080012076 0x00
core   0: 0x000000008000ff7e (0xfc843703) ld      a4, -56(s0)
core   0: 3 0x000000008000ff7e (0xfc843703) x14 0x0000000080012040 mem 0x0000000080031f38
core   0: 0x000000008000ff82 (0xfb843783) ld      a5, -72(s0)
core   0: 3 0x000000008000ff82 (0xfb843783) x15 0x000000000000009c mem 0x0000000080031f28
core   0: 0x000000008000ff86 (0x000097ba) c.add   a5, a4
core   0: 3 0x000000008000ff86 (0x97ba) x15 0x00000000800120dc
core   0: 0x000000008000ff88 (0xfe043703) ld      a4, -32(s0)
core   0: 3 0x000000008000ff88 (0xfe043703) x14 0x0000000080012077 mem 0x0000000080031f50
core   0: 0x000000008000ff8c (0xfcf76de3) bltu    a4, a5, pc - 38
core   0: 3 0x000000008000ff8c (0xfcf76de3)
core   0: 0x000000008000ff66 (0xfe043783) ld      a5, -32(s0)
core   0: 3 0x000000008000ff66 (0xfe043783) x15 0x0000000080012077 mem 0x0000000080031f50
core   0: 0x000000008000ff6a (0x00178713) addi    a4, a5, 1
core   0: 3 0x000000008000ff6a (0x00178713) x14 0x0000000080012078
core   0: 0x000000008000ff6e (0xfee43023) sd      a4, -32(s0)
core   0: 3 0x000000008000ff6e (0xfee43023) mem 0x0000000080031f50 0x0000000080012078
core   0: 0x000000008000ff72 (0xfc442703) lw      a4, -60(s0)
core   0: 3 0x000000008000ff72 (0xfc442703) x14 0x0000000000000000 mem 0x0000000080031f34
core   0: 0x000000008000ff76 (0x0ff77713) andi    a4, a4, 255
core   0: 3 0x000000008000ff76 (0x0ff77713) x14 0x0000000000000000
core   0: 0x000000008000ff7a (0x00e78023) sb      a4, 0(a5)
core   0: 3 0x000000008000ff7a (0x00e78023) mem 0x0000000080012077 0x00
core   0: 0x000000008000ff7e (0xfc843703) ld      a4, -56(s0)
core   0: 3 0x000000008000ff7e (0xfc843703) x14 0x0000000080012040 mem 0x0000000080031f38
core   0: 0x000000008000ff82 (0xfb843783) ld      a5, -72(s0)
core   0: 3 0x000000008000ff82 (0xfb843783) x15 0x000000000000009c mem 0x0000000080031f28
core   0: 0x000000008000ff86 (0x000097ba) c.add   a5, a4
core   0: 3 0x000000008000ff86 (0x97ba) x15 0x00000000800120dc
core   0: 0x000000008000ff88 (0xfe043703) ld      a4, -32(s0)
core   0: 3 0x000000008000ff88 (0xfe043703) x14 0x0000000080012078 mem 0x0000000080031f50
core   0: 0x000000008000ff8c (0xfcf76de3) bltu    a4, a5, pc - 38
core   0: 3 0x000000008000ff8c (0xfcf76de3)
core   0: 0x000000008000ff66 (0xfe043783) ld      a5, -32(s0)
core   0: 3 0x000000008000ff66 (0xfe043783) x15 0x0000000080012078 mem 0x0000000080031f50
core   0: 0x000000008000ff6a (0x00178713) addi    a4, a5, 1
core   0: 3 0x000000008000ff6a (0x00178713) x14 0x0000000080012079
core   0: 0x000000008000ff6e (0xfee43023) sd      a4, -32(s0)
core   0: 3 0x000000008000ff6e (0xfee43023) mem 0x0000000080031f50 0x0000000080012079
core   0: 0x000000008000ff72 (0xfc442703) lw      a4, -60(s0)
core   0: 3 0x000000008000ff72 (0xfc442703) x14 0x0000000000000000 mem 0x0000000080031f34
core   0: 0x000000008000ff76 (0x0ff77713) andi    a4, a4, 255
core   0: 3 0x000000008000ff76 (0x0ff77713) x14 0x0000000000000000
core   0: 0x000000008000ff7a (0x00e78023) sb      a4, 0(a5)
core   0: 3 0x000000008000ff7a (0x00e78023) mem 0x0000000080012078 0x00
core   0: 0x000000008000ff7e (0xfc843703) ld      a4, -56(s0)
core   0: 3 0x000000008000ff7e (0xfc843703) x14 0x0000000080012040 mem 0x0000000080031f38
core   0: 0x000000008000ff82 (0xfb843783) ld      a5, -72(s0)
core   0: 3 0x000000008000ff82 (0xfb843783) x15 0x000000000000009c mem 0x0000000080031f28
core   0: 0x000000008000ff86 (0x000097ba) c.add   a5, a4
core   0: 3 0x000000008000ff86 (0x97ba) x15 0x00000000800120dc
core   0: 0x000000008000ff88 (0xfe043703) ld      a4, -32(s0)
core   0: 3 0x000000008000ff88 (0xfe043703) x14 0x0000000080012079 mem 0x0000000080031f50
core   0: 0x000000008000ff8c (0xfcf76de3) bltu    a4, a5, pc - 38
core   0: 3 0x000000008000ff8c (0xfcf76de3)
core   0: 0x000000008000ff66 (0xfe043783) ld      a5, -32(s0)
core   0: 3 0x000000008000ff66 (0xfe043783) x15 0x0000000080012079 mem 0x0000000080031f50
core   0: 0x000000008000ff6a (0x00178713) addi    a4, a5, 1
core   0: 3 0x000000008000ff6a (0x00178713) x14 0x000000008001207a
core   0: 0x000000008000ff6e (0xfee43023) sd      a4, -32(s0)
core   0: 3 0x000000008000ff6e (0xfee43023) mem 0x0000000080031f50 0x000000008001207a
core   0: 0x000000008000ff72 (0xfc442703) lw      a4, -60(s0)
core   0: 3 0x000000008000ff72 (0xfc442703) x14 0x0000000000000000 mem 0x0000000080031f34
core   0: 0x000000008000ff76 (0x0ff77713) andi    a4, a4, 255
core   0: 3 0x000000008000ff76 (0x0ff77713) x14 0x0000000000000000
core   0: 0x000000008000ff7a (0x00e78023) sb      a4, 0(a5)
core   0: 3 0x000000008000ff7a (0x00e78023) mem 0x0000000080012079 0x00
core   0: 0x000000008000ff7e (0xfc843703) ld      a4, -56(s0)
core   0: 3 0x000000008000ff7e (0xfc843703) x14 0x0000000080012040 mem 0x0000000080031f38
core   0: 0x000000008000ff82 (0xfb843783) ld      a5, -72(s0)
core   0: 3 0x000000008000ff82 (0xfb843783) x15 0x000000000000009c mem 0x0000000080031f28
core   0: 0x000000008000ff86 (0x000097ba) c.add   a5, a4
core   0: 3 0x000000008000ff86 (0x97ba) x15 0x00000000800120dc
core   0: 0x000000008000ff88 (0xfe043703) ld      a4, -32(s0)
core   0: 3 0x000000008000ff88 (0xfe043703) x14 0x000000008001207a mem 0x0000000080031f50
core   0: 0x000000008000ff8c (0xfcf76de3) bltu    a4, a5, pc - 38
core   0: 3 0x000000008000ff8c (0xfcf76de3)
core   0: 0x000000008000ff66 (0xfe043783) ld      a5, -32(s0)
core   0: 3 0x000000008000ff66 (0xfe043783) x15 0x000000008001207a mem 0x0000000080031f50
core   0: 0x000000008000ff6a (0x00178713) addi    a4, a5, 1
core   0: 3 0x000000008000ff6a (0x00178713) x14 0x000000008001207b
core   0: 0x000000008000ff6e (0xfee43023) sd      a4, -32(s0)
core   0: 3 0x000000008000ff6e (0xfee43023) mem 0x0000000080031f50 0x000000008001207b
core   0: 0x000000008000ff72 (0xfc442703) lw      a4, -60(s0)
core   0: 3 0x000000008000ff72 (0xfc442703) x14 0x0000000000000000 mem 0x0000000080031f34
core   0: 0x000000008000ff76 (0x0ff77713) andi    a4, a4, 255
core   0: 3 0x000000008000ff76 (0x0ff77713) x14 0x0000000000000000
core   0: 0x000000008000ff7a (0x00e78023) sb      a4, 0(a5)
core   0: 3 0x000000008000ff7a (0x00e78023) mem 0x000000008001207a 0x00
core   0: 0x000000008000ff7e (0xfc843703) ld      a4, -56(s0)
core   0: 3 0x000000008000ff7e (0xfc843703) x14 0x0000000080012040 mem 0x0000000080031f38
core   0: 0x000000008000ff82 (0xfb843783) ld      a5, -72(s0)
core   0: 3 0x000000008000ff82 (0xfb843783) x15 0x000000000000009c mem 0x0000000080031f28
core   0: 0x000000008000ff86 (0x000097ba) c.add   a5, a4
core   0: 3 0x000000008000ff86 (0x97ba) x15 0x00000000800120dc
core   0: 0x000000008000ff88 (0xfe043703) ld      a4, -32(s0)
core   0: 3 0x000000008000ff88 (0xfe043703) x14 0x000000008001207b mem 0x0000000080031f50
core   0: 0x000000008000ff8c (0xfcf76de3) bltu    a4, a5, pc - 38
core   0: 3 0x000000008000ff8c (0xfcf76de3)
core   0: 0x000000008000ff66 (0xfe043783) ld      a5, -32(s0)
core   0: 3 0x000000008000ff66 (0xfe043783) x15 0x000000008001207b mem 0x0000000080031f50
core   0: 0x000000008000ff6a (0x00178713) addi    a4, a5, 1
core   0: 3 0x000000008000ff6a (0x00178713) x14 0x000000008001207c
core   0: 0x000000008000ff6e (0xfee43023) sd      a4, -32(s0)
core   0: 3 0x000000008000ff6e (0xfee43023) mem 0x0000000080031f50 0x000000008001207c
core   0: 0x000000008000ff72 (0xfc442703) lw      a4, -60(s0)
core   0: 3 0x000000008000ff72 (0xfc442703) x14 0x0000000000000000 mem 0x0000000080031f34
core   0: 0x000000008000ff76 (0x0ff77713) andi    a4, a4, 255
core   0: 3 0x000000008000ff76 (0x0ff77713) x14 0x0000000000000000
core   0: 0x000000008000ff7a (0x00e78023) sb      a4, 0(a5)
core   0: 3 0x000000008000ff7a (0x00e78023) mem 0x000000008001207b 0x00
core   0: 0x000000008000ff7e (0xfc843703) ld      a4, -56(s0)
core   0: 3 0x000000008000ff7e (0xfc843703) x14 0x0000000080012040 mem 0x0000000080031f38
core   0: 0x000000008000ff82 (0xfb843783) ld      a5, -72(s0)
core   0: 3 0x000000008000ff82 (0xfb843783) x15 0x000000000000009c mem 0x0000000080031f28
core   0: 0x000000008000ff86 (0x000097ba) c.add   a5, a4
core   0: 3 0x000000008000ff86 (0x97ba) x15 0x00000000800120dc
core   0: 0x000000008000ff88 (0xfe043703) ld      a4, -32(s0)
core   0: 3 0x000000008000ff88 (0xfe043703) x14 0x000000008001207c mem 0x0000000080031f50
core   0: 0x000000008000ff8c (0xfcf76de3) bltu    a4, a5, pc - 38
core   0: 3 0x000000008000ff8c (0xfcf76de3)
core   0: 0x000000008000ff66 (0xfe043783) ld      a5, -32(s0)
core   0: 3 0x000000008000ff66 (0xfe043783) x15 0x000000008001207c mem 0x0000000080031f50
core   0: 0x000000008000ff6a (0x00178713) addi    a4, a5, 1
core   0: 3 0x000000008000ff6a (0x00178713) x14 0x000000008001207d
core   0: 0x000000008000ff6e (0xfee43023) sd      a4, -32(s0)
core   0: 3 0x000000008000ff6e (0xfee43023) mem 0x0000000080031f50 0x000000008001207d
core   0: 0x000000008000ff72 (0xfc442703) lw      a4, -60(s0)
core   0: 3 0x000000008000ff72 (0xfc442703) x14 0x0000000000000000 mem 0x0000000080031f34
core   0: 0x000000008000ff76 (0x0ff77713) andi    a4, a4, 255
core   0: 3 0x000000008000ff76 (0x0ff77713) x14 0x0000000000000000
core   0: 0x000000008000ff7a (0x00e78023) sb      a4, 0(a5)
core   0: 3 0x000000008000ff7a (0x00e78023) mem 0x000000008001207c 0x00
core   0: 0x000000008000ff7e (0xfc843703) ld      a4, -56(s0)
core   0: 3 0x000000008000ff7e (0xfc843703) x14 0x0000000080012040 mem 0x0000000080031f38
core   0: 0x000000008000ff82 (0xfb843783) ld      a5, -72(s0)
core   0: 3 0x000000008000ff82 (0xfb843783) x15 0x000000000000009c mem 0x0000000080031f28
core   0: 0x000000008000ff86 (0x000097ba) c.add   a5, a4
core   0: 3 0x000000008000ff86 (0x97ba) x15 0x00000000800120dc
core   0: 0x000000008000ff88 (0xfe043703) ld      a4, -32(s0)
core   0: 3 0x000000008000ff88 (0xfe043703) x14 0x000000008001207d mem 0x0000000080031f50
core   0: 0x000000008000ff8c (0xfcf76de3) bltu    a4, a5, pc - 38
core   0: 3 0x000000008000ff8c (0xfcf76de3)
core   0: 0x000000008000ff66 (0xfe043783) ld      a5, -32(s0)
core   0: 3 0x000000008000ff66 (0xfe043783) x15 0x000000008001207d mem 0x0000000080031f50
core   0: 0x000000008000ff6a (0x00178713) addi    a4, a5, 1
core   0: 3 0x000000008000ff6a (0x00178713) x14 0x000000008001207e
core   0: 0x000000008000ff6e (0xfee43023) sd      a4, -32(s0)
core   0: 3 0x000000008000ff6e (0xfee43023) mem 0x0000000080031f50 0x000000008001207e
core   0: 0x000000008000ff72 (0xfc442703) lw      a4, -60(s0)
core   0: 3 0x000000008000ff72 (0xfc442703) x14 0x0000000000000000 mem 0x0000000080031f34
core   0: 0x000000008000ff76 (0x0ff77713) andi    a4, a4, 255
core   0: 3 0x000000008000ff76 (0x0ff77713) x14 0x0000000000000000
core   0: 0x000000008000ff7a (0x00e78023) sb      a4, 0(a5)
core   0: 3 0x000000008000ff7a (0x00e78023) mem 0x000000008001207d 0x00
core   0: 0x000000008000ff7e (0xfc843703) ld      a4, -56(s0)
core   0: 3 0x000000008000ff7e (0xfc843703) x14 0x0000000080012040 mem 0x0000000080031f38
core   0: 0x000000008000ff82 (0xfb843783) ld      a5, -72(s0)
core   0: 3 0x000000008000ff82 (0xfb843783) x15 0x000000000000009c mem 0x0000000080031f28
core   0: 0x000000008000ff86 (0x000097ba) c.add   a5, a4
core   0: 3 0x000000008000ff86 (0x97ba) x15 0x00000000800120dc
core   0: 0x000000008000ff88 (0xfe043703) ld      a4, -32(s0)
core   0: 3 0x000000008000ff88 (0xfe043703) x14 0x000000008001207e mem 0x0000000080031f50
core   0: 0x000000008000ff8c (0xfcf76de3) bltu    a4, a5, pc - 38
core   0: 3 0x000000008000ff8c (0xfcf76de3)
core   0: 0x000000008000ff66 (0xfe043783) ld      a5, -32(s0)
core   0: 3 0x000000008000ff66 (0xfe043783) x15 0x000000008001207e mem 0x0000000080031f50
core   0: 0x000000008000ff6a (0x00178713) addi    a4, a5, 1
core   0: 3 0x000000008000ff6a (0x00178713) x14 0x000000008001207f
core   0: 0x000000008000ff6e (0xfee43023) sd      a4, -32(s0)
core   0: 3 0x000000008000ff6e (0xfee43023) mem 0x0000000080031f50 0x000000008001207f
core   0: 0x000000008000ff72 (0xfc442703) lw      a4, -60(s0)
core   0: 3 0x000000008000ff72 (0xfc442703) x14 0x0000000000000000 mem 0x0000000080031f34
core   0: 0x000000008000ff76 (0x0ff77713) andi    a4, a4, 255
core   0: 3 0x000000008000ff76 (0x0ff77713) x14 0x0000000000000000
core   0: 0x000000008000ff7a (0x00e78023) sb      a4, 0(a5)
core   0: 3 0x000000008000ff7a (0x00e78023) mem 0x000000008001207e 0x00
core   0: 0x000000008000ff7e (0xfc843703) ld      a4, -56(s0)
core   0: 3 0x000000008000ff7e (0xfc843703) x14 0x0000000080012040 mem 0x0000000080031f38
core   0: 0x000000008000ff82 (0xfb843783) ld      a5, -72(s0)
core   0: 3 0x000000008000ff82 (0xfb843783) x15 0x000000000000009c mem 0x0000000080031f28
core   0: 0x000000008000ff86 (0x000097ba) c.add   a5, a4
core   0: 3 0x000000008000ff86 (0x97ba) x15 0x00000000800120dc
core   0: 0x000000008000ff88 (0xfe043703) ld      a4, -32(s0)
core   0: 3 0x000000008000ff88 (0xfe043703) x14 0x000000008001207f mem 0x0000000080031f50
core   0: 0x000000008000ff8c (0xfcf76de3) bltu    a4, a5, pc - 38
core   0: 3 0x000000008000ff8c (0xfcf76de3)
core   0: 0x000000008000ff66 (0xfe043783) ld      a5, -32(s0)
core   0: 3 0x000000008000ff66 (0xfe043783) x15 0x000000008001207f mem 0x0000000080031f50
core   0: 0x000000008000ff6a (0x00178713) addi    a4, a5, 1
core   0: 3 0x000000008000ff6a (0x00178713) x14 0x0000000080012080
core   0: 0x000000008000ff6e (0xfee43023) sd      a4, -32(s0)
core   0: 3 0x000000008000ff6e (0xfee43023) mem 0x0000000080031f50 0x0000000080012080
core   0: 0x000000008000ff72 (0xfc442703) lw      a4, -60(s0)
core   0: 3 0x000000008000ff72 (0xfc442703) x14 0x0000000000000000 mem 0x0000000080031f34
core   0: 0x000000008000ff76 (0x0ff77713) andi    a4, a4, 255
core   0: 3 0x000000008000ff76 (0x0ff77713) x14 0x0000000000000000
core   0: 0x000000008000ff7a (0x00e78023) sb      a4, 0(a5)
core   0: 3 0x000000008000ff7a (0x00e78023) mem 0x000000008001207f 0x00
core   0: 0x000000008000ff7e (0xfc843703) ld      a4, -56(s0)
core   0: 3 0x000000008000ff7e (0xfc843703) x14 0x0000000080012040 mem 0x0000000080031f38
core   0: 0x000000008000ff82 (0xfb843783) ld      a5, -72(s0)
core   0: 3 0x000000008000ff82 (0xfb843783) x15 0x000000000000009c mem 0x0000000080031f28
core   0: 0x000000008000ff86 (0x000097ba) c.add   a5, a4
core   0: 3 0x000000008000ff86 (0x97ba) x15 0x00000000800120dc
core   0: 0x000000008000ff88 (0xfe043703) ld      a4, -32(s0)
core   0: 3 0x000000008000ff88 (0xfe043703) x14 0x0000000080012080 mem 0x0000000080031f50
core   0: 0x000000008000ff8c (0xfcf76de3) bltu    a4, a5, pc - 38
core   0: 3 0x000000008000ff8c (0xfcf76de3)
core   0: 0x000000008000ff66 (0xfe043783) ld      a5, -32(s0)
core   0: 3 0x000000008000ff66 (0xfe043783) x15 0x0000000080012080 mem 0x0000000080031f50
core   0: 0x000000008000ff6a (0x00178713) addi    a4, a5, 1
core   0: 3 0x000000008000ff6a (0x00178713) x14 0x0000000080012081
core   0: 0x000000008000ff6e (0xfee43023) sd      a4, -32(s0)
core   0: 3 0x000000008000ff6e (0xfee43023) mem 0x0000000080031f50 0x0000000080012081
core   0: 0x000000008000ff72 (0xfc442703) lw      a4, -60(s0)
core   0: 3 0x000000008000ff72 (0xfc442703) x14 0x0000000000000000 mem 0x0000000080031f34
core   0: 0x000000008000ff76 (0x0ff77713) andi    a4, a4, 255
core   0: 3 0x000000008000ff76 (0x0ff77713) x14 0x0000000000000000
core   0: 0x000000008000ff7a (0x00e78023) sb      a4, 0(a5)
core   0: 3 0x000000008000ff7a (0x00e78023) mem 0x0000000080012080 0x00
core   0: 0x000000008000ff7e (0xfc843703) ld      a4, -56(s0)
core   0: 3 0x000000008000ff7e (0xfc843703) x14 0x0000000080012040 mem 0x0000000080031f38
core   0: 0x000000008000ff82 (0xfb843783) ld      a5, -72(s0)
core   0: 3 0x000000008000ff82 (0xfb843783) x15 0x000000000000009c mem 0x0000000080031f28
core   0: 0x000000008000ff86 (0x000097ba) c.add   a5, a4
core   0: 3 0x000000008000ff86 (0x97ba) x15 0x00000000800120dc
core   0: 0x000000008000ff88 (0xfe043703) ld      a4, -32(s0)
core   0: 3 0x000000008000ff88 (0xfe043703) x14 0x0000000080012081 mem 0x0000000080031f50
core   0: 0x000000008000ff8c (0xfcf76de3) bltu    a4, a5, pc - 38
core   0: 3 0x000000008000ff8c (0xfcf76de3)
core   0: 0x000000008000ff66 (0xfe043783) ld      a5, -32(s0)
core   0: 3 0x000000008000ff66 (0xfe043783) x15 0x0000000080012081 mem 0x0000000080031f50
core   0: 0x000000008000ff6a (0x00178713) addi    a4, a5, 1
core   0: 3 0x000000008000ff6a (0x00178713) x14 0x0000000080012082
core   0: 0x000000008000ff6e (0xfee43023) sd      a4, -32(s0)
core   0: 3 0x000000008000ff6e (0xfee43023) mem 0x0000000080031f50 0x0000000080012082
core   0: 0x000000008000ff72 (0xfc442703) lw      a4, -60(s0)
core   0: 3 0x000000008000ff72 (0xfc442703) x14 0x0000000000000000 mem 0x0000000080031f34
core   0: 0x000000008000ff76 (0x0ff77713) andi    a4, a4, 255
core   0: 3 0x000000008000ff76 (0x0ff77713) x14 0x0000000000000000
core   0: 0x000000008000ff7a (0x00e78023) sb      a4, 0(a5)
core   0: 3 0x000000008000ff7a (0x00e78023) mem 0x0000000080012081 0x00
core   0: 0x000000008000ff7e (0xfc843703) ld      a4, -56(s0)
core   0: 3 0x000000008000ff7e (0xfc843703) x14 0x0000000080012040 mem 0x0000000080031f38
core   0: 0x000000008000ff82 (0xfb843783) ld      a5, -72(s0)
core   0: 3 0x000000008000ff82 (0xfb843783) x15 0x000000000000009c mem 0x0000000080031f28
core   0: 0x000000008000ff86 (0x000097ba) c.add   a5, a4
core   0: 3 0x000000008000ff86 (0x97ba) x15 0x00000000800120dc
core   0: 0x000000008000ff88 (0xfe043703) ld      a4, -32(s0)
core   0: 3 0x000000008000ff88 (0xfe043703) x14 0x0000000080012082 mem 0x0000000080031f50
core   0: 0x000000008000ff8c (0xfcf76de3) bltu    a4, a5, pc - 38
core   0: 3 0x000000008000ff8c (0xfcf76de3)
core   0: 0x000000008000ff66 (0xfe043783) ld      a5, -32(s0)
core   0: 3 0x000000008000ff66 (0xfe043783) x15 0x0000000080012082 mem 0x0000000080031f50
core   0: 0x000000008000ff6a (0x00178713) addi    a4, a5, 1
core   0: 3 0x000000008000ff6a (0x00178713) x14 0x0000000080012083
core   0: 0x000000008000ff6e (0xfee43023) sd      a4, -32(s0)
core   0: 3 0x000000008000ff6e (0xfee43023) mem 0x0000000080031f50 0x0000000080012083
core   0: 0x000000008000ff72 (0xfc442703) lw      a4, -60(s0)
core   0: 3 0x000000008000ff72 (0xfc442703) x14 0x0000000000000000 mem 0x0000000080031f34
core   0: 0x000000008000ff76 (0x0ff77713) andi    a4, a4, 255
core   0: 3 0x000000008000ff76 (0x0ff77713) x14 0x0000000000000000
core   0: 0x000000008000ff7a (0x00e78023) sb      a4, 0(a5)
core   0: 3 0x000000008000ff7a (0x00e78023) mem 0x0000000080012082 0x00
core   0: 0x000000008000ff7e (0xfc843703) ld      a4, -56(s0)
core   0: 3 0x000000008000ff7e (0xfc843703) x14 0x0000000080012040 mem 0x0000000080031f38
core   0: 0x000000008000ff82 (0xfb843783) ld      a5, -72(s0)
core   0: 3 0x000000008000ff82 (0xfb843783) x15 0x000000000000009c mem 0x0000000080031f28
core   0: 0x000000008000ff86 (0x000097ba) c.add   a5, a4
core   0: 3 0x000000008000ff86 (0x97ba) x15 0x00000000800120dc
core   0: 0x000000008000ff88 (0xfe043703) ld      a4, -32(s0)
core   0: 3 0x000000008000ff88 (0xfe043703) x14 0x0000000080012083 mem 0x0000000080031f50
core   0: 0x000000008000ff8c (0xfcf76de3) bltu    a4, a5, pc - 38
core   0: 3 0x000000008000ff8c (0xfcf76de3)
core   0: 0x000000008000ff66 (0xfe043783) ld      a5, -32(s0)
core   0: 3 0x000000008000ff66 (0xfe043783) x15 0x0000000080012083 mem 0x0000000080031f50
core   0: 0x000000008000ff6a (0x00178713) addi    a4, a5, 1
core   0: 3 0x000000008000ff6a (0x00178713) x14 0x0000000080012084
core   0: 0x000000008000ff6e (0xfee43023) sd      a4, -32(s0)
core   0: 3 0x000000008000ff6e (0xfee43023) mem 0x0000000080031f50 0x0000000080012084
core   0: 0x000000008000ff72 (0xfc442703) lw      a4, -60(s0)
core   0: 3 0x000000008000ff72 (0xfc442703) x14 0x0000000000000000 mem 0x0000000080031f34
core   0: 0x000000008000ff76 (0x0ff77713) andi    a4, a4, 255
core   0: 3 0x000000008000ff76 (0x0ff77713) x14 0x0000000000000000
core   0: 0x000000008000ff7a (0x00e78023) sb      a4, 0(a5)
core   0: 3 0x000000008000ff7a (0x00e78023) mem 0x0000000080012083 0x00
core   0: 0x000000008000ff7e (0xfc843703) ld      a4, -56(s0)
core   0: 3 0x000000008000ff7e (0xfc843703) x14 0x0000000080012040 mem 0x0000000080031f38
core   0: 0x000000008000ff82 (0xfb843783) ld      a5, -72(s0)
core   0: 3 0x000000008000ff82 (0xfb843783) x15 0x000000000000009c mem 0x0000000080031f28
core   0: 0x000000008000ff86 (0x000097ba) c.add   a5, a4
core   0: 3 0x000000008000ff86 (0x97ba) x15 0x00000000800120dc
core   0: 0x000000008000ff88 (0xfe043703) ld      a4, -32(s0)
core   0: 3 0x000000008000ff88 (0xfe043703) x14 0x0000000080012084 mem 0x0000000080031f50
core   0: 0x000000008000ff8c (0xfcf76de3) bltu    a4, a5, pc - 38
core   0: 3 0x000000008000ff8c (0xfcf76de3)
core   0: 0x000000008000ff66 (0xfe043783) ld      a5, -32(s0)
core   0: 3 0x000000008000ff66 (0xfe043783) x15 0x0000000080012084 mem 0x0000000080031f50
core   0: 0x000000008000ff6a (0x00178713) addi    a4, a5, 1
core   0: 3 0x000000008000ff6a (0x00178713) x14 0x0000000080012085
core   0: 0x000000008000ff6e (0xfee43023) sd      a4, -32(s0)
core   0: 3 0x000000008000ff6e (0xfee43023) mem 0x0000000080031f50 0x0000000080012085
core   0: 0x000000008000ff72 (0xfc442703) lw      a4, -60(s0)
core   0: 3 0x000000008000ff72 (0xfc442703) x14 0x0000000000000000 mem 0x0000000080031f34
core   0: 0x000000008000ff76 (0x0ff77713) andi    a4, a4, 255
core   0: 3 0x000000008000ff76 (0x0ff77713) x14 0x0000000000000000
core   0: 0x000000008000ff7a (0x00e78023) sb      a4, 0(a5)
core   0: 3 0x000000008000ff7a (0x00e78023) mem 0x0000000080012084 0x00
core   0: 0x000000008000ff7e (0xfc843703) ld      a4, -56(s0)
core   0: 3 0x000000008000ff7e (0xfc843703) x14 0x0000000080012040 mem 0x0000000080031f38
core   0: 0x000000008000ff82 (0xfb843783) ld      a5, -72(s0)
core   0: 3 0x000000008000ff82 (0xfb843783) x15 0x000000000000009c mem 0x0000000080031f28
core   0: 0x000000008000ff86 (0x000097ba) c.add   a5, a4
core   0: 3 0x000000008000ff86 (0x97ba) x15 0x00000000800120dc
core   0: 0x000000008000ff88 (0xfe043703) ld      a4, -32(s0)
core   0: 3 0x000000008000ff88 (0xfe043703) x14 0x0000000080012085 mem 0x0000000080031f50
core   0: 0x000000008000ff8c (0xfcf76de3) bltu    a4, a5, pc - 38
core   0: 3 0x000000008000ff8c (0xfcf76de3)
core   0: 0x000000008000ff66 (0xfe043783) ld      a5, -32(s0)
core   0: 3 0x000000008000ff66 (0xfe043783) x15 0x0000000080012085 mem 0x0000000080031f50
core   0: 0x000000008000ff6a (0x00178713) addi    a4, a5, 1
core   0: 3 0x000000008000ff6a (0x00178713) x14 0x0000000080012086
core   0: 0x000000008000ff6e (0xfee43023) sd      a4, -32(s0)
core   0: 3 0x000000008000ff6e (0xfee43023) mem 0x0000000080031f50 0x0000000080012086
core   0: 0x000000008000ff72 (0xfc442703) lw      a4, -60(s0)
core   0: 3 0x000000008000ff72 (0xfc442703) x14 0x0000000000000000 mem 0x0000000080031f34
core   0: 0x000000008000ff76 (0x0ff77713) andi    a4, a4, 255
core   0: 3 0x000000008000ff76 (0x0ff77713) x14 0x0000000000000000
core   0: 0x000000008000ff7a (0x00e78023) sb      a4, 0(a5)
core   0: 3 0x000000008000ff7a (0x00e78023) mem 0x0000000080012085 0x00
core   0: 0x000000008000ff7e (0xfc843703) ld      a4, -56(s0)
core   0: 3 0x000000008000ff7e (0xfc843703) x14 0x0000000080012040 mem 0x0000000080031f38
core   0: 0x000000008000ff82 (0xfb843783) ld      a5, -72(s0)
core   0: 3 0x000000008000ff82 (0xfb843783) x15 0x000000000000009c mem 0x0000000080031f28
core   0: 0x000000008000ff86 (0x000097ba) c.add   a5, a4
core   0: 3 0x000000008000ff86 (0x97ba) x15 0x00000000800120dc
core   0: 0x000000008000ff88 (0xfe043703) ld      a4, -32(s0)
core   0: 3 0x000000008000ff88 (0xfe043703) x14 0x0000000080012086 mem 0x0000000080031f50
core   0: 0x000000008000ff8c (0xfcf76de3) bltu    a4, a5, pc - 38
core   0: 3 0x000000008000ff8c (0xfcf76de3)
core   0: 0x000000008000ff66 (0xfe043783) ld      a5, -32(s0)
core   0: 3 0x000000008000ff66 (0xfe043783) x15 0x0000000080012086 mem 0x0000000080031f50
core   0: 0x000000008000ff6a (0x00178713) addi    a4, a5, 1
core   0: 3 0x000000008000ff6a (0x00178713) x14 0x0000000080012087
core   0: 0x000000008000ff6e (0xfee43023) sd      a4, -32(s0)
core   0: 3 0x000000008000ff6e (0xfee43023) mem 0x0000000080031f50 0x0000000080012087
core   0: 0x000000008000ff72 (0xfc442703) lw      a4, -60(s0)
core   0: 3 0x000000008000ff72 (0xfc442703) x14 0x0000000000000000 mem 0x0000000080031f34
core   0: 0x000000008000ff76 (0x0ff77713) andi    a4, a4, 255
core   0: 3 0x000000008000ff76 (0x0ff77713) x14 0x0000000000000000
core   0: 0x000000008000ff7a (0x00e78023) sb      a4, 0(a5)
core   0: 3 0x000000008000ff7a (0x00e78023) mem 0x0000000080012086 0x00
core   0: 0x000000008000ff7e (0xfc843703) ld      a4, -56(s0)
core   0: 3 0x000000008000ff7e (0xfc843703) x14 0x0000000080012040 mem 0x0000000080031f38
core   0: 0x000000008000ff82 (0xfb843783) ld      a5, -72(s0)
core   0: 3 0x000000008000ff82 (0xfb843783) x15 0x000000000000009c mem 0x0000000080031f28
core   0: 0x000000008000ff86 (0x000097ba) c.add   a5, a4
core   0: 3 0x000000008000ff86 (0x97ba) x15 0x00000000800120dc
core   0: 0x000000008000ff88 (0xfe043703) ld      a4, -32(s0)
core   0: 3 0x000000008000ff88 (0xfe043703) x14 0x0000000080012087 mem 0x0000000080031f50
core   0: 0x000000008000ff8c (0xfcf76de3) bltu    a4, a5, pc - 38
core   0: 3 0x000000008000ff8c (0xfcf76de3)
core   0: 0x000000008000ff66 (0xfe043783) ld      a5, -32(s0)
core   0: 3 0x000000008000ff66 (0xfe043783) x15 0x0000000080012087 mem 0x0000000080031f50
core   0: 0x000000008000ff6a (0x00178713) addi    a4, a5, 1
core   0: 3 0x000000008000ff6a (0x00178713) x14 0x0000000080012088
core   0: 0x000000008000ff6e (0xfee43023) sd      a4, -32(s0)
core   0: 3 0x000000008000ff6e (0xfee43023) mem 0x0000000080031f50 0x0000000080012088
core   0: 0x000000008000ff72 (0xfc442703) lw      a4, -60(s0)
core   0: 3 0x000000008000ff72 (0xfc442703) x14 0x0000000000000000 mem 0x0000000080031f34
core   0: 0x000000008000ff76 (0x0ff77713) andi    a4, a4, 255
core   0: 3 0x000000008000ff76 (0x0ff77713) x14 0x0000000000000000
core   0: 0x000000008000ff7a (0x00e78023) sb      a4, 0(a5)
core   0: 3 0x000000008000ff7a (0x00e78023) mem 0x0000000080012087 0x00
core   0: 0x000000008000ff7e (0xfc843703) ld      a4, -56(s0)
core   0: 3 0x000000008000ff7e (0xfc843703) x14 0x0000000080012040 mem 0x0000000080031f38
core   0: 0x000000008000ff82 (0xfb843783) ld      a5, -72(s0)
core   0: 3 0x000000008000ff82 (0xfb843783) x15 0x000000000000009c mem 0x0000000080031f28
core   0: 0x000000008000ff86 (0x000097ba) c.add   a5, a4
core   0: 3 0x000000008000ff86 (0x97ba) x15 0x00000000800120dc
core   0: 0x000000008000ff88 (0xfe043703) ld      a4, -32(s0)
core   0: 3 0x000000008000ff88 (0xfe043703) x14 0x0000000080012088 mem 0x0000000080031f50
core   0: 0x000000008000ff8c (0xfcf76de3) bltu    a4, a5, pc - 38
core   0: 3 0x000000008000ff8c (0xfcf76de3)
core   0: 0x000000008000ff66 (0xfe043783) ld      a5, -32(s0)
core   0: 3 0x000000008000ff66 (0xfe043783) x15 0x0000000080012088 mem 0x0000000080031f50
core   0: 0x000000008000ff6a (0x00178713) addi    a4, a5, 1
core   0: 3 0x000000008000ff6a (0x00178713) x14 0x0000000080012089
core   0: 0x000000008000ff6e (0xfee43023) sd      a4, -32(s0)
core   0: 3 0x000000008000ff6e (0xfee43023) mem 0x0000000080031f50 0x0000000080012089
core   0: 0x000000008000ff72 (0xfc442703) lw      a4, -60(s0)
core   0: 3 0x000000008000ff72 (0xfc442703) x14 0x0000000000000000 mem 0x0000000080031f34
core   0: 0x000000008000ff76 (0x0ff77713) andi    a4, a4, 255
core   0: 3 0x000000008000ff76 (0x0ff77713) x14 0x0000000000000000
core   0: 0x000000008000ff7a (0x00e78023) sb      a4, 0(a5)
core   0: 3 0x000000008000ff7a (0x00e78023) mem 0x0000000080012088 0x00
core   0: 0x000000008000ff7e (0xfc843703) ld      a4, -56(s0)
core   0: 3 0x000000008000ff7e (0xfc843703) x14 0x0000000080012040 mem 0x0000000080031f38
core   0: 0x000000008000ff82 (0xfb843783) ld      a5, -72(s0)
core   0: 3 0x000000008000ff82 (0xfb843783) x15 0x000000000000009c mem 0x0000000080031f28
core   0: 0x000000008000ff86 (0x000097ba) c.add   a5, a4
core   0: 3 0x000000008000ff86 (0x97ba) x15 0x00000000800120dc
core   0: 0x000000008000ff88 (0xfe043703) ld      a4, -32(s0)
core   0: 3 0x000000008000ff88 (0xfe043703) x14 0x0000000080012089 mem 0x0000000080031f50
core   0: 0x000000008000ff8c (0xfcf76de3) bltu    a4, a5, pc - 38
core   0: 3 0x000000008000ff8c (0xfcf76de3)
core   0: 0x000000008000ff66 (0xfe043783) ld      a5, -32(s0)
core   0: 3 0x000000008000ff66 (0xfe043783) x15 0x0000000080012089 mem 0x0000000080031f50
core   0: 0x000000008000ff6a (0x00178713) addi    a4, a5, 1
core   0: 3 0x000000008000ff6a (0x00178713) x14 0x000000008001208a
core   0: 0x000000008000ff6e (0xfee43023) sd      a4, -32(s0)
core   0: 3 0x000000008000ff6e (0xfee43023) mem 0x0000000080031f50 0x000000008001208a
core   0: 0x000000008000ff72 (0xfc442703) lw      a4, -60(s0)
core   0: 3 0x000000008000ff72 (0xfc442703) x14 0x0000000000000000 mem 0x0000000080031f34
core   0: 0x000000008000ff76 (0x0ff77713) andi    a4, a4, 255
core   0: 3 0x000000008000ff76 (0x0ff77713) x14 0x0000000000000000
core   0: 0x000000008000ff7a (0x00e78023) sb      a4, 0(a5)
core   0: 3 0x000000008000ff7a (0x00e78023) mem 0x0000000080012089 0x00
core   0: 0x000000008000ff7e (0xfc843703) ld      a4, -56(s0)
core   0: 3 0x000000008000ff7e (0xfc843703) x14 0x0000000080012040 mem 0x0000000080031f38
core   0: 0x000000008000ff82 (0xfb843783) ld      a5, -72(s0)
core   0: 3 0x000000008000ff82 (0xfb843783) x15 0x000000000000009c mem 0x0000000080031f28
core   0: 0x000000008000ff86 (0x000097ba) c.add   a5, a4
core   0: 3 0x000000008000ff86 (0x97ba) x15 0x00000000800120dc
core   0: 0x000000008000ff88 (0xfe043703) ld      a4, -32(s0)
core   0: 3 0x000000008000ff88 (0xfe043703) x14 0x000000008001208a mem 0x0000000080031f50
core   0: 0x000000008000ff8c (0xfcf76de3) bltu    a4, a5, pc - 38
core   0: 3 0x000000008000ff8c (0xfcf76de3)
core   0: 0x000000008000ff66 (0xfe043783) ld      a5, -32(s0)
core   0: 3 0x000000008000ff66 (0xfe043783) x15 0x000000008001208a mem 0x0000000080031f50
core   0: 0x000000008000ff6a (0x00178713) addi    a4, a5, 1
core   0: 3 0x000000008000ff6a (0x00178713) x14 0x000000008001208b
core   0: 0x000000008000ff6e (0xfee43023) sd      a4, -32(s0)
core   0: 3 0x000000008000ff6e (0xfee43023) mem 0x0000000080031f50 0x000000008001208b
core   0: 0x000000008000ff72 (0xfc442703) lw      a4, -60(s0)
core   0: 3 0x000000008000ff72 (0xfc442703) x14 0x0000000000000000 mem 0x0000000080031f34
core   0: 0x000000008000ff76 (0x0ff77713) andi    a4, a4, 255
core   0: 3 0x000000008000ff76 (0x0ff77713) x14 0x0000000000000000
core   0: 0x000000008000ff7a (0x00e78023) sb      a4, 0(a5)
core   0: 3 0x000000008000ff7a (0x00e78023) mem 0x000000008001208a 0x00
core   0: 0x000000008000ff7e (0xfc843703) ld      a4, -56(s0)
core   0: 3 0x000000008000ff7e (0xfc843703) x14 0x0000000080012040 mem 0x0000000080031f38
core   0: 0x000000008000ff82 (0xfb843783) ld      a5, -72(s0)
core   0: 3 0x000000008000ff82 (0xfb843783) x15 0x000000000000009c mem 0x0000000080031f28
core   0: 0x000000008000ff86 (0x000097ba) c.add   a5, a4
core   0: 3 0x000000008000ff86 (0x97ba) x15 0x00000000800120dc
core   0: 0x000000008000ff88 (0xfe043703) ld      a4, -32(s0)
core   0: 3 0x000000008000ff88 (0xfe043703) x14 0x000000008001208b mem 0x0000000080031f50
core   0: 0x000000008000ff8c (0xfcf76de3) bltu    a4, a5, pc - 38
core   0: 3 0x000000008000ff8c (0xfcf76de3)
core   0: 0x000000008000ff66 (0xfe043783) ld      a5, -32(s0)
core   0: 3 0x000000008000ff66 (0xfe043783) x15 0x000000008001208b mem 0x0000000080031f50
core   0: 0x000000008000ff6a (0x00178713) addi    a4, a5, 1
core   0: 3 0x000000008000ff6a (0x00178713) x14 0x000000008001208c
core   0: 0x000000008000ff6e (0xfee43023) sd      a4, -32(s0)
core   0: 3 0x000000008000ff6e (0xfee43023) mem 0x0000000080031f50 0x000000008001208c
core   0: 0x000000008000ff72 (0xfc442703) lw      a4, -60(s0)
core   0: 3 0x000000008000ff72 (0xfc442703) x14 0x0000000000000000 mem 0x0000000080031f34
core   0: 0x000000008000ff76 (0x0ff77713) andi    a4, a4, 255
core   0: 3 0x000000008000ff76 (0x0ff77713) x14 0x0000000000000000
core   0: 0x000000008000ff7a (0x00e78023) sb      a4, 0(a5)
core   0: 3 0x000000008000ff7a (0x00e78023) mem 0x000000008001208b 0x00
core   0: 0x000000008000ff7e (0xfc843703) ld      a4, -56(s0)
core   0: 3 0x000000008000ff7e (0xfc843703) x14 0x0000000080012040 mem 0x0000000080031f38
core   0: 0x000000008000ff82 (0xfb843783) ld      a5, -72(s0)
core   0: 3 0x000000008000ff82 (0xfb843783) x15 0x000000000000009c mem 0x0000000080031f28
core   0: 0x000000008000ff86 (0x000097ba) c.add   a5, a4
core   0: 3 0x000000008000ff86 (0x97ba) x15 0x00000000800120dc
core   0: 0x000000008000ff88 (0xfe043703) ld      a4, -32(s0)
core   0: 3 0x000000008000ff88 (0xfe043703) x14 0x000000008001208c mem 0x0000000080031f50
core   0: 0x000000008000ff8c (0xfcf76de3) bltu    a4, a5, pc - 38
core   0: 3 0x000000008000ff8c (0xfcf76de3)
core   0: 0x000000008000ff66 (0xfe043783) ld      a5, -32(s0)
core   0: 3 0x000000008000ff66 (0xfe043783) x15 0x000000008001208c mem 0x0000000080031f50
core   0: 0x000000008000ff6a (0x00178713) addi    a4, a5, 1
core   0: 3 0x000000008000ff6a (0x00178713) x14 0x000000008001208d
core   0: 0x000000008000ff6e (0xfee43023) sd      a4, -32(s0)
core   0: 3 0x000000008000ff6e (0xfee43023) mem 0x0000000080031f50 0x000000008001208d
core   0: 0x000000008000ff72 (0xfc442703) lw      a4, -60(s0)
core   0: 3 0x000000008000ff72 (0xfc442703) x14 0x0000000000000000 mem 0x0000000080031f34
core   0: 0x000000008000ff76 (0x0ff77713) andi    a4, a4, 255
core   0: 3 0x000000008000ff76 (0x0ff77713) x14 0x0000000000000000
core   0: 0x000000008000ff7a (0x00e78023) sb      a4, 0(a5)
core   0: 3 0x000000008000ff7a (0x00e78023) mem 0x000000008001208c 0x00
core   0: 0x000000008000ff7e (0xfc843703) ld      a4, -56(s0)
core   0: 3 0x000000008000ff7e (0xfc843703) x14 0x0000000080012040 mem 0x0000000080031f38
core   0: 0x000000008000ff82 (0xfb843783) ld      a5, -72(s0)
core   0: 3 0x000000008000ff82 (0xfb843783) x15 0x000000000000009c mem 0x0000000080031f28
core   0: 0x000000008000ff86 (0x000097ba) c.add   a5, a4
core   0: 3 0x000000008000ff86 (0x97ba) x15 0x00000000800120dc
core   0: 0x000000008000ff88 (0xfe043703) ld      a4, -32(s0)
core   0: 3 0x000000008000ff88 (0xfe043703) x14 0x000000008001208d mem 0x0000000080031f50
core   0: 0x000000008000ff8c (0xfcf76de3) bltu    a4, a5, pc - 38
core   0: 3 0x000000008000ff8c (0xfcf76de3)
core   0: 0x000000008000ff66 (0xfe043783) ld      a5, -32(s0)
core   0: 3 0x000000008000ff66 (0xfe043783) x15 0x000000008001208d mem 0x0000000080031f50
core   0: 0x000000008000ff6a (0x00178713) addi    a4, a5, 1
core   0: 3 0x000000008000ff6a (0x00178713) x14 0x000000008001208e
core   0: 0x000000008000ff6e (0xfee43023) sd      a4, -32(s0)
core   0: 3 0x000000008000ff6e (0xfee43023) mem 0x0000000080031f50 0x000000008001208e
core   0: 0x000000008000ff72 (0xfc442703) lw      a4, -60(s0)
core   0: 3 0x000000008000ff72 (0xfc442703) x14 0x0000000000000000 mem 0x0000000080031f34
core   0: 0x000000008000ff76 (0x0ff77713) andi    a4, a4, 255
core   0: 3 0x000000008000ff76 (0x0ff77713) x14 0x0000000000000000
core   0: 0x000000008000ff7a (0x00e78023) sb      a4, 0(a5)
core   0: 3 0x000000008000ff7a (0x00e78023) mem 0x000000008001208d 0x00
core   0: 0x000000008000ff7e (0xfc843703) ld      a4, -56(s0)
core   0: 3 0x000000008000ff7e (0xfc843703) x14 0x0000000080012040 mem 0x0000000080031f38
core   0: 0x000000008000ff82 (0xfb843783) ld      a5, -72(s0)
core   0: 3 0x000000008000ff82 (0xfb843783) x15 0x000000000000009c mem 0x0000000080031f28
core   0: 0x000000008000ff86 (0x000097ba) c.add   a5, a4
core   0: 3 0x000000008000ff86 (0x97ba) x15 0x00000000800120dc
core   0: 0x000000008000ff88 (0xfe043703) ld      a4, -32(s0)
core   0: 3 0x000000008000ff88 (0xfe043703) x14 0x000000008001208e mem 0x0000000080031f50
core   0: 0x000000008000ff8c (0xfcf76de3) bltu    a4, a5, pc - 38
core   0: 3 0x000000008000ff8c (0xfcf76de3)
core   0: 0x000000008000ff66 (0xfe043783) ld      a5, -32(s0)
core   0: 3 0x000000008000ff66 (0xfe043783) x15 0x000000008001208e mem 0x0000000080031f50
core   0: 0x000000008000ff6a (0x00178713) addi    a4, a5, 1
core   0: 3 0x000000008000ff6a (0x00178713) x14 0x000000008001208f
core   0: 0x000000008000ff6e (0xfee43023) sd      a4, -32(s0)
core   0: 3 0x000000008000ff6e (0xfee43023) mem 0x0000000080031f50 0x000000008001208f
core   0: 0x000000008000ff72 (0xfc442703) lw      a4, -60(s0)
core   0: 3 0x000000008000ff72 (0xfc442703) x14 0x0000000000000000 mem 0x0000000080031f34
core   0: 0x000000008000ff76 (0x0ff77713) andi    a4, a4, 255
core   0: 3 0x000000008000ff76 (0x0ff77713) x14 0x0000000000000000
core   0: 0x000000008000ff7a (0x00e78023) sb      a4, 0(a5)
core   0: 3 0x000000008000ff7a (0x00e78023) mem 0x000000008001208e 0x00
core   0: 0x000000008000ff7e (0xfc843703) ld      a4, -56(s0)
core   0: 3 0x000000008000ff7e (0xfc843703) x14 0x0000000080012040 mem 0x0000000080031f38
core   0: 0x000000008000ff82 (0xfb843783) ld      a5, -72(s0)
core   0: 3 0x000000008000ff82 (0xfb843783) x15 0x000000000000009c mem 0x0000000080031f28
core   0: 0x000000008000ff86 (0x000097ba) c.add   a5, a4
core   0: 3 0x000000008000ff86 (0x97ba) x15 0x00000000800120dc
core   0: 0x000000008000ff88 (0xfe043703) ld      a4, -32(s0)
core   0: 3 0x000000008000ff88 (0xfe043703) x14 0x000000008001208f mem 0x0000000080031f50
core   0: 0x000000008000ff8c (0xfcf76de3) bltu    a4, a5, pc - 38
core   0: 3 0x000000008000ff8c (0xfcf76de3)
core   0: 0x000000008000ff66 (0xfe043783) ld      a5, -32(s0)
core   0: 3 0x000000008000ff66 (0xfe043783) x15 0x000000008001208f mem 0x0000000080031f50
core   0: 0x000000008000ff6a (0x00178713) addi    a4, a5, 1
core   0: 3 0x000000008000ff6a (0x00178713) x14 0x0000000080012090
core   0: 0x000000008000ff6e (0xfee43023) sd      a4, -32(s0)
core   0: 3 0x000000008000ff6e (0xfee43023) mem 0x0000000080031f50 0x0000000080012090
core   0: 0x000000008000ff72 (0xfc442703) lw      a4, -60(s0)
core   0: 3 0x000000008000ff72 (0xfc442703) x14 0x0000000000000000 mem 0x0000000080031f34
core   0: 0x000000008000ff76 (0x0ff77713) andi    a4, a4, 255
core   0: 3 0x000000008000ff76 (0x0ff77713) x14 0x0000000000000000
core   0: 0x000000008000ff7a (0x00e78023) sb      a4, 0(a5)
core   0: 3 0x000000008000ff7a (0x00e78023) mem 0x000000008001208f 0x00
core   0: 0x000000008000ff7e (0xfc843703) ld      a4, -56(s0)
core   0: 3 0x000000008000ff7e (0xfc843703) x14 0x0000000080012040 mem 0x0000000080031f38
core   0: 0x000000008000ff82 (0xfb843783) ld      a5, -72(s0)
core   0: 3 0x000000008000ff82 (0xfb843783) x15 0x000000000000009c mem 0x0000000080031f28
core   0: 0x000000008000ff86 (0x000097ba) c.add   a5, a4
core   0: 3 0x000000008000ff86 (0x97ba) x15 0x00000000800120dc
core   0: 0x000000008000ff88 (0xfe043703) ld      a4, -32(s0)
core   0: 3 0x000000008000ff88 (0xfe043703) x14 0x0000000080012090 mem 0x0000000080031f50
core   0: 0x000000008000ff8c (0xfcf76de3) bltu    a4, a5, pc - 38
core   0: 3 0x000000008000ff8c (0xfcf76de3)
core   0: 0x000000008000ff66 (0xfe043783) ld      a5, -32(s0)
core   0: 3 0x000000008000ff66 (0xfe043783) x15 0x0000000080012090 mem 0x0000000080031f50
core   0: 0x000000008000ff6a (0x00178713) addi    a4, a5, 1
core   0: 3 0x000000008000ff6a (0x00178713) x14 0x0000000080012091
core   0: 0x000000008000ff6e (0xfee43023) sd      a4, -32(s0)
core   0: 3 0x000000008000ff6e (0xfee43023) mem 0x0000000080031f50 0x0000000080012091
core   0: 0x000000008000ff72 (0xfc442703) lw      a4, -60(s0)
core   0: 3 0x000000008000ff72 (0xfc442703) x14 0x0000000000000000 mem 0x0000000080031f34
core   0: 0x000000008000ff76 (0x0ff77713) andi    a4, a4, 255
core   0: 3 0x000000008000ff76 (0x0ff77713) x14 0x0000000000000000
core   0: 0x000000008000ff7a (0x00e78023) sb      a4, 0(a5)
core   0: 3 0x000000008000ff7a (0x00e78023) mem 0x0000000080012090 0x00
core   0: 0x000000008000ff7e (0xfc843703) ld      a4, -56(s0)
core   0: 3 0x000000008000ff7e (0xfc843703) x14 0x0000000080012040 mem 0x0000000080031f38
core   0: 0x000000008000ff82 (0xfb843783) ld      a5, -72(s0)
core   0: 3 0x000000008000ff82 (0xfb843783) x15 0x000000000000009c mem 0x0000000080031f28
core   0: 0x000000008000ff86 (0x000097ba) c.add   a5, a4
core   0: 3 0x000000008000ff86 (0x97ba) x15 0x00000000800120dc
core   0: 0x000000008000ff88 (0xfe043703) ld      a4, -32(s0)
core   0: 3 0x000000008000ff88 (0xfe043703) x14 0x0000000080012091 mem 0x0000000080031f50
core   0: 0x000000008000ff8c (0xfcf76de3) bltu    a4, a5, pc - 38
core   0: 3 0x000000008000ff8c (0xfcf76de3)
core   0: 0x000000008000ff66 (0xfe043783) ld      a5, -32(s0)
core   0: 3 0x000000008000ff66 (0xfe043783) x15 0x0000000080012091 mem 0x0000000080031f50
core   0: 0x000000008000ff6a (0x00178713) addi    a4, a5, 1
core   0: 3 0x000000008000ff6a (0x00178713) x14 0x0000000080012092
core   0: 0x000000008000ff6e (0xfee43023) sd      a4, -32(s0)
core   0: 3 0x000000008000ff6e (0xfee43023) mem 0x0000000080031f50 0x0000000080012092
core   0: 0x000000008000ff72 (0xfc442703) lw      a4, -60(s0)
core   0: 3 0x000000008000ff72 (0xfc442703) x14 0x0000000000000000 mem 0x0000000080031f34
core   0: 0x000000008000ff76 (0x0ff77713) andi    a4, a4, 255
core   0: 3 0x000000008000ff76 (0x0ff77713) x14 0x0000000000000000
core   0: 0x000000008000ff7a (0x00e78023) sb      a4, 0(a5)
core   0: 3 0x000000008000ff7a (0x00e78023) mem 0x0000000080012091 0x00
core   0: 0x000000008000ff7e (0xfc843703) ld      a4, -56(s0)
core   0: 3 0x000000008000ff7e (0xfc843703) x14 0x0000000080012040 mem 0x0000000080031f38
core   0: 0x000000008000ff82 (0xfb843783) ld      a5, -72(s0)
core   0: 3 0x000000008000ff82 (0xfb843783) x15 0x000000000000009c mem 0x0000000080031f28
core   0: 0x000000008000ff86 (0x000097ba) c.add   a5, a4
core   0: 3 0x000000008000ff86 (0x97ba) x15 0x00000000800120dc
core   0: 0x000000008000ff88 (0xfe043703) ld      a4, -32(s0)
core   0: 3 0x000000008000ff88 (0xfe043703) x14 0x0000000080012092 mem 0x0000000080031f50
core   0: 0x000000008000ff8c (0xfcf76de3) bltu    a4, a5, pc - 38
core   0: 3 0x000000008000ff8c (0xfcf76de3)
core   0: 0x000000008000ff66 (0xfe043783) ld      a5, -32(s0)
core   0: 3 0x000000008000ff66 (0xfe043783) x15 0x0000000080012092 mem 0x0000000080031f50
core   0: 0x000000008000ff6a (0x00178713) addi    a4, a5, 1
core   0: 3 0x000000008000ff6a (0x00178713) x14 0x0000000080012093
core   0: 0x000000008000ff6e (0xfee43023) sd      a4, -32(s0)
core   0: 3 0x000000008000ff6e (0xfee43023) mem 0x0000000080031f50 0x0000000080012093
core   0: 0x000000008000ff72 (0xfc442703) lw      a4, -60(s0)
core   0: 3 0x000000008000ff72 (0xfc442703) x14 0x0000000000000000 mem 0x0000000080031f34
core   0: 0x000000008000ff76 (0x0ff77713) andi    a4, a4, 255
core   0: 3 0x000000008000ff76 (0x0ff77713) x14 0x0000000000000000
core   0: 0x000000008000ff7a (0x00e78023) sb      a4, 0(a5)
core   0: 3 0x000000008000ff7a (0x00e78023) mem 0x0000000080012092 0x00
core   0: 0x000000008000ff7e (0xfc843703) ld      a4, -56(s0)
core   0: 3 0x000000008000ff7e (0xfc843703) x14 0x0000000080012040 mem 0x0000000080031f38
core   0: 0x000000008000ff82 (0xfb843783) ld      a5, -72(s0)
core   0: 3 0x000000008000ff82 (0xfb843783) x15 0x000000000000009c mem 0x0000000080031f28
core   0: 0x000000008000ff86 (0x000097ba) c.add   a5, a4
core   0: 3 0x000000008000ff86 (0x97ba) x15 0x00000000800120dc
core   0: 0x000000008000ff88 (0xfe043703) ld      a4, -32(s0)
core   0: 3 0x000000008000ff88 (0xfe043703) x14 0x0000000080012093 mem 0x0000000080031f50
core   0: 0x000000008000ff8c (0xfcf76de3) bltu    a4, a5, pc - 38
core   0: 3 0x000000008000ff8c (0xfcf76de3)
core   0: 0x000000008000ff66 (0xfe043783) ld      a5, -32(s0)
core   0: 3 0x000000008000ff66 (0xfe043783) x15 0x0000000080012093 mem 0x0000000080031f50
core   0: 0x000000008000ff6a (0x00178713) addi    a4, a5, 1
core   0: 3 0x000000008000ff6a (0x00178713) x14 0x0000000080012094
core   0: 0x000000008000ff6e (0xfee43023) sd      a4, -32(s0)
core   0: 3 0x000000008000ff6e (0xfee43023) mem 0x0000000080031f50 0x0000000080012094
core   0: 0x000000008000ff72 (0xfc442703) lw      a4, -60(s0)
core   0: 3 0x000000008000ff72 (0xfc442703) x14 0x0000000000000000 mem 0x0000000080031f34
core   0: 0x000000008000ff76 (0x0ff77713) andi    a4, a4, 255
core   0: 3 0x000000008000ff76 (0x0ff77713) x14 0x0000000000000000
core   0: 0x000000008000ff7a (0x00e78023) sb      a4, 0(a5)
core   0: 3 0x000000008000ff7a (0x00e78023) mem 0x0000000080012093 0x00
core   0: 0x000000008000ff7e (0xfc843703) ld      a4, -56(s0)
core   0: 3 0x000000008000ff7e (0xfc843703) x14 0x0000000080012040 mem 0x0000000080031f38
core   0: 0x000000008000ff82 (0xfb843783) ld      a5, -72(s0)
core   0: 3 0x000000008000ff82 (0xfb843783) x15 0x000000000000009c mem 0x0000000080031f28
core   0: 0x000000008000ff86 (0x000097ba) c.add   a5, a4
core   0: 3 0x000000008000ff86 (0x97ba) x15 0x00000000800120dc
core   0: 0x000000008000ff88 (0xfe043703) ld      a4, -32(s0)
core   0: 3 0x000000008000ff88 (0xfe043703) x14 0x0000000080012094 mem 0x0000000080031f50
core   0: 0x000000008000ff8c (0xfcf76de3) bltu    a4, a5, pc - 38
core   0: 3 0x000000008000ff8c (0xfcf76de3)
core   0: 0x000000008000ff66 (0xfe043783) ld      a5, -32(s0)
core   0: 3 0x000000008000ff66 (0xfe043783) x15 0x0000000080012094 mem 0x0000000080031f50
core   0: 0x000000008000ff6a (0x00178713) addi    a4, a5, 1
core   0: 3 0x000000008000ff6a (0x00178713) x14 0x0000000080012095
core   0: 0x000000008000ff6e (0xfee43023) sd      a4, -32(s0)
core   0: 3 0x000000008000ff6e (0xfee43023) mem 0x0000000080031f50 0x0000000080012095
core   0: 0x000000008000ff72 (0xfc442703) lw      a4, -60(s0)
core   0: 3 0x000000008000ff72 (0xfc442703) x14 0x0000000000000000 mem 0x0000000080031f34
core   0: 0x000000008000ff76 (0x0ff77713) andi    a4, a4, 255
core   0: 3 0x000000008000ff76 (0x0ff77713) x14 0x0000000000000000
core   0: 0x000000008000ff7a (0x00e78023) sb      a4, 0(a5)
core   0: 3 0x000000008000ff7a (0x00e78023) mem 0x0000000080012094 0x00
core   0: 0x000000008000ff7e (0xfc843703) ld      a4, -56(s0)
core   0: 3 0x000000008000ff7e (0xfc843703) x14 0x0000000080012040 mem 0x0000000080031f38
core   0: 0x000000008000ff82 (0xfb843783) ld      a5, -72(s0)
core   0: 3 0x000000008000ff82 (0xfb843783) x15 0x000000000000009c mem 0x0000000080031f28
core   0: 0x000000008000ff86 (0x000097ba) c.add   a5, a4
core   0: 3 0x000000008000ff86 (0x97ba) x15 0x00000000800120dc
core   0: 0x000000008000ff88 (0xfe043703) ld      a4, -32(s0)
core   0: 3 0x000000008000ff88 (0xfe043703) x14 0x0000000080012095 mem 0x0000000080031f50
core   0: 0x000000008000ff8c (0xfcf76de3) bltu    a4, a5, pc - 38
core   0: 3 0x000000008000ff8c (0xfcf76de3)
core   0: 0x000000008000ff66 (0xfe043783) ld      a5, -32(s0)
core   0: 3 0x000000008000ff66 (0xfe043783) x15 0x0000000080012095 mem 0x0000000080031f50
core   0: 0x000000008000ff6a (0x00178713) addi    a4, a5, 1
core   0: 3 0x000000008000ff6a (0x00178713) x14 0x0000000080012096
core   0: 0x000000008000ff6e (0xfee43023) sd      a4, -32(s0)
core   0: 3 0x000000008000ff6e (0xfee43023) mem 0x0000000080031f50 0x0000000080012096
core   0: 0x000000008000ff72 (0xfc442703) lw      a4, -60(s0)
core   0: 3 0x000000008000ff72 (0xfc442703) x14 0x0000000000000000 mem 0x0000000080031f34
core   0: 0x000000008000ff76 (0x0ff77713) andi    a4, a4, 255
core   0: 3 0x000000008000ff76 (0x0ff77713) x14 0x0000000000000000
core   0: 0x000000008000ff7a (0x00e78023) sb      a4, 0(a5)
core   0: 3 0x000000008000ff7a (0x00e78023) mem 0x0000000080012095 0x00
core   0: 0x000000008000ff7e (0xfc843703) ld      a4, -56(s0)
core   0: 3 0x000000008000ff7e (0xfc843703) x14 0x0000000080012040 mem 0x0000000080031f38
core   0: 0x000000008000ff82 (0xfb843783) ld      a5, -72(s0)
core   0: 3 0x000000008000ff82 (0xfb843783) x15 0x000000000000009c mem 0x0000000080031f28
core   0: 0x000000008000ff86 (0x000097ba) c.add   a5, a4
core   0: 3 0x000000008000ff86 (0x97ba) x15 0x00000000800120dc
core   0: 0x000000008000ff88 (0xfe043703) ld      a4, -32(s0)
core   0: 3 0x000000008000ff88 (0xfe043703) x14 0x0000000080012096 mem 0x0000000080031f50
core   0: 0x000000008000ff8c (0xfcf76de3) bltu    a4, a5, pc - 38
core   0: 3 0x000000008000ff8c (0xfcf76de3)
core   0: 0x000000008000ff66 (0xfe043783) ld      a5, -32(s0)
core   0: 3 0x000000008000ff66 (0xfe043783) x15 0x0000000080012096 mem 0x0000000080031f50
core   0: 0x000000008000ff6a (0x00178713) addi    a4, a5, 1
core   0: 3 0x000000008000ff6a (0x00178713) x14 0x0000000080012097
core   0: 0x000000008000ff6e (0xfee43023) sd      a4, -32(s0)
core   0: 3 0x000000008000ff6e (0xfee43023) mem 0x0000000080031f50 0x0000000080012097
core   0: 0x000000008000ff72 (0xfc442703) lw      a4, -60(s0)
core   0: 3 0x000000008000ff72 (0xfc442703) x14 0x0000000000000000 mem 0x0000000080031f34
core   0: 0x000000008000ff76 (0x0ff77713) andi    a4, a4, 255
core   0: 3 0x000000008000ff76 (0x0ff77713) x14 0x0000000000000000
core   0: 0x000000008000ff7a (0x00e78023) sb      a4, 0(a5)
core   0: 3 0x000000008000ff7a (0x00e78023) mem 0x0000000080012096 0x00
core   0: 0x000000008000ff7e (0xfc843703) ld      a4, -56(s0)
core   0: 3 0x000000008000ff7e (0xfc843703) x14 0x0000000080012040 mem 0x0000000080031f38
core   0: 0x000000008000ff82 (0xfb843783) ld      a5, -72(s0)
core   0: 3 0x000000008000ff82 (0xfb843783) x15 0x000000000000009c mem 0x0000000080031f28
core   0: 0x000000008000ff86 (0x000097ba) c.add   a5, a4
core   0: 3 0x000000008000ff86 (0x97ba) x15 0x00000000800120dc
core   0: 0x000000008000ff88 (0xfe043703) ld      a4, -32(s0)
core   0: 3 0x000000008000ff88 (0xfe043703) x14 0x0000000080012097 mem 0x0000000080031f50
core   0: 0x000000008000ff8c (0xfcf76de3) bltu    a4, a5, pc - 38
core   0: 3 0x000000008000ff8c (0xfcf76de3)
core   0: 0x000000008000ff66 (0xfe043783) ld      a5, -32(s0)
core   0: 3 0x000000008000ff66 (0xfe043783) x15 0x0000000080012097 mem 0x0000000080031f50
core   0: 0x000000008000ff6a (0x00178713) addi    a4, a5, 1
core   0: 3 0x000000008000ff6a (0x00178713) x14 0x0000000080012098
core   0: 0x000000008000ff6e (0xfee43023) sd      a4, -32(s0)
core   0: 3 0x000000008000ff6e (0xfee43023) mem 0x0000000080031f50 0x0000000080012098
core   0: 0x000000008000ff72 (0xfc442703) lw      a4, -60(s0)
core   0: 3 0x000000008000ff72 (0xfc442703) x14 0x0000000000000000 mem 0x0000000080031f34
core   0: 0x000000008000ff76 (0x0ff77713) andi    a4, a4, 255
core   0: 3 0x000000008000ff76 (0x0ff77713) x14 0x0000000000000000
core   0: 0x000000008000ff7a (0x00e78023) sb      a4, 0(a5)
core   0: 3 0x000000008000ff7a (0x00e78023) mem 0x0000000080012097 0x00
core   0: 0x000000008000ff7e (0xfc843703) ld      a4, -56(s0)
core   0: 3 0x000000008000ff7e (0xfc843703) x14 0x0000000080012040 mem 0x0000000080031f38
core   0: 0x000000008000ff82 (0xfb843783) ld      a5, -72(s0)
core   0: 3 0x000000008000ff82 (0xfb843783) x15 0x000000000000009c mem 0x0000000080031f28
core   0: 0x000000008000ff86 (0x000097ba) c.add   a5, a4
core   0: 3 0x000000008000ff86 (0x97ba) x15 0x00000000800120dc
core   0: 0x000000008000ff88 (0xfe043703) ld      a4, -32(s0)
core   0: 3 0x000000008000ff88 (0xfe043703) x14 0x0000000080012098 mem 0x0000000080031f50
core   0: 0x000000008000ff8c (0xfcf76de3) bltu    a4, a5, pc - 38
core   0: 3 0x000000008000ff8c (0xfcf76de3)
core   0: 0x000000008000ff66 (0xfe043783) ld      a5, -32(s0)
core   0: 3 0x000000008000ff66 (0xfe043783) x15 0x0000000080012098 mem 0x0000000080031f50
core   0: 0x000000008000ff6a (0x00178713) addi    a4, a5, 1
core   0: 3 0x000000008000ff6a (0x00178713) x14 0x0000000080012099
core   0: 0x000000008000ff6e (0xfee43023) sd      a4, -32(s0)
core   0: 3 0x000000008000ff6e (0xfee43023) mem 0x0000000080031f50 0x0000000080012099
core   0: 0x000000008000ff72 (0xfc442703) lw      a4, -60(s0)
core   0: 3 0x000000008000ff72 (0xfc442703) x14 0x0000000000000000 mem 0x0000000080031f34
core   0: 0x000000008000ff76 (0x0ff77713) andi    a4, a4, 255
core   0: 3 0x000000008000ff76 (0x0ff77713) x14 0x0000000000000000
core   0: 0x000000008000ff7a (0x00e78023) sb      a4, 0(a5)
core   0: 3 0x000000008000ff7a (0x00e78023) mem 0x0000000080012098 0x00
core   0: 0x000000008000ff7e (0xfc843703) ld      a4, -56(s0)
core   0: 3 0x000000008000ff7e (0xfc843703) x14 0x0000000080012040 mem 0x0000000080031f38
core   0: 0x000000008000ff82 (0xfb843783) ld      a5, -72(s0)
core   0: 3 0x000000008000ff82 (0xfb843783) x15 0x000000000000009c mem 0x0000000080031f28
core   0: 0x000000008000ff86 (0x000097ba) c.add   a5, a4
core   0: 3 0x000000008000ff86 (0x97ba) x15 0x00000000800120dc
core   0: 0x000000008000ff88 (0xfe043703) ld      a4, -32(s0)
core   0: 3 0x000000008000ff88 (0xfe043703) x14 0x0000000080012099 mem 0x0000000080031f50
core   0: 0x000000008000ff8c (0xfcf76de3) bltu    a4, a5, pc - 38
core   0: 3 0x000000008000ff8c (0xfcf76de3)
core   0: 0x000000008000ff66 (0xfe043783) ld      a5, -32(s0)
core   0: 3 0x000000008000ff66 (0xfe043783) x15 0x0000000080012099 mem 0x0000000080031f50
core   0: 0x000000008000ff6a (0x00178713) addi    a4, a5, 1
core   0: 3 0x000000008000ff6a (0x00178713) x14 0x000000008001209a
core   0: 0x000000008000ff6e (0xfee43023) sd      a4, -32(s0)
core   0: 3 0x000000008000ff6e (0xfee43023) mem 0x0000000080031f50 0x000000008001209a
core   0: 0x000000008000ff72 (0xfc442703) lw      a4, -60(s0)
core   0: 3 0x000000008000ff72 (0xfc442703) x14 0x0000000000000000 mem 0x0000000080031f34
core   0: 0x000000008000ff76 (0x0ff77713) andi    a4, a4, 255
core   0: 3 0x000000008000ff76 (0x0ff77713) x14 0x0000000000000000
core   0: 0x000000008000ff7a (0x00e78023) sb      a4, 0(a5)
core   0: 3 0x000000008000ff7a (0x00e78023) mem 0x0000000080012099 0x00
core   0: 0x000000008000ff7e (0xfc843703) ld      a4, -56(s0)
core   0: 3 0x000000008000ff7e (0xfc843703) x14 0x0000000080012040 mem 0x0000000080031f38
core   0: 0x000000008000ff82 (0xfb843783) ld      a5, -72(s0)
core   0: 3 0x000000008000ff82 (0xfb843783) x15 0x000000000000009c mem 0x0000000080031f28
core   0: 0x000000008000ff86 (0x000097ba) c.add   a5, a4
core   0: 3 0x000000008000ff86 (0x97ba) x15 0x00000000800120dc
core   0: 0x000000008000ff88 (0xfe043703) ld      a4, -32(s0)
core   0: 3 0x000000008000ff88 (0xfe043703) x14 0x000000008001209a mem 0x0000000080031f50
core   0: 0x000000008000ff8c (0xfcf76de3) bltu    a4, a5, pc - 38
core   0: 3 0x000000008000ff8c (0xfcf76de3)
core   0: 0x000000008000ff66 (0xfe043783) ld      a5, -32(s0)
core   0: 3 0x000000008000ff66 (0xfe043783) x15 0x000000008001209a mem 0x0000000080031f50
core   0: 0x000000008000ff6a (0x00178713) addi    a4, a5, 1
core   0: 3 0x000000008000ff6a (0x00178713) x14 0x000000008001209b
core   0: 0x000000008000ff6e (0xfee43023) sd      a4, -32(s0)
core   0: 3 0x000000008000ff6e (0xfee43023) mem 0x0000000080031f50 0x000000008001209b
core   0: 0x000000008000ff72 (0xfc442703) lw      a4, -60(s0)
core   0: 3 0x000000008000ff72 (0xfc442703) x14 0x0000000000000000 mem 0x0000000080031f34
core   0: 0x000000008000ff76 (0x0ff77713) andi    a4, a4, 255
core   0: 3 0x000000008000ff76 (0x0ff77713) x14 0x0000000000000000
core   0: 0x000000008000ff7a (0x00e78023) sb      a4, 0(a5)
core   0: 3 0x000000008000ff7a (0x00e78023) mem 0x000000008001209a 0x00
core   0: 0x000000008000ff7e (0xfc843703) ld      a4, -56(s0)
core   0: 3 0x000000008000ff7e (0xfc843703) x14 0x0000000080012040 mem 0x0000000080031f38
core   0: 0x000000008000ff82 (0xfb843783) ld      a5, -72(s0)
core   0: 3 0x000000008000ff82 (0xfb843783) x15 0x000000000000009c mem 0x0000000080031f28
core   0: 0x000000008000ff86 (0x000097ba) c.add   a5, a4
core   0: 3 0x000000008000ff86 (0x97ba) x15 0x00000000800120dc
core   0: 0x000000008000ff88 (0xfe043703) ld      a4, -32(s0)
core   0: 3 0x000000008000ff88 (0xfe043703) x14 0x000000008001209b mem 0x0000000080031f50
core   0: 0x000000008000ff8c (0xfcf76de3) bltu    a4, a5, pc - 38
core   0: 3 0x000000008000ff8c (0xfcf76de3)
core   0: 0x000000008000ff66 (0xfe043783) ld      a5, -32(s0)
core   0: 3 0x000000008000ff66 (0xfe043783) x15 0x000000008001209b mem 0x0000000080031f50
core   0: 0x000000008000ff6a (0x00178713) addi    a4, a5, 1
core   0: 3 0x000000008000ff6a (0x00178713) x14 0x000000008001209c
core   0: 0x000000008000ff6e (0xfee43023) sd      a4, -32(s0)
core   0: 3 0x000000008000ff6e (0xfee43023) mem 0x0000000080031f50 0x000000008001209c
core   0: 0x000000008000ff72 (0xfc442703) lw      a4, -60(s0)
core   0: 3 0x000000008000ff72 (0xfc442703) x14 0x0000000000000000 mem 0x0000000080031f34
core   0: 0x000000008000ff76 (0x0ff77713) andi    a4, a4, 255
core   0: 3 0x000000008000ff76 (0x0ff77713) x14 0x0000000000000000
core   0: 0x000000008000ff7a (0x00e78023) sb      a4, 0(a5)
core   0: 3 0x000000008000ff7a (0x00e78023) mem 0x000000008001209b 0x00
core   0: 0x000000008000ff7e (0xfc843703) ld      a4, -56(s0)
core   0: 3 0x000000008000ff7e (0xfc843703) x14 0x0000000080012040 mem 0x0000000080031f38
core   0: 0x000000008000ff82 (0xfb843783) ld      a5, -72(s0)
core   0: 3 0x000000008000ff82 (0xfb843783) x15 0x000000000000009c mem 0x0000000080031f28
core   0: 0x000000008000ff86 (0x000097ba) c.add   a5, a4
core   0: 3 0x000000008000ff86 (0x97ba) x15 0x00000000800120dc
core   0: 0x000000008000ff88 (0xfe043703) ld      a4, -32(s0)
core   0: 3 0x000000008000ff88 (0xfe043703) x14 0x000000008001209c mem 0x0000000080031f50
core   0: 0x000000008000ff8c (0xfcf76de3) bltu    a4, a5, pc - 38
core   0: 3 0x000000008000ff8c (0xfcf76de3)
core   0: 0x000000008000ff66 (0xfe043783) ld      a5, -32(s0)
core   0: 3 0x000000008000ff66 (0xfe043783) x15 0x000000008001209c mem 0x0000000080031f50
core   0: 0x000000008000ff6a (0x00178713) addi    a4, a5, 1
core   0: 3 0x000000008000ff6a (0x00178713) x14 0x000000008001209d
core   0: 0x000000008000ff6e (0xfee43023) sd      a4, -32(s0)
core   0: 3 0x000000008000ff6e (0xfee43023) mem 0x0000000080031f50 0x000000008001209d
core   0: 0x000000008000ff72 (0xfc442703) lw      a4, -60(s0)
core   0: 3 0x000000008000ff72 (0xfc442703) x14 0x0000000000000000 mem 0x0000000080031f34
core   0: 0x000000008000ff76 (0x0ff77713) andi    a4, a4, 255
core   0: 3 0x000000008000ff76 (0x0ff77713) x14 0x0000000000000000
core   0: 0x000000008000ff7a (0x00e78023) sb      a4, 0(a5)
core   0: 3 0x000000008000ff7a (0x00e78023) mem 0x000000008001209c 0x00
core   0: 0x000000008000ff7e (0xfc843703) ld      a4, -56(s0)
core   0: 3 0x000000008000ff7e (0xfc843703) x14 0x0000000080012040 mem 0x0000000080031f38
core   0: 0x000000008000ff82 (0xfb843783) ld      a5, -72(s0)
core   0: 3 0x000000008000ff82 (0xfb843783) x15 0x000000000000009c mem 0x0000000080031f28
core   0: 0x000000008000ff86 (0x000097ba) c.add   a5, a4
core   0: 3 0x000000008000ff86 (0x97ba) x15 0x00000000800120dc
core   0: 0x000000008000ff88 (0xfe043703) ld      a4, -32(s0)
core   0: 3 0x000000008000ff88 (0xfe043703) x14 0x000000008001209d mem 0x0000000080031f50
core   0: 0x000000008000ff8c (0xfcf76de3) bltu    a4, a5, pc - 38
core   0: 3 0x000000008000ff8c (0xfcf76de3)
core   0: 0x000000008000ff66 (0xfe043783) ld      a5, -32(s0)
core   0: 3 0x000000008000ff66 (0xfe043783) x15 0x000000008001209d mem 0x0000000080031f50
core   0: 0x000000008000ff6a (0x00178713) addi    a4, a5, 1
core   0: 3 0x000000008000ff6a (0x00178713) x14 0x000000008001209e
core   0: 0x000000008000ff6e (0xfee43023) sd      a4, -32(s0)
core   0: 3 0x000000008000ff6e (0xfee43023) mem 0x0000000080031f50 0x000000008001209e
core   0: 0x000000008000ff72 (0xfc442703) lw      a4, -60(s0)
core   0: 3 0x000000008000ff72 (0xfc442703) x14 0x0000000000000000 mem 0x0000000080031f34
core   0: 0x000000008000ff76 (0x0ff77713) andi    a4, a4, 255
core   0: 3 0x000000008000ff76 (0x0ff77713) x14 0x0000000000000000
core   0: 0x000000008000ff7a (0x00e78023) sb      a4, 0(a5)
core   0: 3 0x000000008000ff7a (0x00e78023) mem 0x000000008001209d 0x00
core   0: 0x000000008000ff7e (0xfc843703) ld      a4, -56(s0)
core   0: 3 0x000000008000ff7e (0xfc843703) x14 0x0000000080012040 mem 0x0000000080031f38
core   0: 0x000000008000ff82 (0xfb843783) ld      a5, -72(s0)
core   0: 3 0x000000008000ff82 (0xfb843783) x15 0x000000000000009c mem 0x0000000080031f28
core   0: 0x000000008000ff86 (0x000097ba) c.add   a5, a4
core   0: 3 0x000000008000ff86 (0x97ba) x15 0x00000000800120dc
core   0: 0x000000008000ff88 (0xfe043703) ld      a4, -32(s0)
core   0: 3 0x000000008000ff88 (0xfe043703) x14 0x000000008001209e mem 0x0000000080031f50
core   0: 0x000000008000ff8c (0xfcf76de3) bltu    a4, a5, pc - 38
core   0: 3 0x000000008000ff8c (0xfcf76de3)
core   0: 0x000000008000ff66 (0xfe043783) ld      a5, -32(s0)
core   0: 3 0x000000008000ff66 (0xfe043783) x15 0x000000008001209e mem 0x0000000080031f50
core   0: 0x000000008000ff6a (0x00178713) addi    a4, a5, 1
core   0: 3 0x000000008000ff6a (0x00178713) x14 0x000000008001209f
core   0: 0x000000008000ff6e (0xfee43023) sd      a4, -32(s0)
core   0: 3 0x000000008000ff6e (0xfee43023) mem 0x0000000080031f50 0x000000008001209f
core   0: 0x000000008000ff72 (0xfc442703) lw      a4, -60(s0)
core   0: 3 0x000000008000ff72 (0xfc442703) x14 0x0000000000000000 mem 0x0000000080031f34
core   0: 0x000000008000ff76 (0x0ff77713) andi    a4, a4, 255
core   0: 3 0x000000008000ff76 (0x0ff77713) x14 0x0000000000000000
core   0: 0x000000008000ff7a (0x00e78023) sb      a4, 0(a5)
core   0: 3 0x000000008000ff7a (0x00e78023) mem 0x000000008001209e 0x00
core   0: 0x000000008000ff7e (0xfc843703) ld      a4, -56(s0)
core   0: 3 0x000000008000ff7e (0xfc843703) x14 0x0000000080012040 mem 0x0000000080031f38
core   0: 0x000000008000ff82 (0xfb843783) ld      a5, -72(s0)
core   0: 3 0x000000008000ff82 (0xfb843783) x15 0x000000000000009c mem 0x0000000080031f28
core   0: 0x000000008000ff86 (0x000097ba) c.add   a5, a4
core   0: 3 0x000000008000ff86 (0x97ba) x15 0x00000000800120dc
core   0: 0x000000008000ff88 (0xfe043703) ld      a4, -32(s0)
core   0: 3 0x000000008000ff88 (0xfe043703) x14 0x000000008001209f mem 0x0000000080031f50
core   0: 0x000000008000ff8c (0xfcf76de3) bltu    a4, a5, pc - 38
core   0: 3 0x000000008000ff8c (0xfcf76de3)
core   0: 0x000000008000ff66 (0xfe043783) ld      a5, -32(s0)
core   0: 3 0x000000008000ff66 (0xfe043783) x15 0x000000008001209f mem 0x0000000080031f50
core   0: 0x000000008000ff6a (0x00178713) addi    a4, a5, 1
core   0: 3 0x000000008000ff6a (0x00178713) x14 0x00000000800120a0
core   0: 0x000000008000ff6e (0xfee43023) sd      a4, -32(s0)
core   0: 3 0x000000008000ff6e (0xfee43023) mem 0x0000000080031f50 0x00000000800120a0
core   0: 0x000000008000ff72 (0xfc442703) lw      a4, -60(s0)
core   0: 3 0x000000008000ff72 (0xfc442703) x14 0x0000000000000000 mem 0x0000000080031f34
core   0: 0x000000008000ff76 (0x0ff77713) andi    a4, a4, 255
core   0: 3 0x000000008000ff76 (0x0ff77713) x14 0x0000000000000000
core   0: 0x000000008000ff7a (0x00e78023) sb      a4, 0(a5)
core   0: 3 0x000000008000ff7a (0x00e78023) mem 0x000000008001209f 0x00
core   0: 0x000000008000ff7e (0xfc843703) ld      a4, -56(s0)
core   0: 3 0x000000008000ff7e (0xfc843703) x14 0x0000000080012040 mem 0x0000000080031f38
core   0: 0x000000008000ff82 (0xfb843783) ld      a5, -72(s0)
core   0: 3 0x000000008000ff82 (0xfb843783) x15 0x000000000000009c mem 0x0000000080031f28
core   0: 0x000000008000ff86 (0x000097ba) c.add   a5, a4
core   0: 3 0x000000008000ff86 (0x97ba) x15 0x00000000800120dc
core   0: 0x000000008000ff88 (0xfe043703) ld      a4, -32(s0)
core   0: 3 0x000000008000ff88 (0xfe043703) x14 0x00000000800120a0 mem 0x0000000080031f50
core   0: 0x000000008000ff8c (0xfcf76de3) bltu    a4, a5, pc - 38
core   0: 3 0x000000008000ff8c (0xfcf76de3)
core   0: 0x000000008000ff66 (0xfe043783) ld      a5, -32(s0)
core   0: 3 0x000000008000ff66 (0xfe043783) x15 0x00000000800120a0 mem 0x0000000080031f50
core   0: 0x000000008000ff6a (0x00178713) addi    a4, a5, 1
core   0: 3 0x000000008000ff6a (0x00178713) x14 0x00000000800120a1
core   0: 0x000000008000ff6e (0xfee43023) sd      a4, -32(s0)
core   0: 3 0x000000008000ff6e (0xfee43023) mem 0x0000000080031f50 0x00000000800120a1
core   0: 0x000000008000ff72 (0xfc442703) lw      a4, -60(s0)
core   0: 3 0x000000008000ff72 (0xfc442703) x14 0x0000000000000000 mem 0x0000000080031f34
core   0: 0x000000008000ff76 (0x0ff77713) andi    a4, a4, 255
core   0: 3 0x000000008000ff76 (0x0ff77713) x14 0x0000000000000000
core   0: 0x000000008000ff7a (0x00e78023) sb      a4, 0(a5)
core   0: 3 0x000000008000ff7a (0x00e78023) mem 0x00000000800120a0 0x00
core   0: 0x000000008000ff7e (0xfc843703) ld      a4, -56(s0)
core   0: 3 0x000000008000ff7e (0xfc843703) x14 0x0000000080012040 mem 0x0000000080031f38
core   0: 0x000000008000ff82 (0xfb843783) ld      a5, -72(s0)
core   0: 3 0x000000008000ff82 (0xfb843783) x15 0x000000000000009c mem 0x0000000080031f28
core   0: 0x000000008000ff86 (0x000097ba) c.add   a5, a4
core   0: 3 0x000000008000ff86 (0x97ba) x15 0x00000000800120dc
core   0: 0x000000008000ff88 (0xfe043703) ld      a4, -32(s0)
core   0: 3 0x000000008000ff88 (0xfe043703) x14 0x00000000800120a1 mem 0x0000000080031f50
core   0: 0x000000008000ff8c (0xfcf76de3) bltu    a4, a5, pc - 38
core   0: 3 0x000000008000ff8c (0xfcf76de3)
core   0: 0x000000008000ff66 (0xfe043783) ld      a5, -32(s0)
core   0: 3 0x000000008000ff66 (0xfe043783) x15 0x00000000800120a1 mem 0x0000000080031f50
core   0: 0x000000008000ff6a (0x00178713) addi    a4, a5, 1
core   0: 3 0x000000008000ff6a (0x00178713) x14 0x00000000800120a2
core   0: 0x000000008000ff6e (0xfee43023) sd      a4, -32(s0)
core   0: 3 0x000000008000ff6e (0xfee43023) mem 0x0000000080031f50 0x00000000800120a2
core   0: 0x000000008000ff72 (0xfc442703) lw      a4, -60(s0)
core   0: 3 0x000000008000ff72 (0xfc442703) x14 0x0000000000000000 mem 0x0000000080031f34
core   0: 0x000000008000ff76 (0x0ff77713) andi    a4, a4, 255
core   0: 3 0x000000008000ff76 (0x0ff77713) x14 0x0000000000000000
core   0: 0x000000008000ff7a (0x00e78023) sb      a4, 0(a5)
core   0: 3 0x000000008000ff7a (0x00e78023) mem 0x00000000800120a1 0x00
core   0: 0x000000008000ff7e (0xfc843703) ld      a4, -56(s0)
core   0: 3 0x000000008000ff7e (0xfc843703) x14 0x0000000080012040 mem 0x0000000080031f38
core   0: 0x000000008000ff82 (0xfb843783) ld      a5, -72(s0)
core   0: 3 0x000000008000ff82 (0xfb843783) x15 0x000000000000009c mem 0x0000000080031f28
core   0: 0x000000008000ff86 (0x000097ba) c.add   a5, a4
core   0: 3 0x000000008000ff86 (0x97ba) x15 0x00000000800120dc
core   0: 0x000000008000ff88 (0xfe043703) ld      a4, -32(s0)
core   0: 3 0x000000008000ff88 (0xfe043703) x14 0x00000000800120a2 mem 0x0000000080031f50
core   0: 0x000000008000ff8c (0xfcf76de3) bltu    a4, a5, pc - 38
core   0: 3 0x000000008000ff8c (0xfcf76de3)
core   0: 0x000000008000ff66 (0xfe043783) ld      a5, -32(s0)
core   0: 3 0x000000008000ff66 (0xfe043783) x15 0x00000000800120a2 mem 0x0000000080031f50
core   0: 0x000000008000ff6a (0x00178713) addi    a4, a5, 1
core   0: 3 0x000000008000ff6a (0x00178713) x14 0x00000000800120a3
core   0: 0x000000008000ff6e (0xfee43023) sd      a4, -32(s0)
core   0: 3 0x000000008000ff6e (0xfee43023) mem 0x0000000080031f50 0x00000000800120a3
core   0: 0x000000008000ff72 (0xfc442703) lw      a4, -60(s0)
core   0: 3 0x000000008000ff72 (0xfc442703) x14 0x0000000000000000 mem 0x0000000080031f34
core   0: 0x000000008000ff76 (0x0ff77713) andi    a4, a4, 255
core   0: 3 0x000000008000ff76 (0x0ff77713) x14 0x0000000000000000
core   0: 0x000000008000ff7a (0x00e78023) sb      a4, 0(a5)
core   0: 3 0x000000008000ff7a (0x00e78023) mem 0x00000000800120a2 0x00
core   0: 0x000000008000ff7e (0xfc843703) ld      a4, -56(s0)
core   0: 3 0x000000008000ff7e (0xfc843703) x14 0x0000000080012040 mem 0x0000000080031f38
core   0: 0x000000008000ff82 (0xfb843783) ld      a5, -72(s0)
core   0: 3 0x000000008000ff82 (0xfb843783) x15 0x000000000000009c mem 0x0000000080031f28
core   0: 0x000000008000ff86 (0x000097ba) c.add   a5, a4
core   0: 3 0x000000008000ff86 (0x97ba) x15 0x00000000800120dc
core   0: 0x000000008000ff88 (0xfe043703) ld      a4, -32(s0)
core   0: 3 0x000000008000ff88 (0xfe043703) x14 0x00000000800120a3 mem 0x0000000080031f50
core   0: 0x000000008000ff8c (0xfcf76de3) bltu    a4, a5, pc - 38
core   0: 3 0x000000008000ff8c (0xfcf76de3)
core   0: 0x000000008000ff66 (0xfe043783) ld      a5, -32(s0)
core   0: 3 0x000000008000ff66 (0xfe043783) x15 0x00000000800120a3 mem 0x0000000080031f50
core   0: 0x000000008000ff6a (0x00178713) addi    a4, a5, 1
core   0: 3 0x000000008000ff6a (0x00178713) x14 0x00000000800120a4
core   0: 0x000000008000ff6e (0xfee43023) sd      a4, -32(s0)
core   0: 3 0x000000008000ff6e (0xfee43023) mem 0x0000000080031f50 0x00000000800120a4
core   0: 0x000000008000ff72 (0xfc442703) lw      a4, -60(s0)
core   0: 3 0x000000008000ff72 (0xfc442703) x14 0x0000000000000000 mem 0x0000000080031f34
core   0: 0x000000008000ff76 (0x0ff77713) andi    a4, a4, 255
core   0: 3 0x000000008000ff76 (0x0ff77713) x14 0x0000000000000000
core   0: 0x000000008000ff7a (0x00e78023) sb      a4, 0(a5)
core   0: 3 0x000000008000ff7a (0x00e78023) mem 0x00000000800120a3 0x00
core   0: 0x000000008000ff7e (0xfc843703) ld      a4, -56(s0)
core   0: 3 0x000000008000ff7e (0xfc843703) x14 0x0000000080012040 mem 0x0000000080031f38
core   0: 0x000000008000ff82 (0xfb843783) ld      a5, -72(s0)
core   0: 3 0x000000008000ff82 (0xfb843783) x15 0x000000000000009c mem 0x0000000080031f28
core   0: 0x000000008000ff86 (0x000097ba) c.add   a5, a4
core   0: 3 0x000000008000ff86 (0x97ba) x15 0x00000000800120dc
core   0: 0x000000008000ff88 (0xfe043703) ld      a4, -32(s0)
core   0: 3 0x000000008000ff88 (0xfe043703) x14 0x00000000800120a4 mem 0x0000000080031f50
core   0: 0x000000008000ff8c (0xfcf76de3) bltu    a4, a5, pc - 38
core   0: 3 0x000000008000ff8c (0xfcf76de3)
core   0: 0x000000008000ff66 (0xfe043783) ld      a5, -32(s0)
core   0: 3 0x000000008000ff66 (0xfe043783) x15 0x00000000800120a4 mem 0x0000000080031f50
core   0: 0x000000008000ff6a (0x00178713) addi    a4, a5, 1
core   0: 3 0x000000008000ff6a (0x00178713) x14 0x00000000800120a5
core   0: 0x000000008000ff6e (0xfee43023) sd      a4, -32(s0)
core   0: 3 0x000000008000ff6e (0xfee43023) mem 0x0000000080031f50 0x00000000800120a5
core   0: 0x000000008000ff72 (0xfc442703) lw      a4, -60(s0)
core   0: 3 0x000000008000ff72 (0xfc442703) x14 0x0000000000000000 mem 0x0000000080031f34
core   0: 0x000000008000ff76 (0x0ff77713) andi    a4, a4, 255
core   0: 3 0x000000008000ff76 (0x0ff77713) x14 0x0000000000000000
core   0: 0x000000008000ff7a (0x00e78023) sb      a4, 0(a5)
core   0: 3 0x000000008000ff7a (0x00e78023) mem 0x00000000800120a4 0x00
core   0: 0x000000008000ff7e (0xfc843703) ld      a4, -56(s0)
core   0: 3 0x000000008000ff7e (0xfc843703) x14 0x0000000080012040 mem 0x0000000080031f38
core   0: 0x000000008000ff82 (0xfb843783) ld      a5, -72(s0)
core   0: 3 0x000000008000ff82 (0xfb843783) x15 0x000000000000009c mem 0x0000000080031f28
core   0: 0x000000008000ff86 (0x000097ba) c.add   a5, a4
core   0: 3 0x000000008000ff86 (0x97ba) x15 0x00000000800120dc
core   0: 0x000000008000ff88 (0xfe043703) ld      a4, -32(s0)
core   0: 3 0x000000008000ff88 (0xfe043703) x14 0x00000000800120a5 mem 0x0000000080031f50
core   0: 0x000000008000ff8c (0xfcf76de3) bltu    a4, a5, pc - 38
core   0: 3 0x000000008000ff8c (0xfcf76de3)
core   0: 0x000000008000ff66 (0xfe043783) ld      a5, -32(s0)
core   0: 3 0x000000008000ff66 (0xfe043783) x15 0x00000000800120a5 mem 0x0000000080031f50
core   0: 0x000000008000ff6a (0x00178713) addi    a4, a5, 1
core   0: 3 0x000000008000ff6a (0x00178713) x14 0x00000000800120a6
core   0: 0x000000008000ff6e (0xfee43023) sd      a4, -32(s0)
core   0: 3 0x000000008000ff6e (0xfee43023) mem 0x0000000080031f50 0x00000000800120a6
core   0: 0x000000008000ff72 (0xfc442703) lw      a4, -60(s0)
core   0: 3 0x000000008000ff72 (0xfc442703) x14 0x0000000000000000 mem 0x0000000080031f34
core   0: 0x000000008000ff76 (0x0ff77713) andi    a4, a4, 255
core   0: 3 0x000000008000ff76 (0x0ff77713) x14 0x0000000000000000
core   0: 0x000000008000ff7a (0x00e78023) sb      a4, 0(a5)
core   0: 3 0x000000008000ff7a (0x00e78023) mem 0x00000000800120a5 0x00
core   0: 0x000000008000ff7e (0xfc843703) ld      a4, -56(s0)
core   0: 3 0x000000008000ff7e (0xfc843703) x14 0x0000000080012040 mem 0x0000000080031f38
core   0: 0x000000008000ff82 (0xfb843783) ld      a5, -72(s0)
core   0: 3 0x000000008000ff82 (0xfb843783) x15 0x000000000000009c mem 0x0000000080031f28
core   0: 0x000000008000ff86 (0x000097ba) c.add   a5, a4
core   0: 3 0x000000008000ff86 (0x97ba) x15 0x00000000800120dc
core   0: 0x000000008000ff88 (0xfe043703) ld      a4, -32(s0)
core   0: 3 0x000000008000ff88 (0xfe043703) x14 0x00000000800120a6 mem 0x0000000080031f50
core   0: 0x000000008000ff8c (0xfcf76de3) bltu    a4, a5, pc - 38
core   0: 3 0x000000008000ff8c (0xfcf76de3)
core   0: 0x000000008000ff66 (0xfe043783) ld      a5, -32(s0)
core   0: 3 0x000000008000ff66 (0xfe043783) x15 0x00000000800120a6 mem 0x0000000080031f50
core   0: 0x000000008000ff6a (0x00178713) addi    a4, a5, 1
core   0: 3 0x000000008000ff6a (0x00178713) x14 0x00000000800120a7
core   0: 0x000000008000ff6e (0xfee43023) sd      a4, -32(s0)
core   0: 3 0x000000008000ff6e (0xfee43023) mem 0x0000000080031f50 0x00000000800120a7
core   0: 0x000000008000ff72 (0xfc442703) lw      a4, -60(s0)
core   0: 3 0x000000008000ff72 (0xfc442703) x14 0x0000000000000000 mem 0x0000000080031f34
core   0: 0x000000008000ff76 (0x0ff77713) andi    a4, a4, 255
core   0: 3 0x000000008000ff76 (0x0ff77713) x14 0x0000000000000000
core   0: 0x000000008000ff7a (0x00e78023) sb      a4, 0(a5)
core   0: 3 0x000000008000ff7a (0x00e78023) mem 0x00000000800120a6 0x00
core   0: 0x000000008000ff7e (0xfc843703) ld      a4, -56(s0)
core   0: 3 0x000000008000ff7e (0xfc843703) x14 0x0000000080012040 mem 0x0000000080031f38
core   0: 0x000000008000ff82 (0xfb843783) ld      a5, -72(s0)
core   0: 3 0x000000008000ff82 (0xfb843783) x15 0x000000000000009c mem 0x0000000080031f28
core   0: 0x000000008000ff86 (0x000097ba) c.add   a5, a4
core   0: 3 0x000000008000ff86 (0x97ba) x15 0x00000000800120dc
core   0: 0x000000008000ff88 (0xfe043703) ld      a4, -32(s0)
core   0: 3 0x000000008000ff88 (0xfe043703) x14 0x00000000800120a7 mem 0x0000000080031f50
core   0: 0x000000008000ff8c (0xfcf76de3) bltu    a4, a5, pc - 38
core   0: 3 0x000000008000ff8c (0xfcf76de3)
core   0: 0x000000008000ff66 (0xfe043783) ld      a5, -32(s0)
core   0: 3 0x000000008000ff66 (0xfe043783) x15 0x00000000800120a7 mem 0x0000000080031f50
core   0: 0x000000008000ff6a (0x00178713) addi    a4, a5, 1
core   0: 3 0x000000008000ff6a (0x00178713) x14 0x00000000800120a8
core   0: 0x000000008000ff6e (0xfee43023) sd      a4, -32(s0)
core   0: 3 0x000000008000ff6e (0xfee43023) mem 0x0000000080031f50 0x00000000800120a8
core   0: 0x000000008000ff72 (0xfc442703) lw      a4, -60(s0)
core   0: 3 0x000000008000ff72 (0xfc442703) x14 0x0000000000000000 mem 0x0000000080031f34
core   0: 0x000000008000ff76 (0x0ff77713) andi    a4, a4, 255
core   0: 3 0x000000008000ff76 (0x0ff77713) x14 0x0000000000000000
core   0: 0x000000008000ff7a (0x00e78023) sb      a4, 0(a5)
core   0: 3 0x000000008000ff7a (0x00e78023) mem 0x00000000800120a7 0x00
core   0: 0x000000008000ff7e (0xfc843703) ld      a4, -56(s0)
core   0: 3 0x000000008000ff7e (0xfc843703) x14 0x0000000080012040 mem 0x0000000080031f38
core   0: 0x000000008000ff82 (0xfb843783) ld      a5, -72(s0)
core   0: 3 0x000000008000ff82 (0xfb843783) x15 0x000000000000009c mem 0x0000000080031f28
core   0: 0x000000008000ff86 (0x000097ba) c.add   a5, a4
core   0: 3 0x000000008000ff86 (0x97ba) x15 0x00000000800120dc
core   0: 0x000000008000ff88 (0xfe043703) ld      a4, -32(s0)
core   0: 3 0x000000008000ff88 (0xfe043703) x14 0x00000000800120a8 mem 0x0000000080031f50
core   0: 0x000000008000ff8c (0xfcf76de3) bltu    a4, a5, pc - 38
core   0: 3 0x000000008000ff8c (0xfcf76de3)
core   0: 0x000000008000ff66 (0xfe043783) ld      a5, -32(s0)
core   0: 3 0x000000008000ff66 (0xfe043783) x15 0x00000000800120a8 mem 0x0000000080031f50
core   0: 0x000000008000ff6a (0x00178713) addi    a4, a5, 1
core   0: 3 0x000000008000ff6a (0x00178713) x14 0x00000000800120a9
core   0: 0x000000008000ff6e (0xfee43023) sd      a4, -32(s0)
core   0: 3 0x000000008000ff6e (0xfee43023) mem 0x0000000080031f50 0x00000000800120a9
core   0: 0x000000008000ff72 (0xfc442703) lw      a4, -60(s0)
core   0: 3 0x000000008000ff72 (0xfc442703) x14 0x0000000000000000 mem 0x0000000080031f34
core   0: 0x000000008000ff76 (0x0ff77713) andi    a4, a4, 255
core   0: 3 0x000000008000ff76 (0x0ff77713) x14 0x0000000000000000
core   0: 0x000000008000ff7a (0x00e78023) sb      a4, 0(a5)
core   0: 3 0x000000008000ff7a (0x00e78023) mem 0x00000000800120a8 0x00
core   0: 0x000000008000ff7e (0xfc843703) ld      a4, -56(s0)
core   0: 3 0x000000008000ff7e (0xfc843703) x14 0x0000000080012040 mem 0x0000000080031f38
core   0: 0x000000008000ff82 (0xfb843783) ld      a5, -72(s0)
core   0: 3 0x000000008000ff82 (0xfb843783) x15 0x000000000000009c mem 0x0000000080031f28
core   0: 0x000000008000ff86 (0x000097ba) c.add   a5, a4
core   0: 3 0x000000008000ff86 (0x97ba) x15 0x00000000800120dc
core   0: 0x000000008000ff88 (0xfe043703) ld      a4, -32(s0)
core   0: 3 0x000000008000ff88 (0xfe043703) x14 0x00000000800120a9 mem 0x0000000080031f50
core   0: 0x000000008000ff8c (0xfcf76de3) bltu    a4, a5, pc - 38
core   0: 3 0x000000008000ff8c (0xfcf76de3)
core   0: 0x000000008000ff66 (0xfe043783) ld      a5, -32(s0)
core   0: 3 0x000000008000ff66 (0xfe043783) x15 0x00000000800120a9 mem 0x0000000080031f50
core   0: 0x000000008000ff6a (0x00178713) addi    a4, a5, 1
core   0: 3 0x000000008000ff6a (0x00178713) x14 0x00000000800120aa
core   0: 0x000000008000ff6e (0xfee43023) sd      a4, -32(s0)
core   0: 3 0x000000008000ff6e (0xfee43023) mem 0x0000000080031f50 0x00000000800120aa
core   0: 0x000000008000ff72 (0xfc442703) lw      a4, -60(s0)
core   0: 3 0x000000008000ff72 (0xfc442703) x14 0x0000000000000000 mem 0x0000000080031f34
core   0: 0x000000008000ff76 (0x0ff77713) andi    a4, a4, 255
core   0: 3 0x000000008000ff76 (0x0ff77713) x14 0x0000000000000000
core   0: 0x000000008000ff7a (0x00e78023) sb      a4, 0(a5)
core   0: 3 0x000000008000ff7a (0x00e78023) mem 0x00000000800120a9 0x00
core   0: 0x000000008000ff7e (0xfc843703) ld      a4, -56(s0)
core   0: 3 0x000000008000ff7e (0xfc843703) x14 0x0000000080012040 mem 0x0000000080031f38
core   0: 0x000000008000ff82 (0xfb843783) ld      a5, -72(s0)
core   0: 3 0x000000008000ff82 (0xfb843783) x15 0x000000000000009c mem 0x0000000080031f28
core   0: 0x000000008000ff86 (0x000097ba) c.add   a5, a4
core   0: 3 0x000000008000ff86 (0x97ba) x15 0x00000000800120dc
core   0: 0x000000008000ff88 (0xfe043703) ld      a4, -32(s0)
core   0: 3 0x000000008000ff88 (0xfe043703) x14 0x00000000800120aa mem 0x0000000080031f50
core   0: 0x000000008000ff8c (0xfcf76de3) bltu    a4, a5, pc - 38
core   0: 3 0x000000008000ff8c (0xfcf76de3)
core   0: 0x000000008000ff66 (0xfe043783) ld      a5, -32(s0)
core   0: 3 0x000000008000ff66 (0xfe043783) x15 0x00000000800120aa mem 0x0000000080031f50
core   0: 0x000000008000ff6a (0x00178713) addi    a4, a5, 1
core   0: 3 0x000000008000ff6a (0x00178713) x14 0x00000000800120ab
core   0: 0x000000008000ff6e (0xfee43023) sd      a4, -32(s0)
core   0: 3 0x000000008000ff6e (0xfee43023) mem 0x0000000080031f50 0x00000000800120ab
core   0: 0x000000008000ff72 (0xfc442703) lw      a4, -60(s0)
core   0: 3 0x000000008000ff72 (0xfc442703) x14 0x0000000000000000 mem 0x0000000080031f34
core   0: 0x000000008000ff76 (0x0ff77713) andi    a4, a4, 255
core   0: 3 0x000000008000ff76 (0x0ff77713) x14 0x0000000000000000
core   0: 0x000000008000ff7a (0x00e78023) sb      a4, 0(a5)
core   0: 3 0x000000008000ff7a (0x00e78023) mem 0x00000000800120aa 0x00
core   0: 0x000000008000ff7e (0xfc843703) ld      a4, -56(s0)
core   0: 3 0x000000008000ff7e (0xfc843703) x14 0x0000000080012040 mem 0x0000000080031f38
core   0: 0x000000008000ff82 (0xfb843783) ld      a5, -72(s0)
core   0: 3 0x000000008000ff82 (0xfb843783) x15 0x000000000000009c mem 0x0000000080031f28
core   0: 0x000000008000ff86 (0x000097ba) c.add   a5, a4
core   0: 3 0x000000008000ff86 (0x97ba) x15 0x00000000800120dc
core   0: 0x000000008000ff88 (0xfe043703) ld      a4, -32(s0)
core   0: 3 0x000000008000ff88 (0xfe043703) x14 0x00000000800120ab mem 0x0000000080031f50
core   0: 0x000000008000ff8c (0xfcf76de3) bltu    a4, a5, pc - 38
core   0: 3 0x000000008000ff8c (0xfcf76de3)
core   0: 0x000000008000ff66 (0xfe043783) ld      a5, -32(s0)
core   0: 3 0x000000008000ff66 (0xfe043783) x15 0x00000000800120ab mem 0x0000000080031f50
core   0: 0x000000008000ff6a (0x00178713) addi    a4, a5, 1
core   0: 3 0x000000008000ff6a (0x00178713) x14 0x00000000800120ac
core   0: 0x000000008000ff6e (0xfee43023) sd      a4, -32(s0)
core   0: 3 0x000000008000ff6e (0xfee43023) mem 0x0000000080031f50 0x00000000800120ac
core   0: 0x000000008000ff72 (0xfc442703) lw      a4, -60(s0)
core   0: 3 0x000000008000ff72 (0xfc442703) x14 0x0000000000000000 mem 0x0000000080031f34
core   0: 0x000000008000ff76 (0x0ff77713) andi    a4, a4, 255
core   0: 3 0x000000008000ff76 (0x0ff77713) x14 0x0000000000000000
core   0: 0x000000008000ff7a (0x00e78023) sb      a4, 0(a5)
core   0: 3 0x000000008000ff7a (0x00e78023) mem 0x00000000800120ab 0x00
core   0: 0x000000008000ff7e (0xfc843703) ld      a4, -56(s0)
core   0: 3 0x000000008000ff7e (0xfc843703) x14 0x0000000080012040 mem 0x0000000080031f38
core   0: 0x000000008000ff82 (0xfb843783) ld      a5, -72(s0)
core   0: 3 0x000000008000ff82 (0xfb843783) x15 0x000000000000009c mem 0x0000000080031f28
core   0: 0x000000008000ff86 (0x000097ba) c.add   a5, a4
core   0: 3 0x000000008000ff86 (0x97ba) x15 0x00000000800120dc
core   0: 0x000000008000ff88 (0xfe043703) ld      a4, -32(s0)
core   0: 3 0x000000008000ff88 (0xfe043703) x14 0x00000000800120ac mem 0x0000000080031f50
core   0: 0x000000008000ff8c (0xfcf76de3) bltu    a4, a5, pc - 38
core   0: 3 0x000000008000ff8c (0xfcf76de3)
core   0: 0x000000008000ff66 (0xfe043783) ld      a5, -32(s0)
core   0: 3 0x000000008000ff66 (0xfe043783) x15 0x00000000800120ac mem 0x0000000080031f50
core   0: 0x000000008000ff6a (0x00178713) addi    a4, a5, 1
core   0: 3 0x000000008000ff6a (0x00178713) x14 0x00000000800120ad
core   0: 0x000000008000ff6e (0xfee43023) sd      a4, -32(s0)
core   0: 3 0x000000008000ff6e (0xfee43023) mem 0x0000000080031f50 0x00000000800120ad
core   0: 0x000000008000ff72 (0xfc442703) lw      a4, -60(s0)
core   0: 3 0x000000008000ff72 (0xfc442703) x14 0x0000000000000000 mem 0x0000000080031f34
core   0: 0x000000008000ff76 (0x0ff77713) andi    a4, a4, 255
core   0: 3 0x000000008000ff76 (0x0ff77713) x14 0x0000000000000000
core   0: 0x000000008000ff7a (0x00e78023) sb      a4, 0(a5)
core   0: 3 0x000000008000ff7a (0x00e78023) mem 0x00000000800120ac 0x00
core   0: 0x000000008000ff7e (0xfc843703) ld      a4, -56(s0)
core   0: 3 0x000000008000ff7e (0xfc843703) x14 0x0000000080012040 mem 0x0000000080031f38
core   0: 0x000000008000ff82 (0xfb843783) ld      a5, -72(s0)
core   0: 3 0x000000008000ff82 (0xfb843783) x15 0x000000000000009c mem 0x0000000080031f28
core   0: 0x000000008000ff86 (0x000097ba) c.add   a5, a4
core   0: 3 0x000000008000ff86 (0x97ba) x15 0x00000000800120dc
core   0: 0x000000008000ff88 (0xfe043703) ld      a4, -32(s0)
core   0: 3 0x000000008000ff88 (0xfe043703) x14 0x00000000800120ad mem 0x0000000080031f50
core   0: 0x000000008000ff8c (0xfcf76de3) bltu    a4, a5, pc - 38
core   0: 3 0x000000008000ff8c (0xfcf76de3)
core   0: 0x000000008000ff66 (0xfe043783) ld      a5, -32(s0)
core   0: 3 0x000000008000ff66 (0xfe043783) x15 0x00000000800120ad mem 0x0000000080031f50
core   0: 0x000000008000ff6a (0x00178713) addi    a4, a5, 1
core   0: 3 0x000000008000ff6a (0x00178713) x14 0x00000000800120ae
core   0: 0x000000008000ff6e (0xfee43023) sd      a4, -32(s0)
core   0: 3 0x000000008000ff6e (0xfee43023) mem 0x0000000080031f50 0x00000000800120ae
core   0: 0x000000008000ff72 (0xfc442703) lw      a4, -60(s0)
core   0: 3 0x000000008000ff72 (0xfc442703) x14 0x0000000000000000 mem 0x0000000080031f34
core   0: 0x000000008000ff76 (0x0ff77713) andi    a4, a4, 255
core   0: 3 0x000000008000ff76 (0x0ff77713) x14 0x0000000000000000
core   0: 0x000000008000ff7a (0x00e78023) sb      a4, 0(a5)
core   0: 3 0x000000008000ff7a (0x00e78023) mem 0x00000000800120ad 0x00
core   0: 0x000000008000ff7e (0xfc843703) ld      a4, -56(s0)
core   0: 3 0x000000008000ff7e (0xfc843703) x14 0x0000000080012040 mem 0x0000000080031f38
core   0: 0x000000008000ff82 (0xfb843783) ld      a5, -72(s0)
core   0: 3 0x000000008000ff82 (0xfb843783) x15 0x000000000000009c mem 0x0000000080031f28
core   0: 0x000000008000ff86 (0x000097ba) c.add   a5, a4
core   0: 3 0x000000008000ff86 (0x97ba) x15 0x00000000800120dc
core   0: 0x000000008000ff88 (0xfe043703) ld      a4, -32(s0)
core   0: 3 0x000000008000ff88 (0xfe043703) x14 0x00000000800120ae mem 0x0000000080031f50
core   0: 0x000000008000ff8c (0xfcf76de3) bltu    a4, a5, pc - 38
core   0: 3 0x000000008000ff8c (0xfcf76de3)
core   0: 0x000000008000ff66 (0xfe043783) ld      a5, -32(s0)
core   0: 3 0x000000008000ff66 (0xfe043783) x15 0x00000000800120ae mem 0x0000000080031f50
core   0: 0x000000008000ff6a (0x00178713) addi    a4, a5, 1
core   0: 3 0x000000008000ff6a (0x00178713) x14 0x00000000800120af
core   0: 0x000000008000ff6e (0xfee43023) sd      a4, -32(s0)
core   0: 3 0x000000008000ff6e (0xfee43023) mem 0x0000000080031f50 0x00000000800120af
core   0: 0x000000008000ff72 (0xfc442703) lw      a4, -60(s0)
core   0: 3 0x000000008000ff72 (0xfc442703) x14 0x0000000000000000 mem 0x0000000080031f34
core   0: 0x000000008000ff76 (0x0ff77713) andi    a4, a4, 255
core   0: 3 0x000000008000ff76 (0x0ff77713) x14 0x0000000000000000
core   0: 0x000000008000ff7a (0x00e78023) sb      a4, 0(a5)
core   0: 3 0x000000008000ff7a (0x00e78023) mem 0x00000000800120ae 0x00
core   0: 0x000000008000ff7e (0xfc843703) ld      a4, -56(s0)
core   0: 3 0x000000008000ff7e (0xfc843703) x14 0x0000000080012040 mem 0x0000000080031f38
core   0: 0x000000008000ff82 (0xfb843783) ld      a5, -72(s0)
core   0: 3 0x000000008000ff82 (0xfb843783) x15 0x000000000000009c mem 0x0000000080031f28
core   0: 0x000000008000ff86 (0x000097ba) c.add   a5, a4
core   0: 3 0x000000008000ff86 (0x97ba) x15 0x00000000800120dc
core   0: 0x000000008000ff88 (0xfe043703) ld      a4, -32(s0)
core   0: 3 0x000000008000ff88 (0xfe043703) x14 0x00000000800120af mem 0x0000000080031f50
core   0: 0x000000008000ff8c (0xfcf76de3) bltu    a4, a5, pc - 38
core   0: 3 0x000000008000ff8c (0xfcf76de3)
core   0: 0x000000008000ff66 (0xfe043783) ld      a5, -32(s0)
core   0: 3 0x000000008000ff66 (0xfe043783) x15 0x00000000800120af mem 0x0000000080031f50
core   0: 0x000000008000ff6a (0x00178713) addi    a4, a5, 1
core   0: 3 0x000000008000ff6a (0x00178713) x14 0x00000000800120b0
core   0: 0x000000008000ff6e (0xfee43023) sd      a4, -32(s0)
core   0: 3 0x000000008000ff6e (0xfee43023) mem 0x0000000080031f50 0x00000000800120b0
core   0: 0x000000008000ff72 (0xfc442703) lw      a4, -60(s0)
core   0: 3 0x000000008000ff72 (0xfc442703) x14 0x0000000000000000 mem 0x0000000080031f34
core   0: 0x000000008000ff76 (0x0ff77713) andi    a4, a4, 255
core   0: 3 0x000000008000ff76 (0x0ff77713) x14 0x0000000000000000
core   0: 0x000000008000ff7a (0x00e78023) sb      a4, 0(a5)
core   0: 3 0x000000008000ff7a (0x00e78023) mem 0x00000000800120af 0x00
core   0: 0x000000008000ff7e (0xfc843703) ld      a4, -56(s0)
core   0: 3 0x000000008000ff7e (0xfc843703) x14 0x0000000080012040 mem 0x0000000080031f38
core   0: 0x000000008000ff82 (0xfb843783) ld      a5, -72(s0)
core   0: 3 0x000000008000ff82 (0xfb843783) x15 0x000000000000009c mem 0x0000000080031f28
core   0: 0x000000008000ff86 (0x000097ba) c.add   a5, a4
core   0: 3 0x000000008000ff86 (0x97ba) x15 0x00000000800120dc
core   0: 0x000000008000ff88 (0xfe043703) ld      a4, -32(s0)
core   0: 3 0x000000008000ff88 (0xfe043703) x14 0x00000000800120b0 mem 0x0000000080031f50
core   0: 0x000000008000ff8c (0xfcf76de3) bltu    a4, a5, pc - 38
core   0: 3 0x000000008000ff8c (0xfcf76de3)
core   0: 0x000000008000ff66 (0xfe043783) ld      a5, -32(s0)
core   0: 3 0x000000008000ff66 (0xfe043783) x15 0x00000000800120b0 mem 0x0000000080031f50
core   0: 0x000000008000ff6a (0x00178713) addi    a4, a5, 1
core   0: 3 0x000000008000ff6a (0x00178713) x14 0x00000000800120b1
core   0: 0x000000008000ff6e (0xfee43023) sd      a4, -32(s0)
core   0: 3 0x000000008000ff6e (0xfee43023) mem 0x0000000080031f50 0x00000000800120b1
core   0: 0x000000008000ff72 (0xfc442703) lw      a4, -60(s0)
core   0: 3 0x000000008000ff72 (0xfc442703) x14 0x0000000000000000 mem 0x0000000080031f34
core   0: 0x000000008000ff76 (0x0ff77713) andi    a4, a4, 255
core   0: 3 0x000000008000ff76 (0x0ff77713) x14 0x0000000000000000
core   0: 0x000000008000ff7a (0x00e78023) sb      a4, 0(a5)
core   0: 3 0x000000008000ff7a (0x00e78023) mem 0x00000000800120b0 0x00
core   0: 0x000000008000ff7e (0xfc843703) ld      a4, -56(s0)
core   0: 3 0x000000008000ff7e (0xfc843703) x14 0x0000000080012040 mem 0x0000000080031f38
core   0: 0x000000008000ff82 (0xfb843783) ld      a5, -72(s0)
core   0: 3 0x000000008000ff82 (0xfb843783) x15 0x000000000000009c mem 0x0000000080031f28
core   0: 0x000000008000ff86 (0x000097ba) c.add   a5, a4
core   0: 3 0x000000008000ff86 (0x97ba) x15 0x00000000800120dc
core   0: 0x000000008000ff88 (0xfe043703) ld      a4, -32(s0)
core   0: 3 0x000000008000ff88 (0xfe043703) x14 0x00000000800120b1 mem 0x0000000080031f50
core   0: 0x000000008000ff8c (0xfcf76de3) bltu    a4, a5, pc - 38
core   0: 3 0x000000008000ff8c (0xfcf76de3)
core   0: 0x000000008000ff66 (0xfe043783) ld      a5, -32(s0)
core   0: 3 0x000000008000ff66 (0xfe043783) x15 0x00000000800120b1 mem 0x0000000080031f50
core   0: 0x000000008000ff6a (0x00178713) addi    a4, a5, 1
core   0: 3 0x000000008000ff6a (0x00178713) x14 0x00000000800120b2
core   0: 0x000000008000ff6e (0xfee43023) sd      a4, -32(s0)
core   0: 3 0x000000008000ff6e (0xfee43023) mem 0x0000000080031f50 0x00000000800120b2
core   0: 0x000000008000ff72 (0xfc442703) lw      a4, -60(s0)
core   0: 3 0x000000008000ff72 (0xfc442703) x14 0x0000000000000000 mem 0x0000000080031f34
core   0: 0x000000008000ff76 (0x0ff77713) andi    a4, a4, 255
core   0: 3 0x000000008000ff76 (0x0ff77713) x14 0x0000000000000000
core   0: 0x000000008000ff7a (0x00e78023) sb      a4, 0(a5)
core   0: 3 0x000000008000ff7a (0x00e78023) mem 0x00000000800120b1 0x00
core   0: 0x000000008000ff7e (0xfc843703) ld      a4, -56(s0)
core   0: 3 0x000000008000ff7e (0xfc843703) x14 0x0000000080012040 mem 0x0000000080031f38
core   0: 0x000000008000ff82 (0xfb843783) ld      a5, -72(s0)
core   0: 3 0x000000008000ff82 (0xfb843783) x15 0x000000000000009c mem 0x0000000080031f28
core   0: 0x000000008000ff86 (0x000097ba) c.add   a5, a4
core   0: 3 0x000000008000ff86 (0x97ba) x15 0x00000000800120dc
core   0: 0x000000008000ff88 (0xfe043703) ld      a4, -32(s0)
core   0: 3 0x000000008000ff88 (0xfe043703) x14 0x00000000800120b2 mem 0x0000000080031f50
core   0: 0x000000008000ff8c (0xfcf76de3) bltu    a4, a5, pc - 38
core   0: 3 0x000000008000ff8c (0xfcf76de3)
core   0: 0x000000008000ff66 (0xfe043783) ld      a5, -32(s0)
core   0: 3 0x000000008000ff66 (0xfe043783) x15 0x00000000800120b2 mem 0x0000000080031f50
core   0: 0x000000008000ff6a (0x00178713) addi    a4, a5, 1
core   0: 3 0x000000008000ff6a (0x00178713) x14 0x00000000800120b3
core   0: 0x000000008000ff6e (0xfee43023) sd      a4, -32(s0)
core   0: 3 0x000000008000ff6e (0xfee43023) mem 0x0000000080031f50 0x00000000800120b3
core   0: 0x000000008000ff72 (0xfc442703) lw      a4, -60(s0)
core   0: 3 0x000000008000ff72 (0xfc442703) x14 0x0000000000000000 mem 0x0000000080031f34
core   0: 0x000000008000ff76 (0x0ff77713) andi    a4, a4, 255
core   0: 3 0x000000008000ff76 (0x0ff77713) x14 0x0000000000000000
core   0: 0x000000008000ff7a (0x00e78023) sb      a4, 0(a5)
core   0: 3 0x000000008000ff7a (0x00e78023) mem 0x00000000800120b2 0x00
core   0: 0x000000008000ff7e (0xfc843703) ld      a4, -56(s0)
core   0: 3 0x000000008000ff7e (0xfc843703) x14 0x0000000080012040 mem 0x0000000080031f38
core   0: 0x000000008000ff82 (0xfb843783) ld      a5, -72(s0)
core   0: 3 0x000000008000ff82 (0xfb843783) x15 0x000000000000009c mem 0x0000000080031f28
core   0: 0x000000008000ff86 (0x000097ba) c.add   a5, a4
core   0: 3 0x000000008000ff86 (0x97ba) x15 0x00000000800120dc
core   0: 0x000000008000ff88 (0xfe043703) ld      a4, -32(s0)
core   0: 3 0x000000008000ff88 (0xfe043703) x14 0x00000000800120b3 mem 0x0000000080031f50
core   0: 0x000000008000ff8c (0xfcf76de3) bltu    a4, a5, pc - 38
core   0: 3 0x000000008000ff8c (0xfcf76de3)
core   0: 0x000000008000ff66 (0xfe043783) ld      a5, -32(s0)
core   0: 3 0x000000008000ff66 (0xfe043783) x15 0x00000000800120b3 mem 0x0000000080031f50
core   0: 0x000000008000ff6a (0x00178713) addi    a4, a5, 1
core   0: 3 0x000000008000ff6a (0x00178713) x14 0x00000000800120b4
core   0: 0x000000008000ff6e (0xfee43023) sd      a4, -32(s0)
core   0: 3 0x000000008000ff6e (0xfee43023) mem 0x0000000080031f50 0x00000000800120b4
core   0: 0x000000008000ff72 (0xfc442703) lw      a4, -60(s0)
core   0: 3 0x000000008000ff72 (0xfc442703) x14 0x0000000000000000 mem 0x0000000080031f34
core   0: 0x000000008000ff76 (0x0ff77713) andi    a4, a4, 255
core   0: 3 0x000000008000ff76 (0x0ff77713) x14 0x0000000000000000
core   0: 0x000000008000ff7a (0x00e78023) sb      a4, 0(a5)
core   0: 3 0x000000008000ff7a (0x00e78023) mem 0x00000000800120b3 0x00
core   0: 0x000000008000ff7e (0xfc843703) ld      a4, -56(s0)
core   0: 3 0x000000008000ff7e (0xfc843703) x14 0x0000000080012040 mem 0x0000000080031f38
core   0: 0x000000008000ff82 (0xfb843783) ld      a5, -72(s0)
core   0: 3 0x000000008000ff82 (0xfb843783) x15 0x000000000000009c mem 0x0000000080031f28
core   0: 0x000000008000ff86 (0x000097ba) c.add   a5, a4
core   0: 3 0x000000008000ff86 (0x97ba) x15 0x00000000800120dc
core   0: 0x000000008000ff88 (0xfe043703) ld      a4, -32(s0)
core   0: 3 0x000000008000ff88 (0xfe043703) x14 0x00000000800120b4 mem 0x0000000080031f50
core   0: 0x000000008000ff8c (0xfcf76de3) bltu    a4, a5, pc - 38
core   0: 3 0x000000008000ff8c (0xfcf76de3)
core   0: 0x000000008000ff66 (0xfe043783) ld      a5, -32(s0)
core   0: 3 0x000000008000ff66 (0xfe043783) x15 0x00000000800120b4 mem 0x0000000080031f50
core   0: 0x000000008000ff6a (0x00178713) addi    a4, a5, 1
core   0: 3 0x000000008000ff6a (0x00178713) x14 0x00000000800120b5
core   0: 0x000000008000ff6e (0xfee43023) sd      a4, -32(s0)
core   0: 3 0x000000008000ff6e (0xfee43023) mem 0x0000000080031f50 0x00000000800120b5
core   0: 0x000000008000ff72 (0xfc442703) lw      a4, -60(s0)
core   0: 3 0x000000008000ff72 (0xfc442703) x14 0x0000000000000000 mem 0x0000000080031f34
core   0: 0x000000008000ff76 (0x0ff77713) andi    a4, a4, 255
core   0: 3 0x000000008000ff76 (0x0ff77713) x14 0x0000000000000000
core   0: 0x000000008000ff7a (0x00e78023) sb      a4, 0(a5)
core   0: 3 0x000000008000ff7a (0x00e78023) mem 0x00000000800120b4 0x00
core   0: 0x000000008000ff7e (0xfc843703) ld      a4, -56(s0)
core   0: 3 0x000000008000ff7e (0xfc843703) x14 0x0000000080012040 mem 0x0000000080031f38
core   0: 0x000000008000ff82 (0xfb843783) ld      a5, -72(s0)
core   0: 3 0x000000008000ff82 (0xfb843783) x15 0x000000000000009c mem 0x0000000080031f28
core   0: 0x000000008000ff86 (0x000097ba) c.add   a5, a4
core   0: 3 0x000000008000ff86 (0x97ba) x15 0x00000000800120dc
core   0: 0x000000008000ff88 (0xfe043703) ld      a4, -32(s0)
core   0: 3 0x000000008000ff88 (0xfe043703) x14 0x00000000800120b5 mem 0x0000000080031f50
core   0: 0x000000008000ff8c (0xfcf76de3) bltu    a4, a5, pc - 38
core   0: 3 0x000000008000ff8c (0xfcf76de3)
core   0: 0x000000008000ff66 (0xfe043783) ld      a5, -32(s0)
core   0: 3 0x000000008000ff66 (0xfe043783) x15 0x00000000800120b5 mem 0x0000000080031f50
core   0: 0x000000008000ff6a (0x00178713) addi    a4, a5, 1
core   0: 3 0x000000008000ff6a (0x00178713) x14 0x00000000800120b6
core   0: 0x000000008000ff6e (0xfee43023) sd      a4, -32(s0)
core   0: 3 0x000000008000ff6e (0xfee43023) mem 0x0000000080031f50 0x00000000800120b6
core   0: 0x000000008000ff72 (0xfc442703) lw      a4, -60(s0)
core   0: 3 0x000000008000ff72 (0xfc442703) x14 0x0000000000000000 mem 0x0000000080031f34
core   0: 0x000000008000ff76 (0x0ff77713) andi    a4, a4, 255
core   0: 3 0x000000008000ff76 (0x0ff77713) x14 0x0000000000000000
core   0: 0x000000008000ff7a (0x00e78023) sb      a4, 0(a5)
core   0: 3 0x000000008000ff7a (0x00e78023) mem 0x00000000800120b5 0x00
core   0: 0x000000008000ff7e (0xfc843703) ld      a4, -56(s0)
core   0: 3 0x000000008000ff7e (0xfc843703) x14 0x0000000080012040 mem 0x0000000080031f38
core   0: 0x000000008000ff82 (0xfb843783) ld      a5, -72(s0)
core   0: 3 0x000000008000ff82 (0xfb843783) x15 0x000000000000009c mem 0x0000000080031f28
core   0: 0x000000008000ff86 (0x000097ba) c.add   a5, a4
core   0: 3 0x000000008000ff86 (0x97ba) x15 0x00000000800120dc
core   0: 0x000000008000ff88 (0xfe043703) ld      a4, -32(s0)
core   0: 3 0x000000008000ff88 (0xfe043703) x14 0x00000000800120b6 mem 0x0000000080031f50
core   0: 0x000000008000ff8c (0xfcf76de3) bltu    a4, a5, pc - 38
core   0: 3 0x000000008000ff8c (0xfcf76de3)
core   0: 0x000000008000ff66 (0xfe043783) ld      a5, -32(s0)
core   0: 3 0x000000008000ff66 (0xfe043783) x15 0x00000000800120b6 mem 0x0000000080031f50
core   0: 0x000000008000ff6a (0x00178713) addi    a4, a5, 1
core   0: 3 0x000000008000ff6a (0x00178713) x14 0x00000000800120b7
core   0: 0x000000008000ff6e (0xfee43023) sd      a4, -32(s0)
core   0: 3 0x000000008000ff6e (0xfee43023) mem 0x0000000080031f50 0x00000000800120b7
core   0: 0x000000008000ff72 (0xfc442703) lw      a4, -60(s0)
core   0: 3 0x000000008000ff72 (0xfc442703) x14 0x0000000000000000 mem 0x0000000080031f34
core   0: 0x000000008000ff76 (0x0ff77713) andi    a4, a4, 255
core   0: 3 0x000000008000ff76 (0x0ff77713) x14 0x0000000000000000
core   0: 0x000000008000ff7a (0x00e78023) sb      a4, 0(a5)
core   0: 3 0x000000008000ff7a (0x00e78023) mem 0x00000000800120b6 0x00
core   0: 0x000000008000ff7e (0xfc843703) ld      a4, -56(s0)
core   0: 3 0x000000008000ff7e (0xfc843703) x14 0x0000000080012040 mem 0x0000000080031f38
core   0: 0x000000008000ff82 (0xfb843783) ld      a5, -72(s0)
core   0: 3 0x000000008000ff82 (0xfb843783) x15 0x000000000000009c mem 0x0000000080031f28
core   0: 0x000000008000ff86 (0x000097ba) c.add   a5, a4
core   0: 3 0x000000008000ff86 (0x97ba) x15 0x00000000800120dc
core   0: 0x000000008000ff88 (0xfe043703) ld      a4, -32(s0)
core   0: 3 0x000000008000ff88 (0xfe043703) x14 0x00000000800120b7 mem 0x0000000080031f50
core   0: 0x000000008000ff8c (0xfcf76de3) bltu    a4, a5, pc - 38
core   0: 3 0x000000008000ff8c (0xfcf76de3)
core   0: 0x000000008000ff66 (0xfe043783) ld      a5, -32(s0)
core   0: 3 0x000000008000ff66 (0xfe043783) x15 0x00000000800120b7 mem 0x0000000080031f50
core   0: 0x000000008000ff6a (0x00178713) addi    a4, a5, 1
core   0: 3 0x000000008000ff6a (0x00178713) x14 0x00000000800120b8
core   0: 0x000000008000ff6e (0xfee43023) sd      a4, -32(s0)
core   0: 3 0x000000008000ff6e (0xfee43023) mem 0x0000000080031f50 0x00000000800120b8
core   0: 0x000000008000ff72 (0xfc442703) lw      a4, -60(s0)
core   0: 3 0x000000008000ff72 (0xfc442703) x14 0x0000000000000000 mem 0x0000000080031f34
core   0: 0x000000008000ff76 (0x0ff77713) andi    a4, a4, 255
core   0: 3 0x000000008000ff76 (0x0ff77713) x14 0x0000000000000000
core   0: 0x000000008000ff7a (0x00e78023) sb      a4, 0(a5)
core   0: 3 0x000000008000ff7a (0x00e78023) mem 0x00000000800120b7 0x00
core   0: 0x000000008000ff7e (0xfc843703) ld      a4, -56(s0)
core   0: 3 0x000000008000ff7e (0xfc843703) x14 0x0000000080012040 mem 0x0000000080031f38
core   0: 0x000000008000ff82 (0xfb843783) ld      a5, -72(s0)
core   0: 3 0x000000008000ff82 (0xfb843783) x15 0x000000000000009c mem 0x0000000080031f28
core   0: 0x000000008000ff86 (0x000097ba) c.add   a5, a4
core   0: 3 0x000000008000ff86 (0x97ba) x15 0x00000000800120dc
core   0: 0x000000008000ff88 (0xfe043703) ld      a4, -32(s0)
core   0: 3 0x000000008000ff88 (0xfe043703) x14 0x00000000800120b8 mem 0x0000000080031f50
core   0: 0x000000008000ff8c (0xfcf76de3) bltu    a4, a5, pc - 38
core   0: 3 0x000000008000ff8c (0xfcf76de3)
core   0: 0x000000008000ff66 (0xfe043783) ld      a5, -32(s0)
core   0: 3 0x000000008000ff66 (0xfe043783) x15 0x00000000800120b8 mem 0x0000000080031f50
core   0: 0x000000008000ff6a (0x00178713) addi    a4, a5, 1
core   0: 3 0x000000008000ff6a (0x00178713) x14 0x00000000800120b9
core   0: 0x000000008000ff6e (0xfee43023) sd      a4, -32(s0)
core   0: 3 0x000000008000ff6e (0xfee43023) mem 0x0000000080031f50 0x00000000800120b9
core   0: 0x000000008000ff72 (0xfc442703) lw      a4, -60(s0)
core   0: 3 0x000000008000ff72 (0xfc442703) x14 0x0000000000000000 mem 0x0000000080031f34
core   0: 0x000000008000ff76 (0x0ff77713) andi    a4, a4, 255
core   0: 3 0x000000008000ff76 (0x0ff77713) x14 0x0000000000000000
core   0: 0x000000008000ff7a (0x00e78023) sb      a4, 0(a5)
core   0: 3 0x000000008000ff7a (0x00e78023) mem 0x00000000800120b8 0x00
core   0: 0x000000008000ff7e (0xfc843703) ld      a4, -56(s0)
core   0: 3 0x000000008000ff7e (0xfc843703) x14 0x0000000080012040 mem 0x0000000080031f38
core   0: 0x000000008000ff82 (0xfb843783) ld      a5, -72(s0)
core   0: 3 0x000000008000ff82 (0xfb843783) x15 0x000000000000009c mem 0x0000000080031f28
core   0: 0x000000008000ff86 (0x000097ba) c.add   a5, a4
core   0: 3 0x000000008000ff86 (0x97ba) x15 0x00000000800120dc
core   0: 0x000000008000ff88 (0xfe043703) ld      a4, -32(s0)
core   0: 3 0x000000008000ff88 (0xfe043703) x14 0x00000000800120b9 mem 0x0000000080031f50
core   0: 0x000000008000ff8c (0xfcf76de3) bltu    a4, a5, pc - 38
core   0: 3 0x000000008000ff8c (0xfcf76de3)
core   0: 0x000000008000ff66 (0xfe043783) ld      a5, -32(s0)
core   0: 3 0x000000008000ff66 (0xfe043783) x15 0x00000000800120b9 mem 0x0000000080031f50
core   0: 0x000000008000ff6a (0x00178713) addi    a4, a5, 1
core   0: 3 0x000000008000ff6a (0x00178713) x14 0x00000000800120ba
core   0: 0x000000008000ff6e (0xfee43023) sd      a4, -32(s0)
core   0: 3 0x000000008000ff6e (0xfee43023) mem 0x0000000080031f50 0x00000000800120ba
core   0: 0x000000008000ff72 (0xfc442703) lw      a4, -60(s0)
core   0: 3 0x000000008000ff72 (0xfc442703) x14 0x0000000000000000 mem 0x0000000080031f34
core   0: 0x000000008000ff76 (0x0ff77713) andi    a4, a4, 255
core   0: 3 0x000000008000ff76 (0x0ff77713) x14 0x0000000000000000
core   0: 0x000000008000ff7a (0x00e78023) sb      a4, 0(a5)
core   0: 3 0x000000008000ff7a (0x00e78023) mem 0x00000000800120b9 0x00
core   0: 0x000000008000ff7e (0xfc843703) ld      a4, -56(s0)
core   0: 3 0x000000008000ff7e (0xfc843703) x14 0x0000000080012040 mem 0x0000000080031f38
core   0: 0x000000008000ff82 (0xfb843783) ld      a5, -72(s0)
core   0: 3 0x000000008000ff82 (0xfb843783) x15 0x000000000000009c mem 0x0000000080031f28
core   0: 0x000000008000ff86 (0x000097ba) c.add   a5, a4
core   0: 3 0x000000008000ff86 (0x97ba) x15 0x00000000800120dc
core   0: 0x000000008000ff88 (0xfe043703) ld      a4, -32(s0)
core   0: 3 0x000000008000ff88 (0xfe043703) x14 0x00000000800120ba mem 0x0000000080031f50
core   0: 0x000000008000ff8c (0xfcf76de3) bltu    a4, a5, pc - 38
core   0: 3 0x000000008000ff8c (0xfcf76de3)
core   0: 0x000000008000ff66 (0xfe043783) ld      a5, -32(s0)
core   0: 3 0x000000008000ff66 (0xfe043783) x15 0x00000000800120ba mem 0x0000000080031f50
core   0: 0x000000008000ff6a (0x00178713) addi    a4, a5, 1
core   0: 3 0x000000008000ff6a (0x00178713) x14 0x00000000800120bb
core   0: 0x000000008000ff6e (0xfee43023) sd      a4, -32(s0)
core   0: 3 0x000000008000ff6e (0xfee43023) mem 0x0000000080031f50 0x00000000800120bb
core   0: 0x000000008000ff72 (0xfc442703) lw      a4, -60(s0)
core   0: 3 0x000000008000ff72 (0xfc442703) x14 0x0000000000000000 mem 0x0000000080031f34
core   0: 0x000000008000ff76 (0x0ff77713) andi    a4, a4, 255
core   0: 3 0x000000008000ff76 (0x0ff77713) x14 0x0000000000000000
core   0: 0x000000008000ff7a (0x00e78023) sb      a4, 0(a5)
core   0: 3 0x000000008000ff7a (0x00e78023) mem 0x00000000800120ba 0x00
core   0: 0x000000008000ff7e (0xfc843703) ld      a4, -56(s0)
core   0: 3 0x000000008000ff7e (0xfc843703) x14 0x0000000080012040 mem 0x0000000080031f38
core   0: 0x000000008000ff82 (0xfb843783) ld      a5, -72(s0)
core   0: 3 0x000000008000ff82 (0xfb843783) x15 0x000000000000009c mem 0x0000000080031f28
core   0: 0x000000008000ff86 (0x000097ba) c.add   a5, a4
core   0: 3 0x000000008000ff86 (0x97ba) x15 0x00000000800120dc
core   0: 0x000000008000ff88 (0xfe043703) ld      a4, -32(s0)
core   0: 3 0x000000008000ff88 (0xfe043703) x14 0x00000000800120bb mem 0x0000000080031f50
core   0: 0x000000008000ff8c (0xfcf76de3) bltu    a4, a5, pc - 38
core   0: 3 0x000000008000ff8c (0xfcf76de3)
core   0: 0x000000008000ff66 (0xfe043783) ld      a5, -32(s0)
core   0: 3 0x000000008000ff66 (0xfe043783) x15 0x00000000800120bb mem 0x0000000080031f50
core   0: 0x000000008000ff6a (0x00178713) addi    a4, a5, 1
core   0: 3 0x000000008000ff6a (0x00178713) x14 0x00000000800120bc
core   0: 0x000000008000ff6e (0xfee43023) sd      a4, -32(s0)
core   0: 3 0x000000008000ff6e (0xfee43023) mem 0x0000000080031f50 0x00000000800120bc
core   0: 0x000000008000ff72 (0xfc442703) lw      a4, -60(s0)
core   0: 3 0x000000008000ff72 (0xfc442703) x14 0x0000000000000000 mem 0x0000000080031f34
core   0: 0x000000008000ff76 (0x0ff77713) andi    a4, a4, 255
core   0: 3 0x000000008000ff76 (0x0ff77713) x14 0x0000000000000000
core   0: 0x000000008000ff7a (0x00e78023) sb      a4, 0(a5)
core   0: 3 0x000000008000ff7a (0x00e78023) mem 0x00000000800120bb 0x00
core   0: 0x000000008000ff7e (0xfc843703) ld      a4, -56(s0)
core   0: 3 0x000000008000ff7e (0xfc843703) x14 0x0000000080012040 mem 0x0000000080031f38
core   0: 0x000000008000ff82 (0xfb843783) ld      a5, -72(s0)
core   0: 3 0x000000008000ff82 (0xfb843783) x15 0x000000000000009c mem 0x0000000080031f28
core   0: 0x000000008000ff86 (0x000097ba) c.add   a5, a4
core   0: 3 0x000000008000ff86 (0x97ba) x15 0x00000000800120dc
core   0: 0x000000008000ff88 (0xfe043703) ld      a4, -32(s0)
core   0: 3 0x000000008000ff88 (0xfe043703) x14 0x00000000800120bc mem 0x0000000080031f50
core   0: 0x000000008000ff8c (0xfcf76de3) bltu    a4, a5, pc - 38
core   0: 3 0x000000008000ff8c (0xfcf76de3)
core   0: 0x000000008000ff66 (0xfe043783) ld      a5, -32(s0)
core   0: 3 0x000000008000ff66 (0xfe043783) x15 0x00000000800120bc mem 0x0000000080031f50
core   0: 0x000000008000ff6a (0x00178713) addi    a4, a5, 1
core   0: 3 0x000000008000ff6a (0x00178713) x14 0x00000000800120bd
core   0: 0x000000008000ff6e (0xfee43023) sd      a4, -32(s0)
core   0: 3 0x000000008000ff6e (0xfee43023) mem 0x0000000080031f50 0x00000000800120bd
core   0: 0x000000008000ff72 (0xfc442703) lw      a4, -60(s0)
core   0: 3 0x000000008000ff72 (0xfc442703) x14 0x0000000000000000 mem 0x0000000080031f34
core   0: 0x000000008000ff76 (0x0ff77713) andi    a4, a4, 255
core   0: 3 0x000000008000ff76 (0x0ff77713) x14 0x0000000000000000
core   0: 0x000000008000ff7a (0x00e78023) sb      a4, 0(a5)
core   0: 3 0x000000008000ff7a (0x00e78023) mem 0x00000000800120bc 0x00
core   0: 0x000000008000ff7e (0xfc843703) ld      a4, -56(s0)
core   0: 3 0x000000008000ff7e (0xfc843703) x14 0x0000000080012040 mem 0x0000000080031f38
core   0: 0x000000008000ff82 (0xfb843783) ld      a5, -72(s0)
core   0: 3 0x000000008000ff82 (0xfb843783) x15 0x000000000000009c mem 0x0000000080031f28
core   0: 0x000000008000ff86 (0x000097ba) c.add   a5, a4
core   0: 3 0x000000008000ff86 (0x97ba) x15 0x00000000800120dc
core   0: 0x000000008000ff88 (0xfe043703) ld      a4, -32(s0)
core   0: 3 0x000000008000ff88 (0xfe043703) x14 0x00000000800120bd mem 0x0000000080031f50
core   0: 0x000000008000ff8c (0xfcf76de3) bltu    a4, a5, pc - 38
core   0: 3 0x000000008000ff8c (0xfcf76de3)
core   0: 0x000000008000ff66 (0xfe043783) ld      a5, -32(s0)
core   0: 3 0x000000008000ff66 (0xfe043783) x15 0x00000000800120bd mem 0x0000000080031f50
core   0: 0x000000008000ff6a (0x00178713) addi    a4, a5, 1
core   0: 3 0x000000008000ff6a (0x00178713) x14 0x00000000800120be
core   0: 0x000000008000ff6e (0xfee43023) sd      a4, -32(s0)
core   0: 3 0x000000008000ff6e (0xfee43023) mem 0x0000000080031f50 0x00000000800120be
core   0: 0x000000008000ff72 (0xfc442703) lw      a4, -60(s0)
core   0: 3 0x000000008000ff72 (0xfc442703) x14 0x0000000000000000 mem 0x0000000080031f34
core   0: 0x000000008000ff76 (0x0ff77713) andi    a4, a4, 255
core   0: 3 0x000000008000ff76 (0x0ff77713) x14 0x0000000000000000
core   0: 0x000000008000ff7a (0x00e78023) sb      a4, 0(a5)
core   0: 3 0x000000008000ff7a (0x00e78023) mem 0x00000000800120bd 0x00
core   0: 0x000000008000ff7e (0xfc843703) ld      a4, -56(s0)
core   0: 3 0x000000008000ff7e (0xfc843703) x14 0x0000000080012040 mem 0x0000000080031f38
core   0: 0x000000008000ff82 (0xfb843783) ld      a5, -72(s0)
core   0: 3 0x000000008000ff82 (0xfb843783) x15 0x000000000000009c mem 0x0000000080031f28
core   0: 0x000000008000ff86 (0x000097ba) c.add   a5, a4
core   0: 3 0x000000008000ff86 (0x97ba) x15 0x00000000800120dc
core   0: 0x000000008000ff88 (0xfe043703) ld      a4, -32(s0)
core   0: 3 0x000000008000ff88 (0xfe043703) x14 0x00000000800120be mem 0x0000000080031f50
core   0: 0x000000008000ff8c (0xfcf76de3) bltu    a4, a5, pc - 38
core   0: 3 0x000000008000ff8c (0xfcf76de3)
core   0: 0x000000008000ff66 (0xfe043783) ld      a5, -32(s0)
core   0: 3 0x000000008000ff66 (0xfe043783) x15 0x00000000800120be mem 0x0000000080031f50
core   0: 0x000000008000ff6a (0x00178713) addi    a4, a5, 1
core   0: 3 0x000000008000ff6a (0x00178713) x14 0x00000000800120bf
core   0: 0x000000008000ff6e (0xfee43023) sd      a4, -32(s0)
core   0: 3 0x000000008000ff6e (0xfee43023) mem 0x0000000080031f50 0x00000000800120bf
core   0: 0x000000008000ff72 (0xfc442703) lw      a4, -60(s0)
core   0: 3 0x000000008000ff72 (0xfc442703) x14 0x0000000000000000 mem 0x0000000080031f34
core   0: 0x000000008000ff76 (0x0ff77713) andi    a4, a4, 255
core   0: 3 0x000000008000ff76 (0x0ff77713) x14 0x0000000000000000
core   0: 0x000000008000ff7a (0x00e78023) sb      a4, 0(a5)
core   0: 3 0x000000008000ff7a (0x00e78023) mem 0x00000000800120be 0x00
core   0: 0x000000008000ff7e (0xfc843703) ld      a4, -56(s0)
core   0: 3 0x000000008000ff7e (0xfc843703) x14 0x0000000080012040 mem 0x0000000080031f38
core   0: 0x000000008000ff82 (0xfb843783) ld      a5, -72(s0)
core   0: 3 0x000000008000ff82 (0xfb843783) x15 0x000000000000009c mem 0x0000000080031f28
core   0: 0x000000008000ff86 (0x000097ba) c.add   a5, a4
core   0: 3 0x000000008000ff86 (0x97ba) x15 0x00000000800120dc
core   0: 0x000000008000ff88 (0xfe043703) ld      a4, -32(s0)
core   0: 3 0x000000008000ff88 (0xfe043703) x14 0x00000000800120bf mem 0x0000000080031f50
core   0: 0x000000008000ff8c (0xfcf76de3) bltu    a4, a5, pc - 38
core   0: 3 0x000000008000ff8c (0xfcf76de3)
core   0: 0x000000008000ff66 (0xfe043783) ld      a5, -32(s0)
core   0: 3 0x000000008000ff66 (0xfe043783) x15 0x00000000800120bf mem 0x0000000080031f50
core   0: 0x000000008000ff6a (0x00178713) addi    a4, a5, 1
core   0: 3 0x000000008000ff6a (0x00178713) x14 0x00000000800120c0
core   0: 0x000000008000ff6e (0xfee43023) sd      a4, -32(s0)
core   0: 3 0x000000008000ff6e (0xfee43023) mem 0x0000000080031f50 0x00000000800120c0
core   0: 0x000000008000ff72 (0xfc442703) lw      a4, -60(s0)
core   0: 3 0x000000008000ff72 (0xfc442703) x14 0x0000000000000000 mem 0x0000000080031f34
core   0: 0x000000008000ff76 (0x0ff77713) andi    a4, a4, 255
core   0: 3 0x000000008000ff76 (0x0ff77713) x14 0x0000000000000000
core   0: 0x000000008000ff7a (0x00e78023) sb      a4, 0(a5)
core   0: 3 0x000000008000ff7a (0x00e78023) mem 0x00000000800120bf 0x00
core   0: 0x000000008000ff7e (0xfc843703) ld      a4, -56(s0)
core   0: 3 0x000000008000ff7e (0xfc843703) x14 0x0000000080012040 mem 0x0000000080031f38
core   0: 0x000000008000ff82 (0xfb843783) ld      a5, -72(s0)
core   0: 3 0x000000008000ff82 (0xfb843783) x15 0x000000000000009c mem 0x0000000080031f28
core   0: 0x000000008000ff86 (0x000097ba) c.add   a5, a4
core   0: 3 0x000000008000ff86 (0x97ba) x15 0x00000000800120dc
core   0: 0x000000008000ff88 (0xfe043703) ld      a4, -32(s0)
core   0: 3 0x000000008000ff88 (0xfe043703) x14 0x00000000800120c0 mem 0x0000000080031f50
core   0: 0x000000008000ff8c (0xfcf76de3) bltu    a4, a5, pc - 38
core   0: 3 0x000000008000ff8c (0xfcf76de3)
core   0: 0x000000008000ff66 (0xfe043783) ld      a5, -32(s0)
core   0: 3 0x000000008000ff66 (0xfe043783) x15 0x00000000800120c0 mem 0x0000000080031f50
core   0: 0x000000008000ff6a (0x00178713) addi    a4, a5, 1
core   0: 3 0x000000008000ff6a (0x00178713) x14 0x00000000800120c1
core   0: 0x000000008000ff6e (0xfee43023) sd      a4, -32(s0)
core   0: 3 0x000000008000ff6e (0xfee43023) mem 0x0000000080031f50 0x00000000800120c1
core   0: 0x000000008000ff72 (0xfc442703) lw      a4, -60(s0)
core   0: 3 0x000000008000ff72 (0xfc442703) x14 0x0000000000000000 mem 0x0000000080031f34
core   0: 0x000000008000ff76 (0x0ff77713) andi    a4, a4, 255
core   0: 3 0x000000008000ff76 (0x0ff77713) x14 0x0000000000000000
core   0: 0x000000008000ff7a (0x00e78023) sb      a4, 0(a5)
core   0: 3 0x000000008000ff7a (0x00e78023) mem 0x00000000800120c0 0x00
core   0: 0x000000008000ff7e (0xfc843703) ld      a4, -56(s0)
core   0: 3 0x000000008000ff7e (0xfc843703) x14 0x0000000080012040 mem 0x0000000080031f38
core   0: 0x000000008000ff82 (0xfb843783) ld      a5, -72(s0)
core   0: 3 0x000000008000ff82 (0xfb843783) x15 0x000000000000009c mem 0x0000000080031f28
core   0: 0x000000008000ff86 (0x000097ba) c.add   a5, a4
core   0: 3 0x000000008000ff86 (0x97ba) x15 0x00000000800120dc
core   0: 0x000000008000ff88 (0xfe043703) ld      a4, -32(s0)
core   0: 3 0x000000008000ff88 (0xfe043703) x14 0x00000000800120c1 mem 0x0000000080031f50
core   0: 0x000000008000ff8c (0xfcf76de3) bltu    a4, a5, pc - 38
core   0: 3 0x000000008000ff8c (0xfcf76de3)
core   0: 0x000000008000ff66 (0xfe043783) ld      a5, -32(s0)
core   0: 3 0x000000008000ff66 (0xfe043783) x15 0x00000000800120c1 mem 0x0000000080031f50
core   0: 0x000000008000ff6a (0x00178713) addi    a4, a5, 1
core   0: 3 0x000000008000ff6a (0x00178713) x14 0x00000000800120c2
core   0: 0x000000008000ff6e (0xfee43023) sd      a4, -32(s0)
core   0: 3 0x000000008000ff6e (0xfee43023) mem 0x0000000080031f50 0x00000000800120c2
core   0: 0x000000008000ff72 (0xfc442703) lw      a4, -60(s0)
core   0: 3 0x000000008000ff72 (0xfc442703) x14 0x0000000000000000 mem 0x0000000080031f34
core   0: 0x000000008000ff76 (0x0ff77713) andi    a4, a4, 255
core   0: 3 0x000000008000ff76 (0x0ff77713) x14 0x0000000000000000
core   0: 0x000000008000ff7a (0x00e78023) sb      a4, 0(a5)
core   0: 3 0x000000008000ff7a (0x00e78023) mem 0x00000000800120c1 0x00
core   0: 0x000000008000ff7e (0xfc843703) ld      a4, -56(s0)
core   0: 3 0x000000008000ff7e (0xfc843703) x14 0x0000000080012040 mem 0x0000000080031f38
core   0: 0x000000008000ff82 (0xfb843783) ld      a5, -72(s0)
core   0: 3 0x000000008000ff82 (0xfb843783) x15 0x000000000000009c mem 0x0000000080031f28
core   0: 0x000000008000ff86 (0x000097ba) c.add   a5, a4
core   0: 3 0x000000008000ff86 (0x97ba) x15 0x00000000800120dc
core   0: 0x000000008000ff88 (0xfe043703) ld      a4, -32(s0)
core   0: 3 0x000000008000ff88 (0xfe043703) x14 0x00000000800120c2 mem 0x0000000080031f50
core   0: 0x000000008000ff8c (0xfcf76de3) bltu    a4, a5, pc - 38
core   0: 3 0x000000008000ff8c (0xfcf76de3)
core   0: 0x000000008000ff66 (0xfe043783) ld      a5, -32(s0)
core   0: 3 0x000000008000ff66 (0xfe043783) x15 0x00000000800120c2 mem 0x0000000080031f50
core   0: 0x000000008000ff6a (0x00178713) addi    a4, a5, 1
core   0: 3 0x000000008000ff6a (0x00178713) x14 0x00000000800120c3
core   0: 0x000000008000ff6e (0xfee43023) sd      a4, -32(s0)
core   0: 3 0x000000008000ff6e (0xfee43023) mem 0x0000000080031f50 0x00000000800120c3
core   0: 0x000000008000ff72 (0xfc442703) lw      a4, -60(s0)
core   0: 3 0x000000008000ff72 (0xfc442703) x14 0x0000000000000000 mem 0x0000000080031f34
core   0: 0x000000008000ff76 (0x0ff77713) andi    a4, a4, 255
core   0: 3 0x000000008000ff76 (0x0ff77713) x14 0x0000000000000000
core   0: 0x000000008000ff7a (0x00e78023) sb      a4, 0(a5)
core   0: 3 0x000000008000ff7a (0x00e78023) mem 0x00000000800120c2 0x00
core   0: 0x000000008000ff7e (0xfc843703) ld      a4, -56(s0)
core   0: 3 0x000000008000ff7e (0xfc843703) x14 0x0000000080012040 mem 0x0000000080031f38
core   0: 0x000000008000ff82 (0xfb843783) ld      a5, -72(s0)
core   0: 3 0x000000008000ff82 (0xfb843783) x15 0x000000000000009c mem 0x0000000080031f28
core   0: 0x000000008000ff86 (0x000097ba) c.add   a5, a4
core   0: 3 0x000000008000ff86 (0x97ba) x15 0x00000000800120dc
core   0: 0x000000008000ff88 (0xfe043703) ld      a4, -32(s0)
core   0: 3 0x000000008000ff88 (0xfe043703) x14 0x00000000800120c3 mem 0x0000000080031f50
core   0: 0x000000008000ff8c (0xfcf76de3) bltu    a4, a5, pc - 38
core   0: 3 0x000000008000ff8c (0xfcf76de3)
core   0: 0x000000008000ff66 (0xfe043783) ld      a5, -32(s0)
core   0: 3 0x000000008000ff66 (0xfe043783) x15 0x00000000800120c3 mem 0x0000000080031f50
core   0: 0x000000008000ff6a (0x00178713) addi    a4, a5, 1
core   0: 3 0x000000008000ff6a (0x00178713) x14 0x00000000800120c4
core   0: 0x000000008000ff6e (0xfee43023) sd      a4, -32(s0)
core   0: 3 0x000000008000ff6e (0xfee43023) mem 0x0000000080031f50 0x00000000800120c4
core   0: 0x000000008000ff72 (0xfc442703) lw      a4, -60(s0)
core   0: 3 0x000000008000ff72 (0xfc442703) x14 0x0000000000000000 mem 0x0000000080031f34
core   0: 0x000000008000ff76 (0x0ff77713) andi    a4, a4, 255
core   0: 3 0x000000008000ff76 (0x0ff77713) x14 0x0000000000000000
core   0: 0x000000008000ff7a (0x00e78023) sb      a4, 0(a5)
core   0: 3 0x000000008000ff7a (0x00e78023) mem 0x00000000800120c3 0x00
core   0: 0x000000008000ff7e (0xfc843703) ld      a4, -56(s0)
core   0: 3 0x000000008000ff7e (0xfc843703) x14 0x0000000080012040 mem 0x0000000080031f38
core   0: 0x000000008000ff82 (0xfb843783) ld      a5, -72(s0)
core   0: 3 0x000000008000ff82 (0xfb843783) x15 0x000000000000009c mem 0x0000000080031f28
core   0: 0x000000008000ff86 (0x000097ba) c.add   a5, a4
core   0: 3 0x000000008000ff86 (0x97ba) x15 0x00000000800120dc
core   0: 0x000000008000ff88 (0xfe043703) ld      a4, -32(s0)
core   0: 3 0x000000008000ff88 (0xfe043703) x14 0x00000000800120c4 mem 0x0000000080031f50
core   0: 0x000000008000ff8c (0xfcf76de3) bltu    a4, a5, pc - 38
core   0: 3 0x000000008000ff8c (0xfcf76de3)
core   0: 0x000000008000ff66 (0xfe043783) ld      a5, -32(s0)
core   0: 3 0x000000008000ff66 (0xfe043783) x15 0x00000000800120c4 mem 0x0000000080031f50
core   0: 0x000000008000ff6a (0x00178713) addi    a4, a5, 1
core   0: 3 0x000000008000ff6a (0x00178713) x14 0x00000000800120c5
core   0: 0x000000008000ff6e (0xfee43023) sd      a4, -32(s0)
core   0: 3 0x000000008000ff6e (0xfee43023) mem 0x0000000080031f50 0x00000000800120c5
core   0: 0x000000008000ff72 (0xfc442703) lw      a4, -60(s0)
core   0: 3 0x000000008000ff72 (0xfc442703) x14 0x0000000000000000 mem 0x0000000080031f34
core   0: 0x000000008000ff76 (0x0ff77713) andi    a4, a4, 255
core   0: 3 0x000000008000ff76 (0x0ff77713) x14 0x0000000000000000
core   0: 0x000000008000ff7a (0x00e78023) sb      a4, 0(a5)
core   0: 3 0x000000008000ff7a (0x00e78023) mem 0x00000000800120c4 0x00
core   0: 0x000000008000ff7e (0xfc843703) ld      a4, -56(s0)
core   0: 3 0x000000008000ff7e (0xfc843703) x14 0x0000000080012040 mem 0x0000000080031f38
core   0: 0x000000008000ff82 (0xfb843783) ld      a5, -72(s0)
core   0: 3 0x000000008000ff82 (0xfb843783) x15 0x000000000000009c mem 0x0000000080031f28
core   0: 0x000000008000ff86 (0x000097ba) c.add   a5, a4
core   0: 3 0x000000008000ff86 (0x97ba) x15 0x00000000800120dc
core   0: 0x000000008000ff88 (0xfe043703) ld      a4, -32(s0)
core   0: 3 0x000000008000ff88 (0xfe043703) x14 0x00000000800120c5 mem 0x0000000080031f50
core   0: 0x000000008000ff8c (0xfcf76de3) bltu    a4, a5, pc - 38
core   0: 3 0x000000008000ff8c (0xfcf76de3)
core   0: 0x000000008000ff66 (0xfe043783) ld      a5, -32(s0)
core   0: 3 0x000000008000ff66 (0xfe043783) x15 0x00000000800120c5 mem 0x0000000080031f50
core   0: 0x000000008000ff6a (0x00178713) addi    a4, a5, 1
core   0: 3 0x000000008000ff6a (0x00178713) x14 0x00000000800120c6
core   0: 0x000000008000ff6e (0xfee43023) sd      a4, -32(s0)
core   0: 3 0x000000008000ff6e (0xfee43023) mem 0x0000000080031f50 0x00000000800120c6
core   0: 0x000000008000ff72 (0xfc442703) lw      a4, -60(s0)
core   0: 3 0x000000008000ff72 (0xfc442703) x14 0x0000000000000000 mem 0x0000000080031f34
core   0: 0x000000008000ff76 (0x0ff77713) andi    a4, a4, 255
core   0: 3 0x000000008000ff76 (0x0ff77713) x14 0x0000000000000000
core   0: 0x000000008000ff7a (0x00e78023) sb      a4, 0(a5)
core   0: 3 0x000000008000ff7a (0x00e78023) mem 0x00000000800120c5 0x00
core   0: 0x000000008000ff7e (0xfc843703) ld      a4, -56(s0)
core   0: 3 0x000000008000ff7e (0xfc843703) x14 0x0000000080012040 mem 0x0000000080031f38
core   0: 0x000000008000ff82 (0xfb843783) ld      a5, -72(s0)
core   0: 3 0x000000008000ff82 (0xfb843783) x15 0x000000000000009c mem 0x0000000080031f28
core   0: 0x000000008000ff86 (0x000097ba) c.add   a5, a4
core   0: 3 0x000000008000ff86 (0x97ba) x15 0x00000000800120dc
core   0: 0x000000008000ff88 (0xfe043703) ld      a4, -32(s0)
core   0: 3 0x000000008000ff88 (0xfe043703) x14 0x00000000800120c6 mem 0x0000000080031f50
core   0: 0x000000008000ff8c (0xfcf76de3) bltu    a4, a5, pc - 38
core   0: 3 0x000000008000ff8c (0xfcf76de3)
core   0: 0x000000008000ff66 (0xfe043783) ld      a5, -32(s0)
core   0: 3 0x000000008000ff66 (0xfe043783) x15 0x00000000800120c6 mem 0x0000000080031f50
core   0: 0x000000008000ff6a (0x00178713) addi    a4, a5, 1
core   0: 3 0x000000008000ff6a (0x00178713) x14 0x00000000800120c7
core   0: 0x000000008000ff6e (0xfee43023) sd      a4, -32(s0)
core   0: 3 0x000000008000ff6e (0xfee43023) mem 0x0000000080031f50 0x00000000800120c7
core   0: 0x000000008000ff72 (0xfc442703) lw      a4, -60(s0)
core   0: 3 0x000000008000ff72 (0xfc442703) x14 0x0000000000000000 mem 0x0000000080031f34
core   0: 0x000000008000ff76 (0x0ff77713) andi    a4, a4, 255
core   0: 3 0x000000008000ff76 (0x0ff77713) x14 0x0000000000000000
core   0: 0x000000008000ff7a (0x00e78023) sb      a4, 0(a5)
core   0: 3 0x000000008000ff7a (0x00e78023) mem 0x00000000800120c6 0x00
core   0: 0x000000008000ff7e (0xfc843703) ld      a4, -56(s0)
core   0: 3 0x000000008000ff7e (0xfc843703) x14 0x0000000080012040 mem 0x0000000080031f38
core   0: 0x000000008000ff82 (0xfb843783) ld      a5, -72(s0)
core   0: 3 0x000000008000ff82 (0xfb843783) x15 0x000000000000009c mem 0x0000000080031f28
core   0: 0x000000008000ff86 (0x000097ba) c.add   a5, a4
core   0: 3 0x000000008000ff86 (0x97ba) x15 0x00000000800120dc
core   0: 0x000000008000ff88 (0xfe043703) ld      a4, -32(s0)
core   0: 3 0x000000008000ff88 (0xfe043703) x14 0x00000000800120c7 mem 0x0000000080031f50
core   0: 0x000000008000ff8c (0xfcf76de3) bltu    a4, a5, pc - 38
core   0: 3 0x000000008000ff8c (0xfcf76de3)
core   0: 0x000000008000ff66 (0xfe043783) ld      a5, -32(s0)
core   0: 3 0x000000008000ff66 (0xfe043783) x15 0x00000000800120c7 mem 0x0000000080031f50
core   0: 0x000000008000ff6a (0x00178713) addi    a4, a5, 1
core   0: 3 0x000000008000ff6a (0x00178713) x14 0x00000000800120c8
core   0: 0x000000008000ff6e (0xfee43023) sd      a4, -32(s0)
core   0: 3 0x000000008000ff6e (0xfee43023) mem 0x0000000080031f50 0x00000000800120c8
core   0: 0x000000008000ff72 (0xfc442703) lw      a4, -60(s0)
core   0: 3 0x000000008000ff72 (0xfc442703) x14 0x0000000000000000 mem 0x0000000080031f34
core   0: 0x000000008000ff76 (0x0ff77713) andi    a4, a4, 255
core   0: 3 0x000000008000ff76 (0x0ff77713) x14 0x0000000000000000
core   0: 0x000000008000ff7a (0x00e78023) sb      a4, 0(a5)
core   0: 3 0x000000008000ff7a (0x00e78023) mem 0x00000000800120c7 0x00
core   0: 0x000000008000ff7e (0xfc843703) ld      a4, -56(s0)
core   0: 3 0x000000008000ff7e (0xfc843703) x14 0x0000000080012040 mem 0x0000000080031f38
core   0: 0x000000008000ff82 (0xfb843783) ld      a5, -72(s0)
core   0: 3 0x000000008000ff82 (0xfb843783) x15 0x000000000000009c mem 0x0000000080031f28
core   0: 0x000000008000ff86 (0x000097ba) c.add   a5, a4
core   0: 3 0x000000008000ff86 (0x97ba) x15 0x00000000800120dc
core   0: 0x000000008000ff88 (0xfe043703) ld      a4, -32(s0)
core   0: 3 0x000000008000ff88 (0xfe043703) x14 0x00000000800120c8 mem 0x0000000080031f50
core   0: 0x000000008000ff8c (0xfcf76de3) bltu    a4, a5, pc - 38
core   0: 3 0x000000008000ff8c (0xfcf76de3)
core   0: 0x000000008000ff66 (0xfe043783) ld      a5, -32(s0)
core   0: 3 0x000000008000ff66 (0xfe043783) x15 0x00000000800120c8 mem 0x0000000080031f50
core   0: 0x000000008000ff6a (0x00178713) addi    a4, a5, 1
core   0: 3 0x000000008000ff6a (0x00178713) x14 0x00000000800120c9
core   0: 0x000000008000ff6e (0xfee43023) sd      a4, -32(s0)
core   0: 3 0x000000008000ff6e (0xfee43023) mem 0x0000000080031f50 0x00000000800120c9
core   0: 0x000000008000ff72 (0xfc442703) lw      a4, -60(s0)
core   0: 3 0x000000008000ff72 (0xfc442703) x14 0x0000000000000000 mem 0x0000000080031f34
core   0: 0x000000008000ff76 (0x0ff77713) andi    a4, a4, 255
core   0: 3 0x000000008000ff76 (0x0ff77713) x14 0x0000000000000000
core   0: 0x000000008000ff7a (0x00e78023) sb      a4, 0(a5)
core   0: 3 0x000000008000ff7a (0x00e78023) mem 0x00000000800120c8 0x00
core   0: 0x000000008000ff7e (0xfc843703) ld      a4, -56(s0)
core   0: 3 0x000000008000ff7e (0xfc843703) x14 0x0000000080012040 mem 0x0000000080031f38
core   0: 0x000000008000ff82 (0xfb843783) ld      a5, -72(s0)
core   0: 3 0x000000008000ff82 (0xfb843783) x15 0x000000000000009c mem 0x0000000080031f28
core   0: 0x000000008000ff86 (0x000097ba) c.add   a5, a4
core   0: 3 0x000000008000ff86 (0x97ba) x15 0x00000000800120dc
core   0: 0x000000008000ff88 (0xfe043703) ld      a4, -32(s0)
core   0: 3 0x000000008000ff88 (0xfe043703) x14 0x00000000800120c9 mem 0x0000000080031f50
core   0: 0x000000008000ff8c (0xfcf76de3) bltu    a4, a5, pc - 38
core   0: 3 0x000000008000ff8c (0xfcf76de3)
core   0: 0x000000008000ff66 (0xfe043783) ld      a5, -32(s0)
core   0: 3 0x000000008000ff66 (0xfe043783) x15 0x00000000800120c9 mem 0x0000000080031f50
core   0: 0x000000008000ff6a (0x00178713) addi    a4, a5, 1
core   0: 3 0x000000008000ff6a (0x00178713) x14 0x00000000800120ca
core   0: 0x000000008000ff6e (0xfee43023) sd      a4, -32(s0)
core   0: 3 0x000000008000ff6e (0xfee43023) mem 0x0000000080031f50 0x00000000800120ca
core   0: 0x000000008000ff72 (0xfc442703) lw      a4, -60(s0)
core   0: 3 0x000000008000ff72 (0xfc442703) x14 0x0000000000000000 mem 0x0000000080031f34
core   0: 0x000000008000ff76 (0x0ff77713) andi    a4, a4, 255
core   0: 3 0x000000008000ff76 (0x0ff77713) x14 0x0000000000000000
core   0: 0x000000008000ff7a (0x00e78023) sb      a4, 0(a5)
core   0: 3 0x000000008000ff7a (0x00e78023) mem 0x00000000800120c9 0x00
core   0: 0x000000008000ff7e (0xfc843703) ld      a4, -56(s0)
core   0: 3 0x000000008000ff7e (0xfc843703) x14 0x0000000080012040 mem 0x0000000080031f38
core   0: 0x000000008000ff82 (0xfb843783) ld      a5, -72(s0)
core   0: 3 0x000000008000ff82 (0xfb843783) x15 0x000000000000009c mem 0x0000000080031f28
core   0: 0x000000008000ff86 (0x000097ba) c.add   a5, a4
core   0: 3 0x000000008000ff86 (0x97ba) x15 0x00000000800120dc
core   0: 0x000000008000ff88 (0xfe043703) ld      a4, -32(s0)
core   0: 3 0x000000008000ff88 (0xfe043703) x14 0x00000000800120ca mem 0x0000000080031f50
core   0: 0x000000008000ff8c (0xfcf76de3) bltu    a4, a5, pc - 38
core   0: 3 0x000000008000ff8c (0xfcf76de3)
core   0: 0x000000008000ff66 (0xfe043783) ld      a5, -32(s0)
core   0: 3 0x000000008000ff66 (0xfe043783) x15 0x00000000800120ca mem 0x0000000080031f50
core   0: 0x000000008000ff6a (0x00178713) addi    a4, a5, 1
core   0: 3 0x000000008000ff6a (0x00178713) x14 0x00000000800120cb
core   0: 0x000000008000ff6e (0xfee43023) sd      a4, -32(s0)
core   0: 3 0x000000008000ff6e (0xfee43023) mem 0x0000000080031f50 0x00000000800120cb
core   0: 0x000000008000ff72 (0xfc442703) lw      a4, -60(s0)
core   0: 3 0x000000008000ff72 (0xfc442703) x14 0x0000000000000000 mem 0x0000000080031f34
core   0: 0x000000008000ff76 (0x0ff77713) andi    a4, a4, 255
core   0: 3 0x000000008000ff76 (0x0ff77713) x14 0x0000000000000000
core   0: 0x000000008000ff7a (0x00e78023) sb      a4, 0(a5)
core   0: 3 0x000000008000ff7a (0x00e78023) mem 0x00000000800120ca 0x00
core   0: 0x000000008000ff7e (0xfc843703) ld      a4, -56(s0)
core   0: 3 0x000000008000ff7e (0xfc843703) x14 0x0000000080012040 mem 0x0000000080031f38
core   0: 0x000000008000ff82 (0xfb843783) ld      a5, -72(s0)
core   0: 3 0x000000008000ff82 (0xfb843783) x15 0x000000000000009c mem 0x0000000080031f28
core   0: 0x000000008000ff86 (0x000097ba) c.add   a5, a4
core   0: 3 0x000000008000ff86 (0x97ba) x15 0x00000000800120dc
core   0: 0x000000008000ff88 (0xfe043703) ld      a4, -32(s0)
core   0: 3 0x000000008000ff88 (0xfe043703) x14 0x00000000800120cb mem 0x0000000080031f50
core   0: 0x000000008000ff8c (0xfcf76de3) bltu    a4, a5, pc - 38
core   0: 3 0x000000008000ff8c (0xfcf76de3)
core   0: 0x000000008000ff66 (0xfe043783) ld      a5, -32(s0)
core   0: 3 0x000000008000ff66 (0xfe043783) x15 0x00000000800120cb mem 0x0000000080031f50
core   0: 0x000000008000ff6a (0x00178713) addi    a4, a5, 1
core   0: 3 0x000000008000ff6a (0x00178713) x14 0x00000000800120cc
core   0: 0x000000008000ff6e (0xfee43023) sd      a4, -32(s0)
core   0: 3 0x000000008000ff6e (0xfee43023) mem 0x0000000080031f50 0x00000000800120cc
core   0: 0x000000008000ff72 (0xfc442703) lw      a4, -60(s0)
core   0: 3 0x000000008000ff72 (0xfc442703) x14 0x0000000000000000 mem 0x0000000080031f34
core   0: 0x000000008000ff76 (0x0ff77713) andi    a4, a4, 255
core   0: 3 0x000000008000ff76 (0x0ff77713) x14 0x0000000000000000
core   0: 0x000000008000ff7a (0x00e78023) sb      a4, 0(a5)
core   0: 3 0x000000008000ff7a (0x00e78023) mem 0x00000000800120cb 0x00
core   0: 0x000000008000ff7e (0xfc843703) ld      a4, -56(s0)
core   0: 3 0x000000008000ff7e (0xfc843703) x14 0x0000000080012040 mem 0x0000000080031f38
core   0: 0x000000008000ff82 (0xfb843783) ld      a5, -72(s0)
core   0: 3 0x000000008000ff82 (0xfb843783) x15 0x000000000000009c mem 0x0000000080031f28
core   0: 0x000000008000ff86 (0x000097ba) c.add   a5, a4
core   0: 3 0x000000008000ff86 (0x97ba) x15 0x00000000800120dc
core   0: 0x000000008000ff88 (0xfe043703) ld      a4, -32(s0)
core   0: 3 0x000000008000ff88 (0xfe043703) x14 0x00000000800120cc mem 0x0000000080031f50
core   0: 0x000000008000ff8c (0xfcf76de3) bltu    a4, a5, pc - 38
core   0: 3 0x000000008000ff8c (0xfcf76de3)
core   0: 0x000000008000ff66 (0xfe043783) ld      a5, -32(s0)
core   0: 3 0x000000008000ff66 (0xfe043783) x15 0x00000000800120cc mem 0x0000000080031f50
core   0: 0x000000008000ff6a (0x00178713) addi    a4, a5, 1
core   0: 3 0x000000008000ff6a (0x00178713) x14 0x00000000800120cd
core   0: 0x000000008000ff6e (0xfee43023) sd      a4, -32(s0)
core   0: 3 0x000000008000ff6e (0xfee43023) mem 0x0000000080031f50 0x00000000800120cd
core   0: 0x000000008000ff72 (0xfc442703) lw      a4, -60(s0)
core   0: 3 0x000000008000ff72 (0xfc442703) x14 0x0000000000000000 mem 0x0000000080031f34
core   0: 0x000000008000ff76 (0x0ff77713) andi    a4, a4, 255
core   0: 3 0x000000008000ff76 (0x0ff77713) x14 0x0000000000000000
core   0: 0x000000008000ff7a (0x00e78023) sb      a4, 0(a5)
core   0: 3 0x000000008000ff7a (0x00e78023) mem 0x00000000800120cc 0x00
core   0: 0x000000008000ff7e (0xfc843703) ld      a4, -56(s0)
core   0: 3 0x000000008000ff7e (0xfc843703) x14 0x0000000080012040 mem 0x0000000080031f38
core   0: 0x000000008000ff82 (0xfb843783) ld      a5, -72(s0)
core   0: 3 0x000000008000ff82 (0xfb843783) x15 0x000000000000009c mem 0x0000000080031f28
core   0: 0x000000008000ff86 (0x000097ba) c.add   a5, a4
core   0: 3 0x000000008000ff86 (0x97ba) x15 0x00000000800120dc
core   0: 0x000000008000ff88 (0xfe043703) ld      a4, -32(s0)
core   0: 3 0x000000008000ff88 (0xfe043703) x14 0x00000000800120cd mem 0x0000000080031f50
core   0: 0x000000008000ff8c (0xfcf76de3) bltu    a4, a5, pc - 38
core   0: 3 0x000000008000ff8c (0xfcf76de3)
core   0: 0x000000008000ff66 (0xfe043783) ld      a5, -32(s0)
core   0: 3 0x000000008000ff66 (0xfe043783) x15 0x00000000800120cd mem 0x0000000080031f50
core   0: 0x000000008000ff6a (0x00178713) addi    a4, a5, 1
core   0: 3 0x000000008000ff6a (0x00178713) x14 0x00000000800120ce
core   0: 0x000000008000ff6e (0xfee43023) sd      a4, -32(s0)
core   0: 3 0x000000008000ff6e (0xfee43023) mem 0x0000000080031f50 0x00000000800120ce
core   0: 0x000000008000ff72 (0xfc442703) lw      a4, -60(s0)
core   0: 3 0x000000008000ff72 (0xfc442703) x14 0x0000000000000000 mem 0x0000000080031f34
core   0: 0x000000008000ff76 (0x0ff77713) andi    a4, a4, 255
core   0: 3 0x000000008000ff76 (0x0ff77713) x14 0x0000000000000000
core   0: 0x000000008000ff7a (0x00e78023) sb      a4, 0(a5)
core   0: 3 0x000000008000ff7a (0x00e78023) mem 0x00000000800120cd 0x00
core   0: 0x000000008000ff7e (0xfc843703) ld      a4, -56(s0)
core   0: 3 0x000000008000ff7e (0xfc843703) x14 0x0000000080012040 mem 0x0000000080031f38
core   0: 0x000000008000ff82 (0xfb843783) ld      a5, -72(s0)
core   0: 3 0x000000008000ff82 (0xfb843783) x15 0x000000000000009c mem 0x0000000080031f28
core   0: 0x000000008000ff86 (0x000097ba) c.add   a5, a4
core   0: 3 0x000000008000ff86 (0x97ba) x15 0x00000000800120dc
core   0: 0x000000008000ff88 (0xfe043703) ld      a4, -32(s0)
core   0: 3 0x000000008000ff88 (0xfe043703) x14 0x00000000800120ce mem 0x0000000080031f50
core   0: 0x000000008000ff8c (0xfcf76de3) bltu    a4, a5, pc - 38
core   0: 3 0x000000008000ff8c (0xfcf76de3)
core   0: 0x000000008000ff66 (0xfe043783) ld      a5, -32(s0)
core   0: 3 0x000000008000ff66 (0xfe043783) x15 0x00000000800120ce mem 0x0000000080031f50
core   0: 0x000000008000ff6a (0x00178713) addi    a4, a5, 1
core   0: 3 0x000000008000ff6a (0x00178713) x14 0x00000000800120cf
core   0: 0x000000008000ff6e (0xfee43023) sd      a4, -32(s0)
core   0: 3 0x000000008000ff6e (0xfee43023) mem 0x0000000080031f50 0x00000000800120cf
core   0: 0x000000008000ff72 (0xfc442703) lw      a4, -60(s0)
core   0: 3 0x000000008000ff72 (0xfc442703) x14 0x0000000000000000 mem 0x0000000080031f34
core   0: 0x000000008000ff76 (0x0ff77713) andi    a4, a4, 255
core   0: 3 0x000000008000ff76 (0x0ff77713) x14 0x0000000000000000
core   0: 0x000000008000ff7a (0x00e78023) sb      a4, 0(a5)
core   0: 3 0x000000008000ff7a (0x00e78023) mem 0x00000000800120ce 0x00
core   0: 0x000000008000ff7e (0xfc843703) ld      a4, -56(s0)
core   0: 3 0x000000008000ff7e (0xfc843703) x14 0x0000000080012040 mem 0x0000000080031f38
core   0: 0x000000008000ff82 (0xfb843783) ld      a5, -72(s0)
core   0: 3 0x000000008000ff82 (0xfb843783) x15 0x000000000000009c mem 0x0000000080031f28
core   0: 0x000000008000ff86 (0x000097ba) c.add   a5, a4
core   0: 3 0x000000008000ff86 (0x97ba) x15 0x00000000800120dc
core   0: 0x000000008000ff88 (0xfe043703) ld      a4, -32(s0)
core   0: 3 0x000000008000ff88 (0xfe043703) x14 0x00000000800120cf mem 0x0000000080031f50
core   0: 0x000000008000ff8c (0xfcf76de3) bltu    a4, a5, pc - 38
core   0: 3 0x000000008000ff8c (0xfcf76de3)
core   0: 0x000000008000ff66 (0xfe043783) ld      a5, -32(s0)
core   0: 3 0x000000008000ff66 (0xfe043783) x15 0x00000000800120cf mem 0x0000000080031f50
core   0: 0x000000008000ff6a (0x00178713) addi    a4, a5, 1
core   0: 3 0x000000008000ff6a (0x00178713) x14 0x00000000800120d0
core   0: 0x000000008000ff6e (0xfee43023) sd      a4, -32(s0)
core   0: 3 0x000000008000ff6e (0xfee43023) mem 0x0000000080031f50 0x00000000800120d0
core   0: 0x000000008000ff72 (0xfc442703) lw      a4, -60(s0)
core   0: 3 0x000000008000ff72 (0xfc442703) x14 0x0000000000000000 mem 0x0000000080031f34
core   0: 0x000000008000ff76 (0x0ff77713) andi    a4, a4, 255
core   0: 3 0x000000008000ff76 (0x0ff77713) x14 0x0000000000000000
core   0: 0x000000008000ff7a (0x00e78023) sb      a4, 0(a5)
core   0: 3 0x000000008000ff7a (0x00e78023) mem 0x00000000800120cf 0x00
core   0: 0x000000008000ff7e (0xfc843703) ld      a4, -56(s0)
core   0: 3 0x000000008000ff7e (0xfc843703) x14 0x0000000080012040 mem 0x0000000080031f38
core   0: 0x000000008000ff82 (0xfb843783) ld      a5, -72(s0)
core   0: 3 0x000000008000ff82 (0xfb843783) x15 0x000000000000009c mem 0x0000000080031f28
core   0: 0x000000008000ff86 (0x000097ba) c.add   a5, a4
core   0: 3 0x000000008000ff86 (0x97ba) x15 0x00000000800120dc
core   0: 0x000000008000ff88 (0xfe043703) ld      a4, -32(s0)
core   0: 3 0x000000008000ff88 (0xfe043703) x14 0x00000000800120d0 mem 0x0000000080031f50
core   0: 0x000000008000ff8c (0xfcf76de3) bltu    a4, a5, pc - 38
core   0: 3 0x000000008000ff8c (0xfcf76de3)
core   0: 0x000000008000ff66 (0xfe043783) ld      a5, -32(s0)
core   0: 3 0x000000008000ff66 (0xfe043783) x15 0x00000000800120d0 mem 0x0000000080031f50
core   0: 0x000000008000ff6a (0x00178713) addi    a4, a5, 1
core   0: 3 0x000000008000ff6a (0x00178713) x14 0x00000000800120d1
core   0: 0x000000008000ff6e (0xfee43023) sd      a4, -32(s0)
core   0: 3 0x000000008000ff6e (0xfee43023) mem 0x0000000080031f50 0x00000000800120d1
core   0: 0x000000008000ff72 (0xfc442703) lw      a4, -60(s0)
core   0: 3 0x000000008000ff72 (0xfc442703) x14 0x0000000000000000 mem 0x0000000080031f34
core   0: 0x000000008000ff76 (0x0ff77713) andi    a4, a4, 255
core   0: 3 0x000000008000ff76 (0x0ff77713) x14 0x0000000000000000
core   0: 0x000000008000ff7a (0x00e78023) sb      a4, 0(a5)
core   0: 3 0x000000008000ff7a (0x00e78023) mem 0x00000000800120d0 0x00
core   0: 0x000000008000ff7e (0xfc843703) ld      a4, -56(s0)
core   0: 3 0x000000008000ff7e (0xfc843703) x14 0x0000000080012040 mem 0x0000000080031f38
core   0: 0x000000008000ff82 (0xfb843783) ld      a5, -72(s0)
core   0: 3 0x000000008000ff82 (0xfb843783) x15 0x000000000000009c mem 0x0000000080031f28
core   0: 0x000000008000ff86 (0x000097ba) c.add   a5, a4
core   0: 3 0x000000008000ff86 (0x97ba) x15 0x00000000800120dc
core   0: 0x000000008000ff88 (0xfe043703) ld      a4, -32(s0)
core   0: 3 0x000000008000ff88 (0xfe043703) x14 0x00000000800120d1 mem 0x0000000080031f50
core   0: 0x000000008000ff8c (0xfcf76de3) bltu    a4, a5, pc - 38
core   0: 3 0x000000008000ff8c (0xfcf76de3)
core   0: 0x000000008000ff66 (0xfe043783) ld      a5, -32(s0)
core   0: 3 0x000000008000ff66 (0xfe043783) x15 0x00000000800120d1 mem 0x0000000080031f50
core   0: 0x000000008000ff6a (0x00178713) addi    a4, a5, 1
core   0: 3 0x000000008000ff6a (0x00178713) x14 0x00000000800120d2
core   0: 0x000000008000ff6e (0xfee43023) sd      a4, -32(s0)
core   0: 3 0x000000008000ff6e (0xfee43023) mem 0x0000000080031f50 0x00000000800120d2
core   0: 0x000000008000ff72 (0xfc442703) lw      a4, -60(s0)
core   0: 3 0x000000008000ff72 (0xfc442703) x14 0x0000000000000000 mem 0x0000000080031f34
core   0: 0x000000008000ff76 (0x0ff77713) andi    a4, a4, 255
core   0: 3 0x000000008000ff76 (0x0ff77713) x14 0x0000000000000000
core   0: 0x000000008000ff7a (0x00e78023) sb      a4, 0(a5)
core   0: 3 0x000000008000ff7a (0x00e78023) mem 0x00000000800120d1 0x00
core   0: 0x000000008000ff7e (0xfc843703) ld      a4, -56(s0)
core   0: 3 0x000000008000ff7e (0xfc843703) x14 0x0000000080012040 mem 0x0000000080031f38
core   0: 0x000000008000ff82 (0xfb843783) ld      a5, -72(s0)
core   0: 3 0x000000008000ff82 (0xfb843783) x15 0x000000000000009c mem 0x0000000080031f28
core   0: 0x000000008000ff86 (0x000097ba) c.add   a5, a4
core   0: 3 0x000000008000ff86 (0x97ba) x15 0x00000000800120dc
core   0: 0x000000008000ff88 (0xfe043703) ld      a4, -32(s0)
core   0: 3 0x000000008000ff88 (0xfe043703) x14 0x00000000800120d2 mem 0x0000000080031f50
core   0: 0x000000008000ff8c (0xfcf76de3) bltu    a4, a5, pc - 38
core   0: 3 0x000000008000ff8c (0xfcf76de3)
core   0: 0x000000008000ff66 (0xfe043783) ld      a5, -32(s0)
core   0: 3 0x000000008000ff66 (0xfe043783) x15 0x00000000800120d2 mem 0x0000000080031f50
core   0: 0x000000008000ff6a (0x00178713) addi    a4, a5, 1
core   0: 3 0x000000008000ff6a (0x00178713) x14 0x00000000800120d3
core   0: 0x000000008000ff6e (0xfee43023) sd      a4, -32(s0)
core   0: 3 0x000000008000ff6e (0xfee43023) mem 0x0000000080031f50 0x00000000800120d3
core   0: 0x000000008000ff72 (0xfc442703) lw      a4, -60(s0)
core   0: 3 0x000000008000ff72 (0xfc442703) x14 0x0000000000000000 mem 0x0000000080031f34
core   0: 0x000000008000ff76 (0x0ff77713) andi    a4, a4, 255
core   0: 3 0x000000008000ff76 (0x0ff77713) x14 0x0000000000000000
core   0: 0x000000008000ff7a (0x00e78023) sb      a4, 0(a5)
core   0: 3 0x000000008000ff7a (0x00e78023) mem 0x00000000800120d2 0x00
core   0: 0x000000008000ff7e (0xfc843703) ld      a4, -56(s0)
core   0: 3 0x000000008000ff7e (0xfc843703) x14 0x0000000080012040 mem 0x0000000080031f38
core   0: 0x000000008000ff82 (0xfb843783) ld      a5, -72(s0)
core   0: 3 0x000000008000ff82 (0xfb843783) x15 0x000000000000009c mem 0x0000000080031f28
core   0: 0x000000008000ff86 (0x000097ba) c.add   a5, a4
core   0: 3 0x000000008000ff86 (0x97ba) x15 0x00000000800120dc
core   0: 0x000000008000ff88 (0xfe043703) ld      a4, -32(s0)
core   0: 3 0x000000008000ff88 (0xfe043703) x14 0x00000000800120d3 mem 0x0000000080031f50
core   0: 0x000000008000ff8c (0xfcf76de3) bltu    a4, a5, pc - 38
core   0: 3 0x000000008000ff8c (0xfcf76de3)
core   0: 0x000000008000ff66 (0xfe043783) ld      a5, -32(s0)
core   0: 3 0x000000008000ff66 (0xfe043783) x15 0x00000000800120d3 mem 0x0000000080031f50
core   0: 0x000000008000ff6a (0x00178713) addi    a4, a5, 1
core   0: 3 0x000000008000ff6a (0x00178713) x14 0x00000000800120d4
core   0: 0x000000008000ff6e (0xfee43023) sd      a4, -32(s0)
core   0: 3 0x000000008000ff6e (0xfee43023) mem 0x0000000080031f50 0x00000000800120d4
core   0: 0x000000008000ff72 (0xfc442703) lw      a4, -60(s0)
core   0: 3 0x000000008000ff72 (0xfc442703) x14 0x0000000000000000 mem 0x0000000080031f34
core   0: 0x000000008000ff76 (0x0ff77713) andi    a4, a4, 255
core   0: 3 0x000000008000ff76 (0x0ff77713) x14 0x0000000000000000
core   0: 0x000000008000ff7a (0x00e78023) sb      a4, 0(a5)
core   0: 3 0x000000008000ff7a (0x00e78023) mem 0x00000000800120d3 0x00
core   0: 0x000000008000ff7e (0xfc843703) ld      a4, -56(s0)
core   0: 3 0x000000008000ff7e (0xfc843703) x14 0x0000000080012040 mem 0x0000000080031f38
core   0: 0x000000008000ff82 (0xfb843783) ld      a5, -72(s0)
core   0: 3 0x000000008000ff82 (0xfb843783) x15 0x000000000000009c mem 0x0000000080031f28
core   0: 0x000000008000ff86 (0x000097ba) c.add   a5, a4
core   0: 3 0x000000008000ff86 (0x97ba) x15 0x00000000800120dc
core   0: 0x000000008000ff88 (0xfe043703) ld      a4, -32(s0)
core   0: 3 0x000000008000ff88 (0xfe043703) x14 0x00000000800120d4 mem 0x0000000080031f50
core   0: 0x000000008000ff8c (0xfcf76de3) bltu    a4, a5, pc - 38
core   0: 3 0x000000008000ff8c (0xfcf76de3)
core   0: 0x000000008000ff66 (0xfe043783) ld      a5, -32(s0)
core   0: 3 0x000000008000ff66 (0xfe043783) x15 0x00000000800120d4 mem 0x0000000080031f50
core   0: 0x000000008000ff6a (0x00178713) addi    a4, a5, 1
core   0: 3 0x000000008000ff6a (0x00178713) x14 0x00000000800120d5
core   0: 0x000000008000ff6e (0xfee43023) sd      a4, -32(s0)
core   0: 3 0x000000008000ff6e (0xfee43023) mem 0x0000000080031f50 0x00000000800120d5
core   0: 0x000000008000ff72 (0xfc442703) lw      a4, -60(s0)
core   0: 3 0x000000008000ff72 (0xfc442703) x14 0x0000000000000000 mem 0x0000000080031f34
core   0: 0x000000008000ff76 (0x0ff77713) andi    a4, a4, 255
core   0: 3 0x000000008000ff76 (0x0ff77713) x14 0x0000000000000000
core   0: 0x000000008000ff7a (0x00e78023) sb      a4, 0(a5)
core   0: 3 0x000000008000ff7a (0x00e78023) mem 0x00000000800120d4 0x00
core   0: 0x000000008000ff7e (0xfc843703) ld      a4, -56(s0)
core   0: 3 0x000000008000ff7e (0xfc843703) x14 0x0000000080012040 mem 0x0000000080031f38
core   0: 0x000000008000ff82 (0xfb843783) ld      a5, -72(s0)
core   0: 3 0x000000008000ff82 (0xfb843783) x15 0x000000000000009c mem 0x0000000080031f28
core   0: 0x000000008000ff86 (0x000097ba) c.add   a5, a4
core   0: 3 0x000000008000ff86 (0x97ba) x15 0x00000000800120dc
core   0: 0x000000008000ff88 (0xfe043703) ld      a4, -32(s0)
core   0: 3 0x000000008000ff88 (0xfe043703) x14 0x00000000800120d5 mem 0x0000000080031f50
core   0: 0x000000008000ff8c (0xfcf76de3) bltu    a4, a5, pc - 38
core   0: 3 0x000000008000ff8c (0xfcf76de3)
core   0: 0x000000008000ff66 (0xfe043783) ld      a5, -32(s0)
core   0: 3 0x000000008000ff66 (0xfe043783) x15 0x00000000800120d5 mem 0x0000000080031f50
core   0: 0x000000008000ff6a (0x00178713) addi    a4, a5, 1
core   0: 3 0x000000008000ff6a (0x00178713) x14 0x00000000800120d6
core   0: 0x000000008000ff6e (0xfee43023) sd      a4, -32(s0)
core   0: 3 0x000000008000ff6e (0xfee43023) mem 0x0000000080031f50 0x00000000800120d6
core   0: 0x000000008000ff72 (0xfc442703) lw      a4, -60(s0)
core   0: 3 0x000000008000ff72 (0xfc442703) x14 0x0000000000000000 mem 0x0000000080031f34
core   0: 0x000000008000ff76 (0x0ff77713) andi    a4, a4, 255
core   0: 3 0x000000008000ff76 (0x0ff77713) x14 0x0000000000000000
core   0: 0x000000008000ff7a (0x00e78023) sb      a4, 0(a5)
core   0: 3 0x000000008000ff7a (0x00e78023) mem 0x00000000800120d5 0x00
core   0: 0x000000008000ff7e (0xfc843703) ld      a4, -56(s0)
core   0: 3 0x000000008000ff7e (0xfc843703) x14 0x0000000080012040 mem 0x0000000080031f38
core   0: 0x000000008000ff82 (0xfb843783) ld      a5, -72(s0)
core   0: 3 0x000000008000ff82 (0xfb843783) x15 0x000000000000009c mem 0x0000000080031f28
core   0: 0x000000008000ff86 (0x000097ba) c.add   a5, a4
core   0: 3 0x000000008000ff86 (0x97ba) x15 0x00000000800120dc
core   0: 0x000000008000ff88 (0xfe043703) ld      a4, -32(s0)
core   0: 3 0x000000008000ff88 (0xfe043703) x14 0x00000000800120d6 mem 0x0000000080031f50
core   0: 0x000000008000ff8c (0xfcf76de3) bltu    a4, a5, pc - 38
core   0: 3 0x000000008000ff8c (0xfcf76de3)
core   0: 0x000000008000ff66 (0xfe043783) ld      a5, -32(s0)
core   0: 3 0x000000008000ff66 (0xfe043783) x15 0x00000000800120d6 mem 0x0000000080031f50
core   0: 0x000000008000ff6a (0x00178713) addi    a4, a5, 1
core   0: 3 0x000000008000ff6a (0x00178713) x14 0x00000000800120d7
core   0: 0x000000008000ff6e (0xfee43023) sd      a4, -32(s0)
core   0: 3 0x000000008000ff6e (0xfee43023) mem 0x0000000080031f50 0x00000000800120d7
core   0: 0x000000008000ff72 (0xfc442703) lw      a4, -60(s0)
core   0: 3 0x000000008000ff72 (0xfc442703) x14 0x0000000000000000 mem 0x0000000080031f34
core   0: 0x000000008000ff76 (0x0ff77713) andi    a4, a4, 255
core   0: 3 0x000000008000ff76 (0x0ff77713) x14 0x0000000000000000
core   0: 0x000000008000ff7a (0x00e78023) sb      a4, 0(a5)
core   0: 3 0x000000008000ff7a (0x00e78023) mem 0x00000000800120d6 0x00
core   0: 0x000000008000ff7e (0xfc843703) ld      a4, -56(s0)
core   0: 3 0x000000008000ff7e (0xfc843703) x14 0x0000000080012040 mem 0x0000000080031f38
core   0: 0x000000008000ff82 (0xfb843783) ld      a5, -72(s0)
core   0: 3 0x000000008000ff82 (0xfb843783) x15 0x000000000000009c mem 0x0000000080031f28
core   0: 0x000000008000ff86 (0x000097ba) c.add   a5, a4
core   0: 3 0x000000008000ff86 (0x97ba) x15 0x00000000800120dc
core   0: 0x000000008000ff88 (0xfe043703) ld      a4, -32(s0)
core   0: 3 0x000000008000ff88 (0xfe043703) x14 0x00000000800120d7 mem 0x0000000080031f50
core   0: 0x000000008000ff8c (0xfcf76de3) bltu    a4, a5, pc - 38
core   0: 3 0x000000008000ff8c (0xfcf76de3)
core   0: 0x000000008000ff66 (0xfe043783) ld      a5, -32(s0)
core   0: 3 0x000000008000ff66 (0xfe043783) x15 0x00000000800120d7 mem 0x0000000080031f50
core   0: 0x000000008000ff6a (0x00178713) addi    a4, a5, 1
core   0: 3 0x000000008000ff6a (0x00178713) x14 0x00000000800120d8
core   0: 0x000000008000ff6e (0xfee43023) sd      a4, -32(s0)
core   0: 3 0x000000008000ff6e (0xfee43023) mem 0x0000000080031f50 0x00000000800120d8
core   0: 0x000000008000ff72 (0xfc442703) lw      a4, -60(s0)
core   0: 3 0x000000008000ff72 (0xfc442703) x14 0x0000000000000000 mem 0x0000000080031f34
core   0: 0x000000008000ff76 (0x0ff77713) andi    a4, a4, 255
core   0: 3 0x000000008000ff76 (0x0ff77713) x14 0x0000000000000000
core   0: 0x000000008000ff7a (0x00e78023) sb      a4, 0(a5)
core   0: 3 0x000000008000ff7a (0x00e78023) mem 0x00000000800120d7 0x00
core   0: 0x000000008000ff7e (0xfc843703) ld      a4, -56(s0)
core   0: 3 0x000000008000ff7e (0xfc843703) x14 0x0000000080012040 mem 0x0000000080031f38
core   0: 0x000000008000ff82 (0xfb843783) ld      a5, -72(s0)
core   0: 3 0x000000008000ff82 (0xfb843783) x15 0x000000000000009c mem 0x0000000080031f28
core   0: 0x000000008000ff86 (0x000097ba) c.add   a5, a4
core   0: 3 0x000000008000ff86 (0x97ba) x15 0x00000000800120dc
core   0: 0x000000008000ff88 (0xfe043703) ld      a4, -32(s0)
core   0: 3 0x000000008000ff88 (0xfe043703) x14 0x00000000800120d8 mem 0x0000000080031f50
core   0: 0x000000008000ff8c (0xfcf76de3) bltu    a4, a5, pc - 38
core   0: 3 0x000000008000ff8c (0xfcf76de3)
core   0: 0x000000008000ff66 (0xfe043783) ld      a5, -32(s0)
core   0: 3 0x000000008000ff66 (0xfe043783) x15 0x00000000800120d8 mem 0x0000000080031f50
core   0: 0x000000008000ff6a (0x00178713) addi    a4, a5, 1
core   0: 3 0x000000008000ff6a (0x00178713) x14 0x00000000800120d9
core   0: 0x000000008000ff6e (0xfee43023) sd      a4, -32(s0)
core   0: 3 0x000000008000ff6e (0xfee43023) mem 0x0000000080031f50 0x00000000800120d9
core   0: 0x000000008000ff72 (0xfc442703) lw      a4, -60(s0)
core   0: 3 0x000000008000ff72 (0xfc442703) x14 0x0000000000000000 mem 0x0000000080031f34
core   0: 0x000000008000ff76 (0x0ff77713) andi    a4, a4, 255
core   0: 3 0x000000008000ff76 (0x0ff77713) x14 0x0000000000000000
core   0: 0x000000008000ff7a (0x00e78023) sb      a4, 0(a5)
core   0: 3 0x000000008000ff7a (0x00e78023) mem 0x00000000800120d8 0x00
core   0: 0x000000008000ff7e (0xfc843703) ld      a4, -56(s0)
core   0: 3 0x000000008000ff7e (0xfc843703) x14 0x0000000080012040 mem 0x0000000080031f38
core   0: 0x000000008000ff82 (0xfb843783) ld      a5, -72(s0)
core   0: 3 0x000000008000ff82 (0xfb843783) x15 0x000000000000009c mem 0x0000000080031f28
core   0: 0x000000008000ff86 (0x000097ba) c.add   a5, a4
core   0: 3 0x000000008000ff86 (0x97ba) x15 0x00000000800120dc
core   0: 0x000000008000ff88 (0xfe043703) ld      a4, -32(s0)
core   0: 3 0x000000008000ff88 (0xfe043703) x14 0x00000000800120d9 mem 0x0000000080031f50
core   0: 0x000000008000ff8c (0xfcf76de3) bltu    a4, a5, pc - 38
core   0: 3 0x000000008000ff8c (0xfcf76de3)
core   0: 0x000000008000ff66 (0xfe043783) ld      a5, -32(s0)
core   0: 3 0x000000008000ff66 (0xfe043783) x15 0x00000000800120d9 mem 0x0000000080031f50
core   0: 0x000000008000ff6a (0x00178713) addi    a4, a5, 1
core   0: 3 0x000000008000ff6a (0x00178713) x14 0x00000000800120da
core   0: 0x000000008000ff6e (0xfee43023) sd      a4, -32(s0)
core   0: 3 0x000000008000ff6e (0xfee43023) mem 0x0000000080031f50 0x00000000800120da
core   0: 0x000000008000ff72 (0xfc442703) lw      a4, -60(s0)
core   0: 3 0x000000008000ff72 (0xfc442703) x14 0x0000000000000000 mem 0x0000000080031f34
core   0: 0x000000008000ff76 (0x0ff77713) andi    a4, a4, 255
core   0: 3 0x000000008000ff76 (0x0ff77713) x14 0x0000000000000000
core   0: 0x000000008000ff7a (0x00e78023) sb      a4, 0(a5)
core   0: 3 0x000000008000ff7a (0x00e78023) mem 0x00000000800120d9 0x00
core   0: 0x000000008000ff7e (0xfc843703) ld      a4, -56(s0)
core   0: 3 0x000000008000ff7e (0xfc843703) x14 0x0000000080012040 mem 0x0000000080031f38
core   0: 0x000000008000ff82 (0xfb843783) ld      a5, -72(s0)
core   0: 3 0x000000008000ff82 (0xfb843783) x15 0x000000000000009c mem 0x0000000080031f28
core   0: 0x000000008000ff86 (0x000097ba) c.add   a5, a4
core   0: 3 0x000000008000ff86 (0x97ba) x15 0x00000000800120dc
core   0: 0x000000008000ff88 (0xfe043703) ld      a4, -32(s0)
core   0: 3 0x000000008000ff88 (0xfe043703) x14 0x00000000800120da mem 0x0000000080031f50
core   0: 0x000000008000ff8c (0xfcf76de3) bltu    a4, a5, pc - 38
core   0: 3 0x000000008000ff8c (0xfcf76de3)
core   0: 0x000000008000ff66 (0xfe043783) ld      a5, -32(s0)
core   0: 3 0x000000008000ff66 (0xfe043783) x15 0x00000000800120da mem 0x0000000080031f50
core   0: 0x000000008000ff6a (0x00178713) addi    a4, a5, 1
core   0: 3 0x000000008000ff6a (0x00178713) x14 0x00000000800120db
core   0: 0x000000008000ff6e (0xfee43023) sd      a4, -32(s0)
core   0: 3 0x000000008000ff6e (0xfee43023) mem 0x0000000080031f50 0x00000000800120db
core   0: 0x000000008000ff72 (0xfc442703) lw      a4, -60(s0)
core   0: 3 0x000000008000ff72 (0xfc442703) x14 0x0000000000000000 mem 0x0000000080031f34
core   0: 0x000000008000ff76 (0x0ff77713) andi    a4, a4, 255
core   0: 3 0x000000008000ff76 (0x0ff77713) x14 0x0000000000000000
core   0: 0x000000008000ff7a (0x00e78023) sb      a4, 0(a5)
core   0: 3 0x000000008000ff7a (0x00e78023) mem 0x00000000800120da 0x00
core   0: 0x000000008000ff7e (0xfc843703) ld      a4, -56(s0)
core   0: 3 0x000000008000ff7e (0xfc843703) x14 0x0000000080012040 mem 0x0000000080031f38
core   0: 0x000000008000ff82 (0xfb843783) ld      a5, -72(s0)
core   0: 3 0x000000008000ff82 (0xfb843783) x15 0x000000000000009c mem 0x0000000080031f28
core   0: 0x000000008000ff86 (0x000097ba) c.add   a5, a4
core   0: 3 0x000000008000ff86 (0x97ba) x15 0x00000000800120dc
core   0: 0x000000008000ff88 (0xfe043703) ld      a4, -32(s0)
core   0: 3 0x000000008000ff88 (0xfe043703) x14 0x00000000800120db mem 0x0000000080031f50
core   0: 0x000000008000ff8c (0xfcf76de3) bltu    a4, a5, pc - 38
core   0: 3 0x000000008000ff8c (0xfcf76de3)
core   0: 0x000000008000ff66 (0xfe043783) ld      a5, -32(s0)
core   0: 3 0x000000008000ff66 (0xfe043783) x15 0x00000000800120db mem 0x0000000080031f50
core   0: 0x000000008000ff6a (0x00178713) addi    a4, a5, 1
core   0: 3 0x000000008000ff6a (0x00178713) x14 0x00000000800120dc
core   0: 0x000000008000ff6e (0xfee43023) sd      a4, -32(s0)
core   0: 3 0x000000008000ff6e (0xfee43023) mem 0x0000000080031f50 0x00000000800120dc
core   0: 0x000000008000ff72 (0xfc442703) lw      a4, -60(s0)
core   0: 3 0x000000008000ff72 (0xfc442703) x14 0x0000000000000000 mem 0x0000000080031f34
core   0: 0x000000008000ff76 (0x0ff77713) andi    a4, a4, 255
core   0: 3 0x000000008000ff76 (0x0ff77713) x14 0x0000000000000000
core   0: 0x000000008000ff7a (0x00e78023) sb      a4, 0(a5)
core   0: 3 0x000000008000ff7a (0x00e78023) mem 0x00000000800120db 0x00
core   0: 0x000000008000ff7e (0xfc843703) ld      a4, -56(s0)
core   0: 3 0x000000008000ff7e (0xfc843703) x14 0x0000000080012040 mem 0x0000000080031f38
core   0: 0x000000008000ff82 (0xfb843783) ld      a5, -72(s0)
core   0: 3 0x000000008000ff82 (0xfb843783) x15 0x000000000000009c mem 0x0000000080031f28
core   0: 0x000000008000ff86 (0x000097ba) c.add   a5, a4
core   0: 3 0x000000008000ff86 (0x97ba) x15 0x00000000800120dc
core   0: 0x000000008000ff88 (0xfe043703) ld      a4, -32(s0)
core   0: 3 0x000000008000ff88 (0xfe043703) x14 0x00000000800120dc mem 0x0000000080031f50
core   0: 0x000000008000ff8c (0xfcf76de3) bltu    a4, a5, pc - 38
core   0: 3 0x000000008000ff8c (0xfcf76de3)
core   0: 0x000000008000ff90 (0xfc843783) ld      a5, -56(s0)
core   0: 3 0x000000008000ff90 (0xfc843783) x15 0x0000000080012040 mem 0x0000000080031f38
core   0: 0x000000008000ff94 (0x0000853e) c.mv    a0, a5
core   0: 3 0x000000008000ff94 (0x853e) x10 0x0000000080012040
core   0: 0x000000008000ff96 (0x00006426) c.ldsp  s0, 72(sp)
core   0: 3 0x000000008000ff96 (0x6426) x8  0x0000000080031f90 mem 0x0000000080031f68
core   0: 0x000000008000ff98 (0x00006161) c.addi16sp sp, 80
core   0: 3 0x000000008000ff98 (0x6161) x2  0x0000000080031f70
core   0: 0x000000008000ff9a (0x00008082) ret
core   0: 3 0x000000008000ff9a (0x8082)
core   0: 0x000000008000f54e (0x00000001) c.nop
core   0: 3 0x000000008000f54e (0x0001)
core   0: 0x000000008000f550 (0x000060e2) c.ldsp  ra, 24(sp)
core   0: 3 0x000000008000f550 (0x60e2) x1  0x000000008000f58e mem 0x0000000080031f88
core   0: 0x000000008000f552 (0x00006442) c.ldsp  s0, 16(sp)
core   0: 3 0x000000008000f552 (0x6442) x8  0x0000000080032040 mem 0x0000000080031f80
core   0: 0x000000008000f554 (0x00006105) c.addi16sp sp, 32
core   0: 3 0x000000008000f554 (0x6105) x2  0x0000000080031f90
core   0: 0x000000008000f556 (0x00008082) ret
core   0: 3 0x000000008000f556 (0x8082)
core   0: 0x000000008000f58e (0xf5842703) lw      a4, -168(s0)
core   0: 3 0x000000008000f58e (0xf5842703) x14 0x0000000000000001 mem 0x0000000080031f98
core   0: 0x000000008000f592 (0xf5c42783) lw      a5, -164(s0)
core   0: 3 0x000000008000f592 (0xf5c42783) x15 0x0000000000000000 mem 0x0000000080031f9c
core   0: 0x000000008000f596 (0x000085ba) c.mv    a1, a4
core   0: 3 0x000000008000f596 (0x85ba) x11 0x0000000000000001
core   0: 0x000000008000f598 (0x0000853e) c.mv    a0, a5
core   0: 3 0x000000008000f598 (0x853e) x10 0x0000000000000000
core   0: 0x000000008000f59a (0xf03ff0ef) jal     pc - 0xfe
core   0: 3 0x000000008000f59a (0xf03ff0ef) x1  0x000000008000f59e
core   0: >>>>  thread_entry
core   0: 0x000000008000f49c (0x00001101) c.addi  sp, -32
core   0: 3 0x000000008000f49c (0x1101) x2  0x0000000080031f70
core   0: 0x000000008000f49e (0x0000ec22) c.sdsp  s0, 24(sp)
core   0: 3 0x000000008000f49e (0xec22) mem 0x0000000080031f88 0x0000000080032040
core   0: 0x000000008000f4a0 (0x00001000) c.addi4spn s0, sp, 32
core   0: 3 0x000000008000f4a0 (0x1000) x8  0x0000000080031f90
core   0: 0x000000008000f4a2 (0x000087aa) c.mv    a5, a0
core   0: 3 0x000000008000f4a2 (0x87aa) x15 0x0000000000000000
core   0: 0x000000008000f4a4 (0x0000872e) c.mv    a4, a1
core   0: 3 0x000000008000f4a4 (0x872e) x14 0x0000000000000001
core   0: 0x000000008000f4a6 (0xfef42623) sw      a5, -20(s0)
core   0: 3 0x000000008000f4a6 (0xfef42623) mem 0x0000000080031f7c 0x00000000
core   0: 0x000000008000f4aa (0x000087ba) c.mv    a5, a4
core   0: 3 0x000000008000f4aa (0x87ba) x15 0x0000000000000001
core   0: 0x000000008000f4ac (0xfef42423) sw      a5, -24(s0)
core   0: 3 0x000000008000f4ac (0xfef42423) mem 0x0000000080031f78 0x00000001
core   0: 0x000000008000f4b0 (0x00000001) c.nop
core   0: 3 0x000000008000f4b0 (0x0001)
core   0: 0x000000008000f4b2 (0xfec42783) lw      a5, -20(s0)
core   0: 3 0x000000008000f4b2 (0xfec42783) x15 0x0000000000000000 mem 0x0000000080031f7c
core   0: 0x000000008000f4b6 (0x00002781) c.addiw a5, 0
core   0: 3 0x000000008000f4b6 (0x2781) x15 0x0000000000000000
core   0: 0x000000008000f4b8 (0x0000ffed) c.bnez  a5, pc - 6
core   0: 3 0x000000008000f4b8 (0xffed)
core   0: 0x000000008000f4ba (0x00000001) c.nop
core   0: 3 0x000000008000f4ba (0x0001)
core   0: 0x000000008000f4bc (0x00000001) c.nop
core   0: 3 0x000000008000f4bc (0x0001)
core   0: 0x000000008000f4be (0x00006462) c.ldsp  s0, 24(sp)
core   0: 3 0x000000008000f4be (0x6462) x8  0x0000000080032040 mem 0x0000000080031f88
core   0: 0x000000008000f4c0 (0x00006105) c.addi16sp sp, 32
core   0: 3 0x000000008000f4c0 (0x6105) x2  0x0000000080031f90
core   0: 0x000000008000f4c2 (0x00008082) ret
core   0: 3 0x000000008000f4c2 (0x8082)
core   0: 0x000000008000f59e (0x00004581) c.li    a1, 0
core   0: 3 0x000000008000f59e (0x4581) x11 0x0000000000000000
core   0: 0x000000008000f5a0 (0x00004501) c.li    a0, 0
core   0: 3 0x000000008000f5a0 (0x4501) x10 0x0000000000000000
core   0: 0x000000008000f5a2 (0xa5ff20ef) jal     pc - 0xd5a2
core   0: 3 0x000000008000f5a2 (0xa5ff20ef) x1  0x000000008000f5a6
core   0: >>>>  main
core   0: 0x0000000080002000 (0x00000001) c.nop
core   0: 3 0x0000000080002000 (0x0001)
core   0: >>>>  trap_vec_init
core   0: 0x0000000080002002 (0x00002797) auipc   a5, 0x2
core   0: 3 0x0000000080002002 (0x00002797) x15 0x0000000080004002
core   0: 0x0000000080002006 (0xffe78793) addi    a5, a5, -2
core   0: 3 0x0000000080002006 (0xffe78793) x15 0x0000000080004000
core   0: 0x000000008000200a (0x30579073) csrrw   zero, mtvec, a5
core   0: 3 0x000000008000200a (0x30579073) c773_mtvec 0x0000000080004000
core   0: >>>>  pmp_setup
core   0: 0x000000008000200e (0x00002c17) auipc   s8, 0x2
core   0: 3 0x000000008000200e (0x00002c17) x24 0x000000008000400e
core   0: 0x0000000080002012 (0x022c0c13) addi    s8, s8, 34
core   0: 3 0x0000000080002012 (0x022c0c13) x24 0x0000000080004030
core   0: 0x0000000080002016 (0x00004781) c.li    a5, 0
core   0: 3 0x0000000080002016 (0x4781) x15 0x0000000000000000
core   0: 0x0000000080002018 (0x00009c3e) c.add   s8, a5
core   0: 3 0x0000000080002018 (0x9c3e) x24 0x0000000080004030
core   0: 0x000000008000201a (0x3b0c1073) csrrw   zero, pmpaddr0, s8
core   0: 3 0x000000008000201a (0x3b0c1073) c944_pmpaddr0 0x0000000080004030
core   0: 0x000000008000201e (0x00004c3d) c.li    s8, 15
core   0: 3 0x000000008000201e (0x4c3d) x24 0x000000000000000f
core   0: 0x0000000080002020 (0x3a0c1073) csrrw   zero, pmpcfg0, s8
core   0: 3 0x0000000080002020 (0x3a0c1073) c928_pmpcfg0 0x000000000000000f
core   0: 0x0000000080002024 (0x12000073) sfence.vma zero, zero
core   0: 3 0x0000000080002024 (0x12000073)
core   0: >>>>  mepc_setup
core   0: 0x0000000080002028 (0x00002797) auipc   a5, 0x2
core   0: 3 0x0000000080002028 (0x00002797) x15 0x0000000080004028
core   0: 0x000000008000202c (0x00878793) addi    a5, a5, 8
core   0: 3 0x000000008000202c (0x00878793) x15 0x0000000080004030
core   0: 0x0000000080002030 (0x34179073) csrrw   zero, mepc, a5
core   0: 3 0x0000000080002030 (0x34179073) c833_mepc 0x0000000080004030
core   0: >>>>  custom_csr_setup
core   0: 0x0000000080002034 (0x00100f9b) addiw   t6, zero, 1
core   0: 3 0x0000000080002034 (0x00100f9b) x31 0x0000000000000001
core   0: 0x0000000080002038 (0x00000ffe) c.slli  t6, 31
core   0: 3 0x0000000080002038 (0x0ffe) x31 0x0000000080000000
core   0: 0x000000008000203a (0x00000001) c.nop
core   0: 3 0x000000008000203a (0x0001)
core   0: >>>>  init_s_mode
core   0: 0x000000008000203c (0xfff0079b) addiw   a5, zero, -1
core   0: 3 0x000000008000203c (0xfff0079b) x15 0xffffffffffffffff
core   0: 0x0000000080002040 (0x000017fe) c.slli  a5, 63
core   0: 3 0x0000000080002040 (0x17fe) x15 0x8000000000000000
core   0: 0x0000000080002042 (0x18079073) csrrw   zero, satp, a5
core   0: 3 0x0000000080002042 (0x18079073) c384_satp 0x8000000000000000
core   0: 0x0000000080002046 (0x0000f797) auipc   a5, 0xf
core   0: 3 0x0000000080002046 (0x0000f797) x15 0x0000000080011046
core   0: 0x000000008000204a (0xfba78793) addi    a5, a5, -70
core   0: 3 0x000000008000204a (0xfba78793) x15 0x0000000080011000
core   0: 0x000000008000204e (0x000083b1) c.srli  a5, 12
core   0: 3 0x000000008000204e (0x83b1) x15 0x0000000000080011
core   0: 0x0000000080002050 (0x0010061b) addiw   a2, zero, 1
core   0: 3 0x0000000080002050 (0x0010061b) x12 0x0000000000000001
core   0: 0x0000000080002054 (0x00001632) c.slli  a2, 44
core   0: 3 0x0000000080002054 (0x1632) x12 0x0000100000000000
core   0: 0x0000000080002056 (0x0000167d) c.addi  a2, -1
core   0: 3 0x0000000080002056 (0x167d) x12 0x00000fffffffffff
core   0: 0x0000000080002058 (0x00008ff1) c.and   a5, a2
core   0: 3 0x0000000080002058 (0x8ff1) x15 0x0000000000080011
core   0: 0x000000008000205a (0x1807a073) csrrs   zero, satp, a5
core   0: 3 0x000000008000205a (0x1807a073) c384_satp 0x8000000000080011
core   0: 0x000000008000205e (0x00a005b7) lui     a1, 0xa00
core   0: 3 0x000000008000205e (0x00a005b7) x11 0x0000000000a00000
core   0: 0x0000000080002062 (0x10b5859b) addiw   a1, a1, 267
core   0: 3 0x0000000080002062 (0x10b5859b) x11 0x0000000000a0010b
core   0: 0x0000000080002066 (0x000005b2) c.slli  a1, 12
core   0: 3 0x0000000080002066 (0x05b2) x11 0x0000000a0010b000
core   0: 0x0000000080002068 (0xa0058593) addi    a1, a1, -1536
core   0: 3 0x0000000080002068 (0xa0058593) x11 0x0000000a0010aa00
core   0: 0x000000008000206c (0x30059073) csrrw   zero, mstatus, a1
core   0: 3 0x000000008000206c (0x30059073) c768_mstatus 0x0000000a00102800
core   0: 0x0000000080002070 (0x30459073) csrrw   zero, mie, a1
core   0: 3 0x0000000080002070 (0x30459073) c772_mie 0x0000000000000a00
core   0: 0x0000000080002074 (0x00a005b7) lui     a1, 0xa00
core   0: 3 0x0000000080002074 (0x00a005b7) x11 0x0000000000a00000
core   0: 0x0000000080002078 (0x10b5859b) addiw   a1, a1, 267
core   0: 3 0x0000000080002078 (0x10b5859b) x11 0x0000000000a0010b
core   0: 0x000000008000207c (0x000005b2) c.slli  a1, 12
core   0: 3 0x000000008000207c (0x05b2) x11 0x0000000a0010b000
core   0: 0x000000008000207e (0xa0058593) addi    a1, a1, -1536
core   0: 3 0x000000008000207e (0xa0058593) x11 0x0000000a0010aa00
core   0: 0x0000000080002082 (0x10059073) csrrw   zero, sstatus, a1
core   0: 3 0x0000000080002082 (0x10059073) c768_mstatus 0x0000000a00102800
core   0: 0x0000000080002086 (0x10459073) csrrw   zero, sie, a1
core   0: 3 0x0000000080002086 (0x10459073) c772_mie 0x0000000000000a00
core   0: 0x000000008000208a (0x30200073) mret
core   0: 3 0x000000008000208a (0x30200073) c768_mstatus 0x0000000a00102080
core   0: >>>>  main_g
core   0: 0x0000000080004030 (0x0010fd93) andi    s11, ra, 1
core   0: 1 0x0000000080004030 (0x0010fd93) x27 0x0000000000000000
core   0: 0x0000000080004034 (0x41cadd1b) sraiw   s10, s5, 28
core   0: 1 0x0000000080004034 (0x41cadd1b) x26 0x0000000000000000
core   0: 0x0000000080004038 (0xc021f4d3) fcvt.l.s s1, ft3
core   0: 1 0x0000000080004038 (0xc021f4d3) x9  0x0000000000000000
core   0: 0x000000008000403c (0x01aaa033) slt     zero, s5, s10
core   0: 1 0x000000008000403c (0x01aaa033)
core   0: 0x0000000080004040 (0x80007c93) andi    s9, zero, -2048
core   0: 1 0x0000000080004040 (0x80007c93) x25 0x0000000000000000
core   0: 0x0000000080004044 (0xc03f72d3) fcvt.lu.s t0, ft10
core   0: 1 0x0000000080004044 (0xc03f72d3) x5  0x0000000000000000
core   0: 0x0000000080004048 (0xd220f5d3) fcvt.d.l fa1, ra
core   0: 1 0x0000000080004048 (0xd220f5d3) c768_mstatus 0x8000000a00106080 f11 0x41e0001eb4c00000
core   0: 0x000000008000404c (0xaa73ec13) ori     s8, t2, -1369
core   0: 1 0x000000008000404c (0xaa73ec13) x24 0xfffffffffffffaa7
core   0: 0x0000000080004050 (0x02c2673b) remw    a4, tp, a2
core   0: 1 0x0000000080004050 (0x02c2673b) x14 0x0000000000000000
core   0: 0x0000000080004054 (0x0030589b) srliw   a7, zero, 3
core   0: 1 0x0000000080004054 (0x0030589b) x17 0x0000000000000000
core   0: 0x0000000080004058 (0xd2098753) fcvt.d.w fa4, s3
core   0: 1 0x0000000080004058 (0xd2098753) f14 0x0000000000000000
core   0: 0x000000008000405c (0xc209fd53) fcvt.w.d s10, fs3
core   0: 1 0x000000008000405c (0xc209fd53) c1_fflags 0x0000000000000010 x26 0x000000007fffffff
core   0: 0x0000000080004060 (0x009a101b) slliw   zero, s4, 9
core   0: 1 0x0000000080004060 (0x009a101b)
core   0: 0x0000000080004064 (0xa343facf) fnmadd.d fs5, ft7, fs4, fs4
core   0: 1 0x0000000080004064 (0xa343facf) f21 0x7ff8000000000000
core   0: 0x0000000080004068 (0x28abf913) andi    s2, s7, 650
core   0: 1 0x0000000080004068 (0x28abf913) x18 0x0000000000000000
core   0: 0x000000008000406c (0x7ff20713) addi    a4, tp, 2047
core   0: 1 0x000000008000406c (0x7ff20713) x14 0x000000008001283f
core   0: 0x0000000080004070 (0x000b6b33) or      s6, s6, zero
core   0: 1 0x0000000080004070 (0x000b6b33) x22 0x0000000000000000
core   0: 0x0000000080004074 (0x0190deb3) srl     t4, ra, s9
core   0: 1 0x0000000080004074 (0x0190deb3) x29 0x000000008000f5a6
core   0: 0x0000000080004078 (0x00e1b7b3) sltu    a5, gp, a4
core   0: 1 0x0000000080004078 (0x00e1b7b3) x15 0x0000000000000001
core   0: 0x000000008000407c (0x001ce813) ori     a6, s9, 1
core   0: 1 0x000000008000407c (0x001ce813) x16 0x0000000000000001
core   0: 0x0000000080004080 (0x5a0af253) fsqrt.d ft4, fs5
core   0: 1 0x0000000080004080 (0x5a0af253) f4  0x7ff8000000000000
core   0: 0x0000000080004084 (0x22518f53) fsgnj.d ft10, ft3, ft5
core   0: 1 0x0000000080004084 (0x22518f53) f30 0xffffffff00000000
core   0: 0x0000000080004088 (0x4011fb53) fcvt.s.d fs6, ft3
core   0: 1 0x0000000080004088 (0x4011fb53) f22 0xffffffff7fc00000
core   0: 0x000000008000408c (0x01c941b3) xor     gp, s2, t3
core   0: 1 0x000000008000408c (0x01c941b3) x3  0x0000000000000000
core   0: 0x0000000080004090 (0x006d053b) addw    a0, s10, t1
core   0: 1 0x0000000080004090 (0x006d053b) x10 0x000000007fffffff
core   0: 0x0000000080004094 (0x001bfb93) andi    s7, s7, 1
core   0: 1 0x0000000080004094 (0x001bfb93) x23 0x0000000000000000
core   0: 0x0000000080004098 (0x00051e13) slli    t3, a0, 0
core   0: 1 0x0000000080004098 (0x00051e13) x28 0x000000007fffffff
core   0: 0x000000008000409c (0x02769d37) lui     s10, 0x2769
core   0: 1 0x000000008000409c (0x02769d37) x26 0x0000000002769000
core   0: 0x00000000800040a0 (0x7a3d0d1b) addiw   s10, s10, 1955
core   0: 1 0x00000000800040a0 (0x7a3d0d1b) x26 0x00000000027697a3
core   0: 0x00000000800040a4 (0x00000d32) c.slli  s10, 12
core   0: 1 0x00000000800040a4 (0x0d32) x26 0x00000027697a3000
core   0: 0x00000000800040a6 (0x3e7d0d13) addi    s10, s10, 999
core   0: 1 0x00000000800040a6 (0x3e7d0d13) x26 0x00000027697a33e7
core   0: 0x00000000800040aa (0xdbb37c47) fmsub.d fs8, ft6, fs11, fs11
core   0: 1 0x00000000800040aa (0xdbb37c47) f24 0x7ff8000000000000
core   0: 0x00000000800040ae (0x800e8e93) addi    t4, t4, -2048
core   0: 1 0x00000000800040ae (0x800e8e93) x29 0x000000008000eda6
core   0: 0x00000000800040b2 (0xa3018653) fle.d   a2, ft3, fa6
core   0: 1 0x00000000800040b2 (0xa3018653) c1_fflags 0x0000000000000010 x12 0x0000000000000000
core   0: 0x00000000800040b6 (0xc201f9d3) fcvt.w.d s3, ft3
core   0: 1 0x00000000800040b6 (0xc201f9d3) c1_fflags 0x0000000000000010 x19 0x000000007fffffff
core   0: 0x00000000800040ba (0x0335c1b3) div     gp, a1, s3
core   0: 1 0x00000000800040ba (0x0335c1b3) x3  0x0000000000000014
core   0: 0x00000000800040be (0x03296c33) rem     s8, s2, s2
core   0: 1 0x00000000800040be (0x03296c33) x24 0x0000000000000000
core   0: 0x00000000800040c2 (0x2b6f1553) fmax.d  fa0, ft10, fs6
core   0: 1 0x00000000800040c2 (0x2b6f1553) f10 0x7ff8000000000000
core   0: 0x00000000800040c6 (0x0ff0000f) fence   iorw,iorw
core   0: 1 0x00000000800040c6 (0x0ff0000f)
core   0: 0x00000000800040ca (0x02e5783b) remuw   a6, a0, a4
core   0: 1 0x00000000800040ca (0x02e5783b) x16 0x000000007fffffff
core   0: 0x00000000800040ce (0x001393f3) csrrw   t2, fflags, t2
core   0: 1 0x00000000800040ce (0x001393f3) x7  0x0000000000000010 c1_fflags 0x0000000000000000
core   0: 0x00000000800040d2 (0x267c8017) auipc   zero, 0x267c8
core   0: 1 0x00000000800040d2 (0x267c8017)
core   0: 0x00000000800040d6 (0x004a9bb3) sll     s7, s5, tp
core   0: 1 0x00000000800040d6 (0x004a9bb3) x23 0x0000000000000000
core   0: 0x00000000800040da (0x221410d3) fsgnjn.d ft1, fs0, ft1
core   0: 1 0x00000000800040da (0x221410d3) f1  0x7fffffff00000000
core   0: 0x00000000800040de (0x001bd11b) srliw   sp, s7, 1
core   0: 1 0x00000000800040de (0x001bd11b) x2  0x0000000000000000
core   0: 0x00000000800040e2 (0x0b9dfd4f) fnmadd.d fs10, fs11, fs9, ft1
core   0: 1 0x00000000800040e2 (0x0b9dfd4f) f26 0x7ff8000000000000
core   0: 0x00000000800040e6 (0x021184b3) mul     s1, gp, ra
core   0: 1 0x00000000800040e6 (0x021184b3) x9  0x0000000a001330f8
core   0: 0x00000000800040ea (0xd22bfb53) fcvt.d.l fs6, s7
core   0: 1 0x00000000800040ea (0xd22bfb53) f22 0x0000000000000000
core   0: 0x00000000800040ee (0x40c6003b) subw    zero, a2, a2
core   0: 1 0x00000000800040ee (0x40c6003b)
core   0: 0x00000000800040f2 (0x41c2509b) sraiw   ra, tp, 28
core   0: 1 0x00000000800040f2 (0x41c2509b) x1  0xfffffffffffffff8
core   0: 0x00000000800040f6 (0x01b9e9b3) or      s3, s3, s11
core   0: 1 0x00000000800040f6 (0x01b9e9b3) x19 0x000000007fffffff
core   0: 0x00000000800040fa (0xd02478d3) fcvt.s.l fa7, s0
core   0: 1 0x00000000800040fa (0xd02478d3) c1_fflags 0x0000000000000001 f17 0xffffffff4f000320
core   0: 0x00000000800040fe (0x2b531853) fmax.d  fa6, ft6, fs5
core   0: 1 0x00000000800040fe (0x2b531853) f16 0x7ff8000000000000
core   0: 0x0000000080004102 (0x4061833b) subw    t1, gp, t1
core   0: 1 0x0000000080004102 (0x4061833b) x6  0x0000000000000014
core   0: 0x0000000080004106 (0xe2048ed3) fmv.x.d t4, fs1
core   0: 1 0x0000000080004106 (0xe2048ed3) x29 0xffffffff00000000
core   0: 0x000000008000410a (0x00202a73) csrrs   s4, frm, zero
core   0: 1 0x000000008000410a (0x00202a73) x20 0x0000000000000000
core   0: 0x000000008000410e (0xa41880b7) lui     ra, 0xa4188
core   0: 1 0x000000008000410e (0xa41880b7) x1  0xffffffffa4188000
core   0: 0x0000000080004112 (0x4093501b) sraiw   zero, t1, 9
core   0: 1 0x0000000080004112 (0x4093501b)
core   0: 0x0000000080004116 (0x002a1213) slli    tp, s4, 2
core   0: 1 0x0000000080004116 (0x002a1213) x4  0x0000000000000000
core   0: 0x000000008000411a (0xc20cf153) fcvt.w.d sp, fs9
core   0: 1 0x000000008000411a (0xc20cf153) c1_fflags 0x0000000000000011 x2  0x000000007fffffff
core   0: 0x000000008000411e (0x408953b3) sra     t2, s2, s0
core   0: 1 0x000000008000411e (0x408953b3) x7  0x0000000000000000
core   0: 0x0000000080004122 (0x03007053) fadd.d  ft0, ft0, fa6
core   0: 1 0x0000000080004122 (0x03007053) f0  0x7ff8000000000000
core   0: 0x0000000080004126 (0x0124d13b) srlw    sp, s1, s2
core   0: 1 0x0000000080004126 (0x0124d13b) x2  0x00000000001330f8
core   0: 0x000000008000412a (0x40895093) srai    ra, s2, 8
core   0: 1 0x000000008000412a (0x40895093) x1  0x0000000000000000
core   0: 0x000000008000412e (0x00e0c3b3) xor     t2, ra, a4
core   0: 1 0x000000008000412e (0x00e0c3b3) x7  0x000000008001283f
core   0: 0x0000000080004132 (0x021048bb) divw    a7, zero, ra
core   0: 1 0x0000000080004132 (0x021048bb) x17 0xffffffffffffffff
core   0: 0x0000000080004136 (0x407ad633) sra     a2, s5, t2
core   0: 1 0x0000000080004136 (0x407ad633) x12 0x0000000000000000
core   0: 0x000000008000413a (0x00cb75b3) and     a1, s6, a2
core   0: 1 0x000000008000413a (0x00cb75b3) x11 0x0000000000000000
core   0: 0x000000008000413e (0x00a58b33) add     s6, a1, a0
core   0: 1 0x000000008000413e (0x00a58b33) x22 0x000000007fffffff
core   0: 0x0000000080004142 (0x0b107b53) fsub.d  fs6, ft0, fa7
core   0: 1 0x0000000080004142 (0x0b107b53) f22 0x7ff8000000000000
core   0: 0x0000000080004146 (0xd23cf7d3) fcvt.d.lu fa5, s9
core   0: 1 0x0000000080004146 (0xd23cf7d3) f15 0x0000000000000000
core   0: 0x000000008000414a (0x00985a3b) srlw    s4, a6, s1
core   0: 1 0x000000008000414a (0x00985a3b) x20 0x000000000000007f
core   0: 0x000000008000414e (0x0146923b) sllw    tp, a3, s4
core   0: 1 0x000000008000414e (0x0146923b) x4  0x0000000000000000
core   0: 0x0000000080004152 (0x02b31e13) slli    t3, t1, 43
core   0: 1 0x0000000080004152 (0x02b31e13) x28 0x0000a00000000000
core   0: 0x0000000080004156 (0xff76ad37) lui     s10, 0xff76a
core   0: 1 0x0000000080004156 (0xff76ad37) x26 0xffffffffff76a000
core   0: 0x000000008000415a (0xb87d0d1b) addiw   s10, s10, -1145
core   0: 1 0x000000008000415a (0xb87d0d1b) x26 0xffffffffff769b87
core   0: 0x000000008000415e (0x00000d3a) c.slli  s10, 14
core   0: 1 0x000000008000415e (0x0d3a) x26 0xffffffdda6e1c000
core   0: 0x0000000080004160 (0x9b1d0d13) addi    s10, s10, -1615
core   0: 1 0x0000000080004160 (0x9b1d0d13) x26 0xffffffdda6e1b9b1
core   0: 0x0000000080004164 (0x409e543b) sraw    s0, t3, s1
core   0: 1 0x0000000080004164 (0x409e543b) x8  0x0000000000000000
core   0: 0x0000000080004168 (0x001d9cf3) csrrw   s9, fflags, s11
core   0: 1 0x0000000080004168 (0x001d9cf3) x25 0x0000000000000011 c1_fflags 0x0000000000000000
core   0: 0x000000008000416c (0xad10eb93) ori     s7, ra, -1327
core   0: 1 0x000000008000416c (0xad10eb93) x23 0xfffffffffffffad1
core   0: 0x0000000080004170 (0x418e8eb3) sub     t4, t4, s8
core   0: 1 0x0000000080004170 (0x418e8eb3) x29 0xffffffff00000000
core   0: 0x0000000080004174 (0x001595f3) csrrw   a1, fflags, a1
core   0: 1 0x0000000080004174 (0x001595f3) x11 0x0000000000000000 c1_fflags 0x0000000000000000
core   0: 0x0000000080004178 (0x0ff0000f) fence   iorw,iorw
core   0: 1 0x0000000080004178 (0x0ff0000f)
core   0: 0x000000008000417c (0x000e189b) slliw   a7, t3, 0
core   0: 1 0x000000008000417c (0x000e189b) x17 0x0000000000000000
core   0: 0x0000000080004180 (0x03f81e93) slli    t4, a6, 63
core   0: 1 0x0000000080004180 (0x03f81e93) x29 0x8000000000000000
core   0: 0x0000000080004184 (0x020c44b3) div     s1, s8, zero
core   0: 1 0x0000000080004184 (0x020c44b3) x9  0xffffffffffffffff
core   0: 0x0000000080004188 (0x4154d093) srai    ra, s1, 21
core   0: 1 0x0000000080004188 (0x4154d093) x1  0xffffffffffffffff
core   0: 0x000000008000418c (0xa36b0853) fle.d   a6, fs6, fs6
core   0: 1 0x000000008000418c (0xa36b0853) c1_fflags 0x0000000000000010 x16 0x0000000000000000
core   0: 0x0000000080004190 (0x41ead81b) sraiw   a6, s5, 30
core   0: 1 0x0000000080004190 (0x41ead81b) x16 0x0000000000000000
core   0: 0x0000000080004194 (0x41ce553b) sraw    a0, t3, t3
core   0: 1 0x0000000080004194 (0x41ce553b) x10 0x0000000000000000
core   0: 0x0000000080004198 (0xd02574d3) fcvt.s.l fs1, a0
core   0: 1 0x0000000080004198 (0xd02574d3) f9  0xffffffff00000000
core   0: 0x000000008000419c (0xd20a8153) fcvt.d.w ft2, s5
core   0: 1 0x000000008000419c (0xd20a8153) f2  0x0000000000000000
core   0: 0x00000000800041a0 (0x031a8db3) mul     s11, s5, a7
core   0: 1 0x00000000800041a0 (0x031a8db3) x27 0x0000000000000000
core   0: 0x00000000800041a4 (0x42265013) srai    zero, a2, 34
core   0: 1 0x00000000800041a4 (0x42265013)
core   0: 0x00000000800041a8 (0x2a3181d3) fmin.d  ft3, ft3, ft3
core   0: 1 0x00000000800041a8 (0x2a3181d3) f3  0x7ff8000000000000
core   0: 0x00000000800041ac (0xea05f2cb) fnmsub.d ft5, fa1, ft0, ft9
core   0: 1 0x00000000800041ac (0xea05f2cb) f5  0x7ff8000000000000
core   0: 0x00000000800041b0 (0xd0207cd3) fcvt.s.l fs9, zero
core   0: 1 0x00000000800041b0 (0xd0207cd3) f25 0xffffffff00000000
core   0: 0x00000000800041b4 (0x2a1d8bd3) fmin.d  fs7, fs11, ft1
core   0: 1 0x00000000800041b4 (0x2a1d8bd3) f23 0x7ff8000000000000
core   0: 0x00000000800041b8 (0x2a7a12d3) fmax.d  ft5, fs4, ft7
core   0: 1 0x00000000800041b8 (0x2a7a12d3) f5  0x7ff8000000000000
core   0: 0x00000000800041bc (0xc03efa53) fcvt.lu.s s4, ft9
core   0: 1 0x00000000800041bc (0xc03efa53) x20 0x0000000000000000
core   0: 0x00000000800041c0 (0x014c5bbb) srlw    s7, s8, s4
core   0: 1 0x00000000800041c0 (0x014c5bbb) x23 0x0000000000000000
core   0: 0x00000000800041c4 (0x8363f74f) fnmadd.d fa4, ft7, fs6, fa6
core   0: 1 0x00000000800041c4 (0x8363f74f) f14 0x7ff8000000000000
core   0: 0x00000000800041c8 (0x2abb0dd3) fmin.d  fs11, fs6, fa1
core   0: 1 0x00000000800041c8 (0x2abb0dd3) f27 0x41e0001eb4c00000
core   0: 0x00000000800041cc (0xc21df153) fcvt.wu.d sp, fs11
core   0: 1 0x00000000800041cc (0xc21df153) x2  0xffffffff8000f5a6
core   0: 0x00000000800041d0 (0x0226653b) remw    a0, a2, sp
core   0: 1 0x00000000800041d0 (0x0226653b) x10 0x0000000000000000
core   0: 0x00000000800041d4 (0xd029f1d3) fcvt.s.l ft3, s3
core   0: 1 0x00000000800041d4 (0xd029f1d3) c1_fflags 0x0000000000000011 f3  0xffffffff4f000000
core   0: 0x00000000800041d8 (0x01bd8333) add     t1, s11, s11
core   0: 1 0x00000000800041d8 (0x01bd8333) x6  0x0000000000000000
core   0: 0x00000000800041dc (0xb9120a1b) addiw   s4, tp, -1135
core   0: 1 0x00000000800041dc (0xb9120a1b) x20 0xfffffffffffffb91
core   0: 0x00000000800041e0 (0x0308083b) mulw    a6, a6, a6
core   0: 1 0x00000000800041e0 (0x0308083b) x16 0x0000000000000000
core   0: 0x00000000800041e4 (0xd21806d3) fcvt.d.wu fa3, a6
core   0: 1 0x00000000800041e4 (0xd21806d3) f13 0x0000000000000000
core   0: 0x00000000800041e8 (0xc2167353) fcvt.wu.d t1, fa2
core   0: 1 0x00000000800041e8 (0xc2167353) c1_fflags 0x0000000000000011 x6  0xffffffffffffffff
core   0: 0x00000000800041ec (0xc23071d3) fcvt.lu.d gp, ft0
core   0: 1 0x00000000800041ec (0xc23071d3) c1_fflags 0x0000000000000011 x3  0xffffffffffffffff
core   0: 0x00000000800041f0 (0x02a32b33) mulhsu  s6, t1, a0
core   0: 1 0x00000000800041f0 (0x02a32b33) x22 0x0000000000000000
core   0: 0x00000000800041f4 (0x00102d73) csrrs   s10, fflags, zero
core   0: 1 0x00000000800041f4 (0x00102d73) x26 0x0000000000000011
core   0: 0x00000000800041f8 (0x00000001) c.nop
core   0: 1 0x00000000800041f8 (0x0001)
core   0: 0x00000000800041fa (0xd23d7153) fcvt.d.lu ft2, s10
core   0: 1 0x00000000800041fa (0xd23d7153) f2  0x4031000000000000
core   0: 0x00000000800041fe (0x021c51bb) divuw   gp, s8, ra
core   0: 1 0x00000000800041fe (0x021c51bb) x3  0x0000000000000000
core   0: 0x0000000080004202 (0x4193d43b) sraw    s0, t2, s9
core   0: 1 0x0000000080004202 (0x4193d43b) x8  0xffffffffffffc000
core   0: 0x0000000080004206 (0xf3f018b7) lui     a7, 0xf3f01
core   0: 1 0x0000000080004206 (0xf3f018b7) x17 0xfffffffff3f01000
core   0: 0x000000008000420a (0x00c89a33) sll     s4, a7, a2
core   0: 1 0x000000008000420a (0x00c89a33) x20 0xfffffffff3f01000
core   0: 0x000000008000420e (0x00000001) c.nop
core   0: 1 0x000000008000420e (0x0001)
core   0: 0x0000000080004210 (0xd2267353) fcvt.d.l ft6, a2
core   0: 1 0x0000000080004210 (0xd2267353) f6  0x0000000000000000
core   0: 0x0000000080004214 (0x0b74fed3) fsub.d  ft9, fs1, fs7
core   0: 1 0x0000000080004214 (0x0b74fed3) f29 0x7ff8000000000000
core   0: 0x0000000080004218 (0xd026fa53) fcvt.s.l fs4, a3
core   0: 1 0x0000000080004218 (0xd026fa53) f20 0xffffffff00000000
core   0: 0x000000008000421c (0x400c5a9b) sraiw   s5, s8, 0
core   0: 1 0x000000008000421c (0x400c5a9b) x21 0x0000000000000000
core   0: 0x0000000080004220 (0x1ac07753) fdiv.d  fa4, ft0, fa2
core   0: 1 0x0000000080004220 (0x1ac07753) f14 0x7ff8000000000000
core   0: 0x0000000080004224 (0x03f29693) slli    a3, t0, 63
core   0: 1 0x0000000080004224 (0x03f29693) x13 0x0000000000000000
core   0: 0x0000000080004228 (0x00841a3b) sllw    s4, s0, s0
core   0: 1 0x0000000080004228 (0x00841a3b) x20 0xffffffffffffc000
core   0: 0x000000008000422c (0x41440633) sub     a2, s0, s4
core   0: 1 0x000000008000422c (0x41440633) x12 0x0000000000000000
core   0: 0x0000000080004230 (0x22d583d3) fsgnj.d ft7, fa1, fa3
core   0: 1 0x0000000080004230 (0x22d583d3) f7  0x41e0001eb4c00000
core   0: 0x0000000080004234 (0x42058753) fcvt.d.s fa4, fa1
core   0: 1 0x0000000080004234 (0x42058753) f14 0x7ff8000000000000
core   0: 0x0000000080004238 (0x017d5cbb) srlw    s9, s10, s7
core   0: 1 0x0000000080004238 (0x017d5cbb) x25 0x0000000000000011
core   0: 0x000000008000423c (0x404d033b) subw    t1, s10, tp
core   0: 1 0x000000008000423c (0x404d033b) x6  0x0000000000000011
core   0: 0x0000000080004240 (0x00021013) slli    zero, tp, 0
core   0: 1 0x0000000080004240 (0x00021013)
core   0: 0x0000000080004244 (0x02b375bb) remuw   a1, t1, a1
core   0: 1 0x0000000080004244 (0x02b375bb) x11 0x0000000000000011
core   0: 0x0000000080004248 (0x0356443b) divw    s0, a2, s5
core   0: 1 0x0000000080004248 (0x0356443b) x8  0xffffffffffffffff
core   0: 0x000000008000424c (0xb0272173) csrrs   sp, minstret, a4
core   0: exception trap_illegal_instruction, epc 0x000000008000424c
core   0:           tval 0x00000000b0272173
core   0: >>>>  $xrv64i2p1_m2p0_a2p1_f2p2_d2p2_zicsr2p0_zifencei2p0_zmmul1p0_zba1p0_zbb1p0_zbc1p0_zbs1p0
core   0: 0x0000000080004000 (0x0080006f) j       pc + 0x8
core   0: 3 0x0000000080004000 (0x0080006f)
core   0: >>>>  mmode_exception_handler
core   0: 0x0000000080004008 (0x00002c17) auipc   s8, 0x2
core   0: 3 0x0000000080004008 (0x00002c17) x24 0x0000000080006008
core   0: 0x000000008000400c (0xfecc0c13) addi    s8, s8, -20
core   0: 3 0x000000008000400c (0xfecc0c13) x24 0x0000000080005ff4
core   0: 0x0000000080004010 (0x000c00e7) jalr    s8
core   0: 3 0x0000000080004010 (0x000c00e7) x1  0x0000000080004014
core   0: >>>>  any_handler
core   0: 0x0000000080005ff4 (0x341027f3) csrrs   a5, mepc, zero
core   0: 3 0x0000000080005ff4 (0x341027f3) x15 0x000000008000424c
core   0: 0x0000000080005ff8 (0x34202773) csrrs   a4, mcause, zero
core   0: 3 0x0000000080005ff8 (0x34202773) x14 0x0000000000000002
core   0: 0x0000000080005ffc (0x142026f3) csrrs   a3, scause, zero
core   0: 3 0x0000000080005ffc (0x142026f3) x13 0x0000000000000000
core   0: 0x0000000080006000 (0x30402673) csrrs   a2, mie, zero
core   0: 3 0x0000000080006000 (0x30402673) x12 0x0000000000000a00
core   0: 0x0000000080006004 (0x344025f3) csrrs   a1, mip, zero
core   0: 3 0x0000000080006004 (0x344025f3) x11 0x0000000000000080
core   0: 0x0000000080006008 (0x343025f3) csrrs   a1, mtval, zero
core   0: 3 0x0000000080006008 (0x343025f3) x11 0x00000000b0272173
core   0: 0x000000008000600c (0x14302573) csrrs   a0, stval, zero
core   0: 3 0x000000008000600c (0x14302573) x10 0x0000000000000000
core   0: 0x0000000080006010 (0xb02024f3) csrrs   s1, minstret, zero
core   0: 3 0x0000000080006010 (0xb02024f3) x9  0x0000000000000854
core   0: 0x0000000080006014 (0x0000a811) c.j     pc + 20
core   0: 3 0x0000000080006014 (0xa811)
core   0: >>>>  mepc_4
core   0: 0x0000000080006028 (0x00000791) c.addi  a5, 4
core   0: 3 0x0000000080006028 (0x0791) x15 0x0000000080004250
core   0: 0x000000008000602a (0x34179073) csrrw   zero, mepc, a5
core   0: 3 0x000000008000602a (0x34179073) c833_mepc 0x0000000080004250
core   0: 0x000000008000602e (0x30200073) mret
core   0: 3 0x000000008000602e (0x30200073) c768_mstatus 0x8000000a00106080
core   0: 0x0000000080004250 (0xba207243) fmadd.d ft4, ft0, ft2, fs7
core   0: 1 0x0000000080004250 (0xba207243) f4  0x7ff8000000000000
core   0: 0x0000000080004254 (0xd20680d3) fcvt.d.w ft1, a3
core   0: 1 0x0000000080004254 (0xd20680d3) f1  0x0000000000000000
core   0: 0x0000000080004258 (0x01685d93) srli    s11, a6, 22
core   0: 1 0x0000000080004258 (0x01685d93) x27 0x0000000000000000
core   0: 0x000000008000425c (0x403304b3) sub     s1, t1, gp
core   0: 1 0x000000008000425c (0x403304b3) x9  0x0000000000000011
core   0: 0x0000000080004260 (0x00000001) c.nop
core   0: 1 0x0000000080004260 (0x0001)
core   0: 0x0000000080004262 (0x001d843b) addw    s0, s11, ra
core   0: 1 0x0000000080004262 (0x001d843b) x8  0xffffffff80004014
core   0: 0x0000000080004266 (0x0154883b) addw    a6, s1, s5
core   0: 1 0x0000000080004266 (0x0154883b) x16 0x0000000000000011
core   0: 0x000000008000426a (0x010aeeb3) or      t4, s5, a6
core   0: 1 0x000000008000426a (0x010aeeb3) x29 0x0000000000000011
core   0: 0x000000008000426e (0x030afdbb) remuw   s11, s5, a6
core   0: 1 0x000000008000426e (0x030afdbb) x27 0x0000000000000000
core   0: 0x0000000080004272 (0x03627833) remu    a6, tp, s6
core   0: 1 0x0000000080004272 (0x03627833) x16 0x0000000000000000
core   0: 0x0000000080004276 (0x02117053) fadd.d  ft0, ft2, ft1
core   0: 1 0x0000000080004276 (0x02117053) f0  0x4031000000000000
core   0: 0x000000008000427a (0x00bb74b3) and     s1, s6, a1
core   0: 1 0x000000008000427a (0x00bb74b3) x9  0x0000000000000000
core   0: 0x000000008000427e (0x492f2297) auipc   t0, 0x492f2
core   0: 1 0x000000008000427e (0x492f2297) x5  0x00000000c92f627e
core   0: 0x0000000080004282 (0x00202e73) csrrs   t3, frm, zero
core   0: 1 0x0000000080004282 (0x00202e73) x28 0x0000000000000000
core   0: 0x0000000080004286 (0x02138dbb) mulw    s11, t2, ra
core   0: 1 0x0000000080004286 (0x02138dbb) x27 0xffffffffca26e4ec
core   0: 0x000000008000428a (0xc2007ed3) fcvt.w.d t4, ft0
core   0: 1 0x000000008000428a (0xc2007ed3) x29 0x0000000000000011
core   0: 0x000000008000428e (0x01d0fcb3) and     s9, ra, t4
core   0: 1 0x000000008000428e (0x01d0fcb3) x25 0x0000000000000010
core   0: 0x0000000080004292 (0x0398d73b) divuw   a4, a7, s9
core   0: 1 0x0000000080004292 (0x0398d73b) x14 0x000000000f3f0100
core   0: 0x0000000080004296 (0x034e87bb) mulw    a5, t4, s4
core   0: 1 0x0000000080004296 (0x034e87bb) x15 0xfffffffffffbc000
core   0: 0x000000008000429a (0x02755e3b) divuw   t3, a0, t2
core   0: 1 0x000000008000429a (0x02755e3b) x28 0x0000000000000000
core   0: 0x000000008000429e (0x007125b3) slt     a1, sp, t2
core   0: 1 0x000000008000429e (0x007125b3) x11 0x0000000000000001
core   0: 0x00000000800042a2 (0x43f15113) srai    sp, sp, 63
core   0: 1 0x00000000800042a2 (0x43f15113) x2  0xffffffffffffffff
core   0: 0x00000000800042a6 (0x2ed1cc93) xori    s9, gp, 749
core   0: 1 0x00000000800042a6 (0x2ed1cc93) x25 0x00000000000002ed
core   0: 0x00000000800042aa (0x00001913) slli    s2, zero, 0
core   0: 1 0x00000000800042aa (0x00001913) x18 0x0000000000000000
core   0: 0x00000000800042ae (0x401af753) fcvt.s.d fa4, fs5
core   0: 1 0x00000000800042ae (0x401af753) f14 0xffffffff7fc00000
core   0: 0x00000000800042b2 (0x01aa561b) srliw   a2, s4, 26
core   0: 1 0x00000000800042b2 (0x01aa561b) x12 0x000000000000003f
core   0: 0x00000000800042b6 (0x00e19dbb) sllw    s11, gp, a4
core   0: 1 0x00000000800042b6 (0x00e19dbb) x27 0x0000000000000000
core   0: 0x00000000800042ba (0x403ad13b) sraw    sp, s5, gp
core   0: 1 0x00000000800042ba (0x403ad13b) x2  0x0000000000000000
core   0: 0x00000000800042be (0x2a5f1f53) fmax.d  ft10, ft10, ft5
core   0: 1 0x00000000800042be (0x2a5f1f53) f30 0x7ff8000000000000
core   0: 0x00000000800042c2 (0x403103b3) sub     t2, sp, gp
core   0: 1 0x00000000800042c2 (0x403103b3) x7  0x0000000000000000
core   0: 0x00000000800042c6 (0x4166563b) sraw    a2, a2, s6
core   0: 1 0x00000000800042c6 (0x4166563b) x12 0x000000000000003f
core   0: 0x00000000800042ca (0x00102073) csrrs   zero, fflags, zero
core   0: 1 0x00000000800042ca (0x00102073)
core   0: 0x00000000800042ce (0x13bef453) fmul.d  fs0, ft9, fs11
core   0: 1 0x00000000800042ce (0x13bef453) f8  0x7ff8000000000000
core   0: 0x00000000800042d2 (0x0512c937) lui     s2, 0x512c
core   0: 1 0x00000000800042d2 (0x0512c937) x18 0x000000000512c000
core   0: 0x00000000800042d6 (0xf019091b) addiw   s2, s2, -255
core   0: 1 0x00000000800042d6 (0xf019091b) x18 0x000000000512bf01
core   0: 0x00000000800042da (0x00000932) c.slli  s2, 12
core   0: 1 0x00000000800042da (0x0932) x18 0x000000512bf01000
core   0: 0x00000000800042dc (0xcde90913) addi    s2, s2, -802
core   0: 1 0x00000000800042dc (0xcde90913) x18 0x000000512bf00cde
core   0: 0x00000000800042e0 (0xf2048dd3) fmv.d.x fs11, s1
core   0: 1 0x00000000800042e0 (0xf2048dd3) f27 0x0000000000000000
core   0: 0x00000000800042e4 (0x40c00d3b) subw    s10, zero, a2
core   0: 1 0x00000000800042e4 (0x40c00d3b) x26 0xffffffffffffffc1
core   0: 0x00000000800042e8 (0xfb18ffc3) fmadd.d ft11, fa7, fa7, ft11
core   0: 1 0x00000000800042e8 (0xfb18ffc3) f31 0x7ff8000000000000
core   0: 0x00000000800042ec (0x00746933) or      s2, s0, t2
core   0: 1 0x00000000800042ec (0x00746933) x18 0xffffffff80004014
core   0: 0x00000000800042f0 (0x00c2853b) addw    a0, t0, a2
core   0: 1 0x00000000800042f0 (0x00c2853b) x10 0xffffffffc92f62bd
core   0: 0x00000000800042f4 (0x0015d233) srl     tp, a1, ra
core   0: 1 0x00000000800042f4 (0x0015d233) x4  0x0000000000000000
core   0: 0x00000000800042f8 (0x001e1773) csrrw   a4, fflags, t3
core   0: 1 0x00000000800042f8 (0x001e1773) x14 0x0000000000000011 c1_fflags 0x0000000000000000
core   0: 0x00000000800042fc (0x5a0ff8d3) fsqrt.d fa7, ft11
core   0: 1 0x00000000800042fc (0x5a0ff8d3) f17 0x7ff8000000000000
core   0: 0x0000000080004300 (0x03588833) mul     a6, a7, s5
core   0: 1 0x0000000080004300 (0x03588833) x16 0x0000000000000000
core   0: 0x0000000080004304 (0x7ff47d93) andi    s11, s0, 2047
core   0: 1 0x0000000080004304 (0x7ff47d93) x27 0x0000000000000014
core   0: 0x0000000080004308 (0x3d714393) xori    t2, sp, 983
core   0: 1 0x0000000080004308 (0x3d714393) x7  0x00000000000003d7
core   0: 0x000000008000430c (0xb31aff4b) fnmsub.d ft10, fs5, fa7, fs6
core   0: 1 0x000000008000430c (0xb31aff4b) f30 0x7ff8000000000000
core   0: 0x0000000080004310 (0x0358083b) mulw    a6, a6, s5
core   0: 1 0x0000000080004310 (0x0358083b) x16 0x0000000000000000
core   0: 0x0000000080004314 (0x5a0ef2d3) fsqrt.d ft5, ft9
core   0: 1 0x0000000080004314 (0x5a0ef2d3) f5  0x7ff8000000000000
core   0: 0x0000000080004318 (0x001a8113) addi    sp, s5, 1
core   0: 1 0x0000000080004318 (0x001a8113) x2  0x0000000000000001
core   0: 0x000000008000431c (0x1206f0d3) fmul.d  ft1, fa3, ft0
core   0: 1 0x000000008000431c (0x1206f0d3) f1  0x0000000000000000
core   0: 0x0000000080004320 (0x02eae73b) remw    a4, s5, a4
core   0: 1 0x0000000080004320 (0x02eae73b) x14 0x0000000000000000
core   0: 0x0000000080004324 (0xd024f953) fcvt.s.l fs2, s1
core   0: 1 0x0000000080004324 (0xd024f953) f18 0xffffffff00000000
core   0: 0x0000000080004328 (0x02e8e33b) remw    t1, a7, a4
core   0: 1 0x0000000080004328 (0x02e8e33b) x6  0xfffffffff3f01000
core   0: 0x000000008000432c (0x00000001) c.nop
core   0: 1 0x000000008000432c (0x0001)
core   0: 0x000000008000432e (0x40015e93) srai    t4, sp, 0
core   0: 1 0x000000008000432e (0x40015e93) x29 0x0000000000000001
core   0: 0x0000000080004332 (0xc2007bd3) fcvt.w.d s7, ft0
core   0: 1 0x0000000080004332 (0xc2007bd3) x23 0x0000000000000011
core   0: 0x0000000080004336 (0xd231f853) fcvt.d.lu fa6, gp
core   0: 1 0x0000000080004336 (0xd231f853) f16 0x0000000000000000
core   0: 0x000000008000433a (0xc22070d3) fcvt.l.d ra, ft0
core   0: 1 0x000000008000433a (0xc22070d3) x1  0x0000000000000011
core   0: 0x000000008000433e (0x01fabeb7) lui     t4, 0x1fab
core   0: 1 0x000000008000433e (0x01fabeb7) x29 0x0000000001fab000
core   0: 0x0000000080004342 (0x0ade8e9b) addiw   t4, t4, 173
core   0: 1 0x0000000080004342 (0x0ade8e9b) x29 0x0000000001fab0ad
core   0: 0x0000000080004346 (0x00000eb6) c.slli  t4, 13
core   0: 1 0x0000000080004346 (0x0eb6) x29 0x0000003f5615a000
core   0: 0x0000000080004348 (0x53de8e93) addi    t4, t4, 1341
core   0: 1 0x0000000080004348 (0x53de8e93) x29 0x0000003f5615a53d
core   0: 0x000000008000434c (0x00002701) c.addiw a4, 0
core   0: 1 0x000000008000434c (0x2701) x14 0x0000000000000000
core   0: 0x000000008000434e (0x01bb9b9b) slliw   s7, s7, 27
core   0: 1 0x000000008000434e (0x01bb9b9b) x23 0xffffffff88000000
core   0: 0x0000000080004352 (0x01de6cb3) or      s9, t3, t4
core   0: 1 0x0000000080004352 (0x01de6cb3) x25 0x0000003f5615a53d
core   0: 0x0000000080004356 (0x0000851e) c.mv    a0, t2
core   0: 1 0x0000000080004356 (0x851e) x10 0x00000000000003d7
core   0: 0x0000000080004358 (0xf11a9af3) csrrw   s5, mvendorid, s5
core   0: exception trap_illegal_instruction, epc 0x0000000080004358
core   0:           tval 0x00000000f11a9af3
core   0: >>>>  $xrv64i2p1_m2p0_a2p1_f2p2_d2p2_zicsr2p0_zifencei2p0_zmmul1p0_zba1p0_zbb1p0_zbc1p0_zbs1p0
core   0: 0x0000000080004000 (0x0080006f) j       pc + 0x8
core   0: 3 0x0000000080004000 (0x0080006f)
core   0: >>>>  mmode_exception_handler
core   0: 0x0000000080004008 (0x00002c17) auipc   s8, 0x2
core   0: 3 0x0000000080004008 (0x00002c17) x24 0x0000000080006008
core   0: 0x000000008000400c (0xfecc0c13) addi    s8, s8, -20
core   0: 3 0x000000008000400c (0xfecc0c13) x24 0x0000000080005ff4
core   0: 0x0000000080004010 (0x000c00e7) jalr    s8
core   0: 3 0x0000000080004010 (0x000c00e7) x1  0x0000000080004014
core   0: >>>>  any_handler
core   0: 0x0000000080005ff4 (0x341027f3) csrrs   a5, mepc, zero
core   0: 3 0x0000000080005ff4 (0x341027f3) x15 0x0000000080004358
core   0: 0x0000000080005ff8 (0x34202773) csrrs   a4, mcause, zero
core   0: 3 0x0000000080005ff8 (0x34202773) x14 0x0000000000000002
core   0: 0x0000000080005ffc (0x142026f3) csrrs   a3, scause, zero
core   0: 3 0x0000000080005ffc (0x142026f3) x13 0x0000000000000000
core   0: 0x0000000080006000 (0x30402673) csrrs   a2, mie, zero
core   0: 3 0x0000000080006000 (0x30402673) x12 0x0000000000000a00
core   0: 0x0000000080006004 (0x344025f3) csrrs   a1, mip, zero
core   0: 3 0x0000000080006004 (0x344025f3) x11 0x0000000000000080
core   0: 0x0000000080006008 (0x343025f3) csrrs   a1, mtval, zero
core   0: 3 0x0000000080006008 (0x343025f3) x11 0x00000000f11a9af3
core   0: 0x000000008000600c (0x14302573) csrrs   a0, stval, zero
core   0: 3 0x000000008000600c (0x14302573) x10 0x0000000000000000
core   0: 0x0000000080006010 (0xb02024f3) csrrs   s1, minstret, zero
core   0: 3 0x0000000080006010 (0xb02024f3) x9  0x00000000000008a9
core   0: 0x0000000080006014 (0x0000a811) c.j     pc + 20
core   0: 3 0x0000000080006014 (0xa811)
core   0: >>>>  mepc_4
core   0: 0x0000000080006028 (0x00000791) c.addi  a5, 4
core   0: 3 0x0000000080006028 (0x0791) x15 0x000000008000435c
core   0: 0x000000008000602a (0x34179073) csrrw   zero, mepc, a5
core   0: 3 0x000000008000602a (0x34179073) c833_mepc 0x000000008000435c
core   0: 0x000000008000602e (0x30200073) mret
core   0: 3 0x000000008000602e (0x30200073) c768_mstatus 0x8000000a00106080
core   0: 0x000000008000435c (0xc0207753) fcvt.l.s a4, ft0
core   0: 1 0x000000008000435c (0xc0207753) c1_fflags 0x0000000000000010 x14 0x7fffffffffffffff
core   0: 0x0000000080004360 (0x401c7453) fcvt.s.d fs0, fs8
core   0: 1 0x0000000080004360 (0x401c7453) f8  0xffffffff7fc00000
core   0: 0x0000000080004364 (0xe8fbb693) sltiu   a3, s7, -369
core   0: 1 0x0000000080004364 (0xe8fbb693) x13 0x0000000000000001
core   0: 0x0000000080004368 (0x2a7393d3) fmax.d  ft7, ft7, ft7
core   0: 1 0x0000000080004368 (0x2a7393d3) f7  0x41e0001eb4c00000
core   0: 0x000000008000436c (0x1a73fe53) fdiv.d  ft8, ft7, ft7
core   0: 1 0x000000008000436c (0x1a73fe53) f28 0x3ff0000000000000
core   0: 0x0000000080004370 (0x0ff0000f) fence   iorw,iorw
core   0: 1 0x0000000080004370 (0x0ff0000f)
core   0: 0x0000000080004374 (0xc4cbc293) xori    t0, s7, -948
core   0: 1 0x0000000080004374 (0xc4cbc293) x5  0x0000000077fffc4c
core   0: 0x0000000080004378 (0x4a37f1cb) fnmsub.d ft3, fa5, ft3, fs1
core   0: 1 0x0000000080004378 (0x4a37f1cb) f3  0x7ff8000000000000
core   0: 0x000000008000437c (0x41218a33) sub     s4, gp, s2
core   0: 1 0x000000008000437c (0x41218a33) x20 0x000000007fffbfec
core   0: 0x0000000080004380 (0x0270e73b) remw    a4, ra, t2
core   0: 1 0x0000000080004380 (0x0270e73b) x14 0xfffffffffffffdef
core   0: 0x0000000080004384 (0x0107e933) or      s2, a5, a6
core   0: 1 0x0000000080004384 (0x0107e933) x18 0x000000008000435c
core   0: 0x0000000080004388 (0x63f4f64b) fnmsub.d fa2, fs1, ft11, fa2
core   0: 1 0x0000000080004388 (0x63f4f64b) f12 0x7ff8000000000000
core   0: 0x000000008000438c (0x430b9b17) auipc   s6, 0x430b9
core   0: 1 0x000000008000438c (0x430b9b17) x22 0x00000000c30bd38c
core   0: 0x0000000080004390 (0x002b1673) csrrw   a2, frm, s6
core   0: 1 0x0000000080004390 (0x002b1673) x12 0x0000000000000000 c2_frm 0x0000000000000004
core   0: 0x0000000080004394 (0x22c60053) fsgnj.d ft0, fa2, fa2
core   0: 1 0x0000000080004394 (0x22c60053) f0  0x7ff8000000000000
core   0: 0x0000000080004398 (0x00c6d0b3) srl     ra, a3, a2
core   0: 1 0x0000000080004398 (0x00c6d0b3) x1  0x0000000000000001
core   0: 0x000000008000439c (0x40107253) fcvt.s.d ft4, ft0
core   0: 1 0x000000008000439c (0x40107253) f4  0xffffffff7fc00000
core   0: 0x00000000800043a0 (0x0110903b) sllw    zero, ra, a7
core   0: 1 0x00000000800043a0 (0x0110903b)
core   0: 0x00000000800043a4 (0x02002cb3) mulhsu  s9, zero, zero
core   0: 1 0x00000000800043a4 (0x02002cb3) x25 0x0000000000000000
core   0: 0x00000000800043a8 (0x01c444b3) xor     s1, s0, t3
core   0: 1 0x00000000800043a8 (0x01c444b3) x9  0xffffffff80004014
core   0: 0x00000000800043ac (0xc2147a53) fcvt.wu.d s4, fs0
core   0: 1 0x00000000800043ac (0xc2147a53) c1_fflags 0x0000000000000010 x20 0xffffffffffffffff
core   0: 0x00000000800043b0 (0x01425c93) srli    s9, tp, 20
core   0: 1 0x00000000800043b0 (0x01425c93) x25 0x0000000000000000
core   0: 0x00000000800043b4 (0x00102273) csrrs   tp, fflags, zero
core   0: 1 0x00000000800043b4 (0x00102273) x4  0x0000000000000010
core   0: 0x00000000800043b8 (0xd229f9d3) fcvt.d.l fs3, s3
core   0: 1 0x00000000800043b8 (0xd229f9d3) f19 0x41dfffffffc00000
core   0: 0x00000000800043bc (0x0135c0b3) xor     ra, a1, s3
core   0: 1 0x00000000800043bc (0x0135c0b3) x1  0x000000008ee5650c
core   0: 0x00000000800043c0 (0x932efccf) fnmadd.d fs9, ft9, fs2, fs2
core   0: 1 0x00000000800043c0 (0x932efccf) f25 0x7ff8000000000000
core   0: 0x00000000800043c4 (0xd21101d3) fcvt.d.wu ft3, sp
core   0: 1 0x00000000800043c4 (0xd21101d3) f3  0x3ff0000000000000
core   0: 0x00000000800043c8 (0x03d9ff53) fadd.d  ft10, fs3, ft9
core   0: 1 0x00000000800043c8 (0x03d9ff53) f30 0x7ff8000000000000
core   0: 0x00000000800043cc (0x00000186) c.slli  gp, 1
core   0: 1 0x00000000800043cc (0x0186) x3  0x0000000000000000
core   0: 0x00000000800043ce (0xfff68893) addi    a7, a3, -1
core   0: 1 0x00000000800043ce (0xfff68893) x17 0x0000000000000000
core   0: 0x00000000800043d2 (0x343b6973) csrrsi  s2, mtval, 22
core   0: exception trap_illegal_instruction, epc 0x00000000800043d2
core   0:           tval 0x00000000343b6973
core   0: >>>>  $xrv64i2p1_m2p0_a2p1_f2p2_d2p2_zicsr2p0_zifencei2p0_zmmul1p0_zba1p0_zbb1p0_zbc1p0_zbs1p0
core   0: 0x0000000080004000 (0x0080006f) j       pc + 0x8
core   0: 3 0x0000000080004000 (0x0080006f)
core   0: >>>>  mmode_exception_handler
core   0: 0x0000000080004008 (0x00002c17) auipc   s8, 0x2
core   0: 3 0x0000000080004008 (0x00002c17) x24 0x0000000080006008
core   0: 0x000000008000400c (0xfecc0c13) addi    s8, s8, -20
core   0: 3 0x000000008000400c (0xfecc0c13) x24 0x0000000080005ff4
core   0: 0x0000000080004010 (0x000c00e7) jalr    s8
core   0: 3 0x0000000080004010 (0x000c00e7) x1  0x0000000080004014
core   0: >>>>  any_handler
core   0: 0x0000000080005ff4 (0x341027f3) csrrs   a5, mepc, zero
core   0: 3 0x0000000080005ff4 (0x341027f3) x15 0x00000000800043d2
core   0: 0x0000000080005ff8 (0x34202773) csrrs   a4, mcause, zero
core   0: 3 0x0000000080005ff8 (0x34202773) x14 0x0000000000000002
core   0: 0x0000000080005ffc (0x142026f3) csrrs   a3, scause, zero
core   0: 3 0x0000000080005ffc (0x142026f3) x13 0x0000000000000000
core   0: 0x0000000080006000 (0x30402673) csrrs   a2, mie, zero
core   0: 3 0x0000000080006000 (0x30402673) x12 0x0000000000000a00
core   0: 0x0000000080006004 (0x344025f3) csrrs   a1, mip, zero
core   0: 3 0x0000000080006004 (0x344025f3) x11 0x0000000000000080
core   0: 0x0000000080006008 (0x343025f3) csrrs   a1, mtval, zero
core   0: 3 0x0000000080006008 (0x343025f3) x11 0x00000000343b6973
core   0: 0x000000008000600c (0x14302573) csrrs   a0, stval, zero
core   0: 3 0x000000008000600c (0x14302573) x10 0x0000000000000000
core   0: 0x0000000080006010 (0xb02024f3) csrrs   s1, minstret, zero
core   0: 3 0x0000000080006010 (0xb02024f3) x9  0x00000000000008d7
core   0: 0x0000000080006014 (0x0000a811) c.j     pc + 20
core   0: 3 0x0000000080006014 (0xa811)
core   0: >>>>  mepc_4
core   0: 0x0000000080006028 (0x00000791) c.addi  a5, 4
core   0: 3 0x0000000080006028 (0x0791) x15 0x00000000800043d6
core   0: 0x000000008000602a (0x34179073) csrrw   zero, mepc, a5
core   0: 3 0x000000008000602a (0x34179073) c833_mepc 0x00000000800043d6
core   0: 0x000000008000602e (0x30200073) mret
core   0: 3 0x000000008000602e (0x30200073) c768_mstatus 0x8000000a00106080
core   0: 0x00000000800043d6 (0x74755ef3) csrrwi  t4, mseccfg, 10
core   0: exception trap_illegal_instruction, epc 0x00000000800043d6
core   0:           tval 0x0000000074755ef3
core   0: >>>>  $xrv64i2p1_m2p0_a2p1_f2p2_d2p2_zicsr2p0_zifencei2p0_zmmul1p0_zba1p0_zbb1p0_zbc1p0_zbs1p0
core   0: 0x0000000080004000 (0x0080006f) j       pc + 0x8
core   0: 3 0x0000000080004000 (0x0080006f)
core   0: >>>>  mmode_exception_handler
core   0: 0x0000000080004008 (0x00002c17) auipc   s8, 0x2
core   0: 3 0x0000000080004008 (0x00002c17) x24 0x0000000080006008
core   0: 0x000000008000400c (0xfecc0c13) addi    s8, s8, -20
core   0: 3 0x000000008000400c (0xfecc0c13) x24 0x0000000080005ff4
core   0: 0x0000000080004010 (0x000c00e7) jalr    s8
core   0: 3 0x0000000080004010 (0x000c00e7) x1  0x0000000080004014
core   0: >>>>  any_handler
core   0: 0x0000000080005ff4 (0x341027f3) csrrs   a5, mepc, zero
core   0: 3 0x0000000080005ff4 (0x341027f3) x15 0x00000000800043d6
core   0: 0x0000000080005ff8 (0x34202773) csrrs   a4, mcause, zero
core   0: 3 0x0000000080005ff8 (0x34202773) x14 0x0000000000000002
core   0: 0x0000000080005ffc (0x142026f3) csrrs   a3, scause, zero
core   0: 3 0x0000000080005ffc (0x142026f3) x13 0x0000000000000000
core   0: 0x0000000080006000 (0x30402673) csrrs   a2, mie, zero
core   0: 3 0x0000000080006000 (0x30402673) x12 0x0000000000000a00
core   0: 0x0000000080006004 (0x344025f3) csrrs   a1, mip, zero
core   0: 3 0x0000000080006004 (0x344025f3) x11 0x0000000000000080
core   0: 0x0000000080006008 (0x343025f3) csrrs   a1, mtval, zero
core   0: 3 0x0000000080006008 (0x343025f3) x11 0x0000000074755ef3
core   0: 0x000000008000600c (0x14302573) csrrs   a0, stval, zero
core   0: 3 0x000000008000600c (0x14302573) x10 0x0000000000000000
core   0: 0x0000000080006010 (0xb02024f3) csrrs   s1, minstret, zero
core   0: 3 0x0000000080006010 (0xb02024f3) x9  0x00000000000008e7
core   0: 0x0000000080006014 (0x0000a811) c.j     pc + 20
core   0: 3 0x0000000080006014 (0xa811)
core   0: >>>>  mepc_4
core   0: 0x0000000080006028 (0x00000791) c.addi  a5, 4
core   0: 3 0x0000000080006028 (0x0791) x15 0x00000000800043da
core   0: 0x000000008000602a (0x34179073) csrrw   zero, mepc, a5
core   0: 3 0x000000008000602a (0x34179073) c833_mepc 0x00000000800043da
core   0: 0x000000008000602e (0x30200073) mret
core   0: 3 0x000000008000602e (0x30200073) c768_mstatus 0x8000000a00106080
core   0: 0x00000000800043da (0x01d40b33) add     s6, s0, t4
core   0: 1 0x00000000800043da (0x01d40b33) x22 0x0000003ed615e551
core   0: 0x00000000800043de (0x002ee033) or      zero, t4, sp
core   0: 1 0x00000000800043de (0x002ee033)
core   0: 0x00000000800043e2 (0x00004a81) c.li    s5, 0
core   0: 1 0x00000000800043e2 (0x4a81) x21 0x0000000000000000
core   0: 0x00000000800043e4 (0x00145433) srl     s0, s0, ra
core   0: 1 0x00000000800043e4 (0x00145433) x8  0x00000ffffffff800
core   0: 0x00000000800043e8 (0x021251b3) divu    gp, tp, ra
core   0: 1 0x00000000800043e8 (0x021251b3) x3  0x0000000000000000
core   0: 0x00000000800043ec (0x003c993b) sllw    s2, s9, gp
core   0: 1 0x00000000800043ec (0x003c993b) x18 0x0000000000000000
core   0: 0x00000000800043f0 (0xc6c2e993) ori     s3, t0, -916
core   0: 1 0x00000000800043f0 (0xc6c2e993) x19 0xfffffffffffffc6c
core   0: 0x00000000800043f4 (0x143e6af3) csrrsi  s5, stval, 28
core   0: 1 0x00000000800043f4 (0x143e6af3) x21 0x0000000000000000 c323_stval 0x000000000000001c
core   0: 0x00000000800043f8 (0x0368d4b3) divu    s1, a7, s6
core   0: 1 0x00000000800043f8 (0x0368d4b3) x9  0x0000000000000000
core   0: 0x00000000800043fc (0x00a502b3) add     t0, a0, a0
core   0: 1 0x00000000800043fc (0x00a502b3) x5  0x0000000000000000
core   0: 0x0000000080004400 (0xd022f353) fcvt.s.l ft6, t0
core   0: 1 0x0000000080004400 (0xd022f353) f6  0xffffffff00000000
core   0: 0x0000000080004404 (0x00090a9b) sext.w  s5, s2
core   0: 1 0x0000000080004404 (0x00090a9b) x21 0x0000000000000000
core   0: 0x0000000080004408 (0x005b5b13) srli    s6, s6, 5
core   0: 1 0x0000000080004408 (0x005b5b13) x22 0x00000001f6b0af2a
core   0: 0x000000008000440c (0x002c833b) addw    t1, s9, sp
core   0: 1 0x000000008000440c (0x002c833b) x6  0x0000000000000001
core   0: 0x0000000080004410 (0xd238fd53) fcvt.d.lu fs10, a7
core   0: 1 0x0000000080004410 (0xd238fd53) f26 0x0000000000000000
core   0: 0x0000000080004414 (0x22d316d3) fsgnjn.d fa3, ft6, fa3
core   0: 1 0x0000000080004414 (0x22d316d3) f13 0xffffffff00000000
core   0: 0x0000000080004418 (0x00d695b3) sll     a1, a3, a3
core   0: 1 0x0000000080004418 (0x00d695b3) x11 0x0000000000000000
core   0: 0x000000008000441c (0x03f59213) slli    tp, a1, 63
core   0: 1 0x000000008000441c (0x03f59213) x4  0x0000000000000000
core   0: 0x0000000080004420 (0xde937e13) andi    t3, t1, -535
core   0: 1 0x0000000080004420 (0xde937e13) x28 0x0000000000000001
core   0: 0x0000000080004424 (0x022bcbb3) div     s7, s7, sp
core   0: 1 0x0000000080004424 (0x022bcbb3) x23 0xffffffff88000000
core   0: 0x0000000080004428 (0x41ca0a33) sub     s4, s4, t3
core   0: 1 0x0000000080004428 (0x41ca0a33) x20 0xfffffffffffffffe
core   0: 0x000000008000442c (0xf20e0f53) fmv.d.x ft10, t3
core   0: 1 0x000000008000442c (0xf20e0f53) f30 0x0000000000000001
core   0: 0x0000000080004430 (0x40aa0c3b) subw    s8, s4, a0
core   0: 1 0x0000000080004430 (0x40aa0c3b) x24 0xfffffffffffffffe
core   0: 0x0000000080004434 (0x00000001) c.nop
core   0: 1 0x0000000080004434 (0x0001)
core   0: 0x0000000080004436 (0x71527393) andi    t2, tp, 1813
core   0: 1 0x0000000080004436 (0x71527393) x7  0x0000000000000000
core   0: 0x000000008000443a (0x000e0e33) add     t3, t3, zero
core   0: 1 0x000000008000443a (0x000e0e33) x28 0x0000000000000001
core   0: 0x000000008000443e (0xeaa3c113) xori    sp, t2, -342
core   0: 1 0x000000008000443e (0xeaa3c113) x2  0xfffffffffffffeaa
core   0: 0x0000000080004442 (0xc035f253) fcvt.lu.s tp, fa1
core   0: 1 0x0000000080004442 (0xc035f253) c1_fflags 0x0000000000000010 x4  0xffffffffffffffff
core   0: 0x0000000080004446 (0x40b88333) sub     t1, a7, a1
core   0: 1 0x0000000080004446 (0x40b88333) x6  0x0000000000000000
core   0: 0x000000008000444a (0x020b003b) mulw    zero, s6, zero
core   0: 1 0x000000008000444a (0x020b003b)
core   0: 0x000000008000444e (0x40b5d63b) sraw    a2, a1, a1
core   0: 1 0x000000008000444e (0x40b5d63b) x12 0x0000000000000000
core   0: 0x0000000080004452 (0xf2058453) fmv.d.x fs0, a1
core   0: 1 0x0000000080004452 (0xf2058453) f8  0x0000000000000000
core   0: 0x0000000080004456 (0xd22671d3) fcvt.d.l ft3, a2
core   0: 1 0x0000000080004456 (0xd22671d3) f3  0x0000000000000000
core   0: 0x000000008000445a (0x00202a73) csrrs   s4, frm, zero
core   0: 1 0x000000008000445a (0x00202a73) x20 0x0000000000000004
core   0: 0x000000008000445e (0xa3340853) fle.d   a6, fs0, fs3
core   0: 1 0x000000008000445e (0xa3340853) x16 0x0000000000000001
core   0: 0x0000000080004462 (0x03b34733) div     a4, t1, s11
core   0: 1 0x0000000080004462 (0x03b34733) x14 0x0000000000000000
core   0: 0x0000000080004466 (0xf12fee73) csrrsi  t3, marchid, 31
core   0: exception trap_illegal_instruction, epc 0x0000000080004466
core   0:           tval 0x00000000f12fee73
core   0: >>>>  $xrv64i2p1_m2p0_a2p1_f2p2_d2p2_zicsr2p0_zifencei2p0_zmmul1p0_zba1p0_zbb1p0_zbc1p0_zbs1p0
core   0: 0x0000000080004000 (0x0080006f) j       pc + 0x8
core   0: 3 0x0000000080004000 (0x0080006f)
core   0: >>>>  mmode_exception_handler
core   0: 0x0000000080004008 (0x00002c17) auipc   s8, 0x2
core   0: 3 0x0000000080004008 (0x00002c17) x24 0x0000000080006008
core   0: 0x000000008000400c (0xfecc0c13) addi    s8, s8, -20
core   0: 3 0x000000008000400c (0xfecc0c13) x24 0x0000000080005ff4
core   0: 0x0000000080004010 (0x000c00e7) jalr    s8
core   0: 3 0x0000000080004010 (0x000c00e7) x1  0x0000000080004014
core   0: >>>>  any_handler
core   0: 0x0000000080005ff4 (0x341027f3) csrrs   a5, mepc, zero
core   0: 3 0x0000000080005ff4 (0x341027f3) x15 0x0000000080004466
core   0: 0x0000000080005ff8 (0x34202773) csrrs   a4, mcause, zero
core   0: 3 0x0000000080005ff8 (0x34202773) x14 0x0000000000000002
core   0: 0x0000000080005ffc (0x142026f3) csrrs   a3, scause, zero
core   0: 3 0x0000000080005ffc (0x142026f3) x13 0x0000000000000000
core   0: 0x0000000080006000 (0x30402673) csrrs   a2, mie, zero
core   0: 3 0x0000000080006000 (0x30402673) x12 0x0000000000000a00
core   0: 0x0000000080006004 (0x344025f3) csrrs   a1, mip, zero
core   0: 3 0x0000000080006004 (0x344025f3) x11 0x0000000000000080
core   0: 0x0000000080006008 (0x343025f3) csrrs   a1, mtval, zero
core   0: 3 0x0000000080006008 (0x343025f3) x11 0x00000000f12fee73
core   0: 0x000000008000600c (0x14302573) csrrs   a0, stval, zero
core   0: 3 0x000000008000600c (0x14302573) x10 0x000000000000001c
core   0: 0x0000000080006010 (0xb02024f3) csrrs   s1, minstret, zero
core   0: 3 0x0000000080006010 (0xb02024f3) x9  0x000000000000091b
core   0: 0x0000000080006014 (0x0000a811) c.j     pc + 20
core   0: 3 0x0000000080006014 (0xa811)
core   0: >>>>  mepc_4
core   0: 0x0000000080006028 (0x00000791) c.addi  a5, 4
core   0: 3 0x0000000080006028 (0x0791) x15 0x000000008000446a
core   0: 0x000000008000602a (0x34179073) csrrw   zero, mepc, a5
core   0: 3 0x000000008000602a (0x34179073) c833_mepc 0x000000008000446a
core   0: 0x000000008000602e (0x30200073) mret
core   0: 3 0x000000008000602e (0x30200073) c768_mstatus 0x8000000a00106080
core   0: 0x000000008000446a (0x0392f2bb) remuw   t0, t0, s9
core   0: 1 0x000000008000446a (0x0392f2bb) x5  0x0000000000000000
core   0: 0x000000008000446e (0x2bb18753) fmin.d  fa4, ft3, fs11
core   0: 1 0x000000008000446e (0x2bb18753) f14 0x0000000000000000
core   0: 0x0000000080004472 (0x018bca33) xor     s4, s7, s8
core   0: 1 0x0000000080004472 (0x018bca33) x20 0xffffffff08005ff4
core   0: 0x0000000080004476 (0xc2077bd3) fcvt.w.d s7, fa4
core   0: 1 0x0000000080004476 (0xc2077bd3) x23 0x0000000000000000
core   0: 0x000000008000447a (0xd03bf153) fcvt.s.lu ft2, s7
core   0: 1 0x000000008000447a (0xd03bf153) f2  0xffffffff00000000
core   0: 0x000000008000447e (0x03155013) srli    zero, a0, 49
core   0: 1 0x000000008000447e (0x03155013)
core   0: 0x0000000080004482 (0xd20c8e53) fcvt.d.w ft8, s9
core   0: 1 0x0000000080004482 (0xd20c8e53) f28 0x0000000000000000
core   0: 0x0000000080004486 (0x22e388d3) fsgnj.d fa7, ft7, fa4
core   0: 1 0x0000000080004486 (0x22e388d3) f17 0x41e0001eb4c00000
core   0: 0x000000008000448a (0x02fa6a3b) remw    s4, s4, a5
core   0: 1 0x000000008000448a (0x02fa6a3b) x20 0x0000000008005ff4
core   0: 0x000000008000448e (0xd0287a53) fcvt.s.l fs4, a6
core   0: 1 0x000000008000448e (0xd0287a53) f20 0xffffffff3f800000
core   0: 0x0000000080004492 (0x0270e53b) remw    a0, ra, t2
core   0: 1 0x0000000080004492 (0x0270e53b) x10 0xffffffff80004014
core   0: 0x0000000080004496 (0x00a38ab3) add     s5, t2, a0
core   0: 1 0x0000000080004496 (0x00a38ab3) x21 0xffffffff80004014
core   0: 0x000000008000449a (0x03adbc33) mulhu   s8, s11, s10
core   0: 1 0x000000008000449a (0x03adbc33) x24 0x0000000000000013
core   0: 0x000000008000449e (0x0005161b) slliw   a2, a0, 0
core   0: 1 0x000000008000449e (0x0005161b) x12 0xffffffff80004014
core   0: 0x00000000800044a2 (0x005c7833) and     a6, s8, t0
core   0: 1 0x00000000800044a2 (0x005c7833) x16 0x0000000000000000
core   0: 0x00000000800044a6 (0x0020d8b3) srl     a7, ra, sp
core   0: 1 0x00000000800044a6 (0x0020d8b3) x17 0x0000000000000000
core   0: 0x00000000800044aa (0xd20005d3) fcvt.d.w fa1, zero
core   0: 1 0x00000000800044aa (0xd20005d3) f11 0x0000000000000000
core   0: 0x00000000800044ae (0x002170b7) lui     ra, 0x217
core   0: 1 0x00000000800044ae (0x002170b7) x1  0x0000000000217000
core   0: 0x00000000800044b2 (0xa570809b) addiw   ra, ra, -1449
core   0: 1 0x00000000800044b2 (0xa570809b) x1  0x0000000000216a57
core   0: 0x00000000800044b6 (0x000000be) c.slli  ra, 15
core   0: 1 0x00000000800044b6 (0x00be) x1  0x00000010b52b8000
core   0: 0x00000000800044b8 (0x2cf08093) addi    ra, ra, 719
core   0: 1 0x00000000800044b8 (0x2cf08093) x1  0x00000010b52b82cf
core   0: 0x00000000800044bc (0xdcc06913) ori     s2, zero, -564
core   0: 1 0x00000000800044bc (0xdcc06913) x18 0xfffffffffffffdcc
core   0: 0x00000000800044c0 (0xc6ce6793) ori     a5, t3, -916
core   0: 1 0x00000000800044c0 (0xc6ce6793) x15 0xfffffffffffffc6d
core   0: 0x00000000800044c4 (0x00161373) csrrw   t1, fflags, a2
core   0: 1 0x00000000800044c4 (0x00161373) x6  0x0000000000000010 c1_fflags 0x0000000000000014
core   0: 0x00000000800044c8 (0xd02679d3) fcvt.s.l fs3, a2
core   0: 1 0x00000000800044c8 (0xd02679d3) c1_fflags 0x0000000000000015 f19 0xffffffffceffff80
core   0: 0x00000000800044cc (0xa3a003d3) fle.d   t2, ft0, fs10
core   0: 1 0x00000000800044cc (0xa3a003d3) c1_fflags 0x0000000000000015 x7  0x0000000000000000
core   0: 0x00000000800044d0 (0xd20185d3) fcvt.d.w fa1, gp
core   0: 1 0x00000000800044d0 (0xd20185d3) f11 0x0000000000000000
core   0: 0x00000000800044d4 (0x027649b3) div     s3, a2, t2
core   0: 1 0x00000000800044d4 (0x027649b3) x19 0xffffffffffffffff
core   0: 0x00000000800044d8 (0x00000001) c.nop
core   0: 1 0x00000000800044d8 (0x0001)
core   0: 0x00000000800044da (0x4018f553) fcvt.s.d fa0, fa7
core   0: 1 0x00000000800044da (0x4018f553) c1_fflags 0x0000000000000015 f10 0xffffffff4f0000f6
core   0: 0x00000000800044de (0x40948a33) sub     s4, s1, s1
core   0: 1 0x00000000800044de (0x40948a33) x20 0x0000000000000000
core   0: 0x00000000800044e2 (0x736710b7) lui     ra, 0x73671
core   0: 1 0x00000000800044e2 (0x736710b7) x1  0x0000000073671000
core   0: 0x00000000800044e6 (0x13987ed3) fmul.d  ft9, fa6, fs9
core   0: 1 0x00000000800044e6 (0x13987ed3) f29 0x7ff8000000000000
core   0: 0x00000000800044ea (0xc20874d3) fcvt.w.d s1, fa6
core   0: 1 0x00000000800044ea (0xc20874d3) x9  0x0000000000000000
core   0: 0x00000000800044ee (0x006a62b3) or      t0, s4, t1
core   0: 1 0x00000000800044ee (0x006a62b3) x5  0x0000000000000010
core   0: 0x00000000800044f2 (0x002a1d73) csrrw   s10, frm, s4
core   0: 1 0x00000000800044f2 (0x002a1d73) x26 0x0000000000000004 c2_frm 0x0000000000000000
core   0: 0x00000000800044f6 (0xf3dc5597) auipc   a1, 0xf3dc5
core   0: 1 0x00000000800044f6 (0xf3dc5597) x11 0x0000000073dc94f6
core   0: 0x00000000800044fa (0xc21bfe53) fcvt.wu.d t3, fs7
core   0: 1 0x00000000800044fa (0xc21bfe53) c1_fflags 0x0000000000000015 x28 0xffffffffffffffff
core   0: 0x00000000800044fe (0x00125513) srli    a0, tp, 1
core   0: 1 0x00000000800044fe (0x00125513) x10 0x7fffffffffffffff
core   0: 0x0000000080004502 (0x4013db93) srai    s7, t2, 1
core   0: 1 0x0000000080004502 (0x4013db93) x23 0x0000000000000000
core   0: 0x0000000080004506 (0x2a8406d3) fmin.d  fa3, fs0, fs0
core   0: 1 0x0000000080004506 (0x2a8406d3) f13 0x0000000000000000
core   0: 0x000000008000450a (0x03bbfdb3) remu    s11, s7, s11
core   0: 1 0x000000008000450a (0x03bbfdb3) x27 0x0000000000000000
core   0: 0x000000008000450e (0x41d30bb3) sub     s7, t1, t4
core   0: 1 0x000000008000450e (0x41d30bb3) x23 0xffffffc0a9ea5ad3
core   0: 0x0000000080004512 (0x00000001) c.nop
core   0: 1 0x0000000080004512 (0x0001)
core   0: 0x0000000080004514 (0x03bee633) rem     a2, t4, s11
core   0: 1 0x0000000080004514 (0x03bee633) x12 0x0000003f5615a53d
core   0: 0x0000000080004518 (0x19a0b517) auipc   a0, 0x19a0b
core   0: 1 0x0000000080004518 (0x19a0b517) x10 0x0000000099a0f518
core   0: 0x000000008000451c (0x02c16233) rem     tp, sp, a2
core   0: 1 0x000000008000451c (0x02c16233) x4  0xfffffffffffffeaa
core   0: 0x0000000080004520 (0x40025813) srai    a6, tp, 0
core   0: 1 0x0000000080004520 (0x40025813) x16 0xfffffffffffffeaa
core   0: 0x0000000080004524 (0x401d7a53) fcvt.s.d fs4, fs10
core   0: 1 0x0000000080004524 (0x401d7a53) f20 0xffffffff00000000
core   0: 0x0000000080004528 (0x018c593b) srlw    s2, s8, s8
core   0: 1 0x0000000080004528 (0x018c593b) x18 0x0000000000000000
core   0: 0x000000008000452c (0x012417bb) sllw    a5, s0, s2
core   0: 1 0x000000008000452c (0x012417bb) x15 0xfffffffffffff800
core   0: 0x0000000080004530 (0x0007a533) slt     a0, a5, zero
core   0: 1 0x0000000080004530 (0x0007a533) x10 0x0000000000000001
core   0: 0x0000000080004534 (0xa28c0bd3) fle.d   s7, fs8, fs0
core   0: 1 0x0000000080004534 (0xa28c0bd3) c1_fflags 0x0000000000000015 x23 0x0000000000000000
core   0: 0x0000000080004538 (0x1b4a7253) fdiv.d  ft4, fs4, fs4
core   0: 1 0x0000000080004538 (0x1b4a7253) f4  0x7ff8000000000000
core   0: 0x000000008000453c (0x2ab27547) fmsub.d fa0, ft4, fa1, ft5
core   0: 1 0x000000008000453c (0x2ab27547) f10 0x7ff8000000000000
core   0: 0x0000000080004540 (0xa21083d3) fle.d   t2, ft1, ft1
core   0: 1 0x0000000080004540 (0xa21083d3) x7  0x0000000000000001
core   0: 0x0000000080004544 (0x00a39abb) sllw    s5, t2, a0
core   0: 1 0x0000000080004544 (0x00a39abb) x21 0x0000000000000002
core   0: 0x0000000080004548 (0x029cd633) divu    a2, s9, s1
core   0: 1 0x0000000080004548 (0x029cd633) x12 0xffffffffffffffff
core   0: 0x000000008000454c (0x002c1273) csrrw   tp, frm, s8
core   0: 1 0x000000008000454c (0x002c1273) x4  0x0000000000000000 c2_frm 0x0000000000000003
core   0: 0x0000000080004550 (0x0ff0000f) fence   iorw,iorw
core   0: 1 0x0000000080004550 (0x0ff0000f)
core   0: 0x0000000080004554 (0x2b581c53) fmax.d  fs8, fa6, fs5
core   0: 1 0x0000000080004554 (0x2b581c53) f24 0x0000000000000000
core   0: 0x0000000080004558 (0x23ed0553) fsgnj.d fa0, fs10, ft10
core   0: 1 0x0000000080004558 (0x23ed0553) f10 0x0000000000000000
core   0: 0x000000008000455c (0xc20f77d3) fcvt.w.d a5, ft10
core   0: 1 0x000000008000455c (0xc20f77d3) c1_fflags 0x0000000000000015 x15 0x0000000000000001
core   0: 0x0000000080004560 (0x2aae0e53) fmin.d  ft8, ft8, fa0
core   0: 1 0x0000000080004560 (0x2aae0e53) f28 0x0000000000000000
core   0: 0x0000000080004564 (0x0ff0000f) fence   iorw,iorw
core   0: 1 0x0000000080004564 (0x0ff0000f)
core   0: 0x0000000080004568 (0x420282d3) fcvt.d.s ft5, ft5
core   0: 1 0x0000000080004568 (0x420282d3) f5  0x7ff8000000000000
core   0: 0x000000008000456c (0x02d856b3) divu    a3, a6, a3
core   0: 1 0x000000008000456c (0x02d856b3) x13 0xffffffffffffffff
core   0: 0x0000000080004570 (0x02ac6e33) rem     t3, s8, a0
core   0: 1 0x0000000080004570 (0x02ac6e33) x28 0x0000000000000000
core   0: 0x0000000080004574 (0xd036f553) fcvt.s.lu fa0, a3
core   0: 1 0x0000000080004574 (0xd036f553) c1_fflags 0x0000000000000015 f10 0xffffffff5f800000
core   0: 0x0000000080004578 (0x013e7db3) and     s11, t3, s3
core   0: 1 0x0000000080004578 (0x013e7db3) x27 0x0000000000000000
core   0: 0x000000008000457c (0x22a70a53) fsgnj.d fs4, fa4, fa0
core   0: 1 0x000000008000457c (0x22a70a53) f20 0x8000000000000000
core   0: 0x0000000080004580 (0x00015d13) srli    s10, sp, 0
core   0: 1 0x0000000080004580 (0x00015d13) x26 0xfffffffffffffeaa
core   0: 0x0000000080004584 (0xc03a74d3) fcvt.lu.s s1, fs4
core   0: 1 0x0000000080004584 (0xc03a74d3) c1_fflags 0x0000000000000015 x9  0xffffffffffffffff
core   0: 0x0000000080004588 (0xab802e97) auipc   t4, 0xab802
core   0: 1 0x0000000080004588 (0xab802e97) x29 0x000000002b806588
core   0: 0x000000008000458c (0x00e9199b) slliw   s3, s2, 14
core   0: 1 0x000000008000458c (0x00e9199b) x19 0x0000000000000000
core   0: 0x0000000080004590 (0x033926b3) mulhsu  a3, s2, s3
core   0: 1 0x0000000080004590 (0x033926b3) x13 0x0000000000000000
core   0: 0x0000000080004594 (0x00000442) c.slli  s0, 16
core   0: 1 0x0000000080004594 (0x0442) x8  0x0ffffffff8000000
core   0: 0x0000000080004596 (0x02e0753b) remuw   a0, zero, a4
core   0: 1 0x0000000080004596 (0x02e0753b) x10 0x0000000000000000
core   0: 0x000000008000459a (0x2b091853) fmax.d  fa6, fs2, fa6
core   0: 1 0x000000008000459a (0x2b091853) f16 0x0000000000000000
core   0: 0x000000008000459e (0x00081393) slli    t2, a6, 0
core   0: 1 0x000000008000459e (0x00081393) x7  0xfffffffffffffeaa
core   0: 0x00000000800045a2 (0x00000001) c.nop
core   0: 1 0x00000000800045a2 (0x0001)
core   0: 0x00000000800045a4 (0x417585b3) sub     a1, a1, s7
core   0: 1 0x00000000800045a4 (0x417585b3) x11 0x0000000073dc94f6
core   0: 0x00000000800045a8 (0x01bde8b3) or      a7, s11, s11
core   0: 1 0x00000000800045a8 (0x01bde8b3) x17 0x0000000000000000
core   0: 0x00000000800045ac (0x000b59b3) srl     s3, s6, zero
core   0: 1 0x00000000800045ac (0x000b59b3) x19 0x00000001f6b0af2a
core   0: 0x00000000800045b0 (0x00281c73) csrrw   s8, frm, a6
core   0: 1 0x00000000800045b0 (0x00281c73) x24 0x0000000000000003 c2_frm 0x0000000000000002
core   0: 0x00000000800045b4 (0xe20800d3) fmv.x.d ra, fa6
core   0: 1 0x00000000800045b4 (0xe20800d3) x1  0x0000000000000000
core   0: 0x00000000800045b8 (0x417586b3) sub     a3, a1, s7
core   0: 1 0x00000000800045b8 (0x417586b3) x13 0x0000000073dc94f6
core   0: 0x00000000800045bc (0x0324093b) mulw    s2, s0, s2
core   0: 1 0x00000000800045bc (0x0324093b) x18 0x0000000000000000
core   0: 0x00000000800045c0 (0xc02975d3) fcvt.l.s a1, fs2
core   0: 1 0x00000000800045c0 (0xc02975d3) x11 0x0000000000000000
core   0: 0x00000000800045c4 (0x7ff94e93) xori    t4, s2, 2047
core   0: 1 0x00000000800045c4 (0x7ff94e93) x29 0x00000000000007ff
core   0: 0x00000000800045c8 (0x0016d31b) srliw   t1, a3, 1
core   0: 1 0x00000000800045c8 (0x0016d31b) x6  0x0000000039ee4a7b
core   0: 0x00000000800045cc (0xc3027d43) fmadd.d fs10, ft4, fa6, fs8
core   0: 1 0x00000000800045cc (0xc3027d43) f26 0x7ff8000000000000
core   0: 0x00000000800045d0 (0x14331273) csrrw   tp, stval, t1
core   0: 1 0x00000000800045d0 (0x14331273) x4  0x000000000000001c c323_stval 0x0000000039ee4a7b
core   0: 0x00000000800045d4 (0x009480b3) add     ra, s1, s1
core   0: 1 0x00000000800045d4 (0x009480b3) x1  0xfffffffffffffffe
core   0: 0x00000000800045d8 (0x000d1c93) slli    s9, s10, 0
core   0: 1 0x00000000800045d8 (0x000d1c93) x25 0xfffffffffffffeaa
core   0: 0x00000000800045dc (0xc0227253) fcvt.l.s tp, ft4
core   0: 1 0x00000000800045dc (0xc0227253) c1_fflags 0x0000000000000015 x4  0x7fffffffffffffff
core   0: 0x00000000800045e0 (0x52abf04f) fnmadd.d ft0, fs7, fa0, fa0
core   0: 1 0x00000000800045e0 (0x52abf04f) f0  0x7ff8000000000000
core   0: 0x00000000800045e4 (0x800a039b) addiw   t2, s4, -2048
core   0: 1 0x00000000800045e4 (0x800a039b) x7  0xfffffffffffff800
core   0: 0x00000000800045e8 (0x00000001) c.nop
core   0: 1 0x00000000800045e8 (0x0001)
core   0: 0x00000000800045ea (0xc2007ed3) fcvt.w.d t4, ft0
core   0: 1 0x00000000800045ea (0xc2007ed3) c1_fflags 0x0000000000000015 x29 0x000000007fffffff
core   0: 0x00000000800045ee (0x027ef3d3) fadd.d  ft7, ft9, ft7
core   0: 1 0x00000000800045ee (0x027ef3d3) f7  0x7ff8000000000000
core   0: 0x00000000800045f2 (0xc02ef8d3) fcvt.l.s a7, ft9
core   0: 1 0x00000000800045f2 (0xc02ef8d3) c1_fflags 0x0000000000000015 x17 0x7fffffffffffffff
core   0: 0x00000000800045f6 (0x0368db3b) divuw   s6, a7, s6
core   0: 1 0x00000000800045f6 (0x0368db3b) x22 0x0000000000000001
core   0: 0x00000000800045fa (0x0ff0000f) fence   iorw,iorw
core   0: 1 0x00000000800045fa (0x0ff0000f)
core   0: 0x00000000800045fe (0x40fc543b) sraw    s0, s8, a5
core   0: 1 0x00000000800045fe (0x40fc543b) x8  0x0000000000000001
core   0: 0x0000000080004602 (0xd301764f) fnmadd.d fa2, ft2, fa6, fs10
core   0: 1 0x0000000080004602 (0xd301764f) f12 0x7ff8000000000000
core   0: 0x0000000080004606 (0x02fbd593) srli    a1, s7, 47
core   0: 1 0x0000000080004606 (0x02fbd593) x11 0x0000000000000000
core   0: 0x000000008000460a (0x013c1abb) sllw    s5, s8, s3
core   0: 1 0x000000008000460a (0x013c1abb) x21 0x0000000000000c00
core   0: 0x000000008000460e (0x022cf4bb) remuw   s1, s9, sp
core   0: 1 0x000000008000460e (0x022cf4bb) x9  0x0000000000000000
core   0: 0x0000000080004612 (0x022876b3) remu    a3, a6, sp
core   0: 1 0x0000000080004612 (0x022876b3) x13 0x0000000000000000
core   0: 0x0000000080004616 (0x4102dab3) sra     s5, t0, a6
core   0: 1 0x0000000080004616 (0x4102dab3) x21 0x0000000000000000
core   0: 0x000000008000461a (0xf20a84d3) fmv.d.x fs1, s5
core   0: 1 0x000000008000461a (0xf20a84d3) f9  0x0000000000000000
core   0: 0x000000008000461e (0x47ba8913) addi    s2, s5, 1147
core   0: 1 0x000000008000461e (0x47ba8913) x18 0x000000000000047b
core   0: 0x0000000080004622 (0x40db5b1b) sraiw   s6, s6, 13
core   0: 1 0x0000000080004622 (0x40db5b1b) x22 0x0000000000000000
core   0: 0x0000000080004626 (0x2a0802d3) fmin.d  ft5, fa6, ft0
core   0: 1 0x0000000080004626 (0x2a0802d3) f5  0x0000000000000000
core   0: 0x000000008000462a (0x0102da3b) srlw    s4, t0, a6
core   0: 1 0x000000008000462a (0x0102da3b) x20 0x0000000000000000
core   0: 0x000000008000462e (0xd84e0e1b) addiw   t3, t3, -636
core   0: 1 0x000000008000462e (0xd84e0e1b) x28 0xfffffffffffffd84
core   0: 0x0000000080004632 (0x0ff0000f) fence   iorw,iorw
core   0: 1 0x0000000080004632 (0x0ff0000f)
core   0: 0x0000000080004636 (0xdbb0fecf) fnmadd.d ft9, ft1, fs11, fs11
core   0: 1 0x0000000080004636 (0xdbb0fecf) f29 0x8000000000000000
core   0: 0x000000008000463a (0xd23e79d3) fcvt.d.lu fs3, t3
core   0: 1 0x000000008000463a (0xd23e79d3) c1_fflags 0x0000000000000015 f19 0x43efffffffffffff
core   0: 0x000000008000463e (0x008d9bb3) sll     s7, s11, s0
core   0: 1 0x000000008000463e (0x008d9bb3) x23 0x0000000000000000
core   0: 0x0000000080004642 (0xd028f9d3) fcvt.s.l fs3, a7
core   0: 1 0x0000000080004642 (0xd028f9d3) c1_fflags 0x0000000000000015 f19 0xffffffff5effffff
core   0: 0x0000000080004646 (0x2a499553) fmax.d  fa0, fs3, ft4
core   0: 1 0x0000000080004646 (0x2a499553) f10 0x7ff8000000000000
core   0: 0x000000008000464a (0x411488bb) subw    a7, s1, a7
core   0: 1 0x000000008000464a (0x411488bb) x17 0x0000000000000001
core   0: 0x000000008000464e (0x0113d1bb) srlw    gp, t2, a7
core   0: 1 0x000000008000464e (0x0113d1bb) x3  0x000000007ffffc00
core   0: 0x0000000080004652 (0xc003ae73) csrrs   t3, cycle, t2
core   0: exception trap_illegal_instruction, epc 0x0000000080004652
core   0:           tval 0x00000000c003ae73
core   0: >>>>  $xrv64i2p1_m2p0_a2p1_f2p2_d2p2_zicsr2p0_zifencei2p0_zmmul1p0_zba1p0_zbb1p0_zbc1p0_zbs1p0
core   0: 0x0000000080004000 (0x0080006f) j       pc + 0x8
core   0: 3 0x0000000080004000 (0x0080006f)
core   0: >>>>  mmode_exception_handler
core   0: 0x0000000080004008 (0x00002c17) auipc   s8, 0x2
core   0: 3 0x0000000080004008 (0x00002c17) x24 0x0000000080006008
core   0: 0x000000008000400c (0xfecc0c13) addi    s8, s8, -20
core   0: 3 0x000000008000400c (0xfecc0c13) x24 0x0000000080005ff4
core   0: 0x0000000080004010 (0x000c00e7) jalr    s8
core   0: 3 0x0000000080004010 (0x000c00e7) x1  0x0000000080004014
core   0: >>>>  any_handler
core   0: 0x0000000080005ff4 (0x341027f3) csrrs   a5, mepc, zero
core   0: 3 0x0000000080005ff4 (0x341027f3) x15 0x0000000080004652
core   0: 0x0000000080005ff8 (0x34202773) csrrs   a4, mcause, zero
core   0: 3 0x0000000080005ff8 (0x34202773) x14 0x0000000000000002
core   0: 0x0000000080005ffc (0x142026f3) csrrs   a3, scause, zero
core   0: 3 0x0000000080005ffc (0x142026f3) x13 0x0000000000000000
core   0: 0x0000000080006000 (0x30402673) csrrs   a2, mie, zero
core   0: 3 0x0000000080006000 (0x30402673) x12 0x0000000000000a00
core   0: 0x0000000080006004 (0x344025f3) csrrs   a1, mip, zero
core   0: 3 0x0000000080006004 (0x344025f3) x11 0x0000000000000080
core   0: 0x0000000080006008 (0x343025f3) csrrs   a1, mtval, zero
core   0: 3 0x0000000080006008 (0x343025f3) x11 0x00000000c003ae73
core   0: 0x000000008000600c (0x14302573) csrrs   a0, stval, zero
core   0: 3 0x000000008000600c (0x14302573) x10 0x0000000039ee4a7b
core   0: 0x0000000080006010 (0xb02024f3) csrrs   s1, minstret, zero
core   0: 3 0x0000000080006010 (0xb02024f3) x9  0x00000000000009a8
core   0: 0x0000000080006014 (0x0000a811) c.j     pc + 20
core   0: 3 0x0000000080006014 (0xa811)
core   0: >>>>  mepc_4
core   0: 0x0000000080006028 (0x00000791) c.addi  a5, 4
core   0: 3 0x0000000080006028 (0x0791) x15 0x0000000080004656
core   0: 0x000000008000602a (0x34179073) csrrw   zero, mepc, a5
core   0: 3 0x000000008000602a (0x34179073) c833_mepc 0x0000000080004656
core   0: 0x000000008000602e (0x30200073) mret
core   0: 3 0x000000008000602e (0x30200073) c768_mstatus 0x8000000a00106080
core   0: 0x0000000080004656 (0xfff10a13) addi    s4, sp, -1
core   0: 1 0x0000000080004656 (0xfff10a13) x20 0xfffffffffffffea9
core   0: 0x000000008000465a (0x22ae8bd3) fsgnj.d fs7, ft9, fa0
core   0: 1 0x000000008000465a (0x22ae8bd3) f23 0x0000000000000000
core   0: 0x000000008000465e (0x037ef3d3) fadd.d  ft7, ft9, fs7
core   0: 1 0x000000008000465e (0x037ef3d3) f7  0x8000000000000000
core   0: 0x0000000080004662 (0x41ca569b) sraiw   a3, s4, 28
core   0: 1 0x0000000080004662 (0x41ca569b) x13 0xffffffffffffffff
core   0: 0x0000000080004666 (0x4013fdd3) fcvt.s.d fs11, ft7
core   0: 1 0x0000000080004666 (0x4013fdd3) f27 0xffffffff80000000
core   0: 0x000000008000466a (0x0349a233) mulhsu  tp, s3, s4
core   0: 1 0x000000008000466a (0x0349a233) x4  0x00000001f6b0af29
core   0: 0x000000008000466e (0x000b5e13) srli    t3, s6, 0
core   0: 1 0x000000008000466e (0x000b5e13) x28 0x0000000000000000
core   0: 0x0000000080004672 (0x4fa88b9b) addiw   s7, a7, 1274
core   0: 1 0x0000000080004672 (0x4fa88b9b) x23 0x00000000000004fb
core   0: 0x0000000080004676 (0x415e5d3b) sraw    s10, t3, s5
core   0: 1 0x0000000080004676 (0x415e5d3b) x26 0x0000000000000000
core   0: 0x000000008000467a (0x031d483b) divw    a6, s10, a7
core   0: 1 0x000000008000467a (0x031d483b) x16 0x0000000000000000
core   0: 0x000000008000467e (0x4cec8c9b) addiw   s9, s9, 1230
core   0: 1 0x000000008000467e (0x4cec8c9b) x25 0x0000000000000378
core   0: 0x0000000080004682 (0xa3ac0ad3) fle.d   s5, fs8, fs10
core   0: 1 0x0000000080004682 (0xa3ac0ad3) c1_fflags 0x0000000000000015 x21 0x0000000000000000
core   0: 0x0000000080004686 (0xb364fb4f) fnmadd.d fs6, fs1, fs6, fs6
core   0: 1 0x0000000080004686 (0xb364fb4f) f22 0x7ff8000000000000
core   0: 0x000000008000468a (0x03667653) fadd.d  fa2, fa2, fs6
core   0: 1 0x000000008000468a (0x03667653) f12 0x7ff8000000000000
core   0: 0x000000008000468e (0x0308783b) remuw   a6, a6, a6
core   0: 1 0x000000008000468e (0x0308783b) x16 0x0000000000000000
core   0: 0x0000000080004692 (0x000a9893) slli    a7, s5, 0
core   0: 1 0x0000000080004692 (0x000a9893) x17 0x0000000000000000
core   0: 0x0000000080004696 (0x41240a33) sub     s4, s0, s2
core   0: 1 0x0000000080004696 (0x41240a33) x20 0xfffffffffffffb86
core   0: 0x000000008000469a (0xc0287553) fcvt.l.s a0, fa6
core   0: 1 0x000000008000469a (0xc0287553) c1_fflags 0x0000000000000015 x10 0x7fffffffffffffff
core   0: 0x000000008000469e (0xa3f6fa47) fmsub.d fs4, fa3, ft11, fs4
core   0: 1 0x000000008000469e (0xa3f6fa47) f20 0x7ff8000000000000
core   0: 0x00000000800046a2 (0x4a847dcf) fnmadd.d fs11, fs0, fs0, fs1
core   0: 1 0x00000000800046a2 (0x4a847dcf) f27 0x8000000000000000
core   0: 0x00000000800046a6 (0x00102273) csrrs   tp, fflags, zero
core   0: 1 0x00000000800046a6 (0x00102273) x4  0x0000000000000015
core   0: 0x00000000800046aa (0x0116e8b3) or      a7, a3, a7
core   0: 1 0x00000000800046aa (0x0116e8b3) x17 0xffffffffffffffff
core   0: 0x00000000800046ae (0x00169073) csrrw   zero, fflags, a3
core   0: 1 0x00000000800046ae (0x00169073) c1_fflags 0x000000000000001f
core   0: 0x00000000800046b2 (0x036ff153) fadd.d  ft2, ft11, fs6
core   0: 1 0x00000000800046b2 (0x036ff153) f2  0x7ff8000000000000
core   0: 0x00000000800046b6 (0xc025f053) fcvt.l.s zero, fa1
core   0: 1 0x00000000800046b6 (0xc025f053) c1_fflags 0x000000000000001f
core   0: 0x00000000800046ba (0x02897443) fmadd.d fs0, fs2, fs0, ft0
core   0: 1 0x00000000800046ba (0x02897443) f8  0x7ff8000000000000
core   0: 0x00000000800046be (0x03b58b3b) mulw    s6, a1, s11
core   0: 1 0x00000000800046be (0x03b58b3b) x22 0x0000000000000000
core   0: 0x00000000800046c2 (0x01c8dcbb) srlw    s9, a7, t3
core   0: 1 0x00000000800046c2 (0x01c8dcbb) x25 0xffffffffffffffff
core   0: 0x00000000800046c6 (0xf193ad17) auipc   s10, 0xf193a
core   0: 1 0x00000000800046c6 (0xf193ad17) x26 0x000000007193e6c6
core   0: 0x00000000800046ca (0x001595f3) csrrw   a1, fflags, a1
core   0: 1 0x00000000800046ca (0x001595f3) x11 0x000000000000001f c1_fflags 0x0000000000000013
core   0: 0x00000000800046ce (0x5a0cf253) fsqrt.d ft4, fs9
core   0: 1 0x00000000800046ce (0x5a0cf253) f4  0x7ff8000000000000
core   0: 0x00000000800046d2 (0x00a55633) srl     a2, a0, a0
core   0: 1 0x00000000800046d2 (0x00a55633) x12 0x0000000000000000
core   0: 0x00000000800046d6 (0x0115569b) srliw   a3, a0, 17
core   0: 1 0x00000000800046d6 (0x0115569b) x13 0x0000000000007fff
core   0: 0x00000000800046da (0x79480c17) auipc   s8, 0x79480
core   0: 1 0x00000000800046da (0x79480c17) x24 0x00000000f94846da
core   0: 0x00000000800046de (0xd02e7953) fcvt.s.l fs2, t3
core   0: 1 0x00000000800046de (0xd02e7953) f18 0xffffffff00000000
core   0: 0x00000000800046e2 (0x0ff0000f) fence   iorw,iorw
core   0: 1 0x00000000800046e2 (0x0ff0000f)
core   0: 0x00000000800046e6 (0xc0257cd3) fcvt.l.s s9, fa0
core   0: 1 0x00000000800046e6 (0xc0257cd3) c1_fflags 0x0000000000000013 x25 0x7fffffffffffffff
core   0: 0x00000000800046ea (0x038c8633) mul     a2, s9, s8
core   0: 1 0x00000000800046ea (0x038c8633) x12 0xffffffff06b7b926
core   0: 0x00000000800046ee (0x001c8ab3) add     s5, s9, ra
core   0: 1 0x00000000800046ee (0x001c8ab3) x21 0x8000000080004013
core   0: 0x00000000800046f2 (0x0021073b) addw    a4, sp, sp
core   0: 1 0x00000000800046f2 (0x0021073b) x14 0xfffffffffffffd54
core   0: 0x00000000800046f6 (0x80018193) addi    gp, gp, -2048
core   0: 1 0x00000000800046f6 (0x80018193) x3  0x000000007ffff400
core   0: 0x00000000800046fa (0x306a70f3) csrrci  ra, mcounteren, 20
core   0: exception trap_illegal_instruction, epc 0x00000000800046fa
core   0:           tval 0x00000000306a70f3
core   0: >>>>  $xrv64i2p1_m2p0_a2p1_f2p2_d2p2_zicsr2p0_zifencei2p0_zmmul1p0_zba1p0_zbb1p0_zbc1p0_zbs1p0
core   0: 0x0000000080004000 (0x0080006f) j       pc + 0x8
core   0: 3 0x0000000080004000 (0x0080006f)
core   0: >>>>  mmode_exception_handler
core   0: 0x0000000080004008 (0x00002c17) auipc   s8, 0x2
core   0: 3 0x0000000080004008 (0x00002c17) x24 0x0000000080006008
core   0: 0x000000008000400c (0xfecc0c13) addi    s8, s8, -20
core   0: 3 0x000000008000400c (0xfecc0c13) x24 0x0000000080005ff4
core   0: 0x0000000080004010 (0x000c00e7) jalr    s8
core   0: 3 0x0000000080004010 (0x000c00e7) x1  0x0000000080004014
core   0: >>>>  any_handler
core   0: 0x0000000080005ff4 (0x341027f3) csrrs   a5, mepc, zero
core   0: 3 0x0000000080005ff4 (0x341027f3) x15 0x00000000800046fa
core   0: 0x0000000080005ff8 (0x34202773) csrrs   a4, mcause, zero
core   0: 3 0x0000000080005ff8 (0x34202773) x14 0x0000000000000002
core   0: 0x0000000080005ffc (0x142026f3) csrrs   a3, scause, zero
core   0: 3 0x0000000080005ffc (0x142026f3) x13 0x0000000000000000
core   0: 0x0000000080006000 (0x30402673) csrrs   a2, mie, zero
core   0: 3 0x0000000080006000 (0x30402673) x12 0x0000000000000a00
core   0: 0x0000000080006004 (0x344025f3) csrrs   a1, mip, zero
core   0: 3 0x0000000080006004 (0x344025f3) x11 0x0000000000000080
core   0: 0x0000000080006008 (0x343025f3) csrrs   a1, mtval, zero
core   0: 3 0x0000000080006008 (0x343025f3) x11 0x00000000306a70f3
core   0: 0x000000008000600c (0x14302573) csrrs   a0, stval, zero
core   0: 3 0x000000008000600c (0x14302573) x10 0x0000000039ee4a7b
core   0: 0x0000000080006010 (0xb02024f3) csrrs   s1, minstret, zero
core   0: 3 0x0000000080006010 (0xb02024f3) x9  0x00000000000009e1
core   0: 0x0000000080006014 (0x0000a811) c.j     pc + 20
core   0: 3 0x0000000080006014 (0xa811)
core   0: >>>>  mepc_4
core   0: 0x0000000080006028 (0x00000791) c.addi  a5, 4
core   0: 3 0x0000000080006028 (0x0791) x15 0x00000000800046fe
core   0: 0x000000008000602a (0x34179073) csrrw   zero, mepc, a5
core   0: 3 0x000000008000602a (0x34179073) c833_mepc 0x00000000800046fe
core   0: 0x000000008000602e (0x30200073) mret
core   0: 3 0x000000008000602e (0x30200073) c768_mstatus 0x8000000a00106080
core   0: 0x00000000800046fe (0xc2357453) fcvt.lu.d s0, fa0
core   0: 1 0x00000000800046fe (0xc2357453) c1_fflags 0x0000000000000013 x8  0xffffffffffffffff
core   0: 0x0000000080004702 (0xe20e8853) fmv.x.d a6, ft9
core   0: 1 0x0000000080004702 (0xe20e8853) x16 0x8000000000000000
core   0: 0x0000000080004706 (0x22728b53) fsgnj.d fs6, ft5, ft7
core   0: 1 0x0000000080004706 (0x22728b53) f22 0x8000000000000000
core   0: 0x000000008000470a (0x017ba533) slt     a0, s7, s7
core   0: 1 0x000000008000470a (0x017ba533) x10 0x0000000000000000
core   0: 0x000000008000470e (0x78b54937) lui     s2, 0x78b54
core   0: 1 0x000000008000470e (0x78b54937) x18 0x0000000078b54000
core   0: 0x0000000080004712 (0x00087d93) andi    s11, a6, 0
core   0: 1 0x0000000080004712 (0x00087d93) x27 0x0000000000000000
core   0: 0x0000000080004716 (0x0219f153) fadd.d  ft2, fs3, ft1
core   0: 1 0x0000000080004716 (0x0219f153) f2  0x7ff8000000000000
core   0: 0x000000008000471a (0x1e690793) addi    a5, s2, 486
core   0: 1 0x000000008000471a (0x1e690793) x15 0x0000000078b541e6
core   0: 0x000000008000471e (0x1c0b051b) addiw   a0, s6, 448
core   0: 1 0x000000008000471e (0x1c0b051b) x10 0x00000000000001c0
core   0: 0x0000000080004722 (0x039356b3) divu    a3, t1, s9
core   0: 1 0x0000000080004722 (0x039356b3) x13 0x0000000000000000
core   0: 0x0000000080004726 (0x026c0033) mul     zero, s8, t1
core   0: 1 0x0000000080004726 (0x026c0033)
core   0: 0x000000008000472a (0x2ae30553) fmin.d  fa0, ft6, fa4
core   0: 1 0x000000008000472a (0x2ae30553) f10 0x0000000000000000
core   0: 0x000000008000472e (0x3a7b811b) addiw   sp, s7, 935
core   0: 1 0x000000008000472e (0x3a7b811b) x2  0x00000000000008a2
core   0: 0x0000000080004732 (0x01797eb7) lui     t4, 0x1797
core   0: 1 0x0000000080004732 (0x01797eb7) x29 0x0000000001797000
core   0: 0x0000000080004736 (0x343e8e9b) addiw   t4, t4, 835
core   0: 1 0x0000000080004736 (0x343e8e9b) x29 0x0000000001797343
core   0: 0x000000008000473a (0x00000eb2) c.slli  t4, 12
core   0: 1 0x000000008000473a (0x0eb2) x29 0x0000001797343000
core   0: 0x000000008000473c (0xe1ee8e93) addi    t4, t4, -482
core   0: 1 0x000000008000473c (0xe1ee8e93) x29 0x0000001797342e1e
core   0: 0x0000000080004740 (0x0bdc7c53) fsub.d  fs8, fs8, ft9
core   0: 1 0x0000000080004740 (0x0bdc7c53) f24 0x0000000000000000
core   0: 0x0000000080004744 (0x02424e33) div     t3, tp, tp
core   0: 1 0x0000000080004744 (0x02424e33) x28 0x0000000000000001
core   0: 0x0000000080004748 (0x1774e513) ori     a0, s1, 375
core   0: 1 0x0000000080004748 (0x1774e513) x10 0x00000000000009f7
core   0: 0x000000008000474c (0x40055d13) srai    s10, a0, 0
core   0: 1 0x000000008000474c (0x40055d13) x26 0x00000000000009f7
core   0: 0x0000000080004750 (0x01f4f937) lui     s2, 0x1f4f
core   0: 1 0x0000000080004750 (0x01f4f937) x18 0x0000000001f4f000
core   0: 0x0000000080004754 (0x5719091b) addiw   s2, s2, 1393
core   0: 1 0x0000000080004754 (0x5719091b) x18 0x0000000001f4f571
core   0: 0x0000000080004758 (0x00000936) c.slli  s2, 13
core   0: 1 0x0000000080004758 (0x0936) x18 0x0000003e9eae2000
core   0: 0x000000008000475a (0x7b790913) addi    s2, s2, 1975
core   0: 1 0x000000008000475a (0x7b790913) x18 0x0000003e9eae27b7
core   0: 0x000000008000475e (0x4010fed3) fcvt.s.d ft9, ft1
core   0: 1 0x000000008000475e (0x4010fed3) f29 0xffffffff00000000
core   0: 0x0000000080004762 (0x02a888b3) mul     a7, a7, a0
core   0: 1 0x0000000080004762 (0x02a888b3) x17 0xfffffffffffff609
core   0: 0x0000000080004766 (0x4003d59b) sraiw   a1, t2, 0
core   0: 1 0x0000000080004766 (0x4003d59b) x11 0xfffffffffffff800
core   0: 0x000000008000476a (0x0110a0b3) slt     ra, ra, a7
core   0: 1 0x000000008000476a (0x0110a0b3) x1  0x0000000000000000
core   0: 0x000000008000476e (0x22fe1953) fsgnjn.d fs2, ft8, fa5
core   0: 1 0x000000008000476e (0x22fe1953) f18 0x8000000000000000
core   0: 0x0000000080004772 (0x6892a6b7) lui     a3, 0x6892a
core   0: 1 0x0000000080004772 (0x6892a6b7) x13 0x000000006892a000
core   0: 0x0000000080004776 (0x401ad89b) sraiw   a7, s5, 1
core   0: 1 0x0000000080004776 (0x401ad89b) x17 0xffffffffc0002009
core   0: 0x000000008000477a (0x00000001) c.nop
core   0: 1 0x000000008000477a (0x0001)
core   0: 0x000000008000477c (0xd2178353) fcvt.d.wu ft6, a5
core   0: 1 0x000000008000477c (0xd2178353) f6  0x41de2d5079800000
core   0: 0x0000000080004780 (0x82d8849b) addiw   s1, a7, -2003
core   0: 1 0x0000000080004780 (0x82d8849b) x9  0xffffffffc0001836
core   0: 0x0000000080004784 (0xc22df453) fcvt.l.d s0, fs11
core   0: 1 0x0000000080004784 (0xc22df453) x8  0x0000000000000000
core   0: 0x0000000080004788 (0x40167e53) fcvt.s.d ft8, fa2
core   0: 1 0x0000000080004788 (0x40167e53) f28 0xffffffff7fc00000
core   0: 0x000000008000478c (0x01a19913) slli    s2, gp, 26
core   0: 1 0x000000008000478c (0x01a19913) x18 0x01ffffd000000000
core   0: 0x0000000080004790 (0xc04052f3) csrrwi  t0, hpmcounter4, 0
core   0: exception trap_illegal_instruction, epc 0x0000000080004790
core   0:           tval 0x00000000c04052f3
core   0: >>>>  $xrv64i2p1_m2p0_a2p1_f2p2_d2p2_zicsr2p0_zifencei2p0_zmmul1p0_zba1p0_zbb1p0_zbc1p0_zbs1p0
core   0: 0x0000000080004000 (0x0080006f) j       pc + 0x8
core   0: 3 0x0000000080004000 (0x0080006f)
core   0: >>>>  mmode_exception_handler
core   0: 0x0000000080004008 (0x00002c17) auipc   s8, 0x2
core   0: 3 0x0000000080004008 (0x00002c17) x24 0x0000000080006008
core   0: 0x000000008000400c (0xfecc0c13) addi    s8, s8, -20
core   0: 3 0x000000008000400c (0xfecc0c13) x24 0x0000000080005ff4
core   0: 0x0000000080004010 (0x000c00e7) jalr    s8
core   0: 3 0x0000000080004010 (0x000c00e7) x1  0x0000000080004014
core   0: >>>>  any_handler
core   0: 0x0000000080005ff4 (0x341027f3) csrrs   a5, mepc, zero
core   0: 3 0x0000000080005ff4 (0x341027f3) x15 0x0000000080004790
core   0: 0x0000000080005ff8 (0x34202773) csrrs   a4, mcause, zero
core   0: 3 0x0000000080005ff8 (0x34202773) x14 0x0000000000000002
core   0: 0x0000000080005ffc (0x142026f3) csrrs   a3, scause, zero
core   0: 3 0x0000000080005ffc (0x142026f3) x13 0x0000000000000000
core   0: 0x0000000080006000 (0x30402673) csrrs   a2, mie, zero
core   0: 3 0x0000000080006000 (0x30402673) x12 0x0000000000000a00
core   0: 0x0000000080006004 (0x344025f3) csrrs   a1, mip, zero
core   0: 3 0x0000000080006004 (0x344025f3) x11 0x0000000000000080
core   0: 0x0000000080006008 (0x343025f3) csrrs   a1, mtval, zero
core   0: 3 0x0000000080006008 (0x343025f3) x11 0x00000000c04052f3
core   0: 0x000000008000600c (0x14302573) csrrs   a0, stval, zero
core   0: 3 0x000000008000600c (0x14302573) x10 0x0000000039ee4a7b
core   0: 0x0000000080006010 (0xb02024f3) csrrs   s1, minstret, zero
core   0: 3 0x0000000080006010 (0xb02024f3) x9  0x0000000000000a17
core   0: 0x0000000080006014 (0x0000a811) c.j     pc + 20
core   0: 3 0x0000000080006014 (0xa811)
core   0: >>>>  mepc_4
core   0: 0x0000000080006028 (0x00000791) c.addi  a5, 4
core   0: 3 0x0000000080006028 (0x0791) x15 0x0000000080004794
core   0: 0x000000008000602a (0x34179073) csrrw   zero, mepc, a5
core   0: 3 0x000000008000602a (0x34179073) c833_mepc 0x0000000080004794
core   0: 0x000000008000602e (0x30200073) mret
core   0: 3 0x000000008000602e (0x30200073) c768_mstatus 0x8000000a00106080
core   0: 0x0000000080004794 (0x0081e7b3) or      a5, gp, s0
core   0: 1 0x0000000080004794 (0x0081e7b3) x15 0x000000007ffff400
core   0: 0x0000000080004798 (0xfff88237) lui     tp, 0xfff88
core   0: 1 0x0000000080004798 (0xfff88237) x4  0xfffffffffff88000
core   0: 0x000000008000479c (0x60f2021b) addiw   tp, tp, 1551
core   0: 1 0x000000008000479c (0x60f2021b) x4  0xfffffffffff8860f
core   0: 0x00000000800047a0 (0x00000242) c.slli  tp, 16
core   0: 1 0x00000000800047a0 (0x0242) x4  0xfffffff8860f0000
core   0: 0x00000000800047a2 (0x3dd20213) addi    tp, tp, 989
core   0: 1 0x00000000800047a2 (0x3dd20213) x4  0xfffffff8860f03dd
core   0: 0x00000000800047a6 (0x0351f3b3) remu    t2, gp, s5
core   0: 1 0x00000000800047a6 (0x0351f3b3) x7  0x000000007ffff400
core   0: 0x00000000800047aa (0x011c5d13) srli    s10, s8, 17
core   0: 1 0x00000000800047aa (0x011c5d13) x26 0x0000000000004000
core   0: 0x00000000800047ae (0x410c09bb) subw    s3, s8, a6
core   0: 1 0x00000000800047ae (0x410c09bb) x19 0xffffffff80005ff4
core   0: 0x00000000800047b2 (0x03a9f0b3) remu    ra, s3, s10
core   0: 1 0x00000000800047b2 (0x03a9f0b3) x1  0x0000000000001ff4
core   0: 0x00000000800047b6 (0x40d6dd13) srai    s10, a3, 13
core   0: 1 0x00000000800047b6 (0x40d6dd13) x26 0x0000000000000000
core   0: 0x00000000800047ba (0x01f1951b) slliw   a0, gp, 31
core   0: 1 0x00000000800047ba (0x01f1951b) x10 0x0000000000000000
core   0: 0x00000000800047be (0xc02af6d3) fcvt.l.s a3, fs5
core   0: 1 0x00000000800047be (0xc02af6d3) c1_fflags 0x0000000000000013 x13 0x7fffffffffffffff
core   0: 0x00000000800047c2 (0x02d50133) mul     sp, a0, a3
core   0: 1 0x00000000800047c2 (0x02d50133) x2  0x0000000000000000
core   0: 0x00000000800047c6 (0x00795233) srl     tp, s2, t2
core   0: 1 0x00000000800047c6 (0x00795233) x4  0x01ffffd000000000
core   0: 0x00000000800047ca (0xd026f6d3) fcvt.s.l fa3, a3
core   0: 1 0x00000000800047ca (0xd026f6d3) c1_fflags 0x0000000000000013 f13 0xffffffff5effffff
core   0: 0x00000000800047ce (0xc02871d3) fcvt.l.s gp, fa6
core   0: 1 0x00000000800047ce (0xc02871d3) c1_fflags 0x0000000000000013 x3  0x7fffffffffffffff
core   0: 0x00000000800047d2 (0x002e1a73) csrrw   s4, frm, t3
core   0: 1 0x00000000800047d2 (0x002e1a73) x20 0x0000000000000002 c2_frm 0x0000000000000001
core   0: 0x00000000800047d6 (0x00202673) csrrs   a2, frm, zero
core   0: 1 0x00000000800047d6 (0x00202673) x12 0x0000000000000001
core   0: 0x00000000800047da (0x02497133) remu    sp, s2, tp
core   0: 1 0x00000000800047da (0x02497133) x2  0x0000000000000000
core   0: 0x00000000800047de (0x7b007873) csrrci  a6, dcsr, 0
core   0: exception trap_illegal_instruction, epc 0x00000000800047de
core   0:           tval 0x000000007b007873
core   0: >>>>  $xrv64i2p1_m2p0_a2p1_f2p2_d2p2_zicsr2p0_zifencei2p0_zmmul1p0_zba1p0_zbb1p0_zbc1p0_zbs1p0
core   0: 0x0000000080004000 (0x0080006f) j       pc + 0x8
core   0: 3 0x0000000080004000 (0x0080006f)
core   0: >>>>  mmode_exception_handler
core   0: 0x0000000080004008 (0x00002c17) auipc   s8, 0x2
core   0: 3 0x0000000080004008 (0x00002c17) x24 0x0000000080006008
core   0: 0x000000008000400c (0xfecc0c13) addi    s8, s8, -20
core   0: 3 0x000000008000400c (0xfecc0c13) x24 0x0000000080005ff4
core   0: 0x0000000080004010 (0x000c00e7) jalr    s8
core   0: 3 0x0000000080004010 (0x000c00e7) x1  0x0000000080004014
core   0: >>>>  any_handler
core   0: 0x0000000080005ff4 (0x341027f3) csrrs   a5, mepc, zero
core   0: 3 0x0000000080005ff4 (0x341027f3) x15 0x00000000800047de
core   0: 0x0000000080005ff8 (0x34202773) csrrs   a4, mcause, zero
core   0: 3 0x0000000080005ff8 (0x34202773) x14 0x0000000000000002
core   0: 0x0000000080005ffc (0x142026f3) csrrs   a3, scause, zero
core   0: 3 0x0000000080005ffc (0x142026f3) x13 0x0000000000000000
core   0: 0x0000000080006000 (0x30402673) csrrs   a2, mie, zero
core   0: 3 0x0000000080006000 (0x30402673) x12 0x0000000000000a00
core   0: 0x0000000080006004 (0x344025f3) csrrs   a1, mip, zero
core   0: 3 0x0000000080006004 (0x344025f3) x11 0x0000000000000080
core   0: 0x0000000080006008 (0x343025f3) csrrs   a1, mtval, zero
core   0: 3 0x0000000080006008 (0x343025f3) x11 0x000000007b007873
core   0: 0x000000008000600c (0x14302573) csrrs   a0, stval, zero
core   0: 3 0x000000008000600c (0x14302573) x10 0x0000000039ee4a7b
core   0: 0x0000000080006010 (0xb02024f3) csrrs   s1, minstret, zero
core   0: 3 0x0000000080006010 (0xb02024f3) x9  0x0000000000000a3a
core   0: 0x0000000080006014 (0x0000a811) c.j     pc + 20
core   0: 3 0x0000000080006014 (0xa811)
core   0: >>>>  mepc_4
core   0: 0x0000000080006028 (0x00000791) c.addi  a5, 4
core   0: 3 0x0000000080006028 (0x0791) x15 0x00000000800047e2
core   0: 0x000000008000602a (0x34179073) csrrw   zero, mepc, a5
core   0: 3 0x000000008000602a (0x34179073) c833_mepc 0x00000000800047e2
core   0: 0x000000008000602e (0x30200073) mret
core   0: 3 0x000000008000602e (0x30200073) c768_mstatus 0x8000000a00106080
core   0: 0x00000000800047e2 (0xd026f8d3) fcvt.s.l fa7, a3
core   0: 1 0x00000000800047e2 (0xd026f8d3) f17 0xffffffff00000000
core   0: 0x00000000800047e6 (0x02fc01bb) mulw    gp, s8, a5
core   0: 1 0x00000000800047e6 (0x02fc01bb) x3  0x000000001af16168
core   0: 0x00000000800047ea (0x0157a733) slt     a4, a5, s5
core   0: 1 0x00000000800047ea (0x0157a733) x14 0x0000000000000000
core   0: 0x00000000800047ee (0x229d2d53) fsgnjx.d fs10, fs10, fs1
core   0: 1 0x00000000800047ee (0x229d2d53) f26 0x7ff8000000000000
core   0: 0x00000000800047f2 (0x0376d133) divu    sp, a3, s7
core   0: 1 0x00000000800047f2 (0x0376d133) x2  0x0000000000000000
core   0: 0x00000000800047f6 (0x40ac5c9b) sraiw   s9, s8, 10
core   0: 1 0x00000000800047f6 (0x40ac5c9b) x25 0xffffffffffe00017
core   0: 0x00000000800047fa (0x31071373) csrrw   t1, mstatush, a4
core   0: exception trap_illegal_instruction, epc 0x00000000800047fa
core   0:           tval 0x0000000031071373
core   0: >>>>  $xrv64i2p1_m2p0_a2p1_f2p2_d2p2_zicsr2p0_zifencei2p0_zmmul1p0_zba1p0_zbb1p0_zbc1p0_zbs1p0
core   0: 0x0000000080004000 (0x0080006f) j       pc + 0x8
core   0: 3 0x0000000080004000 (0x0080006f)
core   0: >>>>  mmode_exception_handler
core   0: 0x0000000080004008 (0x00002c17) auipc   s8, 0x2
core   0: 3 0x0000000080004008 (0x00002c17) x24 0x0000000080006008
core   0: 0x000000008000400c (0xfecc0c13) addi    s8, s8, -20
core   0: 3 0x000000008000400c (0xfecc0c13) x24 0x0000000080005ff4
core   0: 0x0000000080004010 (0x000c00e7) jalr    s8
core   0: 3 0x0000000080004010 (0x000c00e7) x1  0x0000000080004014
core   0: >>>>  any_handler
core   0: 0x0000000080005ff4 (0x341027f3) csrrs   a5, mepc, zero
core   0: 3 0x0000000080005ff4 (0x341027f3) x15 0x00000000800047fa
core   0: 0x0000000080005ff8 (0x34202773) csrrs   a4, mcause, zero
core   0: 3 0x0000000080005ff8 (0x34202773) x14 0x0000000000000002
core   0: 0x0000000080005ffc (0x142026f3) csrrs   a3, scause, zero
core   0: 3 0x0000000080005ffc (0x142026f3) x13 0x0000000000000000
core   0: 0x0000000080006000 (0x30402673) csrrs   a2, mie, zero
core   0: 3 0x0000000080006000 (0x30402673) x12 0x0000000000000a00
core   0: 0x0000000080006004 (0x344025f3) csrrs   a1, mip, zero
core   0: 3 0x0000000080006004 (0x344025f3) x11 0x0000000000000080
core   0: 0x0000000080006008 (0x343025f3) csrrs   a1, mtval, zero
core   0: 3 0x0000000080006008 (0x343025f3) x11 0x0000000031071373
core   0: 0x000000008000600c (0x14302573) csrrs   a0, stval, zero
core   0: 3 0x000000008000600c (0x14302573) x10 0x0000000039ee4a7b
core   0: 0x0000000080006010 (0xb02024f3) csrrs   s1, minstret, zero
core   0: 3 0x0000000080006010 (0xb02024f3) x9  0x0000000000000a50
core   0: 0x0000000080006014 (0x0000a811) c.j     pc + 20
core   0: 3 0x0000000080006014 (0xa811)
core   0: >>>>  mepc_4
core   0: 0x0000000080006028 (0x00000791) c.addi  a5, 4
core   0: 3 0x0000000080006028 (0x0791) x15 0x00000000800047fe
core   0: 0x000000008000602a (0x34179073) csrrw   zero, mepc, a5
core   0: 3 0x000000008000602a (0x34179073) c833_mepc 0x00000000800047fe
core   0: 0x000000008000602e (0x30200073) mret
core   0: 3 0x000000008000602e (0x30200073) c768_mstatus 0x8000000a00106080
core   0: 0x00000000800047fe (0x00202573) csrrs   a0, frm, zero
core   0: 1 0x00000000800047fe (0x00202573) x10 0x0000000000000001
core   0: 0x0000000080004802 (0x40e502bb) subw    t0, a0, a4
core   0: 1 0x0000000080004802 (0x40e502bb) x5  0xffffffffffffffff
core   0: 0x0000000080004806 (0x405500bb) subw    ra, a0, t0
core   0: 1 0x0000000080004806 (0x405500bb) x1  0x0000000000000002
core   0: 0x000000008000480a (0x2b1999d3) fmax.d  fs3, fs3, fa7
core   0: 1 0x000000008000480a (0x2b1999d3) f19 0x7ff8000000000000
core   0: 0x000000008000480e (0x13ad7d53) fmul.d  fs10, fs10, fs10
core   0: 1 0x000000008000480e (0x13ad7d53) f26 0x7ff8000000000000
core   0: 0x0000000080004812 (0x0010d6bb) srlw    a3, ra, ra
core   0: 1 0x0000000080004812 (0x0010d6bb) x13 0x0000000000000000
core   0: 0x0000000080004816 (0x7ff58e1b) addiw   t3, a1, 2047
core   0: 1 0x0000000080004816 (0x7ff58e1b) x28 0x0000000031071b72
core   0: 0x000000008000481a (0x03811b33) mulh    s6, sp, s8
core   0: 1 0x000000008000481a (0x03811b33) x22 0x0000000000000000
core   0: 0x000000008000481e (0x6aeb7ec3) fmadd.d ft9, fs6, fa4, fa3
core   0: 1 0x000000008000481e (0x6aeb7ec3) f29 0x7ff8000000000000
core   0: 0x0000000080004822 (0x00b6149b) slliw   s1, a2, 11
core   0: 1 0x0000000080004822 (0x00b6149b) x9  0x0000000000500000
core   0: 0x0000000080004826 (0x0ff0000f) fence   iorw,iorw
core   0: 1 0x0000000080004826 (0x0ff0000f)
core   0: 0x000000008000482a (0x9b5bfac3) fmadd.d fs5, fs7, fs5, fs3
core   0: 1 0x000000008000482a (0x9b5bfac3) f21 0x7ff8000000000000
core   0: 0x000000008000482e (0xe3266497) auipc   s1, 0xe3266
core   0: 1 0x000000008000482e (0xe3266497) x9  0x000000006326a82e
core   0: 0x0000000080004832 (0x001b10bb) sllw    ra, s6, ra
core   0: 1 0x0000000080004832 (0x001b10bb) x1  0x0000000000000000
core   0: 0x0000000080004836 (0x02b5593b) divuw   s2, a0, a1
core   0: 1 0x0000000080004836 (0x02b5593b) x18 0x0000000000000000
core   0: 0x000000008000483a (0x00008fbd) c.xor   a5, a5
core   0: 1 0x000000008000483a (0x8fbd) x15 0x0000000000000000
core   0: 0x000000008000483c (0xc227f653) fcvt.l.d a2, fa5
core   0: 1 0x000000008000483c (0xc227f653) x12 0x0000000000000000
core   0: 0x0000000080004840 (0x03d15593) srli    a1, sp, 61
core   0: 1 0x0000000080004840 (0x03d15593) x11 0x0000000000000000
core   0: 0x0000000080004844 (0x7ba43937) lui     s2, 0x7ba43
core   0: 1 0x0000000080004844 (0x7ba43937) x18 0x000000007ba43000
core   0: 0x0000000080004848 (0x036a7b33) remu    s6, s4, s6
core   0: 1 0x0000000080004848 (0x036a7b33) x22 0x0000000000000002
core   0: 0x000000008000484c (0x017d7033) and     zero, s10, s7
core   0: 1 0x000000008000484c (0x017d7033)
core   0: 0x0000000080004850 (0x416bd993) srai    s3, s7, 22
core   0: 1 0x0000000080004850 (0x416bd993) x19 0x0000000000000000
core   0: 0x0000000080004854 (0xc21afc53) fcvt.wu.d s8, fs5
core   0: 1 0x0000000080004854 (0xc21afc53) c1_fflags 0x0000000000000013 x24 0xffffffffffffffff
core   0: 0x0000000080004858 (0x02a1453b) divw    a0, sp, a0
core   0: 1 0x0000000080004858 (0x02a1453b) x10 0x0000000000000000
core   0: 0x000000008000485c (0x003b58bb) srlw    a7, s6, gp
core   0: 1 0x000000008000485c (0x003b58bb) x17 0x0000000000000000
core   0: 0x0000000080004860 (0x23f3a7d3) fsgnjx.d fa5, ft7, ft11
core   0: 1 0x0000000080004860 (0x23f3a7d3) f15 0x8000000000000000
core   0: 0x0000000080004864 (0x030157b3) divu    a5, sp, a6
core   0: 1 0x0000000080004864 (0x030157b3) x15 0x0000000000000000
core   0: 0x0000000080004868 (0xf1117273) csrrci  tp, mvendorid, 2
core   0: exception trap_illegal_instruction, epc 0x0000000080004868
core   0:           tval 0x00000000f1117273
core   0: >>>>  $xrv64i2p1_m2p0_a2p1_f2p2_d2p2_zicsr2p0_zifencei2p0_zmmul1p0_zba1p0_zbb1p0_zbc1p0_zbs1p0
core   0: 0x0000000080004000 (0x0080006f) j       pc + 0x8
core   0: 3 0x0000000080004000 (0x0080006f)
core   0: >>>>  mmode_exception_handler
core   0: 0x0000000080004008 (0x00002c17) auipc   s8, 0x2
core   0: 3 0x0000000080004008 (0x00002c17) x24 0x0000000080006008
core   0: 0x000000008000400c (0xfecc0c13) addi    s8, s8, -20
core   0: 3 0x000000008000400c (0xfecc0c13) x24 0x0000000080005ff4
core   0: 0x0000000080004010 (0x000c00e7) jalr    s8
core   0: 3 0x0000000080004010 (0x000c00e7) x1  0x0000000080004014
core   0: >>>>  any_handler
core   0: 0x0000000080005ff4 (0x341027f3) csrrs   a5, mepc, zero
core   0: 3 0x0000000080005ff4 (0x341027f3) x15 0x0000000080004868
core   0: 0x0000000080005ff8 (0x34202773) csrrs   a4, mcause, zero
core   0: 3 0x0000000080005ff8 (0x34202773) x14 0x0000000000000002
core   0: 0x0000000080005ffc (0x142026f3) csrrs   a3, scause, zero
core   0: 3 0x0000000080005ffc (0x142026f3) x13 0x0000000000000000
core   0: 0x0000000080006000 (0x30402673) csrrs   a2, mie, zero
core   0: 3 0x0000000080006000 (0x30402673) x12 0x0000000000000a00
core   0: 0x0000000080006004 (0x344025f3) csrrs   a1, mip, zero
core   0: 3 0x0000000080006004 (0x344025f3) x11 0x0000000000000080
core   0: 0x0000000080006008 (0x343025f3) csrrs   a1, mtval, zero
core   0: 3 0x0000000080006008 (0x343025f3) x11 0x00000000f1117273
core   0: 0x000000008000600c (0x14302573) csrrs   a0, stval, zero
core   0: 3 0x000000008000600c (0x14302573) x10 0x0000000039ee4a7b
core   0: 0x0000000080006010 (0xb02024f3) csrrs   s1, minstret, zero
core   0: 3 0x0000000080006010 (0xb02024f3) x9  0x0000000000000a7b
core   0: 0x0000000080006014 (0x0000a811) c.j     pc + 20
core   0: 3 0x0000000080006014 (0xa811)
core   0: >>>>  mepc_4
core   0: 0x0000000080006028 (0x00000791) c.addi  a5, 4
core   0: 3 0x0000000080006028 (0x0791) x15 0x000000008000486c
core   0: 0x000000008000602a (0x34179073) csrrw   zero, mepc, a5
core   0: 3 0x000000008000602a (0x34179073) c833_mepc 0x000000008000486c
core   0: 0x000000008000602e (0x30200073) mret
core   0: 3 0x000000008000602e (0x30200073) c768_mstatus 0x8000000a00106080
core   0: 0x000000008000486c (0x0ff0000f) fence   iorw,iorw
core   0: 1 0x000000008000486c (0x0ff0000f)
core   0: 0x0000000080004870 (0x0ff0000f) fence   iorw,iorw
core   0: 1 0x0000000080004870 (0x0ff0000f)
core   0: 0x0000000080004874 (0xc2177053) fcvt.wu.d zero, fa4
core   0: 1 0x0000000080004874 (0xc2177053)
core   0: 0x0000000080004878 (0x006e5b13) srli    s6, t3, 6
core   0: 1 0x0000000080004878 (0x006e5b13) x22 0x0000000000c41c6d
core   0: 0x000000008000487c (0x00000001) c.nop
core   0: 1 0x000000008000487c (0x0001)
core   0: 0x000000008000487e (0xc223f1d3) fcvt.l.d gp, ft7
core   0: 1 0x000000008000487e (0xc223f1d3) x3  0x0000000000000000
core   0: 0x0000000080004882 (0x016a99b3) sll     s3, s5, s6
core   0: 1 0x0000000080004882 (0x016a99b3) x19 0x0802600000000000
core   0: 0x0000000080004886 (0xfbf1714f) fnmadd.d ft2, ft2, ft11, ft11
core   0: 1 0x0000000080004886 (0xfbf1714f) f2  0x7ff8000000000000
core   0: 0x000000008000488a (0x00915313) srli    t1, sp, 9
core   0: 1 0x000000008000488a (0x00915313) x6  0x0000000000000000
core   0: 0x000000008000488e (0x1283fe53) fmul.d  ft8, ft7, fs0
core   0: 1 0x000000008000488e (0x1283fe53) f28 0x7ff8000000000000
core   0: 0x0000000080004892 (0xc21c7ed3) fcvt.wu.d t4, fs8
core   0: 1 0x0000000080004892 (0xc21c7ed3) x29 0x0000000000000000
core   0: 0x0000000080004896 (0x02e75db3) divu    s11, a4, a4
core   0: 1 0x0000000080004896 (0x02e75db3) x27 0x0000000000000001
core   0: 0x000000008000489a (0xd03279d3) fcvt.s.lu fs3, tp
core   0: 1 0x000000008000489a (0xd03279d3) f19 0xffffffff5bffffe8
core   0: 0x000000008000489e (0x01a86133) or      sp, a6, s10
core   0: 1 0x000000008000489e (0x01a86133) x2  0x8000000000000000
core   0: 0x00000000800048a2 (0x03b3033b) mulw    t1, t1, s11
core   0: 1 0x00000000800048a2 (0x03b3033b) x6  0x0000000000000000
core   0: 0x00000000800048a6 (0x2bd59853) fmax.d  fa6, fa1, ft9
core   0: 1 0x00000000800048a6 (0x2bd59853) f16 0x0000000000000000
core   0: 0x00000000800048aa (0x00e0873b) addw    a4, ra, a4
core   0: 1 0x00000000800048aa (0x00e0873b) x14 0xffffffff80004016
core   0: 0x00000000800048ae (0x00401633) sll     a2, zero, tp
core   0: 1 0x00000000800048ae (0x00401633) x12 0x0000000000000000
core   0: 0x00000000800048b2 (0x0ff0000f) fence   iorw,iorw
core   0: 1 0x00000000800048b2 (0x0ff0000f)
core   0: 0x00000000800048b6 (0x001c9873) csrrw   a6, fflags, s9
core   0: 1 0x00000000800048b6 (0x001c9873) x16 0x0000000000000013 c1_fflags 0x0000000000000017
core   0: 0x00000000800048ba (0x03d60633) mul     a2, a2, t4
core   0: 1 0x00000000800048ba (0x03d60633) x12 0x0000000000000000
core   0: 0x00000000800048be (0xe20e84d3) fmv.x.d s1, ft9
core   0: 1 0x00000000800048be (0xe20e84d3) x9  0x7ff8000000000000
core   0: 0x00000000800048c2 (0x34005c73) csrrwi  s8, mscratch, 0
core   0: exception trap_illegal_instruction, epc 0x00000000800048c2
core   0:           tval 0x0000000034005c73
core   0: >>>>  $xrv64i2p1_m2p0_a2p1_f2p2_d2p2_zicsr2p0_zifencei2p0_zmmul1p0_zba1p0_zbb1p0_zbc1p0_zbs1p0
core   0: 0x0000000080004000 (0x0080006f) j       pc + 0x8
core   0: 3 0x0000000080004000 (0x0080006f)
core   0: >>>>  mmode_exception_handler
core   0: 0x0000000080004008 (0x00002c17) auipc   s8, 0x2
core   0: 3 0x0000000080004008 (0x00002c17) x24 0x0000000080006008
core   0: 0x000000008000400c (0xfecc0c13) addi    s8, s8, -20
core   0: 3 0x000000008000400c (0xfecc0c13) x24 0x0000000080005ff4
core   0: 0x0000000080004010 (0x000c00e7) jalr    s8
core   0: 3 0x0000000080004010 (0x000c00e7) x1  0x0000000080004014
core   0: >>>>  any_handler
core   0: 0x0000000080005ff4 (0x341027f3) csrrs   a5, mepc, zero
core   0: 3 0x0000000080005ff4 (0x341027f3) x15 0x00000000800048c2
core   0: 0x0000000080005ff8 (0x34202773) csrrs   a4, mcause, zero
core   0: 3 0x0000000080005ff8 (0x34202773) x14 0x0000000000000002
core   0: 0x0000000080005ffc (0x142026f3) csrrs   a3, scause, zero
core   0: 3 0x0000000080005ffc (0x142026f3) x13 0x0000000000000000
core   0: 0x0000000080006000 (0x30402673) csrrs   a2, mie, zero
core   0: 3 0x0000000080006000 (0x30402673) x12 0x0000000000000a00
core   0: 0x0000000080006004 (0x344025f3) csrrs   a1, mip, zero
core   0: 3 0x0000000080006004 (0x344025f3) x11 0x0000000000000080
core   0: 0x0000000080006008 (0x343025f3) csrrs   a1, mtval, zero
core   0: 3 0x0000000080006008 (0x343025f3) x11 0x0000000034005c73
core   0: 0x000000008000600c (0x14302573) csrrs   a0, stval, zero
core   0: 3 0x000000008000600c (0x14302573) x10 0x0000000039ee4a7b
core   0: 0x0000000080006010 (0xb02024f3) csrrs   s1, minstret, zero
core   0: 3 0x0000000080006010 (0xb02024f3) x9  0x0000000000000aa1
core   0: 0x0000000080006014 (0x0000a811) c.j     pc + 20
core   0: 3 0x0000000080006014 (0xa811)
core   0: >>>>  mepc_4
core   0: 0x0000000080006028 (0x00000791) c.addi  a5, 4
core   0: 3 0x0000000080006028 (0x0791) x15 0x00000000800048c6
core   0: 0x000000008000602a (0x34179073) csrrw   zero, mepc, a5
core   0: 3 0x000000008000602a (0x34179073) c833_mepc 0x00000000800048c6
core   0: 0x000000008000602e (0x30200073) mret
core   0: 3 0x000000008000602e (0x30200073) c768_mstatus 0x8000000a00106080
core   0: 0x00000000800048c6 (0x0379ebbb) remw    s7, s3, s7
core   0: 1 0x00000000800048c6 (0x0379ebbb) x23 0x0000000000000000
core   0: 0x00000000800048ca (0x005ee5b3) or      a1, t4, t0
core   0: 1 0x00000000800048ca (0x005ee5b3) x11 0xffffffffffffffff
core   0: 0x00000000800048ce (0x01681d9b) slliw   s11, a6, 22
core   0: 1 0x00000000800048ce (0x01681d9b) x27 0x0000000004c00000
core   0: 0x00000000800048d2 (0x0330d393) srli    t2, ra, 51
core   0: 1 0x00000000800048d2 (0x0330d393) x7  0x0000000000000000
core   0: 0x00000000800048d6 (0x2ad606d3) fmin.d  fa3, fa2, fa3
core   0: 1 0x00000000800048d6 (0x2ad606d3) f13 0x7ff8000000000000
core   0: 0x00000000800048da (0x003ee1b3) or      gp, t4, gp
core   0: 1 0x00000000800048da (0x003ee1b3) x3  0x0000000000000000
core   0: 0x00000000800048de (0x00ab53bb) srlw    t2, s6, a0
core   0: 1 0x00000000800048de (0x00ab53bb) x7  0x0000000000000000
core   0: 0x00000000800048e2 (0xc23ef3d3) fcvt.lu.d t2, ft9
core   0: 1 0x00000000800048e2 (0xc23ef3d3) c1_fflags 0x0000000000000017 x7  0xffffffffffffffff
core   0: 0x00000000800048e6 (0x00108a33) add     s4, ra, ra
core   0: 1 0x00000000800048e6 (0x00108a33) x20 0x0000000100008028
core   0: 0x00000000800048ea (0xd332f2cb) fnmsub.d ft5, ft5, fs3, fs10
core   0: 1 0x00000000800048ea (0xd332f2cb) f5  0x7ff8000000000000
core   0: 0x00000000800048ee (0x00fc27b3) slt     a5, s8, a5
core   0: 1 0x00000000800048ee (0x00fc27b3) x15 0x0000000000000000
core   0: 0x00000000800048f2 (0x01078e33) add     t3, a5, a6
core   0: 1 0x00000000800048f2 (0x01078e33) x28 0x0000000000000013
core   0: 0x00000000800048f6 (0xd0357fd3) fcvt.s.lu ft11, a0
core   0: 1 0x00000000800048f6 (0xd0357fd3) c1_fflags 0x0000000000000017 f31 0xffffffff4e67b929
core   0: 0x00000000800048fa (0xa2b5acd3) feq.d   s9, fa1, fa1
core   0: 1 0x00000000800048fa (0xa2b5acd3) x25 0x0000000000000001
core   0: 0x00000000800048fe (0x01f8181b) slliw   a6, a6, 31
core   0: 1 0x00000000800048fe (0x01f8181b) x16 0xffffffff80000000
core   0: 0x0000000080004902 (0x002d1df3) csrrw   s11, frm, s10
core   0: 1 0x0000000080004902 (0x002d1df3) x27 0x0000000000000001 c2_frm 0x0000000000000000
core   0: 0x0000000080004906 (0x238f2c53) fsgnjx.d fs8, ft10, fs8
core   0: 1 0x0000000080004906 (0x238f2c53) f24 0x0000000000000001
core   0: 0x000000008000490a (0xd2327a53) fcvt.d.lu fs4, tp
core   0: 1 0x000000008000490a (0xd2327a53) f20 0x437ffffd00000000
core   0: 0x000000008000490e (0x003acab3) xor     s5, s5, gp
core   0: 1 0x000000008000490e (0x003acab3) x21 0x8000000080004013
core   0: 0x0000000080004912 (0x035ac13b) divw    sp, s5, s5
core   0: 1 0x0000000080004912 (0x035ac13b) x2  0x0000000000000001
core   0: 0x0000000080004916 (0xbce7cd93) xori    s11, a5, -1074
core   0: 1 0x0000000080004916 (0xbce7cd93) x27 0xfffffffffffffbce
core   0: 0x000000008000491a (0xcd90f213) andi    tp, ra, -807
core   0: 1 0x000000008000491a (0xcd90f213) x4  0x0000000080004010
core   0: 0x000000008000491e (0xa3aa0053) fle.d   zero, fs4, fs10
core   0: 1 0x000000008000491e (0xa3aa0053) c1_fflags 0x0000000000000017
core   0: 0x0000000080004922 (0x00a29abb) sllw    s5, t0, a0
core   0: 1 0x0000000080004922 (0x00a29abb) x21 0xfffffffff8000000
core   0: 0x0000000080004926 (0xc23cf4d3) fcvt.lu.d s1, fs9
core   0: 1 0x0000000080004926 (0xc23cf4d3) c1_fflags 0x0000000000000017 x9  0xffffffffffffffff
core   0: 0x000000008000492a (0x00201af3) csrrw   s5, frm, zero
core   0: 1 0x000000008000492a (0x00201af3) x21 0x0000000000000000 c2_frm 0x0000000000000000
core   0: 0x000000008000492e (0xd22df2d3) fcvt.d.l ft5, s11
core   0: 1 0x000000008000492e (0xd22df2d3) f5  0xc090c80000000000
core   0: 0x0000000080004932 (0x0784b5b7) lui     a1, 0x784b
core   0: 1 0x0000000080004932 (0x0784b5b7) x11 0x000000000784b000
core   0: 0x0000000080004936 (0xb595859b) addiw   a1, a1, -1191
core   0: 1 0x0000000080004936 (0xb595859b) x11 0x000000000784ab59
core   0: 0x000000008000493a (0x000005b2) c.slli  a1, 12
core   0: 1 0x000000008000493a (0x05b2) x11 0x000000784ab59000
core   0: 0x000000008000493c (0xf0958593) addi    a1, a1, -247
core   0: 1 0x000000008000493c (0xf0958593) x11 0x000000784ab58f09
core   0: 0x0000000080004940 (0xe2028cd3) fmv.x.d s9, ft5
core   0: 1 0x0000000080004940 (0xe2028cd3) x25 0xc090c80000000000
core   0: 0x0000000080004944 (0x386dc313) xori    t1, s11, 902
core   0: 1 0x0000000080004944 (0x386dc313) x6  0xfffffffffffff848
core   0: 0x0000000080004948 (0x03280933) mul     s2, a6, s2
core   0: 1 0x0000000080004948 (0x03280933) x18 0xc22de80000000000
core   0: 0x000000008000494c (0xa34a76cb) fnmsub.d fa3, fs4, fs4, fs4
core   0: 1 0x000000008000494c (0xa34a76cb) c1_fflags 0x0000000000000017 f13 0xc70ffffa00004800
core   0: 0x0000000080004950 (0x430bd193) srai    gp, s7, 48
core   0: 1 0x0000000080004950 (0x430bd193) x3  0x0000000000000000
core   0: 0x0000000080004954 (0x454e7c13) andi    s8, t3, 1108
core   0: 1 0x0000000080004954 (0x454e7c13) x24 0x0000000000000010
core   0: 0x0000000080004958 (0x40f6d7bb) sraw    a5, a3, a5
core   0: 1 0x0000000080004958 (0x40f6d7bb) x15 0x0000000000000000
core   0: 0x000000008000495c (0x232f8fd3) fsgnj.d ft11, ft11, fs2
core   0: 1 0x000000008000495c (0x232f8fd3) f31 0xffffffff4e67b929
core   0: 0x0000000080004960 (0x02422033) mulhsu  zero, tp, tp
core   0: 1 0x0000000080004960 (0x02422033)
core   0: 0x0000000080004964 (0xbb747543) fmadd.d fa0, fs0, fs7, fs7
core   0: 1 0x0000000080004964 (0xbb747543) f10 0x7ff8000000000000
core   0: 0x0000000080004968 (0x0ff0000f) fence   iorw,iorw
core   0: 1 0x0000000080004968 (0x0ff0000f)
core   0: 0x000000008000496c (0x00000001) c.nop
core   0: 1 0x000000008000496c (0x0001)
core   0: 0x000000008000496e (0x00102373) csrrs   t1, fflags, zero
core   0: 1 0x000000008000496e (0x00102373) x6  0x0000000000000017
core   0: 0x0000000080004972 (0x000ad013) srli    zero, s5, 0
core   0: 1 0x0000000080004972 (0x000ad013)
core   0: 0x0000000080004976 (0x00041193) slli    gp, s0, 0
core   0: 1 0x0000000080004976 (0x00041193) x3  0x0000000000000000
core   0: 0x000000008000497a (0x22a01cd3) fsgnjn.d fs9, ft0, fa0
core   0: 1 0x000000008000497a (0x22a01cd3) f25 0xfff8000000000000
core   0: 0x000000008000497e (0x0347a733) mulhsu  a4, a5, s4
core   0: 1 0x000000008000497e (0x0347a733) x14 0x0000000000000000
core   0: 0x0000000080004982 (0xf11c2cf3) csrrs   s9, mvendorid, s8
core   0: exception trap_illegal_instruction, epc 0x0000000080004982
core   0:           tval 0x00000000f11c2cf3
core   0: >>>>  $xrv64i2p1_m2p0_a2p1_f2p2_d2p2_zicsr2p0_zifencei2p0_zmmul1p0_zba1p0_zbb1p0_zbc1p0_zbs1p0
core   0: 0x0000000080004000 (0x0080006f) j       pc + 0x8
core   0: 3 0x0000000080004000 (0x0080006f)
core   0: >>>>  mmode_exception_handler
core   0: 0x0000000080004008 (0x00002c17) auipc   s8, 0x2
core   0: 3 0x0000000080004008 (0x00002c17) x24 0x0000000080006008
core   0: 0x000000008000400c (0xfecc0c13) addi    s8, s8, -20
core   0: 3 0x000000008000400c (0xfecc0c13) x24 0x0000000080005ff4
core   0: 0x0000000080004010 (0x000c00e7) jalr    s8
core   0: 3 0x0000000080004010 (0x000c00e7) x1  0x0000000080004014
core   0: >>>>  any_handler
core   0: 0x0000000080005ff4 (0x341027f3) csrrs   a5, mepc, zero
core   0: 3 0x0000000080005ff4 (0x341027f3) x15 0x0000000080004982
core   0: 0x0000000080005ff8 (0x34202773) csrrs   a4, mcause, zero
core   0: 3 0x0000000080005ff8 (0x34202773) x14 0x0000000000000002
core   0: 0x0000000080005ffc (0x142026f3) csrrs   a3, scause, zero
core   0: 3 0x0000000080005ffc (0x142026f3) x13 0x0000000000000000
core   0: 0x0000000080006000 (0x30402673) csrrs   a2, mie, zero
core   0: 3 0x0000000080006000 (0x30402673) x12 0x0000000000000a00
core   0: 0x0000000080006004 (0x344025f3) csrrs   a1, mip, zero
core   0: 3 0x0000000080006004 (0x344025f3) x11 0x0000000000000080
core   0: 0x0000000080006008 (0x343025f3) csrrs   a1, mtval, zero
core   0: 3 0x0000000080006008 (0x343025f3) x11 0x00000000f11c2cf3
core   0: 0x000000008000600c (0x14302573) csrrs   a0, stval, zero
core   0: 3 0x000000008000600c (0x14302573) x10 0x0000000039ee4a7b
core   0: 0x0000000080006010 (0xb02024f3) csrrs   s1, minstret, zero
core   0: 3 0x0000000080006010 (0xb02024f3) x9  0x0000000000000ae1
core   0: 0x0000000080006014 (0x0000a811) c.j     pc + 20
core   0: 3 0x0000000080006014 (0xa811)
core   0: >>>>  mepc_4
core   0: 0x0000000080006028 (0x00000791) c.addi  a5, 4
core   0: 3 0x0000000080006028 (0x0791) x15 0x0000000080004986
core   0: 0x000000008000602a (0x34179073) csrrw   zero, mepc, a5
core   0: 3 0x000000008000602a (0x34179073) c833_mepc 0x0000000080004986
core   0: 0x000000008000602e (0x30200073) mret
core   0: 3 0x000000008000602e (0x30200073) c768_mstatus 0x8000000a00106080
core   0: 0x0000000080004986 (0x405a0b33) sub     s6, s4, t0
core   0: 1 0x0000000080004986 (0x405a0b33) x22 0x0000000100008029
core   0: 0x000000008000498a (0x00151173) csrrw   sp, fflags, a0
core   0: 1 0x000000008000498a (0x00151173) x2  0x0000000000000017 c1_fflags 0x000000000000001b
core   0: 0x000000008000498e (0x022571b3) remu    gp, a0, sp
core   0: 1 0x000000008000498e (0x022571b3) x3  0x0000000000000001
core   0: 0x0000000080004992 (0x011b1cbb) sllw    s9, s6, a7
core   0: 1 0x0000000080004992 (0x011b1cbb) x25 0x0000000000008029
core   0: 0x0000000080004996 (0xd2110fd3) fcvt.d.wu ft11, sp
core   0: 1 0x0000000080004996 (0xd2110fd3) f31 0x4037000000000000
core   0: 0x000000008000499a (0x002c9df3) csrrw   s11, frm, s9
core   0: 1 0x000000008000499a (0x002c9df3) x27 0x0000000000000000 c2_frm 0x0000000000000001
core   0: 0x000000008000499e (0x036292b3) mulh    t0, t0, s6
core   0: 1 0x000000008000499e (0x036292b3) x5  0xffffffffffffffff
core   0: 0x00000000800049a2 (0x139c7a53) fmul.d  fs4, fs8, fs9
core   0: 1 0x00000000800049a2 (0x139c7a53) f20 0x7ff8000000000000
core   0: 0x00000000800049a6 (0x1aa076d3) fdiv.d  fa3, ft0, fa0
core   0: 1 0x00000000800049a6 (0x1aa076d3) f13 0x7ff8000000000000
core   0: 0x00000000800049aa (0xc027fed3) fcvt.l.s t4, fa5
core   0: 1 0x00000000800049aa (0xc027fed3) c1_fflags 0x000000000000001b x29 0x7fffffffffffffff
core   0: 0x00000000800049ae (0x40065e1b) sraiw   t3, a2, 0
core   0: 1 0x00000000800049ae (0x40065e1b) x28 0x0000000000000a00
core   0: 0x00000000800049b2 (0x2aae04d3) fmin.d  fs1, ft8, fa0
core   0: 1 0x00000000800049b2 (0x2aae04d3) f9  0x7ff8000000000000
core   0: 0x00000000800049b6 (0x02b894b3) mulh    s1, a7, a1
core   0: 1 0x00000000800049b6 (0x02b894b3) x9  0x0000000000000000
core   0: 0x00000000800049ba (0x005e9ebb) sllw    t4, t4, t0
core   0: 1 0x00000000800049ba (0x005e9ebb) x29 0xffffffff80000000
core   0: 0x00000000800049be (0x01d15a33) srl     s4, sp, t4
core   0: 1 0x00000000800049be (0x01d15a33) x20 0x0000000000000017
core   0: 0x00000000800049c2 (0x03570e33) mul     t3, a4, s5
core   0: 1 0x00000000800049c2 (0x03570e33) x28 0x0000000000000000
core   0: 0x00000000800049c6 (0xc207f253) fcvt.w.d tp, fa5
core   0: 1 0x00000000800049c6 (0xc207f253) x4  0x0000000000000000
core   0: 0x00000000800049ca (0x4014f153) fcvt.s.d ft2, fs1
core   0: 1 0x00000000800049ca (0x4014f153) f2  0xffffffff7fc00000
core   0: 0x00000000800049ce (0x00aec533) xor     a0, t4, a0
core   0: 1 0x00000000800049ce (0x00aec533) x10 0xffffffffb9ee4a7b
core   0: 0x00000000800049d2 (0x01649b3b) sllw    s6, s1, s6
core   0: 1 0x00000000800049d2 (0x01649b3b) x22 0x0000000000000000
core   0: 0x00000000800049d6 (0x00b5c0b3) xor     ra, a1, a1
core   0: 1 0x00000000800049d6 (0x00b5c0b3) x1  0x0000000000000000
core   0: 0x00000000800049da (0xe20181d3) fmv.x.d gp, ft3
core   0: 1 0x00000000800049da (0xe20181d3) x3  0x0000000000000000
core   0: 0x00000000800049de (0x1330fbd3) fmul.d  fs7, ft1, fs3
core   0: 1 0x00000000800049de (0x1330fbd3) f23 0x7ff8000000000000
core   0: 0x00000000800049e2 (0x029bf4d3) fadd.d  fs1, fs7, fs1
core   0: 1 0x00000000800049e2 (0x029bf4d3) f9  0x7ff8000000000000
core   0: 0x00000000800049e6 (0x033685bb) mulw    a1, a3, s3
core   0: 1 0x00000000800049e6 (0x033685bb) x11 0x0000000000000000
core   0: 0x00000000800049ea (0x03175c3b) divuw   s8, a4, a7
core   0: 1 0x00000000800049ea (0x03175c3b) x24 0xffffffffffffffff
core   0: 0x00000000800049ee (0x002d543b) srlw    s0, s10, sp
core   0: 1 0x00000000800049ee (0x002d543b) x8  0x0000000000000000
core   0: 0x00000000800049f2 (0x001b6813) ori     a6, s6, 1
core   0: 1 0x00000000800049f2 (0x001b6813) x16 0x0000000000000001
core   0: 0x00000000800049f6 (0x00000001) c.nop
core   0: 1 0x00000000800049f6 (0x0001)
core   0: 0x00000000800049f8 (0x000c979b) slliw   a5, s9, 0
core   0: 1 0x00000000800049f8 (0x000c979b) x15 0x0000000000008029
core   0: 0x00000000800049fc (0xc0267bd3) fcvt.l.s s7, fa2
core   0: 1 0x00000000800049fc (0xc0267bd3) c1_fflags 0x000000000000001b x23 0x7fffffffffffffff
core   0: 0x0000000080004a00 (0x01811433) sll     s0, sp, s8
core   0: 1 0x0000000080004a00 (0x01811433) x8  0x8000000000000000
core   0: 0x0000000080004a04 (0x00000001) c.nop
core   0: 1 0x0000000080004a04 (0x0001)
core   0: 0x0000000080004a06 (0x12267f53) fmul.d  ft10, fa2, ft2
core   0: 1 0x0000000080004a06 (0x12267f53) f30 0x7ff8000000000000
core   0: 0x0000000080004a0a (0x009294b3) sll     s1, t0, s1
core   0: 1 0x0000000080004a0a (0x009294b3) x9  0xffffffffffffffff
core   0: 0x0000000080004a0e (0xd22d7d4f) fnmadd.d fs10, fs10, ft2, fs10
core   0: 1 0x0000000080004a0e (0xd22d7d4f) f26 0x7ff8000000000000
core   0: 0x0000000080004a12 (0xc9d3f3b7) lui     t2, 0xc9d3f
core   0: 1 0x0000000080004a12 (0xc9d3f3b7) x7  0xffffffffc9d3f000
core   0: 0x0000000080004a16 (0x000d9d93) slli    s11, s11, 0
core   0: 1 0x0000000080004a16 (0x000d9d93) x27 0x0000000000000000
core   0: 0x0000000080004a1a (0x235b9ad3) fsgnjn.d fs5, fs7, fs5
core   0: 1 0x0000000080004a1a (0x235b9ad3) f21 0xfff8000000000000
core   0: 0x0000000080004a1e (0x038d0633) mul     a2, s10, s8
core   0: 1 0x0000000080004a1e (0x038d0633) x12 0x0000000000000000
core   0: 0x0000000080004a22 (0x035afab3) remu    s5, s5, s5
core   0: 1 0x0000000080004a22 (0x035afab3) x21 0x0000000000000000
core   0: 0x0000000080004a26 (0xd03e70d3) fcvt.s.lu ft1, t3
core   0: 1 0x0000000080004a26 (0xd03e70d3) f1  0xffffffff00000000
core   0: 0x0000000080004a2a (0x00daa3b3) slt     t2, s5, a3
core   0: 1 0x0000000080004a2a (0x00daa3b3) x7  0x0000000000000000
core   0: 0x0000000080004a2e (0x039affd3) fadd.d  ft11, fs5, fs9
core   0: 1 0x0000000080004a2e (0x039affd3) f31 0x7ff8000000000000
core   0: 0x0000000080004a32 (0x02518933) mul     s2, gp, t0
core   0: 1 0x0000000080004a32 (0x02518933) x18 0x0000000000000000
core   0: 0x0000000080004a36 (0x03a0e0b3) rem     ra, ra, s10
core   0: 1 0x0000000080004a36 (0x03a0e0b3) x1  0x0000000000000000
core   0: 0x0000000080004a3a (0x02208133) mul     sp, ra, sp
core   0: 1 0x0000000080004a3a (0x02208133) x2  0x0000000000000000
core   0: 0x0000000080004a3e (0x0005d39b) srliw   t2, a1, 0
core   0: 1 0x0000000080004a3e (0x0005d39b) x7  0x0000000000000000
core   0: 0x0000000080004a42 (0x0082521b) srliw   tp, tp, 8
core   0: 1 0x0000000080004a42 (0x0082521b) x4  0x0000000000000000
core   0: 0x0000000080004a46 (0xc2097153) fcvt.w.d sp, fs2
core   0: 1 0x0000000080004a46 (0xc2097153) x2  0x0000000000000000
core   0: 0x0000000080004a4a (0xfbd0f5c3) fmadd.d fa1, ft1, ft9, ft11
core   0: 1 0x0000000080004a4a (0xfbd0f5c3) f11 0x7ff8000000000000
core   0: 0x0000000080004a4e (0x23f623d3) fsgnjx.d ft7, fa2, ft11
core   0: 1 0x0000000080004a4e (0x23f623d3) f7  0x7ff8000000000000
core   0: 0x0000000080004a52 (0x03614d33) div     s10, sp, s6
core   0: 1 0x0000000080004a52 (0x03614d33) x26 0xffffffffffffffff
core   0: 0x0000000080004a56 (0x12e37753) fmul.d  fa4, ft6, fa4
core   0: 1 0x0000000080004a56 (0x12e37753) f14 0x0000000000000000
core   0: 0x0000000080004a5a (0x51b56797) auipc   a5, 0x51b56
core   0: 1 0x0000000080004a5a (0x51b56797) x15 0x00000000d1b5aa5a
core   0: 0x0000000080004a5e (0x41d65ebb) sraw    t4, a2, t4
core   0: 1 0x0000000080004a5e (0x41d65ebb) x29 0x0000000000000000
core   0: 0x0000000080004a62 (0xa2e98553) fle.d   a0, fs3, fa4
core   0: 1 0x0000000080004a62 (0xa2e98553) c1_fflags 0x000000000000001b x10 0x0000000000000000
core   0: 0x0000000080004a66 (0x01b55033) srl     zero, a0, s11
core   0: 1 0x0000000080004a66 (0x01b55033)
core   0: 0x0000000080004a6a (0x543b65b7) lui     a1, 0x543b6
core   0: 1 0x0000000080004a6a (0x543b65b7) x11 0x00000000543b6000
core   0: 0x0000000080004a6e (0x032ab533) mulhu   a0, s5, s2
core   0: 1 0x0000000080004a6e (0x032ab533) x10 0x0000000000000000
core   0: 0x0000000080004a72 (0x327d3097) auipc   ra, 0x327d3
core   0: 1 0x0000000080004a72 (0x327d3097) x1  0x00000000b27d7a72
core   0: 0x0000000080004a76 (0x0ff0000f) fence   iorw,iorw
core   0: 1 0x0000000080004a76 (0x0ff0000f)
core   0: 0x0000000080004a7a (0x42e6f14b) fnmsub.d ft2, fa3, fa4, fs0
core   0: 1 0x0000000080004a7a (0x42e6f14b) f2  0x7ff8000000000000
core   0: 0x0000000080004a7e (0x01aa18bb) sllw    a7, s4, s10
core   0: 1 0x0000000080004a7e (0x01aa18bb) x17 0xffffffff80000000
core   0: 0x0000000080004a82 (0x02669ab3) mulh    s5, a3, t1
core   0: 1 0x0000000080004a82 (0x02669ab3) x21 0x0000000000000000
core   0: 0x0000000080004a86 (0x3437d0f3) csrrwi  ra, mtval, 15
core   0: exception trap_illegal_instruction, epc 0x0000000080004a86
core   0:           tval 0x000000003437d0f3
core   0: >>>>  $xrv64i2p1_m2p0_a2p1_f2p2_d2p2_zicsr2p0_zifencei2p0_zmmul1p0_zba1p0_zbb1p0_zbc1p0_zbs1p0
core   0: 0x0000000080004000 (0x0080006f) j       pc + 0x8
core   0: 3 0x0000000080004000 (0x0080006f)
core   0: >>>>  mmode_exception_handler
core   0: 0x0000000080004008 (0x00002c17) auipc   s8, 0x2
core   0: 3 0x0000000080004008 (0x00002c17) x24 0x0000000080006008
core   0: 0x000000008000400c (0xfecc0c13) addi    s8, s8, -20
core   0: 3 0x000000008000400c (0xfecc0c13) x24 0x0000000080005ff4
core   0: 0x0000000080004010 (0x000c00e7) jalr    s8
core   0: 3 0x0000000080004010 (0x000c00e7) x1  0x0000000080004014
core   0: >>>>  any_handler
core   0: 0x0000000080005ff4 (0x341027f3) csrrs   a5, mepc, zero
core   0: 3 0x0000000080005ff4 (0x341027f3) x15 0x0000000080004a86
core   0: 0x0000000080005ff8 (0x34202773) csrrs   a4, mcause, zero
core   0: 3 0x0000000080005ff8 (0x34202773) x14 0x0000000000000002
core   0: 0x0000000080005ffc (0x142026f3) csrrs   a3, scause, zero
core   0: 3 0x0000000080005ffc (0x142026f3) x13 0x0000000000000000
core   0: 0x0000000080006000 (0x30402673) csrrs   a2, mie, zero
core   0: 3 0x0000000080006000 (0x30402673) x12 0x0000000000000a00
core   0: 0x0000000080006004 (0x344025f3) csrrs   a1, mip, zero
core   0: 3 0x0000000080006004 (0x344025f3) x11 0x0000000000000080
core   0: 0x0000000080006008 (0x343025f3) csrrs   a1, mtval, zero
core   0: 3 0x0000000080006008 (0x343025f3) x11 0x000000003437d0f3
core   0: 0x000000008000600c (0x14302573) csrrs   a0, stval, zero
core   0: 3 0x000000008000600c (0x14302573) x10 0x0000000039ee4a7b
core   0: 0x0000000080006010 (0xb02024f3) csrrs   s1, minstret, zero
core   0: 3 0x0000000080006010 (0xb02024f3) x9  0x0000000000000b32
core   0: 0x0000000080006014 (0x0000a811) c.j     pc + 20
core   0: 3 0x0000000080006014 (0xa811)
core   0: >>>>  mepc_4
core   0: 0x0000000080006028 (0x00000791) c.addi  a5, 4
core   0: 3 0x0000000080006028 (0x0791) x15 0x0000000080004a8a
core   0: 0x000000008000602a (0x34179073) csrrw   zero, mepc, a5
core   0: 3 0x000000008000602a (0x34179073) c833_mepc 0x0000000080004a8a
core   0: 0x000000008000602e (0x30200073) mret
core   0: 3 0x000000008000602e (0x30200073) c768_mstatus 0x8000000a00106080
core   0: 0x0000000080004a8a (0x0189d9b3) srl     s3, s3, s8
core   0: 1 0x0000000080004a8a (0x0189d9b3) x19 0x0000000000000080
core   0: 0x0000000080004a8e (0x0340c0bb) divw    ra, ra, s4
core   0: 1 0x0000000080004a8e (0x0340c0bb) x1  0xfffffffffa6f50b3
core   0: 0x0000000080004a92 (0x03b71993) slli    s3, a4, 59
core   0: 1 0x0000000080004a92 (0x03b71993) x19 0x1000000000000000
core   0: 0x0000000080004a96 (0x00271af3) csrrw   s5, frm, a4
core   0: 1 0x0000000080004a96 (0x00271af3) x21 0x0000000000000001 c2_frm 0x0000000000000002
core   0: 0x0000000080004a9a (0x0153033b) addw    t1, t1, s5
core   0: 1 0x0000000080004a9a (0x0153033b) x6  0x0000000000000018
core   0: 0x0000000080004a9e (0xc2047c53) fcvt.w.d s8, fs0
core   0: 1 0x0000000080004a9e (0xc2047c53) c1_fflags 0x000000000000001b x24 0x000000007fffffff
core   0: 0x0000000080004aa2 (0x03d7c9bb) divw    s3, a5, t4
core   0: 1 0x0000000080004aa2 (0x03d7c9bb) x19 0xffffffffffffffff
core   0: 0x0000000080004aa6 (0x7ff9c293) xori    t0, s3, 2047
core   0: 1 0x0000000080004aa6 (0x7ff9c293) x5  0xfffffffffffff800
core   0: 0x0000000080004aaa (0xab7576cb) fnmsub.d fa3, fa0, fs7, fs5
core   0: 1 0x0000000080004aaa (0xab7576cb) f13 0x7ff8000000000000
core   0: 0x0000000080004aae (0x00107013) andi    zero, zero, 1
core   0: 1 0x0000000080004aae (0x00107013)
core   0: 0x0000000080004ab2 (0x0001d19b) srliw   gp, gp, 0
core   0: 1 0x0000000080004ab2 (0x0001d19b) x3  0x0000000000000000
core   0: 0x0000000080004ab6 (0x4001d913) srai    s2, gp, 0
core   0: 1 0x0000000080004ab6 (0x4001d913) x18 0x0000000000000000
core   0: 0x0000000080004aba (0x0226f153) fadd.d  ft2, fa3, ft2
core   0: 1 0x0000000080004aba (0x0226f153) f2  0x7ff8000000000000
core   0: 0x0000000080004abe (0x000d9b1b) slliw   s6, s11, 0
core   0: 1 0x0000000080004abe (0x000d9b1b) x22 0x0000000000000000
core   0: 0x0000000080004ac2 (0xe20e0753) fmv.x.d a4, ft8
core   0: 1 0x0000000080004ac2 (0xe20e0753) x14 0x7ff8000000000000
core   0: 0x0000000080004ac6 (0x02f81ab3) mulh    s5, a6, a5
core   0: 1 0x0000000080004ac6 (0x02f81ab3) x21 0x0000000000000000
core   0: 0x0000000080004aca (0x0288fc3b) remuw   s8, a7, s0
core   0: 1 0x0000000080004aca (0x0288fc3b) x24 0xffffffff80000000
core   0: 0x0000000080004ace (0xc216fed3) fcvt.wu.d t4, fa3
core   0: 1 0x0000000080004ace (0xc216fed3) c1_fflags 0x000000000000001b x29 0xffffffffffffffff
core   0: 0x0000000080004ad2 (0xd02c75d3) fcvt.s.l fa1, s8
core   0: 1 0x0000000080004ad2 (0xd02c75d3) f11 0xffffffffcf000000
core   0: 0x0000000080004ad6 (0x018a9b1b) slliw   s6, s5, 24
core   0: 1 0x0000000080004ad6 (0x018a9b1b) x22 0x0000000000000000
core   0: 0x0000000080004ada (0x2b118353) fmin.d  ft6, ft3, fa7
core   0: 1 0x0000000080004ada (0x2b118353) f6  0x0000000000000000
core   0: 0x0000000080004ade (0xd02d7f53) fcvt.s.l ft10, s10
core   0: 1 0x0000000080004ade (0xd02d7f53) f30 0xffffffffbf800000
core   0: 0x0000000080004ae2 (0x400b5b93) srai    s7, s6, 0
core   0: 1 0x0000000080004ae2 (0x400b5b93) x23 0x0000000000000000
core   0: 0x0000000080004ae6 (0xa3080553) fle.d   a0, fa6, fa6
core   0: 1 0x0000000080004ae6 (0xa3080553) x10 0x0000000000000001
core   0: 0x0000000080004aea (0x400d551b) sraiw   a0, s10, 0
core   0: 1 0x0000000080004aea (0x400d551b) x10 0xffffffffffffffff
core   0: 0x0000000080004aee (0x4145559b) sraiw   a1, a0, 20
core   0: 1 0x0000000080004aee (0x4145559b) x11 0xffffffffffffffff
core   0: 0x0000000080004af2 (0x4190003b) subw    zero, zero, s9
core   0: 1 0x0000000080004af2 (0x4190003b)
core   0: 0x0000000080004af6 (0x1a777ed3) fdiv.d  ft9, fa4, ft7
core   0: 1 0x0000000080004af6 (0x1a777ed3) f29 0x7ff8000000000000
core   0: 0x0000000080004afa (0x2bec9f53) fmax.d  ft10, fs9, ft10
core   0: 1 0x0000000080004afa (0x2bec9f53) f30 0x7ff8000000000000
core   0: 0x0000000080004afe (0x5a00f2d3) fsqrt.d ft5, ft1
core   0: 1 0x0000000080004afe (0x5a00f2d3) f5  0x7ff8000000000000
core   0: 0x0000000080004b02 (0x22861ed3) fsgnjn.d ft9, fa2, fs0
core   0: 1 0x0000000080004b02 (0x22861ed3) f29 0xfff8000000000000
core   0: 0x0000000080004b06 (0x0126eb33) or      s6, a3, s2
core   0: 1 0x0000000080004b06 (0x0126eb33) x22 0x0000000000000000
core   0: 0x0000000080004b0a (0x018e57bb) srlw    a5, t3, s8
core   0: 1 0x0000000080004b0a (0x018e57bb) x15 0x0000000000000000
core   0: 0x0000000080004b0e (0x014d013b) addw    sp, s10, s4
core   0: 1 0x0000000080004b0e (0x014d013b) x2  0x0000000000000016
core   0: 0x0000000080004b12 (0x7ffac893) xori    a7, s5, 2047
core   0: 1 0x0000000080004b12 (0x7ffac893) x17 0x00000000000007ff
core   0: 0x0000000080004b16 (0x00000001) c.nop
core   0: 1 0x0000000080004b16 (0x0001)
core   0: 0x0000000080004b18 (0x328d0913) addi    s2, s10, 808
core   0: 1 0x0000000080004b18 (0x328d0913) x18 0x0000000000000327
core   0: 0x0000000080004b1c (0x00000001) c.nop
core   0: 1 0x0000000080004b1c (0x0001)
core   0: 0x0000000080004b1e (0x7b1b6193) ori     gp, s6, 1969
core   0: 1 0x0000000080004b1e (0x7b1b6193) x3  0x00000000000007b1
core   0: 0x0000000080004b22 (0x4010d993) srai    s3, ra, 1
core   0: 1 0x0000000080004b22 (0x4010d993) x19 0xfffffffffd37a859
core   0: 0x0000000080004b26 (0x2a528a53) fmin.d  fs4, ft5, ft5
core   0: 1 0x0000000080004b26 (0x2a528a53) f20 0x7ff8000000000000
core   0: 0x0000000080004b2a (0x012d2b33) slt     s6, s10, s2
core   0: 1 0x0000000080004b2a (0x012d2b33) x22 0x0000000000000001
core   0: 0x0000000080004b2e (0x032485b3) mul     a1, s1, s2
core   0: 1 0x0000000080004b2e (0x032485b3) x11 0x0000000000234a9e
core   0: 0x0000000080004b32 (0xd03b7753) fcvt.s.lu fa4, s6
core   0: 1 0x0000000080004b32 (0xd03b7753) f14 0xffffffff3f800000
core   0: 0x0000000080004b36 (0x012cc3b3) xor     t2, s9, s2
core   0: 1 0x0000000080004b36 (0x012cc3b3) x7  0x000000000000830e
core   0: 0x0000000080004b3a (0x027945b3) div     a1, s2, t2
core   0: 1 0x0000000080004b3a (0x027945b3) x11 0x0000000000000000
core   0: 0x0000000080004b3e (0x00069e13) slli    t3, a3, 0
core   0: 1 0x0000000080004b3e (0x00069e13) x28 0x0000000000000000
core   0: 0x0000000080004b42 (0x05039037) lui     zero, 0x5039
core   0: 1 0x0000000080004b42 (0x05039037)
core   0: 0x0000000080004b46 (0x49b0001b) addiw   zero, zero, 1179
core   0: 1 0x0000000080004b46 (0x49b0001b)
core   0: 0x0000000080004b4a (0x00c01013) slli    zero, zero, 12
core   0: 1 0x0000000080004b4a (0x00c01013)
core   0: 0x0000000080004b4e (0x9d100013) li      zero, -1583
core   0: 1 0x0000000080004b4e (0x9d100013)
core   0: 0x0000000080004b52 (0xd23e7753) fcvt.d.lu fa4, t3
core   0: 1 0x0000000080004b52 (0xd23e7753) f14 0x0000000000000000
core   0: 0x0000000080004b56 (0x01255d9b) srliw   s11, a0, 18
core   0: 1 0x0000000080004b56 (0x01255d9b) x27 0x0000000000003fff
core   0: 0x0000000080004b5a (0x00138e9b) addiw   t4, t2, 1
core   0: 1 0x0000000080004b5a (0x00138e9b) x29 0x000000000000830f
core   0: 0x0000000080004b5e (0xc351fd4f) fnmadd.d fs10, ft3, fs5, fs8
core   0: 1 0x0000000080004b5e (0xc351fd4f) f26 0x7ff8000000000000
core   0: 0x0000000080004b62 (0x2b591553) fmax.d  fa0, fs2, fs5
core   0: 1 0x0000000080004b62 (0x2b591553) f10 0x8000000000000000
core   0: 0x0000000080004b66 (0x01ae2e33) slt     t3, t3, s10
core   0: 1 0x0000000080004b66 (0x01ae2e33) x28 0x0000000000000000
core   0: 0x0000000080004b6a (0x4b61744b) fnmsub.d fs0, ft2, fs6, fs1
core   0: 1 0x0000000080004b6a (0x4b61744b) f8  0x7ff8000000000000
core   0: 0x0000000080004b6e (0xd0237dd3) fcvt.s.l fs11, t1
core   0: 1 0x0000000080004b6e (0xd0237dd3) f27 0xffffffff41c00000
core   0: 0x0000000080004b72 (0xc216f053) fcvt.wu.d zero, fa3
core   0: 1 0x0000000080004b72 (0xc216f053) c1_fflags 0x000000000000001b
core   0: 0x0000000080004b76 (0x038c6ab3) rem     s5, s8, s8
core   0: 1 0x0000000080004b76 (0x038c6ab3) x21 0x0000000000000000
core   0: 0x0000000080004b7a (0x1ba773d3) fdiv.d  ft7, fa4, fs10
core   0: 1 0x0000000080004b7a (0x1ba773d3) f7  0x7ff8000000000000
core   0: 0x0000000080004b7e (0x3b93734b) fnmsub.d ft6, ft6, fs9, ft7
core   0: 1 0x0000000080004b7e (0x3b93734b) f6  0x7ff8000000000000
core   0: 0x0000000080004b82 (0x03b3713b) remuw   sp, t1, s11
core   0: 1 0x0000000080004b82 (0x03b3713b) x2  0x0000000000000018
core   0: 0x0000000080004b86 (0x5a0f7953) fsqrt.d fs2, ft10
core   0: 1 0x0000000080004b86 (0x5a0f7953) f18 0x7ff8000000000000
core   0: 0x0000000080004b8a (0x141053f3) csrrwi  t2, sepc, 0
core   0: 1 0x0000000080004b8a (0x141053f3) x7  0x0000000000000000 c321_sepc 0x0000000000000000
core   0: 0x0000000080004b8e (0x010b88bb) addw    a7, s7, a6
core   0: 1 0x0000000080004b8e (0x010b88bb) x17 0x0000000000000001
core   0: 0x0000000080004b92 (0x00008262) c.mv    tp, s8
core   0: 1 0x0000000080004b92 (0x8262) x4  0xffffffff80000000
core   0: 0x0000000080004b94 (0x40f65913) srai    s2, a2, 15
core   0: 1 0x0000000080004b94 (0x40f65913) x18 0x0000000000000000
core   0: 0x0000000080004b98 (0x03d903bb) mulw    t2, s2, t4
core   0: 1 0x0000000080004b98 (0x03d903bb) x7  0x0000000000000000
core   0: 0x0000000080004b9c (0x0ff0000f) fence   iorw,iorw
core   0: 1 0x0000000080004b9c (0x0ff0000f)
core   0: 0x0000000080004ba0 (0x22401353) fsgnjn.d ft6, ft0, ft4
core   0: 1 0x0000000080004ba0 (0x22401353) f6  0xfff8000000000000
core   0: 0x0000000080004ba4 (0x0074cab3) xor     s5, s1, t2
core   0: 1 0x0000000080004ba4 (0x0074cab3) x21 0x0000000000000b32
core   0: 0x0000000080004ba8 (0xc22cfa53) fcvt.l.d s4, fs9
core   0: 1 0x0000000080004ba8 (0xc22cfa53) c1_fflags 0x000000000000001b x20 0x7fffffffffffffff
core   0: 0x0000000080004bac (0x00008f19) c.sub   a4, a4
core   0: 1 0x0000000080004bac (0x8f19) x14 0x0000000000000000
core   0: 0x0000000080004bae (0xc2137c53) fcvt.wu.d s8, ft6
core   0: 1 0x0000000080004bae (0xc2137c53) c1_fflags 0x000000000000001b x24 0xffffffffffffffff
core   0: 0x0000000080004bb2 (0xd2018053) fcvt.d.w ft0, gp
core   0: 1 0x0000000080004bb2 (0xd2018053) f0  0x409ec40000000000
core   0: 0x0000000080004bb6 (0x0a99f9d3) fsub.d  fs3, fs3, fs1
core   0: 1 0x0000000080004bb6 (0x0a99f9d3) f19 0x7ff8000000000000
core   0: 0x0000000080004bba (0x038182bb) mulw    t0, gp, s8
core   0: 1 0x0000000080004bba (0x038182bb) x5  0xfffffffffffff84f
core   0: 0x0000000080004bbe (0x03625213) srli    tp, tp, 54
core   0: 1 0x0000000080004bbe (0x03625213) x4  0x00000000000003ff
core   0: 0x0000000080004bc2 (0xc219f453) fcvt.wu.d s0, fs3
core   0: 1 0x0000000080004bc2 (0xc219f453) c1_fflags 0x000000000000001b x8  0xffffffffffffffff
core   0: 0x0000000080004bc6 (0x0329413b) divw    sp, s2, s2
core   0: 1 0x0000000080004bc6 (0x0329413b) x2  0xffffffffffffffff
core   0: 0x0000000080004bca (0xd22bfa53) fcvt.d.l fs4, s7
core   0: 1 0x0000000080004bca (0xd22bfa53) f20 0x0000000000000000
core   0: 0x0000000080004bce (0x01ab9bbb) sllw    s7, s7, s10
core   0: 1 0x0000000080004bce (0x01ab9bbb) x23 0x0000000000000000
core   0: 0x0000000080004bd2 (0x237d8353) fsgnj.d ft6, fs11, fs7
core   0: 1 0x0000000080004bd2 (0x237d8353) f6  0x7fffffff41c00000
core   0: 0x0000000080004bd6 (0x000c5c1b) srliw   s8, s8, 0
core   0: 1 0x0000000080004bd6 (0x000c5c1b) x24 0xffffffffffffffff
core   0: 0x0000000080004bda (0x00000d9b) sext.w  s11, zero
core   0: 1 0x0000000080004bda (0x00000d9b) x27 0x0000000000000000
core   0: 0x0000000080004bde (0xd236f6d3) fcvt.d.lu fa3, a3
core   0: 1 0x0000000080004bde (0xd236f6d3) f13 0x0000000000000000
core   0: 0x0000000080004be2 (0x03778bb3) mul     s7, a5, s7
core   0: 1 0x0000000080004be2 (0x03778bb3) x23 0x0000000000000000
core   0: 0x0000000080004be6 (0x0005181b) slliw   a6, a0, 0
core   0: 1 0x0000000080004be6 (0x0005181b) x16 0xffffffffffffffff
core   0: 0x0000000080004bea (0x409700bb) subw    ra, a4, s1
core   0: 1 0x0000000080004bea (0x409700bb) x1  0xfffffffffffff4ce
core   0: 0x0000000080004bee (0xd22cf1d3) fcvt.d.l ft3, s9
core   0: 1 0x0000000080004bee (0xd22cf1d3) f3  0x40e0052000000000
core   0: 0x0000000080004bf2 (0x02117a3b) remuw   s4, sp, ra
core   0: 1 0x0000000080004bf2 (0x02117a3b) x20 0x0000000000000b31
core   0: 0x0000000080004bf6 (0x0a14f4c7) fmsub.d fs1, fs1, ft1, ft1
core   0: 1 0x0000000080004bf6 (0x0a14f4c7) f9  0x7ff8000000000000
core   0: 0x0000000080004bfa (0x001a1e73) csrrw   t3, fflags, s4
core   0: 1 0x0000000080004bfa (0x001a1e73) x28 0x000000000000001b c1_fflags 0x0000000000000011
core   0: 0x0000000080004bfe (0x00000001) c.nop
core   0: 1 0x0000000080004bfe (0x0001)
core   0: 0x0000000080004c00 (0x028a063b) mulw    a2, s4, s0
core   0: 1 0x0000000080004c00 (0x028a063b) x12 0xfffffffffffff4cf
core   0: 0x0000000080004c04 (0x03c15db7) lui     s11, 0x3c15
core   0: 1 0x0000000080004c04 (0x03c15db7) x27 0x0000000003c15000
core   0: 0x0000000080004c08 (0x9e5d8d9b) addiw   s11, s11, -1563
core   0: 1 0x0000000080004c08 (0x9e5d8d9b) x27 0x0000000003c149e5
core   0: 0x0000000080004c0c (0x00000db2) c.slli  s11, 12
core   0: 1 0x0000000080004c0c (0x0db2) x27 0x0000003c149e5000
core   0: 0x0000000080004c0e (0xd16d8d93) addi    s11, s11, -746
core   0: 1 0x0000000080004c0e (0xd16d8d93) x27 0x0000003c149e4d16
core   0: 0x0000000080004c12 (0x5a027653) fsqrt.d fa2, ft4
core   0: 1 0x0000000080004c12 (0x5a027653) f12 0x7ff8000000000000
core   0: 0x0000000080004c16 (0x41bd5933) sra     s2, s10, s11
core   0: 1 0x0000000080004c16 (0x41bd5933) x18 0xffffffffffffffff
core   0: 0x0000000080004c1a (0x015c9cb3) sll     s9, s9, s5
core   0: 1 0x0000000080004c1a (0x015c9cb3) x25 0x00a4000000000000
core   0: 0x0000000080004c1e (0x419b8bb3) sub     s7, s7, s9
core   0: 1 0x0000000080004c1e (0x419b8bb3) x23 0xff5c000000000000
core   0: 0x0000000080004c22 (0x03b519b3) mulh    s3, a0, s11
core   0: 1 0x0000000080004c22 (0x03b519b3) x19 0xffffffffffffffff
core   0: 0x0000000080004c26 (0x02d1003b) mulw    zero, sp, a3
core   0: 1 0x0000000080004c26 (0x02d1003b)
core   0: 0x0000000080004c2a (0x019c191b) slliw   s2, s8, 25
core   0: 1 0x0000000080004c2a (0x019c191b) x18 0xfffffffffe000000
core   0: 0x0000000080004c2e (0xd023f353) fcvt.s.l ft6, t2
core   0: 1 0x0000000080004c2e (0xd023f353) f6  0xffffffff00000000
core   0: 0x0000000080004c32 (0x03ded2bb) divuw   t0, t4, t4
core   0: 1 0x0000000080004c32 (0x03ded2bb) x5  0x0000000000000001
core   0: 0x0000000080004c36 (0xa9e250b7) lui     ra, 0xa9e25
core   0: 1 0x0000000080004c36 (0xa9e250b7) x1  0xffffffffa9e25000
core   0: 0x0000000080004c3a (0xe2088153) fmv.x.d sp, fa7
core   0: 1 0x0000000080004c3a (0xe2088153) x2  0xffffffff00000000
core   0: 0x0000000080004c3e (0x72b8f947) fmsub.d fs2, fa7, fa1, fa4
core   0: 1 0x0000000080004c3e (0x72b8f947) f18 0x7ff8000000000000
core   0: 0x0000000080004c42 (0x0010d03b) srlw    zero, ra, ra
core   0: 1 0x0000000080004c42 (0x0010d03b)
core   0: 0x0000000080004c46 (0x8b1274cb) fnmsub.d fs1, ft4, fa7, fa7
core   0: 1 0x0000000080004c46 (0x8b1274cb) f9  0x7ff8000000000000
core   0: 0x0000000080004c4a (0x40290d3b) subw    s10, s2, sp
core   0: 1 0x0000000080004c4a (0x40290d3b) x26 0xfffffffffe000000
core   0: 0x0000000080004c4e (0x3ef27237) lui     tp, 0x3ef27
core   0: 1 0x0000000080004c4e (0x3ef27237) x4  0x000000003ef27000
core   0: 0x0000000080004c52 (0x00c40cbb) addw    s9, s0, a2
core   0: 1 0x0000000080004c52 (0x00c40cbb) x25 0xfffffffffffff4ce
core   0: 0x0000000080004c56 (0x62c8f1cb) fnmsub.d ft3, fa7, fa2, fa2
core   0: 1 0x0000000080004c56 (0x62c8f1cb) f3  0x7ff8000000000000
core   0: 0x0000000080004c5a (0x032c87bb) mulw    a5, s9, s2
core   0: 1 0x0000000080004c5a (0x032c87bb) x15 0x0000000064000000
core   0: 0x0000000080004c5e (0xd20204d3) fcvt.d.w fs1, tp
core   0: 1 0x0000000080004c5e (0xd20204d3) f9  0x41cf793800000000
core   0: 0x0000000080004c62 (0x01cb1c33) sll     s8, s6, t3
core   0: 1 0x0000000080004c62 (0x01cb1c33) x24 0x0000000008000000
core   0: 0x0000000080004c66 (0x00000001) c.nop
core   0: 1 0x0000000080004c66 (0x0001)
core   0: 0x0000000080004c68 (0x03cb6a3b) remw    s4, s6, t3
core   0: 1 0x0000000080004c68 (0x03cb6a3b) x20 0x0000000000000001
core   0: 0x0000000080004c6c (0x0149ed33) or      s10, s3, s4
core   0: 1 0x0000000080004c6c (0x0149ed33) x26 0xffffffffffffffff
core   0: 0x0000000080004c70 (0x0343483b) divw    a6, t1, s4
core   0: 1 0x0000000080004c70 (0x0343483b) x16 0x0000000000000018
core   0: 0x0000000080004c74 (0x001beb93) ori     s7, s7, 1
core   0: 1 0x0000000080004c74 (0x001beb93) x23 0xff5c000000000001
core   0: 0x0000000080004c78 (0x035e62b3) rem     t0, t3, s5
core   0: 1 0x0000000080004c78 (0x035e62b3) x5  0x000000000000001b
core   0: 0x0000000080004c7c (0x025be33b) remw    t1, s7, t0
core   0: 1 0x0000000080004c7c (0x025be33b) x6  0x0000000000000001
core   0: 0x0000000080004c80 (0x40f55433) sra     s0, a0, a5
core   0: 1 0x0000000080004c80 (0x40f55433) x8  0xffffffffffffffff
core   0: 0x0000000080004c84 (0xd232f6d3) fcvt.d.lu fa3, t0
core   0: 1 0x0000000080004c84 (0xd232f6d3) f13 0x403b000000000000
core   0: 0x0000000080004c88 (0x0013939b) slliw   t2, t2, 1
core   0: 1 0x0000000080004c88 (0x0013939b) x7  0x0000000000000000
core   0: 0x0000000080004c8c (0x40835bbb) sraw    s7, t1, s0
core   0: 1 0x0000000080004c8c (0x40835bbb) x23 0x0000000000000000
core   0: 0x0000000080004c90 (0x001410f3) csrrw   ra, fflags, s0
core   0: 1 0x0000000080004c90 (0x001410f3) x1  0x0000000000000011 c1_fflags 0x000000000000001f
core   0: 0x0000000080004c94 (0x0ff0000f) fence   iorw,iorw
core   0: 1 0x0000000080004c94 (0x0ff0000f)
core   0: 0x0000000080004c98 (0xc03afb53) fcvt.lu.s s6, fs5
core   0: 1 0x0000000080004c98 (0xc03afb53) c1_fflags 0x000000000000001f x22 0xffffffffffffffff
core   0: 0x0000000080004c9c (0x4b0df843) fmadd.d fa6, fs11, fa6, fs1
core   0: 1 0x0000000080004c9c (0x4b0df843) f16 0x7ff8000000000000
core   0: 0x0000000080004ca0 (0x038c5c3b) divuw   s8, s8, s8
core   0: 1 0x0000000080004ca0 (0x038c5c3b) x24 0x0000000000000001
core   0: 0x0000000080004ca4 (0xb02cd873) csrrwi  a6, minstret, 25
core   0: exception trap_illegal_instruction, epc 0x0000000080004ca4
core   0:           tval 0x00000000b02cd873
core   0: >>>>  $xrv64i2p1_m2p0_a2p1_f2p2_d2p2_zicsr2p0_zifencei2p0_zmmul1p0_zba1p0_zbb1p0_zbc1p0_zbs1p0
core   0: 0x0000000080004000 (0x0080006f) j       pc + 0x8
core   0: 3 0x0000000080004000 (0x0080006f)
core   0: >>>>  mmode_exception_handler
core   0: 0x0000000080004008 (0x00002c17) auipc   s8, 0x2
core   0: 3 0x0000000080004008 (0x00002c17) x24 0x0000000080006008
core   0: 0x000000008000400c (0xfecc0c13) addi    s8, s8, -20
core   0: 3 0x000000008000400c (0xfecc0c13) x24 0x0000000080005ff4
core   0: 0x0000000080004010 (0x000c00e7) jalr    s8
core   0: 3 0x0000000080004010 (0x000c00e7) x1  0x0000000080004014
core   0: >>>>  any_handler
core   0: 0x0000000080005ff4 (0x341027f3) csrrs   a5, mepc, zero
core   0: 3 0x0000000080005ff4 (0x341027f3) x15 0x0000000080004ca4
core   0: 0x0000000080005ff8 (0x34202773) csrrs   a4, mcause, zero
core   0: 3 0x0000000080005ff8 (0x34202773) x14 0x0000000000000002
core   0: 0x0000000080005ffc (0x142026f3) csrrs   a3, scause, zero
core   0: 3 0x0000000080005ffc (0x142026f3) x13 0x0000000000000000
core   0: 0x0000000080006000 (0x30402673) csrrs   a2, mie, zero
core   0: 3 0x0000000080006000 (0x30402673) x12 0x0000000000000a00
core   0: 0x0000000080006004 (0x344025f3) csrrs   a1, mip, zero
core   0: 3 0x0000000080006004 (0x344025f3) x11 0x0000000000000080
core   0: 0x0000000080006008 (0x343025f3) csrrs   a1, mtval, zero
core   0: 3 0x0000000080006008 (0x343025f3) x11 0x00000000b02cd873
core   0: 0x000000008000600c (0x14302573) csrrs   a0, stval, zero
core   0: 3 0x000000008000600c (0x14302573) x10 0x0000000039ee4a7b
core   0: 0x0000000080006010 (0xb02024f3) csrrs   s1, minstret, zero
core   0: 3 0x0000000080006010 (0xb02024f3) x9  0x0000000000000bcc
core   0: 0x0000000080006014 (0x0000a811) c.j     pc + 20
core   0: 3 0x0000000080006014 (0xa811)
core   0: >>>>  mepc_4
core   0: 0x0000000080006028 (0x00000791) c.addi  a5, 4
core   0: 3 0x0000000080006028 (0x0791) x15 0x0000000080004ca8
core   0: 0x000000008000602a (0x34179073) csrrw   zero, mepc, a5
core   0: 3 0x000000008000602a (0x34179073) c833_mepc 0x0000000080004ca8
core   0: 0x000000008000602e (0x30200073) mret
core   0: 3 0x000000008000602e (0x30200073) c768_mstatus 0x8000000a00106080
core   0: 0x0000000080004ca8 (0xc03a7453) fcvt.lu.s s0, fs4
core   0: 1 0x0000000080004ca8 (0xc03a7453) c1_fflags 0x000000000000001f x8  0xffffffffffffffff
core   0: 0x0000000080004cac (0x40c4033b) subw    t1, s0, a2
core   0: 1 0x0000000080004cac (0x40c4033b) x6  0xfffffffffffff5ff
core   0: 0x0000000080004cb0 (0x01fe169b) slliw   a3, t3, 31
core   0: 1 0x0000000080004cb0 (0x01fe169b) x13 0xffffffff80000000
core   0: 0x0000000080004cb4 (0x000bda13) srli    s4, s7, 0
core   0: 1 0x0000000080004cb4 (0x000bda13) x20 0x0000000000000000
core   0: 0x0000000080004cb8 (0x036470bb) remuw   ra, s0, s6
core   0: 1 0x0000000080004cb8 (0x036470bb) x1  0x0000000000000000
core   0: 0x0000000080004cbc (0x016a83bb) addw    t2, s5, s6
core   0: 1 0x0000000080004cbc (0x016a83bb) x7  0x0000000000000b31
core   0: 0x0000000080004cc0 (0x001b191b) slliw   s2, s6, 1
core   0: 1 0x0000000080004cc0 (0x001b191b) x18 0xfffffffffffffffe
core   0: 0x0000000080004cc4 (0x411a5ab3) sra     s5, s4, a7
core   0: 1 0x0000000080004cc4 (0x411a5ab3) x21 0x0000000000000000
core   0: 0x0000000080004cc8 (0x42010153) fcvt.d.s ft2, ft2
core   0: 1 0x0000000080004cc8 (0x42010153) f2  0x7ff8000000000000
core   0: 0x0000000080004ccc (0x03dc4433) div     s0, s8, t4
core   0: 1 0x0000000080004ccc (0x03dc4433) x8  0x000000000000fa07
core   0: 0x0000000080004cd0 (0x000c6813) ori     a6, s8, 0
core   0: 1 0x0000000080004cd0 (0x000c6813) x16 0x0000000080005ff4
core   0: 0x0000000080004cd4 (0x00000001) c.nop
core   0: 1 0x0000000080004cd4 (0x0001)
core   0: 0x0000000080004cd6 (0x0078533b) srlw    t1, a6, t2
core   0: 1 0x0000000080004cd6 (0x0078533b) x6  0x0000000000004000
core   0: 0x0000000080004cda (0x47096913) ori     s2, s2, 1136
core   0: 1 0x0000000080004cda (0x47096913) x18 0xfffffffffffffffe
core   0: 0x0000000080004cde (0x03c8d2b3) divu    t0, a7, t3
core   0: 1 0x0000000080004cde (0x03c8d2b3) x5  0x0000000000000000
core   0: 0x0000000080004ce2 (0x40c88033) sub     zero, a7, a2
core   0: 1 0x0000000080004ce2 (0x40c88033)
core   0: 0x0000000080004ce6 (0x400e8033) sub     zero, t4, zero
core   0: 1 0x0000000080004ce6 (0x400e8033)
core   0: 0x0000000080004cea (0x4017dd93) srai    s11, a5, 1
core   0: 1 0x0000000080004cea (0x4017dd93) x27 0x0000000040002654
core   0: 0x0000000080004cee (0x00179d73) csrrw   s10, fflags, a5
core   0: 1 0x0000000080004cee (0x00179d73) x26 0x000000000000001f c1_fflags 0x0000000000000008
core   0: 0x0000000080004cf2 (0x00045d93) srli    s11, s0, 0
core   0: 1 0x0000000080004cf2 (0x00045d93) x27 0x000000000000fa07
core   0: 0x0000000080004cf6 (0xd03cfcd3) fcvt.s.lu fs9, s9
core   0: 1 0x0000000080004cf6 (0xd03cfcd3) c1_fflags 0x0000000000000009 f25 0xffffffff5f7fffff
core   0: 0x0000000080004cfa (0x0184983b) sllw    a6, s1, s8
core   0: 1 0x0000000080004cfa (0x0184983b) x16 0xffffffffbcc00000
core   0: 0x0000000080004cfe (0x0109593b) srlw    s2, s2, a6
core   0: 1 0x0000000080004cfe (0x0109593b) x18 0xfffffffffffffffe
core   0: 0x0000000080004d02 (0x01cb0db3) add     s11, s6, t3
core   0: 1 0x0000000080004d02 (0x01cb0db3) x27 0x000000000000001a
core   0: 0x0000000080004d06 (0x23027247) fmsub.d ft4, ft4, fa6, ft4
core   0: 1 0x0000000080004d06 (0x23027247) f4  0x7ff8000000000000
core   0: 0x0000000080004d0a (0x00be4433) xor     s0, t3, a1
core   0: 1 0x0000000080004d0a (0x00be4433) x8  0x00000000b02cd868
core   0: 0x0000000080004d0e (0x00bb1b3b) sllw    s6, s6, a1
core   0: 1 0x0000000080004d0e (0x00bb1b3b) x22 0xfffffffffff80000
core   0: 0x0000000080004d12 (0xd20b05d3) fcvt.d.w fa1, s6
core   0: 1 0x0000000080004d12 (0xd20b05d3) f11 0xc120000000000000
core   0: 0x0000000080004d16 (0x65e8889b) addiw   a7, a7, 1630
core   0: 1 0x0000000080004d16 (0x65e8889b) x17 0x000000000000065f
core   0: 0x0000000080004d1a (0x0368d3bb) divuw   t2, a7, s6
core   0: 1 0x0000000080004d1a (0x0368d3bb) x7  0x0000000000000000
core   0: 0x0000000080004d1e (0x020a39b3) mulhu   s3, s4, zero
core   0: 1 0x0000000080004d1e (0x020a39b3) x19 0x0000000000000000
core   0: 0x0000000080004d22 (0x003c6db3) or      s11, s8, gp
core   0: 1 0x0000000080004d22 (0x003c6db3) x27 0x0000000080005ff5
core   0: 0x0000000080004d26 (0x41aed03b) sraw    zero, t4, s10
core   0: 1 0x0000000080004d26 (0x41aed03b)
core   0: 0x0000000080004d2a (0x01de9633) sll     a2, t4, t4
core   0: 1 0x0000000080004d2a (0x01de9633) x12 0x0000000041878000
core   0: 0x0000000080004d2e (0x0209a9b3) mulhsu  s3, s3, zero
core   0: 1 0x0000000080004d2e (0x0209a9b3) x19 0x0000000000000000
core   0: 0x0000000080004d32 (0x034612b3) mulh    t0, a2, s4
core   0: 1 0x0000000080004d32 (0x034612b3) x5  0x0000000000000000
core   0: 0x0000000080004d36 (0xc2017053) fcvt.w.d zero, ft2
core   0: 1 0x0000000080004d36 (0xc2017053) c1_fflags 0x0000000000000019
core   0: 0x0000000080004d3a (0x00ba539b) srliw   t2, s4, 11
core   0: 1 0x0000000080004d3a (0x00ba539b) x7  0x0000000000000000
core   0: 0x0000000080004d3e (0x00007413) andi    s0, zero, 0
core   0: 1 0x0000000080004d3e (0x00007413) x8  0x0000000000000000
core   0: 0x0000000080004d42 (0x224e9a53) fsgnjn.d fs4, ft9, ft4
core   0: 1 0x0000000080004d42 (0x224e9a53) f20 0xfff8000000000000
core   0: 0x0000000080004d46 (0x00844933) xor     s2, s0, s0
core   0: 1 0x0000000080004d46 (0x00844933) x18 0x0000000000000000
core   0: 0x0000000080004d4a (0x0365bb33) mulhu   s6, a1, s6
core   0: 1 0x0000000080004d4a (0x0365bb33) x22 0x00000000b02cd872
core   0: 0x0000000080004d4e (0x030ecebb) divw    t4, t4, a6
core   0: 1 0x0000000080004d4e (0x030ecebb) x29 0x0000000000000000
core   0: 0x0000000080004d52 (0xf90699b7) lui     s3, 0xf9069
core   0: 1 0x0000000080004d52 (0xf90699b7) x19 0xfffffffff9069000
core   0: 0x0000000080004d56 (0x3739899b) addiw   s3, s3, 883
core   0: 1 0x0000000080004d56 (0x3739899b) x19 0xfffffffff9069373
core   0: 0x0000000080004d5a (0x000009b2) c.slli  s3, 12
core   0: 1 0x0000000080004d5a (0x09b2) x19 0xffffff9069373000
core   0: 0x0000000080004d5c (0xde798993) addi    s3, s3, -537
core   0: 1 0x0000000080004d5c (0xde798993) x19 0xffffff9069372de7
core   0: 0x0000000080004d60 (0x020bc4bb) divw    s1, s7, zero
core   0: 1 0x0000000080004d60 (0x020bc4bb) x9  0xffffffffffffffff
core   0: 0x0000000080004d64 (0x00902333) slt     t1, zero, s1
core   0: 1 0x0000000080004d64 (0x00902333) x6  0x0000000000000000
core   0: 0x0000000080004d68 (0x00000001) c.nop
core   0: 1 0x0000000080004d68 (0x0001)
core   0: 0x0000000080004d6a (0x52e2f6b7) lui     a3, 0x52e2f
core   0: 1 0x0000000080004d6a (0x52e2f6b7) x13 0x0000000052e2f000
core   0: 0x0000000080004d6e (0x019e9b9b) slliw   s7, t4, 25
core   0: 1 0x0000000080004d6e (0x019e9b9b) x23 0x0000000000000000
core   0: 0x0000000080004d72 (0x018184b3) add     s1, gp, s8
core   0: 1 0x0000000080004d72 (0x018184b3) x9  0x00000000800067a5
core   0: 0x0000000080004d76 (0xc02cf453) fcvt.l.s s0, fs9
core   0: 1 0x0000000080004d76 (0xc02cf453) c1_fflags 0x0000000000000019 x8  0x7fffffffffffffff
core   0: 0x0000000080004d7a (0xc2027dd3) fcvt.w.d s11, ft4
core   0: 1 0x0000000080004d7a (0xc2027dd3) c1_fflags 0x0000000000000019 x27 0x000000007fffffff
core   0: 0x0000000080004d7e (0x5a04fc53) fsqrt.d fs8, fs1
core   0: 1 0x0000000080004d7e (0x5a04fc53) c1_fflags 0x0000000000000019 f24 0x40dfbc547304fbdb
core   0: 0x0000000080004d82 (0x22011153) fsgnjn.d ft2, ft2, ft0
core   0: 1 0x0000000080004d82 (0x22011153) f2  0xfff8000000000000
core   0: 0x0000000080004d86 (0x00008d49) c.or    a0, a0
core   0: 1 0x0000000080004d86 (0x8d49) x10 0x0000000039ee4a7b
core   0: 0x0000000080004d88 (0xd0247b53) fcvt.s.l fs6, s0
core   0: 1 0x0000000080004d88 (0xd0247b53) c1_fflags 0x0000000000000019 f22 0xffffffff5effffff
core   0: 0x0000000080004d8c (0x039ca733) mulhsu  a4, s9, s9
core   0: 1 0x0000000080004d8c (0x039ca733) x14 0xfffffffffffff4ce
core   0: 0x0000000080004d90 (0x40005393) srai    t2, zero, 0
core   0: 1 0x0000000080004d90 (0x40005393) x7  0x0000000000000000
core   0: 0x0000000080004d94 (0x001b9b73) csrrw   s6, fflags, s7
core   0: 1 0x0000000080004d94 (0x001b9b73) x22 0x0000000000000019 c1_fflags 0x0000000000000000
core   0: 0x0000000080004d98 (0xd03b7053) fcvt.s.lu ft0, s6
core   0: 1 0x0000000080004d98 (0xd03b7053) f0  0xffffffff41c80000
core   0: 0x0000000080004d9c (0xfeea5c37) lui     s8, 0xfeea5
core   0: 1 0x0000000080004d9c (0xfeea5c37) x24 0xfffffffffeea5000
core   0: 0x0000000080004da0 (0x68bc0c1b) addiw   s8, s8, 1675
core   0: 1 0x0000000080004da0 (0x68bc0c1b) x24 0xfffffffffeea568b
core   0: 0x0000000080004da4 (0x00000c32) c.slli  s8, 12
core   0: 1 0x0000000080004da4 (0x0c32) x24 0xffffffeea568b000
core   0: 0x0000000080004da6 (0x3dac0c13) addi    s8, s8, 986
core   0: 1 0x0000000080004da6 (0x3dac0c13) x24 0xffffffeea568b3da
core   0: 0x0000000080004daa (0xe2010153) fmv.x.d sp, ft2
core   0: 1 0x0000000080004daa (0xe2010153) x2  0xfff8000000000000
core   0: 0x0000000080004dae (0x00000001) c.nop
core   0: 1 0x0000000080004dae (0x0001)
core   0: 0x0000000080004db0 (0x00000001) c.nop
core   0: 1 0x0000000080004db0 (0x0001)
core   0: 0x0000000080004db2 (0x22a17e43) fmadd.d ft8, ft2, fa0, ft4
core   0: 1 0x0000000080004db2 (0x22a17e43) f28 0x7ff8000000000000
core   0: 0x0000000080004db6 (0xc3e8f8c3) fmadd.d fa7, fa7, ft10, fs8
core   0: 1 0x0000000080004db6 (0xc3e8f8c3) f17 0x7ff8000000000000
core   0: 0x0000000080004dba (0x01824ab3) xor     s5, tp, s8
core   0: 1 0x0000000080004dba (0x01824ab3) x21 0xffffffee9b9ac3da
core   0: 0x0000000080004dbe (0xe20d88d3) fmv.x.d a7, fs11
core   0: 1 0x0000000080004dbe (0xe20d88d3) x17 0xffffffff41c00000
core   0: 0x0000000080004dc2 (0x401cdc9b) sraiw   s9, s9, 1
core   0: 1 0x0000000080004dc2 (0x401cdc9b) x25 0xfffffffffffffa67
core   0: 0x0000000080004dc6 (0x419383b3) sub     t2, t2, s9
core   0: 1 0x0000000080004dc6 (0x419383b3) x7  0x0000000000000599
core   0: 0x0000000080004dca (0x43fbd513) srai    a0, s7, 63
core   0: 1 0x0000000080004dca (0x43fbd513) x10 0x0000000000000000
core   0: 0x0000000080004dce (0x01cd8ab3) add     s5, s11, t3
core   0: 1 0x0000000080004dce (0x01cd8ab3) x21 0x000000008000001a
core   0: 0x0000000080004dd2 (0x007b2033) slt     zero, s6, t2
core   0: 1 0x0000000080004dd2 (0x007b2033)
core   0: 0x0000000080004dd6 (0xa3618d53) fle.d   s10, ft3, fs6
core   0: 1 0x0000000080004dd6 (0xa3618d53) c1_fflags 0x0000000000000010 x26 0x0000000000000000
core   0: 0x0000000080004dda (0x001119f3) csrrw   s3, fflags, sp
core   0: 1 0x0000000080004dda (0x001119f3) x19 0x0000000000000010 c1_fflags 0x0000000000000000
core   0: 0x0000000080004dde (0x402151bb) sraw    gp, sp, sp
core   0: 1 0x0000000080004dde (0x402151bb) x3  0x0000000000000000
core   0: 0x0000000080004de2 (0x40cddb13) srai    s6, s11, 12
core   0: 1 0x0000000080004de2 (0x40cddb13) x22 0x000000000007ffff
core   0: 0x0000000080004de6 (0x0368dd3b) divuw   s10, a7, s6
core   0: 1 0x0000000080004de6 (0x0368dd3b) x26 0x0000000000000838
core   0: 0x0000000080004dea (0x4396d413) srai    s0, a3, 57
core   0: 1 0x0000000080004dea (0x4396d413) x8  0x0000000000000000
core   0: 0x0000000080004dee (0x00c960b3) or      ra, s2, a2
core   0: 1 0x0000000080004dee (0x00c960b3) x1  0x0000000041878000
core   0: 0x0000000080004df2 (0x02242133) mulhsu  sp, s0, sp
core   0: 1 0x0000000080004df2 (0x02242133) x2  0x0000000000000000
core   0: 0x0000000080004df6 (0x21660993) addi    s3, a2, 534
core   0: 1 0x0000000080004df6 (0x21660993) x19 0x0000000041878216
core   0: 0x0000000080004dfa (0xfc6c47b7) lui     a5, 0xfc6c4
core   0: 1 0x0000000080004dfa (0xfc6c47b7) x15 0xfffffffffc6c4000
core   0: 0x0000000080004dfe (0x0777879b) addiw   a5, a5, 119
core   0: 1 0x0000000080004dfe (0x0777879b) x15 0xfffffffffc6c4077
core   0: 0x0000000080004e02 (0x000007b2) c.slli  a5, 12
core   0: 1 0x0000000080004e02 (0x07b2) x15 0xffffffc6c4077000
core   0: 0x0000000080004e04 (0x97e78793) addi    a5, a5, -1666
core   0: 1 0x0000000080004e04 (0x97e78793) x15 0xffffffc6c407697e
core   0: 0x0000000080004e08 (0xd22673d3) fcvt.d.l ft7, a2
core   0: 1 0x0000000080004e08 (0xd22673d3) f7  0x41d061e000000000
core   0: 0x0000000080004e0c (0xfd1278b7) lui     a7, 0xfd127
core   0: 1 0x0000000080004e0c (0xfd1278b7) x17 0xfffffffffd127000
core   0: 0x0000000080004e10 (0x7d58889b) addiw   a7, a7, 2005
core   0: 1 0x0000000080004e10 (0x7d58889b) x17 0xfffffffffd1277d5
core   0: 0x0000000080004e14 (0x000008b2) c.slli  a7, 12
core   0: 1 0x0000000080004e14 (0x08b2) x17 0xffffffd1277d5000
core   0: 0x0000000080004e16 (0x75988893) addi    a7, a7, 1881
core   0: 1 0x0000000080004e16 (0x75988893) x17 0xffffffd1277d5759
core   0: 0x0000000080004e1a (0x4012d09b) sraiw   ra, t0, 1
core   0: 1 0x0000000080004e1a (0x4012d09b) x1  0x0000000000000000
core   0: 0x0000000080004e1e (0xc5808c37) lui     s8, 0xc5808
core   0: 1 0x0000000080004e1e (0xc5808c37) x24 0xffffffffc5808000
core   0: 0x0000000080004e22 (0x030aeb33) rem     s6, s5, a6
core   0: 1 0x0000000080004e22 (0x030aeb33) x22 0x000000003cc0001a
core   0: 0x0000000080004e26 (0x41a00d33) sub     s10, zero, s10
core   0: 1 0x0000000080004e26 (0x41a00d33) x26 0xfffffffffffff7c8
core   0: 0x0000000080004e2a (0x02e70a3b) mulw    s4, a4, a4
core   0: 1 0x0000000080004e2a (0x02e70a3b) x20 0x00000000007d55c4
core   0: 0x0000000080004e2e (0x01a9ad33) slt     s10, s3, s10
core   0: 1 0x0000000080004e2e (0x01a9ad33) x26 0x0000000000000000
core   0: 0x0000000080004e32 (0x01ab083b) addw    a6, s6, s10
core   0: 1 0x0000000080004e32 (0x01ab083b) x16 0x000000003cc0001a
core   0: 0x0000000080004e36 (0x80017313) andi    t1, sp, -2048
core   0: 1 0x0000000080004e36 (0x80017313) x6  0x0000000000000000
core   0: 0x0000000080004e3a (0x0120c9b3) xor     s3, ra, s2
core   0: 1 0x0000000080004e3a (0x0120c9b3) x19 0x0000000000000000
core   0: 0x0000000080004e3e (0x00942233) slt     tp, s0, s1
core   0: 1 0x0000000080004e3e (0x00942233) x4  0x0000000000000001
core   0: 0x0000000080004e42 (0x41708bbb) subw    s7, ra, s7
core   0: 1 0x0000000080004e42 (0x41708bbb) x23 0x0000000000000000
core   0: 0x0000000080004e46 (0x035a9ab3) mulh    s5, s5, s5
core   0: 1 0x0000000080004e46 (0x035a9ab3) x21 0x0000000000000000
core   0: 0x0000000080004e4a (0x029cfcd3) fadd.d  fs9, fs9, fs1
core   0: 1 0x0000000080004e4a (0x029cfcd3) f25 0x7ff8000000000000
core   0: 0x0000000080004e4e (0x0354e4bb) remw    s1, s1, s5
core   0: 1 0x0000000080004e4e (0x0354e4bb) x9  0xffffffff800067a5
core   0: 0x0000000080004e52 (0x40455a13) srai    s4, a0, 4
core   0: 1 0x0000000080004e52 (0x40455a13) x20 0x0000000000000000
core   0: 0x0000000080004e56 (0x1eb4891b) addiw   s2, s1, 491
core   0: 1 0x0000000080004e56 (0x1eb4891b) x18 0xffffffff80006990
core   0: 0x0000000080004e5a (0x006d4433) xor     s0, s10, t1
core   0: 1 0x0000000080004e5a (0x006d4433) x8  0x0000000000000000
core   0: 0x0000000080004e5e (0x032352bb) divuw   t0, t1, s2
core   0: 1 0x0000000080004e5e (0x032352bb) x5  0x0000000000000000
core   0: 0x0000000080004e62 (0xc008ddf3) csrrwi  s11, cycle, 17
core   0: exception trap_illegal_instruction, epc 0x0000000080004e62
core   0:           tval 0x00000000c008ddf3
core   0: >>>>  $xrv64i2p1_m2p0_a2p1_f2p2_d2p2_zicsr2p0_zifencei2p0_zmmul1p0_zba1p0_zbb1p0_zbc1p0_zbs1p0
core   0: 0x0000000080004000 (0x0080006f) j       pc + 0x8
core   0: 3 0x0000000080004000 (0x0080006f)
core   0: >>>>  mmode_exception_handler
core   0: 0x0000000080004008 (0x00002c17) auipc   s8, 0x2
core   0: 3 0x0000000080004008 (0x00002c17) x24 0x0000000080006008
core   0: 0x000000008000400c (0xfecc0c13) addi    s8, s8, -20
core   0: 3 0x000000008000400c (0xfecc0c13) x24 0x0000000080005ff4
core   0: 0x0000000080004010 (0x000c00e7) jalr    s8
core   0: 3 0x0000000080004010 (0x000c00e7) x1  0x0000000080004014
core   0: >>>>  any_handler
core   0: 0x0000000080005ff4 (0x341027f3) csrrs   a5, mepc, zero
core   0: 3 0x0000000080005ff4 (0x341027f3) x15 0x0000000080004e62
core   0: 0x0000000080005ff8 (0x34202773) csrrs   a4, mcause, zero
core   0: 3 0x0000000080005ff8 (0x34202773) x14 0x0000000000000002
core   0: 0x0000000080005ffc (0x142026f3) csrrs   a3, scause, zero
core   0: 3 0x0000000080005ffc (0x142026f3) x13 0x0000000000000000
core   0: 0x0000000080006000 (0x30402673) csrrs   a2, mie, zero
core   0: 3 0x0000000080006000 (0x30402673) x12 0x0000000000000a00
core   0: 0x0000000080006004 (0x344025f3) csrrs   a1, mip, zero
core   0: 3 0x0000000080006004 (0x344025f3) x11 0x0000000000000080
core   0: 0x0000000080006008 (0x343025f3) csrrs   a1, mtval, zero
core   0: 3 0x0000000080006008 (0x343025f3) x11 0x00000000c008ddf3
core   0: 0x000000008000600c (0x14302573) csrrs   a0, stval, zero
core   0: 3 0x000000008000600c (0x14302573) x10 0x0000000039ee4a7b
core   0: 0x0000000080006010 (0xb02024f3) csrrs   s1, minstret, zero
core   0: 3 0x0000000080006010 (0xb02024f3) x9  0x0000000000000c4f
core   0: 0x0000000080006014 (0x0000a811) c.j     pc + 20
core   0: 3 0x0000000080006014 (0xa811)
core   0: >>>>  mepc_4
core   0: 0x0000000080006028 (0x00000791) c.addi  a5, 4
core   0: 3 0x0000000080006028 (0x0791) x15 0x0000000080004e66
core   0: 0x000000008000602a (0x34179073) csrrw   zero, mepc, a5
core   0: 3 0x000000008000602a (0x34179073) c833_mepc 0x0000000080004e66
core   0: 0x000000008000602e (0x30200073) mret
core   0: 3 0x000000008000602e (0x30200073) c768_mstatus 0x8000000a00106080
core   0: 0x0000000080004e66 (0xfbc1fbb7) lui     s7, 0xfbc1f
core   0: 1 0x0000000080004e66 (0xfbc1fbb7) x23 0xfffffffffbc1f000
core   0: 0x0000000080004e6a (0x43bb8b9b) addiw   s7, s7, 1083
core   0: 1 0x0000000080004e6a (0x43bb8b9b) x23 0xfffffffffbc1f43b
core   0: 0x0000000080004e6e (0x00000bb2) c.slli  s7, 12
core   0: 1 0x0000000080004e6e (0x0bb2) x23 0xffffffbc1f43b000
core   0: 0x0000000080004e70 (0xaffb8b93) addi    s7, s7, -1281
core   0: 1 0x0000000080004e70 (0xaffb8b93) x23 0xffffffbc1f43aaff
core   0: 0x0000000080004e74 (0xd233fdd3) fcvt.d.lu fs11, t2
core   0: 1 0x0000000080004e74 (0xd233fdd3) f27 0x4096640000000000
core   0: 0x0000000080004e78 (0x40b28633) sub     a2, t0, a1
core   0: 1 0x0000000080004e78 (0x40b28633) x12 0xffffffff3ff7220d
core   0: 0x0000000080004e7c (0x2ada8553) fmin.d  fa0, fs5, fa3
core   0: 1 0x0000000080004e7c (0x2ada8553) f10 0x403b000000000000
core   0: 0x0000000080004e80 (0x40cddeb3) sra     t4, s11, a2
core   0: 1 0x0000000080004e80 (0x40cddeb3) x29 0x000000000003ffff
core   0: 0x0000000080004e84 (0xf20508d3) fmv.d.x fa7, a0
core   0: 1 0x0000000080004e84 (0xf20508d3) f17 0x0000000039ee4a7b
core   0: 0x0000000080004e88 (0x414e8a3b) subw    s4, t4, s4
core   0: 1 0x0000000080004e88 (0x414e8a3b) x20 0x000000000003ffff
core   0: 0x0000000080004e8c (0x0017133b) sllw    t1, a4, ra
core   0: 1 0x0000000080004e8c (0x0017133b) x6  0x0000000000200000
core   0: 0x0000000080004e90 (0xfad37c13) andi    s8, t1, -83
core   0: 1 0x0000000080004e90 (0xfad37c13) x24 0x0000000000200000
core   0: 0x0000000080004e94 (0xba64fdcb) fnmsub.d fs11, fs1, ft6, fs7
core   0: 1 0x0000000080004e94 (0xba64fdcb) f27 0x7ff8000000000000
core   0: 0x0000000080004e98 (0x02b34c3b) divw    s8, t1, a1
core   0: 1 0x0000000080004e98 (0x02b34c3b) x24 0x0000000000000000
core   0: 0x0000000080004e9c (0x001ac913) xori    s2, s5, 1
core   0: 1 0x0000000080004e9c (0x001ac913) x18 0x0000000000000001
core   0: 0x0000000080004ea0 (0x23b52553) fsgnjx.d fa0, fa0, fs11
core   0: 1 0x0000000080004ea0 (0x23b52553) f10 0x403b000000000000
core   0: 0x0000000080004ea4 (0xc2357553) fcvt.lu.d a0, fa0
core   0: 1 0x0000000080004ea4 (0xc2357553) x10 0x000000000000001b
core   0: 0x0000000080004ea8 (0xd0794193) xori    gp, s2, -761
core   0: 1 0x0000000080004ea8 (0xd0794193) x3  0xfffffffffffffd06
core   0: 0x0000000080004eac (0xb5b1871b) addiw   a4, gp, -1189
core   0: 1 0x0000000080004eac (0xb5b1871b) x14 0xfffffffffffff861
core   0: 0x0000000080004eb0 (0x2bbb97d3) fmax.d  fa5, fs7, fs11
core   0: 1 0x0000000080004eb0 (0x2bbb97d3) f15 0x7ff8000000000000
core   0: 0x0000000080004eb4 (0x02eb14b3) mulh    s1, s6, a4
core   0: 1 0x0000000080004eb4 (0x02eb14b3) x9  0xffffffffffffffff
core   0: 0x0000000080004eb8 (0x2bec9f53) fmax.d  ft10, fs9, ft10
core   0: 1 0x0000000080004eb8 (0x2bec9f53) f30 0x7ff8000000000000
core   0: 0x0000000080004ebc (0x037e6e33) rem     t3, t3, s7
core   0: 1 0x0000000080004ebc (0x037e6e33) x28 0x000000000000001b
core   0: 0x0000000080004ec0 (0x000cdc93) srli    s9, s9, 0
core   0: 1 0x0000000080004ec0 (0x000cdc93) x25 0xfffffffffffffa67
core   0: 0x0000000080004ec4 (0x40ebd2bb) sraw    t0, s7, a4
core   0: 1 0x0000000080004ec4 (0x40ebd2bb) x5  0x000000000fa1d57f
core   0: 0x0000000080004ec8 (0x414cdc13) srai    s8, s9, 20
core   0: 1 0x0000000080004ec8 (0x414cdc13) x24 0xffffffffffffffff
core   0: 0x0000000080004ecc (0x0ff0000f) fence   iorw,iorw
core   0: 1 0x0000000080004ecc (0x0ff0000f)
core   0: 0x0000000080004ed0 (0x00f177b3) and     a5, sp, a5
core   0: 1 0x0000000080004ed0 (0x00f177b3) x15 0x0000000000000000
core   0: 0x0000000080004ed4 (0xd2078fd3) fcvt.d.w ft11, a5
core   0: 1 0x0000000080004ed4 (0xd2078fd3) f31 0x0000000000000000
core   0: 0x0000000080004ed8 (0x2bbd8dd3) fmin.d  fs11, fs11, fs11
core   0: 1 0x0000000080004ed8 (0x2bbd8dd3) f27 0x7ff8000000000000
core   0: 0x0000000080004edc (0xe82ca0b7) lui     ra, 0xe82ca
core   0: 1 0x0000000080004edc (0xe82ca0b7) x1  0xffffffffe82ca000
core   0: 0x0000000080004ee0 (0x02427b33) remu    s6, tp, tp
core   0: 1 0x0000000080004ee0 (0x02427b33) x22 0x0000000000000000
core   0: 0x0000000080004ee4 (0x00009a12) c.add   s4, tp
core   0: 1 0x0000000080004ee4 (0x9a12) x20 0x0000000000040000
core   0: 0x0000000080004ee6 (0x029488bb) mulw    a7, s1, s1
core   0: 1 0x0000000080004ee6 (0x029488bb) x17 0x0000000000000001
core   0: 0x0000000080004eea (0x01161bb3) sll     s7, a2, a7
core   0: 1 0x0000000080004eea (0x01161bb3) x23 0xfffffffe7fee441a
core   0: 0x0000000080004eee (0xc03676d3) fcvt.lu.s a3, fa2
core   0: 1 0x0000000080004eee (0xc03676d3) c1_fflags 0x0000000000000010 x13 0xffffffffffffffff
core   0: 0x0000000080004ef2 (0xd037f0d3) fcvt.s.lu ft1, a5
core   0: 1 0x0000000080004ef2 (0xd037f0d3) f1  0xffffffff00000000
core   0: 0x0000000080004ef6 (0x01b720b3) slt     ra, a4, s11
core   0: 1 0x0000000080004ef6 (0x01b720b3) x1  0x0000000000000001
core   0: 0x0000000080004efa (0x1380f2d3) fmul.d  ft5, ft1, fs8
core   0: 1 0x0000000080004efa (0x1380f2d3) f5  0x7ff8000000000000
core   0: 0x0000000080004efe (0x01bdd233) srl     tp, s11, s11
core   0: 1 0x0000000080004efe (0x01bdd233) x4  0x0000000000000000
core   0: 0x0000000080004f02 (0x0242ecb3) rem     s9, t0, tp
core   0: 1 0x0000000080004f02 (0x0242ecb3) x25 0x000000000fa1d57f
core   0: 0x0000000080004f06 (0x41aad71b) sraiw   a4, s5, 26
core   0: 1 0x0000000080004f06 (0x41aad71b) x14 0x0000000000000000
core   0: 0x0000000080004f0a (0x0196043b) addw    s0, a2, s9
core   0: 1 0x0000000080004f0a (0x0196043b) x8  0x000000004f98f78c
core   0: 0x0000000080004f0e (0x0304483b) divw    a6, s0, a6
core   0: 1 0x0000000080004f0e (0x0304483b) x16 0x0000000000000001
core   0: 0x0000000080004f12 (0x40145813) srai    a6, s0, 1
core   0: 1 0x0000000080004f12 (0x40145813) x16 0x0000000027cc7bc6
core   0: 0x0000000080004f16 (0xf2040853) fmv.d.x fa6, s0
core   0: 1 0x0000000080004f16 (0xf2040853) f16 0x000000004f98f78c
core   0: 0x0000000080004f1a (0x231d8553) fsgnj.d fa0, fs11, fa7
core   0: 1 0x0000000080004f1a (0x231d8553) f10 0x7ff8000000000000
core   0: 0x0000000080004f1e (0x00d1189b) slliw   a7, sp, 13
core   0: 1 0x0000000080004f1e (0x00d1189b) x17 0x0000000000000000
core   0: 0x0000000080004f22 (0x0201023b) mulw    tp, sp, zero
core   0: 1 0x0000000080004f22 (0x0201023b) x4  0x0000000000000000
core   0: 0x0000000080004f26 (0x12a77853) fmul.d  fa6, fa4, fa0
core   0: 1 0x0000000080004f26 (0x12a77853) f16 0x7ff8000000000000
core   0: 0x0000000080004f2a (0x4004d013) srai    zero, s1, 0
core   0: 1 0x0000000080004f2a (0x4004d013)
core   0: 0x0000000080004f2e (0xc201f9d3) fcvt.w.d s3, ft3
core   0: 1 0x0000000080004f2e (0xc201f9d3) c1_fflags 0x0000000000000010 x19 0x000000007fffffff
core   0: 0x0000000080004f32 (0x02a73733) mulhu   a4, a4, a0
core   0: 1 0x0000000080004f32 (0x02a73733) x14 0x0000000000000000
core   0: 0x0000000080004f36 (0x00d58cb3) add     s9, a1, a3
core   0: 1 0x0000000080004f36 (0x00d58cb3) x25 0x00000000c008ddf2
core   0: 0x0000000080004f3a (0x01252933) slt     s2, a0, s2
core   0: 1 0x0000000080004f3a (0x01252933) x18 0x0000000000000000
core   0: 0x0000000080004f3e (0x2bb90953) fmin.d  fs2, fs2, fs11
core   0: 1 0x0000000080004f3e (0x2bb90953) f18 0x7ff8000000000000
core   0: 0x0000000080004f42 (0x92d7081b) addiw   a6, a4, -1747
core   0: 1 0x0000000080004f42 (0x92d7081b) x16 0xfffffffffffff92d
core   0: 0x0000000080004f46 (0x002c92f3) csrrw   t0, frm, s9
core   0: 1 0x0000000080004f46 (0x002c92f3) x5  0x0000000000000002 c2_frm 0x0000000000000002
core   0: 0x0000000080004f4a (0x005d89b3) add     s3, s11, t0
core   0: 1 0x0000000080004f4a (0x005d89b3) x19 0x0000000080000001
core   0: 0x0000000080004f4e (0x02b58b33) mul     s6, a1, a1
core   0: 1 0x0000000080004f4e (0x02b58b33) x22 0x900d4d3b1f9d74a9
core   0: 0x0000000080004f52 (0xc2297bd3) fcvt.l.d s7, fs2
core   0: 1 0x0000000080004f52 (0xc2297bd3) c1_fflags 0x0000000000000010 x23 0x7fffffffffffffff
core   0: 0x0000000080004f56 (0x0015d1b3) srl     gp, a1, ra
core   0: 1 0x0000000080004f56 (0x0015d1b3) x3  0x0000000060046ef9
core   0: 0x0000000080004f5a (0x0001109b) slliw   ra, sp, 0
core   0: 1 0x0000000080004f5a (0x0001109b) x1  0x0000000000000000
core   0: 0x0000000080004f5e (0x0009d313) srli    t1, s3, 0
core   0: 1 0x0000000080004f5e (0x0009d313) x6  0x0000000080000001
core   0: 0x0000000080004f62 (0xd038fd53) fcvt.s.lu fs10, a7
core   0: 1 0x0000000080004f62 (0xd038fd53) f26 0xffffffff00000000
core   0: 0x0000000080004f66 (0xc02d7bd3) fcvt.l.s s7, fs10
core   0: 1 0x0000000080004f66 (0xc02d7bd3) x23 0x0000000000000000
core   0: 0x0000000080004f6a (0x02eb53b3) divu    t2, s6, a4
core   0: 1 0x0000000080004f6a (0x02eb53b3) x7  0xffffffffffffffff
core   0: 0x0000000080004f6e (0x67e5fb13) andi    s6, a1, 1662
core   0: 1 0x0000000080004f6e (0x67e5fb13) x22 0x0000000000000472
core   0: 0x0000000080004f72 (0x23e699d3) fsgnjn.d fs3, fa3, ft10
core   0: 1 0x0000000080004f72 (0x23e699d3) f19 0xc03b000000000000
core   0: 0x0000000080004f76 (0x0008161b) slliw   a2, a6, 0
core   0: 1 0x0000000080004f76 (0x0008161b) x12 0xfffffffffffff92d
core   0: 0x0000000080004f7a (0xf1301473) csrrw   s0, mimpid, zero
core   0: exception trap_illegal_instruction, epc 0x0000000080004f7a
core   0:           tval 0x00000000f1301473
core   0: >>>>  $xrv64i2p1_m2p0_a2p1_f2p2_d2p2_zicsr2p0_zifencei2p0_zmmul1p0_zba1p0_zbb1p0_zbc1p0_zbs1p0
core   0: 0x0000000080004000 (0x0080006f) j       pc + 0x8
core   0: 3 0x0000000080004000 (0x0080006f)
core   0: >>>>  mmode_exception_handler
core   0: 0x0000000080004008 (0x00002c17) auipc   s8, 0x2
core   0: 3 0x0000000080004008 (0x00002c17) x24 0x0000000080006008
core   0: 0x000000008000400c (0xfecc0c13) addi    s8, s8, -20
core   0: 3 0x000000008000400c (0xfecc0c13) x24 0x0000000080005ff4
core   0: 0x0000000080004010 (0x000c00e7) jalr    s8
core   0: 3 0x0000000080004010 (0x000c00e7) x1  0x0000000080004014
core   0: >>>>  any_handler
core   0: 0x0000000080005ff4 (0x341027f3) csrrs   a5, mepc, zero
core   0: 3 0x0000000080005ff4 (0x341027f3) x15 0x0000000080004f7a
core   0: 0x0000000080005ff8 (0x34202773) csrrs   a4, mcause, zero
core   0: 3 0x0000000080005ff8 (0x34202773) x14 0x0000000000000002
core   0: 0x0000000080005ffc (0x142026f3) csrrs   a3, scause, zero
core   0: 3 0x0000000080005ffc (0x142026f3) x13 0x0000000000000000
core   0: 0x0000000080006000 (0x30402673) csrrs   a2, mie, zero
core   0: 3 0x0000000080006000 (0x30402673) x12 0x0000000000000a00
core   0: 0x0000000080006004 (0x344025f3) csrrs   a1, mip, zero
core   0: 3 0x0000000080006004 (0x344025f3) x11 0x0000000000000080
core   0: 0x0000000080006008 (0x343025f3) csrrs   a1, mtval, zero
core   0: 3 0x0000000080006008 (0x343025f3) x11 0x00000000f1301473
core   0: 0x000000008000600c (0x14302573) csrrs   a0, stval, zero
core   0: 3 0x000000008000600c (0x14302573) x10 0x0000000039ee4a7b
core   0: 0x0000000080006010 (0xb02024f3) csrrs   s1, minstret, zero
core   0: 3 0x0000000080006010 (0xb02024f3) x9  0x0000000000000ca5
core   0: 0x0000000080006014 (0x0000a811) c.j     pc + 20
core   0: 3 0x0000000080006014 (0xa811)
core   0: >>>>  mepc_4
core   0: 0x0000000080006028 (0x00000791) c.addi  a5, 4
core   0: 3 0x0000000080006028 (0x0791) x15 0x0000000080004f7e
core   0: 0x000000008000602a (0x34179073) csrrw   zero, mepc, a5
core   0: 3 0x000000008000602a (0x34179073) c833_mepc 0x0000000080004f7e
core   0: 0x000000008000602e (0x30200073) mret
core   0: 3 0x000000008000602e (0x30200073) c768_mstatus 0x8000000a00106080
core   0: 0x0000000080004f7e (0xd33efdcf) fnmadd.d fs11, ft9, fs3, fs10
core   0: 1 0x0000000080004f7e (0xd33efdcf) f27 0x7ff8000000000000
core   0: 0x0000000080004f82 (0x414ed0bb) sraw    ra, t4, s4
core   0: 1 0x0000000080004f82 (0x414ed0bb) x1  0x000000000003ffff
core   0: 0x0000000080004f86 (0x0051949b) slliw   s1, gp, 5
core   0: 1 0x0000000080004f86 (0x0051949b) x9  0x00000000008ddf20
core   0: 0x0000000080004f8a (0x4070d71b) sraiw   a4, ra, 7
core   0: 1 0x0000000080004f8a (0x4070d71b) x14 0x00000000000007ff
core   0: 0x0000000080004f8e (0xc800e073) csrrsi  zero, cycleh, 1
core   0: exception trap_illegal_instruction, epc 0x0000000080004f8e
core   0:           tval 0x00000000c800e073
core   0: >>>>  $xrv64i2p1_m2p0_a2p1_f2p2_d2p2_zicsr2p0_zifencei2p0_zmmul1p0_zba1p0_zbb1p0_zbc1p0_zbs1p0
core   0: 0x0000000080004000 (0x0080006f) j       pc + 0x8
core   0: 3 0x0000000080004000 (0x0080006f)
core   0: >>>>  mmode_exception_handler
core   0: 0x0000000080004008 (0x00002c17) auipc   s8, 0x2
core   0: 3 0x0000000080004008 (0x00002c17) x24 0x0000000080006008
core   0: 0x000000008000400c (0xfecc0c13) addi    s8, s8, -20
core   0: 3 0x000000008000400c (0xfecc0c13) x24 0x0000000080005ff4
core   0: 0x0000000080004010 (0x000c00e7) jalr    s8
core   0: 3 0x0000000080004010 (0x000c00e7) x1  0x0000000080004014
core   0: >>>>  any_handler
core   0: 0x0000000080005ff4 (0x341027f3) csrrs   a5, mepc, zero
core   0: 3 0x0000000080005ff4 (0x341027f3) x15 0x0000000080004f8e
core   0: 0x0000000080005ff8 (0x34202773) csrrs   a4, mcause, zero
core   0: 3 0x0000000080005ff8 (0x34202773) x14 0x0000000000000002
core   0: 0x0000000080005ffc (0x142026f3) csrrs   a3, scause, zero
core   0: 3 0x0000000080005ffc (0x142026f3) x13 0x0000000000000000
core   0: 0x0000000080006000 (0x30402673) csrrs   a2, mie, zero
core   0: 3 0x0000000080006000 (0x30402673) x12 0x0000000000000a00
core   0: 0x0000000080006004 (0x344025f3) csrrs   a1, mip, zero
core   0: 3 0x0000000080006004 (0x344025f3) x11 0x0000000000000080
core   0: 0x0000000080006008 (0x343025f3) csrrs   a1, mtval, zero
core   0: 3 0x0000000080006008 (0x343025f3) x11 0x00000000c800e073
core   0: 0x000000008000600c (0x14302573) csrrs   a0, stval, zero
core   0: 3 0x000000008000600c (0x14302573) x10 0x0000000039ee4a7b
core   0: 0x0000000080006010 (0xb02024f3) csrrs   s1, minstret, zero
core   0: 3 0x0000000080006010 (0xb02024f3) x9  0x0000000000000cb9
core   0: 0x0000000080006014 (0x0000a811) c.j     pc + 20
core   0: 3 0x0000000080006014 (0xa811)
core   0: >>>>  mepc_4
core   0: 0x0000000080006028 (0x00000791) c.addi  a5, 4
core   0: 3 0x0000000080006028 (0x0791) x15 0x0000000080004f92
core   0: 0x000000008000602a (0x34179073) csrrw   zero, mepc, a5
core   0: 3 0x000000008000602a (0x34179073) c833_mepc 0x0000000080004f92
core   0: 0x000000008000602e (0x30200073) mret
core   0: 3 0x000000008000602e (0x30200073) c768_mstatus 0x8000000a00106080
core   0: 0x0000000080004f92 (0x0000a333) slt     t1, ra, zero
core   0: 1 0x0000000080004f92 (0x0000a333) x6  0x0000000000000000
core   0: 0x0000000080004f96 (0x024c5c33) divu    s8, s8, tp
core   0: 1 0x0000000080004f96 (0x024c5c33) x24 0xffffffffffffffff
core   0: 0x0000000080004f9a (0x2a0d8053) fmin.d  ft0, fs11, ft0
core   0: 1 0x0000000080004f9a (0x2a0d8053) f0  0x7ff8000000000000
core   0: 0x0000000080004f9e (0x0154dabb) srlw    s5, s1, s5
core   0: 1 0x0000000080004f9e (0x0154dabb) x21 0x0000000000000cb9
core   0: 0x0000000080004fa2 (0xd231fed3) fcvt.d.lu ft9, gp
core   0: 1 0x0000000080004fa2 (0xd231fed3) f29 0x41d8011bbe400000
core   0: 0x0000000080004fa6 (0x22cea8d3) fsgnjx.d fa7, ft9, fa2
core   0: 1 0x0000000080004fa6 (0x22cea8d3) f17 0x41d8011bbe400000
core   0: 0x0000000080004faa (0x00000001) c.nop
core   0: 1 0x0000000080004faa (0x0001)
core   0: 0x0000000080004fac (0xc03ef553) fcvt.lu.s a0, ft9
core   0: 1 0x0000000080004fac (0xc03ef553) c1_fflags 0x0000000000000010 x10 0xffffffffffffffff
core   0: 0x0000000080004fb0 (0x40855a1b) sraiw   s4, a0, 8
core   0: 1 0x0000000080004fb0 (0x40855a1b) x20 0xffffffffffffffff
core   0: 0x0000000080004fb4 (0x017efeb3) and     t4, t4, s7
core   0: 1 0x0000000080004fb4 (0x017efeb3) x29 0x0000000000000000
core   0: 0x0000000080004fb8 (0xa225ffc7) fmsub.d ft11, fa1, ft2, fs4
core   0: 1 0x0000000080004fb8 (0xa225ffc7) f31 0x7ff8000000000000
core   0: 0x0000000080004fbc (0x01dd5a1b) srliw   s4, s10, 29
core   0: 1 0x0000000080004fbc (0x01dd5a1b) x20 0x0000000000000000
core   0: 0x0000000080004fc0 (0xc228f1d3) fcvt.l.d gp, fa7
core   0: 1 0x0000000080004fc0 (0xc228f1d3) x3  0x0000000060046ef9
core   0: 0x0000000080004fc4 (0x09c76313) ori     t1, a4, 156
core   0: 1 0x0000000080004fc4 (0x09c76313) x6  0x000000000000009e
core   0: 0x0000000080004fc8 (0x0ff0000f) fence   iorw,iorw
core   0: 1 0x0000000080004fc8 (0x0ff0000f)
core   0: 0x0000000080004fcc (0x03b5e43b) remw    s0, a1, s11
core   0: 1 0x0000000080004fcc (0x03b5e43b) x8  0xffffffffc800e073
core   0: 0x0000000080004fd0 (0x3ac3f04b) fnmsub.d ft0, ft7, fa2, ft7
core   0: 1 0x0000000080004fd0 (0x3ac3f04b) f0  0x7ff8000000000000
core   0: 0x0000000080004fd4 (0x0190d413) srli    s0, ra, 25
core   0: 1 0x0000000080004fd4 (0x0190d413) x8  0x0000000000000040
core   0: 0x0000000080004fd8 (0x03a43db3) mulhu   s11, s0, s10
core   0: 1 0x0000000080004fd8 (0x03a43db3) x27 0x0000000000000000
core   0: 0x0000000080004fdc (0xc23ff953) fcvt.lu.d s2, ft11
core   0: 1 0x0000000080004fdc (0xc23ff953) c1_fflags 0x0000000000000010 x18 0xffffffffffffffff
core   0: 0x0000000080004fe0 (0x0ff0000f) fence   iorw,iorw
core   0: 1 0x0000000080004fe0 (0x0ff0000f)
core   0: 0x0000000080004fe4 (0x42060fd3) fcvt.d.s ft11, fa2
core   0: 1 0x0000000080004fe4 (0x42060fd3) f31 0x7ff8000000000000
core   0: 0x0000000080004fe8 (0x26b30c9b) addiw   s9, t1, 619
core   0: 1 0x0000000080004fe8 (0x26b30c9b) x25 0x0000000000000309
core   0: 0x0000000080004fec (0x0183523b) srlw    tp, t1, s8
core   0: 1 0x0000000080004fec (0x0183523b) x4  0x0000000000000000
core   0: 0x0000000080004ff0 (0x40025c9b) sraiw   s9, tp, 0
core   0: 1 0x0000000080004ff0 (0x40025c9b) x25 0x0000000000000000
core   0: 0x0000000080004ff4 (0x41c0dab3) sra     s5, ra, t3
core   0: 1 0x0000000080004ff4 (0x41c0dab3) x21 0x0000000000000010
core   0: 0x0000000080004ff8 (0x2a4b8cd3) fmin.d  fs9, fs7, ft4
core   0: 1 0x0000000080004ff8 (0x2a4b8cd3) f25 0x7ff8000000000000
core   0: 0x0000000080004ffc (0x0003131b) slliw   t1, t1, 0
core   0: 1 0x0000000080004ffc (0x0003131b) x6  0x000000000000009e
core   0: 0x0000000080005000 (0x00202b73) csrrs   s6, frm, zero
core   0: 1 0x0000000080005000 (0x00202b73) x22 0x0000000000000002
core   0: 0x0000000080005004 (0x036b0033) mul     zero, s6, s6
core   0: 1 0x0000000080005004 (0x036b0033)
core   0: 0x0000000080005008 (0x0017d413) srli    s0, a5, 1
core   0: 1 0x0000000080005008 (0x0017d413) x8  0x00000000400027c9
core   0: 0x000000008000500c (0x03bb8abb) mulw    s5, s7, s11
core   0: 1 0x000000008000500c (0x03bb8abb) x21 0x0000000000000000
core   0: 0x0000000080005010 (0x00b60bb3) add     s7, a2, a1
core   0: 1 0x0000000080005010 (0x00b60bb3) x23 0x00000000c800ea73
core   0: 0x0000000080005014 (0x0240e7bb) remw    a5, ra, tp
core   0: 1 0x0000000080005014 (0x0240e7bb) x15 0xffffffff80004014
core   0: 0x0000000080005018 (0x00a7edb3) or      s11, a5, a0
core   0: 1 0x0000000080005018 (0x00a7edb3) x27 0xffffffffffffffff
core   0: 0x000000008000501c (0x0000916e) c.add   sp, s11
core   0: 1 0x000000008000501c (0x916e) x2  0xffffffffffffffff
core   0: 0x000000008000501e (0xc2057b53) fcvt.w.d s6, fa0
core   0: 1 0x000000008000501e (0xc2057b53) c1_fflags 0x0000000000000010 x22 0x000000007fffffff
core   0: 0x0000000080005022 (0x40127a53) fcvt.s.d fs4, ft4
core   0: 1 0x0000000080005022 (0x40127a53) f20 0xffffffff7fc00000
core   0: 0x0000000080005026 (0x025b513b) divuw   sp, s6, t0
core   0: 1 0x0000000080005026 (0x025b513b) x2  0x000000003fffffff
core   0: 0x000000008000502a (0x00d2ac33) slt     s8, t0, a3
core   0: 1 0x000000008000502a (0x00d2ac33) x24 0x0000000000000000
core   0: 0x000000008000502e (0x00202af3) csrrs   s5, frm, zero
core   0: 1 0x000000008000502e (0x00202af3) x21 0x0000000000000002
core   0: 0x0000000080005032 (0x02102333) mulhsu  t1, zero, ra
core   0: 1 0x0000000080005032 (0x02102333) x6  0x0000000000000000
core   0: 0x0000000080005036 (0x0bb0fdd3) fsub.d  fs11, ft1, fs11
core   0: 1 0x0000000080005036 (0x0bb0fdd3) f27 0x7ff8000000000000
core   0: 0x000000008000503a (0xf2030fd3) fmv.d.x ft11, t1
core   0: 1 0x000000008000503a (0xf2030fd3) f31 0x0000000000000000
core   0: 0x000000008000503e (0x010778b3) and     a7, a4, a6
core   0: 1 0x000000008000503e (0x010778b3) x17 0x0000000000000000
core   0: 0x0000000080005042 (0x00e847b3) xor     a5, a6, a4
core   0: 1 0x0000000080005042 (0x00e847b3) x15 0xfffffffffffff92f
core   0: 0x0000000080005046 (0x00f554bb) srlw    s1, a0, a5
core   0: 1 0x0000000080005046 (0x00f554bb) x9  0x000000000001ffff
core   0: 0x000000008000504a (0x233780d3) fsgnj.d ft1, fa5, fs3
core   0: 1 0x000000008000504a (0x233780d3) f1  0xfff8000000000000
core   0: 0x000000008000504e (0x53defa43) fmadd.d fs4, ft9, ft9, fa0
core   0: 1 0x000000008000504e (0x53defa43) f20 0x7ff8000000000000
core   0: 0x0000000080005052 (0x020ce1bb) remw    gp, s9, zero
core   0: 1 0x0000000080005052 (0x020ce1bb) x3  0x0000000000000000
core   0: 0x0000000080005056 (0x0b3cf9d3) fsub.d  fs3, fs9, fs3
core   0: 1 0x0000000080005056 (0x0b3cf9d3) f19 0x7ff8000000000000
core   0: 0x000000008000505a (0x01f4d393) srli    t2, s1, 31
core   0: 1 0x000000008000505a (0x01f4d393) x7  0x0000000000000000
core   0: 0x000000008000505e (0x41bdd2bb) sraw    t0, s11, s11
core   0: 1 0x000000008000505e (0x41bdd2bb) x5  0xffffffffffffffff
core   0: 0x0000000080005062 (0xe2050e53) fmv.x.d t3, fa0
core   0: 1 0x0000000080005062 (0xe2050e53) x28 0x7ff8000000000000
core   0: 0x0000000080005066 (0x00000001) c.nop
core   0: 1 0x0000000080005066 (0x0001)
core   0: 0x0000000080005068 (0x002e91f3) csrrw   gp, frm, t4
core   0: 1 0x0000000080005068 (0x002e91f3) x3  0x0000000000000002 c2_frm 0x0000000000000000
core   0: 0x000000008000506c (0x2a5c8553) fmin.d  fa0, fs9, ft5
core   0: 1 0x000000008000506c (0x2a5c8553) f10 0x7ff8000000000000
core   0: 0x0000000080005070 (0x800b7e13) andi    t3, s6, -2048
core   0: 1 0x0000000080005070 (0x800b7e13) x28 0x000000007ffff800
core   0: 0x0000000080005074 (0xeb51fb43) fmadd.d fs6, ft3, fs5, ft9
core   0: 1 0x0000000080005074 (0xeb51fb43) f22 0x7ff8000000000000
core   0: 0x0000000080005078 (0x0bb9f553) fsub.d  fa0, fs3, fs11
core   0: 1 0x0000000080005078 (0x0bb9f553) f10 0x7ff8000000000000
core   0: 0x000000008000507c (0x41230b33) sub     s6, t1, s2
core   0: 1 0x000000008000507c (0x41230b33) x22 0x0000000000000001
core   0: 0x0000000080005080 (0x001b1513) slli    a0, s6, 1
core   0: 1 0x0000000080005080 (0x001b1513) x10 0x0000000000000002
core   0: 0x0000000080005084 (0x1ae1f753) fdiv.d  fa4, ft3, fa4
core   0: 1 0x0000000080005084 (0x1ae1f753) f14 0x7ff8000000000000
core   0: 0x0000000080005088 (0x028420b3) mulhsu  ra, s0, s0
core   0: 1 0x0000000080005088 (0x028420b3) x1  0x0000000000000000
core   0: 0x000000008000508c (0xd21507d3) fcvt.d.wu fa5, a0
core   0: 1 0x000000008000508c (0xd21507d3) f15 0x4000000000000000
core   0: 0x0000000080005090 (0x2bed0f53) fmin.d  ft10, fs10, ft10
core   0: 1 0x0000000080005090 (0x2bed0f53) f30 0x7ff8000000000000
core   0: 0x0000000080005094 (0x01d579b3) and     s3, a0, t4
core   0: 1 0x0000000080005094 (0x01d579b3) x19 0x0000000000000000
core   0: 0x0000000080005098 (0x00202673) csrrs   a2, frm, zero
core   0: 1 0x0000000080005098 (0x00202673) x12 0x0000000000000000
core   0: 0x000000008000509c (0x2ed16113) ori     sp, sp, 749
core   0: 1 0x000000008000509c (0x2ed16113) x2  0x000000003fffffff
core   0: 0x00000000800050a0 (0x01c17e33) and     t3, sp, t3
core   0: 1 0x00000000800050a0 (0x01c17e33) x28 0x000000003ffff800
core   0: 0x00000000800050a4 (0x0ff0000f) fence   iorw,iorw
core   0: 1 0x00000000800050a4 (0x0ff0000f)
core   0: 0x00000000800050a8 (0x7ffee713) ori     a4, t4, 2047
core   0: 1 0x00000000800050a8 (0x7ffee713) x14 0x00000000000007ff
core   0: 0x00000000800050ac (0xc212fbd3) fcvt.wu.d s7, ft5
core   0: 1 0x00000000800050ac (0xc212fbd3) c1_fflags 0x0000000000000010 x23 0xffffffffffffffff
core   0: 0x00000000800050b0 (0x03628b3b) mulw    s6, t0, s6
core   0: 1 0x00000000800050b0 (0x03628b3b) x22 0xffffffffffffffff
core   0: 0x00000000800050b4 (0x0136edb3) or      s11, a3, s3
core   0: 1 0x00000000800050b4 (0x0136edb3) x27 0x0000000000000000
core   0: 0x00000000800050b8 (0xff2a7837) lui     a6, 0xff2a7
core   0: 1 0x00000000800050b8 (0xff2a7837) x16 0xffffffffff2a7000
core   0: 0x00000000800050bc (0x03b840b3) div     ra, a6, s11
core   0: 1 0x00000000800050bc (0x03b840b3) x1  0xffffffffffffffff
core   0: 0x00000000800050c0 (0x2ab003d3) fmin.d  ft7, ft0, fa1
core   0: 1 0x00000000800050c0 (0x2ab003d3) f7  0xc120000000000000
core   0: 0x00000000800050c4 (0x0be6ff53) fsub.d  ft10, fa3, ft10
core   0: 1 0x00000000800050c4 (0x0be6ff53) f30 0x7ff8000000000000
core   0: 0x00000000800050c8 (0xc02e76d3) fcvt.l.s a3, ft8
core   0: 1 0x00000000800050c8 (0xc02e76d3) c1_fflags 0x0000000000000010 x13 0x7fffffffffffffff
core   0: 0x00000000800050cc (0x6b1ff8cf) fnmadd.d fa7, ft11, fa7, fa3
core   0: 1 0x00000000800050cc (0x6b1ff8cf) f17 0xc03b000000000000
core   0: 0x00000000800050d0 (0x2a4f0553) fmin.d  fa0, ft10, ft4
core   0: 1 0x00000000800050d0 (0x2a4f0553) f10 0x7ff8000000000000
core   0: 0x00000000800050d4 (0x88b6cd93) xori    s11, a3, -1909
core   0: 1 0x00000000800050d4 (0x88b6cd93) x27 0x8000000000000774
core   0: 0x00000000800050d8 (0xc238fdd3) fcvt.lu.d s11, fa7
core   0: 1 0x00000000800050d8 (0xc238fdd3) c1_fflags 0x0000000000000010 x27 0x0000000000000000
core   0: 0x00000000800050dc (0x02020433) mul     s0, tp, zero
core   0: 1 0x00000000800050dc (0x02020433) x8  0x0000000000000000
core   0: 0x00000000800050e0 (0x018d559b) srliw   a1, s10, 24
core   0: 1 0x00000000800050e0 (0x018d559b) x11 0x0000000000000000
core   0: 0x00000000800050e4 (0xf2078953) fmv.d.x fs2, a5
core   0: 1 0x00000000800050e4 (0xf2078953) f18 0xfffffffffffff92f
core   0: 0x00000000800050e8 (0xf84eab37) lui     s6, 0xf84ea
core   0: 1 0x00000000800050e8 (0xf84eab37) x22 0xfffffffff84ea000
core   0: 0x00000000800050ec (0xfd1b0b1b) addiw   s6, s6, -47
core   0: 1 0x00000000800050ec (0xfd1b0b1b) x22 0xfffffffff84e9fd1
core   0: 0x00000000800050f0 (0x00000b32) c.slli  s6, 12
core   0: 1 0x00000000800050f0 (0x0b32) x22 0xffffff84e9fd1000
core   0: 0x00000000800050f2 (0x638b0b13) addi    s6, s6, 1592
core   0: 1 0x00000000800050f2 (0x638b0b13) x22 0xffffff84e9fd1638
core   0: 0x00000000800050f6 (0x0ad07f53) fsub.d  ft10, ft0, fa3
core   0: 1 0x00000000800050f6 (0x0ad07f53) f30 0x7ff8000000000000
core   0: 0x00000000800050fa (0x4163813b) subw    sp, t2, s6
core   0: 1 0x00000000800050fa (0x4163813b) x2  0x000000001602e9c8
core   0: 0x00000000800050fe (0x03a0fbbb) remuw   s7, ra, s10
core   0: 1 0x00000000800050fe (0x03a0fbbb) x23 0xffffffffffffffff
core   0: 0x0000000080005102 (0x403106bb) subw    a3, sp, gp
core   0: 1 0x0000000080005102 (0x403106bb) x13 0x000000001602e9c6
core   0: 0x0000000080005106 (0x40e75733) sra     a4, a4, a4
core   0: 1 0x0000000080005106 (0x40e75733) x14 0x0000000000000000
core   0: 0x000000008000510a (0x414a5493) srai    s1, s4, 20
core   0: 1 0x000000008000510a (0x414a5493) x9  0x0000000000000000
core   0: 0x000000008000510e (0xaaae9ab7) lui     s5, 0xaaae9
core   0: 1 0x000000008000510e (0xaaae9ab7) x21 0xffffffffaaae9000
core   0: 0x0000000080005112 (0x00c848b3) xor     a7, a6, a2
core   0: 1 0x0000000080005112 (0x00c848b3) x17 0xffffffffff2a7000
core   0: 0x0000000080005116 (0x4168d193) srai    gp, a7, 22
core   0: 1 0x0000000080005116 (0x4168d193) x3  0xfffffffffffffffc
core   0: 0x000000008000511a (0xf20488d3) fmv.d.x fa7, s1
core   0: 1 0x000000008000511a (0xf20488d3) f17 0x0000000000000000
core   0: 0x000000008000511e (0x00f14eb3) xor     t4, sp, a5
core   0: 1 0x000000008000511e (0x00f14eb3) x29 0xffffffffe9fd10e7
core   0: 0x0000000080005122 (0x9314041b) addiw   s0, s0, -1743
core   0: 1 0x0000000080005122 (0x9314041b) x8  0xfffffffffffff931
core   0: 0x0000000080005126 (0x00102af3) csrrs   s5, fflags, zero
core   0: 1 0x0000000080005126 (0x00102af3) x21 0x0000000000000010
core   0: 0x000000008000512a (0x4011f853) fcvt.s.d fa6, ft3
core   0: 1 0x000000008000512a (0x4011f853) f16 0xffffffff7fc00000
core   0: 0x000000008000512e (0x002994f3) csrrw   s1, frm, s3
core   0: 1 0x000000008000512e (0x002994f3) x9  0x0000000000000000 c2_frm 0x0000000000000000
core   0: 0x0000000080005132 (0x00102673) csrrs   a2, fflags, zero
core   0: 1 0x0000000080005132 (0x00102673) x12 0x0000000000000010
core   0: 0x0000000080005136 (0x42080153) fcvt.d.s ft2, fa6
core   0: 1 0x0000000080005136 (0x42080153) f2  0x7ff8000000000000
core   0: 0x000000008000513a (0x027ac833) div     a6, s5, t2
core   0: 1 0x000000008000513a (0x027ac833) x16 0xffffffffffffffff
core   0: 0x000000008000513e (0x00c70233) add     tp, a4, a2
core   0: 1 0x000000008000513e (0x00c70233) x4  0x0000000000000010
core   0: 0x0000000080005142 (0x00202673) csrrs   a2, frm, zero
core   0: 1 0x0000000080005142 (0x00202673) x12 0x0000000000000000
core   0: 0x0000000080005146 (0xdbe57e13) andi    t3, a0, -578
core   0: 1 0x0000000080005146 (0xdbe57e13) x28 0x0000000000000002
core   0: 0x000000008000514a (0xd2108dd3) fcvt.d.wu fs11, ra
core   0: 1 0x000000008000514a (0xd2108dd3) f27 0x41efffffffe00000
core   0: 0x000000008000514e (0x00c7a433) slt     s0, a5, a2
core   0: 1 0x000000008000514e (0x00c7a433) x8  0x0000000000000001
core   0: 0x0000000080005152 (0xe2098dd3) fmv.x.d s11, fs3
core   0: 1 0x0000000080005152 (0xe2098dd3) x27 0x7ff8000000000000
core   0: 0x0000000080005156 (0x00fdd7bb) srlw    a5, s11, a5
core   0: 1 0x0000000080005156 (0x00fdd7bb) x15 0x0000000000000000
core   0: 0x000000008000515a (0x00f79d3b) sllw    s10, a5, a5
core   0: 1 0x000000008000515a (0x00f79d3b) x26 0x0000000000000000
core   0: 0x000000008000515e (0x002a17bb) sllw    a5, s4, sp
core   0: 1 0x000000008000515e (0x002a17bb) x15 0x0000000000000000
core   0: 0x0000000080005162 (0xd021fa53) fcvt.s.l fs4, gp
core   0: 1 0x0000000080005162 (0xd021fa53) f20 0xffffffffc0800000
core   0: 0x0000000080005166 (0x00201373) csrrw   t1, frm, zero
core   0: 1 0x0000000080005166 (0x00201373) x6  0x0000000000000000 c2_frm 0x0000000000000000
core   0: 0x000000008000516a (0x00e710b3) sll     ra, a4, a4
core   0: 1 0x000000008000516a (0x00e710b3) x1  0x0000000000000000
core   0: 0x000000008000516e (0x002027f3) csrrs   a5, frm, zero
core   0: 1 0x000000008000516e (0x002027f3) x15 0x0000000000000000
core   0: 0x0000000080005172 (0x029430b3) mulhu   ra, s0, s1
core   0: 1 0x0000000080005172 (0x029430b3) x1  0x0000000000000000
core   0: 0x0000000080005176 (0x13551c17) auipc   s8, 0x13551
core   0: 1 0x0000000080005176 (0x13551c17) x24 0x0000000093556176
core   0: 0x000000008000517a (0x00102473) csrrs   s0, fflags, zero
core   0: 1 0x000000008000517a (0x00102473) x8  0x0000000000000010
core   0: 0x000000008000517e (0x4054d193) srai    gp, s1, 5
core   0: 1 0x000000008000517e (0x4054d193) x3  0x0000000000000000
core   0: 0x0000000080005182 (0x401b7553) fcvt.s.d fa0, fs6
core   0: 1 0x0000000080005182 (0x401b7553) f10 0xffffffff7fc00000
core   0: 0x0000000080005186 (0x13e27653) fmul.d  fa2, ft4, ft10
core   0: 1 0x0000000080005186 (0x13e27653) f12 0x7ff8000000000000
core   0: 0x000000008000518a (0x0b9af553) fsub.d  fa0, fs5, fs9
core   0: 1 0x000000008000518a (0x0b9af553) f10 0x7ff8000000000000
core   0: 0x000000008000518e (0x00041a1b) slliw   s4, s0, 0
core   0: 1 0x000000008000518e (0x00041a1b) x20 0x0000000000000010
core   0: 0x0000000080005192 (0x00cd73b7) lui     t2, 0xcd7
core   0: 1 0x0000000080005192 (0x00cd73b7) x7  0x0000000000cd7000
core   0: 0x0000000080005196 (0xf153839b) addiw   t2, t2, -235
core   0: 1 0x0000000080005196 (0xf153839b) x7  0x0000000000cd6f15
core   0: 0x000000008000519a (0x000003b2) c.slli  t2, 12
core   0: 1 0x000000008000519a (0x03b2) x7  0x0000000cd6f15000
core   0: 0x000000008000519c (0x02f38393) addi    t2, t2, 47
core   0: 1 0x000000008000519c (0x02f38393) x7  0x0000000cd6f1502f
core   0: 0x00000000800051a0 (0x00000001) c.nop
core   0: 1 0x00000000800051a0 (0x0001)
core   0: 0x00000000800051a2 (0x03ad09b3) mul     s3, s10, s10
core   0: 1 0x00000000800051a2 (0x03ad09b3) x19 0x0000000000000000
core   0: 0x00000000800051a6 (0x00065613) srli    a2, a2, 0
core   0: 1 0x00000000800051a6 (0x00065613) x12 0x0000000000000000
core   0: 0x00000000800051aa (0x40b6533b) sraw    t1, a2, a1
core   0: 1 0x00000000800051aa (0x40b6533b) x6  0x0000000000000000
core   0: 0x00000000800051ae (0x239a8153) fsgnj.d ft2, fs5, fs9
core   0: 1 0x00000000800051ae (0x239a8153) f2  0x7ff8000000000000
core   0: 0x00000000800051b2 (0x03fd1393) slli    t2, s10, 63
core   0: 1 0x00000000800051b2 (0x03fd1393) x7  0x0000000000000000
core   0: 0x00000000800051b6 (0x02bc65bb) remw    a1, s8, a1
core   0: 1 0x00000000800051b6 (0x02bc65bb) x11 0xffffffff93556176
core   0: 0x00000000800051ba (0x412dd633) sra     a2, s11, s2
core   0: 1 0x00000000800051ba (0x412dd633) x12 0x0000000000000000
core   0: 0x00000000800051be (0xc22ef8d3) fcvt.l.d a7, ft9
core   0: 1 0x00000000800051be (0xc22ef8d3) x17 0x0000000060046ef9
core   0: 0x00000000800051c2 (0x40c88d3b) subw    s10, a7, a2
core   0: 1 0x00000000800051c2 (0x40c88d3b) x26 0x0000000060046ef9
core   0: 0x00000000800051c6 (0x1229f653) fmul.d  fa2, fs3, ft2
core   0: 1 0x00000000800051c6 (0x1229f653) f12 0x7ff8000000000000
core   0: 0x00000000800051ca (0xd02e75d3) fcvt.s.l fa1, t3
core   0: 1 0x00000000800051ca (0xd02e75d3) f11 0xffffffff40000000
core   0: 0x00000000800051ce (0x03ad2d33) mulhsu  s10, s10, s10
core   0: 1 0x00000000800051ce (0x03ad2d33) x26 0x0000000000000000
core   0: 0x00000000800051d2 (0xa2ec8753) fle.d   a4, fs9, fa4
core   0: 1 0x00000000800051d2 (0xa2ec8753) c1_fflags 0x0000000000000010 x14 0x0000000000000000
core   0: 0x00000000800051d6 (0x1af3fcd3) fdiv.d  fs9, ft7, fa5
core   0: 1 0x00000000800051d6 (0x1af3fcd3) f25 0xc110000000000000
core   0: 0x00000000800051da (0x000d119b) slliw   gp, s10, 0
core   0: 1 0x00000000800051da (0x000d119b) x3  0x0000000000000000
core   0: 0x00000000800051de (0x40e507bb) subw    a5, a0, a4
core   0: 1 0x00000000800051de (0x40e507bb) x15 0x0000000000000002
core   0: 0x00000000800051e2 (0x00119b73) csrrw   s6, fflags, gp
core   0: 1 0x00000000800051e2 (0x00119b73) x22 0x0000000000000010 c1_fflags 0x0000000000000000
core   0: 0x00000000800051e6 (0x0ff0000f) fence   iorw,iorw
core   0: 1 0x00000000800051e6 (0x0ff0000f)
core   0: 0x00000000800051ea (0x02e98733) mul     a4, s3, a4
core   0: 1 0x00000000800051ea (0x02e98733) x14 0x0000000000000000
core   0: 0x00000000800051ee (0x00202af3) csrrs   s5, frm, zero
core   0: 1 0x00000000800051ee (0x00202af3) x21 0x0000000000000000
core   0: 0x00000000800051f2 (0x000ac613) xori    a2, s5, 0
core   0: 1 0x00000000800051f2 (0x000ac613) x12 0x0000000000000000
core   0: 0x00000000800051f6 (0x015e85b3) add     a1, t4, s5
core   0: 1 0x00000000800051f6 (0x015e85b3) x11 0xffffffffe9fd10e7
core   0: 0x00000000800051fa (0x027243b3) div     t2, tp, t2
core   0: 1 0x00000000800051fa (0x027243b3) x7  0xffffffffffffffff
core   0: 0x00000000800051fe (0xe2c07047) fmsub.d ft0, ft0, fa2, ft8
core   0: 1 0x00000000800051fe (0xe2c07047) f0  0x7ff8000000000000
core   0: 0x0000000080005202 (0xd2128853) fcvt.d.wu fa6, t0
core   0: 1 0x0000000080005202 (0xd2128853) f16 0x41efffffffe00000
core   0: 0x0000000080005206 (0x009b569b) srliw   a3, s6, 9
core   0: 1 0x0000000080005206 (0x009b569b) x13 0x0000000000000000
core   0: 0x000000008000520a (0x419c8cbb) subw    s9, s9, s9
core   0: 1 0x000000008000520a (0x419c8cbb) x25 0x0000000000000000
core   0: 0x000000008000520e (0x038282b3) mul     t0, t0, s8
core   0: 1 0x000000008000520e (0x038282b3) x5  0xffffffff6caa9e8a
core   0: 0x0000000080005212 (0x120976d3) fmul.d  fa3, fs2, ft0
core   0: 1 0x0000000080005212 (0x120976d3) f13 0x7ff8000000000000
core   0: 0x0000000080005216 (0x2beb1ad3) fmax.d  fs5, fs6, ft10
core   0: 1 0x0000000080005216 (0x2beb1ad3) f21 0x7ff8000000000000
core   0: 0x000000008000521a (0x0382823b) mulw    tp, t0, s8
core   0: 1 0x000000008000521a (0x0382823b) x4  0xffffffff9e895d9c
core   0: 0x000000008000521e (0x02da8ebb) mulw    t4, s5, a3
core   0: 1 0x000000008000521e (0x02da8ebb) x29 0x0000000000000000
core   0: 0x0000000080005222 (0x00f86d33) or      s10, a6, a5
core   0: 1 0x0000000080005222 (0x00f86d33) x26 0xffffffffffffffff
core   0: 0x0000000080005226 (0x41ae0833) sub     a6, t3, s10
core   0: 1 0x0000000080005226 (0x41ae0833) x16 0x0000000000000003
core   0: 0x000000008000522a (0x03f11313) slli    t1, sp, 63
core   0: 1 0x000000008000522a (0x03f11313) x6  0x0000000000000000
core   0: 0x000000008000522e (0xc2237b53) fcvt.l.d s6, ft6
core   0: 1 0x000000008000522e (0xc2237b53) c1_fflags 0x0000000000000010 x22 0x7fffffffffffffff
core   0: 0x0000000080005232 (0xd03678d3) fcvt.s.lu fa7, a2
core   0: 1 0x0000000080005232 (0xd03678d3) f17 0xffffffff00000000
core   0: 0x0000000080005236 (0x14222473) csrrs   s0, scause, tp
core   0: 1 0x0000000080005236 (0x14222473) x8  0x0000000000000000 c322_scause 0xffffffff9e895d9c
core   0: 0x000000008000523a (0xc028fed3) fcvt.l.s t4, fa7
core   0: 1 0x000000008000523a (0xc028fed3) x29 0x0000000000000000
core   0: 0x000000008000523e (0xc21af5d3) fcvt.wu.d a1, fs5
core   0: 1 0x000000008000523e (0xc21af5d3) c1_fflags 0x0000000000000010 x11 0xffffffffffffffff
core   0: 0x0000000080005242 (0xc20d76d3) fcvt.w.d a3, fs10
core   0: 1 0x0000000080005242 (0xc20d76d3) c1_fflags 0x0000000000000010 x13 0x000000007fffffff
core   0: 0x0000000080005246 (0xab796d97) auipc   s11, 0xab796
core   0: 1 0x0000000080005246 (0xab796d97) x27 0x000000002b79b246
core   0: 0x000000008000524a (0xd42d8793) addi    a5, s11, -702
core   0: 1 0x000000008000524a (0xd42d8793) x15 0x000000002b79af88
core   0: 0x000000008000524e (0x002790f3) csrrw   ra, frm, a5
core   0: 1 0x000000008000524e (0x002790f3) x1  0x0000000000000000 c2_frm 0x0000000000000000
core   0: 0x0000000080005252 (0x01c4fe33) and     t3, s1, t3
core   0: 1 0x0000000080005252 (0x01c4fe33) x28 0x0000000000000000
core   0: 0x0000000080005256 (0x00d7a7b3) slt     a5, a5, a3
core   0: 1 0x0000000080005256 (0x00d7a7b3) x15 0x0000000000000001
core   0: 0x000000008000525a (0xf20a06d3) fmv.d.x fa3, s4
core   0: 1 0x000000008000525a (0xf20a06d3) f13 0x0000000000000010
core   0: 0x000000008000525e (0x034efa53) fadd.d  fs4, ft9, fs4
core   0: 1 0x000000008000525e (0x034efa53) f20 0x7ff8000000000000
core   0: 0x0000000080005262 (0xc052daf3) csrrwi  s5, hpmcounter5, 5
core   0: exception trap_illegal_instruction, epc 0x0000000080005262
core   0:           tval 0x00000000c052daf3
core   0: >>>>  $xrv64i2p1_m2p0_a2p1_f2p2_d2p2_zicsr2p0_zifencei2p0_zmmul1p0_zba1p0_zbb1p0_zbc1p0_zbs1p0
core   0: 0x0000000080004000 (0x0080006f) j       pc + 0x8
core   0: 3 0x0000000080004000 (0x0080006f)
core   0: >>>>  mmode_exception_handler
core   0: 0x0000000080004008 (0x00002c17) auipc   s8, 0x2
core   0: 3 0x0000000080004008 (0x00002c17) x24 0x0000000080006008
core   0: 0x000000008000400c (0xfecc0c13) addi    s8, s8, -20
core   0: 3 0x000000008000400c (0xfecc0c13) x24 0x0000000080005ff4
core   0: 0x0000000080004010 (0x000c00e7) jalr    s8
core   0: 3 0x0000000080004010 (0x000c00e7) x1  0x0000000080004014
core   0: >>>>  any_handler
core   0: 0x0000000080005ff4 (0x341027f3) csrrs   a5, mepc, zero
core   0: 3 0x0000000080005ff4 (0x341027f3) x15 0x0000000080005262
core   0: 0x0000000080005ff8 (0x34202773) csrrs   a4, mcause, zero
core   0: 3 0x0000000080005ff8 (0x34202773) x14 0x0000000000000002
core   0: 0x0000000080005ffc (0x142026f3) csrrs   a3, scause, zero
core   0: 3 0x0000000080005ffc (0x142026f3) x13 0xffffffff9e895d9c
core   0: 0x0000000080006000 (0x30402673) csrrs   a2, mie, zero
core   0: 3 0x0000000080006000 (0x30402673) x12 0x0000000000000a00
core   0: 0x0000000080006004 (0x344025f3) csrrs   a1, mip, zero
core   0: 3 0x0000000080006004 (0x344025f3) x11 0x0000000000000080
core   0: 0x0000000080006008 (0x343025f3) csrrs   a1, mtval, zero
core   0: 3 0x0000000080006008 (0x343025f3) x11 0x00000000c052daf3
core   0: 0x000000008000600c (0x14302573) csrrs   a0, stval, zero
core   0: 3 0x000000008000600c (0x14302573) x10 0x0000000039ee4a7b
core   0: 0x0000000080006010 (0xb02024f3) csrrs   s1, minstret, zero
core   0: 3 0x0000000080006010 (0xb02024f3) x9  0x0000000000000d80
core   0: 0x0000000080006014 (0x0000a811) c.j     pc + 20
core   0: 3 0x0000000080006014 (0xa811)
core   0: >>>>  mepc_4
core   0: 0x0000000080006028 (0x00000791) c.addi  a5, 4
core   0: 3 0x0000000080006028 (0x0791) x15 0x0000000080005266
core   0: 0x000000008000602a (0x34179073) csrrw   zero, mepc, a5
core   0: 3 0x000000008000602a (0x34179073) c833_mepc 0x0000000080005266
core   0: 0x000000008000602e (0x30200073) mret
core   0: 3 0x000000008000602e (0x30200073) c768_mstatus 0x8000000a00106080
core   0: 0x0000000080005266 (0xd21a8553) fcvt.d.wu fa0, s5
core   0: 1 0x0000000080005266 (0xd21a8553) f10 0x0000000000000000
core   0: 0x000000008000526a (0x00195393) srli    t2, s2, 1
core   0: 1 0x000000008000526a (0x00195393) x7  0x7fffffffffffffff
core   0: 0x000000008000526e (0xf144a5f3) csrrs   a1, mhartid, s1
core   0: exception trap_illegal_instruction, epc 0x000000008000526e
core   0:           tval 0x00000000f144a5f3
core   0: >>>>  $xrv64i2p1_m2p0_a2p1_f2p2_d2p2_zicsr2p0_zifencei2p0_zmmul1p0_zba1p0_zbb1p0_zbc1p0_zbs1p0
core   0: 0x0000000080004000 (0x0080006f) j       pc + 0x8
core   0: 3 0x0000000080004000 (0x0080006f)
core   0: >>>>  mmode_exception_handler
core   0: 0x0000000080004008 (0x00002c17) auipc   s8, 0x2
core   0: 3 0x0000000080004008 (0x00002c17) x24 0x0000000080006008
core   0: 0x000000008000400c (0xfecc0c13) addi    s8, s8, -20
core   0: 3 0x000000008000400c (0xfecc0c13) x24 0x0000000080005ff4
core   0: 0x0000000080004010 (0x000c00e7) jalr    s8
core   0: 3 0x0000000080004010 (0x000c00e7) x1  0x0000000080004014
core   0: >>>>  any_handler
core   0: 0x0000000080005ff4 (0x341027f3) csrrs   a5, mepc, zero
core   0: 3 0x0000000080005ff4 (0x341027f3) x15 0x000000008000526e
core   0: 0x0000000080005ff8 (0x34202773) csrrs   a4, mcause, zero
core   0: 3 0x0000000080005ff8 (0x34202773) x14 0x0000000000000002
core   0: 0x0000000080005ffc (0x142026f3) csrrs   a3, scause, zero
core   0: 3 0x0000000080005ffc (0x142026f3) x13 0xffffffff9e895d9c
core   0: 0x0000000080006000 (0x30402673) csrrs   a2, mie, zero
core   0: 3 0x0000000080006000 (0x30402673) x12 0x0000000000000a00
core   0: 0x0000000080006004 (0x344025f3) csrrs   a1, mip, zero
core   0: 3 0x0000000080006004 (0x344025f3) x11 0x0000000000000080
core   0: 0x0000000080006008 (0x343025f3) csrrs   a1, mtval, zero
core   0: 3 0x0000000080006008 (0x343025f3) x11 0x00000000f144a5f3
core   0: 0x000000008000600c (0x14302573) csrrs   a0, stval, zero
core   0: 3 0x000000008000600c (0x14302573) x10 0x0000000039ee4a7b
core   0: 0x0000000080006010 (0xb02024f3) csrrs   s1, minstret, zero
core   0: 3 0x0000000080006010 (0xb02024f3) x9  0x0000000000000d92
core   0: 0x0000000080006014 (0x0000a811) c.j     pc + 20
core   0: 3 0x0000000080006014 (0xa811)
core   0: >>>>  mepc_4
core   0: 0x0000000080006028 (0x00000791) c.addi  a5, 4
core   0: 3 0x0000000080006028 (0x0791) x15 0x0000000080005272
core   0: 0x000000008000602a (0x34179073) csrrw   zero, mepc, a5
core   0: 3 0x000000008000602a (0x34179073) c833_mepc 0x0000000080005272
core   0: 0x000000008000602e (0x30200073) mret
core   0: 3 0x000000008000602e (0x30200073) c768_mstatus 0x8000000a00106080
core   0: 0x0000000080005272 (0x000e9bbb) sllw    s7, t4, zero
core   0: 1 0x0000000080005272 (0x000e9bbb) x23 0x0000000000000000
core   0: 0x0000000080005276 (0x0371f43b) remuw   s0, gp, s7
core   0: 1 0x0000000080005276 (0x0371f43b) x8  0x0000000000000000
core   0: 0x000000008000527a (0xc063b473) csrrc   s0, hpmcounter6, t2
core   0: exception trap_illegal_instruction, epc 0x000000008000527a
core   0:           tval 0x00000000c063b473
core   0: >>>>  $xrv64i2p1_m2p0_a2p1_f2p2_d2p2_zicsr2p0_zifencei2p0_zmmul1p0_zba1p0_zbb1p0_zbc1p0_zbs1p0
core   0: 0x0000000080004000 (0x0080006f) j       pc + 0x8
core   0: 3 0x0000000080004000 (0x0080006f)
core   0: >>>>  mmode_exception_handler
core   0: 0x0000000080004008 (0x00002c17) auipc   s8, 0x2
core   0: 3 0x0000000080004008 (0x00002c17) x24 0x0000000080006008
core   0: 0x000000008000400c (0xfecc0c13) addi    s8, s8, -20
core   0: 3 0x000000008000400c (0xfecc0c13) x24 0x0000000080005ff4
core   0: 0x0000000080004010 (0x000c00e7) jalr    s8
core   0: 3 0x0000000080004010 (0x000c00e7) x1  0x0000000080004014
core   0: >>>>  any_handler
core   0: 0x0000000080005ff4 (0x341027f3) csrrs   a5, mepc, zero
core   0: 3 0x0000000080005ff4 (0x341027f3) x15 0x000000008000527a
core   0: 0x0000000080005ff8 (0x34202773) csrrs   a4, mcause, zero
core   0: 3 0x0000000080005ff8 (0x34202773) x14 0x0000000000000002
core   0: 0x0000000080005ffc (0x142026f3) csrrs   a3, scause, zero
core   0: 3 0x0000000080005ffc (0x142026f3) x13 0xffffffff9e895d9c
core   0: 0x0000000080006000 (0x30402673) csrrs   a2, mie, zero
core   0: 3 0x0000000080006000 (0x30402673) x12 0x0000000000000a00
core   0: 0x0000000080006004 (0x344025f3) csrrs   a1, mip, zero
core   0: 3 0x0000000080006004 (0x344025f3) x11 0x0000000000000080
core   0: 0x0000000080006008 (0x343025f3) csrrs   a1, mtval, zero
core   0: 3 0x0000000080006008 (0x343025f3) x11 0x00000000c063b473
core   0: 0x000000008000600c (0x14302573) csrrs   a0, stval, zero
core   0: 3 0x000000008000600c (0x14302573) x10 0x0000000039ee4a7b
core   0: 0x0000000080006010 (0xb02024f3) csrrs   s1, minstret, zero
core   0: 3 0x0000000080006010 (0xb02024f3) x9  0x0000000000000da4
core   0: 0x0000000080006014 (0x0000a811) c.j     pc + 20
core   0: 3 0x0000000080006014 (0xa811)
core   0: >>>>  mepc_4
core   0: 0x0000000080006028 (0x00000791) c.addi  a5, 4
core   0: 3 0x0000000080006028 (0x0791) x15 0x000000008000527e
core   0: 0x000000008000602a (0x34179073) csrrw   zero, mepc, a5
core   0: 3 0x000000008000602a (0x34179073) c833_mepc 0x000000008000527e
core   0: 0x000000008000602e (0x30200073) mret
core   0: 3 0x000000008000602e (0x30200073) c768_mstatus 0x8000000a00106080
core   0: 0x000000008000527e (0x03940cb3) mul     s9, s0, s9
core   0: 1 0x000000008000527e (0x03940cb3) x25 0x0000000000000000
core   0: 0x0000000080005282 (0xca3cfcc3) fmadd.d fs9, fs9, ft3, fs9
core   0: 1 0x0000000080005282 (0xca3cfcc3) f25 0x7ff8000000000000
core   0: 0x0000000080005286 (0x03303bb3) mulhu   s7, zero, s3
core   0: 1 0x0000000080005286 (0x03303bb3) x23 0x0000000000000000
core   0: 0x000000008000528a (0x412ed93b) sraw    s2, t4, s2
core   0: 1 0x000000008000528a (0x412ed93b) x18 0x0000000000000000
core   0: 0x000000008000528e (0x1a39ffd3) fdiv.d  ft11, fs3, ft3
core   0: 1 0x000000008000528e (0x1a39ffd3) f31 0x7ff8000000000000
core   0: 0x0000000080005292 (0x032965bb) remw    a1, s2, s2
core   0: 1 0x0000000080005292 (0x032965bb) x11 0x0000000000000000
core   0: 0x0000000080005296 (0x00da0a3b) addw    s4, s4, a3
core   0: 1 0x0000000080005296 (0x00da0a3b) x20 0xffffffff9e895dac
core   0: 0x000000008000529a (0xc22cf653) fcvt.l.d a2, fs9
core   0: 1 0x000000008000529a (0xc22cf653) c1_fflags 0x0000000000000010 x12 0x7fffffffffffffff
core   0: 0x000000008000529e (0x22869653) fsgnjn.d fa2, fa3, fs0
core   0: 1 0x000000008000529e (0x22869653) f12 0x8000000000000010
core   0: 0x00000000800052a2 (0x02d682bb) mulw    t0, a3, a3
core   0: 1 0x00000000800052a2 (0x02d682bb) x5  0xffffffffe332b710
core   0: 0x00000000800052a6 (0xd239f2d3) fcvt.d.lu ft5, s3
core   0: 1 0x00000000800052a6 (0xd239f2d3) f5  0x0000000000000000
core   0: 0x00000000800052aa (0x02567f4b) fnmsub.d ft10, fa2, ft5, ft0
core   0: 1 0x00000000800052aa (0x02567f4b) f30 0x7ff8000000000000
core   0: 0x00000000800052ae (0x014690bb) sllw    ra, a3, s4
core   0: 1 0x00000000800052ae (0x014690bb) x1  0xffffffff95d9c000
core   0: 0x00000000800052b2 (0x016b1ab3) sll     s5, s6, s6
core   0: 1 0x00000000800052b2 (0x016b1ab3) x21 0x8000000000000000
core   0: 0x00000000800052b6 (0x407ad293) srai    t0, s5, 7
core   0: 1 0x00000000800052b6 (0x407ad293) x5  0xff00000000000000
core   0: 0x00000000800052ba (0x79c5041b) addiw   s0, a0, 1948
core   0: 1 0x00000000800052ba (0x79c5041b) x8  0x0000000039ee5217
core   0: 0x00000000800052be (0x4172521b) sraiw   tp, tp, 23
core   0: 1 0x00000000800052be (0x4172521b) x4  0xffffffffffffff3d
core   0: 0x00000000800052c2 (0x00202c73) csrrs   s8, frm, zero
core   0: 1 0x00000000800052c2 (0x00202c73) x24 0x0000000000000000
core   0: 0x00000000800052c6 (0x22a22bd3) fsgnjx.d fs7, ft4, fa0
core   0: 1 0x00000000800052c6 (0x22a22bd3) f23 0x7ff8000000000000
core   0: 0x00000000800052ca (0xc234f753) fcvt.lu.d a4, fs1
core   0: 1 0x00000000800052ca (0xc234f753) x14 0x000000003ef27000
core   0: 0x00000000800052ce (0x0a127dd3) fsub.d  fs11, ft4, ft1
core   0: 1 0x00000000800052ce (0x0a127dd3) f27 0x7ff8000000000000
core   0: 0x00000000800052d2 (0x01571133) sll     sp, a4, s5
core   0: 1 0x00000000800052d2 (0x01571133) x2  0x000000003ef27000
core   0: 0x00000000800052d6 (0xc0102473) csrrs   s0, time, zero
core   0: exception trap_illegal_instruction, epc 0x00000000800052d6
core   0:           tval 0x00000000c0102473
core   0: >>>>  $xrv64i2p1_m2p0_a2p1_f2p2_d2p2_zicsr2p0_zifencei2p0_zmmul1p0_zba1p0_zbb1p0_zbc1p0_zbs1p0
core   0: 0x0000000080004000 (0x0080006f) j       pc + 0x8
core   0: 3 0x0000000080004000 (0x0080006f)
core   0: >>>>  mmode_exception_handler
core   0: 0x0000000080004008 (0x00002c17) auipc   s8, 0x2
core   0: 3 0x0000000080004008 (0x00002c17) x24 0x0000000080006008
core   0: 0x000000008000400c (0xfecc0c13) addi    s8, s8, -20
core   0: 3 0x000000008000400c (0xfecc0c13) x24 0x0000000080005ff4
core   0: 0x0000000080004010 (0x000c00e7) jalr    s8
core   0: 3 0x0000000080004010 (0x000c00e7) x1  0x0000000080004014
core   0: >>>>  any_handler
core   0: 0x0000000080005ff4 (0x341027f3) csrrs   a5, mepc, zero
core   0: 3 0x0000000080005ff4 (0x341027f3) x15 0x00000000800052d6
core   0: 0x0000000080005ff8 (0x34202773) csrrs   a4, mcause, zero
core   0: 3 0x0000000080005ff8 (0x34202773) x14 0x0000000000000002
core   0: 0x0000000080005ffc (0x142026f3) csrrs   a3, scause, zero
core   0: 3 0x0000000080005ffc (0x142026f3) x13 0xffffffff9e895d9c
core   0: 0x0000000080006000 (0x30402673) csrrs   a2, mie, zero
core   0: 3 0x0000000080006000 (0x30402673) x12 0x0000000000000a00
core   0: 0x0000000080006004 (0x344025f3) csrrs   a1, mip, zero
core   0: 3 0x0000000080006004 (0x344025f3) x11 0x0000000000000080
core   0: 0x0000000080006008 (0x343025f3) csrrs   a1, mtval, zero
core   0: 3 0x0000000080006008 (0x343025f3) x11 0x00000000c0102473
core   0: 0x000000008000600c (0x14302573) csrrs   a0, stval, zero
core   0: 3 0x000000008000600c (0x14302573) x10 0x0000000039ee4a7b
core   0: 0x0000000080006010 (0xb02024f3) csrrs   s1, minstret, zero
core   0: 3 0x0000000080006010 (0xb02024f3) x9  0x0000000000000dca
core   0: 0x0000000080006014 (0x0000a811) c.j     pc + 20
core   0: 3 0x0000000080006014 (0xa811)
core   0: >>>>  mepc_4
core   0: 0x0000000080006028 (0x00000791) c.addi  a5, 4
core   0: 3 0x0000000080006028 (0x0791) x15 0x00000000800052da
core   0: 0x000000008000602a (0x34179073) csrrw   zero, mepc, a5
core   0: 3 0x000000008000602a (0x34179073) c833_mepc 0x00000000800052da
core   0: 0x000000008000602e (0x30200073) mret
core   0: 3 0x000000008000602e (0x30200073) c768_mstatus 0x8000000a00106080
core   0: 0x00000000800052da (0x00449ebb) sllw    t4, s1, tp
core   0: 1 0x00000000800052da (0x00449ebb) x29 0x0000000040000000
core   0: 0x00000000800052de (0xe2018c53) fmv.x.d s8, ft3
core   0: 1 0x00000000800052de (0xe2018c53) x24 0x7ff8000000000000
core   0: 0x00000000800052e2 (0xf20a8953) fmv.d.x fs2, s5
core   0: 1 0x00000000800052e2 (0xf20a8953) f18 0x8000000000000000
core   0: 0x00000000800052e6 (0x00d0da33) srl     s4, ra, a3
core   0: 1 0x00000000800052e6 (0x00d0da33) x20 0x0000000000000008
core   0: 0x00000000800052ea (0x001c1e73) csrrw   t3, fflags, s8
core   0: 1 0x00000000800052ea (0x001c1e73) x28 0x0000000000000010 c1_fflags 0x0000000000000000
core   0: 0x00000000800052ee (0x03fc1213) slli    tp, s8, 63
core   0: 1 0x00000000800052ee (0x03fc1213) x4  0x0000000000000000
core   0: 0x00000000800052f2 (0x00e24b33) xor     s6, tp, a4
core   0: 1 0x00000000800052f2 (0x00e24b33) x22 0x0000000000000002
core   0: 0x00000000800052f6 (0x1240f2d3) fmul.d  ft5, ft1, ft4
core   0: 1 0x00000000800052f6 (0x1240f2d3) f5  0x7ff8000000000000
core   0: 0x00000000800052fa (0x012b5b13) srli    s6, s6, 18
core   0: 1 0x00000000800052fa (0x012b5b13) x22 0x0000000000000000
core   0: 0x00000000800052fe (0xc036f753) fcvt.lu.s a4, fa3
core   0: 1 0x00000000800052fe (0xc036f753) c1_fflags 0x0000000000000010 x14 0xffffffffffffffff
core   0: 0x0000000080005302 (0x4358ecb7) lui     s9, 0x4358e
core   0: 1 0x0000000080005302 (0x4358ecb7) x25 0x000000004358e000
core   0: 0x0000000080005306 (0x0ff0000f) fence   iorw,iorw
core   0: 1 0x0000000080005306 (0x0ff0000f)
core   0: 0x000000008000530a (0x031503b3) mul     t2, a0, a7
core   0: 1 0x000000008000530a (0x031503b3) x7  0x15ba5cc406b34ba3
core   0: 0x000000008000530e (0x00750033) add     zero, a0, t2
core   0: 1 0x000000008000530e (0x00750033)
core   0: 0x0000000080005312 (0xd02d7953) fcvt.s.l fs2, s10
core   0: 1 0x0000000080005312 (0xd02d7953) f18 0xffffffffbf800000
core   0: 0x0000000080005316 (0x401cd993) srai    s3, s9, 1
core   0: 1 0x0000000080005316 (0x401cd993) x19 0x0000000021ac7000
core   0: 0x000000008000531a (0xc0397e53) fcvt.lu.s t3, fs2
core   0: 1 0x000000008000531a (0xc0397e53) c1_fflags 0x0000000000000010 x28 0x0000000000000000
core   0: 0x000000008000531e (0xb02fd173) csrrwi  sp, minstret, 31
core   0: exception trap_illegal_instruction, epc 0x000000008000531e
core   0:           tval 0x00000000b02fd173
core   0: >>>>  $xrv64i2p1_m2p0_a2p1_f2p2_d2p2_zicsr2p0_zifencei2p0_zmmul1p0_zba1p0_zbb1p0_zbc1p0_zbs1p0
core   0: 0x0000000080004000 (0x0080006f) j       pc + 0x8
core   0: 3 0x0000000080004000 (0x0080006f)
core   0: >>>>  mmode_exception_handler
core   0: 0x0000000080004008 (0x00002c17) auipc   s8, 0x2
core   0: 3 0x0000000080004008 (0x00002c17) x24 0x0000000080006008
core   0: 0x000000008000400c (0xfecc0c13) addi    s8, s8, -20
core   0: 3 0x000000008000400c (0xfecc0c13) x24 0x0000000080005ff4
core   0: 0x0000000080004010 (0x000c00e7) jalr    s8
core   0: 3 0x0000000080004010 (0x000c00e7) x1  0x0000000080004014
core   0: >>>>  any_handler
core   0: 0x0000000080005ff4 (0x341027f3) csrrs   a5, mepc, zero
core   0: 3 0x0000000080005ff4 (0x341027f3) x15 0x000000008000531e
core   0: 0x0000000080005ff8 (0x34202773) csrrs   a4, mcause, zero
core   0: 3 0x0000000080005ff8 (0x34202773) x14 0x0000000000000002
core   0: 0x0000000080005ffc (0x142026f3) csrrs   a3, scause, zero
core   0: 3 0x0000000080005ffc (0x142026f3) x13 0xffffffff9e895d9c
core   0: 0x0000000080006000 (0x30402673) csrrs   a2, mie, zero
core   0: 3 0x0000000080006000 (0x30402673) x12 0x0000000000000a00
core   0: 0x0000000080006004 (0x344025f3) csrrs   a1, mip, zero
core   0: 3 0x0000000080006004 (0x344025f3) x11 0x0000000000000080
core   0: 0x0000000080006008 (0x343025f3) csrrs   a1, mtval, zero
core   0: 3 0x0000000080006008 (0x343025f3) x11 0x00000000b02fd173
core   0: 0x000000008000600c (0x14302573) csrrs   a0, stval, zero
core   0: 3 0x000000008000600c (0x14302573) x10 0x0000000039ee4a7b
core   0: 0x0000000080006010 (0xb02024f3) csrrs   s1, minstret, zero
core   0: 3 0x0000000080006010 (0xb02024f3) x9  0x0000000000000deb
core   0: 0x0000000080006014 (0x0000a811) c.j     pc + 20
core   0: 3 0x0000000080006014 (0xa811)
core   0: >>>>  mepc_4
core   0: 0x0000000080006028 (0x00000791) c.addi  a5, 4
core   0: 3 0x0000000080006028 (0x0791) x15 0x0000000080005322
core   0: 0x000000008000602a (0x34179073) csrrw   zero, mepc, a5
core   0: 3 0x000000008000602a (0x34179073) c833_mepc 0x0000000080005322
core   0: 0x000000008000602e (0x30200073) mret
core   0: 3 0x000000008000602e (0x30200073) c768_mstatus 0x8000000a00106080
core   0: 0x0000000080005322 (0x00894b33) xor     s6, s2, s0
core   0: 1 0x0000000080005322 (0x00894b33) x22 0x0000000039ee5217
core   0: 0x0000000080005326 (0x002022f3) csrrs   t0, frm, zero
core   0: 1 0x0000000080005326 (0x002022f3) x5  0x0000000000000000
core   0: 0x000000008000532a (0x4075d533) sra     a0, a1, t2
core   0: 1 0x000000008000532a (0x4075d533) x10 0x0000000000000000
core   0: 0x000000008000532e (0x02661c93) slli    s9, a2, 38
core   0: 1 0x000000008000532e (0x02661c93) x25 0x0002800000000000
core   0: 0x0000000080005332 (0x002023f3) csrrs   t2, frm, zero
core   0: 1 0x0000000080005332 (0x002023f3) x7  0x0000000000000000
core   0: 0x0000000080005336 (0xc222fd53) fcvt.l.d s10, ft5
core   0: 1 0x0000000080005336 (0xc222fd53) c1_fflags 0x0000000000000010 x26 0x7fffffffffffffff
core   0: 0x000000008000533a (0x00102a73) csrrs   s4, fflags, zero
core   0: 1 0x000000008000533a (0x00102a73) x20 0x0000000000000010
core   0: 0x000000008000533e (0xf1595273) csrrwi  tp, mconfigptr, 18
core   0: exception trap_illegal_instruction, epc 0x000000008000533e
core   0:           tval 0x00000000f1595273
core   0: >>>>  $xrv64i2p1_m2p0_a2p1_f2p2_d2p2_zicsr2p0_zifencei2p0_zmmul1p0_zba1p0_zbb1p0_zbc1p0_zbs1p0
core   0: 0x0000000080004000 (0x0080006f) j       pc + 0x8
core   0: 3 0x0000000080004000 (0x0080006f)
core   0: >>>>  mmode_exception_handler
core   0: 0x0000000080004008 (0x00002c17) auipc   s8, 0x2
core   0: 3 0x0000000080004008 (0x00002c17) x24 0x0000000080006008
core   0: 0x000000008000400c (0xfecc0c13) addi    s8, s8, -20
core   0: 3 0x000000008000400c (0xfecc0c13) x24 0x0000000080005ff4
core   0: 0x0000000080004010 (0x000c00e7) jalr    s8
core   0: 3 0x0000000080004010 (0x000c00e7) x1  0x0000000080004014
core   0: >>>>  any_handler
core   0: 0x0000000080005ff4 (0x341027f3) csrrs   a5, mepc, zero
core   0: 3 0x0000000080005ff4 (0x341027f3) x15 0x000000008000533e
core   0: 0x0000000080005ff8 (0x34202773) csrrs   a4, mcause, zero
core   0: 3 0x0000000080005ff8 (0x34202773) x14 0x0000000000000002
core   0: 0x0000000080005ffc (0x142026f3) csrrs   a3, scause, zero
core   0: 3 0x0000000080005ffc (0x142026f3) x13 0xffffffff9e895d9c
core   0: 0x0000000080006000 (0x30402673) csrrs   a2, mie, zero
core   0: 3 0x0000000080006000 (0x30402673) x12 0x0000000000000a00
core   0: 0x0000000080006004 (0x344025f3) csrrs   a1, mip, zero
core   0: 3 0x0000000080006004 (0x344025f3) x11 0x0000000000000080
core   0: 0x0000000080006008 (0x343025f3) csrrs   a1, mtval, zero
core   0: 3 0x0000000080006008 (0x343025f3) x11 0x00000000f1595273
core   0: 0x000000008000600c (0x14302573) csrrs   a0, stval, zero
core   0: 3 0x000000008000600c (0x14302573) x10 0x0000000039ee4a7b
core   0: 0x0000000080006010 (0xb02024f3) csrrs   s1, minstret, zero
core   0: 3 0x0000000080006010 (0xb02024f3) x9  0x0000000000000e02
core   0: 0x0000000080006014 (0x0000a811) c.j     pc + 20
core   0: 3 0x0000000080006014 (0xa811)
core   0: >>>>  mepc_4
core   0: 0x0000000080006028 (0x00000791) c.addi  a5, 4
core   0: 3 0x0000000080006028 (0x0791) x15 0x0000000080005342
core   0: 0x000000008000602a (0x34179073) csrrw   zero, mepc, a5
core   0: 3 0x000000008000602a (0x34179073) c833_mepc 0x0000000080005342
core   0: 0x000000008000602e (0x30200073) mret
core   0: 3 0x000000008000602e (0x30200073) c768_mstatus 0x8000000a00106080
core   0: 0x0000000080005342 (0x036c1593) slli    a1, s8, 54
core   0: 1 0x0000000080005342 (0x036c1593) x11 0xfd00000000000000
core   0: 0x0000000080005346 (0x00035213) srli    tp, t1, 0
core   0: 1 0x0000000080005346 (0x00035213) x4  0x0000000000000000
core   0: 0x000000008000534a (0xa2590e53) fle.d   t3, fs2, ft5
core   0: 1 0x000000008000534a (0xa2590e53) c1_fflags 0x0000000000000010 x28 0x0000000000000000
core   0: 0x000000008000534e (0x02003033) mulhu   zero, zero, zero
core   0: 1 0x000000008000534e (0x02003033)
core   0: 0x0000000080005352 (0x03b272d3) fadd.d  ft5, ft4, fs11
core   0: 1 0x0000000080005352 (0x03b272d3) f5  0x7ff8000000000000
core   0: 0x0000000080005356 (0xd2068053) fcvt.d.w ft0, a3
core   0: 1 0x0000000080005356 (0xd2068053) f0  0xc1d85da899000000
core   0: 0x000000008000535a (0xe20cf247) fmsub.d ft4, fs9, ft0, ft8
core   0: 1 0x000000008000535a (0xe20cf247) f4  0x7ff8000000000000
core   0: 0x000000008000535e (0x00045793) srli    a5, s0, 0
core   0: 1 0x000000008000535e (0x00045793) x15 0x0000000039ee5217
core   0: 0x0000000080005362 (0x000e139b) slliw   t2, t3, 0
core   0: 1 0x0000000080005362 (0x000e139b) x7  0x0000000000000000
core   0: 0x0000000080005366 (0x33337993) andi    s3, t1, 819
core   0: 1 0x0000000080005366 (0x33337993) x19 0x0000000000000000
core   0: 0x000000008000536a (0x0139a2b3) slt     t0, s3, s3
core   0: 1 0x000000008000536a (0x0139a2b3) x5  0x0000000000000000
core   0: 0x000000008000536e (0x00000001) c.nop
core   0: 1 0x000000008000536e (0x0001)
core   0: 0x0000000080005370 (0x5a007953) fsqrt.d fs2, ft0
core   0: 1 0x0000000080005370 (0x5a007953) c1_fflags 0x0000000000000010 f18 0x7ff8000000000000
core   0: 0x0000000080005374 (0x41acd23b) sraw    tp, s9, s10
core   0: 1 0x0000000080005374 (0x41acd23b) x4  0x0000000000000000
core   0: 0x0000000080005378 (0x4166dc1b) sraiw   s8, a3, 22
core   0: 1 0x0000000080005378 (0x4166dc1b) x24 0xfffffffffffffe7a
core   0: 0x000000008000537c (0x43b35393) srai    t2, t1, 59
core   0: 1 0x000000008000537c (0x43b35393) x7  0x0000000000000000
core   0: 0x0000000080005380 (0x00c362b3) or      t0, t1, a2
core   0: 1 0x0000000080005380 (0x00c362b3) x5  0x0000000000000a00
core   0: 0x0000000080005384 (0x1bc3fe53) fdiv.d  ft8, ft7, ft8
core   0: 1 0x0000000080005384 (0x1bc3fe53) f28 0x7ff8000000000000
core   0: 0x0000000080005388 (0x007398b3) sll     a7, t2, t2
core   0: 1 0x0000000080005388 (0x007398b3) x17 0x0000000000000000
core   0: 0x000000008000538c (0x0061533b) srlw    t1, sp, t1
core   0: 1 0x000000008000538c (0x0061533b) x6  0x000000003ef27000
core   0: 0x0000000080005390 (0x2a630fd3) fmin.d  ft11, ft6, ft6
core   0: 1 0x0000000080005390 (0x2a630fd3) f31 0x7ff8000000000000
core   0: 0x0000000080005394 (0x00606733) or      a4, zero, t1
core   0: 1 0x0000000080005394 (0x00606733) x14 0x000000003ef27000
core   0: 0x0000000080005398 (0x3062ddf3) csrrwi  s11, mcounteren, 5
core   0: exception trap_illegal_instruction, epc 0x0000000080005398
core   0:           tval 0x000000003062ddf3
core   0: >>>>  $xrv64i2p1_m2p0_a2p1_f2p2_d2p2_zicsr2p0_zifencei2p0_zmmul1p0_zba1p0_zbb1p0_zbc1p0_zbs1p0
core   0: 0x0000000080004000 (0x0080006f) j       pc + 0x8
core   0: 3 0x0000000080004000 (0x0080006f)
core   0: >>>>  mmode_exception_handler
core   0: 0x0000000080004008 (0x00002c17) auipc   s8, 0x2
core   0: 3 0x0000000080004008 (0x00002c17) x24 0x0000000080006008
core   0: 0x000000008000400c (0xfecc0c13) addi    s8, s8, -20
core   0: 3 0x000000008000400c (0xfecc0c13) x24 0x0000000080005ff4
core   0: 0x0000000080004010 (0x000c00e7) jalr    s8
core   0: 3 0x0000000080004010 (0x000c00e7) x1  0x0000000080004014
core   0: >>>>  any_handler
core   0: 0x0000000080005ff4 (0x341027f3) csrrs   a5, mepc, zero
core   0: 3 0x0000000080005ff4 (0x341027f3) x15 0x0000000080005398
core   0: 0x0000000080005ff8 (0x34202773) csrrs   a4, mcause, zero
core   0: 3 0x0000000080005ff8 (0x34202773) x14 0x0000000000000002
core   0: 0x0000000080005ffc (0x142026f3) csrrs   a3, scause, zero
core   0: 3 0x0000000080005ffc (0x142026f3) x13 0xffffffff9e895d9c
core   0: 0x0000000080006000 (0x30402673) csrrs   a2, mie, zero
core   0: 3 0x0000000080006000 (0x30402673) x12 0x0000000000000a00
core   0: 0x0000000080006004 (0x344025f3) csrrs   a1, mip, zero
core   0: 3 0x0000000080006004 (0x344025f3) x11 0x0000000000000080
core   0: 0x0000000080006008 (0x343025f3) csrrs   a1, mtval, zero
core   0: 3 0x0000000080006008 (0x343025f3) x11 0x000000003062ddf3
core   0: 0x000000008000600c (0x14302573) csrrs   a0, stval, zero
core   0: 3 0x000000008000600c (0x14302573) x10 0x0000000039ee4a7b
core   0: 0x0000000080006010 (0xb02024f3) csrrs   s1, minstret, zero
core   0: 3 0x0000000080006010 (0xb02024f3) x9  0x0000000000000e28
core   0: 0x0000000080006014 (0x0000a811) c.j     pc + 20
core   0: 3 0x0000000080006014 (0xa811)
core   0: >>>>  mepc_4
core   0: 0x0000000080006028 (0x00000791) c.addi  a5, 4
core   0: 3 0x0000000080006028 (0x0791) x15 0x000000008000539c
core   0: 0x000000008000602a (0x34179073) csrrw   zero, mepc, a5
core   0: 3 0x000000008000602a (0x34179073) c833_mepc 0x000000008000539c
core   0: 0x000000008000602e (0x30200073) mret
core   0: 3 0x000000008000602e (0x30200073) c768_mstatus 0x8000000a00106080
core   0: 0x000000008000539c (0xff92a137) lui     sp, 0xff92a
core   0: 1 0x000000008000539c (0xff92a137) x2  0xffffffffff92a000
core   0: 0x00000000800053a0 (0x00003145) c.addiw sp, -15
core   0: 1 0x00000000800053a0 (0x3145) x2  0xffffffffff929ff1
core   0: 0x00000000800053a2 (0x00000136) c.slli  sp, 13
core   0: 1 0x00000000800053a2 (0x0136) x2  0xfffffff253fe2000
core   0: 0x00000000800053a4 (0x74d10113) addi    sp, sp, 1869
core   0: 1 0x00000000800053a4 (0x74d10113) x2  0xfffffff253fe274d
core   0: 0x00000000800053a8 (0x73cffdcb) fnmsub.d fs11, ft11, ft8, fa4
core   0: 1 0x00000000800053a8 (0x73cffdcb) f27 0x7ff8000000000000
core   0: 0x00000000800053ac (0xd0377f53) fcvt.s.lu ft10, a4
core   0: 1 0x00000000800053ac (0xd0377f53) f30 0xffffffff40000000
core   0: 0x00000000800053b0 (0x000d9793) slli    a5, s11, 0
core   0: 1 0x00000000800053b0 (0x000d9793) x15 0x000000002b79b246
core   0: 0x00000000800053b4 (0x00771c1b) slliw   s8, a4, 7
core   0: 1 0x00000000800053b4 (0x00771c1b) x24 0x0000000000000100
core   0: 0x00000000800053b8 (0x0275f93b) remuw   s2, a1, t2
core   0: 1 0x00000000800053b8 (0x0275f93b) x18 0x000000003062ddf3
core   0: 0x00000000800053bc (0xe2008ed3) fmv.x.d t4, ft1
core   0: 1 0x00000000800053bc (0xe2008ed3) x29 0xfff8000000000000
core   0: 0x00000000800053c0 (0x00139a73) csrrw   s4, fflags, t2
core   0: 1 0x00000000800053c0 (0x00139a73) x20 0x0000000000000010 c1_fflags 0x0000000000000000
core   0: 0x00000000800053c4 (0xc0143973) csrrc   s2, time, s0
core   0: exception trap_illegal_instruction, epc 0x00000000800053c4
core   0:           tval 0x00000000c0143973
core   0: >>>>  $xrv64i2p1_m2p0_a2p1_f2p2_d2p2_zicsr2p0_zifencei2p0_zmmul1p0_zba1p0_zbb1p0_zbc1p0_zbs1p0
core   0: 0x0000000080004000 (0x0080006f) j       pc + 0x8
core   0: 3 0x0000000080004000 (0x0080006f)
core   0: >>>>  mmode_exception_handler
core   0: 0x0000000080004008 (0x00002c17) auipc   s8, 0x2
core   0: 3 0x0000000080004008 (0x00002c17) x24 0x0000000080006008
core   0: 0x000000008000400c (0xfecc0c13) addi    s8, s8, -20
core   0: 3 0x000000008000400c (0xfecc0c13) x24 0x0000000080005ff4
core   0: 0x0000000080004010 (0x000c00e7) jalr    s8
core   0: 3 0x0000000080004010 (0x000c00e7) x1  0x0000000080004014
core   0: >>>>  any_handler
core   0: 0x0000000080005ff4 (0x341027f3) csrrs   a5, mepc, zero
core   0: 3 0x0000000080005ff4 (0x341027f3) x15 0x00000000800053c4
core   0: 0x0000000080005ff8 (0x34202773) csrrs   a4, mcause, zero
core   0: 3 0x0000000080005ff8 (0x34202773) x14 0x0000000000000002
core   0: 0x0000000080005ffc (0x142026f3) csrrs   a3, scause, zero
core   0: 3 0x0000000080005ffc (0x142026f3) x13 0xffffffff9e895d9c
core   0: 0x0000000080006000 (0x30402673) csrrs   a2, mie, zero
core   0: 3 0x0000000080006000 (0x30402673) x12 0x0000000000000a00
core   0: 0x0000000080006004 (0x344025f3) csrrs   a1, mip, zero
core   0: 3 0x0000000080006004 (0x344025f3) x11 0x0000000000000080
core   0: 0x0000000080006008 (0x343025f3) csrrs   a1, mtval, zero
core   0: 3 0x0000000080006008 (0x343025f3) x11 0x00000000c0143973
core   0: 0x000000008000600c (0x14302573) csrrs   a0, stval, zero
core   0: 3 0x000000008000600c (0x14302573) x10 0x0000000039ee4a7b
core   0: 0x0000000080006010 (0xb02024f3) csrrs   s1, minstret, zero
core   0: 3 0x0000000080006010 (0xb02024f3) x9  0x0000000000000e43
core   0: 0x0000000080006014 (0x0000a811) c.j     pc + 20
core   0: 3 0x0000000080006014 (0xa811)
core   0: >>>>  mepc_4
core   0: 0x0000000080006028 (0x00000791) c.addi  a5, 4
core   0: 3 0x0000000080006028 (0x0791) x15 0x00000000800053c8
core   0: 0x000000008000602a (0x34179073) csrrw   zero, mepc, a5
core   0: 3 0x000000008000602a (0x34179073) c833_mepc 0x00000000800053c8
core   0: 0x000000008000602e (0x30200073) mret
core   0: 3 0x000000008000602e (0x30200073) c768_mstatus 0x8000000a00106080
core   0: 0x00000000800053c8 (0x000efb93) andi    s7, t4, 0
core   0: 1 0x00000000800053c8 (0x000efb93) x23 0x0000000000000000
core   0: 0x00000000800053cc (0x1bc579d3) fdiv.d  fs3, fa0, ft8
core   0: 1 0x00000000800053cc (0x1bc579d3) f19 0x7ff8000000000000
core   0: 0x00000000800053d0 (0x791cfd13) andi    s10, s9, 1937
core   0: 1 0x00000000800053d0 (0x791cfd13) x26 0x0000000000000000
core   0: 0x00000000800053d4 (0x0138873b) addw    a4, a7, s3
core   0: 1 0x00000000800053d4 (0x0138873b) x14 0x0000000000000000
core   0: 0x00000000800053d8 (0x000a91bb) sllw    gp, s5, zero
core   0: 1 0x00000000800053d8 (0x000a91bb) x3  0x0000000000000000
core   0: 0x00000000800053dc (0x13ce7ad3) fmul.d  fs5, ft8, ft8
core   0: 1 0x00000000800053dc (0x13ce7ad3) f21 0x7ff8000000000000
core   0: 0x00000000800053e0 (0x0031c9b3) xor     s3, gp, gp
core   0: 1 0x00000000800053e0 (0x0031c9b3) x19 0x0000000000000000
core   0: 0x00000000800053e4 (0x00f56e33) or      t3, a0, a5
core   0: 1 0x00000000800053e4 (0x00f56e33) x28 0x00000000b9ee5bfb
core   0: 0x00000000800053e8 (0xc02df653) fcvt.l.s a2, fs11
core   0: 1 0x00000000800053e8 (0xc02df653) c1_fflags 0x0000000000000010 x12 0x7fffffffffffffff
core   0: 0x00000000800053ec (0x02d207bb) mulw    a5, tp, a3
core   0: 1 0x00000000800053ec (0x02d207bb) x15 0x0000000000000000
core   0: 0x00000000800053f0 (0x233c89d3) fsgnj.d fs3, fs9, fs3
core   0: 1 0x00000000800053f0 (0x233c89d3) f19 0x7ff8000000000000
core   0: 0x00000000800053f4 (0x00202bf3) csrrs   s7, frm, zero
core   0: 1 0x00000000800053f4 (0x00202bf3) x23 0x0000000000000000
core   0: 0x00000000800053f8 (0x03258b33) mul     s6, a1, s2
core   0: 1 0x00000000800053f8 (0x03258b33) x22 0x244df90b56d0cf29
core   0: 0x00000000800053fc (0x23378c53) fsgnj.d fs8, fa5, fs3
core   0: 1 0x00000000800053fc (0x23378c53) f24 0x4000000000000000
core   0: 0x0000000080005400 (0x02b756b3) divu    a3, a4, a1
core   0: 1 0x0000000080005400 (0x02b756b3) x13 0x0000000000000000
core   0: 0x0000000080005404 (0x4013581b) sraiw   a6, t1, 1
core   0: 1 0x0000000080005404 (0x4013581b) x16 0x000000001f793800
core   0: 0x0000000080005408 (0x0309f1b3) remu    gp, s3, a6
core   0: 1 0x0000000080005408 (0x0309f1b3) x3  0x0000000000000000
core   0: 0x000000008000540c (0x419b87bb) subw    a5, s7, s9
core   0: 1 0x000000008000540c (0x419b87bb) x15 0x0000000000000000
core   0: 0x0000000080005410 (0x078c1c37) lui     s8, 0x78c1
core   0: 1 0x0000000080005410 (0x078c1c37) x24 0x00000000078c1000
core   0: 0x0000000080005414 (0xb61c0c1b) addiw   s8, s8, -1183
core   0: 1 0x0000000080005414 (0xb61c0c1b) x24 0x00000000078c0b61
core   0: 0x0000000080005418 (0x00000c32) c.slli  s8, 12
core   0: 1 0x0000000080005418 (0x0c32) x24 0x00000078c0b61000
core   0: 0x000000008000541a (0x4f9c0c13) addi    s8, s8, 1273
core   0: 1 0x000000008000541a (0x4f9c0c13) x24 0x00000078c0b614f9
core   0: 0x000000008000541e (0x9b83f8cf) fnmadd.d fa7, ft7, fs8, fs3
core   0: 1 0x000000008000541e (0x9b83f8cf) f17 0x7ff8000000000000
core   0: 0x0000000080005422 (0xc03c2c73) csrrs   s8, hpmcounter3, s8
core   0: exception trap_illegal_instruction, epc 0x0000000080005422
core   0:           tval 0x00000000c03c2c73
core   0: >>>>  $xrv64i2p1_m2p0_a2p1_f2p2_d2p2_zicsr2p0_zifencei2p0_zmmul1p0_zba1p0_zbb1p0_zbc1p0_zbs1p0
core   0: 0x0000000080004000 (0x0080006f) j       pc + 0x8
core   0: 3 0x0000000080004000 (0x0080006f)
core   0: >>>>  mmode_exception_handler
core   0: 0x0000000080004008 (0x00002c17) auipc   s8, 0x2
core   0: 3 0x0000000080004008 (0x00002c17) x24 0x0000000080006008
core   0: 0x000000008000400c (0xfecc0c13) addi    s8, s8, -20
core   0: 3 0x000000008000400c (0xfecc0c13) x24 0x0000000080005ff4
core   0: 0x0000000080004010 (0x000c00e7) jalr    s8
core   0: 3 0x0000000080004010 (0x000c00e7) x1  0x0000000080004014
core   0: >>>>  any_handler
core   0: 0x0000000080005ff4 (0x341027f3) csrrs   a5, mepc, zero
core   0: 3 0x0000000080005ff4 (0x341027f3) x15 0x0000000080005422
core   0: 0x0000000080005ff8 (0x34202773) csrrs   a4, mcause, zero
core   0: 3 0x0000000080005ff8 (0x34202773) x14 0x0000000000000002
core   0: 0x0000000080005ffc (0x142026f3) csrrs   a3, scause, zero
core   0: 3 0x0000000080005ffc (0x142026f3) x13 0xffffffff9e895d9c
core   0: 0x0000000080006000 (0x30402673) csrrs   a2, mie, zero
core   0: 3 0x0000000080006000 (0x30402673) x12 0x0000000000000a00
core   0: 0x0000000080006004 (0x344025f3) csrrs   a1, mip, zero
core   0: 3 0x0000000080006004 (0x344025f3) x11 0x0000000000000080
core   0: 0x0000000080006008 (0x343025f3) csrrs   a1, mtval, zero
core   0: 3 0x0000000080006008 (0x343025f3) x11 0x00000000c03c2c73
core   0: 0x000000008000600c (0x14302573) csrrs   a0, stval, zero
core   0: 3 0x000000008000600c (0x14302573) x10 0x0000000039ee4a7b
core   0: 0x0000000080006010 (0xb02024f3) csrrs   s1, minstret, zero
core   0: 3 0x0000000080006010 (0xb02024f3) x9  0x0000000000000e6a
core   0: 0x0000000080006014 (0x0000a811) c.j     pc + 20
core   0: 3 0x0000000080006014 (0xa811)
core   0: >>>>  mepc_4
core   0: 0x0000000080006028 (0x00000791) c.addi  a5, 4
core   0: 3 0x0000000080006028 (0x0791) x15 0x0000000080005426
core   0: 0x000000008000602a (0x34179073) csrrw   zero, mepc, a5
core   0: 3 0x000000008000602a (0x34179073) c833_mepc 0x0000000080005426
core   0: 0x000000008000602e (0x30200073) mret
core   0: 3 0x000000008000602e (0x30200073) c768_mstatus 0x8000000a00106080
core   0: 0x0000000080005426 (0x723c8937) lui     s2, 0x723c8
core   0: 1 0x0000000080005426 (0x723c8937) x18 0x00000000723c8000
core   0: 0x000000008000542a (0x41fad61b) sraiw   a2, s5, 31
core   0: 1 0x000000008000542a (0x41fad61b) x12 0x0000000000000000
core   0: 0x000000008000542e (0x236ca253) fsgnjx.d ft4, fs9, fs6
core   0: 1 0x000000008000542e (0x236ca253) f4  0x7ff8000000000000
core   0: 0x0000000080005432 (0x002023f3) csrrs   t2, frm, zero
core   0: 1 0x0000000080005432 (0x002023f3) x7  0x0000000000000000
core   0: 0x0000000080005436 (0x01f3121b) slliw   tp, t1, 31
core   0: 1 0x0000000080005436 (0x01f3121b) x4  0x0000000000000000
core   0: 0x000000008000543a (0x0042d033) srl     zero, t0, tp
core   0: 1 0x000000008000543a (0x0042d033)
core   0: 0x000000008000543e (0x3269f543) fmadd.d fa0, fs3, ft6, ft6
core   0: 1 0x000000008000543e (0x3269f543) f10 0x7ff8000000000000
core   0: 0x0000000080005442 (0x01712e33) slt     t3, sp, s7
core   0: 1 0x0000000080005442 (0x01712e33) x28 0x0000000000000001
core   0: 0x0000000080005446 (0x037e2b33) mulhsu  s6, t3, s7
core   0: 1 0x0000000080005446 (0x037e2b33) x22 0x0000000000000000
core   0: 0x000000008000544a (0x401c529b) sraiw   t0, s8, 1
core   0: 1 0x000000008000544a (0x401c529b) x5  0xffffffffc0002ffa
core   0: 0x000000008000544e (0x22b68e53) fsgnj.d ft8, fa3, fa1
core   0: 1 0x000000008000544e (0x22b68e53) f28 0x8000000000000010
core   0: 0x0000000080005452 (0x4017d29b) sraiw   t0, a5, 1
core   0: 1 0x0000000080005452 (0x4017d29b) x5  0xffffffffc0002a13
core   0: 0x0000000080005456 (0xd20c08d3) fcvt.d.w fa7, s8
core   0: 1 0x0000000080005456 (0xd20c08d3) f17 0xc1dfffe803000000
core   0: 0x000000008000545a (0x00b72ab3) slt     s5, a4, a1
core   0: 1 0x000000008000545a (0x00b72ab3) x21 0x0000000000000001
core   0: 0x000000008000545e (0x012916bb) sllw    a3, s2, s2
core   0: 1 0x000000008000545e (0x012916bb) x13 0x00000000723c8000
core   0: 0x0000000080005462 (0x40ca579b) sraiw   a5, s4, 12
core   0: 1 0x0000000080005462 (0x40ca579b) x15 0x0000000000000000
core   0: 0x0000000080005466 (0x23c31ed3) fsgnjn.d ft9, ft6, ft8
core   0: 1 0x0000000080005466 (0x23c31ed3) f29 0x7fffffff00000000
core   0: 0x000000008000546a (0x00b56db3) or      s11, a0, a1
core   0: 1 0x000000008000546a (0x00b56db3) x27 0x00000000f9fe6e7b
core   0: 0x000000008000546e (0x03baacb3) mulhsu  s9, s5, s11
core   0: 1 0x000000008000546e (0x03baacb3) x25 0x0000000000000000
core   0: 0x0000000080005472 (0xd2010d53) fcvt.d.w fs10, sp
core   0: 1 0x0000000080005472 (0xd2010d53) f26 0x41d4ff89d3400000
core   0: 0x0000000080005476 (0x0182169b) slliw   a3, tp, 24
core   0: 1 0x0000000080005476 (0x0182169b) x13 0x0000000000000000
core   0: 0x000000008000547a (0x03f79993) slli    s3, a5, 63
core   0: 1 0x000000008000547a (0x03f79993) x19 0x0000000000000000
core   0: 0x000000008000547e (0x03383533) mulhu   a0, a6, s3
core   0: 1 0x000000008000547e (0x03383533) x10 0x0000000000000000
core   0: 0x0000000080005482 (0x4003d71b) sraiw   a4, t2, 0
core   0: 1 0x0000000080005482 (0x4003d71b) x14 0x0000000000000000
core   0: 0x0000000080005486 (0x00de46b3) xor     a3, t3, a3
core   0: 1 0x0000000080005486 (0x00de46b3) x13 0x0000000000000001
core   0: 0x000000008000548a (0x00ebc133) xor     sp, s7, a4
core   0: 1 0x000000008000548a (0x00ebc133) x2  0x0000000000000000
core   0: 0x000000008000548e (0xd2000cd3) fcvt.d.w fs9, zero
core   0: 1 0x000000008000548e (0xd2000cd3) f25 0x0000000000000000
core   0: 0x0000000080005492 (0xeb3afec3) fmadd.d ft9, fs5, fs3, ft9
core   0: 1 0x0000000080005492 (0xeb3afec3) f29 0x7ff8000000000000
core   0: 0x0000000080005496 (0x0182929b) slliw   t0, t0, 24
core   0: 1 0x0000000080005496 (0x0182929b) x5  0x0000000013000000
core   0: 0x000000008000549a (0x1bbd76d3) fdiv.d  fa3, fs10, fs11
core   0: 1 0x000000008000549a (0x1bbd76d3) f13 0x7ff8000000000000
core   0: 0x000000008000549e (0xd022fbd3) fcvt.s.l fs7, t0
core   0: 1 0x000000008000549e (0xd022fbd3) f23 0xffffffff4d980000
core   0: 0x00000000800054a2 (0x0276b233) mulhu   tp, a3, t2
core   0: 1 0x00000000800054a2 (0x0276b233) x4  0x0000000000000000
core   0: 0x00000000800054a6 (0x41dcd2bb) sraw    t0, s9, t4
core   0: 1 0x00000000800054a6 (0x41dcd2bb) x5  0x0000000000000000
core   0: 0x00000000800054aa (0x024d5d33) divu    s10, s10, tp
core   0: 1 0x00000000800054aa (0x024d5d33) x26 0xffffffffffffffff
core   0: 0x00000000800054ae (0x00169473) csrrw   s0, fflags, a3
core   0: 1 0x00000000800054ae (0x00169473) x8  0x0000000000000010 c1_fflags 0x0000000000000001
core   0: 0x00000000800054b2 (0x028421b3) mulhsu  gp, s0, s0
core   0: 1 0x00000000800054b2 (0x028421b3) x3  0x0000000000000000
core   0: 0x00000000800054b6 (0x00000001) c.nop
core   0: 1 0x00000000800054b6 (0x0001)
core   0: 0x00000000800054b8 (0xd36b704b) fnmsub.d ft0, fs6, fs6, fs10
core   0: 1 0x00000000800054b8 (0xd36b704b) f0  0x7ff8000000000000
core   0: 0x00000000800054bc (0x22eb0053) fsgnj.d ft0, fs6, fa4
core   0: 1 0x00000000800054bc (0x22eb0053) f0  0x7ff8000000000000
core   0: 0x00000000800054c0 (0x0210d0bb) divuw   ra, ra, ra
core   0: 1 0x00000000800054c0 (0x0210d0bb) x1  0x0000000000000001
core   0: 0x00000000800054c4 (0x00109cf3) csrrw   s9, fflags, ra
core   0: 1 0x00000000800054c4 (0x00109cf3) x25 0x0000000000000001 c1_fflags 0x0000000000000001
core   0: 0x00000000800054c8 (0x00890d3b) addw    s10, s2, s0
core   0: 1 0x00000000800054c8 (0x00890d3b) x26 0x00000000723c8010
core   0: 0x00000000800054cc (0x23ce9e53) fsgnjn.d ft8, ft9, ft8
core   0: 1 0x00000000800054cc (0x23ce9e53) f28 0x7ff8000000000000
core   0: 0x00000000800054d0 (0x01d32333) slt     t1, t1, t4
core   0: 1 0x00000000800054d0 (0x01d32333) x6  0x0000000000000000
core   0: 0x00000000800054d4 (0x420488d3) fcvt.d.s fa7, fs1
core   0: 1 0x00000000800054d4 (0x420488d3) f17 0x7ff8000000000000
core   0: 0x00000000800054d8 (0x5a0e7353) fsqrt.d ft6, ft8
core   0: 1 0x00000000800054d8 (0x5a0e7353) f6  0x7ff8000000000000
core   0: 0x00000000800054dc (0x002dda33) srl     s4, s11, sp
core   0: 1 0x00000000800054dc (0x002dda33) x20 0x00000000f9fe6e7b
core   0: 0x00000000800054e0 (0xc20b7253) fcvt.w.d tp, fs6
core   0: 1 0x00000000800054e0 (0xc20b7253) c1_fflags 0x0000000000000011 x4  0x000000007fffffff
core   0: 0x00000000800054e4 (0x7ff2e293) ori     t0, t0, 2047
core   0: 1 0x00000000800054e4 (0x7ff2e293) x5  0x00000000000007ff
core   0: 0x00000000800054e8 (0xc024f953) fcvt.l.s s2, fs1
core   0: 1 0x00000000800054e8 (0xc024f953) c1_fflags 0x0000000000000011 x18 0x7fffffffffffffff
core   0: 0x00000000800054ec (0x033cd293) srli    t0, s9, 51
core   0: 1 0x00000000800054ec (0x033cd293) x5  0x0000000000000000
core   0: 0x00000000800054f0 (0x01a28abb) addw    s5, t0, s10
core   0: 1 0x00000000800054f0 (0x01a28abb) x21 0x00000000723c8010
core   0: 0x00000000800054f4 (0x03d03533) mulhu   a0, zero, t4
core   0: 1 0x00000000800054f4 (0x03d03533) x10 0x0000000000000000
core   0: 0x00000000800054f8 (0x02bb2533) mulhsu  a0, s6, a1
core   0: 1 0x00000000800054f8 (0x02bb2533) x10 0x0000000000000000
core   0: 0x00000000800054fc (0x23658753) fsgnj.d fa4, fa1, fs6
core   0: 1 0x00000000800054fc (0x23658753) f14 0x7fffffff40000000
core   0: 0x0000000080005500 (0xf20c8253) fmv.d.x ft4, s9
core   0: 1 0x0000000080005500 (0xf20c8253) f4  0x0000000000000001
core   0: 0x0000000080005504 (0x22a21953) fsgnjn.d fs2, ft4, fa0
core   0: 1 0x0000000080005504 (0x22a21953) f18 0x8000000000000001
core   0: 0x0000000080005508 (0x006b0233) add     tp, s6, t1
core   0: 1 0x0000000080005508 (0x006b0233) x4  0x0000000000000000
core   0: 0x000000008000550c (0x0145e733) or      a4, a1, s4
core   0: 1 0x000000008000550c (0x0145e733) x14 0x00000000f9fe6e7b
core   0: 0x0000000080005510 (0x40828bb3) sub     s7, t0, s0
core   0: 1 0x0000000080005510 (0x40828bb3) x23 0xfffffffffffffff0
core   0: 0x0000000080005514 (0x400ed79b) sraiw   a5, t4, 0
core   0: 1 0x0000000080005514 (0x400ed79b) x15 0x0000000000000000
core   0: 0x0000000080005518 (0x020c02b3) mul     t0, s8, zero
core   0: 1 0x0000000080005518 (0x020c02b3) x5  0x0000000000000000
core   0: 0x000000008000551c (0xc03c7ad3) fcvt.lu.s s5, fs8
core   0: 1 0x000000008000551c (0xc03c7ad3) c1_fflags 0x0000000000000011 x21 0xffffffffffffffff
core   0: 0x0000000080005520 (0x03568333) mul     t1, a3, s5
core   0: 1 0x0000000080005520 (0x03568333) x6  0xffffffffffffffff
core   0: 0x0000000080005524 (0xd02d70d3) fcvt.s.l ft1, s10
core   0: 1 0x0000000080005524 (0xd02d70d3) c1_fflags 0x0000000000000011 f1  0xffffffff4ee47900
core   0: 0x0000000080005528 (0x4003511b) sraiw   sp, t1, 0
core   0: 1 0x0000000080005528 (0x4003511b) x2  0xffffffffffffffff
core   0: 0x000000008000552c (0x01abad33) slt     s10, s7, s10
core   0: 1 0x000000008000552c (0x01abad33) x26 0x0000000000000001
core   0: 0x0000000080005530 (0xc03f7953) fcvt.lu.s s2, ft10
core   0: 1 0x0000000080005530 (0xc03f7953) x18 0x0000000000000002
core   0: 0x0000000080005534 (0x0017d81b) srliw   a6, a5, 1
core   0: 1 0x0000000080005534 (0x0017d81b) x16 0x0000000000000000
core   0: 0x0000000080005538 (0x020a84bb) mulw    s1, s5, zero
core   0: 1 0x0000000080005538 (0x020a84bb) x9  0x0000000000000000
core   0: 0x000000008000553c (0x010089b3) add     s3, ra, a6
core   0: 1 0x000000008000553c (0x010089b3) x19 0x0000000000000001
core   0: 0x0000000080005540 (0x43fb5a13) srai    s4, s6, 63
core   0: 1 0x0000000080005540 (0x43fb5a13) x20 0x0000000000000000
core   0: 0x0000000080005544 (0x000095a6) c.add   a1, s1
core   0: 1 0x0000000080005544 (0x95a6) x11 0x00000000c03c2c73
core   0: 0x0000000080005546 (0x2a4586d3) fmin.d  fa3, fa1, ft4
core   0: 1 0x0000000080005546 (0x2a4586d3) f13 0x0000000000000001
core   0: 0x000000008000554a (0x40f1513b) sraw    sp, sp, a5
core   0: 1 0x000000008000554a (0x40f1513b) x2  0xffffffffffffffff
core   0: 0x000000008000554e (0xd03d7bd3) fcvt.s.lu fs7, s10
core   0: 1 0x000000008000554e (0xd03d7bd3) f23 0xffffffff3f800000
core   0: 0x0000000080005552 (0x40815a33) sra     s4, sp, s0
core   0: 1 0x0000000080005552 (0x40815a33) x20 0xffffffffffffffff
core   0: 0x0000000080005556 (0x011c5c3b) srlw    s8, s8, a7
core   0: 1 0x0000000080005556 (0x011c5c3b) x24 0xffffffff80005ff4
core   0: 0x000000008000555a (0x00000001) c.nop
core   0: 1 0x000000008000555a (0x0001)
core   0: 0x000000008000555c (0x4063043b) subw    s0, t1, t1
core   0: 1 0x000000008000555c (0x4063043b) x8  0x0000000000000000
core   0: 0x0000000080005560 (0x03c83433) mulhu   s0, a6, t3
core   0: 1 0x0000000080005560 (0x03c83433) x8  0x0000000000000000
core   0: 0x0000000080005564 (0x00050cb3) add     s9, a0, zero
core   0: 1 0x0000000080005564 (0x00050cb3) x25 0x0000000000000000
core   0: 0x0000000080005568 (0x4360d093) srai    ra, ra, 54
core   0: 1 0x0000000080005568 (0x4360d093) x1  0x0000000000000000
core   0: 0x000000008000556c (0x41560ab3) sub     s5, a2, s5
core   0: 1 0x000000008000556c (0x41560ab3) x21 0x0000000000000001
core   0: 0x0000000080005570 (0x002d9673) csrrw   a2, frm, s11
core   0: 1 0x0000000080005570 (0x002d9673) x12 0x0000000000000000 c2_frm 0x0000000000000003
core   0: 0x0000000080005574 (0xf2048c53) fmv.d.x fs8, s1
core   0: 1 0x0000000080005574 (0xf2048c53) f24 0x0000000000000000
core   0: 0x0000000080005578 (0x2339a1d3) fsgnjx.d ft3, fs3, fs3
core   0: 1 0x0000000080005578 (0x2339a1d3) f3  0x7ff8000000000000
core   0: 0x000000008000557c (0x9a17ca13) xori    s4, a5, -1631
core   0: 1 0x000000008000557c (0x9a17ca13) x20 0xfffffffffffff9a1
core   0: 0x0000000080005580 (0x030a3733) mulhu   a4, s4, a6
core   0: 1 0x0000000080005580 (0x030a3733) x14 0x0000000000000000
core   0: 0x0000000080005584 (0x00121273) csrrw   tp, fflags, tp
core   0: 1 0x0000000080005584 (0x00121273) x4  0x0000000000000011 c1_fflags 0x0000000000000000
core   0: 0x0000000080005588 (0x00000001) c.nop
core   0: 1 0x0000000080005588 (0x0001)
core   0: 0x000000008000558a (0x00202873) csrrs   a6, frm, zero
core   0: 1 0x000000008000558a (0x00202873) x16 0x0000000000000003
core   0: 0x000000008000558e (0xc039f453) fcvt.lu.s s0, fs3
core   0: 1 0x000000008000558e (0xc039f453) c1_fflags 0x0000000000000010 x8  0xffffffffffffffff
core   0: 0x0000000080005592 (0x02f79533) mulh    a0, a5, a5
core   0: 1 0x0000000080005592 (0x02f79533) x10 0x0000000000000000
core   0: 0x0000000080005596 (0xc22d7453) fcvt.l.d s0, fs10
core   0: 1 0x0000000080005596 (0xc22d7453) x8  0x0000000053fe274d
core   0: 0x000000008000559a (0xf1171773) csrrw   a4, mvendorid, a4
core   0: exception trap_illegal_instruction, epc 0x000000008000559a
core   0:           tval 0x00000000f1171773
core   0: >>>>  $xrv64i2p1_m2p0_a2p1_f2p2_d2p2_zicsr2p0_zifencei2p0_zmmul1p0_zba1p0_zbb1p0_zbc1p0_zbs1p0
core   0: 0x0000000080004000 (0x0080006f) j       pc + 0x8
core   0: 3 0x0000000080004000 (0x0080006f)
core   0: >>>>  mmode_exception_handler
core   0: 0x0000000080004008 (0x00002c17) auipc   s8, 0x2
core   0: 3 0x0000000080004008 (0x00002c17) x24 0x0000000080006008
core   0: 0x000000008000400c (0xfecc0c13) addi    s8, s8, -20
core   0: 3 0x000000008000400c (0xfecc0c13) x24 0x0000000080005ff4
core   0: 0x0000000080004010 (0x000c00e7) jalr    s8
core   0: 3 0x0000000080004010 (0x000c00e7) x1  0x0000000080004014
core   0: >>>>  any_handler
core   0: 0x0000000080005ff4 (0x341027f3) csrrs   a5, mepc, zero
core   0: 3 0x0000000080005ff4 (0x341027f3) x15 0x000000008000559a
core   0: 0x0000000080005ff8 (0x34202773) csrrs   a4, mcause, zero
core   0: 3 0x0000000080005ff8 (0x34202773) x14 0x0000000000000002
core   0: 0x0000000080005ffc (0x142026f3) csrrs   a3, scause, zero
core   0: 3 0x0000000080005ffc (0x142026f3) x13 0xffffffff9e895d9c
core   0: 0x0000000080006000 (0x30402673) csrrs   a2, mie, zero
core   0: 3 0x0000000080006000 (0x30402673) x12 0x0000000000000a00
core   0: 0x0000000080006004 (0x344025f3) csrrs   a1, mip, zero
core   0: 3 0x0000000080006004 (0x344025f3) x11 0x0000000000000080
core   0: 0x0000000080006008 (0x343025f3) csrrs   a1, mtval, zero
core   0: 3 0x0000000080006008 (0x343025f3) x11 0x00000000f1171773
core   0: 0x000000008000600c (0x14302573) csrrs   a0, stval, zero
core   0: 3 0x000000008000600c (0x14302573) x10 0x0000000039ee4a7b
core   0: 0x0000000080006010 (0xb02024f3) csrrs   s1, minstret, zero
core   0: 3 0x0000000080006010 (0xb02024f3) x9  0x0000000000000ed9
core   0: 0x0000000080006014 (0x0000a811) c.j     pc + 20
core   0: 3 0x0000000080006014 (0xa811)
core   0: >>>>  mepc_4
core   0: 0x0000000080006028 (0x00000791) c.addi  a5, 4
core   0: 3 0x0000000080006028 (0x0791) x15 0x000000008000559e
core   0: 0x000000008000602a (0x34179073) csrrw   zero, mepc, a5
core   0: 3 0x000000008000602a (0x34179073) c833_mepc 0x000000008000559e
core   0: 0x000000008000602e (0x30200073) mret
core   0: 3 0x000000008000602e (0x30200073) c768_mstatus 0x8000000a00106080
core   0: 0x000000008000559e (0xf20507d3) fmv.d.x fa5, a0
core   0: 1 0x000000008000559e (0xf20507d3) f15 0x0000000039ee4a7b
core   0: 0x00000000800055a2 (0x001e1c9b) slliw   s9, t3, 1
core   0: 1 0x00000000800055a2 (0x001e1c9b) x25 0x0000000000000002
core   0: 0x00000000800055a6 (0x4016ffd3) fcvt.s.d ft11, fa3
core   0: 1 0x00000000800055a6 (0x4016ffd3) c1_fflags 0x0000000000000013 f31 0xffffffff00000001
core   0: 0x00000000800055aa (0x02fe0d3b) mulw    s10, t3, a5
core   0: 1 0x00000000800055aa (0x02fe0d3b) x26 0xffffffff8000559e
core   0: 0x00000000800055ae (0x00d45733) srl     a4, s0, a3
core   0: 1 0x00000000800055ae (0x00d45733) x14 0x0000000000000005
core   0: 0x00000000800055b2 (0x12217cd3) fmul.d  fs9, ft2, ft2
core   0: 1 0x00000000800055b2 (0x12217cd3) f25 0x7ff8000000000000
core   0: 0x00000000800055b6 (0x42405313) srai    t1, zero, 36
core   0: 1 0x00000000800055b6 (0x42405313) x6  0x0000000000000000
core   0: 0x00000000800055ba (0x00e55333) srl     t1, a0, a4
core   0: 1 0x00000000800055ba (0x00e55333) x6  0x0000000001cf7253
core   0: 0x00000000800055be (0x000e9693) slli    a3, t4, 0
core   0: 1 0x00000000800055be (0x000e9693) x13 0xfff8000000000000
core   0: 0x00000000800055c2 (0x420383d3) fcvt.d.s ft7, ft7
core   0: 1 0x00000000800055c2 (0x420383d3) f7  0x7ff8000000000000
core   0: 0x00000000800055c6 (0x02d9543b) divuw   s0, s2, a3
core   0: 1 0x00000000800055c6 (0x02d9543b) x8  0xffffffffffffffff
core   0: 0x00000000800055ca (0x0136a2b3) slt     t0, a3, s3
core   0: 1 0x00000000800055ca (0x0136a2b3) x5  0x0000000000000001
core   0: 0x00000000800055ce (0xd22dff53) fcvt.d.l ft10, s11
core   0: 1 0x00000000800055ce (0xd22dff53) f30 0x41ef3fcdcf600000
core   0: 0x00000000800055d2 (0x40fe523b) sraw    tp, t3, a5
core   0: 1 0x00000000800055d2 (0x40fe523b) x4  0x0000000000000000
core   0: 0x00000000800055d6 (0x40dd533b) sraw    t1, s10, a3
core   0: 1 0x00000000800055d6 (0x40dd533b) x6  0xffffffff8000559e
core   0: 0x00000000800055da (0x2bad1253) fmax.d  ft4, fs10, fs10
core   0: 1 0x00000000800055da (0x2bad1253) f4  0x41d4ff89d3400000
core   0: 0x00000000800055de (0x02536c3b) remw    s8, t1, t0
core   0: 1 0x00000000800055de (0x02536c3b) x24 0x0000000000000000
core   0: 0x00000000800055e2 (0x12e379d3) fmul.d  fs3, ft6, fa4
core   0: 1 0x00000000800055e2 (0x12e379d3) f19 0x7ff8000000000000
core   0: 0x00000000800055e6 (0x01830a3b) addw    s4, t1, s8
core   0: 1 0x00000000800055e6 (0x01830a3b) x20 0xffffffff8000559e
core   0: 0x00000000800055ea (0x00ad5d1b) srliw   s10, s10, 10
core   0: 1 0x00000000800055ea (0x00ad5d1b) x26 0x0000000000200015
core   0: 0x00000000800055ee (0x01ae87b3) add     a5, t4, s10
core   0: 1 0x00000000800055ee (0x01ae87b3) x15 0xfff8000000200015
core   0: 0x00000000800055f2 (0x41055833) sra     a6, a0, a6
core   0: 1 0x00000000800055f2 (0x41055833) x16 0x00000000073dc94f
core   0: 0x00000000800055f6 (0xc02776d3) fcvt.l.s a3, fa4
core   0: 1 0x00000000800055f6 (0xc02776d3) c1_fflags 0x0000000000000013 x13 0x7fffffffffffffff
core   0: 0x00000000800055fa (0x22b00053) fsgnj.d ft0, ft0, fa1
core   0: 1 0x00000000800055fa (0x22b00053) f0  0xfff8000000000000
core   0: 0x00000000800055fe (0x00de5033) srl     zero, t3, a3
core   0: 1 0x00000000800055fe (0x00de5033)
core   0: 0x0000000080005602 (0x003b133b) sllw    t1, s6, gp
core   0: 1 0x0000000080005602 (0x003b133b) x6  0x0000000000000000
core   0: 0x0000000080005606 (0x1bc1ffcf) fnmadd.d ft11, ft3, ft8, ft3
core   0: 1 0x0000000080005606 (0x1bc1ffcf) f31 0x7ff8000000000000
core   0: 0x000000008000560a (0x02b283b3) mul     t2, t0, a1
core   0: 1 0x000000008000560a (0x02b283b3) x7  0x00000000f1171773
core   0: 0x000000008000560e (0xc02cf4d3) fcvt.l.s s1, fs9
core   0: 1 0x000000008000560e (0xc02cf4d3) c1_fflags 0x0000000000000013 x9  0x7fffffffffffffff
core   0: 0x0000000080005612 (0x4015fa53) fcvt.s.d fs4, fa1
core   0: 1 0x0000000080005612 (0x4015fa53) f20 0xffffffff7fc00000
core   0: 0x0000000080005616 (0xc02ff2d3) fcvt.l.s t0, ft11
core   0: 1 0x0000000080005616 (0xc02ff2d3) c1_fflags 0x0000000000000013 x5  0x7fffffffffffffff
core   0: 0x000000008000561a (0x014993bb) sllw    t2, s3, s4
core   0: 1 0x000000008000561a (0x014993bb) x7  0x0000000040000000
core   0: 0x000000008000561e (0xc20278d3) fcvt.w.d a7, ft4
core   0: 1 0x000000008000561e (0xc20278d3) x17 0x0000000053fe274d
core   0: 0x0000000080005622 (0xdac9fecb) fnmsub.d ft9, fs3, fa2, fs11
core   0: 1 0x0000000080005622 (0xdac9fecb) f29 0x7ff8000000000000
core   0: 0x0000000080005626 (0xf145e773) csrrsi  a4, mhartid, 11
core   0: exception trap_illegal_instruction, epc 0x0000000080005626
core   0:           tval 0x00000000f145e773
core   0: >>>>  $xrv64i2p1_m2p0_a2p1_f2p2_d2p2_zicsr2p0_zifencei2p0_zmmul1p0_zba1p0_zbb1p0_zbc1p0_zbs1p0
core   0: 0x0000000080004000 (0x0080006f) j       pc + 0x8
core   0: 3 0x0000000080004000 (0x0080006f)
core   0: >>>>  mmode_exception_handler
core   0: 0x0000000080004008 (0x00002c17) auipc   s8, 0x2
core   0: 3 0x0000000080004008 (0x00002c17) x24 0x0000000080006008
core   0: 0x000000008000400c (0xfecc0c13) addi    s8, s8, -20
core   0: 3 0x000000008000400c (0xfecc0c13) x24 0x0000000080005ff4
core   0: 0x0000000080004010 (0x000c00e7) jalr    s8
core   0: 3 0x0000000080004010 (0x000c00e7) x1  0x0000000080004014
core   0: >>>>  any_handler
core   0: 0x0000000080005ff4 (0x341027f3) csrrs   a5, mepc, zero
core   0: 3 0x0000000080005ff4 (0x341027f3) x15 0x0000000080005626
core   0: 0x0000000080005ff8 (0x34202773) csrrs   a4, mcause, zero
core   0: 3 0x0000000080005ff8 (0x34202773) x14 0x0000000000000002
core   0: 0x0000000080005ffc (0x142026f3) csrrs   a3, scause, zero
core   0: 3 0x0000000080005ffc (0x142026f3) x13 0xffffffff9e895d9c
core   0: 0x0000000080006000 (0x30402673) csrrs   a2, mie, zero
core   0: 3 0x0000000080006000 (0x30402673) x12 0x0000000000000a00
core   0: 0x0000000080006004 (0x344025f3) csrrs   a1, mip, zero
core   0: 3 0x0000000080006004 (0x344025f3) x11 0x0000000000000080
core   0: 0x0000000080006008 (0x343025f3) csrrs   a1, mtval, zero
core   0: 3 0x0000000080006008 (0x343025f3) x11 0x00000000f145e773
core   0: 0x000000008000600c (0x14302573) csrrs   a0, stval, zero
core   0: 3 0x000000008000600c (0x14302573) x10 0x0000000039ee4a7b
core   0: 0x0000000080006010 (0xb02024f3) csrrs   s1, minstret, zero
core   0: 3 0x0000000080006010 (0xb02024f3) x9  0x0000000000000f0b
core   0: 0x0000000080006014 (0x0000a811) c.j     pc + 20
core   0: 3 0x0000000080006014 (0xa811)
core   0: >>>>  mepc_4
core   0: 0x0000000080006028 (0x00000791) c.addi  a5, 4
core   0: 3 0x0000000080006028 (0x0791) x15 0x000000008000562a
core   0: 0x000000008000602a (0x34179073) csrrw   zero, mepc, a5
core   0: 3 0x000000008000602a (0x34179073) c833_mepc 0x000000008000562a
core   0: 0x000000008000602e (0x30200073) mret
core   0: 3 0x000000008000602e (0x30200073) c768_mstatus 0x8000000a00106080
core   0: 0x000000008000562a (0x0049dd3b) srlw    s10, s3, tp
core   0: 1 0x000000008000562a (0x0049dd3b) x26 0x0000000000000001
core   0: 0x000000008000562e (0x008af5b3) and     a1, s5, s0
core   0: 1 0x000000008000562e (0x008af5b3) x11 0x0000000000000001
core   0: 0x0000000080005632 (0x028aaeb3) mulhsu  t4, s5, s0
core   0: 1 0x0000000080005632 (0x028aaeb3) x29 0x0000000000000000
core   0: 0x0000000080005636 (0xd20e8cd3) fcvt.d.w fs9, t4
core   0: 1 0x0000000080005636 (0xd20e8cd3) f25 0x0000000000000000
core   0: 0x000000008000563a (0x23fdc293) xori    t0, s11, 575
core   0: 1 0x000000008000563a (0x23fdc293) x5  0x00000000f9fe6c44
core   0: 0x000000008000563e (0xc2067053) fcvt.w.d zero, fa2
core   0: 1 0x000000008000563e (0xc2067053) c1_fflags 0x0000000000000013
core   0: 0x0000000080005642 (0xa31c83d3) fle.d   t2, fs9, fa7
core   0: 1 0x0000000080005642 (0xa31c83d3) c1_fflags 0x0000000000000013 x7  0x0000000000000000
core   0: 0x0000000080005646 (0x0ae6f653) fsub.d  fa2, fa3, fa4
core   0: 1 0x0000000080005646 (0x0ae6f653) f12 0x7ff8000000000000
core   0: 0x000000008000564a (0x03c447b3) div     a5, s0, t3
core   0: 1 0x000000008000564a (0x03c447b3) x15 0xffffffffffffffff
core   0: 0x000000008000564e (0x1060d073) csrrwi  zero, scounteren, 1
core   0: 1 0x000000008000564e (0x1060d073) c262_scounteren 0x0000000000000000
core   0: 0x0000000080005652 (0x0126da33) srl     s4, a3, s2
core   0: 1 0x0000000080005652 (0x0126da33) x20 0x3fffffffe7a25767
core   0: 0x0000000080005656 (0x00202373) csrrs   t1, frm, zero
core   0: 1 0x0000000080005656 (0x00202373) x6  0x0000000000000003
core   0: 0x000000008000565a (0x89836bb7) lui     s7, 0x89836
core   0: 1 0x000000008000565a (0x89836bb7) x23 0xffffffff89836000
core   0: 0x000000008000565e (0x323a94f3) csrrw   s1, mhpmevent3, s5
core   0: exception trap_illegal_instruction, epc 0x000000008000565e
core   0:           tval 0x00000000323a94f3
core   0: >>>>  $xrv64i2p1_m2p0_a2p1_f2p2_d2p2_zicsr2p0_zifencei2p0_zmmul1p0_zba1p0_zbb1p0_zbc1p0_zbs1p0
core   0: 0x0000000080004000 (0x0080006f) j       pc + 0x8
core   0: 3 0x0000000080004000 (0x0080006f)
core   0: >>>>  mmode_exception_handler
core   0: 0x0000000080004008 (0x00002c17) auipc   s8, 0x2
core   0: 3 0x0000000080004008 (0x00002c17) x24 0x0000000080006008
core   0: 0x000000008000400c (0xfecc0c13) addi    s8, s8, -20
core   0: 3 0x000000008000400c (0xfecc0c13) x24 0x0000000080005ff4
core   0: 0x0000000080004010 (0x000c00e7) jalr    s8
core   0: 3 0x0000000080004010 (0x000c00e7) x1  0x0000000080004014
core   0: >>>>  any_handler
core   0: 0x0000000080005ff4 (0x341027f3) csrrs   a5, mepc, zero
core   0: 3 0x0000000080005ff4 (0x341027f3) x15 0x000000008000565e
core   0: 0x0000000080005ff8 (0x34202773) csrrs   a4, mcause, zero
core   0: 3 0x0000000080005ff8 (0x34202773) x14 0x0000000000000002
core   0: 0x0000000080005ffc (0x142026f3) csrrs   a3, scause, zero
core   0: 3 0x0000000080005ffc (0x142026f3) x13 0xffffffff9e895d9c
core   0: 0x0000000080006000 (0x30402673) csrrs   a2, mie, zero
core   0: 3 0x0000000080006000 (0x30402673) x12 0x0000000000000a00
core   0: 0x0000000080006004 (0x344025f3) csrrs   a1, mip, zero
core   0: 3 0x0000000080006004 (0x344025f3) x11 0x0000000000000080
core   0: 0x0000000080006008 (0x343025f3) csrrs   a1, mtval, zero
core   0: 3 0x0000000080006008 (0x343025f3) x11 0x00000000323a94f3
core   0: 0x000000008000600c (0x14302573) csrrs   a0, stval, zero
core   0: 3 0x000000008000600c (0x14302573) x10 0x0000000039ee4a7b
core   0: 0x0000000080006010 (0xb02024f3) csrrs   s1, minstret, zero
core   0: 3 0x0000000080006010 (0xb02024f3) x9  0x0000000000000f28
core   0: 0x0000000080006014 (0x0000a811) c.j     pc + 20
core   0: 3 0x0000000080006014 (0xa811)
core   0: >>>>  mepc_4
core   0: 0x0000000080006028 (0x00000791) c.addi  a5, 4
core   0: 3 0x0000000080006028 (0x0791) x15 0x0000000080005662
core   0: 0x000000008000602a (0x34179073) csrrw   zero, mepc, a5
core   0: 3 0x000000008000602a (0x34179073) c833_mepc 0x0000000080005662
core   0: 0x000000008000602e (0x30200073) mret
core   0: 3 0x000000008000602e (0x30200073) c768_mstatus 0x8000000a00106080
core   0: 0x0000000080005662 (0x0274c1b3) div     gp, s1, t2
core   0: 1 0x0000000080005662 (0x0274c1b3) x3  0xffffffffffffffff
core   0: 0x0000000080005666 (0x403b8a3b) subw    s4, s7, gp
core   0: 1 0x0000000080005666 (0x403b8a3b) x20 0xffffffff89836001
core   0: 0x000000008000566a (0xd2148753) fcvt.d.wu fa4, s1
core   0: 1 0x000000008000566a (0xd2148753) f14 0x40ae500000000000
core   0: 0x000000008000566e (0x40fa07bb) subw    a5, s4, a5
core   0: 1 0x000000008000566e (0x40fa07bb) x15 0x000000000983099f
core   0: 0x0000000080005672 (0xc2157653) fcvt.wu.d a2, fa0
core   0: 1 0x0000000080005672 (0xc2157653) c1_fflags 0x0000000000000013 x12 0xffffffffffffffff
core   0: 0x0000000080005676 (0x01ad5913) srli    s2, s10, 26
core   0: 1 0x0000000080005676 (0x01ad5913) x18 0x0000000000000000
core   0: 0x000000008000567a (0x143697f3) csrrw   a5, stval, a3
core   0: 1 0x000000008000567a (0x143697f3) x15 0x0000000039ee4a7b c323_stval 0xffffffff9e895d9c
core   0: 0x000000008000567e (0x2bbb0b53) fmin.d  fs6, fs6, fs11
core   0: 1 0x000000008000567e (0x2bbb0b53) f22 0x7ff8000000000000
core   0: 0x0000000080005682 (0x01171b3b) sllw    s6, a4, a7
core   0: 1 0x0000000080005682 (0x01171b3b) x22 0x0000000000004000
core   0: 0x0000000080005686 (0x40fdd83b) sraw    a6, s11, a5
core   0: 1 0x0000000080005686 (0x40fdd83b) x16 0xffffffffffffffff
core   0: 0x000000008000568a (0x02f0b133) mulhu   sp, ra, a5
core   0: 1 0x000000008000568a (0x02f0b133) x2  0x0000000000000000
core   0: 0x000000008000568e (0x1398f5d3) fmul.d  fa1, fa7, fs9
core   0: 1 0x000000008000568e (0x1398f5d3) f11 0x7ff8000000000000
core   0: 0x0000000080005692 (0x00812333) slt     t1, sp, s0
core   0: 1 0x0000000080005692 (0x00812333) x6  0x0000000000000000
core   0: 0x0000000080005696 (0x7ff66613) ori     a2, a2, 2047
core   0: 1 0x0000000080005696 (0x7ff66613) x12 0xffffffffffffffff
core   0: 0x000000008000569a (0x00000001) c.nop
core   0: 1 0x000000008000569a (0x0001)
core   0: 0x000000008000569c (0x414a033b) subw    t1, s4, s4
core   0: 1 0x000000008000569c (0x414a033b) x6  0x0000000000000000
core   0: 0x00000000800056a0 (0xe2028353) fmv.x.d t1, ft5
core   0: 1 0x00000000800056a0 (0xe2028353) x6  0x7ff8000000000000
core   0: 0x00000000800056a4 (0x6af7f7c7) fmsub.d fa5, fa5, fa5, fa3
core   0: 1 0x00000000800056a4 (0x6af7f7c7) c1_fflags 0x0000000000000013 f15 0x8000000000000000
core   0: 0x00000000800056a8 (0x002026f3) csrrs   a3, frm, zero
core   0: 1 0x00000000800056a8 (0x002026f3) x13 0x0000000000000003
core   0: 0x00000000800056ac (0x009783bb) addw    t2, a5, s1
core   0: 1 0x00000000800056ac (0x009783bb) x7  0x0000000039ee59a3
core   0: 0x00000000800056b0 (0x4147511b) sraiw   sp, a4, 20
core   0: 1 0x00000000800056b0 (0x4147511b) x2  0x0000000000000000
core   0: 0x00000000800056b4 (0x40770a33) sub     s4, a4, t2
core   0: 1 0x00000000800056b4 (0x40770a33) x20 0xffffffffc611a65f
core   0: 0x00000000800056b8 (0x036a82bb) mulw    t0, s5, s6
core   0: 1 0x00000000800056b8 (0x036a82bb) x5  0x0000000000004000
core   0: 0x00000000800056bc (0xc203f5d3) fcvt.w.d a1, ft7
core   0: 1 0x00000000800056bc (0xc203f5d3) c1_fflags 0x0000000000000013 x11 0x000000007fffffff
core   0: 0x00000000800056c0 (0x4052823b) subw    tp, t0, t0
core   0: 1 0x00000000800056c0 (0x4052823b) x4  0x0000000000000000
core   0: 0x00000000800056c4 (0x1436f7f3) csrrci  a5, stval, 13
core   0: 1 0x00000000800056c4 (0x1436f7f3) x15 0xffffffff9e895d9c c323_stval 0xffffffff9e895d90
core   0: 0x00000000800056c8 (0x0ff0000f) fence   iorw,iorw
core   0: 1 0x00000000800056c8 (0x0ff0000f)
core   0: 0x00000000800056cc (0x23b7a8d3) fsgnjx.d fa7, fa5, fs11
core   0: 1 0x00000000800056cc (0x23b7a8d3) f17 0x8000000000000000
core   0: 0x00000000800056d0 (0x0176599b) srliw   s3, a2, 23
core   0: 1 0x00000000800056d0 (0x0176599b) x19 0x00000000000001ff
core   0: 0x00000000800056d4 (0xc23cf9d3) fcvt.lu.d s3, fs9
core   0: 1 0x00000000800056d4 (0xc23cf9d3) x19 0x0000000000000000
core   0: 0x00000000800056d8 (0x408bdc33) sra     s8, s7, s0
core   0: 1 0x00000000800056d8 (0x408bdc33) x24 0xffffffffffffffff
core   0: 0x00000000800056dc (0x123bfbd3) fmul.d  fs7, fs7, ft3
core   0: 1 0x00000000800056dc (0x123bfbd3) f23 0x7ff8000000000000
core   0: 0x00000000800056e0 (0x0ff0000f) fence   iorw,iorw
core   0: 1 0x00000000800056e0 (0x0ff0000f)
core   0: 0x00000000800056e4 (0x03d7deb3) divu    t4, a5, t4
core   0: 1 0x00000000800056e4 (0x03d7deb3) x29 0xffffffffffffffff
core   0: 0x00000000800056e8 (0x02d1f6bb) remuw   a3, gp, a3
core   0: 1 0x00000000800056e8 (0x02d1f6bb) x13 0x0000000000000000
core   0: 0x00000000800056ec (0x035a32b3) mulhu   t0, s4, s5
core   0: 1 0x00000000800056ec (0x035a32b3) x5  0x0000000000000000
core   0: 0x00000000800056f0 (0x0018c913) xori    s2, a7, 1
core   0: 1 0x00000000800056f0 (0x0018c913) x18 0x0000000053fe274c
core   0: 0x00000000800056f4 (0x03da7a43) fmadd.d fs4, fs4, ft9, ft0
core   0: 1 0x00000000800056f4 (0x03da7a43) f20 0x7ff8000000000000
core   0: 0x00000000800056f8 (0x00401033) sll     zero, zero, tp
core   0: 1 0x00000000800056f8 (0x00401033)
core   0: 0x00000000800056fc (0xf66a0d97) auipc   s11, 0xf66a0
core   0: 1 0x00000000800056fc (0xf66a0d97) x27 0x00000000766a56fc
core   0: 0x0000000080005700 (0x00102af3) csrrs   s5, fflags, zero
core   0: 1 0x0000000080005700 (0x00102af3) x21 0x0000000000000013
core   0: 0x0000000080005704 (0xfc050613) addi    a2, a0, -64
core   0: 1 0x0000000080005704 (0xfc050613) x12 0x0000000039ee4a3b
core   0: 0x0000000080005708 (0x00c612b3) sll     t0, a2, a2
core   0: 1 0x0000000080005708 (0x00c612b3) x5  0xd800000000000000
core   0: 0x000000008000570c (0x00000001) c.nop
core   0: 1 0x000000008000570c (0x0001)
core   0: 0x000000008000570e (0xc2337553) fcvt.lu.d a0, ft6
core   0: 1 0x000000008000570e (0xc2337553) c1_fflags 0x0000000000000013 x10 0xffffffffffffffff
core   0: 0x0000000080005712 (0x40a3539b) sraiw   t2, t1, 10
core   0: 1 0x0000000080005712 (0x40a3539b) x7  0x0000000000000000
core   0: 0x0000000080005716 (0x02b7ab33) mulhsu  s6, a5, a1
core   0: 1 0x0000000080005716 (0x02b7ab33) x22 0xffffffffffffffff
core   0: 0x000000008000571a (0x0000923e) c.add   tp, a5
core   0: 1 0x000000008000571a (0x923e) x4  0xffffffff9e895d9c
core   0: 0x000000008000571c (0x3265f5c3) fmadd.d fa1, fa1, ft6, ft6
core   0: 1 0x000000008000571c (0x3265f5c3) f11 0x7ff8000000000000
core   0: 0x0000000080005720 (0x40295613) srai    a2, s2, 2
core   0: 1 0x0000000080005720 (0x40295613) x12 0x0000000014ff89d3
core   0: 0x0000000080005724 (0x2ac58653) fmin.d  fa2, fa1, fa2
core   0: 1 0x0000000080005724 (0x2ac58653) f12 0x7ff8000000000000
core   0: 0x0000000080005728 (0x03ad1d33) mulh    s10, s10, s10
core   0: 1 0x0000000080005728 (0x03ad1d33) x26 0x0000000000000000
core   0: 0x000000008000572c (0xfff8c613) not     a2, a7
core   0: 1 0x000000008000572c (0xfff8c613) x12 0xffffffffac01d8b2
core   0: 0x0000000080005730 (0xd58d8293) addi    t0, s11, -680
core   0: 1 0x0000000080005730 (0xd58d8293) x5  0x00000000766a5454
core   0: 0x0000000080005734 (0x00000001) c.nop
core   0: 1 0x0000000080005734 (0x0001)
core   0: 0x0000000080005736 (0xcbcd0393) addi    t2, s10, -836
core   0: 1 0x0000000080005736 (0xcbcd0393) x7  0xfffffffffffffcbc
core   0: 0x000000008000573a (0x023a1a33) mulh    s4, s4, gp
core   0: 1 0x000000008000573a (0x023a1a33) x20 0x0000000000000000
core   0: 0x000000008000573e (0x41c45b3b) sraw    s6, s0, t3
core   0: 1 0x000000008000573e (0x41c45b3b) x22 0xffffffffffffffff
core   0: 0x0000000080005742 (0x0201e1b3) rem     gp, gp, zero
core   0: 1 0x0000000080005742 (0x0201e1b3) x3  0xffffffffffffffff
core   0: 0x0000000080005746 (0x039b4abb) divw    s5, s6, s9
core   0: 1 0x0000000080005746 (0x039b4abb) x21 0x0000000000000000
core   0: 0x000000008000574a (0x015a8c33) add     s8, s5, s5
core   0: 1 0x000000008000574a (0x015a8c33) x24 0x0000000000000000
core   0: 0x000000008000574e (0x0049d23b) srlw    tp, s3, tp
core   0: 1 0x000000008000574e (0x0049d23b) x4  0x0000000000000000
core   0: 0x0000000080005752 (0xc0207d53) fcvt.l.s s10, ft0
core   0: 1 0x0000000080005752 (0xc0207d53) c1_fflags 0x0000000000000013 x26 0x7fffffffffffffff
core   0: 0x0000000080005756 (0x00da1133) sll     sp, s4, a3
core   0: 1 0x0000000080005756 (0x00da1133) x2  0x0000000000000000
core   0: 0x000000008000575a (0xc8189573) csrrw   a0, timeh, a7
core   0: exception trap_illegal_instruction, epc 0x000000008000575a
core   0:           tval 0x00000000c8189573
core   0: >>>>  $xrv64i2p1_m2p0_a2p1_f2p2_d2p2_zicsr2p0_zifencei2p0_zmmul1p0_zba1p0_zbb1p0_zbc1p0_zbs1p0
core   0: 0x0000000080004000 (0x0080006f) j       pc + 0x8
core   0: 3 0x0000000080004000 (0x0080006f)
core   0: >>>>  mmode_exception_handler
core   0: 0x0000000080004008 (0x00002c17) auipc   s8, 0x2
core   0: 3 0x0000000080004008 (0x00002c17) x24 0x0000000080006008
core   0: 0x000000008000400c (0xfecc0c13) addi    s8, s8, -20
core   0: 3 0x000000008000400c (0xfecc0c13) x24 0x0000000080005ff4
core   0: 0x0000000080004010 (0x000c00e7) jalr    s8
core   0: 3 0x0000000080004010 (0x000c00e7) x1  0x0000000080004014
core   0: >>>>  any_handler
core   0: 0x0000000080005ff4 (0x341027f3) csrrs   a5, mepc, zero
core   0: 3 0x0000000080005ff4 (0x341027f3) x15 0x000000008000575a
core   0: 0x0000000080005ff8 (0x34202773) csrrs   a4, mcause, zero
core   0: 3 0x0000000080005ff8 (0x34202773) x14 0x0000000000000002
core   0: 0x0000000080005ffc (0x142026f3) csrrs   a3, scause, zero
core   0: 3 0x0000000080005ffc (0x142026f3) x13 0xffffffff9e895d9c
core   0: 0x0000000080006000 (0x30402673) csrrs   a2, mie, zero
core   0: 3 0x0000000080006000 (0x30402673) x12 0x0000000000000a00
core   0: 0x0000000080006004 (0x344025f3) csrrs   a1, mip, zero
core   0: 3 0x0000000080006004 (0x344025f3) x11 0x0000000000000080
core   0: 0x0000000080006008 (0x343025f3) csrrs   a1, mtval, zero
core   0: 3 0x0000000080006008 (0x343025f3) x11 0x00000000c8189573
core   0: 0x000000008000600c (0x14302573) csrrs   a0, stval, zero
core   0: 3 0x000000008000600c (0x14302573) x10 0xffffffff9e895d90
core   0: 0x0000000080006010 (0xb02024f3) csrrs   s1, minstret, zero
core   0: 3 0x0000000080006010 (0xb02024f3) x9  0x0000000000000f78
core   0: 0x0000000080006014 (0x0000a811) c.j     pc + 20
core   0: 3 0x0000000080006014 (0xa811)
core   0: >>>>  mepc_4
core   0: 0x0000000080006028 (0x00000791) c.addi  a5, 4
core   0: 3 0x0000000080006028 (0x0791) x15 0x000000008000575e
core   0: 0x000000008000602a (0x34179073) csrrw   zero, mepc, a5
core   0: 3 0x000000008000602a (0x34179073) c833_mepc 0x000000008000575e
core   0: 0x000000008000602e (0x30200073) mret
core   0: 3 0x000000008000602e (0x30200073) c768_mstatus 0x8000000a00106080
core   0: 0x000000008000575e (0xc215fe53) fcvt.wu.d t3, fa1
core   0: 1 0x000000008000575e (0xc215fe53) c1_fflags 0x0000000000000013 x28 0xffffffffffffffff
core   0: 0x0000000080005762 (0x02b7713b) remuw   sp, a4, a1
core   0: 1 0x0000000080005762 (0x02b7713b) x2  0x0000000000000002
core   0: 0x0000000080005766 (0x3585ec93) ori     s9, a1, 856
core   0: 1 0x0000000080005766 (0x3585ec93) x25 0x00000000c818977b
core   0: 0x000000008000576a (0xd03e72d3) fcvt.s.lu ft5, t3
core   0: 1 0x000000008000576a (0xd03e72d3) c1_fflags 0x0000000000000013 f5  0xffffffff5f800000
core   0: 0x000000008000576e (0x017b9bbb) sllw    s7, s7, s7
core   0: 1 0x000000008000576e (0x017b9bbb) x23 0xffffffff89836000
core   0: 0x0000000080005772 (0x40115893) srai    a7, sp, 1
core   0: 1 0x0000000080005772 (0x40115893) x17 0x0000000000000001
core   0: 0x0000000080005776 (0x8bcbe793) ori     a5, s7, -1860
core   0: 1 0x0000000080005776 (0x8bcbe793) x15 0xfffffffffffff8bc
core   0: 0x000000008000577a (0x3420fe73) csrrci  t3, mcause, 1
core   0: exception trap_illegal_instruction, epc 0x000000008000577a
core   0:           tval 0x000000003420fe73
core   0: >>>>  $xrv64i2p1_m2p0_a2p1_f2p2_d2p2_zicsr2p0_zifencei2p0_zmmul1p0_zba1p0_zbb1p0_zbc1p0_zbs1p0
core   0: 0x0000000080004000 (0x0080006f) j       pc + 0x8
core   0: 3 0x0000000080004000 (0x0080006f)
core   0: >>>>  mmode_exception_handler
core   0: 0x0000000080004008 (0x00002c17) auipc   s8, 0x2
core   0: 3 0x0000000080004008 (0x00002c17) x24 0x0000000080006008
core   0: 0x000000008000400c (0xfecc0c13) addi    s8, s8, -20
core   0: 3 0x000000008000400c (0xfecc0c13) x24 0x0000000080005ff4
core   0: 0x0000000080004010 (0x000c00e7) jalr    s8
core   0: 3 0x0000000080004010 (0x000c00e7) x1  0x0000000080004014
core   0: >>>>  any_handler
core   0: 0x0000000080005ff4 (0x341027f3) csrrs   a5, mepc, zero
core   0: 3 0x0000000080005ff4 (0x341027f3) x15 0x000000008000577a
core   0: 0x0000000080005ff8 (0x34202773) csrrs   a4, mcause, zero
core   0: 3 0x0000000080005ff8 (0x34202773) x14 0x0000000000000002
core   0: 0x0000000080005ffc (0x142026f3) csrrs   a3, scause, zero
core   0: 3 0x0000000080005ffc (0x142026f3) x13 0xffffffff9e895d9c
core   0: 0x0000000080006000 (0x30402673) csrrs   a2, mie, zero
core   0: 3 0x0000000080006000 (0x30402673) x12 0x0000000000000a00
core   0: 0x0000000080006004 (0x344025f3) csrrs   a1, mip, zero
core   0: 3 0x0000000080006004 (0x344025f3) x11 0x0000000000000080
core   0: 0x0000000080006008 (0x343025f3) csrrs   a1, mtval, zero
core   0: 3 0x0000000080006008 (0x343025f3) x11 0x000000003420fe73
core   0: 0x000000008000600c (0x14302573) csrrs   a0, stval, zero
core   0: 3 0x000000008000600c (0x14302573) x10 0xffffffff9e895d90
core   0: 0x0000000080006010 (0xb02024f3) csrrs   s1, minstret, zero
core   0: 3 0x0000000080006010 (0xb02024f3) x9  0x0000000000000f8f
core   0: 0x0000000080006014 (0x0000a811) c.j     pc + 20
core   0: 3 0x0000000080006014 (0xa811)
core   0: >>>>  mepc_4
core   0: 0x0000000080006028 (0x00000791) c.addi  a5, 4
core   0: 3 0x0000000080006028 (0x0791) x15 0x000000008000577e
core   0: 0x000000008000602a (0x34179073) csrrw   zero, mepc, a5
core   0: 3 0x000000008000602a (0x34179073) c833_mepc 0x000000008000577e
core   0: 0x000000008000602e (0x30200073) mret
core   0: 3 0x000000008000602e (0x30200073) c768_mstatus 0x8000000a00106080
core   0: 0x000000008000577e (0x004e98bb) sllw    a7, t4, tp
core   0: 1 0x000000008000577e (0x004e98bb) x17 0xffffffffffffffff
core   0: 0x0000000080005782 (0xc36e8e9b) addiw   t4, t4, -970
core   0: 1 0x0000000080005782 (0xc36e8e9b) x29 0xfffffffffffffc35
core   0: 0x0000000080005786 (0x03d78b33) mul     s6, a5, t4
core   0: 1 0x0000000080005786 (0x03d78b33) x22 0xfffffe1a7eb42516
core   0: 0x000000008000578a (0x00202df3) csrrs   s11, frm, zero
core   0: 1 0x000000008000578a (0x00202df3) x27 0x0000000000000003
core   0: 0x000000008000578e (0x0284b033) mulhu   zero, s1, s0
core   0: 1 0x000000008000578e (0x0284b033)
core   0: 0x0000000080005792 (0x00000001) c.nop
core   0: 1 0x0000000080005792 (0x0001)
core   0: 0x0000000080005794 (0xc21676d3) fcvt.wu.d a3, fa2
core   0: 1 0x0000000080005794 (0xc21676d3) c1_fflags 0x0000000000000013 x13 0xffffffffffffffff
core   0: 0x0000000080005798 (0xe2048b53) fmv.x.d s6, fs1
core   0: 1 0x0000000080005798 (0xe2048b53) x22 0x41cf793800000000
core   0: 0x000000008000579c (0xd20b0253) fcvt.d.w ft4, s6
core   0: 1 0x000000008000579c (0xd20b0253) f4  0x0000000000000000
core   0: 0x00000000800057a0 (0x016c7533) and     a0, s8, s6
core   0: 1 0x00000000800057a0 (0x016c7533) x10 0x0000000000000000
core   0: 0x00000000800057a4 (0x001d96f3) csrrw   a3, fflags, s11
core   0: 1 0x00000000800057a4 (0x001d96f3) x13 0x0000000000000013 c1_fflags 0x0000000000000003
core   0: 0x00000000800057a8 (0x00465513) srli    a0, a2, 4
core   0: 1 0x00000000800057a8 (0x00465513) x10 0x00000000000000a0
core   0: 0x00000000800057ac (0xc2357b53) fcvt.lu.d s6, fa0
core   0: 1 0x00000000800057ac (0xc2357b53) c1_fflags 0x0000000000000013 x22 0xffffffffffffffff
core   0: 0x00000000800057b0 (0x0261d3b3) divu    t2, gp, t1
core   0: 1 0x00000000800057b0 (0x0261d3b3) x7  0x0000000000000002
core   0: 0x00000000800057b4 (0x404b8abb) subw    s5, s7, tp
core   0: 1 0x00000000800057b4 (0x404b8abb) x21 0xffffffff89836000
core   0: 0x00000000800057b8 (0x03a13c33) mulhu   s8, sp, s10
core   0: 1 0x00000000800057b8 (0x03a13c33) x24 0x0000000000000000
core   0: 0x00000000800057bc (0x00b308bb) addw    a7, t1, a1
core   0: 1 0x00000000800057bc (0x00b308bb) x17 0x000000003420fe73
core   0: 0x00000000800057c0 (0x221d2ad3) fsgnjx.d fs5, fs10, ft1
core   0: 1 0x00000000800057c0 (0x221d2ad3) f21 0xc1d4ff89d3400000
core   0: 0x00000000800057c4 (0xd21b8f53) fcvt.d.wu ft10, s7
core   0: 1 0x00000000800057c4 (0xd21b8f53) f30 0x41e1306c00000000
core   0: 0x00000000800057c8 (0x01135eb3) srl     t4, t1, a7
core   0: 1 0x00000000800057c8 (0x01135eb3) x29 0x0000000000000fff
core   0: 0x00000000800057cc (0xd22ef4d3) fcvt.d.l fs1, t4
core   0: 1 0x00000000800057cc (0xd22ef4d3) f9  0x40affe0000000000
core   0: 0x00000000800057d0 (0xcaf7cc13) xori    s8, a5, -849
core   0: 1 0x00000000800057d0 (0xcaf7cc13) x24 0xffffffff7fffabd1
core   0: 0x00000000800057d4 (0x00e3c733) xor     a4, t2, a4
core   0: 1 0x00000000800057d4 (0x00e3c733) x14 0x0000000000000000
core   0: 0x00000000800057d8 (0x0ff0000f) fence   iorw,iorw
core   0: 1 0x00000000800057d8 (0x0ff0000f)
core   0: 0x00000000800057dc (0x4c23c393) xori    t2, t2, 1218
core   0: 1 0x00000000800057dc (0x4c23c393) x7  0x00000000000004c0
core   0: 0x00000000800057e0 (0xfff60a9b) addiw   s5, a2, -1
core   0: 1 0x00000000800057e0 (0xfff60a9b) x21 0x00000000000009ff
core   0: 0x00000000800057e4 (0x00d22233) slt     tp, tp, a3
core   0: 1 0x00000000800057e4 (0x00d22233) x4  0x0000000000000001
core   0: 0x00000000800057e8 (0x00000001) c.nop
core   0: 1 0x00000000800057e8 (0x0001)
core   0: 0x00000000800057ea (0x5a0df653) fsqrt.d fa2, fs11
core   0: 1 0x00000000800057ea (0x5a0df653) f12 0x7ff8000000000000
core   0: 0x00000000800057ee (0xfbe83117) auipc   sp, 0xfbe83
core   0: 1 0x00000000800057ee (0xfbe83117) x2  0x000000007be887ee
core   0: 0x00000000800057f2 (0xa4720b9b) addiw   s7, tp, -1465
core   0: 1 0x00000000800057f2 (0xa4720b9b) x23 0xfffffffffffffa48
core   0: 0x00000000800057f6 (0x00fb66b3) or      a3, s6, a5
core   0: 1 0x00000000800057f6 (0x00fb66b3) x13 0xffffffffffffffff
core   0: 0x00000000800057fa (0x025e62bb) remw    t0, t3, t0
core   0: 1 0x00000000800057fa (0x025e62bb) x5  0xffffffffffffffff
core   0: 0x00000000800057fe (0x00161193) slli    gp, a2, 1
core   0: 1 0x00000000800057fe (0x00161193) x3  0x0000000000001400
core   0: 0x0000000080005802 (0x016cdcbb) srlw    s9, s9, s6
core   0: 1 0x0000000080005802 (0x016cdcbb) x25 0x0000000000000001
core   0: 0x0000000080005806 (0x403351bb) sraw    gp, t1, gp
core   0: 1 0x0000000080005806 (0x403351bb) x3  0x0000000000000000
core   0: 0x000000008000580a (0x01794bb3) xor     s7, s2, s7
core   0: 1 0x000000008000580a (0x01794bb3) x23 0xffffffffac01dd04
core   0: 0x000000008000580e (0x01cb88bb) addw    a7, s7, t3
core   0: 1 0x000000008000580e (0x01cb88bb) x17 0xffffffffac01dd03
core   0: 0x0000000080005812 (0x407e563b) sraw    a2, t3, t2
core   0: 1 0x0000000080005812 (0x407e563b) x12 0xffffffffffffffff
core   0: 0x0000000080005816 (0x0226093b) mulw    s2, a2, sp
core   0: 1 0x0000000080005816 (0x0226093b) x18 0xffffffff84177812
core   0: 0x000000008000581a (0x00e0973b) sllw    a4, ra, a4
core   0: 1 0x000000008000581a (0x00e0973b) x14 0xffffffff80004014
core   0: 0x000000008000581e (0x00291473) csrrw   s0, frm, s2
core   0: 1 0x000000008000581e (0x00291473) x8  0x0000000000000003 c2_frm 0x0000000000000002
core   0: 0x0000000080005822 (0xd2148053) fcvt.d.wu ft0, s1
core   0: 1 0x0000000080005822 (0xd2148053) f0  0x40af1e0000000000
core   0: 0x0000000080005826 (0x0000924e) c.add   tp, s3
core   0: 1 0x0000000080005826 (0x924e) x4  0x0000000000000001
core   0: 0x0000000080005828 (0x00102773) csrrs   a4, fflags, zero
core   0: 1 0x0000000080005828 (0x00102773) x14 0x0000000000000013
core   0: 0x000000008000582c (0xd2227f53) fcvt.d.l ft10, tp
core   0: 1 0x000000008000582c (0xd2227f53) f30 0x3ff0000000000000
core   0: 0x0000000080005830 (0x0139c533) xor     a0, s3, s3
core   0: 1 0x0000000080005830 (0x0139c533) x10 0x0000000000000000
core   0: 0x0000000080005834 (0xb02131f3) csrrc   gp, minstret, sp
core   0: exception trap_illegal_instruction, epc 0x0000000080005834
core   0:           tval 0x00000000b02131f3
core   0: >>>>  $xrv64i2p1_m2p0_a2p1_f2p2_d2p2_zicsr2p0_zifencei2p0_zmmul1p0_zba1p0_zbb1p0_zbc1p0_zbs1p0
core   0: 0x0000000080004000 (0x0080006f) j       pc + 0x8
core   0: 3 0x0000000080004000 (0x0080006f)
core   0: >>>>  mmode_exception_handler
core   0: 0x0000000080004008 (0x00002c17) auipc   s8, 0x2
core   0: 3 0x0000000080004008 (0x00002c17) x24 0x0000000080006008
core   0: 0x000000008000400c (0xfecc0c13) addi    s8, s8, -20
core   0: 3 0x000000008000400c (0xfecc0c13) x24 0x0000000080005ff4
core   0: 0x0000000080004010 (0x000c00e7) jalr    s8
core   0: 3 0x0000000080004010 (0x000c00e7) x1  0x0000000080004014
core   0: >>>>  any_handler
core   0: 0x0000000080005ff4 (0x341027f3) csrrs   a5, mepc, zero
core   0: 3 0x0000000080005ff4 (0x341027f3) x15 0x0000000080005834
core   0: 0x0000000080005ff8 (0x34202773) csrrs   a4, mcause, zero
core   0: 3 0x0000000080005ff8 (0x34202773) x14 0x0000000000000002
core   0: 0x0000000080005ffc (0x142026f3) csrrs   a3, scause, zero
core   0: 3 0x0000000080005ffc (0x142026f3) x13 0xffffffff9e895d9c
core   0: 0x0000000080006000 (0x30402673) csrrs   a2, mie, zero
core   0: 3 0x0000000080006000 (0x30402673) x12 0x0000000000000a00
core   0: 0x0000000080006004 (0x344025f3) csrrs   a1, mip, zero
core   0: 3 0x0000000080006004 (0x344025f3) x11 0x0000000000000080
core   0: 0x0000000080006008 (0x343025f3) csrrs   a1, mtval, zero
core   0: 3 0x0000000080006008 (0x343025f3) x11 0x00000000b02131f3
core   0: 0x000000008000600c (0x14302573) csrrs   a0, stval, zero
core   0: 3 0x000000008000600c (0x14302573) x10 0xffffffff9e895d90
core   0: 0x0000000080006010 (0xb02024f3) csrrs   s1, minstret, zero
core   0: 3 0x0000000080006010 (0xb02024f3) x9  0x0000000000000fce
core   0: 0x0000000080006014 (0x0000a811) c.j     pc + 20
core   0: 3 0x0000000080006014 (0xa811)
core   0: >>>>  mepc_4
core   0: 0x0000000080006028 (0x00000791) c.addi  a5, 4
core   0: 3 0x0000000080006028 (0x0791) x15 0x0000000080005838
core   0: 0x000000008000602a (0x34179073) csrrw   zero, mepc, a5
core   0: 3 0x000000008000602a (0x34179073) c833_mepc 0x0000000080005838
core   0: 0x000000008000602e (0x30200073) mret
core   0: 3 0x000000008000602e (0x30200073) c768_mstatus 0x8000000a00106080
core   0: 0x0000000080005838 (0x00219133) sll     sp, gp, sp
core   0: 1 0x0000000080005838 (0x00219133) x2  0x0000000000000000
core   0: 0x000000008000583c (0xd0287753) fcvt.s.l fa4, a6
core   0: 1 0x000000008000583c (0xd0287753) f14 0xffffffffbf800000
core   0: 0x0000000080005840 (0x01179933) sll     s2, a5, a7
core   0: 1 0x0000000080005840 (0x01179933) x18 0x000000040002c1c0
core   0: 0x0000000080005844 (0xaaeafc4b) fnmsub.d fs8, fs5, fa4, fs5
core   0: 1 0x0000000080005844 (0xaaeafc4b) f24 0x7ff8000000000000
core   0: 0x0000000080005848 (0x015a943b) sllw    s0, s5, s5
core   0: 1 0x0000000080005848 (0x015a943b) x8  0xffffffff80000000
core   0: 0x000000008000584c (0x029cd513) srli    a0, s9, 41
core   0: 1 0x000000008000584c (0x029cd513) x10 0x0000000000000000
core   0: 0x0000000080005850 (0x42008553) fcvt.d.s fa0, ft1
core   0: 1 0x0000000080005850 (0x42008553) f10 0x41dc8f2000000000
core   0: 0x0000000080005854 (0x4045813b) subw    sp, a1, tp
core   0: 1 0x0000000080005854 (0x4045813b) x2  0xffffffffb02131f2
core   0: 0x0000000080005858 (0x40ad05bb) subw    a1, s10, a0
core   0: 1 0x0000000080005858 (0x40ad05bb) x11 0xffffffffffffffff
core   0: 0x000000008000585c (0x40aadc3b) sraw    s8, s5, a0
core   0: 1 0x000000008000585c (0x40aadc3b) x24 0x00000000000009ff
core   0: 0x0000000080005860 (0x3236bdf3) csrrc   s11, mhpmevent3, a3
core   0: exception trap_illegal_instruction, epc 0x0000000080005860
core   0:           tval 0x000000003236bdf3
core   0: >>>>  $xrv64i2p1_m2p0_a2p1_f2p2_d2p2_zicsr2p0_zifencei2p0_zmmul1p0_zba1p0_zbb1p0_zbc1p0_zbs1p0
core   0: 0x0000000080004000 (0x0080006f) j       pc + 0x8
core   0: 3 0x0000000080004000 (0x0080006f)
core   0: >>>>  mmode_exception_handler
core   0: 0x0000000080004008 (0x00002c17) auipc   s8, 0x2
core   0: 3 0x0000000080004008 (0x00002c17) x24 0x0000000080006008
core   0: 0x000000008000400c (0xfecc0c13) addi    s8, s8, -20
core   0: 3 0x000000008000400c (0xfecc0c13) x24 0x0000000080005ff4
core   0: 0x0000000080004010 (0x000c00e7) jalr    s8
core   0: 3 0x0000000080004010 (0x000c00e7) x1  0x0000000080004014
core   0: >>>>  any_handler
core   0: 0x0000000080005ff4 (0x341027f3) csrrs   a5, mepc, zero
core   0: 3 0x0000000080005ff4 (0x341027f3) x15 0x0000000080005860
core   0: 0x0000000080005ff8 (0x34202773) csrrs   a4, mcause, zero
core   0: 3 0x0000000080005ff8 (0x34202773) x14 0x0000000000000002
core   0: 0x0000000080005ffc (0x142026f3) csrrs   a3, scause, zero
core   0: 3 0x0000000080005ffc (0x142026f3) x13 0xffffffff9e895d9c
core   0: 0x0000000080006000 (0x30402673) csrrs   a2, mie, zero
core   0: 3 0x0000000080006000 (0x30402673) x12 0x0000000000000a00
core   0: 0x0000000080006004 (0x344025f3) csrrs   a1, mip, zero
core   0: 3 0x0000000080006004 (0x344025f3) x11 0x0000000000000080
core   0: 0x0000000080006008 (0x343025f3) csrrs   a1, mtval, zero
core   0: 3 0x0000000080006008 (0x343025f3) x11 0x000000003236bdf3
core   0: 0x000000008000600c (0x14302573) csrrs   a0, stval, zero
core   0: 3 0x000000008000600c (0x14302573) x10 0xffffffff9e895d90
core   0: 0x0000000080006010 (0xb02024f3) csrrs   s1, minstret, zero
core   0: 3 0x0000000080006010 (0xb02024f3) x9  0x0000000000000fe8
core   0: 0x0000000080006014 (0x0000a811) c.j     pc + 20
core   0: 3 0x0000000080006014 (0xa811)
core   0: >>>>  mepc_4
core   0: 0x0000000080006028 (0x00000791) c.addi  a5, 4
core   0: 3 0x0000000080006028 (0x0791) x15 0x0000000080005864
core   0: 0x000000008000602a (0x34179073) csrrw   zero, mepc, a5
core   0: 3 0x000000008000602a (0x34179073) c833_mepc 0x0000000080005864
core   0: 0x000000008000602e (0x30200073) mret
core   0: 3 0x000000008000602e (0x30200073) c768_mstatus 0x8000000a00106080
core   0: 0x0000000080005864 (0x536b754b) fnmsub.d fa0, fs6, fs6, fa0
core   0: 1 0x0000000080005864 (0x536b754b) f10 0x7ff8000000000000
core   0: 0x0000000080005868 (0x00221cf3) csrrw   s9, frm, tp
core   0: 1 0x0000000080005868 (0x00221cf3) x25 0x0000000000000002 c2_frm 0x0000000000000001
core   0: 0x000000008000586c (0xffb22a37) lui     s4, 0xffb22
core   0: 1 0x000000008000586c (0xffb22a37) x20 0xffffffffffb22000
core   0: 0x0000000080005870 (0x657a0a1b) addiw   s4, s4, 1623
core   0: 1 0x0000000080005870 (0x657a0a1b) x20 0xffffffffffb22657
core   0: 0x0000000080005874 (0x00000a42) c.slli  s4, 16
core   0: 1 0x0000000080005874 (0x0a42) x20 0xffffffb226570000
core   0: 0x0000000080005876 (0xdcda0a13) addi    s4, s4, -563
core   0: 1 0x0000000080005876 (0xdcda0a13) x20 0xffffffb22656fdcd
core   0: 0x000000008000587a (0x00fbcdb3) xor     s11, s7, a5
core   0: 1 0x000000008000587a (0x00fbcdb3) x27 0xffffffff2c018560
core   0: 0x000000008000587e (0x417908bb) subw    a7, s2, s7
core   0: 1 0x000000008000587e (0x417908bb) x17 0x000000005400e4bc
core   0: 0x0000000080005882 (0x43f8d813) srai    a6, a7, 63
core   0: 1 0x0000000080005882 (0x43f8d813) x16 0x0000000000000000
core   0: 0x0000000080005886 (0x000e5c1b) srliw   s8, t3, 0
core   0: 1 0x0000000080005886 (0x000e5c1b) x24 0xffffffffffffffff
core   0: 0x000000008000588a (0x02de7e3b) remuw   t3, t3, a3
core   0: 1 0x000000008000588a (0x02de7e3b) x28 0x000000006176a263
core   0: 0x000000008000588e (0x03291933) mulh    s2, s2, s2
core   0: 1 0x000000008000588e (0x03291933) x18 0x0000000000000010
core   0: 0x0000000080005892 (0x23421b53) fsgnjn.d fs6, ft4, fs4
core   0: 1 0x0000000080005892 (0x23421b53) f22 0x8000000000000000
core   0: 0x0000000080005896 (0x812d7893) andi    a7, s10, -2030
core   0: 1 0x0000000080005896 (0x812d7893) x17 0x7ffffffffffff812
core   0: 0x000000008000589a (0xc2187ad3) fcvt.wu.d s5, fa6
core   0: 1 0x000000008000589a (0xc2187ad3) x21 0xffffffffffffffff
core   0: 0x000000008000589e (0xc201f2d3) fcvt.w.d t0, ft3
core   0: 1 0x000000008000589e (0xc201f2d3) c1_fflags 0x0000000000000013 x5  0x000000007fffffff
core   0: 0x00000000800058a2 (0x02580bb3) mul     s7, a6, t0
core   0: 1 0x00000000800058a2 (0x02580bb3) x23 0x0000000000000000
core   0: 0x00000000800058a6 (0x0005501b) srliw   zero, a0, 0
core   0: 1 0x00000000800058a6 (0x0005501b)
core   0: 0x00000000800058aa (0x8b4e6713) ori     a4, t3, -1868
core   0: 1 0x00000000800058aa (0x8b4e6713) x14 0xfffffffffffffaf7
core   0: 0x00000000800058ae (0xd239f0d3) fcvt.d.lu ft1, s3
core   0: 1 0x00000000800058ae (0xd239f0d3) f1  0x0000000000000000
core   0: 0x00000000800058b2 (0x32066cf3) csrrsi  s9, mcountinhibit, 12
core   0: exception trap_illegal_instruction, epc 0x00000000800058b2
core   0:           tval 0x0000000032066cf3
core   0: >>>>  $xrv64i2p1_m2p0_a2p1_f2p2_d2p2_zicsr2p0_zifencei2p0_zmmul1p0_zba1p0_zbb1p0_zbc1p0_zbs1p0
core   0: 0x0000000080004000 (0x0080006f) j       pc + 0x8
core   0: 3 0x0000000080004000 (0x0080006f)
core   0: >>>>  mmode_exception_handler
core   0: 0x0000000080004008 (0x00002c17) auipc   s8, 0x2
core   0: 3 0x0000000080004008 (0x00002c17) x24 0x0000000080006008
core   0: 0x000000008000400c (0xfecc0c13) addi    s8, s8, -20
core   0: 3 0x000000008000400c (0xfecc0c13) x24 0x0000000080005ff4
core   0: 0x0000000080004010 (0x000c00e7) jalr    s8
core   0: 3 0x0000000080004010 (0x000c00e7) x1  0x0000000080004014
core   0: >>>>  any_handler
core   0: 0x0000000080005ff4 (0x341027f3) csrrs   a5, mepc, zero
core   0: 3 0x0000000080005ff4 (0x341027f3) x15 0x00000000800058b2
core   0: 0x0000000080005ff8 (0x34202773) csrrs   a4, mcause, zero
core   0: 3 0x0000000080005ff8 (0x34202773) x14 0x0000000000000002
core   0: 0x0000000080005ffc (0x142026f3) csrrs   a3, scause, zero
core   0: 3 0x0000000080005ffc (0x142026f3) x13 0xffffffff9e895d9c
core   0: 0x0000000080006000 (0x30402673) csrrs   a2, mie, zero
core   0: 3 0x0000000080006000 (0x30402673) x12 0x0000000000000a00
core   0: 0x0000000080006004 (0x344025f3) csrrs   a1, mip, zero
core   0: 3 0x0000000080006004 (0x344025f3) x11 0x0000000000000080
core   0: 0x0000000080006008 (0x343025f3) csrrs   a1, mtval, zero
core   0: 3 0x0000000080006008 (0x343025f3) x11 0x0000000032066cf3
core   0: 0x000000008000600c (0x14302573) csrrs   a0, stval, zero
core   0: 3 0x000000008000600c (0x14302573) x10 0xffffffff9e895d90
core   0: 0x0000000080006010 (0xb02024f3) csrrs   s1, minstret, zero
core   0: 3 0x0000000080006010 (0xb02024f3) x9  0x000000000000100c
core   0: 0x0000000080006014 (0x0000a811) c.j     pc + 20
core   0: 3 0x0000000080006014 (0xa811)
core   0: >>>>  mepc_4
core   0: 0x0000000080006028 (0x00000791) c.addi  a5, 4
core   0: 3 0x0000000080006028 (0x0791) x15 0x00000000800058b6
core   0: 0x000000008000602a (0x34179073) csrrw   zero, mepc, a5
core   0: 3 0x000000008000602a (0x34179073) c833_mepc 0x00000000800058b6
core   0: 0x000000008000602e (0x30200073) mret
core   0: 3 0x000000008000602e (0x30200073) c768_mstatus 0x8000000a00106080
core   0: 0x00000000800058b6 (0xc22476d3) fcvt.l.d a3, fs0
core   0: 1 0x00000000800058b6 (0xc22476d3) c1_fflags 0x0000000000000013 x13 0x7fffffffffffffff
core   0: 0x00000000800058ba (0xa34efe93) andi    t4, t4, -1484
core   0: 1 0x00000000800058ba (0xa34efe93) x29 0x0000000000000a34
core   0: 0x00000000800058be (0x00000001) c.nop
core   0: 1 0x00000000800058be (0x0001)
core   0: 0x00000000800058c0 (0x00e71cbb) sllw    s9, a4, a4
core   0: 1 0x00000000800058c0 (0x00e71cbb) x25 0x0000000000000008
core   0: 0x00000000800058c4 (0x00109e73) csrrw   t3, fflags, ra
core   0: 1 0x00000000800058c4 (0x00109e73) x28 0x0000000000000013 c1_fflags 0x0000000000000014
core   0: 0x00000000800058c8 (0x0a117153) fsub.d  ft2, ft2, ft1
core   0: 1 0x00000000800058c8 (0x0a117153) f2  0x7ff8000000000000
core   0: 0x00000000800058cc (0x4008db1b) sraiw   s6, a7, 0
core   0: 1 0x00000000800058cc (0x4008db1b) x22 0xfffffffffffff812
core   0: 0x00000000800058d0 (0x41620a33) sub     s4, tp, s6
core   0: 1 0x00000000800058d0 (0x41620a33) x20 0x00000000000007ef
core   0: 0x00000000800058d4 (0xc7bae313) ori     t1, s5, -901
core   0: 1 0x00000000800058d4 (0xc7bae313) x6  0xffffffffffffffff
core   0: 0x00000000800058d8 (0xf20a8fd3) fmv.d.x ft11, s5
core   0: 1 0x00000000800058d8 (0xf20a8fd3) f31 0xffffffffffffffff
core   0: 0x00000000800058dc (0x409cd7bb) sraw    a5, s9, s1
core   0: 1 0x00000000800058dc (0x409cd7bb) x15 0x0000000000000000
core   0: 0x00000000800058e0 (0x2ae21053) fmax.d  ft0, ft4, fa4
core   0: 1 0x00000000800058e0 (0x2ae21053) f0  0x0000000000000000
core   0: 0x00000000800058e4 (0x03032933) mulhsu  s2, t1, a6
core   0: 1 0x00000000800058e4 (0x03032933) x18 0x0000000000000000
core   0: 0x00000000800058e8 (0x406c073b) subw    a4, s8, t1
core   0: 1 0x00000000800058e8 (0x406c073b) x14 0xffffffff80005ff5
core   0: 0x00000000800058ec (0x00202473) csrrs   s0, frm, zero
core   0: 1 0x00000000800058ec (0x00202473) x8  0x0000000000000001
core   0: 0x00000000800058f0 (0xc232f053) fcvt.lu.d zero, ft5
core   0: 1 0x00000000800058f0 (0xc232f053) c1_fflags 0x0000000000000014
core   0: 0x00000000800058f4 (0x00869cbb) sllw    s9, a3, s0
core   0: 1 0x00000000800058f4 (0x00869cbb) x25 0xfffffffffffffffe
core   0: 0x00000000800058f8 (0xc21ffe53) fcvt.wu.d t3, ft11
core   0: 1 0x00000000800058f8 (0xc21ffe53) c1_fflags 0x0000000000000014 x28 0xffffffffffffffff
core   0: 0x00000000800058fc (0x2a007a47) fmsub.d fs4, ft0, ft0, ft5
core   0: 1 0x00000000800058fc (0x2a007a47) f20 0x7ff8000000000000
core   0: 0x0000000080005900 (0x60592317) auipc   t1, 0x60592
core   0: 1 0x0000000080005900 (0x60592317) x6  0x00000000e0597900
core   0: 0x0000000080005904 (0x40ad5793) srai    a5, s10, 10
core   0: 1 0x0000000080005904 (0x40ad5793) x15 0x001fffffffffffff
core   0: 0x0000000080005908 (0x01b5fc33) and     s8, a1, s11
core   0: 1 0x0000000080005908 (0x01b5fc33) x24 0x0000000020000460
core   0: 0x000000008000590c (0x002c523b) srlw    tp, s8, sp
core   0: 1 0x000000008000590c (0x002c523b) x4  0x0000000000000800
core   0: 0x0000000080005910 (0x1be5f953) fdiv.d  fs2, fa1, ft10
core   0: 1 0x0000000080005910 (0x1be5f953) f18 0x7ff8000000000000
core   0: 0x0000000080005914 (0x004950bb) srlw    ra, s2, tp
core   0: 1 0x0000000080005914 (0x004950bb) x1  0x0000000000000000
core   0: 0x0000000080005918 (0xc2127e53) fcvt.wu.d t3, ft4
core   0: 1 0x0000000080005918 (0xc2127e53) x28 0x0000000000000000
core   0: 0x000000008000591c (0xc2317ad3) fcvt.lu.d s5, ft2
core   0: 1 0x000000008000591c (0xc2317ad3) c1_fflags 0x0000000000000014 x21 0xffffffffffffffff
core   0: 0x0000000080005920 (0x003dc2b3) xor     t0, s11, gp
core   0: 1 0x0000000080005920 (0x003dc2b3) x5  0xffffffff2c018560
core   0: 0x0000000080005924 (0xb5654513) xori    a0, a0, -1194
core   0: 1 0x0000000080005924 (0xb5654513) x10 0x000000006176a6c6
core   0: 0x0000000080005928 (0x02c179bb) remuw   s3, sp, a2
core   0: 1 0x0000000080005928 (0x02c179bb) x19 0x00000000000003f2
core   0: 0x000000008000592c (0x0001581b) srliw   a6, sp, 0
core   0: 1 0x000000008000592c (0x0001581b) x16 0xffffffffb02131f2
core   0: 0x0000000080005930 (0x41580ab3) sub     s5, a6, s5
core   0: 1 0x0000000080005930 (0x41580ab3) x21 0xffffffffb02131f3
core   0: 0x0000000080005934 (0xe2058753) fmv.x.d a4, fa1
core   0: 1 0x0000000080005934 (0xe2058753) x14 0x7ff8000000000000
core   0: 0x0000000080005938 (0xc21175d3) fcvt.wu.d a1, ft2
core   0: 1 0x0000000080005938 (0xc21175d3) c1_fflags 0x0000000000000014 x11 0xffffffffffffffff
core   0: 0x000000008000593c (0x00111af3) csrrw   s5, fflags, sp
core   0: 1 0x000000008000593c (0x00111af3) x21 0x0000000000000014 c1_fflags 0x0000000000000012
core   0: 0x0000000080005940 (0x400b52bb) sraw    t0, s6, zero
core   0: 1 0x0000000080005940 (0x400b52bb) x5  0xfffffffffffff812
core   0: 0x0000000080005944 (0x02b5c6b3) div     a3, a1, a1
core   0: 1 0x0000000080005944 (0x02b5c6b3) x13 0x0000000000000001
core   0: 0x0000000080005948 (0xfffb4393) not     t2, s6
core   0: 1 0x0000000080005948 (0xfffb4393) x7  0x00000000000007ed
core   0: 0x000000008000594c (0x016a9cbb) sllw    s9, s5, s6
core   0: 1 0x000000008000594c (0x016a9cbb) x25 0x0000000000500000
core   0: 0x0000000080005950 (0xc2297bd3) fcvt.l.d s7, fs2
core   0: 1 0x0000000080005950 (0xc2297bd3) c1_fflags 0x0000000000000012 x23 0x7fffffffffffffff
core   0: 0x0000000080005954 (0xf0d16d13) ori     s10, sp, -243
core   0: 1 0x0000000080005954 (0xf0d16d13) x26 0xffffffffffffffff
core   0: 0x0000000080005958 (0x23428c53) fsgnj.d fs8, ft5, fs4
core   0: 1 0x0000000080005958 (0x23428c53) f24 0x7fffffff5f800000
core   0: 0x000000008000595c (0x1b0bf653) fdiv.d  fa2, fs7, fa6
core   0: 1 0x000000008000595c (0x1b0bf653) f12 0x7ff8000000000000
core   0: 0x0000000080005960 (0x02889bb3) mulh    s7, a7, s0
core   0: 1 0x0000000080005960 (0x02889bb3) x23 0x0000000000000000
core   0: 0x0000000080005964 (0x03fed393) srli    t2, t4, 63
core   0: 1 0x0000000080005964 (0x03fed393) x7  0x0000000000000000
core   0: 0x0000000080005968 (0x000bfd13) andi    s10, s7, 0
core   0: 1 0x0000000080005968 (0x000bfd13) x26 0x0000000000000000
core   0: 0x000000008000596c (0xe2098853) fmv.x.d a6, fs3
core   0: 1 0x000000008000596c (0xe2098853) x16 0x7ff8000000000000
core   0: 0x0000000080005970 (0xd23d7753) fcvt.d.lu fa4, s10
core   0: 1 0x0000000080005970 (0xd23d7753) f14 0x0000000000000000
core   0: 0x0000000080005974 (0xca486a93) ori     s5, a6, -860
core   0: 1 0x0000000080005974 (0xca486a93) x21 0xfffffffffffffca4
core   0: 0x0000000080005978 (0x416b88bb) subw    a7, s7, s6
core   0: 1 0x0000000080005978 (0x416b88bb) x17 0x00000000000007ee
core   0: 0x000000008000597c (0x2a888453) fmin.d  fs0, fa7, fs0
core   0: 1 0x000000008000597c (0x2a888453) f8  0x8000000000000000
core   0: 0x0000000080005980 (0x417cdc33) sra     s8, s9, s7
core   0: 1 0x0000000080005980 (0x417cdc33) x24 0x0000000000500000
core   0: 0x0000000080005984 (0x03f79193) slli    gp, a5, 63
core   0: 1 0x0000000080005984 (0x03f79193) x3  0x8000000000000000
core   0: 0x0000000080005988 (0x001d1473) csrrw   s0, fflags, s10
core   0: 1 0x0000000080005988 (0x001d1473) x8  0x0000000000000012 c1_fflags 0x0000000000000000
core   0: 0x000000008000598c (0x2a3f0153) fmin.d  ft2, ft10, ft3
core   0: 1 0x000000008000598c (0x2a3f0153) f2  0x3ff0000000000000
core   0: 0x0000000080005990 (0xc2047a53) fcvt.w.d s4, fs0
core   0: 1 0x0000000080005990 (0xc2047a53) x20 0x0000000000000000
core   0: 0x0000000080005994 (0x4008d613) srai    a2, a7, 0
core   0: 1 0x0000000080005994 (0x4008d613) x12 0x00000000000007ee
core   0: 0x0000000080005998 (0x00dd8cbb) addw    s9, s11, a3
core   0: 1 0x0000000080005998 (0x00dd8cbb) x25 0x000000002c018561
core   0: 0x000000008000599c (0xf20e83d3) fmv.d.x ft7, t4
core   0: 1 0x000000008000599c (0xf20e83d3) f7  0x0000000000000a34
core   0: 0x00000000800059a0 (0x234e2cd3) fsgnjx.d fs9, ft8, fs4
core   0: 1 0x00000000800059a0 (0x234e2cd3) f25 0x7ff8000000000000
core   0: 0x00000000800059a4 (0x0135dd93) srli    s11, a1, 19
core   0: 1 0x00000000800059a4 (0x0135dd93) x27 0x00001fffffffffff
core   0: 0x00000000800059a8 (0x0324b933) mulhu   s2, s1, s2
core   0: 1 0x00000000800059a8 (0x0324b933) x18 0x0000000000000000
core   0: 0x00000000800059ac (0x12907ed3) fmul.d  ft9, ft0, fs1
core   0: 1 0x00000000800059ac (0x12907ed3) f29 0x0000000000000000
core   0: 0x00000000800059b0 (0x01017bb3) and     s7, sp, a6
core   0: 1 0x00000000800059b0 (0x01017bb3) x23 0x7ff8000000000000
core   0: 0x00000000800059b4 (0xc223f4d3) fcvt.l.d s1, ft7
core   0: 1 0x00000000800059b4 (0xc223f4d3) c1_fflags 0x0000000000000001 x9  0x0000000000000000
core   0: 0x00000000800059b8 (0x414488bb) subw    a7, s1, s4
core   0: 1 0x00000000800059b8 (0x414488bb) x17 0x0000000000000000
core   0: 0x00000000800059bc (0x8008b993) sltiu   s3, a7, -2048
core   0: 1 0x00000000800059bc (0x8008b993) x19 0x0000000000000001
core   0: 0x00000000800059c0 (0xc0267453) fcvt.l.s s0, fa2
core   0: 1 0x00000000800059c0 (0xc0267453) c1_fflags 0x0000000000000011 x8  0x7fffffffffffffff
core   0: 0x00000000800059c4 (0xc020f6d3) fcvt.l.s a3, ft1
core   0: 1 0x00000000800059c4 (0xc020f6d3) c1_fflags 0x0000000000000011 x13 0x7fffffffffffffff
core   0: 0x00000000800059c8 (0x31ab69f3) csrrsi  s3, menvcfgh, 22
core   0: exception trap_illegal_instruction, epc 0x00000000800059c8
core   0:           tval 0x0000000031ab69f3
core   0: >>>>  $xrv64i2p1_m2p0_a2p1_f2p2_d2p2_zicsr2p0_zifencei2p0_zmmul1p0_zba1p0_zbb1p0_zbc1p0_zbs1p0
core   0: 0x0000000080004000 (0x0080006f) j       pc + 0x8
core   0: 3 0x0000000080004000 (0x0080006f)
core   0: >>>>  mmode_exception_handler
core   0: 0x0000000080004008 (0x00002c17) auipc   s8, 0x2
core   0: 3 0x0000000080004008 (0x00002c17) x24 0x0000000080006008
core   0: 0x000000008000400c (0xfecc0c13) addi    s8, s8, -20
core   0: 3 0x000000008000400c (0xfecc0c13) x24 0x0000000080005ff4
core   0: 0x0000000080004010 (0x000c00e7) jalr    s8
core   0: 3 0x0000000080004010 (0x000c00e7) x1  0x0000000080004014
core   0: >>>>  any_handler
core   0: 0x0000000080005ff4 (0x341027f3) csrrs   a5, mepc, zero
core   0: 3 0x0000000080005ff4 (0x341027f3) x15 0x00000000800059c8
core   0: 0x0000000080005ff8 (0x34202773) csrrs   a4, mcause, zero
core   0: 3 0x0000000080005ff8 (0x34202773) x14 0x0000000000000002
core   0: 0x0000000080005ffc (0x142026f3) csrrs   a3, scause, zero
core   0: 3 0x0000000080005ffc (0x142026f3) x13 0xffffffff9e895d9c
core   0: 0x0000000080006000 (0x30402673) csrrs   a2, mie, zero
core   0: 3 0x0000000080006000 (0x30402673) x12 0x0000000000000a00
core   0: 0x0000000080006004 (0x344025f3) csrrs   a1, mip, zero
core   0: 3 0x0000000080006004 (0x344025f3) x11 0x0000000000000080
core   0: 0x0000000080006008 (0x343025f3) csrrs   a1, mtval, zero
core   0: 3 0x0000000080006008 (0x343025f3) x11 0x0000000031ab69f3
core   0: 0x000000008000600c (0x14302573) csrrs   a0, stval, zero
core   0: 3 0x000000008000600c (0x14302573) x10 0xffffffff9e895d90
core   0: 0x0000000080006010 (0xb02024f3) csrrs   s1, minstret, zero
core   0: 3 0x0000000080006010 (0xb02024f3) x9  0x0000000000001061
core   0: 0x0000000080006014 (0x0000a811) c.j     pc + 20
core   0: 3 0x0000000080006014 (0xa811)
core   0: >>>>  mepc_4
core   0: 0x0000000080006028 (0x00000791) c.addi  a5, 4
core   0: 3 0x0000000080006028 (0x0791) x15 0x00000000800059cc
core   0: 0x000000008000602a (0x34179073) csrrw   zero, mepc, a5
core   0: 3 0x000000008000602a (0x34179073) c833_mepc 0x00000000800059cc
core   0: 0x000000008000602e (0x30200073) mret
core   0: 3 0x000000008000602e (0x30200073) c768_mstatus 0x8000000a00106080
core   0: 0x00000000800059cc (0x00e757bb) srlw    a5, a4, a4
core   0: 1 0x00000000800059cc (0x00e757bb) x15 0x0000000000000000
core   0: 0x00000000800059d0 (0xd21e0a53) fcvt.d.wu fs4, t3
core   0: 1 0x00000000800059d0 (0xd21e0a53) f20 0x0000000000000000
core   0: 0x00000000800059d4 (0x0b4a7b53) fsub.d  fs6, fs4, fs4
core   0: 1 0x00000000800059d4 (0x0b4a7b53) f22 0x0000000000000000
core   0: 0x00000000800059d8 (0x02f9ac33) mulhsu  s8, s3, a5
core   0: 1 0x00000000800059d8 (0x02f9ac33) x24 0x0000000000000000
core   0: 0x00000000800059dc (0xc0277653) fcvt.l.s a2, fa4
core   0: 1 0x00000000800059dc (0xc0277653) c1_fflags 0x0000000000000011 x12 0x7fffffffffffffff
core   0: 0x00000000800059e0 (0xd2e6f9cf) fnmadd.d fs3, fa3, fa4, fs10
core   0: 1 0x00000000800059e0 (0xd2e6f9cf) f19 0xc1d4ff89d3400000
core   0: 0x00000000800059e4 (0xf2060553) fmv.d.x fa0, a2
core   0: 1 0x00000000800059e4 (0xf2060553) f10 0x7fffffffffffffff
core   0: 0x00000000800059e8 (0x411ade33) sra     t3, s5, a7
core   0: 1 0x00000000800059e8 (0x411ade33) x28 0xfffffffffffffca4
core   0: 0x00000000800059ec (0x002022f3) csrrs   t0, frm, zero
core   0: 1 0x00000000800059ec (0x002022f3) x5  0x0000000000000001
core   0: 0x00000000800059f0 (0xd22e72d3) fcvt.d.l ft5, t3
core   0: 1 0x00000000800059f0 (0xd22e72d3) f5  0xc08ae00000000000
core   0: 0x00000000800059f4 (0x0b30fa4b) fnmsub.d fs4, ft1, fs3, ft1
core   0: 1 0x00000000800059f4 (0x0b30fa4b) f20 0x0000000000000000
core   0: 0x00000000800059f8 (0x018c0833) add     a6, s8, s8
core   0: 1 0x00000000800059f8 (0x018c0833) x16 0x0000000000000000
core   0: 0x00000000800059fc (0x00f128b3) slt     a7, sp, a5
core   0: 1 0x00000000800059fc (0x00f128b3) x17 0x0000000000000001
core   0: 0x0000000080005a00 (0x00c4d33b) srlw    t1, s1, a2
core   0: 1 0x0000000080005a00 (0x00c4d33b) x6  0x0000000000000000
core   0: 0x0000000080005a04 (0x13dc75d3) fmul.d  fa1, fs8, ft9
core   0: 1 0x0000000080005a04 (0x13dc75d3) f11 0x7ff8000000000000
core   0: 0x0000000080005a08 (0x40d6d1b3) sra     gp, a3, a3
core   0: 1 0x0000000080005a08 (0x40d6d1b3) x3  0xfffffffffffffff9
core   0: 0x0000000080005a0c (0x0b39ffd3) fsub.d  ft11, fs3, fs3
core   0: 1 0x0000000080005a0c (0x0b39ffd3) f31 0x0000000000000000
core   0: 0x0000000080005a10 (0x0022d8bb) srlw    a7, t0, sp
core   0: 1 0x0000000080005a10 (0x0022d8bb) x17 0x0000000000000000
core   0: 0x0000000080005a14 (0x14005cf3) csrrwi  s9, sscratch, 0
core   0: 1 0x0000000080005a14 (0x14005cf3) x25 0x0000000000000000 c320_sscratch 0x0000000000000000
core   0: 0x0000000080005a18 (0xb5a7f193) andi    gp, a5, -1190
core   0: 1 0x0000000080005a18 (0xb5a7f193) x3  0x0000000000000000
core   0: 0x0000000080005a1c (0xc21478d3) fcvt.wu.d a7, fs0
core   0: 1 0x0000000080005a1c (0xc21478d3) x17 0x0000000000000000
core   0: 0x0000000080005a20 (0x5b78f793) andi    a5, a7, 1463
core   0: 1 0x0000000080005a20 (0x5b78f793) x15 0x0000000000000000
core   0: 0x0000000080005a24 (0x40a20db3) sub     s11, tp, a0
core   0: 1 0x0000000080005a24 (0x40a20db3) x27 0x000000006176aa70
core   0: 0x0000000080005a28 (0x400e07bb) subw    a5, t3, zero
core   0: 1 0x0000000080005a28 (0x400e07bb) x15 0xfffffffffffffca4
core   0: 0x0000000080005a2c (0x045e8a1b) addiw   s4, t4, 69
core   0: 1 0x0000000080005a2c (0x045e8a1b) x20 0x0000000000000a79
core   0: 0x0000000080005a30 (0x3068f573) csrrci  a0, mcounteren, 17
core   0: exception trap_illegal_instruction, epc 0x0000000080005a30
core   0:           tval 0x000000003068f573
core   0: >>>>  $xrv64i2p1_m2p0_a2p1_f2p2_d2p2_zicsr2p0_zifencei2p0_zmmul1p0_zba1p0_zbb1p0_zbc1p0_zbs1p0
core   0: 0x0000000080004000 (0x0080006f) j       pc + 0x8
core   0: 3 0x0000000080004000 (0x0080006f)
core   0: >>>>  mmode_exception_handler
core   0: 0x0000000080004008 (0x00002c17) auipc   s8, 0x2
core   0: 3 0x0000000080004008 (0x00002c17) x24 0x0000000080006008
core   0: 0x000000008000400c (0xfecc0c13) addi    s8, s8, -20
core   0: 3 0x000000008000400c (0xfecc0c13) x24 0x0000000080005ff4
core   0: 0x0000000080004010 (0x000c00e7) jalr    s8
core   0: 3 0x0000000080004010 (0x000c00e7) x1  0x0000000080004014
core   0: >>>>  any_handler
core   0: 0x0000000080005ff4 (0x341027f3) csrrs   a5, mepc, zero
core   0: 3 0x0000000080005ff4 (0x341027f3) x15 0x0000000080005a30
core   0: 0x0000000080005ff8 (0x34202773) csrrs   a4, mcause, zero
core   0: 3 0x0000000080005ff8 (0x34202773) x14 0x0000000000000002
core   0: 0x0000000080005ffc (0x142026f3) csrrs   a3, scause, zero
core   0: 3 0x0000000080005ffc (0x142026f3) x13 0xffffffff9e895d9c
core   0: 0x0000000080006000 (0x30402673) csrrs   a2, mie, zero
core   0: 3 0x0000000080006000 (0x30402673) x12 0x0000000000000a00
core   0: 0x0000000080006004 (0x344025f3) csrrs   a1, mip, zero
core   0: 3 0x0000000080006004 (0x344025f3) x11 0x0000000000000080
core   0: 0x0000000080006008 (0x343025f3) csrrs   a1, mtval, zero
core   0: 3 0x0000000080006008 (0x343025f3) x11 0x000000003068f573
core   0: 0x000000008000600c (0x14302573) csrrs   a0, stval, zero
core   0: 3 0x000000008000600c (0x14302573) x10 0xffffffff9e895d90
core   0: 0x0000000080006010 (0xb02024f3) csrrs   s1, minstret, zero
core   0: 3 0x0000000080006010 (0xb02024f3) x9  0x000000000000108a
core   0: 0x0000000080006014 (0x0000a811) c.j     pc + 20
core   0: 3 0x0000000080006014 (0xa811)
core   0: >>>>  mepc_4
core   0: 0x0000000080006028 (0x00000791) c.addi  a5, 4
core   0: 3 0x0000000080006028 (0x0791) x15 0x0000000080005a34
core   0: 0x000000008000602a (0x34179073) csrrw   zero, mepc, a5
core   0: 3 0x000000008000602a (0x34179073) c833_mepc 0x0000000080005a34
core   0: 0x000000008000602e (0x30200073) mret
core   0: 3 0x000000008000602e (0x30200073) c768_mstatus 0x8000000a00106080
core   0: 0x0000000080005a34 (0xd20500d3) fcvt.d.w ft1, a0
core   0: 1 0x0000000080005a34 (0xd20500d3) f1  0xc1d85da89c000000
core   0: 0x0000000080005a38 (0x00000001) c.nop
core   0: 1 0x0000000080005a38 (0x0001)
core   0: 0x0000000080005a3a (0x00ad9b3b) sllw    s6, s11, a0
core   0: 1 0x0000000080005a3a (0x00ad9b3b) x22 0xffffffffaa700000
core   0: 0x0000000080005a3e (0xd0267dd3) fcvt.s.l fs11, a2
core   0: 1 0x0000000080005a3e (0xd0267dd3) f27 0xffffffff45200000
core   0: 0x0000000080005a42 (0x6e98b317) auipc   t1, 0x6e98b
core   0: 1 0x0000000080005a42 (0x6e98b317) x6  0x00000000ee990a42
core   0: 0x0000000080005a46 (0xe2090ed3) fmv.x.d t4, fs2
core   0: 1 0x0000000080005a46 (0xe2090ed3) x29 0x7ff8000000000000
core   0: 0x0000000080005a4a (0x0a0ef053) fsub.d  ft0, ft9, ft0
core   0: 1 0x0000000080005a4a (0x0a0ef053) f0  0x0000000000000000
core   0: 0x0000000080005a4e (0x41dc5733) sra     a4, s8, t4
core   0: 1 0x0000000080005a4e (0x41dc5733) x14 0x0000000080005ff4
core   0: 0x0000000080005a52 (0x08d7ee13) ori     t3, a5, 141
core   0: 1 0x0000000080005a52 (0x08d7ee13) x28 0x0000000080005abd
core   0: 0x0000000080005a56 (0xc02a9273) csrrw   tp, instret, s5
core   0: exception trap_illegal_instruction, epc 0x0000000080005a56
core   0:           tval 0x00000000c02a9273
core   0: >>>>  $xrv64i2p1_m2p0_a2p1_f2p2_d2p2_zicsr2p0_zifencei2p0_zmmul1p0_zba1p0_zbb1p0_zbc1p0_zbs1p0
core   0: 0x0000000080004000 (0x0080006f) j       pc + 0x8
core   0: 3 0x0000000080004000 (0x0080006f)
core   0: >>>>  mmode_exception_handler
core   0: 0x0000000080004008 (0x00002c17) auipc   s8, 0x2
core   0: 3 0x0000000080004008 (0x00002c17) x24 0x0000000080006008
core   0: 0x000000008000400c (0xfecc0c13) addi    s8, s8, -20
core   0: 3 0x000000008000400c (0xfecc0c13) x24 0x0000000080005ff4
core   0: 0x0000000080004010 (0x000c00e7) jalr    s8
core   0: 3 0x0000000080004010 (0x000c00e7) x1  0x0000000080004014
core   0: >>>>  any_handler
core   0: 0x0000000080005ff4 (0x341027f3) csrrs   a5, mepc, zero
core   0: 3 0x0000000080005ff4 (0x341027f3) x15 0x0000000080005a56
core   0: 0x0000000080005ff8 (0x34202773) csrrs   a4, mcause, zero
core   0: 3 0x0000000080005ff8 (0x34202773) x14 0x0000000000000002
core   0: 0x0000000080005ffc (0x142026f3) csrrs   a3, scause, zero
core   0: 3 0x0000000080005ffc (0x142026f3) x13 0xffffffff9e895d9c
core   0: 0x0000000080006000 (0x30402673) csrrs   a2, mie, zero
core   0: 3 0x0000000080006000 (0x30402673) x12 0x0000000000000a00
core   0: 0x0000000080006004 (0x344025f3) csrrs   a1, mip, zero
core   0: 3 0x0000000080006004 (0x344025f3) x11 0x0000000000000080
core   0: 0x0000000080006008 (0x343025f3) csrrs   a1, mtval, zero
core   0: 3 0x0000000080006008 (0x343025f3) x11 0x00000000c02a9273
core   0: 0x000000008000600c (0x14302573) csrrs   a0, stval, zero
core   0: 3 0x000000008000600c (0x14302573) x10 0xffffffff9e895d90
core   0: 0x0000000080006010 (0xb02024f3) csrrs   s1, minstret, zero
core   0: 3 0x0000000080006010 (0xb02024f3) x9  0x00000000000010a3
core   0: 0x0000000080006014 (0x0000a811) c.j     pc + 20
core   0: 3 0x0000000080006014 (0xa811)
core   0: >>>>  mepc_4
core   0: 0x0000000080006028 (0x00000791) c.addi  a5, 4
core   0: 3 0x0000000080006028 (0x0791) x15 0x0000000080005a5a
core   0: 0x000000008000602a (0x34179073) csrrw   zero, mepc, a5
core   0: 3 0x000000008000602a (0x34179073) c833_mepc 0x0000000080005a5a
core   0: 0x000000008000602e (0x30200073) mret
core   0: 3 0x000000008000602e (0x30200073) c768_mstatus 0x8000000a00106080
core   0: 0x0000000080005a5a (0x002e4b33) xor     s6, t3, sp
core   0: 1 0x0000000080005a5a (0x002e4b33) x22 0xffffffff30216b4f
core   0: 0x0000000080005a5e (0x41970cbb) subw    s9, a4, s9
core   0: 1 0x0000000080005a5e (0x41970cbb) x25 0x0000000000000002
core   0: 0x0000000080005a62 (0x0210f5d3) fadd.d  fa1, ft1, ft1
core   0: 1 0x0000000080005a62 (0x0210f5d3) f11 0xc1e85da89c000000
core   0: 0x0000000080005a66 (0x00a4aeb3) slt     t4, s1, a0
core   0: 1 0x0000000080005a66 (0x00a4aeb3) x29 0x0000000000000000
core   0: 0x0000000080005a6a (0x239c9b53) fsgnjn.d fs6, fs9, fs9
core   0: 1 0x0000000080005a6a (0x239c9b53) f22 0xfff8000000000000
core   0: 0x0000000080005a6e (0x1b6cfbd3) fdiv.d  fs7, fs9, fs6
core   0: 1 0x0000000080005a6e (0x1b6cfbd3) f23 0x7ff8000000000000
core   0: 0x0000000080005a72 (0x340d67f3) csrrsi  a5, mscratch, 26
core   0: exception trap_illegal_instruction, epc 0x0000000080005a72
core   0:           tval 0x00000000340d67f3
core   0: >>>>  $xrv64i2p1_m2p0_a2p1_f2p2_d2p2_zicsr2p0_zifencei2p0_zmmul1p0_zba1p0_zbb1p0_zbc1p0_zbs1p0
core   0: 0x0000000080004000 (0x0080006f) j       pc + 0x8
core   0: 3 0x0000000080004000 (0x0080006f)
core   0: >>>>  mmode_exception_handler
core   0: 0x0000000080004008 (0x00002c17) auipc   s8, 0x2
core   0: 3 0x0000000080004008 (0x00002c17) x24 0x0000000080006008
core   0: 0x000000008000400c (0xfecc0c13) addi    s8, s8, -20
core   0: 3 0x000000008000400c (0xfecc0c13) x24 0x0000000080005ff4
core   0: 0x0000000080004010 (0x000c00e7) jalr    s8
core   0: 3 0x0000000080004010 (0x000c00e7) x1  0x0000000080004014
core   0: >>>>  any_handler
core   0: 0x0000000080005ff4 (0x341027f3) csrrs   a5, mepc, zero
core   0: 3 0x0000000080005ff4 (0x341027f3) x15 0x0000000080005a72
core   0: 0x0000000080005ff8 (0x34202773) csrrs   a4, mcause, zero
core   0: 3 0x0000000080005ff8 (0x34202773) x14 0x0000000000000002
core   0: 0x0000000080005ffc (0x142026f3) csrrs   a3, scause, zero
core   0: 3 0x0000000080005ffc (0x142026f3) x13 0xffffffff9e895d9c
core   0: 0x0000000080006000 (0x30402673) csrrs   a2, mie, zero
core   0: 3 0x0000000080006000 (0x30402673) x12 0x0000000000000a00
core   0: 0x0000000080006004 (0x344025f3) csrrs   a1, mip, zero
core   0: 3 0x0000000080006004 (0x344025f3) x11 0x0000000000000080
core   0: 0x0000000080006008 (0x343025f3) csrrs   a1, mtval, zero
core   0: 3 0x0000000080006008 (0x343025f3) x11 0x00000000340d67f3
core   0: 0x000000008000600c (0x14302573) csrrs   a0, stval, zero
core   0: 3 0x000000008000600c (0x14302573) x10 0xffffffff9e895d90
core   0: 0x0000000080006010 (0xb02024f3) csrrs   s1, minstret, zero
core   0: 3 0x0000000080006010 (0xb02024f3) x9  0x00000000000010b9
core   0: 0x0000000080006014 (0x0000a811) c.j     pc + 20
core   0: 3 0x0000000080006014 (0xa811)
core   0: >>>>  mepc_4
core   0: 0x0000000080006028 (0x00000791) c.addi  a5, 4
core   0: 3 0x0000000080006028 (0x0791) x15 0x0000000080005a76
core   0: 0x000000008000602a (0x34179073) csrrw   zero, mepc, a5
core   0: 3 0x000000008000602a (0x34179073) c833_mepc 0x0000000080005a76
core   0: 0x000000008000602e (0x30200073) mret
core   0: 3 0x000000008000602e (0x30200073) c768_mstatus 0x8000000a00106080
core   0: 0x0000000080005a76 (0x0016901b) slliw   zero, a3, 1
core   0: 1 0x0000000080005a76 (0x0016901b)
core   0: 0x0000000080005a7a (0x400e569b) sraiw   a3, t3, 0
core   0: 1 0x0000000080005a7a (0x400e569b) x13 0xffffffff80005abd
core   0: 0x0000000080005a7e (0x039cfe53) fadd.d  ft8, fs9, fs9
core   0: 1 0x0000000080005a7e (0x039cfe53) f28 0x7ff8000000000000
core   0: 0x0000000080005a82 (0x41c3579b) sraiw   a5, t1, 28
core   0: 1 0x0000000080005a82 (0x41c3579b) x15 0xfffffffffffffffe
core   0: 0x0000000080005a86 (0x0787e517) auipc   a0, 0x787e
core   0: 1 0x0000000080005a86 (0x0787e517) x10 0x0000000087883a86
core   0: 0x0000000080005a8a (0x02d188b3) mul     a7, gp, a3
core   0: 1 0x0000000080005a8a (0x02d188b3) x17 0x0000000000000000
core   0: 0x0000000080005a8e (0x030af5d3) fadd.d  fa1, fs5, fa6
core   0: 1 0x0000000080005a8e (0x030af5d3) f11 0x41e5803b16400000
core   0: 0x0000000080005a92 (0x12ea7a53) fmul.d  fs4, fs4, fa4
core   0: 1 0x0000000080005a92 (0x12ea7a53) f20 0x0000000000000000
core   0: 0x0000000080005a96 (0x40f1853b) subw    a0, gp, a5
core   0: 1 0x0000000080005a96 (0x40f1853b) x10 0x0000000000000002
core   0: 0x0000000080005a9a (0xa36d0953) fle.d   s2, fs10, fs6
core   0: 1 0x0000000080005a9a (0xa36d0953) c1_fflags 0x0000000000000011 x18 0x0000000000000000
core   0: 0x0000000080005a9e (0x0ff0000f) fence   iorw,iorw
core   0: 1 0x0000000080005a9e (0x0ff0000f)
core   0: 0x0000000080005aa2 (0xa2ca0753) fle.d   a4, fs4, fa2
core   0: 1 0x0000000080005aa2 (0xa2ca0753) c1_fflags 0x0000000000000011 x14 0x0000000000000000
core   0: 0x0000000080005aa6 (0xd02af453) fcvt.s.l fs0, s5
core   0: 1 0x0000000080005aa6 (0xd02af453) f8  0xffffffffc4570000
core   0: 0x0000000080005aaa (0x0355553b) divuw   a0, a0, s5
core   0: 1 0x0000000080005aaa (0x0355553b) x10 0x0000000000000000
core   0: 0x0000000080005aae (0x40147ed3) fcvt.s.d ft9, fs0
core   0: 1 0x0000000080005aae (0x40147ed3) f29 0xffffffff7fc00000
core   0: 0x0000000080005ab2 (0x343dfbf3) csrrci  s7, mtval, 27
core   0: exception trap_illegal_instruction, epc 0x0000000080005ab2
core   0:           tval 0x00000000343dfbf3
core   0: >>>>  $xrv64i2p1_m2p0_a2p1_f2p2_d2p2_zicsr2p0_zifencei2p0_zmmul1p0_zba1p0_zbb1p0_zbc1p0_zbs1p0
core   0: 0x0000000080004000 (0x0080006f) j       pc + 0x8
core   0: 3 0x0000000080004000 (0x0080006f)
core   0: >>>>  mmode_exception_handler
core   0: 0x0000000080004008 (0x00002c17) auipc   s8, 0x2
core   0: 3 0x0000000080004008 (0x00002c17) x24 0x0000000080006008
core   0: 0x000000008000400c (0xfecc0c13) addi    s8, s8, -20
core   0: 3 0x000000008000400c (0xfecc0c13) x24 0x0000000080005ff4
core   0: 0x0000000080004010 (0x000c00e7) jalr    s8
core   0: 3 0x0000000080004010 (0x000c00e7) x1  0x0000000080004014
core   0: >>>>  any_handler
core   0: 0x0000000080005ff4 (0x341027f3) csrrs   a5, mepc, zero
core   0: 3 0x0000000080005ff4 (0x341027f3) x15 0x0000000080005ab2
core   0: 0x0000000080005ff8 (0x34202773) csrrs   a4, mcause, zero
core   0: 3 0x0000000080005ff8 (0x34202773) x14 0x0000000000000002
core   0: 0x0000000080005ffc (0x142026f3) csrrs   a3, scause, zero
core   0: 3 0x0000000080005ffc (0x142026f3) x13 0xffffffff9e895d9c
core   0: 0x0000000080006000 (0x30402673) csrrs   a2, mie, zero
core   0: 3 0x0000000080006000 (0x30402673) x12 0x0000000000000a00
core   0: 0x0000000080006004 (0x344025f3) csrrs   a1, mip, zero
core   0: 3 0x0000000080006004 (0x344025f3) x11 0x0000000000000080
core   0: 0x0000000080006008 (0x343025f3) csrrs   a1, mtval, zero
core   0: 3 0x0000000080006008 (0x343025f3) x11 0x00000000343dfbf3
core   0: 0x000000008000600c (0x14302573) csrrs   a0, stval, zero
core   0: 3 0x000000008000600c (0x14302573) x10 0xffffffff9e895d90
core   0: 0x0000000080006010 (0xb02024f3) csrrs   s1, minstret, zero
core   0: 3 0x0000000080006010 (0xb02024f3) x9  0x00000000000010d8
core   0: 0x0000000080006014 (0x0000a811) c.j     pc + 20
core   0: 3 0x0000000080006014 (0xa811)
core   0: >>>>  mepc_4
core   0: 0x0000000080006028 (0x00000791) c.addi  a5, 4
core   0: 3 0x0000000080006028 (0x0791) x15 0x0000000080005ab6
core   0: 0x000000008000602a (0x34179073) csrrw   zero, mepc, a5
core   0: 3 0x000000008000602a (0x34179073) c833_mepc 0x0000000080005ab6
core   0: 0x000000008000602e (0x30200073) mret
core   0: 3 0x000000008000602e (0x30200073) c768_mstatus 0x8000000a00106080
core   0: 0x0000000080005ab6 (0x4010f753) fcvt.s.d fa4, ft1
core   0: 1 0x0000000080005ab6 (0x4010f753) c1_fflags 0x0000000000000011 f14 0xffffffffcec2ed44
core   0: 0x0000000080005aba (0x02861433) mulh    s0, a2, s0
core   0: 1 0x0000000080005aba (0x02861433) x8  0x00000000000004ff
core   0: 0x0000000080005abe (0x404c52bb) sraw    t0, s8, tp
core   0: 1 0x0000000080005abe (0x404c52bb) x5  0xffffffff80005ff4
core   0: 0x0000000080005ac2 (0xfd0375b7) lui     a1, 0xfd037
core   0: 1 0x0000000080005ac2 (0xfd0375b7) x11 0xfffffffffd037000
core   0: 0x0000000080005ac6 (0x02bb8333) mul     t1, s7, a1
core   0: 1 0x0000000080005ac6 (0x02bb8333) x6  0x8000000000000000
core   0: 0x0000000080005aca (0xc2658d93) addi    s11, a1, -986
core   0: 1 0x0000000080005aca (0xc2658d93) x27 0xfffffffffd036c26
core   0: 0x0000000080005ace (0x2a171453) fmax.d  fs0, fa4, ft1
core   0: 1 0x0000000080005ace (0x2a171453) f8  0xc1d85da89c000000
core   0: 0x0000000080005ad2 (0xc20f7153) fcvt.w.d sp, ft10
core   0: 1 0x0000000080005ad2 (0xc20f7153) x2  0x0000000000000001
core   0: 0x0000000080005ad6 (0x43cc4793) xori    a5, s8, 1084
core   0: 1 0x0000000080005ad6 (0x43cc4793) x15 0x0000000080005bc8
core   0: 0x0000000080005ada (0xf9e22637) lui     a2, 0xf9e22
core   0: 1 0x0000000080005ada (0xf9e22637) x12 0xfffffffff9e22000
core   0: 0x0000000080005ade (0x9dd6061b) addiw   a2, a2, -1571
core   0: 1 0x0000000080005ade (0x9dd6061b) x12 0xfffffffff9e219dd
core   0: 0x0000000080005ae2 (0x00000632) c.slli  a2, 12
core   0: 1 0x0000000080005ae2 (0x0632) x12 0xffffff9e219dd000
core   0: 0x0000000080005ae4 (0x7da60613) addi    a2, a2, 2010
core   0: 1 0x0000000080005ae4 (0x7da60613) x12 0xffffff9e219dd7da
core   0: 0x0000000080005ae8 (0xc205f9d3) fcvt.w.d s3, fa1
core   0: 1 0x0000000080005ae8 (0xc205f9d3) c1_fflags 0x0000000000000011 x19 0x000000007fffffff
core   0: 0x0000000080005aec (0x0ff0000f) fence   iorw,iorw
core   0: 1 0x0000000080005aec (0x0ff0000f)
core   0: 0x0000000080005af0 (0x225f8e53) fsgnj.d ft8, ft11, ft5
core   0: 1 0x0000000080005af0 (0x225f8e53) f28 0x8000000000000000
core   0: 0x0000000080005af4 (0x23ce0ad3) fsgnj.d fs5, ft8, ft8
core   0: 1 0x0000000080005af4 (0x23ce0ad3) f21 0x8000000000000000
core   0: 0x0000000080005af8 (0x00a9e8b3) or      a7, s3, a0
core   0: 1 0x0000000080005af8 (0x00a9e8b3) x17 0xffffffffffffffff
core   0: 0x0000000080005afc (0x00000001) c.nop
core   0: 1 0x0000000080005afc (0x0001)
core   0: 0x0000000080005afe (0x03f85613) srli    a2, a6, 63
core   0: 1 0x0000000080005afe (0x03f85613) x12 0x0000000000000000
core   0: 0x0000000080005b02 (0xfb51fb4f) fnmadd.d fs6, ft3, fs5, ft11
core   0: 1 0x0000000080005b02 (0xfb51fb4f) f22 0x7ff8000000000000
core   0: 0x0000000080005b06 (0xf1480597) auipc   a1, 0xf1480
core   0: 1 0x0000000080005b06 (0xf1480597) x11 0x0000000071485b06
core   0: 0x0000000080005b0a (0x40578a3b) subw    s4, a5, t0
core   0: 1 0x0000000080005b0a (0x40578a3b) x20 0xfffffffffffffbd4
core   0: 0x0000000080005b0e (0xc22ff0d3) fcvt.l.d ra, ft11
core   0: 1 0x0000000080005b0e (0xc22ff0d3) x1  0x0000000000000000
core   0: 0x0000000080005b12 (0x0ff0000f) fence   iorw,iorw
core   0: 1 0x0000000080005b12 (0x0ff0000f)
core   0: 0x0000000080005b16 (0x2ba00ed3) fmin.d  ft9, ft0, fs10
core   0: 1 0x0000000080005b16 (0x2ba00ed3) f29 0x0000000000000000
core   0: 0x0000000080005b1a (0xf9cbc017) auipc   zero, 0xf9cbc
core   0: 1 0x0000000080005b1a (0xf9cbc017)
core   0: 0x0000000080005b1e (0x02b783bb) mulw    t2, a5, a1
core   0: 1 0x0000000080005b1e (0x02b783bb) x7  0x0000000038e23eb0
core   0: 0x0000000080005b22 (0x00ccfeb3) and     t4, s9, a2
core   0: 1 0x0000000080005b22 (0x00ccfeb3) x29 0x0000000000000000
core   0: 0x0000000080005b26 (0xc6c48c13) addi    s8, s1, -916
core   0: 1 0x0000000080005b26 (0xc6c48c13) x24 0x0000000000000d44
core   0: 0x0000000080005b2a (0x0162951b) slliw   a0, t0, 22
core   0: 1 0x0000000080005b2a (0x0162951b) x10 0xfffffffffd000000
core   0: 0x0000000080005b2e (0xc20bf8d3) fcvt.w.d a7, fs7
core   0: 1 0x0000000080005b2e (0xc20bf8d3) c1_fflags 0x0000000000000011 x17 0x000000007fffffff
core   0: 0x0000000080005b32 (0x02e9e433) rem     s0, s3, a4
core   0: 1 0x0000000080005b32 (0x02e9e433) x8  0x0000000000000001
core   0: 0x0000000080005b36 (0x005312bb) sllw    t0, t1, t0
core   0: 1 0x0000000080005b36 (0x005312bb) x5  0x0000000000000000
core   0: 0x0000000080005b3a (0x4109589b) sraiw   a7, s2, 16
core   0: 1 0x0000000080005b3a (0x4109589b) x17 0x0000000000000000
core   0: 0x0000000080005b3e (0x0008c333) xor     t1, a7, zero
core   0: 1 0x0000000080005b3e (0x0008c333) x6  0x0000000000000000
core   0: 0x0000000080005b42 (0x001de713) ori     a4, s11, 1
core   0: 1 0x0000000080005b42 (0x001de713) x14 0xfffffffffd036c27
core   0: 0x0000000080005b46 (0xfd21b617) auipc   a2, 0xfd21b
core   0: 1 0x0000000080005b46 (0xfd21b617) x12 0x000000007d220b46
core   0: 0x0000000080005b4a (0x014d9e1b) slliw   t3, s11, 20
core   0: 1 0x0000000080005b4a (0x014d9e1b) x28 0xffffffffc2600000
core   0: 0x0000000080005b4e (0x000d899b) sext.w  s3, s11
core   0: 1 0x0000000080005b4e (0x000d899b) x19 0xfffffffffd036c26
core   0: 0x0000000080005b52 (0x0279f033) remu    zero, s3, t2
core   0: 1 0x0000000080005b52 (0x0279f033)
core   0: 0x0000000080005b56 (0x0ff0000f) fence   iorw,iorw
core   0: 1 0x0000000080005b56 (0x0ff0000f)
core   0: 0x0000000080005b5a (0x00009a1e) c.add   s4, t2
core   0: 1 0x0000000080005b5a (0x9a1e) x20 0x0000000038e23a84
core   0: 0x0000000080005b5c (0x006767b3) or      a5, a4, t1
core   0: 1 0x0000000080005b5c (0x006767b3) x15 0xfffffffffd036c27
core   0: 0x0000000080005b60 (0x0002d69b) srliw   a3, t0, 0
core   0: 1 0x0000000080005b60 (0x0002d69b) x13 0x0000000000000000
core   0: 0x0000000080005b64 (0x74746473) csrrsi  s0, mseccfg, 8
core   0: exception trap_illegal_instruction, epc 0x0000000080005b64
core   0:           tval 0x0000000074746473
core   0: >>>>  $xrv64i2p1_m2p0_a2p1_f2p2_d2p2_zicsr2p0_zifencei2p0_zmmul1p0_zba1p0_zbb1p0_zbc1p0_zbs1p0
core   0: 0x0000000080004000 (0x0080006f) j       pc + 0x8
core   0: 3 0x0000000080004000 (0x0080006f)
core   0: >>>>  mmode_exception_handler
core   0: 0x0000000080004008 (0x00002c17) auipc   s8, 0x2
core   0: 3 0x0000000080004008 (0x00002c17) x24 0x0000000080006008
core   0: 0x000000008000400c (0xfecc0c13) addi    s8, s8, -20
core   0: 3 0x000000008000400c (0xfecc0c13) x24 0x0000000080005ff4
core   0: 0x0000000080004010 (0x000c00e7) jalr    s8
core   0: 3 0x0000000080004010 (0x000c00e7) x1  0x0000000080004014
core   0: >>>>  any_handler
core   0: 0x0000000080005ff4 (0x341027f3) csrrs   a5, mepc, zero
core   0: 3 0x0000000080005ff4 (0x341027f3) x15 0x0000000080005b64
core   0: 0x0000000080005ff8 (0x34202773) csrrs   a4, mcause, zero
core   0: 3 0x0000000080005ff8 (0x34202773) x14 0x0000000000000002
core   0: 0x0000000080005ffc (0x142026f3) csrrs   a3, scause, zero
core   0: 3 0x0000000080005ffc (0x142026f3) x13 0xffffffff9e895d9c
core   0: 0x0000000080006000 (0x30402673) csrrs   a2, mie, zero
core   0: 3 0x0000000080006000 (0x30402673) x12 0x0000000000000a00
core   0: 0x0000000080006004 (0x344025f3) csrrs   a1, mip, zero
core   0: 3 0x0000000080006004 (0x344025f3) x11 0x0000000000000080
core   0: 0x0000000080006008 (0x343025f3) csrrs   a1, mtval, zero
core   0: 3 0x0000000080006008 (0x343025f3) x11 0x0000000074746473
core   0: 0x000000008000600c (0x14302573) csrrs   a0, stval, zero
core   0: 3 0x000000008000600c (0x14302573) x10 0xffffffff9e895d90
core   0: 0x0000000080006010 (0xb02024f3) csrrs   s1, minstret, zero
core   0: 3 0x0000000080006010 (0xb02024f3) x9  0x0000000000001115
core   0: 0x0000000080006014 (0x0000a811) c.j     pc + 20
core   0: 3 0x0000000080006014 (0xa811)
core   0: >>>>  mepc_4
core   0: 0x0000000080006028 (0x00000791) c.addi  a5, 4
core   0: 3 0x0000000080006028 (0x0791) x15 0x0000000080005b68
core   0: 0x000000008000602a (0x34179073) csrrw   zero, mepc, a5
core   0: 3 0x000000008000602a (0x34179073) c833_mepc 0x0000000080005b68
core   0: 0x000000008000602e (0x30200073) mret
core   0: 3 0x000000008000602e (0x30200073) c768_mstatus 0x8000000a00106080
core   0: 0x0000000080005b68 (0x01a4143b) sllw    s0, s0, s10
core   0: 1 0x0000000080005b68 (0x01a4143b) x8  0x0000000000000001
core   0: 0x0000000080005b6c (0x01945cbb) srlw    s9, s0, s9
core   0: 1 0x0000000080005b6c (0x01945cbb) x25 0x0000000000000000
core   0: 0x0000000080005b70 (0x7106fc37) lui     s8, 0x7106f
core   0: 1 0x0000000080005b70 (0x7106fc37) x24 0x000000007106f000
core   0: 0x0000000080005b74 (0x03a2fb53) fadd.d  fs6, ft5, fs10
core   0: 1 0x0000000080005b74 (0x03a2fb53) f22 0x41d4ff88fc400000
core   0: 0x0000000080005b78 (0x12d676c7) fmsub.d fa3, fa2, fa3, ft2
core   0: 1 0x0000000080005b78 (0x12d676c7) f13 0x7ff8000000000000
core   0: 0x0000000080005b7c (0x03cc6e3b) remw    t3, s8, t3
core   0: 1 0x0000000080005b7c (0x03cc6e3b) x28 0x000000003366f000
core   0: 0x0000000080005b80 (0x2a651cd3) fmax.d  fs9, fa0, ft6
core   0: 1 0x0000000080005b80 (0x2a651cd3) f25 0x7ff8000000000000
core   0: 0x0000000080005b84 (0x1af07653) fdiv.d  fa2, ft0, fa5
core   0: 1 0x0000000080005b84 (0x1af07653) c1_fflags 0x0000000000000011 f12 0x7ff8000000000000
core   0: 0x0000000080005b88 (0x004c5233) srl     tp, s8, tp
core   0: 1 0x0000000080005b88 (0x004c5233) x4  0x000000007106f000
core   0: 0x0000000080005b8c (0x420880d3) fcvt.d.s ft1, fa7
core   0: 1 0x0000000080005b8c (0x420880d3) f1  0x7ff8000000000000
core   0: 0x0000000080005b90 (0x00102af3) csrrs   s5, fflags, zero
core   0: 1 0x0000000080005b90 (0x00102af3) x21 0x0000000000000011
core   0: 0x0000000080005b94 (0x41de0db3) sub     s11, t3, t4
core   0: 1 0x0000000080005b94 (0x41de0db3) x27 0x000000003366f000
core   0: 0x0000000080005b98 (0x01ea139b) slliw   t2, s4, 30
core   0: 1 0x0000000080005b98 (0x01ea139b) x7  0x0000000000000000
core   0: 0x0000000080005b9c (0x31a3b0f3) csrrc   ra, menvcfgh, t2
core   0: exception trap_illegal_instruction, epc 0x0000000080005b9c
core   0:           tval 0x0000000031a3b0f3
core   0: >>>>  $xrv64i2p1_m2p0_a2p1_f2p2_d2p2_zicsr2p0_zifencei2p0_zmmul1p0_zba1p0_zbb1p0_zbc1p0_zbs1p0
core   0: 0x0000000080004000 (0x0080006f) j       pc + 0x8
core   0: 3 0x0000000080004000 (0x0080006f)
core   0: >>>>  mmode_exception_handler
core   0: 0x0000000080004008 (0x00002c17) auipc   s8, 0x2
core   0: 3 0x0000000080004008 (0x00002c17) x24 0x0000000080006008
core   0: 0x000000008000400c (0xfecc0c13) addi    s8, s8, -20
core   0: 3 0x000000008000400c (0xfecc0c13) x24 0x0000000080005ff4
core   0: 0x0000000080004010 (0x000c00e7) jalr    s8
core   0: 3 0x0000000080004010 (0x000c00e7) x1  0x0000000080004014
core   0: >>>>  any_handler
core   0: 0x0000000080005ff4 (0x341027f3) csrrs   a5, mepc, zero
core   0: 3 0x0000000080005ff4 (0x341027f3) x15 0x0000000080005b9c
core   0: 0x0000000080005ff8 (0x34202773) csrrs   a4, mcause, zero
core   0: 3 0x0000000080005ff8 (0x34202773) x14 0x0000000000000002
core   0: 0x0000000080005ffc (0x142026f3) csrrs   a3, scause, zero
core   0: 3 0x0000000080005ffc (0x142026f3) x13 0xffffffff9e895d9c
core   0: 0x0000000080006000 (0x30402673) csrrs   a2, mie, zero
core   0: 3 0x0000000080006000 (0x30402673) x12 0x0000000000000a00
core   0: 0x0000000080006004 (0x344025f3) csrrs   a1, mip, zero
core   0: 3 0x0000000080006004 (0x344025f3) x11 0x0000000000000080
core   0: 0x0000000080006008 (0x343025f3) csrrs   a1, mtval, zero
core   0: 3 0x0000000080006008 (0x343025f3) x11 0x0000000031a3b0f3
core   0: 0x000000008000600c (0x14302573) csrrs   a0, stval, zero
core   0: 3 0x000000008000600c (0x14302573) x10 0xffffffff9e895d90
core   0: 0x0000000080006010 (0xb02024f3) csrrs   s1, minstret, zero
core   0: 3 0x0000000080006010 (0xb02024f3) x9  0x0000000000001132
core   0: 0x0000000080006014 (0x0000a811) c.j     pc + 20
core   0: 3 0x0000000080006014 (0xa811)
core   0: >>>>  mepc_4
core   0: 0x0000000080006028 (0x00000791) c.addi  a5, 4
core   0: 3 0x0000000080006028 (0x0791) x15 0x0000000080005ba0
core   0: 0x000000008000602a (0x34179073) csrrw   zero, mepc, a5
core   0: 3 0x000000008000602a (0x34179073) c833_mepc 0x0000000080005ba0
core   0: 0x000000008000602e (0x30200073) mret
core   0: 3 0x000000008000602e (0x30200073) c768_mstatus 0x8000000a00106080
core   0: 0x0000000080005ba0 (0xc2037253) fcvt.w.d tp, ft6
core   0: 1 0x0000000080005ba0 (0xc2037253) c1_fflags 0x0000000000000011 x4  0x000000007fffffff
core   0: 0x0000000080005ba4 (0x024cde3b) divuw   t3, s9, tp
core   0: 1 0x0000000080005ba4 (0x024cde3b) x28 0x0000000000000000
core   0: 0x0000000080005ba8 (0x345cf513) andi    a0, s9, 837
core   0: 1 0x0000000080005ba8 (0x345cf513) x10 0x0000000000000000
core   0: 0x0000000080005bac (0x02b4eebb) remw    t4, s1, a1
core   0: 1 0x0000000080005bac (0x02b4eebb) x29 0x0000000000001132
core   0: 0x0000000080005bb0 (0x000307bb) addw    a5, t1, zero
core   0: 1 0x0000000080005bb0 (0x000307bb) x15 0x0000000000000000
core   0: 0x0000000080005bb4 (0xa21a0c53) fle.d   s8, fs4, ft1
core   0: 1 0x0000000080005bb4 (0xa21a0c53) c1_fflags 0x0000000000000011 x24 0x0000000000000000
core   0: 0x0000000080005bb8 (0x0005d11b) srliw   sp, a1, 0
core   0: 1 0x0000000080005bb8 (0x0005d11b) x2  0x0000000031a3b0f3
core   0: 0x0000000080005bbc (0x00011413) slli    s0, sp, 0
core   0: 1 0x0000000080005bbc (0x00011413) x8  0x0000000031a3b0f3
core   0: 0x0000000080005bc0 (0x1ac479d3) fdiv.d  fs3, fs0, fa2
core   0: 1 0x0000000080005bc0 (0x1ac479d3) f19 0x7ff8000000000000
core   0: 0x0000000080005bc4 (0xd026f2d3) fcvt.s.l ft5, a3
core   0: 1 0x0000000080005bc4 (0xd026f2d3) c1_fflags 0x0000000000000011 f5  0xffffffffcec2ed44
core   0: 0x0000000080005bc8 (0xf382f247) fmsub.d ft4, ft5, fs8, ft10
core   0: 1 0x0000000080005bc8 (0xf382f247) f4  0x7ff8000000000000
core   0: 0x0000000080005bcc (0xff9219b7) lui     s3, 0xff921
core   0: 1 0x0000000080005bcc (0xff9219b7) x19 0xffffffffff921000
core   0: 0x0000000080005bd0 (0xf0b9899b) addiw   s3, s3, -245
core   0: 1 0x0000000080005bd0 (0xf0b9899b) x19 0xffffffffff920f0b
core   0: 0x0000000080005bd4 (0x000009be) c.slli  s3, 15
core   0: 1 0x0000000080005bd4 (0x09be) x19 0xffffffc907858000
core   0: 0x0000000080005bd6 (0x35898993) addi    s3, s3, 856
core   0: 1 0x0000000080005bd6 (0x35898993) x19 0xffffffc907858358
core   0: 0x0000000080005bda (0x00202873) csrrs   a6, frm, zero
core   0: 1 0x0000000080005bda (0x00202873) x16 0x0000000000000001
core   0: 0x0000000080005bde (0x43055c93) srai    s9, a0, 48
core   0: 1 0x0000000080005bde (0x43055c93) x25 0x0000000000000000
core   0: 0x0000000080005be2 (0xc02470d3) fcvt.l.s ra, fs0
core   0: 1 0x0000000080005be2 (0xc02470d3) c1_fflags 0x0000000000000011 x1  0x7fffffffffffffff
core   0: 0x0000000080005be6 (0xa222d317) auipc   t1, 0xa222d
core   0: 1 0x0000000080005be6 (0xa222d317) x6  0x0000000022232be6
core   0: 0x0000000080005bea (0x00736b33) or      s6, t1, t2
core   0: 1 0x0000000080005bea (0x00736b33) x22 0x0000000022232be6
core   0: 0x0000000080005bee (0xd2237cd3) fcvt.d.l fs9, t1
core   0: 1 0x0000000080005bee (0xd2237cd3) f25 0x41c11195f3000000
core   0: 0x0000000080005bf2 (0x2acb03d3) fmin.d  ft7, fs6, fa2
core   0: 1 0x0000000080005bf2 (0x2acb03d3) f7  0x41d4ff88fc400000
core   0: 0x0000000080005bf6 (0xd02af0d3) fcvt.s.l ft1, s5
core   0: 1 0x0000000080005bf6 (0xd02af0d3) f1  0xffffffff41880000
core   0: 0x0000000080005bfa (0xfff2e093) ori     ra, t0, -1
core   0: 1 0x0000000080005bfa (0xfff2e093) x1  0xffffffffffffffff
core   0: 0x0000000080005bfe (0x029bf4d3) fadd.d  fs1, fs7, fs1
core   0: 1 0x0000000080005bfe (0x029bf4d3) f9  0x7ff8000000000000
core   0: 0x0000000080005c02 (0xb0207473) csrrci  s0, minstret, 0
core   0: exception trap_illegal_instruction, epc 0x0000000080005c02
core   0:           tval 0x00000000b0207473
core   0: >>>>  $xrv64i2p1_m2p0_a2p1_f2p2_d2p2_zicsr2p0_zifencei2p0_zmmul1p0_zba1p0_zbb1p0_zbc1p0_zbs1p0
core   0: 0x0000000080004000 (0x0080006f) j       pc + 0x8
core   0: 3 0x0000000080004000 (0x0080006f)
core   0: >>>>  mmode_exception_handler
core   0: 0x0000000080004008 (0x00002c17) auipc   s8, 0x2
core   0: 3 0x0000000080004008 (0x00002c17) x24 0x0000000080006008
core   0: 0x000000008000400c (0xfecc0c13) addi    s8, s8, -20
core   0: 3 0x000000008000400c (0xfecc0c13) x24 0x0000000080005ff4
core   0: 0x0000000080004010 (0x000c00e7) jalr    s8
core   0: 3 0x0000000080004010 (0x000c00e7) x1  0x0000000080004014
core   0: >>>>  any_handler
core   0: 0x0000000080005ff4 (0x341027f3) csrrs   a5, mepc, zero
core   0: 3 0x0000000080005ff4 (0x341027f3) x15 0x0000000080005c02
core   0: 0x0000000080005ff8 (0x34202773) csrrs   a4, mcause, zero
core   0: 3 0x0000000080005ff8 (0x34202773) x14 0x0000000000000002
core   0: 0x0000000080005ffc (0x142026f3) csrrs   a3, scause, zero
core   0: 3 0x0000000080005ffc (0x142026f3) x13 0xffffffff9e895d9c
core   0: 0x0000000080006000 (0x30402673) csrrs   a2, mie, zero
core   0: 3 0x0000000080006000 (0x30402673) x12 0x0000000000000a00
core   0: 0x0000000080006004 (0x344025f3) csrrs   a1, mip, zero
core   0: 3 0x0000000080006004 (0x344025f3) x11 0x0000000000000080
core   0: 0x0000000080006008 (0x343025f3) csrrs   a1, mtval, zero
core   0: 3 0x0000000080006008 (0x343025f3) x11 0x00000000b0207473
core   0: 0x000000008000600c (0x14302573) csrrs   a0, stval, zero
core   0: 3 0x000000008000600c (0x14302573) x10 0xffffffff9e895d90
core   0: 0x0000000080006010 (0xb02024f3) csrrs   s1, minstret, zero
core   0: 3 0x0000000080006010 (0xb02024f3) x9  0x000000000000115b
core   0: 0x0000000080006014 (0x0000a811) c.j     pc + 20
core   0: 3 0x0000000080006014 (0xa811)
core   0: >>>>  mepc_4
core   0: 0x0000000080006028 (0x00000791) c.addi  a5, 4
core   0: 3 0x0000000080006028 (0x0791) x15 0x0000000080005c06
core   0: 0x000000008000602a (0x34179073) csrrw   zero, mepc, a5
core   0: 3 0x000000008000602a (0x34179073) c833_mepc 0x0000000080005c06
core   0: 0x000000008000602e (0x30200073) mret
core   0: 3 0x000000008000602e (0x30200073) c768_mstatus 0x8000000a00106080
core   0: 0x0000000080005c06 (0x001bd413) srli    s0, s7, 1
core   0: 1 0x0000000080005c06 (0x001bd413) x8  0x3ffc000000000000
core   0: 0x0000000080005c0a (0x80024713) xori    a4, tp, -2048
core   0: 1 0x0000000080005c0a (0x80024713) x14 0xffffffff800007ff
core   0: 0x0000000080005c0e (0x22e08ad3) fsgnj.d fs5, ft1, fa4
core   0: 1 0x0000000080005c0e (0x22e08ad3) f21 0xffffffff41880000
core   0: 0x0000000080005c12 (0x03821db3) mulh    s11, tp, s8
core   0: 1 0x0000000080005c12 (0x03821db3) x27 0x0000000000000000
core   0: 0x0000000080005c16 (0x027d83bb) mulw    t2, s11, t2
core   0: 1 0x0000000080005c16 (0x027d83bb) x7  0x0000000000000000
core   0: 0x0000000080005c1a (0x00181073) csrrw   zero, fflags, a6
core   0: 1 0x0000000080005c1a (0x00181073) c1_fflags 0x0000000000000001
core   0: 0x0000000080005c1e (0xd2118653) fcvt.d.wu fa2, gp
core   0: 1 0x0000000080005c1e (0xd2118653) f12 0x0000000000000000
core   0: 0x0000000080005c22 (0xc059b173) csrrc   sp, hpmcounter5, s3
core   0: exception trap_illegal_instruction, epc 0x0000000080005c22
core   0:           tval 0x00000000c059b173
core   0: >>>>  $xrv64i2p1_m2p0_a2p1_f2p2_d2p2_zicsr2p0_zifencei2p0_zmmul1p0_zba1p0_zbb1p0_zbc1p0_zbs1p0
core   0: 0x0000000080004000 (0x0080006f) j       pc + 0x8
core   0: 3 0x0000000080004000 (0x0080006f)
core   0: >>>>  mmode_exception_handler
core   0: 0x0000000080004008 (0x00002c17) auipc   s8, 0x2
core   0: 3 0x0000000080004008 (0x00002c17) x24 0x0000000080006008
core   0: 0x000000008000400c (0xfecc0c13) addi    s8, s8, -20
core   0: 3 0x000000008000400c (0xfecc0c13) x24 0x0000000080005ff4
core   0: 0x0000000080004010 (0x000c00e7) jalr    s8
core   0: 3 0x0000000080004010 (0x000c00e7) x1  0x0000000080004014
core   0: >>>>  any_handler
core   0: 0x0000000080005ff4 (0x341027f3) csrrs   a5, mepc, zero
core   0: 3 0x0000000080005ff4 (0x341027f3) x15 0x0000000080005c22
core   0: 0x0000000080005ff8 (0x34202773) csrrs   a4, mcause, zero
core   0: 3 0x0000000080005ff8 (0x34202773) x14 0x0000000000000002
core   0: 0x0000000080005ffc (0x142026f3) csrrs   a3, scause, zero
core   0: 3 0x0000000080005ffc (0x142026f3) x13 0xffffffff9e895d9c
core   0: 0x0000000080006000 (0x30402673) csrrs   a2, mie, zero
core   0: 3 0x0000000080006000 (0x30402673) x12 0x0000000000000a00
core   0: 0x0000000080006004 (0x344025f3) csrrs   a1, mip, zero
core   0: 3 0x0000000080006004 (0x344025f3) x11 0x0000000000000080
core   0: 0x0000000080006008 (0x343025f3) csrrs   a1, mtval, zero
core   0: 3 0x0000000080006008 (0x343025f3) x11 0x00000000c059b173
core   0: 0x000000008000600c (0x14302573) csrrs   a0, stval, zero
core   0: 3 0x000000008000600c (0x14302573) x10 0xffffffff9e895d90
core   0: 0x0000000080006010 (0xb02024f3) csrrs   s1, minstret, zero
core   0: 3 0x0000000080006010 (0xb02024f3) x9  0x0000000000001172
core   0: 0x0000000080006014 (0x0000a811) c.j     pc + 20
core   0: 3 0x0000000080006014 (0xa811)
core   0: >>>>  mepc_4
core   0: 0x0000000080006028 (0x00000791) c.addi  a5, 4
core   0: 3 0x0000000080006028 (0x0791) x15 0x0000000080005c26
core   0: 0x000000008000602a (0x34179073) csrrw   zero, mepc, a5
core   0: 3 0x000000008000602a (0x34179073) c833_mepc 0x0000000080005c26
core   0: 0x000000008000602e (0x30200073) mret
core   0: 3 0x000000008000602e (0x30200073) c768_mstatus 0x8000000a00106080
core   0: 0x0000000080005c26 (0xf11b1cf3) csrrw   s9, mvendorid, s6
core   0: exception trap_illegal_instruction, epc 0x0000000080005c26
core   0:           tval 0x00000000f11b1cf3
core   0: >>>>  $xrv64i2p1_m2p0_a2p1_f2p2_d2p2_zicsr2p0_zifencei2p0_zmmul1p0_zba1p0_zbb1p0_zbc1p0_zbs1p0
core   0: 0x0000000080004000 (0x0080006f) j       pc + 0x8
core   0: 3 0x0000000080004000 (0x0080006f)
core   0: >>>>  mmode_exception_handler
core   0: 0x0000000080004008 (0x00002c17) auipc   s8, 0x2
core   0: 3 0x0000000080004008 (0x00002c17) x24 0x0000000080006008
core   0: 0x000000008000400c (0xfecc0c13) addi    s8, s8, -20
core   0: 3 0x000000008000400c (0xfecc0c13) x24 0x0000000080005ff4
core   0: 0x0000000080004010 (0x000c00e7) jalr    s8
core   0: 3 0x0000000080004010 (0x000c00e7) x1  0x0000000080004014
core   0: >>>>  any_handler
core   0: 0x0000000080005ff4 (0x341027f3) csrrs   a5, mepc, zero
core   0: 3 0x0000000080005ff4 (0x341027f3) x15 0x0000000080005c26
core   0: 0x0000000080005ff8 (0x34202773) csrrs   a4, mcause, zero
core   0: 3 0x0000000080005ff8 (0x34202773) x14 0x0000000000000002
core   0: 0x0000000080005ffc (0x142026f3) csrrs   a3, scause, zero
core   0: 3 0x0000000080005ffc (0x142026f3) x13 0xffffffff9e895d9c
core   0: 0x0000000080006000 (0x30402673) csrrs   a2, mie, zero
core   0: 3 0x0000000080006000 (0x30402673) x12 0x0000000000000a00
core   0: 0x0000000080006004 (0x344025f3) csrrs   a1, mip, zero
core   0: 3 0x0000000080006004 (0x344025f3) x11 0x0000000000000080
core   0: 0x0000000080006008 (0x343025f3) csrrs   a1, mtval, zero
core   0: 3 0x0000000080006008 (0x343025f3) x11 0x00000000f11b1cf3
core   0: 0x000000008000600c (0x14302573) csrrs   a0, stval, zero
core   0: 3 0x000000008000600c (0x14302573) x10 0xffffffff9e895d90
core   0: 0x0000000080006010 (0xb02024f3) csrrs   s1, minstret, zero
core   0: 3 0x0000000080006010 (0xb02024f3) x9  0x0000000000001182
core   0: 0x0000000080006014 (0x0000a811) c.j     pc + 20
core   0: 3 0x0000000080006014 (0xa811)
core   0: >>>>  mepc_4
core   0: 0x0000000080006028 (0x00000791) c.addi  a5, 4
core   0: 3 0x0000000080006028 (0x0791) x15 0x0000000080005c2a
core   0: 0x000000008000602a (0x34179073) csrrw   zero, mepc, a5
core   0: 3 0x000000008000602a (0x34179073) c833_mepc 0x0000000080005c2a
core   0: 0x000000008000602e (0x30200073) mret
core   0: 3 0x000000008000602e (0x30200073) c768_mstatus 0x8000000a00106080
core   0: 0x0000000080005c2a (0x01fe111b) slliw   sp, t3, 31
core   0: 1 0x0000000080005c2a (0x01fe111b) x2  0x0000000000000000
core   0: 0x0000000080005c2e (0xd2008fd3) fcvt.d.w ft11, ra
core   0: 1 0x0000000080005c2e (0xd2008fd3) f31 0xc1dfffeffb000000
core   0: 0x0000000080005c32 (0x0046d3bb) srlw    t2, a3, tp
core   0: 1 0x0000000080005c32 (0x0046d3bb) x7  0x0000000000000001
core   0: 0x0000000080005c36 (0x4065083b) subw    a6, a0, t1
core   0: 1 0x0000000080005c36 (0x4065083b) x16 0x000000007c6631aa
core   0: 0x0000000080005c3a (0xc238f653) fcvt.lu.d a2, fa7
core   0: 1 0x0000000080005c3a (0xc238f653) x12 0x0000000000000000
core   0: 0x0000000080005c3e (0x00000001) c.nop
core   0: 1 0x0000000080005c3e (0x0001)
core   0: 0x0000000080005c40 (0x024c7c3b) remuw   s8, s8, tp
core   0: 1 0x0000000080005c40 (0x024c7c3b) x24 0x0000000000005ff5
core   0: 0x0000000080005c44 (0x00189573) csrrw   a0, fflags, a7
core   0: 1 0x0000000080005c44 (0x00189573) x10 0x0000000000000001 c1_fflags 0x0000000000000000
core   0: 0x0000000080005c48 (0x01f0501b) srliw   zero, zero, 31
core   0: 1 0x0000000080005c48 (0x01f0501b)
core   0: 0x0000000080005c4c (0x00000001) c.nop
core   0: 1 0x0000000080005c4c (0x0001)
core   0: 0x0000000080005c4e (0x0086d1b3) srl     gp, a3, s0
core   0: 1 0x0000000080005c4e (0x0086d1b3) x3  0xffffffff9e895d9c
core   0: 0x0000000080005c52 (0x00868c3b) addw    s8, a3, s0
core   0: 1 0x0000000080005c52 (0x00868c3b) x24 0xffffffff9e895d9c
core   0: 0x0000000080005c56 (0x001c5113) srli    sp, s8, 1
core   0: 1 0x0000000080005c56 (0x001c5113) x2  0x7fffffffcf44aece
core   0: 0x0000000080005c5a (0x41c2d293) srai    t0, t0, 28
core   0: 1 0x0000000080005c5a (0x41c2d293) x5  0x0000000000000000
core   0: 0x0000000080005c5e (0xfffe7e13) andi    t3, t3, -1
core   0: 1 0x0000000080005c5e (0xfffe7e13) x28 0x0000000000000000
core   0: 0x0000000080005c62 (0x0074989b) slliw   a7, s1, 7
core   0: 1 0x0000000080005c62 (0x0074989b) x17 0x000000000008c100
core   0: 0x0000000080005c66 (0x2b1f83d3) fmin.d  ft7, ft11, fa7
core   0: 1 0x0000000080005c66 (0x2b1f83d3) f7  0xc1dfffeffb000000
core   0: 0x0000000080005c6a (0xc22ff253) fcvt.l.d tp, ft11
core   0: 1 0x0000000080005c6a (0xc22ff253) x4  0xffffffff80004014
core   0: 0x0000000080005c6e (0x41e35113) srai    sp, t1, 30
core   0: 1 0x0000000080005c6e (0x41e35113) x2  0x0000000000000000
core   0: 0x0000000080005c72 (0xd20981d3) fcvt.d.w ft3, s3
core   0: 1 0x0000000080005c72 (0xd20981d3) f3  0x419e160d60000000
core   0: 0x0000000080005c76 (0x8357facf) fnmadd.d fs5, fa5, fs5, fa6
core   0: 1 0x0000000080005c76 (0x8357facf) f21 0x7ff8000000000000
core   0: 0x0000000080005c7a (0xb621aab7) lui     s5, 0xb621a
core   0: 1 0x0000000080005c7a (0xb621aab7) x21 0xffffffffb621a000
core   0: 0x0000000080005c7e (0x7bad7ecf) fnmadd.d ft9, fs10, fs10, fa5
core   0: 1 0x0000000080005c7e (0x7bad7ecf) c1_fflags 0x0000000000000001 f29 0xc3bb8ec9cdf0d48d
core   0: 0x0000000080005c82 (0x0339d23b) divuw   tp, s3, s3
core   0: 1 0x0000000080005c82 (0x0339d23b) x4  0x0000000000000001
core   0: 0x0000000080005c86 (0x41fa539b) sraiw   t2, s4, 31
core   0: 1 0x0000000080005c86 (0x41fa539b) x7  0x0000000000000000
core   0: 0x0000000080005c8a (0x0013c313) xori    t1, t2, 1
core   0: 1 0x0000000080005c8a (0x0013c313) x6  0x0000000000000001
core   0: 0x0000000080005c8e (0xc21d72d3) fcvt.wu.d t0, fs10
core   0: 1 0x0000000080005c8e (0xc21d72d3) x5  0x0000000053fe274d
core   0: 0x0000000080005c92 (0x0a1af353) fsub.d  ft6, fs5, ft1
core   0: 1 0x0000000080005c92 (0x0a1af353) f6  0x7ff8000000000000
core   0: 0x0000000080005c96 (0x037dad33) mulhsu  s10, s11, s7
core   0: 1 0x0000000080005c96 (0x037dad33) x26 0x0000000000000000
core   0: 0x0000000080005c9a (0x226324d3) fsgnjx.d fs1, ft6, ft6
core   0: 1 0x0000000080005c9a (0x226324d3) f9  0x7ff8000000000000
core   0: 0x0000000080005c9e (0x0070f3b3) and     t2, ra, t2
core   0: 1 0x0000000080005c9e (0x0070f3b3) x7  0x0000000000000000
core   0: 0x0000000080005ca2 (0x00008b62) c.mv    s6, s8
core   0: 1 0x0000000080005ca2 (0x8b62) x22 0xffffffff9e895d9c
core   0: 0x0000000080005ca4 (0xc02af953) fcvt.l.s s2, fs5
core   0: 1 0x0000000080005ca4 (0xc02af953) c1_fflags 0x0000000000000011 x18 0x7fffffffffffffff
core   0: 0x0000000080005ca8 (0x00542433) slt     s0, s0, t0
core   0: 1 0x0000000080005ca8 (0x00542433) x8  0x0000000000000000
core   0: 0x0000000080005cac (0x012cfcb3) and     s9, s9, s2
core   0: 1 0x0000000080005cac (0x012cfcb3) x25 0x0000000000000000
core   0: 0x0000000080005cb0 (0x829ea717) auipc   a4, 0x829ea
core   0: 1 0x0000000080005cb0 (0x829ea717) x14 0x00000000029efcb0
core   0: 0x0000000080005cb4 (0x4139dc33) sra     s8, s3, s3
core   0: 1 0x0000000080005cb4 (0x4139dc33) x24 0xffffffffffffc907
core   0: 0x0000000080005cb8 (0x00006413) ori     s0, zero, 0
core   0: 1 0x0000000080005cb8 (0x00006413) x8  0x0000000000000000
core   0: 0x0000000080005cbc (0xdc9e67b7) lui     a5, 0xdc9e6
core   0: 1 0x0000000080005cbc (0xdc9e67b7) x15 0xffffffffdc9e6000
core   0: 0x0000000080005cc0 (0x2a59784b) fnmsub.d fa6, fs2, ft5, ft5
core   0: 1 0x0000000080005cc0 (0x2a59784b) f16 0x7ff8000000000000
core   0: 0x0000000080005cc4 (0x415d02bb) subw    t0, s10, s5
core   0: 1 0x0000000080005cc4 (0x415d02bb) x5  0x0000000049de6000
core   0: 0x0000000080005cc8 (0x005cccb3) xor     s9, s9, t0
core   0: 1 0x0000000080005cc8 (0x005cccb3) x25 0x0000000049de6000
core   0: 0x0000000080005ccc (0x41cd0dbb) subw    s11, s10, t3
core   0: 1 0x0000000080005ccc (0x41cd0dbb) x27 0x0000000000000000
core   0: 0x0000000080005cd0 (0x3c2a6397) auipc   t2, 0x3c2a6
core   0: 1 0x0000000080005cd0 (0x3c2a6397) x7  0x00000000bc2abcd0
core   0: 0x0000000080005cd4 (0x027de0bb) remw    ra, s11, t2
core   0: 1 0x0000000080005cd4 (0x027de0bb) x1  0x0000000000000000
core   0: 0x0000000080005cd8 (0xc20877d3) fcvt.w.d a5, fa6
core   0: 1 0x0000000080005cd8 (0xc20877d3) c1_fflags 0x0000000000000011 x15 0x000000007fffffff
core   0: 0x0000000080005cdc (0xd23afc53) fcvt.d.lu fs8, s5
core   0: 1 0x0000000080005cdc (0xd23afc53) f24 0x43effffffff6c434
core   0: 0x0000000080005ce0 (0x401ef353) fcvt.s.d ft6, ft9
core   0: 1 0x0000000080005ce0 (0x401ef353) c1_fflags 0x0000000000000011 f6  0xffffffffdddc764e
core   0: 0x0000000080005ce4 (0xe20301d3) fmv.x.d gp, ft6
core   0: 1 0x0000000080005ce4 (0xe20301d3) x3  0xffffffffdddc764e
core   0: 0x0000000080005ce8 (0x2b291953) fmax.d  fs2, fs2, fs2
core   0: 1 0x0000000080005ce8 (0x2b291953) f18 0x7ff8000000000000
core   0: 0x0000000080005cec (0x00139b73) csrrw   s6, fflags, t2
core   0: 1 0x0000000080005cec (0x00139b73) x22 0x0000000000000011 c1_fflags 0x0000000000000010
core   0: 0x0000000080005cf0 (0x0168a9b3) slt     s3, a7, s6
core   0: 1 0x0000000080005cf0 (0x0168a9b3) x19 0x0000000000000000
core   0: 0x0000000080005cf4 (0x00000001) c.nop
core   0: 1 0x0000000080005cf4 (0x0001)
core   0: 0x0000000080005cf6 (0x018c93b3) sll     t2, s9, s8
core   0: 1 0x0000000080005cf6 (0x018c93b3) x7  0x00000024ef300000
core   0: 0x0000000080005cfa (0x003c7cb3) and     s9, s8, gp
core   0: 1 0x0000000080005cfa (0x003c7cb3) x25 0xffffffffdddc4006
core   0: 0x0000000080005cfe (0x4090003b) subw    zero, zero, s1
core   0: 1 0x0000000080005cfe (0x4090003b)
core   0: 0x0000000080005d02 (0xc2297253) fcvt.l.d tp, fs2
core   0: 1 0x0000000080005d02 (0xc2297253) c1_fflags 0x0000000000000010 x4  0x7fffffffffffffff
core   0: 0x0000000080005d06 (0x41955d3b) sraw    s10, a0, s9
core   0: 1 0x0000000080005d06 (0x41955d3b) x26 0x0000000000000000
core   0: 0x0000000080005d0a (0x33237bcb) fnmsub.d fs7, ft6, fs2, ft6
core   0: 1 0x0000000080005d0a (0x33237bcb) f23 0x7ff8000000000000
core   0: 0x0000000080005d0e (0x4004d53b) sraw    a0, s1, zero
core   0: 1 0x0000000080005d0e (0x4004d53b) x10 0x0000000000001182
core   0: 0x0000000080005d12 (0xd2048b53) fcvt.d.w fs6, s1
core   0: 1 0x0000000080005d12 (0xd2048b53) f22 0x40b1820000000000
core   0: 0x0000000080005d16 (0x0078581b) srliw   a6, a6, 7
core   0: 1 0x0000000080005d16 (0x0078581b) x16 0x0000000000f8cc63
core   0: 0x0000000080005d1a (0xd20d0d53) fcvt.d.w fs10, s10
core   0: 1 0x0000000080005d1a (0xd20d0d53) f26 0x0000000000000000
core   0: 0x0000000080005d1e (0x010996bb) sllw    a3, s3, a6
core   0: 1 0x0000000080005d1e (0x010996bb) x13 0x0000000000000000
core   0: 0x0000000080005d22 (0x41795db3) sra     s11, s2, s7
core   0: 1 0x0000000080005d22 (0x41795db3) x27 0x7fffffffffffffff
core   0: 0x0000000080005d26 (0x001ddd3b) srlw    s10, s11, ra
core   0: 1 0x0000000080005d26 (0x001ddd3b) x26 0xffffffffffffffff
core   0: 0x0000000080005d2a (0x00066793) ori     a5, a2, 0
core   0: 1 0x0000000080005d2a (0x00066793) x15 0x0000000000000000
core   0: 0x0000000080005d2e (0xf2050053) fmv.d.x ft0, a0
core   0: 1 0x0000000080005d2e (0xf2050053) f0  0x0000000000001182
core   0: 0x0000000080005d32 (0x0ff0000f) fence   iorw,iorw
core   0: 1 0x0000000080005d32 (0x0ff0000f)
core   0: 0x0000000080005d36 (0x40a4e593) ori     a1, s1, 1034
core   0: 1 0x0000000080005d36 (0x40a4e593) x11 0x000000000000158a
core   0: 0x0000000080005d3a (0xf1157573) csrrci  a0, mvendorid, 10
core   0: exception trap_illegal_instruction, epc 0x0000000080005d3a
core   0:           tval 0x00000000f1157573
core   0: >>>>  $xrv64i2p1_m2p0_a2p1_f2p2_d2p2_zicsr2p0_zifencei2p0_zmmul1p0_zba1p0_zbb1p0_zbc1p0_zbs1p0
core   0: 0x0000000080004000 (0x0080006f) j       pc + 0x8
core   0: 3 0x0000000080004000 (0x0080006f)
core   0: >>>>  mmode_exception_handler
core   0: 0x0000000080004008 (0x00002c17) auipc   s8, 0x2
core   0: 3 0x0000000080004008 (0x00002c17) x24 0x0000000080006008
core   0: 0x000000008000400c (0xfecc0c13) addi    s8, s8, -20
core   0: 3 0x000000008000400c (0xfecc0c13) x24 0x0000000080005ff4
core   0: 0x0000000080004010 (0x000c00e7) jalr    s8
core   0: 3 0x0000000080004010 (0x000c00e7) x1  0x0000000080004014
core   0: >>>>  any_handler
core   0: 0x0000000080005ff4 (0x341027f3) csrrs   a5, mepc, zero
core   0: 3 0x0000000080005ff4 (0x341027f3) x15 0x0000000080005d3a
core   0: 0x0000000080005ff8 (0x34202773) csrrs   a4, mcause, zero
core   0: 3 0x0000000080005ff8 (0x34202773) x14 0x0000000000000002
core   0: 0x0000000080005ffc (0x142026f3) csrrs   a3, scause, zero
core   0: 3 0x0000000080005ffc (0x142026f3) x13 0xffffffff9e895d9c
core   0: 0x0000000080006000 (0x30402673) csrrs   a2, mie, zero
core   0: 3 0x0000000080006000 (0x30402673) x12 0x0000000000000a00
core   0: 0x0000000080006004 (0x344025f3) csrrs   a1, mip, zero
core   0: 3 0x0000000080006004 (0x344025f3) x11 0x0000000000000080
core   0: 0x0000000080006008 (0x343025f3) csrrs   a1, mtval, zero
core   0: 3 0x0000000080006008 (0x343025f3) x11 0x00000000f1157573
core   0: 0x000000008000600c (0x14302573) csrrs   a0, stval, zero
core   0: 3 0x000000008000600c (0x14302573) x10 0xffffffff9e895d90
core   0: 0x0000000080006010 (0xb02024f3) csrrs   s1, minstret, zero
core   0: 3 0x0000000080006010 (0xb02024f3) x9  0x00000000000011d8
core   0: 0x0000000080006014 (0x0000a811) c.j     pc + 20
core   0: 3 0x0000000080006014 (0xa811)
core   0: >>>>  mepc_4
core   0: 0x0000000080006028 (0x00000791) c.addi  a5, 4
core   0: 3 0x0000000080006028 (0x0791) x15 0x0000000080005d3e
core   0: 0x000000008000602a (0x34179073) csrrw   zero, mepc, a5
core   0: 3 0x000000008000602a (0x34179073) c833_mepc 0x0000000080005d3e
core   0: 0x000000008000602e (0x30200073) mret
core   0: 3 0x000000008000602e (0x30200073) c768_mstatus 0x8000000a00106080
core   0: 0x0000000080005d3e (0x001022f3) csrrs   t0, fflags, zero
core   0: 1 0x0000000080005d3e (0x001022f3) x5  0x0000000000000010
core   0: 0x0000000080005d42 (0x009c0833) add     a6, s8, s1
core   0: 1 0x0000000080005d42 (0x009c0833) x16 0x00000000800071cc
core   0: 0x0000000080005d46 (0x40d6da3b) sraw    s4, a3, a3
core   0: 1 0x0000000080005d46 (0x40d6da3b) x20 0xfffffffffffffff9
core   0: 0x0000000080005d4a (0xf34e1437) lui     s0, 0xf34e1
core   0: 1 0x0000000080005d4a (0xf34e1437) x8  0xfffffffff34e1000
core   0: 0x0000000080005d4e (0x41345b33) sra     s6, s0, s3
core   0: 1 0x0000000080005d4e (0x41345b33) x22 0xfffffffff34e1000
core   0: 0x0000000080005d52 (0x409401b3) sub     gp, s0, s1
core   0: 1 0x0000000080005d52 (0x409401b3) x3  0xfffffffff34dfe28
core   0: 0x0000000080005d56 (0x400d5d1b) sraiw   s10, s10, 0
core   0: 1 0x0000000080005d56 (0x400d5d1b) x26 0xffffffffffffffff
core   0: 0x0000000080005d5a (0x5a09f6d3) fsqrt.d fa3, fs3
core   0: 1 0x0000000080005d5a (0x5a09f6d3) f13 0x7ff8000000000000
core   0: 0x0000000080005d5e (0x8002029b) addiw   t0, tp, -2048
core   0: 1 0x0000000080005d5e (0x8002029b) x5  0xfffffffffffff7ff
core   0: 0x0000000080005d62 (0x43e2da93) srai    s5, t0, 62
core   0: 1 0x0000000080005d62 (0x43e2da93) x21 0xffffffffffffffff
core   0: 0x0000000080005d66 (0x1231f1d3) fmul.d  ft3, ft3, ft3
core   0: 1 0x0000000080005d66 (0x1231f1d3) f3  0x434c496846699720
core   0: 0x0000000080005d6a (0x2a3892d3) fmax.d  ft5, fa7, ft3
core   0: 1 0x0000000080005d6a (0x2a3892d3) f5  0x434c496846699720
core   0: 0x0000000080005d6e (0x00000001) c.nop
core   0: 1 0x0000000080005d6e (0x0001)
core   0: 0x0000000080005d70 (0x225b1cd3) fsgnjn.d fs9, fs6, ft5
core   0: 1 0x0000000080005d70 (0x225b1cd3) f25 0xc0b1820000000000
core   0: 0x0000000080005d74 (0x00109b73) csrrw   s6, fflags, ra
core   0: 1 0x0000000080005d74 (0x00109b73) x22 0x0000000000000010 c1_fflags 0x0000000000000014
core   0: 0x0000000080005d78 (0x0365823b) mulw    tp, a1, s6
core   0: 1 0x0000000080005d78 (0x0365823b) x4  0x0000000011575730
core   0: 0x0000000080005d7c (0x41d00033) sub     zero, zero, t4
core   0: 1 0x0000000080005d7c (0x41d00033)
core   0: 0x0000000080005d80 (0x1442aaf3) csrrs   s5, sip, t0
core   0: 1 0x0000000080005d80 (0x1442aaf3) x21 0x0000000000000000 c836_mip 0x0000000000000080
core   0: 0x0000000080005d84 (0x03da8e3b) mulw    t3, s5, t4
core   0: 1 0x0000000080005d84 (0x03da8e3b) x28 0x0000000000000000
core   0: 0x0000000080005d88 (0x4005551b) sraiw   a0, a0, 0
core   0: 1 0x0000000080005d88 (0x4005551b) x10 0xffffffff9e895d90
core   0: 0x0000000080005d8c (0x00202673) csrrs   a2, frm, zero
core   0: 1 0x0000000080005d8c (0x00202673) x12 0x0000000000000001
core   0: 0x0000000080005d90 (0x03951cb3) mulh    s9, a0, s9
core   0: 1 0x0000000080005d90 (0x03951cb3) x25 0x0000000000000000
core   0: 0x0000000080005d94 (0xc0227ed3) fcvt.l.s t4, ft4
core   0: 1 0x0000000080005d94 (0xc0227ed3) c1_fflags 0x0000000000000014 x29 0x7fffffffffffffff
core   0: 0x0000000080005d98 (0xc021f8d3) fcvt.l.s a7, ft3
core   0: 1 0x0000000080005d98 (0xc021f8d3) c1_fflags 0x0000000000000014 x17 0x7fffffffffffffff
core   0: 0x0000000080005d9c (0x0a5676d3) fsub.d  fa3, fa2, ft5
core   0: 1 0x0000000080005d9c (0x0a5676d3) f13 0xc34c496846699720
core   0: 0x0000000080005da0 (0x011c54bb) srlw    s1, s8, a7
core   0: 1 0x0000000080005da0 (0x011c54bb) x9  0x0000000000000001
core   0: 0x0000000080005da4 (0x00000001) c.nop
core   0: 1 0x0000000080005da4 (0x0001)
core   0: 0x0000000080005da6 (0x0004f093) andi    ra, s1, 0
core   0: 1 0x0000000080005da6 (0x0004f093) x1  0x0000000000000000
core   0: 0x0000000080005daa (0x000c5b93) srli    s7, s8, 0
core   0: 1 0x0000000080005daa (0x000c5b93) x23 0x0000000080005ff4
core   0: 0x0000000080005dae (0xf4a17317) auipc   t1, 0xf4a17
core   0: 1 0x0000000080005dae (0xf4a17317) x6  0x0000000074a1cdae
core   0: 0x0000000080005db2 (0xa2b505d3) fle.d   a1, fa0, fa1
core   0: 1 0x0000000080005db2 (0xa2b505d3) c1_fflags 0x0000000000000014 x11 0x0000000000000000
core   0: 0x0000000080005db6 (0x4012f253) fcvt.s.d ft4, ft5
core   0: 1 0x0000000080005db6 (0x4012f253) c1_fflags 0x0000000000000015 f4  0xffffffff5a624b42
core   0: 0x0000000080005dba (0x035b7d53) fadd.d  fs10, fs6, fs5
core   0: 1 0x0000000080005dba (0x035b7d53) f26 0x7ff8000000000000
core   0: 0x0000000080005dbe (0x01ab88bb) addw    a7, s7, s10
core   0: 1 0x0000000080005dbe (0x01ab88bb) x17 0xffffffff80005ff3
core   0: 0x0000000080005dc2 (0xc20d7ad3) fcvt.w.d s5, fs10
core   0: 1 0x0000000080005dc2 (0xc20d7ad3) c1_fflags 0x0000000000000015 x21 0x000000007fffffff
core   0: 0x0000000080005dc6 (0xdebd4b13) xori    s6, s10, -533
core   0: 1 0x0000000080005dc6 (0xdebd4b13) x22 0x0000000000000214
core   0: 0x0000000080005dca (0x011d74b3) and     s1, s10, a7
core   0: 1 0x0000000080005dca (0x011d74b3) x9  0xffffffff80005ff3
core   0: 0x0000000080005dce (0x106ff073) csrrci  zero, scounteren, 31
core   0: 1 0x0000000080005dce (0x106ff073) c262_scounteren 0x0000000000000000
core   0: 0x0000000080005dd2 (0x7c36e693) ori     a3, a3, 1987
core   0: 1 0x0000000080005dd2 (0x7c36e693) x13 0xffffffff9e895fdf
core   0: 0x0000000080005dd6 (0x8006e793) ori     a5, a3, -2048
core   0: 1 0x0000000080005dd6 (0x8006e793) x15 0xffffffffffffffdf
core   0: 0x0000000080005dda (0x36aec813) xori    a6, t4, 874
core   0: 1 0x0000000080005dda (0x36aec813) x16 0x7ffffffffffffc95
core   0: 0x0000000080005dde (0x403ed233) sra     tp, t4, gp
core   0: 1 0x0000000080005dde (0x403ed233) x4  0x00000000007fffff
core   0: 0x0000000080005de2 (0x800a6b13) ori     s6, s4, -2048
core   0: 1 0x0000000080005de2 (0x800a6b13) x22 0xfffffffffffffff9
core   0: 0x0000000080005de6 (0xc2017cd3) fcvt.w.d s9, ft2
core   0: 1 0x0000000080005de6 (0xc2017cd3) x25 0x0000000000000001
core   0: 0x0000000080005dea (0x40035313) srai    t1, t1, 0
core   0: 1 0x0000000080005dea (0x40035313) x6  0x0000000074a1cdae
core   0: 0x0000000080005dee (0x410306b3) sub     a3, t1, a6
core   0: 1 0x0000000080005dee (0x410306b3) x13 0x8000000074a1d119
core   0: 0x0000000080005df2 (0x0a6a79d3) fsub.d  fs3, fs4, ft6
core   0: 1 0x0000000080005df2 (0x0a6a79d3) f19 0x7ff8000000000000
core   0: 0x0000000080005df6 (0x42088ed3) fcvt.d.s ft9, fa7
core   0: 1 0x0000000080005df6 (0x42088ed3) f29 0x7ff8000000000000
core   0: 0x0000000080005dfa (0x03092ab3) mulhsu  s5, s2, a6
core   0: 1 0x0000000080005dfa (0x03092ab3) x21 0x3ffffffffffffe4a
core   0: 0x0000000080005dfe (0x00382cb3) slt     s9, a6, gp
core   0: 1 0x0000000080005dfe (0x00382cb3) x25 0x0000000000000000
core   0: 0x0000000080005e02 (0x02d3dbbb) divuw   s7, t2, a3
core   0: 1 0x0000000080005e02 (0x02d3dbbb) x23 0x0000000000000002
core   0: 0x0000000080005e06 (0x415ad033) sra     zero, s5, s5
core   0: 1 0x0000000080005e06 (0x415ad033)
core   0: 0x0000000080005e0a (0x2ba60653) fmin.d  fa2, fa2, fs10
core   0: 1 0x0000000080005e0a (0x2ba60653) f12 0x0000000000000000
core   0: 0x0000000080005e0e (0xf20a88d3) fmv.d.x fa7, s5
core   0: 1 0x0000000080005e0e (0xf20a88d3) f17 0x3ffffffffffffe4a
core   0: 0x0000000080005e12 (0x8b187243) fmadd.d ft4, fa6, fa7, fa7
core   0: 1 0x0000000080005e12 (0x8b187243) f4  0x7ff8000000000000
core   0: 0x0000000080005e16 (0x65207693) andi    a3, zero, 1618
core   0: 1 0x0000000080005e16 (0x65207693) x13 0x0000000000000000
core   0: 0x0000000080005e1a (0xfff5081b) addiw   a6, a0, -1
core   0: 1 0x0000000080005e1a (0xfff5081b) x16 0xffffffff9e895d8f
core   0: 0x0000000080005e1e (0x2a1f00d3) fmin.d  ft1, ft10, ft1
core   0: 1 0x0000000080005e1e (0x2a1f00d3) f1  0x3ff0000000000000
core   0: 0x0000000080005e22 (0x002697f3) csrrw   a5, frm, a3
core   0: 1 0x0000000080005e22 (0x002697f3) x15 0x0000000000000001 c2_frm 0x0000000000000000
core   0: 0x0000000080005e26 (0xa3290ed3) fle.d   t4, fs2, fs2
core   0: 1 0x0000000080005e26 (0xa3290ed3) c1_fflags 0x0000000000000015 x29 0x0000000000000000
core   0: 0x0000000080005e2a (0xd84e8c97) auipc   s9, 0xd84e8
core   0: 1 0x0000000080005e2a (0xd84e8c97) x25 0x00000000584ede2a
core   0: 0x0000000080005e2e (0x227523d3) fsgnjx.d ft7, fa0, ft7
core   0: 1 0x0000000080005e2e (0x227523d3) f7  0xffffffffffffffff
core   0: 0x0000000080005e32 (0xd23cf8d3) fcvt.d.lu fa7, s9
core   0: 1 0x0000000080005e32 (0xd23cf8d3) f17 0x41d613b78a800000
core   0: 0x0000000080005e36 (0x8a9d7a4b) fnmsub.d fs4, fs10, fs1, fa7
core   0: 1 0x0000000080005e36 (0x8a9d7a4b) f20 0x7ff8000000000000
core   0: 0x0000000080005e3a (0x005902bb) addw    t0, s2, t0
core   0: 1 0x0000000080005e3a (0x005902bb) x5  0xfffffffffffff7fe
core   0: 0x0000000080005e3e (0x0017fb13) andi    s6, a5, 1
core   0: 1 0x0000000080005e3e (0x0017fb13) x22 0x0000000000000001
core   0: 0x0000000080005e42 (0x40177753) fcvt.s.d fa4, fa4
core   0: 1 0x0000000080005e42 (0x40177753) f14 0xffffffff7fc00000
core   0: 0x0000000080005e46 (0xd0217c53) fcvt.s.l fs8, sp
core   0: 1 0x0000000080005e46 (0xd0217c53) f24 0xffffffff00000000
core   0: 0x0000000080005e4a (0x23fd1d53) fsgnjn.d fs10, fs10, ft11
core   0: 1 0x0000000080005e4a (0x23fd1d53) f26 0x7ff8000000000000
core   0: 0x0000000080005e4e (0x00231dbb) sllw    s11, t1, sp
core   0: 1 0x0000000080005e4e (0x00231dbb) x27 0x0000000074a1cdae
core   0: 0x0000000080005e52 (0x000eca93) xori    s5, t4, 0
core   0: 1 0x0000000080005e52 (0x000eca93) x21 0x0000000000000000
core   0: 0x0000000080005e56 (0x2ab080d3) fmin.d  ft1, ft1, fa1
core   0: 1 0x0000000080005e56 (0x2ab080d3) f1  0x3ff0000000000000
core   0: 0x0000000080005e5a (0x004a9e3b) sllw    t3, s5, tp
core   0: 1 0x0000000080005e5a (0x004a9e3b) x28 0x0000000000000000
core   0: 0x0000000080005e5e (0xe2008753) fmv.x.d a4, ft1
core   0: 1 0x0000000080005e5e (0xe2008753) x14 0x3ff0000000000000
core   0: 0x0000000080005e62 (0x0b01f8d3) fsub.d  fa7, ft3, fa6
core   0: 1 0x0000000080005e62 (0x0b01f8d3) f17 0x7ff8000000000000
core   0: 0x0000000080005e66 (0xa48a4013) xori    zero, s4, -1464
core   0: 1 0x0000000080005e66 (0xa48a4013)
core   0: 0x0000000080005e6a (0x000013b3) sll     t2, zero, zero
core   0: 1 0x0000000080005e6a (0x000013b3) x7  0x0000000000000000
core   0: 0x0000000080005e6e (0x85107493) andi    s1, zero, -1967
core   0: 1 0x0000000080005e6e (0x85107493) x9  0x0000000000000000
core   0: 0x0000000080005e72 (0x0b1c75d3) fsub.d  fa1, fs8, fa7
core   0: 1 0x0000000080005e72 (0x0b1c75d3) f11 0x7ff8000000000000
core   0: 0x0000000080005e76 (0xe2058153) fmv.x.d sp, fa1
core   0: 1 0x0000000080005e76 (0xe2058153) x2  0x7ff8000000000000
core   0: 0x0000000080005e7a (0xc228f0d3) fcvt.l.d ra, fa7
core   0: 1 0x0000000080005e7a (0xc228f0d3) c1_fflags 0x0000000000000015 x1  0x7fffffffffffffff
core   0: 0x0000000080005e7e (0x01816533) or      a0, sp, s8
core   0: 1 0x0000000080005e7e (0x01816533) x10 0x7ff8000080005ff4
core   0: 0x0000000080005e82 (0xc02a7153) fcvt.l.s sp, fs4
core   0: 1 0x0000000080005e82 (0xc02a7153) c1_fflags 0x0000000000000015 x2  0x7fffffffffffffff
core   0: 0x0000000080005e86 (0x02aa4c33) div     s8, s4, a0
core   0: 1 0x0000000080005e86 (0x02aa4c33) x24 0x0000000000000000
core   0: 0x0000000080005e8a (0x03bc0db3) mul     s11, s8, s11
core   0: 1 0x0000000080005e8a (0x03bc0db3) x27 0x0000000000000000
core   0: 0x0000000080005e8e (0x62067bc7) fmsub.d fs7, fa2, ft0, fa2
core   0: 1 0x0000000080005e8e (0x62067bc7) f23 0x0000000000000000
core   0: 0x0000000080005e92 (0xe20a0153) fmv.x.d sp, fs4
core   0: 1 0x0000000080005e92 (0xe20a0153) x2  0x7ff8000000000000
core   0: 0x0000000080005e96 (0x41f15c9b) sraiw   s9, sp, 31
core   0: 1 0x0000000080005e96 (0x41f15c9b) x25 0x0000000000000000
core   0: 0x0000000080005e9a (0xc207f7d3) fcvt.w.d a5, fa5
core   0: 1 0x0000000080005e9a (0xc207f7d3) x15 0x0000000000000000
core   0: 0x0000000080005e9e (0x234a24d3) fsgnjx.d fs1, fs4, fs4
core   0: 1 0x0000000080005e9e (0x234a24d3) f9  0x7ff8000000000000
core   0: 0x0000000080005ea2 (0x001e0d1b) addiw   s10, t3, 1
core   0: 1 0x0000000080005ea2 (0x001e0d1b) x26 0x0000000000000001
core   0: 0x0000000080005ea6 (0x031888b3) mul     a7, a7, a7
core   0: 1 0x0000000080005ea6 (0x031888b3) x17 0x3fffa00d23f640a9
core   0: 0x0000000080005eaa (0xeeeb96b7) lui     a3, 0xeeeb9
core   0: 1 0x0000000080005eaa (0xeeeb96b7) x13 0xffffffffeeeb9000
core   0: 0x0000000080005eae (0xc237fcd3) fcvt.lu.d s9, fa5
core   0: 1 0x0000000080005eae (0xc237fcd3) x25 0x0000000000000000
core   0: 0x0000000080005eb2 (0x77f47113) andi    sp, s0, 1919
core   0: 1 0x0000000080005eb2 (0x77f47113) x2  0x0000000000000000
core   0: 0x0000000080005eb6 (0xe2058e53) fmv.x.d t3, fa1
core   0: 1 0x0000000080005eb6 (0xe2058e53) x28 0x7ff8000000000000
core   0: 0x0000000080005eba (0x41b9873b) subw    a4, s3, s11
core   0: 1 0x0000000080005eba (0x41b9873b) x14 0x0000000000000000
core   0: 0x0000000080005ebe (0xc21bfb53) fcvt.wu.d s6, fs7
core   0: 1 0x0000000080005ebe (0xc21bfb53) x22 0x0000000000000000
core   0: 0x0000000080005ec2 (0xd2070153) fcvt.d.w ft2, a4
core   0: 1 0x0000000080005ec2 (0xd2070153) f2  0x0000000000000000
core   0: 0x0000000080005ec6 (0x408455bb) sraw    a1, s0, s0
core   0: 1 0x0000000080005ec6 (0x408455bb) x11 0xfffffffff34e1000
core   0: 0x0000000080005eca (0xf131fa73) csrrci  s4, mimpid, 3
core   0: exception trap_illegal_instruction, epc 0x0000000080005eca
core   0:           tval 0x00000000f131fa73
core   0: >>>>  $xrv64i2p1_m2p0_a2p1_f2p2_d2p2_zicsr2p0_zifencei2p0_zmmul1p0_zba1p0_zbb1p0_zbc1p0_zbs1p0
core   0: 0x0000000080004000 (0x0080006f) j       pc + 0x8
core   0: 3 0x0000000080004000 (0x0080006f)
core   0: >>>>  mmode_exception_handler
core   0: 0x0000000080004008 (0x00002c17) auipc   s8, 0x2
core   0: 3 0x0000000080004008 (0x00002c17) x24 0x0000000080006008
core   0: 0x000000008000400c (0xfecc0c13) addi    s8, s8, -20
core   0: 3 0x000000008000400c (0xfecc0c13) x24 0x0000000080005ff4
core   0: 0x0000000080004010 (0x000c00e7) jalr    s8
core   0: 3 0x0000000080004010 (0x000c00e7) x1  0x0000000080004014
core   0: >>>>  any_handler
core   0: 0x0000000080005ff4 (0x341027f3) csrrs   a5, mepc, zero
core   0: 3 0x0000000080005ff4 (0x341027f3) x15 0x0000000080005eca
core   0: 0x0000000080005ff8 (0x34202773) csrrs   a4, mcause, zero
core   0: 3 0x0000000080005ff8 (0x34202773) x14 0x0000000000000002
core   0: 0x0000000080005ffc (0x142026f3) csrrs   a3, scause, zero
core   0: 3 0x0000000080005ffc (0x142026f3) x13 0xffffffff9e895d9c
core   0: 0x0000000080006000 (0x30402673) csrrs   a2, mie, zero
core   0: 3 0x0000000080006000 (0x30402673) x12 0x0000000000000a00
core   0: 0x0000000080006004 (0x344025f3) csrrs   a1, mip, zero
core   0: 3 0x0000000080006004 (0x344025f3) x11 0x0000000000000080
core   0: 0x0000000080006008 (0x343025f3) csrrs   a1, mtval, zero
core   0: 3 0x0000000080006008 (0x343025f3) x11 0x00000000f131fa73
core   0: 0x000000008000600c (0x14302573) csrrs   a0, stval, zero
core   0: 3 0x000000008000600c (0x14302573) x10 0xffffffff9e895d90
core   0: 0x0000000080006010 (0xb02024f3) csrrs   s1, minstret, zero
core   0: 3 0x0000000080006010 (0xb02024f3) x9  0x000000000000124c
core   0: 0x0000000080006014 (0x0000a811) c.j     pc + 20
core   0: 3 0x0000000080006014 (0xa811)
core   0: >>>>  mepc_4
core   0: 0x0000000080006028 (0x00000791) c.addi  a5, 4
core   0: 3 0x0000000080006028 (0x0791) x15 0x0000000080005ece
core   0: 0x000000008000602a (0x34179073) csrrw   zero, mepc, a5
core   0: 3 0x000000008000602a (0x34179073) c833_mepc 0x0000000080005ece
core   0: 0x000000008000602e (0x30200073) mret
core   0: 3 0x000000008000602e (0x30200073) c768_mstatus 0x8000000a00106080
core   0: 0x0000000080005ece (0x31025073) csrrwi  zero, mstatush, 4
core   0: exception trap_illegal_instruction, epc 0x0000000080005ece
core   0:           tval 0x0000000031025073
core   0: >>>>  $xrv64i2p1_m2p0_a2p1_f2p2_d2p2_zicsr2p0_zifencei2p0_zmmul1p0_zba1p0_zbb1p0_zbc1p0_zbs1p0
core   0: 0x0000000080004000 (0x0080006f) j       pc + 0x8
core   0: 3 0x0000000080004000 (0x0080006f)
core   0: >>>>  mmode_exception_handler
core   0: 0x0000000080004008 (0x00002c17) auipc   s8, 0x2
core   0: 3 0x0000000080004008 (0x00002c17) x24 0x0000000080006008
core   0: 0x000000008000400c (0xfecc0c13) addi    s8, s8, -20
core   0: 3 0x000000008000400c (0xfecc0c13) x24 0x0000000080005ff4
core   0: 0x0000000080004010 (0x000c00e7) jalr    s8
core   0: 3 0x0000000080004010 (0x000c00e7) x1  0x0000000080004014
core   0: >>>>  any_handler
core   0: 0x0000000080005ff4 (0x341027f3) csrrs   a5, mepc, zero
core   0: 3 0x0000000080005ff4 (0x341027f3) x15 0x0000000080005ece
core   0: 0x0000000080005ff8 (0x34202773) csrrs   a4, mcause, zero
core   0: 3 0x0000000080005ff8 (0x34202773) x14 0x0000000000000002
core   0: 0x0000000080005ffc (0x142026f3) csrrs   a3, scause, zero
core   0: 3 0x0000000080005ffc (0x142026f3) x13 0xffffffff9e895d9c
core   0: 0x0000000080006000 (0x30402673) csrrs   a2, mie, zero
core   0: 3 0x0000000080006000 (0x30402673) x12 0x0000000000000a00
core   0: 0x0000000080006004 (0x344025f3) csrrs   a1, mip, zero
core   0: 3 0x0000000080006004 (0x344025f3) x11 0x0000000000000080
core   0: 0x0000000080006008 (0x343025f3) csrrs   a1, mtval, zero
core   0: 3 0x0000000080006008 (0x343025f3) x11 0x0000000031025073
core   0: 0x000000008000600c (0x14302573) csrrs   a0, stval, zero
core   0: 3 0x000000008000600c (0x14302573) x10 0xffffffff9e895d90
core   0: 0x0000000080006010 (0xb02024f3) csrrs   s1, minstret, zero
core   0: 3 0x0000000080006010 (0xb02024f3) x9  0x000000000000125c
core   0: 0x0000000080006014 (0x0000a811) c.j     pc + 20
core   0: 3 0x0000000080006014 (0xa811)
core   0: >>>>  mepc_4
core   0: 0x0000000080006028 (0x00000791) c.addi  a5, 4
core   0: 3 0x0000000080006028 (0x0791) x15 0x0000000080005ed2
core   0: 0x000000008000602a (0x34179073) csrrw   zero, mepc, a5
core   0: 3 0x000000008000602a (0x34179073) c833_mepc 0x0000000080005ed2
core   0: 0x000000008000602e (0x30200073) mret
core   0: 3 0x000000008000602e (0x30200073) c768_mstatus 0x8000000a00106080
core   0: 0x0000000080005ed2 (0xd20000d3) fcvt.d.w ft1, zero
core   0: 1 0x0000000080005ed2 (0xd20000d3) f1  0x0000000000000000
core   0: 0x0000000080005ed6 (0x23692453) fsgnjx.d fs0, fs2, fs6
core   0: 1 0x0000000080005ed6 (0x23692453) f8  0x7ff8000000000000
core   0: 0x0000000080005eda (0x00ca53bb) srlw    t2, s4, a2
core   0: 1 0x0000000080005eda (0x00ca53bb) x7  0xfffffffffffffff9
core   0: 0x0000000080005ede (0xd22678d3) fcvt.d.l fa7, a2
core   0: 1 0x0000000080005ede (0xd22678d3) f17 0x40a4000000000000
core   0: 0x0000000080005ee2 (0x80054113) xori    sp, a0, -2048
core   0: 1 0x0000000080005ee2 (0x80054113) x2  0x000000006176a590
core   0: 0x0000000080005ee6 (0xeaf49537) lui     a0, 0xeaf49
core   0: 1 0x0000000080005ee6 (0xeaf49537) x10 0xffffffffeaf49000
core   0: 0x0000000080005eea (0x02127c4b) fnmsub.d fs8, ft4, ft1, ft0
core   0: 1 0x0000000080005eea (0x02127c4b) f24 0x7ff8000000000000
core   0: 0x0000000080005eee (0x0335f43b) remuw   s0, a1, s3
core   0: 1 0x0000000080005eee (0x0335f43b) x8  0x0000000031025073
core   0: 0x0000000080005ef2 (0x015eaa33) slt     s4, t4, s5
core   0: 1 0x0000000080005ef2 (0x015eaa33) x20 0x0000000000000000
core   0: 0x0000000080005ef6 (0x41655b33) sra     s6, a0, s6
core   0: 1 0x0000000080005ef6 (0x41655b33) x22 0xffffffffeaf49000
core   0: 0x0000000080005efa (0x02a3073b) mulw    a4, t1, a0
core   0: 1 0x0000000080005efa (0x02a3073b) x14 0x000000001989e000
core   0: 0x0000000080005efe (0xfb88ffcb) fnmsub.d ft11, fa7, fs8, ft11
core   0: 1 0x0000000080005efe (0xfb88ffcb) f31 0x7ff8000000000000
core   0: 0x0000000080005f02 (0x0a04f4cf) fnmadd.d fs1, fs1, ft0, ft1
core   0: 1 0x0000000080005f02 (0x0a04f4cf) f9  0x7ff8000000000000
core   0: 0x0000000080005f06 (0x023575b3) remu    a1, a0, gp
core   0: 1 0x0000000080005f06 (0x023575b3) x11 0xffffffffeaf49000
core   0: 0x0000000080005f0a (0x00b1f433) and     s0, gp, a1
core   0: 1 0x0000000080005f0a (0x00b1f433) x8  0xffffffffe2449000
core   0: 0x0000000080005f0e (0x411cde3b) sraw    t3, s9, a7
core   0: 1 0x0000000080005f0e (0x411cde3b) x28 0x0000000000000000
core   0: 0x0000000080005f12 (0x028d83b3) mul     t2, s11, s0
core   0: 1 0x0000000080005f12 (0x028d83b3) x7  0x0000000000000000
core   0: 0x0000000080005f16 (0x03d39413) slli    s0, t2, 61
core   0: 1 0x0000000080005f16 (0x03d39413) x8  0x0000000000000000
core   0: 0x0000000080005f1a (0x90aa819b) addiw   gp, s5, -1782
core   0: 1 0x0000000080005f1a (0x90aa819b) x3  0xfffffffffffff90a
core   0: 0x0000000080005f1e (0x01a42d33) slt     s10, s0, s10
core   0: 1 0x0000000080005f1e (0x01a42d33) x26 0x0000000000000001
core   0: 0x0000000080005f22 (0x00fd5b3b) srlw    s6, s10, a5
core   0: 1 0x0000000080005f22 (0x00fd5b3b) x22 0x0000000000000000
core   0: 0x0000000080005f26 (0x019cdcbb) srlw    s9, s9, s9
core   0: 1 0x0000000080005f26 (0x019cdcbb) x25 0x0000000000000000
core   0: 0x0000000080005f2a (0xd0207fd3) fcvt.s.l ft11, zero
core   0: 1 0x0000000080005f2a (0xd0207fd3) f31 0xffffffff00000000
core   0: 0x0000000080005f2e (0x01f2d51b) srliw   a0, t0, 31
core   0: 1 0x0000000080005f2e (0x01f2d51b) x10 0x0000000000000001
core   0: 0x0000000080005f32 (0x000c9c9b) slliw   s9, s9, 0
core   0: 1 0x0000000080005f32 (0x000c9c9b) x25 0x0000000000000000
core   0: 0x0000000080005f36 (0xc213f3d3) fcvt.wu.d t2, ft7
core   0: 1 0x0000000080005f36 (0xc213f3d3) c1_fflags 0x0000000000000015 x7  0xffffffffffffffff
core   0: 0x0000000080005f3a (0x03f45313) srli    t1, s0, 63
core   0: 1 0x0000000080005f3a (0x03f45313) x6  0x0000000000000000
core   0: 0x0000000080005f3e (0x407ed9bb) sraw    s3, t4, t2
core   0: 1 0x0000000080005f3e (0x407ed9bb) x19 0x0000000000000000
core   0: 0x0000000080005f42 (0xb8942e37) lui     t3, 0xb8942
core   0: 1 0x0000000080005f42 (0xb8942e37) x28 0xffffffffb8942000
core   0: 0x0000000080005f46 (0x105bfbf3) csrrci  s7, stvec, 23
core   0: 1 0x0000000080005f46 (0x105bfbf3) x23 0x0000000000000000 c261_stvec 0x0000000000000000
core   0: 0x0000000080005f4a (0xd239f2d3) fcvt.d.lu ft5, s3
core   0: 1 0x0000000080005f4a (0xd239f2d3) f5  0x0000000000000000
core   0: 0x0000000080005f4e (0x002b9bf3) csrrw   s7, frm, s7
core   0: 1 0x0000000080005f4e (0x002b9bf3) x23 0x0000000000000000 c2_frm 0x0000000000000000
core   0: 0x0000000080005f52 (0xa2b50cd3) fle.d   s9, fa0, fa1
core   0: 1 0x0000000080005f52 (0xa2b50cd3) c1_fflags 0x0000000000000015 x25 0x0000000000000000
core   0: 0x0000000080005f56 (0x411ed8bb) sraw    a7, t4, a7
core   0: 1 0x0000000080005f56 (0x411ed8bb) x17 0x0000000000000000
core   0: 0x0000000080005f5a (0x0272ffd3) fadd.d  ft11, ft5, ft7
core   0: 1 0x0000000080005f5a (0x0272ffd3) f31 0x7ff8000000000000
core   0: 0x0000000080005f5e (0x1051fdf3) csrrci  s11, stvec, 3
core   0: 1 0x0000000080005f5e (0x1051fdf3) x27 0x0000000000000000 c261_stvec 0x0000000000000000
core   0: 0x0000000080005f62 (0xe2a0be17) auipc   t3, 0xe2a0b
core   0: 1 0x0000000080005f62 (0xe2a0be17) x28 0x0000000062a10f62
core   0: 0x0000000080005f66 (0x0020853b) addw    a0, ra, sp
core   0: 1 0x0000000080005f66 (0x0020853b) x10 0xffffffffe176e5a4
core   0: 0x0000000080005f6a (0x7ff56613) ori     a2, a0, 2047
core   0: 1 0x0000000080005f6a (0x7ff56613) x12 0xffffffffe176e7ff
core   0: 0x0000000080005f6e (0xc232f253) fcvt.lu.d tp, ft5
core   0: 1 0x0000000080005f6e (0xc232f253) x4  0x0000000000000000
core   0: 0x0000000080005f72 (0x03f3f453) fadd.d  fs0, ft7, ft11
core   0: 1 0x0000000080005f72 (0x03f3f453) f8  0x7ff8000000000000
core   0: 0x0000000080005f76 (0x0382eabb) remw    s5, t0, s8
core   0: 1 0x0000000080005f76 (0x0382eabb) x21 0xfffffffffffff7fe
core   0: 0x0000000080005f7a (0x415606b3) sub     a3, a2, s5
core   0: 1 0x0000000080005f7a (0x415606b3) x13 0xffffffffe176f001
core   0: 0x0000000080005f7e (0xc213f7d3) fcvt.wu.d a5, ft7
core   0: 1 0x0000000080005f7e (0xc213f7d3) c1_fflags 0x0000000000000015 x15 0xffffffffffffffff
core   0: 0x0000000080005f82 (0xc23df853) fcvt.lu.d a6, fs11
core   0: 1 0x0000000080005f82 (0xc23df853) c1_fflags 0x0000000000000015 x16 0xffffffffffffffff
core   0: 0x0000000080005f86 (0x40e65e1b) sraiw   t3, a2, 14
core   0: 1 0x0000000080005f86 (0x40e65e1b) x28 0xffffffffffff85db
core   0: 0x0000000080005f8a (0x0103949b) slliw   s1, t2, 16
core   0: 1 0x0000000080005f8a (0x0103949b) x9  0xffffffffffff0000
core   0: 0x0000000080005f8e (0xfff78a1b) addiw   s4, a5, -1
core   0: 1 0x0000000080005f8e (0xfff78a1b) x20 0xfffffffffffffffe
core   0: 0x0000000080005f92 (0x029494b3) mulh    s1, s1, s1
core   0: 1 0x0000000080005f92 (0x029494b3) x9  0x0000000000000000
core   0: 0x0000000080005f96 (0x01ca45b3) xor     a1, s4, t3
core   0: 1 0x0000000080005f96 (0x01ca45b3) x11 0x0000000000007a25
core   0: 0x0000000080005f9a (0x03f79d93) slli    s11, a5, 63
core   0: 1 0x0000000080005f9a (0x03f79d93) x27 0x8000000000000000
core   0: 0x0000000080005f9e (0x5a0875d3) fsqrt.d fa1, fa6
core   0: 1 0x0000000080005f9e (0x5a0875d3) f11 0x7ff8000000000000
core   0: 0x0000000080005fa2 (0x12e3f753) fmul.d  fa4, ft7, fa4
core   0: 1 0x0000000080005fa2 (0x12e3f753) f14 0x7ff8000000000000
core   0: 0x0000000080005fa6 (0x014847b3) xor     a5, a6, s4
core   0: 1 0x0000000080005fa6 (0x014847b3) x15 0x0000000000000001
core   0: 0x0000000080005faa (0xefd36393) ori     t2, t1, -259
core   0: 1 0x0000000080005faa (0xefd36393) x7  0xfffffffffffffefd
core   0: 0x0000000080005fae (0x014a1cbb) sllw    s9, s4, s4
core   0: 1 0x0000000080005fae (0x014a1cbb) x25 0xffffffff80000000
core   0: 0x0000000080005fb2 (0xc0271773) csrrw   a4, instret, a4
core   0: exception trap_illegal_instruction, epc 0x0000000080005fb2
core   0:           tval 0x00000000c0271773
core   0: >>>>  $xrv64i2p1_m2p0_a2p1_f2p2_d2p2_zicsr2p0_zifencei2p0_zmmul1p0_zba1p0_zbb1p0_zbc1p0_zbs1p0
core   0: 0x0000000080004000 (0x0080006f) j       pc + 0x8
core   0: 3 0x0000000080004000 (0x0080006f)
core   0: >>>>  mmode_exception_handler
core   0: 0x0000000080004008 (0x00002c17) auipc   s8, 0x2
core   0: 3 0x0000000080004008 (0x00002c17) x24 0x0000000080006008
core   0: 0x000000008000400c (0xfecc0c13) addi    s8, s8, -20
core   0: 3 0x000000008000400c (0xfecc0c13) x24 0x0000000080005ff4
core   0: 0x0000000080004010 (0x000c00e7) jalr    s8
core   0: 3 0x0000000080004010 (0x000c00e7) x1  0x0000000080004014
core   0: >>>>  any_handler
core   0: 0x0000000080005ff4 (0x341027f3) csrrs   a5, mepc, zero
core   0: 3 0x0000000080005ff4 (0x341027f3) x15 0x0000000080005fb2
core   0: 0x0000000080005ff8 (0x34202773) csrrs   a4, mcause, zero
core   0: 3 0x0000000080005ff8 (0x34202773) x14 0x0000000000000002
core   0: 0x0000000080005ffc (0x142026f3) csrrs   a3, scause, zero
core   0: 3 0x0000000080005ffc (0x142026f3) x13 0xffffffff9e895d9c
core   0: 0x0000000080006000 (0x30402673) csrrs   a2, mie, zero
core   0: 3 0x0000000080006000 (0x30402673) x12 0x0000000000000a00
core   0: 0x0000000080006004 (0x344025f3) csrrs   a1, mip, zero
core   0: 3 0x0000000080006004 (0x344025f3) x11 0x0000000000000080
core   0: 0x0000000080006008 (0x343025f3) csrrs   a1, mtval, zero
core   0: 3 0x0000000080006008 (0x343025f3) x11 0x00000000c0271773
core   0: 0x000000008000600c (0x14302573) csrrs   a0, stval, zero
core   0: 3 0x000000008000600c (0x14302573) x10 0xffffffff9e895d90
core   0: 0x0000000080006010 (0xb02024f3) csrrs   s1, minstret, zero
core   0: 3 0x0000000080006010 (0xb02024f3) x9  0x00000000000012a4
core   0: 0x0000000080006014 (0x0000a811) c.j     pc + 20
core   0: 3 0x0000000080006014 (0xa811)
core   0: >>>>  mepc_4
core   0: 0x0000000080006028 (0x00000791) c.addi  a5, 4
core   0: 3 0x0000000080006028 (0x0791) x15 0x0000000080005fb6
core   0: 0x000000008000602a (0x34179073) csrrw   zero, mepc, a5
core   0: 3 0x000000008000602a (0x34179073) c833_mepc 0x0000000080005fb6
core   0: 0x000000008000602e (0x30200073) mret
core   0: 3 0x000000008000602e (0x30200073) c768_mstatus 0x8000000a00106080
core   0: 0x0000000080005fb6 (0xd238f753) fcvt.d.lu fa4, a7
core   0: 1 0x0000000080005fb6 (0xd238f753) f14 0x0000000000000000
core   0: 0x0000000080005fba (0x00151173) csrrw   sp, fflags, a0
core   0: 1 0x0000000080005fba (0x00151173) x2  0x0000000000000015 c1_fflags 0x0000000000000010
core   0: 0x0000000080005fbe (0xf143f2f3) csrrci  t0, mhartid, 7
core   0: exception trap_illegal_instruction, epc 0x0000000080005fbe
core   0:           tval 0x00000000f143f2f3
core   0: >>>>  $xrv64i2p1_m2p0_a2p1_f2p2_d2p2_zicsr2p0_zifencei2p0_zmmul1p0_zba1p0_zbb1p0_zbc1p0_zbs1p0
core   0: 0x0000000080004000 (0x0080006f) j       pc + 0x8
core   0: 3 0x0000000080004000 (0x0080006f)
core   0: >>>>  mmode_exception_handler
core   0: 0x0000000080004008 (0x00002c17) auipc   s8, 0x2
core   0: 3 0x0000000080004008 (0x00002c17) x24 0x0000000080006008
core   0: 0x000000008000400c (0xfecc0c13) addi    s8, s8, -20
core   0: 3 0x000000008000400c (0xfecc0c13) x24 0x0000000080005ff4
core   0: 0x0000000080004010 (0x000c00e7) jalr    s8
core   0: 3 0x0000000080004010 (0x000c00e7) x1  0x0000000080004014
core   0: >>>>  any_handler
core   0: 0x0000000080005ff4 (0x341027f3) csrrs   a5, mepc, zero
core   0: 3 0x0000000080005ff4 (0x341027f3) x15 0x0000000080005fbe
core   0: 0x0000000080005ff8 (0x34202773) csrrs   a4, mcause, zero
core   0: 3 0x0000000080005ff8 (0x34202773) x14 0x0000000000000002
core   0: 0x0000000080005ffc (0x142026f3) csrrs   a3, scause, zero
core   0: 3 0x0000000080005ffc (0x142026f3) x13 0xffffffff9e895d9c
core   0: 0x0000000080006000 (0x30402673) csrrs   a2, mie, zero
core   0: 3 0x0000000080006000 (0x30402673) x12 0x0000000000000a00
core   0: 0x0000000080006004 (0x344025f3) csrrs   a1, mip, zero
core   0: 3 0x0000000080006004 (0x344025f3) x11 0x0000000000000080
core   0: 0x0000000080006008 (0x343025f3) csrrs   a1, mtval, zero
core   0: 3 0x0000000080006008 (0x343025f3) x11 0x00000000f143f2f3
core   0: 0x000000008000600c (0x14302573) csrrs   a0, stval, zero
core   0: 3 0x000000008000600c (0x14302573) x10 0xffffffff9e895d90
core   0: 0x0000000080006010 (0xb02024f3) csrrs   s1, minstret, zero
core   0: 3 0x0000000080006010 (0xb02024f3) x9  0x00000000000012b6
core   0: 0x0000000080006014 (0x0000a811) c.j     pc + 20
core   0: 3 0x0000000080006014 (0xa811)
core   0: >>>>  mepc_4
core   0: 0x0000000080006028 (0x00000791) c.addi  a5, 4
core   0: 3 0x0000000080006028 (0x0791) x15 0x0000000080005fc2
core   0: 0x000000008000602a (0x34179073) csrrw   zero, mepc, a5
core   0: 3 0x000000008000602a (0x34179073) c833_mepc 0x0000000080005fc2
core   0: 0x000000008000602e (0x30200073) mret
core   0: 3 0x000000008000602e (0x30200073) c768_mstatus 0x8000000a00106080
core   0: 0x0000000080005fc2 (0x003c553b) srlw    a0, s8, gp
core   0: 1 0x0000000080005fc2 (0x003c553b) x10 0x0000000000200017
core   0: 0x0000000080005fc6 (0x424af247) fmsub.d ft4, fs5, ft4, fs0
core   0: 1 0x0000000080005fc6 (0x424af247) f4  0x7ff8000000000000
core   0: 0x0000000080005fca (0x40488117) auipc   sp, 0x40488
core   0: 1 0x0000000080005fca (0x40488117) x2  0x00000000c048dfca
core   0: 0x0000000080005fce (0x02280833) mul     a6, a6, sp
core   0: 1 0x0000000080005fce (0x02280833) x16 0xffffffff3fb72036
core   0: 0x0000000080005fd2 (0x80086d13) ori     s10, a6, -2048
core   0: 1 0x0000000080005fd2 (0x80086d13) x26 0xfffffffffffff836
core   0: 0x0000000080005fd6 (0x0186de9b) srliw   t4, a3, 24
core   0: 1 0x0000000080005fd6 (0x0186de9b) x29 0x000000000000009e
core   0: 0x0000000080005fda (0xd2180353) fcvt.d.wu ft6, a6
core   0: 1 0x0000000080005fda (0xd2180353) f6  0x41cfdb901b000000
core   0: 0x0000000080005fde (0x227b0d53) fsgnj.d fs10, fs6, ft7
core   0: 1 0x0000000080005fde (0x227b0d53) f26 0xc0b1820000000000
core   0: 0x0000000080005fe2 (0xd22879d3) fcvt.d.l fs3, a6
core   0: 1 0x0000000080005fe2 (0xd22879d3) f19 0xc1e8091bf9400000
core   0: 0x0000000080005fe6 (0x43f1d293) srai    t0, gp, 63
core   0: 1 0x0000000080005fe6 (0x43f1d293) x5  0xffffffffffffffff
core   0: 0x0000000080005fea (0x0034d4b3) srl     s1, s1, gp
core   0: 1 0x0000000080005fea (0x0034d4b3) x9  0x0000000000000004
core   0: >>>>  write_tohost
core   0: 0x0000000080005fee (0x9f6fa0ef) jal     pc - 0x5e0a
core   0: 1 0x0000000080005fee (0x9f6fa0ef) x1  0x0000000080005ff2
core   0: >>>>  _exit
core   0: 0x00000000800001e4 (0x00004505) c.li    a0, 1
core   0: 1 0x00000000800001e4 (0x4505) x10 0x0000000000000001
core   0: 0x00000000800001e6 (0x00001f17) auipc   t5, 0x1
core   0: 1 0x00000000800001e6 (0x00001f17) x30 0x00000000800011e6
core   0: 0x00000000800001ea (0xe0af2d23) sw      a0, -486(t5)
core   0: 1 0x00000000800001ea (0xe0af2d23) mem 0x0000000080001000 0x00000001
cp /home/server/RISCV/cva6/verif/sim/out/seed_1682/spike_sim/new_seeds_1682_.cv64a6_imafdc_sv39.log.iss /home/server/RISCV/cva6/verif/sim/out/seed_1682/spike_sim/new_seeds_1682_.cv64a6_imafdc_sv39.log
