Makefile:14: must set CVA6_REPO_DIR to point at the root of CVA6 sources and CVA6_TB_DIR to point here -- doing it for you...
LD_LIBRARY_PATH="$(realpath ../../tools/spike/lib):$LD_LIBRARY_PATH" \
	/home/server/RISCV/cva6/tools/spike/bin/spike --steps=2000000  --log-commits --isa=rv64gc_zba_zbb_zbs_zbc_zicsr_zifencei --priv=msu -l /home/server/RISCV/cva6/verif/sim/out/seed_1803/directed_asm_tests/new_seeds_1803_.o
[SPIKE] Max simulation steps: 2000000
[SPIKE] Proc 0 | ISA: rv64gc_zba_zbb_zbs_zbc_zicsr_zifencei PRIV: msu
[SPIKE] Initializing memories...
core   0: 0x0000000000010000 (0x00100413) li      s0, 1
core   0: 3 0x0000000000010000 (0x00100413) x8  0x0000000000000001
core   0: 0x0000000000010004 (0x01f41413) slli    s0, s0, 31
core   0: 3 0x0000000000010004 (0x01f41413) x8  0x0000000080000000
core   0: 0x0000000000010008 (0xf1402573) csrrs   a0, mhartid, zero
core   0: 3 0x0000000000010008 (0xf1402573) x10 0x0000000000000000
core   0: 0x000000000001000c (0x00000597) auipc   a1, 0x0
core   0: 3 0x000000000001000c (0x00000597) x11 0x000000000001000c
core   0: 0x0000000000010010 (0x07458593) addi    a1, a1, 116
core   0: 3 0x0000000000010010 (0x07458593) x11 0x0000000000010080
core   0: 0x0000000000010014 (0x00040067) jr      s0
core   0: 3 0x0000000000010014 (0x00040067)
core   0: >>>>  _start
core   0: 0x0000000080000000 (0x00004081) c.li    ra, 0
core   0: 3 0x0000000080000000 (0x4081) x1  0x0000000000000000
core   0: 0x0000000080000002 (0x00004101) c.li    sp, 0
core   0: 3 0x0000000080000002 (0x4101) x2  0x0000000000000000
core   0: 0x0000000080000004 (0x00004181) c.li    gp, 0
core   0: 3 0x0000000080000004 (0x4181) x3  0x0000000000000000
core   0: 0x0000000080000006 (0x00004201) c.li    tp, 0
core   0: 3 0x0000000080000006 (0x4201) x4  0x0000000000000000
core   0: 0x0000000080000008 (0x00004281) c.li    t0, 0
core   0: 3 0x0000000080000008 (0x4281) x5  0x0000000000000000
core   0: 0x000000008000000a (0x00004301) c.li    t1, 0
core   0: 3 0x000000008000000a (0x4301) x6  0x0000000000000000
core   0: 0x000000008000000c (0x00004381) c.li    t2, 0
core   0: 3 0x000000008000000c (0x4381) x7  0x0000000000000000
core   0: 0x000000008000000e (0x00004401) c.li    s0, 0
core   0: 3 0x000000008000000e (0x4401) x8  0x0000000000000000
core   0: 0x0000000080000010 (0x00004481) c.li    s1, 0
core   0: 3 0x0000000080000010 (0x4481) x9  0x0000000000000000
core   0: 0x0000000080000012 (0x00004501) c.li    a0, 0
core   0: 3 0x0000000080000012 (0x4501) x10 0x0000000000000000
core   0: 0x0000000080000014 (0x00004581) c.li    a1, 0
core   0: 3 0x0000000080000014 (0x4581) x11 0x0000000000000000
core   0: 0x0000000080000016 (0x00004601) c.li    a2, 0
core   0: 3 0x0000000080000016 (0x4601) x12 0x0000000000000000
core   0: 0x0000000080000018 (0x00004681) c.li    a3, 0
core   0: 3 0x0000000080000018 (0x4681) x13 0x0000000000000000
core   0: 0x000000008000001a (0x00004701) c.li    a4, 0
core   0: 3 0x000000008000001a (0x4701) x14 0x0000000000000000
core   0: 0x000000008000001c (0x00004781) c.li    a5, 0
core   0: 3 0x000000008000001c (0x4781) x15 0x0000000000000000
core   0: 0x000000008000001e (0x00004801) c.li    a6, 0
core   0: 3 0x000000008000001e (0x4801) x16 0x0000000000000000
core   0: 0x0000000080000020 (0x00004881) c.li    a7, 0
core   0: 3 0x0000000080000020 (0x4881) x17 0x0000000000000000
core   0: 0x0000000080000022 (0x00004901) c.li    s2, 0
core   0: 3 0x0000000080000022 (0x4901) x18 0x0000000000000000
core   0: 0x0000000080000024 (0x00004981) c.li    s3, 0
core   0: 3 0x0000000080000024 (0x4981) x19 0x0000000000000000
core   0: 0x0000000080000026 (0x00004a01) c.li    s4, 0
core   0: 3 0x0000000080000026 (0x4a01) x20 0x0000000000000000
core   0: 0x0000000080000028 (0x00004a81) c.li    s5, 0
core   0: 3 0x0000000080000028 (0x4a81) x21 0x0000000000000000
core   0: 0x000000008000002a (0x00004b01) c.li    s6, 0
core   0: 3 0x000000008000002a (0x4b01) x22 0x0000000000000000
core   0: 0x000000008000002c (0x00004b81) c.li    s7, 0
core   0: 3 0x000000008000002c (0x4b81) x23 0x0000000000000000
core   0: 0x000000008000002e (0x00004c01) c.li    s8, 0
core   0: 3 0x000000008000002e (0x4c01) x24 0x0000000000000000
core   0: 0x0000000080000030 (0x00004c81) c.li    s9, 0
core   0: 3 0x0000000080000030 (0x4c81) x25 0x0000000000000000
core   0: 0x0000000080000032 (0x00004d01) c.li    s10, 0
core   0: 3 0x0000000080000032 (0x4d01) x26 0x0000000000000000
core   0: 0x0000000080000034 (0x00004d81) c.li    s11, 0
core   0: 3 0x0000000080000034 (0x4d81) x27 0x0000000000000000
core   0: 0x0000000080000036 (0x00004e01) c.li    t3, 0
core   0: 3 0x0000000080000036 (0x4e01) x28 0x0000000000000000
core   0: 0x0000000080000038 (0x00004e81) c.li    t4, 0
core   0: 3 0x0000000080000038 (0x4e81) x29 0x0000000000000000
core   0: 0x000000008000003a (0x00004f01) c.li    t5, 0
core   0: 3 0x000000008000003a (0x4f01) x30 0x0000000000000000
core   0: 0x000000008000003c (0x00004f81) c.li    t6, 0
core   0: 3 0x000000008000003c (0x4f81) x31 0x0000000000000000
core   0: 0x000000008000003e (0x000062f9) c.lui   t0, 0x1e
core   0: 3 0x000000008000003e (0x62f9) x5  0x000000000001e000
core   0: 0x0000000080000040 (0x3002a073) csrrs   zero, mstatus, t0
core   0: 3 0x0000000080000040 (0x3002a073) c768_mstatus 0x8000000a00006000
core   0: 0x0000000080000044 (0x00004285) c.li    t0, 1
core   0: 3 0x0000000080000044 (0x4285) x5  0x0000000000000001
core   0: 0x0000000080000046 (0x000002fe) c.slli  t0, 31
core   0: 3 0x0000000080000046 (0x02fe) x5  0x0000000080000000
core   0: 0x0000000080000048 (0x0002d863) bge     t0, zero, pc + 16
core   0: 3 0x0000000080000048 (0x0002d863)
core   0: 0x0000000080000058 (0x00000297) auipc   t0, 0x0
core   0: 3 0x0000000080000058 (0x00000297) x5  0x0000000080000058
core   0: 0x000000008000005c (0x09028293) addi    t0, t0, 144
core   0: 3 0x000000008000005c (0x09028293) x5  0x00000000800000e8
core   0: 0x0000000080000060 (0x30529073) csrrw   zero, mtvec, t0
core   0: 3 0x0000000080000060 (0x30529073) c773_mtvec 0x00000000800000e8
core   0: 0x0000000080000064 (0x00301073) csrrw   zero, fcsr, zero
core   0: 3 0x0000000080000064 (0x00301073) c1_fflags 0x0000000000000000 c2_frm 0x0000000000000000
core   0: 0x0000000080000068 (0xf0000053) fmv.w.x ft0, zero
core   0: 3 0x0000000080000068 (0xf0000053) f0  0xffffffff00000000
core   0: 0x000000008000006c (0xf00000d3) fmv.w.x ft1, zero
core   0: 3 0x000000008000006c (0xf00000d3) f1  0xffffffff00000000
core   0: 0x0000000080000070 (0xf0000153) fmv.w.x ft2, zero
core   0: 3 0x0000000080000070 (0xf0000153) f2  0xffffffff00000000
core   0: 0x0000000080000074 (0xf00001d3) fmv.w.x ft3, zero
core   0: 3 0x0000000080000074 (0xf00001d3) f3  0xffffffff00000000
core   0: 0x0000000080000078 (0xf0000253) fmv.w.x ft4, zero
core   0: 3 0x0000000080000078 (0xf0000253) f4  0xffffffff00000000
core   0: 0x000000008000007c (0xf00002d3) fmv.w.x ft5, zero
core   0: 3 0x000000008000007c (0xf00002d3) f5  0xffffffff00000000
core   0: 0x0000000080000080 (0xf0000353) fmv.w.x ft6, zero
core   0: 3 0x0000000080000080 (0xf0000353) f6  0xffffffff00000000
core   0: 0x0000000080000084 (0xf00003d3) fmv.w.x ft7, zero
core   0: 3 0x0000000080000084 (0xf00003d3) f7  0xffffffff00000000
core   0: 0x0000000080000088 (0xf0000453) fmv.w.x fs0, zero
core   0: 3 0x0000000080000088 (0xf0000453) f8  0xffffffff00000000
core   0: 0x000000008000008c (0xf00004d3) fmv.w.x fs1, zero
core   0: 3 0x000000008000008c (0xf00004d3) f9  0xffffffff00000000
core   0: 0x0000000080000090 (0xf0000553) fmv.w.x fa0, zero
core   0: 3 0x0000000080000090 (0xf0000553) f10 0xffffffff00000000
core   0: 0x0000000080000094 (0xf00005d3) fmv.w.x fa1, zero
core   0: 3 0x0000000080000094 (0xf00005d3) f11 0xffffffff00000000
core   0: 0x0000000080000098 (0xf0000653) fmv.w.x fa2, zero
core   0: 3 0x0000000080000098 (0xf0000653) f12 0xffffffff00000000
core   0: 0x000000008000009c (0xf00006d3) fmv.w.x fa3, zero
core   0: 3 0x000000008000009c (0xf00006d3) f13 0xffffffff00000000
core   0: 0x00000000800000a0 (0xf0000753) fmv.w.x fa4, zero
core   0: 3 0x00000000800000a0 (0xf0000753) f14 0xffffffff00000000
core   0: 0x00000000800000a4 (0xf00007d3) fmv.w.x fa5, zero
core   0: 3 0x00000000800000a4 (0xf00007d3) f15 0xffffffff00000000
core   0: 0x00000000800000a8 (0xf0000853) fmv.w.x fa6, zero
core   0: 3 0x00000000800000a8 (0xf0000853) f16 0xffffffff00000000
core   0: 0x00000000800000ac (0xf00008d3) fmv.w.x fa7, zero
core   0: 3 0x00000000800000ac (0xf00008d3) f17 0xffffffff00000000
core   0: 0x00000000800000b0 (0xf0000953) fmv.w.x fs2, zero
core   0: 3 0x00000000800000b0 (0xf0000953) f18 0xffffffff00000000
core   0: 0x00000000800000b4 (0xf00009d3) fmv.w.x fs3, zero
core   0: 3 0x00000000800000b4 (0xf00009d3) f19 0xffffffff00000000
core   0: 0x00000000800000b8 (0xf0000a53) fmv.w.x fs4, zero
core   0: 3 0x00000000800000b8 (0xf0000a53) f20 0xffffffff00000000
core   0: 0x00000000800000bc (0xf0000ad3) fmv.w.x fs5, zero
core   0: 3 0x00000000800000bc (0xf0000ad3) f21 0xffffffff00000000
core   0: 0x00000000800000c0 (0xf0000b53) fmv.w.x fs6, zero
core   0: 3 0x00000000800000c0 (0xf0000b53) f22 0xffffffff00000000
core   0: 0x00000000800000c4 (0xf0000bd3) fmv.w.x fs7, zero
core   0: 3 0x00000000800000c4 (0xf0000bd3) f23 0xffffffff00000000
core   0: 0x00000000800000c8 (0xf0000c53) fmv.w.x fs8, zero
core   0: 3 0x00000000800000c8 (0xf0000c53) f24 0xffffffff00000000
core   0: 0x00000000800000cc (0xf0000cd3) fmv.w.x fs9, zero
core   0: 3 0x00000000800000cc (0xf0000cd3) f25 0xffffffff00000000
core   0: 0x00000000800000d0 (0xf0000d53) fmv.w.x fs10, zero
core   0: 3 0x00000000800000d0 (0xf0000d53) f26 0xffffffff00000000
core   0: 0x00000000800000d4 (0xf0000dd3) fmv.w.x fs11, zero
core   0: 3 0x00000000800000d4 (0xf0000dd3) f27 0xffffffff00000000
core   0: 0x00000000800000d8 (0xf0000e53) fmv.w.x ft8, zero
core   0: 3 0x00000000800000d8 (0xf0000e53) f28 0xffffffff00000000
core   0: 0x00000000800000dc (0xf0000ed3) fmv.w.x ft9, zero
core   0: 3 0x00000000800000dc (0xf0000ed3) f29 0xffffffff00000000
core   0: 0x00000000800000e0 (0xf0000f53) fmv.w.x ft10, zero
core   0: 3 0x00000000800000e0 (0xf0000f53) f30 0xffffffff00000000
core   0: 0x00000000800000e4 (0xf0000fd3) fmv.w.x ft11, zero
core   0: 3 0x00000000800000e4 (0xf0000fd3) f31 0xffffffff00000000
core   0: 0x00000000800000e8 (0x00000297) auipc   t0, 0x0
core   0: 3 0x00000000800000e8 (0x00000297) x5  0x00000000800000e8
core   0: 0x00000000800000ec (0x03c28293) addi    t0, t0, 60
core   0: 3 0x00000000800000ec (0x03c28293) x5  0x0000000080000124
core   0: 0x00000000800000f0 (0x30529073) csrrw   zero, mtvec, t0
core   0: 3 0x00000000800000f0 (0x30529073) c773_mtvec 0x0000000080000124
core   0: 0x00000000800000f4 (0x00012197) auipc   gp, 0x12
core   0: 3 0x00000000800000f4 (0x00012197) x3  0x00000000800120f4
core   0: 0x00000000800000f8 (0x73418193) addi    gp, gp, 1844
core   0: 3 0x00000000800000f8 (0x73418193) x3  0x0000000080012828
core   0: 0x00000000800000fc (0x00012217) auipc   tp, 0x12
core   0: 3 0x00000000800000fc (0x00012217) x4  0x00000000800120fc
core   0: 0x0000000080000100 (0xf8320213) addi    tp, tp, -125
core   0: 3 0x0000000080000100 (0xf8320213) x4  0x000000008001207f
core   0: 0x0000000080000104 (0xfc027213) andi    tp, tp, -64
core   0: 3 0x0000000080000104 (0xfc027213) x4  0x0000000080012040
core   0: 0x0000000080000108 (0xf1402573) csrrs   a0, mhartid, zero
core   0: 3 0x0000000080000108 (0xf1402573) x10 0x0000000000000000
core   0: 0x000000008000010c (0x00004585) c.li    a1, 1
core   0: 3 0x000000008000010c (0x4585) x11 0x0000000000000001
core   0: 0x000000008000010e (0x00b57063) bgeu    a0, a1, pc + 0
core   0: 3 0x000000008000010e (0x00b57063)
core   0: 0x0000000080000112 (0x00150113) addi    sp, a0, 1
core   0: 3 0x0000000080000112 (0x00150113) x2  0x0000000000000001
core   0: 0x0000000080000116 (0x00000146) c.slli  sp, 17
core   0: 3 0x0000000080000116 (0x0146) x2  0x0000000000020000
core   0: 0x0000000080000118 (0x00009112) c.add   sp, tp
core   0: 3 0x0000000080000118 (0x9112) x2  0x0000000080032040
core   0: 0x000000008000011a (0x01151613) slli    a2, a0, 17
core   0: 3 0x000000008000011a (0x01151613) x12 0x0000000000000000
core   0: 0x000000008000011e (0x00009232) c.add   tp, a2
core   0: 3 0x000000008000011e (0x9232) x4  0x0000000080012040
core   0: 0x0000000080000120 (0x3940f06f) j       pc + 0xf394
core   0: 3 0x0000000080000120 (0x3940f06f)
core   0: >>>>  _init
core   0: 0x000000008000f4b4 (0x00007171) c.addi16sp sp, -176
core   0: 3 0x000000008000f4b4 (0x7171) x2  0x0000000080031f90
core   0: 0x000000008000f4b6 (0x0000f506) c.sdsp  ra, 168(sp)
core   0: 3 0x000000008000f4b6 (0xf506) mem 0x0000000080032038 0x0000000000000000
core   0: 0x000000008000f4b8 (0x0000f122) c.sdsp  s0, 160(sp)
core   0: 3 0x000000008000f4b8 (0xf122) mem 0x0000000080032030 0x0000000000000000
core   0: 0x000000008000f4ba (0x0000ed26) c.sdsp  s1, 152(sp)
core   0: 3 0x000000008000f4ba (0xed26) mem 0x0000000080032028 0x0000000000000000
core   0: 0x000000008000f4bc (0x00001900) c.addi4spn s0, sp, 176
core   0: 3 0x000000008000f4bc (0x1900) x8  0x0000000080032040
core   0: 0x000000008000f4be (0x000087aa) c.mv    a5, a0
core   0: 3 0x000000008000f4be (0x87aa) x15 0x0000000000000000
core   0: 0x000000008000f4c0 (0x0000872e) c.mv    a4, a1
core   0: 3 0x000000008000f4c0 (0x872e) x14 0x0000000000000001
core   0: 0x000000008000f4c2 (0xf4f42e23) sw      a5, -164(s0)
core   0: 3 0x000000008000f4c2 (0xf4f42e23) mem 0x0000000080031f9c 0x00000000
core   0: 0x000000008000f4c6 (0x000087ba) c.mv    a5, a4
core   0: 3 0x000000008000f4c6 (0x87ba) x15 0x0000000000000001
core   0: 0x000000008000f4c8 (0xf4f42c23) sw      a5, -168(s0)
core   0: 3 0x000000008000f4c8 (0xf4f42c23) mem 0x0000000080031f98 0x00000001
core   0: 0x000000008000f4cc (0xfe040793) addi    a5, s0, -32
core   0: 3 0x000000008000f4cc (0xfe040793) x15 0x0000000080032020
core   0: 0x000000008000f4d0 (0xf4f43823) sd      a5, -176(s0)
core   0: 3 0x000000008000f4d0 (0xf4f43823) mem 0x0000000080031f90 0x0000000080032020
core   0: 0x000000008000f4d4 (0xf5043783) ld      a5, -176(s0)
core   0: 3 0x000000008000f4d4 (0xf5043783) x15 0x0000000080032020 mem 0x0000000080031f90
core   0: 0x000000008000f4d8 (0xf8078793) addi    a5, a5, -128
core   0: 3 0x000000008000f4d8 (0xf8078793) x15 0x0000000080031fa0
core   0: 0x000000008000f4dc (0x03f78793) addi    a5, a5, 63
core   0: 3 0x000000008000f4dc (0x03f78793) x15 0x0000000080031fdf
core   0: 0x000000008000f4e0 (0x00008399) c.srli  a5, 6
core   0: 3 0x000000008000f4e0 (0x8399) x15 0x0000000002000c7f
core   0: 0x000000008000f4e2 (0x00679493) slli    s1, a5, 6
core   0: 3 0x000000008000f4e2 (0x00679493) x9  0x0000000080031fc0
core   0: 0x000000008000f4e6 (0xf65ff0ef) jal     pc - 0x9c
core   0: 3 0x000000008000f4e6 (0xf65ff0ef) x1  0x000000008000f4ea
core   0: >>>>  init_tls
core   0: 0x000000008000f44a (0x00001101) c.addi  sp, -32
core   0: 3 0x000000008000f44a (0x1101) x2  0x0000000080031f70
core   0: 0x000000008000f44c (0x0000ec06) c.sdsp  ra, 24(sp)
core   0: 3 0x000000008000f44c (0xec06) mem 0x0000000080031f88 0x000000008000f4ea
core   0: 0x000000008000f44e (0x0000e822) c.sdsp  s0, 16(sp)
core   0: 3 0x000000008000f44e (0xe822) mem 0x0000000080031f80 0x0000000080032040
core   0: 0x000000008000f450 (0x00001000) c.addi4spn s0, sp, 32
core   0: 3 0x000000008000f450 (0x1000) x8  0x0000000080031f90
core   0: 0x000000008000f452 (0x00003717) auipc   a4, 0x3
core   0: 3 0x000000008000f452 (0x00003717) x14 0x0000000080012452
core   0: 0x000000008000f456 (0xbd670713) addi    a4, a4, -1066
core   0: 3 0x000000008000f456 (0xbd670713) x14 0x0000000080012028
core   0: 0x000000008000f45a (0x00003797) auipc   a5, 0x3
core   0: 3 0x000000008000f45a (0x00003797) x15 0x000000008001245a
core   0: 0x000000008000f45e (0xbce78793) addi    a5, a5, -1074
core   0: 3 0x000000008000f45e (0xbce78793) x15 0x0000000080012028
core   0: 0x000000008000f462 (0x40f707b3) sub     a5, a4, a5
core   0: 3 0x000000008000f462 (0x40f707b3) x15 0x0000000000000000
core   0: 0x000000008000f466 (0xfef43423) sd      a5, -24(s0)
core   0: 3 0x000000008000f466 (0xfef43423) mem 0x0000000080031f78 0x0000000000000000
core   0: 0x000000008000f46a (0x00008792) c.mv    a5, tp
core   0: 3 0x000000008000f46a (0x8792) x15 0x0000000080012040
core   0: 0x000000008000f46c (0xfe843603) ld      a2, -24(s0)
core   0: 3 0x000000008000f46c (0xfe843603) x12 0x0000000000000000 mem 0x0000000080031f78
core   0: 0x000000008000f470 (0x00003597) auipc   a1, 0x3
core   0: 3 0x000000008000f470 (0x00003597) x11 0x0000000080012470
core   0: 0x000000008000f474 (0xbb858593) addi    a1, a1, -1096
core   0: 3 0x000000008000f474 (0xbb858593) x11 0x0000000080012028
core   0: 0x000000008000f478 (0x0000853e) c.mv    a0, a5
core   0: 3 0x000000008000f478 (0x853e) x10 0x0000000080012040
core   0: 0x000000008000f47a (0x0f9000ef) jal     pc + 0x8f8
core   0: 3 0x000000008000f47a (0x0f9000ef) x1  0x000000008000f47e
core   0: >>>>  memcpy
core   0: 0x000000008000fd72 (0x0000715d) c.addi16sp sp, -80
core   0: 3 0x000000008000fd72 (0x715d) x2  0x0000000080031f20
core   0: 0x000000008000fd74 (0x0000e4a2) c.sdsp  s0, 72(sp)
core   0: 3 0x000000008000fd74 (0xe4a2) mem 0x0000000080031f68 0x0000000080031f90
core   0: 0x000000008000fd76 (0x00000880) c.addi4spn s0, sp, 80
core   0: 3 0x000000008000fd76 (0x0880) x8  0x0000000080031f70
core   0: 0x000000008000fd78 (0xfca43423) sd      a0, -56(s0)
core   0: 3 0x000000008000fd78 (0xfca43423) mem 0x0000000080031f38 0x0000000080012040
core   0: 0x000000008000fd7c (0xfcb43023) sd      a1, -64(s0)
core   0: 3 0x000000008000fd7c (0xfcb43023) mem 0x0000000080031f30 0x0000000080012028
core   0: 0x000000008000fd80 (0xfac43c23) sd      a2, -72(s0)
core   0: 3 0x000000008000fd80 (0xfac43c23) mem 0x0000000080031f28 0x0000000000000000
core   0: 0x000000008000fd84 (0xfc843703) ld      a4, -56(s0)
core   0: 3 0x000000008000fd84 (0xfc843703) x14 0x0000000080012040 mem 0x0000000080031f38
core   0: 0x000000008000fd88 (0xfc043783) ld      a5, -64(s0)
core   0: 3 0x000000008000fd88 (0xfc043783) x15 0x0000000080012028 mem 0x0000000080031f30
core   0: 0x000000008000fd8c (0x00008f5d) c.or    a4, a5
core   0: 3 0x000000008000fd8c (0x8f5d) x14 0x0000000080012068
core   0: 0x000000008000fd8e (0xfb843783) ld      a5, -72(s0)
core   0: 3 0x000000008000fd8e (0xfb843783) x15 0x0000000000000000 mem 0x0000000080031f28
core   0: 0x000000008000fd92 (0x00008fd9) c.or    a5, a4
core   0: 3 0x000000008000fd92 (0x8fd9) x15 0x0000000080012068
core   0: 0x000000008000fd94 (0x00008b9d) c.andi  a5, 7
core   0: 3 0x000000008000fd94 (0x8b9d) x15 0x0000000000000000
core   0: 0x000000008000fd96 (0x0000e3b1) c.bnez  a5, pc + 68
core   0: 3 0x000000008000fd96 (0xe3b1)
core   0: 0x000000008000fd98 (0xfc043783) ld      a5, -64(s0)
core   0: 3 0x000000008000fd98 (0xfc043783) x15 0x0000000080012028 mem 0x0000000080031f30
core   0: 0x000000008000fd9c (0xfef43423) sd      a5, -24(s0)
core   0: 3 0x000000008000fd9c (0xfef43423) mem 0x0000000080031f58 0x0000000080012028
core   0: 0x000000008000fda0 (0xfc843783) ld      a5, -56(s0)
core   0: 3 0x000000008000fda0 (0xfc843783) x15 0x0000000080012040 mem 0x0000000080031f38
core   0: 0x000000008000fda4 (0xfef43023) sd      a5, -32(s0)
core   0: 3 0x000000008000fda4 (0xfef43023) mem 0x0000000080031f50 0x0000000080012040
core   0: 0x000000008000fda8 (0x0000a839) c.j     pc + 30
core   0: 3 0x000000008000fda8 (0xa839)
core   0: 0x000000008000fdc6 (0xfc843703) ld      a4, -56(s0)
core   0: 3 0x000000008000fdc6 (0xfc843703) x14 0x0000000080012040 mem 0x0000000080031f38
core   0: 0x000000008000fdca (0xfb843783) ld      a5, -72(s0)
core   0: 3 0x000000008000fdca (0xfb843783) x15 0x0000000000000000 mem 0x0000000080031f28
core   0: 0x000000008000fdce (0x000097ba) c.add   a5, a4
core   0: 3 0x000000008000fdce (0x97ba) x15 0x0000000080012040
core   0: 0x000000008000fdd0 (0xfe043703) ld      a4, -32(s0)
core   0: 3 0x000000008000fdd0 (0xfe043703) x14 0x0000000080012040 mem 0x0000000080031f50
core   0: 0x000000008000fdd4 (0xfcf76be3) bltu    a4, a5, pc - 42
core   0: 3 0x000000008000fdd4 (0xfcf76be3)
core   0: 0x000000008000fdd8 (0x0000a099) c.j     pc + 70
core   0: 3 0x000000008000fdd8 (0xa099)
core   0: 0x000000008000fe1e (0xfc843783) ld      a5, -56(s0)
core   0: 3 0x000000008000fe1e (0xfc843783) x15 0x0000000080012040 mem 0x0000000080031f38
core   0: 0x000000008000fe22 (0x0000853e) c.mv    a0, a5
core   0: 3 0x000000008000fe22 (0x853e) x10 0x0000000080012040
core   0: 0x000000008000fe24 (0x00006426) c.ldsp  s0, 72(sp)
core   0: 3 0x000000008000fe24 (0x6426) x8  0x0000000080031f90 mem 0x0000000080031f68
core   0: 0x000000008000fe26 (0x00006161) c.addi16sp sp, 80
core   0: 3 0x000000008000fe26 (0x6161) x2  0x0000000080031f70
core   0: 0x000000008000fe28 (0x00008082) ret
core   0: 3 0x000000008000fe28 (0x8082)
core   0: 0x000000008000f47e (0x00003717) auipc   a4, 0x3
core   0: 3 0x000000008000f47e (0x00003717) x14 0x000000008001247e
core   0: 0x000000008000f482 (0xc4670713) addi    a4, a4, -954
core   0: 3 0x000000008000f482 (0xc4670713) x14 0x00000000800120c4
core   0: 0x000000008000f486 (0x00003797) auipc   a5, 0x3
core   0: 3 0x000000008000f486 (0x00003797) x15 0x0000000080012486
core   0: 0x000000008000f48a (0xba278793) addi    a5, a5, -1118
core   0: 3 0x000000008000f48a (0xba278793) x15 0x0000000080012028
core   0: 0x000000008000f48e (0x40f707b3) sub     a5, a4, a5
core   0: 3 0x000000008000f48e (0x40f707b3) x15 0x000000000000009c
core   0: 0x000000008000f492 (0xfef43023) sd      a5, -32(s0)
core   0: 3 0x000000008000f492 (0xfef43023) mem 0x0000000080031f70 0x000000000000009c
core   0: 0x000000008000f496 (0x00008712) c.mv    a4, tp
core   0: 3 0x000000008000f496 (0x8712) x14 0x0000000080012040
core   0: 0x000000008000f498 (0xfe843783) ld      a5, -24(s0)
core   0: 3 0x000000008000f498 (0xfe843783) x15 0x0000000000000000 mem 0x0000000080031f78
core   0: 0x000000008000f49c (0x000097ba) c.add   a5, a4
core   0: 3 0x000000008000f49c (0x97ba) x15 0x0000000080012040
core   0: 0x000000008000f49e (0xfe043603) ld      a2, -32(s0)
core   0: 3 0x000000008000f49e (0xfe043603) x12 0x000000000000009c mem 0x0000000080031f70
core   0: 0x000000008000f4a2 (0x00004581) c.li    a1, 0
core   0: 3 0x000000008000f4a2 (0x4581) x11 0x0000000000000000
core   0: 0x000000008000f4a4 (0x0000853e) c.mv    a0, a5
core   0: 3 0x000000008000f4a4 (0x853e) x10 0x0000000080012040
core   0: 0x000000008000f4a6 (0x185000ef) jal     pc + 0x984
core   0: 3 0x000000008000f4a6 (0x185000ef) x1  0x000000008000f4aa
core   0: >>>>  memset
core   0: 0x000000008000fe2a (0x0000715d) c.addi16sp sp, -80
core   0: 3 0x000000008000fe2a (0x715d) x2  0x0000000080031f20
core   0: 0x000000008000fe2c (0x0000e4a2) c.sdsp  s0, 72(sp)
core   0: 3 0x000000008000fe2c (0xe4a2) mem 0x0000000080031f68 0x0000000080031f90
core   0: 0x000000008000fe2e (0x00000880) c.addi4spn s0, sp, 80
core   0: 3 0x000000008000fe2e (0x0880) x8  0x0000000080031f70
core   0: 0x000000008000fe30 (0xfca43423) sd      a0, -56(s0)
core   0: 3 0x000000008000fe30 (0xfca43423) mem 0x0000000080031f38 0x0000000080012040
core   0: 0x000000008000fe34 (0x000087ae) c.mv    a5, a1
core   0: 3 0x000000008000fe34 (0x87ae) x15 0x0000000000000000
core   0: 0x000000008000fe36 (0xfac43c23) sd      a2, -72(s0)
core   0: 3 0x000000008000fe36 (0xfac43c23) mem 0x0000000080031f28 0x000000000000009c
core   0: 0x000000008000fe3a (0xfcf42223) sw      a5, -60(s0)
core   0: 3 0x000000008000fe3a (0xfcf42223) mem 0x0000000080031f34 0x00000000
core   0: 0x000000008000fe3e (0xfc843703) ld      a4, -56(s0)
core   0: 3 0x000000008000fe3e (0xfc843703) x14 0x0000000080012040 mem 0x0000000080031f38
core   0: 0x000000008000fe42 (0xfb843783) ld      a5, -72(s0)
core   0: 3 0x000000008000fe42 (0xfb843783) x15 0x000000000000009c mem 0x0000000080031f28
core   0: 0x000000008000fe46 (0x00008fd9) c.or    a5, a4
core   0: 3 0x000000008000fe46 (0x8fd9) x15 0x00000000800120dc
core   0: 0x000000008000fe48 (0x00008b9d) c.andi  a5, 7
core   0: 3 0x000000008000fe48 (0x8b9d) x15 0x0000000000000004
core   0: 0x000000008000fe4a (0x0000e7bd) c.bnez  a5, pc + 110
core   0: 3 0x000000008000fe4a (0xe7bd)
core   0: 0x000000008000feb8 (0xfc843783) ld      a5, -56(s0)
core   0: 3 0x000000008000feb8 (0xfc843783) x15 0x0000000080012040 mem 0x0000000080031f38
core   0: 0x000000008000febc (0xfef43023) sd      a5, -32(s0)
core   0: 3 0x000000008000febc (0xfef43023) mem 0x0000000080031f50 0x0000000080012040
core   0: 0x000000008000fec0 (0x0000a829) c.j     pc + 26
core   0: 3 0x000000008000fec0 (0xa829)
core   0: 0x000000008000feda (0xfc843703) ld      a4, -56(s0)
core   0: 3 0x000000008000feda (0xfc843703) x14 0x0000000080012040 mem 0x0000000080031f38
core   0: 0x000000008000fede (0xfb843783) ld      a5, -72(s0)
core   0: 3 0x000000008000fede (0xfb843783) x15 0x000000000000009c mem 0x0000000080031f28
core   0: 0x000000008000fee2 (0x000097ba) c.add   a5, a4
core   0: 3 0x000000008000fee2 (0x97ba) x15 0x00000000800120dc
core   0: 0x000000008000fee4 (0xfe043703) ld      a4, -32(s0)
core   0: 3 0x000000008000fee4 (0xfe043703) x14 0x0000000080012040 mem 0x0000000080031f50
core   0: 0x000000008000fee8 (0xfcf76de3) bltu    a4, a5, pc - 38
core   0: 3 0x000000008000fee8 (0xfcf76de3)
core   0: 0x000000008000fec2 (0xfe043783) ld      a5, -32(s0)
core   0: 3 0x000000008000fec2 (0xfe043783) x15 0x0000000080012040 mem 0x0000000080031f50
core   0: 0x000000008000fec6 (0x00178713) addi    a4, a5, 1
core   0: 3 0x000000008000fec6 (0x00178713) x14 0x0000000080012041
core   0: 0x000000008000feca (0xfee43023) sd      a4, -32(s0)
core   0: 3 0x000000008000feca (0xfee43023) mem 0x0000000080031f50 0x0000000080012041
core   0: 0x000000008000fece (0xfc442703) lw      a4, -60(s0)
core   0: 3 0x000000008000fece (0xfc442703) x14 0x0000000000000000 mem 0x0000000080031f34
core   0: 0x000000008000fed2 (0x0ff77713) andi    a4, a4, 255
core   0: 3 0x000000008000fed2 (0x0ff77713) x14 0x0000000000000000
core   0: 0x000000008000fed6 (0x00e78023) sb      a4, 0(a5)
core   0: 3 0x000000008000fed6 (0x00e78023) mem 0x0000000080012040 0x00
core   0: 0x000000008000feda (0xfc843703) ld      a4, -56(s0)
core   0: 3 0x000000008000feda (0xfc843703) x14 0x0000000080012040 mem 0x0000000080031f38
core   0: 0x000000008000fede (0xfb843783) ld      a5, -72(s0)
core   0: 3 0x000000008000fede (0xfb843783) x15 0x000000000000009c mem 0x0000000080031f28
core   0: 0x000000008000fee2 (0x000097ba) c.add   a5, a4
core   0: 3 0x000000008000fee2 (0x97ba) x15 0x00000000800120dc
core   0: 0x000000008000fee4 (0xfe043703) ld      a4, -32(s0)
core   0: 3 0x000000008000fee4 (0xfe043703) x14 0x0000000080012041 mem 0x0000000080031f50
core   0: 0x000000008000fee8 (0xfcf76de3) bltu    a4, a5, pc - 38
core   0: 3 0x000000008000fee8 (0xfcf76de3)
core   0: 0x000000008000fec2 (0xfe043783) ld      a5, -32(s0)
core   0: 3 0x000000008000fec2 (0xfe043783) x15 0x0000000080012041 mem 0x0000000080031f50
core   0: 0x000000008000fec6 (0x00178713) addi    a4, a5, 1
core   0: 3 0x000000008000fec6 (0x00178713) x14 0x0000000080012042
core   0: 0x000000008000feca (0xfee43023) sd      a4, -32(s0)
core   0: 3 0x000000008000feca (0xfee43023) mem 0x0000000080031f50 0x0000000080012042
core   0: 0x000000008000fece (0xfc442703) lw      a4, -60(s0)
core   0: 3 0x000000008000fece (0xfc442703) x14 0x0000000000000000 mem 0x0000000080031f34
core   0: 0x000000008000fed2 (0x0ff77713) andi    a4, a4, 255
core   0: 3 0x000000008000fed2 (0x0ff77713) x14 0x0000000000000000
core   0: 0x000000008000fed6 (0x00e78023) sb      a4, 0(a5)
core   0: 3 0x000000008000fed6 (0x00e78023) mem 0x0000000080012041 0x00
core   0: 0x000000008000feda (0xfc843703) ld      a4, -56(s0)
core   0: 3 0x000000008000feda (0xfc843703) x14 0x0000000080012040 mem 0x0000000080031f38
core   0: 0x000000008000fede (0xfb843783) ld      a5, -72(s0)
core   0: 3 0x000000008000fede (0xfb843783) x15 0x000000000000009c mem 0x0000000080031f28
core   0: 0x000000008000fee2 (0x000097ba) c.add   a5, a4
core   0: 3 0x000000008000fee2 (0x97ba) x15 0x00000000800120dc
core   0: 0x000000008000fee4 (0xfe043703) ld      a4, -32(s0)
core   0: 3 0x000000008000fee4 (0xfe043703) x14 0x0000000080012042 mem 0x0000000080031f50
core   0: 0x000000008000fee8 (0xfcf76de3) bltu    a4, a5, pc - 38
core   0: 3 0x000000008000fee8 (0xfcf76de3)
core   0: 0x000000008000fec2 (0xfe043783) ld      a5, -32(s0)
core   0: 3 0x000000008000fec2 (0xfe043783) x15 0x0000000080012042 mem 0x0000000080031f50
core   0: 0x000000008000fec6 (0x00178713) addi    a4, a5, 1
core   0: 3 0x000000008000fec6 (0x00178713) x14 0x0000000080012043
core   0: 0x000000008000feca (0xfee43023) sd      a4, -32(s0)
core   0: 3 0x000000008000feca (0xfee43023) mem 0x0000000080031f50 0x0000000080012043
core   0: 0x000000008000fece (0xfc442703) lw      a4, -60(s0)
core   0: 3 0x000000008000fece (0xfc442703) x14 0x0000000000000000 mem 0x0000000080031f34
core   0: 0x000000008000fed2 (0x0ff77713) andi    a4, a4, 255
core   0: 3 0x000000008000fed2 (0x0ff77713) x14 0x0000000000000000
core   0: 0x000000008000fed6 (0x00e78023) sb      a4, 0(a5)
core   0: 3 0x000000008000fed6 (0x00e78023) mem 0x0000000080012042 0x00
core   0: 0x000000008000feda (0xfc843703) ld      a4, -56(s0)
core   0: 3 0x000000008000feda (0xfc843703) x14 0x0000000080012040 mem 0x0000000080031f38
core   0: 0x000000008000fede (0xfb843783) ld      a5, -72(s0)
core   0: 3 0x000000008000fede (0xfb843783) x15 0x000000000000009c mem 0x0000000080031f28
core   0: 0x000000008000fee2 (0x000097ba) c.add   a5, a4
core   0: 3 0x000000008000fee2 (0x97ba) x15 0x00000000800120dc
core   0: 0x000000008000fee4 (0xfe043703) ld      a4, -32(s0)
core   0: 3 0x000000008000fee4 (0xfe043703) x14 0x0000000080012043 mem 0x0000000080031f50
core   0: 0x000000008000fee8 (0xfcf76de3) bltu    a4, a5, pc - 38
core   0: 3 0x000000008000fee8 (0xfcf76de3)
core   0: 0x000000008000fec2 (0xfe043783) ld      a5, -32(s0)
core   0: 3 0x000000008000fec2 (0xfe043783) x15 0x0000000080012043 mem 0x0000000080031f50
core   0: 0x000000008000fec6 (0x00178713) addi    a4, a5, 1
core   0: 3 0x000000008000fec6 (0x00178713) x14 0x0000000080012044
core   0: 0x000000008000feca (0xfee43023) sd      a4, -32(s0)
core   0: 3 0x000000008000feca (0xfee43023) mem 0x0000000080031f50 0x0000000080012044
core   0: 0x000000008000fece (0xfc442703) lw      a4, -60(s0)
core   0: 3 0x000000008000fece (0xfc442703) x14 0x0000000000000000 mem 0x0000000080031f34
core   0: 0x000000008000fed2 (0x0ff77713) andi    a4, a4, 255
core   0: 3 0x000000008000fed2 (0x0ff77713) x14 0x0000000000000000
core   0: 0x000000008000fed6 (0x00e78023) sb      a4, 0(a5)
core   0: 3 0x000000008000fed6 (0x00e78023) mem 0x0000000080012043 0x00
core   0: 0x000000008000feda (0xfc843703) ld      a4, -56(s0)
core   0: 3 0x000000008000feda (0xfc843703) x14 0x0000000080012040 mem 0x0000000080031f38
core   0: 0x000000008000fede (0xfb843783) ld      a5, -72(s0)
core   0: 3 0x000000008000fede (0xfb843783) x15 0x000000000000009c mem 0x0000000080031f28
core   0: 0x000000008000fee2 (0x000097ba) c.add   a5, a4
core   0: 3 0x000000008000fee2 (0x97ba) x15 0x00000000800120dc
core   0: 0x000000008000fee4 (0xfe043703) ld      a4, -32(s0)
core   0: 3 0x000000008000fee4 (0xfe043703) x14 0x0000000080012044 mem 0x0000000080031f50
core   0: 0x000000008000fee8 (0xfcf76de3) bltu    a4, a5, pc - 38
core   0: 3 0x000000008000fee8 (0xfcf76de3)
core   0: 0x000000008000fec2 (0xfe043783) ld      a5, -32(s0)
core   0: 3 0x000000008000fec2 (0xfe043783) x15 0x0000000080012044 mem 0x0000000080031f50
core   0: 0x000000008000fec6 (0x00178713) addi    a4, a5, 1
core   0: 3 0x000000008000fec6 (0x00178713) x14 0x0000000080012045
core   0: 0x000000008000feca (0xfee43023) sd      a4, -32(s0)
core   0: 3 0x000000008000feca (0xfee43023) mem 0x0000000080031f50 0x0000000080012045
core   0: 0x000000008000fece (0xfc442703) lw      a4, -60(s0)
core   0: 3 0x000000008000fece (0xfc442703) x14 0x0000000000000000 mem 0x0000000080031f34
core   0: 0x000000008000fed2 (0x0ff77713) andi    a4, a4, 255
core   0: 3 0x000000008000fed2 (0x0ff77713) x14 0x0000000000000000
core   0: 0x000000008000fed6 (0x00e78023) sb      a4, 0(a5)
core   0: 3 0x000000008000fed6 (0x00e78023) mem 0x0000000080012044 0x00
core   0: 0x000000008000feda (0xfc843703) ld      a4, -56(s0)
core   0: 3 0x000000008000feda (0xfc843703) x14 0x0000000080012040 mem 0x0000000080031f38
core   0: 0x000000008000fede (0xfb843783) ld      a5, -72(s0)
core   0: 3 0x000000008000fede (0xfb843783) x15 0x000000000000009c mem 0x0000000080031f28
core   0: 0x000000008000fee2 (0x000097ba) c.add   a5, a4
core   0: 3 0x000000008000fee2 (0x97ba) x15 0x00000000800120dc
core   0: 0x000000008000fee4 (0xfe043703) ld      a4, -32(s0)
core   0: 3 0x000000008000fee4 (0xfe043703) x14 0x0000000080012045 mem 0x0000000080031f50
core   0: 0x000000008000fee8 (0xfcf76de3) bltu    a4, a5, pc - 38
core   0: 3 0x000000008000fee8 (0xfcf76de3)
core   0: 0x000000008000fec2 (0xfe043783) ld      a5, -32(s0)
core   0: 3 0x000000008000fec2 (0xfe043783) x15 0x0000000080012045 mem 0x0000000080031f50
core   0: 0x000000008000fec6 (0x00178713) addi    a4, a5, 1
core   0: 3 0x000000008000fec6 (0x00178713) x14 0x0000000080012046
core   0: 0x000000008000feca (0xfee43023) sd      a4, -32(s0)
core   0: 3 0x000000008000feca (0xfee43023) mem 0x0000000080031f50 0x0000000080012046
core   0: 0x000000008000fece (0xfc442703) lw      a4, -60(s0)
core   0: 3 0x000000008000fece (0xfc442703) x14 0x0000000000000000 mem 0x0000000080031f34
core   0: 0x000000008000fed2 (0x0ff77713) andi    a4, a4, 255
core   0: 3 0x000000008000fed2 (0x0ff77713) x14 0x0000000000000000
core   0: 0x000000008000fed6 (0x00e78023) sb      a4, 0(a5)
core   0: 3 0x000000008000fed6 (0x00e78023) mem 0x0000000080012045 0x00
core   0: 0x000000008000feda (0xfc843703) ld      a4, -56(s0)
core   0: 3 0x000000008000feda (0xfc843703) x14 0x0000000080012040 mem 0x0000000080031f38
core   0: 0x000000008000fede (0xfb843783) ld      a5, -72(s0)
core   0: 3 0x000000008000fede (0xfb843783) x15 0x000000000000009c mem 0x0000000080031f28
core   0: 0x000000008000fee2 (0x000097ba) c.add   a5, a4
core   0: 3 0x000000008000fee2 (0x97ba) x15 0x00000000800120dc
core   0: 0x000000008000fee4 (0xfe043703) ld      a4, -32(s0)
core   0: 3 0x000000008000fee4 (0xfe043703) x14 0x0000000080012046 mem 0x0000000080031f50
core   0: 0x000000008000fee8 (0xfcf76de3) bltu    a4, a5, pc - 38
core   0: 3 0x000000008000fee8 (0xfcf76de3)
core   0: 0x000000008000fec2 (0xfe043783) ld      a5, -32(s0)
core   0: 3 0x000000008000fec2 (0xfe043783) x15 0x0000000080012046 mem 0x0000000080031f50
core   0: 0x000000008000fec6 (0x00178713) addi    a4, a5, 1
core   0: 3 0x000000008000fec6 (0x00178713) x14 0x0000000080012047
core   0: 0x000000008000feca (0xfee43023) sd      a4, -32(s0)
core   0: 3 0x000000008000feca (0xfee43023) mem 0x0000000080031f50 0x0000000080012047
core   0: 0x000000008000fece (0xfc442703) lw      a4, -60(s0)
core   0: 3 0x000000008000fece (0xfc442703) x14 0x0000000000000000 mem 0x0000000080031f34
core   0: 0x000000008000fed2 (0x0ff77713) andi    a4, a4, 255
core   0: 3 0x000000008000fed2 (0x0ff77713) x14 0x0000000000000000
core   0: 0x000000008000fed6 (0x00e78023) sb      a4, 0(a5)
core   0: 3 0x000000008000fed6 (0x00e78023) mem 0x0000000080012046 0x00
core   0: 0x000000008000feda (0xfc843703) ld      a4, -56(s0)
core   0: 3 0x000000008000feda (0xfc843703) x14 0x0000000080012040 mem 0x0000000080031f38
core   0: 0x000000008000fede (0xfb843783) ld      a5, -72(s0)
core   0: 3 0x000000008000fede (0xfb843783) x15 0x000000000000009c mem 0x0000000080031f28
core   0: 0x000000008000fee2 (0x000097ba) c.add   a5, a4
core   0: 3 0x000000008000fee2 (0x97ba) x15 0x00000000800120dc
core   0: 0x000000008000fee4 (0xfe043703) ld      a4, -32(s0)
core   0: 3 0x000000008000fee4 (0xfe043703) x14 0x0000000080012047 mem 0x0000000080031f50
core   0: 0x000000008000fee8 (0xfcf76de3) bltu    a4, a5, pc - 38
core   0: 3 0x000000008000fee8 (0xfcf76de3)
core   0: 0x000000008000fec2 (0xfe043783) ld      a5, -32(s0)
core   0: 3 0x000000008000fec2 (0xfe043783) x15 0x0000000080012047 mem 0x0000000080031f50
core   0: 0x000000008000fec6 (0x00178713) addi    a4, a5, 1
core   0: 3 0x000000008000fec6 (0x00178713) x14 0x0000000080012048
core   0: 0x000000008000feca (0xfee43023) sd      a4, -32(s0)
core   0: 3 0x000000008000feca (0xfee43023) mem 0x0000000080031f50 0x0000000080012048
core   0: 0x000000008000fece (0xfc442703) lw      a4, -60(s0)
core   0: 3 0x000000008000fece (0xfc442703) x14 0x0000000000000000 mem 0x0000000080031f34
core   0: 0x000000008000fed2 (0x0ff77713) andi    a4, a4, 255
core   0: 3 0x000000008000fed2 (0x0ff77713) x14 0x0000000000000000
core   0: 0x000000008000fed6 (0x00e78023) sb      a4, 0(a5)
core   0: 3 0x000000008000fed6 (0x00e78023) mem 0x0000000080012047 0x00
core   0: 0x000000008000feda (0xfc843703) ld      a4, -56(s0)
core   0: 3 0x000000008000feda (0xfc843703) x14 0x0000000080012040 mem 0x0000000080031f38
core   0: 0x000000008000fede (0xfb843783) ld      a5, -72(s0)
core   0: 3 0x000000008000fede (0xfb843783) x15 0x000000000000009c mem 0x0000000080031f28
core   0: 0x000000008000fee2 (0x000097ba) c.add   a5, a4
core   0: 3 0x000000008000fee2 (0x97ba) x15 0x00000000800120dc
core   0: 0x000000008000fee4 (0xfe043703) ld      a4, -32(s0)
core   0: 3 0x000000008000fee4 (0xfe043703) x14 0x0000000080012048 mem 0x0000000080031f50
core   0: 0x000000008000fee8 (0xfcf76de3) bltu    a4, a5, pc - 38
core   0: 3 0x000000008000fee8 (0xfcf76de3)
core   0: 0x000000008000fec2 (0xfe043783) ld      a5, -32(s0)
core   0: 3 0x000000008000fec2 (0xfe043783) x15 0x0000000080012048 mem 0x0000000080031f50
core   0: 0x000000008000fec6 (0x00178713) addi    a4, a5, 1
core   0: 3 0x000000008000fec6 (0x00178713) x14 0x0000000080012049
core   0: 0x000000008000feca (0xfee43023) sd      a4, -32(s0)
core   0: 3 0x000000008000feca (0xfee43023) mem 0x0000000080031f50 0x0000000080012049
core   0: 0x000000008000fece (0xfc442703) lw      a4, -60(s0)
core   0: 3 0x000000008000fece (0xfc442703) x14 0x0000000000000000 mem 0x0000000080031f34
core   0: 0x000000008000fed2 (0x0ff77713) andi    a4, a4, 255
core   0: 3 0x000000008000fed2 (0x0ff77713) x14 0x0000000000000000
core   0: 0x000000008000fed6 (0x00e78023) sb      a4, 0(a5)
core   0: 3 0x000000008000fed6 (0x00e78023) mem 0x0000000080012048 0x00
core   0: 0x000000008000feda (0xfc843703) ld      a4, -56(s0)
core   0: 3 0x000000008000feda (0xfc843703) x14 0x0000000080012040 mem 0x0000000080031f38
core   0: 0x000000008000fede (0xfb843783) ld      a5, -72(s0)
core   0: 3 0x000000008000fede (0xfb843783) x15 0x000000000000009c mem 0x0000000080031f28
core   0: 0x000000008000fee2 (0x000097ba) c.add   a5, a4
core   0: 3 0x000000008000fee2 (0x97ba) x15 0x00000000800120dc
core   0: 0x000000008000fee4 (0xfe043703) ld      a4, -32(s0)
core   0: 3 0x000000008000fee4 (0xfe043703) x14 0x0000000080012049 mem 0x0000000080031f50
core   0: 0x000000008000fee8 (0xfcf76de3) bltu    a4, a5, pc - 38
core   0: 3 0x000000008000fee8 (0xfcf76de3)
core   0: 0x000000008000fec2 (0xfe043783) ld      a5, -32(s0)
core   0: 3 0x000000008000fec2 (0xfe043783) x15 0x0000000080012049 mem 0x0000000080031f50
core   0: 0x000000008000fec6 (0x00178713) addi    a4, a5, 1
core   0: 3 0x000000008000fec6 (0x00178713) x14 0x000000008001204a
core   0: 0x000000008000feca (0xfee43023) sd      a4, -32(s0)
core   0: 3 0x000000008000feca (0xfee43023) mem 0x0000000080031f50 0x000000008001204a
core   0: 0x000000008000fece (0xfc442703) lw      a4, -60(s0)
core   0: 3 0x000000008000fece (0xfc442703) x14 0x0000000000000000 mem 0x0000000080031f34
core   0: 0x000000008000fed2 (0x0ff77713) andi    a4, a4, 255
core   0: 3 0x000000008000fed2 (0x0ff77713) x14 0x0000000000000000
core   0: 0x000000008000fed6 (0x00e78023) sb      a4, 0(a5)
core   0: 3 0x000000008000fed6 (0x00e78023) mem 0x0000000080012049 0x00
core   0: 0x000000008000feda (0xfc843703) ld      a4, -56(s0)
core   0: 3 0x000000008000feda (0xfc843703) x14 0x0000000080012040 mem 0x0000000080031f38
core   0: 0x000000008000fede (0xfb843783) ld      a5, -72(s0)
core   0: 3 0x000000008000fede (0xfb843783) x15 0x000000000000009c mem 0x0000000080031f28
core   0: 0x000000008000fee2 (0x000097ba) c.add   a5, a4
core   0: 3 0x000000008000fee2 (0x97ba) x15 0x00000000800120dc
core   0: 0x000000008000fee4 (0xfe043703) ld      a4, -32(s0)
core   0: 3 0x000000008000fee4 (0xfe043703) x14 0x000000008001204a mem 0x0000000080031f50
core   0: 0x000000008000fee8 (0xfcf76de3) bltu    a4, a5, pc - 38
core   0: 3 0x000000008000fee8 (0xfcf76de3)
core   0: 0x000000008000fec2 (0xfe043783) ld      a5, -32(s0)
core   0: 3 0x000000008000fec2 (0xfe043783) x15 0x000000008001204a mem 0x0000000080031f50
core   0: 0x000000008000fec6 (0x00178713) addi    a4, a5, 1
core   0: 3 0x000000008000fec6 (0x00178713) x14 0x000000008001204b
core   0: 0x000000008000feca (0xfee43023) sd      a4, -32(s0)
core   0: 3 0x000000008000feca (0xfee43023) mem 0x0000000080031f50 0x000000008001204b
core   0: 0x000000008000fece (0xfc442703) lw      a4, -60(s0)
core   0: 3 0x000000008000fece (0xfc442703) x14 0x0000000000000000 mem 0x0000000080031f34
core   0: 0x000000008000fed2 (0x0ff77713) andi    a4, a4, 255
core   0: 3 0x000000008000fed2 (0x0ff77713) x14 0x0000000000000000
core   0: 0x000000008000fed6 (0x00e78023) sb      a4, 0(a5)
core   0: 3 0x000000008000fed6 (0x00e78023) mem 0x000000008001204a 0x00
core   0: 0x000000008000feda (0xfc843703) ld      a4, -56(s0)
core   0: 3 0x000000008000feda (0xfc843703) x14 0x0000000080012040 mem 0x0000000080031f38
core   0: 0x000000008000fede (0xfb843783) ld      a5, -72(s0)
core   0: 3 0x000000008000fede (0xfb843783) x15 0x000000000000009c mem 0x0000000080031f28
core   0: 0x000000008000fee2 (0x000097ba) c.add   a5, a4
core   0: 3 0x000000008000fee2 (0x97ba) x15 0x00000000800120dc
core   0: 0x000000008000fee4 (0xfe043703) ld      a4, -32(s0)
core   0: 3 0x000000008000fee4 (0xfe043703) x14 0x000000008001204b mem 0x0000000080031f50
core   0: 0x000000008000fee8 (0xfcf76de3) bltu    a4, a5, pc - 38
core   0: 3 0x000000008000fee8 (0xfcf76de3)
core   0: 0x000000008000fec2 (0xfe043783) ld      a5, -32(s0)
core   0: 3 0x000000008000fec2 (0xfe043783) x15 0x000000008001204b mem 0x0000000080031f50
core   0: 0x000000008000fec6 (0x00178713) addi    a4, a5, 1
core   0: 3 0x000000008000fec6 (0x00178713) x14 0x000000008001204c
core   0: 0x000000008000feca (0xfee43023) sd      a4, -32(s0)
core   0: 3 0x000000008000feca (0xfee43023) mem 0x0000000080031f50 0x000000008001204c
core   0: 0x000000008000fece (0xfc442703) lw      a4, -60(s0)
core   0: 3 0x000000008000fece (0xfc442703) x14 0x0000000000000000 mem 0x0000000080031f34
core   0: 0x000000008000fed2 (0x0ff77713) andi    a4, a4, 255
core   0: 3 0x000000008000fed2 (0x0ff77713) x14 0x0000000000000000
core   0: 0x000000008000fed6 (0x00e78023) sb      a4, 0(a5)
core   0: 3 0x000000008000fed6 (0x00e78023) mem 0x000000008001204b 0x00
core   0: 0x000000008000feda (0xfc843703) ld      a4, -56(s0)
core   0: 3 0x000000008000feda (0xfc843703) x14 0x0000000080012040 mem 0x0000000080031f38
core   0: 0x000000008000fede (0xfb843783) ld      a5, -72(s0)
core   0: 3 0x000000008000fede (0xfb843783) x15 0x000000000000009c mem 0x0000000080031f28
core   0: 0x000000008000fee2 (0x000097ba) c.add   a5, a4
core   0: 3 0x000000008000fee2 (0x97ba) x15 0x00000000800120dc
core   0: 0x000000008000fee4 (0xfe043703) ld      a4, -32(s0)
core   0: 3 0x000000008000fee4 (0xfe043703) x14 0x000000008001204c mem 0x0000000080031f50
core   0: 0x000000008000fee8 (0xfcf76de3) bltu    a4, a5, pc - 38
core   0: 3 0x000000008000fee8 (0xfcf76de3)
core   0: 0x000000008000fec2 (0xfe043783) ld      a5, -32(s0)
core   0: 3 0x000000008000fec2 (0xfe043783) x15 0x000000008001204c mem 0x0000000080031f50
core   0: 0x000000008000fec6 (0x00178713) addi    a4, a5, 1
core   0: 3 0x000000008000fec6 (0x00178713) x14 0x000000008001204d
core   0: 0x000000008000feca (0xfee43023) sd      a4, -32(s0)
core   0: 3 0x000000008000feca (0xfee43023) mem 0x0000000080031f50 0x000000008001204d
core   0: 0x000000008000fece (0xfc442703) lw      a4, -60(s0)
core   0: 3 0x000000008000fece (0xfc442703) x14 0x0000000000000000 mem 0x0000000080031f34
core   0: 0x000000008000fed2 (0x0ff77713) andi    a4, a4, 255
core   0: 3 0x000000008000fed2 (0x0ff77713) x14 0x0000000000000000
core   0: 0x000000008000fed6 (0x00e78023) sb      a4, 0(a5)
core   0: 3 0x000000008000fed6 (0x00e78023) mem 0x000000008001204c 0x00
core   0: 0x000000008000feda (0xfc843703) ld      a4, -56(s0)
core   0: 3 0x000000008000feda (0xfc843703) x14 0x0000000080012040 mem 0x0000000080031f38
core   0: 0x000000008000fede (0xfb843783) ld      a5, -72(s0)
core   0: 3 0x000000008000fede (0xfb843783) x15 0x000000000000009c mem 0x0000000080031f28
core   0: 0x000000008000fee2 (0x000097ba) c.add   a5, a4
core   0: 3 0x000000008000fee2 (0x97ba) x15 0x00000000800120dc
core   0: 0x000000008000fee4 (0xfe043703) ld      a4, -32(s0)
core   0: 3 0x000000008000fee4 (0xfe043703) x14 0x000000008001204d mem 0x0000000080031f50
core   0: 0x000000008000fee8 (0xfcf76de3) bltu    a4, a5, pc - 38
core   0: 3 0x000000008000fee8 (0xfcf76de3)
core   0: 0x000000008000fec2 (0xfe043783) ld      a5, -32(s0)
core   0: 3 0x000000008000fec2 (0xfe043783) x15 0x000000008001204d mem 0x0000000080031f50
core   0: 0x000000008000fec6 (0x00178713) addi    a4, a5, 1
core   0: 3 0x000000008000fec6 (0x00178713) x14 0x000000008001204e
core   0: 0x000000008000feca (0xfee43023) sd      a4, -32(s0)
core   0: 3 0x000000008000feca (0xfee43023) mem 0x0000000080031f50 0x000000008001204e
core   0: 0x000000008000fece (0xfc442703) lw      a4, -60(s0)
core   0: 3 0x000000008000fece (0xfc442703) x14 0x0000000000000000 mem 0x0000000080031f34
core   0: 0x000000008000fed2 (0x0ff77713) andi    a4, a4, 255
core   0: 3 0x000000008000fed2 (0x0ff77713) x14 0x0000000000000000
core   0: 0x000000008000fed6 (0x00e78023) sb      a4, 0(a5)
core   0: 3 0x000000008000fed6 (0x00e78023) mem 0x000000008001204d 0x00
core   0: 0x000000008000feda (0xfc843703) ld      a4, -56(s0)
core   0: 3 0x000000008000feda (0xfc843703) x14 0x0000000080012040 mem 0x0000000080031f38
core   0: 0x000000008000fede (0xfb843783) ld      a5, -72(s0)
core   0: 3 0x000000008000fede (0xfb843783) x15 0x000000000000009c mem 0x0000000080031f28
core   0: 0x000000008000fee2 (0x000097ba) c.add   a5, a4
core   0: 3 0x000000008000fee2 (0x97ba) x15 0x00000000800120dc
core   0: 0x000000008000fee4 (0xfe043703) ld      a4, -32(s0)
core   0: 3 0x000000008000fee4 (0xfe043703) x14 0x000000008001204e mem 0x0000000080031f50
core   0: 0x000000008000fee8 (0xfcf76de3) bltu    a4, a5, pc - 38
core   0: 3 0x000000008000fee8 (0xfcf76de3)
core   0: 0x000000008000fec2 (0xfe043783) ld      a5, -32(s0)
core   0: 3 0x000000008000fec2 (0xfe043783) x15 0x000000008001204e mem 0x0000000080031f50
core   0: 0x000000008000fec6 (0x00178713) addi    a4, a5, 1
core   0: 3 0x000000008000fec6 (0x00178713) x14 0x000000008001204f
core   0: 0x000000008000feca (0xfee43023) sd      a4, -32(s0)
core   0: 3 0x000000008000feca (0xfee43023) mem 0x0000000080031f50 0x000000008001204f
core   0: 0x000000008000fece (0xfc442703) lw      a4, -60(s0)
core   0: 3 0x000000008000fece (0xfc442703) x14 0x0000000000000000 mem 0x0000000080031f34
core   0: 0x000000008000fed2 (0x0ff77713) andi    a4, a4, 255
core   0: 3 0x000000008000fed2 (0x0ff77713) x14 0x0000000000000000
core   0: 0x000000008000fed6 (0x00e78023) sb      a4, 0(a5)
core   0: 3 0x000000008000fed6 (0x00e78023) mem 0x000000008001204e 0x00
core   0: 0x000000008000feda (0xfc843703) ld      a4, -56(s0)
core   0: 3 0x000000008000feda (0xfc843703) x14 0x0000000080012040 mem 0x0000000080031f38
core   0: 0x000000008000fede (0xfb843783) ld      a5, -72(s0)
core   0: 3 0x000000008000fede (0xfb843783) x15 0x000000000000009c mem 0x0000000080031f28
core   0: 0x000000008000fee2 (0x000097ba) c.add   a5, a4
core   0: 3 0x000000008000fee2 (0x97ba) x15 0x00000000800120dc
core   0: 0x000000008000fee4 (0xfe043703) ld      a4, -32(s0)
core   0: 3 0x000000008000fee4 (0xfe043703) x14 0x000000008001204f mem 0x0000000080031f50
core   0: 0x000000008000fee8 (0xfcf76de3) bltu    a4, a5, pc - 38
core   0: 3 0x000000008000fee8 (0xfcf76de3)
core   0: 0x000000008000fec2 (0xfe043783) ld      a5, -32(s0)
core   0: 3 0x000000008000fec2 (0xfe043783) x15 0x000000008001204f mem 0x0000000080031f50
core   0: 0x000000008000fec6 (0x00178713) addi    a4, a5, 1
core   0: 3 0x000000008000fec6 (0x00178713) x14 0x0000000080012050
core   0: 0x000000008000feca (0xfee43023) sd      a4, -32(s0)
core   0: 3 0x000000008000feca (0xfee43023) mem 0x0000000080031f50 0x0000000080012050
core   0: 0x000000008000fece (0xfc442703) lw      a4, -60(s0)
core   0: 3 0x000000008000fece (0xfc442703) x14 0x0000000000000000 mem 0x0000000080031f34
core   0: 0x000000008000fed2 (0x0ff77713) andi    a4, a4, 255
core   0: 3 0x000000008000fed2 (0x0ff77713) x14 0x0000000000000000
core   0: 0x000000008000fed6 (0x00e78023) sb      a4, 0(a5)
core   0: 3 0x000000008000fed6 (0x00e78023) mem 0x000000008001204f 0x00
core   0: 0x000000008000feda (0xfc843703) ld      a4, -56(s0)
core   0: 3 0x000000008000feda (0xfc843703) x14 0x0000000080012040 mem 0x0000000080031f38
core   0: 0x000000008000fede (0xfb843783) ld      a5, -72(s0)
core   0: 3 0x000000008000fede (0xfb843783) x15 0x000000000000009c mem 0x0000000080031f28
core   0: 0x000000008000fee2 (0x000097ba) c.add   a5, a4
core   0: 3 0x000000008000fee2 (0x97ba) x15 0x00000000800120dc
core   0: 0x000000008000fee4 (0xfe043703) ld      a4, -32(s0)
core   0: 3 0x000000008000fee4 (0xfe043703) x14 0x0000000080012050 mem 0x0000000080031f50
core   0: 0x000000008000fee8 (0xfcf76de3) bltu    a4, a5, pc - 38
core   0: 3 0x000000008000fee8 (0xfcf76de3)
core   0: 0x000000008000fec2 (0xfe043783) ld      a5, -32(s0)
core   0: 3 0x000000008000fec2 (0xfe043783) x15 0x0000000080012050 mem 0x0000000080031f50
core   0: 0x000000008000fec6 (0x00178713) addi    a4, a5, 1
core   0: 3 0x000000008000fec6 (0x00178713) x14 0x0000000080012051
core   0: 0x000000008000feca (0xfee43023) sd      a4, -32(s0)
core   0: 3 0x000000008000feca (0xfee43023) mem 0x0000000080031f50 0x0000000080012051
core   0: 0x000000008000fece (0xfc442703) lw      a4, -60(s0)
core   0: 3 0x000000008000fece (0xfc442703) x14 0x0000000000000000 mem 0x0000000080031f34
core   0: 0x000000008000fed2 (0x0ff77713) andi    a4, a4, 255
core   0: 3 0x000000008000fed2 (0x0ff77713) x14 0x0000000000000000
core   0: 0x000000008000fed6 (0x00e78023) sb      a4, 0(a5)
core   0: 3 0x000000008000fed6 (0x00e78023) mem 0x0000000080012050 0x00
core   0: 0x000000008000feda (0xfc843703) ld      a4, -56(s0)
core   0: 3 0x000000008000feda (0xfc843703) x14 0x0000000080012040 mem 0x0000000080031f38
core   0: 0x000000008000fede (0xfb843783) ld      a5, -72(s0)
core   0: 3 0x000000008000fede (0xfb843783) x15 0x000000000000009c mem 0x0000000080031f28
core   0: 0x000000008000fee2 (0x000097ba) c.add   a5, a4
core   0: 3 0x000000008000fee2 (0x97ba) x15 0x00000000800120dc
core   0: 0x000000008000fee4 (0xfe043703) ld      a4, -32(s0)
core   0: 3 0x000000008000fee4 (0xfe043703) x14 0x0000000080012051 mem 0x0000000080031f50
core   0: 0x000000008000fee8 (0xfcf76de3) bltu    a4, a5, pc - 38
core   0: 3 0x000000008000fee8 (0xfcf76de3)
core   0: 0x000000008000fec2 (0xfe043783) ld      a5, -32(s0)
core   0: 3 0x000000008000fec2 (0xfe043783) x15 0x0000000080012051 mem 0x0000000080031f50
core   0: 0x000000008000fec6 (0x00178713) addi    a4, a5, 1
core   0: 3 0x000000008000fec6 (0x00178713) x14 0x0000000080012052
core   0: 0x000000008000feca (0xfee43023) sd      a4, -32(s0)
core   0: 3 0x000000008000feca (0xfee43023) mem 0x0000000080031f50 0x0000000080012052
core   0: 0x000000008000fece (0xfc442703) lw      a4, -60(s0)
core   0: 3 0x000000008000fece (0xfc442703) x14 0x0000000000000000 mem 0x0000000080031f34
core   0: 0x000000008000fed2 (0x0ff77713) andi    a4, a4, 255
core   0: 3 0x000000008000fed2 (0x0ff77713) x14 0x0000000000000000
core   0: 0x000000008000fed6 (0x00e78023) sb      a4, 0(a5)
core   0: 3 0x000000008000fed6 (0x00e78023) mem 0x0000000080012051 0x00
core   0: 0x000000008000feda (0xfc843703) ld      a4, -56(s0)
core   0: 3 0x000000008000feda (0xfc843703) x14 0x0000000080012040 mem 0x0000000080031f38
core   0: 0x000000008000fede (0xfb843783) ld      a5, -72(s0)
core   0: 3 0x000000008000fede (0xfb843783) x15 0x000000000000009c mem 0x0000000080031f28
core   0: 0x000000008000fee2 (0x000097ba) c.add   a5, a4
core   0: 3 0x000000008000fee2 (0x97ba) x15 0x00000000800120dc
core   0: 0x000000008000fee4 (0xfe043703) ld      a4, -32(s0)
core   0: 3 0x000000008000fee4 (0xfe043703) x14 0x0000000080012052 mem 0x0000000080031f50
core   0: 0x000000008000fee8 (0xfcf76de3) bltu    a4, a5, pc - 38
core   0: 3 0x000000008000fee8 (0xfcf76de3)
core   0: 0x000000008000fec2 (0xfe043783) ld      a5, -32(s0)
core   0: 3 0x000000008000fec2 (0xfe043783) x15 0x0000000080012052 mem 0x0000000080031f50
core   0: 0x000000008000fec6 (0x00178713) addi    a4, a5, 1
core   0: 3 0x000000008000fec6 (0x00178713) x14 0x0000000080012053
core   0: 0x000000008000feca (0xfee43023) sd      a4, -32(s0)
core   0: 3 0x000000008000feca (0xfee43023) mem 0x0000000080031f50 0x0000000080012053
core   0: 0x000000008000fece (0xfc442703) lw      a4, -60(s0)
core   0: 3 0x000000008000fece (0xfc442703) x14 0x0000000000000000 mem 0x0000000080031f34
core   0: 0x000000008000fed2 (0x0ff77713) andi    a4, a4, 255
core   0: 3 0x000000008000fed2 (0x0ff77713) x14 0x0000000000000000
core   0: 0x000000008000fed6 (0x00e78023) sb      a4, 0(a5)
core   0: 3 0x000000008000fed6 (0x00e78023) mem 0x0000000080012052 0x00
core   0: 0x000000008000feda (0xfc843703) ld      a4, -56(s0)
core   0: 3 0x000000008000feda (0xfc843703) x14 0x0000000080012040 mem 0x0000000080031f38
core   0: 0x000000008000fede (0xfb843783) ld      a5, -72(s0)
core   0: 3 0x000000008000fede (0xfb843783) x15 0x000000000000009c mem 0x0000000080031f28
core   0: 0x000000008000fee2 (0x000097ba) c.add   a5, a4
core   0: 3 0x000000008000fee2 (0x97ba) x15 0x00000000800120dc
core   0: 0x000000008000fee4 (0xfe043703) ld      a4, -32(s0)
core   0: 3 0x000000008000fee4 (0xfe043703) x14 0x0000000080012053 mem 0x0000000080031f50
core   0: 0x000000008000fee8 (0xfcf76de3) bltu    a4, a5, pc - 38
core   0: 3 0x000000008000fee8 (0xfcf76de3)
core   0: 0x000000008000fec2 (0xfe043783) ld      a5, -32(s0)
core   0: 3 0x000000008000fec2 (0xfe043783) x15 0x0000000080012053 mem 0x0000000080031f50
core   0: 0x000000008000fec6 (0x00178713) addi    a4, a5, 1
core   0: 3 0x000000008000fec6 (0x00178713) x14 0x0000000080012054
core   0: 0x000000008000feca (0xfee43023) sd      a4, -32(s0)
core   0: 3 0x000000008000feca (0xfee43023) mem 0x0000000080031f50 0x0000000080012054
core   0: 0x000000008000fece (0xfc442703) lw      a4, -60(s0)
core   0: 3 0x000000008000fece (0xfc442703) x14 0x0000000000000000 mem 0x0000000080031f34
core   0: 0x000000008000fed2 (0x0ff77713) andi    a4, a4, 255
core   0: 3 0x000000008000fed2 (0x0ff77713) x14 0x0000000000000000
core   0: 0x000000008000fed6 (0x00e78023) sb      a4, 0(a5)
core   0: 3 0x000000008000fed6 (0x00e78023) mem 0x0000000080012053 0x00
core   0: 0x000000008000feda (0xfc843703) ld      a4, -56(s0)
core   0: 3 0x000000008000feda (0xfc843703) x14 0x0000000080012040 mem 0x0000000080031f38
core   0: 0x000000008000fede (0xfb843783) ld      a5, -72(s0)
core   0: 3 0x000000008000fede (0xfb843783) x15 0x000000000000009c mem 0x0000000080031f28
core   0: 0x000000008000fee2 (0x000097ba) c.add   a5, a4
core   0: 3 0x000000008000fee2 (0x97ba) x15 0x00000000800120dc
core   0: 0x000000008000fee4 (0xfe043703) ld      a4, -32(s0)
core   0: 3 0x000000008000fee4 (0xfe043703) x14 0x0000000080012054 mem 0x0000000080031f50
core   0: 0x000000008000fee8 (0xfcf76de3) bltu    a4, a5, pc - 38
core   0: 3 0x000000008000fee8 (0xfcf76de3)
core   0: 0x000000008000fec2 (0xfe043783) ld      a5, -32(s0)
core   0: 3 0x000000008000fec2 (0xfe043783) x15 0x0000000080012054 mem 0x0000000080031f50
core   0: 0x000000008000fec6 (0x00178713) addi    a4, a5, 1
core   0: 3 0x000000008000fec6 (0x00178713) x14 0x0000000080012055
core   0: 0x000000008000feca (0xfee43023) sd      a4, -32(s0)
core   0: 3 0x000000008000feca (0xfee43023) mem 0x0000000080031f50 0x0000000080012055
core   0: 0x000000008000fece (0xfc442703) lw      a4, -60(s0)
core   0: 3 0x000000008000fece (0xfc442703) x14 0x0000000000000000 mem 0x0000000080031f34
core   0: 0x000000008000fed2 (0x0ff77713) andi    a4, a4, 255
core   0: 3 0x000000008000fed2 (0x0ff77713) x14 0x0000000000000000
core   0: 0x000000008000fed6 (0x00e78023) sb      a4, 0(a5)
core   0: 3 0x000000008000fed6 (0x00e78023) mem 0x0000000080012054 0x00
core   0: 0x000000008000feda (0xfc843703) ld      a4, -56(s0)
core   0: 3 0x000000008000feda (0xfc843703) x14 0x0000000080012040 mem 0x0000000080031f38
core   0: 0x000000008000fede (0xfb843783) ld      a5, -72(s0)
core   0: 3 0x000000008000fede (0xfb843783) x15 0x000000000000009c mem 0x0000000080031f28
core   0: 0x000000008000fee2 (0x000097ba) c.add   a5, a4
core   0: 3 0x000000008000fee2 (0x97ba) x15 0x00000000800120dc
core   0: 0x000000008000fee4 (0xfe043703) ld      a4, -32(s0)
core   0: 3 0x000000008000fee4 (0xfe043703) x14 0x0000000080012055 mem 0x0000000080031f50
core   0: 0x000000008000fee8 (0xfcf76de3) bltu    a4, a5, pc - 38
core   0: 3 0x000000008000fee8 (0xfcf76de3)
core   0: 0x000000008000fec2 (0xfe043783) ld      a5, -32(s0)
core   0: 3 0x000000008000fec2 (0xfe043783) x15 0x0000000080012055 mem 0x0000000080031f50
core   0: 0x000000008000fec6 (0x00178713) addi    a4, a5, 1
core   0: 3 0x000000008000fec6 (0x00178713) x14 0x0000000080012056
core   0: 0x000000008000feca (0xfee43023) sd      a4, -32(s0)
core   0: 3 0x000000008000feca (0xfee43023) mem 0x0000000080031f50 0x0000000080012056
core   0: 0x000000008000fece (0xfc442703) lw      a4, -60(s0)
core   0: 3 0x000000008000fece (0xfc442703) x14 0x0000000000000000 mem 0x0000000080031f34
core   0: 0x000000008000fed2 (0x0ff77713) andi    a4, a4, 255
core   0: 3 0x000000008000fed2 (0x0ff77713) x14 0x0000000000000000
core   0: 0x000000008000fed6 (0x00e78023) sb      a4, 0(a5)
core   0: 3 0x000000008000fed6 (0x00e78023) mem 0x0000000080012055 0x00
core   0: 0x000000008000feda (0xfc843703) ld      a4, -56(s0)
core   0: 3 0x000000008000feda (0xfc843703) x14 0x0000000080012040 mem 0x0000000080031f38
core   0: 0x000000008000fede (0xfb843783) ld      a5, -72(s0)
core   0: 3 0x000000008000fede (0xfb843783) x15 0x000000000000009c mem 0x0000000080031f28
core   0: 0x000000008000fee2 (0x000097ba) c.add   a5, a4
core   0: 3 0x000000008000fee2 (0x97ba) x15 0x00000000800120dc
core   0: 0x000000008000fee4 (0xfe043703) ld      a4, -32(s0)
core   0: 3 0x000000008000fee4 (0xfe043703) x14 0x0000000080012056 mem 0x0000000080031f50
core   0: 0x000000008000fee8 (0xfcf76de3) bltu    a4, a5, pc - 38
core   0: 3 0x000000008000fee8 (0xfcf76de3)
core   0: 0x000000008000fec2 (0xfe043783) ld      a5, -32(s0)
core   0: 3 0x000000008000fec2 (0xfe043783) x15 0x0000000080012056 mem 0x0000000080031f50
core   0: 0x000000008000fec6 (0x00178713) addi    a4, a5, 1
core   0: 3 0x000000008000fec6 (0x00178713) x14 0x0000000080012057
core   0: 0x000000008000feca (0xfee43023) sd      a4, -32(s0)
core   0: 3 0x000000008000feca (0xfee43023) mem 0x0000000080031f50 0x0000000080012057
core   0: 0x000000008000fece (0xfc442703) lw      a4, -60(s0)
core   0: 3 0x000000008000fece (0xfc442703) x14 0x0000000000000000 mem 0x0000000080031f34
core   0: 0x000000008000fed2 (0x0ff77713) andi    a4, a4, 255
core   0: 3 0x000000008000fed2 (0x0ff77713) x14 0x0000000000000000
core   0: 0x000000008000fed6 (0x00e78023) sb      a4, 0(a5)
core   0: 3 0x000000008000fed6 (0x00e78023) mem 0x0000000080012056 0x00
core   0: 0x000000008000feda (0xfc843703) ld      a4, -56(s0)
core   0: 3 0x000000008000feda (0xfc843703) x14 0x0000000080012040 mem 0x0000000080031f38
core   0: 0x000000008000fede (0xfb843783) ld      a5, -72(s0)
core   0: 3 0x000000008000fede (0xfb843783) x15 0x000000000000009c mem 0x0000000080031f28
core   0: 0x000000008000fee2 (0x000097ba) c.add   a5, a4
core   0: 3 0x000000008000fee2 (0x97ba) x15 0x00000000800120dc
core   0: 0x000000008000fee4 (0xfe043703) ld      a4, -32(s0)
core   0: 3 0x000000008000fee4 (0xfe043703) x14 0x0000000080012057 mem 0x0000000080031f50
core   0: 0x000000008000fee8 (0xfcf76de3) bltu    a4, a5, pc - 38
core   0: 3 0x000000008000fee8 (0xfcf76de3)
core   0: 0x000000008000fec2 (0xfe043783) ld      a5, -32(s0)
core   0: 3 0x000000008000fec2 (0xfe043783) x15 0x0000000080012057 mem 0x0000000080031f50
core   0: 0x000000008000fec6 (0x00178713) addi    a4, a5, 1
core   0: 3 0x000000008000fec6 (0x00178713) x14 0x0000000080012058
core   0: 0x000000008000feca (0xfee43023) sd      a4, -32(s0)
core   0: 3 0x000000008000feca (0xfee43023) mem 0x0000000080031f50 0x0000000080012058
core   0: 0x000000008000fece (0xfc442703) lw      a4, -60(s0)
core   0: 3 0x000000008000fece (0xfc442703) x14 0x0000000000000000 mem 0x0000000080031f34
core   0: 0x000000008000fed2 (0x0ff77713) andi    a4, a4, 255
core   0: 3 0x000000008000fed2 (0x0ff77713) x14 0x0000000000000000
core   0: 0x000000008000fed6 (0x00e78023) sb      a4, 0(a5)
core   0: 3 0x000000008000fed6 (0x00e78023) mem 0x0000000080012057 0x00
core   0: 0x000000008000feda (0xfc843703) ld      a4, -56(s0)
core   0: 3 0x000000008000feda (0xfc843703) x14 0x0000000080012040 mem 0x0000000080031f38
core   0: 0x000000008000fede (0xfb843783) ld      a5, -72(s0)
core   0: 3 0x000000008000fede (0xfb843783) x15 0x000000000000009c mem 0x0000000080031f28
core   0: 0x000000008000fee2 (0x000097ba) c.add   a5, a4
core   0: 3 0x000000008000fee2 (0x97ba) x15 0x00000000800120dc
core   0: 0x000000008000fee4 (0xfe043703) ld      a4, -32(s0)
core   0: 3 0x000000008000fee4 (0xfe043703) x14 0x0000000080012058 mem 0x0000000080031f50
core   0: 0x000000008000fee8 (0xfcf76de3) bltu    a4, a5, pc - 38
core   0: 3 0x000000008000fee8 (0xfcf76de3)
core   0: 0x000000008000fec2 (0xfe043783) ld      a5, -32(s0)
core   0: 3 0x000000008000fec2 (0xfe043783) x15 0x0000000080012058 mem 0x0000000080031f50
core   0: 0x000000008000fec6 (0x00178713) addi    a4, a5, 1
core   0: 3 0x000000008000fec6 (0x00178713) x14 0x0000000080012059
core   0: 0x000000008000feca (0xfee43023) sd      a4, -32(s0)
core   0: 3 0x000000008000feca (0xfee43023) mem 0x0000000080031f50 0x0000000080012059
core   0: 0x000000008000fece (0xfc442703) lw      a4, -60(s0)
core   0: 3 0x000000008000fece (0xfc442703) x14 0x0000000000000000 mem 0x0000000080031f34
core   0: 0x000000008000fed2 (0x0ff77713) andi    a4, a4, 255
core   0: 3 0x000000008000fed2 (0x0ff77713) x14 0x0000000000000000
core   0: 0x000000008000fed6 (0x00e78023) sb      a4, 0(a5)
core   0: 3 0x000000008000fed6 (0x00e78023) mem 0x0000000080012058 0x00
core   0: 0x000000008000feda (0xfc843703) ld      a4, -56(s0)
core   0: 3 0x000000008000feda (0xfc843703) x14 0x0000000080012040 mem 0x0000000080031f38
core   0: 0x000000008000fede (0xfb843783) ld      a5, -72(s0)
core   0: 3 0x000000008000fede (0xfb843783) x15 0x000000000000009c mem 0x0000000080031f28
core   0: 0x000000008000fee2 (0x000097ba) c.add   a5, a4
core   0: 3 0x000000008000fee2 (0x97ba) x15 0x00000000800120dc
core   0: 0x000000008000fee4 (0xfe043703) ld      a4, -32(s0)
core   0: 3 0x000000008000fee4 (0xfe043703) x14 0x0000000080012059 mem 0x0000000080031f50
core   0: 0x000000008000fee8 (0xfcf76de3) bltu    a4, a5, pc - 38
core   0: 3 0x000000008000fee8 (0xfcf76de3)
core   0: 0x000000008000fec2 (0xfe043783) ld      a5, -32(s0)
core   0: 3 0x000000008000fec2 (0xfe043783) x15 0x0000000080012059 mem 0x0000000080031f50
core   0: 0x000000008000fec6 (0x00178713) addi    a4, a5, 1
core   0: 3 0x000000008000fec6 (0x00178713) x14 0x000000008001205a
core   0: 0x000000008000feca (0xfee43023) sd      a4, -32(s0)
core   0: 3 0x000000008000feca (0xfee43023) mem 0x0000000080031f50 0x000000008001205a
core   0: 0x000000008000fece (0xfc442703) lw      a4, -60(s0)
core   0: 3 0x000000008000fece (0xfc442703) x14 0x0000000000000000 mem 0x0000000080031f34
core   0: 0x000000008000fed2 (0x0ff77713) andi    a4, a4, 255
core   0: 3 0x000000008000fed2 (0x0ff77713) x14 0x0000000000000000
core   0: 0x000000008000fed6 (0x00e78023) sb      a4, 0(a5)
core   0: 3 0x000000008000fed6 (0x00e78023) mem 0x0000000080012059 0x00
core   0: 0x000000008000feda (0xfc843703) ld      a4, -56(s0)
core   0: 3 0x000000008000feda (0xfc843703) x14 0x0000000080012040 mem 0x0000000080031f38
core   0: 0x000000008000fede (0xfb843783) ld      a5, -72(s0)
core   0: 3 0x000000008000fede (0xfb843783) x15 0x000000000000009c mem 0x0000000080031f28
core   0: 0x000000008000fee2 (0x000097ba) c.add   a5, a4
core   0: 3 0x000000008000fee2 (0x97ba) x15 0x00000000800120dc
core   0: 0x000000008000fee4 (0xfe043703) ld      a4, -32(s0)
core   0: 3 0x000000008000fee4 (0xfe043703) x14 0x000000008001205a mem 0x0000000080031f50
core   0: 0x000000008000fee8 (0xfcf76de3) bltu    a4, a5, pc - 38
core   0: 3 0x000000008000fee8 (0xfcf76de3)
core   0: 0x000000008000fec2 (0xfe043783) ld      a5, -32(s0)
core   0: 3 0x000000008000fec2 (0xfe043783) x15 0x000000008001205a mem 0x0000000080031f50
core   0: 0x000000008000fec6 (0x00178713) addi    a4, a5, 1
core   0: 3 0x000000008000fec6 (0x00178713) x14 0x000000008001205b
core   0: 0x000000008000feca (0xfee43023) sd      a4, -32(s0)
core   0: 3 0x000000008000feca (0xfee43023) mem 0x0000000080031f50 0x000000008001205b
core   0: 0x000000008000fece (0xfc442703) lw      a4, -60(s0)
core   0: 3 0x000000008000fece (0xfc442703) x14 0x0000000000000000 mem 0x0000000080031f34
core   0: 0x000000008000fed2 (0x0ff77713) andi    a4, a4, 255
core   0: 3 0x000000008000fed2 (0x0ff77713) x14 0x0000000000000000
core   0: 0x000000008000fed6 (0x00e78023) sb      a4, 0(a5)
core   0: 3 0x000000008000fed6 (0x00e78023) mem 0x000000008001205a 0x00
core   0: 0x000000008000feda (0xfc843703) ld      a4, -56(s0)
core   0: 3 0x000000008000feda (0xfc843703) x14 0x0000000080012040 mem 0x0000000080031f38
core   0: 0x000000008000fede (0xfb843783) ld      a5, -72(s0)
core   0: 3 0x000000008000fede (0xfb843783) x15 0x000000000000009c mem 0x0000000080031f28
core   0: 0x000000008000fee2 (0x000097ba) c.add   a5, a4
core   0: 3 0x000000008000fee2 (0x97ba) x15 0x00000000800120dc
core   0: 0x000000008000fee4 (0xfe043703) ld      a4, -32(s0)
core   0: 3 0x000000008000fee4 (0xfe043703) x14 0x000000008001205b mem 0x0000000080031f50
core   0: 0x000000008000fee8 (0xfcf76de3) bltu    a4, a5, pc - 38
core   0: 3 0x000000008000fee8 (0xfcf76de3)
core   0: 0x000000008000fec2 (0xfe043783) ld      a5, -32(s0)
core   0: 3 0x000000008000fec2 (0xfe043783) x15 0x000000008001205b mem 0x0000000080031f50
core   0: 0x000000008000fec6 (0x00178713) addi    a4, a5, 1
core   0: 3 0x000000008000fec6 (0x00178713) x14 0x000000008001205c
core   0: 0x000000008000feca (0xfee43023) sd      a4, -32(s0)
core   0: 3 0x000000008000feca (0xfee43023) mem 0x0000000080031f50 0x000000008001205c
core   0: 0x000000008000fece (0xfc442703) lw      a4, -60(s0)
core   0: 3 0x000000008000fece (0xfc442703) x14 0x0000000000000000 mem 0x0000000080031f34
core   0: 0x000000008000fed2 (0x0ff77713) andi    a4, a4, 255
core   0: 3 0x000000008000fed2 (0x0ff77713) x14 0x0000000000000000
core   0: 0x000000008000fed6 (0x00e78023) sb      a4, 0(a5)
core   0: 3 0x000000008000fed6 (0x00e78023) mem 0x000000008001205b 0x00
core   0: 0x000000008000feda (0xfc843703) ld      a4, -56(s0)
core   0: 3 0x000000008000feda (0xfc843703) x14 0x0000000080012040 mem 0x0000000080031f38
core   0: 0x000000008000fede (0xfb843783) ld      a5, -72(s0)
core   0: 3 0x000000008000fede (0xfb843783) x15 0x000000000000009c mem 0x0000000080031f28
core   0: 0x000000008000fee2 (0x000097ba) c.add   a5, a4
core   0: 3 0x000000008000fee2 (0x97ba) x15 0x00000000800120dc
core   0: 0x000000008000fee4 (0xfe043703) ld      a4, -32(s0)
core   0: 3 0x000000008000fee4 (0xfe043703) x14 0x000000008001205c mem 0x0000000080031f50
core   0: 0x000000008000fee8 (0xfcf76de3) bltu    a4, a5, pc - 38
core   0: 3 0x000000008000fee8 (0xfcf76de3)
core   0: 0x000000008000fec2 (0xfe043783) ld      a5, -32(s0)
core   0: 3 0x000000008000fec2 (0xfe043783) x15 0x000000008001205c mem 0x0000000080031f50
core   0: 0x000000008000fec6 (0x00178713) addi    a4, a5, 1
core   0: 3 0x000000008000fec6 (0x00178713) x14 0x000000008001205d
core   0: 0x000000008000feca (0xfee43023) sd      a4, -32(s0)
core   0: 3 0x000000008000feca (0xfee43023) mem 0x0000000080031f50 0x000000008001205d
core   0: 0x000000008000fece (0xfc442703) lw      a4, -60(s0)
core   0: 3 0x000000008000fece (0xfc442703) x14 0x0000000000000000 mem 0x0000000080031f34
core   0: 0x000000008000fed2 (0x0ff77713) andi    a4, a4, 255
core   0: 3 0x000000008000fed2 (0x0ff77713) x14 0x0000000000000000
core   0: 0x000000008000fed6 (0x00e78023) sb      a4, 0(a5)
core   0: 3 0x000000008000fed6 (0x00e78023) mem 0x000000008001205c 0x00
core   0: 0x000000008000feda (0xfc843703) ld      a4, -56(s0)
core   0: 3 0x000000008000feda (0xfc843703) x14 0x0000000080012040 mem 0x0000000080031f38
core   0: 0x000000008000fede (0xfb843783) ld      a5, -72(s0)
core   0: 3 0x000000008000fede (0xfb843783) x15 0x000000000000009c mem 0x0000000080031f28
core   0: 0x000000008000fee2 (0x000097ba) c.add   a5, a4
core   0: 3 0x000000008000fee2 (0x97ba) x15 0x00000000800120dc
core   0: 0x000000008000fee4 (0xfe043703) ld      a4, -32(s0)
core   0: 3 0x000000008000fee4 (0xfe043703) x14 0x000000008001205d mem 0x0000000080031f50
core   0: 0x000000008000fee8 (0xfcf76de3) bltu    a4, a5, pc - 38
core   0: 3 0x000000008000fee8 (0xfcf76de3)
core   0: 0x000000008000fec2 (0xfe043783) ld      a5, -32(s0)
core   0: 3 0x000000008000fec2 (0xfe043783) x15 0x000000008001205d mem 0x0000000080031f50
core   0: 0x000000008000fec6 (0x00178713) addi    a4, a5, 1
core   0: 3 0x000000008000fec6 (0x00178713) x14 0x000000008001205e
core   0: 0x000000008000feca (0xfee43023) sd      a4, -32(s0)
core   0: 3 0x000000008000feca (0xfee43023) mem 0x0000000080031f50 0x000000008001205e
core   0: 0x000000008000fece (0xfc442703) lw      a4, -60(s0)
core   0: 3 0x000000008000fece (0xfc442703) x14 0x0000000000000000 mem 0x0000000080031f34
core   0: 0x000000008000fed2 (0x0ff77713) andi    a4, a4, 255
core   0: 3 0x000000008000fed2 (0x0ff77713) x14 0x0000000000000000
core   0: 0x000000008000fed6 (0x00e78023) sb      a4, 0(a5)
core   0: 3 0x000000008000fed6 (0x00e78023) mem 0x000000008001205d 0x00
core   0: 0x000000008000feda (0xfc843703) ld      a4, -56(s0)
core   0: 3 0x000000008000feda (0xfc843703) x14 0x0000000080012040 mem 0x0000000080031f38
core   0: 0x000000008000fede (0xfb843783) ld      a5, -72(s0)
core   0: 3 0x000000008000fede (0xfb843783) x15 0x000000000000009c mem 0x0000000080031f28
core   0: 0x000000008000fee2 (0x000097ba) c.add   a5, a4
core   0: 3 0x000000008000fee2 (0x97ba) x15 0x00000000800120dc
core   0: 0x000000008000fee4 (0xfe043703) ld      a4, -32(s0)
core   0: 3 0x000000008000fee4 (0xfe043703) x14 0x000000008001205e mem 0x0000000080031f50
core   0: 0x000000008000fee8 (0xfcf76de3) bltu    a4, a5, pc - 38
core   0: 3 0x000000008000fee8 (0xfcf76de3)
core   0: 0x000000008000fec2 (0xfe043783) ld      a5, -32(s0)
core   0: 3 0x000000008000fec2 (0xfe043783) x15 0x000000008001205e mem 0x0000000080031f50
core   0: 0x000000008000fec6 (0x00178713) addi    a4, a5, 1
core   0: 3 0x000000008000fec6 (0x00178713) x14 0x000000008001205f
core   0: 0x000000008000feca (0xfee43023) sd      a4, -32(s0)
core   0: 3 0x000000008000feca (0xfee43023) mem 0x0000000080031f50 0x000000008001205f
core   0: 0x000000008000fece (0xfc442703) lw      a4, -60(s0)
core   0: 3 0x000000008000fece (0xfc442703) x14 0x0000000000000000 mem 0x0000000080031f34
core   0: 0x000000008000fed2 (0x0ff77713) andi    a4, a4, 255
core   0: 3 0x000000008000fed2 (0x0ff77713) x14 0x0000000000000000
core   0: 0x000000008000fed6 (0x00e78023) sb      a4, 0(a5)
core   0: 3 0x000000008000fed6 (0x00e78023) mem 0x000000008001205e 0x00
core   0: 0x000000008000feda (0xfc843703) ld      a4, -56(s0)
core   0: 3 0x000000008000feda (0xfc843703) x14 0x0000000080012040 mem 0x0000000080031f38
core   0: 0x000000008000fede (0xfb843783) ld      a5, -72(s0)
core   0: 3 0x000000008000fede (0xfb843783) x15 0x000000000000009c mem 0x0000000080031f28
core   0: 0x000000008000fee2 (0x000097ba) c.add   a5, a4
core   0: 3 0x000000008000fee2 (0x97ba) x15 0x00000000800120dc
core   0: 0x000000008000fee4 (0xfe043703) ld      a4, -32(s0)
core   0: 3 0x000000008000fee4 (0xfe043703) x14 0x000000008001205f mem 0x0000000080031f50
core   0: 0x000000008000fee8 (0xfcf76de3) bltu    a4, a5, pc - 38
core   0: 3 0x000000008000fee8 (0xfcf76de3)
core   0: 0x000000008000fec2 (0xfe043783) ld      a5, -32(s0)
core   0: 3 0x000000008000fec2 (0xfe043783) x15 0x000000008001205f mem 0x0000000080031f50
core   0: 0x000000008000fec6 (0x00178713) addi    a4, a5, 1
core   0: 3 0x000000008000fec6 (0x00178713) x14 0x0000000080012060
core   0: 0x000000008000feca (0xfee43023) sd      a4, -32(s0)
core   0: 3 0x000000008000feca (0xfee43023) mem 0x0000000080031f50 0x0000000080012060
core   0: 0x000000008000fece (0xfc442703) lw      a4, -60(s0)
core   0: 3 0x000000008000fece (0xfc442703) x14 0x0000000000000000 mem 0x0000000080031f34
core   0: 0x000000008000fed2 (0x0ff77713) andi    a4, a4, 255
core   0: 3 0x000000008000fed2 (0x0ff77713) x14 0x0000000000000000
core   0: 0x000000008000fed6 (0x00e78023) sb      a4, 0(a5)
core   0: 3 0x000000008000fed6 (0x00e78023) mem 0x000000008001205f 0x00
core   0: 0x000000008000feda (0xfc843703) ld      a4, -56(s0)
core   0: 3 0x000000008000feda (0xfc843703) x14 0x0000000080012040 mem 0x0000000080031f38
core   0: 0x000000008000fede (0xfb843783) ld      a5, -72(s0)
core   0: 3 0x000000008000fede (0xfb843783) x15 0x000000000000009c mem 0x0000000080031f28
core   0: 0x000000008000fee2 (0x000097ba) c.add   a5, a4
core   0: 3 0x000000008000fee2 (0x97ba) x15 0x00000000800120dc
core   0: 0x000000008000fee4 (0xfe043703) ld      a4, -32(s0)
core   0: 3 0x000000008000fee4 (0xfe043703) x14 0x0000000080012060 mem 0x0000000080031f50
core   0: 0x000000008000fee8 (0xfcf76de3) bltu    a4, a5, pc - 38
core   0: 3 0x000000008000fee8 (0xfcf76de3)
core   0: 0x000000008000fec2 (0xfe043783) ld      a5, -32(s0)
core   0: 3 0x000000008000fec2 (0xfe043783) x15 0x0000000080012060 mem 0x0000000080031f50
core   0: 0x000000008000fec6 (0x00178713) addi    a4, a5, 1
core   0: 3 0x000000008000fec6 (0x00178713) x14 0x0000000080012061
core   0: 0x000000008000feca (0xfee43023) sd      a4, -32(s0)
core   0: 3 0x000000008000feca (0xfee43023) mem 0x0000000080031f50 0x0000000080012061
core   0: 0x000000008000fece (0xfc442703) lw      a4, -60(s0)
core   0: 3 0x000000008000fece (0xfc442703) x14 0x0000000000000000 mem 0x0000000080031f34
core   0: 0x000000008000fed2 (0x0ff77713) andi    a4, a4, 255
core   0: 3 0x000000008000fed2 (0x0ff77713) x14 0x0000000000000000
core   0: 0x000000008000fed6 (0x00e78023) sb      a4, 0(a5)
core   0: 3 0x000000008000fed6 (0x00e78023) mem 0x0000000080012060 0x00
core   0: 0x000000008000feda (0xfc843703) ld      a4, -56(s0)
core   0: 3 0x000000008000feda (0xfc843703) x14 0x0000000080012040 mem 0x0000000080031f38
core   0: 0x000000008000fede (0xfb843783) ld      a5, -72(s0)
core   0: 3 0x000000008000fede (0xfb843783) x15 0x000000000000009c mem 0x0000000080031f28
core   0: 0x000000008000fee2 (0x000097ba) c.add   a5, a4
core   0: 3 0x000000008000fee2 (0x97ba) x15 0x00000000800120dc
core   0: 0x000000008000fee4 (0xfe043703) ld      a4, -32(s0)
core   0: 3 0x000000008000fee4 (0xfe043703) x14 0x0000000080012061 mem 0x0000000080031f50
core   0: 0x000000008000fee8 (0xfcf76de3) bltu    a4, a5, pc - 38
core   0: 3 0x000000008000fee8 (0xfcf76de3)
core   0: 0x000000008000fec2 (0xfe043783) ld      a5, -32(s0)
core   0: 3 0x000000008000fec2 (0xfe043783) x15 0x0000000080012061 mem 0x0000000080031f50
core   0: 0x000000008000fec6 (0x00178713) addi    a4, a5, 1
core   0: 3 0x000000008000fec6 (0x00178713) x14 0x0000000080012062
core   0: 0x000000008000feca (0xfee43023) sd      a4, -32(s0)
core   0: 3 0x000000008000feca (0xfee43023) mem 0x0000000080031f50 0x0000000080012062
core   0: 0x000000008000fece (0xfc442703) lw      a4, -60(s0)
core   0: 3 0x000000008000fece (0xfc442703) x14 0x0000000000000000 mem 0x0000000080031f34
core   0: 0x000000008000fed2 (0x0ff77713) andi    a4, a4, 255
core   0: 3 0x000000008000fed2 (0x0ff77713) x14 0x0000000000000000
core   0: 0x000000008000fed6 (0x00e78023) sb      a4, 0(a5)
core   0: 3 0x000000008000fed6 (0x00e78023) mem 0x0000000080012061 0x00
core   0: 0x000000008000feda (0xfc843703) ld      a4, -56(s0)
core   0: 3 0x000000008000feda (0xfc843703) x14 0x0000000080012040 mem 0x0000000080031f38
core   0: 0x000000008000fede (0xfb843783) ld      a5, -72(s0)
core   0: 3 0x000000008000fede (0xfb843783) x15 0x000000000000009c mem 0x0000000080031f28
core   0: 0x000000008000fee2 (0x000097ba) c.add   a5, a4
core   0: 3 0x000000008000fee2 (0x97ba) x15 0x00000000800120dc
core   0: 0x000000008000fee4 (0xfe043703) ld      a4, -32(s0)
core   0: 3 0x000000008000fee4 (0xfe043703) x14 0x0000000080012062 mem 0x0000000080031f50
core   0: 0x000000008000fee8 (0xfcf76de3) bltu    a4, a5, pc - 38
core   0: 3 0x000000008000fee8 (0xfcf76de3)
core   0: 0x000000008000fec2 (0xfe043783) ld      a5, -32(s0)
core   0: 3 0x000000008000fec2 (0xfe043783) x15 0x0000000080012062 mem 0x0000000080031f50
core   0: 0x000000008000fec6 (0x00178713) addi    a4, a5, 1
core   0: 3 0x000000008000fec6 (0x00178713) x14 0x0000000080012063
core   0: 0x000000008000feca (0xfee43023) sd      a4, -32(s0)
core   0: 3 0x000000008000feca (0xfee43023) mem 0x0000000080031f50 0x0000000080012063
core   0: 0x000000008000fece (0xfc442703) lw      a4, -60(s0)
core   0: 3 0x000000008000fece (0xfc442703) x14 0x0000000000000000 mem 0x0000000080031f34
core   0: 0x000000008000fed2 (0x0ff77713) andi    a4, a4, 255
core   0: 3 0x000000008000fed2 (0x0ff77713) x14 0x0000000000000000
core   0: 0x000000008000fed6 (0x00e78023) sb      a4, 0(a5)
core   0: 3 0x000000008000fed6 (0x00e78023) mem 0x0000000080012062 0x00
core   0: 0x000000008000feda (0xfc843703) ld      a4, -56(s0)
core   0: 3 0x000000008000feda (0xfc843703) x14 0x0000000080012040 mem 0x0000000080031f38
core   0: 0x000000008000fede (0xfb843783) ld      a5, -72(s0)
core   0: 3 0x000000008000fede (0xfb843783) x15 0x000000000000009c mem 0x0000000080031f28
core   0: 0x000000008000fee2 (0x000097ba) c.add   a5, a4
core   0: 3 0x000000008000fee2 (0x97ba) x15 0x00000000800120dc
core   0: 0x000000008000fee4 (0xfe043703) ld      a4, -32(s0)
core   0: 3 0x000000008000fee4 (0xfe043703) x14 0x0000000080012063 mem 0x0000000080031f50
core   0: 0x000000008000fee8 (0xfcf76de3) bltu    a4, a5, pc - 38
core   0: 3 0x000000008000fee8 (0xfcf76de3)
core   0: 0x000000008000fec2 (0xfe043783) ld      a5, -32(s0)
core   0: 3 0x000000008000fec2 (0xfe043783) x15 0x0000000080012063 mem 0x0000000080031f50
core   0: 0x000000008000fec6 (0x00178713) addi    a4, a5, 1
core   0: 3 0x000000008000fec6 (0x00178713) x14 0x0000000080012064
core   0: 0x000000008000feca (0xfee43023) sd      a4, -32(s0)
core   0: 3 0x000000008000feca (0xfee43023) mem 0x0000000080031f50 0x0000000080012064
core   0: 0x000000008000fece (0xfc442703) lw      a4, -60(s0)
core   0: 3 0x000000008000fece (0xfc442703) x14 0x0000000000000000 mem 0x0000000080031f34
core   0: 0x000000008000fed2 (0x0ff77713) andi    a4, a4, 255
core   0: 3 0x000000008000fed2 (0x0ff77713) x14 0x0000000000000000
core   0: 0x000000008000fed6 (0x00e78023) sb      a4, 0(a5)
core   0: 3 0x000000008000fed6 (0x00e78023) mem 0x0000000080012063 0x00
core   0: 0x000000008000feda (0xfc843703) ld      a4, -56(s0)
core   0: 3 0x000000008000feda (0xfc843703) x14 0x0000000080012040 mem 0x0000000080031f38
core   0: 0x000000008000fede (0xfb843783) ld      a5, -72(s0)
core   0: 3 0x000000008000fede (0xfb843783) x15 0x000000000000009c mem 0x0000000080031f28
core   0: 0x000000008000fee2 (0x000097ba) c.add   a5, a4
core   0: 3 0x000000008000fee2 (0x97ba) x15 0x00000000800120dc
core   0: 0x000000008000fee4 (0xfe043703) ld      a4, -32(s0)
core   0: 3 0x000000008000fee4 (0xfe043703) x14 0x0000000080012064 mem 0x0000000080031f50
core   0: 0x000000008000fee8 (0xfcf76de3) bltu    a4, a5, pc - 38
core   0: 3 0x000000008000fee8 (0xfcf76de3)
core   0: 0x000000008000fec2 (0xfe043783) ld      a5, -32(s0)
core   0: 3 0x000000008000fec2 (0xfe043783) x15 0x0000000080012064 mem 0x0000000080031f50
core   0: 0x000000008000fec6 (0x00178713) addi    a4, a5, 1
core   0: 3 0x000000008000fec6 (0x00178713) x14 0x0000000080012065
core   0: 0x000000008000feca (0xfee43023) sd      a4, -32(s0)
core   0: 3 0x000000008000feca (0xfee43023) mem 0x0000000080031f50 0x0000000080012065
core   0: 0x000000008000fece (0xfc442703) lw      a4, -60(s0)
core   0: 3 0x000000008000fece (0xfc442703) x14 0x0000000000000000 mem 0x0000000080031f34
core   0: 0x000000008000fed2 (0x0ff77713) andi    a4, a4, 255
core   0: 3 0x000000008000fed2 (0x0ff77713) x14 0x0000000000000000
core   0: 0x000000008000fed6 (0x00e78023) sb      a4, 0(a5)
core   0: 3 0x000000008000fed6 (0x00e78023) mem 0x0000000080012064 0x00
core   0: 0x000000008000feda (0xfc843703) ld      a4, -56(s0)
core   0: 3 0x000000008000feda (0xfc843703) x14 0x0000000080012040 mem 0x0000000080031f38
core   0: 0x000000008000fede (0xfb843783) ld      a5, -72(s0)
core   0: 3 0x000000008000fede (0xfb843783) x15 0x000000000000009c mem 0x0000000080031f28
core   0: 0x000000008000fee2 (0x000097ba) c.add   a5, a4
core   0: 3 0x000000008000fee2 (0x97ba) x15 0x00000000800120dc
core   0: 0x000000008000fee4 (0xfe043703) ld      a4, -32(s0)
core   0: 3 0x000000008000fee4 (0xfe043703) x14 0x0000000080012065 mem 0x0000000080031f50
core   0: 0x000000008000fee8 (0xfcf76de3) bltu    a4, a5, pc - 38
core   0: 3 0x000000008000fee8 (0xfcf76de3)
core   0: 0x000000008000fec2 (0xfe043783) ld      a5, -32(s0)
core   0: 3 0x000000008000fec2 (0xfe043783) x15 0x0000000080012065 mem 0x0000000080031f50
core   0: 0x000000008000fec6 (0x00178713) addi    a4, a5, 1
core   0: 3 0x000000008000fec6 (0x00178713) x14 0x0000000080012066
core   0: 0x000000008000feca (0xfee43023) sd      a4, -32(s0)
core   0: 3 0x000000008000feca (0xfee43023) mem 0x0000000080031f50 0x0000000080012066
core   0: 0x000000008000fece (0xfc442703) lw      a4, -60(s0)
core   0: 3 0x000000008000fece (0xfc442703) x14 0x0000000000000000 mem 0x0000000080031f34
core   0: 0x000000008000fed2 (0x0ff77713) andi    a4, a4, 255
core   0: 3 0x000000008000fed2 (0x0ff77713) x14 0x0000000000000000
core   0: 0x000000008000fed6 (0x00e78023) sb      a4, 0(a5)
core   0: 3 0x000000008000fed6 (0x00e78023) mem 0x0000000080012065 0x00
core   0: 0x000000008000feda (0xfc843703) ld      a4, -56(s0)
core   0: 3 0x000000008000feda (0xfc843703) x14 0x0000000080012040 mem 0x0000000080031f38
core   0: 0x000000008000fede (0xfb843783) ld      a5, -72(s0)
core   0: 3 0x000000008000fede (0xfb843783) x15 0x000000000000009c mem 0x0000000080031f28
core   0: 0x000000008000fee2 (0x000097ba) c.add   a5, a4
core   0: 3 0x000000008000fee2 (0x97ba) x15 0x00000000800120dc
core   0: 0x000000008000fee4 (0xfe043703) ld      a4, -32(s0)
core   0: 3 0x000000008000fee4 (0xfe043703) x14 0x0000000080012066 mem 0x0000000080031f50
core   0: 0x000000008000fee8 (0xfcf76de3) bltu    a4, a5, pc - 38
core   0: 3 0x000000008000fee8 (0xfcf76de3)
core   0: 0x000000008000fec2 (0xfe043783) ld      a5, -32(s0)
core   0: 3 0x000000008000fec2 (0xfe043783) x15 0x0000000080012066 mem 0x0000000080031f50
core   0: 0x000000008000fec6 (0x00178713) addi    a4, a5, 1
core   0: 3 0x000000008000fec6 (0x00178713) x14 0x0000000080012067
core   0: 0x000000008000feca (0xfee43023) sd      a4, -32(s0)
core   0: 3 0x000000008000feca (0xfee43023) mem 0x0000000080031f50 0x0000000080012067
core   0: 0x000000008000fece (0xfc442703) lw      a4, -60(s0)
core   0: 3 0x000000008000fece (0xfc442703) x14 0x0000000000000000 mem 0x0000000080031f34
core   0: 0x000000008000fed2 (0x0ff77713) andi    a4, a4, 255
core   0: 3 0x000000008000fed2 (0x0ff77713) x14 0x0000000000000000
core   0: 0x000000008000fed6 (0x00e78023) sb      a4, 0(a5)
core   0: 3 0x000000008000fed6 (0x00e78023) mem 0x0000000080012066 0x00
core   0: 0x000000008000feda (0xfc843703) ld      a4, -56(s0)
core   0: 3 0x000000008000feda (0xfc843703) x14 0x0000000080012040 mem 0x0000000080031f38
core   0: 0x000000008000fede (0xfb843783) ld      a5, -72(s0)
core   0: 3 0x000000008000fede (0xfb843783) x15 0x000000000000009c mem 0x0000000080031f28
core   0: 0x000000008000fee2 (0x000097ba) c.add   a5, a4
core   0: 3 0x000000008000fee2 (0x97ba) x15 0x00000000800120dc
core   0: 0x000000008000fee4 (0xfe043703) ld      a4, -32(s0)
core   0: 3 0x000000008000fee4 (0xfe043703) x14 0x0000000080012067 mem 0x0000000080031f50
core   0: 0x000000008000fee8 (0xfcf76de3) bltu    a4, a5, pc - 38
core   0: 3 0x000000008000fee8 (0xfcf76de3)
core   0: 0x000000008000fec2 (0xfe043783) ld      a5, -32(s0)
core   0: 3 0x000000008000fec2 (0xfe043783) x15 0x0000000080012067 mem 0x0000000080031f50
core   0: 0x000000008000fec6 (0x00178713) addi    a4, a5, 1
core   0: 3 0x000000008000fec6 (0x00178713) x14 0x0000000080012068
core   0: 0x000000008000feca (0xfee43023) sd      a4, -32(s0)
core   0: 3 0x000000008000feca (0xfee43023) mem 0x0000000080031f50 0x0000000080012068
core   0: 0x000000008000fece (0xfc442703) lw      a4, -60(s0)
core   0: 3 0x000000008000fece (0xfc442703) x14 0x0000000000000000 mem 0x0000000080031f34
core   0: 0x000000008000fed2 (0x0ff77713) andi    a4, a4, 255
core   0: 3 0x000000008000fed2 (0x0ff77713) x14 0x0000000000000000
core   0: 0x000000008000fed6 (0x00e78023) sb      a4, 0(a5)
core   0: 3 0x000000008000fed6 (0x00e78023) mem 0x0000000080012067 0x00
core   0: 0x000000008000feda (0xfc843703) ld      a4, -56(s0)
core   0: 3 0x000000008000feda (0xfc843703) x14 0x0000000080012040 mem 0x0000000080031f38
core   0: 0x000000008000fede (0xfb843783) ld      a5, -72(s0)
core   0: 3 0x000000008000fede (0xfb843783) x15 0x000000000000009c mem 0x0000000080031f28
core   0: 0x000000008000fee2 (0x000097ba) c.add   a5, a4
core   0: 3 0x000000008000fee2 (0x97ba) x15 0x00000000800120dc
core   0: 0x000000008000fee4 (0xfe043703) ld      a4, -32(s0)
core   0: 3 0x000000008000fee4 (0xfe043703) x14 0x0000000080012068 mem 0x0000000080031f50
core   0: 0x000000008000fee8 (0xfcf76de3) bltu    a4, a5, pc - 38
core   0: 3 0x000000008000fee8 (0xfcf76de3)
core   0: 0x000000008000fec2 (0xfe043783) ld      a5, -32(s0)
core   0: 3 0x000000008000fec2 (0xfe043783) x15 0x0000000080012068 mem 0x0000000080031f50
core   0: 0x000000008000fec6 (0x00178713) addi    a4, a5, 1
core   0: 3 0x000000008000fec6 (0x00178713) x14 0x0000000080012069
core   0: 0x000000008000feca (0xfee43023) sd      a4, -32(s0)
core   0: 3 0x000000008000feca (0xfee43023) mem 0x0000000080031f50 0x0000000080012069
core   0: 0x000000008000fece (0xfc442703) lw      a4, -60(s0)
core   0: 3 0x000000008000fece (0xfc442703) x14 0x0000000000000000 mem 0x0000000080031f34
core   0: 0x000000008000fed2 (0x0ff77713) andi    a4, a4, 255
core   0: 3 0x000000008000fed2 (0x0ff77713) x14 0x0000000000000000
core   0: 0x000000008000fed6 (0x00e78023) sb      a4, 0(a5)
core   0: 3 0x000000008000fed6 (0x00e78023) mem 0x0000000080012068 0x00
core   0: 0x000000008000feda (0xfc843703) ld      a4, -56(s0)
core   0: 3 0x000000008000feda (0xfc843703) x14 0x0000000080012040 mem 0x0000000080031f38
core   0: 0x000000008000fede (0xfb843783) ld      a5, -72(s0)
core   0: 3 0x000000008000fede (0xfb843783) x15 0x000000000000009c mem 0x0000000080031f28
core   0: 0x000000008000fee2 (0x000097ba) c.add   a5, a4
core   0: 3 0x000000008000fee2 (0x97ba) x15 0x00000000800120dc
core   0: 0x000000008000fee4 (0xfe043703) ld      a4, -32(s0)
core   0: 3 0x000000008000fee4 (0xfe043703) x14 0x0000000080012069 mem 0x0000000080031f50
core   0: 0x000000008000fee8 (0xfcf76de3) bltu    a4, a5, pc - 38
core   0: 3 0x000000008000fee8 (0xfcf76de3)
core   0: 0x000000008000fec2 (0xfe043783) ld      a5, -32(s0)
core   0: 3 0x000000008000fec2 (0xfe043783) x15 0x0000000080012069 mem 0x0000000080031f50
core   0: 0x000000008000fec6 (0x00178713) addi    a4, a5, 1
core   0: 3 0x000000008000fec6 (0x00178713) x14 0x000000008001206a
core   0: 0x000000008000feca (0xfee43023) sd      a4, -32(s0)
core   0: 3 0x000000008000feca (0xfee43023) mem 0x0000000080031f50 0x000000008001206a
core   0: 0x000000008000fece (0xfc442703) lw      a4, -60(s0)
core   0: 3 0x000000008000fece (0xfc442703) x14 0x0000000000000000 mem 0x0000000080031f34
core   0: 0x000000008000fed2 (0x0ff77713) andi    a4, a4, 255
core   0: 3 0x000000008000fed2 (0x0ff77713) x14 0x0000000000000000
core   0: 0x000000008000fed6 (0x00e78023) sb      a4, 0(a5)
core   0: 3 0x000000008000fed6 (0x00e78023) mem 0x0000000080012069 0x00
core   0: 0x000000008000feda (0xfc843703) ld      a4, -56(s0)
core   0: 3 0x000000008000feda (0xfc843703) x14 0x0000000080012040 mem 0x0000000080031f38
core   0: 0x000000008000fede (0xfb843783) ld      a5, -72(s0)
core   0: 3 0x000000008000fede (0xfb843783) x15 0x000000000000009c mem 0x0000000080031f28
core   0: 0x000000008000fee2 (0x000097ba) c.add   a5, a4
core   0: 3 0x000000008000fee2 (0x97ba) x15 0x00000000800120dc
core   0: 0x000000008000fee4 (0xfe043703) ld      a4, -32(s0)
core   0: 3 0x000000008000fee4 (0xfe043703) x14 0x000000008001206a mem 0x0000000080031f50
core   0: 0x000000008000fee8 (0xfcf76de3) bltu    a4, a5, pc - 38
core   0: 3 0x000000008000fee8 (0xfcf76de3)
core   0: 0x000000008000fec2 (0xfe043783) ld      a5, -32(s0)
core   0: 3 0x000000008000fec2 (0xfe043783) x15 0x000000008001206a mem 0x0000000080031f50
core   0: 0x000000008000fec6 (0x00178713) addi    a4, a5, 1
core   0: 3 0x000000008000fec6 (0x00178713) x14 0x000000008001206b
core   0: 0x000000008000feca (0xfee43023) sd      a4, -32(s0)
core   0: 3 0x000000008000feca (0xfee43023) mem 0x0000000080031f50 0x000000008001206b
core   0: 0x000000008000fece (0xfc442703) lw      a4, -60(s0)
core   0: 3 0x000000008000fece (0xfc442703) x14 0x0000000000000000 mem 0x0000000080031f34
core   0: 0x000000008000fed2 (0x0ff77713) andi    a4, a4, 255
core   0: 3 0x000000008000fed2 (0x0ff77713) x14 0x0000000000000000
core   0: 0x000000008000fed6 (0x00e78023) sb      a4, 0(a5)
core   0: 3 0x000000008000fed6 (0x00e78023) mem 0x000000008001206a 0x00
core   0: 0x000000008000feda (0xfc843703) ld      a4, -56(s0)
core   0: 3 0x000000008000feda (0xfc843703) x14 0x0000000080012040 mem 0x0000000080031f38
core   0: 0x000000008000fede (0xfb843783) ld      a5, -72(s0)
core   0: 3 0x000000008000fede (0xfb843783) x15 0x000000000000009c mem 0x0000000080031f28
core   0: 0x000000008000fee2 (0x000097ba) c.add   a5, a4
core   0: 3 0x000000008000fee2 (0x97ba) x15 0x00000000800120dc
core   0: 0x000000008000fee4 (0xfe043703) ld      a4, -32(s0)
core   0: 3 0x000000008000fee4 (0xfe043703) x14 0x000000008001206b mem 0x0000000080031f50
core   0: 0x000000008000fee8 (0xfcf76de3) bltu    a4, a5, pc - 38
core   0: 3 0x000000008000fee8 (0xfcf76de3)
core   0: 0x000000008000fec2 (0xfe043783) ld      a5, -32(s0)
core   0: 3 0x000000008000fec2 (0xfe043783) x15 0x000000008001206b mem 0x0000000080031f50
core   0: 0x000000008000fec6 (0x00178713) addi    a4, a5, 1
core   0: 3 0x000000008000fec6 (0x00178713) x14 0x000000008001206c
core   0: 0x000000008000feca (0xfee43023) sd      a4, -32(s0)
core   0: 3 0x000000008000feca (0xfee43023) mem 0x0000000080031f50 0x000000008001206c
core   0: 0x000000008000fece (0xfc442703) lw      a4, -60(s0)
core   0: 3 0x000000008000fece (0xfc442703) x14 0x0000000000000000 mem 0x0000000080031f34
core   0: 0x000000008000fed2 (0x0ff77713) andi    a4, a4, 255
core   0: 3 0x000000008000fed2 (0x0ff77713) x14 0x0000000000000000
core   0: 0x000000008000fed6 (0x00e78023) sb      a4, 0(a5)
core   0: 3 0x000000008000fed6 (0x00e78023) mem 0x000000008001206b 0x00
core   0: 0x000000008000feda (0xfc843703) ld      a4, -56(s0)
core   0: 3 0x000000008000feda (0xfc843703) x14 0x0000000080012040 mem 0x0000000080031f38
core   0: 0x000000008000fede (0xfb843783) ld      a5, -72(s0)
core   0: 3 0x000000008000fede (0xfb843783) x15 0x000000000000009c mem 0x0000000080031f28
core   0: 0x000000008000fee2 (0x000097ba) c.add   a5, a4
core   0: 3 0x000000008000fee2 (0x97ba) x15 0x00000000800120dc
core   0: 0x000000008000fee4 (0xfe043703) ld      a4, -32(s0)
core   0: 3 0x000000008000fee4 (0xfe043703) x14 0x000000008001206c mem 0x0000000080031f50
core   0: 0x000000008000fee8 (0xfcf76de3) bltu    a4, a5, pc - 38
core   0: 3 0x000000008000fee8 (0xfcf76de3)
core   0: 0x000000008000fec2 (0xfe043783) ld      a5, -32(s0)
core   0: 3 0x000000008000fec2 (0xfe043783) x15 0x000000008001206c mem 0x0000000080031f50
core   0: 0x000000008000fec6 (0x00178713) addi    a4, a5, 1
core   0: 3 0x000000008000fec6 (0x00178713) x14 0x000000008001206d
core   0: 0x000000008000feca (0xfee43023) sd      a4, -32(s0)
core   0: 3 0x000000008000feca (0xfee43023) mem 0x0000000080031f50 0x000000008001206d
core   0: 0x000000008000fece (0xfc442703) lw      a4, -60(s0)
core   0: 3 0x000000008000fece (0xfc442703) x14 0x0000000000000000 mem 0x0000000080031f34
core   0: 0x000000008000fed2 (0x0ff77713) andi    a4, a4, 255
core   0: 3 0x000000008000fed2 (0x0ff77713) x14 0x0000000000000000
core   0: 0x000000008000fed6 (0x00e78023) sb      a4, 0(a5)
core   0: 3 0x000000008000fed6 (0x00e78023) mem 0x000000008001206c 0x00
core   0: 0x000000008000feda (0xfc843703) ld      a4, -56(s0)
core   0: 3 0x000000008000feda (0xfc843703) x14 0x0000000080012040 mem 0x0000000080031f38
core   0: 0x000000008000fede (0xfb843783) ld      a5, -72(s0)
core   0: 3 0x000000008000fede (0xfb843783) x15 0x000000000000009c mem 0x0000000080031f28
core   0: 0x000000008000fee2 (0x000097ba) c.add   a5, a4
core   0: 3 0x000000008000fee2 (0x97ba) x15 0x00000000800120dc
core   0: 0x000000008000fee4 (0xfe043703) ld      a4, -32(s0)
core   0: 3 0x000000008000fee4 (0xfe043703) x14 0x000000008001206d mem 0x0000000080031f50
core   0: 0x000000008000fee8 (0xfcf76de3) bltu    a4, a5, pc - 38
core   0: 3 0x000000008000fee8 (0xfcf76de3)
core   0: 0x000000008000fec2 (0xfe043783) ld      a5, -32(s0)
core   0: 3 0x000000008000fec2 (0xfe043783) x15 0x000000008001206d mem 0x0000000080031f50
core   0: 0x000000008000fec6 (0x00178713) addi    a4, a5, 1
core   0: 3 0x000000008000fec6 (0x00178713) x14 0x000000008001206e
core   0: 0x000000008000feca (0xfee43023) sd      a4, -32(s0)
core   0: 3 0x000000008000feca (0xfee43023) mem 0x0000000080031f50 0x000000008001206e
core   0: 0x000000008000fece (0xfc442703) lw      a4, -60(s0)
core   0: 3 0x000000008000fece (0xfc442703) x14 0x0000000000000000 mem 0x0000000080031f34
core   0: 0x000000008000fed2 (0x0ff77713) andi    a4, a4, 255
core   0: 3 0x000000008000fed2 (0x0ff77713) x14 0x0000000000000000
core   0: 0x000000008000fed6 (0x00e78023) sb      a4, 0(a5)
core   0: 3 0x000000008000fed6 (0x00e78023) mem 0x000000008001206d 0x00
core   0: 0x000000008000feda (0xfc843703) ld      a4, -56(s0)
core   0: 3 0x000000008000feda (0xfc843703) x14 0x0000000080012040 mem 0x0000000080031f38
core   0: 0x000000008000fede (0xfb843783) ld      a5, -72(s0)
core   0: 3 0x000000008000fede (0xfb843783) x15 0x000000000000009c mem 0x0000000080031f28
core   0: 0x000000008000fee2 (0x000097ba) c.add   a5, a4
core   0: 3 0x000000008000fee2 (0x97ba) x15 0x00000000800120dc
core   0: 0x000000008000fee4 (0xfe043703) ld      a4, -32(s0)
core   0: 3 0x000000008000fee4 (0xfe043703) x14 0x000000008001206e mem 0x0000000080031f50
core   0: 0x000000008000fee8 (0xfcf76de3) bltu    a4, a5, pc - 38
core   0: 3 0x000000008000fee8 (0xfcf76de3)
core   0: 0x000000008000fec2 (0xfe043783) ld      a5, -32(s0)
core   0: 3 0x000000008000fec2 (0xfe043783) x15 0x000000008001206e mem 0x0000000080031f50
core   0: 0x000000008000fec6 (0x00178713) addi    a4, a5, 1
core   0: 3 0x000000008000fec6 (0x00178713) x14 0x000000008001206f
core   0: 0x000000008000feca (0xfee43023) sd      a4, -32(s0)
core   0: 3 0x000000008000feca (0xfee43023) mem 0x0000000080031f50 0x000000008001206f
core   0: 0x000000008000fece (0xfc442703) lw      a4, -60(s0)
core   0: 3 0x000000008000fece (0xfc442703) x14 0x0000000000000000 mem 0x0000000080031f34
core   0: 0x000000008000fed2 (0x0ff77713) andi    a4, a4, 255
core   0: 3 0x000000008000fed2 (0x0ff77713) x14 0x0000000000000000
core   0: 0x000000008000fed6 (0x00e78023) sb      a4, 0(a5)
core   0: 3 0x000000008000fed6 (0x00e78023) mem 0x000000008001206e 0x00
core   0: 0x000000008000feda (0xfc843703) ld      a4, -56(s0)
core   0: 3 0x000000008000feda (0xfc843703) x14 0x0000000080012040 mem 0x0000000080031f38
core   0: 0x000000008000fede (0xfb843783) ld      a5, -72(s0)
core   0: 3 0x000000008000fede (0xfb843783) x15 0x000000000000009c mem 0x0000000080031f28
core   0: 0x000000008000fee2 (0x000097ba) c.add   a5, a4
core   0: 3 0x000000008000fee2 (0x97ba) x15 0x00000000800120dc
core   0: 0x000000008000fee4 (0xfe043703) ld      a4, -32(s0)
core   0: 3 0x000000008000fee4 (0xfe043703) x14 0x000000008001206f mem 0x0000000080031f50
core   0: 0x000000008000fee8 (0xfcf76de3) bltu    a4, a5, pc - 38
core   0: 3 0x000000008000fee8 (0xfcf76de3)
core   0: 0x000000008000fec2 (0xfe043783) ld      a5, -32(s0)
core   0: 3 0x000000008000fec2 (0xfe043783) x15 0x000000008001206f mem 0x0000000080031f50
core   0: 0x000000008000fec6 (0x00178713) addi    a4, a5, 1
core   0: 3 0x000000008000fec6 (0x00178713) x14 0x0000000080012070
core   0: 0x000000008000feca (0xfee43023) sd      a4, -32(s0)
core   0: 3 0x000000008000feca (0xfee43023) mem 0x0000000080031f50 0x0000000080012070
core   0: 0x000000008000fece (0xfc442703) lw      a4, -60(s0)
core   0: 3 0x000000008000fece (0xfc442703) x14 0x0000000000000000 mem 0x0000000080031f34
core   0: 0x000000008000fed2 (0x0ff77713) andi    a4, a4, 255
core   0: 3 0x000000008000fed2 (0x0ff77713) x14 0x0000000000000000
core   0: 0x000000008000fed6 (0x00e78023) sb      a4, 0(a5)
core   0: 3 0x000000008000fed6 (0x00e78023) mem 0x000000008001206f 0x00
core   0: 0x000000008000feda (0xfc843703) ld      a4, -56(s0)
core   0: 3 0x000000008000feda (0xfc843703) x14 0x0000000080012040 mem 0x0000000080031f38
core   0: 0x000000008000fede (0xfb843783) ld      a5, -72(s0)
core   0: 3 0x000000008000fede (0xfb843783) x15 0x000000000000009c mem 0x0000000080031f28
core   0: 0x000000008000fee2 (0x000097ba) c.add   a5, a4
core   0: 3 0x000000008000fee2 (0x97ba) x15 0x00000000800120dc
core   0: 0x000000008000fee4 (0xfe043703) ld      a4, -32(s0)
core   0: 3 0x000000008000fee4 (0xfe043703) x14 0x0000000080012070 mem 0x0000000080031f50
core   0: 0x000000008000fee8 (0xfcf76de3) bltu    a4, a5, pc - 38
core   0: 3 0x000000008000fee8 (0xfcf76de3)
core   0: 0x000000008000fec2 (0xfe043783) ld      a5, -32(s0)
core   0: 3 0x000000008000fec2 (0xfe043783) x15 0x0000000080012070 mem 0x0000000080031f50
core   0: 0x000000008000fec6 (0x00178713) addi    a4, a5, 1
core   0: 3 0x000000008000fec6 (0x00178713) x14 0x0000000080012071
core   0: 0x000000008000feca (0xfee43023) sd      a4, -32(s0)
core   0: 3 0x000000008000feca (0xfee43023) mem 0x0000000080031f50 0x0000000080012071
core   0: 0x000000008000fece (0xfc442703) lw      a4, -60(s0)
core   0: 3 0x000000008000fece (0xfc442703) x14 0x0000000000000000 mem 0x0000000080031f34
core   0: 0x000000008000fed2 (0x0ff77713) andi    a4, a4, 255
core   0: 3 0x000000008000fed2 (0x0ff77713) x14 0x0000000000000000
core   0: 0x000000008000fed6 (0x00e78023) sb      a4, 0(a5)
core   0: 3 0x000000008000fed6 (0x00e78023) mem 0x0000000080012070 0x00
core   0: 0x000000008000feda (0xfc843703) ld      a4, -56(s0)
core   0: 3 0x000000008000feda (0xfc843703) x14 0x0000000080012040 mem 0x0000000080031f38
core   0: 0x000000008000fede (0xfb843783) ld      a5, -72(s0)
core   0: 3 0x000000008000fede (0xfb843783) x15 0x000000000000009c mem 0x0000000080031f28
core   0: 0x000000008000fee2 (0x000097ba) c.add   a5, a4
core   0: 3 0x000000008000fee2 (0x97ba) x15 0x00000000800120dc
core   0: 0x000000008000fee4 (0xfe043703) ld      a4, -32(s0)
core   0: 3 0x000000008000fee4 (0xfe043703) x14 0x0000000080012071 mem 0x0000000080031f50
core   0: 0x000000008000fee8 (0xfcf76de3) bltu    a4, a5, pc - 38
core   0: 3 0x000000008000fee8 (0xfcf76de3)
core   0: 0x000000008000fec2 (0xfe043783) ld      a5, -32(s0)
core   0: 3 0x000000008000fec2 (0xfe043783) x15 0x0000000080012071 mem 0x0000000080031f50
core   0: 0x000000008000fec6 (0x00178713) addi    a4, a5, 1
core   0: 3 0x000000008000fec6 (0x00178713) x14 0x0000000080012072
core   0: 0x000000008000feca (0xfee43023) sd      a4, -32(s0)
core   0: 3 0x000000008000feca (0xfee43023) mem 0x0000000080031f50 0x0000000080012072
core   0: 0x000000008000fece (0xfc442703) lw      a4, -60(s0)
core   0: 3 0x000000008000fece (0xfc442703) x14 0x0000000000000000 mem 0x0000000080031f34
core   0: 0x000000008000fed2 (0x0ff77713) andi    a4, a4, 255
core   0: 3 0x000000008000fed2 (0x0ff77713) x14 0x0000000000000000
core   0: 0x000000008000fed6 (0x00e78023) sb      a4, 0(a5)
core   0: 3 0x000000008000fed6 (0x00e78023) mem 0x0000000080012071 0x00
core   0: 0x000000008000feda (0xfc843703) ld      a4, -56(s0)
core   0: 3 0x000000008000feda (0xfc843703) x14 0x0000000080012040 mem 0x0000000080031f38
core   0: 0x000000008000fede (0xfb843783) ld      a5, -72(s0)
core   0: 3 0x000000008000fede (0xfb843783) x15 0x000000000000009c mem 0x0000000080031f28
core   0: 0x000000008000fee2 (0x000097ba) c.add   a5, a4
core   0: 3 0x000000008000fee2 (0x97ba) x15 0x00000000800120dc
core   0: 0x000000008000fee4 (0xfe043703) ld      a4, -32(s0)
core   0: 3 0x000000008000fee4 (0xfe043703) x14 0x0000000080012072 mem 0x0000000080031f50
core   0: 0x000000008000fee8 (0xfcf76de3) bltu    a4, a5, pc - 38
core   0: 3 0x000000008000fee8 (0xfcf76de3)
core   0: 0x000000008000fec2 (0xfe043783) ld      a5, -32(s0)
core   0: 3 0x000000008000fec2 (0xfe043783) x15 0x0000000080012072 mem 0x0000000080031f50
core   0: 0x000000008000fec6 (0x00178713) addi    a4, a5, 1
core   0: 3 0x000000008000fec6 (0x00178713) x14 0x0000000080012073
core   0: 0x000000008000feca (0xfee43023) sd      a4, -32(s0)
core   0: 3 0x000000008000feca (0xfee43023) mem 0x0000000080031f50 0x0000000080012073
core   0: 0x000000008000fece (0xfc442703) lw      a4, -60(s0)
core   0: 3 0x000000008000fece (0xfc442703) x14 0x0000000000000000 mem 0x0000000080031f34
core   0: 0x000000008000fed2 (0x0ff77713) andi    a4, a4, 255
core   0: 3 0x000000008000fed2 (0x0ff77713) x14 0x0000000000000000
core   0: 0x000000008000fed6 (0x00e78023) sb      a4, 0(a5)
core   0: 3 0x000000008000fed6 (0x00e78023) mem 0x0000000080012072 0x00
core   0: 0x000000008000feda (0xfc843703) ld      a4, -56(s0)
core   0: 3 0x000000008000feda (0xfc843703) x14 0x0000000080012040 mem 0x0000000080031f38
core   0: 0x000000008000fede (0xfb843783) ld      a5, -72(s0)
core   0: 3 0x000000008000fede (0xfb843783) x15 0x000000000000009c mem 0x0000000080031f28
core   0: 0x000000008000fee2 (0x000097ba) c.add   a5, a4
core   0: 3 0x000000008000fee2 (0x97ba) x15 0x00000000800120dc
core   0: 0x000000008000fee4 (0xfe043703) ld      a4, -32(s0)
core   0: 3 0x000000008000fee4 (0xfe043703) x14 0x0000000080012073 mem 0x0000000080031f50
core   0: 0x000000008000fee8 (0xfcf76de3) bltu    a4, a5, pc - 38
core   0: 3 0x000000008000fee8 (0xfcf76de3)
core   0: 0x000000008000fec2 (0xfe043783) ld      a5, -32(s0)
core   0: 3 0x000000008000fec2 (0xfe043783) x15 0x0000000080012073 mem 0x0000000080031f50
core   0: 0x000000008000fec6 (0x00178713) addi    a4, a5, 1
core   0: 3 0x000000008000fec6 (0x00178713) x14 0x0000000080012074
core   0: 0x000000008000feca (0xfee43023) sd      a4, -32(s0)
core   0: 3 0x000000008000feca (0xfee43023) mem 0x0000000080031f50 0x0000000080012074
core   0: 0x000000008000fece (0xfc442703) lw      a4, -60(s0)
core   0: 3 0x000000008000fece (0xfc442703) x14 0x0000000000000000 mem 0x0000000080031f34
core   0: 0x000000008000fed2 (0x0ff77713) andi    a4, a4, 255
core   0: 3 0x000000008000fed2 (0x0ff77713) x14 0x0000000000000000
core   0: 0x000000008000fed6 (0x00e78023) sb      a4, 0(a5)
core   0: 3 0x000000008000fed6 (0x00e78023) mem 0x0000000080012073 0x00
core   0: 0x000000008000feda (0xfc843703) ld      a4, -56(s0)
core   0: 3 0x000000008000feda (0xfc843703) x14 0x0000000080012040 mem 0x0000000080031f38
core   0: 0x000000008000fede (0xfb843783) ld      a5, -72(s0)
core   0: 3 0x000000008000fede (0xfb843783) x15 0x000000000000009c mem 0x0000000080031f28
core   0: 0x000000008000fee2 (0x000097ba) c.add   a5, a4
core   0: 3 0x000000008000fee2 (0x97ba) x15 0x00000000800120dc
core   0: 0x000000008000fee4 (0xfe043703) ld      a4, -32(s0)
core   0: 3 0x000000008000fee4 (0xfe043703) x14 0x0000000080012074 mem 0x0000000080031f50
core   0: 0x000000008000fee8 (0xfcf76de3) bltu    a4, a5, pc - 38
core   0: 3 0x000000008000fee8 (0xfcf76de3)
core   0: 0x000000008000fec2 (0xfe043783) ld      a5, -32(s0)
core   0: 3 0x000000008000fec2 (0xfe043783) x15 0x0000000080012074 mem 0x0000000080031f50
core   0: 0x000000008000fec6 (0x00178713) addi    a4, a5, 1
core   0: 3 0x000000008000fec6 (0x00178713) x14 0x0000000080012075
core   0: 0x000000008000feca (0xfee43023) sd      a4, -32(s0)
core   0: 3 0x000000008000feca (0xfee43023) mem 0x0000000080031f50 0x0000000080012075
core   0: 0x000000008000fece (0xfc442703) lw      a4, -60(s0)
core   0: 3 0x000000008000fece (0xfc442703) x14 0x0000000000000000 mem 0x0000000080031f34
core   0: 0x000000008000fed2 (0x0ff77713) andi    a4, a4, 255
core   0: 3 0x000000008000fed2 (0x0ff77713) x14 0x0000000000000000
core   0: 0x000000008000fed6 (0x00e78023) sb      a4, 0(a5)
core   0: 3 0x000000008000fed6 (0x00e78023) mem 0x0000000080012074 0x00
core   0: 0x000000008000feda (0xfc843703) ld      a4, -56(s0)
core   0: 3 0x000000008000feda (0xfc843703) x14 0x0000000080012040 mem 0x0000000080031f38
core   0: 0x000000008000fede (0xfb843783) ld      a5, -72(s0)
core   0: 3 0x000000008000fede (0xfb843783) x15 0x000000000000009c mem 0x0000000080031f28
core   0: 0x000000008000fee2 (0x000097ba) c.add   a5, a4
core   0: 3 0x000000008000fee2 (0x97ba) x15 0x00000000800120dc
core   0: 0x000000008000fee4 (0xfe043703) ld      a4, -32(s0)
core   0: 3 0x000000008000fee4 (0xfe043703) x14 0x0000000080012075 mem 0x0000000080031f50
core   0: 0x000000008000fee8 (0xfcf76de3) bltu    a4, a5, pc - 38
core   0: 3 0x000000008000fee8 (0xfcf76de3)
core   0: 0x000000008000fec2 (0xfe043783) ld      a5, -32(s0)
core   0: 3 0x000000008000fec2 (0xfe043783) x15 0x0000000080012075 mem 0x0000000080031f50
core   0: 0x000000008000fec6 (0x00178713) addi    a4, a5, 1
core   0: 3 0x000000008000fec6 (0x00178713) x14 0x0000000080012076
core   0: 0x000000008000feca (0xfee43023) sd      a4, -32(s0)
core   0: 3 0x000000008000feca (0xfee43023) mem 0x0000000080031f50 0x0000000080012076
core   0: 0x000000008000fece (0xfc442703) lw      a4, -60(s0)
core   0: 3 0x000000008000fece (0xfc442703) x14 0x0000000000000000 mem 0x0000000080031f34
core   0: 0x000000008000fed2 (0x0ff77713) andi    a4, a4, 255
core   0: 3 0x000000008000fed2 (0x0ff77713) x14 0x0000000000000000
core   0: 0x000000008000fed6 (0x00e78023) sb      a4, 0(a5)
core   0: 3 0x000000008000fed6 (0x00e78023) mem 0x0000000080012075 0x00
core   0: 0x000000008000feda (0xfc843703) ld      a4, -56(s0)
core   0: 3 0x000000008000feda (0xfc843703) x14 0x0000000080012040 mem 0x0000000080031f38
core   0: 0x000000008000fede (0xfb843783) ld      a5, -72(s0)
core   0: 3 0x000000008000fede (0xfb843783) x15 0x000000000000009c mem 0x0000000080031f28
core   0: 0x000000008000fee2 (0x000097ba) c.add   a5, a4
core   0: 3 0x000000008000fee2 (0x97ba) x15 0x00000000800120dc
core   0: 0x000000008000fee4 (0xfe043703) ld      a4, -32(s0)
core   0: 3 0x000000008000fee4 (0xfe043703) x14 0x0000000080012076 mem 0x0000000080031f50
core   0: 0x000000008000fee8 (0xfcf76de3) bltu    a4, a5, pc - 38
core   0: 3 0x000000008000fee8 (0xfcf76de3)
core   0: 0x000000008000fec2 (0xfe043783) ld      a5, -32(s0)
core   0: 3 0x000000008000fec2 (0xfe043783) x15 0x0000000080012076 mem 0x0000000080031f50
core   0: 0x000000008000fec6 (0x00178713) addi    a4, a5, 1
core   0: 3 0x000000008000fec6 (0x00178713) x14 0x0000000080012077
core   0: 0x000000008000feca (0xfee43023) sd      a4, -32(s0)
core   0: 3 0x000000008000feca (0xfee43023) mem 0x0000000080031f50 0x0000000080012077
core   0: 0x000000008000fece (0xfc442703) lw      a4, -60(s0)
core   0: 3 0x000000008000fece (0xfc442703) x14 0x0000000000000000 mem 0x0000000080031f34
core   0: 0x000000008000fed2 (0x0ff77713) andi    a4, a4, 255
core   0: 3 0x000000008000fed2 (0x0ff77713) x14 0x0000000000000000
core   0: 0x000000008000fed6 (0x00e78023) sb      a4, 0(a5)
core   0: 3 0x000000008000fed6 (0x00e78023) mem 0x0000000080012076 0x00
core   0: 0x000000008000feda (0xfc843703) ld      a4, -56(s0)
core   0: 3 0x000000008000feda (0xfc843703) x14 0x0000000080012040 mem 0x0000000080031f38
core   0: 0x000000008000fede (0xfb843783) ld      a5, -72(s0)
core   0: 3 0x000000008000fede (0xfb843783) x15 0x000000000000009c mem 0x0000000080031f28
core   0: 0x000000008000fee2 (0x000097ba) c.add   a5, a4
core   0: 3 0x000000008000fee2 (0x97ba) x15 0x00000000800120dc
core   0: 0x000000008000fee4 (0xfe043703) ld      a4, -32(s0)
core   0: 3 0x000000008000fee4 (0xfe043703) x14 0x0000000080012077 mem 0x0000000080031f50
core   0: 0x000000008000fee8 (0xfcf76de3) bltu    a4, a5, pc - 38
core   0: 3 0x000000008000fee8 (0xfcf76de3)
core   0: 0x000000008000fec2 (0xfe043783) ld      a5, -32(s0)
core   0: 3 0x000000008000fec2 (0xfe043783) x15 0x0000000080012077 mem 0x0000000080031f50
core   0: 0x000000008000fec6 (0x00178713) addi    a4, a5, 1
core   0: 3 0x000000008000fec6 (0x00178713) x14 0x0000000080012078
core   0: 0x000000008000feca (0xfee43023) sd      a4, -32(s0)
core   0: 3 0x000000008000feca (0xfee43023) mem 0x0000000080031f50 0x0000000080012078
core   0: 0x000000008000fece (0xfc442703) lw      a4, -60(s0)
core   0: 3 0x000000008000fece (0xfc442703) x14 0x0000000000000000 mem 0x0000000080031f34
core   0: 0x000000008000fed2 (0x0ff77713) andi    a4, a4, 255
core   0: 3 0x000000008000fed2 (0x0ff77713) x14 0x0000000000000000
core   0: 0x000000008000fed6 (0x00e78023) sb      a4, 0(a5)
core   0: 3 0x000000008000fed6 (0x00e78023) mem 0x0000000080012077 0x00
core   0: 0x000000008000feda (0xfc843703) ld      a4, -56(s0)
core   0: 3 0x000000008000feda (0xfc843703) x14 0x0000000080012040 mem 0x0000000080031f38
core   0: 0x000000008000fede (0xfb843783) ld      a5, -72(s0)
core   0: 3 0x000000008000fede (0xfb843783) x15 0x000000000000009c mem 0x0000000080031f28
core   0: 0x000000008000fee2 (0x000097ba) c.add   a5, a4
core   0: 3 0x000000008000fee2 (0x97ba) x15 0x00000000800120dc
core   0: 0x000000008000fee4 (0xfe043703) ld      a4, -32(s0)
core   0: 3 0x000000008000fee4 (0xfe043703) x14 0x0000000080012078 mem 0x0000000080031f50
core   0: 0x000000008000fee8 (0xfcf76de3) bltu    a4, a5, pc - 38
core   0: 3 0x000000008000fee8 (0xfcf76de3)
core   0: 0x000000008000fec2 (0xfe043783) ld      a5, -32(s0)
core   0: 3 0x000000008000fec2 (0xfe043783) x15 0x0000000080012078 mem 0x0000000080031f50
core   0: 0x000000008000fec6 (0x00178713) addi    a4, a5, 1
core   0: 3 0x000000008000fec6 (0x00178713) x14 0x0000000080012079
core   0: 0x000000008000feca (0xfee43023) sd      a4, -32(s0)
core   0: 3 0x000000008000feca (0xfee43023) mem 0x0000000080031f50 0x0000000080012079
core   0: 0x000000008000fece (0xfc442703) lw      a4, -60(s0)
core   0: 3 0x000000008000fece (0xfc442703) x14 0x0000000000000000 mem 0x0000000080031f34
core   0: 0x000000008000fed2 (0x0ff77713) andi    a4, a4, 255
core   0: 3 0x000000008000fed2 (0x0ff77713) x14 0x0000000000000000
core   0: 0x000000008000fed6 (0x00e78023) sb      a4, 0(a5)
core   0: 3 0x000000008000fed6 (0x00e78023) mem 0x0000000080012078 0x00
core   0: 0x000000008000feda (0xfc843703) ld      a4, -56(s0)
core   0: 3 0x000000008000feda (0xfc843703) x14 0x0000000080012040 mem 0x0000000080031f38
core   0: 0x000000008000fede (0xfb843783) ld      a5, -72(s0)
core   0: 3 0x000000008000fede (0xfb843783) x15 0x000000000000009c mem 0x0000000080031f28
core   0: 0x000000008000fee2 (0x000097ba) c.add   a5, a4
core   0: 3 0x000000008000fee2 (0x97ba) x15 0x00000000800120dc
core   0: 0x000000008000fee4 (0xfe043703) ld      a4, -32(s0)
core   0: 3 0x000000008000fee4 (0xfe043703) x14 0x0000000080012079 mem 0x0000000080031f50
core   0: 0x000000008000fee8 (0xfcf76de3) bltu    a4, a5, pc - 38
core   0: 3 0x000000008000fee8 (0xfcf76de3)
core   0: 0x000000008000fec2 (0xfe043783) ld      a5, -32(s0)
core   0: 3 0x000000008000fec2 (0xfe043783) x15 0x0000000080012079 mem 0x0000000080031f50
core   0: 0x000000008000fec6 (0x00178713) addi    a4, a5, 1
core   0: 3 0x000000008000fec6 (0x00178713) x14 0x000000008001207a
core   0: 0x000000008000feca (0xfee43023) sd      a4, -32(s0)
core   0: 3 0x000000008000feca (0xfee43023) mem 0x0000000080031f50 0x000000008001207a
core   0: 0x000000008000fece (0xfc442703) lw      a4, -60(s0)
core   0: 3 0x000000008000fece (0xfc442703) x14 0x0000000000000000 mem 0x0000000080031f34
core   0: 0x000000008000fed2 (0x0ff77713) andi    a4, a4, 255
core   0: 3 0x000000008000fed2 (0x0ff77713) x14 0x0000000000000000
core   0: 0x000000008000fed6 (0x00e78023) sb      a4, 0(a5)
core   0: 3 0x000000008000fed6 (0x00e78023) mem 0x0000000080012079 0x00
core   0: 0x000000008000feda (0xfc843703) ld      a4, -56(s0)
core   0: 3 0x000000008000feda (0xfc843703) x14 0x0000000080012040 mem 0x0000000080031f38
core   0: 0x000000008000fede (0xfb843783) ld      a5, -72(s0)
core   0: 3 0x000000008000fede (0xfb843783) x15 0x000000000000009c mem 0x0000000080031f28
core   0: 0x000000008000fee2 (0x000097ba) c.add   a5, a4
core   0: 3 0x000000008000fee2 (0x97ba) x15 0x00000000800120dc
core   0: 0x000000008000fee4 (0xfe043703) ld      a4, -32(s0)
core   0: 3 0x000000008000fee4 (0xfe043703) x14 0x000000008001207a mem 0x0000000080031f50
core   0: 0x000000008000fee8 (0xfcf76de3) bltu    a4, a5, pc - 38
core   0: 3 0x000000008000fee8 (0xfcf76de3)
core   0: 0x000000008000fec2 (0xfe043783) ld      a5, -32(s0)
core   0: 3 0x000000008000fec2 (0xfe043783) x15 0x000000008001207a mem 0x0000000080031f50
core   0: 0x000000008000fec6 (0x00178713) addi    a4, a5, 1
core   0: 3 0x000000008000fec6 (0x00178713) x14 0x000000008001207b
core   0: 0x000000008000feca (0xfee43023) sd      a4, -32(s0)
core   0: 3 0x000000008000feca (0xfee43023) mem 0x0000000080031f50 0x000000008001207b
core   0: 0x000000008000fece (0xfc442703) lw      a4, -60(s0)
core   0: 3 0x000000008000fece (0xfc442703) x14 0x0000000000000000 mem 0x0000000080031f34
core   0: 0x000000008000fed2 (0x0ff77713) andi    a4, a4, 255
core   0: 3 0x000000008000fed2 (0x0ff77713) x14 0x0000000000000000
core   0: 0x000000008000fed6 (0x00e78023) sb      a4, 0(a5)
core   0: 3 0x000000008000fed6 (0x00e78023) mem 0x000000008001207a 0x00
core   0: 0x000000008000feda (0xfc843703) ld      a4, -56(s0)
core   0: 3 0x000000008000feda (0xfc843703) x14 0x0000000080012040 mem 0x0000000080031f38
core   0: 0x000000008000fede (0xfb843783) ld      a5, -72(s0)
core   0: 3 0x000000008000fede (0xfb843783) x15 0x000000000000009c mem 0x0000000080031f28
core   0: 0x000000008000fee2 (0x000097ba) c.add   a5, a4
core   0: 3 0x000000008000fee2 (0x97ba) x15 0x00000000800120dc
core   0: 0x000000008000fee4 (0xfe043703) ld      a4, -32(s0)
core   0: 3 0x000000008000fee4 (0xfe043703) x14 0x000000008001207b mem 0x0000000080031f50
core   0: 0x000000008000fee8 (0xfcf76de3) bltu    a4, a5, pc - 38
core   0: 3 0x000000008000fee8 (0xfcf76de3)
core   0: 0x000000008000fec2 (0xfe043783) ld      a5, -32(s0)
core   0: 3 0x000000008000fec2 (0xfe043783) x15 0x000000008001207b mem 0x0000000080031f50
core   0: 0x000000008000fec6 (0x00178713) addi    a4, a5, 1
core   0: 3 0x000000008000fec6 (0x00178713) x14 0x000000008001207c
core   0: 0x000000008000feca (0xfee43023) sd      a4, -32(s0)
core   0: 3 0x000000008000feca (0xfee43023) mem 0x0000000080031f50 0x000000008001207c
core   0: 0x000000008000fece (0xfc442703) lw      a4, -60(s0)
core   0: 3 0x000000008000fece (0xfc442703) x14 0x0000000000000000 mem 0x0000000080031f34
core   0: 0x000000008000fed2 (0x0ff77713) andi    a4, a4, 255
core   0: 3 0x000000008000fed2 (0x0ff77713) x14 0x0000000000000000
core   0: 0x000000008000fed6 (0x00e78023) sb      a4, 0(a5)
core   0: 3 0x000000008000fed6 (0x00e78023) mem 0x000000008001207b 0x00
core   0: 0x000000008000feda (0xfc843703) ld      a4, -56(s0)
core   0: 3 0x000000008000feda (0xfc843703) x14 0x0000000080012040 mem 0x0000000080031f38
core   0: 0x000000008000fede (0xfb843783) ld      a5, -72(s0)
core   0: 3 0x000000008000fede (0xfb843783) x15 0x000000000000009c mem 0x0000000080031f28
core   0: 0x000000008000fee2 (0x000097ba) c.add   a5, a4
core   0: 3 0x000000008000fee2 (0x97ba) x15 0x00000000800120dc
core   0: 0x000000008000fee4 (0xfe043703) ld      a4, -32(s0)
core   0: 3 0x000000008000fee4 (0xfe043703) x14 0x000000008001207c mem 0x0000000080031f50
core   0: 0x000000008000fee8 (0xfcf76de3) bltu    a4, a5, pc - 38
core   0: 3 0x000000008000fee8 (0xfcf76de3)
core   0: 0x000000008000fec2 (0xfe043783) ld      a5, -32(s0)
core   0: 3 0x000000008000fec2 (0xfe043783) x15 0x000000008001207c mem 0x0000000080031f50
core   0: 0x000000008000fec6 (0x00178713) addi    a4, a5, 1
core   0: 3 0x000000008000fec6 (0x00178713) x14 0x000000008001207d
core   0: 0x000000008000feca (0xfee43023) sd      a4, -32(s0)
core   0: 3 0x000000008000feca (0xfee43023) mem 0x0000000080031f50 0x000000008001207d
core   0: 0x000000008000fece (0xfc442703) lw      a4, -60(s0)
core   0: 3 0x000000008000fece (0xfc442703) x14 0x0000000000000000 mem 0x0000000080031f34
core   0: 0x000000008000fed2 (0x0ff77713) andi    a4, a4, 255
core   0: 3 0x000000008000fed2 (0x0ff77713) x14 0x0000000000000000
core   0: 0x000000008000fed6 (0x00e78023) sb      a4, 0(a5)
core   0: 3 0x000000008000fed6 (0x00e78023) mem 0x000000008001207c 0x00
core   0: 0x000000008000feda (0xfc843703) ld      a4, -56(s0)
core   0: 3 0x000000008000feda (0xfc843703) x14 0x0000000080012040 mem 0x0000000080031f38
core   0: 0x000000008000fede (0xfb843783) ld      a5, -72(s0)
core   0: 3 0x000000008000fede (0xfb843783) x15 0x000000000000009c mem 0x0000000080031f28
core   0: 0x000000008000fee2 (0x000097ba) c.add   a5, a4
core   0: 3 0x000000008000fee2 (0x97ba) x15 0x00000000800120dc
core   0: 0x000000008000fee4 (0xfe043703) ld      a4, -32(s0)
core   0: 3 0x000000008000fee4 (0xfe043703) x14 0x000000008001207d mem 0x0000000080031f50
core   0: 0x000000008000fee8 (0xfcf76de3) bltu    a4, a5, pc - 38
core   0: 3 0x000000008000fee8 (0xfcf76de3)
core   0: 0x000000008000fec2 (0xfe043783) ld      a5, -32(s0)
core   0: 3 0x000000008000fec2 (0xfe043783) x15 0x000000008001207d mem 0x0000000080031f50
core   0: 0x000000008000fec6 (0x00178713) addi    a4, a5, 1
core   0: 3 0x000000008000fec6 (0x00178713) x14 0x000000008001207e
core   0: 0x000000008000feca (0xfee43023) sd      a4, -32(s0)
core   0: 3 0x000000008000feca (0xfee43023) mem 0x0000000080031f50 0x000000008001207e
core   0: 0x000000008000fece (0xfc442703) lw      a4, -60(s0)
core   0: 3 0x000000008000fece (0xfc442703) x14 0x0000000000000000 mem 0x0000000080031f34
core   0: 0x000000008000fed2 (0x0ff77713) andi    a4, a4, 255
core   0: 3 0x000000008000fed2 (0x0ff77713) x14 0x0000000000000000
core   0: 0x000000008000fed6 (0x00e78023) sb      a4, 0(a5)
core   0: 3 0x000000008000fed6 (0x00e78023) mem 0x000000008001207d 0x00
core   0: 0x000000008000feda (0xfc843703) ld      a4, -56(s0)
core   0: 3 0x000000008000feda (0xfc843703) x14 0x0000000080012040 mem 0x0000000080031f38
core   0: 0x000000008000fede (0xfb843783) ld      a5, -72(s0)
core   0: 3 0x000000008000fede (0xfb843783) x15 0x000000000000009c mem 0x0000000080031f28
core   0: 0x000000008000fee2 (0x000097ba) c.add   a5, a4
core   0: 3 0x000000008000fee2 (0x97ba) x15 0x00000000800120dc
core   0: 0x000000008000fee4 (0xfe043703) ld      a4, -32(s0)
core   0: 3 0x000000008000fee4 (0xfe043703) x14 0x000000008001207e mem 0x0000000080031f50
core   0: 0x000000008000fee8 (0xfcf76de3) bltu    a4, a5, pc - 38
core   0: 3 0x000000008000fee8 (0xfcf76de3)
core   0: 0x000000008000fec2 (0xfe043783) ld      a5, -32(s0)
core   0: 3 0x000000008000fec2 (0xfe043783) x15 0x000000008001207e mem 0x0000000080031f50
core   0: 0x000000008000fec6 (0x00178713) addi    a4, a5, 1
core   0: 3 0x000000008000fec6 (0x00178713) x14 0x000000008001207f
core   0: 0x000000008000feca (0xfee43023) sd      a4, -32(s0)
core   0: 3 0x000000008000feca (0xfee43023) mem 0x0000000080031f50 0x000000008001207f
core   0: 0x000000008000fece (0xfc442703) lw      a4, -60(s0)
core   0: 3 0x000000008000fece (0xfc442703) x14 0x0000000000000000 mem 0x0000000080031f34
core   0: 0x000000008000fed2 (0x0ff77713) andi    a4, a4, 255
core   0: 3 0x000000008000fed2 (0x0ff77713) x14 0x0000000000000000
core   0: 0x000000008000fed6 (0x00e78023) sb      a4, 0(a5)
core   0: 3 0x000000008000fed6 (0x00e78023) mem 0x000000008001207e 0x00
core   0: 0x000000008000feda (0xfc843703) ld      a4, -56(s0)
core   0: 3 0x000000008000feda (0xfc843703) x14 0x0000000080012040 mem 0x0000000080031f38
core   0: 0x000000008000fede (0xfb843783) ld      a5, -72(s0)
core   0: 3 0x000000008000fede (0xfb843783) x15 0x000000000000009c mem 0x0000000080031f28
core   0: 0x000000008000fee2 (0x000097ba) c.add   a5, a4
core   0: 3 0x000000008000fee2 (0x97ba) x15 0x00000000800120dc
core   0: 0x000000008000fee4 (0xfe043703) ld      a4, -32(s0)
core   0: 3 0x000000008000fee4 (0xfe043703) x14 0x000000008001207f mem 0x0000000080031f50
core   0: 0x000000008000fee8 (0xfcf76de3) bltu    a4, a5, pc - 38
core   0: 3 0x000000008000fee8 (0xfcf76de3)
core   0: 0x000000008000fec2 (0xfe043783) ld      a5, -32(s0)
core   0: 3 0x000000008000fec2 (0xfe043783) x15 0x000000008001207f mem 0x0000000080031f50
core   0: 0x000000008000fec6 (0x00178713) addi    a4, a5, 1
core   0: 3 0x000000008000fec6 (0x00178713) x14 0x0000000080012080
core   0: 0x000000008000feca (0xfee43023) sd      a4, -32(s0)
core   0: 3 0x000000008000feca (0xfee43023) mem 0x0000000080031f50 0x0000000080012080
core   0: 0x000000008000fece (0xfc442703) lw      a4, -60(s0)
core   0: 3 0x000000008000fece (0xfc442703) x14 0x0000000000000000 mem 0x0000000080031f34
core   0: 0x000000008000fed2 (0x0ff77713) andi    a4, a4, 255
core   0: 3 0x000000008000fed2 (0x0ff77713) x14 0x0000000000000000
core   0: 0x000000008000fed6 (0x00e78023) sb      a4, 0(a5)
core   0: 3 0x000000008000fed6 (0x00e78023) mem 0x000000008001207f 0x00
core   0: 0x000000008000feda (0xfc843703) ld      a4, -56(s0)
core   0: 3 0x000000008000feda (0xfc843703) x14 0x0000000080012040 mem 0x0000000080031f38
core   0: 0x000000008000fede (0xfb843783) ld      a5, -72(s0)
core   0: 3 0x000000008000fede (0xfb843783) x15 0x000000000000009c mem 0x0000000080031f28
core   0: 0x000000008000fee2 (0x000097ba) c.add   a5, a4
core   0: 3 0x000000008000fee2 (0x97ba) x15 0x00000000800120dc
core   0: 0x000000008000fee4 (0xfe043703) ld      a4, -32(s0)
core   0: 3 0x000000008000fee4 (0xfe043703) x14 0x0000000080012080 mem 0x0000000080031f50
core   0: 0x000000008000fee8 (0xfcf76de3) bltu    a4, a5, pc - 38
core   0: 3 0x000000008000fee8 (0xfcf76de3)
core   0: 0x000000008000fec2 (0xfe043783) ld      a5, -32(s0)
core   0: 3 0x000000008000fec2 (0xfe043783) x15 0x0000000080012080 mem 0x0000000080031f50
core   0: 0x000000008000fec6 (0x00178713) addi    a4, a5, 1
core   0: 3 0x000000008000fec6 (0x00178713) x14 0x0000000080012081
core   0: 0x000000008000feca (0xfee43023) sd      a4, -32(s0)
core   0: 3 0x000000008000feca (0xfee43023) mem 0x0000000080031f50 0x0000000080012081
core   0: 0x000000008000fece (0xfc442703) lw      a4, -60(s0)
core   0: 3 0x000000008000fece (0xfc442703) x14 0x0000000000000000 mem 0x0000000080031f34
core   0: 0x000000008000fed2 (0x0ff77713) andi    a4, a4, 255
core   0: 3 0x000000008000fed2 (0x0ff77713) x14 0x0000000000000000
core   0: 0x000000008000fed6 (0x00e78023) sb      a4, 0(a5)
core   0: 3 0x000000008000fed6 (0x00e78023) mem 0x0000000080012080 0x00
core   0: 0x000000008000feda (0xfc843703) ld      a4, -56(s0)
core   0: 3 0x000000008000feda (0xfc843703) x14 0x0000000080012040 mem 0x0000000080031f38
core   0: 0x000000008000fede (0xfb843783) ld      a5, -72(s0)
core   0: 3 0x000000008000fede (0xfb843783) x15 0x000000000000009c mem 0x0000000080031f28
core   0: 0x000000008000fee2 (0x000097ba) c.add   a5, a4
core   0: 3 0x000000008000fee2 (0x97ba) x15 0x00000000800120dc
core   0: 0x000000008000fee4 (0xfe043703) ld      a4, -32(s0)
core   0: 3 0x000000008000fee4 (0xfe043703) x14 0x0000000080012081 mem 0x0000000080031f50
core   0: 0x000000008000fee8 (0xfcf76de3) bltu    a4, a5, pc - 38
core   0: 3 0x000000008000fee8 (0xfcf76de3)
core   0: 0x000000008000fec2 (0xfe043783) ld      a5, -32(s0)
core   0: 3 0x000000008000fec2 (0xfe043783) x15 0x0000000080012081 mem 0x0000000080031f50
core   0: 0x000000008000fec6 (0x00178713) addi    a4, a5, 1
core   0: 3 0x000000008000fec6 (0x00178713) x14 0x0000000080012082
core   0: 0x000000008000feca (0xfee43023) sd      a4, -32(s0)
core   0: 3 0x000000008000feca (0xfee43023) mem 0x0000000080031f50 0x0000000080012082
core   0: 0x000000008000fece (0xfc442703) lw      a4, -60(s0)
core   0: 3 0x000000008000fece (0xfc442703) x14 0x0000000000000000 mem 0x0000000080031f34
core   0: 0x000000008000fed2 (0x0ff77713) andi    a4, a4, 255
core   0: 3 0x000000008000fed2 (0x0ff77713) x14 0x0000000000000000
core   0: 0x000000008000fed6 (0x00e78023) sb      a4, 0(a5)
core   0: 3 0x000000008000fed6 (0x00e78023) mem 0x0000000080012081 0x00
core   0: 0x000000008000feda (0xfc843703) ld      a4, -56(s0)
core   0: 3 0x000000008000feda (0xfc843703) x14 0x0000000080012040 mem 0x0000000080031f38
core   0: 0x000000008000fede (0xfb843783) ld      a5, -72(s0)
core   0: 3 0x000000008000fede (0xfb843783) x15 0x000000000000009c mem 0x0000000080031f28
core   0: 0x000000008000fee2 (0x000097ba) c.add   a5, a4
core   0: 3 0x000000008000fee2 (0x97ba) x15 0x00000000800120dc
core   0: 0x000000008000fee4 (0xfe043703) ld      a4, -32(s0)
core   0: 3 0x000000008000fee4 (0xfe043703) x14 0x0000000080012082 mem 0x0000000080031f50
core   0: 0x000000008000fee8 (0xfcf76de3) bltu    a4, a5, pc - 38
core   0: 3 0x000000008000fee8 (0xfcf76de3)
core   0: 0x000000008000fec2 (0xfe043783) ld      a5, -32(s0)
core   0: 3 0x000000008000fec2 (0xfe043783) x15 0x0000000080012082 mem 0x0000000080031f50
core   0: 0x000000008000fec6 (0x00178713) addi    a4, a5, 1
core   0: 3 0x000000008000fec6 (0x00178713) x14 0x0000000080012083
core   0: 0x000000008000feca (0xfee43023) sd      a4, -32(s0)
core   0: 3 0x000000008000feca (0xfee43023) mem 0x0000000080031f50 0x0000000080012083
core   0: 0x000000008000fece (0xfc442703) lw      a4, -60(s0)
core   0: 3 0x000000008000fece (0xfc442703) x14 0x0000000000000000 mem 0x0000000080031f34
core   0: 0x000000008000fed2 (0x0ff77713) andi    a4, a4, 255
core   0: 3 0x000000008000fed2 (0x0ff77713) x14 0x0000000000000000
core   0: 0x000000008000fed6 (0x00e78023) sb      a4, 0(a5)
core   0: 3 0x000000008000fed6 (0x00e78023) mem 0x0000000080012082 0x00
core   0: 0x000000008000feda (0xfc843703) ld      a4, -56(s0)
core   0: 3 0x000000008000feda (0xfc843703) x14 0x0000000080012040 mem 0x0000000080031f38
core   0: 0x000000008000fede (0xfb843783) ld      a5, -72(s0)
core   0: 3 0x000000008000fede (0xfb843783) x15 0x000000000000009c mem 0x0000000080031f28
core   0: 0x000000008000fee2 (0x000097ba) c.add   a5, a4
core   0: 3 0x000000008000fee2 (0x97ba) x15 0x00000000800120dc
core   0: 0x000000008000fee4 (0xfe043703) ld      a4, -32(s0)
core   0: 3 0x000000008000fee4 (0xfe043703) x14 0x0000000080012083 mem 0x0000000080031f50
core   0: 0x000000008000fee8 (0xfcf76de3) bltu    a4, a5, pc - 38
core   0: 3 0x000000008000fee8 (0xfcf76de3)
core   0: 0x000000008000fec2 (0xfe043783) ld      a5, -32(s0)
core   0: 3 0x000000008000fec2 (0xfe043783) x15 0x0000000080012083 mem 0x0000000080031f50
core   0: 0x000000008000fec6 (0x00178713) addi    a4, a5, 1
core   0: 3 0x000000008000fec6 (0x00178713) x14 0x0000000080012084
core   0: 0x000000008000feca (0xfee43023) sd      a4, -32(s0)
core   0: 3 0x000000008000feca (0xfee43023) mem 0x0000000080031f50 0x0000000080012084
core   0: 0x000000008000fece (0xfc442703) lw      a4, -60(s0)
core   0: 3 0x000000008000fece (0xfc442703) x14 0x0000000000000000 mem 0x0000000080031f34
core   0: 0x000000008000fed2 (0x0ff77713) andi    a4, a4, 255
core   0: 3 0x000000008000fed2 (0x0ff77713) x14 0x0000000000000000
core   0: 0x000000008000fed6 (0x00e78023) sb      a4, 0(a5)
core   0: 3 0x000000008000fed6 (0x00e78023) mem 0x0000000080012083 0x00
core   0: 0x000000008000feda (0xfc843703) ld      a4, -56(s0)
core   0: 3 0x000000008000feda (0xfc843703) x14 0x0000000080012040 mem 0x0000000080031f38
core   0: 0x000000008000fede (0xfb843783) ld      a5, -72(s0)
core   0: 3 0x000000008000fede (0xfb843783) x15 0x000000000000009c mem 0x0000000080031f28
core   0: 0x000000008000fee2 (0x000097ba) c.add   a5, a4
core   0: 3 0x000000008000fee2 (0x97ba) x15 0x00000000800120dc
core   0: 0x000000008000fee4 (0xfe043703) ld      a4, -32(s0)
core   0: 3 0x000000008000fee4 (0xfe043703) x14 0x0000000080012084 mem 0x0000000080031f50
core   0: 0x000000008000fee8 (0xfcf76de3) bltu    a4, a5, pc - 38
core   0: 3 0x000000008000fee8 (0xfcf76de3)
core   0: 0x000000008000fec2 (0xfe043783) ld      a5, -32(s0)
core   0: 3 0x000000008000fec2 (0xfe043783) x15 0x0000000080012084 mem 0x0000000080031f50
core   0: 0x000000008000fec6 (0x00178713) addi    a4, a5, 1
core   0: 3 0x000000008000fec6 (0x00178713) x14 0x0000000080012085
core   0: 0x000000008000feca (0xfee43023) sd      a4, -32(s0)
core   0: 3 0x000000008000feca (0xfee43023) mem 0x0000000080031f50 0x0000000080012085
core   0: 0x000000008000fece (0xfc442703) lw      a4, -60(s0)
core   0: 3 0x000000008000fece (0xfc442703) x14 0x0000000000000000 mem 0x0000000080031f34
core   0: 0x000000008000fed2 (0x0ff77713) andi    a4, a4, 255
core   0: 3 0x000000008000fed2 (0x0ff77713) x14 0x0000000000000000
core   0: 0x000000008000fed6 (0x00e78023) sb      a4, 0(a5)
core   0: 3 0x000000008000fed6 (0x00e78023) mem 0x0000000080012084 0x00
core   0: 0x000000008000feda (0xfc843703) ld      a4, -56(s0)
core   0: 3 0x000000008000feda (0xfc843703) x14 0x0000000080012040 mem 0x0000000080031f38
core   0: 0x000000008000fede (0xfb843783) ld      a5, -72(s0)
core   0: 3 0x000000008000fede (0xfb843783) x15 0x000000000000009c mem 0x0000000080031f28
core   0: 0x000000008000fee2 (0x000097ba) c.add   a5, a4
core   0: 3 0x000000008000fee2 (0x97ba) x15 0x00000000800120dc
core   0: 0x000000008000fee4 (0xfe043703) ld      a4, -32(s0)
core   0: 3 0x000000008000fee4 (0xfe043703) x14 0x0000000080012085 mem 0x0000000080031f50
core   0: 0x000000008000fee8 (0xfcf76de3) bltu    a4, a5, pc - 38
core   0: 3 0x000000008000fee8 (0xfcf76de3)
core   0: 0x000000008000fec2 (0xfe043783) ld      a5, -32(s0)
core   0: 3 0x000000008000fec2 (0xfe043783) x15 0x0000000080012085 mem 0x0000000080031f50
core   0: 0x000000008000fec6 (0x00178713) addi    a4, a5, 1
core   0: 3 0x000000008000fec6 (0x00178713) x14 0x0000000080012086
core   0: 0x000000008000feca (0xfee43023) sd      a4, -32(s0)
core   0: 3 0x000000008000feca (0xfee43023) mem 0x0000000080031f50 0x0000000080012086
core   0: 0x000000008000fece (0xfc442703) lw      a4, -60(s0)
core   0: 3 0x000000008000fece (0xfc442703) x14 0x0000000000000000 mem 0x0000000080031f34
core   0: 0x000000008000fed2 (0x0ff77713) andi    a4, a4, 255
core   0: 3 0x000000008000fed2 (0x0ff77713) x14 0x0000000000000000
core   0: 0x000000008000fed6 (0x00e78023) sb      a4, 0(a5)
core   0: 3 0x000000008000fed6 (0x00e78023) mem 0x0000000080012085 0x00
core   0: 0x000000008000feda (0xfc843703) ld      a4, -56(s0)
core   0: 3 0x000000008000feda (0xfc843703) x14 0x0000000080012040 mem 0x0000000080031f38
core   0: 0x000000008000fede (0xfb843783) ld      a5, -72(s0)
core   0: 3 0x000000008000fede (0xfb843783) x15 0x000000000000009c mem 0x0000000080031f28
core   0: 0x000000008000fee2 (0x000097ba) c.add   a5, a4
core   0: 3 0x000000008000fee2 (0x97ba) x15 0x00000000800120dc
core   0: 0x000000008000fee4 (0xfe043703) ld      a4, -32(s0)
core   0: 3 0x000000008000fee4 (0xfe043703) x14 0x0000000080012086 mem 0x0000000080031f50
core   0: 0x000000008000fee8 (0xfcf76de3) bltu    a4, a5, pc - 38
core   0: 3 0x000000008000fee8 (0xfcf76de3)
core   0: 0x000000008000fec2 (0xfe043783) ld      a5, -32(s0)
core   0: 3 0x000000008000fec2 (0xfe043783) x15 0x0000000080012086 mem 0x0000000080031f50
core   0: 0x000000008000fec6 (0x00178713) addi    a4, a5, 1
core   0: 3 0x000000008000fec6 (0x00178713) x14 0x0000000080012087
core   0: 0x000000008000feca (0xfee43023) sd      a4, -32(s0)
core   0: 3 0x000000008000feca (0xfee43023) mem 0x0000000080031f50 0x0000000080012087
core   0: 0x000000008000fece (0xfc442703) lw      a4, -60(s0)
core   0: 3 0x000000008000fece (0xfc442703) x14 0x0000000000000000 mem 0x0000000080031f34
core   0: 0x000000008000fed2 (0x0ff77713) andi    a4, a4, 255
core   0: 3 0x000000008000fed2 (0x0ff77713) x14 0x0000000000000000
core   0: 0x000000008000fed6 (0x00e78023) sb      a4, 0(a5)
core   0: 3 0x000000008000fed6 (0x00e78023) mem 0x0000000080012086 0x00
core   0: 0x000000008000feda (0xfc843703) ld      a4, -56(s0)
core   0: 3 0x000000008000feda (0xfc843703) x14 0x0000000080012040 mem 0x0000000080031f38
core   0: 0x000000008000fede (0xfb843783) ld      a5, -72(s0)
core   0: 3 0x000000008000fede (0xfb843783) x15 0x000000000000009c mem 0x0000000080031f28
core   0: 0x000000008000fee2 (0x000097ba) c.add   a5, a4
core   0: 3 0x000000008000fee2 (0x97ba) x15 0x00000000800120dc
core   0: 0x000000008000fee4 (0xfe043703) ld      a4, -32(s0)
core   0: 3 0x000000008000fee4 (0xfe043703) x14 0x0000000080012087 mem 0x0000000080031f50
core   0: 0x000000008000fee8 (0xfcf76de3) bltu    a4, a5, pc - 38
core   0: 3 0x000000008000fee8 (0xfcf76de3)
core   0: 0x000000008000fec2 (0xfe043783) ld      a5, -32(s0)
core   0: 3 0x000000008000fec2 (0xfe043783) x15 0x0000000080012087 mem 0x0000000080031f50
core   0: 0x000000008000fec6 (0x00178713) addi    a4, a5, 1
core   0: 3 0x000000008000fec6 (0x00178713) x14 0x0000000080012088
core   0: 0x000000008000feca (0xfee43023) sd      a4, -32(s0)
core   0: 3 0x000000008000feca (0xfee43023) mem 0x0000000080031f50 0x0000000080012088
core   0: 0x000000008000fece (0xfc442703) lw      a4, -60(s0)
core   0: 3 0x000000008000fece (0xfc442703) x14 0x0000000000000000 mem 0x0000000080031f34
core   0: 0x000000008000fed2 (0x0ff77713) andi    a4, a4, 255
core   0: 3 0x000000008000fed2 (0x0ff77713) x14 0x0000000000000000
core   0: 0x000000008000fed6 (0x00e78023) sb      a4, 0(a5)
core   0: 3 0x000000008000fed6 (0x00e78023) mem 0x0000000080012087 0x00
core   0: 0x000000008000feda (0xfc843703) ld      a4, -56(s0)
core   0: 3 0x000000008000feda (0xfc843703) x14 0x0000000080012040 mem 0x0000000080031f38
core   0: 0x000000008000fede (0xfb843783) ld      a5, -72(s0)
core   0: 3 0x000000008000fede (0xfb843783) x15 0x000000000000009c mem 0x0000000080031f28
core   0: 0x000000008000fee2 (0x000097ba) c.add   a5, a4
core   0: 3 0x000000008000fee2 (0x97ba) x15 0x00000000800120dc
core   0: 0x000000008000fee4 (0xfe043703) ld      a4, -32(s0)
core   0: 3 0x000000008000fee4 (0xfe043703) x14 0x0000000080012088 mem 0x0000000080031f50
core   0: 0x000000008000fee8 (0xfcf76de3) bltu    a4, a5, pc - 38
core   0: 3 0x000000008000fee8 (0xfcf76de3)
core   0: 0x000000008000fec2 (0xfe043783) ld      a5, -32(s0)
core   0: 3 0x000000008000fec2 (0xfe043783) x15 0x0000000080012088 mem 0x0000000080031f50
core   0: 0x000000008000fec6 (0x00178713) addi    a4, a5, 1
core   0: 3 0x000000008000fec6 (0x00178713) x14 0x0000000080012089
core   0: 0x000000008000feca (0xfee43023) sd      a4, -32(s0)
core   0: 3 0x000000008000feca (0xfee43023) mem 0x0000000080031f50 0x0000000080012089
core   0: 0x000000008000fece (0xfc442703) lw      a4, -60(s0)
core   0: 3 0x000000008000fece (0xfc442703) x14 0x0000000000000000 mem 0x0000000080031f34
core   0: 0x000000008000fed2 (0x0ff77713) andi    a4, a4, 255
core   0: 3 0x000000008000fed2 (0x0ff77713) x14 0x0000000000000000
core   0: 0x000000008000fed6 (0x00e78023) sb      a4, 0(a5)
core   0: 3 0x000000008000fed6 (0x00e78023) mem 0x0000000080012088 0x00
core   0: 0x000000008000feda (0xfc843703) ld      a4, -56(s0)
core   0: 3 0x000000008000feda (0xfc843703) x14 0x0000000080012040 mem 0x0000000080031f38
core   0: 0x000000008000fede (0xfb843783) ld      a5, -72(s0)
core   0: 3 0x000000008000fede (0xfb843783) x15 0x000000000000009c mem 0x0000000080031f28
core   0: 0x000000008000fee2 (0x000097ba) c.add   a5, a4
core   0: 3 0x000000008000fee2 (0x97ba) x15 0x00000000800120dc
core   0: 0x000000008000fee4 (0xfe043703) ld      a4, -32(s0)
core   0: 3 0x000000008000fee4 (0xfe043703) x14 0x0000000080012089 mem 0x0000000080031f50
core   0: 0x000000008000fee8 (0xfcf76de3) bltu    a4, a5, pc - 38
core   0: 3 0x000000008000fee8 (0xfcf76de3)
core   0: 0x000000008000fec2 (0xfe043783) ld      a5, -32(s0)
core   0: 3 0x000000008000fec2 (0xfe043783) x15 0x0000000080012089 mem 0x0000000080031f50
core   0: 0x000000008000fec6 (0x00178713) addi    a4, a5, 1
core   0: 3 0x000000008000fec6 (0x00178713) x14 0x000000008001208a
core   0: 0x000000008000feca (0xfee43023) sd      a4, -32(s0)
core   0: 3 0x000000008000feca (0xfee43023) mem 0x0000000080031f50 0x000000008001208a
core   0: 0x000000008000fece (0xfc442703) lw      a4, -60(s0)
core   0: 3 0x000000008000fece (0xfc442703) x14 0x0000000000000000 mem 0x0000000080031f34
core   0: 0x000000008000fed2 (0x0ff77713) andi    a4, a4, 255
core   0: 3 0x000000008000fed2 (0x0ff77713) x14 0x0000000000000000
core   0: 0x000000008000fed6 (0x00e78023) sb      a4, 0(a5)
core   0: 3 0x000000008000fed6 (0x00e78023) mem 0x0000000080012089 0x00
core   0: 0x000000008000feda (0xfc843703) ld      a4, -56(s0)
core   0: 3 0x000000008000feda (0xfc843703) x14 0x0000000080012040 mem 0x0000000080031f38
core   0: 0x000000008000fede (0xfb843783) ld      a5, -72(s0)
core   0: 3 0x000000008000fede (0xfb843783) x15 0x000000000000009c mem 0x0000000080031f28
core   0: 0x000000008000fee2 (0x000097ba) c.add   a5, a4
core   0: 3 0x000000008000fee2 (0x97ba) x15 0x00000000800120dc
core   0: 0x000000008000fee4 (0xfe043703) ld      a4, -32(s0)
core   0: 3 0x000000008000fee4 (0xfe043703) x14 0x000000008001208a mem 0x0000000080031f50
core   0: 0x000000008000fee8 (0xfcf76de3) bltu    a4, a5, pc - 38
core   0: 3 0x000000008000fee8 (0xfcf76de3)
core   0: 0x000000008000fec2 (0xfe043783) ld      a5, -32(s0)
core   0: 3 0x000000008000fec2 (0xfe043783) x15 0x000000008001208a mem 0x0000000080031f50
core   0: 0x000000008000fec6 (0x00178713) addi    a4, a5, 1
core   0: 3 0x000000008000fec6 (0x00178713) x14 0x000000008001208b
core   0: 0x000000008000feca (0xfee43023) sd      a4, -32(s0)
core   0: 3 0x000000008000feca (0xfee43023) mem 0x0000000080031f50 0x000000008001208b
core   0: 0x000000008000fece (0xfc442703) lw      a4, -60(s0)
core   0: 3 0x000000008000fece (0xfc442703) x14 0x0000000000000000 mem 0x0000000080031f34
core   0: 0x000000008000fed2 (0x0ff77713) andi    a4, a4, 255
core   0: 3 0x000000008000fed2 (0x0ff77713) x14 0x0000000000000000
core   0: 0x000000008000fed6 (0x00e78023) sb      a4, 0(a5)
core   0: 3 0x000000008000fed6 (0x00e78023) mem 0x000000008001208a 0x00
core   0: 0x000000008000feda (0xfc843703) ld      a4, -56(s0)
core   0: 3 0x000000008000feda (0xfc843703) x14 0x0000000080012040 mem 0x0000000080031f38
core   0: 0x000000008000fede (0xfb843783) ld      a5, -72(s0)
core   0: 3 0x000000008000fede (0xfb843783) x15 0x000000000000009c mem 0x0000000080031f28
core   0: 0x000000008000fee2 (0x000097ba) c.add   a5, a4
core   0: 3 0x000000008000fee2 (0x97ba) x15 0x00000000800120dc
core   0: 0x000000008000fee4 (0xfe043703) ld      a4, -32(s0)
core   0: 3 0x000000008000fee4 (0xfe043703) x14 0x000000008001208b mem 0x0000000080031f50
core   0: 0x000000008000fee8 (0xfcf76de3) bltu    a4, a5, pc - 38
core   0: 3 0x000000008000fee8 (0xfcf76de3)
core   0: 0x000000008000fec2 (0xfe043783) ld      a5, -32(s0)
core   0: 3 0x000000008000fec2 (0xfe043783) x15 0x000000008001208b mem 0x0000000080031f50
core   0: 0x000000008000fec6 (0x00178713) addi    a4, a5, 1
core   0: 3 0x000000008000fec6 (0x00178713) x14 0x000000008001208c
core   0: 0x000000008000feca (0xfee43023) sd      a4, -32(s0)
core   0: 3 0x000000008000feca (0xfee43023) mem 0x0000000080031f50 0x000000008001208c
core   0: 0x000000008000fece (0xfc442703) lw      a4, -60(s0)
core   0: 3 0x000000008000fece (0xfc442703) x14 0x0000000000000000 mem 0x0000000080031f34
core   0: 0x000000008000fed2 (0x0ff77713) andi    a4, a4, 255
core   0: 3 0x000000008000fed2 (0x0ff77713) x14 0x0000000000000000
core   0: 0x000000008000fed6 (0x00e78023) sb      a4, 0(a5)
core   0: 3 0x000000008000fed6 (0x00e78023) mem 0x000000008001208b 0x00
core   0: 0x000000008000feda (0xfc843703) ld      a4, -56(s0)
core   0: 3 0x000000008000feda (0xfc843703) x14 0x0000000080012040 mem 0x0000000080031f38
core   0: 0x000000008000fede (0xfb843783) ld      a5, -72(s0)
core   0: 3 0x000000008000fede (0xfb843783) x15 0x000000000000009c mem 0x0000000080031f28
core   0: 0x000000008000fee2 (0x000097ba) c.add   a5, a4
core   0: 3 0x000000008000fee2 (0x97ba) x15 0x00000000800120dc
core   0: 0x000000008000fee4 (0xfe043703) ld      a4, -32(s0)
core   0: 3 0x000000008000fee4 (0xfe043703) x14 0x000000008001208c mem 0x0000000080031f50
core   0: 0x000000008000fee8 (0xfcf76de3) bltu    a4, a5, pc - 38
core   0: 3 0x000000008000fee8 (0xfcf76de3)
core   0: 0x000000008000fec2 (0xfe043783) ld      a5, -32(s0)
core   0: 3 0x000000008000fec2 (0xfe043783) x15 0x000000008001208c mem 0x0000000080031f50
core   0: 0x000000008000fec6 (0x00178713) addi    a4, a5, 1
core   0: 3 0x000000008000fec6 (0x00178713) x14 0x000000008001208d
core   0: 0x000000008000feca (0xfee43023) sd      a4, -32(s0)
core   0: 3 0x000000008000feca (0xfee43023) mem 0x0000000080031f50 0x000000008001208d
core   0: 0x000000008000fece (0xfc442703) lw      a4, -60(s0)
core   0: 3 0x000000008000fece (0xfc442703) x14 0x0000000000000000 mem 0x0000000080031f34
core   0: 0x000000008000fed2 (0x0ff77713) andi    a4, a4, 255
core   0: 3 0x000000008000fed2 (0x0ff77713) x14 0x0000000000000000
core   0: 0x000000008000fed6 (0x00e78023) sb      a4, 0(a5)
core   0: 3 0x000000008000fed6 (0x00e78023) mem 0x000000008001208c 0x00
core   0: 0x000000008000feda (0xfc843703) ld      a4, -56(s0)
core   0: 3 0x000000008000feda (0xfc843703) x14 0x0000000080012040 mem 0x0000000080031f38
core   0: 0x000000008000fede (0xfb843783) ld      a5, -72(s0)
core   0: 3 0x000000008000fede (0xfb843783) x15 0x000000000000009c mem 0x0000000080031f28
core   0: 0x000000008000fee2 (0x000097ba) c.add   a5, a4
core   0: 3 0x000000008000fee2 (0x97ba) x15 0x00000000800120dc
core   0: 0x000000008000fee4 (0xfe043703) ld      a4, -32(s0)
core   0: 3 0x000000008000fee4 (0xfe043703) x14 0x000000008001208d mem 0x0000000080031f50
core   0: 0x000000008000fee8 (0xfcf76de3) bltu    a4, a5, pc - 38
core   0: 3 0x000000008000fee8 (0xfcf76de3)
core   0: 0x000000008000fec2 (0xfe043783) ld      a5, -32(s0)
core   0: 3 0x000000008000fec2 (0xfe043783) x15 0x000000008001208d mem 0x0000000080031f50
core   0: 0x000000008000fec6 (0x00178713) addi    a4, a5, 1
core   0: 3 0x000000008000fec6 (0x00178713) x14 0x000000008001208e
core   0: 0x000000008000feca (0xfee43023) sd      a4, -32(s0)
core   0: 3 0x000000008000feca (0xfee43023) mem 0x0000000080031f50 0x000000008001208e
core   0: 0x000000008000fece (0xfc442703) lw      a4, -60(s0)
core   0: 3 0x000000008000fece (0xfc442703) x14 0x0000000000000000 mem 0x0000000080031f34
core   0: 0x000000008000fed2 (0x0ff77713) andi    a4, a4, 255
core   0: 3 0x000000008000fed2 (0x0ff77713) x14 0x0000000000000000
core   0: 0x000000008000fed6 (0x00e78023) sb      a4, 0(a5)
core   0: 3 0x000000008000fed6 (0x00e78023) mem 0x000000008001208d 0x00
core   0: 0x000000008000feda (0xfc843703) ld      a4, -56(s0)
core   0: 3 0x000000008000feda (0xfc843703) x14 0x0000000080012040 mem 0x0000000080031f38
core   0: 0x000000008000fede (0xfb843783) ld      a5, -72(s0)
core   0: 3 0x000000008000fede (0xfb843783) x15 0x000000000000009c mem 0x0000000080031f28
core   0: 0x000000008000fee2 (0x000097ba) c.add   a5, a4
core   0: 3 0x000000008000fee2 (0x97ba) x15 0x00000000800120dc
core   0: 0x000000008000fee4 (0xfe043703) ld      a4, -32(s0)
core   0: 3 0x000000008000fee4 (0xfe043703) x14 0x000000008001208e mem 0x0000000080031f50
core   0: 0x000000008000fee8 (0xfcf76de3) bltu    a4, a5, pc - 38
core   0: 3 0x000000008000fee8 (0xfcf76de3)
core   0: 0x000000008000fec2 (0xfe043783) ld      a5, -32(s0)
core   0: 3 0x000000008000fec2 (0xfe043783) x15 0x000000008001208e mem 0x0000000080031f50
core   0: 0x000000008000fec6 (0x00178713) addi    a4, a5, 1
core   0: 3 0x000000008000fec6 (0x00178713) x14 0x000000008001208f
core   0: 0x000000008000feca (0xfee43023) sd      a4, -32(s0)
core   0: 3 0x000000008000feca (0xfee43023) mem 0x0000000080031f50 0x000000008001208f
core   0: 0x000000008000fece (0xfc442703) lw      a4, -60(s0)
core   0: 3 0x000000008000fece (0xfc442703) x14 0x0000000000000000 mem 0x0000000080031f34
core   0: 0x000000008000fed2 (0x0ff77713) andi    a4, a4, 255
core   0: 3 0x000000008000fed2 (0x0ff77713) x14 0x0000000000000000
core   0: 0x000000008000fed6 (0x00e78023) sb      a4, 0(a5)
core   0: 3 0x000000008000fed6 (0x00e78023) mem 0x000000008001208e 0x00
core   0: 0x000000008000feda (0xfc843703) ld      a4, -56(s0)
core   0: 3 0x000000008000feda (0xfc843703) x14 0x0000000080012040 mem 0x0000000080031f38
core   0: 0x000000008000fede (0xfb843783) ld      a5, -72(s0)
core   0: 3 0x000000008000fede (0xfb843783) x15 0x000000000000009c mem 0x0000000080031f28
core   0: 0x000000008000fee2 (0x000097ba) c.add   a5, a4
core   0: 3 0x000000008000fee2 (0x97ba) x15 0x00000000800120dc
core   0: 0x000000008000fee4 (0xfe043703) ld      a4, -32(s0)
core   0: 3 0x000000008000fee4 (0xfe043703) x14 0x000000008001208f mem 0x0000000080031f50
core   0: 0x000000008000fee8 (0xfcf76de3) bltu    a4, a5, pc - 38
core   0: 3 0x000000008000fee8 (0xfcf76de3)
core   0: 0x000000008000fec2 (0xfe043783) ld      a5, -32(s0)
core   0: 3 0x000000008000fec2 (0xfe043783) x15 0x000000008001208f mem 0x0000000080031f50
core   0: 0x000000008000fec6 (0x00178713) addi    a4, a5, 1
core   0: 3 0x000000008000fec6 (0x00178713) x14 0x0000000080012090
core   0: 0x000000008000feca (0xfee43023) sd      a4, -32(s0)
core   0: 3 0x000000008000feca (0xfee43023) mem 0x0000000080031f50 0x0000000080012090
core   0: 0x000000008000fece (0xfc442703) lw      a4, -60(s0)
core   0: 3 0x000000008000fece (0xfc442703) x14 0x0000000000000000 mem 0x0000000080031f34
core   0: 0x000000008000fed2 (0x0ff77713) andi    a4, a4, 255
core   0: 3 0x000000008000fed2 (0x0ff77713) x14 0x0000000000000000
core   0: 0x000000008000fed6 (0x00e78023) sb      a4, 0(a5)
core   0: 3 0x000000008000fed6 (0x00e78023) mem 0x000000008001208f 0x00
core   0: 0x000000008000feda (0xfc843703) ld      a4, -56(s0)
core   0: 3 0x000000008000feda (0xfc843703) x14 0x0000000080012040 mem 0x0000000080031f38
core   0: 0x000000008000fede (0xfb843783) ld      a5, -72(s0)
core   0: 3 0x000000008000fede (0xfb843783) x15 0x000000000000009c mem 0x0000000080031f28
core   0: 0x000000008000fee2 (0x000097ba) c.add   a5, a4
core   0: 3 0x000000008000fee2 (0x97ba) x15 0x00000000800120dc
core   0: 0x000000008000fee4 (0xfe043703) ld      a4, -32(s0)
core   0: 3 0x000000008000fee4 (0xfe043703) x14 0x0000000080012090 mem 0x0000000080031f50
core   0: 0x000000008000fee8 (0xfcf76de3) bltu    a4, a5, pc - 38
core   0: 3 0x000000008000fee8 (0xfcf76de3)
core   0: 0x000000008000fec2 (0xfe043783) ld      a5, -32(s0)
core   0: 3 0x000000008000fec2 (0xfe043783) x15 0x0000000080012090 mem 0x0000000080031f50
core   0: 0x000000008000fec6 (0x00178713) addi    a4, a5, 1
core   0: 3 0x000000008000fec6 (0x00178713) x14 0x0000000080012091
core   0: 0x000000008000feca (0xfee43023) sd      a4, -32(s0)
core   0: 3 0x000000008000feca (0xfee43023) mem 0x0000000080031f50 0x0000000080012091
core   0: 0x000000008000fece (0xfc442703) lw      a4, -60(s0)
core   0: 3 0x000000008000fece (0xfc442703) x14 0x0000000000000000 mem 0x0000000080031f34
core   0: 0x000000008000fed2 (0x0ff77713) andi    a4, a4, 255
core   0: 3 0x000000008000fed2 (0x0ff77713) x14 0x0000000000000000
core   0: 0x000000008000fed6 (0x00e78023) sb      a4, 0(a5)
core   0: 3 0x000000008000fed6 (0x00e78023) mem 0x0000000080012090 0x00
core   0: 0x000000008000feda (0xfc843703) ld      a4, -56(s0)
core   0: 3 0x000000008000feda (0xfc843703) x14 0x0000000080012040 mem 0x0000000080031f38
core   0: 0x000000008000fede (0xfb843783) ld      a5, -72(s0)
core   0: 3 0x000000008000fede (0xfb843783) x15 0x000000000000009c mem 0x0000000080031f28
core   0: 0x000000008000fee2 (0x000097ba) c.add   a5, a4
core   0: 3 0x000000008000fee2 (0x97ba) x15 0x00000000800120dc
core   0: 0x000000008000fee4 (0xfe043703) ld      a4, -32(s0)
core   0: 3 0x000000008000fee4 (0xfe043703) x14 0x0000000080012091 mem 0x0000000080031f50
core   0: 0x000000008000fee8 (0xfcf76de3) bltu    a4, a5, pc - 38
core   0: 3 0x000000008000fee8 (0xfcf76de3)
core   0: 0x000000008000fec2 (0xfe043783) ld      a5, -32(s0)
core   0: 3 0x000000008000fec2 (0xfe043783) x15 0x0000000080012091 mem 0x0000000080031f50
core   0: 0x000000008000fec6 (0x00178713) addi    a4, a5, 1
core   0: 3 0x000000008000fec6 (0x00178713) x14 0x0000000080012092
core   0: 0x000000008000feca (0xfee43023) sd      a4, -32(s0)
core   0: 3 0x000000008000feca (0xfee43023) mem 0x0000000080031f50 0x0000000080012092
core   0: 0x000000008000fece (0xfc442703) lw      a4, -60(s0)
core   0: 3 0x000000008000fece (0xfc442703) x14 0x0000000000000000 mem 0x0000000080031f34
core   0: 0x000000008000fed2 (0x0ff77713) andi    a4, a4, 255
core   0: 3 0x000000008000fed2 (0x0ff77713) x14 0x0000000000000000
core   0: 0x000000008000fed6 (0x00e78023) sb      a4, 0(a5)
core   0: 3 0x000000008000fed6 (0x00e78023) mem 0x0000000080012091 0x00
core   0: 0x000000008000feda (0xfc843703) ld      a4, -56(s0)
core   0: 3 0x000000008000feda (0xfc843703) x14 0x0000000080012040 mem 0x0000000080031f38
core   0: 0x000000008000fede (0xfb843783) ld      a5, -72(s0)
core   0: 3 0x000000008000fede (0xfb843783) x15 0x000000000000009c mem 0x0000000080031f28
core   0: 0x000000008000fee2 (0x000097ba) c.add   a5, a4
core   0: 3 0x000000008000fee2 (0x97ba) x15 0x00000000800120dc
core   0: 0x000000008000fee4 (0xfe043703) ld      a4, -32(s0)
core   0: 3 0x000000008000fee4 (0xfe043703) x14 0x0000000080012092 mem 0x0000000080031f50
core   0: 0x000000008000fee8 (0xfcf76de3) bltu    a4, a5, pc - 38
core   0: 3 0x000000008000fee8 (0xfcf76de3)
core   0: 0x000000008000fec2 (0xfe043783) ld      a5, -32(s0)
core   0: 3 0x000000008000fec2 (0xfe043783) x15 0x0000000080012092 mem 0x0000000080031f50
core   0: 0x000000008000fec6 (0x00178713) addi    a4, a5, 1
core   0: 3 0x000000008000fec6 (0x00178713) x14 0x0000000080012093
core   0: 0x000000008000feca (0xfee43023) sd      a4, -32(s0)
core   0: 3 0x000000008000feca (0xfee43023) mem 0x0000000080031f50 0x0000000080012093
core   0: 0x000000008000fece (0xfc442703) lw      a4, -60(s0)
core   0: 3 0x000000008000fece (0xfc442703) x14 0x0000000000000000 mem 0x0000000080031f34
core   0: 0x000000008000fed2 (0x0ff77713) andi    a4, a4, 255
core   0: 3 0x000000008000fed2 (0x0ff77713) x14 0x0000000000000000
core   0: 0x000000008000fed6 (0x00e78023) sb      a4, 0(a5)
core   0: 3 0x000000008000fed6 (0x00e78023) mem 0x0000000080012092 0x00
core   0: 0x000000008000feda (0xfc843703) ld      a4, -56(s0)
core   0: 3 0x000000008000feda (0xfc843703) x14 0x0000000080012040 mem 0x0000000080031f38
core   0: 0x000000008000fede (0xfb843783) ld      a5, -72(s0)
core   0: 3 0x000000008000fede (0xfb843783) x15 0x000000000000009c mem 0x0000000080031f28
core   0: 0x000000008000fee2 (0x000097ba) c.add   a5, a4
core   0: 3 0x000000008000fee2 (0x97ba) x15 0x00000000800120dc
core   0: 0x000000008000fee4 (0xfe043703) ld      a4, -32(s0)
core   0: 3 0x000000008000fee4 (0xfe043703) x14 0x0000000080012093 mem 0x0000000080031f50
core   0: 0x000000008000fee8 (0xfcf76de3) bltu    a4, a5, pc - 38
core   0: 3 0x000000008000fee8 (0xfcf76de3)
core   0: 0x000000008000fec2 (0xfe043783) ld      a5, -32(s0)
core   0: 3 0x000000008000fec2 (0xfe043783) x15 0x0000000080012093 mem 0x0000000080031f50
core   0: 0x000000008000fec6 (0x00178713) addi    a4, a5, 1
core   0: 3 0x000000008000fec6 (0x00178713) x14 0x0000000080012094
core   0: 0x000000008000feca (0xfee43023) sd      a4, -32(s0)
core   0: 3 0x000000008000feca (0xfee43023) mem 0x0000000080031f50 0x0000000080012094
core   0: 0x000000008000fece (0xfc442703) lw      a4, -60(s0)
core   0: 3 0x000000008000fece (0xfc442703) x14 0x0000000000000000 mem 0x0000000080031f34
core   0: 0x000000008000fed2 (0x0ff77713) andi    a4, a4, 255
core   0: 3 0x000000008000fed2 (0x0ff77713) x14 0x0000000000000000
core   0: 0x000000008000fed6 (0x00e78023) sb      a4, 0(a5)
core   0: 3 0x000000008000fed6 (0x00e78023) mem 0x0000000080012093 0x00
core   0: 0x000000008000feda (0xfc843703) ld      a4, -56(s0)
core   0: 3 0x000000008000feda (0xfc843703) x14 0x0000000080012040 mem 0x0000000080031f38
core   0: 0x000000008000fede (0xfb843783) ld      a5, -72(s0)
core   0: 3 0x000000008000fede (0xfb843783) x15 0x000000000000009c mem 0x0000000080031f28
core   0: 0x000000008000fee2 (0x000097ba) c.add   a5, a4
core   0: 3 0x000000008000fee2 (0x97ba) x15 0x00000000800120dc
core   0: 0x000000008000fee4 (0xfe043703) ld      a4, -32(s0)
core   0: 3 0x000000008000fee4 (0xfe043703) x14 0x0000000080012094 mem 0x0000000080031f50
core   0: 0x000000008000fee8 (0xfcf76de3) bltu    a4, a5, pc - 38
core   0: 3 0x000000008000fee8 (0xfcf76de3)
core   0: 0x000000008000fec2 (0xfe043783) ld      a5, -32(s0)
core   0: 3 0x000000008000fec2 (0xfe043783) x15 0x0000000080012094 mem 0x0000000080031f50
core   0: 0x000000008000fec6 (0x00178713) addi    a4, a5, 1
core   0: 3 0x000000008000fec6 (0x00178713) x14 0x0000000080012095
core   0: 0x000000008000feca (0xfee43023) sd      a4, -32(s0)
core   0: 3 0x000000008000feca (0xfee43023) mem 0x0000000080031f50 0x0000000080012095
core   0: 0x000000008000fece (0xfc442703) lw      a4, -60(s0)
core   0: 3 0x000000008000fece (0xfc442703) x14 0x0000000000000000 mem 0x0000000080031f34
core   0: 0x000000008000fed2 (0x0ff77713) andi    a4, a4, 255
core   0: 3 0x000000008000fed2 (0x0ff77713) x14 0x0000000000000000
core   0: 0x000000008000fed6 (0x00e78023) sb      a4, 0(a5)
core   0: 3 0x000000008000fed6 (0x00e78023) mem 0x0000000080012094 0x00
core   0: 0x000000008000feda (0xfc843703) ld      a4, -56(s0)
core   0: 3 0x000000008000feda (0xfc843703) x14 0x0000000080012040 mem 0x0000000080031f38
core   0: 0x000000008000fede (0xfb843783) ld      a5, -72(s0)
core   0: 3 0x000000008000fede (0xfb843783) x15 0x000000000000009c mem 0x0000000080031f28
core   0: 0x000000008000fee2 (0x000097ba) c.add   a5, a4
core   0: 3 0x000000008000fee2 (0x97ba) x15 0x00000000800120dc
core   0: 0x000000008000fee4 (0xfe043703) ld      a4, -32(s0)
core   0: 3 0x000000008000fee4 (0xfe043703) x14 0x0000000080012095 mem 0x0000000080031f50
core   0: 0x000000008000fee8 (0xfcf76de3) bltu    a4, a5, pc - 38
core   0: 3 0x000000008000fee8 (0xfcf76de3)
core   0: 0x000000008000fec2 (0xfe043783) ld      a5, -32(s0)
core   0: 3 0x000000008000fec2 (0xfe043783) x15 0x0000000080012095 mem 0x0000000080031f50
core   0: 0x000000008000fec6 (0x00178713) addi    a4, a5, 1
core   0: 3 0x000000008000fec6 (0x00178713) x14 0x0000000080012096
core   0: 0x000000008000feca (0xfee43023) sd      a4, -32(s0)
core   0: 3 0x000000008000feca (0xfee43023) mem 0x0000000080031f50 0x0000000080012096
core   0: 0x000000008000fece (0xfc442703) lw      a4, -60(s0)
core   0: 3 0x000000008000fece (0xfc442703) x14 0x0000000000000000 mem 0x0000000080031f34
core   0: 0x000000008000fed2 (0x0ff77713) andi    a4, a4, 255
core   0: 3 0x000000008000fed2 (0x0ff77713) x14 0x0000000000000000
core   0: 0x000000008000fed6 (0x00e78023) sb      a4, 0(a5)
core   0: 3 0x000000008000fed6 (0x00e78023) mem 0x0000000080012095 0x00
core   0: 0x000000008000feda (0xfc843703) ld      a4, -56(s0)
core   0: 3 0x000000008000feda (0xfc843703) x14 0x0000000080012040 mem 0x0000000080031f38
core   0: 0x000000008000fede (0xfb843783) ld      a5, -72(s0)
core   0: 3 0x000000008000fede (0xfb843783) x15 0x000000000000009c mem 0x0000000080031f28
core   0: 0x000000008000fee2 (0x000097ba) c.add   a5, a4
core   0: 3 0x000000008000fee2 (0x97ba) x15 0x00000000800120dc
core   0: 0x000000008000fee4 (0xfe043703) ld      a4, -32(s0)
core   0: 3 0x000000008000fee4 (0xfe043703) x14 0x0000000080012096 mem 0x0000000080031f50
core   0: 0x000000008000fee8 (0xfcf76de3) bltu    a4, a5, pc - 38
core   0: 3 0x000000008000fee8 (0xfcf76de3)
core   0: 0x000000008000fec2 (0xfe043783) ld      a5, -32(s0)
core   0: 3 0x000000008000fec2 (0xfe043783) x15 0x0000000080012096 mem 0x0000000080031f50
core   0: 0x000000008000fec6 (0x00178713) addi    a4, a5, 1
core   0: 3 0x000000008000fec6 (0x00178713) x14 0x0000000080012097
core   0: 0x000000008000feca (0xfee43023) sd      a4, -32(s0)
core   0: 3 0x000000008000feca (0xfee43023) mem 0x0000000080031f50 0x0000000080012097
core   0: 0x000000008000fece (0xfc442703) lw      a4, -60(s0)
core   0: 3 0x000000008000fece (0xfc442703) x14 0x0000000000000000 mem 0x0000000080031f34
core   0: 0x000000008000fed2 (0x0ff77713) andi    a4, a4, 255
core   0: 3 0x000000008000fed2 (0x0ff77713) x14 0x0000000000000000
core   0: 0x000000008000fed6 (0x00e78023) sb      a4, 0(a5)
core   0: 3 0x000000008000fed6 (0x00e78023) mem 0x0000000080012096 0x00
core   0: 0x000000008000feda (0xfc843703) ld      a4, -56(s0)
core   0: 3 0x000000008000feda (0xfc843703) x14 0x0000000080012040 mem 0x0000000080031f38
core   0: 0x000000008000fede (0xfb843783) ld      a5, -72(s0)
core   0: 3 0x000000008000fede (0xfb843783) x15 0x000000000000009c mem 0x0000000080031f28
core   0: 0x000000008000fee2 (0x000097ba) c.add   a5, a4
core   0: 3 0x000000008000fee2 (0x97ba) x15 0x00000000800120dc
core   0: 0x000000008000fee4 (0xfe043703) ld      a4, -32(s0)
core   0: 3 0x000000008000fee4 (0xfe043703) x14 0x0000000080012097 mem 0x0000000080031f50
core   0: 0x000000008000fee8 (0xfcf76de3) bltu    a4, a5, pc - 38
core   0: 3 0x000000008000fee8 (0xfcf76de3)
core   0: 0x000000008000fec2 (0xfe043783) ld      a5, -32(s0)
core   0: 3 0x000000008000fec2 (0xfe043783) x15 0x0000000080012097 mem 0x0000000080031f50
core   0: 0x000000008000fec6 (0x00178713) addi    a4, a5, 1
core   0: 3 0x000000008000fec6 (0x00178713) x14 0x0000000080012098
core   0: 0x000000008000feca (0xfee43023) sd      a4, -32(s0)
core   0: 3 0x000000008000feca (0xfee43023) mem 0x0000000080031f50 0x0000000080012098
core   0: 0x000000008000fece (0xfc442703) lw      a4, -60(s0)
core   0: 3 0x000000008000fece (0xfc442703) x14 0x0000000000000000 mem 0x0000000080031f34
core   0: 0x000000008000fed2 (0x0ff77713) andi    a4, a4, 255
core   0: 3 0x000000008000fed2 (0x0ff77713) x14 0x0000000000000000
core   0: 0x000000008000fed6 (0x00e78023) sb      a4, 0(a5)
core   0: 3 0x000000008000fed6 (0x00e78023) mem 0x0000000080012097 0x00
core   0: 0x000000008000feda (0xfc843703) ld      a4, -56(s0)
core   0: 3 0x000000008000feda (0xfc843703) x14 0x0000000080012040 mem 0x0000000080031f38
core   0: 0x000000008000fede (0xfb843783) ld      a5, -72(s0)
core   0: 3 0x000000008000fede (0xfb843783) x15 0x000000000000009c mem 0x0000000080031f28
core   0: 0x000000008000fee2 (0x000097ba) c.add   a5, a4
core   0: 3 0x000000008000fee2 (0x97ba) x15 0x00000000800120dc
core   0: 0x000000008000fee4 (0xfe043703) ld      a4, -32(s0)
core   0: 3 0x000000008000fee4 (0xfe043703) x14 0x0000000080012098 mem 0x0000000080031f50
core   0: 0x000000008000fee8 (0xfcf76de3) bltu    a4, a5, pc - 38
core   0: 3 0x000000008000fee8 (0xfcf76de3)
core   0: 0x000000008000fec2 (0xfe043783) ld      a5, -32(s0)
core   0: 3 0x000000008000fec2 (0xfe043783) x15 0x0000000080012098 mem 0x0000000080031f50
core   0: 0x000000008000fec6 (0x00178713) addi    a4, a5, 1
core   0: 3 0x000000008000fec6 (0x00178713) x14 0x0000000080012099
core   0: 0x000000008000feca (0xfee43023) sd      a4, -32(s0)
core   0: 3 0x000000008000feca (0xfee43023) mem 0x0000000080031f50 0x0000000080012099
core   0: 0x000000008000fece (0xfc442703) lw      a4, -60(s0)
core   0: 3 0x000000008000fece (0xfc442703) x14 0x0000000000000000 mem 0x0000000080031f34
core   0: 0x000000008000fed2 (0x0ff77713) andi    a4, a4, 255
core   0: 3 0x000000008000fed2 (0x0ff77713) x14 0x0000000000000000
core   0: 0x000000008000fed6 (0x00e78023) sb      a4, 0(a5)
core   0: 3 0x000000008000fed6 (0x00e78023) mem 0x0000000080012098 0x00
core   0: 0x000000008000feda (0xfc843703) ld      a4, -56(s0)
core   0: 3 0x000000008000feda (0xfc843703) x14 0x0000000080012040 mem 0x0000000080031f38
core   0: 0x000000008000fede (0xfb843783) ld      a5, -72(s0)
core   0: 3 0x000000008000fede (0xfb843783) x15 0x000000000000009c mem 0x0000000080031f28
core   0: 0x000000008000fee2 (0x000097ba) c.add   a5, a4
core   0: 3 0x000000008000fee2 (0x97ba) x15 0x00000000800120dc
core   0: 0x000000008000fee4 (0xfe043703) ld      a4, -32(s0)
core   0: 3 0x000000008000fee4 (0xfe043703) x14 0x0000000080012099 mem 0x0000000080031f50
core   0: 0x000000008000fee8 (0xfcf76de3) bltu    a4, a5, pc - 38
core   0: 3 0x000000008000fee8 (0xfcf76de3)
core   0: 0x000000008000fec2 (0xfe043783) ld      a5, -32(s0)
core   0: 3 0x000000008000fec2 (0xfe043783) x15 0x0000000080012099 mem 0x0000000080031f50
core   0: 0x000000008000fec6 (0x00178713) addi    a4, a5, 1
core   0: 3 0x000000008000fec6 (0x00178713) x14 0x000000008001209a
core   0: 0x000000008000feca (0xfee43023) sd      a4, -32(s0)
core   0: 3 0x000000008000feca (0xfee43023) mem 0x0000000080031f50 0x000000008001209a
core   0: 0x000000008000fece (0xfc442703) lw      a4, -60(s0)
core   0: 3 0x000000008000fece (0xfc442703) x14 0x0000000000000000 mem 0x0000000080031f34
core   0: 0x000000008000fed2 (0x0ff77713) andi    a4, a4, 255
core   0: 3 0x000000008000fed2 (0x0ff77713) x14 0x0000000000000000
core   0: 0x000000008000fed6 (0x00e78023) sb      a4, 0(a5)
core   0: 3 0x000000008000fed6 (0x00e78023) mem 0x0000000080012099 0x00
core   0: 0x000000008000feda (0xfc843703) ld      a4, -56(s0)
core   0: 3 0x000000008000feda (0xfc843703) x14 0x0000000080012040 mem 0x0000000080031f38
core   0: 0x000000008000fede (0xfb843783) ld      a5, -72(s0)
core   0: 3 0x000000008000fede (0xfb843783) x15 0x000000000000009c mem 0x0000000080031f28
core   0: 0x000000008000fee2 (0x000097ba) c.add   a5, a4
core   0: 3 0x000000008000fee2 (0x97ba) x15 0x00000000800120dc
core   0: 0x000000008000fee4 (0xfe043703) ld      a4, -32(s0)
core   0: 3 0x000000008000fee4 (0xfe043703) x14 0x000000008001209a mem 0x0000000080031f50
core   0: 0x000000008000fee8 (0xfcf76de3) bltu    a4, a5, pc - 38
core   0: 3 0x000000008000fee8 (0xfcf76de3)
core   0: 0x000000008000fec2 (0xfe043783) ld      a5, -32(s0)
core   0: 3 0x000000008000fec2 (0xfe043783) x15 0x000000008001209a mem 0x0000000080031f50
core   0: 0x000000008000fec6 (0x00178713) addi    a4, a5, 1
core   0: 3 0x000000008000fec6 (0x00178713) x14 0x000000008001209b
core   0: 0x000000008000feca (0xfee43023) sd      a4, -32(s0)
core   0: 3 0x000000008000feca (0xfee43023) mem 0x0000000080031f50 0x000000008001209b
core   0: 0x000000008000fece (0xfc442703) lw      a4, -60(s0)
core   0: 3 0x000000008000fece (0xfc442703) x14 0x0000000000000000 mem 0x0000000080031f34
core   0: 0x000000008000fed2 (0x0ff77713) andi    a4, a4, 255
core   0: 3 0x000000008000fed2 (0x0ff77713) x14 0x0000000000000000
core   0: 0x000000008000fed6 (0x00e78023) sb      a4, 0(a5)
core   0: 3 0x000000008000fed6 (0x00e78023) mem 0x000000008001209a 0x00
core   0: 0x000000008000feda (0xfc843703) ld      a4, -56(s0)
core   0: 3 0x000000008000feda (0xfc843703) x14 0x0000000080012040 mem 0x0000000080031f38
core   0: 0x000000008000fede (0xfb843783) ld      a5, -72(s0)
core   0: 3 0x000000008000fede (0xfb843783) x15 0x000000000000009c mem 0x0000000080031f28
core   0: 0x000000008000fee2 (0x000097ba) c.add   a5, a4
core   0: 3 0x000000008000fee2 (0x97ba) x15 0x00000000800120dc
core   0: 0x000000008000fee4 (0xfe043703) ld      a4, -32(s0)
core   0: 3 0x000000008000fee4 (0xfe043703) x14 0x000000008001209b mem 0x0000000080031f50
core   0: 0x000000008000fee8 (0xfcf76de3) bltu    a4, a5, pc - 38
core   0: 3 0x000000008000fee8 (0xfcf76de3)
core   0: 0x000000008000fec2 (0xfe043783) ld      a5, -32(s0)
core   0: 3 0x000000008000fec2 (0xfe043783) x15 0x000000008001209b mem 0x0000000080031f50
core   0: 0x000000008000fec6 (0x00178713) addi    a4, a5, 1
core   0: 3 0x000000008000fec6 (0x00178713) x14 0x000000008001209c
core   0: 0x000000008000feca (0xfee43023) sd      a4, -32(s0)
core   0: 3 0x000000008000feca (0xfee43023) mem 0x0000000080031f50 0x000000008001209c
core   0: 0x000000008000fece (0xfc442703) lw      a4, -60(s0)
core   0: 3 0x000000008000fece (0xfc442703) x14 0x0000000000000000 mem 0x0000000080031f34
core   0: 0x000000008000fed2 (0x0ff77713) andi    a4, a4, 255
core   0: 3 0x000000008000fed2 (0x0ff77713) x14 0x0000000000000000
core   0: 0x000000008000fed6 (0x00e78023) sb      a4, 0(a5)
core   0: 3 0x000000008000fed6 (0x00e78023) mem 0x000000008001209b 0x00
core   0: 0x000000008000feda (0xfc843703) ld      a4, -56(s0)
core   0: 3 0x000000008000feda (0xfc843703) x14 0x0000000080012040 mem 0x0000000080031f38
core   0: 0x000000008000fede (0xfb843783) ld      a5, -72(s0)
core   0: 3 0x000000008000fede (0xfb843783) x15 0x000000000000009c mem 0x0000000080031f28
core   0: 0x000000008000fee2 (0x000097ba) c.add   a5, a4
core   0: 3 0x000000008000fee2 (0x97ba) x15 0x00000000800120dc
core   0: 0x000000008000fee4 (0xfe043703) ld      a4, -32(s0)
core   0: 3 0x000000008000fee4 (0xfe043703) x14 0x000000008001209c mem 0x0000000080031f50
core   0: 0x000000008000fee8 (0xfcf76de3) bltu    a4, a5, pc - 38
core   0: 3 0x000000008000fee8 (0xfcf76de3)
core   0: 0x000000008000fec2 (0xfe043783) ld      a5, -32(s0)
core   0: 3 0x000000008000fec2 (0xfe043783) x15 0x000000008001209c mem 0x0000000080031f50
core   0: 0x000000008000fec6 (0x00178713) addi    a4, a5, 1
core   0: 3 0x000000008000fec6 (0x00178713) x14 0x000000008001209d
core   0: 0x000000008000feca (0xfee43023) sd      a4, -32(s0)
core   0: 3 0x000000008000feca (0xfee43023) mem 0x0000000080031f50 0x000000008001209d
core   0: 0x000000008000fece (0xfc442703) lw      a4, -60(s0)
core   0: 3 0x000000008000fece (0xfc442703) x14 0x0000000000000000 mem 0x0000000080031f34
core   0: 0x000000008000fed2 (0x0ff77713) andi    a4, a4, 255
core   0: 3 0x000000008000fed2 (0x0ff77713) x14 0x0000000000000000
core   0: 0x000000008000fed6 (0x00e78023) sb      a4, 0(a5)
core   0: 3 0x000000008000fed6 (0x00e78023) mem 0x000000008001209c 0x00
core   0: 0x000000008000feda (0xfc843703) ld      a4, -56(s0)
core   0: 3 0x000000008000feda (0xfc843703) x14 0x0000000080012040 mem 0x0000000080031f38
core   0: 0x000000008000fede (0xfb843783) ld      a5, -72(s0)
core   0: 3 0x000000008000fede (0xfb843783) x15 0x000000000000009c mem 0x0000000080031f28
core   0: 0x000000008000fee2 (0x000097ba) c.add   a5, a4
core   0: 3 0x000000008000fee2 (0x97ba) x15 0x00000000800120dc
core   0: 0x000000008000fee4 (0xfe043703) ld      a4, -32(s0)
core   0: 3 0x000000008000fee4 (0xfe043703) x14 0x000000008001209d mem 0x0000000080031f50
core   0: 0x000000008000fee8 (0xfcf76de3) bltu    a4, a5, pc - 38
core   0: 3 0x000000008000fee8 (0xfcf76de3)
core   0: 0x000000008000fec2 (0xfe043783) ld      a5, -32(s0)
core   0: 3 0x000000008000fec2 (0xfe043783) x15 0x000000008001209d mem 0x0000000080031f50
core   0: 0x000000008000fec6 (0x00178713) addi    a4, a5, 1
core   0: 3 0x000000008000fec6 (0x00178713) x14 0x000000008001209e
core   0: 0x000000008000feca (0xfee43023) sd      a4, -32(s0)
core   0: 3 0x000000008000feca (0xfee43023) mem 0x0000000080031f50 0x000000008001209e
core   0: 0x000000008000fece (0xfc442703) lw      a4, -60(s0)
core   0: 3 0x000000008000fece (0xfc442703) x14 0x0000000000000000 mem 0x0000000080031f34
core   0: 0x000000008000fed2 (0x0ff77713) andi    a4, a4, 255
core   0: 3 0x000000008000fed2 (0x0ff77713) x14 0x0000000000000000
core   0: 0x000000008000fed6 (0x00e78023) sb      a4, 0(a5)
core   0: 3 0x000000008000fed6 (0x00e78023) mem 0x000000008001209d 0x00
core   0: 0x000000008000feda (0xfc843703) ld      a4, -56(s0)
core   0: 3 0x000000008000feda (0xfc843703) x14 0x0000000080012040 mem 0x0000000080031f38
core   0: 0x000000008000fede (0xfb843783) ld      a5, -72(s0)
core   0: 3 0x000000008000fede (0xfb843783) x15 0x000000000000009c mem 0x0000000080031f28
core   0: 0x000000008000fee2 (0x000097ba) c.add   a5, a4
core   0: 3 0x000000008000fee2 (0x97ba) x15 0x00000000800120dc
core   0: 0x000000008000fee4 (0xfe043703) ld      a4, -32(s0)
core   0: 3 0x000000008000fee4 (0xfe043703) x14 0x000000008001209e mem 0x0000000080031f50
core   0: 0x000000008000fee8 (0xfcf76de3) bltu    a4, a5, pc - 38
core   0: 3 0x000000008000fee8 (0xfcf76de3)
core   0: 0x000000008000fec2 (0xfe043783) ld      a5, -32(s0)
core   0: 3 0x000000008000fec2 (0xfe043783) x15 0x000000008001209e mem 0x0000000080031f50
core   0: 0x000000008000fec6 (0x00178713) addi    a4, a5, 1
core   0: 3 0x000000008000fec6 (0x00178713) x14 0x000000008001209f
core   0: 0x000000008000feca (0xfee43023) sd      a4, -32(s0)
core   0: 3 0x000000008000feca (0xfee43023) mem 0x0000000080031f50 0x000000008001209f
core   0: 0x000000008000fece (0xfc442703) lw      a4, -60(s0)
core   0: 3 0x000000008000fece (0xfc442703) x14 0x0000000000000000 mem 0x0000000080031f34
core   0: 0x000000008000fed2 (0x0ff77713) andi    a4, a4, 255
core   0: 3 0x000000008000fed2 (0x0ff77713) x14 0x0000000000000000
core   0: 0x000000008000fed6 (0x00e78023) sb      a4, 0(a5)
core   0: 3 0x000000008000fed6 (0x00e78023) mem 0x000000008001209e 0x00
core   0: 0x000000008000feda (0xfc843703) ld      a4, -56(s0)
core   0: 3 0x000000008000feda (0xfc843703) x14 0x0000000080012040 mem 0x0000000080031f38
core   0: 0x000000008000fede (0xfb843783) ld      a5, -72(s0)
core   0: 3 0x000000008000fede (0xfb843783) x15 0x000000000000009c mem 0x0000000080031f28
core   0: 0x000000008000fee2 (0x000097ba) c.add   a5, a4
core   0: 3 0x000000008000fee2 (0x97ba) x15 0x00000000800120dc
core   0: 0x000000008000fee4 (0xfe043703) ld      a4, -32(s0)
core   0: 3 0x000000008000fee4 (0xfe043703) x14 0x000000008001209f mem 0x0000000080031f50
core   0: 0x000000008000fee8 (0xfcf76de3) bltu    a4, a5, pc - 38
core   0: 3 0x000000008000fee8 (0xfcf76de3)
core   0: 0x000000008000fec2 (0xfe043783) ld      a5, -32(s0)
core   0: 3 0x000000008000fec2 (0xfe043783) x15 0x000000008001209f mem 0x0000000080031f50
core   0: 0x000000008000fec6 (0x00178713) addi    a4, a5, 1
core   0: 3 0x000000008000fec6 (0x00178713) x14 0x00000000800120a0
core   0: 0x000000008000feca (0xfee43023) sd      a4, -32(s0)
core   0: 3 0x000000008000feca (0xfee43023) mem 0x0000000080031f50 0x00000000800120a0
core   0: 0x000000008000fece (0xfc442703) lw      a4, -60(s0)
core   0: 3 0x000000008000fece (0xfc442703) x14 0x0000000000000000 mem 0x0000000080031f34
core   0: 0x000000008000fed2 (0x0ff77713) andi    a4, a4, 255
core   0: 3 0x000000008000fed2 (0x0ff77713) x14 0x0000000000000000
core   0: 0x000000008000fed6 (0x00e78023) sb      a4, 0(a5)
core   0: 3 0x000000008000fed6 (0x00e78023) mem 0x000000008001209f 0x00
core   0: 0x000000008000feda (0xfc843703) ld      a4, -56(s0)
core   0: 3 0x000000008000feda (0xfc843703) x14 0x0000000080012040 mem 0x0000000080031f38
core   0: 0x000000008000fede (0xfb843783) ld      a5, -72(s0)
core   0: 3 0x000000008000fede (0xfb843783) x15 0x000000000000009c mem 0x0000000080031f28
core   0: 0x000000008000fee2 (0x000097ba) c.add   a5, a4
core   0: 3 0x000000008000fee2 (0x97ba) x15 0x00000000800120dc
core   0: 0x000000008000fee4 (0xfe043703) ld      a4, -32(s0)
core   0: 3 0x000000008000fee4 (0xfe043703) x14 0x00000000800120a0 mem 0x0000000080031f50
core   0: 0x000000008000fee8 (0xfcf76de3) bltu    a4, a5, pc - 38
core   0: 3 0x000000008000fee8 (0xfcf76de3)
core   0: 0x000000008000fec2 (0xfe043783) ld      a5, -32(s0)
core   0: 3 0x000000008000fec2 (0xfe043783) x15 0x00000000800120a0 mem 0x0000000080031f50
core   0: 0x000000008000fec6 (0x00178713) addi    a4, a5, 1
core   0: 3 0x000000008000fec6 (0x00178713) x14 0x00000000800120a1
core   0: 0x000000008000feca (0xfee43023) sd      a4, -32(s0)
core   0: 3 0x000000008000feca (0xfee43023) mem 0x0000000080031f50 0x00000000800120a1
core   0: 0x000000008000fece (0xfc442703) lw      a4, -60(s0)
core   0: 3 0x000000008000fece (0xfc442703) x14 0x0000000000000000 mem 0x0000000080031f34
core   0: 0x000000008000fed2 (0x0ff77713) andi    a4, a4, 255
core   0: 3 0x000000008000fed2 (0x0ff77713) x14 0x0000000000000000
core   0: 0x000000008000fed6 (0x00e78023) sb      a4, 0(a5)
core   0: 3 0x000000008000fed6 (0x00e78023) mem 0x00000000800120a0 0x00
core   0: 0x000000008000feda (0xfc843703) ld      a4, -56(s0)
core   0: 3 0x000000008000feda (0xfc843703) x14 0x0000000080012040 mem 0x0000000080031f38
core   0: 0x000000008000fede (0xfb843783) ld      a5, -72(s0)
core   0: 3 0x000000008000fede (0xfb843783) x15 0x000000000000009c mem 0x0000000080031f28
core   0: 0x000000008000fee2 (0x000097ba) c.add   a5, a4
core   0: 3 0x000000008000fee2 (0x97ba) x15 0x00000000800120dc
core   0: 0x000000008000fee4 (0xfe043703) ld      a4, -32(s0)
core   0: 3 0x000000008000fee4 (0xfe043703) x14 0x00000000800120a1 mem 0x0000000080031f50
core   0: 0x000000008000fee8 (0xfcf76de3) bltu    a4, a5, pc - 38
core   0: 3 0x000000008000fee8 (0xfcf76de3)
core   0: 0x000000008000fec2 (0xfe043783) ld      a5, -32(s0)
core   0: 3 0x000000008000fec2 (0xfe043783) x15 0x00000000800120a1 mem 0x0000000080031f50
core   0: 0x000000008000fec6 (0x00178713) addi    a4, a5, 1
core   0: 3 0x000000008000fec6 (0x00178713) x14 0x00000000800120a2
core   0: 0x000000008000feca (0xfee43023) sd      a4, -32(s0)
core   0: 3 0x000000008000feca (0xfee43023) mem 0x0000000080031f50 0x00000000800120a2
core   0: 0x000000008000fece (0xfc442703) lw      a4, -60(s0)
core   0: 3 0x000000008000fece (0xfc442703) x14 0x0000000000000000 mem 0x0000000080031f34
core   0: 0x000000008000fed2 (0x0ff77713) andi    a4, a4, 255
core   0: 3 0x000000008000fed2 (0x0ff77713) x14 0x0000000000000000
core   0: 0x000000008000fed6 (0x00e78023) sb      a4, 0(a5)
core   0: 3 0x000000008000fed6 (0x00e78023) mem 0x00000000800120a1 0x00
core   0: 0x000000008000feda (0xfc843703) ld      a4, -56(s0)
core   0: 3 0x000000008000feda (0xfc843703) x14 0x0000000080012040 mem 0x0000000080031f38
core   0: 0x000000008000fede (0xfb843783) ld      a5, -72(s0)
core   0: 3 0x000000008000fede (0xfb843783) x15 0x000000000000009c mem 0x0000000080031f28
core   0: 0x000000008000fee2 (0x000097ba) c.add   a5, a4
core   0: 3 0x000000008000fee2 (0x97ba) x15 0x00000000800120dc
core   0: 0x000000008000fee4 (0xfe043703) ld      a4, -32(s0)
core   0: 3 0x000000008000fee4 (0xfe043703) x14 0x00000000800120a2 mem 0x0000000080031f50
core   0: 0x000000008000fee8 (0xfcf76de3) bltu    a4, a5, pc - 38
core   0: 3 0x000000008000fee8 (0xfcf76de3)
core   0: 0x000000008000fec2 (0xfe043783) ld      a5, -32(s0)
core   0: 3 0x000000008000fec2 (0xfe043783) x15 0x00000000800120a2 mem 0x0000000080031f50
core   0: 0x000000008000fec6 (0x00178713) addi    a4, a5, 1
core   0: 3 0x000000008000fec6 (0x00178713) x14 0x00000000800120a3
core   0: 0x000000008000feca (0xfee43023) sd      a4, -32(s0)
core   0: 3 0x000000008000feca (0xfee43023) mem 0x0000000080031f50 0x00000000800120a3
core   0: 0x000000008000fece (0xfc442703) lw      a4, -60(s0)
core   0: 3 0x000000008000fece (0xfc442703) x14 0x0000000000000000 mem 0x0000000080031f34
core   0: 0x000000008000fed2 (0x0ff77713) andi    a4, a4, 255
core   0: 3 0x000000008000fed2 (0x0ff77713) x14 0x0000000000000000
core   0: 0x000000008000fed6 (0x00e78023) sb      a4, 0(a5)
core   0: 3 0x000000008000fed6 (0x00e78023) mem 0x00000000800120a2 0x00
core   0: 0x000000008000feda (0xfc843703) ld      a4, -56(s0)
core   0: 3 0x000000008000feda (0xfc843703) x14 0x0000000080012040 mem 0x0000000080031f38
core   0: 0x000000008000fede (0xfb843783) ld      a5, -72(s0)
core   0: 3 0x000000008000fede (0xfb843783) x15 0x000000000000009c mem 0x0000000080031f28
core   0: 0x000000008000fee2 (0x000097ba) c.add   a5, a4
core   0: 3 0x000000008000fee2 (0x97ba) x15 0x00000000800120dc
core   0: 0x000000008000fee4 (0xfe043703) ld      a4, -32(s0)
core   0: 3 0x000000008000fee4 (0xfe043703) x14 0x00000000800120a3 mem 0x0000000080031f50
core   0: 0x000000008000fee8 (0xfcf76de3) bltu    a4, a5, pc - 38
core   0: 3 0x000000008000fee8 (0xfcf76de3)
core   0: 0x000000008000fec2 (0xfe043783) ld      a5, -32(s0)
core   0: 3 0x000000008000fec2 (0xfe043783) x15 0x00000000800120a3 mem 0x0000000080031f50
core   0: 0x000000008000fec6 (0x00178713) addi    a4, a5, 1
core   0: 3 0x000000008000fec6 (0x00178713) x14 0x00000000800120a4
core   0: 0x000000008000feca (0xfee43023) sd      a4, -32(s0)
core   0: 3 0x000000008000feca (0xfee43023) mem 0x0000000080031f50 0x00000000800120a4
core   0: 0x000000008000fece (0xfc442703) lw      a4, -60(s0)
core   0: 3 0x000000008000fece (0xfc442703) x14 0x0000000000000000 mem 0x0000000080031f34
core   0: 0x000000008000fed2 (0x0ff77713) andi    a4, a4, 255
core   0: 3 0x000000008000fed2 (0x0ff77713) x14 0x0000000000000000
core   0: 0x000000008000fed6 (0x00e78023) sb      a4, 0(a5)
core   0: 3 0x000000008000fed6 (0x00e78023) mem 0x00000000800120a3 0x00
core   0: 0x000000008000feda (0xfc843703) ld      a4, -56(s0)
core   0: 3 0x000000008000feda (0xfc843703) x14 0x0000000080012040 mem 0x0000000080031f38
core   0: 0x000000008000fede (0xfb843783) ld      a5, -72(s0)
core   0: 3 0x000000008000fede (0xfb843783) x15 0x000000000000009c mem 0x0000000080031f28
core   0: 0x000000008000fee2 (0x000097ba) c.add   a5, a4
core   0: 3 0x000000008000fee2 (0x97ba) x15 0x00000000800120dc
core   0: 0x000000008000fee4 (0xfe043703) ld      a4, -32(s0)
core   0: 3 0x000000008000fee4 (0xfe043703) x14 0x00000000800120a4 mem 0x0000000080031f50
core   0: 0x000000008000fee8 (0xfcf76de3) bltu    a4, a5, pc - 38
core   0: 3 0x000000008000fee8 (0xfcf76de3)
core   0: 0x000000008000fec2 (0xfe043783) ld      a5, -32(s0)
core   0: 3 0x000000008000fec2 (0xfe043783) x15 0x00000000800120a4 mem 0x0000000080031f50
core   0: 0x000000008000fec6 (0x00178713) addi    a4, a5, 1
core   0: 3 0x000000008000fec6 (0x00178713) x14 0x00000000800120a5
core   0: 0x000000008000feca (0xfee43023) sd      a4, -32(s0)
core   0: 3 0x000000008000feca (0xfee43023) mem 0x0000000080031f50 0x00000000800120a5
core   0: 0x000000008000fece (0xfc442703) lw      a4, -60(s0)
core   0: 3 0x000000008000fece (0xfc442703) x14 0x0000000000000000 mem 0x0000000080031f34
core   0: 0x000000008000fed2 (0x0ff77713) andi    a4, a4, 255
core   0: 3 0x000000008000fed2 (0x0ff77713) x14 0x0000000000000000
core   0: 0x000000008000fed6 (0x00e78023) sb      a4, 0(a5)
core   0: 3 0x000000008000fed6 (0x00e78023) mem 0x00000000800120a4 0x00
core   0: 0x000000008000feda (0xfc843703) ld      a4, -56(s0)
core   0: 3 0x000000008000feda (0xfc843703) x14 0x0000000080012040 mem 0x0000000080031f38
core   0: 0x000000008000fede (0xfb843783) ld      a5, -72(s0)
core   0: 3 0x000000008000fede (0xfb843783) x15 0x000000000000009c mem 0x0000000080031f28
core   0: 0x000000008000fee2 (0x000097ba) c.add   a5, a4
core   0: 3 0x000000008000fee2 (0x97ba) x15 0x00000000800120dc
core   0: 0x000000008000fee4 (0xfe043703) ld      a4, -32(s0)
core   0: 3 0x000000008000fee4 (0xfe043703) x14 0x00000000800120a5 mem 0x0000000080031f50
core   0: 0x000000008000fee8 (0xfcf76de3) bltu    a4, a5, pc - 38
core   0: 3 0x000000008000fee8 (0xfcf76de3)
core   0: 0x000000008000fec2 (0xfe043783) ld      a5, -32(s0)
core   0: 3 0x000000008000fec2 (0xfe043783) x15 0x00000000800120a5 mem 0x0000000080031f50
core   0: 0x000000008000fec6 (0x00178713) addi    a4, a5, 1
core   0: 3 0x000000008000fec6 (0x00178713) x14 0x00000000800120a6
core   0: 0x000000008000feca (0xfee43023) sd      a4, -32(s0)
core   0: 3 0x000000008000feca (0xfee43023) mem 0x0000000080031f50 0x00000000800120a6
core   0: 0x000000008000fece (0xfc442703) lw      a4, -60(s0)
core   0: 3 0x000000008000fece (0xfc442703) x14 0x0000000000000000 mem 0x0000000080031f34
core   0: 0x000000008000fed2 (0x0ff77713) andi    a4, a4, 255
core   0: 3 0x000000008000fed2 (0x0ff77713) x14 0x0000000000000000
core   0: 0x000000008000fed6 (0x00e78023) sb      a4, 0(a5)
core   0: 3 0x000000008000fed6 (0x00e78023) mem 0x00000000800120a5 0x00
core   0: 0x000000008000feda (0xfc843703) ld      a4, -56(s0)
core   0: 3 0x000000008000feda (0xfc843703) x14 0x0000000080012040 mem 0x0000000080031f38
core   0: 0x000000008000fede (0xfb843783) ld      a5, -72(s0)
core   0: 3 0x000000008000fede (0xfb843783) x15 0x000000000000009c mem 0x0000000080031f28
core   0: 0x000000008000fee2 (0x000097ba) c.add   a5, a4
core   0: 3 0x000000008000fee2 (0x97ba) x15 0x00000000800120dc
core   0: 0x000000008000fee4 (0xfe043703) ld      a4, -32(s0)
core   0: 3 0x000000008000fee4 (0xfe043703) x14 0x00000000800120a6 mem 0x0000000080031f50
core   0: 0x000000008000fee8 (0xfcf76de3) bltu    a4, a5, pc - 38
core   0: 3 0x000000008000fee8 (0xfcf76de3)
core   0: 0x000000008000fec2 (0xfe043783) ld      a5, -32(s0)
core   0: 3 0x000000008000fec2 (0xfe043783) x15 0x00000000800120a6 mem 0x0000000080031f50
core   0: 0x000000008000fec6 (0x00178713) addi    a4, a5, 1
core   0: 3 0x000000008000fec6 (0x00178713) x14 0x00000000800120a7
core   0: 0x000000008000feca (0xfee43023) sd      a4, -32(s0)
core   0: 3 0x000000008000feca (0xfee43023) mem 0x0000000080031f50 0x00000000800120a7
core   0: 0x000000008000fece (0xfc442703) lw      a4, -60(s0)
core   0: 3 0x000000008000fece (0xfc442703) x14 0x0000000000000000 mem 0x0000000080031f34
core   0: 0x000000008000fed2 (0x0ff77713) andi    a4, a4, 255
core   0: 3 0x000000008000fed2 (0x0ff77713) x14 0x0000000000000000
core   0: 0x000000008000fed6 (0x00e78023) sb      a4, 0(a5)
core   0: 3 0x000000008000fed6 (0x00e78023) mem 0x00000000800120a6 0x00
core   0: 0x000000008000feda (0xfc843703) ld      a4, -56(s0)
core   0: 3 0x000000008000feda (0xfc843703) x14 0x0000000080012040 mem 0x0000000080031f38
core   0: 0x000000008000fede (0xfb843783) ld      a5, -72(s0)
core   0: 3 0x000000008000fede (0xfb843783) x15 0x000000000000009c mem 0x0000000080031f28
core   0: 0x000000008000fee2 (0x000097ba) c.add   a5, a4
core   0: 3 0x000000008000fee2 (0x97ba) x15 0x00000000800120dc
core   0: 0x000000008000fee4 (0xfe043703) ld      a4, -32(s0)
core   0: 3 0x000000008000fee4 (0xfe043703) x14 0x00000000800120a7 mem 0x0000000080031f50
core   0: 0x000000008000fee8 (0xfcf76de3) bltu    a4, a5, pc - 38
core   0: 3 0x000000008000fee8 (0xfcf76de3)
core   0: 0x000000008000fec2 (0xfe043783) ld      a5, -32(s0)
core   0: 3 0x000000008000fec2 (0xfe043783) x15 0x00000000800120a7 mem 0x0000000080031f50
core   0: 0x000000008000fec6 (0x00178713) addi    a4, a5, 1
core   0: 3 0x000000008000fec6 (0x00178713) x14 0x00000000800120a8
core   0: 0x000000008000feca (0xfee43023) sd      a4, -32(s0)
core   0: 3 0x000000008000feca (0xfee43023) mem 0x0000000080031f50 0x00000000800120a8
core   0: 0x000000008000fece (0xfc442703) lw      a4, -60(s0)
core   0: 3 0x000000008000fece (0xfc442703) x14 0x0000000000000000 mem 0x0000000080031f34
core   0: 0x000000008000fed2 (0x0ff77713) andi    a4, a4, 255
core   0: 3 0x000000008000fed2 (0x0ff77713) x14 0x0000000000000000
core   0: 0x000000008000fed6 (0x00e78023) sb      a4, 0(a5)
core   0: 3 0x000000008000fed6 (0x00e78023) mem 0x00000000800120a7 0x00
core   0: 0x000000008000feda (0xfc843703) ld      a4, -56(s0)
core   0: 3 0x000000008000feda (0xfc843703) x14 0x0000000080012040 mem 0x0000000080031f38
core   0: 0x000000008000fede (0xfb843783) ld      a5, -72(s0)
core   0: 3 0x000000008000fede (0xfb843783) x15 0x000000000000009c mem 0x0000000080031f28
core   0: 0x000000008000fee2 (0x000097ba) c.add   a5, a4
core   0: 3 0x000000008000fee2 (0x97ba) x15 0x00000000800120dc
core   0: 0x000000008000fee4 (0xfe043703) ld      a4, -32(s0)
core   0: 3 0x000000008000fee4 (0xfe043703) x14 0x00000000800120a8 mem 0x0000000080031f50
core   0: 0x000000008000fee8 (0xfcf76de3) bltu    a4, a5, pc - 38
core   0: 3 0x000000008000fee8 (0xfcf76de3)
core   0: 0x000000008000fec2 (0xfe043783) ld      a5, -32(s0)
core   0: 3 0x000000008000fec2 (0xfe043783) x15 0x00000000800120a8 mem 0x0000000080031f50
core   0: 0x000000008000fec6 (0x00178713) addi    a4, a5, 1
core   0: 3 0x000000008000fec6 (0x00178713) x14 0x00000000800120a9
core   0: 0x000000008000feca (0xfee43023) sd      a4, -32(s0)
core   0: 3 0x000000008000feca (0xfee43023) mem 0x0000000080031f50 0x00000000800120a9
core   0: 0x000000008000fece (0xfc442703) lw      a4, -60(s0)
core   0: 3 0x000000008000fece (0xfc442703) x14 0x0000000000000000 mem 0x0000000080031f34
core   0: 0x000000008000fed2 (0x0ff77713) andi    a4, a4, 255
core   0: 3 0x000000008000fed2 (0x0ff77713) x14 0x0000000000000000
core   0: 0x000000008000fed6 (0x00e78023) sb      a4, 0(a5)
core   0: 3 0x000000008000fed6 (0x00e78023) mem 0x00000000800120a8 0x00
core   0: 0x000000008000feda (0xfc843703) ld      a4, -56(s0)
core   0: 3 0x000000008000feda (0xfc843703) x14 0x0000000080012040 mem 0x0000000080031f38
core   0: 0x000000008000fede (0xfb843783) ld      a5, -72(s0)
core   0: 3 0x000000008000fede (0xfb843783) x15 0x000000000000009c mem 0x0000000080031f28
core   0: 0x000000008000fee2 (0x000097ba) c.add   a5, a4
core   0: 3 0x000000008000fee2 (0x97ba) x15 0x00000000800120dc
core   0: 0x000000008000fee4 (0xfe043703) ld      a4, -32(s0)
core   0: 3 0x000000008000fee4 (0xfe043703) x14 0x00000000800120a9 mem 0x0000000080031f50
core   0: 0x000000008000fee8 (0xfcf76de3) bltu    a4, a5, pc - 38
core   0: 3 0x000000008000fee8 (0xfcf76de3)
core   0: 0x000000008000fec2 (0xfe043783) ld      a5, -32(s0)
core   0: 3 0x000000008000fec2 (0xfe043783) x15 0x00000000800120a9 mem 0x0000000080031f50
core   0: 0x000000008000fec6 (0x00178713) addi    a4, a5, 1
core   0: 3 0x000000008000fec6 (0x00178713) x14 0x00000000800120aa
core   0: 0x000000008000feca (0xfee43023) sd      a4, -32(s0)
core   0: 3 0x000000008000feca (0xfee43023) mem 0x0000000080031f50 0x00000000800120aa
core   0: 0x000000008000fece (0xfc442703) lw      a4, -60(s0)
core   0: 3 0x000000008000fece (0xfc442703) x14 0x0000000000000000 mem 0x0000000080031f34
core   0: 0x000000008000fed2 (0x0ff77713) andi    a4, a4, 255
core   0: 3 0x000000008000fed2 (0x0ff77713) x14 0x0000000000000000
core   0: 0x000000008000fed6 (0x00e78023) sb      a4, 0(a5)
core   0: 3 0x000000008000fed6 (0x00e78023) mem 0x00000000800120a9 0x00
core   0: 0x000000008000feda (0xfc843703) ld      a4, -56(s0)
core   0: 3 0x000000008000feda (0xfc843703) x14 0x0000000080012040 mem 0x0000000080031f38
core   0: 0x000000008000fede (0xfb843783) ld      a5, -72(s0)
core   0: 3 0x000000008000fede (0xfb843783) x15 0x000000000000009c mem 0x0000000080031f28
core   0: 0x000000008000fee2 (0x000097ba) c.add   a5, a4
core   0: 3 0x000000008000fee2 (0x97ba) x15 0x00000000800120dc
core   0: 0x000000008000fee4 (0xfe043703) ld      a4, -32(s0)
core   0: 3 0x000000008000fee4 (0xfe043703) x14 0x00000000800120aa mem 0x0000000080031f50
core   0: 0x000000008000fee8 (0xfcf76de3) bltu    a4, a5, pc - 38
core   0: 3 0x000000008000fee8 (0xfcf76de3)
core   0: 0x000000008000fec2 (0xfe043783) ld      a5, -32(s0)
core   0: 3 0x000000008000fec2 (0xfe043783) x15 0x00000000800120aa mem 0x0000000080031f50
core   0: 0x000000008000fec6 (0x00178713) addi    a4, a5, 1
core   0: 3 0x000000008000fec6 (0x00178713) x14 0x00000000800120ab
core   0: 0x000000008000feca (0xfee43023) sd      a4, -32(s0)
core   0: 3 0x000000008000feca (0xfee43023) mem 0x0000000080031f50 0x00000000800120ab
core   0: 0x000000008000fece (0xfc442703) lw      a4, -60(s0)
core   0: 3 0x000000008000fece (0xfc442703) x14 0x0000000000000000 mem 0x0000000080031f34
core   0: 0x000000008000fed2 (0x0ff77713) andi    a4, a4, 255
core   0: 3 0x000000008000fed2 (0x0ff77713) x14 0x0000000000000000
core   0: 0x000000008000fed6 (0x00e78023) sb      a4, 0(a5)
core   0: 3 0x000000008000fed6 (0x00e78023) mem 0x00000000800120aa 0x00
core   0: 0x000000008000feda (0xfc843703) ld      a4, -56(s0)
core   0: 3 0x000000008000feda (0xfc843703) x14 0x0000000080012040 mem 0x0000000080031f38
core   0: 0x000000008000fede (0xfb843783) ld      a5, -72(s0)
core   0: 3 0x000000008000fede (0xfb843783) x15 0x000000000000009c mem 0x0000000080031f28
core   0: 0x000000008000fee2 (0x000097ba) c.add   a5, a4
core   0: 3 0x000000008000fee2 (0x97ba) x15 0x00000000800120dc
core   0: 0x000000008000fee4 (0xfe043703) ld      a4, -32(s0)
core   0: 3 0x000000008000fee4 (0xfe043703) x14 0x00000000800120ab mem 0x0000000080031f50
core   0: 0x000000008000fee8 (0xfcf76de3) bltu    a4, a5, pc - 38
core   0: 3 0x000000008000fee8 (0xfcf76de3)
core   0: 0x000000008000fec2 (0xfe043783) ld      a5, -32(s0)
core   0: 3 0x000000008000fec2 (0xfe043783) x15 0x00000000800120ab mem 0x0000000080031f50
core   0: 0x000000008000fec6 (0x00178713) addi    a4, a5, 1
core   0: 3 0x000000008000fec6 (0x00178713) x14 0x00000000800120ac
core   0: 0x000000008000feca (0xfee43023) sd      a4, -32(s0)
core   0: 3 0x000000008000feca (0xfee43023) mem 0x0000000080031f50 0x00000000800120ac
core   0: 0x000000008000fece (0xfc442703) lw      a4, -60(s0)
core   0: 3 0x000000008000fece (0xfc442703) x14 0x0000000000000000 mem 0x0000000080031f34
core   0: 0x000000008000fed2 (0x0ff77713) andi    a4, a4, 255
core   0: 3 0x000000008000fed2 (0x0ff77713) x14 0x0000000000000000
core   0: 0x000000008000fed6 (0x00e78023) sb      a4, 0(a5)
core   0: 3 0x000000008000fed6 (0x00e78023) mem 0x00000000800120ab 0x00
core   0: 0x000000008000feda (0xfc843703) ld      a4, -56(s0)
core   0: 3 0x000000008000feda (0xfc843703) x14 0x0000000080012040 mem 0x0000000080031f38
core   0: 0x000000008000fede (0xfb843783) ld      a5, -72(s0)
core   0: 3 0x000000008000fede (0xfb843783) x15 0x000000000000009c mem 0x0000000080031f28
core   0: 0x000000008000fee2 (0x000097ba) c.add   a5, a4
core   0: 3 0x000000008000fee2 (0x97ba) x15 0x00000000800120dc
core   0: 0x000000008000fee4 (0xfe043703) ld      a4, -32(s0)
core   0: 3 0x000000008000fee4 (0xfe043703) x14 0x00000000800120ac mem 0x0000000080031f50
core   0: 0x000000008000fee8 (0xfcf76de3) bltu    a4, a5, pc - 38
core   0: 3 0x000000008000fee8 (0xfcf76de3)
core   0: 0x000000008000fec2 (0xfe043783) ld      a5, -32(s0)
core   0: 3 0x000000008000fec2 (0xfe043783) x15 0x00000000800120ac mem 0x0000000080031f50
core   0: 0x000000008000fec6 (0x00178713) addi    a4, a5, 1
core   0: 3 0x000000008000fec6 (0x00178713) x14 0x00000000800120ad
core   0: 0x000000008000feca (0xfee43023) sd      a4, -32(s0)
core   0: 3 0x000000008000feca (0xfee43023) mem 0x0000000080031f50 0x00000000800120ad
core   0: 0x000000008000fece (0xfc442703) lw      a4, -60(s0)
core   0: 3 0x000000008000fece (0xfc442703) x14 0x0000000000000000 mem 0x0000000080031f34
core   0: 0x000000008000fed2 (0x0ff77713) andi    a4, a4, 255
core   0: 3 0x000000008000fed2 (0x0ff77713) x14 0x0000000000000000
core   0: 0x000000008000fed6 (0x00e78023) sb      a4, 0(a5)
core   0: 3 0x000000008000fed6 (0x00e78023) mem 0x00000000800120ac 0x00
core   0: 0x000000008000feda (0xfc843703) ld      a4, -56(s0)
core   0: 3 0x000000008000feda (0xfc843703) x14 0x0000000080012040 mem 0x0000000080031f38
core   0: 0x000000008000fede (0xfb843783) ld      a5, -72(s0)
core   0: 3 0x000000008000fede (0xfb843783) x15 0x000000000000009c mem 0x0000000080031f28
core   0: 0x000000008000fee2 (0x000097ba) c.add   a5, a4
core   0: 3 0x000000008000fee2 (0x97ba) x15 0x00000000800120dc
core   0: 0x000000008000fee4 (0xfe043703) ld      a4, -32(s0)
core   0: 3 0x000000008000fee4 (0xfe043703) x14 0x00000000800120ad mem 0x0000000080031f50
core   0: 0x000000008000fee8 (0xfcf76de3) bltu    a4, a5, pc - 38
core   0: 3 0x000000008000fee8 (0xfcf76de3)
core   0: 0x000000008000fec2 (0xfe043783) ld      a5, -32(s0)
core   0: 3 0x000000008000fec2 (0xfe043783) x15 0x00000000800120ad mem 0x0000000080031f50
core   0: 0x000000008000fec6 (0x00178713) addi    a4, a5, 1
core   0: 3 0x000000008000fec6 (0x00178713) x14 0x00000000800120ae
core   0: 0x000000008000feca (0xfee43023) sd      a4, -32(s0)
core   0: 3 0x000000008000feca (0xfee43023) mem 0x0000000080031f50 0x00000000800120ae
core   0: 0x000000008000fece (0xfc442703) lw      a4, -60(s0)
core   0: 3 0x000000008000fece (0xfc442703) x14 0x0000000000000000 mem 0x0000000080031f34
core   0: 0x000000008000fed2 (0x0ff77713) andi    a4, a4, 255
core   0: 3 0x000000008000fed2 (0x0ff77713) x14 0x0000000000000000
core   0: 0x000000008000fed6 (0x00e78023) sb      a4, 0(a5)
core   0: 3 0x000000008000fed6 (0x00e78023) mem 0x00000000800120ad 0x00
core   0: 0x000000008000feda (0xfc843703) ld      a4, -56(s0)
core   0: 3 0x000000008000feda (0xfc843703) x14 0x0000000080012040 mem 0x0000000080031f38
core   0: 0x000000008000fede (0xfb843783) ld      a5, -72(s0)
core   0: 3 0x000000008000fede (0xfb843783) x15 0x000000000000009c mem 0x0000000080031f28
core   0: 0x000000008000fee2 (0x000097ba) c.add   a5, a4
core   0: 3 0x000000008000fee2 (0x97ba) x15 0x00000000800120dc
core   0: 0x000000008000fee4 (0xfe043703) ld      a4, -32(s0)
core   0: 3 0x000000008000fee4 (0xfe043703) x14 0x00000000800120ae mem 0x0000000080031f50
core   0: 0x000000008000fee8 (0xfcf76de3) bltu    a4, a5, pc - 38
core   0: 3 0x000000008000fee8 (0xfcf76de3)
core   0: 0x000000008000fec2 (0xfe043783) ld      a5, -32(s0)
core   0: 3 0x000000008000fec2 (0xfe043783) x15 0x00000000800120ae mem 0x0000000080031f50
core   0: 0x000000008000fec6 (0x00178713) addi    a4, a5, 1
core   0: 3 0x000000008000fec6 (0x00178713) x14 0x00000000800120af
core   0: 0x000000008000feca (0xfee43023) sd      a4, -32(s0)
core   0: 3 0x000000008000feca (0xfee43023) mem 0x0000000080031f50 0x00000000800120af
core   0: 0x000000008000fece (0xfc442703) lw      a4, -60(s0)
core   0: 3 0x000000008000fece (0xfc442703) x14 0x0000000000000000 mem 0x0000000080031f34
core   0: 0x000000008000fed2 (0x0ff77713) andi    a4, a4, 255
core   0: 3 0x000000008000fed2 (0x0ff77713) x14 0x0000000000000000
core   0: 0x000000008000fed6 (0x00e78023) sb      a4, 0(a5)
core   0: 3 0x000000008000fed6 (0x00e78023) mem 0x00000000800120ae 0x00
core   0: 0x000000008000feda (0xfc843703) ld      a4, -56(s0)
core   0: 3 0x000000008000feda (0xfc843703) x14 0x0000000080012040 mem 0x0000000080031f38
core   0: 0x000000008000fede (0xfb843783) ld      a5, -72(s0)
core   0: 3 0x000000008000fede (0xfb843783) x15 0x000000000000009c mem 0x0000000080031f28
core   0: 0x000000008000fee2 (0x000097ba) c.add   a5, a4
core   0: 3 0x000000008000fee2 (0x97ba) x15 0x00000000800120dc
core   0: 0x000000008000fee4 (0xfe043703) ld      a4, -32(s0)
core   0: 3 0x000000008000fee4 (0xfe043703) x14 0x00000000800120af mem 0x0000000080031f50
core   0: 0x000000008000fee8 (0xfcf76de3) bltu    a4, a5, pc - 38
core   0: 3 0x000000008000fee8 (0xfcf76de3)
core   0: 0x000000008000fec2 (0xfe043783) ld      a5, -32(s0)
core   0: 3 0x000000008000fec2 (0xfe043783) x15 0x00000000800120af mem 0x0000000080031f50
core   0: 0x000000008000fec6 (0x00178713) addi    a4, a5, 1
core   0: 3 0x000000008000fec6 (0x00178713) x14 0x00000000800120b0
core   0: 0x000000008000feca (0xfee43023) sd      a4, -32(s0)
core   0: 3 0x000000008000feca (0xfee43023) mem 0x0000000080031f50 0x00000000800120b0
core   0: 0x000000008000fece (0xfc442703) lw      a4, -60(s0)
core   0: 3 0x000000008000fece (0xfc442703) x14 0x0000000000000000 mem 0x0000000080031f34
core   0: 0x000000008000fed2 (0x0ff77713) andi    a4, a4, 255
core   0: 3 0x000000008000fed2 (0x0ff77713) x14 0x0000000000000000
core   0: 0x000000008000fed6 (0x00e78023) sb      a4, 0(a5)
core   0: 3 0x000000008000fed6 (0x00e78023) mem 0x00000000800120af 0x00
core   0: 0x000000008000feda (0xfc843703) ld      a4, -56(s0)
core   0: 3 0x000000008000feda (0xfc843703) x14 0x0000000080012040 mem 0x0000000080031f38
core   0: 0x000000008000fede (0xfb843783) ld      a5, -72(s0)
core   0: 3 0x000000008000fede (0xfb843783) x15 0x000000000000009c mem 0x0000000080031f28
core   0: 0x000000008000fee2 (0x000097ba) c.add   a5, a4
core   0: 3 0x000000008000fee2 (0x97ba) x15 0x00000000800120dc
core   0: 0x000000008000fee4 (0xfe043703) ld      a4, -32(s0)
core   0: 3 0x000000008000fee4 (0xfe043703) x14 0x00000000800120b0 mem 0x0000000080031f50
core   0: 0x000000008000fee8 (0xfcf76de3) bltu    a4, a5, pc - 38
core   0: 3 0x000000008000fee8 (0xfcf76de3)
core   0: 0x000000008000fec2 (0xfe043783) ld      a5, -32(s0)
core   0: 3 0x000000008000fec2 (0xfe043783) x15 0x00000000800120b0 mem 0x0000000080031f50
core   0: 0x000000008000fec6 (0x00178713) addi    a4, a5, 1
core   0: 3 0x000000008000fec6 (0x00178713) x14 0x00000000800120b1
core   0: 0x000000008000feca (0xfee43023) sd      a4, -32(s0)
core   0: 3 0x000000008000feca (0xfee43023) mem 0x0000000080031f50 0x00000000800120b1
core   0: 0x000000008000fece (0xfc442703) lw      a4, -60(s0)
core   0: 3 0x000000008000fece (0xfc442703) x14 0x0000000000000000 mem 0x0000000080031f34
core   0: 0x000000008000fed2 (0x0ff77713) andi    a4, a4, 255
core   0: 3 0x000000008000fed2 (0x0ff77713) x14 0x0000000000000000
core   0: 0x000000008000fed6 (0x00e78023) sb      a4, 0(a5)
core   0: 3 0x000000008000fed6 (0x00e78023) mem 0x00000000800120b0 0x00
core   0: 0x000000008000feda (0xfc843703) ld      a4, -56(s0)
core   0: 3 0x000000008000feda (0xfc843703) x14 0x0000000080012040 mem 0x0000000080031f38
core   0: 0x000000008000fede (0xfb843783) ld      a5, -72(s0)
core   0: 3 0x000000008000fede (0xfb843783) x15 0x000000000000009c mem 0x0000000080031f28
core   0: 0x000000008000fee2 (0x000097ba) c.add   a5, a4
core   0: 3 0x000000008000fee2 (0x97ba) x15 0x00000000800120dc
core   0: 0x000000008000fee4 (0xfe043703) ld      a4, -32(s0)
core   0: 3 0x000000008000fee4 (0xfe043703) x14 0x00000000800120b1 mem 0x0000000080031f50
core   0: 0x000000008000fee8 (0xfcf76de3) bltu    a4, a5, pc - 38
core   0: 3 0x000000008000fee8 (0xfcf76de3)
core   0: 0x000000008000fec2 (0xfe043783) ld      a5, -32(s0)
core   0: 3 0x000000008000fec2 (0xfe043783) x15 0x00000000800120b1 mem 0x0000000080031f50
core   0: 0x000000008000fec6 (0x00178713) addi    a4, a5, 1
core   0: 3 0x000000008000fec6 (0x00178713) x14 0x00000000800120b2
core   0: 0x000000008000feca (0xfee43023) sd      a4, -32(s0)
core   0: 3 0x000000008000feca (0xfee43023) mem 0x0000000080031f50 0x00000000800120b2
core   0: 0x000000008000fece (0xfc442703) lw      a4, -60(s0)
core   0: 3 0x000000008000fece (0xfc442703) x14 0x0000000000000000 mem 0x0000000080031f34
core   0: 0x000000008000fed2 (0x0ff77713) andi    a4, a4, 255
core   0: 3 0x000000008000fed2 (0x0ff77713) x14 0x0000000000000000
core   0: 0x000000008000fed6 (0x00e78023) sb      a4, 0(a5)
core   0: 3 0x000000008000fed6 (0x00e78023) mem 0x00000000800120b1 0x00
core   0: 0x000000008000feda (0xfc843703) ld      a4, -56(s0)
core   0: 3 0x000000008000feda (0xfc843703) x14 0x0000000080012040 mem 0x0000000080031f38
core   0: 0x000000008000fede (0xfb843783) ld      a5, -72(s0)
core   0: 3 0x000000008000fede (0xfb843783) x15 0x000000000000009c mem 0x0000000080031f28
core   0: 0x000000008000fee2 (0x000097ba) c.add   a5, a4
core   0: 3 0x000000008000fee2 (0x97ba) x15 0x00000000800120dc
core   0: 0x000000008000fee4 (0xfe043703) ld      a4, -32(s0)
core   0: 3 0x000000008000fee4 (0xfe043703) x14 0x00000000800120b2 mem 0x0000000080031f50
core   0: 0x000000008000fee8 (0xfcf76de3) bltu    a4, a5, pc - 38
core   0: 3 0x000000008000fee8 (0xfcf76de3)
core   0: 0x000000008000fec2 (0xfe043783) ld      a5, -32(s0)
core   0: 3 0x000000008000fec2 (0xfe043783) x15 0x00000000800120b2 mem 0x0000000080031f50
core   0: 0x000000008000fec6 (0x00178713) addi    a4, a5, 1
core   0: 3 0x000000008000fec6 (0x00178713) x14 0x00000000800120b3
core   0: 0x000000008000feca (0xfee43023) sd      a4, -32(s0)
core   0: 3 0x000000008000feca (0xfee43023) mem 0x0000000080031f50 0x00000000800120b3
core   0: 0x000000008000fece (0xfc442703) lw      a4, -60(s0)
core   0: 3 0x000000008000fece (0xfc442703) x14 0x0000000000000000 mem 0x0000000080031f34
core   0: 0x000000008000fed2 (0x0ff77713) andi    a4, a4, 255
core   0: 3 0x000000008000fed2 (0x0ff77713) x14 0x0000000000000000
core   0: 0x000000008000fed6 (0x00e78023) sb      a4, 0(a5)
core   0: 3 0x000000008000fed6 (0x00e78023) mem 0x00000000800120b2 0x00
core   0: 0x000000008000feda (0xfc843703) ld      a4, -56(s0)
core   0: 3 0x000000008000feda (0xfc843703) x14 0x0000000080012040 mem 0x0000000080031f38
core   0: 0x000000008000fede (0xfb843783) ld      a5, -72(s0)
core   0: 3 0x000000008000fede (0xfb843783) x15 0x000000000000009c mem 0x0000000080031f28
core   0: 0x000000008000fee2 (0x000097ba) c.add   a5, a4
core   0: 3 0x000000008000fee2 (0x97ba) x15 0x00000000800120dc
core   0: 0x000000008000fee4 (0xfe043703) ld      a4, -32(s0)
core   0: 3 0x000000008000fee4 (0xfe043703) x14 0x00000000800120b3 mem 0x0000000080031f50
core   0: 0x000000008000fee8 (0xfcf76de3) bltu    a4, a5, pc - 38
core   0: 3 0x000000008000fee8 (0xfcf76de3)
core   0: 0x000000008000fec2 (0xfe043783) ld      a5, -32(s0)
core   0: 3 0x000000008000fec2 (0xfe043783) x15 0x00000000800120b3 mem 0x0000000080031f50
core   0: 0x000000008000fec6 (0x00178713) addi    a4, a5, 1
core   0: 3 0x000000008000fec6 (0x00178713) x14 0x00000000800120b4
core   0: 0x000000008000feca (0xfee43023) sd      a4, -32(s0)
core   0: 3 0x000000008000feca (0xfee43023) mem 0x0000000080031f50 0x00000000800120b4
core   0: 0x000000008000fece (0xfc442703) lw      a4, -60(s0)
core   0: 3 0x000000008000fece (0xfc442703) x14 0x0000000000000000 mem 0x0000000080031f34
core   0: 0x000000008000fed2 (0x0ff77713) andi    a4, a4, 255
core   0: 3 0x000000008000fed2 (0x0ff77713) x14 0x0000000000000000
core   0: 0x000000008000fed6 (0x00e78023) sb      a4, 0(a5)
core   0: 3 0x000000008000fed6 (0x00e78023) mem 0x00000000800120b3 0x00
core   0: 0x000000008000feda (0xfc843703) ld      a4, -56(s0)
core   0: 3 0x000000008000feda (0xfc843703) x14 0x0000000080012040 mem 0x0000000080031f38
core   0: 0x000000008000fede (0xfb843783) ld      a5, -72(s0)
core   0: 3 0x000000008000fede (0xfb843783) x15 0x000000000000009c mem 0x0000000080031f28
core   0: 0x000000008000fee2 (0x000097ba) c.add   a5, a4
core   0: 3 0x000000008000fee2 (0x97ba) x15 0x00000000800120dc
core   0: 0x000000008000fee4 (0xfe043703) ld      a4, -32(s0)
core   0: 3 0x000000008000fee4 (0xfe043703) x14 0x00000000800120b4 mem 0x0000000080031f50
core   0: 0x000000008000fee8 (0xfcf76de3) bltu    a4, a5, pc - 38
core   0: 3 0x000000008000fee8 (0xfcf76de3)
core   0: 0x000000008000fec2 (0xfe043783) ld      a5, -32(s0)
core   0: 3 0x000000008000fec2 (0xfe043783) x15 0x00000000800120b4 mem 0x0000000080031f50
core   0: 0x000000008000fec6 (0x00178713) addi    a4, a5, 1
core   0: 3 0x000000008000fec6 (0x00178713) x14 0x00000000800120b5
core   0: 0x000000008000feca (0xfee43023) sd      a4, -32(s0)
core   0: 3 0x000000008000feca (0xfee43023) mem 0x0000000080031f50 0x00000000800120b5
core   0: 0x000000008000fece (0xfc442703) lw      a4, -60(s0)
core   0: 3 0x000000008000fece (0xfc442703) x14 0x0000000000000000 mem 0x0000000080031f34
core   0: 0x000000008000fed2 (0x0ff77713) andi    a4, a4, 255
core   0: 3 0x000000008000fed2 (0x0ff77713) x14 0x0000000000000000
core   0: 0x000000008000fed6 (0x00e78023) sb      a4, 0(a5)
core   0: 3 0x000000008000fed6 (0x00e78023) mem 0x00000000800120b4 0x00
core   0: 0x000000008000feda (0xfc843703) ld      a4, -56(s0)
core   0: 3 0x000000008000feda (0xfc843703) x14 0x0000000080012040 mem 0x0000000080031f38
core   0: 0x000000008000fede (0xfb843783) ld      a5, -72(s0)
core   0: 3 0x000000008000fede (0xfb843783) x15 0x000000000000009c mem 0x0000000080031f28
core   0: 0x000000008000fee2 (0x000097ba) c.add   a5, a4
core   0: 3 0x000000008000fee2 (0x97ba) x15 0x00000000800120dc
core   0: 0x000000008000fee4 (0xfe043703) ld      a4, -32(s0)
core   0: 3 0x000000008000fee4 (0xfe043703) x14 0x00000000800120b5 mem 0x0000000080031f50
core   0: 0x000000008000fee8 (0xfcf76de3) bltu    a4, a5, pc - 38
core   0: 3 0x000000008000fee8 (0xfcf76de3)
core   0: 0x000000008000fec2 (0xfe043783) ld      a5, -32(s0)
core   0: 3 0x000000008000fec2 (0xfe043783) x15 0x00000000800120b5 mem 0x0000000080031f50
core   0: 0x000000008000fec6 (0x00178713) addi    a4, a5, 1
core   0: 3 0x000000008000fec6 (0x00178713) x14 0x00000000800120b6
core   0: 0x000000008000feca (0xfee43023) sd      a4, -32(s0)
core   0: 3 0x000000008000feca (0xfee43023) mem 0x0000000080031f50 0x00000000800120b6
core   0: 0x000000008000fece (0xfc442703) lw      a4, -60(s0)
core   0: 3 0x000000008000fece (0xfc442703) x14 0x0000000000000000 mem 0x0000000080031f34
core   0: 0x000000008000fed2 (0x0ff77713) andi    a4, a4, 255
core   0: 3 0x000000008000fed2 (0x0ff77713) x14 0x0000000000000000
core   0: 0x000000008000fed6 (0x00e78023) sb      a4, 0(a5)
core   0: 3 0x000000008000fed6 (0x00e78023) mem 0x00000000800120b5 0x00
core   0: 0x000000008000feda (0xfc843703) ld      a4, -56(s0)
core   0: 3 0x000000008000feda (0xfc843703) x14 0x0000000080012040 mem 0x0000000080031f38
core   0: 0x000000008000fede (0xfb843783) ld      a5, -72(s0)
core   0: 3 0x000000008000fede (0xfb843783) x15 0x000000000000009c mem 0x0000000080031f28
core   0: 0x000000008000fee2 (0x000097ba) c.add   a5, a4
core   0: 3 0x000000008000fee2 (0x97ba) x15 0x00000000800120dc
core   0: 0x000000008000fee4 (0xfe043703) ld      a4, -32(s0)
core   0: 3 0x000000008000fee4 (0xfe043703) x14 0x00000000800120b6 mem 0x0000000080031f50
core   0: 0x000000008000fee8 (0xfcf76de3) bltu    a4, a5, pc - 38
core   0: 3 0x000000008000fee8 (0xfcf76de3)
core   0: 0x000000008000fec2 (0xfe043783) ld      a5, -32(s0)
core   0: 3 0x000000008000fec2 (0xfe043783) x15 0x00000000800120b6 mem 0x0000000080031f50
core   0: 0x000000008000fec6 (0x00178713) addi    a4, a5, 1
core   0: 3 0x000000008000fec6 (0x00178713) x14 0x00000000800120b7
core   0: 0x000000008000feca (0xfee43023) sd      a4, -32(s0)
core   0: 3 0x000000008000feca (0xfee43023) mem 0x0000000080031f50 0x00000000800120b7
core   0: 0x000000008000fece (0xfc442703) lw      a4, -60(s0)
core   0: 3 0x000000008000fece (0xfc442703) x14 0x0000000000000000 mem 0x0000000080031f34
core   0: 0x000000008000fed2 (0x0ff77713) andi    a4, a4, 255
core   0: 3 0x000000008000fed2 (0x0ff77713) x14 0x0000000000000000
core   0: 0x000000008000fed6 (0x00e78023) sb      a4, 0(a5)
core   0: 3 0x000000008000fed6 (0x00e78023) mem 0x00000000800120b6 0x00
core   0: 0x000000008000feda (0xfc843703) ld      a4, -56(s0)
core   0: 3 0x000000008000feda (0xfc843703) x14 0x0000000080012040 mem 0x0000000080031f38
core   0: 0x000000008000fede (0xfb843783) ld      a5, -72(s0)
core   0: 3 0x000000008000fede (0xfb843783) x15 0x000000000000009c mem 0x0000000080031f28
core   0: 0x000000008000fee2 (0x000097ba) c.add   a5, a4
core   0: 3 0x000000008000fee2 (0x97ba) x15 0x00000000800120dc
core   0: 0x000000008000fee4 (0xfe043703) ld      a4, -32(s0)
core   0: 3 0x000000008000fee4 (0xfe043703) x14 0x00000000800120b7 mem 0x0000000080031f50
core   0: 0x000000008000fee8 (0xfcf76de3) bltu    a4, a5, pc - 38
core   0: 3 0x000000008000fee8 (0xfcf76de3)
core   0: 0x000000008000fec2 (0xfe043783) ld      a5, -32(s0)
core   0: 3 0x000000008000fec2 (0xfe043783) x15 0x00000000800120b7 mem 0x0000000080031f50
core   0: 0x000000008000fec6 (0x00178713) addi    a4, a5, 1
core   0: 3 0x000000008000fec6 (0x00178713) x14 0x00000000800120b8
core   0: 0x000000008000feca (0xfee43023) sd      a4, -32(s0)
core   0: 3 0x000000008000feca (0xfee43023) mem 0x0000000080031f50 0x00000000800120b8
core   0: 0x000000008000fece (0xfc442703) lw      a4, -60(s0)
core   0: 3 0x000000008000fece (0xfc442703) x14 0x0000000000000000 mem 0x0000000080031f34
core   0: 0x000000008000fed2 (0x0ff77713) andi    a4, a4, 255
core   0: 3 0x000000008000fed2 (0x0ff77713) x14 0x0000000000000000
core   0: 0x000000008000fed6 (0x00e78023) sb      a4, 0(a5)
core   0: 3 0x000000008000fed6 (0x00e78023) mem 0x00000000800120b7 0x00
core   0: 0x000000008000feda (0xfc843703) ld      a4, -56(s0)
core   0: 3 0x000000008000feda (0xfc843703) x14 0x0000000080012040 mem 0x0000000080031f38
core   0: 0x000000008000fede (0xfb843783) ld      a5, -72(s0)
core   0: 3 0x000000008000fede (0xfb843783) x15 0x000000000000009c mem 0x0000000080031f28
core   0: 0x000000008000fee2 (0x000097ba) c.add   a5, a4
core   0: 3 0x000000008000fee2 (0x97ba) x15 0x00000000800120dc
core   0: 0x000000008000fee4 (0xfe043703) ld      a4, -32(s0)
core   0: 3 0x000000008000fee4 (0xfe043703) x14 0x00000000800120b8 mem 0x0000000080031f50
core   0: 0x000000008000fee8 (0xfcf76de3) bltu    a4, a5, pc - 38
core   0: 3 0x000000008000fee8 (0xfcf76de3)
core   0: 0x000000008000fec2 (0xfe043783) ld      a5, -32(s0)
core   0: 3 0x000000008000fec2 (0xfe043783) x15 0x00000000800120b8 mem 0x0000000080031f50
core   0: 0x000000008000fec6 (0x00178713) addi    a4, a5, 1
core   0: 3 0x000000008000fec6 (0x00178713) x14 0x00000000800120b9
core   0: 0x000000008000feca (0xfee43023) sd      a4, -32(s0)
core   0: 3 0x000000008000feca (0xfee43023) mem 0x0000000080031f50 0x00000000800120b9
core   0: 0x000000008000fece (0xfc442703) lw      a4, -60(s0)
core   0: 3 0x000000008000fece (0xfc442703) x14 0x0000000000000000 mem 0x0000000080031f34
core   0: 0x000000008000fed2 (0x0ff77713) andi    a4, a4, 255
core   0: 3 0x000000008000fed2 (0x0ff77713) x14 0x0000000000000000
core   0: 0x000000008000fed6 (0x00e78023) sb      a4, 0(a5)
core   0: 3 0x000000008000fed6 (0x00e78023) mem 0x00000000800120b8 0x00
core   0: 0x000000008000feda (0xfc843703) ld      a4, -56(s0)
core   0: 3 0x000000008000feda (0xfc843703) x14 0x0000000080012040 mem 0x0000000080031f38
core   0: 0x000000008000fede (0xfb843783) ld      a5, -72(s0)
core   0: 3 0x000000008000fede (0xfb843783) x15 0x000000000000009c mem 0x0000000080031f28
core   0: 0x000000008000fee2 (0x000097ba) c.add   a5, a4
core   0: 3 0x000000008000fee2 (0x97ba) x15 0x00000000800120dc
core   0: 0x000000008000fee4 (0xfe043703) ld      a4, -32(s0)
core   0: 3 0x000000008000fee4 (0xfe043703) x14 0x00000000800120b9 mem 0x0000000080031f50
core   0: 0x000000008000fee8 (0xfcf76de3) bltu    a4, a5, pc - 38
core   0: 3 0x000000008000fee8 (0xfcf76de3)
core   0: 0x000000008000fec2 (0xfe043783) ld      a5, -32(s0)
core   0: 3 0x000000008000fec2 (0xfe043783) x15 0x00000000800120b9 mem 0x0000000080031f50
core   0: 0x000000008000fec6 (0x00178713) addi    a4, a5, 1
core   0: 3 0x000000008000fec6 (0x00178713) x14 0x00000000800120ba
core   0: 0x000000008000feca (0xfee43023) sd      a4, -32(s0)
core   0: 3 0x000000008000feca (0xfee43023) mem 0x0000000080031f50 0x00000000800120ba
core   0: 0x000000008000fece (0xfc442703) lw      a4, -60(s0)
core   0: 3 0x000000008000fece (0xfc442703) x14 0x0000000000000000 mem 0x0000000080031f34
core   0: 0x000000008000fed2 (0x0ff77713) andi    a4, a4, 255
core   0: 3 0x000000008000fed2 (0x0ff77713) x14 0x0000000000000000
core   0: 0x000000008000fed6 (0x00e78023) sb      a4, 0(a5)
core   0: 3 0x000000008000fed6 (0x00e78023) mem 0x00000000800120b9 0x00
core   0: 0x000000008000feda (0xfc843703) ld      a4, -56(s0)
core   0: 3 0x000000008000feda (0xfc843703) x14 0x0000000080012040 mem 0x0000000080031f38
core   0: 0x000000008000fede (0xfb843783) ld      a5, -72(s0)
core   0: 3 0x000000008000fede (0xfb843783) x15 0x000000000000009c mem 0x0000000080031f28
core   0: 0x000000008000fee2 (0x000097ba) c.add   a5, a4
core   0: 3 0x000000008000fee2 (0x97ba) x15 0x00000000800120dc
core   0: 0x000000008000fee4 (0xfe043703) ld      a4, -32(s0)
core   0: 3 0x000000008000fee4 (0xfe043703) x14 0x00000000800120ba mem 0x0000000080031f50
core   0: 0x000000008000fee8 (0xfcf76de3) bltu    a4, a5, pc - 38
core   0: 3 0x000000008000fee8 (0xfcf76de3)
core   0: 0x000000008000fec2 (0xfe043783) ld      a5, -32(s0)
core   0: 3 0x000000008000fec2 (0xfe043783) x15 0x00000000800120ba mem 0x0000000080031f50
core   0: 0x000000008000fec6 (0x00178713) addi    a4, a5, 1
core   0: 3 0x000000008000fec6 (0x00178713) x14 0x00000000800120bb
core   0: 0x000000008000feca (0xfee43023) sd      a4, -32(s0)
core   0: 3 0x000000008000feca (0xfee43023) mem 0x0000000080031f50 0x00000000800120bb
core   0: 0x000000008000fece (0xfc442703) lw      a4, -60(s0)
core   0: 3 0x000000008000fece (0xfc442703) x14 0x0000000000000000 mem 0x0000000080031f34
core   0: 0x000000008000fed2 (0x0ff77713) andi    a4, a4, 255
core   0: 3 0x000000008000fed2 (0x0ff77713) x14 0x0000000000000000
core   0: 0x000000008000fed6 (0x00e78023) sb      a4, 0(a5)
core   0: 3 0x000000008000fed6 (0x00e78023) mem 0x00000000800120ba 0x00
core   0: 0x000000008000feda (0xfc843703) ld      a4, -56(s0)
core   0: 3 0x000000008000feda (0xfc843703) x14 0x0000000080012040 mem 0x0000000080031f38
core   0: 0x000000008000fede (0xfb843783) ld      a5, -72(s0)
core   0: 3 0x000000008000fede (0xfb843783) x15 0x000000000000009c mem 0x0000000080031f28
core   0: 0x000000008000fee2 (0x000097ba) c.add   a5, a4
core   0: 3 0x000000008000fee2 (0x97ba) x15 0x00000000800120dc
core   0: 0x000000008000fee4 (0xfe043703) ld      a4, -32(s0)
core   0: 3 0x000000008000fee4 (0xfe043703) x14 0x00000000800120bb mem 0x0000000080031f50
core   0: 0x000000008000fee8 (0xfcf76de3) bltu    a4, a5, pc - 38
core   0: 3 0x000000008000fee8 (0xfcf76de3)
core   0: 0x000000008000fec2 (0xfe043783) ld      a5, -32(s0)
core   0: 3 0x000000008000fec2 (0xfe043783) x15 0x00000000800120bb mem 0x0000000080031f50
core   0: 0x000000008000fec6 (0x00178713) addi    a4, a5, 1
core   0: 3 0x000000008000fec6 (0x00178713) x14 0x00000000800120bc
core   0: 0x000000008000feca (0xfee43023) sd      a4, -32(s0)
core   0: 3 0x000000008000feca (0xfee43023) mem 0x0000000080031f50 0x00000000800120bc
core   0: 0x000000008000fece (0xfc442703) lw      a4, -60(s0)
core   0: 3 0x000000008000fece (0xfc442703) x14 0x0000000000000000 mem 0x0000000080031f34
core   0: 0x000000008000fed2 (0x0ff77713) andi    a4, a4, 255
core   0: 3 0x000000008000fed2 (0x0ff77713) x14 0x0000000000000000
core   0: 0x000000008000fed6 (0x00e78023) sb      a4, 0(a5)
core   0: 3 0x000000008000fed6 (0x00e78023) mem 0x00000000800120bb 0x00
core   0: 0x000000008000feda (0xfc843703) ld      a4, -56(s0)
core   0: 3 0x000000008000feda (0xfc843703) x14 0x0000000080012040 mem 0x0000000080031f38
core   0: 0x000000008000fede (0xfb843783) ld      a5, -72(s0)
core   0: 3 0x000000008000fede (0xfb843783) x15 0x000000000000009c mem 0x0000000080031f28
core   0: 0x000000008000fee2 (0x000097ba) c.add   a5, a4
core   0: 3 0x000000008000fee2 (0x97ba) x15 0x00000000800120dc
core   0: 0x000000008000fee4 (0xfe043703) ld      a4, -32(s0)
core   0: 3 0x000000008000fee4 (0xfe043703) x14 0x00000000800120bc mem 0x0000000080031f50
core   0: 0x000000008000fee8 (0xfcf76de3) bltu    a4, a5, pc - 38
core   0: 3 0x000000008000fee8 (0xfcf76de3)
core   0: 0x000000008000fec2 (0xfe043783) ld      a5, -32(s0)
core   0: 3 0x000000008000fec2 (0xfe043783) x15 0x00000000800120bc mem 0x0000000080031f50
core   0: 0x000000008000fec6 (0x00178713) addi    a4, a5, 1
core   0: 3 0x000000008000fec6 (0x00178713) x14 0x00000000800120bd
core   0: 0x000000008000feca (0xfee43023) sd      a4, -32(s0)
core   0: 3 0x000000008000feca (0xfee43023) mem 0x0000000080031f50 0x00000000800120bd
core   0: 0x000000008000fece (0xfc442703) lw      a4, -60(s0)
core   0: 3 0x000000008000fece (0xfc442703) x14 0x0000000000000000 mem 0x0000000080031f34
core   0: 0x000000008000fed2 (0x0ff77713) andi    a4, a4, 255
core   0: 3 0x000000008000fed2 (0x0ff77713) x14 0x0000000000000000
core   0: 0x000000008000fed6 (0x00e78023) sb      a4, 0(a5)
core   0: 3 0x000000008000fed6 (0x00e78023) mem 0x00000000800120bc 0x00
core   0: 0x000000008000feda (0xfc843703) ld      a4, -56(s0)
core   0: 3 0x000000008000feda (0xfc843703) x14 0x0000000080012040 mem 0x0000000080031f38
core   0: 0x000000008000fede (0xfb843783) ld      a5, -72(s0)
core   0: 3 0x000000008000fede (0xfb843783) x15 0x000000000000009c mem 0x0000000080031f28
core   0: 0x000000008000fee2 (0x000097ba) c.add   a5, a4
core   0: 3 0x000000008000fee2 (0x97ba) x15 0x00000000800120dc
core   0: 0x000000008000fee4 (0xfe043703) ld      a4, -32(s0)
core   0: 3 0x000000008000fee4 (0xfe043703) x14 0x00000000800120bd mem 0x0000000080031f50
core   0: 0x000000008000fee8 (0xfcf76de3) bltu    a4, a5, pc - 38
core   0: 3 0x000000008000fee8 (0xfcf76de3)
core   0: 0x000000008000fec2 (0xfe043783) ld      a5, -32(s0)
core   0: 3 0x000000008000fec2 (0xfe043783) x15 0x00000000800120bd mem 0x0000000080031f50
core   0: 0x000000008000fec6 (0x00178713) addi    a4, a5, 1
core   0: 3 0x000000008000fec6 (0x00178713) x14 0x00000000800120be
core   0: 0x000000008000feca (0xfee43023) sd      a4, -32(s0)
core   0: 3 0x000000008000feca (0xfee43023) mem 0x0000000080031f50 0x00000000800120be
core   0: 0x000000008000fece (0xfc442703) lw      a4, -60(s0)
core   0: 3 0x000000008000fece (0xfc442703) x14 0x0000000000000000 mem 0x0000000080031f34
core   0: 0x000000008000fed2 (0x0ff77713) andi    a4, a4, 255
core   0: 3 0x000000008000fed2 (0x0ff77713) x14 0x0000000000000000
core   0: 0x000000008000fed6 (0x00e78023) sb      a4, 0(a5)
core   0: 3 0x000000008000fed6 (0x00e78023) mem 0x00000000800120bd 0x00
core   0: 0x000000008000feda (0xfc843703) ld      a4, -56(s0)
core   0: 3 0x000000008000feda (0xfc843703) x14 0x0000000080012040 mem 0x0000000080031f38
core   0: 0x000000008000fede (0xfb843783) ld      a5, -72(s0)
core   0: 3 0x000000008000fede (0xfb843783) x15 0x000000000000009c mem 0x0000000080031f28
core   0: 0x000000008000fee2 (0x000097ba) c.add   a5, a4
core   0: 3 0x000000008000fee2 (0x97ba) x15 0x00000000800120dc
core   0: 0x000000008000fee4 (0xfe043703) ld      a4, -32(s0)
core   0: 3 0x000000008000fee4 (0xfe043703) x14 0x00000000800120be mem 0x0000000080031f50
core   0: 0x000000008000fee8 (0xfcf76de3) bltu    a4, a5, pc - 38
core   0: 3 0x000000008000fee8 (0xfcf76de3)
core   0: 0x000000008000fec2 (0xfe043783) ld      a5, -32(s0)
core   0: 3 0x000000008000fec2 (0xfe043783) x15 0x00000000800120be mem 0x0000000080031f50
core   0: 0x000000008000fec6 (0x00178713) addi    a4, a5, 1
core   0: 3 0x000000008000fec6 (0x00178713) x14 0x00000000800120bf
core   0: 0x000000008000feca (0xfee43023) sd      a4, -32(s0)
core   0: 3 0x000000008000feca (0xfee43023) mem 0x0000000080031f50 0x00000000800120bf
core   0: 0x000000008000fece (0xfc442703) lw      a4, -60(s0)
core   0: 3 0x000000008000fece (0xfc442703) x14 0x0000000000000000 mem 0x0000000080031f34
core   0: 0x000000008000fed2 (0x0ff77713) andi    a4, a4, 255
core   0: 3 0x000000008000fed2 (0x0ff77713) x14 0x0000000000000000
core   0: 0x000000008000fed6 (0x00e78023) sb      a4, 0(a5)
core   0: 3 0x000000008000fed6 (0x00e78023) mem 0x00000000800120be 0x00
core   0: 0x000000008000feda (0xfc843703) ld      a4, -56(s0)
core   0: 3 0x000000008000feda (0xfc843703) x14 0x0000000080012040 mem 0x0000000080031f38
core   0: 0x000000008000fede (0xfb843783) ld      a5, -72(s0)
core   0: 3 0x000000008000fede (0xfb843783) x15 0x000000000000009c mem 0x0000000080031f28
core   0: 0x000000008000fee2 (0x000097ba) c.add   a5, a4
core   0: 3 0x000000008000fee2 (0x97ba) x15 0x00000000800120dc
core   0: 0x000000008000fee4 (0xfe043703) ld      a4, -32(s0)
core   0: 3 0x000000008000fee4 (0xfe043703) x14 0x00000000800120bf mem 0x0000000080031f50
core   0: 0x000000008000fee8 (0xfcf76de3) bltu    a4, a5, pc - 38
core   0: 3 0x000000008000fee8 (0xfcf76de3)
core   0: 0x000000008000fec2 (0xfe043783) ld      a5, -32(s0)
core   0: 3 0x000000008000fec2 (0xfe043783) x15 0x00000000800120bf mem 0x0000000080031f50
core   0: 0x000000008000fec6 (0x00178713) addi    a4, a5, 1
core   0: 3 0x000000008000fec6 (0x00178713) x14 0x00000000800120c0
core   0: 0x000000008000feca (0xfee43023) sd      a4, -32(s0)
core   0: 3 0x000000008000feca (0xfee43023) mem 0x0000000080031f50 0x00000000800120c0
core   0: 0x000000008000fece (0xfc442703) lw      a4, -60(s0)
core   0: 3 0x000000008000fece (0xfc442703) x14 0x0000000000000000 mem 0x0000000080031f34
core   0: 0x000000008000fed2 (0x0ff77713) andi    a4, a4, 255
core   0: 3 0x000000008000fed2 (0x0ff77713) x14 0x0000000000000000
core   0: 0x000000008000fed6 (0x00e78023) sb      a4, 0(a5)
core   0: 3 0x000000008000fed6 (0x00e78023) mem 0x00000000800120bf 0x00
core   0: 0x000000008000feda (0xfc843703) ld      a4, -56(s0)
core   0: 3 0x000000008000feda (0xfc843703) x14 0x0000000080012040 mem 0x0000000080031f38
core   0: 0x000000008000fede (0xfb843783) ld      a5, -72(s0)
core   0: 3 0x000000008000fede (0xfb843783) x15 0x000000000000009c mem 0x0000000080031f28
core   0: 0x000000008000fee2 (0x000097ba) c.add   a5, a4
core   0: 3 0x000000008000fee2 (0x97ba) x15 0x00000000800120dc
core   0: 0x000000008000fee4 (0xfe043703) ld      a4, -32(s0)
core   0: 3 0x000000008000fee4 (0xfe043703) x14 0x00000000800120c0 mem 0x0000000080031f50
core   0: 0x000000008000fee8 (0xfcf76de3) bltu    a4, a5, pc - 38
core   0: 3 0x000000008000fee8 (0xfcf76de3)
core   0: 0x000000008000fec2 (0xfe043783) ld      a5, -32(s0)
core   0: 3 0x000000008000fec2 (0xfe043783) x15 0x00000000800120c0 mem 0x0000000080031f50
core   0: 0x000000008000fec6 (0x00178713) addi    a4, a5, 1
core   0: 3 0x000000008000fec6 (0x00178713) x14 0x00000000800120c1
core   0: 0x000000008000feca (0xfee43023) sd      a4, -32(s0)
core   0: 3 0x000000008000feca (0xfee43023) mem 0x0000000080031f50 0x00000000800120c1
core   0: 0x000000008000fece (0xfc442703) lw      a4, -60(s0)
core   0: 3 0x000000008000fece (0xfc442703) x14 0x0000000000000000 mem 0x0000000080031f34
core   0: 0x000000008000fed2 (0x0ff77713) andi    a4, a4, 255
core   0: 3 0x000000008000fed2 (0x0ff77713) x14 0x0000000000000000
core   0: 0x000000008000fed6 (0x00e78023) sb      a4, 0(a5)
core   0: 3 0x000000008000fed6 (0x00e78023) mem 0x00000000800120c0 0x00
core   0: 0x000000008000feda (0xfc843703) ld      a4, -56(s0)
core   0: 3 0x000000008000feda (0xfc843703) x14 0x0000000080012040 mem 0x0000000080031f38
core   0: 0x000000008000fede (0xfb843783) ld      a5, -72(s0)
core   0: 3 0x000000008000fede (0xfb843783) x15 0x000000000000009c mem 0x0000000080031f28
core   0: 0x000000008000fee2 (0x000097ba) c.add   a5, a4
core   0: 3 0x000000008000fee2 (0x97ba) x15 0x00000000800120dc
core   0: 0x000000008000fee4 (0xfe043703) ld      a4, -32(s0)
core   0: 3 0x000000008000fee4 (0xfe043703) x14 0x00000000800120c1 mem 0x0000000080031f50
core   0: 0x000000008000fee8 (0xfcf76de3) bltu    a4, a5, pc - 38
core   0: 3 0x000000008000fee8 (0xfcf76de3)
core   0: 0x000000008000fec2 (0xfe043783) ld      a5, -32(s0)
core   0: 3 0x000000008000fec2 (0xfe043783) x15 0x00000000800120c1 mem 0x0000000080031f50
core   0: 0x000000008000fec6 (0x00178713) addi    a4, a5, 1
core   0: 3 0x000000008000fec6 (0x00178713) x14 0x00000000800120c2
core   0: 0x000000008000feca (0xfee43023) sd      a4, -32(s0)
core   0: 3 0x000000008000feca (0xfee43023) mem 0x0000000080031f50 0x00000000800120c2
core   0: 0x000000008000fece (0xfc442703) lw      a4, -60(s0)
core   0: 3 0x000000008000fece (0xfc442703) x14 0x0000000000000000 mem 0x0000000080031f34
core   0: 0x000000008000fed2 (0x0ff77713) andi    a4, a4, 255
core   0: 3 0x000000008000fed2 (0x0ff77713) x14 0x0000000000000000
core   0: 0x000000008000fed6 (0x00e78023) sb      a4, 0(a5)
core   0: 3 0x000000008000fed6 (0x00e78023) mem 0x00000000800120c1 0x00
core   0: 0x000000008000feda (0xfc843703) ld      a4, -56(s0)
core   0: 3 0x000000008000feda (0xfc843703) x14 0x0000000080012040 mem 0x0000000080031f38
core   0: 0x000000008000fede (0xfb843783) ld      a5, -72(s0)
core   0: 3 0x000000008000fede (0xfb843783) x15 0x000000000000009c mem 0x0000000080031f28
core   0: 0x000000008000fee2 (0x000097ba) c.add   a5, a4
core   0: 3 0x000000008000fee2 (0x97ba) x15 0x00000000800120dc
core   0: 0x000000008000fee4 (0xfe043703) ld      a4, -32(s0)
core   0: 3 0x000000008000fee4 (0xfe043703) x14 0x00000000800120c2 mem 0x0000000080031f50
core   0: 0x000000008000fee8 (0xfcf76de3) bltu    a4, a5, pc - 38
core   0: 3 0x000000008000fee8 (0xfcf76de3)
core   0: 0x000000008000fec2 (0xfe043783) ld      a5, -32(s0)
core   0: 3 0x000000008000fec2 (0xfe043783) x15 0x00000000800120c2 mem 0x0000000080031f50
core   0: 0x000000008000fec6 (0x00178713) addi    a4, a5, 1
core   0: 3 0x000000008000fec6 (0x00178713) x14 0x00000000800120c3
core   0: 0x000000008000feca (0xfee43023) sd      a4, -32(s0)
core   0: 3 0x000000008000feca (0xfee43023) mem 0x0000000080031f50 0x00000000800120c3
core   0: 0x000000008000fece (0xfc442703) lw      a4, -60(s0)
core   0: 3 0x000000008000fece (0xfc442703) x14 0x0000000000000000 mem 0x0000000080031f34
core   0: 0x000000008000fed2 (0x0ff77713) andi    a4, a4, 255
core   0: 3 0x000000008000fed2 (0x0ff77713) x14 0x0000000000000000
core   0: 0x000000008000fed6 (0x00e78023) sb      a4, 0(a5)
core   0: 3 0x000000008000fed6 (0x00e78023) mem 0x00000000800120c2 0x00
core   0: 0x000000008000feda (0xfc843703) ld      a4, -56(s0)
core   0: 3 0x000000008000feda (0xfc843703) x14 0x0000000080012040 mem 0x0000000080031f38
core   0: 0x000000008000fede (0xfb843783) ld      a5, -72(s0)
core   0: 3 0x000000008000fede (0xfb843783) x15 0x000000000000009c mem 0x0000000080031f28
core   0: 0x000000008000fee2 (0x000097ba) c.add   a5, a4
core   0: 3 0x000000008000fee2 (0x97ba) x15 0x00000000800120dc
core   0: 0x000000008000fee4 (0xfe043703) ld      a4, -32(s0)
core   0: 3 0x000000008000fee4 (0xfe043703) x14 0x00000000800120c3 mem 0x0000000080031f50
core   0: 0x000000008000fee8 (0xfcf76de3) bltu    a4, a5, pc - 38
core   0: 3 0x000000008000fee8 (0xfcf76de3)
core   0: 0x000000008000fec2 (0xfe043783) ld      a5, -32(s0)
core   0: 3 0x000000008000fec2 (0xfe043783) x15 0x00000000800120c3 mem 0x0000000080031f50
core   0: 0x000000008000fec6 (0x00178713) addi    a4, a5, 1
core   0: 3 0x000000008000fec6 (0x00178713) x14 0x00000000800120c4
core   0: 0x000000008000feca (0xfee43023) sd      a4, -32(s0)
core   0: 3 0x000000008000feca (0xfee43023) mem 0x0000000080031f50 0x00000000800120c4
core   0: 0x000000008000fece (0xfc442703) lw      a4, -60(s0)
core   0: 3 0x000000008000fece (0xfc442703) x14 0x0000000000000000 mem 0x0000000080031f34
core   0: 0x000000008000fed2 (0x0ff77713) andi    a4, a4, 255
core   0: 3 0x000000008000fed2 (0x0ff77713) x14 0x0000000000000000
core   0: 0x000000008000fed6 (0x00e78023) sb      a4, 0(a5)
core   0: 3 0x000000008000fed6 (0x00e78023) mem 0x00000000800120c3 0x00
core   0: 0x000000008000feda (0xfc843703) ld      a4, -56(s0)
core   0: 3 0x000000008000feda (0xfc843703) x14 0x0000000080012040 mem 0x0000000080031f38
core   0: 0x000000008000fede (0xfb843783) ld      a5, -72(s0)
core   0: 3 0x000000008000fede (0xfb843783) x15 0x000000000000009c mem 0x0000000080031f28
core   0: 0x000000008000fee2 (0x000097ba) c.add   a5, a4
core   0: 3 0x000000008000fee2 (0x97ba) x15 0x00000000800120dc
core   0: 0x000000008000fee4 (0xfe043703) ld      a4, -32(s0)
core   0: 3 0x000000008000fee4 (0xfe043703) x14 0x00000000800120c4 mem 0x0000000080031f50
core   0: 0x000000008000fee8 (0xfcf76de3) bltu    a4, a5, pc - 38
core   0: 3 0x000000008000fee8 (0xfcf76de3)
core   0: 0x000000008000fec2 (0xfe043783) ld      a5, -32(s0)
core   0: 3 0x000000008000fec2 (0xfe043783) x15 0x00000000800120c4 mem 0x0000000080031f50
core   0: 0x000000008000fec6 (0x00178713) addi    a4, a5, 1
core   0: 3 0x000000008000fec6 (0x00178713) x14 0x00000000800120c5
core   0: 0x000000008000feca (0xfee43023) sd      a4, -32(s0)
core   0: 3 0x000000008000feca (0xfee43023) mem 0x0000000080031f50 0x00000000800120c5
core   0: 0x000000008000fece (0xfc442703) lw      a4, -60(s0)
core   0: 3 0x000000008000fece (0xfc442703) x14 0x0000000000000000 mem 0x0000000080031f34
core   0: 0x000000008000fed2 (0x0ff77713) andi    a4, a4, 255
core   0: 3 0x000000008000fed2 (0x0ff77713) x14 0x0000000000000000
core   0: 0x000000008000fed6 (0x00e78023) sb      a4, 0(a5)
core   0: 3 0x000000008000fed6 (0x00e78023) mem 0x00000000800120c4 0x00
core   0: 0x000000008000feda (0xfc843703) ld      a4, -56(s0)
core   0: 3 0x000000008000feda (0xfc843703) x14 0x0000000080012040 mem 0x0000000080031f38
core   0: 0x000000008000fede (0xfb843783) ld      a5, -72(s0)
core   0: 3 0x000000008000fede (0xfb843783) x15 0x000000000000009c mem 0x0000000080031f28
core   0: 0x000000008000fee2 (0x000097ba) c.add   a5, a4
core   0: 3 0x000000008000fee2 (0x97ba) x15 0x00000000800120dc
core   0: 0x000000008000fee4 (0xfe043703) ld      a4, -32(s0)
core   0: 3 0x000000008000fee4 (0xfe043703) x14 0x00000000800120c5 mem 0x0000000080031f50
core   0: 0x000000008000fee8 (0xfcf76de3) bltu    a4, a5, pc - 38
core   0: 3 0x000000008000fee8 (0xfcf76de3)
core   0: 0x000000008000fec2 (0xfe043783) ld      a5, -32(s0)
core   0: 3 0x000000008000fec2 (0xfe043783) x15 0x00000000800120c5 mem 0x0000000080031f50
core   0: 0x000000008000fec6 (0x00178713) addi    a4, a5, 1
core   0: 3 0x000000008000fec6 (0x00178713) x14 0x00000000800120c6
core   0: 0x000000008000feca (0xfee43023) sd      a4, -32(s0)
core   0: 3 0x000000008000feca (0xfee43023) mem 0x0000000080031f50 0x00000000800120c6
core   0: 0x000000008000fece (0xfc442703) lw      a4, -60(s0)
core   0: 3 0x000000008000fece (0xfc442703) x14 0x0000000000000000 mem 0x0000000080031f34
core   0: 0x000000008000fed2 (0x0ff77713) andi    a4, a4, 255
core   0: 3 0x000000008000fed2 (0x0ff77713) x14 0x0000000000000000
core   0: 0x000000008000fed6 (0x00e78023) sb      a4, 0(a5)
core   0: 3 0x000000008000fed6 (0x00e78023) mem 0x00000000800120c5 0x00
core   0: 0x000000008000feda (0xfc843703) ld      a4, -56(s0)
core   0: 3 0x000000008000feda (0xfc843703) x14 0x0000000080012040 mem 0x0000000080031f38
core   0: 0x000000008000fede (0xfb843783) ld      a5, -72(s0)
core   0: 3 0x000000008000fede (0xfb843783) x15 0x000000000000009c mem 0x0000000080031f28
core   0: 0x000000008000fee2 (0x000097ba) c.add   a5, a4
core   0: 3 0x000000008000fee2 (0x97ba) x15 0x00000000800120dc
core   0: 0x000000008000fee4 (0xfe043703) ld      a4, -32(s0)
core   0: 3 0x000000008000fee4 (0xfe043703) x14 0x00000000800120c6 mem 0x0000000080031f50
core   0: 0x000000008000fee8 (0xfcf76de3) bltu    a4, a5, pc - 38
core   0: 3 0x000000008000fee8 (0xfcf76de3)
core   0: 0x000000008000fec2 (0xfe043783) ld      a5, -32(s0)
core   0: 3 0x000000008000fec2 (0xfe043783) x15 0x00000000800120c6 mem 0x0000000080031f50
core   0: 0x000000008000fec6 (0x00178713) addi    a4, a5, 1
core   0: 3 0x000000008000fec6 (0x00178713) x14 0x00000000800120c7
core   0: 0x000000008000feca (0xfee43023) sd      a4, -32(s0)
core   0: 3 0x000000008000feca (0xfee43023) mem 0x0000000080031f50 0x00000000800120c7
core   0: 0x000000008000fece (0xfc442703) lw      a4, -60(s0)
core   0: 3 0x000000008000fece (0xfc442703) x14 0x0000000000000000 mem 0x0000000080031f34
core   0: 0x000000008000fed2 (0x0ff77713) andi    a4, a4, 255
core   0: 3 0x000000008000fed2 (0x0ff77713) x14 0x0000000000000000
core   0: 0x000000008000fed6 (0x00e78023) sb      a4, 0(a5)
core   0: 3 0x000000008000fed6 (0x00e78023) mem 0x00000000800120c6 0x00
core   0: 0x000000008000feda (0xfc843703) ld      a4, -56(s0)
core   0: 3 0x000000008000feda (0xfc843703) x14 0x0000000080012040 mem 0x0000000080031f38
core   0: 0x000000008000fede (0xfb843783) ld      a5, -72(s0)
core   0: 3 0x000000008000fede (0xfb843783) x15 0x000000000000009c mem 0x0000000080031f28
core   0: 0x000000008000fee2 (0x000097ba) c.add   a5, a4
core   0: 3 0x000000008000fee2 (0x97ba) x15 0x00000000800120dc
core   0: 0x000000008000fee4 (0xfe043703) ld      a4, -32(s0)
core   0: 3 0x000000008000fee4 (0xfe043703) x14 0x00000000800120c7 mem 0x0000000080031f50
core   0: 0x000000008000fee8 (0xfcf76de3) bltu    a4, a5, pc - 38
core   0: 3 0x000000008000fee8 (0xfcf76de3)
core   0: 0x000000008000fec2 (0xfe043783) ld      a5, -32(s0)
core   0: 3 0x000000008000fec2 (0xfe043783) x15 0x00000000800120c7 mem 0x0000000080031f50
core   0: 0x000000008000fec6 (0x00178713) addi    a4, a5, 1
core   0: 3 0x000000008000fec6 (0x00178713) x14 0x00000000800120c8
core   0: 0x000000008000feca (0xfee43023) sd      a4, -32(s0)
core   0: 3 0x000000008000feca (0xfee43023) mem 0x0000000080031f50 0x00000000800120c8
core   0: 0x000000008000fece (0xfc442703) lw      a4, -60(s0)
core   0: 3 0x000000008000fece (0xfc442703) x14 0x0000000000000000 mem 0x0000000080031f34
core   0: 0x000000008000fed2 (0x0ff77713) andi    a4, a4, 255
core   0: 3 0x000000008000fed2 (0x0ff77713) x14 0x0000000000000000
core   0: 0x000000008000fed6 (0x00e78023) sb      a4, 0(a5)
core   0: 3 0x000000008000fed6 (0x00e78023) mem 0x00000000800120c7 0x00
core   0: 0x000000008000feda (0xfc843703) ld      a4, -56(s0)
core   0: 3 0x000000008000feda (0xfc843703) x14 0x0000000080012040 mem 0x0000000080031f38
core   0: 0x000000008000fede (0xfb843783) ld      a5, -72(s0)
core   0: 3 0x000000008000fede (0xfb843783) x15 0x000000000000009c mem 0x0000000080031f28
core   0: 0x000000008000fee2 (0x000097ba) c.add   a5, a4
core   0: 3 0x000000008000fee2 (0x97ba) x15 0x00000000800120dc
core   0: 0x000000008000fee4 (0xfe043703) ld      a4, -32(s0)
core   0: 3 0x000000008000fee4 (0xfe043703) x14 0x00000000800120c8 mem 0x0000000080031f50
core   0: 0x000000008000fee8 (0xfcf76de3) bltu    a4, a5, pc - 38
core   0: 3 0x000000008000fee8 (0xfcf76de3)
core   0: 0x000000008000fec2 (0xfe043783) ld      a5, -32(s0)
core   0: 3 0x000000008000fec2 (0xfe043783) x15 0x00000000800120c8 mem 0x0000000080031f50
core   0: 0x000000008000fec6 (0x00178713) addi    a4, a5, 1
core   0: 3 0x000000008000fec6 (0x00178713) x14 0x00000000800120c9
core   0: 0x000000008000feca (0xfee43023) sd      a4, -32(s0)
core   0: 3 0x000000008000feca (0xfee43023) mem 0x0000000080031f50 0x00000000800120c9
core   0: 0x000000008000fece (0xfc442703) lw      a4, -60(s0)
core   0: 3 0x000000008000fece (0xfc442703) x14 0x0000000000000000 mem 0x0000000080031f34
core   0: 0x000000008000fed2 (0x0ff77713) andi    a4, a4, 255
core   0: 3 0x000000008000fed2 (0x0ff77713) x14 0x0000000000000000
core   0: 0x000000008000fed6 (0x00e78023) sb      a4, 0(a5)
core   0: 3 0x000000008000fed6 (0x00e78023) mem 0x00000000800120c8 0x00
core   0: 0x000000008000feda (0xfc843703) ld      a4, -56(s0)
core   0: 3 0x000000008000feda (0xfc843703) x14 0x0000000080012040 mem 0x0000000080031f38
core   0: 0x000000008000fede (0xfb843783) ld      a5, -72(s0)
core   0: 3 0x000000008000fede (0xfb843783) x15 0x000000000000009c mem 0x0000000080031f28
core   0: 0x000000008000fee2 (0x000097ba) c.add   a5, a4
core   0: 3 0x000000008000fee2 (0x97ba) x15 0x00000000800120dc
core   0: 0x000000008000fee4 (0xfe043703) ld      a4, -32(s0)
core   0: 3 0x000000008000fee4 (0xfe043703) x14 0x00000000800120c9 mem 0x0000000080031f50
core   0: 0x000000008000fee8 (0xfcf76de3) bltu    a4, a5, pc - 38
core   0: 3 0x000000008000fee8 (0xfcf76de3)
core   0: 0x000000008000fec2 (0xfe043783) ld      a5, -32(s0)
core   0: 3 0x000000008000fec2 (0xfe043783) x15 0x00000000800120c9 mem 0x0000000080031f50
core   0: 0x000000008000fec6 (0x00178713) addi    a4, a5, 1
core   0: 3 0x000000008000fec6 (0x00178713) x14 0x00000000800120ca
core   0: 0x000000008000feca (0xfee43023) sd      a4, -32(s0)
core   0: 3 0x000000008000feca (0xfee43023) mem 0x0000000080031f50 0x00000000800120ca
core   0: 0x000000008000fece (0xfc442703) lw      a4, -60(s0)
core   0: 3 0x000000008000fece (0xfc442703) x14 0x0000000000000000 mem 0x0000000080031f34
core   0: 0x000000008000fed2 (0x0ff77713) andi    a4, a4, 255
core   0: 3 0x000000008000fed2 (0x0ff77713) x14 0x0000000000000000
core   0: 0x000000008000fed6 (0x00e78023) sb      a4, 0(a5)
core   0: 3 0x000000008000fed6 (0x00e78023) mem 0x00000000800120c9 0x00
core   0: 0x000000008000feda (0xfc843703) ld      a4, -56(s0)
core   0: 3 0x000000008000feda (0xfc843703) x14 0x0000000080012040 mem 0x0000000080031f38
core   0: 0x000000008000fede (0xfb843783) ld      a5, -72(s0)
core   0: 3 0x000000008000fede (0xfb843783) x15 0x000000000000009c mem 0x0000000080031f28
core   0: 0x000000008000fee2 (0x000097ba) c.add   a5, a4
core   0: 3 0x000000008000fee2 (0x97ba) x15 0x00000000800120dc
core   0: 0x000000008000fee4 (0xfe043703) ld      a4, -32(s0)
core   0: 3 0x000000008000fee4 (0xfe043703) x14 0x00000000800120ca mem 0x0000000080031f50
core   0: 0x000000008000fee8 (0xfcf76de3) bltu    a4, a5, pc - 38
core   0: 3 0x000000008000fee8 (0xfcf76de3)
core   0: 0x000000008000fec2 (0xfe043783) ld      a5, -32(s0)
core   0: 3 0x000000008000fec2 (0xfe043783) x15 0x00000000800120ca mem 0x0000000080031f50
core   0: 0x000000008000fec6 (0x00178713) addi    a4, a5, 1
core   0: 3 0x000000008000fec6 (0x00178713) x14 0x00000000800120cb
core   0: 0x000000008000feca (0xfee43023) sd      a4, -32(s0)
core   0: 3 0x000000008000feca (0xfee43023) mem 0x0000000080031f50 0x00000000800120cb
core   0: 0x000000008000fece (0xfc442703) lw      a4, -60(s0)
core   0: 3 0x000000008000fece (0xfc442703) x14 0x0000000000000000 mem 0x0000000080031f34
core   0: 0x000000008000fed2 (0x0ff77713) andi    a4, a4, 255
core   0: 3 0x000000008000fed2 (0x0ff77713) x14 0x0000000000000000
core   0: 0x000000008000fed6 (0x00e78023) sb      a4, 0(a5)
core   0: 3 0x000000008000fed6 (0x00e78023) mem 0x00000000800120ca 0x00
core   0: 0x000000008000feda (0xfc843703) ld      a4, -56(s0)
core   0: 3 0x000000008000feda (0xfc843703) x14 0x0000000080012040 mem 0x0000000080031f38
core   0: 0x000000008000fede (0xfb843783) ld      a5, -72(s0)
core   0: 3 0x000000008000fede (0xfb843783) x15 0x000000000000009c mem 0x0000000080031f28
core   0: 0x000000008000fee2 (0x000097ba) c.add   a5, a4
core   0: 3 0x000000008000fee2 (0x97ba) x15 0x00000000800120dc
core   0: 0x000000008000fee4 (0xfe043703) ld      a4, -32(s0)
core   0: 3 0x000000008000fee4 (0xfe043703) x14 0x00000000800120cb mem 0x0000000080031f50
core   0: 0x000000008000fee8 (0xfcf76de3) bltu    a4, a5, pc - 38
core   0: 3 0x000000008000fee8 (0xfcf76de3)
core   0: 0x000000008000fec2 (0xfe043783) ld      a5, -32(s0)
core   0: 3 0x000000008000fec2 (0xfe043783) x15 0x00000000800120cb mem 0x0000000080031f50
core   0: 0x000000008000fec6 (0x00178713) addi    a4, a5, 1
core   0: 3 0x000000008000fec6 (0x00178713) x14 0x00000000800120cc
core   0: 0x000000008000feca (0xfee43023) sd      a4, -32(s0)
core   0: 3 0x000000008000feca (0xfee43023) mem 0x0000000080031f50 0x00000000800120cc
core   0: 0x000000008000fece (0xfc442703) lw      a4, -60(s0)
core   0: 3 0x000000008000fece (0xfc442703) x14 0x0000000000000000 mem 0x0000000080031f34
core   0: 0x000000008000fed2 (0x0ff77713) andi    a4, a4, 255
core   0: 3 0x000000008000fed2 (0x0ff77713) x14 0x0000000000000000
core   0: 0x000000008000fed6 (0x00e78023) sb      a4, 0(a5)
core   0: 3 0x000000008000fed6 (0x00e78023) mem 0x00000000800120cb 0x00
core   0: 0x000000008000feda (0xfc843703) ld      a4, -56(s0)
core   0: 3 0x000000008000feda (0xfc843703) x14 0x0000000080012040 mem 0x0000000080031f38
core   0: 0x000000008000fede (0xfb843783) ld      a5, -72(s0)
core   0: 3 0x000000008000fede (0xfb843783) x15 0x000000000000009c mem 0x0000000080031f28
core   0: 0x000000008000fee2 (0x000097ba) c.add   a5, a4
core   0: 3 0x000000008000fee2 (0x97ba) x15 0x00000000800120dc
core   0: 0x000000008000fee4 (0xfe043703) ld      a4, -32(s0)
core   0: 3 0x000000008000fee4 (0xfe043703) x14 0x00000000800120cc mem 0x0000000080031f50
core   0: 0x000000008000fee8 (0xfcf76de3) bltu    a4, a5, pc - 38
core   0: 3 0x000000008000fee8 (0xfcf76de3)
core   0: 0x000000008000fec2 (0xfe043783) ld      a5, -32(s0)
core   0: 3 0x000000008000fec2 (0xfe043783) x15 0x00000000800120cc mem 0x0000000080031f50
core   0: 0x000000008000fec6 (0x00178713) addi    a4, a5, 1
core   0: 3 0x000000008000fec6 (0x00178713) x14 0x00000000800120cd
core   0: 0x000000008000feca (0xfee43023) sd      a4, -32(s0)
core   0: 3 0x000000008000feca (0xfee43023) mem 0x0000000080031f50 0x00000000800120cd
core   0: 0x000000008000fece (0xfc442703) lw      a4, -60(s0)
core   0: 3 0x000000008000fece (0xfc442703) x14 0x0000000000000000 mem 0x0000000080031f34
core   0: 0x000000008000fed2 (0x0ff77713) andi    a4, a4, 255
core   0: 3 0x000000008000fed2 (0x0ff77713) x14 0x0000000000000000
core   0: 0x000000008000fed6 (0x00e78023) sb      a4, 0(a5)
core   0: 3 0x000000008000fed6 (0x00e78023) mem 0x00000000800120cc 0x00
core   0: 0x000000008000feda (0xfc843703) ld      a4, -56(s0)
core   0: 3 0x000000008000feda (0xfc843703) x14 0x0000000080012040 mem 0x0000000080031f38
core   0: 0x000000008000fede (0xfb843783) ld      a5, -72(s0)
core   0: 3 0x000000008000fede (0xfb843783) x15 0x000000000000009c mem 0x0000000080031f28
core   0: 0x000000008000fee2 (0x000097ba) c.add   a5, a4
core   0: 3 0x000000008000fee2 (0x97ba) x15 0x00000000800120dc
core   0: 0x000000008000fee4 (0xfe043703) ld      a4, -32(s0)
core   0: 3 0x000000008000fee4 (0xfe043703) x14 0x00000000800120cd mem 0x0000000080031f50
core   0: 0x000000008000fee8 (0xfcf76de3) bltu    a4, a5, pc - 38
core   0: 3 0x000000008000fee8 (0xfcf76de3)
core   0: 0x000000008000fec2 (0xfe043783) ld      a5, -32(s0)
core   0: 3 0x000000008000fec2 (0xfe043783) x15 0x00000000800120cd mem 0x0000000080031f50
core   0: 0x000000008000fec6 (0x00178713) addi    a4, a5, 1
core   0: 3 0x000000008000fec6 (0x00178713) x14 0x00000000800120ce
core   0: 0x000000008000feca (0xfee43023) sd      a4, -32(s0)
core   0: 3 0x000000008000feca (0xfee43023) mem 0x0000000080031f50 0x00000000800120ce
core   0: 0x000000008000fece (0xfc442703) lw      a4, -60(s0)
core   0: 3 0x000000008000fece (0xfc442703) x14 0x0000000000000000 mem 0x0000000080031f34
core   0: 0x000000008000fed2 (0x0ff77713) andi    a4, a4, 255
core   0: 3 0x000000008000fed2 (0x0ff77713) x14 0x0000000000000000
core   0: 0x000000008000fed6 (0x00e78023) sb      a4, 0(a5)
core   0: 3 0x000000008000fed6 (0x00e78023) mem 0x00000000800120cd 0x00
core   0: 0x000000008000feda (0xfc843703) ld      a4, -56(s0)
core   0: 3 0x000000008000feda (0xfc843703) x14 0x0000000080012040 mem 0x0000000080031f38
core   0: 0x000000008000fede (0xfb843783) ld      a5, -72(s0)
core   0: 3 0x000000008000fede (0xfb843783) x15 0x000000000000009c mem 0x0000000080031f28
core   0: 0x000000008000fee2 (0x000097ba) c.add   a5, a4
core   0: 3 0x000000008000fee2 (0x97ba) x15 0x00000000800120dc
core   0: 0x000000008000fee4 (0xfe043703) ld      a4, -32(s0)
core   0: 3 0x000000008000fee4 (0xfe043703) x14 0x00000000800120ce mem 0x0000000080031f50
core   0: 0x000000008000fee8 (0xfcf76de3) bltu    a4, a5, pc - 38
core   0: 3 0x000000008000fee8 (0xfcf76de3)
core   0: 0x000000008000fec2 (0xfe043783) ld      a5, -32(s0)
core   0: 3 0x000000008000fec2 (0xfe043783) x15 0x00000000800120ce mem 0x0000000080031f50
core   0: 0x000000008000fec6 (0x00178713) addi    a4, a5, 1
core   0: 3 0x000000008000fec6 (0x00178713) x14 0x00000000800120cf
core   0: 0x000000008000feca (0xfee43023) sd      a4, -32(s0)
core   0: 3 0x000000008000feca (0xfee43023) mem 0x0000000080031f50 0x00000000800120cf
core   0: 0x000000008000fece (0xfc442703) lw      a4, -60(s0)
core   0: 3 0x000000008000fece (0xfc442703) x14 0x0000000000000000 mem 0x0000000080031f34
core   0: 0x000000008000fed2 (0x0ff77713) andi    a4, a4, 255
core   0: 3 0x000000008000fed2 (0x0ff77713) x14 0x0000000000000000
core   0: 0x000000008000fed6 (0x00e78023) sb      a4, 0(a5)
core   0: 3 0x000000008000fed6 (0x00e78023) mem 0x00000000800120ce 0x00
core   0: 0x000000008000feda (0xfc843703) ld      a4, -56(s0)
core   0: 3 0x000000008000feda (0xfc843703) x14 0x0000000080012040 mem 0x0000000080031f38
core   0: 0x000000008000fede (0xfb843783) ld      a5, -72(s0)
core   0: 3 0x000000008000fede (0xfb843783) x15 0x000000000000009c mem 0x0000000080031f28
core   0: 0x000000008000fee2 (0x000097ba) c.add   a5, a4
core   0: 3 0x000000008000fee2 (0x97ba) x15 0x00000000800120dc
core   0: 0x000000008000fee4 (0xfe043703) ld      a4, -32(s0)
core   0: 3 0x000000008000fee4 (0xfe043703) x14 0x00000000800120cf mem 0x0000000080031f50
core   0: 0x000000008000fee8 (0xfcf76de3) bltu    a4, a5, pc - 38
core   0: 3 0x000000008000fee8 (0xfcf76de3)
core   0: 0x000000008000fec2 (0xfe043783) ld      a5, -32(s0)
core   0: 3 0x000000008000fec2 (0xfe043783) x15 0x00000000800120cf mem 0x0000000080031f50
core   0: 0x000000008000fec6 (0x00178713) addi    a4, a5, 1
core   0: 3 0x000000008000fec6 (0x00178713) x14 0x00000000800120d0
core   0: 0x000000008000feca (0xfee43023) sd      a4, -32(s0)
core   0: 3 0x000000008000feca (0xfee43023) mem 0x0000000080031f50 0x00000000800120d0
core   0: 0x000000008000fece (0xfc442703) lw      a4, -60(s0)
core   0: 3 0x000000008000fece (0xfc442703) x14 0x0000000000000000 mem 0x0000000080031f34
core   0: 0x000000008000fed2 (0x0ff77713) andi    a4, a4, 255
core   0: 3 0x000000008000fed2 (0x0ff77713) x14 0x0000000000000000
core   0: 0x000000008000fed6 (0x00e78023) sb      a4, 0(a5)
core   0: 3 0x000000008000fed6 (0x00e78023) mem 0x00000000800120cf 0x00
core   0: 0x000000008000feda (0xfc843703) ld      a4, -56(s0)
core   0: 3 0x000000008000feda (0xfc843703) x14 0x0000000080012040 mem 0x0000000080031f38
core   0: 0x000000008000fede (0xfb843783) ld      a5, -72(s0)
core   0: 3 0x000000008000fede (0xfb843783) x15 0x000000000000009c mem 0x0000000080031f28
core   0: 0x000000008000fee2 (0x000097ba) c.add   a5, a4
core   0: 3 0x000000008000fee2 (0x97ba) x15 0x00000000800120dc
core   0: 0x000000008000fee4 (0xfe043703) ld      a4, -32(s0)
core   0: 3 0x000000008000fee4 (0xfe043703) x14 0x00000000800120d0 mem 0x0000000080031f50
core   0: 0x000000008000fee8 (0xfcf76de3) bltu    a4, a5, pc - 38
core   0: 3 0x000000008000fee8 (0xfcf76de3)
core   0: 0x000000008000fec2 (0xfe043783) ld      a5, -32(s0)
core   0: 3 0x000000008000fec2 (0xfe043783) x15 0x00000000800120d0 mem 0x0000000080031f50
core   0: 0x000000008000fec6 (0x00178713) addi    a4, a5, 1
core   0: 3 0x000000008000fec6 (0x00178713) x14 0x00000000800120d1
core   0: 0x000000008000feca (0xfee43023) sd      a4, -32(s0)
core   0: 3 0x000000008000feca (0xfee43023) mem 0x0000000080031f50 0x00000000800120d1
core   0: 0x000000008000fece (0xfc442703) lw      a4, -60(s0)
core   0: 3 0x000000008000fece (0xfc442703) x14 0x0000000000000000 mem 0x0000000080031f34
core   0: 0x000000008000fed2 (0x0ff77713) andi    a4, a4, 255
core   0: 3 0x000000008000fed2 (0x0ff77713) x14 0x0000000000000000
core   0: 0x000000008000fed6 (0x00e78023) sb      a4, 0(a5)
core   0: 3 0x000000008000fed6 (0x00e78023) mem 0x00000000800120d0 0x00
core   0: 0x000000008000feda (0xfc843703) ld      a4, -56(s0)
core   0: 3 0x000000008000feda (0xfc843703) x14 0x0000000080012040 mem 0x0000000080031f38
core   0: 0x000000008000fede (0xfb843783) ld      a5, -72(s0)
core   0: 3 0x000000008000fede (0xfb843783) x15 0x000000000000009c mem 0x0000000080031f28
core   0: 0x000000008000fee2 (0x000097ba) c.add   a5, a4
core   0: 3 0x000000008000fee2 (0x97ba) x15 0x00000000800120dc
core   0: 0x000000008000fee4 (0xfe043703) ld      a4, -32(s0)
core   0: 3 0x000000008000fee4 (0xfe043703) x14 0x00000000800120d1 mem 0x0000000080031f50
core   0: 0x000000008000fee8 (0xfcf76de3) bltu    a4, a5, pc - 38
core   0: 3 0x000000008000fee8 (0xfcf76de3)
core   0: 0x000000008000fec2 (0xfe043783) ld      a5, -32(s0)
core   0: 3 0x000000008000fec2 (0xfe043783) x15 0x00000000800120d1 mem 0x0000000080031f50
core   0: 0x000000008000fec6 (0x00178713) addi    a4, a5, 1
core   0: 3 0x000000008000fec6 (0x00178713) x14 0x00000000800120d2
core   0: 0x000000008000feca (0xfee43023) sd      a4, -32(s0)
core   0: 3 0x000000008000feca (0xfee43023) mem 0x0000000080031f50 0x00000000800120d2
core   0: 0x000000008000fece (0xfc442703) lw      a4, -60(s0)
core   0: 3 0x000000008000fece (0xfc442703) x14 0x0000000000000000 mem 0x0000000080031f34
core   0: 0x000000008000fed2 (0x0ff77713) andi    a4, a4, 255
core   0: 3 0x000000008000fed2 (0x0ff77713) x14 0x0000000000000000
core   0: 0x000000008000fed6 (0x00e78023) sb      a4, 0(a5)
core   0: 3 0x000000008000fed6 (0x00e78023) mem 0x00000000800120d1 0x00
core   0: 0x000000008000feda (0xfc843703) ld      a4, -56(s0)
core   0: 3 0x000000008000feda (0xfc843703) x14 0x0000000080012040 mem 0x0000000080031f38
core   0: 0x000000008000fede (0xfb843783) ld      a5, -72(s0)
core   0: 3 0x000000008000fede (0xfb843783) x15 0x000000000000009c mem 0x0000000080031f28
core   0: 0x000000008000fee2 (0x000097ba) c.add   a5, a4
core   0: 3 0x000000008000fee2 (0x97ba) x15 0x00000000800120dc
core   0: 0x000000008000fee4 (0xfe043703) ld      a4, -32(s0)
core   0: 3 0x000000008000fee4 (0xfe043703) x14 0x00000000800120d2 mem 0x0000000080031f50
core   0: 0x000000008000fee8 (0xfcf76de3) bltu    a4, a5, pc - 38
core   0: 3 0x000000008000fee8 (0xfcf76de3)
core   0: 0x000000008000fec2 (0xfe043783) ld      a5, -32(s0)
core   0: 3 0x000000008000fec2 (0xfe043783) x15 0x00000000800120d2 mem 0x0000000080031f50
core   0: 0x000000008000fec6 (0x00178713) addi    a4, a5, 1
core   0: 3 0x000000008000fec6 (0x00178713) x14 0x00000000800120d3
core   0: 0x000000008000feca (0xfee43023) sd      a4, -32(s0)
core   0: 3 0x000000008000feca (0xfee43023) mem 0x0000000080031f50 0x00000000800120d3
core   0: 0x000000008000fece (0xfc442703) lw      a4, -60(s0)
core   0: 3 0x000000008000fece (0xfc442703) x14 0x0000000000000000 mem 0x0000000080031f34
core   0: 0x000000008000fed2 (0x0ff77713) andi    a4, a4, 255
core   0: 3 0x000000008000fed2 (0x0ff77713) x14 0x0000000000000000
core   0: 0x000000008000fed6 (0x00e78023) sb      a4, 0(a5)
core   0: 3 0x000000008000fed6 (0x00e78023) mem 0x00000000800120d2 0x00
core   0: 0x000000008000feda (0xfc843703) ld      a4, -56(s0)
core   0: 3 0x000000008000feda (0xfc843703) x14 0x0000000080012040 mem 0x0000000080031f38
core   0: 0x000000008000fede (0xfb843783) ld      a5, -72(s0)
core   0: 3 0x000000008000fede (0xfb843783) x15 0x000000000000009c mem 0x0000000080031f28
core   0: 0x000000008000fee2 (0x000097ba) c.add   a5, a4
core   0: 3 0x000000008000fee2 (0x97ba) x15 0x00000000800120dc
core   0: 0x000000008000fee4 (0xfe043703) ld      a4, -32(s0)
core   0: 3 0x000000008000fee4 (0xfe043703) x14 0x00000000800120d3 mem 0x0000000080031f50
core   0: 0x000000008000fee8 (0xfcf76de3) bltu    a4, a5, pc - 38
core   0: 3 0x000000008000fee8 (0xfcf76de3)
core   0: 0x000000008000fec2 (0xfe043783) ld      a5, -32(s0)
core   0: 3 0x000000008000fec2 (0xfe043783) x15 0x00000000800120d3 mem 0x0000000080031f50
core   0: 0x000000008000fec6 (0x00178713) addi    a4, a5, 1
core   0: 3 0x000000008000fec6 (0x00178713) x14 0x00000000800120d4
core   0: 0x000000008000feca (0xfee43023) sd      a4, -32(s0)
core   0: 3 0x000000008000feca (0xfee43023) mem 0x0000000080031f50 0x00000000800120d4
core   0: 0x000000008000fece (0xfc442703) lw      a4, -60(s0)
core   0: 3 0x000000008000fece (0xfc442703) x14 0x0000000000000000 mem 0x0000000080031f34
core   0: 0x000000008000fed2 (0x0ff77713) andi    a4, a4, 255
core   0: 3 0x000000008000fed2 (0x0ff77713) x14 0x0000000000000000
core   0: 0x000000008000fed6 (0x00e78023) sb      a4, 0(a5)
core   0: 3 0x000000008000fed6 (0x00e78023) mem 0x00000000800120d3 0x00
core   0: 0x000000008000feda (0xfc843703) ld      a4, -56(s0)
core   0: 3 0x000000008000feda (0xfc843703) x14 0x0000000080012040 mem 0x0000000080031f38
core   0: 0x000000008000fede (0xfb843783) ld      a5, -72(s0)
core   0: 3 0x000000008000fede (0xfb843783) x15 0x000000000000009c mem 0x0000000080031f28
core   0: 0x000000008000fee2 (0x000097ba) c.add   a5, a4
core   0: 3 0x000000008000fee2 (0x97ba) x15 0x00000000800120dc
core   0: 0x000000008000fee4 (0xfe043703) ld      a4, -32(s0)
core   0: 3 0x000000008000fee4 (0xfe043703) x14 0x00000000800120d4 mem 0x0000000080031f50
core   0: 0x000000008000fee8 (0xfcf76de3) bltu    a4, a5, pc - 38
core   0: 3 0x000000008000fee8 (0xfcf76de3)
core   0: 0x000000008000fec2 (0xfe043783) ld      a5, -32(s0)
core   0: 3 0x000000008000fec2 (0xfe043783) x15 0x00000000800120d4 mem 0x0000000080031f50
core   0: 0x000000008000fec6 (0x00178713) addi    a4, a5, 1
core   0: 3 0x000000008000fec6 (0x00178713) x14 0x00000000800120d5
core   0: 0x000000008000feca (0xfee43023) sd      a4, -32(s0)
core   0: 3 0x000000008000feca (0xfee43023) mem 0x0000000080031f50 0x00000000800120d5
core   0: 0x000000008000fece (0xfc442703) lw      a4, -60(s0)
core   0: 3 0x000000008000fece (0xfc442703) x14 0x0000000000000000 mem 0x0000000080031f34
core   0: 0x000000008000fed2 (0x0ff77713) andi    a4, a4, 255
core   0: 3 0x000000008000fed2 (0x0ff77713) x14 0x0000000000000000
core   0: 0x000000008000fed6 (0x00e78023) sb      a4, 0(a5)
core   0: 3 0x000000008000fed6 (0x00e78023) mem 0x00000000800120d4 0x00
core   0: 0x000000008000feda (0xfc843703) ld      a4, -56(s0)
core   0: 3 0x000000008000feda (0xfc843703) x14 0x0000000080012040 mem 0x0000000080031f38
core   0: 0x000000008000fede (0xfb843783) ld      a5, -72(s0)
core   0: 3 0x000000008000fede (0xfb843783) x15 0x000000000000009c mem 0x0000000080031f28
core   0: 0x000000008000fee2 (0x000097ba) c.add   a5, a4
core   0: 3 0x000000008000fee2 (0x97ba) x15 0x00000000800120dc
core   0: 0x000000008000fee4 (0xfe043703) ld      a4, -32(s0)
core   0: 3 0x000000008000fee4 (0xfe043703) x14 0x00000000800120d5 mem 0x0000000080031f50
core   0: 0x000000008000fee8 (0xfcf76de3) bltu    a4, a5, pc - 38
core   0: 3 0x000000008000fee8 (0xfcf76de3)
core   0: 0x000000008000fec2 (0xfe043783) ld      a5, -32(s0)
core   0: 3 0x000000008000fec2 (0xfe043783) x15 0x00000000800120d5 mem 0x0000000080031f50
core   0: 0x000000008000fec6 (0x00178713) addi    a4, a5, 1
core   0: 3 0x000000008000fec6 (0x00178713) x14 0x00000000800120d6
core   0: 0x000000008000feca (0xfee43023) sd      a4, -32(s0)
core   0: 3 0x000000008000feca (0xfee43023) mem 0x0000000080031f50 0x00000000800120d6
core   0: 0x000000008000fece (0xfc442703) lw      a4, -60(s0)
core   0: 3 0x000000008000fece (0xfc442703) x14 0x0000000000000000 mem 0x0000000080031f34
core   0: 0x000000008000fed2 (0x0ff77713) andi    a4, a4, 255
core   0: 3 0x000000008000fed2 (0x0ff77713) x14 0x0000000000000000
core   0: 0x000000008000fed6 (0x00e78023) sb      a4, 0(a5)
core   0: 3 0x000000008000fed6 (0x00e78023) mem 0x00000000800120d5 0x00
core   0: 0x000000008000feda (0xfc843703) ld      a4, -56(s0)
core   0: 3 0x000000008000feda (0xfc843703) x14 0x0000000080012040 mem 0x0000000080031f38
core   0: 0x000000008000fede (0xfb843783) ld      a5, -72(s0)
core   0: 3 0x000000008000fede (0xfb843783) x15 0x000000000000009c mem 0x0000000080031f28
core   0: 0x000000008000fee2 (0x000097ba) c.add   a5, a4
core   0: 3 0x000000008000fee2 (0x97ba) x15 0x00000000800120dc
core   0: 0x000000008000fee4 (0xfe043703) ld      a4, -32(s0)
core   0: 3 0x000000008000fee4 (0xfe043703) x14 0x00000000800120d6 mem 0x0000000080031f50
core   0: 0x000000008000fee8 (0xfcf76de3) bltu    a4, a5, pc - 38
core   0: 3 0x000000008000fee8 (0xfcf76de3)
core   0: 0x000000008000fec2 (0xfe043783) ld      a5, -32(s0)
core   0: 3 0x000000008000fec2 (0xfe043783) x15 0x00000000800120d6 mem 0x0000000080031f50
core   0: 0x000000008000fec6 (0x00178713) addi    a4, a5, 1
core   0: 3 0x000000008000fec6 (0x00178713) x14 0x00000000800120d7
core   0: 0x000000008000feca (0xfee43023) sd      a4, -32(s0)
core   0: 3 0x000000008000feca (0xfee43023) mem 0x0000000080031f50 0x00000000800120d7
core   0: 0x000000008000fece (0xfc442703) lw      a4, -60(s0)
core   0: 3 0x000000008000fece (0xfc442703) x14 0x0000000000000000 mem 0x0000000080031f34
core   0: 0x000000008000fed2 (0x0ff77713) andi    a4, a4, 255
core   0: 3 0x000000008000fed2 (0x0ff77713) x14 0x0000000000000000
core   0: 0x000000008000fed6 (0x00e78023) sb      a4, 0(a5)
core   0: 3 0x000000008000fed6 (0x00e78023) mem 0x00000000800120d6 0x00
core   0: 0x000000008000feda (0xfc843703) ld      a4, -56(s0)
core   0: 3 0x000000008000feda (0xfc843703) x14 0x0000000080012040 mem 0x0000000080031f38
core   0: 0x000000008000fede (0xfb843783) ld      a5, -72(s0)
core   0: 3 0x000000008000fede (0xfb843783) x15 0x000000000000009c mem 0x0000000080031f28
core   0: 0x000000008000fee2 (0x000097ba) c.add   a5, a4
core   0: 3 0x000000008000fee2 (0x97ba) x15 0x00000000800120dc
core   0: 0x000000008000fee4 (0xfe043703) ld      a4, -32(s0)
core   0: 3 0x000000008000fee4 (0xfe043703) x14 0x00000000800120d7 mem 0x0000000080031f50
core   0: 0x000000008000fee8 (0xfcf76de3) bltu    a4, a5, pc - 38
core   0: 3 0x000000008000fee8 (0xfcf76de3)
core   0: 0x000000008000fec2 (0xfe043783) ld      a5, -32(s0)
core   0: 3 0x000000008000fec2 (0xfe043783) x15 0x00000000800120d7 mem 0x0000000080031f50
core   0: 0x000000008000fec6 (0x00178713) addi    a4, a5, 1
core   0: 3 0x000000008000fec6 (0x00178713) x14 0x00000000800120d8
core   0: 0x000000008000feca (0xfee43023) sd      a4, -32(s0)
core   0: 3 0x000000008000feca (0xfee43023) mem 0x0000000080031f50 0x00000000800120d8
core   0: 0x000000008000fece (0xfc442703) lw      a4, -60(s0)
core   0: 3 0x000000008000fece (0xfc442703) x14 0x0000000000000000 mem 0x0000000080031f34
core   0: 0x000000008000fed2 (0x0ff77713) andi    a4, a4, 255
core   0: 3 0x000000008000fed2 (0x0ff77713) x14 0x0000000000000000
core   0: 0x000000008000fed6 (0x00e78023) sb      a4, 0(a5)
core   0: 3 0x000000008000fed6 (0x00e78023) mem 0x00000000800120d7 0x00
core   0: 0x000000008000feda (0xfc843703) ld      a4, -56(s0)
core   0: 3 0x000000008000feda (0xfc843703) x14 0x0000000080012040 mem 0x0000000080031f38
core   0: 0x000000008000fede (0xfb843783) ld      a5, -72(s0)
core   0: 3 0x000000008000fede (0xfb843783) x15 0x000000000000009c mem 0x0000000080031f28
core   0: 0x000000008000fee2 (0x000097ba) c.add   a5, a4
core   0: 3 0x000000008000fee2 (0x97ba) x15 0x00000000800120dc
core   0: 0x000000008000fee4 (0xfe043703) ld      a4, -32(s0)
core   0: 3 0x000000008000fee4 (0xfe043703) x14 0x00000000800120d8 mem 0x0000000080031f50
core   0: 0x000000008000fee8 (0xfcf76de3) bltu    a4, a5, pc - 38
core   0: 3 0x000000008000fee8 (0xfcf76de3)
core   0: 0x000000008000fec2 (0xfe043783) ld      a5, -32(s0)
core   0: 3 0x000000008000fec2 (0xfe043783) x15 0x00000000800120d8 mem 0x0000000080031f50
core   0: 0x000000008000fec6 (0x00178713) addi    a4, a5, 1
core   0: 3 0x000000008000fec6 (0x00178713) x14 0x00000000800120d9
core   0: 0x000000008000feca (0xfee43023) sd      a4, -32(s0)
core   0: 3 0x000000008000feca (0xfee43023) mem 0x0000000080031f50 0x00000000800120d9
core   0: 0x000000008000fece (0xfc442703) lw      a4, -60(s0)
core   0: 3 0x000000008000fece (0xfc442703) x14 0x0000000000000000 mem 0x0000000080031f34
core   0: 0x000000008000fed2 (0x0ff77713) andi    a4, a4, 255
core   0: 3 0x000000008000fed2 (0x0ff77713) x14 0x0000000000000000
core   0: 0x000000008000fed6 (0x00e78023) sb      a4, 0(a5)
core   0: 3 0x000000008000fed6 (0x00e78023) mem 0x00000000800120d8 0x00
core   0: 0x000000008000feda (0xfc843703) ld      a4, -56(s0)
core   0: 3 0x000000008000feda (0xfc843703) x14 0x0000000080012040 mem 0x0000000080031f38
core   0: 0x000000008000fede (0xfb843783) ld      a5, -72(s0)
core   0: 3 0x000000008000fede (0xfb843783) x15 0x000000000000009c mem 0x0000000080031f28
core   0: 0x000000008000fee2 (0x000097ba) c.add   a5, a4
core   0: 3 0x000000008000fee2 (0x97ba) x15 0x00000000800120dc
core   0: 0x000000008000fee4 (0xfe043703) ld      a4, -32(s0)
core   0: 3 0x000000008000fee4 (0xfe043703) x14 0x00000000800120d9 mem 0x0000000080031f50
core   0: 0x000000008000fee8 (0xfcf76de3) bltu    a4, a5, pc - 38
core   0: 3 0x000000008000fee8 (0xfcf76de3)
core   0: 0x000000008000fec2 (0xfe043783) ld      a5, -32(s0)
core   0: 3 0x000000008000fec2 (0xfe043783) x15 0x00000000800120d9 mem 0x0000000080031f50
core   0: 0x000000008000fec6 (0x00178713) addi    a4, a5, 1
core   0: 3 0x000000008000fec6 (0x00178713) x14 0x00000000800120da
core   0: 0x000000008000feca (0xfee43023) sd      a4, -32(s0)
core   0: 3 0x000000008000feca (0xfee43023) mem 0x0000000080031f50 0x00000000800120da
core   0: 0x000000008000fece (0xfc442703) lw      a4, -60(s0)
core   0: 3 0x000000008000fece (0xfc442703) x14 0x0000000000000000 mem 0x0000000080031f34
core   0: 0x000000008000fed2 (0x0ff77713) andi    a4, a4, 255
core   0: 3 0x000000008000fed2 (0x0ff77713) x14 0x0000000000000000
core   0: 0x000000008000fed6 (0x00e78023) sb      a4, 0(a5)
core   0: 3 0x000000008000fed6 (0x00e78023) mem 0x00000000800120d9 0x00
core   0: 0x000000008000feda (0xfc843703) ld      a4, -56(s0)
core   0: 3 0x000000008000feda (0xfc843703) x14 0x0000000080012040 mem 0x0000000080031f38
core   0: 0x000000008000fede (0xfb843783) ld      a5, -72(s0)
core   0: 3 0x000000008000fede (0xfb843783) x15 0x000000000000009c mem 0x0000000080031f28
core   0: 0x000000008000fee2 (0x000097ba) c.add   a5, a4
core   0: 3 0x000000008000fee2 (0x97ba) x15 0x00000000800120dc
core   0: 0x000000008000fee4 (0xfe043703) ld      a4, -32(s0)
core   0: 3 0x000000008000fee4 (0xfe043703) x14 0x00000000800120da mem 0x0000000080031f50
core   0: 0x000000008000fee8 (0xfcf76de3) bltu    a4, a5, pc - 38
core   0: 3 0x000000008000fee8 (0xfcf76de3)
core   0: 0x000000008000fec2 (0xfe043783) ld      a5, -32(s0)
core   0: 3 0x000000008000fec2 (0xfe043783) x15 0x00000000800120da mem 0x0000000080031f50
core   0: 0x000000008000fec6 (0x00178713) addi    a4, a5, 1
core   0: 3 0x000000008000fec6 (0x00178713) x14 0x00000000800120db
core   0: 0x000000008000feca (0xfee43023) sd      a4, -32(s0)
core   0: 3 0x000000008000feca (0xfee43023) mem 0x0000000080031f50 0x00000000800120db
core   0: 0x000000008000fece (0xfc442703) lw      a4, -60(s0)
core   0: 3 0x000000008000fece (0xfc442703) x14 0x0000000000000000 mem 0x0000000080031f34
core   0: 0x000000008000fed2 (0x0ff77713) andi    a4, a4, 255
core   0: 3 0x000000008000fed2 (0x0ff77713) x14 0x0000000000000000
core   0: 0x000000008000fed6 (0x00e78023) sb      a4, 0(a5)
core   0: 3 0x000000008000fed6 (0x00e78023) mem 0x00000000800120da 0x00
core   0: 0x000000008000feda (0xfc843703) ld      a4, -56(s0)
core   0: 3 0x000000008000feda (0xfc843703) x14 0x0000000080012040 mem 0x0000000080031f38
core   0: 0x000000008000fede (0xfb843783) ld      a5, -72(s0)
core   0: 3 0x000000008000fede (0xfb843783) x15 0x000000000000009c mem 0x0000000080031f28
core   0: 0x000000008000fee2 (0x000097ba) c.add   a5, a4
core   0: 3 0x000000008000fee2 (0x97ba) x15 0x00000000800120dc
core   0: 0x000000008000fee4 (0xfe043703) ld      a4, -32(s0)
core   0: 3 0x000000008000fee4 (0xfe043703) x14 0x00000000800120db mem 0x0000000080031f50
core   0: 0x000000008000fee8 (0xfcf76de3) bltu    a4, a5, pc - 38
core   0: 3 0x000000008000fee8 (0xfcf76de3)
core   0: 0x000000008000fec2 (0xfe043783) ld      a5, -32(s0)
core   0: 3 0x000000008000fec2 (0xfe043783) x15 0x00000000800120db mem 0x0000000080031f50
core   0: 0x000000008000fec6 (0x00178713) addi    a4, a5, 1
core   0: 3 0x000000008000fec6 (0x00178713) x14 0x00000000800120dc
core   0: 0x000000008000feca (0xfee43023) sd      a4, -32(s0)
core   0: 3 0x000000008000feca (0xfee43023) mem 0x0000000080031f50 0x00000000800120dc
core   0: 0x000000008000fece (0xfc442703) lw      a4, -60(s0)
core   0: 3 0x000000008000fece (0xfc442703) x14 0x0000000000000000 mem 0x0000000080031f34
core   0: 0x000000008000fed2 (0x0ff77713) andi    a4, a4, 255
core   0: 3 0x000000008000fed2 (0x0ff77713) x14 0x0000000000000000
core   0: 0x000000008000fed6 (0x00e78023) sb      a4, 0(a5)
core   0: 3 0x000000008000fed6 (0x00e78023) mem 0x00000000800120db 0x00
core   0: 0x000000008000feda (0xfc843703) ld      a4, -56(s0)
core   0: 3 0x000000008000feda (0xfc843703) x14 0x0000000080012040 mem 0x0000000080031f38
core   0: 0x000000008000fede (0xfb843783) ld      a5, -72(s0)
core   0: 3 0x000000008000fede (0xfb843783) x15 0x000000000000009c mem 0x0000000080031f28
core   0: 0x000000008000fee2 (0x000097ba) c.add   a5, a4
core   0: 3 0x000000008000fee2 (0x97ba) x15 0x00000000800120dc
core   0: 0x000000008000fee4 (0xfe043703) ld      a4, -32(s0)
core   0: 3 0x000000008000fee4 (0xfe043703) x14 0x00000000800120dc mem 0x0000000080031f50
core   0: 0x000000008000fee8 (0xfcf76de3) bltu    a4, a5, pc - 38
core   0: 3 0x000000008000fee8 (0xfcf76de3)
core   0: 0x000000008000feec (0xfc843783) ld      a5, -56(s0)
core   0: 3 0x000000008000feec (0xfc843783) x15 0x0000000080012040 mem 0x0000000080031f38
core   0: 0x000000008000fef0 (0x0000853e) c.mv    a0, a5
core   0: 3 0x000000008000fef0 (0x853e) x10 0x0000000080012040
core   0: 0x000000008000fef2 (0x00006426) c.ldsp  s0, 72(sp)
core   0: 3 0x000000008000fef2 (0x6426) x8  0x0000000080031f90 mem 0x0000000080031f68
core   0: 0x000000008000fef4 (0x00006161) c.addi16sp sp, 80
core   0: 3 0x000000008000fef4 (0x6161) x2  0x0000000080031f70
core   0: 0x000000008000fef6 (0x00008082) ret
core   0: 3 0x000000008000fef6 (0x8082)
core   0: 0x000000008000f4aa (0x00000001) c.nop
core   0: 3 0x000000008000f4aa (0x0001)
core   0: 0x000000008000f4ac (0x000060e2) c.ldsp  ra, 24(sp)
core   0: 3 0x000000008000f4ac (0x60e2) x1  0x000000008000f4ea mem 0x0000000080031f88
core   0: 0x000000008000f4ae (0x00006442) c.ldsp  s0, 16(sp)
core   0: 3 0x000000008000f4ae (0x6442) x8  0x0000000080032040 mem 0x0000000080031f80
core   0: 0x000000008000f4b0 (0x00006105) c.addi16sp sp, 32
core   0: 3 0x000000008000f4b0 (0x6105) x2  0x0000000080031f90
core   0: 0x000000008000f4b2 (0x00008082) ret
core   0: 3 0x000000008000f4b2 (0x8082)
core   0: 0x000000008000f4ea (0xf5842703) lw      a4, -168(s0)
core   0: 3 0x000000008000f4ea (0xf5842703) x14 0x0000000000000001 mem 0x0000000080031f98
core   0: 0x000000008000f4ee (0xf5c42783) lw      a5, -164(s0)
core   0: 3 0x000000008000f4ee (0xf5c42783) x15 0x0000000000000000 mem 0x0000000080031f9c
core   0: 0x000000008000f4f2 (0x000085ba) c.mv    a1, a4
core   0: 3 0x000000008000f4f2 (0x85ba) x11 0x0000000000000001
core   0: 0x000000008000f4f4 (0x0000853e) c.mv    a0, a5
core   0: 3 0x000000008000f4f4 (0x853e) x10 0x0000000000000000
core   0: 0x000000008000f4f6 (0xf03ff0ef) jal     pc - 0xfe
core   0: 3 0x000000008000f4f6 (0xf03ff0ef) x1  0x000000008000f4fa
core   0: >>>>  thread_entry
core   0: 0x000000008000f3f8 (0x00001101) c.addi  sp, -32
core   0: 3 0x000000008000f3f8 (0x1101) x2  0x0000000080031f70
core   0: 0x000000008000f3fa (0x0000ec22) c.sdsp  s0, 24(sp)
core   0: 3 0x000000008000f3fa (0xec22) mem 0x0000000080031f88 0x0000000080032040
core   0: 0x000000008000f3fc (0x00001000) c.addi4spn s0, sp, 32
core   0: 3 0x000000008000f3fc (0x1000) x8  0x0000000080031f90
core   0: 0x000000008000f3fe (0x000087aa) c.mv    a5, a0
core   0: 3 0x000000008000f3fe (0x87aa) x15 0x0000000000000000
core   0: 0x000000008000f400 (0x0000872e) c.mv    a4, a1
core   0: 3 0x000000008000f400 (0x872e) x14 0x0000000000000001
core   0: 0x000000008000f402 (0xfef42623) sw      a5, -20(s0)
core   0: 3 0x000000008000f402 (0xfef42623) mem 0x0000000080031f7c 0x00000000
core   0: 0x000000008000f406 (0x000087ba) c.mv    a5, a4
core   0: 3 0x000000008000f406 (0x87ba) x15 0x0000000000000001
core   0: 0x000000008000f408 (0xfef42423) sw      a5, -24(s0)
core   0: 3 0x000000008000f408 (0xfef42423) mem 0x0000000080031f78 0x00000001
core   0: 0x000000008000f40c (0x00000001) c.nop
core   0: 3 0x000000008000f40c (0x0001)
core   0: 0x000000008000f40e (0xfec42783) lw      a5, -20(s0)
core   0: 3 0x000000008000f40e (0xfec42783) x15 0x0000000000000000 mem 0x0000000080031f7c
core   0: 0x000000008000f412 (0x00002781) c.addiw a5, 0
core   0: 3 0x000000008000f412 (0x2781) x15 0x0000000000000000
core   0: 0x000000008000f414 (0x0000ffed) c.bnez  a5, pc - 6
core   0: 3 0x000000008000f414 (0xffed)
core   0: 0x000000008000f416 (0x00000001) c.nop
core   0: 3 0x000000008000f416 (0x0001)
core   0: 0x000000008000f418 (0x00000001) c.nop
core   0: 3 0x000000008000f418 (0x0001)
core   0: 0x000000008000f41a (0x00006462) c.ldsp  s0, 24(sp)
core   0: 3 0x000000008000f41a (0x6462) x8  0x0000000080032040 mem 0x0000000080031f88
core   0: 0x000000008000f41c (0x00006105) c.addi16sp sp, 32
core   0: 3 0x000000008000f41c (0x6105) x2  0x0000000080031f90
core   0: 0x000000008000f41e (0x00008082) ret
core   0: 3 0x000000008000f41e (0x8082)
core   0: 0x000000008000f4fa (0x00004581) c.li    a1, 0
core   0: 3 0x000000008000f4fa (0x4581) x11 0x0000000000000000
core   0: 0x000000008000f4fc (0x00004501) c.li    a0, 0
core   0: 3 0x000000008000f4fc (0x4501) x10 0x0000000000000000
core   0: 0x000000008000f4fe (0xb03f20ef) jal     pc - 0xd4fe
core   0: 3 0x000000008000f4fe (0xb03f20ef) x1  0x000000008000f502
core   0: >>>>  main
core   0: 0x0000000080002000 (0x00000001) c.nop
core   0: 3 0x0000000080002000 (0x0001)
core   0: >>>>  trap_vec_init
core   0: 0x0000000080002002 (0x00002797) auipc   a5, 0x2
core   0: 3 0x0000000080002002 (0x00002797) x15 0x0000000080004002
core   0: 0x0000000080002006 (0xffe78793) addi    a5, a5, -2
core   0: 3 0x0000000080002006 (0xffe78793) x15 0x0000000080004000
core   0: 0x000000008000200a (0x30579073) csrrw   zero, mtvec, a5
core   0: 3 0x000000008000200a (0x30579073) c773_mtvec 0x0000000080004000
core   0: >>>>  pmp_setup
core   0: 0x000000008000200e (0x00002c17) auipc   s8, 0x2
core   0: 3 0x000000008000200e (0x00002c17) x24 0x000000008000400e
core   0: 0x0000000080002012 (0x022c0c13) addi    s8, s8, 34
core   0: 3 0x0000000080002012 (0x022c0c13) x24 0x0000000080004030
core   0: 0x0000000080002016 (0x00004781) c.li    a5, 0
core   0: 3 0x0000000080002016 (0x4781) x15 0x0000000000000000
core   0: 0x0000000080002018 (0x00009c3e) c.add   s8, a5
core   0: 3 0x0000000080002018 (0x9c3e) x24 0x0000000080004030
core   0: 0x000000008000201a (0x3b0c1073) csrrw   zero, pmpaddr0, s8
core   0: 3 0x000000008000201a (0x3b0c1073) c944_pmpaddr0 0x0000000080004030
core   0: 0x000000008000201e (0x00004c3d) c.li    s8, 15
core   0: 3 0x000000008000201e (0x4c3d) x24 0x000000000000000f
core   0: 0x0000000080002020 (0x3a0c1073) csrrw   zero, pmpcfg0, s8
core   0: 3 0x0000000080002020 (0x3a0c1073) c928_pmpcfg0 0x000000000000000f
core   0: 0x0000000080002024 (0x12000073) sfence.vma zero, zero
core   0: 3 0x0000000080002024 (0x12000073)
core   0: >>>>  mepc_setup
core   0: 0x0000000080002028 (0x00002797) auipc   a5, 0x2
core   0: 3 0x0000000080002028 (0x00002797) x15 0x0000000080004028
core   0: 0x000000008000202c (0x00878793) addi    a5, a5, 8
core   0: 3 0x000000008000202c (0x00878793) x15 0x0000000080004030
core   0: 0x0000000080002030 (0x34179073) csrrw   zero, mepc, a5
core   0: 3 0x0000000080002030 (0x34179073) c833_mepc 0x0000000080004030
core   0: >>>>  custom_csr_setup
core   0: 0x0000000080002034 (0x00100f9b) addiw   t6, zero, 1
core   0: 3 0x0000000080002034 (0x00100f9b) x31 0x0000000000000001
core   0: 0x0000000080002038 (0x00000ffe) c.slli  t6, 31
core   0: 3 0x0000000080002038 (0x0ffe) x31 0x0000000080000000
core   0: 0x000000008000203a (0x00000001) c.nop
core   0: 3 0x000000008000203a (0x0001)
core   0: >>>>  init_s_mode
core   0: 0x000000008000203c (0xfff0079b) addiw   a5, zero, -1
core   0: 3 0x000000008000203c (0xfff0079b) x15 0xffffffffffffffff
core   0: 0x0000000080002040 (0x000017fe) c.slli  a5, 63
core   0: 3 0x0000000080002040 (0x17fe) x15 0x8000000000000000
core   0: 0x0000000080002042 (0x18079073) csrrw   zero, satp, a5
core   0: 3 0x0000000080002042 (0x18079073) c384_satp 0x8000000000000000
core   0: 0x0000000080002046 (0x0000f797) auipc   a5, 0xf
core   0: 3 0x0000000080002046 (0x0000f797) x15 0x0000000080011046
core   0: 0x000000008000204a (0xfba78793) addi    a5, a5, -70
core   0: 3 0x000000008000204a (0xfba78793) x15 0x0000000080011000
core   0: 0x000000008000204e (0x000083b1) c.srli  a5, 12
core   0: 3 0x000000008000204e (0x83b1) x15 0x0000000000080011
core   0: 0x0000000080002050 (0x0010061b) addiw   a2, zero, 1
core   0: 3 0x0000000080002050 (0x0010061b) x12 0x0000000000000001
core   0: 0x0000000080002054 (0x00001632) c.slli  a2, 44
core   0: 3 0x0000000080002054 (0x1632) x12 0x0000100000000000
core   0: 0x0000000080002056 (0x0000167d) c.addi  a2, -1
core   0: 3 0x0000000080002056 (0x167d) x12 0x00000fffffffffff
core   0: 0x0000000080002058 (0x00008ff1) c.and   a5, a2
core   0: 3 0x0000000080002058 (0x8ff1) x15 0x0000000000080011
core   0: 0x000000008000205a (0x1807a073) csrrs   zero, satp, a5
core   0: 3 0x000000008000205a (0x1807a073) c384_satp 0x8000000000080011
core   0: 0x000000008000205e (0x00a005b7) lui     a1, 0xa00
core   0: 3 0x000000008000205e (0x00a005b7) x11 0x0000000000a00000
core   0: 0x0000000080002062 (0x10b5859b) addiw   a1, a1, 267
core   0: 3 0x0000000080002062 (0x10b5859b) x11 0x0000000000a0010b
core   0: 0x0000000080002066 (0x000005b2) c.slli  a1, 12
core   0: 3 0x0000000080002066 (0x05b2) x11 0x0000000a0010b000
core   0: 0x0000000080002068 (0xa0058593) addi    a1, a1, -1536
core   0: 3 0x0000000080002068 (0xa0058593) x11 0x0000000a0010aa00
core   0: 0x000000008000206c (0x30059073) csrrw   zero, mstatus, a1
core   0: 3 0x000000008000206c (0x30059073) c768_mstatus 0x0000000a00102800
core   0: 0x0000000080002070 (0x30459073) csrrw   zero, mie, a1
core   0: 3 0x0000000080002070 (0x30459073) c772_mie 0x0000000000000a00
core   0: 0x0000000080002074 (0x00a005b7) lui     a1, 0xa00
core   0: 3 0x0000000080002074 (0x00a005b7) x11 0x0000000000a00000
core   0: 0x0000000080002078 (0x10b5859b) addiw   a1, a1, 267
core   0: 3 0x0000000080002078 (0x10b5859b) x11 0x0000000000a0010b
core   0: 0x000000008000207c (0x000005b2) c.slli  a1, 12
core   0: 3 0x000000008000207c (0x05b2) x11 0x0000000a0010b000
core   0: 0x000000008000207e (0xa0058593) addi    a1, a1, -1536
core   0: 3 0x000000008000207e (0xa0058593) x11 0x0000000a0010aa00
core   0: 0x0000000080002082 (0x10059073) csrrw   zero, sstatus, a1
core   0: 3 0x0000000080002082 (0x10059073) c768_mstatus 0x0000000a00102800
core   0: 0x0000000080002086 (0x10459073) csrrw   zero, sie, a1
core   0: 3 0x0000000080002086 (0x10459073) c772_mie 0x0000000000000a00
core   0: 0x000000008000208a (0x30200073) mret
core   0: 3 0x000000008000208a (0x30200073) c768_mstatus 0x0000000a00102080
core   0: >>>>  main_g
core   0: 0x0000000080004030 (0x0bbbf0d3) fsub.d  ft1, fs7, fs11
core   0: 1 0x0000000080004030 (0x0bbbf0d3) c768_mstatus 0x8000000a00106080 f1  0x7ff8000000000000
core   0: 0x0000000080004034 (0x420e0553) fcvt.d.s fa0, ft8
core   0: 1 0x0000000080004034 (0x420e0553) f10 0x0000000000000000
core   0: 0x0000000080004038 (0xd237fb53) fcvt.d.lu fs6, a5
core   0: 1 0x0000000080004038 (0xd237fb53) f22 0x4120002200000000
core   0: 0x000000008000403c (0x01ad7bb3) and     s7, s10, s10
core   0: 1 0x000000008000403c (0x01ad7bb3) x23 0x0000000000000000
core   0: 0x0000000080004040 (0x0a43f053) fsub.d  ft0, ft7, ft4
core   0: 1 0x0000000080004040 (0x0a43f053) f0  0x7ff8000000000000
core   0: 0x0000000080004044 (0x000e153b) sllw    a0, t3, zero
core   0: 1 0x0000000080004044 (0x000e153b) x10 0x0000000000000000
core   0: 0x0000000080004048 (0x02a069bb) remw    s3, zero, a0
core   0: 1 0x0000000080004048 (0x02a069bb) x19 0x0000000000000000
core   0: 0x000000008000404c (0x6a5ff94b) fnmsub.d fs2, ft11, ft5, fa3
core   0: 1 0x000000008000404c (0x6a5ff94b) f18 0x7ff8000000000000
core   0: 0x0000000080004050 (0x02c6e633) rem     a2, a3, a2
core   0: 1 0x0000000080004050 (0x02c6e633) x12 0x0000000000000000
core   0: 0x0000000080004054 (0xc21b7553) fcvt.wu.d a0, fs6
core   0: 1 0x0000000080004054 (0xc21b7553) x10 0x0000000000080011
core   0: 0x0000000080004058 (0xf9ea85b7) lui     a1, 0xf9ea8
core   0: 1 0x0000000080004058 (0xf9ea85b7) x11 0xfffffffff9ea8000
core   0: 0x000000008000405c (0x73f5859b) addiw   a1, a1, 1855
core   0: 1 0x000000008000405c (0x73f5859b) x11 0xfffffffff9ea873f
core   0: 0x0000000080004060 (0x000005b2) c.slli  a1, 12
core   0: 1 0x0000000080004060 (0x05b2) x11 0xffffff9ea873f000
core   0: 0x0000000080004062 (0xf1a58593) addi    a1, a1, -230
core   0: 1 0x0000000080004062 (0xf1a58593) x11 0xffffff9ea873ef1a
core   0: 0x0000000080004066 (0xedce8e13) addi    t3, t4, -292
core   0: 1 0x0000000080004066 (0xedce8e13) x28 0xfffffffffffffedc
core   0: 0x000000008000406a (0x4231d393) srai    t2, gp, 35
core   0: 1 0x000000008000406a (0x4231d393) x7  0x0000000000000000
core   0: 0x000000008000406e (0xd23d7553) fcvt.d.lu fa0, s10
core   0: 1 0x000000008000406e (0xd23d7553) f10 0x0000000000000000
core   0: 0x0000000080004072 (0x2a6593d3) fmax.d  ft7, fa1, ft6
core   0: 1 0x0000000080004072 (0x2a6593d3) f7  0x7ff8000000000000
core   0: 0x0000000080004076 (0x002e18f3) csrrw   a7, frm, t3
core   0: 1 0x0000000080004076 (0x002e18f3) x17 0x0000000000000000 c2_frm 0x0000000000000004
core   0: 0x000000008000407a (0x4058813b) subw    sp, a7, t0
core   0: 1 0x000000008000407a (0x4058813b) x2  0x000000007ffffedc
core   0: 0x000000008000407e (0x0005d013) srli    zero, a1, 0
core   0: 1 0x000000008000407e (0x0005d013)
core   0: 0x0000000080004082 (0x028c5c33) divu    s8, s8, s0
core   0: 1 0x0000000080004082 (0x028c5c33) x24 0x0000000000000000
core   0: 0x0000000080004086 (0x3bb37243) fmadd.d ft4, ft6, fs11, ft7
core   0: 1 0x0000000080004086 (0x3bb37243) f4  0x7ff8000000000000
core   0: 0x000000008000408a (0x015aa433) slt     s0, s5, s5
core   0: 1 0x000000008000408a (0x015aa433) x8  0x0000000000000000
core   0: 0x000000008000408e (0x401a541b) sraiw   s0, s4, 1
core   0: 1 0x000000008000408e (0x401a541b) x8  0x0000000000000000
core   0: 0x0000000080004092 (0x02bace3b) divw    t3, s5, a1
core   0: 1 0x0000000080004092 (0x02bace3b) x28 0x0000000000000000
core   0: 0x0000000080004096 (0x12457a53) fmul.d  fs4, fa0, ft4
core   0: 1 0x0000000080004096 (0x12457a53) f20 0x7ff8000000000000
core   0: 0x000000008000409a (0x2a331353) fmax.d  ft6, ft6, ft3
core   0: 1 0x000000008000409a (0x2a331353) f6  0x7ff8000000000000
core   0: 0x000000008000409e (0x5ab3f5c7) fmsub.d fa1, ft7, fa1, fa1
core   0: 1 0x000000008000409e (0x5ab3f5c7) f11 0x7ff8000000000000
core   0: 0x00000000800040a2 (0x023cdc93) srli    s9, s9, 35
core   0: 1 0x00000000800040a2 (0x023cdc93) x25 0x0000000000000000
core   0: 0x00000000800040a6 (0x00b77533) and     a0, a4, a1
core   0: 1 0x00000000800040a6 (0x00b77533) x10 0x0000000000000000
core   0: 0x00000000800040aa (0x0b01f2d3) fsub.d  ft5, ft3, fa6
core   0: 1 0x00000000800040aa (0x0b01f2d3) f5  0x7ff8000000000000
core   0: 0x00000000800040ae (0xe4a8e113) ori     sp, a7, -438
core   0: 1 0x00000000800040ae (0xe4a8e113) x2  0xfffffffffffffe4a
core   0: 0x00000000800040b2 (0xd22bfcd3) fcvt.d.l fs9, s7
core   0: 1 0x00000000800040b2 (0xd22bfcd3) f25 0x0000000000000000
core   0: 0x00000000800040b6 (0x00a588b3) add     a7, a1, a0
core   0: 1 0x00000000800040b6 (0x00a588b3) x17 0xffffff9ea873ef1a
core   0: 0x00000000800040ba (0x007a80b3) add     ra, s5, t2
core   0: 1 0x00000000800040ba (0x007a80b3) x1  0x0000000000000000
core   0: 0x00000000800040be (0x0211b8b3) mulhu   a7, gp, ra
core   0: 1 0x00000000800040be (0x0211b8b3) x17 0x0000000000000000
core   0: 0x00000000800040c2 (0xddd17513) andi    a0, sp, -547
core   0: 1 0x00000000800040c2 (0xddd17513) x10 0xfffffffffffffc48
core   0: 0x00000000800040c6 (0x01a66633) or      a2, a2, s10
core   0: 1 0x00000000800040c6 (0x01a66633) x12 0x0000000000000000
core   0: 0x00000000800040ca (0xc230f5d3) fcvt.lu.d a1, ft1
core   0: 1 0x00000000800040ca (0xc230f5d3) c1_fflags 0x0000000000000010 x11 0xffffffffffffffff
core   0: 0x00000000800040ce (0x4010513b) sraw    sp, zero, ra
core   0: 1 0x00000000800040ce (0x4010513b) x2  0x0000000000000000
core   0: 0x00000000800040d2 (0x01a56eb3) or      t4, a0, s10
core   0: 1 0x00000000800040d2 (0x01a56eb3) x29 0xfffffffffffffc48
core   0: 0x00000000800040d6 (0x4011d09b) sraiw   ra, gp, 1
core   0: 1 0x00000000800040d6 (0x4011d09b) x1  0xffffffffc0009414
core   0: 0x00000000800040da (0x0035083b) addw    a6, a0, gp
core   0: 1 0x00000000800040da (0x0035083b) x16 0xffffffff80012470
core   0: 0x00000000800040de (0xc21478d3) fcvt.wu.d a7, fs0
core   0: 1 0x00000000800040de (0xc21478d3) c1_fflags 0x0000000000000010 x17 0xffffffffffffffff
core   0: 0x00000000800040e2 (0x034885b3) mul     a1, a7, s4
core   0: 1 0x00000000800040e2 (0x034885b3) x11 0x0000000000000000
core   0: 0x00000000800040e6 (0x00c611bb) sllw    gp, a2, a2
core   0: 1 0x00000000800040e6 (0x00c611bb) x3  0x0000000000000000
core   0: 0x00000000800040ea (0x00386833) or      a6, a6, gp
core   0: 1 0x00000000800040ea (0x00386833) x16 0xffffffff80012470
core   0: 0x00000000800040ee (0xc208f753) fcvt.w.d a4, fa7
core   0: 1 0x00000000800040ee (0xc208f753) c1_fflags 0x0000000000000010 x14 0x000000007fffffff
core   0: 0x00000000800040f2 (0x02a401bb) mulw    gp, s0, a0
core   0: 1 0x00000000800040f2 (0x02a401bb) x3  0x0000000000000000
core   0: 0x00000000800040f6 (0xd0247053) fcvt.s.l ft0, s0
core   0: 1 0x00000000800040f6 (0xd0247053) f0  0xffffffff00000000
core   0: 0x00000000800040fa (0x007228b7) lui     a7, 0x722
core   0: 1 0x00000000800040fa (0x007228b7) x17 0x0000000000722000
core   0: 0x00000000800040fe (0x8db8889b) addiw   a7, a7, -1829
core   0: 1 0x00000000800040fe (0x8db8889b) x17 0x00000000007218db
core   0: 0x0000000080004102 (0x000008ba) c.slli  a7, 14
core   0: 1 0x0000000080004102 (0x08ba) x17 0x0000001c8636c000
core   0: 0x0000000080004104 (0xe9a88893) addi    a7, a7, -358
core   0: 1 0x0000000080004104 (0xe9a88893) x17 0x0000001c8636be9a
core   0: 0x0000000080004108 (0x023a7a53) fadd.d  fs4, fs4, ft3
core   0: 1 0x0000000080004108 (0x023a7a53) f20 0x7ff8000000000000
core   0: 0x000000008000410c (0x000016fd) c.addi  a3, -1
core   0: 1 0x000000008000410c (0x16fd) x13 0xffffffffffffffff
core   0: 0x000000008000410e (0x01207933) and     s2, zero, s2
core   0: 1 0x000000008000410e (0x01207933) x18 0x0000000000000000
core   0: 0x0000000080004112 (0x0339a733) mulhsu  a4, s3, s3
core   0: 1 0x0000000080004112 (0x0339a733) x14 0x0000000000000000
core   0: 0x0000000080004116 (0x42cefec3) fmadd.d ft9, ft9, fa2, fs0
core   0: 1 0x0000000080004116 (0x42cefec3) f29 0x7ff8000000000000
core   0: 0x000000008000411a (0x008762b3) or      t0, a4, s0
core   0: 1 0x000000008000411a (0x008762b3) x5  0x0000000000000000
core   0: 0x000000008000411e (0xc81354f3) csrrwi  s1, timeh, 6
core   0: exception trap_illegal_instruction, epc 0x000000008000411e
core   0:           tval 0x00000000c81354f3
core   0: >>>>  $xrv64i2p1_m2p0_a2p1_f2p2_d2p2_zicsr2p0_zifencei2p0_zmmul1p0_zba1p0_zbb1p0_zbc1p0_zbs1p0
core   0: 0x0000000080004000 (0x0080006f) j       pc + 0x8
core   0: 3 0x0000000080004000 (0x0080006f)
core   0: >>>>  mmode_exception_handler
core   0: 0x0000000080004008 (0x00002c17) auipc   s8, 0x2
core   0: 3 0x0000000080004008 (0x00002c17) x24 0x0000000080006008
core   0: 0x000000008000400c (0x090c0c13) addi    s8, s8, 144
core   0: 3 0x000000008000400c (0x090c0c13) x24 0x0000000080006098
core   0: 0x0000000080004010 (0x000c00e7) jalr    s8
core   0: 3 0x0000000080004010 (0x000c00e7) x1  0x0000000080004014
core   0: >>>>  any_handler
core   0: 0x0000000080006098 (0x341027f3) csrrs   a5, mepc, zero
core   0: 3 0x0000000080006098 (0x341027f3) x15 0x000000008000411e
core   0: 0x000000008000609c (0x34202773) csrrs   a4, mcause, zero
core   0: 3 0x000000008000609c (0x34202773) x14 0x0000000000000002
core   0: 0x00000000800060a0 (0x142026f3) csrrs   a3, scause, zero
core   0: 3 0x00000000800060a0 (0x142026f3) x13 0x0000000000000000
core   0: 0x00000000800060a4 (0x30402673) csrrs   a2, mie, zero
core   0: 3 0x00000000800060a4 (0x30402673) x12 0x0000000000000a00
core   0: 0x00000000800060a8 (0x344025f3) csrrs   a1, mip, zero
core   0: 3 0x00000000800060a8 (0x344025f3) x11 0x0000000000000080
core   0: 0x00000000800060ac (0x343025f3) csrrs   a1, mtval, zero
core   0: 3 0x00000000800060ac (0x343025f3) x11 0x00000000c81354f3
core   0: 0x00000000800060b0 (0x14302573) csrrs   a0, stval, zero
core   0: 3 0x00000000800060b0 (0x14302573) x10 0x0000000000000000
core   0: 0x00000000800060b4 (0xb02024f3) csrrs   s1, minstret, zero
core   0: 3 0x00000000800060b4 (0xb02024f3) x9  0x0000000000000808
core   0: 0x00000000800060b8 (0x0000a811) c.j     pc + 20
core   0: 3 0x00000000800060b8 (0xa811)
core   0: >>>>  mepc_4
core   0: 0x00000000800060cc (0x00000791) c.addi  a5, 4
core   0: 3 0x00000000800060cc (0x0791) x15 0x0000000080004122
core   0: 0x00000000800060ce (0x34179073) csrrw   zero, mepc, a5
core   0: 3 0x00000000800060ce (0x34179073) c833_mepc 0x0000000080004122
core   0: 0x00000000800060d2 (0x30200073) mret
core   0: 3 0x00000000800060d2 (0x30200073) c768_mstatus 0x8000000a00106080
core   0: 0x0000000080004122 (0x00081813) slli    a6, a6, 0
core   0: 1 0x0000000080004122 (0x00081813) x16 0xffffffff80012470
core   0: 0x0000000080004126 (0x2baf8c53) fmin.d  fs8, ft11, fs10
core   0: 1 0x0000000080004126 (0x2baf8c53) f24 0x7ff8000000000000
core   0: 0x000000008000412a (0xc0237453) fcvt.l.s s0, ft6
core   0: 1 0x000000008000412a (0xc0237453) c1_fflags 0x0000000000000010 x8  0x7fffffffffffffff
core   0: 0x000000008000412e (0x03981db3) mulh    s11, a6, s9
core   0: 1 0x000000008000412e (0x03981db3) x27 0x0000000000000000
core   0: 0x0000000080004132 (0x03914e33) div     t3, sp, s9
core   0: 1 0x0000000080004132 (0x03914e33) x28 0xffffffffffffffff
core   0: 0x0000000080004136 (0x0021cc33) xor     s8, gp, sp
core   0: 1 0x0000000080004136 (0x0021cc33) x24 0x0000000000000000
core   0: 0x000000008000413a (0x553a4793) xori    a5, s4, 1363
core   0: 1 0x000000008000413a (0x553a4793) x15 0x0000000000000553
core   0: 0x000000008000413e (0x2a7c1853) fmax.d  fa6, fs8, ft7
core   0: 1 0x000000008000413e (0x2a7c1853) f16 0x7ff8000000000000
core   0: 0x0000000080004142 (0x0268ee33) rem     t3, a7, t1
core   0: 1 0x0000000080004142 (0x0268ee33) x28 0x0000001c8636be9a
core   0: 0x0000000080004146 (0x011e1ab3) sll     s5, t3, a7
core   0: 1 0x0000000080004146 (0x011e1ab3) x21 0x7218dafa68000000
core   0: 0x000000008000414a (0xfffd8e13) addi    t3, s11, -1
core   0: 1 0x000000008000414a (0xfffd8e13) x28 0xffffffffffffffff
core   0: 0x000000008000414e (0x43f6d313) srai    t1, a3, 63
core   0: 1 0x000000008000414e (0x43f6d313) x6  0x0000000000000000
core   0: 0x0000000080004152 (0x00a5d213) srli    tp, a1, 10
core   0: 1 0x0000000080004152 (0x00a5d213) x4  0x00000000003204d5
core   0: 0x0000000080004156 (0x02a7a8b3) mulhsu  a7, a5, a0
core   0: 1 0x0000000080004156 (0x02a7a8b3) x17 0x0000000000000000
core   0: 0x000000008000415a (0x03d543bb) divw    t2, a0, t4
core   0: 1 0x000000008000415a (0x03d543bb) x7  0x0000000000000000
core   0: 0x000000008000415e (0x5a04fbd3) fsqrt.d fs7, fs1
core   0: 1 0x000000008000415e (0x5a04fbd3) f23 0x7ff8000000000000
core   0: 0x0000000080004162 (0x41c7563b) sraw    a2, a4, t3
core   0: 1 0x0000000080004162 (0x41c7563b) x12 0x0000000000000000
core   0: 0x0000000080004166 (0x0180109b) slliw   ra, zero, 24
core   0: 1 0x0000000080004166 (0x0180109b) x1  0x0000000000000000
core   0: 0x000000008000416a (0x03d558b3) divu    a7, a0, t4
core   0: 1 0x000000008000416a (0x03d558b3) x17 0x0000000000000000
core   0: 0x000000008000416e (0x038dbc33) mulhu   s8, s11, s8
core   0: 1 0x000000008000416e (0x038dbc33) x24 0x0000000000000000
core   0: 0x0000000080004172 (0xc22af1d3) fcvt.l.d gp, fs5
core   0: 1 0x0000000080004172 (0xc22af1d3) c1_fflags 0x0000000000000010 x3  0x7fffffffffffffff
core   0: 0x0000000080004176 (0x00ee1933) sll     s2, t3, a4
core   0: 1 0x0000000080004176 (0x00ee1933) x18 0xfffffffffffffffc
core   0: 0x000000008000417a (0x3a73ffc3) fmadd.d ft11, ft7, ft7, ft7
core   0: 1 0x000000008000417a (0x3a73ffc3) f31 0x7ff8000000000000
core   0: 0x000000008000417e (0x4a35e417) auipc   s0, 0x4a35e
core   0: 1 0x000000008000417e (0x4a35e417) x8  0x00000000ca36217e
core   0: 0x0000000080004182 (0x2ab295d3) fmax.d  fa1, ft5, fa1
core   0: 1 0x0000000080004182 (0x2ab295d3) f11 0x7ff8000000000000
core   0: 0x0000000080004186 (0x00000001) c.nop
core   0: 1 0x0000000080004186 (0x0001)
core   0: 0x0000000080004188 (0x00b5a333) slt     t1, a1, a1
core   0: 1 0x0000000080004188 (0x00b5a333) x6  0x0000000000000000
core   0: 0x000000008000418c (0x41d35093) srai    ra, t1, 29
core   0: 1 0x000000008000418c (0x41d35093) x1  0x0000000000000000
core   0: 0x0000000080004190 (0x414a83b3) sub     t2, s5, s4
core   0: 1 0x0000000080004190 (0x414a83b3) x7  0x7218dafa68000000
core   0: 0x0000000080004194 (0x229aa553) fsgnjx.d fa0, fs5, fs1
core   0: 1 0x0000000080004194 (0x229aa553) f10 0x7fffffff00000000
core   0: 0x0000000080004198 (0x00000001) c.nop
core   0: 1 0x0000000080004198 (0x0001)
core   0: 0x000000008000419a (0x0199ceb3) xor     t4, s3, s9
core   0: 1 0x000000008000419a (0x0199ceb3) x29 0x0000000000000000
core   0: 0x000000008000419e (0x3446de73) csrrwi  t3, mip, 13
core   0: exception trap_illegal_instruction, epc 0x000000008000419e
core   0:           tval 0x000000003446de73
core   0: >>>>  $xrv64i2p1_m2p0_a2p1_f2p2_d2p2_zicsr2p0_zifencei2p0_zmmul1p0_zba1p0_zbb1p0_zbc1p0_zbs1p0
core   0: 0x0000000080004000 (0x0080006f) j       pc + 0x8
core   0: 3 0x0000000080004000 (0x0080006f)
core   0: >>>>  mmode_exception_handler
core   0: 0x0000000080004008 (0x00002c17) auipc   s8, 0x2
core   0: 3 0x0000000080004008 (0x00002c17) x24 0x0000000080006008
core   0: 0x000000008000400c (0x090c0c13) addi    s8, s8, 144
core   0: 3 0x000000008000400c (0x090c0c13) x24 0x0000000080006098
core   0: 0x0000000080004010 (0x000c00e7) jalr    s8
core   0: 3 0x0000000080004010 (0x000c00e7) x1  0x0000000080004014
core   0: >>>>  any_handler
core   0: 0x0000000080006098 (0x341027f3) csrrs   a5, mepc, zero
core   0: 3 0x0000000080006098 (0x341027f3) x15 0x000000008000419e
core   0: 0x000000008000609c (0x34202773) csrrs   a4, mcause, zero
core   0: 3 0x000000008000609c (0x34202773) x14 0x0000000000000002
core   0: 0x00000000800060a0 (0x142026f3) csrrs   a3, scause, zero
core   0: 3 0x00000000800060a0 (0x142026f3) x13 0x0000000000000000
core   0: 0x00000000800060a4 (0x30402673) csrrs   a2, mie, zero
core   0: 3 0x00000000800060a4 (0x30402673) x12 0x0000000000000a00
core   0: 0x00000000800060a8 (0x344025f3) csrrs   a1, mip, zero
core   0: 3 0x00000000800060a8 (0x344025f3) x11 0x0000000000000080
core   0: 0x00000000800060ac (0x343025f3) csrrs   a1, mtval, zero
core   0: 3 0x00000000800060ac (0x343025f3) x11 0x000000003446de73
core   0: 0x00000000800060b0 (0x14302573) csrrs   a0, stval, zero
core   0: 3 0x00000000800060b0 (0x14302573) x10 0x0000000000000000
core   0: 0x00000000800060b4 (0xb02024f3) csrrs   s1, minstret, zero
core   0: 3 0x00000000800060b4 (0xb02024f3) x9  0x0000000000000838
core   0: 0x00000000800060b8 (0x0000a811) c.j     pc + 20
core   0: 3 0x00000000800060b8 (0xa811)
core   0: >>>>  mepc_4
core   0: 0x00000000800060cc (0x00000791) c.addi  a5, 4
core   0: 3 0x00000000800060cc (0x0791) x15 0x00000000800041a2
core   0: 0x00000000800060ce (0x34179073) csrrw   zero, mepc, a5
core   0: 3 0x00000000800060ce (0x34179073) c833_mepc 0x00000000800041a2
core   0: 0x00000000800060d2 (0x30200073) mret
core   0: 3 0x00000000800060d2 (0x30200073) c768_mstatus 0x8000000a00106080
core   0: 0x00000000800041a2 (0xd2267a53) fcvt.d.l fs4, a2
core   0: 1 0x00000000800041a2 (0xd2267a53) f20 0x40a4000000000000
core   0: 0x00000000800041a6 (0x02a3e3bb) remw    t2, t2, a0
core   0: 1 0x00000000800041a6 (0x02a3e3bb) x7  0x0000000068000000
core   0: 0x00000000800041aa (0x436cd593) srai    a1, s9, 54
core   0: 1 0x00000000800041aa (0x436cd593) x11 0x0000000000000000
core   0: 0x00000000800041ae (0xc22e74d3) fcvt.l.d s1, ft8
core   0: 1 0x00000000800041ae (0xc22e74d3) c1_fflags 0x0000000000000010 x9  0x7fffffffffffffff
core   0: 0x00000000800041b2 (0x0ff0000f) fence   iorw,iorw
core   0: 1 0x00000000800041b2 (0x0ff0000f)
core   0: 0x00000000800041b6 (0x01d8e533) or      a0, a7, t4
core   0: 1 0x00000000800041b6 (0x01d8e533) x10 0x0000000000000000
core   0: 0x00000000800041ba (0x00dba0b3) slt     ra, s7, a3
core   0: 1 0x00000000800041ba (0x00dba0b3) x1  0x0000000000000000
core   0: 0x00000000800041be (0x22841ed3) fsgnjn.d ft9, fs0, fs0
core   0: 1 0x00000000800041be (0x22841ed3) f29 0x7fffffff00000000
core   0: 0x00000000800041c2 (0x375b871b) addiw   a4, s7, 885
core   0: 1 0x00000000800041c2 (0x375b871b) x14 0x0000000000000375
core   0: 0x00000000800041c6 (0xdab87dc3) fmadd.d fs11, fa6, fa1, fs11
core   0: 1 0x00000000800041c6 (0xdab87dc3) f27 0x7ff8000000000000
core   0: 0x00000000800041ca (0xf140f173) csrrci  sp, mhartid, 1
core   0: exception trap_illegal_instruction, epc 0x00000000800041ca
core   0:           tval 0x00000000f140f173
core   0: >>>>  $xrv64i2p1_m2p0_a2p1_f2p2_d2p2_zicsr2p0_zifencei2p0_zmmul1p0_zba1p0_zbb1p0_zbc1p0_zbs1p0
core   0: 0x0000000080004000 (0x0080006f) j       pc + 0x8
core   0: 3 0x0000000080004000 (0x0080006f)
core   0: >>>>  mmode_exception_handler
core   0: 0x0000000080004008 (0x00002c17) auipc   s8, 0x2
core   0: 3 0x0000000080004008 (0x00002c17) x24 0x0000000080006008
core   0: 0x000000008000400c (0x090c0c13) addi    s8, s8, 144
core   0: 3 0x000000008000400c (0x090c0c13) x24 0x0000000080006098
core   0: 0x0000000080004010 (0x000c00e7) jalr    s8
core   0: 3 0x0000000080004010 (0x000c00e7) x1  0x0000000080004014
core   0: >>>>  any_handler
core   0: 0x0000000080006098 (0x341027f3) csrrs   a5, mepc, zero
core   0: 3 0x0000000080006098 (0x341027f3) x15 0x00000000800041ca
core   0: 0x000000008000609c (0x34202773) csrrs   a4, mcause, zero
core   0: 3 0x000000008000609c (0x34202773) x14 0x0000000000000002
core   0: 0x00000000800060a0 (0x142026f3) csrrs   a3, scause, zero
core   0: 3 0x00000000800060a0 (0x142026f3) x13 0x0000000000000000
core   0: 0x00000000800060a4 (0x30402673) csrrs   a2, mie, zero
core   0: 3 0x00000000800060a4 (0x30402673) x12 0x0000000000000a00
core   0: 0x00000000800060a8 (0x344025f3) csrrs   a1, mip, zero
core   0: 3 0x00000000800060a8 (0x344025f3) x11 0x0000000000000080
core   0: 0x00000000800060ac (0x343025f3) csrrs   a1, mtval, zero
core   0: 3 0x00000000800060ac (0x343025f3) x11 0x00000000f140f173
core   0: 0x00000000800060b0 (0x14302573) csrrs   a0, stval, zero
core   0: 3 0x00000000800060b0 (0x14302573) x10 0x0000000000000000
core   0: 0x00000000800060b4 (0xb02024f3) csrrs   s1, minstret, zero
core   0: 3 0x00000000800060b4 (0xb02024f3) x9  0x0000000000000852
core   0: 0x00000000800060b8 (0x0000a811) c.j     pc + 20
core   0: 3 0x00000000800060b8 (0xa811)
core   0: >>>>  mepc_4
core   0: 0x00000000800060cc (0x00000791) c.addi  a5, 4
core   0: 3 0x00000000800060cc (0x0791) x15 0x00000000800041ce
core   0: 0x00000000800060ce (0x34179073) csrrw   zero, mepc, a5
core   0: 3 0x00000000800060ce (0x34179073) c833_mepc 0x00000000800041ce
core   0: 0x00000000800060d2 (0x30200073) mret
core   0: 3 0x00000000800060d2 (0x30200073) c768_mstatus 0x8000000a00106080
core   0: 0x00000000800041ce (0xc20df6d3) fcvt.w.d a3, fs11
core   0: 1 0x00000000800041ce (0xc20df6d3) c1_fflags 0x0000000000000010 x13 0x000000007fffffff
core   0: 0x00000000800041d2 (0x0387d6bb) divuw   a3, a5, s8
core   0: 1 0x00000000800041d2 (0x0387d6bb) x13 0x0000000000000000
core   0: 0x00000000800041d6 (0x010bc333) xor     t1, s7, a6
core   0: 1 0x00000000800041d6 (0x010bc333) x6  0xffffffff80012470
core   0: 0x00000000800041da (0x0048181b) slliw   a6, a6, 4
core   0: 1 0x00000000800041da (0x0048181b) x16 0x0000000000124700
core   0: 0x00000000800041de (0x0334b0b3) mulhu   ra, s1, s3
core   0: 1 0x00000000800041de (0x0334b0b3) x1  0x0000000000000000
core   0: 0x00000000800041e2 (0x027063b3) rem     t2, zero, t2
core   0: 1 0x00000000800041e2 (0x027063b3) x7  0x0000000000000000
core   0: 0x00000000800041e6 (0xd0357153) fcvt.s.lu ft2, a0
core   0: 1 0x00000000800041e6 (0xd0357153) f2  0xffffffff00000000
core   0: 0x00000000800041ea (0x1a007053) fdiv.d  ft0, ft0, ft0
core   0: 1 0x00000000800041ea (0x1a007053) f0  0x7ff8000000000000
core   0: 0x00000000800041ee (0x0018159b) slliw   a1, a6, 1
core   0: 1 0x00000000800041ee (0x0018159b) x11 0x0000000000248e00
core   0: 0x00000000800041f2 (0x15e56c13) ori     s8, a0, 350
core   0: 1 0x00000000800041f2 (0x15e56c13) x24 0x000000000000015e
core   0: 0x00000000800041f6 (0x020a7033) remu    zero, s4, zero
core   0: 1 0x00000000800041f6 (0x020a7033)
core   0: 0x00000000800041fa (0xdb79f9cb) fnmsub.d fs3, fs3, fs7, fs11
core   0: 1 0x00000000800041fa (0xdb79f9cb) f19 0x7ff8000000000000
core   0: 0x00000000800041fe (0x61edce93) xori    t4, s11, 1566
core   0: 1 0x00000000800041fe (0x61edce93) x29 0x000000000000061e
core   0: 0x0000000080004202 (0x000b511b) srliw   sp, s6, 0
core   0: 1 0x0000000080004202 (0x000b511b) x2  0x0000000000000000
core   0: 0x0000000080004206 (0xf2008653) fmv.d.x fa2, ra
core   0: 1 0x0000000080004206 (0xf2008653) f12 0x0000000000000000
core   0: 0x000000008000420a (0x020df053) fadd.d  ft0, fs11, ft0
core   0: 1 0x000000008000420a (0x020df053) f0  0x7ff8000000000000
core   0: 0x000000008000420e (0x23bb21d3) fsgnjx.d ft3, fs6, fs11
core   0: 1 0x000000008000420e (0x23bb21d3) f3  0x4120002200000000
core   0: 0x0000000080004212 (0xc231f453) fcvt.lu.d s0, ft3
core   0: 1 0x0000000080004212 (0xc231f453) x8  0x0000000000080011
core   0: 0x0000000080004216 (0x000a119b) slliw   gp, s4, 0
core   0: 1 0x0000000080004216 (0x000a119b) x3  0x0000000000000000
core   0: 0x000000008000421a (0xd2140e53) fcvt.d.wu ft8, s0
core   0: 1 0x000000008000421a (0xd2140e53) f28 0x4120002200000000
core   0: 0x000000008000421e (0x4032d2bb) sraw    t0, t0, gp
core   0: 1 0x000000008000421e (0x4032d2bb) x5  0x0000000000000000
core   0: 0x0000000080004222 (0xc02e7653) fcvt.l.s a2, ft8
core   0: 1 0x0000000080004222 (0xc02e7653) c1_fflags 0x0000000000000010 x12 0x7fffffffffffffff
core   0: 0x0000000080004226 (0x005444b3) xor     s1, s0, t0
core   0: 1 0x0000000080004226 (0x005444b3) x9  0x0000000000080011
core   0: 0x000000008000422a (0x0191dd3b) srlw    s10, gp, s9
core   0: 1 0x000000008000422a (0x0191dd3b) x26 0x0000000000000000
core   0: 0x000000008000422e (0x0123d893) srli    a7, t2, 18
core   0: 1 0x000000008000422e (0x0123d893) x17 0x0000000000000000
core   0: 0x0000000080004232 (0x4017fad3) fcvt.s.d fs5, fa5
core   0: 1 0x0000000080004232 (0x4017fad3) f21 0xffffffff7fc00000
core   0: 0x0000000080004236 (0xf2088153) fmv.d.x ft2, a7
core   0: 1 0x0000000080004236 (0xf2088153) f2  0x0000000000000000
core   0: 0x000000008000423a (0x5a067353) fsqrt.d ft6, fa2
core   0: 1 0x000000008000423a (0x5a067353) f6  0x0000000000000000
core   0: 0x000000008000423e (0x401a563b) sraw    a2, s4, ra
core   0: 1 0x000000008000423e (0x401a563b) x12 0x0000000000000000
core   0: 0x0000000080004242 (0x00000001) c.nop
core   0: 1 0x0000000080004242 (0x0001)
core   0: 0x0000000080004244 (0xf2060cd3) fmv.d.x fs9, a2
core   0: 1 0x0000000080004244 (0xf2060cd3) f25 0x0000000000000000
core   0: 0x0000000080004248 (0x037c34b3) mulhu   s1, s8, s7
core   0: 1 0x0000000080004248 (0x037c34b3) x9  0x0000000000000000
core   0: 0x000000008000424c (0x03799b33) mulh    s6, s3, s7
core   0: 1 0x000000008000424c (0x03799b33) x22 0x0000000000000000
core   0: 0x0000000080004250 (0x40107253) fcvt.s.d ft4, ft0
core   0: 1 0x0000000080004250 (0x40107253) f4  0xffffffff7fc00000
core   0: 0x0000000080004254 (0x00fa00b3) add     ra, s4, a5
core   0: 1 0x0000000080004254 (0x00fa00b3) x1  0x00000000800041ce
core   0: 0x0000000080004258 (0x13d27153) fmul.d  ft2, ft4, ft9
core   0: 1 0x0000000080004258 (0x13d27153) f2  0x7ff8000000000000
core   0: 0x000000008000425c (0x40125e93) srai    t4, tp, 1
core   0: 1 0x000000008000425c (0x40125e93) x29 0x000000000019026a
core   0: 0x0000000080004260 (0xa5524a13) xori    s4, tp, -1451
core   0: 1 0x0000000080004260 (0xa5524a13) x20 0xffffffffffcdfe80
core   0: 0x0000000080004264 (0x40aa8ebb) subw    t4, s5, a0
core   0: 1 0x0000000080004264 (0x40aa8ebb) x29 0x0000000068000000
core   0: 0x0000000080004268 (0x3233734f) fnmadd.d ft6, ft6, ft3, ft6
core   0: 1 0x0000000080004268 (0x3233734f) f6  0x8000000000000000
core   0: 0x000000008000426c (0x2a2d8dd3) fmin.d  fs11, fs11, ft2
core   0: 1 0x000000008000426c (0x2a2d8dd3) f27 0x7ff8000000000000
core   0: 0x0000000080004270 (0x2ab19b53) fmax.d  fs6, ft3, fa1
core   0: 1 0x0000000080004270 (0x2ab19b53) f22 0x4120002200000000
core   0: 0x0000000080004274 (0xb2db76c7) fmsub.d fa3, fs6, fa3, fs6
core   0: 1 0x0000000080004274 (0xb2db76c7) f13 0x7ff8000000000000
core   0: 0x0000000080004278 (0xd20383d3) fcvt.d.w ft7, t2
core   0: 1 0x0000000080004278 (0xd20383d3) f7  0x0000000000000000
core   0: 0x000000008000427c (0x00051193) slli    gp, a0, 0
core   0: 1 0x000000008000427c (0x00051193) x3  0x0000000000000000
core   0: 0x0000000080004280 (0x029c08bb) mulw    a7, s8, s1
core   0: 1 0x0000000080004280 (0x029c08bb) x17 0x0000000000000000
core   0: 0x0000000080004284 (0x41615bbb) sraw    s7, sp, s6
core   0: 1 0x0000000080004284 (0x41615bbb) x23 0x0000000000000000
core   0: 0x0000000080004288 (0x01d306b3) add     a3, t1, t4
core   0: 1 0x0000000080004288 (0x01d306b3) x13 0xffffffffe8012470
core   0: 0x000000008000428c (0x401bfcd3) fcvt.s.d fs9, fs7
core   0: 1 0x000000008000428c (0x401bfcd3) f25 0xffffffff7fc00000
core   0: 0x0000000080004290 (0xc204f5d3) fcvt.w.d a1, fs1
core   0: 1 0x0000000080004290 (0xc204f5d3) c1_fflags 0x0000000000000010 x11 0x000000007fffffff
core   0: 0x0000000080004294 (0xc2327953) fcvt.lu.d s2, ft4
core   0: 1 0x0000000080004294 (0xc2327953) c1_fflags 0x0000000000000010 x18 0xffffffffffffffff
core   0: 0x0000000080004298 (0x00054893) xori    a7, a0, 0
core   0: 1 0x0000000080004298 (0x00054893) x17 0x0000000000000000
core   0: 0x000000008000429c (0x00c9f933) and     s2, s3, a2
core   0: 1 0x000000008000429c (0x00c9f933) x18 0x0000000000000000
core   0: 0x00000000800042a0 (0x745812b7) lui     t0, 0x74581
core   0: 1 0x00000000800042a0 (0x745812b7) x5  0x0000000074581000
core   0: 0x00000000800042a4 (0x5a0bf3d3) fsqrt.d ft7, fs7
core   0: 1 0x00000000800042a4 (0x5a0bf3d3) f7  0x7ff8000000000000
core   0: 0x00000000800042a8 (0xc23a7553) fcvt.lu.d a0, fs4
core   0: 1 0x00000000800042a8 (0xc23a7553) x10 0x0000000000000a00
core   0: 0x00000000800042ac (0x03746a3b) remw    s4, s0, s7
core   0: 1 0x00000000800042ac (0x03746a3b) x20 0x0000000000080011
core   0: 0x00000000800042b0 (0xa276f2cf) fnmadd.d ft5, fa3, ft7, fs4
core   0: 1 0x00000000800042b0 (0xa276f2cf) f5  0x7ff8000000000000
core   0: 0x00000000800042b4 (0x010b9333) sll     t1, s7, a6
core   0: 1 0x00000000800042b4 (0x010b9333) x6  0x0000000000000000
core   0: 0x00000000800042b8 (0x00000001) c.nop
core   0: 1 0x00000000800042b8 (0x0001)
core   0: 0x00000000800042ba (0x01ba2b33) slt     s6, s4, s11
core   0: 1 0x00000000800042ba (0x01ba2b33) x22 0x0000000000000000
core   0: 0x00000000800042be (0x0362ce33) div     t3, t0, s6
core   0: 1 0x00000000800042be (0x0362ce33) x28 0xffffffffffffffff
core   0: 0x00000000800042c2 (0x40ddd49b) sraiw   s1, s11, 13
core   0: 1 0x00000000800042c2 (0x40ddd49b) x9  0x0000000000000000
core   0: 0x00000000800042c6 (0x0195ad33) slt     s10, a1, s9
core   0: 1 0x00000000800042c6 (0x0195ad33) x26 0x0000000000000000
core   0: 0x00000000800042ca (0xe20f8153) fmv.x.d sp, ft11
core   0: 1 0x00000000800042ca (0xe20f8153) x2  0x7ff8000000000000
core   0: 0x00000000800042ce (0x0ff0000f) fence   iorw,iorw
core   0: 1 0x00000000800042ce (0x0ff0000f)
core   0: 0x00000000800042d2 (0x4149d933) sra     s2, s3, s4
core   0: 1 0x00000000800042d2 (0x4149d933) x18 0x0000000000000000
core   0: 0x00000000800042d6 (0x02a06a3b) remw    s4, zero, a0
core   0: 1 0x00000000800042d6 (0x02a06a3b) x20 0x0000000000000000
core   0: 0x00000000800042da (0x41760533) sub     a0, a2, s7
core   0: 1 0x00000000800042da (0x41760533) x10 0x0000000000000000
core   0: 0x00000000800042de (0x4103de3b) sraw    t3, t2, a6
core   0: 1 0x00000000800042de (0x4103de3b) x28 0x0000000000000000
core   0: 0x00000000800042e2 (0x1a880893) addi    a7, a6, 424
core   0: 1 0x00000000800042e2 (0x1a880893) x17 0x00000000001248a8
core   0: 0x00000000800042e6 (0xd21304d3) fcvt.d.wu fs1, t1
core   0: 1 0x00000000800042e6 (0xd21304d3) f9  0x0000000000000000
core   0: 0x00000000800042ea (0x2a9888d3) fmin.d  fa7, fa7, fs1
core   0: 1 0x00000000800042ea (0x2a9888d3) f17 0x0000000000000000
core   0: 0x00000000800042ee (0x00000001) c.nop
core   0: 1 0x00000000800042ee (0x0001)
core   0: 0x00000000800042f0 (0xd2030453) fcvt.d.w fs0, t1
core   0: 1 0x00000000800042f0 (0xd2030453) f8  0x0000000000000000
core   0: 0x00000000800042f4 (0x00478e33) add     t3, a5, tp
core   0: 1 0x00000000800042f4 (0x00478e33) x28 0x00000000803246a3
core   0: 0x00000000800042f8 (0xd235f753) fcvt.d.lu fa4, a1
core   0: 1 0x00000000800042f8 (0xd235f753) f14 0x41dfffffffc00000
core   0: 0x00000000800042fc (0x0ff0000f) fence   iorw,iorw
core   0: 1 0x00000000800042fc (0x0ff0000f)
core   0: 0x0000000080004300 (0x4172d833) sra     a6, t0, s7
core   0: 1 0x0000000080004300 (0x4172d833) x16 0x0000000074581000
core   0: 0x0000000080004304 (0xc20470d3) fcvt.w.d ra, fs0
core   0: 1 0x0000000080004304 (0xc20470d3) x1  0x0000000000000000
core   0: 0x0000000080004308 (0x03371333) mulh    t1, a4, s3
core   0: 1 0x0000000080004308 (0x03371333) x6  0x0000000000000000
core   0: 0x000000008000430c (0x00074233) xor     tp, a4, zero
core   0: 1 0x000000008000430c (0x00074233) x4  0x0000000000000002
core   0: 0x0000000080004310 (0x033233b3) mulhu   t2, tp, s3
core   0: 1 0x0000000080004310 (0x033233b3) x7  0x0000000000000000
core   0: 0x0000000080004314 (0x028a6033) rem     zero, s4, s0
core   0: 1 0x0000000080004314 (0x028a6033)
core   0: 0x0000000080004318 (0xd02a7ad3) fcvt.s.l fs5, s4
core   0: 1 0x0000000080004318 (0xd02a7ad3) f21 0xffffffff00000000
core   0: 0x000000008000431c (0x0e0c7413) andi    s0, s8, 224
core   0: 1 0x000000008000431c (0x0e0c7413) x8  0x0000000000000040
core   0: 0x0000000080004320 (0x2bb58753) fmin.d  fa4, fa1, fs11
core   0: 1 0x0000000080004320 (0x2bb58753) f14 0x7ff8000000000000
core   0: 0x0000000080004324 (0xc03dfa53) fcvt.lu.s s4, fs11
core   0: 1 0x0000000080004324 (0xc03dfa53) c1_fflags 0x0000000000000010 x20 0xffffffffffffffff
core   0: 0x0000000080004328 (0x0006dd9b) srliw   s11, a3, 0
core   0: 1 0x0000000080004328 (0x0006dd9b) x27 0xffffffffe8012470
core   0: 0x000000008000432c (0x03a477bb) remuw   a5, s0, s10
core   0: 1 0x000000008000432c (0x03a477bb) x15 0x0000000000000040
core   0: 0x0000000080004330 (0x40448233) sub     tp, s1, tp
core   0: 1 0x0000000080004330 (0x40448233) x4  0xfffffffffffffffe
core   0: 0x0000000080004334 (0x00000001) c.nop
core   0: 1 0x0000000080004334 (0x0001)
core   0: 0x0000000080004336 (0xf20480d3) fmv.d.x ft1, s1
core   0: 1 0x0000000080004336 (0xf20480d3) f1  0x0000000000000000
core   0: 0x000000008000433a (0xd22873d3) fcvt.d.l ft7, a6
core   0: 1 0x000000008000433a (0xd22873d3) f7  0x41dd160400000000
core   0: 0x000000008000433e (0x038598b3) mulh    a7, a1, s8
core   0: 1 0x000000008000433e (0x038598b3) x17 0x0000000000000000
core   0: 0x0000000080004342 (0x0220713b) remuw   sp, zero, sp
core   0: 1 0x0000000080004342 (0x0220713b) x2  0x0000000000000000
core   0: 0x0000000080004346 (0xd0307a53) fcvt.s.lu fs4, zero
core   0: 1 0x0000000080004346 (0xd0307a53) f20 0xffffffff00000000
core   0: 0x000000008000434a (0x2a528853) fmin.d  fa6, ft5, ft5
core   0: 1 0x000000008000434a (0x2a528853) f16 0x7ff8000000000000
core   0: 0x000000008000434e (0xc0387d53) fcvt.lu.s s10, fa6
core   0: 1 0x000000008000434e (0xc0387d53) c1_fflags 0x0000000000000010 x26 0xffffffffffffffff
core   0: 0x0000000080004352 (0x40900dbb) subw    s11, zero, s1
core   0: 1 0x0000000080004352 (0x40900dbb) x27 0x0000000000000000
core   0: 0x0000000080004356 (0x03bd98b3) mulh    a7, s11, s11
core   0: 1 0x0000000080004356 (0x03bd98b3) x17 0x0000000000000000
core   0: 0x000000008000435a (0x02a894b3) mulh    s1, a7, a0
core   0: 1 0x000000008000435a (0x02a894b3) x9  0x0000000000000000
core   0: 0x000000008000435e (0x018490bb) sllw    ra, s1, s8
core   0: 1 0x000000008000435e (0x018490bb) x1  0x0000000000000000
core   0: 0x0000000080004362 (0x02a65593) srli    a1, a2, 42
core   0: 1 0x0000000080004362 (0x02a65593) x11 0x0000000000000000
core   0: 0x0000000080004366 (0xe20e02d3) fmv.x.d t0, ft8
core   0: 1 0x0000000080004366 (0xe20e02d3) x5  0x4120002200000000
core   0: 0x000000008000436a (0x001028f3) csrrs   a7, fflags, zero
core   0: 1 0x000000008000436a (0x001028f3) x17 0x0000000000000010
core   0: 0x000000008000436e (0xc02970d3) fcvt.l.s ra, fs2
core   0: 1 0x000000008000436e (0xc02970d3) c1_fflags 0x0000000000000010 x1  0x7fffffffffffffff
core   0: 0x0000000080004372 (0xc23a7ed3) fcvt.lu.d t4, fs4
core   0: 1 0x0000000080004372 (0xc23a7ed3) c1_fflags 0x0000000000000010 x29 0xffffffffffffffff
core   0: 0x0000000080004376 (0x0ff0000f) fence   iorw,iorw
core   0: 1 0x0000000080004376 (0x0ff0000f)
core   0: 0x000000008000437a (0x00000001) c.nop
core   0: 1 0x000000008000437a (0x0001)
core   0: 0x000000008000437c (0xa34a7ac3) fmadd.d fs5, fs4, fs4, fs4
core   0: 1 0x000000008000437c (0xa34a7ac3) f21 0x7ff8000000000000
core   0: 0x0000000080004380 (0x00846233) or      tp, s0, s0
core   0: 1 0x0000000080004380 (0x00846233) x4  0x0000000000000040
core   0: 0x0000000080004384 (0x5bb17297) auipc   t0, 0x5bb17
core   0: 1 0x0000000080004384 (0x5bb17297) x5  0x00000000dbb1b384
core   0: 0x0000000080004388 (0x00000001) c.nop
core   0: 1 0x0000000080004388 (0x0001)
core   0: 0x000000008000438a (0x03176733) rem     a4, a4, a7
core   0: 1 0x000000008000438a (0x03176733) x14 0x0000000000000002
core   0: 0x000000008000438e (0x4094de33) sra     t3, s1, s1
core   0: 1 0x000000008000438e (0x4094de33) x28 0x0000000000000000
core   0: 0x0000000080004392 (0x0204cb3b) divw    s6, s1, zero
core   0: 1 0x0000000080004392 (0x0204cb3b) x22 0xffffffffffffffff
core   0: 0x0000000080004396 (0x02a84233) div     tp, a6, a0
core   0: 1 0x0000000080004396 (0x02a84233) x4  0xffffffffffffffff
core   0: 0x000000008000439a (0x0318f2d3) fadd.d  ft5, fa7, fa7
core   0: 1 0x000000008000439a (0x0318f2d3) f5  0x0000000000000000
core   0: 0x000000008000439e (0x00000001) c.nop
core   0: 1 0x000000008000439e (0x0001)
core   0: 0x00000000800043a0 (0x011246b3) xor     a3, tp, a7
core   0: 1 0x00000000800043a0 (0x011246b3) x13 0xffffffffffffffef
core   0: 0x00000000800043a4 (0xf3e8f943) fmadd.d fs2, fa7, ft10, ft10
core   0: 1 0x00000000800043a4 (0xf3e8f943) f18 0x7ff8000000000000
core   0: 0x00000000800043a8 (0xd231f7d3) fcvt.d.lu fa5, gp
core   0: 1 0x00000000800043a8 (0xd231f7d3) f15 0x0000000000000000
core   0: 0x00000000800043ac (0x0348fd3b) remuw   s10, a7, s4
core   0: 1 0x00000000800043ac (0x0348fd3b) x26 0x0000000000000010
core   0: 0x00000000800043b0 (0x0ff0000f) fence   iorw,iorw
core   0: 1 0x00000000800043b0 (0x0ff0000f)
core   0: 0x00000000800043b4 (0x0092941b) slliw   s0, t0, 9
core   0: 1 0x00000000800043b4 (0x0092941b) x8  0x0000000063670800
core   0: 0x00000000800043b8 (0xb82323f3) csrrs   t2, minstreth, t1
core   0: exception trap_illegal_instruction, epc 0x00000000800043b8
core   0:           tval 0x00000000b82323f3
core   0: >>>>  $xrv64i2p1_m2p0_a2p1_f2p2_d2p2_zicsr2p0_zifencei2p0_zmmul1p0_zba1p0_zbb1p0_zbc1p0_zbs1p0
core   0: 0x0000000080004000 (0x0080006f) j       pc + 0x8
core   0: 3 0x0000000080004000 (0x0080006f)
core   0: >>>>  mmode_exception_handler
core   0: 0x0000000080004008 (0x00002c17) auipc   s8, 0x2
core   0: 3 0x0000000080004008 (0x00002c17) x24 0x0000000080006008
core   0: 0x000000008000400c (0x090c0c13) addi    s8, s8, 144
core   0: 3 0x000000008000400c (0x090c0c13) x24 0x0000000080006098
core   0: 0x0000000080004010 (0x000c00e7) jalr    s8
core   0: 3 0x0000000080004010 (0x000c00e7) x1  0x0000000080004014
core   0: >>>>  any_handler
core   0: 0x0000000080006098 (0x341027f3) csrrs   a5, mepc, zero
core   0: 3 0x0000000080006098 (0x341027f3) x15 0x00000000800043b8
core   0: 0x000000008000609c (0x34202773) csrrs   a4, mcause, zero
core   0: 3 0x000000008000609c (0x34202773) x14 0x0000000000000002
core   0: 0x00000000800060a0 (0x142026f3) csrrs   a3, scause, zero
core   0: 3 0x00000000800060a0 (0x142026f3) x13 0x0000000000000000
core   0: 0x00000000800060a4 (0x30402673) csrrs   a2, mie, zero
core   0: 3 0x00000000800060a4 (0x30402673) x12 0x0000000000000a00
core   0: 0x00000000800060a8 (0x344025f3) csrrs   a1, mip, zero
core   0: 3 0x00000000800060a8 (0x344025f3) x11 0x0000000000000080
core   0: 0x00000000800060ac (0x343025f3) csrrs   a1, mtval, zero
core   0: 3 0x00000000800060ac (0x343025f3) x11 0x00000000b82323f3
core   0: 0x00000000800060b0 (0x14302573) csrrs   a0, stval, zero
core   0: 3 0x00000000800060b0 (0x14302573) x10 0x0000000000000000
core   0: 0x00000000800060b4 (0xb02024f3) csrrs   s1, minstret, zero
core   0: 3 0x00000000800060b4 (0xb02024f3) x9  0x00000000000008e0
core   0: 0x00000000800060b8 (0x0000a811) c.j     pc + 20
core   0: 3 0x00000000800060b8 (0xa811)
core   0: >>>>  mepc_4
core   0: 0x00000000800060cc (0x00000791) c.addi  a5, 4
core   0: 3 0x00000000800060cc (0x0791) x15 0x00000000800043bc
core   0: 0x00000000800060ce (0x34179073) csrrw   zero, mepc, a5
core   0: 3 0x00000000800060ce (0x34179073) c833_mepc 0x00000000800043bc
core   0: 0x00000000800060d2 (0x30200073) mret
core   0: 3 0x00000000800060d2 (0x30200073) c768_mstatus 0x8000000a00106080
core   0: 0x00000000800043bc (0x00136c93) ori     s9, t1, 1
core   0: 1 0x00000000800043bc (0x00136c93) x25 0x0000000000000001
core   0: 0x00000000800043c0 (0x0253f23b) remuw   tp, t2, t0
core   0: 1 0x00000000800043c0 (0x0253f23b) x4  0x0000000000000000
core   0: 0x00000000800043c4 (0x03fd5513) srli    a0, s10, 63
core   0: 1 0x00000000800043c4 (0x03fd5513) x10 0x0000000000000000
core   0: 0x00000000800043c8 (0x2a170cd3) fmin.d  fs9, fa4, ft1
core   0: 1 0x00000000800043c8 (0x2a170cd3) f25 0x0000000000000000
core   0: 0x00000000800043cc (0xffd0beb7) lui     t4, 0xffd0b
core   0: 1 0x00000000800043cc (0xffd0beb7) x29 0xffffffffffd0b000
core   0: 0x00000000800043d0 (0x159e8e9b) addiw   t4, t4, 345
core   0: 1 0x00000000800043d0 (0x159e8e9b) x29 0xffffffffffd0b159
core   0: 0x00000000800043d4 (0x00000ec6) c.slli  t4, 17
core   0: 1 0x00000000800043d4 (0x0ec6) x29 0xffffffa162b20000
core   0: 0x00000000800043d6 (0x6b4e8e93) addi    t4, t4, 1716
core   0: 1 0x00000000800043d6 (0x6b4e8e93) x29 0xffffffa162b206b4
core   0: 0x00000000800043da (0x0081913b) sllw    sp, gp, s0
core   0: 1 0x00000000800043da (0x0081913b) x2  0x0000000000000000
core   0: 0x00000000800043de (0x0109923b) sllw    tp, s3, a6
core   0: 1 0x00000000800043de (0x0109923b) x4  0x0000000000000000
core   0: 0x00000000800043e2 (0x03dd23b3) mulhsu  t2, s10, t4
core   0: 1 0x00000000800043e2 (0x03dd23b3) x7  0x000000000000000f
core   0: 0x00000000800043e6 (0x1aacf6d3) fdiv.d  fa3, fs9, fa0
core   0: 1 0x00000000800043e6 (0x1aacf6d3) f13 0x7ff8000000000000
core   0: 0x00000000800043ea (0x02bedab3) divu    s5, t4, a1
core   0: 1 0x00000000800043ea (0x02bedab3) x21 0x0000000163e88c52
core   0: 0x00000000800043ee (0x2ae99f53) fmax.d  ft10, fs3, fa4
core   0: 1 0x00000000800043ee (0x2ae99f53) f30 0x7ff8000000000000
core   0: 0x00000000800043f2 (0x00a9cdb3) xor     s11, s3, a0
core   0: 1 0x00000000800043f2 (0x00a9cdb3) x27 0x0000000000000000
core   0: 0x00000000800043f6 (0x013d803b) addw    zero, s11, s3
core   0: 1 0x00000000800043f6 (0x013d803b)
core   0: 0x00000000800043fa (0x85db6137) lui     sp, 0x85db6
core   0: 1 0x00000000800043fa (0x85db6137) x2  0xffffffff85db6000
core   0: 0x00000000800043fe (0xd20102d3) fcvt.d.w ft5, sp
core   0: 1 0x00000000800043fe (0xd20102d3) f5  0xc1de892800000000
core   0: 0x0000000080004402 (0x031b6b3b) remw    s6, s6, a7
core   0: 1 0x0000000080004402 (0x031b6b3b) x22 0xffffffffffffffff
core   0: 0x0000000080004406 (0x02a3603b) remw    zero, t1, a0
core   0: 1 0x0000000080004406 (0x02a3603b)
core   0: 0x000000008000440a (0x002096f3) csrrw   a3, frm, ra
core   0: 1 0x000000008000440a (0x002096f3) x13 0x0000000000000004 c2_frm 0x0000000000000004
core   0: 0x000000008000440e (0x1bab7dd3) fdiv.d  fs11, fs6, fs10
core   0: 1 0x000000008000440e (0x1bab7dd3) f27 0x7ff8000000000000
core   0: 0x0000000080004412 (0x01dc503b) srlw    zero, s8, t4
core   0: 1 0x0000000080004412 (0x01dc503b)
core   0: 0x0000000080004416 (0x01d39d33) sll     s10, t2, t4
core   0: 1 0x0000000080004416 (0x01d39d33) x26 0x00f0000000000000
core   0: 0x000000008000441a (0xf9cd8893) addi    a7, s11, -100
core   0: 1 0x000000008000441a (0xf9cd8893) x17 0xffffffffffffff9c
core   0: 0x000000008000441e (0x036efeb3) remu    t4, t4, s6
core   0: 1 0x000000008000441e (0x036efeb3) x29 0xffffffa162b206b4
core   0: 0x0000000080004422 (0x01de901b) slliw   zero, t4, 29
core   0: 1 0x0000000080004422 (0x01de901b)
core   0: 0x0000000080004426 (0x03dc3eb3) mulhu   t4, s8, t4
core   0: 1 0x0000000080004426 (0x03dc3eb3) x29 0x0000000080006068
core   0: 0x000000008000442a (0xd03ef153) fcvt.s.lu ft2, t4
core   0: 1 0x000000008000442a (0xd03ef153) c1_fflags 0x0000000000000011 f2  0xffffffff4f000060
core   0: 0x000000008000442e (0xd02ef2d3) fcvt.s.l ft5, t4
core   0: 1 0x000000008000442e (0xd02ef2d3) c1_fflags 0x0000000000000011 f5  0xffffffff4f000060
core   0: 0x0000000080004432 (0x032970bb) remuw   ra, s2, s2
core   0: 1 0x0000000080004432 (0x032970bb) x1  0x0000000000000000
core   0: 0x0000000080004436 (0x00b27733) and     a4, tp, a1
core   0: 1 0x0000000080004436 (0x00b27733) x14 0x0000000000000000
core   0: 0x000000008000443a (0x0015c633) xor     a2, a1, ra
core   0: 1 0x000000008000443a (0x0015c633) x12 0x00000000b82323f3
core   0: 0x000000008000443e (0xef520993) addi    s3, tp, -267
core   0: 1 0x000000008000443e (0xef520993) x19 0xfffffffffffffef5
core   0: 0x0000000080004442 (0x0274603b) remw    zero, s0, t2
core   0: 1 0x0000000080004442 (0x0274603b)
core   0: 0x0000000080004446 (0x41a10d33) sub     s10, sp, s10
core   0: 1 0x0000000080004446 (0x41a10d33) x26 0xff0fffff85db6000
core   0: 0x000000008000444a (0x100990f3) csrrw   ra, sstatus, s3
core   0: 1 0x000000008000444a (0x100990f3) x1  0x8000000200006000 c768_mstatus 0x8000000a001c60a0
core   0: 0x000000008000444e (0x0ad6f753) fsub.d  fa4, fa3, fa3
core   0: 1 0x000000008000444e (0x0ad6f753) f14 0x7ff8000000000000
core   0: 0x0000000080004452 (0x00d47933) and     s2, s0, a3
core   0: 1 0x0000000080004452 (0x00d47933) x18 0x0000000000000000
core   0: 0x0000000080004456 (0xc0653bf3) csrrc   s7, hpmcounter6, a0
core   0: exception trap_illegal_instruction, epc 0x0000000080004456
core   0:           tval 0x00000000c0653bf3
core   0: >>>>  $xrv64i2p1_m2p0_a2p1_f2p2_d2p2_zicsr2p0_zifencei2p0_zmmul1p0_zba1p0_zbb1p0_zbc1p0_zbs1p0
core   0: 0x0000000080004000 (0x0080006f) j       pc + 0x8
core   0: 3 0x0000000080004000 (0x0080006f)
core   0: >>>>  mmode_exception_handler
core   0: 0x0000000080004008 (0x00002c17) auipc   s8, 0x2
core   0: 3 0x0000000080004008 (0x00002c17) x24 0x0000000080006008
core   0: 0x000000008000400c (0x090c0c13) addi    s8, s8, 144
core   0: 3 0x000000008000400c (0x090c0c13) x24 0x0000000080006098
core   0: 0x0000000080004010 (0x000c00e7) jalr    s8
core   0: 3 0x0000000080004010 (0x000c00e7) x1  0x0000000080004014
core   0: >>>>  any_handler
core   0: 0x0000000080006098 (0x341027f3) csrrs   a5, mepc, zero
core   0: 3 0x0000000080006098 (0x341027f3) x15 0x0000000080004456
core   0: 0x000000008000609c (0x34202773) csrrs   a4, mcause, zero
core   0: 3 0x000000008000609c (0x34202773) x14 0x0000000000000002
core   0: 0x00000000800060a0 (0x142026f3) csrrs   a3, scause, zero
core   0: 3 0x00000000800060a0 (0x142026f3) x13 0x0000000000000000
core   0: 0x00000000800060a4 (0x30402673) csrrs   a2, mie, zero
core   0: 3 0x00000000800060a4 (0x30402673) x12 0x0000000000000a00
core   0: 0x00000000800060a8 (0x344025f3) csrrs   a1, mip, zero
core   0: 3 0x00000000800060a8 (0x344025f3) x11 0x0000000000000080
core   0: 0x00000000800060ac (0x343025f3) csrrs   a1, mtval, zero
core   0: 3 0x00000000800060ac (0x343025f3) x11 0x00000000c0653bf3
core   0: 0x00000000800060b0 (0x14302573) csrrs   a0, stval, zero
core   0: 3 0x00000000800060b0 (0x14302573) x10 0x0000000000000000
core   0: 0x00000000800060b4 (0xb02024f3) csrrs   s1, minstret, zero
core   0: 3 0x00000000800060b4 (0xb02024f3) x9  0x0000000000000917
core   0: 0x00000000800060b8 (0x0000a811) c.j     pc + 20
core   0: 3 0x00000000800060b8 (0xa811)
core   0: >>>>  mepc_4
core   0: 0x00000000800060cc (0x00000791) c.addi  a5, 4
core   0: 3 0x00000000800060cc (0x0791) x15 0x000000008000445a
core   0: 0x00000000800060ce (0x34179073) csrrw   zero, mepc, a5
core   0: 3 0x00000000800060ce (0x34179073) c833_mepc 0x000000008000445a
core   0: 0x00000000800060d2 (0x30200073) mret
core   0: 3 0x00000000800060d2 (0x30200073) c768_mstatus 0x8000000a001c60a0
core   0: 0x000000008000445a (0x01f2921b) slliw   tp, t0, 31
core   0: 1 0x000000008000445a (0x01f2921b) x4  0x0000000000000000
core   0: 0x000000008000445e (0x03de45b3) div     a1, t3, t4
core   0: 1 0x000000008000445e (0x03de45b3) x11 0x0000000000000000
core   0: 0x0000000080004462 (0xfbaa73cf) fnmadd.d ft7, fs4, fs10, ft11
core   0: 1 0x0000000080004462 (0xfbaa73cf) f7  0x7ff8000000000000
core   0: 0x0000000080004466 (0x035b0ab3) mul     s5, s6, s5
core   0: 1 0x0000000080004466 (0x035b0ab3) x21 0xfffffffe9c1773ae
core   0: 0x000000008000446a (0xd038f6d3) fcvt.s.lu fa3, a7
core   0: 1 0x000000008000446a (0xd038f6d3) c1_fflags 0x0000000000000011 f13 0xffffffff5f800000
core   0: 0x000000008000446e (0x03a63d33) mulhu   s10, a2, s10
core   0: 1 0x000000008000446e (0x03a63d33) x26 0x00000000000009f6
core   0: 0x0000000080004472 (0x62c6f1cf) fnmadd.d ft3, fa3, fa2, fa2
core   0: 1 0x0000000080004472 (0x62c6f1cf) f3  0x7ff8000000000000
core   0: 0x0000000080004476 (0x401b7253) fcvt.s.d ft4, fs6
core   0: 1 0x0000000080004476 (0x401b7253) f4  0xffffffff49000110
core   0: 0x000000008000447a (0x037ad733) divu    a4, s5, s7
core   0: 1 0x000000008000447a (0x037ad733) x14 0xffffffffffffffff
core   0: 0x000000008000447e (0x9e1a8b13) addi    s6, s5, -1567
core   0: 1 0x000000008000447e (0x9e1a8b13) x22 0xfffffffe9c176d8f
core   0: 0x0000000080004482 (0x12c679d3) fmul.d  fs3, fa2, fa2
core   0: 1 0x0000000080004482 (0x12c679d3) f19 0x0000000000000000
core   0: 0x0000000080004486 (0xc024f953) fcvt.l.s s2, fs1
core   0: 1 0x0000000080004486 (0xc024f953) c1_fflags 0x0000000000000011 x18 0x7fffffffffffffff
core   0: 0x000000008000448a (0x40f8043b) subw    s0, a6, a5
core   0: 1 0x000000008000448a (0x40f8043b) x8  0xfffffffff457cba6
core   0: 0x000000008000448e (0x22561c53) fsgnjn.d fs8, fa2, ft5
core   0: 1 0x000000008000448e (0x22561c53) f24 0x0000000000000000
core   0: 0x0000000080004492 (0x42008a53) fcvt.d.s fs4, ft1
core   0: 1 0x0000000080004492 (0x42008a53) f20 0x7ff8000000000000
core   0: 0x0000000080004496 (0x4049d23b) sraw    tp, s3, tp
core   0: 1 0x0000000080004496 (0x4049d23b) x4  0xfffffffffffffef5
core   0: 0x000000008000449a (0x25868597) auipc   a1, 0x25868
core   0: 1 0x000000008000449a (0x25868597) x11 0x00000000a586c49a
core   0: 0x000000008000449e (0xc23a7a53) fcvt.lu.d s4, fs4
core   0: 1 0x000000008000449e (0xc23a7a53) c1_fflags 0x0000000000000011 x20 0xffffffffffffffff
core   0: 0x00000000800044a2 (0x4142023b) subw    tp, tp, s4
core   0: 1 0x00000000800044a2 (0x4142023b) x4  0xfffffffffffffef6
core   0: 0x00000000800044a6 (0x03423db3) mulhu   s11, tp, s4
core   0: 1 0x00000000800044a6 (0x03423db3) x27 0xfffffffffffffef5
core   0: 0x00000000800044aa (0x62d47493) andi    s1, s0, 1581
core   0: 1 0x00000000800044aa (0x62d47493) x9  0x0000000000000224
core   0: 0x00000000800044ae (0x400409b3) sub     s3, s0, zero
core   0: 1 0x00000000800044ae (0x400409b3) x19 0xfffffffff457cba6
core   0: 0x00000000800044b2 (0x01de8e3b) addw    t3, t4, t4
core   0: 1 0x00000000800044b2 (0x01de8e3b) x28 0x000000000000c0d0
core   0: 0x00000000800044b6 (0x40157053) fcvt.s.d ft0, fa0
core   0: 1 0x00000000800044b6 (0x40157053) f0  0xffffffff7fc00000
core   0: 0x00000000800044ba (0x016e2433) slt     s0, t3, s6
core   0: 1 0x00000000800044ba (0x016e2433) x8  0x0000000000000000
core   0: 0x00000000800044be (0xc2057953) fcvt.w.d s2, fa0
core   0: 1 0x00000000800044be (0xc2057953) c1_fflags 0x0000000000000011 x18 0x000000007fffffff
core   0: 0x00000000800044c2 (0x0006d793) srli    a5, a3, 0
core   0: 1 0x00000000800044c2 (0x0006d793) x15 0x0000000000000000
core   0: 0x00000000800044c6 (0xc02068f3) csrrsi  a7, instret, 0
core   0: exception trap_illegal_instruction, epc 0x00000000800044c6
core   0:           tval 0x00000000c02068f3
core   0: >>>>  $xrv64i2p1_m2p0_a2p1_f2p2_d2p2_zicsr2p0_zifencei2p0_zmmul1p0_zba1p0_zbb1p0_zbc1p0_zbs1p0
core   0: 0x0000000080004000 (0x0080006f) j       pc + 0x8
core   0: 3 0x0000000080004000 (0x0080006f)
core   0: >>>>  mmode_exception_handler
core   0: 0x0000000080004008 (0x00002c17) auipc   s8, 0x2
core   0: 3 0x0000000080004008 (0x00002c17) x24 0x0000000080006008
core   0: 0x000000008000400c (0x090c0c13) addi    s8, s8, 144
core   0: 3 0x000000008000400c (0x090c0c13) x24 0x0000000080006098
core   0: 0x0000000080004010 (0x000c00e7) jalr    s8
core   0: 3 0x0000000080004010 (0x000c00e7) x1  0x0000000080004014
core   0: >>>>  any_handler
core   0: 0x0000000080006098 (0x341027f3) csrrs   a5, mepc, zero
core   0: 3 0x0000000080006098 (0x341027f3) x15 0x00000000800044c6
core   0: 0x000000008000609c (0x34202773) csrrs   a4, mcause, zero
core   0: 3 0x000000008000609c (0x34202773) x14 0x0000000000000002
core   0: 0x00000000800060a0 (0x142026f3) csrrs   a3, scause, zero
core   0: 3 0x00000000800060a0 (0x142026f3) x13 0x0000000000000000
core   0: 0x00000000800060a4 (0x30402673) csrrs   a2, mie, zero
core   0: 3 0x00000000800060a4 (0x30402673) x12 0x0000000000000a00
core   0: 0x00000000800060a8 (0x344025f3) csrrs   a1, mip, zero
core   0: 3 0x00000000800060a8 (0x344025f3) x11 0x0000000000000080
core   0: 0x00000000800060ac (0x343025f3) csrrs   a1, mtval, zero
core   0: 3 0x00000000800060ac (0x343025f3) x11 0x00000000c02068f3
core   0: 0x00000000800060b0 (0x14302573) csrrs   a0, stval, zero
core   0: 3 0x00000000800060b0 (0x14302573) x10 0x0000000000000000
core   0: 0x00000000800060b4 (0xb02024f3) csrrs   s1, minstret, zero
core   0: 3 0x00000000800060b4 (0xb02024f3) x9  0x0000000000000942
core   0: 0x00000000800060b8 (0x0000a811) c.j     pc + 20
core   0: 3 0x00000000800060b8 (0xa811)
core   0: >>>>  mepc_4
core   0: 0x00000000800060cc (0x00000791) c.addi  a5, 4
core   0: 3 0x00000000800060cc (0x0791) x15 0x00000000800044ca
core   0: 0x00000000800060ce (0x34179073) csrrw   zero, mepc, a5
core   0: 3 0x00000000800060ce (0x34179073) c833_mepc 0x00000000800044ca
core   0: 0x00000000800060d2 (0x30200073) mret
core   0: 3 0x00000000800060d2 (0x30200073) c768_mstatus 0x8000000a001c60a0
core   0: 0x00000000800044ca (0x00000001) c.nop
core   0: 1 0x00000000800044ca (0x0001)
core   0: 0x00000000800044cc (0x012b5a13) srli    s4, s6, 18
core   0: 1 0x00000000800044cc (0x012b5a13) x20 0x00003fffffffa705
core   0: 0x00000000800044d0 (0x400a5093) srai    ra, s4, 0
core   0: 1 0x00000000800044d0 (0x400a5093) x1  0x00003fffffffa705
core   0: 0x00000000800044d4 (0x024cd5bb) divuw   a1, s9, tp
core   0: 1 0x00000000800044d4 (0x024cd5bb) x11 0x0000000000000000
core   0: 0x00000000800044d8 (0x00000001) c.nop
core   0: 1 0x00000000800044d8 (0x0001)
core   0: 0x00000000800044da (0x00102673) csrrs   a2, fflags, zero
core   0: 1 0x00000000800044da (0x00102673) x12 0x0000000000000011
core   0: 0x00000000800044de (0x408ed433) sra     s0, t4, s0
core   0: 1 0x00000000800044de (0x408ed433) x8  0x0000000080006068
core   0: 0x00000000800044e2 (0x83da70c7) fmsub.d ft1, fs4, ft9, fa6
core   0: 1 0x00000000800044e2 (0x83da70c7) f1  0x7ff8000000000000
core   0: 0x00000000800044e6 (0x8333f84b) fnmsub.d fa6, ft7, fs3, fa6
core   0: 1 0x00000000800044e6 (0x8333f84b) f16 0x7ff8000000000000
core   0: 0x00000000800044ea (0xd0347f53) fcvt.s.lu ft10, s0
core   0: 1 0x00000000800044ea (0xd0347f53) c1_fflags 0x0000000000000011 f30 0xffffffff4f000060
core   0: 0x00000000800044ee (0x01b55c33) srl     s8, a0, s11
core   0: 1 0x00000000800044ee (0x01b55c33) x24 0x0000000000000000
core   0: 0x00000000800044f2 (0xb1d50813) addi    a6, a0, -1251
core   0: 1 0x00000000800044f2 (0xb1d50813) x16 0xfffffffffffffb1d
core   0: 0x00000000800044f6 (0x005081b3) add     gp, ra, t0
core   0: 1 0x00000000800044f6 (0x005081b3) x3  0x00004000dbb15a89
core   0: 0x00000000800044fa (0xc212fe53) fcvt.wu.d t3, ft5
core   0: 1 0x00000000800044fa (0xc212fe53) c1_fflags 0x0000000000000011 x28 0xffffffffffffffff
core   0: 0x00000000800044fe (0x01dbf6b7) lui     a3, 0x1dbf
core   0: 1 0x00000000800044fe (0x01dbf6b7) x13 0x0000000001dbf000
core   0: 0x0000000080004502 (0xe796869b) addiw   a3, a3, -391
core   0: 1 0x0000000080004502 (0xe796869b) x13 0x0000000001dbee79
core   0: 0x0000000080004506 (0x000006ba) c.slli  a3, 14
core   0: 1 0x0000000080004506 (0x06ba) x13 0x00000076fb9e4000
core   0: 0x0000000080004508 (0x30768693) addi    a3, a3, 775
core   0: 1 0x0000000080004508 (0x30768693) x13 0x00000076fb9e4307
core   0: 0x000000008000450c (0x00dbeab3) or      s5, s7, a3
core   0: 1 0x000000008000450c (0x00dbeab3) x21 0x00000076fb9e4307
core   0: 0x0000000080004510 (0x401181b3) sub     gp, gp, ra
core   0: 1 0x0000000080004510 (0x401181b3) x3  0x00000000dbb1b384
core   0: 0x0000000080004514 (0xa3020a53) fle.d   s4, ft4, fa6
core   0: 1 0x0000000080004514 (0xa3020a53) c1_fflags 0x0000000000000011 x20 0x0000000000000000
core   0: 0x0000000080004518 (0x4017f7d3) fcvt.s.d fa5, fa5
core   0: 1 0x0000000080004518 (0x4017f7d3) f15 0xffffffff00000000
core   0: 0x000000008000451c (0x0535cd37) lui     s10, 0x535c
core   0: 1 0x000000008000451c (0x0535cd37) x26 0x000000000535c000
core   0: 0x0000000080004520 (0xd89d0d1b) addiw   s10, s10, -631
core   0: 1 0x0000000080004520 (0xd89d0d1b) x26 0x000000000535bd89
core   0: 0x0000000080004524 (0x00000d32) c.slli  s10, 12
core   0: 1 0x0000000080004524 (0x0d32) x26 0x000000535bd89000
core   0: 0x0000000080004526 (0xa07d0d13) addi    s10, s10, -1529
core   0: 1 0x0000000080004526 (0xa07d0d13) x26 0x000000535bd88a07
core   0: 0x000000008000452a (0x02630133) mul     sp, t1, t1
core   0: 1 0x000000008000452a (0x02630133) x2  0x0000000000000000
core   0: 0x000000008000452e (0xc22f7cd3) fcvt.l.d s9, ft10
core   0: 1 0x000000008000452e (0xc22f7cd3) c1_fflags 0x0000000000000011 x25 0x7fffffffffffffff
core   0: 0x0000000080004532 (0x00a3093b) addw    s2, t1, a0
core   0: 1 0x0000000080004532 (0x00a3093b) x18 0x0000000000000000
core   0: 0x0000000080004536 (0x039d5313) srli    t1, s10, 57
core   0: 1 0x0000000080004536 (0x039d5313) x6  0x0000000000000000
core   0: 0x000000008000453a (0x0263f83b) remuw   a6, t2, t1
core   0: 1 0x000000008000453a (0x0263f83b) x16 0x000000000000000f
core   0: 0x000000008000453e (0xa20a0853) fle.d   a6, fs4, ft0
core   0: 1 0x000000008000453e (0xa20a0853) c1_fflags 0x0000000000000011 x16 0x0000000000000000
core   0: 0x0000000080004542 (0xf2018e53) fmv.d.x ft8, gp
core   0: 1 0x0000000080004542 (0xf2018e53) f28 0x00000000dbb1b384
core   0: 0x0000000080004546 (0x00139bf3) csrrw   s7, fflags, t2
core   0: 1 0x0000000080004546 (0x00139bf3) x23 0x0000000000000011 c1_fflags 0x000000000000000f
core   0: 0x000000008000454a (0xf1375073) csrrwi  zero, mimpid, 14
core   0: exception trap_illegal_instruction, epc 0x000000008000454a
core   0:           tval 0x00000000f1375073
core   0: >>>>  $xrv64i2p1_m2p0_a2p1_f2p2_d2p2_zicsr2p0_zifencei2p0_zmmul1p0_zba1p0_zbb1p0_zbc1p0_zbs1p0
core   0: 0x0000000080004000 (0x0080006f) j       pc + 0x8
core   0: 3 0x0000000080004000 (0x0080006f)
core   0: >>>>  mmode_exception_handler
core   0: 0x0000000080004008 (0x00002c17) auipc   s8, 0x2
core   0: 3 0x0000000080004008 (0x00002c17) x24 0x0000000080006008
core   0: 0x000000008000400c (0x090c0c13) addi    s8, s8, 144
core   0: 3 0x000000008000400c (0x090c0c13) x24 0x0000000080006098
core   0: 0x0000000080004010 (0x000c00e7) jalr    s8
core   0: 3 0x0000000080004010 (0x000c00e7) x1  0x0000000080004014
core   0: >>>>  any_handler
core   0: 0x0000000080006098 (0x341027f3) csrrs   a5, mepc, zero
core   0: 3 0x0000000080006098 (0x341027f3) x15 0x000000008000454a
core   0: 0x000000008000609c (0x34202773) csrrs   a4, mcause, zero
core   0: 3 0x000000008000609c (0x34202773) x14 0x0000000000000002
core   0: 0x00000000800060a0 (0x142026f3) csrrs   a3, scause, zero
core   0: 3 0x00000000800060a0 (0x142026f3) x13 0x0000000000000000
core   0: 0x00000000800060a4 (0x30402673) csrrs   a2, mie, zero
core   0: 3 0x00000000800060a4 (0x30402673) x12 0x0000000000000a00
core   0: 0x00000000800060a8 (0x344025f3) csrrs   a1, mip, zero
core   0: 3 0x00000000800060a8 (0x344025f3) x11 0x0000000000000080
core   0: 0x00000000800060ac (0x343025f3) csrrs   a1, mtval, zero
core   0: 3 0x00000000800060ac (0x343025f3) x11 0x00000000f1375073
core   0: 0x00000000800060b0 (0x14302573) csrrs   a0, stval, zero
core   0: 3 0x00000000800060b0 (0x14302573) x10 0x0000000000000000
core   0: 0x00000000800060b4 (0xb02024f3) csrrs   s1, minstret, zero
core   0: 3 0x00000000800060b4 (0xb02024f3) x9  0x0000000000000974
core   0: 0x00000000800060b8 (0x0000a811) c.j     pc + 20
core   0: 3 0x00000000800060b8 (0xa811)
core   0: >>>>  mepc_4
core   0: 0x00000000800060cc (0x00000791) c.addi  a5, 4
core   0: 3 0x00000000800060cc (0x0791) x15 0x000000008000454e
core   0: 0x00000000800060ce (0x34179073) csrrw   zero, mepc, a5
core   0: 3 0x00000000800060ce (0x34179073) c833_mepc 0x000000008000454e
core   0: 0x00000000800060d2 (0x30200073) mret
core   0: 3 0x00000000800060d2 (0x30200073) c768_mstatus 0x8000000a001c60a0
core   0: 0x000000008000454e (0x00000001) c.nop
core   0: 1 0x000000008000454e (0x0001)
core   0: 0x0000000080004550 (0x02e11733) mulh    a4, sp, a4
core   0: 1 0x0000000080004550 (0x02e11733) x14 0x0000000000000000
core   0: 0x0000000080004554 (0xc2267653) fcvt.l.d a2, fa2
core   0: 1 0x0000000080004554 (0xc2267653) x12 0x0000000000000000
core   0: 0x0000000080004558 (0x937bf943) fmadd.d fs2, fs7, fs7, fs2
core   0: 1 0x0000000080004558 (0x937bf943) f18 0x7ff8000000000000
core   0: 0x000000008000455c (0x35d3cd13) xori    s10, t2, 861
core   0: 1 0x000000008000455c (0x35d3cd13) x26 0x0000000000000352
core   0: 0x0000000080004560 (0x6b047443) fmadd.d fs0, fs0, fa6, fa3
core   0: 1 0x0000000080004560 (0x6b047443) f8  0x7ff8000000000000
core   0: 0x0000000080004564 (0x5a0efdd3) fsqrt.d fs11, ft9
core   0: 1 0x0000000080004564 (0x5a0efdd3) f27 0x7ff8000000000000
core   0: 0x0000000080004568 (0x03520433) mul     s0, tp, s5
core   0: 1 0x0000000080004568 (0x03520433) x8  0xffff845e8d8e5aba
core   0: 0x000000008000456c (0xd221f953) fcvt.d.l fs2, gp
core   0: 1 0x000000008000456c (0xd221f953) f18 0x41eb763670800000
core   0: 0x0000000080004570 (0x7a427243) fmadd.d ft4, ft4, ft4, fa5
core   0: 1 0x0000000080004570 (0x7a427243) f4  0x7ff8000000000000
core   0: 0x0000000080004574 (0xccf27d93) andi    s11, tp, -817
core   0: 1 0x0000000080004574 (0xccf27d93) x27 0xfffffffffffffcc6
core   0: 0x0000000080004578 (0xa2f90553) fle.d   a0, fs2, fa5
core   0: 1 0x0000000080004578 (0xa2f90553) c1_fflags 0x000000000000001f x10 0x0000000000000000
core   0: 0x000000008000457c (0x00000001) c.nop
core   0: 1 0x000000008000457c (0x0001)
core   0: 0x000000008000457e (0xf4e08c13) addi    s8, ra, -178
core   0: 1 0x000000008000457e (0xf4e08c13) x24 0x0000000080003f62
core   0: 0x0000000080004582 (0x1a87fdd3) fdiv.d  fs11, fa5, fs0
core   0: 1 0x0000000080004582 (0x1a87fdd3) f27 0x7ff8000000000000
core   0: 0x0000000080004586 (0xd0297e53) fcvt.s.l ft8, s2
core   0: 1 0x0000000080004586 (0xd0297e53) f28 0xffffffff00000000
core   0: 0x000000008000458a (0x022e4e3b) divw    t3, t3, sp
core   0: 1 0x000000008000458a (0x022e4e3b) x28 0xffffffffffffffff
core   0: 0x000000008000458e (0x05fa1317) auipc   t1, 0x5fa1
core   0: 1 0x000000008000458e (0x05fa1317) x6  0x0000000085fa558e
core   0: 0x0000000080004592 (0x01fa1c1b) slliw   s8, s4, 31
core   0: 1 0x0000000080004592 (0x01fa1c1b) x24 0x0000000000000000
core   0: 0x0000000080004596 (0x6c13f893) andi    a7, t2, 1729
core   0: 1 0x0000000080004596 (0x6c13f893) x17 0x0000000000000001
core   0: 0x000000008000459a (0x022aa133) mulhsu  sp, s5, sp
core   0: 1 0x000000008000459a (0x022aa133) x2  0x0000000000000000
core   0: 0x000000008000459e (0xe2020153) fmv.x.d sp, ft4
core   0: 1 0x000000008000459e (0xe2020153) x2  0x7ff8000000000000
core   0: 0x00000000800045a2 (0x001e8513) addi    a0, t4, 1
core   0: 1 0x00000000800045a2 (0x001e8513) x10 0x0000000080006069
core   0: 0x00000000800045a6 (0x1bee74d3) fdiv.d  fs1, ft8, ft10
core   0: 1 0x00000000800045a6 (0x1bee74d3) f9  0x7ff8000000000000
core   0: 0x00000000800045aa (0x035e9393) slli    t2, t4, 53
core   0: 1 0x00000000800045aa (0x035e9393) x7  0x0d00000000000000
core   0: 0x00000000800045ae (0x015014bb) sllw    s1, zero, s5
core   0: 1 0x00000000800045ae (0x015014bb) x9  0x0000000000000000
core   0: 0x00000000800045b2 (0x1cd37eb7) lui     t4, 0x1cd37
core   0: 1 0x00000000800045b2 (0x1cd37eb7) x29 0x000000001cd37000
core   0: 0x00000000800045b6 (0xc0349c73) csrrw   s8, hpmcounter3, s1
core   0: exception trap_illegal_instruction, epc 0x00000000800045b6
core   0:           tval 0x00000000c0349c73
core   0: >>>>  $xrv64i2p1_m2p0_a2p1_f2p2_d2p2_zicsr2p0_zifencei2p0_zmmul1p0_zba1p0_zbb1p0_zbc1p0_zbs1p0
core   0: 0x0000000080004000 (0x0080006f) j       pc + 0x8
core   0: 3 0x0000000080004000 (0x0080006f)
core   0: >>>>  mmode_exception_handler
core   0: 0x0000000080004008 (0x00002c17) auipc   s8, 0x2
core   0: 3 0x0000000080004008 (0x00002c17) x24 0x0000000080006008
core   0: 0x000000008000400c (0x090c0c13) addi    s8, s8, 144
core   0: 3 0x000000008000400c (0x090c0c13) x24 0x0000000080006098
core   0: 0x0000000080004010 (0x000c00e7) jalr    s8
core   0: 3 0x0000000080004010 (0x000c00e7) x1  0x0000000080004014
core   0: >>>>  any_handler
core   0: 0x0000000080006098 (0x341027f3) csrrs   a5, mepc, zero
core   0: 3 0x0000000080006098 (0x341027f3) x15 0x00000000800045b6
core   0: 0x000000008000609c (0x34202773) csrrs   a4, mcause, zero
core   0: 3 0x000000008000609c (0x34202773) x14 0x0000000000000002
core   0: 0x00000000800060a0 (0x142026f3) csrrs   a3, scause, zero
core   0: 3 0x00000000800060a0 (0x142026f3) x13 0x0000000000000000
core   0: 0x00000000800060a4 (0x30402673) csrrs   a2, mie, zero
core   0: 3 0x00000000800060a4 (0x30402673) x12 0x0000000000000a00
core   0: 0x00000000800060a8 (0x344025f3) csrrs   a1, mip, zero
core   0: 3 0x00000000800060a8 (0x344025f3) x11 0x0000000000000080
core   0: 0x00000000800060ac (0x343025f3) csrrs   a1, mtval, zero
core   0: 3 0x00000000800060ac (0x343025f3) x11 0x00000000c0349c73
core   0: 0x00000000800060b0 (0x14302573) csrrs   a0, stval, zero
core   0: 3 0x00000000800060b0 (0x14302573) x10 0x0000000000000000
core   0: 0x00000000800060b4 (0xb02024f3) csrrs   s1, minstret, zero
core   0: 3 0x00000000800060b4 (0xb02024f3) x9  0x000000000000099f
core   0: 0x00000000800060b8 (0x0000a811) c.j     pc + 20
core   0: 3 0x00000000800060b8 (0xa811)
core   0: >>>>  mepc_4
core   0: 0x00000000800060cc (0x00000791) c.addi  a5, 4
core   0: 3 0x00000000800060cc (0x0791) x15 0x00000000800045ba
core   0: 0x00000000800060ce (0x34179073) csrrw   zero, mepc, a5
core   0: 3 0x00000000800060ce (0x34179073) c833_mepc 0x00000000800045ba
core   0: 0x00000000800060d2 (0x30200073) mret
core   0: 3 0x00000000800060d2 (0x30200073) c768_mstatus 0x8000000a001c60a0
core   0: 0x00000000800045ba (0x01d5ea33) or      s4, a1, t4
core   0: 1 0x00000000800045ba (0x01d5ea33) x20 0x00000000dcf7fc73
core   0: 0x00000000800045be (0x400987bb) subw    a5, s3, zero
core   0: 1 0x00000000800045be (0x400987bb) x15 0xfffffffff457cba6
core   0: 0x00000000800045c2 (0x5c1f7d17) auipc   s10, 0x5c1f7
core   0: 1 0x00000000800045c2 (0x5c1f7d17) x26 0x00000000dc1fb5c2
core   0: 0x00000000800045c6 (0xf2098a53) fmv.d.x fs4, s3
core   0: 1 0x00000000800045c6 (0xf2098a53) f20 0xfffffffff457cba6
core   0: 0x00000000800045ca (0xd021f453) fcvt.s.l fs0, gp
core   0: 1 0x00000000800045ca (0xd021f453) c1_fflags 0x000000000000001f f8  0xffffffff4f5bb1b4
core   0: 0x00000000800045ce (0x0050da9b) srliw   s5, ra, 5
core   0: 1 0x00000000800045ce (0x0050da9b) x21 0x0000000004000200
core   0: 0x00000000800045d2 (0x00c1f633) and     a2, gp, a2
core   0: 1 0x00000000800045d2 (0x00c1f633) x12 0x0000000000000200
core   0: 0x00000000800045d6 (0x000e5e1b) srliw   t3, t3, 0
core   0: 1 0x00000000800045d6 (0x000e5e1b) x28 0xffffffffffffffff
core   0: 0x00000000800045da (0x018a8b33) add     s6, s5, s8
core   0: 1 0x00000000800045da (0x018a8b33) x22 0x0000000084006298
core   0: 0x00000000800045de (0xd39972c7) fmsub.d ft5, fs2, fs9, fs10
core   0: 1 0x00000000800045de (0xd39972c7) f5  0x7ff8000000000000
core   0: 0x00000000800045e2 (0x00eb77b3) and     a5, s6, a4
core   0: 1 0x00000000800045e2 (0x00eb77b3) x15 0x0000000000000000
core   0: 0x00000000800045e6 (0x00000001) c.nop
core   0: 1 0x00000000800045e6 (0x0001)
core   0: 0x00000000800045e8 (0xc20276d3) fcvt.w.d a3, ft4
core   0: 1 0x00000000800045e8 (0xc20276d3) c1_fflags 0x000000000000001f x13 0x000000007fffffff
core   0: 0x00000000800045ec (0x00000001) c.nop
core   0: 1 0x00000000800045ec (0x0001)
core   0: 0x00000000800045ee (0x03d456bb) divuw   a3, s0, t4
core   0: 1 0x00000000800045ee (0x03d456bb) x13 0x0000000000000004
core   0: 0x00000000800045f2 (0x0200733b) remuw   t1, zero, zero
core   0: 1 0x00000000800045f2 (0x0200733b) x6  0x0000000000000000
core   0: 0x00000000800045f6 (0xd036f253) fcvt.s.lu ft4, a3
core   0: 1 0x00000000800045f6 (0xd036f253) f4  0xffffffff40800000
core   0: 0x00000000800045fa (0x4085543b) sraw    s0, a0, s0
core   0: 1 0x00000000800045fa (0x4085543b) x8  0x0000000000000000
core   0: 0x00000000800045fe (0x01965633) srl     a2, a2, s9
core   0: 1 0x00000000800045fe (0x01965633) x12 0x0000000000000000
core   0: 0x0000000080004602 (0x2b4a1fd3) fmax.d  ft11, fs4, fs4
core   0: 1 0x0000000080004602 (0x2b4a1fd3) f31 0x7ff8000000000000
core   0: 0x0000000080004606 (0x010779b3) and     s3, a4, a6
core   0: 1 0x0000000080004606 (0x010779b3) x19 0x0000000000000000
core   0: 0x000000008000460a (0x401351bb) sraw    gp, t1, ra
core   0: 1 0x000000008000460a (0x401351bb) x3  0x0000000000000000
core   0: 0x000000008000460e (0x017a1bbb) sllw    s7, s4, s7
core   0: 1 0x000000008000460e (0x017a1bbb) x23 0xfffffffff8e60000
core   0: 0x0000000080004612 (0xc0347a53) fcvt.lu.s s4, fs0
core   0: 1 0x0000000080004612 (0xc0347a53) x20 0x00000000dbb1b400
core   0: 0x0000000080004616 (0x01959533) sll     a0, a1, s9
core   0: 1 0x0000000080004616 (0x01959533) x10 0x8000000000000000
core   0: 0x000000008000461a (0x000ccb33) xor     s6, s9, zero
core   0: 1 0x000000008000461a (0x000ccb33) x22 0x7fffffffffffffff
core   0: 0x000000008000461e (0x000098e2) c.add   a7, s8
core   0: 1 0x000000008000461e (0x98e2) x17 0x0000000080006099
core   0: 0x0000000080004620 (0x00046413) ori     s0, s0, 0
core   0: 1 0x0000000080004620 (0x00046413) x8  0x0000000000000000
core   0: 0x0000000080004624 (0x0238f0bb) remuw   ra, a7, gp
core   0: 1 0x0000000080004624 (0x0238f0bb) x1  0xffffffff80006099
core   0: 0x0000000080004628 (0x00ce89b3) add     s3, t4, a2
core   0: 1 0x0000000080004628 (0x00ce89b3) x19 0x000000001cd37000
core   0: 0x000000008000462c (0x400ad813) srai    a6, s5, 0
core   0: 1 0x000000008000462c (0x400ad813) x16 0x0000000004000200
core   0: 0x0000000080004630 (0x34305af3) csrrwi  s5, mtval, 0
core   0: exception trap_illegal_instruction, epc 0x0000000080004630
core   0:           tval 0x0000000034305af3
core   0: >>>>  $xrv64i2p1_m2p0_a2p1_f2p2_d2p2_zicsr2p0_zifencei2p0_zmmul1p0_zba1p0_zbb1p0_zbc1p0_zbs1p0
core   0: 0x0000000080004000 (0x0080006f) j       pc + 0x8
core   0: 3 0x0000000080004000 (0x0080006f)
core   0: >>>>  mmode_exception_handler
core   0: 0x0000000080004008 (0x00002c17) auipc   s8, 0x2
core   0: 3 0x0000000080004008 (0x00002c17) x24 0x0000000080006008
core   0: 0x000000008000400c (0x090c0c13) addi    s8, s8, 144
core   0: 3 0x000000008000400c (0x090c0c13) x24 0x0000000080006098
core   0: 0x0000000080004010 (0x000c00e7) jalr    s8
core   0: 3 0x0000000080004010 (0x000c00e7) x1  0x0000000080004014
core   0: >>>>  any_handler
core   0: 0x0000000080006098 (0x341027f3) csrrs   a5, mepc, zero
core   0: 3 0x0000000080006098 (0x341027f3) x15 0x0000000080004630
core   0: 0x000000008000609c (0x34202773) csrrs   a4, mcause, zero
core   0: 3 0x000000008000609c (0x34202773) x14 0x0000000000000002
core   0: 0x00000000800060a0 (0x142026f3) csrrs   a3, scause, zero
core   0: 3 0x00000000800060a0 (0x142026f3) x13 0x0000000000000000
core   0: 0x00000000800060a4 (0x30402673) csrrs   a2, mie, zero
core   0: 3 0x00000000800060a4 (0x30402673) x12 0x0000000000000a00
core   0: 0x00000000800060a8 (0x344025f3) csrrs   a1, mip, zero
core   0: 3 0x00000000800060a8 (0x344025f3) x11 0x0000000000000080
core   0: 0x00000000800060ac (0x343025f3) csrrs   a1, mtval, zero
core   0: 3 0x00000000800060ac (0x343025f3) x11 0x0000000034305af3
core   0: 0x00000000800060b0 (0x14302573) csrrs   a0, stval, zero
core   0: 3 0x00000000800060b0 (0x14302573) x10 0x0000000000000000
core   0: 0x00000000800060b4 (0xb02024f3) csrrs   s1, minstret, zero
core   0: 3 0x00000000800060b4 (0xb02024f3) x9  0x00000000000009ce
core   0: 0x00000000800060b8 (0x0000a811) c.j     pc + 20
core   0: 3 0x00000000800060b8 (0xa811)
core   0: >>>>  mepc_4
core   0: 0x00000000800060cc (0x00000791) c.addi  a5, 4
core   0: 3 0x00000000800060cc (0x0791) x15 0x0000000080004634
core   0: 0x00000000800060ce (0x34179073) csrrw   zero, mepc, a5
core   0: 3 0x00000000800060ce (0x34179073) c833_mepc 0x0000000080004634
core   0: 0x00000000800060d2 (0x30200073) mret
core   0: 3 0x00000000800060d2 (0x30200073) c768_mstatus 0x8000000a001c60a0
core   0: 0x0000000080004634 (0x323a9973) csrrw   s2, mhpmevent3, s5
core   0: exception trap_illegal_instruction, epc 0x0000000080004634
core   0:           tval 0x00000000323a9973
core   0: >>>>  $xrv64i2p1_m2p0_a2p1_f2p2_d2p2_zicsr2p0_zifencei2p0_zmmul1p0_zba1p0_zbb1p0_zbc1p0_zbs1p0
core   0: 0x0000000080004000 (0x0080006f) j       pc + 0x8
core   0: 3 0x0000000080004000 (0x0080006f)
core   0: >>>>  mmode_exception_handler
core   0: 0x0000000080004008 (0x00002c17) auipc   s8, 0x2
core   0: 3 0x0000000080004008 (0x00002c17) x24 0x0000000080006008
core   0: 0x000000008000400c (0x090c0c13) addi    s8, s8, 144
core   0: 3 0x000000008000400c (0x090c0c13) x24 0x0000000080006098
core   0: 0x0000000080004010 (0x000c00e7) jalr    s8
core   0: 3 0x0000000080004010 (0x000c00e7) x1  0x0000000080004014
core   0: >>>>  any_handler
core   0: 0x0000000080006098 (0x341027f3) csrrs   a5, mepc, zero
core   0: 3 0x0000000080006098 (0x341027f3) x15 0x0000000080004634
core   0: 0x000000008000609c (0x34202773) csrrs   a4, mcause, zero
core   0: 3 0x000000008000609c (0x34202773) x14 0x0000000000000002
core   0: 0x00000000800060a0 (0x142026f3) csrrs   a3, scause, zero
core   0: 3 0x00000000800060a0 (0x142026f3) x13 0x0000000000000000
core   0: 0x00000000800060a4 (0x30402673) csrrs   a2, mie, zero
core   0: 3 0x00000000800060a4 (0x30402673) x12 0x0000000000000a00
core   0: 0x00000000800060a8 (0x344025f3) csrrs   a1, mip, zero
core   0: 3 0x00000000800060a8 (0x344025f3) x11 0x0000000000000080
core   0: 0x00000000800060ac (0x343025f3) csrrs   a1, mtval, zero
core   0: 3 0x00000000800060ac (0x343025f3) x11 0x00000000323a9973
core   0: 0x00000000800060b0 (0x14302573) csrrs   a0, stval, zero
core   0: 3 0x00000000800060b0 (0x14302573) x10 0x0000000000000000
core   0: 0x00000000800060b4 (0xb02024f3) csrrs   s1, minstret, zero
core   0: 3 0x00000000800060b4 (0xb02024f3) x9  0x00000000000009de
core   0: 0x00000000800060b8 (0x0000a811) c.j     pc + 20
core   0: 3 0x00000000800060b8 (0xa811)
core   0: >>>>  mepc_4
core   0: 0x00000000800060cc (0x00000791) c.addi  a5, 4
core   0: 3 0x00000000800060cc (0x0791) x15 0x0000000080004638
core   0: 0x00000000800060ce (0x34179073) csrrw   zero, mepc, a5
core   0: 3 0x00000000800060ce (0x34179073) c833_mepc 0x0000000080004638
core   0: 0x00000000800060d2 (0x30200073) mret
core   0: 3 0x00000000800060d2 (0x30200073) c768_mstatus 0x8000000a001c60a0
core   0: 0x0000000080004638 (0x2b550bd3) fmin.d  fs7, fa0, fs5
core   0: 1 0x0000000080004638 (0x2b550bd3) f23 0x7ff8000000000000
core   0: 0x000000008000463c (0x405bda9b) sraiw   s5, s7, 5
core   0: 1 0x000000008000463c (0x405bda9b) x21 0xffffffffffc73000
core   0: 0x0000000080004640 (0x008464b3) or      s1, s0, s0
core   0: 1 0x0000000080004640 (0x008464b3) x9  0x0000000000000000
core   0: 0x0000000080004644 (0xd21887d3) fcvt.d.wu fa5, a7
core   0: 1 0x0000000080004644 (0xd21887d3) f15 0x41e0000c13200000
core   0: 0x0000000080004648 (0xd2048d53) fcvt.d.w fs10, s1
core   0: 1 0x0000000080004648 (0xd2048d53) f26 0x0000000000000000
core   0: 0x000000008000464c (0x0252d233) divu    tp, t0, t0
core   0: 1 0x000000008000464c (0x0252d233) x4  0x0000000000000001
core   0: 0x0000000080004650 (0x02d8f6b3) remu    a3, a7, a3
core   0: 1 0x0000000080004650 (0x02d8f6b3) x13 0x0000000080006099
core   0: 0x0000000080004654 (0x99f6c613) xori    a2, a3, -1633
core   0: 1 0x0000000080004654 (0x99f6c613) x12 0xffffffff7fff9906
core   0: 0x0000000080004658 (0x41bdd533) sra     a0, s11, s11
core   0: 1 0x0000000080004658 (0x41bdd533) x10 0xfffffffffffffff3
core   0: 0x000000008000465c (0xc0307553) fcvt.lu.s a0, ft0
core   0: 1 0x000000008000465c (0xc0307553) c1_fflags 0x000000000000001f x10 0xffffffffffffffff
core   0: 0x0000000080004660 (0x00defbb3) and     s7, t4, a3
core   0: 1 0x0000000080004660 (0x00defbb3) x23 0x0000000000006000
core   0: 0x0000000080004664 (0x00ec06bb) addw    a3, s8, a4
core   0: 1 0x0000000080004664 (0x00ec06bb) x13 0xffffffff8000609a
core   0: 0x0000000080004668 (0x0186e233) or      tp, a3, s8
core   0: 1 0x0000000080004668 (0x0186e233) x4  0xffffffff8000609a
core   0: 0x000000008000466c (0x0ff0000f) fence   iorw,iorw
core   0: 1 0x000000008000466c (0x0ff0000f)
core   0: 0x0000000080004670 (0x234f8853) fsgnj.d fa6, ft11, fs4
core   0: 1 0x0000000080004670 (0x234f8853) f16 0xfff8000000000000
core   0: 0x0000000080004674 (0x420d0153) fcvt.d.s ft2, fs10
core   0: 1 0x0000000080004674 (0x420d0153) f2  0x7ff8000000000000
core   0: 0x0000000080004678 (0xa36f8153) fle.d   sp, ft11, fs6
core   0: 1 0x0000000080004678 (0xa36f8153) c1_fflags 0x000000000000001f x2  0x0000000000000000
core   0: 0x000000008000467c (0xe03dc193) xori    gp, s11, -509
core   0: 1 0x000000008000467c (0xe03dc193) x3  0x00000000000002c5
core   0: 0x0000000080004680 (0x001de333) or      t1, s11, ra
core   0: 1 0x0000000080004680 (0x001de333) x6  0xfffffffffffffcd6
core   0: 0x0000000080004684 (0x400edeb3) sra     t4, t4, zero
core   0: 1 0x0000000080004684 (0x400edeb3) x29 0x000000001cd37000
core   0: 0x0000000080004688 (0x01c30237) lui     tp, 0x1c30
core   0: 1 0x0000000080004688 (0x01c30237) x4  0x0000000001c30000
core   0: 0x000000008000468c (0xd352021b) addiw   tp, tp, -715
core   0: 1 0x000000008000468c (0xd352021b) x4  0x0000000001c2fd35
core   0: 0x0000000080004690 (0x0000023a) c.slli  tp, 14
core   0: 1 0x0000000080004690 (0x023a) x4  0x00000070bf4d4000
core   0: 0x0000000080004692 (0x74b20213) addi    tp, tp, 1867
core   0: 1 0x0000000080004692 (0x74b20213) x4  0x00000070bf4d474b
core   0: 0x0000000080004696 (0x024595b3) mulh    a1, a1, tp
core   0: 1 0x0000000080004696 (0x024595b3) x11 0x0000000000000016
core   0: 0x000000008000469a (0xc2217253) fcvt.l.d tp, ft2
core   0: 1 0x000000008000469a (0xc2217253) c1_fflags 0x000000000000001f x4  0x7fffffffffffffff
core   0: 0x000000008000469e (0x024cc833) div     a6, s9, tp
core   0: 1 0x000000008000469e (0x024cc833) x16 0x0000000000000001
core   0: 0x00000000800046a2 (0x310112f3) csrrw   t0, mstatush, sp
core   0: exception trap_illegal_instruction, epc 0x00000000800046a2
core   0:           tval 0x00000000310112f3
core   0: >>>>  $xrv64i2p1_m2p0_a2p1_f2p2_d2p2_zicsr2p0_zifencei2p0_zmmul1p0_zba1p0_zbb1p0_zbc1p0_zbs1p0
core   0: 0x0000000080004000 (0x0080006f) j       pc + 0x8
core   0: 3 0x0000000080004000 (0x0080006f)
core   0: >>>>  mmode_exception_handler
core   0: 0x0000000080004008 (0x00002c17) auipc   s8, 0x2
core   0: 3 0x0000000080004008 (0x00002c17) x24 0x0000000080006008
core   0: 0x000000008000400c (0x090c0c13) addi    s8, s8, 144
core   0: 3 0x000000008000400c (0x090c0c13) x24 0x0000000080006098
core   0: 0x0000000080004010 (0x000c00e7) jalr    s8
core   0: 3 0x0000000080004010 (0x000c00e7) x1  0x0000000080004014
core   0: >>>>  any_handler
core   0: 0x0000000080006098 (0x341027f3) csrrs   a5, mepc, zero
core   0: 3 0x0000000080006098 (0x341027f3) x15 0x00000000800046a2
core   0: 0x000000008000609c (0x34202773) csrrs   a4, mcause, zero
core   0: 3 0x000000008000609c (0x34202773) x14 0x0000000000000002
core   0: 0x00000000800060a0 (0x142026f3) csrrs   a3, scause, zero
core   0: 3 0x00000000800060a0 (0x142026f3) x13 0x0000000000000000
core   0: 0x00000000800060a4 (0x30402673) csrrs   a2, mie, zero
core   0: 3 0x00000000800060a4 (0x30402673) x12 0x0000000000000a00
core   0: 0x00000000800060a8 (0x344025f3) csrrs   a1, mip, zero
core   0: 3 0x00000000800060a8 (0x344025f3) x11 0x0000000000000080
core   0: 0x00000000800060ac (0x343025f3) csrrs   a1, mtval, zero
core   0: 3 0x00000000800060ac (0x343025f3) x11 0x00000000310112f3
core   0: 0x00000000800060b0 (0x14302573) csrrs   a0, stval, zero
core   0: 3 0x00000000800060b0 (0x14302573) x10 0x0000000000000000
core   0: 0x00000000800060b4 (0xb02024f3) csrrs   s1, minstret, zero
core   0: 3 0x00000000800060b4 (0xb02024f3) x9  0x0000000000000a09
core   0: 0x00000000800060b8 (0x0000a811) c.j     pc + 20
core   0: 3 0x00000000800060b8 (0xa811)
core   0: >>>>  mepc_4
core   0: 0x00000000800060cc (0x00000791) c.addi  a5, 4
core   0: 3 0x00000000800060cc (0x0791) x15 0x00000000800046a6
core   0: 0x00000000800060ce (0x34179073) csrrw   zero, mepc, a5
core   0: 3 0x00000000800060ce (0x34179073) c833_mepc 0x00000000800046a6
core   0: 0x00000000800060d2 (0x30200073) mret
core   0: 3 0x00000000800060d2 (0x30200073) c768_mstatus 0x8000000a001c60a0
core   0: 0x00000000800046a6 (0x01b502b3) add     t0, a0, s11
core   0: 1 0x00000000800046a6 (0x01b502b3) x5  0xfffffffffffffcc6
core   0: 0x00000000800046aa (0x88aaea93) ori     s5, s5, -1910
core   0: 1 0x00000000800046aa (0x88aaea93) x21 0xfffffffffffff88a
core   0: 0x00000000800046ae (0xc2187253) fcvt.wu.d tp, fa6
core   0: 1 0x00000000800046ae (0xc2187253) c1_fflags 0x000000000000001f x4  0xffffffffffffffff
core   0: 0x00000000800046b2 (0x41995913) srai    s2, s2, 25
core   0: 1 0x00000000800046b2 (0x41995913) x18 0x0000000000000000
core   0: 0x00000000800046b6 (0x645af393) andi    t2, s5, 1605
core   0: 1 0x00000000800046b6 (0x645af393) x7  0x0000000000000000
core   0: 0x00000000800046ba (0x01a09d3b) sllw    s10, ra, s10
core   0: 1 0x00000000800046ba (0x01a09d3b) x26 0x0000000000010050
core   0: 0x00000000800046be (0x420d0cd3) fcvt.d.s fs9, fs10
core   0: 1 0x00000000800046be (0x420d0cd3) f25 0x7ff8000000000000
core   0: 0x00000000800046c2 (0x00ec921b) slliw   tp, s9, 14
core   0: 1 0x00000000800046c2 (0x00ec921b) x4  0xffffffffffffc000
core   0: 0x00000000800046c6 (0x019259b3) srl     s3, tp, s9
core   0: 1 0x00000000800046c6 (0x019259b3) x19 0x0000000000000001
core   0: 0x00000000800046ca (0x42cdf8c3) fmadd.d fa7, fs11, fa2, fs0
core   0: 1 0x00000000800046ca (0x42cdf8c3) f17 0x7ff8000000000000
core   0: 0x00000000800046ce (0xf20707d3) fmv.d.x fa5, a4
core   0: 1 0x00000000800046ce (0xf20707d3) f15 0x0000000000000002
core   0: 0x00000000800046d2 (0x371a8e13) addi    t3, s5, 881
core   0: 1 0x00000000800046d2 (0x371a8e13) x28 0xfffffffffffffbfb
core   0: 0x00000000800046d6 (0x01799d1b) slliw   s10, s3, 23
core   0: 1 0x00000000800046d6 (0x01799d1b) x26 0x0000000000800000
core   0: 0x00000000800046da (0xd03e7f53) fcvt.s.lu ft10, t3
core   0: 1 0x00000000800046da (0xd03e7f53) c1_fflags 0x000000000000001f f30 0xffffffff5f800000
core   0: 0x00000000800046de (0xe2040053) fmv.x.d zero, fs0
core   0: 1 0x00000000800046de (0xe2040053)
core   0: 0x00000000800046e2 (0xa3ec83d3) fle.d   t2, fs9, ft10
core   0: 1 0x00000000800046e2 (0xa3ec83d3) c1_fflags 0x000000000000001f x7  0x0000000000000000
core   0: 0x00000000800046e6 (0x15407313) andi    t1, zero, 340
core   0: 1 0x00000000800046e6 (0x15407313) x6  0x0000000000000000
core   0: 0x00000000800046ea (0x238f0253) fsgnj.d ft4, ft10, fs8
core   0: 1 0x00000000800046ea (0x238f0253) f4  0x7fffffff5f800000
core   0: 0x00000000800046ee (0xd03771d3) fcvt.s.lu ft3, a4
core   0: 1 0x00000000800046ee (0xd03771d3) f3  0xffffffff40000000
core   0: 0x00000000800046f2 (0x1392f753) fmul.d  fa4, ft5, fs9
core   0: 1 0x00000000800046f2 (0x1392f753) f14 0x7ff8000000000000
core   0: 0x00000000800046f6 (0x0126163b) sllw    a2, a2, s2
core   0: 1 0x00000000800046f6 (0x0126163b) x12 0x0000000000000a00
core   0: 0x00000000800046fa (0x2202a453) fsgnjx.d fs0, ft5, ft0
core   0: 1 0x00000000800046fa (0x2202a453) f8  0xfff8000000000000
core   0: 0x00000000800046fe (0xaad54c13) xori    s8, a0, -1363
core   0: 1 0x00000000800046fe (0xaad54c13) x24 0xfffffffffffffaad
core   0: 0x0000000080004702 (0x225427d3) fsgnjx.d fa5, fs0, ft5
core   0: 1 0x0000000080004702 (0x225427d3) f15 0xfff8000000000000
core   0: 0x0000000080004706 (0x001b1af3) csrrw   s5, fflags, s6
core   0: 1 0x0000000080004706 (0x001b1af3) x21 0x000000000000001f c1_fflags 0x000000000000001f
core   0: 0x000000008000470a (0x00aaa833) slt     a6, s5, a0
core   0: 1 0x000000008000470a (0x00aaa833) x16 0x0000000000000000
core   0: 0x000000008000470e (0x417b8bb3) sub     s7, s7, s7
core   0: 1 0x000000008000470e (0x417b8bb3) x23 0x0000000000000000
core   0: 0x0000000080004712 (0x4086563b) sraw    a2, a2, s0
core   0: 1 0x0000000080004712 (0x4086563b) x12 0x0000000000000a00
core   0: 0x0000000080004716 (0x001676b3) and     a3, a2, ra
core   0: 1 0x0000000080004716 (0x001676b3) x13 0x0000000000000000
core   0: 0x000000008000471a (0x0026f233) and     tp, a3, sp
core   0: 1 0x000000008000471a (0x0026f233) x4  0x0000000000000000
core   0: 0x000000008000471e (0x404d0d3b) subw    s10, s10, tp
core   0: 1 0x000000008000471e (0x404d0d3b) x26 0x0000000000800000
core   0: 0x0000000080004722 (0x406a5d9b) sraiw   s11, s4, 6
core   0: 1 0x0000000080004722 (0x406a5d9b) x27 0xffffffffff6ec6d0
core   0: 0x0000000080004726 (0xe2028553) fmv.x.d a0, ft5
core   0: 1 0x0000000080004726 (0xe2028553) x10 0x7ff8000000000000
core   0: 0x000000008000472a (0x40670db3) sub     s11, a4, t1
core   0: 1 0x000000008000472a (0x40670db3) x27 0x0000000000000002
core   0: 0x000000008000472e (0xd02d74d3) fcvt.s.l fs1, s10
core   0: 1 0x000000008000472e (0xd02d74d3) f9  0xffffffff4b000000
core   0: 0x0000000080004732 (0x00be143b) sllw    s0, t3, a1
core   0: 1 0x0000000080004732 (0x00be143b) x8  0xffffffffdfd80000
core   0: 0x0000000080004736 (0xa2df8553) fle.d   a0, ft11, fa3
core   0: 1 0x0000000080004736 (0xa2df8553) c1_fflags 0x000000000000001f x10 0x0000000000000000
core   0: 0x000000008000473a (0xa3080053) fle.d   zero, fa6, fa6
core   0: 1 0x000000008000473a (0xa3080053) c1_fflags 0x000000000000001f
core   0: 0x000000008000473e (0x02a4653b) remw    a0, s0, a0
core   0: 1 0x000000008000473e (0x02a4653b) x10 0xffffffffdfd80000
core   0: 0x0000000080004742 (0xf20d8e53) fmv.d.x ft8, s11
core   0: 1 0x0000000080004742 (0xf20d8e53) f28 0x0000000000000002
core   0: 0x0000000080004746 (0x40ea0bbb) subw    s7, s4, a4
core   0: 1 0x0000000080004746 (0x40ea0bbb) x23 0xffffffffdbb1b3fe
core   0: 0x000000008000474a (0x0b867653) fsub.d  fa2, fa2, fs8
core   0: 1 0x000000008000474a (0x0b867653) f12 0x0000000000000000
core   0: 0x000000008000474e (0xc22ff753) fcvt.l.d a4, ft11
core   0: 1 0x000000008000474e (0xc22ff753) c1_fflags 0x000000000000001f x14 0x7fffffffffffffff
core   0: 0x0000000080004752 (0x23922253) fsgnjx.d ft4, ft4, fs9
core   0: 1 0x0000000080004752 (0x23922253) f4  0x7fffffff5f800000
core   0: 0x0000000080004756 (0x4064d093) srai    ra, s1, 6
core   0: 1 0x0000000080004756 (0x4064d093) x1  0x0000000000000028
core   0: 0x000000008000475a (0x419bd3b3) sra     t2, s7, s9
core   0: 1 0x000000008000475a (0x419bd3b3) x7  0xffffffffffffffff
core   0: 0x000000008000475e (0x00dacab3) xor     s5, s5, a3
core   0: 1 0x000000008000475e (0x00dacab3) x21 0x000000000000001f
core   0: 0x0000000080004762 (0x00306033) or      zero, zero, gp
core   0: 1 0x0000000080004762 (0x00306033)
core   0: 0x0000000080004766 (0x00f2e3b7) lui     t2, 0xf2e
core   0: 1 0x0000000080004766 (0x00f2e3b7) x7  0x0000000000f2e000
core   0: 0x000000008000476a (0xa373839b) addiw   t2, t2, -1481
core   0: 1 0x000000008000476a (0xa373839b) x7  0x0000000000f2da37
core   0: 0x000000008000476e (0x000003b6) c.slli  t2, 13
core   0: 1 0x000000008000476e (0x03b6) x7  0x0000001e5b46e000
core   0: 0x0000000080004770 (0x24f38393) addi    t2, t2, 591
core   0: 1 0x0000000080004770 (0x24f38393) x7  0x0000001e5b46e24f
core   0: 0x0000000080004774 (0xfff90a9b) addiw   s5, s2, -1
core   0: 1 0x0000000080004774 (0xfff90a9b) x21 0xffffffffffffffff
core   0: 0x0000000080004778 (0x01bc553b) srlw    a0, s8, s11
core   0: 1 0x0000000080004778 (0x01bc553b) x10 0x000000003ffffeab
core   0: 0x000000008000477c (0x41bb01bb) subw    gp, s6, s11
core   0: 1 0x000000008000477c (0x41bb01bb) x3  0xfffffffffffffffd
core   0: 0x0000000080004780 (0xc23d7c53) fcvt.lu.d s8, fs10
core   0: 1 0x0000000080004780 (0xc23d7c53) x24 0x0000000000000000
core   0: 0x0000000080004784 (0x016c41b3) xor     gp, s8, s6
core   0: 1 0x0000000080004784 (0x016c41b3) x3  0x7fffffffffffffff
core   0: 0x0000000080004788 (0xd024f653) fcvt.s.l fa2, s1
core   0: 1 0x0000000080004788 (0xd024f653) f12 0xffffffff45209000
core   0: 0x000000008000478c (0x031b78bb) remuw   a7, s6, a7
core   0: 1 0x000000008000478c (0x031b78bb) x17 0x000000007fff9f66
core   0: 0x0000000080004790 (0x4051d69b) sraiw   a3, gp, 5
core   0: 1 0x0000000080004790 (0x4051d69b) x13 0xffffffffffffffff
core   0: 0x0000000080004794 (0x011512bb) sllw    t0, a0, a7
core   0: 1 0x0000000080004794 (0x011512bb) x5  0xffffffffffffaac0
core   0: 0x0000000080004798 (0x1a0dfc53) fdiv.d  fs8, fs11, ft0
core   0: 1 0x0000000080004798 (0x1a0dfc53) f24 0x7ff8000000000000
core   0: 0x000000008000479c (0x409a8abb) subw    s5, s5, s1
core   0: 1 0x000000008000479c (0x409a8abb) x21 0xfffffffffffff5f6
core   0: 0x00000000800047a0 (0x0396a237) lui     tp, 0x396a
core   0: 1 0x00000000800047a0 (0x0396a237) x4  0x000000000396a000
core   0: 0x00000000800047a4 (0x4ef2021b) addiw   tp, tp, 1263
core   0: 1 0x00000000800047a4 (0x4ef2021b) x4  0x000000000396a4ef
core   0: 0x00000000800047a8 (0x00000236) c.slli  tp, 13
core   0: 1 0x00000000800047a8 (0x0236) x4  0x00000072d49de000
core   0: 0x00000000800047aa (0xae020213) addi    tp, tp, -1312
core   0: 1 0x00000000800047aa (0xae020213) x4  0x00000072d49ddae0
core   0: 0x00000000800047ae (0x420788d3) fcvt.d.s fa7, fa5
core   0: 1 0x00000000800047ae (0x420788d3) f17 0x7ff8000000000000
core   0: 0x00000000800047b2 (0x022e5e33) divu    t3, t3, sp
core   0: 1 0x00000000800047b2 (0x022e5e33) x28 0xffffffffffffffff
core   0: 0x00000000800047b6 (0x00025213) srli    tp, tp, 0
core   0: 1 0x00000000800047b6 (0x00025213) x4  0x00000072d49ddae0
core   0: 0x00000000800047ba (0x12fdfdd3) fmul.d  fs11, fs11, fa5
core   0: 1 0x00000000800047ba (0x12fdfdd3) f27 0x7ff8000000000000
core   0: 0x00000000800047be (0x344632f3) csrrc   t0, mip, a2
core   0: exception trap_illegal_instruction, epc 0x00000000800047be
core   0:           tval 0x00000000344632f3
core   0: >>>>  $xrv64i2p1_m2p0_a2p1_f2p2_d2p2_zicsr2p0_zifencei2p0_zmmul1p0_zba1p0_zbb1p0_zbc1p0_zbs1p0
core   0: 0x0000000080004000 (0x0080006f) j       pc + 0x8
core   0: 3 0x0000000080004000 (0x0080006f)
core   0: >>>>  mmode_exception_handler
core   0: 0x0000000080004008 (0x00002c17) auipc   s8, 0x2
core   0: 3 0x0000000080004008 (0x00002c17) x24 0x0000000080006008
core   0: 0x000000008000400c (0x090c0c13) addi    s8, s8, 144
core   0: 3 0x000000008000400c (0x090c0c13) x24 0x0000000080006098
core   0: 0x0000000080004010 (0x000c00e7) jalr    s8
core   0: 3 0x0000000080004010 (0x000c00e7) x1  0x0000000080004014
core   0: >>>>  any_handler
core   0: 0x0000000080006098 (0x341027f3) csrrs   a5, mepc, zero
core   0: 3 0x0000000080006098 (0x341027f3) x15 0x00000000800047be
core   0: 0x000000008000609c (0x34202773) csrrs   a4, mcause, zero
core   0: 3 0x000000008000609c (0x34202773) x14 0x0000000000000002
core   0: 0x00000000800060a0 (0x142026f3) csrrs   a3, scause, zero
core   0: 3 0x00000000800060a0 (0x142026f3) x13 0x0000000000000000
core   0: 0x00000000800060a4 (0x30402673) csrrs   a2, mie, zero
core   0: 3 0x00000000800060a4 (0x30402673) x12 0x0000000000000a00
core   0: 0x00000000800060a8 (0x344025f3) csrrs   a1, mip, zero
core   0: 3 0x00000000800060a8 (0x344025f3) x11 0x0000000000000080
core   0: 0x00000000800060ac (0x343025f3) csrrs   a1, mtval, zero
core   0: 3 0x00000000800060ac (0x343025f3) x11 0x00000000344632f3
core   0: 0x00000000800060b0 (0x14302573) csrrs   a0, stval, zero
core   0: 3 0x00000000800060b0 (0x14302573) x10 0x0000000000000000
core   0: 0x00000000800060b4 (0xb02024f3) csrrs   s1, minstret, zero
core   0: 3 0x00000000800060b4 (0xb02024f3) x9  0x0000000000000a60
core   0: 0x00000000800060b8 (0x0000a811) c.j     pc + 20
core   0: 3 0x00000000800060b8 (0xa811)
core   0: >>>>  mepc_4
core   0: 0x00000000800060cc (0x00000791) c.addi  a5, 4
core   0: 3 0x00000000800060cc (0x0791) x15 0x00000000800047c2
core   0: 0x00000000800060ce (0x34179073) csrrw   zero, mepc, a5
core   0: 3 0x00000000800060ce (0x34179073) c833_mepc 0x00000000800047c2
core   0: 0x00000000800060d2 (0x30200073) mret
core   0: 3 0x00000000800060d2 (0x30200073) c768_mstatus 0x8000000a001c60a0
core   0: 0x00000000800047c2 (0x03a2a133) mulhsu  sp, t0, s10
core   0: 1 0x00000000800047c2 (0x03a2a133) x2  0xffffffffffffffff
core   0: 0x00000000800047c6 (0x0277f633) remu    a2, a5, t2
core   0: 1 0x00000000800047c6 (0x0277f633) x12 0x00000000800047c2
core   0: 0x00000000800047ca (0x2b388053) fmin.d  ft0, fa7, fs3
core   0: 1 0x00000000800047ca (0x2b388053) f0  0x0000000000000000
core   0: 0x00000000800047ce (0xd234f3d3) fcvt.d.lu ft7, s1
core   0: 1 0x00000000800047ce (0xd234f3d3) f7  0x40a4c00000000000
core   0: 0x00000000800047d2 (0x00167293) andi    t0, a2, 1
core   0: 1 0x00000000800047d2 (0x00167293) x5  0x0000000000000000
core   0: 0x00000000800047d6 (0x4006599b) sraiw   s3, a2, 0
core   0: 1 0x00000000800047d6 (0x4006599b) x19 0xffffffff800047c2
core   0: 0x00000000800047da (0xc23df853) fcvt.lu.d a6, fs11
core   0: 1 0x00000000800047da (0xc23df853) c1_fflags 0x000000000000001f x16 0xffffffffffffffff
core   0: 0x00000000800047de (0x034a0a3b) mulw    s4, s4, s4
core   0: 1 0x00000000800047de (0x034a0a3b) x20 0x0000000066900000
core   0: 0x00000000800047e2 (0x01e79c93) slli    s9, a5, 30
core   0: 1 0x00000000800047e2 (0x01e79c93) x25 0x200011f080000000
core   0: 0x00000000800047e6 (0x03ac8cbb) mulw    s9, s9, s10
core   0: 1 0x00000000800047e6 (0x03ac8cbb) x25 0x0000000000000000
core   0: 0x00000000800047ea (0xc033f953) fcvt.lu.s s2, ft7
core   0: 1 0x00000000800047ea (0xc033f953) c1_fflags 0x000000000000001f x18 0xffffffffffffffff
core   0: 0x00000000800047ee (0xc219f2d3) fcvt.wu.d t0, fs3
core   0: 1 0x00000000800047ee (0xc219f2d3) x5  0x0000000000000000
core   0: 0x00000000800047f2 (0x02aa02b3) mul     t0, s4, a0
core   0: 1 0x00000000800047f2 (0x02aa02b3) x5  0x0000000000000000
core   0: 0x00000000800047f6 (0x22d191d3) fsgnjn.d ft3, ft3, fa3
core   0: 1 0x00000000800047f6 (0x22d191d3) f3  0x7fffffff40000000
core   0: 0x00000000800047fa (0x0b087953) fsub.d  fs2, fa6, fa6
core   0: 1 0x00000000800047fa (0x0b087953) f18 0x7ff8000000000000
core   0: 0x00000000800047fe (0x02b5083b) mulw    a6, a0, a1
core   0: 1 0x00000000800047fe (0x02b5083b) x16 0x0000000000000000
core   0: 0x0000000080004802 (0x5a0571d3) fsqrt.d ft3, fa0
core   0: 1 0x0000000080004802 (0x5a0571d3) f3  0x7ff8000000000000
core   0: 0x0000000080004806 (0x01f1d89b) srliw   a7, gp, 31
core   0: 1 0x0000000080004806 (0x01f1d89b) x17 0x0000000000000001
core   0: 0x000000008000480a (0x2af4fccf) fnmadd.d fs9, fs1, fa5, ft5
core   0: 1 0x000000008000480a (0x2af4fccf) f25 0x7ff8000000000000
core   0: 0x000000008000480e (0x024cf04f) fnmadd.d ft0, fs9, ft4, ft0
core   0: 1 0x000000008000480e (0x024cf04f) f0  0x7ff8000000000000
core   0: 0x0000000080004812 (0x02cadab3) divu    s5, s5, a2
core   0: 1 0x0000000080004812 (0x02cadab3) x21 0x00000001fffee0f8
core   0: 0x0000000080004816 (0x80014693) xori    a3, sp, -2048
core   0: 1 0x0000000080004816 (0x80014693) x13 0x00000000000007ff
core   0: 0x000000008000481a (0x00f7941b) slliw   s0, a5, 15
core   0: 1 0x000000008000481a (0x00f7941b) x8  0x0000000023e10000
core   0: 0x000000008000481e (0x800cce13) xori    t3, s9, -2048
core   0: 1 0x000000008000481e (0x800cce13) x28 0xfffffffffffff800
core   0: 0x0000000080004822 (0x00059033) sll     zero, a1, zero
core   0: 1 0x0000000080004822 (0x00059033)
core   0: 0x0000000080004826 (0x2276e593) ori     a1, a3, 551
core   0: 1 0x0000000080004826 (0x2276e593) x11 0x00000000000007ff
core   0: 0x000000008000482a (0x22730353) fsgnj.d ft6, ft6, ft7
core   0: 1 0x000000008000482a (0x22730353) f6  0x0000000000000000
core   0: 0x000000008000482e (0xf11065f3) csrrsi  a1, mvendorid, 0
core   0: exception trap_illegal_instruction, epc 0x000000008000482e
core   0:           tval 0x00000000f11065f3
core   0: >>>>  $xrv64i2p1_m2p0_a2p1_f2p2_d2p2_zicsr2p0_zifencei2p0_zmmul1p0_zba1p0_zbb1p0_zbc1p0_zbs1p0
core   0: 0x0000000080004000 (0x0080006f) j       pc + 0x8
core   0: 3 0x0000000080004000 (0x0080006f)
core   0: >>>>  mmode_exception_handler
core   0: 0x0000000080004008 (0x00002c17) auipc   s8, 0x2
core   0: 3 0x0000000080004008 (0x00002c17) x24 0x0000000080006008
core   0: 0x000000008000400c (0x090c0c13) addi    s8, s8, 144
core   0: 3 0x000000008000400c (0x090c0c13) x24 0x0000000080006098
core   0: 0x0000000080004010 (0x000c00e7) jalr    s8
core   0: 3 0x0000000080004010 (0x000c00e7) x1  0x0000000080004014
core   0: >>>>  any_handler
core   0: 0x0000000080006098 (0x341027f3) csrrs   a5, mepc, zero
core   0: 3 0x0000000080006098 (0x341027f3) x15 0x000000008000482e
core   0: 0x000000008000609c (0x34202773) csrrs   a4, mcause, zero
core   0: 3 0x000000008000609c (0x34202773) x14 0x0000000000000002
core   0: 0x00000000800060a0 (0x142026f3) csrrs   a3, scause, zero
core   0: 3 0x00000000800060a0 (0x142026f3) x13 0x0000000000000000
core   0: 0x00000000800060a4 (0x30402673) csrrs   a2, mie, zero
core   0: 3 0x00000000800060a4 (0x30402673) x12 0x0000000000000a00
core   0: 0x00000000800060a8 (0x344025f3) csrrs   a1, mip, zero
core   0: 3 0x00000000800060a8 (0x344025f3) x11 0x0000000000000080
core   0: 0x00000000800060ac (0x343025f3) csrrs   a1, mtval, zero
core   0: 3 0x00000000800060ac (0x343025f3) x11 0x00000000f11065f3
core   0: 0x00000000800060b0 (0x14302573) csrrs   a0, stval, zero
core   0: 3 0x00000000800060b0 (0x14302573) x10 0x0000000000000000
core   0: 0x00000000800060b4 (0xb02024f3) csrrs   s1, minstret, zero
core   0: 3 0x00000000800060b4 (0xb02024f3) x9  0x0000000000000a8b
core   0: 0x00000000800060b8 (0x0000a811) c.j     pc + 20
core   0: 3 0x00000000800060b8 (0xa811)
core   0: >>>>  mepc_4
core   0: 0x00000000800060cc (0x00000791) c.addi  a5, 4
core   0: 3 0x00000000800060cc (0x0791) x15 0x0000000080004832
core   0: 0x00000000800060ce (0x34179073) csrrw   zero, mepc, a5
core   0: 3 0x00000000800060ce (0x34179073) c833_mepc 0x0000000080004832
core   0: 0x00000000800060d2 (0x30200073) mret
core   0: 3 0x00000000800060d2 (0x30200073) c768_mstatus 0x8000000a001c60a0
core   0: 0x0000000080004832 (0x001bd993) srli    s3, s7, 1
core   0: 1 0x0000000080004832 (0x001bd993) x19 0x7fffffffedd8d9ff
core   0: 0x0000000080004836 (0x6242f513) andi    a0, t0, 1572
core   0: 1 0x0000000080004836 (0x6242f513) x10 0x0000000000000000
core   0: 0x000000008000483a (0xd23e75d3) fcvt.d.lu fa1, t3
core   0: 1 0x000000008000483a (0xd23e75d3) f11 0x43efffffffffffff
core   0: 0x000000008000483e (0x7b00f973) csrrci  s2, dcsr, 1
core   0: exception trap_illegal_instruction, epc 0x000000008000483e
core   0:           tval 0x000000007b00f973
core   0: >>>>  $xrv64i2p1_m2p0_a2p1_f2p2_d2p2_zicsr2p0_zifencei2p0_zmmul1p0_zba1p0_zbb1p0_zbc1p0_zbs1p0
core   0: 0x0000000080004000 (0x0080006f) j       pc + 0x8
core   0: 3 0x0000000080004000 (0x0080006f)
core   0: >>>>  mmode_exception_handler
core   0: 0x0000000080004008 (0x00002c17) auipc   s8, 0x2
core   0: 3 0x0000000080004008 (0x00002c17) x24 0x0000000080006008
core   0: 0x000000008000400c (0x090c0c13) addi    s8, s8, 144
core   0: 3 0x000000008000400c (0x090c0c13) x24 0x0000000080006098
core   0: 0x0000000080004010 (0x000c00e7) jalr    s8
core   0: 3 0x0000000080004010 (0x000c00e7) x1  0x0000000080004014
core   0: >>>>  any_handler
core   0: 0x0000000080006098 (0x341027f3) csrrs   a5, mepc, zero
core   0: 3 0x0000000080006098 (0x341027f3) x15 0x000000008000483e
core   0: 0x000000008000609c (0x34202773) csrrs   a4, mcause, zero
core   0: 3 0x000000008000609c (0x34202773) x14 0x0000000000000002
core   0: 0x00000000800060a0 (0x142026f3) csrrs   a3, scause, zero
core   0: 3 0x00000000800060a0 (0x142026f3) x13 0x0000000000000000
core   0: 0x00000000800060a4 (0x30402673) csrrs   a2, mie, zero
core   0: 3 0x00000000800060a4 (0x30402673) x12 0x0000000000000a00
core   0: 0x00000000800060a8 (0x344025f3) csrrs   a1, mip, zero
core   0: 3 0x00000000800060a8 (0x344025f3) x11 0x0000000000000080
core   0: 0x00000000800060ac (0x343025f3) csrrs   a1, mtval, zero
core   0: 3 0x00000000800060ac (0x343025f3) x11 0x000000007b00f973
core   0: 0x00000000800060b0 (0x14302573) csrrs   a0, stval, zero
core   0: 3 0x00000000800060b0 (0x14302573) x10 0x0000000000000000
core   0: 0x00000000800060b4 (0xb02024f3) csrrs   s1, minstret, zero
core   0: 3 0x00000000800060b4 (0xb02024f3) x9  0x0000000000000a9e
core   0: 0x00000000800060b8 (0x0000a811) c.j     pc + 20
core   0: 3 0x00000000800060b8 (0xa811)
core   0: >>>>  mepc_4
core   0: 0x00000000800060cc (0x00000791) c.addi  a5, 4
core   0: 3 0x00000000800060cc (0x0791) x15 0x0000000080004842
core   0: 0x00000000800060ce (0x34179073) csrrw   zero, mepc, a5
core   0: 3 0x00000000800060ce (0x34179073) c833_mepc 0x0000000080004842
core   0: 0x00000000800060d2 (0x30200073) mret
core   0: 3 0x00000000800060d2 (0x30200073) c768_mstatus 0x8000000a001c60a0
core   0: 0x0000000080004842 (0x002026f3) csrrs   a3, frm, zero
core   0: 1 0x0000000080004842 (0x002026f3) x13 0x0000000000000004
core   0: 0x0000000080004846 (0x012e4733) xor     a4, t3, s2
core   0: 1 0x0000000080004846 (0x012e4733) x14 0x00000000000007ff
core   0: 0x000000008000484a (0xd0297553) fcvt.s.l fa0, s2
core   0: 1 0x000000008000484a (0xd0297553) f10 0xffffffffbf800000
core   0: 0x000000008000484e (0x420c8c53) fcvt.d.s fs8, fs9
core   0: 1 0x000000008000484e (0x420c8c53) f24 0x7ff8000000000000
core   0: 0x0000000080004852 (0x032dd6bb) divuw   a3, s11, s2
core   0: 1 0x0000000080004852 (0x032dd6bb) x13 0x0000000000000000
core   0: 0x0000000080004856 (0x45d85c37) lui     s8, 0x45d85
core   0: 1 0x0000000080004856 (0x45d85c37) x24 0x0000000045d85000
core   0: 0x000000008000485a (0x020cf23b) remuw   tp, s9, zero
core   0: 1 0x000000008000485a (0x020cf23b) x4  0x0000000000000000
core   0: 0x000000008000485e (0x221085d3) fsgnj.d fa1, ft1, ft1
core   0: 1 0x000000008000485e (0x221085d3) f11 0x7ff8000000000000
core   0: 0x0000000080004862 (0x42058953) fcvt.d.s fs2, fa1
core   0: 1 0x0000000080004862 (0x42058953) f18 0x7ff8000000000000
core   0: 0x0000000080004866 (0x00102873) csrrs   a6, fflags, zero
core   0: 1 0x0000000080004866 (0x00102873) x16 0x000000000000001f
core   0: 0x000000008000486a (0x013e589b) srliw   a7, t3, 19
core   0: 1 0x000000008000486a (0x013e589b) x17 0x0000000000001fff
core   0: 0x000000008000486e (0x00008d76) c.mv    s10, t4
core   0: 1 0x000000008000486e (0x8d76) x26 0x000000001cd37000
core   0: 0x0000000080004870 (0x40b5da9b) sraiw   s5, a1, 11
core   0: 1 0x0000000080004870 (0x40b5da9b) x21 0x00000000000f601f
core   0: 0x0000000080004874 (0x01d52eb3) slt     t4, a0, t4
core   0: 1 0x0000000080004874 (0x01d52eb3) x29 0x0000000000000001
core   0: 0x0000000080004878 (0x323e5b73) csrrwi  s6, mhpmevent3, 28
core   0: exception trap_illegal_instruction, epc 0x0000000080004878
core   0:           tval 0x00000000323e5b73
core   0: >>>>  $xrv64i2p1_m2p0_a2p1_f2p2_d2p2_zicsr2p0_zifencei2p0_zmmul1p0_zba1p0_zbb1p0_zbc1p0_zbs1p0
core   0: 0x0000000080004000 (0x0080006f) j       pc + 0x8
core   0: 3 0x0000000080004000 (0x0080006f)
core   0: >>>>  mmode_exception_handler
core   0: 0x0000000080004008 (0x00002c17) auipc   s8, 0x2
core   0: 3 0x0000000080004008 (0x00002c17) x24 0x0000000080006008
core   0: 0x000000008000400c (0x090c0c13) addi    s8, s8, 144
core   0: 3 0x000000008000400c (0x090c0c13) x24 0x0000000080006098
core   0: 0x0000000080004010 (0x000c00e7) jalr    s8
core   0: 3 0x0000000080004010 (0x000c00e7) x1  0x0000000080004014
core   0: >>>>  any_handler
core   0: 0x0000000080006098 (0x341027f3) csrrs   a5, mepc, zero
core   0: 3 0x0000000080006098 (0x341027f3) x15 0x0000000080004878
core   0: 0x000000008000609c (0x34202773) csrrs   a4, mcause, zero
core   0: 3 0x000000008000609c (0x34202773) x14 0x0000000000000002
core   0: 0x00000000800060a0 (0x142026f3) csrrs   a3, scause, zero
core   0: 3 0x00000000800060a0 (0x142026f3) x13 0x0000000000000000
core   0: 0x00000000800060a4 (0x30402673) csrrs   a2, mie, zero
core   0: 3 0x00000000800060a4 (0x30402673) x12 0x0000000000000a00
core   0: 0x00000000800060a8 (0x344025f3) csrrs   a1, mip, zero
core   0: 3 0x00000000800060a8 (0x344025f3) x11 0x0000000000000080
core   0: 0x00000000800060ac (0x343025f3) csrrs   a1, mtval, zero
core   0: 3 0x00000000800060ac (0x343025f3) x11 0x00000000323e5b73
core   0: 0x00000000800060b0 (0x14302573) csrrs   a0, stval, zero
core   0: 3 0x00000000800060b0 (0x14302573) x10 0x0000000000000000
core   0: 0x00000000800060b4 (0xb02024f3) csrrs   s1, minstret, zero
core   0: 3 0x00000000800060b4 (0xb02024f3) x9  0x0000000000000abc
core   0: 0x00000000800060b8 (0x0000a811) c.j     pc + 20
core   0: 3 0x00000000800060b8 (0xa811)
core   0: >>>>  mepc_4
core   0: 0x00000000800060cc (0x00000791) c.addi  a5, 4
core   0: 3 0x00000000800060cc (0x0791) x15 0x000000008000487c
core   0: 0x00000000800060ce (0x34179073) csrrw   zero, mepc, a5
core   0: 3 0x00000000800060ce (0x34179073) c833_mepc 0x000000008000487c
core   0: 0x00000000800060d2 (0x30200073) mret
core   0: 3 0x00000000800060d2 (0x30200073) c768_mstatus 0x8000000a001c60a0
core   0: 0x000000008000487c (0xc225f753) fcvt.l.d a4, fa1
core   0: 1 0x000000008000487c (0xc225f753) c1_fflags 0x000000000000001f x14 0x7fffffffffffffff
core   0: 0x0000000080004880 (0xc03bf9d3) fcvt.lu.s s3, fs7
core   0: 1 0x0000000080004880 (0xc03bf9d3) c1_fflags 0x000000000000001f x19 0xffffffffffffffff
core   0: 0x0000000080004884 (0x41f2d29b) sraiw   t0, t0, 31
core   0: 1 0x0000000080004884 (0x41f2d29b) x5  0x0000000000000000
core   0: 0x0000000080004888 (0xc2580c13) addi    s8, a6, -987
core   0: 1 0x0000000080004888 (0xc2580c13) x24 0xfffffffffffffc44
core   0: 0x000000008000488c (0xc222f5d3) fcvt.l.d a1, ft5
core   0: 1 0x000000008000488c (0xc222f5d3) c1_fflags 0x000000000000001f x11 0x7fffffffffffffff
core   0: 0x0000000080004890 (0xd4f0b497) auipc   s1, 0xd4f0b
core   0: 1 0x0000000080004890 (0xd4f0b497) x9  0x0000000054f0f890
core   0: 0x0000000080004894 (0x00de72b3) and     t0, t3, a3
core   0: 1 0x0000000080004894 (0x00de72b3) x5  0x0000000000000000
core   0: 0x0000000080004898 (0xc03cfc53) fcvt.lu.s s8, fs9
core   0: 1 0x0000000080004898 (0xc03cfc53) c1_fflags 0x000000000000001f x24 0xffffffffffffffff
core   0: 0x000000008000489c (0xc20ff0d3) fcvt.w.d ra, ft11
core   0: 1 0x000000008000489c (0xc20ff0d3) c1_fflags 0x000000000000001f x1  0x000000007fffffff
core   0: 0x00000000800048a0 (0x7ac68237) lui     tp, 0x7ac68
core   0: 1 0x00000000800048a0 (0x7ac68237) x4  0x000000007ac68000
core   0: 0x00000000800048a4 (0x41985a3b) sraw    s4, a6, s9
core   0: 1 0x00000000800048a4 (0x41985a3b) x20 0x000000000000001f
core   0: 0x00000000800048a8 (0x00269af3) csrrw   s5, frm, a3
core   0: 1 0x00000000800048a8 (0x00269af3) x21 0x0000000000000004 c2_frm 0x0000000000000000
core   0: 0x00000000800048ac (0xd033f953) fcvt.s.lu fs2, t2
core   0: 1 0x00000000800048ac (0xd033f953) c1_fflags 0x000000000000001f f18 0xffffffff51f2da37
core   0: 0x00000000800048b0 (0x40125913) srai    s2, tp, 1
core   0: 1 0x00000000800048b0 (0x40125913) x18 0x000000003d634000
core   0: 0x00000000800048b4 (0x128974d3) fmul.d  fs1, fs2, fs0
core   0: 1 0x00000000800048b4 (0x128974d3) f9  0x7ff8000000000000
core   0: 0x00000000800048b8 (0x035873bb) remuw   t2, a6, s5
core   0: 1 0x00000000800048b8 (0x035873bb) x7  0x0000000000000003
core   0: 0x00000000800048bc (0x02ea863b) mulw    a2, s5, a4
core   0: 1 0x00000000800048bc (0x02ea863b) x12 0xfffffffffffffffc
core   0: 0x00000000800048c0 (0xe20e0153) fmv.x.d sp, ft8
core   0: 1 0x00000000800048c0 (0xe20e0153) x2  0x0000000000000002
core   0: 0x00000000800048c4 (0x7290f0cb) fnmsub.d ft1, ft1, fs1, fa4
core   0: 1 0x00000000800048c4 (0x7290f0cb) f1  0x7ff8000000000000
core   0: 0x00000000800048c8 (0x037af4b3) remu    s1, s5, s7
core   0: 1 0x00000000800048c8 (0x037af4b3) x9  0x0000000000000004
core   0: 0x00000000800048cc (0x0271e233) rem     tp, gp, t2
core   0: 1 0x00000000800048cc (0x0271e233) x4  0x0000000000000001
core   0: 0x00000000800048d0 (0x1b70714f) fnmadd.d ft2, ft0, fs7, ft3
core   0: 1 0x00000000800048d0 (0x1b70714f) f2  0x7ff8000000000000
core   0: 0x00000000800048d4 (0x02f71a13) slli    s4, a4, 47
core   0: 1 0x00000000800048d4 (0x02f71a13) x20 0xffff800000000000
core   0: 0x00000000800048d8 (0x007653b3) srl     t2, a2, t2
core   0: 1 0x00000000800048d8 (0x007653b3) x7  0x1fffffffffffffff
core   0: 0x00000000800048dc (0x014171b3) and     gp, sp, s4
core   0: 1 0x00000000800048dc (0x014171b3) x3  0x0000000000000000
core   0: 0x00000000800048e0 (0x2b3508d3) fmin.d  fa7, fa0, fs3
core   0: 1 0x00000000800048e0 (0x2b3508d3) f17 0x0000000000000000
core   0: 0x00000000800048e4 (0xaff10d9b) addiw   s11, sp, -1281
core   0: 1 0x00000000800048e4 (0xaff10d9b) x27 0xfffffffffffffb01
core   0: 0x00000000800048e8 (0x0aabfbd3) fsub.d  fs7, fs7, fa0
core   0: 1 0x00000000800048e8 (0x0aabfbd3) f23 0x7ff8000000000000
core   0: 0x00000000800048ec (0xd239f3d3) fcvt.d.lu ft7, s3
core   0: 1 0x00000000800048ec (0xd239f3d3) c1_fflags 0x000000000000001f f7  0x43f0000000000000
core   0: 0x00000000800048f0 (0xf4d2a717) auipc   a4, 0xf4d2a
core   0: 1 0x00000000800048f0 (0xf4d2a717) x14 0x0000000074d2e8f0
core   0: 0x00000000800048f4 (0x4093dc1b) sraiw   s8, t2, 9
core   0: 1 0x00000000800048f4 (0x4093dc1b) x24 0xffffffffffffffff
core   0: 0x00000000800048f8 (0xf3cda613) slti    a2, s11, -196
core   0: 1 0x00000000800048f8 (0xf3cda613) x12 0x0000000000000001
core   0: 0x00000000800048fc (0x00bc65b3) or      a1, s8, a1
core   0: 1 0x00000000800048fc (0x00bc65b3) x11 0xffffffffffffffff
core   0: 0x0000000080004900 (0x93e5c393) xori    t2, a1, -1730
core   0: 1 0x0000000080004900 (0x93e5c393) x7  0x00000000000006c1
core   0: 0x0000000080004904 (0xc227f853) fcvt.l.d a6, fa5
core   0: 1 0x0000000080004904 (0xc227f853) c1_fflags 0x000000000000001f x16 0x7fffffffffffffff
core   0: 0x0000000080004908 (0x00091d93) slli    s11, s2, 0
core   0: 1 0x0000000080004908 (0x00091d93) x27 0x000000003d634000
core   0: 0x000000008000490c (0xc2194c93) xori    s9, s2, -991
core   0: 1 0x000000008000490c (0xc2194c93) x25 0xffffffffc29cbc21
core   0: 0x0000000080004910 (0x018ce2b3) or      t0, s9, s8
core   0: 1 0x0000000080004910 (0x018ce2b3) x5  0xffffffffffffffff
core   0: 0x0000000080004914 (0x42715393) srai    t2, sp, 39
core   0: 1 0x0000000080004914 (0x42715393) x7  0x0000000000000000
core   0: 0x0000000080004918 (0xd02cf4d3) fcvt.s.l fs1, s9
core   0: 1 0x0000000080004918 (0xd02cf4d3) c1_fflags 0x000000000000001f f9  0xffffffffce758d0f
core   0: 0x000000008000491c (0x1062b073) csrrc   zero, scounteren, t0
core   0: 1 0x000000008000491c (0x1062b073) c262_scounteren 0x0000000000000000
core   0: 0x0000000080004920 (0x10a8f073) csrrci  zero, senvcfg, 17
core   0: 1 0x0000000080004920 (0x10a8f073) c266_senvcfg 0x0000000000000000
core   0: 0x0000000080004924 (0x5a0a7453) fsqrt.d fs0, fs4
core   0: 1 0x0000000080004924 (0x5a0a7453) f8  0x7ff8000000000000
core   0: 0x0000000080004928 (0xc2854693) xori    a3, a0, -984
core   0: 1 0x0000000080004928 (0xc2854693) x13 0xfffffffffffffc28
core   0: 0x000000008000492c (0x233789d3) fsgnj.d fs3, fa5, fs3
core   0: 1 0x000000008000492c (0x233789d3) f19 0x7ff8000000000000
core   0: 0x0000000080004930 (0x40258b3b) subw    s6, a1, sp
core   0: 1 0x0000000080004930 (0x40258b3b) x22 0xfffffffffffffffd
core   0: 0x0000000080004934 (0x03600b3b) mulw    s6, zero, s6
core   0: 1 0x0000000080004934 (0x03600b3b) x22 0x0000000000000000
core   0: 0x0000000080004938 (0x0132f2b3) and     t0, t0, s3
core   0: 1 0x0000000080004938 (0x0132f2b3) x5  0xffffffffffffffff
core   0: 0x000000008000493c (0xc0297053) fcvt.l.s zero, fs2
core   0: 1 0x000000008000493c (0xc0297053)
core   0: 0x0000000080004940 (0x039e8433) mul     s0, t4, s9
core   0: 1 0x0000000080004940 (0x039e8433) x8  0xffffffffc29cbc21
core   0: 0x0000000080004944 (0x2a8f1953) fmax.d  fs2, ft10, fs0
core   0: 1 0x0000000080004944 (0x2a8f1953) f18 0x7ff8000000000000
core   0: 0x0000000080004948 (0x0003029b) sext.w  t0, t1
core   0: 1 0x0000000080004948 (0x0003029b) x5  0x0000000000000000
core   0: 0x000000008000494c (0xc207fdd3) fcvt.w.d s11, fa5
core   0: 1 0x000000008000494c (0xc207fdd3) c1_fflags 0x000000000000001f x27 0x000000007fffffff
core   0: 0x0000000080004950 (0xd20d0e53) fcvt.d.w ft8, s10
core   0: 1 0x0000000080004950 (0xd20d0e53) f28 0x41bcd37000000000
core   0: 0x0000000080004954 (0x0016999b) slliw   s3, a3, 1
core   0: 1 0x0000000080004954 (0x0016999b) x19 0xfffffffffffff850
core   0: 0x0000000080004958 (0xe20907d3) fmv.x.d a5, fs2
core   0: 1 0x0000000080004958 (0xe20907d3) x15 0x7ff8000000000000
core   0: 0x000000008000495c (0xd0287253) fcvt.s.l ft4, a6
core   0: 1 0x000000008000495c (0xd0287253) c1_fflags 0x000000000000001f f4  0xffffffff5f000000
core   0: 0x0000000080004960 (0x02e3e833) rem     a6, t2, a4
core   0: 1 0x0000000080004960 (0x02e3e833) x16 0x0000000000000000
core   0: 0x0000000080004964 (0x031189bb) mulw    s3, gp, a7
core   0: 1 0x0000000080004964 (0x031189bb) x19 0x0000000000000000
core   0: 0x0000000080004968 (0xd8aa6b37) lui     s6, 0xd8aa6
core   0: 1 0x0000000080004968 (0xd8aa6b37) x22 0xffffffffd8aa6000
core   0: 0x000000008000496c (0xc21bf353) fcvt.wu.d t1, fs7
core   0: 1 0x000000008000496c (0xc21bf353) c1_fflags 0x000000000000001f x6  0xffffffffffffffff
core   0: 0x0000000080004970 (0x1a617153) fdiv.d  ft2, ft2, ft6
core   0: 1 0x0000000080004970 (0x1a617153) f2  0x7ff8000000000000
core   0: 0x0000000080004974 (0x22fc05d3) fsgnj.d fa1, fs8, fa5
core   0: 1 0x0000000080004974 (0x22fc05d3) f11 0xfff8000000000000
core   0: 0x0000000080004978 (0x232f8753) fsgnj.d fa4, ft11, fs2
core   0: 1 0x0000000080004978 (0x232f8753) f14 0x7ff8000000000000
core   0: 0x000000008000497c (0xd02e71d3) fcvt.s.l ft3, t3
core   0: 1 0x000000008000497c (0xd02e71d3) f3  0xffffffffc5000000
core   0: 0x0000000080004980 (0x0235f0d3) fadd.d  ft1, fa1, ft3
core   0: 1 0x0000000080004980 (0x0235f0d3) f1  0x7ff8000000000000
core   0: 0x0000000080004984 (0x001021f3) csrrs   gp, fflags, zero
core   0: 1 0x0000000080004984 (0x001021f3) x3  0x000000000000001f
core   0: 0x0000000080004988 (0x00691eb3) sll     t4, s2, t1
core   0: 1 0x0000000080004988 (0x00691eb3) x29 0x0000000000000000
core   0: 0x000000008000498c (0xd23cf2d3) fcvt.d.lu ft5, s9
core   0: 1 0x000000008000498c (0xd23cf2d3) c1_fflags 0x000000000000001f f5  0x43effffffff85398
core   0: 0x0000000080004990 (0x01170d3b) addw    s10, a4, a7
core   0: 1 0x0000000080004990 (0x01170d3b) x26 0x0000000074d308ef
core   0: 0x0000000080004994 (0x03bdf733) remu    a4, s11, s11
core   0: 1 0x0000000080004994 (0x03bdf733) x14 0x0000000000000000
core   0: 0x0000000080004998 (0xdc974113) xori    sp, a4, -567
core   0: 1 0x0000000080004998 (0xdc974113) x2  0xfffffffffffffdc9
core   0: 0x000000008000499c (0x0231c1b3) div     gp, gp, gp
core   0: 1 0x000000008000499c (0x0231c1b3) x3  0x0000000000000001
core   0: 0x00000000800049a0 (0x01d7debb) srlw    t4, a5, t4
core   0: 1 0x00000000800049a0 (0x01d7debb) x29 0x0000000000000000
core   0: 0x00000000800049a4 (0xcbe8704b) fnmsub.d ft0, fa6, ft10, fs9
core   0: 1 0x00000000800049a4 (0xcbe8704b) f0  0x7ff8000000000000
core   0: 0x00000000800049a8 (0xa28406d3) fle.d   a3, fs0, fs0
core   0: 1 0x00000000800049a8 (0xa28406d3) c1_fflags 0x000000000000001f x13 0x0000000000000000
core   0: 0x00000000800049ac (0x0ff0000f) fence   iorw,iorw
core   0: 1 0x00000000800049ac (0x0ff0000f)
core   0: 0x00000000800049b0 (0x0236e63b) remw    a2, a3, gp
core   0: 1 0x00000000800049b0 (0x0236e63b) x12 0x0000000000000000
core   0: 0x00000000800049b4 (0x02d6e3bb) remw    t2, a3, a3
core   0: 1 0x00000000800049b4 (0x02d6e3bb) x7  0x0000000000000000
core   0: 0x00000000800049b8 (0x41d807bb) subw    a5, a6, t4
core   0: 1 0x00000000800049b8 (0x41d807bb) x15 0x0000000000000000
core   0: 0x00000000800049bc (0xc20ef853) fcvt.w.d a6, ft9
core   0: 1 0x00000000800049bc (0xc20ef853) c1_fflags 0x000000000000001f x16 0x000000007fffffff
core   0: 0x00000000800049c0 (0xd20507d3) fcvt.d.w fa5, a0
core   0: 1 0x00000000800049c0 (0xd20507d3) f15 0x0000000000000000
core   0: 0x00000000800049c4 (0x02e82db3) mulhsu  s11, a6, a4
core   0: 1 0x00000000800049c4 (0x02e82db3) x27 0x0000000000000000
core   0: 0x00000000800049c8 (0x8bb4ca13) xori    s4, s1, -1861
core   0: 1 0x00000000800049c8 (0x8bb4ca13) x20 0xfffffffffffff8bf
core   0: 0x00000000800049cc (0x03cf7f53) fadd.d  ft10, ft10, ft8
core   0: 1 0x00000000800049cc (0x03cf7f53) f30 0x7ff8000000000000
core   0: 0x00000000800049d0 (0x7a2d794f) fnmadd.d fs2, fs10, ft2, fa5
core   0: 1 0x00000000800049d0 (0x7a2d794f) f18 0x7ff8000000000000
core   0: 0x00000000800049d4 (0xd2008a53) fcvt.d.w fs4, ra
core   0: 1 0x00000000800049d4 (0xd2008a53) f20 0x41dfffffffc00000
core   0: 0x00000000800049d8 (0x7ff9fd93) andi    s11, s3, 2047
core   0: 1 0x00000000800049d8 (0x7ff9fd93) x27 0x0000000000000000
core   0: 0x00000000800049dc (0x1a9b72d3) fdiv.d  ft5, fs6, fs1
core   0: 1 0x00000000800049dc (0x1a9b72d3) f5  0x7ff8000000000000
core   0: 0x00000000800049e0 (0x43fed993) srai    s3, t4, 63
core   0: 1 0x00000000800049e0 (0x43fed993) x19 0x0000000000000000
core   0: 0x00000000800049e4 (0x565c7037) lui     zero, 0x565c7
core   0: 1 0x00000000800049e4 (0x565c7037)
core   0: 0x00000000800049e8 (0x00000001) c.nop
core   0: 1 0x00000000800049e8 (0x0001)
core   0: 0x00000000800049ea (0x01267e33) and     t3, a2, s2
core   0: 1 0x00000000800049ea (0x01267e33) x28 0x0000000000000000
core   0: 0x00000000800049ee (0x012e2bb3) slt     s7, t3, s2
core   0: 1 0x00000000800049ee (0x012e2bb3) x23 0x0000000000000001
core   0: 0x00000000800049f2 (0x40e9539b) sraiw   t2, s2, 14
core   0: 1 0x00000000800049f2 (0x40e9539b) x7  0x000000000000f58d
core   0: 0x00000000800049f6 (0x420f0653) fcvt.d.s fa2, ft10
core   0: 1 0x00000000800049f6 (0x420f0653) f12 0x7ff8000000000000
core   0: 0x00000000800049fa (0x4010fb53) fcvt.s.d fs6, ft1
core   0: 1 0x00000000800049fa (0x4010fb53) f22 0xffffffff7fc00000
core   0: 0x00000000800049fe (0x6a54dbb7) lui     s7, 0x6a54d
core   0: 1 0x00000000800049fe (0x6a54dbb7) x23 0x000000006a54d000
core   0: 0x0000000080004a02 (0x004e1e33) sll     t3, t3, tp
core   0: 1 0x0000000080004a02 (0x004e1e33) x28 0x0000000000000000
core   0: 0x0000000080004a06 (0x9c68ca37) lui     s4, 0x9c68c
core   0: 1 0x0000000080004a06 (0x9c68ca37) x20 0xffffffff9c68c000
core   0: 0x0000000080004a0a (0x232b9ed3) fsgnjn.d ft9, fs7, fs2
core   0: 1 0x0000000080004a0a (0x232b9ed3) f29 0xfff8000000000000
core   0: 0x0000000080004a0e (0x024221b3) mulhsu  gp, tp, tp
core   0: 1 0x0000000080004a0e (0x024221b3) x3  0x0000000000000000
core   0: 0x0000000080004a12 (0x800e061b) addiw   a2, t3, -2048
core   0: 1 0x0000000080004a12 (0x800e061b) x12 0xfffffffffffff800
core   0: 0x0000000080004a16 (0x0151d09b) srliw   ra, gp, 21
core   0: 1 0x0000000080004a16 (0x0151d09b) x1  0x0000000000000000
core   0: 0x0000000080004a1a (0x126f7f4b) fnmsub.d ft10, ft10, ft6, ft2
core   0: 1 0x0000000080004a1a (0x126f7f4b) f30 0x7ff8000000000000
core   0: 0x0000000080004a1e (0xc238fed3) fcvt.lu.d t4, fa7
core   0: 1 0x0000000080004a1e (0xc238fed3) x29 0x0000000000000000
core   0: 0x0000000080004a22 (0xc20370d3) fcvt.w.d ra, ft6
core   0: 1 0x0000000080004a22 (0xc20370d3) x1  0x0000000000000000
core   0: 0x0000000080004a26 (0xc03ef8d3) fcvt.lu.s a7, ft9
core   0: 1 0x0000000080004a26 (0xc03ef8d3) c1_fflags 0x000000000000001f x17 0xffffffffffffffff
core   0: 0x0000000080004a2a (0xd20c06d3) fcvt.d.w fa3, s8
core   0: 1 0x0000000080004a2a (0xd20c06d3) f13 0xbff0000000000000
core   0: 0x0000000080004a2e (0x92778793) addi    a5, a5, -1753
core   0: 1 0x0000000080004a2e (0x92778793) x15 0xfffffffffffff927
core   0: 0x0000000080004a32 (0xa34702d3) fle.d   t0, fa4, fs4
core   0: 1 0x0000000080004a32 (0xa34702d3) c1_fflags 0x000000000000001f x5  0x0000000000000000
core   0: 0x0000000080004a36 (0x72277e4f) fnmadd.d ft8, fa4, ft2, fa4
core   0: 1 0x0000000080004a36 (0x72277e4f) f28 0x7ff8000000000000
core   0: 0x0000000080004a3a (0xafb78e9b) addiw   t4, a5, -1285
core   0: 1 0x0000000080004a3a (0xafb78e9b) x29 0xfffffffffffff422
core   0: 0x0000000080004a3e (0x4059d8bb) sraw    a7, s3, t0
core   0: 1 0x0000000080004a3e (0x4059d8bb) x17 0x0000000000000000
core   0: 0x0000000080004a42 (0x0305ab33) mulhsu  s6, a1, a6
core   0: 1 0x0000000080004a42 (0x0305ab33) x22 0xffffffffffffffff
core   0: 0x0000000080004a46 (0x4134d4b3) sra     s1, s1, s3
core   0: 1 0x0000000080004a46 (0x4134d4b3) x9  0x0000000000000004
core   0: 0x0000000080004a4a (0x1a5b7d53) fdiv.d  fs10, fs6, ft5
core   0: 1 0x0000000080004a4a (0x1a5b7d53) f26 0x7ff8000000000000
core   0: 0x0000000080004a4e (0x1b15f3d3) fdiv.d  ft7, fa1, fa7
core   0: 1 0x0000000080004a4e (0x1b15f3d3) f7  0x7ff8000000000000
core   0: 0x0000000080004a52 (0xd03ce493) ori     s1, s9, -765
core   0: 1 0x0000000080004a52 (0xd03ce493) x9  0xfffffffffffffd23
core   0: 0x0000000080004a56 (0xa2bf0ed3) fle.d   t4, ft10, fa1
core   0: 1 0x0000000080004a56 (0xa2bf0ed3) c1_fflags 0x000000000000001f x29 0x0000000000000000
core   0: 0x0000000080004a5a (0x0ff0000f) fence   iorw,iorw
core   0: 1 0x0000000080004a5a (0x0ff0000f)
core   0: 0x0000000080004a5e (0x4a1874c7) fmsub.d fs1, fa6, ft1, fs1
core   0: 1 0x0000000080004a5e (0x4a1874c7) f9  0x7ff8000000000000
core   0: 0x0000000080004a62 (0x7a487443) fmadd.d fs0, fa6, ft4, fa5
core   0: 1 0x0000000080004a62 (0x7a487443) f8  0x7ff8000000000000
core   0: 0x0000000080004a66 (0xd63a9c97) auipc   s9, 0xd63a9
core   0: 1 0x0000000080004a66 (0xd63a9c97) x25 0x00000000563ada66
core   0: 0x0000000080004a6a (0x22d406d3) fsgnj.d fa3, fs0, fa3
core   0: 1 0x0000000080004a6a (0x22d406d3) f13 0xfff8000000000000
core   0: 0x0000000080004a6e (0x00be83bb) addw    t2, t4, a1
core   0: 1 0x0000000080004a6e (0x00be83bb) x7  0xffffffffffffffff
core   0: 0x0000000080004a72 (0x320c9c73) csrrw   s8, mcountinhibit, s9
core   0: exception trap_illegal_instruction, epc 0x0000000080004a72
core   0:           tval 0x00000000320c9c73
core   0: >>>>  $xrv64i2p1_m2p0_a2p1_f2p2_d2p2_zicsr2p0_zifencei2p0_zmmul1p0_zba1p0_zbb1p0_zbc1p0_zbs1p0
core   0: 0x0000000080004000 (0x0080006f) j       pc + 0x8
core   0: 3 0x0000000080004000 (0x0080006f)
core   0: >>>>  mmode_exception_handler
core   0: 0x0000000080004008 (0x00002c17) auipc   s8, 0x2
core   0: 3 0x0000000080004008 (0x00002c17) x24 0x0000000080006008
core   0: 0x000000008000400c (0x090c0c13) addi    s8, s8, 144
core   0: 3 0x000000008000400c (0x090c0c13) x24 0x0000000080006098
core   0: 0x0000000080004010 (0x000c00e7) jalr    s8
core   0: 3 0x0000000080004010 (0x000c00e7) x1  0x0000000080004014
core   0: >>>>  any_handler
core   0: 0x0000000080006098 (0x341027f3) csrrs   a5, mepc, zero
core   0: 3 0x0000000080006098 (0x341027f3) x15 0x0000000080004a72
core   0: 0x000000008000609c (0x34202773) csrrs   a4, mcause, zero
core   0: 3 0x000000008000609c (0x34202773) x14 0x0000000000000002
core   0: 0x00000000800060a0 (0x142026f3) csrrs   a3, scause, zero
core   0: 3 0x00000000800060a0 (0x142026f3) x13 0x0000000000000000
core   0: 0x00000000800060a4 (0x30402673) csrrs   a2, mie, zero
core   0: 3 0x00000000800060a4 (0x30402673) x12 0x0000000000000a00
core   0: 0x00000000800060a8 (0x344025f3) csrrs   a1, mip, zero
core   0: 3 0x00000000800060a8 (0x344025f3) x11 0x0000000000000080
core   0: 0x00000000800060ac (0x343025f3) csrrs   a1, mtval, zero
core   0: 3 0x00000000800060ac (0x343025f3) x11 0x00000000320c9c73
core   0: 0x00000000800060b0 (0x14302573) csrrs   a0, stval, zero
core   0: 3 0x00000000800060b0 (0x14302573) x10 0x0000000000000000
core   0: 0x00000000800060b4 (0xb02024f3) csrrs   s1, minstret, zero
core   0: 3 0x00000000800060b4 (0xb02024f3) x9  0x0000000000000b4a
core   0: 0x00000000800060b8 (0x0000a811) c.j     pc + 20
core   0: 3 0x00000000800060b8 (0xa811)
core   0: >>>>  mepc_4
core   0: 0x00000000800060cc (0x00000791) c.addi  a5, 4
core   0: 3 0x00000000800060cc (0x0791) x15 0x0000000080004a76
core   0: 0x00000000800060ce (0x34179073) csrrw   zero, mepc, a5
core   0: 3 0x00000000800060ce (0x34179073) c833_mepc 0x0000000080004a76
core   0: 0x00000000800060d2 (0x30200073) mret
core   0: 3 0x00000000800060d2 (0x30200073) c768_mstatus 0x8000000a001c60a0
core   0: 0x0000000080004a76 (0xef1879b7) lui     s3, 0xef187
core   0: 1 0x0000000080004a76 (0xef1879b7) x19 0xffffffffef187000
core   0: 0x0000000080004a7a (0x03de57bb) divuw   a5, t3, t4
core   0: 1 0x0000000080004a7a (0x03de57bb) x15 0xffffffffffffffff
core   0: 0x0000000080004a7e (0xc00e1bf3) csrrw   s7, cycle, t3
core   0: exception trap_illegal_instruction, epc 0x0000000080004a7e
core   0:           tval 0x00000000c00e1bf3
core   0: >>>>  $xrv64i2p1_m2p0_a2p1_f2p2_d2p2_zicsr2p0_zifencei2p0_zmmul1p0_zba1p0_zbb1p0_zbc1p0_zbs1p0
core   0: 0x0000000080004000 (0x0080006f) j       pc + 0x8
core   0: 3 0x0000000080004000 (0x0080006f)
core   0: >>>>  mmode_exception_handler
core   0: 0x0000000080004008 (0x00002c17) auipc   s8, 0x2
core   0: 3 0x0000000080004008 (0x00002c17) x24 0x0000000080006008
core   0: 0x000000008000400c (0x090c0c13) addi    s8, s8, 144
core   0: 3 0x000000008000400c (0x090c0c13) x24 0x0000000080006098
core   0: 0x0000000080004010 (0x000c00e7) jalr    s8
core   0: 3 0x0000000080004010 (0x000c00e7) x1  0x0000000080004014
core   0: >>>>  any_handler
core   0: 0x0000000080006098 (0x341027f3) csrrs   a5, mepc, zero
core   0: 3 0x0000000080006098 (0x341027f3) x15 0x0000000080004a7e
core   0: 0x000000008000609c (0x34202773) csrrs   a4, mcause, zero
core   0: 3 0x000000008000609c (0x34202773) x14 0x0000000000000002
core   0: 0x00000000800060a0 (0x142026f3) csrrs   a3, scause, zero
core   0: 3 0x00000000800060a0 (0x142026f3) x13 0x0000000000000000
core   0: 0x00000000800060a4 (0x30402673) csrrs   a2, mie, zero
core   0: 3 0x00000000800060a4 (0x30402673) x12 0x0000000000000a00
core   0: 0x00000000800060a8 (0x344025f3) csrrs   a1, mip, zero
core   0: 3 0x00000000800060a8 (0x344025f3) x11 0x0000000000000080
core   0: 0x00000000800060ac (0x343025f3) csrrs   a1, mtval, zero
core   0: 3 0x00000000800060ac (0x343025f3) x11 0x00000000c00e1bf3
core   0: 0x00000000800060b0 (0x14302573) csrrs   a0, stval, zero
core   0: 3 0x00000000800060b0 (0x14302573) x10 0x0000000000000000
core   0: 0x00000000800060b4 (0xb02024f3) csrrs   s1, minstret, zero
core   0: 3 0x00000000800060b4 (0xb02024f3) x9  0x0000000000000b5c
core   0: 0x00000000800060b8 (0x0000a811) c.j     pc + 20
core   0: 3 0x00000000800060b8 (0xa811)
core   0: >>>>  mepc_4
core   0: 0x00000000800060cc (0x00000791) c.addi  a5, 4
core   0: 3 0x00000000800060cc (0x0791) x15 0x0000000080004a82
core   0: 0x00000000800060ce (0x34179073) csrrw   zero, mepc, a5
core   0: 3 0x00000000800060ce (0x34179073) c833_mepc 0x0000000080004a82
core   0: 0x00000000800060d2 (0x30200073) mret
core   0: 3 0x00000000800060d2 (0x30200073) c768_mstatus 0x8000000a001c60a0
core   0: 0x0000000080004a82 (0x00000001) c.nop
core   0: 1 0x0000000080004a82 (0x0001)
core   0: 0x0000000080004a84 (0x00e71ebb) sllw    t4, a4, a4
core   0: 1 0x0000000080004a84 (0x00e71ebb) x29 0x0000000000000008
core   0: 0x0000000080004a88 (0xc22273d3) fcvt.l.d t2, ft4
core   0: 1 0x0000000080004a88 (0xc22273d3) c1_fflags 0x000000000000001f x7  0x7fffffffffffffff
core   0: 0x0000000080004a8c (0x0318b8b3) mulhu   a7, a7, a7
core   0: 1 0x0000000080004a8c (0x0318b8b3) x17 0x0000000000000000
core   0: 0x0000000080004a90 (0x00f8a6b3) slt     a3, a7, a5
core   0: 1 0x0000000080004a90 (0x00f8a6b3) x13 0x0000000000000001
core   0: 0x0000000080004a94 (0x0097d49b) srliw   s1, a5, 9
core   0: 1 0x0000000080004a94 (0x0097d49b) x9  0x0000000000400025
core   0: 0x0000000080004a98 (0x03b4c0bb) divw    ra, s1, s11
core   0: 1 0x0000000080004a98 (0x03b4c0bb) x1  0xffffffffffffffff
core   0: 0x0000000080004a9c (0x00a888bb) addw    a7, a7, a0
core   0: 1 0x0000000080004a9c (0x00a888bb) x17 0x0000000000000000
core   0: 0x0000000080004aa0 (0x00165a1b) srliw   s4, a2, 1
core   0: 1 0x0000000080004aa0 (0x00165a1b) x20 0x0000000000000500
core   0: 0x0000000080004aa4 (0x002162b3) or      t0, sp, sp
core   0: 1 0x0000000080004aa4 (0x002162b3) x5  0xfffffffffffffdc9
core   0: 0x0000000080004aa8 (0x403651bb) sraw    gp, a2, gp
core   0: 1 0x0000000080004aa8 (0x403651bb) x3  0x0000000000000a00
core   0: 0x0000000080004aac (0xc02777d3) fcvt.l.s a5, fa4
core   0: 1 0x0000000080004aac (0xc02777d3) c1_fflags 0x000000000000001f x15 0x7fffffffffffffff
core   0: 0x0000000080004ab0 (0xf12ae4f3) csrrsi  s1, marchid, 21
core   0: exception trap_illegal_instruction, epc 0x0000000080004ab0
core   0:           tval 0x00000000f12ae4f3
core   0: >>>>  $xrv64i2p1_m2p0_a2p1_f2p2_d2p2_zicsr2p0_zifencei2p0_zmmul1p0_zba1p0_zbb1p0_zbc1p0_zbs1p0
core   0: 0x0000000080004000 (0x0080006f) j       pc + 0x8
core   0: 3 0x0000000080004000 (0x0080006f)
core   0: >>>>  mmode_exception_handler
core   0: 0x0000000080004008 (0x00002c17) auipc   s8, 0x2
core   0: 3 0x0000000080004008 (0x00002c17) x24 0x0000000080006008
core   0: 0x000000008000400c (0x090c0c13) addi    s8, s8, 144
core   0: 3 0x000000008000400c (0x090c0c13) x24 0x0000000080006098
core   0: 0x0000000080004010 (0x000c00e7) jalr    s8
core   0: 3 0x0000000080004010 (0x000c00e7) x1  0x0000000080004014
core   0: >>>>  any_handler
core   0: 0x0000000080006098 (0x341027f3) csrrs   a5, mepc, zero
core   0: 3 0x0000000080006098 (0x341027f3) x15 0x0000000080004ab0
core   0: 0x000000008000609c (0x34202773) csrrs   a4, mcause, zero
core   0: 3 0x000000008000609c (0x34202773) x14 0x0000000000000002
core   0: 0x00000000800060a0 (0x142026f3) csrrs   a3, scause, zero
core   0: 3 0x00000000800060a0 (0x142026f3) x13 0x0000000000000000
core   0: 0x00000000800060a4 (0x30402673) csrrs   a2, mie, zero
core   0: 3 0x00000000800060a4 (0x30402673) x12 0x0000000000000a00
core   0: 0x00000000800060a8 (0x344025f3) csrrs   a1, mip, zero
core   0: 3 0x00000000800060a8 (0x344025f3) x11 0x0000000000000080
core   0: 0x00000000800060ac (0x343025f3) csrrs   a1, mtval, zero
core   0: 3 0x00000000800060ac (0x343025f3) x11 0x00000000f12ae4f3
core   0: 0x00000000800060b0 (0x14302573) csrrs   a0, stval, zero
core   0: 3 0x00000000800060b0 (0x14302573) x10 0x0000000000000000
core   0: 0x00000000800060b4 (0xb02024f3) csrrs   s1, minstret, zero
core   0: 3 0x00000000800060b4 (0xb02024f3) x9  0x0000000000000b78
core   0: 0x00000000800060b8 (0x0000a811) c.j     pc + 20
core   0: 3 0x00000000800060b8 (0xa811)
core   0: >>>>  mepc_4
core   0: 0x00000000800060cc (0x00000791) c.addi  a5, 4
core   0: 3 0x00000000800060cc (0x0791) x15 0x0000000080004ab4
core   0: 0x00000000800060ce (0x34179073) csrrw   zero, mepc, a5
core   0: 3 0x00000000800060ce (0x34179073) c833_mepc 0x0000000080004ab4
core   0: 0x00000000800060d2 (0x30200073) mret
core   0: 3 0x00000000800060d2 (0x30200073) c768_mstatus 0x8000000a001c60a0
core   0: 0x0000000080004ab4 (0x00035113) srli    sp, t1, 0
core   0: 1 0x0000000080004ab4 (0x00035113) x2  0xffffffffffffffff
core   0: 0x0000000080004ab8 (0x5a0b7b53) fsqrt.d fs6, fs6
core   0: 1 0x0000000080004ab8 (0x5a0b7b53) f22 0x7ff8000000000000
core   0: 0x0000000080004abc (0xb2e876cb) fnmsub.d fa3, fa6, fa4, fs6
core   0: 1 0x0000000080004abc (0xb2e876cb) f13 0x7ff8000000000000
core   0: 0x0000000080004ac0 (0x4b3a7c37) lui     s8, 0x4b3a7
core   0: 1 0x0000000080004ac0 (0x4b3a7c37) x24 0x000000004b3a7000
core   0: 0x0000000080004ac4 (0x03ae6e3b) remw    t3, t3, s10
core   0: 1 0x0000000080004ac4 (0x03ae6e3b) x28 0x0000000000000000
core   0: 0x0000000080004ac8 (0xa3d30b53) fle.d   s6, ft6, ft9
core   0: 1 0x0000000080004ac8 (0xa3d30b53) c1_fflags 0x000000000000001f x22 0x0000000000000000
core   0: 0x0000000080004acc (0x034a7bbb) remuw   s7, s4, s4
core   0: 1 0x0000000080004acc (0x034a7bbb) x23 0x0000000000000000
core   0: 0x0000000080004ad0 (0xd671cb93) xori    s7, gp, -665
core   0: 1 0x0000000080004ad0 (0xd671cb93) x23 0xfffffffffffff767
core   0: 0x0000000080004ad4 (0x5a0bf553) fsqrt.d fa0, fs7
core   0: 1 0x0000000080004ad4 (0x5a0bf553) f10 0x7ff8000000000000
core   0: 0x0000000080004ad8 (0x0141e033) or      zero, gp, s4
core   0: 1 0x0000000080004ad8 (0x0141e033)
core   0: 0x0000000080004adc (0xc810edf3) csrrsi  s11, timeh, 1
core   0: exception trap_illegal_instruction, epc 0x0000000080004adc
core   0:           tval 0x00000000c810edf3
core   0: >>>>  $xrv64i2p1_m2p0_a2p1_f2p2_d2p2_zicsr2p0_zifencei2p0_zmmul1p0_zba1p0_zbb1p0_zbc1p0_zbs1p0
core   0: 0x0000000080004000 (0x0080006f) j       pc + 0x8
core   0: 3 0x0000000080004000 (0x0080006f)
core   0: >>>>  mmode_exception_handler
core   0: 0x0000000080004008 (0x00002c17) auipc   s8, 0x2
core   0: 3 0x0000000080004008 (0x00002c17) x24 0x0000000080006008
core   0: 0x000000008000400c (0x090c0c13) addi    s8, s8, 144
core   0: 3 0x000000008000400c (0x090c0c13) x24 0x0000000080006098
core   0: 0x0000000080004010 (0x000c00e7) jalr    s8
core   0: 3 0x0000000080004010 (0x000c00e7) x1  0x0000000080004014
core   0: >>>>  any_handler
core   0: 0x0000000080006098 (0x341027f3) csrrs   a5, mepc, zero
core   0: 3 0x0000000080006098 (0x341027f3) x15 0x0000000080004adc
core   0: 0x000000008000609c (0x34202773) csrrs   a4, mcause, zero
core   0: 3 0x000000008000609c (0x34202773) x14 0x0000000000000002
core   0: 0x00000000800060a0 (0x142026f3) csrrs   a3, scause, zero
core   0: 3 0x00000000800060a0 (0x142026f3) x13 0x0000000000000000
core   0: 0x00000000800060a4 (0x30402673) csrrs   a2, mie, zero
core   0: 3 0x00000000800060a4 (0x30402673) x12 0x0000000000000a00
core   0: 0x00000000800060a8 (0x344025f3) csrrs   a1, mip, zero
core   0: 3 0x00000000800060a8 (0x344025f3) x11 0x0000000000000080
core   0: 0x00000000800060ac (0x343025f3) csrrs   a1, mtval, zero
core   0: 3 0x00000000800060ac (0x343025f3) x11 0x00000000c810edf3
core   0: 0x00000000800060b0 (0x14302573) csrrs   a0, stval, zero
core   0: 3 0x00000000800060b0 (0x14302573) x10 0x0000000000000000
core   0: 0x00000000800060b4 (0xb02024f3) csrrs   s1, minstret, zero
core   0: 3 0x00000000800060b4 (0xb02024f3) x9  0x0000000000000b92
core   0: 0x00000000800060b8 (0x0000a811) c.j     pc + 20
core   0: 3 0x00000000800060b8 (0xa811)
core   0: >>>>  mepc_4
core   0: 0x00000000800060cc (0x00000791) c.addi  a5, 4
core   0: 3 0x00000000800060cc (0x0791) x15 0x0000000080004ae0
core   0: 0x00000000800060ce (0x34179073) csrrw   zero, mepc, a5
core   0: 3 0x00000000800060ce (0x34179073) c833_mepc 0x0000000080004ae0
core   0: 0x00000000800060d2 (0x30200073) mret
core   0: 3 0x00000000800060d2 (0x30200073) c768_mstatus 0x8000000a001c60a0
core   0: 0x0000000080004ae0 (0x020362b3) rem     t0, t1, zero
core   0: 1 0x0000000080004ae0 (0x020362b3) x5  0xffffffffffffffff
core   0: 0x0000000080004ae4 (0x4035d5bb) sraw    a1, a1, gp
core   0: 1 0x0000000080004ae4 (0x4035d5bb) x11 0xffffffffc810edf3
core   0: 0x0000000080004ae8 (0x237e11d3) fsgnjn.d ft3, ft8, fs7
core   0: 1 0x0000000080004ae8 (0x237e11d3) f3  0xfff8000000000000
core   0: 0x0000000080004aec (0x02f5d53b) divuw   a0, a1, a5
core   0: 1 0x0000000080004aec (0x02f5d53b) x10 0x0000000000000001
core   0: 0x0000000080004af0 (0x40005813) srai    a6, zero, 0
core   0: 1 0x0000000080004af0 (0x40005813) x16 0x0000000000000000
core   0: 0x0000000080004af4 (0x000c199b) slliw   s3, s8, 0
core   0: 1 0x0000000080004af4 (0x000c199b) x19 0xffffffff80006098
core   0: 0x0000000080004af8 (0x01cc4233) xor     tp, s8, t3
core   0: 1 0x0000000080004af8 (0x01cc4233) x4  0x0000000080006098
core   0: 0x0000000080004afc (0xd21582d3) fcvt.d.wu ft5, a1
core   0: 1 0x0000000080004afc (0xd21582d3) f5  0x41e9021dbe600000
core   0: 0x0000000080004b00 (0x03ce2433) mulhsu  s0, t3, t3
core   0: 1 0x0000000080004b00 (0x03ce2433) x8  0x0000000000000000
core   0: 0x0000000080004b04 (0x36666113) ori     sp, a2, 870
core   0: 1 0x0000000080004b04 (0x36666113) x2  0x0000000000000b66
core   0: 0x0000000080004b08 (0x00000001) c.nop
core   0: 1 0x0000000080004b08 (0x0001)
core   0: 0x0000000080004b0a (0x2a3289d3) fmin.d  fs3, ft5, ft3
core   0: 1 0x0000000080004b0a (0x2a3289d3) f19 0x41e9021dbe600000
core   0: 0x0000000080004b0e (0x131173cb) fnmsub.d ft7, ft2, fa7, ft2
core   0: 1 0x0000000080004b0e (0x131173cb) f7  0x7ff8000000000000
core   0: 0x0000000080004b12 (0x0165053b) addw    a0, a0, s6
core   0: 1 0x0000000080004b12 (0x0165053b) x10 0x0000000000000001
core   0: 0x0000000080004b16 (0x00c6d137) lui     sp, 0xc6d
core   0: 1 0x0000000080004b16 (0x00c6d137) x2  0x0000000000c6d000
core   0: 0x0000000080004b1a (0x6451011b) addiw   sp, sp, 1605
core   0: 1 0x0000000080004b1a (0x6451011b) x2  0x0000000000c6d645
core   0: 0x0000000080004b1e (0x00000136) c.slli  sp, 13
core   0: 1 0x0000000080004b1e (0x0136) x2  0x00000018dac8a000
core   0: 0x0000000080004b20 (0xdb010113) addi    sp, sp, -592
core   0: 1 0x0000000080004b20 (0xdb010113) x2  0x00000018dac89db0
core   0: 0x0000000080004b24 (0xe433f613) andi    a2, t2, -445
core   0: 1 0x0000000080004b24 (0xe433f613) x12 0x7ffffffffffffe43
core   0: 0x0000000080004b28 (0x42088cd3) fcvt.d.s fs9, fa7
core   0: 1 0x0000000080004b28 (0x42088cd3) f25 0x7ff8000000000000
core   0: 0x0000000080004b2c (0x0dc38b93) addi    s7, t2, 220
core   0: 1 0x0000000080004b2c (0x0dc38b93) x23 0x80000000000000db
core   0: 0x0000000080004b30 (0x001c80bb) addw    ra, s9, ra
core   0: 1 0x0000000080004b30 (0x001c80bb) x1  0xffffffffd63b1a7a
core   0: 0x0000000080004b34 (0x92193697) auipc   a3, 0x92193
core   0: 1 0x0000000080004b34 (0x92193697) x13 0x0000000012197b34
core   0: 0x0000000080004b38 (0x012b6533) or      a0, s6, s2
core   0: 1 0x0000000080004b38 (0x012b6533) x10 0x000000003d634000
core   0: 0x0000000080004b3c (0x036546bb) divw    a3, a0, s6
core   0: 1 0x0000000080004b3c (0x036546bb) x13 0xffffffffffffffff
core   0: 0x0000000080004b40 (0x0000c033) xor     zero, ra, zero
core   0: 1 0x0000000080004b40 (0x0000c033)
core   0: 0x0000000080004b44 (0x3b9e7a43) fmadd.d fs4, ft8, fs9, ft7
core   0: 1 0x0000000080004b44 (0x3b9e7a43) f20 0x7ff8000000000000
core   0: 0x0000000080004b48 (0x4caaf913) andi    s2, s5, 1226
core   0: 1 0x0000000080004b48 (0x4caaf913) x18 0x0000000000000000
core   0: 0x0000000080004b4c (0x0ac672d3) fsub.d  ft5, fa2, fa2
core   0: 1 0x0000000080004b4c (0x0ac672d3) f5  0x7ff8000000000000
core   0: 0x0000000080004b50 (0x2b4496d3) fmax.d  fa3, fs1, fs4
core   0: 1 0x0000000080004b50 (0x2b4496d3) f13 0x7ff8000000000000
core   0: 0x0000000080004b54 (0x2a9d95d3) fmax.d  fa1, fs11, fs1
core   0: 1 0x0000000080004b54 (0x2a9d95d3) f11 0x7ff8000000000000
core   0: 0x0000000080004b58 (0x22632753) fsgnjx.d fa4, ft6, ft6
core   0: 1 0x0000000080004b58 (0x22632753) f14 0x0000000000000000
core   0: 0x0000000080004b5c (0xd22af553) fcvt.d.l fa0, s5
core   0: 1 0x0000000080004b5c (0xd22af553) f10 0x4010000000000000
core   0: 0x0000000080004b60 (0x0080b4b3) sltu    s1, ra, s0
core   0: 1 0x0000000080004b60 (0x0080b4b3) x9  0x0000000000000000
core   0: 0x0000000080004b64 (0x0324f8b3) remu    a7, s1, s2
core   0: 1 0x0000000080004b64 (0x0324f8b3) x17 0x0000000000000000
core   0: 0x0000000080004b68 (0x22872753) fsgnjx.d fa4, fa4, fs0
core   0: 1 0x0000000080004b68 (0x22872753) f14 0x0000000000000000
core   0: 0x0000000080004b6c (0x236982d3) fsgnj.d ft5, fs3, fs6
core   0: 1 0x0000000080004b6c (0x236982d3) f5  0x41e9021dbe600000
core   0: 0x0000000080004b70 (0x2a858653) fmin.d  fa2, fa1, fs0
core   0: 1 0x0000000080004b70 (0x2a858653) f12 0x7ff8000000000000
core   0: 0x0000000080004b74 (0x41a4533b) sraw    t1, s0, s10
core   0: 1 0x0000000080004b74 (0x41a4533b) x6  0x0000000000000000
core   0: 0x0000000080004b78 (0x023787b3) mul     a5, a5, gp
core   0: 1 0x0000000080004b78 (0x023787b3) x15 0x0000050002ecc000
core   0: 0x0000000080004b7c (0x01cb53bb) srlw    t2, s6, t3
core   0: 1 0x0000000080004b7c (0x01cb53bb) x7  0x0000000000000000
core   0: 0x0000000080004b80 (0xb9597013) andi    zero, s2, -1131
core   0: 1 0x0000000080004b80 (0xb9597013)
core   0: 0x0000000080004b84 (0xd030f853) fcvt.s.lu fa6, ra
core   0: 1 0x0000000080004b84 (0xd030f853) c1_fflags 0x000000000000001f f16 0xffffffff5f800000
core   0: 0x0000000080004b88 (0x03087fd3) fadd.d  ft11, fa6, fa6
core   0: 1 0x0000000080004b88 (0x03087fd3) f31 0x7ff8000000000000
core   0: 0x0000000080004b8c (0x027076b3) remu    a3, zero, t2
core   0: 1 0x0000000080004b8c (0x027076b3) x13 0x0000000000000000
core   0: 0x0000000080004b90 (0x7ff00293) li      t0, 2047
core   0: 1 0x0000000080004b90 (0x7ff00293) x5  0x00000000000007ff
core   0: 0x0000000080004b94 (0x013010b3) sll     ra, zero, s3
core   0: 1 0x0000000080004b94 (0x013010b3) x1  0x0000000000000000
core   0: 0x0000000080004b98 (0xc03ffe53) fcvt.lu.s t3, ft11
core   0: 1 0x0000000080004b98 (0xc03ffe53) c1_fflags 0x000000000000001f x28 0xffffffffffffffff
core   0: 0x0000000080004b9c (0x020e0b33) mul     s6, t3, zero
core   0: 1 0x0000000080004b9c (0x020e0b33) x22 0x0000000000000000
core   0: 0x0000000080004ba0 (0x002691f3) csrrw   gp, frm, a3
core   0: 1 0x0000000080004ba0 (0x002691f3) x3  0x0000000000000000 c2_frm 0x0000000000000000
core   0: 0x0000000080004ba4 (0x44060913) addi    s2, a2, 1088
core   0: 1 0x0000000080004ba4 (0x44060913) x18 0x8000000000000283
core   0: 0x0000000080004ba8 (0x1a1ff2d3) fdiv.d  ft5, ft11, ft1
core   0: 1 0x0000000080004ba8 (0x1a1ff2d3) f5  0x7ff8000000000000
core   0: 0x0000000080004bac (0x403b5b3b) sraw    s6, s6, gp
core   0: 1 0x0000000080004bac (0x403b5b3b) x22 0x0000000000000000
core   0: 0x0000000080004bb0 (0x0018533b) srlw    t1, a6, ra
core   0: 1 0x0000000080004bb0 (0x0018533b) x6  0x0000000000000000
core   0: 0x0000000080004bb4 (0x00009b52) c.add   s6, s4
core   0: 1 0x0000000080004bb4 (0x9b52) x22 0x0000000000000500
core   0: 0x0000000080004bb6 (0xd2098153) fcvt.d.w ft2, s3
core   0: 1 0x0000000080004bb6 (0xd2098153) f2  0xc1dfffe7da000000
core   0: 0x0000000080004bba (0xd21b0fd3) fcvt.d.wu ft11, s6
core   0: 1 0x0000000080004bba (0xd21b0fd3) f31 0x4094000000000000
core   0: 0x0000000080004bbe (0x00035d9b) srliw   s11, t1, 0
core   0: 1 0x0000000080004bbe (0x00035d9b) x27 0x0000000000000000
core   0: 0x0000000080004bc2 (0xbb7ff64f) fnmadd.d fa2, ft11, fs7, fs7
core   0: 1 0x0000000080004bc2 (0xbb7ff64f) f12 0x7ff8000000000000
core   0: 0x0000000080004bc6 (0x1b957dd3) fdiv.d  fs11, fa0, fs9
core   0: 1 0x0000000080004bc6 (0x1b957dd3) f27 0x7ff8000000000000
core   0: 0x0000000080004bca (0xd20489d3) fcvt.d.w fs3, s1
core   0: 1 0x0000000080004bca (0xd20489d3) f19 0x0000000000000000
core   0: 0x0000000080004bce (0xd03a7053) fcvt.s.lu ft0, s4
core   0: 1 0x0000000080004bce (0xd03a7053) f0  0xffffffff44a00000
core   0: 0x0000000080004bd2 (0x0117dd13) srli    s10, a5, 17
core   0: 1 0x0000000080004bd2 (0x0117dd13) x26 0x0000000002800176
core   0: 0x0000000080004bd6 (0x03415133) divu    sp, sp, s4
core   0: 1 0x0000000080004bd6 (0x03415133) x2  0x0000000004f88e85
core   0: 0x0000000080004bda (0x2a5080d3) fmin.d  ft1, ft1, ft5
core   0: 1 0x0000000080004bda (0x2a5080d3) f1  0x7ff8000000000000
core   0: 0x0000000080004bde (0x402452bb) sraw    t0, s0, sp
core   0: 1 0x0000000080004bde (0x402452bb) x5  0x0000000000000000
core   0: 0x0000000080004be2 (0x43f15913) srai    s2, sp, 63
core   0: 1 0x0000000080004be2 (0x43f15913) x18 0x0000000000000000
core   0: 0x0000000080004be6 (0xc0112273) csrrs   tp, time, sp
core   0: exception trap_illegal_instruction, epc 0x0000000080004be6
core   0:           tval 0x00000000c0112273
core   0: >>>>  $xrv64i2p1_m2p0_a2p1_f2p2_d2p2_zicsr2p0_zifencei2p0_zmmul1p0_zba1p0_zbb1p0_zbc1p0_zbs1p0
core   0: 0x0000000080004000 (0x0080006f) j       pc + 0x8
core   0: 3 0x0000000080004000 (0x0080006f)
core   0: >>>>  mmode_exception_handler
core   0: 0x0000000080004008 (0x00002c17) auipc   s8, 0x2
core   0: 3 0x0000000080004008 (0x00002c17) x24 0x0000000080006008
core   0: 0x000000008000400c (0x090c0c13) addi    s8, s8, 144
core   0: 3 0x000000008000400c (0x090c0c13) x24 0x0000000080006098
core   0: 0x0000000080004010 (0x000c00e7) jalr    s8
core   0: 3 0x0000000080004010 (0x000c00e7) x1  0x0000000080004014
core   0: >>>>  any_handler
core   0: 0x0000000080006098 (0x341027f3) csrrs   a5, mepc, zero
core   0: 3 0x0000000080006098 (0x341027f3) x15 0x0000000080004be6
core   0: 0x000000008000609c (0x34202773) csrrs   a4, mcause, zero
core   0: 3 0x000000008000609c (0x34202773) x14 0x0000000000000002
core   0: 0x00000000800060a0 (0x142026f3) csrrs   a3, scause, zero
core   0: 3 0x00000000800060a0 (0x142026f3) x13 0x0000000000000000
core   0: 0x00000000800060a4 (0x30402673) csrrs   a2, mie, zero
core   0: 3 0x00000000800060a4 (0x30402673) x12 0x0000000000000a00
core   0: 0x00000000800060a8 (0x344025f3) csrrs   a1, mip, zero
core   0: 3 0x00000000800060a8 (0x344025f3) x11 0x0000000000000080
core   0: 0x00000000800060ac (0x343025f3) csrrs   a1, mtval, zero
core   0: 3 0x00000000800060ac (0x343025f3) x11 0x00000000c0112273
core   0: 0x00000000800060b0 (0x14302573) csrrs   a0, stval, zero
core   0: 3 0x00000000800060b0 (0x14302573) x10 0x0000000000000000
core   0: 0x00000000800060b4 (0xb02024f3) csrrs   s1, minstret, zero
core   0: 3 0x00000000800060b4 (0xb02024f3) x9  0x0000000000000be5
core   0: 0x00000000800060b8 (0x0000a811) c.j     pc + 20
core   0: 3 0x00000000800060b8 (0xa811)
core   0: >>>>  mepc_4
core   0: 0x00000000800060cc (0x00000791) c.addi  a5, 4
core   0: 3 0x00000000800060cc (0x0791) x15 0x0000000080004bea
core   0: 0x00000000800060ce (0x34179073) csrrw   zero, mepc, a5
core   0: 3 0x00000000800060ce (0x34179073) c833_mepc 0x0000000080004bea
core   0: 0x00000000800060d2 (0x30200073) mret
core   0: 3 0x00000000800060d2 (0x30200073) c768_mstatus 0x8000000a001c60a0
core   0: 0x0000000080004bea (0x037189b3) mul     s3, gp, s7
core   0: 1 0x0000000080004bea (0x037189b3) x19 0x0000000000000000
core   0: 0x0000000080004bee (0x233904d3) fsgnj.d fs1, fs2, fs3
core   0: 1 0x0000000080004bee (0x233904d3) f9  0x7ff8000000000000
core   0: 0x0000000080004bf2 (0x012a16bb) sllw    a3, s4, s2
core   0: 1 0x0000000080004bf2 (0x012a16bb) x13 0x0000000000000500
core   0: 0x0000000080004bf6 (0x01b95ebb) srlw    t4, s2, s11
core   0: 1 0x0000000080004bf6 (0x01b95ebb) x29 0x0000000000000000
core   0: 0x0000000080004bfa (0xd0297ad3) fcvt.s.l fs5, s2
core   0: 1 0x0000000080004bfa (0xd0297ad3) f21 0xffffffff00000000
core   0: 0x0000000080004bfe (0xbfb1c193) xori    gp, gp, -1029
core   0: 1 0x0000000080004bfe (0xbfb1c193) x3  0xfffffffffffffbfb
core   0: 0x0000000080004c02 (0xf4f1c593) xori    a1, gp, -177
core   0: 1 0x0000000080004c02 (0xf4f1c593) x11 0x00000000000004b4
core   0: 0x0000000080004c06 (0x02260833) mul     a6, a2, sp
core   0: 1 0x0000000080004c06 (0x02260833) x16 0x00000031b5913200
core   0: 0x0000000080004c0a (0xa3348e53) fle.d   t3, fs1, fs3
core   0: 1 0x0000000080004c0a (0xa3348e53) c1_fflags 0x000000000000001f x28 0x0000000000000000
core   0: 0x0000000080004c0e (0x001023f3) csrrs   t2, fflags, zero
core   0: 1 0x0000000080004c0e (0x001023f3) x7  0x000000000000001f
core   0: 0x0000000080004c12 (0x400cda1b) sraiw   s4, s9, 0
core   0: 1 0x0000000080004c12 (0x400cda1b) x20 0x00000000563ada66
core   0: 0x0000000080004c16 (0x401ad113) srai    sp, s5, 1
core   0: 1 0x0000000080004c16 (0x401ad113) x2  0x0000000000000002
core   0: 0x0000000080004c1a (0x00000001) c.nop
core   0: 1 0x0000000080004c1a (0x0001)
core   0: 0x0000000080004c1c (0x43025893) srai    a7, tp, 48
core   0: 1 0x0000000080004c1c (0x43025893) x17 0x0000000000000000
core   0: 0x0000000080004c20 (0x4014f8d3) fcvt.s.d fa7, fs1
core   0: 1 0x0000000080004c20 (0x4014f8d3) f17 0xffffffff7fc00000
core   0: 0x0000000080004c24 (0x2345a5d3) fsgnjx.d fa1, fa1, fs4
core   0: 1 0x0000000080004c24 (0x2345a5d3) f11 0x7ff8000000000000
core   0: 0x0000000080004c28 (0x002022f3) csrrs   t0, frm, zero
core   0: 1 0x0000000080004c28 (0x002022f3) x5  0x0000000000000000
core   0: 0x0000000080004c2c (0x020b1513) slli    a0, s6, 32
core   0: 1 0x0000000080004c2c (0x020b1513) x10 0x0000050000000000
core   0: 0x0000000080004c30 (0xe20a8cd3) fmv.x.d s9, fs5
core   0: 1 0x0000000080004c30 (0xe20a8cd3) x25 0xffffffff00000000
core   0: 0x0000000080004c34 (0x400ad69b) sraiw   a3, s5, 0
core   0: 1 0x0000000080004c34 (0x400ad69b) x13 0x0000000000000004
core   0: 0x0000000080004c38 (0x002a9713) slli    a4, s5, 2
core   0: 1 0x0000000080004c38 (0x002a9713) x14 0x0000000000000010
core   0: 0x0000000080004c3c (0xd3a47c43) fmadd.d fs8, fs0, fs10, fs10
core   0: 1 0x0000000080004c3c (0xd3a47c43) f24 0x7ff8000000000000
core   0: 0x0000000080004c40 (0x020d75d3) fadd.d  fa1, fs10, ft0
core   0: 1 0x0000000080004c40 (0x020d75d3) f11 0x7ff8000000000000
core   0: 0x0000000080004c44 (0x0353e13b) remw    sp, t2, s5
core   0: 1 0x0000000080004c44 (0x0353e13b) x2  0x0000000000000003
core   0: 0x0000000080004c48 (0xc00513f3) csrrw   t2, cycle, a0
core   0: exception trap_illegal_instruction, epc 0x0000000080004c48
core   0:           tval 0x00000000c00513f3
core   0: >>>>  $xrv64i2p1_m2p0_a2p1_f2p2_d2p2_zicsr2p0_zifencei2p0_zmmul1p0_zba1p0_zbb1p0_zbc1p0_zbs1p0
core   0: 0x0000000080004000 (0x0080006f) j       pc + 0x8
core   0: 3 0x0000000080004000 (0x0080006f)
core   0: >>>>  mmode_exception_handler
core   0: 0x0000000080004008 (0x00002c17) auipc   s8, 0x2
core   0: 3 0x0000000080004008 (0x00002c17) x24 0x0000000080006008
core   0: 0x000000008000400c (0x090c0c13) addi    s8, s8, 144
core   0: 3 0x000000008000400c (0x090c0c13) x24 0x0000000080006098
core   0: 0x0000000080004010 (0x000c00e7) jalr    s8
core   0: 3 0x0000000080004010 (0x000c00e7) x1  0x0000000080004014
core   0: >>>>  any_handler
core   0: 0x0000000080006098 (0x341027f3) csrrs   a5, mepc, zero
core   0: 3 0x0000000080006098 (0x341027f3) x15 0x0000000080004c48
core   0: 0x000000008000609c (0x34202773) csrrs   a4, mcause, zero
core   0: 3 0x000000008000609c (0x34202773) x14 0x0000000000000002
core   0: 0x00000000800060a0 (0x142026f3) csrrs   a3, scause, zero
core   0: 3 0x00000000800060a0 (0x142026f3) x13 0x0000000000000000
core   0: 0x00000000800060a4 (0x30402673) csrrs   a2, mie, zero
core   0: 3 0x00000000800060a4 (0x30402673) x12 0x0000000000000a00
core   0: 0x00000000800060a8 (0x344025f3) csrrs   a1, mip, zero
core   0: 3 0x00000000800060a8 (0x344025f3) x11 0x0000000000000080
core   0: 0x00000000800060ac (0x343025f3) csrrs   a1, mtval, zero
core   0: 3 0x00000000800060ac (0x343025f3) x11 0x00000000c00513f3
core   0: 0x00000000800060b0 (0x14302573) csrrs   a0, stval, zero
core   0: 3 0x00000000800060b0 (0x14302573) x10 0x0000000000000000
core   0: 0x00000000800060b4 (0xb02024f3) csrrs   s1, minstret, zero
core   0: 3 0x00000000800060b4 (0xb02024f3) x9  0x0000000000000c0d
core   0: 0x00000000800060b8 (0x0000a811) c.j     pc + 20
core   0: 3 0x00000000800060b8 (0xa811)
core   0: >>>>  mepc_4
core   0: 0x00000000800060cc (0x00000791) c.addi  a5, 4
core   0: 3 0x00000000800060cc (0x0791) x15 0x0000000080004c4c
core   0: 0x00000000800060ce (0x34179073) csrrw   zero, mepc, a5
core   0: 3 0x00000000800060ce (0x34179073) c833_mepc 0x0000000080004c4c
core   0: 0x00000000800060d2 (0x30200073) mret
core   0: 3 0x00000000800060d2 (0x30200073) c768_mstatus 0x8000000a001c60a0
core   0: 0x0000000080004c4c (0xd23572d3) fcvt.d.lu ft5, a0
core   0: 1 0x0000000080004c4c (0xd23572d3) f5  0x0000000000000000
core   0: 0x0000000080004c50 (0x40c5063b) subw    a2, a0, a2
core   0: 1 0x0000000080004c50 (0x40c5063b) x12 0xfffffffffffff600
core   0: 0x0000000080004c54 (0x000e5e13) srli    t3, t3, 0
core   0: 1 0x0000000080004c54 (0x000e5e13) x28 0x0000000000000000
core   0: 0x0000000080004c58 (0x04fece93) xori    t4, t4, 79
core   0: 1 0x0000000080004c58 (0x04fece93) x29 0x000000000000004f
core   0: 0x0000000080004c5c (0x01ddddbb) srlw    s11, s11, t4
core   0: 1 0x0000000080004c5c (0x01ddddbb) x27 0x0000000000000000
core   0: 0x0000000080004c60 (0x22461a53) fsgnjn.d fs4, fa2, ft4
core   0: 1 0x0000000080004c60 (0x22461a53) f20 0x7ff8000000000000
core   0: 0x0000000080004c64 (0xf20d8553) fmv.d.x fa0, s11
core   0: 1 0x0000000080004c64 (0xf20d8553) f10 0x0000000000000000
core   0: 0x0000000080004c68 (0x000de213) ori     tp, s11, 0
core   0: 1 0x0000000080004c68 (0x000de213) x4  0x0000000000000000
core   0: 0x0000000080004c6c (0x00102cf3) csrrs   s9, fflags, zero
core   0: 1 0x0000000080004c6c (0x00102cf3) x25 0x000000000000001f
core   0: 0x0000000080004c70 (0x00bc8c3b) addw    s8, s9, a1
core   0: 1 0x0000000080004c70 (0x00bc8c3b) x24 0xffffffffc0051412
core   0: 0x0000000080004c74 (0x03261213) slli    tp, a2, 50
core   0: 1 0x0000000080004c74 (0x03261213) x4  0xd800000000000000
core   0: 0x0000000080004c78 (0x014852bb) srlw    t0, a6, s4
core   0: 1 0x0000000080004c78 (0x014852bb) x5  0x0000000002d644c8
core   0: 0x0000000080004c7c (0x0ff0000f) fence   iorw,iorw
core   0: 1 0x0000000080004c7c (0x0ff0000f)
core   0: 0x0000000080004c80 (0x002a9df3) csrrw   s11, frm, s5
core   0: 1 0x0000000080004c80 (0x002a9df3) x27 0x0000000000000000 c2_frm 0x0000000000000004
core   0: 0x0000000080004c84 (0x0007f993) andi    s3, a5, 0
core   0: 1 0x0000000080004c84 (0x0007f993) x19 0x0000000000000000
core   0: 0x0000000080004c88 (0x5a057f53) fsqrt.d ft10, fa0
core   0: 1 0x0000000080004c88 (0x5a057f53) f30 0x0000000000000000
core   0: 0x0000000080004c8c (0x0209593b) divuw   s2, s2, zero
core   0: 1 0x0000000080004c8c (0x0209593b) x18 0xffffffffffffffff
core   0: 0x0000000080004c90 (0x2a7d1e53) fmax.d  ft8, fs10, ft7
core   0: 1 0x0000000080004c90 (0x2a7d1e53) f28 0x7ff8000000000000
core   0: 0x0000000080004c94 (0xd03af853) fcvt.s.lu fa6, s5
core   0: 1 0x0000000080004c94 (0xd03af853) f16 0xffffffff40800000
core   0: 0x0000000080004c98 (0x4fba2497) auipc   s1, 0x4fba2
core   0: 1 0x0000000080004c98 (0x4fba2497) x9  0x00000000cfba6c98
core   0: 0x0000000080004c9c (0x0ff0000f) fence   iorw,iorw
core   0: 1 0x0000000080004c9c (0x0ff0000f)
core   0: 0x0000000080004ca0 (0x01190d33) add     s10, s2, a7
core   0: 1 0x0000000080004ca0 (0x01190d33) x26 0xffffffffffffffff
core   0: 0x0000000080004ca4 (0x23020a53) fsgnj.d fs4, ft4, fa6
core   0: 1 0x0000000080004ca4 (0x23020a53) f20 0xffffffff5f000000
core   0: 0x0000000080004ca8 (0x0ff0000f) fence   iorw,iorw
core   0: 1 0x0000000080004ca8 (0x0ff0000f)
core   0: 0x0000000080004cac (0x01ab6bb3) or      s7, s6, s10
core   0: 1 0x0000000080004cac (0x01ab6bb3) x23 0xffffffffffffffff
core   0: 0x0000000080004cb0 (0x2b4b0b53) fmin.d  fs6, fs6, fs4
core   0: 1 0x0000000080004cb0 (0x2b4b0b53) f22 0x7ff8000000000000
core   0: 0x0000000080004cb4 (0x037b7633) remu    a2, s6, s7
core   0: 1 0x0000000080004cb4 (0x037b7633) x12 0x0000000000000500
core   0: 0x0000000080004cb8 (0x03b61813) slli    a6, a2, 59
core   0: 1 0x0000000080004cb8 (0x03b61813) x16 0x0000000000000000
core   0: 0x0000000080004cbc (0x5a07f7d3) fsqrt.d fa5, fa5
core   0: 1 0x0000000080004cbc (0x5a07f7d3) f15 0x0000000000000000
core   0: 0x0000000080004cc0 (0x030bc13b) divw    sp, s7, a6
core   0: 1 0x0000000080004cc0 (0x030bc13b) x2  0xffffffffffffffff
core   0: 0x0000000080004cc4 (0x01999bbb) sllw    s7, s3, s9
core   0: 1 0x0000000080004cc4 (0x01999bbb) x23 0x0000000000000000
core   0: 0x0000000080004cc8 (0x56c40237) lui     tp, 0x56c40
core   0: 1 0x0000000080004cc8 (0x56c40237) x4  0x0000000056c40000
core   0: 0x0000000080004ccc (0x02c628b3) mulhsu  a7, a2, a2
core   0: 1 0x0000000080004ccc (0x02c628b3) x17 0x0000000000000000
core   0: 0x0000000080004cd0 (0x01140dbb) addw    s11, s0, a7
core   0: 1 0x0000000080004cd0 (0x01140dbb) x27 0x0000000000000000
core   0: 0x0000000080004cd4 (0x01299333) sll     t1, s3, s2
core   0: 1 0x0000000080004cd4 (0x01299333) x6  0x0000000000000000
core   0: 0x0000000080004cd8 (0x0267a7b3) mulhsu  a5, a5, t1
core   0: 1 0x0000000080004cd8 (0x0267a7b3) x15 0x0000000000000000
core   0: 0x0000000080004cdc (0xf130d273) csrrwi  tp, mimpid, 1
core   0: exception trap_illegal_instruction, epc 0x0000000080004cdc
core   0:           tval 0x00000000f130d273
core   0: >>>>  $xrv64i2p1_m2p0_a2p1_f2p2_d2p2_zicsr2p0_zifencei2p0_zmmul1p0_zba1p0_zbb1p0_zbc1p0_zbs1p0
core   0: 0x0000000080004000 (0x0080006f) j       pc + 0x8
core   0: 3 0x0000000080004000 (0x0080006f)
core   0: >>>>  mmode_exception_handler
core   0: 0x0000000080004008 (0x00002c17) auipc   s8, 0x2
core   0: 3 0x0000000080004008 (0x00002c17) x24 0x0000000080006008
core   0: 0x000000008000400c (0x090c0c13) addi    s8, s8, 144
core   0: 3 0x000000008000400c (0x090c0c13) x24 0x0000000080006098
core   0: 0x0000000080004010 (0x000c00e7) jalr    s8
core   0: 3 0x0000000080004010 (0x000c00e7) x1  0x0000000080004014
core   0: >>>>  any_handler
core   0: 0x0000000080006098 (0x341027f3) csrrs   a5, mepc, zero
core   0: 3 0x0000000080006098 (0x341027f3) x15 0x0000000080004cdc
core   0: 0x000000008000609c (0x34202773) csrrs   a4, mcause, zero
core   0: 3 0x000000008000609c (0x34202773) x14 0x0000000000000002
core   0: 0x00000000800060a0 (0x142026f3) csrrs   a3, scause, zero
core   0: 3 0x00000000800060a0 (0x142026f3) x13 0x0000000000000000
core   0: 0x00000000800060a4 (0x30402673) csrrs   a2, mie, zero
core   0: 3 0x00000000800060a4 (0x30402673) x12 0x0000000000000a00
core   0: 0x00000000800060a8 (0x344025f3) csrrs   a1, mip, zero
core   0: 3 0x00000000800060a8 (0x344025f3) x11 0x0000000000000080
core   0: 0x00000000800060ac (0x343025f3) csrrs   a1, mtval, zero
core   0: 3 0x00000000800060ac (0x343025f3) x11 0x00000000f130d273
core   0: 0x00000000800060b0 (0x14302573) csrrs   a0, stval, zero
core   0: 3 0x00000000800060b0 (0x14302573) x10 0x0000000000000000
core   0: 0x00000000800060b4 (0xb02024f3) csrrs   s1, minstret, zero
core   0: 3 0x00000000800060b4 (0xb02024f3) x9  0x0000000000000c41
core   0: 0x00000000800060b8 (0x0000a811) c.j     pc + 20
core   0: 3 0x00000000800060b8 (0xa811)
core   0: >>>>  mepc_4
core   0: 0x00000000800060cc (0x00000791) c.addi  a5, 4
core   0: 3 0x00000000800060cc (0x0791) x15 0x0000000080004ce0
core   0: 0x00000000800060ce (0x34179073) csrrw   zero, mepc, a5
core   0: 3 0x00000000800060ce (0x34179073) c833_mepc 0x0000000080004ce0
core   0: 0x00000000800060d2 (0x30200073) mret
core   0: 3 0x00000000800060d2 (0x30200073) c768_mstatus 0x8000000a001c60a0
core   0: 0x0000000080004ce0 (0xd027f253) fcvt.s.l ft4, a5
core   0: 1 0x0000000080004ce0 (0xd027f253) c1_fflags 0x000000000000001f f4  0xffffffff4f00004d
core   0: 0x0000000080004ce4 (0x03f41013) slli    zero, s0, 63
core   0: 1 0x0000000080004ce4 (0x03f41013)
core   0: 0x0000000080004ce8 (0xfd1e56b7) lui     a3, 0xfd1e5
core   0: 1 0x0000000080004ce8 (0xfd1e56b7) x13 0xfffffffffd1e5000
core   0: 0x0000000080004cec (0xbfd6869b) addiw   a3, a3, -1027
core   0: 1 0x0000000080004cec (0xbfd6869b) x13 0xfffffffffd1e4bfd
core   0: 0x0000000080004cf0 (0x000006b2) c.slli  a3, 12
core   0: 1 0x0000000080004cf0 (0x06b2) x13 0xffffffd1e4bfd000
core   0: 0x0000000080004cf2 (0xb1a68693) addi    a3, a3, -1254
core   0: 1 0x0000000080004cf2 (0xb1a68693) x13 0xffffffd1e4bfcb1a
core   0: 0x0000000080004cf6 (0x1235f553) fmul.d  fa0, fa1, ft3
core   0: 1 0x0000000080004cf6 (0x1235f553) f10 0x7ff8000000000000
core   0: 0x0000000080004cfa (0x003d4d33) xor     s10, s10, gp
core   0: 1 0x0000000080004cfa (0x003d4d33) x26 0x0000000000000404
core   0: 0x0000000080004cfe (0x0031943b) sllw    s0, gp, gp
core   0: 1 0x0000000080004cfe (0x0031943b) x8  0xffffffffd8000000
core   0: 0x0000000080004d02 (0x0a3be7b7) lui     a5, 0xa3be
core   0: 1 0x0000000080004d02 (0x0a3be7b7) x15 0x000000000a3be000
core   0: 0x0000000080004d06 (0xd03b7353) fcvt.s.lu ft6, s6
core   0: 1 0x0000000080004d06 (0xd03b7353) f6  0xffffffff44a00000
core   0: 0x0000000080004d0a (0x006cd49b) srliw   s1, s9, 6
core   0: 1 0x0000000080004d0a (0x006cd49b) x9  0x0000000000000000
core   0: 0x0000000080004d0e (0x01648abb) addw    s5, s1, s6
core   0: 1 0x0000000080004d0e (0x01648abb) x21 0x0000000000000500
core   0: 0x0000000080004d12 (0x220b9bd3) fsgnjn.d fs7, fs7, ft0
core   0: 1 0x0000000080004d12 (0x220b9bd3) f23 0x7ff8000000000000
core   0: 0x0000000080004d16 (0x00171073) csrrw   zero, fflags, a4
core   0: 1 0x0000000080004d16 (0x00171073) c1_fflags 0x0000000000000002
core   0: 0x0000000080004d1a (0x5a0cf2d3) fsqrt.d ft5, fs9
core   0: 1 0x0000000080004d1a (0x5a0cf2d3) f5  0x7ff8000000000000
core   0: 0x0000000080004d1e (0xbcf607b7) lui     a5, 0xbcf60
core   0: 1 0x0000000080004d1e (0xbcf607b7) x15 0xffffffffbcf60000
core   0: 0x0000000080004d22 (0x40115113) srai    sp, sp, 1
core   0: 1 0x0000000080004d22 (0x40115113) x2  0xffffffffffffffff
core   0: 0x0000000080004d26 (0x6232f643) fmadd.d fa2, ft5, ft3, fa2
core   0: 1 0x0000000080004d26 (0x6232f643) f12 0x7ff8000000000000
core   0: 0x0000000080004d2a (0xfe56ebb7) lui     s7, 0xfe56e
core   0: 1 0x0000000080004d2a (0xfe56ebb7) x23 0xfffffffffe56e000
core   0: 0x0000000080004d2e (0xdebb8b9b) addiw   s7, s7, -533
core   0: 1 0x0000000080004d2e (0xdebb8b9b) x23 0xfffffffffe56ddeb
core   0: 0x0000000080004d32 (0x00000bba) c.slli  s7, 14
core   0: 1 0x0000000080004d32 (0x0bba) x23 0xffffff95b77ac000
core   0: 0x0000000080004d34 (0x9d2b8b93) addi    s7, s7, -1582
core   0: 1 0x0000000080004d34 (0x9d2b8b93) x23 0xffffff95b77ab9d2
core   0: 0x0000000080004d38 (0x1b31f0d3) fdiv.d  ft1, ft3, fs3
core   0: 1 0x0000000080004d38 (0x1b31f0d3) f1  0x7ff8000000000000
core   0: 0x0000000080004d3c (0x01b2f733) and     a4, t0, s11
core   0: 1 0x0000000080004d3c (0x01b2f733) x14 0x0000000000000000
core   0: 0x0000000080004d40 (0x0087553b) srlw    a0, a4, s0
core   0: 1 0x0000000080004d40 (0x0087553b) x10 0x0000000000000000
core   0: 0x0000000080004d44 (0x0ad0fa4b) fnmsub.d fs4, ft1, fa3, ft1
core   0: 1 0x0000000080004d44 (0x0ad0fa4b) f20 0x7ff8000000000000
core   0: 0x0000000080004d48 (0x00102c73) csrrs   s8, fflags, zero
core   0: 1 0x0000000080004d48 (0x00102c73) x24 0x0000000000000002
core   0: 0x0000000080004d4c (0x037c3833) mulhu   a6, s8, s7
core   0: 1 0x0000000080004d4c (0x037c3833) x16 0x0000000000000001
core   0: 0x0000000080004d50 (0x00000d5e) c.slli  s10, 23
core   0: 1 0x0000000080004d50 (0x0d5e) x26 0x0000000202000000
core   0: 0x0000000080004d52 (0x420d0253) fcvt.d.s ft4, fs10
core   0: 1 0x0000000080004d52 (0x420d0253) f4  0x7ff8000000000000
core   0: 0x0000000080004d56 (0x41f3dd1b) sraiw   s10, t2, 31
core   0: 1 0x0000000080004d56 (0x41f3dd1b) x26 0x0000000000000000
core   0: 0x0000000080004d5a (0x0380b7b3) mulhu   a5, ra, s8
core   0: 1 0x0000000080004d5a (0x0380b7b3) x15 0x0000000000000000
core   0: 0x0000000080004d5e (0x00000001) c.nop
core   0: 1 0x0000000080004d5e (0x0001)
core   0: 0x0000000080004d60 (0x2b1798d3) fmax.d  fa7, fa5, fa7
core   0: 1 0x0000000080004d60 (0x2b1798d3) f17 0x0000000000000000
core   0: 0x0000000080004d64 (0x419e8e3b) subw    t3, t4, s9
core   0: 1 0x0000000080004d64 (0x419e8e3b) x28 0x0000000000000030
core   0: 0x0000000080004d68 (0x00202cf3) csrrs   s9, frm, zero
core   0: 1 0x0000000080004d68 (0x00202cf3) x25 0x0000000000000004
core   0: 0x0000000080004d6c (0xc208f553) fcvt.w.d a0, fa7
core   0: 1 0x0000000080004d6c (0xc208f553) x10 0x0000000000000000
core   0: 0x0000000080004d70 (0x3b11f44b) fnmsub.d fs0, ft3, fa7, ft7
core   0: 1 0x0000000080004d70 (0x3b11f44b) f8  0x7ff8000000000000
core   0: 0x0000000080004d74 (0x01ce5e3b) srlw    t3, t3, t3
core   0: 1 0x0000000080004d74 (0x01ce5e3b) x28 0x0000000000000000
core   0: 0x0000000080004d78 (0x800e7b13) andi    s6, t3, -2048
core   0: 1 0x0000000080004d78 (0x800e7b13) x22 0x0000000000000000
core   0: 0x0000000080004d7c (0x02d6b833) mulhu   a6, a3, a3
core   0: 1 0x0000000080004d7c (0x02d6b833) x16 0xffffffa3c97f9e81
core   0: 0x0000000080004d80 (0x4012fbd3) fcvt.s.d fs7, ft5
core   0: 1 0x0000000080004d80 (0x4012fbd3) f23 0xffffffff7fc00000
core   0: 0x0000000080004d84 (0xfcb7b237) lui     tp, 0xfcb7b
core   0: 1 0x0000000080004d84 (0xfcb7b237) x4  0xfffffffffcb7b000
core   0: 0x0000000080004d88 (0x9932021b) addiw   tp, tp, -1645
core   0: 1 0x0000000080004d88 (0x9932021b) x4  0xfffffffffcb7a993
core   0: 0x0000000080004d8c (0x00000232) c.slli  tp, 12
core   0: 1 0x0000000080004d8c (0x0232) x4  0xffffffcb7a993000
core   0: 0x0000000080004d8e (0xac220213) addi    tp, tp, -1342
core   0: 1 0x0000000080004d8e (0xac220213) x4  0xffffffcb7a992ac2
core   0: 0x0000000080004d92 (0x00000001) c.nop
core   0: 1 0x0000000080004d92 (0x0001)
core   0: 0x0000000080004d94 (0xfed4f3b7) lui     t2, 0xfed4f
core   0: 1 0x0000000080004d94 (0xfed4f3b7) x7  0xfffffffffed4f000
core   0: 0x0000000080004d98 (0x17f3839b) addiw   t2, t2, 383
core   0: 1 0x0000000080004d98 (0x17f3839b) x7  0xfffffffffed4f17f
core   0: 0x0000000080004d9c (0x000003ba) c.slli  t2, 14
core   0: 1 0x0000000080004d9c (0x03ba) x7  0xffffffb53c5fc000
core   0: 0x0000000080004d9e (0x70438393) addi    t2, t2, 1796
core   0: 1 0x0000000080004d9e (0x70438393) x7  0xffffffb53c5fc704
core   0: 0x0000000080004da2 (0x1b52fcd3) fdiv.d  fs9, ft5, fs5
core   0: 1 0x0000000080004da2 (0x1b52fcd3) f25 0x7ff8000000000000
core   0: 0x0000000080004da6 (0xf67c0a1b) addiw   s4, s8, -153
core   0: 1 0x0000000080004da6 (0xf67c0a1b) x20 0xffffffffffffff69
core   0: 0x0000000080004daa (0x007a12bb) sllw    t0, s4, t2
core   0: 1 0x0000000080004daa (0x007a12bb) x5  0xfffffffffffff690
core   0: 0x0000000080004dae (0x0001d71b) srliw   a4, gp, 0
core   0: 1 0x0000000080004dae (0x0001d71b) x14 0xfffffffffffffbfb
core   0: 0x0000000080004db2 (0x420c82d3) fcvt.d.s ft5, fs9
core   0: 1 0x0000000080004db2 (0x420c82d3) f5  0x7ff8000000000000
core   0: 0x0000000080004db6 (0x00000001) c.nop
core   0: 1 0x0000000080004db6 (0x0001)
core   0: 0x0000000080004db8 (0x016b5ebb) srlw    t4, s6, s6
core   0: 1 0x0000000080004db8 (0x016b5ebb) x29 0x0000000000000000
core   0: 0x0000000080004dbc (0x013e9c1b) slliw   s8, t4, 19
core   0: 1 0x0000000080004dbc (0x013e9c1b) x24 0x0000000000000000
core   0: 0x0000000080004dc0 (0x0be9f513) andi    a0, s3, 190
core   0: 1 0x0000000080004dc0 (0x0be9f513) x10 0x0000000000000000
core   0: 0x0000000080004dc4 (0x0251f1d3) fadd.d  ft3, ft3, ft5
core   0: 1 0x0000000080004dc4 (0x0251f1d3) f3  0x7ff8000000000000
core   0: 0x0000000080004dc8 (0xd2357543) fmadd.d fa0, fa0, ft3, fs10
core   0: 1 0x0000000080004dc8 (0xd2357543) f10 0x7ff8000000000000
core   0: 0x0000000080004dcc (0x2a8ff847) fmsub.d fa6, ft11, fs0, ft5
core   0: 1 0x0000000080004dcc (0x2a8ff847) f16 0x7ff8000000000000
core   0: 0x0000000080004dd0 (0x0ff0000f) fence   iorw,iorw
core   0: 1 0x0000000080004dd0 (0x0ff0000f)
core   0: 0x0000000080004dd4 (0x006e559b) srliw   a1, t3, 6
core   0: 1 0x0000000080004dd4 (0x006e559b) x11 0x0000000000000000
core   0: 0x0000000080004dd8 (0x1b13f7d3) fdiv.d  fa5, ft7, fa7
core   0: 1 0x0000000080004dd8 (0x1b13f7d3) f15 0x7ff8000000000000
core   0: 0x0000000080004ddc (0x408d8533) sub     a0, s11, s0
core   0: 1 0x0000000080004ddc (0x408d8533) x10 0x0000000028000000
core   0: 0x0000000080004de0 (0x3c148c93) addi    s9, s1, 961
core   0: 1 0x0000000080004de0 (0x3c148c93) x25 0x00000000000003c1
core   0: 0x0000000080004de4 (0x4014f4d3) fcvt.s.d fs1, fs1
core   0: 1 0x0000000080004de4 (0x4014f4d3) f9  0xffffffff7fc00000
core   0: 0x0000000080004de8 (0x0b977053) fsub.d  ft0, fa4, fs9
core   0: 1 0x0000000080004de8 (0x0b977053) f0  0x7ff8000000000000
core   0: 0x0000000080004dec (0x8006e193) ori     gp, a3, -2048
core   0: 1 0x0000000080004dec (0x8006e193) x3  0xfffffffffffffb1a
core   0: 0x0000000080004df0 (0x12107cd3) fmul.d  fs9, ft0, ft1
core   0: 1 0x0000000080004df0 (0x12107cd3) f25 0x7ff8000000000000
core   0: 0x0000000080004df4 (0x03dbc833) div     a6, s7, t4
core   0: 1 0x0000000080004df4 (0x03dbc833) x16 0xffffffffffffffff
core   0: 0x0000000080004df8 (0xa2998ad3) fle.d   s5, fs3, fs1
core   0: 1 0x0000000080004df8 (0xa2998ad3) c1_fflags 0x0000000000000012 x21 0x0000000000000000
core   0: 0x0000000080004dfc (0x7ff9099b) addiw   s3, s2, 2047
core   0: 1 0x0000000080004dfc (0x7ff9099b) x19 0x00000000000007fe
core   0: 0x0000000080004e00 (0x02218333) mul     t1, gp, sp
core   0: 1 0x0000000080004e00 (0x02218333) x6  0x00000000000004e6
core   0: 0x0000000080004e04 (0x0282bdb3) mulhu   s11, t0, s0
core   0: 1 0x0000000080004e04 (0x0282bdb3) x27 0xffffffffd7fff690
core   0: 0x0000000080004e08 (0x02f9dc13) srli    s8, s3, 47
core   0: 1 0x0000000080004e08 (0x02f9dc13) x24 0x0000000000000000
core   0: 0x0000000080004e0c (0xf2faf493) andi    s1, s5, -209
core   0: 1 0x0000000080004e0c (0xf2faf493) x9  0x0000000000000000
core   0: 0x0000000080004e10 (0x2b291f53) fmax.d  ft10, fs2, fs2
core   0: 1 0x0000000080004e10 (0x2b291f53) f30 0x7ff8000000000000
core   0: 0x0000000080004e14 (0x00427933) and     s2, tp, tp
core   0: 1 0x0000000080004e14 (0x00427933) x18 0xffffffcb7a992ac2
core   0: 0x0000000080004e18 (0x8000811b) addiw   sp, ra, -2048
core   0: 1 0x0000000080004e18 (0x8000811b) x2  0xffffffff80003814
core   0: 0x0000000080004e1c (0xd21a06d3) fcvt.d.wu fa3, s4
core   0: 1 0x0000000080004e1c (0xd21a06d3) f13 0x41efffffed200000
core   0: 0x0000000080004e20 (0x00202cf3) csrrs   s9, frm, zero
core   0: 1 0x0000000080004e20 (0x00202cf3) x25 0x0000000000000004
core   0: 0x0000000080004e24 (0xc20d7cd3) fcvt.w.d s9, fs10
core   0: 1 0x0000000080004e24 (0xc20d7cd3) c1_fflags 0x0000000000000012 x25 0x000000007fffffff
core   0: 0x0000000080004e28 (0x0010d0b3) srl     ra, ra, ra
core   0: 1 0x0000000080004e28 (0x0010d0b3) x1  0x0000000000000800
core   0: 0x0000000080004e2c (0xd035f253) fcvt.s.lu ft4, a1
core   0: 1 0x0000000080004e2c (0xd035f253) f4  0xffffffff00000000
core   0: 0x0000000080004e30 (0x01dd939b) slliw   t2, s11, 29
core   0: 1 0x0000000080004e30 (0x01dd939b) x7  0x0000000000000000
core   0: 0x0000000080004e34 (0xfffc4893) not     a7, s8
core   0: 1 0x0000000080004e34 (0xfffc4893) x17 0xffffffffffffffff
core   0: 0x0000000080004e38 (0xc21afd53) fcvt.wu.d s10, fs5
core   0: 1 0x0000000080004e38 (0xc21afd53) c1_fflags 0x0000000000000012 x26 0xffffffffffffffff
core   0: 0x0000000080004e3c (0x1a43ff53) fdiv.d  ft10, ft7, ft4
core   0: 1 0x0000000080004e3c (0x1a43ff53) f30 0x7ff8000000000000
core   0: 0x0000000080004e40 (0xc02cf4d3) fcvt.l.s s1, fs9
core   0: 1 0x0000000080004e40 (0xc02cf4d3) c1_fflags 0x0000000000000012 x9  0x7fffffffffffffff
core   0: 0x0000000080004e44 (0x001025f3) csrrs   a1, fflags, zero
core   0: 1 0x0000000080004e44 (0x001025f3) x11 0x0000000000000012
core   0: 0x0000000080004e48 (0x00d6d6bb) srlw    a3, a3, a3
core   0: 1 0x0000000080004e48 (0x00d6d6bb) x13 0x0000000000000039
core   0: 0x0000000080004e4c (0xe20507d3) fmv.x.d a5, fa0
core   0: 1 0x0000000080004e4c (0xe20507d3) x15 0x7ff8000000000000
core   0: 0x0000000080004e50 (0xc21a73d3) fcvt.wu.d t2, fs4
core   0: 1 0x0000000080004e50 (0xc21a73d3) c1_fflags 0x0000000000000012 x7  0xffffffffffffffff
core   0: 0x0000000080004e54 (0x02d71693) slli    a3, a4, 45
core   0: 1 0x0000000080004e54 (0x02d71693) x13 0xff7f600000000000
core   0: 0x0000000080004e58 (0xdacdf6cb) fnmsub.d fa3, fs11, fa2, fs11
core   0: 1 0x0000000080004e58 (0xdacdf6cb) f13 0x7ff8000000000000
core   0: 0x0000000080004e5c (0xc026f8d3) fcvt.l.s a7, fa3
core   0: 1 0x0000000080004e5c (0xc026f8d3) c1_fflags 0x0000000000000012 x17 0x7fffffffffffffff
core   0: 0x0000000080004e60 (0x0ff0000f) fence   iorw,iorw
core   0: 1 0x0000000080004e60 (0x0ff0000f)
core   0: 0x0000000080004e64 (0x0339fe3b) remuw   t3, s3, s3
core   0: 1 0x0000000080004e64 (0x0339fe3b) x28 0x0000000000000000
core   0: 0x0000000080004e68 (0x42ccf9c7) fmsub.d fs3, fs9, fa2, fs0
core   0: 1 0x0000000080004e68 (0x42ccf9c7) f19 0x7ff8000000000000
core   0: 0x0000000080004e6c (0x2a161353) fmax.d  ft6, fa2, ft1
core   0: 1 0x0000000080004e6c (0x2a161353) f6  0x7ff8000000000000
core   0: 0x0000000080004e70 (0x01fc9a1b) slliw   s4, s9, 31
core   0: 1 0x0000000080004e70 (0x01fc9a1b) x20 0xffffffff80000000
core   0: 0x0000000080004e74 (0xd222f7d3) fcvt.d.l fa5, t0
core   0: 1 0x0000000080004e74 (0xd222f7d3) f15 0xc0a2e00000000000
core   0: 0x0000000080004e78 (0x034a6eb3) rem     t4, s4, s4
core   0: 1 0x0000000080004e78 (0x034a6eb3) x29 0x0000000000000000
core   0: 0x0000000080004e7c (0x005dd4b3) srl     s1, s11, t0
core   0: 1 0x0000000080004e7c (0x005dd4b3) x9  0x0000ffffffffd7ff
core   0: 0x0000000080004e80 (0x009d4db3) xor     s11, s10, s1
core   0: 1 0x0000000080004e80 (0x009d4db3) x27 0xffff000000002800
core   0: 0x0000000080004e84 (0xa31705d3) fle.d   a1, fa4, fa7
core   0: 1 0x0000000080004e84 (0xa31705d3) x11 0x0000000000000001
core   0: 0x0000000080004e88 (0x403cd8bb) sraw    a7, s9, gp
core   0: 1 0x0000000080004e88 (0x403cd8bb) x17 0x000000000000001f
core   0: 0x0000000080004e8c (0x038d9393) slli    t2, s11, 56
core   0: 1 0x0000000080004e8c (0x038d9393) x7  0x0000000000000000
core   0: 0x0000000080004e90 (0x03923cb3) mulhu   s9, tp, s9
core   0: 1 0x0000000080004e90 (0x03923cb3) x25 0x000000007fffffe4
core   0: 0x0000000080004e94 (0x41f3d49b) sraiw   s1, t2, 31
core   0: 1 0x0000000080004e94 (0x41f3d49b) x9  0x0000000000000000
core   0: 0x0000000080004e98 (0xd034fdd3) fcvt.s.lu fs11, s1
core   0: 1 0x0000000080004e98 (0xd034fdd3) f27 0xffffffff00000000
core   0: 0x0000000080004e9c (0xfb6c7c47) fmsub.d fs8, fs8, fs6, ft11
core   0: 1 0x0000000080004e9c (0xfb6c7c47) f24 0x7ff8000000000000
core   0: 0x0000000080004ea0 (0x467a9b17) auipc   s6, 0x467a9
core   0: 1 0x0000000080004ea0 (0x467a9b17) x22 0x00000000c67adea0
core   0: 0x0000000080004ea4 (0x0ff0000f) fence   iorw,iorw
core   0: 1 0x0000000080004ea4 (0x0ff0000f)
core   0: 0x0000000080004ea8 (0x0340f1bb) remuw   gp, ra, s4
core   0: 1 0x0000000080004ea8 (0x0340f1bb) x3  0x0000000000000800
core   0: 0x0000000080004eac (0x0010d693) srli    a3, ra, 1
core   0: 1 0x0000000080004eac (0x0010d693) x13 0x0000000000000400
core   0: 0x0000000080004eb0 (0x43f3d793) srai    a5, t2, 63
core   0: 1 0x0000000080004eb0 (0x43f3d793) x15 0x0000000000000000
core   0: 0x0000000080004eb4 (0xcf6432b7) lui     t0, 0xcf643
core   0: 1 0x0000000080004eb4 (0xcf6432b7) x5  0xffffffffcf643000
core   0: 0x0000000080004eb8 (0x00000001) c.nop
core   0: 1 0x0000000080004eb8 (0x0001)
core   0: 0x0000000080004eba (0x400c5193) srai    gp, s8, 0
core   0: 1 0x0000000080004eba (0x400c5193) x3  0x0000000000000000
core   0: 0x0000000080004ebe (0x0191fe33) and     t3, gp, s9
core   0: 1 0x0000000080004ebe (0x0191fe33) x28 0x0000000000000000
core   0: 0x0000000080004ec2 (0x0305a633) mulhsu  a2, a1, a6
core   0: 1 0x0000000080004ec2 (0x0305a633) x12 0x0000000000000000
core   0: 0x0000000080004ec6 (0xc229f5d3) fcvt.l.d a1, fs3
core   0: 1 0x0000000080004ec6 (0xc229f5d3) c1_fflags 0x0000000000000012 x11 0x7fffffffffffffff
core   0: 0x0000000080004eca (0xc21179d3) fcvt.wu.d s3, ft2
core   0: 1 0x0000000080004eca (0xc21179d3) c1_fflags 0x0000000000000012 x19 0x0000000000000000
core   0: 0x0000000080004ece (0xc205fd53) fcvt.w.d s10, fa1
core   0: 1 0x0000000080004ece (0xc205fd53) c1_fflags 0x0000000000000012 x26 0x000000007fffffff
core   0: 0x0000000080004ed2 (0x00d54e33) xor     t3, a0, a3
core   0: 1 0x0000000080004ed2 (0x00d54e33) x28 0x0000000028000400
core   0: 0x0000000080004ed6 (0x017d9abb) sllw    s5, s11, s7
core   0: 1 0x0000000080004ed6 (0x017d9abb) x21 0xffffffffa0000000
core   0: 0x0000000080004eda (0x4073d63b) sraw    a2, t2, t2
core   0: 1 0x0000000080004eda (0x4073d63b) x12 0x0000000000000000
core   0: 0x0000000080004ede (0xd02a7d53) fcvt.s.l fs10, s4
core   0: 1 0x0000000080004ede (0xd02a7d53) f26 0xffffffffcf000000
core   0: 0x0000000080004ee2 (0x00202073) csrrs   zero, frm, zero
core   0: 1 0x0000000080004ee2 (0x00202073)
core   0: 0x0000000080004ee6 (0x01462733) slt     a4, a2, s4
core   0: 1 0x0000000080004ee6 (0x01462733) x14 0x0000000000000000
core   0: 0x0000000080004eea (0xfdf77913) andi    s2, a4, -33
core   0: 1 0x0000000080004eea (0xfdf77913) x18 0x0000000000000000
core   0: 0x0000000080004eee (0x0013de9b) srliw   t4, t2, 1
core   0: 1 0x0000000080004eee (0x0013de9b) x29 0x0000000000000000
core   0: 0x0000000080004ef2 (0xb6fd031b) addiw   t1, s10, -1169
core   0: 1 0x0000000080004ef2 (0xb6fd031b) x6  0x000000007ffffb6e
core   0: 0x0000000080004ef6 (0x02b94dbb) divw    s11, s2, a1
core   0: 1 0x0000000080004ef6 (0x02b94dbb) x27 0x0000000000000000
core   0: 0x0000000080004efa (0x1ac87a53) fdiv.d  fs4, fa6, fa2
core   0: 1 0x0000000080004efa (0x1ac87a53) f20 0x7ff8000000000000
core   0: 0x0000000080004efe (0x40095b13) srai    s6, s2, 0
core   0: 1 0x0000000080004efe (0x40095b13) x22 0x0000000000000000
core   0: 0x0000000080004f02 (0x4069591b) sraiw   s2, s2, 6
core   0: 1 0x0000000080004f02 (0x4069591b) x18 0x0000000000000000
core   0: 0x0000000080004f06 (0x007995bb) sllw    a1, s3, t2
core   0: 1 0x0000000080004f06 (0x007995bb) x11 0x0000000000000000
core   0: 0x0000000080004f0a (0x027ef233) remu    tp, t4, t2
core   0: 1 0x0000000080004f0a (0x027ef233) x4  0x0000000000000000
core   0: 0x0000000080004f0e (0x0203d693) srli    a3, t2, 32
core   0: 1 0x0000000080004f0e (0x0203d693) x13 0x0000000000000000
core   0: 0x0000000080004f12 (0x43c05113) srai    sp, zero, 60
core   0: 1 0x0000000080004f12 (0x43c05113) x2  0x0000000000000000
core   0: 0x0000000080004f16 (0xa2427343) fmadd.d ft6, ft4, ft4, fs4
core   0: 1 0x0000000080004f16 (0xa2427343) f6  0x7ff8000000000000
core   0: 0x0000000080004f1a (0xc0367953) fcvt.lu.s s2, fa2
core   0: 1 0x0000000080004f1a (0xc0367953) c1_fflags 0x0000000000000012 x18 0xffffffffffffffff
core   0: 0x0000000080004f1e (0x0047c7b3) xor     a5, a5, tp
core   0: 1 0x0000000080004f1e (0x0047c7b3) x15 0x0000000000000000
core   0: 0x0000000080004f22 (0x400a5a33) sra     s4, s4, zero
core   0: 1 0x0000000080004f22 (0x400a5a33) x20 0xffffffff80000000
core   0: 0x0000000080004f26 (0x001296b3) sll     a3, t0, ra
core   0: 1 0x0000000080004f26 (0x001296b3) x13 0xffffffffcf643000
core   0: 0x0000000080004f2a (0x56b3a597) auipc   a1, 0x56b3a
core   0: 1 0x0000000080004f2a (0x56b3a597) x11 0x00000000d6b3ef2a
core   0: 0x0000000080004f2e (0x00e5c7b3) xor     a5, a1, a4
core   0: 1 0x0000000080004f2e (0x00e5c7b3) x15 0x00000000d6b3ef2a
core   0: 0x0000000080004f32 (0x41a7ddb3) sra     s11, a5, s10
core   0: 1 0x0000000080004f32 (0x41a7ddb3) x27 0x0000000000000000
core   0: 0x0000000080004f36 (0x22032353) fsgnjx.d ft6, ft6, ft0
core   0: 1 0x0000000080004f36 (0x22032353) f6  0x7ff8000000000000
core   0: 0x0000000080004f3a (0x15d2e293) ori     t0, t0, 349
core   0: 1 0x0000000080004f3a (0x15d2e293) x5  0xffffffffcf64315d
core   0: 0x0000000080004f3e (0xc2367553) fcvt.lu.d a0, fa2
core   0: 1 0x0000000080004f3e (0xc2367553) c1_fflags 0x0000000000000012 x10 0xffffffffffffffff
core   0: 0x0000000080004f42 (0x0288f8b3) remu    a7, a7, s0
core   0: 1 0x0000000080004f42 (0x0288f8b3) x17 0x000000000000001f
core   0: 0x0000000080004f46 (0x00031693) slli    a3, t1, 0
core   0: 1 0x0000000080004f46 (0x00031693) x13 0x000000007ffffb6e
core   0: 0x0000000080004f4a (0x0006d99b) srliw   s3, a3, 0
core   0: 1 0x0000000080004f4a (0x0006d99b) x19 0x000000007ffffb6e
core   0: 0x0000000080004f4e (0x23250553) fsgnj.d fa0, fa0, fs2
core   0: 1 0x0000000080004f4e (0x23250553) f10 0x7ff8000000000000
core   0: 0x0000000080004f52 (0xc0397653) fcvt.lu.s a2, fs2
core   0: 1 0x0000000080004f52 (0xc0397653) c1_fflags 0x0000000000000012 x12 0xffffffffffffffff
core   0: 0x0000000080004f56 (0x026a24b3) mulhsu  s1, s4, t1
core   0: 1 0x0000000080004f56 (0x026a24b3) x9  0xffffffffffffffff
core   0: 0x0000000080004f5a (0xf396eb17) auipc   s6, 0xf396e
core   0: 1 0x0000000080004f5a (0xf396eb17) x22 0x0000000073972f5a
core   0: 0x0000000080004f5e (0x40075013) srai    zero, a4, 0
core   0: 1 0x0000000080004f5e (0x40075013)
core   0: 0x0000000080004f62 (0x0015de9b) srliw   t4, a1, 1
core   0: 1 0x0000000080004f62 (0x0015de9b) x29 0x000000006b59f795
core   0: 0x0000000080004f66 (0x00000001) c.nop
core   0: 1 0x0000000080004f66 (0x0001)
core   0: 0x0000000080004f68 (0x41ded4bb) sraw    s1, t4, t4
core   0: 1 0x0000000080004f68 (0x41ded4bb) x9  0x000000000000035a
core   0: 0x0000000080004f6c (0x40845433) sra     s0, s0, s0
core   0: 1 0x0000000080004f6c (0x40845433) x8  0xffffffffd8000000
core   0: 0x0000000080004f70 (0x23ef1f53) fsgnjn.d ft10, ft10, ft10
core   0: 1 0x0000000080004f70 (0x23ef1f53) f30 0xfff8000000000000
core   0: 0x0000000080004f74 (0xd234ffd3) fcvt.d.lu ft11, s1
core   0: 1 0x0000000080004f74 (0xd234ffd3) f31 0x408ad00000000000
core   0: 0x0000000080004f78 (0x72c77547) fmsub.d fa0, fa4, fa2, fa4
core   0: 1 0x0000000080004f78 (0x72c77547) f10 0x7ff8000000000000
core   0: 0x0000000080004f7c (0x0ff0000f) fence   iorw,iorw
core   0: 1 0x0000000080004f7c (0x0ff0000f)
core   0: 0x0000000080004f80 (0x22a715d3) fsgnjn.d fa1, fa4, fa0
core   0: 1 0x0000000080004f80 (0x22a715d3) f11 0x8000000000000000
core   0: 0x0000000080004f84 (0x010852b3) srl     t0, a6, a6
core   0: 1 0x0000000080004f84 (0x010852b3) x5  0x0000000000000001
core   0: 0x0000000080004f88 (0x131878d3) fmul.d  fa7, fa6, fa7
core   0: 1 0x0000000080004f88 (0x131878d3) f17 0x7ff8000000000000
core   0: 0x0000000080004f8c (0x8009801b) addiw   zero, s3, -2048
core   0: 1 0x0000000080004f8c (0x8009801b)
core   0: 0x0000000080004f90 (0x0220633b) remw    t1, zero, sp
core   0: 1 0x0000000080004f90 (0x0220633b) x6  0x0000000000000000
core   0: 0x0000000080004f94 (0xd032fad3) fcvt.s.lu fs5, t0
core   0: 1 0x0000000080004f94 (0xd032fad3) f21 0xffffffff3f800000
core   0: 0x0000000080004f98 (0x00105e1b) srliw   t3, zero, 1
core   0: 1 0x0000000080004f98 (0x00105e1b) x28 0x0000000000000000
core   0: 0x0000000080004f9c (0x239d23d3) fsgnjx.d ft7, fs10, fs9
core   0: 1 0x0000000080004f9c (0x239d23d3) f7  0xffffffffcf000000
core   0: 0x0000000080004fa0 (0x004b511b) srliw   sp, s6, 4
core   0: 1 0x0000000080004fa0 (0x004b511b) x2  0x00000000073972f5
core   0: 0x0000000080004fa4 (0x2ac398d3) fmax.d  fa7, ft7, fa2
core   0: 1 0x0000000080004fa4 (0x2ac398d3) f17 0x7ff8000000000000
core   0: 0x0000000080004fa8 (0x02cb66bb) remw    a3, s6, a2
core   0: 1 0x0000000080004fa8 (0x02cb66bb) x13 0x0000000000000000
core   0: 0x0000000080004fac (0x035b9133) mulh    sp, s7, s5
core   0: 1 0x0000000080004fac (0x035b9133) x2  0x0000000000000027
core   0: 0x0000000080004fb0 (0xc1c22a13) slti    s4, tp, -996
core   0: 1 0x0000000080004fb0 (0xc1c22a13) x20 0x0000000000000000
core   0: 0x0000000080004fb4 (0xf2078a53) fmv.d.x fs4, a5
core   0: 1 0x0000000080004fb4 (0xf2078a53) f20 0x00000000d6b3ef2a
core   0: 0x0000000080004fb8 (0x00000001) c.nop
core   0: 1 0x0000000080004fb8 (0x0001)
core   0: 0x0000000080004fba (0x144bd8f3) csrrwi  a7, sip, 23
core   0: 1 0x0000000080004fba (0x144bd8f3) x17 0x0000000000000000 c836_mip 0x0000000000000080
core   0: 0x0000000080004fbe (0x00149b73) csrrw   s6, fflags, s1
core   0: 1 0x0000000080004fbe (0x00149b73) x22 0x0000000000000012 c1_fflags 0x000000000000001a
core   0: 0x0000000080004fc2 (0xd2188e53) fcvt.d.wu ft8, a7
core   0: 1 0x0000000080004fc2 (0xd2188e53) f28 0x0000000000000000
core   0: 0x0000000080004fc6 (0xc02df6d3) fcvt.l.s a3, fs11
core   0: 1 0x0000000080004fc6 (0xc02df6d3) x13 0x0000000000000000
core   0: 0x0000000080004fca (0x00db0833) add     a6, s6, a3
core   0: 1 0x0000000080004fca (0x00db0833) x16 0x0000000000000012
core   0: 0x0000000080004fce (0x2a379653) fmax.d  fa2, fa5, ft3
core   0: 1 0x0000000080004fce (0x2a379653) f12 0xc0a2e00000000000
core   0: 0x0000000080004fd2 (0x02ddedb3) rem     s11, s11, a3
core   0: 1 0x0000000080004fd2 (0x02ddedb3) x27 0x0000000000000000
core   0: 0x0000000080004fd6 (0x2ad69253) fmax.d  ft4, fa3, fa3
core   0: 1 0x0000000080004fd6 (0x2ad69253) f4  0x7ff8000000000000
core   0: 0x0000000080004fda (0x00456ab3) or      s5, a0, tp
core   0: 1 0x0000000080004fda (0x00456ab3) x21 0xffffffffffffffff
core   0: 0x0000000080004fde (0x03d52433) mulhsu  s0, a0, t4
core   0: 1 0x0000000080004fde (0x03d52433) x8  0xffffffffffffffff
core   0: 0x0000000080004fe2 (0x0b66fe53) fsub.d  ft8, fa3, fs6
core   0: 1 0x0000000080004fe2 (0x0b66fe53) f28 0x7ff8000000000000
core   0: 0x0000000080004fe6 (0xc20f73d3) fcvt.w.d t2, ft10
core   0: 1 0x0000000080004fe6 (0xc20f73d3) c1_fflags 0x000000000000001a x7  0x000000007fffffff
core   0: 0x0000000080004fea (0x0003901b) slliw   zero, t2, 0
core   0: 1 0x0000000080004fea (0x0003901b)
core   0: 0x0000000080004fee (0x67cfb697) auipc   a3, 0x67cfb
core   0: 1 0x0000000080004fee (0x67cfb697) x13 0x00000000e7cfffee
core   0: 0x0000000080004ff2 (0x0ff0000f) fence   iorw,iorw
core   0: 1 0x0000000080004ff2 (0x0ff0000f)
core   0: 0x0000000080004ff6 (0x00189d73) csrrw   s10, fflags, a7
core   0: 1 0x0000000080004ff6 (0x00189d73) x26 0x000000000000001a c1_fflags 0x0000000000000000
core   0: 0x0000000080004ffa (0x40760633) sub     a2, a2, t2
core   0: 1 0x0000000080004ffa (0x40760633) x12 0xffffffff80000000
core   0: 0x0000000080004ffe (0x413709bb) subw    s3, a4, s3
core   0: 1 0x0000000080004ffe (0x413709bb) x19 0xffffffff80000492
core   0: 0x0000000080005002 (0x00065893) srli    a7, a2, 0
core   0: 1 0x0000000080005002 (0x00065893) x17 0xffffffff80000000
core   0: 0x0000000080005006 (0x035e7333) remu    t1, t3, s5
core   0: 1 0x0000000080005006 (0x035e7333) x6  0x0000000000000000
core   0: 0x000000008000500a (0x004c0a3b) addw    s4, s8, tp
core   0: 1 0x000000008000500a (0x004c0a3b) x20 0x0000000000000000
core   0: 0x000000008000500e (0x40c70d33) sub     s10, a4, a2
core   0: 1 0x000000008000500e (0x40c70d33) x26 0x0000000080000000
core   0: 0x0000000080005012 (0x0a8977d3) fsub.d  fa5, fs2, fs0
core   0: 1 0x0000000080005012 (0x0a8977d3) f15 0x7ff8000000000000
core   0: 0x0000000080005016 (0x9af6f6cf) fnmadd.d fa3, fa3, fa5, fs3
core   0: 1 0x0000000080005016 (0x9af6f6cf) f13 0x7ff8000000000000
core   0: 0x000000008000501a (0x0000997d) c.andi  a0, -1
core   0: 1 0x000000008000501a (0x997d) x10 0xffffffffffffffff
core   0: 0x000000008000501c (0xc029f053) fcvt.l.s zero, fs3
core   0: 1 0x000000008000501c (0xc029f053) c1_fflags 0x0000000000000010
core   0: 0x0000000080005020 (0xb7bee093) ori     ra, t4, -1157
core   0: 1 0x0000000080005020 (0xb7bee093) x1  0xffffffffffffffff
core   0: 0x0000000080005024 (0x41d78c33) sub     s8, a5, t4
core   0: 1 0x0000000080005024 (0x41d78c33) x24 0x000000006b59f795
core   0: 0x0000000080005028 (0x02a79733) mulh    a4, a5, a0
core   0: 1 0x0000000080005028 (0x02a79733) x14 0xffffffffffffffff
core   0: 0x000000008000502c (0xd2178953) fcvt.d.wu fs2, a5
core   0: 1 0x000000008000502c (0xd2178953) f18 0x41ead67de5400000
core   0: 0x0000000080005030 (0x40137053) fcvt.s.d ft0, ft6
core   0: 1 0x0000000080005030 (0x40137053) f0  0xffffffff7fc00000
core   0: 0x0000000080005034 (0x401977d3) fcvt.s.d fa5, fs2
core   0: 1 0x0000000080005034 (0x401977d3) c1_fflags 0x0000000000000011 f15 0xffffffff4f56b3ef
core   0: 0x0000000080005038 (0x010b9bbb) sllw    s7, s7, a6
core   0: 1 0x0000000080005038 (0x010b9bbb) x23 0xffffffffe7480000
core   0: 0x000000008000503c (0x40197b53) fcvt.s.d fs6, fs2
core   0: 1 0x000000008000503c (0x40197b53) c1_fflags 0x0000000000000011 f22 0xffffffff4f56b3ef
core   0: 0x0000000080005040 (0x014a0933) add     s2, s4, s4
core   0: 1 0x0000000080005040 (0x014a0933) x18 0x0000000000000000
core   0: 0x0000000080005044 (0x0123d333) srl     t1, t2, s2
core   0: 1 0x0000000080005044 (0x0123d333) x6  0x000000007fffffff
core   0: 0x0000000080005048 (0x03893c33) mulhu   s8, s2, s8
core   0: 1 0x0000000080005048 (0x03893c33) x24 0x0000000000000000
core   0: 0x000000008000504c (0xd23c7f53) fcvt.d.lu ft10, s8
core   0: 1 0x000000008000504c (0xd23c7f53) f30 0x0000000000000000
core   0: 0x0000000080005050 (0xc02179d3) fcvt.l.s s3, ft2
core   0: 1 0x0000000080005050 (0xc02179d3) c1_fflags 0x0000000000000011 x19 0x7fffffffffffffff
core   0: 0x0000000080005054 (0x03717dd3) fadd.d  fs11, ft2, fs7
core   0: 1 0x0000000080005054 (0x03717dd3) f27 0x7ff8000000000000
core   0: 0x0000000080005058 (0xf7327b17) auipc   s6, 0xf7327
core   0: 1 0x0000000080005058 (0xf7327b17) x22 0x000000007732c058
core   0: 0x000000008000505c (0x4132d9b3) sra     s3, t0, s3
core   0: 1 0x000000008000505c (0x4132d9b3) x19 0x0000000000000000
core   0: 0x0000000080005060 (0x02c17653) fadd.d  fa2, ft2, fa2
core   0: 1 0x0000000080005060 (0x02c17653) f12 0xc1dfffea36000000
core   0: 0x0000000080005064 (0xd23f7f47) fmsub.d ft10, ft10, ft3, fs10
core   0: 1 0x0000000080005064 (0xd23f7f47) f30 0x7ff8000000000000
core   0: 0x0000000080005068 (0x41e8d51b) sraiw   a0, a7, 30
core   0: 1 0x0000000080005068 (0x41e8d51b) x10 0xfffffffffffffffe
core   0: 0x000000008000506c (0x000bdb93) srli    s7, s7, 0
core   0: 1 0x000000008000506c (0x000bdb93) x23 0xffffffffe7480000
core   0: 0x0000000080005070 (0x00a55db3) srl     s11, a0, a0
core   0: 1 0x0000000080005070 (0x00a55db3) x27 0x0000000000000003
core   0: 0x0000000080005074 (0x0168931b) slliw   t1, a7, 22
core   0: 1 0x0000000080005074 (0x0168931b) x6  0x0000000000000000
core   0: 0x0000000080005078 (0x000c5213) srli    tp, s8, 0
core   0: 1 0x0000000080005078 (0x000c5213) x4  0x0000000000000000
core   0: 0x000000008000507c (0x044b3d37) lui     s10, 0x44b3
core   0: 1 0x000000008000507c (0x044b3d37) x26 0x00000000044b3000
core   0: 0x0000000080005080 (0xb57d0d1b) addiw   s10, s10, -1193
core   0: 1 0x0000000080005080 (0xb57d0d1b) x26 0x00000000044b2b57
core   0: 0x0000000080005084 (0x00000d32) c.slli  s10, 12
core   0: 1 0x0000000080005084 (0x0d32) x26 0x00000044b2b57000
core   0: 0x0000000080005086 (0x116d0d13) addi    s10, s10, 278
core   0: 1 0x0000000080005086 (0x116d0d13) x26 0x00000044b2b57116
core   0: 0x000000008000508a (0x02407033) remu    zero, zero, tp
core   0: 1 0x000000008000508a (0x02407033)
core   0: 0x000000008000508e (0x020281bb) mulw    gp, t0, zero
core   0: 1 0x000000008000508e (0x020281bb) x3  0x0000000000000000
core   0: 0x0000000080005092 (0x0067eab3) or      s5, a5, t1
core   0: 1 0x0000000080005092 (0x0067eab3) x21 0x00000000d6b3ef2a
core   0: 0x0000000080005096 (0x02fee3b3) rem     t2, t4, a5
core   0: 1 0x0000000080005096 (0x02fee3b3) x7  0x000000006b59f795
core   0: 0x000000008000509a (0x03b3d293) srli    t0, t2, 59
core   0: 1 0x000000008000509a (0x03b3d293) x5  0x0000000000000000
core   0: 0x000000008000509e (0x41d58633) sub     a2, a1, t4
core   0: 1 0x000000008000509e (0x41d58633) x12 0x000000006b59f795
core   0: 0x00000000800050a2 (0x00b581bb) addw    gp, a1, a1
core   0: 1 0x00000000800050a2 (0x00b581bb) x3  0xffffffffad67de54
core   0: 0x00000000800050a6 (0x00185e13) srli    t3, a6, 1
core   0: 1 0x00000000800050a6 (0x00185e13) x28 0x0000000000000009
core   0: 0x00000000800050aa (0x420c87d3) fcvt.d.s fa5, fs9
core   0: 1 0x00000000800050aa (0x420c87d3) f15 0x7ff8000000000000
core   0: 0x00000000800050ae (0x016b5ab3) srl     s5, s6, s6
core   0: 1 0x00000000800050ae (0x016b5ab3) x21 0x0000000000000077
core   0: 0x00000000800050b2 (0xf11e3d73) csrrc   s10, mvendorid, t3
core   0: exception trap_illegal_instruction, epc 0x00000000800050b2
core   0:           tval 0x00000000f11e3d73
core   0: >>>>  $xrv64i2p1_m2p0_a2p1_f2p2_d2p2_zicsr2p0_zifencei2p0_zmmul1p0_zba1p0_zbb1p0_zbc1p0_zbs1p0
core   0: 0x0000000080004000 (0x0080006f) j       pc + 0x8
core   0: 3 0x0000000080004000 (0x0080006f)
core   0: >>>>  mmode_exception_handler
core   0: 0x0000000080004008 (0x00002c17) auipc   s8, 0x2
core   0: 3 0x0000000080004008 (0x00002c17) x24 0x0000000080006008
core   0: 0x000000008000400c (0x090c0c13) addi    s8, s8, 144
core   0: 3 0x000000008000400c (0x090c0c13) x24 0x0000000080006098
core   0: 0x0000000080004010 (0x000c00e7) jalr    s8
core   0: 3 0x0000000080004010 (0x000c00e7) x1  0x0000000080004014
core   0: >>>>  any_handler
core   0: 0x0000000080006098 (0x341027f3) csrrs   a5, mepc, zero
core   0: 3 0x0000000080006098 (0x341027f3) x15 0x00000000800050b2
core   0: 0x000000008000609c (0x34202773) csrrs   a4, mcause, zero
core   0: 3 0x000000008000609c (0x34202773) x14 0x0000000000000002
core   0: 0x00000000800060a0 (0x142026f3) csrrs   a3, scause, zero
core   0: 3 0x00000000800060a0 (0x142026f3) x13 0x0000000000000000
core   0: 0x00000000800060a4 (0x30402673) csrrs   a2, mie, zero
core   0: 3 0x00000000800060a4 (0x30402673) x12 0x0000000000000a00
core   0: 0x00000000800060a8 (0x344025f3) csrrs   a1, mip, zero
core   0: 3 0x00000000800060a8 (0x344025f3) x11 0x0000000000000080
core   0: 0x00000000800060ac (0x343025f3) csrrs   a1, mtval, zero
core   0: 3 0x00000000800060ac (0x343025f3) x11 0x00000000f11e3d73
core   0: 0x00000000800060b0 (0x14302573) csrrs   a0, stval, zero
core   0: 3 0x00000000800060b0 (0x14302573) x10 0x0000000000000000
core   0: 0x00000000800060b4 (0xb02024f3) csrrs   s1, minstret, zero
core   0: 3 0x00000000800060b4 (0xb02024f3) x9  0x0000000000000d4c
core   0: 0x00000000800060b8 (0x0000a811) c.j     pc + 20
core   0: 3 0x00000000800060b8 (0xa811)
core   0: >>>>  mepc_4
core   0: 0x00000000800060cc (0x00000791) c.addi  a5, 4
core   0: 3 0x00000000800060cc (0x0791) x15 0x00000000800050b6
core   0: 0x00000000800060ce (0x34179073) csrrw   zero, mepc, a5
core   0: 3 0x00000000800060ce (0x34179073) c833_mepc 0x00000000800050b6
core   0: 0x00000000800060d2 (0x30200073) mret
core   0: 3 0x00000000800060d2 (0x30200073) c768_mstatus 0x8000000a001c60a0
core   0: 0x00000000800050b6 (0x03efff53) fadd.d  ft10, ft11, ft10
core   0: 1 0x00000000800050b6 (0x03efff53) f30 0x7ff8000000000000
core   0: 0x00000000800050ba (0xc2367e53) fcvt.lu.d t3, fa2
core   0: 1 0x00000000800050ba (0xc2367e53) c1_fflags 0x0000000000000011 x28 0x0000000000000000
core   0: 0x00000000800050be (0x40118133) sub     sp, gp, ra
core   0: 1 0x00000000800050be (0x40118133) x2  0xffffffff2d679e40
core   0: 0x00000000800050c2 (0xc0217b53) fcvt.l.s s6, ft2
core   0: 1 0x00000000800050c2 (0xc0217b53) c1_fflags 0x0000000000000011 x22 0x7fffffffffffffff
core   0: 0x00000000800050c6 (0xd034f253) fcvt.s.lu ft4, s1
core   0: 1 0x00000000800050c6 (0xd034f253) f4  0xffffffff4554c000
core   0: 0x00000000800050ca (0x214e5cb7) lui     s9, 0x214e5
core   0: 1 0x00000000800050ca (0x214e5cb7) x25 0x00000000214e5000
core   0: 0x00000000800050ce (0x039cf1b3) remu    gp, s9, s9
core   0: 1 0x00000000800050ce (0x039cf1b3) x3  0x0000000000000000
core   0: 0x00000000800050d2 (0x40e7523b) sraw    tp, a4, a4
core   0: 1 0x00000000800050d2 (0x40e7523b) x4  0x0000000000000000
core   0: 0x00000000800050d6 (0x000e5a1b) srliw   s4, t3, 0
core   0: 1 0x00000000800050d6 (0x000e5a1b) x20 0x0000000000000000
core   0: 0x00000000800050da (0x40ce57b3) sra     a5, t3, a2
core   0: 1 0x00000000800050da (0x40ce57b3) x15 0x0000000000000000
core   0: 0x00000000800050de (0xc03a3173) csrrc   sp, hpmcounter3, s4
core   0: exception trap_illegal_instruction, epc 0x00000000800050de
core   0:           tval 0x00000000c03a3173
core   0: >>>>  $xrv64i2p1_m2p0_a2p1_f2p2_d2p2_zicsr2p0_zifencei2p0_zmmul1p0_zba1p0_zbb1p0_zbc1p0_zbs1p0
core   0: 0x0000000080004000 (0x0080006f) j       pc + 0x8
core   0: 3 0x0000000080004000 (0x0080006f)
core   0: >>>>  mmode_exception_handler
core   0: 0x0000000080004008 (0x00002c17) auipc   s8, 0x2
core   0: 3 0x0000000080004008 (0x00002c17) x24 0x0000000080006008
core   0: 0x000000008000400c (0x090c0c13) addi    s8, s8, 144
core   0: 3 0x000000008000400c (0x090c0c13) x24 0x0000000080006098
core   0: 0x0000000080004010 (0x000c00e7) jalr    s8
core   0: 3 0x0000000080004010 (0x000c00e7) x1  0x0000000080004014
core   0: >>>>  any_handler
core   0: 0x0000000080006098 (0x341027f3) csrrs   a5, mepc, zero
core   0: 3 0x0000000080006098 (0x341027f3) x15 0x00000000800050de
core   0: 0x000000008000609c (0x34202773) csrrs   a4, mcause, zero
core   0: 3 0x000000008000609c (0x34202773) x14 0x0000000000000002
core   0: 0x00000000800060a0 (0x142026f3) csrrs   a3, scause, zero
core   0: 3 0x00000000800060a0 (0x142026f3) x13 0x0000000000000000
core   0: 0x00000000800060a4 (0x30402673) csrrs   a2, mie, zero
core   0: 3 0x00000000800060a4 (0x30402673) x12 0x0000000000000a00
core   0: 0x00000000800060a8 (0x344025f3) csrrs   a1, mip, zero
core   0: 3 0x00000000800060a8 (0x344025f3) x11 0x0000000000000080
core   0: 0x00000000800060ac (0x343025f3) csrrs   a1, mtval, zero
core   0: 3 0x00000000800060ac (0x343025f3) x11 0x00000000c03a3173
core   0: 0x00000000800060b0 (0x14302573) csrrs   a0, stval, zero
core   0: 3 0x00000000800060b0 (0x14302573) x10 0x0000000000000000
core   0: 0x00000000800060b4 (0xb02024f3) csrrs   s1, minstret, zero
core   0: 3 0x00000000800060b4 (0xb02024f3) x9  0x0000000000000d66
core   0: 0x00000000800060b8 (0x0000a811) c.j     pc + 20
core   0: 3 0x00000000800060b8 (0xa811)
core   0: >>>>  mepc_4
core   0: 0x00000000800060cc (0x00000791) c.addi  a5, 4
core   0: 3 0x00000000800060cc (0x0791) x15 0x00000000800050e2
core   0: 0x00000000800060ce (0x34179073) csrrw   zero, mepc, a5
core   0: 3 0x00000000800060ce (0x34179073) c833_mepc 0x00000000800050e2
core   0: 0x00000000800060d2 (0x30200073) mret
core   0: 3 0x00000000800060d2 (0x30200073) c768_mstatus 0x8000000a001c60a0
core   0: 0x00000000800050e2 (0xc20ff2d3) fcvt.w.d t0, ft11
core   0: 1 0x00000000800050e2 (0xc20ff2d3) x5  0x000000000000035a
core   0: 0x00000000800050e6 (0xd20289d3) fcvt.d.w fs3, t0
core   0: 1 0x00000000800050e6 (0xd20289d3) f19 0x408ad00000000000
core   0: 0x00000000800050ea (0x7ff10c1b) addiw   s8, sp, 2047
core   0: 1 0x00000000800050ea (0x7ff10c1b) x24 0x000000002d67a63f
core   0: 0x00000000800050ee (0x00000001) c.nop
core   0: 1 0x00000000800050ee (0x0001)
core   0: 0x00000000800050f0 (0x00000001) c.nop
core   0: 1 0x00000000800050f0 (0x0001)
core   0: 0x00000000800050f2 (0x5a09f653) fsqrt.d fa2, fs3
core   0: 1 0x00000000800050f2 (0x5a09f653) c1_fflags 0x0000000000000011 f12 0x403d4aa8b979af2f
core   0: 0x00000000800050f6 (0x02510833) mul     a6, sp, t0
core   0: 1 0x00000000800050f6 (0x02510833) x16 0xfffffd3e2d486280
core   0: 0x00000000800050fa (0x826c4e13) xori    t3, s8, -2010
core   0: 1 0x00000000800050fa (0x826c4e13) x28 0xffffffffd2985e19
core   0: 0x00000000800050fe (0xe20986d3) fmv.x.d a3, fs3
core   0: 1 0x00000000800050fe (0xe20986d3) x13 0x408ad00000000000
core   0: 0x0000000080005102 (0x01c42433) slt     s0, s0, t3
core   0: 1 0x0000000080005102 (0x01c42433) x8  0x0000000000000000
core   0: 0x0000000080005106 (0x00a8183b) sllw    a6, a6, a0
core   0: 1 0x0000000080005106 (0x00a8183b) x16 0x000000002d486280
core   0: 0x000000008000510a (0x4034d7b3) sra     a5, s1, gp
core   0: 1 0x000000008000510a (0x4034d7b3) x15 0x0000000000000d66
core   0: 0x000000008000510e (0x0287a9b3) mulhsu  s3, a5, s0
core   0: 1 0x000000008000510e (0x0287a9b3) x19 0x0000000000000000
core   0: 0x0000000080005112 (0xd039f4d3) fcvt.s.lu fs1, s3
core   0: 1 0x0000000080005112 (0xd039f4d3) f9  0xffffffff00000000
core   0: 0x0000000080005116 (0x02d93b33) mulhu   s6, s2, a3
core   0: 1 0x0000000080005116 (0x02d93b33) x22 0x0000000000000000
core   0: 0x000000008000511a (0x4013f3d3) fcvt.s.d ft7, ft7
core   0: 1 0x000000008000511a (0x4013f3d3) f7  0xffffffff7fc00000
core   0: 0x000000008000511e (0x00bd41b3) xor     gp, s10, a1
core   0: 1 0x000000008000511e (0x00bd41b3) x3  0x00000044728f4065
core   0: 0x0000000080005122 (0x001c5293) srli    t0, s8, 1
core   0: 1 0x0000000080005122 (0x001c5293) x5  0x0000000016b3d31f
core   0: 0x0000000080005126 (0x23162053) fsgnjx.d ft0, fa2, fa7
core   0: 1 0x0000000080005126 (0x23162053) f0  0x403d4aa8b979af2f
core   0: 0x000000008000512a (0x232fa0d3) fsgnjx.d ft1, ft11, fs2
core   0: 1 0x000000008000512a (0x232fa0d3) f1  0x408ad00000000000
core   0: 0x000000008000512e (0xd22df6d3) fcvt.d.l fa3, s11
core   0: 1 0x000000008000512e (0xd22df6d3) f13 0x4008000000000000
core   0: 0x0000000080005132 (0x037c703b) remuw   zero, s8, s7
core   0: 1 0x0000000080005132 (0x037c703b)
core   0: 0x0000000080005136 (0xc235f6d3) fcvt.lu.d a3, fa1
core   0: 1 0x0000000080005136 (0xc235f6d3) x13 0x0000000000000000
core   0: 0x000000008000513a (0xe20515d3) fclass.d a1, fa0
core   0: 1 0x000000008000513a (0xe20515d3) x11 0x0000000000000200
core   0: 0x000000008000513e (0x0ff0000f) fence   iorw,iorw
core   0: 1 0x000000008000513e (0x0ff0000f)
core   0: 0x0000000080005142 (0x2ad68bd3) fmin.d  fs7, fa3, fa3
core   0: 1 0x0000000080005142 (0x2ad68bd3) f23 0x4008000000000000
core   0: 0x0000000080005146 (0x0076a3b3) slt     t2, a3, t2
core   0: 1 0x0000000080005146 (0x0076a3b3) x7  0x0000000000000001
core   0: 0x000000008000514a (0x00002085) c.addiw ra, 1
core   0: 1 0x000000008000514a (0x2085) x1  0xffffffff80004015
core   0: 0x000000008000514c (0x03ce7e53) fadd.d  ft8, ft8, ft8
core   0: 1 0x000000008000514c (0x03ce7e53) f28 0x7ff8000000000000
core   0: 0x0000000080005150 (0x00109973) csrrw   s2, fflags, ra
core   0: 1 0x0000000080005150 (0x00109973) x18 0x0000000000000011 c1_fflags 0x0000000000000015
core   0: 0x0000000080005154 (0x00000001) c.nop
core   0: 1 0x0000000080005154 (0x0001)
core   0: 0x0000000080005156 (0x01b11dbb) sllw    s11, sp, s11
core   0: 1 0x0000000080005156 (0x01b11dbb) x27 0x000000006b3cf200
core   0: 0x000000008000515a (0x022d823b) mulw    tp, s11, sp
core   0: 1 0x000000008000515a (0x022d823b) x4  0xffffffffca988000
core   0: 0x000000008000515e (0x029e8ab3) mul     s5, t4, s1
core   0: 1 0x000000008000515e (0x029e8ab3) x21 0x0000059e576b365e
core   0: 0x0000000080005162 (0xf20d8cd3) fmv.d.x fs9, s11
core   0: 1 0x0000000080005162 (0xf20d8cd3) f25 0x000000006b3cf200
core   0: 0x0000000080005166 (0x035259bb) divuw   s3, tp, s5
core   0: 1 0x0000000080005166 (0x035259bb) x19 0x0000000000000002
core   0: 0x000000008000516a (0x01399633) sll     a2, s3, s3
core   0: 1 0x000000008000516a (0x01399633) x12 0x0000000000000008
core   0: 0x000000008000516e (0xd75d8d93) addi    s11, s11, -651
core   0: 1 0x000000008000516e (0xd75d8d93) x27 0x000000006b3cef75
core   0: 0x0000000080005172 (0x1b82f2d3) fdiv.d  ft5, ft5, fs8
core   0: 1 0x0000000080005172 (0x1b82f2d3) f5  0x7ff8000000000000
core   0: 0x0000000080005176 (0xd2108d53) fcvt.d.wu fs10, ra
core   0: 1 0x0000000080005176 (0xd2108d53) f26 0x41e0000802a00000
core   0: 0x000000008000517a (0x02ed2833) mulhsu  a6, s10, a4
core   0: 1 0x000000008000517a (0x02ed2833) x16 0x0000000000000000
core   0: 0x000000008000517e (0x22532ad3) fsgnjx.d fs5, ft6, ft5
core   0: 1 0x000000008000517e (0x22532ad3) f21 0x7ff8000000000000
core   0: 0x0000000080005182 (0x40185e9b) sraiw   t4, a6, 1
core   0: 1 0x0000000080005182 (0x40185e9b) x29 0x0000000000000000
core   0: 0x0000000080005186 (0x006a2333) slt     t1, s4, t1
core   0: 1 0x0000000080005186 (0x006a2333) x6  0x0000000000000000
core   0: 0x000000008000518a (0x02614733) div     a4, sp, t1
core   0: 1 0x000000008000518a (0x02614733) x14 0xffffffffffffffff
core   0: 0x000000008000518e (0x7ff18b9b) addiw   s7, gp, 2047
core   0: 1 0x000000008000518e (0x7ff18b9b) x23 0x00000000728f4864
core   0: 0x0000000080005192 (0x02430233) mul     tp, t1, tp
core   0: 1 0x0000000080005192 (0x02430233) x4  0x0000000000000000
core   0: 0x0000000080005196 (0xd2227853) fcvt.d.l fa6, tp
core   0: 1 0x0000000080005196 (0xd2227853) f16 0x0000000000000000
core   0: 0x000000008000519a (0x00459e33) sll     t3, a1, tp
core   0: 1 0x000000008000519a (0x00459e33) x28 0x0000000000000200
core   0: 0x000000008000519e (0xd02a70d3) fcvt.s.l ft1, s4
core   0: 1 0x000000008000519e (0xd02a70d3) f1  0xffffffff00000000
core   0: 0x00000000800051a2 (0xe2031053) fclass.d zero, ft6
core   0: 1 0x00000000800051a2 (0xe2031053)
core   0: 0x00000000800051a6 (0x2a6b8bd3) fmin.d  fs7, fs7, ft6
core   0: 1 0x00000000800051a6 (0x2a6b8bd3) f23 0x4008000000000000
core   0: 0x00000000800051aa (0xf13eab73) csrrs   s6, mimpid, t4
core   0: exception trap_illegal_instruction, epc 0x00000000800051aa
core   0:           tval 0x00000000f13eab73
core   0: >>>>  $xrv64i2p1_m2p0_a2p1_f2p2_d2p2_zicsr2p0_zifencei2p0_zmmul1p0_zba1p0_zbb1p0_zbc1p0_zbs1p0
core   0: 0x0000000080004000 (0x0080006f) j       pc + 0x8
core   0: 3 0x0000000080004000 (0x0080006f)
core   0: >>>>  mmode_exception_handler
core   0: 0x0000000080004008 (0x00002c17) auipc   s8, 0x2
core   0: 3 0x0000000080004008 (0x00002c17) x24 0x0000000080006008
core   0: 0x000000008000400c (0x090c0c13) addi    s8, s8, 144
core   0: 3 0x000000008000400c (0x090c0c13) x24 0x0000000080006098
core   0: 0x0000000080004010 (0x000c00e7) jalr    s8
core   0: 3 0x0000000080004010 (0x000c00e7) x1  0x0000000080004014
core   0: >>>>  any_handler
core   0: 0x0000000080006098 (0x341027f3) csrrs   a5, mepc, zero
core   0: 3 0x0000000080006098 (0x341027f3) x15 0x00000000800051aa
core   0: 0x000000008000609c (0x34202773) csrrs   a4, mcause, zero
core   0: 3 0x000000008000609c (0x34202773) x14 0x0000000000000002
core   0: 0x00000000800060a0 (0x142026f3) csrrs   a3, scause, zero
core   0: 3 0x00000000800060a0 (0x142026f3) x13 0x0000000000000000
core   0: 0x00000000800060a4 (0x30402673) csrrs   a2, mie, zero
core   0: 3 0x00000000800060a4 (0x30402673) x12 0x0000000000000a00
core   0: 0x00000000800060a8 (0x344025f3) csrrs   a1, mip, zero
core   0: 3 0x00000000800060a8 (0x344025f3) x11 0x0000000000000080
core   0: 0x00000000800060ac (0x343025f3) csrrs   a1, mtval, zero
core   0: 3 0x00000000800060ac (0x343025f3) x11 0x00000000f13eab73
core   0: 0x00000000800060b0 (0x14302573) csrrs   a0, stval, zero
core   0: 3 0x00000000800060b0 (0x14302573) x10 0x0000000000000000
core   0: 0x00000000800060b4 (0xb02024f3) csrrs   s1, minstret, zero
core   0: 3 0x00000000800060b4 (0xb02024f3) x9  0x0000000000000daa
core   0: 0x00000000800060b8 (0x0000a811) c.j     pc + 20
core   0: 3 0x00000000800060b8 (0xa811)
core   0: >>>>  mepc_4
core   0: 0x00000000800060cc (0x00000791) c.addi  a5, 4
core   0: 3 0x00000000800060cc (0x0791) x15 0x00000000800051ae
core   0: 0x00000000800060ce (0x34179073) csrrw   zero, mepc, a5
core   0: 3 0x00000000800060ce (0x34179073) c833_mepc 0x00000000800051ae
core   0: 0x00000000800060d2 (0x30200073) mret
core   0: 3 0x00000000800060d2 (0x30200073) c768_mstatus 0x8000000a001c60a0
core   0: 0x00000000800051ae (0x409b59bb) sraw    s3, s6, s1
core   0: 1 0x00000000800051ae (0x409b59bb) x19 0x0000000000000000
core   0: 0x00000000800051b2 (0x014b59bb) srlw    s3, s6, s4
core   0: 1 0x00000000800051b2 (0x014b59bb) x19 0x0000000000000000
core   0: 0x00000000800051b6 (0xd9d3e917) auipc   s2, 0xd9d3e
core   0: 1 0x00000000800051b6 (0xd9d3e917) x18 0x0000000059d431b6
core   0: 0x00000000800051ba (0x223a80d3) fsgnj.d ft1, fs5, ft3
core   0: 1 0x00000000800051ba (0x223a80d3) f1  0x7ff8000000000000
core   0: 0x00000000800051be (0xd22174d3) fcvt.d.l fs1, sp
core   0: 1 0x00000000800051be (0xd22174d3) f9  0xc1ea530c38000000
core   0: 0x00000000800051c2 (0x1049dd73) csrrwi  s10, sie, 19
core   0: 1 0x00000000800051c2 (0x1049dd73) x26 0x0000000000000000 c772_mie 0x0000000000000a00
core   0: 0x00000000800051c6 (0xe20603d3) fmv.x.d t2, fa2
core   0: 1 0x00000000800051c6 (0xe20603d3) x7  0x403d4aa8b979af2f
core   0: 0x00000000800051ca (0x00d386bb) addw    a3, t2, a3
core   0: 1 0x00000000800051ca (0x00d386bb) x13 0xffffffffb979af2f
core   0: 0x00000000800051ce (0xc2167353) fcvt.wu.d t1, fa2
core   0: 1 0x00000000800051ce (0xc2167353) c1_fflags 0x0000000000000015 x6  0x000000000000001d
core   0: 0x00000000800051d2 (0x000699bb) sllw    s3, a3, zero
core   0: 1 0x00000000800051d2 (0x000699bb) x19 0xffffffffb979af2f
core   0: 0x00000000800051d6 (0x02f7d73b) divuw   a4, a5, a5
core   0: 1 0x00000000800051d6 (0x02f7d73b) x14 0x0000000000000001
core   0: 0x00000000800051da (0xd2078253) fcvt.d.w ft4, a5
core   0: 1 0x00000000800051da (0xd2078253) f4  0xc1dfffeb94800000
core   0: 0x00000000800051de (0x1434e0f3) csrrsi  ra, stval, 9
core   0: 1 0x00000000800051de (0x1434e0f3) x1  0x0000000000000000 c323_stval 0x0000000000000009
core   0: 0x00000000800051e2 (0x008581bb) addw    gp, a1, s0
core   0: 1 0x00000000800051e2 (0x008581bb) x3  0xfffffffff13eab73
core   0: 0x00000000800051e6 (0xc0207653) fcvt.l.s a2, ft0
core   0: 1 0x00000000800051e6 (0xc0207653) c1_fflags 0x0000000000000015 x12 0x7fffffffffffffff
core   0: 0x00000000800051ea (0x00189473) csrrw   s0, fflags, a7
core   0: 1 0x00000000800051ea (0x00189473) x8  0x0000000000000015 c1_fflags 0x0000000000000000
core   0: 0x00000000800051ee (0x0962089b) addiw   a7, tp, 150
core   0: 1 0x00000000800051ee (0x0962089b) x17 0x0000000000000096
core   0: 0x00000000800051f2 (0xf13690f3) csrrw   ra, mimpid, a3
core   0: exception trap_illegal_instruction, epc 0x00000000800051f2
core   0:           tval 0x00000000f13690f3
core   0: >>>>  $xrv64i2p1_m2p0_a2p1_f2p2_d2p2_zicsr2p0_zifencei2p0_zmmul1p0_zba1p0_zbb1p0_zbc1p0_zbs1p0
core   0: 0x0000000080004000 (0x0080006f) j       pc + 0x8
core   0: 3 0x0000000080004000 (0x0080006f)
core   0: >>>>  mmode_exception_handler
core   0: 0x0000000080004008 (0x00002c17) auipc   s8, 0x2
core   0: 3 0x0000000080004008 (0x00002c17) x24 0x0000000080006008
core   0: 0x000000008000400c (0x090c0c13) addi    s8, s8, 144
core   0: 3 0x000000008000400c (0x090c0c13) x24 0x0000000080006098
core   0: 0x0000000080004010 (0x000c00e7) jalr    s8
core   0: 3 0x0000000080004010 (0x000c00e7) x1  0x0000000080004014
core   0: >>>>  any_handler
core   0: 0x0000000080006098 (0x341027f3) csrrs   a5, mepc, zero
core   0: 3 0x0000000080006098 (0x341027f3) x15 0x00000000800051f2
core   0: 0x000000008000609c (0x34202773) csrrs   a4, mcause, zero
core   0: 3 0x000000008000609c (0x34202773) x14 0x0000000000000002
core   0: 0x00000000800060a0 (0x142026f3) csrrs   a3, scause, zero
core   0: 3 0x00000000800060a0 (0x142026f3) x13 0x0000000000000000
core   0: 0x00000000800060a4 (0x30402673) csrrs   a2, mie, zero
core   0: 3 0x00000000800060a4 (0x30402673) x12 0x0000000000000a00
core   0: 0x00000000800060a8 (0x344025f3) csrrs   a1, mip, zero
core   0: 3 0x00000000800060a8 (0x344025f3) x11 0x0000000000000080
core   0: 0x00000000800060ac (0x343025f3) csrrs   a1, mtval, zero
core   0: 3 0x00000000800060ac (0x343025f3) x11 0x00000000f13690f3
core   0: 0x00000000800060b0 (0x14302573) csrrs   a0, stval, zero
core   0: 3 0x00000000800060b0 (0x14302573) x10 0x0000000000000009
core   0: 0x00000000800060b4 (0xb02024f3) csrrs   s1, minstret, zero
core   0: 3 0x00000000800060b4 (0xb02024f3) x9  0x0000000000000dcb
core   0: 0x00000000800060b8 (0x0000a811) c.j     pc + 20
core   0: 3 0x00000000800060b8 (0xa811)
core   0: >>>>  mepc_4
core   0: 0x00000000800060cc (0x00000791) c.addi  a5, 4
core   0: 3 0x00000000800060cc (0x0791) x15 0x00000000800051f6
core   0: 0x00000000800060ce (0x34179073) csrrw   zero, mepc, a5
core   0: 3 0x00000000800060ce (0x34179073) c833_mepc 0x00000000800051f6
core   0: 0x00000000800060d2 (0x30200073) mret
core   0: 3 0x00000000800060d2 (0x30200073) c768_mstatus 0x8000000a001c60a0
core   0: 0x00000000800051f6 (0x022152bb) divuw   t0, sp, sp
core   0: 1 0x00000000800051f6 (0x022152bb) x5  0x0000000000000001
core   0: 0x00000000800051fa (0xc214f8d3) fcvt.wu.d a7, fs1
core   0: 1 0x00000000800051fa (0xc214f8d3) c1_fflags 0x0000000000000010 x17 0x0000000000000000
core   0: 0x00000000800051fe (0x7ff28e1b) addiw   t3, t0, 2047
core   0: 1 0x00000000800051fe (0x7ff28e1b) x28 0x0000000000000800
core   0: 0x0000000080005202 (0x0318e5bb) remw    a1, a7, a7
core   0: 1 0x0000000080005202 (0x0318e5bb) x11 0x0000000000000000
core   0: 0x0000000080005206 (0x5a0273d3) fsqrt.d ft7, ft4
core   0: 1 0x0000000080005206 (0x5a0273d3) c1_fflags 0x0000000000000010 f7  0x7ff8000000000000
core   0: 0x000000008000520a (0x00000001) c.nop
core   0: 1 0x000000008000520a (0x0001)
core   0: 0x000000008000520c (0x4125d93b) sraw    s2, a1, s2
core   0: 1 0x000000008000520c (0x4125d93b) x18 0x0000000000000000
core   0: 0x0000000080005210 (0x4109581b) sraiw   a6, s2, 16
core   0: 1 0x0000000080005210 (0x4109581b) x16 0x0000000000000000
core   0: 0x0000000080005214 (0x012d44b3) xor     s1, s10, s2
core   0: 1 0x0000000080005214 (0x012d44b3) x9  0x0000000000000000
core   0: 0x0000000080005218 (0xe20e09d3) fmv.x.d s3, ft8
core   0: 1 0x0000000080005218 (0xe20e09d3) x19 0x7ff8000000000000
core   0: 0x000000008000521c (0xd229f8d3) fcvt.d.l fa7, s3
core   0: 1 0x000000008000521c (0xd229f8d3) f17 0x43dffe0000000000
core   0: 0x0000000080005220 (0x00084033) xor     zero, a6, zero
core   0: 1 0x0000000080005220 (0x00084033)
core   0: 0x0000000080005224 (0xc2147ad3) fcvt.wu.d s5, fs0
core   0: 1 0x0000000080005224 (0xc2147ad3) c1_fflags 0x0000000000000010 x21 0xffffffffffffffff
core   0: 0x0000000080005228 (0x1375f5d3) fmul.d  fa1, fa1, fs7
core   0: 1 0x0000000080005228 (0x1375f5d3) f11 0x8000000000000000
core   0: 0x000000008000522c (0xc225f453) fcvt.l.d s0, fa1
core   0: 1 0x000000008000522c (0xc225f453) x8  0x0000000000000000
core   0: 0x0000000080005230 (0x7b6db837) lui     a6, 0x7b6db
core   0: 1 0x0000000080005230 (0x7b6db837) x16 0x000000007b6db000
core   0: 0x0000000080005234 (0x0ff0000f) fence   iorw,iorw
core   0: 1 0x0000000080005234 (0x0ff0000f)
core   0: 0x0000000080005238 (0x00140993) addi    s3, s0, 1
core   0: 1 0x0000000080005238 (0x00140993) x19 0x0000000000000001
core   0: 0x000000008000523c (0xa3c58153) fle.d   sp, fa1, ft8
core   0: 1 0x000000008000523c (0xa3c58153) c1_fflags 0x0000000000000010 x2  0x0000000000000000
core   0: 0x0000000080005240 (0x01099a33) sll     s4, s3, a6
core   0: 1 0x0000000080005240 (0x01099a33) x20 0x0000000000000001
core   0: 0x0000000080005244 (0xd237ff53) fcvt.d.lu ft10, a5
core   0: 1 0x0000000080005244 (0xd237ff53) f30 0x41e0000a3ec00000
core   0: 0x0000000080005248 (0x02d395b3) mulh    a1, t2, a3
core   0: 1 0x0000000080005248 (0x02d395b3) x11 0x0000000000000000
core   0: 0x000000008000524c (0xf2038953) fmv.d.x fs2, t2
core   0: 1 0x000000008000524c (0xf2038953) f18 0x403d4aa8b979af2f
core   0: 0x0000000080005250 (0x0074141b) slliw   s0, s0, 7
core   0: 1 0x0000000080005250 (0x0074141b) x8  0x0000000000000000
core   0: 0x0000000080005254 (0x40b15ebb) sraw    t4, sp, a1
core   0: 1 0x0000000080005254 (0x40b15ebb) x29 0x0000000000000000
core   0: 0x0000000080005258 (0x002853bb) srlw    t2, a6, sp
core   0: 1 0x0000000080005258 (0x002853bb) x7  0x000000007b6db000
core   0: 0x000000008000525c (0x0305053b) mulw    a0, a0, a6
core   0: 1 0x000000008000525c (0x0305053b) x10 0x0000000056db3000
core   0: 0x0000000080005260 (0x027480b3) mul     ra, s1, t2
core   0: 1 0x0000000080005260 (0x027480b3) x1  0x0000000000000000
core   0: 0x0000000080005264 (0x02629d33) mulh    s10, t0, t1
core   0: 1 0x0000000080005264 (0x02629d33) x26 0x0000000000000000
core   0: 0x0000000080005268 (0x2b251653) fmax.d  fa2, fa0, fs2
core   0: 1 0x0000000080005268 (0x2b251653) f12 0x403d4aa8b979af2f
core   0: 0x000000008000526c (0x2ac39f53) fmax.d  ft10, ft7, fa2
core   0: 1 0x000000008000526c (0x2ac39f53) f30 0x403d4aa8b979af2f
core   0: 0x0000000080005270 (0xc03d73d3) fcvt.lu.s t2, fs10
core   0: 1 0x0000000080005270 (0xc03d73d3) c1_fflags 0x0000000000000010 x7  0xffffffffffffffff
core   0: 0x0000000080005274 (0xf20c8553) fmv.d.x fa0, s9
core   0: 1 0x0000000080005274 (0xf20c8553) f10 0x00000000214e5000
core   0: 0x0000000080005278 (0x313d8c93) addi    s9, s11, 787
core   0: 1 0x0000000080005278 (0x313d8c93) x25 0x000000006b3cf288
core   0: 0x000000008000527c (0xc20d74d3) fcvt.w.d s1, fs10
core   0: 1 0x000000008000527c (0xc20d74d3) c1_fflags 0x0000000000000010 x9  0x000000007fffffff
core   0: 0x0000000080005280 (0x03779533) mulh    a0, a5, s7
core   0: 1 0x0000000080005280 (0x03779533) x10 0x0000000000000000
core   0: 0x0000000080005284 (0x00000001) c.nop
core   0: 1 0x0000000080005284 (0x0001)
core   0: 0x0000000080005286 (0xc03a79d3) fcvt.lu.s s3, fs4
core   0: 1 0x0000000080005286 (0xc03a79d3) c1_fflags 0x0000000000000010 x19 0xffffffffffffffff
core   0: 0x000000008000528a (0xd239f853) fcvt.d.lu fa6, s3
core   0: 1 0x000000008000528a (0xd239f853) c1_fflags 0x0000000000000011 f16 0x43f0000000000000
core   0: 0x000000008000528e (0xc214f853) fcvt.wu.d a6, fs1
core   0: 1 0x000000008000528e (0xc214f853) c1_fflags 0x0000000000000011 x16 0x0000000000000000
core   0: 0x0000000080005292 (0xf2c5ff43) fmadd.d ft10, fa1, fa2, ft10
core   0: 1 0x0000000080005292 (0xf2c5ff43) f30 0x403d4aa8b979af2f
core   0: 0x0000000080005296 (0x2f330513) addi    a0, t1, 755
core   0: 1 0x0000000080005296 (0x2f330513) x10 0x0000000000000310
core   0: 0x000000008000529a (0x1b80f54f) fnmadd.d fa0, ft1, fs8, ft3
core   0: 1 0x000000008000529a (0x1b80f54f) f10 0x7ff8000000000000
core   0: 0x000000008000529e (0x12a5f1d3) fmul.d  ft3, fa1, fa0
core   0: 1 0x000000008000529e (0x12a5f1d3) f3  0x7ff8000000000000
core   0: 0x00000000800052a2 (0x00008ec9) c.or    a3, a0
core   0: 1 0x00000000800052a2 (0x8ec9) x13 0x0000000000000310
core   0: 0x00000000800052a4 (0x00159d73) csrrw   s10, fflags, a1
core   0: 1 0x00000000800052a4 (0x00159d73) x26 0x0000000000000011 c1_fflags 0x0000000000000000
core   0: 0x00000000800052a8 (0xc23576d3) fcvt.lu.d a3, fa0
core   0: 1 0x00000000800052a8 (0xc23576d3) c1_fflags 0x0000000000000010 x13 0xffffffffffffffff
core   0: 0x00000000800052ac (0x2a451053) fmax.d  ft0, fa0, ft4
core   0: 1 0x00000000800052ac (0x2a451053) f0  0xc1dfffeb94800000
core   0: 0x00000000800052b0 (0x0361bcb3) mulhu   s9, gp, s6
core   0: 1 0x00000000800052b0 (0x0361bcb3) x25 0x0000000000000000
core   0: 0x00000000800052b4 (0x00782833) slt     a6, a6, t2
core   0: 1 0x00000000800052b4 (0x00782833) x16 0x0000000000000000
core   0: 0x00000000800052b8 (0x01849abb) sllw    s5, s1, s8
core   0: 1 0x00000000800052b8 (0x01849abb) x21 0xffffffffff000000
core   0: 0x00000000800052bc (0x2bb282d3) fmin.d  ft5, ft5, fs11
core   0: 1 0x00000000800052bc (0x2bb282d3) f5  0x7ff8000000000000
core   0: 0x00000000800052c0 (0x22828453) fsgnj.d fs0, ft5, fs0
core   0: 1 0x00000000800052c0 (0x22828453) f8  0x7ff8000000000000
core   0: 0x00000000800052c4 (0x00f1f933) and     s2, gp, a5
core   0: 1 0x00000000800052c4 (0x00f1f933) x18 0x0000000080000172
core   0: 0x00000000800052c8 (0x0022c133) xor     sp, t0, sp
core   0: 1 0x00000000800052c8 (0x0022c133) x2  0x0000000000000001
core   0: 0x00000000800052cc (0x0204c8bb) divw    a7, s1, zero
core   0: 1 0x00000000800052cc (0x0204c8bb) x17 0xffffffffffffffff
core   0: 0x00000000800052d0 (0x02b13d33) mulhu   s10, sp, a1
core   0: 1 0x00000000800052d0 (0x02b13d33) x26 0x0000000000000000
core   0: 0x00000000800052d4 (0xf20c8753) fmv.d.x fa4, s9
core   0: 1 0x00000000800052d4 (0xf20c8753) f14 0x0000000000000000
core   0: 0x00000000800052d8 (0x22d58dd3) fsgnj.d fs11, fa1, fa3
core   0: 1 0x00000000800052d8 (0x22d58dd3) f27 0x0000000000000000
core   0: 0x00000000800052dc (0xd2247e53) fcvt.d.l ft8, s0
core   0: 1 0x00000000800052dc (0xd2247e53) f28 0x0000000000000000
core   0: 0x00000000800052e0 (0x408454bb) sraw    s1, s0, s0
core   0: 1 0x00000000800052e0 (0x408454bb) x9  0x0000000000000000
core   0: 0x00000000800052e4 (0xe2497943) fmadd.d fs2, fs2, ft4, ft8
core   0: 1 0x00000000800052e4 (0xe2497943) c1_fflags 0x0000000000000011 f18 0xc22d4a9608696c74
core   0: 0x00000000800052e8 (0x0b3971d3) fsub.d  ft3, fs2, fs3
core   0: 1 0x00000000800052e8 (0x0b3971d3) f3  0xc22d4a960f1d6c74
core   0: 0x00000000800052ec (0x7ffd8d9b) addiw   s11, s11, 2047
core   0: 1 0x00000000800052ec (0x7ffd8d9b) x27 0x000000006b3cf774
core   0: 0x00000000800052f0 (0x0155feb3) and     t4, a1, s5
core   0: 1 0x00000000800052f0 (0x0155feb3) x29 0x0000000000000000
core   0: 0x00000000800052f4 (0x40e70c3b) subw    s8, a4, a4
core   0: 1 0x00000000800052f4 (0x40e70c3b) x24 0x0000000000000000
core   0: 0x00000000800052f8 (0xd03c7b53) fcvt.s.lu fs6, s8
core   0: 1 0x00000000800052f8 (0xd03c7b53) f22 0xffffffff00000000
core   0: 0x00000000800052fc (0x01082033) slt     zero, a6, a6
core   0: 1 0x00000000800052fc (0x01082033)
core   0: 0x0000000080005300 (0x0ff0000f) fence   iorw,iorw
core   0: 1 0x0000000080005300 (0x0ff0000f)
core   0: 0x0000000080005304 (0xd0297653) fcvt.s.l fa2, s2
core   0: 1 0x0000000080005304 (0xd0297653) c1_fflags 0x0000000000000011 f12 0xffffffff4f000001
core   0: 0x0000000080005308 (0x32353bf3) csrrc   s7, mhpmevent3, a0
core   0: exception trap_illegal_instruction, epc 0x0000000080005308
core   0:           tval 0x0000000032353bf3
core   0: >>>>  $xrv64i2p1_m2p0_a2p1_f2p2_d2p2_zicsr2p0_zifencei2p0_zmmul1p0_zba1p0_zbb1p0_zbc1p0_zbs1p0
core   0: 0x0000000080004000 (0x0080006f) j       pc + 0x8
core   0: 3 0x0000000080004000 (0x0080006f)
core   0: >>>>  mmode_exception_handler
core   0: 0x0000000080004008 (0x00002c17) auipc   s8, 0x2
core   0: 3 0x0000000080004008 (0x00002c17) x24 0x0000000080006008
core   0: 0x000000008000400c (0x090c0c13) addi    s8, s8, 144
core   0: 3 0x000000008000400c (0x090c0c13) x24 0x0000000080006098
core   0: 0x0000000080004010 (0x000c00e7) jalr    s8
core   0: 3 0x0000000080004010 (0x000c00e7) x1  0x0000000080004014
core   0: >>>>  any_handler
core   0: 0x0000000080006098 (0x341027f3) csrrs   a5, mepc, zero
core   0: 3 0x0000000080006098 (0x341027f3) x15 0x0000000080005308
core   0: 0x000000008000609c (0x34202773) csrrs   a4, mcause, zero
core   0: 3 0x000000008000609c (0x34202773) x14 0x0000000000000002
core   0: 0x00000000800060a0 (0x142026f3) csrrs   a3, scause, zero
core   0: 3 0x00000000800060a0 (0x142026f3) x13 0x0000000000000000
core   0: 0x00000000800060a4 (0x30402673) csrrs   a2, mie, zero
core   0: 3 0x00000000800060a4 (0x30402673) x12 0x0000000000000a00
core   0: 0x00000000800060a8 (0x344025f3) csrrs   a1, mip, zero
core   0: 3 0x00000000800060a8 (0x344025f3) x11 0x0000000000000080
core   0: 0x00000000800060ac (0x343025f3) csrrs   a1, mtval, zero
core   0: 3 0x00000000800060ac (0x343025f3) x11 0x0000000032353bf3
core   0: 0x00000000800060b0 (0x14302573) csrrs   a0, stval, zero
core   0: 3 0x00000000800060b0 (0x14302573) x10 0x0000000000000009
core   0: 0x00000000800060b4 (0xb02024f3) csrrs   s1, minstret, zero
core   0: 3 0x00000000800060b4 (0xb02024f3) x9  0x0000000000000e21
core   0: 0x00000000800060b8 (0x0000a811) c.j     pc + 20
core   0: 3 0x00000000800060b8 (0xa811)
core   0: >>>>  mepc_4
core   0: 0x00000000800060cc (0x00000791) c.addi  a5, 4
core   0: 3 0x00000000800060cc (0x0791) x15 0x000000008000530c
core   0: 0x00000000800060ce (0x34179073) csrrw   zero, mepc, a5
core   0: 3 0x00000000800060ce (0x34179073) c833_mepc 0x000000008000530c
core   0: 0x00000000800060d2 (0x30200073) mret
core   0: 3 0x00000000800060d2 (0x30200073) c768_mstatus 0x8000000a001c60a0
core   0: 0x000000008000530c (0x000aea93) ori     s5, s5, 0
core   0: 1 0x000000008000530c (0x000aea93) x21 0xffffffffff000000
core   0: 0x0000000080005310 (0x43f75d93) srai    s11, a4, 63
core   0: 1 0x0000000080005310 (0x43f75d93) x27 0x0000000000000000
core   0: 0x0000000080005314 (0x401ede9b) sraiw   t4, t4, 1
core   0: 1 0x0000000080005314 (0x401ede9b) x29 0x0000000000000000
core   0: 0x0000000080005318 (0x011cd51b) srliw   a0, s9, 17
core   0: 1 0x0000000080005318 (0x011cd51b) x10 0x0000000000000000
core   0: 0x000000008000531c (0x0294d2bb) divuw   t0, s1, s1
core   0: 1 0x000000008000531c (0x0294d2bb) x5  0x0000000000000001
core   0: 0x0000000080005320 (0xe16a1637) lui     a2, 0xe16a1
core   0: 1 0x0000000080005320 (0xe16a1637) x12 0xffffffffe16a1000
core   0: 0x0000000080005324 (0xd23e7bd3) fcvt.d.lu fs7, t3
core   0: 1 0x0000000080005324 (0xd23e7bd3) f23 0x40a0000000000000
core   0: 0x0000000080005328 (0xffb7bdb7) lui     s11, 0xffb7b
core   0: 1 0x0000000080005328 (0xffb7bdb7) x27 0xffffffffffb7b000
core   0: 0x000000008000532c (0x3f1d8d9b) addiw   s11, s11, 1009
core   0: 1 0x000000008000532c (0x3f1d8d9b) x27 0xffffffffffb7b3f1
core   0: 0x0000000080005330 (0x00000dba) c.slli  s11, 14
core   0: 1 0x0000000080005330 (0x0dba) x27 0xffffffedecfc4000
core   0: 0x0000000080005332 (0x27cd8d93) addi    s11, s11, 636
core   0: 1 0x0000000080005332 (0x27cd8d93) x27 0xffffffedecfc427c
core   0: 0x0000000080005336 (0x01c59a9b) slliw   s5, a1, 28
core   0: 1 0x0000000080005336 (0x01c59a9b) x21 0x0000000030000000
core   0: 0x000000008000533a (0xd02df053) fcvt.s.l ft0, s11
core   0: 1 0x000000008000533a (0xd02df053) c1_fflags 0x0000000000000011 f0  0xffffffffd190981e
core   0: 0x000000008000533e (0xd239fa53) fcvt.d.lu fs4, s3
core   0: 1 0x000000008000533e (0xd239fa53) c1_fflags 0x0000000000000011 f20 0x43f0000000000000
core   0: 0x0000000080005342 (0xd2188e53) fcvt.d.wu ft8, a7
core   0: 1 0x0000000080005342 (0xd2188e53) f28 0x41efffffffe00000
core   0: 0x0000000080005346 (0x0358583b) divuw   a6, a6, s5
core   0: 1 0x0000000080005346 (0x0358583b) x16 0x0000000000000000
core   0: 0x000000008000534a (0x026077b3) remu    a5, zero, t1
core   0: 1 0x000000008000534a (0x026077b3) x15 0x0000000000000000
core   0: 0x000000008000534e (0xffae3bb7) lui     s7, 0xffae3
core   0: 1 0x000000008000534e (0xffae3bb7) x23 0xffffffffffae3000
core   0: 0x0000000080005352 (0x681b8b9b) addiw   s7, s7, 1665
core   0: 1 0x0000000080005352 (0x681b8b9b) x23 0xffffffffffae3681
core   0: 0x0000000080005356 (0x00000bb6) c.slli  s7, 13
core   0: 1 0x0000000080005356 (0x0bb6) x23 0xfffffff5c6d02000
core   0: 0x0000000080005358 (0x6abb8b93) addi    s7, s7, 1707
core   0: 1 0x0000000080005358 (0x6abb8b93) x23 0xfffffff5c6d026ab
core   0: 0x000000008000535c (0x0ff0000f) fence   iorw,iorw
core   0: 1 0x000000008000535c (0x0ff0000f)
core   0: 0x0000000080005360 (0xa30e0253) fle.d   tp, ft8, fa6
core   0: 1 0x0000000080005360 (0xa30e0253) x4  0x0000000000000001
core   0: 0x0000000080005364 (0x40107f53) fcvt.s.d ft10, ft0
core   0: 1 0x0000000080005364 (0x40107f53) f30 0xffffffff7fc00000
core   0: 0x0000000080005368 (0x41fe529b) sraiw   t0, t3, 31
core   0: 1 0x0000000080005368 (0x41fe529b) x5  0x0000000000000000
core   0: 0x000000008000536c (0x01ada033) slt     zero, s11, s10
core   0: 1 0x000000008000536c (0x01ada033)
core   0: 0x0000000080005370 (0x01bd1933) sll     s2, s10, s11
core   0: 1 0x0000000080005370 (0x01bd1933) x18 0x0000000000000000
core   0: 0x0000000080005374 (0x7ff28a1b) addiw   s4, t0, 2047
core   0: 1 0x0000000080005374 (0x7ff28a1b) x20 0x00000000000007ff
core   0: 0x0000000080005378 (0xc21070d3) fcvt.wu.d ra, ft0
core   0: 1 0x0000000080005378 (0xc21070d3) c1_fflags 0x0000000000000011 x1  0xffffffffffffffff
core   0: 0x000000008000537c (0x00102073) csrrs   zero, fflags, zero
core   0: 1 0x000000008000537c (0x00102073)
core   0: 0x0000000080005380 (0x414cdcb3) sra     s9, s9, s4
core   0: 1 0x0000000080005380 (0x414cdcb3) x25 0x0000000000000000
core   0: 0x0000000080005384 (0x001c9973) csrrw   s2, fflags, s9
core   0: 1 0x0000000080005384 (0x001c9973) x18 0x0000000000000011 c1_fflags 0x0000000000000000
core   0: 0x0000000080005388 (0x02869433) mulh    s0, a3, s0
core   0: 1 0x0000000080005388 (0x02869433) x8  0x0000000000000000
core   0: 0x000000008000538c (0x7ff4029b) addiw   t0, s0, 2047
core   0: 1 0x000000008000538c (0x7ff4029b) x5  0x00000000000007ff
core   0: 0x0000000080005390 (0x00000001) c.nop
core   0: 1 0x0000000080005390 (0x0001)
core   0: 0x0000000080005392 (0xd022f053) fcvt.s.l ft0, t0
core   0: 1 0x0000000080005392 (0xd022f053) f0  0xffffffff44ffe000
core   0: 0x0000000080005396 (0x00db92b3) sll     t0, s7, a3
core   0: 1 0x0000000080005396 (0x00db92b3) x5  0xfffffff5c6d026ab
core   0: 0x000000008000539a (0x5a007953) fsqrt.d fs2, ft0
core   0: 1 0x000000008000539a (0x5a007953) f18 0x7ff8000000000000
core   0: 0x000000008000539e (0x00d8a8b3) slt     a7, a7, a3
core   0: 1 0x000000008000539e (0x00d8a8b3) x17 0x0000000000000001
core   0: 0x00000000800053a2 (0x0175cd33) xor     s10, a1, s7
core   0: 1 0x00000000800053a2 (0x0175cd33) x26 0xfffffff5f4e51d58
core   0: 0x00000000800053a6 (0x000d1493) slli    s1, s10, 0
core   0: 1 0x00000000800053a6 (0x000d1493) x9  0xfffffff5f4e51d58
core   0: 0x00000000800053aa (0x40e20ebb) subw    t4, tp, a4
core   0: 1 0x00000000800053aa (0x40e20ebb) x29 0xffffffffffffffff
core   0: 0x00000000800053ae (0x0088989b) slliw   a7, a7, 8
core   0: 1 0x00000000800053ae (0x0088989b) x17 0x0000000000000100
core   0: 0x00000000800053b2 (0x03d4f1bb) remuw   gp, s1, t4
core   0: 1 0x00000000800053b2 (0x03d4f1bb) x3  0xfffffffff4e51d58
core   0: 0x00000000800053b6 (0x2b1818d3) fmax.d  fa7, fa6, fa7
core   0: 1 0x00000000800053b6 (0x2b1818d3) f17 0x43f0000000000000
core   0: 0x00000000800053ba (0x13de7e53) fmul.d  ft8, ft8, ft9
core   0: 1 0x00000000800053ba (0x13de7e53) f28 0x7ff8000000000000
core   0: 0x00000000800053be (0xc20e74d3) fcvt.w.d s1, ft8
core   0: 1 0x00000000800053be (0xc20e74d3) c1_fflags 0x0000000000000010 x9  0x000000007fffffff
core   0: 0x00000000800053c2 (0x7be9c413) xori    s0, s3, 1982
core   0: 1 0x00000000800053c2 (0x7be9c413) x8  0xfffffffffffff841
core   0: 0x00000000800053c6 (0x1410dc73) csrrwi  s8, sepc, 1
core   0: 1 0x00000000800053c6 (0x1410dc73) x24 0x0000000000000000 c321_sepc 0x0000000000000000
core   0: 0x00000000800053ca (0x01861e33) sll     t3, a2, s8
core   0: 1 0x00000000800053ca (0x01861e33) x28 0xffffffffe16a1000
core   0: 0x00000000800053ce (0x01135433) srl     s0, t1, a7
core   0: 1 0x00000000800053ce (0x01135433) x8  0x000000000000001d
core   0: 0x00000000800053d2 (0x23d60dd3) fsgnj.d fs11, fa2, ft9
core   0: 1 0x00000000800053d2 (0x23d60dd3) f27 0xffffffff4f000001
core   0: 0x00000000800053d6 (0x01e3559b) srliw   a1, t1, 30
core   0: 1 0x00000000800053d6 (0x01e3559b) x11 0x0000000000000000
core   0: 0x00000000800053da (0xfff44393) not     t2, s0
core   0: 1 0x00000000800053da (0xfff44393) x7  0xffffffffffffffe2
core   0: 0x00000000800053de (0x005c4833) xor     a6, s8, t0
core   0: 1 0x00000000800053de (0x005c4833) x16 0xfffffff5c6d026ab
core   0: 0x00000000800053e2 (0x03d457bb) divuw   a5, s0, t4
core   0: 1 0x00000000800053e2 (0x03d457bb) x15 0x0000000000000000
core   0: 0x00000000800053e6 (0xd20782d3) fcvt.d.w ft5, a5
core   0: 1 0x00000000800053e6 (0xd20782d3) f5  0x0000000000000000
core   0: 0x00000000800053ea (0x00750c33) add     s8, a0, t2
core   0: 1 0x00000000800053ea (0x00750c33) x24 0xffffffffffffffe2
core   0: 0x00000000800053ee (0x417a5233) sra     tp, s4, s7
core   0: 1 0x00000000800053ee (0x417a5233) x4  0x0000000000000000
core   0: 0x00000000800053f2 (0xd035f8d3) fcvt.s.lu fa7, a1
core   0: 1 0x00000000800053f2 (0xd035f8d3) f17 0xffffffff00000000
core   0: 0x00000000800053f6 (0x017a09b3) add     s3, s4, s7
core   0: 1 0x00000000800053f6 (0x017a09b3) x19 0xfffffff5c6d02eaa
core   0: 0x00000000800053fa (0xc210fad3) fcvt.wu.d s5, ft1
core   0: 1 0x00000000800053fa (0xc210fad3) c1_fflags 0x0000000000000010 x21 0xffffffffffffffff
core   0: 0x00000000800053fe (0x012b04bb) addw    s1, s6, s2
core   0: 1 0x00000000800053fe (0x012b04bb) x9  0x0000000000000011
core   0: 0x0000000080005402 (0x01cd3cb3) sltu    s9, s10, t3
core   0: 1 0x0000000080005402 (0x01cd3cb3) x25 0x0000000000000001
core   0: 0x0000000080005406 (0x14fbc593) xori    a1, s7, 335
core   0: 1 0x0000000080005406 (0x14fbc593) x11 0xfffffff5c6d027e4
core   0: 0x000000008000540a (0x4061d893) srai    a7, gp, 6
core   0: 1 0x000000008000540a (0x4061d893) x17 0xffffffffffd39475
core   0: 0x000000008000540e (0x420781d3) fcvt.d.s ft3, fa5
core   0: 1 0x000000008000540e (0x420781d3) f3  0x7ff8000000000000
core   0: 0x0000000080005412 (0xd2028d53) fcvt.d.w fs10, t0
core   0: 1 0x0000000080005412 (0xd2028d53) f26 0xc1cc97ecaa800000
core   0: 0x0000000080005416 (0x416b0bbb) subw    s7, s6, s6
core   0: 1 0x0000000080005416 (0x416b0bbb) x23 0x0000000000000000
core   0: 0x000000008000541a (0x017e8c3b) addw    s8, t4, s7
core   0: 1 0x000000008000541a (0x017e8c3b) x24 0xffffffffffffffff
core   0: 0x000000008000541e (0x00000001) c.nop
core   0: 1 0x000000008000541e (0x0001)
core   0: 0x0000000080005420 (0x00182d33) slt     s10, a6, ra
core   0: 1 0x0000000080005420 (0x00182d33) x26 0x0000000000000001
core   0: 0x0000000080005424 (0x00179373) csrrw   t1, fflags, a5
core   0: 1 0x0000000080005424 (0x00179373) x6  0x0000000000000010 c1_fflags 0x0000000000000000
core   0: 0x0000000080005428 (0xa0534713) xori    a4, t1, -1531
core   0: 1 0x0000000080005428 (0xa0534713) x14 0xfffffffffffffa15
core   0: 0x000000008000542c (0x5a027ad3) fsqrt.d fs5, ft4
core   0: 1 0x000000008000542c (0x5a027ad3) c1_fflags 0x0000000000000010 f21 0x7ff8000000000000
core   0: 0x0000000080005430 (0x41fed19b) sraiw   gp, t4, 31
core   0: 1 0x0000000080005430 (0x41fed19b) x3  0xffffffffffffffff
core   0: 0x0000000080005434 (0x035b5913) srli    s2, s6, 53
core   0: 1 0x0000000080005434 (0x035b5913) x18 0x0000000000000000
core   0: 0x0000000080005438 (0x0b46fa53) fsub.d  fs4, fa3, fs4
core   0: 1 0x0000000080005438 (0x0b46fa53) c1_fflags 0x0000000000000011 f20 0xc3f0000000000000
core   0: 0x000000008000543c (0x80040a9b) addiw   s5, s0, -2048
core   0: 1 0x000000008000543c (0x80040a9b) x21 0xfffffffffffff81d
core   0: 0x0000000080005440 (0x00202073) csrrs   zero, frm, zero
core   0: 1 0x0000000080005440 (0x00202073)
core   0: 0x0000000080005444 (0x5a0ff353) fsqrt.d ft6, ft11
core   0: 1 0x0000000080005444 (0x5a0ff353) c1_fflags 0x0000000000000011 f6  0x403d4aa8b979af2f
core   0: 0x0000000080005448 (0xc37bfbc3) fmadd.d fs7, fs7, fs7, fs8
core   0: 1 0x0000000080005448 (0xc37bfbc3) f23 0x7ff8000000000000
core   0: 0x000000008000544c (0x0398e733) rem     a4, a7, s9
core   0: 1 0x000000008000544c (0x0398e733) x14 0x0000000000000000
core   0: 0x0000000080005450 (0x403186bb) subw    a3, gp, gp
core   0: 1 0x0000000080005450 (0x403186bb) x13 0x0000000000000000
core   0: 0x0000000080005454 (0x53246413) ori     s0, s0, 1330
core   0: 1 0x0000000080005454 (0x53246413) x8  0x000000000000053f
core   0: 0x0000000080005458 (0x41de87bb) subw    a5, t4, t4
core   0: 1 0x0000000080005458 (0x41de87bb) x15 0x0000000000000000
core   0: 0x000000008000545c (0xc2327453) fcvt.lu.d s0, ft4
core   0: 1 0x000000008000545c (0xc2327453) c1_fflags 0x0000000000000011 x8  0x0000000000000000
core   0: 0x0000000080005460 (0x0298c0bb) divw    ra, a7, s1
core   0: 1 0x0000000080005460 (0x0298c0bb) x1  0xfffffffffffd6316
core   0: 0x0000000080005464 (0x00161ef3) csrrw   t4, fflags, a2
core   0: 1 0x0000000080005464 (0x00161ef3) x29 0x0000000000000011 c1_fflags 0x0000000000000000
core   0: 0x0000000080005468 (0x13bafad3) fmul.d  fs5, fs5, fs11
core   0: 1 0x0000000080005468 (0x13bafad3) f21 0x7ff8000000000000
core   0: 0x000000008000546c (0x41d40e33) sub     t3, s0, t4
core   0: 1 0x000000008000546c (0x41d40e33) x28 0xffffffffffffffef
core   0: 0x0000000080005470 (0x00106c93) ori     s9, zero, 1
core   0: 1 0x0000000080005470 (0x00106c93) x25 0x0000000000000001
core   0: 0x0000000080005474 (0x0358b5b3) mulhu   a1, a7, s5
core   0: 1 0x0000000080005474 (0x0358b5b3) x11 0xffffffffffd38c92
core   0: 0x0000000080005478 (0xc024f853) fcvt.l.s a6, fs1
core   0: 1 0x0000000080005478 (0xc024f853) c1_fflags 0x0000000000000010 x16 0x7fffffffffffffff
core   0: 0x000000008000547c (0x1cc86413) ori     s0, a6, 460
core   0: 1 0x000000008000547c (0x1cc86413) x8  0x7fffffffffffffff
core   0: 0x0000000080005480 (0x0ae27bd3) fsub.d  fs7, ft4, fa4
core   0: 1 0x0000000080005480 (0x0ae27bd3) f23 0xc1dfffeb94800000
core   0: 0x0000000080005484 (0x0308073b) mulw    a4, a6, a6
core   0: 1 0x0000000080005484 (0x0308073b) x14 0x0000000000000001
core   0: 0x0000000080005488 (0xd03073d3) fcvt.s.lu ft7, zero
core   0: 1 0x0000000080005488 (0xd03073d3) f7  0xffffffff00000000
core   0: 0x000000008000548c (0x0348a8b3) mulhsu  a7, a7, s4
core   0: 1 0x000000008000548c (0x0348a8b3) x17 0xffffffffffffffff
core   0: 0x0000000080005490 (0xc02efbd3) fcvt.l.s s7, ft9
core   0: 1 0x0000000080005490 (0xc02efbd3) c1_fflags 0x0000000000000010 x23 0x7fffffffffffffff
core   0: 0x0000000080005494 (0x40625733) sra     a4, tp, t1
core   0: 1 0x0000000080005494 (0x40625733) x14 0x0000000000000000
core   0: 0x0000000080005498 (0x2a480e53) fmin.d  ft8, fa6, ft4
core   0: 1 0x0000000080005498 (0x2a480e53) f28 0xc1dfffeb94800000
core   0: 0x000000008000549c (0x2a5a8553) fmin.d  fa0, fs5, ft5
core   0: 1 0x000000008000549c (0x2a5a8553) f10 0x0000000000000000
core   0: 0x00000000800054a0 (0x01a4163b) sllw    a2, s0, s10
core   0: 1 0x00000000800054a0 (0x01a4163b) x12 0xfffffffffffffffe
core   0: 0x00000000800054a4 (0x229524d3) fsgnjx.d fs1, fa0, fs1
core   0: 1 0x00000000800054a4 (0x229524d3) f9  0x8000000000000000
core   0: 0x00000000800054a8 (0xa2b487d3) fle.d   a5, fs1, fa1
core   0: 1 0x00000000800054a8 (0xa2b487d3) x15 0x0000000000000001
core   0: 0x00000000800054ac (0x21b5c893) xori    a7, a1, 539
core   0: 1 0x00000000800054ac (0x21b5c893) x17 0xffffffffffd38e89
core   0: 0x00000000800054b0 (0x5a03f3d3) fsqrt.d ft7, ft7
core   0: 1 0x00000000800054b0 (0x5a03f3d3) f7  0x7ff8000000000000
core   0: 0x00000000800054b4 (0x00889d9b) slliw   s11, a7, 8
core   0: 1 0x00000000800054b4 (0x00889d9b) x27 0xffffffffd38e8900
core   0: 0x00000000800054b8 (0x02a3f43b) remuw   s0, t2, a0
core   0: 1 0x00000000800054b8 (0x02a3f43b) x8  0xffffffffffffffe2
core   0: 0x00000000800054bc (0x412e58bb) sraw    a7, t3, s2
core   0: 1 0x00000000800054bc (0x412e58bb) x17 0xffffffffffffffef
core   0: 0x00000000800054c0 (0x001ded93) ori     s11, s11, 1
core   0: 1 0x00000000800054c0 (0x001ded93) x27 0xffffffffd38e8901
core   0: 0x00000000800054c4 (0x00c7c233) xor     tp, a5, a2
core   0: 1 0x00000000800054c4 (0x00c7c233) x4  0xffffffffffffffff
core   0: 0x00000000800054c8 (0x00625a3b) srlw    s4, tp, t1
core   0: 1 0x00000000800054c8 (0x00625a3b) x20 0x000000000000ffff
core   0: 0x00000000800054cc (0x0153803b) addw    zero, t2, s5
core   0: 1 0x00000000800054cc (0x0153803b)
core   0: 0x00000000800054d0 (0x0246723b) remuw   tp, a2, tp
core   0: 1 0x00000000800054d0 (0x0246723b) x4  0xfffffffffffffffe
core   0: 0x00000000800054d4 (0x2bdf8853) fmin.d  fa6, ft11, ft9
core   0: 1 0x00000000800054d4 (0x2bdf8853) f16 0x408ad00000000000
core   0: 0x00000000800054d8 (0xb8236cf3) csrrsi  s9, minstreth, 6
core   0: exception trap_illegal_instruction, epc 0x00000000800054d8
core   0:           tval 0x00000000b8236cf3
core   0: >>>>  $xrv64i2p1_m2p0_a2p1_f2p2_d2p2_zicsr2p0_zifencei2p0_zmmul1p0_zba1p0_zbb1p0_zbc1p0_zbs1p0
core   0: 0x0000000080004000 (0x0080006f) j       pc + 0x8
core   0: 3 0x0000000080004000 (0x0080006f)
core   0: >>>>  mmode_exception_handler
core   0: 0x0000000080004008 (0x00002c17) auipc   s8, 0x2
core   0: 3 0x0000000080004008 (0x00002c17) x24 0x0000000080006008
core   0: 0x000000008000400c (0x090c0c13) addi    s8, s8, 144
core   0: 3 0x000000008000400c (0x090c0c13) x24 0x0000000080006098
core   0: 0x0000000080004010 (0x000c00e7) jalr    s8
core   0: 3 0x0000000080004010 (0x000c00e7) x1  0x0000000080004014
core   0: >>>>  any_handler
core   0: 0x0000000080006098 (0x341027f3) csrrs   a5, mepc, zero
core   0: 3 0x0000000080006098 (0x341027f3) x15 0x00000000800054d8
core   0: 0x000000008000609c (0x34202773) csrrs   a4, mcause, zero
core   0: 3 0x000000008000609c (0x34202773) x14 0x0000000000000002
core   0: 0x00000000800060a0 (0x142026f3) csrrs   a3, scause, zero
core   0: 3 0x00000000800060a0 (0x142026f3) x13 0x0000000000000000
core   0: 0x00000000800060a4 (0x30402673) csrrs   a2, mie, zero
core   0: 3 0x00000000800060a4 (0x30402673) x12 0x0000000000000a00
core   0: 0x00000000800060a8 (0x344025f3) csrrs   a1, mip, zero
core   0: 3 0x00000000800060a8 (0x344025f3) x11 0x0000000000000080
core   0: 0x00000000800060ac (0x343025f3) csrrs   a1, mtval, zero
core   0: 3 0x00000000800060ac (0x343025f3) x11 0x00000000b8236cf3
core   0: 0x00000000800060b0 (0x14302573) csrrs   a0, stval, zero
core   0: 3 0x00000000800060b0 (0x14302573) x10 0x0000000000000009
core   0: 0x00000000800060b4 (0xb02024f3) csrrs   s1, minstret, zero
core   0: 3 0x00000000800060b4 (0xb02024f3) x9  0x0000000000000ea6
core   0: 0x00000000800060b8 (0x0000a811) c.j     pc + 20
core   0: 3 0x00000000800060b8 (0xa811)
core   0: >>>>  mepc_4
core   0: 0x00000000800060cc (0x00000791) c.addi  a5, 4
core   0: 3 0x00000000800060cc (0x0791) x15 0x00000000800054dc
core   0: 0x00000000800060ce (0x34179073) csrrw   zero, mepc, a5
core   0: 3 0x00000000800060ce (0x34179073) c833_mepc 0x00000000800054dc
core   0: 0x00000000800060d2 (0x30200073) mret
core   0: 3 0x00000000800060d2 (0x30200073) c768_mstatus 0x8000000a001c60a0
core   0: 0x00000000800054dc (0x42175813) srai    a6, a4, 33
core   0: 1 0x00000000800054dc (0x42175813) x16 0x0000000000000000
core   0: 0x00000000800054e0 (0x228a84d3) fsgnj.d fs1, fs5, fs0
core   0: 1 0x00000000800054e0 (0x228a84d3) f9  0x7ff8000000000000
core   0: 0x00000000800054e4 (0x0052d7b3) srl     a5, t0, t0
core   0: 1 0x00000000800054e4 (0x0052d7b3) x15 0x00000000001fffff
core   0: 0x00000000800054e8 (0x03301013) slli    zero, zero, 51
core   0: 1 0x00000000800054e8 (0x03301013)
core   0: 0x00000000800054ec (0x039d8cb3) mul     s9, s11, s9
core   0: 1 0x00000000800054ec (0x039d8cb3) x25 0xffffffffd38e8901
core   0: 0x00000000800054f0 (0x2a6a1e53) fmax.d  ft8, fs4, ft6
core   0: 1 0x00000000800054f0 (0x2a6a1e53) f28 0x403d4aa8b979af2f
core   0: 0x00000000800054f4 (0x005284b3) add     s1, t0, t0
core   0: 1 0x00000000800054f4 (0x005284b3) x9  0xffffffeb8da04d56
core   0: 0x00000000800054f8 (0xa3de0053) fle.d   zero, ft8, ft9
core   0: 1 0x00000000800054f8 (0xa3de0053) c1_fflags 0x0000000000000010
core   0: 0x00000000800054fc (0x005cdc1b) srliw   s8, s9, 5
core   0: 1 0x00000000800054fc (0x005cdc1b) x24 0x00000000069c7448
core   0: 0x0000000080005500 (0xd22c7ad3) fcvt.d.l fs5, s8
core   0: 1 0x0000000080005500 (0xd22c7ad3) f21 0x419a71d120000000
core   0: 0x0000000080005504 (0x43187b4b) fnmsub.d fs6, fa6, fa7, fs0
core   0: 1 0x0000000080005504 (0x43187b4b) f22 0x7ff8000000000000
core   0: 0x0000000080005508 (0xa34b76cb) fnmsub.d fa3, fs6, fs4, fs4
core   0: 1 0x0000000080005508 (0xa34b76cb) f13 0x7ff8000000000000
core   0: 0x000000008000550c (0x01619893) slli    a7, gp, 22
core   0: 1 0x000000008000550c (0x01619893) x17 0xffffffffffc00000
core   0: 0x0000000080005510 (0x0118c2b3) xor     t0, a7, a7
core   0: 1 0x0000000080005510 (0x0118c2b3) x5  0x0000000000000000
core   0: 0x0000000080005514 (0x021a9eb3) mulh    t4, s5, ra
core   0: 1 0x0000000080005514 (0x021a9eb3) x29 0xffffffffffffffff
core   0: 0x0000000080005518 (0x419adab3) sra     s5, s5, s9
core   0: 1 0x0000000080005518 (0x419adab3) x21 0xfffffffffffffc0e
core   0: 0x000000008000551c (0x00a24a33) xor     s4, tp, a0
core   0: 1 0x000000008000551c (0x00a24a33) x20 0xfffffffffffffff7
core   0: 0x0000000080005520 (0x00000001) c.nop
core   0: 1 0x0000000080005520 (0x0001)
core   0: 0x0000000080005522 (0x002c5c33) srl     s8, s8, sp
core   0: 1 0x0000000080005522 (0x002c5c33) x24 0x00000000034e3a24
core   0: 0x0000000080005526 (0x02d8eabb) remw    s5, a7, a3
core   0: 1 0x0000000080005526 (0x02d8eabb) x21 0xffffffffffc00000
core   0: 0x000000008000552a (0xa2390c53) fle.d   s8, fs2, ft3
core   0: 1 0x000000008000552a (0xa2390c53) c1_fflags 0x0000000000000010 x24 0x0000000000000000
core   0: 0x000000008000552e (0x00000001) c.nop
core   0: 1 0x000000008000552e (0x0001)
core   0: 0x0000000080005530 (0x1bcff653) fdiv.d  fa2, ft11, ft8
core   0: 1 0x0000000080005530 (0x1bcff653) c1_fflags 0x0000000000000011 f12 0x403d4aa8b979af2f
core   0: 0x0000000080005534 (0xb396f5cb) fnmsub.d fa1, fa3, fs9, fs6
core   0: 1 0x0000000080005534 (0xb396f5cb) f11 0x7ff8000000000000
core   0: 0x0000000080005538 (0xd0237553) fcvt.s.l fa0, t1
core   0: 1 0x0000000080005538 (0xd0237553) f10 0xffffffff41800000
core   0: 0x000000008000553c (0x1b7c7853) fdiv.d  fa6, fs8, fs7
core   0: 1 0x000000008000553c (0x1b7c7853) f16 0x7ff8000000000000
core   0: 0x0000000080005540 (0x80024813) xori    a6, tp, -2048
core   0: 1 0x0000000080005540 (0x80024813) x16 0x00000000000007fe
core   0: 0x0000000080005544 (0xd02a7bd3) fcvt.s.l fs7, s4
core   0: 1 0x0000000080005544 (0xd02a7bd3) f23 0xffffffffc1100000
core   0: 0x0000000080005548 (0x001022f3) csrrs   t0, fflags, zero
core   0: 1 0x0000000080005548 (0x001022f3) x5  0x0000000000000011
core   0: 0x000000008000554c (0x42000153) fcvt.d.s ft2, ft0
core   0: 1 0x000000008000554c (0x42000153) f2  0x409ffc0000000000
core   0: 0x0000000080005550 (0x0139c9b3) xor     s3, s3, s3
core   0: 1 0x0000000080005550 (0x0139c9b3) x19 0x0000000000000000
core   0: 0x0000000080005554 (0x417c8433) sub     s0, s9, s7
core   0: 1 0x0000000080005554 (0x417c8433) x8  0x7fffffffd38e8902
core   0: 0x0000000080005558 (0x41245a3b) sraw    s4, s0, s2
core   0: 1 0x0000000080005558 (0x41245a3b) x20 0xffffffffd38e8902
core   0: 0x000000008000555c (0x40fa5b9b) sraiw   s7, s4, 15
core   0: 1 0x000000008000555c (0x40fa5b9b) x23 0xffffffffffffa71d
core   0: 0x0000000080005560 (0x01ca139b) slliw   t2, s4, 28
core   0: 1 0x0000000080005560 (0x01ca139b) x7  0x0000000020000000
core   0: 0x0000000080005564 (0x22008dd3) fsgnj.d fs11, ft1, ft0
core   0: 1 0x0000000080005564 (0x22008dd3) f27 0xfff8000000000000
core   0: 0x0000000080005568 (0x037cc7bb) divw    a5, s9, s7
core   0: 1 0x0000000080005568 (0x037cc7bb) x15 0x0000000000007fff
core   0: 0x000000008000556c (0x00089613) slli    a2, a7, 0
core   0: 1 0x000000008000556c (0x00089613) x12 0xffffffffffc00000
core   0: 0x0000000080005570 (0x0046d0b3) srl     ra, a3, tp
core   0: 1 0x0000000080005570 (0x0046d0b3) x1  0x0000000000000000
core   0: 0x0000000080005574 (0x42068ed3) fcvt.d.s ft9, fa3
core   0: 1 0x0000000080005574 (0x42068ed3) f29 0x7ff8000000000000
core   0: 0x0000000080005578 (0x01e09e1b) slliw   t3, ra, 30
core   0: 1 0x0000000080005578 (0x01e09e1b) x28 0x0000000000000000
core   0: 0x000000008000557c (0x00000001) c.nop
core   0: 1 0x000000008000557c (0x0001)
core   0: 0x000000008000557e (0x02d1dabb) divuw   s5, gp, a3
core   0: 1 0x000000008000557e (0x02d1dabb) x21 0xffffffffffffffff
core   0: 0x0000000080005582 (0x221f1e53) fsgnjn.d ft8, ft10, ft1
core   0: 1 0x0000000080005582 (0x221f1e53) f28 0xffffffff7fc00000
core   0: 0x0000000080005586 (0x417cdc1b) sraiw   s8, s9, 23
core   0: 1 0x0000000080005586 (0x417cdc1b) x24 0xffffffffffffffa7
core   0: 0x000000008000558a (0x02276b3b) remw    s6, a4, sp
core   0: 1 0x000000008000558a (0x02276b3b) x22 0x0000000000000000
core   0: 0x000000008000558e (0x0a0df053) fsub.d  ft0, fs11, ft0
core   0: 1 0x000000008000558e (0x0a0df053) f0  0x7ff8000000000000
core   0: 0x0000000080005592 (0x02c797b3) mulh    a5, a5, a2
core   0: 1 0x0000000080005592 (0x02c797b3) x15 0xffffffffffffffff
core   0: 0x0000000080005596 (0x00026993) ori     s3, tp, 0
core   0: 1 0x0000000080005596 (0x00026993) x19 0xfffffffffffffffe
core   0: 0x000000008000559a (0xd0267fd3) fcvt.s.l ft11, a2
core   0: 1 0x000000008000559a (0xd0267fd3) f31 0xffffffffca800000
core   0: 0x000000008000559e (0xfc19f037) lui     zero, 0xfc19f
core   0: 1 0x000000008000559e (0xfc19f037)
core   0: 0x00000000800055a2 (0x6830001b) addiw   zero, zero, 1667
core   0: 1 0x00000000800055a2 (0x6830001b)
core   0: 0x00000000800055a6 (0x00c01013) slli    zero, zero, 12
core   0: 1 0x00000000800055a6 (0x00c01013)
core   0: 0x00000000800055aa (0x4ee00013) li      zero, 1262
core   0: 1 0x00000000800055aa (0x4ee00013)
core   0: 0x00000000800055ae (0x03f75293) srli    t0, a4, 63
core   0: 1 0x00000000800055ae (0x03f75293) x5  0x0000000000000000
core   0: 0x00000000800055b2 (0x0003051b) sext.w  a0, t1
core   0: 1 0x00000000800055b2 (0x0003051b) x10 0x0000000000000010
core   0: 0x00000000800055b6 (0x40675a33) sra     s4, a4, t1
core   0: 1 0x00000000800055b6 (0x40675a33) x20 0x0000000000000000
core   0: 0x00000000800055ba (0x019e5e3b) srlw    t3, t3, s9
core   0: 1 0x00000000800055ba (0x019e5e3b) x28 0x0000000000000000
core   0: 0x00000000800055be (0xd2277053) fcvt.d.l ft0, a4
core   0: 1 0x00000000800055be (0xd2277053) f0  0x4000000000000000
core   0: 0x00000000800055c2 (0xd02b7253) fcvt.s.l ft4, s6
core   0: 1 0x00000000800055c2 (0xd02b7253) f4  0xffffffff00000000
core   0: 0x00000000800055c6 (0x01ba2a33) slt     s4, s4, s11
core   0: 1 0x00000000800055c6 (0x01ba2a33) x20 0x0000000000000000
core   0: 0x00000000800055ca (0x5a08f8d3) fsqrt.d fa7, fa7
core   0: 1 0x00000000800055ca (0x5a08f8d3) f17 0x7ff8000000000000
core   0: 0x00000000800055ce (0x67567237) lui     tp, 0x67567
core   0: 1 0x00000000800055ce (0x67567237) x4  0x0000000067567000
core   0: 0x00000000800055d2 (0x00f785b3) add     a1, a5, a5
core   0: 1 0x00000000800055d2 (0x00f785b3) x11 0xfffffffffffffffe
core   0: 0x00000000800055d6 (0x000b6013) prefetch.i 0(s6)
core   0: 1 0x00000000800055d6 (0x000b6013)
core   0: 0x00000000800055da (0x030ae43b) remw    s0, s5, a6
core   0: 1 0x00000000800055da (0x030ae43b) x8  0xffffffffffffffff
core   0: 0x00000000800055de (0x404c55bb) sraw    a1, s8, tp
core   0: 1 0x00000000800055de (0x404c55bb) x11 0xffffffffffffffa7
core   0: 0x00000000800055e2 (0x01ce7533) and     a0, t3, t3
core   0: 1 0x00000000800055e2 (0x01ce7533) x10 0x0000000000000000
core   0: 0x00000000800055e6 (0x02db0bbb) mulw    s7, s6, a3
core   0: 1 0x00000000800055e6 (0x02db0bbb) x23 0x0000000000000000
core   0: 0x00000000800055ea (0x42060e53) fcvt.d.s ft8, fa2
core   0: 1 0x00000000800055ea (0x42060e53) f28 0x7ff8000000000000
core   0: 0x00000000800055ee (0x83f20113) addi    sp, tp, -1985
core   0: 1 0x00000000800055ee (0x83f20113) x2  0x000000006756683f
core   0: 0x00000000800055f2 (0x025af2b3) remu    t0, s5, t0
core   0: 1 0x00000000800055f2 (0x025af2b3) x5  0xffffffffffffffff
core   0: 0x00000000800055f6 (0xd3c679c3) fmadd.d fs3, fa2, ft8, fs10
core   0: 1 0x00000000800055f6 (0xd3c679c3) f19 0x7ff8000000000000
core   0: 0x00000000800055fa (0x34279c73) csrrw   s8, mcause, a5
core   0: exception trap_illegal_instruction, epc 0x00000000800055fa
core   0:           tval 0x0000000034279c73
core   0: >>>>  $xrv64i2p1_m2p0_a2p1_f2p2_d2p2_zicsr2p0_zifencei2p0_zmmul1p0_zba1p0_zbb1p0_zbc1p0_zbs1p0
core   0: 0x0000000080004000 (0x0080006f) j       pc + 0x8
core   0: 3 0x0000000080004000 (0x0080006f)
core   0: >>>>  mmode_exception_handler
core   0: 0x0000000080004008 (0x00002c17) auipc   s8, 0x2
core   0: 3 0x0000000080004008 (0x00002c17) x24 0x0000000080006008
core   0: 0x000000008000400c (0x090c0c13) addi    s8, s8, 144
core   0: 3 0x000000008000400c (0x090c0c13) x24 0x0000000080006098
core   0: 0x0000000080004010 (0x000c00e7) jalr    s8
core   0: 3 0x0000000080004010 (0x000c00e7) x1  0x0000000080004014
core   0: >>>>  any_handler
core   0: 0x0000000080006098 (0x341027f3) csrrs   a5, mepc, zero
core   0: 3 0x0000000080006098 (0x341027f3) x15 0x00000000800055fa
core   0: 0x000000008000609c (0x34202773) csrrs   a4, mcause, zero
core   0: 3 0x000000008000609c (0x34202773) x14 0x0000000000000002
core   0: 0x00000000800060a0 (0x142026f3) csrrs   a3, scause, zero
core   0: 3 0x00000000800060a0 (0x142026f3) x13 0x0000000000000000
core   0: 0x00000000800060a4 (0x30402673) csrrs   a2, mie, zero
core   0: 3 0x00000000800060a4 (0x30402673) x12 0x0000000000000a00
core   0: 0x00000000800060a8 (0x344025f3) csrrs   a1, mip, zero
core   0: 3 0x00000000800060a8 (0x344025f3) x11 0x0000000000000080
core   0: 0x00000000800060ac (0x343025f3) csrrs   a1, mtval, zero
core   0: 3 0x00000000800060ac (0x343025f3) x11 0x0000000034279c73
core   0: 0x00000000800060b0 (0x14302573) csrrs   a0, stval, zero
core   0: 3 0x00000000800060b0 (0x14302573) x10 0x0000000000000009
core   0: 0x00000000800060b4 (0xb02024f3) csrrs   s1, minstret, zero
core   0: 3 0x00000000800060b4 (0xb02024f3) x9  0x0000000000000eff
core   0: 0x00000000800060b8 (0x0000a811) c.j     pc + 20
core   0: 3 0x00000000800060b8 (0xa811)
core   0: >>>>  mepc_4
core   0: 0x00000000800060cc (0x00000791) c.addi  a5, 4
core   0: 3 0x00000000800060cc (0x0791) x15 0x00000000800055fe
core   0: 0x00000000800060ce (0x34179073) csrrw   zero, mepc, a5
core   0: 3 0x00000000800060ce (0x34179073) c833_mepc 0x00000000800055fe
core   0: 0x00000000800060d2 (0x30200073) mret
core   0: 3 0x00000000800060d2 (0x30200073) c768_mstatus 0x8000000a001c60a0
core   0: 0x00000000800055fe (0x420082d3) fcvt.d.s ft5, ft1
core   0: 1 0x00000000800055fe (0x420082d3) f5  0x7ff8000000000000
core   0: 0x0000000080005602 (0x01b78b33) add     s6, a5, s11
core   0: 1 0x0000000080005602 (0x01b78b33) x22 0x00000000538edeff
core   0: 0x0000000080005606 (0xdf2e2837) lui     a6, 0xdf2e2
core   0: 1 0x0000000080005606 (0xdf2e2837) x16 0xffffffffdf2e2000
core   0: 0x000000008000560a (0x40f551bb) sraw    gp, a0, a5
core   0: 1 0x000000008000560a (0x40f551bb) x3  0x0000000000000000
core   0: 0x000000008000560e (0x02124233) div     tp, tp, ra
core   0: 1 0x000000008000560e (0x02124233) x4  0x0000000000000000
core   0: 0x0000000080005612 (0x25465eb7) lui     t4, 0x25465
core   0: 1 0x0000000080005612 (0x25465eb7) x29 0x0000000025465000
core   0: 0x0000000080005616 (0x97443617) auipc   a2, 0x97443
core   0: 1 0x0000000080005616 (0x97443617) x12 0x0000000017448616
core   0: 0x000000008000561a (0x420d0953) fcvt.d.s fs2, fs10
core   0: 1 0x000000008000561a (0x420d0953) f18 0x7ff8000000000000
core   0: 0x000000008000561e (0x41f3529b) sraiw   t0, t1, 31
core   0: 1 0x000000008000561e (0x41f3529b) x5  0x0000000000000000
core   0: 0x0000000080005622 (0xd035f153) fcvt.s.lu ft2, a1
core   0: 1 0x0000000080005622 (0xd035f153) c1_fflags 0x0000000000000011 f2  0xffffffff4e509e72
core   0: 0x0000000080005626 (0xd03a79d3) fcvt.s.lu fs3, s4
core   0: 1 0x0000000080005626 (0xd03a79d3) f19 0xffffffff00000000
core   0: 0x000000008000562a (0x42098253) fcvt.d.s ft4, fs3
core   0: 1 0x000000008000562a (0x42098253) f4  0x0000000000000000
core   0: 0x000000008000562e (0xbb9d71c7) fmsub.d ft3, fs10, fs9, fs7
core   0: 1 0x000000008000562e (0xbb9d71c7) f3  0x7ff8000000000000
core   0: 0x0000000080005632 (0x41b15613) srai    a2, sp, 27
core   0: 1 0x0000000080005632 (0x41b15613) x12 0x000000000000000c
core   0: 0x0000000080005636 (0x00000001) c.nop
core   0: 1 0x0000000080005636 (0x0001)
core   0: 0x0000000080005638 (0xc030f7f3) csrrci  a5, hpmcounter3, 1
core   0: exception trap_illegal_instruction, epc 0x0000000080005638
core   0:           tval 0x00000000c030f7f3
core   0: >>>>  $xrv64i2p1_m2p0_a2p1_f2p2_d2p2_zicsr2p0_zifencei2p0_zmmul1p0_zba1p0_zbb1p0_zbc1p0_zbs1p0
core   0: 0x0000000080004000 (0x0080006f) j       pc + 0x8
core   0: 3 0x0000000080004000 (0x0080006f)
core   0: >>>>  mmode_exception_handler
core   0: 0x0000000080004008 (0x00002c17) auipc   s8, 0x2
core   0: 3 0x0000000080004008 (0x00002c17) x24 0x0000000080006008
core   0: 0x000000008000400c (0x090c0c13) addi    s8, s8, 144
core   0: 3 0x000000008000400c (0x090c0c13) x24 0x0000000080006098
core   0: 0x0000000080004010 (0x000c00e7) jalr    s8
core   0: 3 0x0000000080004010 (0x000c00e7) x1  0x0000000080004014
core   0: >>>>  any_handler
core   0: 0x0000000080006098 (0x341027f3) csrrs   a5, mepc, zero
core   0: 3 0x0000000080006098 (0x341027f3) x15 0x0000000080005638
core   0: 0x000000008000609c (0x34202773) csrrs   a4, mcause, zero
core   0: 3 0x000000008000609c (0x34202773) x14 0x0000000000000002
core   0: 0x00000000800060a0 (0x142026f3) csrrs   a3, scause, zero
core   0: 3 0x00000000800060a0 (0x142026f3) x13 0x0000000000000000
core   0: 0x00000000800060a4 (0x30402673) csrrs   a2, mie, zero
core   0: 3 0x00000000800060a4 (0x30402673) x12 0x0000000000000a00
core   0: 0x00000000800060a8 (0x344025f3) csrrs   a1, mip, zero
core   0: 3 0x00000000800060a8 (0x344025f3) x11 0x0000000000000080
core   0: 0x00000000800060ac (0x343025f3) csrrs   a1, mtval, zero
core   0: 3 0x00000000800060ac (0x343025f3) x11 0x00000000c030f7f3
core   0: 0x00000000800060b0 (0x14302573) csrrs   a0, stval, zero
core   0: 3 0x00000000800060b0 (0x14302573) x10 0x0000000000000009
core   0: 0x00000000800060b4 (0xb02024f3) csrrs   s1, minstret, zero
core   0: 3 0x00000000800060b4 (0xb02024f3) x9  0x0000000000000f1e
core   0: 0x00000000800060b8 (0x0000a811) c.j     pc + 20
core   0: 3 0x00000000800060b8 (0xa811)
core   0: >>>>  mepc_4
core   0: 0x00000000800060cc (0x00000791) c.addi  a5, 4
core   0: 3 0x00000000800060cc (0x0791) x15 0x000000008000563c
core   0: 0x00000000800060ce (0x34179073) csrrw   zero, mepc, a5
core   0: 3 0x00000000800060ce (0x34179073) c833_mepc 0x000000008000563c
core   0: 0x00000000800060d2 (0x30200073) mret
core   0: 3 0x00000000800060d2 (0x30200073) c768_mstatus 0x8000000a001c60a0
core   0: 0x000000008000563c (0x4006d43b) sraw    s0, a3, zero
core   0: 1 0x000000008000563c (0x4006d43b) x8  0x0000000000000000
core   0: 0x0000000080005640 (0x032be2b3) rem     t0, s7, s2
core   0: 1 0x0000000080005640 (0x032be2b3) x5  0x0000000000000000
core   0: 0x0000000080005644 (0x5a07f7d3) fsqrt.d fa5, fa5
core   0: 1 0x0000000080005644 (0x5a07f7d3) f15 0x7ff8000000000000
core   0: 0x0000000080005648 (0x2379aed3) fsgnjx.d ft9, fs3, fs7
core   0: 1 0x0000000080005648 (0x2379aed3) f29 0x7fffffff00000000
core   0: 0x000000008000564c (0x015d71b3) and     gp, s10, s5
core   0: 1 0x000000008000564c (0x015d71b3) x3  0x0000000000000001
core   0: 0x0000000080005650 (0x00a2ed33) or      s10, t0, a0
core   0: 1 0x0000000080005650 (0x00a2ed33) x26 0x0000000000000009
core   0: 0x0000000080005654 (0x3f950793) addi    a5, a0, 1017
core   0: 1 0x0000000080005654 (0x3f950793) x15 0x0000000000000402
core   0: 0x0000000080005658 (0x00000001) c.nop
core   0: 1 0x0000000080005658 (0x0001)
core   0: 0x000000008000565a (0x41d05693) srai    a3, zero, 29
core   0: 1 0x000000008000565a (0x41d05693) x13 0x0000000000000000
core   0: 0x000000008000565e (0x02569233) mulh    tp, a3, t0
core   0: 1 0x000000008000565e (0x02569233) x4  0x0000000000000000
core   0: 0x0000000080005662 (0x0051d09b) srliw   ra, gp, 5
core   0: 1 0x0000000080005662 (0x0051d09b) x1  0x0000000000000000
core   0: 0x0000000080005666 (0xd23c7f53) fcvt.d.lu ft10, s8
core   0: 1 0x0000000080005666 (0xd23c7f53) f30 0x41e0000c13000000
core   0: 0x000000008000566a (0xd038fdd3) fcvt.s.lu fs11, a7
core   0: 1 0x000000008000566a (0xd038fdd3) c1_fflags 0x0000000000000011 f27 0xffffffff5f800000
core   0: 0x000000008000566e (0xf83d4eb7) lui     t4, 0xf83d4
core   0: 1 0x000000008000566e (0xf83d4eb7) x29 0xfffffffff83d4000
core   0: 0x0000000080005672 (0x69fe8e9b) addiw   t4, t4, 1695
core   0: 1 0x0000000080005672 (0x69fe8e9b) x29 0xfffffffff83d469f
core   0: 0x0000000080005676 (0x00000eb2) c.slli  t4, 12
core   0: 1 0x0000000080005676 (0x0eb2) x29 0xffffff83d469f000
core   0: 0x0000000080005678 (0xd67e8e93) addi    t4, t4, -665
core   0: 1 0x0000000080005678 (0xd67e8e93) x29 0xffffff83d469ed67
core   0: 0x000000008000567c (0x580dad37) lui     s10, 0x580da
core   0: 1 0x000000008000567c (0x580dad37) x26 0x00000000580da000
core   0: 0x0000000080005680 (0x01941c3b) sllw    s8, s0, s9
core   0: 1 0x0000000080005680 (0x01941c3b) x24 0x0000000000000000
core   0: 0x0000000080005684 (0x01b6d533) srl     a0, a3, s11
core   0: 1 0x0000000080005684 (0x01b6d533) x10 0x0000000000000000
core   0: 0x0000000080005688 (0xc2267ed3) fcvt.l.d t4, fa2
core   0: 1 0x0000000080005688 (0xc2267ed3) c1_fflags 0x0000000000000011 x29 0x000000000000001d
core   0: 0x000000008000568c (0x00222bb3) slt     s7, tp, sp
core   0: 1 0x000000008000568c (0x00222bb3) x23 0x0000000000000001
core   0: 0x0000000080005690 (0x12f6f8d3) fmul.d  fa7, fa3, fa5
core   0: 1 0x0000000080005690 (0x12f6f8d3) f17 0x7ff8000000000000
core   0: 0x0000000080005694 (0x0243de3b) divuw   t3, t2, tp
core   0: 1 0x0000000080005694 (0x0243de3b) x28 0xffffffffffffffff
core   0: 0x0000000080005698 (0x1ad8fb53) fdiv.d  fs6, fa7, fa3
core   0: 1 0x0000000080005698 (0x1ad8fb53) f22 0x7ff8000000000000
core   0: 0x000000008000569c (0x012ba9b3) slt     s3, s7, s2
core   0: 1 0x000000008000569c (0x012ba9b3) x19 0x0000000000000000
core   0: 0x00000000800056a0 (0x2a4b12d3) fmax.d  ft5, fs6, ft4
core   0: 1 0x00000000800056a0 (0x2a4b12d3) f5  0x0000000000000000
core   0: 0x00000000800056a4 (0x5a0a7dd3) fsqrt.d fs11, fs4
core   0: 1 0x00000000800056a4 (0x5a0a7dd3) c1_fflags 0x0000000000000011 f27 0x7ff8000000000000
core   0: 0x00000000800056a8 (0xe20a0253) fmv.x.d tp, fs4
core   0: 1 0x00000000800056a8 (0xe20a0253) x4  0xc3f0000000000000
core   0: 0x00000000800056ac (0x08e3081b) addiw   a6, t1, 142
core   0: 1 0x00000000800056ac (0x08e3081b) x16 0x000000000000009e
core   0: 0x00000000800056b0 (0xc03777d3) fcvt.lu.s a5, fa4
core   0: 1 0x00000000800056b0 (0xc03777d3) c1_fflags 0x0000000000000011 x15 0xffffffffffffffff
core   0: 0x00000000800056b4 (0x41465a3b) sraw    s4, a2, s4
core   0: 1 0x00000000800056b4 (0x41465a3b) x20 0x0000000000000a00
core   0: 0x00000000800056b8 (0x0ff0000f) fence   iorw,iorw
core   0: 1 0x00000000800056b8 (0x0ff0000f)
core   0: 0x00000000800056bc (0x039b0b3b) mulw    s6, s6, s9
core   0: 1 0x00000000800056bc (0x039b0b3b) x22 0xffffffffa75755ff
core   0: 0x00000000800056c0 (0x01835ab3) srl     s5, t1, s8
core   0: 1 0x00000000800056c0 (0x01835ab3) x21 0x0000000000000010
core   0: 0x00000000800056c4 (0x418ad533) sra     a0, s5, s8
core   0: 1 0x00000000800056c4 (0x418ad533) x10 0x0000000000000010
core   0: 0x00000000800056c8 (0xc3e12917) auipc   s2, 0xc3e12
core   0: 1 0x00000000800056c8 (0xc3e12917) x18 0x0000000043e176c8
core   0: 0x00000000800056cc (0x0ac7f8d3) fsub.d  fa7, fa5, fa2
core   0: 1 0x00000000800056cc (0x0ac7f8d3) f17 0x7ff8000000000000
core   0: 0x00000000800056d0 (0xfffc839b) addiw   t2, s9, -1
core   0: 1 0x00000000800056d0 (0xfffc839b) x7  0xffffffffd38e8900
core   0: 0x00000000800056d4 (0x03151e93) slli    t4, a0, 49
core   0: 1 0x00000000800056d4 (0x03151e93) x29 0x0020000000000000
core   0: 0x00000000800056d8 (0x00202d73) csrrs   s10, frm, zero
core   0: 1 0x00000000800056d8 (0x00202d73) x26 0x0000000000000004
core   0: 0x00000000800056dc (0x7ffcec13) ori     s8, s9, 2047
core   0: 1 0x00000000800056dc (0x7ffcec13) x24 0xffffffffd38e8fff
core   0: 0x00000000800056e0 (0x0230b0b3) mulhu   ra, ra, gp
core   0: 1 0x00000000800056e0 (0x0230b0b3) x1  0x0000000000000000
core   0: 0x00000000800056e4 (0x73d7f847) fmsub.d fa6, fa5, ft9, fa4
core   0: 1 0x00000000800056e4 (0x73d7f847) f16 0x7ff8000000000000
core   0: 0x00000000800056e8 (0xc238f7d3) fcvt.lu.d a5, fa7
core   0: 1 0x00000000800056e8 (0xc238f7d3) c1_fflags 0x0000000000000011 x15 0xffffffffffffffff
core   0: 0x00000000800056ec (0xdb28ff47) fmsub.d ft10, fa7, fs2, fs11
core   0: 1 0x00000000800056ec (0xdb28ff47) f30 0x7ff8000000000000
core   0: 0x00000000800056f0 (0x027c6cb3) rem     s9, s8, t2
core   0: 1 0x00000000800056f0 (0x027c6cb3) x25 0xffffffffd38e8fff
core   0: 0x00000000800056f4 (0x01dc971b) slliw   a4, s9, 29
core   0: 1 0x00000000800056f4 (0x01dc971b) x14 0xffffffffe0000000
core   0: 0x00000000800056f8 (0x01f95b1b) srliw   s6, s2, 31
core   0: 1 0x00000000800056f8 (0x01f95b1b) x22 0x0000000000000000
core   0: 0x00000000800056fc (0x6b1d78cb) fnmsub.d fa7, fs10, fa7, fa3
core   0: 1 0x00000000800056fc (0x6b1d78cb) f17 0x7ff8000000000000
core   0: 0x0000000080005700 (0xc02dfd53) fcvt.l.s s10, fs11
core   0: 1 0x0000000080005700 (0xc02dfd53) c1_fflags 0x0000000000000011 x26 0x7fffffffffffffff
core   0: 0x0000000080005704 (0x340addf3) csrrwi  s11, mscratch, 21
core   0: exception trap_illegal_instruction, epc 0x0000000080005704
core   0:           tval 0x00000000340addf3
core   0: >>>>  $xrv64i2p1_m2p0_a2p1_f2p2_d2p2_zicsr2p0_zifencei2p0_zmmul1p0_zba1p0_zbb1p0_zbc1p0_zbs1p0
core   0: 0x0000000080004000 (0x0080006f) j       pc + 0x8
core   0: 3 0x0000000080004000 (0x0080006f)
core   0: >>>>  mmode_exception_handler
core   0: 0x0000000080004008 (0x00002c17) auipc   s8, 0x2
core   0: 3 0x0000000080004008 (0x00002c17) x24 0x0000000080006008
core   0: 0x000000008000400c (0x090c0c13) addi    s8, s8, 144
core   0: 3 0x000000008000400c (0x090c0c13) x24 0x0000000080006098
core   0: 0x0000000080004010 (0x000c00e7) jalr    s8
core   0: 3 0x0000000080004010 (0x000c00e7) x1  0x0000000080004014
core   0: >>>>  any_handler
core   0: 0x0000000080006098 (0x341027f3) csrrs   a5, mepc, zero
core   0: 3 0x0000000080006098 (0x341027f3) x15 0x0000000080005704
core   0: 0x000000008000609c (0x34202773) csrrs   a4, mcause, zero
core   0: 3 0x000000008000609c (0x34202773) x14 0x0000000000000002
core   0: 0x00000000800060a0 (0x142026f3) csrrs   a3, scause, zero
core   0: 3 0x00000000800060a0 (0x142026f3) x13 0x0000000000000000
core   0: 0x00000000800060a4 (0x30402673) csrrs   a2, mie, zero
core   0: 3 0x00000000800060a4 (0x30402673) x12 0x0000000000000a00
core   0: 0x00000000800060a8 (0x344025f3) csrrs   a1, mip, zero
core   0: 3 0x00000000800060a8 (0x344025f3) x11 0x0000000000000080
core   0: 0x00000000800060ac (0x343025f3) csrrs   a1, mtval, zero
core   0: 3 0x00000000800060ac (0x343025f3) x11 0x00000000340addf3
core   0: 0x00000000800060b0 (0x14302573) csrrs   a0, stval, zero
core   0: 3 0x00000000800060b0 (0x14302573) x10 0x0000000000000009
core   0: 0x00000000800060b4 (0xb02024f3) csrrs   s1, minstret, zero
core   0: 3 0x00000000800060b4 (0xb02024f3) x9  0x0000000000000f61
core   0: 0x00000000800060b8 (0x0000a811) c.j     pc + 20
core   0: 3 0x00000000800060b8 (0xa811)
core   0: >>>>  mepc_4
core   0: 0x00000000800060cc (0x00000791) c.addi  a5, 4
core   0: 3 0x00000000800060cc (0x0791) x15 0x0000000080005708
core   0: 0x00000000800060ce (0x34179073) csrrw   zero, mepc, a5
core   0: 3 0x00000000800060ce (0x34179073) c833_mepc 0x0000000080005708
core   0: 0x00000000800060d2 (0x30200073) mret
core   0: 3 0x00000000800060d2 (0x30200073) c768_mstatus 0x8000000a001c60a0
core   0: 0x0000000080005708 (0xca83fcc3) fmadd.d fs9, ft7, fs0, fs9
core   0: 1 0x0000000080005708 (0xca83fcc3) f25 0x7ff8000000000000
core   0: 0x000000008000570c (0xd0387453) fcvt.s.lu fs0, a6
core   0: 1 0x000000008000570c (0xd0387453) f8  0xffffffff431e0000
core   0: 0x0000000080005710 (0x010696b3) sll     a3, a3, a6
core   0: 1 0x0000000080005710 (0x010696b3) x13 0x0000000000000000
core   0: 0x0000000080005714 (0x4006d613) srai    a2, a3, 0
core   0: 1 0x0000000080005714 (0x4006d613) x12 0x0000000000000000
core   0: 0x0000000080005718 (0x2ab105d3) fmin.d  fa1, ft2, fa1
core   0: 1 0x0000000080005718 (0x2ab105d3) f11 0x7ff8000000000000
core   0: 0x000000008000571c (0xc235f053) fcvt.lu.d zero, fa1
core   0: 1 0x000000008000571c (0xc235f053) c1_fflags 0x0000000000000011
core   0: 0x0000000080005720 (0x00105d9b) srliw   s11, zero, 1
core   0: 1 0x0000000080005720 (0x00105d9b) x27 0x0000000000000000
core   0: 0x0000000080005724 (0x0122d93b) srlw    s2, t0, s2
core   0: 1 0x0000000080005724 (0x0122d93b) x18 0x0000000000000000
core   0: 0x0000000080005728 (0x032b1733) mulh    a4, s6, s2
core   0: 1 0x0000000080005728 (0x032b1733) x14 0x0000000000000000
core   0: 0x000000008000572c (0xfff88613) addi    a2, a7, -1
core   0: 1 0x000000008000572c (0xfff88613) x12 0xffffffffffbfffff
core   0: 0x0000000080005730 (0x00437333) and     t1, t1, tp
core   0: 1 0x0000000080005730 (0x00437333) x6  0x0000000000000000
core   0: 0x0000000080005734 (0x411d82bb) subw    t0, s11, a7
core   0: 1 0x0000000080005734 (0x411d82bb) x5  0x0000000000400000
core   0: 0x0000000080005738 (0x019e98bb) sllw    a7, t4, s9
core   0: 1 0x0000000080005738 (0x019e98bb) x17 0x0000000000000000
core   0: 0x000000008000573c (0x00181093) slli    ra, a6, 1
core   0: 1 0x000000008000573c (0x00181093) x1  0x000000000000013c
core   0: 0x0000000080005740 (0x423bfbcb) fnmsub.d fs7, fs7, ft3, fs0
core   0: 1 0x0000000080005740 (0x423bfbcb) f23 0x7ff8000000000000
core   0: 0x0000000080005744 (0x41b68a33) sub     s4, a3, s11
core   0: 1 0x0000000080005744 (0x41b68a33) x20 0x0000000000000000
core   0: 0x0000000080005748 (0x7ff57213) andi    tp, a0, 2047
core   0: 1 0x0000000080005748 (0x7ff57213) x4  0x0000000000000009
core   0: 0x000000008000574c (0xfd14abb7) lui     s7, 0xfd14a
core   0: 1 0x000000008000574c (0xfd14abb7) x23 0xfffffffffd14a000
core   0: 0x0000000080005750 (0x41db8b9b) addiw   s7, s7, 1053
core   0: 1 0x0000000080005750 (0x41db8b9b) x23 0xfffffffffd14a41d
core   0: 0x0000000080005754 (0x00000bb6) c.slli  s7, 13
core   0: 1 0x0000000080005754 (0x0bb6) x23 0xffffffa29483a000
core   0: 0x0000000080005756 (0xf2cb8b93) addi    s7, s7, -212
core   0: 1 0x0000000080005756 (0xf2cb8b93) x23 0xffffffa294839f2c
core   0: 0x000000008000575a (0x237d9e53) fsgnjn.d ft8, fs11, fs7
core   0: 1 0x000000008000575a (0x237d9e53) f28 0xfff8000000000000
core   0: 0x000000008000575e (0xe3e9e193) ori     gp, s3, -450
core   0: 1 0x000000008000575e (0xe3e9e193) x3  0xfffffffffffffe3e
core   0: 0x0000000080005762 (0x0038833b) addw    t1, a7, gp
core   0: 1 0x0000000080005762 (0x0038833b) x6  0xfffffffffffffe3e
core   0: 0x0000000080005766 (0x64a54913) xori    s2, a0, 1610
core   0: 1 0x0000000080005766 (0x64a54913) x18 0x0000000000000643
core   0: 0x000000008000576a (0x2a130353) fmin.d  ft6, ft6, ft1
core   0: 1 0x000000008000576a (0x2a130353) f6  0x403d4aa8b979af2f
core   0: 0x000000008000576e (0x4036da93) srai    s5, a3, 3
core   0: 1 0x000000008000576e (0x4036da93) x21 0x0000000000000000
core   0: 0x0000000080005772 (0xd2168cd3) fcvt.d.wu fs9, a3
core   0: 1 0x0000000080005772 (0xd2168cd3) f25 0x0000000000000000
core   0: 0x0000000080005776 (0x01b24e33) xor     t3, tp, s11
core   0: 1 0x0000000080005776 (0x01b24e33) x28 0x0000000000000009
core   0: 0x000000008000577a (0x5a0f73d3) fsqrt.d ft7, ft10
core   0: 1 0x000000008000577a (0x5a0f73d3) f7  0x7ff8000000000000
core   0: 0x000000008000577e (0xd20e0753) fcvt.d.w fa4, t3
core   0: 1 0x000000008000577e (0xd20e0753) f14 0x4022000000000000
core   0: 0x0000000080005782 (0x5a00f153) fsqrt.d ft2, ft1
core   0: 1 0x0000000080005782 (0x5a00f153) f2  0x7ff8000000000000
core   0: 0x0000000080005786 (0x406a833b) subw    t1, s5, t1
core   0: 1 0x0000000080005786 (0x406a833b) x6  0x00000000000001c2
core   0: 0x000000008000578a (0x1a09f053) fdiv.d  ft0, fs3, ft0
core   0: 1 0x000000008000578a (0x1a09f053) f0  0x7ff8000000000000
core   0: 0x000000008000578e (0xa3080dd3) fle.d   s11, fa6, fa6
core   0: 1 0x000000008000578e (0xa3080dd3) c1_fflags 0x0000000000000011 x27 0x0000000000000000
core   0: 0x0000000080005792 (0x22030e53) fsgnj.d ft8, ft6, ft0
core   0: 1 0x0000000080005792 (0x22030e53) f28 0x403d4aa8b979af2f
core   0: 0x0000000080005796 (0xd20e0b53) fcvt.d.w fs6, t3
core   0: 1 0x0000000080005796 (0xd20e0b53) f22 0x4022000000000000
core   0: 0x000000008000579a (0x0238543b) divuw   s0, a6, gp
core   0: 1 0x000000008000579a (0x0238543b) x8  0x0000000000000000
core   0: 0x000000008000579e (0x027842bb) divw    t0, a6, t2
core   0: 1 0x000000008000579e (0x027842bb) x5  0x0000000000000000
core   0: 0x00000000800057a2 (0x41f1de9b) sraiw   t4, gp, 31
core   0: 1 0x00000000800057a2 (0x41f1de9b) x29 0xffffffffffffffff
core   0: 0x00000000800057a6 (0x005859b3) srl     s3, a6, t0
core   0: 1 0x00000000800057a6 (0x005859b3) x19 0x000000000000009e
core   0: 0x00000000800057aa (0x806ee913) ori     s2, t4, -2042
core   0: 1 0x00000000800057aa (0x806ee913) x18 0xffffffffffffffff
core   0: 0x00000000800057ae (0x1b207c4b) fnmsub.d fs8, ft0, fs2, ft3
core   0: 1 0x00000000800057ae (0x1b207c4b) f24 0x7ff8000000000000
core   0: 0x00000000800057b2 (0x0131d19b) srliw   gp, gp, 19
core   0: 1 0x00000000800057b2 (0x0131d19b) x3  0x0000000000001fff
core   0: 0x00000000800057b6 (0x01d2033b) addw    t1, tp, t4
core   0: 1 0x00000000800057b6 (0x01d2033b) x6  0x0000000000000008
core   0: 0x00000000800057ba (0x00000001) c.nop
core   0: 1 0x00000000800057ba (0x0001)
core   0: 0x00000000800057bc (0x4010509b) sraiw   ra, zero, 1
core   0: 1 0x00000000800057bc (0x4010509b) x1  0x0000000000000000
core   0: 0x00000000800057c0 (0x0b8af8d3) fsub.d  fa7, fs5, fs8
core   0: 1 0x00000000800057c0 (0x0b8af8d3) f17 0x7ff8000000000000
core   0: 0x00000000800057c4 (0xf91eeab7) lui     s5, 0xf91ee
core   0: 1 0x00000000800057c4 (0xf91eeab7) x21 0xfffffffff91ee000
core   0: 0x00000000800057c8 (0x517a8a9b) addiw   s5, s5, 1303
core   0: 1 0x00000000800057c8 (0x517a8a9b) x21 0xfffffffff91ee517
core   0: 0x00000000800057cc (0x00000ab2) c.slli  s5, 12
core   0: 1 0x00000000800057cc (0x0ab2) x21 0xffffff91ee517000
core   0: 0x00000000800057ce (0xf6fa8a93) addi    s5, s5, -145
core   0: 1 0x00000000800057ce (0xf6fa8a93) x21 0xffffff91ee516f6f
core   0: 0x00000000800057d2 (0xd032f953) fcvt.s.lu fs2, t0
core   0: 1 0x00000000800057d2 (0xd032f953) f18 0xffffffff00000000
core   0: 0x00000000800057d6 (0xd1d28393) addi    t2, t0, -739
core   0: 1 0x00000000800057d6 (0xd1d28393) x7  0xfffffffffffffd1d
core   0: 0x00000000800057da (0xd22cf3d3) fcvt.d.l ft7, s9
core   0: 1 0x00000000800057da (0xd22cf3d3) f7  0xc1c638b800800000
core   0: 0x00000000800057de (0xa38c8c53) fle.d   s8, fs9, fs8
core   0: 1 0x00000000800057de (0xa38c8c53) c1_fflags 0x0000000000000011 x24 0x0000000000000000
core   0: 0x00000000800057e2 (0x135374d3) fmul.d  fs1, ft6, fs5
core   0: 1 0x00000000800057e2 (0x135374d3) c1_fflags 0x0000000000000011 f9  0x41e834d8276a7825
core   0: 0x00000000800057e6 (0xd22affd3) fcvt.d.l ft11, s5
core   0: 1 0x00000000800057e6 (0xd22affd3) f31 0xc25b846ba4244000
core   0: 0x00000000800057ea (0x323d51f3) csrrwi  gp, mhpmevent3, 26
core   0: exception trap_illegal_instruction, epc 0x00000000800057ea
core   0:           tval 0x00000000323d51f3
core   0: >>>>  $xrv64i2p1_m2p0_a2p1_f2p2_d2p2_zicsr2p0_zifencei2p0_zmmul1p0_zba1p0_zbb1p0_zbc1p0_zbs1p0
core   0: 0x0000000080004000 (0x0080006f) j       pc + 0x8
core   0: 3 0x0000000080004000 (0x0080006f)
core   0: >>>>  mmode_exception_handler
core   0: 0x0000000080004008 (0x00002c17) auipc   s8, 0x2
core   0: 3 0x0000000080004008 (0x00002c17) x24 0x0000000080006008
core   0: 0x000000008000400c (0x090c0c13) addi    s8, s8, 144
core   0: 3 0x000000008000400c (0x090c0c13) x24 0x0000000080006098
core   0: 0x0000000080004010 (0x000c00e7) jalr    s8
core   0: 3 0x0000000080004010 (0x000c00e7) x1  0x0000000080004014
core   0: >>>>  any_handler
core   0: 0x0000000080006098 (0x341027f3) csrrs   a5, mepc, zero
core   0: 3 0x0000000080006098 (0x341027f3) x15 0x00000000800057ea
core   0: 0x000000008000609c (0x34202773) csrrs   a4, mcause, zero
core   0: 3 0x000000008000609c (0x34202773) x14 0x0000000000000002
core   0: 0x00000000800060a0 (0x142026f3) csrrs   a3, scause, zero
core   0: 3 0x00000000800060a0 (0x142026f3) x13 0x0000000000000000
core   0: 0x00000000800060a4 (0x30402673) csrrs   a2, mie, zero
core   0: 3 0x00000000800060a4 (0x30402673) x12 0x0000000000000a00
core   0: 0x00000000800060a8 (0x344025f3) csrrs   a1, mip, zero
core   0: 3 0x00000000800060a8 (0x344025f3) x11 0x0000000000000080
core   0: 0x00000000800060ac (0x343025f3) csrrs   a1, mtval, zero
core   0: 3 0x00000000800060ac (0x343025f3) x11 0x00000000323d51f3
core   0: 0x00000000800060b0 (0x14302573) csrrs   a0, stval, zero
core   0: 3 0x00000000800060b0 (0x14302573) x10 0x0000000000000009
core   0: 0x00000000800060b4 (0xb02024f3) csrrs   s1, minstret, zero
core   0: 3 0x00000000800060b4 (0xb02024f3) x9  0x0000000000000fab
core   0: 0x00000000800060b8 (0x0000a811) c.j     pc + 20
core   0: 3 0x00000000800060b8 (0xa811)
core   0: >>>>  mepc_4
core   0: 0x00000000800060cc (0x00000791) c.addi  a5, 4
core   0: 3 0x00000000800060cc (0x0791) x15 0x00000000800057ee
core   0: 0x00000000800060ce (0x34179073) csrrw   zero, mepc, a5
core   0: 3 0x00000000800060ce (0x34179073) c833_mepc 0x00000000800057ee
core   0: 0x00000000800060d2 (0x30200073) mret
core   0: 3 0x00000000800060d2 (0x30200073) c768_mstatus 0x8000000a001c60a0
core   0: 0x00000000800057ee (0x0053169b) slliw   a3, t1, 5
core   0: 1 0x00000000800057ee (0x0053169b) x13 0x0000000000000100
core   0: 0x00000000800057f2 (0x13adf053) fmul.d  ft0, fs11, fs10
core   0: 1 0x00000000800057f2 (0x13adf053) f0  0x7ff8000000000000
core   0: 0x00000000800057f6 (0x0126fb33) and     s6, a3, s2
core   0: 1 0x00000000800057f6 (0x0126fb33) x22 0x0000000000000100
core   0: 0x00000000800057fa (0x0b2d72d3) fsub.d  ft5, fs10, fs2
core   0: 1 0x00000000800057fa (0x0b2d72d3) f5  0x7ff8000000000000
core   0: 0x00000000800057fe (0xd03879d3) fcvt.s.lu fs3, a6
core   0: 1 0x00000000800057fe (0xd03879d3) f19 0xffffffff431e0000
core   0: 0x0000000080005802 (0x00c59e13) slli    t3, a1, 12
core   0: 1 0x0000000080005802 (0x00c59e13) x28 0x00000323d51f3000
core   0: 0x0000000080005806 (0x00f0023b) addw    tp, zero, a5
core   0: 1 0x0000000080005806 (0x00f0023b) x4  0xffffffff800057ee
core   0: 0x000000008000580a (0x00000001) c.nop
core   0: 1 0x000000008000580a (0x0001)
core   0: 0x000000008000580c (0xcda27293) andi    t0, tp, -806
core   0: 1 0x000000008000580c (0xcda27293) x5  0xffffffff800054ca
core   0: 0x0000000080005810 (0x10406873) csrrsi  a6, sie, 0
core   0: 1 0x0000000080005810 (0x10406873) x16 0x0000000000000000
core   0: 0x0000000080005814 (0xd21a8753) fcvt.d.wu fa4, s5
core   0: 1 0x0000000080005814 (0xd21a8753) f14 0x41edca2dede00000
core   0: 0x0000000080005818 (0x51ee0c93) addi    s9, t3, 1310
core   0: 1 0x0000000080005818 (0x51ee0c93) x25 0x00000323d51f351e
core   0: 0x000000008000581c (0xc239f1d3) fcvt.lu.d gp, fs3
core   0: 1 0x000000008000581c (0xc239f1d3) c1_fflags 0x0000000000000011 x3  0xffffffffffffffff
core   0: 0x0000000080005820 (0x41835b13) srai    s6, t1, 24
core   0: 1 0x0000000080005820 (0x41835b13) x22 0x0000000000000000
core   0: 0x0000000080005824 (0x03dc24b3) mulhsu  s1, s8, t4
core   0: 1 0x0000000080005824 (0x03dc24b3) x9  0x0000000080006097
core   0: 0x0000000080005828 (0x20c7b917) auipc   s2, 0x20c7b
core   0: 1 0x0000000080005828 (0x20c7b917) x18 0x00000000a0c80828
core   0: 0x000000008000582c (0x01fe981b) slliw   a6, t4, 31
core   0: 1 0x000000008000582c (0x01fe981b) x16 0xffffffff80000000
core   0: 0x0000000080005830 (0xc03873d3) fcvt.lu.s t2, fa6
core   0: 1 0x0000000080005830 (0xc03873d3) c1_fflags 0x0000000000000011 x7  0xffffffffffffffff
core   0: 0x0000000080005834 (0x0066e737) lui     a4, 0x66e
core   0: 1 0x0000000080005834 (0x0066e737) x14 0x000000000066e000
core   0: 0x0000000080005838 (0x9437071b) addiw   a4, a4, -1725
core   0: 1 0x0000000080005838 (0x9437071b) x14 0x000000000066d943
core   0: 0x000000008000583c (0x00000742) c.slli  a4, 16
core   0: 1 0x000000008000583c (0x0742) x14 0x00000066d9430000
core   0: 0x000000008000583e (0x19070713) addi    a4, a4, 400
core   0: 1 0x000000008000583e (0x19070713) x14 0x00000066d9430190
core   0: 0x0000000080005842 (0xc012f9f3) csrrci  s3, time, 5
core   0: exception trap_illegal_instruction, epc 0x0000000080005842
core   0:           tval 0x00000000c012f9f3
core   0: >>>>  $xrv64i2p1_m2p0_a2p1_f2p2_d2p2_zicsr2p0_zifencei2p0_zmmul1p0_zba1p0_zbb1p0_zbc1p0_zbs1p0
core   0: 0x0000000080004000 (0x0080006f) j       pc + 0x8
core   0: 3 0x0000000080004000 (0x0080006f)
core   0: >>>>  mmode_exception_handler
core   0: 0x0000000080004008 (0x00002c17) auipc   s8, 0x2
core   0: 3 0x0000000080004008 (0x00002c17) x24 0x0000000080006008
core   0: 0x000000008000400c (0x090c0c13) addi    s8, s8, 144
core   0: 3 0x000000008000400c (0x090c0c13) x24 0x0000000080006098
core   0: 0x0000000080004010 (0x000c00e7) jalr    s8
core   0: 3 0x0000000080004010 (0x000c00e7) x1  0x0000000080004014
core   0: >>>>  any_handler
core   0: 0x0000000080006098 (0x341027f3) csrrs   a5, mepc, zero
core   0: 3 0x0000000080006098 (0x341027f3) x15 0x0000000080005842
core   0: 0x000000008000609c (0x34202773) csrrs   a4, mcause, zero
core   0: 3 0x000000008000609c (0x34202773) x14 0x0000000000000002
core   0: 0x00000000800060a0 (0x142026f3) csrrs   a3, scause, zero
core   0: 3 0x00000000800060a0 (0x142026f3) x13 0x0000000000000000
core   0: 0x00000000800060a4 (0x30402673) csrrs   a2, mie, zero
core   0: 3 0x00000000800060a4 (0x30402673) x12 0x0000000000000a00
core   0: 0x00000000800060a8 (0x344025f3) csrrs   a1, mip, zero
core   0: 3 0x00000000800060a8 (0x344025f3) x11 0x0000000000000080
core   0: 0x00000000800060ac (0x343025f3) csrrs   a1, mtval, zero
core   0: 3 0x00000000800060ac (0x343025f3) x11 0x00000000c012f9f3
core   0: 0x00000000800060b0 (0x14302573) csrrs   a0, stval, zero
core   0: 3 0x00000000800060b0 (0x14302573) x10 0x0000000000000009
core   0: 0x00000000800060b4 (0xb02024f3) csrrs   s1, minstret, zero
core   0: 3 0x00000000800060b4 (0xb02024f3) x9  0x0000000000000fd1
core   0: 0x00000000800060b8 (0x0000a811) c.j     pc + 20
core   0: 3 0x00000000800060b8 (0xa811)
core   0: >>>>  mepc_4
core   0: 0x00000000800060cc (0x00000791) c.addi  a5, 4
core   0: 3 0x00000000800060cc (0x0791) x15 0x0000000080005846
core   0: 0x00000000800060ce (0x34179073) csrrw   zero, mepc, a5
core   0: 3 0x00000000800060ce (0x34179073) c833_mepc 0x0000000080005846
core   0: 0x00000000800060d2 (0x30200073) mret
core   0: 3 0x00000000800060d2 (0x30200073) c768_mstatus 0x8000000a001c60a0
core   0: 0x0000000080005846 (0xc22875d3) fcvt.l.d a1, fa6
core   0: 1 0x0000000080005846 (0xc22875d3) c1_fflags 0x0000000000000011 x11 0x7fffffffffffffff
core   0: 0x000000008000584a (0x3750a0b7) lui     ra, 0x3750a
core   0: 1 0x000000008000584a (0x3750a0b7) x1  0x000000003750a000
core   0: 0x000000008000584e (0xa3040253) fle.d   tp, fs0, fa6
core   0: 1 0x000000008000584e (0xa3040253) c1_fflags 0x0000000000000011 x4  0x0000000000000000
core   0: 0x0000000080005852 (0x00159b73) csrrw   s6, fflags, a1
core   0: 1 0x0000000080005852 (0x00159b73) x22 0x0000000000000011 c1_fflags 0x000000000000001f
core   0: 0x0000000080005856 (0x010ddb33) srl     s6, s11, a6
core   0: 1 0x0000000080005856 (0x010ddb33) x22 0x0000000000000000
core   0: 0x000000008000585a (0x00000001) c.nop
core   0: 1 0x000000008000585a (0x0001)
core   0: 0x000000008000585c (0x0077e7b3) or      a5, a5, t2
core   0: 1 0x000000008000585c (0x0077e7b3) x15 0xffffffffffffffff
core   0: 0x0000000080005860 (0x02b7ee33) rem     t3, a5, a1
core   0: 1 0x0000000080005860 (0x02b7ee33) x28 0xffffffffffffffff
core   0: 0x0000000080005864 (0x02fdc733) div     a4, s11, a5
core   0: 1 0x0000000080005864 (0x02fdc733) x14 0x0000000000000000
core   0: 0x0000000080005868 (0xd20b0dd3) fcvt.d.w fs11, s6
core   0: 1 0x0000000080005868 (0xd20b0dd3) f27 0x0000000000000000
core   0: 0x000000008000586c (0x23112bd3) fsgnjx.d fs7, ft2, fa7
core   0: 1 0x000000008000586c (0x23112bd3) f23 0x7ff8000000000000
core   0: 0x0000000080005870 (0x00e563b3) or      t2, a0, a4
core   0: 1 0x0000000080005870 (0x00e563b3) x7  0x0000000000000009
core   0: 0x0000000080005874 (0xfd348837) lui     a6, 0xfd348
core   0: 1 0x0000000080005874 (0xfd348837) x16 0xfffffffffd348000
core   0: 0x0000000080005878 (0xec18081b) addiw   a6, a6, -319
core   0: 1 0x0000000080005878 (0xec18081b) x16 0xfffffffffd347ec1
core   0: 0x000000008000587c (0x00000836) c.slli  a6, 13
core   0: 1 0x000000008000587c (0x0836) x16 0xffffffa68fd82000
core   0: 0x000000008000587e (0x2b880813) addi    a6, a6, 696
core   0: 1 0x000000008000587e (0x2b880813) x16 0xffffffa68fd822b8
core   0: 0x0000000080005882 (0x5230b137) lui     sp, 0x5230b
core   0: 1 0x0000000080005882 (0x5230b137) x2  0x000000005230b000
core   0: 0x0000000080005886 (0x0003d013) srli    zero, t2, 0
core   0: 1 0x0000000080005886 (0x0003d013)
core   0: 0x000000008000588a (0x002029f3) csrrs   s3, frm, zero
core   0: 1 0x000000008000588a (0x002029f3) x19 0x0000000000000004
core   0: 0x000000008000588e (0x22191ad3) fsgnjn.d fs5, fs2, ft1
core   0: 1 0x000000008000588e (0x22191ad3) f21 0xffffffff00000000
core   0: 0x0000000080005892 (0x00221273) csrrw   tp, frm, tp
core   0: 1 0x0000000080005892 (0x00221273) x4  0x0000000000000004 c2_frm 0x0000000000000000
core   0: 0x0000000080005896 (0x023267b3) rem     a5, tp, gp
core   0: 1 0x0000000080005896 (0x023267b3) x15 0x0000000000000000
core   0: 0x000000008000589a (0x003190b3) sll     ra, gp, gp
core   0: 1 0x000000008000589a (0x003190b3) x1  0x8000000000000000
core   0: 0x000000008000589e (0xd021f553) fcvt.s.l fa0, gp
core   0: 1 0x000000008000589e (0xd021f553) f10 0xffffffffbf800000
core   0: 0x00000000800058a2 (0x577cfa93) andi    s5, s9, 1399
core   0: 1 0x00000000800058a2 (0x577cfa93) x21 0x0000000000000516
core   0: 0x00000000800058a6 (0x03fc9913) slli    s2, s9, 63
core   0: 1 0x00000000800058a6 (0x03fc9913) x18 0x0000000000000000
core   0: 0x00000000800058aa (0x0367ce33) div     t3, a5, s6
core   0: 1 0x00000000800058aa (0x0367ce33) x28 0xffffffffffffffff
core   0: 0x00000000800058ae (0xd03b7353) fcvt.s.lu ft6, s6
core   0: 1 0x00000000800058ae (0xd03b7353) f6  0xffffffff00000000
core   0: 0x00000000800058b2 (0x414e59bb) sraw    s3, t3, s4
core   0: 1 0x00000000800058b2 (0x414e59bb) x19 0xffffffffffffffff
core   0: 0x00000000800058b6 (0xaf4adab7) lui     s5, 0xaf4ad
core   0: 1 0x00000000800058b6 (0xaf4adab7) x21 0xffffffffaf4ad000
core   0: 0x00000000800058ba (0x00035013) srli    zero, t1, 0
core   0: 1 0x00000000800058ba (0x00035013)
core   0: 0x00000000800058be (0xc0287753) fcvt.l.s a4, fa6
core   0: 1 0x00000000800058be (0xc0287753) c1_fflags 0x000000000000001f x14 0x7fffffffffffffff
core   0: 0x00000000800058c2 (0x02c6fb33) remu    s6, a3, a2
core   0: 1 0x00000000800058c2 (0x02c6fb33) x22 0x0000000000000000
core   0: 0x00000000800058c6 (0x22951153) fsgnjn.d ft2, fa0, fs1
core   0: 1 0x00000000800058c6 (0x22951153) f2  0xffffffffbf800000
core   0: 0x00000000800058ca (0x236ea9d3) fsgnjx.d fs3, ft9, fs6
core   0: 1 0x00000000800058ca (0x236ea9d3) f19 0x7fffffff00000000
core   0: 0x00000000800058ce (0x008c14bb) sllw    s1, s8, s0
core   0: 1 0x00000000800058ce (0x008c14bb) x9  0xffffffff80006098
core   0: 0x00000000800058d2 (0x340362f3) csrrsi  t0, mscratch, 6
core   0: exception trap_illegal_instruction, epc 0x00000000800058d2
core   0:           tval 0x00000000340362f3
core   0: >>>>  $xrv64i2p1_m2p0_a2p1_f2p2_d2p2_zicsr2p0_zifencei2p0_zmmul1p0_zba1p0_zbb1p0_zbc1p0_zbs1p0
core   0: 0x0000000080004000 (0x0080006f) j       pc + 0x8
core   0: 3 0x0000000080004000 (0x0080006f)
core   0: >>>>  mmode_exception_handler
core   0: 0x0000000080004008 (0x00002c17) auipc   s8, 0x2
core   0: 3 0x0000000080004008 (0x00002c17) x24 0x0000000080006008
core   0: 0x000000008000400c (0x090c0c13) addi    s8, s8, 144
core   0: 3 0x000000008000400c (0x090c0c13) x24 0x0000000080006098
core   0: 0x0000000080004010 (0x000c00e7) jalr    s8
core   0: 3 0x0000000080004010 (0x000c00e7) x1  0x0000000080004014
core   0: >>>>  any_handler
core   0: 0x0000000080006098 (0x341027f3) csrrs   a5, mepc, zero
core   0: 3 0x0000000080006098 (0x341027f3) x15 0x00000000800058d2
core   0: 0x000000008000609c (0x34202773) csrrs   a4, mcause, zero
core   0: 3 0x000000008000609c (0x34202773) x14 0x0000000000000002
core   0: 0x00000000800060a0 (0x142026f3) csrrs   a3, scause, zero
core   0: 3 0x00000000800060a0 (0x142026f3) x13 0x0000000000000000
core   0: 0x00000000800060a4 (0x30402673) csrrs   a2, mie, zero
core   0: 3 0x00000000800060a4 (0x30402673) x12 0x0000000000000a00
core   0: 0x00000000800060a8 (0x344025f3) csrrs   a1, mip, zero
core   0: 3 0x00000000800060a8 (0x344025f3) x11 0x0000000000000080
core   0: 0x00000000800060ac (0x343025f3) csrrs   a1, mtval, zero
core   0: 3 0x00000000800060ac (0x343025f3) x11 0x00000000340362f3
core   0: 0x00000000800060b0 (0x14302573) csrrs   a0, stval, zero
core   0: 3 0x00000000800060b0 (0x14302573) x10 0x0000000000000009
core   0: 0x00000000800060b4 (0xb02024f3) csrrs   s1, minstret, zero
core   0: 3 0x00000000800060b4 (0xb02024f3) x9  0x0000000000001005
core   0: 0x00000000800060b8 (0x0000a811) c.j     pc + 20
core   0: 3 0x00000000800060b8 (0xa811)
core   0: >>>>  mepc_4
core   0: 0x00000000800060cc (0x00000791) c.addi  a5, 4
core   0: 3 0x00000000800060cc (0x0791) x15 0x00000000800058d6
core   0: 0x00000000800060ce (0x34179073) csrrw   zero, mepc, a5
core   0: 3 0x00000000800060ce (0x34179073) c833_mepc 0x00000000800058d6
core   0: 0x00000000800060d2 (0x30200073) mret
core   0: 3 0x00000000800060d2 (0x30200073) c768_mstatus 0x8000000a001c60a0
core   0: 0x00000000800058d6 (0x02c3d03b) divuw   zero, t2, a2
core   0: 1 0x00000000800058d6 (0x02c3d03b)
core   0: 0x00000000800058da (0x0166d6bb) srlw    a3, a3, s6
core   0: 1 0x00000000800058da (0x0166d6bb) x13 0x0000000000000000
core   0: 0x00000000800058de (0x42060453) fcvt.d.s fs0, fa2
core   0: 1 0x00000000800058de (0x42060453) f8  0x7ff8000000000000
core   0: 0x00000000800058e2 (0x1a10f0d3) fdiv.d  ft1, ft1, ft1
core   0: 1 0x00000000800058e2 (0x1a10f0d3) f1  0x7ff8000000000000
core   0: 0x00000000800058e6 (0x0071539b) srliw   t2, sp, 7
core   0: 1 0x00000000800058e6 (0x0071539b) x7  0x0000000000a46160
core   0: 0x00000000800058ea (0xf12675f3) csrrci  a1, marchid, 12
core   0: exception trap_illegal_instruction, epc 0x00000000800058ea
core   0:           tval 0x00000000f12675f3
core   0: >>>>  $xrv64i2p1_m2p0_a2p1_f2p2_d2p2_zicsr2p0_zifencei2p0_zmmul1p0_zba1p0_zbb1p0_zbc1p0_zbs1p0
core   0: 0x0000000080004000 (0x0080006f) j       pc + 0x8
core   0: 3 0x0000000080004000 (0x0080006f)
core   0: >>>>  mmode_exception_handler
core   0: 0x0000000080004008 (0x00002c17) auipc   s8, 0x2
core   0: 3 0x0000000080004008 (0x00002c17) x24 0x0000000080006008
core   0: 0x000000008000400c (0x090c0c13) addi    s8, s8, 144
core   0: 3 0x000000008000400c (0x090c0c13) x24 0x0000000080006098
core   0: 0x0000000080004010 (0x000c00e7) jalr    s8
core   0: 3 0x0000000080004010 (0x000c00e7) x1  0x0000000080004014
core   0: >>>>  any_handler
core   0: 0x0000000080006098 (0x341027f3) csrrs   a5, mepc, zero
core   0: 3 0x0000000080006098 (0x341027f3) x15 0x00000000800058ea
core   0: 0x000000008000609c (0x34202773) csrrs   a4, mcause, zero
core   0: 3 0x000000008000609c (0x34202773) x14 0x0000000000000002
core   0: 0x00000000800060a0 (0x142026f3) csrrs   a3, scause, zero
core   0: 3 0x00000000800060a0 (0x142026f3) x13 0x0000000000000000
core   0: 0x00000000800060a4 (0x30402673) csrrs   a2, mie, zero
core   0: 3 0x00000000800060a4 (0x30402673) x12 0x0000000000000a00
core   0: 0x00000000800060a8 (0x344025f3) csrrs   a1, mip, zero
core   0: 3 0x00000000800060a8 (0x344025f3) x11 0x0000000000000080
core   0: 0x00000000800060ac (0x343025f3) csrrs   a1, mtval, zero
core   0: 3 0x00000000800060ac (0x343025f3) x11 0x00000000f12675f3
core   0: 0x00000000800060b0 (0x14302573) csrrs   a0, stval, zero
core   0: 3 0x00000000800060b0 (0x14302573) x10 0x0000000000000009
core   0: 0x00000000800060b4 (0xb02024f3) csrrs   s1, minstret, zero
core   0: 3 0x00000000800060b4 (0xb02024f3) x9  0x000000000000101a
core   0: 0x00000000800060b8 (0x0000a811) c.j     pc + 20
core   0: 3 0x00000000800060b8 (0xa811)
core   0: >>>>  mepc_4
core   0: 0x00000000800060cc (0x00000791) c.addi  a5, 4
core   0: 3 0x00000000800060cc (0x0791) x15 0x00000000800058ee
core   0: 0x00000000800060ce (0x34179073) csrrw   zero, mepc, a5
core   0: 3 0x00000000800060ce (0x34179073) c833_mepc 0x00000000800058ee
core   0: 0x00000000800060d2 (0x30200073) mret
core   0: 3 0x00000000800060d2 (0x30200073) c768_mstatus 0x8000000a001c60a0
core   0: 0x00000000800058ee (0xd02c7bd3) fcvt.s.l fs7, s8
core   0: 1 0x00000000800058ee (0xd02c7bd3) c1_fflags 0x000000000000001f f23 0xffffffff4f000061
core   0: 0x00000000800058f2 (0xaacff3cf) fnmadd.d ft7, ft11, fa2, fs5
core   0: 1 0x00000000800058f2 (0xaacff3cf) f7  0x7ff8000000000000
core   0: 0x00000000800058f6 (0x401dd0bb) sraw    ra, s11, ra
core   0: 1 0x00000000800058f6 (0x401dd0bb) x1  0x0000000000000000
core   0: 0x00000000800058fa (0x42f85713) srai    a4, a6, 47
core   0: 1 0x00000000800058fa (0x42f85713) x14 0xffffffffffffffff
core   0: 0x00000000800058fe (0x012d119b) slliw   gp, s10, 18
core   0: 1 0x00000000800058fe (0x012d119b) x3  0xfffffffffffc0000
core   0: 0x0000000080005902 (0xc22d7053) fcvt.l.d zero, fs10
core   0: 1 0x0000000080005902 (0xc22d7053)
core   0: 0x0000000080005906 (0x00076a33) or      s4, a4, zero
core   0: 1 0x0000000080005906 (0x00076a33) x20 0xffffffffffffffff
core   0: 0x000000008000590a (0x14205473) csrrwi  s0, scause, 0
core   0: 1 0x000000008000590a (0x14205473) x8  0x0000000000000000 c322_scause 0x0000000000000000
core   0: 0x000000008000590e (0x01a2ad33) slt     s10, t0, s10
core   0: 1 0x000000008000590e (0x01a2ad33) x26 0x0000000000000001
core   0: 0x0000000080005912 (0x02a86533) rem     a0, a6, a0
core   0: 1 0x0000000080005912 (0x02a86533) x10 0xfffffffffffffffb
core   0: 0x0000000080005916 (0x40127153) fcvt.s.d ft2, ft4
core   0: 1 0x0000000080005916 (0x40127153) f2  0xffffffff00000000
core   0: 0x000000008000591a (0x007af3b3) and     t2, s5, t2
core   0: 1 0x000000008000591a (0x007af3b3) x7  0x0000000000004000
core   0: 0x000000008000591e (0x00b4eeb3) or      t4, s1, a1
core   0: 1 0x000000008000591e (0x00b4eeb3) x29 0x00000000f12675fb
core   0: 0x0000000080005922 (0x00049b93) slli    s7, s1, 0
core   0: 1 0x0000000080005922 (0x00049b93) x23 0x000000000000101a
core   0: 0x0000000080005926 (0x134c74d3) fmul.d  fs1, fs8, fs4
core   0: 1 0x0000000080005926 (0x134c74d3) f9  0x7ff8000000000000
core   0: 0x000000008000592a (0x02c57653) fadd.d  fa2, fa0, fa2
core   0: 1 0x000000008000592a (0x02c57653) f12 0x7ff8000000000000
core   0: 0x000000008000592e (0xf1507373) csrrci  t1, mconfigptr, 0
core   0: exception trap_illegal_instruction, epc 0x000000008000592e
core   0:           tval 0x00000000f1507373
core   0: >>>>  $xrv64i2p1_m2p0_a2p1_f2p2_d2p2_zicsr2p0_zifencei2p0_zmmul1p0_zba1p0_zbb1p0_zbc1p0_zbs1p0
core   0: 0x0000000080004000 (0x0080006f) j       pc + 0x8
core   0: 3 0x0000000080004000 (0x0080006f)
core   0: >>>>  mmode_exception_handler
core   0: 0x0000000080004008 (0x00002c17) auipc   s8, 0x2
core   0: 3 0x0000000080004008 (0x00002c17) x24 0x0000000080006008
core   0: 0x000000008000400c (0x090c0c13) addi    s8, s8, 144
core   0: 3 0x000000008000400c (0x090c0c13) x24 0x0000000080006098
core   0: 0x0000000080004010 (0x000c00e7) jalr    s8
core   0: 3 0x0000000080004010 (0x000c00e7) x1  0x0000000080004014
core   0: >>>>  any_handler
core   0: 0x0000000080006098 (0x341027f3) csrrs   a5, mepc, zero
core   0: 3 0x0000000080006098 (0x341027f3) x15 0x000000008000592e
core   0: 0x000000008000609c (0x34202773) csrrs   a4, mcause, zero
core   0: 3 0x000000008000609c (0x34202773) x14 0x0000000000000002
core   0: 0x00000000800060a0 (0x142026f3) csrrs   a3, scause, zero
core   0: 3 0x00000000800060a0 (0x142026f3) x13 0x0000000000000000
core   0: 0x00000000800060a4 (0x30402673) csrrs   a2, mie, zero
core   0: 3 0x00000000800060a4 (0x30402673) x12 0x0000000000000a00
core   0: 0x00000000800060a8 (0x344025f3) csrrs   a1, mip, zero
core   0: 3 0x00000000800060a8 (0x344025f3) x11 0x0000000000000080
core   0: 0x00000000800060ac (0x343025f3) csrrs   a1, mtval, zero
core   0: 3 0x00000000800060ac (0x343025f3) x11 0x00000000f1507373
core   0: 0x00000000800060b0 (0x14302573) csrrs   a0, stval, zero
core   0: 3 0x00000000800060b0 (0x14302573) x10 0x0000000000000009
core   0: 0x00000000800060b4 (0xb02024f3) csrrs   s1, minstret, zero
core   0: 3 0x00000000800060b4 (0xb02024f3) x9  0x000000000000103a
core   0: 0x00000000800060b8 (0x0000a811) c.j     pc + 20
core   0: 3 0x00000000800060b8 (0xa811)
core   0: >>>>  mepc_4
core   0: 0x00000000800060cc (0x00000791) c.addi  a5, 4
core   0: 3 0x00000000800060cc (0x0791) x15 0x0000000080005932
core   0: 0x00000000800060ce (0x34179073) csrrw   zero, mepc, a5
core   0: 3 0x00000000800060ce (0x34179073) c833_mepc 0x0000000080005932
core   0: 0x00000000800060d2 (0x30200073) mret
core   0: 3 0x00000000800060d2 (0x30200073) c768_mstatus 0x8000000a001c60a0
core   0: 0x0000000080005932 (0x0376c233) div     tp, a3, s7
core   0: 1 0x0000000080005932 (0x0376c233) x4  0x0000000000000000
core   0: 0x0000000080005936 (0x81cc8117) auipc   sp, 0x81cc8
core   0: 1 0x0000000080005936 (0x81cc8117) x2  0x0000000001ccd936
core   0: 0x000000008000593a (0xc02f7cd3) fcvt.l.s s9, ft10
core   0: 1 0x000000008000593a (0xc02f7cd3) c1_fflags 0x000000000000001f x25 0x7fffffffffffffff
core   0: 0x000000008000593e (0xd20d09d3) fcvt.d.w fs3, s10
core   0: 1 0x000000008000593e (0xd20d09d3) f19 0x3ff0000000000000
core   0: 0x0000000080005942 (0x41d5d5b3) sra     a1, a1, t4
core   0: 1 0x0000000080005942 (0x41d5d5b3) x11 0x0000000000000000
core   0: 0x0000000080005946 (0x00accc33) xor     s8, s9, a0
core   0: 1 0x0000000080005946 (0x00accc33) x24 0x7ffffffffffffff6
core   0: 0x000000008000594a (0x0318833b) mulw    t1, a7, a7
core   0: 1 0x000000008000594a (0x0318833b) x6  0x0000000000000000
core   0: 0x000000008000594e (0x2a780cd3) fmin.d  fs9, fa6, ft7
core   0: 1 0x000000008000594e (0x2a780cd3) f25 0x7ff8000000000000
core   0: 0x0000000080005952 (0x008ccd33) xor     s10, s9, s0
core   0: 1 0x0000000080005952 (0x008ccd33) x26 0x7fffffffffffffff
core   0: 0x0000000080005956 (0x0ff0000f) fence   iorw,iorw
core   0: 1 0x0000000080005956 (0x0ff0000f)
core   0: 0x000000008000595a (0x2150fb13) andi    s6, ra, 533
core   0: 1 0x000000008000595a (0x2150fb13) x22 0x0000000000000014
core   0: 0x000000008000595e (0x0130541b) srliw   s0, zero, 19
core   0: 1 0x000000008000595e (0x0130541b) x8  0x0000000000000000
core   0: 0x0000000080005962 (0x0167173b) sllw    a4, a4, s6
core   0: 1 0x0000000080005962 (0x0167173b) x14 0x0000000000200000
core   0: 0x0000000080005966 (0xc21ef053) fcvt.wu.d zero, ft9
core   0: 1 0x0000000080005966 (0xc21ef053) c1_fflags 0x000000000000001f
core   0: 0x000000008000596a (0x0380f43b) remuw   s0, ra, s8
core   0: 1 0x000000008000596a (0x0380f43b) x8  0xffffffff80004014
core   0: 0x000000008000596e (0x90f03697) auipc   a3, 0x90f03
core   0: 1 0x000000008000596e (0x90f03697) x13 0x0000000010f0896e
core   0: 0x0000000080005972 (0x001bde1b) srliw   t3, s7, 1
core   0: 1 0x0000000080005972 (0x001bde1b) x28 0x000000000000080d
core   0: 0x0000000080005976 (0x037424b3) mulhsu  s1, s0, s7
core   0: 1 0x0000000080005976 (0x037424b3) x9  0xffffffffffffffff
core   0: 0x000000008000597a (0xf15050f3) csrrwi  ra, mconfigptr, 0
core   0: exception trap_illegal_instruction, epc 0x000000008000597a
core   0:           tval 0x00000000f15050f3
core   0: >>>>  $xrv64i2p1_m2p0_a2p1_f2p2_d2p2_zicsr2p0_zifencei2p0_zmmul1p0_zba1p0_zbb1p0_zbc1p0_zbs1p0
core   0: 0x0000000080004000 (0x0080006f) j       pc + 0x8
core   0: 3 0x0000000080004000 (0x0080006f)
core   0: >>>>  mmode_exception_handler
core   0: 0x0000000080004008 (0x00002c17) auipc   s8, 0x2
core   0: 3 0x0000000080004008 (0x00002c17) x24 0x0000000080006008
core   0: 0x000000008000400c (0x090c0c13) addi    s8, s8, 144
core   0: 3 0x000000008000400c (0x090c0c13) x24 0x0000000080006098
core   0: 0x0000000080004010 (0x000c00e7) jalr    s8
core   0: 3 0x0000000080004010 (0x000c00e7) x1  0x0000000080004014
core   0: >>>>  any_handler
core   0: 0x0000000080006098 (0x341027f3) csrrs   a5, mepc, zero
core   0: 3 0x0000000080006098 (0x341027f3) x15 0x000000008000597a
core   0: 0x000000008000609c (0x34202773) csrrs   a4, mcause, zero
core   0: 3 0x000000008000609c (0x34202773) x14 0x0000000000000002
core   0: 0x00000000800060a0 (0x142026f3) csrrs   a3, scause, zero
core   0: 3 0x00000000800060a0 (0x142026f3) x13 0x0000000000000000
core   0: 0x00000000800060a4 (0x30402673) csrrs   a2, mie, zero
core   0: 3 0x00000000800060a4 (0x30402673) x12 0x0000000000000a00
core   0: 0x00000000800060a8 (0x344025f3) csrrs   a1, mip, zero
core   0: 3 0x00000000800060a8 (0x344025f3) x11 0x0000000000000080
core   0: 0x00000000800060ac (0x343025f3) csrrs   a1, mtval, zero
core   0: 3 0x00000000800060ac (0x343025f3) x11 0x00000000f15050f3
core   0: 0x00000000800060b0 (0x14302573) csrrs   a0, stval, zero
core   0: 3 0x00000000800060b0 (0x14302573) x10 0x0000000000000009
core   0: 0x00000000800060b4 (0xb02024f3) csrrs   s1, minstret, zero
core   0: 3 0x00000000800060b4 (0xb02024f3) x9  0x000000000000105c
core   0: 0x00000000800060b8 (0x0000a811) c.j     pc + 20
core   0: 3 0x00000000800060b8 (0xa811)
core   0: >>>>  mepc_4
core   0: 0x00000000800060cc (0x00000791) c.addi  a5, 4
core   0: 3 0x00000000800060cc (0x0791) x15 0x000000008000597e
core   0: 0x00000000800060ce (0x34179073) csrrw   zero, mepc, a5
core   0: 3 0x00000000800060ce (0x34179073) c833_mepc 0x000000008000597e
core   0: 0x00000000800060d2 (0x30200073) mret
core   0: 3 0x00000000800060d2 (0x30200073) c768_mstatus 0x8000000a001c60a0
core   0: 0x000000008000597e (0x21268693) addi    a3, a3, 530
core   0: 1 0x000000008000597e (0x21268693) x13 0x0000000000000212
core   0: 0x0000000080005982 (0x236015d3) fsgnjn.d fa1, ft0, fs6
core   0: 1 0x0000000080005982 (0x236015d3) f11 0xfff8000000000000
core   0: 0x0000000080005986 (0x22359a53) fsgnjn.d fs4, fa1, ft3
core   0: 1 0x0000000080005986 (0x22359a53) f20 0xfff8000000000000
core   0: 0x000000008000598a (0xd20086d3) fcvt.d.w fa3, ra
core   0: 1 0x000000008000598a (0xd20086d3) f13 0xc1dfffeffb000000
core   0: 0x000000008000598e (0x0ff0000f) fence   iorw,iorw
core   0: 1 0x000000008000598e (0x0ff0000f)
core   0: 0x0000000080005992 (0x0342ea33) rem     s4, t0, s4
core   0: 1 0x0000000080005992 (0x0342ea33) x20 0x0000000000000000
core   0: 0x0000000080005996 (0x022111b3) mulh    gp, sp, sp
core   0: 1 0x0000000080005996 (0x022111b3) x3  0x0000000000000000
core   0: 0x000000008000599a (0x025169b3) rem     s3, sp, t0
core   0: 1 0x000000008000599a (0x025169b3) x19 0x0000000001ccd936
core   0: 0x000000008000599e (0xfff06593) ori     a1, zero, -1
core   0: 1 0x000000008000599e (0xfff06593) x11 0xffffffffffffffff
core   0: 0x00000000800059a2 (0x017e07bb) addw    a5, t3, s7
core   0: 1 0x00000000800059a2 (0x017e07bb) x15 0x0000000000001827
core   0: 0x00000000800059a6 (0x0197dd33) srl     s10, a5, s9
core   0: 1 0x00000000800059a6 (0x0197dd33) x26 0x0000000000000000
core   0: 0x00000000800059aa (0x02c5e63b) remw    a2, a1, a2
core   0: 1 0x00000000800059aa (0x02c5e63b) x12 0xffffffffffffffff
core   0: 0x00000000800059ae (0xc2227ed3) fcvt.l.d t4, ft4
core   0: 1 0x00000000800059ae (0xc2227ed3) x29 0x0000000000000000
core   0: 0x00000000800059b2 (0x00b305bb) addw    a1, t1, a1
core   0: 1 0x00000000800059b2 (0x00b305bb) x11 0xffffffffffffffff
core   0: 0x00000000800059b6 (0x00009436) c.add   s0, a3
core   0: 1 0x00000000800059b6 (0x9436) x8  0xffffffff80004226
core   0: 0x00000000800059b8 (0x00202bf3) csrrs   s7, frm, zero
core   0: 1 0x00000000800059b8 (0x00202bf3) x23 0x0000000000000000
core   0: 0x00000000800059bc (0x0247e233) rem     tp, a5, tp
core   0: 1 0x00000000800059bc (0x0247e233) x4  0x0000000000001827
core   0: 0x00000000800059c0 (0x0002d89b) srliw   a7, t0, 0
core   0: 1 0x00000000800059c0 (0x0002d89b) x17 0xffffffff800054ca
core   0: 0x00000000800059c4 (0x0110dcbb) srlw    s9, ra, a7
core   0: 1 0x00000000800059c4 (0x0110dcbb) x25 0x0000000000200010
core   0: 0x00000000800059c8 (0x027322b3) mulhsu  t0, t1, t2
core   0: 1 0x00000000800059c8 (0x027322b3) x5  0x0000000000000000
core   0: 0x00000000800059cc (0xa22a0ad3) fle.d   s5, fs4, ft2
core   0: 1 0x00000000800059cc (0xa22a0ad3) c1_fflags 0x000000000000001f x21 0x0000000000000000
core   0: 0x00000000800059d0 (0xfffe8693) addi    a3, t4, -1
core   0: 1 0x00000000800059d0 (0xfffe8693) x13 0xffffffffffffffff
core   0: 0x00000000800059d4 (0x4003dc93) srai    s9, t2, 0
core   0: 1 0x00000000800059d4 (0x4003dc93) x25 0x0000000000004000
core   0: 0x00000000800059d8 (0x039c1213) slli    tp, s8, 57
core   0: 1 0x00000000800059d8 (0x039c1213) x4  0x3000000000000000
core   0: 0x00000000800059dc (0xd231fe53) fcvt.d.lu ft8, gp
core   0: 1 0x00000000800059dc (0xd231fe53) f28 0x0000000000000000
core   0: 0x00000000800059e0 (0x415a59b3) sra     s3, s4, s5
core   0: 1 0x00000000800059e0 (0x415a59b3) x19 0x0000000000000000
core   0: 0x00000000800059e4 (0x029d5d33) divu    s10, s10, s1
core   0: 1 0x00000000800059e4 (0x029d5d33) x26 0x0000000000000000
core   0: 0x00000000800059e8 (0xc02278d3) fcvt.l.s a7, ft4
core   0: 1 0x00000000800059e8 (0xc02278d3) c1_fflags 0x000000000000001f x17 0x7fffffffffffffff
core   0: 0x00000000800059ec (0x420e0553) fcvt.d.s fa0, ft8
core   0: 1 0x00000000800059ec (0x420e0553) f10 0x7ff8000000000000
core   0: 0x00000000800059f0 (0x00006671) c.lui   a2, 0x1c
core   0: 1 0x00000000800059f0 (0x6671) x12 0x000000000001c000
core   0: 0x00000000800059f2 (0x00102af3) csrrs   s5, fflags, zero
core   0: 1 0x00000000800059f2 (0x00102af3) x21 0x000000000000001f
core   0: 0x00000000800059f6 (0x01764433) xor     s0, a2, s7
core   0: 1 0x00000000800059f6 (0x01764433) x8  0x000000000001c000
core   0: 0x00000000800059fa (0x00008881) c.andi  s1, 0
core   0: 1 0x00000000800059fa (0x8881) x9  0x0000000000000000
core   0: 0x00000000800059fc (0x00000cf2) c.slli  s9, 28
core   0: 1 0x00000000800059fc (0x0cf2) x25 0x0000040000000000
core   0: 0x00000000800059fe (0x00000001) c.nop
core   0: 1 0x00000000800059fe (0x0001)
core   0: 0x0000000080005a00 (0xc20e7253) fcvt.w.d tp, ft8
core   0: 1 0x0000000080005a00 (0xc20e7253) x4  0x0000000000000000
core   0: 0x0000000080005a04 (0xc0307a73) csrrci  s4, hpmcounter3, 0
core   0: exception trap_illegal_instruction, epc 0x0000000080005a04
core   0:           tval 0x00000000c0307a73
core   0: >>>>  $xrv64i2p1_m2p0_a2p1_f2p2_d2p2_zicsr2p0_zifencei2p0_zmmul1p0_zba1p0_zbb1p0_zbc1p0_zbs1p0
core   0: 0x0000000080004000 (0x0080006f) j       pc + 0x8
core   0: 3 0x0000000080004000 (0x0080006f)
core   0: >>>>  mmode_exception_handler
core   0: 0x0000000080004008 (0x00002c17) auipc   s8, 0x2
core   0: 3 0x0000000080004008 (0x00002c17) x24 0x0000000080006008
core   0: 0x000000008000400c (0x090c0c13) addi    s8, s8, 144
core   0: 3 0x000000008000400c (0x090c0c13) x24 0x0000000080006098
core   0: 0x0000000080004010 (0x000c00e7) jalr    s8
core   0: 3 0x0000000080004010 (0x000c00e7) x1  0x0000000080004014
core   0: >>>>  any_handler
core   0: 0x0000000080006098 (0x341027f3) csrrs   a5, mepc, zero
core   0: 3 0x0000000080006098 (0x341027f3) x15 0x0000000080005a04
core   0: 0x000000008000609c (0x34202773) csrrs   a4, mcause, zero
core   0: 3 0x000000008000609c (0x34202773) x14 0x0000000000000002
core   0: 0x00000000800060a0 (0x142026f3) csrrs   a3, scause, zero
core   0: 3 0x00000000800060a0 (0x142026f3) x13 0x0000000000000000
core   0: 0x00000000800060a4 (0x30402673) csrrs   a2, mie, zero
core   0: 3 0x00000000800060a4 (0x30402673) x12 0x0000000000000a00
core   0: 0x00000000800060a8 (0x344025f3) csrrs   a1, mip, zero
core   0: 3 0x00000000800060a8 (0x344025f3) x11 0x0000000000000080
core   0: 0x00000000800060ac (0x343025f3) csrrs   a1, mtval, zero
core   0: 3 0x00000000800060ac (0x343025f3) x11 0x00000000c0307a73
core   0: 0x00000000800060b0 (0x14302573) csrrs   a0, stval, zero
core   0: 3 0x00000000800060b0 (0x14302573) x10 0x0000000000000009
core   0: 0x00000000800060b4 (0xb02024f3) csrrs   s1, minstret, zero
core   0: 3 0x00000000800060b4 (0xb02024f3) x9  0x0000000000001090
core   0: 0x00000000800060b8 (0x0000a811) c.j     pc + 20
core   0: 3 0x00000000800060b8 (0xa811)
core   0: >>>>  mepc_4
core   0: 0x00000000800060cc (0x00000791) c.addi  a5, 4
core   0: 3 0x00000000800060cc (0x0791) x15 0x0000000080005a08
core   0: 0x00000000800060ce (0x34179073) csrrw   zero, mepc, a5
core   0: 3 0x00000000800060ce (0x34179073) c833_mepc 0x0000000080005a08
core   0: 0x00000000800060d2 (0x30200073) mret
core   0: 3 0x00000000800060d2 (0x30200073) c768_mstatus 0x8000000a001c60a0
core   0: 0x0000000080005a08 (0x00425193) srli    gp, tp, 4
core   0: 1 0x0000000080005a08 (0x00425193) x3  0x0000000000000000
core   0: 0x0000000080005a0c (0xfa9474c3) fmadd.d fs1, fs0, fs1, ft11
core   0: 1 0x0000000080005a0c (0xfa9474c3) f9  0x7ff8000000000000
core   0: 0x0000000080005a10 (0x00000001) c.nop
core   0: 1 0x0000000080005a10 (0x0001)
core   0: 0x0000000080005a12 (0x023a4b33) div     s6, s4, gp
core   0: 1 0x0000000080005a12 (0x023a4b33) x22 0xffffffffffffffff
core   0: 0x0000000080005a16 (0x22901253) fsgnjn.d ft4, ft0, fs1
core   0: 1 0x0000000080005a16 (0x22901253) f4  0xfff8000000000000
core   0: 0x0000000080005a1a (0x0298703b) remuw   zero, a6, s1
core   0: 1 0x0000000080005a1a (0x0298703b)
core   0: 0x0000000080005a1e (0x027883b3) mul     t2, a7, t2
core   0: 1 0x0000000080005a1e (0x027883b3) x7  0xffffffffffffc000
core   0: 0x0000000080005a22 (0x02b5e733) rem     a4, a1, a1
core   0: 1 0x0000000080005a22 (0x02b5e733) x14 0x0000000000000000
core   0: 0x0000000080005a26 (0x02e40433) mul     s0, s0, a4
core   0: 1 0x0000000080005a26 (0x02e40433) x8  0x0000000000000000
core   0: 0x0000000080005a2a (0xc36f7fc7) fmsub.d ft11, ft10, fs6, fs8
core   0: 1 0x0000000080005a2a (0xc36f7fc7) f31 0x7ff8000000000000
core   0: 0x0000000080005a2e (0x408282bb) subw    t0, t0, s0
core   0: 1 0x0000000080005a2e (0x408282bb) x5  0x0000000000000000
core   0: 0x0000000080005a32 (0x416c0b3b) subw    s6, s8, s6
core   0: 1 0x0000000080005a32 (0x416c0b3b) x22 0xffffffff80006099
core   0: 0x0000000080005a36 (0x00000001) c.nop
core   0: 1 0x0000000080005a36 (0x0001)
core   0: 0x0000000080005a38 (0x12a3f7c3) fmadd.d fa5, ft7, fa0, ft2
core   0: 1 0x0000000080005a38 (0x12a3f7c3) f15 0x7ff8000000000000
core   0: 0x0000000080005a3c (0x0042fb33) and     s6, t0, tp
core   0: 1 0x0000000080005a3c (0x0042fb33) x22 0x0000000000000000
core   0: 0x0000000080005a40 (0x015ad693) srli    a3, s5, 21
core   0: 1 0x0000000080005a40 (0x015ad693) x13 0x0000000000000000
core   0: 0x0000000080005a44 (0x02568d3b) mulw    s10, a3, t0
core   0: 1 0x0000000080005a44 (0x02568d3b) x26 0x0000000000000000
core   0: 0x0000000080005a48 (0x4229d793) srai    a5, s3, 34
core   0: 1 0x0000000080005a48 (0x4229d793) x15 0x0000000000000000
core   0: 0x0000000080005a4c (0xe4d9cb93) xori    s7, s3, -435
core   0: 1 0x0000000080005a4c (0xe4d9cb93) x23 0xfffffffffffffe4d
core   0: 0x0000000080005a50 (0x00002085) c.addiw ra, 1
core   0: 1 0x0000000080005a50 (0x2085) x1  0xffffffff80004015
core   0: 0x0000000080005a52 (0x13b8f853) fmul.d  fa6, fa7, fs11
core   0: 1 0x0000000080005a52 (0x13b8f853) f16 0x7ff8000000000000
core   0: 0x0000000080005a56 (0x0040823b) addw    tp, ra, tp
core   0: 1 0x0000000080005a56 (0x0040823b) x4  0xffffffff80004015
core   0: 0x0000000080005a5a (0x233c92d3) fsgnjn.d ft5, fs9, fs3
core   0: 1 0x0000000080005a5a (0x233c92d3) f5  0xfff8000000000000
core   0: 0x0000000080005a5e (0x006543b3) xor     t2, a0, t1
core   0: 1 0x0000000080005a5e (0x006543b3) x7  0x0000000000000009
core   0: 0x0000000080005a62 (0x3435b273) csrrc   tp, mtval, a1
core   0: exception trap_illegal_instruction, epc 0x0000000080005a62
core   0:           tval 0x000000003435b273
core   0: >>>>  $xrv64i2p1_m2p0_a2p1_f2p2_d2p2_zicsr2p0_zifencei2p0_zmmul1p0_zba1p0_zbb1p0_zbc1p0_zbs1p0
core   0: 0x0000000080004000 (0x0080006f) j       pc + 0x8
core   0: 3 0x0000000080004000 (0x0080006f)
core   0: >>>>  mmode_exception_handler
core   0: 0x0000000080004008 (0x00002c17) auipc   s8, 0x2
core   0: 3 0x0000000080004008 (0x00002c17) x24 0x0000000080006008
core   0: 0x000000008000400c (0x090c0c13) addi    s8, s8, 144
core   0: 3 0x000000008000400c (0x090c0c13) x24 0x0000000080006098
core   0: 0x0000000080004010 (0x000c00e7) jalr    s8
core   0: 3 0x0000000080004010 (0x000c00e7) x1  0x0000000080004014
core   0: >>>>  any_handler
core   0: 0x0000000080006098 (0x341027f3) csrrs   a5, mepc, zero
core   0: 3 0x0000000080006098 (0x341027f3) x15 0x0000000080005a62
core   0: 0x000000008000609c (0x34202773) csrrs   a4, mcause, zero
core   0: 3 0x000000008000609c (0x34202773) x14 0x0000000000000002
core   0: 0x00000000800060a0 (0x142026f3) csrrs   a3, scause, zero
core   0: 3 0x00000000800060a0 (0x142026f3) x13 0x0000000000000000
core   0: 0x00000000800060a4 (0x30402673) csrrs   a2, mie, zero
core   0: 3 0x00000000800060a4 (0x30402673) x12 0x0000000000000a00
core   0: 0x00000000800060a8 (0x344025f3) csrrs   a1, mip, zero
core   0: 3 0x00000000800060a8 (0x344025f3) x11 0x0000000000000080
core   0: 0x00000000800060ac (0x343025f3) csrrs   a1, mtval, zero
core   0: 3 0x00000000800060ac (0x343025f3) x11 0x000000003435b273
core   0: 0x00000000800060b0 (0x14302573) csrrs   a0, stval, zero
core   0: 3 0x00000000800060b0 (0x14302573) x10 0x0000000000000009
core   0: 0x00000000800060b4 (0xb02024f3) csrrs   s1, minstret, zero
core   0: 3 0x00000000800060b4 (0xb02024f3) x9  0x00000000000010b8
core   0: 0x00000000800060b8 (0x0000a811) c.j     pc + 20
core   0: 3 0x00000000800060b8 (0xa811)
core   0: >>>>  mepc_4
core   0: 0x00000000800060cc (0x00000791) c.addi  a5, 4
core   0: 3 0x00000000800060cc (0x0791) x15 0x0000000080005a66
core   0: 0x00000000800060ce (0x34179073) csrrw   zero, mepc, a5
core   0: 3 0x00000000800060ce (0x34179073) c833_mepc 0x0000000080005a66
core   0: 0x00000000800060d2 (0x30200073) mret
core   0: 3 0x00000000800060d2 (0x30200073) c768_mstatus 0x8000000a001c60a0
core   0: 0x0000000080005a66 (0x00102df3) csrrs   s11, fflags, zero
core   0: 1 0x0000000080005a66 (0x00102df3) x27 0x000000000000001f
core   0: 0x0000000080005a6a (0x03b463b3) rem     t2, s0, s11
core   0: 1 0x0000000080005a6a (0x03b463b3) x7  0x0000000000000000
core   0: 0x0000000080005a6e (0x41b453b3) sra     t2, s0, s11
core   0: 1 0x0000000080005a6e (0x41b453b3) x7  0x0000000000000000
core   0: 0x0000000080005a72 (0x0188dd1b) srliw   s10, a7, 24
core   0: 1 0x0000000080005a72 (0x0188dd1b) x26 0x00000000000000ff
core   0: 0x0000000080005a76 (0xc218f053) fcvt.wu.d zero, fa7
core   0: 1 0x0000000080005a76 (0xc218f053) c1_fflags 0x000000000000001f
core   0: 0x0000000080005a7a (0x03275db3) divu    s11, a4, s2
core   0: 1 0x0000000080005a7a (0x03275db3) x27 0xffffffffffffffff
core   0: 0x0000000080005a7e (0xc032fc53) fcvt.lu.s s8, ft5
core   0: 1 0x0000000080005a7e (0xc032fc53) c1_fflags 0x000000000000001f x24 0xffffffffffffffff
core   0: 0x0000000080005a82 (0xc2387353) fcvt.lu.d t1, fa6
core   0: 1 0x0000000080005a82 (0xc2387353) c1_fflags 0x000000000000001f x6  0xffffffffffffffff
core   0: 0x0000000080005a86 (0x03c9fe33) remu    t3, s3, t3
core   0: 1 0x0000000080005a86 (0x03c9fe33) x28 0x0000000000000000
core   0: 0x0000000080005a8a (0x62cbfa4b) fnmsub.d fs4, fs7, fa2, fa2
core   0: 1 0x0000000080005a8a (0x62cbfa4b) f20 0x7ff8000000000000
core   0: 0x0000000080005a8e (0x7ac2deb7) lui     t4, 0x7ac2d
core   0: 1 0x0000000080005a8e (0x7ac2deb7) x29 0x000000007ac2d000
core   0: 0x0000000080005a92 (0x75be8893) addi    a7, t4, 1883
core   0: 1 0x0000000080005a92 (0x75be8893) x17 0x000000007ac2d75b
core   0: 0x0000000080005a96 (0xf11fd2f3) csrrwi  t0, mvendorid, 31
core   0: exception trap_illegal_instruction, epc 0x0000000080005a96
core   0:           tval 0x00000000f11fd2f3
core   0: >>>>  $xrv64i2p1_m2p0_a2p1_f2p2_d2p2_zicsr2p0_zifencei2p0_zmmul1p0_zba1p0_zbb1p0_zbc1p0_zbs1p0
core   0: 0x0000000080004000 (0x0080006f) j       pc + 0x8
core   0: 3 0x0000000080004000 (0x0080006f)
core   0: >>>>  mmode_exception_handler
core   0: 0x0000000080004008 (0x00002c17) auipc   s8, 0x2
core   0: 3 0x0000000080004008 (0x00002c17) x24 0x0000000080006008
core   0: 0x000000008000400c (0x090c0c13) addi    s8, s8, 144
core   0: 3 0x000000008000400c (0x090c0c13) x24 0x0000000080006098
core   0: 0x0000000080004010 (0x000c00e7) jalr    s8
core   0: 3 0x0000000080004010 (0x000c00e7) x1  0x0000000080004014
core   0: >>>>  any_handler
core   0: 0x0000000080006098 (0x341027f3) csrrs   a5, mepc, zero
core   0: 3 0x0000000080006098 (0x341027f3) x15 0x0000000080005a96
core   0: 0x000000008000609c (0x34202773) csrrs   a4, mcause, zero
core   0: 3 0x000000008000609c (0x34202773) x14 0x0000000000000002
core   0: 0x00000000800060a0 (0x142026f3) csrrs   a3, scause, zero
core   0: 3 0x00000000800060a0 (0x142026f3) x13 0x0000000000000000
core   0: 0x00000000800060a4 (0x30402673) csrrs   a2, mie, zero
core   0: 3 0x00000000800060a4 (0x30402673) x12 0x0000000000000a00
core   0: 0x00000000800060a8 (0x344025f3) csrrs   a1, mip, zero
core   0: 3 0x00000000800060a8 (0x344025f3) x11 0x0000000000000080
core   0: 0x00000000800060ac (0x343025f3) csrrs   a1, mtval, zero
core   0: 3 0x00000000800060ac (0x343025f3) x11 0x00000000f11fd2f3
core   0: 0x00000000800060b0 (0x14302573) csrrs   a0, stval, zero
core   0: 3 0x00000000800060b0 (0x14302573) x10 0x0000000000000009
core   0: 0x00000000800060b4 (0xb02024f3) csrrs   s1, minstret, zero
core   0: 3 0x00000000800060b4 (0xb02024f3) x9  0x00000000000010d4
core   0: 0x00000000800060b8 (0x0000a811) c.j     pc + 20
core   0: 3 0x00000000800060b8 (0xa811)
core   0: >>>>  mepc_4
core   0: 0x00000000800060cc (0x00000791) c.addi  a5, 4
core   0: 3 0x00000000800060cc (0x0791) x15 0x0000000080005a9a
core   0: 0x00000000800060ce (0x34179073) csrrw   zero, mepc, a5
core   0: 3 0x00000000800060ce (0x34179073) c833_mepc 0x0000000080005a9a
core   0: 0x00000000800060d2 (0x30200073) mret
core   0: 3 0x00000000800060d2 (0x30200073) c768_mstatus 0x8000000a001c60a0
core   0: 0x0000000080005a9a (0x011088bb) addw    a7, ra, a7
core   0: 1 0x0000000080005a9a (0x011088bb) x17 0xfffffffffac3176f
core   0: 0x0000000080005a9e (0x0ff0000f) fence   iorw,iorw
core   0: 1 0x0000000080005a9e (0x0ff0000f)
core   0: 0x0000000080005aa2 (0x02d6f153) fadd.d  ft2, fa3, fa3
core   0: 1 0x0000000080005aa2 (0x02d6f153) f2  0xc1efffeffb000000
core   0: 0x0000000080005aa6 (0xc226fb53) fcvt.l.d s6, fa3
core   0: 1 0x0000000080005aa6 (0xc226fb53) x22 0xffffffff80004014
core   0: 0x0000000080005aaa (0x019e53b3) srl     t2, t3, s9
core   0: 1 0x0000000080005aaa (0x019e53b3) x7  0x0000000000000000
core   0: 0x0000000080005aae (0x001b9273) csrrw   tp, fflags, s7
core   0: 1 0x0000000080005aae (0x001b9273) x4  0x000000000000001f c1_fflags 0x000000000000000d
core   0: 0x0000000080005ab2 (0x1280ff53) fmul.d  ft10, ft1, fs0
core   0: 1 0x0000000080005ab2 (0x1280ff53) f30 0x7ff8000000000000
core   0: 0x0000000080005ab6 (0x4012de93) srai    t4, t0, 1
core   0: 1 0x0000000080005ab6 (0x4012de93) x29 0x0000000000000000
core   0: 0x0000000080005aba (0x012217bb) sllw    a5, tp, s2
core   0: 1 0x0000000080005aba (0x012217bb) x15 0x000000000000001f
core   0: 0x0000000080005abe (0x0135103b) sllw    zero, a0, s3
core   0: 1 0x0000000080005abe (0x0135103b)
core   0: 0x0000000080005ac2 (0x1a52fc53) fdiv.d  fs8, ft5, ft5
core   0: 1 0x0000000080005ac2 (0x1a52fc53) f24 0x7ff8000000000000
core   0: 0x0000000080005ac6 (0x001999f3) csrrw   s3, fflags, s3
core   0: 1 0x0000000080005ac6 (0x001999f3) x19 0x000000000000000d c1_fflags 0x0000000000000000
core   0: 0x0000000080005aca (0x03d44d3b) divw    s10, s0, t4
core   0: 1 0x0000000080005aca (0x03d44d3b) x26 0xffffffffffffffff
core   0: 0x0000000080005ace (0x1b8b78d3) fdiv.d  fa7, fs6, fs8
core   0: 1 0x0000000080005ace (0x1b8b78d3) f17 0x7ff8000000000000
core   0: 0x0000000080005ad2 (0x42060ad3) fcvt.d.s fs5, fa2
core   0: 1 0x0000000080005ad2 (0x42060ad3) f21 0x7ff8000000000000
core   0: 0x0000000080005ad6 (0x00dd61b3) or      gp, s10, a3
core   0: 1 0x0000000080005ad6 (0x00dd61b3) x3  0xffffffffffffffff
core   0: 0x0000000080005ada (0x1a927d53) fdiv.d  fs10, ft4, fs1
core   0: 1 0x0000000080005ada (0x1a927d53) f26 0x7ff8000000000000
core   0: 0x0000000080005ade (0x0362bbb3) mulhu   s7, t0, s6
core   0: 1 0x0000000080005ade (0x0362bbb3) x23 0x0000000000000000
core   0: 0x0000000080005ae2 (0x41978cbb) subw    s9, a5, s9
core   0: 1 0x0000000080005ae2 (0x41978cbb) x25 0x000000000000001f
core   0: 0x0000000080005ae6 (0x0077cd33) xor     s10, a5, t2
core   0: 1 0x0000000080005ae6 (0x0077cd33) x26 0x000000000000001f
core   0: 0x0000000080005aea (0x34089ef3) csrrw   t4, mscratch, a7
core   0: exception trap_illegal_instruction, epc 0x0000000080005aea
core   0:           tval 0x0000000034089ef3
core   0: >>>>  $xrv64i2p1_m2p0_a2p1_f2p2_d2p2_zicsr2p0_zifencei2p0_zmmul1p0_zba1p0_zbb1p0_zbc1p0_zbs1p0
core   0: 0x0000000080004000 (0x0080006f) j       pc + 0x8
core   0: 3 0x0000000080004000 (0x0080006f)
core   0: >>>>  mmode_exception_handler
core   0: 0x0000000080004008 (0x00002c17) auipc   s8, 0x2
core   0: 3 0x0000000080004008 (0x00002c17) x24 0x0000000080006008
core   0: 0x000000008000400c (0x090c0c13) addi    s8, s8, 144
core   0: 3 0x000000008000400c (0x090c0c13) x24 0x0000000080006098
core   0: 0x0000000080004010 (0x000c00e7) jalr    s8
core   0: 3 0x0000000080004010 (0x000c00e7) x1  0x0000000080004014
core   0: >>>>  any_handler
core   0: 0x0000000080006098 (0x341027f3) csrrs   a5, mepc, zero
core   0: 3 0x0000000080006098 (0x341027f3) x15 0x0000000080005aea
core   0: 0x000000008000609c (0x34202773) csrrs   a4, mcause, zero
core   0: 3 0x000000008000609c (0x34202773) x14 0x0000000000000002
core   0: 0x00000000800060a0 (0x142026f3) csrrs   a3, scause, zero
core   0: 3 0x00000000800060a0 (0x142026f3) x13 0x0000000000000000
core   0: 0x00000000800060a4 (0x30402673) csrrs   a2, mie, zero
core   0: 3 0x00000000800060a4 (0x30402673) x12 0x0000000000000a00
core   0: 0x00000000800060a8 (0x344025f3) csrrs   a1, mip, zero
core   0: 3 0x00000000800060a8 (0x344025f3) x11 0x0000000000000080
core   0: 0x00000000800060ac (0x343025f3) csrrs   a1, mtval, zero
core   0: 3 0x00000000800060ac (0x343025f3) x11 0x0000000034089ef3
core   0: 0x00000000800060b0 (0x14302573) csrrs   a0, stval, zero
core   0: 3 0x00000000800060b0 (0x14302573) x10 0x0000000000000009
core   0: 0x00000000800060b4 (0xb02024f3) csrrs   s1, minstret, zero
core   0: 3 0x00000000800060b4 (0xb02024f3) x9  0x00000000000010f8
core   0: 0x00000000800060b8 (0x0000a811) c.j     pc + 20
core   0: 3 0x00000000800060b8 (0xa811)
core   0: >>>>  mepc_4
core   0: 0x00000000800060cc (0x00000791) c.addi  a5, 4
core   0: 3 0x00000000800060cc (0x0791) x15 0x0000000080005aee
core   0: 0x00000000800060ce (0x34179073) csrrw   zero, mepc, a5
core   0: 3 0x00000000800060ce (0x34179073) c833_mepc 0x0000000080005aee
core   0: 0x00000000800060d2 (0x30200073) mret
core   0: 3 0x00000000800060d2 (0x30200073) c768_mstatus 0x8000000a001c60a0
core   0: 0x0000000080005aee (0x13a7f253) fmul.d  ft4, fa5, fs10
core   0: 1 0x0000000080005aee (0x13a7f253) f4  0x7ff8000000000000
core   0: 0x0000000080005af2 (0x011cd433) srl     s0, s9, a7
core   0: 1 0x0000000080005af2 (0x011cd433) x8  0x0000000000000000
core   0: 0x0000000080005af6 (0x5a08fcd3) fsqrt.d fs9, fa7
core   0: 1 0x0000000080005af6 (0x5a08fcd3) f25 0x7ff8000000000000
core   0: 0x0000000080005afa (0xd028f553) fcvt.s.l fa0, a7
core   0: 1 0x0000000080005afa (0xd028f553) c1_fflags 0x0000000000000001 f10 0xffffffffcca79d12
core   0: 0x0000000080005afe (0xd20c8353) fcvt.d.w ft6, s9
core   0: 1 0x0000000080005afe (0xd20c8353) f6  0x403f000000000000
core   0: 0x0000000080005b02 (0x0283f3b3) remu    t2, t2, s0
core   0: 1 0x0000000080005b02 (0x0283f3b3) x7  0x0000000000000000
core   0: 0x0000000080005b06 (0x007401b3) add     gp, s0, t2
core   0: 1 0x0000000080005b06 (0x007401b3) x3  0x0000000000000000
core   0: 0x0000000080005b0a (0xd21c0ad3) fcvt.d.wu fs5, s8
core   0: 1 0x0000000080005b0a (0xd21c0ad3) f21 0x41e0000c13000000
core   0: 0x0000000080005b0e (0x10e08413) addi    s0, ra, 270
core   0: 1 0x0000000080005b0e (0x10e08413) x8  0x0000000080004122
core   0: 0x0000000080005b12 (0x03be60bb) remw    ra, t3, s11
core   0: 1 0x0000000080005b12 (0x03be60bb) x1  0x0000000000000000
core   0: 0x0000000080005b16 (0xc21afad3) fcvt.wu.d s5, fs5
core   0: 1 0x0000000080005b16 (0xc21afad3) x21 0xffffffff80006098
core   0: 0x0000000080005b1a (0xa9ecd4b7) lui     s1, 0xa9ecd
core   0: 1 0x0000000080005b1a (0xa9ecd4b7) x9  0xffffffffa9ecd000
core   0: 0x0000000080005b1e (0xc213fcd3) fcvt.wu.d s9, ft7
core   0: 1 0x0000000080005b1e (0xc213fcd3) c1_fflags 0x0000000000000011 x25 0xffffffffffffffff
core   0: 0x0000000080005b22 (0xe20c8153) fmv.x.d sp, fs9
core   0: 1 0x0000000080005b22 (0xe20c8153) x2  0x7ff8000000000000
core   0: 0x0000000080005b26 (0x00a3f333) and     t1, t2, a0
core   0: 1 0x0000000080005b26 (0x00a3f333) x6  0x0000000000000000
core   0: 0x0000000080005b2a (0x8b953613) sltiu   a2, a0, -1863
core   0: 1 0x0000000080005b2a (0x8b953613) x12 0x0000000000000001
core   0: 0x0000000080005b2e (0xd2038dd3) fcvt.d.w fs11, t2
core   0: 1 0x0000000080005b2e (0xd2038dd3) f27 0x0000000000000000
core   0: 0x0000000080005b32 (0x03f4dc13) srli    s8, s1, 63
core   0: 1 0x0000000080005b32 (0x03f4dc13) x24 0x0000000000000001
core   0: 0x0000000080005b36 (0xd2337c53) fcvt.d.lu fs8, t1
core   0: 1 0x0000000080005b36 (0xd2337c53) f24 0x0000000000000000
core   0: 0x0000000080005b3a (0x418a55bb) sraw    a1, s4, s8
core   0: 1 0x0000000080005b3a (0x418a55bb) x11 0x0000000000000000
core   0: 0x0000000080005b3e (0xdb8ff8c7) fmsub.d fa7, ft11, fs8, fs11
core   0: 1 0x0000000080005b3e (0xdb8ff8c7) f17 0x7ff8000000000000
core   0: 0x0000000080005b42 (0x02dc1e13) slli    t3, s8, 45
core   0: 1 0x0000000080005b42 (0x02dc1e13) x28 0x0000200000000000
core   0: 0x0000000080005b46 (0xc204f953) fcvt.w.d s2, fs1
core   0: 1 0x0000000080005b46 (0xc204f953) c1_fflags 0x0000000000000011 x18 0x000000007fffffff
core   0: 0x0000000080005b4a (0xa3334437) lui     s0, 0xa3334
core   0: 1 0x0000000080005b4a (0xa3334437) x8  0xffffffffa3334000
core   0: 0x0000000080005b4e (0xc024f353) fcvt.l.s t1, fs1
core   0: 1 0x0000000080005b4e (0xc024f353) c1_fflags 0x0000000000000011 x6  0x7fffffffffffffff
core   0: 0x0000000080005b52 (0xc20e7cd3) fcvt.w.d s9, ft8
core   0: 1 0x0000000080005b52 (0xc20e7cd3) x25 0x0000000000000000
core   0: 0x0000000080005b56 (0xc02c7ad3) fcvt.l.s s5, fs8
core   0: 1 0x0000000080005b56 (0xc02c7ad3) c1_fflags 0x0000000000000011 x21 0x7fffffffffffffff
core   0: 0x0000000080005b5a (0x420383d3) fcvt.d.s ft7, ft7
core   0: 1 0x0000000080005b5a (0x420383d3) f7  0x7ff8000000000000
core   0: 0x0000000080005b5e (0x0ff0000f) fence   iorw,iorw
core   0: 1 0x0000000080005b5e (0x0ff0000f)
core   0: 0x0000000080005b62 (0x039c28b3) mulhsu  a7, s8, s9
core   0: 1 0x0000000080005b62 (0x039c28b3) x17 0x0000000000000000
core   0: 0x0000000080005b66 (0x008e5b3b) srlw    s6, t3, s0
core   0: 1 0x0000000080005b66 (0x008e5b3b) x22 0x0000000000000000
core   0: 0x0000000080005b6a (0x22470ed3) fsgnj.d ft9, fa4, ft4
core   0: 1 0x0000000080005b6a (0x22470ed3) f29 0x41edca2dede00000
core   0: 0x0000000080005b6e (0xf150ad73) csrrs   s10, mconfigptr, ra
core   0: exception trap_illegal_instruction, epc 0x0000000080005b6e
core   0:           tval 0x00000000f150ad73
core   0: >>>>  $xrv64i2p1_m2p0_a2p1_f2p2_d2p2_zicsr2p0_zifencei2p0_zmmul1p0_zba1p0_zbb1p0_zbc1p0_zbs1p0
core   0: 0x0000000080004000 (0x0080006f) j       pc + 0x8
core   0: 3 0x0000000080004000 (0x0080006f)
core   0: >>>>  mmode_exception_handler
core   0: 0x0000000080004008 (0x00002c17) auipc   s8, 0x2
core   0: 3 0x0000000080004008 (0x00002c17) x24 0x0000000080006008
core   0: 0x000000008000400c (0x090c0c13) addi    s8, s8, 144
core   0: 3 0x000000008000400c (0x090c0c13) x24 0x0000000080006098
core   0: 0x0000000080004010 (0x000c00e7) jalr    s8
core   0: 3 0x0000000080004010 (0x000c00e7) x1  0x0000000080004014
core   0: >>>>  any_handler
core   0: 0x0000000080006098 (0x341027f3) csrrs   a5, mepc, zero
core   0: 3 0x0000000080006098 (0x341027f3) x15 0x0000000080005b6e
core   0: 0x000000008000609c (0x34202773) csrrs   a4, mcause, zero
core   0: 3 0x000000008000609c (0x34202773) x14 0x0000000000000002
core   0: 0x00000000800060a0 (0x142026f3) csrrs   a3, scause, zero
core   0: 3 0x00000000800060a0 (0x142026f3) x13 0x0000000000000000
core   0: 0x00000000800060a4 (0x30402673) csrrs   a2, mie, zero
core   0: 3 0x00000000800060a4 (0x30402673) x12 0x0000000000000a00
core   0: 0x00000000800060a8 (0x344025f3) csrrs   a1, mip, zero
core   0: 3 0x00000000800060a8 (0x344025f3) x11 0x0000000000000080
core   0: 0x00000000800060ac (0x343025f3) csrrs   a1, mtval, zero
core   0: 3 0x00000000800060ac (0x343025f3) x11 0x00000000f150ad73
core   0: 0x00000000800060b0 (0x14302573) csrrs   a0, stval, zero
core   0: 3 0x00000000800060b0 (0x14302573) x10 0x0000000000000009
core   0: 0x00000000800060b4 (0xb02024f3) csrrs   s1, minstret, zero
core   0: 3 0x00000000800060b4 (0xb02024f3) x9  0x0000000000001128
core   0: 0x00000000800060b8 (0x0000a811) c.j     pc + 20
core   0: 3 0x00000000800060b8 (0xa811)
core   0: >>>>  mepc_4
core   0: 0x00000000800060cc (0x00000791) c.addi  a5, 4
core   0: 3 0x00000000800060cc (0x0791) x15 0x0000000080005b72
core   0: 0x00000000800060ce (0x34179073) csrrw   zero, mepc, a5
core   0: 3 0x00000000800060ce (0x34179073) c833_mepc 0x0000000080005b72
core   0: 0x00000000800060d2 (0x30200073) mret
core   0: 3 0x00000000800060d2 (0x30200073) c768_mstatus 0x8000000a001c60a0
core   0: 0x0000000080005b72 (0x031a2b33) mulhsu  s6, s4, a7
core   0: 1 0x0000000080005b72 (0x031a2b33) x22 0x0000000000000000
core   0: 0x0000000080005b76 (0x1f074713) xori    a4, a4, 496
core   0: 1 0x0000000080005b76 (0x1f074713) x14 0x00000000000001f2
core   0: 0x0000000080005b7a (0x00102bf3) csrrs   s7, fflags, zero
core   0: 1 0x0000000080005b7a (0x00102bf3) x23 0x0000000000000011
core   0: 0x0000000080005b7e (0x406309b3) sub     s3, t1, t1
core   0: 1 0x0000000080005b7e (0x406309b3) x19 0x0000000000000000
core   0: 0x0000000080005b82 (0x230493d3) fsgnjn.d ft7, fs1, fa6
core   0: 1 0x0000000080005b82 (0x230493d3) f7  0xfff8000000000000
core   0: 0x0000000080005b86 (0x013ec833) xor     a6, t4, s3
core   0: 1 0x0000000080005b86 (0x013ec833) x16 0x0000000000000000
core   0: 0x0000000080005b8a (0x025458b3) divu    a7, s0, t0
core   0: 1 0x0000000080005b8a (0x025458b3) x17 0xffffffffffffffff
core   0: 0x0000000080005b8e (0x000841b3) xor     gp, a6, zero
core   0: 1 0x0000000080005b8e (0x000841b3) x3  0x0000000000000000
core   0: 0x0000000080005b92 (0x01302033) slt     zero, zero, s3
core   0: 1 0x0000000080005b92 (0x01302033)
core   0: 0x0000000080005b96 (0x425d5613) srai    a2, s10, 37
core   0: 1 0x0000000080005b96 (0x425d5613) x12 0x0000000000000000
core   0: 0x0000000080005b9a (0x0096893b) addw    s2, a3, s1
core   0: 1 0x0000000080005b9a (0x0096893b) x18 0x0000000000001128
core   0: 0x0000000080005b9e (0x420005d3) fcvt.d.s fa1, ft0
core   0: 1 0x0000000080005b9e (0x420005d3) f11 0x7ff8000000000000
core   0: 0x0000000080005ba2 (0x407a8bb3) sub     s7, s5, t2
core   0: 1 0x0000000080005ba2 (0x407a8bb3) x23 0x7fffffffffffffff
core   0: 0x0000000080005ba6 (0x5a05f553) fsqrt.d fa0, fa1
core   0: 1 0x0000000080005ba6 (0x5a05f553) f10 0x7ff8000000000000
core   0: 0x0000000080005baa (0x2388001b) addiw   zero, a6, 568
core   0: 1 0x0000000080005baa (0x2388001b)
core   0: 0x0000000080005bae (0xf3ff7dcb) fnmsub.d fs11, ft10, ft11, ft10
core   0: 1 0x0000000080005bae (0xf3ff7dcb) f27 0x7ff8000000000000
core   0: 0x0000000080005bb2 (0x01a55ebb) srlw    t4, a0, s10
core   0: 1 0x0000000080005bb2 (0x01a55ebb) x29 0x0000000000000000
core   0: 0x0000000080005bb6 (0x03ad06b3) mul     a3, s10, s10
core   0: 1 0x0000000080005bb6 (0x03ad06b3) x13 0x00000000000003c1
core   0: 0x0000000080005bba (0xd026f053) fcvt.s.l ft0, a3
core   0: 1 0x0000000080005bba (0xd026f053) f0  0xffffffff44704000
core   0: 0x0000000080005bbe (0xd232f0d3) fcvt.d.lu ft1, t0
core   0: 1 0x0000000080005bbe (0xd232f0d3) f1  0x0000000000000000
core   0: 0x0000000080005bc2 (0x4013fad3) fcvt.s.d fs5, ft7
core   0: 1 0x0000000080005bc2 (0x4013fad3) f21 0xffffffff7fc00000
core   0: 0x0000000080005bc6 (0x000774b3) and     s1, a4, zero
core   0: 1 0x0000000080005bc6 (0x000774b3) x9  0x0000000000000000
core   0: 0x0000000080005bca (0x000073b3) and     t2, zero, zero
core   0: 1 0x0000000080005bca (0x000073b3) x7  0x0000000000000000
core   0: 0x0000000080005bce (0x000b8d1b) sext.w  s10, s7
core   0: 1 0x0000000080005bce (0x000b8d1b) x26 0xffffffffffffffff
core   0: 0x0000000080005bd2 (0x4a3eb117) auipc   sp, 0x4a3eb
core   0: 1 0x0000000080005bd2 (0x4a3eb117) x2  0x00000000ca3f0bd2
core   0: 0x0000000080005bd6 (0xd224f553) fcvt.d.l fa0, s1
core   0: 1 0x0000000080005bd6 (0xd224f553) f10 0x0000000000000000
core   0: 0x0000000080005bda (0x12857753) fmul.d  fa4, fa0, fs0
core   0: 1 0x0000000080005bda (0x12857753) f14 0x7ff8000000000000
core   0: 0x0000000080005bde (0xc2247453) fcvt.l.d s0, fs0
core   0: 1 0x0000000080005bde (0xc2247453) c1_fflags 0x0000000000000011 x8  0x7fffffffffffffff
core   0: 0x0000000080005be2 (0x0bf57fd3) fsub.d  ft11, fa0, ft11
core   0: 1 0x0000000080005be2 (0x0bf57fd3) f31 0x7ff8000000000000
core   0: 0x0000000080005be6 (0xd02e7953) fcvt.s.l fs2, t3
core   0: 1 0x0000000080005be6 (0xd02e7953) f18 0xffffffff56000000
core   0: 0x0000000080005bea (0x004251bb) srlw    gp, tp, tp
core   0: 1 0x0000000080005bea (0x004251bb) x3  0x0000000000000000
core   0: 0x0000000080005bee (0x5691e813) ori     a6, gp, 1385
core   0: 1 0x0000000080005bee (0x5691e813) x16 0x0000000000000569
core   0: 0x0000000080005bf2 (0x011348b3) xor     a7, t1, a7
core   0: 1 0x0000000080005bf2 (0x011348b3) x17 0x8000000000000000
core   0: 0x0000000080005bf6 (0x8009e993) ori     s3, s3, -2048
core   0: 1 0x0000000080005bf6 (0x8009e993) x19 0xfffffffffffff800
core   0: 0x0000000080005bfa (0x00000001) c.nop
core   0: 1 0x0000000080005bfa (0x0001)
core   0: 0x0000000080005bfc (0x4001d19b) sraiw   gp, gp, 0
core   0: 1 0x0000000080005bfc (0x4001d19b) x3  0x0000000000000000
core   0: 0x0000000080005c00 (0x019adab3) srl     s5, s5, s9
core   0: 1 0x0000000080005c00 (0x019adab3) x21 0x7fffffffffffffff
core   0: 0x0000000080005c04 (0x0283c213) xori    tp, t2, 40
core   0: 1 0x0000000080005c04 (0x0283c213) x4  0x0000000000000028
core   0: 0x0000000080005c08 (0xb323fb13) andi    s6, t2, -1230
core   0: 1 0x0000000080005c08 (0xb323fb13) x22 0x0000000000000000
core   0: 0x0000000080005c0c (0x00ded8b3) srl     a7, t4, a3
core   0: 1 0x0000000080005c0c (0x00ded8b3) x17 0x0000000000000000
core   0: 0x0000000080005c10 (0xc20ffa53) fcvt.w.d s4, ft11
core   0: 1 0x0000000080005c10 (0xc20ffa53) c1_fflags 0x0000000000000011 x20 0x000000007fffffff
core   0: 0x0000000080005c14 (0xcfbc4d13) xori    s10, s8, -773
core   0: 1 0x0000000080005c14 (0xcfbc4d13) x26 0xffffffff7fff9c63
core   0: 0x0000000080005c18 (0x6ac74993) xori    s3, a4, 1708
core   0: 1 0x0000000080005c18 (0x6ac74993) x19 0x000000000000075e
core   0: 0x0000000080005c1c (0x1b2a7a53) fdiv.d  fs4, fs4, fs2
core   0: 1 0x0000000080005c1c (0x1b2a7a53) f20 0x7ff8000000000000
core   0: 0x0000000080005c20 (0x413b8b3b) subw    s6, s7, s3
core   0: 1 0x0000000080005c20 (0x413b8b3b) x22 0xfffffffffffff8a1
core   0: 0x0000000080005c24 (0x80798c1b) addiw   s8, s3, -2041
core   0: 1 0x0000000080005c24 (0x80798c1b) x24 0xffffffffffffff65
core   0: 0x0000000080005c28 (0x0179e1b3) or      gp, s3, s7
core   0: 1 0x0000000080005c28 (0x0179e1b3) x3  0x7fffffffffffffff
core   0: 0x0000000080005c2c (0xb2dd6137) lui     sp, 0xb2dd6
core   0: 1 0x0000000080005c2c (0xb2dd6137) x2  0xffffffffb2dd6000
core   0: 0x0000000080005c30 (0x5a097fd3) fsqrt.d ft11, fs2
core   0: 1 0x0000000080005c30 (0x5a097fd3) f31 0x7ff8000000000000
core   0: 0x0000000080005c34 (0xc0041473) csrrw   s0, cycle, s0
core   0: exception trap_illegal_instruction, epc 0x0000000080005c34
core   0:           tval 0x00000000c0041473
core   0: >>>>  $xrv64i2p1_m2p0_a2p1_f2p2_d2p2_zicsr2p0_zifencei2p0_zmmul1p0_zba1p0_zbb1p0_zbc1p0_zbs1p0
core   0: 0x0000000080004000 (0x0080006f) j       pc + 0x8
core   0: 3 0x0000000080004000 (0x0080006f)
core   0: >>>>  mmode_exception_handler
core   0: 0x0000000080004008 (0x00002c17) auipc   s8, 0x2
core   0: 3 0x0000000080004008 (0x00002c17) x24 0x0000000080006008
core   0: 0x000000008000400c (0x090c0c13) addi    s8, s8, 144
core   0: 3 0x000000008000400c (0x090c0c13) x24 0x0000000080006098
core   0: 0x0000000080004010 (0x000c00e7) jalr    s8
core   0: 3 0x0000000080004010 (0x000c00e7) x1  0x0000000080004014
core   0: >>>>  any_handler
core   0: 0x0000000080006098 (0x341027f3) csrrs   a5, mepc, zero
core   0: 3 0x0000000080006098 (0x341027f3) x15 0x0000000080005c34
core   0: 0x000000008000609c (0x34202773) csrrs   a4, mcause, zero
core   0: 3 0x000000008000609c (0x34202773) x14 0x0000000000000002
core   0: 0x00000000800060a0 (0x142026f3) csrrs   a3, scause, zero
core   0: 3 0x00000000800060a0 (0x142026f3) x13 0x0000000000000000
core   0: 0x00000000800060a4 (0x30402673) csrrs   a2, mie, zero
core   0: 3 0x00000000800060a4 (0x30402673) x12 0x0000000000000a00
core   0: 0x00000000800060a8 (0x344025f3) csrrs   a1, mip, zero
core   0: 3 0x00000000800060a8 (0x344025f3) x11 0x0000000000000080
core   0: 0x00000000800060ac (0x343025f3) csrrs   a1, mtval, zero
core   0: 3 0x00000000800060ac (0x343025f3) x11 0x00000000c0041473
core   0: 0x00000000800060b0 (0x14302573) csrrs   a0, stval, zero
core   0: 3 0x00000000800060b0 (0x14302573) x10 0x0000000000000009
core   0: 0x00000000800060b4 (0xb02024f3) csrrs   s1, minstret, zero
core   0: 3 0x00000000800060b4 (0xb02024f3) x9  0x0000000000001169
core   0: 0x00000000800060b8 (0x0000a811) c.j     pc + 20
core   0: 3 0x00000000800060b8 (0xa811)
core   0: >>>>  mepc_4
core   0: 0x00000000800060cc (0x00000791) c.addi  a5, 4
core   0: 3 0x00000000800060cc (0x0791) x15 0x0000000080005c38
core   0: 0x00000000800060ce (0x34179073) csrrw   zero, mepc, a5
core   0: 3 0x00000000800060ce (0x34179073) c833_mepc 0x0000000080005c38
core   0: 0x00000000800060d2 (0x30200073) mret
core   0: 3 0x00000000800060d2 (0x30200073) c768_mstatus 0x8000000a001c60a0
core   0: 0x0000000080005c38 (0xc200fad3) fcvt.w.d s5, ft1
core   0: 1 0x0000000080005c38 (0xc200fad3) x21 0x0000000000000000
core   0: 0x0000000080005c3c (0x401ad71b) sraiw   a4, s5, 1
core   0: 1 0x0000000080005c3c (0x401ad71b) x14 0x0000000000000000
core   0: 0x0000000080005c40 (0xd2110a53) fcvt.d.wu fs4, sp
core   0: 1 0x0000000080005c40 (0xd2110a53) f20 0x41e65bac00000000
core   0: 0x0000000080005c44 (0xd2050d53) fcvt.d.w fs10, a0
core   0: 1 0x0000000080005c44 (0xd2050d53) f26 0x4022000000000000
core   0: 0x0000000080005c48 (0x00000001) c.nop
core   0: 1 0x0000000080005c48 (0x0001)
core   0: 0x0000000080005c4a (0x40055d93) srai    s11, a0, 0
core   0: 1 0x0000000080005c4a (0x40055d93) x27 0x0000000000000009
core   0: 0x0000000080005c4e (0xfff74093) not     ra, a4
core   0: 1 0x0000000080005c4e (0xfff74093) x1  0xffffffffffffffff
core   0: 0x0000000080005c52 (0x002029f3) csrrs   s3, frm, zero
core   0: 1 0x0000000080005c52 (0x002029f3) x19 0x0000000000000000
core   0: 0x0000000080005c56 (0xc0387553) fcvt.lu.s a0, fa6
core   0: 1 0x0000000080005c56 (0xc0387553) c1_fflags 0x0000000000000011 x10 0xffffffffffffffff
core   0: 0x0000000080005c5a (0x7b0525f3) csrrs   a1, dcsr, a0
core   0: exception trap_illegal_instruction, epc 0x0000000080005c5a
core   0:           tval 0x000000007b0525f3
core   0: >>>>  $xrv64i2p1_m2p0_a2p1_f2p2_d2p2_zicsr2p0_zifencei2p0_zmmul1p0_zba1p0_zbb1p0_zbc1p0_zbs1p0
core   0: 0x0000000080004000 (0x0080006f) j       pc + 0x8
core   0: 3 0x0000000080004000 (0x0080006f)
core   0: >>>>  mmode_exception_handler
core   0: 0x0000000080004008 (0x00002c17) auipc   s8, 0x2
core   0: 3 0x0000000080004008 (0x00002c17) x24 0x0000000080006008
core   0: 0x000000008000400c (0x090c0c13) addi    s8, s8, 144
core   0: 3 0x000000008000400c (0x090c0c13) x24 0x0000000080006098
core   0: 0x0000000080004010 (0x000c00e7) jalr    s8
core   0: 3 0x0000000080004010 (0x000c00e7) x1  0x0000000080004014
core   0: >>>>  any_handler
core   0: 0x0000000080006098 (0x341027f3) csrrs   a5, mepc, zero
core   0: 3 0x0000000080006098 (0x341027f3) x15 0x0000000080005c5a
core   0: 0x000000008000609c (0x34202773) csrrs   a4, mcause, zero
core   0: 3 0x000000008000609c (0x34202773) x14 0x0000000000000002
core   0: 0x00000000800060a0 (0x142026f3) csrrs   a3, scause, zero
core   0: 3 0x00000000800060a0 (0x142026f3) x13 0x0000000000000000
core   0: 0x00000000800060a4 (0x30402673) csrrs   a2, mie, zero
core   0: 3 0x00000000800060a4 (0x30402673) x12 0x0000000000000a00
core   0: 0x00000000800060a8 (0x344025f3) csrrs   a1, mip, zero
core   0: 3 0x00000000800060a8 (0x344025f3) x11 0x0000000000000080
core   0: 0x00000000800060ac (0x343025f3) csrrs   a1, mtval, zero
core   0: 3 0x00000000800060ac (0x343025f3) x11 0x000000007b0525f3
core   0: 0x00000000800060b0 (0x14302573) csrrs   a0, stval, zero
core   0: 3 0x00000000800060b0 (0x14302573) x10 0x0000000000000009
core   0: 0x00000000800060b4 (0xb02024f3) csrrs   s1, minstret, zero
core   0: 3 0x00000000800060b4 (0xb02024f3) x9  0x0000000000001182
core   0: 0x00000000800060b8 (0x0000a811) c.j     pc + 20
core   0: 3 0x00000000800060b8 (0xa811)
core   0: >>>>  mepc_4
core   0: 0x00000000800060cc (0x00000791) c.addi  a5, 4
core   0: 3 0x00000000800060cc (0x0791) x15 0x0000000080005c5e
core   0: 0x00000000800060ce (0x34179073) csrrw   zero, mepc, a5
core   0: 3 0x00000000800060ce (0x34179073) c833_mepc 0x0000000080005c5e
core   0: 0x00000000800060d2 (0x30200073) mret
core   0: 3 0x00000000800060d2 (0x30200073) c768_mstatus 0x8000000a001c60a0
core   0: 0x0000000080005c5e (0x3389fc4b) fnmsub.d fs8, fs3, fs8, ft6
core   0: 1 0x0000000080005c5e (0x3389fc4b) f24 0x403f000000000000
core   0: 0x0000000080005c62 (0x03945433) divu    s0, s0, s9
core   0: 1 0x0000000080005c62 (0x03945433) x8  0xffffffffffffffff
core   0: 0x0000000080005c66 (0x000e1a93) slli    s5, t3, 0
core   0: 1 0x0000000080005c66 (0x000e1a93) x21 0x0000200000000000
core   0: 0x0000000080005c6a (0x023231b3) mulhu   gp, tp, gp
core   0: 1 0x0000000080005c6a (0x023231b3) x3  0x0000000000000013
core   0: 0x0000000080005c6e (0x10c50217) auipc   tp, 0x10c50
core   0: 1 0x0000000080005c6e (0x10c50217) x4  0x0000000090c55c6e
core   0: 0x0000000080005c72 (0xc20d7753) fcvt.w.d a4, fs10
core   0: 1 0x0000000080005c72 (0xc20d7753) x14 0x0000000000000009
core   0: 0x0000000080005c76 (0x00071c3b) sllw    s8, a4, zero
core   0: 1 0x0000000080005c76 (0x00071c3b) x24 0x0000000000000009
core   0: 0x0000000080005c7a (0x0190dcbb) srlw    s9, ra, s9
core   0: 1 0x0000000080005c7a (0x0190dcbb) x25 0xffffffff80004014
core   0: 0x0000000080005c7e (0x0017dabb) srlw    s5, a5, ra
core   0: 1 0x0000000080005c7e (0x0017dabb) x21 0x0000000000000800
core   0: 0x0000000080005c82 (0x00067633) and     a2, a2, zero
core   0: 1 0x0000000080005c82 (0x00067633) x12 0x0000000000000000
core   0: 0x0000000080005c86 (0x002584bb) addw    s1, a1, sp
core   0: 1 0x0000000080005c86 (0x002584bb) x9  0x000000002de285f3
core   0: 0x0000000080005c8a (0x0012d513) srli    a0, t0, 1
core   0: 1 0x0000000080005c8a (0x0012d513) x10 0x0000000000000000
core   0: 0x0000000080005c8e (0x43fbdd13) srai    s10, s7, 63
core   0: 1 0x0000000080005c8e (0x43fbdd13) x26 0x0000000000000000
core   0: 0x0000000080005c92 (0x00f7f4b3) and     s1, a5, a5
core   0: 1 0x0000000080005c92 (0x00f7f4b3) x9  0x0000000080005c5e
core   0: 0x0000000080005c96 (0x033e1233) mulh    tp, t3, s3
core   0: 1 0x0000000080005c96 (0x033e1233) x4  0x0000000000000000
core   0: 0x0000000080005c9a (0x411981bb) subw    gp, s3, a7
core   0: 1 0x0000000080005c9a (0x411981bb) x3  0x0000000000000000
core   0: 0x0000000080005c9e (0xd2120753) fcvt.d.wu fa4, tp
core   0: 1 0x0000000080005c9e (0xd2120753) f14 0x0000000000000000
core   0: 0x0000000080005ca2 (0x400c571b) sraiw   a4, s8, 0
core   0: 1 0x0000000080005ca2 (0x400c571b) x14 0x0000000000000009
core   0: 0x0000000080005ca6 (0x41b75bb3) sra     s7, a4, s11
core   0: 1 0x0000000080005ca6 (0x41b75bb3) x23 0x0000000000000000
core   0: 0x0000000080005caa (0x02590db3) mul     s11, s2, t0
core   0: 1 0x0000000080005caa (0x02590db3) x27 0x0000000000000000
core   0: 0x0000000080005cae (0x03971bb3) mulh    s7, a4, s9
core   0: 1 0x0000000080005cae (0x03971bb3) x23 0xffffffffffffffff
core   0: 0x0000000080005cb2 (0x4004d993) srai    s3, s1, 0
core   0: 1 0x0000000080005cb2 (0x4004d993) x19 0x0000000080005c5e
core   0: 0x0000000080005cb6 (0x03884133) div     sp, a6, s8
core   0: 1 0x0000000080005cb6 (0x03884133) x2  0x0000000000000099
core   0: 0x0000000080005cba (0x40eb573b) sraw    a4, s6, a4
core   0: 1 0x0000000080005cba (0x40eb573b) x14 0xfffffffffffffffc
core   0: 0x0000000080005cbe (0x013a1333) sll     t1, s4, s3
core   0: 1 0x0000000080005cbe (0x013a1333) x6  0x1fffffffc0000000
core   0: 0x0000000080005cc2 (0x02d5ddb3) divu    s11, a1, a3
core   0: 1 0x0000000080005cc2 (0x02d5ddb3) x27 0xffffffffffffffff
core   0: 0x0000000080005cc6 (0x03646b3b) remw    s6, s0, s6
core   0: 1 0x0000000080005cc6 (0x03646b3b) x22 0xffffffffffffffff
core   0: 0x0000000080005cca (0x00046013) prefetch.i 0(s0)
core   0: 1 0x0000000080005cca (0x00046013)
core   0: 0x0000000080005cce (0x234e0853) fsgnj.d fa6, ft8, fs4
core   0: 1 0x0000000080005cce (0x234e0853) f16 0x0000000000000000
core   0: 0x0000000080005cd2 (0x00b01c3b) sllw    s8, zero, a1
core   0: 1 0x0000000080005cd2 (0x00b01c3b) x24 0x0000000000000000
core   0: 0x0000000080005cd6 (0xd22c72d3) fcvt.d.l ft5, s8
core   0: 1 0x0000000080005cd6 (0xd22c72d3) f5  0x0000000000000000
core   0: 0x0000000080005cda (0xd20a0353) fcvt.d.w ft6, s4
core   0: 1 0x0000000080005cda (0xd20a0353) f6  0x41dfffffffc00000
core   0: 0x0000000080005cde (0x00bc2533) slt     a0, s8, a1
core   0: 1 0x0000000080005cde (0x00bc2533) x10 0x0000000000000001
core   0: 0x0000000080005ce2 (0x12e377d3) fmul.d  fa5, ft6, fa4
core   0: 1 0x0000000080005ce2 (0x12e377d3) f15 0x0000000000000000
core   0: 0x0000000080005ce6 (0x0af3f1d3) fsub.d  ft3, ft7, fa5
core   0: 1 0x0000000080005ce6 (0x0af3f1d3) f3  0x7ff8000000000000
core   0: 0x0000000080005cea (0xc01ffe73) csrrci  t3, time, 31
core   0: exception trap_illegal_instruction, epc 0x0000000080005cea
core   0:           tval 0x00000000c01ffe73
core   0: >>>>  $xrv64i2p1_m2p0_a2p1_f2p2_d2p2_zicsr2p0_zifencei2p0_zmmul1p0_zba1p0_zbb1p0_zbc1p0_zbs1p0
core   0: 0x0000000080004000 (0x0080006f) j       pc + 0x8
core   0: 3 0x0000000080004000 (0x0080006f)
core   0: >>>>  mmode_exception_handler
core   0: 0x0000000080004008 (0x00002c17) auipc   s8, 0x2
core   0: 3 0x0000000080004008 (0x00002c17) x24 0x0000000080006008
core   0: 0x000000008000400c (0x090c0c13) addi    s8, s8, 144
core   0: 3 0x000000008000400c (0x090c0c13) x24 0x0000000080006098
core   0: 0x0000000080004010 (0x000c00e7) jalr    s8
core   0: 3 0x0000000080004010 (0x000c00e7) x1  0x0000000080004014
core   0: >>>>  any_handler
core   0: 0x0000000080006098 (0x341027f3) csrrs   a5, mepc, zero
core   0: 3 0x0000000080006098 (0x341027f3) x15 0x0000000080005cea
core   0: 0x000000008000609c (0x34202773) csrrs   a4, mcause, zero
core   0: 3 0x000000008000609c (0x34202773) x14 0x0000000000000002
core   0: 0x00000000800060a0 (0x142026f3) csrrs   a3, scause, zero
core   0: 3 0x00000000800060a0 (0x142026f3) x13 0x0000000000000000
core   0: 0x00000000800060a4 (0x30402673) csrrs   a2, mie, zero
core   0: 3 0x00000000800060a4 (0x30402673) x12 0x0000000000000a00
core   0: 0x00000000800060a8 (0x344025f3) csrrs   a1, mip, zero
core   0: 3 0x00000000800060a8 (0x344025f3) x11 0x0000000000000080
core   0: 0x00000000800060ac (0x343025f3) csrrs   a1, mtval, zero
core   0: 3 0x00000000800060ac (0x343025f3) x11 0x00000000c01ffe73
core   0: 0x00000000800060b0 (0x14302573) csrrs   a0, stval, zero
core   0: 3 0x00000000800060b0 (0x14302573) x10 0x0000000000000009
core   0: 0x00000000800060b4 (0xb02024f3) csrrs   s1, minstret, zero
core   0: 3 0x00000000800060b4 (0xb02024f3) x9  0x00000000000011b5
core   0: 0x00000000800060b8 (0x0000a811) c.j     pc + 20
core   0: 3 0x00000000800060b8 (0xa811)
core   0: >>>>  mepc_4
core   0: 0x00000000800060cc (0x00000791) c.addi  a5, 4
core   0: 3 0x00000000800060cc (0x0791) x15 0x0000000080005cee
core   0: 0x00000000800060ce (0x34179073) csrrw   zero, mepc, a5
core   0: 3 0x00000000800060ce (0x34179073) c833_mepc 0x0000000080005cee
core   0: 0x00000000800060d2 (0x30200073) mret
core   0: 3 0x00000000800060d2 (0x30200073) c768_mstatus 0x8000000a001c60a0
core   0: 0x0000000080005cee (0x026ec5b3) div     a1, t4, t1
core   0: 1 0x0000000080005cee (0x026ec5b3) x11 0x0000000000000000
core   0: 0x0000000080005cf2 (0x00c601bb) addw    gp, a2, a2
core   0: 1 0x0000000080005cf2 (0x00c601bb) x3  0x0000000000001400
core   0: 0x0000000080005cf6 (0x00000001) c.nop
core   0: 1 0x0000000080005cf6 (0x0001)
core   0: 0x0000000080005cf8 (0x5a0e7553) fsqrt.d fa0, ft8
core   0: 1 0x0000000080005cf8 (0x5a0e7553) f10 0x0000000000000000
core   0: 0x0000000080005cfc (0x0241dbb3) divu    s7, gp, tp
core   0: 1 0x0000000080005cfc (0x0241dbb3) x23 0xffffffffffffffff
core   0: 0x0000000080005d00 (0x01c4141b) slliw   s0, s0, 28
core   0: 1 0x0000000080005d00 (0x01c4141b) x8  0xfffffffff0000000
core   0: 0x0000000080005d04 (0x1aa5f853) fdiv.d  fa6, fa1, fa0
core   0: 1 0x0000000080005d04 (0x1aa5f853) f16 0x7ff8000000000000
core   0: 0x0000000080005d08 (0x222006d3) fsgnj.d fa3, ft0, ft2
core   0: 1 0x0000000080005d08 (0x222006d3) f13 0xffffffff44704000
core   0: 0x0000000080005d0c (0xd21b8253) fcvt.d.wu ft4, s7
core   0: 1 0x0000000080005d0c (0xd21b8253) f4  0x41efffffffe00000
core   0: 0x0000000080005d10 (0x001696f3) csrrw   a3, fflags, a3
core   0: 1 0x0000000080005d10 (0x001696f3) x13 0x0000000000000011 c1_fflags 0x0000000000000000
core   0: 0x0000000080005d14 (0x80048a13) addi    s4, s1, -2048
core   0: 1 0x0000000080005d14 (0x80048a13) x20 0x00000000000009b5
core   0: 0x0000000080005d18 (0x4009d913) srai    s2, s3, 0
core   0: 1 0x0000000080005d18 (0x4009d913) x18 0x0000000080005c5e
core   0: 0x0000000080005d1c (0x5a01fb53) fsqrt.d fs6, ft3
core   0: 1 0x0000000080005d1c (0x5a01fb53) f22 0x7ff8000000000000
core   0: 0x0000000080005d20 (0x4101dabb) sraw    s5, gp, a6
core   0: 1 0x0000000080005d20 (0x4101dabb) x21 0x000000000000000a
core   0: 0x0000000080005d24 (0x06b8089b) addiw   a7, a6, 107
core   0: 1 0x0000000080005d24 (0x06b8089b) x17 0x00000000000005d4
core   0: 0x0000000080005d28 (0xa2488b53) fle.d   s6, fa7, ft4
core   0: 1 0x0000000080005d28 (0xa2488b53) c1_fflags 0x0000000000000010 x22 0x0000000000000000
core   0: 0x0000000080005d2c (0x020546b3) div     a3, a0, zero
core   0: 1 0x0000000080005d2c (0x020546b3) x13 0xffffffffffffffff
core   0: 0x0000000080005d30 (0x03835313) srli    t1, t1, 56
core   0: 1 0x0000000080005d30 (0x03835313) x6  0x000000000000001f
core   0: 0x0000000080005d34 (0x487b9297) auipc   t0, 0x487b9
core   0: 1 0x0000000080005d34 (0x487b9297) x5  0x00000000c87bed34
core   0: 0x0000000080005d38 (0x020e0eb3) mul     t4, t3, zero
core   0: 1 0x0000000080005d38 (0x020e0eb3) x29 0x0000000000000000
core   0: 0x0000000080005d3c (0x9301f9cb) fnmsub.d fs3, ft3, fa6, fs2
core   0: 1 0x0000000080005d3c (0x9301f9cb) f19 0x7ff8000000000000
core   0: 0x0000000080005d40 (0x00139a93) slli    s5, t2, 1
core   0: 1 0x0000000080005d40 (0x00139a93) x21 0x0000000000000000
core   0: 0x0000000080005d44 (0x027700b3) mul     ra, a4, t2
core   0: 1 0x0000000080005d44 (0x027700b3) x1  0x0000000000000000
core   0: 0x0000000080005d48 (0x2b999ed3) fmax.d  ft9, fs3, fs9
core   0: 1 0x0000000080005d48 (0x2b999ed3) f29 0x7ff8000000000000
core   0: 0x0000000080005d4c (0x00075893) srli    a7, a4, 0
core   0: 1 0x0000000080005d4c (0x00075893) x17 0x0000000000000002
core   0: 0x0000000080005d50 (0x018b173b) sllw    a4, s6, s8
core   0: 1 0x0000000080005d50 (0x018b173b) x14 0x0000000000000000
core   0: 0x0000000080005d54 (0x013aae33) slt     t3, s5, s3
core   0: 1 0x0000000080005d54 (0x013aae33) x28 0x0000000000000001
core   0: 0x0000000080005d58 (0x23441053) fsgnjn.d ft0, fs0, fs4
core   0: 1 0x0000000080005d58 (0x23441053) f0  0xfff8000000000000
core   0: 0x0000000080005d5c (0x00959333) sll     t1, a1, s1
core   0: 1 0x0000000080005d5c (0x00959333) x6  0x0000000000000000
core   0: 0x0000000080005d60 (0x00202a73) csrrs   s4, frm, zero
core   0: 1 0x0000000080005d60 (0x00202a73) x20 0x0000000000000000
core   0: 0x0000000080005d64 (0x003dd6bb) srlw    a3, s11, gp
core   0: 1 0x0000000080005d64 (0x003dd6bb) x13 0xffffffffffffffff
core   0: 0x0000000080005d68 (0x0006889b) sext.w  a7, a3
core   0: 1 0x0000000080005d68 (0x0006889b) x17 0xffffffffffffffff
core   0: 0x0000000080005d6c (0x002eda1b) srliw   s4, t4, 2
core   0: 1 0x0000000080005d6c (0x002eda1b) x20 0x0000000000000000
core   0: 0x0000000080005d70 (0x00d081bb) addw    gp, ra, a3
core   0: 1 0x0000000080005d70 (0x00d081bb) x3  0xffffffffffffffff
core   0: 0x0000000080005d74 (0x00102873) csrrs   a6, fflags, zero
core   0: 1 0x0000000080005d74 (0x00102873) x16 0x0000000000000010
core   0: 0x0000000080005d78 (0xc02477d3) fcvt.l.s a5, fs0
core   0: 1 0x0000000080005d78 (0xc02477d3) c1_fflags 0x0000000000000010 x15 0x7fffffffffffffff
core   0: 0x0000000080005d7c (0x5a1a6193) ori     gp, s4, 1441
core   0: 1 0x0000000080005d7c (0x5a1a6193) x3  0x00000000000005a1
core   0: 0x0000000080005d80 (0x401e7ad3) fcvt.s.d fs5, ft8
core   0: 1 0x0000000080005d80 (0x401e7ad3) f21 0xffffffff00000000
core   0: 0x0000000080005d84 (0x03a69d13) slli    s10, a3, 58
core   0: 1 0x0000000080005d84 (0x03a69d13) x26 0xfc00000000000000
core   0: 0x0000000080005d88 (0x00000001) c.nop
core   0: 1 0x0000000080005d88 (0x0001)
core   0: 0x0000000080005d8a (0x017bfc33) and     s8, s7, s7
core   0: 1 0x0000000080005d8a (0x017bfc33) x24 0xffffffffffffffff
core   0: 0x0000000080005d8e (0x0023803b) addw    zero, t2, sp
core   0: 1 0x0000000080005d8e (0x0023803b)
core   0: 0x0000000080005d92 (0xc21d70d3) fcvt.wu.d ra, fs10
core   0: 1 0x0000000080005d92 (0xc21d70d3) x1  0x0000000000000009
core   0: 0x0000000080005d96 (0x4002da13) srai    s4, t0, 0
core   0: 1 0x0000000080005d96 (0x4002da13) x20 0x00000000c87bed34
core   0: 0x0000000080005d9a (0x0231bb33) mulhu   s6, gp, gp
core   0: 1 0x0000000080005d9a (0x0231bb33) x22 0x0000000000000000
core   0: 0x0000000080005d9e (0x4134d83b) sraw    a6, s1, s3
core   0: 1 0x0000000080005d9e (0x4134d83b) x16 0x0000000000000000
core   0: 0x0000000080005da2 (0x00000001) c.nop
core   0: 1 0x0000000080005da2 (0x0001)
core   0: 0x0000000080005da4 (0xc22b7253) fcvt.l.d tp, fs6
core   0: 1 0x0000000080005da4 (0xc22b7253) c1_fflags 0x0000000000000010 x4  0x7fffffffffffffff
core   0: 0x0000000080005da8 (0xc53f2297) auipc   t0, 0xc53f2
core   0: 1 0x0000000080005da8 (0xc53f2297) x5  0x00000000453f7da8
core   0: 0x0000000080005dac (0xd0227253) fcvt.s.l ft4, tp
core   0: 1 0x0000000080005dac (0xd0227253) c1_fflags 0x0000000000000011 f4  0xffffffff5f000000
core   0: 0x0000000080005db0 (0xf3bafd43) fmadd.d fs10, fs5, fs11, ft10
core   0: 1 0x0000000080005db0 (0xf3bafd43) f26 0x7ff8000000000000
core   0: 0x0000000080005db4 (0x934a74cb) fnmsub.d fs1, fs4, fs4, fs2
core   0: 1 0x0000000080005db4 (0x934a74cb) f9  0x7ff8000000000000
core   0: 0x0000000080005db8 (0x4389d493) srai    s1, s3, 56
core   0: 1 0x0000000080005db8 (0x4389d493) x9  0x0000000000000000
core   0: 0x0000000080005dbc (0xc03a7b53) fcvt.lu.s s6, fs4
core   0: 1 0x0000000080005dbc (0xc03a7b53) c1_fflags 0x0000000000000011 x22 0xffffffffffffffff
core   0: 0x0000000080005dc0 (0xaeb1f313) andi    t1, gp, -1301
core   0: 1 0x0000000080005dc0 (0xaeb1f313) x6  0x00000000000000a1
core   0: 0x0000000080005dc4 (0x00c34533) xor     a0, t1, a2
core   0: 1 0x0000000080005dc4 (0x00c34533) x10 0x0000000000000aa1
core   0: 0x0000000080005dc8 (0x02e57cb3) remu    s9, a0, a4
core   0: 1 0x0000000080005dc8 (0x02e57cb3) x25 0x0000000000000aa1
core   0: 0x0000000080005dcc (0xc03e77d3) fcvt.lu.s a5, ft8
core   0: 1 0x0000000080005dcc (0xc03e77d3) c1_fflags 0x0000000000000011 x15 0xffffffffffffffff
core   0: 0x0000000080005dd0 (0xe2080e53) fmv.x.d t3, fa6
core   0: 1 0x0000000080005dd0 (0xe2080e53) x28 0x7ff8000000000000
core   0: 0x0000000080005dd4 (0x0026c733) xor     a4, a3, sp
core   0: 1 0x0000000080005dd4 (0x0026c733) x14 0xffffffffffffff66
core   0: 0x0000000080005dd8 (0xc024f6d3) fcvt.l.s a3, fs1
core   0: 1 0x0000000080005dd8 (0xc024f6d3) c1_fflags 0x0000000000000011 x13 0x7fffffffffffffff
core   0: 0x0000000080005ddc (0x0264a733) mulhsu  a4, s1, t1
core   0: 1 0x0000000080005ddc (0x0264a733) x14 0x0000000000000000
core   0: 0x0000000080005de0 (0xf13297f3) csrrw   a5, mimpid, t0
core   0: exception trap_illegal_instruction, epc 0x0000000080005de0
core   0:           tval 0x00000000f13297f3
core   0: >>>>  $xrv64i2p1_m2p0_a2p1_f2p2_d2p2_zicsr2p0_zifencei2p0_zmmul1p0_zba1p0_zbb1p0_zbc1p0_zbs1p0
core   0: 0x0000000080004000 (0x0080006f) j       pc + 0x8
core   0: 3 0x0000000080004000 (0x0080006f)
core   0: >>>>  mmode_exception_handler
core   0: 0x0000000080004008 (0x00002c17) auipc   s8, 0x2
core   0: 3 0x0000000080004008 (0x00002c17) x24 0x0000000080006008
core   0: 0x000000008000400c (0x090c0c13) addi    s8, s8, 144
core   0: 3 0x000000008000400c (0x090c0c13) x24 0x0000000080006098
core   0: 0x0000000080004010 (0x000c00e7) jalr    s8
core   0: 3 0x0000000080004010 (0x000c00e7) x1  0x0000000080004014
core   0: >>>>  any_handler
core   0: 0x0000000080006098 (0x341027f3) csrrs   a5, mepc, zero
core   0: 3 0x0000000080006098 (0x341027f3) x15 0x0000000080005de0
core   0: 0x000000008000609c (0x34202773) csrrs   a4, mcause, zero
core   0: 3 0x000000008000609c (0x34202773) x14 0x0000000000000002
core   0: 0x00000000800060a0 (0x142026f3) csrrs   a3, scause, zero
core   0: 3 0x00000000800060a0 (0x142026f3) x13 0x0000000000000000
core   0: 0x00000000800060a4 (0x30402673) csrrs   a2, mie, zero
core   0: 3 0x00000000800060a4 (0x30402673) x12 0x0000000000000a00
core   0: 0x00000000800060a8 (0x344025f3) csrrs   a1, mip, zero
core   0: 3 0x00000000800060a8 (0x344025f3) x11 0x0000000000000080
core   0: 0x00000000800060ac (0x343025f3) csrrs   a1, mtval, zero
core   0: 3 0x00000000800060ac (0x343025f3) x11 0x00000000f13297f3
core   0: 0x00000000800060b0 (0x14302573) csrrs   a0, stval, zero
core   0: 3 0x00000000800060b0 (0x14302573) x10 0x0000000000000009
core   0: 0x00000000800060b4 (0xb02024f3) csrrs   s1, minstret, zero
core   0: 3 0x00000000800060b4 (0xb02024f3) x9  0x0000000000001203
core   0: 0x00000000800060b8 (0x0000a811) c.j     pc + 20
core   0: 3 0x00000000800060b8 (0xa811)
core   0: >>>>  mepc_4
core   0: 0x00000000800060cc (0x00000791) c.addi  a5, 4
core   0: 3 0x00000000800060cc (0x0791) x15 0x0000000080005de4
core   0: 0x00000000800060ce (0x34179073) csrrw   zero, mepc, a5
core   0: 3 0x00000000800060ce (0x34179073) c833_mepc 0x0000000080005de4
core   0: 0x00000000800060d2 (0x30200073) mret
core   0: 3 0x00000000800060d2 (0x30200073) c768_mstatus 0x8000000a001c60a0
core   0: 0x0000000080005de4 (0xf2008053) fmv.d.x ft0, ra
core   0: 1 0x0000000080005de4 (0xf2008053) f0  0x0000000080004014
core   0: 0x0000000080005de8 (0xe2048ad3) fmv.x.d s5, fs1
core   0: 1 0x0000000080005de8 (0xe2048ad3) x21 0x7ff8000000000000
core   0: 0x0000000080005dec (0xc239f1d3) fcvt.lu.d gp, fs3
core   0: 1 0x0000000080005dec (0xc239f1d3) c1_fflags 0x0000000000000011 x3  0xffffffffffffffff
core   0: 0x0000000080005df0 (0xda1d829b) addiw   t0, s11, -607
core   0: 1 0x0000000080005df0 (0xda1d829b) x5  0xfffffffffffffda0
core   0: 0x0000000080005df4 (0xe2098853) fmv.x.d a6, fs3
core   0: 1 0x0000000080005df4 (0xe2098853) x16 0x7ff8000000000000
core   0: 0x0000000080005df8 (0x002024f3) csrrs   s1, frm, zero
core   0: 1 0x0000000080005df8 (0x002024f3) x9  0x0000000000000000
core   0: 0x0000000080005dfc (0x22071353) fsgnjn.d ft6, fa4, ft0
core   0: 1 0x0000000080005dfc (0x22071353) f6  0x8000000000000000
core   0: 0x0000000080005e00 (0x303c9cf3) csrrw   s9, mideleg, s9
core   0: exception trap_illegal_instruction, epc 0x0000000080005e00
core   0:           tval 0x00000000303c9cf3
core   0: >>>>  $xrv64i2p1_m2p0_a2p1_f2p2_d2p2_zicsr2p0_zifencei2p0_zmmul1p0_zba1p0_zbb1p0_zbc1p0_zbs1p0
core   0: 0x0000000080004000 (0x0080006f) j       pc + 0x8
core   0: 3 0x0000000080004000 (0x0080006f)
core   0: >>>>  mmode_exception_handler
core   0: 0x0000000080004008 (0x00002c17) auipc   s8, 0x2
core   0: 3 0x0000000080004008 (0x00002c17) x24 0x0000000080006008
core   0: 0x000000008000400c (0x090c0c13) addi    s8, s8, 144
core   0: 3 0x000000008000400c (0x090c0c13) x24 0x0000000080006098
core   0: 0x0000000080004010 (0x000c00e7) jalr    s8
core   0: 3 0x0000000080004010 (0x000c00e7) x1  0x0000000080004014
core   0: >>>>  any_handler
core   0: 0x0000000080006098 (0x341027f3) csrrs   a5, mepc, zero
core   0: 3 0x0000000080006098 (0x341027f3) x15 0x0000000080005e00
core   0: 0x000000008000609c (0x34202773) csrrs   a4, mcause, zero
core   0: 3 0x000000008000609c (0x34202773) x14 0x0000000000000002
core   0: 0x00000000800060a0 (0x142026f3) csrrs   a3, scause, zero
core   0: 3 0x00000000800060a0 (0x142026f3) x13 0x0000000000000000
core   0: 0x00000000800060a4 (0x30402673) csrrs   a2, mie, zero
core   0: 3 0x00000000800060a4 (0x30402673) x12 0x0000000000000a00
core   0: 0x00000000800060a8 (0x344025f3) csrrs   a1, mip, zero
core   0: 3 0x00000000800060a8 (0x344025f3) x11 0x0000000000000080
core   0: 0x00000000800060ac (0x343025f3) csrrs   a1, mtval, zero
core   0: 3 0x00000000800060ac (0x343025f3) x11 0x00000000303c9cf3
core   0: 0x00000000800060b0 (0x14302573) csrrs   a0, stval, zero
core   0: 3 0x00000000800060b0 (0x14302573) x10 0x0000000000000009
core   0: 0x00000000800060b4 (0xb02024f3) csrrs   s1, minstret, zero
core   0: 3 0x00000000800060b4 (0xb02024f3) x9  0x000000000000121a
core   0: 0x00000000800060b8 (0x0000a811) c.j     pc + 20
core   0: 3 0x00000000800060b8 (0xa811)
core   0: >>>>  mepc_4
core   0: 0x00000000800060cc (0x00000791) c.addi  a5, 4
core   0: 3 0x00000000800060cc (0x0791) x15 0x0000000080005e04
core   0: 0x00000000800060ce (0x34179073) csrrw   zero, mepc, a5
core   0: 3 0x00000000800060ce (0x34179073) c833_mepc 0x0000000080005e04
core   0: 0x00000000800060d2 (0x30200073) mret
core   0: 3 0x00000000800060d2 (0x30200073) c768_mstatus 0x8000000a001c60a0
core   0: 0x0000000080005e04 (0xd52b8837) lui     a6, 0xd52b8
core   0: 1 0x0000000080005e04 (0xd52b8837) x16 0xffffffffd52b8000
core   0: 0x0000000080005e08 (0x030dcc33) div     s8, s11, a6
core   0: 1 0x0000000080005e08 (0x030dcc33) x24 0x0000000000000000
core   0: 0x0000000080005e0c (0x000e569b) srliw   a3, t3, 0
core   0: 1 0x0000000080005e0c (0x000e569b) x13 0x0000000000000000
core   0: 0x0000000080005e10 (0x0108db1b) srliw   s6, a7, 16
core   0: 1 0x0000000080005e10 (0x0108db1b) x22 0x000000000000ffff
core   0: 0x0000000080005e14 (0xc025f953) fcvt.l.s s2, fa1
core   0: 1 0x0000000080005e14 (0xc025f953) c1_fflags 0x0000000000000011 x18 0x7fffffffffffffff
core   0: 0x0000000080005e18 (0x035af0d3) fadd.d  ft1, fs5, fs5
core   0: 1 0x0000000080005e18 (0x035af0d3) f1  0x7ff8000000000000
core   0: 0x0000000080005e1c (0x00000001) c.nop
core   0: 1 0x0000000080005e1c (0x0001)
core   0: 0x0000000080005e1e (0x40840c33) sub     s8, s0, s0
core   0: 1 0x0000000080005e1e (0x40840c33) x24 0x0000000000000000
core   0: 0x0000000080005e22 (0x03225ab3) divu    s5, tp, s2
core   0: 1 0x0000000080005e22 (0x03225ab3) x21 0x0000000000000001
core   0: 0x0000000080005e26 (0x1370fbd3) fmul.d  fs7, ft1, fs7
core   0: 1 0x0000000080005e26 (0x1370fbd3) f23 0x7ff8000000000000
core   0: 0x0000000080005e2a (0x000595bb) sllw    a1, a1, zero
core   0: 1 0x0000000080005e2a (0x000595bb) x11 0x00000000303c9cf3
core   0: 0x0000000080005e2e (0xd2100e53) fcvt.d.wu ft8, zero
core   0: 1 0x0000000080005e2e (0xd2100e53) f28 0x0000000000000000
core   0: 0x0000000080005e32 (0x412202b3) sub     t0, tp, s2
core   0: 1 0x0000000080005e32 (0x412202b3) x5  0x0000000000000000
core   0: 0x0000000080005e36 (0x035afed3) fadd.d  ft9, fs5, fs5
core   0: 1 0x0000000080005e36 (0x035afed3) f29 0x7ff8000000000000
core   0: 0x0000000080005e3a (0x1428f773) csrrci  a4, scause, 17
core   0: 1 0x0000000080005e3a (0x1428f773) x14 0x0000000000000000 c322_scause 0x0000000000000000
core   0: 0x0000000080005e3e (0xfcc6a437) lui     s0, 0xfcc6a
core   0: 1 0x0000000080005e3e (0xfcc6a437) x8  0xfffffffffcc6a000
core   0: 0x0000000080005e42 (0x2d34041b) addiw   s0, s0, 723
core   0: 1 0x0000000080005e42 (0x2d34041b) x8  0xfffffffffcc6a2d3
core   0: 0x0000000080005e46 (0x00000432) c.slli  s0, 12
core   0: 1 0x0000000080005e46 (0x0432) x8  0xffffffcc6a2d3000
core   0: 0x0000000080005e48 (0xd9640413) addi    s0, s0, -618
core   0: 1 0x0000000080005e48 (0xd9640413) x8  0xffffffcc6a2d2d96
core   0: 0x0000000080005e4c (0x031a41b3) div     gp, s4, a7
core   0: 1 0x0000000080005e4c (0x031a41b3) x3  0xffffffff378412cc
core   0: 0x0000000080005e50 (0xc02ef253) fcvt.l.s tp, ft9
core   0: 1 0x0000000080005e50 (0xc02ef253) c1_fflags 0x0000000000000011 x4  0x7fffffffffffffff
core   0: 0x0000000080005e54 (0x02d95533) divu    a0, s2, a3
core   0: 1 0x0000000080005e54 (0x02d95533) x10 0xffffffffffffffff
core   0: 0x0000000080005e58 (0x01a69b3b) sllw    s6, a3, s10
core   0: 1 0x0000000080005e58 (0x01a69b3b) x22 0x0000000000000000
core   0: 0x0000000080005e5c (0x40fc541b) sraiw   s0, s8, 15
core   0: 1 0x0000000080005e5c (0x40fc541b) x8  0x0000000000000000
core   0: 0x0000000080005e60 (0x018c15bb) sllw    a1, s8, s8
core   0: 1 0x0000000080005e60 (0x018c15bb) x11 0x0000000000000000
core   0: 0x0000000080005e64 (0x007a5033) srl     zero, s4, t2
core   0: 1 0x0000000080005e64 (0x007a5033)
core   0: 0x0000000080005e68 (0x01d57433) and     s0, a0, t4
core   0: 1 0x0000000080005e68 (0x01d57433) x8  0x0000000000000000
core   0: 0x0000000080005e6c (0x23d27e4b) fnmsub.d ft8, ft4, ft9, ft4
core   0: 1 0x0000000080005e6c (0x23d27e4b) f28 0x7ff8000000000000
core   0: 0x0000000080005e70 (0xe2020cd3) fmv.x.d s9, ft4
core   0: 1 0x0000000080005e70 (0xe2020cd3) x25 0xffffffff5f000000
core   0: 0x0000000080005e74 (0x23972753) fsgnjx.d fa4, fa4, fs9
core   0: 1 0x0000000080005e74 (0x23972753) f14 0x0000000000000000
core   0: 0x0000000080005e78 (0x022152bb) divuw   t0, sp, sp
core   0: 1 0x0000000080005e78 (0x022152bb) x5  0x0000000000000001
core   0: 0x0000000080005e7c (0xc02d74d3) fcvt.l.s s1, fs10
core   0: 1 0x0000000080005e7c (0xc02d74d3) c1_fflags 0x0000000000000011 x9  0x7fffffffffffffff
core   0: 0x0000000080005e80 (0x7ff18d9b) addiw   s11, gp, 2047
core   0: 1 0x0000000080005e80 (0x7ff18d9b) x27 0x0000000037841acb
core   0: 0x0000000080005e84 (0x0193ddb3) srl     s11, t2, s9
core   0: 1 0x0000000080005e84 (0x0193ddb3) x27 0x0000000000000000
core   0: 0x0000000080005e88 (0x001250bb) srlw    ra, tp, ra
core   0: 1 0x0000000080005e88 (0x001250bb) x1  0x0000000000000fff
core   0: 0x0000000080005e8c (0xc02cfdd3) fcvt.l.s s11, fs9
core   0: 1 0x0000000080005e8c (0xc02cfdd3) c1_fflags 0x0000000000000011 x27 0x7fffffffffffffff
core   0: 0x0000000080005e90 (0x000e9593) slli    a1, t4, 0
core   0: 1 0x0000000080005e90 (0x000e9593) x11 0x0000000000000000
core   0: 0x0000000080005e94 (0x40b3d3b3) sra     t2, t2, a1
core   0: 1 0x0000000080005e94 (0x40b3d3b3) x7  0x0000000000000000
core   0: 0x0000000080005e98 (0x0138129b) slliw   t0, a6, 19
core   0: 1 0x0000000080005e98 (0x0138129b) x5  0x0000000000000000
core   0: 0x0000000080005e9c (0xfb5e7fcb) fnmsub.d ft11, ft8, fs5, ft11
core   0: 1 0x0000000080005e9c (0xfb5e7fcb) f31 0x7ff8000000000000
core   0: 0x0000000080005ea0 (0x420383d3) fcvt.d.s ft7, ft7
core   0: 1 0x0000000080005ea0 (0x420383d3) f7  0x7ff8000000000000
core   0: 0x0000000080005ea4 (0xf2048353) fmv.d.x ft6, s1
core   0: 1 0x0000000080005ea4 (0xf2048353) f6  0x7fffffffffffffff
core   0: 0x0000000080005ea8 (0x0392c13b) divw    sp, t0, s9
core   0: 1 0x0000000080005ea8 (0x0392c13b) x2  0x0000000000000000
core   0: 0x0000000080005eac (0xd2317ad3) fcvt.d.lu fs5, sp
core   0: 1 0x0000000080005eac (0xd2317ad3) f21 0x0000000000000000
core   0: 0x0000000080005eb0 (0x14395273) csrrwi  tp, stval, 18
core   0: 1 0x0000000080005eb0 (0x14395273) x4  0x0000000000000009 c323_stval 0x0000000000000012
core   0: 0x0000000080005eb4 (0xd221f5d3) fcvt.d.l fa1, gp
core   0: 1 0x0000000080005eb4 (0xd221f5d3) f11 0xc1e90f7da6800000
core   0: 0x0000000080005eb8 (0x00210733) add     a4, sp, sp
core   0: 1 0x0000000080005eb8 (0x00210733) x14 0x0000000000000000
core   0: 0x0000000080005ebc (0x02e82eb3) mulhsu  t4, a6, a4
core   0: 1 0x0000000080005ebc (0x02e82eb3) x29 0x0000000000000000
core   0: 0x0000000080005ec0 (0x01115e93) srli    t4, sp, 17
core   0: 1 0x0000000080005ec0 (0x01115e93) x29 0x0000000000000000
core   0: 0x0000000080005ec4 (0x01d38abb) addw    s5, t2, t4
core   0: 1 0x0000000080005ec4 (0x01d38abb) x21 0x0000000000000000
core   0: 0x0000000080005ec8 (0x002a8033) add     zero, s5, sp
core   0: 1 0x0000000080005ec8 (0x002a8033)
core   0: 0x0000000080005ecc (0x40a00ab3) sub     s5, zero, a0
core   0: 1 0x0000000080005ecc (0x40a00ab3) x21 0x0000000000000001
core   0: 0x0000000080005ed0 (0x41f8dc1b) sraiw   s8, a7, 31
core   0: 1 0x0000000080005ed0 (0x41f8dc1b) x24 0xffffffffffffffff
core   0: 0x0000000080005ed4 (0xb497cd97) auipc   s11, 0xb497c
core   0: 1 0x0000000080005ed4 (0xb497cd97) x27 0x0000000034981ed4
core   0: 0x0000000080005ed8 (0x22bea953) fsgnjx.d fs2, ft9, fa1
core   0: 1 0x0000000080005ed8 (0x22bea953) f18 0xfff8000000000000
core   0: 0x0000000080005edc (0xd2377953) fcvt.d.lu fs2, a4
core   0: 1 0x0000000080005edc (0xd2377953) f18 0x0000000000000000
core   0: 0x0000000080005ee0 (0x034d01bb) mulw    gp, s10, s4
core   0: 1 0x0000000080005ee0 (0x034d01bb) x3  0x0000000000000000
core   0: 0x0000000080005ee4 (0x01414133) xor     sp, sp, s4
core   0: 1 0x0000000080005ee4 (0x01414133) x2  0x00000000c87bed34
core   0: 0x0000000080005ee8 (0x0148a8b3) slt     a7, a7, s4
core   0: 1 0x0000000080005ee8 (0x0148a8b3) x17 0x0000000000000001
core   0: 0x0000000080005eec (0x0b48f153) fsub.d  ft2, fa7, fs4
core   0: 1 0x0000000080005eec (0x0b48f153) f2  0x7ff8000000000000
core   0: 0x0000000080005ef0 (0x3f4a7513) andi    a0, s4, 1012
core   0: 1 0x0000000080005ef0 (0x3f4a7513) x10 0x0000000000000134
core   0: 0x0000000080005ef4 (0xd21504d3) fcvt.d.wu fs1, a0
core   0: 1 0x0000000080005ef4 (0xd21504d3) f9  0x4073400000000000
core   0: 0x0000000080005ef8 (0x4148deb3) sra     t4, a7, s4
core   0: 1 0x0000000080005ef8 (0x4148deb3) x29 0x0000000000000000
core   0: 0x0000000080005efc (0x0365eb3b) remw    s6, a1, s6
core   0: 1 0x0000000080005efc (0x0365eb3b) x22 0x0000000000000000
core   0: 0x0000000080005f00 (0x00000001) c.nop
core   0: 1 0x0000000080005f00 (0x0001)
core   0: 0x0000000080005f02 (0x002e4eb3) xor     t4, t3, sp
core   0: 1 0x0000000080005f02 (0x002e4eb3) x29 0x7ff80000c87bed34
core   0: 0x0000000080005f06 (0x011a3217) auipc   tp, 0x11a3
core   0: 1 0x0000000080005f06 (0x011a3217) x4  0x00000000811a8f06
core   0: 0x0000000080005f0a (0x011609b3) add     s3, a2, a7
core   0: 1 0x0000000080005f0a (0x011609b3) x19 0x0000000000000a01
core   0: 0x0000000080005f0e (0xd23871d3) fcvt.d.lu ft3, a6
core   0: 1 0x0000000080005f0e (0xd23871d3) f3  0x43effffffffaa570
core   0: 0x0000000080005f12 (0x22b48fd3) fsgnj.d ft11, fs1, fa1
core   0: 1 0x0000000080005f12 (0x22b48fd3) f31 0xc073400000000000
core   0: 0x0000000080005f16 (0x7ff90413) addi    s0, s2, 2047
core   0: 1 0x0000000080005f16 (0x7ff90413) x8  0x80000000000007fe
core   0: 0x0000000080005f1a (0x410206b3) sub     a3, tp, a6
core   0: 1 0x0000000080005f1a (0x410206b3) x13 0x00000000abef0f06
core   0: 0x0000000080005f1e (0x00009b92) c.add   s7, tp
core   0: 1 0x0000000080005f1e (0x9b92) x23 0x00000000811a8f05
core   0: 0x0000000080005f20 (0x00202273) csrrs   tp, frm, zero
core   0: 1 0x0000000080005f20 (0x00202273) x4  0x0000000000000000
core   0: 0x0000000080005f24 (0x1a3fff53) fdiv.d  ft10, ft11, ft3
core   0: 1 0x0000000080005f24 (0x1a3fff53) c1_fflags 0x0000000000000011 f30 0xbc7340000003387b
core   0: 0x0000000080005f28 (0x40020133) sub     sp, tp, zero
core   0: 1 0x0000000080005f28 (0x40020133) x2  0x0000000000000000
core   0: 0x0000000080005f2c (0xfbeef947) fmsub.d fs2, ft9, ft10, ft11
core   0: 1 0x0000000080005f2c (0xfbeef947) f18 0x7ff8000000000000
core   0: 0x0000000080005f30 (0x02aae8bb) remw    a7, s5, a0
core   0: 1 0x0000000080005f30 (0x02aae8bb) x17 0x0000000000000001
core   0: 0x0000000080005f34 (0x000a981b) slliw   a6, s5, 0
core   0: 1 0x0000000080005f34 (0x000a981b) x16 0x0000000000000001
core   0: 0x0000000080005f38 (0x0181599b) srliw   s3, sp, 24
core   0: 1 0x0000000080005f38 (0x0181599b) x19 0x0000000000000000
core   0: 0x0000000080005f3c (0xc21ff653) fcvt.wu.d a2, ft11
core   0: 1 0x0000000080005f3c (0xc21ff653) c1_fflags 0x0000000000000011 x12 0x0000000000000000
core   0: 0x0000000080005f40 (0x4231dc13) srai    s8, gp, 35
core   0: 1 0x0000000080005f40 (0x4231dc13) x24 0x0000000000000000
core   0: 0x0000000080005f44 (0xc22d7e53) fcvt.l.d t3, fs10
core   0: 1 0x0000000080005f44 (0xc22d7e53) c1_fflags 0x0000000000000011 x28 0x7fffffffffffffff
core   0: 0x0000000080005f48 (0x415a8433) sub     s0, s5, s5
core   0: 1 0x0000000080005f48 (0x415a8433) x8  0x0000000000000000
core   0: 0x0000000080005f4c (0x023687b3) mul     a5, a3, gp
core   0: 1 0x0000000080005f4c (0x023687b3) x15 0x0000000000000000
core   0: 0x0000000080005f50 (0x02f690b3) mulh    ra, a3, a5
core   0: 1 0x0000000080005f50 (0x02f690b3) x1  0x0000000000000000
core   0: 0x0000000080005f54 (0xc2397e53) fcvt.lu.d t3, fs2
core   0: 1 0x0000000080005f54 (0xc2397e53) c1_fflags 0x0000000000000011 x28 0xffffffffffffffff
core   0: 0x0000000080005f58 (0xd227f753) fcvt.d.l fa4, a5
core   0: 1 0x0000000080005f58 (0xd227f753) f14 0x0000000000000000
core   0: 0x0000000080005f5c (0x001b1433) sll     s0, s6, ra
core   0: 1 0x0000000080005f5c (0x001b1433) x8  0x0000000000000000
core   0: 0x0000000080005f60 (0x028b37b3) mulhu   a5, s6, s0
core   0: 1 0x0000000080005f60 (0x028b37b3) x15 0x0000000000000000
core   0: 0x0000000080005f64 (0x0ff0000f) fence   iorw,iorw
core   0: 1 0x0000000080005f64 (0x0ff0000f)
core   0: 0x0000000080005f68 (0x03257b53) fadd.d  fs6, fa0, fs2
core   0: 1 0x0000000080005f68 (0x03257b53) f22 0x7ff8000000000000
core   0: 0x0000000080005f6c (0x228b19d3) fsgnjn.d fs3, fs6, fs0
core   0: 1 0x0000000080005f6c (0x228b19d3) f19 0xfff8000000000000
core   0: 0x0000000080005f70 (0x024c47bb) divw    a5, s8, tp
core   0: 1 0x0000000080005f70 (0x024c47bb) x15 0xffffffffffffffff
core   0: 0x0000000080005f74 (0x0227043b) mulw    s0, a4, sp
core   0: 1 0x0000000080005f74 (0x0227043b) x8  0x0000000000000000
core   0: 0x0000000080005f78 (0x007292bb) sllw    t0, t0, t2
core   0: 1 0x0000000080005f78 (0x007292bb) x5  0x0000000000000000
core   0: 0x0000000080005f7c (0xa2cd0853) fle.d   a6, fs10, fa2
core   0: 1 0x0000000080005f7c (0xa2cd0853) c1_fflags 0x0000000000000011 x16 0x0000000000000000
core   0: 0x0000000080005f80 (0xd029fed3) fcvt.s.l ft9, s3
core   0: 1 0x0000000080005f80 (0xd029fed3) f29 0xffffffff00000000
core   0: 0x0000000080005f84 (0x40845cb3) sra     s9, s0, s0
core   0: 1 0x0000000080005f84 (0x40845cb3) x25 0x0000000000000000
core   0: 0x0000000080005f88 (0x039dd693) srli    a3, s11, 57
core   0: 1 0x0000000080005f88 (0x039dd693) x13 0x0000000000000000
core   0: 0x0000000080005f8c (0xd20682d3) fcvt.d.w ft5, a3
core   0: 1 0x0000000080005f8c (0xd20682d3) f5  0x0000000000000000
core   0: 0x0000000080005f90 (0x00269073) csrrw   zero, frm, a3
core   0: 1 0x0000000080005f90 (0x00269073) c2_frm 0x0000000000000000
core   0: 0x0000000080005f94 (0x40570a3b) subw    s4, a4, t0
core   0: 1 0x0000000080005f94 (0x40570a3b) x20 0x0000000000000000
core   0: 0x0000000080005f98 (0x002395f3) csrrw   a1, frm, t2
core   0: 1 0x0000000080005f98 (0x002395f3) x11 0x0000000000000000 c2_frm 0x0000000000000000
core   0: 0x0000000080005f9c (0x2a7299d3) fmax.d  fs3, ft5, ft7
core   0: 1 0x0000000080005f9c (0x2a7299d3) f19 0x0000000000000000
core   0: 0x0000000080005fa0 (0x00231ef3) csrrw   t4, frm, t1
core   0: 1 0x0000000080005fa0 (0x00231ef3) x29 0x0000000000000000 c2_frm 0x0000000000000001
core   0: 0x0000000080005fa4 (0x5a097953) fsqrt.d fs2, fs2
core   0: 1 0x0000000080005fa4 (0x5a097953) f18 0x7ff8000000000000
core   0: 0x0000000080005fa8 (0xd2347453) fcvt.d.lu fs0, s0
core   0: 1 0x0000000080005fa8 (0xd2347453) f8  0x0000000000000000
core   0: 0x0000000080005fac (0xc039fb53) fcvt.lu.s s6, fs3
core   0: 1 0x0000000080005fac (0xc039fb53) c1_fflags 0x0000000000000011 x22 0xffffffffffffffff
core   0: 0x0000000080005fb0 (0x02a25093) srli    ra, tp, 42
core   0: 1 0x0000000080005fb0 (0x02a25093) x1  0x0000000000000000
core   0: 0x0000000080005fb4 (0x02fe49b3) div     s3, t3, a5
core   0: 1 0x0000000080005fb4 (0x02fe49b3) x19 0x0000000000000001
core   0: 0x0000000080005fb8 (0x00a8153b) sllw    a0, a6, a0
core   0: 1 0x0000000080005fb8 (0x00a8153b) x10 0x0000000000000000
core   0: 0x0000000080005fbc (0x02ea763b) remuw   a2, s4, a4
core   0: 1 0x0000000080005fbc (0x02ea763b) x12 0x0000000000000000
core   0: 0x0000000080005fc0 (0x0129aab3) slt     s5, s3, s2
core   0: 1 0x0000000080005fc0 (0x0129aab3) x21 0x0000000000000001
core   0: 0x0000000080005fc4 (0x222011d3) fsgnjn.d ft3, ft0, ft2
core   0: 1 0x0000000080005fc4 (0x222011d3) f3  0x8000000080004014
core   0: 0x0000000080005fc8 (0xa2260853) fle.d   a6, fa2, ft2
core   0: 1 0x0000000080005fc8 (0xa2260853) c1_fflags 0x0000000000000011 x16 0x0000000000000000
core   0: 0x0000000080005fcc (0xf20a09d3) fmv.d.x fs3, s4
core   0: 1 0x0000000080005fcc (0xf20a09d3) f19 0x0000000000000000
core   0: 0x0000000080005fd0 (0x40298dbb) subw    s11, s3, sp
core   0: 1 0x0000000080005fd0 (0x40298dbb) x27 0x0000000000000001
core   0: 0x0000000080005fd4 (0x410ddab3) sra     s5, s11, a6
core   0: 1 0x0000000080005fd4 (0x410ddab3) x21 0x0000000000000001
core   0: 0x0000000080005fd8 (0xf2008b53) fmv.d.x fs6, ra
core   0: 1 0x0000000080005fd8 (0xf2008b53) f22 0x0000000000000000
core   0: 0x0000000080005fdc (0xcc81c193) xori    gp, gp, -824
core   0: 1 0x0000000080005fdc (0xcc81c193) x3  0xfffffffffffffcc8
core   0: 0x0000000080005fe0 (0x41f5dc9b) sraiw   s9, a1, 31
core   0: 1 0x0000000080005fe0 (0x41f5dc9b) x25 0x0000000000000000
core   0: 0x0000000080005fe4 (0xc8059773) csrrw   a4, cycleh, a1
core   0: exception trap_illegal_instruction, epc 0x0000000080005fe4
core   0:           tval 0x00000000c8059773
core   0: >>>>  $xrv64i2p1_m2p0_a2p1_f2p2_d2p2_zicsr2p0_zifencei2p0_zmmul1p0_zba1p0_zbb1p0_zbc1p0_zbs1p0
core   0: 0x0000000080004000 (0x0080006f) j       pc + 0x8
core   0: 3 0x0000000080004000 (0x0080006f)
core   0: >>>>  mmode_exception_handler
core   0: 0x0000000080004008 (0x00002c17) auipc   s8, 0x2
core   0: 3 0x0000000080004008 (0x00002c17) x24 0x0000000080006008
core   0: 0x000000008000400c (0x090c0c13) addi    s8, s8, 144
core   0: 3 0x000000008000400c (0x090c0c13) x24 0x0000000080006098
core   0: 0x0000000080004010 (0x000c00e7) jalr    s8
core   0: 3 0x0000000080004010 (0x000c00e7) x1  0x0000000080004014
core   0: >>>>  any_handler
core   0: 0x0000000080006098 (0x341027f3) csrrs   a5, mepc, zero
core   0: 3 0x0000000080006098 (0x341027f3) x15 0x0000000080005fe4
core   0: 0x000000008000609c (0x34202773) csrrs   a4, mcause, zero
core   0: 3 0x000000008000609c (0x34202773) x14 0x0000000000000002
core   0: 0x00000000800060a0 (0x142026f3) csrrs   a3, scause, zero
core   0: 3 0x00000000800060a0 (0x142026f3) x13 0x0000000000000000
core   0: 0x00000000800060a4 (0x30402673) csrrs   a2, mie, zero
core   0: 3 0x00000000800060a4 (0x30402673) x12 0x0000000000000a00
core   0: 0x00000000800060a8 (0x344025f3) csrrs   a1, mip, zero
core   0: 3 0x00000000800060a8 (0x344025f3) x11 0x0000000000000080
core   0: 0x00000000800060ac (0x343025f3) csrrs   a1, mtval, zero
core   0: 3 0x00000000800060ac (0x343025f3) x11 0x00000000c8059773
core   0: 0x00000000800060b0 (0x14302573) csrrs   a0, stval, zero
core   0: 3 0x00000000800060b0 (0x14302573) x10 0x0000000000000012
core   0: 0x00000000800060b4 (0xb02024f3) csrrs   s1, minstret, zero
core   0: 3 0x00000000800060b4 (0xb02024f3) x9  0x00000000000012a4
core   0: 0x00000000800060b8 (0x0000a811) c.j     pc + 20
core   0: 3 0x00000000800060b8 (0xa811)
core   0: >>>>  mepc_4
core   0: 0x00000000800060cc (0x00000791) c.addi  a5, 4
core   0: 3 0x00000000800060cc (0x0791) x15 0x0000000080005fe8
core   0: 0x00000000800060ce (0x34179073) csrrw   zero, mepc, a5
core   0: 3 0x00000000800060ce (0x34179073) c833_mepc 0x0000000080005fe8
core   0: 0x00000000800060d2 (0x30200073) mret
core   0: 3 0x00000000800060d2 (0x30200073) c768_mstatus 0x8000000a001c60a0
core   0: 0x0000000080005fe8 (0x031c88bb) mulw    a7, s9, a7
core   0: 1 0x0000000080005fe8 (0x031c88bb) x17 0x0000000000000000
core   0: 0x0000000080005fec (0x00bcdd33) srl     s10, s9, a1
core   0: 1 0x0000000080005fec (0x00bcdd33) x26 0x0000000000000000
core   0: 0x0000000080005ff0 (0x00fa5e13) srli    t3, s4, 15
core   0: 1 0x0000000080005ff0 (0x00fa5e13) x28 0x0000000000000000
core   0: 0x0000000080005ff4 (0x7ff2001b) addiw   zero, tp, 2047
core   0: 1 0x0000000080005ff4 (0x7ff2001b)
core   0: 0x0000000080005ff8 (0xbb177d43) fmadd.d fs10, fa4, fa7, fs7
core   0: 1 0x0000000080005ff8 (0xbb177d43) f26 0x7ff8000000000000
core   0: 0x0000000080005ffc (0x4043023b) subw    tp, t1, tp
core   0: 1 0x0000000080005ffc (0x4043023b) x4  0x00000000000000a1
core   0: 0x0000000080006000 (0x0106e233) or      tp, a3, a6
core   0: 1 0x0000000080006000 (0x0106e233) x4  0x0000000000000000
core   0: 0x0000000080006004 (0x01bdd2bb) srlw    t0, s11, s11
core   0: 1 0x0000000080006004 (0x01bdd2bb) x5  0x0000000000000000
core   0: 0x0000000080006008 (0x02865d3b) divuw   s10, a2, s0
core   0: 1 0x0000000080006008 (0x02865d3b) x26 0xffffffffffffffff
core   0: 0x000000008000600c (0xf2030953) fmv.d.x fs2, t1
core   0: 1 0x000000008000600c (0xf2030953) f18 0x00000000000000a1
core   0: 0x0000000080006010 (0x420c00d3) fcvt.d.s ft1, fs8
core   0: 1 0x0000000080006010 (0x420c00d3) f1  0x7ff8000000000000
core   0: 0x0000000080006014 (0x037522b3) mulhsu  t0, a0, s7
core   0: 1 0x0000000080006014 (0x037522b3) x5  0x0000000000000000
core   0: 0x0000000080006018 (0x00599d33) sll     s10, s3, t0
core   0: 1 0x0000000080006018 (0x00599d33) x26 0x0000000000000001
core   0: 0x000000008000601c (0x23232353) fsgnjx.d ft6, ft6, fs2
core   0: 1 0x000000008000601c (0x23232353) f6  0x7fffffffffffffff
core   0: 0x0000000080006020 (0xd2b1f393) andi    t2, gp, -725
core   0: 1 0x0000000080006020 (0xd2b1f393) x7  0xfffffffffffffc08
core   0: 0x0000000080006024 (0x02450533) mul     a0, a0, tp
core   0: 1 0x0000000080006024 (0x02450533) x10 0x0000000000000000
core   0: 0x0000000080006028 (0x2a620453) fmin.d  fs0, ft4, ft6
core   0: 1 0x0000000080006028 (0x2a620453) f8  0x7ff8000000000000
core   0: 0x000000008000602c (0x0007db13) srli    s6, a5, 0
core   0: 1 0x000000008000602c (0x0007db13) x22 0x0000000080005fe8
core   0: 0x0000000080006030 (0xff3f6637) lui     a2, 0xff3f6
core   0: 1 0x0000000080006030 (0xff3f6637) x12 0xffffffffff3f6000
core   0: 0x0000000080006034 (0xbcf6061b) addiw   a2, a2, -1073
core   0: 1 0x0000000080006034 (0xbcf6061b) x12 0xffffffffff3f5bcf
core   0: 0x0000000080006038 (0x0000063e) c.slli  a2, 15
core   0: 1 0x0000000080006038 (0x063e) x12 0xffffff9fade78000
core   0: 0x000000008000603a (0x4b160613) addi    a2, a2, 1201
core   0: 1 0x000000008000603a (0x4b160613) x12 0xffffff9fade784b1
core   0: 0x000000008000603e (0x00832e33) slt     t3, t1, s0
core   0: 1 0x000000008000603e (0x00832e33) x28 0x0000000000000000
core   0: 0x0000000080006042 (0x8afa0513) addi    a0, s4, -1873
core   0: 1 0x0000000080006042 (0x8afa0513) x10 0xfffffffffffff8af
core   0: 0x0000000080006046 (0x7ff8c113) xori    sp, a7, 2047
core   0: 1 0x0000000080006046 (0x7ff8c113) x2  0x00000000000007ff
core   0: 0x000000008000604a (0x404103b3) sub     t2, sp, tp
core   0: 1 0x000000008000604a (0x404103b3) x7  0x00000000000007ff
core   0: 0x000000008000604e (0x03be1113) slli    sp, t3, 59
core   0: 1 0x000000008000604e (0x03be1113) x2  0x0000000000000000
core   0: 0x0000000080006052 (0x002029f3) csrrs   s3, frm, zero
core   0: 1 0x0000000080006052 (0x002029f3) x19 0x0000000000000001
core   0: 0x0000000080006056 (0x0ae9f9d3) fsub.d  fs3, fs3, fa4
core   0: 1 0x0000000080006056 (0x0ae9f9d3) f19 0x0000000000000000
core   0: 0x000000008000605a (0x00f1d7b3) srl     a5, gp, a5
core   0: 1 0x000000008000605a (0x00f1d7b3) x15 0x0000000000ffffff
core   0: 0x000000008000605e (0x0024de9b) srliw   t4, s1, 2
core   0: 1 0x000000008000605e (0x0024de9b) x29 0x00000000000004a9
core   0: 0x0000000080006062 (0x0bd070d3) fsub.d  ft1, ft0, ft9
core   0: 1 0x0000000080006062 (0x0bd070d3) f1  0x7ff8000000000000
core   0: 0x0000000080006066 (0xf0b67013) andi    zero, a2, -245
core   0: 1 0x0000000080006066 (0xf0b67013)
core   0: 0x000000008000606a (0xca9bfe43) fmadd.d ft8, fs7, fs1, fs9
core   0: 1 0x000000008000606a (0xca9bfe43) f28 0x7ff8000000000000
core   0: 0x000000008000606e (0x000a1713) slli    a4, s4, 0
core   0: 1 0x000000008000606e (0x000a1713) x14 0x0000000000000000
core   0: 0x0000000080006072 (0x025662bb) remw    t0, a2, t0
core   0: 1 0x0000000080006072 (0x025662bb) x5  0xffffffffade784b1
core   0: 0x0000000080006076 (0x02db84bb) mulw    s1, s7, a3
core   0: 1 0x0000000080006076 (0x02db84bb) x9  0x0000000000000000
core   0: 0x000000008000607a (0xd1b1811b) addiw   sp, gp, -741
core   0: 1 0x000000008000607a (0xd1b1811b) x2  0xfffffffffffff9e3
core   0: 0x000000008000607e (0x0066d6b3) srl     a3, a3, t1
core   0: 1 0x000000008000607e (0x0066d6b3) x13 0x0000000000000000
core   0: 0x0000000080006082 (0x001c9a13) slli    s4, s9, 1
core   0: 1 0x0000000080006082 (0x001c9a13) x20 0x0000000000000000
core   0: 0x0000000080006086 (0x411984bb) subw    s1, s3, a7
core   0: 1 0x0000000080006086 (0x411984bb) x9  0x0000000000000001
core   0: 0x000000008000608a (0x0001d91b) srliw   s2, gp, 0
core   0: 1 0x000000008000608a (0x0001d91b) x18 0xfffffffffffffcc8
core   0: 0x000000008000608e (0x411d0cbb) subw    s9, s10, a7
core   0: 1 0x000000008000608e (0x411d0cbb) x25 0x0000000000000001
core   0: >>>>  write_tohost
core   0: 0x0000000080006092 (0x952fa0ef) jal     pc - 0x5eae
core   0: 1 0x0000000080006092 (0x952fa0ef) x1  0x0000000080006096
core   0: >>>>  _exit
core   0: 0x00000000800001e4 (0x00004505) c.li    a0, 1
core   0: 1 0x00000000800001e4 (0x4505) x10 0x0000000000000001
core   0: 0x00000000800001e6 (0x00001f17) auipc   t5, 0x1
core   0: 1 0x00000000800001e6 (0x00001f17) x30 0x00000000800011e6
core   0: 0x00000000800001ea (0xe0af2d23) sw      a0, -486(t5)
core   0: 1 0x00000000800001ea (0xe0af2d23) mem 0x0000000080001000 0x00000001
cp /home/server/RISCV/cva6/verif/sim/out/seed_1803/spike_sim/new_seeds_1803_.cv64a6_imafdc_sv39.log.iss /home/server/RISCV/cva6/verif/sim/out/seed_1803/spike_sim/new_seeds_1803_.cv64a6_imafdc_sv39.log
