Makefile:14: must set CVA6_REPO_DIR to point at the root of CVA6 sources and CVA6_TB_DIR to point here -- doing it for you...
LD_LIBRARY_PATH="$(realpath ../../tools/spike/lib):$LD_LIBRARY_PATH" \
	/home/server/RISCV/cva6/tools/spike/bin/spike --steps=2000000  --log-commits --isa=rv64gc_zba_zbb_zbs_zbc_zicsr_zifencei --priv=msu -l /home/server/RISCV/cva6/verif/sim/out/seed_245/directed_asm_tests/new_seeds_245_.o
[SPIKE] Max simulation steps: 2000000
[SPIKE] Proc 0 | ISA: rv64gc_zba_zbb_zbs_zbc_zicsr_zifencei PRIV: msu
[SPIKE] Initializing memories...
core   0: 0x0000000000010000 (0x00100413) li      s0, 1
core   0: 3 0x0000000000010000 (0x00100413) x8  0x0000000000000001
core   0: 0x0000000000010004 (0x01f41413) slli    s0, s0, 31
core   0: 3 0x0000000000010004 (0x01f41413) x8  0x0000000080000000
core   0: 0x0000000000010008 (0xf1402573) csrrs   a0, mhartid, zero
core   0: 3 0x0000000000010008 (0xf1402573) x10 0x0000000000000000
core   0: 0x000000000001000c (0x00000597) auipc   a1, 0x0
core   0: 3 0x000000000001000c (0x00000597) x11 0x000000000001000c
core   0: 0x0000000000010010 (0x07458593) addi    a1, a1, 116
core   0: 3 0x0000000000010010 (0x07458593) x11 0x0000000000010080
core   0: 0x0000000000010014 (0x00040067) jr      s0
core   0: 3 0x0000000000010014 (0x00040067)
core   0: >>>>  _start
core   0: 0x0000000080000000 (0x00004081) c.li    ra, 0
core   0: 3 0x0000000080000000 (0x4081) x1  0x0000000000000000
core   0: 0x0000000080000002 (0x00004101) c.li    sp, 0
core   0: 3 0x0000000080000002 (0x4101) x2  0x0000000000000000
core   0: 0x0000000080000004 (0x00004181) c.li    gp, 0
core   0: 3 0x0000000080000004 (0x4181) x3  0x0000000000000000
core   0: 0x0000000080000006 (0x00004201) c.li    tp, 0
core   0: 3 0x0000000080000006 (0x4201) x4  0x0000000000000000
core   0: 0x0000000080000008 (0x00004281) c.li    t0, 0
core   0: 3 0x0000000080000008 (0x4281) x5  0x0000000000000000
core   0: 0x000000008000000a (0x00004301) c.li    t1, 0
core   0: 3 0x000000008000000a (0x4301) x6  0x0000000000000000
core   0: 0x000000008000000c (0x00004381) c.li    t2, 0
core   0: 3 0x000000008000000c (0x4381) x7  0x0000000000000000
core   0: 0x000000008000000e (0x00004401) c.li    s0, 0
core   0: 3 0x000000008000000e (0x4401) x8  0x0000000000000000
core   0: 0x0000000080000010 (0x00004481) c.li    s1, 0
core   0: 3 0x0000000080000010 (0x4481) x9  0x0000000000000000
core   0: 0x0000000080000012 (0x00004501) c.li    a0, 0
core   0: 3 0x0000000080000012 (0x4501) x10 0x0000000000000000
core   0: 0x0000000080000014 (0x00004581) c.li    a1, 0
core   0: 3 0x0000000080000014 (0x4581) x11 0x0000000000000000
core   0: 0x0000000080000016 (0x00004601) c.li    a2, 0
core   0: 3 0x0000000080000016 (0x4601) x12 0x0000000000000000
core   0: 0x0000000080000018 (0x00004681) c.li    a3, 0
core   0: 3 0x0000000080000018 (0x4681) x13 0x0000000000000000
core   0: 0x000000008000001a (0x00004701) c.li    a4, 0
core   0: 3 0x000000008000001a (0x4701) x14 0x0000000000000000
core   0: 0x000000008000001c (0x00004781) c.li    a5, 0
core   0: 3 0x000000008000001c (0x4781) x15 0x0000000000000000
core   0: 0x000000008000001e (0x00004801) c.li    a6, 0
core   0: 3 0x000000008000001e (0x4801) x16 0x0000000000000000
core   0: 0x0000000080000020 (0x00004881) c.li    a7, 0
core   0: 3 0x0000000080000020 (0x4881) x17 0x0000000000000000
core   0: 0x0000000080000022 (0x00004901) c.li    s2, 0
core   0: 3 0x0000000080000022 (0x4901) x18 0x0000000000000000
core   0: 0x0000000080000024 (0x00004981) c.li    s3, 0
core   0: 3 0x0000000080000024 (0x4981) x19 0x0000000000000000
core   0: 0x0000000080000026 (0x00004a01) c.li    s4, 0
core   0: 3 0x0000000080000026 (0x4a01) x20 0x0000000000000000
core   0: 0x0000000080000028 (0x00004a81) c.li    s5, 0
core   0: 3 0x0000000080000028 (0x4a81) x21 0x0000000000000000
core   0: 0x000000008000002a (0x00004b01) c.li    s6, 0
core   0: 3 0x000000008000002a (0x4b01) x22 0x0000000000000000
core   0: 0x000000008000002c (0x00004b81) c.li    s7, 0
core   0: 3 0x000000008000002c (0x4b81) x23 0x0000000000000000
core   0: 0x000000008000002e (0x00004c01) c.li    s8, 0
core   0: 3 0x000000008000002e (0x4c01) x24 0x0000000000000000
core   0: 0x0000000080000030 (0x00004c81) c.li    s9, 0
core   0: 3 0x0000000080000030 (0x4c81) x25 0x0000000000000000
core   0: 0x0000000080000032 (0x00004d01) c.li    s10, 0
core   0: 3 0x0000000080000032 (0x4d01) x26 0x0000000000000000
core   0: 0x0000000080000034 (0x00004d81) c.li    s11, 0
core   0: 3 0x0000000080000034 (0x4d81) x27 0x0000000000000000
core   0: 0x0000000080000036 (0x00004e01) c.li    t3, 0
core   0: 3 0x0000000080000036 (0x4e01) x28 0x0000000000000000
core   0: 0x0000000080000038 (0x00004e81) c.li    t4, 0
core   0: 3 0x0000000080000038 (0x4e81) x29 0x0000000000000000
core   0: 0x000000008000003a (0x00004f01) c.li    t5, 0
core   0: 3 0x000000008000003a (0x4f01) x30 0x0000000000000000
core   0: 0x000000008000003c (0x00004f81) c.li    t6, 0
core   0: 3 0x000000008000003c (0x4f81) x31 0x0000000000000000
core   0: 0x000000008000003e (0x000062f9) c.lui   t0, 0x1e
core   0: 3 0x000000008000003e (0x62f9) x5  0x000000000001e000
core   0: 0x0000000080000040 (0x3002a073) csrrs   zero, mstatus, t0
core   0: 3 0x0000000080000040 (0x3002a073) c768_mstatus 0x8000000a00006000
core   0: 0x0000000080000044 (0x00004285) c.li    t0, 1
core   0: 3 0x0000000080000044 (0x4285) x5  0x0000000000000001
core   0: 0x0000000080000046 (0x000002fe) c.slli  t0, 31
core   0: 3 0x0000000080000046 (0x02fe) x5  0x0000000080000000
core   0: 0x0000000080000048 (0x0002d863) bge     t0, zero, pc + 16
core   0: 3 0x0000000080000048 (0x0002d863)
core   0: 0x0000000080000058 (0x00000297) auipc   t0, 0x0
core   0: 3 0x0000000080000058 (0x00000297) x5  0x0000000080000058
core   0: 0x000000008000005c (0x09028293) addi    t0, t0, 144
core   0: 3 0x000000008000005c (0x09028293) x5  0x00000000800000e8
core   0: 0x0000000080000060 (0x30529073) csrrw   zero, mtvec, t0
core   0: 3 0x0000000080000060 (0x30529073) c773_mtvec 0x00000000800000e8
core   0: 0x0000000080000064 (0x00301073) csrrw   zero, fcsr, zero
core   0: 3 0x0000000080000064 (0x00301073) c1_fflags 0x0000000000000000 c2_frm 0x0000000000000000
core   0: 0x0000000080000068 (0xf0000053) fmv.w.x ft0, zero
core   0: 3 0x0000000080000068 (0xf0000053) f0  0xffffffff00000000
core   0: 0x000000008000006c (0xf00000d3) fmv.w.x ft1, zero
core   0: 3 0x000000008000006c (0xf00000d3) f1  0xffffffff00000000
core   0: 0x0000000080000070 (0xf0000153) fmv.w.x ft2, zero
core   0: 3 0x0000000080000070 (0xf0000153) f2  0xffffffff00000000
core   0: 0x0000000080000074 (0xf00001d3) fmv.w.x ft3, zero
core   0: 3 0x0000000080000074 (0xf00001d3) f3  0xffffffff00000000
core   0: 0x0000000080000078 (0xf0000253) fmv.w.x ft4, zero
core   0: 3 0x0000000080000078 (0xf0000253) f4  0xffffffff00000000
core   0: 0x000000008000007c (0xf00002d3) fmv.w.x ft5, zero
core   0: 3 0x000000008000007c (0xf00002d3) f5  0xffffffff00000000
core   0: 0x0000000080000080 (0xf0000353) fmv.w.x ft6, zero
core   0: 3 0x0000000080000080 (0xf0000353) f6  0xffffffff00000000
core   0: 0x0000000080000084 (0xf00003d3) fmv.w.x ft7, zero
core   0: 3 0x0000000080000084 (0xf00003d3) f7  0xffffffff00000000
core   0: 0x0000000080000088 (0xf0000453) fmv.w.x fs0, zero
core   0: 3 0x0000000080000088 (0xf0000453) f8  0xffffffff00000000
core   0: 0x000000008000008c (0xf00004d3) fmv.w.x fs1, zero
core   0: 3 0x000000008000008c (0xf00004d3) f9  0xffffffff00000000
core   0: 0x0000000080000090 (0xf0000553) fmv.w.x fa0, zero
core   0: 3 0x0000000080000090 (0xf0000553) f10 0xffffffff00000000
core   0: 0x0000000080000094 (0xf00005d3) fmv.w.x fa1, zero
core   0: 3 0x0000000080000094 (0xf00005d3) f11 0xffffffff00000000
core   0: 0x0000000080000098 (0xf0000653) fmv.w.x fa2, zero
core   0: 3 0x0000000080000098 (0xf0000653) f12 0xffffffff00000000
core   0: 0x000000008000009c (0xf00006d3) fmv.w.x fa3, zero
core   0: 3 0x000000008000009c (0xf00006d3) f13 0xffffffff00000000
core   0: 0x00000000800000a0 (0xf0000753) fmv.w.x fa4, zero
core   0: 3 0x00000000800000a0 (0xf0000753) f14 0xffffffff00000000
core   0: 0x00000000800000a4 (0xf00007d3) fmv.w.x fa5, zero
core   0: 3 0x00000000800000a4 (0xf00007d3) f15 0xffffffff00000000
core   0: 0x00000000800000a8 (0xf0000853) fmv.w.x fa6, zero
core   0: 3 0x00000000800000a8 (0xf0000853) f16 0xffffffff00000000
core   0: 0x00000000800000ac (0xf00008d3) fmv.w.x fa7, zero
core   0: 3 0x00000000800000ac (0xf00008d3) f17 0xffffffff00000000
core   0: 0x00000000800000b0 (0xf0000953) fmv.w.x fs2, zero
core   0: 3 0x00000000800000b0 (0xf0000953) f18 0xffffffff00000000
core   0: 0x00000000800000b4 (0xf00009d3) fmv.w.x fs3, zero
core   0: 3 0x00000000800000b4 (0xf00009d3) f19 0xffffffff00000000
core   0: 0x00000000800000b8 (0xf0000a53) fmv.w.x fs4, zero
core   0: 3 0x00000000800000b8 (0xf0000a53) f20 0xffffffff00000000
core   0: 0x00000000800000bc (0xf0000ad3) fmv.w.x fs5, zero
core   0: 3 0x00000000800000bc (0xf0000ad3) f21 0xffffffff00000000
core   0: 0x00000000800000c0 (0xf0000b53) fmv.w.x fs6, zero
core   0: 3 0x00000000800000c0 (0xf0000b53) f22 0xffffffff00000000
core   0: 0x00000000800000c4 (0xf0000bd3) fmv.w.x fs7, zero
core   0: 3 0x00000000800000c4 (0xf0000bd3) f23 0xffffffff00000000
core   0: 0x00000000800000c8 (0xf0000c53) fmv.w.x fs8, zero
core   0: 3 0x00000000800000c8 (0xf0000c53) f24 0xffffffff00000000
core   0: 0x00000000800000cc (0xf0000cd3) fmv.w.x fs9, zero
core   0: 3 0x00000000800000cc (0xf0000cd3) f25 0xffffffff00000000
core   0: 0x00000000800000d0 (0xf0000d53) fmv.w.x fs10, zero
core   0: 3 0x00000000800000d0 (0xf0000d53) f26 0xffffffff00000000
core   0: 0x00000000800000d4 (0xf0000dd3) fmv.w.x fs11, zero
core   0: 3 0x00000000800000d4 (0xf0000dd3) f27 0xffffffff00000000
core   0: 0x00000000800000d8 (0xf0000e53) fmv.w.x ft8, zero
core   0: 3 0x00000000800000d8 (0xf0000e53) f28 0xffffffff00000000
core   0: 0x00000000800000dc (0xf0000ed3) fmv.w.x ft9, zero
core   0: 3 0x00000000800000dc (0xf0000ed3) f29 0xffffffff00000000
core   0: 0x00000000800000e0 (0xf0000f53) fmv.w.x ft10, zero
core   0: 3 0x00000000800000e0 (0xf0000f53) f30 0xffffffff00000000
core   0: 0x00000000800000e4 (0xf0000fd3) fmv.w.x ft11, zero
core   0: 3 0x00000000800000e4 (0xf0000fd3) f31 0xffffffff00000000
core   0: 0x00000000800000e8 (0x00000297) auipc   t0, 0x0
core   0: 3 0x00000000800000e8 (0x00000297) x5  0x00000000800000e8
core   0: 0x00000000800000ec (0x03c28293) addi    t0, t0, 60
core   0: 3 0x00000000800000ec (0x03c28293) x5  0x0000000080000124
core   0: 0x00000000800000f0 (0x30529073) csrrw   zero, mtvec, t0
core   0: 3 0x00000000800000f0 (0x30529073) c773_mtvec 0x0000000080000124
core   0: 0x00000000800000f4 (0x00012197) auipc   gp, 0x12
core   0: 3 0x00000000800000f4 (0x00012197) x3  0x00000000800120f4
core   0: 0x00000000800000f8 (0x73418193) addi    gp, gp, 1844
core   0: 3 0x00000000800000f8 (0x73418193) x3  0x0000000080012828
core   0: 0x00000000800000fc (0x00012217) auipc   tp, 0x12
core   0: 3 0x00000000800000fc (0x00012217) x4  0x00000000800120fc
core   0: 0x0000000080000100 (0xf8320213) addi    tp, tp, -125
core   0: 3 0x0000000080000100 (0xf8320213) x4  0x000000008001207f
core   0: 0x0000000080000104 (0xfc027213) andi    tp, tp, -64
core   0: 3 0x0000000080000104 (0xfc027213) x4  0x0000000080012040
core   0: 0x0000000080000108 (0xf1402573) csrrs   a0, mhartid, zero
core   0: 3 0x0000000080000108 (0xf1402573) x10 0x0000000000000000
core   0: 0x000000008000010c (0x00004585) c.li    a1, 1
core   0: 3 0x000000008000010c (0x4585) x11 0x0000000000000001
core   0: 0x000000008000010e (0x00b57063) bgeu    a0, a1, pc + 0
core   0: 3 0x000000008000010e (0x00b57063)
core   0: 0x0000000080000112 (0x00150113) addi    sp, a0, 1
core   0: 3 0x0000000080000112 (0x00150113) x2  0x0000000000000001
core   0: 0x0000000080000116 (0x00000146) c.slli  sp, 17
core   0: 3 0x0000000080000116 (0x0146) x2  0x0000000000020000
core   0: 0x0000000080000118 (0x00009112) c.add   sp, tp
core   0: 3 0x0000000080000118 (0x9112) x2  0x0000000080032040
core   0: 0x000000008000011a (0x01151613) slli    a2, a0, 17
core   0: 3 0x000000008000011a (0x01151613) x12 0x0000000000000000
core   0: 0x000000008000011e (0x00009232) c.add   tp, a2
core   0: 3 0x000000008000011e (0x9232) x4  0x0000000080012040
core   0: 0x0000000080000120 (0x4220f06f) j       pc + 0xf422
core   0: 3 0x0000000080000120 (0x4220f06f)
core   0: >>>>  _init
core   0: 0x000000008000f542 (0x00007171) c.addi16sp sp, -176
core   0: 3 0x000000008000f542 (0x7171) x2  0x0000000080031f90
core   0: 0x000000008000f544 (0x0000f506) c.sdsp  ra, 168(sp)
core   0: 3 0x000000008000f544 (0xf506) mem 0x0000000080032038 0x0000000000000000
core   0: 0x000000008000f546 (0x0000f122) c.sdsp  s0, 160(sp)
core   0: 3 0x000000008000f546 (0xf122) mem 0x0000000080032030 0x0000000000000000
core   0: 0x000000008000f548 (0x0000ed26) c.sdsp  s1, 152(sp)
core   0: 3 0x000000008000f548 (0xed26) mem 0x0000000080032028 0x0000000000000000
core   0: 0x000000008000f54a (0x00001900) c.addi4spn s0, sp, 176
core   0: 3 0x000000008000f54a (0x1900) x8  0x0000000080032040
core   0: 0x000000008000f54c (0x000087aa) c.mv    a5, a0
core   0: 3 0x000000008000f54c (0x87aa) x15 0x0000000000000000
core   0: 0x000000008000f54e (0x0000872e) c.mv    a4, a1
core   0: 3 0x000000008000f54e (0x872e) x14 0x0000000000000001
core   0: 0x000000008000f550 (0xf4f42e23) sw      a5, -164(s0)
core   0: 3 0x000000008000f550 (0xf4f42e23) mem 0x0000000080031f9c 0x00000000
core   0: 0x000000008000f554 (0x000087ba) c.mv    a5, a4
core   0: 3 0x000000008000f554 (0x87ba) x15 0x0000000000000001
core   0: 0x000000008000f556 (0xf4f42c23) sw      a5, -168(s0)
core   0: 3 0x000000008000f556 (0xf4f42c23) mem 0x0000000080031f98 0x00000001
core   0: 0x000000008000f55a (0xfe040793) addi    a5, s0, -32
core   0: 3 0x000000008000f55a (0xfe040793) x15 0x0000000080032020
core   0: 0x000000008000f55e (0xf4f43823) sd      a5, -176(s0)
core   0: 3 0x000000008000f55e (0xf4f43823) mem 0x0000000080031f90 0x0000000080032020
core   0: 0x000000008000f562 (0xf5043783) ld      a5, -176(s0)
core   0: 3 0x000000008000f562 (0xf5043783) x15 0x0000000080032020 mem 0x0000000080031f90
core   0: 0x000000008000f566 (0xf8078793) addi    a5, a5, -128
core   0: 3 0x000000008000f566 (0xf8078793) x15 0x0000000080031fa0
core   0: 0x000000008000f56a (0x03f78793) addi    a5, a5, 63
core   0: 3 0x000000008000f56a (0x03f78793) x15 0x0000000080031fdf
core   0: 0x000000008000f56e (0x00008399) c.srli  a5, 6
core   0: 3 0x000000008000f56e (0x8399) x15 0x0000000002000c7f
core   0: 0x000000008000f570 (0x00679493) slli    s1, a5, 6
core   0: 3 0x000000008000f570 (0x00679493) x9  0x0000000080031fc0
core   0: 0x000000008000f574 (0xf65ff0ef) jal     pc - 0x9c
core   0: 3 0x000000008000f574 (0xf65ff0ef) x1  0x000000008000f578
core   0: >>>>  init_tls
core   0: 0x000000008000f4d8 (0x00001101) c.addi  sp, -32
core   0: 3 0x000000008000f4d8 (0x1101) x2  0x0000000080031f70
core   0: 0x000000008000f4da (0x0000ec06) c.sdsp  ra, 24(sp)
core   0: 3 0x000000008000f4da (0xec06) mem 0x0000000080031f88 0x000000008000f578
core   0: 0x000000008000f4dc (0x0000e822) c.sdsp  s0, 16(sp)
core   0: 3 0x000000008000f4dc (0xe822) mem 0x0000000080031f80 0x0000000080032040
core   0: 0x000000008000f4de (0x00001000) c.addi4spn s0, sp, 32
core   0: 3 0x000000008000f4de (0x1000) x8  0x0000000080031f90
core   0: 0x000000008000f4e0 (0x00003717) auipc   a4, 0x3
core   0: 3 0x000000008000f4e0 (0x00003717) x14 0x00000000800124e0
core   0: 0x000000008000f4e4 (0xb4870713) addi    a4, a4, -1208
core   0: 3 0x000000008000f4e4 (0xb4870713) x14 0x0000000080012028
core   0: 0x000000008000f4e8 (0x00003797) auipc   a5, 0x3
core   0: 3 0x000000008000f4e8 (0x00003797) x15 0x00000000800124e8
core   0: 0x000000008000f4ec (0xb4078793) addi    a5, a5, -1216
core   0: 3 0x000000008000f4ec (0xb4078793) x15 0x0000000080012028
core   0: 0x000000008000f4f0 (0x40f707b3) sub     a5, a4, a5
core   0: 3 0x000000008000f4f0 (0x40f707b3) x15 0x0000000000000000
core   0: 0x000000008000f4f4 (0xfef43423) sd      a5, -24(s0)
core   0: 3 0x000000008000f4f4 (0xfef43423) mem 0x0000000080031f78 0x0000000000000000
core   0: 0x000000008000f4f8 (0x00008792) c.mv    a5, tp
core   0: 3 0x000000008000f4f8 (0x8792) x15 0x0000000080012040
core   0: 0x000000008000f4fa (0xfe843603) ld      a2, -24(s0)
core   0: 3 0x000000008000f4fa (0xfe843603) x12 0x0000000000000000 mem 0x0000000080031f78
core   0: 0x000000008000f4fe (0x00003597) auipc   a1, 0x3
core   0: 3 0x000000008000f4fe (0x00003597) x11 0x00000000800124fe
core   0: 0x000000008000f502 (0xb2a58593) addi    a1, a1, -1238
core   0: 3 0x000000008000f502 (0xb2a58593) x11 0x0000000080012028
core   0: 0x000000008000f506 (0x0000853e) c.mv    a0, a5
core   0: 3 0x000000008000f506 (0x853e) x10 0x0000000080012040
core   0: 0x000000008000f508 (0x0f9000ef) jal     pc + 0x8f8
core   0: 3 0x000000008000f508 (0x0f9000ef) x1  0x000000008000f50c
core   0: >>>>  memcpy
core   0: 0x000000008000fe00 (0x0000715d) c.addi16sp sp, -80
core   0: 3 0x000000008000fe00 (0x715d) x2  0x0000000080031f20
core   0: 0x000000008000fe02 (0x0000e4a2) c.sdsp  s0, 72(sp)
core   0: 3 0x000000008000fe02 (0xe4a2) mem 0x0000000080031f68 0x0000000080031f90
core   0: 0x000000008000fe04 (0x00000880) c.addi4spn s0, sp, 80
core   0: 3 0x000000008000fe04 (0x0880) x8  0x0000000080031f70
core   0: 0x000000008000fe06 (0xfca43423) sd      a0, -56(s0)
core   0: 3 0x000000008000fe06 (0xfca43423) mem 0x0000000080031f38 0x0000000080012040
core   0: 0x000000008000fe0a (0xfcb43023) sd      a1, -64(s0)
core   0: 3 0x000000008000fe0a (0xfcb43023) mem 0x0000000080031f30 0x0000000080012028
core   0: 0x000000008000fe0e (0xfac43c23) sd      a2, -72(s0)
core   0: 3 0x000000008000fe0e (0xfac43c23) mem 0x0000000080031f28 0x0000000000000000
core   0: 0x000000008000fe12 (0xfc843703) ld      a4, -56(s0)
core   0: 3 0x000000008000fe12 (0xfc843703) x14 0x0000000080012040 mem 0x0000000080031f38
core   0: 0x000000008000fe16 (0xfc043783) ld      a5, -64(s0)
core   0: 3 0x000000008000fe16 (0xfc043783) x15 0x0000000080012028 mem 0x0000000080031f30
core   0: 0x000000008000fe1a (0x00008f5d) c.or    a4, a5
core   0: 3 0x000000008000fe1a (0x8f5d) x14 0x0000000080012068
core   0: 0x000000008000fe1c (0xfb843783) ld      a5, -72(s0)
core   0: 3 0x000000008000fe1c (0xfb843783) x15 0x0000000000000000 mem 0x0000000080031f28
core   0: 0x000000008000fe20 (0x00008fd9) c.or    a5, a4
core   0: 3 0x000000008000fe20 (0x8fd9) x15 0x0000000080012068
core   0: 0x000000008000fe22 (0x00008b9d) c.andi  a5, 7
core   0: 3 0x000000008000fe22 (0x8b9d) x15 0x0000000000000000
core   0: 0x000000008000fe24 (0x0000e3b1) c.bnez  a5, pc + 68
core   0: 3 0x000000008000fe24 (0xe3b1)
core   0: 0x000000008000fe26 (0xfc043783) ld      a5, -64(s0)
core   0: 3 0x000000008000fe26 (0xfc043783) x15 0x0000000080012028 mem 0x0000000080031f30
core   0: 0x000000008000fe2a (0xfef43423) sd      a5, -24(s0)
core   0: 3 0x000000008000fe2a (0xfef43423) mem 0x0000000080031f58 0x0000000080012028
core   0: 0x000000008000fe2e (0xfc843783) ld      a5, -56(s0)
core   0: 3 0x000000008000fe2e (0xfc843783) x15 0x0000000080012040 mem 0x0000000080031f38
core   0: 0x000000008000fe32 (0xfef43023) sd      a5, -32(s0)
core   0: 3 0x000000008000fe32 (0xfef43023) mem 0x0000000080031f50 0x0000000080012040
core   0: 0x000000008000fe36 (0x0000a839) c.j     pc + 30
core   0: 3 0x000000008000fe36 (0xa839)
core   0: 0x000000008000fe54 (0xfc843703) ld      a4, -56(s0)
core   0: 3 0x000000008000fe54 (0xfc843703) x14 0x0000000080012040 mem 0x0000000080031f38
core   0: 0x000000008000fe58 (0xfb843783) ld      a5, -72(s0)
core   0: 3 0x000000008000fe58 (0xfb843783) x15 0x0000000000000000 mem 0x0000000080031f28
core   0: 0x000000008000fe5c (0x000097ba) c.add   a5, a4
core   0: 3 0x000000008000fe5c (0x97ba) x15 0x0000000080012040
core   0: 0x000000008000fe5e (0xfe043703) ld      a4, -32(s0)
core   0: 3 0x000000008000fe5e (0xfe043703) x14 0x0000000080012040 mem 0x0000000080031f50
core   0: 0x000000008000fe62 (0xfcf76be3) bltu    a4, a5, pc - 42
core   0: 3 0x000000008000fe62 (0xfcf76be3)
core   0: 0x000000008000fe66 (0x0000a099) c.j     pc + 70
core   0: 3 0x000000008000fe66 (0xa099)
core   0: 0x000000008000feac (0xfc843783) ld      a5, -56(s0)
core   0: 3 0x000000008000feac (0xfc843783) x15 0x0000000080012040 mem 0x0000000080031f38
core   0: 0x000000008000feb0 (0x0000853e) c.mv    a0, a5
core   0: 3 0x000000008000feb0 (0x853e) x10 0x0000000080012040
core   0: 0x000000008000feb2 (0x00006426) c.ldsp  s0, 72(sp)
core   0: 3 0x000000008000feb2 (0x6426) x8  0x0000000080031f90 mem 0x0000000080031f68
core   0: 0x000000008000feb4 (0x00006161) c.addi16sp sp, 80
core   0: 3 0x000000008000feb4 (0x6161) x2  0x0000000080031f70
core   0: 0x000000008000feb6 (0x00008082) ret
core   0: 3 0x000000008000feb6 (0x8082)
core   0: 0x000000008000f50c (0x00003717) auipc   a4, 0x3
core   0: 3 0x000000008000f50c (0x00003717) x14 0x000000008001250c
core   0: 0x000000008000f510 (0xbb870713) addi    a4, a4, -1096
core   0: 3 0x000000008000f510 (0xbb870713) x14 0x00000000800120c4
core   0: 0x000000008000f514 (0x00003797) auipc   a5, 0x3
core   0: 3 0x000000008000f514 (0x00003797) x15 0x0000000080012514
core   0: 0x000000008000f518 (0xb1478793) addi    a5, a5, -1260
core   0: 3 0x000000008000f518 (0xb1478793) x15 0x0000000080012028
core   0: 0x000000008000f51c (0x40f707b3) sub     a5, a4, a5
core   0: 3 0x000000008000f51c (0x40f707b3) x15 0x000000000000009c
core   0: 0x000000008000f520 (0xfef43023) sd      a5, -32(s0)
core   0: 3 0x000000008000f520 (0xfef43023) mem 0x0000000080031f70 0x000000000000009c
core   0: 0x000000008000f524 (0x00008712) c.mv    a4, tp
core   0: 3 0x000000008000f524 (0x8712) x14 0x0000000080012040
core   0: 0x000000008000f526 (0xfe843783) ld      a5, -24(s0)
core   0: 3 0x000000008000f526 (0xfe843783) x15 0x0000000000000000 mem 0x0000000080031f78
core   0: 0x000000008000f52a (0x000097ba) c.add   a5, a4
core   0: 3 0x000000008000f52a (0x97ba) x15 0x0000000080012040
core   0: 0x000000008000f52c (0xfe043603) ld      a2, -32(s0)
core   0: 3 0x000000008000f52c (0xfe043603) x12 0x000000000000009c mem 0x0000000080031f70
core   0: 0x000000008000f530 (0x00004581) c.li    a1, 0
core   0: 3 0x000000008000f530 (0x4581) x11 0x0000000000000000
core   0: 0x000000008000f532 (0x0000853e) c.mv    a0, a5
core   0: 3 0x000000008000f532 (0x853e) x10 0x0000000080012040
core   0: 0x000000008000f534 (0x185000ef) jal     pc + 0x984
core   0: 3 0x000000008000f534 (0x185000ef) x1  0x000000008000f538
core   0: >>>>  memset
core   0: 0x000000008000feb8 (0x0000715d) c.addi16sp sp, -80
core   0: 3 0x000000008000feb8 (0x715d) x2  0x0000000080031f20
core   0: 0x000000008000feba (0x0000e4a2) c.sdsp  s0, 72(sp)
core   0: 3 0x000000008000feba (0xe4a2) mem 0x0000000080031f68 0x0000000080031f90
core   0: 0x000000008000febc (0x00000880) c.addi4spn s0, sp, 80
core   0: 3 0x000000008000febc (0x0880) x8  0x0000000080031f70
core   0: 0x000000008000febe (0xfca43423) sd      a0, -56(s0)
core   0: 3 0x000000008000febe (0xfca43423) mem 0x0000000080031f38 0x0000000080012040
core   0: 0x000000008000fec2 (0x000087ae) c.mv    a5, a1
core   0: 3 0x000000008000fec2 (0x87ae) x15 0x0000000000000000
core   0: 0x000000008000fec4 (0xfac43c23) sd      a2, -72(s0)
core   0: 3 0x000000008000fec4 (0xfac43c23) mem 0x0000000080031f28 0x000000000000009c
core   0: 0x000000008000fec8 (0xfcf42223) sw      a5, -60(s0)
core   0: 3 0x000000008000fec8 (0xfcf42223) mem 0x0000000080031f34 0x00000000
core   0: 0x000000008000fecc (0xfc843703) ld      a4, -56(s0)
core   0: 3 0x000000008000fecc (0xfc843703) x14 0x0000000080012040 mem 0x0000000080031f38
core   0: 0x000000008000fed0 (0xfb843783) ld      a5, -72(s0)
core   0: 3 0x000000008000fed0 (0xfb843783) x15 0x000000000000009c mem 0x0000000080031f28
core   0: 0x000000008000fed4 (0x00008fd9) c.or    a5, a4
core   0: 3 0x000000008000fed4 (0x8fd9) x15 0x00000000800120dc
core   0: 0x000000008000fed6 (0x00008b9d) c.andi  a5, 7
core   0: 3 0x000000008000fed6 (0x8b9d) x15 0x0000000000000004
core   0: 0x000000008000fed8 (0x0000e7bd) c.bnez  a5, pc + 110
core   0: 3 0x000000008000fed8 (0xe7bd)
core   0: 0x000000008000ff46 (0xfc843783) ld      a5, -56(s0)
core   0: 3 0x000000008000ff46 (0xfc843783) x15 0x0000000080012040 mem 0x0000000080031f38
core   0: 0x000000008000ff4a (0xfef43023) sd      a5, -32(s0)
core   0: 3 0x000000008000ff4a (0xfef43023) mem 0x0000000080031f50 0x0000000080012040
core   0: 0x000000008000ff4e (0x0000a829) c.j     pc + 26
core   0: 3 0x000000008000ff4e (0xa829)
core   0: 0x000000008000ff68 (0xfc843703) ld      a4, -56(s0)
core   0: 3 0x000000008000ff68 (0xfc843703) x14 0x0000000080012040 mem 0x0000000080031f38
core   0: 0x000000008000ff6c (0xfb843783) ld      a5, -72(s0)
core   0: 3 0x000000008000ff6c (0xfb843783) x15 0x000000000000009c mem 0x0000000080031f28
core   0: 0x000000008000ff70 (0x000097ba) c.add   a5, a4
core   0: 3 0x000000008000ff70 (0x97ba) x15 0x00000000800120dc
core   0: 0x000000008000ff72 (0xfe043703) ld      a4, -32(s0)
core   0: 3 0x000000008000ff72 (0xfe043703) x14 0x0000000080012040 mem 0x0000000080031f50
core   0: 0x000000008000ff76 (0xfcf76de3) bltu    a4, a5, pc - 38
core   0: 3 0x000000008000ff76 (0xfcf76de3)
core   0: 0x000000008000ff50 (0xfe043783) ld      a5, -32(s0)
core   0: 3 0x000000008000ff50 (0xfe043783) x15 0x0000000080012040 mem 0x0000000080031f50
core   0: 0x000000008000ff54 (0x00178713) addi    a4, a5, 1
core   0: 3 0x000000008000ff54 (0x00178713) x14 0x0000000080012041
core   0: 0x000000008000ff58 (0xfee43023) sd      a4, -32(s0)
core   0: 3 0x000000008000ff58 (0xfee43023) mem 0x0000000080031f50 0x0000000080012041
core   0: 0x000000008000ff5c (0xfc442703) lw      a4, -60(s0)
core   0: 3 0x000000008000ff5c (0xfc442703) x14 0x0000000000000000 mem 0x0000000080031f34
core   0: 0x000000008000ff60 (0x0ff77713) andi    a4, a4, 255
core   0: 3 0x000000008000ff60 (0x0ff77713) x14 0x0000000000000000
core   0: 0x000000008000ff64 (0x00e78023) sb      a4, 0(a5)
core   0: 3 0x000000008000ff64 (0x00e78023) mem 0x0000000080012040 0x00
core   0: 0x000000008000ff68 (0xfc843703) ld      a4, -56(s0)
core   0: 3 0x000000008000ff68 (0xfc843703) x14 0x0000000080012040 mem 0x0000000080031f38
core   0: 0x000000008000ff6c (0xfb843783) ld      a5, -72(s0)
core   0: 3 0x000000008000ff6c (0xfb843783) x15 0x000000000000009c mem 0x0000000080031f28
core   0: 0x000000008000ff70 (0x000097ba) c.add   a5, a4
core   0: 3 0x000000008000ff70 (0x97ba) x15 0x00000000800120dc
core   0: 0x000000008000ff72 (0xfe043703) ld      a4, -32(s0)
core   0: 3 0x000000008000ff72 (0xfe043703) x14 0x0000000080012041 mem 0x0000000080031f50
core   0: 0x000000008000ff76 (0xfcf76de3) bltu    a4, a5, pc - 38
core   0: 3 0x000000008000ff76 (0xfcf76de3)
core   0: 0x000000008000ff50 (0xfe043783) ld      a5, -32(s0)
core   0: 3 0x000000008000ff50 (0xfe043783) x15 0x0000000080012041 mem 0x0000000080031f50
core   0: 0x000000008000ff54 (0x00178713) addi    a4, a5, 1
core   0: 3 0x000000008000ff54 (0x00178713) x14 0x0000000080012042
core   0: 0x000000008000ff58 (0xfee43023) sd      a4, -32(s0)
core   0: 3 0x000000008000ff58 (0xfee43023) mem 0x0000000080031f50 0x0000000080012042
core   0: 0x000000008000ff5c (0xfc442703) lw      a4, -60(s0)
core   0: 3 0x000000008000ff5c (0xfc442703) x14 0x0000000000000000 mem 0x0000000080031f34
core   0: 0x000000008000ff60 (0x0ff77713) andi    a4, a4, 255
core   0: 3 0x000000008000ff60 (0x0ff77713) x14 0x0000000000000000
core   0: 0x000000008000ff64 (0x00e78023) sb      a4, 0(a5)
core   0: 3 0x000000008000ff64 (0x00e78023) mem 0x0000000080012041 0x00
core   0: 0x000000008000ff68 (0xfc843703) ld      a4, -56(s0)
core   0: 3 0x000000008000ff68 (0xfc843703) x14 0x0000000080012040 mem 0x0000000080031f38
core   0: 0x000000008000ff6c (0xfb843783) ld      a5, -72(s0)
core   0: 3 0x000000008000ff6c (0xfb843783) x15 0x000000000000009c mem 0x0000000080031f28
core   0: 0x000000008000ff70 (0x000097ba) c.add   a5, a4
core   0: 3 0x000000008000ff70 (0x97ba) x15 0x00000000800120dc
core   0: 0x000000008000ff72 (0xfe043703) ld      a4, -32(s0)
core   0: 3 0x000000008000ff72 (0xfe043703) x14 0x0000000080012042 mem 0x0000000080031f50
core   0: 0x000000008000ff76 (0xfcf76de3) bltu    a4, a5, pc - 38
core   0: 3 0x000000008000ff76 (0xfcf76de3)
core   0: 0x000000008000ff50 (0xfe043783) ld      a5, -32(s0)
core   0: 3 0x000000008000ff50 (0xfe043783) x15 0x0000000080012042 mem 0x0000000080031f50
core   0: 0x000000008000ff54 (0x00178713) addi    a4, a5, 1
core   0: 3 0x000000008000ff54 (0x00178713) x14 0x0000000080012043
core   0: 0x000000008000ff58 (0xfee43023) sd      a4, -32(s0)
core   0: 3 0x000000008000ff58 (0xfee43023) mem 0x0000000080031f50 0x0000000080012043
core   0: 0x000000008000ff5c (0xfc442703) lw      a4, -60(s0)
core   0: 3 0x000000008000ff5c (0xfc442703) x14 0x0000000000000000 mem 0x0000000080031f34
core   0: 0x000000008000ff60 (0x0ff77713) andi    a4, a4, 255
core   0: 3 0x000000008000ff60 (0x0ff77713) x14 0x0000000000000000
core   0: 0x000000008000ff64 (0x00e78023) sb      a4, 0(a5)
core   0: 3 0x000000008000ff64 (0x00e78023) mem 0x0000000080012042 0x00
core   0: 0x000000008000ff68 (0xfc843703) ld      a4, -56(s0)
core   0: 3 0x000000008000ff68 (0xfc843703) x14 0x0000000080012040 mem 0x0000000080031f38
core   0: 0x000000008000ff6c (0xfb843783) ld      a5, -72(s0)
core   0: 3 0x000000008000ff6c (0xfb843783) x15 0x000000000000009c mem 0x0000000080031f28
core   0: 0x000000008000ff70 (0x000097ba) c.add   a5, a4
core   0: 3 0x000000008000ff70 (0x97ba) x15 0x00000000800120dc
core   0: 0x000000008000ff72 (0xfe043703) ld      a4, -32(s0)
core   0: 3 0x000000008000ff72 (0xfe043703) x14 0x0000000080012043 mem 0x0000000080031f50
core   0: 0x000000008000ff76 (0xfcf76de3) bltu    a4, a5, pc - 38
core   0: 3 0x000000008000ff76 (0xfcf76de3)
core   0: 0x000000008000ff50 (0xfe043783) ld      a5, -32(s0)
core   0: 3 0x000000008000ff50 (0xfe043783) x15 0x0000000080012043 mem 0x0000000080031f50
core   0: 0x000000008000ff54 (0x00178713) addi    a4, a5, 1
core   0: 3 0x000000008000ff54 (0x00178713) x14 0x0000000080012044
core   0: 0x000000008000ff58 (0xfee43023) sd      a4, -32(s0)
core   0: 3 0x000000008000ff58 (0xfee43023) mem 0x0000000080031f50 0x0000000080012044
core   0: 0x000000008000ff5c (0xfc442703) lw      a4, -60(s0)
core   0: 3 0x000000008000ff5c (0xfc442703) x14 0x0000000000000000 mem 0x0000000080031f34
core   0: 0x000000008000ff60 (0x0ff77713) andi    a4, a4, 255
core   0: 3 0x000000008000ff60 (0x0ff77713) x14 0x0000000000000000
core   0: 0x000000008000ff64 (0x00e78023) sb      a4, 0(a5)
core   0: 3 0x000000008000ff64 (0x00e78023) mem 0x0000000080012043 0x00
core   0: 0x000000008000ff68 (0xfc843703) ld      a4, -56(s0)
core   0: 3 0x000000008000ff68 (0xfc843703) x14 0x0000000080012040 mem 0x0000000080031f38
core   0: 0x000000008000ff6c (0xfb843783) ld      a5, -72(s0)
core   0: 3 0x000000008000ff6c (0xfb843783) x15 0x000000000000009c mem 0x0000000080031f28
core   0: 0x000000008000ff70 (0x000097ba) c.add   a5, a4
core   0: 3 0x000000008000ff70 (0x97ba) x15 0x00000000800120dc
core   0: 0x000000008000ff72 (0xfe043703) ld      a4, -32(s0)
core   0: 3 0x000000008000ff72 (0xfe043703) x14 0x0000000080012044 mem 0x0000000080031f50
core   0: 0x000000008000ff76 (0xfcf76de3) bltu    a4, a5, pc - 38
core   0: 3 0x000000008000ff76 (0xfcf76de3)
core   0: 0x000000008000ff50 (0xfe043783) ld      a5, -32(s0)
core   0: 3 0x000000008000ff50 (0xfe043783) x15 0x0000000080012044 mem 0x0000000080031f50
core   0: 0x000000008000ff54 (0x00178713) addi    a4, a5, 1
core   0: 3 0x000000008000ff54 (0x00178713) x14 0x0000000080012045
core   0: 0x000000008000ff58 (0xfee43023) sd      a4, -32(s0)
core   0: 3 0x000000008000ff58 (0xfee43023) mem 0x0000000080031f50 0x0000000080012045
core   0: 0x000000008000ff5c (0xfc442703) lw      a4, -60(s0)
core   0: 3 0x000000008000ff5c (0xfc442703) x14 0x0000000000000000 mem 0x0000000080031f34
core   0: 0x000000008000ff60 (0x0ff77713) andi    a4, a4, 255
core   0: 3 0x000000008000ff60 (0x0ff77713) x14 0x0000000000000000
core   0: 0x000000008000ff64 (0x00e78023) sb      a4, 0(a5)
core   0: 3 0x000000008000ff64 (0x00e78023) mem 0x0000000080012044 0x00
core   0: 0x000000008000ff68 (0xfc843703) ld      a4, -56(s0)
core   0: 3 0x000000008000ff68 (0xfc843703) x14 0x0000000080012040 mem 0x0000000080031f38
core   0: 0x000000008000ff6c (0xfb843783) ld      a5, -72(s0)
core   0: 3 0x000000008000ff6c (0xfb843783) x15 0x000000000000009c mem 0x0000000080031f28
core   0: 0x000000008000ff70 (0x000097ba) c.add   a5, a4
core   0: 3 0x000000008000ff70 (0x97ba) x15 0x00000000800120dc
core   0: 0x000000008000ff72 (0xfe043703) ld      a4, -32(s0)
core   0: 3 0x000000008000ff72 (0xfe043703) x14 0x0000000080012045 mem 0x0000000080031f50
core   0: 0x000000008000ff76 (0xfcf76de3) bltu    a4, a5, pc - 38
core   0: 3 0x000000008000ff76 (0xfcf76de3)
core   0: 0x000000008000ff50 (0xfe043783) ld      a5, -32(s0)
core   0: 3 0x000000008000ff50 (0xfe043783) x15 0x0000000080012045 mem 0x0000000080031f50
core   0: 0x000000008000ff54 (0x00178713) addi    a4, a5, 1
core   0: 3 0x000000008000ff54 (0x00178713) x14 0x0000000080012046
core   0: 0x000000008000ff58 (0xfee43023) sd      a4, -32(s0)
core   0: 3 0x000000008000ff58 (0xfee43023) mem 0x0000000080031f50 0x0000000080012046
core   0: 0x000000008000ff5c (0xfc442703) lw      a4, -60(s0)
core   0: 3 0x000000008000ff5c (0xfc442703) x14 0x0000000000000000 mem 0x0000000080031f34
core   0: 0x000000008000ff60 (0x0ff77713) andi    a4, a4, 255
core   0: 3 0x000000008000ff60 (0x0ff77713) x14 0x0000000000000000
core   0: 0x000000008000ff64 (0x00e78023) sb      a4, 0(a5)
core   0: 3 0x000000008000ff64 (0x00e78023) mem 0x0000000080012045 0x00
core   0: 0x000000008000ff68 (0xfc843703) ld      a4, -56(s0)
core   0: 3 0x000000008000ff68 (0xfc843703) x14 0x0000000080012040 mem 0x0000000080031f38
core   0: 0x000000008000ff6c (0xfb843783) ld      a5, -72(s0)
core   0: 3 0x000000008000ff6c (0xfb843783) x15 0x000000000000009c mem 0x0000000080031f28
core   0: 0x000000008000ff70 (0x000097ba) c.add   a5, a4
core   0: 3 0x000000008000ff70 (0x97ba) x15 0x00000000800120dc
core   0: 0x000000008000ff72 (0xfe043703) ld      a4, -32(s0)
core   0: 3 0x000000008000ff72 (0xfe043703) x14 0x0000000080012046 mem 0x0000000080031f50
core   0: 0x000000008000ff76 (0xfcf76de3) bltu    a4, a5, pc - 38
core   0: 3 0x000000008000ff76 (0xfcf76de3)
core   0: 0x000000008000ff50 (0xfe043783) ld      a5, -32(s0)
core   0: 3 0x000000008000ff50 (0xfe043783) x15 0x0000000080012046 mem 0x0000000080031f50
core   0: 0x000000008000ff54 (0x00178713) addi    a4, a5, 1
core   0: 3 0x000000008000ff54 (0x00178713) x14 0x0000000080012047
core   0: 0x000000008000ff58 (0xfee43023) sd      a4, -32(s0)
core   0: 3 0x000000008000ff58 (0xfee43023) mem 0x0000000080031f50 0x0000000080012047
core   0: 0x000000008000ff5c (0xfc442703) lw      a4, -60(s0)
core   0: 3 0x000000008000ff5c (0xfc442703) x14 0x0000000000000000 mem 0x0000000080031f34
core   0: 0x000000008000ff60 (0x0ff77713) andi    a4, a4, 255
core   0: 3 0x000000008000ff60 (0x0ff77713) x14 0x0000000000000000
core   0: 0x000000008000ff64 (0x00e78023) sb      a4, 0(a5)
core   0: 3 0x000000008000ff64 (0x00e78023) mem 0x0000000080012046 0x00
core   0: 0x000000008000ff68 (0xfc843703) ld      a4, -56(s0)
core   0: 3 0x000000008000ff68 (0xfc843703) x14 0x0000000080012040 mem 0x0000000080031f38
core   0: 0x000000008000ff6c (0xfb843783) ld      a5, -72(s0)
core   0: 3 0x000000008000ff6c (0xfb843783) x15 0x000000000000009c mem 0x0000000080031f28
core   0: 0x000000008000ff70 (0x000097ba) c.add   a5, a4
core   0: 3 0x000000008000ff70 (0x97ba) x15 0x00000000800120dc
core   0: 0x000000008000ff72 (0xfe043703) ld      a4, -32(s0)
core   0: 3 0x000000008000ff72 (0xfe043703) x14 0x0000000080012047 mem 0x0000000080031f50
core   0: 0x000000008000ff76 (0xfcf76de3) bltu    a4, a5, pc - 38
core   0: 3 0x000000008000ff76 (0xfcf76de3)
core   0: 0x000000008000ff50 (0xfe043783) ld      a5, -32(s0)
core   0: 3 0x000000008000ff50 (0xfe043783) x15 0x0000000080012047 mem 0x0000000080031f50
core   0: 0x000000008000ff54 (0x00178713) addi    a4, a5, 1
core   0: 3 0x000000008000ff54 (0x00178713) x14 0x0000000080012048
core   0: 0x000000008000ff58 (0xfee43023) sd      a4, -32(s0)
core   0: 3 0x000000008000ff58 (0xfee43023) mem 0x0000000080031f50 0x0000000080012048
core   0: 0x000000008000ff5c (0xfc442703) lw      a4, -60(s0)
core   0: 3 0x000000008000ff5c (0xfc442703) x14 0x0000000000000000 mem 0x0000000080031f34
core   0: 0x000000008000ff60 (0x0ff77713) andi    a4, a4, 255
core   0: 3 0x000000008000ff60 (0x0ff77713) x14 0x0000000000000000
core   0: 0x000000008000ff64 (0x00e78023) sb      a4, 0(a5)
core   0: 3 0x000000008000ff64 (0x00e78023) mem 0x0000000080012047 0x00
core   0: 0x000000008000ff68 (0xfc843703) ld      a4, -56(s0)
core   0: 3 0x000000008000ff68 (0xfc843703) x14 0x0000000080012040 mem 0x0000000080031f38
core   0: 0x000000008000ff6c (0xfb843783) ld      a5, -72(s0)
core   0: 3 0x000000008000ff6c (0xfb843783) x15 0x000000000000009c mem 0x0000000080031f28
core   0: 0x000000008000ff70 (0x000097ba) c.add   a5, a4
core   0: 3 0x000000008000ff70 (0x97ba) x15 0x00000000800120dc
core   0: 0x000000008000ff72 (0xfe043703) ld      a4, -32(s0)
core   0: 3 0x000000008000ff72 (0xfe043703) x14 0x0000000080012048 mem 0x0000000080031f50
core   0: 0x000000008000ff76 (0xfcf76de3) bltu    a4, a5, pc - 38
core   0: 3 0x000000008000ff76 (0xfcf76de3)
core   0: 0x000000008000ff50 (0xfe043783) ld      a5, -32(s0)
core   0: 3 0x000000008000ff50 (0xfe043783) x15 0x0000000080012048 mem 0x0000000080031f50
core   0: 0x000000008000ff54 (0x00178713) addi    a4, a5, 1
core   0: 3 0x000000008000ff54 (0x00178713) x14 0x0000000080012049
core   0: 0x000000008000ff58 (0xfee43023) sd      a4, -32(s0)
core   0: 3 0x000000008000ff58 (0xfee43023) mem 0x0000000080031f50 0x0000000080012049
core   0: 0x000000008000ff5c (0xfc442703) lw      a4, -60(s0)
core   0: 3 0x000000008000ff5c (0xfc442703) x14 0x0000000000000000 mem 0x0000000080031f34
core   0: 0x000000008000ff60 (0x0ff77713) andi    a4, a4, 255
core   0: 3 0x000000008000ff60 (0x0ff77713) x14 0x0000000000000000
core   0: 0x000000008000ff64 (0x00e78023) sb      a4, 0(a5)
core   0: 3 0x000000008000ff64 (0x00e78023) mem 0x0000000080012048 0x00
core   0: 0x000000008000ff68 (0xfc843703) ld      a4, -56(s0)
core   0: 3 0x000000008000ff68 (0xfc843703) x14 0x0000000080012040 mem 0x0000000080031f38
core   0: 0x000000008000ff6c (0xfb843783) ld      a5, -72(s0)
core   0: 3 0x000000008000ff6c (0xfb843783) x15 0x000000000000009c mem 0x0000000080031f28
core   0: 0x000000008000ff70 (0x000097ba) c.add   a5, a4
core   0: 3 0x000000008000ff70 (0x97ba) x15 0x00000000800120dc
core   0: 0x000000008000ff72 (0xfe043703) ld      a4, -32(s0)
core   0: 3 0x000000008000ff72 (0xfe043703) x14 0x0000000080012049 mem 0x0000000080031f50
core   0: 0x000000008000ff76 (0xfcf76de3) bltu    a4, a5, pc - 38
core   0: 3 0x000000008000ff76 (0xfcf76de3)
core   0: 0x000000008000ff50 (0xfe043783) ld      a5, -32(s0)
core   0: 3 0x000000008000ff50 (0xfe043783) x15 0x0000000080012049 mem 0x0000000080031f50
core   0: 0x000000008000ff54 (0x00178713) addi    a4, a5, 1
core   0: 3 0x000000008000ff54 (0x00178713) x14 0x000000008001204a
core   0: 0x000000008000ff58 (0xfee43023) sd      a4, -32(s0)
core   0: 3 0x000000008000ff58 (0xfee43023) mem 0x0000000080031f50 0x000000008001204a
core   0: 0x000000008000ff5c (0xfc442703) lw      a4, -60(s0)
core   0: 3 0x000000008000ff5c (0xfc442703) x14 0x0000000000000000 mem 0x0000000080031f34
core   0: 0x000000008000ff60 (0x0ff77713) andi    a4, a4, 255
core   0: 3 0x000000008000ff60 (0x0ff77713) x14 0x0000000000000000
core   0: 0x000000008000ff64 (0x00e78023) sb      a4, 0(a5)
core   0: 3 0x000000008000ff64 (0x00e78023) mem 0x0000000080012049 0x00
core   0: 0x000000008000ff68 (0xfc843703) ld      a4, -56(s0)
core   0: 3 0x000000008000ff68 (0xfc843703) x14 0x0000000080012040 mem 0x0000000080031f38
core   0: 0x000000008000ff6c (0xfb843783) ld      a5, -72(s0)
core   0: 3 0x000000008000ff6c (0xfb843783) x15 0x000000000000009c mem 0x0000000080031f28
core   0: 0x000000008000ff70 (0x000097ba) c.add   a5, a4
core   0: 3 0x000000008000ff70 (0x97ba) x15 0x00000000800120dc
core   0: 0x000000008000ff72 (0xfe043703) ld      a4, -32(s0)
core   0: 3 0x000000008000ff72 (0xfe043703) x14 0x000000008001204a mem 0x0000000080031f50
core   0: 0x000000008000ff76 (0xfcf76de3) bltu    a4, a5, pc - 38
core   0: 3 0x000000008000ff76 (0xfcf76de3)
core   0: 0x000000008000ff50 (0xfe043783) ld      a5, -32(s0)
core   0: 3 0x000000008000ff50 (0xfe043783) x15 0x000000008001204a mem 0x0000000080031f50
core   0: 0x000000008000ff54 (0x00178713) addi    a4, a5, 1
core   0: 3 0x000000008000ff54 (0x00178713) x14 0x000000008001204b
core   0: 0x000000008000ff58 (0xfee43023) sd      a4, -32(s0)
core   0: 3 0x000000008000ff58 (0xfee43023) mem 0x0000000080031f50 0x000000008001204b
core   0: 0x000000008000ff5c (0xfc442703) lw      a4, -60(s0)
core   0: 3 0x000000008000ff5c (0xfc442703) x14 0x0000000000000000 mem 0x0000000080031f34
core   0: 0x000000008000ff60 (0x0ff77713) andi    a4, a4, 255
core   0: 3 0x000000008000ff60 (0x0ff77713) x14 0x0000000000000000
core   0: 0x000000008000ff64 (0x00e78023) sb      a4, 0(a5)
core   0: 3 0x000000008000ff64 (0x00e78023) mem 0x000000008001204a 0x00
core   0: 0x000000008000ff68 (0xfc843703) ld      a4, -56(s0)
core   0: 3 0x000000008000ff68 (0xfc843703) x14 0x0000000080012040 mem 0x0000000080031f38
core   0: 0x000000008000ff6c (0xfb843783) ld      a5, -72(s0)
core   0: 3 0x000000008000ff6c (0xfb843783) x15 0x000000000000009c mem 0x0000000080031f28
core   0: 0x000000008000ff70 (0x000097ba) c.add   a5, a4
core   0: 3 0x000000008000ff70 (0x97ba) x15 0x00000000800120dc
core   0: 0x000000008000ff72 (0xfe043703) ld      a4, -32(s0)
core   0: 3 0x000000008000ff72 (0xfe043703) x14 0x000000008001204b mem 0x0000000080031f50
core   0: 0x000000008000ff76 (0xfcf76de3) bltu    a4, a5, pc - 38
core   0: 3 0x000000008000ff76 (0xfcf76de3)
core   0: 0x000000008000ff50 (0xfe043783) ld      a5, -32(s0)
core   0: 3 0x000000008000ff50 (0xfe043783) x15 0x000000008001204b mem 0x0000000080031f50
core   0: 0x000000008000ff54 (0x00178713) addi    a4, a5, 1
core   0: 3 0x000000008000ff54 (0x00178713) x14 0x000000008001204c
core   0: 0x000000008000ff58 (0xfee43023) sd      a4, -32(s0)
core   0: 3 0x000000008000ff58 (0xfee43023) mem 0x0000000080031f50 0x000000008001204c
core   0: 0x000000008000ff5c (0xfc442703) lw      a4, -60(s0)
core   0: 3 0x000000008000ff5c (0xfc442703) x14 0x0000000000000000 mem 0x0000000080031f34
core   0: 0x000000008000ff60 (0x0ff77713) andi    a4, a4, 255
core   0: 3 0x000000008000ff60 (0x0ff77713) x14 0x0000000000000000
core   0: 0x000000008000ff64 (0x00e78023) sb      a4, 0(a5)
core   0: 3 0x000000008000ff64 (0x00e78023) mem 0x000000008001204b 0x00
core   0: 0x000000008000ff68 (0xfc843703) ld      a4, -56(s0)
core   0: 3 0x000000008000ff68 (0xfc843703) x14 0x0000000080012040 mem 0x0000000080031f38
core   0: 0x000000008000ff6c (0xfb843783) ld      a5, -72(s0)
core   0: 3 0x000000008000ff6c (0xfb843783) x15 0x000000000000009c mem 0x0000000080031f28
core   0: 0x000000008000ff70 (0x000097ba) c.add   a5, a4
core   0: 3 0x000000008000ff70 (0x97ba) x15 0x00000000800120dc
core   0: 0x000000008000ff72 (0xfe043703) ld      a4, -32(s0)
core   0: 3 0x000000008000ff72 (0xfe043703) x14 0x000000008001204c mem 0x0000000080031f50
core   0: 0x000000008000ff76 (0xfcf76de3) bltu    a4, a5, pc - 38
core   0: 3 0x000000008000ff76 (0xfcf76de3)
core   0: 0x000000008000ff50 (0xfe043783) ld      a5, -32(s0)
core   0: 3 0x000000008000ff50 (0xfe043783) x15 0x000000008001204c mem 0x0000000080031f50
core   0: 0x000000008000ff54 (0x00178713) addi    a4, a5, 1
core   0: 3 0x000000008000ff54 (0x00178713) x14 0x000000008001204d
core   0: 0x000000008000ff58 (0xfee43023) sd      a4, -32(s0)
core   0: 3 0x000000008000ff58 (0xfee43023) mem 0x0000000080031f50 0x000000008001204d
core   0: 0x000000008000ff5c (0xfc442703) lw      a4, -60(s0)
core   0: 3 0x000000008000ff5c (0xfc442703) x14 0x0000000000000000 mem 0x0000000080031f34
core   0: 0x000000008000ff60 (0x0ff77713) andi    a4, a4, 255
core   0: 3 0x000000008000ff60 (0x0ff77713) x14 0x0000000000000000
core   0: 0x000000008000ff64 (0x00e78023) sb      a4, 0(a5)
core   0: 3 0x000000008000ff64 (0x00e78023) mem 0x000000008001204c 0x00
core   0: 0x000000008000ff68 (0xfc843703) ld      a4, -56(s0)
core   0: 3 0x000000008000ff68 (0xfc843703) x14 0x0000000080012040 mem 0x0000000080031f38
core   0: 0x000000008000ff6c (0xfb843783) ld      a5, -72(s0)
core   0: 3 0x000000008000ff6c (0xfb843783) x15 0x000000000000009c mem 0x0000000080031f28
core   0: 0x000000008000ff70 (0x000097ba) c.add   a5, a4
core   0: 3 0x000000008000ff70 (0x97ba) x15 0x00000000800120dc
core   0: 0x000000008000ff72 (0xfe043703) ld      a4, -32(s0)
core   0: 3 0x000000008000ff72 (0xfe043703) x14 0x000000008001204d mem 0x0000000080031f50
core   0: 0x000000008000ff76 (0xfcf76de3) bltu    a4, a5, pc - 38
core   0: 3 0x000000008000ff76 (0xfcf76de3)
core   0: 0x000000008000ff50 (0xfe043783) ld      a5, -32(s0)
core   0: 3 0x000000008000ff50 (0xfe043783) x15 0x000000008001204d mem 0x0000000080031f50
core   0: 0x000000008000ff54 (0x00178713) addi    a4, a5, 1
core   0: 3 0x000000008000ff54 (0x00178713) x14 0x000000008001204e
core   0: 0x000000008000ff58 (0xfee43023) sd      a4, -32(s0)
core   0: 3 0x000000008000ff58 (0xfee43023) mem 0x0000000080031f50 0x000000008001204e
core   0: 0x000000008000ff5c (0xfc442703) lw      a4, -60(s0)
core   0: 3 0x000000008000ff5c (0xfc442703) x14 0x0000000000000000 mem 0x0000000080031f34
core   0: 0x000000008000ff60 (0x0ff77713) andi    a4, a4, 255
core   0: 3 0x000000008000ff60 (0x0ff77713) x14 0x0000000000000000
core   0: 0x000000008000ff64 (0x00e78023) sb      a4, 0(a5)
core   0: 3 0x000000008000ff64 (0x00e78023) mem 0x000000008001204d 0x00
core   0: 0x000000008000ff68 (0xfc843703) ld      a4, -56(s0)
core   0: 3 0x000000008000ff68 (0xfc843703) x14 0x0000000080012040 mem 0x0000000080031f38
core   0: 0x000000008000ff6c (0xfb843783) ld      a5, -72(s0)
core   0: 3 0x000000008000ff6c (0xfb843783) x15 0x000000000000009c mem 0x0000000080031f28
core   0: 0x000000008000ff70 (0x000097ba) c.add   a5, a4
core   0: 3 0x000000008000ff70 (0x97ba) x15 0x00000000800120dc
core   0: 0x000000008000ff72 (0xfe043703) ld      a4, -32(s0)
core   0: 3 0x000000008000ff72 (0xfe043703) x14 0x000000008001204e mem 0x0000000080031f50
core   0: 0x000000008000ff76 (0xfcf76de3) bltu    a4, a5, pc - 38
core   0: 3 0x000000008000ff76 (0xfcf76de3)
core   0: 0x000000008000ff50 (0xfe043783) ld      a5, -32(s0)
core   0: 3 0x000000008000ff50 (0xfe043783) x15 0x000000008001204e mem 0x0000000080031f50
core   0: 0x000000008000ff54 (0x00178713) addi    a4, a5, 1
core   0: 3 0x000000008000ff54 (0x00178713) x14 0x000000008001204f
core   0: 0x000000008000ff58 (0xfee43023) sd      a4, -32(s0)
core   0: 3 0x000000008000ff58 (0xfee43023) mem 0x0000000080031f50 0x000000008001204f
core   0: 0x000000008000ff5c (0xfc442703) lw      a4, -60(s0)
core   0: 3 0x000000008000ff5c (0xfc442703) x14 0x0000000000000000 mem 0x0000000080031f34
core   0: 0x000000008000ff60 (0x0ff77713) andi    a4, a4, 255
core   0: 3 0x000000008000ff60 (0x0ff77713) x14 0x0000000000000000
core   0: 0x000000008000ff64 (0x00e78023) sb      a4, 0(a5)
core   0: 3 0x000000008000ff64 (0x00e78023) mem 0x000000008001204e 0x00
core   0: 0x000000008000ff68 (0xfc843703) ld      a4, -56(s0)
core   0: 3 0x000000008000ff68 (0xfc843703) x14 0x0000000080012040 mem 0x0000000080031f38
core   0: 0x000000008000ff6c (0xfb843783) ld      a5, -72(s0)
core   0: 3 0x000000008000ff6c (0xfb843783) x15 0x000000000000009c mem 0x0000000080031f28
core   0: 0x000000008000ff70 (0x000097ba) c.add   a5, a4
core   0: 3 0x000000008000ff70 (0x97ba) x15 0x00000000800120dc
core   0: 0x000000008000ff72 (0xfe043703) ld      a4, -32(s0)
core   0: 3 0x000000008000ff72 (0xfe043703) x14 0x000000008001204f mem 0x0000000080031f50
core   0: 0x000000008000ff76 (0xfcf76de3) bltu    a4, a5, pc - 38
core   0: 3 0x000000008000ff76 (0xfcf76de3)
core   0: 0x000000008000ff50 (0xfe043783) ld      a5, -32(s0)
core   0: 3 0x000000008000ff50 (0xfe043783) x15 0x000000008001204f mem 0x0000000080031f50
core   0: 0x000000008000ff54 (0x00178713) addi    a4, a5, 1
core   0: 3 0x000000008000ff54 (0x00178713) x14 0x0000000080012050
core   0: 0x000000008000ff58 (0xfee43023) sd      a4, -32(s0)
core   0: 3 0x000000008000ff58 (0xfee43023) mem 0x0000000080031f50 0x0000000080012050
core   0: 0x000000008000ff5c (0xfc442703) lw      a4, -60(s0)
core   0: 3 0x000000008000ff5c (0xfc442703) x14 0x0000000000000000 mem 0x0000000080031f34
core   0: 0x000000008000ff60 (0x0ff77713) andi    a4, a4, 255
core   0: 3 0x000000008000ff60 (0x0ff77713) x14 0x0000000000000000
core   0: 0x000000008000ff64 (0x00e78023) sb      a4, 0(a5)
core   0: 3 0x000000008000ff64 (0x00e78023) mem 0x000000008001204f 0x00
core   0: 0x000000008000ff68 (0xfc843703) ld      a4, -56(s0)
core   0: 3 0x000000008000ff68 (0xfc843703) x14 0x0000000080012040 mem 0x0000000080031f38
core   0: 0x000000008000ff6c (0xfb843783) ld      a5, -72(s0)
core   0: 3 0x000000008000ff6c (0xfb843783) x15 0x000000000000009c mem 0x0000000080031f28
core   0: 0x000000008000ff70 (0x000097ba) c.add   a5, a4
core   0: 3 0x000000008000ff70 (0x97ba) x15 0x00000000800120dc
core   0: 0x000000008000ff72 (0xfe043703) ld      a4, -32(s0)
core   0: 3 0x000000008000ff72 (0xfe043703) x14 0x0000000080012050 mem 0x0000000080031f50
core   0: 0x000000008000ff76 (0xfcf76de3) bltu    a4, a5, pc - 38
core   0: 3 0x000000008000ff76 (0xfcf76de3)
core   0: 0x000000008000ff50 (0xfe043783) ld      a5, -32(s0)
core   0: 3 0x000000008000ff50 (0xfe043783) x15 0x0000000080012050 mem 0x0000000080031f50
core   0: 0x000000008000ff54 (0x00178713) addi    a4, a5, 1
core   0: 3 0x000000008000ff54 (0x00178713) x14 0x0000000080012051
core   0: 0x000000008000ff58 (0xfee43023) sd      a4, -32(s0)
core   0: 3 0x000000008000ff58 (0xfee43023) mem 0x0000000080031f50 0x0000000080012051
core   0: 0x000000008000ff5c (0xfc442703) lw      a4, -60(s0)
core   0: 3 0x000000008000ff5c (0xfc442703) x14 0x0000000000000000 mem 0x0000000080031f34
core   0: 0x000000008000ff60 (0x0ff77713) andi    a4, a4, 255
core   0: 3 0x000000008000ff60 (0x0ff77713) x14 0x0000000000000000
core   0: 0x000000008000ff64 (0x00e78023) sb      a4, 0(a5)
core   0: 3 0x000000008000ff64 (0x00e78023) mem 0x0000000080012050 0x00
core   0: 0x000000008000ff68 (0xfc843703) ld      a4, -56(s0)
core   0: 3 0x000000008000ff68 (0xfc843703) x14 0x0000000080012040 mem 0x0000000080031f38
core   0: 0x000000008000ff6c (0xfb843783) ld      a5, -72(s0)
core   0: 3 0x000000008000ff6c (0xfb843783) x15 0x000000000000009c mem 0x0000000080031f28
core   0: 0x000000008000ff70 (0x000097ba) c.add   a5, a4
core   0: 3 0x000000008000ff70 (0x97ba) x15 0x00000000800120dc
core   0: 0x000000008000ff72 (0xfe043703) ld      a4, -32(s0)
core   0: 3 0x000000008000ff72 (0xfe043703) x14 0x0000000080012051 mem 0x0000000080031f50
core   0: 0x000000008000ff76 (0xfcf76de3) bltu    a4, a5, pc - 38
core   0: 3 0x000000008000ff76 (0xfcf76de3)
core   0: 0x000000008000ff50 (0xfe043783) ld      a5, -32(s0)
core   0: 3 0x000000008000ff50 (0xfe043783) x15 0x0000000080012051 mem 0x0000000080031f50
core   0: 0x000000008000ff54 (0x00178713) addi    a4, a5, 1
core   0: 3 0x000000008000ff54 (0x00178713) x14 0x0000000080012052
core   0: 0x000000008000ff58 (0xfee43023) sd      a4, -32(s0)
core   0: 3 0x000000008000ff58 (0xfee43023) mem 0x0000000080031f50 0x0000000080012052
core   0: 0x000000008000ff5c (0xfc442703) lw      a4, -60(s0)
core   0: 3 0x000000008000ff5c (0xfc442703) x14 0x0000000000000000 mem 0x0000000080031f34
core   0: 0x000000008000ff60 (0x0ff77713) andi    a4, a4, 255
core   0: 3 0x000000008000ff60 (0x0ff77713) x14 0x0000000000000000
core   0: 0x000000008000ff64 (0x00e78023) sb      a4, 0(a5)
core   0: 3 0x000000008000ff64 (0x00e78023) mem 0x0000000080012051 0x00
core   0: 0x000000008000ff68 (0xfc843703) ld      a4, -56(s0)
core   0: 3 0x000000008000ff68 (0xfc843703) x14 0x0000000080012040 mem 0x0000000080031f38
core   0: 0x000000008000ff6c (0xfb843783) ld      a5, -72(s0)
core   0: 3 0x000000008000ff6c (0xfb843783) x15 0x000000000000009c mem 0x0000000080031f28
core   0: 0x000000008000ff70 (0x000097ba) c.add   a5, a4
core   0: 3 0x000000008000ff70 (0x97ba) x15 0x00000000800120dc
core   0: 0x000000008000ff72 (0xfe043703) ld      a4, -32(s0)
core   0: 3 0x000000008000ff72 (0xfe043703) x14 0x0000000080012052 mem 0x0000000080031f50
core   0: 0x000000008000ff76 (0xfcf76de3) bltu    a4, a5, pc - 38
core   0: 3 0x000000008000ff76 (0xfcf76de3)
core   0: 0x000000008000ff50 (0xfe043783) ld      a5, -32(s0)
core   0: 3 0x000000008000ff50 (0xfe043783) x15 0x0000000080012052 mem 0x0000000080031f50
core   0: 0x000000008000ff54 (0x00178713) addi    a4, a5, 1
core   0: 3 0x000000008000ff54 (0x00178713) x14 0x0000000080012053
core   0: 0x000000008000ff58 (0xfee43023) sd      a4, -32(s0)
core   0: 3 0x000000008000ff58 (0xfee43023) mem 0x0000000080031f50 0x0000000080012053
core   0: 0x000000008000ff5c (0xfc442703) lw      a4, -60(s0)
core   0: 3 0x000000008000ff5c (0xfc442703) x14 0x0000000000000000 mem 0x0000000080031f34
core   0: 0x000000008000ff60 (0x0ff77713) andi    a4, a4, 255
core   0: 3 0x000000008000ff60 (0x0ff77713) x14 0x0000000000000000
core   0: 0x000000008000ff64 (0x00e78023) sb      a4, 0(a5)
core   0: 3 0x000000008000ff64 (0x00e78023) mem 0x0000000080012052 0x00
core   0: 0x000000008000ff68 (0xfc843703) ld      a4, -56(s0)
core   0: 3 0x000000008000ff68 (0xfc843703) x14 0x0000000080012040 mem 0x0000000080031f38
core   0: 0x000000008000ff6c (0xfb843783) ld      a5, -72(s0)
core   0: 3 0x000000008000ff6c (0xfb843783) x15 0x000000000000009c mem 0x0000000080031f28
core   0: 0x000000008000ff70 (0x000097ba) c.add   a5, a4
core   0: 3 0x000000008000ff70 (0x97ba) x15 0x00000000800120dc
core   0: 0x000000008000ff72 (0xfe043703) ld      a4, -32(s0)
core   0: 3 0x000000008000ff72 (0xfe043703) x14 0x0000000080012053 mem 0x0000000080031f50
core   0: 0x000000008000ff76 (0xfcf76de3) bltu    a4, a5, pc - 38
core   0: 3 0x000000008000ff76 (0xfcf76de3)
core   0: 0x000000008000ff50 (0xfe043783) ld      a5, -32(s0)
core   0: 3 0x000000008000ff50 (0xfe043783) x15 0x0000000080012053 mem 0x0000000080031f50
core   0: 0x000000008000ff54 (0x00178713) addi    a4, a5, 1
core   0: 3 0x000000008000ff54 (0x00178713) x14 0x0000000080012054
core   0: 0x000000008000ff58 (0xfee43023) sd      a4, -32(s0)
core   0: 3 0x000000008000ff58 (0xfee43023) mem 0x0000000080031f50 0x0000000080012054
core   0: 0x000000008000ff5c (0xfc442703) lw      a4, -60(s0)
core   0: 3 0x000000008000ff5c (0xfc442703) x14 0x0000000000000000 mem 0x0000000080031f34
core   0: 0x000000008000ff60 (0x0ff77713) andi    a4, a4, 255
core   0: 3 0x000000008000ff60 (0x0ff77713) x14 0x0000000000000000
core   0: 0x000000008000ff64 (0x00e78023) sb      a4, 0(a5)
core   0: 3 0x000000008000ff64 (0x00e78023) mem 0x0000000080012053 0x00
core   0: 0x000000008000ff68 (0xfc843703) ld      a4, -56(s0)
core   0: 3 0x000000008000ff68 (0xfc843703) x14 0x0000000080012040 mem 0x0000000080031f38
core   0: 0x000000008000ff6c (0xfb843783) ld      a5, -72(s0)
core   0: 3 0x000000008000ff6c (0xfb843783) x15 0x000000000000009c mem 0x0000000080031f28
core   0: 0x000000008000ff70 (0x000097ba) c.add   a5, a4
core   0: 3 0x000000008000ff70 (0x97ba) x15 0x00000000800120dc
core   0: 0x000000008000ff72 (0xfe043703) ld      a4, -32(s0)
core   0: 3 0x000000008000ff72 (0xfe043703) x14 0x0000000080012054 mem 0x0000000080031f50
core   0: 0x000000008000ff76 (0xfcf76de3) bltu    a4, a5, pc - 38
core   0: 3 0x000000008000ff76 (0xfcf76de3)
core   0: 0x000000008000ff50 (0xfe043783) ld      a5, -32(s0)
core   0: 3 0x000000008000ff50 (0xfe043783) x15 0x0000000080012054 mem 0x0000000080031f50
core   0: 0x000000008000ff54 (0x00178713) addi    a4, a5, 1
core   0: 3 0x000000008000ff54 (0x00178713) x14 0x0000000080012055
core   0: 0x000000008000ff58 (0xfee43023) sd      a4, -32(s0)
core   0: 3 0x000000008000ff58 (0xfee43023) mem 0x0000000080031f50 0x0000000080012055
core   0: 0x000000008000ff5c (0xfc442703) lw      a4, -60(s0)
core   0: 3 0x000000008000ff5c (0xfc442703) x14 0x0000000000000000 mem 0x0000000080031f34
core   0: 0x000000008000ff60 (0x0ff77713) andi    a4, a4, 255
core   0: 3 0x000000008000ff60 (0x0ff77713) x14 0x0000000000000000
core   0: 0x000000008000ff64 (0x00e78023) sb      a4, 0(a5)
core   0: 3 0x000000008000ff64 (0x00e78023) mem 0x0000000080012054 0x00
core   0: 0x000000008000ff68 (0xfc843703) ld      a4, -56(s0)
core   0: 3 0x000000008000ff68 (0xfc843703) x14 0x0000000080012040 mem 0x0000000080031f38
core   0: 0x000000008000ff6c (0xfb843783) ld      a5, -72(s0)
core   0: 3 0x000000008000ff6c (0xfb843783) x15 0x000000000000009c mem 0x0000000080031f28
core   0: 0x000000008000ff70 (0x000097ba) c.add   a5, a4
core   0: 3 0x000000008000ff70 (0x97ba) x15 0x00000000800120dc
core   0: 0x000000008000ff72 (0xfe043703) ld      a4, -32(s0)
core   0: 3 0x000000008000ff72 (0xfe043703) x14 0x0000000080012055 mem 0x0000000080031f50
core   0: 0x000000008000ff76 (0xfcf76de3) bltu    a4, a5, pc - 38
core   0: 3 0x000000008000ff76 (0xfcf76de3)
core   0: 0x000000008000ff50 (0xfe043783) ld      a5, -32(s0)
core   0: 3 0x000000008000ff50 (0xfe043783) x15 0x0000000080012055 mem 0x0000000080031f50
core   0: 0x000000008000ff54 (0x00178713) addi    a4, a5, 1
core   0: 3 0x000000008000ff54 (0x00178713) x14 0x0000000080012056
core   0: 0x000000008000ff58 (0xfee43023) sd      a4, -32(s0)
core   0: 3 0x000000008000ff58 (0xfee43023) mem 0x0000000080031f50 0x0000000080012056
core   0: 0x000000008000ff5c (0xfc442703) lw      a4, -60(s0)
core   0: 3 0x000000008000ff5c (0xfc442703) x14 0x0000000000000000 mem 0x0000000080031f34
core   0: 0x000000008000ff60 (0x0ff77713) andi    a4, a4, 255
core   0: 3 0x000000008000ff60 (0x0ff77713) x14 0x0000000000000000
core   0: 0x000000008000ff64 (0x00e78023) sb      a4, 0(a5)
core   0: 3 0x000000008000ff64 (0x00e78023) mem 0x0000000080012055 0x00
core   0: 0x000000008000ff68 (0xfc843703) ld      a4, -56(s0)
core   0: 3 0x000000008000ff68 (0xfc843703) x14 0x0000000080012040 mem 0x0000000080031f38
core   0: 0x000000008000ff6c (0xfb843783) ld      a5, -72(s0)
core   0: 3 0x000000008000ff6c (0xfb843783) x15 0x000000000000009c mem 0x0000000080031f28
core   0: 0x000000008000ff70 (0x000097ba) c.add   a5, a4
core   0: 3 0x000000008000ff70 (0x97ba) x15 0x00000000800120dc
core   0: 0x000000008000ff72 (0xfe043703) ld      a4, -32(s0)
core   0: 3 0x000000008000ff72 (0xfe043703) x14 0x0000000080012056 mem 0x0000000080031f50
core   0: 0x000000008000ff76 (0xfcf76de3) bltu    a4, a5, pc - 38
core   0: 3 0x000000008000ff76 (0xfcf76de3)
core   0: 0x000000008000ff50 (0xfe043783) ld      a5, -32(s0)
core   0: 3 0x000000008000ff50 (0xfe043783) x15 0x0000000080012056 mem 0x0000000080031f50
core   0: 0x000000008000ff54 (0x00178713) addi    a4, a5, 1
core   0: 3 0x000000008000ff54 (0x00178713) x14 0x0000000080012057
core   0: 0x000000008000ff58 (0xfee43023) sd      a4, -32(s0)
core   0: 3 0x000000008000ff58 (0xfee43023) mem 0x0000000080031f50 0x0000000080012057
core   0: 0x000000008000ff5c (0xfc442703) lw      a4, -60(s0)
core   0: 3 0x000000008000ff5c (0xfc442703) x14 0x0000000000000000 mem 0x0000000080031f34
core   0: 0x000000008000ff60 (0x0ff77713) andi    a4, a4, 255
core   0: 3 0x000000008000ff60 (0x0ff77713) x14 0x0000000000000000
core   0: 0x000000008000ff64 (0x00e78023) sb      a4, 0(a5)
core   0: 3 0x000000008000ff64 (0x00e78023) mem 0x0000000080012056 0x00
core   0: 0x000000008000ff68 (0xfc843703) ld      a4, -56(s0)
core   0: 3 0x000000008000ff68 (0xfc843703) x14 0x0000000080012040 mem 0x0000000080031f38
core   0: 0x000000008000ff6c (0xfb843783) ld      a5, -72(s0)
core   0: 3 0x000000008000ff6c (0xfb843783) x15 0x000000000000009c mem 0x0000000080031f28
core   0: 0x000000008000ff70 (0x000097ba) c.add   a5, a4
core   0: 3 0x000000008000ff70 (0x97ba) x15 0x00000000800120dc
core   0: 0x000000008000ff72 (0xfe043703) ld      a4, -32(s0)
core   0: 3 0x000000008000ff72 (0xfe043703) x14 0x0000000080012057 mem 0x0000000080031f50
core   0: 0x000000008000ff76 (0xfcf76de3) bltu    a4, a5, pc - 38
core   0: 3 0x000000008000ff76 (0xfcf76de3)
core   0: 0x000000008000ff50 (0xfe043783) ld      a5, -32(s0)
core   0: 3 0x000000008000ff50 (0xfe043783) x15 0x0000000080012057 mem 0x0000000080031f50
core   0: 0x000000008000ff54 (0x00178713) addi    a4, a5, 1
core   0: 3 0x000000008000ff54 (0x00178713) x14 0x0000000080012058
core   0: 0x000000008000ff58 (0xfee43023) sd      a4, -32(s0)
core   0: 3 0x000000008000ff58 (0xfee43023) mem 0x0000000080031f50 0x0000000080012058
core   0: 0x000000008000ff5c (0xfc442703) lw      a4, -60(s0)
core   0: 3 0x000000008000ff5c (0xfc442703) x14 0x0000000000000000 mem 0x0000000080031f34
core   0: 0x000000008000ff60 (0x0ff77713) andi    a4, a4, 255
core   0: 3 0x000000008000ff60 (0x0ff77713) x14 0x0000000000000000
core   0: 0x000000008000ff64 (0x00e78023) sb      a4, 0(a5)
core   0: 3 0x000000008000ff64 (0x00e78023) mem 0x0000000080012057 0x00
core   0: 0x000000008000ff68 (0xfc843703) ld      a4, -56(s0)
core   0: 3 0x000000008000ff68 (0xfc843703) x14 0x0000000080012040 mem 0x0000000080031f38
core   0: 0x000000008000ff6c (0xfb843783) ld      a5, -72(s0)
core   0: 3 0x000000008000ff6c (0xfb843783) x15 0x000000000000009c mem 0x0000000080031f28
core   0: 0x000000008000ff70 (0x000097ba) c.add   a5, a4
core   0: 3 0x000000008000ff70 (0x97ba) x15 0x00000000800120dc
core   0: 0x000000008000ff72 (0xfe043703) ld      a4, -32(s0)
core   0: 3 0x000000008000ff72 (0xfe043703) x14 0x0000000080012058 mem 0x0000000080031f50
core   0: 0x000000008000ff76 (0xfcf76de3) bltu    a4, a5, pc - 38
core   0: 3 0x000000008000ff76 (0xfcf76de3)
core   0: 0x000000008000ff50 (0xfe043783) ld      a5, -32(s0)
core   0: 3 0x000000008000ff50 (0xfe043783) x15 0x0000000080012058 mem 0x0000000080031f50
core   0: 0x000000008000ff54 (0x00178713) addi    a4, a5, 1
core   0: 3 0x000000008000ff54 (0x00178713) x14 0x0000000080012059
core   0: 0x000000008000ff58 (0xfee43023) sd      a4, -32(s0)
core   0: 3 0x000000008000ff58 (0xfee43023) mem 0x0000000080031f50 0x0000000080012059
core   0: 0x000000008000ff5c (0xfc442703) lw      a4, -60(s0)
core   0: 3 0x000000008000ff5c (0xfc442703) x14 0x0000000000000000 mem 0x0000000080031f34
core   0: 0x000000008000ff60 (0x0ff77713) andi    a4, a4, 255
core   0: 3 0x000000008000ff60 (0x0ff77713) x14 0x0000000000000000
core   0: 0x000000008000ff64 (0x00e78023) sb      a4, 0(a5)
core   0: 3 0x000000008000ff64 (0x00e78023) mem 0x0000000080012058 0x00
core   0: 0x000000008000ff68 (0xfc843703) ld      a4, -56(s0)
core   0: 3 0x000000008000ff68 (0xfc843703) x14 0x0000000080012040 mem 0x0000000080031f38
core   0: 0x000000008000ff6c (0xfb843783) ld      a5, -72(s0)
core   0: 3 0x000000008000ff6c (0xfb843783) x15 0x000000000000009c mem 0x0000000080031f28
core   0: 0x000000008000ff70 (0x000097ba) c.add   a5, a4
core   0: 3 0x000000008000ff70 (0x97ba) x15 0x00000000800120dc
core   0: 0x000000008000ff72 (0xfe043703) ld      a4, -32(s0)
core   0: 3 0x000000008000ff72 (0xfe043703) x14 0x0000000080012059 mem 0x0000000080031f50
core   0: 0x000000008000ff76 (0xfcf76de3) bltu    a4, a5, pc - 38
core   0: 3 0x000000008000ff76 (0xfcf76de3)
core   0: 0x000000008000ff50 (0xfe043783) ld      a5, -32(s0)
core   0: 3 0x000000008000ff50 (0xfe043783) x15 0x0000000080012059 mem 0x0000000080031f50
core   0: 0x000000008000ff54 (0x00178713) addi    a4, a5, 1
core   0: 3 0x000000008000ff54 (0x00178713) x14 0x000000008001205a
core   0: 0x000000008000ff58 (0xfee43023) sd      a4, -32(s0)
core   0: 3 0x000000008000ff58 (0xfee43023) mem 0x0000000080031f50 0x000000008001205a
core   0: 0x000000008000ff5c (0xfc442703) lw      a4, -60(s0)
core   0: 3 0x000000008000ff5c (0xfc442703) x14 0x0000000000000000 mem 0x0000000080031f34
core   0: 0x000000008000ff60 (0x0ff77713) andi    a4, a4, 255
core   0: 3 0x000000008000ff60 (0x0ff77713) x14 0x0000000000000000
core   0: 0x000000008000ff64 (0x00e78023) sb      a4, 0(a5)
core   0: 3 0x000000008000ff64 (0x00e78023) mem 0x0000000080012059 0x00
core   0: 0x000000008000ff68 (0xfc843703) ld      a4, -56(s0)
core   0: 3 0x000000008000ff68 (0xfc843703) x14 0x0000000080012040 mem 0x0000000080031f38
core   0: 0x000000008000ff6c (0xfb843783) ld      a5, -72(s0)
core   0: 3 0x000000008000ff6c (0xfb843783) x15 0x000000000000009c mem 0x0000000080031f28
core   0: 0x000000008000ff70 (0x000097ba) c.add   a5, a4
core   0: 3 0x000000008000ff70 (0x97ba) x15 0x00000000800120dc
core   0: 0x000000008000ff72 (0xfe043703) ld      a4, -32(s0)
core   0: 3 0x000000008000ff72 (0xfe043703) x14 0x000000008001205a mem 0x0000000080031f50
core   0: 0x000000008000ff76 (0xfcf76de3) bltu    a4, a5, pc - 38
core   0: 3 0x000000008000ff76 (0xfcf76de3)
core   0: 0x000000008000ff50 (0xfe043783) ld      a5, -32(s0)
core   0: 3 0x000000008000ff50 (0xfe043783) x15 0x000000008001205a mem 0x0000000080031f50
core   0: 0x000000008000ff54 (0x00178713) addi    a4, a5, 1
core   0: 3 0x000000008000ff54 (0x00178713) x14 0x000000008001205b
core   0: 0x000000008000ff58 (0xfee43023) sd      a4, -32(s0)
core   0: 3 0x000000008000ff58 (0xfee43023) mem 0x0000000080031f50 0x000000008001205b
core   0: 0x000000008000ff5c (0xfc442703) lw      a4, -60(s0)
core   0: 3 0x000000008000ff5c (0xfc442703) x14 0x0000000000000000 mem 0x0000000080031f34
core   0: 0x000000008000ff60 (0x0ff77713) andi    a4, a4, 255
core   0: 3 0x000000008000ff60 (0x0ff77713) x14 0x0000000000000000
core   0: 0x000000008000ff64 (0x00e78023) sb      a4, 0(a5)
core   0: 3 0x000000008000ff64 (0x00e78023) mem 0x000000008001205a 0x00
core   0: 0x000000008000ff68 (0xfc843703) ld      a4, -56(s0)
core   0: 3 0x000000008000ff68 (0xfc843703) x14 0x0000000080012040 mem 0x0000000080031f38
core   0: 0x000000008000ff6c (0xfb843783) ld      a5, -72(s0)
core   0: 3 0x000000008000ff6c (0xfb843783) x15 0x000000000000009c mem 0x0000000080031f28
core   0: 0x000000008000ff70 (0x000097ba) c.add   a5, a4
core   0: 3 0x000000008000ff70 (0x97ba) x15 0x00000000800120dc
core   0: 0x000000008000ff72 (0xfe043703) ld      a4, -32(s0)
core   0: 3 0x000000008000ff72 (0xfe043703) x14 0x000000008001205b mem 0x0000000080031f50
core   0: 0x000000008000ff76 (0xfcf76de3) bltu    a4, a5, pc - 38
core   0: 3 0x000000008000ff76 (0xfcf76de3)
core   0: 0x000000008000ff50 (0xfe043783) ld      a5, -32(s0)
core   0: 3 0x000000008000ff50 (0xfe043783) x15 0x000000008001205b mem 0x0000000080031f50
core   0: 0x000000008000ff54 (0x00178713) addi    a4, a5, 1
core   0: 3 0x000000008000ff54 (0x00178713) x14 0x000000008001205c
core   0: 0x000000008000ff58 (0xfee43023) sd      a4, -32(s0)
core   0: 3 0x000000008000ff58 (0xfee43023) mem 0x0000000080031f50 0x000000008001205c
core   0: 0x000000008000ff5c (0xfc442703) lw      a4, -60(s0)
core   0: 3 0x000000008000ff5c (0xfc442703) x14 0x0000000000000000 mem 0x0000000080031f34
core   0: 0x000000008000ff60 (0x0ff77713) andi    a4, a4, 255
core   0: 3 0x000000008000ff60 (0x0ff77713) x14 0x0000000000000000
core   0: 0x000000008000ff64 (0x00e78023) sb      a4, 0(a5)
core   0: 3 0x000000008000ff64 (0x00e78023) mem 0x000000008001205b 0x00
core   0: 0x000000008000ff68 (0xfc843703) ld      a4, -56(s0)
core   0: 3 0x000000008000ff68 (0xfc843703) x14 0x0000000080012040 mem 0x0000000080031f38
core   0: 0x000000008000ff6c (0xfb843783) ld      a5, -72(s0)
core   0: 3 0x000000008000ff6c (0xfb843783) x15 0x000000000000009c mem 0x0000000080031f28
core   0: 0x000000008000ff70 (0x000097ba) c.add   a5, a4
core   0: 3 0x000000008000ff70 (0x97ba) x15 0x00000000800120dc
core   0: 0x000000008000ff72 (0xfe043703) ld      a4, -32(s0)
core   0: 3 0x000000008000ff72 (0xfe043703) x14 0x000000008001205c mem 0x0000000080031f50
core   0: 0x000000008000ff76 (0xfcf76de3) bltu    a4, a5, pc - 38
core   0: 3 0x000000008000ff76 (0xfcf76de3)
core   0: 0x000000008000ff50 (0xfe043783) ld      a5, -32(s0)
core   0: 3 0x000000008000ff50 (0xfe043783) x15 0x000000008001205c mem 0x0000000080031f50
core   0: 0x000000008000ff54 (0x00178713) addi    a4, a5, 1
core   0: 3 0x000000008000ff54 (0x00178713) x14 0x000000008001205d
core   0: 0x000000008000ff58 (0xfee43023) sd      a4, -32(s0)
core   0: 3 0x000000008000ff58 (0xfee43023) mem 0x0000000080031f50 0x000000008001205d
core   0: 0x000000008000ff5c (0xfc442703) lw      a4, -60(s0)
core   0: 3 0x000000008000ff5c (0xfc442703) x14 0x0000000000000000 mem 0x0000000080031f34
core   0: 0x000000008000ff60 (0x0ff77713) andi    a4, a4, 255
core   0: 3 0x000000008000ff60 (0x0ff77713) x14 0x0000000000000000
core   0: 0x000000008000ff64 (0x00e78023) sb      a4, 0(a5)
core   0: 3 0x000000008000ff64 (0x00e78023) mem 0x000000008001205c 0x00
core   0: 0x000000008000ff68 (0xfc843703) ld      a4, -56(s0)
core   0: 3 0x000000008000ff68 (0xfc843703) x14 0x0000000080012040 mem 0x0000000080031f38
core   0: 0x000000008000ff6c (0xfb843783) ld      a5, -72(s0)
core   0: 3 0x000000008000ff6c (0xfb843783) x15 0x000000000000009c mem 0x0000000080031f28
core   0: 0x000000008000ff70 (0x000097ba) c.add   a5, a4
core   0: 3 0x000000008000ff70 (0x97ba) x15 0x00000000800120dc
core   0: 0x000000008000ff72 (0xfe043703) ld      a4, -32(s0)
core   0: 3 0x000000008000ff72 (0xfe043703) x14 0x000000008001205d mem 0x0000000080031f50
core   0: 0x000000008000ff76 (0xfcf76de3) bltu    a4, a5, pc - 38
core   0: 3 0x000000008000ff76 (0xfcf76de3)
core   0: 0x000000008000ff50 (0xfe043783) ld      a5, -32(s0)
core   0: 3 0x000000008000ff50 (0xfe043783) x15 0x000000008001205d mem 0x0000000080031f50
core   0: 0x000000008000ff54 (0x00178713) addi    a4, a5, 1
core   0: 3 0x000000008000ff54 (0x00178713) x14 0x000000008001205e
core   0: 0x000000008000ff58 (0xfee43023) sd      a4, -32(s0)
core   0: 3 0x000000008000ff58 (0xfee43023) mem 0x0000000080031f50 0x000000008001205e
core   0: 0x000000008000ff5c (0xfc442703) lw      a4, -60(s0)
core   0: 3 0x000000008000ff5c (0xfc442703) x14 0x0000000000000000 mem 0x0000000080031f34
core   0: 0x000000008000ff60 (0x0ff77713) andi    a4, a4, 255
core   0: 3 0x000000008000ff60 (0x0ff77713) x14 0x0000000000000000
core   0: 0x000000008000ff64 (0x00e78023) sb      a4, 0(a5)
core   0: 3 0x000000008000ff64 (0x00e78023) mem 0x000000008001205d 0x00
core   0: 0x000000008000ff68 (0xfc843703) ld      a4, -56(s0)
core   0: 3 0x000000008000ff68 (0xfc843703) x14 0x0000000080012040 mem 0x0000000080031f38
core   0: 0x000000008000ff6c (0xfb843783) ld      a5, -72(s0)
core   0: 3 0x000000008000ff6c (0xfb843783) x15 0x000000000000009c mem 0x0000000080031f28
core   0: 0x000000008000ff70 (0x000097ba) c.add   a5, a4
core   0: 3 0x000000008000ff70 (0x97ba) x15 0x00000000800120dc
core   0: 0x000000008000ff72 (0xfe043703) ld      a4, -32(s0)
core   0: 3 0x000000008000ff72 (0xfe043703) x14 0x000000008001205e mem 0x0000000080031f50
core   0: 0x000000008000ff76 (0xfcf76de3) bltu    a4, a5, pc - 38
core   0: 3 0x000000008000ff76 (0xfcf76de3)
core   0: 0x000000008000ff50 (0xfe043783) ld      a5, -32(s0)
core   0: 3 0x000000008000ff50 (0xfe043783) x15 0x000000008001205e mem 0x0000000080031f50
core   0: 0x000000008000ff54 (0x00178713) addi    a4, a5, 1
core   0: 3 0x000000008000ff54 (0x00178713) x14 0x000000008001205f
core   0: 0x000000008000ff58 (0xfee43023) sd      a4, -32(s0)
core   0: 3 0x000000008000ff58 (0xfee43023) mem 0x0000000080031f50 0x000000008001205f
core   0: 0x000000008000ff5c (0xfc442703) lw      a4, -60(s0)
core   0: 3 0x000000008000ff5c (0xfc442703) x14 0x0000000000000000 mem 0x0000000080031f34
core   0: 0x000000008000ff60 (0x0ff77713) andi    a4, a4, 255
core   0: 3 0x000000008000ff60 (0x0ff77713) x14 0x0000000000000000
core   0: 0x000000008000ff64 (0x00e78023) sb      a4, 0(a5)
core   0: 3 0x000000008000ff64 (0x00e78023) mem 0x000000008001205e 0x00
core   0: 0x000000008000ff68 (0xfc843703) ld      a4, -56(s0)
core   0: 3 0x000000008000ff68 (0xfc843703) x14 0x0000000080012040 mem 0x0000000080031f38
core   0: 0x000000008000ff6c (0xfb843783) ld      a5, -72(s0)
core   0: 3 0x000000008000ff6c (0xfb843783) x15 0x000000000000009c mem 0x0000000080031f28
core   0: 0x000000008000ff70 (0x000097ba) c.add   a5, a4
core   0: 3 0x000000008000ff70 (0x97ba) x15 0x00000000800120dc
core   0: 0x000000008000ff72 (0xfe043703) ld      a4, -32(s0)
core   0: 3 0x000000008000ff72 (0xfe043703) x14 0x000000008001205f mem 0x0000000080031f50
core   0: 0x000000008000ff76 (0xfcf76de3) bltu    a4, a5, pc - 38
core   0: 3 0x000000008000ff76 (0xfcf76de3)
core   0: 0x000000008000ff50 (0xfe043783) ld      a5, -32(s0)
core   0: 3 0x000000008000ff50 (0xfe043783) x15 0x000000008001205f mem 0x0000000080031f50
core   0: 0x000000008000ff54 (0x00178713) addi    a4, a5, 1
core   0: 3 0x000000008000ff54 (0x00178713) x14 0x0000000080012060
core   0: 0x000000008000ff58 (0xfee43023) sd      a4, -32(s0)
core   0: 3 0x000000008000ff58 (0xfee43023) mem 0x0000000080031f50 0x0000000080012060
core   0: 0x000000008000ff5c (0xfc442703) lw      a4, -60(s0)
core   0: 3 0x000000008000ff5c (0xfc442703) x14 0x0000000000000000 mem 0x0000000080031f34
core   0: 0x000000008000ff60 (0x0ff77713) andi    a4, a4, 255
core   0: 3 0x000000008000ff60 (0x0ff77713) x14 0x0000000000000000
core   0: 0x000000008000ff64 (0x00e78023) sb      a4, 0(a5)
core   0: 3 0x000000008000ff64 (0x00e78023) mem 0x000000008001205f 0x00
core   0: 0x000000008000ff68 (0xfc843703) ld      a4, -56(s0)
core   0: 3 0x000000008000ff68 (0xfc843703) x14 0x0000000080012040 mem 0x0000000080031f38
core   0: 0x000000008000ff6c (0xfb843783) ld      a5, -72(s0)
core   0: 3 0x000000008000ff6c (0xfb843783) x15 0x000000000000009c mem 0x0000000080031f28
core   0: 0x000000008000ff70 (0x000097ba) c.add   a5, a4
core   0: 3 0x000000008000ff70 (0x97ba) x15 0x00000000800120dc
core   0: 0x000000008000ff72 (0xfe043703) ld      a4, -32(s0)
core   0: 3 0x000000008000ff72 (0xfe043703) x14 0x0000000080012060 mem 0x0000000080031f50
core   0: 0x000000008000ff76 (0xfcf76de3) bltu    a4, a5, pc - 38
core   0: 3 0x000000008000ff76 (0xfcf76de3)
core   0: 0x000000008000ff50 (0xfe043783) ld      a5, -32(s0)
core   0: 3 0x000000008000ff50 (0xfe043783) x15 0x0000000080012060 mem 0x0000000080031f50
core   0: 0x000000008000ff54 (0x00178713) addi    a4, a5, 1
core   0: 3 0x000000008000ff54 (0x00178713) x14 0x0000000080012061
core   0: 0x000000008000ff58 (0xfee43023) sd      a4, -32(s0)
core   0: 3 0x000000008000ff58 (0xfee43023) mem 0x0000000080031f50 0x0000000080012061
core   0: 0x000000008000ff5c (0xfc442703) lw      a4, -60(s0)
core   0: 3 0x000000008000ff5c (0xfc442703) x14 0x0000000000000000 mem 0x0000000080031f34
core   0: 0x000000008000ff60 (0x0ff77713) andi    a4, a4, 255
core   0: 3 0x000000008000ff60 (0x0ff77713) x14 0x0000000000000000
core   0: 0x000000008000ff64 (0x00e78023) sb      a4, 0(a5)
core   0: 3 0x000000008000ff64 (0x00e78023) mem 0x0000000080012060 0x00
core   0: 0x000000008000ff68 (0xfc843703) ld      a4, -56(s0)
core   0: 3 0x000000008000ff68 (0xfc843703) x14 0x0000000080012040 mem 0x0000000080031f38
core   0: 0x000000008000ff6c (0xfb843783) ld      a5, -72(s0)
core   0: 3 0x000000008000ff6c (0xfb843783) x15 0x000000000000009c mem 0x0000000080031f28
core   0: 0x000000008000ff70 (0x000097ba) c.add   a5, a4
core   0: 3 0x000000008000ff70 (0x97ba) x15 0x00000000800120dc
core   0: 0x000000008000ff72 (0xfe043703) ld      a4, -32(s0)
core   0: 3 0x000000008000ff72 (0xfe043703) x14 0x0000000080012061 mem 0x0000000080031f50
core   0: 0x000000008000ff76 (0xfcf76de3) bltu    a4, a5, pc - 38
core   0: 3 0x000000008000ff76 (0xfcf76de3)
core   0: 0x000000008000ff50 (0xfe043783) ld      a5, -32(s0)
core   0: 3 0x000000008000ff50 (0xfe043783) x15 0x0000000080012061 mem 0x0000000080031f50
core   0: 0x000000008000ff54 (0x00178713) addi    a4, a5, 1
core   0: 3 0x000000008000ff54 (0x00178713) x14 0x0000000080012062
core   0: 0x000000008000ff58 (0xfee43023) sd      a4, -32(s0)
core   0: 3 0x000000008000ff58 (0xfee43023) mem 0x0000000080031f50 0x0000000080012062
core   0: 0x000000008000ff5c (0xfc442703) lw      a4, -60(s0)
core   0: 3 0x000000008000ff5c (0xfc442703) x14 0x0000000000000000 mem 0x0000000080031f34
core   0: 0x000000008000ff60 (0x0ff77713) andi    a4, a4, 255
core   0: 3 0x000000008000ff60 (0x0ff77713) x14 0x0000000000000000
core   0: 0x000000008000ff64 (0x00e78023) sb      a4, 0(a5)
core   0: 3 0x000000008000ff64 (0x00e78023) mem 0x0000000080012061 0x00
core   0: 0x000000008000ff68 (0xfc843703) ld      a4, -56(s0)
core   0: 3 0x000000008000ff68 (0xfc843703) x14 0x0000000080012040 mem 0x0000000080031f38
core   0: 0x000000008000ff6c (0xfb843783) ld      a5, -72(s0)
core   0: 3 0x000000008000ff6c (0xfb843783) x15 0x000000000000009c mem 0x0000000080031f28
core   0: 0x000000008000ff70 (0x000097ba) c.add   a5, a4
core   0: 3 0x000000008000ff70 (0x97ba) x15 0x00000000800120dc
core   0: 0x000000008000ff72 (0xfe043703) ld      a4, -32(s0)
core   0: 3 0x000000008000ff72 (0xfe043703) x14 0x0000000080012062 mem 0x0000000080031f50
core   0: 0x000000008000ff76 (0xfcf76de3) bltu    a4, a5, pc - 38
core   0: 3 0x000000008000ff76 (0xfcf76de3)
core   0: 0x000000008000ff50 (0xfe043783) ld      a5, -32(s0)
core   0: 3 0x000000008000ff50 (0xfe043783) x15 0x0000000080012062 mem 0x0000000080031f50
core   0: 0x000000008000ff54 (0x00178713) addi    a4, a5, 1
core   0: 3 0x000000008000ff54 (0x00178713) x14 0x0000000080012063
core   0: 0x000000008000ff58 (0xfee43023) sd      a4, -32(s0)
core   0: 3 0x000000008000ff58 (0xfee43023) mem 0x0000000080031f50 0x0000000080012063
core   0: 0x000000008000ff5c (0xfc442703) lw      a4, -60(s0)
core   0: 3 0x000000008000ff5c (0xfc442703) x14 0x0000000000000000 mem 0x0000000080031f34
core   0: 0x000000008000ff60 (0x0ff77713) andi    a4, a4, 255
core   0: 3 0x000000008000ff60 (0x0ff77713) x14 0x0000000000000000
core   0: 0x000000008000ff64 (0x00e78023) sb      a4, 0(a5)
core   0: 3 0x000000008000ff64 (0x00e78023) mem 0x0000000080012062 0x00
core   0: 0x000000008000ff68 (0xfc843703) ld      a4, -56(s0)
core   0: 3 0x000000008000ff68 (0xfc843703) x14 0x0000000080012040 mem 0x0000000080031f38
core   0: 0x000000008000ff6c (0xfb843783) ld      a5, -72(s0)
core   0: 3 0x000000008000ff6c (0xfb843783) x15 0x000000000000009c mem 0x0000000080031f28
core   0: 0x000000008000ff70 (0x000097ba) c.add   a5, a4
core   0: 3 0x000000008000ff70 (0x97ba) x15 0x00000000800120dc
core   0: 0x000000008000ff72 (0xfe043703) ld      a4, -32(s0)
core   0: 3 0x000000008000ff72 (0xfe043703) x14 0x0000000080012063 mem 0x0000000080031f50
core   0: 0x000000008000ff76 (0xfcf76de3) bltu    a4, a5, pc - 38
core   0: 3 0x000000008000ff76 (0xfcf76de3)
core   0: 0x000000008000ff50 (0xfe043783) ld      a5, -32(s0)
core   0: 3 0x000000008000ff50 (0xfe043783) x15 0x0000000080012063 mem 0x0000000080031f50
core   0: 0x000000008000ff54 (0x00178713) addi    a4, a5, 1
core   0: 3 0x000000008000ff54 (0x00178713) x14 0x0000000080012064
core   0: 0x000000008000ff58 (0xfee43023) sd      a4, -32(s0)
core   0: 3 0x000000008000ff58 (0xfee43023) mem 0x0000000080031f50 0x0000000080012064
core   0: 0x000000008000ff5c (0xfc442703) lw      a4, -60(s0)
core   0: 3 0x000000008000ff5c (0xfc442703) x14 0x0000000000000000 mem 0x0000000080031f34
core   0: 0x000000008000ff60 (0x0ff77713) andi    a4, a4, 255
core   0: 3 0x000000008000ff60 (0x0ff77713) x14 0x0000000000000000
core   0: 0x000000008000ff64 (0x00e78023) sb      a4, 0(a5)
core   0: 3 0x000000008000ff64 (0x00e78023) mem 0x0000000080012063 0x00
core   0: 0x000000008000ff68 (0xfc843703) ld      a4, -56(s0)
core   0: 3 0x000000008000ff68 (0xfc843703) x14 0x0000000080012040 mem 0x0000000080031f38
core   0: 0x000000008000ff6c (0xfb843783) ld      a5, -72(s0)
core   0: 3 0x000000008000ff6c (0xfb843783) x15 0x000000000000009c mem 0x0000000080031f28
core   0: 0x000000008000ff70 (0x000097ba) c.add   a5, a4
core   0: 3 0x000000008000ff70 (0x97ba) x15 0x00000000800120dc
core   0: 0x000000008000ff72 (0xfe043703) ld      a4, -32(s0)
core   0: 3 0x000000008000ff72 (0xfe043703) x14 0x0000000080012064 mem 0x0000000080031f50
core   0: 0x000000008000ff76 (0xfcf76de3) bltu    a4, a5, pc - 38
core   0: 3 0x000000008000ff76 (0xfcf76de3)
core   0: 0x000000008000ff50 (0xfe043783) ld      a5, -32(s0)
core   0: 3 0x000000008000ff50 (0xfe043783) x15 0x0000000080012064 mem 0x0000000080031f50
core   0: 0x000000008000ff54 (0x00178713) addi    a4, a5, 1
core   0: 3 0x000000008000ff54 (0x00178713) x14 0x0000000080012065
core   0: 0x000000008000ff58 (0xfee43023) sd      a4, -32(s0)
core   0: 3 0x000000008000ff58 (0xfee43023) mem 0x0000000080031f50 0x0000000080012065
core   0: 0x000000008000ff5c (0xfc442703) lw      a4, -60(s0)
core   0: 3 0x000000008000ff5c (0xfc442703) x14 0x0000000000000000 mem 0x0000000080031f34
core   0: 0x000000008000ff60 (0x0ff77713) andi    a4, a4, 255
core   0: 3 0x000000008000ff60 (0x0ff77713) x14 0x0000000000000000
core   0: 0x000000008000ff64 (0x00e78023) sb      a4, 0(a5)
core   0: 3 0x000000008000ff64 (0x00e78023) mem 0x0000000080012064 0x00
core   0: 0x000000008000ff68 (0xfc843703) ld      a4, -56(s0)
core   0: 3 0x000000008000ff68 (0xfc843703) x14 0x0000000080012040 mem 0x0000000080031f38
core   0: 0x000000008000ff6c (0xfb843783) ld      a5, -72(s0)
core   0: 3 0x000000008000ff6c (0xfb843783) x15 0x000000000000009c mem 0x0000000080031f28
core   0: 0x000000008000ff70 (0x000097ba) c.add   a5, a4
core   0: 3 0x000000008000ff70 (0x97ba) x15 0x00000000800120dc
core   0: 0x000000008000ff72 (0xfe043703) ld      a4, -32(s0)
core   0: 3 0x000000008000ff72 (0xfe043703) x14 0x0000000080012065 mem 0x0000000080031f50
core   0: 0x000000008000ff76 (0xfcf76de3) bltu    a4, a5, pc - 38
core   0: 3 0x000000008000ff76 (0xfcf76de3)
core   0: 0x000000008000ff50 (0xfe043783) ld      a5, -32(s0)
core   0: 3 0x000000008000ff50 (0xfe043783) x15 0x0000000080012065 mem 0x0000000080031f50
core   0: 0x000000008000ff54 (0x00178713) addi    a4, a5, 1
core   0: 3 0x000000008000ff54 (0x00178713) x14 0x0000000080012066
core   0: 0x000000008000ff58 (0xfee43023) sd      a4, -32(s0)
core   0: 3 0x000000008000ff58 (0xfee43023) mem 0x0000000080031f50 0x0000000080012066
core   0: 0x000000008000ff5c (0xfc442703) lw      a4, -60(s0)
core   0: 3 0x000000008000ff5c (0xfc442703) x14 0x0000000000000000 mem 0x0000000080031f34
core   0: 0x000000008000ff60 (0x0ff77713) andi    a4, a4, 255
core   0: 3 0x000000008000ff60 (0x0ff77713) x14 0x0000000000000000
core   0: 0x000000008000ff64 (0x00e78023) sb      a4, 0(a5)
core   0: 3 0x000000008000ff64 (0x00e78023) mem 0x0000000080012065 0x00
core   0: 0x000000008000ff68 (0xfc843703) ld      a4, -56(s0)
core   0: 3 0x000000008000ff68 (0xfc843703) x14 0x0000000080012040 mem 0x0000000080031f38
core   0: 0x000000008000ff6c (0xfb843783) ld      a5, -72(s0)
core   0: 3 0x000000008000ff6c (0xfb843783) x15 0x000000000000009c mem 0x0000000080031f28
core   0: 0x000000008000ff70 (0x000097ba) c.add   a5, a4
core   0: 3 0x000000008000ff70 (0x97ba) x15 0x00000000800120dc
core   0: 0x000000008000ff72 (0xfe043703) ld      a4, -32(s0)
core   0: 3 0x000000008000ff72 (0xfe043703) x14 0x0000000080012066 mem 0x0000000080031f50
core   0: 0x000000008000ff76 (0xfcf76de3) bltu    a4, a5, pc - 38
core   0: 3 0x000000008000ff76 (0xfcf76de3)
core   0: 0x000000008000ff50 (0xfe043783) ld      a5, -32(s0)
core   0: 3 0x000000008000ff50 (0xfe043783) x15 0x0000000080012066 mem 0x0000000080031f50
core   0: 0x000000008000ff54 (0x00178713) addi    a4, a5, 1
core   0: 3 0x000000008000ff54 (0x00178713) x14 0x0000000080012067
core   0: 0x000000008000ff58 (0xfee43023) sd      a4, -32(s0)
core   0: 3 0x000000008000ff58 (0xfee43023) mem 0x0000000080031f50 0x0000000080012067
core   0: 0x000000008000ff5c (0xfc442703) lw      a4, -60(s0)
core   0: 3 0x000000008000ff5c (0xfc442703) x14 0x0000000000000000 mem 0x0000000080031f34
core   0: 0x000000008000ff60 (0x0ff77713) andi    a4, a4, 255
core   0: 3 0x000000008000ff60 (0x0ff77713) x14 0x0000000000000000
core   0: 0x000000008000ff64 (0x00e78023) sb      a4, 0(a5)
core   0: 3 0x000000008000ff64 (0x00e78023) mem 0x0000000080012066 0x00
core   0: 0x000000008000ff68 (0xfc843703) ld      a4, -56(s0)
core   0: 3 0x000000008000ff68 (0xfc843703) x14 0x0000000080012040 mem 0x0000000080031f38
core   0: 0x000000008000ff6c (0xfb843783) ld      a5, -72(s0)
core   0: 3 0x000000008000ff6c (0xfb843783) x15 0x000000000000009c mem 0x0000000080031f28
core   0: 0x000000008000ff70 (0x000097ba) c.add   a5, a4
core   0: 3 0x000000008000ff70 (0x97ba) x15 0x00000000800120dc
core   0: 0x000000008000ff72 (0xfe043703) ld      a4, -32(s0)
core   0: 3 0x000000008000ff72 (0xfe043703) x14 0x0000000080012067 mem 0x0000000080031f50
core   0: 0x000000008000ff76 (0xfcf76de3) bltu    a4, a5, pc - 38
core   0: 3 0x000000008000ff76 (0xfcf76de3)
core   0: 0x000000008000ff50 (0xfe043783) ld      a5, -32(s0)
core   0: 3 0x000000008000ff50 (0xfe043783) x15 0x0000000080012067 mem 0x0000000080031f50
core   0: 0x000000008000ff54 (0x00178713) addi    a4, a5, 1
core   0: 3 0x000000008000ff54 (0x00178713) x14 0x0000000080012068
core   0: 0x000000008000ff58 (0xfee43023) sd      a4, -32(s0)
core   0: 3 0x000000008000ff58 (0xfee43023) mem 0x0000000080031f50 0x0000000080012068
core   0: 0x000000008000ff5c (0xfc442703) lw      a4, -60(s0)
core   0: 3 0x000000008000ff5c (0xfc442703) x14 0x0000000000000000 mem 0x0000000080031f34
core   0: 0x000000008000ff60 (0x0ff77713) andi    a4, a4, 255
core   0: 3 0x000000008000ff60 (0x0ff77713) x14 0x0000000000000000
core   0: 0x000000008000ff64 (0x00e78023) sb      a4, 0(a5)
core   0: 3 0x000000008000ff64 (0x00e78023) mem 0x0000000080012067 0x00
core   0: 0x000000008000ff68 (0xfc843703) ld      a4, -56(s0)
core   0: 3 0x000000008000ff68 (0xfc843703) x14 0x0000000080012040 mem 0x0000000080031f38
core   0: 0x000000008000ff6c (0xfb843783) ld      a5, -72(s0)
core   0: 3 0x000000008000ff6c (0xfb843783) x15 0x000000000000009c mem 0x0000000080031f28
core   0: 0x000000008000ff70 (0x000097ba) c.add   a5, a4
core   0: 3 0x000000008000ff70 (0x97ba) x15 0x00000000800120dc
core   0: 0x000000008000ff72 (0xfe043703) ld      a4, -32(s0)
core   0: 3 0x000000008000ff72 (0xfe043703) x14 0x0000000080012068 mem 0x0000000080031f50
core   0: 0x000000008000ff76 (0xfcf76de3) bltu    a4, a5, pc - 38
core   0: 3 0x000000008000ff76 (0xfcf76de3)
core   0: 0x000000008000ff50 (0xfe043783) ld      a5, -32(s0)
core   0: 3 0x000000008000ff50 (0xfe043783) x15 0x0000000080012068 mem 0x0000000080031f50
core   0: 0x000000008000ff54 (0x00178713) addi    a4, a5, 1
core   0: 3 0x000000008000ff54 (0x00178713) x14 0x0000000080012069
core   0: 0x000000008000ff58 (0xfee43023) sd      a4, -32(s0)
core   0: 3 0x000000008000ff58 (0xfee43023) mem 0x0000000080031f50 0x0000000080012069
core   0: 0x000000008000ff5c (0xfc442703) lw      a4, -60(s0)
core   0: 3 0x000000008000ff5c (0xfc442703) x14 0x0000000000000000 mem 0x0000000080031f34
core   0: 0x000000008000ff60 (0x0ff77713) andi    a4, a4, 255
core   0: 3 0x000000008000ff60 (0x0ff77713) x14 0x0000000000000000
core   0: 0x000000008000ff64 (0x00e78023) sb      a4, 0(a5)
core   0: 3 0x000000008000ff64 (0x00e78023) mem 0x0000000080012068 0x00
core   0: 0x000000008000ff68 (0xfc843703) ld      a4, -56(s0)
core   0: 3 0x000000008000ff68 (0xfc843703) x14 0x0000000080012040 mem 0x0000000080031f38
core   0: 0x000000008000ff6c (0xfb843783) ld      a5, -72(s0)
core   0: 3 0x000000008000ff6c (0xfb843783) x15 0x000000000000009c mem 0x0000000080031f28
core   0: 0x000000008000ff70 (0x000097ba) c.add   a5, a4
core   0: 3 0x000000008000ff70 (0x97ba) x15 0x00000000800120dc
core   0: 0x000000008000ff72 (0xfe043703) ld      a4, -32(s0)
core   0: 3 0x000000008000ff72 (0xfe043703) x14 0x0000000080012069 mem 0x0000000080031f50
core   0: 0x000000008000ff76 (0xfcf76de3) bltu    a4, a5, pc - 38
core   0: 3 0x000000008000ff76 (0xfcf76de3)
core   0: 0x000000008000ff50 (0xfe043783) ld      a5, -32(s0)
core   0: 3 0x000000008000ff50 (0xfe043783) x15 0x0000000080012069 mem 0x0000000080031f50
core   0: 0x000000008000ff54 (0x00178713) addi    a4, a5, 1
core   0: 3 0x000000008000ff54 (0x00178713) x14 0x000000008001206a
core   0: 0x000000008000ff58 (0xfee43023) sd      a4, -32(s0)
core   0: 3 0x000000008000ff58 (0xfee43023) mem 0x0000000080031f50 0x000000008001206a
core   0: 0x000000008000ff5c (0xfc442703) lw      a4, -60(s0)
core   0: 3 0x000000008000ff5c (0xfc442703) x14 0x0000000000000000 mem 0x0000000080031f34
core   0: 0x000000008000ff60 (0x0ff77713) andi    a4, a4, 255
core   0: 3 0x000000008000ff60 (0x0ff77713) x14 0x0000000000000000
core   0: 0x000000008000ff64 (0x00e78023) sb      a4, 0(a5)
core   0: 3 0x000000008000ff64 (0x00e78023) mem 0x0000000080012069 0x00
core   0: 0x000000008000ff68 (0xfc843703) ld      a4, -56(s0)
core   0: 3 0x000000008000ff68 (0xfc843703) x14 0x0000000080012040 mem 0x0000000080031f38
core   0: 0x000000008000ff6c (0xfb843783) ld      a5, -72(s0)
core   0: 3 0x000000008000ff6c (0xfb843783) x15 0x000000000000009c mem 0x0000000080031f28
core   0: 0x000000008000ff70 (0x000097ba) c.add   a5, a4
core   0: 3 0x000000008000ff70 (0x97ba) x15 0x00000000800120dc
core   0: 0x000000008000ff72 (0xfe043703) ld      a4, -32(s0)
core   0: 3 0x000000008000ff72 (0xfe043703) x14 0x000000008001206a mem 0x0000000080031f50
core   0: 0x000000008000ff76 (0xfcf76de3) bltu    a4, a5, pc - 38
core   0: 3 0x000000008000ff76 (0xfcf76de3)
core   0: 0x000000008000ff50 (0xfe043783) ld      a5, -32(s0)
core   0: 3 0x000000008000ff50 (0xfe043783) x15 0x000000008001206a mem 0x0000000080031f50
core   0: 0x000000008000ff54 (0x00178713) addi    a4, a5, 1
core   0: 3 0x000000008000ff54 (0x00178713) x14 0x000000008001206b
core   0: 0x000000008000ff58 (0xfee43023) sd      a4, -32(s0)
core   0: 3 0x000000008000ff58 (0xfee43023) mem 0x0000000080031f50 0x000000008001206b
core   0: 0x000000008000ff5c (0xfc442703) lw      a4, -60(s0)
core   0: 3 0x000000008000ff5c (0xfc442703) x14 0x0000000000000000 mem 0x0000000080031f34
core   0: 0x000000008000ff60 (0x0ff77713) andi    a4, a4, 255
core   0: 3 0x000000008000ff60 (0x0ff77713) x14 0x0000000000000000
core   0: 0x000000008000ff64 (0x00e78023) sb      a4, 0(a5)
core   0: 3 0x000000008000ff64 (0x00e78023) mem 0x000000008001206a 0x00
core   0: 0x000000008000ff68 (0xfc843703) ld      a4, -56(s0)
core   0: 3 0x000000008000ff68 (0xfc843703) x14 0x0000000080012040 mem 0x0000000080031f38
core   0: 0x000000008000ff6c (0xfb843783) ld      a5, -72(s0)
core   0: 3 0x000000008000ff6c (0xfb843783) x15 0x000000000000009c mem 0x0000000080031f28
core   0: 0x000000008000ff70 (0x000097ba) c.add   a5, a4
core   0: 3 0x000000008000ff70 (0x97ba) x15 0x00000000800120dc
core   0: 0x000000008000ff72 (0xfe043703) ld      a4, -32(s0)
core   0: 3 0x000000008000ff72 (0xfe043703) x14 0x000000008001206b mem 0x0000000080031f50
core   0: 0x000000008000ff76 (0xfcf76de3) bltu    a4, a5, pc - 38
core   0: 3 0x000000008000ff76 (0xfcf76de3)
core   0: 0x000000008000ff50 (0xfe043783) ld      a5, -32(s0)
core   0: 3 0x000000008000ff50 (0xfe043783) x15 0x000000008001206b mem 0x0000000080031f50
core   0: 0x000000008000ff54 (0x00178713) addi    a4, a5, 1
core   0: 3 0x000000008000ff54 (0x00178713) x14 0x000000008001206c
core   0: 0x000000008000ff58 (0xfee43023) sd      a4, -32(s0)
core   0: 3 0x000000008000ff58 (0xfee43023) mem 0x0000000080031f50 0x000000008001206c
core   0: 0x000000008000ff5c (0xfc442703) lw      a4, -60(s0)
core   0: 3 0x000000008000ff5c (0xfc442703) x14 0x0000000000000000 mem 0x0000000080031f34
core   0: 0x000000008000ff60 (0x0ff77713) andi    a4, a4, 255
core   0: 3 0x000000008000ff60 (0x0ff77713) x14 0x0000000000000000
core   0: 0x000000008000ff64 (0x00e78023) sb      a4, 0(a5)
core   0: 3 0x000000008000ff64 (0x00e78023) mem 0x000000008001206b 0x00
core   0: 0x000000008000ff68 (0xfc843703) ld      a4, -56(s0)
core   0: 3 0x000000008000ff68 (0xfc843703) x14 0x0000000080012040 mem 0x0000000080031f38
core   0: 0x000000008000ff6c (0xfb843783) ld      a5, -72(s0)
core   0: 3 0x000000008000ff6c (0xfb843783) x15 0x000000000000009c mem 0x0000000080031f28
core   0: 0x000000008000ff70 (0x000097ba) c.add   a5, a4
core   0: 3 0x000000008000ff70 (0x97ba) x15 0x00000000800120dc
core   0: 0x000000008000ff72 (0xfe043703) ld      a4, -32(s0)
core   0: 3 0x000000008000ff72 (0xfe043703) x14 0x000000008001206c mem 0x0000000080031f50
core   0: 0x000000008000ff76 (0xfcf76de3) bltu    a4, a5, pc - 38
core   0: 3 0x000000008000ff76 (0xfcf76de3)
core   0: 0x000000008000ff50 (0xfe043783) ld      a5, -32(s0)
core   0: 3 0x000000008000ff50 (0xfe043783) x15 0x000000008001206c mem 0x0000000080031f50
core   0: 0x000000008000ff54 (0x00178713) addi    a4, a5, 1
core   0: 3 0x000000008000ff54 (0x00178713) x14 0x000000008001206d
core   0: 0x000000008000ff58 (0xfee43023) sd      a4, -32(s0)
core   0: 3 0x000000008000ff58 (0xfee43023) mem 0x0000000080031f50 0x000000008001206d
core   0: 0x000000008000ff5c (0xfc442703) lw      a4, -60(s0)
core   0: 3 0x000000008000ff5c (0xfc442703) x14 0x0000000000000000 mem 0x0000000080031f34
core   0: 0x000000008000ff60 (0x0ff77713) andi    a4, a4, 255
core   0: 3 0x000000008000ff60 (0x0ff77713) x14 0x0000000000000000
core   0: 0x000000008000ff64 (0x00e78023) sb      a4, 0(a5)
core   0: 3 0x000000008000ff64 (0x00e78023) mem 0x000000008001206c 0x00
core   0: 0x000000008000ff68 (0xfc843703) ld      a4, -56(s0)
core   0: 3 0x000000008000ff68 (0xfc843703) x14 0x0000000080012040 mem 0x0000000080031f38
core   0: 0x000000008000ff6c (0xfb843783) ld      a5, -72(s0)
core   0: 3 0x000000008000ff6c (0xfb843783) x15 0x000000000000009c mem 0x0000000080031f28
core   0: 0x000000008000ff70 (0x000097ba) c.add   a5, a4
core   0: 3 0x000000008000ff70 (0x97ba) x15 0x00000000800120dc
core   0: 0x000000008000ff72 (0xfe043703) ld      a4, -32(s0)
core   0: 3 0x000000008000ff72 (0xfe043703) x14 0x000000008001206d mem 0x0000000080031f50
core   0: 0x000000008000ff76 (0xfcf76de3) bltu    a4, a5, pc - 38
core   0: 3 0x000000008000ff76 (0xfcf76de3)
core   0: 0x000000008000ff50 (0xfe043783) ld      a5, -32(s0)
core   0: 3 0x000000008000ff50 (0xfe043783) x15 0x000000008001206d mem 0x0000000080031f50
core   0: 0x000000008000ff54 (0x00178713) addi    a4, a5, 1
core   0: 3 0x000000008000ff54 (0x00178713) x14 0x000000008001206e
core   0: 0x000000008000ff58 (0xfee43023) sd      a4, -32(s0)
core   0: 3 0x000000008000ff58 (0xfee43023) mem 0x0000000080031f50 0x000000008001206e
core   0: 0x000000008000ff5c (0xfc442703) lw      a4, -60(s0)
core   0: 3 0x000000008000ff5c (0xfc442703) x14 0x0000000000000000 mem 0x0000000080031f34
core   0: 0x000000008000ff60 (0x0ff77713) andi    a4, a4, 255
core   0: 3 0x000000008000ff60 (0x0ff77713) x14 0x0000000000000000
core   0: 0x000000008000ff64 (0x00e78023) sb      a4, 0(a5)
core   0: 3 0x000000008000ff64 (0x00e78023) mem 0x000000008001206d 0x00
core   0: 0x000000008000ff68 (0xfc843703) ld      a4, -56(s0)
core   0: 3 0x000000008000ff68 (0xfc843703) x14 0x0000000080012040 mem 0x0000000080031f38
core   0: 0x000000008000ff6c (0xfb843783) ld      a5, -72(s0)
core   0: 3 0x000000008000ff6c (0xfb843783) x15 0x000000000000009c mem 0x0000000080031f28
core   0: 0x000000008000ff70 (0x000097ba) c.add   a5, a4
core   0: 3 0x000000008000ff70 (0x97ba) x15 0x00000000800120dc
core   0: 0x000000008000ff72 (0xfe043703) ld      a4, -32(s0)
core   0: 3 0x000000008000ff72 (0xfe043703) x14 0x000000008001206e mem 0x0000000080031f50
core   0: 0x000000008000ff76 (0xfcf76de3) bltu    a4, a5, pc - 38
core   0: 3 0x000000008000ff76 (0xfcf76de3)
core   0: 0x000000008000ff50 (0xfe043783) ld      a5, -32(s0)
core   0: 3 0x000000008000ff50 (0xfe043783) x15 0x000000008001206e mem 0x0000000080031f50
core   0: 0x000000008000ff54 (0x00178713) addi    a4, a5, 1
core   0: 3 0x000000008000ff54 (0x00178713) x14 0x000000008001206f
core   0: 0x000000008000ff58 (0xfee43023) sd      a4, -32(s0)
core   0: 3 0x000000008000ff58 (0xfee43023) mem 0x0000000080031f50 0x000000008001206f
core   0: 0x000000008000ff5c (0xfc442703) lw      a4, -60(s0)
core   0: 3 0x000000008000ff5c (0xfc442703) x14 0x0000000000000000 mem 0x0000000080031f34
core   0: 0x000000008000ff60 (0x0ff77713) andi    a4, a4, 255
core   0: 3 0x000000008000ff60 (0x0ff77713) x14 0x0000000000000000
core   0: 0x000000008000ff64 (0x00e78023) sb      a4, 0(a5)
core   0: 3 0x000000008000ff64 (0x00e78023) mem 0x000000008001206e 0x00
core   0: 0x000000008000ff68 (0xfc843703) ld      a4, -56(s0)
core   0: 3 0x000000008000ff68 (0xfc843703) x14 0x0000000080012040 mem 0x0000000080031f38
core   0: 0x000000008000ff6c (0xfb843783) ld      a5, -72(s0)
core   0: 3 0x000000008000ff6c (0xfb843783) x15 0x000000000000009c mem 0x0000000080031f28
core   0: 0x000000008000ff70 (0x000097ba) c.add   a5, a4
core   0: 3 0x000000008000ff70 (0x97ba) x15 0x00000000800120dc
core   0: 0x000000008000ff72 (0xfe043703) ld      a4, -32(s0)
core   0: 3 0x000000008000ff72 (0xfe043703) x14 0x000000008001206f mem 0x0000000080031f50
core   0: 0x000000008000ff76 (0xfcf76de3) bltu    a4, a5, pc - 38
core   0: 3 0x000000008000ff76 (0xfcf76de3)
core   0: 0x000000008000ff50 (0xfe043783) ld      a5, -32(s0)
core   0: 3 0x000000008000ff50 (0xfe043783) x15 0x000000008001206f mem 0x0000000080031f50
core   0: 0x000000008000ff54 (0x00178713) addi    a4, a5, 1
core   0: 3 0x000000008000ff54 (0x00178713) x14 0x0000000080012070
core   0: 0x000000008000ff58 (0xfee43023) sd      a4, -32(s0)
core   0: 3 0x000000008000ff58 (0xfee43023) mem 0x0000000080031f50 0x0000000080012070
core   0: 0x000000008000ff5c (0xfc442703) lw      a4, -60(s0)
core   0: 3 0x000000008000ff5c (0xfc442703) x14 0x0000000000000000 mem 0x0000000080031f34
core   0: 0x000000008000ff60 (0x0ff77713) andi    a4, a4, 255
core   0: 3 0x000000008000ff60 (0x0ff77713) x14 0x0000000000000000
core   0: 0x000000008000ff64 (0x00e78023) sb      a4, 0(a5)
core   0: 3 0x000000008000ff64 (0x00e78023) mem 0x000000008001206f 0x00
core   0: 0x000000008000ff68 (0xfc843703) ld      a4, -56(s0)
core   0: 3 0x000000008000ff68 (0xfc843703) x14 0x0000000080012040 mem 0x0000000080031f38
core   0: 0x000000008000ff6c (0xfb843783) ld      a5, -72(s0)
core   0: 3 0x000000008000ff6c (0xfb843783) x15 0x000000000000009c mem 0x0000000080031f28
core   0: 0x000000008000ff70 (0x000097ba) c.add   a5, a4
core   0: 3 0x000000008000ff70 (0x97ba) x15 0x00000000800120dc
core   0: 0x000000008000ff72 (0xfe043703) ld      a4, -32(s0)
core   0: 3 0x000000008000ff72 (0xfe043703) x14 0x0000000080012070 mem 0x0000000080031f50
core   0: 0x000000008000ff76 (0xfcf76de3) bltu    a4, a5, pc - 38
core   0: 3 0x000000008000ff76 (0xfcf76de3)
core   0: 0x000000008000ff50 (0xfe043783) ld      a5, -32(s0)
core   0: 3 0x000000008000ff50 (0xfe043783) x15 0x0000000080012070 mem 0x0000000080031f50
core   0: 0x000000008000ff54 (0x00178713) addi    a4, a5, 1
core   0: 3 0x000000008000ff54 (0x00178713) x14 0x0000000080012071
core   0: 0x000000008000ff58 (0xfee43023) sd      a4, -32(s0)
core   0: 3 0x000000008000ff58 (0xfee43023) mem 0x0000000080031f50 0x0000000080012071
core   0: 0x000000008000ff5c (0xfc442703) lw      a4, -60(s0)
core   0: 3 0x000000008000ff5c (0xfc442703) x14 0x0000000000000000 mem 0x0000000080031f34
core   0: 0x000000008000ff60 (0x0ff77713) andi    a4, a4, 255
core   0: 3 0x000000008000ff60 (0x0ff77713) x14 0x0000000000000000
core   0: 0x000000008000ff64 (0x00e78023) sb      a4, 0(a5)
core   0: 3 0x000000008000ff64 (0x00e78023) mem 0x0000000080012070 0x00
core   0: 0x000000008000ff68 (0xfc843703) ld      a4, -56(s0)
core   0: 3 0x000000008000ff68 (0xfc843703) x14 0x0000000080012040 mem 0x0000000080031f38
core   0: 0x000000008000ff6c (0xfb843783) ld      a5, -72(s0)
core   0: 3 0x000000008000ff6c (0xfb843783) x15 0x000000000000009c mem 0x0000000080031f28
core   0: 0x000000008000ff70 (0x000097ba) c.add   a5, a4
core   0: 3 0x000000008000ff70 (0x97ba) x15 0x00000000800120dc
core   0: 0x000000008000ff72 (0xfe043703) ld      a4, -32(s0)
core   0: 3 0x000000008000ff72 (0xfe043703) x14 0x0000000080012071 mem 0x0000000080031f50
core   0: 0x000000008000ff76 (0xfcf76de3) bltu    a4, a5, pc - 38
core   0: 3 0x000000008000ff76 (0xfcf76de3)
core   0: 0x000000008000ff50 (0xfe043783) ld      a5, -32(s0)
core   0: 3 0x000000008000ff50 (0xfe043783) x15 0x0000000080012071 mem 0x0000000080031f50
core   0: 0x000000008000ff54 (0x00178713) addi    a4, a5, 1
core   0: 3 0x000000008000ff54 (0x00178713) x14 0x0000000080012072
core   0: 0x000000008000ff58 (0xfee43023) sd      a4, -32(s0)
core   0: 3 0x000000008000ff58 (0xfee43023) mem 0x0000000080031f50 0x0000000080012072
core   0: 0x000000008000ff5c (0xfc442703) lw      a4, -60(s0)
core   0: 3 0x000000008000ff5c (0xfc442703) x14 0x0000000000000000 mem 0x0000000080031f34
core   0: 0x000000008000ff60 (0x0ff77713) andi    a4, a4, 255
core   0: 3 0x000000008000ff60 (0x0ff77713) x14 0x0000000000000000
core   0: 0x000000008000ff64 (0x00e78023) sb      a4, 0(a5)
core   0: 3 0x000000008000ff64 (0x00e78023) mem 0x0000000080012071 0x00
core   0: 0x000000008000ff68 (0xfc843703) ld      a4, -56(s0)
core   0: 3 0x000000008000ff68 (0xfc843703) x14 0x0000000080012040 mem 0x0000000080031f38
core   0: 0x000000008000ff6c (0xfb843783) ld      a5, -72(s0)
core   0: 3 0x000000008000ff6c (0xfb843783) x15 0x000000000000009c mem 0x0000000080031f28
core   0: 0x000000008000ff70 (0x000097ba) c.add   a5, a4
core   0: 3 0x000000008000ff70 (0x97ba) x15 0x00000000800120dc
core   0: 0x000000008000ff72 (0xfe043703) ld      a4, -32(s0)
core   0: 3 0x000000008000ff72 (0xfe043703) x14 0x0000000080012072 mem 0x0000000080031f50
core   0: 0x000000008000ff76 (0xfcf76de3) bltu    a4, a5, pc - 38
core   0: 3 0x000000008000ff76 (0xfcf76de3)
core   0: 0x000000008000ff50 (0xfe043783) ld      a5, -32(s0)
core   0: 3 0x000000008000ff50 (0xfe043783) x15 0x0000000080012072 mem 0x0000000080031f50
core   0: 0x000000008000ff54 (0x00178713) addi    a4, a5, 1
core   0: 3 0x000000008000ff54 (0x00178713) x14 0x0000000080012073
core   0: 0x000000008000ff58 (0xfee43023) sd      a4, -32(s0)
core   0: 3 0x000000008000ff58 (0xfee43023) mem 0x0000000080031f50 0x0000000080012073
core   0: 0x000000008000ff5c (0xfc442703) lw      a4, -60(s0)
core   0: 3 0x000000008000ff5c (0xfc442703) x14 0x0000000000000000 mem 0x0000000080031f34
core   0: 0x000000008000ff60 (0x0ff77713) andi    a4, a4, 255
core   0: 3 0x000000008000ff60 (0x0ff77713) x14 0x0000000000000000
core   0: 0x000000008000ff64 (0x00e78023) sb      a4, 0(a5)
core   0: 3 0x000000008000ff64 (0x00e78023) mem 0x0000000080012072 0x00
core   0: 0x000000008000ff68 (0xfc843703) ld      a4, -56(s0)
core   0: 3 0x000000008000ff68 (0xfc843703) x14 0x0000000080012040 mem 0x0000000080031f38
core   0: 0x000000008000ff6c (0xfb843783) ld      a5, -72(s0)
core   0: 3 0x000000008000ff6c (0xfb843783) x15 0x000000000000009c mem 0x0000000080031f28
core   0: 0x000000008000ff70 (0x000097ba) c.add   a5, a4
core   0: 3 0x000000008000ff70 (0x97ba) x15 0x00000000800120dc
core   0: 0x000000008000ff72 (0xfe043703) ld      a4, -32(s0)
core   0: 3 0x000000008000ff72 (0xfe043703) x14 0x0000000080012073 mem 0x0000000080031f50
core   0: 0x000000008000ff76 (0xfcf76de3) bltu    a4, a5, pc - 38
core   0: 3 0x000000008000ff76 (0xfcf76de3)
core   0: 0x000000008000ff50 (0xfe043783) ld      a5, -32(s0)
core   0: 3 0x000000008000ff50 (0xfe043783) x15 0x0000000080012073 mem 0x0000000080031f50
core   0: 0x000000008000ff54 (0x00178713) addi    a4, a5, 1
core   0: 3 0x000000008000ff54 (0x00178713) x14 0x0000000080012074
core   0: 0x000000008000ff58 (0xfee43023) sd      a4, -32(s0)
core   0: 3 0x000000008000ff58 (0xfee43023) mem 0x0000000080031f50 0x0000000080012074
core   0: 0x000000008000ff5c (0xfc442703) lw      a4, -60(s0)
core   0: 3 0x000000008000ff5c (0xfc442703) x14 0x0000000000000000 mem 0x0000000080031f34
core   0: 0x000000008000ff60 (0x0ff77713) andi    a4, a4, 255
core   0: 3 0x000000008000ff60 (0x0ff77713) x14 0x0000000000000000
core   0: 0x000000008000ff64 (0x00e78023) sb      a4, 0(a5)
core   0: 3 0x000000008000ff64 (0x00e78023) mem 0x0000000080012073 0x00
core   0: 0x000000008000ff68 (0xfc843703) ld      a4, -56(s0)
core   0: 3 0x000000008000ff68 (0xfc843703) x14 0x0000000080012040 mem 0x0000000080031f38
core   0: 0x000000008000ff6c (0xfb843783) ld      a5, -72(s0)
core   0: 3 0x000000008000ff6c (0xfb843783) x15 0x000000000000009c mem 0x0000000080031f28
core   0: 0x000000008000ff70 (0x000097ba) c.add   a5, a4
core   0: 3 0x000000008000ff70 (0x97ba) x15 0x00000000800120dc
core   0: 0x000000008000ff72 (0xfe043703) ld      a4, -32(s0)
core   0: 3 0x000000008000ff72 (0xfe043703) x14 0x0000000080012074 mem 0x0000000080031f50
core   0: 0x000000008000ff76 (0xfcf76de3) bltu    a4, a5, pc - 38
core   0: 3 0x000000008000ff76 (0xfcf76de3)
core   0: 0x000000008000ff50 (0xfe043783) ld      a5, -32(s0)
core   0: 3 0x000000008000ff50 (0xfe043783) x15 0x0000000080012074 mem 0x0000000080031f50
core   0: 0x000000008000ff54 (0x00178713) addi    a4, a5, 1
core   0: 3 0x000000008000ff54 (0x00178713) x14 0x0000000080012075
core   0: 0x000000008000ff58 (0xfee43023) sd      a4, -32(s0)
core   0: 3 0x000000008000ff58 (0xfee43023) mem 0x0000000080031f50 0x0000000080012075
core   0: 0x000000008000ff5c (0xfc442703) lw      a4, -60(s0)
core   0: 3 0x000000008000ff5c (0xfc442703) x14 0x0000000000000000 mem 0x0000000080031f34
core   0: 0x000000008000ff60 (0x0ff77713) andi    a4, a4, 255
core   0: 3 0x000000008000ff60 (0x0ff77713) x14 0x0000000000000000
core   0: 0x000000008000ff64 (0x00e78023) sb      a4, 0(a5)
core   0: 3 0x000000008000ff64 (0x00e78023) mem 0x0000000080012074 0x00
core   0: 0x000000008000ff68 (0xfc843703) ld      a4, -56(s0)
core   0: 3 0x000000008000ff68 (0xfc843703) x14 0x0000000080012040 mem 0x0000000080031f38
core   0: 0x000000008000ff6c (0xfb843783) ld      a5, -72(s0)
core   0: 3 0x000000008000ff6c (0xfb843783) x15 0x000000000000009c mem 0x0000000080031f28
core   0: 0x000000008000ff70 (0x000097ba) c.add   a5, a4
core   0: 3 0x000000008000ff70 (0x97ba) x15 0x00000000800120dc
core   0: 0x000000008000ff72 (0xfe043703) ld      a4, -32(s0)
core   0: 3 0x000000008000ff72 (0xfe043703) x14 0x0000000080012075 mem 0x0000000080031f50
core   0: 0x000000008000ff76 (0xfcf76de3) bltu    a4, a5, pc - 38
core   0: 3 0x000000008000ff76 (0xfcf76de3)
core   0: 0x000000008000ff50 (0xfe043783) ld      a5, -32(s0)
core   0: 3 0x000000008000ff50 (0xfe043783) x15 0x0000000080012075 mem 0x0000000080031f50
core   0: 0x000000008000ff54 (0x00178713) addi    a4, a5, 1
core   0: 3 0x000000008000ff54 (0x00178713) x14 0x0000000080012076
core   0: 0x000000008000ff58 (0xfee43023) sd      a4, -32(s0)
core   0: 3 0x000000008000ff58 (0xfee43023) mem 0x0000000080031f50 0x0000000080012076
core   0: 0x000000008000ff5c (0xfc442703) lw      a4, -60(s0)
core   0: 3 0x000000008000ff5c (0xfc442703) x14 0x0000000000000000 mem 0x0000000080031f34
core   0: 0x000000008000ff60 (0x0ff77713) andi    a4, a4, 255
core   0: 3 0x000000008000ff60 (0x0ff77713) x14 0x0000000000000000
core   0: 0x000000008000ff64 (0x00e78023) sb      a4, 0(a5)
core   0: 3 0x000000008000ff64 (0x00e78023) mem 0x0000000080012075 0x00
core   0: 0x000000008000ff68 (0xfc843703) ld      a4, -56(s0)
core   0: 3 0x000000008000ff68 (0xfc843703) x14 0x0000000080012040 mem 0x0000000080031f38
core   0: 0x000000008000ff6c (0xfb843783) ld      a5, -72(s0)
core   0: 3 0x000000008000ff6c (0xfb843783) x15 0x000000000000009c mem 0x0000000080031f28
core   0: 0x000000008000ff70 (0x000097ba) c.add   a5, a4
core   0: 3 0x000000008000ff70 (0x97ba) x15 0x00000000800120dc
core   0: 0x000000008000ff72 (0xfe043703) ld      a4, -32(s0)
core   0: 3 0x000000008000ff72 (0xfe043703) x14 0x0000000080012076 mem 0x0000000080031f50
core   0: 0x000000008000ff76 (0xfcf76de3) bltu    a4, a5, pc - 38
core   0: 3 0x000000008000ff76 (0xfcf76de3)
core   0: 0x000000008000ff50 (0xfe043783) ld      a5, -32(s0)
core   0: 3 0x000000008000ff50 (0xfe043783) x15 0x0000000080012076 mem 0x0000000080031f50
core   0: 0x000000008000ff54 (0x00178713) addi    a4, a5, 1
core   0: 3 0x000000008000ff54 (0x00178713) x14 0x0000000080012077
core   0: 0x000000008000ff58 (0xfee43023) sd      a4, -32(s0)
core   0: 3 0x000000008000ff58 (0xfee43023) mem 0x0000000080031f50 0x0000000080012077
core   0: 0x000000008000ff5c (0xfc442703) lw      a4, -60(s0)
core   0: 3 0x000000008000ff5c (0xfc442703) x14 0x0000000000000000 mem 0x0000000080031f34
core   0: 0x000000008000ff60 (0x0ff77713) andi    a4, a4, 255
core   0: 3 0x000000008000ff60 (0x0ff77713) x14 0x0000000000000000
core   0: 0x000000008000ff64 (0x00e78023) sb      a4, 0(a5)
core   0: 3 0x000000008000ff64 (0x00e78023) mem 0x0000000080012076 0x00
core   0: 0x000000008000ff68 (0xfc843703) ld      a4, -56(s0)
core   0: 3 0x000000008000ff68 (0xfc843703) x14 0x0000000080012040 mem 0x0000000080031f38
core   0: 0x000000008000ff6c (0xfb843783) ld      a5, -72(s0)
core   0: 3 0x000000008000ff6c (0xfb843783) x15 0x000000000000009c mem 0x0000000080031f28
core   0: 0x000000008000ff70 (0x000097ba) c.add   a5, a4
core   0: 3 0x000000008000ff70 (0x97ba) x15 0x00000000800120dc
core   0: 0x000000008000ff72 (0xfe043703) ld      a4, -32(s0)
core   0: 3 0x000000008000ff72 (0xfe043703) x14 0x0000000080012077 mem 0x0000000080031f50
core   0: 0x000000008000ff76 (0xfcf76de3) bltu    a4, a5, pc - 38
core   0: 3 0x000000008000ff76 (0xfcf76de3)
core   0: 0x000000008000ff50 (0xfe043783) ld      a5, -32(s0)
core   0: 3 0x000000008000ff50 (0xfe043783) x15 0x0000000080012077 mem 0x0000000080031f50
core   0: 0x000000008000ff54 (0x00178713) addi    a4, a5, 1
core   0: 3 0x000000008000ff54 (0x00178713) x14 0x0000000080012078
core   0: 0x000000008000ff58 (0xfee43023) sd      a4, -32(s0)
core   0: 3 0x000000008000ff58 (0xfee43023) mem 0x0000000080031f50 0x0000000080012078
core   0: 0x000000008000ff5c (0xfc442703) lw      a4, -60(s0)
core   0: 3 0x000000008000ff5c (0xfc442703) x14 0x0000000000000000 mem 0x0000000080031f34
core   0: 0x000000008000ff60 (0x0ff77713) andi    a4, a4, 255
core   0: 3 0x000000008000ff60 (0x0ff77713) x14 0x0000000000000000
core   0: 0x000000008000ff64 (0x00e78023) sb      a4, 0(a5)
core   0: 3 0x000000008000ff64 (0x00e78023) mem 0x0000000080012077 0x00
core   0: 0x000000008000ff68 (0xfc843703) ld      a4, -56(s0)
core   0: 3 0x000000008000ff68 (0xfc843703) x14 0x0000000080012040 mem 0x0000000080031f38
core   0: 0x000000008000ff6c (0xfb843783) ld      a5, -72(s0)
core   0: 3 0x000000008000ff6c (0xfb843783) x15 0x000000000000009c mem 0x0000000080031f28
core   0: 0x000000008000ff70 (0x000097ba) c.add   a5, a4
core   0: 3 0x000000008000ff70 (0x97ba) x15 0x00000000800120dc
core   0: 0x000000008000ff72 (0xfe043703) ld      a4, -32(s0)
core   0: 3 0x000000008000ff72 (0xfe043703) x14 0x0000000080012078 mem 0x0000000080031f50
core   0: 0x000000008000ff76 (0xfcf76de3) bltu    a4, a5, pc - 38
core   0: 3 0x000000008000ff76 (0xfcf76de3)
core   0: 0x000000008000ff50 (0xfe043783) ld      a5, -32(s0)
core   0: 3 0x000000008000ff50 (0xfe043783) x15 0x0000000080012078 mem 0x0000000080031f50
core   0: 0x000000008000ff54 (0x00178713) addi    a4, a5, 1
core   0: 3 0x000000008000ff54 (0x00178713) x14 0x0000000080012079
core   0: 0x000000008000ff58 (0xfee43023) sd      a4, -32(s0)
core   0: 3 0x000000008000ff58 (0xfee43023) mem 0x0000000080031f50 0x0000000080012079
core   0: 0x000000008000ff5c (0xfc442703) lw      a4, -60(s0)
core   0: 3 0x000000008000ff5c (0xfc442703) x14 0x0000000000000000 mem 0x0000000080031f34
core   0: 0x000000008000ff60 (0x0ff77713) andi    a4, a4, 255
core   0: 3 0x000000008000ff60 (0x0ff77713) x14 0x0000000000000000
core   0: 0x000000008000ff64 (0x00e78023) sb      a4, 0(a5)
core   0: 3 0x000000008000ff64 (0x00e78023) mem 0x0000000080012078 0x00
core   0: 0x000000008000ff68 (0xfc843703) ld      a4, -56(s0)
core   0: 3 0x000000008000ff68 (0xfc843703) x14 0x0000000080012040 mem 0x0000000080031f38
core   0: 0x000000008000ff6c (0xfb843783) ld      a5, -72(s0)
core   0: 3 0x000000008000ff6c (0xfb843783) x15 0x000000000000009c mem 0x0000000080031f28
core   0: 0x000000008000ff70 (0x000097ba) c.add   a5, a4
core   0: 3 0x000000008000ff70 (0x97ba) x15 0x00000000800120dc
core   0: 0x000000008000ff72 (0xfe043703) ld      a4, -32(s0)
core   0: 3 0x000000008000ff72 (0xfe043703) x14 0x0000000080012079 mem 0x0000000080031f50
core   0: 0x000000008000ff76 (0xfcf76de3) bltu    a4, a5, pc - 38
core   0: 3 0x000000008000ff76 (0xfcf76de3)
core   0: 0x000000008000ff50 (0xfe043783) ld      a5, -32(s0)
core   0: 3 0x000000008000ff50 (0xfe043783) x15 0x0000000080012079 mem 0x0000000080031f50
core   0: 0x000000008000ff54 (0x00178713) addi    a4, a5, 1
core   0: 3 0x000000008000ff54 (0x00178713) x14 0x000000008001207a
core   0: 0x000000008000ff58 (0xfee43023) sd      a4, -32(s0)
core   0: 3 0x000000008000ff58 (0xfee43023) mem 0x0000000080031f50 0x000000008001207a
core   0: 0x000000008000ff5c (0xfc442703) lw      a4, -60(s0)
core   0: 3 0x000000008000ff5c (0xfc442703) x14 0x0000000000000000 mem 0x0000000080031f34
core   0: 0x000000008000ff60 (0x0ff77713) andi    a4, a4, 255
core   0: 3 0x000000008000ff60 (0x0ff77713) x14 0x0000000000000000
core   0: 0x000000008000ff64 (0x00e78023) sb      a4, 0(a5)
core   0: 3 0x000000008000ff64 (0x00e78023) mem 0x0000000080012079 0x00
core   0: 0x000000008000ff68 (0xfc843703) ld      a4, -56(s0)
core   0: 3 0x000000008000ff68 (0xfc843703) x14 0x0000000080012040 mem 0x0000000080031f38
core   0: 0x000000008000ff6c (0xfb843783) ld      a5, -72(s0)
core   0: 3 0x000000008000ff6c (0xfb843783) x15 0x000000000000009c mem 0x0000000080031f28
core   0: 0x000000008000ff70 (0x000097ba) c.add   a5, a4
core   0: 3 0x000000008000ff70 (0x97ba) x15 0x00000000800120dc
core   0: 0x000000008000ff72 (0xfe043703) ld      a4, -32(s0)
core   0: 3 0x000000008000ff72 (0xfe043703) x14 0x000000008001207a mem 0x0000000080031f50
core   0: 0x000000008000ff76 (0xfcf76de3) bltu    a4, a5, pc - 38
core   0: 3 0x000000008000ff76 (0xfcf76de3)
core   0: 0x000000008000ff50 (0xfe043783) ld      a5, -32(s0)
core   0: 3 0x000000008000ff50 (0xfe043783) x15 0x000000008001207a mem 0x0000000080031f50
core   0: 0x000000008000ff54 (0x00178713) addi    a4, a5, 1
core   0: 3 0x000000008000ff54 (0x00178713) x14 0x000000008001207b
core   0: 0x000000008000ff58 (0xfee43023) sd      a4, -32(s0)
core   0: 3 0x000000008000ff58 (0xfee43023) mem 0x0000000080031f50 0x000000008001207b
core   0: 0x000000008000ff5c (0xfc442703) lw      a4, -60(s0)
core   0: 3 0x000000008000ff5c (0xfc442703) x14 0x0000000000000000 mem 0x0000000080031f34
core   0: 0x000000008000ff60 (0x0ff77713) andi    a4, a4, 255
core   0: 3 0x000000008000ff60 (0x0ff77713) x14 0x0000000000000000
core   0: 0x000000008000ff64 (0x00e78023) sb      a4, 0(a5)
core   0: 3 0x000000008000ff64 (0x00e78023) mem 0x000000008001207a 0x00
core   0: 0x000000008000ff68 (0xfc843703) ld      a4, -56(s0)
core   0: 3 0x000000008000ff68 (0xfc843703) x14 0x0000000080012040 mem 0x0000000080031f38
core   0: 0x000000008000ff6c (0xfb843783) ld      a5, -72(s0)
core   0: 3 0x000000008000ff6c (0xfb843783) x15 0x000000000000009c mem 0x0000000080031f28
core   0: 0x000000008000ff70 (0x000097ba) c.add   a5, a4
core   0: 3 0x000000008000ff70 (0x97ba) x15 0x00000000800120dc
core   0: 0x000000008000ff72 (0xfe043703) ld      a4, -32(s0)
core   0: 3 0x000000008000ff72 (0xfe043703) x14 0x000000008001207b mem 0x0000000080031f50
core   0: 0x000000008000ff76 (0xfcf76de3) bltu    a4, a5, pc - 38
core   0: 3 0x000000008000ff76 (0xfcf76de3)
core   0: 0x000000008000ff50 (0xfe043783) ld      a5, -32(s0)
core   0: 3 0x000000008000ff50 (0xfe043783) x15 0x000000008001207b mem 0x0000000080031f50
core   0: 0x000000008000ff54 (0x00178713) addi    a4, a5, 1
core   0: 3 0x000000008000ff54 (0x00178713) x14 0x000000008001207c
core   0: 0x000000008000ff58 (0xfee43023) sd      a4, -32(s0)
core   0: 3 0x000000008000ff58 (0xfee43023) mem 0x0000000080031f50 0x000000008001207c
core   0: 0x000000008000ff5c (0xfc442703) lw      a4, -60(s0)
core   0: 3 0x000000008000ff5c (0xfc442703) x14 0x0000000000000000 mem 0x0000000080031f34
core   0: 0x000000008000ff60 (0x0ff77713) andi    a4, a4, 255
core   0: 3 0x000000008000ff60 (0x0ff77713) x14 0x0000000000000000
core   0: 0x000000008000ff64 (0x00e78023) sb      a4, 0(a5)
core   0: 3 0x000000008000ff64 (0x00e78023) mem 0x000000008001207b 0x00
core   0: 0x000000008000ff68 (0xfc843703) ld      a4, -56(s0)
core   0: 3 0x000000008000ff68 (0xfc843703) x14 0x0000000080012040 mem 0x0000000080031f38
core   0: 0x000000008000ff6c (0xfb843783) ld      a5, -72(s0)
core   0: 3 0x000000008000ff6c (0xfb843783) x15 0x000000000000009c mem 0x0000000080031f28
core   0: 0x000000008000ff70 (0x000097ba) c.add   a5, a4
core   0: 3 0x000000008000ff70 (0x97ba) x15 0x00000000800120dc
core   0: 0x000000008000ff72 (0xfe043703) ld      a4, -32(s0)
core   0: 3 0x000000008000ff72 (0xfe043703) x14 0x000000008001207c mem 0x0000000080031f50
core   0: 0x000000008000ff76 (0xfcf76de3) bltu    a4, a5, pc - 38
core   0: 3 0x000000008000ff76 (0xfcf76de3)
core   0: 0x000000008000ff50 (0xfe043783) ld      a5, -32(s0)
core   0: 3 0x000000008000ff50 (0xfe043783) x15 0x000000008001207c mem 0x0000000080031f50
core   0: 0x000000008000ff54 (0x00178713) addi    a4, a5, 1
core   0: 3 0x000000008000ff54 (0x00178713) x14 0x000000008001207d
core   0: 0x000000008000ff58 (0xfee43023) sd      a4, -32(s0)
core   0: 3 0x000000008000ff58 (0xfee43023) mem 0x0000000080031f50 0x000000008001207d
core   0: 0x000000008000ff5c (0xfc442703) lw      a4, -60(s0)
core   0: 3 0x000000008000ff5c (0xfc442703) x14 0x0000000000000000 mem 0x0000000080031f34
core   0: 0x000000008000ff60 (0x0ff77713) andi    a4, a4, 255
core   0: 3 0x000000008000ff60 (0x0ff77713) x14 0x0000000000000000
core   0: 0x000000008000ff64 (0x00e78023) sb      a4, 0(a5)
core   0: 3 0x000000008000ff64 (0x00e78023) mem 0x000000008001207c 0x00
core   0: 0x000000008000ff68 (0xfc843703) ld      a4, -56(s0)
core   0: 3 0x000000008000ff68 (0xfc843703) x14 0x0000000080012040 mem 0x0000000080031f38
core   0: 0x000000008000ff6c (0xfb843783) ld      a5, -72(s0)
core   0: 3 0x000000008000ff6c (0xfb843783) x15 0x000000000000009c mem 0x0000000080031f28
core   0: 0x000000008000ff70 (0x000097ba) c.add   a5, a4
core   0: 3 0x000000008000ff70 (0x97ba) x15 0x00000000800120dc
core   0: 0x000000008000ff72 (0xfe043703) ld      a4, -32(s0)
core   0: 3 0x000000008000ff72 (0xfe043703) x14 0x000000008001207d mem 0x0000000080031f50
core   0: 0x000000008000ff76 (0xfcf76de3) bltu    a4, a5, pc - 38
core   0: 3 0x000000008000ff76 (0xfcf76de3)
core   0: 0x000000008000ff50 (0xfe043783) ld      a5, -32(s0)
core   0: 3 0x000000008000ff50 (0xfe043783) x15 0x000000008001207d mem 0x0000000080031f50
core   0: 0x000000008000ff54 (0x00178713) addi    a4, a5, 1
core   0: 3 0x000000008000ff54 (0x00178713) x14 0x000000008001207e
core   0: 0x000000008000ff58 (0xfee43023) sd      a4, -32(s0)
core   0: 3 0x000000008000ff58 (0xfee43023) mem 0x0000000080031f50 0x000000008001207e
core   0: 0x000000008000ff5c (0xfc442703) lw      a4, -60(s0)
core   0: 3 0x000000008000ff5c (0xfc442703) x14 0x0000000000000000 mem 0x0000000080031f34
core   0: 0x000000008000ff60 (0x0ff77713) andi    a4, a4, 255
core   0: 3 0x000000008000ff60 (0x0ff77713) x14 0x0000000000000000
core   0: 0x000000008000ff64 (0x00e78023) sb      a4, 0(a5)
core   0: 3 0x000000008000ff64 (0x00e78023) mem 0x000000008001207d 0x00
core   0: 0x000000008000ff68 (0xfc843703) ld      a4, -56(s0)
core   0: 3 0x000000008000ff68 (0xfc843703) x14 0x0000000080012040 mem 0x0000000080031f38
core   0: 0x000000008000ff6c (0xfb843783) ld      a5, -72(s0)
core   0: 3 0x000000008000ff6c (0xfb843783) x15 0x000000000000009c mem 0x0000000080031f28
core   0: 0x000000008000ff70 (0x000097ba) c.add   a5, a4
core   0: 3 0x000000008000ff70 (0x97ba) x15 0x00000000800120dc
core   0: 0x000000008000ff72 (0xfe043703) ld      a4, -32(s0)
core   0: 3 0x000000008000ff72 (0xfe043703) x14 0x000000008001207e mem 0x0000000080031f50
core   0: 0x000000008000ff76 (0xfcf76de3) bltu    a4, a5, pc - 38
core   0: 3 0x000000008000ff76 (0xfcf76de3)
core   0: 0x000000008000ff50 (0xfe043783) ld      a5, -32(s0)
core   0: 3 0x000000008000ff50 (0xfe043783) x15 0x000000008001207e mem 0x0000000080031f50
core   0: 0x000000008000ff54 (0x00178713) addi    a4, a5, 1
core   0: 3 0x000000008000ff54 (0x00178713) x14 0x000000008001207f
core   0: 0x000000008000ff58 (0xfee43023) sd      a4, -32(s0)
core   0: 3 0x000000008000ff58 (0xfee43023) mem 0x0000000080031f50 0x000000008001207f
core   0: 0x000000008000ff5c (0xfc442703) lw      a4, -60(s0)
core   0: 3 0x000000008000ff5c (0xfc442703) x14 0x0000000000000000 mem 0x0000000080031f34
core   0: 0x000000008000ff60 (0x0ff77713) andi    a4, a4, 255
core   0: 3 0x000000008000ff60 (0x0ff77713) x14 0x0000000000000000
core   0: 0x000000008000ff64 (0x00e78023) sb      a4, 0(a5)
core   0: 3 0x000000008000ff64 (0x00e78023) mem 0x000000008001207e 0x00
core   0: 0x000000008000ff68 (0xfc843703) ld      a4, -56(s0)
core   0: 3 0x000000008000ff68 (0xfc843703) x14 0x0000000080012040 mem 0x0000000080031f38
core   0: 0x000000008000ff6c (0xfb843783) ld      a5, -72(s0)
core   0: 3 0x000000008000ff6c (0xfb843783) x15 0x000000000000009c mem 0x0000000080031f28
core   0: 0x000000008000ff70 (0x000097ba) c.add   a5, a4
core   0: 3 0x000000008000ff70 (0x97ba) x15 0x00000000800120dc
core   0: 0x000000008000ff72 (0xfe043703) ld      a4, -32(s0)
core   0: 3 0x000000008000ff72 (0xfe043703) x14 0x000000008001207f mem 0x0000000080031f50
core   0: 0x000000008000ff76 (0xfcf76de3) bltu    a4, a5, pc - 38
core   0: 3 0x000000008000ff76 (0xfcf76de3)
core   0: 0x000000008000ff50 (0xfe043783) ld      a5, -32(s0)
core   0: 3 0x000000008000ff50 (0xfe043783) x15 0x000000008001207f mem 0x0000000080031f50
core   0: 0x000000008000ff54 (0x00178713) addi    a4, a5, 1
core   0: 3 0x000000008000ff54 (0x00178713) x14 0x0000000080012080
core   0: 0x000000008000ff58 (0xfee43023) sd      a4, -32(s0)
core   0: 3 0x000000008000ff58 (0xfee43023) mem 0x0000000080031f50 0x0000000080012080
core   0: 0x000000008000ff5c (0xfc442703) lw      a4, -60(s0)
core   0: 3 0x000000008000ff5c (0xfc442703) x14 0x0000000000000000 mem 0x0000000080031f34
core   0: 0x000000008000ff60 (0x0ff77713) andi    a4, a4, 255
core   0: 3 0x000000008000ff60 (0x0ff77713) x14 0x0000000000000000
core   0: 0x000000008000ff64 (0x00e78023) sb      a4, 0(a5)
core   0: 3 0x000000008000ff64 (0x00e78023) mem 0x000000008001207f 0x00
core   0: 0x000000008000ff68 (0xfc843703) ld      a4, -56(s0)
core   0: 3 0x000000008000ff68 (0xfc843703) x14 0x0000000080012040 mem 0x0000000080031f38
core   0: 0x000000008000ff6c (0xfb843783) ld      a5, -72(s0)
core   0: 3 0x000000008000ff6c (0xfb843783) x15 0x000000000000009c mem 0x0000000080031f28
core   0: 0x000000008000ff70 (0x000097ba) c.add   a5, a4
core   0: 3 0x000000008000ff70 (0x97ba) x15 0x00000000800120dc
core   0: 0x000000008000ff72 (0xfe043703) ld      a4, -32(s0)
core   0: 3 0x000000008000ff72 (0xfe043703) x14 0x0000000080012080 mem 0x0000000080031f50
core   0: 0x000000008000ff76 (0xfcf76de3) bltu    a4, a5, pc - 38
core   0: 3 0x000000008000ff76 (0xfcf76de3)
core   0: 0x000000008000ff50 (0xfe043783) ld      a5, -32(s0)
core   0: 3 0x000000008000ff50 (0xfe043783) x15 0x0000000080012080 mem 0x0000000080031f50
core   0: 0x000000008000ff54 (0x00178713) addi    a4, a5, 1
core   0: 3 0x000000008000ff54 (0x00178713) x14 0x0000000080012081
core   0: 0x000000008000ff58 (0xfee43023) sd      a4, -32(s0)
core   0: 3 0x000000008000ff58 (0xfee43023) mem 0x0000000080031f50 0x0000000080012081
core   0: 0x000000008000ff5c (0xfc442703) lw      a4, -60(s0)
core   0: 3 0x000000008000ff5c (0xfc442703) x14 0x0000000000000000 mem 0x0000000080031f34
core   0: 0x000000008000ff60 (0x0ff77713) andi    a4, a4, 255
core   0: 3 0x000000008000ff60 (0x0ff77713) x14 0x0000000000000000
core   0: 0x000000008000ff64 (0x00e78023) sb      a4, 0(a5)
core   0: 3 0x000000008000ff64 (0x00e78023) mem 0x0000000080012080 0x00
core   0: 0x000000008000ff68 (0xfc843703) ld      a4, -56(s0)
core   0: 3 0x000000008000ff68 (0xfc843703) x14 0x0000000080012040 mem 0x0000000080031f38
core   0: 0x000000008000ff6c (0xfb843783) ld      a5, -72(s0)
core   0: 3 0x000000008000ff6c (0xfb843783) x15 0x000000000000009c mem 0x0000000080031f28
core   0: 0x000000008000ff70 (0x000097ba) c.add   a5, a4
core   0: 3 0x000000008000ff70 (0x97ba) x15 0x00000000800120dc
core   0: 0x000000008000ff72 (0xfe043703) ld      a4, -32(s0)
core   0: 3 0x000000008000ff72 (0xfe043703) x14 0x0000000080012081 mem 0x0000000080031f50
core   0: 0x000000008000ff76 (0xfcf76de3) bltu    a4, a5, pc - 38
core   0: 3 0x000000008000ff76 (0xfcf76de3)
core   0: 0x000000008000ff50 (0xfe043783) ld      a5, -32(s0)
core   0: 3 0x000000008000ff50 (0xfe043783) x15 0x0000000080012081 mem 0x0000000080031f50
core   0: 0x000000008000ff54 (0x00178713) addi    a4, a5, 1
core   0: 3 0x000000008000ff54 (0x00178713) x14 0x0000000080012082
core   0: 0x000000008000ff58 (0xfee43023) sd      a4, -32(s0)
core   0: 3 0x000000008000ff58 (0xfee43023) mem 0x0000000080031f50 0x0000000080012082
core   0: 0x000000008000ff5c (0xfc442703) lw      a4, -60(s0)
core   0: 3 0x000000008000ff5c (0xfc442703) x14 0x0000000000000000 mem 0x0000000080031f34
core   0: 0x000000008000ff60 (0x0ff77713) andi    a4, a4, 255
core   0: 3 0x000000008000ff60 (0x0ff77713) x14 0x0000000000000000
core   0: 0x000000008000ff64 (0x00e78023) sb      a4, 0(a5)
core   0: 3 0x000000008000ff64 (0x00e78023) mem 0x0000000080012081 0x00
core   0: 0x000000008000ff68 (0xfc843703) ld      a4, -56(s0)
core   0: 3 0x000000008000ff68 (0xfc843703) x14 0x0000000080012040 mem 0x0000000080031f38
core   0: 0x000000008000ff6c (0xfb843783) ld      a5, -72(s0)
core   0: 3 0x000000008000ff6c (0xfb843783) x15 0x000000000000009c mem 0x0000000080031f28
core   0: 0x000000008000ff70 (0x000097ba) c.add   a5, a4
core   0: 3 0x000000008000ff70 (0x97ba) x15 0x00000000800120dc
core   0: 0x000000008000ff72 (0xfe043703) ld      a4, -32(s0)
core   0: 3 0x000000008000ff72 (0xfe043703) x14 0x0000000080012082 mem 0x0000000080031f50
core   0: 0x000000008000ff76 (0xfcf76de3) bltu    a4, a5, pc - 38
core   0: 3 0x000000008000ff76 (0xfcf76de3)
core   0: 0x000000008000ff50 (0xfe043783) ld      a5, -32(s0)
core   0: 3 0x000000008000ff50 (0xfe043783) x15 0x0000000080012082 mem 0x0000000080031f50
core   0: 0x000000008000ff54 (0x00178713) addi    a4, a5, 1
core   0: 3 0x000000008000ff54 (0x00178713) x14 0x0000000080012083
core   0: 0x000000008000ff58 (0xfee43023) sd      a4, -32(s0)
core   0: 3 0x000000008000ff58 (0xfee43023) mem 0x0000000080031f50 0x0000000080012083
core   0: 0x000000008000ff5c (0xfc442703) lw      a4, -60(s0)
core   0: 3 0x000000008000ff5c (0xfc442703) x14 0x0000000000000000 mem 0x0000000080031f34
core   0: 0x000000008000ff60 (0x0ff77713) andi    a4, a4, 255
core   0: 3 0x000000008000ff60 (0x0ff77713) x14 0x0000000000000000
core   0: 0x000000008000ff64 (0x00e78023) sb      a4, 0(a5)
core   0: 3 0x000000008000ff64 (0x00e78023) mem 0x0000000080012082 0x00
core   0: 0x000000008000ff68 (0xfc843703) ld      a4, -56(s0)
core   0: 3 0x000000008000ff68 (0xfc843703) x14 0x0000000080012040 mem 0x0000000080031f38
core   0: 0x000000008000ff6c (0xfb843783) ld      a5, -72(s0)
core   0: 3 0x000000008000ff6c (0xfb843783) x15 0x000000000000009c mem 0x0000000080031f28
core   0: 0x000000008000ff70 (0x000097ba) c.add   a5, a4
core   0: 3 0x000000008000ff70 (0x97ba) x15 0x00000000800120dc
core   0: 0x000000008000ff72 (0xfe043703) ld      a4, -32(s0)
core   0: 3 0x000000008000ff72 (0xfe043703) x14 0x0000000080012083 mem 0x0000000080031f50
core   0: 0x000000008000ff76 (0xfcf76de3) bltu    a4, a5, pc - 38
core   0: 3 0x000000008000ff76 (0xfcf76de3)
core   0: 0x000000008000ff50 (0xfe043783) ld      a5, -32(s0)
core   0: 3 0x000000008000ff50 (0xfe043783) x15 0x0000000080012083 mem 0x0000000080031f50
core   0: 0x000000008000ff54 (0x00178713) addi    a4, a5, 1
core   0: 3 0x000000008000ff54 (0x00178713) x14 0x0000000080012084
core   0: 0x000000008000ff58 (0xfee43023) sd      a4, -32(s0)
core   0: 3 0x000000008000ff58 (0xfee43023) mem 0x0000000080031f50 0x0000000080012084
core   0: 0x000000008000ff5c (0xfc442703) lw      a4, -60(s0)
core   0: 3 0x000000008000ff5c (0xfc442703) x14 0x0000000000000000 mem 0x0000000080031f34
core   0: 0x000000008000ff60 (0x0ff77713) andi    a4, a4, 255
core   0: 3 0x000000008000ff60 (0x0ff77713) x14 0x0000000000000000
core   0: 0x000000008000ff64 (0x00e78023) sb      a4, 0(a5)
core   0: 3 0x000000008000ff64 (0x00e78023) mem 0x0000000080012083 0x00
core   0: 0x000000008000ff68 (0xfc843703) ld      a4, -56(s0)
core   0: 3 0x000000008000ff68 (0xfc843703) x14 0x0000000080012040 mem 0x0000000080031f38
core   0: 0x000000008000ff6c (0xfb843783) ld      a5, -72(s0)
core   0: 3 0x000000008000ff6c (0xfb843783) x15 0x000000000000009c mem 0x0000000080031f28
core   0: 0x000000008000ff70 (0x000097ba) c.add   a5, a4
core   0: 3 0x000000008000ff70 (0x97ba) x15 0x00000000800120dc
core   0: 0x000000008000ff72 (0xfe043703) ld      a4, -32(s0)
core   0: 3 0x000000008000ff72 (0xfe043703) x14 0x0000000080012084 mem 0x0000000080031f50
core   0: 0x000000008000ff76 (0xfcf76de3) bltu    a4, a5, pc - 38
core   0: 3 0x000000008000ff76 (0xfcf76de3)
core   0: 0x000000008000ff50 (0xfe043783) ld      a5, -32(s0)
core   0: 3 0x000000008000ff50 (0xfe043783) x15 0x0000000080012084 mem 0x0000000080031f50
core   0: 0x000000008000ff54 (0x00178713) addi    a4, a5, 1
core   0: 3 0x000000008000ff54 (0x00178713) x14 0x0000000080012085
core   0: 0x000000008000ff58 (0xfee43023) sd      a4, -32(s0)
core   0: 3 0x000000008000ff58 (0xfee43023) mem 0x0000000080031f50 0x0000000080012085
core   0: 0x000000008000ff5c (0xfc442703) lw      a4, -60(s0)
core   0: 3 0x000000008000ff5c (0xfc442703) x14 0x0000000000000000 mem 0x0000000080031f34
core   0: 0x000000008000ff60 (0x0ff77713) andi    a4, a4, 255
core   0: 3 0x000000008000ff60 (0x0ff77713) x14 0x0000000000000000
core   0: 0x000000008000ff64 (0x00e78023) sb      a4, 0(a5)
core   0: 3 0x000000008000ff64 (0x00e78023) mem 0x0000000080012084 0x00
core   0: 0x000000008000ff68 (0xfc843703) ld      a4, -56(s0)
core   0: 3 0x000000008000ff68 (0xfc843703) x14 0x0000000080012040 mem 0x0000000080031f38
core   0: 0x000000008000ff6c (0xfb843783) ld      a5, -72(s0)
core   0: 3 0x000000008000ff6c (0xfb843783) x15 0x000000000000009c mem 0x0000000080031f28
core   0: 0x000000008000ff70 (0x000097ba) c.add   a5, a4
core   0: 3 0x000000008000ff70 (0x97ba) x15 0x00000000800120dc
core   0: 0x000000008000ff72 (0xfe043703) ld      a4, -32(s0)
core   0: 3 0x000000008000ff72 (0xfe043703) x14 0x0000000080012085 mem 0x0000000080031f50
core   0: 0x000000008000ff76 (0xfcf76de3) bltu    a4, a5, pc - 38
core   0: 3 0x000000008000ff76 (0xfcf76de3)
core   0: 0x000000008000ff50 (0xfe043783) ld      a5, -32(s0)
core   0: 3 0x000000008000ff50 (0xfe043783) x15 0x0000000080012085 mem 0x0000000080031f50
core   0: 0x000000008000ff54 (0x00178713) addi    a4, a5, 1
core   0: 3 0x000000008000ff54 (0x00178713) x14 0x0000000080012086
core   0: 0x000000008000ff58 (0xfee43023) sd      a4, -32(s0)
core   0: 3 0x000000008000ff58 (0xfee43023) mem 0x0000000080031f50 0x0000000080012086
core   0: 0x000000008000ff5c (0xfc442703) lw      a4, -60(s0)
core   0: 3 0x000000008000ff5c (0xfc442703) x14 0x0000000000000000 mem 0x0000000080031f34
core   0: 0x000000008000ff60 (0x0ff77713) andi    a4, a4, 255
core   0: 3 0x000000008000ff60 (0x0ff77713) x14 0x0000000000000000
core   0: 0x000000008000ff64 (0x00e78023) sb      a4, 0(a5)
core   0: 3 0x000000008000ff64 (0x00e78023) mem 0x0000000080012085 0x00
core   0: 0x000000008000ff68 (0xfc843703) ld      a4, -56(s0)
core   0: 3 0x000000008000ff68 (0xfc843703) x14 0x0000000080012040 mem 0x0000000080031f38
core   0: 0x000000008000ff6c (0xfb843783) ld      a5, -72(s0)
core   0: 3 0x000000008000ff6c (0xfb843783) x15 0x000000000000009c mem 0x0000000080031f28
core   0: 0x000000008000ff70 (0x000097ba) c.add   a5, a4
core   0: 3 0x000000008000ff70 (0x97ba) x15 0x00000000800120dc
core   0: 0x000000008000ff72 (0xfe043703) ld      a4, -32(s0)
core   0: 3 0x000000008000ff72 (0xfe043703) x14 0x0000000080012086 mem 0x0000000080031f50
core   0: 0x000000008000ff76 (0xfcf76de3) bltu    a4, a5, pc - 38
core   0: 3 0x000000008000ff76 (0xfcf76de3)
core   0: 0x000000008000ff50 (0xfe043783) ld      a5, -32(s0)
core   0: 3 0x000000008000ff50 (0xfe043783) x15 0x0000000080012086 mem 0x0000000080031f50
core   0: 0x000000008000ff54 (0x00178713) addi    a4, a5, 1
core   0: 3 0x000000008000ff54 (0x00178713) x14 0x0000000080012087
core   0: 0x000000008000ff58 (0xfee43023) sd      a4, -32(s0)
core   0: 3 0x000000008000ff58 (0xfee43023) mem 0x0000000080031f50 0x0000000080012087
core   0: 0x000000008000ff5c (0xfc442703) lw      a4, -60(s0)
core   0: 3 0x000000008000ff5c (0xfc442703) x14 0x0000000000000000 mem 0x0000000080031f34
core   0: 0x000000008000ff60 (0x0ff77713) andi    a4, a4, 255
core   0: 3 0x000000008000ff60 (0x0ff77713) x14 0x0000000000000000
core   0: 0x000000008000ff64 (0x00e78023) sb      a4, 0(a5)
core   0: 3 0x000000008000ff64 (0x00e78023) mem 0x0000000080012086 0x00
core   0: 0x000000008000ff68 (0xfc843703) ld      a4, -56(s0)
core   0: 3 0x000000008000ff68 (0xfc843703) x14 0x0000000080012040 mem 0x0000000080031f38
core   0: 0x000000008000ff6c (0xfb843783) ld      a5, -72(s0)
core   0: 3 0x000000008000ff6c (0xfb843783) x15 0x000000000000009c mem 0x0000000080031f28
core   0: 0x000000008000ff70 (0x000097ba) c.add   a5, a4
core   0: 3 0x000000008000ff70 (0x97ba) x15 0x00000000800120dc
core   0: 0x000000008000ff72 (0xfe043703) ld      a4, -32(s0)
core   0: 3 0x000000008000ff72 (0xfe043703) x14 0x0000000080012087 mem 0x0000000080031f50
core   0: 0x000000008000ff76 (0xfcf76de3) bltu    a4, a5, pc - 38
core   0: 3 0x000000008000ff76 (0xfcf76de3)
core   0: 0x000000008000ff50 (0xfe043783) ld      a5, -32(s0)
core   0: 3 0x000000008000ff50 (0xfe043783) x15 0x0000000080012087 mem 0x0000000080031f50
core   0: 0x000000008000ff54 (0x00178713) addi    a4, a5, 1
core   0: 3 0x000000008000ff54 (0x00178713) x14 0x0000000080012088
core   0: 0x000000008000ff58 (0xfee43023) sd      a4, -32(s0)
core   0: 3 0x000000008000ff58 (0xfee43023) mem 0x0000000080031f50 0x0000000080012088
core   0: 0x000000008000ff5c (0xfc442703) lw      a4, -60(s0)
core   0: 3 0x000000008000ff5c (0xfc442703) x14 0x0000000000000000 mem 0x0000000080031f34
core   0: 0x000000008000ff60 (0x0ff77713) andi    a4, a4, 255
core   0: 3 0x000000008000ff60 (0x0ff77713) x14 0x0000000000000000
core   0: 0x000000008000ff64 (0x00e78023) sb      a4, 0(a5)
core   0: 3 0x000000008000ff64 (0x00e78023) mem 0x0000000080012087 0x00
core   0: 0x000000008000ff68 (0xfc843703) ld      a4, -56(s0)
core   0: 3 0x000000008000ff68 (0xfc843703) x14 0x0000000080012040 mem 0x0000000080031f38
core   0: 0x000000008000ff6c (0xfb843783) ld      a5, -72(s0)
core   0: 3 0x000000008000ff6c (0xfb843783) x15 0x000000000000009c mem 0x0000000080031f28
core   0: 0x000000008000ff70 (0x000097ba) c.add   a5, a4
core   0: 3 0x000000008000ff70 (0x97ba) x15 0x00000000800120dc
core   0: 0x000000008000ff72 (0xfe043703) ld      a4, -32(s0)
core   0: 3 0x000000008000ff72 (0xfe043703) x14 0x0000000080012088 mem 0x0000000080031f50
core   0: 0x000000008000ff76 (0xfcf76de3) bltu    a4, a5, pc - 38
core   0: 3 0x000000008000ff76 (0xfcf76de3)
core   0: 0x000000008000ff50 (0xfe043783) ld      a5, -32(s0)
core   0: 3 0x000000008000ff50 (0xfe043783) x15 0x0000000080012088 mem 0x0000000080031f50
core   0: 0x000000008000ff54 (0x00178713) addi    a4, a5, 1
core   0: 3 0x000000008000ff54 (0x00178713) x14 0x0000000080012089
core   0: 0x000000008000ff58 (0xfee43023) sd      a4, -32(s0)
core   0: 3 0x000000008000ff58 (0xfee43023) mem 0x0000000080031f50 0x0000000080012089
core   0: 0x000000008000ff5c (0xfc442703) lw      a4, -60(s0)
core   0: 3 0x000000008000ff5c (0xfc442703) x14 0x0000000000000000 mem 0x0000000080031f34
core   0: 0x000000008000ff60 (0x0ff77713) andi    a4, a4, 255
core   0: 3 0x000000008000ff60 (0x0ff77713) x14 0x0000000000000000
core   0: 0x000000008000ff64 (0x00e78023) sb      a4, 0(a5)
core   0: 3 0x000000008000ff64 (0x00e78023) mem 0x0000000080012088 0x00
core   0: 0x000000008000ff68 (0xfc843703) ld      a4, -56(s0)
core   0: 3 0x000000008000ff68 (0xfc843703) x14 0x0000000080012040 mem 0x0000000080031f38
core   0: 0x000000008000ff6c (0xfb843783) ld      a5, -72(s0)
core   0: 3 0x000000008000ff6c (0xfb843783) x15 0x000000000000009c mem 0x0000000080031f28
core   0: 0x000000008000ff70 (0x000097ba) c.add   a5, a4
core   0: 3 0x000000008000ff70 (0x97ba) x15 0x00000000800120dc
core   0: 0x000000008000ff72 (0xfe043703) ld      a4, -32(s0)
core   0: 3 0x000000008000ff72 (0xfe043703) x14 0x0000000080012089 mem 0x0000000080031f50
core   0: 0x000000008000ff76 (0xfcf76de3) bltu    a4, a5, pc - 38
core   0: 3 0x000000008000ff76 (0xfcf76de3)
core   0: 0x000000008000ff50 (0xfe043783) ld      a5, -32(s0)
core   0: 3 0x000000008000ff50 (0xfe043783) x15 0x0000000080012089 mem 0x0000000080031f50
core   0: 0x000000008000ff54 (0x00178713) addi    a4, a5, 1
core   0: 3 0x000000008000ff54 (0x00178713) x14 0x000000008001208a
core   0: 0x000000008000ff58 (0xfee43023) sd      a4, -32(s0)
core   0: 3 0x000000008000ff58 (0xfee43023) mem 0x0000000080031f50 0x000000008001208a
core   0: 0x000000008000ff5c (0xfc442703) lw      a4, -60(s0)
core   0: 3 0x000000008000ff5c (0xfc442703) x14 0x0000000000000000 mem 0x0000000080031f34
core   0: 0x000000008000ff60 (0x0ff77713) andi    a4, a4, 255
core   0: 3 0x000000008000ff60 (0x0ff77713) x14 0x0000000000000000
core   0: 0x000000008000ff64 (0x00e78023) sb      a4, 0(a5)
core   0: 3 0x000000008000ff64 (0x00e78023) mem 0x0000000080012089 0x00
core   0: 0x000000008000ff68 (0xfc843703) ld      a4, -56(s0)
core   0: 3 0x000000008000ff68 (0xfc843703) x14 0x0000000080012040 mem 0x0000000080031f38
core   0: 0x000000008000ff6c (0xfb843783) ld      a5, -72(s0)
core   0: 3 0x000000008000ff6c (0xfb843783) x15 0x000000000000009c mem 0x0000000080031f28
core   0: 0x000000008000ff70 (0x000097ba) c.add   a5, a4
core   0: 3 0x000000008000ff70 (0x97ba) x15 0x00000000800120dc
core   0: 0x000000008000ff72 (0xfe043703) ld      a4, -32(s0)
core   0: 3 0x000000008000ff72 (0xfe043703) x14 0x000000008001208a mem 0x0000000080031f50
core   0: 0x000000008000ff76 (0xfcf76de3) bltu    a4, a5, pc - 38
core   0: 3 0x000000008000ff76 (0xfcf76de3)
core   0: 0x000000008000ff50 (0xfe043783) ld      a5, -32(s0)
core   0: 3 0x000000008000ff50 (0xfe043783) x15 0x000000008001208a mem 0x0000000080031f50
core   0: 0x000000008000ff54 (0x00178713) addi    a4, a5, 1
core   0: 3 0x000000008000ff54 (0x00178713) x14 0x000000008001208b
core   0: 0x000000008000ff58 (0xfee43023) sd      a4, -32(s0)
core   0: 3 0x000000008000ff58 (0xfee43023) mem 0x0000000080031f50 0x000000008001208b
core   0: 0x000000008000ff5c (0xfc442703) lw      a4, -60(s0)
core   0: 3 0x000000008000ff5c (0xfc442703) x14 0x0000000000000000 mem 0x0000000080031f34
core   0: 0x000000008000ff60 (0x0ff77713) andi    a4, a4, 255
core   0: 3 0x000000008000ff60 (0x0ff77713) x14 0x0000000000000000
core   0: 0x000000008000ff64 (0x00e78023) sb      a4, 0(a5)
core   0: 3 0x000000008000ff64 (0x00e78023) mem 0x000000008001208a 0x00
core   0: 0x000000008000ff68 (0xfc843703) ld      a4, -56(s0)
core   0: 3 0x000000008000ff68 (0xfc843703) x14 0x0000000080012040 mem 0x0000000080031f38
core   0: 0x000000008000ff6c (0xfb843783) ld      a5, -72(s0)
core   0: 3 0x000000008000ff6c (0xfb843783) x15 0x000000000000009c mem 0x0000000080031f28
core   0: 0x000000008000ff70 (0x000097ba) c.add   a5, a4
core   0: 3 0x000000008000ff70 (0x97ba) x15 0x00000000800120dc
core   0: 0x000000008000ff72 (0xfe043703) ld      a4, -32(s0)
core   0: 3 0x000000008000ff72 (0xfe043703) x14 0x000000008001208b mem 0x0000000080031f50
core   0: 0x000000008000ff76 (0xfcf76de3) bltu    a4, a5, pc - 38
core   0: 3 0x000000008000ff76 (0xfcf76de3)
core   0: 0x000000008000ff50 (0xfe043783) ld      a5, -32(s0)
core   0: 3 0x000000008000ff50 (0xfe043783) x15 0x000000008001208b mem 0x0000000080031f50
core   0: 0x000000008000ff54 (0x00178713) addi    a4, a5, 1
core   0: 3 0x000000008000ff54 (0x00178713) x14 0x000000008001208c
core   0: 0x000000008000ff58 (0xfee43023) sd      a4, -32(s0)
core   0: 3 0x000000008000ff58 (0xfee43023) mem 0x0000000080031f50 0x000000008001208c
core   0: 0x000000008000ff5c (0xfc442703) lw      a4, -60(s0)
core   0: 3 0x000000008000ff5c (0xfc442703) x14 0x0000000000000000 mem 0x0000000080031f34
core   0: 0x000000008000ff60 (0x0ff77713) andi    a4, a4, 255
core   0: 3 0x000000008000ff60 (0x0ff77713) x14 0x0000000000000000
core   0: 0x000000008000ff64 (0x00e78023) sb      a4, 0(a5)
core   0: 3 0x000000008000ff64 (0x00e78023) mem 0x000000008001208b 0x00
core   0: 0x000000008000ff68 (0xfc843703) ld      a4, -56(s0)
core   0: 3 0x000000008000ff68 (0xfc843703) x14 0x0000000080012040 mem 0x0000000080031f38
core   0: 0x000000008000ff6c (0xfb843783) ld      a5, -72(s0)
core   0: 3 0x000000008000ff6c (0xfb843783) x15 0x000000000000009c mem 0x0000000080031f28
core   0: 0x000000008000ff70 (0x000097ba) c.add   a5, a4
core   0: 3 0x000000008000ff70 (0x97ba) x15 0x00000000800120dc
core   0: 0x000000008000ff72 (0xfe043703) ld      a4, -32(s0)
core   0: 3 0x000000008000ff72 (0xfe043703) x14 0x000000008001208c mem 0x0000000080031f50
core   0: 0x000000008000ff76 (0xfcf76de3) bltu    a4, a5, pc - 38
core   0: 3 0x000000008000ff76 (0xfcf76de3)
core   0: 0x000000008000ff50 (0xfe043783) ld      a5, -32(s0)
core   0: 3 0x000000008000ff50 (0xfe043783) x15 0x000000008001208c mem 0x0000000080031f50
core   0: 0x000000008000ff54 (0x00178713) addi    a4, a5, 1
core   0: 3 0x000000008000ff54 (0x00178713) x14 0x000000008001208d
core   0: 0x000000008000ff58 (0xfee43023) sd      a4, -32(s0)
core   0: 3 0x000000008000ff58 (0xfee43023) mem 0x0000000080031f50 0x000000008001208d
core   0: 0x000000008000ff5c (0xfc442703) lw      a4, -60(s0)
core   0: 3 0x000000008000ff5c (0xfc442703) x14 0x0000000000000000 mem 0x0000000080031f34
core   0: 0x000000008000ff60 (0x0ff77713) andi    a4, a4, 255
core   0: 3 0x000000008000ff60 (0x0ff77713) x14 0x0000000000000000
core   0: 0x000000008000ff64 (0x00e78023) sb      a4, 0(a5)
core   0: 3 0x000000008000ff64 (0x00e78023) mem 0x000000008001208c 0x00
core   0: 0x000000008000ff68 (0xfc843703) ld      a4, -56(s0)
core   0: 3 0x000000008000ff68 (0xfc843703) x14 0x0000000080012040 mem 0x0000000080031f38
core   0: 0x000000008000ff6c (0xfb843783) ld      a5, -72(s0)
core   0: 3 0x000000008000ff6c (0xfb843783) x15 0x000000000000009c mem 0x0000000080031f28
core   0: 0x000000008000ff70 (0x000097ba) c.add   a5, a4
core   0: 3 0x000000008000ff70 (0x97ba) x15 0x00000000800120dc
core   0: 0x000000008000ff72 (0xfe043703) ld      a4, -32(s0)
core   0: 3 0x000000008000ff72 (0xfe043703) x14 0x000000008001208d mem 0x0000000080031f50
core   0: 0x000000008000ff76 (0xfcf76de3) bltu    a4, a5, pc - 38
core   0: 3 0x000000008000ff76 (0xfcf76de3)
core   0: 0x000000008000ff50 (0xfe043783) ld      a5, -32(s0)
core   0: 3 0x000000008000ff50 (0xfe043783) x15 0x000000008001208d mem 0x0000000080031f50
core   0: 0x000000008000ff54 (0x00178713) addi    a4, a5, 1
core   0: 3 0x000000008000ff54 (0x00178713) x14 0x000000008001208e
core   0: 0x000000008000ff58 (0xfee43023) sd      a4, -32(s0)
core   0: 3 0x000000008000ff58 (0xfee43023) mem 0x0000000080031f50 0x000000008001208e
core   0: 0x000000008000ff5c (0xfc442703) lw      a4, -60(s0)
core   0: 3 0x000000008000ff5c (0xfc442703) x14 0x0000000000000000 mem 0x0000000080031f34
core   0: 0x000000008000ff60 (0x0ff77713) andi    a4, a4, 255
core   0: 3 0x000000008000ff60 (0x0ff77713) x14 0x0000000000000000
core   0: 0x000000008000ff64 (0x00e78023) sb      a4, 0(a5)
core   0: 3 0x000000008000ff64 (0x00e78023) mem 0x000000008001208d 0x00
core   0: 0x000000008000ff68 (0xfc843703) ld      a4, -56(s0)
core   0: 3 0x000000008000ff68 (0xfc843703) x14 0x0000000080012040 mem 0x0000000080031f38
core   0: 0x000000008000ff6c (0xfb843783) ld      a5, -72(s0)
core   0: 3 0x000000008000ff6c (0xfb843783) x15 0x000000000000009c mem 0x0000000080031f28
core   0: 0x000000008000ff70 (0x000097ba) c.add   a5, a4
core   0: 3 0x000000008000ff70 (0x97ba) x15 0x00000000800120dc
core   0: 0x000000008000ff72 (0xfe043703) ld      a4, -32(s0)
core   0: 3 0x000000008000ff72 (0xfe043703) x14 0x000000008001208e mem 0x0000000080031f50
core   0: 0x000000008000ff76 (0xfcf76de3) bltu    a4, a5, pc - 38
core   0: 3 0x000000008000ff76 (0xfcf76de3)
core   0: 0x000000008000ff50 (0xfe043783) ld      a5, -32(s0)
core   0: 3 0x000000008000ff50 (0xfe043783) x15 0x000000008001208e mem 0x0000000080031f50
core   0: 0x000000008000ff54 (0x00178713) addi    a4, a5, 1
core   0: 3 0x000000008000ff54 (0x00178713) x14 0x000000008001208f
core   0: 0x000000008000ff58 (0xfee43023) sd      a4, -32(s0)
core   0: 3 0x000000008000ff58 (0xfee43023) mem 0x0000000080031f50 0x000000008001208f
core   0: 0x000000008000ff5c (0xfc442703) lw      a4, -60(s0)
core   0: 3 0x000000008000ff5c (0xfc442703) x14 0x0000000000000000 mem 0x0000000080031f34
core   0: 0x000000008000ff60 (0x0ff77713) andi    a4, a4, 255
core   0: 3 0x000000008000ff60 (0x0ff77713) x14 0x0000000000000000
core   0: 0x000000008000ff64 (0x00e78023) sb      a4, 0(a5)
core   0: 3 0x000000008000ff64 (0x00e78023) mem 0x000000008001208e 0x00
core   0: 0x000000008000ff68 (0xfc843703) ld      a4, -56(s0)
core   0: 3 0x000000008000ff68 (0xfc843703) x14 0x0000000080012040 mem 0x0000000080031f38
core   0: 0x000000008000ff6c (0xfb843783) ld      a5, -72(s0)
core   0: 3 0x000000008000ff6c (0xfb843783) x15 0x000000000000009c mem 0x0000000080031f28
core   0: 0x000000008000ff70 (0x000097ba) c.add   a5, a4
core   0: 3 0x000000008000ff70 (0x97ba) x15 0x00000000800120dc
core   0: 0x000000008000ff72 (0xfe043703) ld      a4, -32(s0)
core   0: 3 0x000000008000ff72 (0xfe043703) x14 0x000000008001208f mem 0x0000000080031f50
core   0: 0x000000008000ff76 (0xfcf76de3) bltu    a4, a5, pc - 38
core   0: 3 0x000000008000ff76 (0xfcf76de3)
core   0: 0x000000008000ff50 (0xfe043783) ld      a5, -32(s0)
core   0: 3 0x000000008000ff50 (0xfe043783) x15 0x000000008001208f mem 0x0000000080031f50
core   0: 0x000000008000ff54 (0x00178713) addi    a4, a5, 1
core   0: 3 0x000000008000ff54 (0x00178713) x14 0x0000000080012090
core   0: 0x000000008000ff58 (0xfee43023) sd      a4, -32(s0)
core   0: 3 0x000000008000ff58 (0xfee43023) mem 0x0000000080031f50 0x0000000080012090
core   0: 0x000000008000ff5c (0xfc442703) lw      a4, -60(s0)
core   0: 3 0x000000008000ff5c (0xfc442703) x14 0x0000000000000000 mem 0x0000000080031f34
core   0: 0x000000008000ff60 (0x0ff77713) andi    a4, a4, 255
core   0: 3 0x000000008000ff60 (0x0ff77713) x14 0x0000000000000000
core   0: 0x000000008000ff64 (0x00e78023) sb      a4, 0(a5)
core   0: 3 0x000000008000ff64 (0x00e78023) mem 0x000000008001208f 0x00
core   0: 0x000000008000ff68 (0xfc843703) ld      a4, -56(s0)
core   0: 3 0x000000008000ff68 (0xfc843703) x14 0x0000000080012040 mem 0x0000000080031f38
core   0: 0x000000008000ff6c (0xfb843783) ld      a5, -72(s0)
core   0: 3 0x000000008000ff6c (0xfb843783) x15 0x000000000000009c mem 0x0000000080031f28
core   0: 0x000000008000ff70 (0x000097ba) c.add   a5, a4
core   0: 3 0x000000008000ff70 (0x97ba) x15 0x00000000800120dc
core   0: 0x000000008000ff72 (0xfe043703) ld      a4, -32(s0)
core   0: 3 0x000000008000ff72 (0xfe043703) x14 0x0000000080012090 mem 0x0000000080031f50
core   0: 0x000000008000ff76 (0xfcf76de3) bltu    a4, a5, pc - 38
core   0: 3 0x000000008000ff76 (0xfcf76de3)
core   0: 0x000000008000ff50 (0xfe043783) ld      a5, -32(s0)
core   0: 3 0x000000008000ff50 (0xfe043783) x15 0x0000000080012090 mem 0x0000000080031f50
core   0: 0x000000008000ff54 (0x00178713) addi    a4, a5, 1
core   0: 3 0x000000008000ff54 (0x00178713) x14 0x0000000080012091
core   0: 0x000000008000ff58 (0xfee43023) sd      a4, -32(s0)
core   0: 3 0x000000008000ff58 (0xfee43023) mem 0x0000000080031f50 0x0000000080012091
core   0: 0x000000008000ff5c (0xfc442703) lw      a4, -60(s0)
core   0: 3 0x000000008000ff5c (0xfc442703) x14 0x0000000000000000 mem 0x0000000080031f34
core   0: 0x000000008000ff60 (0x0ff77713) andi    a4, a4, 255
core   0: 3 0x000000008000ff60 (0x0ff77713) x14 0x0000000000000000
core   0: 0x000000008000ff64 (0x00e78023) sb      a4, 0(a5)
core   0: 3 0x000000008000ff64 (0x00e78023) mem 0x0000000080012090 0x00
core   0: 0x000000008000ff68 (0xfc843703) ld      a4, -56(s0)
core   0: 3 0x000000008000ff68 (0xfc843703) x14 0x0000000080012040 mem 0x0000000080031f38
core   0: 0x000000008000ff6c (0xfb843783) ld      a5, -72(s0)
core   0: 3 0x000000008000ff6c (0xfb843783) x15 0x000000000000009c mem 0x0000000080031f28
core   0: 0x000000008000ff70 (0x000097ba) c.add   a5, a4
core   0: 3 0x000000008000ff70 (0x97ba) x15 0x00000000800120dc
core   0: 0x000000008000ff72 (0xfe043703) ld      a4, -32(s0)
core   0: 3 0x000000008000ff72 (0xfe043703) x14 0x0000000080012091 mem 0x0000000080031f50
core   0: 0x000000008000ff76 (0xfcf76de3) bltu    a4, a5, pc - 38
core   0: 3 0x000000008000ff76 (0xfcf76de3)
core   0: 0x000000008000ff50 (0xfe043783) ld      a5, -32(s0)
core   0: 3 0x000000008000ff50 (0xfe043783) x15 0x0000000080012091 mem 0x0000000080031f50
core   0: 0x000000008000ff54 (0x00178713) addi    a4, a5, 1
core   0: 3 0x000000008000ff54 (0x00178713) x14 0x0000000080012092
core   0: 0x000000008000ff58 (0xfee43023) sd      a4, -32(s0)
core   0: 3 0x000000008000ff58 (0xfee43023) mem 0x0000000080031f50 0x0000000080012092
core   0: 0x000000008000ff5c (0xfc442703) lw      a4, -60(s0)
core   0: 3 0x000000008000ff5c (0xfc442703) x14 0x0000000000000000 mem 0x0000000080031f34
core   0: 0x000000008000ff60 (0x0ff77713) andi    a4, a4, 255
core   0: 3 0x000000008000ff60 (0x0ff77713) x14 0x0000000000000000
core   0: 0x000000008000ff64 (0x00e78023) sb      a4, 0(a5)
core   0: 3 0x000000008000ff64 (0x00e78023) mem 0x0000000080012091 0x00
core   0: 0x000000008000ff68 (0xfc843703) ld      a4, -56(s0)
core   0: 3 0x000000008000ff68 (0xfc843703) x14 0x0000000080012040 mem 0x0000000080031f38
core   0: 0x000000008000ff6c (0xfb843783) ld      a5, -72(s0)
core   0: 3 0x000000008000ff6c (0xfb843783) x15 0x000000000000009c mem 0x0000000080031f28
core   0: 0x000000008000ff70 (0x000097ba) c.add   a5, a4
core   0: 3 0x000000008000ff70 (0x97ba) x15 0x00000000800120dc
core   0: 0x000000008000ff72 (0xfe043703) ld      a4, -32(s0)
core   0: 3 0x000000008000ff72 (0xfe043703) x14 0x0000000080012092 mem 0x0000000080031f50
core   0: 0x000000008000ff76 (0xfcf76de3) bltu    a4, a5, pc - 38
core   0: 3 0x000000008000ff76 (0xfcf76de3)
core   0: 0x000000008000ff50 (0xfe043783) ld      a5, -32(s0)
core   0: 3 0x000000008000ff50 (0xfe043783) x15 0x0000000080012092 mem 0x0000000080031f50
core   0: 0x000000008000ff54 (0x00178713) addi    a4, a5, 1
core   0: 3 0x000000008000ff54 (0x00178713) x14 0x0000000080012093
core   0: 0x000000008000ff58 (0xfee43023) sd      a4, -32(s0)
core   0: 3 0x000000008000ff58 (0xfee43023) mem 0x0000000080031f50 0x0000000080012093
core   0: 0x000000008000ff5c (0xfc442703) lw      a4, -60(s0)
core   0: 3 0x000000008000ff5c (0xfc442703) x14 0x0000000000000000 mem 0x0000000080031f34
core   0: 0x000000008000ff60 (0x0ff77713) andi    a4, a4, 255
core   0: 3 0x000000008000ff60 (0x0ff77713) x14 0x0000000000000000
core   0: 0x000000008000ff64 (0x00e78023) sb      a4, 0(a5)
core   0: 3 0x000000008000ff64 (0x00e78023) mem 0x0000000080012092 0x00
core   0: 0x000000008000ff68 (0xfc843703) ld      a4, -56(s0)
core   0: 3 0x000000008000ff68 (0xfc843703) x14 0x0000000080012040 mem 0x0000000080031f38
core   0: 0x000000008000ff6c (0xfb843783) ld      a5, -72(s0)
core   0: 3 0x000000008000ff6c (0xfb843783) x15 0x000000000000009c mem 0x0000000080031f28
core   0: 0x000000008000ff70 (0x000097ba) c.add   a5, a4
core   0: 3 0x000000008000ff70 (0x97ba) x15 0x00000000800120dc
core   0: 0x000000008000ff72 (0xfe043703) ld      a4, -32(s0)
core   0: 3 0x000000008000ff72 (0xfe043703) x14 0x0000000080012093 mem 0x0000000080031f50
core   0: 0x000000008000ff76 (0xfcf76de3) bltu    a4, a5, pc - 38
core   0: 3 0x000000008000ff76 (0xfcf76de3)
core   0: 0x000000008000ff50 (0xfe043783) ld      a5, -32(s0)
core   0: 3 0x000000008000ff50 (0xfe043783) x15 0x0000000080012093 mem 0x0000000080031f50
core   0: 0x000000008000ff54 (0x00178713) addi    a4, a5, 1
core   0: 3 0x000000008000ff54 (0x00178713) x14 0x0000000080012094
core   0: 0x000000008000ff58 (0xfee43023) sd      a4, -32(s0)
core   0: 3 0x000000008000ff58 (0xfee43023) mem 0x0000000080031f50 0x0000000080012094
core   0: 0x000000008000ff5c (0xfc442703) lw      a4, -60(s0)
core   0: 3 0x000000008000ff5c (0xfc442703) x14 0x0000000000000000 mem 0x0000000080031f34
core   0: 0x000000008000ff60 (0x0ff77713) andi    a4, a4, 255
core   0: 3 0x000000008000ff60 (0x0ff77713) x14 0x0000000000000000
core   0: 0x000000008000ff64 (0x00e78023) sb      a4, 0(a5)
core   0: 3 0x000000008000ff64 (0x00e78023) mem 0x0000000080012093 0x00
core   0: 0x000000008000ff68 (0xfc843703) ld      a4, -56(s0)
core   0: 3 0x000000008000ff68 (0xfc843703) x14 0x0000000080012040 mem 0x0000000080031f38
core   0: 0x000000008000ff6c (0xfb843783) ld      a5, -72(s0)
core   0: 3 0x000000008000ff6c (0xfb843783) x15 0x000000000000009c mem 0x0000000080031f28
core   0: 0x000000008000ff70 (0x000097ba) c.add   a5, a4
core   0: 3 0x000000008000ff70 (0x97ba) x15 0x00000000800120dc
core   0: 0x000000008000ff72 (0xfe043703) ld      a4, -32(s0)
core   0: 3 0x000000008000ff72 (0xfe043703) x14 0x0000000080012094 mem 0x0000000080031f50
core   0: 0x000000008000ff76 (0xfcf76de3) bltu    a4, a5, pc - 38
core   0: 3 0x000000008000ff76 (0xfcf76de3)
core   0: 0x000000008000ff50 (0xfe043783) ld      a5, -32(s0)
core   0: 3 0x000000008000ff50 (0xfe043783) x15 0x0000000080012094 mem 0x0000000080031f50
core   0: 0x000000008000ff54 (0x00178713) addi    a4, a5, 1
core   0: 3 0x000000008000ff54 (0x00178713) x14 0x0000000080012095
core   0: 0x000000008000ff58 (0xfee43023) sd      a4, -32(s0)
core   0: 3 0x000000008000ff58 (0xfee43023) mem 0x0000000080031f50 0x0000000080012095
core   0: 0x000000008000ff5c (0xfc442703) lw      a4, -60(s0)
core   0: 3 0x000000008000ff5c (0xfc442703) x14 0x0000000000000000 mem 0x0000000080031f34
core   0: 0x000000008000ff60 (0x0ff77713) andi    a4, a4, 255
core   0: 3 0x000000008000ff60 (0x0ff77713) x14 0x0000000000000000
core   0: 0x000000008000ff64 (0x00e78023) sb      a4, 0(a5)
core   0: 3 0x000000008000ff64 (0x00e78023) mem 0x0000000080012094 0x00
core   0: 0x000000008000ff68 (0xfc843703) ld      a4, -56(s0)
core   0: 3 0x000000008000ff68 (0xfc843703) x14 0x0000000080012040 mem 0x0000000080031f38
core   0: 0x000000008000ff6c (0xfb843783) ld      a5, -72(s0)
core   0: 3 0x000000008000ff6c (0xfb843783) x15 0x000000000000009c mem 0x0000000080031f28
core   0: 0x000000008000ff70 (0x000097ba) c.add   a5, a4
core   0: 3 0x000000008000ff70 (0x97ba) x15 0x00000000800120dc
core   0: 0x000000008000ff72 (0xfe043703) ld      a4, -32(s0)
core   0: 3 0x000000008000ff72 (0xfe043703) x14 0x0000000080012095 mem 0x0000000080031f50
core   0: 0x000000008000ff76 (0xfcf76de3) bltu    a4, a5, pc - 38
core   0: 3 0x000000008000ff76 (0xfcf76de3)
core   0: 0x000000008000ff50 (0xfe043783) ld      a5, -32(s0)
core   0: 3 0x000000008000ff50 (0xfe043783) x15 0x0000000080012095 mem 0x0000000080031f50
core   0: 0x000000008000ff54 (0x00178713) addi    a4, a5, 1
core   0: 3 0x000000008000ff54 (0x00178713) x14 0x0000000080012096
core   0: 0x000000008000ff58 (0xfee43023) sd      a4, -32(s0)
core   0: 3 0x000000008000ff58 (0xfee43023) mem 0x0000000080031f50 0x0000000080012096
core   0: 0x000000008000ff5c (0xfc442703) lw      a4, -60(s0)
core   0: 3 0x000000008000ff5c (0xfc442703) x14 0x0000000000000000 mem 0x0000000080031f34
core   0: 0x000000008000ff60 (0x0ff77713) andi    a4, a4, 255
core   0: 3 0x000000008000ff60 (0x0ff77713) x14 0x0000000000000000
core   0: 0x000000008000ff64 (0x00e78023) sb      a4, 0(a5)
core   0: 3 0x000000008000ff64 (0x00e78023) mem 0x0000000080012095 0x00
core   0: 0x000000008000ff68 (0xfc843703) ld      a4, -56(s0)
core   0: 3 0x000000008000ff68 (0xfc843703) x14 0x0000000080012040 mem 0x0000000080031f38
core   0: 0x000000008000ff6c (0xfb843783) ld      a5, -72(s0)
core   0: 3 0x000000008000ff6c (0xfb843783) x15 0x000000000000009c mem 0x0000000080031f28
core   0: 0x000000008000ff70 (0x000097ba) c.add   a5, a4
core   0: 3 0x000000008000ff70 (0x97ba) x15 0x00000000800120dc
core   0: 0x000000008000ff72 (0xfe043703) ld      a4, -32(s0)
core   0: 3 0x000000008000ff72 (0xfe043703) x14 0x0000000080012096 mem 0x0000000080031f50
core   0: 0x000000008000ff76 (0xfcf76de3) bltu    a4, a5, pc - 38
core   0: 3 0x000000008000ff76 (0xfcf76de3)
core   0: 0x000000008000ff50 (0xfe043783) ld      a5, -32(s0)
core   0: 3 0x000000008000ff50 (0xfe043783) x15 0x0000000080012096 mem 0x0000000080031f50
core   0: 0x000000008000ff54 (0x00178713) addi    a4, a5, 1
core   0: 3 0x000000008000ff54 (0x00178713) x14 0x0000000080012097
core   0: 0x000000008000ff58 (0xfee43023) sd      a4, -32(s0)
core   0: 3 0x000000008000ff58 (0xfee43023) mem 0x0000000080031f50 0x0000000080012097
core   0: 0x000000008000ff5c (0xfc442703) lw      a4, -60(s0)
core   0: 3 0x000000008000ff5c (0xfc442703) x14 0x0000000000000000 mem 0x0000000080031f34
core   0: 0x000000008000ff60 (0x0ff77713) andi    a4, a4, 255
core   0: 3 0x000000008000ff60 (0x0ff77713) x14 0x0000000000000000
core   0: 0x000000008000ff64 (0x00e78023) sb      a4, 0(a5)
core   0: 3 0x000000008000ff64 (0x00e78023) mem 0x0000000080012096 0x00
core   0: 0x000000008000ff68 (0xfc843703) ld      a4, -56(s0)
core   0: 3 0x000000008000ff68 (0xfc843703) x14 0x0000000080012040 mem 0x0000000080031f38
core   0: 0x000000008000ff6c (0xfb843783) ld      a5, -72(s0)
core   0: 3 0x000000008000ff6c (0xfb843783) x15 0x000000000000009c mem 0x0000000080031f28
core   0: 0x000000008000ff70 (0x000097ba) c.add   a5, a4
core   0: 3 0x000000008000ff70 (0x97ba) x15 0x00000000800120dc
core   0: 0x000000008000ff72 (0xfe043703) ld      a4, -32(s0)
core   0: 3 0x000000008000ff72 (0xfe043703) x14 0x0000000080012097 mem 0x0000000080031f50
core   0: 0x000000008000ff76 (0xfcf76de3) bltu    a4, a5, pc - 38
core   0: 3 0x000000008000ff76 (0xfcf76de3)
core   0: 0x000000008000ff50 (0xfe043783) ld      a5, -32(s0)
core   0: 3 0x000000008000ff50 (0xfe043783) x15 0x0000000080012097 mem 0x0000000080031f50
core   0: 0x000000008000ff54 (0x00178713) addi    a4, a5, 1
core   0: 3 0x000000008000ff54 (0x00178713) x14 0x0000000080012098
core   0: 0x000000008000ff58 (0xfee43023) sd      a4, -32(s0)
core   0: 3 0x000000008000ff58 (0xfee43023) mem 0x0000000080031f50 0x0000000080012098
core   0: 0x000000008000ff5c (0xfc442703) lw      a4, -60(s0)
core   0: 3 0x000000008000ff5c (0xfc442703) x14 0x0000000000000000 mem 0x0000000080031f34
core   0: 0x000000008000ff60 (0x0ff77713) andi    a4, a4, 255
core   0: 3 0x000000008000ff60 (0x0ff77713) x14 0x0000000000000000
core   0: 0x000000008000ff64 (0x00e78023) sb      a4, 0(a5)
core   0: 3 0x000000008000ff64 (0x00e78023) mem 0x0000000080012097 0x00
core   0: 0x000000008000ff68 (0xfc843703) ld      a4, -56(s0)
core   0: 3 0x000000008000ff68 (0xfc843703) x14 0x0000000080012040 mem 0x0000000080031f38
core   0: 0x000000008000ff6c (0xfb843783) ld      a5, -72(s0)
core   0: 3 0x000000008000ff6c (0xfb843783) x15 0x000000000000009c mem 0x0000000080031f28
core   0: 0x000000008000ff70 (0x000097ba) c.add   a5, a4
core   0: 3 0x000000008000ff70 (0x97ba) x15 0x00000000800120dc
core   0: 0x000000008000ff72 (0xfe043703) ld      a4, -32(s0)
core   0: 3 0x000000008000ff72 (0xfe043703) x14 0x0000000080012098 mem 0x0000000080031f50
core   0: 0x000000008000ff76 (0xfcf76de3) bltu    a4, a5, pc - 38
core   0: 3 0x000000008000ff76 (0xfcf76de3)
core   0: 0x000000008000ff50 (0xfe043783) ld      a5, -32(s0)
core   0: 3 0x000000008000ff50 (0xfe043783) x15 0x0000000080012098 mem 0x0000000080031f50
core   0: 0x000000008000ff54 (0x00178713) addi    a4, a5, 1
core   0: 3 0x000000008000ff54 (0x00178713) x14 0x0000000080012099
core   0: 0x000000008000ff58 (0xfee43023) sd      a4, -32(s0)
core   0: 3 0x000000008000ff58 (0xfee43023) mem 0x0000000080031f50 0x0000000080012099
core   0: 0x000000008000ff5c (0xfc442703) lw      a4, -60(s0)
core   0: 3 0x000000008000ff5c (0xfc442703) x14 0x0000000000000000 mem 0x0000000080031f34
core   0: 0x000000008000ff60 (0x0ff77713) andi    a4, a4, 255
core   0: 3 0x000000008000ff60 (0x0ff77713) x14 0x0000000000000000
core   0: 0x000000008000ff64 (0x00e78023) sb      a4, 0(a5)
core   0: 3 0x000000008000ff64 (0x00e78023) mem 0x0000000080012098 0x00
core   0: 0x000000008000ff68 (0xfc843703) ld      a4, -56(s0)
core   0: 3 0x000000008000ff68 (0xfc843703) x14 0x0000000080012040 mem 0x0000000080031f38
core   0: 0x000000008000ff6c (0xfb843783) ld      a5, -72(s0)
core   0: 3 0x000000008000ff6c (0xfb843783) x15 0x000000000000009c mem 0x0000000080031f28
core   0: 0x000000008000ff70 (0x000097ba) c.add   a5, a4
core   0: 3 0x000000008000ff70 (0x97ba) x15 0x00000000800120dc
core   0: 0x000000008000ff72 (0xfe043703) ld      a4, -32(s0)
core   0: 3 0x000000008000ff72 (0xfe043703) x14 0x0000000080012099 mem 0x0000000080031f50
core   0: 0x000000008000ff76 (0xfcf76de3) bltu    a4, a5, pc - 38
core   0: 3 0x000000008000ff76 (0xfcf76de3)
core   0: 0x000000008000ff50 (0xfe043783) ld      a5, -32(s0)
core   0: 3 0x000000008000ff50 (0xfe043783) x15 0x0000000080012099 mem 0x0000000080031f50
core   0: 0x000000008000ff54 (0x00178713) addi    a4, a5, 1
core   0: 3 0x000000008000ff54 (0x00178713) x14 0x000000008001209a
core   0: 0x000000008000ff58 (0xfee43023) sd      a4, -32(s0)
core   0: 3 0x000000008000ff58 (0xfee43023) mem 0x0000000080031f50 0x000000008001209a
core   0: 0x000000008000ff5c (0xfc442703) lw      a4, -60(s0)
core   0: 3 0x000000008000ff5c (0xfc442703) x14 0x0000000000000000 mem 0x0000000080031f34
core   0: 0x000000008000ff60 (0x0ff77713) andi    a4, a4, 255
core   0: 3 0x000000008000ff60 (0x0ff77713) x14 0x0000000000000000
core   0: 0x000000008000ff64 (0x00e78023) sb      a4, 0(a5)
core   0: 3 0x000000008000ff64 (0x00e78023) mem 0x0000000080012099 0x00
core   0: 0x000000008000ff68 (0xfc843703) ld      a4, -56(s0)
core   0: 3 0x000000008000ff68 (0xfc843703) x14 0x0000000080012040 mem 0x0000000080031f38
core   0: 0x000000008000ff6c (0xfb843783) ld      a5, -72(s0)
core   0: 3 0x000000008000ff6c (0xfb843783) x15 0x000000000000009c mem 0x0000000080031f28
core   0: 0x000000008000ff70 (0x000097ba) c.add   a5, a4
core   0: 3 0x000000008000ff70 (0x97ba) x15 0x00000000800120dc
core   0: 0x000000008000ff72 (0xfe043703) ld      a4, -32(s0)
core   0: 3 0x000000008000ff72 (0xfe043703) x14 0x000000008001209a mem 0x0000000080031f50
core   0: 0x000000008000ff76 (0xfcf76de3) bltu    a4, a5, pc - 38
core   0: 3 0x000000008000ff76 (0xfcf76de3)
core   0: 0x000000008000ff50 (0xfe043783) ld      a5, -32(s0)
core   0: 3 0x000000008000ff50 (0xfe043783) x15 0x000000008001209a mem 0x0000000080031f50
core   0: 0x000000008000ff54 (0x00178713) addi    a4, a5, 1
core   0: 3 0x000000008000ff54 (0x00178713) x14 0x000000008001209b
core   0: 0x000000008000ff58 (0xfee43023) sd      a4, -32(s0)
core   0: 3 0x000000008000ff58 (0xfee43023) mem 0x0000000080031f50 0x000000008001209b
core   0: 0x000000008000ff5c (0xfc442703) lw      a4, -60(s0)
core   0: 3 0x000000008000ff5c (0xfc442703) x14 0x0000000000000000 mem 0x0000000080031f34
core   0: 0x000000008000ff60 (0x0ff77713) andi    a4, a4, 255
core   0: 3 0x000000008000ff60 (0x0ff77713) x14 0x0000000000000000
core   0: 0x000000008000ff64 (0x00e78023) sb      a4, 0(a5)
core   0: 3 0x000000008000ff64 (0x00e78023) mem 0x000000008001209a 0x00
core   0: 0x000000008000ff68 (0xfc843703) ld      a4, -56(s0)
core   0: 3 0x000000008000ff68 (0xfc843703) x14 0x0000000080012040 mem 0x0000000080031f38
core   0: 0x000000008000ff6c (0xfb843783) ld      a5, -72(s0)
core   0: 3 0x000000008000ff6c (0xfb843783) x15 0x000000000000009c mem 0x0000000080031f28
core   0: 0x000000008000ff70 (0x000097ba) c.add   a5, a4
core   0: 3 0x000000008000ff70 (0x97ba) x15 0x00000000800120dc
core   0: 0x000000008000ff72 (0xfe043703) ld      a4, -32(s0)
core   0: 3 0x000000008000ff72 (0xfe043703) x14 0x000000008001209b mem 0x0000000080031f50
core   0: 0x000000008000ff76 (0xfcf76de3) bltu    a4, a5, pc - 38
core   0: 3 0x000000008000ff76 (0xfcf76de3)
core   0: 0x000000008000ff50 (0xfe043783) ld      a5, -32(s0)
core   0: 3 0x000000008000ff50 (0xfe043783) x15 0x000000008001209b mem 0x0000000080031f50
core   0: 0x000000008000ff54 (0x00178713) addi    a4, a5, 1
core   0: 3 0x000000008000ff54 (0x00178713) x14 0x000000008001209c
core   0: 0x000000008000ff58 (0xfee43023) sd      a4, -32(s0)
core   0: 3 0x000000008000ff58 (0xfee43023) mem 0x0000000080031f50 0x000000008001209c
core   0: 0x000000008000ff5c (0xfc442703) lw      a4, -60(s0)
core   0: 3 0x000000008000ff5c (0xfc442703) x14 0x0000000000000000 mem 0x0000000080031f34
core   0: 0x000000008000ff60 (0x0ff77713) andi    a4, a4, 255
core   0: 3 0x000000008000ff60 (0x0ff77713) x14 0x0000000000000000
core   0: 0x000000008000ff64 (0x00e78023) sb      a4, 0(a5)
core   0: 3 0x000000008000ff64 (0x00e78023) mem 0x000000008001209b 0x00
core   0: 0x000000008000ff68 (0xfc843703) ld      a4, -56(s0)
core   0: 3 0x000000008000ff68 (0xfc843703) x14 0x0000000080012040 mem 0x0000000080031f38
core   0: 0x000000008000ff6c (0xfb843783) ld      a5, -72(s0)
core   0: 3 0x000000008000ff6c (0xfb843783) x15 0x000000000000009c mem 0x0000000080031f28
core   0: 0x000000008000ff70 (0x000097ba) c.add   a5, a4
core   0: 3 0x000000008000ff70 (0x97ba) x15 0x00000000800120dc
core   0: 0x000000008000ff72 (0xfe043703) ld      a4, -32(s0)
core   0: 3 0x000000008000ff72 (0xfe043703) x14 0x000000008001209c mem 0x0000000080031f50
core   0: 0x000000008000ff76 (0xfcf76de3) bltu    a4, a5, pc - 38
core   0: 3 0x000000008000ff76 (0xfcf76de3)
core   0: 0x000000008000ff50 (0xfe043783) ld      a5, -32(s0)
core   0: 3 0x000000008000ff50 (0xfe043783) x15 0x000000008001209c mem 0x0000000080031f50
core   0: 0x000000008000ff54 (0x00178713) addi    a4, a5, 1
core   0: 3 0x000000008000ff54 (0x00178713) x14 0x000000008001209d
core   0: 0x000000008000ff58 (0xfee43023) sd      a4, -32(s0)
core   0: 3 0x000000008000ff58 (0xfee43023) mem 0x0000000080031f50 0x000000008001209d
core   0: 0x000000008000ff5c (0xfc442703) lw      a4, -60(s0)
core   0: 3 0x000000008000ff5c (0xfc442703) x14 0x0000000000000000 mem 0x0000000080031f34
core   0: 0x000000008000ff60 (0x0ff77713) andi    a4, a4, 255
core   0: 3 0x000000008000ff60 (0x0ff77713) x14 0x0000000000000000
core   0: 0x000000008000ff64 (0x00e78023) sb      a4, 0(a5)
core   0: 3 0x000000008000ff64 (0x00e78023) mem 0x000000008001209c 0x00
core   0: 0x000000008000ff68 (0xfc843703) ld      a4, -56(s0)
core   0: 3 0x000000008000ff68 (0xfc843703) x14 0x0000000080012040 mem 0x0000000080031f38
core   0: 0x000000008000ff6c (0xfb843783) ld      a5, -72(s0)
core   0: 3 0x000000008000ff6c (0xfb843783) x15 0x000000000000009c mem 0x0000000080031f28
core   0: 0x000000008000ff70 (0x000097ba) c.add   a5, a4
core   0: 3 0x000000008000ff70 (0x97ba) x15 0x00000000800120dc
core   0: 0x000000008000ff72 (0xfe043703) ld      a4, -32(s0)
core   0: 3 0x000000008000ff72 (0xfe043703) x14 0x000000008001209d mem 0x0000000080031f50
core   0: 0x000000008000ff76 (0xfcf76de3) bltu    a4, a5, pc - 38
core   0: 3 0x000000008000ff76 (0xfcf76de3)
core   0: 0x000000008000ff50 (0xfe043783) ld      a5, -32(s0)
core   0: 3 0x000000008000ff50 (0xfe043783) x15 0x000000008001209d mem 0x0000000080031f50
core   0: 0x000000008000ff54 (0x00178713) addi    a4, a5, 1
core   0: 3 0x000000008000ff54 (0x00178713) x14 0x000000008001209e
core   0: 0x000000008000ff58 (0xfee43023) sd      a4, -32(s0)
core   0: 3 0x000000008000ff58 (0xfee43023) mem 0x0000000080031f50 0x000000008001209e
core   0: 0x000000008000ff5c (0xfc442703) lw      a4, -60(s0)
core   0: 3 0x000000008000ff5c (0xfc442703) x14 0x0000000000000000 mem 0x0000000080031f34
core   0: 0x000000008000ff60 (0x0ff77713) andi    a4, a4, 255
core   0: 3 0x000000008000ff60 (0x0ff77713) x14 0x0000000000000000
core   0: 0x000000008000ff64 (0x00e78023) sb      a4, 0(a5)
core   0: 3 0x000000008000ff64 (0x00e78023) mem 0x000000008001209d 0x00
core   0: 0x000000008000ff68 (0xfc843703) ld      a4, -56(s0)
core   0: 3 0x000000008000ff68 (0xfc843703) x14 0x0000000080012040 mem 0x0000000080031f38
core   0: 0x000000008000ff6c (0xfb843783) ld      a5, -72(s0)
core   0: 3 0x000000008000ff6c (0xfb843783) x15 0x000000000000009c mem 0x0000000080031f28
core   0: 0x000000008000ff70 (0x000097ba) c.add   a5, a4
core   0: 3 0x000000008000ff70 (0x97ba) x15 0x00000000800120dc
core   0: 0x000000008000ff72 (0xfe043703) ld      a4, -32(s0)
core   0: 3 0x000000008000ff72 (0xfe043703) x14 0x000000008001209e mem 0x0000000080031f50
core   0: 0x000000008000ff76 (0xfcf76de3) bltu    a4, a5, pc - 38
core   0: 3 0x000000008000ff76 (0xfcf76de3)
core   0: 0x000000008000ff50 (0xfe043783) ld      a5, -32(s0)
core   0: 3 0x000000008000ff50 (0xfe043783) x15 0x000000008001209e mem 0x0000000080031f50
core   0: 0x000000008000ff54 (0x00178713) addi    a4, a5, 1
core   0: 3 0x000000008000ff54 (0x00178713) x14 0x000000008001209f
core   0: 0x000000008000ff58 (0xfee43023) sd      a4, -32(s0)
core   0: 3 0x000000008000ff58 (0xfee43023) mem 0x0000000080031f50 0x000000008001209f
core   0: 0x000000008000ff5c (0xfc442703) lw      a4, -60(s0)
core   0: 3 0x000000008000ff5c (0xfc442703) x14 0x0000000000000000 mem 0x0000000080031f34
core   0: 0x000000008000ff60 (0x0ff77713) andi    a4, a4, 255
core   0: 3 0x000000008000ff60 (0x0ff77713) x14 0x0000000000000000
core   0: 0x000000008000ff64 (0x00e78023) sb      a4, 0(a5)
core   0: 3 0x000000008000ff64 (0x00e78023) mem 0x000000008001209e 0x00
core   0: 0x000000008000ff68 (0xfc843703) ld      a4, -56(s0)
core   0: 3 0x000000008000ff68 (0xfc843703) x14 0x0000000080012040 mem 0x0000000080031f38
core   0: 0x000000008000ff6c (0xfb843783) ld      a5, -72(s0)
core   0: 3 0x000000008000ff6c (0xfb843783) x15 0x000000000000009c mem 0x0000000080031f28
core   0: 0x000000008000ff70 (0x000097ba) c.add   a5, a4
core   0: 3 0x000000008000ff70 (0x97ba) x15 0x00000000800120dc
core   0: 0x000000008000ff72 (0xfe043703) ld      a4, -32(s0)
core   0: 3 0x000000008000ff72 (0xfe043703) x14 0x000000008001209f mem 0x0000000080031f50
core   0: 0x000000008000ff76 (0xfcf76de3) bltu    a4, a5, pc - 38
core   0: 3 0x000000008000ff76 (0xfcf76de3)
core   0: 0x000000008000ff50 (0xfe043783) ld      a5, -32(s0)
core   0: 3 0x000000008000ff50 (0xfe043783) x15 0x000000008001209f mem 0x0000000080031f50
core   0: 0x000000008000ff54 (0x00178713) addi    a4, a5, 1
core   0: 3 0x000000008000ff54 (0x00178713) x14 0x00000000800120a0
core   0: 0x000000008000ff58 (0xfee43023) sd      a4, -32(s0)
core   0: 3 0x000000008000ff58 (0xfee43023) mem 0x0000000080031f50 0x00000000800120a0
core   0: 0x000000008000ff5c (0xfc442703) lw      a4, -60(s0)
core   0: 3 0x000000008000ff5c (0xfc442703) x14 0x0000000000000000 mem 0x0000000080031f34
core   0: 0x000000008000ff60 (0x0ff77713) andi    a4, a4, 255
core   0: 3 0x000000008000ff60 (0x0ff77713) x14 0x0000000000000000
core   0: 0x000000008000ff64 (0x00e78023) sb      a4, 0(a5)
core   0: 3 0x000000008000ff64 (0x00e78023) mem 0x000000008001209f 0x00
core   0: 0x000000008000ff68 (0xfc843703) ld      a4, -56(s0)
core   0: 3 0x000000008000ff68 (0xfc843703) x14 0x0000000080012040 mem 0x0000000080031f38
core   0: 0x000000008000ff6c (0xfb843783) ld      a5, -72(s0)
core   0: 3 0x000000008000ff6c (0xfb843783) x15 0x000000000000009c mem 0x0000000080031f28
core   0: 0x000000008000ff70 (0x000097ba) c.add   a5, a4
core   0: 3 0x000000008000ff70 (0x97ba) x15 0x00000000800120dc
core   0: 0x000000008000ff72 (0xfe043703) ld      a4, -32(s0)
core   0: 3 0x000000008000ff72 (0xfe043703) x14 0x00000000800120a0 mem 0x0000000080031f50
core   0: 0x000000008000ff76 (0xfcf76de3) bltu    a4, a5, pc - 38
core   0: 3 0x000000008000ff76 (0xfcf76de3)
core   0: 0x000000008000ff50 (0xfe043783) ld      a5, -32(s0)
core   0: 3 0x000000008000ff50 (0xfe043783) x15 0x00000000800120a0 mem 0x0000000080031f50
core   0: 0x000000008000ff54 (0x00178713) addi    a4, a5, 1
core   0: 3 0x000000008000ff54 (0x00178713) x14 0x00000000800120a1
core   0: 0x000000008000ff58 (0xfee43023) sd      a4, -32(s0)
core   0: 3 0x000000008000ff58 (0xfee43023) mem 0x0000000080031f50 0x00000000800120a1
core   0: 0x000000008000ff5c (0xfc442703) lw      a4, -60(s0)
core   0: 3 0x000000008000ff5c (0xfc442703) x14 0x0000000000000000 mem 0x0000000080031f34
core   0: 0x000000008000ff60 (0x0ff77713) andi    a4, a4, 255
core   0: 3 0x000000008000ff60 (0x0ff77713) x14 0x0000000000000000
core   0: 0x000000008000ff64 (0x00e78023) sb      a4, 0(a5)
core   0: 3 0x000000008000ff64 (0x00e78023) mem 0x00000000800120a0 0x00
core   0: 0x000000008000ff68 (0xfc843703) ld      a4, -56(s0)
core   0: 3 0x000000008000ff68 (0xfc843703) x14 0x0000000080012040 mem 0x0000000080031f38
core   0: 0x000000008000ff6c (0xfb843783) ld      a5, -72(s0)
core   0: 3 0x000000008000ff6c (0xfb843783) x15 0x000000000000009c mem 0x0000000080031f28
core   0: 0x000000008000ff70 (0x000097ba) c.add   a5, a4
core   0: 3 0x000000008000ff70 (0x97ba) x15 0x00000000800120dc
core   0: 0x000000008000ff72 (0xfe043703) ld      a4, -32(s0)
core   0: 3 0x000000008000ff72 (0xfe043703) x14 0x00000000800120a1 mem 0x0000000080031f50
core   0: 0x000000008000ff76 (0xfcf76de3) bltu    a4, a5, pc - 38
core   0: 3 0x000000008000ff76 (0xfcf76de3)
core   0: 0x000000008000ff50 (0xfe043783) ld      a5, -32(s0)
core   0: 3 0x000000008000ff50 (0xfe043783) x15 0x00000000800120a1 mem 0x0000000080031f50
core   0: 0x000000008000ff54 (0x00178713) addi    a4, a5, 1
core   0: 3 0x000000008000ff54 (0x00178713) x14 0x00000000800120a2
core   0: 0x000000008000ff58 (0xfee43023) sd      a4, -32(s0)
core   0: 3 0x000000008000ff58 (0xfee43023) mem 0x0000000080031f50 0x00000000800120a2
core   0: 0x000000008000ff5c (0xfc442703) lw      a4, -60(s0)
core   0: 3 0x000000008000ff5c (0xfc442703) x14 0x0000000000000000 mem 0x0000000080031f34
core   0: 0x000000008000ff60 (0x0ff77713) andi    a4, a4, 255
core   0: 3 0x000000008000ff60 (0x0ff77713) x14 0x0000000000000000
core   0: 0x000000008000ff64 (0x00e78023) sb      a4, 0(a5)
core   0: 3 0x000000008000ff64 (0x00e78023) mem 0x00000000800120a1 0x00
core   0: 0x000000008000ff68 (0xfc843703) ld      a4, -56(s0)
core   0: 3 0x000000008000ff68 (0xfc843703) x14 0x0000000080012040 mem 0x0000000080031f38
core   0: 0x000000008000ff6c (0xfb843783) ld      a5, -72(s0)
core   0: 3 0x000000008000ff6c (0xfb843783) x15 0x000000000000009c mem 0x0000000080031f28
core   0: 0x000000008000ff70 (0x000097ba) c.add   a5, a4
core   0: 3 0x000000008000ff70 (0x97ba) x15 0x00000000800120dc
core   0: 0x000000008000ff72 (0xfe043703) ld      a4, -32(s0)
core   0: 3 0x000000008000ff72 (0xfe043703) x14 0x00000000800120a2 mem 0x0000000080031f50
core   0: 0x000000008000ff76 (0xfcf76de3) bltu    a4, a5, pc - 38
core   0: 3 0x000000008000ff76 (0xfcf76de3)
core   0: 0x000000008000ff50 (0xfe043783) ld      a5, -32(s0)
core   0: 3 0x000000008000ff50 (0xfe043783) x15 0x00000000800120a2 mem 0x0000000080031f50
core   0: 0x000000008000ff54 (0x00178713) addi    a4, a5, 1
core   0: 3 0x000000008000ff54 (0x00178713) x14 0x00000000800120a3
core   0: 0x000000008000ff58 (0xfee43023) sd      a4, -32(s0)
core   0: 3 0x000000008000ff58 (0xfee43023) mem 0x0000000080031f50 0x00000000800120a3
core   0: 0x000000008000ff5c (0xfc442703) lw      a4, -60(s0)
core   0: 3 0x000000008000ff5c (0xfc442703) x14 0x0000000000000000 mem 0x0000000080031f34
core   0: 0x000000008000ff60 (0x0ff77713) andi    a4, a4, 255
core   0: 3 0x000000008000ff60 (0x0ff77713) x14 0x0000000000000000
core   0: 0x000000008000ff64 (0x00e78023) sb      a4, 0(a5)
core   0: 3 0x000000008000ff64 (0x00e78023) mem 0x00000000800120a2 0x00
core   0: 0x000000008000ff68 (0xfc843703) ld      a4, -56(s0)
core   0: 3 0x000000008000ff68 (0xfc843703) x14 0x0000000080012040 mem 0x0000000080031f38
core   0: 0x000000008000ff6c (0xfb843783) ld      a5, -72(s0)
core   0: 3 0x000000008000ff6c (0xfb843783) x15 0x000000000000009c mem 0x0000000080031f28
core   0: 0x000000008000ff70 (0x000097ba) c.add   a5, a4
core   0: 3 0x000000008000ff70 (0x97ba) x15 0x00000000800120dc
core   0: 0x000000008000ff72 (0xfe043703) ld      a4, -32(s0)
core   0: 3 0x000000008000ff72 (0xfe043703) x14 0x00000000800120a3 mem 0x0000000080031f50
core   0: 0x000000008000ff76 (0xfcf76de3) bltu    a4, a5, pc - 38
core   0: 3 0x000000008000ff76 (0xfcf76de3)
core   0: 0x000000008000ff50 (0xfe043783) ld      a5, -32(s0)
core   0: 3 0x000000008000ff50 (0xfe043783) x15 0x00000000800120a3 mem 0x0000000080031f50
core   0: 0x000000008000ff54 (0x00178713) addi    a4, a5, 1
core   0: 3 0x000000008000ff54 (0x00178713) x14 0x00000000800120a4
core   0: 0x000000008000ff58 (0xfee43023) sd      a4, -32(s0)
core   0: 3 0x000000008000ff58 (0xfee43023) mem 0x0000000080031f50 0x00000000800120a4
core   0: 0x000000008000ff5c (0xfc442703) lw      a4, -60(s0)
core   0: 3 0x000000008000ff5c (0xfc442703) x14 0x0000000000000000 mem 0x0000000080031f34
core   0: 0x000000008000ff60 (0x0ff77713) andi    a4, a4, 255
core   0: 3 0x000000008000ff60 (0x0ff77713) x14 0x0000000000000000
core   0: 0x000000008000ff64 (0x00e78023) sb      a4, 0(a5)
core   0: 3 0x000000008000ff64 (0x00e78023) mem 0x00000000800120a3 0x00
core   0: 0x000000008000ff68 (0xfc843703) ld      a4, -56(s0)
core   0: 3 0x000000008000ff68 (0xfc843703) x14 0x0000000080012040 mem 0x0000000080031f38
core   0: 0x000000008000ff6c (0xfb843783) ld      a5, -72(s0)
core   0: 3 0x000000008000ff6c (0xfb843783) x15 0x000000000000009c mem 0x0000000080031f28
core   0: 0x000000008000ff70 (0x000097ba) c.add   a5, a4
core   0: 3 0x000000008000ff70 (0x97ba) x15 0x00000000800120dc
core   0: 0x000000008000ff72 (0xfe043703) ld      a4, -32(s0)
core   0: 3 0x000000008000ff72 (0xfe043703) x14 0x00000000800120a4 mem 0x0000000080031f50
core   0: 0x000000008000ff76 (0xfcf76de3) bltu    a4, a5, pc - 38
core   0: 3 0x000000008000ff76 (0xfcf76de3)
core   0: 0x000000008000ff50 (0xfe043783) ld      a5, -32(s0)
core   0: 3 0x000000008000ff50 (0xfe043783) x15 0x00000000800120a4 mem 0x0000000080031f50
core   0: 0x000000008000ff54 (0x00178713) addi    a4, a5, 1
core   0: 3 0x000000008000ff54 (0x00178713) x14 0x00000000800120a5
core   0: 0x000000008000ff58 (0xfee43023) sd      a4, -32(s0)
core   0: 3 0x000000008000ff58 (0xfee43023) mem 0x0000000080031f50 0x00000000800120a5
core   0: 0x000000008000ff5c (0xfc442703) lw      a4, -60(s0)
core   0: 3 0x000000008000ff5c (0xfc442703) x14 0x0000000000000000 mem 0x0000000080031f34
core   0: 0x000000008000ff60 (0x0ff77713) andi    a4, a4, 255
core   0: 3 0x000000008000ff60 (0x0ff77713) x14 0x0000000000000000
core   0: 0x000000008000ff64 (0x00e78023) sb      a4, 0(a5)
core   0: 3 0x000000008000ff64 (0x00e78023) mem 0x00000000800120a4 0x00
core   0: 0x000000008000ff68 (0xfc843703) ld      a4, -56(s0)
core   0: 3 0x000000008000ff68 (0xfc843703) x14 0x0000000080012040 mem 0x0000000080031f38
core   0: 0x000000008000ff6c (0xfb843783) ld      a5, -72(s0)
core   0: 3 0x000000008000ff6c (0xfb843783) x15 0x000000000000009c mem 0x0000000080031f28
core   0: 0x000000008000ff70 (0x000097ba) c.add   a5, a4
core   0: 3 0x000000008000ff70 (0x97ba) x15 0x00000000800120dc
core   0: 0x000000008000ff72 (0xfe043703) ld      a4, -32(s0)
core   0: 3 0x000000008000ff72 (0xfe043703) x14 0x00000000800120a5 mem 0x0000000080031f50
core   0: 0x000000008000ff76 (0xfcf76de3) bltu    a4, a5, pc - 38
core   0: 3 0x000000008000ff76 (0xfcf76de3)
core   0: 0x000000008000ff50 (0xfe043783) ld      a5, -32(s0)
core   0: 3 0x000000008000ff50 (0xfe043783) x15 0x00000000800120a5 mem 0x0000000080031f50
core   0: 0x000000008000ff54 (0x00178713) addi    a4, a5, 1
core   0: 3 0x000000008000ff54 (0x00178713) x14 0x00000000800120a6
core   0: 0x000000008000ff58 (0xfee43023) sd      a4, -32(s0)
core   0: 3 0x000000008000ff58 (0xfee43023) mem 0x0000000080031f50 0x00000000800120a6
core   0: 0x000000008000ff5c (0xfc442703) lw      a4, -60(s0)
core   0: 3 0x000000008000ff5c (0xfc442703) x14 0x0000000000000000 mem 0x0000000080031f34
core   0: 0x000000008000ff60 (0x0ff77713) andi    a4, a4, 255
core   0: 3 0x000000008000ff60 (0x0ff77713) x14 0x0000000000000000
core   0: 0x000000008000ff64 (0x00e78023) sb      a4, 0(a5)
core   0: 3 0x000000008000ff64 (0x00e78023) mem 0x00000000800120a5 0x00
core   0: 0x000000008000ff68 (0xfc843703) ld      a4, -56(s0)
core   0: 3 0x000000008000ff68 (0xfc843703) x14 0x0000000080012040 mem 0x0000000080031f38
core   0: 0x000000008000ff6c (0xfb843783) ld      a5, -72(s0)
core   0: 3 0x000000008000ff6c (0xfb843783) x15 0x000000000000009c mem 0x0000000080031f28
core   0: 0x000000008000ff70 (0x000097ba) c.add   a5, a4
core   0: 3 0x000000008000ff70 (0x97ba) x15 0x00000000800120dc
core   0: 0x000000008000ff72 (0xfe043703) ld      a4, -32(s0)
core   0: 3 0x000000008000ff72 (0xfe043703) x14 0x00000000800120a6 mem 0x0000000080031f50
core   0: 0x000000008000ff76 (0xfcf76de3) bltu    a4, a5, pc - 38
core   0: 3 0x000000008000ff76 (0xfcf76de3)
core   0: 0x000000008000ff50 (0xfe043783) ld      a5, -32(s0)
core   0: 3 0x000000008000ff50 (0xfe043783) x15 0x00000000800120a6 mem 0x0000000080031f50
core   0: 0x000000008000ff54 (0x00178713) addi    a4, a5, 1
core   0: 3 0x000000008000ff54 (0x00178713) x14 0x00000000800120a7
core   0: 0x000000008000ff58 (0xfee43023) sd      a4, -32(s0)
core   0: 3 0x000000008000ff58 (0xfee43023) mem 0x0000000080031f50 0x00000000800120a7
core   0: 0x000000008000ff5c (0xfc442703) lw      a4, -60(s0)
core   0: 3 0x000000008000ff5c (0xfc442703) x14 0x0000000000000000 mem 0x0000000080031f34
core   0: 0x000000008000ff60 (0x0ff77713) andi    a4, a4, 255
core   0: 3 0x000000008000ff60 (0x0ff77713) x14 0x0000000000000000
core   0: 0x000000008000ff64 (0x00e78023) sb      a4, 0(a5)
core   0: 3 0x000000008000ff64 (0x00e78023) mem 0x00000000800120a6 0x00
core   0: 0x000000008000ff68 (0xfc843703) ld      a4, -56(s0)
core   0: 3 0x000000008000ff68 (0xfc843703) x14 0x0000000080012040 mem 0x0000000080031f38
core   0: 0x000000008000ff6c (0xfb843783) ld      a5, -72(s0)
core   0: 3 0x000000008000ff6c (0xfb843783) x15 0x000000000000009c mem 0x0000000080031f28
core   0: 0x000000008000ff70 (0x000097ba) c.add   a5, a4
core   0: 3 0x000000008000ff70 (0x97ba) x15 0x00000000800120dc
core   0: 0x000000008000ff72 (0xfe043703) ld      a4, -32(s0)
core   0: 3 0x000000008000ff72 (0xfe043703) x14 0x00000000800120a7 mem 0x0000000080031f50
core   0: 0x000000008000ff76 (0xfcf76de3) bltu    a4, a5, pc - 38
core   0: 3 0x000000008000ff76 (0xfcf76de3)
core   0: 0x000000008000ff50 (0xfe043783) ld      a5, -32(s0)
core   0: 3 0x000000008000ff50 (0xfe043783) x15 0x00000000800120a7 mem 0x0000000080031f50
core   0: 0x000000008000ff54 (0x00178713) addi    a4, a5, 1
core   0: 3 0x000000008000ff54 (0x00178713) x14 0x00000000800120a8
core   0: 0x000000008000ff58 (0xfee43023) sd      a4, -32(s0)
core   0: 3 0x000000008000ff58 (0xfee43023) mem 0x0000000080031f50 0x00000000800120a8
core   0: 0x000000008000ff5c (0xfc442703) lw      a4, -60(s0)
core   0: 3 0x000000008000ff5c (0xfc442703) x14 0x0000000000000000 mem 0x0000000080031f34
core   0: 0x000000008000ff60 (0x0ff77713) andi    a4, a4, 255
core   0: 3 0x000000008000ff60 (0x0ff77713) x14 0x0000000000000000
core   0: 0x000000008000ff64 (0x00e78023) sb      a4, 0(a5)
core   0: 3 0x000000008000ff64 (0x00e78023) mem 0x00000000800120a7 0x00
core   0: 0x000000008000ff68 (0xfc843703) ld      a4, -56(s0)
core   0: 3 0x000000008000ff68 (0xfc843703) x14 0x0000000080012040 mem 0x0000000080031f38
core   0: 0x000000008000ff6c (0xfb843783) ld      a5, -72(s0)
core   0: 3 0x000000008000ff6c (0xfb843783) x15 0x000000000000009c mem 0x0000000080031f28
core   0: 0x000000008000ff70 (0x000097ba) c.add   a5, a4
core   0: 3 0x000000008000ff70 (0x97ba) x15 0x00000000800120dc
core   0: 0x000000008000ff72 (0xfe043703) ld      a4, -32(s0)
core   0: 3 0x000000008000ff72 (0xfe043703) x14 0x00000000800120a8 mem 0x0000000080031f50
core   0: 0x000000008000ff76 (0xfcf76de3) bltu    a4, a5, pc - 38
core   0: 3 0x000000008000ff76 (0xfcf76de3)
core   0: 0x000000008000ff50 (0xfe043783) ld      a5, -32(s0)
core   0: 3 0x000000008000ff50 (0xfe043783) x15 0x00000000800120a8 mem 0x0000000080031f50
core   0: 0x000000008000ff54 (0x00178713) addi    a4, a5, 1
core   0: 3 0x000000008000ff54 (0x00178713) x14 0x00000000800120a9
core   0: 0x000000008000ff58 (0xfee43023) sd      a4, -32(s0)
core   0: 3 0x000000008000ff58 (0xfee43023) mem 0x0000000080031f50 0x00000000800120a9
core   0: 0x000000008000ff5c (0xfc442703) lw      a4, -60(s0)
core   0: 3 0x000000008000ff5c (0xfc442703) x14 0x0000000000000000 mem 0x0000000080031f34
core   0: 0x000000008000ff60 (0x0ff77713) andi    a4, a4, 255
core   0: 3 0x000000008000ff60 (0x0ff77713) x14 0x0000000000000000
core   0: 0x000000008000ff64 (0x00e78023) sb      a4, 0(a5)
core   0: 3 0x000000008000ff64 (0x00e78023) mem 0x00000000800120a8 0x00
core   0: 0x000000008000ff68 (0xfc843703) ld      a4, -56(s0)
core   0: 3 0x000000008000ff68 (0xfc843703) x14 0x0000000080012040 mem 0x0000000080031f38
core   0: 0x000000008000ff6c (0xfb843783) ld      a5, -72(s0)
core   0: 3 0x000000008000ff6c (0xfb843783) x15 0x000000000000009c mem 0x0000000080031f28
core   0: 0x000000008000ff70 (0x000097ba) c.add   a5, a4
core   0: 3 0x000000008000ff70 (0x97ba) x15 0x00000000800120dc
core   0: 0x000000008000ff72 (0xfe043703) ld      a4, -32(s0)
core   0: 3 0x000000008000ff72 (0xfe043703) x14 0x00000000800120a9 mem 0x0000000080031f50
core   0: 0x000000008000ff76 (0xfcf76de3) bltu    a4, a5, pc - 38
core   0: 3 0x000000008000ff76 (0xfcf76de3)
core   0: 0x000000008000ff50 (0xfe043783) ld      a5, -32(s0)
core   0: 3 0x000000008000ff50 (0xfe043783) x15 0x00000000800120a9 mem 0x0000000080031f50
core   0: 0x000000008000ff54 (0x00178713) addi    a4, a5, 1
core   0: 3 0x000000008000ff54 (0x00178713) x14 0x00000000800120aa
core   0: 0x000000008000ff58 (0xfee43023) sd      a4, -32(s0)
core   0: 3 0x000000008000ff58 (0xfee43023) mem 0x0000000080031f50 0x00000000800120aa
core   0: 0x000000008000ff5c (0xfc442703) lw      a4, -60(s0)
core   0: 3 0x000000008000ff5c (0xfc442703) x14 0x0000000000000000 mem 0x0000000080031f34
core   0: 0x000000008000ff60 (0x0ff77713) andi    a4, a4, 255
core   0: 3 0x000000008000ff60 (0x0ff77713) x14 0x0000000000000000
core   0: 0x000000008000ff64 (0x00e78023) sb      a4, 0(a5)
core   0: 3 0x000000008000ff64 (0x00e78023) mem 0x00000000800120a9 0x00
core   0: 0x000000008000ff68 (0xfc843703) ld      a4, -56(s0)
core   0: 3 0x000000008000ff68 (0xfc843703) x14 0x0000000080012040 mem 0x0000000080031f38
core   0: 0x000000008000ff6c (0xfb843783) ld      a5, -72(s0)
core   0: 3 0x000000008000ff6c (0xfb843783) x15 0x000000000000009c mem 0x0000000080031f28
core   0: 0x000000008000ff70 (0x000097ba) c.add   a5, a4
core   0: 3 0x000000008000ff70 (0x97ba) x15 0x00000000800120dc
core   0: 0x000000008000ff72 (0xfe043703) ld      a4, -32(s0)
core   0: 3 0x000000008000ff72 (0xfe043703) x14 0x00000000800120aa mem 0x0000000080031f50
core   0: 0x000000008000ff76 (0xfcf76de3) bltu    a4, a5, pc - 38
core   0: 3 0x000000008000ff76 (0xfcf76de3)
core   0: 0x000000008000ff50 (0xfe043783) ld      a5, -32(s0)
core   0: 3 0x000000008000ff50 (0xfe043783) x15 0x00000000800120aa mem 0x0000000080031f50
core   0: 0x000000008000ff54 (0x00178713) addi    a4, a5, 1
core   0: 3 0x000000008000ff54 (0x00178713) x14 0x00000000800120ab
core   0: 0x000000008000ff58 (0xfee43023) sd      a4, -32(s0)
core   0: 3 0x000000008000ff58 (0xfee43023) mem 0x0000000080031f50 0x00000000800120ab
core   0: 0x000000008000ff5c (0xfc442703) lw      a4, -60(s0)
core   0: 3 0x000000008000ff5c (0xfc442703) x14 0x0000000000000000 mem 0x0000000080031f34
core   0: 0x000000008000ff60 (0x0ff77713) andi    a4, a4, 255
core   0: 3 0x000000008000ff60 (0x0ff77713) x14 0x0000000000000000
core   0: 0x000000008000ff64 (0x00e78023) sb      a4, 0(a5)
core   0: 3 0x000000008000ff64 (0x00e78023) mem 0x00000000800120aa 0x00
core   0: 0x000000008000ff68 (0xfc843703) ld      a4, -56(s0)
core   0: 3 0x000000008000ff68 (0xfc843703) x14 0x0000000080012040 mem 0x0000000080031f38
core   0: 0x000000008000ff6c (0xfb843783) ld      a5, -72(s0)
core   0: 3 0x000000008000ff6c (0xfb843783) x15 0x000000000000009c mem 0x0000000080031f28
core   0: 0x000000008000ff70 (0x000097ba) c.add   a5, a4
core   0: 3 0x000000008000ff70 (0x97ba) x15 0x00000000800120dc
core   0: 0x000000008000ff72 (0xfe043703) ld      a4, -32(s0)
core   0: 3 0x000000008000ff72 (0xfe043703) x14 0x00000000800120ab mem 0x0000000080031f50
core   0: 0x000000008000ff76 (0xfcf76de3) bltu    a4, a5, pc - 38
core   0: 3 0x000000008000ff76 (0xfcf76de3)
core   0: 0x000000008000ff50 (0xfe043783) ld      a5, -32(s0)
core   0: 3 0x000000008000ff50 (0xfe043783) x15 0x00000000800120ab mem 0x0000000080031f50
core   0: 0x000000008000ff54 (0x00178713) addi    a4, a5, 1
core   0: 3 0x000000008000ff54 (0x00178713) x14 0x00000000800120ac
core   0: 0x000000008000ff58 (0xfee43023) sd      a4, -32(s0)
core   0: 3 0x000000008000ff58 (0xfee43023) mem 0x0000000080031f50 0x00000000800120ac
core   0: 0x000000008000ff5c (0xfc442703) lw      a4, -60(s0)
core   0: 3 0x000000008000ff5c (0xfc442703) x14 0x0000000000000000 mem 0x0000000080031f34
core   0: 0x000000008000ff60 (0x0ff77713) andi    a4, a4, 255
core   0: 3 0x000000008000ff60 (0x0ff77713) x14 0x0000000000000000
core   0: 0x000000008000ff64 (0x00e78023) sb      a4, 0(a5)
core   0: 3 0x000000008000ff64 (0x00e78023) mem 0x00000000800120ab 0x00
core   0: 0x000000008000ff68 (0xfc843703) ld      a4, -56(s0)
core   0: 3 0x000000008000ff68 (0xfc843703) x14 0x0000000080012040 mem 0x0000000080031f38
core   0: 0x000000008000ff6c (0xfb843783) ld      a5, -72(s0)
core   0: 3 0x000000008000ff6c (0xfb843783) x15 0x000000000000009c mem 0x0000000080031f28
core   0: 0x000000008000ff70 (0x000097ba) c.add   a5, a4
core   0: 3 0x000000008000ff70 (0x97ba) x15 0x00000000800120dc
core   0: 0x000000008000ff72 (0xfe043703) ld      a4, -32(s0)
core   0: 3 0x000000008000ff72 (0xfe043703) x14 0x00000000800120ac mem 0x0000000080031f50
core   0: 0x000000008000ff76 (0xfcf76de3) bltu    a4, a5, pc - 38
core   0: 3 0x000000008000ff76 (0xfcf76de3)
core   0: 0x000000008000ff50 (0xfe043783) ld      a5, -32(s0)
core   0: 3 0x000000008000ff50 (0xfe043783) x15 0x00000000800120ac mem 0x0000000080031f50
core   0: 0x000000008000ff54 (0x00178713) addi    a4, a5, 1
core   0: 3 0x000000008000ff54 (0x00178713) x14 0x00000000800120ad
core   0: 0x000000008000ff58 (0xfee43023) sd      a4, -32(s0)
core   0: 3 0x000000008000ff58 (0xfee43023) mem 0x0000000080031f50 0x00000000800120ad
core   0: 0x000000008000ff5c (0xfc442703) lw      a4, -60(s0)
core   0: 3 0x000000008000ff5c (0xfc442703) x14 0x0000000000000000 mem 0x0000000080031f34
core   0: 0x000000008000ff60 (0x0ff77713) andi    a4, a4, 255
core   0: 3 0x000000008000ff60 (0x0ff77713) x14 0x0000000000000000
core   0: 0x000000008000ff64 (0x00e78023) sb      a4, 0(a5)
core   0: 3 0x000000008000ff64 (0x00e78023) mem 0x00000000800120ac 0x00
core   0: 0x000000008000ff68 (0xfc843703) ld      a4, -56(s0)
core   0: 3 0x000000008000ff68 (0xfc843703) x14 0x0000000080012040 mem 0x0000000080031f38
core   0: 0x000000008000ff6c (0xfb843783) ld      a5, -72(s0)
core   0: 3 0x000000008000ff6c (0xfb843783) x15 0x000000000000009c mem 0x0000000080031f28
core   0: 0x000000008000ff70 (0x000097ba) c.add   a5, a4
core   0: 3 0x000000008000ff70 (0x97ba) x15 0x00000000800120dc
core   0: 0x000000008000ff72 (0xfe043703) ld      a4, -32(s0)
core   0: 3 0x000000008000ff72 (0xfe043703) x14 0x00000000800120ad mem 0x0000000080031f50
core   0: 0x000000008000ff76 (0xfcf76de3) bltu    a4, a5, pc - 38
core   0: 3 0x000000008000ff76 (0xfcf76de3)
core   0: 0x000000008000ff50 (0xfe043783) ld      a5, -32(s0)
core   0: 3 0x000000008000ff50 (0xfe043783) x15 0x00000000800120ad mem 0x0000000080031f50
core   0: 0x000000008000ff54 (0x00178713) addi    a4, a5, 1
core   0: 3 0x000000008000ff54 (0x00178713) x14 0x00000000800120ae
core   0: 0x000000008000ff58 (0xfee43023) sd      a4, -32(s0)
core   0: 3 0x000000008000ff58 (0xfee43023) mem 0x0000000080031f50 0x00000000800120ae
core   0: 0x000000008000ff5c (0xfc442703) lw      a4, -60(s0)
core   0: 3 0x000000008000ff5c (0xfc442703) x14 0x0000000000000000 mem 0x0000000080031f34
core   0: 0x000000008000ff60 (0x0ff77713) andi    a4, a4, 255
core   0: 3 0x000000008000ff60 (0x0ff77713) x14 0x0000000000000000
core   0: 0x000000008000ff64 (0x00e78023) sb      a4, 0(a5)
core   0: 3 0x000000008000ff64 (0x00e78023) mem 0x00000000800120ad 0x00
core   0: 0x000000008000ff68 (0xfc843703) ld      a4, -56(s0)
core   0: 3 0x000000008000ff68 (0xfc843703) x14 0x0000000080012040 mem 0x0000000080031f38
core   0: 0x000000008000ff6c (0xfb843783) ld      a5, -72(s0)
core   0: 3 0x000000008000ff6c (0xfb843783) x15 0x000000000000009c mem 0x0000000080031f28
core   0: 0x000000008000ff70 (0x000097ba) c.add   a5, a4
core   0: 3 0x000000008000ff70 (0x97ba) x15 0x00000000800120dc
core   0: 0x000000008000ff72 (0xfe043703) ld      a4, -32(s0)
core   0: 3 0x000000008000ff72 (0xfe043703) x14 0x00000000800120ae mem 0x0000000080031f50
core   0: 0x000000008000ff76 (0xfcf76de3) bltu    a4, a5, pc - 38
core   0: 3 0x000000008000ff76 (0xfcf76de3)
core   0: 0x000000008000ff50 (0xfe043783) ld      a5, -32(s0)
core   0: 3 0x000000008000ff50 (0xfe043783) x15 0x00000000800120ae mem 0x0000000080031f50
core   0: 0x000000008000ff54 (0x00178713) addi    a4, a5, 1
core   0: 3 0x000000008000ff54 (0x00178713) x14 0x00000000800120af
core   0: 0x000000008000ff58 (0xfee43023) sd      a4, -32(s0)
core   0: 3 0x000000008000ff58 (0xfee43023) mem 0x0000000080031f50 0x00000000800120af
core   0: 0x000000008000ff5c (0xfc442703) lw      a4, -60(s0)
core   0: 3 0x000000008000ff5c (0xfc442703) x14 0x0000000000000000 mem 0x0000000080031f34
core   0: 0x000000008000ff60 (0x0ff77713) andi    a4, a4, 255
core   0: 3 0x000000008000ff60 (0x0ff77713) x14 0x0000000000000000
core   0: 0x000000008000ff64 (0x00e78023) sb      a4, 0(a5)
core   0: 3 0x000000008000ff64 (0x00e78023) mem 0x00000000800120ae 0x00
core   0: 0x000000008000ff68 (0xfc843703) ld      a4, -56(s0)
core   0: 3 0x000000008000ff68 (0xfc843703) x14 0x0000000080012040 mem 0x0000000080031f38
core   0: 0x000000008000ff6c (0xfb843783) ld      a5, -72(s0)
core   0: 3 0x000000008000ff6c (0xfb843783) x15 0x000000000000009c mem 0x0000000080031f28
core   0: 0x000000008000ff70 (0x000097ba) c.add   a5, a4
core   0: 3 0x000000008000ff70 (0x97ba) x15 0x00000000800120dc
core   0: 0x000000008000ff72 (0xfe043703) ld      a4, -32(s0)
core   0: 3 0x000000008000ff72 (0xfe043703) x14 0x00000000800120af mem 0x0000000080031f50
core   0: 0x000000008000ff76 (0xfcf76de3) bltu    a4, a5, pc - 38
core   0: 3 0x000000008000ff76 (0xfcf76de3)
core   0: 0x000000008000ff50 (0xfe043783) ld      a5, -32(s0)
core   0: 3 0x000000008000ff50 (0xfe043783) x15 0x00000000800120af mem 0x0000000080031f50
core   0: 0x000000008000ff54 (0x00178713) addi    a4, a5, 1
core   0: 3 0x000000008000ff54 (0x00178713) x14 0x00000000800120b0
core   0: 0x000000008000ff58 (0xfee43023) sd      a4, -32(s0)
core   0: 3 0x000000008000ff58 (0xfee43023) mem 0x0000000080031f50 0x00000000800120b0
core   0: 0x000000008000ff5c (0xfc442703) lw      a4, -60(s0)
core   0: 3 0x000000008000ff5c (0xfc442703) x14 0x0000000000000000 mem 0x0000000080031f34
core   0: 0x000000008000ff60 (0x0ff77713) andi    a4, a4, 255
core   0: 3 0x000000008000ff60 (0x0ff77713) x14 0x0000000000000000
core   0: 0x000000008000ff64 (0x00e78023) sb      a4, 0(a5)
core   0: 3 0x000000008000ff64 (0x00e78023) mem 0x00000000800120af 0x00
core   0: 0x000000008000ff68 (0xfc843703) ld      a4, -56(s0)
core   0: 3 0x000000008000ff68 (0xfc843703) x14 0x0000000080012040 mem 0x0000000080031f38
core   0: 0x000000008000ff6c (0xfb843783) ld      a5, -72(s0)
core   0: 3 0x000000008000ff6c (0xfb843783) x15 0x000000000000009c mem 0x0000000080031f28
core   0: 0x000000008000ff70 (0x000097ba) c.add   a5, a4
core   0: 3 0x000000008000ff70 (0x97ba) x15 0x00000000800120dc
core   0: 0x000000008000ff72 (0xfe043703) ld      a4, -32(s0)
core   0: 3 0x000000008000ff72 (0xfe043703) x14 0x00000000800120b0 mem 0x0000000080031f50
core   0: 0x000000008000ff76 (0xfcf76de3) bltu    a4, a5, pc - 38
core   0: 3 0x000000008000ff76 (0xfcf76de3)
core   0: 0x000000008000ff50 (0xfe043783) ld      a5, -32(s0)
core   0: 3 0x000000008000ff50 (0xfe043783) x15 0x00000000800120b0 mem 0x0000000080031f50
core   0: 0x000000008000ff54 (0x00178713) addi    a4, a5, 1
core   0: 3 0x000000008000ff54 (0x00178713) x14 0x00000000800120b1
core   0: 0x000000008000ff58 (0xfee43023) sd      a4, -32(s0)
core   0: 3 0x000000008000ff58 (0xfee43023) mem 0x0000000080031f50 0x00000000800120b1
core   0: 0x000000008000ff5c (0xfc442703) lw      a4, -60(s0)
core   0: 3 0x000000008000ff5c (0xfc442703) x14 0x0000000000000000 mem 0x0000000080031f34
core   0: 0x000000008000ff60 (0x0ff77713) andi    a4, a4, 255
core   0: 3 0x000000008000ff60 (0x0ff77713) x14 0x0000000000000000
core   0: 0x000000008000ff64 (0x00e78023) sb      a4, 0(a5)
core   0: 3 0x000000008000ff64 (0x00e78023) mem 0x00000000800120b0 0x00
core   0: 0x000000008000ff68 (0xfc843703) ld      a4, -56(s0)
core   0: 3 0x000000008000ff68 (0xfc843703) x14 0x0000000080012040 mem 0x0000000080031f38
core   0: 0x000000008000ff6c (0xfb843783) ld      a5, -72(s0)
core   0: 3 0x000000008000ff6c (0xfb843783) x15 0x000000000000009c mem 0x0000000080031f28
core   0: 0x000000008000ff70 (0x000097ba) c.add   a5, a4
core   0: 3 0x000000008000ff70 (0x97ba) x15 0x00000000800120dc
core   0: 0x000000008000ff72 (0xfe043703) ld      a4, -32(s0)
core   0: 3 0x000000008000ff72 (0xfe043703) x14 0x00000000800120b1 mem 0x0000000080031f50
core   0: 0x000000008000ff76 (0xfcf76de3) bltu    a4, a5, pc - 38
core   0: 3 0x000000008000ff76 (0xfcf76de3)
core   0: 0x000000008000ff50 (0xfe043783) ld      a5, -32(s0)
core   0: 3 0x000000008000ff50 (0xfe043783) x15 0x00000000800120b1 mem 0x0000000080031f50
core   0: 0x000000008000ff54 (0x00178713) addi    a4, a5, 1
core   0: 3 0x000000008000ff54 (0x00178713) x14 0x00000000800120b2
core   0: 0x000000008000ff58 (0xfee43023) sd      a4, -32(s0)
core   0: 3 0x000000008000ff58 (0xfee43023) mem 0x0000000080031f50 0x00000000800120b2
core   0: 0x000000008000ff5c (0xfc442703) lw      a4, -60(s0)
core   0: 3 0x000000008000ff5c (0xfc442703) x14 0x0000000000000000 mem 0x0000000080031f34
core   0: 0x000000008000ff60 (0x0ff77713) andi    a4, a4, 255
core   0: 3 0x000000008000ff60 (0x0ff77713) x14 0x0000000000000000
core   0: 0x000000008000ff64 (0x00e78023) sb      a4, 0(a5)
core   0: 3 0x000000008000ff64 (0x00e78023) mem 0x00000000800120b1 0x00
core   0: 0x000000008000ff68 (0xfc843703) ld      a4, -56(s0)
core   0: 3 0x000000008000ff68 (0xfc843703) x14 0x0000000080012040 mem 0x0000000080031f38
core   0: 0x000000008000ff6c (0xfb843783) ld      a5, -72(s0)
core   0: 3 0x000000008000ff6c (0xfb843783) x15 0x000000000000009c mem 0x0000000080031f28
core   0: 0x000000008000ff70 (0x000097ba) c.add   a5, a4
core   0: 3 0x000000008000ff70 (0x97ba) x15 0x00000000800120dc
core   0: 0x000000008000ff72 (0xfe043703) ld      a4, -32(s0)
core   0: 3 0x000000008000ff72 (0xfe043703) x14 0x00000000800120b2 mem 0x0000000080031f50
core   0: 0x000000008000ff76 (0xfcf76de3) bltu    a4, a5, pc - 38
core   0: 3 0x000000008000ff76 (0xfcf76de3)
core   0: 0x000000008000ff50 (0xfe043783) ld      a5, -32(s0)
core   0: 3 0x000000008000ff50 (0xfe043783) x15 0x00000000800120b2 mem 0x0000000080031f50
core   0: 0x000000008000ff54 (0x00178713) addi    a4, a5, 1
core   0: 3 0x000000008000ff54 (0x00178713) x14 0x00000000800120b3
core   0: 0x000000008000ff58 (0xfee43023) sd      a4, -32(s0)
core   0: 3 0x000000008000ff58 (0xfee43023) mem 0x0000000080031f50 0x00000000800120b3
core   0: 0x000000008000ff5c (0xfc442703) lw      a4, -60(s0)
core   0: 3 0x000000008000ff5c (0xfc442703) x14 0x0000000000000000 mem 0x0000000080031f34
core   0: 0x000000008000ff60 (0x0ff77713) andi    a4, a4, 255
core   0: 3 0x000000008000ff60 (0x0ff77713) x14 0x0000000000000000
core   0: 0x000000008000ff64 (0x00e78023) sb      a4, 0(a5)
core   0: 3 0x000000008000ff64 (0x00e78023) mem 0x00000000800120b2 0x00
core   0: 0x000000008000ff68 (0xfc843703) ld      a4, -56(s0)
core   0: 3 0x000000008000ff68 (0xfc843703) x14 0x0000000080012040 mem 0x0000000080031f38
core   0: 0x000000008000ff6c (0xfb843783) ld      a5, -72(s0)
core   0: 3 0x000000008000ff6c (0xfb843783) x15 0x000000000000009c mem 0x0000000080031f28
core   0: 0x000000008000ff70 (0x000097ba) c.add   a5, a4
core   0: 3 0x000000008000ff70 (0x97ba) x15 0x00000000800120dc
core   0: 0x000000008000ff72 (0xfe043703) ld      a4, -32(s0)
core   0: 3 0x000000008000ff72 (0xfe043703) x14 0x00000000800120b3 mem 0x0000000080031f50
core   0: 0x000000008000ff76 (0xfcf76de3) bltu    a4, a5, pc - 38
core   0: 3 0x000000008000ff76 (0xfcf76de3)
core   0: 0x000000008000ff50 (0xfe043783) ld      a5, -32(s0)
core   0: 3 0x000000008000ff50 (0xfe043783) x15 0x00000000800120b3 mem 0x0000000080031f50
core   0: 0x000000008000ff54 (0x00178713) addi    a4, a5, 1
core   0: 3 0x000000008000ff54 (0x00178713) x14 0x00000000800120b4
core   0: 0x000000008000ff58 (0xfee43023) sd      a4, -32(s0)
core   0: 3 0x000000008000ff58 (0xfee43023) mem 0x0000000080031f50 0x00000000800120b4
core   0: 0x000000008000ff5c (0xfc442703) lw      a4, -60(s0)
core   0: 3 0x000000008000ff5c (0xfc442703) x14 0x0000000000000000 mem 0x0000000080031f34
core   0: 0x000000008000ff60 (0x0ff77713) andi    a4, a4, 255
core   0: 3 0x000000008000ff60 (0x0ff77713) x14 0x0000000000000000
core   0: 0x000000008000ff64 (0x00e78023) sb      a4, 0(a5)
core   0: 3 0x000000008000ff64 (0x00e78023) mem 0x00000000800120b3 0x00
core   0: 0x000000008000ff68 (0xfc843703) ld      a4, -56(s0)
core   0: 3 0x000000008000ff68 (0xfc843703) x14 0x0000000080012040 mem 0x0000000080031f38
core   0: 0x000000008000ff6c (0xfb843783) ld      a5, -72(s0)
core   0: 3 0x000000008000ff6c (0xfb843783) x15 0x000000000000009c mem 0x0000000080031f28
core   0: 0x000000008000ff70 (0x000097ba) c.add   a5, a4
core   0: 3 0x000000008000ff70 (0x97ba) x15 0x00000000800120dc
core   0: 0x000000008000ff72 (0xfe043703) ld      a4, -32(s0)
core   0: 3 0x000000008000ff72 (0xfe043703) x14 0x00000000800120b4 mem 0x0000000080031f50
core   0: 0x000000008000ff76 (0xfcf76de3) bltu    a4, a5, pc - 38
core   0: 3 0x000000008000ff76 (0xfcf76de3)
core   0: 0x000000008000ff50 (0xfe043783) ld      a5, -32(s0)
core   0: 3 0x000000008000ff50 (0xfe043783) x15 0x00000000800120b4 mem 0x0000000080031f50
core   0: 0x000000008000ff54 (0x00178713) addi    a4, a5, 1
core   0: 3 0x000000008000ff54 (0x00178713) x14 0x00000000800120b5
core   0: 0x000000008000ff58 (0xfee43023) sd      a4, -32(s0)
core   0: 3 0x000000008000ff58 (0xfee43023) mem 0x0000000080031f50 0x00000000800120b5
core   0: 0x000000008000ff5c (0xfc442703) lw      a4, -60(s0)
core   0: 3 0x000000008000ff5c (0xfc442703) x14 0x0000000000000000 mem 0x0000000080031f34
core   0: 0x000000008000ff60 (0x0ff77713) andi    a4, a4, 255
core   0: 3 0x000000008000ff60 (0x0ff77713) x14 0x0000000000000000
core   0: 0x000000008000ff64 (0x00e78023) sb      a4, 0(a5)
core   0: 3 0x000000008000ff64 (0x00e78023) mem 0x00000000800120b4 0x00
core   0: 0x000000008000ff68 (0xfc843703) ld      a4, -56(s0)
core   0: 3 0x000000008000ff68 (0xfc843703) x14 0x0000000080012040 mem 0x0000000080031f38
core   0: 0x000000008000ff6c (0xfb843783) ld      a5, -72(s0)
core   0: 3 0x000000008000ff6c (0xfb843783) x15 0x000000000000009c mem 0x0000000080031f28
core   0: 0x000000008000ff70 (0x000097ba) c.add   a5, a4
core   0: 3 0x000000008000ff70 (0x97ba) x15 0x00000000800120dc
core   0: 0x000000008000ff72 (0xfe043703) ld      a4, -32(s0)
core   0: 3 0x000000008000ff72 (0xfe043703) x14 0x00000000800120b5 mem 0x0000000080031f50
core   0: 0x000000008000ff76 (0xfcf76de3) bltu    a4, a5, pc - 38
core   0: 3 0x000000008000ff76 (0xfcf76de3)
core   0: 0x000000008000ff50 (0xfe043783) ld      a5, -32(s0)
core   0: 3 0x000000008000ff50 (0xfe043783) x15 0x00000000800120b5 mem 0x0000000080031f50
core   0: 0x000000008000ff54 (0x00178713) addi    a4, a5, 1
core   0: 3 0x000000008000ff54 (0x00178713) x14 0x00000000800120b6
core   0: 0x000000008000ff58 (0xfee43023) sd      a4, -32(s0)
core   0: 3 0x000000008000ff58 (0xfee43023) mem 0x0000000080031f50 0x00000000800120b6
core   0: 0x000000008000ff5c (0xfc442703) lw      a4, -60(s0)
core   0: 3 0x000000008000ff5c (0xfc442703) x14 0x0000000000000000 mem 0x0000000080031f34
core   0: 0x000000008000ff60 (0x0ff77713) andi    a4, a4, 255
core   0: 3 0x000000008000ff60 (0x0ff77713) x14 0x0000000000000000
core   0: 0x000000008000ff64 (0x00e78023) sb      a4, 0(a5)
core   0: 3 0x000000008000ff64 (0x00e78023) mem 0x00000000800120b5 0x00
core   0: 0x000000008000ff68 (0xfc843703) ld      a4, -56(s0)
core   0: 3 0x000000008000ff68 (0xfc843703) x14 0x0000000080012040 mem 0x0000000080031f38
core   0: 0x000000008000ff6c (0xfb843783) ld      a5, -72(s0)
core   0: 3 0x000000008000ff6c (0xfb843783) x15 0x000000000000009c mem 0x0000000080031f28
core   0: 0x000000008000ff70 (0x000097ba) c.add   a5, a4
core   0: 3 0x000000008000ff70 (0x97ba) x15 0x00000000800120dc
core   0: 0x000000008000ff72 (0xfe043703) ld      a4, -32(s0)
core   0: 3 0x000000008000ff72 (0xfe043703) x14 0x00000000800120b6 mem 0x0000000080031f50
core   0: 0x000000008000ff76 (0xfcf76de3) bltu    a4, a5, pc - 38
core   0: 3 0x000000008000ff76 (0xfcf76de3)
core   0: 0x000000008000ff50 (0xfe043783) ld      a5, -32(s0)
core   0: 3 0x000000008000ff50 (0xfe043783) x15 0x00000000800120b6 mem 0x0000000080031f50
core   0: 0x000000008000ff54 (0x00178713) addi    a4, a5, 1
core   0: 3 0x000000008000ff54 (0x00178713) x14 0x00000000800120b7
core   0: 0x000000008000ff58 (0xfee43023) sd      a4, -32(s0)
core   0: 3 0x000000008000ff58 (0xfee43023) mem 0x0000000080031f50 0x00000000800120b7
core   0: 0x000000008000ff5c (0xfc442703) lw      a4, -60(s0)
core   0: 3 0x000000008000ff5c (0xfc442703) x14 0x0000000000000000 mem 0x0000000080031f34
core   0: 0x000000008000ff60 (0x0ff77713) andi    a4, a4, 255
core   0: 3 0x000000008000ff60 (0x0ff77713) x14 0x0000000000000000
core   0: 0x000000008000ff64 (0x00e78023) sb      a4, 0(a5)
core   0: 3 0x000000008000ff64 (0x00e78023) mem 0x00000000800120b6 0x00
core   0: 0x000000008000ff68 (0xfc843703) ld      a4, -56(s0)
core   0: 3 0x000000008000ff68 (0xfc843703) x14 0x0000000080012040 mem 0x0000000080031f38
core   0: 0x000000008000ff6c (0xfb843783) ld      a5, -72(s0)
core   0: 3 0x000000008000ff6c (0xfb843783) x15 0x000000000000009c mem 0x0000000080031f28
core   0: 0x000000008000ff70 (0x000097ba) c.add   a5, a4
core   0: 3 0x000000008000ff70 (0x97ba) x15 0x00000000800120dc
core   0: 0x000000008000ff72 (0xfe043703) ld      a4, -32(s0)
core   0: 3 0x000000008000ff72 (0xfe043703) x14 0x00000000800120b7 mem 0x0000000080031f50
core   0: 0x000000008000ff76 (0xfcf76de3) bltu    a4, a5, pc - 38
core   0: 3 0x000000008000ff76 (0xfcf76de3)
core   0: 0x000000008000ff50 (0xfe043783) ld      a5, -32(s0)
core   0: 3 0x000000008000ff50 (0xfe043783) x15 0x00000000800120b7 mem 0x0000000080031f50
core   0: 0x000000008000ff54 (0x00178713) addi    a4, a5, 1
core   0: 3 0x000000008000ff54 (0x00178713) x14 0x00000000800120b8
core   0: 0x000000008000ff58 (0xfee43023) sd      a4, -32(s0)
core   0: 3 0x000000008000ff58 (0xfee43023) mem 0x0000000080031f50 0x00000000800120b8
core   0: 0x000000008000ff5c (0xfc442703) lw      a4, -60(s0)
core   0: 3 0x000000008000ff5c (0xfc442703) x14 0x0000000000000000 mem 0x0000000080031f34
core   0: 0x000000008000ff60 (0x0ff77713) andi    a4, a4, 255
core   0: 3 0x000000008000ff60 (0x0ff77713) x14 0x0000000000000000
core   0: 0x000000008000ff64 (0x00e78023) sb      a4, 0(a5)
core   0: 3 0x000000008000ff64 (0x00e78023) mem 0x00000000800120b7 0x00
core   0: 0x000000008000ff68 (0xfc843703) ld      a4, -56(s0)
core   0: 3 0x000000008000ff68 (0xfc843703) x14 0x0000000080012040 mem 0x0000000080031f38
core   0: 0x000000008000ff6c (0xfb843783) ld      a5, -72(s0)
core   0: 3 0x000000008000ff6c (0xfb843783) x15 0x000000000000009c mem 0x0000000080031f28
core   0: 0x000000008000ff70 (0x000097ba) c.add   a5, a4
core   0: 3 0x000000008000ff70 (0x97ba) x15 0x00000000800120dc
core   0: 0x000000008000ff72 (0xfe043703) ld      a4, -32(s0)
core   0: 3 0x000000008000ff72 (0xfe043703) x14 0x00000000800120b8 mem 0x0000000080031f50
core   0: 0x000000008000ff76 (0xfcf76de3) bltu    a4, a5, pc - 38
core   0: 3 0x000000008000ff76 (0xfcf76de3)
core   0: 0x000000008000ff50 (0xfe043783) ld      a5, -32(s0)
core   0: 3 0x000000008000ff50 (0xfe043783) x15 0x00000000800120b8 mem 0x0000000080031f50
core   0: 0x000000008000ff54 (0x00178713) addi    a4, a5, 1
core   0: 3 0x000000008000ff54 (0x00178713) x14 0x00000000800120b9
core   0: 0x000000008000ff58 (0xfee43023) sd      a4, -32(s0)
core   0: 3 0x000000008000ff58 (0xfee43023) mem 0x0000000080031f50 0x00000000800120b9
core   0: 0x000000008000ff5c (0xfc442703) lw      a4, -60(s0)
core   0: 3 0x000000008000ff5c (0xfc442703) x14 0x0000000000000000 mem 0x0000000080031f34
core   0: 0x000000008000ff60 (0x0ff77713) andi    a4, a4, 255
core   0: 3 0x000000008000ff60 (0x0ff77713) x14 0x0000000000000000
core   0: 0x000000008000ff64 (0x00e78023) sb      a4, 0(a5)
core   0: 3 0x000000008000ff64 (0x00e78023) mem 0x00000000800120b8 0x00
core   0: 0x000000008000ff68 (0xfc843703) ld      a4, -56(s0)
core   0: 3 0x000000008000ff68 (0xfc843703) x14 0x0000000080012040 mem 0x0000000080031f38
core   0: 0x000000008000ff6c (0xfb843783) ld      a5, -72(s0)
core   0: 3 0x000000008000ff6c (0xfb843783) x15 0x000000000000009c mem 0x0000000080031f28
core   0: 0x000000008000ff70 (0x000097ba) c.add   a5, a4
core   0: 3 0x000000008000ff70 (0x97ba) x15 0x00000000800120dc
core   0: 0x000000008000ff72 (0xfe043703) ld      a4, -32(s0)
core   0: 3 0x000000008000ff72 (0xfe043703) x14 0x00000000800120b9 mem 0x0000000080031f50
core   0: 0x000000008000ff76 (0xfcf76de3) bltu    a4, a5, pc - 38
core   0: 3 0x000000008000ff76 (0xfcf76de3)
core   0: 0x000000008000ff50 (0xfe043783) ld      a5, -32(s0)
core   0: 3 0x000000008000ff50 (0xfe043783) x15 0x00000000800120b9 mem 0x0000000080031f50
core   0: 0x000000008000ff54 (0x00178713) addi    a4, a5, 1
core   0: 3 0x000000008000ff54 (0x00178713) x14 0x00000000800120ba
core   0: 0x000000008000ff58 (0xfee43023) sd      a4, -32(s0)
core   0: 3 0x000000008000ff58 (0xfee43023) mem 0x0000000080031f50 0x00000000800120ba
core   0: 0x000000008000ff5c (0xfc442703) lw      a4, -60(s0)
core   0: 3 0x000000008000ff5c (0xfc442703) x14 0x0000000000000000 mem 0x0000000080031f34
core   0: 0x000000008000ff60 (0x0ff77713) andi    a4, a4, 255
core   0: 3 0x000000008000ff60 (0x0ff77713) x14 0x0000000000000000
core   0: 0x000000008000ff64 (0x00e78023) sb      a4, 0(a5)
core   0: 3 0x000000008000ff64 (0x00e78023) mem 0x00000000800120b9 0x00
core   0: 0x000000008000ff68 (0xfc843703) ld      a4, -56(s0)
core   0: 3 0x000000008000ff68 (0xfc843703) x14 0x0000000080012040 mem 0x0000000080031f38
core   0: 0x000000008000ff6c (0xfb843783) ld      a5, -72(s0)
core   0: 3 0x000000008000ff6c (0xfb843783) x15 0x000000000000009c mem 0x0000000080031f28
core   0: 0x000000008000ff70 (0x000097ba) c.add   a5, a4
core   0: 3 0x000000008000ff70 (0x97ba) x15 0x00000000800120dc
core   0: 0x000000008000ff72 (0xfe043703) ld      a4, -32(s0)
core   0: 3 0x000000008000ff72 (0xfe043703) x14 0x00000000800120ba mem 0x0000000080031f50
core   0: 0x000000008000ff76 (0xfcf76de3) bltu    a4, a5, pc - 38
core   0: 3 0x000000008000ff76 (0xfcf76de3)
core   0: 0x000000008000ff50 (0xfe043783) ld      a5, -32(s0)
core   0: 3 0x000000008000ff50 (0xfe043783) x15 0x00000000800120ba mem 0x0000000080031f50
core   0: 0x000000008000ff54 (0x00178713) addi    a4, a5, 1
core   0: 3 0x000000008000ff54 (0x00178713) x14 0x00000000800120bb
core   0: 0x000000008000ff58 (0xfee43023) sd      a4, -32(s0)
core   0: 3 0x000000008000ff58 (0xfee43023) mem 0x0000000080031f50 0x00000000800120bb
core   0: 0x000000008000ff5c (0xfc442703) lw      a4, -60(s0)
core   0: 3 0x000000008000ff5c (0xfc442703) x14 0x0000000000000000 mem 0x0000000080031f34
core   0: 0x000000008000ff60 (0x0ff77713) andi    a4, a4, 255
core   0: 3 0x000000008000ff60 (0x0ff77713) x14 0x0000000000000000
core   0: 0x000000008000ff64 (0x00e78023) sb      a4, 0(a5)
core   0: 3 0x000000008000ff64 (0x00e78023) mem 0x00000000800120ba 0x00
core   0: 0x000000008000ff68 (0xfc843703) ld      a4, -56(s0)
core   0: 3 0x000000008000ff68 (0xfc843703) x14 0x0000000080012040 mem 0x0000000080031f38
core   0: 0x000000008000ff6c (0xfb843783) ld      a5, -72(s0)
core   0: 3 0x000000008000ff6c (0xfb843783) x15 0x000000000000009c mem 0x0000000080031f28
core   0: 0x000000008000ff70 (0x000097ba) c.add   a5, a4
core   0: 3 0x000000008000ff70 (0x97ba) x15 0x00000000800120dc
core   0: 0x000000008000ff72 (0xfe043703) ld      a4, -32(s0)
core   0: 3 0x000000008000ff72 (0xfe043703) x14 0x00000000800120bb mem 0x0000000080031f50
core   0: 0x000000008000ff76 (0xfcf76de3) bltu    a4, a5, pc - 38
core   0: 3 0x000000008000ff76 (0xfcf76de3)
core   0: 0x000000008000ff50 (0xfe043783) ld      a5, -32(s0)
core   0: 3 0x000000008000ff50 (0xfe043783) x15 0x00000000800120bb mem 0x0000000080031f50
core   0: 0x000000008000ff54 (0x00178713) addi    a4, a5, 1
core   0: 3 0x000000008000ff54 (0x00178713) x14 0x00000000800120bc
core   0: 0x000000008000ff58 (0xfee43023) sd      a4, -32(s0)
core   0: 3 0x000000008000ff58 (0xfee43023) mem 0x0000000080031f50 0x00000000800120bc
core   0: 0x000000008000ff5c (0xfc442703) lw      a4, -60(s0)
core   0: 3 0x000000008000ff5c (0xfc442703) x14 0x0000000000000000 mem 0x0000000080031f34
core   0: 0x000000008000ff60 (0x0ff77713) andi    a4, a4, 255
core   0: 3 0x000000008000ff60 (0x0ff77713) x14 0x0000000000000000
core   0: 0x000000008000ff64 (0x00e78023) sb      a4, 0(a5)
core   0: 3 0x000000008000ff64 (0x00e78023) mem 0x00000000800120bb 0x00
core   0: 0x000000008000ff68 (0xfc843703) ld      a4, -56(s0)
core   0: 3 0x000000008000ff68 (0xfc843703) x14 0x0000000080012040 mem 0x0000000080031f38
core   0: 0x000000008000ff6c (0xfb843783) ld      a5, -72(s0)
core   0: 3 0x000000008000ff6c (0xfb843783) x15 0x000000000000009c mem 0x0000000080031f28
core   0: 0x000000008000ff70 (0x000097ba) c.add   a5, a4
core   0: 3 0x000000008000ff70 (0x97ba) x15 0x00000000800120dc
core   0: 0x000000008000ff72 (0xfe043703) ld      a4, -32(s0)
core   0: 3 0x000000008000ff72 (0xfe043703) x14 0x00000000800120bc mem 0x0000000080031f50
core   0: 0x000000008000ff76 (0xfcf76de3) bltu    a4, a5, pc - 38
core   0: 3 0x000000008000ff76 (0xfcf76de3)
core   0: 0x000000008000ff50 (0xfe043783) ld      a5, -32(s0)
core   0: 3 0x000000008000ff50 (0xfe043783) x15 0x00000000800120bc mem 0x0000000080031f50
core   0: 0x000000008000ff54 (0x00178713) addi    a4, a5, 1
core   0: 3 0x000000008000ff54 (0x00178713) x14 0x00000000800120bd
core   0: 0x000000008000ff58 (0xfee43023) sd      a4, -32(s0)
core   0: 3 0x000000008000ff58 (0xfee43023) mem 0x0000000080031f50 0x00000000800120bd
core   0: 0x000000008000ff5c (0xfc442703) lw      a4, -60(s0)
core   0: 3 0x000000008000ff5c (0xfc442703) x14 0x0000000000000000 mem 0x0000000080031f34
core   0: 0x000000008000ff60 (0x0ff77713) andi    a4, a4, 255
core   0: 3 0x000000008000ff60 (0x0ff77713) x14 0x0000000000000000
core   0: 0x000000008000ff64 (0x00e78023) sb      a4, 0(a5)
core   0: 3 0x000000008000ff64 (0x00e78023) mem 0x00000000800120bc 0x00
core   0: 0x000000008000ff68 (0xfc843703) ld      a4, -56(s0)
core   0: 3 0x000000008000ff68 (0xfc843703) x14 0x0000000080012040 mem 0x0000000080031f38
core   0: 0x000000008000ff6c (0xfb843783) ld      a5, -72(s0)
core   0: 3 0x000000008000ff6c (0xfb843783) x15 0x000000000000009c mem 0x0000000080031f28
core   0: 0x000000008000ff70 (0x000097ba) c.add   a5, a4
core   0: 3 0x000000008000ff70 (0x97ba) x15 0x00000000800120dc
core   0: 0x000000008000ff72 (0xfe043703) ld      a4, -32(s0)
core   0: 3 0x000000008000ff72 (0xfe043703) x14 0x00000000800120bd mem 0x0000000080031f50
core   0: 0x000000008000ff76 (0xfcf76de3) bltu    a4, a5, pc - 38
core   0: 3 0x000000008000ff76 (0xfcf76de3)
core   0: 0x000000008000ff50 (0xfe043783) ld      a5, -32(s0)
core   0: 3 0x000000008000ff50 (0xfe043783) x15 0x00000000800120bd mem 0x0000000080031f50
core   0: 0x000000008000ff54 (0x00178713) addi    a4, a5, 1
core   0: 3 0x000000008000ff54 (0x00178713) x14 0x00000000800120be
core   0: 0x000000008000ff58 (0xfee43023) sd      a4, -32(s0)
core   0: 3 0x000000008000ff58 (0xfee43023) mem 0x0000000080031f50 0x00000000800120be
core   0: 0x000000008000ff5c (0xfc442703) lw      a4, -60(s0)
core   0: 3 0x000000008000ff5c (0xfc442703) x14 0x0000000000000000 mem 0x0000000080031f34
core   0: 0x000000008000ff60 (0x0ff77713) andi    a4, a4, 255
core   0: 3 0x000000008000ff60 (0x0ff77713) x14 0x0000000000000000
core   0: 0x000000008000ff64 (0x00e78023) sb      a4, 0(a5)
core   0: 3 0x000000008000ff64 (0x00e78023) mem 0x00000000800120bd 0x00
core   0: 0x000000008000ff68 (0xfc843703) ld      a4, -56(s0)
core   0: 3 0x000000008000ff68 (0xfc843703) x14 0x0000000080012040 mem 0x0000000080031f38
core   0: 0x000000008000ff6c (0xfb843783) ld      a5, -72(s0)
core   0: 3 0x000000008000ff6c (0xfb843783) x15 0x000000000000009c mem 0x0000000080031f28
core   0: 0x000000008000ff70 (0x000097ba) c.add   a5, a4
core   0: 3 0x000000008000ff70 (0x97ba) x15 0x00000000800120dc
core   0: 0x000000008000ff72 (0xfe043703) ld      a4, -32(s0)
core   0: 3 0x000000008000ff72 (0xfe043703) x14 0x00000000800120be mem 0x0000000080031f50
core   0: 0x000000008000ff76 (0xfcf76de3) bltu    a4, a5, pc - 38
core   0: 3 0x000000008000ff76 (0xfcf76de3)
core   0: 0x000000008000ff50 (0xfe043783) ld      a5, -32(s0)
core   0: 3 0x000000008000ff50 (0xfe043783) x15 0x00000000800120be mem 0x0000000080031f50
core   0: 0x000000008000ff54 (0x00178713) addi    a4, a5, 1
core   0: 3 0x000000008000ff54 (0x00178713) x14 0x00000000800120bf
core   0: 0x000000008000ff58 (0xfee43023) sd      a4, -32(s0)
core   0: 3 0x000000008000ff58 (0xfee43023) mem 0x0000000080031f50 0x00000000800120bf
core   0: 0x000000008000ff5c (0xfc442703) lw      a4, -60(s0)
core   0: 3 0x000000008000ff5c (0xfc442703) x14 0x0000000000000000 mem 0x0000000080031f34
core   0: 0x000000008000ff60 (0x0ff77713) andi    a4, a4, 255
core   0: 3 0x000000008000ff60 (0x0ff77713) x14 0x0000000000000000
core   0: 0x000000008000ff64 (0x00e78023) sb      a4, 0(a5)
core   0: 3 0x000000008000ff64 (0x00e78023) mem 0x00000000800120be 0x00
core   0: 0x000000008000ff68 (0xfc843703) ld      a4, -56(s0)
core   0: 3 0x000000008000ff68 (0xfc843703) x14 0x0000000080012040 mem 0x0000000080031f38
core   0: 0x000000008000ff6c (0xfb843783) ld      a5, -72(s0)
core   0: 3 0x000000008000ff6c (0xfb843783) x15 0x000000000000009c mem 0x0000000080031f28
core   0: 0x000000008000ff70 (0x000097ba) c.add   a5, a4
core   0: 3 0x000000008000ff70 (0x97ba) x15 0x00000000800120dc
core   0: 0x000000008000ff72 (0xfe043703) ld      a4, -32(s0)
core   0: 3 0x000000008000ff72 (0xfe043703) x14 0x00000000800120bf mem 0x0000000080031f50
core   0: 0x000000008000ff76 (0xfcf76de3) bltu    a4, a5, pc - 38
core   0: 3 0x000000008000ff76 (0xfcf76de3)
core   0: 0x000000008000ff50 (0xfe043783) ld      a5, -32(s0)
core   0: 3 0x000000008000ff50 (0xfe043783) x15 0x00000000800120bf mem 0x0000000080031f50
core   0: 0x000000008000ff54 (0x00178713) addi    a4, a5, 1
core   0: 3 0x000000008000ff54 (0x00178713) x14 0x00000000800120c0
core   0: 0x000000008000ff58 (0xfee43023) sd      a4, -32(s0)
core   0: 3 0x000000008000ff58 (0xfee43023) mem 0x0000000080031f50 0x00000000800120c0
core   0: 0x000000008000ff5c (0xfc442703) lw      a4, -60(s0)
core   0: 3 0x000000008000ff5c (0xfc442703) x14 0x0000000000000000 mem 0x0000000080031f34
core   0: 0x000000008000ff60 (0x0ff77713) andi    a4, a4, 255
core   0: 3 0x000000008000ff60 (0x0ff77713) x14 0x0000000000000000
core   0: 0x000000008000ff64 (0x00e78023) sb      a4, 0(a5)
core   0: 3 0x000000008000ff64 (0x00e78023) mem 0x00000000800120bf 0x00
core   0: 0x000000008000ff68 (0xfc843703) ld      a4, -56(s0)
core   0: 3 0x000000008000ff68 (0xfc843703) x14 0x0000000080012040 mem 0x0000000080031f38
core   0: 0x000000008000ff6c (0xfb843783) ld      a5, -72(s0)
core   0: 3 0x000000008000ff6c (0xfb843783) x15 0x000000000000009c mem 0x0000000080031f28
core   0: 0x000000008000ff70 (0x000097ba) c.add   a5, a4
core   0: 3 0x000000008000ff70 (0x97ba) x15 0x00000000800120dc
core   0: 0x000000008000ff72 (0xfe043703) ld      a4, -32(s0)
core   0: 3 0x000000008000ff72 (0xfe043703) x14 0x00000000800120c0 mem 0x0000000080031f50
core   0: 0x000000008000ff76 (0xfcf76de3) bltu    a4, a5, pc - 38
core   0: 3 0x000000008000ff76 (0xfcf76de3)
core   0: 0x000000008000ff50 (0xfe043783) ld      a5, -32(s0)
core   0: 3 0x000000008000ff50 (0xfe043783) x15 0x00000000800120c0 mem 0x0000000080031f50
core   0: 0x000000008000ff54 (0x00178713) addi    a4, a5, 1
core   0: 3 0x000000008000ff54 (0x00178713) x14 0x00000000800120c1
core   0: 0x000000008000ff58 (0xfee43023) sd      a4, -32(s0)
core   0: 3 0x000000008000ff58 (0xfee43023) mem 0x0000000080031f50 0x00000000800120c1
core   0: 0x000000008000ff5c (0xfc442703) lw      a4, -60(s0)
core   0: 3 0x000000008000ff5c (0xfc442703) x14 0x0000000000000000 mem 0x0000000080031f34
core   0: 0x000000008000ff60 (0x0ff77713) andi    a4, a4, 255
core   0: 3 0x000000008000ff60 (0x0ff77713) x14 0x0000000000000000
core   0: 0x000000008000ff64 (0x00e78023) sb      a4, 0(a5)
core   0: 3 0x000000008000ff64 (0x00e78023) mem 0x00000000800120c0 0x00
core   0: 0x000000008000ff68 (0xfc843703) ld      a4, -56(s0)
core   0: 3 0x000000008000ff68 (0xfc843703) x14 0x0000000080012040 mem 0x0000000080031f38
core   0: 0x000000008000ff6c (0xfb843783) ld      a5, -72(s0)
core   0: 3 0x000000008000ff6c (0xfb843783) x15 0x000000000000009c mem 0x0000000080031f28
core   0: 0x000000008000ff70 (0x000097ba) c.add   a5, a4
core   0: 3 0x000000008000ff70 (0x97ba) x15 0x00000000800120dc
core   0: 0x000000008000ff72 (0xfe043703) ld      a4, -32(s0)
core   0: 3 0x000000008000ff72 (0xfe043703) x14 0x00000000800120c1 mem 0x0000000080031f50
core   0: 0x000000008000ff76 (0xfcf76de3) bltu    a4, a5, pc - 38
core   0: 3 0x000000008000ff76 (0xfcf76de3)
core   0: 0x000000008000ff50 (0xfe043783) ld      a5, -32(s0)
core   0: 3 0x000000008000ff50 (0xfe043783) x15 0x00000000800120c1 mem 0x0000000080031f50
core   0: 0x000000008000ff54 (0x00178713) addi    a4, a5, 1
core   0: 3 0x000000008000ff54 (0x00178713) x14 0x00000000800120c2
core   0: 0x000000008000ff58 (0xfee43023) sd      a4, -32(s0)
core   0: 3 0x000000008000ff58 (0xfee43023) mem 0x0000000080031f50 0x00000000800120c2
core   0: 0x000000008000ff5c (0xfc442703) lw      a4, -60(s0)
core   0: 3 0x000000008000ff5c (0xfc442703) x14 0x0000000000000000 mem 0x0000000080031f34
core   0: 0x000000008000ff60 (0x0ff77713) andi    a4, a4, 255
core   0: 3 0x000000008000ff60 (0x0ff77713) x14 0x0000000000000000
core   0: 0x000000008000ff64 (0x00e78023) sb      a4, 0(a5)
core   0: 3 0x000000008000ff64 (0x00e78023) mem 0x00000000800120c1 0x00
core   0: 0x000000008000ff68 (0xfc843703) ld      a4, -56(s0)
core   0: 3 0x000000008000ff68 (0xfc843703) x14 0x0000000080012040 mem 0x0000000080031f38
core   0: 0x000000008000ff6c (0xfb843783) ld      a5, -72(s0)
core   0: 3 0x000000008000ff6c (0xfb843783) x15 0x000000000000009c mem 0x0000000080031f28
core   0: 0x000000008000ff70 (0x000097ba) c.add   a5, a4
core   0: 3 0x000000008000ff70 (0x97ba) x15 0x00000000800120dc
core   0: 0x000000008000ff72 (0xfe043703) ld      a4, -32(s0)
core   0: 3 0x000000008000ff72 (0xfe043703) x14 0x00000000800120c2 mem 0x0000000080031f50
core   0: 0x000000008000ff76 (0xfcf76de3) bltu    a4, a5, pc - 38
core   0: 3 0x000000008000ff76 (0xfcf76de3)
core   0: 0x000000008000ff50 (0xfe043783) ld      a5, -32(s0)
core   0: 3 0x000000008000ff50 (0xfe043783) x15 0x00000000800120c2 mem 0x0000000080031f50
core   0: 0x000000008000ff54 (0x00178713) addi    a4, a5, 1
core   0: 3 0x000000008000ff54 (0x00178713) x14 0x00000000800120c3
core   0: 0x000000008000ff58 (0xfee43023) sd      a4, -32(s0)
core   0: 3 0x000000008000ff58 (0xfee43023) mem 0x0000000080031f50 0x00000000800120c3
core   0: 0x000000008000ff5c (0xfc442703) lw      a4, -60(s0)
core   0: 3 0x000000008000ff5c (0xfc442703) x14 0x0000000000000000 mem 0x0000000080031f34
core   0: 0x000000008000ff60 (0x0ff77713) andi    a4, a4, 255
core   0: 3 0x000000008000ff60 (0x0ff77713) x14 0x0000000000000000
core   0: 0x000000008000ff64 (0x00e78023) sb      a4, 0(a5)
core   0: 3 0x000000008000ff64 (0x00e78023) mem 0x00000000800120c2 0x00
core   0: 0x000000008000ff68 (0xfc843703) ld      a4, -56(s0)
core   0: 3 0x000000008000ff68 (0xfc843703) x14 0x0000000080012040 mem 0x0000000080031f38
core   0: 0x000000008000ff6c (0xfb843783) ld      a5, -72(s0)
core   0: 3 0x000000008000ff6c (0xfb843783) x15 0x000000000000009c mem 0x0000000080031f28
core   0: 0x000000008000ff70 (0x000097ba) c.add   a5, a4
core   0: 3 0x000000008000ff70 (0x97ba) x15 0x00000000800120dc
core   0: 0x000000008000ff72 (0xfe043703) ld      a4, -32(s0)
core   0: 3 0x000000008000ff72 (0xfe043703) x14 0x00000000800120c3 mem 0x0000000080031f50
core   0: 0x000000008000ff76 (0xfcf76de3) bltu    a4, a5, pc - 38
core   0: 3 0x000000008000ff76 (0xfcf76de3)
core   0: 0x000000008000ff50 (0xfe043783) ld      a5, -32(s0)
core   0: 3 0x000000008000ff50 (0xfe043783) x15 0x00000000800120c3 mem 0x0000000080031f50
core   0: 0x000000008000ff54 (0x00178713) addi    a4, a5, 1
core   0: 3 0x000000008000ff54 (0x00178713) x14 0x00000000800120c4
core   0: 0x000000008000ff58 (0xfee43023) sd      a4, -32(s0)
core   0: 3 0x000000008000ff58 (0xfee43023) mem 0x0000000080031f50 0x00000000800120c4
core   0: 0x000000008000ff5c (0xfc442703) lw      a4, -60(s0)
core   0: 3 0x000000008000ff5c (0xfc442703) x14 0x0000000000000000 mem 0x0000000080031f34
core   0: 0x000000008000ff60 (0x0ff77713) andi    a4, a4, 255
core   0: 3 0x000000008000ff60 (0x0ff77713) x14 0x0000000000000000
core   0: 0x000000008000ff64 (0x00e78023) sb      a4, 0(a5)
core   0: 3 0x000000008000ff64 (0x00e78023) mem 0x00000000800120c3 0x00
core   0: 0x000000008000ff68 (0xfc843703) ld      a4, -56(s0)
core   0: 3 0x000000008000ff68 (0xfc843703) x14 0x0000000080012040 mem 0x0000000080031f38
core   0: 0x000000008000ff6c (0xfb843783) ld      a5, -72(s0)
core   0: 3 0x000000008000ff6c (0xfb843783) x15 0x000000000000009c mem 0x0000000080031f28
core   0: 0x000000008000ff70 (0x000097ba) c.add   a5, a4
core   0: 3 0x000000008000ff70 (0x97ba) x15 0x00000000800120dc
core   0: 0x000000008000ff72 (0xfe043703) ld      a4, -32(s0)
core   0: 3 0x000000008000ff72 (0xfe043703) x14 0x00000000800120c4 mem 0x0000000080031f50
core   0: 0x000000008000ff76 (0xfcf76de3) bltu    a4, a5, pc - 38
core   0: 3 0x000000008000ff76 (0xfcf76de3)
core   0: 0x000000008000ff50 (0xfe043783) ld      a5, -32(s0)
core   0: 3 0x000000008000ff50 (0xfe043783) x15 0x00000000800120c4 mem 0x0000000080031f50
core   0: 0x000000008000ff54 (0x00178713) addi    a4, a5, 1
core   0: 3 0x000000008000ff54 (0x00178713) x14 0x00000000800120c5
core   0: 0x000000008000ff58 (0xfee43023) sd      a4, -32(s0)
core   0: 3 0x000000008000ff58 (0xfee43023) mem 0x0000000080031f50 0x00000000800120c5
core   0: 0x000000008000ff5c (0xfc442703) lw      a4, -60(s0)
core   0: 3 0x000000008000ff5c (0xfc442703) x14 0x0000000000000000 mem 0x0000000080031f34
core   0: 0x000000008000ff60 (0x0ff77713) andi    a4, a4, 255
core   0: 3 0x000000008000ff60 (0x0ff77713) x14 0x0000000000000000
core   0: 0x000000008000ff64 (0x00e78023) sb      a4, 0(a5)
core   0: 3 0x000000008000ff64 (0x00e78023) mem 0x00000000800120c4 0x00
core   0: 0x000000008000ff68 (0xfc843703) ld      a4, -56(s0)
core   0: 3 0x000000008000ff68 (0xfc843703) x14 0x0000000080012040 mem 0x0000000080031f38
core   0: 0x000000008000ff6c (0xfb843783) ld      a5, -72(s0)
core   0: 3 0x000000008000ff6c (0xfb843783) x15 0x000000000000009c mem 0x0000000080031f28
core   0: 0x000000008000ff70 (0x000097ba) c.add   a5, a4
core   0: 3 0x000000008000ff70 (0x97ba) x15 0x00000000800120dc
core   0: 0x000000008000ff72 (0xfe043703) ld      a4, -32(s0)
core   0: 3 0x000000008000ff72 (0xfe043703) x14 0x00000000800120c5 mem 0x0000000080031f50
core   0: 0x000000008000ff76 (0xfcf76de3) bltu    a4, a5, pc - 38
core   0: 3 0x000000008000ff76 (0xfcf76de3)
core   0: 0x000000008000ff50 (0xfe043783) ld      a5, -32(s0)
core   0: 3 0x000000008000ff50 (0xfe043783) x15 0x00000000800120c5 mem 0x0000000080031f50
core   0: 0x000000008000ff54 (0x00178713) addi    a4, a5, 1
core   0: 3 0x000000008000ff54 (0x00178713) x14 0x00000000800120c6
core   0: 0x000000008000ff58 (0xfee43023) sd      a4, -32(s0)
core   0: 3 0x000000008000ff58 (0xfee43023) mem 0x0000000080031f50 0x00000000800120c6
core   0: 0x000000008000ff5c (0xfc442703) lw      a4, -60(s0)
core   0: 3 0x000000008000ff5c (0xfc442703) x14 0x0000000000000000 mem 0x0000000080031f34
core   0: 0x000000008000ff60 (0x0ff77713) andi    a4, a4, 255
core   0: 3 0x000000008000ff60 (0x0ff77713) x14 0x0000000000000000
core   0: 0x000000008000ff64 (0x00e78023) sb      a4, 0(a5)
core   0: 3 0x000000008000ff64 (0x00e78023) mem 0x00000000800120c5 0x00
core   0: 0x000000008000ff68 (0xfc843703) ld      a4, -56(s0)
core   0: 3 0x000000008000ff68 (0xfc843703) x14 0x0000000080012040 mem 0x0000000080031f38
core   0: 0x000000008000ff6c (0xfb843783) ld      a5, -72(s0)
core   0: 3 0x000000008000ff6c (0xfb843783) x15 0x000000000000009c mem 0x0000000080031f28
core   0: 0x000000008000ff70 (0x000097ba) c.add   a5, a4
core   0: 3 0x000000008000ff70 (0x97ba) x15 0x00000000800120dc
core   0: 0x000000008000ff72 (0xfe043703) ld      a4, -32(s0)
core   0: 3 0x000000008000ff72 (0xfe043703) x14 0x00000000800120c6 mem 0x0000000080031f50
core   0: 0x000000008000ff76 (0xfcf76de3) bltu    a4, a5, pc - 38
core   0: 3 0x000000008000ff76 (0xfcf76de3)
core   0: 0x000000008000ff50 (0xfe043783) ld      a5, -32(s0)
core   0: 3 0x000000008000ff50 (0xfe043783) x15 0x00000000800120c6 mem 0x0000000080031f50
core   0: 0x000000008000ff54 (0x00178713) addi    a4, a5, 1
core   0: 3 0x000000008000ff54 (0x00178713) x14 0x00000000800120c7
core   0: 0x000000008000ff58 (0xfee43023) sd      a4, -32(s0)
core   0: 3 0x000000008000ff58 (0xfee43023) mem 0x0000000080031f50 0x00000000800120c7
core   0: 0x000000008000ff5c (0xfc442703) lw      a4, -60(s0)
core   0: 3 0x000000008000ff5c (0xfc442703) x14 0x0000000000000000 mem 0x0000000080031f34
core   0: 0x000000008000ff60 (0x0ff77713) andi    a4, a4, 255
core   0: 3 0x000000008000ff60 (0x0ff77713) x14 0x0000000000000000
core   0: 0x000000008000ff64 (0x00e78023) sb      a4, 0(a5)
core   0: 3 0x000000008000ff64 (0x00e78023) mem 0x00000000800120c6 0x00
core   0: 0x000000008000ff68 (0xfc843703) ld      a4, -56(s0)
core   0: 3 0x000000008000ff68 (0xfc843703) x14 0x0000000080012040 mem 0x0000000080031f38
core   0: 0x000000008000ff6c (0xfb843783) ld      a5, -72(s0)
core   0: 3 0x000000008000ff6c (0xfb843783) x15 0x000000000000009c mem 0x0000000080031f28
core   0: 0x000000008000ff70 (0x000097ba) c.add   a5, a4
core   0: 3 0x000000008000ff70 (0x97ba) x15 0x00000000800120dc
core   0: 0x000000008000ff72 (0xfe043703) ld      a4, -32(s0)
core   0: 3 0x000000008000ff72 (0xfe043703) x14 0x00000000800120c7 mem 0x0000000080031f50
core   0: 0x000000008000ff76 (0xfcf76de3) bltu    a4, a5, pc - 38
core   0: 3 0x000000008000ff76 (0xfcf76de3)
core   0: 0x000000008000ff50 (0xfe043783) ld      a5, -32(s0)
core   0: 3 0x000000008000ff50 (0xfe043783) x15 0x00000000800120c7 mem 0x0000000080031f50
core   0: 0x000000008000ff54 (0x00178713) addi    a4, a5, 1
core   0: 3 0x000000008000ff54 (0x00178713) x14 0x00000000800120c8
core   0: 0x000000008000ff58 (0xfee43023) sd      a4, -32(s0)
core   0: 3 0x000000008000ff58 (0xfee43023) mem 0x0000000080031f50 0x00000000800120c8
core   0: 0x000000008000ff5c (0xfc442703) lw      a4, -60(s0)
core   0: 3 0x000000008000ff5c (0xfc442703) x14 0x0000000000000000 mem 0x0000000080031f34
core   0: 0x000000008000ff60 (0x0ff77713) andi    a4, a4, 255
core   0: 3 0x000000008000ff60 (0x0ff77713) x14 0x0000000000000000
core   0: 0x000000008000ff64 (0x00e78023) sb      a4, 0(a5)
core   0: 3 0x000000008000ff64 (0x00e78023) mem 0x00000000800120c7 0x00
core   0: 0x000000008000ff68 (0xfc843703) ld      a4, -56(s0)
core   0: 3 0x000000008000ff68 (0xfc843703) x14 0x0000000080012040 mem 0x0000000080031f38
core   0: 0x000000008000ff6c (0xfb843783) ld      a5, -72(s0)
core   0: 3 0x000000008000ff6c (0xfb843783) x15 0x000000000000009c mem 0x0000000080031f28
core   0: 0x000000008000ff70 (0x000097ba) c.add   a5, a4
core   0: 3 0x000000008000ff70 (0x97ba) x15 0x00000000800120dc
core   0: 0x000000008000ff72 (0xfe043703) ld      a4, -32(s0)
core   0: 3 0x000000008000ff72 (0xfe043703) x14 0x00000000800120c8 mem 0x0000000080031f50
core   0: 0x000000008000ff76 (0xfcf76de3) bltu    a4, a5, pc - 38
core   0: 3 0x000000008000ff76 (0xfcf76de3)
core   0: 0x000000008000ff50 (0xfe043783) ld      a5, -32(s0)
core   0: 3 0x000000008000ff50 (0xfe043783) x15 0x00000000800120c8 mem 0x0000000080031f50
core   0: 0x000000008000ff54 (0x00178713) addi    a4, a5, 1
core   0: 3 0x000000008000ff54 (0x00178713) x14 0x00000000800120c9
core   0: 0x000000008000ff58 (0xfee43023) sd      a4, -32(s0)
core   0: 3 0x000000008000ff58 (0xfee43023) mem 0x0000000080031f50 0x00000000800120c9
core   0: 0x000000008000ff5c (0xfc442703) lw      a4, -60(s0)
core   0: 3 0x000000008000ff5c (0xfc442703) x14 0x0000000000000000 mem 0x0000000080031f34
core   0: 0x000000008000ff60 (0x0ff77713) andi    a4, a4, 255
core   0: 3 0x000000008000ff60 (0x0ff77713) x14 0x0000000000000000
core   0: 0x000000008000ff64 (0x00e78023) sb      a4, 0(a5)
core   0: 3 0x000000008000ff64 (0x00e78023) mem 0x00000000800120c8 0x00
core   0: 0x000000008000ff68 (0xfc843703) ld      a4, -56(s0)
core   0: 3 0x000000008000ff68 (0xfc843703) x14 0x0000000080012040 mem 0x0000000080031f38
core   0: 0x000000008000ff6c (0xfb843783) ld      a5, -72(s0)
core   0: 3 0x000000008000ff6c (0xfb843783) x15 0x000000000000009c mem 0x0000000080031f28
core   0: 0x000000008000ff70 (0x000097ba) c.add   a5, a4
core   0: 3 0x000000008000ff70 (0x97ba) x15 0x00000000800120dc
core   0: 0x000000008000ff72 (0xfe043703) ld      a4, -32(s0)
core   0: 3 0x000000008000ff72 (0xfe043703) x14 0x00000000800120c9 mem 0x0000000080031f50
core   0: 0x000000008000ff76 (0xfcf76de3) bltu    a4, a5, pc - 38
core   0: 3 0x000000008000ff76 (0xfcf76de3)
core   0: 0x000000008000ff50 (0xfe043783) ld      a5, -32(s0)
core   0: 3 0x000000008000ff50 (0xfe043783) x15 0x00000000800120c9 mem 0x0000000080031f50
core   0: 0x000000008000ff54 (0x00178713) addi    a4, a5, 1
core   0: 3 0x000000008000ff54 (0x00178713) x14 0x00000000800120ca
core   0: 0x000000008000ff58 (0xfee43023) sd      a4, -32(s0)
core   0: 3 0x000000008000ff58 (0xfee43023) mem 0x0000000080031f50 0x00000000800120ca
core   0: 0x000000008000ff5c (0xfc442703) lw      a4, -60(s0)
core   0: 3 0x000000008000ff5c (0xfc442703) x14 0x0000000000000000 mem 0x0000000080031f34
core   0: 0x000000008000ff60 (0x0ff77713) andi    a4, a4, 255
core   0: 3 0x000000008000ff60 (0x0ff77713) x14 0x0000000000000000
core   0: 0x000000008000ff64 (0x00e78023) sb      a4, 0(a5)
core   0: 3 0x000000008000ff64 (0x00e78023) mem 0x00000000800120c9 0x00
core   0: 0x000000008000ff68 (0xfc843703) ld      a4, -56(s0)
core   0: 3 0x000000008000ff68 (0xfc843703) x14 0x0000000080012040 mem 0x0000000080031f38
core   0: 0x000000008000ff6c (0xfb843783) ld      a5, -72(s0)
core   0: 3 0x000000008000ff6c (0xfb843783) x15 0x000000000000009c mem 0x0000000080031f28
core   0: 0x000000008000ff70 (0x000097ba) c.add   a5, a4
core   0: 3 0x000000008000ff70 (0x97ba) x15 0x00000000800120dc
core   0: 0x000000008000ff72 (0xfe043703) ld      a4, -32(s0)
core   0: 3 0x000000008000ff72 (0xfe043703) x14 0x00000000800120ca mem 0x0000000080031f50
core   0: 0x000000008000ff76 (0xfcf76de3) bltu    a4, a5, pc - 38
core   0: 3 0x000000008000ff76 (0xfcf76de3)
core   0: 0x000000008000ff50 (0xfe043783) ld      a5, -32(s0)
core   0: 3 0x000000008000ff50 (0xfe043783) x15 0x00000000800120ca mem 0x0000000080031f50
core   0: 0x000000008000ff54 (0x00178713) addi    a4, a5, 1
core   0: 3 0x000000008000ff54 (0x00178713) x14 0x00000000800120cb
core   0: 0x000000008000ff58 (0xfee43023) sd      a4, -32(s0)
core   0: 3 0x000000008000ff58 (0xfee43023) mem 0x0000000080031f50 0x00000000800120cb
core   0: 0x000000008000ff5c (0xfc442703) lw      a4, -60(s0)
core   0: 3 0x000000008000ff5c (0xfc442703) x14 0x0000000000000000 mem 0x0000000080031f34
core   0: 0x000000008000ff60 (0x0ff77713) andi    a4, a4, 255
core   0: 3 0x000000008000ff60 (0x0ff77713) x14 0x0000000000000000
core   0: 0x000000008000ff64 (0x00e78023) sb      a4, 0(a5)
core   0: 3 0x000000008000ff64 (0x00e78023) mem 0x00000000800120ca 0x00
core   0: 0x000000008000ff68 (0xfc843703) ld      a4, -56(s0)
core   0: 3 0x000000008000ff68 (0xfc843703) x14 0x0000000080012040 mem 0x0000000080031f38
core   0: 0x000000008000ff6c (0xfb843783) ld      a5, -72(s0)
core   0: 3 0x000000008000ff6c (0xfb843783) x15 0x000000000000009c mem 0x0000000080031f28
core   0: 0x000000008000ff70 (0x000097ba) c.add   a5, a4
core   0: 3 0x000000008000ff70 (0x97ba) x15 0x00000000800120dc
core   0: 0x000000008000ff72 (0xfe043703) ld      a4, -32(s0)
core   0: 3 0x000000008000ff72 (0xfe043703) x14 0x00000000800120cb mem 0x0000000080031f50
core   0: 0x000000008000ff76 (0xfcf76de3) bltu    a4, a5, pc - 38
core   0: 3 0x000000008000ff76 (0xfcf76de3)
core   0: 0x000000008000ff50 (0xfe043783) ld      a5, -32(s0)
core   0: 3 0x000000008000ff50 (0xfe043783) x15 0x00000000800120cb mem 0x0000000080031f50
core   0: 0x000000008000ff54 (0x00178713) addi    a4, a5, 1
core   0: 3 0x000000008000ff54 (0x00178713) x14 0x00000000800120cc
core   0: 0x000000008000ff58 (0xfee43023) sd      a4, -32(s0)
core   0: 3 0x000000008000ff58 (0xfee43023) mem 0x0000000080031f50 0x00000000800120cc
core   0: 0x000000008000ff5c (0xfc442703) lw      a4, -60(s0)
core   0: 3 0x000000008000ff5c (0xfc442703) x14 0x0000000000000000 mem 0x0000000080031f34
core   0: 0x000000008000ff60 (0x0ff77713) andi    a4, a4, 255
core   0: 3 0x000000008000ff60 (0x0ff77713) x14 0x0000000000000000
core   0: 0x000000008000ff64 (0x00e78023) sb      a4, 0(a5)
core   0: 3 0x000000008000ff64 (0x00e78023) mem 0x00000000800120cb 0x00
core   0: 0x000000008000ff68 (0xfc843703) ld      a4, -56(s0)
core   0: 3 0x000000008000ff68 (0xfc843703) x14 0x0000000080012040 mem 0x0000000080031f38
core   0: 0x000000008000ff6c (0xfb843783) ld      a5, -72(s0)
core   0: 3 0x000000008000ff6c (0xfb843783) x15 0x000000000000009c mem 0x0000000080031f28
core   0: 0x000000008000ff70 (0x000097ba) c.add   a5, a4
core   0: 3 0x000000008000ff70 (0x97ba) x15 0x00000000800120dc
core   0: 0x000000008000ff72 (0xfe043703) ld      a4, -32(s0)
core   0: 3 0x000000008000ff72 (0xfe043703) x14 0x00000000800120cc mem 0x0000000080031f50
core   0: 0x000000008000ff76 (0xfcf76de3) bltu    a4, a5, pc - 38
core   0: 3 0x000000008000ff76 (0xfcf76de3)
core   0: 0x000000008000ff50 (0xfe043783) ld      a5, -32(s0)
core   0: 3 0x000000008000ff50 (0xfe043783) x15 0x00000000800120cc mem 0x0000000080031f50
core   0: 0x000000008000ff54 (0x00178713) addi    a4, a5, 1
core   0: 3 0x000000008000ff54 (0x00178713) x14 0x00000000800120cd
core   0: 0x000000008000ff58 (0xfee43023) sd      a4, -32(s0)
core   0: 3 0x000000008000ff58 (0xfee43023) mem 0x0000000080031f50 0x00000000800120cd
core   0: 0x000000008000ff5c (0xfc442703) lw      a4, -60(s0)
core   0: 3 0x000000008000ff5c (0xfc442703) x14 0x0000000000000000 mem 0x0000000080031f34
core   0: 0x000000008000ff60 (0x0ff77713) andi    a4, a4, 255
core   0: 3 0x000000008000ff60 (0x0ff77713) x14 0x0000000000000000
core   0: 0x000000008000ff64 (0x00e78023) sb      a4, 0(a5)
core   0: 3 0x000000008000ff64 (0x00e78023) mem 0x00000000800120cc 0x00
core   0: 0x000000008000ff68 (0xfc843703) ld      a4, -56(s0)
core   0: 3 0x000000008000ff68 (0xfc843703) x14 0x0000000080012040 mem 0x0000000080031f38
core   0: 0x000000008000ff6c (0xfb843783) ld      a5, -72(s0)
core   0: 3 0x000000008000ff6c (0xfb843783) x15 0x000000000000009c mem 0x0000000080031f28
core   0: 0x000000008000ff70 (0x000097ba) c.add   a5, a4
core   0: 3 0x000000008000ff70 (0x97ba) x15 0x00000000800120dc
core   0: 0x000000008000ff72 (0xfe043703) ld      a4, -32(s0)
core   0: 3 0x000000008000ff72 (0xfe043703) x14 0x00000000800120cd mem 0x0000000080031f50
core   0: 0x000000008000ff76 (0xfcf76de3) bltu    a4, a5, pc - 38
core   0: 3 0x000000008000ff76 (0xfcf76de3)
core   0: 0x000000008000ff50 (0xfe043783) ld      a5, -32(s0)
core   0: 3 0x000000008000ff50 (0xfe043783) x15 0x00000000800120cd mem 0x0000000080031f50
core   0: 0x000000008000ff54 (0x00178713) addi    a4, a5, 1
core   0: 3 0x000000008000ff54 (0x00178713) x14 0x00000000800120ce
core   0: 0x000000008000ff58 (0xfee43023) sd      a4, -32(s0)
core   0: 3 0x000000008000ff58 (0xfee43023) mem 0x0000000080031f50 0x00000000800120ce
core   0: 0x000000008000ff5c (0xfc442703) lw      a4, -60(s0)
core   0: 3 0x000000008000ff5c (0xfc442703) x14 0x0000000000000000 mem 0x0000000080031f34
core   0: 0x000000008000ff60 (0x0ff77713) andi    a4, a4, 255
core   0: 3 0x000000008000ff60 (0x0ff77713) x14 0x0000000000000000
core   0: 0x000000008000ff64 (0x00e78023) sb      a4, 0(a5)
core   0: 3 0x000000008000ff64 (0x00e78023) mem 0x00000000800120cd 0x00
core   0: 0x000000008000ff68 (0xfc843703) ld      a4, -56(s0)
core   0: 3 0x000000008000ff68 (0xfc843703) x14 0x0000000080012040 mem 0x0000000080031f38
core   0: 0x000000008000ff6c (0xfb843783) ld      a5, -72(s0)
core   0: 3 0x000000008000ff6c (0xfb843783) x15 0x000000000000009c mem 0x0000000080031f28
core   0: 0x000000008000ff70 (0x000097ba) c.add   a5, a4
core   0: 3 0x000000008000ff70 (0x97ba) x15 0x00000000800120dc
core   0: 0x000000008000ff72 (0xfe043703) ld      a4, -32(s0)
core   0: 3 0x000000008000ff72 (0xfe043703) x14 0x00000000800120ce mem 0x0000000080031f50
core   0: 0x000000008000ff76 (0xfcf76de3) bltu    a4, a5, pc - 38
core   0: 3 0x000000008000ff76 (0xfcf76de3)
core   0: 0x000000008000ff50 (0xfe043783) ld      a5, -32(s0)
core   0: 3 0x000000008000ff50 (0xfe043783) x15 0x00000000800120ce mem 0x0000000080031f50
core   0: 0x000000008000ff54 (0x00178713) addi    a4, a5, 1
core   0: 3 0x000000008000ff54 (0x00178713) x14 0x00000000800120cf
core   0: 0x000000008000ff58 (0xfee43023) sd      a4, -32(s0)
core   0: 3 0x000000008000ff58 (0xfee43023) mem 0x0000000080031f50 0x00000000800120cf
core   0: 0x000000008000ff5c (0xfc442703) lw      a4, -60(s0)
core   0: 3 0x000000008000ff5c (0xfc442703) x14 0x0000000000000000 mem 0x0000000080031f34
core   0: 0x000000008000ff60 (0x0ff77713) andi    a4, a4, 255
core   0: 3 0x000000008000ff60 (0x0ff77713) x14 0x0000000000000000
core   0: 0x000000008000ff64 (0x00e78023) sb      a4, 0(a5)
core   0: 3 0x000000008000ff64 (0x00e78023) mem 0x00000000800120ce 0x00
core   0: 0x000000008000ff68 (0xfc843703) ld      a4, -56(s0)
core   0: 3 0x000000008000ff68 (0xfc843703) x14 0x0000000080012040 mem 0x0000000080031f38
core   0: 0x000000008000ff6c (0xfb843783) ld      a5, -72(s0)
core   0: 3 0x000000008000ff6c (0xfb843783) x15 0x000000000000009c mem 0x0000000080031f28
core   0: 0x000000008000ff70 (0x000097ba) c.add   a5, a4
core   0: 3 0x000000008000ff70 (0x97ba) x15 0x00000000800120dc
core   0: 0x000000008000ff72 (0xfe043703) ld      a4, -32(s0)
core   0: 3 0x000000008000ff72 (0xfe043703) x14 0x00000000800120cf mem 0x0000000080031f50
core   0: 0x000000008000ff76 (0xfcf76de3) bltu    a4, a5, pc - 38
core   0: 3 0x000000008000ff76 (0xfcf76de3)
core   0: 0x000000008000ff50 (0xfe043783) ld      a5, -32(s0)
core   0: 3 0x000000008000ff50 (0xfe043783) x15 0x00000000800120cf mem 0x0000000080031f50
core   0: 0x000000008000ff54 (0x00178713) addi    a4, a5, 1
core   0: 3 0x000000008000ff54 (0x00178713) x14 0x00000000800120d0
core   0: 0x000000008000ff58 (0xfee43023) sd      a4, -32(s0)
core   0: 3 0x000000008000ff58 (0xfee43023) mem 0x0000000080031f50 0x00000000800120d0
core   0: 0x000000008000ff5c (0xfc442703) lw      a4, -60(s0)
core   0: 3 0x000000008000ff5c (0xfc442703) x14 0x0000000000000000 mem 0x0000000080031f34
core   0: 0x000000008000ff60 (0x0ff77713) andi    a4, a4, 255
core   0: 3 0x000000008000ff60 (0x0ff77713) x14 0x0000000000000000
core   0: 0x000000008000ff64 (0x00e78023) sb      a4, 0(a5)
core   0: 3 0x000000008000ff64 (0x00e78023) mem 0x00000000800120cf 0x00
core   0: 0x000000008000ff68 (0xfc843703) ld      a4, -56(s0)
core   0: 3 0x000000008000ff68 (0xfc843703) x14 0x0000000080012040 mem 0x0000000080031f38
core   0: 0x000000008000ff6c (0xfb843783) ld      a5, -72(s0)
core   0: 3 0x000000008000ff6c (0xfb843783) x15 0x000000000000009c mem 0x0000000080031f28
core   0: 0x000000008000ff70 (0x000097ba) c.add   a5, a4
core   0: 3 0x000000008000ff70 (0x97ba) x15 0x00000000800120dc
core   0: 0x000000008000ff72 (0xfe043703) ld      a4, -32(s0)
core   0: 3 0x000000008000ff72 (0xfe043703) x14 0x00000000800120d0 mem 0x0000000080031f50
core   0: 0x000000008000ff76 (0xfcf76de3) bltu    a4, a5, pc - 38
core   0: 3 0x000000008000ff76 (0xfcf76de3)
core   0: 0x000000008000ff50 (0xfe043783) ld      a5, -32(s0)
core   0: 3 0x000000008000ff50 (0xfe043783) x15 0x00000000800120d0 mem 0x0000000080031f50
core   0: 0x000000008000ff54 (0x00178713) addi    a4, a5, 1
core   0: 3 0x000000008000ff54 (0x00178713) x14 0x00000000800120d1
core   0: 0x000000008000ff58 (0xfee43023) sd      a4, -32(s0)
core   0: 3 0x000000008000ff58 (0xfee43023) mem 0x0000000080031f50 0x00000000800120d1
core   0: 0x000000008000ff5c (0xfc442703) lw      a4, -60(s0)
core   0: 3 0x000000008000ff5c (0xfc442703) x14 0x0000000000000000 mem 0x0000000080031f34
core   0: 0x000000008000ff60 (0x0ff77713) andi    a4, a4, 255
core   0: 3 0x000000008000ff60 (0x0ff77713) x14 0x0000000000000000
core   0: 0x000000008000ff64 (0x00e78023) sb      a4, 0(a5)
core   0: 3 0x000000008000ff64 (0x00e78023) mem 0x00000000800120d0 0x00
core   0: 0x000000008000ff68 (0xfc843703) ld      a4, -56(s0)
core   0: 3 0x000000008000ff68 (0xfc843703) x14 0x0000000080012040 mem 0x0000000080031f38
core   0: 0x000000008000ff6c (0xfb843783) ld      a5, -72(s0)
core   0: 3 0x000000008000ff6c (0xfb843783) x15 0x000000000000009c mem 0x0000000080031f28
core   0: 0x000000008000ff70 (0x000097ba) c.add   a5, a4
core   0: 3 0x000000008000ff70 (0x97ba) x15 0x00000000800120dc
core   0: 0x000000008000ff72 (0xfe043703) ld      a4, -32(s0)
core   0: 3 0x000000008000ff72 (0xfe043703) x14 0x00000000800120d1 mem 0x0000000080031f50
core   0: 0x000000008000ff76 (0xfcf76de3) bltu    a4, a5, pc - 38
core   0: 3 0x000000008000ff76 (0xfcf76de3)
core   0: 0x000000008000ff50 (0xfe043783) ld      a5, -32(s0)
core   0: 3 0x000000008000ff50 (0xfe043783) x15 0x00000000800120d1 mem 0x0000000080031f50
core   0: 0x000000008000ff54 (0x00178713) addi    a4, a5, 1
core   0: 3 0x000000008000ff54 (0x00178713) x14 0x00000000800120d2
core   0: 0x000000008000ff58 (0xfee43023) sd      a4, -32(s0)
core   0: 3 0x000000008000ff58 (0xfee43023) mem 0x0000000080031f50 0x00000000800120d2
core   0: 0x000000008000ff5c (0xfc442703) lw      a4, -60(s0)
core   0: 3 0x000000008000ff5c (0xfc442703) x14 0x0000000000000000 mem 0x0000000080031f34
core   0: 0x000000008000ff60 (0x0ff77713) andi    a4, a4, 255
core   0: 3 0x000000008000ff60 (0x0ff77713) x14 0x0000000000000000
core   0: 0x000000008000ff64 (0x00e78023) sb      a4, 0(a5)
core   0: 3 0x000000008000ff64 (0x00e78023) mem 0x00000000800120d1 0x00
core   0: 0x000000008000ff68 (0xfc843703) ld      a4, -56(s0)
core   0: 3 0x000000008000ff68 (0xfc843703) x14 0x0000000080012040 mem 0x0000000080031f38
core   0: 0x000000008000ff6c (0xfb843783) ld      a5, -72(s0)
core   0: 3 0x000000008000ff6c (0xfb843783) x15 0x000000000000009c mem 0x0000000080031f28
core   0: 0x000000008000ff70 (0x000097ba) c.add   a5, a4
core   0: 3 0x000000008000ff70 (0x97ba) x15 0x00000000800120dc
core   0: 0x000000008000ff72 (0xfe043703) ld      a4, -32(s0)
core   0: 3 0x000000008000ff72 (0xfe043703) x14 0x00000000800120d2 mem 0x0000000080031f50
core   0: 0x000000008000ff76 (0xfcf76de3) bltu    a4, a5, pc - 38
core   0: 3 0x000000008000ff76 (0xfcf76de3)
core   0: 0x000000008000ff50 (0xfe043783) ld      a5, -32(s0)
core   0: 3 0x000000008000ff50 (0xfe043783) x15 0x00000000800120d2 mem 0x0000000080031f50
core   0: 0x000000008000ff54 (0x00178713) addi    a4, a5, 1
core   0: 3 0x000000008000ff54 (0x00178713) x14 0x00000000800120d3
core   0: 0x000000008000ff58 (0xfee43023) sd      a4, -32(s0)
core   0: 3 0x000000008000ff58 (0xfee43023) mem 0x0000000080031f50 0x00000000800120d3
core   0: 0x000000008000ff5c (0xfc442703) lw      a4, -60(s0)
core   0: 3 0x000000008000ff5c (0xfc442703) x14 0x0000000000000000 mem 0x0000000080031f34
core   0: 0x000000008000ff60 (0x0ff77713) andi    a4, a4, 255
core   0: 3 0x000000008000ff60 (0x0ff77713) x14 0x0000000000000000
core   0: 0x000000008000ff64 (0x00e78023) sb      a4, 0(a5)
core   0: 3 0x000000008000ff64 (0x00e78023) mem 0x00000000800120d2 0x00
core   0: 0x000000008000ff68 (0xfc843703) ld      a4, -56(s0)
core   0: 3 0x000000008000ff68 (0xfc843703) x14 0x0000000080012040 mem 0x0000000080031f38
core   0: 0x000000008000ff6c (0xfb843783) ld      a5, -72(s0)
core   0: 3 0x000000008000ff6c (0xfb843783) x15 0x000000000000009c mem 0x0000000080031f28
core   0: 0x000000008000ff70 (0x000097ba) c.add   a5, a4
core   0: 3 0x000000008000ff70 (0x97ba) x15 0x00000000800120dc
core   0: 0x000000008000ff72 (0xfe043703) ld      a4, -32(s0)
core   0: 3 0x000000008000ff72 (0xfe043703) x14 0x00000000800120d3 mem 0x0000000080031f50
core   0: 0x000000008000ff76 (0xfcf76de3) bltu    a4, a5, pc - 38
core   0: 3 0x000000008000ff76 (0xfcf76de3)
core   0: 0x000000008000ff50 (0xfe043783) ld      a5, -32(s0)
core   0: 3 0x000000008000ff50 (0xfe043783) x15 0x00000000800120d3 mem 0x0000000080031f50
core   0: 0x000000008000ff54 (0x00178713) addi    a4, a5, 1
core   0: 3 0x000000008000ff54 (0x00178713) x14 0x00000000800120d4
core   0: 0x000000008000ff58 (0xfee43023) sd      a4, -32(s0)
core   0: 3 0x000000008000ff58 (0xfee43023) mem 0x0000000080031f50 0x00000000800120d4
core   0: 0x000000008000ff5c (0xfc442703) lw      a4, -60(s0)
core   0: 3 0x000000008000ff5c (0xfc442703) x14 0x0000000000000000 mem 0x0000000080031f34
core   0: 0x000000008000ff60 (0x0ff77713) andi    a4, a4, 255
core   0: 3 0x000000008000ff60 (0x0ff77713) x14 0x0000000000000000
core   0: 0x000000008000ff64 (0x00e78023) sb      a4, 0(a5)
core   0: 3 0x000000008000ff64 (0x00e78023) mem 0x00000000800120d3 0x00
core   0: 0x000000008000ff68 (0xfc843703) ld      a4, -56(s0)
core   0: 3 0x000000008000ff68 (0xfc843703) x14 0x0000000080012040 mem 0x0000000080031f38
core   0: 0x000000008000ff6c (0xfb843783) ld      a5, -72(s0)
core   0: 3 0x000000008000ff6c (0xfb843783) x15 0x000000000000009c mem 0x0000000080031f28
core   0: 0x000000008000ff70 (0x000097ba) c.add   a5, a4
core   0: 3 0x000000008000ff70 (0x97ba) x15 0x00000000800120dc
core   0: 0x000000008000ff72 (0xfe043703) ld      a4, -32(s0)
core   0: 3 0x000000008000ff72 (0xfe043703) x14 0x00000000800120d4 mem 0x0000000080031f50
core   0: 0x000000008000ff76 (0xfcf76de3) bltu    a4, a5, pc - 38
core   0: 3 0x000000008000ff76 (0xfcf76de3)
core   0: 0x000000008000ff50 (0xfe043783) ld      a5, -32(s0)
core   0: 3 0x000000008000ff50 (0xfe043783) x15 0x00000000800120d4 mem 0x0000000080031f50
core   0: 0x000000008000ff54 (0x00178713) addi    a4, a5, 1
core   0: 3 0x000000008000ff54 (0x00178713) x14 0x00000000800120d5
core   0: 0x000000008000ff58 (0xfee43023) sd      a4, -32(s0)
core   0: 3 0x000000008000ff58 (0xfee43023) mem 0x0000000080031f50 0x00000000800120d5
core   0: 0x000000008000ff5c (0xfc442703) lw      a4, -60(s0)
core   0: 3 0x000000008000ff5c (0xfc442703) x14 0x0000000000000000 mem 0x0000000080031f34
core   0: 0x000000008000ff60 (0x0ff77713) andi    a4, a4, 255
core   0: 3 0x000000008000ff60 (0x0ff77713) x14 0x0000000000000000
core   0: 0x000000008000ff64 (0x00e78023) sb      a4, 0(a5)
core   0: 3 0x000000008000ff64 (0x00e78023) mem 0x00000000800120d4 0x00
core   0: 0x000000008000ff68 (0xfc843703) ld      a4, -56(s0)
core   0: 3 0x000000008000ff68 (0xfc843703) x14 0x0000000080012040 mem 0x0000000080031f38
core   0: 0x000000008000ff6c (0xfb843783) ld      a5, -72(s0)
core   0: 3 0x000000008000ff6c (0xfb843783) x15 0x000000000000009c mem 0x0000000080031f28
core   0: 0x000000008000ff70 (0x000097ba) c.add   a5, a4
core   0: 3 0x000000008000ff70 (0x97ba) x15 0x00000000800120dc
core   0: 0x000000008000ff72 (0xfe043703) ld      a4, -32(s0)
core   0: 3 0x000000008000ff72 (0xfe043703) x14 0x00000000800120d5 mem 0x0000000080031f50
core   0: 0x000000008000ff76 (0xfcf76de3) bltu    a4, a5, pc - 38
core   0: 3 0x000000008000ff76 (0xfcf76de3)
core   0: 0x000000008000ff50 (0xfe043783) ld      a5, -32(s0)
core   0: 3 0x000000008000ff50 (0xfe043783) x15 0x00000000800120d5 mem 0x0000000080031f50
core   0: 0x000000008000ff54 (0x00178713) addi    a4, a5, 1
core   0: 3 0x000000008000ff54 (0x00178713) x14 0x00000000800120d6
core   0: 0x000000008000ff58 (0xfee43023) sd      a4, -32(s0)
core   0: 3 0x000000008000ff58 (0xfee43023) mem 0x0000000080031f50 0x00000000800120d6
core   0: 0x000000008000ff5c (0xfc442703) lw      a4, -60(s0)
core   0: 3 0x000000008000ff5c (0xfc442703) x14 0x0000000000000000 mem 0x0000000080031f34
core   0: 0x000000008000ff60 (0x0ff77713) andi    a4, a4, 255
core   0: 3 0x000000008000ff60 (0x0ff77713) x14 0x0000000000000000
core   0: 0x000000008000ff64 (0x00e78023) sb      a4, 0(a5)
core   0: 3 0x000000008000ff64 (0x00e78023) mem 0x00000000800120d5 0x00
core   0: 0x000000008000ff68 (0xfc843703) ld      a4, -56(s0)
core   0: 3 0x000000008000ff68 (0xfc843703) x14 0x0000000080012040 mem 0x0000000080031f38
core   0: 0x000000008000ff6c (0xfb843783) ld      a5, -72(s0)
core   0: 3 0x000000008000ff6c (0xfb843783) x15 0x000000000000009c mem 0x0000000080031f28
core   0: 0x000000008000ff70 (0x000097ba) c.add   a5, a4
core   0: 3 0x000000008000ff70 (0x97ba) x15 0x00000000800120dc
core   0: 0x000000008000ff72 (0xfe043703) ld      a4, -32(s0)
core   0: 3 0x000000008000ff72 (0xfe043703) x14 0x00000000800120d6 mem 0x0000000080031f50
core   0: 0x000000008000ff76 (0xfcf76de3) bltu    a4, a5, pc - 38
core   0: 3 0x000000008000ff76 (0xfcf76de3)
core   0: 0x000000008000ff50 (0xfe043783) ld      a5, -32(s0)
core   0: 3 0x000000008000ff50 (0xfe043783) x15 0x00000000800120d6 mem 0x0000000080031f50
core   0: 0x000000008000ff54 (0x00178713) addi    a4, a5, 1
core   0: 3 0x000000008000ff54 (0x00178713) x14 0x00000000800120d7
core   0: 0x000000008000ff58 (0xfee43023) sd      a4, -32(s0)
core   0: 3 0x000000008000ff58 (0xfee43023) mem 0x0000000080031f50 0x00000000800120d7
core   0: 0x000000008000ff5c (0xfc442703) lw      a4, -60(s0)
core   0: 3 0x000000008000ff5c (0xfc442703) x14 0x0000000000000000 mem 0x0000000080031f34
core   0: 0x000000008000ff60 (0x0ff77713) andi    a4, a4, 255
core   0: 3 0x000000008000ff60 (0x0ff77713) x14 0x0000000000000000
core   0: 0x000000008000ff64 (0x00e78023) sb      a4, 0(a5)
core   0: 3 0x000000008000ff64 (0x00e78023) mem 0x00000000800120d6 0x00
core   0: 0x000000008000ff68 (0xfc843703) ld      a4, -56(s0)
core   0: 3 0x000000008000ff68 (0xfc843703) x14 0x0000000080012040 mem 0x0000000080031f38
core   0: 0x000000008000ff6c (0xfb843783) ld      a5, -72(s0)
core   0: 3 0x000000008000ff6c (0xfb843783) x15 0x000000000000009c mem 0x0000000080031f28
core   0: 0x000000008000ff70 (0x000097ba) c.add   a5, a4
core   0: 3 0x000000008000ff70 (0x97ba) x15 0x00000000800120dc
core   0: 0x000000008000ff72 (0xfe043703) ld      a4, -32(s0)
core   0: 3 0x000000008000ff72 (0xfe043703) x14 0x00000000800120d7 mem 0x0000000080031f50
core   0: 0x000000008000ff76 (0xfcf76de3) bltu    a4, a5, pc - 38
core   0: 3 0x000000008000ff76 (0xfcf76de3)
core   0: 0x000000008000ff50 (0xfe043783) ld      a5, -32(s0)
core   0: 3 0x000000008000ff50 (0xfe043783) x15 0x00000000800120d7 mem 0x0000000080031f50
core   0: 0x000000008000ff54 (0x00178713) addi    a4, a5, 1
core   0: 3 0x000000008000ff54 (0x00178713) x14 0x00000000800120d8
core   0: 0x000000008000ff58 (0xfee43023) sd      a4, -32(s0)
core   0: 3 0x000000008000ff58 (0xfee43023) mem 0x0000000080031f50 0x00000000800120d8
core   0: 0x000000008000ff5c (0xfc442703) lw      a4, -60(s0)
core   0: 3 0x000000008000ff5c (0xfc442703) x14 0x0000000000000000 mem 0x0000000080031f34
core   0: 0x000000008000ff60 (0x0ff77713) andi    a4, a4, 255
core   0: 3 0x000000008000ff60 (0x0ff77713) x14 0x0000000000000000
core   0: 0x000000008000ff64 (0x00e78023) sb      a4, 0(a5)
core   0: 3 0x000000008000ff64 (0x00e78023) mem 0x00000000800120d7 0x00
core   0: 0x000000008000ff68 (0xfc843703) ld      a4, -56(s0)
core   0: 3 0x000000008000ff68 (0xfc843703) x14 0x0000000080012040 mem 0x0000000080031f38
core   0: 0x000000008000ff6c (0xfb843783) ld      a5, -72(s0)
core   0: 3 0x000000008000ff6c (0xfb843783) x15 0x000000000000009c mem 0x0000000080031f28
core   0: 0x000000008000ff70 (0x000097ba) c.add   a5, a4
core   0: 3 0x000000008000ff70 (0x97ba) x15 0x00000000800120dc
core   0: 0x000000008000ff72 (0xfe043703) ld      a4, -32(s0)
core   0: 3 0x000000008000ff72 (0xfe043703) x14 0x00000000800120d8 mem 0x0000000080031f50
core   0: 0x000000008000ff76 (0xfcf76de3) bltu    a4, a5, pc - 38
core   0: 3 0x000000008000ff76 (0xfcf76de3)
core   0: 0x000000008000ff50 (0xfe043783) ld      a5, -32(s0)
core   0: 3 0x000000008000ff50 (0xfe043783) x15 0x00000000800120d8 mem 0x0000000080031f50
core   0: 0x000000008000ff54 (0x00178713) addi    a4, a5, 1
core   0: 3 0x000000008000ff54 (0x00178713) x14 0x00000000800120d9
core   0: 0x000000008000ff58 (0xfee43023) sd      a4, -32(s0)
core   0: 3 0x000000008000ff58 (0xfee43023) mem 0x0000000080031f50 0x00000000800120d9
core   0: 0x000000008000ff5c (0xfc442703) lw      a4, -60(s0)
core   0: 3 0x000000008000ff5c (0xfc442703) x14 0x0000000000000000 mem 0x0000000080031f34
core   0: 0x000000008000ff60 (0x0ff77713) andi    a4, a4, 255
core   0: 3 0x000000008000ff60 (0x0ff77713) x14 0x0000000000000000
core   0: 0x000000008000ff64 (0x00e78023) sb      a4, 0(a5)
core   0: 3 0x000000008000ff64 (0x00e78023) mem 0x00000000800120d8 0x00
core   0: 0x000000008000ff68 (0xfc843703) ld      a4, -56(s0)
core   0: 3 0x000000008000ff68 (0xfc843703) x14 0x0000000080012040 mem 0x0000000080031f38
core   0: 0x000000008000ff6c (0xfb843783) ld      a5, -72(s0)
core   0: 3 0x000000008000ff6c (0xfb843783) x15 0x000000000000009c mem 0x0000000080031f28
core   0: 0x000000008000ff70 (0x000097ba) c.add   a5, a4
core   0: 3 0x000000008000ff70 (0x97ba) x15 0x00000000800120dc
core   0: 0x000000008000ff72 (0xfe043703) ld      a4, -32(s0)
core   0: 3 0x000000008000ff72 (0xfe043703) x14 0x00000000800120d9 mem 0x0000000080031f50
core   0: 0x000000008000ff76 (0xfcf76de3) bltu    a4, a5, pc - 38
core   0: 3 0x000000008000ff76 (0xfcf76de3)
core   0: 0x000000008000ff50 (0xfe043783) ld      a5, -32(s0)
core   0: 3 0x000000008000ff50 (0xfe043783) x15 0x00000000800120d9 mem 0x0000000080031f50
core   0: 0x000000008000ff54 (0x00178713) addi    a4, a5, 1
core   0: 3 0x000000008000ff54 (0x00178713) x14 0x00000000800120da
core   0: 0x000000008000ff58 (0xfee43023) sd      a4, -32(s0)
core   0: 3 0x000000008000ff58 (0xfee43023) mem 0x0000000080031f50 0x00000000800120da
core   0: 0x000000008000ff5c (0xfc442703) lw      a4, -60(s0)
core   0: 3 0x000000008000ff5c (0xfc442703) x14 0x0000000000000000 mem 0x0000000080031f34
core   0: 0x000000008000ff60 (0x0ff77713) andi    a4, a4, 255
core   0: 3 0x000000008000ff60 (0x0ff77713) x14 0x0000000000000000
core   0: 0x000000008000ff64 (0x00e78023) sb      a4, 0(a5)
core   0: 3 0x000000008000ff64 (0x00e78023) mem 0x00000000800120d9 0x00
core   0: 0x000000008000ff68 (0xfc843703) ld      a4, -56(s0)
core   0: 3 0x000000008000ff68 (0xfc843703) x14 0x0000000080012040 mem 0x0000000080031f38
core   0: 0x000000008000ff6c (0xfb843783) ld      a5, -72(s0)
core   0: 3 0x000000008000ff6c (0xfb843783) x15 0x000000000000009c mem 0x0000000080031f28
core   0: 0x000000008000ff70 (0x000097ba) c.add   a5, a4
core   0: 3 0x000000008000ff70 (0x97ba) x15 0x00000000800120dc
core   0: 0x000000008000ff72 (0xfe043703) ld      a4, -32(s0)
core   0: 3 0x000000008000ff72 (0xfe043703) x14 0x00000000800120da mem 0x0000000080031f50
core   0: 0x000000008000ff76 (0xfcf76de3) bltu    a4, a5, pc - 38
core   0: 3 0x000000008000ff76 (0xfcf76de3)
core   0: 0x000000008000ff50 (0xfe043783) ld      a5, -32(s0)
core   0: 3 0x000000008000ff50 (0xfe043783) x15 0x00000000800120da mem 0x0000000080031f50
core   0: 0x000000008000ff54 (0x00178713) addi    a4, a5, 1
core   0: 3 0x000000008000ff54 (0x00178713) x14 0x00000000800120db
core   0: 0x000000008000ff58 (0xfee43023) sd      a4, -32(s0)
core   0: 3 0x000000008000ff58 (0xfee43023) mem 0x0000000080031f50 0x00000000800120db
core   0: 0x000000008000ff5c (0xfc442703) lw      a4, -60(s0)
core   0: 3 0x000000008000ff5c (0xfc442703) x14 0x0000000000000000 mem 0x0000000080031f34
core   0: 0x000000008000ff60 (0x0ff77713) andi    a4, a4, 255
core   0: 3 0x000000008000ff60 (0x0ff77713) x14 0x0000000000000000
core   0: 0x000000008000ff64 (0x00e78023) sb      a4, 0(a5)
core   0: 3 0x000000008000ff64 (0x00e78023) mem 0x00000000800120da 0x00
core   0: 0x000000008000ff68 (0xfc843703) ld      a4, -56(s0)
core   0: 3 0x000000008000ff68 (0xfc843703) x14 0x0000000080012040 mem 0x0000000080031f38
core   0: 0x000000008000ff6c (0xfb843783) ld      a5, -72(s0)
core   0: 3 0x000000008000ff6c (0xfb843783) x15 0x000000000000009c mem 0x0000000080031f28
core   0: 0x000000008000ff70 (0x000097ba) c.add   a5, a4
core   0: 3 0x000000008000ff70 (0x97ba) x15 0x00000000800120dc
core   0: 0x000000008000ff72 (0xfe043703) ld      a4, -32(s0)
core   0: 3 0x000000008000ff72 (0xfe043703) x14 0x00000000800120db mem 0x0000000080031f50
core   0: 0x000000008000ff76 (0xfcf76de3) bltu    a4, a5, pc - 38
core   0: 3 0x000000008000ff76 (0xfcf76de3)
core   0: 0x000000008000ff50 (0xfe043783) ld      a5, -32(s0)
core   0: 3 0x000000008000ff50 (0xfe043783) x15 0x00000000800120db mem 0x0000000080031f50
core   0: 0x000000008000ff54 (0x00178713) addi    a4, a5, 1
core   0: 3 0x000000008000ff54 (0x00178713) x14 0x00000000800120dc
core   0: 0x000000008000ff58 (0xfee43023) sd      a4, -32(s0)
core   0: 3 0x000000008000ff58 (0xfee43023) mem 0x0000000080031f50 0x00000000800120dc
core   0: 0x000000008000ff5c (0xfc442703) lw      a4, -60(s0)
core   0: 3 0x000000008000ff5c (0xfc442703) x14 0x0000000000000000 mem 0x0000000080031f34
core   0: 0x000000008000ff60 (0x0ff77713) andi    a4, a4, 255
core   0: 3 0x000000008000ff60 (0x0ff77713) x14 0x0000000000000000
core   0: 0x000000008000ff64 (0x00e78023) sb      a4, 0(a5)
core   0: 3 0x000000008000ff64 (0x00e78023) mem 0x00000000800120db 0x00
core   0: 0x000000008000ff68 (0xfc843703) ld      a4, -56(s0)
core   0: 3 0x000000008000ff68 (0xfc843703) x14 0x0000000080012040 mem 0x0000000080031f38
core   0: 0x000000008000ff6c (0xfb843783) ld      a5, -72(s0)
core   0: 3 0x000000008000ff6c (0xfb843783) x15 0x000000000000009c mem 0x0000000080031f28
core   0: 0x000000008000ff70 (0x000097ba) c.add   a5, a4
core   0: 3 0x000000008000ff70 (0x97ba) x15 0x00000000800120dc
core   0: 0x000000008000ff72 (0xfe043703) ld      a4, -32(s0)
core   0: 3 0x000000008000ff72 (0xfe043703) x14 0x00000000800120dc mem 0x0000000080031f50
core   0: 0x000000008000ff76 (0xfcf76de3) bltu    a4, a5, pc - 38
core   0: 3 0x000000008000ff76 (0xfcf76de3)
core   0: 0x000000008000ff7a (0xfc843783) ld      a5, -56(s0)
core   0: 3 0x000000008000ff7a (0xfc843783) x15 0x0000000080012040 mem 0x0000000080031f38
core   0: 0x000000008000ff7e (0x0000853e) c.mv    a0, a5
core   0: 3 0x000000008000ff7e (0x853e) x10 0x0000000080012040
core   0: 0x000000008000ff80 (0x00006426) c.ldsp  s0, 72(sp)
core   0: 3 0x000000008000ff80 (0x6426) x8  0x0000000080031f90 mem 0x0000000080031f68
core   0: 0x000000008000ff82 (0x00006161) c.addi16sp sp, 80
core   0: 3 0x000000008000ff82 (0x6161) x2  0x0000000080031f70
core   0: 0x000000008000ff84 (0x00008082) ret
core   0: 3 0x000000008000ff84 (0x8082)
core   0: 0x000000008000f538 (0x00000001) c.nop
core   0: 3 0x000000008000f538 (0x0001)
core   0: 0x000000008000f53a (0x000060e2) c.ldsp  ra, 24(sp)
core   0: 3 0x000000008000f53a (0x60e2) x1  0x000000008000f578 mem 0x0000000080031f88
core   0: 0x000000008000f53c (0x00006442) c.ldsp  s0, 16(sp)
core   0: 3 0x000000008000f53c (0x6442) x8  0x0000000080032040 mem 0x0000000080031f80
core   0: 0x000000008000f53e (0x00006105) c.addi16sp sp, 32
core   0: 3 0x000000008000f53e (0x6105) x2  0x0000000080031f90
core   0: 0x000000008000f540 (0x00008082) ret
core   0: 3 0x000000008000f540 (0x8082)
core   0: 0x000000008000f578 (0xf5842703) lw      a4, -168(s0)
core   0: 3 0x000000008000f578 (0xf5842703) x14 0x0000000000000001 mem 0x0000000080031f98
core   0: 0x000000008000f57c (0xf5c42783) lw      a5, -164(s0)
core   0: 3 0x000000008000f57c (0xf5c42783) x15 0x0000000000000000 mem 0x0000000080031f9c
core   0: 0x000000008000f580 (0x000085ba) c.mv    a1, a4
core   0: 3 0x000000008000f580 (0x85ba) x11 0x0000000000000001
core   0: 0x000000008000f582 (0x0000853e) c.mv    a0, a5
core   0: 3 0x000000008000f582 (0x853e) x10 0x0000000000000000
core   0: 0x000000008000f584 (0xf03ff0ef) jal     pc - 0xfe
core   0: 3 0x000000008000f584 (0xf03ff0ef) x1  0x000000008000f588
core   0: >>>>  thread_entry
core   0: 0x000000008000f486 (0x00001101) c.addi  sp, -32
core   0: 3 0x000000008000f486 (0x1101) x2  0x0000000080031f70
core   0: 0x000000008000f488 (0x0000ec22) c.sdsp  s0, 24(sp)
core   0: 3 0x000000008000f488 (0xec22) mem 0x0000000080031f88 0x0000000080032040
core   0: 0x000000008000f48a (0x00001000) c.addi4spn s0, sp, 32
core   0: 3 0x000000008000f48a (0x1000) x8  0x0000000080031f90
core   0: 0x000000008000f48c (0x000087aa) c.mv    a5, a0
core   0: 3 0x000000008000f48c (0x87aa) x15 0x0000000000000000
core   0: 0x000000008000f48e (0x0000872e) c.mv    a4, a1
core   0: 3 0x000000008000f48e (0x872e) x14 0x0000000000000001
core   0: 0x000000008000f490 (0xfef42623) sw      a5, -20(s0)
core   0: 3 0x000000008000f490 (0xfef42623) mem 0x0000000080031f7c 0x00000000
core   0: 0x000000008000f494 (0x000087ba) c.mv    a5, a4
core   0: 3 0x000000008000f494 (0x87ba) x15 0x0000000000000001
core   0: 0x000000008000f496 (0xfef42423) sw      a5, -24(s0)
core   0: 3 0x000000008000f496 (0xfef42423) mem 0x0000000080031f78 0x00000001
core   0: 0x000000008000f49a (0x00000001) c.nop
core   0: 3 0x000000008000f49a (0x0001)
core   0: 0x000000008000f49c (0xfec42783) lw      a5, -20(s0)
core   0: 3 0x000000008000f49c (0xfec42783) x15 0x0000000000000000 mem 0x0000000080031f7c
core   0: 0x000000008000f4a0 (0x00002781) c.addiw a5, 0
core   0: 3 0x000000008000f4a0 (0x2781) x15 0x0000000000000000
core   0: 0x000000008000f4a2 (0x0000ffed) c.bnez  a5, pc - 6
core   0: 3 0x000000008000f4a2 (0xffed)
core   0: 0x000000008000f4a4 (0x00000001) c.nop
core   0: 3 0x000000008000f4a4 (0x0001)
core   0: 0x000000008000f4a6 (0x00000001) c.nop
core   0: 3 0x000000008000f4a6 (0x0001)
core   0: 0x000000008000f4a8 (0x00006462) c.ldsp  s0, 24(sp)
core   0: 3 0x000000008000f4a8 (0x6462) x8  0x0000000080032040 mem 0x0000000080031f88
core   0: 0x000000008000f4aa (0x00006105) c.addi16sp sp, 32
core   0: 3 0x000000008000f4aa (0x6105) x2  0x0000000080031f90
core   0: 0x000000008000f4ac (0x00008082) ret
core   0: 3 0x000000008000f4ac (0x8082)
core   0: 0x000000008000f588 (0x00004581) c.li    a1, 0
core   0: 3 0x000000008000f588 (0x4581) x11 0x0000000000000000
core   0: 0x000000008000f58a (0x00004501) c.li    a0, 0
core   0: 3 0x000000008000f58a (0x4501) x10 0x0000000000000000
core   0: 0x000000008000f58c (0xa75f20ef) jal     pc - 0xd58c
core   0: 3 0x000000008000f58c (0xa75f20ef) x1  0x000000008000f590
core   0: >>>>  main
core   0: 0x0000000080002000 (0x00000001) c.nop
core   0: 3 0x0000000080002000 (0x0001)
core   0: >>>>  trap_vec_init
core   0: 0x0000000080002002 (0x00002797) auipc   a5, 0x2
core   0: 3 0x0000000080002002 (0x00002797) x15 0x0000000080004002
core   0: 0x0000000080002006 (0xffe78793) addi    a5, a5, -2
core   0: 3 0x0000000080002006 (0xffe78793) x15 0x0000000080004000
core   0: 0x000000008000200a (0x30579073) csrrw   zero, mtvec, a5
core   0: 3 0x000000008000200a (0x30579073) c773_mtvec 0x0000000080004000
core   0: >>>>  pmp_setup
core   0: 0x000000008000200e (0x00002c17) auipc   s8, 0x2
core   0: 3 0x000000008000200e (0x00002c17) x24 0x000000008000400e
core   0: 0x0000000080002012 (0x022c0c13) addi    s8, s8, 34
core   0: 3 0x0000000080002012 (0x022c0c13) x24 0x0000000080004030
core   0: 0x0000000080002016 (0x00004781) c.li    a5, 0
core   0: 3 0x0000000080002016 (0x4781) x15 0x0000000000000000
core   0: 0x0000000080002018 (0x00009c3e) c.add   s8, a5
core   0: 3 0x0000000080002018 (0x9c3e) x24 0x0000000080004030
core   0: 0x000000008000201a (0x3b0c1073) csrrw   zero, pmpaddr0, s8
core   0: 3 0x000000008000201a (0x3b0c1073) c944_pmpaddr0 0x0000000080004030
core   0: 0x000000008000201e (0x00004c3d) c.li    s8, 15
core   0: 3 0x000000008000201e (0x4c3d) x24 0x000000000000000f
core   0: 0x0000000080002020 (0x3a0c1073) csrrw   zero, pmpcfg0, s8
core   0: 3 0x0000000080002020 (0x3a0c1073) c928_pmpcfg0 0x000000000000000f
core   0: 0x0000000080002024 (0x12000073) sfence.vma zero, zero
core   0: 3 0x0000000080002024 (0x12000073)
core   0: >>>>  mepc_setup
core   0: 0x0000000080002028 (0x00002797) auipc   a5, 0x2
core   0: 3 0x0000000080002028 (0x00002797) x15 0x0000000080004028
core   0: 0x000000008000202c (0x00878793) addi    a5, a5, 8
core   0: 3 0x000000008000202c (0x00878793) x15 0x0000000080004030
core   0: 0x0000000080002030 (0x34179073) csrrw   zero, mepc, a5
core   0: 3 0x0000000080002030 (0x34179073) c833_mepc 0x0000000080004030
core   0: >>>>  custom_csr_setup
core   0: 0x0000000080002034 (0x00100f9b) addiw   t6, zero, 1
core   0: 3 0x0000000080002034 (0x00100f9b) x31 0x0000000000000001
core   0: 0x0000000080002038 (0x00000ffe) c.slli  t6, 31
core   0: 3 0x0000000080002038 (0x0ffe) x31 0x0000000080000000
core   0: 0x000000008000203a (0x00000001) c.nop
core   0: 3 0x000000008000203a (0x0001)
core   0: >>>>  init_s_mode
core   0: 0x000000008000203c (0xfff0079b) addiw   a5, zero, -1
core   0: 3 0x000000008000203c (0xfff0079b) x15 0xffffffffffffffff
core   0: 0x0000000080002040 (0x000017fe) c.slli  a5, 63
core   0: 3 0x0000000080002040 (0x17fe) x15 0x8000000000000000
core   0: 0x0000000080002042 (0x18079073) csrrw   zero, satp, a5
core   0: 3 0x0000000080002042 (0x18079073) c384_satp 0x8000000000000000
core   0: 0x0000000080002046 (0x0000f797) auipc   a5, 0xf
core   0: 3 0x0000000080002046 (0x0000f797) x15 0x0000000080011046
core   0: 0x000000008000204a (0xfba78793) addi    a5, a5, -70
core   0: 3 0x000000008000204a (0xfba78793) x15 0x0000000080011000
core   0: 0x000000008000204e (0x000083b1) c.srli  a5, 12
core   0: 3 0x000000008000204e (0x83b1) x15 0x0000000000080011
core   0: 0x0000000080002050 (0x0010061b) addiw   a2, zero, 1
core   0: 3 0x0000000080002050 (0x0010061b) x12 0x0000000000000001
core   0: 0x0000000080002054 (0x00001632) c.slli  a2, 44
core   0: 3 0x0000000080002054 (0x1632) x12 0x0000100000000000
core   0: 0x0000000080002056 (0x0000167d) c.addi  a2, -1
core   0: 3 0x0000000080002056 (0x167d) x12 0x00000fffffffffff
core   0: 0x0000000080002058 (0x00008ff1) c.and   a5, a2
core   0: 3 0x0000000080002058 (0x8ff1) x15 0x0000000000080011
core   0: 0x000000008000205a (0x1807a073) csrrs   zero, satp, a5
core   0: 3 0x000000008000205a (0x1807a073) c384_satp 0x8000000000080011
core   0: 0x000000008000205e (0x00a005b7) lui     a1, 0xa00
core   0: 3 0x000000008000205e (0x00a005b7) x11 0x0000000000a00000
core   0: 0x0000000080002062 (0x10b5859b) addiw   a1, a1, 267
core   0: 3 0x0000000080002062 (0x10b5859b) x11 0x0000000000a0010b
core   0: 0x0000000080002066 (0x000005b2) c.slli  a1, 12
core   0: 3 0x0000000080002066 (0x05b2) x11 0x0000000a0010b000
core   0: 0x0000000080002068 (0xa0058593) addi    a1, a1, -1536
core   0: 3 0x0000000080002068 (0xa0058593) x11 0x0000000a0010aa00
core   0: 0x000000008000206c (0x30059073) csrrw   zero, mstatus, a1
core   0: 3 0x000000008000206c (0x30059073) c768_mstatus 0x0000000a00102800
core   0: 0x0000000080002070 (0x30459073) csrrw   zero, mie, a1
core   0: 3 0x0000000080002070 (0x30459073) c772_mie 0x0000000000000a00
core   0: 0x0000000080002074 (0x00a005b7) lui     a1, 0xa00
core   0: 3 0x0000000080002074 (0x00a005b7) x11 0x0000000000a00000
core   0: 0x0000000080002078 (0x10b5859b) addiw   a1, a1, 267
core   0: 3 0x0000000080002078 (0x10b5859b) x11 0x0000000000a0010b
core   0: 0x000000008000207c (0x000005b2) c.slli  a1, 12
core   0: 3 0x000000008000207c (0x05b2) x11 0x0000000a0010b000
core   0: 0x000000008000207e (0xa0058593) addi    a1, a1, -1536
core   0: 3 0x000000008000207e (0xa0058593) x11 0x0000000a0010aa00
core   0: 0x0000000080002082 (0x10059073) csrrw   zero, sstatus, a1
core   0: 3 0x0000000080002082 (0x10059073) c768_mstatus 0x0000000a00102800
core   0: 0x0000000080002086 (0x10459073) csrrw   zero, sie, a1
core   0: 3 0x0000000080002086 (0x10459073) c772_mie 0x0000000000000a00
core   0: 0x000000008000208a (0x30200073) mret
core   0: 3 0x000000008000208a (0x30200073) c768_mstatus 0x0000000a00102080
core   0: >>>>  main_g
core   0: 0x0000000080004030 (0x02e23033) mulhu   zero, tp, a4
core   0: 1 0x0000000080004030 (0x02e23033)
core   0: 0x0000000080004034 (0x018c2233) slt     tp, s8, s8
core   0: 1 0x0000000080004034 (0x018c2233) x4  0x0000000000000000
core   0: 0x0000000080004038 (0x039dd413) srli    s0, s11, 57
core   0: 1 0x0000000080004038 (0x039dd413) x8  0x0000000000000000
core   0: 0x000000008000403c (0x03b769bb) remw    s3, a4, s11
core   0: 1 0x000000008000403c (0x03b769bb) x19 0x0000000000000001
core   0: 0x0000000080004040 (0x001ddb3b) srlw    s6, s11, ra
core   0: 1 0x0000000080004040 (0x001ddb3b) x22 0x0000000000000000
core   0: 0x0000000080004044 (0x4013ff53) fcvt.s.d ft10, ft7
core   0: 1 0x0000000080004044 (0x4013ff53) c768_mstatus 0x8000000a00106080 f30 0xffffffff7fc00000
core   0: 0x0000000080004048 (0x015e983b) sllw    a6, t4, s5
core   0: 1 0x0000000080004048 (0x015e983b) x16 0x0000000000000000
core   0: 0x000000008000404c (0x00ee5793) srli    a5, t3, 14
core   0: 1 0x000000008000404c (0x00ee5793) x15 0x0000000000000000
core   0: 0x0000000080004050 (0x405b02b3) sub     t0, s6, t0
core   0: 1 0x0000000080004050 (0x405b02b3) x5  0xffffffff7ffffedc
core   0: 0x0000000080004054 (0xa3e30853) fle.d   a6, ft6, ft10
core   0: 1 0x0000000080004054 (0xa3e30853) c1_fflags 0x0000000000000010 x16 0x0000000000000000
core   0: 0x0000000080004058 (0x030ddbbb) divuw   s7, s11, a6
core   0: 1 0x0000000080004058 (0x030ddbbb) x23 0xffffffffffffffff
core   0: 0x000000008000405c (0x02731ab3) mulh    s5, t1, t2
core   0: 1 0x000000008000405c (0x02731ab3) x21 0x0000000000000000
core   0: 0x0000000080004060 (0x03c771b3) remu    gp, a4, t3
core   0: 1 0x0000000080004060 (0x03c771b3) x3  0x0000000000000001
core   0: 0x0000000080004064 (0x00ebddb3) srl     s11, s7, a4
core   0: 1 0x0000000080004064 (0x00ebddb3) x27 0x7fffffffffffffff
core   0: 0x0000000080004068 (0x03e677d3) fadd.d  fa5, fa2, ft10
core   0: 1 0x0000000080004068 (0x03e677d3) f15 0x7ff8000000000000
core   0: 0x000000008000406c (0x0ff0000f) fence   iorw,iorw
core   0: 1 0x000000008000406c (0x0ff0000f)
core   0: 0x0000000080004070 (0xfecaccb7) lui     s9, 0xfecac
core   0: 1 0x0000000080004070 (0xfecaccb7) x25 0xfffffffffecac000
core   0: 0x0000000080004074 (0x30fc8c9b) addiw   s9, s9, 783
core   0: 1 0x0000000080004074 (0x30fc8c9b) x25 0xfffffffffecac30f
core   0: 0x0000000080004078 (0x00000cb6) c.slli  s9, 13
core   0: 1 0x0000000080004078 (0x0cb6) x25 0xffffffd95861e000
core   0: 0x000000008000407a (0x00000c91) c.addi  s9, 4
core   0: 1 0x000000008000407a (0x0c91) x25 0xffffffd95861e004
core   0: 0x000000008000407c (0x419e521b) sraiw   tp, t3, 25
core   0: 1 0x000000008000407c (0x419e521b) x4  0x0000000000000000
core   0: 0x0000000080004080 (0x22f706d3) fsgnj.d fa3, fa4, fa5
core   0: 1 0x0000000080004080 (0x22f706d3) f13 0x7fffffff00000000
core   0: 0x0000000080004084 (0x40ed8db3) sub     s11, s11, a4
core   0: 1 0x0000000080004084 (0x40ed8db3) x27 0x7ffffffffffffffe
core   0: 0x0000000080004088 (0x03b37ed3) fadd.d  ft9, ft6, fs11
core   0: 1 0x0000000080004088 (0x03b37ed3) f29 0x7ff8000000000000
core   0: 0x000000008000408c (0x40dd5033) sra     zero, s10, a3
core   0: 1 0x000000008000408c (0x40dd5033)
core   0: 0x0000000080004090 (0x016d5e93) srli    t4, s10, 22
core   0: 1 0x0000000080004090 (0x016d5e93) x29 0x0000000000000000
core   0: 0x0000000080004094 (0x028877b3) remu    a5, a6, s0
core   0: 1 0x0000000080004094 (0x028877b3) x15 0x0000000000000000
core   0: 0x0000000080004098 (0x5a0af1d3) fsqrt.d ft3, fs5
core   0: 1 0x0000000080004098 (0x5a0af1d3) f3  0x7ff8000000000000
core   0: 0x000000008000409c (0x03b7c3bb) divw    t2, a5, s11
core   0: 1 0x000000008000409c (0x03b7c3bb) x7  0x0000000000000000
core   0: 0x00000000800040a0 (0x03fc1593) slli    a1, s8, 63
core   0: 1 0x00000000800040a0 (0x03fc1593) x11 0x8000000000000000
core   0: 0x00000000800040a4 (0x40730abb) subw    s5, t1, t2
core   0: 1 0x00000000800040a4 (0x40730abb) x21 0x0000000000000000
core   0: 0x00000000800040a8 (0xd0287ed3) fcvt.s.l ft9, a6
core   0: 1 0x00000000800040a8 (0xd0287ed3) f29 0xffffffff00000000
core   0: 0x00000000800040ac (0xd02af053) fcvt.s.l ft0, s5
core   0: 1 0x00000000800040ac (0xd02af053) f0  0xffffffff00000000
core   0: 0x00000000800040b0 (0x030377b3) remu    a5, t1, a6
core   0: 1 0x00000000800040b0 (0x030377b3) x15 0x0000000000000000
core   0: 0x00000000800040b4 (0x01f3db1b) srliw   s6, t2, 31
core   0: 1 0x00000000800040b4 (0x01f3db1b) x22 0x0000000000000000
core   0: 0x00000000800040b8 (0xfea31d37) lui     s10, 0xfea31
core   0: 1 0x00000000800040b8 (0xfea31d37) x26 0xfffffffffea31000
core   0: 0x00000000800040bc (0x785d0d1b) addiw   s10, s10, 1925
core   0: 1 0x00000000800040bc (0x785d0d1b) x26 0xfffffffffea31785
core   0: 0x00000000800040c0 (0x00000d3a) c.slli  s10, 14
core   0: 1 0x00000000800040c0 (0x0d3a) x26 0xffffffa8c5e14000
core   0: 0x00000000800040c2 (0x2c2d0d13) addi    s10, s10, 706
core   0: 1 0x00000000800040c2 (0x2c2d0d13) x26 0xffffffa8c5e142c2
core   0: 0x00000000800040c6 (0x009598bb) sllw    a7, a1, s1
core   0: 1 0x00000000800040c6 (0x009598bb) x17 0x0000000000000000
core   0: 0x00000000800040ca (0x0306dc13) srli    s8, a3, 48
core   0: 1 0x00000000800040ca (0x0306dc13) x24 0x0000000000000000
core   0: 0x00000000800040ce (0x02e49333) mulh    t1, s1, a4
core   0: 1 0x00000000800040ce (0x02e49333) x6  0x0000000000000000
core   0: 0x00000000800040d2 (0x59ad1697) auipc   a3, 0x59ad1
core   0: 1 0x00000000800040d2 (0x59ad1697) x13 0x00000000d9ad50d2
core   0: 0x00000000800040d6 (0x02005e33) divu    t3, zero, zero
core   0: 1 0x00000000800040d6 (0x02005e33) x28 0xffffffffffffffff
core   0: 0x00000000800040da (0x0106c833) xor     a6, a3, a6
core   0: 1 0x00000000800040da (0x0106c833) x16 0x00000000d9ad50d2
core   0: 0x00000000800040de (0xc20973d3) fcvt.w.d t2, fs2
core   0: 1 0x00000000800040de (0xc20973d3) c1_fflags 0x0000000000000010 x7  0x000000007fffffff
core   0: 0x00000000800040e2 (0x00202773) csrrs   a4, frm, zero
core   0: 1 0x00000000800040e2 (0x00202773) x14 0x0000000000000000
core   0: 0x00000000800040e6 (0x40990b3b) subw    s6, s2, s1
core   0: 1 0x00000000800040e6 (0x40990b3b) x22 0x000000007ffce040
core   0: 0x00000000800040ea (0xd023f8d3) fcvt.s.l fa7, t2
core   0: 1 0x00000000800040ea (0xd023f8d3) c1_fflags 0x0000000000000011 f17 0xffffffff4f000000
core   0: 0x00000000800040ee (0x406b513b) sraw    sp, s6, t1
core   0: 1 0x00000000800040ee (0x406b513b) x2  0x000000007ffce040
core   0: 0x00000000800040f2 (0x0ff0000f) fence   iorw,iorw
core   0: 1 0x00000000800040f2 (0x0ff0000f)
core   0: 0x00000000800040f6 (0xd03a77d3) fcvt.s.lu fa5, s4
core   0: 1 0x00000000800040f6 (0xd03a77d3) f15 0xffffffff00000000
core   0: 0x00000000800040fa (0x22fead53) fsgnjx.d fs10, ft9, fa5
core   0: 1 0x00000000800040fa (0x22fead53) f26 0x7fffffff00000000
core   0: 0x00000000800040fe (0x02bb73b3) remu    t2, s6, a1
core   0: 1 0x00000000800040fe (0x02bb73b3) x7  0x000000007ffce040
core   0: 0x0000000080004102 (0xd0317753) fcvt.s.lu fa4, sp
core   0: 1 0x0000000080004102 (0xd0317753) c1_fflags 0x0000000000000011 f14 0xffffffff4efff9c0
core   0: 0x0000000080004106 (0x5a07fcd3) fsqrt.d fs9, fa5
core   0: 1 0x0000000080004106 (0x5a07fcd3) f25 0x7ff8000000000000
core   0: 0x000000008000410a (0xd026f353) fcvt.s.l ft6, a3
core   0: 1 0x000000008000410a (0xd026f353) c1_fflags 0x0000000000000011 f6  0xffffffff4f59ad51
core   0: 0x000000008000410e (0xd20b04d3) fcvt.d.w fs1, s6
core   0: 1 0x000000008000410e (0xd20b04d3) f9  0x41dfff3810000000
core   0: 0x0000000080004112 (0x3371f0c7) fmsub.d ft1, ft3, fs7, ft6
core   0: 1 0x0000000080004112 (0x3371f0c7) f1  0x7ff8000000000000
core   0: 0x0000000080004116 (0x0334643b) remw    s0, s0, s3
core   0: 1 0x0000000080004116 (0x0334643b) x8  0x0000000000000000
core   0: 0x000000008000411a (0xf20a89d3) fmv.d.x fs3, s5
core   0: 1 0x000000008000411a (0xf20a89d3) f19 0x0000000000000000
core   0: 0x000000008000411e (0x02d6eb3b) remw    s6, a3, a3
core   0: 1 0x000000008000411e (0x02d6eb3b) x22 0x0000000000000000
core   0: 0x0000000080004122 (0x41ad02bb) subw    t0, s10, s10
core   0: 1 0x0000000080004122 (0x41ad02bb) x5  0x0000000000000000
core   0: 0x0000000080004126 (0x413e5e13) srai    t3, t3, 19
core   0: 1 0x0000000080004126 (0x413e5e13) x28 0xffffffffffffffff
core   0: 0x000000008000412a (0x221a1e53) fsgnjn.d ft8, fs4, ft1
core   0: 1 0x000000008000412a (0x221a1e53) f28 0xffffffff00000000
core   0: 0x000000008000412e (0x0003dc13) srli    s8, t2, 0
core   0: 1 0x000000008000412e (0x0003dc13) x24 0x000000007ffce040
core   0: 0x0000000080004132 (0x00202b73) csrrs   s6, frm, zero
core   0: 1 0x0000000080004132 (0x00202b73) x22 0x0000000000000000
core   0: 0x0000000080004136 (0x00202473) csrrs   s0, frm, zero
core   0: 1 0x0000000080004136 (0x00202473) x8  0x0000000000000000
core   0: 0x000000008000413a (0x23c92553) fsgnjx.d fa0, fs2, ft8
core   0: 1 0x000000008000413a (0x23c92553) f10 0x7fffffff00000000
core   0: 0x000000008000413e (0x419105bb) subw    a1, sp, s9
core   0: 1 0x000000008000413e (0x419105bb) x11 0x00000000279b003c
core   0: 0x0000000080004142 (0x49213193) sltiu   gp, sp, 1170
core   0: 1 0x0000000080004142 (0x49213193) x3  0x0000000000000000
core   0: 0x0000000080004146 (0x12ec7753) fmul.d  fa4, fs8, fa4
core   0: 1 0x0000000080004146 (0x12ec7753) f14 0x7ff8000000000000
core   0: 0x000000008000414a (0x52a578cb) fnmsub.d fa7, fa0, fa0, fa0
core   0: 1 0x000000008000414a (0x52a578cb) f17 0x7ff8000000000000
core   0: 0x000000008000414e (0xc0357e53) fcvt.lu.s t3, fa0
core   0: 1 0x000000008000414e (0xc0357e53) c1_fflags 0x0000000000000011 x28 0xffffffffffffffff
core   0: 0x0000000080004152 (0x0060013b) addw    sp, zero, t1
core   0: 1 0x0000000080004152 (0x0060013b) x2  0x0000000000000000
core   0: 0x0000000080004156 (0x037b89b3) mul     s3, s7, s7
core   0: 1 0x0000000080004156 (0x037b89b3) x19 0x0000000000000001
core   0: 0x000000008000415a (0x17ab6513) ori     a0, s6, 378
core   0: 1 0x000000008000415a (0x17ab6513) x10 0x000000000000017a
core   0: 0x000000008000415e (0x00ad2e33) slt     t3, s10, a0
core   0: 1 0x000000008000415e (0x00ad2e33) x28 0x0000000000000001
core   0: 0x0000000080004162 (0xd22b7cd3) fcvt.d.l fs9, s6
core   0: 1 0x0000000080004162 (0xd22b7cd3) f25 0x0000000000000000
core   0: 0x0000000080004166 (0x7151c393) xori    t2, gp, 1813
core   0: 1 0x0000000080004166 (0x7151c393) x7  0x0000000000000715
core   0: 0x000000008000416a (0x419c87b3) sub     a5, s9, s9
core   0: 1 0x000000008000416a (0x419c87b3) x15 0x0000000000000000
core   0: 0x000000008000416e (0x02f3a033) mulhsu  zero, t2, a5
core   0: 1 0x000000008000416e (0x02f3a033)
core   0: 0x0000000080004172 (0xdbbdfdcb) fnmsub.d fs11, fs11, fs11, fs11
core   0: 1 0x0000000080004172 (0xdbbdfdcb) f27 0x7ff8000000000000
core   0: 0x0000000080004176 (0xc20efa53) fcvt.w.d s4, ft9
core   0: 1 0x0000000080004176 (0xc20efa53) c1_fflags 0x0000000000000011 x20 0x000000007fffffff
core   0: 0x000000008000417a (0x00005b33) srl     s6, zero, zero
core   0: 1 0x000000008000417a (0x00005b33) x22 0x0000000000000000
core   0: 0x000000008000417e (0x0145843b) addw    s0, a1, s4
core   0: 1 0x000000008000417e (0x0145843b) x8  0xffffffffa79b003b
core   0: 0x0000000080004182 (0x0a847553) fsub.d  fa0, fs0, fs0
core   0: 1 0x0000000080004182 (0x0a847553) f10 0x7ff8000000000000
core   0: 0x0000000080004186 (0x7ffb7113) andi    sp, s6, 2047
core   0: 1 0x0000000080004186 (0x7ffb7113) x2  0x0000000000000000
core   0: 0x000000008000418a (0xc02ff453) fcvt.l.s s0, ft11
core   0: 1 0x000000008000418a (0xc02ff453) x8  0x0000000000000000
core   0: 0x000000008000418e (0xd20a00d3) fcvt.d.w ft1, s4
core   0: 1 0x000000008000418e (0xd20a00d3) f1  0x41dfffffffc00000
core   0: 0x0000000080004192 (0xdaa77ecb) fnmsub.d ft9, fa4, fa0, fs11
core   0: 1 0x0000000080004192 (0xdaa77ecb) f29 0x7ff8000000000000
core   0: 0x0000000080004196 (0x1ac9bab7) lui     s5, 0x1ac9b
core   0: 1 0x0000000080004196 (0x1ac9bab7) x21 0x000000001ac9b000
core   0: 0x000000008000419a (0x43fad393) srai    t2, s5, 63
core   0: 1 0x000000008000419a (0x43fad393) x7  0x0000000000000000
core   0: 0x000000008000419e (0x0a10f3d3) fsub.d  ft7, ft1, ft1
core   0: 1 0x000000008000419e (0x0a10f3d3) f7  0x0000000000000000
core   0: 0x00000000800041a2 (0x006b9533) sll     a0, s7, t1
core   0: 1 0x00000000800041a2 (0x006b9533) x10 0xffffffffffffffff
core   0: 0x00000000800041a6 (0x00000001) c.nop
core   0: 1 0x00000000800041a6 (0x0001)
core   0: 0x00000000800041a8 (0x00c5d13b) srlw    sp, a1, a2
core   0: 1 0x00000000800041a8 (0x00c5d13b) x2  0x0000000000000000
core   0: 0x00000000800041ac (0x00102c73) csrrs   s8, fflags, zero
core   0: 1 0x00000000800041ac (0x00102c73) x24 0x0000000000000011
core   0: 0x00000000800041b0 (0x02f5f13b) remuw   sp, a1, a5
core   0: 1 0x00000000800041b0 (0x02f5f13b) x2  0x00000000279b003c
core   0: 0x00000000800041b4 (0x0ff0000f) fence   iorw,iorw
core   0: 1 0x00000000800041b4 (0x0ff0000f)
core   0: 0x00000000800041b8 (0x404a8ebb) subw    t4, s5, tp
core   0: 1 0x00000000800041b8 (0x404a8ebb) x29 0x000000001ac9b000
core   0: 0x00000000800041bc (0x0ff0000f) fence   iorw,iorw
core   0: 1 0x00000000800041bc (0x0ff0000f)
core   0: 0x00000000800041c0 (0x03de89bb) mulw    s3, t4, t4
core   0: 1 0x00000000800041c0 (0x03de89bb) x19 0xffffffffd9000000
core   0: 0x00000000800041c4 (0x03d30333) mul     t1, t1, t4
core   0: 1 0x00000000800041c4 (0x03d30333) x6  0x0000000000000000
core   0: 0x00000000800041c8 (0x04fa1437) lui     s0, 0x4fa1
core   0: 1 0x00000000800041c8 (0x04fa1437) x8  0x0000000004fa1000
core   0: 0x00000000800041cc (0x9cb4041b) addiw   s0, s0, -1589
core   0: 1 0x00000000800041cc (0x9cb4041b) x8  0x0000000004fa09cb
core   0: 0x00000000800041d0 (0x00000432) c.slli  s0, 12
core   0: 1 0x00000000800041d0 (0x0432) x8  0x0000004fa09cb000
core   0: 0x00000000800041d2 (0x79740413) addi    s0, s0, 1943
core   0: 1 0x00000000800041d2 (0x79740413) x8  0x0000004fa09cb797
core   0: 0x00000000800041d6 (0xd2247853) fcvt.d.l fa6, s0
core   0: 1 0x00000000800041d6 (0xd2247853) f16 0x4253e8272de5c000
core   0: 0x00000000800041da (0xa2a50a53) fle.d   s4, fa0, fa0
core   0: 1 0x00000000800041da (0xa2a50a53) c1_fflags 0x0000000000000011 x20 0x0000000000000000
core   0: 0x00000000800041de (0x7ffd811b) addiw   sp, s11, 2047
core   0: 1 0x00000000800041de (0x7ffd811b) x2  0x00000000000007fd
core   0: 0x00000000800041e2 (0x0000968a) c.add   a3, sp
core   0: 1 0x00000000800041e2 (0x968a) x13 0x00000000d9ad58cf
core   0: 0x00000000800041e4 (0x00e86733) or      a4, a6, a4
core   0: 1 0x00000000800041e4 (0x00e86733) x14 0x00000000d9ad50d2
core   0: 0x00000000800041e8 (0x026902b3) mul     t0, s2, t1
core   0: 1 0x00000000800041e8 (0x026902b3) x5  0x0000000000000000
core   0: 0x00000000800041ec (0xd03678d3) fcvt.s.lu fa7, a2
core   0: 1 0x00000000800041ec (0xd03678d3) c1_fflags 0x0000000000000011 f17 0xffffffff55800000
core   0: 0x00000000800041f0 (0x001a5d13) srli    s10, s4, 1
core   0: 1 0x00000000800041f0 (0x001a5d13) x26 0x0000000000000000
core   0: 0x00000000800041f4 (0xd021f753) fcvt.s.l fa4, gp
core   0: 1 0x00000000800041f4 (0xd021f753) f14 0xffffffff00000000
core   0: 0x00000000800041f8 (0x38ddce13) xori    t3, s11, 909
core   0: 1 0x00000000800041f8 (0x38ddce13) x28 0x7ffffffffffffc73
core   0: 0x00000000800041fc (0xd03efcd3) fcvt.s.lu fs9, t4
core   0: 1 0x00000000800041fc (0xd03efcd3) f25 0xffffffff4dd64d80
core   0: 0x0000000080004200 (0x0103183b) sllw    a6, t1, a6
core   0: 1 0x0000000080004200 (0x0103183b) x16 0x0000000000000000
core   0: 0x0000000080004204 (0x00000b2a) c.slli  s6, 10
core   0: 1 0x0000000080004204 (0x0b2a) x22 0x0000000000000000
core   0: 0x0000000080004206 (0x4106d4b3) sra     s1, a3, a6
core   0: 1 0x0000000080004206 (0x4106d4b3) x9  0x00000000d9ad58cf
core   0: 0x000000008000420a (0x134cfa53) fmul.d  fs4, fs9, fs4
core   0: 1 0x000000008000420a (0x134cfa53) f20 0x7ff8000000000000
core   0: 0x000000008000420e (0xd2140353) fcvt.d.wu ft6, s0
core   0: 1 0x000000008000420e (0xd2140353) f6  0x41e41396f2e00000
core   0: 0x0000000080004212 (0x41d6d83b) sraw    a6, a3, t4
core   0: 1 0x0000000080004212 (0x41d6d83b) x16 0xffffffffd9ad58cf
core   0: 0x0000000080004216 (0xd226f6d3) fcvt.d.l fa3, a3
core   0: 1 0x0000000080004216 (0xd226f6d3) f13 0x41eb35ab19e00000
core   0: 0x000000008000421a (0x409edd3b) sraw    s10, t4, s1
core   0: 1 0x000000008000421a (0x409edd3b) x26 0x0000000000003593
core   0: 0x000000008000421e (0x0a10f0d3) fsub.d  ft1, ft1, ft1
core   0: 1 0x000000008000421e (0x0a10f0d3) f1  0x0000000000000000
core   0: 0x0000000080004222 (0xe37b001b) addiw   zero, s6, -457
core   0: 1 0x0000000080004222 (0xe37b001b)
core   0: 0x0000000080004226 (0x0ff0000f) fence   iorw,iorw
core   0: 1 0x0000000080004226 (0x0ff0000f)
core   0: 0x000000008000422a (0xbc7fac17) auipc   s8, 0xbc7fa
core   0: 1 0x000000008000422a (0xbc7fac17) x24 0x000000003c7fe22a
core   0: 0x000000008000422e (0x02ddadb3) mulhsu  s11, s11, a3
core   0: 1 0x000000008000422e (0x02ddadb3) x27 0x000000006cd6ac67
core   0: 0x0000000080004232 (0x40fddc3b) sraw    s8, s11, a5
core   0: 1 0x0000000080004232 (0x40fddc3b) x24 0x000000006cd6ac67
core   0: 0x0000000080004236 (0x038bfc3b) remuw   s8, s7, s8
core   0: 1 0x0000000080004236 (0x038bfc3b) x24 0x000000002652a731
core   0: 0x000000008000423a (0x521af54f) fnmadd.d fa0, fs5, ft1, fa0
core   0: 1 0x000000008000423a (0x521af54f) f10 0x7ff8000000000000
core   0: 0x000000008000423e (0x40635933) sra     s2, t1, t1
core   0: 1 0x000000008000423e (0x40635933) x18 0x0000000000000000
core   0: 0x0000000080004242 (0x1d33d397) auipc   t2, 0x1d33d
core   0: 1 0x0000000080004242 (0x1d33d397) x7  0x000000009d341242
core   0: 0x0000000080004246 (0x00000001) c.nop
core   0: 1 0x0000000080004246 (0x0001)
core   0: 0x0000000080004248 (0x4144573b) sraw    a4, s0, s4
core   0: 1 0x0000000080004248 (0x4144573b) x14 0xffffffffa09cb797
core   0: 0x000000008000424c (0x028cc5b3) div     a1, s9, s0
core   0: 1 0x000000008000424c (0x028cc5b3) x11 0x0000000000000000
core   0: 0x0000000080004250 (0x52b8744f) fnmadd.d fs0, fa6, fa1, fa0
core   0: 1 0x0000000080004250 (0x52b8744f) f8  0x7ff8000000000000
core   0: 0x0000000080004254 (0x011e18bb) sllw    a7, t3, a7
core   0: 1 0x0000000080004254 (0x011e18bb) x17 0xfffffffffffffc73
core   0: 0x0000000080004258 (0xd21c8d53) fcvt.d.wu fs10, s9
core   0: 1 0x0000000080004258 (0xd21c8d53) f26 0x41d6187801000000
core   0: 0x000000008000425c (0xc02cf7d3) fcvt.l.s a5, fs9
core   0: 1 0x000000008000425c (0xc02cf7d3) x15 0x000000001ac9b000
core   0: 0x0000000080004260 (0x00c7e733) or      a4, a5, a2
core   0: 1 0x0000000080004260 (0x00c7e733) x14 0x00000fffffffffff
core   0: 0x0000000080004264 (0x02e74cb3) div     s9, a4, a4
core   0: 1 0x0000000080004264 (0x02e74cb3) x25 0x0000000000000001
core   0: 0x0000000080004268 (0x00a3a3b3) slt     t2, t2, a0
core   0: 1 0x0000000080004268 (0x00a3a3b3) x7  0x0000000000000000
core   0: 0x000000008000426c (0x045a00b7) lui     ra, 0x45a0
core   0: 1 0x000000008000426c (0x045a00b7) x1  0x00000000045a0000
core   0: 0x0000000080004270 (0x000012a6) c.slli  t0, 41
core   0: 1 0x0000000080004270 (0x12a6) x5  0x0000000000000000
core   0: 0x0000000080004272 (0x406a0ebb) subw    t4, s4, t1
core   0: 1 0x0000000080004272 (0x406a0ebb) x29 0x0000000000000000
core   0: 0x0000000080004276 (0x41d287b3) sub     a5, t0, t4
core   0: 1 0x0000000080004276 (0x41d287b3) x15 0x0000000000000000
core   0: 0x000000008000427a (0xc20af0d3) fcvt.w.d ra, fs5
core   0: 1 0x000000008000427a (0xc20af0d3) c1_fflags 0x0000000000000011 x1  0x000000007fffffff
core   0: 0x000000008000427e (0x02f1c1b3) div     gp, gp, a5
core   0: 1 0x000000008000427e (0x02f1c1b3) x3  0xffffffffffffffff
core   0: 0x0000000080004282 (0xd02ef453) fcvt.s.l fs0, t4
core   0: 1 0x0000000080004282 (0xd02ef453) f8  0xffffffff00000000
core   0: 0x0000000080004286 (0x01551ab3) sll     s5, a0, s5
core   0: 1 0x0000000080004286 (0x01551ab3) x21 0xffffffffffffffff
core   0: 0x000000008000428a (0x4081539b) sraiw   t2, sp, 8
core   0: 1 0x000000008000428a (0x4081539b) x7  0x0000000000000007
core   0: 0x000000008000428e (0x003ace33) xor     t3, s5, gp
core   0: 1 0x000000008000428e (0x003ace33) x28 0x0000000000000000
core   0: 0x0000000080004292 (0x03ae02b3) mul     t0, t3, s10
core   0: 1 0x0000000080004292 (0x03ae02b3) x5  0x0000000000000000
core   0: 0x0000000080004296 (0x005508b3) add     a7, a0, t0
core   0: 1 0x0000000080004296 (0x005508b3) x17 0xffffffffffffffff
core   0: 0x000000008000429a (0xf20e85d3) fmv.d.x fa1, t4
core   0: 1 0x000000008000429a (0xf20e85d3) f11 0x0000000000000000
core   0: 0x000000008000429e (0x22f08653) fsgnj.d fa2, ft1, fa5
core   0: 1 0x000000008000429e (0x22f08653) f12 0x8000000000000000
core   0: 0x00000000800042a2 (0xc22576d3) fcvt.l.d a3, fa0
core   0: 1 0x00000000800042a2 (0xc22576d3) c1_fflags 0x0000000000000011 x13 0x7fffffffffffffff
core   0: 0x00000000800042a6 (0x417901bb) subw    gp, s2, s7
core   0: 1 0x00000000800042a6 (0x417901bb) x3  0x0000000000000001
core   0: 0x00000000800042aa (0x0a6a7353) fsub.d  ft6, fs4, ft6
core   0: 1 0x00000000800042aa (0x0a6a7353) f6  0x7ff8000000000000
core   0: 0x00000000800042ae (0x22682153) fsgnjx.d ft2, fa6, ft6
core   0: 1 0x00000000800042ae (0x22682153) f2  0x4253e8272de5c000
core   0: 0x00000000800042b2 (0xd02c7dd3) fcvt.s.l fs11, s8
core   0: 1 0x00000000800042b2 (0xd02c7dd3) c1_fflags 0x0000000000000011 f27 0xffffffff4e194a9d
core   0: 0x00000000800042b6 (0x016166b3) or      a3, sp, s6
core   0: 1 0x00000000800042b6 (0x016166b3) x13 0x00000000000007fd
core   0: 0x00000000800042ba (0xd231f953) fcvt.d.lu fs2, gp
core   0: 1 0x00000000800042ba (0xd231f953) f18 0x3ff0000000000000
core   0: 0x00000000800042be (0x03861c33) mulh    s8, a2, s8
core   0: 1 0x00000000800042be (0x03861c33) x24 0x0000000000000265
core   0: 0x00000000800042c2 (0x000c4a13) xori    s4, s8, 0
core   0: 1 0x00000000800042c2 (0x000c4a13) x20 0x0000000000000265
core   0: 0x00000000800042c6 (0x00745d1b) srliw   s10, s0, 7
core   0: 1 0x00000000800042c6 (0x00745d1b) x26 0x000000000141396f
core   0: 0x00000000800042ca (0x02a3e833) rem     a6, t2, a0
core   0: 1 0x00000000800042ca (0x02a3e833) x16 0x0000000000000000
core   0: 0x00000000800042ce (0xabe07f43) fmadd.d ft10, ft0, ft10, fs5
core   0: 1 0x00000000800042ce (0xabe07f43) f30 0x7ff8000000000000
core   0: 0x00000000800042d2 (0xac98b197) auipc   gp, 0xac98b
core   0: 1 0x00000000800042d2 (0xac98b197) x3  0x000000002c98f2d2
core   0: 0x00000000800042d6 (0x00134893) xori    a7, t1, 1
core   0: 1 0x00000000800042d6 (0x00134893) x17 0x0000000000000001
core   0: 0x00000000800042da (0x0188de13) srli    t3, a7, 24
core   0: 1 0x00000000800042da (0x0188de13) x28 0x0000000000000000
core   0: 0x00000000800042de (0x3258c493) xori    s1, a7, 805
core   0: 1 0x00000000800042de (0x3258c493) x9  0x0000000000000324
core   0: 0x00000000800042e2 (0xf20a84d3) fmv.d.x fs1, s5
core   0: 1 0x00000000800042e2 (0xf20a84d3) f9  0xffffffffffffffff
core   0: 0x00000000800042e6 (0x0263433b) divw    t1, t1, t1
core   0: 1 0x00000000800042e6 (0x0263433b) x6  0xffffffffffffffff
core   0: 0x00000000800042ea (0x03cc44b3) div     s1, s8, t3
core   0: 1 0x00000000800042ea (0x03cc44b3) x9  0xffffffffffffffff
core   0: 0x00000000800042ee (0xd234f653) fcvt.d.lu fa2, s1
core   0: 1 0x00000000800042ee (0xd234f653) c1_fflags 0x0000000000000011 f12 0x43f0000000000000
core   0: 0x00000000800042f2 (0xd2048a53) fcvt.d.w fs4, s1
core   0: 1 0x00000000800042f2 (0xd2048a53) f20 0xbff0000000000000
core   0: 0x00000000800042f6 (0x026c3333) mulhu   t1, s8, t1
core   0: 1 0x00000000800042f6 (0x026c3333) x6  0x0000000000000264
core   0: 0x00000000800042fa (0xd2247e53) fcvt.d.l ft8, s0
core   0: 1 0x00000000800042fa (0xd2247e53) f28 0x4253e8272de5c000
core   0: 0x00000000800042fe (0x2a1e1f53) fmax.d  ft10, ft8, ft1
core   0: 1 0x00000000800042fe (0x2a1e1f53) f30 0x4253e8272de5c000
core   0: 0x0000000080004302 (0x00bd8bb3) add     s7, s11, a1
core   0: 1 0x0000000080004302 (0x00bd8bb3) x23 0x000000006cd6ac67
core   0: 0x0000000080004306 (0xc02e7ed3) fcvt.l.s t4, ft8
core   0: 1 0x0000000080004306 (0xc02e7ed3) c1_fflags 0x0000000000000011 x29 0x7fffffffffffffff
core   0: 0x000000008000430a (0x0360d0bb) divuw   ra, ra, s6
core   0: 1 0x000000008000430a (0x0360d0bb) x1  0xffffffffffffffff
core   0: 0x000000008000430e (0x1b4b79d3) fdiv.d  fs3, fs6, fs4
core   0: 1 0x000000008000430e (0x1b4b79d3) f19 0x7ff8000000000000
core   0: 0x0000000080004312 (0x415ad7bb) sraw    a5, s5, s5
core   0: 1 0x0000000080004312 (0x415ad7bb) x15 0xffffffffffffffff
core   0: 0x0000000080004316 (0x005b0a3b) addw    s4, s6, t0
core   0: 1 0x0000000080004316 (0x005b0a3b) x20 0x0000000000000000
core   0: 0x000000008000431a (0x41be8ebb) subw    t4, t4, s11
core   0: 1 0x000000008000431a (0x41be8ebb) x29 0xffffffff93295398
core   0: 0x000000008000431e (0x02bd5133) divu    sp, s10, a1
core   0: 1 0x000000008000431e (0x02bd5133) x2  0xffffffffffffffff
core   0: 0x0000000080004322 (0x02a2b633) mulhu   a2, t0, a0
core   0: 1 0x0000000080004322 (0x02a2b633) x12 0x0000000000000000
core   0: 0x0000000080004326 (0x01de9eb3) sll     t4, t4, t4
core   0: 1 0x0000000080004326 (0x01de9eb3) x29 0xff93295398000000
core   0: 0x000000008000432a (0xd23a72d3) fcvt.d.lu ft5, s4
core   0: 1 0x000000008000432a (0xd23a72d3) f5  0x0000000000000000
core   0: 0x000000008000432e (0x4002d893) srai    a7, t0, 0
core   0: 1 0x000000008000432e (0x4002d893) x17 0x0000000000000000
core   0: 0x0000000080004332 (0x012ed933) srl     s2, t4, s2
core   0: 1 0x0000000080004332 (0x012ed933) x18 0xff93295398000000
core   0: 0x0000000080004336 (0x41d30ebb) subw    t4, t1, t4
core   0: 1 0x0000000080004336 (0x41d30ebb) x29 0x0000000068000264
core   0: 0x000000008000433a (0x001e981b) slliw   a6, t4, 1
core   0: 1 0x000000008000433a (0x001e981b) x16 0xffffffffd00004c8
core   0: 0x000000008000433e (0xbd5d38b7) lui     a7, 0xbd5d3
core   0: 1 0x000000008000433e (0xbd5d38b7) x17 0xffffffffbd5d3000
core   0: 0x0000000080004342 (0x41325db3) sra     s11, tp, s3
core   0: 1 0x0000000080004342 (0x41325db3) x27 0x0000000000000000
core   0: 0x0000000080004346 (0x233f1853) fsgnjn.d fa6, ft10, fs3
core   0: 1 0x0000000080004346 (0x233f1853) f16 0xc253e8272de5c000
core   0: 0x000000008000434a (0x03b7773b) remuw   a4, a4, s11
core   0: 1 0x000000008000434a (0x03b7773b) x14 0xffffffffffffffff
core   0: 0x000000008000434e (0xe2028cd3) fmv.x.d s9, ft5
core   0: 1 0x000000008000434e (0xe2028cd3) x25 0x0000000000000000
core   0: 0x0000000080004352 (0xf39f70cf) fnmadd.d ft1, ft10, fs9, ft10
core   0: 1 0x0000000080004352 (0xf39f70cf) f1  0x7ff8000000000000
core   0: 0x0000000080004356 (0x0132dcbb) srlw    s9, t0, s3
core   0: 1 0x0000000080004356 (0x0132dcbb) x25 0x0000000000000000
core   0: 0x000000008000435a (0x019c9b3b) sllw    s6, s9, s9
core   0: 1 0x000000008000435a (0x019c9b3b) x22 0x0000000000000000
core   0: 0x000000008000435e (0x036c8533) mul     a0, s9, s6
core   0: 1 0x000000008000435e (0x036c8533) x10 0x0000000000000000
core   0: 0x0000000080004362 (0x00738533) add     a0, t2, t2
core   0: 1 0x0000000080004362 (0x00738533) x10 0x000000000000000e
core   0: 0x0000000080004366 (0x00202073) csrrs   zero, frm, zero
core   0: 1 0x0000000080004366 (0x00202073)
core   0: 0x000000008000436a (0xc03f70d3) fcvt.lu.s ra, ft10
core   0: 1 0x000000008000436a (0xc03f70d3) c1_fflags 0x0000000000000011 x1  0xffffffffffffffff
core   0: 0x000000008000436e (0x87913a97) auipc   s5, 0x87913
core   0: 1 0x000000008000436e (0x87913a97) x21 0x000000000791736e
core   0: 0x0000000080004372 (0xc23f7dd3) fcvt.lu.d s11, ft10
core   0: 1 0x0000000080004372 (0xc23f7dd3) x27 0x0000004fa09cb797
core   0: 0x0000000080004376 (0xc21972d3) fcvt.wu.d t0, fs2
core   0: 1 0x0000000080004376 (0xc21972d3) x5  0x0000000000000001
core   0: 0x000000008000437a (0x00000001) c.nop
core   0: 1 0x000000008000437a (0x0001)
core   0: 0x000000008000437c (0xa2528d53) fle.d   s10, ft5, ft5
core   0: 1 0x000000008000437c (0xa2528d53) x26 0x0000000000000001
core   0: 0x0000000080004380 (0x00a380b3) add     ra, t2, a0
core   0: 1 0x0000000080004380 (0x00a380b3) x1  0x0000000000000015
core   0: 0x0000000080004384 (0xd023f6d3) fcvt.s.l fa3, t2
core   0: 1 0x0000000080004384 (0xd023f6d3) f13 0xffffffff40e00000
core   0: 0x0000000080004388 (0x01a4ccb3) xor     s9, s1, s10
core   0: 1 0x0000000080004388 (0x01a4ccb3) x25 0xfffffffffffffffe
core   0: 0x000000008000438c (0xf2d5f0cb) fnmsub.d ft1, fa1, fa3, ft10
core   0: 1 0x000000008000438c (0xf2d5f0cb) f1  0x7ff8000000000000
core   0: 0x0000000080004390 (0x00019713) slli    a4, gp, 0
core   0: 1 0x0000000080004390 (0x00019713) x14 0x000000002c98f2d2
core   0: 0x0000000080004394 (0x1440def3) csrrwi  t4, sip, 1
core   0: 1 0x0000000080004394 (0x1440def3) x29 0x0000000000000000 c836_mip 0x0000000000000080
core   0: 0x0000000080004398 (0x22a1aa53) fsgnjx.d fs4, ft3, fa0
core   0: 1 0x0000000080004398 (0x22a1aa53) f20 0x7ff8000000000000
core   0: 0x000000008000439c (0x0046ec33) or      s8, a3, tp
core   0: 1 0x000000008000439c (0x0046ec33) x24 0x00000000000007fd
core   0: 0x00000000800043a0 (0x006a4d33) xor     s10, s4, t1
core   0: 1 0x00000000800043a0 (0x006a4d33) x26 0x0000000000000264
core   0: 0x00000000800043a4 (0xc0377953) fcvt.lu.s s2, fa4
core   0: 1 0x00000000800043a4 (0xc0377953) x18 0x0000000000000000
core   0: 0x00000000800043a8 (0x03c696b3) mulh    a3, a3, t3
core   0: 1 0x00000000800043a8 (0x03c696b3) x13 0x0000000000000000
core   0: 0x00000000800043ac (0xd022fcd3) fcvt.s.l fs9, t0
core   0: 1 0x00000000800043ac (0xd022fcd3) f25 0xffffffff3f800000
core   0: 0x00000000800043b0 (0xf20786d3) fmv.d.x fa3, a5
core   0: 1 0x00000000800043b0 (0xf20786d3) f13 0xffffffffffffffff
core   0: 0x00000000800043b4 (0x4039d29b) sraiw   t0, s3, 3
core   0: 1 0x00000000800043b4 (0x4039d29b) x5  0xfffffffffb200000
core   0: 0x00000000800043b8 (0x0279d493) srli    s1, s3, 39
core   0: 1 0x00000000800043b8 (0x0279d493) x9  0x0000000001ffffff
core   0: 0x00000000800043bc (0xe20503d3) fmv.x.d t2, fa0
core   0: 1 0x00000000800043bc (0xe20503d3) x7  0x7ff8000000000000
core   0: 0x00000000800043c0 (0x4092093b) subw    s2, tp, s1
core   0: 1 0x00000000800043c0 (0x4092093b) x18 0xfffffffffe000001
core   0: 0x00000000800043c4 (0x2b410753) fmin.d  fa4, ft2, fs4
core   0: 1 0x00000000800043c4 (0x2b410753) f14 0x4253e8272de5c000
core   0: 0x00000000800043c8 (0x0003d59b) srliw   a1, t2, 0
core   0: 1 0x00000000800043c8 (0x0003d59b) x11 0x0000000000000000
core   0: 0x00000000800043cc (0xc2277053) fcvt.l.d zero, fa4
core   0: 1 0x00000000800043cc (0xc2277053)
core   0: 0x00000000800043d0 (0x02090d3b) mulw    s10, s2, zero
core   0: 1 0x00000000800043d0 (0x02090d3b) x26 0x0000000000000000
core   0: 0x00000000800043d4 (0xd20903d3) fcvt.d.w ft7, s2
core   0: 1 0x00000000800043d4 (0xd20903d3) f7  0xc17ffffff0000000
core   0: 0x00000000800043d8 (0x83b6fecb) fnmsub.d ft9, fa3, fs11, fa6
core   0: 1 0x00000000800043d8 (0x83b6fecb) f29 0x7ff8000000000000
core   0: 0x00000000800043dc (0x01a900b3) add     ra, s2, s10
core   0: 1 0x00000000800043dc (0x01a900b3) x1  0xfffffffffe000001
core   0: 0x00000000800043e0 (0x0a3effd3) fsub.d  ft11, ft9, ft3
core   0: 1 0x00000000800043e0 (0x0a3effd3) f31 0x7ff8000000000000
core   0: 0x00000000800043e4 (0x00000286) c.slli  t0, 1
core   0: 1 0x00000000800043e4 (0x0286) x5  0xfffffffff6400000
core   0: 0x00000000800043e6 (0xe08b091b) addiw   s2, s6, -504
core   0: 1 0x00000000800043e6 (0xe08b091b) x18 0xfffffffffffffe08
core   0: 0x00000000800043ea (0x0371ffd3) fadd.d  ft11, ft3, fs7
core   0: 1 0x00000000800043ea (0x0371ffd3) f31 0x7ff8000000000000
core   0: 0x00000000800043ee (0x23fc1c53) fsgnjn.d fs8, fs8, ft11
core   0: 1 0x00000000800043ee (0x23fc1c53) f24 0xffffffff00000000
core   0: 0x00000000800043f2 (0x2a1c08d3) fmin.d  fa7, fs8, ft1
core   0: 1 0x00000000800043f2 (0x2a1c08d3) f17 0x7ff8000000000000
core   0: 0x00000000800043f6 (0x80068d9b) addiw   s11, a3, -2048
core   0: 1 0x00000000800043f6 (0x80068d9b) x27 0xfffffffffffff800
core   0: 0x00000000800043fa (0x004c4b33) xor     s6, s8, tp
core   0: 1 0x00000000800043fa (0x004c4b33) x22 0x00000000000007fd
core   0: 0x00000000800043fe (0x0018de13) srli    t3, a7, 1
core   0: 1 0x00000000800043fe (0x0018de13) x28 0x7fffffffdeae9800
core   0: 0x0000000080004402 (0x00016193) ori     gp, sp, 0
core   0: 1 0x0000000080004402 (0x00016193) x3  0xffffffffffffffff
core   0: 0x0000000080004406 (0x4142d79b) sraiw   a5, t0, 20
core   0: 1 0x0000000080004406 (0x4142d79b) x15 0xffffffffffffff64
core   0: 0x000000008000440a (0x013499bb) sllw    s3, s1, s3
core   0: 1 0x000000008000440a (0x013499bb) x19 0x0000000001ffffff
core   0: 0x000000008000440e (0xb6193d97) auipc   s11, 0xb6193
core   0: 1 0x000000008000440e (0xb6193d97) x27 0x000000003619740e
core   0: 0x0000000080004412 (0x1213fc53) fmul.d  fs8, ft7, ft1
core   0: 1 0x0000000080004412 (0x1213fc53) f24 0x7ff8000000000000
core   0: 0x0000000080004416 (0xf4698c9b) addiw   s9, s3, -186
core   0: 1 0x0000000080004416 (0xf4698c9b) x25 0x0000000001ffff45
core   0: 0x000000008000441a (0x00198b9b) addiw   s7, s3, 1
core   0: 1 0x000000008000441a (0x00198b9b) x23 0x0000000002000000
core   0: 0x000000008000441e (0xd02cf753) fcvt.s.l fa4, s9
core   0: 1 0x000000008000441e (0xd02cf753) c1_fflags 0x0000000000000011 f14 0xffffffff4bffffa2
core   0: 0x0000000080004422 (0x02381e13) slli    t3, a6, 35
core   0: 1 0x0000000080004422 (0x02381e13) x28 0x8000264000000000
core   0: 0x0000000080004426 (0x23548b53) fsgnj.d fs6, fs1, fs5
core   0: 1 0x0000000080004426 (0x23548b53) f22 0xffffffffffffffff
core   0: 0x000000008000442a (0xd02473d3) fcvt.s.l ft7, s0
core   0: 1 0x000000008000442a (0xd02473d3) c1_fflags 0x0000000000000011 f7  0xffffffff529f4139
core   0: 0x000000008000442e (0x00102473) csrrs   s0, fflags, zero
core   0: 1 0x000000008000442e (0x00102473) x8  0x0000000000000011
core   0: 0x0000000080004432 (0x417c01bb) subw    gp, s8, s7
core   0: 1 0x0000000080004432 (0x417c01bb) x3  0xfffffffffe0007fd
core   0: 0x0000000080004436 (0x726b6713) ori     a4, s6, 1830
core   0: 1 0x0000000080004436 (0x726b6713) x14 0x00000000000007ff
core   0: 0x000000008000443a (0x00f5ddbb) srlw    s11, a1, a5
core   0: 1 0x000000008000443a (0x00f5ddbb) x27 0x0000000000000000
core   0: 0x000000008000443e (0x0ff0000f) fence   iorw,iorw
core   0: 1 0x000000008000443e (0x0ff0000f)
core   0: 0x0000000080004442 (0x2b9b8cd3) fmin.d  fs9, fs7, fs9
core   0: 1 0x0000000080004442 (0x2b9b8cd3) f25 0x7ff8000000000000
core   0: 0x0000000080004446 (0x036562b3) rem     t0, a0, s6
core   0: 1 0x0000000080004446 (0x036562b3) x5  0x000000000000000e
core   0: 0x000000008000444a (0x2b918dd3) fmin.d  fs11, ft3, fs9
core   0: 1 0x000000008000444a (0x2b918dd3) f27 0x7ff8000000000000
core   0: 0x000000008000444e (0x004b58b3) srl     a7, s6, tp
core   0: 1 0x000000008000444e (0x004b58b3) x17 0x00000000000007fd
core   0: 0x0000000080004452 (0x011b10bb) sllw    ra, s6, a7
core   0: 1 0x0000000080004452 (0x011b10bb) x1  0xffffffffa0000000
core   0: 0x0000000080004456 (0xd228f2d3) fcvt.d.l ft5, a7
core   0: 1 0x0000000080004456 (0xd228f2d3) f5  0x409ff40000000000
core   0: 0x000000008000445a (0x00217cb3) and     s9, sp, sp
core   0: 1 0x000000008000445a (0x00217cb3) x25 0xffffffffffffffff
core   0: 0x000000008000445e (0x0ff0000f) fence   iorw,iorw
core   0: 1 0x000000008000445e (0x0ff0000f)
core   0: 0x0000000080004462 (0xe20f1953) fclass.d s2, ft10
core   0: 1 0x0000000080004462 (0xe20f1953) x18 0x0000000000000040
core   0: 0x0000000080004466 (0x032a0233) mul     tp, s4, s2
core   0: 1 0x0000000080004466 (0x032a0233) x4  0x0000000000000000
core   0: 0x000000008000446a (0x80097193) andi    gp, s2, -2048
core   0: 1 0x000000008000446a (0x80097193) x3  0x0000000000000000
core   0: 0x000000008000446e (0xfca52ab7) lui     s5, 0xfca52
core   0: 1 0x000000008000446e (0xfca52ab7) x21 0xfffffffffca52000
core   0: 0x0000000080004472 (0x727a8a9b) addiw   s5, s5, 1831
core   0: 1 0x0000000080004472 (0x727a8a9b) x21 0xfffffffffca52727
core   0: 0x0000000080004476 (0x00000ab6) c.slli  s5, 13
core   0: 1 0x0000000080004476 (0x0ab6) x21 0xffffff94a4e4e000
core   0: 0x0000000080004478 (0xd31a8a93) addi    s5, s5, -719
core   0: 1 0x0000000080004478 (0xd31a8a93) x21 0xffffff94a4e4dd31
core   0: 0x000000008000447c (0x02216d3b) remw    s10, sp, sp
core   0: 1 0x000000008000447c (0x02216d3b) x26 0x0000000000000000
core   0: 0x0000000080004480 (0xb38978c7) fmsub.d fa7, fs2, fs8, fs6
core   0: 1 0x0000000080004480 (0xb38978c7) f17 0x7ff8000000000000
core   0: 0x0000000080004484 (0x417cdd3b) sraw    s10, s9, s7
core   0: 1 0x0000000080004484 (0x417cdd3b) x26 0xffffffffffffffff
core   0: 0x0000000080004488 (0x2b50fdc7) fmsub.d fs11, ft1, fs5, ft5
core   0: 1 0x0000000080004488 (0x2b50fdc7) f27 0x7ff8000000000000
core   0: 0x000000008000448c (0xc2057dd3) fcvt.w.d s11, fa0
core   0: 1 0x000000008000448c (0xc2057dd3) c1_fflags 0x0000000000000011 x27 0x000000007fffffff
core   0: 0x0000000080004490 (0x020d57b3) divu    a5, s10, zero
core   0: 1 0x0000000080004490 (0x020d57b3) x15 0xffffffffffffffff
core   0: 0x0000000080004494 (0xd23cfb53) fcvt.d.lu fs6, s9
core   0: 1 0x0000000080004494 (0xd23cfb53) c1_fflags 0x0000000000000011 f22 0x43f0000000000000
core   0: 0x0000000080004498 (0x01828abb) addw    s5, t0, s8
core   0: 1 0x0000000080004498 (0x01828abb) x21 0x000000000000080b
core   0: 0x000000008000449c (0x026ac533) div     a0, s5, t1
core   0: 1 0x000000008000449c (0x026ac533) x10 0x0000000000000003
core   0: 0x00000000800044a0 (0x008505bb) addw    a1, a0, s0
core   0: 1 0x00000000800044a0 (0x008505bb) x11 0x0000000000000014
core   0: 0x00000000800044a4 (0x010053b3) srl     t2, zero, a6
core   0: 1 0x00000000800044a4 (0x010053b3) x7  0x0000000000000000
core   0: 0x00000000800044a8 (0x23592953) fsgnjx.d fs2, fs2, fs5
core   0: 1 0x00000000800044a8 (0x23592953) f18 0xbff0000000000000
core   0: 0x00000000800044ac (0xd20487d3) fcvt.d.w fa5, s1
core   0: 1 0x00000000800044ac (0xd20487d3) f15 0x417ffffff0000000
core   0: 0x00000000800044b0 (0xd0287a53) fcvt.s.l fs4, a6
core   0: 1 0x00000000800044b0 (0xd0287a53) c1_fflags 0x0000000000000011 f20 0xffffffffce3fffed
core   0: 0x00000000800044b4 (0x030841b3) div     gp, a6, a6
core   0: 1 0x00000000800044b4 (0x030841b3) x3  0x0000000000000001
core   0: 0x00000000800044b8 (0x014a6d33) or      s10, s4, s4
core   0: 1 0x00000000800044b8 (0x014a6d33) x26 0x0000000000000000
core   0: 0x00000000800044bc (0xd2337bd3) fcvt.d.lu fs7, t1
core   0: 1 0x00000000800044bc (0xd2337bd3) f23 0x4083200000000000
core   0: 0x00000000800044c0 (0xff901eb7) lui     t4, 0xff901
core   0: 1 0x00000000800044c0 (0xff901eb7) x29 0xffffffffff901000
core   0: 0x00000000800044c4 (0xf47e8e9b) addiw   t4, t4, -185
core   0: 1 0x00000000800044c4 (0xf47e8e9b) x29 0xffffffffff900f47
core   0: 0x00000000800044c8 (0x00000ebe) c.slli  t4, 15
core   0: 1 0x00000000800044c8 (0x0ebe) x29 0xffffffc807a38000
core   0: 0x00000000800044ca (0x471e8e93) addi    t4, t4, 1137
core   0: 1 0x00000000800044ca (0x471e8e93) x29 0xffffffc807a38471
core   0: 0x00000000800044ce (0xfffc6593) ori     a1, s8, -1
core   0: 1 0x00000000800044ce (0xfffc6593) x11 0xffffffffffffffff
core   0: 0x00000000800044d2 (0x025ed013) srli    zero, t4, 37
core   0: 1 0x00000000800044d2 (0x025ed013)
core   0: 0x00000000800044d6 (0x416bdb3b) sraw    s6, s7, s6
core   0: 1 0x00000000800044d6 (0x416bdb3b) x22 0x0000000000000000
core   0: 0x00000000800044da (0x00e005bb) addw    a1, zero, a4
core   0: 1 0x00000000800044da (0x00e005bb) x11 0x00000000000007ff
core   0: 0x00000000800044de (0xf2098853) fmv.d.x fa6, s3
core   0: 1 0x00000000800044de (0xf2098853) f16 0x0000000001ffffff
core   0: 0x00000000800044e2 (0x12f7ff53) fmul.d  ft10, fa5, fa5
core   0: 1 0x00000000800044e2 (0x12f7ff53) f30 0x430fffffe0000008
core   0: 0x00000000800044e6 (0x9b620193) addi    gp, tp, -1610
core   0: 1 0x00000000800044e6 (0x9b620193) x3  0xfffffffffffff9b6
core   0: 0x00000000800044ea (0x02b9e9b3) rem     s3, s3, a1
core   0: 1 0x00000000800044ea (0x02b9e9b3) x19 0x0000000000000007
core   0: 0x00000000800044ee (0x013c1c3b) sllw    s8, s8, s3
core   0: 1 0x00000000800044ee (0x013c1c3b) x24 0x000000000003fe80
core   0: 0x00000000800044f2 (0x02751bb3) mulh    s7, a0, t2
core   0: 1 0x00000000800044f2 (0x02751bb3) x23 0x0000000000000000
core   0: 0x00000000800044f6 (0x00000001) c.nop
core   0: 1 0x00000000800044f6 (0x0001)
core   0: 0x00000000800044f8 (0x002a9173) csrrw   sp, frm, s5
core   0: 1 0x00000000800044f8 (0x002a9173) x2  0x0000000000000000 c2_frm 0x0000000000000003
core   0: 0x00000000800044fc (0xf20b8253) fmv.d.x ft4, s7
core   0: 1 0x00000000800044fc (0xf20b8253) f4  0x0000000000000000
core   0: 0x0000000080004500 (0x41d6593b) sraw    s2, a2, t4
core   0: 1 0x0000000080004500 (0x41d6593b) x18 0x0000000000000000
core   0: 0x0000000080004504 (0x03658c3b) mulw    s8, a1, s6
core   0: 1 0x0000000080004504 (0x03658c3b) x24 0x0000000000000000
core   0: 0x0000000080004508 (0x1a4a7c53) fdiv.d  fs8, fs4, ft4
core   0: 1 0x0000000080004508 (0x1a4a7c53) f24 0x7ff8000000000000
core   0: 0x000000008000450c (0x120c73d3) fmul.d  ft7, fs8, ft0
core   0: 1 0x000000008000450c (0x120c73d3) f7  0x7ff8000000000000
core   0: 0x0000000080004510 (0x030c6dbb) remw    s11, s8, a6
core   0: 1 0x0000000080004510 (0x030c6dbb) x27 0x0000000000000000
core   0: 0x0000000080004514 (0x001d9773) csrrw   a4, fflags, s11
core   0: 1 0x0000000080004514 (0x001d9773) x14 0x0000000000000011 c1_fflags 0x0000000000000000
core   0: 0x0000000080004518 (0x02947633) remu    a2, s0, s1
core   0: 1 0x0000000080004518 (0x02947633) x12 0x0000000000000011
core   0: 0x000000008000451c (0x00202df3) csrrs   s11, frm, zero
core   0: 1 0x000000008000451c (0x00202df3) x27 0x0000000000000003
core   0: 0x0000000080004520 (0x41758bb3) sub     s7, a1, s7
core   0: 1 0x0000000080004520 (0x41758bb3) x23 0x00000000000007ff
core   0: 0x0000000080004524 (0x02eb9d93) slli    s11, s7, 46
core   0: 1 0x0000000080004524 (0x02eb9d93) x27 0x01ffc00000000000
core   0: 0x0000000080004528 (0x0010a0b3) slt     ra, ra, ra
core   0: 1 0x0000000080004528 (0x0010a0b3) x1  0x0000000000000000
core   0: 0x000000008000452c (0x0022fdb3) and     s11, t0, sp
core   0: 1 0x000000008000452c (0x0022fdb3) x27 0x0000000000000000
core   0: 0x0000000080004530 (0xc0317753) fcvt.lu.s a4, ft2
core   0: 1 0x0000000080004530 (0xc0317753) c1_fflags 0x0000000000000010 x14 0xffffffffffffffff
core   0: 0x0000000080004534 (0x00eb1b3b) sllw    s6, s6, a4
core   0: 1 0x0000000080004534 (0x00eb1b3b) x22 0x0000000000000000
core   0: 0x0000000080004538 (0x013619bb) sllw    s3, a2, s3
core   0: 1 0x0000000080004538 (0x013619bb) x19 0x0000000000000880
core   0: 0x000000008000453c (0x400181b3) sub     gp, gp, zero
core   0: 1 0x000000008000453c (0x400181b3) x3  0xfffffffffffff9b6
core   0: 0x0000000080004540 (0x0136dcbb) srlw    s9, a3, s3
core   0: 1 0x0000000080004540 (0x0136dcbb) x25 0x0000000000000000
core   0: 0x0000000080004544 (0x413e80bb) subw    ra, t4, s3
core   0: 1 0x0000000080004544 (0x413e80bb) x1  0x0000000007a37bf1
core   0: 0x0000000080004548 (0x00041e13) slli    t3, s0, 0
core   0: 1 0x0000000080004548 (0x00041e13) x28 0x0000000000000011
core   0: 0x000000008000454c (0x017e00b3) add     ra, t3, s7
core   0: 1 0x000000008000454c (0x017e00b3) x1  0x0000000000000810
core   0: 0x0000000080004550 (0x4010f0d3) fcvt.s.d ft1, ft1
core   0: 1 0x0000000080004550 (0x4010f0d3) f1  0xffffffff7fc00000
core   0: 0x0000000080004554 (0x005c92b3) sll     t0, s9, t0
core   0: 1 0x0000000080004554 (0x005c92b3) x5  0x0000000000000000
core   0: 0x0000000080004558 (0xc200fa53) fcvt.w.d s4, ft1
core   0: 1 0x0000000080004558 (0xc200fa53) c1_fflags 0x0000000000000010 x20 0x000000007fffffff
core   0: 0x000000008000455c (0x021d0d3b) mulw    s10, s10, ra
core   0: 1 0x000000008000455c (0x021d0d3b) x26 0x0000000000000000
core   0: 0x0000000080004560 (0xc219f7d3) fcvt.wu.d a5, fs3
core   0: 1 0x0000000080004560 (0xc219f7d3) c1_fflags 0x0000000000000010 x15 0xffffffffffffffff
core   0: 0x0000000080004564 (0x23de9ed3) fsgnjn.d ft9, ft9, ft9
core   0: 1 0x0000000080004564 (0x23de9ed3) f29 0xfff8000000000000
core   0: 0x0000000080004568 (0x00f992b3) sll     t0, s3, a5
core   0: 1 0x0000000080004568 (0x00f992b3) x5  0x0000000000000000
core   0: 0x000000008000456c (0x0059fab3) and     s5, s3, t0
core   0: 1 0x000000008000456c (0x0059fab3) x21 0x0000000000000000
core   0: 0x0000000080004570 (0x41da5193) srai    gp, s4, 29
core   0: 1 0x0000000080004570 (0x41da5193) x3  0x0000000000000003
core   0: 0x0000000080004574 (0x001022f3) csrrs   t0, fflags, zero
core   0: 1 0x0000000080004574 (0x001022f3) x5  0x0000000000000010
core   0: 0x0000000080004578 (0xe6a5c213) xori    tp, a1, -406
core   0: 1 0x0000000080004578 (0xe6a5c213) x4  0xfffffffffffff995
core   0: 0x000000008000457c (0x400b5d93) srai    s11, s6, 0
core   0: 1 0x000000008000457c (0x400b5d93) x27 0x0000000000000000
core   0: 0x0000000080004580 (0x001ede9b) srliw   t4, t4, 1
core   0: 1 0x0000000080004580 (0x001ede9b) x29 0x0000000003d1c238
core   0: 0x0000000080004584 (0xf2020653) fmv.d.x fa2, tp
core   0: 1 0x0000000080004584 (0xf2020653) f12 0xfffffffffffff995
core   0: 0x0000000080004588 (0x401676d3) fcvt.s.d fa3, fa2
core   0: 1 0x0000000080004588 (0x401676d3) f13 0xffffffff7fc00000
core   0: 0x000000008000458c (0x017dd01b) srliw   zero, s11, 23
core   0: 1 0x000000008000458c (0x017dd01b)
core   0: 0x0000000080004590 (0x00008d4a) c.mv    s10, s2
core   0: 1 0x0000000080004590 (0x8d4a) x26 0x0000000000000000
core   0: 0x0000000080004592 (0x419d5b1b) sraiw   s6, s10, 25
core   0: 1 0x0000000080004592 (0x419d5b1b) x22 0x0000000000000000
core   0: 0x0000000080004596 (0x41a88cbb) subw    s9, a7, s10
core   0: 1 0x0000000080004596 (0x41a88cbb) x25 0x00000000000007fd
core   0: 0x000000008000459a (0x02bc003b) mulw    zero, s8, a1
core   0: 1 0x000000008000459a (0x02bc003b)
core   0: 0x000000008000459e (0x028e4e33) div     t3, t3, s0
core   0: 1 0x000000008000459e (0x028e4e33) x28 0x0000000000000001
core   0: 0x00000000800045a2 (0x00909c1b) slliw   s8, ra, 9
core   0: 1 0x00000000800045a2 (0x00909c1b) x24 0x0000000000102000
core   0: 0x00000000800045a6 (0x002e1773) csrrw   a4, frm, t3
core   0: 1 0x00000000800045a6 (0x002e1773) x14 0x0000000000000003 c2_frm 0x0000000000000001
core   0: 0x00000000800045aa (0xcb93fe47) fmsub.d ft8, ft7, fs9, fs9
core   0: 1 0x00000000800045aa (0xcb93fe47) f28 0x7ff8000000000000
core   0: 0x00000000800045ae (0x40fd5993) srai    s3, s10, 15
core   0: 1 0x00000000800045ae (0x40fd5993) x19 0x0000000000000000
core   0: 0x00000000800045b2 (0x401cdb13) srai    s6, s9, 1
core   0: 1 0x00000000800045b2 (0x401cdb13) x22 0x00000000000003fe
core   0: 0x00000000800045b6 (0x3c9c8013) addi    zero, s9, 969
core   0: 1 0x00000000800045b6 (0x3c9c8013)
core   0: 0x00000000800045ba (0x00c0543b) srlw    s0, zero, a2
core   0: 1 0x00000000800045ba (0x00c0543b) x8  0x0000000000000000
core   0: 0x00000000800045be (0xd23ef3d3) fcvt.d.lu ft7, t4
core   0: 1 0x00000000800045be (0xd23ef3d3) f7  0x418e8e11c0000000
core   0: 0x00000000800045c2 (0x00000001) c.nop
core   0: 1 0x00000000800045c2 (0x0001)
core   0: 0x00000000800045c4 (0x00000001) c.nop
core   0: 1 0x00000000800045c4 (0x0001)
core   0: 0x00000000800045c6 (0x00c368b3) or      a7, t1, a2
core   0: 1 0x00000000800045c6 (0x00c368b3) x17 0x0000000000000275
core   0: 0x00000000800045ca (0x00261bbb) sllw    s7, a2, sp
core   0: 1 0x00000000800045ca (0x00261bbb) x23 0x0000000000000011
core   0: 0x00000000800045ce (0xfffbca13) not     s4, s7
core   0: 1 0x00000000800045ce (0xfffbca13) x20 0xffffffffffffffee
core   0: 0x00000000800045d2 (0x1a1c7bcb) fnmsub.d fs7, fs8, ft1, ft3
core   0: 1 0x00000000800045d2 (0x1a1c7bcb) f23 0x7ff8000000000000
core   0: 0x00000000800045d6 (0x000e539b) srliw   t2, t3, 0
core   0: 1 0x00000000800045d6 (0x000e539b) x7  0x0000000000000001
core   0: 0x00000000800045da (0x033a4ab3) div     s5, s4, s3
core   0: 1 0x00000000800045da (0x033a4ab3) x21 0xffffffffffffffff
core   0: 0x00000000800045de (0x03a2ffc3) fmadd.d ft11, ft5, fs10, ft0
core   0: 1 0x00000000800045de (0x03a2ffc3) f31 0x7ff8000000000000
core   0: 0x00000000800045e2 (0x4029d0bb) sraw    ra, s3, sp
core   0: 1 0x00000000800045e2 (0x4029d0bb) x1  0x0000000000000000
core   0: 0x00000000800045e6 (0x0a807453) fsub.d  fs0, ft0, fs0
core   0: 1 0x00000000800045e6 (0x0a807453) f8  0x7ff8000000000000
core   0: 0x00000000800045ea (0x40128833) sub     a6, t0, ra
core   0: 1 0x00000000800045ea (0x40128833) x16 0x0000000000000010
core   0: 0x00000000800045ee (0x6bd0859b) addiw   a1, ra, 1725
core   0: 1 0x00000000800045ee (0x6bd0859b) x11 0x00000000000006bd
core   0: 0x00000000800045f2 (0x0145d9b7) lui     s3, 0x145d
core   0: 1 0x00000000800045f2 (0x0145d9b7) x19 0x000000000145d000
core   0: 0x00000000800045f6 (0x2d59899b) addiw   s3, s3, 725
core   0: 1 0x00000000800045f6 (0x2d59899b) x19 0x000000000145d2d5
core   0: 0x00000000800045fa (0x000009b6) c.slli  s3, 13
core   0: 1 0x00000000800045fa (0x09b6) x19 0x00000028ba5aa000
core   0: 0x00000000800045fc (0x92798993) addi    s3, s3, -1753
core   0: 1 0x00000000800045fc (0x92798993) x19 0x00000028ba5a9927
core   0: 0x0000000080004600 (0x001e131b) slliw   t1, t3, 1
core   0: 1 0x0000000080004600 (0x001e131b) x6  0x0000000000000002
core   0: 0x0000000080004604 (0xc20bf6d3) fcvt.w.d a3, fs7
core   0: 1 0x0000000080004604 (0xc20bf6d3) c1_fflags 0x0000000000000010 x13 0x000000007fffffff
core   0: 0x0000000080004608 (0x011dcdb3) xor     s11, s11, a7
core   0: 1 0x0000000080004608 (0x011dcdb3) x27 0x0000000000000275
core   0: 0x000000008000460c (0xd318fccf) fnmadd.d fs9, fa7, fa7, fs10
core   0: 1 0x000000008000460c (0xd318fccf) f25 0x7ff8000000000000
core   0: 0x0000000080004610 (0x2a4c9d53) fmax.d  fs10, fs9, ft4
core   0: 1 0x0000000080004610 (0x2a4c9d53) f26 0x0000000000000000
core   0: 0x0000000080004614 (0x032a7dbb) remuw   s11, s4, s2
core   0: 1 0x0000000080004614 (0x032a7dbb) x27 0xffffffffffffffee
core   0: 0x0000000080004618 (0xfa7d73c7) fmsub.d ft7, fs10, ft7, ft11
core   0: 1 0x0000000080004618 (0xfa7d73c7) f7  0x7ff8000000000000
core   0: 0x000000008000461c (0x02b51d33) mulh    s10, a0, a1
core   0: 1 0x000000008000461c (0x02b51d33) x26 0x0000000000000000
core   0: 0x0000000080004620 (0xa3a90b53) fle.d   s6, fs2, fs10
core   0: 1 0x0000000080004620 (0xa3a90b53) x22 0x0000000000000001
core   0: 0x0000000080004624 (0x0ff0000f) fence   iorw,iorw
core   0: 1 0x0000000080004624 (0x0ff0000f)
core   0: 0x0000000080004628 (0x22f3a553) fsgnjx.d fa0, ft7, fa5
core   0: 1 0x0000000080004628 (0x22f3a553) f10 0x7ff8000000000000
core   0: 0x000000008000462c (0x03b0d0bb) divuw   ra, ra, s11
core   0: 1 0x000000008000462c (0x03b0d0bb) x1  0x0000000000000000
core   0: 0x0000000080004630 (0x001d1a33) sll     s4, s10, ra
core   0: 1 0x0000000080004630 (0x001d1a33) x20 0x0000000000000000
core   0: 0x0000000080004634 (0xd2178553) fcvt.d.wu fa0, a5
core   0: 1 0x0000000080004634 (0xd2178553) f10 0x41efffffffe00000
core   0: 0x0000000080004638 (0x0167d333) srl     t1, a5, s6
core   0: 1 0x0000000080004638 (0x0167d333) x6  0x7fffffffffffffff
core   0: 0x000000008000463c (0xd20a01d3) fcvt.d.w ft3, s4
core   0: 1 0x000000008000463c (0xd20a01d3) f3  0x0000000000000000
core   0: 0x0000000080004640 (0x021a2633) mulhsu  a2, s4, ra
core   0: 1 0x0000000080004640 (0x021a2633) x12 0x0000000000000000
core   0: 0x0000000080004644 (0x9e6efb13) andi    s6, t4, -1562
core   0: 1 0x0000000080004644 (0x9e6efb13) x22 0x0000000003d1c020
core   0: 0x0000000080004648 (0xfe4e7137) lui     sp, 0xfe4e7
core   0: 1 0x0000000080004648 (0xfe4e7137) x2  0xfffffffffe4e7000
core   0: 0x000000008000464c (0x51f1011b) addiw   sp, sp, 1311
core   0: 1 0x000000008000464c (0x51f1011b) x2  0xfffffffffe4e751f
core   0: 0x0000000080004650 (0x0000013a) c.slli  sp, 14
core   0: 1 0x0000000080004650 (0x013a) x2  0xffffff939d47c000
core   0: 0x0000000080004652 (0x80210113) addi    sp, sp, -2046
core   0: 1 0x0000000080004652 (0x80210113) x2  0xffffff939d47b802
core   0: 0x0000000080004656 (0x0ff0000f) fence   iorw,iorw
core   0: 1 0x0000000080004656 (0x0ff0000f)
core   0: 0x000000008000465a (0x00111493) slli    s1, sp, 1
core   0: 1 0x000000008000465a (0x00111493) x9  0xffffff273a8f7004
core   0: 0x000000008000465e (0x52aa70cf) fnmadd.d ft1, fs4, fa0, fa0
core   0: 1 0x000000008000465e (0x52aa70cf) f1  0x7ff8000000000000
core   0: 0x0000000080004662 (0x00161673) csrrw   a2, fflags, a2
core   0: 1 0x0000000080004662 (0x00161673) x12 0x0000000000000010 c1_fflags 0x0000000000000000
core   0: 0x0000000080004666 (0x420282d3) fcvt.d.s ft5, ft5
core   0: 1 0x0000000080004666 (0x420282d3) f5  0x7ff8000000000000
core   0: 0x000000008000466a (0x4014501b) sraiw   zero, s0, 1
core   0: 1 0x000000008000466a (0x4014501b)
core   0: 0x000000008000466e (0xa2fb82d3) fle.d   t0, fs7, fa5
core   0: 1 0x000000008000466e (0xa2fb82d3) c1_fflags 0x0000000000000010 x5  0x0000000000000000
core   0: 0x0000000080004672 (0x00009d2e) c.add   s10, a1
core   0: 1 0x0000000080004672 (0x9d2e) x26 0x00000000000006bd
core   0: 0x0000000080004674 (0x0325ed3b) remw    s10, a1, s2
core   0: 1 0x0000000080004674 (0x0325ed3b) x26 0x00000000000006bd
core   0: 0x0000000080004678 (0x038122b3) mulhsu  t0, sp, s8
core   0: 1 0x0000000080004678 (0x038122b3) x5  0xffffffffffffffff
core   0: 0x000000008000467c (0xc2357cd3) fcvt.lu.d s9, fa0
core   0: 1 0x000000008000467c (0xc2357cd3) x25 0x00000000ffffffff
core   0: 0x0000000080004680 (0xa3028953) fle.d   s2, ft5, fa6
core   0: 1 0x0000000080004680 (0xa3028953) c1_fflags 0x0000000000000010 x18 0x0000000000000000
core   0: 0x0000000080004684 (0xc22973d3) fcvt.l.d t2, fs2
core   0: 1 0x0000000080004684 (0xc22973d3) x7  0xffffffffffffffff
core   0: 0x0000000080004688 (0xc2187753) fcvt.wu.d a4, fa6
core   0: 1 0x0000000080004688 (0xc2187753) c1_fflags 0x0000000000000011 x14 0x0000000000000000
core   0: 0x000000008000468c (0x0163e9b3) or      s3, t2, s6
core   0: 1 0x000000008000468c (0x0163e9b3) x19 0xffffffffffffffff
core   0: 0x0000000080004690 (0x00423bb7) lui     s7, 0x423
core   0: 1 0x0000000080004690 (0x00423bb7) x23 0x0000000000423000
core   0: 0x0000000080004694 (0x00002bb5) c.addiw s7, 13
core   0: 1 0x0000000080004694 (0x2bb5) x23 0x000000000042300d
core   0: 0x0000000080004696 (0x00000bc2) c.slli  s7, 16
core   0: 1 0x0000000080004696 (0x0bc2) x23 0x00000042300d0000
core   0: 0x0000000080004698 (0x7c2b8b93) addi    s7, s7, 1986
core   0: 1 0x0000000080004698 (0x7c2b8b93) x23 0x00000042300d07c2
core   0: 0x000000008000469c (0x40f6d83b) sraw    a6, a3, a5
core   0: 1 0x000000008000469c (0x40f6d83b) x16 0x0000000000000000
core   0: 0x00000000800046a0 (0x41cb0ebb) subw    t4, s6, t3
core   0: 1 0x00000000800046a0 (0x41cb0ebb) x29 0x0000000003d1c01f
core   0: 0x00000000800046a4 (0x10368ab7) lui     s5, 0x10368
core   0: 1 0x00000000800046a4 (0x10368ab7) x21 0x0000000010368000
core   0: 0x00000000800046a8 (0x01b595b3) sll     a1, a1, s11
core   0: 1 0x00000000800046a8 (0x01b595b3) x11 0x01af400000000000
core   0: 0x00000000800046ac (0x02a77753) fadd.d  fa4, fa4, fa0
core   0: 1 0x00000000800046ac (0x02a77753) f14 0x7ff8000000000000
core   0: 0x00000000800046b0 (0x00000001) c.nop
core   0: 1 0x00000000800046b0 (0x0001)
core   0: 0x00000000800046b2 (0x13a6f853) fmul.d  fa6, fa3, fs10
core   0: 1 0x00000000800046b2 (0x13a6f853) f16 0x7ff8000000000000
core   0: 0x00000000800046b6 (0x41360cbb) subw    s9, a2, s3
core   0: 1 0x00000000800046b6 (0x41360cbb) x25 0x0000000000000011
core   0: 0x00000000800046ba (0x0ad878d3) fsub.d  fa7, fa6, fa3
core   0: 1 0x00000000800046ba (0x0ad878d3) f17 0x7ff8000000000000
core   0: 0x00000000800046be (0xd026f453) fcvt.s.l fs0, a3
core   0: 1 0x00000000800046be (0xd026f453) c1_fflags 0x0000000000000011 f8  0xffffffff4effffff
core   0: 0x00000000800046c2 (0xa36407d3) fle.d   a5, fs0, fs6
core   0: 1 0x00000000800046c2 (0xa36407d3) c1_fflags 0x0000000000000011 x15 0x0000000000000000
core   0: 0x00000000800046c6 (0x01a5d29b) srliw   t0, a1, 26
core   0: 1 0x00000000800046c6 (0x01a5d29b) x5  0x0000000000000000
core   0: 0x00000000800046ca (0x3b63f247) fmsub.d ft4, ft7, fs6, ft7
core   0: 1 0x00000000800046ca (0x3b63f247) f4  0x7ff8000000000000
core   0: 0x00000000800046ce (0x01aa843b) addw    s0, s5, s10
core   0: 1 0x00000000800046ce (0x01aa843b) x8  0x00000000103686bd
core   0: 0x00000000800046d2 (0x7d380417) auipc   s0, 0x7d380
core   0: 1 0x00000000800046d2 (0x7d380417) x8  0x00000000fd3846d2
core   0: 0x00000000800046d6 (0x0324ebbb) remw    s7, s1, s2
core   0: 1 0x00000000800046d6 (0x0324ebbb) x23 0x000000003a8f7004
core   0: 0x00000000800046da (0x0109083b) addw    a6, s2, a6
core   0: 1 0x00000000800046da (0x0109083b) x16 0x0000000000000000
core   0: 0x00000000800046de (0x04e6d137) lui     sp, 0x4e6d
core   0: 1 0x00000000800046de (0x04e6d137) x2  0x0000000004e6d000
core   0: 0x00000000800046e2 (0x28b1011b) addiw   sp, sp, 651
core   0: 1 0x00000000800046e2 (0x28b1011b) x2  0x0000000004e6d28b
core   0: 0x00000000800046e6 (0x00000132) c.slli  sp, 12
core   0: 1 0x00000000800046e6 (0x0132) x2  0x0000004e6d28b000
core   0: 0x00000000800046e8 (0xeb910113) addi    sp, sp, -327
core   0: 1 0x00000000800046e8 (0xeb910113) x2  0x0000004e6d28aeb9
core   0: 0x00000000800046ec (0xc22e7553) fcvt.l.d a0, ft8
core   0: 1 0x00000000800046ec (0xc22e7553) c1_fflags 0x0000000000000011 x10 0x7fffffffffffffff
core   0: 0x00000000800046f0 (0x01205b13) srli    s6, zero, 18
core   0: 1 0x00000000800046f0 (0x01205b13) x22 0x0000000000000000
core   0: 0x00000000800046f4 (0xc2167953) fcvt.wu.d s2, fa2
core   0: 1 0x00000000800046f4 (0xc2167953) c1_fflags 0x0000000000000011 x18 0xffffffffffffffff
core   0: 0x00000000800046f8 (0xd02bfdd3) fcvt.s.l fs11, s7
core   0: 1 0x00000000800046f8 (0xd02bfdd3) c1_fflags 0x0000000000000011 f27 0xffffffff4e6a3dc0
core   0: 0x00000000800046fc (0x02e4e033) rem     zero, s1, a4
core   0: 1 0x00000000800046fc (0x02e4e033)
core   0: 0x0000000080004700 (0x012283b3) add     t2, t0, s2
core   0: 1 0x0000000080004700 (0x012283b3) x7  0xffffffffffffffff
core   0: 0x0000000080004704 (0x004382b3) add     t0, t2, tp
core   0: 1 0x0000000080004704 (0x004382b3) x5  0xfffffffffffff994
core   0: 0x0000000080004708 (0xd22e75d3) fcvt.d.l fa1, t3
core   0: 1 0x0000000080004708 (0xd22e75d3) f11 0x3ff0000000000000
core   0: 0x000000008000470c (0x1b6dfb53) fdiv.d  fs6, fs11, fs6
core   0: 1 0x000000008000470c (0x1b6dfb53) f22 0x7ff8000000000000
core   0: 0x0000000080004710 (0x012408bb) addw    a7, s0, s2
core   0: 1 0x0000000080004710 (0x012408bb) x17 0xfffffffffd3846d1
core   0: 0x0000000080004714 (0x01279313) slli    t1, a5, 18
core   0: 1 0x0000000080004714 (0x01279313) x6  0x0000000000000000
core   0: 0x0000000080004718 (0xe2020553) fmv.x.d a0, ft4
core   0: 1 0x0000000080004718 (0xe2020553) x10 0x7ff8000000000000
core   0: 0x000000008000471c (0x4129593b) sraw    s2, s2, s2
core   0: 1 0x000000008000471c (0x4129593b) x18 0xffffffffffffffff
core   0: 0x0000000080004720 (0x0ff0000f) fence   iorw,iorw
core   0: 1 0x0000000080004720 (0x0ff0000f)
core   0: 0x0000000080004724 (0x00139813) slli    a6, t2, 1
core   0: 1 0x0000000080004724 (0x00139813) x16 0xfffffffffffffffe
core   0: 0x0000000080004728 (0xb9c4dd97) auipc   s11, 0xb9c4d
core   0: 1 0x0000000080004728 (0xb9c4dd97) x27 0x0000000039c51728
core   0: 0x000000008000472c (0x43dcdc93) srai    s9, s9, 61
core   0: 1 0x000000008000472c (0x43dcdc93) x25 0x0000000000000000
core   0: 0x0000000080004730 (0x0358a4b3) mulhsu  s1, a7, s5
core   0: 1 0x0000000080004730 (0x0358a4b3) x9  0xffffffffffffffff
core   0: 0x0000000080004734 (0x02b5d5bb) divuw   a1, a1, a1
core   0: 1 0x0000000080004734 (0x02b5d5bb) x11 0xffffffffffffffff
core   0: 0x0000000080004738 (0xb275899b) addiw   s3, a1, -1241
core   0: 1 0x0000000080004738 (0xb275899b) x19 0xfffffffffffffb26
core   0: 0x000000008000473c (0xdb6d7d4b) fnmsub.d fs10, fs10, fs6, fs11
core   0: 1 0x000000008000473c (0xdb6d7d4b) f26 0x7ff8000000000000
core   0: 0x0000000080004740 (0x0ff0000f) fence   iorw,iorw
core   0: 1 0x0000000080004740 (0x0ff0000f)
core   0: 0x0000000080004744 (0x13bdf7d3) fmul.d  fa5, fs11, fs11
core   0: 1 0x0000000080004744 (0x13bdf7d3) f15 0x7ff8000000000000
core   0: 0x0000000080004748 (0x00119973) csrrw   s2, fflags, gp
core   0: 1 0x0000000080004748 (0x00119973) x18 0x0000000000000011 c1_fflags 0x0000000000000003
core   0: 0x000000008000474c (0xd2070353) fcvt.d.w ft6, a4
core   0: 1 0x000000008000474c (0xd2070353) f6  0x0000000000000000
core   0: 0x0000000080004750 (0x4084d4bb) sraw    s1, s1, s0
core   0: 1 0x0000000080004750 (0x4084d4bb) x9  0xffffffffffffffff
core   0: 0x0000000080004754 (0x416383b3) sub     t2, t2, s6
core   0: 1 0x0000000080004754 (0x416383b3) x7  0xffffffffffffffff
core   0: 0x0000000080004758 (0x027282bb) mulw    t0, t0, t2
core   0: 1 0x0000000080004758 (0x027282bb) x5  0x000000000000066c
core   0: 0x000000008000475c (0x00ead59b) srliw   a1, s5, 14
core   0: 1 0x000000008000475c (0x00ead59b) x11 0x00000000000040da
core   0: 0x0000000080004760 (0xc21d77d3) fcvt.wu.d a5, fs10
core   0: 1 0x0000000080004760 (0xc21d77d3) c1_fflags 0x0000000000000013 x15 0xffffffffffffffff
core   0: 0x0000000080004764 (0x4007dd93) srai    s11, a5, 0
core   0: 1 0x0000000080004764 (0x4007dd93) x27 0xffffffffffffffff
core   0: 0x0000000080004768 (0x84ee019b) addiw   gp, t3, -1970
core   0: 1 0x0000000080004768 (0x84ee019b) x3  0xfffffffffffff84f
core   0: 0x000000008000476c (0x026d87b3) mul     a5, s11, t1
core   0: 1 0x000000008000476c (0x026d87b3) x15 0x0000000000000000
core   0: 0x0000000080004770 (0x03aefed3) fadd.d  ft9, ft9, fs10
core   0: 1 0x0000000080004770 (0x03aefed3) f29 0x7ff8000000000000
core   0: 0x0000000080004774 (0x7ff9091b) addiw   s2, s2, 2047
core   0: 1 0x0000000080004774 (0x7ff9091b) x18 0x0000000000000810
core   0: 0x0000000080004778 (0xd2397353) fcvt.d.lu ft6, s2
core   0: 1 0x0000000080004778 (0xd2397353) f6  0x40a0200000000000
core   0: 0x000000008000477c (0x40b95ab3) sra     s5, s2, a1
core   0: 1 0x000000008000477c (0x40b95ab3) x21 0x0000000000000000
core   0: 0x0000000080004780 (0x401f7453) fcvt.s.d fs0, ft10
core   0: 1 0x0000000080004780 (0x401f7453) c1_fflags 0x0000000000000013 f8  0xffffffff587fffff
core   0: 0x0000000080004784 (0x03b0fa3b) remuw   s4, ra, s11
core   0: 1 0x0000000080004784 (0x03b0fa3b) x20 0x0000000000000000
core   0: 0x0000000080004788 (0x41d2d93b) sraw    s2, t0, t4
core   0: 1 0x0000000080004788 (0x41d2d93b) x18 0x0000000000000000
core   0: 0x000000008000478c (0x400d5033) sra     zero, s10, zero
core   0: 1 0x000000008000478c (0x400d5033)
core   0: 0x0000000080004790 (0x417a02bb) subw    t0, s4, s7
core   0: 1 0x0000000080004790 (0x417a02bb) x5  0xffffffffc5708ffc
core   0: 0x0000000080004794 (0x005a4d33) xor     s10, s4, t0
core   0: 1 0x0000000080004794 (0x005a4d33) x26 0xffffffffc5708ffc
core   0: 0x0000000080004798 (0x0ff0000f) fence   iorw,iorw
core   0: 1 0x0000000080004798 (0x0ff0000f)
core   0: 0x000000008000479c (0x027372d3) fadd.d  ft5, ft6, ft7
core   0: 1 0x000000008000479c (0x027372d3) f5  0x7ff8000000000000
core   0: 0x00000000800047a0 (0x01aba1b3) slt     gp, s7, s10
core   0: 1 0x00000000800047a0 (0x01aba1b3) x3  0x0000000000000000
core   0: 0x00000000800047a4 (0xd20d07d3) fcvt.d.w fa5, s10
core   0: 1 0x00000000800047a4 (0xd20d07d3) f15 0xc1cd47b802000000
core   0: 0x00000000800047a8 (0x018989bb) addw    s3, s3, s8
core   0: 1 0x00000000800047a8 (0x018989bb) x19 0x0000000000101b26
core   0: 0x00000000800047ac (0x015b569b) srliw   a3, s6, 21
core   0: 1 0x00000000800047ac (0x015b569b) x13 0x0000000000000000
core   0: 0x00000000800047b0 (0x4003519b) sraiw   gp, t1, 0
core   0: 1 0x00000000800047b0 (0x4003519b) x3  0x0000000000000000
core   0: 0x00000000800047b4 (0x22099cd3) fsgnjn.d fs9, fs3, ft0
core   0: 1 0x00000000800047b4 (0x22099cd3) f25 0x7ff8000000000000
core   0: 0x00000000800047b8 (0x416d093b) subw    s2, s10, s6
core   0: 1 0x00000000800047b8 (0x416d093b) x18 0xffffffffc5708ffc
core   0: 0x00000000800047bc (0x00011093) slli    ra, sp, 0
core   0: 1 0x00000000800047bc (0x00011093) x1  0x0000004e6d28aeb9
core   0: 0x00000000800047c0 (0x402902bb) subw    t0, s2, sp
core   0: 1 0x00000000800047c0 (0x402902bb) x5  0x000000005847e143
core   0: 0x00000000800047c4 (0x000b6193) ori     gp, s6, 0
core   0: 1 0x00000000800047c4 (0x000b6193) x3  0x0000000000000000
core   0: 0x00000000800047c8 (0x0001131b) slliw   t1, sp, 0
core   0: 1 0x00000000800047c8 (0x0001131b) x6  0x000000006d28aeb9
core   0: 0x00000000800047cc (0x0252c7b3) div     a5, t0, t0
core   0: 1 0x00000000800047cc (0x0252c7b3) x15 0x0000000000000001
core   0: 0x00000000800047d0 (0x01275e3b) srlw    t3, a4, s2
core   0: 1 0x00000000800047d0 (0x01275e3b) x28 0x0000000000000000
core   0: 0x00000000800047d4 (0x2a111fd3) fmax.d  ft11, ft2, ft1
core   0: 1 0x00000000800047d4 (0x2a111fd3) f31 0x4253e8272de5c000
core   0: 0x00000000800047d8 (0x1433b3f3) csrrc   t2, stval, t2
core   0: 1 0x00000000800047d8 (0x1433b3f3) x7  0x0000000000000000 c323_stval 0x0000000000000000
core   0: 0x00000000800047dc (0x00000001) c.nop
core   0: 1 0x00000000800047dc (0x0001)
core   0: 0x00000000800047de (0x01f4949b) slliw   s1, s1, 31
core   0: 1 0x00000000800047de (0x01f4949b) x9  0xffffffff80000000
core   0: 0x00000000800047e2 (0x001c0793) addi    a5, s8, 1
core   0: 1 0x00000000800047e2 (0x001c0793) x15 0x0000000000102001
core   0: 0x00000000800047e6 (0x00005c13) srli    s8, zero, 0
core   0: 1 0x00000000800047e6 (0x00005c13) x24 0x0000000000000000
core   0: 0x00000000800047ea (0x03742333) mulhsu  t1, s0, s7
core   0: 1 0x00000000800047ea (0x03742333) x6  0x0000000000000000
core   0: 0x00000000800047ee (0x0b1178d3) fsub.d  fa7, ft2, fa7
core   0: 1 0x00000000800047ee (0x0b1178d3) f17 0x7ff8000000000000
core   0: 0x00000000800047f2 (0x03800a3b) mulw    s4, zero, s8
core   0: 1 0x00000000800047f2 (0x03800a3b) x20 0x0000000000000000
core   0: 0x00000000800047f6 (0x03430abb) mulw    s5, t1, s4
core   0: 1 0x00000000800047f6 (0x03430abb) x21 0x0000000000000000
core   0: 0x00000000800047fa (0x01aa5393) srli    t2, s4, 26
core   0: 1 0x00000000800047fa (0x01aa5393) x7  0x0000000000000000
core   0: 0x00000000800047fe (0x02784633) div     a2, a6, t2
core   0: 1 0x00000000800047fe (0x02784633) x12 0xffffffffffffffff
core   0: 0x0000000080004802 (0x0007929b) slliw   t0, a5, 0
core   0: 1 0x0000000080004802 (0x0007929b) x5  0x0000000000102001
core   0: 0x0000000080004806 (0x001a15f3) csrrw   a1, fflags, s4
core   0: 1 0x0000000080004806 (0x001a15f3) x11 0x0000000000000013 c1_fflags 0x0000000000000000
core   0: 0x000000008000480a (0x02b78dbb) mulw    s11, a5, a1
core   0: 1 0x000000008000480a (0x02b78dbb) x27 0x0000000001326013
core   0: 0x000000008000480e (0xc02ffb53) fcvt.l.s s6, ft11
core   0: 1 0x000000008000480e (0xc02ffb53) c1_fflags 0x0000000000000010 x22 0x7fffffffffffffff
core   0: 0x0000000080004812 (0xc20478d3) fcvt.w.d a7, fs0
core   0: 1 0x0000000080004812 (0xc20478d3) c1_fflags 0x0000000000000010 x17 0x000000007fffffff
core   0: 0x0000000080004816 (0x027c2c33) mulhsu  s8, s8, t2
core   0: 1 0x0000000080004816 (0x027c2c33) x24 0x0000000000000000
core   0: 0x000000008000481a (0xfdf31e37) lui     t3, 0xfdf31
core   0: 1 0x000000008000481a (0xfdf31e37) x28 0xfffffffffdf31000
core   0: 0x000000008000481e (0xcc7e0e1b) addiw   t3, t3, -825
core   0: 1 0x000000008000481e (0xcc7e0e1b) x28 0xfffffffffdf30cc7
core   0: 0x0000000080004822 (0x00000e32) c.slli  t3, 12
core   0: 1 0x0000000080004822 (0x0e32) x28 0xffffffdf30cc7000
core   0: 0x0000000080004824 (0x33be0e13) addi    t3, t3, 827
core   0: 1 0x0000000080004824 (0x33be0e13) x28 0xffffffdf30cc733b
core   0: 0x0000000080004828 (0x0ff0000f) fence   iorw,iorw
core   0: 1 0x0000000080004828 (0x0ff0000f)
core   0: 0x000000008000482c (0x0b5a0893) addi    a7, s4, 181
core   0: 1 0x000000008000482c (0x0b5a0893) x17 0x00000000000000b5
core   0: 0x0000000080004830 (0xc200fad3) fcvt.w.d s5, ft1
core   0: 1 0x0000000080004830 (0xc200fad3) c1_fflags 0x0000000000000010 x21 0x000000007fffffff
core   0: 0x0000000080004834 (0x012d7533) and     a0, s10, s2
core   0: 1 0x0000000080004834 (0x012d7533) x10 0xffffffffc5708ffc
core   0: 0x0000000080004838 (0x0064883b) addw    a6, s1, t1
core   0: 1 0x0000000080004838 (0x0064883b) x16 0xffffffff80000000
core   0: 0x000000008000483c (0x007380b3) add     ra, t2, t2
core   0: 1 0x000000008000483c (0x007380b3) x1  0x0000000000000000
core   0: 0x0000000080004840 (0x1a107053) fdiv.d  ft0, ft0, ft1
core   0: 1 0x0000000080004840 (0x1a107053) f0  0x7ff8000000000000
core   0: 0x0000000080004844 (0x005d5b33) srl     s6, s10, t0
core   0: 1 0x0000000080004844 (0x005d5b33) x22 0x7fffffffe2b847fe
core   0: 0x0000000080004848 (0x23ff8453) fsgnj.d fs0, ft11, ft11
core   0: 1 0x0000000080004848 (0x23ff8453) f8  0x4253e8272de5c000
core   0: 0x000000008000484c (0x029cc63b) divw    a2, s9, s1
core   0: 1 0x000000008000484c (0x029cc63b) x12 0x0000000000000000
core   0: 0x0000000080004850 (0x00b95bbb) srlw    s7, s2, a1
core   0: 1 0x0000000080004850 (0x00b95bbb) x23 0x00000000000018ae
core   0: 0x0000000080004854 (0x02103bb3) mulhu   s7, zero, ra
core   0: 1 0x0000000080004854 (0x02103bb3) x23 0x0000000000000000
core   0: 0x0000000080004858 (0x01d5dc3b) srlw    s8, a1, t4
core   0: 1 0x0000000080004858 (0x01d5dc3b) x24 0x0000000000000000
core   0: 0x000000008000485c (0x018b82bb) addw    t0, s7, s8
core   0: 1 0x000000008000485c (0x018b82bb) x5  0x0000000000000000
core   0: 0x0000000080004860 (0xf931e993) ori     s3, gp, -109
core   0: 1 0x0000000080004860 (0xf931e993) x19 0xffffffffffffff93
core   0: 0x0000000080004864 (0x4134d4bb) sraw    s1, s1, s3
core   0: 1 0x0000000080004864 (0x4134d4bb) x9  0xfffffffffffff000
core   0: 0x0000000080004868 (0x1a8cfad3) fdiv.d  fs5, fs9, fs0
core   0: 1 0x0000000080004868 (0x1a8cfad3) f21 0x7ff8000000000000
core   0: 0x000000008000486c (0x23ce2253) fsgnjx.d ft4, ft8, ft8
core   0: 1 0x000000008000486c (0x23ce2253) f4  0x7ff8000000000000
core   0: 0x0000000080004870 (0xfa21bd37) lui     s10, 0xfa21b
core   0: 1 0x0000000080004870 (0xfa21bd37) x26 0xfffffffffa21b000
core   0: 0x0000000080004874 (0x00000001) c.nop
core   0: 1 0x0000000080004874 (0x0001)
core   0: 0x0000000080004876 (0xbb9cf5c3) fmadd.d fa1, fs9, fs9, fs7
core   0: 1 0x0000000080004876 (0xbb9cf5c3) f11 0x7ff8000000000000
core   0: 0x000000008000487a (0xf2070c53) fmv.d.x fs8, a4
core   0: 1 0x000000008000487a (0xf2070c53) f24 0x0000000000000000
core   0: 0x000000008000487e (0xc0267353) fcvt.l.s t1, fa2
core   0: 1 0x000000008000487e (0xc0267353) c1_fflags 0x0000000000000010 x6  0x7fffffffffffffff
core   0: 0x0000000080004882 (0x4b8e7c47) fmsub.d fs8, ft8, fs8, fs1
core   0: 1 0x0000000080004882 (0x4b8e7c47) f24 0x7ff8000000000000
core   0: 0x0000000080004886 (0xa867c793) xori    a5, a5, -1402
core   0: 1 0x0000000080004886 (0xa867c793) x15 0xffffffffffefda87
core   0: 0x000000008000488a (0x00a79b3b) sllw    s6, a5, a0
core   0: 1 0x000000008000488a (0x00a79b3b) x22 0x0000000070000000
core   0: 0x000000008000488e (0x00008c29) c.xor   s0, a0
core   0: 1 0x000000008000488e (0x8c29) x8  0xffffffff3848c92e
core   0: 0x0000000080004890 (0x00ab5593) srli    a1, s6, 10
core   0: 1 0x0000000080004890 (0x00ab5593) x11 0x00000000001c0000
core   0: 0x0000000080004894 (0xd21480d3) fcvt.d.wu ft1, s1
core   0: 1 0x0000000080004894 (0xd21480d3) f1  0x41effffe00000000
core   0: 0x0000000080004898 (0x0165de33) srl     t3, a1, s6
core   0: 1 0x0000000080004898 (0x0165de33) x28 0x00000000001c0000
core   0: 0x000000008000489c (0x0017a4b3) slt     s1, a5, ra
core   0: 1 0x000000008000489c (0x0017a4b3) x9  0x0000000000000001
core   0: 0x00000000800048a0 (0xc20c7253) fcvt.w.d tp, fs8
core   0: 1 0x00000000800048a0 (0xc20c7253) c1_fflags 0x0000000000000010 x4  0x000000007fffffff
core   0: 0x00000000800048a4 (0x00529bbb) sllw    s7, t0, t0
core   0: 1 0x00000000800048a4 (0x00529bbb) x23 0x0000000000000000
core   0: 0x00000000800048a8 (0xc222fc53) fcvt.l.d s8, ft5
core   0: 1 0x00000000800048a8 (0xc222fc53) c1_fflags 0x0000000000000010 x24 0x7fffffffffffffff
core   0: 0x00000000800048ac (0x342595f3) csrrw   a1, mcause, a1
core   0: exception trap_illegal_instruction, epc 0x00000000800048ac
core   0:           tval 0x00000000342595f3
core   0: >>>>  $xrv64i2p1_m2p0_a2p1_f2p2_d2p2_zicsr2p0_zifencei2p0_zmmul1p0_zba1p0_zbb1p0_zbc1p0_zbs1p0
core   0: 0x0000000080004000 (0x0080006f) j       pc + 0x8
core   0: 3 0x0000000080004000 (0x0080006f)
core   0: >>>>  mmode_exception_handler
core   0: 0x0000000080004008 (0x00002c17) auipc   s8, 0x2
core   0: 3 0x0000000080004008 (0x00002c17) x24 0x0000000080006008
core   0: 0x000000008000400c (0x002c0c13) addi    s8, s8, 2
core   0: 3 0x000000008000400c (0x002c0c13) x24 0x000000008000600a
core   0: 0x0000000080004010 (0x000c00e7) jalr    s8
core   0: 3 0x0000000080004010 (0x000c00e7) x1  0x0000000080004014
core   0: >>>>  any_handler
core   0: 0x000000008000600a (0x341027f3) csrrs   a5, mepc, zero
core   0: 3 0x000000008000600a (0x341027f3) x15 0x00000000800048ac
core   0: 0x000000008000600e (0x34202773) csrrs   a4, mcause, zero
core   0: 3 0x000000008000600e (0x34202773) x14 0x0000000000000002
core   0: 0x0000000080006012 (0x142026f3) csrrs   a3, scause, zero
core   0: 3 0x0000000080006012 (0x142026f3) x13 0x0000000000000000
core   0: 0x0000000080006016 (0x30402673) csrrs   a2, mie, zero
core   0: 3 0x0000000080006016 (0x30402673) x12 0x0000000000000a00
core   0: 0x000000008000601a (0x344025f3) csrrs   a1, mip, zero
core   0: 3 0x000000008000601a (0x344025f3) x11 0x0000000000000080
core   0: 0x000000008000601e (0x343025f3) csrrs   a1, mtval, zero
core   0: 3 0x000000008000601e (0x343025f3) x11 0x00000000342595f3
core   0: 0x0000000080006022 (0x14302573) csrrs   a0, stval, zero
core   0: 3 0x0000000080006022 (0x14302573) x10 0x0000000000000000
core   0: 0x0000000080006026 (0xb02024f3) csrrs   s1, minstret, zero
core   0: 3 0x0000000080006026 (0xb02024f3) x9  0x00000000000009f8
core   0: 0x000000008000602a (0x0000a811) c.j     pc + 20
core   0: 3 0x000000008000602a (0xa811)
core   0: >>>>  mepc_4
core   0: 0x000000008000603e (0x00000791) c.addi  a5, 4
core   0: 3 0x000000008000603e (0x0791) x15 0x00000000800048b0
core   0: 0x0000000080006040 (0x34179073) csrrw   zero, mepc, a5
core   0: 3 0x0000000080006040 (0x34179073) c833_mepc 0x00000000800048b0
core   0: 0x0000000080006044 (0x30200073) mret
core   0: 3 0x0000000080006044 (0x30200073) c768_mstatus 0x8000000a00106080
core   0: 0x00000000800048b0 (0xc20e7553) fcvt.w.d a0, ft8
core   0: 1 0x00000000800048b0 (0xc20e7553) c1_fflags 0x0000000000000010 x10 0x000000007fffffff
core   0: 0x00000000800048b4 (0x002a5b9b) srliw   s7, s4, 2
core   0: 1 0x00000000800048b4 (0x002a5b9b) x23 0x0000000000000000
core   0: 0x00000000800048b8 (0x011508bb) addw    a7, a0, a7
core   0: 1 0x00000000800048b8 (0x011508bb) x17 0xffffffff800000b4
core   0: 0x00000000800048bc (0x420787d3) fcvt.d.s fa5, fa5
core   0: 1 0x00000000800048bc (0x420787d3) f15 0x7ff8000000000000
core   0: 0x00000000800048c0 (0x0ff0000f) fence   iorw,iorw
core   0: 1 0x00000000800048c0 (0x0ff0000f)
core   0: 0x00000000800048c4 (0xd02b7253) fcvt.s.l ft4, s6
core   0: 1 0x00000000800048c4 (0xd02b7253) f4  0xffffffff4ee00000
core   0: 0x00000000800048c8 (0xf2030a53) fmv.d.x fs4, t1
core   0: 1 0x00000000800048c8 (0xf2030a53) f20 0x7fffffffffffffff
core   0: 0x00000000800048cc (0x400d5b13) srai    s6, s10, 0
core   0: 1 0x00000000800048cc (0x400d5b13) x22 0xfffffffffa21b000
core   0: 0x00000000800048d0 (0x01cc08b3) add     a7, s8, t3
core   0: 1 0x00000000800048d0 (0x01cc08b3) x17 0x00000000801c600a
core   0: 0x00000000800048d4 (0x5a057e53) fsqrt.d ft8, fa0
core   0: 1 0x00000000800048d4 (0x5a057e53) c1_fflags 0x0000000000000011 f28 0x40efffffffefffff
core   0: 0x00000000800048d8 (0x5a0774d3) fsqrt.d fs1, fa4
core   0: 1 0x00000000800048d8 (0x5a0774d3) f9  0x7ff8000000000000
core   0: 0x00000000800048dc (0x409ada93) srai    s5, s5, 9
core   0: 1 0x00000000800048dc (0x409ada93) x21 0x00000000003fffff
core   0: 0x00000000800048e0 (0x402cd493) srai    s1, s9, 2
core   0: 1 0x00000000800048e0 (0x402cd493) x9  0x0000000000000000
core   0: 0x00000000800048e4 (0x23aa9d53) fsgnjn.d fs10, fs5, fs10
core   0: 1 0x00000000800048e4 (0x23aa9d53) f26 0xfff8000000000000
core   0: 0x00000000800048e8 (0x22850cd3) fsgnj.d fs9, fa0, fs0
core   0: 1 0x00000000800048e8 (0x22850cd3) f25 0x41efffffffe00000
core   0: 0x00000000800048ec (0x039ec033) div     zero, t4, s9
core   0: 1 0x00000000800048ec (0x039ec033)
core   0: 0x00000000800048f0 (0xd22cf6d3) fcvt.d.l fa3, s9
core   0: 1 0x00000000800048f0 (0xd22cf6d3) f13 0x0000000000000000
core   0: 0x00000000800048f4 (0x18ed5a97) auipc   s5, 0x18ed5
core   0: 1 0x00000000800048f4 (0x18ed5a97) x21 0x0000000098ed98f4
core   0: 0x00000000800048f8 (0xd20208d3) fcvt.d.w fa7, tp
core   0: 1 0x00000000800048f8 (0xd20208d3) f17 0x41dfffffffc00000
core   0: 0x00000000800048fc (0x8b9e6c13) ori     s8, t3, -1863
core   0: 1 0x00000000800048fc (0x8b9e6c13) x24 0xfffffffffffff8b9
core   0: 0x0000000080004900 (0x030de83b) remw    a6, s11, a6
core   0: 1 0x0000000080004900 (0x030de83b) x16 0x0000000001326013
core   0: 0x0000000080004904 (0x02fd5513) srli    a0, s10, 47
core   0: 1 0x0000000080004904 (0x02fd5513) x10 0x000000000001ffff
core   0: 0x0000000080004908 (0xc039b9f3) csrrc   s3, hpmcounter3, s3
core   0: exception trap_illegal_instruction, epc 0x0000000080004908
core   0:           tval 0x00000000c039b9f3
core   0: >>>>  $xrv64i2p1_m2p0_a2p1_f2p2_d2p2_zicsr2p0_zifencei2p0_zmmul1p0_zba1p0_zbb1p0_zbc1p0_zbs1p0
core   0: 0x0000000080004000 (0x0080006f) j       pc + 0x8
core   0: 3 0x0000000080004000 (0x0080006f)
core   0: >>>>  mmode_exception_handler
core   0: 0x0000000080004008 (0x00002c17) auipc   s8, 0x2
core   0: 3 0x0000000080004008 (0x00002c17) x24 0x0000000080006008
core   0: 0x000000008000400c (0x002c0c13) addi    s8, s8, 2
core   0: 3 0x000000008000400c (0x002c0c13) x24 0x000000008000600a
core   0: 0x0000000080004010 (0x000c00e7) jalr    s8
core   0: 3 0x0000000080004010 (0x000c00e7) x1  0x0000000080004014
core   0: >>>>  any_handler
core   0: 0x000000008000600a (0x341027f3) csrrs   a5, mepc, zero
core   0: 3 0x000000008000600a (0x341027f3) x15 0x0000000080004908
core   0: 0x000000008000600e (0x34202773) csrrs   a4, mcause, zero
core   0: 3 0x000000008000600e (0x34202773) x14 0x0000000000000002
core   0: 0x0000000080006012 (0x142026f3) csrrs   a3, scause, zero
core   0: 3 0x0000000080006012 (0x142026f3) x13 0x0000000000000000
core   0: 0x0000000080006016 (0x30402673) csrrs   a2, mie, zero
core   0: 3 0x0000000080006016 (0x30402673) x12 0x0000000000000a00
core   0: 0x000000008000601a (0x344025f3) csrrs   a1, mip, zero
core   0: 3 0x000000008000601a (0x344025f3) x11 0x0000000000000080
core   0: 0x000000008000601e (0x343025f3) csrrs   a1, mtval, zero
core   0: 3 0x000000008000601e (0x343025f3) x11 0x00000000c039b9f3
core   0: 0x0000000080006022 (0x14302573) csrrs   a0, stval, zero
core   0: 3 0x0000000080006022 (0x14302573) x10 0x0000000000000000
core   0: 0x0000000080006026 (0xb02024f3) csrrs   s1, minstret, zero
core   0: 3 0x0000000080006026 (0xb02024f3) x9  0x0000000000000a1e
core   0: 0x000000008000602a (0x0000a811) c.j     pc + 20
core   0: 3 0x000000008000602a (0xa811)
core   0: >>>>  mepc_4
core   0: 0x000000008000603e (0x00000791) c.addi  a5, 4
core   0: 3 0x000000008000603e (0x0791) x15 0x000000008000490c
core   0: 0x0000000080006040 (0x34179073) csrrw   zero, mepc, a5
core   0: 3 0x0000000080006040 (0x34179073) c833_mepc 0x000000008000490c
core   0: 0x0000000080006044 (0x30200073) mret
core   0: 3 0x0000000080006044 (0x30200073) c768_mstatus 0x8000000a00106080
core   0: 0x000000008000490c (0xd2387ad3) fcvt.d.lu fs5, a6
core   0: 1 0x000000008000490c (0xd2387ad3) f21 0x4173260130000000
core   0: 0x0000000080004910 (0xc23af7d3) fcvt.lu.d a5, fs5
core   0: 1 0x0000000080004910 (0xc23af7d3) x15 0x0000000001326013
core   0: 0x0000000080004914 (0xfff7c593) not     a1, a5
core   0: 1 0x0000000080004914 (0xfff7c593) x11 0xfffffffffecd9fec
core   0: 0x0000000080004918 (0x012a0c3b) addw    s8, s4, s2
core   0: 1 0x0000000080004918 (0x012a0c3b) x24 0xffffffffc5708ffc
core   0: 0x000000008000491c (0xf20d8ed3) fmv.d.x ft9, s11
core   0: 1 0x000000008000491c (0xf20d8ed3) f29 0x0000000001326013
core   0: 0x0000000080004920 (0x1040d273) csrrwi  tp, sie, 1
core   0: 1 0x0000000080004920 (0x1040d273) x4  0x0000000000000000 c772_mie 0x0000000000000a00
core   0: 0x0000000080004924 (0x00d6d03b) srlw    zero, a3, a3
core   0: 1 0x0000000080004924 (0x00d6d03b)
core   0: 0x0000000080004928 (0x3cb8d417) auipc   s0, 0x3cb8d
core   0: 1 0x0000000080004928 (0x3cb8d417) x8  0x00000000bcb91928
core   0: 0x000000008000492c (0x408a0dbb) subw    s11, s4, s0
core   0: 1 0x000000008000492c (0x408a0dbb) x27 0x000000004346e6d8
core   0: 0x0000000080004930 (0xe14dc893) xori    a7, s11, -492
core   0: 1 0x0000000080004930 (0xe14dc893) x17 0xffffffffbcb918cc
core   0: 0x0000000080004934 (0x0004171b) slliw   a4, s0, 0
core   0: 1 0x0000000080004934 (0x0004171b) x14 0xffffffffbcb91928
core   0: 0x0000000080004938 (0xc033f2d3) fcvt.lu.s t0, ft7
core   0: 1 0x0000000080004938 (0xc033f2d3) c1_fflags 0x0000000000000011 x5  0xffffffffffffffff
core   0: 0x000000008000493c (0x0139a9b3) slt     s3, s3, s3
core   0: 1 0x000000008000493c (0x0139a9b3) x19 0x0000000000000000
core   0: 0x0000000080004940 (0x5a03ff53) fsqrt.d ft10, ft7
core   0: 1 0x0000000080004940 (0x5a03ff53) f30 0x7ff8000000000000
core   0: 0x0000000080004944 (0x0130cab3) xor     s5, ra, s3
core   0: 1 0x0000000080004944 (0x0130cab3) x21 0x0000000080004014
core   0: 0x0000000080004948 (0x14306df3) csrrsi  s11, stval, 0
core   0: 1 0x0000000080004948 (0x14306df3) x27 0x0000000000000000
core   0: 0x000000008000494c (0xfffbf613) andi    a2, s7, -1
core   0: 1 0x000000008000494c (0xfffbf613) x12 0x0000000000000000
core   0: 0x0000000080004950 (0x016d569b) srliw   a3, s10, 22
core   0: 1 0x0000000080004950 (0x016d569b) x13 0x00000000000003e8
core   0: 0x0000000080004954 (0x323fd673) csrrwi  a2, mhpmevent3, 31
core   0: exception trap_illegal_instruction, epc 0x0000000080004954
core   0:           tval 0x00000000323fd673
core   0: >>>>  $xrv64i2p1_m2p0_a2p1_f2p2_d2p2_zicsr2p0_zifencei2p0_zmmul1p0_zba1p0_zbb1p0_zbc1p0_zbs1p0
core   0: 0x0000000080004000 (0x0080006f) j       pc + 0x8
core   0: 3 0x0000000080004000 (0x0080006f)
core   0: >>>>  mmode_exception_handler
core   0: 0x0000000080004008 (0x00002c17) auipc   s8, 0x2
core   0: 3 0x0000000080004008 (0x00002c17) x24 0x0000000080006008
core   0: 0x000000008000400c (0x002c0c13) addi    s8, s8, 2
core   0: 3 0x000000008000400c (0x002c0c13) x24 0x000000008000600a
core   0: 0x0000000080004010 (0x000c00e7) jalr    s8
core   0: 3 0x0000000080004010 (0x000c00e7) x1  0x0000000080004014
core   0: >>>>  any_handler
core   0: 0x000000008000600a (0x341027f3) csrrs   a5, mepc, zero
core   0: 3 0x000000008000600a (0x341027f3) x15 0x0000000080004954
core   0: 0x000000008000600e (0x34202773) csrrs   a4, mcause, zero
core   0: 3 0x000000008000600e (0x34202773) x14 0x0000000000000002
core   0: 0x0000000080006012 (0x142026f3) csrrs   a3, scause, zero
core   0: 3 0x0000000080006012 (0x142026f3) x13 0x0000000000000000
core   0: 0x0000000080006016 (0x30402673) csrrs   a2, mie, zero
core   0: 3 0x0000000080006016 (0x30402673) x12 0x0000000000000a00
core   0: 0x000000008000601a (0x344025f3) csrrs   a1, mip, zero
core   0: 3 0x000000008000601a (0x344025f3) x11 0x0000000000000080
core   0: 0x000000008000601e (0x343025f3) csrrs   a1, mtval, zero
core   0: 3 0x000000008000601e (0x343025f3) x11 0x00000000323fd673
core   0: 0x0000000080006022 (0x14302573) csrrs   a0, stval, zero
core   0: 3 0x0000000080006022 (0x14302573) x10 0x0000000000000000
core   0: 0x0000000080006026 (0xb02024f3) csrrs   s1, minstret, zero
core   0: 3 0x0000000080006026 (0xb02024f3) x9  0x0000000000000a40
core   0: 0x000000008000602a (0x0000a811) c.j     pc + 20
core   0: 3 0x000000008000602a (0xa811)
core   0: >>>>  mepc_4
core   0: 0x000000008000603e (0x00000791) c.addi  a5, 4
core   0: 3 0x000000008000603e (0x0791) x15 0x0000000080004958
core   0: 0x0000000080006040 (0x34179073) csrrw   zero, mepc, a5
core   0: 3 0x0000000080006040 (0x34179073) c833_mepc 0x0000000080004958
core   0: 0x0000000080006044 (0x30200073) mret
core   0: 3 0x0000000080006044 (0x30200073) c768_mstatus 0x8000000a00106080
core   0: 0x0000000080004958 (0x0a2f7153) fsub.d  ft2, ft10, ft2
core   0: 1 0x0000000080004958 (0x0a2f7153) f2  0x7ff8000000000000
core   0: 0x000000008000495c (0xc20390b7) lui     ra, 0xc2039
core   0: 1 0x000000008000495c (0xc20390b7) x1  0xffffffffc2039000
core   0: 0x0000000080004960 (0x43f0de93) srai    t4, ra, 63
core   0: 1 0x0000000080004960 (0x43f0de93) x29 0xffffffffffffffff
core   0: 0x0000000080004964 (0xf14e14f3) csrrw   s1, mhartid, t3
core   0: exception trap_illegal_instruction, epc 0x0000000080004964
core   0:           tval 0x00000000f14e14f3
core   0: >>>>  $xrv64i2p1_m2p0_a2p1_f2p2_d2p2_zicsr2p0_zifencei2p0_zmmul1p0_zba1p0_zbb1p0_zbc1p0_zbs1p0
core   0: 0x0000000080004000 (0x0080006f) j       pc + 0x8
core   0: 3 0x0000000080004000 (0x0080006f)
core   0: >>>>  mmode_exception_handler
core   0: 0x0000000080004008 (0x00002c17) auipc   s8, 0x2
core   0: 3 0x0000000080004008 (0x00002c17) x24 0x0000000080006008
core   0: 0x000000008000400c (0x002c0c13) addi    s8, s8, 2
core   0: 3 0x000000008000400c (0x002c0c13) x24 0x000000008000600a
core   0: 0x0000000080004010 (0x000c00e7) jalr    s8
core   0: 3 0x0000000080004010 (0x000c00e7) x1  0x0000000080004014
core   0: >>>>  any_handler
core   0: 0x000000008000600a (0x341027f3) csrrs   a5, mepc, zero
core   0: 3 0x000000008000600a (0x341027f3) x15 0x0000000080004964
core   0: 0x000000008000600e (0x34202773) csrrs   a4, mcause, zero
core   0: 3 0x000000008000600e (0x34202773) x14 0x0000000000000002
core   0: 0x0000000080006012 (0x142026f3) csrrs   a3, scause, zero
core   0: 3 0x0000000080006012 (0x142026f3) x13 0x0000000000000000
core   0: 0x0000000080006016 (0x30402673) csrrs   a2, mie, zero
core   0: 3 0x0000000080006016 (0x30402673) x12 0x0000000000000a00
core   0: 0x000000008000601a (0x344025f3) csrrs   a1, mip, zero
core   0: 3 0x000000008000601a (0x344025f3) x11 0x0000000000000080
core   0: 0x000000008000601e (0x343025f3) csrrs   a1, mtval, zero
core   0: 3 0x000000008000601e (0x343025f3) x11 0x00000000f14e14f3
core   0: 0x0000000080006022 (0x14302573) csrrs   a0, stval, zero
core   0: 3 0x0000000080006022 (0x14302573) x10 0x0000000000000000
core   0: 0x0000000080006026 (0xb02024f3) csrrs   s1, minstret, zero
core   0: 3 0x0000000080006026 (0xb02024f3) x9  0x0000000000000a53
core   0: 0x000000008000602a (0x0000a811) c.j     pc + 20
core   0: 3 0x000000008000602a (0xa811)
core   0: >>>>  mepc_4
core   0: 0x000000008000603e (0x00000791) c.addi  a5, 4
core   0: 3 0x000000008000603e (0x0791) x15 0x0000000080004968
core   0: 0x0000000080006040 (0x34179073) csrrw   zero, mepc, a5
core   0: 3 0x0000000080006040 (0x34179073) c833_mepc 0x0000000080004968
core   0: 0x0000000080006044 (0x30200073) mret
core   0: 3 0x0000000080006044 (0x30200073) c768_mstatus 0x8000000a00106080
core   0: 0x0000000080004968 (0x105dbc73) csrrc   s8, stvec, s11
core   0: 1 0x0000000080004968 (0x105dbc73) x24 0x0000000000000000 c261_stvec 0x0000000000000000
core   0: 0x000000008000496c (0xc0317bd3) fcvt.lu.s s7, ft2
core   0: 1 0x000000008000496c (0xc0317bd3) c1_fflags 0x0000000000000011 x23 0xffffffffffffffff
core   0: 0x0000000080004970 (0x007b03bb) addw    t2, s6, t2
core   0: 1 0x0000000080004970 (0x007b03bb) x7  0xfffffffffa21b000
core   0: 0x0000000080004974 (0x01f2521b) srliw   tp, tp, 31
core   0: 1 0x0000000080004974 (0x01f2521b) x4  0x0000000000000000
core   0: 0x0000000080004978 (0x4073ddbb) sraw    s11, t2, t2
core   0: 1 0x0000000080004978 (0x4073ddbb) x27 0xfffffffffa21b000
core   0: 0x000000008000497c (0x01b4f4b3) and     s1, s1, s11
core   0: 1 0x000000008000497c (0x01b4f4b3) x9  0x0000000000000000
core   0: 0x0000000080004980 (0xbb9cff4b) fnmsub.d ft10, fs9, fs9, fs7
core   0: 1 0x0000000080004980 (0xbb9cff4b) f30 0x7ff8000000000000
core   0: 0x0000000080004984 (0xbb92fac3) fmadd.d fs5, ft5, fs9, fs7
core   0: 1 0x0000000080004984 (0xbb92fac3) f21 0x7ff8000000000000
core   0: 0x0000000080004988 (0x233a8953) fsgnj.d fs2, fs5, fs3
core   0: 1 0x0000000080004988 (0x233a8953) f18 0x7ff8000000000000
core   0: 0x000000008000498c (0x03667db3) remu    s11, a2, s6
core   0: 1 0x000000008000498c (0x03667db3) x27 0x0000000000000a00
core   0: 0x0000000080004990 (0x030d8ebb) mulw    t4, s11, a6
core   0: 1 0x0000000080004990 (0x030d8ebb) x29 0xfffffffff7c0be00
core   0: 0x0000000080004994 (0x03b82eb3) mulhsu  t4, a6, s11
core   0: 1 0x0000000080004994 (0x03b82eb3) x29 0x0000000000000000
core   0: 0x0000000080004998 (0x00009ab6) c.add   s5, a3
core   0: 1 0x0000000080004998 (0x9ab6) x21 0x0000000080004014
core   0: 0x000000008000499a (0x036b03b3) mul     t2, s6, s6
core   0: 1 0x000000008000499a (0x036b03b3) x7  0x0022702ed9000000
core   0: 0x000000008000499e (0x401479d3) fcvt.s.d fs3, fs0
core   0: 1 0x000000008000499e (0x401479d3) c1_fflags 0x0000000000000011 f19 0xffffffff529f4139
core   0: 0x00000000800049a2 (0x23340553) fsgnj.d fa0, fs0, fs3
core   0: 1 0x00000000800049a2 (0x23340553) f10 0xc253e8272de5c000
core   0: 0x00000000800049a6 (0x400d521b) sraiw   tp, s10, 0
core   0: 1 0x00000000800049a6 (0x400d521b) x4  0xfffffffffa21b000
core   0: 0x00000000800049aa (0x03b19313) slli    t1, gp, 59
core   0: 1 0x00000000800049aa (0x03b19313) x6  0x0000000000000000
core   0: 0x00000000800049ae (0x7ff1c193) xori    gp, gp, 2047
core   0: 1 0x00000000800049ae (0x7ff1c193) x3  0x00000000000007ff
core   0: 0x00000000800049b2 (0x03930cb3) mul     s9, t1, s9
core   0: 1 0x00000000800049b2 (0x03930cb3) x25 0x0000000000000000
core   0: 0x00000000800049b6 (0xc2347553) fcvt.lu.d a0, fs0
core   0: 1 0x00000000800049b6 (0xc2347553) x10 0x0000004fa09cb797
core   0: 0x00000000800049ba (0x12d572d3) fmul.d  ft5, fa0, fa3
core   0: 1 0x00000000800049ba (0x12d572d3) f5  0x8000000000000000
core   0: 0x00000000800049be (0x40b7d433) sra     s0, a5, a1
core   0: 1 0x00000000800049be (0x40b7d433) x8  0x0000000000000000
core   0: 0x00000000800049c2 (0x4124063b) subw    a2, s0, s2
core   0: 1 0x00000000800049c2 (0x4124063b) x12 0x000000003a8f7004
core   0: 0x00000000800049c6 (0xc03571d3) fcvt.lu.s gp, fa0
core   0: 1 0x00000000800049c6 (0xc03571d3) c1_fflags 0x0000000000000011 x3  0xffffffffffffffff
core   0: 0x00000000800049ca (0x420e0fd3) fcvt.d.s ft11, ft8
core   0: 1 0x00000000800049ca (0x420e0fd3) f31 0x7ff8000000000000
core   0: 0x00000000800049ce (0xc0397b53) fcvt.lu.s s6, fs2
core   0: 1 0x00000000800049ce (0xc0397b53) c1_fflags 0x0000000000000011 x22 0xffffffffffffffff
core   0: 0x00000000800049d2 (0xd034fad3) fcvt.s.lu fs5, s1
core   0: 1 0x00000000800049d2 (0xd034fad3) f21 0xffffffff00000000
core   0: 0x00000000800049d6 (0x02018933) mul     s2, gp, zero
core   0: 1 0x00000000800049d6 (0x02018933) x18 0x0000000000000000
core   0: 0x00000000800049da (0xd021f053) fcvt.s.l ft0, gp
core   0: 1 0x00000000800049da (0xd021f053) f0  0xffffffffbf800000
core   0: 0x00000000800049de (0x035af153) fadd.d  ft2, fs5, fs5
core   0: 1 0x00000000800049de (0x035af153) f2  0x7ff8000000000000
core   0: 0x00000000800049e2 (0x41f1d213) srai    tp, gp, 31
core   0: 1 0x00000000800049e2 (0x41f1d213) x4  0xffffffffffffffff
core   0: 0x00000000800049e6 (0x510f6c37) lui     s8, 0x510f6
core   0: 1 0x00000000800049e6 (0x510f6c37) x24 0x00000000510f6000
core   0: 0x00000000800049ea (0x40dc5313) srai    t1, s8, 13
core   0: 1 0x00000000800049ea (0x40dc5313) x6  0x000000000002887b
core   0: 0x00000000800049ee (0x02f3c733) div     a4, t2, a5
core   0: 1 0x00000000800049ee (0x02f3c733) x14 0x000000000044e036
core   0: 0x00000000800049f2 (0x0011e993) ori     s3, gp, 1
core   0: 1 0x00000000800049f2 (0x0011e993) x19 0xffffffffffffffff
core   0: 0x00000000800049f6 (0x5a2071cf) fnmadd.d ft3, ft0, ft2, fa1
core   0: 1 0x00000000800049f6 (0x5a2071cf) f3  0x7ff8000000000000
core   0: 0x00000000800049fa (0xc0217ed3) fcvt.l.s t4, ft2
core   0: 1 0x00000000800049fa (0xc0217ed3) c1_fflags 0x0000000000000011 x29 0x7fffffffffffffff
core   0: 0x00000000800049fe (0x03b4f5b3) remu    a1, s1, s11
core   0: 1 0x00000000800049fe (0x03b4f5b3) x11 0x0000000000000000
core   0: 0x0000000080004a02 (0x02399a33) mulh    s4, s3, gp
core   0: 1 0x0000000080004a02 (0x02399a33) x20 0x0000000000000000
core   0: 0x0000000080004a06 (0x02be87b3) mul     a5, t4, a1
core   0: 1 0x0000000080004a06 (0x02be87b3) x15 0x0000000000000000
core   0: 0x0000000080004a0a (0xd22afe53) fcvt.d.l ft8, s5
core   0: 1 0x0000000080004a0a (0xd22afe53) f28 0x41e0000802800000
core   0: 0x0000000080004a0e (0x019a8abb) addw    s5, s5, s9
core   0: 1 0x0000000080004a0e (0x019a8abb) x21 0xffffffff80004014
core   0: 0x0000000080004a12 (0x00102873) csrrs   a6, fflags, zero
core   0: 1 0x0000000080004a12 (0x00102873) x16 0x0000000000000011
core   0: 0x0000000080004a16 (0xfffcf013) andi    zero, s9, -1
core   0: 1 0x0000000080004a16 (0xfffcf013)
core   0: 0x0000000080004a1a (0xe3ba7847) fmsub.d fa6, fs4, fs11, ft8
core   0: 1 0x0000000080004a1a (0xe3ba7847) f16 0x7ff8000000000000
core   0: 0x0000000080004a1e (0x03bdfcb3) remu    s9, s11, s11
core   0: 1 0x0000000080004a1e (0x03bdfcb3) x25 0x0000000000000000
core   0: 0x0000000080004a22 (0x000c7013) andi    zero, s8, 0
core   0: 1 0x0000000080004a22 (0x000c7013)
core   0: 0x0000000080004a26 (0x03402733) mulhsu  a4, zero, s4
core   0: 1 0x0000000080004a26 (0x03402733) x14 0x0000000000000000
core   0: 0x0000000080004a2a (0xc21e70d3) fcvt.wu.d ra, ft8
core   0: 1 0x0000000080004a2a (0xc21e70d3) x1  0xffffffff80004014
core   0: 0x0000000080004a2e (0xd02a75d3) fcvt.s.l fa1, s4
core   0: 1 0x0000000080004a2e (0xd02a75d3) f11 0xffffffff00000000
core   0: 0x0000000080004a32 (0x2bcefe43) fmadd.d ft8, ft9, ft8, ft5
core   0: 1 0x0000000080004a32 (0x2bcefe43) c1_fflags 0x0000000000000011 f28 0x0043260ac5fe882f
core   0: 0x0000000080004a36 (0x1a31f1d3) fdiv.d  ft3, ft3, ft3
core   0: 1 0x0000000080004a36 (0x1a31f1d3) f3  0x7ff8000000000000
core   0: 0x0000000080004a3a (0xe2019153) fclass.d sp, ft3
core   0: 1 0x0000000080004a3a (0xe2019153) x2  0x0000000000000200
core   0: 0x0000000080004a3e (0xc0486b93) ori     s7, a6, -1020
core   0: 1 0x0000000080004a3e (0xc0486b93) x23 0xfffffffffffffc15
core   0: 0x0000000080004a42 (0x03f0d993) srli    s3, ra, 63
core   0: 1 0x0000000080004a42 (0x03f0d993) x19 0x0000000000000001
core   0: 0x0000000080004a46 (0xf2060453) fmv.d.x fs0, a2
core   0: 1 0x0000000080004a46 (0xf2060453) f8  0x000000003a8f7004
core   0: 0x0000000080004a4a (0x401380b3) sub     ra, t2, ra
core   0: 1 0x0000000080004a4a (0x401380b3) x1  0x0022702f58ffbfec
core   0: 0x0000000080004a4e (0xa2f80753) fle.d   a4, fa6, fa5
core   0: 1 0x0000000080004a4e (0xa2f80753) c1_fflags 0x0000000000000011 x14 0x0000000000000000
core   0: 0x0000000080004a52 (0x41445d3b) sraw    s10, s0, s4
core   0: 1 0x0000000080004a52 (0x41445d3b) x26 0x0000000000000000
core   0: 0x0000000080004a56 (0x02807353) fadd.d  ft6, ft0, fs0
core   0: 1 0x0000000080004a56 (0x02807353) f6  0x7ff8000000000000
core   0: 0x0000000080004a5a (0xc0207ad3) fcvt.l.s s5, ft0
core   0: 1 0x0000000080004a5a (0xc0207ad3) x21 0xffffffffffffffff
core   0: 0x0000000080004a5e (0xd23d7ed3) fcvt.d.lu ft9, s10
core   0: 1 0x0000000080004a5e (0xd23d7ed3) f29 0x0000000000000000
core   0: 0x0000000080004a62 (0x00102bf3) csrrs   s7, fflags, zero
core   0: 1 0x0000000080004a62 (0x00102bf3) x23 0x0000000000000011
core   0: 0x0000000080004a66 (0x9322f94f) fnmadd.d fs2, ft5, fs2, fs2
core   0: 1 0x0000000080004a66 (0x9322f94f) f18 0x7ff8000000000000
core   0: 0x0000000080004a6a (0x2649899b) addiw   s3, s3, 612
core   0: 1 0x0000000080004a6a (0x2649899b) x19 0x0000000000000265
core   0: 0x0000000080004a6e (0x0003511b) srliw   sp, t1, 0
core   0: 1 0x0000000080004a6e (0x0003511b) x2  0x000000000002887b
core   0: 0x0000000080004a72 (0x40b58ebb) subw    t4, a1, a1
core   0: 1 0x0000000080004a72 (0x40b58ebb) x29 0x0000000000000000
core   0: 0x0000000080004a76 (0x800df413) andi    s0, s11, -2048
core   0: 1 0x0000000080004a76 (0x800df413) x8  0x0000000000000800
core   0: 0x0000000080004a7a (0x8e65dab7) lui     s5, 0x8e65d
core   0: 1 0x0000000080004a7a (0x8e65dab7) x21 0xffffffff8e65d000
core   0: 0x0000000080004a7e (0x00000001) c.nop
core   0: 1 0x0000000080004a7e (0x0001)
core   0: 0x0000000080004a80 (0xc0207e53) fcvt.l.s t3, ft0
core   0: 1 0x0000000080004a80 (0xc0207e53) x28 0xffffffffffffffff
core   0: 0x0000000080004a84 (0x001024f3) csrrs   s1, fflags, zero
core   0: 1 0x0000000080004a84 (0x001024f3) x9  0x0000000000000011
core   0: 0x0000000080004a88 (0x03d97d53) fadd.d  fs10, fs2, ft9
core   0: 1 0x0000000080004a88 (0x03d97d53) f26 0x7ff8000000000000
core   0: 0x0000000080004a8c (0xf31bc093) xori    ra, s7, -207
core   0: 1 0x0000000080004a8c (0xf31bc093) x1  0xffffffffffffff20
core   0: 0x0000000080004a90 (0xff3e2837) lui     a6, 0xff3e2
core   0: 1 0x0000000080004a90 (0xff3e2837) x16 0xffffffffff3e2000
core   0: 0x0000000080004a94 (0xdbf8081b) addiw   a6, a6, -577
core   0: 1 0x0000000080004a94 (0xdbf8081b) x16 0xffffffffff3e1dbf
core   0: 0x0000000080004a98 (0x00000836) c.slli  a6, 13
core   0: 1 0x0000000080004a98 (0x0836) x16 0xffffffe7c3b7e000
core   0: 0x0000000080004a9a (0x64e80813) addi    a6, a6, 1614
core   0: 1 0x0000000080004a9a (0x64e80813) x16 0xffffffe7c3b7e64e
core   0: 0x0000000080004a9e (0x02845733) divu    a4, s0, s0
core   0: 1 0x0000000080004a9e (0x02845733) x14 0x0000000000000001
core   0: 0x0000000080004aa2 (0xc107fd13) andi    s10, a5, -1008
core   0: 1 0x0000000080004aa2 (0xc107fd13) x26 0x0000000000000000
core   0: 0x0000000080004aa6 (0x401180bb) subw    ra, gp, ra
core   0: 1 0x0000000080004aa6 (0x401180bb) x1  0x00000000000000df
core   0: 0x0000000080004aaa (0x1a677053) fdiv.d  ft0, fa4, ft6
core   0: 1 0x0000000080004aaa (0x1a677053) f0  0x7ff8000000000000
core   0: 0x0000000080004aae (0x0030d83b) srlw    a6, ra, gp
core   0: 1 0x0000000080004aae (0x0030d83b) x16 0x0000000000000000
core   0: 0x0000000080004ab2 (0x0078121b) slliw   tp, a6, 7
core   0: 1 0x0000000080004ab2 (0x0078121b) x4  0x0000000000000000
core   0: 0x0000000080004ab6 (0x40405033) sra     zero, zero, tp
core   0: 1 0x0000000080004ab6 (0x40405033)
core   0: 0x0000000080004aba (0x000a9dbb) sllw    s11, s5, zero
core   0: 1 0x0000000080004aba (0x000a9dbb) x27 0xffffffff8e65d000
core   0: 0x0000000080004abe (0x4004d513) srai    a0, s1, 0
core   0: 1 0x0000000080004abe (0x4004d513) x10 0x0000000000000011
core   0: 0x0000000080004ac2 (0x4004549b) sraiw   s1, s0, 0
core   0: 1 0x0000000080004ac2 (0x4004549b) x9  0x0000000000000800
core   0: 0x0000000080004ac6 (0x02818333) mul     t1, gp, s0
core   0: 1 0x0000000080004ac6 (0x02818333) x6  0xfffffffffffff800
core   0: 0x0000000080004aca (0x004538b3) sltu    a7, a0, tp
core   0: 1 0x0000000080004aca (0x004538b3) x17 0x0000000000000000
core   0: 0x0000000080004ace (0x0a0af953) fsub.d  fs2, fs5, ft0
core   0: 1 0x0000000080004ace (0x0a0af953) f18 0x7ff8000000000000
core   0: 0x0000000080004ad2 (0x41188333) sub     t1, a7, a7
core   0: 1 0x0000000080004ad2 (0x41188333) x6  0x0000000000000000
core   0: 0x0000000080004ad6 (0xd228fed3) fcvt.d.l ft9, a7
core   0: 1 0x0000000080004ad6 (0xd228fed3) f29 0x0000000000000000
core   0: 0x0000000080004ada (0x0095ddb3) srl     s11, a1, s1
core   0: 1 0x0000000080004ada (0x0095ddb3) x27 0x0000000000000000
core   0: 0x0000000080004ade (0x42cc8c9b) addiw   s9, s9, 1068
core   0: 1 0x0000000080004ade (0x42cc8c9b) x25 0x000000000000042c
core   0: 0x0000000080004ae2 (0x00000001) c.nop
core   0: 1 0x0000000080004ae2 (0x0001)
core   0: 0x0000000080004ae4 (0xc2037ed3) fcvt.w.d t4, ft6
core   0: 1 0x0000000080004ae4 (0xc2037ed3) c1_fflags 0x0000000000000011 x29 0x000000007fffffff
core   0: 0x0000000080004ae8 (0x0108d29b) srliw   t0, a7, 16
core   0: 1 0x0000000080004ae8 (0x0108d29b) x5  0x0000000000000000
core   0: 0x0000000080004aec (0x1b707b53) fdiv.d  fs6, ft0, fs7
core   0: 1 0x0000000080004aec (0x1b707b53) f22 0x7ff8000000000000
core   0: 0x0000000080004af0 (0xd0357fd3) fcvt.s.lu ft11, a0
core   0: 1 0x0000000080004af0 (0xd0357fd3) f31 0xffffffff41880000
core   0: 0x0000000080004af4 (0x4be2f2c3) fmadd.d ft5, ft5, ft10, fs1
core   0: 1 0x0000000080004af4 (0x4be2f2c3) f5  0x7ff8000000000000
core   0: 0x0000000080004af8 (0x0bf2f043) fmadd.d ft0, ft5, ft11, ft1
core   0: 1 0x0000000080004af8 (0x0bf2f043) f0  0x7ff8000000000000
core   0: 0x0000000080004afc (0xc212f553) fcvt.wu.d a0, ft5
core   0: 1 0x0000000080004afc (0xc212f553) c1_fflags 0x0000000000000011 x10 0xffffffffffffffff
core   0: 0x0000000080004b00 (0x002510f3) csrrw   ra, frm, a0
core   0: 1 0x0000000080004b00 (0x002510f3) x1  0x0000000000000001 c2_frm 0x0000000000000007
core   0: 0x0000000080004b04 (0x384a6297) auipc   t0, 0x384a6
core   0: 1 0x0000000080004b04 (0x384a6297) x5  0x00000000b84aab04
core   0: 0x0000000080004b08 (0xc0207d53) fcvt.l.s s10, ft0
core   0: exception trap_illegal_instruction, epc 0x0000000080004b08
core   0:           tval 0x00000000c0207d53
core   0: >>>>  $xrv64i2p1_m2p0_a2p1_f2p2_d2p2_zicsr2p0_zifencei2p0_zmmul1p0_zba1p0_zbb1p0_zbc1p0_zbs1p0
core   0: 0x0000000080004000 (0x0080006f) j       pc + 0x8
core   0: 3 0x0000000080004000 (0x0080006f)
core   0: >>>>  mmode_exception_handler
core   0: 0x0000000080004008 (0x00002c17) auipc   s8, 0x2
core   0: 3 0x0000000080004008 (0x00002c17) x24 0x0000000080006008
core   0: 0x000000008000400c (0x002c0c13) addi    s8, s8, 2
core   0: 3 0x000000008000400c (0x002c0c13) x24 0x000000008000600a
core   0: 0x0000000080004010 (0x000c00e7) jalr    s8
core   0: 3 0x0000000080004010 (0x000c00e7) x1  0x0000000080004014
core   0: >>>>  any_handler
core   0: 0x000000008000600a (0x341027f3) csrrs   a5, mepc, zero
core   0: 3 0x000000008000600a (0x341027f3) x15 0x0000000080004b08
core   0: 0x000000008000600e (0x34202773) csrrs   a4, mcause, zero
core   0: 3 0x000000008000600e (0x34202773) x14 0x0000000000000002
core   0: 0x0000000080006012 (0x142026f3) csrrs   a3, scause, zero
core   0: 3 0x0000000080006012 (0x142026f3) x13 0x0000000000000000
core   0: 0x0000000080006016 (0x30402673) csrrs   a2, mie, zero
core   0: 3 0x0000000080006016 (0x30402673) x12 0x0000000000000a00
core   0: 0x000000008000601a (0x344025f3) csrrs   a1, mip, zero
core   0: 3 0x000000008000601a (0x344025f3) x11 0x0000000000000080
core   0: 0x000000008000601e (0x343025f3) csrrs   a1, mtval, zero
core   0: 3 0x000000008000601e (0x343025f3) x11 0x00000000c0207d53
core   0: 0x0000000080006022 (0x14302573) csrrs   a0, stval, zero
core   0: 3 0x0000000080006022 (0x14302573) x10 0x0000000000000000
core   0: 0x0000000080006026 (0xb02024f3) csrrs   s1, minstret, zero
core   0: 3 0x0000000080006026 (0xb02024f3) x9  0x0000000000000acd
core   0: 0x000000008000602a (0x0000a811) c.j     pc + 20
core   0: 3 0x000000008000602a (0xa811)
core   0: >>>>  mepc_4
core   0: 0x000000008000603e (0x00000791) c.addi  a5, 4
core   0: 3 0x000000008000603e (0x0791) x15 0x0000000080004b0c
core   0: 0x0000000080006040 (0x34179073) csrrw   zero, mepc, a5
core   0: 3 0x0000000080006040 (0x34179073) c833_mepc 0x0000000080004b0c
core   0: 0x0000000080006044 (0x30200073) mret
core   0: 3 0x0000000080006044 (0x30200073) c768_mstatus 0x8000000a00106080
core   0: 0x0000000080004b0c (0x01a49dbb) sllw    s11, s1, s10
core   0: 1 0x0000000080004b0c (0x01a49dbb) x27 0x0000000000000acd
core   0: 0x0000000080004b10 (0xd23df853) fcvt.d.lu fa6, s11
core   0: exception trap_illegal_instruction, epc 0x0000000080004b10
core   0:           tval 0x00000000d23df853
core   0: >>>>  $xrv64i2p1_m2p0_a2p1_f2p2_d2p2_zicsr2p0_zifencei2p0_zmmul1p0_zba1p0_zbb1p0_zbc1p0_zbs1p0
core   0: 0x0000000080004000 (0x0080006f) j       pc + 0x8
core   0: 3 0x0000000080004000 (0x0080006f)
core   0: >>>>  mmode_exception_handler
core   0: 0x0000000080004008 (0x00002c17) auipc   s8, 0x2
core   0: 3 0x0000000080004008 (0x00002c17) x24 0x0000000080006008
core   0: 0x000000008000400c (0x002c0c13) addi    s8, s8, 2
core   0: 3 0x000000008000400c (0x002c0c13) x24 0x000000008000600a
core   0: 0x0000000080004010 (0x000c00e7) jalr    s8
core   0: 3 0x0000000080004010 (0x000c00e7) x1  0x0000000080004014
core   0: >>>>  any_handler
core   0: 0x000000008000600a (0x341027f3) csrrs   a5, mepc, zero
core   0: 3 0x000000008000600a (0x341027f3) x15 0x0000000080004b10
core   0: 0x000000008000600e (0x34202773) csrrs   a4, mcause, zero
core   0: 3 0x000000008000600e (0x34202773) x14 0x0000000000000002
core   0: 0x0000000080006012 (0x142026f3) csrrs   a3, scause, zero
core   0: 3 0x0000000080006012 (0x142026f3) x13 0x0000000000000000
core   0: 0x0000000080006016 (0x30402673) csrrs   a2, mie, zero
core   0: 3 0x0000000080006016 (0x30402673) x12 0x0000000000000a00
core   0: 0x000000008000601a (0x344025f3) csrrs   a1, mip, zero
core   0: 3 0x000000008000601a (0x344025f3) x11 0x0000000000000080
core   0: 0x000000008000601e (0x343025f3) csrrs   a1, mtval, zero
core   0: 3 0x000000008000601e (0x343025f3) x11 0x00000000d23df853
core   0: 0x0000000080006022 (0x14302573) csrrs   a0, stval, zero
core   0: 3 0x0000000080006022 (0x14302573) x10 0x0000000000000000
core   0: 0x0000000080006026 (0xb02024f3) csrrs   s1, minstret, zero
core   0: 3 0x0000000080006026 (0xb02024f3) x9  0x0000000000000ade
core   0: 0x000000008000602a (0x0000a811) c.j     pc + 20
core   0: 3 0x000000008000602a (0xa811)
core   0: >>>>  mepc_4
core   0: 0x000000008000603e (0x00000791) c.addi  a5, 4
core   0: 3 0x000000008000603e (0x0791) x15 0x0000000080004b14
core   0: 0x0000000080006040 (0x34179073) csrrw   zero, mepc, a5
core   0: 3 0x0000000080006040 (0x34179073) c833_mepc 0x0000000080004b14
core   0: 0x0000000080006044 (0x30200073) mret
core   0: 3 0x0000000080006044 (0x30200073) c768_mstatus 0x8000000a00106080
core   0: 0x0000000080004b14 (0xd20789d3) fcvt.d.w fs3, a5
core   0: 1 0x0000000080004b14 (0xd20789d3) f19 0xc1dfffed3b000000
core   0: 0x0000000080004b18 (0xd21d0fd3) fcvt.d.wu ft11, s10
core   0: 1 0x0000000080004b18 (0xd21d0fd3) f31 0x0000000000000000
core   0: 0x0000000080004b1c (0x417d509b) sraiw   ra, s10, 23
core   0: 1 0x0000000080004b1c (0x417d509b) x1  0x0000000000000000
core   0: 0x0000000080004b20 (0x03a0f3b3) remu    t2, ra, s10
core   0: 1 0x0000000080004b20 (0x03a0f3b3) x7  0x0000000000000000
core   0: 0x0000000080004b24 (0x0261a333) mulhsu  t1, gp, t1
core   0: 1 0x0000000080004b24 (0x0261a333) x6  0x0000000000000000
core   0: 0x0000000080004b28 (0x00120513) addi    a0, tp, 1
core   0: 1 0x0000000080004b28 (0x00120513) x10 0x0000000000000001
core   0: 0x0000000080004b2c (0xf1276073) csrrsi  zero, marchid, 14
core   0: exception trap_illegal_instruction, epc 0x0000000080004b2c
core   0:           tval 0x00000000f1276073
core   0: >>>>  $xrv64i2p1_m2p0_a2p1_f2p2_d2p2_zicsr2p0_zifencei2p0_zmmul1p0_zba1p0_zbb1p0_zbc1p0_zbs1p0
core   0: 0x0000000080004000 (0x0080006f) j       pc + 0x8
core   0: 3 0x0000000080004000 (0x0080006f)
core   0: >>>>  mmode_exception_handler
core   0: 0x0000000080004008 (0x00002c17) auipc   s8, 0x2
core   0: 3 0x0000000080004008 (0x00002c17) x24 0x0000000080006008
core   0: 0x000000008000400c (0x002c0c13) addi    s8, s8, 2
core   0: 3 0x000000008000400c (0x002c0c13) x24 0x000000008000600a
core   0: 0x0000000080004010 (0x000c00e7) jalr    s8
core   0: 3 0x0000000080004010 (0x000c00e7) x1  0x0000000080004014
core   0: >>>>  any_handler
core   0: 0x000000008000600a (0x341027f3) csrrs   a5, mepc, zero
core   0: 3 0x000000008000600a (0x341027f3) x15 0x0000000080004b2c
core   0: 0x000000008000600e (0x34202773) csrrs   a4, mcause, zero
core   0: 3 0x000000008000600e (0x34202773) x14 0x0000000000000002
core   0: 0x0000000080006012 (0x142026f3) csrrs   a3, scause, zero
core   0: 3 0x0000000080006012 (0x142026f3) x13 0x0000000000000000
core   0: 0x0000000080006016 (0x30402673) csrrs   a2, mie, zero
core   0: 3 0x0000000080006016 (0x30402673) x12 0x0000000000000a00
core   0: 0x000000008000601a (0x344025f3) csrrs   a1, mip, zero
core   0: 3 0x000000008000601a (0x344025f3) x11 0x0000000000000080
core   0: 0x000000008000601e (0x343025f3) csrrs   a1, mtval, zero
core   0: 3 0x000000008000601e (0x343025f3) x11 0x00000000f1276073
core   0: 0x0000000080006022 (0x14302573) csrrs   a0, stval, zero
core   0: 3 0x0000000080006022 (0x14302573) x10 0x0000000000000000
core   0: 0x0000000080006026 (0xb02024f3) csrrs   s1, minstret, zero
core   0: 3 0x0000000080006026 (0xb02024f3) x9  0x0000000000000af4
core   0: 0x000000008000602a (0x0000a811) c.j     pc + 20
core   0: 3 0x000000008000602a (0xa811)
core   0: >>>>  mepc_4
core   0: 0x000000008000603e (0x00000791) c.addi  a5, 4
core   0: 3 0x000000008000603e (0x0791) x15 0x0000000080004b30
core   0: 0x0000000080006040 (0x34179073) csrrw   zero, mepc, a5
core   0: 3 0x0000000080006040 (0x34179073) c833_mepc 0x0000000080004b30
core   0: 0x0000000080006044 (0x30200073) mret
core   0: 3 0x0000000080006044 (0x30200073) c768_mstatus 0x8000000a00106080
core   0: 0x0000000080004b30 (0x401600b3) sub     ra, a2, ra
core   0: 1 0x0000000080004b30 (0x401600b3) x1  0xffffffff7fffc9ec
core   0: 0x0000000080004b34 (0x0161fab3) and     s5, gp, s6
core   0: 1 0x0000000080004b34 (0x0161fab3) x21 0xffffffffffffffff
core   0: 0x0000000080004b38 (0x0d51e337) lui     t1, 0xd51e
core   0: 1 0x0000000080004b38 (0x0d51e337) x6  0x000000000d51e000
core   0: 0x0000000080004b3c (0x016381b3) add     gp, t2, s6
core   0: 1 0x0000000080004b3c (0x016381b3) x3  0xffffffffffffffff
core   0: 0x0000000080004b40 (0xd031f8d3) fcvt.s.lu fa7, gp
core   0: exception trap_illegal_instruction, epc 0x0000000080004b40
core   0:           tval 0x00000000d031f8d3
core   0: >>>>  $xrv64i2p1_m2p0_a2p1_f2p2_d2p2_zicsr2p0_zifencei2p0_zmmul1p0_zba1p0_zbb1p0_zbc1p0_zbs1p0
core   0: 0x0000000080004000 (0x0080006f) j       pc + 0x8
core   0: 3 0x0000000080004000 (0x0080006f)
core   0: >>>>  mmode_exception_handler
core   0: 0x0000000080004008 (0x00002c17) auipc   s8, 0x2
core   0: 3 0x0000000080004008 (0x00002c17) x24 0x0000000080006008
core   0: 0x000000008000400c (0x002c0c13) addi    s8, s8, 2
core   0: 3 0x000000008000400c (0x002c0c13) x24 0x000000008000600a
core   0: 0x0000000080004010 (0x000c00e7) jalr    s8
core   0: 3 0x0000000080004010 (0x000c00e7) x1  0x0000000080004014
core   0: >>>>  any_handler
core   0: 0x000000008000600a (0x341027f3) csrrs   a5, mepc, zero
core   0: 3 0x000000008000600a (0x341027f3) x15 0x0000000080004b40
core   0: 0x000000008000600e (0x34202773) csrrs   a4, mcause, zero
core   0: 3 0x000000008000600e (0x34202773) x14 0x0000000000000002
core   0: 0x0000000080006012 (0x142026f3) csrrs   a3, scause, zero
core   0: 3 0x0000000080006012 (0x142026f3) x13 0x0000000000000000
core   0: 0x0000000080006016 (0x30402673) csrrs   a2, mie, zero
core   0: 3 0x0000000080006016 (0x30402673) x12 0x0000000000000a00
core   0: 0x000000008000601a (0x344025f3) csrrs   a1, mip, zero
core   0: 3 0x000000008000601a (0x344025f3) x11 0x0000000000000080
core   0: 0x000000008000601e (0x343025f3) csrrs   a1, mtval, zero
core   0: 3 0x000000008000601e (0x343025f3) x11 0x00000000d031f8d3
core   0: 0x0000000080006022 (0x14302573) csrrs   a0, stval, zero
core   0: 3 0x0000000080006022 (0x14302573) x10 0x0000000000000000
core   0: 0x0000000080006026 (0xb02024f3) csrrs   s1, minstret, zero
core   0: 3 0x0000000080006026 (0xb02024f3) x9  0x0000000000000b08
core   0: 0x000000008000602a (0x0000a811) c.j     pc + 20
core   0: 3 0x000000008000602a (0xa811)
core   0: >>>>  mepc_4
core   0: 0x000000008000603e (0x00000791) c.addi  a5, 4
core   0: 3 0x000000008000603e (0x0791) x15 0x0000000080004b44
core   0: 0x0000000080006040 (0x34179073) csrrw   zero, mepc, a5
core   0: 3 0x0000000080006040 (0x34179073) c833_mepc 0x0000000080004b44
core   0: 0x0000000080006044 (0x30200073) mret
core   0: 3 0x0000000080006044 (0x30200073) c768_mstatus 0x8000000a00106080
core   0: 0x0000000080004b44 (0x6a73fe13) andi    t3, t2, 1703
core   0: 1 0x0000000080004b44 (0x6a73fe13) x28 0x0000000000000000
core   0: 0x0000000080004b48 (0xc22579d3) fcvt.l.d s3, fa0
core   0: exception trap_illegal_instruction, epc 0x0000000080004b48
core   0:           tval 0x00000000c22579d3
core   0: >>>>  $xrv64i2p1_m2p0_a2p1_f2p2_d2p2_zicsr2p0_zifencei2p0_zmmul1p0_zba1p0_zbb1p0_zbc1p0_zbs1p0
core   0: 0x0000000080004000 (0x0080006f) j       pc + 0x8
core   0: 3 0x0000000080004000 (0x0080006f)
core   0: >>>>  mmode_exception_handler
core   0: 0x0000000080004008 (0x00002c17) auipc   s8, 0x2
core   0: 3 0x0000000080004008 (0x00002c17) x24 0x0000000080006008
core   0: 0x000000008000400c (0x002c0c13) addi    s8, s8, 2
core   0: 3 0x000000008000400c (0x002c0c13) x24 0x000000008000600a
core   0: 0x0000000080004010 (0x000c00e7) jalr    s8
core   0: 3 0x0000000080004010 (0x000c00e7) x1  0x0000000080004014
core   0: >>>>  any_handler
core   0: 0x000000008000600a (0x341027f3) csrrs   a5, mepc, zero
core   0: 3 0x000000008000600a (0x341027f3) x15 0x0000000080004b48
core   0: 0x000000008000600e (0x34202773) csrrs   a4, mcause, zero
core   0: 3 0x000000008000600e (0x34202773) x14 0x0000000000000002
core   0: 0x0000000080006012 (0x142026f3) csrrs   a3, scause, zero
core   0: 3 0x0000000080006012 (0x142026f3) x13 0x0000000000000000
core   0: 0x0000000080006016 (0x30402673) csrrs   a2, mie, zero
core   0: 3 0x0000000080006016 (0x30402673) x12 0x0000000000000a00
core   0: 0x000000008000601a (0x344025f3) csrrs   a1, mip, zero
core   0: 3 0x000000008000601a (0x344025f3) x11 0x0000000000000080
core   0: 0x000000008000601e (0x343025f3) csrrs   a1, mtval, zero
core   0: 3 0x000000008000601e (0x343025f3) x11 0x00000000c22579d3
core   0: 0x0000000080006022 (0x14302573) csrrs   a0, stval, zero
core   0: 3 0x0000000080006022 (0x14302573) x10 0x0000000000000000
core   0: 0x0000000080006026 (0xb02024f3) csrrs   s1, minstret, zero
core   0: 3 0x0000000080006026 (0xb02024f3) x9  0x0000000000000b19
core   0: 0x000000008000602a (0x0000a811) c.j     pc + 20
core   0: 3 0x000000008000602a (0xa811)
core   0: >>>>  mepc_4
core   0: 0x000000008000603e (0x00000791) c.addi  a5, 4
core   0: 3 0x000000008000603e (0x0791) x15 0x0000000080004b4c
core   0: 0x0000000080006040 (0x34179073) csrrw   zero, mepc, a5
core   0: 3 0x0000000080006040 (0x34179073) c833_mepc 0x0000000080004b4c
core   0: 0x0000000080006044 (0x30200073) mret
core   0: 3 0x0000000080006044 (0x30200073) c768_mstatus 0x8000000a00106080
core   0: 0x0000000080004b4c (0x41c3513b) sraw    sp, t1, t3
core   0: 1 0x0000000080004b4c (0x41c3513b) x2  0x000000000d51e000
core   0: 0x0000000080004b50 (0xd221f053) fcvt.d.l ft0, gp
core   0: exception trap_illegal_instruction, epc 0x0000000080004b50
core   0:           tval 0x00000000d221f053
core   0: >>>>  $xrv64i2p1_m2p0_a2p1_f2p2_d2p2_zicsr2p0_zifencei2p0_zmmul1p0_zba1p0_zbb1p0_zbc1p0_zbs1p0
core   0: 0x0000000080004000 (0x0080006f) j       pc + 0x8
core   0: 3 0x0000000080004000 (0x0080006f)
core   0: >>>>  mmode_exception_handler
core   0: 0x0000000080004008 (0x00002c17) auipc   s8, 0x2
core   0: 3 0x0000000080004008 (0x00002c17) x24 0x0000000080006008
core   0: 0x000000008000400c (0x002c0c13) addi    s8, s8, 2
core   0: 3 0x000000008000400c (0x002c0c13) x24 0x000000008000600a
core   0: 0x0000000080004010 (0x000c00e7) jalr    s8
core   0: 3 0x0000000080004010 (0x000c00e7) x1  0x0000000080004014
core   0: >>>>  any_handler
core   0: 0x000000008000600a (0x341027f3) csrrs   a5, mepc, zero
core   0: 3 0x000000008000600a (0x341027f3) x15 0x0000000080004b50
core   0: 0x000000008000600e (0x34202773) csrrs   a4, mcause, zero
core   0: 3 0x000000008000600e (0x34202773) x14 0x0000000000000002
core   0: 0x0000000080006012 (0x142026f3) csrrs   a3, scause, zero
core   0: 3 0x0000000080006012 (0x142026f3) x13 0x0000000000000000
core   0: 0x0000000080006016 (0x30402673) csrrs   a2, mie, zero
core   0: 3 0x0000000080006016 (0x30402673) x12 0x0000000000000a00
core   0: 0x000000008000601a (0x344025f3) csrrs   a1, mip, zero
core   0: 3 0x000000008000601a (0x344025f3) x11 0x0000000000000080
core   0: 0x000000008000601e (0x343025f3) csrrs   a1, mtval, zero
core   0: 3 0x000000008000601e (0x343025f3) x11 0x00000000d221f053
core   0: 0x0000000080006022 (0x14302573) csrrs   a0, stval, zero
core   0: 3 0x0000000080006022 (0x14302573) x10 0x0000000000000000
core   0: 0x0000000080006026 (0xb02024f3) csrrs   s1, minstret, zero
core   0: 3 0x0000000080006026 (0xb02024f3) x9  0x0000000000000b2a
core   0: 0x000000008000602a (0x0000a811) c.j     pc + 20
core   0: 3 0x000000008000602a (0xa811)
core   0: >>>>  mepc_4
core   0: 0x000000008000603e (0x00000791) c.addi  a5, 4
core   0: 3 0x000000008000603e (0x0791) x15 0x0000000080004b54
core   0: 0x0000000080006040 (0x34179073) csrrw   zero, mepc, a5
core   0: 3 0x0000000080006040 (0x34179073) c833_mepc 0x0000000080004b54
core   0: 0x0000000080006044 (0x30200073) mret
core   0: 3 0x0000000080006044 (0x30200073) c768_mstatus 0x8000000a00106080
core   0: 0x0000000080004b54 (0x00000001) c.nop
core   0: 1 0x0000000080004b54 (0x0001)
core   0: 0x0000000080004b56 (0x5a00fd53) fsqrt.d fs10, ft1
core   0: exception trap_illegal_instruction, epc 0x0000000080004b56
core   0:           tval 0x000000005a00fd53
core   0: >>>>  $xrv64i2p1_m2p0_a2p1_f2p2_d2p2_zicsr2p0_zifencei2p0_zmmul1p0_zba1p0_zbb1p0_zbc1p0_zbs1p0
core   0: 0x0000000080004000 (0x0080006f) j       pc + 0x8
core   0: 3 0x0000000080004000 (0x0080006f)
core   0: >>>>  mmode_exception_handler
core   0: 0x0000000080004008 (0x00002c17) auipc   s8, 0x2
core   0: 3 0x0000000080004008 (0x00002c17) x24 0x0000000080006008
core   0: 0x000000008000400c (0x002c0c13) addi    s8, s8, 2
core   0: 3 0x000000008000400c (0x002c0c13) x24 0x000000008000600a
core   0: 0x0000000080004010 (0x000c00e7) jalr    s8
core   0: 3 0x0000000080004010 (0x000c00e7) x1  0x0000000080004014
core   0: >>>>  any_handler
core   0: 0x000000008000600a (0x341027f3) csrrs   a5, mepc, zero
core   0: 3 0x000000008000600a (0x341027f3) x15 0x0000000080004b56
core   0: 0x000000008000600e (0x34202773) csrrs   a4, mcause, zero
core   0: 3 0x000000008000600e (0x34202773) x14 0x0000000000000002
core   0: 0x0000000080006012 (0x142026f3) csrrs   a3, scause, zero
core   0: 3 0x0000000080006012 (0x142026f3) x13 0x0000000000000000
core   0: 0x0000000080006016 (0x30402673) csrrs   a2, mie, zero
core   0: 3 0x0000000080006016 (0x30402673) x12 0x0000000000000a00
core   0: 0x000000008000601a (0x344025f3) csrrs   a1, mip, zero
core   0: 3 0x000000008000601a (0x344025f3) x11 0x0000000000000080
core   0: 0x000000008000601e (0x343025f3) csrrs   a1, mtval, zero
core   0: 3 0x000000008000601e (0x343025f3) x11 0x000000005a00fd53
core   0: 0x0000000080006022 (0x14302573) csrrs   a0, stval, zero
core   0: 3 0x0000000080006022 (0x14302573) x10 0x0000000000000000
core   0: 0x0000000080006026 (0xb02024f3) csrrs   s1, minstret, zero
core   0: 3 0x0000000080006026 (0xb02024f3) x9  0x0000000000000b3b
core   0: 0x000000008000602a (0x0000a811) c.j     pc + 20
core   0: 3 0x000000008000602a (0xa811)
core   0: >>>>  mepc_4
core   0: 0x000000008000603e (0x00000791) c.addi  a5, 4
core   0: 3 0x000000008000603e (0x0791) x15 0x0000000080004b5a
core   0: 0x0000000080006040 (0x34179073) csrrw   zero, mepc, a5
core   0: 3 0x0000000080006040 (0x34179073) c833_mepc 0x0000000080004b5a
core   0: 0x0000000080006044 (0x30200073) mret
core   0: 3 0x0000000080006044 (0x30200073) c768_mstatus 0x8000000a00106080
core   0: 0x0000000080004b5a (0xc9f14c13) xori    s8, sp, -865
core   0: 1 0x0000000080004b5a (0xc9f14c13) x24 0xfffffffff2ae1c9f
core   0: 0x0000000080004b5e (0xc2207353) fcvt.l.d t1, ft0
core   0: exception trap_illegal_instruction, epc 0x0000000080004b5e
core   0:           tval 0x00000000c2207353
core   0: >>>>  $xrv64i2p1_m2p0_a2p1_f2p2_d2p2_zicsr2p0_zifencei2p0_zmmul1p0_zba1p0_zbb1p0_zbc1p0_zbs1p0
core   0: 0x0000000080004000 (0x0080006f) j       pc + 0x8
core   0: 3 0x0000000080004000 (0x0080006f)
core   0: >>>>  mmode_exception_handler
core   0: 0x0000000080004008 (0x00002c17) auipc   s8, 0x2
core   0: 3 0x0000000080004008 (0x00002c17) x24 0x0000000080006008
core   0: 0x000000008000400c (0x002c0c13) addi    s8, s8, 2
core   0: 3 0x000000008000400c (0x002c0c13) x24 0x000000008000600a
core   0: 0x0000000080004010 (0x000c00e7) jalr    s8
core   0: 3 0x0000000080004010 (0x000c00e7) x1  0x0000000080004014
core   0: >>>>  any_handler
core   0: 0x000000008000600a (0x341027f3) csrrs   a5, mepc, zero
core   0: 3 0x000000008000600a (0x341027f3) x15 0x0000000080004b5e
core   0: 0x000000008000600e (0x34202773) csrrs   a4, mcause, zero
core   0: 3 0x000000008000600e (0x34202773) x14 0x0000000000000002
core   0: 0x0000000080006012 (0x142026f3) csrrs   a3, scause, zero
core   0: 3 0x0000000080006012 (0x142026f3) x13 0x0000000000000000
core   0: 0x0000000080006016 (0x30402673) csrrs   a2, mie, zero
core   0: 3 0x0000000080006016 (0x30402673) x12 0x0000000000000a00
core   0: 0x000000008000601a (0x344025f3) csrrs   a1, mip, zero
core   0: 3 0x000000008000601a (0x344025f3) x11 0x0000000000000080
core   0: 0x000000008000601e (0x343025f3) csrrs   a1, mtval, zero
core   0: 3 0x000000008000601e (0x343025f3) x11 0x00000000c2207353
core   0: 0x0000000080006022 (0x14302573) csrrs   a0, stval, zero
core   0: 3 0x0000000080006022 (0x14302573) x10 0x0000000000000000
core   0: 0x0000000080006026 (0xb02024f3) csrrs   s1, minstret, zero
core   0: 3 0x0000000080006026 (0xb02024f3) x9  0x0000000000000b4c
core   0: 0x000000008000602a (0x0000a811) c.j     pc + 20
core   0: 3 0x000000008000602a (0xa811)
core   0: >>>>  mepc_4
core   0: 0x000000008000603e (0x00000791) c.addi  a5, 4
core   0: 3 0x000000008000603e (0x0791) x15 0x0000000080004b62
core   0: 0x0000000080006040 (0x34179073) csrrw   zero, mepc, a5
core   0: 3 0x0000000080006040 (0x34179073) c833_mepc 0x0000000080004b62
core   0: 0x0000000080006044 (0x30200073) mret
core   0: 3 0x0000000080006044 (0x30200073) c768_mstatus 0x8000000a00106080
core   0: 0x0000000080004b62 (0x00000001) c.nop
core   0: 1 0x0000000080004b62 (0x0001)
core   0: 0x0000000080004b64 (0xd20303d3) fcvt.d.w ft7, t1
core   0: 1 0x0000000080004b64 (0xd20303d3) f7  0x41aaa3c000000000
core   0: 0x0000000080004b68 (0x41dedeb3) sra     t4, t4, t4
core   0: 1 0x0000000080004b68 (0x41dedeb3) x29 0x0000000000000000
core   0: 0x0000000080004b6c (0x00289a73) csrrw   s4, frm, a7
core   0: 1 0x0000000080004b6c (0x00289a73) x20 0x0000000000000007 c2_frm 0x0000000000000000
core   0: 0x0000000080004b70 (0x0073a2b3) slt     t0, t2, t2
core   0: 1 0x0000000080004b70 (0x0073a2b3) x5  0x0000000000000000
core   0: 0x0000000080004b74 (0x4053de3b) sraw    t3, t2, t0
core   0: 1 0x0000000080004b74 (0x4053de3b) x28 0x0000000000000000
core   0: 0x0000000080004b78 (0x004d0db3) add     s11, s10, tp
core   0: 1 0x0000000080004b78 (0x004d0db3) x27 0x0000000000000000
core   0: 0x0000000080004b7c (0x03a4c53b) divw    a0, s1, s10
core   0: 1 0x0000000080004b7c (0x03a4c53b) x10 0xffffffffffffffff
core   0: 0x0000000080004b80 (0x415d06bb) subw    a3, s10, s5
core   0: 1 0x0000000080004b80 (0x415d06bb) x13 0x0000000000000001
core   0: 0x0000000080004b84 (0xd034f5d3) fcvt.s.lu fa1, s1
core   0: 1 0x0000000080004b84 (0xd034f5d3) f11 0xffffffff4534c000
core   0: 0x0000000080004b88 (0x41db5b33) sra     s6, s6, t4
core   0: 1 0x0000000080004b88 (0x41db5b33) x22 0xffffffffffffffff
core   0: 0x0000000080004b8c (0xd23b7c53) fcvt.d.lu fs8, s6
core   0: 1 0x0000000080004b8c (0xd23b7c53) c1_fflags 0x0000000000000011 f24 0x43f0000000000000
core   0: 0x0000000080004b90 (0x227c23d3) fsgnjx.d ft7, fs8, ft7
core   0: 1 0x0000000080004b90 (0x227c23d3) f7  0x43f0000000000000
core   0: 0x0000000080004b94 (0x00a6903b) sllw    zero, a3, a0
core   0: 1 0x0000000080004b94 (0x00a6903b)
core   0: 0x0000000080004b98 (0x032cb933) mulhu   s2, s9, s2
core   0: 1 0x0000000080004b98 (0x032cb933) x18 0x0000000000000000
core   0: 0x0000000080004b9c (0xe20e0ad3) fmv.x.d s5, ft8
core   0: 1 0x0000000080004b9c (0xe20e0ad3) x21 0x0043260ac5fe882f
core   0: 0x0000000080004ba0 (0xc031fed3) fcvt.lu.s t4, ft3
core   0: 1 0x0000000080004ba0 (0xc031fed3) c1_fflags 0x0000000000000011 x29 0xffffffffffffffff
core   0: 0x0000000080004ba4 (0x03dcdcbb) divuw   s9, s9, t4
core   0: 1 0x0000000080004ba4 (0x03dcdcbb) x25 0x0000000000000000
core   0: 0x0000000080004ba8 (0x00170993) addi    s3, a4, 1
core   0: 1 0x0000000080004ba8 (0x00170993) x19 0x0000000000000003
core   0: 0x0000000080004bac (0xe20c0253) fmv.x.d tp, fs8
core   0: 1 0x0000000080004bac (0xe20c0253) x4  0x43f0000000000000
core   0: 0x0000000080004bb0 (0x01f49b1b) slliw   s6, s1, 31
core   0: 1 0x0000000080004bb0 (0x01f49b1b) x22 0x0000000000000000
core   0: 0x0000000080004bb4 (0x00009d52) c.add   s10, s4
core   0: 1 0x0000000080004bb4 (0x9d52) x26 0x0000000000000007
core   0: 0x0000000080004bb6 (0xc23e7a53) fcvt.lu.d s4, ft8
core   0: 1 0x0000000080004bb6 (0xc23e7a53) c1_fflags 0x0000000000000011 x20 0x0000000000000000
core   0: 0x0000000080004bba (0x03ba49bb) divw    s3, s4, s11
core   0: 1 0x0000000080004bba (0x03ba49bb) x19 0xffffffffffffffff
core   0: 0x0000000080004bbe (0x01086033) or      zero, a6, a6
core   0: 1 0x0000000080004bbe (0x01086033)
core   0: 0x0000000080004bc2 (0xd21d8cd3) fcvt.d.wu fs9, s11
core   0: 1 0x0000000080004bc2 (0xd21d8cd3) f25 0x0000000000000000
core   0: 0x0000000080004bc6 (0x0d366413) ori     s0, a2, 211
core   0: 1 0x0000000080004bc6 (0x0d366413) x8  0x0000000000000ad3
core   0: 0x0000000080004bca (0xf393fb4b) fnmsub.d fs6, ft7, fs9, ft10
core   0: 1 0x0000000080004bca (0xf393fb4b) f22 0x7ff8000000000000
core   0: 0x0000000080004bce (0x40c35333) sra     t1, t1, a2
core   0: 1 0x0000000080004bce (0x40c35333) x6  0x000000000d51e000
core   0: 0x0000000080004bd2 (0xfff03093) sltiu   ra, zero, -1
core   0: 1 0x0000000080004bd2 (0xfff03093) x1  0x0000000000000001
core   0: 0x0000000080004bd6 (0x00c34eb3) xor     t4, t1, a2
core   0: 1 0x0000000080004bd6 (0x00c34eb3) x29 0x000000000d51ea00
core   0: 0x0000000080004bda (0x00e0db9b) srliw   s7, ra, 14
core   0: 1 0x0000000080004bda (0x00e0db9b) x23 0x0000000000000000
core   0: 0x0000000080004bde (0x121b7353) fmul.d  ft6, fs6, ft1
core   0: 1 0x0000000080004bde (0x121b7353) f6  0x7ff8000000000000
core   0: 0x0000000080004be2 (0x0096d813) srli    a6, a3, 9
core   0: 1 0x0000000080004be2 (0x0096d813) x16 0x0000000000000000
core   0: 0x0000000080004be6 (0x00102cf3) csrrs   s9, fflags, zero
core   0: 1 0x0000000080004be6 (0x00102cf3) x25 0x0000000000000011
core   0: 0x0000000080004bea (0x2a069fd3) fmax.d  ft11, fa3, ft0
core   0: 1 0x0000000080004bea (0x2a069fd3) f31 0x0000000000000000
core   0: 0x0000000080004bee (0x01fe989b) slliw   a7, t4, 31
core   0: 1 0x0000000080004bee (0x01fe989b) x17 0x0000000000000000
core   0: 0x0000000080004bf2 (0x03bef23b) remuw   tp, t4, s11
core   0: 1 0x0000000080004bf2 (0x03bef23b) x4  0x000000000d51ea00
core   0: 0x0000000080004bf6 (0x3445e6f3) csrrsi  a3, mip, 11
core   0: exception trap_illegal_instruction, epc 0x0000000080004bf6
core   0:           tval 0x000000003445e6f3
core   0: >>>>  $xrv64i2p1_m2p0_a2p1_f2p2_d2p2_zicsr2p0_zifencei2p0_zmmul1p0_zba1p0_zbb1p0_zbc1p0_zbs1p0
core   0: 0x0000000080004000 (0x0080006f) j       pc + 0x8
core   0: 3 0x0000000080004000 (0x0080006f)
core   0: >>>>  mmode_exception_handler
core   0: 0x0000000080004008 (0x00002c17) auipc   s8, 0x2
core   0: 3 0x0000000080004008 (0x00002c17) x24 0x0000000080006008
core   0: 0x000000008000400c (0x002c0c13) addi    s8, s8, 2
core   0: 3 0x000000008000400c (0x002c0c13) x24 0x000000008000600a
core   0: 0x0000000080004010 (0x000c00e7) jalr    s8
core   0: 3 0x0000000080004010 (0x000c00e7) x1  0x0000000080004014
core   0: >>>>  any_handler
core   0: 0x000000008000600a (0x341027f3) csrrs   a5, mepc, zero
core   0: 3 0x000000008000600a (0x341027f3) x15 0x0000000080004bf6
core   0: 0x000000008000600e (0x34202773) csrrs   a4, mcause, zero
core   0: 3 0x000000008000600e (0x34202773) x14 0x0000000000000002
core   0: 0x0000000080006012 (0x142026f3) csrrs   a3, scause, zero
core   0: 3 0x0000000080006012 (0x142026f3) x13 0x0000000000000000
core   0: 0x0000000080006016 (0x30402673) csrrs   a2, mie, zero
core   0: 3 0x0000000080006016 (0x30402673) x12 0x0000000000000a00
core   0: 0x000000008000601a (0x344025f3) csrrs   a1, mip, zero
core   0: 3 0x000000008000601a (0x344025f3) x11 0x0000000000000080
core   0: 0x000000008000601e (0x343025f3) csrrs   a1, mtval, zero
core   0: 3 0x000000008000601e (0x343025f3) x11 0x000000003445e6f3
core   0: 0x0000000080006022 (0x14302573) csrrs   a0, stval, zero
core   0: 3 0x0000000080006022 (0x14302573) x10 0x0000000000000000
core   0: 0x0000000080006026 (0xb02024f3) csrrs   s1, minstret, zero
core   0: 3 0x0000000080006026 (0xb02024f3) x9  0x0000000000000b82
core   0: 0x000000008000602a (0x0000a811) c.j     pc + 20
core   0: 3 0x000000008000602a (0xa811)
core   0: >>>>  mepc_4
core   0: 0x000000008000603e (0x00000791) c.addi  a5, 4
core   0: 3 0x000000008000603e (0x0791) x15 0x0000000080004bfa
core   0: 0x0000000080006040 (0x34179073) csrrw   zero, mepc, a5
core   0: 3 0x0000000080006040 (0x34179073) c833_mepc 0x0000000080004bfa
core   0: 0x0000000080006044 (0x30200073) mret
core   0: 3 0x0000000080006044 (0x30200073) c768_mstatus 0x8000000a00106080
core   0: 0x0000000080004bfa (0x2adf8753) fmin.d  fa4, ft11, fa3
core   0: 1 0x0000000080004bfa (0x2adf8753) f14 0x0000000000000000
core   0: 0x0000000080004bfe (0x226720d3) fsgnjx.d ft1, fa4, ft6
core   0: 1 0x0000000080004bfe (0x226720d3) f1  0x0000000000000000
core   0: 0x0000000080004c02 (0x5b977ec3) fmadd.d ft9, fa4, fs9, fa1
core   0: 1 0x0000000080004c02 (0x5b977ec3) f29 0x7ff8000000000000
core   0: 0x0000000080004c06 (0x006d5d33) srl     s10, s10, t1
core   0: 1 0x0000000080004c06 (0x006d5d33) x26 0x0000000000000007
core   0: 0x0000000080004c0a (0xe20e8053) fmv.x.d zero, ft9
core   0: 1 0x0000000080004c0a (0xe20e8053)
core   0: 0x0000000080004c0e (0x01701c13) slli    s8, zero, 23
core   0: 1 0x0000000080004c0e (0x01701c13) x24 0x0000000000000000
core   0: 0x0000000080004c12 (0x50e34737) lui     a4, 0x50e34
core   0: 1 0x0000000080004c12 (0x50e34737) x14 0x0000000050e34000
core   0: 0x0000000080004c16 (0x00202af3) csrrs   s5, frm, zero
core   0: 1 0x0000000080004c16 (0x00202af3) x21 0x0000000000000000
core   0: 0x0000000080004c1a (0x00aa959b) slliw   a1, s5, 10
core   0: 1 0x0000000080004c1a (0x00aa959b) x11 0x0000000000000000
core   0: 0x0000000080004c1e (0x01d591bb) sllw    gp, a1, t4
core   0: 1 0x0000000080004c1e (0x01d591bb) x3  0x0000000000000000
core   0: 0x0000000080004c22 (0xc21bfad3) fcvt.wu.d s5, fs7
core   0: 1 0x0000000080004c22 (0xc21bfad3) c1_fflags 0x0000000000000011 x21 0xffffffffffffffff
core   0: 0x0000000080004c26 (0xbe238c93) addi    s9, t2, -1054
core   0: 1 0x0000000080004c26 (0xbe238c93) x25 0xfffffffffffffbe2
core   0: 0x0000000080004c2a (0x021020b3) mulhsu  ra, zero, ra
core   0: 1 0x0000000080004c2a (0x021020b3) x1  0x0000000000000000
core   0: 0x0000000080004c2e (0x03a41433) mulh    s0, s0, s10
core   0: 1 0x0000000080004c2e (0x03a41433) x8  0x0000000000000000
core   0: 0x0000000080004c32 (0x3109d6f3) csrrwi  a3, mstatush, 19
core   0: exception trap_illegal_instruction, epc 0x0000000080004c32
core   0:           tval 0x000000003109d6f3
core   0: >>>>  $xrv64i2p1_m2p0_a2p1_f2p2_d2p2_zicsr2p0_zifencei2p0_zmmul1p0_zba1p0_zbb1p0_zbc1p0_zbs1p0
core   0: 0x0000000080004000 (0x0080006f) j       pc + 0x8
core   0: 3 0x0000000080004000 (0x0080006f)
core   0: >>>>  mmode_exception_handler
core   0: 0x0000000080004008 (0x00002c17) auipc   s8, 0x2
core   0: 3 0x0000000080004008 (0x00002c17) x24 0x0000000080006008
core   0: 0x000000008000400c (0x002c0c13) addi    s8, s8, 2
core   0: 3 0x000000008000400c (0x002c0c13) x24 0x000000008000600a
core   0: 0x0000000080004010 (0x000c00e7) jalr    s8
core   0: 3 0x0000000080004010 (0x000c00e7) x1  0x0000000080004014
core   0: >>>>  any_handler
core   0: 0x000000008000600a (0x341027f3) csrrs   a5, mepc, zero
core   0: 3 0x000000008000600a (0x341027f3) x15 0x0000000080004c32
core   0: 0x000000008000600e (0x34202773) csrrs   a4, mcause, zero
core   0: 3 0x000000008000600e (0x34202773) x14 0x0000000000000002
core   0: 0x0000000080006012 (0x142026f3) csrrs   a3, scause, zero
core   0: 3 0x0000000080006012 (0x142026f3) x13 0x0000000000000000
core   0: 0x0000000080006016 (0x30402673) csrrs   a2, mie, zero
core   0: 3 0x0000000080006016 (0x30402673) x12 0x0000000000000a00
core   0: 0x000000008000601a (0x344025f3) csrrs   a1, mip, zero
core   0: 3 0x000000008000601a (0x344025f3) x11 0x0000000000000080
core   0: 0x000000008000601e (0x343025f3) csrrs   a1, mtval, zero
core   0: 3 0x000000008000601e (0x343025f3) x11 0x000000003109d6f3
core   0: 0x0000000080006022 (0x14302573) csrrs   a0, stval, zero
core   0: 3 0x0000000080006022 (0x14302573) x10 0x0000000000000000
core   0: 0x0000000080006026 (0xb02024f3) csrrs   s1, minstret, zero
core   0: 3 0x0000000080006026 (0xb02024f3) x9  0x0000000000000ba0
core   0: 0x000000008000602a (0x0000a811) c.j     pc + 20
core   0: 3 0x000000008000602a (0xa811)
core   0: >>>>  mepc_4
core   0: 0x000000008000603e (0x00000791) c.addi  a5, 4
core   0: 3 0x000000008000603e (0x0791) x15 0x0000000080004c36
core   0: 0x0000000080006040 (0x34179073) csrrw   zero, mepc, a5
core   0: 3 0x0000000080006040 (0x34179073) c833_mepc 0x0000000080004c36
core   0: 0x0000000080006044 (0x30200073) mret
core   0: 3 0x0000000080006044 (0x30200073) c768_mstatus 0x8000000a00106080
core   0: 0x0000000080004c36 (0x00101913) slli    s2, zero, 1
core   0: 1 0x0000000080004c36 (0x00101913) x18 0x0000000000000000
core   0: 0x0000000080004c3a (0x4087de3b) sraw    t3, a5, s0
core   0: 1 0x0000000080004c3a (0x4087de3b) x28 0xffffffff80004c36
core   0: 0x0000000080004c3e (0x13d0f353) fmul.d  ft6, ft1, ft9
core   0: 1 0x0000000080004c3e (0x13d0f353) f6  0x7ff8000000000000
core   0: 0x0000000080004c42 (0xc0357c53) fcvt.lu.s s8, fa0
core   0: 1 0x0000000080004c42 (0xc0357c53) c1_fflags 0x0000000000000011 x24 0xffffffffffffffff
core   0: 0x0000000080004c46 (0xd2090dd3) fcvt.d.w fs11, s2
core   0: 1 0x0000000080004c46 (0xd2090dd3) f27 0x0000000000000000
core   0: 0x0000000080004c4a (0x41a0da9b) sraiw   s5, ra, 26
core   0: 1 0x0000000080004c4a (0x41a0da9b) x21 0xffffffffffffffe0
core   0: 0x0000000080004c4e (0xd03e7253) fcvt.s.lu ft4, t3
core   0: 1 0x0000000080004c4e (0xd03e7253) c1_fflags 0x0000000000000011 f4  0xffffffff5f800000
core   0: 0x0000000080004c52 (0x2afd85d3) fmin.d  fa1, fs11, fa5
core   0: 1 0x0000000080004c52 (0x2afd85d3) f11 0x0000000000000000
core   0: 0x0000000080004c56 (0x3c20c793) xori    a5, ra, 962
core   0: 1 0x0000000080004c56 (0x3c20c793) x15 0x00000000800043d6
core   0: 0x0000000080004c5a (0x02d3803b) mulw    zero, t2, a3
core   0: 1 0x0000000080004c5a (0x02d3803b)
core   0: 0x0000000080004c5e (0x0052dc3b) srlw    s8, t0, t0
core   0: 1 0x0000000080004c5e (0x0052dc3b) x24 0x0000000000000000
core   0: 0x0000000080004c62 (0x3355f1cb) fnmsub.d ft3, fa1, fs5, ft6
core   0: 1 0x0000000080004c62 (0x3355f1cb) f3  0x7ff8000000000000
core   0: 0x0000000080004c66 (0x038e42bb) divw    t0, t3, s8
core   0: 1 0x0000000080004c66 (0x038e42bb) x5  0xffffffffffffffff
core   0: 0x0000000080004c6a (0x7b0e13f3) csrrw   t2, dcsr, t3
core   0: exception trap_illegal_instruction, epc 0x0000000080004c6a
core   0:           tval 0x000000007b0e13f3
core   0: >>>>  $xrv64i2p1_m2p0_a2p1_f2p2_d2p2_zicsr2p0_zifencei2p0_zmmul1p0_zba1p0_zbb1p0_zbc1p0_zbs1p0
core   0: 0x0000000080004000 (0x0080006f) j       pc + 0x8
core   0: 3 0x0000000080004000 (0x0080006f)
core   0: >>>>  mmode_exception_handler
core   0: 0x0000000080004008 (0x00002c17) auipc   s8, 0x2
core   0: 3 0x0000000080004008 (0x00002c17) x24 0x0000000080006008
core   0: 0x000000008000400c (0x002c0c13) addi    s8, s8, 2
core   0: 3 0x000000008000400c (0x002c0c13) x24 0x000000008000600a
core   0: 0x0000000080004010 (0x000c00e7) jalr    s8
core   0: 3 0x0000000080004010 (0x000c00e7) x1  0x0000000080004014
core   0: >>>>  any_handler
core   0: 0x000000008000600a (0x341027f3) csrrs   a5, mepc, zero
core   0: 3 0x000000008000600a (0x341027f3) x15 0x0000000080004c6a
core   0: 0x000000008000600e (0x34202773) csrrs   a4, mcause, zero
core   0: 3 0x000000008000600e (0x34202773) x14 0x0000000000000002
core   0: 0x0000000080006012 (0x142026f3) csrrs   a3, scause, zero
core   0: 3 0x0000000080006012 (0x142026f3) x13 0x0000000000000000
core   0: 0x0000000080006016 (0x30402673) csrrs   a2, mie, zero
core   0: 3 0x0000000080006016 (0x30402673) x12 0x0000000000000a00
core   0: 0x000000008000601a (0x344025f3) csrrs   a1, mip, zero
core   0: 3 0x000000008000601a (0x344025f3) x11 0x0000000000000080
core   0: 0x000000008000601e (0x343025f3) csrrs   a1, mtval, zero
core   0: 3 0x000000008000601e (0x343025f3) x11 0x000000007b0e13f3
core   0: 0x0000000080006022 (0x14302573) csrrs   a0, stval, zero
core   0: 3 0x0000000080006022 (0x14302573) x10 0x0000000000000000
core   0: 0x0000000080006026 (0xb02024f3) csrrs   s1, minstret, zero
core   0: 3 0x0000000080006026 (0xb02024f3) x9  0x0000000000000bbd
core   0: 0x000000008000602a (0x0000a811) c.j     pc + 20
core   0: 3 0x000000008000602a (0xa811)
core   0: >>>>  mepc_4
core   0: 0x000000008000603e (0x00000791) c.addi  a5, 4
core   0: 3 0x000000008000603e (0x0791) x15 0x0000000080004c6e
core   0: 0x0000000080006040 (0x34179073) csrrw   zero, mepc, a5
core   0: 3 0x0000000080006040 (0x34179073) c833_mepc 0x0000000080004c6e
core   0: 0x0000000080006044 (0x30200073) mret
core   0: 3 0x0000000080006044 (0x30200073) c768_mstatus 0x8000000a00106080
core   0: 0x0000000080004c6e (0x00a7d63b) srlw    a2, a5, a0
core   0: 1 0x0000000080004c6e (0x00a7d63b) x12 0xffffffff80004c6e
core   0: 0x0000000080004c72 (0x4096593b) sraw    s2, a2, s1
core   0: 1 0x0000000080004c72 (0x4096593b) x18 0xfffffffffffffffc
core   0: 0x0000000080004c76 (0xc0227353) fcvt.l.s t1, ft4
core   0: 1 0x0000000080004c76 (0xc0227353) c1_fflags 0x0000000000000011 x6  0x7fffffffffffffff
core   0: 0x0000000080004c7a (0x10507073) csrrci  zero, stvec, 0
core   0: 1 0x0000000080004c7a (0x10507073)
core   0: 0x0000000080004c7e (0x401cfcd3) fcvt.s.d fs9, fs9
core   0: 1 0x0000000080004c7e (0x401cfcd3) f25 0xffffffff00000000
core   0: 0x0000000080004c82 (0x004296bb) sllw    a3, t0, tp
core   0: 1 0x0000000080004c82 (0x004296bb) x13 0xffffffffffffffff
core   0: 0x0000000080004c86 (0x0016ec13) ori     s8, a3, 1
core   0: 1 0x0000000080004c86 (0x0016ec13) x24 0xffffffffffffffff
core   0: 0x0000000080004c8a (0x42058153) fcvt.d.s ft2, fa1
core   0: 1 0x0000000080004c8a (0x42058153) f2  0x7ff8000000000000
core   0: 0x0000000080004c8e (0xf20a05d3) fmv.d.x fa1, s4
core   0: 1 0x0000000080004c8e (0xf20a05d3) f11 0x0000000000000000
core   0: 0x0000000080004c92 (0x0ff0000f) fence   iorw,iorw
core   0: 1 0x0000000080004c92 (0x0ff0000f)
core   0: 0x0000000080004c96 (0x9a3f5217) auipc   tp, 0x9a3f5
core   0: 1 0x0000000080004c96 (0x9a3f5217) x4  0x000000001a3f9c96
core   0: 0x0000000080004c9a (0xcab3fccf) fnmadd.d fs9, ft7, fa1, fs9
core   0: 1 0x0000000080004c9a (0xcab3fccf) f25 0x7ff8000000000000
core   0: 0x0000000080004c9e (0xa2bc84d3) fle.d   s1, fs9, fa1
core   0: 1 0x0000000080004c9e (0xa2bc84d3) c1_fflags 0x0000000000000011 x9  0x0000000000000000
core   0: 0x0000000080004ca2 (0x1410e6f3) csrrsi  a3, sepc, 1
core   0: 1 0x0000000080004ca2 (0x1410e6f3) x13 0x0000000000000000 c321_sepc 0x0000000000000000
core   0: 0x0000000080004ca6 (0x410ad61b) sraiw   a2, s5, 16
core   0: 1 0x0000000080004ca6 (0x410ad61b) x12 0xffffffffffffffff
core   0: 0x0000000080004caa (0x235caad3) fsgnjx.d fs5, fs9, fs5
core   0: 1 0x0000000080004caa (0x235caad3) f21 0xfff8000000000000
core   0: 0x0000000080004cae (0x017322b7) lui     t0, 0x1732
core   0: 1 0x0000000080004cae (0x017322b7) x5  0x0000000001732000
core   0: 0x0000000080004cb2 (0xe4f2829b) addiw   t0, t0, -433
core   0: 1 0x0000000080004cb2 (0xe4f2829b) x5  0x0000000001731e4f
core   0: 0x0000000080004cb6 (0x000002b2) c.slli  t0, 12
core   0: 1 0x0000000080004cb6 (0x02b2) x5  0x0000001731e4f000
core   0: 0x0000000080004cb8 (0xeba28293) addi    t0, t0, -326
core   0: 1 0x0000000080004cb8 (0xeba28293) x5  0x0000001731e4eeba
core   0: 0x0000000080004cbc (0x0252a3b3) mulhsu  t2, t0, t0
core   0: 1 0x0000000080004cbc (0x0252a3b3) x7  0x000000000000021a
core   0: 0x0000000080004cc0 (0xcb2af4c3) fmadd.d fs1, fs5, fs2, fs9
core   0: 1 0x0000000080004cc0 (0xcb2af4c3) f9  0x7ff8000000000000
core   0: 0x0000000080004cc4 (0xf2038953) fmv.d.x fs2, t2
core   0: 1 0x0000000080004cc4 (0xf2038953) f18 0x000000000000021a
core   0: 0x0000000080004cc8 (0x23d906d3) fsgnj.d fa3, fs2, ft9
core   0: 1 0x0000000080004cc8 (0x23d906d3) f13 0x000000000000021a
core   0: 0x0000000080004ccc (0x00000001) c.nop
core   0: 1 0x0000000080004ccc (0x0001)
core   0: 0x0000000080004cce (0xc02b78d3) fcvt.l.s a7, fs6
core   0: 1 0x0000000080004cce (0xc02b78d3) c1_fflags 0x0000000000000011 x17 0x7fffffffffffffff
core   0: 0x0000000080004cd2 (0x018c6d33) or      s10, s8, s8
core   0: 1 0x0000000080004cd2 (0x018c6d33) x26 0xffffffffffffffff
core   0: 0x0000000080004cd6 (0x018c0eb3) add     t4, s8, s8
core   0: 1 0x0000000080004cd6 (0x018c0eb3) x29 0xfffffffffffffffe
core   0: 0x0000000080004cda (0xd2038cd3) fcvt.d.w fs9, t2
core   0: 1 0x0000000080004cda (0xd2038cd3) f25 0x4080d00000000000
core   0: 0x0000000080004cde (0x00000001) c.nop
core   0: 1 0x0000000080004cde (0x0001)
core   0: 0x0000000080004ce0 (0x41ac8933) sub     s2, s9, s10
core   0: 1 0x0000000080004ce0 (0x41ac8933) x18 0xfffffffffffffbe3
core   0: 0x0000000080004ce4 (0x400c8693) addi    a3, s9, 1024
core   0: 1 0x0000000080004ce4 (0x400c8693) x13 0xffffffffffffffe2
core   0: 0x0000000080004ce8 (0x00000001) c.nop
core   0: 1 0x0000000080004ce8 (0x0001)
core   0: 0x0000000080004cea (0x0167073b) addw    a4, a4, s6
core   0: 1 0x0000000080004cea (0x0167073b) x14 0x0000000000000002
core   0: 0x0000000080004cee (0xf2f97bc7) fmsub.d fs7, fs2, fa5, ft10
core   0: 1 0x0000000080004cee (0xf2f97bc7) f23 0x7ff8000000000000
core   0: 0x0000000080004cf2 (0xd21b0953) fcvt.d.wu fs2, s6
core   0: 1 0x0000000080004cf2 (0xd21b0953) f18 0x0000000000000000
core   0: 0x0000000080004cf6 (0x22b115d3) fsgnjn.d fa1, ft2, fa1
core   0: 1 0x0000000080004cf6 (0x22b115d3) f11 0xfff8000000000000
core   0: 0x0000000080004cfa (0x029a0d33) mul     s10, s4, s1
core   0: 1 0x0000000080004cfa (0x029a0d33) x26 0x0000000000000000
core   0: 0x0000000080004cfe (0x2b928fd3) fmin.d  ft11, ft5, fs9
core   0: 1 0x0000000080004cfe (0x2b928fd3) f31 0x4080d00000000000
core   0: 0x0000000080004d02 (0x01f4d61b) srliw   a2, s1, 31
core   0: 1 0x0000000080004d02 (0x01f4d61b) x12 0x0000000000000000
core   0: 0x0000000080004d06 (0x40cd0533) sub     a0, s10, a2
core   0: 1 0x0000000080004d06 (0x40cd0533) x10 0x0000000000000000
core   0: 0x0000000080004d0a (0x8008c313) xori    t1, a7, -2048
core   0: 1 0x0000000080004d0a (0x8008c313) x6  0x80000000000007ff
core   0: 0x0000000080004d0e (0x020561bb) remw    gp, a0, zero
core   0: 1 0x0000000080004d0e (0x020561bb) x3  0x0000000000000000
core   0: 0x0000000080004d12 (0x03047033) remu    zero, s0, a6
core   0: 1 0x0000000080004d12 (0x03047033)
core   0: 0x0000000080004d16 (0x0151d8bb) srlw    a7, gp, s5
core   0: 1 0x0000000080004d16 (0x0151d8bb) x17 0x0000000000000000
core   0: 0x0000000080004d1a (0x22ffae53) fsgnjx.d ft8, ft11, fa5
core   0: 1 0x0000000080004d1a (0x22ffae53) f28 0x4080d00000000000
core   0: 0x0000000080004d1e (0x006b76b3) and     a3, s6, t1
core   0: 1 0x0000000080004d1e (0x006b76b3) x13 0x0000000000000000
core   0: 0x0000000080004d22 (0x4005d59b) sraiw   a1, a1, 0
core   0: 1 0x0000000080004d22 (0x4005d59b) x11 0x000000007b0e13f3
core   0: 0x0000000080004d26 (0x4006dc9b) sraiw   s9, a3, 0
core   0: 1 0x0000000080004d26 (0x4006dc9b) x25 0x0000000000000000
core   0: 0x0000000080004d2a (0x0191d1bb) srlw    gp, gp, s9
core   0: 1 0x0000000080004d2a (0x0191d1bb) x3  0x0000000000000000
core   0: 0x0000000080004d2e (0x10a2f073) csrrci  zero, senvcfg, 5
core   0: 1 0x0000000080004d2e (0x10a2f073) c266_senvcfg 0x0000000000000000
core   0: 0x0000000080004d32 (0x95688d93) addi    s11, a7, -1706
core   0: 1 0x0000000080004d32 (0x95688d93) x27 0xfffffffffffff956
core   0: 0x0000000080004d36 (0x000096b6) c.add   a3, a3
core   0: 1 0x0000000080004d36 (0x96b6) x13 0x0000000000000000
core   0: 0x0000000080004d38 (0x02175d13) srli    s10, a4, 33
core   0: 1 0x0000000080004d38 (0x02175d13) x26 0x0000000000000000
core   0: 0x0000000080004d3c (0x00000001) c.nop
core   0: 1 0x0000000080004d3c (0x0001)
core   0: 0x0000000080004d3e (0x01f4949b) slliw   s1, s1, 31
core   0: 1 0x0000000080004d3e (0x01f4949b) x9  0x0000000000000000
core   0: 0x0000000080004d42 (0x433d5913) srai    s2, s10, 51
core   0: 1 0x0000000080004d42 (0x433d5913) x18 0x0000000000000000
core   0: 0x0000000080004d46 (0x1955e093) ori     ra, a1, 405
core   0: 1 0x0000000080004d46 (0x1955e093) x1  0x000000007b0e13f7
core   0: 0x0000000080004d4a (0x0298e03b) remw    zero, a7, s1
core   0: 1 0x0000000080004d4a (0x0298e03b)
core   0: 0x0000000080004d4e (0xd2108453) fcvt.d.wu fs0, ra
core   0: 1 0x0000000080004d4e (0xd2108453) f8  0x41dec384fdc00000
core   0: 0x0000000080004d52 (0x00a0d23b) srlw    tp, ra, a0
core   0: 1 0x0000000080004d52 (0x00a0d23b) x4  0x000000007b0e13f7
core   0: 0x0000000080004d56 (0x02401e93) slli    t4, zero, 36
core   0: 1 0x0000000080004d56 (0x02401e93) x29 0x0000000000000000
core   0: 0x0000000080004d5a (0x02c4e4b7) lui     s1, 0x2c4e
core   0: 1 0x0000000080004d5a (0x02c4e4b7) x9  0x0000000002c4e000
core   0: 0x0000000080004d5e (0x5494849b) addiw   s1, s1, 1353
core   0: 1 0x0000000080004d5e (0x5494849b) x9  0x0000000002c4e549
core   0: 0x0000000080004d62 (0x000004b2) c.slli  s1, 12
core   0: 1 0x0000000080004d62 (0x04b2) x9  0x0000002c4e549000
core   0: 0x0000000080004d64 (0x7b848493) addi    s1, s1, 1976
core   0: 1 0x0000000080004d64 (0x7b848493) x9  0x0000002c4e5497b8
core   0: 0x0000000080004d68 (0xc212f953) fcvt.wu.d s2, ft5
core   0: 1 0x0000000080004d68 (0xc212f953) c1_fflags 0x0000000000000011 x18 0xffffffffffffffff
core   0: 0x0000000080004d6c (0x41b6d6bb) sraw    a3, a3, s11
core   0: 1 0x0000000080004d6c (0x41b6d6bb) x13 0x0000000000000000
core   0: 0x0000000080004d70 (0x03bdda3b) divuw   s4, s11, s11
core   0: 1 0x0000000080004d70 (0x03bdda3b) x20 0x0000000000000001
core   0: 0x0000000080004d74 (0x02c8d213) srli    tp, a7, 44
core   0: 1 0x0000000080004d74 (0x02c8d213) x4  0x0000000000000000
core   0: 0x0000000080004d78 (0x00202cf3) csrrs   s9, frm, zero
core   0: 1 0x0000000080004d78 (0x00202cf3) x25 0x0000000000000000
core   0: 0x0000000080004d7c (0x98067693) andi    a3, a2, -1664
core   0: 1 0x0000000080004d7c (0x98067693) x13 0x0000000000000000
core   0: 0x0000000080004d80 (0x2acf8a53) fmin.d  fs4, ft11, fa2
core   0: 1 0x0000000080004d80 (0x2acf8a53) f20 0x4080d00000000000
core   0: 0x0000000080004d84 (0xd20c8153) fcvt.d.w ft2, s9
core   0: 1 0x0000000080004d84 (0xd20c8153) f2  0x0000000000000000
core   0: 0x0000000080004d88 (0x0a8f7453) fsub.d  fs0, ft10, fs0
core   0: 1 0x0000000080004d88 (0x0a8f7453) f8  0x7ff8000000000000
core   0: 0x0000000080004d8c (0x40ac53bb) sraw    t2, s8, a0
core   0: 1 0x0000000080004d8c (0x40ac53bb) x7  0xffffffffffffffff
core   0: 0x0000000080004d90 (0x0063e833) or      a6, t2, t1
core   0: 1 0x0000000080004d90 (0x0063e833) x16 0xffffffffffffffff
core   0: 0x0000000080004d94 (0x02da8ab3) mul     s5, s5, a3
core   0: 1 0x0000000080004d94 (0x02da8ab3) x21 0x0000000000000000
core   0: 0x0000000080004d98 (0x409a89bb) subw    s3, s5, s1
core   0: 1 0x0000000080004d98 (0x409a89bb) x19 0xffffffffb1ab6848
core   0: 0x0000000080004d9c (0xc035f0d3) fcvt.lu.s ra, fa1
core   0: 1 0x0000000080004d9c (0xc035f0d3) c1_fflags 0x0000000000000011 x1  0xffffffffffffffff
core   0: 0x0000000080004da0 (0x0000177e) c.slli  a4, 63
core   0: 1 0x0000000080004da0 (0x177e) x14 0x0000000000000000
core   0: 0x0000000080004da2 (0x226b2153) fsgnjx.d ft2, fs6, ft6
core   0: 1 0x0000000080004da2 (0x226b2153) f2  0x7ff8000000000000
core   0: 0x0000000080004da6 (0x01695a3b) srlw    s4, s2, s6
core   0: 1 0x0000000080004da6 (0x01695a3b) x20 0xffffffffffffffff
core   0: 0x0000000080004daa (0x0000941a) c.add   s0, t1
core   0: 1 0x0000000080004daa (0x941a) x8  0x80000000000007ff
core   0: 0x0000000080004dac (0x40f6d4bb) sraw    s1, a3, a5
core   0: 1 0x0000000080004dac (0x40f6d4bb) x9  0x0000000000000000
core   0: 0x0000000080004db0 (0xc23d7e53) fcvt.lu.d t3, fs10
core   0: 1 0x0000000080004db0 (0xc23d7e53) c1_fflags 0x0000000000000011 x28 0xffffffffffffffff
core   0: 0x0000000080004db4 (0x4004de9b) sraiw   t4, s1, 0
core   0: 1 0x0000000080004db4 (0x4004de9b) x29 0x0000000000000000
core   0: 0x0000000080004db8 (0x00000001) c.nop
core   0: 1 0x0000000080004db8 (0x0001)
core   0: 0x0000000080004dba (0x2b5b0c53) fmin.d  fs8, fs6, fs5
core   0: 1 0x0000000080004dba (0x2b5b0c53) f24 0x7ff8000000000000
core   0: 0x0000000080004dbe (0x03aed0bb) divuw   ra, t4, s10
core   0: 1 0x0000000080004dbe (0x03aed0bb) x1  0xffffffffffffffff
core   0: 0x0000000080004dc2 (0x00ee5a13) srli    s4, t3, 14
core   0: 1 0x0000000080004dc2 (0x00ee5a13) x20 0x0003ffffffffffff
core   0: 0x0000000080004dc6 (0x3294fac7) fmsub.d fs5, fs1, fs1, ft6
core   0: 1 0x0000000080004dc6 (0x3294fac7) f21 0x7ff8000000000000
core   0: 0x0000000080004dca (0x000e9d1b) slliw   s10, t4, 0
core   0: 1 0x0000000080004dca (0x000e9d1b) x26 0x0000000000000000
core   0: 0x0000000080004dce (0x01dc8cbb) addw    s9, s9, t4
core   0: 1 0x0000000080004dce (0x01dc8cbb) x25 0x0000000000000000
core   0: 0x0000000080004dd2 (0x001c8913) addi    s2, s9, 1
core   0: 1 0x0000000080004dd2 (0x001c8913) x18 0x0000000000000001
core   0: 0x0000000080004dd6 (0x140fe2f3) csrrsi  t0, sscratch, 31
core   0: 1 0x0000000080004dd6 (0x140fe2f3) x5  0x0000000000000000 c320_sscratch 0x000000000000001f
core   0: 0x0000000080004dda (0xc02af253) fcvt.l.s tp, fs5
core   0: 1 0x0000000080004dda (0xc02af253) c1_fflags 0x0000000000000011 x4  0x7fffffffffffffff
core   0: 0x0000000080004dde (0xd2090bd3) fcvt.d.w fs7, s2
core   0: 1 0x0000000080004dde (0xd2090bd3) f23 0x3ff0000000000000
core   0: 0x0000000080004de2 (0x00b901b3) add     gp, s2, a1
core   0: 1 0x0000000080004de2 (0x00b901b3) x3  0x000000007b0e13f4
core   0: 0x0000000080004de6 (0xc0267bd3) fcvt.l.s s7, fa2
core   0: 1 0x0000000080004de6 (0xc0267bd3) c1_fflags 0x0000000000000011 x23 0x7fffffffffffffff
core   0: 0x0000000080004dea (0xd232f153) fcvt.d.lu ft2, t0
core   0: 1 0x0000000080004dea (0xd232f153) f2  0x0000000000000000
core   0: 0x0000000080004dee (0x0221ddbb) divuw   s11, gp, sp
core   0: 1 0x0000000080004dee (0x0221ddbb) x27 0x0000000000000009
core   0: 0x0000000080004df2 (0x9e937a93) andi    s5, t1, -1559
core   0: 1 0x0000000080004df2 (0x9e937a93) x21 0x80000000000001e9
core   0: 0x0000000080004df6 (0x0ff0000f) fence   iorw,iorw
core   0: 1 0x0000000080004df6 (0x0ff0000f)
core   0: 0x0000000080004dfa (0x1b3e7e53) fdiv.d  ft8, ft8, fs3
core   0: 1 0x0000000080004dfa (0x1b3e7e53) c1_fflags 0x0000000000000011 f28 0xbe90d009dc8648c1
core   0: 0x0000000080004dfe (0xd21e0253) fcvt.d.wu ft4, t3
core   0: 1 0x0000000080004dfe (0xd21e0253) f4  0x41efffffffe00000
core   0: 0x0000000080004e02 (0x227b03d3) fsgnj.d ft7, fs6, ft7
core   0: 1 0x0000000080004e02 (0x227b03d3) f7  0x7ff8000000000000
core   0: 0x0000000080004e06 (0x019740b3) xor     ra, a4, s9
core   0: 1 0x0000000080004e06 (0x019740b3) x1  0x0000000000000000
core   0: 0x0000000080004e0a (0x1293fdd3) fmul.d  fs11, ft7, fs1
core   0: 1 0x0000000080004e0a (0x1293fdd3) f27 0x7ff8000000000000
core   0: 0x0000000080004e0e (0x001a999b) slliw   s3, s5, 1
core   0: 1 0x0000000080004e0e (0x001a999b) x19 0x00000000000003d2
core   0: 0x0000000080004e12 (0x41c5d533) sra     a0, a1, t3
core   0: 1 0x0000000080004e12 (0x41c5d533) x10 0x0000000000000000
core   0: 0x0000000080004e16 (0x016693b3) sll     t2, a3, s6
core   0: 1 0x0000000080004e16 (0x016693b3) x7  0x0000000000000000
core   0: 0x0000000080004e1a (0x01232333) slt     t1, t1, s2
core   0: 1 0x0000000080004e1a (0x01232333) x6  0x0000000000000001
core   0: 0x0000000080004e1e (0x2bf49453) fmax.d  fs0, fs1, ft11
core   0: 1 0x0000000080004e1e (0x2bf49453) f8  0x4080d00000000000
core   0: 0x0000000080004e22 (0x01309a33) sll     s4, ra, s3
core   0: 1 0x0000000080004e22 (0x01309a33) x20 0x0000000000000000
core   0: 0x0000000080004e26 (0x034c0c33) mul     s8, s8, s4
core   0: 1 0x0000000080004e26 (0x034c0c33) x24 0x0000000000000000
core   0: 0x0000000080004e2a (0x039800b3) mul     ra, a6, s9
core   0: 1 0x0000000080004e2a (0x039800b3) x1  0x0000000000000000
core   0: 0x0000000080004e2e (0x5a047dd3) fsqrt.d fs11, fs0
core   0: 1 0x0000000080004e2e (0x5a047dd3) c1_fflags 0x0000000000000011 f27 0x403731e02ed21f20
core   0: 0x0000000080004e32 (0x12e47fd3) fmul.d  ft11, fs0, fa4
core   0: 1 0x0000000080004e32 (0x12e47fd3) f31 0x0000000000000000
core   0: 0x0000000080004e36 (0x7ff07393) andi    t2, zero, 2047
core   0: 1 0x0000000080004e36 (0x7ff07393) x7  0x0000000000000000
core   0: 0x0000000080004e3a (0x5a077b53) fsqrt.d fs6, fa4
core   0: 1 0x0000000080004e3a (0x5a077b53) f22 0x0000000000000000
core   0: 0x0000000080004e3e (0xd220f453) fcvt.d.l fs0, ra
core   0: 1 0x0000000080004e3e (0xd220f453) f8  0x0000000000000000
core   0: 0x0000000080004e42 (0x03d66733) rem     a4, a2, t4
core   0: 1 0x0000000080004e42 (0x03d66733) x14 0x0000000000000000
core   0: 0x0000000080004e46 (0x02b7b7b3) mulhu   a5, a5, a1
core   0: 1 0x0000000080004e46 (0x02b7b7b3) x15 0x0000000000000000
core   0: 0x0000000080004e4a (0x00102af3) csrrs   s5, fflags, zero
core   0: 1 0x0000000080004e4a (0x00102af3) x21 0x0000000000000011
core   0: 0x0000000080004e4e (0x5f39fb13) andi    s6, s3, 1523
core   0: 1 0x0000000080004e4e (0x5f39fb13) x22 0x00000000000001d2
core   0: 0x0000000080004e52 (0x000dd19b) srliw   gp, s11, 0
core   0: 1 0x0000000080004e52 (0x000dd19b) x3  0x0000000000000009
core   0: 0x0000000080004e56 (0x001022f3) csrrs   t0, fflags, zero
core   0: 1 0x0000000080004e56 (0x001022f3) x5  0x0000000000000011
core   0: 0x0000000080004e5a (0xc026fad3) fcvt.l.s s5, fa3
core   0: 1 0x0000000080004e5a (0xc026fad3) c1_fflags 0x0000000000000011 x21 0x7fffffffffffffff
core   0: 0x0000000080004e5e (0x0a1a7ad3) fsub.d  fs5, fs4, ft1
core   0: 1 0x0000000080004e5e (0x0a1a7ad3) f21 0x4080d00000000000
core   0: 0x0000000080004e62 (0xc020f1d3) fcvt.l.s gp, ft1
core   0: 1 0x0000000080004e62 (0xc020f1d3) c1_fflags 0x0000000000000011 x3  0x7fffffffffffffff
core   0: 0x0000000080004e66 (0xc025b6f3) csrrc   a3, instret, a1
core   0: exception trap_illegal_instruction, epc 0x0000000080004e66
core   0:           tval 0x00000000c025b6f3
core   0: >>>>  $xrv64i2p1_m2p0_a2p1_f2p2_d2p2_zicsr2p0_zifencei2p0_zmmul1p0_zba1p0_zbb1p0_zbc1p0_zbs1p0
core   0: 0x0000000080004000 (0x0080006f) j       pc + 0x8
core   0: 3 0x0000000080004000 (0x0080006f)
core   0: >>>>  mmode_exception_handler
core   0: 0x0000000080004008 (0x00002c17) auipc   s8, 0x2
core   0: 3 0x0000000080004008 (0x00002c17) x24 0x0000000080006008
core   0: 0x000000008000400c (0x002c0c13) addi    s8, s8, 2
core   0: 3 0x000000008000400c (0x002c0c13) x24 0x000000008000600a
core   0: 0x0000000080004010 (0x000c00e7) jalr    s8
core   0: 3 0x0000000080004010 (0x000c00e7) x1  0x0000000080004014
core   0: >>>>  any_handler
core   0: 0x000000008000600a (0x341027f3) csrrs   a5, mepc, zero
core   0: 3 0x000000008000600a (0x341027f3) x15 0x0000000080004e66
core   0: 0x000000008000600e (0x34202773) csrrs   a4, mcause, zero
core   0: 3 0x000000008000600e (0x34202773) x14 0x0000000000000002
core   0: 0x0000000080006012 (0x142026f3) csrrs   a3, scause, zero
core   0: 3 0x0000000080006012 (0x142026f3) x13 0x0000000000000000
core   0: 0x0000000080006016 (0x30402673) csrrs   a2, mie, zero
core   0: 3 0x0000000080006016 (0x30402673) x12 0x0000000000000a00
core   0: 0x000000008000601a (0x344025f3) csrrs   a1, mip, zero
core   0: 3 0x000000008000601a (0x344025f3) x11 0x0000000000000080
core   0: 0x000000008000601e (0x343025f3) csrrs   a1, mtval, zero
core   0: 3 0x000000008000601e (0x343025f3) x11 0x00000000c025b6f3
core   0: 0x0000000080006022 (0x14302573) csrrs   a0, stval, zero
core   0: 3 0x0000000080006022 (0x14302573) x10 0x0000000000000000
core   0: 0x0000000080006026 (0xb02024f3) csrrs   s1, minstret, zero
core   0: 3 0x0000000080006026 (0xb02024f3) x9  0x0000000000000c50
core   0: 0x000000008000602a (0x0000a811) c.j     pc + 20
core   0: 3 0x000000008000602a (0xa811)
core   0: >>>>  mepc_4
core   0: 0x000000008000603e (0x00000791) c.addi  a5, 4
core   0: 3 0x000000008000603e (0x0791) x15 0x0000000080004e6a
core   0: 0x0000000080006040 (0x34179073) csrrw   zero, mepc, a5
core   0: 3 0x0000000080006040 (0x34179073) c833_mepc 0x0000000080004e6a
core   0: 0x0000000080006044 (0x30200073) mret
core   0: 3 0x0000000080006044 (0x30200073) c768_mstatus 0x8000000a00106080
core   0: 0x0000000080004e6a (0x034c0cbb) mulw    s9, s8, s4
core   0: 1 0x0000000080004e6a (0x034c0cbb) x25 0x0000000000000000
core   0: 0x0000000080004e6e (0xa3509753) flt.d   a4, ft1, fs5
core   0: 1 0x0000000080004e6e (0xa3509753) x14 0x0000000000000001
core   0: 0x0000000080004e72 (0x77f74993) xori    s3, a4, 1919
core   0: 1 0x0000000080004e72 (0x77f74993) x19 0x000000000000077e
core   0: 0x0000000080004e76 (0xd2070ed3) fcvt.d.w ft9, a4
core   0: 1 0x0000000080004e76 (0xd2070ed3) f29 0x3ff0000000000000
core   0: 0x0000000080004e7a (0x417b01b3) sub     gp, s6, s7
core   0: 1 0x0000000080004e7a (0x417b01b3) x3  0x80000000000001d3
core   0: 0x0000000080004e7e (0x12fb72d3) fmul.d  ft5, fs6, fa5
core   0: 1 0x0000000080004e7e (0x12fb72d3) f5  0x7ff8000000000000
core   0: 0x0000000080004e82 (0x87f6e493) ori     s1, a3, -1921
core   0: 1 0x0000000080004e82 (0x87f6e493) x9  0xfffffffffffff87f
core   0: 0x0000000080004e86 (0x0071c833) xor     a6, gp, t2
core   0: 1 0x0000000080004e86 (0x0071c833) x16 0x80000000000001d3
core   0: 0x0000000080004e8a (0x2a5f0ad3) fmin.d  fs5, ft10, ft5
core   0: 1 0x0000000080004e8a (0x2a5f0ad3) f21 0x7ff8000000000000
core   0: 0x0000000080004e8e (0xc202f5d3) fcvt.w.d a1, ft5
core   0: 1 0x0000000080004e8e (0xc202f5d3) c1_fflags 0x0000000000000011 x11 0x000000007fffffff
core   0: 0x0000000080004e92 (0x00102473) csrrs   s0, fflags, zero
core   0: 1 0x0000000080004e92 (0x00102473) x8  0x0000000000000011
core   0: 0x0000000080004e96 (0x4057d49b) sraiw   s1, a5, 5
core   0: 1 0x0000000080004e96 (0x4057d49b) x9  0xfffffffffc000273
core   0: 0x0000000080004e9a (0x01dd5d9b) srliw   s11, s10, 29
core   0: 1 0x0000000080004e9a (0x01dd5d9b) x27 0x0000000000000000
core   0: 0x0000000080004e9e (0x00109ef3) csrrw   t4, fflags, ra
core   0: 1 0x0000000080004e9e (0x00109ef3) x29 0x0000000000000011 c1_fflags 0x0000000000000014
core   0: 0x0000000080004ea2 (0x01d48133) add     sp, s1, t4
core   0: 1 0x0000000080004ea2 (0x01d48133) x2  0xfffffffffc000284
core   0: 0x0000000080004ea6 (0x0102fb33) and     s6, t0, a6
core   0: 1 0x0000000080004ea6 (0x0102fb33) x22 0x0000000000000011
core   0: 0x0000000080004eaa (0x5a01f7d3) fsqrt.d fa5, ft3
core   0: 1 0x0000000080004eaa (0x5a01f7d3) f15 0x7ff8000000000000
core   0: 0x0000000080004eae (0xc3ad8893) addi    a7, s11, -966
core   0: 1 0x0000000080004eae (0xc3ad8893) x17 0xfffffffffffffc3a
core   0: 0x0000000080004eb2 (0x00f30633) add     a2, t1, a5
core   0: 1 0x0000000080004eb2 (0x00f30633) x12 0x0000000080004e6b
core   0: 0x0000000080004eb6 (0x136df1d3) fmul.d  ft3, fs11, fs6
core   0: 1 0x0000000080004eb6 (0x136df1d3) f3  0x0000000000000000
core   0: 0x0000000080004eba (0x01219533) sll     a0, gp, s2
core   0: 1 0x0000000080004eba (0x01219533) x10 0x00000000000003a6
core   0: 0x0000000080004ebe (0x77189217) auipc   tp, 0x77189
core   0: 1 0x0000000080004ebe (0x77189217) x4  0x00000000f718debe
core   0: 0x0000000080004ec2 (0x01837433) and     s0, t1, s8
core   0: 1 0x0000000080004ec2 (0x01837433) x8  0x0000000000000000
core   0: 0x0000000080004ec6 (0x039cf33b) remuw   t1, s9, s9
core   0: 1 0x0000000080004ec6 (0x039cf33b) x6  0x0000000000000000
core   0: 0x0000000080004eca (0xc20f71d3) fcvt.w.d gp, ft10
core   0: 1 0x0000000080004eca (0xc20f71d3) c1_fflags 0x0000000000000014 x3  0x000000007fffffff
core   0: 0x0000000080004ece (0xd2018b53) fcvt.d.w fs6, gp
core   0: 1 0x0000000080004ece (0xd2018b53) f22 0x41dfffffffc00000
core   0: 0x0000000080004ed2 (0x2b619ed3) fmax.d  ft9, ft3, fs6
core   0: 1 0x0000000080004ed2 (0x2b619ed3) f29 0x41dfffffffc00000
core   0: 0x0000000080004ed6 (0x12a4f553) fmul.d  fa0, fs1, fa0
core   0: 1 0x0000000080004ed6 (0x12a4f553) f10 0x7ff8000000000000
core   0: 0x0000000080004eda (0x036aeb3b) remw    s6, s5, s6
core   0: 1 0x0000000080004eda (0x036aeb3b) x22 0xffffffffffffffff
core   0: 0x0000000080004ede (0x036e29b3) mulhsu  s3, t3, s6
core   0: 1 0x0000000080004ede (0x036e29b3) x19 0xffffffffffffffff
core   0: 0x0000000080004ee2 (0xc0257253) fcvt.l.s tp, fa0
core   0: 1 0x0000000080004ee2 (0xc0257253) c1_fflags 0x0000000000000014 x4  0x7fffffffffffffff
core   0: 0x0000000080004ee6 (0x0aa4f947) fmsub.d fs2, fs1, fa0, ft1
core   0: 1 0x0000000080004ee6 (0x0aa4f947) f18 0x7ff8000000000000
core   0: 0x0000000080004eea (0x0156c433) xor     s0, a3, s5
core   0: 1 0x0000000080004eea (0x0156c433) x8  0x7fffffffffffffff
core   0: 0x0000000080004eee (0xd024f1d3) fcvt.s.l ft3, s1
core   0: 1 0x0000000080004eee (0xd024f1d3) c1_fflags 0x0000000000000015 f3  0xffffffffcc7fff63
core   0: 0x0000000080004ef2 (0x032a5a3b) divuw   s4, s4, s2
core   0: 1 0x0000000080004ef2 (0x032a5a3b) x20 0x0000000000000000
core   0: 0x0000000080004ef6 (0x038384b3) mul     s1, t2, s8
core   0: 1 0x0000000080004ef6 (0x038384b3) x9  0x0000000000000000
core   0: 0x0000000080004efa (0x02c57653) fadd.d  fa2, fa0, fa2
core   0: 1 0x0000000080004efa (0x02c57653) f12 0x7ff8000000000000
core   0: 0x0000000080004efe (0xcb9ef2c7) fmsub.d ft5, ft9, fs9, fs9
core   0: 1 0x0000000080004efe (0xcb9ef2c7) f5  0x4270cfffffbcc000
core   0: 0x0000000080004f02 (0x80048513) addi    a0, s1, -2048
core   0: 1 0x0000000080004f02 (0x80048513) x10 0xfffffffffffff800
core   0: 0x0000000080004f06 (0xd20c0253) fcvt.d.w ft4, s8
core   0: 1 0x0000000080004f06 (0xd20c0253) f4  0xc1dfffe7fd800000
core   0: 0x0000000080004f0a (0x7aad4913) xori    s2, s10, 1962
core   0: 1 0x0000000080004f0a (0x7aad4913) x18 0x00000000000007aa
core   0: 0x0000000080004f0e (0x00202bf3) csrrs   s7, frm, zero
core   0: 1 0x0000000080004f0e (0x00202bf3) x23 0x0000000000000000
core   0: 0x0000000080004f12 (0x9e03e113) ori     sp, t2, -1568
core   0: 1 0x0000000080004f12 (0x9e03e113) x2  0xfffffffffffff9e0
core   0: 0x0000000080004f16 (0x3f37031b) addiw   t1, a4, 1011
core   0: 1 0x0000000080004f16 (0x3f37031b) x6  0x00000000000003f4
core   0: 0x0000000080004f1a (0x236822d3) fsgnjx.d ft5, fa6, fs6
core   0: 1 0x0000000080004f1a (0x236822d3) f5  0x7ff8000000000000
core   0: 0x0000000080004f1e (0xd22172d3) fcvt.d.l ft5, sp
core   0: 1 0x0000000080004f1e (0xd22172d3) f5  0xc098800000000000
core   0: 0x0000000080004f22 (0x2b6dfa43) fmadd.d fs4, fs11, fs6, ft5
core   0: 1 0x0000000080004f22 (0x2b6dfa43) c1_fflags 0x0000000000000015 f20 0x422731e02263bb60
core   0: 0x0000000080004f26 (0x2e2749b7) lui     s3, 0x2e274
core   0: 1 0x0000000080004f26 (0x2e2749b7) x19 0x000000002e274000
core   0: 0x0000000080004f2a (0x036b5db3) divu    s11, s6, s6
core   0: 1 0x0000000080004f2a (0x036b5db3) x27 0x0000000000000001
core   0: 0x0000000080004f2e (0x0051111b) slliw   sp, sp, 5
core   0: 1 0x0000000080004f2e (0x0051111b) x2  0xffffffffffff3c00
core   0: 0x0000000080004f32 (0x007d0d3b) addw    s10, s10, t2
core   0: 1 0x0000000080004f32 (0x007d0d3b) x26 0x0000000000000000
core   0: 0x0000000080004f36 (0x022dae33) mulhsu  t3, s11, sp
core   0: 1 0x0000000080004f36 (0x022dae33) x28 0x0000000000000000
core   0: 0x0000000080004f3a (0x333d7d13) andi    s10, s10, 819
core   0: 1 0x0000000080004f3a (0x333d7d13) x26 0x0000000000000000
core   0: 0x0000000080004f3e (0x03adadb3) mulhsu  s11, s11, s10
core   0: 1 0x0000000080004f3e (0x03adadb3) x27 0x0000000000000000
core   0: 0x0000000080004f42 (0xc03df553) fcvt.lu.s a0, fs11
core   0: 1 0x0000000080004f42 (0xc03df553) c1_fflags 0x0000000000000015 x10 0xffffffffffffffff
core   0: 0x0000000080004f46 (0x033663b3) rem     t2, a2, s3
core   0: 1 0x0000000080004f46 (0x033663b3) x7  0x0000000023b1ce6b
core   0: 0x0000000080004f4a (0x037bf1bb) remuw   gp, s7, s7
core   0: 1 0x0000000080004f4a (0x037bf1bb) x3  0x0000000000000000
core   0: 0x0000000080004f4e (0xc02a7153) fcvt.l.s sp, fs4
core   0: 1 0x0000000080004f4e (0xc02a7153) c1_fflags 0x0000000000000015 x2  0x7fffffffffffffff
core   0: 0x0000000080004f52 (0xa302a653) feq.d   a2, ft5, fa6
core   0: 1 0x0000000080004f52 (0xa302a653) x12 0x0000000000000000
core   0: 0x0000000080004f56 (0x2a5a0cd3) fmin.d  fs9, fs4, ft5
core   0: 1 0x0000000080004f56 (0x2a5a0cd3) f25 0xc098800000000000
core   0: 0x0000000080004f5a (0x00111c93) slli    s9, sp, 1
core   0: 1 0x0000000080004f5a (0x00111c93) x25 0xfffffffffffffffe
core   0: 0x0000000080004f5e (0x012cf633) and     a2, s9, s2
core   0: 1 0x0000000080004f5e (0x012cf633) x12 0x00000000000007aa
core   0: 0x0000000080004f62 (0x9b29f047) fmsub.d ft0, fs3, fs2, fs3
core   0: 1 0x0000000080004f62 (0x9b29f047) f0  0x7ff8000000000000
core   0: 0x0000000080004f66 (0x16cb6213) ori     tp, s6, 364
core   0: 1 0x0000000080004f66 (0x16cb6213) x4  0xffffffffffffffff
core   0: 0x0000000080004f6a (0x02463733) mulhu   a4, a2, tp
core   0: 1 0x0000000080004f6a (0x02463733) x14 0x00000000000007a9
core   0: 0x0000000080004f6e (0x0062529b) srliw   t0, tp, 6
core   0: 1 0x0000000080004f6e (0x0062529b) x5  0x0000000003ffffff
core   0: 0x0000000080004f72 (0x23302f53) fsgnjx.d ft10, ft0, fs3
core   0: 1 0x0000000080004f72 (0x23302f53) f30 0xfff8000000000000
core   0: 0x0000000080004f76 (0x00290233) add     tp, s2, sp
core   0: 1 0x0000000080004f76 (0x00290233) x4  0x80000000000007a9
core   0: 0x0000000080004f7a (0x005ddd93) srli    s11, s11, 5
core   0: 1 0x0000000080004f7a (0x005ddd93) x27 0x0000000000000000
core   0: 0x0000000080004f7e (0x002027f3) csrrs   a5, frm, zero
core   0: 1 0x0000000080004f7e (0x002027f3) x15 0x0000000000000000
core   0: 0x0000000080004f82 (0x40105813) srai    a6, zero, 1
core   0: 1 0x0000000080004f82 (0x40105813) x16 0x0000000000000000
core   0: 0x0000000080004f86 (0x03d80dbb) mulw    s11, a6, t4
core   0: 1 0x0000000080004f86 (0x03d80dbb) x27 0x0000000000000000
core   0: 0x0000000080004f8a (0xd03a7cd3) fcvt.s.lu fs9, s4
core   0: 1 0x0000000080004f8a (0xd03a7cd3) f25 0xffffffff00000000
core   0: 0x0000000080004f8e (0x03b2723b) remuw   tp, tp, s11
core   0: 1 0x0000000080004f8e (0x03b2723b) x4  0x00000000000007a9
core   0: 0x0000000080004f92 (0x36290913) addi    s2, s2, 866
core   0: 1 0x0000000080004f92 (0x36290913) x18 0x0000000000000b0c
core   0: 0x0000000080004f96 (0x400903b3) sub     t2, s2, zero
core   0: 1 0x0000000080004f96 (0x400903b3) x7  0x0000000000000b0c
core   0: 0x0000000080004f9a (0x02bcf1bb) remuw   gp, s9, a1
core   0: 1 0x0000000080004f9a (0x02bcf1bb) x3  0x0000000000000000
core   0: 0x0000000080004f9e (0x40435a33) sra     s4, t1, tp
core   0: 1 0x0000000080004f9e (0x40435a33) x20 0x0000000000000000
core   0: 0x0000000080004fa2 (0x0341c0b3) div     ra, gp, s4
core   0: 1 0x0000000080004fa2 (0x0341c0b3) x1  0xffffffffffffffff
core   0: 0x0000000080004fa6 (0x02b5e4b7) lui     s1, 0x2b5e
core   0: 1 0x0000000080004fa6 (0x02b5e4b7) x9  0x0000000002b5e000
core   0: 0x0000000080004faa (0xebb4849b) addiw   s1, s1, -325
core   0: 1 0x0000000080004faa (0xebb4849b) x9  0x0000000002b5debb
core   0: 0x0000000080004fae (0x000004b6) c.slli  s1, 13
core   0: 1 0x0000000080004fae (0x04b6) x9  0x00000056bbd76000
core   0: 0x0000000080004fb0 (0x98348493) addi    s1, s1, -1661
core   0: 1 0x0000000080004fb0 (0x98348493) x9  0x00000056bbd75983
core   0: 0x0000000080004fb4 (0x229c0d53) fsgnj.d fs10, fs8, fs1
core   0: 1 0x0000000080004fb4 (0x229c0d53) f26 0x7ff8000000000000
core   0: 0x0000000080004fb8 (0x1afd79d3) fdiv.d  fs3, fs10, fa5
core   0: 1 0x0000000080004fb8 (0x1afd79d3) f19 0x7ff8000000000000
core   0: 0x0000000080004fbc (0x434a5413) srai    s0, s4, 52
core   0: 1 0x0000000080004fbc (0x434a5413) x8  0x0000000000000000
core   0: 0x0000000080004fc0 (0xf3ab7b47) fmsub.d fs6, fs6, fs10, ft10
core   0: 1 0x0000000080004fc0 (0xf3ab7b47) f22 0x7ff8000000000000
core   0: 0x0000000080004fc4 (0x03a45a3b) divuw   s4, s0, s10
core   0: 1 0x0000000080004fc4 (0x03a45a3b) x20 0xffffffffffffffff
core   0: 0x0000000080004fc8 (0x001a0e1b) addiw   t3, s4, 1
core   0: 1 0x0000000080004fc8 (0x001a0e1b) x28 0x0000000000000000
core   0: 0x0000000080004fcc (0x00190893) addi    a7, s2, 1
core   0: 1 0x0000000080004fcc (0x00190893) x17 0x0000000000000b0d
core   0: 0x0000000080004fd0 (0x00000001) c.nop
core   0: 1 0x0000000080004fd0 (0x0001)
core   0: 0x0000000080004fd2 (0xa4816e37) lui     t3, 0xa4816
core   0: 1 0x0000000080004fd2 (0xa4816e37) x28 0xffffffffa4816000
core   0: 0x0000000080004fd6 (0xc23d7753) fcvt.lu.d a4, fs10
core   0: 1 0x0000000080004fd6 (0xc23d7753) c1_fflags 0x0000000000000015 x14 0xffffffffffffffff
core   0: 0x0000000080004fda (0x6bb5e513) ori     a0, a1, 1723
core   0: 1 0x0000000080004fda (0x6bb5e513) x10 0x000000007fffffff
core   0: 0x0000000080004fde (0xf1395b73) csrrwi  s6, mimpid, 18
core   0: exception trap_illegal_instruction, epc 0x0000000080004fde
core   0:           tval 0x00000000f1395b73
core   0: >>>>  $xrv64i2p1_m2p0_a2p1_f2p2_d2p2_zicsr2p0_zifencei2p0_zmmul1p0_zba1p0_zbb1p0_zbc1p0_zbs1p0
core   0: 0x0000000080004000 (0x0080006f) j       pc + 0x8
core   0: 3 0x0000000080004000 (0x0080006f)
core   0: >>>>  mmode_exception_handler
core   0: 0x0000000080004008 (0x00002c17) auipc   s8, 0x2
core   0: 3 0x0000000080004008 (0x00002c17) x24 0x0000000080006008
core   0: 0x000000008000400c (0x002c0c13) addi    s8, s8, 2
core   0: 3 0x000000008000400c (0x002c0c13) x24 0x000000008000600a
core   0: 0x0000000080004010 (0x000c00e7) jalr    s8
core   0: 3 0x0000000080004010 (0x000c00e7) x1  0x0000000080004014
core   0: >>>>  any_handler
core   0: 0x000000008000600a (0x341027f3) csrrs   a5, mepc, zero
core   0: 3 0x000000008000600a (0x341027f3) x15 0x0000000080004fde
core   0: 0x000000008000600e (0x34202773) csrrs   a4, mcause, zero
core   0: 3 0x000000008000600e (0x34202773) x14 0x0000000000000002
core   0: 0x0000000080006012 (0x142026f3) csrrs   a3, scause, zero
core   0: 3 0x0000000080006012 (0x142026f3) x13 0x0000000000000000
core   0: 0x0000000080006016 (0x30402673) csrrs   a2, mie, zero
core   0: 3 0x0000000080006016 (0x30402673) x12 0x0000000000000a00
core   0: 0x000000008000601a (0x344025f3) csrrs   a1, mip, zero
core   0: 3 0x000000008000601a (0x344025f3) x11 0x0000000000000080
core   0: 0x000000008000601e (0x343025f3) csrrs   a1, mtval, zero
core   0: 3 0x000000008000601e (0x343025f3) x11 0x00000000f1395b73
core   0: 0x0000000080006022 (0x14302573) csrrs   a0, stval, zero
core   0: 3 0x0000000080006022 (0x14302573) x10 0x0000000000000000
core   0: 0x0000000080006026 (0xb02024f3) csrrs   s1, minstret, zero
core   0: 3 0x0000000080006026 (0xb02024f3) x9  0x0000000000000cbe
core   0: 0x000000008000602a (0x0000a811) c.j     pc + 20
core   0: 3 0x000000008000602a (0xa811)
core   0: >>>>  mepc_4
core   0: 0x000000008000603e (0x00000791) c.addi  a5, 4
core   0: 3 0x000000008000603e (0x0791) x15 0x0000000080004fe2
core   0: 0x0000000080006040 (0x34179073) csrrw   zero, mepc, a5
core   0: 3 0x0000000080006040 (0x34179073) c833_mepc 0x0000000080004fe2
core   0: 0x0000000080006044 (0x30200073) mret
core   0: 3 0x0000000080006044 (0x30200073) c768_mstatus 0x8000000a00106080
core   0: 0x0000000080004fe2 (0x007393b3) sll     t2, t2, t2
core   0: 1 0x0000000080004fe2 (0x007393b3) x7  0x0000000000b0c000
core   0: 0x0000000080004fe6 (0x0326e7bb) remw    a5, a3, s2
core   0: 1 0x0000000080004fe6 (0x0326e7bb) x15 0x0000000000000000
core   0: 0x0000000080004fea (0xc23b7ed3) fcvt.lu.d t4, fs6
core   0: 1 0x0000000080004fea (0xc23b7ed3) c1_fflags 0x0000000000000015 x29 0xffffffffffffffff
core   0: 0x0000000080004fee (0x5a067ad3) fsqrt.d fs5, fa2
core   0: 1 0x0000000080004fee (0x5a067ad3) f21 0x7ff8000000000000
core   0: 0x0000000080004ff2 (0x0ff0000f) fence   iorw,iorw
core   0: 1 0x0000000080004ff2 (0x0ff0000f)
core   0: 0x0000000080004ff6 (0x01796133) or      sp, s2, s7
core   0: 1 0x0000000080004ff6 (0x01796133) x2  0x0000000000000b0c
core   0: 0x0000000080004ffa (0x4116853b) subw    a0, a3, a7
core   0: 1 0x0000000080004ffa (0x4116853b) x10 0xfffffffffffff4f3
core   0: 0x0000000080004ffe (0x00102773) csrrs   a4, fflags, zero
core   0: 1 0x0000000080004ffe (0x00102773) x14 0x0000000000000015
core   0: 0x0000000080005002 (0x420c8a53) fcvt.d.s fs4, fs9
core   0: 1 0x0000000080005002 (0x420c8a53) f20 0x0000000000000000
core   0: 0x0000000080005006 (0xd035f3d3) fcvt.s.lu ft7, a1
core   0: 1 0x0000000080005006 (0xd035f3d3) c1_fflags 0x0000000000000015 f7  0xffffffff4f71395b
core   0: 0x000000008000500a (0xd21a8ad3) fcvt.d.wu fs5, s5
core   0: 1 0x000000008000500a (0xd21a8ad3) f21 0x41efffffffe00000
core   0: 0x000000008000500e (0x77513b17) auipc   s6, 0x77513
core   0: 1 0x000000008000500e (0x77513b17) x22 0x00000000f751800e
core   0: 0x0000000080005012 (0x4161d93b) sraw    s2, gp, s6
core   0: 1 0x0000000080005012 (0x4161d93b) x18 0x0000000000000000
core   0: 0x0000000080005016 (0x0b6b7b53) fsub.d  fs6, fs6, fs6
core   0: 1 0x0000000080005016 (0x0b6b7b53) f22 0x7ff8000000000000
core   0: 0x000000008000501a (0x02583833) mulhu   a6, a6, t0
core   0: 1 0x000000008000501a (0x02583833) x16 0x0000000000000000
core   0: 0x000000008000501e (0x01d854bb) srlw    s1, a6, t4
core   0: 1 0x000000008000501e (0x01d854bb) x9  0x0000000000000000
core   0: 0x0000000080005022 (0xfbe69b37) lui     s6, 0xfbe69
core   0: 1 0x0000000080005022 (0xfbe69b37) x22 0xfffffffffbe69000
core   0: 0x0000000080005026 (0xac9b0b1b) addiw   s6, s6, -1335
core   0: 1 0x0000000080005026 (0xac9b0b1b) x22 0xfffffffffbe68ac9
core   0: 0x000000008000502a (0x00000b32) c.slli  s6, 12
core   0: 1 0x000000008000502a (0x0b32) x22 0xffffffbe68ac9000
core   0: 0x000000008000502c (0xa61b0b13) addi    s6, s6, -1439
core   0: 1 0x000000008000502c (0xa61b0b13) x22 0xffffffbe68ac8a61
core   0: 0x0000000080005030 (0xaa10f0c3) fmadd.d ft1, ft1, ft1, fs5
core   0: 1 0x0000000080005030 (0xaa10f0c3) f1  0x41efffffffe00000
core   0: 0x0000000080005034 (0x00091d93) slli    s11, s2, 0
core   0: 1 0x0000000080005034 (0x00091d93) x27 0x0000000000000000
core   0: 0x0000000080005038 (0x052a7513) andi    a0, s4, 82
core   0: 1 0x0000000080005038 (0x052a7513) x10 0x0000000000000052
core   0: 0x000000008000503c (0x4015591b) sraiw   s2, a0, 1
core   0: 1 0x000000008000503c (0x4015591b) x18 0x0000000000000029
core   0: 0x0000000080005040 (0x40197dd3) fcvt.s.d fs11, fs2
core   0: 1 0x0000000080005040 (0x40197dd3) f27 0xffffffff7fc00000
core   0: 0x0000000080005044 (0x419e863b) subw    a2, t4, s9
core   0: 1 0x0000000080005044 (0x419e863b) x12 0x0000000000000001
core   0: 0x0000000080005048 (0x00c61abb) sllw    s5, a2, a2
core   0: 1 0x0000000080005048 (0x00c61abb) x21 0x0000000000000002
core   0: 0x000000008000504c (0x016506bb) addw    a3, a0, s6
core   0: 1 0x000000008000504c (0x016506bb) x13 0x0000000068ac8ab3
core   0: 0x0000000080005050 (0x23de1253) fsgnjn.d ft4, ft8, ft9
core   0: 1 0x0000000080005050 (0x23de1253) f4  0xbe90d009dc8648c1
core   0: 0x0000000080005054 (0x00000001) c.nop
core   0: 1 0x0000000080005054 (0x0001)
core   0: 0x0000000080005056 (0x98786c37) lui     s8, 0x98786
core   0: 1 0x0000000080005056 (0x98786c37) x24 0xffffffff98786000
core   0: 0x000000008000505a (0x004c80bb) addw    ra, s9, tp
core   0: 1 0x000000008000505a (0x004c80bb) x1  0x00000000000007a7
core   0: 0x000000008000505e (0xf6d16813) ori     a6, sp, -147
core   0: 1 0x000000008000505e (0xf6d16813) x16 0xffffffffffffff6d
core   0: 0x0000000080005062 (0x0308ad33) mulhsu  s10, a7, a6
core   0: 1 0x0000000080005062 (0x0308ad33) x26 0x0000000000000b0c
core   0: 0x0000000080005066 (0x02f93bb3) mulhu   s7, s2, a5
core   0: 1 0x0000000080005066 (0x02f93bb3) x23 0x0000000000000000
core   0: 0x000000008000506a (0xffcd3a37) lui     s4, 0xffcd3
core   0: 1 0x000000008000506a (0xffcd3a37) x20 0xffffffffffcd3000
core   0: 0x000000008000506e (0x721a0a1b) addiw   s4, s4, 1825
core   0: 1 0x000000008000506e (0x721a0a1b) x20 0xffffffffffcd3721
core   0: 0x0000000080005072 (0x00000a3a) c.slli  s4, 14
core   0: 1 0x0000000080005072 (0x0a3a) x20 0xfffffff34dc84000
core   0: 0x0000000080005074 (0xe94a0a13) addi    s4, s4, -364
core   0: 1 0x0000000080005074 (0xe94a0a13) x20 0xfffffff34dc83e94
core   0: 0x0000000080005078 (0x4007d013) srai    zero, a5, 0
core   0: 1 0x0000000080005078 (0x4007d013)
core   0: 0x000000008000507c (0x02f5e3b3) rem     t2, a1, a5
core   0: 1 0x000000008000507c (0x02f5e3b3) x7  0x00000000f1395b73
core   0: 0x0000000080005080 (0xd756e693) ori     a3, a3, -651
core   0: 1 0x0000000080005080 (0xd756e693) x13 0xfffffffffffffff7
core   0: 0x0000000080005084 (0x221af84f) fnmadd.d fa6, fs5, ft1, ft4
core   0: 1 0x0000000080005084 (0x221af84f) c1_fflags 0x0000000000000015 f16 0xc3efffffffc00000
core   0: 0x0000000080005088 (0x40bc0eb3) sub     t4, s8, a1
core   0: 1 0x0000000080005088 (0x40bc0eb3) x29 0xfffffffea73f048d
core   0: 0x000000008000508c (0x0110f133) and     sp, ra, a7
core   0: 1 0x000000008000508c (0x0110f133) x2  0x0000000000000305
core   0: 0x0000000080005090 (0xa24e8253) fle.d   tp, ft9, ft4
core   0: 1 0x0000000080005090 (0xa24e8253) x4  0x0000000000000000
core   0: 0x0000000080005094 (0x335df34b) fnmsub.d ft6, fs11, fs5, ft6
core   0: 1 0x0000000080005094 (0x335df34b) f6  0x7ff8000000000000
core   0: 0x0000000080005098 (0x4008d29b) sraiw   t0, a7, 0
core   0: 1 0x0000000080005098 (0x4008d29b) x5  0x0000000000000b0d
core   0: 0x000000008000509c (0x235af943) fmadd.d fs2, fs5, fs5, ft4
core   0: 1 0x000000008000509c (0x235af943) c1_fflags 0x0000000000000015 f18 0x43efffffffc00000
core   0: 0x00000000800050a0 (0x019ca4b3) slt     s1, s9, s9
core   0: 1 0x00000000800050a0 (0x019ca4b3) x9  0x0000000000000000
core   0: 0x00000000800050a4 (0x009bc533) xor     a0, s7, s1
core   0: 1 0x00000000800050a4 (0x009bc533) x10 0x0000000000000000
core   0: 0x00000000800050a8 (0x039b8233) mul     tp, s7, s9
core   0: 1 0x00000000800050a8 (0x039b8233) x4  0x0000000000000000
core   0: 0x00000000800050ac (0x03f85913) srli    s2, a6, 63
core   0: 1 0x00000000800050ac (0x03f85913) x18 0x0000000000000001
core   0: 0x00000000800050b0 (0xc2297853) fcvt.l.d a6, fs2
core   0: 1 0x00000000800050b0 (0xc2297853) c1_fflags 0x0000000000000015 x16 0x7fffffffffffffff
core   0: 0x00000000800050b4 (0x0011dc9b) srliw   s9, gp, 1
core   0: 1 0x00000000800050b4 (0x0011dc9b) x25 0x0000000000000000
core   0: 0x00000000800050b8 (0x410c823b) subw    tp, s9, a6
core   0: 1 0x00000000800050b8 (0x410c823b) x4  0x0000000000000001
core   0: 0x00000000800050bc (0x330dfdc7) fmsub.d fs11, fs11, fa6, ft6
core   0: 1 0x00000000800050bc (0x330dfdc7) f27 0x7ff8000000000000
core   0: 0x00000000800050c0 (0x0248d9b3) divu    s3, a7, tp
core   0: 1 0x00000000800050c0 (0x0248d9b3) x19 0x0000000000000b0d
core   0: 0x00000000800050c4 (0xc2187c53) fcvt.wu.d s8, fa6
core   0: 1 0x00000000800050c4 (0xc2187c53) c1_fflags 0x0000000000000015 x24 0x0000000000000000
core   0: 0x00000000800050c8 (0x02007e53) fadd.d  ft8, ft0, ft0
core   0: 1 0x00000000800050c8 (0x02007e53) f28 0x7ff8000000000000
core   0: 0x00000000800050cc (0x42078753) fcvt.d.s fa4, fa5
core   0: 1 0x00000000800050cc (0x42078753) f14 0x7ff8000000000000
core   0: 0x00000000800050d0 (0xfc540437) lui     s0, 0xfc540
core   0: 1 0x00000000800050d0 (0xfc540437) x8  0xfffffffffc540000
core   0: 0x00000000800050d4 (0xa814041b) addiw   s0, s0, -1407
core   0: 1 0x00000000800050d4 (0xa814041b) x8  0xfffffffffc53fa81
core   0: 0x00000000800050d8 (0x00000432) c.slli  s0, 12
core   0: 1 0x00000000800050d8 (0x0432) x8  0xffffffc53fa81000
core   0: 0x00000000800050da (0x6c140413) addi    s0, s0, 1729
core   0: 1 0x00000000800050da (0x6c140413) x8  0xffffffc53fa816c1
core   0: 0x00000000800050de (0xc2fc8c9b) addiw   s9, s9, -977
core   0: 1 0x00000000800050de (0xc2fc8c9b) x25 0xfffffffffffffc2f
core   0: 0x00000000800050e2 (0x41c2d013) srai    zero, t0, 28
core   0: 1 0x00000000800050e2 (0x41c2d013)
core   0: 0x00000000800050e6 (0x23120e53) fsgnj.d ft8, ft4, fa7
core   0: 1 0x00000000800050e6 (0x23120e53) f28 0x3e90d009dc8648c1
core   0: 0x00000000800050ea (0x22ed0d53) fsgnj.d fs10, fs10, fa4
core   0: 1 0x00000000800050ea (0x22ed0d53) f26 0x7ff8000000000000
core   0: 0x00000000800050ee (0xe20004d3) fmv.x.d s1, ft0
core   0: 1 0x00000000800050ee (0xe20004d3) x9  0x7ff8000000000000
core   0: 0x00000000800050f2 (0xd21c82d3) fcvt.d.wu ft5, s9
core   0: 1 0x00000000800050f2 (0xd21c82d3) f5  0x41efffff85e00000
core   0: 0x00000000800050f6 (0x128c7253) fmul.d  ft4, fs8, fs0
core   0: 1 0x00000000800050f6 (0x128c7253) f4  0x7ff8000000000000
core   0: 0x00000000800050fa (0x0ff0000f) fence   iorw,iorw
core   0: 1 0x00000000800050fa (0x0ff0000f)
core   0: 0x00000000800050fe (0x00734333) xor     t1, t1, t2
core   0: 1 0x00000000800050fe (0x00734333) x6  0x00000000f1395887
core   0: 0x0000000080005102 (0x0226c0b3) div     ra, a3, sp
core   0: 1 0x0000000080005102 (0x0226c0b3) x1  0x0000000000000000
core   0: 0x0000000080005106 (0x0074853b) addw    a0, s1, t2
core   0: 1 0x0000000080005106 (0x0074853b) x10 0xfffffffff1395b73
core   0: 0x000000008000510a (0x03029233) mulh    tp, t0, a6
core   0: 1 0x000000008000510a (0x03029233) x4  0x0000000000000586
core   0: 0x000000008000510e (0xabddf0cf) fnmadd.d ft1, fs11, ft9, fs5
core   0: 1 0x000000008000510e (0xabddf0cf) f1  0x7ff8000000000000
core   0: 0x0000000080005112 (0x003683bb) addw    t2, a3, gp
core   0: 1 0x0000000080005112 (0x003683bb) x7  0xfffffffffffffff7
core   0: 0x0000000080005116 (0x23187247) fmsub.d ft4, fa6, fa7, ft4
core   0: 1 0x0000000080005116 (0x23187247) f4  0x7ff8000000000000
core   0: 0x000000008000511a (0xd21c0853) fcvt.d.wu fa6, s8
core   0: 1 0x000000008000511a (0xd21c0853) f16 0x0000000000000000
core   0: 0x000000008000511e (0x00482033) slt     zero, a6, tp
core   0: 1 0x000000008000511e (0x00482033)
core   0: 0x0000000080005122 (0x00c05cb3) srl     s9, zero, a2
core   0: 1 0x0000000080005122 (0x00c05cb3) x25 0x0000000000000000
core   0: 0x0000000080005126 (0xd02af1d3) fcvt.s.l ft3, s5
core   0: 1 0x0000000080005126 (0xd02af1d3) f3  0xffffffff40000000
core   0: 0x000000008000512a (0x0399a2b3) mulhsu  t0, s3, s9
core   0: 1 0x000000008000512a (0x0399a2b3) x5  0x0000000000000000
core   0: 0x000000008000512e (0x23eea553) fsgnjx.d fa0, ft9, ft10
core   0: 1 0x000000008000512e (0x23eea553) f10 0xc1dfffffffc00000
core   0: 0x0000000080005132 (0x02fd8eb3) mul     t4, s11, a5
core   0: 1 0x0000000080005132 (0x02fd8eb3) x29 0x0000000000000000
core   0: 0x0000000080005136 (0x1a627153) fdiv.d  ft2, ft4, ft6
core   0: 1 0x0000000080005136 (0x1a627153) f2  0x7ff8000000000000
core   0: 0x000000008000513a (0x0bd4f4d3) fsub.d  fs1, fs1, ft9
core   0: 1 0x000000008000513a (0x0bd4f4d3) f9  0x7ff8000000000000
core   0: 0x000000008000513e (0x00219c73) csrrw   s8, frm, gp
core   0: 1 0x000000008000513e (0x00219c73) x24 0x0000000000000000 c2_frm 0x0000000000000000
core   0: 0x0000000080005142 (0x00a693b3) sll     t2, a3, a0
core   0: 1 0x0000000080005142 (0x00a693b3) x7  0xffb8000000000000
core   0: 0x0000000080005146 (0x4014f6d3) fcvt.s.d fa3, fs1
core   0: 1 0x0000000080005146 (0x4014f6d3) f13 0xffffffff7fc00000
core   0: 0x000000008000514a (0x02c1f93b) remuw   s2, gp, a2
core   0: 1 0x000000008000514a (0x02c1f93b) x18 0x0000000000000000
core   0: 0x000000008000514e (0x4013f653) fcvt.s.d fa2, ft7
core   0: 1 0x000000008000514e (0x4013f653) f12 0xffffffff7fc00000
core   0: 0x0000000080005152 (0x23bb9dd3) fsgnjn.d fs11, fs7, fs11
core   0: 1 0x0000000080005152 (0x23bb9dd3) f27 0xbff0000000000000
core   0: 0x0000000080005156 (0x0094f1b3) and     gp, s1, s1
core   0: 1 0x0000000080005156 (0x0094f1b3) x3  0x7ff8000000000000
core   0: 0x000000008000515a (0x00c5d9b3) srl     s3, a1, a2
core   0: 1 0x000000008000515a (0x00c5d9b3) x19 0x00000000789cadb9
core   0: 0x000000008000515e (0xd025ff53) fcvt.s.l ft10, a1
core   0: 1 0x000000008000515e (0xd025ff53) c1_fflags 0x0000000000000015 f30 0xffffffff4f71395b
core   0: 0x0000000080005162 (0x00000001) c.nop
core   0: 1 0x0000000080005162 (0x0001)
core   0: 0x0000000080005164 (0x1e195b97) auipc   s7, 0x1e195
core   0: 1 0x0000000080005164 (0x1e195b97) x23 0x000000009e19a164
core   0: 0x0000000080005168 (0x1cfecb13) xori    s6, t4, 463
core   0: 1 0x0000000080005168 (0x1cfecb13) x22 0x00000000000001cf
core   0: 0x000000008000516c (0xdb20f243) fmadd.d ft4, ft1, fs2, fs11
core   0: 1 0x000000008000516c (0xdb20f243) f4  0x7ff8000000000000
core   0: 0x0000000080005170 (0xc0247853) fcvt.l.s a6, fs0
core   0: 1 0x0000000080005170 (0xc0247853) c1_fflags 0x0000000000000015 x16 0x7fffffffffffffff
core   0: 0x0000000080005174 (0x002b1873) csrrw   a6, frm, s6
core   0: 1 0x0000000080005174 (0x002b1873) x16 0x0000000000000000 c2_frm 0x0000000000000007
core   0: 0x0000000080005178 (0x4119d8b3) sra     a7, s3, a7
core   0: 1 0x0000000080005178 (0x4119d8b3) x17 0x000000000003c4e5
core   0: 0x000000008000517c (0x2a8005d3) fmin.d  fa1, ft0, fs0
core   0: 1 0x000000008000517c (0x2a8005d3) f11 0x0000000000000000
core   0: 0x0000000080005180 (0x22632353) fsgnjx.d ft6, ft6, ft6
core   0: 1 0x0000000080005180 (0x22632353) f6  0x7ff8000000000000
core   0: 0x0000000080005184 (0x027d8dbb) mulw    s11, s11, t2
core   0: 1 0x0000000080005184 (0x027d8dbb) x27 0x0000000000000000
core   0: 0x0000000080005188 (0xf11fe273) csrrsi  tp, mvendorid, 31
core   0: exception trap_illegal_instruction, epc 0x0000000080005188
core   0:           tval 0x00000000f11fe273
core   0: >>>>  $xrv64i2p1_m2p0_a2p1_f2p2_d2p2_zicsr2p0_zifencei2p0_zmmul1p0_zba1p0_zbb1p0_zbc1p0_zbs1p0
core   0: 0x0000000080004000 (0x0080006f) j       pc + 0x8
core   0: 3 0x0000000080004000 (0x0080006f)
core   0: >>>>  mmode_exception_handler
core   0: 0x0000000080004008 (0x00002c17) auipc   s8, 0x2
core   0: 3 0x0000000080004008 (0x00002c17) x24 0x0000000080006008
core   0: 0x000000008000400c (0x002c0c13) addi    s8, s8, 2
core   0: 3 0x000000008000400c (0x002c0c13) x24 0x000000008000600a
core   0: 0x0000000080004010 (0x000c00e7) jalr    s8
core   0: 3 0x0000000080004010 (0x000c00e7) x1  0x0000000080004014
core   0: >>>>  any_handler
core   0: 0x000000008000600a (0x341027f3) csrrs   a5, mepc, zero
core   0: 3 0x000000008000600a (0x341027f3) x15 0x0000000080005188
core   0: 0x000000008000600e (0x34202773) csrrs   a4, mcause, zero
core   0: 3 0x000000008000600e (0x34202773) x14 0x0000000000000002
core   0: 0x0000000080006012 (0x142026f3) csrrs   a3, scause, zero
core   0: 3 0x0000000080006012 (0x142026f3) x13 0x0000000000000000
core   0: 0x0000000080006016 (0x30402673) csrrs   a2, mie, zero
core   0: 3 0x0000000080006016 (0x30402673) x12 0x0000000000000a00
core   0: 0x000000008000601a (0x344025f3) csrrs   a1, mip, zero
core   0: 3 0x000000008000601a (0x344025f3) x11 0x0000000000000080
core   0: 0x000000008000601e (0x343025f3) csrrs   a1, mtval, zero
core   0: 3 0x000000008000601e (0x343025f3) x11 0x00000000f11fe273
core   0: 0x0000000080006022 (0x14302573) csrrs   a0, stval, zero
core   0: 3 0x0000000080006022 (0x14302573) x10 0x0000000000000000
core   0: 0x0000000080006026 (0xb02024f3) csrrs   s1, minstret, zero
core   0: 3 0x0000000080006026 (0xb02024f3) x9  0x0000000000000d3a
core   0: 0x000000008000602a (0x0000a811) c.j     pc + 20
core   0: 3 0x000000008000602a (0xa811)
core   0: >>>>  mepc_4
core   0: 0x000000008000603e (0x00000791) c.addi  a5, 4
core   0: 3 0x000000008000603e (0x0791) x15 0x000000008000518c
core   0: 0x0000000080006040 (0x34179073) csrrw   zero, mepc, a5
core   0: 3 0x0000000080006040 (0x34179073) c833_mepc 0x000000008000518c
core   0: 0x0000000080006044 (0x30200073) mret
core   0: 3 0x0000000080006044 (0x30200073) c768_mstatus 0x8000000a00106080
core   0: 0x000000008000518c (0x00009162) c.add   sp, s8
core   0: 1 0x000000008000518c (0x9162) x2  0x000000008000630f
core   0: 0x000000008000518e (0xe2020e53) fmv.x.d t3, ft4
core   0: 1 0x000000008000518e (0xe2020e53) x28 0x7ff8000000000000
core   0: 0x0000000080005192 (0x022a5abb) divuw   s5, s4, sp
core   0: 1 0x0000000080005192 (0x022a5abb) x21 0x0000000000000000
core   0: 0x0000000080005196 (0x235a9e53) fsgnjn.d ft8, fs5, fs5
core   0: 1 0x0000000080005196 (0x235a9e53) f28 0xc1efffffffe00000
core   0: 0x000000008000519a (0x22ec9a53) fsgnjn.d fs4, fs9, fa4
core   0: 1 0x000000008000519a (0x22ec9a53) f20 0xffffffff00000000
core   0: 0x000000008000519e (0x0ff0000f) fence   iorw,iorw
core   0: 1 0x000000008000519e (0x0ff0000f)
core   0: 0x00000000800051a2 (0xc220fa53) fcvt.l.d s4, ft1
core   0: exception trap_illegal_instruction, epc 0x00000000800051a2
core   0:           tval 0x00000000c220fa53
core   0: >>>>  $xrv64i2p1_m2p0_a2p1_f2p2_d2p2_zicsr2p0_zifencei2p0_zmmul1p0_zba1p0_zbb1p0_zbc1p0_zbs1p0
core   0: 0x0000000080004000 (0x0080006f) j       pc + 0x8
core   0: 3 0x0000000080004000 (0x0080006f)
core   0: >>>>  mmode_exception_handler
core   0: 0x0000000080004008 (0x00002c17) auipc   s8, 0x2
core   0: 3 0x0000000080004008 (0x00002c17) x24 0x0000000080006008
core   0: 0x000000008000400c (0x002c0c13) addi    s8, s8, 2
core   0: 3 0x000000008000400c (0x002c0c13) x24 0x000000008000600a
core   0: 0x0000000080004010 (0x000c00e7) jalr    s8
core   0: 3 0x0000000080004010 (0x000c00e7) x1  0x0000000080004014
core   0: >>>>  any_handler
core   0: 0x000000008000600a (0x341027f3) csrrs   a5, mepc, zero
core   0: 3 0x000000008000600a (0x341027f3) x15 0x00000000800051a2
core   0: 0x000000008000600e (0x34202773) csrrs   a4, mcause, zero
core   0: 3 0x000000008000600e (0x34202773) x14 0x0000000000000002
core   0: 0x0000000080006012 (0x142026f3) csrrs   a3, scause, zero
core   0: 3 0x0000000080006012 (0x142026f3) x13 0x0000000000000000
core   0: 0x0000000080006016 (0x30402673) csrrs   a2, mie, zero
core   0: 3 0x0000000080006016 (0x30402673) x12 0x0000000000000a00
core   0: 0x000000008000601a (0x344025f3) csrrs   a1, mip, zero
core   0: 3 0x000000008000601a (0x344025f3) x11 0x0000000000000080
core   0: 0x000000008000601e (0x343025f3) csrrs   a1, mtval, zero
core   0: 3 0x000000008000601e (0x343025f3) x11 0x00000000c220fa53
core   0: 0x0000000080006022 (0x14302573) csrrs   a0, stval, zero
core   0: 3 0x0000000080006022 (0x14302573) x10 0x0000000000000000
core   0: 0x0000000080006026 (0xb02024f3) csrrs   s1, minstret, zero
core   0: 3 0x0000000080006026 (0xb02024f3) x9  0x0000000000000d50
core   0: 0x000000008000602a (0x0000a811) c.j     pc + 20
core   0: 3 0x000000008000602a (0xa811)
core   0: >>>>  mepc_4
core   0: 0x000000008000603e (0x00000791) c.addi  a5, 4
core   0: 3 0x000000008000603e (0x0791) x15 0x00000000800051a6
core   0: 0x0000000080006040 (0x34179073) csrrw   zero, mepc, a5
core   0: 3 0x0000000080006040 (0x34179073) c833_mepc 0x00000000800051a6
core   0: 0x0000000080006044 (0x30200073) mret
core   0: 3 0x0000000080006044 (0x30200073) c768_mstatus 0x8000000a00106080
core   0: 0x00000000800051a6 (0x133a7253) fmul.d  ft4, fs4, fs3
core   0: exception trap_illegal_instruction, epc 0x00000000800051a6
core   0:           tval 0x00000000133a7253
core   0: >>>>  $xrv64i2p1_m2p0_a2p1_f2p2_d2p2_zicsr2p0_zifencei2p0_zmmul1p0_zba1p0_zbb1p0_zbc1p0_zbs1p0
core   0: 0x0000000080004000 (0x0080006f) j       pc + 0x8
core   0: 3 0x0000000080004000 (0x0080006f)
core   0: >>>>  mmode_exception_handler
core   0: 0x0000000080004008 (0x00002c17) auipc   s8, 0x2
core   0: 3 0x0000000080004008 (0x00002c17) x24 0x0000000080006008
core   0: 0x000000008000400c (0x002c0c13) addi    s8, s8, 2
core   0: 3 0x000000008000400c (0x002c0c13) x24 0x000000008000600a
core   0: 0x0000000080004010 (0x000c00e7) jalr    s8
core   0: 3 0x0000000080004010 (0x000c00e7) x1  0x0000000080004014
core   0: >>>>  any_handler
core   0: 0x000000008000600a (0x341027f3) csrrs   a5, mepc, zero
core   0: 3 0x000000008000600a (0x341027f3) x15 0x00000000800051a6
core   0: 0x000000008000600e (0x34202773) csrrs   a4, mcause, zero
core   0: 3 0x000000008000600e (0x34202773) x14 0x0000000000000002
core   0: 0x0000000080006012 (0x142026f3) csrrs   a3, scause, zero
core   0: 3 0x0000000080006012 (0x142026f3) x13 0x0000000000000000
core   0: 0x0000000080006016 (0x30402673) csrrs   a2, mie, zero
core   0: 3 0x0000000080006016 (0x30402673) x12 0x0000000000000a00
core   0: 0x000000008000601a (0x344025f3) csrrs   a1, mip, zero
core   0: 3 0x000000008000601a (0x344025f3) x11 0x0000000000000080
core   0: 0x000000008000601e (0x343025f3) csrrs   a1, mtval, zero
core   0: 3 0x000000008000601e (0x343025f3) x11 0x00000000133a7253
core   0: 0x0000000080006022 (0x14302573) csrrs   a0, stval, zero
core   0: 3 0x0000000080006022 (0x14302573) x10 0x0000000000000000
core   0: 0x0000000080006026 (0xb02024f3) csrrs   s1, minstret, zero
core   0: 3 0x0000000080006026 (0xb02024f3) x9  0x0000000000000d60
core   0: 0x000000008000602a (0x0000a811) c.j     pc + 20
core   0: 3 0x000000008000602a (0xa811)
core   0: >>>>  mepc_4
core   0: 0x000000008000603e (0x00000791) c.addi  a5, 4
core   0: 3 0x000000008000603e (0x0791) x15 0x00000000800051aa
core   0: 0x0000000080006040 (0x34179073) csrrw   zero, mepc, a5
core   0: 3 0x0000000080006040 (0x34179073) c833_mepc 0x00000000800051aa
core   0: 0x0000000080006044 (0x30200073) mret
core   0: 3 0x0000000080006044 (0x30200073) c768_mstatus 0x8000000a00106080
core   0: 0x00000000800051aa (0x41188cbb) subw    s9, a7, a7
core   0: 1 0x00000000800051aa (0x41188cbb) x25 0x0000000000000000
core   0: 0x00000000800051ae (0x01465633) srl     a2, a2, s4
core   0: 1 0x00000000800051ae (0x01465633) x12 0x0000000000000000
core   0: 0x00000000800051b2 (0x02f99033) mulh    zero, s3, a5
core   0: 1 0x00000000800051b2 (0x02f99033)
core   0: 0x00000000800051b6 (0x406686b3) sub     a3, a3, t1
core   0: 1 0x00000000800051b6 (0x406686b3) x13 0xffffffff0ec6a779
core   0: 0x00000000800051ba (0x14432873) csrrs   a6, sip, t1
core   0: 1 0x00000000800051ba (0x14432873) x16 0x0000000000000000 c836_mip 0x0000000000000080
core   0: 0x00000000800051be (0xd028f3d3) fcvt.s.l ft7, a7
core   0: exception trap_illegal_instruction, epc 0x00000000800051be
core   0:           tval 0x00000000d028f3d3
core   0: >>>>  $xrv64i2p1_m2p0_a2p1_f2p2_d2p2_zicsr2p0_zifencei2p0_zmmul1p0_zba1p0_zbb1p0_zbc1p0_zbs1p0
core   0: 0x0000000080004000 (0x0080006f) j       pc + 0x8
core   0: 3 0x0000000080004000 (0x0080006f)
core   0: >>>>  mmode_exception_handler
core   0: 0x0000000080004008 (0x00002c17) auipc   s8, 0x2
core   0: 3 0x0000000080004008 (0x00002c17) x24 0x0000000080006008
core   0: 0x000000008000400c (0x002c0c13) addi    s8, s8, 2
core   0: 3 0x000000008000400c (0x002c0c13) x24 0x000000008000600a
core   0: 0x0000000080004010 (0x000c00e7) jalr    s8
core   0: 3 0x0000000080004010 (0x000c00e7) x1  0x0000000080004014
core   0: >>>>  any_handler
core   0: 0x000000008000600a (0x341027f3) csrrs   a5, mepc, zero
core   0: 3 0x000000008000600a (0x341027f3) x15 0x00000000800051be
core   0: 0x000000008000600e (0x34202773) csrrs   a4, mcause, zero
core   0: 3 0x000000008000600e (0x34202773) x14 0x0000000000000002
core   0: 0x0000000080006012 (0x142026f3) csrrs   a3, scause, zero
core   0: 3 0x0000000080006012 (0x142026f3) x13 0x0000000000000000
core   0: 0x0000000080006016 (0x30402673) csrrs   a2, mie, zero
core   0: 3 0x0000000080006016 (0x30402673) x12 0x0000000000000a00
core   0: 0x000000008000601a (0x344025f3) csrrs   a1, mip, zero
core   0: 3 0x000000008000601a (0x344025f3) x11 0x0000000000000080
core   0: 0x000000008000601e (0x343025f3) csrrs   a1, mtval, zero
core   0: 3 0x000000008000601e (0x343025f3) x11 0x00000000d028f3d3
core   0: 0x0000000080006022 (0x14302573) csrrs   a0, stval, zero
core   0: 3 0x0000000080006022 (0x14302573) x10 0x0000000000000000
core   0: 0x0000000080006026 (0xb02024f3) csrrs   s1, minstret, zero
core   0: 3 0x0000000080006026 (0xb02024f3) x9  0x0000000000000d75
core   0: 0x000000008000602a (0x0000a811) c.j     pc + 20
core   0: 3 0x000000008000602a (0xa811)
core   0: >>>>  mepc_4
core   0: 0x000000008000603e (0x00000791) c.addi  a5, 4
core   0: 3 0x000000008000603e (0x0791) x15 0x00000000800051c2
core   0: 0x0000000080006040 (0x34179073) csrrw   zero, mepc, a5
core   0: 3 0x0000000080006040 (0x34179073) c833_mepc 0x00000000800051c2
core   0: 0x0000000080006044 (0x30200073) mret
core   0: 3 0x0000000080006044 (0x30200073) c768_mstatus 0x8000000a00106080
core   0: 0x00000000800051c2 (0x00015113) srli    sp, sp, 0
core   0: 1 0x00000000800051c2 (0x00015113) x2  0x000000008000630f
core   0: 0x00000000800051c6 (0xcd816613) ori     a2, sp, -808
core   0: 1 0x00000000800051c6 (0xcd816613) x12 0xffffffffffffffdf
core   0: 0x00000000800051ca (0x01378a33) add     s4, a5, s3
core   0: 1 0x00000000800051ca (0x01378a33) x20 0x00000000f89cff7b
core   0: 0x00000000800051ce (0x02e5e5b3) rem     a1, a1, a4
core   0: 1 0x00000000800051ce (0x02e5e5b3) x11 0x0000000000000001
core   0: 0x00000000800051d2 (0x0069aab7) lui     s5, 0x69a
core   0: 1 0x00000000800051d2 (0x0069aab7) x21 0x000000000069a000
core   0: 0x00000000800051d6 (0x077a8a9b) addiw   s5, s5, 119
core   0: 1 0x00000000800051d6 (0x077a8a9b) x21 0x000000000069a077
core   0: 0x00000000800051da (0x00000abe) c.slli  s5, 15
core   0: 1 0x00000000800051da (0x0abe) x21 0x00000034d03b8000
core   0: 0x00000000800051dc (0x77aa8a93) addi    s5, s5, 1914
core   0: 1 0x00000000800051dc (0x77aa8a93) x21 0x00000034d03b877a
core   0: 0x00000000800051e0 (0x41c7d7b3) sra     a5, a5, t3
core   0: 1 0x00000000800051e0 (0x41c7d7b3) x15 0x00000000800051c2
core   0: 0x00000000800051e4 (0x0267d713) srli    a4, a5, 38
core   0: 1 0x00000000800051e4 (0x0267d713) x14 0x0000000000000000
core   0: 0x00000000800051e8 (0xd035f953) fcvt.s.lu fs2, a1
core   0: exception trap_illegal_instruction, epc 0x00000000800051e8
core   0:           tval 0x00000000d035f953
core   0: >>>>  $xrv64i2p1_m2p0_a2p1_f2p2_d2p2_zicsr2p0_zifencei2p0_zmmul1p0_zba1p0_zbb1p0_zbc1p0_zbs1p0
core   0: 0x0000000080004000 (0x0080006f) j       pc + 0x8
core   0: 3 0x0000000080004000 (0x0080006f)
core   0: >>>>  mmode_exception_handler
core   0: 0x0000000080004008 (0x00002c17) auipc   s8, 0x2
core   0: 3 0x0000000080004008 (0x00002c17) x24 0x0000000080006008
core   0: 0x000000008000400c (0x002c0c13) addi    s8, s8, 2
core   0: 3 0x000000008000400c (0x002c0c13) x24 0x000000008000600a
core   0: 0x0000000080004010 (0x000c00e7) jalr    s8
core   0: 3 0x0000000080004010 (0x000c00e7) x1  0x0000000080004014
core   0: >>>>  any_handler
core   0: 0x000000008000600a (0x341027f3) csrrs   a5, mepc, zero
core   0: 3 0x000000008000600a (0x341027f3) x15 0x00000000800051e8
core   0: 0x000000008000600e (0x34202773) csrrs   a4, mcause, zero
core   0: 3 0x000000008000600e (0x34202773) x14 0x0000000000000002
core   0: 0x0000000080006012 (0x142026f3) csrrs   a3, scause, zero
core   0: 3 0x0000000080006012 (0x142026f3) x13 0x0000000000000000
core   0: 0x0000000080006016 (0x30402673) csrrs   a2, mie, zero
core   0: 3 0x0000000080006016 (0x30402673) x12 0x0000000000000a00
core   0: 0x000000008000601a (0x344025f3) csrrs   a1, mip, zero
core   0: 3 0x000000008000601a (0x344025f3) x11 0x0000000000000080
core   0: 0x000000008000601e (0x343025f3) csrrs   a1, mtval, zero
core   0: 3 0x000000008000601e (0x343025f3) x11 0x00000000d035f953
core   0: 0x0000000080006022 (0x14302573) csrrs   a0, stval, zero
core   0: 3 0x0000000080006022 (0x14302573) x10 0x0000000000000000
core   0: 0x0000000080006026 (0xb02024f3) csrrs   s1, minstret, zero
core   0: 3 0x0000000080006026 (0xb02024f3) x9  0x0000000000000d8f
core   0: 0x000000008000602a (0x0000a811) c.j     pc + 20
core   0: 3 0x000000008000602a (0xa811)
core   0: >>>>  mepc_4
core   0: 0x000000008000603e (0x00000791) c.addi  a5, 4
core   0: 3 0x000000008000603e (0x0791) x15 0x00000000800051ec
core   0: 0x0000000080006040 (0x34179073) csrrw   zero, mepc, a5
core   0: 3 0x0000000080006040 (0x34179073) c833_mepc 0x00000000800051ec
core   0: 0x0000000080006044 (0x30200073) mret
core   0: 3 0x0000000080006044 (0x30200073) c768_mstatus 0x8000000a00106080
core   0: 0x00000000800051ec (0xff8c7d37) lui     s10, 0xff8c7
core   0: 1 0x00000000800051ec (0xff8c7d37) x26 0xffffffffff8c7000
core   0: 0x00000000800051f0 (0x4c1d0d1b) addiw   s10, s10, 1217
core   0: 1 0x00000000800051f0 (0x4c1d0d1b) x26 0xffffffffff8c74c1
core   0: 0x00000000800051f4 (0x00000d32) c.slli  s10, 12
core   0: 1 0x00000000800051f4 (0x0d32) x26 0xfffffff8c74c1000
core   0: 0x00000000800051f6 (0x913d0d13) addi    s10, s10, -1773
core   0: 1 0x00000000800051f6 (0x913d0d13) x26 0xfffffff8c74c0913
core   0: 0x00000000800051fa (0x0005ca13) xori    s4, a1, 0
core   0: 1 0x00000000800051fa (0x0005ca13) x20 0x00000000d035f953
core   0: 0x00000000800051fe (0x41b2d8b3) sra     a7, t0, s11
core   0: 1 0x00000000800051fe (0x41b2d8b3) x17 0x0000000000000000
core   0: 0x0000000080005202 (0x12d6f6d3) fmul.d  fa3, fa3, fa3
core   0: exception trap_illegal_instruction, epc 0x0000000080005202
core   0:           tval 0x0000000012d6f6d3
core   0: >>>>  $xrv64i2p1_m2p0_a2p1_f2p2_d2p2_zicsr2p0_zifencei2p0_zmmul1p0_zba1p0_zbb1p0_zbc1p0_zbs1p0
core   0: 0x0000000080004000 (0x0080006f) j       pc + 0x8
core   0: 3 0x0000000080004000 (0x0080006f)
core   0: >>>>  mmode_exception_handler
core   0: 0x0000000080004008 (0x00002c17) auipc   s8, 0x2
core   0: 3 0x0000000080004008 (0x00002c17) x24 0x0000000080006008
core   0: 0x000000008000400c (0x002c0c13) addi    s8, s8, 2
core   0: 3 0x000000008000400c (0x002c0c13) x24 0x000000008000600a
core   0: 0x0000000080004010 (0x000c00e7) jalr    s8
core   0: 3 0x0000000080004010 (0x000c00e7) x1  0x0000000080004014
core   0: >>>>  any_handler
core   0: 0x000000008000600a (0x341027f3) csrrs   a5, mepc, zero
core   0: 3 0x000000008000600a (0x341027f3) x15 0x0000000080005202
core   0: 0x000000008000600e (0x34202773) csrrs   a4, mcause, zero
core   0: 3 0x000000008000600e (0x34202773) x14 0x0000000000000002
core   0: 0x0000000080006012 (0x142026f3) csrrs   a3, scause, zero
core   0: 3 0x0000000080006012 (0x142026f3) x13 0x0000000000000000
core   0: 0x0000000080006016 (0x30402673) csrrs   a2, mie, zero
core   0: 3 0x0000000080006016 (0x30402673) x12 0x0000000000000a00
core   0: 0x000000008000601a (0x344025f3) csrrs   a1, mip, zero
core   0: 3 0x000000008000601a (0x344025f3) x11 0x0000000000000080
core   0: 0x000000008000601e (0x343025f3) csrrs   a1, mtval, zero
core   0: 3 0x000000008000601e (0x343025f3) x11 0x0000000012d6f6d3
core   0: 0x0000000080006022 (0x14302573) csrrs   a0, stval, zero
core   0: 3 0x0000000080006022 (0x14302573) x10 0x0000000000000000
core   0: 0x0000000080006026 (0xb02024f3) csrrs   s1, minstret, zero
core   0: 3 0x0000000080006026 (0xb02024f3) x9  0x0000000000000da5
core   0: 0x000000008000602a (0x0000a811) c.j     pc + 20
core   0: 3 0x000000008000602a (0xa811)
core   0: >>>>  mepc_4
core   0: 0x000000008000603e (0x00000791) c.addi  a5, 4
core   0: 3 0x000000008000603e (0x0791) x15 0x0000000080005206
core   0: 0x0000000080006040 (0x34179073) csrrw   zero, mepc, a5
core   0: 3 0x0000000080006040 (0x34179073) c833_mepc 0x0000000080005206
core   0: 0x0000000080006044 (0x30200073) mret
core   0: 3 0x0000000080006044 (0x30200073) c768_mstatus 0x8000000a00106080
core   0: 0x0000000080005206 (0x401cfc53) fcvt.s.d fs8, fs9
core   0: exception trap_illegal_instruction, epc 0x0000000080005206
core   0:           tval 0x00000000401cfc53
core   0: >>>>  $xrv64i2p1_m2p0_a2p1_f2p2_d2p2_zicsr2p0_zifencei2p0_zmmul1p0_zba1p0_zbb1p0_zbc1p0_zbs1p0
core   0: 0x0000000080004000 (0x0080006f) j       pc + 0x8
core   0: 3 0x0000000080004000 (0x0080006f)
core   0: >>>>  mmode_exception_handler
core   0: 0x0000000080004008 (0x00002c17) auipc   s8, 0x2
core   0: 3 0x0000000080004008 (0x00002c17) x24 0x0000000080006008
core   0: 0x000000008000400c (0x002c0c13) addi    s8, s8, 2
core   0: 3 0x000000008000400c (0x002c0c13) x24 0x000000008000600a
core   0: 0x0000000080004010 (0x000c00e7) jalr    s8
core   0: 3 0x0000000080004010 (0x000c00e7) x1  0x0000000080004014
core   0: >>>>  any_handler
core   0: 0x000000008000600a (0x341027f3) csrrs   a5, mepc, zero
core   0: 3 0x000000008000600a (0x341027f3) x15 0x0000000080005206
core   0: 0x000000008000600e (0x34202773) csrrs   a4, mcause, zero
core   0: 3 0x000000008000600e (0x34202773) x14 0x0000000000000002
core   0: 0x0000000080006012 (0x142026f3) csrrs   a3, scause, zero
core   0: 3 0x0000000080006012 (0x142026f3) x13 0x0000000000000000
core   0: 0x0000000080006016 (0x30402673) csrrs   a2, mie, zero
core   0: 3 0x0000000080006016 (0x30402673) x12 0x0000000000000a00
core   0: 0x000000008000601a (0x344025f3) csrrs   a1, mip, zero
core   0: 3 0x000000008000601a (0x344025f3) x11 0x0000000000000080
core   0: 0x000000008000601e (0x343025f3) csrrs   a1, mtval, zero
core   0: 3 0x000000008000601e (0x343025f3) x11 0x00000000401cfc53
core   0: 0x0000000080006022 (0x14302573) csrrs   a0, stval, zero
core   0: 3 0x0000000080006022 (0x14302573) x10 0x0000000000000000
core   0: 0x0000000080006026 (0xb02024f3) csrrs   s1, minstret, zero
core   0: 3 0x0000000080006026 (0xb02024f3) x9  0x0000000000000db5
core   0: 0x000000008000602a (0x0000a811) c.j     pc + 20
core   0: 3 0x000000008000602a (0xa811)
core   0: >>>>  mepc_4
core   0: 0x000000008000603e (0x00000791) c.addi  a5, 4
core   0: 3 0x000000008000603e (0x0791) x15 0x000000008000520a
core   0: 0x0000000080006040 (0x34179073) csrrw   zero, mepc, a5
core   0: 3 0x0000000080006040 (0x34179073) c833_mepc 0x000000008000520a
core   0: 0x0000000080006044 (0x30200073) mret
core   0: 3 0x0000000080006044 (0x30200073) c768_mstatus 0x8000000a00106080
core   0: 0x000000008000520a (0x0ff0000f) fence   iorw,iorw
core   0: 1 0x000000008000520a (0x0ff0000f)
core   0: 0x000000008000520e (0x002015f3) csrrw   a1, frm, zero
core   0: 1 0x000000008000520e (0x002015f3) x11 0x0000000000000007 c2_frm 0x0000000000000000
core   0: 0x0000000080005212 (0x00b5a7b3) slt     a5, a1, a1
core   0: 1 0x0000000080005212 (0x00b5a7b3) x15 0x0000000000000000
core   0: 0x0000000080005216 (0xc0217ad3) fcvt.l.s s5, ft2
core   0: 1 0x0000000080005216 (0xc0217ad3) c1_fflags 0x0000000000000015 x21 0x7fffffffffffffff
core   0: 0x000000008000521a (0x00fa993b) sllw    s2, s5, a5
core   0: 1 0x000000008000521a (0x00fa993b) x18 0xffffffffffffffff
core   0: 0x000000008000521e (0x00000001) c.nop
core   0: 1 0x000000008000521e (0x0001)
core   0: 0x0000000080005220 (0x003d9d9b) slliw   s11, s11, 3
core   0: 1 0x0000000080005220 (0x003d9d9b) x27 0x0000000000000000
core   0: 0x0000000080005224 (0x23ec1bd3) fsgnjn.d fs7, fs8, ft10
core   0: 1 0x0000000080005224 (0x23ec1bd3) f23 0x7ff8000000000000
core   0: 0x0000000080005228 (0xd03df353) fcvt.s.lu ft6, s11
core   0: 1 0x0000000080005228 (0xd03df353) f6  0xffffffff00000000
core   0: 0x000000008000522c (0x017ba833) slt     a6, s7, s7
core   0: 1 0x000000008000522c (0x017ba833) x16 0x0000000000000000
core   0: 0x0000000080005230 (0x420c8653) fcvt.d.s fa2, fs9
core   0: 1 0x0000000080005230 (0x420c8653) f12 0x0000000000000000
core   0: 0x0000000080005234 (0x31a73773) csrrc   a4, menvcfgh, a4
core   0: exception trap_illegal_instruction, epc 0x0000000080005234
core   0:           tval 0x0000000031a73773
core   0: >>>>  $xrv64i2p1_m2p0_a2p1_f2p2_d2p2_zicsr2p0_zifencei2p0_zmmul1p0_zba1p0_zbb1p0_zbc1p0_zbs1p0
core   0: 0x0000000080004000 (0x0080006f) j       pc + 0x8
core   0: 3 0x0000000080004000 (0x0080006f)
core   0: >>>>  mmode_exception_handler
core   0: 0x0000000080004008 (0x00002c17) auipc   s8, 0x2
core   0: 3 0x0000000080004008 (0x00002c17) x24 0x0000000080006008
core   0: 0x000000008000400c (0x002c0c13) addi    s8, s8, 2
core   0: 3 0x000000008000400c (0x002c0c13) x24 0x000000008000600a
core   0: 0x0000000080004010 (0x000c00e7) jalr    s8
core   0: 3 0x0000000080004010 (0x000c00e7) x1  0x0000000080004014
core   0: >>>>  any_handler
core   0: 0x000000008000600a (0x341027f3) csrrs   a5, mepc, zero
core   0: 3 0x000000008000600a (0x341027f3) x15 0x0000000080005234
core   0: 0x000000008000600e (0x34202773) csrrs   a4, mcause, zero
core   0: 3 0x000000008000600e (0x34202773) x14 0x0000000000000002
core   0: 0x0000000080006012 (0x142026f3) csrrs   a3, scause, zero
core   0: 3 0x0000000080006012 (0x142026f3) x13 0x0000000000000000
core   0: 0x0000000080006016 (0x30402673) csrrs   a2, mie, zero
core   0: 3 0x0000000080006016 (0x30402673) x12 0x0000000000000a00
core   0: 0x000000008000601a (0x344025f3) csrrs   a1, mip, zero
core   0: 3 0x000000008000601a (0x344025f3) x11 0x0000000000000080
core   0: 0x000000008000601e (0x343025f3) csrrs   a1, mtval, zero
core   0: 3 0x000000008000601e (0x343025f3) x11 0x0000000031a73773
core   0: 0x0000000080006022 (0x14302573) csrrs   a0, stval, zero
core   0: 3 0x0000000080006022 (0x14302573) x10 0x0000000000000000
core   0: 0x0000000080006026 (0xb02024f3) csrrs   s1, minstret, zero
core   0: 3 0x0000000080006026 (0xb02024f3) x9  0x0000000000000dd0
core   0: 0x000000008000602a (0x0000a811) c.j     pc + 20
core   0: 3 0x000000008000602a (0xa811)
core   0: >>>>  mepc_4
core   0: 0x000000008000603e (0x00000791) c.addi  a5, 4
core   0: 3 0x000000008000603e (0x0791) x15 0x0000000080005238
core   0: 0x0000000080006040 (0x34179073) csrrw   zero, mepc, a5
core   0: 3 0x0000000080006040 (0x34179073) c833_mepc 0x0000000080005238
core   0: 0x0000000080006044 (0x30200073) mret
core   0: 3 0x0000000080006044 (0x30200073) c768_mstatus 0x8000000a00106080
core   0: 0x0000000080005238 (0x000b5b13) srli    s6, s6, 0
core   0: 1 0x0000000080005238 (0x000b5b13) x22 0x00000000000001cf
core   0: 0x000000008000523c (0x0b2bf253) fsub.d  ft4, fs7, fs2
core   0: 1 0x000000008000523c (0x0b2bf253) f4  0x7ff8000000000000
core   0: 0x0000000080005240 (0x415d0abb) subw    s5, s10, s5
core   0: 1 0x0000000080005240 (0x415d0abb) x21 0xffffffffc74c0914
core   0: 0x0000000080005244 (0x22b5fa47) fmsub.d fs4, fa1, fa1, ft4
core   0: 1 0x0000000080005244 (0x22b5fa47) f20 0x7ff8000000000000
core   0: 0x0000000080005248 (0x034d543b) divuw   s0, s10, s4
core   0: 1 0x0000000080005248 (0x034d543b) x8  0x0000000000000000
core   0: 0x000000008000524c (0x5a0bfed3) fsqrt.d ft9, fs7
core   0: 1 0x000000008000524c (0x5a0bfed3) f29 0x7ff8000000000000
core   0: 0x0000000080005250 (0x034410b3) mulh    ra, s0, s4
core   0: 1 0x0000000080005250 (0x034410b3) x1  0x0000000000000000
core   0: 0x0000000080005254 (0x03d057b3) divu    a5, zero, t4
core   0: 1 0x0000000080005254 (0x03d057b3) x15 0xffffffffffffffff
core   0: 0x0000000080005258 (0x00000001) c.nop
core   0: 1 0x0000000080005258 (0x0001)
core   0: 0x000000008000525a (0x00feaab3) slt     s5, t4, a5
core   0: 1 0x000000008000525a (0x00feaab3) x21 0x0000000000000000
core   0: 0x000000008000525e (0x014cd9b3) srl     s3, s9, s4
core   0: 1 0x000000008000525e (0x014cd9b3) x19 0x0000000000000000
core   0: 0x0000000080005262 (0x2a8f9453) fmax.d  fs0, ft11, fs0
core   0: 1 0x0000000080005262 (0x2a8f9453) f8  0x0000000000000000
core   0: 0x0000000080005266 (0x03464b33) div     s6, a2, s4
core   0: 1 0x0000000080005266 (0x03464b33) x22 0x0000000000000000
core   0: 0x000000008000526a (0xc02771d3) fcvt.l.s gp, fa4
core   0: 1 0x000000008000526a (0xc02771d3) c1_fflags 0x0000000000000015 x3  0x7fffffffffffffff
core   0: 0x000000008000526e (0x02c2f633) remu    a2, t0, a2
core   0: 1 0x000000008000526e (0x02c2f633) x12 0x0000000000000000
core   0: 0x0000000080005272 (0x00000001) c.nop
core   0: 1 0x0000000080005272 (0x0001)
core   0: 0x0000000080005274 (0x02009493) slli    s1, ra, 32
core   0: 1 0x0000000080005274 (0x02009493) x9  0x0000000000000000
core   0: 0x0000000080005278 (0x0356703b) remuw   zero, a2, s5
core   0: 1 0x0000000080005278 (0x0356703b)
core   0: 0x000000008000527c (0x5a0cfad3) fsqrt.d fs5, fs9
core   0: 1 0x000000008000527c (0x5a0cfad3) f21 0x7ff8000000000000
core   0: 0x0000000080005280 (0x1b507053) fdiv.d  ft0, ft0, fs5
core   0: 1 0x0000000080005280 (0x1b507053) f0  0x7ff8000000000000
core   0: 0x0000000080005284 (0xd23afd53) fcvt.d.lu fs10, s5
core   0: 1 0x0000000080005284 (0xd23afd53) f26 0x0000000000000000
core   0: 0x0000000080005288 (0x4004da13) srai    s4, s1, 0
core   0: 1 0x0000000080005288 (0x4004da13) x20 0x0000000000000000
core   0: 0x000000008000528c (0x023263bb) remw    t2, tp, gp
core   0: 1 0x000000008000528c (0x023263bb) x7  0x0000000000000000
core   0: 0x0000000080005290 (0x40c28abb) subw    s5, t0, a2
core   0: 1 0x0000000080005290 (0x40c28abb) x21 0x0000000000000000
core   0: 0x0000000080005294 (0x00944133) xor     sp, s0, s1
core   0: 1 0x0000000080005294 (0x00944133) x2  0x0000000000000000
core   0: 0x0000000080005298 (0x021d74d3) fadd.d  fs1, fs10, ft1
core   0: 1 0x0000000080005298 (0x021d74d3) f9  0x7ff8000000000000
core   0: 0x000000008000529c (0x800a7993) andi    s3, s4, -2048
core   0: 1 0x000000008000529c (0x800a7993) x19 0x0000000000000000
core   0: 0x00000000800052a0 (0x003760b3) or      ra, a4, gp
core   0: 1 0x00000000800052a0 (0x003760b3) x1  0x7fffffffffffffff
core   0: 0x00000000800052a4 (0x3434aa73) csrrs   s4, mtval, s1
core   0: exception trap_illegal_instruction, epc 0x00000000800052a4
core   0:           tval 0x000000003434aa73
core   0: >>>>  $xrv64i2p1_m2p0_a2p1_f2p2_d2p2_zicsr2p0_zifencei2p0_zmmul1p0_zba1p0_zbb1p0_zbc1p0_zbs1p0
core   0: 0x0000000080004000 (0x0080006f) j       pc + 0x8
core   0: 3 0x0000000080004000 (0x0080006f)
core   0: >>>>  mmode_exception_handler
core   0: 0x0000000080004008 (0x00002c17) auipc   s8, 0x2
core   0: 3 0x0000000080004008 (0x00002c17) x24 0x0000000080006008
core   0: 0x000000008000400c (0x002c0c13) addi    s8, s8, 2
core   0: 3 0x000000008000400c (0x002c0c13) x24 0x000000008000600a
core   0: 0x0000000080004010 (0x000c00e7) jalr    s8
core   0: 3 0x0000000080004010 (0x000c00e7) x1  0x0000000080004014
core   0: >>>>  any_handler
core   0: 0x000000008000600a (0x341027f3) csrrs   a5, mepc, zero
core   0: 3 0x000000008000600a (0x341027f3) x15 0x00000000800052a4
core   0: 0x000000008000600e (0x34202773) csrrs   a4, mcause, zero
core   0: 3 0x000000008000600e (0x34202773) x14 0x0000000000000002
core   0: 0x0000000080006012 (0x142026f3) csrrs   a3, scause, zero
core   0: 3 0x0000000080006012 (0x142026f3) x13 0x0000000000000000
core   0: 0x0000000080006016 (0x30402673) csrrs   a2, mie, zero
core   0: 3 0x0000000080006016 (0x30402673) x12 0x0000000000000a00
core   0: 0x000000008000601a (0x344025f3) csrrs   a1, mip, zero
core   0: 3 0x000000008000601a (0x344025f3) x11 0x0000000000000080
core   0: 0x000000008000601e (0x343025f3) csrrs   a1, mtval, zero
core   0: 3 0x000000008000601e (0x343025f3) x11 0x000000003434aa73
core   0: 0x0000000080006022 (0x14302573) csrrs   a0, stval, zero
core   0: 3 0x0000000080006022 (0x14302573) x10 0x0000000000000000
core   0: 0x0000000080006026 (0xb02024f3) csrrs   s1, minstret, zero
core   0: 3 0x0000000080006026 (0xb02024f3) x9  0x0000000000000dfc
core   0: 0x000000008000602a (0x0000a811) c.j     pc + 20
core   0: 3 0x000000008000602a (0xa811)
core   0: >>>>  mepc_4
core   0: 0x000000008000603e (0x00000791) c.addi  a5, 4
core   0: 3 0x000000008000603e (0x0791) x15 0x00000000800052a8
core   0: 0x0000000080006040 (0x34179073) csrrw   zero, mepc, a5
core   0: 3 0x0000000080006040 (0x34179073) c833_mepc 0x00000000800052a8
core   0: 0x0000000080006044 (0x30200073) mret
core   0: 3 0x0000000080006044 (0x30200073) c768_mstatus 0x8000000a00106080
core   0: 0x00000000800052a8 (0x006d42b3) xor     t0, s10, t1
core   0: 1 0x00000000800052a8 (0x006d42b3) x5  0xfffffff836755194
core   0: 0x00000000800052ac (0x4a00f5c3) fmadd.d fa1, ft1, ft0, fs1
core   0: 1 0x00000000800052ac (0x4a00f5c3) f11 0x7ff8000000000000
core   0: 0x00000000800052b0 (0x404d5013) srai    zero, s10, 4
core   0: 1 0x00000000800052b0 (0x404d5013)
core   0: 0x00000000800052b4 (0x05628d93) addi    s11, t0, 86
core   0: 1 0x00000000800052b4 (0x05628d93) x27 0xfffffff8367551ea
core   0: 0x00000000800052b8 (0x0240d0bb) divuw   ra, ra, tp
core   0: 1 0x00000000800052b8 (0x0240d0bb) x1  0x0000000000172c95
core   0: 0x00000000800052bc (0x000091e6) c.add   gp, s9
core   0: 1 0x00000000800052bc (0x91e6) x3  0x7fffffffffffffff
core   0: 0x00000000800052be (0x40d18433) sub     s0, gp, a3
core   0: 1 0x00000000800052be (0x40d18433) x8  0x7fffffffffffffff
core   0: 0x00000000800052c2 (0x02d3cd33) div     s10, t2, a3
core   0: 1 0x00000000800052c2 (0x02d3cd33) x26 0xffffffffffffffff
core   0: 0x00000000800052c6 (0x007e0533) add     a0, t3, t2
core   0: 1 0x00000000800052c6 (0x007e0533) x10 0x7ff8000000000000
core   0: 0x00000000800052ca (0x931d041b) addiw   s0, s10, -1743
core   0: 1 0x00000000800052ca (0x931d041b) x8  0xfffffffffffff930
core   0: 0x00000000800052ce (0x40015213) srai    tp, sp, 0
core   0: 1 0x00000000800052ce (0x40015213) x4  0x0000000000000000
core   0: 0x00000000800052d2 (0x00459e33) sll     t3, a1, tp
core   0: 1 0x00000000800052d2 (0x00459e33) x28 0x000000003434aa73
core   0: 0x00000000800052d6 (0x0292f4b3) remu    s1, t0, s1
core   0: 1 0x00000000800052d6 (0x0292f4b3) x9  0x0000000000000d64
core   0: 0x00000000800052da (0xb022f8f3) csrrci  a7, minstret, 5
core   0: exception trap_illegal_instruction, epc 0x00000000800052da
core   0:           tval 0x00000000b022f8f3
core   0: >>>>  $xrv64i2p1_m2p0_a2p1_f2p2_d2p2_zicsr2p0_zifencei2p0_zmmul1p0_zba1p0_zbb1p0_zbc1p0_zbs1p0
core   0: 0x0000000080004000 (0x0080006f) j       pc + 0x8
core   0: 3 0x0000000080004000 (0x0080006f)
core   0: >>>>  mmode_exception_handler
core   0: 0x0000000080004008 (0x00002c17) auipc   s8, 0x2
core   0: 3 0x0000000080004008 (0x00002c17) x24 0x0000000080006008
core   0: 0x000000008000400c (0x002c0c13) addi    s8, s8, 2
core   0: 3 0x000000008000400c (0x002c0c13) x24 0x000000008000600a
core   0: 0x0000000080004010 (0x000c00e7) jalr    s8
core   0: 3 0x0000000080004010 (0x000c00e7) x1  0x0000000080004014
core   0: >>>>  any_handler
core   0: 0x000000008000600a (0x341027f3) csrrs   a5, mepc, zero
core   0: 3 0x000000008000600a (0x341027f3) x15 0x00000000800052da
core   0: 0x000000008000600e (0x34202773) csrrs   a4, mcause, zero
core   0: 3 0x000000008000600e (0x34202773) x14 0x0000000000000002
core   0: 0x0000000080006012 (0x142026f3) csrrs   a3, scause, zero
core   0: 3 0x0000000080006012 (0x142026f3) x13 0x0000000000000000
core   0: 0x0000000080006016 (0x30402673) csrrs   a2, mie, zero
core   0: 3 0x0000000080006016 (0x30402673) x12 0x0000000000000a00
core   0: 0x000000008000601a (0x344025f3) csrrs   a1, mip, zero
core   0: 3 0x000000008000601a (0x344025f3) x11 0x0000000000000080
core   0: 0x000000008000601e (0x343025f3) csrrs   a1, mtval, zero
core   0: 3 0x000000008000601e (0x343025f3) x11 0x00000000b022f8f3
core   0: 0x0000000080006022 (0x14302573) csrrs   a0, stval, zero
core   0: 3 0x0000000080006022 (0x14302573) x10 0x0000000000000000
core   0: 0x0000000080006026 (0xb02024f3) csrrs   s1, minstret, zero
core   0: 3 0x0000000080006026 (0xb02024f3) x9  0x0000000000000e19
core   0: 0x000000008000602a (0x0000a811) c.j     pc + 20
core   0: 3 0x000000008000602a (0xa811)
core   0: >>>>  mepc_4
core   0: 0x000000008000603e (0x00000791) c.addi  a5, 4
core   0: 3 0x000000008000603e (0x0791) x15 0x00000000800052de
core   0: 0x0000000080006040 (0x34179073) csrrw   zero, mepc, a5
core   0: 3 0x0000000080006040 (0x34179073) c833_mepc 0x00000000800052de
core   0: 0x0000000080006044 (0x30200073) mret
core   0: 3 0x0000000080006044 (0x30200073) c768_mstatus 0x8000000a00106080
core   0: 0x00000000800052de (0xd025f7d3) fcvt.s.l fa5, a1
core   0: 1 0x00000000800052de (0xd025f7d3) c1_fflags 0x0000000000000015 f15 0xffffffff4f3022f9
core   0: 0x00000000800052e2 (0x40187153) fcvt.s.d ft2, fa6
core   0: 1 0x00000000800052e2 (0x40187153) f2  0xffffffff00000000
core   0: 0x00000000800052e6 (0x03133ab3) mulhu   s5, t1, a7
core   0: 1 0x00000000800052e6 (0x03133ab3) x21 0x0000000000000000
core   0: 0x00000000800052ea (0x02530db3) mul     s11, t1, t0
core   0: 1 0x00000000800052ea (0x02530db3) x27 0xa985e08889dce50c
core   0: 0x00000000800052ee (0x12e27cd3) fmul.d  fs9, ft4, fa4
core   0: 1 0x00000000800052ee (0x12e27cd3) f25 0x7ff8000000000000
core   0: 0x00000000800052f2 (0x0a87f853) fsub.d  fa6, fa5, fs0
core   0: 1 0x00000000800052f2 (0x0a87f853) f16 0x7ff8000000000000
core   0: 0x00000000800052f6 (0x03c6c73b) divw    a4, a3, t3
core   0: 1 0x00000000800052f6 (0x03c6c73b) x14 0x0000000000000000
core   0: 0x00000000800052fa (0x000c4c33) xor     s8, s8, zero
core   0: 1 0x00000000800052fa (0x000c4c33) x24 0x000000008000600a
core   0: 0x00000000800052fe (0x24118a1b) addiw   s4, gp, 577
core   0: 1 0x00000000800052fe (0x24118a1b) x20 0x0000000000000240
core   0: 0x0000000080005302 (0x12907447) fmsub.d fs0, ft0, fs1, ft2
core   0: 1 0x0000000080005302 (0x12907447) f8  0x7ff8000000000000
core   0: 0x0000000080005306 (0x2a8b11d3) fmax.d  ft3, fs6, fs0
core   0: 1 0x0000000080005306 (0x2a8b11d3) f3  0x7ff8000000000000
core   0: 0x000000008000530a (0xd033fdd3) fcvt.s.lu fs11, t2
core   0: 1 0x000000008000530a (0xd033fdd3) f27 0xffffffff00000000
core   0: 0x000000008000530e (0xc20b7453) fcvt.w.d s0, fs6
core   0: 1 0x000000008000530e (0xc20b7453) c1_fflags 0x0000000000000015 x8  0x000000007fffffff
core   0: 0x0000000080005312 (0x408e5db3) sra     s11, t3, s0
core   0: 1 0x0000000080005312 (0x408e5db3) x27 0x0000000000000000
core   0: 0x0000000080005316 (0x0110f0b3) and     ra, ra, a7
core   0: 1 0x0000000080005316 (0x0110f0b3) x1  0x0000000000000000
core   0: 0x000000008000531a (0x00000001) c.nop
core   0: 1 0x000000008000531a (0x0001)
core   0: 0x000000008000531c (0x000e1a9b) slliw   s5, t3, 0
core   0: 1 0x000000008000531c (0x000e1a9b) x21 0x000000003434aa73
core   0: 0x0000000080005320 (0x410e5e1b) sraiw   t3, t3, 16
core   0: 1 0x0000000080005320 (0x410e5e1b) x28 0x0000000000003434
core   0: 0x0000000080005324 (0x1a6efec7) fmsub.d ft9, ft9, ft6, ft3
core   0: 1 0x0000000080005324 (0x1a6efec7) f29 0x7ff8000000000000
core   0: 0x0000000080005328 (0x1bd57553) fdiv.d  fa0, fa0, ft9
core   0: 1 0x0000000080005328 (0x1bd57553) f10 0x7ff8000000000000
core   0: 0x000000008000532c (0xc210fed3) fcvt.wu.d t4, ft1
core   0: 1 0x000000008000532c (0xc210fed3) c1_fflags 0x0000000000000015 x29 0xffffffffffffffff
core   0: 0x0000000080005330 (0x00000001) c.nop
core   0: 1 0x0000000080005330 (0x0001)
core   0: 0x0000000080005332 (0xe20004d3) fmv.x.d s1, ft0
core   0: 1 0x0000000080005332 (0xe20004d3) x9  0x7ff8000000000000
core   0: 0x0000000080005336 (0x140ff273) csrrci  tp, sscratch, 31
core   0: 1 0x0000000080005336 (0x140ff273) x4  0x000000000000001f c320_sscratch 0x0000000000000000
core   0: 0x000000008000533a (0x0025f6b3) and     a3, a1, sp
core   0: 1 0x000000008000533a (0x0025f6b3) x13 0x0000000000000000
core   0: 0x000000008000533e (0x01ca111b) slliw   sp, s4, 28
core   0: 1 0x000000008000533e (0x01ca111b) x2  0x0000000000000000
core   0: 0x0000000080005342 (0x326e7447) fmsub.d fs0, ft8, ft6, ft6
core   0: 1 0x0000000080005342 (0x326e7447) f8  0x7ff8000000000000
core   0: 0x0000000080005346 (0xfff1099b) addiw   s3, sp, -1
core   0: 1 0x0000000080005346 (0xfff1099b) x19 0xffffffffffffffff
core   0: 0x000000008000534a (0x02ff77d3) fadd.d  fa5, ft10, fa5
core   0: 1 0x000000008000534a (0x02ff77d3) f15 0x7ff8000000000000
core   0: 0x000000008000534e (0xd8ac0713) addi    a4, s8, -630
core   0: 1 0x000000008000534e (0xd8ac0713) x14 0x0000000080005d94
core   0: 0x0000000080005352 (0x00f9103b) sllw    zero, s2, a5
core   0: 1 0x0000000080005352 (0x00f9103b)
core   0: 0x0000000080005356 (0xd21000d3) fcvt.d.wu ft1, zero
core   0: 1 0x0000000080005356 (0xd21000d3) f1  0x0000000000000000
core   0: 0x000000008000535a (0x01f91293) slli    t0, s2, 31
core   0: 1 0x000000008000535a (0x01f91293) x5  0xffffffff80000000
core   0: 0x000000008000535e (0x002295b3) sll     a1, t0, sp
core   0: 1 0x000000008000535e (0x002295b3) x11 0xffffffff80000000
core   0: 0x0000000080005362 (0xd20885d3) fcvt.d.w fa1, a7
core   0: 1 0x0000000080005362 (0xd20885d3) f11 0x0000000000000000
core   0: 0x0000000080005366 (0x2aa701d3) fmin.d  ft3, fa4, fa0
core   0: 1 0x0000000080005366 (0x2aa701d3) f3  0x7ff8000000000000
core   0: 0x000000008000536a (0x2a2b96d3) fmax.d  fa3, fs7, ft2
core   0: 1 0x000000008000536a (0x2a2b96d3) f13 0x7ff8000000000000
core   0: 0x000000008000536e (0x00000001) c.nop
core   0: 1 0x000000008000536e (0x0001)
core   0: 0x0000000080005370 (0xd2397553) fcvt.d.lu fa0, s2
core   0: 1 0x0000000080005370 (0xd2397553) c1_fflags 0x0000000000000015 f10 0x43f0000000000000
core   0: 0x0000000080005374 (0x885a9617) auipc   a2, 0x885a9
core   0: 1 0x0000000080005374 (0x885a9617) x12 0x00000000085ae374
core   0: 0x0000000080005378 (0xffdc2c37) lui     s8, 0xffdc2
core   0: 1 0x0000000080005378 (0xffdc2c37) x24 0xffffffffffdc2000
core   0: 0x000000008000537c (0x1f3c0c1b) addiw   s8, s8, 499
core   0: 1 0x000000008000537c (0x1f3c0c1b) x24 0xffffffffffdc21f3
core   0: 0x0000000080005380 (0x00000c42) c.slli  s8, 16
core   0: 1 0x0000000080005380 (0x0c42) x24 0xffffffdc21f30000
core   0: 0x0000000080005382 (0x6ddc0c13) addi    s8, s8, 1757
core   0: 1 0x0000000080005382 (0x6ddc0c13) x24 0xffffffdc21f306dd
core   0: 0x0000000080005386 (0xc21879d3) fcvt.wu.d s3, fa6
core   0: 1 0x0000000080005386 (0xc21879d3) c1_fflags 0x0000000000000015 x19 0xffffffffffffffff
core   0: 0x000000008000538a (0xd2098253) fcvt.d.w ft4, s3
core   0: 1 0x000000008000538a (0xd2098253) f4  0xbff0000000000000
core   0: 0x000000008000538e (0x0228773b) remuw   a4, a6, sp
core   0: 1 0x000000008000538e (0x0228773b) x14 0x0000000000000000
core   0: 0x0000000080005392 (0x00c465b3) or      a1, s0, a2
core   0: 1 0x0000000080005392 (0x00c465b3) x11 0x000000007fffffff
core   0: 0x0000000080005396 (0x014ed21b) srliw   tp, t4, 20
core   0: 1 0x0000000080005396 (0x014ed21b) x4  0x0000000000000fff
core   0: 0x000000008000539a (0x01f69c9b) slliw   s9, a3, 31
core   0: 1 0x000000008000539a (0x01f69c9b) x25 0x0000000000000000
core   0: 0x000000008000539e (0xc01cb573) csrrc   a0, time, s9
core   0: exception trap_illegal_instruction, epc 0x000000008000539e
core   0:           tval 0x00000000c01cb573
core   0: >>>>  $xrv64i2p1_m2p0_a2p1_f2p2_d2p2_zicsr2p0_zifencei2p0_zmmul1p0_zba1p0_zbb1p0_zbc1p0_zbs1p0
core   0: 0x0000000080004000 (0x0080006f) j       pc + 0x8
core   0: 3 0x0000000080004000 (0x0080006f)
core   0: >>>>  mmode_exception_handler
core   0: 0x0000000080004008 (0x00002c17) auipc   s8, 0x2
core   0: 3 0x0000000080004008 (0x00002c17) x24 0x0000000080006008
core   0: 0x000000008000400c (0x002c0c13) addi    s8, s8, 2
core   0: 3 0x000000008000400c (0x002c0c13) x24 0x000000008000600a
core   0: 0x0000000080004010 (0x000c00e7) jalr    s8
core   0: 3 0x0000000080004010 (0x000c00e7) x1  0x0000000080004014
core   0: >>>>  any_handler
core   0: 0x000000008000600a (0x341027f3) csrrs   a5, mepc, zero
core   0: 3 0x000000008000600a (0x341027f3) x15 0x000000008000539e
core   0: 0x000000008000600e (0x34202773) csrrs   a4, mcause, zero
core   0: 3 0x000000008000600e (0x34202773) x14 0x0000000000000002
core   0: 0x0000000080006012 (0x142026f3) csrrs   a3, scause, zero
core   0: 3 0x0000000080006012 (0x142026f3) x13 0x0000000000000000
core   0: 0x0000000080006016 (0x30402673) csrrs   a2, mie, zero
core   0: 3 0x0000000080006016 (0x30402673) x12 0x0000000000000a00
core   0: 0x000000008000601a (0x344025f3) csrrs   a1, mip, zero
core   0: 3 0x000000008000601a (0x344025f3) x11 0x0000000000000080
core   0: 0x000000008000601e (0x343025f3) csrrs   a1, mtval, zero
core   0: 3 0x000000008000601e (0x343025f3) x11 0x00000000c01cb573
core   0: 0x0000000080006022 (0x14302573) csrrs   a0, stval, zero
core   0: 3 0x0000000080006022 (0x14302573) x10 0x0000000000000000
core   0: 0x0000000080006026 (0xb02024f3) csrrs   s1, minstret, zero
core   0: 3 0x0000000080006026 (0xb02024f3) x9  0x0000000000000e5b
core   0: 0x000000008000602a (0x0000a811) c.j     pc + 20
core   0: 3 0x000000008000602a (0xa811)
core   0: >>>>  mepc_4
core   0: 0x000000008000603e (0x00000791) c.addi  a5, 4
core   0: 3 0x000000008000603e (0x0791) x15 0x00000000800053a2
core   0: 0x0000000080006040 (0x34179073) csrrw   zero, mepc, a5
core   0: 3 0x0000000080006040 (0x34179073) c833_mepc 0x00000000800053a2
core   0: 0x0000000080006044 (0x30200073) mret
core   0: 3 0x0000000080006044 (0x30200073) c768_mstatus 0x8000000a00106080
core   0: 0x00000000800053a2 (0x02f231b3) mulhu   gp, tp, a5
core   0: 1 0x00000000800053a2 (0x02f231b3) x3  0x0000000000000000
core   0: 0x00000000800053a6 (0x0210f7d3) fadd.d  fa5, ft1, ft1
core   0: 1 0x00000000800053a6 (0x0210f7d3) f15 0x0000000000000000
core   0: 0x00000000800053aa (0x00202373) csrrs   t1, frm, zero
core   0: 1 0x00000000800053aa (0x00202373) x6  0x0000000000000000
core   0: 0x00000000800053ae (0x344191f3) csrrw   gp, mip, gp
core   0: exception trap_illegal_instruction, epc 0x00000000800053ae
core   0:           tval 0x00000000344191f3
core   0: >>>>  $xrv64i2p1_m2p0_a2p1_f2p2_d2p2_zicsr2p0_zifencei2p0_zmmul1p0_zba1p0_zbb1p0_zbc1p0_zbs1p0
core   0: 0x0000000080004000 (0x0080006f) j       pc + 0x8
core   0: 3 0x0000000080004000 (0x0080006f)
core   0: >>>>  mmode_exception_handler
core   0: 0x0000000080004008 (0x00002c17) auipc   s8, 0x2
core   0: 3 0x0000000080004008 (0x00002c17) x24 0x0000000080006008
core   0: 0x000000008000400c (0x002c0c13) addi    s8, s8, 2
core   0: 3 0x000000008000400c (0x002c0c13) x24 0x000000008000600a
core   0: 0x0000000080004010 (0x000c00e7) jalr    s8
core   0: 3 0x0000000080004010 (0x000c00e7) x1  0x0000000080004014
core   0: >>>>  any_handler
core   0: 0x000000008000600a (0x341027f3) csrrs   a5, mepc, zero
core   0: 3 0x000000008000600a (0x341027f3) x15 0x00000000800053ae
core   0: 0x000000008000600e (0x34202773) csrrs   a4, mcause, zero
core   0: 3 0x000000008000600e (0x34202773) x14 0x0000000000000002
core   0: 0x0000000080006012 (0x142026f3) csrrs   a3, scause, zero
core   0: 3 0x0000000080006012 (0x142026f3) x13 0x0000000000000000
core   0: 0x0000000080006016 (0x30402673) csrrs   a2, mie, zero
core   0: 3 0x0000000080006016 (0x30402673) x12 0x0000000000000a00
core   0: 0x000000008000601a (0x344025f3) csrrs   a1, mip, zero
core   0: 3 0x000000008000601a (0x344025f3) x11 0x0000000000000080
core   0: 0x000000008000601e (0x343025f3) csrrs   a1, mtval, zero
core   0: 3 0x000000008000601e (0x343025f3) x11 0x00000000344191f3
core   0: 0x0000000080006022 (0x14302573) csrrs   a0, stval, zero
core   0: 3 0x0000000080006022 (0x14302573) x10 0x0000000000000000
core   0: 0x0000000080006026 (0xb02024f3) csrrs   s1, minstret, zero
core   0: 3 0x0000000080006026 (0xb02024f3) x9  0x0000000000000e6e
core   0: 0x000000008000602a (0x0000a811) c.j     pc + 20
core   0: 3 0x000000008000602a (0xa811)
core   0: >>>>  mepc_4
core   0: 0x000000008000603e (0x00000791) c.addi  a5, 4
core   0: 3 0x000000008000603e (0x0791) x15 0x00000000800053b2
core   0: 0x0000000080006040 (0x34179073) csrrw   zero, mepc, a5
core   0: 3 0x0000000080006040 (0x34179073) c833_mepc 0x00000000800053b2
core   0: 0x0000000080006044 (0x30200073) mret
core   0: 3 0x0000000080006044 (0x30200073) c768_mstatus 0x8000000a00106080
core   0: 0x00000000800053b2 (0x0277ff53) fadd.d  ft10, fa5, ft7
core   0: 1 0x00000000800053b2 (0x0277ff53) f30 0x7ff8000000000000
core   0: 0x00000000800053b6 (0xd23078d3) fcvt.d.lu fa7, zero
core   0: 1 0x00000000800053b6 (0xd23078d3) f17 0x0000000000000000
core   0: 0x00000000800053ba (0x017a43b3) xor     t2, s4, s7
core   0: 1 0x00000000800053ba (0x017a43b3) x7  0x000000009e19a324
core   0: 0x00000000800053be (0x021cc4bb) divw    s1, s9, ra
core   0: 1 0x00000000800053be (0x021cc4bb) x9  0x0000000000000000
core   0: 0x00000000800053c2 (0x00e4debb) srlw    t4, s1, a4
core   0: 1 0x00000000800053c2 (0x00e4debb) x29 0x0000000000000000
core   0: 0x00000000800053c6 (0xc238f8d3) fcvt.lu.d a7, fa7
core   0: 1 0x00000000800053c6 (0xc238f8d3) x17 0x0000000000000000
core   0: 0x00000000800053ca (0xc02073d3) fcvt.l.s t2, ft0
core   0: 1 0x00000000800053ca (0xc02073d3) c1_fflags 0x0000000000000015 x7  0x7fffffffffffffff
core   0: 0x00000000800053ce (0x01775bbb) srlw    s7, a4, s7
core   0: 1 0x00000000800053ce (0x01775bbb) x23 0x0000000000000000
core   0: 0x00000000800053d2 (0x036bf233) remu    tp, s7, s6
core   0: 1 0x00000000800053d2 (0x036bf233) x4  0x0000000000000000
core   0: 0x00000000800053d6 (0x0376abb3) mulhsu  s7, a3, s7
core   0: 1 0x00000000800053d6 (0x0376abb3) x23 0x0000000000000000
core   0: 0x00000000800053da (0xd23d73d3) fcvt.d.lu ft7, s10
core   0: 1 0x00000000800053da (0xd23d73d3) c1_fflags 0x0000000000000015 f7  0x43f0000000000000
core   0: 0x00000000800053de (0xc037f9d3) fcvt.lu.s s3, fa5
core   0: 1 0x00000000800053de (0xc037f9d3) c1_fflags 0x0000000000000015 x19 0xffffffffffffffff
core   0: 0x00000000800053e2 (0x2af80553) fmin.d  fa0, fa6, fa5
core   0: 1 0x00000000800053e2 (0x2af80553) f10 0x0000000000000000
core   0: 0x00000000800053e6 (0x035d2a33) mulhsu  s4, s10, s5
core   0: 1 0x00000000800053e6 (0x035d2a33) x20 0xffffffffffffffff
core   0: 0x00000000800053ea (0xfff7c793) not     a5, a5
core   0: 1 0x00000000800053ea (0xfff7c793) x15 0xffffffff7fffac4d
core   0: 0x00000000800053ee (0xd03ef5d3) fcvt.s.lu fa1, t4
core   0: 1 0x00000000800053ee (0xd03ef5d3) f11 0xffffffff00000000
core   0: 0x00000000800053f2 (0x01922133) slt     sp, tp, s9
core   0: 1 0x00000000800053f2 (0x01922133) x2  0x0000000000000000
core   0: 0x00000000800053f6 (0x00184833) xor     a6, a6, ra
core   0: 1 0x00000000800053f6 (0x00184833) x16 0x0000000080004014
core   0: 0x00000000800053fa (0x020d8933) mul     s2, s11, zero
core   0: 1 0x00000000800053fa (0x020d8933) x18 0x0000000000000000
core   0: 0x00000000800053fe (0x412ed93b) sraw    s2, t4, s2
core   0: 1 0x00000000800053fe (0x412ed93b) x18 0x0000000000000000
core   0: 0x0000000080005402 (0x019e2bb3) slt     s7, t3, s9
core   0: 1 0x0000000080005402 (0x019e2bb3) x23 0x0000000000000000
core   0: 0x0000000080005406 (0x41a0d413) srai    s0, ra, 26
core   0: 1 0x0000000080005406 (0x41a0d413) x8  0x0000000000000020
core   0: 0x000000008000540a (0x00425833) srl     a6, tp, tp
core   0: 1 0x000000008000540a (0x00425833) x16 0x0000000000000000
core   0: 0x000000008000540e (0xc038f1d3) fcvt.lu.s gp, fa7
core   0: 1 0x000000008000540e (0xc038f1d3) c1_fflags 0x0000000000000015 x3  0xffffffffffffffff
core   0: 0x0000000080005412 (0x01705d9b) srliw   s11, zero, 23
core   0: 1 0x0000000080005412 (0x01705d9b) x27 0x0000000000000000
core   0: 0x0000000080005416 (0x007a24b3) slt     s1, s4, t2
core   0: 1 0x0000000080005416 (0x007a24b3) x9  0x0000000000000001
core   0: 0x000000008000541a (0x037c5eb3) divu    t4, s8, s7
core   0: 1 0x000000008000541a (0x037c5eb3) x29 0xffffffffffffffff
core   0: 0x000000008000541e (0xd2148bd3) fcvt.d.wu fs7, s1
core   0: 1 0x000000008000541e (0xd2148bd3) f23 0x3ff0000000000000
core   0: 0x0000000080005422 (0xc00ce973) csrrsi  s2, cycle, 25
core   0: exception trap_illegal_instruction, epc 0x0000000080005422
core   0:           tval 0x00000000c00ce973
core   0: >>>>  $xrv64i2p1_m2p0_a2p1_f2p2_d2p2_zicsr2p0_zifencei2p0_zmmul1p0_zba1p0_zbb1p0_zbc1p0_zbs1p0
core   0: 0x0000000080004000 (0x0080006f) j       pc + 0x8
core   0: 3 0x0000000080004000 (0x0080006f)
core   0: >>>>  mmode_exception_handler
core   0: 0x0000000080004008 (0x00002c17) auipc   s8, 0x2
core   0: 3 0x0000000080004008 (0x00002c17) x24 0x0000000080006008
core   0: 0x000000008000400c (0x002c0c13) addi    s8, s8, 2
core   0: 3 0x000000008000400c (0x002c0c13) x24 0x000000008000600a
core   0: 0x0000000080004010 (0x000c00e7) jalr    s8
core   0: 3 0x0000000080004010 (0x000c00e7) x1  0x0000000080004014
core   0: >>>>  any_handler
core   0: 0x000000008000600a (0x341027f3) csrrs   a5, mepc, zero
core   0: 3 0x000000008000600a (0x341027f3) x15 0x0000000080005422
core   0: 0x000000008000600e (0x34202773) csrrs   a4, mcause, zero
core   0: 3 0x000000008000600e (0x34202773) x14 0x0000000000000002
core   0: 0x0000000080006012 (0x142026f3) csrrs   a3, scause, zero
core   0: 3 0x0000000080006012 (0x142026f3) x13 0x0000000000000000
core   0: 0x0000000080006016 (0x30402673) csrrs   a2, mie, zero
core   0: 3 0x0000000080006016 (0x30402673) x12 0x0000000000000a00
core   0: 0x000000008000601a (0x344025f3) csrrs   a1, mip, zero
core   0: 3 0x000000008000601a (0x344025f3) x11 0x0000000000000080
core   0: 0x000000008000601e (0x343025f3) csrrs   a1, mtval, zero
core   0: 3 0x000000008000601e (0x343025f3) x11 0x00000000c00ce973
core   0: 0x0000000080006022 (0x14302573) csrrs   a0, stval, zero
core   0: 3 0x0000000080006022 (0x14302573) x10 0x0000000000000000
core   0: 0x0000000080006026 (0xb02024f3) csrrs   s1, minstret, zero
core   0: 3 0x0000000080006026 (0xb02024f3) x9  0x0000000000000e9a
core   0: 0x000000008000602a (0x0000a811) c.j     pc + 20
core   0: 3 0x000000008000602a (0xa811)
core   0: >>>>  mepc_4
core   0: 0x000000008000603e (0x00000791) c.addi  a5, 4
core   0: 3 0x000000008000603e (0x0791) x15 0x0000000080005426
core   0: 0x0000000080006040 (0x34179073) csrrw   zero, mepc, a5
core   0: 3 0x0000000080006040 (0x34179073) c833_mepc 0x0000000080005426
core   0: 0x0000000080006044 (0x30200073) mret
core   0: 3 0x0000000080006044 (0x30200073) c768_mstatus 0x8000000a00106080
core   0: 0x0000000080005426 (0xe2028e53) fmv.x.d t3, ft5
core   0: 1 0x0000000080005426 (0xe2028e53) x28 0x41efffff85e00000
core   0: 0x000000008000542a (0x4139d3bb) sraw    t2, s3, s3
core   0: 1 0x000000008000542a (0x4139d3bb) x7  0xffffffffffffffff
core   0: 0x000000008000542e (0x0ff0000f) fence   iorw,iorw
core   0: 1 0x000000008000542e (0x0ff0000f)
core   0: 0x0000000080005432 (0x40f4d49b) sraiw   s1, s1, 15
core   0: 1 0x0000000080005432 (0x40f4d49b) x9  0x0000000000000000
core   0: 0x0000000080005436 (0x401c5bbb) sraw    s7, s8, ra
core   0: 1 0x0000000080005436 (0x401c5bbb) x23 0xfffffffffffff800
core   0: 0x000000008000543a (0x0181e133) or      sp, gp, s8
core   0: 1 0x000000008000543a (0x0181e133) x2  0xffffffffffffffff
core   0: 0x000000008000543e (0x7ff2c293) xori    t0, t0, 2047
core   0: 1 0x000000008000543e (0x7ff2c293) x5  0xffffffff800007ff
core   0: 0x0000000080005442 (0x00391d13) slli    s10, s2, 3
core   0: 1 0x0000000080005442 (0x00391d13) x26 0x0000000000000000
core   0: 0x0000000080005446 (0x41fbdd9b) sraiw   s11, s7, 31
core   0: 1 0x0000000080005446 (0x41fbdd9b) x27 0xffffffffffffffff
core   0: 0x000000008000544a (0xc2c67017) auipc   zero, 0xc2c67
core   0: 1 0x000000008000544a (0xc2c67017)
core   0: 0x000000008000544e (0x00638933) add     s2, t2, t1
core   0: 1 0x000000008000544e (0x00638933) x18 0xffffffffffffffff
core   0: 0x0000000080005452 (0x0133e8b3) or      a7, t2, s3
core   0: 1 0x0000000080005452 (0x0133e8b3) x17 0xffffffffffffffff
core   0: 0x0000000080005456 (0x41685313) srai    t1, a6, 22
core   0: 1 0x0000000080005456 (0x41685313) x6  0x0000000000000000
core   0: 0x000000008000545a (0x415e03bb) subw    t2, t3, s5
core   0: 1 0x000000008000545a (0x415e03bb) x7  0x0000000051ab558d
core   0: 0x000000008000545e (0x0263563b) divuw   a2, t1, t1
core   0: 1 0x000000008000545e (0x0263563b) x12 0xffffffffffffffff
core   0: 0x0000000080005462 (0x001c9713) slli    a4, s9, 1
core   0: 1 0x0000000080005462 (0x001c9713) x14 0x0000000000000000
core   0: 0x0000000080005466 (0x0002d69b) srliw   a3, t0, 0
core   0: 1 0x0000000080005466 (0x0002d69b) x13 0xffffffff800007ff
core   0: 0x000000008000546a (0x03f8dc13) srli    s8, a7, 63
core   0: 1 0x000000008000546a (0x03f8dc13) x24 0x0000000000000001
core   0: 0x000000008000546e (0x236212d3) fsgnjn.d ft5, ft4, fs6
core   0: 1 0x000000008000546e (0x236212d3) f5  0xbff0000000000000
core   0: 0x0000000080005472 (0x5a09ffd3) fsqrt.d ft11, fs3
core   0: 1 0x0000000080005472 (0x5a09ffd3) f31 0x7ff8000000000000
core   0: 0x0000000080005476 (0xd02b7653) fcvt.s.l fa2, s6
core   0: 1 0x0000000080005476 (0xd02b7653) f12 0xffffffff00000000
core   0: 0x000000008000547a (0xc2197753) fcvt.wu.d a4, fs2
core   0: 1 0x000000008000547a (0xc2197753) c1_fflags 0x0000000000000015 x14 0xffffffffffffffff
core   0: 0x000000008000547e (0xfef97a37) lui     s4, 0xfef97
core   0: 1 0x000000008000547e (0xfef97a37) x20 0xfffffffffef97000
core   0: 0x0000000080005482 (0xaada0a1b) addiw   s4, s4, -1363
core   0: 1 0x0000000080005482 (0xaada0a1b) x20 0xfffffffffef96aad
core   0: 0x0000000080005486 (0x00000a3a) c.slli  s4, 14
core   0: 1 0x0000000080005486 (0x0a3a) x20 0xffffffbe5aab4000
core   0: 0x0000000080005488 (0x0f5a0a13) addi    s4, s4, 245
core   0: 1 0x0000000080005488 (0x0f5a0a13) x20 0xffffffbe5aab40f5
core   0: 0x000000008000548c (0x00cd01b3) add     gp, s10, a2
core   0: 1 0x000000008000548c (0x00cd01b3) x3  0xffffffffffffffff
core   0: 0x0000000080005490 (0x001898f3) csrrw   a7, fflags, a7
core   0: 1 0x0000000080005490 (0x001898f3) x17 0x0000000000000015 c1_fflags 0x000000000000001f
core   0: 0x0000000080005494 (0x20357413) andi    s0, a0, 515
core   0: 1 0x0000000080005494 (0x20357413) x8  0x0000000000000000
core   0: 0x0000000080005498 (0x01740bbb) addw    s7, s0, s7
core   0: 1 0x0000000080005498 (0x01740bbb) x23 0xfffffffffffff800
core   0: 0x000000008000549c (0xd2347a53) fcvt.d.lu fs4, s0
core   0: 1 0x000000008000549c (0xd2347a53) f20 0x0000000000000000
core   0: 0x00000000800054a0 (0x035af6d3) fadd.d  fa3, fs5, fs5
core   0: 1 0x00000000800054a0 (0x035af6d3) f13 0x7ff8000000000000
core   0: 0x00000000800054a4 (0x428b74cb) fnmsub.d fs1, fs6, fs0, fs0
core   0: 1 0x00000000800054a4 (0x428b74cb) f9  0x7ff8000000000000
core   0: 0x00000000800054a8 (0xea715b37) lui     s6, 0xea715
core   0: 1 0x00000000800054a8 (0xea715b37) x22 0xffffffffea715000
core   0: 0x00000000800054ac (0x0160f1b3) and     gp, ra, s6
core   0: 1 0x00000000800054ac (0x0160f1b3) x3  0x0000000080004000
core   0: 0x00000000800054b0 (0x0e8d7237) lui     tp, 0xe8d7
core   0: 1 0x00000000800054b0 (0x0e8d7237) x4  0x000000000e8d7000
core   0: 0x00000000800054b4 (0x0ace7653) fsub.d  fa2, ft8, fa2
core   0: 1 0x00000000800054b4 (0x0ace7653) f12 0x7ff8000000000000
core   0: 0x00000000800054b8 (0xd20201d3) fcvt.d.w ft3, tp
core   0: 1 0x00000000800054b8 (0xd20201d3) f3  0x41ad1ae000000000
core   0: 0x00000000800054bc (0xfff38793) addi    a5, t2, -1
core   0: 1 0x00000000800054bc (0xfff38793) x15 0x0000000051ab558c
core   0: 0x00000000800054c0 (0x021d5dbb) divuw   s11, s10, ra
core   0: 1 0x00000000800054c0 (0x021d5dbb) x27 0x0000000000000000
core   0: 0x00000000800054c4 (0x03e6f7d3) fadd.d  fa5, fa3, ft10
core   0: 1 0x00000000800054c4 (0x03e6f7d3) f15 0x7ff8000000000000
core   0: 0x00000000800054c8 (0xd020fc53) fcvt.s.l fs8, ra
core   0: 1 0x00000000800054c8 (0xd020fc53) c1_fflags 0x000000000000001f f24 0xffffffff4f000040
core   0: 0x00000000800054cc (0x238b89d3) fsgnj.d fs3, fs7, fs8
core   0: 1 0x00000000800054cc (0x238b89d3) f19 0xbff0000000000000
core   0: 0x00000000800054d0 (0x40e75733) sra     a4, a4, a4
core   0: 1 0x00000000800054d0 (0x40e75733) x14 0xffffffffffffffff
core   0: 0x00000000800054d4 (0x4017db9b) sraiw   s7, a5, 1
core   0: 1 0x00000000800054d4 (0x4017db9b) x23 0x0000000028d5aac6
core   0: 0x00000000800054d8 (0x0b35f5d3) fsub.d  fa1, fa1, fs3
core   0: 1 0x00000000800054d8 (0x0b35f5d3) f11 0x7ff8000000000000
core   0: 0x00000000800054dc (0x0042909b) slliw   ra, t0, 4
core   0: 1 0x00000000800054dc (0x0042909b) x1  0x0000000000007ff0
core   0: 0x00000000800054e0 (0x003b9b9b) slliw   s7, s7, 3
core   0: 1 0x00000000800054e0 (0x003b9b9b) x23 0x0000000046ad5630
core   0: 0x00000000800054e4 (0x0bf0891b) addiw   s2, ra, 191
core   0: 1 0x00000000800054e4 (0x0bf0891b) x18 0x00000000000080af
core   0: 0x00000000800054e8 (0x012292bb) sllw    t0, t0, s2
core   0: 1 0x00000000800054e8 (0x012292bb) x5  0x0000000003ff8000
core   0: 0x00000000800054ec (0x002118b3) sll     a7, sp, sp
core   0: 1 0x00000000800054ec (0x002118b3) x17 0x8000000000000000
core   0: 0x00000000800054f0 (0xfb2fe437) lui     s0, 0xfb2fe
core   0: 1 0x00000000800054f0 (0xfb2fe437) x8  0xfffffffffb2fe000
core   0: 0x00000000800054f4 (0xf674041b) addiw   s0, s0, -153
core   0: 1 0x00000000800054f4 (0xf674041b) x8  0xfffffffffb2fdf67
core   0: 0x00000000800054f8 (0x00000432) c.slli  s0, 12
core   0: 1 0x00000000800054f8 (0x0432) x8  0xffffffb2fdf67000
core   0: 0x00000000800054fa (0x7b240413) addi    s0, s0, 1970
core   0: 1 0x00000000800054fa (0x7b240413) x8  0xffffffb2fdf677b2
core   0: 0x00000000800054fe (0x9a9bf143) fmadd.d ft2, fs7, fs1, fs3
core   0: 1 0x00000000800054fe (0x9a9bf143) f2  0x7ff8000000000000
core   0: 0x0000000080005502 (0x03044abb) divw    s5, s0, a6
core   0: 1 0x0000000080005502 (0x03044abb) x21 0xffffffffffffffff
core   0: 0x0000000080005506 (0xc205f4d3) fcvt.w.d s1, fa1
core   0: 1 0x0000000080005506 (0xc205f4d3) c1_fflags 0x000000000000001f x9  0x000000007fffffff
core   0: 0x000000008000550a (0xd03d7953) fcvt.s.lu fs2, s10
core   0: 1 0x000000008000550a (0xd03d7953) f18 0xffffffff00000000
core   0: 0x000000008000550e (0x01b46333) or      t1, s0, s11
core   0: 1 0x000000008000550e (0x01b46333) x6  0xffffffb2fdf677b2
core   0: 0x0000000080005512 (0xd23dfd53) fcvt.d.lu fs10, s11
core   0: 1 0x0000000080005512 (0xd23dfd53) f26 0x0000000000000000
core   0: 0x0000000080005516 (0x1a197053) fdiv.d  ft0, fs2, ft1
core   0: 1 0x0000000080005516 (0x1a197053) f0  0x7ff8000000000000
core   0: 0x000000008000551a (0x001316f3) csrrw   a3, fflags, t1
core   0: 1 0x000000008000551a (0x001316f3) x13 0x000000000000001f c1_fflags 0x0000000000000012
core   0: 0x000000008000551e (0xd23cfcd3) fcvt.d.lu fs9, s9
core   0: 1 0x000000008000551e (0xd23cfcd3) f25 0x0000000000000000
core   0: 0x0000000080005522 (0xe20f8ad3) fmv.x.d s5, ft11
core   0: 1 0x0000000080005522 (0xe20f8ad3) x21 0x7ff8000000000000
core   0: 0x0000000080005526 (0x001895bb) sllw    a1, a7, ra
core   0: 1 0x0000000080005526 (0x001895bb) x11 0x0000000000000000
core   0: 0x000000008000552a (0xd029fbd3) fcvt.s.l fs7, s3
core   0: 1 0x000000008000552a (0xd029fbd3) f23 0xffffffffbf800000
core   0: 0x000000008000552e (0x0085d91b) srliw   s2, a1, 8
core   0: 1 0x000000008000552e (0x0085d91b) x18 0x0000000000000000
core   0: 0x0000000080005532 (0x0779c693) xori    a3, s3, 119
core   0: 1 0x0000000080005532 (0x0779c693) x13 0xffffffffffffff88
core   0: 0x0000000080005536 (0x420f86d3) fcvt.d.s fa3, ft11
core   0: 1 0x0000000080005536 (0x420f86d3) f13 0x7ff8000000000000
core   0: 0x000000008000553a (0x1015b397) auipc   t2, 0x1015b
core   0: 1 0x000000008000553a (0x1015b397) x7  0x000000009016053a
core   0: 0x000000008000553e (0xd2397cd3) fcvt.d.lu fs9, s2
core   0: 1 0x000000008000553e (0xd2397cd3) f25 0x0000000000000000
core   0: 0x0000000080005542 (0x009e5333) srl     t1, t3, s1
core   0: 1 0x0000000080005542 (0x009e5333) x6  0x0000000000000000
core   0: 0x0000000080005546 (0x02c0fb3b) remuw   s6, ra, a2
core   0: 1 0x0000000080005546 (0x02c0fb3b) x22 0x0000000000007ff0
core   0: 0x000000008000554a (0xcfacc113) xori    sp, s9, -774
core   0: 1 0x000000008000554a (0xcfacc113) x2  0xfffffffffffffcfa
core   0: 0x000000008000554e (0x00a3dcb3) srl     s9, t2, a0
core   0: 1 0x000000008000554e (0x00a3dcb3) x25 0x000000009016053a
core   0: 0x0000000080005552 (0x1cddcd93) xori    s11, s11, 461
core   0: 1 0x0000000080005552 (0x1cddcd93) x27 0x00000000000001cd
core   0: 0x0000000080005556 (0x01ec5c1b) srliw   s8, s8, 30
core   0: 1 0x0000000080005556 (0x01ec5c1b) x24 0x0000000000000000
core   0: 0x000000008000555a (0x420100d3) fcvt.d.s ft1, ft2
core   0: 1 0x000000008000555a (0x420100d3) f1  0x7ff8000000000000
core   0: 0x000000008000555e (0x0bb3fad3) fsub.d  fs5, ft7, fs11
core   0: 1 0x000000008000555e (0x0bb3fad3) f21 0x7ff8000000000000
core   0: 0x0000000080005562 (0x0387f8bb) remuw   a7, a5, s8
core   0: 1 0x0000000080005562 (0x0387f8bb) x17 0x0000000051ab558c
core   0: 0x0000000080005566 (0x1a31fdd3) fdiv.d  fs11, ft3, ft3
core   0: 1 0x0000000080005566 (0x1a31fdd3) f27 0x3ff0000000000000
core   0: 0x000000008000556a (0xf20082d3) fmv.d.x ft5, ra
core   0: 1 0x000000008000556a (0xf20082d3) f5  0x0000000000007ff0
core   0: 0x000000008000556e (0x0ff0000f) fence   iorw,iorw
core   0: 1 0x000000008000556e (0x0ff0000f)
core   0: 0x0000000080005572 (0xc2327853) fcvt.lu.d a6, ft4
core   0: 1 0x0000000080005572 (0xc2327853) c1_fflags 0x0000000000000012 x16 0x0000000000000000
core   0: 0x0000000080005576 (0xf20106d3) fmv.d.x fa3, sp
core   0: 1 0x0000000080005576 (0xf20106d3) f13 0xfffffffffffffcfa
core   0: 0x000000008000557a (0x8eed0893) addi    a7, s10, -1810
core   0: 1 0x000000008000557a (0x8eed0893) x17 0xfffffffffffff8ee
core   0: 0x000000008000557e (0x002027f3) csrrs   a5, frm, zero
core   0: 1 0x000000008000557e (0x002027f3) x15 0x0000000000000000
core   0: 0x0000000080005582 (0x6ad63617) auipc   a2, 0x6ad63
core   0: 1 0x0000000080005582 (0x6ad63617) x12 0x00000000ead68582
core   0: 0x0000000080005586 (0x02d6e03b) remw    zero, a3, a3
core   0: 1 0x0000000080005586 (0x02d6e03b)
core   0: 0x000000008000558a (0xc22c7a53) fcvt.l.d s4, fs8
core   0: 1 0x000000008000558a (0xc22c7a53) c1_fflags 0x0000000000000012 x20 0x7fffffffffffffff
core   0: 0x000000008000558e (0xa38601d3) fle.d   gp, fa2, fs8
core   0: 1 0x000000008000558e (0xa38601d3) c1_fflags 0x0000000000000012 x3  0x0000000000000000
core   0: 0x0000000080005592 (0x0168e0b3) or      ra, a7, s6
core   0: 1 0x0000000080005592 (0x0168e0b3) x1  0xfffffffffffffffe
core   0: 0x0000000080005596 (0x4146da3b) sraw    s4, a3, s4
core   0: 1 0x0000000080005596 (0x4146da3b) x20 0xffffffffffffffff
core   0: 0x000000008000559a (0x01ca151b) slliw   a0, s4, 28
core   0: 1 0x000000008000559a (0x01ca151b) x10 0xfffffffff0000000
core   0: 0x000000008000559e (0xd22e7553) fcvt.d.l fa0, t3
core   0: 1 0x000000008000559e (0xd22e7553) f10 0x43d07bffffe17800
core   0: 0x00000000800055a2 (0xf20e01d3) fmv.d.x ft3, t3
core   0: 1 0x00000000800055a2 (0xf20e01d3) f3  0x41efffff85e00000
core   0: 0x00000000800055a6 (0x01264ab3) xor     s5, a2, s2
core   0: 1 0x00000000800055a6 (0x01264ab3) x21 0x00000000ead68582
core   0: 0x00000000800055aa (0x41fedb1b) sraiw   s6, t4, 31
core   0: 1 0x00000000800055aa (0x41fedb1b) x22 0xffffffffffffffff
core   0: 0x00000000800055ae (0x99dc0a9b) addiw   s5, s8, -1635
core   0: 1 0x00000000800055ae (0x99dc0a9b) x21 0xfffffffffffff99d
core   0: 0x00000000800055b2 (0x53e1f7cb) fnmsub.d fa5, ft3, ft10, fa0
core   0: 1 0x00000000800055b2 (0x53e1f7cb) f15 0x7ff8000000000000
core   0: 0x00000000800055b6 (0xc211f6d3) fcvt.wu.d a3, ft3
core   0: 1 0x00000000800055b6 (0xc211f6d3) x13 0xfffffffffffffc2f
core   0: 0x00000000800055ba (0x7ff87d93) andi    s11, a6, 2047
core   0: 1 0x00000000800055ba (0x7ff87d93) x27 0x0000000000000000
core   0: 0x00000000800055be (0x41fad893) srai    a7, s5, 31
core   0: 1 0x00000000800055be (0x41fad893) x17 0xffffffffffffffff
core   0: 0x00000000800055c2 (0x1a1e76d3) fdiv.d  fa3, ft8, ft1
core   0: 1 0x00000000800055c2 (0x1a1e76d3) f13 0x7ff8000000000000
core   0: 0x00000000800055c6 (0xe4e8ca93) xori    s5, a7, -434
core   0: 1 0x00000000800055c6 (0xe4e8ca93) x21 0x00000000000001b1
core   0: 0x00000000800055ca (0x03d43eb3) mulhu   t4, s0, t4
core   0: 1 0x00000000800055ca (0x03d43eb3) x29 0xffffffb2fdf677b1
core   0: 0x00000000800055ce (0x2ad69a53) fmax.d  fs4, fa3, fa3
core   0: 1 0x00000000800055ce (0x2ad69a53) f20 0x7ff8000000000000
core   0: 0x00000000800055d2 (0x02f38cbb) mulw    s9, t2, a5
core   0: 1 0x00000000800055d2 (0x02f38cbb) x25 0x0000000000000000
core   0: 0x00000000800055d6 (0x03aec3b3) div     t2, t4, s10
core   0: 1 0x00000000800055d6 (0x03aec3b3) x7  0xffffffffffffffff
core   0: 0x00000000800055da (0x934ccc13) xori    s8, s9, -1740
core   0: 1 0x00000000800055da (0x934ccc13) x24 0xfffffffffffff934
core   0: 0x00000000800055de (0x00202073) csrrs   zero, frm, zero
core   0: 1 0x00000000800055de (0x00202073)
core   0: 0x00000000800055e2 (0x013051bb) srlw    gp, zero, s3
core   0: 1 0x00000000800055e2 (0x013051bb) x3  0x0000000000000000
core   0: 0x00000000800055e6 (0x23d9abd3) fsgnjx.d fs7, fs3, ft9
core   0: 1 0x00000000800055e6 (0x23d9abd3) f23 0xbff0000000000000
core   0: 0x00000000800055ea (0x13f07053) fmul.d  ft0, ft0, ft11
core   0: 1 0x00000000800055ea (0x13f07053) f0  0x7ff8000000000000
core   0: 0x00000000800055ee (0x00d1ddbb) srlw    s11, gp, a3
core   0: 1 0x00000000800055ee (0x00d1ddbb) x27 0x0000000000000000
core   0: 0x00000000800055f2 (0x3ab8f447) fmsub.d fs0, fa7, fa1, ft7
core   0: 1 0x00000000800055f2 (0x3ab8f447) f8  0x7ff8000000000000
core   0: 0x00000000800055f6 (0xc038f853) fcvt.lu.s a6, fa7
core   0: 1 0x00000000800055f6 (0xc038f853) c1_fflags 0x0000000000000012 x16 0xffffffffffffffff
core   0: 0x00000000800055fa (0xd20d82d3) fcvt.d.w ft5, s11
core   0: 1 0x00000000800055fa (0xd20d82d3) f5  0x0000000000000000
core   0: 0x00000000800055fe (0xe2028653) fmv.x.d a2, ft5
core   0: 1 0x00000000800055fe (0xe2028653) x12 0x0000000000000000
core   0: 0x0000000080005602 (0xc2257cd3) fcvt.l.d s9, fa0
core   0: 1 0x0000000080005602 (0xc2257cd3) x25 0x41efffff85e00000
core   0: 0x0000000080005606 (0x026113b3) mulh    t2, sp, t1
core   0: 1 0x0000000080005606 (0x026113b3) x7  0x0000000000000000
core   0: 0x000000008000560a (0x001595bb) sllw    a1, a1, ra
core   0: 1 0x000000008000560a (0x001595bb) x11 0x0000000000000000
core   0: 0x000000008000560e (0x032c17b3) mulh    a5, s8, s2
core   0: 1 0x000000008000560e (0x032c17b3) x15 0x0000000000000000
core   0: 0x0000000080005612 (0x03ad00b3) mul     ra, s10, s10
core   0: 1 0x0000000080005612 (0x03ad00b3) x1  0x0000000000000000
core   0: 0x0000000080005616 (0x01e01693) slli    a3, zero, 30
core   0: 1 0x0000000080005616 (0x01e01693) x13 0x0000000000000000
core   0: 0x000000008000561a (0x0060da3b) srlw    s4, ra, t1
core   0: 1 0x000000008000561a (0x0060da3b) x20 0x0000000000000000
core   0: 0x000000008000561e (0x3cbe9117) auipc   sp, 0x3cbe9
core   0: 1 0x000000008000561e (0x3cbe9117) x2  0x00000000bcbee61e
core   0: 0x0000000080005622 (0x024e7ebb) remuw   t4, t3, tp
core   0: 1 0x0000000080005622 (0x024e7ebb) x29 0x0000000002e71000
core   0: 0x0000000080005626 (0x013e999b) slliw   s3, t4, 19
core   0: 1 0x0000000080005626 (0x013e999b) x19 0xffffffff80000000
core   0: 0x000000008000562a (0x1b0c7fd3) fdiv.d  ft11, fs8, fa6
core   0: 1 0x000000008000562a (0x1b0c7fd3) f31 0x7ff8000000000000
core   0: 0x000000008000562e (0x001d0d3b) addw    s10, s10, ra
core   0: 1 0x000000008000562e (0x001d0d3b) x26 0x0000000000000000
core   0: 0x0000000080005632 (0x2f7cf497) auipc   s1, 0x2f7cf
core   0: 1 0x0000000080005632 (0x2f7cf497) x9  0x00000000af7d4632
core   0: 0x0000000080005636 (0x23ffad53) fsgnjx.d fs10, ft11, ft11
core   0: 1 0x0000000080005636 (0x23ffad53) f26 0x7ff8000000000000
core   0: 0x000000008000563a (0x403cd413) srai    s0, s9, 3
core   0: 1 0x000000008000563a (0x403cd413) x8  0x083dfffff0bc0000
core   0: 0x000000008000563e (0x004cd2b3) srl     t0, s9, tp
core   0: 1 0x000000008000563e (0x004cd2b3) x5  0x41efffff85e00000
core   0: 0x0000000080005642 (0xd22270d3) fcvt.d.l ft1, tp
core   0: 1 0x0000000080005642 (0xd22270d3) f1  0x41ad1ae000000000
core   0: 0x0000000080005646 (0xd23bf353) fcvt.d.lu ft6, s7
core   0: 1 0x0000000080005646 (0xd23bf353) f6  0x41d1ab558c000000
core   0: 0x000000008000564a (0x5afff54f) fnmadd.d fa0, ft11, fa5, fa1
core   0: 1 0x000000008000564a (0x5afff54f) f10 0x7ff8000000000000
core   0: 0x000000008000564e (0x22639353) fsgnjn.d ft6, ft7, ft6
core   0: 1 0x000000008000564e (0x22639353) f6  0xc3f0000000000000
core   0: 0x0000000080005652 (0x226f17d3) fsgnjn.d fa5, ft10, ft6
core   0: 1 0x0000000080005652 (0x226f17d3) f15 0x7ff8000000000000
core   0: 0x0000000080005656 (0x013a9b3b) sllw    s6, s5, s3
core   0: 1 0x0000000080005656 (0x013a9b3b) x22 0x00000000000001b1
core   0: 0x000000008000565a (0x00a0f133) and     sp, ra, a0
core   0: 1 0x000000008000565a (0x00a0f133) x2  0x0000000000000000
core   0: 0x000000008000565e (0xd20d8fd3) fcvt.d.w ft11, s11
core   0: 1 0x000000008000565e (0xd20d8fd3) f31 0x0000000000000000
core   0: 0x0000000080005662 (0xc0267953) fcvt.l.s s2, fa2
core   0: 1 0x0000000080005662 (0xc0267953) c1_fflags 0x0000000000000012 x18 0x7fffffffffffffff
core   0: 0x0000000080005666 (0xe2078a53) fmv.x.d s4, fa5
core   0: 1 0x0000000080005666 (0xe2078a53) x20 0x7ff8000000000000
core   0: 0x000000008000566a (0x2aef9bd3) fmax.d  fs7, ft11, fa4
core   0: 1 0x000000008000566a (0x2aef9bd3) f23 0x0000000000000000
core   0: 0x000000008000566e (0x1048d0f3) csrrwi  ra, sie, 17
core   0: 1 0x000000008000566e (0x1048d0f3) x1  0x0000000000000000 c772_mie 0x0000000000000a00
core   0: 0x0000000080005672 (0x001095f3) csrrw   a1, fflags, ra
core   0: 1 0x0000000080005672 (0x001095f3) x11 0x0000000000000012 c1_fflags 0x0000000000000000
core   0: 0x0000000080005676 (0x00008d29) c.xor   a0, a0
core   0: 1 0x0000000080005676 (0x8d29) x10 0x0000000000000000
core   0: 0x0000000080005678 (0x0015e713) ori     a4, a1, 1
core   0: 1 0x0000000080005678 (0x0015e713) x14 0x0000000000000013
core   0: 0x000000008000567c (0x00071c93) slli    s9, a4, 0
core   0: 1 0x000000008000567c (0x00071c93) x25 0x0000000000000013
core   0: 0x0000000080005680 (0x323a75c7) fmsub.d fa1, fs4, ft3, ft6
core   0: 1 0x0000000080005680 (0x323a75c7) f11 0x7ff8000000000000
core   0: 0x0000000080005684 (0x5a07f853) fsqrt.d fa6, fa5
core   0: 1 0x0000000080005684 (0x5a07f853) f16 0x7ff8000000000000
core   0: 0x0000000080005688 (0x00008c21) c.xor   s0, s0
core   0: 1 0x0000000080005688 (0x8c21) x8  0x0000000000000000
core   0: 0x000000008000568a (0x00239173) csrrw   sp, frm, t2
core   0: 1 0x000000008000568a (0x00239173) x2  0x0000000000000000 c2_frm 0x0000000000000000
core   0: 0x000000008000568e (0x0226e933) rem     s2, a3, sp
core   0: 1 0x000000008000568e (0x0226e933) x18 0x0000000000000000
core   0: 0x0000000080005692 (0x019a8bb3) add     s7, s5, s9
core   0: 1 0x0000000080005692 (0x019a8bb3) x23 0x00000000000001c4
core   0: 0x0000000080005696 (0x43575613) srai    a2, a4, 53
core   0: 1 0x0000000080005696 (0x43575613) x12 0x0000000000000000
core   0: 0x000000008000569a (0xc04797f3) csrrw   a5, hpmcounter4, a5
core   0: exception trap_illegal_instruction, epc 0x000000008000569a
core   0:           tval 0x00000000c04797f3
core   0: >>>>  $xrv64i2p1_m2p0_a2p1_f2p2_d2p2_zicsr2p0_zifencei2p0_zmmul1p0_zba1p0_zbb1p0_zbc1p0_zbs1p0
core   0: 0x0000000080004000 (0x0080006f) j       pc + 0x8
core   0: 3 0x0000000080004000 (0x0080006f)
core   0: >>>>  mmode_exception_handler
core   0: 0x0000000080004008 (0x00002c17) auipc   s8, 0x2
core   0: 3 0x0000000080004008 (0x00002c17) x24 0x0000000080006008
core   0: 0x000000008000400c (0x002c0c13) addi    s8, s8, 2
core   0: 3 0x000000008000400c (0x002c0c13) x24 0x000000008000600a
core   0: 0x0000000080004010 (0x000c00e7) jalr    s8
core   0: 3 0x0000000080004010 (0x000c00e7) x1  0x0000000080004014
core   0: >>>>  any_handler
core   0: 0x000000008000600a (0x341027f3) csrrs   a5, mepc, zero
core   0: 3 0x000000008000600a (0x341027f3) x15 0x000000008000569a
core   0: 0x000000008000600e (0x34202773) csrrs   a4, mcause, zero
core   0: 3 0x000000008000600e (0x34202773) x14 0x0000000000000002
core   0: 0x0000000080006012 (0x142026f3) csrrs   a3, scause, zero
core   0: 3 0x0000000080006012 (0x142026f3) x13 0x0000000000000000
core   0: 0x0000000080006016 (0x30402673) csrrs   a2, mie, zero
core   0: 3 0x0000000080006016 (0x30402673) x12 0x0000000000000a00
core   0: 0x000000008000601a (0x344025f3) csrrs   a1, mip, zero
core   0: 3 0x000000008000601a (0x344025f3) x11 0x0000000000000080
core   0: 0x000000008000601e (0x343025f3) csrrs   a1, mtval, zero
core   0: 3 0x000000008000601e (0x343025f3) x11 0x00000000c04797f3
core   0: 0x0000000080006022 (0x14302573) csrrs   a0, stval, zero
core   0: 3 0x0000000080006022 (0x14302573) x10 0x0000000000000000
core   0: 0x0000000080006026 (0xb02024f3) csrrs   s1, minstret, zero
core   0: 3 0x0000000080006026 (0xb02024f3) x9  0x0000000000000f49
core   0: 0x000000008000602a (0x0000a811) c.j     pc + 20
core   0: 3 0x000000008000602a (0xa811)
core   0: >>>>  mepc_4
core   0: 0x000000008000603e (0x00000791) c.addi  a5, 4
core   0: 3 0x000000008000603e (0x0791) x15 0x000000008000569e
core   0: 0x0000000080006040 (0x34179073) csrrw   zero, mepc, a5
core   0: 3 0x0000000080006040 (0x34179073) c833_mepc 0x000000008000569e
core   0: 0x0000000080006044 (0x30200073) mret
core   0: 3 0x0000000080006044 (0x30200073) c768_mstatus 0x8000000a00106080
core   0: 0x000000008000569e (0x2a758253) fmin.d  ft4, fa1, ft7
core   0: 1 0x000000008000569e (0x2a758253) f4  0x43f0000000000000
core   0: 0x00000000800056a2 (0x0017c413) xori    s0, a5, 1
core   0: 1 0x00000000800056a2 (0x0017c413) x8  0x000000008000569f
core   0: 0x00000000800056a6 (0x0147ac33) slt     s8, a5, s4
core   0: 1 0x00000000800056a6 (0x0147ac33) x24 0x0000000000000001
core   0: 0x00000000800056aa (0x02d546bb) divw    a3, a0, a3
core   0: 1 0x00000000800056aa (0x02d546bb) x13 0xffffffffffffffff
core   0: 0x00000000800056ae (0x017aa0b3) slt     ra, s5, s7
core   0: 1 0x00000000800056ae (0x017aa0b3) x1  0x0000000000000001
core   0: 0x00000000800056b2 (0x223314d3) fsgnjn.d fs1, ft6, ft3
core   0: 1 0x00000000800056b2 (0x223314d3) f9  0xc3f0000000000000
core   0: 0x00000000800056b6 (0x0123f933) and     s2, t2, s2
core   0: 1 0x00000000800056b6 (0x0123f933) x18 0x0000000000000000
core   0: 0x00000000800056ba (0x401a8abb) subw    s5, s5, ra
core   0: 1 0x00000000800056ba (0x401a8abb) x21 0x00000000000001b0
core   0: 0x00000000800056be (0x23740bd3) fsgnj.d fs7, fs0, fs7
core   0: 1 0x00000000800056be (0x23740bd3) f23 0x7ff8000000000000
core   0: 0x00000000800056c2 (0x00102df3) csrrs   s11, fflags, zero
core   0: 1 0x00000000800056c2 (0x00102df3) x27 0x0000000000000000
core   0: 0x00000000800056c6 (0x014daa33) slt     s4, s11, s4
core   0: 1 0x00000000800056c6 (0x014daa33) x20 0x0000000000000001
core   0: 0x00000000800056ca (0xd02afb53) fcvt.s.l fs6, s5
core   0: 1 0x00000000800056ca (0xd02afb53) f22 0xffffffff43d80000
core   0: 0x00000000800056ce (0xc03b7653) fcvt.lu.s a2, fs6
core   0: 1 0x00000000800056ce (0xc03b7653) x12 0x00000000000001b0
core   0: 0x00000000800056d2 (0xc03bf753) fcvt.lu.s a4, fs7
core   0: 1 0x00000000800056d2 (0xc03bf753) c1_fflags 0x0000000000000010 x14 0xffffffffffffffff
core   0: 0x00000000800056d6 (0xd2070ad3) fcvt.d.w fs5, a4
core   0: 1 0x00000000800056d6 (0xd2070ad3) f21 0xbff0000000000000
core   0: 0x00000000800056da (0x00251b73) csrrw   s6, frm, a0
core   0: 1 0x00000000800056da (0x00251b73) x22 0x0000000000000000 c2_frm 0x0000000000000000
core   0: 0x00000000800056de (0x00202bf3) csrrs   s7, frm, zero
core   0: 1 0x00000000800056de (0x00202bf3) x23 0x0000000000000000
core   0: 0x00000000800056e2 (0x5098e113) ori     sp, a7, 1289
core   0: 1 0x00000000800056e2 (0x5098e113) x2  0xffffffffffffffff
core   0: 0x00000000800056e6 (0x402856b3) sra     a3, a6, sp
core   0: 1 0x00000000800056e6 (0x402856b3) x13 0xffffffffffffffff
core   0: 0x00000000800056ea (0x002b9173) csrrw   sp, frm, s7
core   0: 1 0x00000000800056ea (0x002b9173) x2  0x0000000000000000 c2_frm 0x0000000000000000
core   0: 0x00000000800056ee (0x747a9573) csrrw   a0, mseccfg, s5
core   0: exception trap_illegal_instruction, epc 0x00000000800056ee
core   0:           tval 0x00000000747a9573
core   0: >>>>  $xrv64i2p1_m2p0_a2p1_f2p2_d2p2_zicsr2p0_zifencei2p0_zmmul1p0_zba1p0_zbb1p0_zbc1p0_zbs1p0
core   0: 0x0000000080004000 (0x0080006f) j       pc + 0x8
core   0: 3 0x0000000080004000 (0x0080006f)
core   0: >>>>  mmode_exception_handler
core   0: 0x0000000080004008 (0x00002c17) auipc   s8, 0x2
core   0: 3 0x0000000080004008 (0x00002c17) x24 0x0000000080006008
core   0: 0x000000008000400c (0x002c0c13) addi    s8, s8, 2
core   0: 3 0x000000008000400c (0x002c0c13) x24 0x000000008000600a
core   0: 0x0000000080004010 (0x000c00e7) jalr    s8
core   0: 3 0x0000000080004010 (0x000c00e7) x1  0x0000000080004014
core   0: >>>>  any_handler
core   0: 0x000000008000600a (0x341027f3) csrrs   a5, mepc, zero
core   0: 3 0x000000008000600a (0x341027f3) x15 0x00000000800056ee
core   0: 0x000000008000600e (0x34202773) csrrs   a4, mcause, zero
core   0: 3 0x000000008000600e (0x34202773) x14 0x0000000000000002
core   0: 0x0000000080006012 (0x142026f3) csrrs   a3, scause, zero
core   0: 3 0x0000000080006012 (0x142026f3) x13 0x0000000000000000
core   0: 0x0000000080006016 (0x30402673) csrrs   a2, mie, zero
core   0: 3 0x0000000080006016 (0x30402673) x12 0x0000000000000a00
core   0: 0x000000008000601a (0x344025f3) csrrs   a1, mip, zero
core   0: 3 0x000000008000601a (0x344025f3) x11 0x0000000000000080
core   0: 0x000000008000601e (0x343025f3) csrrs   a1, mtval, zero
core   0: 3 0x000000008000601e (0x343025f3) x11 0x00000000747a9573
core   0: 0x0000000080006022 (0x14302573) csrrs   a0, stval, zero
core   0: 3 0x0000000080006022 (0x14302573) x10 0x0000000000000000
core   0: 0x0000000080006026 (0xb02024f3) csrrs   s1, minstret, zero
core   0: 3 0x0000000080006026 (0xb02024f3) x9  0x0000000000000f6d
core   0: 0x000000008000602a (0x0000a811) c.j     pc + 20
core   0: 3 0x000000008000602a (0xa811)
core   0: >>>>  mepc_4
core   0: 0x000000008000603e (0x00000791) c.addi  a5, 4
core   0: 3 0x000000008000603e (0x0791) x15 0x00000000800056f2
core   0: 0x0000000080006040 (0x34179073) csrrw   zero, mepc, a5
core   0: 3 0x0000000080006040 (0x34179073) c833_mepc 0x00000000800056f2
core   0: 0x0000000080006044 (0x30200073) mret
core   0: 3 0x0000000080006044 (0x30200073) c768_mstatus 0x8000000a00106080
core   0: 0x00000000800056f2 (0x01aec4b3) xor     s1, t4, s10
core   0: 1 0x00000000800056f2 (0x01aec4b3) x9  0x0000000002e71000
core   0: 0x00000000800056f6 (0xd021f9d3) fcvt.s.l fs3, gp
core   0: 1 0x00000000800056f6 (0xd021f9d3) f19 0xffffffff00000000
core   0: 0x00000000800056fa (0xc0257ad3) fcvt.l.s s5, fa0
core   0: 1 0x00000000800056fa (0xc0257ad3) c1_fflags 0x0000000000000010 x21 0x7fffffffffffffff
core   0: 0x00000000800056fe (0x406bd013) srai    zero, s7, 6
core   0: 1 0x00000000800056fe (0x406bd013)
core   0: 0x0000000080005702 (0xa33309d3) fle.d   s3, ft6, fs3
core   0: 1 0x0000000080005702 (0xa33309d3) c1_fflags 0x0000000000000010 x19 0x0000000000000000
core   0: 0x0000000080005706 (0x013544b3) xor     s1, a0, s3
core   0: 1 0x0000000080005706 (0x013544b3) x9  0x0000000000000000
core   0: 0x000000008000570a (0x010308bb) addw    a7, t1, a6
core   0: 1 0x000000008000570a (0x010308bb) x17 0xffffffffffffffff
core   0: 0x000000008000570e (0x0046de3b) srlw    t3, a3, tp
core   0: 1 0x000000008000570e (0x0046de3b) x28 0x0000000000000000
core   0: 0x0000000080005712 (0x22a07043) fmadd.d ft0, ft0, fa0, ft4
core   0: 1 0x0000000080005712 (0x22a07043) f0  0x7ff8000000000000
core   0: 0x0000000080005716 (0x80046413) ori     s0, s0, -2048
core   0: 1 0x0000000080005716 (0x80046413) x8  0xfffffffffffffe9f
core   0: 0x000000008000571a (0x0234c4b3) div     s1, s1, gp
core   0: 1 0x000000008000571a (0x0234c4b3) x9  0xffffffffffffffff
core   0: 0x000000008000571e (0x43dd7b47) fmsub.d fs6, fs10, ft9, fs0
core   0: 1 0x000000008000571e (0x43dd7b47) f22 0x7ff8000000000000
core   0: 0x0000000080005722 (0x0021143b) sllw    s0, sp, sp
core   0: 1 0x0000000080005722 (0x0021143b) x8  0x0000000000000000
core   0: 0x0000000080005726 (0x01110433) add     s0, sp, a7
core   0: 1 0x0000000080005726 (0x01110433) x8  0xffffffffffffffff
core   0: 0x000000008000572a (0x0139d4b3) srl     s1, s3, s3
core   0: 1 0x000000008000572a (0x0139d4b3) x9  0x0000000000000000
core   0: 0x000000008000572e (0x00db6cb3) or      s9, s6, a3
core   0: 1 0x000000008000572e (0x00db6cb3) x25 0x0000000000000000
core   0: 0x0000000080005732 (0x401ada9b) sraiw   s5, s5, 1
core   0: 1 0x0000000080005732 (0x401ada9b) x21 0xffffffffffffffff
core   0: 0x0000000080005736 (0xf1b3e813) ori     a6, t2, -229
core   0: 1 0x0000000080005736 (0xf1b3e813) x16 0xffffffffffffff1b
core   0: 0x000000008000573a (0x001e5e1b) srliw   t3, t3, 1
core   0: 1 0x000000008000573a (0x001e5e1b) x28 0x0000000000000000
core   0: 0x000000008000573e (0x00c3863b) addw    a2, t2, a2
core   0: 1 0x000000008000573e (0x00c3863b) x12 0x0000000000000a00
core   0: 0x0000000080005742 (0x03948533) mul     a0, s1, s9
core   0: 1 0x0000000080005742 (0x03948533) x10 0x0000000000000000
core   0: 0x0000000080005746 (0x03c1013b) mulw    sp, sp, t3
core   0: 1 0x0000000080005746 (0x03c1013b) x2  0x0000000000000000
core   0: 0x000000008000574a (0x40c1533b) sraw    t1, sp, a2
core   0: 1 0x000000008000574a (0x40c1533b) x6  0x0000000000000000
core   0: 0x000000008000574e (0xc201fb53) fcvt.w.d s6, ft3
core   0: 1 0x000000008000574e (0xc201fb53) c1_fflags 0x0000000000000010 x22 0x000000007fffffff
core   0: 0x0000000080005752 (0xfeaea7b7) lui     a5, 0xfeaea
core   0: 1 0x0000000080005752 (0xfeaea7b7) x15 0xfffffffffeaea000
core   0: 0x0000000080005756 (0x2b97879b) addiw   a5, a5, 697
core   0: 1 0x0000000080005756 (0x2b97879b) x15 0xfffffffffeaea2b9
core   0: 0x000000008000575a (0x000007b6) c.slli  a5, 13
core   0: 1 0x000000008000575a (0x07b6) x15 0xffffffd5d4572000
core   0: 0x000000008000575c (0xe4f78793) addi    a5, a5, -433
core   0: 1 0x000000008000575c (0xe4f78793) x15 0xffffffd5d4571e4f
core   0: 0x0000000080005760 (0x4001db93) srai    s7, gp, 0
core   0: 1 0x0000000080005760 (0x4001db93) x23 0x0000000000000000
core   0: 0x0000000080005764 (0x28ceca37) lui     s4, 0x28cec
core   0: 1 0x0000000080005764 (0x28ceca37) x20 0x0000000028cec000
core   0: 0x0000000080005768 (0xc23d70d3) fcvt.lu.d ra, fs10
core   0: 1 0x0000000080005768 (0xc23d70d3) c1_fflags 0x0000000000000010 x1  0xffffffffffffffff
core   0: 0x000000008000576c (0xd23afbd3) fcvt.d.lu fs7, s5
core   0: 1 0x000000008000576c (0xd23afbd3) c1_fflags 0x0000000000000011 f23 0x43f0000000000000
core   0: 0x0000000080005770 (0x0231f7b3) remu    a5, gp, gp
core   0: 1 0x0000000080005770 (0x0231f7b3) x15 0x0000000000000000
core   0: 0x0000000080005774 (0xd020f453) fcvt.s.l fs0, ra
core   0: 1 0x0000000080005774 (0xd020f453) f8  0xffffffffbf800000
core   0: 0x0000000080005778 (0x000c131b) slliw   t1, s8, 0
core   0: 1 0x0000000080005778 (0x000c131b) x6  0xffffffff8000600a
core   0: 0x000000008000577c (0x401975d3) fcvt.s.d fa1, fs2
core   0: 1 0x000000008000577c (0x401975d3) f11 0xffffffff7fc00000
core   0: 0x0000000080005780 (0x00d66ab3) or      s5, a2, a3
core   0: 1 0x0000000080005780 (0x00d66ab3) x21 0x0000000000000a00
core   0: 0x0000000080005784 (0x00ccdb3b) srlw    s6, s9, a2
core   0: 1 0x0000000080005784 (0x00ccdb3b) x22 0x0000000000000000
core   0: 0x0000000080005788 (0x0376f2bb) remuw   t0, a3, s7
core   0: 1 0x0000000080005788 (0x0376f2bb) x5  0x0000000000000000
core   0: 0x000000008000578c (0xff4927b7) lui     a5, 0xff492
core   0: 1 0x000000008000578c (0xff4927b7) x15 0xffffffffff492000
core   0: 0x0000000080005790 (0xf8f7879b) addiw   a5, a5, -113
core   0: 1 0x0000000080005790 (0xf8f7879b) x15 0xffffffffff491f8f
core   0: 0x0000000080005794 (0x000007be) c.slli  a5, 15
core   0: 1 0x0000000080005794 (0x07be) x15 0xffffffa48fc78000
core   0: 0x0000000080005796 (0x88778793) addi    a5, a5, -1913
core   0: 1 0x0000000080005796 (0x88778793) x15 0xffffffa48fc77887
core   0: 0x000000008000579a (0x01c5ae33) slt     t3, a1, t3
core   0: 1 0x000000008000579a (0x01c5ae33) x28 0x0000000000000000
core   0: 0x000000008000579e (0x000b9b93) slli    s7, s7, 0
core   0: 1 0x000000008000579e (0x000b9b93) x23 0x0000000000000000
core   0: 0x00000000800057a2 (0x00b595b3) sll     a1, a1, a1
core   0: 1 0x00000000800057a2 (0x00b595b3) x11 0xab98000000000000
core   0: 0x00000000800057a6 (0x0086f233) and     tp, a3, s0
core   0: 1 0x00000000800057a6 (0x0086f233) x4  0x0000000000000000
core   0: 0x00000000800057aa (0x4008dc13) srai    s8, a7, 0
core   0: 1 0x00000000800057aa (0x4008dc13) x24 0xffffffffffffffff
core   0: 0x00000000800057ae (0x01a55d3b) srlw    s10, a0, s10
core   0: 1 0x00000000800057ae (0x01a55d3b) x26 0x0000000000000000
core   0: 0x00000000800057b2 (0x038d4133) div     sp, s10, s8
core   0: 1 0x00000000800057b2 (0x038d4133) x2  0x0000000000000000
core   0: 0x00000000800057b6 (0x013408b3) add     a7, s0, s3
core   0: 1 0x00000000800057b6 (0x013408b3) x17 0xffffffffffffffff
core   0: 0x00000000800057ba (0x9375f143) fmadd.d ft2, fa1, fs7, fs2
core   0: 1 0x00000000800057ba (0x9375f143) f2  0x7ff8000000000000
core   0: 0x00000000800057be (0x0114143b) sllw    s0, s0, a7
core   0: 1 0x00000000800057be (0x0114143b) x8  0xffffffff80000000
core   0: 0x00000000800057c2 (0xa29e8d53) fle.d   s10, ft9, fs1
core   0: 1 0x00000000800057c2 (0xa29e8d53) c1_fflags 0x0000000000000011 x26 0x0000000000000000
core   0: 0x00000000800057c6 (0x0ff0000f) fence   iorw,iorw
core   0: 1 0x00000000800057c6 (0x0ff0000f)
core   0: 0x00000000800057ca (0xf374ff4b) fnmsub.d ft10, fs1, fs7, ft10
core   0: 1 0x00000000800057ca (0xf374ff4b) f30 0x7ff8000000000000
core   0: 0x00000000800057ce (0x23b6a6d3) fsgnjx.d fa3, fa3, fs11
core   0: 1 0x00000000800057ce (0x23b6a6d3) f13 0x7ff8000000000000
core   0: 0x00000000800057d2 (0x001d9e9b) slliw   t4, s11, 1
core   0: 1 0x00000000800057d2 (0x001d9e9b) x29 0x0000000000000000
core   0: 0x00000000800057d6 (0xb68ccc37) lui     s8, 0xb68cc
core   0: 1 0x00000000800057d6 (0xb68ccc37) x24 0xffffffffb68cc000
core   0: 0x00000000800057da (0x5a097353) fsqrt.d ft6, fs2
core   0: 1 0x00000000800057da (0x5a097353) f6  0x7ff8000000000000
core   0: 0x00000000800057de (0xd025fdd3) fcvt.s.l fs11, a1
core   0: 1 0x00000000800057de (0xd025fdd3) f27 0xffffffffdea8d000
core   0: 0x00000000800057e2 (0x00035c93) srli    s9, t1, 0
core   0: 1 0x00000000800057e2 (0x00035c93) x25 0xffffffff8000600a
core   0: 0x00000000800057e6 (0xc20ffdd3) fcvt.w.d s11, ft11
core   0: 1 0x00000000800057e6 (0xc20ffdd3) x27 0x0000000000000000
core   0: 0x00000000800057ea (0x2a570853) fmin.d  fa6, fa4, ft5
core   0: 1 0x00000000800057ea (0x2a570853) f16 0x0000000000000000
core   0: 0x00000000800057ee (0xd02373d3) fcvt.s.l ft7, t1
core   0: 1 0x00000000800057ee (0xd02373d3) c1_fflags 0x0000000000000011 f7  0xffffffffceffff40
core   0: 0x00000000800057f2 (0x01ada233) slt     tp, s11, s10
core   0: 1 0x00000000800057f2 (0x01ada233) x4  0x0000000000000000
core   0: 0x00000000800057f6 (0x4a667747) fmsub.d fa4, fa2, ft6, fs1
core   0: 1 0x00000000800057f6 (0x4a667747) f14 0x7ff8000000000000
core   0: 0x00000000800057fa (0x0ff0000f) fence   iorw,iorw
core   0: 1 0x00000000800057fa (0x0ff0000f)
core   0: 0x00000000800057fe (0x7ff74893) xori    a7, a4, 2047
core   0: 1 0x00000000800057fe (0x7ff74893) x17 0x00000000000007fd
core   0: 0x0000000080005802 (0x406e073b) subw    a4, t3, t1
core   0: 1 0x0000000080005802 (0x406e073b) x14 0x000000007fff9ff6
core   0: 0x0000000080005806 (0x9303ff4b) fnmsub.d ft10, ft7, fa6, fs2
core   0: 1 0x0000000080005806 (0x9303ff4b) f30 0x7ff8000000000000
core   0: 0x000000008000580a (0x4097563b) sraw    a2, a4, s1
core   0: 1 0x000000008000580a (0x4097563b) x12 0x000000007fff9ff6
core   0: 0x000000008000580e (0xf119aaf3) csrrs   s5, mvendorid, s3
core   0: exception trap_illegal_instruction, epc 0x000000008000580e
core   0:           tval 0x00000000f119aaf3
core   0: >>>>  $xrv64i2p1_m2p0_a2p1_f2p2_d2p2_zicsr2p0_zifencei2p0_zmmul1p0_zba1p0_zbb1p0_zbc1p0_zbs1p0
core   0: 0x0000000080004000 (0x0080006f) j       pc + 0x8
core   0: 3 0x0000000080004000 (0x0080006f)
core   0: >>>>  mmode_exception_handler
core   0: 0x0000000080004008 (0x00002c17) auipc   s8, 0x2
core   0: 3 0x0000000080004008 (0x00002c17) x24 0x0000000080006008
core   0: 0x000000008000400c (0x002c0c13) addi    s8, s8, 2
core   0: 3 0x000000008000400c (0x002c0c13) x24 0x000000008000600a
core   0: 0x0000000080004010 (0x000c00e7) jalr    s8
core   0: 3 0x0000000080004010 (0x000c00e7) x1  0x0000000080004014
core   0: >>>>  any_handler
core   0: 0x000000008000600a (0x341027f3) csrrs   a5, mepc, zero
core   0: 3 0x000000008000600a (0x341027f3) x15 0x000000008000580e
core   0: 0x000000008000600e (0x34202773) csrrs   a4, mcause, zero
core   0: 3 0x000000008000600e (0x34202773) x14 0x0000000000000002
core   0: 0x0000000080006012 (0x142026f3) csrrs   a3, scause, zero
core   0: 3 0x0000000080006012 (0x142026f3) x13 0x0000000000000000
core   0: 0x0000000080006016 (0x30402673) csrrs   a2, mie, zero
core   0: 3 0x0000000080006016 (0x30402673) x12 0x0000000000000a00
core   0: 0x000000008000601a (0x344025f3) csrrs   a1, mip, zero
core   0: 3 0x000000008000601a (0x344025f3) x11 0x0000000000000080
core   0: 0x000000008000601e (0x343025f3) csrrs   a1, mtval, zero
core   0: 3 0x000000008000601e (0x343025f3) x11 0x00000000f119aaf3
core   0: 0x0000000080006022 (0x14302573) csrrs   a0, stval, zero
core   0: 3 0x0000000080006022 (0x14302573) x10 0x0000000000000000
core   0: 0x0000000080006026 (0xb02024f3) csrrs   s1, minstret, zero
core   0: 3 0x0000000080006026 (0xb02024f3) x9  0x0000000000000fc5
core   0: 0x000000008000602a (0x0000a811) c.j     pc + 20
core   0: 3 0x000000008000602a (0xa811)
core   0: >>>>  mepc_4
core   0: 0x000000008000603e (0x00000791) c.addi  a5, 4
core   0: 3 0x000000008000603e (0x0791) x15 0x0000000080005812
core   0: 0x0000000080006040 (0x34179073) csrrw   zero, mepc, a5
core   0: 3 0x0000000080006040 (0x34179073) c833_mepc 0x0000000080005812
core   0: 0x0000000080006044 (0x30200073) mret
core   0: 3 0x0000000080006044 (0x30200073) c768_mstatus 0x8000000a00106080
core   0: 0x0000000080005812 (0x01ace033) or      zero, s9, s10
core   0: 1 0x0000000080005812 (0x01ace033)
core   0: 0x0000000080005816 (0x40f7d7bb) sraw    a5, a5, a5
core   0: 1 0x0000000080005816 (0x40f7d7bb) x15 0xffffffffffffe000
core   0: 0x000000008000581a (0x00fe8d3b) addw    s10, t4, a5
core   0: 1 0x000000008000581a (0x00fe8d3b) x26 0xffffffffffffe000
core   0: 0x000000008000581e (0x001b1573) csrrw   a0, fflags, s6
core   0: 1 0x000000008000581e (0x001b1573) x10 0x0000000000000011 c1_fflags 0x0000000000000000
core   0: 0x0000000080005822 (0xb8ce0797) auipc   a5, 0xb8ce0
core   0: 1 0x0000000080005822 (0xb8ce0797) x15 0x0000000038ce5822
core   0: 0x0000000080005826 (0x40a486bb) subw    a3, s1, a0
core   0: 1 0x0000000080005826 (0x40a486bb) x13 0x0000000000000fb4
core   0: 0x000000008000582a (0x232722d3) fsgnjx.d ft5, fa4, fs2
core   0: 1 0x000000008000582a (0x232722d3) f5  0xfff8000000000000
core   0: 0x000000008000582e (0x40d4073b) subw    a4, s0, a3
core   0: 1 0x000000008000582e (0x40d4073b) x14 0x000000007ffff04c
core   0: 0x0000000080005832 (0x0008da93) srli    s5, a7, 0
core   0: 1 0x0000000080005832 (0x0008da93) x21 0x00000000000007fd
core   0: 0x0000000080005836 (0xfbf4f443) fmadd.d fs0, fs1, ft11, ft11
core   0: 1 0x0000000080005836 (0xfbf4f443) f8  0x0000000000000000
core   0: 0x000000008000583a (0x023661bb) remw    gp, a2, gp
core   0: 1 0x000000008000583a (0x023661bb) x3  0x0000000000000a00
core   0: 0x000000008000583e (0x23c793d3) fsgnjn.d ft7, fa5, ft8
core   0: 1 0x000000008000583e (0x23c793d3) f7  0x7ff8000000000000
core   0: 0x0000000080005842 (0x22fd2d53) fsgnjx.d fs10, fs10, fa5
core   0: 1 0x0000000080005842 (0x22fd2d53) f26 0x7ff8000000000000
core   0: 0x0000000080005846 (0xf1505173) csrrwi  sp, mconfigptr, 0
core   0: exception trap_illegal_instruction, epc 0x0000000080005846
core   0:           tval 0x00000000f1505173
core   0: >>>>  $xrv64i2p1_m2p0_a2p1_f2p2_d2p2_zicsr2p0_zifencei2p0_zmmul1p0_zba1p0_zbb1p0_zbc1p0_zbs1p0
core   0: 0x0000000080004000 (0x0080006f) j       pc + 0x8
core   0: 3 0x0000000080004000 (0x0080006f)
core   0: >>>>  mmode_exception_handler
core   0: 0x0000000080004008 (0x00002c17) auipc   s8, 0x2
core   0: 3 0x0000000080004008 (0x00002c17) x24 0x0000000080006008
core   0: 0x000000008000400c (0x002c0c13) addi    s8, s8, 2
core   0: 3 0x000000008000400c (0x002c0c13) x24 0x000000008000600a
core   0: 0x0000000080004010 (0x000c00e7) jalr    s8
core   0: 3 0x0000000080004010 (0x000c00e7) x1  0x0000000080004014
core   0: >>>>  any_handler
core   0: 0x000000008000600a (0x341027f3) csrrs   a5, mepc, zero
core   0: 3 0x000000008000600a (0x341027f3) x15 0x0000000080005846
core   0: 0x000000008000600e (0x34202773) csrrs   a4, mcause, zero
core   0: 3 0x000000008000600e (0x34202773) x14 0x0000000000000002
core   0: 0x0000000080006012 (0x142026f3) csrrs   a3, scause, zero
core   0: 3 0x0000000080006012 (0x142026f3) x13 0x0000000000000000
core   0: 0x0000000080006016 (0x30402673) csrrs   a2, mie, zero
core   0: 3 0x0000000080006016 (0x30402673) x12 0x0000000000000a00
core   0: 0x000000008000601a (0x344025f3) csrrs   a1, mip, zero
core   0: 3 0x000000008000601a (0x344025f3) x11 0x0000000000000080
core   0: 0x000000008000601e (0x343025f3) csrrs   a1, mtval, zero
core   0: 3 0x000000008000601e (0x343025f3) x11 0x00000000f1505173
core   0: 0x0000000080006022 (0x14302573) csrrs   a0, stval, zero
core   0: 3 0x0000000080006022 (0x14302573) x10 0x0000000000000000
core   0: 0x0000000080006026 (0xb02024f3) csrrs   s1, minstret, zero
core   0: 3 0x0000000080006026 (0xb02024f3) x9  0x0000000000000fe2
core   0: 0x000000008000602a (0x0000a811) c.j     pc + 20
core   0: 3 0x000000008000602a (0xa811)
core   0: >>>>  mepc_4
core   0: 0x000000008000603e (0x00000791) c.addi  a5, 4
core   0: 3 0x000000008000603e (0x0791) x15 0x000000008000584a
core   0: 0x0000000080006040 (0x34179073) csrrw   zero, mepc, a5
core   0: 3 0x0000000080006040 (0x34179073) c833_mepc 0x000000008000584a
core   0: 0x0000000080006044 (0x30200073) mret
core   0: 3 0x0000000080006044 (0x30200073) c768_mstatus 0x8000000a00106080
core   0: 0x000000008000584a (0xd3ae7e43) fmadd.d ft8, ft8, fs10, fs10
core   0: 1 0x000000008000584a (0xd3ae7e43) f28 0x7ff8000000000000
core   0: 0x000000008000584e (0xd231f3d3) fcvt.d.lu ft7, gp
core   0: 1 0x000000008000584e (0xd231f3d3) f7  0x40a4000000000000
core   0: 0x0000000080005852 (0x030b883b) mulw    a6, s7, a6
core   0: 1 0x0000000080005852 (0x030b883b) x16 0x0000000000000000
core   0: 0x0000000080005856 (0x412454bb) sraw    s1, s0, s2
core   0: 1 0x0000000080005856 (0x412454bb) x9  0xffffffff80000000
core   0: 0x000000008000585a (0x5f2af393) andi    t2, s5, 1522
core   0: 1 0x000000008000585a (0x5f2af393) x7  0x00000000000005f0
core   0: 0x000000008000585e (0x00000001) c.nop
core   0: 1 0x000000008000585e (0x0001)
core   0: 0x0000000080005860 (0xe2060753) fmv.x.d a4, fa2
core   0: 1 0x0000000080005860 (0xe2060753) x14 0x7ff8000000000000
core   0: 0x0000000080005864 (0x92619ab7) lui     s5, 0x92619
core   0: 1 0x0000000080005864 (0x92619ab7) x21 0xffffffff92619000
core   0: 0x0000000080005868 (0x02bd773b) remuw   a4, s10, a1
core   0: 1 0x0000000080005868 (0x02bd773b) x14 0x000000000eaf8e8d
core   0: 0x000000008000586c (0x7b18f94f) fnmadd.d fs2, fa7, fa7, fa5
core   0: 1 0x000000008000586c (0x7b18f94f) f18 0x7ff8000000000000
core   0: 0x0000000080005870 (0x13ad7053) fmul.d  ft0, fs10, fs10
core   0: 1 0x0000000080005870 (0x13ad7053) f0  0x7ff8000000000000
core   0: 0x0000000080005874 (0x03765313) srli    t1, a2, 55
core   0: 1 0x0000000080005874 (0x03765313) x6  0x0000000000000000
core   0: 0x0000000080005878 (0x40d88d33) sub     s10, a7, a3
core   0: 1 0x0000000080005878 (0x40d88d33) x26 0x00000000000007fd
core   0: 0x000000008000587c (0x402ed09b) sraiw   ra, t4, 2
core   0: 1 0x000000008000587c (0x402ed09b) x1  0x0000000000000000
core   0: 0x0000000080005880 (0x001d1af3) csrrw   s5, fflags, s10
core   0: 1 0x0000000080005880 (0x001d1af3) x21 0x0000000000000000 c1_fflags 0x000000000000001d
core   0: 0x0000000080005884 (0xd0397bd3) fcvt.s.lu fs7, s2
core   0: 1 0x0000000080005884 (0xd0397bd3) f23 0xffffffff00000000
core   0: 0x0000000080005888 (0x80083a13) sltiu   s4, a6, -2048
core   0: 1 0x0000000080005888 (0x80083a13) x20 0x0000000000000001
core   0: 0x000000008000588c (0x412987bb) subw    a5, s3, s2
core   0: 1 0x000000008000588c (0x412987bb) x15 0x0000000000000000
core   0: 0x0000000080005890 (0x73c2e893) ori     a7, t0, 1852
core   0: 1 0x0000000080005890 (0x73c2e893) x17 0x000000000000073c
core   0: 0x0000000080005894 (0x01ac0abb) addw    s5, s8, s10
core   0: 1 0x0000000080005894 (0x01ac0abb) x21 0xffffffff80006807
core   0: 0x0000000080005898 (0x01695b33) srl     s6, s2, s6
core   0: 1 0x0000000080005898 (0x01695b33) x22 0x0000000000000000
core   0: 0x000000008000589c (0x018407b3) add     a5, s0, s8
core   0: 1 0x000000008000589c (0x018407b3) x15 0x000000000000600a
core   0: 0x00000000800058a0 (0x4014ffd3) fcvt.s.d ft11, fs1
core   0: 1 0x00000000800058a0 (0x4014ffd3) f31 0xffffffffdf800000
core   0: 0x00000000800058a4 (0x01d49333) sll     t1, s1, t4
core   0: 1 0x00000000800058a4 (0x01d49333) x6  0xffffffff80000000
core   0: 0x00000000800058a8 (0x00c405bb) addw    a1, s0, a2
core   0: 1 0x00000000800058a8 (0x00c405bb) x11 0xffffffff80000a00
core   0: 0x00000000800058ac (0x40c3dbb3) sra     s7, t2, a2
core   0: 1 0x00000000800058ac (0x40c3dbb3) x23 0x00000000000005f0
core   0: 0x00000000800058b0 (0xde5afa13) andi    s4, s5, -539
core   0: 1 0x00000000800058b0 (0xde5afa13) x20 0xffffffff80006805
core   0: 0x00000000800058b4 (0x00069413) slli    s0, a3, 0
core   0: 1 0x00000000800058b4 (0x00069413) x8  0x0000000000000000
core   0: 0x00000000800058b8 (0x7d417193) andi    gp, sp, 2004
core   0: 1 0x00000000800058b8 (0x7d417193) x3  0x0000000000000000
core   0: 0x00000000800058bc (0xe373f843) fmadd.d fa6, ft7, fs7, ft8
core   0: 1 0x00000000800058bc (0xe373f843) f16 0x7ff8000000000000
core   0: 0x00000000800058c0 (0x01f4dc1b) srliw   s8, s1, 31
core   0: 1 0x00000000800058c0 (0x01f4dc1b) x24 0x0000000000000001
core   0: 0x00000000800058c4 (0x006cd69b) srliw   a3, s9, 6
core   0: 1 0x00000000800058c4 (0x006cd69b) x13 0x0000000002000180
core   0: 0x00000000800058c8 (0x0ff0000f) fence   iorw,iorw
core   0: 1 0x00000000800058c8 (0x0ff0000f)
core   0: 0x00000000800058cc (0xc03bf4d3) fcvt.lu.s s1, fs7
core   0: 1 0x00000000800058cc (0xc03bf4d3) x9  0x0000000000000000
core   0: 0x00000000800058d0 (0x003a5a3b) srlw    s4, s4, gp
core   0: 1 0x00000000800058d0 (0x003a5a3b) x20 0xffffffff80006805
core   0: 0x00000000800058d4 (0x0142d0bb) srlw    ra, t0, s4
core   0: 1 0x00000000800058d4 (0x0142d0bb) x1  0x0000000000000000
core   0: 0x00000000800058d8 (0x02eec73b) divw    a4, t4, a4
core   0: 1 0x00000000800058d8 (0x02eec73b) x14 0x0000000000000000
core   0: 0x00000000800058dc (0x0247edbb) remw    s11, a5, tp
core   0: 1 0x00000000800058dc (0x0247edbb) x27 0x000000000000600a
core   0: 0x00000000800058e0 (0xc0387a53) fcvt.lu.s s4, fa6
core   0: 1 0x00000000800058e0 (0xc0387a53) c1_fflags 0x000000000000001d x20 0xffffffffffffffff
core   0: 0x00000000800058e4 (0x0057be33) sltu    t3, a5, t0
core   0: 1 0x00000000800058e4 (0x0057be33) x28 0x0000000000000000
core   0: 0x00000000800058e8 (0x02758833) mul     a6, a1, t2
core   0: 1 0x00000000800058e8 (0x02758833) x16 0xfffffd08003b6000
core   0: 0x00000000800058ec (0x23ce08d3) fsgnj.d fa7, ft8, ft8
core   0: 1 0x00000000800058ec (0x23ce08d3) f17 0x7ff8000000000000
core   0: 0x00000000800058f0 (0xc023f7d3) fcvt.l.s a5, ft7
core   0: 1 0x00000000800058f0 (0xc023f7d3) c1_fflags 0x000000000000001d x15 0x7fffffffffffffff
core   0: 0x00000000800058f4 (0x409c51bb) sraw    gp, s8, s1
core   0: 1 0x00000000800058f4 (0x409c51bb) x3  0x0000000000000001
core   0: 0x00000000800058f8 (0x42e1da93) srai    s5, gp, 46
core   0: 1 0x00000000800058f8 (0x42e1da93) x21 0x0000000000000000
core   0: 0x00000000800058fc (0x9b087593) andi    a1, a6, -1616
core   0: 1 0x00000000800058fc (0x9b087593) x11 0xfffffd08003b6000
core   0: 0x0000000080005900 (0x010dad33) slt     s10, s11, a6
core   0: 1 0x0000000080005900 (0x010dad33) x26 0x0000000000000000
core   0: 0x0000000080005904 (0xfff58793) addi    a5, a1, -1
core   0: 1 0x0000000080005904 (0xfff58793) x15 0xfffffd08003b5fff
core   0: 0x0000000080005908 (0x410900b3) sub     ra, s2, a6
core   0: 1 0x0000000080005908 (0x410900b3) x1  0x000002f7ffc4a000
core   0: 0x000000008000590c (0x002018f3) csrrw   a7, frm, zero
core   0: 1 0x000000008000590c (0x002018f3) x17 0x0000000000000000 c2_frm 0x0000000000000000
core   0: 0x0000000080005910 (0xd21106d3) fcvt.d.wu fa3, sp
core   0: 1 0x0000000080005910 (0xd21106d3) f13 0x0000000000000000
core   0: 0x0000000080005914 (0x00000001) c.nop
core   0: 1 0x0000000080005914 (0x0001)
core   0: 0x0000000080005916 (0xfff88e13) addi    t3, a7, -1
core   0: 1 0x0000000080005916 (0xfff88e13) x28 0xffffffffffffffff
core   0: 0x000000008000591a (0x02ccdbb3) divu    s7, s9, a2
core   0: 1 0x000000008000591a (0x02ccdbb3) x23 0x00199999998cccd6
core   0: 0x000000008000591e (0x4d0cfb13) andi    s6, s9, 1232
core   0: 1 0x000000008000591e (0x4d0cfb13) x22 0x0000000000000000
core   0: 0x0000000080005922 (0x0367d3bb) divuw   t2, a5, s6
core   0: 1 0x0000000080005922 (0x0367d3bb) x7  0xffffffffffffffff
core   0: 0x0000000080005926 (0xd2357b53) fcvt.d.lu fs6, a0
core   0: 1 0x0000000080005926 (0xd2357b53) f22 0x0000000000000000
core   0: 0x000000008000592a (0x027bc0b3) div     ra, s7, t2
core   0: 1 0x000000008000592a (0x027bc0b3) x1  0xffe666666673332a
core   0: 0x000000008000592e (0x00ab013b) addw    sp, s6, a0
core   0: 1 0x000000008000592e (0x00ab013b) x2  0x0000000000000000
core   0: 0x0000000080005932 (0x002ce5b3) or      a1, s9, sp
core   0: 1 0x0000000080005932 (0x002ce5b3) x11 0xffffffff8000600a
core   0: 0x0000000080005936 (0xd2010a53) fcvt.d.w fs4, sp
core   0: 1 0x0000000080005936 (0xd2010a53) f20 0x0000000000000000
core   0: 0x000000008000593a (0x22aa2553) fsgnjx.d fa0, fs4, fa0
core   0: 1 0x000000008000593a (0x22aa2553) f10 0x0000000000000000
core   0: 0x000000008000593e (0x0216bab3) mulhu   s5, a3, ra
core   0: 1 0x000000008000593e (0x0216bab3) x21 0x0000000001ffce4c
core   0: 0x0000000080005942 (0xc02279d3) fcvt.l.s s3, ft4
core   0: 1 0x0000000080005942 (0xc02279d3) c1_fflags 0x000000000000001d x19 0x7fffffffffffffff
core   0: 0x0000000080005946 (0x413782bb) subw    t0, a5, s3
core   0: 1 0x0000000080005946 (0x413782bb) x5  0x00000000003b6000
core   0: 0x000000008000594a (0x00102af3) csrrs   s5, fflags, zero
core   0: 1 0x000000008000594a (0x00102af3) x21 0x000000000000001d
core   0: 0x000000008000594e (0xc20573d3) fcvt.w.d t2, fa0
core   0: 1 0x000000008000594e (0xc20573d3) x7  0x0000000000000000
core   0: 0x0000000080005952 (0xd032fbd3) fcvt.s.lu fs7, t0
core   0: 1 0x0000000080005952 (0xd032fbd3) f23 0xffffffff4a6d8000
core   0: 0x0000000080005956 (0x021e20b3) mulhsu  ra, t3, ra
core   0: 1 0x0000000080005956 (0x021e20b3) x1  0xffffffffffffffff
core   0: 0x000000008000595a (0x29c08213) addi    tp, ra, 668
core   0: 1 0x000000008000595a (0x29c08213) x4  0x000000000000029b
core   0: 0x000000008000595e (0x027152b3) divu    t0, sp, t2
core   0: 1 0x000000008000595e (0x027152b3) x5  0xffffffffffffffff
core   0: 0x0000000080005962 (0x0257673b) remw    a4, a4, t0
core   0: 1 0x0000000080005962 (0x0257673b) x14 0x0000000000000000
core   0: 0x0000000080005966 (0x02d75ebb) divuw   t4, a4, a3
core   0: 1 0x0000000080005966 (0x02d75ebb) x29 0x0000000000000000
core   0: 0x000000008000596a (0x8916fd93) andi    s11, a3, -1903
core   0: 1 0x000000008000596a (0x8916fd93) x27 0x0000000002000080
core   0: 0x000000008000596e (0xd2010c53) fcvt.d.w fs8, sp
core   0: 1 0x000000008000596e (0xd2010c53) f24 0x0000000000000000
core   0: 0x0000000080005972 (0x013d111b) slliw   sp, s10, 19
core   0: 1 0x0000000080005972 (0x013d111b) x2  0x0000000000000000
core   0: 0x0000000080005976 (0x009371b3) and     gp, t1, s1
core   0: 1 0x0000000080005976 (0x009371b3) x3  0x0000000000000000
core   0: 0x000000008000597a (0x018d2d33) slt     s10, s10, s8
core   0: 1 0x000000008000597a (0x018d2d33) x26 0x0000000000000001
core   0: 0x000000008000597e (0x4019fcd3) fcvt.s.d fs9, fs3
core   0: 1 0x000000008000597e (0x4019fcd3) f25 0xffffffff7fc00000
core   0: 0x0000000080005982 (0x00000001) c.nop
core   0: 1 0x0000000080005982 (0x0001)
core   0: 0x0000000080005984 (0x2b131b53) fmax.d  fs6, ft6, fa7
core   0: 1 0x0000000080005984 (0x2b131b53) f22 0x7ff8000000000000
core   0: 0x0000000080005988 (0x41c500bb) subw    ra, a0, t3
core   0: 1 0x0000000080005988 (0x41c500bb) x1  0x0000000000000001
core   0: 0x000000008000598c (0x400e589b) sraiw   a7, t3, 0
core   0: 1 0x000000008000598c (0x400e589b) x17 0xffffffffffffffff
core   0: 0x0000000080005990 (0x00000001) c.nop
core   0: 1 0x0000000080005990 (0x0001)
core   0: 0x0000000080005992 (0x030adb13) srli    s6, s5, 48
core   0: 1 0x0000000080005992 (0x030adb13) x22 0x0000000000000000
core   0: 0x0000000080005996 (0x41030cbb) subw    s9, t1, a6
core   0: 1 0x0000000080005996 (0x41030cbb) x25 0x000000007fc4a000
core   0: 0x000000008000599a (0x4004db1b) sraiw   s6, s1, 0
core   0: 1 0x000000008000599a (0x4004db1b) x22 0x0000000000000000
core   0: 0x000000008000599e (0xf136b773) csrrc   a4, mimpid, a3
core   0: exception trap_illegal_instruction, epc 0x000000008000599e
core   0:           tval 0x00000000f136b773
core   0: >>>>  $xrv64i2p1_m2p0_a2p1_f2p2_d2p2_zicsr2p0_zifencei2p0_zmmul1p0_zba1p0_zbb1p0_zbc1p0_zbs1p0
core   0: 0x0000000080004000 (0x0080006f) j       pc + 0x8
core   0: 3 0x0000000080004000 (0x0080006f)
core   0: >>>>  mmode_exception_handler
core   0: 0x0000000080004008 (0x00002c17) auipc   s8, 0x2
core   0: 3 0x0000000080004008 (0x00002c17) x24 0x0000000080006008
core   0: 0x000000008000400c (0x002c0c13) addi    s8, s8, 2
core   0: 3 0x000000008000400c (0x002c0c13) x24 0x000000008000600a
core   0: 0x0000000080004010 (0x000c00e7) jalr    s8
core   0: 3 0x0000000080004010 (0x000c00e7) x1  0x0000000080004014
core   0: >>>>  any_handler
core   0: 0x000000008000600a (0x341027f3) csrrs   a5, mepc, zero
core   0: 3 0x000000008000600a (0x341027f3) x15 0x000000008000599e
core   0: 0x000000008000600e (0x34202773) csrrs   a4, mcause, zero
core   0: 3 0x000000008000600e (0x34202773) x14 0x0000000000000002
core   0: 0x0000000080006012 (0x142026f3) csrrs   a3, scause, zero
core   0: 3 0x0000000080006012 (0x142026f3) x13 0x0000000000000000
core   0: 0x0000000080006016 (0x30402673) csrrs   a2, mie, zero
core   0: 3 0x0000000080006016 (0x30402673) x12 0x0000000000000a00
core   0: 0x000000008000601a (0x344025f3) csrrs   a1, mip, zero
core   0: 3 0x000000008000601a (0x344025f3) x11 0x0000000000000080
core   0: 0x000000008000601e (0x343025f3) csrrs   a1, mtval, zero
core   0: 3 0x000000008000601e (0x343025f3) x11 0x00000000f136b773
core   0: 0x0000000080006022 (0x14302573) csrrs   a0, stval, zero
core   0: 3 0x0000000080006022 (0x14302573) x10 0x0000000000000000
core   0: 0x0000000080006026 (0xb02024f3) csrrs   s1, minstret, zero
core   0: 3 0x0000000080006026 (0xb02024f3) x9  0x0000000000001049
core   0: 0x000000008000602a (0x0000a811) c.j     pc + 20
core   0: 3 0x000000008000602a (0xa811)
core   0: >>>>  mepc_4
core   0: 0x000000008000603e (0x00000791) c.addi  a5, 4
core   0: 3 0x000000008000603e (0x0791) x15 0x00000000800059a2
core   0: 0x0000000080006040 (0x34179073) csrrw   zero, mepc, a5
core   0: 3 0x0000000080006040 (0x34179073) c833_mepc 0x00000000800059a2
core   0: 0x0000000080006044 (0x30200073) mret
core   0: 3 0x0000000080006044 (0x30200073) c768_mstatus 0x8000000a00106080
core   0: 0x00000000800059a2 (0x00000001) c.nop
core   0: 1 0x00000000800059a2 (0x0001)
core   0: 0x00000000800059a4 (0x59580b93) addi    s7, a6, 1429
core   0: 1 0x00000000800059a4 (0x59580b93) x23 0xfffffd08003b6595
core   0: 0x00000000800059a8 (0x00202273) csrrs   tp, frm, zero
core   0: 1 0x00000000800059a8 (0x00202273) x4  0x0000000000000000
core   0: 0x00000000800059ac (0x0ff0000f) fence   iorw,iorw
core   0: 1 0x00000000800059ac (0x0ff0000f)
core   0: 0x00000000800059b0 (0x4bce7c43) fmadd.d fs8, ft8, ft8, fs1
core   0: 1 0x00000000800059b0 (0x4bce7c43) f24 0x7ff8000000000000
core   0: 0x00000000800059b4 (0x4009519b) sraiw   gp, s2, 0
core   0: 1 0x00000000800059b4 (0x4009519b) x3  0x0000000000000000
core   0: 0x00000000800059b8 (0x0309d2b3) divu    t0, s3, a6
core   0: 1 0x00000000800059b8 (0x0309d2b3) x5  0x0000000000000000
core   0: 0x00000000800059bc (0x00c572b3) and     t0, a0, a2
core   0: 1 0x00000000800059bc (0x00c572b3) x5  0x0000000000000000
core   0: 0x00000000800059c0 (0x0290c6b3) div     a3, ra, s1
core   0: 1 0x00000000800059c0 (0x0290c6b3) x13 0x000000000007dc27
core   0: 0x00000000800059c4 (0x41acdd33) sra     s10, s9, s10
core   0: 1 0x00000000800059c4 (0x41acdd33) x26 0x000000003fe25000
core   0: 0x00000000800059c8 (0x02894cb3) div     s9, s2, s0
core   0: 1 0x00000000800059c8 (0x02894cb3) x25 0xffffffffffffffff
core   0: 0x00000000800059cc (0xc23c7953) fcvt.lu.d s2, fs8
core   0: 1 0x00000000800059cc (0xc23c7953) c1_fflags 0x000000000000001d x18 0xffffffffffffffff
core   0: 0x00000000800059d0 (0x02caeab3) rem     s5, s5, a2
core   0: 1 0x00000000800059d0 (0x02caeab3) x21 0x000000000000001d
core   0: 0x00000000800059d4 (0x1a4a74d3) fdiv.d  fs1, fs4, ft4
core   0: 1 0x00000000800059d4 (0x1a4a74d3) f9  0x0000000000000000
core   0: 0x00000000800059d8 (0xd03071d3) fcvt.s.lu ft3, zero
core   0: 1 0x00000000800059d8 (0xd03071d3) f3  0xffffffff00000000
core   0: 0x00000000800059dc (0x00201bb3) sll     s7, zero, sp
core   0: 1 0x00000000800059dc (0x00201bb3) x23 0x0000000000000000
core   0: 0x00000000800059e0 (0xff888c37) lui     s8, 0xff888
core   0: 1 0x00000000800059e0 (0xff888c37) x24 0xffffffffff888000
core   0: 0x00000000800059e4 (0xa87c0c1b) addiw   s8, s8, -1401
core   0: 1 0x00000000800059e4 (0xa87c0c1b) x24 0xffffffffff887a87
core   0: 0x00000000800059e8 (0x00000c3a) c.slli  s8, 14
core   0: 1 0x00000000800059e8 (0x0c3a) x24 0xffffffe21ea1c000
core   0: 0x00000000800059ea (0x81fc0c13) addi    s8, s8, -2017
core   0: 1 0x00000000800059ea (0x81fc0c13) x24 0xffffffe21ea1b81f
core   0: 0x00000000800059ee (0x02ac1713) slli    a4, s8, 42
core   0: 1 0x00000000800059ee (0x02ac1713) x14 0x86e07c0000000000
core   0: 0x00000000800059f2 (0x02e6c93b) divw    s2, a3, a4
core   0: 1 0x00000000800059f2 (0x02e6c93b) x18 0xffffffffffffffff
core   0: 0x00000000800059f6 (0xc0217053) fcvt.l.s zero, ft2
core   0: 1 0x00000000800059f6 (0xc0217053) c1_fflags 0x000000000000001d
core   0: 0x00000000800059fa (0xd21e8dd3) fcvt.d.wu fs11, t4
core   0: 1 0x00000000800059fa (0xd21e8dd3) f27 0x0000000000000000
core   0: 0x00000000800059fe (0x03345293) srli    t0, s0, 51
core   0: 1 0x00000000800059fe (0x03345293) x5  0x0000000000000000
core   0: 0x0000000080005a02 (0x1b82cd93) xori    s11, t0, 440
core   0: 1 0x0000000080005a02 (0x1b82cd93) x27 0x00000000000001b8
core   0: 0x0000000080005a06 (0x41a1803b) subw    zero, gp, s10
core   0: 1 0x0000000080005a06 (0x41a1803b)
core   0: 0x0000000080005a0a (0x2bb09653) fmax.d  fa2, ft1, fs11
core   0: 1 0x0000000080005a0a (0x2bb09653) f12 0x41ad1ae000000000
core   0: 0x0000000080005a0e (0x2bbd8d53) fmin.d  fs10, fs11, fs11
core   0: 1 0x0000000080005a0e (0x2bbd8d53) f26 0x0000000000000000
core   0: 0x0000000080005a12 (0x4002d9b3) sra     s3, t0, zero
core   0: 1 0x0000000080005a12 (0x4002d9b3) x19 0x0000000000000000
core   0: 0x0000000080005a16 (0xd0377053) fcvt.s.lu ft0, a4
core   0: 1 0x0000000080005a16 (0xd0377053) f0  0xffffffff5f06e07c
core   0: 0x0000000080005a1a (0x00000001) c.nop
core   0: 1 0x0000000080005a1a (0x0001)
core   0: 0x0000000080005a1c (0x7ffa8c93) addi    s9, s5, 2047
core   0: 1 0x0000000080005a1c (0x7ffa8c93) x25 0x000000000000081c
core   0: 0x0000000080005a20 (0x0b06f753) fsub.d  fa4, fa3, fa6
core   0: 1 0x0000000080005a20 (0x0b06f753) f14 0x7ff8000000000000
core   0: 0x0000000080005a24 (0x00000276) c.slli  tp, 29
core   0: 1 0x0000000080005a24 (0x0276) x4  0x0000000000000000
core   0: 0x0000000080005a26 (0xd0227cd3) fcvt.s.l fs9, tp
core   0: 1 0x0000000080005a26 (0xd0227cd3) f25 0xffffffff00000000
core   0: 0x0000000080005a2a (0x403101b3) sub     gp, sp, gp
core   0: 1 0x0000000080005a2a (0x403101b3) x3  0x0000000000000000
core   0: 0x0000000080005a2e (0x001cd013) srli    zero, s9, 1
core   0: 1 0x0000000080005a2e (0x001cd013)
core   0: 0x0000000080005a32 (0x00a909bb) addw    s3, s2, a0
core   0: 1 0x0000000080005a32 (0x00a909bb) x19 0xffffffffffffffff
core   0: 0x0000000080005a36 (0x03310eb3) mul     t4, sp, s3
core   0: 1 0x0000000080005a36 (0x03310eb3) x29 0x0000000000000000
core   0: 0x0000000080005a3a (0x00099a33) sll     s4, s3, zero
core   0: 1 0x0000000080005a3a (0x00099a33) x20 0xffffffffffffffff
core   0: 0x0000000080005a3e (0xc21978d3) fcvt.wu.d a7, fs2
core   0: 1 0x0000000080005a3e (0xc21978d3) c1_fflags 0x000000000000001d x17 0xffffffffffffffff
core   0: 0x0000000080005a42 (0x0056949b) slliw   s1, a3, 5
core   0: 1 0x0000000080005a42 (0x0056949b) x9  0x0000000000fb84e0
core   0: 0x0000000080005a46 (0xa20409d3) fle.d   s3, fs0, ft0
core   0: 1 0x0000000080005a46 (0xa20409d3) c1_fflags 0x000000000000001d x19 0x0000000000000000
core   0: 0x0000000080005a4a (0x1784fc93) andi    s9, s1, 376
core   0: 1 0x0000000080005a4a (0x1784fc93) x25 0x0000000000000060
core   0: 0x0000000080005a4e (0x026951bb) divuw   gp, s2, t1
core   0: 1 0x0000000080005a4e (0x026951bb) x3  0x0000000000000001
core   0: 0x0000000080005a52 (0xd2257a53) fcvt.d.l fs4, a0
core   0: 1 0x0000000080005a52 (0xd2257a53) f20 0x0000000000000000
core   0: 0x0000000080005a56 (0x01a7d5b3) srl     a1, a5, s10
core   0: 1 0x0000000080005a56 (0x01a7d5b3) x11 0x00000000800059a2
core   0: 0x0000000080005a5a (0x22371753) fsgnjn.d fa4, fa4, ft3
core   0: 1 0x0000000080005a5a (0x22371753) f14 0x7ff8000000000000
core   0: 0x0000000080005a5e (0xd2100ed3) fcvt.d.wu ft9, zero
core   0: 1 0x0000000080005a5e (0xd2100ed3) f29 0x0000000000000000
core   0: 0x0000000080005a62 (0x4b4b7c4f) fnmadd.d fs8, fs6, fs4, fs1
core   0: 1 0x0000000080005a62 (0x4b4b7c4f) f24 0x7ff8000000000000
core   0: 0x0000000080005a66 (0x401b73d3) fcvt.s.d ft7, fs6
core   0: 1 0x0000000080005a66 (0x401b73d3) f7  0xffffffff7fc00000
core   0: 0x0000000080005a6a (0x00b5db9b) srliw   s7, a1, 11
core   0: 1 0x0000000080005a6a (0x00b5db9b) x23 0x000000000010000b
core   0: 0x0000000080005a6e (0xc21c78d3) fcvt.wu.d a7, fs8
core   0: 1 0x0000000080005a6e (0xc21c78d3) c1_fflags 0x000000000000001d x17 0xffffffffffffffff
core   0: 0x0000000080005a72 (0x037b6b3b) remw    s6, s6, s7
core   0: 1 0x0000000080005a72 (0x037b6b3b) x22 0x0000000000000000
core   0: 0x0000000080005a76 (0x028b9093) slli    ra, s7, 40
core   0: 1 0x0000000080005a76 (0x028b9093) x1  0x10000b0000000000
core   0: 0x0000000080005a7a (0x0b297dd3) fsub.d  fs11, fs2, fs2
core   0: 1 0x0000000080005a7a (0x0b297dd3) f27 0x7ff8000000000000
core   0: 0x0000000080005a7e (0x00000486) c.slli  s1, 1
core   0: 1 0x0000000080005a7e (0x0486) x9  0x0000000001f709c0
core   0: 0x0000000080005a80 (0x22b21d53) fsgnjn.d fs10, ft4, fa1
core   0: 1 0x0000000080005a80 (0x22b21d53) f26 0x43f0000000000000
core   0: 0x0000000080005a84 (0x224d9c53) fsgnjn.d fs8, fs11, ft4
core   0: 1 0x0000000080005a84 (0x224d9c53) f24 0xfff8000000000000
core   0: 0x0000000080005a88 (0x001dd79b) srliw   a5, s11, 1
core   0: 1 0x0000000080005a88 (0x001dd79b) x15 0x00000000000000dc
core   0: 0x0000000080005a8c (0x0194073b) addw    a4, s0, s9
core   0: 1 0x0000000080005a8c (0x0194073b) x14 0x0000000000000060
core   0: 0x0000000080005a90 (0x13adf953) fmul.d  fs2, fs11, fs10
core   0: 1 0x0000000080005a90 (0x13adf953) f18 0x7ff8000000000000
core   0: 0x0000000080005a94 (0x215cf093) andi    ra, s9, 533
core   0: 1 0x0000000080005a94 (0x215cf093) x1  0x0000000000000000
core   0: 0x0000000080005a98 (0x021ecbb7) lui     s7, 0x21ec
core   0: 1 0x0000000080005a98 (0x021ecbb7) x23 0x00000000021ec000
core   0: 0x0000000080005a9c (0x845b8b9b) addiw   s7, s7, -1979
core   0: 1 0x0000000080005a9c (0x845b8b9b) x23 0x00000000021eb845
core   0: 0x0000000080005aa0 (0x00000bb2) c.slli  s7, 12
core   0: 1 0x0000000080005aa0 (0x0bb2) x23 0x00000021eb845000
core   0: 0x0000000080005aa2 (0x992b8b93) addi    s7, s7, -1646
core   0: 1 0x0000000080005aa2 (0x992b8b93) x23 0x00000021eb844992
core   0: 0x0000000080005aa6 (0x01a4a4b3) slt     s1, s1, s10
core   0: 1 0x0000000080005aa6 (0x01a4a4b3) x9  0x0000000000000001
core   0: 0x0000000080005aaa (0x02c39c33) mulh    s8, t2, a2
core   0: 1 0x0000000080005aaa (0x02c39c33) x24 0x0000000000000000
core   0: 0x0000000080005aae (0x430cd993) srai    s3, s9, 48
core   0: 1 0x0000000080005aae (0x430cd993) x19 0x0000000000000000
core   0: 0x0000000080005ab2 (0xa3750a53) fle.d   s4, fa0, fs7
core   0: 1 0x0000000080005ab2 (0xa3750a53) c1_fflags 0x000000000000001d x20 0x0000000000000000
core   0: 0x0000000080005ab6 (0xd022fbd3) fcvt.s.l fs7, t0
core   0: 1 0x0000000080005ab6 (0xd022fbd3) f23 0xffffffff00000000
core   0: 0x0000000080005aba (0x001026f3) csrrs   a3, fflags, zero
core   0: 1 0x0000000080005aba (0x001026f3) x13 0x000000000000001d
core   0: 0x0000000080005abe (0x00000001) c.nop
core   0: 1 0x0000000080005abe (0x0001)
core   0: 0x0000000080005ac0 (0x018dd03b) srlw    zero, s11, s8
core   0: 1 0x0000000080005ac0 (0x018dd03b)
core   0: 0x0000000080005ac4 (0x00089893) slli    a7, a7, 0
core   0: 1 0x0000000080005ac4 (0x00089893) x17 0xffffffffffffffff
core   0: 0x0000000080005ac8 (0x92d9f2c7) fmsub.d ft5, fs3, fa3, fs2
core   0: 1 0x0000000080005ac8 (0x92d9f2c7) f5  0x7ff8000000000000
core   0: 0x0000000080005acc (0x63ad7747) fmsub.d fa4, fs10, fs10, fa2
core   0: 1 0x0000000080005acc (0x63ad7747) c1_fflags 0x000000000000001d f14 0x47f0000000000000
core   0: 0x0000000080005ad0 (0x2aef1f53) fmax.d  ft10, ft10, fa4
core   0: 1 0x0000000080005ad0 (0x2aef1f53) f30 0x47f0000000000000
core   0: 0x0000000080005ad4 (0xd22df953) fcvt.d.l fs2, s11
core   0: 1 0x0000000080005ad4 (0xd22df953) f18 0x407b800000000000
core   0: 0x0000000080005ad8 (0xc01eebf3) csrrsi  s7, time, 29
core   0: exception trap_illegal_instruction, epc 0x0000000080005ad8
core   0:           tval 0x00000000c01eebf3
core   0: >>>>  $xrv64i2p1_m2p0_a2p1_f2p2_d2p2_zicsr2p0_zifencei2p0_zmmul1p0_zba1p0_zbb1p0_zbc1p0_zbs1p0
core   0: 0x0000000080004000 (0x0080006f) j       pc + 0x8
core   0: 3 0x0000000080004000 (0x0080006f)
core   0: >>>>  mmode_exception_handler
core   0: 0x0000000080004008 (0x00002c17) auipc   s8, 0x2
core   0: 3 0x0000000080004008 (0x00002c17) x24 0x0000000080006008
core   0: 0x000000008000400c (0x002c0c13) addi    s8, s8, 2
core   0: 3 0x000000008000400c (0x002c0c13) x24 0x000000008000600a
core   0: 0x0000000080004010 (0x000c00e7) jalr    s8
core   0: 3 0x0000000080004010 (0x000c00e7) x1  0x0000000080004014
core   0: >>>>  any_handler
core   0: 0x000000008000600a (0x341027f3) csrrs   a5, mepc, zero
core   0: 3 0x000000008000600a (0x341027f3) x15 0x0000000080005ad8
core   0: 0x000000008000600e (0x34202773) csrrs   a4, mcause, zero
core   0: 3 0x000000008000600e (0x34202773) x14 0x0000000000000002
core   0: 0x0000000080006012 (0x142026f3) csrrs   a3, scause, zero
core   0: 3 0x0000000080006012 (0x142026f3) x13 0x0000000000000000
core   0: 0x0000000080006016 (0x30402673) csrrs   a2, mie, zero
core   0: 3 0x0000000080006016 (0x30402673) x12 0x0000000000000a00
core   0: 0x000000008000601a (0x344025f3) csrrs   a1, mip, zero
core   0: 3 0x000000008000601a (0x344025f3) x11 0x0000000000000080
core   0: 0x000000008000601e (0x343025f3) csrrs   a1, mtval, zero
core   0: 3 0x000000008000601e (0x343025f3) x11 0x00000000c01eebf3
core   0: 0x0000000080006022 (0x14302573) csrrs   a0, stval, zero
core   0: 3 0x0000000080006022 (0x14302573) x10 0x0000000000000000
core   0: 0x0000000080006026 (0xb02024f3) csrrs   s1, minstret, zero
core   0: 3 0x0000000080006026 (0xb02024f3) x9  0x00000000000010aa
core   0: 0x000000008000602a (0x0000a811) c.j     pc + 20
core   0: 3 0x000000008000602a (0xa811)
core   0: >>>>  mepc_4
core   0: 0x000000008000603e (0x00000791) c.addi  a5, 4
core   0: 3 0x000000008000603e (0x0791) x15 0x0000000080005adc
core   0: 0x0000000080006040 (0x34179073) csrrw   zero, mepc, a5
core   0: 3 0x0000000080006040 (0x34179073) c833_mepc 0x0000000080005adc
core   0: 0x0000000080006044 (0x30200073) mret
core   0: 3 0x0000000080006044 (0x30200073) c768_mstatus 0x8000000a00106080
core   0: 0x0000000080005adc (0xa3e90cd3) fle.d   s9, fs2, ft10
core   0: 1 0x0000000080005adc (0xa3e90cd3) x25 0x0000000000000001
core   0: 0x0000000080005ae0 (0x8b730113) addi    sp, t1, -1865
core   0: 1 0x0000000080005ae0 (0x8b730113) x2  0xffffffff7ffff8b7
core   0: 0x0000000080005ae4 (0x009c57b3) srl     a5, s8, s1
core   0: 1 0x0000000080005ae4 (0x009c57b3) x15 0x0000000000000000
core   0: 0x0000000080005ae8 (0xd0317d53) fcvt.s.lu fs10, sp
core   0: 1 0x0000000080005ae8 (0xd0317d53) c1_fflags 0x000000000000001d f26 0xffffffff5f800000
core   0: 0x0000000080005aec (0x01c91e3b) sllw    t3, s2, t3
core   0: 1 0x0000000080005aec (0x01c91e3b) x28 0xffffffff80000000
core   0: 0x0000000080005af0 (0xc0297353) fcvt.l.s t1, fs2
core   0: 1 0x0000000080005af0 (0xc0297353) c1_fflags 0x000000000000001d x6  0x7fffffffffffffff
core   0: 0x0000000080005af4 (0x01fa5a1b) srliw   s4, s4, 31
core   0: 1 0x0000000080005af4 (0x01fa5a1b) x20 0x0000000000000000
core   0: 0x0000000080005af8 (0x01ba5093) srli    ra, s4, 27
core   0: 1 0x0000000080005af8 (0x01ba5093) x1  0x0000000000000000
core   0: 0x0000000080005afc (0x027243bb) divw    t2, tp, t2
core   0: 1 0x0000000080005afc (0x027243bb) x7  0xffffffffffffffff
core   0: 0x0000000080005b00 (0xfaed79cb) fnmsub.d fs3, fs10, fa4, ft11
core   0: 1 0x0000000080005b00 (0xfaed79cb) f19 0x7ff8000000000000
core   0: 0x0000000080005b04 (0x02ee5a33) divu    s4, t3, a4
core   0: 1 0x0000000080005b04 (0x02ee5a33) x20 0x7fffffffc0000000
core   0: 0x0000000080005b08 (0x003a103b) sllw    zero, s4, gp
core   0: 1 0x0000000080005b08 (0x003a103b)
core   0: 0x0000000080005b0c (0x03406db3) rem     s11, zero, s4
core   0: 1 0x0000000080005b0c (0x03406db3) x27 0x0000000000000000
core   0: 0x0000000080005b10 (0xc9ace9b7) lui     s3, 0xc9ace
core   0: 1 0x0000000080005b10 (0xc9ace9b7) x19 0xffffffffc9ace000
core   0: 0x0000000080005b14 (0xc0217853) fcvt.l.s a6, ft2
core   0: 1 0x0000000080005b14 (0xc0217853) c1_fflags 0x000000000000001d x16 0x7fffffffffffffff
core   0: 0x0000000080005b18 (0xd2180bd3) fcvt.d.wu fs7, a6
core   0: 1 0x0000000080005b18 (0xd2180bd3) f23 0x41efffffffe00000
core   0: 0x0000000080005b1c (0xa39c8153) fle.d   sp, fs9, fs9
core   0: 1 0x0000000080005b1c (0xa39c8153) c1_fflags 0x000000000000001d x2  0x0000000000000000
core   0: 0x0000000080005b20 (0xdb3bfb43) fmadd.d fs6, fs7, fs3, fs11
core   0: 1 0x0000000080005b20 (0xdb3bfb43) f22 0x7ff8000000000000
core   0: 0x0000000080005b24 (0x4bb9fb4b) fnmsub.d fs6, fs3, fs11, fs1
core   0: 1 0x0000000080005b24 (0x4bb9fb4b) f22 0x7ff8000000000000
core   0: 0x0000000080005b28 (0xf20b8dd3) fmv.d.x fs11, s7
core   0: 1 0x0000000080005b28 (0xf20b8dd3) f27 0x00000021eb844992
core   0: 0x0000000080005b2c (0x0090e533) or      a0, ra, s1
core   0: 1 0x0000000080005b2c (0x0090e533) x10 0x00000000000010aa
core   0: 0x0000000080005b30 (0x00000001) c.nop
core   0: 1 0x0000000080005b30 (0x0001)
core   0: 0x0000000080005b32 (0x3234d5f3) csrrwi  a1, mhpmevent3, 9
core   0: exception trap_illegal_instruction, epc 0x0000000080005b32
core   0:           tval 0x000000003234d5f3
core   0: >>>>  $xrv64i2p1_m2p0_a2p1_f2p2_d2p2_zicsr2p0_zifencei2p0_zmmul1p0_zba1p0_zbb1p0_zbc1p0_zbs1p0
core   0: 0x0000000080004000 (0x0080006f) j       pc + 0x8
core   0: 3 0x0000000080004000 (0x0080006f)
core   0: >>>>  mmode_exception_handler
core   0: 0x0000000080004008 (0x00002c17) auipc   s8, 0x2
core   0: 3 0x0000000080004008 (0x00002c17) x24 0x0000000080006008
core   0: 0x000000008000400c (0x002c0c13) addi    s8, s8, 2
core   0: 3 0x000000008000400c (0x002c0c13) x24 0x000000008000600a
core   0: 0x0000000080004010 (0x000c00e7) jalr    s8
core   0: 3 0x0000000080004010 (0x000c00e7) x1  0x0000000080004014
core   0: >>>>  any_handler
core   0: 0x000000008000600a (0x341027f3) csrrs   a5, mepc, zero
core   0: 3 0x000000008000600a (0x341027f3) x15 0x0000000080005b32
core   0: 0x000000008000600e (0x34202773) csrrs   a4, mcause, zero
core   0: 3 0x000000008000600e (0x34202773) x14 0x0000000000000002
core   0: 0x0000000080006012 (0x142026f3) csrrs   a3, scause, zero
core   0: 3 0x0000000080006012 (0x142026f3) x13 0x0000000000000000
core   0: 0x0000000080006016 (0x30402673) csrrs   a2, mie, zero
core   0: 3 0x0000000080006016 (0x30402673) x12 0x0000000000000a00
core   0: 0x000000008000601a (0x344025f3) csrrs   a1, mip, zero
core   0: 3 0x000000008000601a (0x344025f3) x11 0x0000000000000080
core   0: 0x000000008000601e (0x343025f3) csrrs   a1, mtval, zero
core   0: 3 0x000000008000601e (0x343025f3) x11 0x000000003234d5f3
core   0: 0x0000000080006022 (0x14302573) csrrs   a0, stval, zero
core   0: 3 0x0000000080006022 (0x14302573) x10 0x0000000000000000
core   0: 0x0000000080006026 (0xb02024f3) csrrs   s1, minstret, zero
core   0: 3 0x0000000080006026 (0xb02024f3) x9  0x00000000000010d0
core   0: 0x000000008000602a (0x0000a811) c.j     pc + 20
core   0: 3 0x000000008000602a (0xa811)
core   0: >>>>  mepc_4
core   0: 0x000000008000603e (0x00000791) c.addi  a5, 4
core   0: 3 0x000000008000603e (0x0791) x15 0x0000000080005b36
core   0: 0x0000000080006040 (0x34179073) csrrw   zero, mepc, a5
core   0: 3 0x0000000080006040 (0x34179073) c833_mepc 0x0000000080005b36
core   0: 0x0000000080006044 (0x30200073) mret
core   0: 3 0x0000000080006044 (0x30200073) c768_mstatus 0x8000000a00106080
core   0: 0x0000000080005b36 (0x0145dc33) srl     s8, a1, s4
core   0: 1 0x0000000080005b36 (0x0145dc33) x24 0x000000003234d5f3
core   0: 0x0000000080005b3a (0x41090933) sub     s2, s2, a6
core   0: 1 0x0000000080005b3a (0x41090933) x18 0x8000000000000000
core   0: 0x0000000080005b3e (0x4009561b) sraiw   a2, s2, 0
core   0: 1 0x0000000080005b3e (0x4009561b) x12 0x0000000000000000
core   0: 0x0000000080005b42 (0x01610233) add     tp, sp, s6
core   0: 1 0x0000000080005b42 (0x01610233) x4  0x0000000000000000
core   0: 0x0000000080005b46 (0x00009832) c.add   a6, a2
core   0: 1 0x0000000080005b46 (0x9832) x16 0x7fffffffffffffff
core   0: 0x0000000080005b48 (0x02264dbb) divw    s11, a2, sp
core   0: 1 0x0000000080005b48 (0x02264dbb) x27 0xffffffffffffffff
core   0: 0x0000000080005b4c (0x00000001) c.nop
core   0: 1 0x0000000080005b4c (0x0001)
core   0: 0x0000000080005b4e (0x02456e33) rem     t3, a0, tp
core   0: 1 0x0000000080005b4e (0x02456e33) x28 0x0000000000000000
core   0: 0x0000000080005b52 (0x4026543b) sraw    s0, a2, sp
core   0: 1 0x0000000080005b52 (0x4026543b) x8  0x0000000000000000
core   0: 0x0000000080005b56 (0xf1102073) csrrs   zero, mvendorid, zero
core   0: exception trap_illegal_instruction, epc 0x0000000080005b56
core   0:           tval 0x00000000f1102073
core   0: >>>>  $xrv64i2p1_m2p0_a2p1_f2p2_d2p2_zicsr2p0_zifencei2p0_zmmul1p0_zba1p0_zbb1p0_zbc1p0_zbs1p0
core   0: 0x0000000080004000 (0x0080006f) j       pc + 0x8
core   0: 3 0x0000000080004000 (0x0080006f)
core   0: >>>>  mmode_exception_handler
core   0: 0x0000000080004008 (0x00002c17) auipc   s8, 0x2
core   0: 3 0x0000000080004008 (0x00002c17) x24 0x0000000080006008
core   0: 0x000000008000400c (0x002c0c13) addi    s8, s8, 2
core   0: 3 0x000000008000400c (0x002c0c13) x24 0x000000008000600a
core   0: 0x0000000080004010 (0x000c00e7) jalr    s8
core   0: 3 0x0000000080004010 (0x000c00e7) x1  0x0000000080004014
core   0: >>>>  any_handler
core   0: 0x000000008000600a (0x341027f3) csrrs   a5, mepc, zero
core   0: 3 0x000000008000600a (0x341027f3) x15 0x0000000080005b56
core   0: 0x000000008000600e (0x34202773) csrrs   a4, mcause, zero
core   0: 3 0x000000008000600e (0x34202773) x14 0x0000000000000002
core   0: 0x0000000080006012 (0x142026f3) csrrs   a3, scause, zero
core   0: 3 0x0000000080006012 (0x142026f3) x13 0x0000000000000000
core   0: 0x0000000080006016 (0x30402673) csrrs   a2, mie, zero
core   0: 3 0x0000000080006016 (0x30402673) x12 0x0000000000000a00
core   0: 0x000000008000601a (0x344025f3) csrrs   a1, mip, zero
core   0: 3 0x000000008000601a (0x344025f3) x11 0x0000000000000080
core   0: 0x000000008000601e (0x343025f3) csrrs   a1, mtval, zero
core   0: 3 0x000000008000601e (0x343025f3) x11 0x00000000f1102073
core   0: 0x0000000080006022 (0x14302573) csrrs   a0, stval, zero
core   0: 3 0x0000000080006022 (0x14302573) x10 0x0000000000000000
core   0: 0x0000000080006026 (0xb02024f3) csrrs   s1, minstret, zero
core   0: 3 0x0000000080006026 (0xb02024f3) x9  0x00000000000010e9
core   0: 0x000000008000602a (0x0000a811) c.j     pc + 20
core   0: 3 0x000000008000602a (0xa811)
core   0: >>>>  mepc_4
core   0: 0x000000008000603e (0x00000791) c.addi  a5, 4
core   0: 3 0x000000008000603e (0x0791) x15 0x0000000080005b5a
core   0: 0x0000000080006040 (0x34179073) csrrw   zero, mepc, a5
core   0: 3 0x0000000080006040 (0x34179073) c833_mepc 0x0000000080005b5a
core   0: 0x0000000080006044 (0x30200073) mret
core   0: 3 0x0000000080006044 (0x30200073) c768_mstatus 0x8000000a00106080
core   0: 0x0000000080005b5a (0x03476233) rem     tp, a4, s4
core   0: 1 0x0000000080005b5a (0x03476233) x4  0x0000000000000002
core   0: 0x0000000080005b5e (0x412addb3) sra     s11, s5, s2
core   0: 1 0x0000000080005b5e (0x412addb3) x27 0x000000000000001d
core   0: 0x0000000080005b62 (0x2a731453) fmax.d  fs0, ft6, ft7
core   0: 1 0x0000000080005b62 (0x2a731453) f8  0x7ff8000000000000
core   0: 0x0000000080005b66 (0x03fa9e93) slli    t4, s5, 63
core   0: 1 0x0000000080005b66 (0x03fa9e93) x29 0x8000000000000000
core   0: 0x0000000080005b6a (0x40ddd833) sra     a6, s11, a3
core   0: 1 0x0000000080005b6a (0x40ddd833) x16 0x000000000000001d
core   0: 0x0000000080005b6e (0x01010533) add     a0, sp, a6
core   0: 1 0x0000000080005b6e (0x01010533) x10 0x000000000000001d
core   0: 0x0000000080005b72 (0x41f7d39b) sraiw   t2, a5, 31
core   0: 1 0x0000000080005b72 (0x41f7d39b) x7  0xffffffffffffffff
core   0: 0x0000000080005b76 (0x20a20213) addi    tp, tp, 522
core   0: 1 0x0000000080005b76 (0x20a20213) x4  0x000000000000020c
core   0: 0x0000000080005b7a (0x5a0670d3) fsqrt.d ft1, fa2
core   0: 1 0x0000000080005b7a (0x5a0670d3) c1_fflags 0x000000000000001d f1  0x40ce84a78383435d
core   0: 0x0000000080005b7e (0x872d9997) auipc   s3, 0x872d9
core   0: 1 0x0000000080005b7e (0x872d9997) x19 0x00000000072deb7e
core   0: 0x0000000080005b82 (0xa51f4497) auipc   s1, 0xa51f4
core   0: 1 0x0000000080005b82 (0xa51f4497) x9  0x00000000251f9b82
core   0: 0x0000000080005b86 (0x40f588b3) sub     a7, a1, a5
core   0: 1 0x0000000080005b86 (0x40f588b3) x17 0x00000000710fc519
core   0: 0x0000000080005b8a (0xf20888d3) fmv.d.x fa7, a7
core   0: 1 0x0000000080005b8a (0xf20888d3) f17 0x00000000710fc519
core   0: 0x0000000080005b8e (0x00189e1b) slliw   t3, a7, 1
core   0: 1 0x0000000080005b8e (0x00189e1b) x28 0xffffffffe21f8a32
core   0: 0x0000000080005b92 (0x00001513) slli    a0, zero, 0
core   0: 1 0x0000000080005b92 (0x00001513) x10 0x0000000000000000
core   0: 0x0000000080005b96 (0xc210fed3) fcvt.wu.d t4, ft1
core   0: 1 0x0000000080005b96 (0xc210fed3) c1_fflags 0x000000000000001d x29 0x0000000000003d09
core   0: 0x0000000080005b9a (0x00000001) c.nop
core   0: 1 0x0000000080005b9a (0x0001)
core   0: 0x0000000080005b9c (0xe8ce8e1b) addiw   t3, t4, -372
core   0: 1 0x0000000080005b9c (0xe8ce8e1b) x28 0x0000000000003b95
core   0: 0x0000000080005ba0 (0x407cd59b) sraiw   a1, s9, 7
core   0: 1 0x0000000080005ba0 (0x407cd59b) x11 0x0000000000000000
core   0: 0x0000000080005ba4 (0xc02df7d3) fcvt.l.s a5, fs11
core   0: 1 0x0000000080005ba4 (0xc02df7d3) c1_fflags 0x000000000000001d x15 0x7fffffffffffffff
core   0: 0x0000000080005ba8 (0xd02df153) fcvt.s.l ft2, s11
core   0: 1 0x0000000080005ba8 (0xd02df153) f2  0xffffffff41e80000
core   0: 0x0000000080005bac (0x0233c5bb) divw    a1, t2, gp
core   0: 1 0x0000000080005bac (0x0233c5bb) x11 0xffffffffffffffff
core   0: 0x0000000080005bb0 (0xd0317853) fcvt.s.lu fa6, sp
core   0: 1 0x0000000080005bb0 (0xd0317853) f16 0xffffffff00000000
core   0: 0x0000000080005bb4 (0x3b487f4b) fnmsub.d ft10, fa6, fs4, ft7
core   0: 1 0x0000000080005bb4 (0x3b487f4b) f30 0x7ff8000000000000
core   0: 0x0000000080005bb8 (0xf13064f3) csrrsi  s1, mimpid, 0
core   0: exception trap_illegal_instruction, epc 0x0000000080005bb8
core   0:           tval 0x00000000f13064f3
core   0: >>>>  $xrv64i2p1_m2p0_a2p1_f2p2_d2p2_zicsr2p0_zifencei2p0_zmmul1p0_zba1p0_zbb1p0_zbc1p0_zbs1p0
core   0: 0x0000000080004000 (0x0080006f) j       pc + 0x8
core   0: 3 0x0000000080004000 (0x0080006f)
core   0: >>>>  mmode_exception_handler
core   0: 0x0000000080004008 (0x00002c17) auipc   s8, 0x2
core   0: 3 0x0000000080004008 (0x00002c17) x24 0x0000000080006008
core   0: 0x000000008000400c (0x002c0c13) addi    s8, s8, 2
core   0: 3 0x000000008000400c (0x002c0c13) x24 0x000000008000600a
core   0: 0x0000000080004010 (0x000c00e7) jalr    s8
core   0: 3 0x0000000080004010 (0x000c00e7) x1  0x0000000080004014
core   0: >>>>  any_handler
core   0: 0x000000008000600a (0x341027f3) csrrs   a5, mepc, zero
core   0: 3 0x000000008000600a (0x341027f3) x15 0x0000000080005bb8
core   0: 0x000000008000600e (0x34202773) csrrs   a4, mcause, zero
core   0: 3 0x000000008000600e (0x34202773) x14 0x0000000000000002
core   0: 0x0000000080006012 (0x142026f3) csrrs   a3, scause, zero
core   0: 3 0x0000000080006012 (0x142026f3) x13 0x0000000000000000
core   0: 0x0000000080006016 (0x30402673) csrrs   a2, mie, zero
core   0: 3 0x0000000080006016 (0x30402673) x12 0x0000000000000a00
core   0: 0x000000008000601a (0x344025f3) csrrs   a1, mip, zero
core   0: 3 0x000000008000601a (0x344025f3) x11 0x0000000000000080
core   0: 0x000000008000601e (0x343025f3) csrrs   a1, mtval, zero
core   0: 3 0x000000008000601e (0x343025f3) x11 0x00000000f13064f3
core   0: 0x0000000080006022 (0x14302573) csrrs   a0, stval, zero
core   0: 3 0x0000000080006022 (0x14302573) x10 0x0000000000000000
core   0: 0x0000000080006026 (0xb02024f3) csrrs   s1, minstret, zero
core   0: 3 0x0000000080006026 (0xb02024f3) x9  0x0000000000001111
core   0: 0x000000008000602a (0x0000a811) c.j     pc + 20
core   0: 3 0x000000008000602a (0xa811)
core   0: >>>>  mepc_4
core   0: 0x000000008000603e (0x00000791) c.addi  a5, 4
core   0: 3 0x000000008000603e (0x0791) x15 0x0000000080005bbc
core   0: 0x0000000080006040 (0x34179073) csrrw   zero, mepc, a5
core   0: 3 0x0000000080006040 (0x34179073) c833_mepc 0x0000000080005bbc
core   0: 0x0000000080006044 (0x30200073) mret
core   0: 3 0x0000000080006044 (0x30200073) c768_mstatus 0x8000000a00106080
core   0: 0x0000000080005bbc (0x0b93f7d3) fsub.d  fa5, ft7, fs9
core   0: 1 0x0000000080005bbc (0x0b93f7d3) f15 0x7ff8000000000000
core   0: 0x0000000080005bc0 (0x029dd1bb) divuw   gp, s11, s1
core   0: 1 0x0000000080005bc0 (0x029dd1bb) x3  0x0000000000000000
core   0: 0x0000000080005bc4 (0x400ddc1b) sraiw   s8, s11, 0
core   0: 1 0x0000000080005bc4 (0x400ddc1b) x24 0x000000000000001d
core   0: 0x0000000080005bc8 (0xf20c0cd3) fmv.d.x fs9, s8
core   0: 1 0x0000000080005bc8 (0xf20c0cd3) f25 0x000000000000001d
core   0: 0x0000000080005bcc (0xd22271d3) fcvt.d.l ft3, tp
core   0: 1 0x0000000080005bcc (0xd22271d3) f3  0x4080600000000000
core   0: 0x0000000080005bd0 (0x00009f9d) c.subw  a5, a5
core   0: 1 0x0000000080005bd0 (0x9f9d) x15 0x0000000000000000
core   0: 0x0000000080005bd2 (0x0bf9f053) fsub.d  ft0, fs3, ft11
core   0: 1 0x0000000080005bd2 (0x0bf9f053) f0  0x7ff8000000000000
core   0: 0x0000000080005bd6 (0x006fb1b7) lui     gp, 0x6fb
core   0: 1 0x0000000080005bd6 (0x006fb1b7) x3  0x00000000006fb000
core   0: 0x0000000080005bda (0x7ed1819b) addiw   gp, gp, 2029
core   0: 1 0x0000000080005bda (0x7ed1819b) x3  0x00000000006fb7ed
core   0: 0x0000000080005bde (0x000001be) c.slli  gp, 15
core   0: 1 0x0000000080005bde (0x01be) x3  0x00000037dbf68000
core   0: 0x0000000080005be0 (0x91f18193) addi    gp, gp, -1761
core   0: 1 0x0000000080005be0 (0x91f18193) x3  0x00000037dbf6791f
core   0: 0x0000000080005be4 (0xc03cfbd3) fcvt.lu.s s7, fs9
core   0: 1 0x0000000080005be4 (0xc03cfbd3) c1_fflags 0x000000000000001d x23 0xffffffffffffffff
core   0: 0x0000000080005be8 (0x00ed7233) and     tp, s10, a4
core   0: 1 0x0000000080005be8 (0x00ed7233) x4  0x0000000000000000
core   0: 0x0000000080005bec (0x03f15293) srli    t0, sp, 63
core   0: 1 0x0000000080005bec (0x03f15293) x5  0x0000000000000000
core   0: 0x0000000080005bf0 (0x00251b73) csrrw   s6, frm, a0
core   0: 1 0x0000000080005bf0 (0x00251b73) x22 0x0000000000000000 c2_frm 0x0000000000000000
core   0: 0x0000000080005bf4 (0x000085ae) c.mv    a1, a1
core   0: 1 0x0000000080005bf4 (0x85ae) x11 0x00000000f13064f3
core   0: 0x0000000080005bf6 (0x01c2fbb3) and     s7, t0, t3
core   0: 1 0x0000000080005bf6 (0x01c2fbb3) x23 0x0000000000000000
core   0: 0x0000000080005bfa (0x00202373) csrrs   t1, frm, zero
core   0: 1 0x0000000080005bfa (0x00202373) x6  0x0000000000000000
core   0: 0x0000000080005bfe (0x035ec3b3) div     t2, t4, s5
core   0: 1 0x0000000080005bfe (0x035ec3b3) x7  0x000000000000021a
core   0: 0x0000000080005c02 (0x00000001) c.nop
core   0: 1 0x0000000080005c02 (0x0001)
core   0: 0x0000000080005c04 (0xd22df3d3) fcvt.d.l ft7, s11
core   0: 1 0x0000000080005c04 (0xd22df3d3) f7  0x403d000000000000
core   0: 0x0000000080005c08 (0x5329c993) xori    s3, s3, 1330
core   0: 1 0x0000000080005c08 (0x5329c993) x19 0x00000000072dee4c
core   0: 0x0000000080005c0c (0x033be5b3) rem     a1, s7, s3
core   0: 1 0x0000000080005c0c (0x033be5b3) x11 0x0000000000000000
core   0: 0x0000000080005c10 (0x00000001) c.nop
core   0: 1 0x0000000080005c10 (0x0001)
core   0: 0x0000000080005c12 (0x2a700353) fmin.d  ft6, ft0, ft7
core   0: 1 0x0000000080005c12 (0x2a700353) f6  0x403d000000000000
core   0: 0x0000000080005c16 (0x01d28133) add     sp, t0, t4
core   0: 1 0x0000000080005c16 (0x01d28133) x2  0x0000000000003d09
core   0: 0x0000000080005c1a (0x03315193) srli    gp, sp, 51
core   0: 1 0x0000000080005c1a (0x03315193) x3  0x0000000000000000
core   0: 0x0000000080005c1e (0x41f35c9b) sraiw   s9, t1, 31
core   0: 1 0x0000000080005c1e (0x41f35c9b) x25 0x0000000000000000
core   0: 0x0000000080005c22 (0xb42d5a17) auipc   s4, 0xb42d5
core   0: 1 0x0000000080005c22 (0xb42d5a17) x20 0x00000000342dac22
core   0: 0x0000000080005c26 (0x008a1b3b) sllw    s6, s4, s0
core   0: 1 0x0000000080005c26 (0x008a1b3b) x22 0x00000000342dac22
core   0: 0x0000000080005c2a (0xee6e7e13) andi    t3, t3, -282
core   0: 1 0x0000000080005c2a (0xee6e7e13) x28 0x0000000000003a84
core   0: 0x0000000080005c2e (0x024bf553) fadd.d  fa0, fs7, ft4
core   0: 1 0x0000000080005c2e (0x024bf553) c1_fflags 0x000000000000001d f10 0x43f0000000100000
core   0: 0x0000000080005c32 (0xf8a40a13) addi    s4, s0, -118
core   0: 1 0x0000000080005c32 (0xf8a40a13) x20 0xffffffffffffff8a
core   0: 0x0000000080005c36 (0x01c42233) slt     tp, s0, t3
core   0: 1 0x0000000080005c36 (0x01c42233) x4  0x0000000000000001
core   0: 0x0000000080005c3a (0xc2257153) fcvt.l.d sp, fa0
core   0: 1 0x0000000080005c3a (0xc2257153) c1_fflags 0x000000000000001d x2  0x7fffffffffffffff
core   0: 0x0000000080005c3e (0x014bd413) srli    s0, s7, 20
core   0: 1 0x0000000080005c3e (0x014bd413) x8  0x0000000000000000
core   0: 0x0000000080005c42 (0x2ae588d3) fmin.d  fa7, fa1, fa4
core   0: 1 0x0000000080005c42 (0x2ae588d3) f17 0x47f0000000000000
core   0: 0x0000000080005c46 (0x00000001) c.nop
core   0: 1 0x0000000080005c46 (0x0001)
core   0: 0x0000000080005c48 (0x0071101b) slliw   zero, sp, 7
core   0: 1 0x0000000080005c48 (0x0071101b)
core   0: 0x0000000080005c4c (0x4051593b) sraw    s2, sp, t0
core   0: 1 0x0000000080005c4c (0x4051593b) x18 0xffffffffffffffff
core   0: 0x0000000080005c50 (0x237b2853) fsgnjx.d fa6, fs6, fs7
core   0: 1 0x0000000080005c50 (0x237b2853) f16 0x7ff8000000000000
core   0: 0x0000000080005c54 (0x03205c33) divu    s8, zero, s2
core   0: 1 0x0000000080005c54 (0x03205c33) x24 0x0000000000000000
core   0: 0x0000000080005c58 (0x7ff4f793) andi    a5, s1, 2047
core   0: 1 0x0000000080005c58 (0x7ff4f793) x15 0x0000000000000111
core   0: 0x0000000080005c5c (0xd02afb53) fcvt.s.l fs6, s5
core   0: 1 0x0000000080005c5c (0xd02afb53) f22 0xffffffff41e80000
core   0: 0x0000000080005c60 (0xc213f753) fcvt.wu.d a4, ft7
core   0: 1 0x0000000080005c60 (0xc213f753) x14 0x000000000000001d
core   0: 0x0000000080005c64 (0x400ddb13) srai    s6, s11, 0
core   0: 1 0x0000000080005c64 (0x400ddb13) x22 0x000000000000001d
core   0: 0x0000000080005c68 (0x00095b93) srli    s7, s2, 0
core   0: 1 0x0000000080005c68 (0x00095b93) x23 0xffffffffffffffff
core   0: 0x0000000080005c6c (0x84578793) addi    a5, a5, -1979
core   0: 1 0x0000000080005c6c (0x84578793) x15 0xfffffffffffff956
core   0: 0x0000000080005c70 (0xd2120b53) fcvt.d.wu fs6, tp
core   0: 1 0x0000000080005c70 (0xd2120b53) f22 0x3ff0000000000000
core   0: 0x0000000080005c74 (0x5a01f1d3) fsqrt.d ft3, ft3
core   0: 1 0x0000000080005c74 (0x5a01f1d3) c1_fflags 0x000000000000001d f3  0x4036e41b9bfb3b75
core   0: 0x0000000080005c78 (0x00b7d2b3) srl     t0, a5, a1
core   0: 1 0x0000000080005c78 (0x00b7d2b3) x5  0xfffffffffffff956
core   0: 0x0000000080005c7c (0xd21e0853) fcvt.d.wu fa6, t3
core   0: 1 0x0000000080005c7c (0xd21e0853) f16 0x40cd420000000000
core   0: 0x0000000080005c80 (0x012cd333) srl     t1, s9, s2
core   0: 1 0x0000000080005c80 (0x012cd333) x6  0x0000000000000000
core   0: 0x0000000080005c84 (0x1b987cd3) fdiv.d  fs9, fa6, fs9
core   0: 1 0x0000000080005c84 (0x1b987cd3) c1_fflags 0x000000000000001d f25 0x7ff0000000000000
core   0: 0x0000000080005c88 (0x0ade7653) fsub.d  fa2, ft8, fa3
core   0: 1 0x0000000080005c88 (0x0ade7653) f12 0x7ff8000000000000
core   0: 0x0000000080005c8c (0x001294f3) csrrw   s1, fflags, t0
core   0: 1 0x0000000080005c8c (0x001294f3) x9  0x000000000000001d c1_fflags 0x0000000000000016
core   0: 0x0000000080005c90 (0x40920633) sub     a2, tp, s1
core   0: 1 0x0000000080005c90 (0x40920633) x12 0xffffffffffffffe4
core   0: 0x0000000080005c94 (0x00cbd83b) srlw    a6, s7, a2
core   0: 1 0x0000000080005c94 (0x00cbd83b) x16 0x000000000fffffff
core   0: 0x0000000080005c98 (0x141e9673) csrrw   a2, sepc, t4
core   0: 1 0x0000000080005c98 (0x141e9673) x12 0x0000000000000000 c321_sepc 0x0000000000003d08
core   0: 0x0000000080005c9c (0xe20c1cd3) fclass.d s9, fs8
core   0: 1 0x0000000080005c9c (0xe20c1cd3) x25 0x0000000000000200
core   0: 0x0000000080005ca0 (0x0392643b) remw    s0, tp, s9
core   0: 1 0x0000000080005ca0 (0x0392643b) x8  0x0000000000000001
core   0: 0x0000000080005ca4 (0x0336d6b3) divu    a3, a3, s3
core   0: 1 0x0000000080005ca4 (0x0336d6b3) x13 0x0000000000000000
core   0: 0x0000000080005ca8 (0xe2c67dc7) fmsub.d fs11, fa2, fa2, ft8
core   0: 1 0x0000000080005ca8 (0xe2c67dc7) f27 0x7ff8000000000000
core   0: 0x0000000080005cac (0x0199d93b) srlw    s2, s3, s9
core   0: 1 0x0000000080005cac (0x0199d93b) x18 0x00000000072dee4c
core   0: 0x0000000080005cb0 (0x9e89f313) andi    t1, s3, -1560
core   0: 1 0x0000000080005cb0 (0x9e89f313) x6  0x00000000072de848
core   0: 0x0000000080005cb4 (0x4178d09b) sraiw   ra, a7, 23
core   0: 1 0x0000000080005cb4 (0x4178d09b) x1  0x00000000000000e2
core   0: 0x0000000080005cb8 (0x029279d3) fadd.d  fs3, ft4, fs1
core   0: 1 0x0000000080005cb8 (0x029279d3) f19 0x43f0000000000000
core   0: 0x0000000080005cbc (0x00251973) csrrw   s2, frm, a0
core   0: 1 0x0000000080005cbc (0x00251973) x18 0x0000000000000000 c2_frm 0x0000000000000000
core   0: 0x0000000080005cc0 (0x012498b3) sll     a7, s1, s2
core   0: 1 0x0000000080005cc0 (0x012498b3) x17 0x000000000000001d
core   0: 0x0000000080005cc4 (0xd0297853) fcvt.s.l fa6, s2
core   0: 1 0x0000000080005cc4 (0xd0297853) f16 0xffffffff00000000
core   0: 0x0000000080005cc8 (0x0094d833) srl     a6, s1, s1
core   0: 1 0x0000000080005cc8 (0x0094d833) x16 0x0000000000000000
core   0: 0x0000000080005ccc (0xc0317ed3) fcvt.lu.s t4, ft2
core   0: 1 0x0000000080005ccc (0xc0317ed3) x29 0x000000000000001d
core   0: 0x0000000080005cd0 (0x00015393) srli    t2, sp, 0
core   0: 1 0x0000000080005cd0 (0x00015393) x7  0x7fffffffffffffff
core   0: 0x0000000080005cd4 (0x405d5d33) sra     s10, s10, t0
core   0: 1 0x0000000080005cd4 (0x405d5d33) x26 0x00000000000000ff
core   0: 0x0000000080005cd8 (0x5026e693) ori     a3, a3, 1282
core   0: 1 0x0000000080005cd8 (0x5026e693) x13 0x0000000000000502
core   0: 0x0000000080005cdc (0x00a6da3b) srlw    s4, a3, a0
core   0: 1 0x0000000080005cdc (0x00a6da3b) x20 0x0000000000000502
core   0: 0x0000000080005ce0 (0xd21c07d3) fcvt.d.wu fa5, s8
core   0: 1 0x0000000080005ce0 (0xd21c07d3) f15 0x0000000000000000
core   0: 0x0000000080005ce4 (0x931bf447) fmsub.d fs0, fs7, fa7, fs2
core   0: 1 0x0000000080005ce4 (0x931bf447) c1_fflags 0x0000000000000017 f8  0x49efffffffe00000
core   0: 0x0000000080005ce8 (0x00000001) c.nop
core   0: 1 0x0000000080005ce8 (0x0001)
core   0: 0x0000000080005cea (0xc0347ad3) fcvt.lu.s s5, fs0
core   0: 1 0x0000000080005cea (0xc0347ad3) c1_fflags 0x0000000000000017 x21 0xffffffffffffffff
core   0: 0x0000000080005cee (0x03e3f653) fadd.d  fa2, ft7, ft10
core   0: 1 0x0000000080005cee (0x03e3f653) f12 0x7ff8000000000000
core   0: 0x0000000080005cf2 (0x00110b9b) addiw   s7, sp, 1
core   0: 1 0x0000000080005cf2 (0x00110b9b) x23 0x0000000000000000
core   0: 0x0000000080005cf6 (0x6244fbc3) fmadd.d fs7, fs1, ft4, fa2
core   0: 1 0x0000000080005cf6 (0x6244fbc3) f23 0x7ff8000000000000
core   0: 0x0000000080005cfa (0x00101073) csrrw   zero, fflags, zero
core   0: 1 0x0000000080005cfa (0x00101073) c1_fflags 0x0000000000000000
core   0: 0x0000000080005cfe (0xd20a0fd3) fcvt.d.w ft11, s4
core   0: 1 0x0000000080005cfe (0xd20a0fd3) f31 0x4094080000000000
core   0: 0x0000000080005d02 (0x03605b3b) divuw   s6, zero, s6
core   0: 1 0x0000000080005d02 (0x03605b3b) x22 0x0000000000000000
core   0: 0x0000000080005d06 (0x4016d213) srai    tp, a3, 1
core   0: 1 0x0000000080005d06 (0x4016d213) x4  0x0000000000000281
core   0: 0x0000000080005d0a (0x00bb77b3) and     a5, s6, a1
core   0: 1 0x0000000080005d0a (0x00bb77b3) x15 0x0000000000000000
core   0: 0x0000000080005d0e (0x4016d513) srai    a0, a3, 1
core   0: 1 0x0000000080005d0e (0x4016d513) x10 0x0000000000000281
core   0: 0x0000000080005d12 (0x0000848d) c.srai  s1, 3
core   0: 1 0x0000000080005d12 (0x848d) x9  0x0000000000000003
core   0: 0x0000000080005d14 (0x01d87433) and     s0, a6, t4
core   0: 1 0x0000000080005d14 (0x01d87433) x8  0x0000000000000000
core   0: 0x0000000080005d18 (0x001c5513) srli    a0, s8, 1
core   0: 1 0x0000000080005d18 (0x001c5513) x10 0x0000000000000000
core   0: 0x0000000080005d1c (0x00a35ebb) srlw    t4, t1, a0
core   0: 1 0x0000000080005d1c (0x00a35ebb) x29 0x00000000072de848
core   0: 0x0000000080005d20 (0x13eb72d3) fmul.d  ft5, fs6, ft10
core   0: 1 0x0000000080005d20 (0x13eb72d3) f5  0x7ff8000000000000
core   0: 0x0000000080005d24 (0xf110fbf3) csrrci  s7, mvendorid, 1
core   0: exception trap_illegal_instruction, epc 0x0000000080005d24
core   0:           tval 0x00000000f110fbf3
core   0: >>>>  $xrv64i2p1_m2p0_a2p1_f2p2_d2p2_zicsr2p0_zifencei2p0_zmmul1p0_zba1p0_zbb1p0_zbc1p0_zbs1p0
core   0: 0x0000000080004000 (0x0080006f) j       pc + 0x8
core   0: 3 0x0000000080004000 (0x0080006f)
core   0: >>>>  mmode_exception_handler
core   0: 0x0000000080004008 (0x00002c17) auipc   s8, 0x2
core   0: 3 0x0000000080004008 (0x00002c17) x24 0x0000000080006008
core   0: 0x000000008000400c (0x002c0c13) addi    s8, s8, 2
core   0: 3 0x000000008000400c (0x002c0c13) x24 0x000000008000600a
core   0: 0x0000000080004010 (0x000c00e7) jalr    s8
core   0: 3 0x0000000080004010 (0x000c00e7) x1  0x0000000080004014
core   0: >>>>  any_handler
core   0: 0x000000008000600a (0x341027f3) csrrs   a5, mepc, zero
core   0: 3 0x000000008000600a (0x341027f3) x15 0x0000000080005d24
core   0: 0x000000008000600e (0x34202773) csrrs   a4, mcause, zero
core   0: 3 0x000000008000600e (0x34202773) x14 0x0000000000000002
core   0: 0x0000000080006012 (0x142026f3) csrrs   a3, scause, zero
core   0: 3 0x0000000080006012 (0x142026f3) x13 0x0000000000000000
core   0: 0x0000000080006016 (0x30402673) csrrs   a2, mie, zero
core   0: 3 0x0000000080006016 (0x30402673) x12 0x0000000000000a00
core   0: 0x000000008000601a (0x344025f3) csrrs   a1, mip, zero
core   0: 3 0x000000008000601a (0x344025f3) x11 0x0000000000000080
core   0: 0x000000008000601e (0x343025f3) csrrs   a1, mtval, zero
core   0: 3 0x000000008000601e (0x343025f3) x11 0x00000000f110fbf3
core   0: 0x0000000080006022 (0x14302573) csrrs   a0, stval, zero
core   0: 3 0x0000000080006022 (0x14302573) x10 0x0000000000000000
core   0: 0x0000000080006026 (0xb02024f3) csrrs   s1, minstret, zero
core   0: 3 0x0000000080006026 (0xb02024f3) x9  0x000000000000117f
core   0: 0x000000008000602a (0x0000a811) c.j     pc + 20
core   0: 3 0x000000008000602a (0xa811)
core   0: >>>>  mepc_4
core   0: 0x000000008000603e (0x00000791) c.addi  a5, 4
core   0: 3 0x000000008000603e (0x0791) x15 0x0000000080005d28
core   0: 0x0000000080006040 (0x34179073) csrrw   zero, mepc, a5
core   0: 3 0x0000000080006040 (0x34179073) c833_mepc 0x0000000080005d28
core   0: 0x0000000080006044 (0x30200073) mret
core   0: 3 0x0000000080006044 (0x30200073) c768_mstatus 0x8000000a00106080
core   0: 0x0000000080005d28 (0x00000001) c.nop
core   0: 1 0x0000000080005d28 (0x0001)
core   0: 0x0000000080005d2a (0xf20e8ad3) fmv.d.x fs5, t4
core   0: 1 0x0000000080005d2a (0xf20e8ad3) f21 0x00000000072de848
core   0: 0x0000000080005d2e (0x617b8c93) addi    s9, s7, 1559
core   0: 1 0x0000000080005d2e (0x617b8c93) x25 0x0000000000000617
core   0: 0x0000000080005d32 (0x0ff0000f) fence   iorw,iorw
core   0: 1 0x0000000080005d32 (0x0ff0000f)
core   0: 0x0000000080005d36 (0x0bccfcd3) fsub.d  fs9, fs9, ft8
core   0: 1 0x0000000080005d36 (0x0bccfcd3) f25 0x7ff8000000000000
core   0: 0x0000000080005d3a (0x000003be) c.slli  t2, 15
core   0: 1 0x0000000080005d3a (0x03be) x7  0xffffffffffff8000
core   0: 0x0000000080005d3c (0x00129df3) csrrw   s11, fflags, t0
core   0: 1 0x0000000080005d3c (0x00129df3) x27 0x0000000000000000 c1_fflags 0x0000000000000016
core   0: 0x0000000080005d40 (0x41f3589b) sraiw   a7, t1, 31
core   0: 1 0x0000000080005d40 (0x41f3589b) x17 0x0000000000000000
core   0: 0x0000000080005d44 (0x8f31f193) andi    gp, gp, -1805
core   0: 1 0x0000000080005d44 (0x8f31f193) x3  0x0000000000000000
core   0: 0x0000000080005d48 (0xbe56c2b7) lui     t0, 0xbe56c
core   0: 1 0x0000000080005d48 (0xbe56c2b7) x5  0xffffffffbe56c000
core   0: 0x0000000080005d4c (0x0312f5b3) remu    a1, t0, a7
core   0: 1 0x0000000080005d4c (0x0312f5b3) x11 0xffffffffbe56c000
core   0: 0x0000000080005d50 (0xd229f1d3) fcvt.d.l ft3, s3
core   0: 1 0x0000000080005d50 (0xd229f1d3) f3  0x419cb7b930000000
core   0: 0x0000000080005d54 (0x00009526) c.add   a0, s1
core   0: 1 0x0000000080005d54 (0x9526) x10 0x000000000000117f
core   0: 0x0000000080005d56 (0x02b708bb) mulw    a7, a4, a1
core   0: 1 0x0000000080005d56 (0x02b708bb) x17 0x000000007cad8000
core   0: 0x0000000080005d5a (0x0058eeb3) or      t4, a7, t0
core   0: 1 0x0000000080005d5a (0x0058eeb3) x29 0xfffffffffeffc000
core   0: 0x0000000080005d5e (0x02bcdcb3) divu    s9, s9, a1
core   0: 1 0x0000000080005d5e (0x02bcdcb3) x25 0x0000000000000000
core   0: 0x0000000080005d62 (0x01d50c3b) addw    s8, a0, t4
core   0: 1 0x0000000080005d62 (0x01d50c3b) x24 0xfffffffffeffd17f
core   0: 0x0000000080005d66 (0x01474c33) xor     s8, a4, s4
core   0: 1 0x0000000080005d66 (0x01474c33) x24 0x0000000000000500
core   0: 0x0000000080005d6a (0x015c2ab3) slt     s5, s8, s5
core   0: 1 0x0000000080005d6a (0x015c2ab3) x21 0x0000000000000000
core   0: 0x0000000080005d6e (0x001cdd1b) srliw   s10, s9, 1
core   0: 1 0x0000000080005d6e (0x001cdd1b) x26 0x0000000000000000
core   0: 0x0000000080005d72 (0x01ad23b3) slt     t2, s10, s10
core   0: 1 0x0000000080005d72 (0x01ad23b3) x7  0x0000000000000000
core   0: 0x0000000080005d76 (0x0362ee33) rem     t3, t0, s6
core   0: 1 0x0000000080005d76 (0x0362ee33) x28 0xffffffffbe56c000
core   0: 0x0000000080005d7a (0x800d7693) andi    a3, s10, -2048
core   0: 1 0x0000000080005d7a (0x800d7693) x13 0x0000000000000000
core   0: 0x0000000080005d7e (0xc22dfe53) fcvt.l.d t3, fs11
core   0: 1 0x0000000080005d7e (0xc22dfe53) c1_fflags 0x0000000000000016 x28 0x7fffffffffffffff
core   0: 0x0000000080005d82 (0x01c6813b) addw    sp, a3, t3
core   0: 1 0x0000000080005d82 (0x01c6813b) x2  0xffffffffffffffff
core   0: 0x0000000080005d86 (0x0168d033) srl     zero, a7, s6
core   0: 1 0x0000000080005d86 (0x0168d033)
core   0: 0x0000000080005d8a (0xd2018553) fcvt.d.w fa0, gp
core   0: 1 0x0000000080005d8a (0xd2018553) f10 0x0000000000000000
core   0: 0x0000000080005d8e (0x12d6f6d3) fmul.d  fa3, fa3, fa3
core   0: 1 0x0000000080005d8e (0x12d6f6d3) f13 0x0000000000000000
core   0: 0x0000000080005d92 (0x00019c13) slli    s8, gp, 0
core   0: 1 0x0000000080005d92 (0x00019c13) x24 0x0000000000000000
core   0: 0x0000000080005d96 (0x0b25f953) fsub.d  fs2, fa1, fs2
core   0: 1 0x0000000080005d96 (0x0b25f953) f18 0x7ff8000000000000
core   0: 0x0000000080005d9a (0xd228f4d3) fcvt.d.l fs1, a7
core   0: 1 0x0000000080005d9a (0xd228f4d3) f9  0x41df2b6000000000
core   0: 0x0000000080005d9e (0x320ef6f3) csrrci  a3, mcountinhibit, 29
core   0: exception trap_illegal_instruction, epc 0x0000000080005d9e
core   0:           tval 0x00000000320ef6f3
core   0: >>>>  $xrv64i2p1_m2p0_a2p1_f2p2_d2p2_zicsr2p0_zifencei2p0_zmmul1p0_zba1p0_zbb1p0_zbc1p0_zbs1p0
core   0: 0x0000000080004000 (0x0080006f) j       pc + 0x8
core   0: 3 0x0000000080004000 (0x0080006f)
core   0: >>>>  mmode_exception_handler
core   0: 0x0000000080004008 (0x00002c17) auipc   s8, 0x2
core   0: 3 0x0000000080004008 (0x00002c17) x24 0x0000000080006008
core   0: 0x000000008000400c (0x002c0c13) addi    s8, s8, 2
core   0: 3 0x000000008000400c (0x002c0c13) x24 0x000000008000600a
core   0: 0x0000000080004010 (0x000c00e7) jalr    s8
core   0: 3 0x0000000080004010 (0x000c00e7) x1  0x0000000080004014
core   0: >>>>  any_handler
core   0: 0x000000008000600a (0x341027f3) csrrs   a5, mepc, zero
core   0: 3 0x000000008000600a (0x341027f3) x15 0x0000000080005d9e
core   0: 0x000000008000600e (0x34202773) csrrs   a4, mcause, zero
core   0: 3 0x000000008000600e (0x34202773) x14 0x0000000000000002
core   0: 0x0000000080006012 (0x142026f3) csrrs   a3, scause, zero
core   0: 3 0x0000000080006012 (0x142026f3) x13 0x0000000000000000
core   0: 0x0000000080006016 (0x30402673) csrrs   a2, mie, zero
core   0: 3 0x0000000080006016 (0x30402673) x12 0x0000000000000a00
core   0: 0x000000008000601a (0x344025f3) csrrs   a1, mip, zero
core   0: 3 0x000000008000601a (0x344025f3) x11 0x0000000000000080
core   0: 0x000000008000601e (0x343025f3) csrrs   a1, mtval, zero
core   0: 3 0x000000008000601e (0x343025f3) x11 0x00000000320ef6f3
core   0: 0x0000000080006022 (0x14302573) csrrs   a0, stval, zero
core   0: 3 0x0000000080006022 (0x14302573) x10 0x0000000000000000
core   0: 0x0000000080006026 (0xb02024f3) csrrs   s1, minstret, zero
core   0: 3 0x0000000080006026 (0xb02024f3) x9  0x00000000000011ae
core   0: 0x000000008000602a (0x0000a811) c.j     pc + 20
core   0: 3 0x000000008000602a (0xa811)
core   0: >>>>  mepc_4
core   0: 0x000000008000603e (0x00000791) c.addi  a5, 4
core   0: 3 0x000000008000603e (0x0791) x15 0x0000000080005da2
core   0: 0x0000000080006040 (0x34179073) csrrw   zero, mepc, a5
core   0: 3 0x0000000080006040 (0x34179073) c833_mepc 0x0000000080005da2
core   0: 0x0000000080006044 (0x30200073) mret
core   0: 3 0x0000000080006044 (0x30200073) c768_mstatus 0x8000000a00106080
core   0: 0x0000000080005da2 (0x01c0d0bb) srlw    ra, ra, t3
core   0: 1 0x0000000080005da2 (0x01c0d0bb) x1  0x0000000000000001
core   0: 0x0000000080005da6 (0xc0217ed3) fcvt.l.s t4, ft2
core   0: 1 0x0000000080005da6 (0xc0217ed3) x29 0x000000000000001d
core   0: 0x0000000080005daa (0x4080da33) sra     s4, ra, s0
core   0: 1 0x0000000080005daa (0x4080da33) x20 0x0000000000000001
core   0: 0x0000000080005dae (0x0124573b) srlw    a4, s0, s2
core   0: 1 0x0000000080005dae (0x0124573b) x14 0x0000000000000000
core   0: 0x0000000080005db2 (0x602a4c93) xori    s9, s4, 1538
core   0: 1 0x0000000080005db2 (0x602a4c93) x25 0x0000000000000603
core   0: 0x0000000080005db6 (0xd21c8c53) fcvt.d.wu fs8, s9
core   0: 1 0x0000000080005db6 (0xd21c8c53) f24 0x40980c0000000000
core   0: 0x0000000080005dba (0x406c5a9b) sraiw   s5, s8, 6
core   0: 1 0x0000000080005dba (0x406c5a9b) x21 0xfffffffffe000180
core   0: 0x0000000080005dbe (0x039ced33) rem     s10, s9, s9
core   0: 1 0x0000000080005dbe (0x039ced33) x26 0x0000000000000000
core   0: 0x0000000080005dc2 (0x00102d73) csrrs   s10, fflags, zero
core   0: 1 0x0000000080005dc2 (0x00102d73) x26 0x0000000000000016
core   0: 0x0000000080005dc6 (0x331e7e4f) fnmadd.d ft8, ft8, fa7, ft6
core   0: 1 0x0000000080005dc6 (0x331e7e4f) f28 0x7ff8000000000000
core   0: 0x0000000080005dca (0x00000001) c.nop
core   0: 1 0x0000000080005dca (0x0001)
core   0: 0x0000000080005dcc (0x0158d433) srl     s0, a7, s5
core   0: 1 0x0000000080005dcc (0x0158d433) x8  0x000000007cad8000
core   0: 0x0000000080005dd0 (0x0002d31b) srliw   t1, t0, 0
core   0: 1 0x0000000080005dd0 (0x0002d31b) x6  0xffffffffbe56c000
core   0: 0x0000000080005dd4 (0x037a6a33) rem     s4, s4, s7
core   0: 1 0x0000000080005dd4 (0x037a6a33) x20 0x0000000000000001
core   0: 0x0000000080005dd8 (0x03c8de3b) divuw   t3, a7, t3
core   0: 1 0x0000000080005dd8 (0x03c8de3b) x28 0x0000000000000000
core   0: 0x0000000080005ddc (0x40177953) fcvt.s.d fs2, fa4
core   0: 1 0x0000000080005ddc (0x40177953) c1_fflags 0x0000000000000017 f18 0xffffffff7f800000
core   0: 0x0000000080005de0 (0x000e569b) srliw   a3, t3, 0
core   0: 1 0x0000000080005de0 (0x000e569b) x13 0x0000000000000000
core   0: 0x0000000080005de4 (0x2b960fd3) fmin.d  ft11, fa2, fs9
core   0: 1 0x0000000080005de4 (0x2b960fd3) f31 0x7ff8000000000000
core   0: 0x0000000080005de8 (0x5a05f5d3) fsqrt.d fa1, fa1
core   0: 1 0x0000000080005de8 (0x5a05f5d3) f11 0x7ff8000000000000
core   0: 0x0000000080005dec (0x0346e93b) remw    s2, a3, s4
core   0: 1 0x0000000080005dec (0x0346e93b) x18 0x0000000000000000
core   0: 0x0000000080005df0 (0x009c503b) srlw    zero, s8, s1
core   0: 1 0x0000000080005df0 (0x009c503b)
core   0: 0x0000000080005df4 (0x001b79b3) and     s3, s6, ra
core   0: 1 0x0000000080005df4 (0x001b79b3) x19 0x0000000000000000
core   0: 0x0000000080005df8 (0x00000001) c.nop
core   0: 1 0x0000000080005df8 (0x0001)
core   0: 0x0000000080005dfa (0x00000001) c.nop
core   0: 1 0x0000000080005dfa (0x0001)
core   0: 0x0000000080005dfc (0xd23d76d3) fcvt.d.lu fa3, s10
core   0: 1 0x0000000080005dfc (0xd23d76d3) f13 0x4036000000000000
core   0: 0x0000000080005e00 (0x02bdf753) fadd.d  fa4, fs11, fa1
core   0: 1 0x0000000080005e00 (0x02bdf753) f14 0x7ff8000000000000
core   0: 0x0000000080005e04 (0x017b8a33) add     s4, s7, s7
core   0: 1 0x0000000080005e04 (0x017b8a33) x20 0x0000000000000000
core   0: 0x0000000080005e08 (0x40a1d53b) sraw    a0, gp, a0
core   0: 1 0x0000000080005e08 (0x40a1d53b) x10 0x0000000000000000
core   0: 0x0000000080005e0c (0x34493973) csrrc   s2, mip, s2
core   0: exception trap_illegal_instruction, epc 0x0000000080005e0c
core   0:           tval 0x0000000034493973
core   0: >>>>  $xrv64i2p1_m2p0_a2p1_f2p2_d2p2_zicsr2p0_zifencei2p0_zmmul1p0_zba1p0_zbb1p0_zbc1p0_zbs1p0
core   0: 0x0000000080004000 (0x0080006f) j       pc + 0x8
core   0: 3 0x0000000080004000 (0x0080006f)
core   0: >>>>  mmode_exception_handler
core   0: 0x0000000080004008 (0x00002c17) auipc   s8, 0x2
core   0: 3 0x0000000080004008 (0x00002c17) x24 0x0000000080006008
core   0: 0x000000008000400c (0x002c0c13) addi    s8, s8, 2
core   0: 3 0x000000008000400c (0x002c0c13) x24 0x000000008000600a
core   0: 0x0000000080004010 (0x000c00e7) jalr    s8
core   0: 3 0x0000000080004010 (0x000c00e7) x1  0x0000000080004014
core   0: >>>>  any_handler
core   0: 0x000000008000600a (0x341027f3) csrrs   a5, mepc, zero
core   0: 3 0x000000008000600a (0x341027f3) x15 0x0000000080005e0c
core   0: 0x000000008000600e (0x34202773) csrrs   a4, mcause, zero
core   0: 3 0x000000008000600e (0x34202773) x14 0x0000000000000002
core   0: 0x0000000080006012 (0x142026f3) csrrs   a3, scause, zero
core   0: 3 0x0000000080006012 (0x142026f3) x13 0x0000000000000000
core   0: 0x0000000080006016 (0x30402673) csrrs   a2, mie, zero
core   0: 3 0x0000000080006016 (0x30402673) x12 0x0000000000000a00
core   0: 0x000000008000601a (0x344025f3) csrrs   a1, mip, zero
core   0: 3 0x000000008000601a (0x344025f3) x11 0x0000000000000080
core   0: 0x000000008000601e (0x343025f3) csrrs   a1, mtval, zero
core   0: 3 0x000000008000601e (0x343025f3) x11 0x0000000034493973
core   0: 0x0000000080006022 (0x14302573) csrrs   a0, stval, zero
core   0: 3 0x0000000080006022 (0x14302573) x10 0x0000000000000000
core   0: 0x0000000080006026 (0xb02024f3) csrrs   s1, minstret, zero
core   0: 3 0x0000000080006026 (0xb02024f3) x9  0x00000000000011da
core   0: 0x000000008000602a (0x0000a811) c.j     pc + 20
core   0: 3 0x000000008000602a (0xa811)
core   0: >>>>  mepc_4
core   0: 0x000000008000603e (0x00000791) c.addi  a5, 4
core   0: 3 0x000000008000603e (0x0791) x15 0x0000000080005e10
core   0: 0x0000000080006040 (0x34179073) csrrw   zero, mepc, a5
core   0: 3 0x0000000080006040 (0x34179073) c833_mepc 0x0000000080005e10
core   0: 0x0000000080006044 (0x30200073) mret
core   0: 3 0x0000000080006044 (0x30200073) c768_mstatus 0x8000000a00106080
core   0: 0x0000000080005e10 (0x7ff6e113) ori     sp, a3, 2047
core   0: 1 0x0000000080005e10 (0x7ff6e113) x2  0x00000000000007ff
core   0: 0x0000000080005e14 (0x22787493) andi    s1, a6, 551
core   0: 1 0x0000000080005e14 (0x22787493) x9  0x0000000000000000
core   0: 0x0000000080005e18 (0xd20c0653) fcvt.d.w fa2, s8
core   0: 1 0x0000000080005e18 (0xd20c0653) f12 0xc1dfffe7fd800000
core   0: 0x0000000080005e1c (0x03b4813b) mulw    sp, s1, s11
core   0: 1 0x0000000080005e1c (0x03b4813b) x2  0x0000000000000000
core   0: 0x0000000080005e20 (0x5a05f5d3) fsqrt.d fa1, fa1
core   0: 1 0x0000000080005e20 (0x5a05f5d3) f11 0x7ff8000000000000
core   0: 0x0000000080005e24 (0xc025d5f3) csrrwi  a1, instret, 11
core   0: exception trap_illegal_instruction, epc 0x0000000080005e24
core   0:           tval 0x00000000c025d5f3
core   0: >>>>  $xrv64i2p1_m2p0_a2p1_f2p2_d2p2_zicsr2p0_zifencei2p0_zmmul1p0_zba1p0_zbb1p0_zbc1p0_zbs1p0
core   0: 0x0000000080004000 (0x0080006f) j       pc + 0x8
core   0: 3 0x0000000080004000 (0x0080006f)
core   0: >>>>  mmode_exception_handler
core   0: 0x0000000080004008 (0x00002c17) auipc   s8, 0x2
core   0: 3 0x0000000080004008 (0x00002c17) x24 0x0000000080006008
core   0: 0x000000008000400c (0x002c0c13) addi    s8, s8, 2
core   0: 3 0x000000008000400c (0x002c0c13) x24 0x000000008000600a
core   0: 0x0000000080004010 (0x000c00e7) jalr    s8
core   0: 3 0x0000000080004010 (0x000c00e7) x1  0x0000000080004014
core   0: >>>>  any_handler
core   0: 0x000000008000600a (0x341027f3) csrrs   a5, mepc, zero
core   0: 3 0x000000008000600a (0x341027f3) x15 0x0000000080005e24
core   0: 0x000000008000600e (0x34202773) csrrs   a4, mcause, zero
core   0: 3 0x000000008000600e (0x34202773) x14 0x0000000000000002
core   0: 0x0000000080006012 (0x142026f3) csrrs   a3, scause, zero
core   0: 3 0x0000000080006012 (0x142026f3) x13 0x0000000000000000
core   0: 0x0000000080006016 (0x30402673) csrrs   a2, mie, zero
core   0: 3 0x0000000080006016 (0x30402673) x12 0x0000000000000a00
core   0: 0x000000008000601a (0x344025f3) csrrs   a1, mip, zero
core   0: 3 0x000000008000601a (0x344025f3) x11 0x0000000000000080
core   0: 0x000000008000601e (0x343025f3) csrrs   a1, mtval, zero
core   0: 3 0x000000008000601e (0x343025f3) x11 0x00000000c025d5f3
core   0: 0x0000000080006022 (0x14302573) csrrs   a0, stval, zero
core   0: 3 0x0000000080006022 (0x14302573) x10 0x0000000000000000
core   0: 0x0000000080006026 (0xb02024f3) csrrs   s1, minstret, zero
core   0: 3 0x0000000080006026 (0xb02024f3) x9  0x00000000000011ef
core   0: 0x000000008000602a (0x0000a811) c.j     pc + 20
core   0: 3 0x000000008000602a (0xa811)
core   0: >>>>  mepc_4
core   0: 0x000000008000603e (0x00000791) c.addi  a5, 4
core   0: 3 0x000000008000603e (0x0791) x15 0x0000000080005e28
core   0: 0x0000000080006040 (0x34179073) csrrw   zero, mepc, a5
core   0: 3 0x0000000080006040 (0x34179073) c833_mepc 0x0000000080005e28
core   0: 0x0000000080006044 (0x30200073) mret
core   0: 3 0x0000000080006044 (0x30200073) c768_mstatus 0x8000000a00106080
core   0: 0x0000000080005e28 (0x00f28a33) add     s4, t0, a5
core   0: 1 0x0000000080005e28 (0x00f28a33) x20 0x000000003e571e28
core   0: 0x0000000080005e2c (0x004a5e3b) srlw    t3, s4, tp
core   0: 1 0x0000000080005e2c (0x004a5e3b) x28 0x000000001f2b8f14
core   0: 0x0000000080005e30 (0x002025f3) csrrs   a1, frm, zero
core   0: 1 0x0000000080005e30 (0x002025f3) x11 0x0000000000000000
core   0: 0x0000000080005e34 (0x036bc33b) divw    t1, s7, s6
core   0: 1 0x0000000080005e34 (0x036bc33b) x6  0xffffffffffffffff
core   0: 0x0000000080005e38 (0x221d09d3) fsgnj.d fs3, fs10, ft1
core   0: 1 0x0000000080005e38 (0x221d09d3) f19 0x7fffffff5f800000
core   0: 0x0000000080005e3c (0x01acd61b) srliw   a2, s9, 26
core   0: 1 0x0000000080005e3c (0x01acd61b) x12 0x0000000000000000
core   0: 0x0000000080005e40 (0x40095013) srai    zero, s2, 0
core   0: 1 0x0000000080005e40 (0x40095013)
core   0: 0x0000000080005e44 (0xc209f453) fcvt.w.d s0, fs3
core   0: 1 0x0000000080005e44 (0xc209f453) c1_fflags 0x0000000000000017 x8  0x000000007fffffff
core   0: 0x0000000080005e48 (0x00998c3b) addw    s8, s3, s1
core   0: 1 0x0000000080005e48 (0x00998c3b) x24 0x00000000000011ef
core   0: 0x0000000080005e4c (0x4023d613) srai    a2, t2, 2
core   0: 1 0x0000000080005e4c (0x4023d613) x12 0x0000000000000000
core   0: 0x0000000080005e50 (0x0003091b) sext.w  s2, t1
core   0: 1 0x0000000080005e50 (0x0003091b) x18 0xffffffffffffffff
core   0: 0x0000000080005e54 (0x00000001) c.nop
core   0: 1 0x0000000080005e54 (0x0001)
core   0: 0x0000000080005e56 (0x418900b3) sub     ra, s2, s8
core   0: 1 0x0000000080005e56 (0x418900b3) x1  0xffffffffffffee10
core   0: 0x0000000080005e5a (0x0ab5f153) fsub.d  ft2, fa1, fa1
core   0: 1 0x0000000080005e5a (0x0ab5f153) f2  0x7ff8000000000000
core   0: 0x0000000080005e5e (0x013a14bb) sllw    s1, s4, s3
core   0: 1 0x0000000080005e5e (0x013a14bb) x9  0x000000003e571e28
core   0: 0x0000000080005e62 (0x0214cd3b) divw    s10, s1, ra
core   0: 1 0x0000000080005e62 (0x0214cd3b) x26 0xfffffffffffc864c
core   0: 0x0000000080005e66 (0x0ff0000f) fence   iorw,iorw
core   0: 1 0x0000000080005e66 (0x0ff0000f)
core   0: 0x0000000080005e6a (0xd03efd53) fcvt.s.lu fs10, t4
core   0: 1 0x0000000080005e6a (0xd03efd53) f26 0xffffffff41e80000
core   0: 0x0000000080005e6e (0x00000001) c.nop
core   0: 1 0x0000000080005e6e (0x0001)
core   0: 0x0000000080005e70 (0x00635d3b) srlw    s10, t1, t1
core   0: 1 0x0000000080005e70 (0x00635d3b) x26 0x0000000000000001
core   0: 0x0000000080005e74 (0x1b617853) fdiv.d  fa6, ft2, fs6
core   0: 1 0x0000000080005e74 (0x1b617853) f16 0x7ff8000000000000
core   0: 0x0000000080005e78 (0xd2078b53) fcvt.d.w fs6, a5
core   0: 1 0x0000000080005e78 (0xd2078b53) f22 0xc1dfffe876000000
core   0: 0x0000000080005e7c (0x0117ebb3) or      s7, a5, a7
core   0: 1 0x0000000080005e7c (0x0117ebb3) x23 0x00000000fcadde28
core   0: 0x0000000080005e80 (0x4f3b8513) addi    a0, s7, 1267
core   0: 1 0x0000000080005e80 (0x4f3b8513) x10 0x00000000fcade31b
core   0: 0x0000000080005e84 (0x03150ab3) mul     s5, a0, a7
core   0: 1 0x0000000080005e84 (0x03150ab3) x21 0x7b0f79da7ecc8000
core   0: 0x0000000080005e88 (0x01550bbb) addw    s7, a0, s5
core   0: 1 0x0000000080005e88 (0x01550bbb) x23 0x000000007b7a631b
core   0: 0x0000000080005e8c (0x001598f3) csrrw   a7, fflags, a1
core   0: 1 0x0000000080005e8c (0x001598f3) x17 0x0000000000000017 c1_fflags 0x0000000000000000
core   0: 0x0000000080005e90 (0x00119e9b) slliw   t4, gp, 1
core   0: 1 0x0000000080005e90 (0x00119e9b) x29 0x0000000000000000
core   0: 0x0000000080005e94 (0x401ed3b3) sra     t2, t4, ra
core   0: 1 0x0000000080005e94 (0x401ed3b3) x7  0x0000000000000000
core   0: 0x0000000080005e98 (0x9b78871b) addiw   a4, a7, -1609
core   0: 1 0x0000000080005e98 (0x9b78871b) x14 0xfffffffffffff9ce
core   0: 0x0000000080005e9c (0xf2088fd3) fmv.d.x ft11, a7
core   0: 1 0x0000000080005e9c (0xf2088fd3) f31 0x0000000000000017
core   0: 0x0000000080005ea0 (0x00000001) c.nop
core   0: 1 0x0000000080005ea0 (0x0001)
core   0: 0x0000000080005ea2 (0xd20c0d53) fcvt.d.w fs10, s8
core   0: 1 0x0000000080005ea2 (0xd20c0d53) f26 0x40b1ef0000000000
core   0: 0x0000000080005ea6 (0x000014ba) c.slli  s1, 46
core   0: 1 0x0000000080005ea6 (0x14ba) x9  0xc78a000000000000
core   0: 0x0000000080005ea8 (0x0276763b) remuw   a2, a2, t2
core   0: 1 0x0000000080005ea8 (0x0276763b) x12 0x0000000000000000
core   0: 0x0000000080005eac (0x0ff0000f) fence   iorw,iorw
core   0: 1 0x0000000080005eac (0x0ff0000f)
core   0: 0x0000000080005eb0 (0x00065d9b) srliw   s11, a2, 0
core   0: 1 0x0000000080005eb0 (0x00065d9b) x27 0x0000000000000000
core   0: 0x0000000080005eb4 (0x00000001) c.nop
core   0: 1 0x0000000080005eb4 (0x0001)
core   0: 0x0000000080005eb6 (0xc023f653) fcvt.l.s a2, ft7
core   0: 1 0x0000000080005eb6 (0xc023f653) c1_fflags 0x0000000000000010 x12 0x7fffffffffffffff
core   0: 0x0000000080005eba (0x3624c213) xori    tp, s1, 866
core   0: 1 0x0000000080005eba (0x3624c213) x4  0xc78a000000000362
core   0: 0x0000000080005ebe (0x73a77247) fmsub.d ft4, fa4, fs10, fa4
core   0: 1 0x0000000080005ebe (0x73a77247) f4  0x7ff8000000000000
core   0: 0x0000000080005ec2 (0xa24a88d3) fle.d   a7, fs5, ft4
core   0: 1 0x0000000080005ec2 (0xa24a88d3) c1_fflags 0x0000000000000010 x17 0x0000000000000000
core   0: 0x0000000080005ec6 (0x5210fa47) fmsub.d fs4, ft1, ft1, fa0
core   0: 1 0x0000000080005ec6 (0x5210fa47) c1_fflags 0x0000000000000011 f20 0x41ad1ae000000001
core   0: 0x0000000080005eca (0x0b30fb47) fmsub.d fs6, ft1, fs3, ft1
core   0: 1 0x0000000080005eca (0x0b30fb47) f22 0x7ff8000000000000
core   0: 0x0000000080005ece (0x4000003b) subw    zero, zero, zero
core   0: 1 0x0000000080005ece (0x4000003b)
core   0: 0x0000000080005ed2 (0xc2127953) fcvt.wu.d s2, ft4
core   0: 1 0x0000000080005ed2 (0xc2127953) c1_fflags 0x0000000000000011 x18 0xffffffffffffffff
core   0: 0x0000000080005ed6 (0x032e6033) rem     zero, t3, s2
core   0: 1 0x0000000080005ed6 (0x032e6033)
core   0: 0x0000000080005eda (0x2b4b1353) fmax.d  ft6, fs6, fs4
core   0: 1 0x0000000080005eda (0x2b4b1353) f6  0x41ad1ae000000001
core   0: 0x0000000080005ede (0xc210f9d3) fcvt.wu.d s3, ft1
core   0: 1 0x0000000080005ede (0xc210f9d3) c1_fflags 0x0000000000000011 x19 0x0000000000003d09
core   0: 0x0000000080005ee2 (0x013d119b) slliw   gp, s10, 19
core   0: 1 0x0000000080005ee2 (0x013d119b) x3  0x0000000000080000
core   0: 0x0000000080005ee6 (0x01ae96b3) sll     a3, t4, s10
core   0: 1 0x0000000080005ee6 (0x01ae96b3) x13 0x0000000000000000
core   0: 0x0000000080005eea (0x0b42fe47) fmsub.d ft8, ft5, fs4, ft1
core   0: 1 0x0000000080005eea (0x0b42fe47) f28 0x7ff8000000000000
core   0: 0x0000000080005eee (0x00344433) xor     s0, s0, gp
core   0: 1 0x0000000080005eee (0x00344433) x8  0x000000007ff7ffff
core   0: 0x0000000080005ef2 (0xbbb77747) fmsub.d fa4, fa4, fs11, fs7
core   0: 1 0x0000000080005ef2 (0xbbb77747) f14 0x7ff8000000000000
core   0: 0x0000000080005ef6 (0x0ff0000f) fence   iorw,iorw
core   0: 1 0x0000000080005ef6 (0x0ff0000f)
core   0: 0x0000000080005efa (0xc238f253) fcvt.lu.d tp, fa7
core   0: 1 0x0000000080005efa (0xc238f253) c1_fflags 0x0000000000000011 x4  0xffffffffffffffff
core   0: 0x0000000080005efe (0x03825993) srli    s3, tp, 56
core   0: 1 0x0000000080005efe (0x03825993) x19 0x00000000000000ff
core   0: 0x0000000080005f02 (0x00f597b3) sll     a5, a1, a5
core   0: 1 0x0000000080005f02 (0x00f597b3) x15 0x0000000000000000
core   0: 0x0000000080005f06 (0x02edff53) fadd.d  ft10, fs11, fa4
core   0: 1 0x0000000080005f06 (0x02edff53) f30 0x7ff8000000000000
core   0: 0x0000000080005f0a (0xc211fe53) fcvt.wu.d t3, ft3
core   0: 1 0x0000000080005f0a (0xc211fe53) x28 0x00000000072dee4c
core   0: 0x0000000080005f0e (0x036dda33) divu    s4, s11, s6
core   0: 1 0x0000000080005f0e (0x036dda33) x20 0xffffffffffffffff
core   0: 0x0000000080005f12 (0x000a519b) srliw   gp, s4, 0
core   0: 1 0x0000000080005f12 (0x000a519b) x3  0xffffffffffffffff
core   0: 0x0000000080005f16 (0x0102121b) slliw   tp, tp, 16
core   0: 1 0x0000000080005f16 (0x0102121b) x4  0xffffffffffff0000
core   0: 0x0000000080005f1a (0xd03bf9d3) fcvt.s.lu fs3, s7
core   0: 1 0x0000000080005f1a (0xd03bf9d3) c1_fflags 0x0000000000000011 f19 0xffffffff4ef6f4c6
core   0: 0x0000000080005f1e (0xd5d5801b) addiw   zero, a1, -675
core   0: 1 0x0000000080005f1e (0xd5d5801b)
core   0: 0x0000000080005f22 (0x0067853b) addw    a0, a5, t1
core   0: 1 0x0000000080005f22 (0x0067853b) x10 0xffffffffffffffff
core   0: 0x0000000080005f26 (0x01018bbb) addw    s7, gp, a6
core   0: 1 0x0000000080005f26 (0x01018bbb) x23 0xffffffffffffffff
core   0: 0x0000000080005f2a (0x223d1b53) fsgnjn.d fs6, fs10, ft3
core   0: 1 0x0000000080005f2a (0x223d1b53) f22 0xc0b1ef0000000000
core   0: 0x0000000080005f2e (0x2bdb0353) fmin.d  ft6, fs6, ft9
core   0: 1 0x0000000080005f2e (0x2bdb0353) f6  0xc0b1ef0000000000
core   0: 0x0000000080005f32 (0xc22477d3) fcvt.l.d a5, fs0
core   0: 1 0x0000000080005f32 (0xc22477d3) c1_fflags 0x0000000000000011 x15 0x7fffffffffffffff
core   0: 0x0000000080005f36 (0x33a6fd47) fmsub.d fs10, fa3, fs10, ft6
core   0: 1 0x0000000080005f36 (0x33a6fd47) f26 0x40f9c79000000000
core   0: 0x0000000080005f3a (0x40a85c93) srai    s9, a6, 10
core   0: 1 0x0000000080005f3a (0x40a85c93) x25 0x0000000000000000
core   0: 0x0000000080005f3e (0x230c8ed3) fsgnj.d ft9, fs9, fa6
core   0: 1 0x0000000080005f3e (0x230c8ed3) f29 0x7ff8000000000000
core   0: 0x0000000080005f42 (0x01283937) lui     s2, 0x1283
core   0: 1 0x0000000080005f42 (0x01283937) x18 0x0000000001283000
core   0: 0x0000000080005f46 (0x45d9091b) addiw   s2, s2, 1117
core   0: 1 0x0000000080005f46 (0x45d9091b) x18 0x000000000128345d
core   0: 0x0000000080005f4a (0x00000932) c.slli  s2, 12
core   0: 1 0x0000000080005f4a (0x0932) x18 0x000000128345d000
core   0: 0x0000000080005f4c (0xccf90913) addi    s2, s2, -817
core   0: 1 0x0000000080005f4c (0xccf90913) x18 0x000000128345cccf
core   0: 0x0000000080005f50 (0x0ba77353) fsub.d  ft6, fa4, fs10
core   0: 1 0x0000000080005f50 (0x0ba77353) f6  0x7ff8000000000000
core   0: 0x0000000080005f54 (0x03cb0e3b) mulw    t3, s6, t3
core   0: 1 0x0000000080005f54 (0x03cb0e3b) x28 0x0000000000000000
core   0: 0x0000000080005f58 (0x24182e17) auipc   t3, 0x24182
core   0: 1 0x0000000080005f58 (0x24182e17) x28 0x00000000a4187f58
core   0: 0x0000000080005f5c (0x016d9db3) sll     s11, s11, s6
core   0: 1 0x0000000080005f5c (0x016d9db3) x27 0x0000000000000000
core   0: 0x0000000080005f60 (0x001022f3) csrrs   t0, fflags, zero
core   0: 1 0x0000000080005f60 (0x001022f3) x5  0x0000000000000011
core   0: 0x0000000080005f64 (0x022ee23b) remw    tp, t4, sp
core   0: 1 0x0000000080005f64 (0x022ee23b) x4  0x0000000000000000
core   0: 0x0000000080005f68 (0x002022f3) csrrs   t0, frm, zero
core   0: 1 0x0000000080005f68 (0x002022f3) x5  0x0000000000000000
core   0: 0x0000000080005f6c (0x031b6b3b) remw    s6, s6, a7
core   0: 1 0x0000000080005f6c (0x031b6b3b) x22 0x0000000000000000
core   0: 0x0000000080005f70 (0x03f2db93) srli    s7, t0, 63
core   0: 1 0x0000000080005f70 (0x03f2db93) x23 0x0000000000000000
core   0: 0x0000000080005f74 (0x03b1c1bb) divw    gp, gp, s11
core   0: 1 0x0000000080005f74 (0x03b1c1bb) x3  0xffffffffffffffff
core   0: 0x0000000080005f78 (0xc038f253) fcvt.lu.s tp, fa7
core   0: 1 0x0000000080005f78 (0xc038f253) c1_fflags 0x0000000000000011 x4  0xffffffffffffffff
core   0: 0x0000000080005f7c (0x401ef1d3) fcvt.s.d ft3, ft9
core   0: 1 0x0000000080005f7c (0x401ef1d3) f3  0xffffffff7fc00000
core   0: 0x0000000080005f80 (0x00b00b3b) addw    s6, zero, a1
core   0: 1 0x0000000080005f80 (0x00b00b3b) x22 0x0000000000000000
core   0: 0x0000000080005f84 (0x0076e733) or      a4, a3, t2
core   0: 1 0x0000000080005f84 (0x0076e733) x14 0x0000000000000000
core   0: 0x0000000080005f88 (0x42018d53) fcvt.d.s fs10, ft3
core   0: 1 0x0000000080005f88 (0x42018d53) f26 0x7ff8000000000000
core   0: 0x0000000080005f8c (0x420e8b53) fcvt.d.s fs6, ft9
core   0: 1 0x0000000080005f8c (0x420e8b53) f22 0x7ff8000000000000
core   0: 0x0000000080005f90 (0x000bf033) and     zero, s7, zero
core   0: 1 0x0000000080005f90 (0x000bf033)
core   0: 0x0000000080005f94 (0x03e05593) srli    a1, zero, 62
core   0: 1 0x0000000080005f94 (0x03e05593) x11 0x0000000000000000
core   0: 0x0000000080005f98 (0xc023f253) fcvt.l.s tp, ft7
core   0: 1 0x0000000080005f98 (0xc023f253) c1_fflags 0x0000000000000011 x4  0x7fffffffffffffff
core   0: 0x0000000080005f9c (0xd2480c9b) addiw   s9, a6, -732
core   0: 1 0x0000000080005f9c (0xd2480c9b) x25 0xfffffffffffffd24
core   0: 0x0000000080005fa0 (0x0b997053) fsub.d  ft0, fs2, fs9
core   0: 1 0x0000000080005fa0 (0x0b997053) f0  0x7ff8000000000000
core   0: 0x0000000080005fa4 (0x02a5c3b3) div     t2, a1, a0
core   0: 1 0x0000000080005fa4 (0x02a5c3b3) x7  0x0000000000000000
core   0: 0x0000000080005fa8 (0x2461819b) addiw   gp, gp, 582
core   0: 1 0x0000000080005fa8 (0x2461819b) x3  0x0000000000000245
core   0: 0x0000000080005fac (0x01c7863b) addw    a2, a5, t3
core   0: 1 0x0000000080005fac (0x01c7863b) x12 0xffffffffa4187f57
core   0: 0x0000000080005fb0 (0x02203bb7) lui     s7, 0x2203
core   0: 1 0x0000000080005fb0 (0x02203bb7) x23 0x0000000002203000
core   0: 0x0000000080005fb4 (0xcffb8b9b) addiw   s7, s7, -769
core   0: 1 0x0000000080005fb4 (0xcffb8b9b) x23 0x0000000002202cff
core   0: 0x0000000080005fb8 (0x00000bb2) c.slli  s7, 12
core   0: 1 0x0000000080005fb8 (0x0bb2) x23 0x0000002202cff000
core   0: 0x0000000080005fba (0xf36b8b93) addi    s7, s7, -202
core   0: 1 0x0000000080005fba (0xf36b8b93) x23 0x0000002202cfef36
core   0: 0x0000000080005fbe (0x1dd07013) andi    zero, zero, 477
core   0: 1 0x0000000080005fbe (0x1dd07013)
core   0: 0x0000000080005fc2 (0x7343fa4f) fnmadd.d fs4, ft7, fs4, fa4
core   0: 1 0x0000000080005fc2 (0x7343fa4f) f20 0x7ff8000000000000
core   0: 0x0000000080005fc6 (0xd23efe53) fcvt.d.lu ft8, t4
core   0: 1 0x0000000080005fc6 (0xd23efe53) f28 0x0000000000000000
core   0: 0x0000000080005fca (0x00642537) lui     a0, 0x642
core   0: 1 0x0000000080005fca (0x00642537) x10 0x0000000000642000
core   0: 0x0000000080005fce (0x2ff5051b) addiw   a0, a0, 767
core   0: 1 0x0000000080005fce (0x2ff5051b) x10 0x00000000006422ff
core   0: 0x0000000080005fd2 (0x0000053e) c.slli  a0, 15
core   0: 1 0x0000000080005fd2 (0x053e) x10 0x00000032117f8000
core   0: 0x0000000080005fd4 (0x49d50513) addi    a0, a0, 1181
core   0: 1 0x0000000080005fd4 (0x49d50513) x10 0x00000032117f849d
core   0: 0x0000000080005fd8 (0x0ff0000f) fence   iorw,iorw
core   0: 1 0x0000000080005fd8 (0x0ff0000f)
core   0: 0x0000000080005fdc (0x420d87d3) fcvt.d.s fa5, fs11
core   0: 1 0x0000000080005fdc (0x420d87d3) f15 0x7ff8000000000000
core   0: 0x0000000080005fe0 (0x0189f833) and     a6, s3, s8
core   0: 1 0x0000000080005fe0 (0x0189f833) x16 0x00000000000000ef
core   0: 0x0000000080005fe4 (0x01f6561b) srliw   a2, a2, 31
core   0: 1 0x0000000080005fe4 (0x01f6561b) x12 0x0000000000000001
core   0: 0x0000000080005fe8 (0x23cc7c43) fmadd.d fs8, fs8, ft8, ft4
core   0: 1 0x0000000080005fe8 (0x23cc7c43) f24 0x7ff8000000000000
core   0: 0x0000000080005fec (0x038985b3) mul     a1, s3, s8
core   0: 1 0x0000000080005fec (0x038985b3) x11 0x000000000011dd11
core   0: 0x0000000080005ff0 (0x0003541b) srliw   s0, t1, 0
core   0: 1 0x0000000080005ff0 (0x0003541b) x8  0xffffffffffffffff
core   0: 0x0000000080005ff4 (0x00031d93) slli    s11, t1, 0
core   0: 1 0x0000000080005ff4 (0x00031d93) x27 0xffffffffffffffff
core   0: 0x0000000080005ff8 (0x416b58b3) sra     a7, s6, s6
core   0: 1 0x0000000080005ff8 (0x416b58b3) x17 0x0000000000000000
core   0: 0x0000000080005ffc (0x03f65b93) srli    s7, a2, 63
core   0: 1 0x0000000080005ffc (0x03f65b93) x23 0x0000000000000000
core   0: 0x0000000080006000 (0x40455113) srai    sp, a0, 4
core   0: 1 0x0000000080006000 (0x40455113) x2  0x000000032117f849
core   0: >>>>  write_tohost
core   0: 0x0000000080006004 (0x9e0fa0ef) jal     pc - 0x5e20
core   0: 1 0x0000000080006004 (0x9e0fa0ef) x1  0x0000000080006008
core   0: >>>>  _exit
core   0: 0x00000000800001e4 (0x00004505) c.li    a0, 1
core   0: 1 0x00000000800001e4 (0x4505) x10 0x0000000000000001
core   0: 0x00000000800001e6 (0x00001f17) auipc   t5, 0x1
core   0: 1 0x00000000800001e6 (0x00001f17) x30 0x00000000800011e6
core   0: 0x00000000800001ea (0xe0af2d23) sw      a0, -486(t5)
core   0: 1 0x00000000800001ea (0xe0af2d23) mem 0x0000000080001000 0x00000001
cp /home/server/RISCV/cva6/verif/sim/out/seed_245/spike_sim/new_seeds_245_.cv64a6_imafdc_sv39.log.iss /home/server/RISCV/cva6/verif/sim/out/seed_245/spike_sim/new_seeds_245_.cv64a6_imafdc_sv39.log
